<?xml version="1.0" encoding="UTF-8"?>
<testsuite xmlns:xsi="http://www.w3.org/2001/XMLSchema-instance" xsi:noNamespaceSchemaLocation="https://maven.apache.org/surefire/maven-surefire-plugin/xsd/surefire-test-report.xsd" name="org.apache.hadoop.ozone.freon.TestRandomKeyGenerator" time="121.069" tests="5" errors="1" skipped="0" failures="0">
  <properties>
    <property name="awt.toolkit" value="sun.awt.X11.XToolkit"/>
    <property name="file.encoding.pkg" value="sun.io"/>
    <property name="java.specification.version" value="1.8"/>
    <property name="sun.cpu.isalist" value=""/>
    <property name="sun.jnu.encoding" value="UTF-8"/>
    <property name="java.class.path" value="/tmp/workdir/hadoop-ozone/tools/target/test-classes:/tmp/workdir/hadoop-ozone/tools/target/classes:/tmp/workdir/hadoop-ozone/ozone-manager/target/classes:/tmp/workdir/hadoop-hdds/docs/target/classes:/home/user/.m2/repository/org/bouncycastle/bcprov-jdk15on/1.60/bcprov-jdk15on-1.60.jar:/tmp/workdir/hadoop-ozone/common/target/classes:/home/user/.m2/repository/org/apache/commons/commons-compress/1.4.1/commons-compress-1.4.1.jar:/home/user/.m2/repository/org/tukaani/xz/1.0/xz-1.0.jar:/home/user/.m2/repository/org/apache/hadoop/hadoop-hdfs-client/3.2.0/hadoop-hdfs-client-3.2.0.jar:/home/user/.m2/repository/com/fasterxml/jackson/core/jackson-annotations/2.9.5/jackson-annotations-2.9.5.jar:/tmp/workdir/hadoop-hdds/common/target/classes:/tmp/workdir/hadoop-hdds/config/target/classes:/home/user/.m2/repository/javax/annotation/javax.annotation-api/1.2/javax.annotation-api-1.2.jar:/home/user/.m2/repository/org/apache/ratis/ratis-server/0.4.0-2337318-SNAPSHOT/ratis-server-0.4.0-2337318-SNAPSHOT.jar:/home/user/.m2/repository/org/apache/ratis/ratis-thirdparty-misc/0.2.0/ratis-thirdparty-misc-0.2.0.jar:/home/user/.m2/repository/org/apache/ratis/ratis-proto/0.4.0-2337318-SNAPSHOT/ratis-proto-0.4.0-2337318-SNAPSHOT.jar:/home/user/.m2/repository/org/apache/ratis/ratis-common/0.4.0-2337318-SNAPSHOT/ratis-common-0.4.0-2337318-SNAPSHOT.jar:/home/user/.m2/repository/org/apache/ratis/ratis-client/0.4.0-2337318-SNAPSHOT/ratis-client-0.4.0-2337318-SNAPSHOT.jar:/home/user/.m2/repository/org/apache/ratis/ratis-metrics/0.4.0-2337318-SNAPSHOT/ratis-metrics-0.4.0-2337318-SNAPSHOT.jar:/home/user/.m2/repository/org/apache/ratis/ratis-netty/0.4.0-2337318-SNAPSHOT/ratis-netty-0.4.0-2337318-SNAPSHOT.jar:/home/user/.m2/repository/org/apache/ratis/ratis-grpc/0.4.0-2337318-SNAPSHOT/ratis-grpc-0.4.0-2337318-SNAPSHOT.jar:/home/user/.m2/repository/org/rocksdb/rocksdbjni/6.0.1/rocksdbjni-6.0.1.jar:/home/user/.m2/repository/org/apache/logging/log4j/log4j-api/2.11.0/log4j-api-2.11.0.jar:/home/user/.m2/repository/org/apache/logging/log4j/log4j-core/2.11.0/log4j-core-2.11.0.jar:/home/user/.m2/repository/com/lmax/disruptor/3.4.2/disruptor-3.4.2.jar:/home/user/.m2/repository/org/apache/commons/commons-pool2/2.6.0/commons-pool2-2.6.0.jar:/home/user/.m2/repository/org/bouncycastle/bcpkix-jdk15on/1.60/bcpkix-jdk15on-1.60.jar:/home/user/.m2/repository/commons-validator/commons-validator/1.6/commons-validator-1.6.jar:/home/user/.m2/repository/commons-digester/commons-digester/1.8.1/commons-digester-1.8.1.jar:/home/user/.m2/repository/io/jaegertracing/jaeger-client/0.33.1/jaeger-client-0.33.1.jar:/home/user/.m2/repository/io/jaegertracing/jaeger-thrift/0.33.1/jaeger-thrift-0.33.1.jar:/home/user/.m2/repository/org/apache/thrift/libthrift/0.11.0/libthrift-0.11.0.jar:/home/user/.m2/repository/com/squareup/okhttp3/okhttp/3.9.0/okhttp-3.9.0.jar:/home/user/.m2/repository/com/squareup/okio/okio/1.13.0/okio-1.13.0.jar:/home/user/.m2/repository/io/jaegertracing/jaeger-core/0.33.1/jaeger-core-0.33.1.jar:/home/user/.m2/repository/io/jaegertracing/jaeger-tracerresolver/0.33.1/jaeger-tracerresolver-0.33.1.jar:/home/user/.m2/repository/io/opentracing/contrib/opentracing-tracerresolver/0.1.5/opentracing-tracerresolver-0.1.5.jar:/home/user/.m2/repository/io/opentracing/opentracing-util/0.31.0/opentracing-util-0.31.0.jar:/home/user/.m2/repository/io/opentracing/opentracing-api/0.31.0/opentracing-api-0.31.0.jar:/home/user/.m2/repository/io/opentracing/opentracing-noop/0.31.0/opentracing-noop-0.31.0.jar:/home/user/.m2/repository/org/yaml/snakeyaml/1.16/snakeyaml-1.16.jar:/tmp/workdir/hadoop-hdds/container-service/target/classes:/tmp/workdir/hadoop-hdds/client/target/classes:/tmp/workdir/hadoop-hdds/tools/target/classes:/home/user/.m2/repository/org/xerial/sqlite-jdbc/3.25.2/sqlite-jdbc-3.25.2.jar:/tmp/workdir/hadoop-hdds/server-scm/target/classes:/home/user/.m2/repository/org/hamcrest/hamcrest-all/1.3/hamcrest-all-1.3.jar:/home/user/.m2/repository/info/picocli/picocli/3.9.6/picocli-3.9.6.jar:/home/user/.m2/repository/com/google/protobuf/protobuf-java/2.5.0/protobuf-java-2.5.0.jar:/home/user/.m2/repository/com/google/guava/guava/11.0.2/guava-11.0.2.jar:/tmp/workdir/hadoop-ozone/client/target/classes:/home/user/.m2/repository/org/apache/hadoop/hadoop-ozone-filesystem/0.5.0-SNAPSHOT/hadoop-ozone-filesystem-0.5.0-SNAPSHOT.jar:/tmp/workdir/hadoop-hdds/framework/target/classes:/home/user/.m2/repository/org/apache/hadoop/hadoop-common/3.2.0/hadoop-common-3.2.0.jar:/home/user/.m2/repository/org/apache/hadoop/hadoop-annotations/3.2.0/hadoop-annotations-3.2.0.jar:/usr/lib/jvm/java-1.8-openjdk/jre/../lib/tools.jar:/home/user/.m2/repository/commons-cli/commons-cli/1.2/commons-cli-1.2.jar:/home/user/.m2/repository/org/apache/commons/commons-math3/3.1.1/commons-math3-3.1.1.jar:/home/user/.m2/repository/org/apache/httpcomponents/httpclient/4.5.2/httpclient-4.5.2.jar:/home/user/.m2/repository/org/apache/httpcomponents/httpcore/4.4.4/httpcore-4.4.4.jar:/home/user/.m2/repository/commons-codec/commons-codec/1.11/commons-codec-1.11.jar:/home/user/.m2/repository/commons-io/commons-io/2.5/commons-io-2.5.jar:/home/user/.m2/repository/commons-net/commons-net/3.6/commons-net-3.6.jar:/home/user/.m2/repository/commons-collections/commons-collections/3.2.2/commons-collections-3.2.2.jar:/home/user/.m2/repository/javax/servlet/javax.servlet-api/3.1.0/javax.servlet-api-3.1.0.jar:/home/user/.m2/repository/org/eclipse/jetty/jetty-server/9.3.24.v20180605/jetty-server-9.3.24.v20180605.jar:/home/user/.m2/repository/org/eclipse/jetty/jetty-http/9.3.24.v20180605/jetty-http-9.3.24.v20180605.jar:/home/user/.m2/repository/org/eclipse/jetty/jetty-io/9.3.24.v20180605/jetty-io-9.3.24.v20180605.jar:/home/user/.m2/repository/org/eclipse/jetty/jetty-util/9.3.24.v20180605/jetty-util-9.3.24.v20180605.jar:/home/user/.m2/repository/org/eclipse/jetty/jetty-servlet/9.3.24.v20180605/jetty-servlet-9.3.24.v20180605.jar:/home/user/.m2/repository/org/eclipse/jetty/jetty-security/9.3.24.v20180605/jetty-security-9.3.24.v20180605.jar:/home/user/.m2/repository/org/eclipse/jetty/jetty-webapp/9.3.24.v20180605/jetty-webapp-9.3.24.v20180605.jar:/home/user/.m2/repository/org/eclipse/jetty/jetty-xml/9.3.24.v20180605/jetty-xml-9.3.24.v20180605.jar:/home/user/.m2/repository/javax/servlet/jsp/jsp-api/2.1/jsp-api-2.1.jar:/home/user/.m2/repository/com/sun/jersey/jersey-core/1.19/jersey-core-1.19.jar:/home/user/.m2/repository/javax/ws/rs/jsr311-api/1.1.1/jsr311-api-1.1.1.jar:/home/user/.m2/repository/com/sun/jersey/jersey-servlet/1.19/jersey-servlet-1.19.jar:/home/user/.m2/repository/com/sun/jersey/jersey-json/1.19/jersey-json-1.19.jar:/home/user/.m2/repository/org/codehaus/jettison/jettison/1.1/jettison-1.1.jar:/home/user/.m2/repository/com/sun/xml/bind/jaxb-impl/2.3.0.1/jaxb-impl-2.3.0.1.jar:/home/user/.m2/repository/org/codehaus/jackson/jackson-core-asl/1.9.13/jackson-core-asl-1.9.13.jar:/home/user/.m2/repository/org/codehaus/jackson/jackson-mapper-asl/1.9.13/jackson-mapper-asl-1.9.13.jar:/home/user/.m2/repository/org/codehaus/jackson/jackson-jaxrs/1.9.13/jackson-jaxrs-1.9.13.jar:/home/user/.m2/repository/org/codehaus/jackson/jackson-xc/1.9.13/jackson-xc-1.9.13.jar:/home/user/.m2/repository/com/sun/jersey/jersey-server/1.19/jersey-server-1.19.jar:/home/user/.m2/repository/commons-logging/commons-logging/1.1.3/commons-logging-1.1.3.jar:/home/user/.m2/repository/log4j/log4j/1.2.17/log4j-1.2.17.jar:/home/user/.m2/repository/commons-beanutils/commons-beanutils/1.9.3/commons-beanutils-1.9.3.jar:/home/user/.m2/repository/org/apache/commons/commons-configuration2/2.1.1/commons-configuration2-2.1.1.jar:/home/user/.m2/repository/org/apache/commons/commons-lang3/3.7/commons-lang3-3.7.jar:/home/user/.m2/repository/org/apache/commons/commons-text/1.4/commons-text-1.4.jar:/home/user/.m2/repository/org/slf4j/slf4j-api/1.7.25/slf4j-api-1.7.25.jar:/home/user/.m2/repository/org/slf4j/slf4j-log4j12/1.7.25/slf4j-log4j12-1.7.25.jar:/home/user/.m2/repository/org/apache/avro/avro/1.7.7/avro-1.7.7.jar:/home/user/.m2/repository/com/thoughtworks/paranamer/paranamer/2.3/paranamer-2.3.jar:/home/user/.m2/repository/org/xerial/snappy/snappy-java/1.0.5/snappy-java-1.0.5.jar:/home/user/.m2/repository/com/google/re2j/re2j/1.1/re2j-1.1.jar:/home/user/.m2/repository/com/google/code/gson/gson/2.2.4/gson-2.2.4.jar:/home/user/.m2/repository/org/apache/hadoop/hadoop-auth/3.2.0/hadoop-auth-3.2.0.jar:/home/user/.m2/repository/com/nimbusds/nimbus-jose-jwt/4.41.1/nimbus-jose-jwt-4.41.1.jar:/home/user/.m2/repository/com/github/stephenc/jcip/jcip-annotations/1.0-1/jcip-annotations-1.0-1.jar:/home/user/.m2/repository/net/minidev/json-smart/2.3/json-smart-2.3.jar:/home/user/.m2/repository/net/minidev/accessors-smart/1.2/accessors-smart-1.2.jar:/home/user/.m2/repository/org/apache/curator/curator-framework/2.12.0/curator-framework-2.12.0.jar:/home/user/.m2/repository/com/jcraft/jsch/0.1.54/jsch-0.1.54.jar:/home/user/.m2/repository/org/apache/curator/curator-client/2.12.0/curator-client-2.12.0.jar:/home/user/.m2/repository/org/apache/curator/curator-recipes/2.12.0/curator-recipes-2.12.0.jar:/home/user/.m2/repository/com/google/code/findbugs/jsr305/3.0.0/jsr305-3.0.0.jar:/home/user/.m2/repository/org/apache/htrace/htrace-core4/4.1.0-incubating/htrace-core4-4.1.0-incubating.jar:/home/user/.m2/repository/org/apache/zookeeper/zookeeper/3.4.13/zookeeper-3.4.13.jar:/home/user/.m2/repository/org/apache/yetus/audience-annotations/0.5.0/audience-annotations-0.5.0.jar:/home/user/.m2/repository/org/apache/kerby/kerb-simplekdc/1.0.1/kerb-simplekdc-1.0.1.jar:/home/user/.m2/repository/org/apache/kerby/kerb-client/1.0.1/kerb-client-1.0.1.jar:/home/user/.m2/repository/org/apache/kerby/kerby-config/1.0.1/kerby-config-1.0.1.jar:/home/user/.m2/repository/org/apache/kerby/kerb-core/1.0.1/kerb-core-1.0.1.jar:/home/user/.m2/repository/org/apache/kerby/kerby-pkix/1.0.1/kerby-pkix-1.0.1.jar:/home/user/.m2/repository/org/apache/kerby/kerby-asn1/1.0.1/kerby-asn1-1.0.1.jar:/home/user/.m2/repository/org/apache/kerby/kerby-util/1.0.1/kerby-util-1.0.1.jar:/home/user/.m2/repository/org/apache/kerby/kerb-common/1.0.1/kerb-common-1.0.1.jar:/home/user/.m2/repository/org/apache/kerby/kerb-crypto/1.0.1/kerb-crypto-1.0.1.jar:/home/user/.m2/repository/org/apache/kerby/kerb-util/1.0.1/kerb-util-1.0.1.jar:/home/user/.m2/repository/org/apache/kerby/token-provider/1.0.1/token-provider-1.0.1.jar:/home/user/.m2/repository/org/apache/kerby/kerb-admin/1.0.1/kerb-admin-1.0.1.jar:/home/user/.m2/repository/org/apache/kerby/kerb-server/1.0.1/kerb-server-1.0.1.jar:/home/user/.m2/repository/org/apache/kerby/kerb-identity/1.0.1/kerb-identity-1.0.1.jar:/home/user/.m2/repository/org/apache/kerby/kerby-xdr/1.0.1/kerby-xdr-1.0.1.jar:/home/user/.m2/repository/com/fasterxml/jackson/core/jackson-databind/2.9.5/jackson-databind-2.9.5.jar:/home/user/.m2/repository/com/fasterxml/jackson/core/jackson-core/2.9.5/jackson-core-2.9.5.jar:/home/user/.m2/repository/org/codehaus/woodstox/stax2-api/3.1.4/stax2-api-3.1.4.jar:/home/user/.m2/repository/com/fasterxml/woodstox/woodstox-core/5.0.3/woodstox-core-5.0.3.jar:/home/user/.m2/repository/dnsjava/dnsjava/2.1.7/dnsjava-2.1.7.jar:/home/user/.m2/repository/org/apache/hadoop/hadoop-hdfs/3.2.0/hadoop-hdfs-3.2.0.jar:/home/user/.m2/repository/org/eclipse/jetty/jetty-util-ajax/9.3.24.v20180605/jetty-util-ajax-9.3.24.v20180605.jar:/home/user/.m2/repository/commons-daemon/commons-daemon/1.0.13/commons-daemon-1.0.13.jar:/home/user/.m2/repository/io/netty/netty/3.10.5.Final/netty-3.10.5.Final.jar:/home/user/.m2/repository/io/netty/netty-all/4.0.52.Final/netty-all-4.0.52.Final.jar:/home/user/.m2/repository/org/fusesource/leveldbjni/leveldbjni-all/1.8/leveldbjni-all-1.8.jar:/home/user/.m2/repository/com/sun/xml/bind/jaxb-core/2.3.0.1/jaxb-core-2.3.0.1.jar:/home/user/.m2/repository/javax/xml/bind/jaxb-api/2.3.0/jaxb-api-2.3.0.jar:/home/user/.m2/repository/javax/activation/activation/1.1.1/activation-1.1.1.jar:/home/user/.m2/repository/io/dropwizard/metrics/metrics-core/3.2.4/metrics-core-3.2.4.jar:/home/user/.m2/repository/org/openjdk/jmh/jmh-core/1.19/jmh-core-1.19.jar:/home/user/.m2/repository/net/sf/jopt-simple/jopt-simple/4.6/jopt-simple-4.6.jar:/home/user/.m2/repository/org/openjdk/jmh/jmh-generator-annprocess/1.19/jmh-generator-annprocess-1.19.jar:/home/user/.m2/repository/com/google/code/findbugs/findbugs/3.0.1/findbugs-3.0.1.jar:/home/user/.m2/repository/net/jcip/jcip-annotations/1.0/jcip-annotations-1.0.jar:/home/user/.m2/repository/com/google/code/findbugs/bcel-findbugs/6.0/bcel-findbugs-6.0.jar:/home/user/.m2/repository/com/google/code/findbugs/jFormatString/2.0.1/jFormatString-2.0.1.jar:/home/user/.m2/repository/dom4j/dom4j/1.6.1/dom4j-1.6.1.jar:/home/user/.m2/repository/xml-apis/xml-apis/1.0.b2/xml-apis-1.0.b2.jar:/home/user/.m2/repository/org/ow2/asm/asm-debug-all/5.0.2/asm-debug-all-5.0.2.jar:/home/user/.m2/repository/org/ow2/asm/asm-commons/5.0.2/asm-commons-5.0.2.jar:/home/user/.m2/repository/org/ow2/asm/asm-tree/5.0.2/asm-tree-5.0.2.jar:/home/user/.m2/repository/org/ow2/asm/asm/5.0.4/asm-5.0.4.jar:/home/user/.m2/repository/commons-lang/commons-lang/2.6/commons-lang-2.6.jar:/home/user/.m2/repository/com/apple/AppleJavaExtensions/1.4/AppleJavaExtensions-1.4.jar:/home/user/.m2/repository/jaxen/jaxen/1.1.6/jaxen-1.1.6.jar:/home/user/.m2/repository/junit/junit/4.11/junit-4.11.jar:/home/user/.m2/repository/org/hamcrest/hamcrest-core/1.3/hamcrest-core-1.3.jar:/home/user/.m2/repository/org/apache/hadoop/hadoop-common/3.2.0/hadoop-common-3.2.0-tests.jar:/home/user/.m2/repository/org/apache/hadoop/hadoop-ozone-integration-test/0.5.0-SNAPSHOT/hadoop-ozone-integration-test-0.5.0-SNAPSHOT-tests.jar:/tmp/workdir/hadoop-ozone/objectstore-service/target/classes:/tmp/workdir/hadoop-ozone/s3gateway/target/classes:/home/user/.m2/repository/org/jboss/weld/servlet/weld-servlet/2.4.7.Final/weld-servlet-2.4.7.Final.jar:/home/user/.m2/repository/org/glassfish/jersey/containers/jersey-container-servlet-core/2.27/jersey-container-servlet-core-2.27.jar:/home/user/.m2/repository/org/glassfish/hk2/external/javax.inject/2.5.0-b42/javax.inject-2.5.0-b42.jar:/home/user/.m2/repository/org/glassfish/jersey/core/jersey-common/2.27/jersey-common-2.27.jar:/home/user/.m2/repository/org/glassfish/hk2/osgi-resource-locator/1.0.1/osgi-resource-locator-1.0.1.jar:/home/user/.m2/repository/javax/ws/rs/javax.ws.rs-api/2.1/javax.ws.rs-api-2.1.jar:/home/user/.m2/repository/org/glassfish/jersey/ext/cdi/jersey-cdi1x/2.27/jersey-cdi1x-2.27.jar:/home/user/.m2/repository/org/glassfish/jersey/inject/jersey-hk2/2.27/jersey-hk2-2.27.jar:/home/user/.m2/repository/org/glassfish/hk2/hk2-locator/2.5.0-b42/hk2-locator-2.5.0-b42.jar:/home/user/.m2/repository/org/javassist/javassist/3.22.0-CR2/javassist-3.22.0-CR2.jar:/home/user/.m2/repository/org/glassfish/hk2/hk2-api/2.5.0/hk2-api-2.5.0.jar:/home/user/.m2/repository/org/glassfish/hk2/external/jakarta.inject/2.5.0/jakarta.inject-2.5.0.jar:/home/user/.m2/repository/org/glassfish/hk2/hk2-utils/2.5.0/hk2-utils-2.5.0.jar:/home/user/.m2/repository/jakarta/annotation/jakarta.annotation-api/1.3.4/jakarta.annotation-api-1.3.4.jar:/home/user/.m2/repository/org/glassfish/hk2/external/aopalliance-repackaged/2.5.0/aopalliance-repackaged-2.5.0.jar:/home/user/.m2/repository/com/fasterxml/jackson/dataformat/jackson-dataformat-xml/2.9.0/jackson-dataformat-xml-2.9.0.jar:/home/user/.m2/repository/com/fasterxml/jackson/module/jackson-module-jaxb-annotations/2.9.5/jackson-module-jaxb-annotations-2.9.5.jar:/home/user/.m2/repository/javax/enterprise/cdi-api/1.2/cdi-api-1.2.jar:/home/user/.m2/repository/javax/el/javax.el-api/3.0.0/javax.el-api-3.0.0.jar:/home/user/.m2/repository/javax/interceptor/javax.interceptor-api/1.2/javax.interceptor-api-1.2.jar:/home/user/.m2/repository/javax/inject/javax.inject/1/javax.inject-1.jar:/tmp/workdir/hadoop-ozone/csi/target/classes:/home/user/.m2/repository/com/google/protobuf/protobuf-java-util/3.5.1/protobuf-java-util-3.5.1.jar:/home/user/.m2/repository/io/grpc/grpc-netty/1.17.1/grpc-netty-1.17.1.jar:/home/user/.m2/repository/io/grpc/grpc-core/1.17.1/grpc-core-1.17.1.jar:/home/user/.m2/repository/io/grpc/grpc-context/1.17.1/grpc-context-1.17.1.jar:/home/user/.m2/repository/com/google/errorprone/error_prone_annotations/2.2.0/error_prone_annotations-2.2.0.jar:/home/user/.m2/repository/org/codehaus/mojo/animal-sniffer-annotations/1.17/animal-sniffer-annotations-1.17.jar:/home/user/.m2/repository/io/opencensus/opencensus-api/0.17.0/opencensus-api-0.17.0.jar:/home/user/.m2/repository/io/opencensus/opencensus-contrib-grpc-metrics/0.17.0/opencensus-contrib-grpc-metrics-0.17.0.jar:/home/user/.m2/repository/io/netty/netty-codec-http2/4.1.30.Final/netty-codec-http2-4.1.30.Final.jar:/home/user/.m2/repository/io/netty/netty-codec-http/4.1.30.Final/netty-codec-http-4.1.30.Final.jar:/home/user/.m2/repository/io/netty/netty-codec/4.1.30.Final/netty-codec-4.1.30.Final.jar:/home/user/.m2/repository/io/netty/netty-handler/4.1.30.Final/netty-handler-4.1.30.Final.jar:/home/user/.m2/repository/io/netty/netty-handler-proxy/4.1.30.Final/netty-handler-proxy-4.1.30.Final.jar:/home/user/.m2/repository/io/netty/netty-codec-socks/4.1.30.Final/netty-codec-socks-4.1.30.Final.jar:/home/user/.m2/repository/io/netty/netty-transport-native-epoll/4.1.30.Final/netty-transport-native-epoll-4.1.30.Final.jar:/home/user/.m2/repository/io/netty/netty-common/4.1.30.Final/netty-common-4.1.30.Final.jar:/home/user/.m2/repository/io/netty/netty-buffer/4.1.30.Final/netty-buffer-4.1.30.Final.jar:/home/user/.m2/repository/io/netty/netty-transport/4.1.30.Final/netty-transport-4.1.30.Final.jar:/home/user/.m2/repository/io/netty/netty-resolver/4.1.30.Final/netty-resolver-4.1.30.Final.jar:/home/user/.m2/repository/io/netty/netty-transport-native-unix-common/4.1.30.Final/netty-transport-native-unix-common-4.1.30.Final.jar:/home/user/.m2/repository/io/grpc/grpc-protobuf/1.17.1/grpc-protobuf-1.17.1.jar:/home/user/.m2/repository/com/google/api/grpc/proto-google-common-protos/1.0.0/proto-google-common-protos-1.0.0.jar:/home/user/.m2/repository/io/grpc/grpc-protobuf-lite/1.17.1/grpc-protobuf-lite-1.17.1.jar:/home/user/.m2/repository/io/grpc/grpc-stub/1.17.1/grpc-stub-1.17.1.jar:/tmp/workdir/hadoop-ozone/ozone-recon/target/classes:/tmp/workdir/hadoop-ozone/ozone-recon-codegen/target/classes:/home/user/.m2/repository/com/google/inject/extensions/guice-multibindings/4.0/guice-multibindings-4.0.jar:/home/user/.m2/repository/com/google/inject/guice/4.0/guice-4.0.jar:/home/user/.m2/repository/aopalliance/aopalliance/1.0/aopalliance-1.0.jar:/home/user/.m2/repository/com/google/inject/extensions/guice-servlet/4.0/guice-servlet-4.0.jar:/home/user/.m2/repository/org/glassfish/jersey/containers/jersey-container-servlet/2.27/jersey-container-servlet-2.27.jar:/home/user/.m2/repository/org/glassfish/hk2/guice-bridge/2.5.0/guice-bridge-2.5.0.jar:/home/user/.m2/repository/org/glassfish/jersey/core/jersey-server/2.27/jersey-server-2.27.jar:/home/user/.m2/repository/org/glassfish/jersey/core/jersey-client/2.27/jersey-client-2.27.jar:/home/user/.m2/repository/org/glassfish/jersey/media/jersey-media-jaxb/2.27/jersey-media-jaxb-2.27.jar:/home/user/.m2/repository/javax/validation/validation-api/1.1.0.Final/validation-api-1.1.0.Final.jar:/home/user/.m2/repository/org/glassfish/jersey/media/jersey-media-json-jackson/2.27/jersey-media-json-jackson-2.27.jar:/home/user/.m2/repository/org/glassfish/jersey/ext/jersey-entity-filtering/2.27/jersey-entity-filtering-2.27.jar:/home/user/.m2/repository/com/google/inject/extensions/guice-assistedinject/4.0/guice-assistedinject-4.0.jar:/home/user/.m2/repository/org/jooq/jooq/3.11.10/jooq-3.11.10.jar:/home/user/.m2/repository/org/jooq/jooq-meta/3.11.10/jooq-meta-3.11.10.jar:/home/user/.m2/repository/org/jooq/jooq-codegen/3.11.10/jooq-codegen-3.11.10.jar:/home/user/.m2/repository/com/jolbox/bonecp/0.8.0.RELEASE/bonecp-0.8.0.RELEASE.jar:/home/user/.m2/repository/org/springframework/spring-jdbc/5.1.3.RELEASE/spring-jdbc-5.1.3.RELEASE.jar:/home/user/.m2/repository/org/springframework/spring-beans/5.1.3.RELEASE/spring-beans-5.1.3.RELEASE.jar:/home/user/.m2/repository/org/springframework/spring-core/5.1.3.RELEASE/spring-core-5.1.3.RELEASE.jar:/home/user/.m2/repository/org/springframework/spring-jcl/5.1.3.RELEASE/spring-jcl-5.1.3.RELEASE.jar:/home/user/.m2/repository/org/springframework/spring-tx/5.1.3.RELEASE/spring-tx-5.1.3.RELEASE.jar:/home/user/.m2/repository/org/mockito/mockito-core/2.15.0/mockito-core-2.15.0.jar:/home/user/.m2/repository/net/bytebuddy/byte-buddy/1.7.9/byte-buddy-1.7.9.jar:/home/user/.m2/repository/net/bytebuddy/byte-buddy-agent/1.7.9/byte-buddy-agent-1.7.9.jar:/home/user/.m2/repository/org/objenesis/objenesis/1.0/objenesis-1.0.jar:"/>
    <property name="java.vm.vendor" value="IcedTea"/>
    <property name="sun.arch.data.model" value="64"/>
    <property name="test.build.dir" value="/tmp/workdir/hadoop-ozone/tools/target/test-dir"/>
    <property name="test.cache.data" value=""/>
    <property name="java.vendor.url" value="https://icedtea.classpath.org"/>
    <property name="user.timezone" value=""/>
    <property name="java.vm.specification.version" value="1.8"/>
    <property name="os.name" value="Linux"/>
    <property name="test.build.data" value="/tmp/workdir/hadoop-ozone/tools/target/test-dir"/>
    <property name="user.country" value="US"/>
    <property name="sun.java.launcher" value="SUN_STANDARD"/>
    <property name="sun.boot.library.path" value="/usr/lib/jvm/java-1.8-openjdk/jre/lib/amd64"/>
    <property name="sun.java.command" value="/tmp/workdir/hadoop-ozone/tools/target/surefire/surefirebooter301671973703757505.jar /tmp/workdir/hadoop-ozone/tools/target/surefire 2019-07-09T09-49-08_774-jvmRun1 surefire8007233408152980163tmp surefire_1025733432404692931382tmp"/>
    <property name="surefire.test.class.path" value="/tmp/workdir/hadoop-ozone/tools/target/test-classes:/tmp/workdir/hadoop-ozone/tools/target/classes:/tmp/workdir/hadoop-ozone/ozone-manager/target/classes:/tmp/workdir/hadoop-hdds/docs/target/classes:/home/user/.m2/repository/org/bouncycastle/bcprov-jdk15on/1.60/bcprov-jdk15on-1.60.jar:/tmp/workdir/hadoop-ozone/common/target/classes:/home/user/.m2/repository/org/apache/commons/commons-compress/1.4.1/commons-compress-1.4.1.jar:/home/user/.m2/repository/org/tukaani/xz/1.0/xz-1.0.jar:/home/user/.m2/repository/org/apache/hadoop/hadoop-hdfs-client/3.2.0/hadoop-hdfs-client-3.2.0.jar:/home/user/.m2/repository/com/fasterxml/jackson/core/jackson-annotations/2.9.5/jackson-annotations-2.9.5.jar:/tmp/workdir/hadoop-hdds/common/target/classes:/tmp/workdir/hadoop-hdds/config/target/classes:/home/user/.m2/repository/javax/annotation/javax.annotation-api/1.2/javax.annotation-api-1.2.jar:/home/user/.m2/repository/org/apache/ratis/ratis-server/0.4.0-2337318-SNAPSHOT/ratis-server-0.4.0-2337318-SNAPSHOT.jar:/home/user/.m2/repository/org/apache/ratis/ratis-thirdparty-misc/0.2.0/ratis-thirdparty-misc-0.2.0.jar:/home/user/.m2/repository/org/apache/ratis/ratis-proto/0.4.0-2337318-SNAPSHOT/ratis-proto-0.4.0-2337318-SNAPSHOT.jar:/home/user/.m2/repository/org/apache/ratis/ratis-common/0.4.0-2337318-SNAPSHOT/ratis-common-0.4.0-2337318-SNAPSHOT.jar:/home/user/.m2/repository/org/apache/ratis/ratis-client/0.4.0-2337318-SNAPSHOT/ratis-client-0.4.0-2337318-SNAPSHOT.jar:/home/user/.m2/repository/org/apache/ratis/ratis-metrics/0.4.0-2337318-SNAPSHOT/ratis-metrics-0.4.0-2337318-SNAPSHOT.jar:/home/user/.m2/repository/org/apache/ratis/ratis-netty/0.4.0-2337318-SNAPSHOT/ratis-netty-0.4.0-2337318-SNAPSHOT.jar:/home/user/.m2/repository/org/apache/ratis/ratis-grpc/0.4.0-2337318-SNAPSHOT/ratis-grpc-0.4.0-2337318-SNAPSHOT.jar:/home/user/.m2/repository/org/rocksdb/rocksdbjni/6.0.1/rocksdbjni-6.0.1.jar:/home/user/.m2/repository/org/apache/logging/log4j/log4j-api/2.11.0/log4j-api-2.11.0.jar:/home/user/.m2/repository/org/apache/logging/log4j/log4j-core/2.11.0/log4j-core-2.11.0.jar:/home/user/.m2/repository/com/lmax/disruptor/3.4.2/disruptor-3.4.2.jar:/home/user/.m2/repository/org/apache/commons/commons-pool2/2.6.0/commons-pool2-2.6.0.jar:/home/user/.m2/repository/org/bouncycastle/bcpkix-jdk15on/1.60/bcpkix-jdk15on-1.60.jar:/home/user/.m2/repository/commons-validator/commons-validator/1.6/commons-validator-1.6.jar:/home/user/.m2/repository/commons-digester/commons-digester/1.8.1/commons-digester-1.8.1.jar:/home/user/.m2/repository/io/jaegertracing/jaeger-client/0.33.1/jaeger-client-0.33.1.jar:/home/user/.m2/repository/io/jaegertracing/jaeger-thrift/0.33.1/jaeger-thrift-0.33.1.jar:/home/user/.m2/repository/org/apache/thrift/libthrift/0.11.0/libthrift-0.11.0.jar:/home/user/.m2/repository/com/squareup/okhttp3/okhttp/3.9.0/okhttp-3.9.0.jar:/home/user/.m2/repository/com/squareup/okio/okio/1.13.0/okio-1.13.0.jar:/home/user/.m2/repository/io/jaegertracing/jaeger-core/0.33.1/jaeger-core-0.33.1.jar:/home/user/.m2/repository/io/jaegertracing/jaeger-tracerresolver/0.33.1/jaeger-tracerresolver-0.33.1.jar:/home/user/.m2/repository/io/opentracing/contrib/opentracing-tracerresolver/0.1.5/opentracing-tracerresolver-0.1.5.jar:/home/user/.m2/repository/io/opentracing/opentracing-util/0.31.0/opentracing-util-0.31.0.jar:/home/user/.m2/repository/io/opentracing/opentracing-api/0.31.0/opentracing-api-0.31.0.jar:/home/user/.m2/repository/io/opentracing/opentracing-noop/0.31.0/opentracing-noop-0.31.0.jar:/home/user/.m2/repository/org/yaml/snakeyaml/1.16/snakeyaml-1.16.jar:/tmp/workdir/hadoop-hdds/container-service/target/classes:/tmp/workdir/hadoop-hdds/client/target/classes:/tmp/workdir/hadoop-hdds/tools/target/classes:/home/user/.m2/repository/org/xerial/sqlite-jdbc/3.25.2/sqlite-jdbc-3.25.2.jar:/tmp/workdir/hadoop-hdds/server-scm/target/classes:/home/user/.m2/repository/org/hamcrest/hamcrest-all/1.3/hamcrest-all-1.3.jar:/home/user/.m2/repository/info/picocli/picocli/3.9.6/picocli-3.9.6.jar:/home/user/.m2/repository/com/google/protobuf/protobuf-java/2.5.0/protobuf-java-2.5.0.jar:/home/user/.m2/repository/com/google/guava/guava/11.0.2/guava-11.0.2.jar:/tmp/workdir/hadoop-ozone/client/target/classes:/home/user/.m2/repository/org/apache/hadoop/hadoop-ozone-filesystem/0.5.0-SNAPSHOT/hadoop-ozone-filesystem-0.5.0-SNAPSHOT.jar:/tmp/workdir/hadoop-hdds/framework/target/classes:/home/user/.m2/repository/org/apache/hadoop/hadoop-common/3.2.0/hadoop-common-3.2.0.jar:/home/user/.m2/repository/org/apache/hadoop/hadoop-annotations/3.2.0/hadoop-annotations-3.2.0.jar:/usr/lib/jvm/java-1.8-openjdk/jre/../lib/tools.jar:/home/user/.m2/repository/commons-cli/commons-cli/1.2/commons-cli-1.2.jar:/home/user/.m2/repository/org/apache/commons/commons-math3/3.1.1/commons-math3-3.1.1.jar:/home/user/.m2/repository/org/apache/httpcomponents/httpclient/4.5.2/httpclient-4.5.2.jar:/home/user/.m2/repository/org/apache/httpcomponents/httpcore/4.4.4/httpcore-4.4.4.jar:/home/user/.m2/repository/commons-codec/commons-codec/1.11/commons-codec-1.11.jar:/home/user/.m2/repository/commons-io/commons-io/2.5/commons-io-2.5.jar:/home/user/.m2/repository/commons-net/commons-net/3.6/commons-net-3.6.jar:/home/user/.m2/repository/commons-collections/commons-collections/3.2.2/commons-collections-3.2.2.jar:/home/user/.m2/repository/javax/servlet/javax.servlet-api/3.1.0/javax.servlet-api-3.1.0.jar:/home/user/.m2/repository/org/eclipse/jetty/jetty-server/9.3.24.v20180605/jetty-server-9.3.24.v20180605.jar:/home/user/.m2/repository/org/eclipse/jetty/jetty-http/9.3.24.v20180605/jetty-http-9.3.24.v20180605.jar:/home/user/.m2/repository/org/eclipse/jetty/jetty-io/9.3.24.v20180605/jetty-io-9.3.24.v20180605.jar:/home/user/.m2/repository/org/eclipse/jetty/jetty-util/9.3.24.v20180605/jetty-util-9.3.24.v20180605.jar:/home/user/.m2/repository/org/eclipse/jetty/jetty-servlet/9.3.24.v20180605/jetty-servlet-9.3.24.v20180605.jar:/home/user/.m2/repository/org/eclipse/jetty/jetty-security/9.3.24.v20180605/jetty-security-9.3.24.v20180605.jar:/home/user/.m2/repository/org/eclipse/jetty/jetty-webapp/9.3.24.v20180605/jetty-webapp-9.3.24.v20180605.jar:/home/user/.m2/repository/org/eclipse/jetty/jetty-xml/9.3.24.v20180605/jetty-xml-9.3.24.v20180605.jar:/home/user/.m2/repository/javax/servlet/jsp/jsp-api/2.1/jsp-api-2.1.jar:/home/user/.m2/repository/com/sun/jersey/jersey-core/1.19/jersey-core-1.19.jar:/home/user/.m2/repository/javax/ws/rs/jsr311-api/1.1.1/jsr311-api-1.1.1.jar:/home/user/.m2/repository/com/sun/jersey/jersey-servlet/1.19/jersey-servlet-1.19.jar:/home/user/.m2/repository/com/sun/jersey/jersey-json/1.19/jersey-json-1.19.jar:/home/user/.m2/repository/org/codehaus/jettison/jettison/1.1/jettison-1.1.jar:/home/user/.m2/repository/com/sun/xml/bind/jaxb-impl/2.3.0.1/jaxb-impl-2.3.0.1.jar:/home/user/.m2/repository/org/codehaus/jackson/jackson-core-asl/1.9.13/jackson-core-asl-1.9.13.jar:/home/user/.m2/repository/org/codehaus/jackson/jackson-mapper-asl/1.9.13/jackson-mapper-asl-1.9.13.jar:/home/user/.m2/repository/org/codehaus/jackson/jackson-jaxrs/1.9.13/jackson-jaxrs-1.9.13.jar:/home/user/.m2/repository/org/codehaus/jackson/jackson-xc/1.9.13/jackson-xc-1.9.13.jar:/home/user/.m2/repository/com/sun/jersey/jersey-server/1.19/jersey-server-1.19.jar:/home/user/.m2/repository/commons-logging/commons-logging/1.1.3/commons-logging-1.1.3.jar:/home/user/.m2/repository/log4j/log4j/1.2.17/log4j-1.2.17.jar:/home/user/.m2/repository/commons-beanutils/commons-beanutils/1.9.3/commons-beanutils-1.9.3.jar:/home/user/.m2/repository/org/apache/commons/commons-configuration2/2.1.1/commons-configuration2-2.1.1.jar:/home/user/.m2/repository/org/apache/commons/commons-lang3/3.7/commons-lang3-3.7.jar:/home/user/.m2/repository/org/apache/commons/commons-text/1.4/commons-text-1.4.jar:/home/user/.m2/repository/org/slf4j/slf4j-api/1.7.25/slf4j-api-1.7.25.jar:/home/user/.m2/repository/org/slf4j/slf4j-log4j12/1.7.25/slf4j-log4j12-1.7.25.jar:/home/user/.m2/repository/org/apache/avro/avro/1.7.7/avro-1.7.7.jar:/home/user/.m2/repository/com/thoughtworks/paranamer/paranamer/2.3/paranamer-2.3.jar:/home/user/.m2/repository/org/xerial/snappy/snappy-java/1.0.5/snappy-java-1.0.5.jar:/home/user/.m2/repository/com/google/re2j/re2j/1.1/re2j-1.1.jar:/home/user/.m2/repository/com/google/code/gson/gson/2.2.4/gson-2.2.4.jar:/home/user/.m2/repository/org/apache/hadoop/hadoop-auth/3.2.0/hadoop-auth-3.2.0.jar:/home/user/.m2/repository/com/nimbusds/nimbus-jose-jwt/4.41.1/nimbus-jose-jwt-4.41.1.jar:/home/user/.m2/repository/com/github/stephenc/jcip/jcip-annotations/1.0-1/jcip-annotations-1.0-1.jar:/home/user/.m2/repository/net/minidev/json-smart/2.3/json-smart-2.3.jar:/home/user/.m2/repository/net/minidev/accessors-smart/1.2/accessors-smart-1.2.jar:/home/user/.m2/repository/org/apache/curator/curator-framework/2.12.0/curator-framework-2.12.0.jar:/home/user/.m2/repository/com/jcraft/jsch/0.1.54/jsch-0.1.54.jar:/home/user/.m2/repository/org/apache/curator/curator-client/2.12.0/curator-client-2.12.0.jar:/home/user/.m2/repository/org/apache/curator/curator-recipes/2.12.0/curator-recipes-2.12.0.jar:/home/user/.m2/repository/com/google/code/findbugs/jsr305/3.0.0/jsr305-3.0.0.jar:/home/user/.m2/repository/org/apache/htrace/htrace-core4/4.1.0-incubating/htrace-core4-4.1.0-incubating.jar:/home/user/.m2/repository/org/apache/zookeeper/zookeeper/3.4.13/zookeeper-3.4.13.jar:/home/user/.m2/repository/org/apache/yetus/audience-annotations/0.5.0/audience-annotations-0.5.0.jar:/home/user/.m2/repository/org/apache/kerby/kerb-simplekdc/1.0.1/kerb-simplekdc-1.0.1.jar:/home/user/.m2/repository/org/apache/kerby/kerb-client/1.0.1/kerb-client-1.0.1.jar:/home/user/.m2/repository/org/apache/kerby/kerby-config/1.0.1/kerby-config-1.0.1.jar:/home/user/.m2/repository/org/apache/kerby/kerb-core/1.0.1/kerb-core-1.0.1.jar:/home/user/.m2/repository/org/apache/kerby/kerby-pkix/1.0.1/kerby-pkix-1.0.1.jar:/home/user/.m2/repository/org/apache/kerby/kerby-asn1/1.0.1/kerby-asn1-1.0.1.jar:/home/user/.m2/repository/org/apache/kerby/kerby-util/1.0.1/kerby-util-1.0.1.jar:/home/user/.m2/repository/org/apache/kerby/kerb-common/1.0.1/kerb-common-1.0.1.jar:/home/user/.m2/repository/org/apache/kerby/kerb-crypto/1.0.1/kerb-crypto-1.0.1.jar:/home/user/.m2/repository/org/apache/kerby/kerb-util/1.0.1/kerb-util-1.0.1.jar:/home/user/.m2/repository/org/apache/kerby/token-provider/1.0.1/token-provider-1.0.1.jar:/home/user/.m2/repository/org/apache/kerby/kerb-admin/1.0.1/kerb-admin-1.0.1.jar:/home/user/.m2/repository/org/apache/kerby/kerb-server/1.0.1/kerb-server-1.0.1.jar:/home/user/.m2/repository/org/apache/kerby/kerb-identity/1.0.1/kerb-identity-1.0.1.jar:/home/user/.m2/repository/org/apache/kerby/kerby-xdr/1.0.1/kerby-xdr-1.0.1.jar:/home/user/.m2/repository/com/fasterxml/jackson/core/jackson-databind/2.9.5/jackson-databind-2.9.5.jar:/home/user/.m2/repository/com/fasterxml/jackson/core/jackson-core/2.9.5/jackson-core-2.9.5.jar:/home/user/.m2/repository/org/codehaus/woodstox/stax2-api/3.1.4/stax2-api-3.1.4.jar:/home/user/.m2/repository/com/fasterxml/woodstox/woodstox-core/5.0.3/woodstox-core-5.0.3.jar:/home/user/.m2/repository/dnsjava/dnsjava/2.1.7/dnsjava-2.1.7.jar:/home/user/.m2/repository/org/apache/hadoop/hadoop-hdfs/3.2.0/hadoop-hdfs-3.2.0.jar:/home/user/.m2/repository/org/eclipse/jetty/jetty-util-ajax/9.3.24.v20180605/jetty-util-ajax-9.3.24.v20180605.jar:/home/user/.m2/repository/commons-daemon/commons-daemon/1.0.13/commons-daemon-1.0.13.jar:/home/user/.m2/repository/io/netty/netty/3.10.5.Final/netty-3.10.5.Final.jar:/home/user/.m2/repository/io/netty/netty-all/4.0.52.Final/netty-all-4.0.52.Final.jar:/home/user/.m2/repository/org/fusesource/leveldbjni/leveldbjni-all/1.8/leveldbjni-all-1.8.jar:/home/user/.m2/repository/com/sun/xml/bind/jaxb-core/2.3.0.1/jaxb-core-2.3.0.1.jar:/home/user/.m2/repository/javax/xml/bind/jaxb-api/2.3.0/jaxb-api-2.3.0.jar:/home/user/.m2/repository/javax/activation/activation/1.1.1/activation-1.1.1.jar:/home/user/.m2/repository/io/dropwizard/metrics/metrics-core/3.2.4/metrics-core-3.2.4.jar:/home/user/.m2/repository/org/openjdk/jmh/jmh-core/1.19/jmh-core-1.19.jar:/home/user/.m2/repository/net/sf/jopt-simple/jopt-simple/4.6/jopt-simple-4.6.jar:/home/user/.m2/repository/org/openjdk/jmh/jmh-generator-annprocess/1.19/jmh-generator-annprocess-1.19.jar:/home/user/.m2/repository/com/google/code/findbugs/findbugs/3.0.1/findbugs-3.0.1.jar:/home/user/.m2/repository/net/jcip/jcip-annotations/1.0/jcip-annotations-1.0.jar:/home/user/.m2/repository/com/google/code/findbugs/bcel-findbugs/6.0/bcel-findbugs-6.0.jar:/home/user/.m2/repository/com/google/code/findbugs/jFormatString/2.0.1/jFormatString-2.0.1.jar:/home/user/.m2/repository/dom4j/dom4j/1.6.1/dom4j-1.6.1.jar:/home/user/.m2/repository/xml-apis/xml-apis/1.0.b2/xml-apis-1.0.b2.jar:/home/user/.m2/repository/org/ow2/asm/asm-debug-all/5.0.2/asm-debug-all-5.0.2.jar:/home/user/.m2/repository/org/ow2/asm/asm-commons/5.0.2/asm-commons-5.0.2.jar:/home/user/.m2/repository/org/ow2/asm/asm-tree/5.0.2/asm-tree-5.0.2.jar:/home/user/.m2/repository/org/ow2/asm/asm/5.0.4/asm-5.0.4.jar:/home/user/.m2/repository/commons-lang/commons-lang/2.6/commons-lang-2.6.jar:/home/user/.m2/repository/com/apple/AppleJavaExtensions/1.4/AppleJavaExtensions-1.4.jar:/home/user/.m2/repository/jaxen/jaxen/1.1.6/jaxen-1.1.6.jar:/home/user/.m2/repository/junit/junit/4.11/junit-4.11.jar:/home/user/.m2/repository/org/hamcrest/hamcrest-core/1.3/hamcrest-core-1.3.jar:/home/user/.m2/repository/org/apache/hadoop/hadoop-common/3.2.0/hadoop-common-3.2.0-tests.jar:/home/user/.m2/repository/org/apache/hadoop/hadoop-ozone-integration-test/0.5.0-SNAPSHOT/hadoop-ozone-integration-test-0.5.0-SNAPSHOT-tests.jar:/tmp/workdir/hadoop-ozone/objectstore-service/target/classes:/tmp/workdir/hadoop-ozone/s3gateway/target/classes:/home/user/.m2/repository/org/jboss/weld/servlet/weld-servlet/2.4.7.Final/weld-servlet-2.4.7.Final.jar:/home/user/.m2/repository/org/glassfish/jersey/containers/jersey-container-servlet-core/2.27/jersey-container-servlet-core-2.27.jar:/home/user/.m2/repository/org/glassfish/hk2/external/javax.inject/2.5.0-b42/javax.inject-2.5.0-b42.jar:/home/user/.m2/repository/org/glassfish/jersey/core/jersey-common/2.27/jersey-common-2.27.jar:/home/user/.m2/repository/org/glassfish/hk2/osgi-resource-locator/1.0.1/osgi-resource-locator-1.0.1.jar:/home/user/.m2/repository/javax/ws/rs/javax.ws.rs-api/2.1/javax.ws.rs-api-2.1.jar:/home/user/.m2/repository/org/glassfish/jersey/ext/cdi/jersey-cdi1x/2.27/jersey-cdi1x-2.27.jar:/home/user/.m2/repository/org/glassfish/jersey/inject/jersey-hk2/2.27/jersey-hk2-2.27.jar:/home/user/.m2/repository/org/glassfish/hk2/hk2-locator/2.5.0-b42/hk2-locator-2.5.0-b42.jar:/home/user/.m2/repository/org/javassist/javassist/3.22.0-CR2/javassist-3.22.0-CR2.jar:/home/user/.m2/repository/org/glassfish/hk2/hk2-api/2.5.0/hk2-api-2.5.0.jar:/home/user/.m2/repository/org/glassfish/hk2/external/jakarta.inject/2.5.0/jakarta.inject-2.5.0.jar:/home/user/.m2/repository/org/glassfish/hk2/hk2-utils/2.5.0/hk2-utils-2.5.0.jar:/home/user/.m2/repository/jakarta/annotation/jakarta.annotation-api/1.3.4/jakarta.annotation-api-1.3.4.jar:/home/user/.m2/repository/org/glassfish/hk2/external/aopalliance-repackaged/2.5.0/aopalliance-repackaged-2.5.0.jar:/home/user/.m2/repository/com/fasterxml/jackson/dataformat/jackson-dataformat-xml/2.9.0/jackson-dataformat-xml-2.9.0.jar:/home/user/.m2/repository/com/fasterxml/jackson/module/jackson-module-jaxb-annotations/2.9.5/jackson-module-jaxb-annotations-2.9.5.jar:/home/user/.m2/repository/javax/enterprise/cdi-api/1.2/cdi-api-1.2.jar:/home/user/.m2/repository/javax/el/javax.el-api/3.0.0/javax.el-api-3.0.0.jar:/home/user/.m2/repository/javax/interceptor/javax.interceptor-api/1.2/javax.interceptor-api-1.2.jar:/home/user/.m2/repository/javax/inject/javax.inject/1/javax.inject-1.jar:/tmp/workdir/hadoop-ozone/csi/target/classes:/home/user/.m2/repository/com/google/protobuf/protobuf-java-util/3.5.1/protobuf-java-util-3.5.1.jar:/home/user/.m2/repository/io/grpc/grpc-netty/1.17.1/grpc-netty-1.17.1.jar:/home/user/.m2/repository/io/grpc/grpc-core/1.17.1/grpc-core-1.17.1.jar:/home/user/.m2/repository/io/grpc/grpc-context/1.17.1/grpc-context-1.17.1.jar:/home/user/.m2/repository/com/google/errorprone/error_prone_annotations/2.2.0/error_prone_annotations-2.2.0.jar:/home/user/.m2/repository/org/codehaus/mojo/animal-sniffer-annotations/1.17/animal-sniffer-annotations-1.17.jar:/home/user/.m2/repository/io/opencensus/opencensus-api/0.17.0/opencensus-api-0.17.0.jar:/home/user/.m2/repository/io/opencensus/opencensus-contrib-grpc-metrics/0.17.0/opencensus-contrib-grpc-metrics-0.17.0.jar:/home/user/.m2/repository/io/netty/netty-codec-http2/4.1.30.Final/netty-codec-http2-4.1.30.Final.jar:/home/user/.m2/repository/io/netty/netty-codec-http/4.1.30.Final/netty-codec-http-4.1.30.Final.jar:/home/user/.m2/repository/io/netty/netty-codec/4.1.30.Final/netty-codec-4.1.30.Final.jar:/home/user/.m2/repository/io/netty/netty-handler/4.1.30.Final/netty-handler-4.1.30.Final.jar:/home/user/.m2/repository/io/netty/netty-handler-proxy/4.1.30.Final/netty-handler-proxy-4.1.30.Final.jar:/home/user/.m2/repository/io/netty/netty-codec-socks/4.1.30.Final/netty-codec-socks-4.1.30.Final.jar:/home/user/.m2/repository/io/netty/netty-transport-native-epoll/4.1.30.Final/netty-transport-native-epoll-4.1.30.Final.jar:/home/user/.m2/repository/io/netty/netty-common/4.1.30.Final/netty-common-4.1.30.Final.jar:/home/user/.m2/repository/io/netty/netty-buffer/4.1.30.Final/netty-buffer-4.1.30.Final.jar:/home/user/.m2/repository/io/netty/netty-transport/4.1.30.Final/netty-transport-4.1.30.Final.jar:/home/user/.m2/repository/io/netty/netty-resolver/4.1.30.Final/netty-resolver-4.1.30.Final.jar:/home/user/.m2/repository/io/netty/netty-transport-native-unix-common/4.1.30.Final/netty-transport-native-unix-common-4.1.30.Final.jar:/home/user/.m2/repository/io/grpc/grpc-protobuf/1.17.1/grpc-protobuf-1.17.1.jar:/home/user/.m2/repository/com/google/api/grpc/proto-google-common-protos/1.0.0/proto-google-common-protos-1.0.0.jar:/home/user/.m2/repository/io/grpc/grpc-protobuf-lite/1.17.1/grpc-protobuf-lite-1.17.1.jar:/home/user/.m2/repository/io/grpc/grpc-stub/1.17.1/grpc-stub-1.17.1.jar:/tmp/workdir/hadoop-ozone/ozone-recon/target/classes:/tmp/workdir/hadoop-ozone/ozone-recon-codegen/target/classes:/home/user/.m2/repository/com/google/inject/extensions/guice-multibindings/4.0/guice-multibindings-4.0.jar:/home/user/.m2/repository/com/google/inject/guice/4.0/guice-4.0.jar:/home/user/.m2/repository/aopalliance/aopalliance/1.0/aopalliance-1.0.jar:/home/user/.m2/repository/com/google/inject/extensions/guice-servlet/4.0/guice-servlet-4.0.jar:/home/user/.m2/repository/org/glassfish/jersey/containers/jersey-container-servlet/2.27/jersey-container-servlet-2.27.jar:/home/user/.m2/repository/org/glassfish/hk2/guice-bridge/2.5.0/guice-bridge-2.5.0.jar:/home/user/.m2/repository/org/glassfish/jersey/core/jersey-server/2.27/jersey-server-2.27.jar:/home/user/.m2/repository/org/glassfish/jersey/core/jersey-client/2.27/jersey-client-2.27.jar:/home/user/.m2/repository/org/glassfish/jersey/media/jersey-media-jaxb/2.27/jersey-media-jaxb-2.27.jar:/home/user/.m2/repository/javax/validation/validation-api/1.1.0.Final/validation-api-1.1.0.Final.jar:/home/user/.m2/repository/org/glassfish/jersey/media/jersey-media-json-jackson/2.27/jersey-media-json-jackson-2.27.jar:/home/user/.m2/repository/org/glassfish/jersey/ext/jersey-entity-filtering/2.27/jersey-entity-filtering-2.27.jar:/home/user/.m2/repository/com/google/inject/extensions/guice-assistedinject/4.0/guice-assistedinject-4.0.jar:/home/user/.m2/repository/org/jooq/jooq/3.11.10/jooq-3.11.10.jar:/home/user/.m2/repository/org/jooq/jooq-meta/3.11.10/jooq-meta-3.11.10.jar:/home/user/.m2/repository/org/jooq/jooq-codegen/3.11.10/jooq-codegen-3.11.10.jar:/home/user/.m2/repository/com/jolbox/bonecp/0.8.0.RELEASE/bonecp-0.8.0.RELEASE.jar:/home/user/.m2/repository/org/springframework/spring-jdbc/5.1.3.RELEASE/spring-jdbc-5.1.3.RELEASE.jar:/home/user/.m2/repository/org/springframework/spring-beans/5.1.3.RELEASE/spring-beans-5.1.3.RELEASE.jar:/home/user/.m2/repository/org/springframework/spring-core/5.1.3.RELEASE/spring-core-5.1.3.RELEASE.jar:/home/user/.m2/repository/org/springframework/spring-jcl/5.1.3.RELEASE/spring-jcl-5.1.3.RELEASE.jar:/home/user/.m2/repository/org/springframework/spring-tx/5.1.3.RELEASE/spring-tx-5.1.3.RELEASE.jar:/home/user/.m2/repository/org/mockito/mockito-core/2.15.0/mockito-core-2.15.0.jar:/home/user/.m2/repository/net/bytebuddy/byte-buddy/1.7.9/byte-buddy-1.7.9.jar:/home/user/.m2/repository/net/bytebuddy/byte-buddy-agent/1.7.9/byte-buddy-agent-1.7.9.jar:/home/user/.m2/repository/org/objenesis/objenesis/1.0/objenesis-1.0.jar:"/>
    <property name="sun.cpu.endian" value="little"/>
    <property name="user.home" value="/home/user"/>
    <property name="user.language" value="en"/>
    <property name="java.specification.vendor" value="Oracle Corporation"/>
    <property name="java.home" value="/usr/lib/jvm/java-1.8-openjdk/jre"/>
    <property name="java.security.krb5.conf" value="/tmp/workdir/hadoop-ozone/tools/target/test-classes/krb5.conf"/>
    <property name="basedir" value="/tmp/workdir/hadoop-ozone/tools"/>
    <property name="file.separator" value="/"/>
    <property name="line.separator" value="&#10;"/>
    <property name="java.vm.specification.vendor" value="Oracle Corporation"/>
    <property name="java.specification.name" value="Java Platform API Specification"/>
    <property name="java.awt.graphicsenv" value="sun.awt.X11GraphicsEnvironment"/>
    <property name="surefire.real.class.path" value="/tmp/workdir/hadoop-ozone/tools/target/surefire/surefirebooter301671973703757505.jar"/>
    <property name="hadoop.log.dir" value="/tmp/workdir/hadoop-ozone/tools/target/log"/>
    <property name="sun.boot.class.path" value="/usr/lib/jvm/java-1.8-openjdk/jre/lib/resources.jar:/usr/lib/jvm/java-1.8-openjdk/jre/lib/rt.jar:/usr/lib/jvm/java-1.8-openjdk/jre/lib/sunrsasign.jar:/usr/lib/jvm/java-1.8-openjdk/jre/lib/jsse.jar:/usr/lib/jvm/java-1.8-openjdk/jre/lib/jce.jar:/usr/lib/jvm/java-1.8-openjdk/jre/lib/charsets.jar:/usr/lib/jvm/java-1.8-openjdk/jre/lib/jfr.jar:/usr/lib/jvm/java-1.8-openjdk/jre/classes"/>
    <property name="sun.management.compiler" value="HotSpot 64-Bit Tiered Compilers"/>
    <property name="java.runtime.version" value="1.8.0_212-b04"/>
    <property name="java.net.preferIPv4Stack" value="true"/>
    <property name="user.name" value="jenkins1000"/>
    <property name="path.separator" value=":"/>
    <property name="java.security.egd" value="file:///dev/urandom"/>
    <property name="os.version" value="3.10.0-957.12.2.el7.x86_64"/>
    <property name="java.endorsed.dirs" value="/usr/lib/jvm/java-1.8-openjdk/jre/lib/endorsed"/>
    <property name="java.runtime.name" value="OpenJDK Runtime Environment"/>
    <property name="file.encoding" value="UTF-8"/>
    <property name="java.vm.name" value="OpenJDK 64-Bit Server VM"/>
    <property name="test.build.webapps" value=""/>
    <property name="localRepository" value="/home/user/.m2/repository"/>
    <property name="java.vendor.url.bug" value="https://icedtea.classpath.org/bugzilla"/>
    <property name="java.io.tmpdir" value="/tmp"/>
    <property name="require.test.libhadoop" value=""/>
    <property name="java.version" value="1.8.0_212"/>
    <property name="user.dir" value="/tmp/workdir/hadoop-ozone/tools"/>
    <property name="os.arch" value="amd64"/>
    <property name="java.vm.specification.name" value="Java Virtual Machine Specification"/>
    <property name="test.build.classes" value="/tmp/workdir/hadoop-ozone/tools/target/test-classes"/>
    <property name="java.awt.printerjob" value="sun.print.PSPrinterJob"/>
    <property name="sun.os.patch.level" value="unknown"/>
    <property name="hadoop.tmp.dir" value="/tmp/workdir/hadoop-ozone/tools/target/tmp"/>
    <property name="java.library.path" value="/usr/lib/jvm/java-1.8-openjdk/jre/lib/amd64/server:/usr/lib/jvm/java-1.8-openjdk/jre/lib/amd64:/usr/lib/jvm/java-1.8-openjdk/jre/../lib/amd64:/tmp/workdir/hadoop-ozone/tools/target/native/target/usr/local/lib:/tmp/workdir/hadoop-ozone/tools/../../hadoop-common-project/hadoop-common/target/native/target/usr/local/lib:/usr/java/packages/lib/amd64:/usr/lib64:/lib64:/lib:/usr/lib"/>
    <property name="java.vm.info" value="mixed mode"/>
    <property name="java.vendor" value="IcedTea"/>
    <property name="java.vm.version" value="25.212-b04"/>
    <property name="java.ext.dirs" value="/usr/lib/jvm/java-1.8-openjdk/jre/lib/ext:/usr/java/packages/lib/ext"/>
    <property name="sun.io.unicode.encoding" value="UnicodeLittle"/>
    <property name="java.class.version" value="52.0"/>
  </properties>
  <testcase name="ratisTest3" classname="org.apache.hadoop.ozone.freon.TestRandomKeyGenerator" time="5.337"/>
  <testcase name="testThreadPoolSize" classname="org.apache.hadoop.ozone.freon.TestRandomKeyGenerator" time="5.044"/>
  <testcase name="defaultTest" classname="org.apache.hadoop.ozone.freon.TestRandomKeyGenerator" time="5.031"/>
  <testcase name="bigFileThan2GB" classname="org.apache.hadoop.ozone.freon.TestRandomKeyGenerator" time="72.788">
    <error message="Allocated 0 blocks. Requested 1 blocks" type="INTERNAL_ERROR org.apache.hadoop.ozone.om.exceptions.OMException">INTERNAL_ERROR org.apache.hadoop.ozone.om.exceptions.OMException: Allocated 0 blocks. Requested 1 blocks
	at org.apache.hadoop.ozone.om.protocolPB.OzoneManagerProtocolClientSideTranslatorPB.handleError(OzoneManagerProtocolClientSideTranslatorPB.java:720)
	at org.apache.hadoop.ozone.om.protocolPB.OzoneManagerProtocolClientSideTranslatorPB.allocateBlock(OzoneManagerProtocolClientSideTranslatorPB.java:752)
	at org.apache.hadoop.ozone.client.io.BlockOutputStreamEntryPool.allocateNewBlock(BlockOutputStreamEntryPool.java:248)
	at org.apache.hadoop.ozone.client.io.BlockOutputStreamEntryPool.allocateBlockIfNeeded(BlockOutputStreamEntryPool.java:296)
	at org.apache.hadoop.ozone.client.io.KeyOutputStream.handleWrite(KeyOutputStream.java:201)
	at org.apache.hadoop.ozone.client.io.KeyOutputStream.write(KeyOutputStream.java:193)
	at org.apache.hadoop.ozone.client.io.OzoneOutputStream.write(OzoneOutputStream.java:49)
	at org.apache.hadoop.ozone.freon.RandomKeyGenerator$KeyProcessor.run(RandomKeyGenerator.java:693)
	at java.util.concurrent.Executors$RunnableAdapter.call(Executors.java:511)
	at java.util.concurrent.FutureTask.run(FutureTask.java:266)
	at java.util.concurrent.ThreadPoolExecutor.runWorker(ThreadPoolExecutor.java:1149)
	at java.util.concurrent.ThreadPoolExecutor$Worker.run(ThreadPoolExecutor.java:624)
	at java.lang.Thread.run(Thread.java:748)
</error>
    <system-out><![CDATA[2019-07-09 09:59:08,162 INFO  freon.RandomKeyGenerator (RandomKeyGenerator.java:call(262)) - Number of Threads: 1
2019-07-09 09:59:08,162 INFO  freon.RandomKeyGenerator (RandomKeyGenerator.java:call(267)) - Number of Volumes: 1.
2019-07-09 09:59:08,162 INFO  freon.RandomKeyGenerator (RandomKeyGenerator.java:call(268)) - Number of Buckets per Volume: 1.
2019-07-09 09:59:08,163 INFO  freon.RandomKeyGenerator (RandomKeyGenerator.java:call(269)) - Number of Keys per Bucket: 1.
2019-07-09 09:59:08,163 INFO  freon.RandomKeyGenerator (RandomKeyGenerator.java:call(270)) - Key size: 2147483657 bytes
2019-07-09 09:59:08,163 INFO  freon.RandomKeyGenerator (RandomKeyGenerator.java:call(271)) - Buffer size: 4096 bytes
2019-07-09 09:59:08,164 INFO  freon.RandomKeyGenerator (RandomKeyGenerator.java:call(286)) - Data validation is enabled.
2019-07-09 09:59:08,164 INFO  freon.RandomKeyGenerator (RandomKeyGenerator.java:call(299)) - Starting progress bar Thread.
2019-07-09 09:59:08,164 INFO  rpc.RpcClient (RpcClient.java:createVolume(289)) - Creating Volume: vol-0-08380, with jenkins1000 as owner.

 0.00% |█                                                                                                    |  0/1 Time: 0:00:002019-07-09 09:59:08,175 INFO  rpc.RpcClient (RpcClient.java:createBucket(426)) - Creating Bucket: vol-0-08380/bucket-0-15887, with Versioning false and Storage Type set to DISK and Encryption set to false 
2019-07-09 09:59:08,246 INFO  client.GrpcClientProtocolClient (GrpcClientProtocolClient.java:onNext(255)) - client-CECA27ED65B5->da64134c-6992-4903-9407-7df321e464db: receive RaftClientReply:client-CECA27ED65B5->da64134c-6992-4903-9407-7df321e464db@group-D84C501198B9, cid=599, FAILED org.apache.ratis.protocol.NotLeaderException: Server da64134c-6992-4903-9407-7df321e464db is not the leader (8cac6937-780c-4459-964a-dea4dcd51fd7:192.168.69.99:40461). Request must be sent to leader., logIndex=0, commits[da64134c-6992-4903-9407-7df321e464db:c695, 9ed8676d-9460-465d-9905-fd43a52295f6:c695, 8cac6937-780c-4459-964a-dea4dcd51fd7:c695]
2019-07-09 09:59:08,308 INFO  client.GrpcClientProtocolClient (GrpcClientProtocolClient.java:onNext(255)) - client-CECA27ED65B5->8cac6937-780c-4459-964a-dea4dcd51fd7: receive RaftClientReply:client-CECA27ED65B5->8cac6937-780c-4459-964a-dea4dcd51fd7@group-D84C501198B9, cid=599, SUCCESS, logIndex=696, commits[8cac6937-780c-4459-964a-dea4dcd51fd7:c696, 9ed8676d-9460-465d-9905-fd43a52295f6:c695, da64134c-6992-4903-9407-7df321e464db:c695]
2019-07-09 09:59:08,321 INFO  client.GrpcClientProtocolClient (GrpcClientProtocolClient.java:onNext(255)) - client-CECA27ED65B5->8cac6937-780c-4459-964a-dea4dcd51fd7: receive RaftClientReply:client-CECA27ED65B5->8cac6937-780c-4459-964a-dea4dcd51fd7@group-D84C501198B9, cid=600, SUCCESS, logIndex=698, commits[8cac6937-780c-4459-964a-dea4dcd51fd7:c698, 9ed8676d-9460-465d-9905-fd43a52295f6:c696, da64134c-6992-4903-9407-7df321e464db:c696]
2019-07-09 09:59:08,342 INFO  client.GrpcClientProtocolClient (GrpcClientProtocolClient.java:onNext(255)) - client-CECA27ED65B5->8cac6937-780c-4459-964a-dea4dcd51fd7: receive RaftClientReply:client-CECA27ED65B5->8cac6937-780c-4459-964a-dea4dcd51fd7@group-D84C501198B9, cid=601, SUCCESS, logIndex=700, commits[8cac6937-780c-4459-964a-dea4dcd51fd7:c701, 9ed8676d-9460-465d-9905-fd43a52295f6:c698, da64134c-6992-4903-9407-7df321e464db:c698]
2019-07-09 09:59:08,343 INFO  client.GrpcClientProtocolClient (GrpcClientProtocolClient.java:onNext(255)) - client-CECA27ED65B5->8cac6937-780c-4459-964a-dea4dcd51fd7: receive RaftClientReply:client-CECA27ED65B5->8cac6937-780c-4459-964a-dea4dcd51fd7@group-D84C501198B9, cid=602, SUCCESS, logIndex=701, commits[8cac6937-780c-4459-964a-dea4dcd51fd7:c701, 9ed8676d-9460-465d-9905-fd43a52295f6:c698, da64134c-6992-4903-9407-7df321e464db:c698]
2019-07-09 09:59:08,371 INFO  client.GrpcClientProtocolClient (GrpcClientProtocolClient.java:onNext(255)) - client-CECA27ED65B5->8cac6937-780c-4459-964a-dea4dcd51fd7: receive RaftClientReply:client-CECA27ED65B5->8cac6937-780c-4459-964a-dea4dcd51fd7@group-D84C501198B9, cid=603, SUCCESS, logIndex=704, commits[8cac6937-780c-4459-964a-dea4dcd51fd7:c705, 9ed8676d-9460-465d-9905-fd43a52295f6:c702, da64134c-6992-4903-9407-7df321e464db:c702]
2019-07-09 09:59:08,372 INFO  client.GrpcClientProtocolClient (GrpcClientProtocolClient.java:onNext(255)) - client-CECA27ED65B5->8cac6937-780c-4459-964a-dea4dcd51fd7: receive RaftClientReply:client-CECA27ED65B5->8cac6937-780c-4459-964a-dea4dcd51fd7@group-D84C501198B9, cid=604, SUCCESS, logIndex=705, commits[8cac6937-780c-4459-964a-dea4dcd51fd7:c705, 9ed8676d-9460-465d-9905-fd43a52295f6:c702, da64134c-6992-4903-9407-7df321e464db:c702]
2019-07-09 09:59:08,397 INFO  client.GrpcClientProtocolClient (GrpcClientProtocolClient.java:onNext(255)) - client-CECA27ED65B5->8cac6937-780c-4459-964a-dea4dcd51fd7: receive RaftClientReply:client-CECA27ED65B5->8cac6937-780c-4459-964a-dea4dcd51fd7@group-D84C501198B9, cid=605, SUCCESS, logIndex=708, commits[8cac6937-780c-4459-964a-dea4dcd51fd7:c709, 9ed8676d-9460-465d-9905-fd43a52295f6:c705, da64134c-6992-4903-9407-7df321e464db:c705]
2019-07-09 09:59:08,397 INFO  client.GrpcClientProtocolClient (GrpcClientProtocolClient.java:onNext(255)) - client-CECA27ED65B5->8cac6937-780c-4459-964a-dea4dcd51fd7: receive RaftClientReply:client-CECA27ED65B5->8cac6937-780c-4459-964a-dea4dcd51fd7@group-D84C501198B9, cid=606, SUCCESS, logIndex=709, commits[8cac6937-780c-4459-964a-dea4dcd51fd7:c709, 9ed8676d-9460-465d-9905-fd43a52295f6:c705, da64134c-6992-4903-9407-7df321e464db:c705]
2019-07-09 09:59:08,413 INFO  client.GrpcClientProtocolClient (GrpcClientProtocolClient.java:onNext(255)) - client-CECA27ED65B5->8cac6937-780c-4459-964a-dea4dcd51fd7: receive RaftClientReply:client-CECA27ED65B5->8cac6937-780c-4459-964a-dea4dcd51fd7@group-D84C501198B9, cid=607, SUCCESS, logIndex=0, commits[8cac6937-780c-4459-964a-dea4dcd51fd7:c710, 9ed8676d-9460-465d-9905-fd43a52295f6:c709, da64134c-6992-4903-9407-7df321e464db:c709]
2019-07-09 09:59:08,438 INFO  client.GrpcClientProtocolClient (GrpcClientProtocolClient.java:onNext(255)) - client-CECA27ED65B5->8cac6937-780c-4459-964a-dea4dcd51fd7: receive RaftClientReply:client-CECA27ED65B5->8cac6937-780c-4459-964a-dea4dcd51fd7@group-D84C501198B9, cid=608, SUCCESS, logIndex=712, commits[8cac6937-780c-4459-964a-dea4dcd51fd7:c712, 9ed8676d-9460-465d-9905-fd43a52295f6:c710, da64134c-6992-4903-9407-7df321e464db:c710]
2019-07-09 09:59:08,683 INFO  client.GrpcClientProtocolClient (GrpcClientProtocolClient.java:onNext(255)) - client-CECA27ED65B5->8cac6937-780c-4459-964a-dea4dcd51fd7: receive RaftClientReply:client-CECA27ED65B5->8cac6937-780c-4459-964a-dea4dcd51fd7@group-D84C501198B9, cid=609, SUCCESS, logIndex=713, commits[8cac6937-780c-4459-964a-dea4dcd51fd7:c715, 9ed8676d-9460-465d-9905-fd43a52295f6:c711, da64134c-6992-4903-9407-7df321e464db:c711]
2019-07-09 09:59:08,684 INFO  client.GrpcClientProtocolClient (GrpcClientProtocolClient.java:onNext(255)) - client-CECA27ED65B5->8cac6937-780c-4459-964a-dea4dcd51fd7: receive RaftClientReply:client-CECA27ED65B5->8cac6937-780c-4459-964a-dea4dcd51fd7@group-D84C501198B9, cid=610, SUCCESS, logIndex=714, commits[8cac6937-780c-4459-964a-dea4dcd51fd7:c716, 9ed8676d-9460-465d-9905-fd43a52295f6:c711, da64134c-6992-4903-9407-7df321e464db:c712]
2019-07-09 09:59:08,684 INFO  client.GrpcClientProtocolClient (GrpcClientProtocolClient.java:onNext(255)) - client-CECA27ED65B5->8cac6937-780c-4459-964a-dea4dcd51fd7: receive RaftClientReply:client-CECA27ED65B5->8cac6937-780c-4459-964a-dea4dcd51fd7@group-D84C501198B9, cid=611, SUCCESS, logIndex=715, commits[8cac6937-780c-4459-964a-dea4dcd51fd7:c716, 9ed8676d-9460-465d-9905-fd43a52295f6:c711, da64134c-6992-4903-9407-7df321e464db:c712]
2019-07-09 09:59:08,696 INFO  client.GrpcClientProtocolClient (GrpcClientProtocolClient.java:onNext(255)) - client-CECA27ED65B5->8cac6937-780c-4459-964a-dea4dcd51fd7: receive RaftClientReply:client-CECA27ED65B5->8cac6937-780c-4459-964a-dea4dcd51fd7@group-D84C501198B9, cid=612, SUCCESS, logIndex=0, commits[8cac6937-780c-4459-964a-dea4dcd51fd7:c717, 9ed8676d-9460-465d-9905-fd43a52295f6:c713, da64134c-6992-4903-9407-7df321e464db:c715]
2019-07-09 09:59:08,721 INFO  client.GrpcClientProtocolClient (GrpcClientProtocolClient.java:onNext(255)) - client-CECA27ED65B5->8cac6937-780c-4459-964a-dea4dcd51fd7: receive RaftClientReply:client-CECA27ED65B5->8cac6937-780c-4459-964a-dea4dcd51fd7@group-D84C501198B9, cid=613, SUCCESS, logIndex=719, commits[8cac6937-780c-4459-964a-dea4dcd51fd7:c720, 9ed8676d-9460-465d-9905-fd43a52295f6:c718, da64134c-6992-4903-9407-7df321e464db:c718]
2019-07-09 09:59:08,722 INFO  client.GrpcClientProtocolClient (GrpcClientProtocolClient.java:onNext(255)) - client-CECA27ED65B5->8cac6937-780c-4459-964a-dea4dcd51fd7: receive RaftClientReply:client-CECA27ED65B5->8cac6937-780c-4459-964a-dea4dcd51fd7@group-D84C501198B9, cid=614, SUCCESS, logIndex=720, commits[8cac6937-780c-4459-964a-dea4dcd51fd7:c720, 9ed8676d-9460-465d-9905-fd43a52295f6:c718, da64134c-6992-4903-9407-7df321e464db:c718]
2019-07-09 09:59:08,759 INFO  client.GrpcClientProtocolClient (GrpcClientProtocolClient.java:onNext(255)) - client-CECA27ED65B5->8cac6937-780c-4459-964a-dea4dcd51fd7: receive RaftClientReply:client-CECA27ED65B5->8cac6937-780c-4459-964a-dea4dcd51fd7@group-D84C501198B9, cid=615, SUCCESS, logIndex=723, commits[8cac6937-780c-4459-964a-dea4dcd51fd7:c724, 9ed8676d-9460-465d-9905-fd43a52295f6:c720, da64134c-6992-4903-9407-7df321e464db:c720]
2019-07-09 09:59:08,760 INFO  client.GrpcClientProtocolClient (GrpcClientProtocolClient.java:onNext(255)) - client-CECA27ED65B5->8cac6937-780c-4459-964a-dea4dcd51fd7: receive RaftClientReply:client-CECA27ED65B5->8cac6937-780c-4459-964a-dea4dcd51fd7@group-D84C501198B9, cid=616, SUCCESS, logIndex=724, commits[8cac6937-780c-4459-964a-dea4dcd51fd7:c724, 9ed8676d-9460-465d-9905-fd43a52295f6:c720, da64134c-6992-4903-9407-7df321e464db:c720]
2019-07-09 09:59:08,784 INFO  client.GrpcClientProtocolClient (GrpcClientProtocolClient.java:onNext(255)) - client-CECA27ED65B5->8cac6937-780c-4459-964a-dea4dcd51fd7: receive RaftClientReply:client-CECA27ED65B5->8cac6937-780c-4459-964a-dea4dcd51fd7@group-D84C501198B9, cid=617, SUCCESS, logIndex=0, commits[8cac6937-780c-4459-964a-dea4dcd51fd7:c725, 9ed8676d-9460-465d-9905-fd43a52295f6:c724, da64134c-6992-4903-9407-7df321e464db:c724]
2019-07-09 09:59:08,810 INFO  client.GrpcClientProtocolClient (GrpcClientProtocolClient.java:onNext(255)) - client-CECA27ED65B5->8cac6937-780c-4459-964a-dea4dcd51fd7: receive RaftClientReply:client-CECA27ED65B5->8cac6937-780c-4459-964a-dea4dcd51fd7@group-D84C501198B9, cid=618, SUCCESS, logIndex=727, commits[8cac6937-780c-4459-964a-dea4dcd51fd7:c728, 9ed8676d-9460-465d-9905-fd43a52295f6:c726, da64134c-6992-4903-9407-7df321e464db:c726]
2019-07-09 09:59:08,811 INFO  client.GrpcClientProtocolClient (GrpcClientProtocolClient.java:onNext(255)) - client-CECA27ED65B5->8cac6937-780c-4459-964a-dea4dcd51fd7: receive RaftClientReply:client-CECA27ED65B5->8cac6937-780c-4459-964a-dea4dcd51fd7@group-D84C501198B9, cid=619, SUCCESS, logIndex=728, commits[8cac6937-780c-4459-964a-dea4dcd51fd7:c730, 9ed8676d-9460-465d-9905-fd43a52295f6:c726, da64134c-6992-4903-9407-7df321e464db:c726]
2019-07-09 09:59:08,811 INFO  client.GrpcClientProtocolClient (GrpcClientProtocolClient.java:onNext(255)) - client-CECA27ED65B5->8cac6937-780c-4459-964a-dea4dcd51fd7: receive RaftClientReply:client-CECA27ED65B5->8cac6937-780c-4459-964a-dea4dcd51fd7@group-D84C501198B9, cid=620, SUCCESS, logIndex=729, commits[8cac6937-780c-4459-964a-dea4dcd51fd7:c730, 9ed8676d-9460-465d-9905-fd43a52295f6:c726, da64134c-6992-4903-9407-7df321e464db:c726]
2019-07-09 09:59:08,812 INFO  client.GrpcClientProtocolClient (GrpcClientProtocolClient.java:onNext(255)) - client-CECA27ED65B5->8cac6937-780c-4459-964a-dea4dcd51fd7: receive RaftClientReply:client-CECA27ED65B5->8cac6937-780c-4459-964a-dea4dcd51fd7@group-D84C501198B9, cid=621, SUCCESS, logIndex=730, commits[8cac6937-780c-4459-964a-dea4dcd51fd7:c730, 9ed8676d-9460-465d-9905-fd43a52295f6:c726, da64134c-6992-4903-9407-7df321e464db:c726]
2019-07-09 09:59:08,825 INFO  client.GrpcClientProtocolClient (GrpcClientProtocolClient.java:onNext(255)) - client-CECA27ED65B5->8cac6937-780c-4459-964a-dea4dcd51fd7: receive RaftClientReply:client-CECA27ED65B5->8cac6937-780c-4459-964a-dea4dcd51fd7@group-D84C501198B9, cid=622, SUCCESS, logIndex=0, commits[8cac6937-780c-4459-964a-dea4dcd51fd7:c732, 9ed8676d-9460-465d-9905-fd43a52295f6:c730, da64134c-6992-4903-9407-7df321e464db:c728]
2019-07-09 09:59:08,847 INFO  client.GrpcClientProtocolClient (GrpcClientProtocolClient.java:onNext(255)) - client-CECA27ED65B5->8cac6937-780c-4459-964a-dea4dcd51fd7: receive RaftClientReply:client-CECA27ED65B5->8cac6937-780c-4459-964a-dea4dcd51fd7@group-D84C501198B9, cid=623, SUCCESS, logIndex=734, commits[8cac6937-780c-4459-964a-dea4dcd51fd7:c735, 9ed8676d-9460-465d-9905-fd43a52295f6:c733, da64134c-6992-4903-9407-7df321e464db:c733]
2019-07-09 09:59:08,847 INFO  client.GrpcClientProtocolClient (GrpcClientProtocolClient.java:onNext(255)) - client-CECA27ED65B5->8cac6937-780c-4459-964a-dea4dcd51fd7: receive RaftClientReply:client-CECA27ED65B5->8cac6937-780c-4459-964a-dea4dcd51fd7@group-D84C501198B9, cid=624, SUCCESS, logIndex=735, commits[8cac6937-780c-4459-964a-dea4dcd51fd7:c735, 9ed8676d-9460-465d-9905-fd43a52295f6:c733, da64134c-6992-4903-9407-7df321e464db:c733]
2019-07-09 09:59:08,881 INFO  client.GrpcClientProtocolClient (GrpcClientProtocolClient.java:onNext(255)) - client-CECA27ED65B5->8cac6937-780c-4459-964a-dea4dcd51fd7: receive RaftClientReply:client-CECA27ED65B5->8cac6937-780c-4459-964a-dea4dcd51fd7@group-D84C501198B9, cid=625, SUCCESS, logIndex=738, commits[8cac6937-780c-4459-964a-dea4dcd51fd7:c739, 9ed8676d-9460-465d-9905-fd43a52295f6:c735, da64134c-6992-4903-9407-7df321e464db:c735]
2019-07-09 09:59:08,881 INFO  client.GrpcClientProtocolClient (GrpcClientProtocolClient.java:onNext(255)) - client-CECA27ED65B5->8cac6937-780c-4459-964a-dea4dcd51fd7: receive RaftClientReply:client-CECA27ED65B5->8cac6937-780c-4459-964a-dea4dcd51fd7@group-D84C501198B9, cid=626, SUCCESS, logIndex=739, commits[8cac6937-780c-4459-964a-dea4dcd51fd7:c739, 9ed8676d-9460-465d-9905-fd43a52295f6:c735, da64134c-6992-4903-9407-7df321e464db:c735]
2019-07-09 09:59:08,895 INFO  client.GrpcClientProtocolClient (GrpcClientProtocolClient.java:onNext(255)) - client-CECA27ED65B5->8cac6937-780c-4459-964a-dea4dcd51fd7: receive RaftClientReply:client-CECA27ED65B5->8cac6937-780c-4459-964a-dea4dcd51fd7@group-D84C501198B9, cid=627, SUCCESS, logIndex=0, commits[8cac6937-780c-4459-964a-dea4dcd51fd7:c741, 9ed8676d-9460-465d-9905-fd43a52295f6:c739, da64134c-6992-4903-9407-7df321e464db:c739]
2019-07-09 09:59:08,919 INFO  client.GrpcClientProtocolClient (GrpcClientProtocolClient.java:onNext(255)) - client-CECA27ED65B5->8cac6937-780c-4459-964a-dea4dcd51fd7: receive RaftClientReply:client-CECA27ED65B5->8cac6937-780c-4459-964a-dea4dcd51fd7@group-D84C501198B9, cid=628, SUCCESS, logIndex=742, commits[8cac6937-780c-4459-964a-dea4dcd51fd7:c743, 9ed8676d-9460-465d-9905-fd43a52295f6:c741, da64134c-6992-4903-9407-7df321e464db:c741]
2019-07-09 09:59:08,920 INFO  client.GrpcClientProtocolClient (GrpcClientProtocolClient.java:onNext(255)) - client-CECA27ED65B5->8cac6937-780c-4459-964a-dea4dcd51fd7: receive RaftClientReply:client-CECA27ED65B5->8cac6937-780c-4459-964a-dea4dcd51fd7@group-D84C501198B9, cid=629, SUCCESS, logIndex=743, commits[8cac6937-780c-4459-964a-dea4dcd51fd7:c745, 9ed8676d-9460-465d-9905-fd43a52295f6:c741, da64134c-6992-4903-9407-7df321e464db:c741]
2019-07-09 09:59:08,920 INFO  client.GrpcClientProtocolClient (GrpcClientProtocolClient.java:onNext(255)) - client-CECA27ED65B5->8cac6937-780c-4459-964a-dea4dcd51fd7: receive RaftClientReply:client-CECA27ED65B5->8cac6937-780c-4459-964a-dea4dcd51fd7@group-D84C501198B9, cid=630, SUCCESS, logIndex=744, commits[8cac6937-780c-4459-964a-dea4dcd51fd7:c745, 9ed8676d-9460-465d-9905-fd43a52295f6:c741, da64134c-6992-4903-9407-7df321e464db:c741]
2019-07-09 09:59:08,921 INFO  client.GrpcClientProtocolClient (GrpcClientProtocolClient.java:onNext(255)) - client-CECA27ED65B5->8cac6937-780c-4459-964a-dea4dcd51fd7: receive RaftClientReply:client-CECA27ED65B5->8cac6937-780c-4459-964a-dea4dcd51fd7@group-D84C501198B9, cid=631, SUCCESS, logIndex=745, commits[8cac6937-780c-4459-964a-dea4dcd51fd7:c745, 9ed8676d-9460-465d-9905-fd43a52295f6:c741, da64134c-6992-4903-9407-7df321e464db:c741]
2019-07-09 09:59:08,933 INFO  client.GrpcClientProtocolClient (GrpcClientProtocolClient.java:onNext(255)) - client-CECA27ED65B5->8cac6937-780c-4459-964a-dea4dcd51fd7: receive RaftClientReply:client-CECA27ED65B5->8cac6937-780c-4459-964a-dea4dcd51fd7@group-D84C501198B9, cid=632, SUCCESS, logIndex=0, commits[8cac6937-780c-4459-964a-dea4dcd51fd7:c747, 9ed8676d-9460-465d-9905-fd43a52295f6:c743, da64134c-6992-4903-9407-7df321e464db:c743]
2019-07-09 09:59:08,958 INFO  client.GrpcClientProtocolClient (GrpcClientProtocolClient.java:onNext(255)) - client-CECA27ED65B5->8cac6937-780c-4459-964a-dea4dcd51fd7: receive RaftClientReply:client-CECA27ED65B5->8cac6937-780c-4459-964a-dea4dcd51fd7@group-D84C501198B9, cid=633, SUCCESS, logIndex=749, commits[8cac6937-780c-4459-964a-dea4dcd51fd7:c750, 9ed8676d-9460-465d-9905-fd43a52295f6:c748, da64134c-6992-4903-9407-7df321e464db:c748]
2019-07-09 09:59:08,959 INFO  client.GrpcClientProtocolClient (GrpcClientProtocolClient.java:onNext(255)) - client-CECA27ED65B5->8cac6937-780c-4459-964a-dea4dcd51fd7: receive RaftClientReply:client-CECA27ED65B5->8cac6937-780c-4459-964a-dea4dcd51fd7@group-D84C501198B9, cid=634, SUCCESS, logIndex=750, commits[8cac6937-780c-4459-964a-dea4dcd51fd7:c750, 9ed8676d-9460-465d-9905-fd43a52295f6:c748, da64134c-6992-4903-9407-7df321e464db:c748]
2019-07-09 09:59:08,985 INFO  client.GrpcClientProtocolClient (GrpcClientProtocolClient.java:onNext(255)) - client-CECA27ED65B5->8cac6937-780c-4459-964a-dea4dcd51fd7: receive RaftClientReply:client-CECA27ED65B5->8cac6937-780c-4459-964a-dea4dcd51fd7@group-D84C501198B9, cid=635, SUCCESS, logIndex=753, commits[8cac6937-780c-4459-964a-dea4dcd51fd7:c754, 9ed8676d-9460-465d-9905-fd43a52295f6:c750, da64134c-6992-4903-9407-7df321e464db:c750]
2019-07-09 09:59:08,986 INFO  client.GrpcClientProtocolClient (GrpcClientProtocolClient.java:onNext(255)) - client-CECA27ED65B5->8cac6937-780c-4459-964a-dea4dcd51fd7: receive RaftClientReply:client-CECA27ED65B5->8cac6937-780c-4459-964a-dea4dcd51fd7@group-D84C501198B9, cid=636, SUCCESS, logIndex=754, commits[8cac6937-780c-4459-964a-dea4dcd51fd7:c754, 9ed8676d-9460-465d-9905-fd43a52295f6:c750, da64134c-6992-4903-9407-7df321e464db:c750]
2019-07-09 09:59:08,999 INFO  client.GrpcClientProtocolClient (GrpcClientProtocolClient.java:onNext(255)) - client-CECA27ED65B5->8cac6937-780c-4459-964a-dea4dcd51fd7: receive RaftClientReply:client-CECA27ED65B5->8cac6937-780c-4459-964a-dea4dcd51fd7@group-D84C501198B9, cid=637, SUCCESS, logIndex=0, commits[8cac6937-780c-4459-964a-dea4dcd51fd7:c756, 9ed8676d-9460-465d-9905-fd43a52295f6:c754, da64134c-6992-4903-9407-7df321e464db:c754]
2019-07-09 09:59:09,023 INFO  client.GrpcClientProtocolClient (GrpcClientProtocolClient.java:onNext(255)) - client-CECA27ED65B5->8cac6937-780c-4459-964a-dea4dcd51fd7: receive RaftClientReply:client-CECA27ED65B5->8cac6937-780c-4459-964a-dea4dcd51fd7@group-D84C501198B9, cid=638, SUCCESS, logIndex=757, commits[8cac6937-780c-4459-964a-dea4dcd51fd7:c759, 9ed8676d-9460-465d-9905-fd43a52295f6:c756, da64134c-6992-4903-9407-7df321e464db:c756]
2019-07-09 09:59:09,024 INFO  client.GrpcClientProtocolClient (GrpcClientProtocolClient.java:onNext(255)) - client-CECA27ED65B5->8cac6937-780c-4459-964a-dea4dcd51fd7: receive RaftClientReply:client-CECA27ED65B5->8cac6937-780c-4459-964a-dea4dcd51fd7@group-D84C501198B9, cid=639, SUCCESS, logIndex=758, commits[8cac6937-780c-4459-964a-dea4dcd51fd7:c760, 9ed8676d-9460-465d-9905-fd43a52295f6:c756, da64134c-6992-4903-9407-7df321e464db:c756]
2019-07-09 09:59:09,024 INFO  client.GrpcClientProtocolClient (GrpcClientProtocolClient.java:onNext(255)) - client-CECA27ED65B5->8cac6937-780c-4459-964a-dea4dcd51fd7: receive RaftClientReply:client-CECA27ED65B5->8cac6937-780c-4459-964a-dea4dcd51fd7@group-D84C501198B9, cid=640, SUCCESS, logIndex=759, commits[8cac6937-780c-4459-964a-dea4dcd51fd7:c760, 9ed8676d-9460-465d-9905-fd43a52295f6:c756, da64134c-6992-4903-9407-7df321e464db:c756]
2019-07-09 09:59:09,024 INFO  client.GrpcClientProtocolClient (GrpcClientProtocolClient.java:onNext(255)) - client-CECA27ED65B5->8cac6937-780c-4459-964a-dea4dcd51fd7: receive RaftClientReply:client-CECA27ED65B5->8cac6937-780c-4459-964a-dea4dcd51fd7@group-D84C501198B9, cid=641, SUCCESS, logIndex=760, commits[8cac6937-780c-4459-964a-dea4dcd51fd7:c760, 9ed8676d-9460-465d-9905-fd43a52295f6:c756, da64134c-6992-4903-9407-7df321e464db:c756]
2019-07-09 09:59:09,038 INFO  client.GrpcClientProtocolClient (GrpcClientProtocolClient.java:onNext(255)) - client-CECA27ED65B5->8cac6937-780c-4459-964a-dea4dcd51fd7: receive RaftClientReply:client-CECA27ED65B5->8cac6937-780c-4459-964a-dea4dcd51fd7@group-D84C501198B9, cid=642, SUCCESS, logIndex=0, commits[8cac6937-780c-4459-964a-dea4dcd51fd7:c762, 9ed8676d-9460-465d-9905-fd43a52295f6:c758, da64134c-6992-4903-9407-7df321e464db:c758]
2019-07-09 09:59:09,060 INFO  client.GrpcClientProtocolClient (GrpcClientProtocolClient.java:onNext(255)) - client-CECA27ED65B5->8cac6937-780c-4459-964a-dea4dcd51fd7: receive RaftClientReply:client-CECA27ED65B5->8cac6937-780c-4459-964a-dea4dcd51fd7@group-D84C501198B9, cid=643, SUCCESS, logIndex=765, commits[8cac6937-780c-4459-964a-dea4dcd51fd7:c766, 9ed8676d-9460-465d-9905-fd43a52295f6:c764, da64134c-6992-4903-9407-7df321e464db:c764]
2019-07-09 09:59:09,061 INFO  client.GrpcClientProtocolClient (GrpcClientProtocolClient.java:onNext(255)) - client-CECA27ED65B5->8cac6937-780c-4459-964a-dea4dcd51fd7: receive RaftClientReply:client-CECA27ED65B5->8cac6937-780c-4459-964a-dea4dcd51fd7@group-D84C501198B9, cid=644, SUCCESS, logIndex=766, commits[8cac6937-780c-4459-964a-dea4dcd51fd7:c766, 9ed8676d-9460-465d-9905-fd43a52295f6:c764, da64134c-6992-4903-9407-7df321e464db:c764]
2019-07-09 09:59:09,086 INFO  client.GrpcClientProtocolClient (GrpcClientProtocolClient.java:onNext(255)) - client-CECA27ED65B5->8cac6937-780c-4459-964a-dea4dcd51fd7: receive RaftClientReply:client-CECA27ED65B5->8cac6937-780c-4459-964a-dea4dcd51fd7@group-D84C501198B9, cid=645, SUCCESS, logIndex=769, commits[8cac6937-780c-4459-964a-dea4dcd51fd7:c770, 9ed8676d-9460-465d-9905-fd43a52295f6:c768, da64134c-6992-4903-9407-7df321e464db:c768]
2019-07-09 09:59:09,087 INFO  client.GrpcClientProtocolClient (GrpcClientProtocolClient.java:onNext(255)) - client-CECA27ED65B5->8cac6937-780c-4459-964a-dea4dcd51fd7: receive RaftClientReply:client-CECA27ED65B5->8cac6937-780c-4459-964a-dea4dcd51fd7@group-D84C501198B9, cid=646, SUCCESS, logIndex=770, commits[8cac6937-780c-4459-964a-dea4dcd51fd7:c770, 9ed8676d-9460-465d-9905-fd43a52295f6:c768, da64134c-6992-4903-9407-7df321e464db:c768]
2019-07-09 09:59:09,101 INFO  client.GrpcClientProtocolClient (GrpcClientProtocolClient.java:onNext(255)) - client-CECA27ED65B5->8cac6937-780c-4459-964a-dea4dcd51fd7: receive RaftClientReply:client-CECA27ED65B5->8cac6937-780c-4459-964a-dea4dcd51fd7@group-D84C501198B9, cid=647, SUCCESS, logIndex=0, commits[8cac6937-780c-4459-964a-dea4dcd51fd7:c772, 9ed8676d-9460-465d-9905-fd43a52295f6:c770, da64134c-6992-4903-9407-7df321e464db:c770]
2019-07-09 09:59:09,130 INFO  client.GrpcClientProtocolClient (GrpcClientProtocolClient.java:onNext(255)) - client-CECA27ED65B5->8cac6937-780c-4459-964a-dea4dcd51fd7: receive RaftClientReply:client-CECA27ED65B5->8cac6937-780c-4459-964a-dea4dcd51fd7@group-D84C501198B9, cid=648, SUCCESS, logIndex=773, commits[8cac6937-780c-4459-964a-dea4dcd51fd7:c774, 9ed8676d-9460-465d-9905-fd43a52295f6:c770, da64134c-6992-4903-9407-7df321e464db:c772]
2019-07-09 09:59:09,131 INFO  client.GrpcClientProtocolClient (GrpcClientProtocolClient.java:onNext(255)) - client-CECA27ED65B5->8cac6937-780c-4459-964a-dea4dcd51fd7: receive RaftClientReply:client-CECA27ED65B5->8cac6937-780c-4459-964a-dea4dcd51fd7@group-D84C501198B9, cid=649, SUCCESS, logIndex=774, commits[8cac6937-780c-4459-964a-dea4dcd51fd7:c775, 9ed8676d-9460-465d-9905-fd43a52295f6:c772, da64134c-6992-4903-9407-7df321e464db:c772]
2019-07-09 09:59:09,131 INFO  client.GrpcClientProtocolClient (GrpcClientProtocolClient.java:onNext(255)) - client-CECA27ED65B5->8cac6937-780c-4459-964a-dea4dcd51fd7: receive RaftClientReply:client-CECA27ED65B5->8cac6937-780c-4459-964a-dea4dcd51fd7@group-D84C501198B9, cid=650, SUCCESS, logIndex=775, commits[8cac6937-780c-4459-964a-dea4dcd51fd7:c776, 9ed8676d-9460-465d-9905-fd43a52295f6:c772, da64134c-6992-4903-9407-7df321e464db:c772]
2019-07-09 09:59:09,131 INFO  client.GrpcClientProtocolClient (GrpcClientProtocolClient.java:onNext(255)) - client-CECA27ED65B5->8cac6937-780c-4459-964a-dea4dcd51fd7: receive RaftClientReply:client-CECA27ED65B5->8cac6937-780c-4459-964a-dea4dcd51fd7@group-D84C501198B9, cid=651, SUCCESS, logIndex=776, commits[8cac6937-780c-4459-964a-dea4dcd51fd7:c776, 9ed8676d-9460-465d-9905-fd43a52295f6:c772, da64134c-6992-4903-9407-7df321e464db:c772]
2019-07-09 09:59:09,153 INFO  client.GrpcClientProtocolClient (GrpcClientProtocolClient.java:onNext(255)) - client-CECA27ED65B5->8cac6937-780c-4459-964a-dea4dcd51fd7: receive RaftClientReply:client-CECA27ED65B5->8cac6937-780c-4459-964a-dea4dcd51fd7@group-D84C501198B9, cid=652, SUCCESS, logIndex=0, commits[8cac6937-780c-4459-964a-dea4dcd51fd7:c778, 9ed8676d-9460-465d-9905-fd43a52295f6:c774, da64134c-6992-4903-9407-7df321e464db:c774]
 0.00% |█                                                                                                    |  0/1 Time: 0:00:012019-07-09 09:59:09,176 INFO  client.GrpcClientProtocolClient (GrpcClientProtocolClient.java:onNext(255)) - client-CECA27ED65B5->8cac6937-780c-4459-964a-dea4dcd51fd7: receive RaftClientReply:client-CECA27ED65B5->8cac6937-780c-4459-964a-dea4dcd51fd7@group-D84C501198B9, cid=653, SUCCESS, logIndex=781, commits[8cac6937-780c-4459-964a-dea4dcd51fd7:c782, 9ed8676d-9460-465d-9905-fd43a52295f6:c780, da64134c-6992-4903-9407-7df321e464db:c780]
2019-07-09 09:59:09,177 INFO  client.GrpcClientProtocolClient (GrpcClientProtocolClient.java:onNext(255)) - client-CECA27ED65B5->8cac6937-780c-4459-964a-dea4dcd51fd7: receive RaftClientReply:client-CECA27ED65B5->8cac6937-780c-4459-964a-dea4dcd51fd7@group-D84C501198B9, cid=654, SUCCESS, logIndex=782, commits[8cac6937-780c-4459-964a-dea4dcd51fd7:c782, 9ed8676d-9460-465d-9905-fd43a52295f6:c780, da64134c-6992-4903-9407-7df321e464db:c780]
2019-07-09 09:59:09,202 INFO  client.GrpcClientProtocolClient (GrpcClientProtocolClient.java:onNext(255)) - client-CECA27ED65B5->8cac6937-780c-4459-964a-dea4dcd51fd7: receive RaftClientReply:client-CECA27ED65B5->8cac6937-780c-4459-964a-dea4dcd51fd7@group-D84C501198B9, cid=655, SUCCESS, logIndex=785, commits[8cac6937-780c-4459-964a-dea4dcd51fd7:c786, 9ed8676d-9460-465d-9905-fd43a52295f6:c782, da64134c-6992-4903-9407-7df321e464db:c782]
2019-07-09 09:59:09,203 INFO  client.GrpcClientProtocolClient (GrpcClientProtocolClient.java:onNext(255)) - client-CECA27ED65B5->8cac6937-780c-4459-964a-dea4dcd51fd7: receive RaftClientReply:client-CECA27ED65B5->8cac6937-780c-4459-964a-dea4dcd51fd7@group-D84C501198B9, cid=656, SUCCESS, logIndex=786, commits[8cac6937-780c-4459-964a-dea4dcd51fd7:c786, 9ed8676d-9460-465d-9905-fd43a52295f6:c782, da64134c-6992-4903-9407-7df321e464db:c782]
2019-07-09 09:59:09,205 INFO  client.GrpcClientProtocolClient (GrpcClientProtocolClient.java:onNext(255)) - client-CECA27ED65B5->8cac6937-780c-4459-964a-dea4dcd51fd7: receive RaftClientReply:client-CECA27ED65B5->8cac6937-780c-4459-964a-dea4dcd51fd7@group-D84C501198B9, cid=657, SUCCESS, logIndex=0, commits[8cac6937-780c-4459-964a-dea4dcd51fd7:c787, 9ed8676d-9460-465d-9905-fd43a52295f6:c786, da64134c-6992-4903-9407-7df321e464db:c786]
2019-07-09 09:59:09,230 INFO  client.GrpcClientProtocolClient (GrpcClientProtocolClient.java:onNext(255)) - client-CECA27ED65B5->8cac6937-780c-4459-964a-dea4dcd51fd7: receive RaftClientReply:client-CECA27ED65B5->8cac6937-780c-4459-964a-dea4dcd51fd7@group-D84C501198B9, cid=658, SUCCESS, logIndex=789, commits[8cac6937-780c-4459-964a-dea4dcd51fd7:c790, 9ed8676d-9460-465d-9905-fd43a52295f6:c788, da64134c-6992-4903-9407-7df321e464db:c788]
2019-07-09 09:59:09,231 INFO  client.GrpcClientProtocolClient (GrpcClientProtocolClient.java:onNext(255)) - client-CECA27ED65B5->8cac6937-780c-4459-964a-dea4dcd51fd7: receive RaftClientReply:client-CECA27ED65B5->8cac6937-780c-4459-964a-dea4dcd51fd7@group-D84C501198B9, cid=659, SUCCESS, logIndex=790, commits[8cac6937-780c-4459-964a-dea4dcd51fd7:c790, 9ed8676d-9460-465d-9905-fd43a52295f6:c788, da64134c-6992-4903-9407-7df321e464db:c788]
2019-07-09 09:59:09,241 INFO  client.GrpcClientProtocolClient (GrpcClientProtocolClient.java:onNext(255)) - client-CECA27ED65B5->8cac6937-780c-4459-964a-dea4dcd51fd7: receive RaftClientReply:client-CECA27ED65B5->8cac6937-780c-4459-964a-dea4dcd51fd7@group-D84C501198B9, cid=660, SUCCESS, logIndex=791, commits[8cac6937-780c-4459-964a-dea4dcd51fd7:c792, 9ed8676d-9460-465d-9905-fd43a52295f6:c788, da64134c-6992-4903-9407-7df321e464db:c788]
2019-07-09 09:59:09,242 INFO  client.GrpcClientProtocolClient (GrpcClientProtocolClient.java:onNext(255)) - client-CECA27ED65B5->8cac6937-780c-4459-964a-dea4dcd51fd7: receive RaftClientReply:client-CECA27ED65B5->8cac6937-780c-4459-964a-dea4dcd51fd7@group-D84C501198B9, cid=661, SUCCESS, logIndex=792, commits[8cac6937-780c-4459-964a-dea4dcd51fd7:c792, 9ed8676d-9460-465d-9905-fd43a52295f6:c788, da64134c-6992-4903-9407-7df321e464db:c788]
2019-07-09 09:59:09,244 INFO  client.GrpcClientProtocolClient (GrpcClientProtocolClient.java:onNext(255)) - client-CECA27ED65B5->8cac6937-780c-4459-964a-dea4dcd51fd7: receive RaftClientReply:client-CECA27ED65B5->8cac6937-780c-4459-964a-dea4dcd51fd7@group-D84C501198B9, cid=662, SUCCESS, logIndex=0, commits[8cac6937-780c-4459-964a-dea4dcd51fd7:c794, 9ed8676d-9460-465d-9905-fd43a52295f6:c790, da64134c-6992-4903-9407-7df321e464db:c790]
2019-07-09 09:59:09,268 INFO  client.GrpcClientProtocolClient (GrpcClientProtocolClient.java:onNext(255)) - client-CECA27ED65B5->8cac6937-780c-4459-964a-dea4dcd51fd7: receive RaftClientReply:client-CECA27ED65B5->8cac6937-780c-4459-964a-dea4dcd51fd7@group-D84C501198B9, cid=663, SUCCESS, logIndex=797, commits[8cac6937-780c-4459-964a-dea4dcd51fd7:c798, 9ed8676d-9460-465d-9905-fd43a52295f6:c794, da64134c-6992-4903-9407-7df321e464db:c794]
2019-07-09 09:59:09,268 INFO  client.GrpcClientProtocolClient (GrpcClientProtocolClient.java:onNext(255)) - client-CECA27ED65B5->8cac6937-780c-4459-964a-dea4dcd51fd7: receive RaftClientReply:client-CECA27ED65B5->8cac6937-780c-4459-964a-dea4dcd51fd7@group-D84C501198B9, cid=664, SUCCESS, logIndex=798, commits[8cac6937-780c-4459-964a-dea4dcd51fd7:c798, 9ed8676d-9460-465d-9905-fd43a52295f6:c794, da64134c-6992-4903-9407-7df321e464db:c794]
2019-07-09 09:59:09,293 INFO  client.GrpcClientProtocolClient (GrpcClientProtocolClient.java:onNext(255)) - client-CECA27ED65B5->8cac6937-780c-4459-964a-dea4dcd51fd7: receive RaftClientReply:client-CECA27ED65B5->8cac6937-780c-4459-964a-dea4dcd51fd7@group-D84C501198B9, cid=665, SUCCESS, logIndex=801, commits[8cac6937-780c-4459-964a-dea4dcd51fd7:c802, 9ed8676d-9460-465d-9905-fd43a52295f6:c798, da64134c-6992-4903-9407-7df321e464db:c798]
2019-07-09 09:59:09,293 INFO  client.GrpcClientProtocolClient (GrpcClientProtocolClient.java:onNext(255)) - client-CECA27ED65B5->8cac6937-780c-4459-964a-dea4dcd51fd7: receive RaftClientReply:client-CECA27ED65B5->8cac6937-780c-4459-964a-dea4dcd51fd7@group-D84C501198B9, cid=666, SUCCESS, logIndex=802, commits[8cac6937-780c-4459-964a-dea4dcd51fd7:c802, 9ed8676d-9460-465d-9905-fd43a52295f6:c798, da64134c-6992-4903-9407-7df321e464db:c798]
2019-07-09 09:59:09,307 INFO  client.GrpcClientProtocolClient (GrpcClientProtocolClient.java:onNext(255)) - client-CECA27ED65B5->8cac6937-780c-4459-964a-dea4dcd51fd7: receive RaftClientReply:client-CECA27ED65B5->8cac6937-780c-4459-964a-dea4dcd51fd7@group-D84C501198B9, cid=667, SUCCESS, logIndex=0, commits[8cac6937-780c-4459-964a-dea4dcd51fd7:c804, 9ed8676d-9460-465d-9905-fd43a52295f6:c802, da64134c-6992-4903-9407-7df321e464db:c802]
2019-07-09 09:59:09,331 INFO  client.GrpcClientProtocolClient (GrpcClientProtocolClient.java:onNext(255)) - client-CECA27ED65B5->8cac6937-780c-4459-964a-dea4dcd51fd7: receive RaftClientReply:client-CECA27ED65B5->8cac6937-780c-4459-964a-dea4dcd51fd7@group-D84C501198B9, cid=668, SUCCESS, logIndex=805, commits[8cac6937-780c-4459-964a-dea4dcd51fd7:c806, 9ed8676d-9460-465d-9905-fd43a52295f6:c804, da64134c-6992-4903-9407-7df321e464db:c804]
2019-07-09 09:59:09,332 INFO  client.GrpcClientProtocolClient (GrpcClientProtocolClient.java:onNext(255)) - client-CECA27ED65B5->8cac6937-780c-4459-964a-dea4dcd51fd7: receive RaftClientReply:client-CECA27ED65B5->8cac6937-780c-4459-964a-dea4dcd51fd7@group-D84C501198B9, cid=669, SUCCESS, logIndex=806, commits[8cac6937-780c-4459-964a-dea4dcd51fd7:c806, 9ed8676d-9460-465d-9905-fd43a52295f6:c804, da64134c-6992-4903-9407-7df321e464db:c804]
2019-07-09 09:59:09,333 INFO  client.GrpcClientProtocolClient (GrpcClientProtocolClient.java:onNext(255)) - client-CECA27ED65B5->8cac6937-780c-4459-964a-dea4dcd51fd7: receive RaftClientReply:client-CECA27ED65B5->8cac6937-780c-4459-964a-dea4dcd51fd7@group-D84C501198B9, cid=670, SUCCESS, logIndex=807, commits[8cac6937-780c-4459-964a-dea4dcd51fd7:c808, 9ed8676d-9460-465d-9905-fd43a52295f6:c804, da64134c-6992-4903-9407-7df321e464db:c804]
2019-07-09 09:59:09,334 INFO  client.GrpcClientProtocolClient (GrpcClientProtocolClient.java:onNext(255)) - client-CECA27ED65B5->8cac6937-780c-4459-964a-dea4dcd51fd7: receive RaftClientReply:client-CECA27ED65B5->8cac6937-780c-4459-964a-dea4dcd51fd7@group-D84C501198B9, cid=671, SUCCESS, logIndex=808, commits[8cac6937-780c-4459-964a-dea4dcd51fd7:c808, 9ed8676d-9460-465d-9905-fd43a52295f6:c804, da64134c-6992-4903-9407-7df321e464db:c804]
2019-07-09 09:59:09,337 INFO  client.GrpcClientProtocolClient (GrpcClientProtocolClient.java:onNext(255)) - client-CECA27ED65B5->8cac6937-780c-4459-964a-dea4dcd51fd7: receive RaftClientReply:client-CECA27ED65B5->8cac6937-780c-4459-964a-dea4dcd51fd7@group-D84C501198B9, cid=672, SUCCESS, logIndex=0, commits[8cac6937-780c-4459-964a-dea4dcd51fd7:c810, 9ed8676d-9460-465d-9905-fd43a52295f6:c806, da64134c-6992-4903-9407-7df321e464db:c806]
2019-07-09 09:59:09,357 INFO  client.GrpcClientProtocolClient (GrpcClientProtocolClient.java:onNext(255)) - client-CECA27ED65B5->8cac6937-780c-4459-964a-dea4dcd51fd7: receive RaftClientReply:client-CECA27ED65B5->8cac6937-780c-4459-964a-dea4dcd51fd7@group-D84C501198B9, cid=673, SUCCESS, logIndex=813, commits[8cac6937-780c-4459-964a-dea4dcd51fd7:c814, 9ed8676d-9460-465d-9905-fd43a52295f6:c812, da64134c-6992-4903-9407-7df321e464db:c812]
2019-07-09 09:59:09,358 INFO  client.GrpcClientProtocolClient (GrpcClientProtocolClient.java:onNext(255)) - client-CECA27ED65B5->8cac6937-780c-4459-964a-dea4dcd51fd7: receive RaftClientReply:client-CECA27ED65B5->8cac6937-780c-4459-964a-dea4dcd51fd7@group-D84C501198B9, cid=674, SUCCESS, logIndex=814, commits[8cac6937-780c-4459-964a-dea4dcd51fd7:c814, 9ed8676d-9460-465d-9905-fd43a52295f6:c812, da64134c-6992-4903-9407-7df321e464db:c812]
2019-07-09 09:59:09,379 INFO  client.GrpcClientProtocolClient (GrpcClientProtocolClient.java:onNext(255)) - client-CECA27ED65B5->8cac6937-780c-4459-964a-dea4dcd51fd7: receive RaftClientReply:client-CECA27ED65B5->8cac6937-780c-4459-964a-dea4dcd51fd7@group-D84C501198B9, cid=675, SUCCESS, logIndex=817, commits[8cac6937-780c-4459-964a-dea4dcd51fd7:c818, 9ed8676d-9460-465d-9905-fd43a52295f6:c816, da64134c-6992-4903-9407-7df321e464db:c816]
2019-07-09 09:59:09,379 INFO  client.GrpcClientProtocolClient (GrpcClientProtocolClient.java:onNext(255)) - client-CECA27ED65B5->8cac6937-780c-4459-964a-dea4dcd51fd7: receive RaftClientReply:client-CECA27ED65B5->8cac6937-780c-4459-964a-dea4dcd51fd7@group-D84C501198B9, cid=676, SUCCESS, logIndex=818, commits[8cac6937-780c-4459-964a-dea4dcd51fd7:c818, 9ed8676d-9460-465d-9905-fd43a52295f6:c816, da64134c-6992-4903-9407-7df321e464db:c816]
2019-07-09 09:59:09,394 INFO  client.GrpcClientProtocolClient (GrpcClientProtocolClient.java:onNext(255)) - client-CECA27ED65B5->8cac6937-780c-4459-964a-dea4dcd51fd7: receive RaftClientReply:client-CECA27ED65B5->8cac6937-780c-4459-964a-dea4dcd51fd7@group-D84C501198B9, cid=677, SUCCESS, logIndex=0, commits[8cac6937-780c-4459-964a-dea4dcd51fd7:c819, 9ed8676d-9460-465d-9905-fd43a52295f6:c818, da64134c-6992-4903-9407-7df321e464db:c818]
2019-07-09 09:59:09,419 INFO  client.GrpcClientProtocolClient (GrpcClientProtocolClient.java:onNext(255)) - client-CECA27ED65B5->8cac6937-780c-4459-964a-dea4dcd51fd7: receive RaftClientReply:client-CECA27ED65B5->8cac6937-780c-4459-964a-dea4dcd51fd7@group-D84C501198B9, cid=678, SUCCESS, logIndex=821, commits[8cac6937-780c-4459-964a-dea4dcd51fd7:c822, 9ed8676d-9460-465d-9905-fd43a52295f6:c820, da64134c-6992-4903-9407-7df321e464db:c820]
2019-07-09 09:59:09,420 INFO  client.GrpcClientProtocolClient (GrpcClientProtocolClient.java:onNext(255)) - client-CECA27ED65B5->8cac6937-780c-4459-964a-dea4dcd51fd7: receive RaftClientReply:client-CECA27ED65B5->8cac6937-780c-4459-964a-dea4dcd51fd7@group-D84C501198B9, cid=679, SUCCESS, logIndex=822, commits[8cac6937-780c-4459-964a-dea4dcd51fd7:c824, 9ed8676d-9460-465d-9905-fd43a52295f6:c820, da64134c-6992-4903-9407-7df321e464db:c820]
2019-07-09 09:59:09,421 INFO  client.GrpcClientProtocolClient (GrpcClientProtocolClient.java:onNext(255)) - client-CECA27ED65B5->8cac6937-780c-4459-964a-dea4dcd51fd7: receive RaftClientReply:client-CECA27ED65B5->8cac6937-780c-4459-964a-dea4dcd51fd7@group-D84C501198B9, cid=680, SUCCESS, logIndex=823, commits[8cac6937-780c-4459-964a-dea4dcd51fd7:c824, 9ed8676d-9460-465d-9905-fd43a52295f6:c820, da64134c-6992-4903-9407-7df321e464db:c820]
2019-07-09 09:59:09,421 INFO  client.GrpcClientProtocolClient (GrpcClientProtocolClient.java:onNext(255)) - client-CECA27ED65B5->8cac6937-780c-4459-964a-dea4dcd51fd7: receive RaftClientReply:client-CECA27ED65B5->8cac6937-780c-4459-964a-dea4dcd51fd7@group-D84C501198B9, cid=681, SUCCESS, logIndex=824, commits[8cac6937-780c-4459-964a-dea4dcd51fd7:c824, 9ed8676d-9460-465d-9905-fd43a52295f6:c820, da64134c-6992-4903-9407-7df321e464db:c820]
2019-07-09 09:59:09,423 INFO  client.GrpcClientProtocolClient (GrpcClientProtocolClient.java:onNext(255)) - client-CECA27ED65B5->8cac6937-780c-4459-964a-dea4dcd51fd7: receive RaftClientReply:client-CECA27ED65B5->8cac6937-780c-4459-964a-dea4dcd51fd7@group-D84C501198B9, cid=682, SUCCESS, logIndex=0, commits[8cac6937-780c-4459-964a-dea4dcd51fd7:c826, 9ed8676d-9460-465d-9905-fd43a52295f6:c822, da64134c-6992-4903-9407-7df321e464db:c822]
2019-07-09 09:59:09,446 INFO  client.GrpcClientProtocolClient (GrpcClientProtocolClient.java:onNext(255)) - client-CECA27ED65B5->8cac6937-780c-4459-964a-dea4dcd51fd7: receive RaftClientReply:client-CECA27ED65B5->8cac6937-780c-4459-964a-dea4dcd51fd7@group-D84C501198B9, cid=683, SUCCESS, logIndex=829, commits[8cac6937-780c-4459-964a-dea4dcd51fd7:c830, 9ed8676d-9460-465d-9905-fd43a52295f6:c828, da64134c-6992-4903-9407-7df321e464db:c828]
2019-07-09 09:59:09,446 INFO  client.GrpcClientProtocolClient (GrpcClientProtocolClient.java:onNext(255)) - client-CECA27ED65B5->8cac6937-780c-4459-964a-dea4dcd51fd7: receive RaftClientReply:client-CECA27ED65B5->8cac6937-780c-4459-964a-dea4dcd51fd7@group-D84C501198B9, cid=684, SUCCESS, logIndex=830, commits[8cac6937-780c-4459-964a-dea4dcd51fd7:c830, 9ed8676d-9460-465d-9905-fd43a52295f6:c828, da64134c-6992-4903-9407-7df321e464db:c828]
2019-07-09 09:59:09,470 INFO  client.GrpcClientProtocolClient (GrpcClientProtocolClient.java:onNext(255)) - client-CECA27ED65B5->8cac6937-780c-4459-964a-dea4dcd51fd7: receive RaftClientReply:client-CECA27ED65B5->8cac6937-780c-4459-964a-dea4dcd51fd7@group-D84C501198B9, cid=685, SUCCESS, logIndex=833, commits[8cac6937-780c-4459-964a-dea4dcd51fd7:c834, 9ed8676d-9460-465d-9905-fd43a52295f6:c830, da64134c-6992-4903-9407-7df321e464db:c830]
2019-07-09 09:59:09,471 INFO  client.GrpcClientProtocolClient (GrpcClientProtocolClient.java:onNext(255)) - client-CECA27ED65B5->8cac6937-780c-4459-964a-dea4dcd51fd7: receive RaftClientReply:client-CECA27ED65B5->8cac6937-780c-4459-964a-dea4dcd51fd7@group-D84C501198B9, cid=686, SUCCESS, logIndex=834, commits[8cac6937-780c-4459-964a-dea4dcd51fd7:c834, 9ed8676d-9460-465d-9905-fd43a52295f6:c830, da64134c-6992-4903-9407-7df321e464db:c830]
2019-07-09 09:59:09,482 INFO  client.GrpcClientProtocolClient (GrpcClientProtocolClient.java:onNext(255)) - client-CECA27ED65B5->8cac6937-780c-4459-964a-dea4dcd51fd7: receive RaftClientReply:client-CECA27ED65B5->8cac6937-780c-4459-964a-dea4dcd51fd7@group-D84C501198B9, cid=687, SUCCESS, logIndex=0, commits[8cac6937-780c-4459-964a-dea4dcd51fd7:c835, 9ed8676d-9460-465d-9905-fd43a52295f6:c834, da64134c-6992-4903-9407-7df321e464db:c834]
2019-07-09 09:59:09,504 INFO  client.GrpcClientProtocolClient (GrpcClientProtocolClient.java:onNext(255)) - client-CECA27ED65B5->8cac6937-780c-4459-964a-dea4dcd51fd7: receive RaftClientReply:client-CECA27ED65B5->8cac6937-780c-4459-964a-dea4dcd51fd7@group-D84C501198B9, cid=688, SUCCESS, logIndex=837, commits[8cac6937-780c-4459-964a-dea4dcd51fd7:c838, 9ed8676d-9460-465d-9905-fd43a52295f6:c836, da64134c-6992-4903-9407-7df321e464db:c836]
2019-07-09 09:59:09,504 INFO  client.GrpcClientProtocolClient (GrpcClientProtocolClient.java:onNext(255)) - client-CECA27ED65B5->8cac6937-780c-4459-964a-dea4dcd51fd7: receive RaftClientReply:client-CECA27ED65B5->8cac6937-780c-4459-964a-dea4dcd51fd7@group-D84C501198B9, cid=689, SUCCESS, logIndex=838, commits[8cac6937-780c-4459-964a-dea4dcd51fd7:c838, 9ed8676d-9460-465d-9905-fd43a52295f6:c836, da64134c-6992-4903-9407-7df321e464db:c836]
2019-07-09 09:59:09,506 INFO  client.GrpcClientProtocolClient (GrpcClientProtocolClient.java:onNext(255)) - client-CECA27ED65B5->8cac6937-780c-4459-964a-dea4dcd51fd7: receive RaftClientReply:client-CECA27ED65B5->8cac6937-780c-4459-964a-dea4dcd51fd7@group-D84C501198B9, cid=690, SUCCESS, logIndex=839, commits[8cac6937-780c-4459-964a-dea4dcd51fd7:c840, 9ed8676d-9460-465d-9905-fd43a52295f6:c836, da64134c-6992-4903-9407-7df321e464db:c836]
2019-07-09 09:59:09,506 INFO  client.GrpcClientProtocolClient (GrpcClientProtocolClient.java:onNext(255)) - client-CECA27ED65B5->8cac6937-780c-4459-964a-dea4dcd51fd7: receive RaftClientReply:client-CECA27ED65B5->8cac6937-780c-4459-964a-dea4dcd51fd7@group-D84C501198B9, cid=691, SUCCESS, logIndex=840, commits[8cac6937-780c-4459-964a-dea4dcd51fd7:c840, 9ed8676d-9460-465d-9905-fd43a52295f6:c836, da64134c-6992-4903-9407-7df321e464db:c836]
2019-07-09 09:59:09,517 INFO  client.GrpcClientProtocolClient (GrpcClientProtocolClient.java:onNext(255)) - client-CECA27ED65B5->8cac6937-780c-4459-964a-dea4dcd51fd7: receive RaftClientReply:client-CECA27ED65B5->8cac6937-780c-4459-964a-dea4dcd51fd7@group-D84C501198B9, cid=692, SUCCESS, logIndex=0, commits[8cac6937-780c-4459-964a-dea4dcd51fd7:c842, 9ed8676d-9460-465d-9905-fd43a52295f6:c838, da64134c-6992-4903-9407-7df321e464db:c838]
2019-07-09 09:59:09,539 INFO  client.GrpcClientProtocolClient (GrpcClientProtocolClient.java:onNext(255)) - client-CECA27ED65B5->8cac6937-780c-4459-964a-dea4dcd51fd7: receive RaftClientReply:client-CECA27ED65B5->8cac6937-780c-4459-964a-dea4dcd51fd7@group-D84C501198B9, cid=693, SUCCESS, logIndex=845, commits[8cac6937-780c-4459-964a-dea4dcd51fd7:c846, 9ed8676d-9460-465d-9905-fd43a52295f6:c844, da64134c-6992-4903-9407-7df321e464db:c844]
2019-07-09 09:59:09,540 INFO  client.GrpcClientProtocolClient (GrpcClientProtocolClient.java:onNext(255)) - client-CECA27ED65B5->8cac6937-780c-4459-964a-dea4dcd51fd7: receive RaftClientReply:client-CECA27ED65B5->8cac6937-780c-4459-964a-dea4dcd51fd7@group-D84C501198B9, cid=694, SUCCESS, logIndex=846, commits[8cac6937-780c-4459-964a-dea4dcd51fd7:c846, 9ed8676d-9460-465d-9905-fd43a52295f6:c844, da64134c-6992-4903-9407-7df321e464db:c844]
2019-07-09 09:59:09,564 INFO  client.GrpcClientProtocolClient (GrpcClientProtocolClient.java:onNext(255)) - client-CECA27ED65B5->8cac6937-780c-4459-964a-dea4dcd51fd7: receive RaftClientReply:client-CECA27ED65B5->8cac6937-780c-4459-964a-dea4dcd51fd7@group-D84C501198B9, cid=695, SUCCESS, logIndex=849, commits[8cac6937-780c-4459-964a-dea4dcd51fd7:c850, 9ed8676d-9460-465d-9905-fd43a52295f6:c846, da64134c-6992-4903-9407-7df321e464db:c846]
2019-07-09 09:59:09,666 INFO  client.GrpcClientProtocolClient (GrpcClientProtocolClient.java:onNext(255)) - client-CECA27ED65B5->8cac6937-780c-4459-964a-dea4dcd51fd7: receive RaftClientReply:client-CECA27ED65B5->8cac6937-780c-4459-964a-dea4dcd51fd7@group-D84C501198B9, cid=696, SUCCESS, logIndex=850, commits[8cac6937-780c-4459-964a-dea4dcd51fd7:c850, 9ed8676d-9460-465d-9905-fd43a52295f6:c846, da64134c-6992-4903-9407-7df321e464db:c846]
2019-07-09 09:59:09,668 INFO  client.GrpcClientProtocolClient (GrpcClientProtocolClient.java:onNext(255)) - client-CECA27ED65B5->8cac6937-780c-4459-964a-dea4dcd51fd7: receive RaftClientReply:client-CECA27ED65B5->8cac6937-780c-4459-964a-dea4dcd51fd7@group-D84C501198B9, cid=697, SUCCESS, logIndex=0, commits[8cac6937-780c-4459-964a-dea4dcd51fd7:c852, 9ed8676d-9460-465d-9905-fd43a52295f6:c850, da64134c-6992-4903-9407-7df321e464db:c850]
2019-07-09 09:59:09,692 INFO  client.GrpcClientProtocolClient (GrpcClientProtocolClient.java:onNext(255)) - client-CECA27ED65B5->8cac6937-780c-4459-964a-dea4dcd51fd7: receive RaftClientReply:client-CECA27ED65B5->8cac6937-780c-4459-964a-dea4dcd51fd7@group-D84C501198B9, cid=698, SUCCESS, logIndex=853, commits[8cac6937-780c-4459-964a-dea4dcd51fd7:c854, 9ed8676d-9460-465d-9905-fd43a52295f6:c852, da64134c-6992-4903-9407-7df321e464db:c852]
2019-07-09 09:59:09,693 INFO  client.GrpcClientProtocolClient (GrpcClientProtocolClient.java:onNext(255)) - client-CECA27ED65B5->8cac6937-780c-4459-964a-dea4dcd51fd7: receive RaftClientReply:client-CECA27ED65B5->8cac6937-780c-4459-964a-dea4dcd51fd7@group-D84C501198B9, cid=699, SUCCESS, logIndex=854, commits[8cac6937-780c-4459-964a-dea4dcd51fd7:c856, 9ed8676d-9460-465d-9905-fd43a52295f6:c852, da64134c-6992-4903-9407-7df321e464db:c852]
2019-07-09 09:59:09,694 INFO  client.GrpcClientProtocolClient (GrpcClientProtocolClient.java:onNext(255)) - client-CECA27ED65B5->8cac6937-780c-4459-964a-dea4dcd51fd7: receive RaftClientReply:client-CECA27ED65B5->8cac6937-780c-4459-964a-dea4dcd51fd7@group-D84C501198B9, cid=700, SUCCESS, logIndex=855, commits[8cac6937-780c-4459-964a-dea4dcd51fd7:c856, 9ed8676d-9460-465d-9905-fd43a52295f6:c852, da64134c-6992-4903-9407-7df321e464db:c852]
2019-07-09 09:59:09,694 INFO  client.GrpcClientProtocolClient (GrpcClientProtocolClient.java:onNext(255)) - client-CECA27ED65B5->8cac6937-780c-4459-964a-dea4dcd51fd7: receive RaftClientReply:client-CECA27ED65B5->8cac6937-780c-4459-964a-dea4dcd51fd7@group-D84C501198B9, cid=701, SUCCESS, logIndex=856, commits[8cac6937-780c-4459-964a-dea4dcd51fd7:c856, 9ed8676d-9460-465d-9905-fd43a52295f6:c852, da64134c-6992-4903-9407-7df321e464db:c852]
2019-07-09 09:59:09,707 INFO  client.GrpcClientProtocolClient (GrpcClientProtocolClient.java:onNext(255)) - client-CECA27ED65B5->8cac6937-780c-4459-964a-dea4dcd51fd7: receive RaftClientReply:client-CECA27ED65B5->8cac6937-780c-4459-964a-dea4dcd51fd7@group-D84C501198B9, cid=702, SUCCESS, logIndex=0, commits[8cac6937-780c-4459-964a-dea4dcd51fd7:c858, 9ed8676d-9460-465d-9905-fd43a52295f6:c854, da64134c-6992-4903-9407-7df321e464db:c854]
2019-07-09 09:59:09,730 INFO  client.GrpcClientProtocolClient (GrpcClientProtocolClient.java:onNext(255)) - client-CECA27ED65B5->8cac6937-780c-4459-964a-dea4dcd51fd7: receive RaftClientReply:client-CECA27ED65B5->8cac6937-780c-4459-964a-dea4dcd51fd7@group-D84C501198B9, cid=703, SUCCESS, logIndex=861, commits[8cac6937-780c-4459-964a-dea4dcd51fd7:c862, 9ed8676d-9460-465d-9905-fd43a52295f6:c860, da64134c-6992-4903-9407-7df321e464db:c860]
2019-07-09 09:59:09,730 INFO  client.GrpcClientProtocolClient (GrpcClientProtocolClient.java:onNext(255)) - client-CECA27ED65B5->8cac6937-780c-4459-964a-dea4dcd51fd7: receive RaftClientReply:client-CECA27ED65B5->8cac6937-780c-4459-964a-dea4dcd51fd7@group-D84C501198B9, cid=704, SUCCESS, logIndex=862, commits[8cac6937-780c-4459-964a-dea4dcd51fd7:c862, 9ed8676d-9460-465d-9905-fd43a52295f6:c860, da64134c-6992-4903-9407-7df321e464db:c860]
2019-07-09 09:59:09,757 INFO  client.GrpcClientProtocolClient (GrpcClientProtocolClient.java:onNext(255)) - client-CECA27ED65B5->8cac6937-780c-4459-964a-dea4dcd51fd7: receive RaftClientReply:client-CECA27ED65B5->8cac6937-780c-4459-964a-dea4dcd51fd7@group-D84C501198B9, cid=705, SUCCESS, logIndex=865, commits[8cac6937-780c-4459-964a-dea4dcd51fd7:c866, 9ed8676d-9460-465d-9905-fd43a52295f6:c862, da64134c-6992-4903-9407-7df321e464db:c862]
2019-07-09 09:59:09,757 INFO  client.GrpcClientProtocolClient (GrpcClientProtocolClient.java:onNext(255)) - client-CECA27ED65B5->8cac6937-780c-4459-964a-dea4dcd51fd7: receive RaftClientReply:client-CECA27ED65B5->8cac6937-780c-4459-964a-dea4dcd51fd7@group-D84C501198B9, cid=706, SUCCESS, logIndex=866, commits[8cac6937-780c-4459-964a-dea4dcd51fd7:c866, 9ed8676d-9460-465d-9905-fd43a52295f6:c862, da64134c-6992-4903-9407-7df321e464db:c862]
2019-07-09 09:59:09,768 INFO  client.GrpcClientProtocolClient (GrpcClientProtocolClient.java:onNext(255)) - client-CECA27ED65B5->8cac6937-780c-4459-964a-dea4dcd51fd7: receive RaftClientReply:client-CECA27ED65B5->8cac6937-780c-4459-964a-dea4dcd51fd7@group-D84C501198B9, cid=707, SUCCESS, logIndex=0, commits[8cac6937-780c-4459-964a-dea4dcd51fd7:c867, 9ed8676d-9460-465d-9905-fd43a52295f6:c866, da64134c-6992-4903-9407-7df321e464db:c866]
2019-07-09 09:59:09,792 INFO  client.GrpcClientProtocolClient (GrpcClientProtocolClient.java:onNext(255)) - client-CECA27ED65B5->8cac6937-780c-4459-964a-dea4dcd51fd7: receive RaftClientReply:client-CECA27ED65B5->8cac6937-780c-4459-964a-dea4dcd51fd7@group-D84C501198B9, cid=708, SUCCESS, logIndex=869, commits[8cac6937-780c-4459-964a-dea4dcd51fd7:c870, 9ed8676d-9460-465d-9905-fd43a52295f6:c868, da64134c-6992-4903-9407-7df321e464db:c868]
2019-07-09 09:59:09,793 INFO  client.GrpcClientProtocolClient (GrpcClientProtocolClient.java:onNext(255)) - client-CECA27ED65B5->8cac6937-780c-4459-964a-dea4dcd51fd7: receive RaftClientReply:client-CECA27ED65B5->8cac6937-780c-4459-964a-dea4dcd51fd7@group-D84C501198B9, cid=709, SUCCESS, logIndex=870, commits[8cac6937-780c-4459-964a-dea4dcd51fd7:c872, 9ed8676d-9460-465d-9905-fd43a52295f6:c868, da64134c-6992-4903-9407-7df321e464db:c868]
2019-07-09 09:59:09,793 INFO  client.GrpcClientProtocolClient (GrpcClientProtocolClient.java:onNext(255)) - client-CECA27ED65B5->8cac6937-780c-4459-964a-dea4dcd51fd7: receive RaftClientReply:client-CECA27ED65B5->8cac6937-780c-4459-964a-dea4dcd51fd7@group-D84C501198B9, cid=710, SUCCESS, logIndex=871, commits[8cac6937-780c-4459-964a-dea4dcd51fd7:c872, 9ed8676d-9460-465d-9905-fd43a52295f6:c868, da64134c-6992-4903-9407-7df321e464db:c868]
2019-07-09 09:59:09,793 INFO  client.GrpcClientProtocolClient (GrpcClientProtocolClient.java:onNext(255)) - client-CECA27ED65B5->8cac6937-780c-4459-964a-dea4dcd51fd7: receive RaftClientReply:client-CECA27ED65B5->8cac6937-780c-4459-964a-dea4dcd51fd7@group-D84C501198B9, cid=711, SUCCESS, logIndex=872, commits[8cac6937-780c-4459-964a-dea4dcd51fd7:c872, 9ed8676d-9460-465d-9905-fd43a52295f6:c868, da64134c-6992-4903-9407-7df321e464db:c868]
2019-07-09 09:59:09,807 INFO  client.GrpcClientProtocolClient (GrpcClientProtocolClient.java:onNext(255)) - client-CECA27ED65B5->8cac6937-780c-4459-964a-dea4dcd51fd7: receive RaftClientReply:client-CECA27ED65B5->8cac6937-780c-4459-964a-dea4dcd51fd7@group-D84C501198B9, cid=712, SUCCESS, logIndex=0, commits[8cac6937-780c-4459-964a-dea4dcd51fd7:c874, 9ed8676d-9460-465d-9905-fd43a52295f6:c870, da64134c-6992-4903-9407-7df321e464db:c870]
2019-07-09 09:59:09,829 INFO  client.GrpcClientProtocolClient (GrpcClientProtocolClient.java:onNext(255)) - client-CECA27ED65B5->8cac6937-780c-4459-964a-dea4dcd51fd7: receive RaftClientReply:client-CECA27ED65B5->8cac6937-780c-4459-964a-dea4dcd51fd7@group-D84C501198B9, cid=713, SUCCESS, logIndex=877, commits[8cac6937-780c-4459-964a-dea4dcd51fd7:c878, 9ed8676d-9460-465d-9905-fd43a52295f6:c876, da64134c-6992-4903-9407-7df321e464db:c876]
2019-07-09 09:59:09,830 INFO  client.GrpcClientProtocolClient (GrpcClientProtocolClient.java:onNext(255)) - client-CECA27ED65B5->8cac6937-780c-4459-964a-dea4dcd51fd7: receive RaftClientReply:client-CECA27ED65B5->8cac6937-780c-4459-964a-dea4dcd51fd7@group-D84C501198B9, cid=714, SUCCESS, logIndex=878, commits[8cac6937-780c-4459-964a-dea4dcd51fd7:c878, 9ed8676d-9460-465d-9905-fd43a52295f6:c876, da64134c-6992-4903-9407-7df321e464db:c876]
2019-07-09 09:59:09,845 INFO  client.GrpcClientProtocolClient (GrpcClientProtocolClient.java:onNext(255)) - client-CECA27ED65B5->8cac6937-780c-4459-964a-dea4dcd51fd7: receive RaftClientReply:client-CECA27ED65B5->8cac6937-780c-4459-964a-dea4dcd51fd7@group-D84C501198B9, cid=715, SUCCESS, logIndex=881, commits[8cac6937-780c-4459-964a-dea4dcd51fd7:c882, 9ed8676d-9460-465d-9905-fd43a52295f6:c878, da64134c-6992-4903-9407-7df321e464db:c878]
2019-07-09 09:59:09,845 INFO  client.GrpcClientProtocolClient (GrpcClientProtocolClient.java:onNext(255)) - client-CECA27ED65B5->8cac6937-780c-4459-964a-dea4dcd51fd7: receive RaftClientReply:client-CECA27ED65B5->8cac6937-780c-4459-964a-dea4dcd51fd7@group-D84C501198B9, cid=716, SUCCESS, logIndex=882, commits[8cac6937-780c-4459-964a-dea4dcd51fd7:c882, 9ed8676d-9460-465d-9905-fd43a52295f6:c878, da64134c-6992-4903-9407-7df321e464db:c878]
2019-07-09 09:59:09,847 INFO  client.GrpcClientProtocolClient (GrpcClientProtocolClient.java:onNext(255)) - client-CECA27ED65B5->8cac6937-780c-4459-964a-dea4dcd51fd7: receive RaftClientReply:client-CECA27ED65B5->8cac6937-780c-4459-964a-dea4dcd51fd7@group-D84C501198B9, cid=717, SUCCESS, logIndex=0, commits[8cac6937-780c-4459-964a-dea4dcd51fd7:c883, 9ed8676d-9460-465d-9905-fd43a52295f6:c882, da64134c-6992-4903-9407-7df321e464db:c882]
2019-07-09 09:59:09,863 INFO  client.GrpcClientProtocolClient (GrpcClientProtocolClient.java:onNext(255)) - client-CECA27ED65B5->8cac6937-780c-4459-964a-dea4dcd51fd7: receive RaftClientReply:client-CECA27ED65B5->8cac6937-780c-4459-964a-dea4dcd51fd7@group-D84C501198B9, cid=718, SUCCESS, logIndex=885, commits[8cac6937-780c-4459-964a-dea4dcd51fd7:c886, 9ed8676d-9460-465d-9905-fd43a52295f6:c882, da64134c-6992-4903-9407-7df321e464db:c884]
2019-07-09 09:59:09,864 INFO  client.GrpcClientProtocolClient (GrpcClientProtocolClient.java:onNext(255)) - client-CECA27ED65B5->8cac6937-780c-4459-964a-dea4dcd51fd7: receive RaftClientReply:client-CECA27ED65B5->8cac6937-780c-4459-964a-dea4dcd51fd7@group-D84C501198B9, cid=719, SUCCESS, logIndex=886, commits[8cac6937-780c-4459-964a-dea4dcd51fd7:c886, 9ed8676d-9460-465d-9905-fd43a52295f6:c882, da64134c-6992-4903-9407-7df321e464db:c884]
2019-07-09 09:59:09,890 INFO  client.GrpcClientProtocolClient (GrpcClientProtocolClient.java:onNext(255)) - client-CECA27ED65B5->8cac6937-780c-4459-964a-dea4dcd51fd7: receive RaftClientReply:client-CECA27ED65B5->8cac6937-780c-4459-964a-dea4dcd51fd7@group-D84C501198B9, cid=720, SUCCESS, logIndex=887, commits[8cac6937-780c-4459-964a-dea4dcd51fd7:c887, 9ed8676d-9460-465d-9905-fd43a52295f6:c884, da64134c-6992-4903-9407-7df321e464db:c884]
2019-07-09 09:59:09,890 INFO  client.GrpcClientProtocolClient (GrpcClientProtocolClient.java:onNext(255)) - client-CECA27ED65B5->8cac6937-780c-4459-964a-dea4dcd51fd7: receive RaftClientReply:client-CECA27ED65B5->8cac6937-780c-4459-964a-dea4dcd51fd7@group-D84C501198B9, cid=721, SUCCESS, logIndex=888, commits[8cac6937-780c-4459-964a-dea4dcd51fd7:c890, 9ed8676d-9460-465d-9905-fd43a52295f6:c886, da64134c-6992-4903-9407-7df321e464db:c886]
2019-07-09 09:59:09,912 INFO  client.GrpcClientProtocolClient (GrpcClientProtocolClient.java:onNext(255)) - client-CECA27ED65B5->8cac6937-780c-4459-964a-dea4dcd51fd7: receive RaftClientReply:client-CECA27ED65B5->8cac6937-780c-4459-964a-dea4dcd51fd7@group-D84C501198B9, cid=722, SUCCESS, logIndex=892, commits[8cac6937-780c-4459-964a-dea4dcd51fd7:c893, 9ed8676d-9460-465d-9905-fd43a52295f6:c891, da64134c-6992-4903-9407-7df321e464db:c891]
2019-07-09 09:59:09,912 INFO  client.GrpcClientProtocolClient (GrpcClientProtocolClient.java:onNext(255)) - client-CECA27ED65B5->8cac6937-780c-4459-964a-dea4dcd51fd7: receive RaftClientReply:client-CECA27ED65B5->8cac6937-780c-4459-964a-dea4dcd51fd7@group-D84C501198B9, cid=723, SUCCESS, logIndex=893, commits[8cac6937-780c-4459-964a-dea4dcd51fd7:c893, 9ed8676d-9460-465d-9905-fd43a52295f6:c891, da64134c-6992-4903-9407-7df321e464db:c891]
2019-07-09 09:59:09,936 INFO  client.GrpcClientProtocolClient (GrpcClientProtocolClient.java:onNext(255)) - client-CECA27ED65B5->8cac6937-780c-4459-964a-dea4dcd51fd7: receive RaftClientReply:client-CECA27ED65B5->8cac6937-780c-4459-964a-dea4dcd51fd7@group-D84C501198B9, cid=724, SUCCESS, logIndex=896, commits[8cac6937-780c-4459-964a-dea4dcd51fd7:c896, 9ed8676d-9460-465d-9905-fd43a52295f6:c893, da64134c-6992-4903-9407-7df321e464db:c893]
2019-07-09 09:59:09,937 INFO  client.GrpcClientProtocolClient (GrpcClientProtocolClient.java:onNext(255)) - client-CECA27ED65B5->8cac6937-780c-4459-964a-dea4dcd51fd7: receive RaftClientReply:client-CECA27ED65B5->8cac6937-780c-4459-964a-dea4dcd51fd7@group-D84C501198B9, cid=725, SUCCESS, logIndex=897, commits[8cac6937-780c-4459-964a-dea4dcd51fd7:c897, 9ed8676d-9460-465d-9905-fd43a52295f6:c893, da64134c-6992-4903-9407-7df321e464db:c893]
2019-07-09 09:59:09,951 INFO  client.GrpcClientProtocolClient (GrpcClientProtocolClient.java:onNext(255)) - client-CECA27ED65B5->8cac6937-780c-4459-964a-dea4dcd51fd7: receive RaftClientReply:client-CECA27ED65B5->8cac6937-780c-4459-964a-dea4dcd51fd7@group-D84C501198B9, cid=726, SUCCESS, logIndex=0, commits[8cac6937-780c-4459-964a-dea4dcd51fd7:c899, 9ed8676d-9460-465d-9905-fd43a52295f6:c897, da64134c-6992-4903-9407-7df321e464db:c897]
2019-07-09 09:59:09,975 INFO  client.GrpcClientProtocolClient (GrpcClientProtocolClient.java:onNext(255)) - client-CECA27ED65B5->8cac6937-780c-4459-964a-dea4dcd51fd7: receive RaftClientReply:client-CECA27ED65B5->8cac6937-780c-4459-964a-dea4dcd51fd7@group-D84C501198B9, cid=727, SUCCESS, logIndex=900, commits[8cac6937-780c-4459-964a-dea4dcd51fd7:c901, 9ed8676d-9460-465d-9905-fd43a52295f6:c899, da64134c-6992-4903-9407-7df321e464db:c899]
2019-07-09 09:59:09,975 INFO  client.GrpcClientProtocolClient (GrpcClientProtocolClient.java:onNext(255)) - client-CECA27ED65B5->8cac6937-780c-4459-964a-dea4dcd51fd7: receive RaftClientReply:client-CECA27ED65B5->8cac6937-780c-4459-964a-dea4dcd51fd7@group-D84C501198B9, cid=728, SUCCESS, logIndex=901, commits[8cac6937-780c-4459-964a-dea4dcd51fd7:c901, 9ed8676d-9460-465d-9905-fd43a52295f6:c899, da64134c-6992-4903-9407-7df321e464db:c899]
2019-07-09 09:59:09,988 INFO  client.GrpcClientProtocolClient (GrpcClientProtocolClient.java:onNext(255)) - client-CECA27ED65B5->8cac6937-780c-4459-964a-dea4dcd51fd7: receive RaftClientReply:client-CECA27ED65B5->8cac6937-780c-4459-964a-dea4dcd51fd7@group-D84C501198B9, cid=729, SUCCESS, logIndex=902, commits[8cac6937-780c-4459-964a-dea4dcd51fd7:c903, 9ed8676d-9460-465d-9905-fd43a52295f6:c899, da64134c-6992-4903-9407-7df321e464db:c899]
2019-07-09 09:59:09,988 INFO  client.GrpcClientProtocolClient (GrpcClientProtocolClient.java:onNext(255)) - client-CECA27ED65B5->8cac6937-780c-4459-964a-dea4dcd51fd7: receive RaftClientReply:client-CECA27ED65B5->8cac6937-780c-4459-964a-dea4dcd51fd7@group-D84C501198B9, cid=730, SUCCESS, logIndex=903, commits[8cac6937-780c-4459-964a-dea4dcd51fd7:c903, 9ed8676d-9460-465d-9905-fd43a52295f6:c899, da64134c-6992-4903-9407-7df321e464db:c899]
2019-07-09 09:59:10,002 INFO  client.GrpcClientProtocolClient (GrpcClientProtocolClient.java:onNext(255)) - client-CECA27ED65B5->8cac6937-780c-4459-964a-dea4dcd51fd7: receive RaftClientReply:client-CECA27ED65B5->8cac6937-780c-4459-964a-dea4dcd51fd7@group-D84C501198B9, cid=731, SUCCESS, logIndex=0, commits[8cac6937-780c-4459-964a-dea4dcd51fd7:c907, 9ed8676d-9460-465d-9905-fd43a52295f6:c901, da64134c-6992-4903-9407-7df321e464db:c903]
2019-07-09 09:59:10,023 INFO  client.GrpcClientProtocolClient (GrpcClientProtocolClient.java:onNext(255)) - client-CECA27ED65B5->8cac6937-780c-4459-964a-dea4dcd51fd7: receive RaftClientReply:client-CECA27ED65B5->8cac6937-780c-4459-964a-dea4dcd51fd7@group-D84C501198B9, cid=732, SUCCESS, logIndex=908, commits[8cac6937-780c-4459-964a-dea4dcd51fd7:c909, 9ed8676d-9460-465d-9905-fd43a52295f6:c907, da64134c-6992-4903-9407-7df321e464db:c907]
2019-07-09 09:59:10,024 INFO  client.GrpcClientProtocolClient (GrpcClientProtocolClient.java:onNext(255)) - client-CECA27ED65B5->8cac6937-780c-4459-964a-dea4dcd51fd7: receive RaftClientReply:client-CECA27ED65B5->8cac6937-780c-4459-964a-dea4dcd51fd7@group-D84C501198B9, cid=733, SUCCESS, logIndex=909, commits[8cac6937-780c-4459-964a-dea4dcd51fd7:c909, 9ed8676d-9460-465d-9905-fd43a52295f6:c907, da64134c-6992-4903-9407-7df321e464db:c907]
2019-07-09 09:59:10,049 INFO  client.GrpcClientProtocolClient (GrpcClientProtocolClient.java:onNext(255)) - client-CECA27ED65B5->8cac6937-780c-4459-964a-dea4dcd51fd7: receive RaftClientReply:client-CECA27ED65B5->8cac6937-780c-4459-964a-dea4dcd51fd7@group-D84C501198B9, cid=734, SUCCESS, logIndex=912, commits[8cac6937-780c-4459-964a-dea4dcd51fd7:c913, 9ed8676d-9460-465d-9905-fd43a52295f6:c909, da64134c-6992-4903-9407-7df321e464db:c909]
2019-07-09 09:59:10,049 INFO  client.GrpcClientProtocolClient (GrpcClientProtocolClient.java:onNext(255)) - client-CECA27ED65B5->8cac6937-780c-4459-964a-dea4dcd51fd7: receive RaftClientReply:client-CECA27ED65B5->8cac6937-780c-4459-964a-dea4dcd51fd7@group-D84C501198B9, cid=735, SUCCESS, logIndex=913, commits[8cac6937-780c-4459-964a-dea4dcd51fd7:c913, 9ed8676d-9460-465d-9905-fd43a52295f6:c909, da64134c-6992-4903-9407-7df321e464db:c909]
2019-07-09 09:59:10,061 INFO  client.GrpcClientProtocolClient (GrpcClientProtocolClient.java:onNext(255)) - client-CECA27ED65B5->8cac6937-780c-4459-964a-dea4dcd51fd7: receive RaftClientReply:client-CECA27ED65B5->8cac6937-780c-4459-964a-dea4dcd51fd7@group-D84C501198B9, cid=736, SUCCESS, logIndex=0, commits[8cac6937-780c-4459-964a-dea4dcd51fd7:c914, 9ed8676d-9460-465d-9905-fd43a52295f6:c913, da64134c-6992-4903-9407-7df321e464db:c913]
2019-07-09 09:59:10,077 INFO  client.GrpcClientProtocolClient (GrpcClientProtocolClient.java:onNext(255)) - client-CECA27ED65B5->8cac6937-780c-4459-964a-dea4dcd51fd7: receive RaftClientReply:client-CECA27ED65B5->8cac6937-780c-4459-964a-dea4dcd51fd7@group-D84C501198B9, cid=737, SUCCESS, logIndex=916, commits[8cac6937-780c-4459-964a-dea4dcd51fd7:c917, 9ed8676d-9460-465d-9905-fd43a52295f6:c915, da64134c-6992-4903-9407-7df321e464db:c915]
2019-07-09 09:59:10,077 INFO  client.GrpcClientProtocolClient (GrpcClientProtocolClient.java:onNext(255)) - client-CECA27ED65B5->8cac6937-780c-4459-964a-dea4dcd51fd7: receive RaftClientReply:client-CECA27ED65B5->8cac6937-780c-4459-964a-dea4dcd51fd7@group-D84C501198B9, cid=738, SUCCESS, logIndex=917, commits[8cac6937-780c-4459-964a-dea4dcd51fd7:c917, 9ed8676d-9460-465d-9905-fd43a52295f6:c915, da64134c-6992-4903-9407-7df321e464db:c915]
2019-07-09 09:59:10,078 INFO  client.GrpcClientProtocolClient (GrpcClientProtocolClient.java:onNext(255)) - client-CECA27ED65B5->8cac6937-780c-4459-964a-dea4dcd51fd7: receive RaftClientReply:client-CECA27ED65B5->8cac6937-780c-4459-964a-dea4dcd51fd7@group-D84C501198B9, cid=739, SUCCESS, logIndex=918, commits[8cac6937-780c-4459-964a-dea4dcd51fd7:c919, 9ed8676d-9460-465d-9905-fd43a52295f6:c915, da64134c-6992-4903-9407-7df321e464db:c915]
2019-07-09 09:59:10,078 INFO  client.GrpcClientProtocolClient (GrpcClientProtocolClient.java:onNext(255)) - client-CECA27ED65B5->8cac6937-780c-4459-964a-dea4dcd51fd7: receive RaftClientReply:client-CECA27ED65B5->8cac6937-780c-4459-964a-dea4dcd51fd7@group-D84C501198B9, cid=740, SUCCESS, logIndex=919, commits[8cac6937-780c-4459-964a-dea4dcd51fd7:c919, 9ed8676d-9460-465d-9905-fd43a52295f6:c915, da64134c-6992-4903-9407-7df321e464db:c915]
2019-07-09 09:59:10,082 INFO  client.GrpcClientProtocolClient (GrpcClientProtocolClient.java:onNext(255)) - client-CECA27ED65B5->8cac6937-780c-4459-964a-dea4dcd51fd7: receive RaftClientReply:client-CECA27ED65B5->8cac6937-780c-4459-964a-dea4dcd51fd7@group-D84C501198B9, cid=741, SUCCESS, logIndex=0, commits[8cac6937-780c-4459-964a-dea4dcd51fd7:c922, 9ed8676d-9460-465d-9905-fd43a52295f6:c917, da64134c-6992-4903-9407-7df321e464db:c919]
2019-07-09 09:59:10,095 INFO  client.GrpcClientProtocolClient (GrpcClientProtocolClient.java:onNext(255)) - client-CECA27ED65B5->8cac6937-780c-4459-964a-dea4dcd51fd7: receive RaftClientReply:client-CECA27ED65B5->8cac6937-780c-4459-964a-dea4dcd51fd7@group-D84C501198B9, cid=742, SUCCESS, logIndex=924, commits[8cac6937-780c-4459-964a-dea4dcd51fd7:c925, 9ed8676d-9460-465d-9905-fd43a52295f6:c923, da64134c-6992-4903-9407-7df321e464db:c919]
2019-07-09 09:59:10,095 INFO  client.GrpcClientProtocolClient (GrpcClientProtocolClient.java:onNext(255)) - client-CECA27ED65B5->8cac6937-780c-4459-964a-dea4dcd51fd7: receive RaftClientReply:client-CECA27ED65B5->8cac6937-780c-4459-964a-dea4dcd51fd7@group-D84C501198B9, cid=743, SUCCESS, logIndex=925, commits[8cac6937-780c-4459-964a-dea4dcd51fd7:c925, 9ed8676d-9460-465d-9905-fd43a52295f6:c923, da64134c-6992-4903-9407-7df321e464db:c923]
2019-07-09 09:59:10,110 INFO  client.GrpcClientProtocolClient (GrpcClientProtocolClient.java:onNext(255)) - client-CECA27ED65B5->8cac6937-780c-4459-964a-dea4dcd51fd7: receive RaftClientReply:client-CECA27ED65B5->8cac6937-780c-4459-964a-dea4dcd51fd7@group-D84C501198B9, cid=744, SUCCESS, logIndex=928, commits[8cac6937-780c-4459-964a-dea4dcd51fd7:c929, 9ed8676d-9460-465d-9905-fd43a52295f6:c925, da64134c-6992-4903-9407-7df321e464db:c927]
2019-07-09 09:59:10,110 INFO  client.GrpcClientProtocolClient (GrpcClientProtocolClient.java:onNext(255)) - client-CECA27ED65B5->8cac6937-780c-4459-964a-dea4dcd51fd7: receive RaftClientReply:client-CECA27ED65B5->8cac6937-780c-4459-964a-dea4dcd51fd7@group-D84C501198B9, cid=745, SUCCESS, logIndex=929, commits[8cac6937-780c-4459-964a-dea4dcd51fd7:c929, 9ed8676d-9460-465d-9905-fd43a52295f6:c926, da64134c-6992-4903-9407-7df321e464db:c927]
2019-07-09 09:59:10,112 INFO  client.GrpcClientProtocolClient (GrpcClientProtocolClient.java:onNext(255)) - client-CECA27ED65B5->8cac6937-780c-4459-964a-dea4dcd51fd7: receive RaftClientReply:client-CECA27ED65B5->8cac6937-780c-4459-964a-dea4dcd51fd7@group-D84C501198B9, cid=746, SUCCESS, logIndex=0, commits[8cac6937-780c-4459-964a-dea4dcd51fd7:c930, 9ed8676d-9460-465d-9905-fd43a52295f6:c929, da64134c-6992-4903-9407-7df321e464db:c929]
2019-07-09 09:59:10,139 INFO  client.GrpcClientProtocolClient (GrpcClientProtocolClient.java:onNext(255)) - client-CECA27ED65B5->8cac6937-780c-4459-964a-dea4dcd51fd7: receive RaftClientReply:client-CECA27ED65B5->8cac6937-780c-4459-964a-dea4dcd51fd7@group-D84C501198B9, cid=747, SUCCESS, logIndex=932, commits[8cac6937-780c-4459-964a-dea4dcd51fd7:c933, 9ed8676d-9460-465d-9905-fd43a52295f6:c931, da64134c-6992-4903-9407-7df321e464db:c931]
2019-07-09 09:59:10,140 INFO  client.GrpcClientProtocolClient (GrpcClientProtocolClient.java:onNext(255)) - client-CECA27ED65B5->8cac6937-780c-4459-964a-dea4dcd51fd7: receive RaftClientReply:client-CECA27ED65B5->8cac6937-780c-4459-964a-dea4dcd51fd7@group-D84C501198B9, cid=748, SUCCESS, logIndex=933, commits[8cac6937-780c-4459-964a-dea4dcd51fd7:c933, 9ed8676d-9460-465d-9905-fd43a52295f6:c931, da64134c-6992-4903-9407-7df321e464db:c931]
2019-07-09 09:59:10,141 INFO  client.GrpcClientProtocolClient (GrpcClientProtocolClient.java:onNext(255)) - client-CECA27ED65B5->8cac6937-780c-4459-964a-dea4dcd51fd7: receive RaftClientReply:client-CECA27ED65B5->8cac6937-780c-4459-964a-dea4dcd51fd7@group-D84C501198B9, cid=749, SUCCESS, logIndex=934, commits[8cac6937-780c-4459-964a-dea4dcd51fd7:c935, 9ed8676d-9460-465d-9905-fd43a52295f6:c931, da64134c-6992-4903-9407-7df321e464db:c931]
2019-07-09 09:59:10,141 INFO  client.GrpcClientProtocolClient (GrpcClientProtocolClient.java:onNext(255)) - client-CECA27ED65B5->8cac6937-780c-4459-964a-dea4dcd51fd7: receive RaftClientReply:client-CECA27ED65B5->8cac6937-780c-4459-964a-dea4dcd51fd7@group-D84C501198B9, cid=750, SUCCESS, logIndex=935, commits[8cac6937-780c-4459-964a-dea4dcd51fd7:c935, 9ed8676d-9460-465d-9905-fd43a52295f6:c931, da64134c-6992-4903-9407-7df321e464db:c931]
2019-07-09 09:59:10,144 INFO  client.GrpcClientProtocolClient (GrpcClientProtocolClient.java:onNext(255)) - client-CECA27ED65B5->8cac6937-780c-4459-964a-dea4dcd51fd7: receive RaftClientReply:client-CECA27ED65B5->8cac6937-780c-4459-964a-dea4dcd51fd7@group-D84C501198B9, cid=751, SUCCESS, logIndex=0, commits[8cac6937-780c-4459-964a-dea4dcd51fd7:c937, 9ed8676d-9460-465d-9905-fd43a52295f6:c933, da64134c-6992-4903-9407-7df321e464db:c933]
2019-07-09 09:59:10,156 INFO  client.GrpcClientProtocolClient (GrpcClientProtocolClient.java:onNext(255)) - client-CECA27ED65B5->8cac6937-780c-4459-964a-dea4dcd51fd7: receive RaftClientReply:client-CECA27ED65B5->8cac6937-780c-4459-964a-dea4dcd51fd7@group-D84C501198B9, cid=752, SUCCESS, logIndex=940, commits[8cac6937-780c-4459-964a-dea4dcd51fd7:c941, 9ed8676d-9460-465d-9905-fd43a52295f6:c935, da64134c-6992-4903-9407-7df321e464db:c937]
2019-07-09 09:59:10,156 INFO  client.GrpcClientProtocolClient (GrpcClientProtocolClient.java:onNext(255)) - client-CECA27ED65B5->8cac6937-780c-4459-964a-dea4dcd51fd7: receive RaftClientReply:client-CECA27ED65B5->8cac6937-780c-4459-964a-dea4dcd51fd7@group-D84C501198B9, cid=753, SUCCESS, logIndex=941, commits[8cac6937-780c-4459-964a-dea4dcd51fd7:c941, 9ed8676d-9460-465d-9905-fd43a52295f6:c937, da64134c-6992-4903-9407-7df321e464db:c937]
 0.00% |█                                                                                                    |  0/1 Time: 0:00:022019-07-09 09:59:10,185 INFO  client.GrpcClientProtocolClient (GrpcClientProtocolClient.java:onNext(255)) - client-CECA27ED65B5->8cac6937-780c-4459-964a-dea4dcd51fd7: receive RaftClientReply:client-CECA27ED65B5->8cac6937-780c-4459-964a-dea4dcd51fd7@group-D84C501198B9, cid=754, SUCCESS, logIndex=944, commits[8cac6937-780c-4459-964a-dea4dcd51fd7:c945, 9ed8676d-9460-465d-9905-fd43a52295f6:c942, da64134c-6992-4903-9407-7df321e464db:c942]
2019-07-09 09:59:10,185 INFO  client.GrpcClientProtocolClient (GrpcClientProtocolClient.java:onNext(255)) - client-CECA27ED65B5->8cac6937-780c-4459-964a-dea4dcd51fd7: receive RaftClientReply:client-CECA27ED65B5->8cac6937-780c-4459-964a-dea4dcd51fd7@group-D84C501198B9, cid=755, SUCCESS, logIndex=945, commits[8cac6937-780c-4459-964a-dea4dcd51fd7:c945, 9ed8676d-9460-465d-9905-fd43a52295f6:c942, da64134c-6992-4903-9407-7df321e464db:c942]
2019-07-09 09:59:10,187 INFO  client.GrpcClientProtocolClient (GrpcClientProtocolClient.java:onNext(255)) - client-CECA27ED65B5->8cac6937-780c-4459-964a-dea4dcd51fd7: receive RaftClientReply:client-CECA27ED65B5->8cac6937-780c-4459-964a-dea4dcd51fd7@group-D84C501198B9, cid=756, SUCCESS, logIndex=0, commits[8cac6937-780c-4459-964a-dea4dcd51fd7:c946, 9ed8676d-9460-465d-9905-fd43a52295f6:c945, da64134c-6992-4903-9407-7df321e464db:c945]
2019-07-09 09:59:10,208 INFO  client.GrpcClientProtocolClient (GrpcClientProtocolClient.java:onNext(255)) - client-CECA27ED65B5->8cac6937-780c-4459-964a-dea4dcd51fd7: receive RaftClientReply:client-CECA27ED65B5->8cac6937-780c-4459-964a-dea4dcd51fd7@group-D84C501198B9, cid=757, SUCCESS, logIndex=948, commits[8cac6937-780c-4459-964a-dea4dcd51fd7:c949, 9ed8676d-9460-465d-9905-fd43a52295f6:c947, da64134c-6992-4903-9407-7df321e464db:c947]
2019-07-09 09:59:10,209 INFO  client.GrpcClientProtocolClient (GrpcClientProtocolClient.java:onNext(255)) - client-CECA27ED65B5->8cac6937-780c-4459-964a-dea4dcd51fd7: receive RaftClientReply:client-CECA27ED65B5->8cac6937-780c-4459-964a-dea4dcd51fd7@group-D84C501198B9, cid=758, SUCCESS, logIndex=949, commits[8cac6937-780c-4459-964a-dea4dcd51fd7:c949, 9ed8676d-9460-465d-9905-fd43a52295f6:c947, da64134c-6992-4903-9407-7df321e464db:c947]
2019-07-09 09:59:10,209 INFO  client.GrpcClientProtocolClient (GrpcClientProtocolClient.java:onNext(255)) - client-CECA27ED65B5->8cac6937-780c-4459-964a-dea4dcd51fd7: receive RaftClientReply:client-CECA27ED65B5->8cac6937-780c-4459-964a-dea4dcd51fd7@group-D84C501198B9, cid=759, SUCCESS, logIndex=950, commits[8cac6937-780c-4459-964a-dea4dcd51fd7:c951, 9ed8676d-9460-465d-9905-fd43a52295f6:c947, da64134c-6992-4903-9407-7df321e464db:c947]
2019-07-09 09:59:10,209 INFO  client.GrpcClientProtocolClient (GrpcClientProtocolClient.java:onNext(255)) - client-CECA27ED65B5->8cac6937-780c-4459-964a-dea4dcd51fd7: receive RaftClientReply:client-CECA27ED65B5->8cac6937-780c-4459-964a-dea4dcd51fd7@group-D84C501198B9, cid=760, SUCCESS, logIndex=951, commits[8cac6937-780c-4459-964a-dea4dcd51fd7:c951, 9ed8676d-9460-465d-9905-fd43a52295f6:c947, da64134c-6992-4903-9407-7df321e464db:c947]
2019-07-09 09:59:10,210 INFO  client.GrpcClientProtocolClient (GrpcClientProtocolClient.java:onNext(255)) - client-CECA27ED65B5->8cac6937-780c-4459-964a-dea4dcd51fd7: receive RaftClientReply:client-CECA27ED65B5->8cac6937-780c-4459-964a-dea4dcd51fd7@group-D84C501198B9, cid=761, SUCCESS, logIndex=0, commits[8cac6937-780c-4459-964a-dea4dcd51fd7:c954, 9ed8676d-9460-465d-9905-fd43a52295f6:c949, da64134c-6992-4903-9407-7df321e464db:c951]
2019-07-09 09:59:10,229 INFO  client.GrpcClientProtocolClient (GrpcClientProtocolClient.java:onNext(255)) - client-CECA27ED65B5->8cac6937-780c-4459-964a-dea4dcd51fd7: receive RaftClientReply:client-CECA27ED65B5->8cac6937-780c-4459-964a-dea4dcd51fd7@group-D84C501198B9, cid=762, SUCCESS, logIndex=955, commits[8cac6937-780c-4459-964a-dea4dcd51fd7:c956, 9ed8676d-9460-465d-9905-fd43a52295f6:c954, da64134c-6992-4903-9407-7df321e464db:c954]
2019-07-09 09:59:10,230 INFO  client.GrpcClientProtocolClient (GrpcClientProtocolClient.java:onNext(255)) - client-CECA27ED65B5->8cac6937-780c-4459-964a-dea4dcd51fd7: receive RaftClientReply:client-CECA27ED65B5->8cac6937-780c-4459-964a-dea4dcd51fd7@group-D84C501198B9, cid=763, SUCCESS, logIndex=956, commits[8cac6937-780c-4459-964a-dea4dcd51fd7:c956, 9ed8676d-9460-465d-9905-fd43a52295f6:c954, da64134c-6992-4903-9407-7df321e464db:c954]
2019-07-09 09:59:10,244 INFO  client.GrpcClientProtocolClient (GrpcClientProtocolClient.java:onNext(255)) - client-CECA27ED65B5->8cac6937-780c-4459-964a-dea4dcd51fd7: receive RaftClientReply:client-CECA27ED65B5->8cac6937-780c-4459-964a-dea4dcd51fd7@group-D84C501198B9, cid=764, SUCCESS, logIndex=959, commits[8cac6937-780c-4459-964a-dea4dcd51fd7:c960, 9ed8676d-9460-465d-9905-fd43a52295f6:c956, da64134c-6992-4903-9407-7df321e464db:c956]
2019-07-09 09:59:10,245 INFO  client.GrpcClientProtocolClient (GrpcClientProtocolClient.java:onNext(255)) - client-CECA27ED65B5->8cac6937-780c-4459-964a-dea4dcd51fd7: receive RaftClientReply:client-CECA27ED65B5->8cac6937-780c-4459-964a-dea4dcd51fd7@group-D84C501198B9, cid=765, SUCCESS, logIndex=960, commits[8cac6937-780c-4459-964a-dea4dcd51fd7:c960, 9ed8676d-9460-465d-9905-fd43a52295f6:c956, da64134c-6992-4903-9407-7df321e464db:c956]
2019-07-09 09:59:10,259 INFO  client.GrpcClientProtocolClient (GrpcClientProtocolClient.java:onNext(255)) - client-CECA27ED65B5->8cac6937-780c-4459-964a-dea4dcd51fd7: receive RaftClientReply:client-CECA27ED65B5->8cac6937-780c-4459-964a-dea4dcd51fd7@group-D84C501198B9, cid=766, SUCCESS, logIndex=0, commits[8cac6937-780c-4459-964a-dea4dcd51fd7:c962, 9ed8676d-9460-465d-9905-fd43a52295f6:c960, da64134c-6992-4903-9407-7df321e464db:c960]
2019-07-09 09:59:10,279 INFO  client.GrpcClientProtocolClient (GrpcClientProtocolClient.java:onNext(255)) - client-CECA27ED65B5->8cac6937-780c-4459-964a-dea4dcd51fd7: receive RaftClientReply:client-CECA27ED65B5->8cac6937-780c-4459-964a-dea4dcd51fd7@group-D84C501198B9, cid=767, SUCCESS, logIndex=963, commits[8cac6937-780c-4459-964a-dea4dcd51fd7:c964, 9ed8676d-9460-465d-9905-fd43a52295f6:c962, da64134c-6992-4903-9407-7df321e464db:c962]
2019-07-09 09:59:10,280 INFO  client.GrpcClientProtocolClient (GrpcClientProtocolClient.java:onNext(255)) - client-CECA27ED65B5->8cac6937-780c-4459-964a-dea4dcd51fd7: receive RaftClientReply:client-CECA27ED65B5->8cac6937-780c-4459-964a-dea4dcd51fd7@group-D84C501198B9, cid=768, SUCCESS, logIndex=964, commits[8cac6937-780c-4459-964a-dea4dcd51fd7:c966, 9ed8676d-9460-465d-9905-fd43a52295f6:c962, da64134c-6992-4903-9407-7df321e464db:c962]
2019-07-09 09:59:10,280 INFO  client.GrpcClientProtocolClient (GrpcClientProtocolClient.java:onNext(255)) - client-CECA27ED65B5->8cac6937-780c-4459-964a-dea4dcd51fd7: receive RaftClientReply:client-CECA27ED65B5->8cac6937-780c-4459-964a-dea4dcd51fd7@group-D84C501198B9, cid=769, SUCCESS, logIndex=965, commits[8cac6937-780c-4459-964a-dea4dcd51fd7:c966, 9ed8676d-9460-465d-9905-fd43a52295f6:c962, da64134c-6992-4903-9407-7df321e464db:c962]
2019-07-09 09:59:10,280 INFO  client.GrpcClientProtocolClient (GrpcClientProtocolClient.java:onNext(255)) - client-CECA27ED65B5->8cac6937-780c-4459-964a-dea4dcd51fd7: receive RaftClientReply:client-CECA27ED65B5->8cac6937-780c-4459-964a-dea4dcd51fd7@group-D84C501198B9, cid=770, SUCCESS, logIndex=966, commits[8cac6937-780c-4459-964a-dea4dcd51fd7:c966, 9ed8676d-9460-465d-9905-fd43a52295f6:c962, da64134c-6992-4903-9407-7df321e464db:c962]
2019-07-09 09:59:10,292 INFO  client.GrpcClientProtocolClient (GrpcClientProtocolClient.java:onNext(255)) - client-CECA27ED65B5->8cac6937-780c-4459-964a-dea4dcd51fd7: receive RaftClientReply:client-CECA27ED65B5->8cac6937-780c-4459-964a-dea4dcd51fd7@group-D84C501198B9, cid=771, SUCCESS, logIndex=0, commits[8cac6937-780c-4459-964a-dea4dcd51fd7:c967, 9ed8676d-9460-465d-9905-fd43a52295f6:c964, da64134c-6992-4903-9407-7df321e464db:c964]
2019-07-09 09:59:10,313 INFO  client.GrpcClientProtocolClient (GrpcClientProtocolClient.java:onNext(255)) - client-CECA27ED65B5->8cac6937-780c-4459-964a-dea4dcd51fd7: receive RaftClientReply:client-CECA27ED65B5->8cac6937-780c-4459-964a-dea4dcd51fd7@group-D84C501198B9, cid=772, SUCCESS, logIndex=971, commits[8cac6937-780c-4459-964a-dea4dcd51fd7:c972, 9ed8676d-9460-465d-9905-fd43a52295f6:c970, da64134c-6992-4903-9407-7df321e464db:c970]
2019-07-09 09:59:10,313 INFO  client.GrpcClientProtocolClient (GrpcClientProtocolClient.java:onNext(255)) - client-CECA27ED65B5->8cac6937-780c-4459-964a-dea4dcd51fd7: receive RaftClientReply:client-CECA27ED65B5->8cac6937-780c-4459-964a-dea4dcd51fd7@group-D84C501198B9, cid=773, SUCCESS, logIndex=972, commits[8cac6937-780c-4459-964a-dea4dcd51fd7:c972, 9ed8676d-9460-465d-9905-fd43a52295f6:c970, da64134c-6992-4903-9407-7df321e464db:c970]
2019-07-09 09:59:10,328 INFO  client.GrpcClientProtocolClient (GrpcClientProtocolClient.java:onNext(255)) - client-CECA27ED65B5->8cac6937-780c-4459-964a-dea4dcd51fd7: receive RaftClientReply:client-CECA27ED65B5->8cac6937-780c-4459-964a-dea4dcd51fd7@group-D84C501198B9, cid=774, SUCCESS, logIndex=975, commits[8cac6937-780c-4459-964a-dea4dcd51fd7:c976, 9ed8676d-9460-465d-9905-fd43a52295f6:c972, da64134c-6992-4903-9407-7df321e464db:c972]
2019-07-09 09:59:10,329 INFO  client.GrpcClientProtocolClient (GrpcClientProtocolClient.java:onNext(255)) - client-CECA27ED65B5->8cac6937-780c-4459-964a-dea4dcd51fd7: receive RaftClientReply:client-CECA27ED65B5->8cac6937-780c-4459-964a-dea4dcd51fd7@group-D84C501198B9, cid=775, SUCCESS, logIndex=976, commits[8cac6937-780c-4459-964a-dea4dcd51fd7:c976, 9ed8676d-9460-465d-9905-fd43a52295f6:c972, da64134c-6992-4903-9407-7df321e464db:c972]
2019-07-09 09:59:10,340 INFO  client.GrpcClientProtocolClient (GrpcClientProtocolClient.java:onNext(255)) - client-CECA27ED65B5->8cac6937-780c-4459-964a-dea4dcd51fd7: receive RaftClientReply:client-CECA27ED65B5->8cac6937-780c-4459-964a-dea4dcd51fd7@group-D84C501198B9, cid=776, SUCCESS, logIndex=0, commits[8cac6937-780c-4459-964a-dea4dcd51fd7:c977, 9ed8676d-9460-465d-9905-fd43a52295f6:c976, da64134c-6992-4903-9407-7df321e464db:c976]
2019-07-09 09:59:10,362 INFO  client.GrpcClientProtocolClient (GrpcClientProtocolClient.java:onNext(255)) - client-CECA27ED65B5->8cac6937-780c-4459-964a-dea4dcd51fd7: receive RaftClientReply:client-CECA27ED65B5->8cac6937-780c-4459-964a-dea4dcd51fd7@group-D84C501198B9, cid=777, SUCCESS, logIndex=979, commits[8cac6937-780c-4459-964a-dea4dcd51fd7:c980, 9ed8676d-9460-465d-9905-fd43a52295f6:c978, da64134c-6992-4903-9407-7df321e464db:c978]
2019-07-09 09:59:10,363 INFO  client.GrpcClientProtocolClient (GrpcClientProtocolClient.java:onNext(255)) - client-CECA27ED65B5->8cac6937-780c-4459-964a-dea4dcd51fd7: receive RaftClientReply:client-CECA27ED65B5->8cac6937-780c-4459-964a-dea4dcd51fd7@group-D84C501198B9, cid=778, SUCCESS, logIndex=980, commits[8cac6937-780c-4459-964a-dea4dcd51fd7:c980, 9ed8676d-9460-465d-9905-fd43a52295f6:c978, da64134c-6992-4903-9407-7df321e464db:c978]
2019-07-09 09:59:10,364 INFO  client.GrpcClientProtocolClient (GrpcClientProtocolClient.java:onNext(255)) - client-CECA27ED65B5->8cac6937-780c-4459-964a-dea4dcd51fd7: receive RaftClientReply:client-CECA27ED65B5->8cac6937-780c-4459-964a-dea4dcd51fd7@group-D84C501198B9, cid=779, SUCCESS, logIndex=981, commits[8cac6937-780c-4459-964a-dea4dcd51fd7:c982, 9ed8676d-9460-465d-9905-fd43a52295f6:c978, da64134c-6992-4903-9407-7df321e464db:c978]
2019-07-09 09:59:10,365 INFO  client.GrpcClientProtocolClient (GrpcClientProtocolClient.java:onNext(255)) - client-CECA27ED65B5->8cac6937-780c-4459-964a-dea4dcd51fd7: receive RaftClientReply:client-CECA27ED65B5->8cac6937-780c-4459-964a-dea4dcd51fd7@group-D84C501198B9, cid=780, SUCCESS, logIndex=982, commits[8cac6937-780c-4459-964a-dea4dcd51fd7:c982, 9ed8676d-9460-465d-9905-fd43a52295f6:c978, da64134c-6992-4903-9407-7df321e464db:c978]
2019-07-09 09:59:10,366 INFO  client.GrpcClientProtocolClient (GrpcClientProtocolClient.java:onNext(255)) - client-CECA27ED65B5->8cac6937-780c-4459-964a-dea4dcd51fd7: receive RaftClientReply:client-CECA27ED65B5->8cac6937-780c-4459-964a-dea4dcd51fd7@group-D84C501198B9, cid=781, SUCCESS, logIndex=0, commits[8cac6937-780c-4459-964a-dea4dcd51fd7:c984, 9ed8676d-9460-465d-9905-fd43a52295f6:c980, da64134c-6992-4903-9407-7df321e464db:c980]
2019-07-09 09:59:10,500 INFO  client.GrpcClientProtocolClient (GrpcClientProtocolClient.java:onNext(255)) - client-CECA27ED65B5->8cac6937-780c-4459-964a-dea4dcd51fd7: receive RaftClientReply:client-CECA27ED65B5->8cac6937-780c-4459-964a-dea4dcd51fd7@group-D84C501198B9, cid=782, SUCCESS, logIndex=987, commits[8cac6937-780c-4459-964a-dea4dcd51fd7:c988, 9ed8676d-9460-465d-9905-fd43a52295f6:c986, da64134c-6992-4903-9407-7df321e464db:c986]
2019-07-09 09:59:10,500 INFO  client.GrpcClientProtocolClient (GrpcClientProtocolClient.java:onNext(255)) - client-CECA27ED65B5->8cac6937-780c-4459-964a-dea4dcd51fd7: receive RaftClientReply:client-CECA27ED65B5->8cac6937-780c-4459-964a-dea4dcd51fd7@group-D84C501198B9, cid=783, SUCCESS, logIndex=988, commits[8cac6937-780c-4459-964a-dea4dcd51fd7:c988, 9ed8676d-9460-465d-9905-fd43a52295f6:c986, da64134c-6992-4903-9407-7df321e464db:c986]
2019-07-09 09:59:10,526 INFO  client.GrpcClientProtocolClient (GrpcClientProtocolClient.java:onNext(255)) - client-CECA27ED65B5->8cac6937-780c-4459-964a-dea4dcd51fd7: receive RaftClientReply:client-CECA27ED65B5->8cac6937-780c-4459-964a-dea4dcd51fd7@group-D84C501198B9, cid=784, SUCCESS, logIndex=991, commits[8cac6937-780c-4459-964a-dea4dcd51fd7:c992, 9ed8676d-9460-465d-9905-fd43a52295f6:c988, da64134c-6992-4903-9407-7df321e464db:c988]
2019-07-09 09:59:10,527 INFO  client.GrpcClientProtocolClient (GrpcClientProtocolClient.java:onNext(255)) - client-CECA27ED65B5->8cac6937-780c-4459-964a-dea4dcd51fd7: receive RaftClientReply:client-CECA27ED65B5->8cac6937-780c-4459-964a-dea4dcd51fd7@group-D84C501198B9, cid=785, SUCCESS, logIndex=992, commits[8cac6937-780c-4459-964a-dea4dcd51fd7:c992, 9ed8676d-9460-465d-9905-fd43a52295f6:c988, da64134c-6992-4903-9407-7df321e464db:c988]
2019-07-09 09:59:10,540 INFO  client.GrpcClientProtocolClient (GrpcClientProtocolClient.java:onNext(255)) - client-CECA27ED65B5->8cac6937-780c-4459-964a-dea4dcd51fd7: receive RaftClientReply:client-CECA27ED65B5->8cac6937-780c-4459-964a-dea4dcd51fd7@group-D84C501198B9, cid=786, SUCCESS, logIndex=0, commits[8cac6937-780c-4459-964a-dea4dcd51fd7:c993, 9ed8676d-9460-465d-9905-fd43a52295f6:c992, da64134c-6992-4903-9407-7df321e464db:c992]
2019-07-09 09:59:10,570 INFO  client.GrpcClientProtocolClient (GrpcClientProtocolClient.java:onNext(255)) - client-CECA27ED65B5->8cac6937-780c-4459-964a-dea4dcd51fd7: receive RaftClientReply:client-CECA27ED65B5->8cac6937-780c-4459-964a-dea4dcd51fd7@group-D84C501198B9, cid=787, SUCCESS, logIndex=995, commits[8cac6937-780c-4459-964a-dea4dcd51fd7:c998, 9ed8676d-9460-465d-9905-fd43a52295f6:c993, da64134c-6992-4903-9407-7df321e464db:c994]
2019-07-09 09:59:10,571 INFO  client.GrpcClientProtocolClient (GrpcClientProtocolClient.java:onNext(255)) - client-CECA27ED65B5->8cac6937-780c-4459-964a-dea4dcd51fd7: receive RaftClientReply:client-CECA27ED65B5->8cac6937-780c-4459-964a-dea4dcd51fd7@group-D84C501198B9, cid=788, SUCCESS, logIndex=996, commits[8cac6937-780c-4459-964a-dea4dcd51fd7:c998, 9ed8676d-9460-465d-9905-fd43a52295f6:c993, da64134c-6992-4903-9407-7df321e464db:c994]
2019-07-09 09:59:10,571 INFO  client.GrpcClientProtocolClient (GrpcClientProtocolClient.java:onNext(255)) - client-CECA27ED65B5->8cac6937-780c-4459-964a-dea4dcd51fd7: receive RaftClientReply:client-CECA27ED65B5->8cac6937-780c-4459-964a-dea4dcd51fd7@group-D84C501198B9, cid=789, SUCCESS, logIndex=997, commits[8cac6937-780c-4459-964a-dea4dcd51fd7:c998, 9ed8676d-9460-465d-9905-fd43a52295f6:c993, da64134c-6992-4903-9407-7df321e464db:c994]
2019-07-09 09:59:10,571 INFO  client.GrpcClientProtocolClient (GrpcClientProtocolClient.java:onNext(255)) - client-CECA27ED65B5->8cac6937-780c-4459-964a-dea4dcd51fd7: receive RaftClientReply:client-CECA27ED65B5->8cac6937-780c-4459-964a-dea4dcd51fd7@group-D84C501198B9, cid=790, SUCCESS, logIndex=998, commits[8cac6937-780c-4459-964a-dea4dcd51fd7:c998, 9ed8676d-9460-465d-9905-fd43a52295f6:c993, da64134c-6992-4903-9407-7df321e464db:c994]
2019-07-09 09:59:10,582 INFO  client.GrpcClientProtocolClient (GrpcClientProtocolClient.java:onNext(255)) - client-CECA27ED65B5->8cac6937-780c-4459-964a-dea4dcd51fd7: receive RaftClientReply:client-CECA27ED65B5->8cac6937-780c-4459-964a-dea4dcd51fd7@group-D84C501198B9, cid=791, SUCCESS, logIndex=0, commits[8cac6937-780c-4459-964a-dea4dcd51fd7:c999, 9ed8676d-9460-465d-9905-fd43a52295f6:c996, da64134c-6992-4903-9407-7df321e464db:c996]
2019-07-09 09:59:10,603 INFO  client.GrpcClientProtocolClient (GrpcClientProtocolClient.java:onNext(255)) - client-CECA27ED65B5->8cac6937-780c-4459-964a-dea4dcd51fd7: receive RaftClientReply:client-CECA27ED65B5->8cac6937-780c-4459-964a-dea4dcd51fd7@group-D84C501198B9, cid=792, SUCCESS, logIndex=1003, commits[8cac6937-780c-4459-964a-dea4dcd51fd7:c1004, 9ed8676d-9460-465d-9905-fd43a52295f6:c1002, da64134c-6992-4903-9407-7df321e464db:c1002]
2019-07-09 09:59:10,604 INFO  client.GrpcClientProtocolClient (GrpcClientProtocolClient.java:onNext(255)) - client-CECA27ED65B5->8cac6937-780c-4459-964a-dea4dcd51fd7: receive RaftClientReply:client-CECA27ED65B5->8cac6937-780c-4459-964a-dea4dcd51fd7@group-D84C501198B9, cid=793, SUCCESS, logIndex=1004, commits[8cac6937-780c-4459-964a-dea4dcd51fd7:c1004, 9ed8676d-9460-465d-9905-fd43a52295f6:c1002, da64134c-6992-4903-9407-7df321e464db:c1002]
2019-07-09 09:59:10,618 INFO  client.GrpcClientProtocolClient (GrpcClientProtocolClient.java:onNext(255)) - client-CECA27ED65B5->8cac6937-780c-4459-964a-dea4dcd51fd7: receive RaftClientReply:client-CECA27ED65B5->8cac6937-780c-4459-964a-dea4dcd51fd7@group-D84C501198B9, cid=794, SUCCESS, logIndex=1007, commits[8cac6937-780c-4459-964a-dea4dcd51fd7:c1008, 9ed8676d-9460-465d-9905-fd43a52295f6:c1004, da64134c-6992-4903-9407-7df321e464db:c1003]
2019-07-09 09:59:10,619 INFO  client.GrpcClientProtocolClient (GrpcClientProtocolClient.java:onNext(255)) - client-CECA27ED65B5->8cac6937-780c-4459-964a-dea4dcd51fd7: receive RaftClientReply:client-CECA27ED65B5->8cac6937-780c-4459-964a-dea4dcd51fd7@group-D84C501198B9, cid=795, SUCCESS, logIndex=1008, commits[8cac6937-780c-4459-964a-dea4dcd51fd7:c1008, 9ed8676d-9460-465d-9905-fd43a52295f6:c1004, da64134c-6992-4903-9407-7df321e464db:c1003]
2019-07-09 09:59:10,628 INFO  client.GrpcClientProtocolClient (GrpcClientProtocolClient.java:onNext(255)) - client-CECA27ED65B5->8cac6937-780c-4459-964a-dea4dcd51fd7: receive RaftClientReply:client-CECA27ED65B5->8cac6937-780c-4459-964a-dea4dcd51fd7@group-D84C501198B9, cid=796, SUCCESS, logIndex=0, commits[8cac6937-780c-4459-964a-dea4dcd51fd7:c1008, 9ed8676d-9460-465d-9905-fd43a52295f6:c1004, da64134c-6992-4903-9407-7df321e464db:c1004]
2019-07-09 09:59:10,630 INFO  client.GrpcClientProtocolClient (GrpcClientProtocolClient.java:onNext(255)) - client-CECA27ED65B5->8cac6937-780c-4459-964a-dea4dcd51fd7: receive RaftClientReply:client-CECA27ED65B5->8cac6937-780c-4459-964a-dea4dcd51fd7@group-D84C501198B9, cid=797, SUCCESS, logIndex=0, commits[8cac6937-780c-4459-964a-dea4dcd51fd7:c1009, 9ed8676d-9460-465d-9905-fd43a52295f6:c1008, da64134c-6992-4903-9407-7df321e464db:c1008]
2019-07-09 09:59:10,660 INFO  client.GrpcClientProtocolClient (GrpcClientProtocolClient.java:onNext(255)) - client-CECA27ED65B5->8cac6937-780c-4459-964a-dea4dcd51fd7: receive RaftClientReply:client-CECA27ED65B5->8cac6937-780c-4459-964a-dea4dcd51fd7@group-D84C501198B9, cid=798, SUCCESS, logIndex=1011, commits[8cac6937-780c-4459-964a-dea4dcd51fd7:c1012, 9ed8676d-9460-465d-9905-fd43a52295f6:c1010, da64134c-6992-4903-9407-7df321e464db:c1010]
2019-07-09 09:59:10,661 INFO  client.GrpcClientProtocolClient (GrpcClientProtocolClient.java:onNext(255)) - client-CECA27ED65B5->8cac6937-780c-4459-964a-dea4dcd51fd7: receive RaftClientReply:client-CECA27ED65B5->8cac6937-780c-4459-964a-dea4dcd51fd7@group-D84C501198B9, cid=799, SUCCESS, logIndex=1012, commits[8cac6937-780c-4459-964a-dea4dcd51fd7:c1014, 9ed8676d-9460-465d-9905-fd43a52295f6:c1010, da64134c-6992-4903-9407-7df321e464db:c1010]
2019-07-09 09:59:10,661 INFO  client.GrpcClientProtocolClient (GrpcClientProtocolClient.java:onNext(255)) - client-CECA27ED65B5->8cac6937-780c-4459-964a-dea4dcd51fd7: receive RaftClientReply:client-CECA27ED65B5->8cac6937-780c-4459-964a-dea4dcd51fd7@group-D84C501198B9, cid=800, SUCCESS, logIndex=1013, commits[8cac6937-780c-4459-964a-dea4dcd51fd7:c1014, 9ed8676d-9460-465d-9905-fd43a52295f6:c1010, da64134c-6992-4903-9407-7df321e464db:c1010]
2019-07-09 09:59:10,662 INFO  client.GrpcClientProtocolClient (GrpcClientProtocolClient.java:onNext(255)) - client-CECA27ED65B5->8cac6937-780c-4459-964a-dea4dcd51fd7: receive RaftClientReply:client-CECA27ED65B5->8cac6937-780c-4459-964a-dea4dcd51fd7@group-D84C501198B9, cid=801, SUCCESS, logIndex=1014, commits[8cac6937-780c-4459-964a-dea4dcd51fd7:c1014, 9ed8676d-9460-465d-9905-fd43a52295f6:c1010, da64134c-6992-4903-9407-7df321e464db:c1010]
2019-07-09 09:59:10,663 INFO  client.GrpcClientProtocolClient (GrpcClientProtocolClient.java:onNext(255)) - client-CECA27ED65B5->8cac6937-780c-4459-964a-dea4dcd51fd7: receive RaftClientReply:client-CECA27ED65B5->8cac6937-780c-4459-964a-dea4dcd51fd7@group-D84C501198B9, cid=802, SUCCESS, logIndex=0, commits[8cac6937-780c-4459-964a-dea4dcd51fd7:c1018, 9ed8676d-9460-465d-9905-fd43a52295f6:c1014, da64134c-6992-4903-9407-7df321e464db:c1014]
2019-07-09 09:59:10,691 INFO  client.GrpcClientProtocolClient (GrpcClientProtocolClient.java:onNext(255)) - client-CECA27ED65B5->8cac6937-780c-4459-964a-dea4dcd51fd7: receive RaftClientReply:client-CECA27ED65B5->8cac6937-780c-4459-964a-dea4dcd51fd7@group-D84C501198B9, cid=803, SUCCESS, logIndex=1019, commits[8cac6937-780c-4459-964a-dea4dcd51fd7:c1020, 9ed8676d-9460-465d-9905-fd43a52295f6:c1018, da64134c-6992-4903-9407-7df321e464db:c1018]
2019-07-09 09:59:10,692 INFO  client.GrpcClientProtocolClient (GrpcClientProtocolClient.java:onNext(255)) - client-CECA27ED65B5->8cac6937-780c-4459-964a-dea4dcd51fd7: receive RaftClientReply:client-CECA27ED65B5->8cac6937-780c-4459-964a-dea4dcd51fd7@group-D84C501198B9, cid=804, SUCCESS, logIndex=1020, commits[8cac6937-780c-4459-964a-dea4dcd51fd7:c1020, 9ed8676d-9460-465d-9905-fd43a52295f6:c1018, da64134c-6992-4903-9407-7df321e464db:c1018]
2019-07-09 09:59:10,706 INFO  client.GrpcClientProtocolClient (GrpcClientProtocolClient.java:onNext(255)) - client-CECA27ED65B5->8cac6937-780c-4459-964a-dea4dcd51fd7: receive RaftClientReply:client-CECA27ED65B5->8cac6937-780c-4459-964a-dea4dcd51fd7@group-D84C501198B9, cid=805, SUCCESS, logIndex=1023, commits[8cac6937-780c-4459-964a-dea4dcd51fd7:c1024, 9ed8676d-9460-465d-9905-fd43a52295f6:c1020, da64134c-6992-4903-9407-7df321e464db:c1020]
2019-07-09 09:59:10,706 INFO  client.GrpcClientProtocolClient (GrpcClientProtocolClient.java:onNext(255)) - client-CECA27ED65B5->8cac6937-780c-4459-964a-dea4dcd51fd7: receive RaftClientReply:client-CECA27ED65B5->8cac6937-780c-4459-964a-dea4dcd51fd7@group-D84C501198B9, cid=806, SUCCESS, logIndex=1024, commits[8cac6937-780c-4459-964a-dea4dcd51fd7:c1024, 9ed8676d-9460-465d-9905-fd43a52295f6:c1020, da64134c-6992-4903-9407-7df321e464db:c1020]
2019-07-09 09:59:10,718 INFO  client.GrpcClientProtocolClient (GrpcClientProtocolClient.java:onNext(255)) - client-CECA27ED65B5->8cac6937-780c-4459-964a-dea4dcd51fd7: receive RaftClientReply:client-CECA27ED65B5->8cac6937-780c-4459-964a-dea4dcd51fd7@group-D84C501198B9, cid=807, SUCCESS, logIndex=0, commits[8cac6937-780c-4459-964a-dea4dcd51fd7:c1025, 9ed8676d-9460-465d-9905-fd43a52295f6:c1024, da64134c-6992-4903-9407-7df321e464db:c1024]
2019-07-09 09:59:10,738 INFO  client.GrpcClientProtocolClient (GrpcClientProtocolClient.java:onNext(255)) - client-CECA27ED65B5->8cac6937-780c-4459-964a-dea4dcd51fd7: receive RaftClientReply:client-CECA27ED65B5->8cac6937-780c-4459-964a-dea4dcd51fd7@group-D84C501198B9, cid=808, SUCCESS, logIndex=1026, commits[8cac6937-780c-4459-964a-dea4dcd51fd7:c1027, 9ed8676d-9460-465d-9905-fd43a52295f6:c1025, da64134c-6992-4903-9407-7df321e464db:c1025]
2019-07-09 09:59:10,738 INFO  client.GrpcClientProtocolClient (GrpcClientProtocolClient.java:onNext(255)) - client-CECA27ED65B5->8cac6937-780c-4459-964a-dea4dcd51fd7: receive RaftClientReply:client-CECA27ED65B5->8cac6937-780c-4459-964a-dea4dcd51fd7@group-D84C501198B9, cid=809, SUCCESS, logIndex=1027, commits[8cac6937-780c-4459-964a-dea4dcd51fd7:c1029, 9ed8676d-9460-465d-9905-fd43a52295f6:c1025, da64134c-6992-4903-9407-7df321e464db:c1025]
2019-07-09 09:59:10,739 INFO  client.GrpcClientProtocolClient (GrpcClientProtocolClient.java:onNext(255)) - client-CECA27ED65B5->8cac6937-780c-4459-964a-dea4dcd51fd7: receive RaftClientReply:client-CECA27ED65B5->8cac6937-780c-4459-964a-dea4dcd51fd7@group-D84C501198B9, cid=810, SUCCESS, logIndex=1028, commits[8cac6937-780c-4459-964a-dea4dcd51fd7:c1029, 9ed8676d-9460-465d-9905-fd43a52295f6:c1025, da64134c-6992-4903-9407-7df321e464db:c1025]
2019-07-09 09:59:10,739 INFO  client.GrpcClientProtocolClient (GrpcClientProtocolClient.java:onNext(255)) - client-CECA27ED65B5->8cac6937-780c-4459-964a-dea4dcd51fd7: receive RaftClientReply:client-CECA27ED65B5->8cac6937-780c-4459-964a-dea4dcd51fd7@group-D84C501198B9, cid=811, SUCCESS, logIndex=1029, commits[8cac6937-780c-4459-964a-dea4dcd51fd7:c1029, 9ed8676d-9460-465d-9905-fd43a52295f6:c1025, da64134c-6992-4903-9407-7df321e464db:c1025]
2019-07-09 09:59:10,753 INFO  client.GrpcClientProtocolClient (GrpcClientProtocolClient.java:onNext(255)) - client-CECA27ED65B5->8cac6937-780c-4459-964a-dea4dcd51fd7: receive RaftClientReply:client-CECA27ED65B5->8cac6937-780c-4459-964a-dea4dcd51fd7@group-D84C501198B9, cid=812, SUCCESS, logIndex=0, commits[8cac6937-780c-4459-964a-dea4dcd51fd7:c1032, 9ed8676d-9460-465d-9905-fd43a52295f6:c1027, da64134c-6992-4903-9407-7df321e464db:c1029]
2019-07-09 09:59:10,772 INFO  client.GrpcClientProtocolClient (GrpcClientProtocolClient.java:onNext(255)) - client-CECA27ED65B5->8cac6937-780c-4459-964a-dea4dcd51fd7: receive RaftClientReply:client-CECA27ED65B5->8cac6937-780c-4459-964a-dea4dcd51fd7@group-D84C501198B9, cid=813, SUCCESS, logIndex=1034, commits[8cac6937-780c-4459-964a-dea4dcd51fd7:c1035, 9ed8676d-9460-465d-9905-fd43a52295f6:c1033, da64134c-6992-4903-9407-7df321e464db:c1033]
2019-07-09 09:59:10,773 INFO  client.GrpcClientProtocolClient (GrpcClientProtocolClient.java:onNext(255)) - client-CECA27ED65B5->8cac6937-780c-4459-964a-dea4dcd51fd7: receive RaftClientReply:client-CECA27ED65B5->8cac6937-780c-4459-964a-dea4dcd51fd7@group-D84C501198B9, cid=814, SUCCESS, logIndex=1035, commits[8cac6937-780c-4459-964a-dea4dcd51fd7:c1035, 9ed8676d-9460-465d-9905-fd43a52295f6:c1033, da64134c-6992-4903-9407-7df321e464db:c1033]
2019-07-09 09:59:10,787 INFO  client.GrpcClientProtocolClient (GrpcClientProtocolClient.java:onNext(255)) - client-CECA27ED65B5->8cac6937-780c-4459-964a-dea4dcd51fd7: receive RaftClientReply:client-CECA27ED65B5->8cac6937-780c-4459-964a-dea4dcd51fd7@group-D84C501198B9, cid=815, SUCCESS, logIndex=1038, commits[8cac6937-780c-4459-964a-dea4dcd51fd7:c1039, 9ed8676d-9460-465d-9905-fd43a52295f6:c1035, da64134c-6992-4903-9407-7df321e464db:c1035]
2019-07-09 09:59:10,787 INFO  client.GrpcClientProtocolClient (GrpcClientProtocolClient.java:onNext(255)) - client-CECA27ED65B5->8cac6937-780c-4459-964a-dea4dcd51fd7: receive RaftClientReply:client-CECA27ED65B5->8cac6937-780c-4459-964a-dea4dcd51fd7@group-D84C501198B9, cid=816, SUCCESS, logIndex=1039, commits[8cac6937-780c-4459-964a-dea4dcd51fd7:c1039, 9ed8676d-9460-465d-9905-fd43a52295f6:c1035, da64134c-6992-4903-9407-7df321e464db:c1035]
2019-07-09 09:59:10,802 INFO  client.GrpcClientProtocolClient (GrpcClientProtocolClient.java:onNext(255)) - client-CECA27ED65B5->8cac6937-780c-4459-964a-dea4dcd51fd7: receive RaftClientReply:client-CECA27ED65B5->8cac6937-780c-4459-964a-dea4dcd51fd7@group-D84C501198B9, cid=817, SUCCESS, logIndex=0, commits[8cac6937-780c-4459-964a-dea4dcd51fd7:c1041, 9ed8676d-9460-465d-9905-fd43a52295f6:c1039, da64134c-6992-4903-9407-7df321e464db:c1039]
2019-07-09 09:59:10,823 INFO  client.GrpcClientProtocolClient (GrpcClientProtocolClient.java:onNext(255)) - client-CECA27ED65B5->8cac6937-780c-4459-964a-dea4dcd51fd7: receive RaftClientReply:client-CECA27ED65B5->8cac6937-780c-4459-964a-dea4dcd51fd7@group-D84C501198B9, cid=818, SUCCESS, logIndex=1042, commits[8cac6937-780c-4459-964a-dea4dcd51fd7:c1043, 9ed8676d-9460-465d-9905-fd43a52295f6:c1041, da64134c-6992-4903-9407-7df321e464db:c1041]
2019-07-09 09:59:10,824 INFO  client.GrpcClientProtocolClient (GrpcClientProtocolClient.java:onNext(255)) - client-CECA27ED65B5->8cac6937-780c-4459-964a-dea4dcd51fd7: receive RaftClientReply:client-CECA27ED65B5->8cac6937-780c-4459-964a-dea4dcd51fd7@group-D84C501198B9, cid=819, SUCCESS, logIndex=1043, commits[8cac6937-780c-4459-964a-dea4dcd51fd7:c1045, 9ed8676d-9460-465d-9905-fd43a52295f6:c1041, da64134c-6992-4903-9407-7df321e464db:c1041]
2019-07-09 09:59:10,824 INFO  client.GrpcClientProtocolClient (GrpcClientProtocolClient.java:onNext(255)) - client-CECA27ED65B5->8cac6937-780c-4459-964a-dea4dcd51fd7: receive RaftClientReply:client-CECA27ED65B5->8cac6937-780c-4459-964a-dea4dcd51fd7@group-D84C501198B9, cid=820, SUCCESS, logIndex=1044, commits[8cac6937-780c-4459-964a-dea4dcd51fd7:c1045, 9ed8676d-9460-465d-9905-fd43a52295f6:c1041, da64134c-6992-4903-9407-7df321e464db:c1041]
2019-07-09 09:59:10,824 INFO  client.GrpcClientProtocolClient (GrpcClientProtocolClient.java:onNext(255)) - client-CECA27ED65B5->8cac6937-780c-4459-964a-dea4dcd51fd7: receive RaftClientReply:client-CECA27ED65B5->8cac6937-780c-4459-964a-dea4dcd51fd7@group-D84C501198B9, cid=821, SUCCESS, logIndex=1045, commits[8cac6937-780c-4459-964a-dea4dcd51fd7:c1046, 9ed8676d-9460-465d-9905-fd43a52295f6:c1041, da64134c-6992-4903-9407-7df321e464db:c1042]
2019-07-09 09:59:10,826 INFO  client.GrpcClientProtocolClient (GrpcClientProtocolClient.java:onNext(255)) - client-CECA27ED65B5->8cac6937-780c-4459-964a-dea4dcd51fd7: receive RaftClientReply:client-CECA27ED65B5->8cac6937-780c-4459-964a-dea4dcd51fd7@group-D84C501198B9, cid=822, SUCCESS, logIndex=0, commits[8cac6937-780c-4459-964a-dea4dcd51fd7:c1046, 9ed8676d-9460-465d-9905-fd43a52295f6:c1043, da64134c-6992-4903-9407-7df321e464db:c1043]
2019-07-09 09:59:10,839 INFO  client.GrpcClientProtocolClient (GrpcClientProtocolClient.java:onNext(255)) - client-CECA27ED65B5->8cac6937-780c-4459-964a-dea4dcd51fd7: receive RaftClientReply:client-CECA27ED65B5->8cac6937-780c-4459-964a-dea4dcd51fd7@group-D84C501198B9, cid=823, SUCCESS, logIndex=1050, commits[8cac6937-780c-4459-964a-dea4dcd51fd7:c1051, 9ed8676d-9460-465d-9905-fd43a52295f6:c1046, da64134c-6992-4903-9407-7df321e464db:c1046]
2019-07-09 09:59:10,839 INFO  client.GrpcClientProtocolClient (GrpcClientProtocolClient.java:onNext(255)) - client-CECA27ED65B5->8cac6937-780c-4459-964a-dea4dcd51fd7: receive RaftClientReply:client-CECA27ED65B5->8cac6937-780c-4459-964a-dea4dcd51fd7@group-D84C501198B9, cid=824, SUCCESS, logIndex=1051, commits[8cac6937-780c-4459-964a-dea4dcd51fd7:c1051, 9ed8676d-9460-465d-9905-fd43a52295f6:c1046, da64134c-6992-4903-9407-7df321e464db:c1046]
2019-07-09 09:59:10,854 INFO  client.GrpcClientProtocolClient (GrpcClientProtocolClient.java:onNext(255)) - client-CECA27ED65B5->8cac6937-780c-4459-964a-dea4dcd51fd7: receive RaftClientReply:client-CECA27ED65B5->8cac6937-780c-4459-964a-dea4dcd51fd7@group-D84C501198B9, cid=825, SUCCESS, logIndex=1054, commits[8cac6937-780c-4459-964a-dea4dcd51fd7:c1055, 9ed8676d-9460-465d-9905-fd43a52295f6:c1051, da64134c-6992-4903-9407-7df321e464db:c1051]
2019-07-09 09:59:10,855 INFO  client.GrpcClientProtocolClient (GrpcClientProtocolClient.java:onNext(255)) - client-CECA27ED65B5->8cac6937-780c-4459-964a-dea4dcd51fd7: receive RaftClientReply:client-CECA27ED65B5->8cac6937-780c-4459-964a-dea4dcd51fd7@group-D84C501198B9, cid=826, SUCCESS, logIndex=1055, commits[8cac6937-780c-4459-964a-dea4dcd51fd7:c1055, 9ed8676d-9460-465d-9905-fd43a52295f6:c1051, da64134c-6992-4903-9407-7df321e464db:c1051]
2019-07-09 09:59:10,866 INFO  client.GrpcClientProtocolClient (GrpcClientProtocolClient.java:onNext(255)) - client-CECA27ED65B5->8cac6937-780c-4459-964a-dea4dcd51fd7: receive RaftClientReply:client-CECA27ED65B5->8cac6937-780c-4459-964a-dea4dcd51fd7@group-D84C501198B9, cid=827, SUCCESS, logIndex=0, commits[8cac6937-780c-4459-964a-dea4dcd51fd7:c1056, 9ed8676d-9460-465d-9905-fd43a52295f6:c1055, da64134c-6992-4903-9407-7df321e464db:c1055]
2019-07-09 09:59:10,888 INFO  client.GrpcClientProtocolClient (GrpcClientProtocolClient.java:onNext(255)) - client-CECA27ED65B5->8cac6937-780c-4459-964a-dea4dcd51fd7: receive RaftClientReply:client-CECA27ED65B5->8cac6937-780c-4459-964a-dea4dcd51fd7@group-D84C501198B9, cid=828, SUCCESS, logIndex=1057, commits[8cac6937-780c-4459-964a-dea4dcd51fd7:c1058, 9ed8676d-9460-465d-9905-fd43a52295f6:c1056, da64134c-6992-4903-9407-7df321e464db:c1056]
2019-07-09 09:59:10,889 INFO  client.GrpcClientProtocolClient (GrpcClientProtocolClient.java:onNext(255)) - client-CECA27ED65B5->8cac6937-780c-4459-964a-dea4dcd51fd7: receive RaftClientReply:client-CECA27ED65B5->8cac6937-780c-4459-964a-dea4dcd51fd7@group-D84C501198B9, cid=829, SUCCESS, logIndex=1058, commits[8cac6937-780c-4459-964a-dea4dcd51fd7:c1060, 9ed8676d-9460-465d-9905-fd43a52295f6:c1056, da64134c-6992-4903-9407-7df321e464db:c1056]
2019-07-09 09:59:10,889 INFO  client.GrpcClientProtocolClient (GrpcClientProtocolClient.java:onNext(255)) - client-CECA27ED65B5->8cac6937-780c-4459-964a-dea4dcd51fd7: receive RaftClientReply:client-CECA27ED65B5->8cac6937-780c-4459-964a-dea4dcd51fd7@group-D84C501198B9, cid=830, SUCCESS, logIndex=1059, commits[8cac6937-780c-4459-964a-dea4dcd51fd7:c1060, 9ed8676d-9460-465d-9905-fd43a52295f6:c1056, da64134c-6992-4903-9407-7df321e464db:c1056]
2019-07-09 09:59:10,889 INFO  client.GrpcClientProtocolClient (GrpcClientProtocolClient.java:onNext(255)) - client-CECA27ED65B5->8cac6937-780c-4459-964a-dea4dcd51fd7: receive RaftClientReply:client-CECA27ED65B5->8cac6937-780c-4459-964a-dea4dcd51fd7@group-D84C501198B9, cid=831, SUCCESS, logIndex=1060, commits[8cac6937-780c-4459-964a-dea4dcd51fd7:c1060, 9ed8676d-9460-465d-9905-fd43a52295f6:c1056, da64134c-6992-4903-9407-7df321e464db:c1056]
2019-07-09 09:59:10,909 INFO  client.GrpcClientProtocolClient (GrpcClientProtocolClient.java:onNext(255)) - client-CECA27ED65B5->8cac6937-780c-4459-964a-dea4dcd51fd7: receive RaftClientReply:client-CECA27ED65B5->8cac6937-780c-4459-964a-dea4dcd51fd7@group-D84C501198B9, cid=832, SUCCESS, logIndex=0, commits[8cac6937-780c-4459-964a-dea4dcd51fd7:c1062, 9ed8676d-9460-465d-9905-fd43a52295f6:c1058, da64134c-6992-4903-9407-7df321e464db:c1058]
2019-07-09 09:59:10,934 INFO  client.GrpcClientProtocolClient (GrpcClientProtocolClient.java:onNext(255)) - client-CECA27ED65B5->8cac6937-780c-4459-964a-dea4dcd51fd7: receive RaftClientReply:client-CECA27ED65B5->8cac6937-780c-4459-964a-dea4dcd51fd7@group-D84C501198B9, cid=833, SUCCESS, logIndex=1064, commits[8cac6937-780c-4459-964a-dea4dcd51fd7:c1065, 9ed8676d-9460-465d-9905-fd43a52295f6:c1063, da64134c-6992-4903-9407-7df321e464db:c1063]
2019-07-09 09:59:10,934 INFO  client.GrpcClientProtocolClient (GrpcClientProtocolClient.java:onNext(255)) - client-CECA27ED65B5->8cac6937-780c-4459-964a-dea4dcd51fd7: receive RaftClientReply:client-CECA27ED65B5->8cac6937-780c-4459-964a-dea4dcd51fd7@group-D84C501198B9, cid=834, SUCCESS, logIndex=1065, commits[8cac6937-780c-4459-964a-dea4dcd51fd7:c1065, 9ed8676d-9460-465d-9905-fd43a52295f6:c1063, da64134c-6992-4903-9407-7df321e464db:c1063]
2019-07-09 09:59:10,948 INFO  client.GrpcClientProtocolClient (GrpcClientProtocolClient.java:onNext(255)) - client-CECA27ED65B5->8cac6937-780c-4459-964a-dea4dcd51fd7: receive RaftClientReply:client-CECA27ED65B5->8cac6937-780c-4459-964a-dea4dcd51fd7@group-D84C501198B9, cid=835, SUCCESS, logIndex=1068, commits[8cac6937-780c-4459-964a-dea4dcd51fd7:c1069, 9ed8676d-9460-465d-9905-fd43a52295f6:c1065, da64134c-6992-4903-9407-7df321e464db:c1065]
2019-07-09 09:59:10,948 INFO  client.GrpcClientProtocolClient (GrpcClientProtocolClient.java:onNext(255)) - client-CECA27ED65B5->8cac6937-780c-4459-964a-dea4dcd51fd7: receive RaftClientReply:client-CECA27ED65B5->8cac6937-780c-4459-964a-dea4dcd51fd7@group-D84C501198B9, cid=836, SUCCESS, logIndex=1069, commits[8cac6937-780c-4459-964a-dea4dcd51fd7:c1069, 9ed8676d-9460-465d-9905-fd43a52295f6:c1065, da64134c-6992-4903-9407-7df321e464db:c1065]
2019-07-09 09:59:10,961 INFO  client.GrpcClientProtocolClient (GrpcClientProtocolClient.java:onNext(255)) - client-CECA27ED65B5->8cac6937-780c-4459-964a-dea4dcd51fd7: receive RaftClientReply:client-CECA27ED65B5->8cac6937-780c-4459-964a-dea4dcd51fd7@group-D84C501198B9, cid=837, SUCCESS, logIndex=0, commits[8cac6937-780c-4459-964a-dea4dcd51fd7:c1071, 9ed8676d-9460-465d-9905-fd43a52295f6:c1069, da64134c-6992-4903-9407-7df321e464db:c1069]
2019-07-09 09:59:10,984 INFO  client.GrpcClientProtocolClient (GrpcClientProtocolClient.java:onNext(255)) - client-CECA27ED65B5->8cac6937-780c-4459-964a-dea4dcd51fd7: receive RaftClientReply:client-CECA27ED65B5->8cac6937-780c-4459-964a-dea4dcd51fd7@group-D84C501198B9, cid=838, SUCCESS, logIndex=1072, commits[8cac6937-780c-4459-964a-dea4dcd51fd7:c1073, 9ed8676d-9460-465d-9905-fd43a52295f6:c1071, da64134c-6992-4903-9407-7df321e464db:c1071]
2019-07-09 09:59:10,984 INFO  client.GrpcClientProtocolClient (GrpcClientProtocolClient.java:onNext(255)) - client-CECA27ED65B5->8cac6937-780c-4459-964a-dea4dcd51fd7: receive RaftClientReply:client-CECA27ED65B5->8cac6937-780c-4459-964a-dea4dcd51fd7@group-D84C501198B9, cid=839, SUCCESS, logIndex=1073, commits[8cac6937-780c-4459-964a-dea4dcd51fd7:c1074, 9ed8676d-9460-465d-9905-fd43a52295f6:c1071, da64134c-6992-4903-9407-7df321e464db:c1071]
2019-07-09 09:59:10,985 INFO  client.GrpcClientProtocolClient (GrpcClientProtocolClient.java:onNext(255)) - client-CECA27ED65B5->8cac6937-780c-4459-964a-dea4dcd51fd7: receive RaftClientReply:client-CECA27ED65B5->8cac6937-780c-4459-964a-dea4dcd51fd7@group-D84C501198B9, cid=840, SUCCESS, logIndex=1074, commits[8cac6937-780c-4459-964a-dea4dcd51fd7:c1075, 9ed8676d-9460-465d-9905-fd43a52295f6:c1071, da64134c-6992-4903-9407-7df321e464db:c1072]
2019-07-09 09:59:10,985 INFO  client.GrpcClientProtocolClient (GrpcClientProtocolClient.java:onNext(255)) - client-CECA27ED65B5->8cac6937-780c-4459-964a-dea4dcd51fd7: receive RaftClientReply:client-CECA27ED65B5->8cac6937-780c-4459-964a-dea4dcd51fd7@group-D84C501198B9, cid=841, SUCCESS, logIndex=1075, commits[8cac6937-780c-4459-964a-dea4dcd51fd7:c1077, 9ed8676d-9460-465d-9905-fd43a52295f6:c1071, da64134c-6992-4903-9407-7df321e464db:c1073]
2019-07-09 09:59:10,997 INFO  client.GrpcClientProtocolClient (GrpcClientProtocolClient.java:onNext(255)) - client-CECA27ED65B5->8cac6937-780c-4459-964a-dea4dcd51fd7: receive RaftClientReply:client-CECA27ED65B5->8cac6937-780c-4459-964a-dea4dcd51fd7@group-D84C501198B9, cid=842, SUCCESS, logIndex=0, commits[8cac6937-780c-4459-964a-dea4dcd51fd7:c1078, 9ed8676d-9460-465d-9905-fd43a52295f6:c1073, da64134c-6992-4903-9407-7df321e464db:c1074]
2019-07-09 09:59:11,017 INFO  client.GrpcClientProtocolClient (GrpcClientProtocolClient.java:onNext(255)) - client-CECA27ED65B5->8cac6937-780c-4459-964a-dea4dcd51fd7: receive RaftClientReply:client-CECA27ED65B5->8cac6937-780c-4459-964a-dea4dcd51fd7@group-D84C501198B9, cid=843, SUCCESS, logIndex=1080, commits[8cac6937-780c-4459-964a-dea4dcd51fd7:c1081, 9ed8676d-9460-465d-9905-fd43a52295f6:c1079, da64134c-6992-4903-9407-7df321e464db:c1079]
2019-07-09 09:59:11,018 INFO  client.GrpcClientProtocolClient (GrpcClientProtocolClient.java:onNext(255)) - client-CECA27ED65B5->8cac6937-780c-4459-964a-dea4dcd51fd7: receive RaftClientReply:client-CECA27ED65B5->8cac6937-780c-4459-964a-dea4dcd51fd7@group-D84C501198B9, cid=844, SUCCESS, logIndex=1081, commits[8cac6937-780c-4459-964a-dea4dcd51fd7:c1081, 9ed8676d-9460-465d-9905-fd43a52295f6:c1079, da64134c-6992-4903-9407-7df321e464db:c1079]
2019-07-09 09:59:11,031 INFO  client.GrpcClientProtocolClient (GrpcClientProtocolClient.java:onNext(255)) - client-CECA27ED65B5->8cac6937-780c-4459-964a-dea4dcd51fd7: receive RaftClientReply:client-CECA27ED65B5->8cac6937-780c-4459-964a-dea4dcd51fd7@group-D84C501198B9, cid=845, SUCCESS, logIndex=1084, commits[8cac6937-780c-4459-964a-dea4dcd51fd7:c1085, 9ed8676d-9460-465d-9905-fd43a52295f6:c1081, da64134c-6992-4903-9407-7df321e464db:c1081]
2019-07-09 09:59:11,031 INFO  client.GrpcClientProtocolClient (GrpcClientProtocolClient.java:onNext(255)) - client-CECA27ED65B5->8cac6937-780c-4459-964a-dea4dcd51fd7: receive RaftClientReply:client-CECA27ED65B5->8cac6937-780c-4459-964a-dea4dcd51fd7@group-D84C501198B9, cid=846, SUCCESS, logIndex=1085, commits[8cac6937-780c-4459-964a-dea4dcd51fd7:c1085, 9ed8676d-9460-465d-9905-fd43a52295f6:c1081, da64134c-6992-4903-9407-7df321e464db:c1081]
2019-07-09 09:59:11,044 INFO  client.GrpcClientProtocolClient (GrpcClientProtocolClient.java:onNext(255)) - client-CECA27ED65B5->8cac6937-780c-4459-964a-dea4dcd51fd7: receive RaftClientReply:client-CECA27ED65B5->8cac6937-780c-4459-964a-dea4dcd51fd7@group-D84C501198B9, cid=847, SUCCESS, logIndex=0, commits[8cac6937-780c-4459-964a-dea4dcd51fd7:c1087, 9ed8676d-9460-465d-9905-fd43a52295f6:c1085, da64134c-6992-4903-9407-7df321e464db:c1085]
2019-07-09 09:59:11,063 INFO  client.GrpcClientProtocolClient (GrpcClientProtocolClient.java:onNext(255)) - client-CECA27ED65B5->8cac6937-780c-4459-964a-dea4dcd51fd7: receive RaftClientReply:client-CECA27ED65B5->8cac6937-780c-4459-964a-dea4dcd51fd7@group-D84C501198B9, cid=848, SUCCESS, logIndex=1088, commits[8cac6937-780c-4459-964a-dea4dcd51fd7:c1089, 9ed8676d-9460-465d-9905-fd43a52295f6:c1087, da64134c-6992-4903-9407-7df321e464db:c1087]
2019-07-09 09:59:11,063 INFO  client.GrpcClientProtocolClient (GrpcClientProtocolClient.java:onNext(255)) - client-CECA27ED65B5->8cac6937-780c-4459-964a-dea4dcd51fd7: receive RaftClientReply:client-CECA27ED65B5->8cac6937-780c-4459-964a-dea4dcd51fd7@group-D84C501198B9, cid=849, SUCCESS, logIndex=1089, commits[8cac6937-780c-4459-964a-dea4dcd51fd7:c1089, 9ed8676d-9460-465d-9905-fd43a52295f6:c1087, da64134c-6992-4903-9407-7df321e464db:c1087]
2019-07-09 09:59:11,064 INFO  client.GrpcClientProtocolClient (GrpcClientProtocolClient.java:onNext(255)) - client-CECA27ED65B5->8cac6937-780c-4459-964a-dea4dcd51fd7: receive RaftClientReply:client-CECA27ED65B5->8cac6937-780c-4459-964a-dea4dcd51fd7@group-D84C501198B9, cid=850, SUCCESS, logIndex=1090, commits[8cac6937-780c-4459-964a-dea4dcd51fd7:c1091, 9ed8676d-9460-465d-9905-fd43a52295f6:c1087, da64134c-6992-4903-9407-7df321e464db:c1087]
2019-07-09 09:59:11,065 INFO  client.GrpcClientProtocolClient (GrpcClientProtocolClient.java:onNext(255)) - client-CECA27ED65B5->8cac6937-780c-4459-964a-dea4dcd51fd7: receive RaftClientReply:client-CECA27ED65B5->8cac6937-780c-4459-964a-dea4dcd51fd7@group-D84C501198B9, cid=851, SUCCESS, logIndex=1091, commits[8cac6937-780c-4459-964a-dea4dcd51fd7:c1091, 9ed8676d-9460-465d-9905-fd43a52295f6:c1087, da64134c-6992-4903-9407-7df321e464db:c1087]
2019-07-09 09:59:11,066 INFO  client.GrpcClientProtocolClient (GrpcClientProtocolClient.java:onNext(255)) - client-CECA27ED65B5->8cac6937-780c-4459-964a-dea4dcd51fd7: receive RaftClientReply:client-CECA27ED65B5->8cac6937-780c-4459-964a-dea4dcd51fd7@group-D84C501198B9, cid=852, SUCCESS, logIndex=0, commits[8cac6937-780c-4459-964a-dea4dcd51fd7:c1093, 9ed8676d-9460-465d-9905-fd43a52295f6:c1089, da64134c-6992-4903-9407-7df321e464db:c1089]
2019-07-09 09:59:11,085 INFO  client.GrpcClientProtocolClient (GrpcClientProtocolClient.java:onNext(255)) - client-CECA27ED65B5->8cac6937-780c-4459-964a-dea4dcd51fd7: receive RaftClientReply:client-CECA27ED65B5->8cac6937-780c-4459-964a-dea4dcd51fd7@group-D84C501198B9, cid=853, SUCCESS, logIndex=1096, commits[8cac6937-780c-4459-964a-dea4dcd51fd7:c1097, 9ed8676d-9460-465d-9905-fd43a52295f6:c1095, da64134c-6992-4903-9407-7df321e464db:c1095]
 0.00% |█                                                                                                    |  0/1 Time: 0:00:032019-07-09 09:59:11,209 INFO  client.GrpcClientProtocolClient (GrpcClientProtocolClient.java:onNext(255)) - client-CECA27ED65B5->8cac6937-780c-4459-964a-dea4dcd51fd7: receive RaftClientReply:client-CECA27ED65B5->8cac6937-780c-4459-964a-dea4dcd51fd7@group-D84C501198B9, cid=854, SUCCESS, logIndex=1097, commits[8cac6937-780c-4459-964a-dea4dcd51fd7:c1097, 9ed8676d-9460-465d-9905-fd43a52295f6:c1095, da64134c-6992-4903-9407-7df321e464db:c1095]
2019-07-09 09:59:11,243 INFO  client.GrpcClientProtocolClient (GrpcClientProtocolClient.java:onNext(255)) - client-CECA27ED65B5->8cac6937-780c-4459-964a-dea4dcd51fd7: receive RaftClientReply:client-CECA27ED65B5->8cac6937-780c-4459-964a-dea4dcd51fd7@group-D84C501198B9, cid=855, SUCCESS, logIndex=1100, commits[8cac6937-780c-4459-964a-dea4dcd51fd7:c1101, 9ed8676d-9460-465d-9905-fd43a52295f6:c1098, da64134c-6992-4903-9407-7df321e464db:c1097]
2019-07-09 09:59:11,244 INFO  client.GrpcClientProtocolClient (GrpcClientProtocolClient.java:onNext(255)) - client-CECA27ED65B5->8cac6937-780c-4459-964a-dea4dcd51fd7: receive RaftClientReply:client-CECA27ED65B5->8cac6937-780c-4459-964a-dea4dcd51fd7@group-D84C501198B9, cid=856, SUCCESS, logIndex=1101, commits[8cac6937-780c-4459-964a-dea4dcd51fd7:c1101, 9ed8676d-9460-465d-9905-fd43a52295f6:c1098, da64134c-6992-4903-9407-7df321e464db:c1098]
2019-07-09 09:59:11,256 INFO  client.GrpcClientProtocolClient (GrpcClientProtocolClient.java:onNext(255)) - client-CECA27ED65B5->8cac6937-780c-4459-964a-dea4dcd51fd7: receive RaftClientReply:client-CECA27ED65B5->8cac6937-780c-4459-964a-dea4dcd51fd7@group-D84C501198B9, cid=857, SUCCESS, logIndex=0, commits[8cac6937-780c-4459-964a-dea4dcd51fd7:c1103, 9ed8676d-9460-465d-9905-fd43a52295f6:c1101, da64134c-6992-4903-9407-7df321e464db:c1101]
2019-07-09 09:59:11,279 INFO  client.GrpcClientProtocolClient (GrpcClientProtocolClient.java:onNext(255)) - client-CECA27ED65B5->8cac6937-780c-4459-964a-dea4dcd51fd7: receive RaftClientReply:client-CECA27ED65B5->8cac6937-780c-4459-964a-dea4dcd51fd7@group-D84C501198B9, cid=858, SUCCESS, logIndex=1104, commits[8cac6937-780c-4459-964a-dea4dcd51fd7:c1105, 9ed8676d-9460-465d-9905-fd43a52295f6:c1103, da64134c-6992-4903-9407-7df321e464db:c1103]
2019-07-09 09:59:11,279 INFO  client.GrpcClientProtocolClient (GrpcClientProtocolClient.java:onNext(255)) - client-CECA27ED65B5->8cac6937-780c-4459-964a-dea4dcd51fd7: receive RaftClientReply:client-CECA27ED65B5->8cac6937-780c-4459-964a-dea4dcd51fd7@group-D84C501198B9, cid=859, SUCCESS, logIndex=1105, commits[8cac6937-780c-4459-964a-dea4dcd51fd7:c1105, 9ed8676d-9460-465d-9905-fd43a52295f6:c1103, da64134c-6992-4903-9407-7df321e464db:c1103]
2019-07-09 09:59:11,280 INFO  client.GrpcClientProtocolClient (GrpcClientProtocolClient.java:onNext(255)) - client-CECA27ED65B5->8cac6937-780c-4459-964a-dea4dcd51fd7: receive RaftClientReply:client-CECA27ED65B5->8cac6937-780c-4459-964a-dea4dcd51fd7@group-D84C501198B9, cid=860, SUCCESS, logIndex=1106, commits[8cac6937-780c-4459-964a-dea4dcd51fd7:c1107, 9ed8676d-9460-465d-9905-fd43a52295f6:c1103, da64134c-6992-4903-9407-7df321e464db:c1103]
2019-07-09 09:59:11,281 INFO  client.GrpcClientProtocolClient (GrpcClientProtocolClient.java:onNext(255)) - client-CECA27ED65B5->8cac6937-780c-4459-964a-dea4dcd51fd7: receive RaftClientReply:client-CECA27ED65B5->8cac6937-780c-4459-964a-dea4dcd51fd7@group-D84C501198B9, cid=861, SUCCESS, logIndex=1107, commits[8cac6937-780c-4459-964a-dea4dcd51fd7:c1107, 9ed8676d-9460-465d-9905-fd43a52295f6:c1103, da64134c-6992-4903-9407-7df321e464db:c1103]
2019-07-09 09:59:11,282 INFO  client.GrpcClientProtocolClient (GrpcClientProtocolClient.java:onNext(255)) - client-CECA27ED65B5->8cac6937-780c-4459-964a-dea4dcd51fd7: receive RaftClientReply:client-CECA27ED65B5->8cac6937-780c-4459-964a-dea4dcd51fd7@group-D84C501198B9, cid=862, SUCCESS, logIndex=0, commits[8cac6937-780c-4459-964a-dea4dcd51fd7:c1110, 9ed8676d-9460-465d-9905-fd43a52295f6:c1105, da64134c-6992-4903-9407-7df321e464db:c1106]
2019-07-09 09:59:11,306 INFO  client.GrpcClientProtocolClient (GrpcClientProtocolClient.java:onNext(255)) - client-CECA27ED65B5->8cac6937-780c-4459-964a-dea4dcd51fd7: receive RaftClientReply:client-CECA27ED65B5->8cac6937-780c-4459-964a-dea4dcd51fd7@group-D84C501198B9, cid=863, SUCCESS, logIndex=1112, commits[8cac6937-780c-4459-964a-dea4dcd51fd7:c1113, 9ed8676d-9460-465d-9905-fd43a52295f6:c1111, da64134c-6992-4903-9407-7df321e464db:c1111]
2019-07-09 09:59:11,306 INFO  client.GrpcClientProtocolClient (GrpcClientProtocolClient.java:onNext(255)) - client-CECA27ED65B5->8cac6937-780c-4459-964a-dea4dcd51fd7: receive RaftClientReply:client-CECA27ED65B5->8cac6937-780c-4459-964a-dea4dcd51fd7@group-D84C501198B9, cid=864, SUCCESS, logIndex=1113, commits[8cac6937-780c-4459-964a-dea4dcd51fd7:c1113, 9ed8676d-9460-465d-9905-fd43a52295f6:c1111, da64134c-6992-4903-9407-7df321e464db:c1111]
2019-07-09 09:59:11,320 INFO  client.GrpcClientProtocolClient (GrpcClientProtocolClient.java:onNext(255)) - client-CECA27ED65B5->8cac6937-780c-4459-964a-dea4dcd51fd7: receive RaftClientReply:client-CECA27ED65B5->8cac6937-780c-4459-964a-dea4dcd51fd7@group-D84C501198B9, cid=865, SUCCESS, logIndex=1116, commits[8cac6937-780c-4459-964a-dea4dcd51fd7:c1117, 9ed8676d-9460-465d-9905-fd43a52295f6:c1113, da64134c-6992-4903-9407-7df321e464db:c1113]
2019-07-09 09:59:11,320 INFO  client.GrpcClientProtocolClient (GrpcClientProtocolClient.java:onNext(255)) - client-CECA27ED65B5->8cac6937-780c-4459-964a-dea4dcd51fd7: receive RaftClientReply:client-CECA27ED65B5->8cac6937-780c-4459-964a-dea4dcd51fd7@group-D84C501198B9, cid=866, SUCCESS, logIndex=1117, commits[8cac6937-780c-4459-964a-dea4dcd51fd7:c1117, 9ed8676d-9460-465d-9905-fd43a52295f6:c1113, da64134c-6992-4903-9407-7df321e464db:c1113]
2019-07-09 09:59:11,322 INFO  client.GrpcClientProtocolClient (GrpcClientProtocolClient.java:onNext(255)) - client-CECA27ED65B5->8cac6937-780c-4459-964a-dea4dcd51fd7: receive RaftClientReply:client-CECA27ED65B5->8cac6937-780c-4459-964a-dea4dcd51fd7@group-D84C501198B9, cid=867, SUCCESS, logIndex=0, commits[8cac6937-780c-4459-964a-dea4dcd51fd7:c1118, 9ed8676d-9460-465d-9905-fd43a52295f6:c1117, da64134c-6992-4903-9407-7df321e464db:c1117]
2019-07-09 09:59:11,346 INFO  client.GrpcClientProtocolClient (GrpcClientProtocolClient.java:onNext(255)) - client-CECA27ED65B5->8cac6937-780c-4459-964a-dea4dcd51fd7: receive RaftClientReply:client-CECA27ED65B5->8cac6937-780c-4459-964a-dea4dcd51fd7@group-D84C501198B9, cid=868, SUCCESS, logIndex=1120, commits[8cac6937-780c-4459-964a-dea4dcd51fd7:c1121, 9ed8676d-9460-465d-9905-fd43a52295f6:c1119, da64134c-6992-4903-9407-7df321e464db:c1119]
2019-07-09 09:59:11,346 INFO  client.GrpcClientProtocolClient (GrpcClientProtocolClient.java:onNext(255)) - client-CECA27ED65B5->8cac6937-780c-4459-964a-dea4dcd51fd7: receive RaftClientReply:client-CECA27ED65B5->8cac6937-780c-4459-964a-dea4dcd51fd7@group-D84C501198B9, cid=869, SUCCESS, logIndex=1121, commits[8cac6937-780c-4459-964a-dea4dcd51fd7:c1121, 9ed8676d-9460-465d-9905-fd43a52295f6:c1119, da64134c-6992-4903-9407-7df321e464db:c1119]
2019-07-09 09:59:11,357 INFO  client.GrpcClientProtocolClient (GrpcClientProtocolClient.java:onNext(255)) - client-CECA27ED65B5->8cac6937-780c-4459-964a-dea4dcd51fd7: receive RaftClientReply:client-CECA27ED65B5->8cac6937-780c-4459-964a-dea4dcd51fd7@group-D84C501198B9, cid=870, SUCCESS, logIndex=1122, commits[8cac6937-780c-4459-964a-dea4dcd51fd7:c1123, 9ed8676d-9460-465d-9905-fd43a52295f6:c1119, da64134c-6992-4903-9407-7df321e464db:c1119]
2019-07-09 09:59:11,358 INFO  client.GrpcClientProtocolClient (GrpcClientProtocolClient.java:onNext(255)) - client-CECA27ED65B5->8cac6937-780c-4459-964a-dea4dcd51fd7: receive RaftClientReply:client-CECA27ED65B5->8cac6937-780c-4459-964a-dea4dcd51fd7@group-D84C501198B9, cid=871, SUCCESS, logIndex=1123, commits[8cac6937-780c-4459-964a-dea4dcd51fd7:c1125, 9ed8676d-9460-465d-9905-fd43a52295f6:c1119, da64134c-6992-4903-9407-7df321e464db:c1121]
2019-07-09 09:59:11,359 INFO  client.GrpcClientProtocolClient (GrpcClientProtocolClient.java:onNext(255)) - client-CECA27ED65B5->8cac6937-780c-4459-964a-dea4dcd51fd7: receive RaftClientReply:client-CECA27ED65B5->8cac6937-780c-4459-964a-dea4dcd51fd7@group-D84C501198B9, cid=872, SUCCESS, logIndex=0, commits[8cac6937-780c-4459-964a-dea4dcd51fd7:c1126, 9ed8676d-9460-465d-9905-fd43a52295f6:c1121, da64134c-6992-4903-9407-7df321e464db:c1122]
2019-07-09 09:59:11,372 INFO  client.GrpcClientProtocolClient (GrpcClientProtocolClient.java:onNext(255)) - client-CECA27ED65B5->8cac6937-780c-4459-964a-dea4dcd51fd7: receive RaftClientReply:client-CECA27ED65B5->8cac6937-780c-4459-964a-dea4dcd51fd7@group-D84C501198B9, cid=873, SUCCESS, logIndex=1128, commits[8cac6937-780c-4459-964a-dea4dcd51fd7:c1129, 9ed8676d-9460-465d-9905-fd43a52295f6:c1127, da64134c-6992-4903-9407-7df321e464db:c1123]
2019-07-09 09:59:11,372 INFO  client.GrpcClientProtocolClient (GrpcClientProtocolClient.java:onNext(255)) - client-CECA27ED65B5->8cac6937-780c-4459-964a-dea4dcd51fd7: receive RaftClientReply:client-CECA27ED65B5->8cac6937-780c-4459-964a-dea4dcd51fd7@group-D84C501198B9, cid=874, SUCCESS, logIndex=1129, commits[8cac6937-780c-4459-964a-dea4dcd51fd7:c1129, 9ed8676d-9460-465d-9905-fd43a52295f6:c1127, da64134c-6992-4903-9407-7df321e464db:c1127]
2019-07-09 09:59:11,386 INFO  client.GrpcClientProtocolClient (GrpcClientProtocolClient.java:onNext(255)) - client-CECA27ED65B5->8cac6937-780c-4459-964a-dea4dcd51fd7: receive RaftClientReply:client-CECA27ED65B5->8cac6937-780c-4459-964a-dea4dcd51fd7@group-D84C501198B9, cid=875, SUCCESS, logIndex=1132, commits[8cac6937-780c-4459-964a-dea4dcd51fd7:c1133, 9ed8676d-9460-465d-9905-fd43a52295f6:c1131, da64134c-6992-4903-9407-7df321e464db:c1131]
2019-07-09 09:59:11,387 INFO  client.GrpcClientProtocolClient (GrpcClientProtocolClient.java:onNext(255)) - client-CECA27ED65B5->8cac6937-780c-4459-964a-dea4dcd51fd7: receive RaftClientReply:client-CECA27ED65B5->8cac6937-780c-4459-964a-dea4dcd51fd7@group-D84C501198B9, cid=876, SUCCESS, logIndex=1133, commits[8cac6937-780c-4459-964a-dea4dcd51fd7:c1133, 9ed8676d-9460-465d-9905-fd43a52295f6:c1131, da64134c-6992-4903-9407-7df321e464db:c1131]
2019-07-09 09:59:11,388 INFO  client.GrpcClientProtocolClient (GrpcClientProtocolClient.java:onNext(255)) - client-CECA27ED65B5->8cac6937-780c-4459-964a-dea4dcd51fd7: receive RaftClientReply:client-CECA27ED65B5->8cac6937-780c-4459-964a-dea4dcd51fd7@group-D84C501198B9, cid=877, SUCCESS, logIndex=0, commits[8cac6937-780c-4459-964a-dea4dcd51fd7:c1134, 9ed8676d-9460-465d-9905-fd43a52295f6:c1133, da64134c-6992-4903-9407-7df321e464db:c1133]
2019-07-09 09:59:11,403 INFO  client.GrpcClientProtocolClient (GrpcClientProtocolClient.java:onNext(255)) - client-CECA27ED65B5->8cac6937-780c-4459-964a-dea4dcd51fd7: receive RaftClientReply:client-CECA27ED65B5->8cac6937-780c-4459-964a-dea4dcd51fd7@group-D84C501198B9, cid=878, SUCCESS, logIndex=1135, commits[8cac6937-780c-4459-964a-dea4dcd51fd7:c1136, 9ed8676d-9460-465d-9905-fd43a52295f6:c1133, da64134c-6992-4903-9407-7df321e464db:c1134]
2019-07-09 09:59:11,403 INFO  client.GrpcClientProtocolClient (GrpcClientProtocolClient.java:onNext(255)) - client-CECA27ED65B5->8cac6937-780c-4459-964a-dea4dcd51fd7: receive RaftClientReply:client-CECA27ED65B5->8cac6937-780c-4459-964a-dea4dcd51fd7@group-D84C501198B9, cid=879, SUCCESS, logIndex=1136, commits[8cac6937-780c-4459-964a-dea4dcd51fd7:c1136, 9ed8676d-9460-465d-9905-fd43a52295f6:c1133, da64134c-6992-4903-9407-7df321e464db:c1134]
2019-07-09 09:59:11,407 INFO  client.GrpcClientProtocolClient (GrpcClientProtocolClient.java:onNext(255)) - client-CECA27ED65B5->8cac6937-780c-4459-964a-dea4dcd51fd7: receive RaftClientReply:client-CECA27ED65B5->8cac6937-780c-4459-964a-dea4dcd51fd7@group-D84C501198B9, cid=880, SUCCESS, logIndex=1137, commits[8cac6937-780c-4459-964a-dea4dcd51fd7:c1139, 9ed8676d-9460-465d-9905-fd43a52295f6:c1134, da64134c-6992-4903-9407-7df321e464db:c1136]
2019-07-09 09:59:11,407 INFO  client.GrpcClientProtocolClient (GrpcClientProtocolClient.java:onNext(255)) - client-CECA27ED65B5->8cac6937-780c-4459-964a-dea4dcd51fd7: receive RaftClientReply:client-CECA27ED65B5->8cac6937-780c-4459-964a-dea4dcd51fd7@group-D84C501198B9, cid=881, SUCCESS, logIndex=1138, commits[8cac6937-780c-4459-964a-dea4dcd51fd7:c1140, 9ed8676d-9460-465d-9905-fd43a52295f6:c1134, da64134c-6992-4903-9407-7df321e464db:c1136]
2019-07-09 09:59:11,408 INFO  client.GrpcClientProtocolClient (GrpcClientProtocolClient.java:onNext(255)) - client-CECA27ED65B5->8cac6937-780c-4459-964a-dea4dcd51fd7: receive RaftClientReply:client-CECA27ED65B5->8cac6937-780c-4459-964a-dea4dcd51fd7@group-D84C501198B9, cid=882, SUCCESS, logIndex=0, commits[8cac6937-780c-4459-964a-dea4dcd51fd7:c1141, 9ed8676d-9460-465d-9905-fd43a52295f6:c1136, da64134c-6992-4903-9407-7df321e464db:c1138]
2019-07-09 09:59:11,441 INFO  client.GrpcClientProtocolClient (GrpcClientProtocolClient.java:onNext(255)) - client-CECA27ED65B5->8cac6937-780c-4459-964a-dea4dcd51fd7: receive RaftClientReply:client-CECA27ED65B5->8cac6937-780c-4459-964a-dea4dcd51fd7@group-D84C501198B9, cid=883, SUCCESS, logIndex=1143, commits[8cac6937-780c-4459-964a-dea4dcd51fd7:c1144, 9ed8676d-9460-465d-9905-fd43a52295f6:c1142, da64134c-6992-4903-9407-7df321e464db:c1142]
2019-07-09 09:59:11,442 INFO  client.GrpcClientProtocolClient (GrpcClientProtocolClient.java:onNext(255)) - client-CECA27ED65B5->8cac6937-780c-4459-964a-dea4dcd51fd7: receive RaftClientReply:client-CECA27ED65B5->8cac6937-780c-4459-964a-dea4dcd51fd7@group-D84C501198B9, cid=884, SUCCESS, logIndex=1144, commits[8cac6937-780c-4459-964a-dea4dcd51fd7:c1144, 9ed8676d-9460-465d-9905-fd43a52295f6:c1142, da64134c-6992-4903-9407-7df321e464db:c1142]
2019-07-09 09:59:11,460 INFO  client.GrpcClientProtocolClient (GrpcClientProtocolClient.java:onNext(255)) - client-CECA27ED65B5->8cac6937-780c-4459-964a-dea4dcd51fd7: receive RaftClientReply:client-CECA27ED65B5->8cac6937-780c-4459-964a-dea4dcd51fd7@group-D84C501198B9, cid=885, SUCCESS, logIndex=1147, commits[8cac6937-780c-4459-964a-dea4dcd51fd7:c1148, 9ed8676d-9460-465d-9905-fd43a52295f6:c1144, da64134c-6992-4903-9407-7df321e464db:c1144]
2019-07-09 09:59:11,461 INFO  client.GrpcClientProtocolClient (GrpcClientProtocolClient.java:onNext(255)) - client-CECA27ED65B5->8cac6937-780c-4459-964a-dea4dcd51fd7: receive RaftClientReply:client-CECA27ED65B5->8cac6937-780c-4459-964a-dea4dcd51fd7@group-D84C501198B9, cid=886, SUCCESS, logIndex=1148, commits[8cac6937-780c-4459-964a-dea4dcd51fd7:c1148, 9ed8676d-9460-465d-9905-fd43a52295f6:c1144, da64134c-6992-4903-9407-7df321e464db:c1144]
2019-07-09 09:59:11,474 INFO  client.GrpcClientProtocolClient (GrpcClientProtocolClient.java:onNext(255)) - client-CECA27ED65B5->8cac6937-780c-4459-964a-dea4dcd51fd7: receive RaftClientReply:client-CECA27ED65B5->8cac6937-780c-4459-964a-dea4dcd51fd7@group-D84C501198B9, cid=887, SUCCESS, logIndex=0, commits[8cac6937-780c-4459-964a-dea4dcd51fd7:c1150, 9ed8676d-9460-465d-9905-fd43a52295f6:c1148, da64134c-6992-4903-9407-7df321e464db:c1148]
2019-07-09 09:59:11,493 INFO  client.GrpcClientProtocolClient (GrpcClientProtocolClient.java:onNext(255)) - client-CECA27ED65B5->8cac6937-780c-4459-964a-dea4dcd51fd7: receive RaftClientReply:client-CECA27ED65B5->8cac6937-780c-4459-964a-dea4dcd51fd7@group-D84C501198B9, cid=888, SUCCESS, logIndex=1151, commits[8cac6937-780c-4459-964a-dea4dcd51fd7:c1152, 9ed8676d-9460-465d-9905-fd43a52295f6:c1150, da64134c-6992-4903-9407-7df321e464db:c1150]
2019-07-09 09:59:11,494 INFO  client.GrpcClientProtocolClient (GrpcClientProtocolClient.java:onNext(255)) - client-CECA27ED65B5->8cac6937-780c-4459-964a-dea4dcd51fd7: receive RaftClientReply:client-CECA27ED65B5->8cac6937-780c-4459-964a-dea4dcd51fd7@group-D84C501198B9, cid=889, SUCCESS, logIndex=1152, commits[8cac6937-780c-4459-964a-dea4dcd51fd7:c1152, 9ed8676d-9460-465d-9905-fd43a52295f6:c1150, da64134c-6992-4903-9407-7df321e464db:c1150]
2019-07-09 09:59:11,494 INFO  client.GrpcClientProtocolClient (GrpcClientProtocolClient.java:onNext(255)) - client-CECA27ED65B5->8cac6937-780c-4459-964a-dea4dcd51fd7: receive RaftClientReply:client-CECA27ED65B5->8cac6937-780c-4459-964a-dea4dcd51fd7@group-D84C501198B9, cid=890, SUCCESS, logIndex=1153, commits[8cac6937-780c-4459-964a-dea4dcd51fd7:c1154, 9ed8676d-9460-465d-9905-fd43a52295f6:c1150, da64134c-6992-4903-9407-7df321e464db:c1150]
2019-07-09 09:59:11,495 INFO  client.GrpcClientProtocolClient (GrpcClientProtocolClient.java:onNext(255)) - client-CECA27ED65B5->8cac6937-780c-4459-964a-dea4dcd51fd7: receive RaftClientReply:client-CECA27ED65B5->8cac6937-780c-4459-964a-dea4dcd51fd7@group-D84C501198B9, cid=891, SUCCESS, logIndex=1154, commits[8cac6937-780c-4459-964a-dea4dcd51fd7:c1154, 9ed8676d-9460-465d-9905-fd43a52295f6:c1150, da64134c-6992-4903-9407-7df321e464db:c1150]
2019-07-09 09:59:11,496 INFO  client.GrpcClientProtocolClient (GrpcClientProtocolClient.java:onNext(255)) - client-CECA27ED65B5->8cac6937-780c-4459-964a-dea4dcd51fd7: receive RaftClientReply:client-CECA27ED65B5->8cac6937-780c-4459-964a-dea4dcd51fd7@group-D84C501198B9, cid=892, SUCCESS, logIndex=0, commits[8cac6937-780c-4459-964a-dea4dcd51fd7:c1156, 9ed8676d-9460-465d-9905-fd43a52295f6:c1152, da64134c-6992-4903-9407-7df321e464db:c1152]
2019-07-09 09:59:11,518 INFO  client.GrpcClientProtocolClient (GrpcClientProtocolClient.java:onNext(255)) - client-CECA27ED65B5->8cac6937-780c-4459-964a-dea4dcd51fd7: receive RaftClientReply:client-CECA27ED65B5->8cac6937-780c-4459-964a-dea4dcd51fd7@group-D84C501198B9, cid=893, SUCCESS, logIndex=1159, commits[8cac6937-780c-4459-964a-dea4dcd51fd7:c1160, 9ed8676d-9460-465d-9905-fd43a52295f6:c1154, da64134c-6992-4903-9407-7df321e464db:c1156]
2019-07-09 09:59:11,519 INFO  client.GrpcClientProtocolClient (GrpcClientProtocolClient.java:onNext(255)) - client-CECA27ED65B5->8cac6937-780c-4459-964a-dea4dcd51fd7: receive RaftClientReply:client-CECA27ED65B5->8cac6937-780c-4459-964a-dea4dcd51fd7@group-D84C501198B9, cid=894, SUCCESS, logIndex=1160, commits[8cac6937-780c-4459-964a-dea4dcd51fd7:c1160, 9ed8676d-9460-465d-9905-fd43a52295f6:c1156, da64134c-6992-4903-9407-7df321e464db:c1156]
2019-07-09 09:59:11,544 INFO  client.GrpcClientProtocolClient (GrpcClientProtocolClient.java:onNext(255)) - client-CECA27ED65B5->8cac6937-780c-4459-964a-dea4dcd51fd7: receive RaftClientReply:client-CECA27ED65B5->8cac6937-780c-4459-964a-dea4dcd51fd7@group-D84C501198B9, cid=895, SUCCESS, logIndex=1163, commits[8cac6937-780c-4459-964a-dea4dcd51fd7:c1164, 9ed8676d-9460-465d-9905-fd43a52295f6:c1160, da64134c-6992-4903-9407-7df321e464db:c1160]
2019-07-09 09:59:11,544 INFO  client.GrpcClientProtocolClient (GrpcClientProtocolClient.java:onNext(255)) - client-CECA27ED65B5->8cac6937-780c-4459-964a-dea4dcd51fd7: receive RaftClientReply:client-CECA27ED65B5->8cac6937-780c-4459-964a-dea4dcd51fd7@group-D84C501198B9, cid=896, SUCCESS, logIndex=1164, commits[8cac6937-780c-4459-964a-dea4dcd51fd7:c1164, 9ed8676d-9460-465d-9905-fd43a52295f6:c1160, da64134c-6992-4903-9407-7df321e464db:c1160]
2019-07-09 09:59:11,547 INFO  client.GrpcClientProtocolClient (GrpcClientProtocolClient.java:onNext(255)) - client-CECA27ED65B5->8cac6937-780c-4459-964a-dea4dcd51fd7: receive RaftClientReply:client-CECA27ED65B5->8cac6937-780c-4459-964a-dea4dcd51fd7@group-D84C501198B9, cid=897, SUCCESS, logIndex=0, commits[8cac6937-780c-4459-964a-dea4dcd51fd7:c1166, 9ed8676d-9460-465d-9905-fd43a52295f6:c1164, da64134c-6992-4903-9407-7df321e464db:c1164]
2019-07-09 09:59:11,569 INFO  client.GrpcClientProtocolClient (GrpcClientProtocolClient.java:onNext(255)) - client-CECA27ED65B5->8cac6937-780c-4459-964a-dea4dcd51fd7: receive RaftClientReply:client-CECA27ED65B5->8cac6937-780c-4459-964a-dea4dcd51fd7@group-D84C501198B9, cid=898, SUCCESS, logIndex=1167, commits[8cac6937-780c-4459-964a-dea4dcd51fd7:c1168, 9ed8676d-9460-465d-9905-fd43a52295f6:c1166, da64134c-6992-4903-9407-7df321e464db:c1166]
2019-07-09 09:59:11,570 INFO  client.GrpcClientProtocolClient (GrpcClientProtocolClient.java:onNext(255)) - client-CECA27ED65B5->8cac6937-780c-4459-964a-dea4dcd51fd7: receive RaftClientReply:client-CECA27ED65B5->8cac6937-780c-4459-964a-dea4dcd51fd7@group-D84C501198B9, cid=899, SUCCESS, logIndex=1168, commits[8cac6937-780c-4459-964a-dea4dcd51fd7:c1170, 9ed8676d-9460-465d-9905-fd43a52295f6:c1166, da64134c-6992-4903-9407-7df321e464db:c1166]
2019-07-09 09:59:11,570 INFO  client.GrpcClientProtocolClient (GrpcClientProtocolClient.java:onNext(255)) - client-CECA27ED65B5->8cac6937-780c-4459-964a-dea4dcd51fd7: receive RaftClientReply:client-CECA27ED65B5->8cac6937-780c-4459-964a-dea4dcd51fd7@group-D84C501198B9, cid=900, SUCCESS, logIndex=1169, commits[8cac6937-780c-4459-964a-dea4dcd51fd7:c1170, 9ed8676d-9460-465d-9905-fd43a52295f6:c1166, da64134c-6992-4903-9407-7df321e464db:c1166]
2019-07-09 09:59:11,571 INFO  client.GrpcClientProtocolClient (GrpcClientProtocolClient.java:onNext(255)) - client-CECA27ED65B5->8cac6937-780c-4459-964a-dea4dcd51fd7: receive RaftClientReply:client-CECA27ED65B5->8cac6937-780c-4459-964a-dea4dcd51fd7@group-D84C501198B9, cid=901, SUCCESS, logIndex=1170, commits[8cac6937-780c-4459-964a-dea4dcd51fd7:c1170, 9ed8676d-9460-465d-9905-fd43a52295f6:c1166, da64134c-6992-4903-9407-7df321e464db:c1166]
2019-07-09 09:59:11,572 INFO  client.GrpcClientProtocolClient (GrpcClientProtocolClient.java:onNext(255)) - client-CECA27ED65B5->8cac6937-780c-4459-964a-dea4dcd51fd7: receive RaftClientReply:client-CECA27ED65B5->8cac6937-780c-4459-964a-dea4dcd51fd7@group-D84C501198B9, cid=902, SUCCESS, logIndex=0, commits[8cac6937-780c-4459-964a-dea4dcd51fd7:c1174, 9ed8676d-9460-465d-9905-fd43a52295f6:c1170, da64134c-6992-4903-9407-7df321e464db:c1170]
2019-07-09 09:59:11,592 INFO  client.GrpcClientProtocolClient (GrpcClientProtocolClient.java:onNext(255)) - client-CECA27ED65B5->8cac6937-780c-4459-964a-dea4dcd51fd7: receive RaftClientReply:client-CECA27ED65B5->8cac6937-780c-4459-964a-dea4dcd51fd7@group-D84C501198B9, cid=903, SUCCESS, logIndex=1175, commits[8cac6937-780c-4459-964a-dea4dcd51fd7:c1176, 9ed8676d-9460-465d-9905-fd43a52295f6:c1174, da64134c-6992-4903-9407-7df321e464db:c1174]
2019-07-09 09:59:11,593 INFO  client.GrpcClientProtocolClient (GrpcClientProtocolClient.java:onNext(255)) - client-CECA27ED65B5->8cac6937-780c-4459-964a-dea4dcd51fd7: receive RaftClientReply:client-CECA27ED65B5->8cac6937-780c-4459-964a-dea4dcd51fd7@group-D84C501198B9, cid=904, SUCCESS, logIndex=1176, commits[8cac6937-780c-4459-964a-dea4dcd51fd7:c1176, 9ed8676d-9460-465d-9905-fd43a52295f6:c1174, da64134c-6992-4903-9407-7df321e464db:c1174]
2019-07-09 09:59:11,606 INFO  client.GrpcClientProtocolClient (GrpcClientProtocolClient.java:onNext(255)) - client-CECA27ED65B5->8cac6937-780c-4459-964a-dea4dcd51fd7: receive RaftClientReply:client-CECA27ED65B5->8cac6937-780c-4459-964a-dea4dcd51fd7@group-D84C501198B9, cid=905, SUCCESS, logIndex=1179, commits[8cac6937-780c-4459-964a-dea4dcd51fd7:c1180, 9ed8676d-9460-465d-9905-fd43a52295f6:c1176, da64134c-6992-4903-9407-7df321e464db:c1176]
2019-07-09 09:59:11,606 INFO  client.GrpcClientProtocolClient (GrpcClientProtocolClient.java:onNext(255)) - client-CECA27ED65B5->8cac6937-780c-4459-964a-dea4dcd51fd7: receive RaftClientReply:client-CECA27ED65B5->8cac6937-780c-4459-964a-dea4dcd51fd7@group-D84C501198B9, cid=906, SUCCESS, logIndex=1180, commits[8cac6937-780c-4459-964a-dea4dcd51fd7:c1180, 9ed8676d-9460-465d-9905-fd43a52295f6:c1176, da64134c-6992-4903-9407-7df321e464db:c1176]
2019-07-09 09:59:11,619 INFO  client.GrpcClientProtocolClient (GrpcClientProtocolClient.java:onNext(255)) - client-CECA27ED65B5->8cac6937-780c-4459-964a-dea4dcd51fd7: receive RaftClientReply:client-CECA27ED65B5->8cac6937-780c-4459-964a-dea4dcd51fd7@group-D84C501198B9, cid=907, SUCCESS, logIndex=0, commits[8cac6937-780c-4459-964a-dea4dcd51fd7:c1182, 9ed8676d-9460-465d-9905-fd43a52295f6:c1180, da64134c-6992-4903-9407-7df321e464db:c1180]
2019-07-09 09:59:11,640 INFO  client.GrpcClientProtocolClient (GrpcClientProtocolClient.java:onNext(255)) - client-CECA27ED65B5->8cac6937-780c-4459-964a-dea4dcd51fd7: receive RaftClientReply:client-CECA27ED65B5->8cac6937-780c-4459-964a-dea4dcd51fd7@group-D84C501198B9, cid=908, SUCCESS, logIndex=1183, commits[8cac6937-780c-4459-964a-dea4dcd51fd7:c1183, 9ed8676d-9460-465d-9905-fd43a52295f6:c1182, da64134c-6992-4903-9407-7df321e464db:c1182]
2019-07-09 09:59:11,640 INFO  client.GrpcClientProtocolClient (GrpcClientProtocolClient.java:onNext(255)) - client-CECA27ED65B5->8cac6937-780c-4459-964a-dea4dcd51fd7: receive RaftClientReply:client-CECA27ED65B5->8cac6937-780c-4459-964a-dea4dcd51fd7@group-D84C501198B9, cid=909, SUCCESS, logIndex=1184, commits[8cac6937-780c-4459-964a-dea4dcd51fd7:c1186, 9ed8676d-9460-465d-9905-fd43a52295f6:c1182, da64134c-6992-4903-9407-7df321e464db:c1182]
2019-07-09 09:59:11,641 INFO  client.GrpcClientProtocolClient (GrpcClientProtocolClient.java:onNext(255)) - client-CECA27ED65B5->8cac6937-780c-4459-964a-dea4dcd51fd7: receive RaftClientReply:client-CECA27ED65B5->8cac6937-780c-4459-964a-dea4dcd51fd7@group-D84C501198B9, cid=910, SUCCESS, logIndex=1185, commits[8cac6937-780c-4459-964a-dea4dcd51fd7:c1186, 9ed8676d-9460-465d-9905-fd43a52295f6:c1182, da64134c-6992-4903-9407-7df321e464db:c1182]
2019-07-09 09:59:11,641 INFO  client.GrpcClientProtocolClient (GrpcClientProtocolClient.java:onNext(255)) - client-CECA27ED65B5->8cac6937-780c-4459-964a-dea4dcd51fd7: receive RaftClientReply:client-CECA27ED65B5->8cac6937-780c-4459-964a-dea4dcd51fd7@group-D84C501198B9, cid=911, SUCCESS, logIndex=1186, commits[8cac6937-780c-4459-964a-dea4dcd51fd7:c1186, 9ed8676d-9460-465d-9905-fd43a52295f6:c1182, da64134c-6992-4903-9407-7df321e464db:c1182]
2019-07-09 09:59:11,643 INFO  client.GrpcClientProtocolClient (GrpcClientProtocolClient.java:onNext(255)) - client-CECA27ED65B5->8cac6937-780c-4459-964a-dea4dcd51fd7: receive RaftClientReply:client-CECA27ED65B5->8cac6937-780c-4459-964a-dea4dcd51fd7@group-D84C501198B9, cid=912, SUCCESS, logIndex=0, commits[8cac6937-780c-4459-964a-dea4dcd51fd7:c1188, 9ed8676d-9460-465d-9905-fd43a52295f6:c1186, da64134c-6992-4903-9407-7df321e464db:c1186]
2019-07-09 09:59:11,663 INFO  client.GrpcClientProtocolClient (GrpcClientProtocolClient.java:onNext(255)) - client-CECA27ED65B5->8cac6937-780c-4459-964a-dea4dcd51fd7: receive RaftClientReply:client-CECA27ED65B5->8cac6937-780c-4459-964a-dea4dcd51fd7@group-D84C501198B9, cid=913, SUCCESS, logIndex=1190, commits[8cac6937-780c-4459-964a-dea4dcd51fd7:c1191, 9ed8676d-9460-465d-9905-fd43a52295f6:c1189, da64134c-6992-4903-9407-7df321e464db:c1189]
2019-07-09 09:59:11,663 INFO  client.GrpcClientProtocolClient (GrpcClientProtocolClient.java:onNext(255)) - client-CECA27ED65B5->8cac6937-780c-4459-964a-dea4dcd51fd7: receive RaftClientReply:client-CECA27ED65B5->8cac6937-780c-4459-964a-dea4dcd51fd7@group-D84C501198B9, cid=914, SUCCESS, logIndex=1191, commits[8cac6937-780c-4459-964a-dea4dcd51fd7:c1191, 9ed8676d-9460-465d-9905-fd43a52295f6:c1189, da64134c-6992-4903-9407-7df321e464db:c1189]
2019-07-09 09:59:11,676 INFO  client.GrpcClientProtocolClient (GrpcClientProtocolClient.java:onNext(255)) - client-CECA27ED65B5->8cac6937-780c-4459-964a-dea4dcd51fd7: receive RaftClientReply:client-CECA27ED65B5->8cac6937-780c-4459-964a-dea4dcd51fd7@group-D84C501198B9, cid=915, SUCCESS, logIndex=1194, commits[8cac6937-780c-4459-964a-dea4dcd51fd7:c1194, 9ed8676d-9460-465d-9905-fd43a52295f6:c1191, da64134c-6992-4903-9407-7df321e464db:c1191]
2019-07-09 09:59:11,677 INFO  client.GrpcClientProtocolClient (GrpcClientProtocolClient.java:onNext(255)) - client-CECA27ED65B5->8cac6937-780c-4459-964a-dea4dcd51fd7: receive RaftClientReply:client-CECA27ED65B5->8cac6937-780c-4459-964a-dea4dcd51fd7@group-D84C501198B9, cid=916, SUCCESS, logIndex=1195, commits[8cac6937-780c-4459-964a-dea4dcd51fd7:c1195, 9ed8676d-9460-465d-9905-fd43a52295f6:c1191, da64134c-6992-4903-9407-7df321e464db:c1191]
2019-07-09 09:59:11,698 INFO  client.GrpcClientProtocolClient (GrpcClientProtocolClient.java:onNext(255)) - client-CECA27ED65B5->8cac6937-780c-4459-964a-dea4dcd51fd7: receive RaftClientReply:client-CECA27ED65B5->8cac6937-780c-4459-964a-dea4dcd51fd7@group-D84C501198B9, cid=917, SUCCESS, logIndex=0, commits[8cac6937-780c-4459-964a-dea4dcd51fd7:c1197, 9ed8676d-9460-465d-9905-fd43a52295f6:c1195, da64134c-6992-4903-9407-7df321e464db:c1195]
2019-07-09 09:59:11,720 INFO  client.GrpcClientProtocolClient (GrpcClientProtocolClient.java:onNext(255)) - client-CECA27ED65B5->8cac6937-780c-4459-964a-dea4dcd51fd7: receive RaftClientReply:client-CECA27ED65B5->8cac6937-780c-4459-964a-dea4dcd51fd7@group-D84C501198B9, cid=918, SUCCESS, logIndex=1198, commits[8cac6937-780c-4459-964a-dea4dcd51fd7:c1199, 9ed8676d-9460-465d-9905-fd43a52295f6:c1197, da64134c-6992-4903-9407-7df321e464db:c1197]
2019-07-09 09:59:11,721 INFO  client.GrpcClientProtocolClient (GrpcClientProtocolClient.java:onNext(255)) - client-CECA27ED65B5->8cac6937-780c-4459-964a-dea4dcd51fd7: receive RaftClientReply:client-CECA27ED65B5->8cac6937-780c-4459-964a-dea4dcd51fd7@group-D84C501198B9, cid=919, SUCCESS, logIndex=1199, commits[8cac6937-780c-4459-964a-dea4dcd51fd7:c1201, 9ed8676d-9460-465d-9905-fd43a52295f6:c1197, da64134c-6992-4903-9407-7df321e464db:c1197]
2019-07-09 09:59:11,721 INFO  client.GrpcClientProtocolClient (GrpcClientProtocolClient.java:onNext(255)) - client-CECA27ED65B5->8cac6937-780c-4459-964a-dea4dcd51fd7: receive RaftClientReply:client-CECA27ED65B5->8cac6937-780c-4459-964a-dea4dcd51fd7@group-D84C501198B9, cid=920, SUCCESS, logIndex=1200, commits[8cac6937-780c-4459-964a-dea4dcd51fd7:c1201, 9ed8676d-9460-465d-9905-fd43a52295f6:c1197, da64134c-6992-4903-9407-7df321e464db:c1197]
2019-07-09 09:59:11,722 INFO  client.GrpcClientProtocolClient (GrpcClientProtocolClient.java:onNext(255)) - client-CECA27ED65B5->8cac6937-780c-4459-964a-dea4dcd51fd7: receive RaftClientReply:client-CECA27ED65B5->8cac6937-780c-4459-964a-dea4dcd51fd7@group-D84C501198B9, cid=921, SUCCESS, logIndex=1201, commits[8cac6937-780c-4459-964a-dea4dcd51fd7:c1201, 9ed8676d-9460-465d-9905-fd43a52295f6:c1197, da64134c-6992-4903-9407-7df321e464db:c1197]
2019-07-09 09:59:11,723 INFO  client.GrpcClientProtocolClient (GrpcClientProtocolClient.java:onNext(255)) - client-CECA27ED65B5->8cac6937-780c-4459-964a-dea4dcd51fd7: receive RaftClientReply:client-CECA27ED65B5->8cac6937-780c-4459-964a-dea4dcd51fd7@group-D84C501198B9, cid=922, SUCCESS, logIndex=0, commits[8cac6937-780c-4459-964a-dea4dcd51fd7:c1204, 9ed8676d-9460-465d-9905-fd43a52295f6:c1200, da64134c-6992-4903-9407-7df321e464db:c1199]
2019-07-09 09:59:11,745 INFO  client.GrpcClientProtocolClient (GrpcClientProtocolClient.java:onNext(255)) - client-CECA27ED65B5->8cac6937-780c-4459-964a-dea4dcd51fd7: receive RaftClientReply:client-CECA27ED65B5->8cac6937-780c-4459-964a-dea4dcd51fd7@group-D84C501198B9, cid=923, SUCCESS, logIndex=1206, commits[8cac6937-780c-4459-964a-dea4dcd51fd7:c1207, 9ed8676d-9460-465d-9905-fd43a52295f6:c1205, da64134c-6992-4903-9407-7df321e464db:c1205]
2019-07-09 09:59:11,745 INFO  client.GrpcClientProtocolClient (GrpcClientProtocolClient.java:onNext(255)) - client-CECA27ED65B5->8cac6937-780c-4459-964a-dea4dcd51fd7: receive RaftClientReply:client-CECA27ED65B5->8cac6937-780c-4459-964a-dea4dcd51fd7@group-D84C501198B9, cid=924, SUCCESS, logIndex=1207, commits[8cac6937-780c-4459-964a-dea4dcd51fd7:c1207, 9ed8676d-9460-465d-9905-fd43a52295f6:c1205, da64134c-6992-4903-9407-7df321e464db:c1205]
2019-07-09 09:59:11,882 INFO  client.GrpcClientProtocolClient (GrpcClientProtocolClient.java:onNext(255)) - client-CECA27ED65B5->8cac6937-780c-4459-964a-dea4dcd51fd7: receive RaftClientReply:client-CECA27ED65B5->8cac6937-780c-4459-964a-dea4dcd51fd7@group-D84C501198B9, cid=925, SUCCESS, logIndex=1210, commits[8cac6937-780c-4459-964a-dea4dcd51fd7:c1211, 9ed8676d-9460-465d-9905-fd43a52295f6:c1208, da64134c-6992-4903-9407-7df321e464db:c1207]
2019-07-09 09:59:11,883 INFO  client.GrpcClientProtocolClient (GrpcClientProtocolClient.java:onNext(255)) - client-CECA27ED65B5->8cac6937-780c-4459-964a-dea4dcd51fd7: receive RaftClientReply:client-CECA27ED65B5->8cac6937-780c-4459-964a-dea4dcd51fd7@group-D84C501198B9, cid=926, SUCCESS, logIndex=1211, commits[8cac6937-780c-4459-964a-dea4dcd51fd7:c1211, 9ed8676d-9460-465d-9905-fd43a52295f6:c1208, da64134c-6992-4903-9407-7df321e464db:c1208]
2019-07-09 09:59:11,885 INFO  client.GrpcClientProtocolClient (GrpcClientProtocolClient.java:onNext(255)) - client-CECA27ED65B5->8cac6937-780c-4459-964a-dea4dcd51fd7: receive RaftClientReply:client-CECA27ED65B5->8cac6937-780c-4459-964a-dea4dcd51fd7@group-D84C501198B9, cid=927, SUCCESS, logIndex=0, commits[8cac6937-780c-4459-964a-dea4dcd51fd7:c1212, 9ed8676d-9460-465d-9905-fd43a52295f6:c1211, da64134c-6992-4903-9407-7df321e464db:c1211]
2019-07-09 09:59:11,907 INFO  client.GrpcClientProtocolClient (GrpcClientProtocolClient.java:onNext(255)) - client-CECA27ED65B5->8cac6937-780c-4459-964a-dea4dcd51fd7: receive RaftClientReply:client-CECA27ED65B5->8cac6937-780c-4459-964a-dea4dcd51fd7@group-D84C501198B9, cid=928, SUCCESS, logIndex=1214, commits[8cac6937-780c-4459-964a-dea4dcd51fd7:c1215, 9ed8676d-9460-465d-9905-fd43a52295f6:c1213, da64134c-6992-4903-9407-7df321e464db:c1213]
2019-07-09 09:59:11,908 INFO  client.GrpcClientProtocolClient (GrpcClientProtocolClient.java:onNext(255)) - client-CECA27ED65B5->8cac6937-780c-4459-964a-dea4dcd51fd7: receive RaftClientReply:client-CECA27ED65B5->8cac6937-780c-4459-964a-dea4dcd51fd7@group-D84C501198B9, cid=929, SUCCESS, logIndex=1215, commits[8cac6937-780c-4459-964a-dea4dcd51fd7:c1216, 9ed8676d-9460-465d-9905-fd43a52295f6:c1213, da64134c-6992-4903-9407-7df321e464db:c1213]
2019-07-09 09:59:11,908 INFO  client.GrpcClientProtocolClient (GrpcClientProtocolClient.java:onNext(255)) - client-CECA27ED65B5->8cac6937-780c-4459-964a-dea4dcd51fd7: receive RaftClientReply:client-CECA27ED65B5->8cac6937-780c-4459-964a-dea4dcd51fd7@group-D84C501198B9, cid=930, SUCCESS, logIndex=1216, commits[8cac6937-780c-4459-964a-dea4dcd51fd7:c1216, 9ed8676d-9460-465d-9905-fd43a52295f6:c1213, da64134c-6992-4903-9407-7df321e464db:c1213]
2019-07-09 09:59:11,909 INFO  client.GrpcClientProtocolClient (GrpcClientProtocolClient.java:onNext(255)) - client-CECA27ED65B5->8cac6937-780c-4459-964a-dea4dcd51fd7: receive RaftClientReply:client-CECA27ED65B5->8cac6937-780c-4459-964a-dea4dcd51fd7@group-D84C501198B9, cid=931, SUCCESS, logIndex=1217, commits[8cac6937-780c-4459-964a-dea4dcd51fd7:c1217, 9ed8676d-9460-465d-9905-fd43a52295f6:c1213, da64134c-6992-4903-9407-7df321e464db:c1213]
2019-07-09 09:59:11,910 INFO  client.GrpcClientProtocolClient (GrpcClientProtocolClient.java:onNext(255)) - client-CECA27ED65B5->8cac6937-780c-4459-964a-dea4dcd51fd7: receive RaftClientReply:client-CECA27ED65B5->8cac6937-780c-4459-964a-dea4dcd51fd7@group-D84C501198B9, cid=932, SUCCESS, logIndex=0, commits[8cac6937-780c-4459-964a-dea4dcd51fd7:c1220, 9ed8676d-9460-465d-9905-fd43a52295f6:c1216, da64134c-6992-4903-9407-7df321e464db:c1215]
2019-07-09 09:59:11,932 INFO  client.GrpcClientProtocolClient (GrpcClientProtocolClient.java:onNext(255)) - client-CECA27ED65B5->8cac6937-780c-4459-964a-dea4dcd51fd7: receive RaftClientReply:client-CECA27ED65B5->8cac6937-780c-4459-964a-dea4dcd51fd7@group-D84C501198B9, cid=933, SUCCESS, logIndex=1222, commits[8cac6937-780c-4459-964a-dea4dcd51fd7:c1223, 9ed8676d-9460-465d-9905-fd43a52295f6:c1221, da64134c-6992-4903-9407-7df321e464db:c1221]
2019-07-09 09:59:11,932 INFO  client.GrpcClientProtocolClient (GrpcClientProtocolClient.java:onNext(255)) - client-CECA27ED65B5->8cac6937-780c-4459-964a-dea4dcd51fd7: receive RaftClientReply:client-CECA27ED65B5->8cac6937-780c-4459-964a-dea4dcd51fd7@group-D84C501198B9, cid=934, SUCCESS, logIndex=1223, commits[8cac6937-780c-4459-964a-dea4dcd51fd7:c1223, 9ed8676d-9460-465d-9905-fd43a52295f6:c1221, da64134c-6992-4903-9407-7df321e464db:c1221]
2019-07-09 09:59:11,955 INFO  client.GrpcClientProtocolClient (GrpcClientProtocolClient.java:onNext(255)) - client-CECA27ED65B5->8cac6937-780c-4459-964a-dea4dcd51fd7: receive RaftClientReply:client-CECA27ED65B5->8cac6937-780c-4459-964a-dea4dcd51fd7@group-D84C501198B9, cid=935, SUCCESS, logIndex=1226, commits[8cac6937-780c-4459-964a-dea4dcd51fd7:c1227, 9ed8676d-9460-465d-9905-fd43a52295f6:c1223, da64134c-6992-4903-9407-7df321e464db:c1223]
2019-07-09 09:59:11,956 INFO  client.GrpcClientProtocolClient (GrpcClientProtocolClient.java:onNext(255)) - client-CECA27ED65B5->8cac6937-780c-4459-964a-dea4dcd51fd7: receive RaftClientReply:client-CECA27ED65B5->8cac6937-780c-4459-964a-dea4dcd51fd7@group-D84C501198B9, cid=936, SUCCESS, logIndex=1227, commits[8cac6937-780c-4459-964a-dea4dcd51fd7:c1227, 9ed8676d-9460-465d-9905-fd43a52295f6:c1223, da64134c-6992-4903-9407-7df321e464db:c1223]
2019-07-09 09:59:11,969 INFO  client.GrpcClientProtocolClient (GrpcClientProtocolClient.java:onNext(255)) - client-CECA27ED65B5->8cac6937-780c-4459-964a-dea4dcd51fd7: receive RaftClientReply:client-CECA27ED65B5->8cac6937-780c-4459-964a-dea4dcd51fd7@group-D84C501198B9, cid=937, SUCCESS, logIndex=0, commits[8cac6937-780c-4459-964a-dea4dcd51fd7:c1229, 9ed8676d-9460-465d-9905-fd43a52295f6:c1227, da64134c-6992-4903-9407-7df321e464db:c1227]
2019-07-09 09:59:11,990 INFO  client.GrpcClientProtocolClient (GrpcClientProtocolClient.java:onNext(255)) - client-CECA27ED65B5->8cac6937-780c-4459-964a-dea4dcd51fd7: receive RaftClientReply:client-CECA27ED65B5->8cac6937-780c-4459-964a-dea4dcd51fd7@group-D84C501198B9, cid=938, SUCCESS, logIndex=1230, commits[8cac6937-780c-4459-964a-dea4dcd51fd7:c1232, 9ed8676d-9460-465d-9905-fd43a52295f6:c1229, da64134c-6992-4903-9407-7df321e464db:c1229]
2019-07-09 09:59:11,991 INFO  client.GrpcClientProtocolClient (GrpcClientProtocolClient.java:onNext(255)) - client-CECA27ED65B5->8cac6937-780c-4459-964a-dea4dcd51fd7: receive RaftClientReply:client-CECA27ED65B5->8cac6937-780c-4459-964a-dea4dcd51fd7@group-D84C501198B9, cid=939, SUCCESS, logIndex=1231, commits[8cac6937-780c-4459-964a-dea4dcd51fd7:c1233, 9ed8676d-9460-465d-9905-fd43a52295f6:c1229, da64134c-6992-4903-9407-7df321e464db:c1229]
2019-07-09 09:59:11,992 INFO  client.GrpcClientProtocolClient (GrpcClientProtocolClient.java:onNext(255)) - client-CECA27ED65B5->8cac6937-780c-4459-964a-dea4dcd51fd7: receive RaftClientReply:client-CECA27ED65B5->8cac6937-780c-4459-964a-dea4dcd51fd7@group-D84C501198B9, cid=940, SUCCESS, logIndex=1232, commits[8cac6937-780c-4459-964a-dea4dcd51fd7:c1233, 9ed8676d-9460-465d-9905-fd43a52295f6:c1229, da64134c-6992-4903-9407-7df321e464db:c1229]
2019-07-09 09:59:11,992 INFO  client.GrpcClientProtocolClient (GrpcClientProtocolClient.java:onNext(255)) - client-CECA27ED65B5->8cac6937-780c-4459-964a-dea4dcd51fd7: receive RaftClientReply:client-CECA27ED65B5->8cac6937-780c-4459-964a-dea4dcd51fd7@group-D84C501198B9, cid=941, SUCCESS, logIndex=1233, commits[8cac6937-780c-4459-964a-dea4dcd51fd7:c1233, 9ed8676d-9460-465d-9905-fd43a52295f6:c1229, da64134c-6992-4903-9407-7df321e464db:c1229]
2019-07-09 09:59:11,993 INFO  client.GrpcClientProtocolClient (GrpcClientProtocolClient.java:onNext(255)) - client-CECA27ED65B5->8cac6937-780c-4459-964a-dea4dcd51fd7: receive RaftClientReply:client-CECA27ED65B5->8cac6937-780c-4459-964a-dea4dcd51fd7@group-D84C501198B9, cid=942, SUCCESS, logIndex=0, commits[8cac6937-780c-4459-964a-dea4dcd51fd7:c1235, 9ed8676d-9460-465d-9905-fd43a52295f6:c1231, da64134c-6992-4903-9407-7df321e464db:c1233]
2019-07-09 09:59:12,014 INFO  client.GrpcClientProtocolClient (GrpcClientProtocolClient.java:onNext(255)) - client-CECA27ED65B5->8cac6937-780c-4459-964a-dea4dcd51fd7: receive RaftClientReply:client-CECA27ED65B5->8cac6937-780c-4459-964a-dea4dcd51fd7@group-D84C501198B9, cid=943, SUCCESS, logIndex=1238, commits[8cac6937-780c-4459-964a-dea4dcd51fd7:c1239, 9ed8676d-9460-465d-9905-fd43a52295f6:c1237, da64134c-6992-4903-9407-7df321e464db:c1237]
2019-07-09 09:59:12,014 INFO  client.GrpcClientProtocolClient (GrpcClientProtocolClient.java:onNext(255)) - client-CECA27ED65B5->8cac6937-780c-4459-964a-dea4dcd51fd7: receive RaftClientReply:client-CECA27ED65B5->8cac6937-780c-4459-964a-dea4dcd51fd7@group-D84C501198B9, cid=944, SUCCESS, logIndex=1239, commits[8cac6937-780c-4459-964a-dea4dcd51fd7:c1239, 9ed8676d-9460-465d-9905-fd43a52295f6:c1237, da64134c-6992-4903-9407-7df321e464db:c1237]
2019-07-09 09:59:12,027 INFO  client.GrpcClientProtocolClient (GrpcClientProtocolClient.java:onNext(255)) - client-CECA27ED65B5->8cac6937-780c-4459-964a-dea4dcd51fd7: receive RaftClientReply:client-CECA27ED65B5->8cac6937-780c-4459-964a-dea4dcd51fd7@group-D84C501198B9, cid=945, SUCCESS, logIndex=1242, commits[8cac6937-780c-4459-964a-dea4dcd51fd7:c1243, 9ed8676d-9460-465d-9905-fd43a52295f6:c1239, da64134c-6992-4903-9407-7df321e464db:c1239]
2019-07-09 09:59:12,028 INFO  client.GrpcClientProtocolClient (GrpcClientProtocolClient.java:onNext(255)) - client-CECA27ED65B5->8cac6937-780c-4459-964a-dea4dcd51fd7: receive RaftClientReply:client-CECA27ED65B5->8cac6937-780c-4459-964a-dea4dcd51fd7@group-D84C501198B9, cid=946, SUCCESS, logIndex=1243, commits[8cac6937-780c-4459-964a-dea4dcd51fd7:c1243, 9ed8676d-9460-465d-9905-fd43a52295f6:c1239, da64134c-6992-4903-9407-7df321e464db:c1239]
2019-07-09 09:59:12,041 INFO  client.GrpcClientProtocolClient (GrpcClientProtocolClient.java:onNext(255)) - client-CECA27ED65B5->8cac6937-780c-4459-964a-dea4dcd51fd7: receive RaftClientReply:client-CECA27ED65B5->8cac6937-780c-4459-964a-dea4dcd51fd7@group-D84C501198B9, cid=947, SUCCESS, logIndex=0, commits[8cac6937-780c-4459-964a-dea4dcd51fd7:c1245, 9ed8676d-9460-465d-9905-fd43a52295f6:c1243, da64134c-6992-4903-9407-7df321e464db:c1243]
2019-07-09 09:59:12,062 INFO  client.GrpcClientProtocolClient (GrpcClientProtocolClient.java:onNext(255)) - client-CECA27ED65B5->8cac6937-780c-4459-964a-dea4dcd51fd7: receive RaftClientReply:client-CECA27ED65B5->8cac6937-780c-4459-964a-dea4dcd51fd7@group-D84C501198B9, cid=948, SUCCESS, logIndex=1246, commits[8cac6937-780c-4459-964a-dea4dcd51fd7:c1247, 9ed8676d-9460-465d-9905-fd43a52295f6:c1245, da64134c-6992-4903-9407-7df321e464db:c1245]
2019-07-09 09:59:12,063 INFO  client.GrpcClientProtocolClient (GrpcClientProtocolClient.java:onNext(255)) - client-CECA27ED65B5->8cac6937-780c-4459-964a-dea4dcd51fd7: receive RaftClientReply:client-CECA27ED65B5->8cac6937-780c-4459-964a-dea4dcd51fd7@group-D84C501198B9, cid=949, SUCCESS, logIndex=1247, commits[8cac6937-780c-4459-964a-dea4dcd51fd7:c1249, 9ed8676d-9460-465d-9905-fd43a52295f6:c1245, da64134c-6992-4903-9407-7df321e464db:c1245]
2019-07-09 09:59:12,063 INFO  client.GrpcClientProtocolClient (GrpcClientProtocolClient.java:onNext(255)) - client-CECA27ED65B5->8cac6937-780c-4459-964a-dea4dcd51fd7: receive RaftClientReply:client-CECA27ED65B5->8cac6937-780c-4459-964a-dea4dcd51fd7@group-D84C501198B9, cid=950, SUCCESS, logIndex=1248, commits[8cac6937-780c-4459-964a-dea4dcd51fd7:c1249, 9ed8676d-9460-465d-9905-fd43a52295f6:c1245, da64134c-6992-4903-9407-7df321e464db:c1245]
2019-07-09 09:59:12,063 INFO  client.GrpcClientProtocolClient (GrpcClientProtocolClient.java:onNext(255)) - client-CECA27ED65B5->8cac6937-780c-4459-964a-dea4dcd51fd7: receive RaftClientReply:client-CECA27ED65B5->8cac6937-780c-4459-964a-dea4dcd51fd7@group-D84C501198B9, cid=951, SUCCESS, logIndex=1249, commits[8cac6937-780c-4459-964a-dea4dcd51fd7:c1249, 9ed8676d-9460-465d-9905-fd43a52295f6:c1245, da64134c-6992-4903-9407-7df321e464db:c1245]
2019-07-09 09:59:12,065 INFO  client.GrpcClientProtocolClient (GrpcClientProtocolClient.java:onNext(255)) - client-CECA27ED65B5->8cac6937-780c-4459-964a-dea4dcd51fd7: receive RaftClientReply:client-CECA27ED65B5->8cac6937-780c-4459-964a-dea4dcd51fd7@group-D84C501198B9, cid=952, SUCCESS, logIndex=0, commits[8cac6937-780c-4459-964a-dea4dcd51fd7:c1251, 9ed8676d-9460-465d-9905-fd43a52295f6:c1247, da64134c-6992-4903-9407-7df321e464db:c1247]
2019-07-09 09:59:12,084 INFO  client.GrpcClientProtocolClient (GrpcClientProtocolClient.java:onNext(255)) - client-CECA27ED65B5->8cac6937-780c-4459-964a-dea4dcd51fd7: receive RaftClientReply:client-CECA27ED65B5->8cac6937-780c-4459-964a-dea4dcd51fd7@group-D84C501198B9, cid=953, SUCCESS, logIndex=1253, commits[8cac6937-780c-4459-964a-dea4dcd51fd7:c1254, 9ed8676d-9460-465d-9905-fd43a52295f6:c1252, da64134c-6992-4903-9407-7df321e464db:c1252]
2019-07-09 09:59:12,084 INFO  client.GrpcClientProtocolClient (GrpcClientProtocolClient.java:onNext(255)) - client-CECA27ED65B5->8cac6937-780c-4459-964a-dea4dcd51fd7: receive RaftClientReply:client-CECA27ED65B5->8cac6937-780c-4459-964a-dea4dcd51fd7@group-D84C501198B9, cid=954, SUCCESS, logIndex=1254, commits[8cac6937-780c-4459-964a-dea4dcd51fd7:c1254, 9ed8676d-9460-465d-9905-fd43a52295f6:c1252, da64134c-6992-4903-9407-7df321e464db:c1252]
2019-07-09 09:59:12,098 INFO  client.GrpcClientProtocolClient (GrpcClientProtocolClient.java:onNext(255)) - client-CECA27ED65B5->8cac6937-780c-4459-964a-dea4dcd51fd7: receive RaftClientReply:client-CECA27ED65B5->8cac6937-780c-4459-964a-dea4dcd51fd7@group-D84C501198B9, cid=955, SUCCESS, logIndex=1257, commits[8cac6937-780c-4459-964a-dea4dcd51fd7:c1257, 9ed8676d-9460-465d-9905-fd43a52295f6:c1254, da64134c-6992-4903-9407-7df321e464db:c1254]
2019-07-09 09:59:12,098 INFO  client.GrpcClientProtocolClient (GrpcClientProtocolClient.java:onNext(255)) - client-CECA27ED65B5->8cac6937-780c-4459-964a-dea4dcd51fd7: receive RaftClientReply:client-CECA27ED65B5->8cac6937-780c-4459-964a-dea4dcd51fd7@group-D84C501198B9, cid=956, SUCCESS, logIndex=1258, commits[8cac6937-780c-4459-964a-dea4dcd51fd7:c1258, 9ed8676d-9460-465d-9905-fd43a52295f6:c1254, da64134c-6992-4903-9407-7df321e464db:c1254]
2019-07-09 09:59:12,111 INFO  client.GrpcClientProtocolClient (GrpcClientProtocolClient.java:onNext(255)) - client-CECA27ED65B5->8cac6937-780c-4459-964a-dea4dcd51fd7: receive RaftClientReply:client-CECA27ED65B5->8cac6937-780c-4459-964a-dea4dcd51fd7@group-D84C501198B9, cid=957, SUCCESS, logIndex=0, commits[8cac6937-780c-4459-964a-dea4dcd51fd7:c1260, 9ed8676d-9460-465d-9905-fd43a52295f6:c1258, da64134c-6992-4903-9407-7df321e464db:c1258]
2019-07-09 09:59:12,132 INFO  client.GrpcClientProtocolClient (GrpcClientProtocolClient.java:onNext(255)) - client-CECA27ED65B5->8cac6937-780c-4459-964a-dea4dcd51fd7: receive RaftClientReply:client-CECA27ED65B5->8cac6937-780c-4459-964a-dea4dcd51fd7@group-D84C501198B9, cid=958, SUCCESS, logIndex=1261, commits[8cac6937-780c-4459-964a-dea4dcd51fd7:c1262, 9ed8676d-9460-465d-9905-fd43a52295f6:c1260, da64134c-6992-4903-9407-7df321e464db:c1260]
2019-07-09 09:59:12,134 INFO  client.GrpcClientProtocolClient (GrpcClientProtocolClient.java:onNext(255)) - client-CECA27ED65B5->8cac6937-780c-4459-964a-dea4dcd51fd7: receive RaftClientReply:client-CECA27ED65B5->8cac6937-780c-4459-964a-dea4dcd51fd7@group-D84C501198B9, cid=959, SUCCESS, logIndex=1262, commits[8cac6937-780c-4459-964a-dea4dcd51fd7:c1263, 9ed8676d-9460-465d-9905-fd43a52295f6:c1260, da64134c-6992-4903-9407-7df321e464db:c1260]
2019-07-09 09:59:12,134 INFO  client.GrpcClientProtocolClient (GrpcClientProtocolClient.java:onNext(255)) - client-CECA27ED65B5->8cac6937-780c-4459-964a-dea4dcd51fd7: receive RaftClientReply:client-CECA27ED65B5->8cac6937-780c-4459-964a-dea4dcd51fd7@group-D84C501198B9, cid=960, SUCCESS, logIndex=1263, commits[8cac6937-780c-4459-964a-dea4dcd51fd7:c1264, 9ed8676d-9460-465d-9905-fd43a52295f6:c1260, da64134c-6992-4903-9407-7df321e464db:c1260]
2019-07-09 09:59:12,134 INFO  client.GrpcClientProtocolClient (GrpcClientProtocolClient.java:onNext(255)) - client-CECA27ED65B5->8cac6937-780c-4459-964a-dea4dcd51fd7: receive RaftClientReply:client-CECA27ED65B5->8cac6937-780c-4459-964a-dea4dcd51fd7@group-D84C501198B9, cid=961, SUCCESS, logIndex=1264, commits[8cac6937-780c-4459-964a-dea4dcd51fd7:c1265, 9ed8676d-9460-465d-9905-fd43a52295f6:c1260, da64134c-6992-4903-9407-7df321e464db:c1261]
2019-07-09 09:59:12,136 INFO  client.GrpcClientProtocolClient (GrpcClientProtocolClient.java:onNext(255)) - client-CECA27ED65B5->8cac6937-780c-4459-964a-dea4dcd51fd7: receive RaftClientReply:client-CECA27ED65B5->8cac6937-780c-4459-964a-dea4dcd51fd7@group-D84C501198B9, cid=962, SUCCESS, logIndex=0, commits[8cac6937-780c-4459-964a-dea4dcd51fd7:c1268, 9ed8676d-9460-465d-9905-fd43a52295f6:c1262, da64134c-6992-4903-9407-7df321e464db:c1264]
2019-07-09 09:59:12,155 INFO  client.GrpcClientProtocolClient (GrpcClientProtocolClient.java:onNext(255)) - client-CECA27ED65B5->8cac6937-780c-4459-964a-dea4dcd51fd7: receive RaftClientReply:client-CECA27ED65B5->8cac6937-780c-4459-964a-dea4dcd51fd7@group-D84C501198B9, cid=963, SUCCESS, logIndex=1269, commits[8cac6937-780c-4459-964a-dea4dcd51fd7:c1270, 9ed8676d-9460-465d-9905-fd43a52295f6:c1268, da64134c-6992-4903-9407-7df321e464db:c1268]
2019-07-09 09:59:12,156 INFO  client.GrpcClientProtocolClient (GrpcClientProtocolClient.java:onNext(255)) - client-CECA27ED65B5->8cac6937-780c-4459-964a-dea4dcd51fd7: receive RaftClientReply:client-CECA27ED65B5->8cac6937-780c-4459-964a-dea4dcd51fd7@group-D84C501198B9, cid=964, SUCCESS, logIndex=1270, commits[8cac6937-780c-4459-964a-dea4dcd51fd7:c1270, 9ed8676d-9460-465d-9905-fd43a52295f6:c1268, da64134c-6992-4903-9407-7df321e464db:c1268]
2019-07-09 09:59:12,169 INFO  client.GrpcClientProtocolClient (GrpcClientProtocolClient.java:onNext(255)) - client-CECA27ED65B5->8cac6937-780c-4459-964a-dea4dcd51fd7: receive RaftClientReply:client-CECA27ED65B5->8cac6937-780c-4459-964a-dea4dcd51fd7@group-D84C501198B9, cid=965, SUCCESS, logIndex=1273, commits[8cac6937-780c-4459-964a-dea4dcd51fd7:c1274, 9ed8676d-9460-465d-9905-fd43a52295f6:c1270, da64134c-6992-4903-9407-7df321e464db:c1270]
2019-07-09 09:59:12,169 INFO  client.GrpcClientProtocolClient (GrpcClientProtocolClient.java:onNext(255)) - client-CECA27ED65B5->8cac6937-780c-4459-964a-dea4dcd51fd7: receive RaftClientReply:client-CECA27ED65B5->8cac6937-780c-4459-964a-dea4dcd51fd7@group-D84C501198B9, cid=966, SUCCESS, logIndex=1274, commits[8cac6937-780c-4459-964a-dea4dcd51fd7:c1274, 9ed8676d-9460-465d-9905-fd43a52295f6:c1270, da64134c-6992-4903-9407-7df321e464db:c1270]
2019-07-09 09:59:12,181 INFO  client.GrpcClientProtocolClient (GrpcClientProtocolClient.java:onNext(255)) - client-CECA27ED65B5->8cac6937-780c-4459-964a-dea4dcd51fd7: receive RaftClientReply:client-CECA27ED65B5->8cac6937-780c-4459-964a-dea4dcd51fd7@group-D84C501198B9, cid=967, SUCCESS, logIndex=0, commits[8cac6937-780c-4459-964a-dea4dcd51fd7:c1276, 9ed8676d-9460-465d-9905-fd43a52295f6:c1274, da64134c-6992-4903-9407-7df321e464db:c1274]
2019-07-09 09:59:12,208 INFO  client.GrpcClientProtocolClient (GrpcClientProtocolClient.java:onNext(255)) - client-CECA27ED65B5->8cac6937-780c-4459-964a-dea4dcd51fd7: receive RaftClientReply:client-CECA27ED65B5->8cac6937-780c-4459-964a-dea4dcd51fd7@group-D84C501198B9, cid=968, SUCCESS, logIndex=1277, commits[8cac6937-780c-4459-964a-dea4dcd51fd7:c1278, 9ed8676d-9460-465d-9905-fd43a52295f6:c1276, da64134c-6992-4903-9407-7df321e464db:c1276]
 0.00% |█                                                                                                    |  0/1 Time: 0:00:042019-07-09 09:59:12,209 INFO  client.GrpcClientProtocolClient (GrpcClientProtocolClient.java:onNext(255)) - client-CECA27ED65B5->8cac6937-780c-4459-964a-dea4dcd51fd7: receive RaftClientReply:client-CECA27ED65B5->8cac6937-780c-4459-964a-dea4dcd51fd7@group-D84C501198B9, cid=969, SUCCESS, logIndex=1278, commits[8cac6937-780c-4459-964a-dea4dcd51fd7:c1278, 9ed8676d-9460-465d-9905-fd43a52295f6:c1276, da64134c-6992-4903-9407-7df321e464db:c1276]
2019-07-09 09:59:12,210 INFO  client.GrpcClientProtocolClient (GrpcClientProtocolClient.java:onNext(255)) - client-CECA27ED65B5->8cac6937-780c-4459-964a-dea4dcd51fd7: receive RaftClientReply:client-CECA27ED65B5->8cac6937-780c-4459-964a-dea4dcd51fd7@group-D84C501198B9, cid=970, SUCCESS, logIndex=1279, commits[8cac6937-780c-4459-964a-dea4dcd51fd7:c1279, 9ed8676d-9460-465d-9905-fd43a52295f6:c1276, da64134c-6992-4903-9407-7df321e464db:c1276]
2019-07-09 09:59:12,210 INFO  client.GrpcClientProtocolClient (GrpcClientProtocolClient.java:onNext(255)) - client-CECA27ED65B5->8cac6937-780c-4459-964a-dea4dcd51fd7: receive RaftClientReply:client-CECA27ED65B5->8cac6937-780c-4459-964a-dea4dcd51fd7@group-D84C501198B9, cid=971, SUCCESS, logIndex=1280, commits[8cac6937-780c-4459-964a-dea4dcd51fd7:c1280, 9ed8676d-9460-465d-9905-fd43a52295f6:c1276, da64134c-6992-4903-9407-7df321e464db:c1276]
2019-07-09 09:59:12,211 INFO  client.GrpcClientProtocolClient (GrpcClientProtocolClient.java:onNext(255)) - client-CECA27ED65B5->8cac6937-780c-4459-964a-dea4dcd51fd7: receive RaftClientReply:client-CECA27ED65B5->8cac6937-780c-4459-964a-dea4dcd51fd7@group-D84C501198B9, cid=972, SUCCESS, logIndex=0, commits[8cac6937-780c-4459-964a-dea4dcd51fd7:c1282, 9ed8676d-9460-465d-9905-fd43a52295f6:c1278, da64134c-6992-4903-9407-7df321e464db:c1278]
2019-07-09 09:59:12,233 INFO  client.GrpcClientProtocolClient (GrpcClientProtocolClient.java:onNext(255)) - client-CECA27ED65B5->8cac6937-780c-4459-964a-dea4dcd51fd7: receive RaftClientReply:client-CECA27ED65B5->8cac6937-780c-4459-964a-dea4dcd51fd7@group-D84C501198B9, cid=973, SUCCESS, logIndex=1285, commits[8cac6937-780c-4459-964a-dea4dcd51fd7:c1285, 9ed8676d-9460-465d-9905-fd43a52295f6:c1280, da64134c-6992-4903-9407-7df321e464db:c1284]
2019-07-09 09:59:12,234 INFO  client.GrpcClientProtocolClient (GrpcClientProtocolClient.java:onNext(255)) - client-CECA27ED65B5->8cac6937-780c-4459-964a-dea4dcd51fd7: receive RaftClientReply:client-CECA27ED65B5->8cac6937-780c-4459-964a-dea4dcd51fd7@group-D84C501198B9, cid=974, SUCCESS, logIndex=1286, commits[8cac6937-780c-4459-964a-dea4dcd51fd7:c1286, 9ed8676d-9460-465d-9905-fd43a52295f6:c1284, da64134c-6992-4903-9407-7df321e464db:c1284]
2019-07-09 09:59:12,247 INFO  client.GrpcClientProtocolClient (GrpcClientProtocolClient.java:onNext(255)) - client-CECA27ED65B5->8cac6937-780c-4459-964a-dea4dcd51fd7: receive RaftClientReply:client-CECA27ED65B5->8cac6937-780c-4459-964a-dea4dcd51fd7@group-D84C501198B9, cid=975, SUCCESS, logIndex=1289, commits[8cac6937-780c-4459-964a-dea4dcd51fd7:c1290, 9ed8676d-9460-465d-9905-fd43a52295f6:c1286, da64134c-6992-4903-9407-7df321e464db:c1286]
2019-07-09 09:59:12,247 INFO  client.GrpcClientProtocolClient (GrpcClientProtocolClient.java:onNext(255)) - client-CECA27ED65B5->8cac6937-780c-4459-964a-dea4dcd51fd7: receive RaftClientReply:client-CECA27ED65B5->8cac6937-780c-4459-964a-dea4dcd51fd7@group-D84C501198B9, cid=976, SUCCESS, logIndex=1290, commits[8cac6937-780c-4459-964a-dea4dcd51fd7:c1290, 9ed8676d-9460-465d-9905-fd43a52295f6:c1286, da64134c-6992-4903-9407-7df321e464db:c1286]
2019-07-09 09:59:12,261 INFO  client.GrpcClientProtocolClient (GrpcClientProtocolClient.java:onNext(255)) - client-CECA27ED65B5->8cac6937-780c-4459-964a-dea4dcd51fd7: receive RaftClientReply:client-CECA27ED65B5->8cac6937-780c-4459-964a-dea4dcd51fd7@group-D84C501198B9, cid=977, SUCCESS, logIndex=0, commits[8cac6937-780c-4459-964a-dea4dcd51fd7:c1292, 9ed8676d-9460-465d-9905-fd43a52295f6:c1290, da64134c-6992-4903-9407-7df321e464db:c1290]
2019-07-09 09:59:12,282 INFO  client.GrpcClientProtocolClient (GrpcClientProtocolClient.java:onNext(255)) - client-CECA27ED65B5->8cac6937-780c-4459-964a-dea4dcd51fd7: receive RaftClientReply:client-CECA27ED65B5->8cac6937-780c-4459-964a-dea4dcd51fd7@group-D84C501198B9, cid=978, SUCCESS, logIndex=1293, commits[8cac6937-780c-4459-964a-dea4dcd51fd7:c1294, 9ed8676d-9460-465d-9905-fd43a52295f6:c1292, da64134c-6992-4903-9407-7df321e464db:c1292]
2019-07-09 09:59:12,282 INFO  client.GrpcClientProtocolClient (GrpcClientProtocolClient.java:onNext(255)) - client-CECA27ED65B5->8cac6937-780c-4459-964a-dea4dcd51fd7: receive RaftClientReply:client-CECA27ED65B5->8cac6937-780c-4459-964a-dea4dcd51fd7@group-D84C501198B9, cid=979, SUCCESS, logIndex=1294, commits[8cac6937-780c-4459-964a-dea4dcd51fd7:c1294, 9ed8676d-9460-465d-9905-fd43a52295f6:c1292, da64134c-6992-4903-9407-7df321e464db:c1292]
2019-07-09 09:59:12,283 INFO  client.GrpcClientProtocolClient (GrpcClientProtocolClient.java:onNext(255)) - client-CECA27ED65B5->8cac6937-780c-4459-964a-dea4dcd51fd7: receive RaftClientReply:client-CECA27ED65B5->8cac6937-780c-4459-964a-dea4dcd51fd7@group-D84C501198B9, cid=980, SUCCESS, logIndex=1295, commits[8cac6937-780c-4459-964a-dea4dcd51fd7:c1296, 9ed8676d-9460-465d-9905-fd43a52295f6:c1292, da64134c-6992-4903-9407-7df321e464db:c1292]
2019-07-09 09:59:12,283 INFO  client.GrpcClientProtocolClient (GrpcClientProtocolClient.java:onNext(255)) - client-CECA27ED65B5->8cac6937-780c-4459-964a-dea4dcd51fd7: receive RaftClientReply:client-CECA27ED65B5->8cac6937-780c-4459-964a-dea4dcd51fd7@group-D84C501198B9, cid=981, SUCCESS, logIndex=1296, commits[8cac6937-780c-4459-964a-dea4dcd51fd7:c1296, 9ed8676d-9460-465d-9905-fd43a52295f6:c1292, da64134c-6992-4903-9407-7df321e464db:c1292]
2019-07-09 09:59:12,296 INFO  client.GrpcClientProtocolClient (GrpcClientProtocolClient.java:onNext(255)) - client-CECA27ED65B5->8cac6937-780c-4459-964a-dea4dcd51fd7: receive RaftClientReply:client-CECA27ED65B5->8cac6937-780c-4459-964a-dea4dcd51fd7@group-D84C501198B9, cid=982, SUCCESS, logIndex=0, commits[8cac6937-780c-4459-964a-dea4dcd51fd7:c1298, 9ed8676d-9460-465d-9905-fd43a52295f6:c1294, da64134c-6992-4903-9407-7df321e464db:c1294]
2019-07-09 09:59:12,317 INFO  client.GrpcClientProtocolClient (GrpcClientProtocolClient.java:onNext(255)) - client-CECA27ED65B5->8cac6937-780c-4459-964a-dea4dcd51fd7: receive RaftClientReply:client-CECA27ED65B5->8cac6937-780c-4459-964a-dea4dcd51fd7@group-D84C501198B9, cid=983, SUCCESS, logIndex=1301, commits[8cac6937-780c-4459-964a-dea4dcd51fd7:c1302, 9ed8676d-9460-465d-9905-fd43a52295f6:c1300, da64134c-6992-4903-9407-7df321e464db:c1300]
2019-07-09 09:59:12,317 INFO  client.GrpcClientProtocolClient (GrpcClientProtocolClient.java:onNext(255)) - client-CECA27ED65B5->8cac6937-780c-4459-964a-dea4dcd51fd7: receive RaftClientReply:client-CECA27ED65B5->8cac6937-780c-4459-964a-dea4dcd51fd7@group-D84C501198B9, cid=984, SUCCESS, logIndex=1302, commits[8cac6937-780c-4459-964a-dea4dcd51fd7:c1302, 9ed8676d-9460-465d-9905-fd43a52295f6:c1300, da64134c-6992-4903-9407-7df321e464db:c1300]
2019-07-09 09:59:12,331 INFO  client.GrpcClientProtocolClient (GrpcClientProtocolClient.java:onNext(255)) - client-CECA27ED65B5->8cac6937-780c-4459-964a-dea4dcd51fd7: receive RaftClientReply:client-CECA27ED65B5->8cac6937-780c-4459-964a-dea4dcd51fd7@group-D84C501198B9, cid=985, SUCCESS, logIndex=1305, commits[8cac6937-780c-4459-964a-dea4dcd51fd7:c1306, 9ed8676d-9460-465d-9905-fd43a52295f6:c1302, da64134c-6992-4903-9407-7df321e464db:c1302]
2019-07-09 09:59:12,333 INFO  client.GrpcClientProtocolClient (GrpcClientProtocolClient.java:onNext(255)) - client-CECA27ED65B5->8cac6937-780c-4459-964a-dea4dcd51fd7: receive RaftClientReply:client-CECA27ED65B5->8cac6937-780c-4459-964a-dea4dcd51fd7@group-D84C501198B9, cid=986, SUCCESS, logIndex=1306, commits[8cac6937-780c-4459-964a-dea4dcd51fd7:c1306, 9ed8676d-9460-465d-9905-fd43a52295f6:c1302, da64134c-6992-4903-9407-7df321e464db:c1302]
2019-07-09 09:59:12,334 INFO  client.GrpcClientProtocolClient (GrpcClientProtocolClient.java:onNext(255)) - client-CECA27ED65B5->8cac6937-780c-4459-964a-dea4dcd51fd7: receive RaftClientReply:client-CECA27ED65B5->8cac6937-780c-4459-964a-dea4dcd51fd7@group-D84C501198B9, cid=987, SUCCESS, logIndex=0, commits[8cac6937-780c-4459-964a-dea4dcd51fd7:c1308, 9ed8676d-9460-465d-9905-fd43a52295f6:c1306, da64134c-6992-4903-9407-7df321e464db:c1306]
2019-07-09 09:59:12,358 INFO  client.GrpcClientProtocolClient (GrpcClientProtocolClient.java:onNext(255)) - client-CECA27ED65B5->8cac6937-780c-4459-964a-dea4dcd51fd7: receive RaftClientReply:client-CECA27ED65B5->8cac6937-780c-4459-964a-dea4dcd51fd7@group-D84C501198B9, cid=988, SUCCESS, logIndex=1309, commits[8cac6937-780c-4459-964a-dea4dcd51fd7:c1311, 9ed8676d-9460-465d-9905-fd43a52295f6:c1308, da64134c-6992-4903-9407-7df321e464db:c1308]
2019-07-09 09:59:12,360 INFO  client.GrpcClientProtocolClient (GrpcClientProtocolClient.java:onNext(255)) - client-CECA27ED65B5->8cac6937-780c-4459-964a-dea4dcd51fd7: receive RaftClientReply:client-CECA27ED65B5->8cac6937-780c-4459-964a-dea4dcd51fd7@group-D84C501198B9, cid=989, SUCCESS, logIndex=1310, commits[8cac6937-780c-4459-964a-dea4dcd51fd7:c1312, 9ed8676d-9460-465d-9905-fd43a52295f6:c1308, da64134c-6992-4903-9407-7df321e464db:c1308]
2019-07-09 09:59:12,360 INFO  client.GrpcClientProtocolClient (GrpcClientProtocolClient.java:onNext(255)) - client-CECA27ED65B5->8cac6937-780c-4459-964a-dea4dcd51fd7: receive RaftClientReply:client-CECA27ED65B5->8cac6937-780c-4459-964a-dea4dcd51fd7@group-D84C501198B9, cid=990, SUCCESS, logIndex=1311, commits[8cac6937-780c-4459-964a-dea4dcd51fd7:c1312, 9ed8676d-9460-465d-9905-fd43a52295f6:c1308, da64134c-6992-4903-9407-7df321e464db:c1308]
2019-07-09 09:59:12,360 INFO  client.GrpcClientProtocolClient (GrpcClientProtocolClient.java:onNext(255)) - client-CECA27ED65B5->8cac6937-780c-4459-964a-dea4dcd51fd7: receive RaftClientReply:client-CECA27ED65B5->8cac6937-780c-4459-964a-dea4dcd51fd7@group-D84C501198B9, cid=991, SUCCESS, logIndex=1312, commits[8cac6937-780c-4459-964a-dea4dcd51fd7:c1312, 9ed8676d-9460-465d-9905-fd43a52295f6:c1308, da64134c-6992-4903-9407-7df321e464db:c1308]
2019-07-09 09:59:12,362 INFO  client.GrpcClientProtocolClient (GrpcClientProtocolClient.java:onNext(255)) - client-CECA27ED65B5->8cac6937-780c-4459-964a-dea4dcd51fd7: receive RaftClientReply:client-CECA27ED65B5->8cac6937-780c-4459-964a-dea4dcd51fd7@group-D84C501198B9, cid=992, SUCCESS, logIndex=0, commits[8cac6937-780c-4459-964a-dea4dcd51fd7:c1315, 9ed8676d-9460-465d-9905-fd43a52295f6:c1311, da64134c-6992-4903-9407-7df321e464db:c1310]
2019-07-09 09:59:12,383 INFO  client.GrpcClientProtocolClient (GrpcClientProtocolClient.java:onNext(255)) - client-CECA27ED65B5->8cac6937-780c-4459-964a-dea4dcd51fd7: receive RaftClientReply:client-CECA27ED65B5->8cac6937-780c-4459-964a-dea4dcd51fd7@group-D84C501198B9, cid=993, SUCCESS, logIndex=1317, commits[8cac6937-780c-4459-964a-dea4dcd51fd7:c1318, 9ed8676d-9460-465d-9905-fd43a52295f6:c1316, da64134c-6992-4903-9407-7df321e464db:c1316]
2019-07-09 09:59:12,383 INFO  client.GrpcClientProtocolClient (GrpcClientProtocolClient.java:onNext(255)) - client-CECA27ED65B5->8cac6937-780c-4459-964a-dea4dcd51fd7: receive RaftClientReply:client-CECA27ED65B5->8cac6937-780c-4459-964a-dea4dcd51fd7@group-D84C501198B9, cid=994, SUCCESS, logIndex=1318, commits[8cac6937-780c-4459-964a-dea4dcd51fd7:c1318, 9ed8676d-9460-465d-9905-fd43a52295f6:c1316, da64134c-6992-4903-9407-7df321e464db:c1316]
2019-07-09 09:59:12,538 INFO  client.GrpcClientProtocolClient (GrpcClientProtocolClient.java:onNext(255)) - client-CECA27ED65B5->8cac6937-780c-4459-964a-dea4dcd51fd7: receive RaftClientReply:client-CECA27ED65B5->8cac6937-780c-4459-964a-dea4dcd51fd7@group-D84C501198B9, cid=995, SUCCESS, logIndex=1321, commits[8cac6937-780c-4459-964a-dea4dcd51fd7:c1322, 9ed8676d-9460-465d-9905-fd43a52295f6:c1319, da64134c-6992-4903-9407-7df321e464db:c1319]
2019-07-09 09:59:12,539 INFO  client.GrpcClientProtocolClient (GrpcClientProtocolClient.java:onNext(255)) - client-CECA27ED65B5->8cac6937-780c-4459-964a-dea4dcd51fd7: receive RaftClientReply:client-CECA27ED65B5->8cac6937-780c-4459-964a-dea4dcd51fd7@group-D84C501198B9, cid=996, SUCCESS, logIndex=1322, commits[8cac6937-780c-4459-964a-dea4dcd51fd7:c1322, 9ed8676d-9460-465d-9905-fd43a52295f6:c1319, da64134c-6992-4903-9407-7df321e464db:c1319]
2019-07-09 09:59:12,541 INFO  client.GrpcClientProtocolClient (GrpcClientProtocolClient.java:onNext(255)) - client-CECA27ED65B5->8cac6937-780c-4459-964a-dea4dcd51fd7: receive RaftClientReply:client-CECA27ED65B5->8cac6937-780c-4459-964a-dea4dcd51fd7@group-D84C501198B9, cid=997, SUCCESS, logIndex=0, commits[8cac6937-780c-4459-964a-dea4dcd51fd7:c1323, 9ed8676d-9460-465d-9905-fd43a52295f6:c1322, da64134c-6992-4903-9407-7df321e464db:c1322]
2019-07-09 09:59:12,565 INFO  client.GrpcClientProtocolClient (GrpcClientProtocolClient.java:onNext(255)) - client-CECA27ED65B5->8cac6937-780c-4459-964a-dea4dcd51fd7: receive RaftClientReply:client-CECA27ED65B5->8cac6937-780c-4459-964a-dea4dcd51fd7@group-D84C501198B9, cid=998, SUCCESS, logIndex=1324, commits[8cac6937-780c-4459-964a-dea4dcd51fd7:c1326, 9ed8676d-9460-465d-9905-fd43a52295f6:c1323, da64134c-6992-4903-9407-7df321e464db:c1323]
2019-07-09 09:59:12,565 INFO  client.GrpcClientProtocolClient (GrpcClientProtocolClient.java:onNext(255)) - client-CECA27ED65B5->8cac6937-780c-4459-964a-dea4dcd51fd7: receive RaftClientReply:client-CECA27ED65B5->8cac6937-780c-4459-964a-dea4dcd51fd7@group-D84C501198B9, cid=999, SUCCESS, logIndex=1325, commits[8cac6937-780c-4459-964a-dea4dcd51fd7:c1327, 9ed8676d-9460-465d-9905-fd43a52295f6:c1323, da64134c-6992-4903-9407-7df321e464db:c1323]
2019-07-09 09:59:12,566 INFO  client.GrpcClientProtocolClient (GrpcClientProtocolClient.java:onNext(255)) - client-CECA27ED65B5->8cac6937-780c-4459-964a-dea4dcd51fd7: receive RaftClientReply:client-CECA27ED65B5->8cac6937-780c-4459-964a-dea4dcd51fd7@group-D84C501198B9, cid=1000, SUCCESS, logIndex=1326, commits[8cac6937-780c-4459-964a-dea4dcd51fd7:c1327, 9ed8676d-9460-465d-9905-fd43a52295f6:c1323, da64134c-6992-4903-9407-7df321e464db:c1323]
2019-07-09 09:59:12,566 INFO  client.GrpcClientProtocolClient (GrpcClientProtocolClient.java:onNext(255)) - client-CECA27ED65B5->8cac6937-780c-4459-964a-dea4dcd51fd7: receive RaftClientReply:client-CECA27ED65B5->8cac6937-780c-4459-964a-dea4dcd51fd7@group-D84C501198B9, cid=1001, SUCCESS, logIndex=1327, commits[8cac6937-780c-4459-964a-dea4dcd51fd7:c1327, 9ed8676d-9460-465d-9905-fd43a52295f6:c1323, da64134c-6992-4903-9407-7df321e464db:c1323]
2019-07-09 09:59:12,577 INFO  client.GrpcClientProtocolClient (GrpcClientProtocolClient.java:onNext(255)) - client-CECA27ED65B5->8cac6937-780c-4459-964a-dea4dcd51fd7: receive RaftClientReply:client-CECA27ED65B5->8cac6937-780c-4459-964a-dea4dcd51fd7@group-D84C501198B9, cid=1002, SUCCESS, logIndex=0, commits[8cac6937-780c-4459-964a-dea4dcd51fd7:c1329, 9ed8676d-9460-465d-9905-fd43a52295f6:c1325, da64134c-6992-4903-9407-7df321e464db:c1325]
2019-07-09 09:59:12,598 INFO  client.GrpcClientProtocolClient (GrpcClientProtocolClient.java:onNext(255)) - client-CECA27ED65B5->8cac6937-780c-4459-964a-dea4dcd51fd7: receive RaftClientReply:client-CECA27ED65B5->8cac6937-780c-4459-964a-dea4dcd51fd7@group-D84C501198B9, cid=1003, SUCCESS, logIndex=1332, commits[8cac6937-780c-4459-964a-dea4dcd51fd7:c1333, 9ed8676d-9460-465d-9905-fd43a52295f6:c1331, da64134c-6992-4903-9407-7df321e464db:c1331]
2019-07-09 09:59:12,599 INFO  client.GrpcClientProtocolClient (GrpcClientProtocolClient.java:onNext(255)) - client-CECA27ED65B5->8cac6937-780c-4459-964a-dea4dcd51fd7: receive RaftClientReply:client-CECA27ED65B5->8cac6937-780c-4459-964a-dea4dcd51fd7@group-D84C501198B9, cid=1004, SUCCESS, logIndex=1333, commits[8cac6937-780c-4459-964a-dea4dcd51fd7:c1333, 9ed8676d-9460-465d-9905-fd43a52295f6:c1331, da64134c-6992-4903-9407-7df321e464db:c1331]
2019-07-09 09:59:12,622 INFO  client.GrpcClientProtocolClient (GrpcClientProtocolClient.java:onNext(255)) - client-CECA27ED65B5->8cac6937-780c-4459-964a-dea4dcd51fd7: receive RaftClientReply:client-CECA27ED65B5->8cac6937-780c-4459-964a-dea4dcd51fd7@group-D84C501198B9, cid=1005, SUCCESS, logIndex=1336, commits[8cac6937-780c-4459-964a-dea4dcd51fd7:c1337, 9ed8676d-9460-465d-9905-fd43a52295f6:c1333, da64134c-6992-4903-9407-7df321e464db:c1333]
2019-07-09 09:59:12,623 INFO  client.GrpcClientProtocolClient (GrpcClientProtocolClient.java:onNext(255)) - client-CECA27ED65B5->8cac6937-780c-4459-964a-dea4dcd51fd7: receive RaftClientReply:client-CECA27ED65B5->8cac6937-780c-4459-964a-dea4dcd51fd7@group-D84C501198B9, cid=1006, SUCCESS, logIndex=1337, commits[8cac6937-780c-4459-964a-dea4dcd51fd7:c1337, 9ed8676d-9460-465d-9905-fd43a52295f6:c1333, da64134c-6992-4903-9407-7df321e464db:c1333]
2019-07-09 09:59:12,626 INFO  client.GrpcClientProtocolClient (GrpcClientProtocolClient.java:onNext(255)) - client-CECA27ED65B5->8cac6937-780c-4459-964a-dea4dcd51fd7: receive RaftClientReply:client-CECA27ED65B5->8cac6937-780c-4459-964a-dea4dcd51fd7@group-D84C501198B9, cid=1007, SUCCESS, logIndex=0, commits[8cac6937-780c-4459-964a-dea4dcd51fd7:c1339, 9ed8676d-9460-465d-9905-fd43a52295f6:c1337, da64134c-6992-4903-9407-7df321e464db:c1337]
2019-07-09 09:59:12,651 INFO  client.GrpcClientProtocolClient (GrpcClientProtocolClient.java:onNext(255)) - client-CECA27ED65B5->8cac6937-780c-4459-964a-dea4dcd51fd7: receive RaftClientReply:client-CECA27ED65B5->8cac6937-780c-4459-964a-dea4dcd51fd7@group-D84C501198B9, cid=1008, SUCCESS, logIndex=1340, commits[8cac6937-780c-4459-964a-dea4dcd51fd7:c1342, 9ed8676d-9460-465d-9905-fd43a52295f6:c1339, da64134c-6992-4903-9407-7df321e464db:c1339]
2019-07-09 09:59:12,651 INFO  client.GrpcClientProtocolClient (GrpcClientProtocolClient.java:onNext(255)) - client-CECA27ED65B5->8cac6937-780c-4459-964a-dea4dcd51fd7: receive RaftClientReply:client-CECA27ED65B5->8cac6937-780c-4459-964a-dea4dcd51fd7@group-D84C501198B9, cid=1009, SUCCESS, logIndex=1341, commits[8cac6937-780c-4459-964a-dea4dcd51fd7:c1343, 9ed8676d-9460-465d-9905-fd43a52295f6:c1339, da64134c-6992-4903-9407-7df321e464db:c1339]
2019-07-09 09:59:12,652 INFO  client.GrpcClientProtocolClient (GrpcClientProtocolClient.java:onNext(255)) - client-CECA27ED65B5->8cac6937-780c-4459-964a-dea4dcd51fd7: receive RaftClientReply:client-CECA27ED65B5->8cac6937-780c-4459-964a-dea4dcd51fd7@group-D84C501198B9, cid=1010, SUCCESS, logIndex=1342, commits[8cac6937-780c-4459-964a-dea4dcd51fd7:c1343, 9ed8676d-9460-465d-9905-fd43a52295f6:c1339, da64134c-6992-4903-9407-7df321e464db:c1339]
2019-07-09 09:59:12,652 INFO  client.GrpcClientProtocolClient (GrpcClientProtocolClient.java:onNext(255)) - client-CECA27ED65B5->8cac6937-780c-4459-964a-dea4dcd51fd7: receive RaftClientReply:client-CECA27ED65B5->8cac6937-780c-4459-964a-dea4dcd51fd7@group-D84C501198B9, cid=1011, SUCCESS, logIndex=1343, commits[8cac6937-780c-4459-964a-dea4dcd51fd7:c1343, 9ed8676d-9460-465d-9905-fd43a52295f6:c1339, da64134c-6992-4903-9407-7df321e464db:c1339]
2019-07-09 09:59:12,662 INFO  client.GrpcClientProtocolClient (GrpcClientProtocolClient.java:onNext(255)) - client-CECA27ED65B5->8cac6937-780c-4459-964a-dea4dcd51fd7: receive RaftClientReply:client-CECA27ED65B5->8cac6937-780c-4459-964a-dea4dcd51fd7@group-D84C501198B9, cid=1012, SUCCESS, logIndex=0, commits[8cac6937-780c-4459-964a-dea4dcd51fd7:c1344, 9ed8676d-9460-465d-9905-fd43a52295f6:c1341, da64134c-6992-4903-9407-7df321e464db:c1341]
2019-07-09 09:59:12,683 INFO  client.GrpcClientProtocolClient (GrpcClientProtocolClient.java:onNext(255)) - client-CECA27ED65B5->8cac6937-780c-4459-964a-dea4dcd51fd7: receive RaftClientReply:client-CECA27ED65B5->8cac6937-780c-4459-964a-dea4dcd51fd7@group-D84C501198B9, cid=1013, SUCCESS, logIndex=1348, commits[8cac6937-780c-4459-964a-dea4dcd51fd7:c1349, 9ed8676d-9460-465d-9905-fd43a52295f6:c1347, da64134c-6992-4903-9407-7df321e464db:c1347]
2019-07-09 09:59:12,684 INFO  client.GrpcClientProtocolClient (GrpcClientProtocolClient.java:onNext(255)) - client-CECA27ED65B5->8cac6937-780c-4459-964a-dea4dcd51fd7: receive RaftClientReply:client-CECA27ED65B5->8cac6937-780c-4459-964a-dea4dcd51fd7@group-D84C501198B9, cid=1014, SUCCESS, logIndex=1349, commits[8cac6937-780c-4459-964a-dea4dcd51fd7:c1349, 9ed8676d-9460-465d-9905-fd43a52295f6:c1347, da64134c-6992-4903-9407-7df321e464db:c1347]
2019-07-09 09:59:12,696 INFO  client.GrpcClientProtocolClient (GrpcClientProtocolClient.java:onNext(255)) - client-CECA27ED65B5->8cac6937-780c-4459-964a-dea4dcd51fd7: receive RaftClientReply:client-CECA27ED65B5->8cac6937-780c-4459-964a-dea4dcd51fd7@group-D84C501198B9, cid=1015, SUCCESS, logIndex=1352, commits[8cac6937-780c-4459-964a-dea4dcd51fd7:c1353, 9ed8676d-9460-465d-9905-fd43a52295f6:c1349, da64134c-6992-4903-9407-7df321e464db:c1349]
2019-07-09 09:59:12,697 INFO  client.GrpcClientProtocolClient (GrpcClientProtocolClient.java:onNext(255)) - client-CECA27ED65B5->8cac6937-780c-4459-964a-dea4dcd51fd7: receive RaftClientReply:client-CECA27ED65B5->8cac6937-780c-4459-964a-dea4dcd51fd7@group-D84C501198B9, cid=1016, SUCCESS, logIndex=1353, commits[8cac6937-780c-4459-964a-dea4dcd51fd7:c1353, 9ed8676d-9460-465d-9905-fd43a52295f6:c1349, da64134c-6992-4903-9407-7df321e464db:c1349]
2019-07-09 09:59:12,710 INFO  client.GrpcClientProtocolClient (GrpcClientProtocolClient.java:onNext(255)) - client-CECA27ED65B5->8cac6937-780c-4459-964a-dea4dcd51fd7: receive RaftClientReply:client-CECA27ED65B5->8cac6937-780c-4459-964a-dea4dcd51fd7@group-D84C501198B9, cid=1017, SUCCESS, logIndex=0, commits[8cac6937-780c-4459-964a-dea4dcd51fd7:c1355, 9ed8676d-9460-465d-9905-fd43a52295f6:c1353, da64134c-6992-4903-9407-7df321e464db:c1353]
2019-07-09 09:59:12,724 INFO  client.GrpcClientProtocolClient (GrpcClientProtocolClient.java:onNext(255)) - client-CECA27ED65B5->8cac6937-780c-4459-964a-dea4dcd51fd7: receive RaftClientReply:client-CECA27ED65B5->8cac6937-780c-4459-964a-dea4dcd51fd7@group-D84C501198B9, cid=1018, SUCCESS, logIndex=1356, commits[8cac6937-780c-4459-964a-dea4dcd51fd7:c1358, 9ed8676d-9460-465d-9905-fd43a52295f6:c1353, da64134c-6992-4903-9407-7df321e464db:c1355]
2019-07-09 09:59:12,724 INFO  client.GrpcClientProtocolClient (GrpcClientProtocolClient.java:onNext(255)) - client-CECA27ED65B5->8cac6937-780c-4459-964a-dea4dcd51fd7: receive RaftClientReply:client-CECA27ED65B5->8cac6937-780c-4459-964a-dea4dcd51fd7@group-D84C501198B9, cid=1019, SUCCESS, logIndex=1357, commits[8cac6937-780c-4459-964a-dea4dcd51fd7:c1359, 9ed8676d-9460-465d-9905-fd43a52295f6:c1355, da64134c-6992-4903-9407-7df321e464db:c1355]
2019-07-09 09:59:12,725 INFO  client.GrpcClientProtocolClient (GrpcClientProtocolClient.java:onNext(255)) - client-CECA27ED65B5->8cac6937-780c-4459-964a-dea4dcd51fd7: receive RaftClientReply:client-CECA27ED65B5->8cac6937-780c-4459-964a-dea4dcd51fd7@group-D84C501198B9, cid=1020, SUCCESS, logIndex=1358, commits[8cac6937-780c-4459-964a-dea4dcd51fd7:c1359, 9ed8676d-9460-465d-9905-fd43a52295f6:c1355, da64134c-6992-4903-9407-7df321e464db:c1355]
2019-07-09 09:59:12,725 INFO  client.GrpcClientProtocolClient (GrpcClientProtocolClient.java:onNext(255)) - client-CECA27ED65B5->8cac6937-780c-4459-964a-dea4dcd51fd7: receive RaftClientReply:client-CECA27ED65B5->8cac6937-780c-4459-964a-dea4dcd51fd7@group-D84C501198B9, cid=1021, SUCCESS, logIndex=1359, commits[8cac6937-780c-4459-964a-dea4dcd51fd7:c1359, 9ed8676d-9460-465d-9905-fd43a52295f6:c1355, da64134c-6992-4903-9407-7df321e464db:c1355]
2019-07-09 09:59:12,726 INFO  client.GrpcClientProtocolClient (GrpcClientProtocolClient.java:onNext(255)) - client-CECA27ED65B5->8cac6937-780c-4459-964a-dea4dcd51fd7: receive RaftClientReply:client-CECA27ED65B5->8cac6937-780c-4459-964a-dea4dcd51fd7@group-D84C501198B9, cid=1022, SUCCESS, logIndex=0, commits[8cac6937-780c-4459-964a-dea4dcd51fd7:c1362, 9ed8676d-9460-465d-9905-fd43a52295f6:c1358, da64134c-6992-4903-9407-7df321e464db:c1357]
2019-07-09 09:59:12,761 INFO  client.GrpcClientProtocolClient (GrpcClientProtocolClient.java:onNext(255)) - client-CECA27ED65B5->8cac6937-780c-4459-964a-dea4dcd51fd7: receive RaftClientReply:client-CECA27ED65B5->8cac6937-780c-4459-964a-dea4dcd51fd7@group-D84C501198B9, cid=1023, SUCCESS, logIndex=1364, commits[8cac6937-780c-4459-964a-dea4dcd51fd7:c1365, 9ed8676d-9460-465d-9905-fd43a52295f6:c1363, da64134c-6992-4903-9407-7df321e464db:c1363]
2019-07-09 09:59:12,762 INFO  client.GrpcClientProtocolClient (GrpcClientProtocolClient.java:onNext(255)) - client-CECA27ED65B5->8cac6937-780c-4459-964a-dea4dcd51fd7: receive RaftClientReply:client-CECA27ED65B5->8cac6937-780c-4459-964a-dea4dcd51fd7@group-D84C501198B9, cid=1024, SUCCESS, logIndex=1365, commits[8cac6937-780c-4459-964a-dea4dcd51fd7:c1365, 9ed8676d-9460-465d-9905-fd43a52295f6:c1363, da64134c-6992-4903-9407-7df321e464db:c1363]
2019-07-09 09:59:12,787 INFO  client.GrpcClientProtocolClient (GrpcClientProtocolClient.java:onNext(255)) - client-CECA27ED65B5->8cac6937-780c-4459-964a-dea4dcd51fd7: receive RaftClientReply:client-CECA27ED65B5->8cac6937-780c-4459-964a-dea4dcd51fd7@group-D84C501198B9, cid=1025, SUCCESS, logIndex=1368, commits[8cac6937-780c-4459-964a-dea4dcd51fd7:c1369, 9ed8676d-9460-465d-9905-fd43a52295f6:c1365, da64134c-6992-4903-9407-7df321e464db:c1365]
2019-07-09 09:59:12,787 INFO  client.GrpcClientProtocolClient (GrpcClientProtocolClient.java:onNext(255)) - client-CECA27ED65B5->8cac6937-780c-4459-964a-dea4dcd51fd7: receive RaftClientReply:client-CECA27ED65B5->8cac6937-780c-4459-964a-dea4dcd51fd7@group-D84C501198B9, cid=1026, SUCCESS, logIndex=1369, commits[8cac6937-780c-4459-964a-dea4dcd51fd7:c1369, 9ed8676d-9460-465d-9905-fd43a52295f6:c1365, da64134c-6992-4903-9407-7df321e464db:c1365]
2019-07-09 09:59:12,798 INFO  client.GrpcClientProtocolClient (GrpcClientProtocolClient.java:onNext(255)) - client-CECA27ED65B5->8cac6937-780c-4459-964a-dea4dcd51fd7: receive RaftClientReply:client-CECA27ED65B5->8cac6937-780c-4459-964a-dea4dcd51fd7@group-D84C501198B9, cid=1027, SUCCESS, logIndex=0, commits[8cac6937-780c-4459-964a-dea4dcd51fd7:c1370, 9ed8676d-9460-465d-9905-fd43a52295f6:c1369, da64134c-6992-4903-9407-7df321e464db:c1369]
2019-07-09 09:59:12,822 INFO  client.GrpcClientProtocolClient (GrpcClientProtocolClient.java:onNext(255)) - client-CECA27ED65B5->8cac6937-780c-4459-964a-dea4dcd51fd7: receive RaftClientReply:client-CECA27ED65B5->8cac6937-780c-4459-964a-dea4dcd51fd7@group-D84C501198B9, cid=1028, SUCCESS, logIndex=1372, commits[8cac6937-780c-4459-964a-dea4dcd51fd7:c1373, 9ed8676d-9460-465d-9905-fd43a52295f6:c1371, da64134c-6992-4903-9407-7df321e464db:c1371]
2019-07-09 09:59:12,823 INFO  client.GrpcClientProtocolClient (GrpcClientProtocolClient.java:onNext(255)) - client-CECA27ED65B5->8cac6937-780c-4459-964a-dea4dcd51fd7: receive RaftClientReply:client-CECA27ED65B5->8cac6937-780c-4459-964a-dea4dcd51fd7@group-D84C501198B9, cid=1029, SUCCESS, logIndex=1373, commits[8cac6937-780c-4459-964a-dea4dcd51fd7:c1375, 9ed8676d-9460-465d-9905-fd43a52295f6:c1371, da64134c-6992-4903-9407-7df321e464db:c1371]
2019-07-09 09:59:12,823 INFO  client.GrpcClientProtocolClient (GrpcClientProtocolClient.java:onNext(255)) - client-CECA27ED65B5->8cac6937-780c-4459-964a-dea4dcd51fd7: receive RaftClientReply:client-CECA27ED65B5->8cac6937-780c-4459-964a-dea4dcd51fd7@group-D84C501198B9, cid=1030, SUCCESS, logIndex=1374, commits[8cac6937-780c-4459-964a-dea4dcd51fd7:c1375, 9ed8676d-9460-465d-9905-fd43a52295f6:c1371, da64134c-6992-4903-9407-7df321e464db:c1371]
2019-07-09 09:59:12,823 INFO  client.GrpcClientProtocolClient (GrpcClientProtocolClient.java:onNext(255)) - client-CECA27ED65B5->8cac6937-780c-4459-964a-dea4dcd51fd7: receive RaftClientReply:client-CECA27ED65B5->8cac6937-780c-4459-964a-dea4dcd51fd7@group-D84C501198B9, cid=1031, SUCCESS, logIndex=1375, commits[8cac6937-780c-4459-964a-dea4dcd51fd7:c1375, 9ed8676d-9460-465d-9905-fd43a52295f6:c1371, da64134c-6992-4903-9407-7df321e464db:c1371]
2019-07-09 09:59:12,835 INFO  client.GrpcClientProtocolClient (GrpcClientProtocolClient.java:onNext(255)) - client-CECA27ED65B5->8cac6937-780c-4459-964a-dea4dcd51fd7: receive RaftClientReply:client-CECA27ED65B5->8cac6937-780c-4459-964a-dea4dcd51fd7@group-D84C501198B9, cid=1032, SUCCESS, logIndex=0, commits[8cac6937-780c-4459-964a-dea4dcd51fd7:c1377, 9ed8676d-9460-465d-9905-fd43a52295f6:c1373, da64134c-6992-4903-9407-7df321e464db:c1373]
2019-07-09 09:59:12,855 INFO  client.GrpcClientProtocolClient (GrpcClientProtocolClient.java:onNext(255)) - client-CECA27ED65B5->8cac6937-780c-4459-964a-dea4dcd51fd7: receive RaftClientReply:client-CECA27ED65B5->8cac6937-780c-4459-964a-dea4dcd51fd7@group-D84C501198B9, cid=1033, SUCCESS, logIndex=1380, commits[8cac6937-780c-4459-964a-dea4dcd51fd7:c1381, 9ed8676d-9460-465d-9905-fd43a52295f6:c1379, da64134c-6992-4903-9407-7df321e464db:c1379]
2019-07-09 09:59:12,855 INFO  client.GrpcClientProtocolClient (GrpcClientProtocolClient.java:onNext(255)) - client-CECA27ED65B5->8cac6937-780c-4459-964a-dea4dcd51fd7: receive RaftClientReply:client-CECA27ED65B5->8cac6937-780c-4459-964a-dea4dcd51fd7@group-D84C501198B9, cid=1034, SUCCESS, logIndex=1381, commits[8cac6937-780c-4459-964a-dea4dcd51fd7:c1381, 9ed8676d-9460-465d-9905-fd43a52295f6:c1379, da64134c-6992-4903-9407-7df321e464db:c1379]
2019-07-09 09:59:12,868 INFO  client.GrpcClientProtocolClient (GrpcClientProtocolClient.java:onNext(255)) - client-CECA27ED65B5->8cac6937-780c-4459-964a-dea4dcd51fd7: receive RaftClientReply:client-CECA27ED65B5->8cac6937-780c-4459-964a-dea4dcd51fd7@group-D84C501198B9, cid=1035, SUCCESS, logIndex=1384, commits[8cac6937-780c-4459-964a-dea4dcd51fd7:c1384, 9ed8676d-9460-465d-9905-fd43a52295f6:c1381, da64134c-6992-4903-9407-7df321e464db:c1381]
2019-07-09 09:59:12,869 INFO  client.GrpcClientProtocolClient (GrpcClientProtocolClient.java:onNext(255)) - client-CECA27ED65B5->8cac6937-780c-4459-964a-dea4dcd51fd7: receive RaftClientReply:client-CECA27ED65B5->8cac6937-780c-4459-964a-dea4dcd51fd7@group-D84C501198B9, cid=1036, SUCCESS, logIndex=1385, commits[8cac6937-780c-4459-964a-dea4dcd51fd7:c1385, 9ed8676d-9460-465d-9905-fd43a52295f6:c1381, da64134c-6992-4903-9407-7df321e464db:c1381]
2019-07-09 09:59:12,882 INFO  client.GrpcClientProtocolClient (GrpcClientProtocolClient.java:onNext(255)) - client-CECA27ED65B5->8cac6937-780c-4459-964a-dea4dcd51fd7: receive RaftClientReply:client-CECA27ED65B5->8cac6937-780c-4459-964a-dea4dcd51fd7@group-D84C501198B9, cid=1037, SUCCESS, logIndex=0, commits[8cac6937-780c-4459-964a-dea4dcd51fd7:c1387, 9ed8676d-9460-465d-9905-fd43a52295f6:c1385, da64134c-6992-4903-9407-7df321e464db:c1386]
2019-07-09 09:59:12,906 INFO  client.GrpcClientProtocolClient (GrpcClientProtocolClient.java:onNext(255)) - client-CECA27ED65B5->8cac6937-780c-4459-964a-dea4dcd51fd7: receive RaftClientReply:client-CECA27ED65B5->8cac6937-780c-4459-964a-dea4dcd51fd7@group-D84C501198B9, cid=1038, SUCCESS, logIndex=1388, commits[8cac6937-780c-4459-964a-dea4dcd51fd7:c1389, 9ed8676d-9460-465d-9905-fd43a52295f6:c1387, da64134c-6992-4903-9407-7df321e464db:c1387]
2019-07-09 09:59:12,907 INFO  client.GrpcClientProtocolClient (GrpcClientProtocolClient.java:onNext(255)) - client-CECA27ED65B5->8cac6937-780c-4459-964a-dea4dcd51fd7: receive RaftClientReply:client-CECA27ED65B5->8cac6937-780c-4459-964a-dea4dcd51fd7@group-D84C501198B9, cid=1039, SUCCESS, logIndex=1389, commits[8cac6937-780c-4459-964a-dea4dcd51fd7:c1391, 9ed8676d-9460-465d-9905-fd43a52295f6:c1387, da64134c-6992-4903-9407-7df321e464db:c1387]
2019-07-09 09:59:12,907 INFO  client.GrpcClientProtocolClient (GrpcClientProtocolClient.java:onNext(255)) - client-CECA27ED65B5->8cac6937-780c-4459-964a-dea4dcd51fd7: receive RaftClientReply:client-CECA27ED65B5->8cac6937-780c-4459-964a-dea4dcd51fd7@group-D84C501198B9, cid=1040, SUCCESS, logIndex=1390, commits[8cac6937-780c-4459-964a-dea4dcd51fd7:c1391, 9ed8676d-9460-465d-9905-fd43a52295f6:c1387, da64134c-6992-4903-9407-7df321e464db:c1387]
2019-07-09 09:59:12,907 INFO  client.GrpcClientProtocolClient (GrpcClientProtocolClient.java:onNext(255)) - client-CECA27ED65B5->8cac6937-780c-4459-964a-dea4dcd51fd7: receive RaftClientReply:client-CECA27ED65B5->8cac6937-780c-4459-964a-dea4dcd51fd7@group-D84C501198B9, cid=1041, SUCCESS, logIndex=1391, commits[8cac6937-780c-4459-964a-dea4dcd51fd7:c1391, 9ed8676d-9460-465d-9905-fd43a52295f6:c1387, da64134c-6992-4903-9407-7df321e464db:c1387]
2019-07-09 09:59:12,921 INFO  client.GrpcClientProtocolClient (GrpcClientProtocolClient.java:onNext(255)) - client-CECA27ED65B5->8cac6937-780c-4459-964a-dea4dcd51fd7: receive RaftClientReply:client-CECA27ED65B5->8cac6937-780c-4459-964a-dea4dcd51fd7@group-D84C501198B9, cid=1042, SUCCESS, logIndex=0, commits[8cac6937-780c-4459-964a-dea4dcd51fd7:c1393, 9ed8676d-9460-465d-9905-fd43a52295f6:c1389, da64134c-6992-4903-9407-7df321e464db:c1389]
2019-07-09 09:59:12,942 INFO  client.GrpcClientProtocolClient (GrpcClientProtocolClient.java:onNext(255)) - client-CECA27ED65B5->8cac6937-780c-4459-964a-dea4dcd51fd7: receive RaftClientReply:client-CECA27ED65B5->8cac6937-780c-4459-964a-dea4dcd51fd7@group-D84C501198B9, cid=1043, SUCCESS, logIndex=1396, commits[8cac6937-780c-4459-964a-dea4dcd51fd7:c1397, 9ed8676d-9460-465d-9905-fd43a52295f6:c1395, da64134c-6992-4903-9407-7df321e464db:c1395]
2019-07-09 09:59:12,942 INFO  client.GrpcClientProtocolClient (GrpcClientProtocolClient.java:onNext(255)) - client-CECA27ED65B5->8cac6937-780c-4459-964a-dea4dcd51fd7: receive RaftClientReply:client-CECA27ED65B5->8cac6937-780c-4459-964a-dea4dcd51fd7@group-D84C501198B9, cid=1044, SUCCESS, logIndex=1397, commits[8cac6937-780c-4459-964a-dea4dcd51fd7:c1397, 9ed8676d-9460-465d-9905-fd43a52295f6:c1395, da64134c-6992-4903-9407-7df321e464db:c1395]
2019-07-09 09:59:12,955 INFO  client.GrpcClientProtocolClient (GrpcClientProtocolClient.java:onNext(255)) - client-CECA27ED65B5->8cac6937-780c-4459-964a-dea4dcd51fd7: receive RaftClientReply:client-CECA27ED65B5->8cac6937-780c-4459-964a-dea4dcd51fd7@group-D84C501198B9, cid=1045, SUCCESS, logIndex=1400, commits[8cac6937-780c-4459-964a-dea4dcd51fd7:c1401, 9ed8676d-9460-465d-9905-fd43a52295f6:c1397, da64134c-6992-4903-9407-7df321e464db:c1397]
2019-07-09 09:59:12,956 INFO  client.GrpcClientProtocolClient (GrpcClientProtocolClient.java:onNext(255)) - client-CECA27ED65B5->8cac6937-780c-4459-964a-dea4dcd51fd7: receive RaftClientReply:client-CECA27ED65B5->8cac6937-780c-4459-964a-dea4dcd51fd7@group-D84C501198B9, cid=1046, SUCCESS, logIndex=1401, commits[8cac6937-780c-4459-964a-dea4dcd51fd7:c1401, 9ed8676d-9460-465d-9905-fd43a52295f6:c1397, da64134c-6992-4903-9407-7df321e464db:c1397]
2019-07-09 09:59:12,959 INFO  client.GrpcClientProtocolClient (GrpcClientProtocolClient.java:onNext(255)) - client-CECA27ED65B5->8cac6937-780c-4459-964a-dea4dcd51fd7: receive RaftClientReply:client-CECA27ED65B5->8cac6937-780c-4459-964a-dea4dcd51fd7@group-D84C501198B9, cid=1047, SUCCESS, logIndex=0, commits[8cac6937-780c-4459-964a-dea4dcd51fd7:c1402, 9ed8676d-9460-465d-9905-fd43a52295f6:c1401, da64134c-6992-4903-9407-7df321e464db:c1401]
2019-07-09 09:59:12,973 INFO  client.GrpcClientProtocolClient (GrpcClientProtocolClient.java:onNext(255)) - client-CECA27ED65B5->8cac6937-780c-4459-964a-dea4dcd51fd7: receive RaftClientReply:client-CECA27ED65B5->8cac6937-780c-4459-964a-dea4dcd51fd7@group-D84C501198B9, cid=1048, SUCCESS, logIndex=1404, commits[8cac6937-780c-4459-964a-dea4dcd51fd7:c1406, 9ed8676d-9460-465d-9905-fd43a52295f6:c1403, da64134c-6992-4903-9407-7df321e464db:c1403]
2019-07-09 09:59:12,974 INFO  client.GrpcClientProtocolClient (GrpcClientProtocolClient.java:onNext(255)) - client-CECA27ED65B5->8cac6937-780c-4459-964a-dea4dcd51fd7: receive RaftClientReply:client-CECA27ED65B5->8cac6937-780c-4459-964a-dea4dcd51fd7@group-D84C501198B9, cid=1049, SUCCESS, logIndex=1405, commits[8cac6937-780c-4459-964a-dea4dcd51fd7:c1407, 9ed8676d-9460-465d-9905-fd43a52295f6:c1403, da64134c-6992-4903-9407-7df321e464db:c1403]
2019-07-09 09:59:12,974 INFO  client.GrpcClientProtocolClient (GrpcClientProtocolClient.java:onNext(255)) - client-CECA27ED65B5->8cac6937-780c-4459-964a-dea4dcd51fd7: receive RaftClientReply:client-CECA27ED65B5->8cac6937-780c-4459-964a-dea4dcd51fd7@group-D84C501198B9, cid=1050, SUCCESS, logIndex=1406, commits[8cac6937-780c-4459-964a-dea4dcd51fd7:c1407, 9ed8676d-9460-465d-9905-fd43a52295f6:c1403, da64134c-6992-4903-9407-7df321e464db:c1403]
2019-07-09 09:59:12,974 INFO  client.GrpcClientProtocolClient (GrpcClientProtocolClient.java:onNext(255)) - client-CECA27ED65B5->8cac6937-780c-4459-964a-dea4dcd51fd7: receive RaftClientReply:client-CECA27ED65B5->8cac6937-780c-4459-964a-dea4dcd51fd7@group-D84C501198B9, cid=1051, SUCCESS, logIndex=1407, commits[8cac6937-780c-4459-964a-dea4dcd51fd7:c1407, 9ed8676d-9460-465d-9905-fd43a52295f6:c1403, da64134c-6992-4903-9407-7df321e464db:c1403]
2019-07-09 09:59:12,995 INFO  client.GrpcClientProtocolClient (GrpcClientProtocolClient.java:onNext(255)) - client-CECA27ED65B5->8cac6937-780c-4459-964a-dea4dcd51fd7: receive RaftClientReply:client-CECA27ED65B5->8cac6937-780c-4459-964a-dea4dcd51fd7@group-D84C501198B9, cid=1052, SUCCESS, logIndex=0, commits[8cac6937-780c-4459-964a-dea4dcd51fd7:c1411, 9ed8676d-9460-465d-9905-fd43a52295f6:c1405, da64134c-6992-4903-9407-7df321e464db:c1407]
2019-07-09 09:59:13,016 INFO  client.GrpcClientProtocolClient (GrpcClientProtocolClient.java:onNext(255)) - client-CECA27ED65B5->8cac6937-780c-4459-964a-dea4dcd51fd7: receive RaftClientReply:client-CECA27ED65B5->8cac6937-780c-4459-964a-dea4dcd51fd7@group-D84C501198B9, cid=1053, SUCCESS, logIndex=1412, commits[8cac6937-780c-4459-964a-dea4dcd51fd7:c1413, 9ed8676d-9460-465d-9905-fd43a52295f6:c1411, da64134c-6992-4903-9407-7df321e464db:c1411]
2019-07-09 09:59:13,016 INFO  client.GrpcClientProtocolClient (GrpcClientProtocolClient.java:onNext(255)) - client-CECA27ED65B5->8cac6937-780c-4459-964a-dea4dcd51fd7: receive RaftClientReply:client-CECA27ED65B5->8cac6937-780c-4459-964a-dea4dcd51fd7@group-D84C501198B9, cid=1054, SUCCESS, logIndex=1413, commits[8cac6937-780c-4459-964a-dea4dcd51fd7:c1413, 9ed8676d-9460-465d-9905-fd43a52295f6:c1411, da64134c-6992-4903-9407-7df321e464db:c1411]
2019-07-09 09:59:13,030 INFO  client.GrpcClientProtocolClient (GrpcClientProtocolClient.java:onNext(255)) - client-CECA27ED65B5->8cac6937-780c-4459-964a-dea4dcd51fd7: receive RaftClientReply:client-CECA27ED65B5->8cac6937-780c-4459-964a-dea4dcd51fd7@group-D84C501198B9, cid=1055, SUCCESS, logIndex=1416, commits[8cac6937-780c-4459-964a-dea4dcd51fd7:c1417, 9ed8676d-9460-465d-9905-fd43a52295f6:c1413, da64134c-6992-4903-9407-7df321e464db:c1413]
2019-07-09 09:59:13,030 INFO  client.GrpcClientProtocolClient (GrpcClientProtocolClient.java:onNext(255)) - client-CECA27ED65B5->8cac6937-780c-4459-964a-dea4dcd51fd7: receive RaftClientReply:client-CECA27ED65B5->8cac6937-780c-4459-964a-dea4dcd51fd7@group-D84C501198B9, cid=1056, SUCCESS, logIndex=1417, commits[8cac6937-780c-4459-964a-dea4dcd51fd7:c1417, 9ed8676d-9460-465d-9905-fd43a52295f6:c1413, da64134c-6992-4903-9407-7df321e464db:c1413]
2019-07-09 09:59:13,041 INFO  client.GrpcClientProtocolClient (GrpcClientProtocolClient.java:onNext(255)) - client-CECA27ED65B5->8cac6937-780c-4459-964a-dea4dcd51fd7: receive RaftClientReply:client-CECA27ED65B5->8cac6937-780c-4459-964a-dea4dcd51fd7@group-D84C501198B9, cid=1057, SUCCESS, logIndex=0, commits[8cac6937-780c-4459-964a-dea4dcd51fd7:c1418, 9ed8676d-9460-465d-9905-fd43a52295f6:c1417, da64134c-6992-4903-9407-7df321e464db:c1417]
2019-07-09 09:59:13,061 INFO  client.GrpcClientProtocolClient (GrpcClientProtocolClient.java:onNext(255)) - client-CECA27ED65B5->8cac6937-780c-4459-964a-dea4dcd51fd7: receive RaftClientReply:client-CECA27ED65B5->8cac6937-780c-4459-964a-dea4dcd51fd7@group-D84C501198B9, cid=1058, SUCCESS, logIndex=1420, commits[8cac6937-780c-4459-964a-dea4dcd51fd7:c1422, 9ed8676d-9460-465d-9905-fd43a52295f6:c1419, da64134c-6992-4903-9407-7df321e464db:c1419]
2019-07-09 09:59:13,062 INFO  client.GrpcClientProtocolClient (GrpcClientProtocolClient.java:onNext(255)) - client-CECA27ED65B5->8cac6937-780c-4459-964a-dea4dcd51fd7: receive RaftClientReply:client-CECA27ED65B5->8cac6937-780c-4459-964a-dea4dcd51fd7@group-D84C501198B9, cid=1059, SUCCESS, logIndex=1421, commits[8cac6937-780c-4459-964a-dea4dcd51fd7:c1423, 9ed8676d-9460-465d-9905-fd43a52295f6:c1419, da64134c-6992-4903-9407-7df321e464db:c1419]
2019-07-09 09:59:13,062 INFO  client.GrpcClientProtocolClient (GrpcClientProtocolClient.java:onNext(255)) - client-CECA27ED65B5->8cac6937-780c-4459-964a-dea4dcd51fd7: receive RaftClientReply:client-CECA27ED65B5->8cac6937-780c-4459-964a-dea4dcd51fd7@group-D84C501198B9, cid=1060, SUCCESS, logIndex=1422, commits[8cac6937-780c-4459-964a-dea4dcd51fd7:c1423, 9ed8676d-9460-465d-9905-fd43a52295f6:c1419, da64134c-6992-4903-9407-7df321e464db:c1419]
2019-07-09 09:59:13,063 INFO  client.GrpcClientProtocolClient (GrpcClientProtocolClient.java:onNext(255)) - client-CECA27ED65B5->8cac6937-780c-4459-964a-dea4dcd51fd7: receive RaftClientReply:client-CECA27ED65B5->8cac6937-780c-4459-964a-dea4dcd51fd7@group-D84C501198B9, cid=1061, SUCCESS, logIndex=1423, commits[8cac6937-780c-4459-964a-dea4dcd51fd7:c1424, 9ed8676d-9460-465d-9905-fd43a52295f6:c1419, da64134c-6992-4903-9407-7df321e464db:c1420]
2019-07-09 09:59:13,075 INFO  client.GrpcClientProtocolClient (GrpcClientProtocolClient.java:onNext(255)) - client-CECA27ED65B5->8cac6937-780c-4459-964a-dea4dcd51fd7: receive RaftClientReply:client-CECA27ED65B5->8cac6937-780c-4459-964a-dea4dcd51fd7@group-D84C501198B9, cid=1062, SUCCESS, logIndex=0, commits[8cac6937-780c-4459-964a-dea4dcd51fd7:c1427, 9ed8676d-9460-465d-9905-fd43a52295f6:c1421, da64134c-6992-4903-9407-7df321e464db:c1423]
2019-07-09 09:59:13,095 INFO  client.GrpcClientProtocolClient (GrpcClientProtocolClient.java:onNext(255)) - client-CECA27ED65B5->8cac6937-780c-4459-964a-dea4dcd51fd7: receive RaftClientReply:client-CECA27ED65B5->8cac6937-780c-4459-964a-dea4dcd51fd7@group-D84C501198B9, cid=1063, SUCCESS, logIndex=1428, commits[8cac6937-780c-4459-964a-dea4dcd51fd7:c1429, 9ed8676d-9460-465d-9905-fd43a52295f6:c1427, da64134c-6992-4903-9407-7df321e464db:c1427]
2019-07-09 09:59:13,096 INFO  client.GrpcClientProtocolClient (GrpcClientProtocolClient.java:onNext(255)) - client-CECA27ED65B5->8cac6937-780c-4459-964a-dea4dcd51fd7: receive RaftClientReply:client-CECA27ED65B5->8cac6937-780c-4459-964a-dea4dcd51fd7@group-D84C501198B9, cid=1064, SUCCESS, logIndex=1429, commits[8cac6937-780c-4459-964a-dea4dcd51fd7:c1429, 9ed8676d-9460-465d-9905-fd43a52295f6:c1427, da64134c-6992-4903-9407-7df321e464db:c1427]
2019-07-09 09:59:13,109 INFO  client.GrpcClientProtocolClient (GrpcClientProtocolClient.java:onNext(255)) - client-CECA27ED65B5->8cac6937-780c-4459-964a-dea4dcd51fd7: receive RaftClientReply:client-CECA27ED65B5->8cac6937-780c-4459-964a-dea4dcd51fd7@group-D84C501198B9, cid=1065, SUCCESS, logIndex=1432, commits[8cac6937-780c-4459-964a-dea4dcd51fd7:c1433, 9ed8676d-9460-465d-9905-fd43a52295f6:c1429, da64134c-6992-4903-9407-7df321e464db:c1429]
2019-07-09 09:59:13,109 INFO  client.GrpcClientProtocolClient (GrpcClientProtocolClient.java:onNext(255)) - client-CECA27ED65B5->8cac6937-780c-4459-964a-dea4dcd51fd7: receive RaftClientReply:client-CECA27ED65B5->8cac6937-780c-4459-964a-dea4dcd51fd7@group-D84C501198B9, cid=1066, SUCCESS, logIndex=1433, commits[8cac6937-780c-4459-964a-dea4dcd51fd7:c1433, 9ed8676d-9460-465d-9905-fd43a52295f6:c1429, da64134c-6992-4903-9407-7df321e464db:c1429]
2019-07-09 09:59:13,123 INFO  client.GrpcClientProtocolClient (GrpcClientProtocolClient.java:onNext(255)) - client-CECA27ED65B5->8cac6937-780c-4459-964a-dea4dcd51fd7: receive RaftClientReply:client-CECA27ED65B5->8cac6937-780c-4459-964a-dea4dcd51fd7@group-D84C501198B9, cid=1067, SUCCESS, logIndex=0, commits[8cac6937-780c-4459-964a-dea4dcd51fd7:c1435, 9ed8676d-9460-465d-9905-fd43a52295f6:c1433, da64134c-6992-4903-9407-7df321e464db:c1433]
 0.00% |█                                                                                                    |  0/1 Time: 0:00:052019-07-09 09:59:13,271 INFO  client.GrpcClientProtocolClient (GrpcClientProtocolClient.java:onNext(255)) - client-CECA27ED65B5->8cac6937-780c-4459-964a-dea4dcd51fd7: receive RaftClientReply:client-CECA27ED65B5->8cac6937-780c-4459-964a-dea4dcd51fd7@group-D84C501198B9, cid=1068, SUCCESS, logIndex=1436, commits[8cac6937-780c-4459-964a-dea4dcd51fd7:c1437, 9ed8676d-9460-465d-9905-fd43a52295f6:c1435, da64134c-6992-4903-9407-7df321e464db:c1435]
2019-07-09 09:59:13,273 INFO  client.GrpcClientProtocolClient (GrpcClientProtocolClient.java:onNext(255)) - client-CECA27ED65B5->8cac6937-780c-4459-964a-dea4dcd51fd7: receive RaftClientReply:client-CECA27ED65B5->8cac6937-780c-4459-964a-dea4dcd51fd7@group-D84C501198B9, cid=1069, SUCCESS, logIndex=1437, commits[8cac6937-780c-4459-964a-dea4dcd51fd7:c1439, 9ed8676d-9460-465d-9905-fd43a52295f6:c1435, da64134c-6992-4903-9407-7df321e464db:c1435]
2019-07-09 09:59:13,273 INFO  client.GrpcClientProtocolClient (GrpcClientProtocolClient.java:onNext(255)) - client-CECA27ED65B5->8cac6937-780c-4459-964a-dea4dcd51fd7: receive RaftClientReply:client-CECA27ED65B5->8cac6937-780c-4459-964a-dea4dcd51fd7@group-D84C501198B9, cid=1070, SUCCESS, logIndex=1438, commits[8cac6937-780c-4459-964a-dea4dcd51fd7:c1439, 9ed8676d-9460-465d-9905-fd43a52295f6:c1435, da64134c-6992-4903-9407-7df321e464db:c1435]
2019-07-09 09:59:13,273 INFO  client.GrpcClientProtocolClient (GrpcClientProtocolClient.java:onNext(255)) - client-CECA27ED65B5->8cac6937-780c-4459-964a-dea4dcd51fd7: receive RaftClientReply:client-CECA27ED65B5->8cac6937-780c-4459-964a-dea4dcd51fd7@group-D84C501198B9, cid=1071, SUCCESS, logIndex=1439, commits[8cac6937-780c-4459-964a-dea4dcd51fd7:c1439, 9ed8676d-9460-465d-9905-fd43a52295f6:c1435, da64134c-6992-4903-9407-7df321e464db:c1435]
2019-07-09 09:59:13,275 INFO  client.GrpcClientProtocolClient (GrpcClientProtocolClient.java:onNext(255)) - client-CECA27ED65B5->8cac6937-780c-4459-964a-dea4dcd51fd7: receive RaftClientReply:client-CECA27ED65B5->8cac6937-780c-4459-964a-dea4dcd51fd7@group-D84C501198B9, cid=1072, SUCCESS, logIndex=0, commits[8cac6937-780c-4459-964a-dea4dcd51fd7:c1440, 9ed8676d-9460-465d-9905-fd43a52295f6:c1437, da64134c-6992-4903-9407-7df321e464db:c1437]
2019-07-09 09:59:13,296 INFO  client.GrpcClientProtocolClient (GrpcClientProtocolClient.java:onNext(255)) - client-CECA27ED65B5->8cac6937-780c-4459-964a-dea4dcd51fd7: receive RaftClientReply:client-CECA27ED65B5->8cac6937-780c-4459-964a-dea4dcd51fd7@group-D84C501198B9, cid=1073, SUCCESS, logIndex=1444, commits[8cac6937-780c-4459-964a-dea4dcd51fd7:c1444, 9ed8676d-9460-465d-9905-fd43a52295f6:c1439, da64134c-6992-4903-9407-7df321e464db:c1443]
2019-07-09 09:59:13,297 INFO  client.GrpcClientProtocolClient (GrpcClientProtocolClient.java:onNext(255)) - client-CECA27ED65B5->8cac6937-780c-4459-964a-dea4dcd51fd7: receive RaftClientReply:client-CECA27ED65B5->8cac6937-780c-4459-964a-dea4dcd51fd7@group-D84C501198B9, cid=1074, SUCCESS, logIndex=1445, commits[8cac6937-780c-4459-964a-dea4dcd51fd7:c1445, 9ed8676d-9460-465d-9905-fd43a52295f6:c1443, da64134c-6992-4903-9407-7df321e464db:c1443]
2019-07-09 09:59:13,317 INFO  client.GrpcClientProtocolClient (GrpcClientProtocolClient.java:onNext(255)) - client-CECA27ED65B5->8cac6937-780c-4459-964a-dea4dcd51fd7: receive RaftClientReply:client-CECA27ED65B5->8cac6937-780c-4459-964a-dea4dcd51fd7@group-D84C501198B9, cid=1075, SUCCESS, logIndex=1448, commits[8cac6937-780c-4459-964a-dea4dcd51fd7:c1448, 9ed8676d-9460-465d-9905-fd43a52295f6:c1445, da64134c-6992-4903-9407-7df321e464db:c1445]
2019-07-09 09:59:13,318 INFO  client.GrpcClientProtocolClient (GrpcClientProtocolClient.java:onNext(255)) - client-CECA27ED65B5->8cac6937-780c-4459-964a-dea4dcd51fd7: receive RaftClientReply:client-CECA27ED65B5->8cac6937-780c-4459-964a-dea4dcd51fd7@group-D84C501198B9, cid=1076, SUCCESS, logIndex=1449, commits[8cac6937-780c-4459-964a-dea4dcd51fd7:c1449, 9ed8676d-9460-465d-9905-fd43a52295f6:c1445, da64134c-6992-4903-9407-7df321e464db:c1445]
2019-07-09 09:59:13,333 INFO  client.GrpcClientProtocolClient (GrpcClientProtocolClient.java:onNext(255)) - client-CECA27ED65B5->8cac6937-780c-4459-964a-dea4dcd51fd7: receive RaftClientReply:client-CECA27ED65B5->8cac6937-780c-4459-964a-dea4dcd51fd7@group-D84C501198B9, cid=1077, SUCCESS, logIndex=0, commits[8cac6937-780c-4459-964a-dea4dcd51fd7:c1451, 9ed8676d-9460-465d-9905-fd43a52295f6:c1449, da64134c-6992-4903-9407-7df321e464db:c1449]
2019-07-09 09:59:13,356 INFO  client.GrpcClientProtocolClient (GrpcClientProtocolClient.java:onNext(255)) - client-CECA27ED65B5->8cac6937-780c-4459-964a-dea4dcd51fd7: receive RaftClientReply:client-CECA27ED65B5->8cac6937-780c-4459-964a-dea4dcd51fd7@group-D84C501198B9, cid=1078, SUCCESS, logIndex=1452, commits[8cac6937-780c-4459-964a-dea4dcd51fd7:c1453, 9ed8676d-9460-465d-9905-fd43a52295f6:c1451, da64134c-6992-4903-9407-7df321e464db:c1451]
2019-07-09 09:59:13,357 INFO  client.GrpcClientProtocolClient (GrpcClientProtocolClient.java:onNext(255)) - client-CECA27ED65B5->8cac6937-780c-4459-964a-dea4dcd51fd7: receive RaftClientReply:client-CECA27ED65B5->8cac6937-780c-4459-964a-dea4dcd51fd7@group-D84C501198B9, cid=1079, SUCCESS, logIndex=1453, commits[8cac6937-780c-4459-964a-dea4dcd51fd7:c1455, 9ed8676d-9460-465d-9905-fd43a52295f6:c1451, da64134c-6992-4903-9407-7df321e464db:c1451]
2019-07-09 09:59:13,357 INFO  client.GrpcClientProtocolClient (GrpcClientProtocolClient.java:onNext(255)) - client-CECA27ED65B5->8cac6937-780c-4459-964a-dea4dcd51fd7: receive RaftClientReply:client-CECA27ED65B5->8cac6937-780c-4459-964a-dea4dcd51fd7@group-D84C501198B9, cid=1080, SUCCESS, logIndex=1454, commits[8cac6937-780c-4459-964a-dea4dcd51fd7:c1455, 9ed8676d-9460-465d-9905-fd43a52295f6:c1451, da64134c-6992-4903-9407-7df321e464db:c1451]
2019-07-09 09:59:13,358 INFO  client.GrpcClientProtocolClient (GrpcClientProtocolClient.java:onNext(255)) - client-CECA27ED65B5->8cac6937-780c-4459-964a-dea4dcd51fd7: receive RaftClientReply:client-CECA27ED65B5->8cac6937-780c-4459-964a-dea4dcd51fd7@group-D84C501198B9, cid=1081, SUCCESS, logIndex=1455, commits[8cac6937-780c-4459-964a-dea4dcd51fd7:c1455, 9ed8676d-9460-465d-9905-fd43a52295f6:c1451, da64134c-6992-4903-9407-7df321e464db:c1451]
2019-07-09 09:59:13,370 INFO  client.GrpcClientProtocolClient (GrpcClientProtocolClient.java:onNext(255)) - client-CECA27ED65B5->8cac6937-780c-4459-964a-dea4dcd51fd7: receive RaftClientReply:client-CECA27ED65B5->8cac6937-780c-4459-964a-dea4dcd51fd7@group-D84C501198B9, cid=1082, SUCCESS, logIndex=0, commits[8cac6937-780c-4459-964a-dea4dcd51fd7:c1456, 9ed8676d-9460-465d-9905-fd43a52295f6:c1453, da64134c-6992-4903-9407-7df321e464db:c1453]
2019-07-09 09:59:13,392 INFO  client.GrpcClientProtocolClient (GrpcClientProtocolClient.java:onNext(255)) - client-CECA27ED65B5->8cac6937-780c-4459-964a-dea4dcd51fd7: receive RaftClientReply:client-CECA27ED65B5->8cac6937-780c-4459-964a-dea4dcd51fd7@group-D84C501198B9, cid=1083, SUCCESS, logIndex=1460, commits[8cac6937-780c-4459-964a-dea4dcd51fd7:c1461, 9ed8676d-9460-465d-9905-fd43a52295f6:c1459, da64134c-6992-4903-9407-7df321e464db:c1459]
2019-07-09 09:59:13,392 INFO  client.GrpcClientProtocolClient (GrpcClientProtocolClient.java:onNext(255)) - client-CECA27ED65B5->8cac6937-780c-4459-964a-dea4dcd51fd7: receive RaftClientReply:client-CECA27ED65B5->8cac6937-780c-4459-964a-dea4dcd51fd7@group-D84C501198B9, cid=1084, SUCCESS, logIndex=1461, commits[8cac6937-780c-4459-964a-dea4dcd51fd7:c1461, 9ed8676d-9460-465d-9905-fd43a52295f6:c1459, da64134c-6992-4903-9407-7df321e464db:c1459]
2019-07-09 09:59:13,406 INFO  client.GrpcClientProtocolClient (GrpcClientProtocolClient.java:onNext(255)) - client-CECA27ED65B5->8cac6937-780c-4459-964a-dea4dcd51fd7: receive RaftClientReply:client-CECA27ED65B5->8cac6937-780c-4459-964a-dea4dcd51fd7@group-D84C501198B9, cid=1085, SUCCESS, logIndex=1464, commits[8cac6937-780c-4459-964a-dea4dcd51fd7:c1465, 9ed8676d-9460-465d-9905-fd43a52295f6:c1461, da64134c-6992-4903-9407-7df321e464db:c1461]
2019-07-09 09:59:13,406 INFO  client.GrpcClientProtocolClient (GrpcClientProtocolClient.java:onNext(255)) - client-CECA27ED65B5->8cac6937-780c-4459-964a-dea4dcd51fd7: receive RaftClientReply:client-CECA27ED65B5->8cac6937-780c-4459-964a-dea4dcd51fd7@group-D84C501198B9, cid=1086, SUCCESS, logIndex=1465, commits[8cac6937-780c-4459-964a-dea4dcd51fd7:c1465, 9ed8676d-9460-465d-9905-fd43a52295f6:c1461, da64134c-6992-4903-9407-7df321e464db:c1461]
2019-07-09 09:59:13,420 INFO  client.GrpcClientProtocolClient (GrpcClientProtocolClient.java:onNext(255)) - client-CECA27ED65B5->8cac6937-780c-4459-964a-dea4dcd51fd7: receive RaftClientReply:client-CECA27ED65B5->8cac6937-780c-4459-964a-dea4dcd51fd7@group-D84C501198B9, cid=1087, SUCCESS, logIndex=0, commits[8cac6937-780c-4459-964a-dea4dcd51fd7:c1466, 9ed8676d-9460-465d-9905-fd43a52295f6:c1465, da64134c-6992-4903-9407-7df321e464db:c1465]
2019-07-09 09:59:13,445 INFO  client.GrpcClientProtocolClient (GrpcClientProtocolClient.java:onNext(255)) - client-CECA27ED65B5->8cac6937-780c-4459-964a-dea4dcd51fd7: receive RaftClientReply:client-CECA27ED65B5->8cac6937-780c-4459-964a-dea4dcd51fd7@group-D84C501198B9, cid=1088, SUCCESS, logIndex=1468, commits[8cac6937-780c-4459-964a-dea4dcd51fd7:c1470, 9ed8676d-9460-465d-9905-fd43a52295f6:c1467, da64134c-6992-4903-9407-7df321e464db:c1467]
2019-07-09 09:59:13,446 INFO  client.GrpcClientProtocolClient (GrpcClientProtocolClient.java:onNext(255)) - client-CECA27ED65B5->8cac6937-780c-4459-964a-dea4dcd51fd7: receive RaftClientReply:client-CECA27ED65B5->8cac6937-780c-4459-964a-dea4dcd51fd7@group-D84C501198B9, cid=1089, SUCCESS, logIndex=1469, commits[8cac6937-780c-4459-964a-dea4dcd51fd7:c1471, 9ed8676d-9460-465d-9905-fd43a52295f6:c1467, da64134c-6992-4903-9407-7df321e464db:c1467]
2019-07-09 09:59:13,447 INFO  client.GrpcClientProtocolClient (GrpcClientProtocolClient.java:onNext(255)) - client-CECA27ED65B5->8cac6937-780c-4459-964a-dea4dcd51fd7: receive RaftClientReply:client-CECA27ED65B5->8cac6937-780c-4459-964a-dea4dcd51fd7@group-D84C501198B9, cid=1090, SUCCESS, logIndex=1470, commits[8cac6937-780c-4459-964a-dea4dcd51fd7:c1471, 9ed8676d-9460-465d-9905-fd43a52295f6:c1467, da64134c-6992-4903-9407-7df321e464db:c1467]
2019-07-09 09:59:13,447 INFO  client.GrpcClientProtocolClient (GrpcClientProtocolClient.java:onNext(255)) - client-CECA27ED65B5->8cac6937-780c-4459-964a-dea4dcd51fd7: receive RaftClientReply:client-CECA27ED65B5->8cac6937-780c-4459-964a-dea4dcd51fd7@group-D84C501198B9, cid=1091, SUCCESS, logIndex=1471, commits[8cac6937-780c-4459-964a-dea4dcd51fd7:c1471, 9ed8676d-9460-465d-9905-fd43a52295f6:c1467, da64134c-6992-4903-9407-7df321e464db:c1467]
2019-07-09 09:59:13,450 INFO  client.GrpcClientProtocolClient (GrpcClientProtocolClient.java:onNext(255)) - client-CECA27ED65B5->8cac6937-780c-4459-964a-dea4dcd51fd7: receive RaftClientReply:client-CECA27ED65B5->8cac6937-780c-4459-964a-dea4dcd51fd7@group-D84C501198B9, cid=1092, SUCCESS, logIndex=0, commits[8cac6937-780c-4459-964a-dea4dcd51fd7:c1474, 9ed8676d-9460-465d-9905-fd43a52295f6:c1469, da64134c-6992-4903-9407-7df321e464db:c1470]
2019-07-09 09:59:13,477 INFO  client.GrpcClientProtocolClient (GrpcClientProtocolClient.java:onNext(255)) - client-CECA27ED65B5->8cac6937-780c-4459-964a-dea4dcd51fd7: receive RaftClientReply:client-CECA27ED65B5->8cac6937-780c-4459-964a-dea4dcd51fd7@group-D84C501198B9, cid=1093, SUCCESS, logIndex=1476, commits[8cac6937-780c-4459-964a-dea4dcd51fd7:c1477, 9ed8676d-9460-465d-9905-fd43a52295f6:c1474, da64134c-6992-4903-9407-7df321e464db:c1474]
2019-07-09 09:59:13,477 INFO  client.GrpcClientProtocolClient (GrpcClientProtocolClient.java:onNext(255)) - client-CECA27ED65B5->8cac6937-780c-4459-964a-dea4dcd51fd7: receive RaftClientReply:client-CECA27ED65B5->8cac6937-780c-4459-964a-dea4dcd51fd7@group-D84C501198B9, cid=1094, SUCCESS, logIndex=1477, commits[8cac6937-780c-4459-964a-dea4dcd51fd7:c1477, 9ed8676d-9460-465d-9905-fd43a52295f6:c1474, da64134c-6992-4903-9407-7df321e464db:c1474]
2019-07-09 09:59:13,491 INFO  client.GrpcClientProtocolClient (GrpcClientProtocolClient.java:onNext(255)) - client-CECA27ED65B5->8cac6937-780c-4459-964a-dea4dcd51fd7: receive RaftClientReply:client-CECA27ED65B5->8cac6937-780c-4459-964a-dea4dcd51fd7@group-D84C501198B9, cid=1095, SUCCESS, logIndex=1480, commits[8cac6937-780c-4459-964a-dea4dcd51fd7:c1481, 9ed8676d-9460-465d-9905-fd43a52295f6:c1476, da64134c-6992-4903-9407-7df321e464db:c1477]
2019-07-09 09:59:13,491 INFO  client.GrpcClientProtocolClient (GrpcClientProtocolClient.java:onNext(255)) - client-CECA27ED65B5->8cac6937-780c-4459-964a-dea4dcd51fd7: receive RaftClientReply:client-CECA27ED65B5->8cac6937-780c-4459-964a-dea4dcd51fd7@group-D84C501198B9, cid=1096, SUCCESS, logIndex=1481, commits[8cac6937-780c-4459-964a-dea4dcd51fd7:c1481, 9ed8676d-9460-465d-9905-fd43a52295f6:c1477, da64134c-6992-4903-9407-7df321e464db:c1477]
2019-07-09 09:59:13,493 INFO  client.GrpcClientProtocolClient (GrpcClientProtocolClient.java:onNext(255)) - client-CECA27ED65B5->8cac6937-780c-4459-964a-dea4dcd51fd7: receive RaftClientReply:client-CECA27ED65B5->8cac6937-780c-4459-964a-dea4dcd51fd7@group-D84C501198B9, cid=1097, SUCCESS, logIndex=0, commits[8cac6937-780c-4459-964a-dea4dcd51fd7:c1483, 9ed8676d-9460-465d-9905-fd43a52295f6:c1481, da64134c-6992-4903-9407-7df321e464db:c1481]
2019-07-09 09:59:13,509 INFO  client.GrpcClientProtocolClient (GrpcClientProtocolClient.java:onNext(255)) - client-CECA27ED65B5->8cac6937-780c-4459-964a-dea4dcd51fd7: receive RaftClientReply:client-CECA27ED65B5->8cac6937-780c-4459-964a-dea4dcd51fd7@group-D84C501198B9, cid=1098, SUCCESS, logIndex=1484, commits[8cac6937-780c-4459-964a-dea4dcd51fd7:c1486, 9ed8676d-9460-465d-9905-fd43a52295f6:c1481, da64134c-6992-4903-9407-7df321e464db:c1483]
2019-07-09 09:59:13,510 INFO  client.GrpcClientProtocolClient (GrpcClientProtocolClient.java:onNext(255)) - client-CECA27ED65B5->8cac6937-780c-4459-964a-dea4dcd51fd7: receive RaftClientReply:client-CECA27ED65B5->8cac6937-780c-4459-964a-dea4dcd51fd7@group-D84C501198B9, cid=1099, SUCCESS, logIndex=1485, commits[8cac6937-780c-4459-964a-dea4dcd51fd7:c1487, 9ed8676d-9460-465d-9905-fd43a52295f6:c1483, da64134c-6992-4903-9407-7df321e464db:c1483]
2019-07-09 09:59:13,510 INFO  client.GrpcClientProtocolClient (GrpcClientProtocolClient.java:onNext(255)) - client-CECA27ED65B5->8cac6937-780c-4459-964a-dea4dcd51fd7: receive RaftClientReply:client-CECA27ED65B5->8cac6937-780c-4459-964a-dea4dcd51fd7@group-D84C501198B9, cid=1100, SUCCESS, logIndex=1486, commits[8cac6937-780c-4459-964a-dea4dcd51fd7:c1487, 9ed8676d-9460-465d-9905-fd43a52295f6:c1483, da64134c-6992-4903-9407-7df321e464db:c1483]
2019-07-09 09:59:13,510 INFO  client.GrpcClientProtocolClient (GrpcClientProtocolClient.java:onNext(255)) - client-CECA27ED65B5->8cac6937-780c-4459-964a-dea4dcd51fd7: receive RaftClientReply:client-CECA27ED65B5->8cac6937-780c-4459-964a-dea4dcd51fd7@group-D84C501198B9, cid=1101, SUCCESS, logIndex=1487, commits[8cac6937-780c-4459-964a-dea4dcd51fd7:c1487, 9ed8676d-9460-465d-9905-fd43a52295f6:c1483, da64134c-6992-4903-9407-7df321e464db:c1483]
2019-07-09 09:59:13,511 INFO  client.GrpcClientProtocolClient (GrpcClientProtocolClient.java:onNext(255)) - client-CECA27ED65B5->8cac6937-780c-4459-964a-dea4dcd51fd7: receive RaftClientReply:client-CECA27ED65B5->8cac6937-780c-4459-964a-dea4dcd51fd7@group-D84C501198B9, cid=1102, SUCCESS, logIndex=0, commits[8cac6937-780c-4459-964a-dea4dcd51fd7:c1489, 9ed8676d-9460-465d-9905-fd43a52295f6:c1486, da64134c-6992-4903-9407-7df321e464db:c1486]
2019-07-09 09:59:13,541 INFO  client.GrpcClientProtocolClient (GrpcClientProtocolClient.java:onNext(255)) - client-CECA27ED65B5->8cac6937-780c-4459-964a-dea4dcd51fd7: receive RaftClientReply:client-CECA27ED65B5->8cac6937-780c-4459-964a-dea4dcd51fd7@group-D84C501198B9, cid=1103, SUCCESS, logIndex=1491, commits[8cac6937-780c-4459-964a-dea4dcd51fd7:c1492, 9ed8676d-9460-465d-9905-fd43a52295f6:c1490, da64134c-6992-4903-9407-7df321e464db:c1490]
2019-07-09 09:59:13,541 INFO  client.GrpcClientProtocolClient (GrpcClientProtocolClient.java:onNext(255)) - client-CECA27ED65B5->8cac6937-780c-4459-964a-dea4dcd51fd7: receive RaftClientReply:client-CECA27ED65B5->8cac6937-780c-4459-964a-dea4dcd51fd7@group-D84C501198B9, cid=1104, SUCCESS, logIndex=1492, commits[8cac6937-780c-4459-964a-dea4dcd51fd7:c1492, 9ed8676d-9460-465d-9905-fd43a52295f6:c1490, da64134c-6992-4903-9407-7df321e464db:c1490]
2019-07-09 09:59:13,569 INFO  client.GrpcClientProtocolClient (GrpcClientProtocolClient.java:onNext(255)) - client-CECA27ED65B5->8cac6937-780c-4459-964a-dea4dcd51fd7: receive RaftClientReply:client-CECA27ED65B5->8cac6937-780c-4459-964a-dea4dcd51fd7@group-D84C501198B9, cid=1105, SUCCESS, logIndex=1495, commits[8cac6937-780c-4459-964a-dea4dcd51fd7:c1496, 9ed8676d-9460-465d-9905-fd43a52295f6:c1492, da64134c-6992-4903-9407-7df321e464db:c1492]
2019-07-09 09:59:13,570 INFO  client.GrpcClientProtocolClient (GrpcClientProtocolClient.java:onNext(255)) - client-CECA27ED65B5->8cac6937-780c-4459-964a-dea4dcd51fd7: receive RaftClientReply:client-CECA27ED65B5->8cac6937-780c-4459-964a-dea4dcd51fd7@group-D84C501198B9, cid=1106, SUCCESS, logIndex=1496, commits[8cac6937-780c-4459-964a-dea4dcd51fd7:c1496, 9ed8676d-9460-465d-9905-fd43a52295f6:c1492, da64134c-6992-4903-9407-7df321e464db:c1492]
2019-07-09 09:59:13,582 INFO  client.GrpcClientProtocolClient (GrpcClientProtocolClient.java:onNext(255)) - client-CECA27ED65B5->8cac6937-780c-4459-964a-dea4dcd51fd7: receive RaftClientReply:client-CECA27ED65B5->8cac6937-780c-4459-964a-dea4dcd51fd7@group-D84C501198B9, cid=1107, SUCCESS, logIndex=0, commits[8cac6937-780c-4459-964a-dea4dcd51fd7:c1498, 9ed8676d-9460-465d-9905-fd43a52295f6:c1496, da64134c-6992-4903-9407-7df321e464db:c1496]
2019-07-09 09:59:13,604 INFO  client.GrpcClientProtocolClient (GrpcClientProtocolClient.java:onNext(255)) - client-CECA27ED65B5->8cac6937-780c-4459-964a-dea4dcd51fd7: receive RaftClientReply:client-CECA27ED65B5->8cac6937-780c-4459-964a-dea4dcd51fd7@group-D84C501198B9, cid=1108, SUCCESS, logIndex=1499, commits[8cac6937-780c-4459-964a-dea4dcd51fd7:c1500, 9ed8676d-9460-465d-9905-fd43a52295f6:c1498, da64134c-6992-4903-9407-7df321e464db:c1498]
2019-07-09 09:59:13,605 INFO  client.GrpcClientProtocolClient (GrpcClientProtocolClient.java:onNext(255)) - client-CECA27ED65B5->8cac6937-780c-4459-964a-dea4dcd51fd7: receive RaftClientReply:client-CECA27ED65B5->8cac6937-780c-4459-964a-dea4dcd51fd7@group-D84C501198B9, cid=1109, SUCCESS, logIndex=1500, commits[8cac6937-780c-4459-964a-dea4dcd51fd7:c1502, 9ed8676d-9460-465d-9905-fd43a52295f6:c1498, da64134c-6992-4903-9407-7df321e464db:c1498]
2019-07-09 09:59:13,605 INFO  client.GrpcClientProtocolClient (GrpcClientProtocolClient.java:onNext(255)) - client-CECA27ED65B5->8cac6937-780c-4459-964a-dea4dcd51fd7: receive RaftClientReply:client-CECA27ED65B5->8cac6937-780c-4459-964a-dea4dcd51fd7@group-D84C501198B9, cid=1110, SUCCESS, logIndex=1501, commits[8cac6937-780c-4459-964a-dea4dcd51fd7:c1502, 9ed8676d-9460-465d-9905-fd43a52295f6:c1498, da64134c-6992-4903-9407-7df321e464db:c1498]
2019-07-09 09:59:13,605 INFO  client.GrpcClientProtocolClient (GrpcClientProtocolClient.java:onNext(255)) - client-CECA27ED65B5->8cac6937-780c-4459-964a-dea4dcd51fd7: receive RaftClientReply:client-CECA27ED65B5->8cac6937-780c-4459-964a-dea4dcd51fd7@group-D84C501198B9, cid=1111, SUCCESS, logIndex=1502, commits[8cac6937-780c-4459-964a-dea4dcd51fd7:c1502, 9ed8676d-9460-465d-9905-fd43a52295f6:c1498, da64134c-6992-4903-9407-7df321e464db:c1498]
2019-07-09 09:59:13,618 INFO  client.GrpcClientProtocolClient (GrpcClientProtocolClient.java:onNext(255)) - client-CECA27ED65B5->8cac6937-780c-4459-964a-dea4dcd51fd7: receive RaftClientReply:client-CECA27ED65B5->8cac6937-780c-4459-964a-dea4dcd51fd7@group-D84C501198B9, cid=1112, SUCCESS, logIndex=0, commits[8cac6937-780c-4459-964a-dea4dcd51fd7:c1505, 9ed8676d-9460-465d-9905-fd43a52295f6:c1500, da64134c-6992-4903-9407-7df321e464db:c1501]
2019-07-09 09:59:13,639 INFO  client.GrpcClientProtocolClient (GrpcClientProtocolClient.java:onNext(255)) - client-CECA27ED65B5->8cac6937-780c-4459-964a-dea4dcd51fd7: receive RaftClientReply:client-CECA27ED65B5->8cac6937-780c-4459-964a-dea4dcd51fd7@group-D84C501198B9, cid=1113, SUCCESS, logIndex=1507, commits[8cac6937-780c-4459-964a-dea4dcd51fd7:c1508, 9ed8676d-9460-465d-9905-fd43a52295f6:c1506, da64134c-6992-4903-9407-7df321e464db:c1506]
2019-07-09 09:59:13,639 INFO  client.GrpcClientProtocolClient (GrpcClientProtocolClient.java:onNext(255)) - client-CECA27ED65B5->8cac6937-780c-4459-964a-dea4dcd51fd7: receive RaftClientReply:client-CECA27ED65B5->8cac6937-780c-4459-964a-dea4dcd51fd7@group-D84C501198B9, cid=1114, SUCCESS, logIndex=1508, commits[8cac6937-780c-4459-964a-dea4dcd51fd7:c1508, 9ed8676d-9460-465d-9905-fd43a52295f6:c1506, da64134c-6992-4903-9407-7df321e464db:c1506]
2019-07-09 09:59:13,654 INFO  client.GrpcClientProtocolClient (GrpcClientProtocolClient.java:onNext(255)) - client-CECA27ED65B5->8cac6937-780c-4459-964a-dea4dcd51fd7: receive RaftClientReply:client-CECA27ED65B5->8cac6937-780c-4459-964a-dea4dcd51fd7@group-D84C501198B9, cid=1115, SUCCESS, logIndex=1511, commits[8cac6937-780c-4459-964a-dea4dcd51fd7:c1511, 9ed8676d-9460-465d-9905-fd43a52295f6:c1508, da64134c-6992-4903-9407-7df321e464db:c1508]
2019-07-09 09:59:13,655 INFO  client.GrpcClientProtocolClient (GrpcClientProtocolClient.java:onNext(255)) - client-CECA27ED65B5->8cac6937-780c-4459-964a-dea4dcd51fd7: receive RaftClientReply:client-CECA27ED65B5->8cac6937-780c-4459-964a-dea4dcd51fd7@group-D84C501198B9, cid=1116, SUCCESS, logIndex=1512, commits[8cac6937-780c-4459-964a-dea4dcd51fd7:c1512, 9ed8676d-9460-465d-9905-fd43a52295f6:c1508, da64134c-6992-4903-9407-7df321e464db:c1508]
2019-07-09 09:59:13,678 INFO  client.GrpcClientProtocolClient (GrpcClientProtocolClient.java:onNext(255)) - client-CECA27ED65B5->8cac6937-780c-4459-964a-dea4dcd51fd7: receive RaftClientReply:client-CECA27ED65B5->8cac6937-780c-4459-964a-dea4dcd51fd7@group-D84C501198B9, cid=1117, SUCCESS, logIndex=0, commits[8cac6937-780c-4459-964a-dea4dcd51fd7:c1514, 9ed8676d-9460-465d-9905-fd43a52295f6:c1512, da64134c-6992-4903-9407-7df321e464db:c1512]
2019-07-09 09:59:13,702 INFO  client.GrpcClientProtocolClient (GrpcClientProtocolClient.java:onNext(255)) - client-CECA27ED65B5->8cac6937-780c-4459-964a-dea4dcd51fd7: receive RaftClientReply:client-CECA27ED65B5->8cac6937-780c-4459-964a-dea4dcd51fd7@group-D84C501198B9, cid=1118, SUCCESS, logIndex=1515, commits[8cac6937-780c-4459-964a-dea4dcd51fd7:c1517, 9ed8676d-9460-465d-9905-fd43a52295f6:c1514, da64134c-6992-4903-9407-7df321e464db:c1514]
2019-07-09 09:59:13,703 INFO  client.GrpcClientProtocolClient (GrpcClientProtocolClient.java:onNext(255)) - client-CECA27ED65B5->8cac6937-780c-4459-964a-dea4dcd51fd7: receive RaftClientReply:client-CECA27ED65B5->8cac6937-780c-4459-964a-dea4dcd51fd7@group-D84C501198B9, cid=1119, SUCCESS, logIndex=1516, commits[8cac6937-780c-4459-964a-dea4dcd51fd7:c1518, 9ed8676d-9460-465d-9905-fd43a52295f6:c1514, da64134c-6992-4903-9407-7df321e464db:c1514]
2019-07-09 09:59:13,703 INFO  client.GrpcClientProtocolClient (GrpcClientProtocolClient.java:onNext(255)) - client-CECA27ED65B5->8cac6937-780c-4459-964a-dea4dcd51fd7: receive RaftClientReply:client-CECA27ED65B5->8cac6937-780c-4459-964a-dea4dcd51fd7@group-D84C501198B9, cid=1120, SUCCESS, logIndex=1517, commits[8cac6937-780c-4459-964a-dea4dcd51fd7:c1518, 9ed8676d-9460-465d-9905-fd43a52295f6:c1514, da64134c-6992-4903-9407-7df321e464db:c1514]
2019-07-09 09:59:13,704 INFO  client.GrpcClientProtocolClient (GrpcClientProtocolClient.java:onNext(255)) - client-CECA27ED65B5->8cac6937-780c-4459-964a-dea4dcd51fd7: receive RaftClientReply:client-CECA27ED65B5->8cac6937-780c-4459-964a-dea4dcd51fd7@group-D84C501198B9, cid=1121, SUCCESS, logIndex=1518, commits[8cac6937-780c-4459-964a-dea4dcd51fd7:c1518, 9ed8676d-9460-465d-9905-fd43a52295f6:c1514, da64134c-6992-4903-9407-7df321e464db:c1514]
2019-07-09 09:59:13,713 INFO  client.GrpcClientProtocolClient (GrpcClientProtocolClient.java:onNext(255)) - client-CECA27ED65B5->8cac6937-780c-4459-964a-dea4dcd51fd7: receive RaftClientReply:client-CECA27ED65B5->8cac6937-780c-4459-964a-dea4dcd51fd7@group-D84C501198B9, cid=1122, SUCCESS, logIndex=0, commits[8cac6937-780c-4459-964a-dea4dcd51fd7:c1519, 9ed8676d-9460-465d-9905-fd43a52295f6:c1516, da64134c-6992-4903-9407-7df321e464db:c1516]
2019-07-09 09:59:13,736 INFO  client.GrpcClientProtocolClient (GrpcClientProtocolClient.java:onNext(255)) - client-CECA27ED65B5->8cac6937-780c-4459-964a-dea4dcd51fd7: receive RaftClientReply:client-CECA27ED65B5->8cac6937-780c-4459-964a-dea4dcd51fd7@group-D84C501198B9, cid=1123, SUCCESS, logIndex=1523, commits[8cac6937-780c-4459-964a-dea4dcd51fd7:c1524, 9ed8676d-9460-465d-9905-fd43a52295f6:c1522, da64134c-6992-4903-9407-7df321e464db:c1522]
2019-07-09 09:59:13,736 INFO  client.GrpcClientProtocolClient (GrpcClientProtocolClient.java:onNext(255)) - client-CECA27ED65B5->8cac6937-780c-4459-964a-dea4dcd51fd7: receive RaftClientReply:client-CECA27ED65B5->8cac6937-780c-4459-964a-dea4dcd51fd7@group-D84C501198B9, cid=1124, SUCCESS, logIndex=1524, commits[8cac6937-780c-4459-964a-dea4dcd51fd7:c1524, 9ed8676d-9460-465d-9905-fd43a52295f6:c1522, da64134c-6992-4903-9407-7df321e464db:c1522]
2019-07-09 09:59:13,750 INFO  client.GrpcClientProtocolClient (GrpcClientProtocolClient.java:onNext(255)) - client-CECA27ED65B5->8cac6937-780c-4459-964a-dea4dcd51fd7: receive RaftClientReply:client-CECA27ED65B5->8cac6937-780c-4459-964a-dea4dcd51fd7@group-D84C501198B9, cid=1125, SUCCESS, logIndex=1527, commits[8cac6937-780c-4459-964a-dea4dcd51fd7:c1528, 9ed8676d-9460-465d-9905-fd43a52295f6:c1524, da64134c-6992-4903-9407-7df321e464db:c1524]
2019-07-09 09:59:13,751 INFO  client.GrpcClientProtocolClient (GrpcClientProtocolClient.java:onNext(255)) - client-CECA27ED65B5->8cac6937-780c-4459-964a-dea4dcd51fd7: receive RaftClientReply:client-CECA27ED65B5->8cac6937-780c-4459-964a-dea4dcd51fd7@group-D84C501198B9, cid=1126, SUCCESS, logIndex=1528, commits[8cac6937-780c-4459-964a-dea4dcd51fd7:c1528, 9ed8676d-9460-465d-9905-fd43a52295f6:c1524, da64134c-6992-4903-9407-7df321e464db:c1524]
2019-07-09 09:59:13,766 INFO  client.GrpcClientProtocolClient (GrpcClientProtocolClient.java:onNext(255)) - client-CECA27ED65B5->8cac6937-780c-4459-964a-dea4dcd51fd7: receive RaftClientReply:client-CECA27ED65B5->8cac6937-780c-4459-964a-dea4dcd51fd7@group-D84C501198B9, cid=1127, SUCCESS, logIndex=0, commits[8cac6937-780c-4459-964a-dea4dcd51fd7:c1530, 9ed8676d-9460-465d-9905-fd43a52295f6:c1528, da64134c-6992-4903-9407-7df321e464db:c1528]
2019-07-09 09:59:13,787 INFO  client.GrpcClientProtocolClient (GrpcClientProtocolClient.java:onNext(255)) - client-CECA27ED65B5->8cac6937-780c-4459-964a-dea4dcd51fd7: receive RaftClientReply:client-CECA27ED65B5->8cac6937-780c-4459-964a-dea4dcd51fd7@group-D84C501198B9, cid=1128, SUCCESS, logIndex=1531, commits[8cac6937-780c-4459-964a-dea4dcd51fd7:c1533, 9ed8676d-9460-465d-9905-fd43a52295f6:c1530, da64134c-6992-4903-9407-7df321e464db:c1530]
2019-07-09 09:59:13,789 INFO  client.GrpcClientProtocolClient (GrpcClientProtocolClient.java:onNext(255)) - client-CECA27ED65B5->8cac6937-780c-4459-964a-dea4dcd51fd7: receive RaftClientReply:client-CECA27ED65B5->8cac6937-780c-4459-964a-dea4dcd51fd7@group-D84C501198B9, cid=1129, SUCCESS, logIndex=1532, commits[8cac6937-780c-4459-964a-dea4dcd51fd7:c1534, 9ed8676d-9460-465d-9905-fd43a52295f6:c1530, da64134c-6992-4903-9407-7df321e464db:c1530]
2019-07-09 09:59:13,789 INFO  client.GrpcClientProtocolClient (GrpcClientProtocolClient.java:onNext(255)) - client-CECA27ED65B5->8cac6937-780c-4459-964a-dea4dcd51fd7: receive RaftClientReply:client-CECA27ED65B5->8cac6937-780c-4459-964a-dea4dcd51fd7@group-D84C501198B9, cid=1130, SUCCESS, logIndex=1533, commits[8cac6937-780c-4459-964a-dea4dcd51fd7:c1534, 9ed8676d-9460-465d-9905-fd43a52295f6:c1530, da64134c-6992-4903-9407-7df321e464db:c1530]
2019-07-09 09:59:13,789 INFO  client.GrpcClientProtocolClient (GrpcClientProtocolClient.java:onNext(255)) - client-CECA27ED65B5->8cac6937-780c-4459-964a-dea4dcd51fd7: receive RaftClientReply:client-CECA27ED65B5->8cac6937-780c-4459-964a-dea4dcd51fd7@group-D84C501198B9, cid=1131, SUCCESS, logIndex=1534, commits[8cac6937-780c-4459-964a-dea4dcd51fd7:c1534, 9ed8676d-9460-465d-9905-fd43a52295f6:c1530, da64134c-6992-4903-9407-7df321e464db:c1530]
2019-07-09 09:59:13,799 INFO  client.GrpcClientProtocolClient (GrpcClientProtocolClient.java:onNext(255)) - client-CECA27ED65B5->8cac6937-780c-4459-964a-dea4dcd51fd7: receive RaftClientReply:client-CECA27ED65B5->8cac6937-780c-4459-964a-dea4dcd51fd7@group-D84C501198B9, cid=1132, SUCCESS, logIndex=0, commits[8cac6937-780c-4459-964a-dea4dcd51fd7:c1535, 9ed8676d-9460-465d-9905-fd43a52295f6:c1532, da64134c-6992-4903-9407-7df321e464db:c1532]
2019-07-09 09:59:13,817 INFO  client.GrpcClientProtocolClient (GrpcClientProtocolClient.java:onNext(255)) - client-CECA27ED65B5->8cac6937-780c-4459-964a-dea4dcd51fd7: receive RaftClientReply:client-CECA27ED65B5->8cac6937-780c-4459-964a-dea4dcd51fd7@group-D84C501198B9, cid=1133, SUCCESS, logIndex=1539, commits[8cac6937-780c-4459-964a-dea4dcd51fd7:c1540, 9ed8676d-9460-465d-9905-fd43a52295f6:c1538, da64134c-6992-4903-9407-7df321e464db:c1538]
2019-07-09 09:59:13,817 INFO  client.GrpcClientProtocolClient (GrpcClientProtocolClient.java:onNext(255)) - client-CECA27ED65B5->8cac6937-780c-4459-964a-dea4dcd51fd7: receive RaftClientReply:client-CECA27ED65B5->8cac6937-780c-4459-964a-dea4dcd51fd7@group-D84C501198B9, cid=1134, SUCCESS, logIndex=1540, commits[8cac6937-780c-4459-964a-dea4dcd51fd7:c1540, 9ed8676d-9460-465d-9905-fd43a52295f6:c1538, da64134c-6992-4903-9407-7df321e464db:c1538]
2019-07-09 09:59:13,839 INFO  client.GrpcClientProtocolClient (GrpcClientProtocolClient.java:onNext(255)) - client-CECA27ED65B5->8cac6937-780c-4459-964a-dea4dcd51fd7: receive RaftClientReply:client-CECA27ED65B5->8cac6937-780c-4459-964a-dea4dcd51fd7@group-D84C501198B9, cid=1135, SUCCESS, logIndex=1543, commits[8cac6937-780c-4459-964a-dea4dcd51fd7:c1544, 9ed8676d-9460-465d-9905-fd43a52295f6:c1540, da64134c-6992-4903-9407-7df321e464db:c1540]
2019-07-09 09:59:13,840 INFO  client.GrpcClientProtocolClient (GrpcClientProtocolClient.java:onNext(255)) - client-CECA27ED65B5->8cac6937-780c-4459-964a-dea4dcd51fd7: receive RaftClientReply:client-CECA27ED65B5->8cac6937-780c-4459-964a-dea4dcd51fd7@group-D84C501198B9, cid=1136, SUCCESS, logIndex=1544, commits[8cac6937-780c-4459-964a-dea4dcd51fd7:c1544, 9ed8676d-9460-465d-9905-fd43a52295f6:c1540, da64134c-6992-4903-9407-7df321e464db:c1540]
2019-07-09 09:59:13,873 INFO  client.GrpcClientProtocolClient (GrpcClientProtocolClient.java:onNext(255)) - client-CECA27ED65B5->8cac6937-780c-4459-964a-dea4dcd51fd7: receive RaftClientReply:client-CECA27ED65B5->8cac6937-780c-4459-964a-dea4dcd51fd7@group-D84C501198B9, cid=1137, SUCCESS, logIndex=0, commits[8cac6937-780c-4459-964a-dea4dcd51fd7:c1546, 9ed8676d-9460-465d-9905-fd43a52295f6:c1544, da64134c-6992-4903-9407-7df321e464db:c1544]
2019-07-09 09:59:14,023 INFO  client.GrpcClientProtocolClient (GrpcClientProtocolClient.java:onNext(255)) - client-CECA27ED65B5->8cac6937-780c-4459-964a-dea4dcd51fd7: receive RaftClientReply:client-CECA27ED65B5->8cac6937-780c-4459-964a-dea4dcd51fd7@group-D84C501198B9, cid=1138, SUCCESS, logIndex=1547, commits[8cac6937-780c-4459-964a-dea4dcd51fd7:c1548, 9ed8676d-9460-465d-9905-fd43a52295f6:c1546, da64134c-6992-4903-9407-7df321e464db:c1546]
2019-07-09 09:59:14,024 INFO  client.GrpcClientProtocolClient (GrpcClientProtocolClient.java:onNext(255)) - client-CECA27ED65B5->8cac6937-780c-4459-964a-dea4dcd51fd7: receive RaftClientReply:client-CECA27ED65B5->8cac6937-780c-4459-964a-dea4dcd51fd7@group-D84C501198B9, cid=1139, SUCCESS, logIndex=1548, commits[8cac6937-780c-4459-964a-dea4dcd51fd7:c1548, 9ed8676d-9460-465d-9905-fd43a52295f6:c1546, da64134c-6992-4903-9407-7df321e464db:c1546]
2019-07-09 09:59:14,025 INFO  client.GrpcClientProtocolClient (GrpcClientProtocolClient.java:onNext(255)) - client-CECA27ED65B5->8cac6937-780c-4459-964a-dea4dcd51fd7: receive RaftClientReply:client-CECA27ED65B5->8cac6937-780c-4459-964a-dea4dcd51fd7@group-D84C501198B9, cid=1140, SUCCESS, logIndex=1549, commits[8cac6937-780c-4459-964a-dea4dcd51fd7:c1550, 9ed8676d-9460-465d-9905-fd43a52295f6:c1546, da64134c-6992-4903-9407-7df321e464db:c1546]
2019-07-09 09:59:14,025 INFO  client.GrpcClientProtocolClient (GrpcClientProtocolClient.java:onNext(255)) - client-CECA27ED65B5->8cac6937-780c-4459-964a-dea4dcd51fd7: receive RaftClientReply:client-CECA27ED65B5->8cac6937-780c-4459-964a-dea4dcd51fd7@group-D84C501198B9, cid=1141, SUCCESS, logIndex=1550, commits[8cac6937-780c-4459-964a-dea4dcd51fd7:c1550, 9ed8676d-9460-465d-9905-fd43a52295f6:c1546, da64134c-6992-4903-9407-7df321e464db:c1546]
2019-07-09 09:59:14,030 INFO  client.GrpcClientProtocolClient (GrpcClientProtocolClient.java:onNext(255)) - client-CECA27ED65B5->8cac6937-780c-4459-964a-dea4dcd51fd7: receive RaftClientReply:client-CECA27ED65B5->8cac6937-780c-4459-964a-dea4dcd51fd7@group-D84C501198B9, cid=1142, SUCCESS, logIndex=0, commits[8cac6937-780c-4459-964a-dea4dcd51fd7:c1552, 9ed8676d-9460-465d-9905-fd43a52295f6:c1548, da64134c-6992-4903-9407-7df321e464db:c1548]
2019-07-09 09:59:14,053 INFO  client.GrpcClientProtocolClient (GrpcClientProtocolClient.java:onNext(255)) - client-CECA27ED65B5->8cac6937-780c-4459-964a-dea4dcd51fd7: receive RaftClientReply:client-CECA27ED65B5->8cac6937-780c-4459-964a-dea4dcd51fd7@group-D84C501198B9, cid=1143, SUCCESS, logIndex=1555, commits[8cac6937-780c-4459-964a-dea4dcd51fd7:c1556, 9ed8676d-9460-465d-9905-fd43a52295f6:c1554, da64134c-6992-4903-9407-7df321e464db:c1554]
2019-07-09 09:59:14,053 INFO  client.GrpcClientProtocolClient (GrpcClientProtocolClient.java:onNext(255)) - client-CECA27ED65B5->8cac6937-780c-4459-964a-dea4dcd51fd7: receive RaftClientReply:client-CECA27ED65B5->8cac6937-780c-4459-964a-dea4dcd51fd7@group-D84C501198B9, cid=1144, SUCCESS, logIndex=1556, commits[8cac6937-780c-4459-964a-dea4dcd51fd7:c1556, 9ed8676d-9460-465d-9905-fd43a52295f6:c1554, da64134c-6992-4903-9407-7df321e464db:c1554]
2019-07-09 09:59:14,083 INFO  client.GrpcClientProtocolClient (GrpcClientProtocolClient.java:onNext(255)) - client-CECA27ED65B5->8cac6937-780c-4459-964a-dea4dcd51fd7: receive RaftClientReply:client-CECA27ED65B5->8cac6937-780c-4459-964a-dea4dcd51fd7@group-D84C501198B9, cid=1145, SUCCESS, logIndex=1559, commits[8cac6937-780c-4459-964a-dea4dcd51fd7:c1560, 9ed8676d-9460-465d-9905-fd43a52295f6:c1556, da64134c-6992-4903-9407-7df321e464db:c1556]
2019-07-09 09:59:14,083 INFO  client.GrpcClientProtocolClient (GrpcClientProtocolClient.java:onNext(255)) - client-CECA27ED65B5->8cac6937-780c-4459-964a-dea4dcd51fd7: receive RaftClientReply:client-CECA27ED65B5->8cac6937-780c-4459-964a-dea4dcd51fd7@group-D84C501198B9, cid=1146, SUCCESS, logIndex=1560, commits[8cac6937-780c-4459-964a-dea4dcd51fd7:c1560, 9ed8676d-9460-465d-9905-fd43a52295f6:c1556, da64134c-6992-4903-9407-7df321e464db:c1556]
2019-07-09 09:59:14,097 INFO  client.GrpcClientProtocolClient (GrpcClientProtocolClient.java:onNext(255)) - client-CECA27ED65B5->8cac6937-780c-4459-964a-dea4dcd51fd7: receive RaftClientReply:client-CECA27ED65B5->8cac6937-780c-4459-964a-dea4dcd51fd7@group-D84C501198B9, cid=1147, SUCCESS, logIndex=0, commits[8cac6937-780c-4459-964a-dea4dcd51fd7:c1562, 9ed8676d-9460-465d-9905-fd43a52295f6:c1560, da64134c-6992-4903-9407-7df321e464db:c1560]
2019-07-09 09:59:14,118 INFO  client.GrpcClientProtocolClient (GrpcClientProtocolClient.java:onNext(255)) - client-CECA27ED65B5->8cac6937-780c-4459-964a-dea4dcd51fd7: receive RaftClientReply:client-CECA27ED65B5->8cac6937-780c-4459-964a-dea4dcd51fd7@group-D84C501198B9, cid=1148, SUCCESS, logIndex=1563, commits[8cac6937-780c-4459-964a-dea4dcd51fd7:c1564, 9ed8676d-9460-465d-9905-fd43a52295f6:c1562, da64134c-6992-4903-9407-7df321e464db:c1562]
2019-07-09 09:59:14,119 INFO  client.GrpcClientProtocolClient (GrpcClientProtocolClient.java:onNext(255)) - client-CECA27ED65B5->8cac6937-780c-4459-964a-dea4dcd51fd7: receive RaftClientReply:client-CECA27ED65B5->8cac6937-780c-4459-964a-dea4dcd51fd7@group-D84C501198B9, cid=1149, SUCCESS, logIndex=1564, commits[8cac6937-780c-4459-964a-dea4dcd51fd7:c1564, 9ed8676d-9460-465d-9905-fd43a52295f6:c1562, da64134c-6992-4903-9407-7df321e464db:c1562]
2019-07-09 09:59:14,119 INFO  client.GrpcClientProtocolClient (GrpcClientProtocolClient.java:onNext(255)) - client-CECA27ED65B5->8cac6937-780c-4459-964a-dea4dcd51fd7: receive RaftClientReply:client-CECA27ED65B5->8cac6937-780c-4459-964a-dea4dcd51fd7@group-D84C501198B9, cid=1150, SUCCESS, logIndex=1565, commits[8cac6937-780c-4459-964a-dea4dcd51fd7:c1566, 9ed8676d-9460-465d-9905-fd43a52295f6:c1562, da64134c-6992-4903-9407-7df321e464db:c1562]
2019-07-09 09:59:14,119 INFO  client.GrpcClientProtocolClient (GrpcClientProtocolClient.java:onNext(255)) - client-CECA27ED65B5->8cac6937-780c-4459-964a-dea4dcd51fd7: receive RaftClientReply:client-CECA27ED65B5->8cac6937-780c-4459-964a-dea4dcd51fd7@group-D84C501198B9, cid=1151, SUCCESS, logIndex=1566, commits[8cac6937-780c-4459-964a-dea4dcd51fd7:c1566, 9ed8676d-9460-465d-9905-fd43a52295f6:c1562, da64134c-6992-4903-9407-7df321e464db:c1562]
2019-07-09 09:59:14,133 INFO  client.GrpcClientProtocolClient (GrpcClientProtocolClient.java:onNext(255)) - client-CECA27ED65B5->8cac6937-780c-4459-964a-dea4dcd51fd7: receive RaftClientReply:client-CECA27ED65B5->8cac6937-780c-4459-964a-dea4dcd51fd7@group-D84C501198B9, cid=1152, SUCCESS, logIndex=0, commits[8cac6937-780c-4459-964a-dea4dcd51fd7:c1568, 9ed8676d-9460-465d-9905-fd43a52295f6:c1564, da64134c-6992-4903-9407-7df321e464db:c1564]
2019-07-09 09:59:14,153 INFO  client.GrpcClientProtocolClient (GrpcClientProtocolClient.java:onNext(255)) - client-CECA27ED65B5->8cac6937-780c-4459-964a-dea4dcd51fd7: receive RaftClientReply:client-CECA27ED65B5->8cac6937-780c-4459-964a-dea4dcd51fd7@group-D84C501198B9, cid=1153, SUCCESS, logIndex=1571, commits[8cac6937-780c-4459-964a-dea4dcd51fd7:c1572, 9ed8676d-9460-465d-9905-fd43a52295f6:c1570, da64134c-6992-4903-9407-7df321e464db:c1570]
2019-07-09 09:59:14,154 INFO  client.GrpcClientProtocolClient (GrpcClientProtocolClient.java:onNext(255)) - client-CECA27ED65B5->8cac6937-780c-4459-964a-dea4dcd51fd7: receive RaftClientReply:client-CECA27ED65B5->8cac6937-780c-4459-964a-dea4dcd51fd7@group-D84C501198B9, cid=1154, SUCCESS, logIndex=1572, commits[8cac6937-780c-4459-964a-dea4dcd51fd7:c1572, 9ed8676d-9460-465d-9905-fd43a52295f6:c1570, da64134c-6992-4903-9407-7df321e464db:c1570]
2019-07-09 09:59:14,167 INFO  client.GrpcClientProtocolClient (GrpcClientProtocolClient.java:onNext(255)) - client-CECA27ED65B5->8cac6937-780c-4459-964a-dea4dcd51fd7: receive RaftClientReply:client-CECA27ED65B5->8cac6937-780c-4459-964a-dea4dcd51fd7@group-D84C501198B9, cid=1155, SUCCESS, logIndex=1575, commits[8cac6937-780c-4459-964a-dea4dcd51fd7:c1576, 9ed8676d-9460-465d-9905-fd43a52295f6:c1572, da64134c-6992-4903-9407-7df321e464db:c1571]
2019-07-09 09:59:14,167 INFO  client.GrpcClientProtocolClient (GrpcClientProtocolClient.java:onNext(255)) - client-CECA27ED65B5->8cac6937-780c-4459-964a-dea4dcd51fd7: receive RaftClientReply:client-CECA27ED65B5->8cac6937-780c-4459-964a-dea4dcd51fd7@group-D84C501198B9, cid=1156, SUCCESS, logIndex=1576, commits[8cac6937-780c-4459-964a-dea4dcd51fd7:c1576, 9ed8676d-9460-465d-9905-fd43a52295f6:c1572, da64134c-6992-4903-9407-7df321e464db:c1572]
2019-07-09 09:59:14,170 INFO  client.GrpcClientProtocolClient (GrpcClientProtocolClient.java:onNext(255)) - client-CECA27ED65B5->8cac6937-780c-4459-964a-dea4dcd51fd7: receive RaftClientReply:client-CECA27ED65B5->8cac6937-780c-4459-964a-dea4dcd51fd7@group-D84C501198B9, cid=1157, SUCCESS, logIndex=0, commits[8cac6937-780c-4459-964a-dea4dcd51fd7:c1577, 9ed8676d-9460-465d-9905-fd43a52295f6:c1576, da64134c-6992-4903-9407-7df321e464db:c1576]
2019-07-09 09:59:14,193 INFO  client.GrpcClientProtocolClient (GrpcClientProtocolClient.java:onNext(255)) - client-CECA27ED65B5->8cac6937-780c-4459-964a-dea4dcd51fd7: receive RaftClientReply:client-CECA27ED65B5->8cac6937-780c-4459-964a-dea4dcd51fd7@group-D84C501198B9, cid=1158, SUCCESS, logIndex=1579, commits[8cac6937-780c-4459-964a-dea4dcd51fd7:c1580, 9ed8676d-9460-465d-9905-fd43a52295f6:c1577, da64134c-6992-4903-9407-7df321e464db:c1577]
2019-07-09 09:59:14,194 INFO  client.GrpcClientProtocolClient (GrpcClientProtocolClient.java:onNext(255)) - client-CECA27ED65B5->8cac6937-780c-4459-964a-dea4dcd51fd7: receive RaftClientReply:client-CECA27ED65B5->8cac6937-780c-4459-964a-dea4dcd51fd7@group-D84C501198B9, cid=1159, SUCCESS, logIndex=1580, commits[8cac6937-780c-4459-964a-dea4dcd51fd7:c1580, 9ed8676d-9460-465d-9905-fd43a52295f6:c1577, da64134c-6992-4903-9407-7df321e464db:c1577]
2019-07-09 09:59:14,196 INFO  client.GrpcClientProtocolClient (GrpcClientProtocolClient.java:onNext(255)) - client-CECA27ED65B5->8cac6937-780c-4459-964a-dea4dcd51fd7: receive RaftClientReply:client-CECA27ED65B5->8cac6937-780c-4459-964a-dea4dcd51fd7@group-D84C501198B9, cid=1160, SUCCESS, logIndex=1581, commits[8cac6937-780c-4459-964a-dea4dcd51fd7:c1582, 9ed8676d-9460-465d-9905-fd43a52295f6:c1577, da64134c-6992-4903-9407-7df321e464db:c1577]
2019-07-09 09:59:14,196 INFO  client.GrpcClientProtocolClient (GrpcClientProtocolClient.java:onNext(255)) - client-CECA27ED65B5->8cac6937-780c-4459-964a-dea4dcd51fd7: receive RaftClientReply:client-CECA27ED65B5->8cac6937-780c-4459-964a-dea4dcd51fd7@group-D84C501198B9, cid=1161, SUCCESS, logIndex=1582, commits[8cac6937-780c-4459-964a-dea4dcd51fd7:c1582, 9ed8676d-9460-465d-9905-fd43a52295f6:c1577, da64134c-6992-4903-9407-7df321e464db:c1577]
2019-07-09 09:59:14,210 INFO  client.GrpcClientProtocolClient (GrpcClientProtocolClient.java:onNext(255)) - client-CECA27ED65B5->8cac6937-780c-4459-964a-dea4dcd51fd7: receive RaftClientReply:client-CECA27ED65B5->8cac6937-780c-4459-964a-dea4dcd51fd7@group-D84C501198B9, cid=1162, SUCCESS, logIndex=0, commits[8cac6937-780c-4459-964a-dea4dcd51fd7:c1586, 9ed8676d-9460-465d-9905-fd43a52295f6:c1580, da64134c-6992-4903-9407-7df321e464db:c1582]
2019-07-09 09:59:14,229 INFO  client.GrpcClientProtocolClient (GrpcClientProtocolClient.java:onNext(255)) - client-CECA27ED65B5->8cac6937-780c-4459-964a-dea4dcd51fd7: receive RaftClientReply:client-CECA27ED65B5->8cac6937-780c-4459-964a-dea4dcd51fd7@group-D84C501198B9, cid=1163, SUCCESS, logIndex=1587, commits[8cac6937-780c-4459-964a-dea4dcd51fd7:c1587, 9ed8676d-9460-465d-9905-fd43a52295f6:c1586, da64134c-6992-4903-9407-7df321e464db:c1586]
2019-07-09 09:59:14,229 INFO  client.GrpcClientProtocolClient (GrpcClientProtocolClient.java:onNext(255)) - client-CECA27ED65B5->8cac6937-780c-4459-964a-dea4dcd51fd7: receive RaftClientReply:client-CECA27ED65B5->8cac6937-780c-4459-964a-dea4dcd51fd7@group-D84C501198B9, cid=1164, SUCCESS, logIndex=1588, commits[8cac6937-780c-4459-964a-dea4dcd51fd7:c1588, 9ed8676d-9460-465d-9905-fd43a52295f6:c1586, da64134c-6992-4903-9407-7df321e464db:c1586]
2019-07-09 09:59:14,244 INFO  client.GrpcClientProtocolClient (GrpcClientProtocolClient.java:onNext(255)) - client-CECA27ED65B5->8cac6937-780c-4459-964a-dea4dcd51fd7: receive RaftClientReply:client-CECA27ED65B5->8cac6937-780c-4459-964a-dea4dcd51fd7@group-D84C501198B9, cid=1165, SUCCESS, logIndex=1591, commits[8cac6937-780c-4459-964a-dea4dcd51fd7:c1592, 9ed8676d-9460-465d-9905-fd43a52295f6:c1588, da64134c-6992-4903-9407-7df321e464db:c1588]
2019-07-09 09:59:14,244 INFO  client.GrpcClientProtocolClient (GrpcClientProtocolClient.java:onNext(255)) - client-CECA27ED65B5->8cac6937-780c-4459-964a-dea4dcd51fd7: receive RaftClientReply:client-CECA27ED65B5->8cac6937-780c-4459-964a-dea4dcd51fd7@group-D84C501198B9, cid=1166, SUCCESS, logIndex=1592, commits[8cac6937-780c-4459-964a-dea4dcd51fd7:c1592, 9ed8676d-9460-465d-9905-fd43a52295f6:c1588, da64134c-6992-4903-9407-7df321e464db:c1588]
2019-07-09 09:59:14,246 INFO  client.GrpcClientProtocolClient (GrpcClientProtocolClient.java:onNext(255)) - client-CECA27ED65B5->8cac6937-780c-4459-964a-dea4dcd51fd7: receive RaftClientReply:client-CECA27ED65B5->8cac6937-780c-4459-964a-dea4dcd51fd7@group-D84C501198B9, cid=1167, SUCCESS, logIndex=0, commits[8cac6937-780c-4459-964a-dea4dcd51fd7:c1593, 9ed8676d-9460-465d-9905-fd43a52295f6:c1592, da64134c-6992-4903-9407-7df321e464db:c1592]
 0.00% |█                                                                                                    |  0/1 Time: 0:00:062019-07-09 09:59:14,259 INFO  client.GrpcClientProtocolClient (GrpcClientProtocolClient.java:onNext(255)) - client-CECA27ED65B5->8cac6937-780c-4459-964a-dea4dcd51fd7: receive RaftClientReply:client-CECA27ED65B5->8cac6937-780c-4459-964a-dea4dcd51fd7@group-D84C501198B9, cid=1168, SUCCESS, logIndex=1595, commits[8cac6937-780c-4459-964a-dea4dcd51fd7:c1596, 9ed8676d-9460-465d-9905-fd43a52295f6:c1592, da64134c-6992-4903-9407-7df321e464db:c1594]
2019-07-09 09:59:14,259 INFO  client.GrpcClientProtocolClient (GrpcClientProtocolClient.java:onNext(255)) - client-CECA27ED65B5->8cac6937-780c-4459-964a-dea4dcd51fd7: receive RaftClientReply:client-CECA27ED65B5->8cac6937-780c-4459-964a-dea4dcd51fd7@group-D84C501198B9, cid=1169, SUCCESS, logIndex=1596, commits[8cac6937-780c-4459-964a-dea4dcd51fd7:c1598, 9ed8676d-9460-465d-9905-fd43a52295f6:c1594, da64134c-6992-4903-9407-7df321e464db:c1594]
2019-07-09 09:59:14,260 INFO  client.GrpcClientProtocolClient (GrpcClientProtocolClient.java:onNext(255)) - client-CECA27ED65B5->8cac6937-780c-4459-964a-dea4dcd51fd7: receive RaftClientReply:client-CECA27ED65B5->8cac6937-780c-4459-964a-dea4dcd51fd7@group-D84C501198B9, cid=1170, SUCCESS, logIndex=1597, commits[8cac6937-780c-4459-964a-dea4dcd51fd7:c1598, 9ed8676d-9460-465d-9905-fd43a52295f6:c1594, da64134c-6992-4903-9407-7df321e464db:c1594]
2019-07-09 09:59:14,260 INFO  client.GrpcClientProtocolClient (GrpcClientProtocolClient.java:onNext(255)) - client-CECA27ED65B5->8cac6937-780c-4459-964a-dea4dcd51fd7: receive RaftClientReply:client-CECA27ED65B5->8cac6937-780c-4459-964a-dea4dcd51fd7@group-D84C501198B9, cid=1171, SUCCESS, logIndex=1598, commits[8cac6937-780c-4459-964a-dea4dcd51fd7:c1598, 9ed8676d-9460-465d-9905-fd43a52295f6:c1594, da64134c-6992-4903-9407-7df321e464db:c1594]
2019-07-09 09:59:14,261 INFO  client.GrpcClientProtocolClient (GrpcClientProtocolClient.java:onNext(255)) - client-CECA27ED65B5->8cac6937-780c-4459-964a-dea4dcd51fd7: receive RaftClientReply:client-CECA27ED65B5->8cac6937-780c-4459-964a-dea4dcd51fd7@group-D84C501198B9, cid=1172, SUCCESS, logIndex=0, commits[8cac6937-780c-4459-964a-dea4dcd51fd7:c1599, 9ed8676d-9460-465d-9905-fd43a52295f6:c1596, da64134c-6992-4903-9407-7df321e464db:c1596]
2019-07-09 09:59:14,272 INFO  client.GrpcClientProtocolClient (GrpcClientProtocolClient.java:onNext(255)) - client-CECA27ED65B5->8cac6937-780c-4459-964a-dea4dcd51fd7: receive RaftClientReply:client-CECA27ED65B5->8cac6937-780c-4459-964a-dea4dcd51fd7@group-D84C501198B9, cid=1173, SUCCESS, logIndex=1603, commits[8cac6937-780c-4459-964a-dea4dcd51fd7:c1604, 9ed8676d-9460-465d-9905-fd43a52295f6:c1602, da64134c-6992-4903-9407-7df321e464db:c1598]
2019-07-09 09:59:14,273 INFO  client.GrpcClientProtocolClient (GrpcClientProtocolClient.java:onNext(255)) - client-CECA27ED65B5->8cac6937-780c-4459-964a-dea4dcd51fd7: receive RaftClientReply:client-CECA27ED65B5->8cac6937-780c-4459-964a-dea4dcd51fd7@group-D84C501198B9, cid=1174, SUCCESS, logIndex=1604, commits[8cac6937-780c-4459-964a-dea4dcd51fd7:c1604, 9ed8676d-9460-465d-9905-fd43a52295f6:c1602, da64134c-6992-4903-9407-7df321e464db:c1598]
2019-07-09 09:59:14,301 INFO  client.GrpcClientProtocolClient (GrpcClientProtocolClient.java:onNext(255)) - client-CECA27ED65B5->8cac6937-780c-4459-964a-dea4dcd51fd7: receive RaftClientReply:client-CECA27ED65B5->8cac6937-780c-4459-964a-dea4dcd51fd7@group-D84C501198B9, cid=1175, SUCCESS, logIndex=1607, commits[8cac6937-780c-4459-964a-dea4dcd51fd7:c1608, 9ed8676d-9460-465d-9905-fd43a52295f6:c1606, da64134c-6992-4903-9407-7df321e464db:c1606]
2019-07-09 09:59:14,302 INFO  client.GrpcClientProtocolClient (GrpcClientProtocolClient.java:onNext(255)) - client-CECA27ED65B5->8cac6937-780c-4459-964a-dea4dcd51fd7: receive RaftClientReply:client-CECA27ED65B5->8cac6937-780c-4459-964a-dea4dcd51fd7@group-D84C501198B9, cid=1176, SUCCESS, logIndex=1608, commits[8cac6937-780c-4459-964a-dea4dcd51fd7:c1608, 9ed8676d-9460-465d-9905-fd43a52295f6:c1606, da64134c-6992-4903-9407-7df321e464db:c1606]
2019-07-09 09:59:14,316 INFO  client.GrpcClientProtocolClient (GrpcClientProtocolClient.java:onNext(255)) - client-CECA27ED65B5->8cac6937-780c-4459-964a-dea4dcd51fd7: receive RaftClientReply:client-CECA27ED65B5->8cac6937-780c-4459-964a-dea4dcd51fd7@group-D84C501198B9, cid=1177, SUCCESS, logIndex=0, commits[8cac6937-780c-4459-964a-dea4dcd51fd7:c1610, 9ed8676d-9460-465d-9905-fd43a52295f6:c1608, da64134c-6992-4903-9407-7df321e464db:c1608]
2019-07-09 09:59:14,333 INFO  client.GrpcClientProtocolClient (GrpcClientProtocolClient.java:onNext(255)) - client-CECA27ED65B5->8cac6937-780c-4459-964a-dea4dcd51fd7: receive RaftClientReply:client-CECA27ED65B5->8cac6937-780c-4459-964a-dea4dcd51fd7@group-D84C501198B9, cid=1178, SUCCESS, logIndex=1611, commits[8cac6937-780c-4459-964a-dea4dcd51fd7:c1612, 9ed8676d-9460-465d-9905-fd43a52295f6:c1608, da64134c-6992-4903-9407-7df321e464db:c1610]
2019-07-09 09:59:14,335 INFO  client.GrpcClientProtocolClient (GrpcClientProtocolClient.java:onNext(255)) - client-CECA27ED65B5->8cac6937-780c-4459-964a-dea4dcd51fd7: receive RaftClientReply:client-CECA27ED65B5->8cac6937-780c-4459-964a-dea4dcd51fd7@group-D84C501198B9, cid=1179, SUCCESS, logIndex=1612, commits[8cac6937-780c-4459-964a-dea4dcd51fd7:c1612, 9ed8676d-9460-465d-9905-fd43a52295f6:c1610, da64134c-6992-4903-9407-7df321e464db:c1610]
2019-07-09 09:59:14,335 INFO  client.GrpcClientProtocolClient (GrpcClientProtocolClient.java:onNext(255)) - client-CECA27ED65B5->8cac6937-780c-4459-964a-dea4dcd51fd7: receive RaftClientReply:client-CECA27ED65B5->8cac6937-780c-4459-964a-dea4dcd51fd7@group-D84C501198B9, cid=1180, SUCCESS, logIndex=1613, commits[8cac6937-780c-4459-964a-dea4dcd51fd7:c1614, 9ed8676d-9460-465d-9905-fd43a52295f6:c1610, da64134c-6992-4903-9407-7df321e464db:c1610]
2019-07-09 09:59:14,335 INFO  client.GrpcClientProtocolClient (GrpcClientProtocolClient.java:onNext(255)) - client-CECA27ED65B5->8cac6937-780c-4459-964a-dea4dcd51fd7: receive RaftClientReply:client-CECA27ED65B5->8cac6937-780c-4459-964a-dea4dcd51fd7@group-D84C501198B9, cid=1181, SUCCESS, logIndex=1614, commits[8cac6937-780c-4459-964a-dea4dcd51fd7:c1614, 9ed8676d-9460-465d-9905-fd43a52295f6:c1610, da64134c-6992-4903-9407-7df321e464db:c1610]
2019-07-09 09:59:14,347 INFO  client.GrpcClientProtocolClient (GrpcClientProtocolClient.java:onNext(255)) - client-CECA27ED65B5->8cac6937-780c-4459-964a-dea4dcd51fd7: receive RaftClientReply:client-CECA27ED65B5->8cac6937-780c-4459-964a-dea4dcd51fd7@group-D84C501198B9, cid=1182, SUCCESS, logIndex=0, commits[8cac6937-780c-4459-964a-dea4dcd51fd7:c1615, 9ed8676d-9460-465d-9905-fd43a52295f6:c1612, da64134c-6992-4903-9407-7df321e464db:c1612]
2019-07-09 09:59:14,368 INFO  client.GrpcClientProtocolClient (GrpcClientProtocolClient.java:onNext(255)) - client-CECA27ED65B5->8cac6937-780c-4459-964a-dea4dcd51fd7: receive RaftClientReply:client-CECA27ED65B5->8cac6937-780c-4459-964a-dea4dcd51fd7@group-D84C501198B9, cid=1183, SUCCESS, logIndex=1617, commits[8cac6937-780c-4459-964a-dea4dcd51fd7:c1618, 9ed8676d-9460-465d-9905-fd43a52295f6:c1616, da64134c-6992-4903-9407-7df321e464db:c1616]
2019-07-09 09:59:14,369 INFO  client.GrpcClientProtocolClient (GrpcClientProtocolClient.java:onNext(255)) - client-CECA27ED65B5->8cac6937-780c-4459-964a-dea4dcd51fd7: receive RaftClientReply:client-CECA27ED65B5->8cac6937-780c-4459-964a-dea4dcd51fd7@group-D84C501198B9, cid=1184, SUCCESS, logIndex=1618, commits[8cac6937-780c-4459-964a-dea4dcd51fd7:c1618, 9ed8676d-9460-465d-9905-fd43a52295f6:c1616, da64134c-6992-4903-9407-7df321e464db:c1616]
2019-07-09 09:59:14,386 INFO  client.GrpcClientProtocolClient (GrpcClientProtocolClient.java:onNext(255)) - client-CECA27ED65B5->8cac6937-780c-4459-964a-dea4dcd51fd7: receive RaftClientReply:client-CECA27ED65B5->8cac6937-780c-4459-964a-dea4dcd51fd7@group-D84C501198B9, cid=1185, SUCCESS, logIndex=1621, commits[8cac6937-780c-4459-964a-dea4dcd51fd7:c1622, 9ed8676d-9460-465d-9905-fd43a52295f6:c1618, da64134c-6992-4903-9407-7df321e464db:c1618]
2019-07-09 09:59:14,386 INFO  client.GrpcClientProtocolClient (GrpcClientProtocolClient.java:onNext(255)) - client-CECA27ED65B5->8cac6937-780c-4459-964a-dea4dcd51fd7: receive RaftClientReply:client-CECA27ED65B5->8cac6937-780c-4459-964a-dea4dcd51fd7@group-D84C501198B9, cid=1186, SUCCESS, logIndex=1622, commits[8cac6937-780c-4459-964a-dea4dcd51fd7:c1622, 9ed8676d-9460-465d-9905-fd43a52295f6:c1618, da64134c-6992-4903-9407-7df321e464db:c1618]
2019-07-09 09:59:14,398 INFO  client.GrpcClientProtocolClient (GrpcClientProtocolClient.java:onNext(255)) - client-CECA27ED65B5->8cac6937-780c-4459-964a-dea4dcd51fd7: receive RaftClientReply:client-CECA27ED65B5->8cac6937-780c-4459-964a-dea4dcd51fd7@group-D84C501198B9, cid=1187, SUCCESS, logIndex=0, commits[8cac6937-780c-4459-964a-dea4dcd51fd7:c1624, 9ed8676d-9460-465d-9905-fd43a52295f6:c1622, da64134c-6992-4903-9407-7df321e464db:c1622]
2019-07-09 09:59:14,418 INFO  client.GrpcClientProtocolClient (GrpcClientProtocolClient.java:onNext(255)) - client-CECA27ED65B5->8cac6937-780c-4459-964a-dea4dcd51fd7: receive RaftClientReply:client-CECA27ED65B5->8cac6937-780c-4459-964a-dea4dcd51fd7@group-D84C501198B9, cid=1188, SUCCESS, logIndex=1625, commits[8cac6937-780c-4459-964a-dea4dcd51fd7:c1626, 9ed8676d-9460-465d-9905-fd43a52295f6:c1624, da64134c-6992-4903-9407-7df321e464db:c1624]
2019-07-09 09:59:14,418 INFO  client.GrpcClientProtocolClient (GrpcClientProtocolClient.java:onNext(255)) - client-CECA27ED65B5->8cac6937-780c-4459-964a-dea4dcd51fd7: receive RaftClientReply:client-CECA27ED65B5->8cac6937-780c-4459-964a-dea4dcd51fd7@group-D84C501198B9, cid=1189, SUCCESS, logIndex=1626, commits[8cac6937-780c-4459-964a-dea4dcd51fd7:c1628, 9ed8676d-9460-465d-9905-fd43a52295f6:c1624, da64134c-6992-4903-9407-7df321e464db:c1624]
2019-07-09 09:59:14,418 INFO  client.GrpcClientProtocolClient (GrpcClientProtocolClient.java:onNext(255)) - client-CECA27ED65B5->8cac6937-780c-4459-964a-dea4dcd51fd7: receive RaftClientReply:client-CECA27ED65B5->8cac6937-780c-4459-964a-dea4dcd51fd7@group-D84C501198B9, cid=1190, SUCCESS, logIndex=1627, commits[8cac6937-780c-4459-964a-dea4dcd51fd7:c1628, 9ed8676d-9460-465d-9905-fd43a52295f6:c1624, da64134c-6992-4903-9407-7df321e464db:c1624]
2019-07-09 09:59:14,419 INFO  client.GrpcClientProtocolClient (GrpcClientProtocolClient.java:onNext(255)) - client-CECA27ED65B5->8cac6937-780c-4459-964a-dea4dcd51fd7: receive RaftClientReply:client-CECA27ED65B5->8cac6937-780c-4459-964a-dea4dcd51fd7@group-D84C501198B9, cid=1191, SUCCESS, logIndex=1628, commits[8cac6937-780c-4459-964a-dea4dcd51fd7:c1628, 9ed8676d-9460-465d-9905-fd43a52295f6:c1624, da64134c-6992-4903-9407-7df321e464db:c1624]
2019-07-09 09:59:14,434 INFO  client.GrpcClientProtocolClient (GrpcClientProtocolClient.java:onNext(255)) - client-CECA27ED65B5->8cac6937-780c-4459-964a-dea4dcd51fd7: receive RaftClientReply:client-CECA27ED65B5->8cac6937-780c-4459-964a-dea4dcd51fd7@group-D84C501198B9, cid=1192, SUCCESS, logIndex=0, commits[8cac6937-780c-4459-964a-dea4dcd51fd7:c1631, 9ed8676d-9460-465d-9905-fd43a52295f6:c1626, da64134c-6992-4903-9407-7df321e464db:c1627]
2019-07-09 09:59:14,455 INFO  client.GrpcClientProtocolClient (GrpcClientProtocolClient.java:onNext(255)) - client-CECA27ED65B5->8cac6937-780c-4459-964a-dea4dcd51fd7: receive RaftClientReply:client-CECA27ED65B5->8cac6937-780c-4459-964a-dea4dcd51fd7@group-D84C501198B9, cid=1193, SUCCESS, logIndex=1633, commits[8cac6937-780c-4459-964a-dea4dcd51fd7:c1634, 9ed8676d-9460-465d-9905-fd43a52295f6:c1632, da64134c-6992-4903-9407-7df321e464db:c1632]
2019-07-09 09:59:14,455 INFO  client.GrpcClientProtocolClient (GrpcClientProtocolClient.java:onNext(255)) - client-CECA27ED65B5->8cac6937-780c-4459-964a-dea4dcd51fd7: receive RaftClientReply:client-CECA27ED65B5->8cac6937-780c-4459-964a-dea4dcd51fd7@group-D84C501198B9, cid=1194, SUCCESS, logIndex=1634, commits[8cac6937-780c-4459-964a-dea4dcd51fd7:c1634, 9ed8676d-9460-465d-9905-fd43a52295f6:c1632, da64134c-6992-4903-9407-7df321e464db:c1632]
2019-07-09 09:59:14,483 INFO  client.GrpcClientProtocolClient (GrpcClientProtocolClient.java:onNext(255)) - client-CECA27ED65B5->8cac6937-780c-4459-964a-dea4dcd51fd7: receive RaftClientReply:client-CECA27ED65B5->8cac6937-780c-4459-964a-dea4dcd51fd7@group-D84C501198B9, cid=1195, SUCCESS, logIndex=1637, commits[8cac6937-780c-4459-964a-dea4dcd51fd7:c1638, 9ed8676d-9460-465d-9905-fd43a52295f6:c1633, da64134c-6992-4903-9407-7df321e464db:c1634]
2019-07-09 09:59:14,483 INFO  client.GrpcClientProtocolClient (GrpcClientProtocolClient.java:onNext(255)) - client-CECA27ED65B5->8cac6937-780c-4459-964a-dea4dcd51fd7: receive RaftClientReply:client-CECA27ED65B5->8cac6937-780c-4459-964a-dea4dcd51fd7@group-D84C501198B9, cid=1196, SUCCESS, logIndex=1638, commits[8cac6937-780c-4459-964a-dea4dcd51fd7:c1638, 9ed8676d-9460-465d-9905-fd43a52295f6:c1634, da64134c-6992-4903-9407-7df321e464db:c1634]
2019-07-09 09:59:14,496 INFO  client.GrpcClientProtocolClient (GrpcClientProtocolClient.java:onNext(255)) - client-CECA27ED65B5->8cac6937-780c-4459-964a-dea4dcd51fd7: receive RaftClientReply:client-CECA27ED65B5->8cac6937-780c-4459-964a-dea4dcd51fd7@group-D84C501198B9, cid=1197, SUCCESS, logIndex=0, commits[8cac6937-780c-4459-964a-dea4dcd51fd7:c1639, 9ed8676d-9460-465d-9905-fd43a52295f6:c1638, da64134c-6992-4903-9407-7df321e464db:c1638]
2019-07-09 09:59:14,516 INFO  client.GrpcClientProtocolClient (GrpcClientProtocolClient.java:onNext(255)) - client-CECA27ED65B5->8cac6937-780c-4459-964a-dea4dcd51fd7: receive RaftClientReply:client-CECA27ED65B5->8cac6937-780c-4459-964a-dea4dcd51fd7@group-D84C501198B9, cid=1198, SUCCESS, logIndex=1641, commits[8cac6937-780c-4459-964a-dea4dcd51fd7:c1642, 9ed8676d-9460-465d-9905-fd43a52295f6:c1640, da64134c-6992-4903-9407-7df321e464db:c1640]
2019-07-09 09:59:14,517 INFO  client.GrpcClientProtocolClient (GrpcClientProtocolClient.java:onNext(255)) - client-CECA27ED65B5->8cac6937-780c-4459-964a-dea4dcd51fd7: receive RaftClientReply:client-CECA27ED65B5->8cac6937-780c-4459-964a-dea4dcd51fd7@group-D84C501198B9, cid=1199, SUCCESS, logIndex=1642, commits[8cac6937-780c-4459-964a-dea4dcd51fd7:c1644, 9ed8676d-9460-465d-9905-fd43a52295f6:c1640, da64134c-6992-4903-9407-7df321e464db:c1640]
2019-07-09 09:59:14,518 INFO  client.GrpcClientProtocolClient (GrpcClientProtocolClient.java:onNext(255)) - client-CECA27ED65B5->8cac6937-780c-4459-964a-dea4dcd51fd7: receive RaftClientReply:client-CECA27ED65B5->8cac6937-780c-4459-964a-dea4dcd51fd7@group-D84C501198B9, cid=1200, SUCCESS, logIndex=1643, commits[8cac6937-780c-4459-964a-dea4dcd51fd7:c1644, 9ed8676d-9460-465d-9905-fd43a52295f6:c1640, da64134c-6992-4903-9407-7df321e464db:c1640]
2019-07-09 09:59:14,518 INFO  client.GrpcClientProtocolClient (GrpcClientProtocolClient.java:onNext(255)) - client-CECA27ED65B5->8cac6937-780c-4459-964a-dea4dcd51fd7: receive RaftClientReply:client-CECA27ED65B5->8cac6937-780c-4459-964a-dea4dcd51fd7@group-D84C501198B9, cid=1201, SUCCESS, logIndex=1644, commits[8cac6937-780c-4459-964a-dea4dcd51fd7:c1644, 9ed8676d-9460-465d-9905-fd43a52295f6:c1640, da64134c-6992-4903-9407-7df321e464db:c1640]
2019-07-09 09:59:14,519 INFO  client.GrpcClientProtocolClient (GrpcClientProtocolClient.java:onNext(255)) - client-CECA27ED65B5->8cac6937-780c-4459-964a-dea4dcd51fd7: receive RaftClientReply:client-CECA27ED65B5->8cac6937-780c-4459-964a-dea4dcd51fd7@group-D84C501198B9, cid=1202, SUCCESS, logIndex=0, commits[8cac6937-780c-4459-964a-dea4dcd51fd7:c1647, 9ed8676d-9460-465d-9905-fd43a52295f6:c1642, da64134c-6992-4903-9407-7df321e464db:c1644]
2019-07-09 09:59:14,539 INFO  client.GrpcClientProtocolClient (GrpcClientProtocolClient.java:onNext(255)) - client-CECA27ED65B5->8cac6937-780c-4459-964a-dea4dcd51fd7: receive RaftClientReply:client-CECA27ED65B5->8cac6937-780c-4459-964a-dea4dcd51fd7@group-D84C501198B9, cid=1203, SUCCESS, logIndex=1648, commits[8cac6937-780c-4459-964a-dea4dcd51fd7:c1649, 9ed8676d-9460-465d-9905-fd43a52295f6:c1647, da64134c-6992-4903-9407-7df321e464db:c1647]
2019-07-09 09:59:14,540 INFO  client.GrpcClientProtocolClient (GrpcClientProtocolClient.java:onNext(255)) - client-CECA27ED65B5->8cac6937-780c-4459-964a-dea4dcd51fd7: receive RaftClientReply:client-CECA27ED65B5->8cac6937-780c-4459-964a-dea4dcd51fd7@group-D84C501198B9, cid=1204, SUCCESS, logIndex=1649, commits[8cac6937-780c-4459-964a-dea4dcd51fd7:c1649, 9ed8676d-9460-465d-9905-fd43a52295f6:c1647, da64134c-6992-4903-9407-7df321e464db:c1647]
2019-07-09 09:59:14,579 INFO  client.GrpcClientProtocolClient (GrpcClientProtocolClient.java:onNext(255)) - client-CECA27ED65B5->8cac6937-780c-4459-964a-dea4dcd51fd7: receive RaftClientReply:client-CECA27ED65B5->8cac6937-780c-4459-964a-dea4dcd51fd7@group-D84C501198B9, cid=1205, SUCCESS, logIndex=1652, commits[8cac6937-780c-4459-964a-dea4dcd51fd7:c1653, 9ed8676d-9460-465d-9905-fd43a52295f6:c1651, da64134c-6992-4903-9407-7df321e464db:c1651]
2019-07-09 09:59:14,580 INFO  client.GrpcClientProtocolClient (GrpcClientProtocolClient.java:onNext(255)) - client-CECA27ED65B5->8cac6937-780c-4459-964a-dea4dcd51fd7: receive RaftClientReply:client-CECA27ED65B5->8cac6937-780c-4459-964a-dea4dcd51fd7@group-D84C501198B9, cid=1206, SUCCESS, logIndex=1653, commits[8cac6937-780c-4459-964a-dea4dcd51fd7:c1653, 9ed8676d-9460-465d-9905-fd43a52295f6:c1651, da64134c-6992-4903-9407-7df321e464db:c1651]
2019-07-09 09:59:14,594 INFO  client.GrpcClientProtocolClient (GrpcClientProtocolClient.java:onNext(255)) - client-CECA27ED65B5->8cac6937-780c-4459-964a-dea4dcd51fd7: receive RaftClientReply:client-CECA27ED65B5->8cac6937-780c-4459-964a-dea4dcd51fd7@group-D84C501198B9, cid=1207, SUCCESS, logIndex=0, commits[8cac6937-780c-4459-964a-dea4dcd51fd7:c1655, 9ed8676d-9460-465d-9905-fd43a52295f6:c1653, da64134c-6992-4903-9407-7df321e464db:c1653]
2019-07-09 09:59:14,755 INFO  client.GrpcClientProtocolClient (GrpcClientProtocolClient.java:onNext(255)) - client-CECA27ED65B5->8cac6937-780c-4459-964a-dea4dcd51fd7: receive RaftClientReply:client-CECA27ED65B5->8cac6937-780c-4459-964a-dea4dcd51fd7@group-D84C501198B9, cid=1208, SUCCESS, logIndex=1656, commits[8cac6937-780c-4459-964a-dea4dcd51fd7:c1656, 9ed8676d-9460-465d-9905-fd43a52295f6:c1653, da64134c-6992-4903-9407-7df321e464db:c1655]
2019-07-09 09:59:14,756 INFO  client.GrpcClientProtocolClient (GrpcClientProtocolClient.java:onNext(255)) - client-CECA27ED65B5->8cac6937-780c-4459-964a-dea4dcd51fd7: receive RaftClientReply:client-CECA27ED65B5->8cac6937-780c-4459-964a-dea4dcd51fd7@group-D84C501198B9, cid=1209, SUCCESS, logIndex=1657, commits[8cac6937-780c-4459-964a-dea4dcd51fd7:c1658, 9ed8676d-9460-465d-9905-fd43a52295f6:c1655, da64134c-6992-4903-9407-7df321e464db:c1655]
2019-07-09 09:59:14,756 INFO  client.GrpcClientProtocolClient (GrpcClientProtocolClient.java:onNext(255)) - client-CECA27ED65B5->8cac6937-780c-4459-964a-dea4dcd51fd7: receive RaftClientReply:client-CECA27ED65B5->8cac6937-780c-4459-964a-dea4dcd51fd7@group-D84C501198B9, cid=1210, SUCCESS, logIndex=1658, commits[8cac6937-780c-4459-964a-dea4dcd51fd7:c1659, 9ed8676d-9460-465d-9905-fd43a52295f6:c1655, da64134c-6992-4903-9407-7df321e464db:c1655]
2019-07-09 09:59:14,757 INFO  client.GrpcClientProtocolClient (GrpcClientProtocolClient.java:onNext(255)) - client-CECA27ED65B5->8cac6937-780c-4459-964a-dea4dcd51fd7: receive RaftClientReply:client-CECA27ED65B5->8cac6937-780c-4459-964a-dea4dcd51fd7@group-D84C501198B9, cid=1211, SUCCESS, logIndex=1659, commits[8cac6937-780c-4459-964a-dea4dcd51fd7:c1659, 9ed8676d-9460-465d-9905-fd43a52295f6:c1655, da64134c-6992-4903-9407-7df321e464db:c1655]
2019-07-09 09:59:14,769 INFO  client.GrpcClientProtocolClient (GrpcClientProtocolClient.java:onNext(255)) - client-CECA27ED65B5->8cac6937-780c-4459-964a-dea4dcd51fd7: receive RaftClientReply:client-CECA27ED65B5->8cac6937-780c-4459-964a-dea4dcd51fd7@group-D84C501198B9, cid=1212, SUCCESS, logIndex=0, commits[8cac6937-780c-4459-964a-dea4dcd51fd7:c1662, 9ed8676d-9460-465d-9905-fd43a52295f6:c1658, da64134c-6992-4903-9407-7df321e464db:c1657]
2019-07-09 09:59:14,792 INFO  client.GrpcClientProtocolClient (GrpcClientProtocolClient.java:onNext(255)) - client-CECA27ED65B5->8cac6937-780c-4459-964a-dea4dcd51fd7: receive RaftClientReply:client-CECA27ED65B5->8cac6937-780c-4459-964a-dea4dcd51fd7@group-D84C501198B9, cid=1213, SUCCESS, logIndex=1664, commits[8cac6937-780c-4459-964a-dea4dcd51fd7:c1665, 9ed8676d-9460-465d-9905-fd43a52295f6:c1663, da64134c-6992-4903-9407-7df321e464db:c1663]
2019-07-09 09:59:14,793 INFO  client.GrpcClientProtocolClient (GrpcClientProtocolClient.java:onNext(255)) - client-CECA27ED65B5->8cac6937-780c-4459-964a-dea4dcd51fd7: receive RaftClientReply:client-CECA27ED65B5->8cac6937-780c-4459-964a-dea4dcd51fd7@group-D84C501198B9, cid=1214, SUCCESS, logIndex=1665, commits[8cac6937-780c-4459-964a-dea4dcd51fd7:c1665, 9ed8676d-9460-465d-9905-fd43a52295f6:c1663, da64134c-6992-4903-9407-7df321e464db:c1663]
2019-07-09 09:59:14,812 INFO  client.GrpcClientProtocolClient (GrpcClientProtocolClient.java:onNext(255)) - client-CECA27ED65B5->8cac6937-780c-4459-964a-dea4dcd51fd7: receive RaftClientReply:client-CECA27ED65B5->8cac6937-780c-4459-964a-dea4dcd51fd7@group-D84C501198B9, cid=1215, SUCCESS, logIndex=1668, commits[8cac6937-780c-4459-964a-dea4dcd51fd7:c1669, 9ed8676d-9460-465d-9905-fd43a52295f6:c1665, da64134c-6992-4903-9407-7df321e464db:c1665]
2019-07-09 09:59:14,813 INFO  client.GrpcClientProtocolClient (GrpcClientProtocolClient.java:onNext(255)) - client-CECA27ED65B5->8cac6937-780c-4459-964a-dea4dcd51fd7: receive RaftClientReply:client-CECA27ED65B5->8cac6937-780c-4459-964a-dea4dcd51fd7@group-D84C501198B9, cid=1216, SUCCESS, logIndex=1669, commits[8cac6937-780c-4459-964a-dea4dcd51fd7:c1669, 9ed8676d-9460-465d-9905-fd43a52295f6:c1665, da64134c-6992-4903-9407-7df321e464db:c1665]
2019-07-09 09:59:14,815 INFO  client.GrpcClientProtocolClient (GrpcClientProtocolClient.java:onNext(255)) - client-CECA27ED65B5->8cac6937-780c-4459-964a-dea4dcd51fd7: receive RaftClientReply:client-CECA27ED65B5->8cac6937-780c-4459-964a-dea4dcd51fd7@group-D84C501198B9, cid=1217, SUCCESS, logIndex=0, commits[8cac6937-780c-4459-964a-dea4dcd51fd7:c1670, 9ed8676d-9460-465d-9905-fd43a52295f6:c1669, da64134c-6992-4903-9407-7df321e464db:c1669]
2019-07-09 09:59:14,836 INFO  client.GrpcClientProtocolClient (GrpcClientProtocolClient.java:onNext(255)) - client-CECA27ED65B5->8cac6937-780c-4459-964a-dea4dcd51fd7: receive RaftClientReply:client-CECA27ED65B5->8cac6937-780c-4459-964a-dea4dcd51fd7@group-D84C501198B9, cid=1218, SUCCESS, logIndex=1671, commits[8cac6937-780c-4459-964a-dea4dcd51fd7:c1672, 9ed8676d-9460-465d-9905-fd43a52295f6:c1670, da64134c-6992-4903-9407-7df321e464db:c1670]
2019-07-09 09:59:14,837 INFO  client.GrpcClientProtocolClient (GrpcClientProtocolClient.java:onNext(255)) - client-CECA27ED65B5->8cac6937-780c-4459-964a-dea4dcd51fd7: receive RaftClientReply:client-CECA27ED65B5->8cac6937-780c-4459-964a-dea4dcd51fd7@group-D84C501198B9, cid=1219, SUCCESS, logIndex=1672, commits[8cac6937-780c-4459-964a-dea4dcd51fd7:c1672, 9ed8676d-9460-465d-9905-fd43a52295f6:c1670, da64134c-6992-4903-9407-7df321e464db:c1670]
2019-07-09 09:59:14,837 INFO  client.GrpcClientProtocolClient (GrpcClientProtocolClient.java:onNext(255)) - client-CECA27ED65B5->8cac6937-780c-4459-964a-dea4dcd51fd7: receive RaftClientReply:client-CECA27ED65B5->8cac6937-780c-4459-964a-dea4dcd51fd7@group-D84C501198B9, cid=1220, SUCCESS, logIndex=1673, commits[8cac6937-780c-4459-964a-dea4dcd51fd7:c1674, 9ed8676d-9460-465d-9905-fd43a52295f6:c1670, da64134c-6992-4903-9407-7df321e464db:c1670]
2019-07-09 09:59:14,837 INFO  client.GrpcClientProtocolClient (GrpcClientProtocolClient.java:onNext(255)) - client-CECA27ED65B5->8cac6937-780c-4459-964a-dea4dcd51fd7: receive RaftClientReply:client-CECA27ED65B5->8cac6937-780c-4459-964a-dea4dcd51fd7@group-D84C501198B9, cid=1221, SUCCESS, logIndex=1674, commits[8cac6937-780c-4459-964a-dea4dcd51fd7:c1674, 9ed8676d-9460-465d-9905-fd43a52295f6:c1670, da64134c-6992-4903-9407-7df321e464db:c1670]
2019-07-09 09:59:14,851 INFO  client.GrpcClientProtocolClient (GrpcClientProtocolClient.java:onNext(255)) - client-CECA27ED65B5->8cac6937-780c-4459-964a-dea4dcd51fd7: receive RaftClientReply:client-CECA27ED65B5->8cac6937-780c-4459-964a-dea4dcd51fd7@group-D84C501198B9, cid=1222, SUCCESS, logIndex=0, commits[8cac6937-780c-4459-964a-dea4dcd51fd7:c1676, 9ed8676d-9460-465d-9905-fd43a52295f6:c1672, da64134c-6992-4903-9407-7df321e464db:c1672]
2019-07-09 09:59:14,873 INFO  client.GrpcClientProtocolClient (GrpcClientProtocolClient.java:onNext(255)) - client-CECA27ED65B5->8cac6937-780c-4459-964a-dea4dcd51fd7: receive RaftClientReply:client-CECA27ED65B5->8cac6937-780c-4459-964a-dea4dcd51fd7@group-D84C501198B9, cid=1223, SUCCESS, logIndex=1679, commits[8cac6937-780c-4459-964a-dea4dcd51fd7:c1680, 9ed8676d-9460-465d-9905-fd43a52295f6:c1678, da64134c-6992-4903-9407-7df321e464db:c1678]
2019-07-09 09:59:14,874 INFO  client.GrpcClientProtocolClient (GrpcClientProtocolClient.java:onNext(255)) - client-CECA27ED65B5->8cac6937-780c-4459-964a-dea4dcd51fd7: receive RaftClientReply:client-CECA27ED65B5->8cac6937-780c-4459-964a-dea4dcd51fd7@group-D84C501198B9, cid=1224, SUCCESS, logIndex=1680, commits[8cac6937-780c-4459-964a-dea4dcd51fd7:c1680, 9ed8676d-9460-465d-9905-fd43a52295f6:c1678, da64134c-6992-4903-9407-7df321e464db:c1678]
2019-07-09 09:59:14,898 INFO  client.GrpcClientProtocolClient (GrpcClientProtocolClient.java:onNext(255)) - client-CECA27ED65B5->8cac6937-780c-4459-964a-dea4dcd51fd7: receive RaftClientReply:client-CECA27ED65B5->8cac6937-780c-4459-964a-dea4dcd51fd7@group-D84C501198B9, cid=1225, SUCCESS, logIndex=1683, commits[8cac6937-780c-4459-964a-dea4dcd51fd7:c1684, 9ed8676d-9460-465d-9905-fd43a52295f6:c1680, da64134c-6992-4903-9407-7df321e464db:c1680]
2019-07-09 09:59:14,898 INFO  client.GrpcClientProtocolClient (GrpcClientProtocolClient.java:onNext(255)) - client-CECA27ED65B5->8cac6937-780c-4459-964a-dea4dcd51fd7: receive RaftClientReply:client-CECA27ED65B5->8cac6937-780c-4459-964a-dea4dcd51fd7@group-D84C501198B9, cid=1226, SUCCESS, logIndex=1684, commits[8cac6937-780c-4459-964a-dea4dcd51fd7:c1684, 9ed8676d-9460-465d-9905-fd43a52295f6:c1680, da64134c-6992-4903-9407-7df321e464db:c1680]
2019-07-09 09:59:14,910 INFO  client.GrpcClientProtocolClient (GrpcClientProtocolClient.java:onNext(255)) - client-CECA27ED65B5->8cac6937-780c-4459-964a-dea4dcd51fd7: receive RaftClientReply:client-CECA27ED65B5->8cac6937-780c-4459-964a-dea4dcd51fd7@group-D84C501198B9, cid=1227, SUCCESS, logIndex=0, commits[8cac6937-780c-4459-964a-dea4dcd51fd7:c1685, 9ed8676d-9460-465d-9905-fd43a52295f6:c1684, da64134c-6992-4903-9407-7df321e464db:c1684]
2019-07-09 09:59:14,933 INFO  client.GrpcClientProtocolClient (GrpcClientProtocolClient.java:onNext(255)) - client-CECA27ED65B5->8cac6937-780c-4459-964a-dea4dcd51fd7: receive RaftClientReply:client-CECA27ED65B5->8cac6937-780c-4459-964a-dea4dcd51fd7@group-D84C501198B9, cid=1228, SUCCESS, logIndex=1687, commits[8cac6937-780c-4459-964a-dea4dcd51fd7:c1688, 9ed8676d-9460-465d-9905-fd43a52295f6:c1686, da64134c-6992-4903-9407-7df321e464db:c1686]
2019-07-09 09:59:14,933 INFO  client.GrpcClientProtocolClient (GrpcClientProtocolClient.java:onNext(255)) - client-CECA27ED65B5->8cac6937-780c-4459-964a-dea4dcd51fd7: receive RaftClientReply:client-CECA27ED65B5->8cac6937-780c-4459-964a-dea4dcd51fd7@group-D84C501198B9, cid=1229, SUCCESS, logIndex=1688, commits[8cac6937-780c-4459-964a-dea4dcd51fd7:c1690, 9ed8676d-9460-465d-9905-fd43a52295f6:c1686, da64134c-6992-4903-9407-7df321e464db:c1686]
2019-07-09 09:59:14,934 INFO  client.GrpcClientProtocolClient (GrpcClientProtocolClient.java:onNext(255)) - client-CECA27ED65B5->8cac6937-780c-4459-964a-dea4dcd51fd7: receive RaftClientReply:client-CECA27ED65B5->8cac6937-780c-4459-964a-dea4dcd51fd7@group-D84C501198B9, cid=1230, SUCCESS, logIndex=1689, commits[8cac6937-780c-4459-964a-dea4dcd51fd7:c1690, 9ed8676d-9460-465d-9905-fd43a52295f6:c1686, da64134c-6992-4903-9407-7df321e464db:c1686]
2019-07-09 09:59:14,934 INFO  client.GrpcClientProtocolClient (GrpcClientProtocolClient.java:onNext(255)) - client-CECA27ED65B5->8cac6937-780c-4459-964a-dea4dcd51fd7: receive RaftClientReply:client-CECA27ED65B5->8cac6937-780c-4459-964a-dea4dcd51fd7@group-D84C501198B9, cid=1231, SUCCESS, logIndex=1690, commits[8cac6937-780c-4459-964a-dea4dcd51fd7:c1690, 9ed8676d-9460-465d-9905-fd43a52295f6:c1686, da64134c-6992-4903-9407-7df321e464db:c1687]
2019-07-09 09:59:14,947 INFO  client.GrpcClientProtocolClient (GrpcClientProtocolClient.java:onNext(255)) - client-CECA27ED65B5->8cac6937-780c-4459-964a-dea4dcd51fd7: receive RaftClientReply:client-CECA27ED65B5->8cac6937-780c-4459-964a-dea4dcd51fd7@group-D84C501198B9, cid=1232, SUCCESS, logIndex=0, commits[8cac6937-780c-4459-964a-dea4dcd51fd7:c1692, 9ed8676d-9460-465d-9905-fd43a52295f6:c1688, da64134c-6992-4903-9407-7df321e464db:c1688]
2019-07-09 09:59:14,967 INFO  client.GrpcClientProtocolClient (GrpcClientProtocolClient.java:onNext(255)) - client-CECA27ED65B5->8cac6937-780c-4459-964a-dea4dcd51fd7: receive RaftClientReply:client-CECA27ED65B5->8cac6937-780c-4459-964a-dea4dcd51fd7@group-D84C501198B9, cid=1233, SUCCESS, logIndex=1695, commits[8cac6937-780c-4459-964a-dea4dcd51fd7:c1696, 9ed8676d-9460-465d-9905-fd43a52295f6:c1694, da64134c-6992-4903-9407-7df321e464db:c1694]
2019-07-09 09:59:14,968 INFO  client.GrpcClientProtocolClient (GrpcClientProtocolClient.java:onNext(255)) - client-CECA27ED65B5->8cac6937-780c-4459-964a-dea4dcd51fd7: receive RaftClientReply:client-CECA27ED65B5->8cac6937-780c-4459-964a-dea4dcd51fd7@group-D84C501198B9, cid=1234, SUCCESS, logIndex=1696, commits[8cac6937-780c-4459-964a-dea4dcd51fd7:c1696, 9ed8676d-9460-465d-9905-fd43a52295f6:c1694, da64134c-6992-4903-9407-7df321e464db:c1694]
2019-07-09 09:59:14,983 INFO  client.GrpcClientProtocolClient (GrpcClientProtocolClient.java:onNext(255)) - client-CECA27ED65B5->8cac6937-780c-4459-964a-dea4dcd51fd7: receive RaftClientReply:client-CECA27ED65B5->8cac6937-780c-4459-964a-dea4dcd51fd7@group-D84C501198B9, cid=1235, SUCCESS, logIndex=1699, commits[8cac6937-780c-4459-964a-dea4dcd51fd7:c1699, 9ed8676d-9460-465d-9905-fd43a52295f6:c1696, da64134c-6992-4903-9407-7df321e464db:c1696]
2019-07-09 09:59:14,983 INFO  client.GrpcClientProtocolClient (GrpcClientProtocolClient.java:onNext(255)) - client-CECA27ED65B5->8cac6937-780c-4459-964a-dea4dcd51fd7: receive RaftClientReply:client-CECA27ED65B5->8cac6937-780c-4459-964a-dea4dcd51fd7@group-D84C501198B9, cid=1236, SUCCESS, logIndex=1700, commits[8cac6937-780c-4459-964a-dea4dcd51fd7:c1700, 9ed8676d-9460-465d-9905-fd43a52295f6:c1696, da64134c-6992-4903-9407-7df321e464db:c1696]
2019-07-09 09:59:14,994 INFO  client.GrpcClientProtocolClient (GrpcClientProtocolClient.java:onNext(255)) - client-CECA27ED65B5->8cac6937-780c-4459-964a-dea4dcd51fd7: receive RaftClientReply:client-CECA27ED65B5->8cac6937-780c-4459-964a-dea4dcd51fd7@group-D84C501198B9, cid=1237, SUCCESS, logIndex=0, commits[8cac6937-780c-4459-964a-dea4dcd51fd7:c1701, 9ed8676d-9460-465d-9905-fd43a52295f6:c1700, da64134c-6992-4903-9407-7df321e464db:c1700]
2019-07-09 09:59:15,035 INFO  client.GrpcClientProtocolClient (GrpcClientProtocolClient.java:onNext(255)) - client-CECA27ED65B5->8cac6937-780c-4459-964a-dea4dcd51fd7: receive RaftClientReply:client-CECA27ED65B5->8cac6937-780c-4459-964a-dea4dcd51fd7@group-D84C501198B9, cid=1238, SUCCESS, logIndex=1703, commits[8cac6937-780c-4459-964a-dea4dcd51fd7:c1704, 9ed8676d-9460-465d-9905-fd43a52295f6:c1702, da64134c-6992-4903-9407-7df321e464db:c1702]
2019-07-09 09:59:15,036 INFO  client.GrpcClientProtocolClient (GrpcClientProtocolClient.java:onNext(255)) - client-CECA27ED65B5->8cac6937-780c-4459-964a-dea4dcd51fd7: receive RaftClientReply:client-CECA27ED65B5->8cac6937-780c-4459-964a-dea4dcd51fd7@group-D84C501198B9, cid=1239, SUCCESS, logIndex=1704, commits[8cac6937-780c-4459-964a-dea4dcd51fd7:c1705, 9ed8676d-9460-465d-9905-fd43a52295f6:c1702, da64134c-6992-4903-9407-7df321e464db:c1702]
2019-07-09 09:59:15,036 INFO  client.GrpcClientProtocolClient (GrpcClientProtocolClient.java:onNext(255)) - client-CECA27ED65B5->8cac6937-780c-4459-964a-dea4dcd51fd7: receive RaftClientReply:client-CECA27ED65B5->8cac6937-780c-4459-964a-dea4dcd51fd7@group-D84C501198B9, cid=1240, SUCCESS, logIndex=1705, commits[8cac6937-780c-4459-964a-dea4dcd51fd7:c1706, 9ed8676d-9460-465d-9905-fd43a52295f6:c1702, da64134c-6992-4903-9407-7df321e464db:c1702]
2019-07-09 09:59:15,036 INFO  client.GrpcClientProtocolClient (GrpcClientProtocolClient.java:onNext(255)) - client-CECA27ED65B5->8cac6937-780c-4459-964a-dea4dcd51fd7: receive RaftClientReply:client-CECA27ED65B5->8cac6937-780c-4459-964a-dea4dcd51fd7@group-D84C501198B9, cid=1241, SUCCESS, logIndex=1706, commits[8cac6937-780c-4459-964a-dea4dcd51fd7:c1706, 9ed8676d-9460-465d-9905-fd43a52295f6:c1702, da64134c-6992-4903-9407-7df321e464db:c1702]
2019-07-09 09:59:15,039 INFO  client.GrpcClientProtocolClient (GrpcClientProtocolClient.java:onNext(255)) - client-CECA27ED65B5->8cac6937-780c-4459-964a-dea4dcd51fd7: receive RaftClientReply:client-CECA27ED65B5->8cac6937-780c-4459-964a-dea4dcd51fd7@group-D84C501198B9, cid=1242, SUCCESS, logIndex=0, commits[8cac6937-780c-4459-964a-dea4dcd51fd7:c1708, 9ed8676d-9460-465d-9905-fd43a52295f6:c1704, da64134c-6992-4903-9407-7df321e464db:c1704]
2019-07-09 09:59:15,061 INFO  client.GrpcClientProtocolClient (GrpcClientProtocolClient.java:onNext(255)) - client-CECA27ED65B5->8cac6937-780c-4459-964a-dea4dcd51fd7: receive RaftClientReply:client-CECA27ED65B5->8cac6937-780c-4459-964a-dea4dcd51fd7@group-D84C501198B9, cid=1243, SUCCESS, logIndex=1711, commits[8cac6937-780c-4459-964a-dea4dcd51fd7:c1712, 9ed8676d-9460-465d-9905-fd43a52295f6:c1710, da64134c-6992-4903-9407-7df321e464db:c1710]
2019-07-09 09:59:15,061 INFO  client.GrpcClientProtocolClient (GrpcClientProtocolClient.java:onNext(255)) - client-CECA27ED65B5->8cac6937-780c-4459-964a-dea4dcd51fd7: receive RaftClientReply:client-CECA27ED65B5->8cac6937-780c-4459-964a-dea4dcd51fd7@group-D84C501198B9, cid=1244, SUCCESS, logIndex=1712, commits[8cac6937-780c-4459-964a-dea4dcd51fd7:c1712, 9ed8676d-9460-465d-9905-fd43a52295f6:c1710, da64134c-6992-4903-9407-7df321e464db:c1710]
2019-07-09 09:59:15,076 INFO  client.GrpcClientProtocolClient (GrpcClientProtocolClient.java:onNext(255)) - client-CECA27ED65B5->8cac6937-780c-4459-964a-dea4dcd51fd7: receive RaftClientReply:client-CECA27ED65B5->8cac6937-780c-4459-964a-dea4dcd51fd7@group-D84C501198B9, cid=1245, SUCCESS, logIndex=1715, commits[8cac6937-780c-4459-964a-dea4dcd51fd7:c1716, 9ed8676d-9460-465d-9905-fd43a52295f6:c1712, da64134c-6992-4903-9407-7df321e464db:c1714]
2019-07-09 09:59:15,076 INFO  client.GrpcClientProtocolClient (GrpcClientProtocolClient.java:onNext(255)) - client-CECA27ED65B5->8cac6937-780c-4459-964a-dea4dcd51fd7: receive RaftClientReply:client-CECA27ED65B5->8cac6937-780c-4459-964a-dea4dcd51fd7@group-D84C501198B9, cid=1246, SUCCESS, logIndex=1716, commits[8cac6937-780c-4459-964a-dea4dcd51fd7:c1716, 9ed8676d-9460-465d-9905-fd43a52295f6:c1714, da64134c-6992-4903-9407-7df321e464db:c1714]
2019-07-09 09:59:15,090 INFO  client.GrpcClientProtocolClient (GrpcClientProtocolClient.java:onNext(255)) - client-CECA27ED65B5->8cac6937-780c-4459-964a-dea4dcd51fd7: receive RaftClientReply:client-CECA27ED65B5->8cac6937-780c-4459-964a-dea4dcd51fd7@group-D84C501198B9, cid=1247, SUCCESS, logIndex=0, commits[8cac6937-780c-4459-964a-dea4dcd51fd7:c1718, 9ed8676d-9460-465d-9905-fd43a52295f6:c1716, da64134c-6992-4903-9407-7df321e464db:c1716]
2019-07-09 09:59:15,138 INFO  client.GrpcClientProtocolClient (GrpcClientProtocolClient.java:onNext(255)) - client-CECA27ED65B5->8cac6937-780c-4459-964a-dea4dcd51fd7: receive RaftClientReply:client-CECA27ED65B5->8cac6937-780c-4459-964a-dea4dcd51fd7@group-D84C501198B9, cid=1248, SUCCESS, logIndex=1719, commits[8cac6937-780c-4459-964a-dea4dcd51fd7:c1721, 9ed8676d-9460-465d-9905-fd43a52295f6:c1718, da64134c-6992-4903-9407-7df321e464db:c1716]
2019-07-09 09:59:15,139 INFO  client.GrpcClientProtocolClient (GrpcClientProtocolClient.java:onNext(255)) - client-CECA27ED65B5->8cac6937-780c-4459-964a-dea4dcd51fd7: receive RaftClientReply:client-CECA27ED65B5->8cac6937-780c-4459-964a-dea4dcd51fd7@group-D84C501198B9, cid=1249, SUCCESS, logIndex=1720, commits[8cac6937-780c-4459-964a-dea4dcd51fd7:c1722, 9ed8676d-9460-465d-9905-fd43a52295f6:c1718, da64134c-6992-4903-9407-7df321e464db:c1718]
2019-07-09 09:59:15,140 INFO  client.GrpcClientProtocolClient (GrpcClientProtocolClient.java:onNext(255)) - client-CECA27ED65B5->8cac6937-780c-4459-964a-dea4dcd51fd7: receive RaftClientReply:client-CECA27ED65B5->8cac6937-780c-4459-964a-dea4dcd51fd7@group-D84C501198B9, cid=1250, SUCCESS, logIndex=1721, commits[8cac6937-780c-4459-964a-dea4dcd51fd7:c1722, 9ed8676d-9460-465d-9905-fd43a52295f6:c1718, da64134c-6992-4903-9407-7df321e464db:c1718]
2019-07-09 09:59:15,140 INFO  client.GrpcClientProtocolClient (GrpcClientProtocolClient.java:onNext(255)) - client-CECA27ED65B5->8cac6937-780c-4459-964a-dea4dcd51fd7: receive RaftClientReply:client-CECA27ED65B5->8cac6937-780c-4459-964a-dea4dcd51fd7@group-D84C501198B9, cid=1251, SUCCESS, logIndex=1722, commits[8cac6937-780c-4459-964a-dea4dcd51fd7:c1723, 9ed8676d-9460-465d-9905-fd43a52295f6:c1720, da64134c-6992-4903-9407-7df321e464db:c1720]
2019-07-09 09:59:15,161 INFO  client.GrpcClientProtocolClient (GrpcClientProtocolClient.java:onNext(255)) - client-CECA27ED65B5->8cac6937-780c-4459-964a-dea4dcd51fd7: receive RaftClientReply:client-CECA27ED65B5->8cac6937-780c-4459-964a-dea4dcd51fd7@group-D84C501198B9, cid=1252, SUCCESS, logIndex=1727, commits[8cac6937-780c-4459-964a-dea4dcd51fd7:c1728, 9ed8676d-9460-465d-9905-fd43a52295f6:c1726, da64134c-6992-4903-9407-7df321e464db:c1726]
2019-07-09 09:59:15,161 INFO  client.GrpcClientProtocolClient (GrpcClientProtocolClient.java:onNext(255)) - client-CECA27ED65B5->8cac6937-780c-4459-964a-dea4dcd51fd7: receive RaftClientReply:client-CECA27ED65B5->8cac6937-780c-4459-964a-dea4dcd51fd7@group-D84C501198B9, cid=1253, SUCCESS, logIndex=1728, commits[8cac6937-780c-4459-964a-dea4dcd51fd7:c1728, 9ed8676d-9460-465d-9905-fd43a52295f6:c1726, da64134c-6992-4903-9407-7df321e464db:c1726]
2019-07-09 09:59:15,174 INFO  client.GrpcClientProtocolClient (GrpcClientProtocolClient.java:onNext(255)) - client-CECA27ED65B5->8cac6937-780c-4459-964a-dea4dcd51fd7: receive RaftClientReply:client-CECA27ED65B5->8cac6937-780c-4459-964a-dea4dcd51fd7@group-D84C501198B9, cid=1254, SUCCESS, logIndex=1731, commits[8cac6937-780c-4459-964a-dea4dcd51fd7:c1732, 9ed8676d-9460-465d-9905-fd43a52295f6:c1727, da64134c-6992-4903-9407-7df321e464db:c1728]
2019-07-09 09:59:15,174 INFO  client.GrpcClientProtocolClient (GrpcClientProtocolClient.java:onNext(255)) - client-CECA27ED65B5->8cac6937-780c-4459-964a-dea4dcd51fd7: receive RaftClientReply:client-CECA27ED65B5->8cac6937-780c-4459-964a-dea4dcd51fd7@group-D84C501198B9, cid=1255, SUCCESS, logIndex=1732, commits[8cac6937-780c-4459-964a-dea4dcd51fd7:c1732, 9ed8676d-9460-465d-9905-fd43a52295f6:c1728, da64134c-6992-4903-9407-7df321e464db:c1728]
2019-07-09 09:59:15,188 INFO  client.GrpcClientProtocolClient (GrpcClientProtocolClient.java:onNext(255)) - client-CECA27ED65B5->8cac6937-780c-4459-964a-dea4dcd51fd7: receive RaftClientReply:client-CECA27ED65B5->8cac6937-780c-4459-964a-dea4dcd51fd7@group-D84C501198B9, cid=1256, SUCCESS, logIndex=0, commits[8cac6937-780c-4459-964a-dea4dcd51fd7:c1734, 9ed8676d-9460-465d-9905-fd43a52295f6:c1732, da64134c-6992-4903-9407-7df321e464db:c1732]
2019-07-09 09:59:15,219 INFO  client.GrpcClientProtocolClient (GrpcClientProtocolClient.java:onNext(255)) - client-CECA27ED65B5->8cac6937-780c-4459-964a-dea4dcd51fd7: receive RaftClientReply:client-CECA27ED65B5->8cac6937-780c-4459-964a-dea4dcd51fd7@group-D84C501198B9, cid=1257, SUCCESS, logIndex=1735, commits[8cac6937-780c-4459-964a-dea4dcd51fd7:c1736, 9ed8676d-9460-465d-9905-fd43a52295f6:c1734, da64134c-6992-4903-9407-7df321e464db:c1734]
2019-07-09 09:59:15,220 INFO  client.GrpcClientProtocolClient (GrpcClientProtocolClient.java:onNext(255)) - client-CECA27ED65B5->8cac6937-780c-4459-964a-dea4dcd51fd7: receive RaftClientReply:client-CECA27ED65B5->8cac6937-780c-4459-964a-dea4dcd51fd7@group-D84C501198B9, cid=1258, SUCCESS, logIndex=1736, commits[8cac6937-780c-4459-964a-dea4dcd51fd7:c1736, 9ed8676d-9460-465d-9905-fd43a52295f6:c1734, da64134c-6992-4903-9407-7df321e464db:c1734]
2019-07-09 09:59:15,220 INFO  client.GrpcClientProtocolClient (GrpcClientProtocolClient.java:onNext(255)) - client-CECA27ED65B5->8cac6937-780c-4459-964a-dea4dcd51fd7: receive RaftClientReply:client-CECA27ED65B5->8cac6937-780c-4459-964a-dea4dcd51fd7@group-D84C501198B9, cid=1259, SUCCESS, logIndex=1737, commits[8cac6937-780c-4459-964a-dea4dcd51fd7:c1738, 9ed8676d-9460-465d-9905-fd43a52295f6:c1734, da64134c-6992-4903-9407-7df321e464db:c1734]
2019-07-09 09:59:15,220 INFO  client.GrpcClientProtocolClient (GrpcClientProtocolClient.java:onNext(255)) - client-CECA27ED65B5->8cac6937-780c-4459-964a-dea4dcd51fd7: receive RaftClientReply:client-CECA27ED65B5->8cac6937-780c-4459-964a-dea4dcd51fd7@group-D84C501198B9, cid=1260, SUCCESS, logIndex=1738, commits[8cac6937-780c-4459-964a-dea4dcd51fd7:c1738, 9ed8676d-9460-465d-9905-fd43a52295f6:c1734, da64134c-6992-4903-9407-7df321e464db:c1734]
2019-07-09 09:59:15,232 INFO  client.GrpcClientProtocolClient (GrpcClientProtocolClient.java:onNext(255)) - client-CECA27ED65B5->8cac6937-780c-4459-964a-dea4dcd51fd7: receive RaftClientReply:client-CECA27ED65B5->8cac6937-780c-4459-964a-dea4dcd51fd7@group-D84C501198B9, cid=1261, SUCCESS, logIndex=0, commits[8cac6937-780c-4459-964a-dea4dcd51fd7:c1740, 9ed8676d-9460-465d-9905-fd43a52295f6:c1736, da64134c-6992-4903-9407-7df321e464db:c1736]
 0.00% |█                                                                                                    |  0/1 Time: 0:00:072019-07-09 09:59:15,252 INFO  client.GrpcClientProtocolClient (GrpcClientProtocolClient.java:onNext(255)) - client-CECA27ED65B5->8cac6937-780c-4459-964a-dea4dcd51fd7: receive RaftClientReply:client-CECA27ED65B5->8cac6937-780c-4459-964a-dea4dcd51fd7@group-D84C501198B9, cid=1262, SUCCESS, logIndex=1743, commits[8cac6937-780c-4459-964a-dea4dcd51fd7:c1744, 9ed8676d-9460-465d-9905-fd43a52295f6:c1742, da64134c-6992-4903-9407-7df321e464db:c1742]
2019-07-09 09:59:15,253 INFO  client.GrpcClientProtocolClient (GrpcClientProtocolClient.java:onNext(255)) - client-CECA27ED65B5->8cac6937-780c-4459-964a-dea4dcd51fd7: receive RaftClientReply:client-CECA27ED65B5->8cac6937-780c-4459-964a-dea4dcd51fd7@group-D84C501198B9, cid=1263, SUCCESS, logIndex=1744, commits[8cac6937-780c-4459-964a-dea4dcd51fd7:c1744, 9ed8676d-9460-465d-9905-fd43a52295f6:c1742, da64134c-6992-4903-9407-7df321e464db:c1742]
2019-07-09 09:59:15,266 INFO  client.GrpcClientProtocolClient (GrpcClientProtocolClient.java:onNext(255)) - client-CECA27ED65B5->8cac6937-780c-4459-964a-dea4dcd51fd7: receive RaftClientReply:client-CECA27ED65B5->8cac6937-780c-4459-964a-dea4dcd51fd7@group-D84C501198B9, cid=1264, SUCCESS, logIndex=1747, commits[8cac6937-780c-4459-964a-dea4dcd51fd7:c1748, 9ed8676d-9460-465d-9905-fd43a52295f6:c1744, da64134c-6992-4903-9407-7df321e464db:c1744]
2019-07-09 09:59:15,267 INFO  client.GrpcClientProtocolClient (GrpcClientProtocolClient.java:onNext(255)) - client-CECA27ED65B5->8cac6937-780c-4459-964a-dea4dcd51fd7: receive RaftClientReply:client-CECA27ED65B5->8cac6937-780c-4459-964a-dea4dcd51fd7@group-D84C501198B9, cid=1265, SUCCESS, logIndex=1748, commits[8cac6937-780c-4459-964a-dea4dcd51fd7:c1748, 9ed8676d-9460-465d-9905-fd43a52295f6:c1744, da64134c-6992-4903-9407-7df321e464db:c1744]
2019-07-09 09:59:15,281 INFO  client.GrpcClientProtocolClient (GrpcClientProtocolClient.java:onNext(255)) - client-CECA27ED65B5->8cac6937-780c-4459-964a-dea4dcd51fd7: receive RaftClientReply:client-CECA27ED65B5->8cac6937-780c-4459-964a-dea4dcd51fd7@group-D84C501198B9, cid=1266, SUCCESS, logIndex=0, commits[8cac6937-780c-4459-964a-dea4dcd51fd7:c1750, 9ed8676d-9460-465d-9905-fd43a52295f6:c1748, da64134c-6992-4903-9407-7df321e464db:c1748]
2019-07-09 09:59:15,317 INFO  client.GrpcClientProtocolClient (GrpcClientProtocolClient.java:onNext(255)) - client-CECA27ED65B5->8cac6937-780c-4459-964a-dea4dcd51fd7: receive RaftClientReply:client-CECA27ED65B5->8cac6937-780c-4459-964a-dea4dcd51fd7@group-D84C501198B9, cid=1267, SUCCESS, logIndex=1751, commits[8cac6937-780c-4459-964a-dea4dcd51fd7:c1752, 9ed8676d-9460-465d-9905-fd43a52295f6:c1750, da64134c-6992-4903-9407-7df321e464db:c1748]
2019-07-09 09:59:15,318 INFO  client.GrpcClientProtocolClient (GrpcClientProtocolClient.java:onNext(255)) - client-CECA27ED65B5->8cac6937-780c-4459-964a-dea4dcd51fd7: receive RaftClientReply:client-CECA27ED65B5->8cac6937-780c-4459-964a-dea4dcd51fd7@group-D84C501198B9, cid=1268, SUCCESS, logIndex=1752, commits[8cac6937-780c-4459-964a-dea4dcd51fd7:c1753, 9ed8676d-9460-465d-9905-fd43a52295f6:c1750, da64134c-6992-4903-9407-7df321e464db:c1750]
2019-07-09 09:59:15,318 INFO  client.GrpcClientProtocolClient (GrpcClientProtocolClient.java:onNext(255)) - client-CECA27ED65B5->8cac6937-780c-4459-964a-dea4dcd51fd7: receive RaftClientReply:client-CECA27ED65B5->8cac6937-780c-4459-964a-dea4dcd51fd7@group-D84C501198B9, cid=1269, SUCCESS, logIndex=1753, commits[8cac6937-780c-4459-964a-dea4dcd51fd7:c1754, 9ed8676d-9460-465d-9905-fd43a52295f6:c1750, da64134c-6992-4903-9407-7df321e464db:c1750]
2019-07-09 09:59:15,319 INFO  client.GrpcClientProtocolClient (GrpcClientProtocolClient.java:onNext(255)) - client-CECA27ED65B5->8cac6937-780c-4459-964a-dea4dcd51fd7: receive RaftClientReply:client-CECA27ED65B5->8cac6937-780c-4459-964a-dea4dcd51fd7@group-D84C501198B9, cid=1270, SUCCESS, logIndex=1754, commits[8cac6937-780c-4459-964a-dea4dcd51fd7:c1754, 9ed8676d-9460-465d-9905-fd43a52295f6:c1750, da64134c-6992-4903-9407-7df321e464db:c1750]
2019-07-09 09:59:15,333 INFO  client.GrpcClientProtocolClient (GrpcClientProtocolClient.java:onNext(255)) - client-CECA27ED65B5->8cac6937-780c-4459-964a-dea4dcd51fd7: receive RaftClientReply:client-CECA27ED65B5->8cac6937-780c-4459-964a-dea4dcd51fd7@group-D84C501198B9, cid=1271, SUCCESS, logIndex=0, commits[8cac6937-780c-4459-964a-dea4dcd51fd7:c1756, 9ed8676d-9460-465d-9905-fd43a52295f6:c1752, da64134c-6992-4903-9407-7df321e464db:c1752]
2019-07-09 09:59:15,349 INFO  client.GrpcClientProtocolClient (GrpcClientProtocolClient.java:onNext(255)) - client-CECA27ED65B5->8cac6937-780c-4459-964a-dea4dcd51fd7: receive RaftClientReply:client-CECA27ED65B5->8cac6937-780c-4459-964a-dea4dcd51fd7@group-D84C501198B9, cid=1272, SUCCESS, logIndex=1759, commits[8cac6937-780c-4459-964a-dea4dcd51fd7:c1759, 9ed8676d-9460-465d-9905-fd43a52295f6:c1758, da64134c-6992-4903-9407-7df321e464db:c1758]
2019-07-09 09:59:15,350 INFO  client.GrpcClientProtocolClient (GrpcClientProtocolClient.java:onNext(255)) - client-CECA27ED65B5->8cac6937-780c-4459-964a-dea4dcd51fd7: receive RaftClientReply:client-CECA27ED65B5->8cac6937-780c-4459-964a-dea4dcd51fd7@group-D84C501198B9, cid=1273, SUCCESS, logIndex=1760, commits[8cac6937-780c-4459-964a-dea4dcd51fd7:c1760, 9ed8676d-9460-465d-9905-fd43a52295f6:c1758, da64134c-6992-4903-9407-7df321e464db:c1758]
2019-07-09 09:59:15,365 INFO  client.GrpcClientProtocolClient (GrpcClientProtocolClient.java:onNext(255)) - client-CECA27ED65B5->8cac6937-780c-4459-964a-dea4dcd51fd7: receive RaftClientReply:client-CECA27ED65B5->8cac6937-780c-4459-964a-dea4dcd51fd7@group-D84C501198B9, cid=1274, SUCCESS, logIndex=1763, commits[8cac6937-780c-4459-964a-dea4dcd51fd7:c1764, 9ed8676d-9460-465d-9905-fd43a52295f6:c1760, da64134c-6992-4903-9407-7df321e464db:c1760]
2019-07-09 09:59:15,365 INFO  client.GrpcClientProtocolClient (GrpcClientProtocolClient.java:onNext(255)) - client-CECA27ED65B5->8cac6937-780c-4459-964a-dea4dcd51fd7: receive RaftClientReply:client-CECA27ED65B5->8cac6937-780c-4459-964a-dea4dcd51fd7@group-D84C501198B9, cid=1275, SUCCESS, logIndex=1764, commits[8cac6937-780c-4459-964a-dea4dcd51fd7:c1764, 9ed8676d-9460-465d-9905-fd43a52295f6:c1760, da64134c-6992-4903-9407-7df321e464db:c1760]
2019-07-09 09:59:15,380 INFO  client.GrpcClientProtocolClient (GrpcClientProtocolClient.java:onNext(255)) - client-CECA27ED65B5->8cac6937-780c-4459-964a-dea4dcd51fd7: receive RaftClientReply:client-CECA27ED65B5->8cac6937-780c-4459-964a-dea4dcd51fd7@group-D84C501198B9, cid=1276, SUCCESS, logIndex=0, commits[8cac6937-780c-4459-964a-dea4dcd51fd7:c1766, 9ed8676d-9460-465d-9905-fd43a52295f6:c1764, da64134c-6992-4903-9407-7df321e464db:c1764]
2019-07-09 09:59:15,494 INFO  client.GrpcClientProtocolClient (GrpcClientProtocolClient.java:onNext(255)) - client-CECA27ED65B5->8cac6937-780c-4459-964a-dea4dcd51fd7: receive RaftClientReply:client-CECA27ED65B5->8cac6937-780c-4459-964a-dea4dcd51fd7@group-D84C501198B9, cid=1277, SUCCESS, logIndex=1767, commits[8cac6937-780c-4459-964a-dea4dcd51fd7:c1768, 9ed8676d-9460-465d-9905-fd43a52295f6:c1764, da64134c-6992-4903-9407-7df321e464db:c1766]
2019-07-09 09:59:15,495 INFO  client.GrpcClientProtocolClient (GrpcClientProtocolClient.java:onNext(255)) - client-CECA27ED65B5->8cac6937-780c-4459-964a-dea4dcd51fd7: receive RaftClientReply:client-CECA27ED65B5->8cac6937-780c-4459-964a-dea4dcd51fd7@group-D84C501198B9, cid=1278, SUCCESS, logIndex=1768, commits[8cac6937-780c-4459-964a-dea4dcd51fd7:c1768, 9ed8676d-9460-465d-9905-fd43a52295f6:c1764, da64134c-6992-4903-9407-7df321e464db:c1766]
2019-07-09 09:59:15,506 INFO  client.GrpcClientProtocolClient (GrpcClientProtocolClient.java:onNext(255)) - client-CECA27ED65B5->8cac6937-780c-4459-964a-dea4dcd51fd7: receive RaftClientReply:client-CECA27ED65B5->8cac6937-780c-4459-964a-dea4dcd51fd7@group-D84C501198B9, cid=1279, SUCCESS, logIndex=1769, commits[8cac6937-780c-4459-964a-dea4dcd51fd7:c1770, 9ed8676d-9460-465d-9905-fd43a52295f6:c1766, da64134c-6992-4903-9407-7df321e464db:c1768]
2019-07-09 09:59:15,507 INFO  client.GrpcClientProtocolClient (GrpcClientProtocolClient.java:onNext(255)) - client-CECA27ED65B5->8cac6937-780c-4459-964a-dea4dcd51fd7: receive RaftClientReply:client-CECA27ED65B5->8cac6937-780c-4459-964a-dea4dcd51fd7@group-D84C501198B9, cid=1280, SUCCESS, logIndex=1771, commits[8cac6937-780c-4459-964a-dea4dcd51fd7:c1771, 9ed8676d-9460-465d-9905-fd43a52295f6:c1768, da64134c-6992-4903-9407-7df321e464db:c1768]
2019-07-09 09:59:15,524 INFO  client.GrpcClientProtocolClient (GrpcClientProtocolClient.java:onNext(255)) - client-CECA27ED65B5->8cac6937-780c-4459-964a-dea4dcd51fd7: receive RaftClientReply:client-CECA27ED65B5->8cac6937-780c-4459-964a-dea4dcd51fd7@group-D84C501198B9, cid=1281, SUCCESS, logIndex=1774, commits[8cac6937-780c-4459-964a-dea4dcd51fd7:c1775, 9ed8676d-9460-465d-9905-fd43a52295f6:c1772, da64134c-6992-4903-9407-7df321e464db:c1772]
2019-07-09 09:59:15,524 INFO  client.GrpcClientProtocolClient (GrpcClientProtocolClient.java:onNext(255)) - client-CECA27ED65B5->8cac6937-780c-4459-964a-dea4dcd51fd7: receive RaftClientReply:client-CECA27ED65B5->8cac6937-780c-4459-964a-dea4dcd51fd7@group-D84C501198B9, cid=1282, SUCCESS, logIndex=1775, commits[8cac6937-780c-4459-964a-dea4dcd51fd7:c1775, 9ed8676d-9460-465d-9905-fd43a52295f6:c1772, da64134c-6992-4903-9407-7df321e464db:c1772]
2019-07-09 09:59:15,538 INFO  client.GrpcClientProtocolClient (GrpcClientProtocolClient.java:onNext(255)) - client-CECA27ED65B5->8cac6937-780c-4459-964a-dea4dcd51fd7: receive RaftClientReply:client-CECA27ED65B5->8cac6937-780c-4459-964a-dea4dcd51fd7@group-D84C501198B9, cid=1283, SUCCESS, logIndex=1778, commits[8cac6937-780c-4459-964a-dea4dcd51fd7:c1779, 9ed8676d-9460-465d-9905-fd43a52295f6:c1775, da64134c-6992-4903-9407-7df321e464db:c1775]
2019-07-09 09:59:15,538 INFO  client.GrpcClientProtocolClient (GrpcClientProtocolClient.java:onNext(255)) - client-CECA27ED65B5->8cac6937-780c-4459-964a-dea4dcd51fd7: receive RaftClientReply:client-CECA27ED65B5->8cac6937-780c-4459-964a-dea4dcd51fd7@group-D84C501198B9, cid=1284, SUCCESS, logIndex=1779, commits[8cac6937-780c-4459-964a-dea4dcd51fd7:c1779, 9ed8676d-9460-465d-9905-fd43a52295f6:c1775, da64134c-6992-4903-9407-7df321e464db:c1775]
2019-07-09 09:59:15,552 INFO  client.GrpcClientProtocolClient (GrpcClientProtocolClient.java:onNext(255)) - client-CECA27ED65B5->8cac6937-780c-4459-964a-dea4dcd51fd7: receive RaftClientReply:client-CECA27ED65B5->8cac6937-780c-4459-964a-dea4dcd51fd7@group-D84C501198B9, cid=1285, SUCCESS, logIndex=0, commits[8cac6937-780c-4459-964a-dea4dcd51fd7:c1781, 9ed8676d-9460-465d-9905-fd43a52295f6:c1779, da64134c-6992-4903-9407-7df321e464db:c1779]
2019-07-09 09:59:15,578 INFO  client.GrpcClientProtocolClient (GrpcClientProtocolClient.java:onNext(255)) - client-CECA27ED65B5->8cac6937-780c-4459-964a-dea4dcd51fd7: receive RaftClientReply:client-CECA27ED65B5->8cac6937-780c-4459-964a-dea4dcd51fd7@group-D84C501198B9, cid=1286, SUCCESS, logIndex=1782, commits[8cac6937-780c-4459-964a-dea4dcd51fd7:c1782, 9ed8676d-9460-465d-9905-fd43a52295f6:c1781, da64134c-6992-4903-9407-7df321e464db:c1781]
2019-07-09 09:59:15,579 INFO  client.GrpcClientProtocolClient (GrpcClientProtocolClient.java:onNext(255)) - client-CECA27ED65B5->8cac6937-780c-4459-964a-dea4dcd51fd7: receive RaftClientReply:client-CECA27ED65B5->8cac6937-780c-4459-964a-dea4dcd51fd7@group-D84C501198B9, cid=1287, SUCCESS, logIndex=1783, commits[8cac6937-780c-4459-964a-dea4dcd51fd7:c1785, 9ed8676d-9460-465d-9905-fd43a52295f6:c1781, da64134c-6992-4903-9407-7df321e464db:c1781]
2019-07-09 09:59:15,579 INFO  client.GrpcClientProtocolClient (GrpcClientProtocolClient.java:onNext(255)) - client-CECA27ED65B5->8cac6937-780c-4459-964a-dea4dcd51fd7: receive RaftClientReply:client-CECA27ED65B5->8cac6937-780c-4459-964a-dea4dcd51fd7@group-D84C501198B9, cid=1288, SUCCESS, logIndex=1784, commits[8cac6937-780c-4459-964a-dea4dcd51fd7:c1785, 9ed8676d-9460-465d-9905-fd43a52295f6:c1781, da64134c-6992-4903-9407-7df321e464db:c1781]
2019-07-09 09:59:15,579 INFO  client.GrpcClientProtocolClient (GrpcClientProtocolClient.java:onNext(255)) - client-CECA27ED65B5->8cac6937-780c-4459-964a-dea4dcd51fd7: receive RaftClientReply:client-CECA27ED65B5->8cac6937-780c-4459-964a-dea4dcd51fd7@group-D84C501198B9, cid=1289, SUCCESS, logIndex=1785, commits[8cac6937-780c-4459-964a-dea4dcd51fd7:c1785, 9ed8676d-9460-465d-9905-fd43a52295f6:c1781, da64134c-6992-4903-9407-7df321e464db:c1781]
2019-07-09 09:59:15,582 INFO  client.GrpcClientProtocolClient (GrpcClientProtocolClient.java:onNext(255)) - client-CECA27ED65B5->8cac6937-780c-4459-964a-dea4dcd51fd7: receive RaftClientReply:client-CECA27ED65B5->8cac6937-780c-4459-964a-dea4dcd51fd7@group-D84C501198B9, cid=1290, SUCCESS, logIndex=0, commits[8cac6937-780c-4459-964a-dea4dcd51fd7:c1789, 9ed8676d-9460-465d-9905-fd43a52295f6:c1785, da64134c-6992-4903-9407-7df321e464db:c1783]
2019-07-09 09:59:15,602 INFO  client.GrpcClientProtocolClient (GrpcClientProtocolClient.java:onNext(255)) - client-CECA27ED65B5->8cac6937-780c-4459-964a-dea4dcd51fd7: receive RaftClientReply:client-CECA27ED65B5->8cac6937-780c-4459-964a-dea4dcd51fd7@group-D84C501198B9, cid=1291, SUCCESS, logIndex=1790, commits[8cac6937-780c-4459-964a-dea4dcd51fd7:c1791, 9ed8676d-9460-465d-9905-fd43a52295f6:c1789, da64134c-6992-4903-9407-7df321e464db:c1789]
2019-07-09 09:59:15,602 INFO  client.GrpcClientProtocolClient (GrpcClientProtocolClient.java:onNext(255)) - client-CECA27ED65B5->8cac6937-780c-4459-964a-dea4dcd51fd7: receive RaftClientReply:client-CECA27ED65B5->8cac6937-780c-4459-964a-dea4dcd51fd7@group-D84C501198B9, cid=1292, SUCCESS, logIndex=1791, commits[8cac6937-780c-4459-964a-dea4dcd51fd7:c1791, 9ed8676d-9460-465d-9905-fd43a52295f6:c1789, da64134c-6992-4903-9407-7df321e464db:c1789]
2019-07-09 09:59:15,616 INFO  client.GrpcClientProtocolClient (GrpcClientProtocolClient.java:onNext(255)) - client-CECA27ED65B5->8cac6937-780c-4459-964a-dea4dcd51fd7: receive RaftClientReply:client-CECA27ED65B5->8cac6937-780c-4459-964a-dea4dcd51fd7@group-D84C501198B9, cid=1293, SUCCESS, logIndex=1794, commits[8cac6937-780c-4459-964a-dea4dcd51fd7:c1795, 9ed8676d-9460-465d-9905-fd43a52295f6:c1791, da64134c-6992-4903-9407-7df321e464db:c1791]
2019-07-09 09:59:15,616 INFO  client.GrpcClientProtocolClient (GrpcClientProtocolClient.java:onNext(255)) - client-CECA27ED65B5->8cac6937-780c-4459-964a-dea4dcd51fd7: receive RaftClientReply:client-CECA27ED65B5->8cac6937-780c-4459-964a-dea4dcd51fd7@group-D84C501198B9, cid=1294, SUCCESS, logIndex=1795, commits[8cac6937-780c-4459-964a-dea4dcd51fd7:c1795, 9ed8676d-9460-465d-9905-fd43a52295f6:c1791, da64134c-6992-4903-9407-7df321e464db:c1791]
2019-07-09 09:59:15,627 INFO  client.GrpcClientProtocolClient (GrpcClientProtocolClient.java:onNext(255)) - client-CECA27ED65B5->8cac6937-780c-4459-964a-dea4dcd51fd7: receive RaftClientReply:client-CECA27ED65B5->8cac6937-780c-4459-964a-dea4dcd51fd7@group-D84C501198B9, cid=1295, SUCCESS, logIndex=0, commits[8cac6937-780c-4459-964a-dea4dcd51fd7:c1796, 9ed8676d-9460-465d-9905-fd43a52295f6:c1795, da64134c-6992-4903-9407-7df321e464db:c1795]
2019-07-09 09:59:15,660 INFO  client.GrpcClientProtocolClient (GrpcClientProtocolClient.java:onNext(255)) - client-CECA27ED65B5->8cac6937-780c-4459-964a-dea4dcd51fd7: receive RaftClientReply:client-CECA27ED65B5->8cac6937-780c-4459-964a-dea4dcd51fd7@group-D84C501198B9, cid=1296, SUCCESS, logIndex=1798, commits[8cac6937-780c-4459-964a-dea4dcd51fd7:c1799, 9ed8676d-9460-465d-9905-fd43a52295f6:c1797, da64134c-6992-4903-9407-7df321e464db:c1797]
2019-07-09 09:59:15,661 INFO  client.GrpcClientProtocolClient (GrpcClientProtocolClient.java:onNext(255)) - client-CECA27ED65B5->8cac6937-780c-4459-964a-dea4dcd51fd7: receive RaftClientReply:client-CECA27ED65B5->8cac6937-780c-4459-964a-dea4dcd51fd7@group-D84C501198B9, cid=1297, SUCCESS, logIndex=1799, commits[8cac6937-780c-4459-964a-dea4dcd51fd7:c1801, 9ed8676d-9460-465d-9905-fd43a52295f6:c1797, da64134c-6992-4903-9407-7df321e464db:c1797]
2019-07-09 09:59:15,661 INFO  client.GrpcClientProtocolClient (GrpcClientProtocolClient.java:onNext(255)) - client-CECA27ED65B5->8cac6937-780c-4459-964a-dea4dcd51fd7: receive RaftClientReply:client-CECA27ED65B5->8cac6937-780c-4459-964a-dea4dcd51fd7@group-D84C501198B9, cid=1298, SUCCESS, logIndex=1800, commits[8cac6937-780c-4459-964a-dea4dcd51fd7:c1801, 9ed8676d-9460-465d-9905-fd43a52295f6:c1797, da64134c-6992-4903-9407-7df321e464db:c1797]
2019-07-09 09:59:15,661 INFO  client.GrpcClientProtocolClient (GrpcClientProtocolClient.java:onNext(255)) - client-CECA27ED65B5->8cac6937-780c-4459-964a-dea4dcd51fd7: receive RaftClientReply:client-CECA27ED65B5->8cac6937-780c-4459-964a-dea4dcd51fd7@group-D84C501198B9, cid=1299, SUCCESS, logIndex=1801, commits[8cac6937-780c-4459-964a-dea4dcd51fd7:c1801, 9ed8676d-9460-465d-9905-fd43a52295f6:c1797, da64134c-6992-4903-9407-7df321e464db:c1797]
2019-07-09 09:59:15,673 INFO  client.GrpcClientProtocolClient (GrpcClientProtocolClient.java:onNext(255)) - client-CECA27ED65B5->8cac6937-780c-4459-964a-dea4dcd51fd7: receive RaftClientReply:client-CECA27ED65B5->8cac6937-780c-4459-964a-dea4dcd51fd7@group-D84C501198B9, cid=1300, SUCCESS, logIndex=0, commits[8cac6937-780c-4459-964a-dea4dcd51fd7:c1804, 9ed8676d-9460-465d-9905-fd43a52295f6:c1801, da64134c-6992-4903-9407-7df321e464db:c1801]
2019-07-09 09:59:15,693 INFO  client.GrpcClientProtocolClient (GrpcClientProtocolClient.java:onNext(255)) - client-CECA27ED65B5->8cac6937-780c-4459-964a-dea4dcd51fd7: receive RaftClientReply:client-CECA27ED65B5->8cac6937-780c-4459-964a-dea4dcd51fd7@group-D84C501198B9, cid=1301, SUCCESS, logIndex=1805, commits[8cac6937-780c-4459-964a-dea4dcd51fd7:c1806, 9ed8676d-9460-465d-9905-fd43a52295f6:c1804, da64134c-6992-4903-9407-7df321e464db:c1804]
2019-07-09 09:59:15,694 INFO  client.GrpcClientProtocolClient (GrpcClientProtocolClient.java:onNext(255)) - client-CECA27ED65B5->8cac6937-780c-4459-964a-dea4dcd51fd7: receive RaftClientReply:client-CECA27ED65B5->8cac6937-780c-4459-964a-dea4dcd51fd7@group-D84C501198B9, cid=1302, SUCCESS, logIndex=1806, commits[8cac6937-780c-4459-964a-dea4dcd51fd7:c1806, 9ed8676d-9460-465d-9905-fd43a52295f6:c1804, da64134c-6992-4903-9407-7df321e464db:c1804]
2019-07-09 09:59:15,708 INFO  client.GrpcClientProtocolClient (GrpcClientProtocolClient.java:onNext(255)) - client-CECA27ED65B5->8cac6937-780c-4459-964a-dea4dcd51fd7: receive RaftClientReply:client-CECA27ED65B5->8cac6937-780c-4459-964a-dea4dcd51fd7@group-D84C501198B9, cid=1303, SUCCESS, logIndex=1809, commits[8cac6937-780c-4459-964a-dea4dcd51fd7:c1810, 9ed8676d-9460-465d-9905-fd43a52295f6:c1806, da64134c-6992-4903-9407-7df321e464db:c1806]
2019-07-09 09:59:15,708 INFO  client.GrpcClientProtocolClient (GrpcClientProtocolClient.java:onNext(255)) - client-CECA27ED65B5->8cac6937-780c-4459-964a-dea4dcd51fd7: receive RaftClientReply:client-CECA27ED65B5->8cac6937-780c-4459-964a-dea4dcd51fd7@group-D84C501198B9, cid=1304, SUCCESS, logIndex=1810, commits[8cac6937-780c-4459-964a-dea4dcd51fd7:c1810, 9ed8676d-9460-465d-9905-fd43a52295f6:c1806, da64134c-6992-4903-9407-7df321e464db:c1806]
2019-07-09 09:59:15,720 INFO  client.GrpcClientProtocolClient (GrpcClientProtocolClient.java:onNext(255)) - client-CECA27ED65B5->8cac6937-780c-4459-964a-dea4dcd51fd7: receive RaftClientReply:client-CECA27ED65B5->8cac6937-780c-4459-964a-dea4dcd51fd7@group-D84C501198B9, cid=1305, SUCCESS, logIndex=0, commits[8cac6937-780c-4459-964a-dea4dcd51fd7:c1812, 9ed8676d-9460-465d-9905-fd43a52295f6:c1810, da64134c-6992-4903-9407-7df321e464db:c1810]
2019-07-09 09:59:15,752 INFO  client.GrpcClientProtocolClient (GrpcClientProtocolClient.java:onNext(255)) - client-CECA27ED65B5->8cac6937-780c-4459-964a-dea4dcd51fd7: receive RaftClientReply:client-CECA27ED65B5->8cac6937-780c-4459-964a-dea4dcd51fd7@group-D84C501198B9, cid=1306, SUCCESS, logIndex=1813, commits[8cac6937-780c-4459-964a-dea4dcd51fd7:c1816, 9ed8676d-9460-465d-9905-fd43a52295f6:c1812, da64134c-6992-4903-9407-7df321e464db:c1812]
2019-07-09 09:59:15,752 INFO  client.GrpcClientProtocolClient (GrpcClientProtocolClient.java:onNext(255)) - client-CECA27ED65B5->8cac6937-780c-4459-964a-dea4dcd51fd7: receive RaftClientReply:client-CECA27ED65B5->8cac6937-780c-4459-964a-dea4dcd51fd7@group-D84C501198B9, cid=1307, SUCCESS, logIndex=1814, commits[8cac6937-780c-4459-964a-dea4dcd51fd7:c1816, 9ed8676d-9460-465d-9905-fd43a52295f6:c1812, da64134c-6992-4903-9407-7df321e464db:c1812]
2019-07-09 09:59:15,752 INFO  client.GrpcClientProtocolClient (GrpcClientProtocolClient.java:onNext(255)) - client-CECA27ED65B5->8cac6937-780c-4459-964a-dea4dcd51fd7: receive RaftClientReply:client-CECA27ED65B5->8cac6937-780c-4459-964a-dea4dcd51fd7@group-D84C501198B9, cid=1308, SUCCESS, logIndex=1815, commits[8cac6937-780c-4459-964a-dea4dcd51fd7:c1816, 9ed8676d-9460-465d-9905-fd43a52295f6:c1812, da64134c-6992-4903-9407-7df321e464db:c1812]
2019-07-09 09:59:15,753 INFO  client.GrpcClientProtocolClient (GrpcClientProtocolClient.java:onNext(255)) - client-CECA27ED65B5->8cac6937-780c-4459-964a-dea4dcd51fd7: receive RaftClientReply:client-CECA27ED65B5->8cac6937-780c-4459-964a-dea4dcd51fd7@group-D84C501198B9, cid=1309, SUCCESS, logIndex=1816, commits[8cac6937-780c-4459-964a-dea4dcd51fd7:c1816, 9ed8676d-9460-465d-9905-fd43a52295f6:c1812, da64134c-6992-4903-9407-7df321e464db:c1812]
2019-07-09 09:59:15,754 INFO  client.GrpcClientProtocolClient (GrpcClientProtocolClient.java:onNext(255)) - client-CECA27ED65B5->8cac6937-780c-4459-964a-dea4dcd51fd7: receive RaftClientReply:client-CECA27ED65B5->8cac6937-780c-4459-964a-dea4dcd51fd7@group-D84C501198B9, cid=1310, SUCCESS, logIndex=0, commits[8cac6937-780c-4459-964a-dea4dcd51fd7:c1820, 9ed8676d-9460-465d-9905-fd43a52295f6:c1816, da64134c-6992-4903-9407-7df321e464db:c1815]
2019-07-09 09:59:15,775 INFO  client.GrpcClientProtocolClient (GrpcClientProtocolClient.java:onNext(255)) - client-CECA27ED65B5->8cac6937-780c-4459-964a-dea4dcd51fd7: receive RaftClientReply:client-CECA27ED65B5->8cac6937-780c-4459-964a-dea4dcd51fd7@group-D84C501198B9, cid=1311, SUCCESS, logIndex=1821, commits[8cac6937-780c-4459-964a-dea4dcd51fd7:c1822, 9ed8676d-9460-465d-9905-fd43a52295f6:c1820, da64134c-6992-4903-9407-7df321e464db:c1820]
2019-07-09 09:59:15,776 INFO  client.GrpcClientProtocolClient (GrpcClientProtocolClient.java:onNext(255)) - client-CECA27ED65B5->8cac6937-780c-4459-964a-dea4dcd51fd7: receive RaftClientReply:client-CECA27ED65B5->8cac6937-780c-4459-964a-dea4dcd51fd7@group-D84C501198B9, cid=1312, SUCCESS, logIndex=1822, commits[8cac6937-780c-4459-964a-dea4dcd51fd7:c1822, 9ed8676d-9460-465d-9905-fd43a52295f6:c1820, da64134c-6992-4903-9407-7df321e464db:c1820]
2019-07-09 09:59:15,788 INFO  client.GrpcClientProtocolClient (GrpcClientProtocolClient.java:onNext(255)) - client-CECA27ED65B5->8cac6937-780c-4459-964a-dea4dcd51fd7: receive RaftClientReply:client-CECA27ED65B5->8cac6937-780c-4459-964a-dea4dcd51fd7@group-D84C501198B9, cid=1313, SUCCESS, logIndex=1825, commits[8cac6937-780c-4459-964a-dea4dcd51fd7:c1826, 9ed8676d-9460-465d-9905-fd43a52295f6:c1821, da64134c-6992-4903-9407-7df321e464db:c1822]
2019-07-09 09:59:15,789 INFO  client.GrpcClientProtocolClient (GrpcClientProtocolClient.java:onNext(255)) - client-CECA27ED65B5->8cac6937-780c-4459-964a-dea4dcd51fd7: receive RaftClientReply:client-CECA27ED65B5->8cac6937-780c-4459-964a-dea4dcd51fd7@group-D84C501198B9, cid=1314, SUCCESS, logIndex=1826, commits[8cac6937-780c-4459-964a-dea4dcd51fd7:c1826, 9ed8676d-9460-465d-9905-fd43a52295f6:c1822, da64134c-6992-4903-9407-7df321e464db:c1822]
2019-07-09 09:59:15,792 INFO  client.GrpcClientProtocolClient (GrpcClientProtocolClient.java:onNext(255)) - client-CECA27ED65B5->8cac6937-780c-4459-964a-dea4dcd51fd7: receive RaftClientReply:client-CECA27ED65B5->8cac6937-780c-4459-964a-dea4dcd51fd7@group-D84C501198B9, cid=1315, SUCCESS, logIndex=0, commits[8cac6937-780c-4459-964a-dea4dcd51fd7:c1828, 9ed8676d-9460-465d-9905-fd43a52295f6:c1826, da64134c-6992-4903-9407-7df321e464db:c1826]
2019-07-09 09:59:15,819 INFO  client.GrpcClientProtocolClient (GrpcClientProtocolClient.java:onNext(255)) - client-CECA27ED65B5->8cac6937-780c-4459-964a-dea4dcd51fd7: receive RaftClientReply:client-CECA27ED65B5->8cac6937-780c-4459-964a-dea4dcd51fd7@group-D84C501198B9, cid=1316, SUCCESS, logIndex=1829, commits[8cac6937-780c-4459-964a-dea4dcd51fd7:c1832, 9ed8676d-9460-465d-9905-fd43a52295f6:c1828, da64134c-6992-4903-9407-7df321e464db:c1828]
2019-07-09 09:59:15,820 INFO  client.GrpcClientProtocolClient (GrpcClientProtocolClient.java:onNext(255)) - client-CECA27ED65B5->8cac6937-780c-4459-964a-dea4dcd51fd7: receive RaftClientReply:client-CECA27ED65B5->8cac6937-780c-4459-964a-dea4dcd51fd7@group-D84C501198B9, cid=1317, SUCCESS, logIndex=1830, commits[8cac6937-780c-4459-964a-dea4dcd51fd7:c1832, 9ed8676d-9460-465d-9905-fd43a52295f6:c1828, da64134c-6992-4903-9407-7df321e464db:c1828]
2019-07-09 09:59:15,820 INFO  client.GrpcClientProtocolClient (GrpcClientProtocolClient.java:onNext(255)) - client-CECA27ED65B5->8cac6937-780c-4459-964a-dea4dcd51fd7: receive RaftClientReply:client-CECA27ED65B5->8cac6937-780c-4459-964a-dea4dcd51fd7@group-D84C501198B9, cid=1318, SUCCESS, logIndex=1831, commits[8cac6937-780c-4459-964a-dea4dcd51fd7:c1832, 9ed8676d-9460-465d-9905-fd43a52295f6:c1828, da64134c-6992-4903-9407-7df321e464db:c1828]
2019-07-09 09:59:15,821 INFO  client.GrpcClientProtocolClient (GrpcClientProtocolClient.java:onNext(255)) - client-CECA27ED65B5->8cac6937-780c-4459-964a-dea4dcd51fd7: receive RaftClientReply:client-CECA27ED65B5->8cac6937-780c-4459-964a-dea4dcd51fd7@group-D84C501198B9, cid=1319, SUCCESS, logIndex=1832, commits[8cac6937-780c-4459-964a-dea4dcd51fd7:c1832, 9ed8676d-9460-465d-9905-fd43a52295f6:c1828, da64134c-6992-4903-9407-7df321e464db:c1828]
2019-07-09 09:59:15,822 INFO  client.GrpcClientProtocolClient (GrpcClientProtocolClient.java:onNext(255)) - client-CECA27ED65B5->8cac6937-780c-4459-964a-dea4dcd51fd7: receive RaftClientReply:client-CECA27ED65B5->8cac6937-780c-4459-964a-dea4dcd51fd7@group-D84C501198B9, cid=1320, SUCCESS, logIndex=0, commits[8cac6937-780c-4459-964a-dea4dcd51fd7:c1836, 9ed8676d-9460-465d-9905-fd43a52295f6:c1830, da64134c-6992-4903-9407-7df321e464db:c1832]
2019-07-09 09:59:15,852 INFO  client.GrpcClientProtocolClient (GrpcClientProtocolClient.java:onNext(255)) - client-CECA27ED65B5->8cac6937-780c-4459-964a-dea4dcd51fd7: receive RaftClientReply:client-CECA27ED65B5->8cac6937-780c-4459-964a-dea4dcd51fd7@group-D84C501198B9, cid=1321, SUCCESS, logIndex=1837, commits[8cac6937-780c-4459-964a-dea4dcd51fd7:c1838, 9ed8676d-9460-465d-9905-fd43a52295f6:c1836, da64134c-6992-4903-9407-7df321e464db:c1836]
2019-07-09 09:59:15,852 INFO  client.GrpcClientProtocolClient (GrpcClientProtocolClient.java:onNext(255)) - client-CECA27ED65B5->8cac6937-780c-4459-964a-dea4dcd51fd7: receive RaftClientReply:client-CECA27ED65B5->8cac6937-780c-4459-964a-dea4dcd51fd7@group-D84C501198B9, cid=1322, SUCCESS, logIndex=1838, commits[8cac6937-780c-4459-964a-dea4dcd51fd7:c1838, 9ed8676d-9460-465d-9905-fd43a52295f6:c1836, da64134c-6992-4903-9407-7df321e464db:c1836]
2019-07-09 09:59:15,875 INFO  client.GrpcClientProtocolClient (GrpcClientProtocolClient.java:onNext(255)) - client-CECA27ED65B5->8cac6937-780c-4459-964a-dea4dcd51fd7: receive RaftClientReply:client-CECA27ED65B5->8cac6937-780c-4459-964a-dea4dcd51fd7@group-D84C501198B9, cid=1323, SUCCESS, logIndex=1841, commits[8cac6937-780c-4459-964a-dea4dcd51fd7:c1842, 9ed8676d-9460-465d-9905-fd43a52295f6:c1840, da64134c-6992-4903-9407-7df321e464db:c1840]
2019-07-09 09:59:15,876 INFO  client.GrpcClientProtocolClient (GrpcClientProtocolClient.java:onNext(255)) - client-CECA27ED65B5->8cac6937-780c-4459-964a-dea4dcd51fd7: receive RaftClientReply:client-CECA27ED65B5->8cac6937-780c-4459-964a-dea4dcd51fd7@group-D84C501198B9, cid=1324, SUCCESS, logIndex=1842, commits[8cac6937-780c-4459-964a-dea4dcd51fd7:c1842, 9ed8676d-9460-465d-9905-fd43a52295f6:c1840, da64134c-6992-4903-9407-7df321e464db:c1840]
2019-07-09 09:59:15,887 INFO  client.GrpcClientProtocolClient (GrpcClientProtocolClient.java:onNext(255)) - client-CECA27ED65B5->8cac6937-780c-4459-964a-dea4dcd51fd7: receive RaftClientReply:client-CECA27ED65B5->8cac6937-780c-4459-964a-dea4dcd51fd7@group-D84C501198B9, cid=1325, SUCCESS, logIndex=0, commits[8cac6937-780c-4459-964a-dea4dcd51fd7:c1843, 9ed8676d-9460-465d-9905-fd43a52295f6:c1842, da64134c-6992-4903-9407-7df321e464db:c1842]
2019-07-09 09:59:15,918 INFO  client.GrpcClientProtocolClient (GrpcClientProtocolClient.java:onNext(255)) - client-CECA27ED65B5->8cac6937-780c-4459-964a-dea4dcd51fd7: receive RaftClientReply:client-CECA27ED65B5->8cac6937-780c-4459-964a-dea4dcd51fd7@group-D84C501198B9, cid=1326, SUCCESS, logIndex=1845, commits[8cac6937-780c-4459-964a-dea4dcd51fd7:c1846, 9ed8676d-9460-465d-9905-fd43a52295f6:c1844, da64134c-6992-4903-9407-7df321e464db:c1844]
2019-07-09 09:59:15,919 INFO  client.GrpcClientProtocolClient (GrpcClientProtocolClient.java:onNext(255)) - client-CECA27ED65B5->8cac6937-780c-4459-964a-dea4dcd51fd7: receive RaftClientReply:client-CECA27ED65B5->8cac6937-780c-4459-964a-dea4dcd51fd7@group-D84C501198B9, cid=1327, SUCCESS, logIndex=1846, commits[8cac6937-780c-4459-964a-dea4dcd51fd7:c1846, 9ed8676d-9460-465d-9905-fd43a52295f6:c1844, da64134c-6992-4903-9407-7df321e464db:c1844]
2019-07-09 09:59:15,919 INFO  client.GrpcClientProtocolClient (GrpcClientProtocolClient.java:onNext(255)) - client-CECA27ED65B5->8cac6937-780c-4459-964a-dea4dcd51fd7: receive RaftClientReply:client-CECA27ED65B5->8cac6937-780c-4459-964a-dea4dcd51fd7@group-D84C501198B9, cid=1328, SUCCESS, logIndex=1847, commits[8cac6937-780c-4459-964a-dea4dcd51fd7:c1848, 9ed8676d-9460-465d-9905-fd43a52295f6:c1844, da64134c-6992-4903-9407-7df321e464db:c1844]
2019-07-09 09:59:15,920 INFO  client.GrpcClientProtocolClient (GrpcClientProtocolClient.java:onNext(255)) - client-CECA27ED65B5->8cac6937-780c-4459-964a-dea4dcd51fd7: receive RaftClientReply:client-CECA27ED65B5->8cac6937-780c-4459-964a-dea4dcd51fd7@group-D84C501198B9, cid=1329, SUCCESS, logIndex=1848, commits[8cac6937-780c-4459-964a-dea4dcd51fd7:c1848, 9ed8676d-9460-465d-9905-fd43a52295f6:c1844, da64134c-6992-4903-9407-7df321e464db:c1844]
2019-07-09 09:59:15,921 INFO  client.GrpcClientProtocolClient (GrpcClientProtocolClient.java:onNext(255)) - client-CECA27ED65B5->8cac6937-780c-4459-964a-dea4dcd51fd7: receive RaftClientReply:client-CECA27ED65B5->8cac6937-780c-4459-964a-dea4dcd51fd7@group-D84C501198B9, cid=1330, SUCCESS, logIndex=0, commits[8cac6937-780c-4459-964a-dea4dcd51fd7:c1851, 9ed8676d-9460-465d-9905-fd43a52295f6:c1847, da64134c-6992-4903-9407-7df321e464db:c1846]
2019-07-09 09:59:15,942 INFO  client.GrpcClientProtocolClient (GrpcClientProtocolClient.java:onNext(255)) - client-CECA27ED65B5->8cac6937-780c-4459-964a-dea4dcd51fd7: receive RaftClientReply:client-CECA27ED65B5->8cac6937-780c-4459-964a-dea4dcd51fd7@group-D84C501198B9, cid=1331, SUCCESS, logIndex=1853, commits[8cac6937-780c-4459-964a-dea4dcd51fd7:c1854, 9ed8676d-9460-465d-9905-fd43a52295f6:c1852, da64134c-6992-4903-9407-7df321e464db:c1852]
2019-07-09 09:59:15,942 INFO  client.GrpcClientProtocolClient (GrpcClientProtocolClient.java:onNext(255)) - client-CECA27ED65B5->8cac6937-780c-4459-964a-dea4dcd51fd7: receive RaftClientReply:client-CECA27ED65B5->8cac6937-780c-4459-964a-dea4dcd51fd7@group-D84C501198B9, cid=1332, SUCCESS, logIndex=1854, commits[8cac6937-780c-4459-964a-dea4dcd51fd7:c1854, 9ed8676d-9460-465d-9905-fd43a52295f6:c1852, da64134c-6992-4903-9407-7df321e464db:c1852]
2019-07-09 09:59:15,957 INFO  client.GrpcClientProtocolClient (GrpcClientProtocolClient.java:onNext(255)) - client-CECA27ED65B5->8cac6937-780c-4459-964a-dea4dcd51fd7: receive RaftClientReply:client-CECA27ED65B5->8cac6937-780c-4459-964a-dea4dcd51fd7@group-D84C501198B9, cid=1333, SUCCESS, logIndex=1857, commits[8cac6937-780c-4459-964a-dea4dcd51fd7:c1857, 9ed8676d-9460-465d-9905-fd43a52295f6:c1854, da64134c-6992-4903-9407-7df321e464db:c1854]
2019-07-09 09:59:15,957 INFO  client.GrpcClientProtocolClient (GrpcClientProtocolClient.java:onNext(255)) - client-CECA27ED65B5->8cac6937-780c-4459-964a-dea4dcd51fd7: receive RaftClientReply:client-CECA27ED65B5->8cac6937-780c-4459-964a-dea4dcd51fd7@group-D84C501198B9, cid=1334, SUCCESS, logIndex=1858, commits[8cac6937-780c-4459-964a-dea4dcd51fd7:c1858, 9ed8676d-9460-465d-9905-fd43a52295f6:c1854, da64134c-6992-4903-9407-7df321e464db:c1854]
2019-07-09 09:59:15,972 INFO  client.GrpcClientProtocolClient (GrpcClientProtocolClient.java:onNext(255)) - client-CECA27ED65B5->8cac6937-780c-4459-964a-dea4dcd51fd7: receive RaftClientReply:client-CECA27ED65B5->8cac6937-780c-4459-964a-dea4dcd51fd7@group-D84C501198B9, cid=1335, SUCCESS, logIndex=0, commits[8cac6937-780c-4459-964a-dea4dcd51fd7:c1860, 9ed8676d-9460-465d-9905-fd43a52295f6:c1858, da64134c-6992-4903-9407-7df321e464db:c1858]
2019-07-09 09:59:16,002 INFO  client.GrpcClientProtocolClient (GrpcClientProtocolClient.java:onNext(255)) - client-CECA27ED65B5->8cac6937-780c-4459-964a-dea4dcd51fd7: receive RaftClientReply:client-CECA27ED65B5->8cac6937-780c-4459-964a-dea4dcd51fd7@group-D84C501198B9, cid=1336, SUCCESS, logIndex=1861, commits[8cac6937-780c-4459-964a-dea4dcd51fd7:c1862, 9ed8676d-9460-465d-9905-fd43a52295f6:c1860, da64134c-6992-4903-9407-7df321e464db:c1860]
2019-07-09 09:59:16,002 INFO  client.GrpcClientProtocolClient (GrpcClientProtocolClient.java:onNext(255)) - client-CECA27ED65B5->8cac6937-780c-4459-964a-dea4dcd51fd7: receive RaftClientReply:client-CECA27ED65B5->8cac6937-780c-4459-964a-dea4dcd51fd7@group-D84C501198B9, cid=1337, SUCCESS, logIndex=1862, commits[8cac6937-780c-4459-964a-dea4dcd51fd7:c1864, 9ed8676d-9460-465d-9905-fd43a52295f6:c1860, da64134c-6992-4903-9407-7df321e464db:c1860]
2019-07-09 09:59:16,003 INFO  client.GrpcClientProtocolClient (GrpcClientProtocolClient.java:onNext(255)) - client-CECA27ED65B5->8cac6937-780c-4459-964a-dea4dcd51fd7: receive RaftClientReply:client-CECA27ED65B5->8cac6937-780c-4459-964a-dea4dcd51fd7@group-D84C501198B9, cid=1338, SUCCESS, logIndex=1863, commits[8cac6937-780c-4459-964a-dea4dcd51fd7:c1864, 9ed8676d-9460-465d-9905-fd43a52295f6:c1860, da64134c-6992-4903-9407-7df321e464db:c1860]
2019-07-09 09:59:16,004 INFO  client.GrpcClientProtocolClient (GrpcClientProtocolClient.java:onNext(255)) - client-CECA27ED65B5->8cac6937-780c-4459-964a-dea4dcd51fd7: receive RaftClientReply:client-CECA27ED65B5->8cac6937-780c-4459-964a-dea4dcd51fd7@group-D84C501198B9, cid=1339, SUCCESS, logIndex=1864, commits[8cac6937-780c-4459-964a-dea4dcd51fd7:c1865, 9ed8676d-9460-465d-9905-fd43a52295f6:c1861, da64134c-6992-4903-9407-7df321e464db:c1860]
2019-07-09 09:59:16,005 INFO  client.GrpcClientProtocolClient (GrpcClientProtocolClient.java:onNext(255)) - client-CECA27ED65B5->8cac6937-780c-4459-964a-dea4dcd51fd7: receive RaftClientReply:client-CECA27ED65B5->8cac6937-780c-4459-964a-dea4dcd51fd7@group-D84C501198B9, cid=1340, SUCCESS, logIndex=0, commits[8cac6937-780c-4459-964a-dea4dcd51fd7:c1868, 9ed8676d-9460-465d-9905-fd43a52295f6:c1864, da64134c-6992-4903-9407-7df321e464db:c1864]
2019-07-09 09:59:16,026 INFO  client.GrpcClientProtocolClient (GrpcClientProtocolClient.java:onNext(255)) - client-CECA27ED65B5->8cac6937-780c-4459-964a-dea4dcd51fd7: receive RaftClientReply:client-CECA27ED65B5->8cac6937-780c-4459-964a-dea4dcd51fd7@group-D84C501198B9, cid=1341, SUCCESS, logIndex=1869, commits[8cac6937-780c-4459-964a-dea4dcd51fd7:c1870, 9ed8676d-9460-465d-9905-fd43a52295f6:c1868, da64134c-6992-4903-9407-7df321e464db:c1868]
2019-07-09 09:59:16,027 INFO  client.GrpcClientProtocolClient (GrpcClientProtocolClient.java:onNext(255)) - client-CECA27ED65B5->8cac6937-780c-4459-964a-dea4dcd51fd7: receive RaftClientReply:client-CECA27ED65B5->8cac6937-780c-4459-964a-dea4dcd51fd7@group-D84C501198B9, cid=1342, SUCCESS, logIndex=1870, commits[8cac6937-780c-4459-964a-dea4dcd51fd7:c1870, 9ed8676d-9460-465d-9905-fd43a52295f6:c1868, da64134c-6992-4903-9407-7df321e464db:c1868]
2019-07-09 09:59:16,040 INFO  client.GrpcClientProtocolClient (GrpcClientProtocolClient.java:onNext(255)) - client-CECA27ED65B5->8cac6937-780c-4459-964a-dea4dcd51fd7: receive RaftClientReply:client-CECA27ED65B5->8cac6937-780c-4459-964a-dea4dcd51fd7@group-D84C501198B9, cid=1343, SUCCESS, logIndex=1873, commits[8cac6937-780c-4459-964a-dea4dcd51fd7:c1874, 9ed8676d-9460-465d-9905-fd43a52295f6:c1869, da64134c-6992-4903-9407-7df321e464db:c1870]
2019-07-09 09:59:16,040 INFO  client.GrpcClientProtocolClient (GrpcClientProtocolClient.java:onNext(255)) - client-CECA27ED65B5->8cac6937-780c-4459-964a-dea4dcd51fd7: receive RaftClientReply:client-CECA27ED65B5->8cac6937-780c-4459-964a-dea4dcd51fd7@group-D84C501198B9, cid=1344, SUCCESS, logIndex=1874, commits[8cac6937-780c-4459-964a-dea4dcd51fd7:c1874, 9ed8676d-9460-465d-9905-fd43a52295f6:c1870, da64134c-6992-4903-9407-7df321e464db:c1870]
2019-07-09 09:59:16,042 INFO  client.GrpcClientProtocolClient (GrpcClientProtocolClient.java:onNext(255)) - client-CECA27ED65B5->8cac6937-780c-4459-964a-dea4dcd51fd7: receive RaftClientReply:client-CECA27ED65B5->8cac6937-780c-4459-964a-dea4dcd51fd7@group-D84C501198B9, cid=1345, SUCCESS, logIndex=0, commits[8cac6937-780c-4459-964a-dea4dcd51fd7:c1876, 9ed8676d-9460-465d-9905-fd43a52295f6:c1874, da64134c-6992-4903-9407-7df321e464db:c1874]
2019-07-09 09:59:16,172 INFO  client.GrpcClientProtocolClient (GrpcClientProtocolClient.java:onNext(255)) - client-CECA27ED65B5->8cac6937-780c-4459-964a-dea4dcd51fd7: receive RaftClientReply:client-CECA27ED65B5->8cac6937-780c-4459-964a-dea4dcd51fd7@group-D84C501198B9, cid=1346, SUCCESS, logIndex=1877, commits[8cac6937-780c-4459-964a-dea4dcd51fd7:c1879, 9ed8676d-9460-465d-9905-fd43a52295f6:c1876, da64134c-6992-4903-9407-7df321e464db:c1876]
2019-07-09 09:59:16,173 INFO  client.GrpcClientProtocolClient (GrpcClientProtocolClient.java:onNext(255)) - client-CECA27ED65B5->8cac6937-780c-4459-964a-dea4dcd51fd7: receive RaftClientReply:client-CECA27ED65B5->8cac6937-780c-4459-964a-dea4dcd51fd7@group-D84C501198B9, cid=1347, SUCCESS, logIndex=1878, commits[8cac6937-780c-4459-964a-dea4dcd51fd7:c1880, 9ed8676d-9460-465d-9905-fd43a52295f6:c1876, da64134c-6992-4903-9407-7df321e464db:c1876]
2019-07-09 09:59:16,173 INFO  client.GrpcClientProtocolClient (GrpcClientProtocolClient.java:onNext(255)) - client-CECA27ED65B5->8cac6937-780c-4459-964a-dea4dcd51fd7: receive RaftClientReply:client-CECA27ED65B5->8cac6937-780c-4459-964a-dea4dcd51fd7@group-D84C501198B9, cid=1348, SUCCESS, logIndex=1879, commits[8cac6937-780c-4459-964a-dea4dcd51fd7:c1880, 9ed8676d-9460-465d-9905-fd43a52295f6:c1876, da64134c-6992-4903-9407-7df321e464db:c1876]
2019-07-09 09:59:16,174 INFO  client.GrpcClientProtocolClient (GrpcClientProtocolClient.java:onNext(255)) - client-CECA27ED65B5->8cac6937-780c-4459-964a-dea4dcd51fd7: receive RaftClientReply:client-CECA27ED65B5->8cac6937-780c-4459-964a-dea4dcd51fd7@group-D84C501198B9, cid=1349, SUCCESS, logIndex=1880, commits[8cac6937-780c-4459-964a-dea4dcd51fd7:c1880, 9ed8676d-9460-465d-9905-fd43a52295f6:c1876, da64134c-6992-4903-9407-7df321e464db:c1876]
2019-07-09 09:59:16,183 INFO  client.GrpcClientProtocolClient (GrpcClientProtocolClient.java:onNext(255)) - client-CECA27ED65B5->8cac6937-780c-4459-964a-dea4dcd51fd7: receive RaftClientReply:client-CECA27ED65B5->8cac6937-780c-4459-964a-dea4dcd51fd7@group-D84C501198B9, cid=1350, SUCCESS, logIndex=0, commits[8cac6937-780c-4459-964a-dea4dcd51fd7:c1881, 9ed8676d-9460-465d-9905-fd43a52295f6:c1878, da64134c-6992-4903-9407-7df321e464db:c1878]
2019-07-09 09:59:16,209 INFO  client.GrpcClientProtocolClient (GrpcClientProtocolClient.java:onNext(255)) - client-CECA27ED65B5->8cac6937-780c-4459-964a-dea4dcd51fd7: receive RaftClientReply:client-CECA27ED65B5->8cac6937-780c-4459-964a-dea4dcd51fd7@group-D84C501198B9, cid=1351, SUCCESS, logIndex=1885, commits[8cac6937-780c-4459-964a-dea4dcd51fd7:c1886, 9ed8676d-9460-465d-9905-fd43a52295f6:c1884, da64134c-6992-4903-9407-7df321e464db:c1884]
2019-07-09 09:59:16,209 INFO  client.GrpcClientProtocolClient (GrpcClientProtocolClient.java:onNext(255)) - client-CECA27ED65B5->8cac6937-780c-4459-964a-dea4dcd51fd7: receive RaftClientReply:client-CECA27ED65B5->8cac6937-780c-4459-964a-dea4dcd51fd7@group-D84C501198B9, cid=1352, SUCCESS, logIndex=1886, commits[8cac6937-780c-4459-964a-dea4dcd51fd7:c1886, 9ed8676d-9460-465d-9905-fd43a52295f6:c1884, da64134c-6992-4903-9407-7df321e464db:c1884]
2019-07-09 09:59:16,243 INFO  client.GrpcClientProtocolClient (GrpcClientProtocolClient.java:onNext(255)) - client-CECA27ED65B5->8cac6937-780c-4459-964a-dea4dcd51fd7: receive RaftClientReply:client-CECA27ED65B5->8cac6937-780c-4459-964a-dea4dcd51fd7@group-D84C501198B9, cid=1353, SUCCESS, logIndex=1889, commits[8cac6937-780c-4459-964a-dea4dcd51fd7:c1890, 9ed8676d-9460-465d-9905-fd43a52295f6:c1886, da64134c-6992-4903-9407-7df321e464db:c1886]
2019-07-09 09:59:16,243 INFO  client.GrpcClientProtocolClient (GrpcClientProtocolClient.java:onNext(255)) - client-CECA27ED65B5->8cac6937-780c-4459-964a-dea4dcd51fd7: receive RaftClientReply:client-CECA27ED65B5->8cac6937-780c-4459-964a-dea4dcd51fd7@group-D84C501198B9, cid=1354, SUCCESS, logIndex=1890, commits[8cac6937-780c-4459-964a-dea4dcd51fd7:c1890, 9ed8676d-9460-465d-9905-fd43a52295f6:c1886, da64134c-6992-4903-9407-7df321e464db:c1886]
 0.00% |█                                                                                                    |  0/1 Time: 0:00:082019-07-09 09:59:16,256 INFO  client.GrpcClientProtocolClient (GrpcClientProtocolClient.java:onNext(255)) - client-CECA27ED65B5->8cac6937-780c-4459-964a-dea4dcd51fd7: receive RaftClientReply:client-CECA27ED65B5->8cac6937-780c-4459-964a-dea4dcd51fd7@group-D84C501198B9, cid=1355, SUCCESS, logIndex=0, commits[8cac6937-780c-4459-964a-dea4dcd51fd7:c1892, 9ed8676d-9460-465d-9905-fd43a52295f6:c1890, da64134c-6992-4903-9407-7df321e464db:c1890]
2019-07-09 09:59:16,291 INFO  client.GrpcClientProtocolClient (GrpcClientProtocolClient.java:onNext(255)) - client-CECA27ED65B5->8cac6937-780c-4459-964a-dea4dcd51fd7: receive RaftClientReply:client-CECA27ED65B5->8cac6937-780c-4459-964a-dea4dcd51fd7@group-D84C501198B9, cid=1356, SUCCESS, logIndex=1893, commits[8cac6937-780c-4459-964a-dea4dcd51fd7:c1894, 9ed8676d-9460-465d-9905-fd43a52295f6:c1892, da64134c-6992-4903-9407-7df321e464db:c1892]
2019-07-09 09:59:16,292 INFO  client.GrpcClientProtocolClient (GrpcClientProtocolClient.java:onNext(255)) - client-CECA27ED65B5->8cac6937-780c-4459-964a-dea4dcd51fd7: receive RaftClientReply:client-CECA27ED65B5->8cac6937-780c-4459-964a-dea4dcd51fd7@group-D84C501198B9, cid=1357, SUCCESS, logIndex=1894, commits[8cac6937-780c-4459-964a-dea4dcd51fd7:c1896, 9ed8676d-9460-465d-9905-fd43a52295f6:c1892, da64134c-6992-4903-9407-7df321e464db:c1892]
2019-07-09 09:59:16,292 INFO  client.GrpcClientProtocolClient (GrpcClientProtocolClient.java:onNext(255)) - client-CECA27ED65B5->8cac6937-780c-4459-964a-dea4dcd51fd7: receive RaftClientReply:client-CECA27ED65B5->8cac6937-780c-4459-964a-dea4dcd51fd7@group-D84C501198B9, cid=1358, SUCCESS, logIndex=1895, commits[8cac6937-780c-4459-964a-dea4dcd51fd7:c1896, 9ed8676d-9460-465d-9905-fd43a52295f6:c1892, da64134c-6992-4903-9407-7df321e464db:c1892]
2019-07-09 09:59:16,292 INFO  client.GrpcClientProtocolClient (GrpcClientProtocolClient.java:onNext(255)) - client-CECA27ED65B5->8cac6937-780c-4459-964a-dea4dcd51fd7: receive RaftClientReply:client-CECA27ED65B5->8cac6937-780c-4459-964a-dea4dcd51fd7@group-D84C501198B9, cid=1359, SUCCESS, logIndex=1896, commits[8cac6937-780c-4459-964a-dea4dcd51fd7:c1896, 9ed8676d-9460-465d-9905-fd43a52295f6:c1892, da64134c-6992-4903-9407-7df321e464db:c1892]
2019-07-09 09:59:16,303 INFO  client.GrpcClientProtocolClient (GrpcClientProtocolClient.java:onNext(255)) - client-CECA27ED65B5->8cac6937-780c-4459-964a-dea4dcd51fd7: receive RaftClientReply:client-CECA27ED65B5->8cac6937-780c-4459-964a-dea4dcd51fd7@group-D84C501198B9, cid=1360, SUCCESS, logIndex=0, commits[8cac6937-780c-4459-964a-dea4dcd51fd7:c1899, 9ed8676d-9460-465d-9905-fd43a52295f6:c1894, da64134c-6992-4903-9407-7df321e464db:c1896]
2019-07-09 09:59:16,325 INFO  client.GrpcClientProtocolClient (GrpcClientProtocolClient.java:onNext(255)) - client-CECA27ED65B5->8cac6937-780c-4459-964a-dea4dcd51fd7: receive RaftClientReply:client-CECA27ED65B5->8cac6937-780c-4459-964a-dea4dcd51fd7@group-D84C501198B9, cid=1361, SUCCESS, logIndex=1900, commits[8cac6937-780c-4459-964a-dea4dcd51fd7:c1901, 9ed8676d-9460-465d-9905-fd43a52295f6:c1899, da64134c-6992-4903-9407-7df321e464db:c1899]
2019-07-09 09:59:16,325 INFO  client.GrpcClientProtocolClient (GrpcClientProtocolClient.java:onNext(255)) - client-CECA27ED65B5->8cac6937-780c-4459-964a-dea4dcd51fd7: receive RaftClientReply:client-CECA27ED65B5->8cac6937-780c-4459-964a-dea4dcd51fd7@group-D84C501198B9, cid=1362, SUCCESS, logIndex=1901, commits[8cac6937-780c-4459-964a-dea4dcd51fd7:c1901, 9ed8676d-9460-465d-9905-fd43a52295f6:c1899, da64134c-6992-4903-9407-7df321e464db:c1899]
2019-07-09 09:59:16,356 INFO  client.GrpcClientProtocolClient (GrpcClientProtocolClient.java:onNext(255)) - client-CECA27ED65B5->8cac6937-780c-4459-964a-dea4dcd51fd7: receive RaftClientReply:client-CECA27ED65B5->8cac6937-780c-4459-964a-dea4dcd51fd7@group-D84C501198B9, cid=1363, SUCCESS, logIndex=1904, commits[8cac6937-780c-4459-964a-dea4dcd51fd7:c1905, 9ed8676d-9460-465d-9905-fd43a52295f6:c1901, da64134c-6992-4903-9407-7df321e464db:c1900]
2019-07-09 09:59:16,356 INFO  client.GrpcClientProtocolClient (GrpcClientProtocolClient.java:onNext(255)) - client-CECA27ED65B5->8cac6937-780c-4459-964a-dea4dcd51fd7: receive RaftClientReply:client-CECA27ED65B5->8cac6937-780c-4459-964a-dea4dcd51fd7@group-D84C501198B9, cid=1364, SUCCESS, logIndex=1905, commits[8cac6937-780c-4459-964a-dea4dcd51fd7:c1905, 9ed8676d-9460-465d-9905-fd43a52295f6:c1901, da64134c-6992-4903-9407-7df321e464db:c1901]
2019-07-09 09:59:16,359 INFO  client.GrpcClientProtocolClient (GrpcClientProtocolClient.java:onNext(255)) - client-CECA27ED65B5->8cac6937-780c-4459-964a-dea4dcd51fd7: receive RaftClientReply:client-CECA27ED65B5->8cac6937-780c-4459-964a-dea4dcd51fd7@group-D84C501198B9, cid=1365, SUCCESS, logIndex=0, commits[8cac6937-780c-4459-964a-dea4dcd51fd7:c1907, 9ed8676d-9460-465d-9905-fd43a52295f6:c1905, da64134c-6992-4903-9407-7df321e464db:c1905]
2019-07-09 09:59:16,388 INFO  client.GrpcClientProtocolClient (GrpcClientProtocolClient.java:onNext(255)) - client-CECA27ED65B5->8cac6937-780c-4459-964a-dea4dcd51fd7: receive RaftClientReply:client-CECA27ED65B5->8cac6937-780c-4459-964a-dea4dcd51fd7@group-D84C501198B9, cid=1366, SUCCESS, logIndex=1908, commits[8cac6937-780c-4459-964a-dea4dcd51fd7:c1910, 9ed8676d-9460-465d-9905-fd43a52295f6:c1907, da64134c-6992-4903-9407-7df321e464db:c1907]
2019-07-09 09:59:16,389 INFO  client.GrpcClientProtocolClient (GrpcClientProtocolClient.java:onNext(255)) - client-CECA27ED65B5->8cac6937-780c-4459-964a-dea4dcd51fd7: receive RaftClientReply:client-CECA27ED65B5->8cac6937-780c-4459-964a-dea4dcd51fd7@group-D84C501198B9, cid=1367, SUCCESS, logIndex=1909, commits[8cac6937-780c-4459-964a-dea4dcd51fd7:c1911, 9ed8676d-9460-465d-9905-fd43a52295f6:c1907, da64134c-6992-4903-9407-7df321e464db:c1907]
2019-07-09 09:59:16,389 INFO  client.GrpcClientProtocolClient (GrpcClientProtocolClient.java:onNext(255)) - client-CECA27ED65B5->8cac6937-780c-4459-964a-dea4dcd51fd7: receive RaftClientReply:client-CECA27ED65B5->8cac6937-780c-4459-964a-dea4dcd51fd7@group-D84C501198B9, cid=1368, SUCCESS, logIndex=1910, commits[8cac6937-780c-4459-964a-dea4dcd51fd7:c1911, 9ed8676d-9460-465d-9905-fd43a52295f6:c1907, da64134c-6992-4903-9407-7df321e464db:c1907]
2019-07-09 09:59:16,389 INFO  client.GrpcClientProtocolClient (GrpcClientProtocolClient.java:onNext(255)) - client-CECA27ED65B5->8cac6937-780c-4459-964a-dea4dcd51fd7: receive RaftClientReply:client-CECA27ED65B5->8cac6937-780c-4459-964a-dea4dcd51fd7@group-D84C501198B9, cid=1369, SUCCESS, logIndex=1911, commits[8cac6937-780c-4459-964a-dea4dcd51fd7:c1911, 9ed8676d-9460-465d-9905-fd43a52295f6:c1907, da64134c-6992-4903-9407-7df321e464db:c1908]
2019-07-09 09:59:16,391 INFO  client.GrpcClientProtocolClient (GrpcClientProtocolClient.java:onNext(255)) - client-CECA27ED65B5->8cac6937-780c-4459-964a-dea4dcd51fd7: receive RaftClientReply:client-CECA27ED65B5->8cac6937-780c-4459-964a-dea4dcd51fd7@group-D84C501198B9, cid=1370, SUCCESS, logIndex=0, commits[8cac6937-780c-4459-964a-dea4dcd51fd7:c1915, 9ed8676d-9460-465d-9905-fd43a52295f6:c1910, da64134c-6992-4903-9407-7df321e464db:c1911]
2019-07-09 09:59:16,412 INFO  client.GrpcClientProtocolClient (GrpcClientProtocolClient.java:onNext(255)) - client-CECA27ED65B5->8cac6937-780c-4459-964a-dea4dcd51fd7: receive RaftClientReply:client-CECA27ED65B5->8cac6937-780c-4459-964a-dea4dcd51fd7@group-D84C501198B9, cid=1371, SUCCESS, logIndex=1916, commits[8cac6937-780c-4459-964a-dea4dcd51fd7:c1917, 9ed8676d-9460-465d-9905-fd43a52295f6:c1915, da64134c-6992-4903-9407-7df321e464db:c1915]
2019-07-09 09:59:16,413 INFO  client.GrpcClientProtocolClient (GrpcClientProtocolClient.java:onNext(255)) - client-CECA27ED65B5->8cac6937-780c-4459-964a-dea4dcd51fd7: receive RaftClientReply:client-CECA27ED65B5->8cac6937-780c-4459-964a-dea4dcd51fd7@group-D84C501198B9, cid=1372, SUCCESS, logIndex=1917, commits[8cac6937-780c-4459-964a-dea4dcd51fd7:c1917, 9ed8676d-9460-465d-9905-fd43a52295f6:c1915, da64134c-6992-4903-9407-7df321e464db:c1915]
2019-07-09 09:59:16,426 INFO  client.GrpcClientProtocolClient (GrpcClientProtocolClient.java:onNext(255)) - client-CECA27ED65B5->8cac6937-780c-4459-964a-dea4dcd51fd7: receive RaftClientReply:client-CECA27ED65B5->8cac6937-780c-4459-964a-dea4dcd51fd7@group-D84C501198B9, cid=1373, SUCCESS, logIndex=1920, commits[8cac6937-780c-4459-964a-dea4dcd51fd7:c1921, 9ed8676d-9460-465d-9905-fd43a52295f6:c1917, da64134c-6992-4903-9407-7df321e464db:c1917]
2019-07-09 09:59:16,426 INFO  client.GrpcClientProtocolClient (GrpcClientProtocolClient.java:onNext(255)) - client-CECA27ED65B5->8cac6937-780c-4459-964a-dea4dcd51fd7: receive RaftClientReply:client-CECA27ED65B5->8cac6937-780c-4459-964a-dea4dcd51fd7@group-D84C501198B9, cid=1374, SUCCESS, logIndex=1921, commits[8cac6937-780c-4459-964a-dea4dcd51fd7:c1921, 9ed8676d-9460-465d-9905-fd43a52295f6:c1917, da64134c-6992-4903-9407-7df321e464db:c1917]
2019-07-09 09:59:16,439 INFO  client.GrpcClientProtocolClient (GrpcClientProtocolClient.java:onNext(255)) - client-CECA27ED65B5->8cac6937-780c-4459-964a-dea4dcd51fd7: receive RaftClientReply:client-CECA27ED65B5->8cac6937-780c-4459-964a-dea4dcd51fd7@group-D84C501198B9, cid=1375, SUCCESS, logIndex=0, commits[8cac6937-780c-4459-964a-dea4dcd51fd7:c1923, 9ed8676d-9460-465d-9905-fd43a52295f6:c1921, da64134c-6992-4903-9407-7df321e464db:c1921]
2019-07-09 09:59:16,473 INFO  client.GrpcClientProtocolClient (GrpcClientProtocolClient.java:onNext(255)) - client-CECA27ED65B5->8cac6937-780c-4459-964a-dea4dcd51fd7: receive RaftClientReply:client-CECA27ED65B5->8cac6937-780c-4459-964a-dea4dcd51fd7@group-D84C501198B9, cid=1376, SUCCESS, logIndex=1924, commits[8cac6937-780c-4459-964a-dea4dcd51fd7:c1927, 9ed8676d-9460-465d-9905-fd43a52295f6:c1923, da64134c-6992-4903-9407-7df321e464db:c1923]
2019-07-09 09:59:16,474 INFO  client.GrpcClientProtocolClient (GrpcClientProtocolClient.java:onNext(255)) - client-CECA27ED65B5->8cac6937-780c-4459-964a-dea4dcd51fd7: receive RaftClientReply:client-CECA27ED65B5->8cac6937-780c-4459-964a-dea4dcd51fd7@group-D84C501198B9, cid=1377, SUCCESS, logIndex=1925, commits[8cac6937-780c-4459-964a-dea4dcd51fd7:c1927, 9ed8676d-9460-465d-9905-fd43a52295f6:c1923, da64134c-6992-4903-9407-7df321e464db:c1923]
2019-07-09 09:59:16,474 INFO  client.GrpcClientProtocolClient (GrpcClientProtocolClient.java:onNext(255)) - client-CECA27ED65B5->8cac6937-780c-4459-964a-dea4dcd51fd7: receive RaftClientReply:client-CECA27ED65B5->8cac6937-780c-4459-964a-dea4dcd51fd7@group-D84C501198B9, cid=1378, SUCCESS, logIndex=1926, commits[8cac6937-780c-4459-964a-dea4dcd51fd7:c1927, 9ed8676d-9460-465d-9905-fd43a52295f6:c1923, da64134c-6992-4903-9407-7df321e464db:c1923]
2019-07-09 09:59:16,474 INFO  client.GrpcClientProtocolClient (GrpcClientProtocolClient.java:onNext(255)) - client-CECA27ED65B5->8cac6937-780c-4459-964a-dea4dcd51fd7: receive RaftClientReply:client-CECA27ED65B5->8cac6937-780c-4459-964a-dea4dcd51fd7@group-D84C501198B9, cid=1379, SUCCESS, logIndex=1927, commits[8cac6937-780c-4459-964a-dea4dcd51fd7:c1927, 9ed8676d-9460-465d-9905-fd43a52295f6:c1923, da64134c-6992-4903-9407-7df321e464db:c1923]
2019-07-09 09:59:16,485 INFO  client.GrpcClientProtocolClient (GrpcClientProtocolClient.java:onNext(255)) - client-CECA27ED65B5->8cac6937-780c-4459-964a-dea4dcd51fd7: receive RaftClientReply:client-CECA27ED65B5->8cac6937-780c-4459-964a-dea4dcd51fd7@group-D84C501198B9, cid=1380, SUCCESS, logIndex=0, commits[8cac6937-780c-4459-964a-dea4dcd51fd7:c1928, 9ed8676d-9460-465d-9905-fd43a52295f6:c1925, da64134c-6992-4903-9407-7df321e464db:c1925]
2019-07-09 09:59:16,505 INFO  client.GrpcClientProtocolClient (GrpcClientProtocolClient.java:onNext(255)) - client-CECA27ED65B5->8cac6937-780c-4459-964a-dea4dcd51fd7: receive RaftClientReply:client-CECA27ED65B5->8cac6937-780c-4459-964a-dea4dcd51fd7@group-D84C501198B9, cid=1381, SUCCESS, logIndex=1932, commits[8cac6937-780c-4459-964a-dea4dcd51fd7:c1933, 9ed8676d-9460-465d-9905-fd43a52295f6:c1931, da64134c-6992-4903-9407-7df321e464db:c1931]
2019-07-09 09:59:16,506 INFO  client.GrpcClientProtocolClient (GrpcClientProtocolClient.java:onNext(255)) - client-CECA27ED65B5->8cac6937-780c-4459-964a-dea4dcd51fd7: receive RaftClientReply:client-CECA27ED65B5->8cac6937-780c-4459-964a-dea4dcd51fd7@group-D84C501198B9, cid=1382, SUCCESS, logIndex=1933, commits[8cac6937-780c-4459-964a-dea4dcd51fd7:c1933, 9ed8676d-9460-465d-9905-fd43a52295f6:c1931, da64134c-6992-4903-9407-7df321e464db:c1931]
2019-07-09 09:59:16,519 INFO  client.GrpcClientProtocolClient (GrpcClientProtocolClient.java:onNext(255)) - client-CECA27ED65B5->8cac6937-780c-4459-964a-dea4dcd51fd7: receive RaftClientReply:client-CECA27ED65B5->8cac6937-780c-4459-964a-dea4dcd51fd7@group-D84C501198B9, cid=1383, SUCCESS, logIndex=1936, commits[8cac6937-780c-4459-964a-dea4dcd51fd7:c1937, 9ed8676d-9460-465d-9905-fd43a52295f6:c1933, da64134c-6992-4903-9407-7df321e464db:c1933]
2019-07-09 09:59:16,519 INFO  client.GrpcClientProtocolClient (GrpcClientProtocolClient.java:onNext(255)) - client-CECA27ED65B5->8cac6937-780c-4459-964a-dea4dcd51fd7: receive RaftClientReply:client-CECA27ED65B5->8cac6937-780c-4459-964a-dea4dcd51fd7@group-D84C501198B9, cid=1384, SUCCESS, logIndex=1937, commits[8cac6937-780c-4459-964a-dea4dcd51fd7:c1937, 9ed8676d-9460-465d-9905-fd43a52295f6:c1933, da64134c-6992-4903-9407-7df321e464db:c1933]
2019-07-09 09:59:16,522 INFO  client.GrpcClientProtocolClient (GrpcClientProtocolClient.java:onNext(255)) - client-CECA27ED65B5->8cac6937-780c-4459-964a-dea4dcd51fd7: receive RaftClientReply:client-CECA27ED65B5->8cac6937-780c-4459-964a-dea4dcd51fd7@group-D84C501198B9, cid=1385, SUCCESS, logIndex=0, commits[8cac6937-780c-4459-964a-dea4dcd51fd7:c1939, 9ed8676d-9460-465d-9905-fd43a52295f6:c1937, da64134c-6992-4903-9407-7df321e464db:c1937]
2019-07-09 09:59:16,550 INFO  client.GrpcClientProtocolClient (GrpcClientProtocolClient.java:onNext(255)) - client-CECA27ED65B5->8cac6937-780c-4459-964a-dea4dcd51fd7: receive RaftClientReply:client-CECA27ED65B5->8cac6937-780c-4459-964a-dea4dcd51fd7@group-D84C501198B9, cid=1386, SUCCESS, logIndex=1940, commits[8cac6937-780c-4459-964a-dea4dcd51fd7:c1941, 9ed8676d-9460-465d-9905-fd43a52295f6:c1939, da64134c-6992-4903-9407-7df321e464db:c1939]
2019-07-09 09:59:16,551 INFO  client.GrpcClientProtocolClient (GrpcClientProtocolClient.java:onNext(255)) - client-CECA27ED65B5->8cac6937-780c-4459-964a-dea4dcd51fd7: receive RaftClientReply:client-CECA27ED65B5->8cac6937-780c-4459-964a-dea4dcd51fd7@group-D84C501198B9, cid=1387, SUCCESS, logIndex=1941, commits[8cac6937-780c-4459-964a-dea4dcd51fd7:c1941, 9ed8676d-9460-465d-9905-fd43a52295f6:c1939, da64134c-6992-4903-9407-7df321e464db:c1939]
2019-07-09 09:59:16,552 INFO  client.GrpcClientProtocolClient (GrpcClientProtocolClient.java:onNext(255)) - client-CECA27ED65B5->8cac6937-780c-4459-964a-dea4dcd51fd7: receive RaftClientReply:client-CECA27ED65B5->8cac6937-780c-4459-964a-dea4dcd51fd7@group-D84C501198B9, cid=1388, SUCCESS, logIndex=1942, commits[8cac6937-780c-4459-964a-dea4dcd51fd7:c1943, 9ed8676d-9460-465d-9905-fd43a52295f6:c1939, da64134c-6992-4903-9407-7df321e464db:c1939]
2019-07-09 09:59:16,552 INFO  client.GrpcClientProtocolClient (GrpcClientProtocolClient.java:onNext(255)) - client-CECA27ED65B5->8cac6937-780c-4459-964a-dea4dcd51fd7: receive RaftClientReply:client-CECA27ED65B5->8cac6937-780c-4459-964a-dea4dcd51fd7@group-D84C501198B9, cid=1389, SUCCESS, logIndex=1943, commits[8cac6937-780c-4459-964a-dea4dcd51fd7:c1943, 9ed8676d-9460-465d-9905-fd43a52295f6:c1939, da64134c-6992-4903-9407-7df321e464db:c1939]
2019-07-09 09:59:16,553 INFO  client.GrpcClientProtocolClient (GrpcClientProtocolClient.java:onNext(255)) - client-CECA27ED65B5->8cac6937-780c-4459-964a-dea4dcd51fd7: receive RaftClientReply:client-CECA27ED65B5->8cac6937-780c-4459-964a-dea4dcd51fd7@group-D84C501198B9, cid=1390, SUCCESS, logIndex=0, commits[8cac6937-780c-4459-964a-dea4dcd51fd7:c1945, 9ed8676d-9460-465d-9905-fd43a52295f6:c1941, da64134c-6992-4903-9407-7df321e464db:c1941]
2019-07-09 09:59:16,575 INFO  client.GrpcClientProtocolClient (GrpcClientProtocolClient.java:onNext(255)) - client-CECA27ED65B5->8cac6937-780c-4459-964a-dea4dcd51fd7: receive RaftClientReply:client-CECA27ED65B5->8cac6937-780c-4459-964a-dea4dcd51fd7@group-D84C501198B9, cid=1391, SUCCESS, logIndex=1948, commits[8cac6937-780c-4459-964a-dea4dcd51fd7:c1949, 9ed8676d-9460-465d-9905-fd43a52295f6:c1947, da64134c-6992-4903-9407-7df321e464db:c1947]
2019-07-09 09:59:16,576 INFO  client.GrpcClientProtocolClient (GrpcClientProtocolClient.java:onNext(255)) - client-CECA27ED65B5->8cac6937-780c-4459-964a-dea4dcd51fd7: receive RaftClientReply:client-CECA27ED65B5->8cac6937-780c-4459-964a-dea4dcd51fd7@group-D84C501198B9, cid=1392, SUCCESS, logIndex=1949, commits[8cac6937-780c-4459-964a-dea4dcd51fd7:c1949, 9ed8676d-9460-465d-9905-fd43a52295f6:c1947, da64134c-6992-4903-9407-7df321e464db:c1947]
2019-07-09 09:59:16,595 INFO  client.GrpcClientProtocolClient (GrpcClientProtocolClient.java:onNext(255)) - client-CECA27ED65B5->8cac6937-780c-4459-964a-dea4dcd51fd7: receive RaftClientReply:client-CECA27ED65B5->8cac6937-780c-4459-964a-dea4dcd51fd7@group-D84C501198B9, cid=1393, SUCCESS, logIndex=1952, commits[8cac6937-780c-4459-964a-dea4dcd51fd7:c1953, 9ed8676d-9460-465d-9905-fd43a52295f6:c1949, da64134c-6992-4903-9407-7df321e464db:c1948]
2019-07-09 09:59:16,596 INFO  client.GrpcClientProtocolClient (GrpcClientProtocolClient.java:onNext(255)) - client-CECA27ED65B5->8cac6937-780c-4459-964a-dea4dcd51fd7: receive RaftClientReply:client-CECA27ED65B5->8cac6937-780c-4459-964a-dea4dcd51fd7@group-D84C501198B9, cid=1394, SUCCESS, logIndex=1953, commits[8cac6937-780c-4459-964a-dea4dcd51fd7:c1953, 9ed8676d-9460-465d-9905-fd43a52295f6:c1949, da64134c-6992-4903-9407-7df321e464db:c1949]
2019-07-09 09:59:16,598 INFO  client.GrpcClientProtocolClient (GrpcClientProtocolClient.java:onNext(255)) - client-CECA27ED65B5->8cac6937-780c-4459-964a-dea4dcd51fd7: receive RaftClientReply:client-CECA27ED65B5->8cac6937-780c-4459-964a-dea4dcd51fd7@group-D84C501198B9, cid=1395, SUCCESS, logIndex=0, commits[8cac6937-780c-4459-964a-dea4dcd51fd7:c1954, 9ed8676d-9460-465d-9905-fd43a52295f6:c1953, da64134c-6992-4903-9407-7df321e464db:c1953]
2019-07-09 09:59:16,626 INFO  client.GrpcClientProtocolClient (GrpcClientProtocolClient.java:onNext(255)) - client-CECA27ED65B5->8cac6937-780c-4459-964a-dea4dcd51fd7: receive RaftClientReply:client-CECA27ED65B5->8cac6937-780c-4459-964a-dea4dcd51fd7@group-D84C501198B9, cid=1396, SUCCESS, logIndex=1956, commits[8cac6937-780c-4459-964a-dea4dcd51fd7:c1957, 9ed8676d-9460-465d-9905-fd43a52295f6:c1955, da64134c-6992-4903-9407-7df321e464db:c1955]
2019-07-09 09:59:16,627 INFO  client.GrpcClientProtocolClient (GrpcClientProtocolClient.java:onNext(255)) - client-CECA27ED65B5->8cac6937-780c-4459-964a-dea4dcd51fd7: receive RaftClientReply:client-CECA27ED65B5->8cac6937-780c-4459-964a-dea4dcd51fd7@group-D84C501198B9, cid=1397, SUCCESS, logIndex=1957, commits[8cac6937-780c-4459-964a-dea4dcd51fd7:c1957, 9ed8676d-9460-465d-9905-fd43a52295f6:c1955, da64134c-6992-4903-9407-7df321e464db:c1955]
2019-07-09 09:59:16,627 INFO  client.GrpcClientProtocolClient (GrpcClientProtocolClient.java:onNext(255)) - client-CECA27ED65B5->8cac6937-780c-4459-964a-dea4dcd51fd7: receive RaftClientReply:client-CECA27ED65B5->8cac6937-780c-4459-964a-dea4dcd51fd7@group-D84C501198B9, cid=1398, SUCCESS, logIndex=1958, commits[8cac6937-780c-4459-964a-dea4dcd51fd7:c1958, 9ed8676d-9460-465d-9905-fd43a52295f6:c1955, da64134c-6992-4903-9407-7df321e464db:c1955]
2019-07-09 09:59:16,627 INFO  client.GrpcClientProtocolClient (GrpcClientProtocolClient.java:onNext(255)) - client-CECA27ED65B5->8cac6937-780c-4459-964a-dea4dcd51fd7: receive RaftClientReply:client-CECA27ED65B5->8cac6937-780c-4459-964a-dea4dcd51fd7@group-D84C501198B9, cid=1399, SUCCESS, logIndex=1959, commits[8cac6937-780c-4459-964a-dea4dcd51fd7:c1959, 9ed8676d-9460-465d-9905-fd43a52295f6:c1955, da64134c-6992-4903-9407-7df321e464db:c1955]
2019-07-09 09:59:16,628 INFO  client.GrpcClientProtocolClient (GrpcClientProtocolClient.java:onNext(255)) - client-CECA27ED65B5->8cac6937-780c-4459-964a-dea4dcd51fd7: receive RaftClientReply:client-CECA27ED65B5->8cac6937-780c-4459-964a-dea4dcd51fd7@group-D84C501198B9, cid=1400, SUCCESS, logIndex=0, commits[8cac6937-780c-4459-964a-dea4dcd51fd7:c1961, 9ed8676d-9460-465d-9905-fd43a52295f6:c1957, da64134c-6992-4903-9407-7df321e464db:c1957]
2019-07-09 09:59:16,652 INFO  client.GrpcClientProtocolClient (GrpcClientProtocolClient.java:onNext(255)) - client-CECA27ED65B5->8cac6937-780c-4459-964a-dea4dcd51fd7: receive RaftClientReply:client-CECA27ED65B5->8cac6937-780c-4459-964a-dea4dcd51fd7@group-D84C501198B9, cid=1401, SUCCESS, logIndex=1964, commits[8cac6937-780c-4459-964a-dea4dcd51fd7:c1965, 9ed8676d-9460-465d-9905-fd43a52295f6:c1963, da64134c-6992-4903-9407-7df321e464db:c1963]
2019-07-09 09:59:16,653 INFO  client.GrpcClientProtocolClient (GrpcClientProtocolClient.java:onNext(255)) - client-CECA27ED65B5->8cac6937-780c-4459-964a-dea4dcd51fd7: receive RaftClientReply:client-CECA27ED65B5->8cac6937-780c-4459-964a-dea4dcd51fd7@group-D84C501198B9, cid=1402, SUCCESS, logIndex=1965, commits[8cac6937-780c-4459-964a-dea4dcd51fd7:c1965, 9ed8676d-9460-465d-9905-fd43a52295f6:c1963, da64134c-6992-4903-9407-7df321e464db:c1963]
2019-07-09 09:59:16,680 INFO  client.GrpcClientProtocolClient (GrpcClientProtocolClient.java:onNext(255)) - client-CECA27ED65B5->8cac6937-780c-4459-964a-dea4dcd51fd7: receive RaftClientReply:client-CECA27ED65B5->8cac6937-780c-4459-964a-dea4dcd51fd7@group-D84C501198B9, cid=1403, SUCCESS, logIndex=1968, commits[8cac6937-780c-4459-964a-dea4dcd51fd7:c1969, 9ed8676d-9460-465d-9905-fd43a52295f6:c1965, da64134c-6992-4903-9407-7df321e464db:c1965]
2019-07-09 09:59:16,680 INFO  client.GrpcClientProtocolClient (GrpcClientProtocolClient.java:onNext(255)) - client-CECA27ED65B5->8cac6937-780c-4459-964a-dea4dcd51fd7: receive RaftClientReply:client-CECA27ED65B5->8cac6937-780c-4459-964a-dea4dcd51fd7@group-D84C501198B9, cid=1404, SUCCESS, logIndex=1969, commits[8cac6937-780c-4459-964a-dea4dcd51fd7:c1969, 9ed8676d-9460-465d-9905-fd43a52295f6:c1965, da64134c-6992-4903-9407-7df321e464db:c1965]
2019-07-09 09:59:16,693 INFO  client.GrpcClientProtocolClient (GrpcClientProtocolClient.java:onNext(255)) - client-CECA27ED65B5->8cac6937-780c-4459-964a-dea4dcd51fd7: receive RaftClientReply:client-CECA27ED65B5->8cac6937-780c-4459-964a-dea4dcd51fd7@group-D84C501198B9, cid=1405, SUCCESS, logIndex=0, commits[8cac6937-780c-4459-964a-dea4dcd51fd7:c1971, 9ed8676d-9460-465d-9905-fd43a52295f6:c1969, da64134c-6992-4903-9407-7df321e464db:c1969]
2019-07-09 09:59:16,720 INFO  client.GrpcClientProtocolClient (GrpcClientProtocolClient.java:onNext(255)) - client-CECA27ED65B5->8cac6937-780c-4459-964a-dea4dcd51fd7: receive RaftClientReply:client-CECA27ED65B5->8cac6937-780c-4459-964a-dea4dcd51fd7@group-D84C501198B9, cid=1406, SUCCESS, logIndex=1972, commits[8cac6937-780c-4459-964a-dea4dcd51fd7:c1973, 9ed8676d-9460-465d-9905-fd43a52295f6:c1971, da64134c-6992-4903-9407-7df321e464db:c1971]
2019-07-09 09:59:16,720 INFO  client.GrpcClientProtocolClient (GrpcClientProtocolClient.java:onNext(255)) - client-CECA27ED65B5->8cac6937-780c-4459-964a-dea4dcd51fd7: receive RaftClientReply:client-CECA27ED65B5->8cac6937-780c-4459-964a-dea4dcd51fd7@group-D84C501198B9, cid=1407, SUCCESS, logIndex=1973, commits[8cac6937-780c-4459-964a-dea4dcd51fd7:c1973, 9ed8676d-9460-465d-9905-fd43a52295f6:c1971, da64134c-6992-4903-9407-7df321e464db:c1971]
2019-07-09 09:59:16,720 INFO  client.GrpcClientProtocolClient (GrpcClientProtocolClient.java:onNext(255)) - client-CECA27ED65B5->8cac6937-780c-4459-964a-dea4dcd51fd7: receive RaftClientReply:client-CECA27ED65B5->8cac6937-780c-4459-964a-dea4dcd51fd7@group-D84C501198B9, cid=1408, SUCCESS, logIndex=1974, commits[8cac6937-780c-4459-964a-dea4dcd51fd7:c1975, 9ed8676d-9460-465d-9905-fd43a52295f6:c1971, da64134c-6992-4903-9407-7df321e464db:c1971]
2019-07-09 09:59:16,721 INFO  client.GrpcClientProtocolClient (GrpcClientProtocolClient.java:onNext(255)) - client-CECA27ED65B5->8cac6937-780c-4459-964a-dea4dcd51fd7: receive RaftClientReply:client-CECA27ED65B5->8cac6937-780c-4459-964a-dea4dcd51fd7@group-D84C501198B9, cid=1409, SUCCESS, logIndex=1975, commits[8cac6937-780c-4459-964a-dea4dcd51fd7:c1975, 9ed8676d-9460-465d-9905-fd43a52295f6:c1971, da64134c-6992-4903-9407-7df321e464db:c1971]
2019-07-09 09:59:16,734 INFO  client.GrpcClientProtocolClient (GrpcClientProtocolClient.java:onNext(255)) - client-CECA27ED65B5->8cac6937-780c-4459-964a-dea4dcd51fd7: receive RaftClientReply:client-CECA27ED65B5->8cac6937-780c-4459-964a-dea4dcd51fd7@group-D84C501198B9, cid=1410, SUCCESS, logIndex=0, commits[8cac6937-780c-4459-964a-dea4dcd51fd7:c1977, 9ed8676d-9460-465d-9905-fd43a52295f6:c1973, da64134c-6992-4903-9407-7df321e464db:c1973]
2019-07-09 09:59:16,754 INFO  client.GrpcClientProtocolClient (GrpcClientProtocolClient.java:onNext(255)) - client-CECA27ED65B5->8cac6937-780c-4459-964a-dea4dcd51fd7: receive RaftClientReply:client-CECA27ED65B5->8cac6937-780c-4459-964a-dea4dcd51fd7@group-D84C501198B9, cid=1411, SUCCESS, logIndex=1980, commits[8cac6937-780c-4459-964a-dea4dcd51fd7:c1981, 9ed8676d-9460-465d-9905-fd43a52295f6:c1979, da64134c-6992-4903-9407-7df321e464db:c1979]
2019-07-09 09:59:16,754 INFO  client.GrpcClientProtocolClient (GrpcClientProtocolClient.java:onNext(255)) - client-CECA27ED65B5->8cac6937-780c-4459-964a-dea4dcd51fd7: receive RaftClientReply:client-CECA27ED65B5->8cac6937-780c-4459-964a-dea4dcd51fd7@group-D84C501198B9, cid=1412, SUCCESS, logIndex=1981, commits[8cac6937-780c-4459-964a-dea4dcd51fd7:c1981, 9ed8676d-9460-465d-9905-fd43a52295f6:c1979, da64134c-6992-4903-9407-7df321e464db:c1979]
2019-07-09 09:59:16,767 INFO  client.GrpcClientProtocolClient (GrpcClientProtocolClient.java:onNext(255)) - client-CECA27ED65B5->8cac6937-780c-4459-964a-dea4dcd51fd7: receive RaftClientReply:client-CECA27ED65B5->8cac6937-780c-4459-964a-dea4dcd51fd7@group-D84C501198B9, cid=1413, SUCCESS, logIndex=1984, commits[8cac6937-780c-4459-964a-dea4dcd51fd7:c1985, 9ed8676d-9460-465d-9905-fd43a52295f6:c1981, da64134c-6992-4903-9407-7df321e464db:c1980]
2019-07-09 09:59:16,767 INFO  client.GrpcClientProtocolClient (GrpcClientProtocolClient.java:onNext(255)) - client-CECA27ED65B5->8cac6937-780c-4459-964a-dea4dcd51fd7: receive RaftClientReply:client-CECA27ED65B5->8cac6937-780c-4459-964a-dea4dcd51fd7@group-D84C501198B9, cid=1414, SUCCESS, logIndex=1985, commits[8cac6937-780c-4459-964a-dea4dcd51fd7:c1985, 9ed8676d-9460-465d-9905-fd43a52295f6:c1981, da64134c-6992-4903-9407-7df321e464db:c1981]
2019-07-09 09:59:16,769 INFO  client.GrpcClientProtocolClient (GrpcClientProtocolClient.java:onNext(255)) - client-CECA27ED65B5->8cac6937-780c-4459-964a-dea4dcd51fd7: receive RaftClientReply:client-CECA27ED65B5->8cac6937-780c-4459-964a-dea4dcd51fd7@group-D84C501198B9, cid=1415, SUCCESS, logIndex=0, commits[8cac6937-780c-4459-964a-dea4dcd51fd7:c1986, 9ed8676d-9460-465d-9905-fd43a52295f6:c1985, da64134c-6992-4903-9407-7df321e464db:c1985]
2019-07-09 09:59:16,903 INFO  client.GrpcClientProtocolClient (GrpcClientProtocolClient.java:onNext(255)) - client-CECA27ED65B5->8cac6937-780c-4459-964a-dea4dcd51fd7: receive RaftClientReply:client-CECA27ED65B5->8cac6937-780c-4459-964a-dea4dcd51fd7@group-D84C501198B9, cid=1416, SUCCESS, logIndex=1988, commits[8cac6937-780c-4459-964a-dea4dcd51fd7:c1990, 9ed8676d-9460-465d-9905-fd43a52295f6:c1987, da64134c-6992-4903-9407-7df321e464db:c1987]
2019-07-09 09:59:16,904 INFO  client.GrpcClientProtocolClient (GrpcClientProtocolClient.java:onNext(255)) - client-CECA27ED65B5->8cac6937-780c-4459-964a-dea4dcd51fd7: receive RaftClientReply:client-CECA27ED65B5->8cac6937-780c-4459-964a-dea4dcd51fd7@group-D84C501198B9, cid=1417, SUCCESS, logIndex=1989, commits[8cac6937-780c-4459-964a-dea4dcd51fd7:c1991, 9ed8676d-9460-465d-9905-fd43a52295f6:c1987, da64134c-6992-4903-9407-7df321e464db:c1987]
2019-07-09 09:59:16,904 INFO  client.GrpcClientProtocolClient (GrpcClientProtocolClient.java:onNext(255)) - client-CECA27ED65B5->8cac6937-780c-4459-964a-dea4dcd51fd7: receive RaftClientReply:client-CECA27ED65B5->8cac6937-780c-4459-964a-dea4dcd51fd7@group-D84C501198B9, cid=1418, SUCCESS, logIndex=1990, commits[8cac6937-780c-4459-964a-dea4dcd51fd7:c1991, 9ed8676d-9460-465d-9905-fd43a52295f6:c1987, da64134c-6992-4903-9407-7df321e464db:c1987]
2019-07-09 09:59:16,905 INFO  client.GrpcClientProtocolClient (GrpcClientProtocolClient.java:onNext(255)) - client-CECA27ED65B5->8cac6937-780c-4459-964a-dea4dcd51fd7: receive RaftClientReply:client-CECA27ED65B5->8cac6937-780c-4459-964a-dea4dcd51fd7@group-D84C501198B9, cid=1419, SUCCESS, logIndex=1991, commits[8cac6937-780c-4459-964a-dea4dcd51fd7:c1992, 9ed8676d-9460-465d-9905-fd43a52295f6:c1987, da64134c-6992-4903-9407-7df321e464db:c1988]
2019-07-09 09:59:16,906 INFO  client.GrpcClientProtocolClient (GrpcClientProtocolClient.java:onNext(255)) - client-CECA27ED65B5->8cac6937-780c-4459-964a-dea4dcd51fd7: receive RaftClientReply:client-CECA27ED65B5->8cac6937-780c-4459-964a-dea4dcd51fd7@group-D84C501198B9, cid=1420, SUCCESS, logIndex=0, commits[8cac6937-780c-4459-964a-dea4dcd51fd7:c1995, 9ed8676d-9460-465d-9905-fd43a52295f6:c1991, da64134c-6992-4903-9407-7df321e464db:c1991]
2019-07-09 09:59:16,928 INFO  client.GrpcClientProtocolClient (GrpcClientProtocolClient.java:onNext(255)) - client-CECA27ED65B5->8cac6937-780c-4459-964a-dea4dcd51fd7: receive RaftClientReply:client-CECA27ED65B5->8cac6937-780c-4459-964a-dea4dcd51fd7@group-D84C501198B9, cid=1421, SUCCESS, logIndex=1996, commits[8cac6937-780c-4459-964a-dea4dcd51fd7:c1997, 9ed8676d-9460-465d-9905-fd43a52295f6:c1995, da64134c-6992-4903-9407-7df321e464db:c1995]
2019-07-09 09:59:16,928 INFO  client.GrpcClientProtocolClient (GrpcClientProtocolClient.java:onNext(255)) - client-CECA27ED65B5->8cac6937-780c-4459-964a-dea4dcd51fd7: receive RaftClientReply:client-CECA27ED65B5->8cac6937-780c-4459-964a-dea4dcd51fd7@group-D84C501198B9, cid=1422, SUCCESS, logIndex=1997, commits[8cac6937-780c-4459-964a-dea4dcd51fd7:c1997, 9ed8676d-9460-465d-9905-fd43a52295f6:c1995, da64134c-6992-4903-9407-7df321e464db:c1995]
2019-07-09 09:59:16,952 INFO  client.GrpcClientProtocolClient (GrpcClientProtocolClient.java:onNext(255)) - client-CECA27ED65B5->8cac6937-780c-4459-964a-dea4dcd51fd7: receive RaftClientReply:client-CECA27ED65B5->8cac6937-780c-4459-964a-dea4dcd51fd7@group-D84C501198B9, cid=1423, SUCCESS, logIndex=2000, commits[8cac6937-780c-4459-964a-dea4dcd51fd7:c2001, 9ed8676d-9460-465d-9905-fd43a52295f6:c1997, da64134c-6992-4903-9407-7df321e464db:c1997]
2019-07-09 09:59:16,953 INFO  client.GrpcClientProtocolClient (GrpcClientProtocolClient.java:onNext(255)) - client-CECA27ED65B5->8cac6937-780c-4459-964a-dea4dcd51fd7: receive RaftClientReply:client-CECA27ED65B5->8cac6937-780c-4459-964a-dea4dcd51fd7@group-D84C501198B9, cid=1424, SUCCESS, logIndex=2001, commits[8cac6937-780c-4459-964a-dea4dcd51fd7:c2001, 9ed8676d-9460-465d-9905-fd43a52295f6:c1997, da64134c-6992-4903-9407-7df321e464db:c1997]
2019-07-09 09:59:16,956 INFO  client.GrpcClientProtocolClient (GrpcClientProtocolClient.java:onNext(255)) - client-CECA27ED65B5->8cac6937-780c-4459-964a-dea4dcd51fd7: receive RaftClientReply:client-CECA27ED65B5->8cac6937-780c-4459-964a-dea4dcd51fd7@group-D84C501198B9, cid=1425, SUCCESS, logIndex=0, commits[8cac6937-780c-4459-964a-dea4dcd51fd7:c2002, 9ed8676d-9460-465d-9905-fd43a52295f6:c2001, da64134c-6992-4903-9407-7df321e464db:c2001]
2019-07-09 09:59:16,996 INFO  client.GrpcClientProtocolClient (GrpcClientProtocolClient.java:onNext(255)) - client-CECA27ED65B5->8cac6937-780c-4459-964a-dea4dcd51fd7: receive RaftClientReply:client-CECA27ED65B5->8cac6937-780c-4459-964a-dea4dcd51fd7@group-D84C501198B9, cid=1426, SUCCESS, logIndex=2004, commits[8cac6937-780c-4459-964a-dea4dcd51fd7:c2007, 9ed8676d-9460-465d-9905-fd43a52295f6:c2003, da64134c-6992-4903-9407-7df321e464db:c2003]
2019-07-09 09:59:16,998 INFO  client.GrpcClientProtocolClient (GrpcClientProtocolClient.java:onNext(255)) - client-CECA27ED65B5->8cac6937-780c-4459-964a-dea4dcd51fd7: receive RaftClientReply:client-CECA27ED65B5->8cac6937-780c-4459-964a-dea4dcd51fd7@group-D84C501198B9, cid=1427, SUCCESS, logIndex=2005, commits[8cac6937-780c-4459-964a-dea4dcd51fd7:c2007, 9ed8676d-9460-465d-9905-fd43a52295f6:c2003, da64134c-6992-4903-9407-7df321e464db:c2003]
2019-07-09 09:59:16,998 INFO  client.GrpcClientProtocolClient (GrpcClientProtocolClient.java:onNext(255)) - client-CECA27ED65B5->8cac6937-780c-4459-964a-dea4dcd51fd7: receive RaftClientReply:client-CECA27ED65B5->8cac6937-780c-4459-964a-dea4dcd51fd7@group-D84C501198B9, cid=1428, SUCCESS, logIndex=2006, commits[8cac6937-780c-4459-964a-dea4dcd51fd7:c2007, 9ed8676d-9460-465d-9905-fd43a52295f6:c2003, da64134c-6992-4903-9407-7df321e464db:c2003]
2019-07-09 09:59:16,998 INFO  client.GrpcClientProtocolClient (GrpcClientProtocolClient.java:onNext(255)) - client-CECA27ED65B5->8cac6937-780c-4459-964a-dea4dcd51fd7: receive RaftClientReply:client-CECA27ED65B5->8cac6937-780c-4459-964a-dea4dcd51fd7@group-D84C501198B9, cid=1429, SUCCESS, logIndex=2007, commits[8cac6937-780c-4459-964a-dea4dcd51fd7:c2007, 9ed8676d-9460-465d-9905-fd43a52295f6:c2003, da64134c-6992-4903-9407-7df321e464db:c2003]
2019-07-09 09:59:17,008 INFO  client.GrpcClientProtocolClient (GrpcClientProtocolClient.java:onNext(255)) - client-CECA27ED65B5->8cac6937-780c-4459-964a-dea4dcd51fd7: receive RaftClientReply:client-CECA27ED65B5->8cac6937-780c-4459-964a-dea4dcd51fd7@group-D84C501198B9, cid=1430, SUCCESS, logIndex=0, commits[8cac6937-780c-4459-964a-dea4dcd51fd7:c2008, 9ed8676d-9460-465d-9905-fd43a52295f6:c2007, da64134c-6992-4903-9407-7df321e464db:c2007]
2019-07-09 09:59:17,029 INFO  client.GrpcClientProtocolClient (GrpcClientProtocolClient.java:onNext(255)) - client-CECA27ED65B5->8cac6937-780c-4459-964a-dea4dcd51fd7: receive RaftClientReply:client-CECA27ED65B5->8cac6937-780c-4459-964a-dea4dcd51fd7@group-D84C501198B9, cid=1431, SUCCESS, logIndex=2010, commits[8cac6937-780c-4459-964a-dea4dcd51fd7:c2011, 9ed8676d-9460-465d-9905-fd43a52295f6:c2009, da64134c-6992-4903-9407-7df321e464db:c2009]
2019-07-09 09:59:17,029 INFO  client.GrpcClientProtocolClient (GrpcClientProtocolClient.java:onNext(255)) - client-CECA27ED65B5->8cac6937-780c-4459-964a-dea4dcd51fd7: receive RaftClientReply:client-CECA27ED65B5->8cac6937-780c-4459-964a-dea4dcd51fd7@group-D84C501198B9, cid=1432, SUCCESS, logIndex=2011, commits[8cac6937-780c-4459-964a-dea4dcd51fd7:c2011, 9ed8676d-9460-465d-9905-fd43a52295f6:c2009, da64134c-6992-4903-9407-7df321e464db:c2009]
2019-07-09 09:59:17,043 INFO  client.GrpcClientProtocolClient (GrpcClientProtocolClient.java:onNext(255)) - client-CECA27ED65B5->8cac6937-780c-4459-964a-dea4dcd51fd7: receive RaftClientReply:client-CECA27ED65B5->8cac6937-780c-4459-964a-dea4dcd51fd7@group-D84C501198B9, cid=1433, SUCCESS, logIndex=2014, commits[8cac6937-780c-4459-964a-dea4dcd51fd7:c2014, 9ed8676d-9460-465d-9905-fd43a52295f6:c2011, da64134c-6992-4903-9407-7df321e464db:c2011]
2019-07-09 09:59:17,044 INFO  client.GrpcClientProtocolClient (GrpcClientProtocolClient.java:onNext(255)) - client-CECA27ED65B5->8cac6937-780c-4459-964a-dea4dcd51fd7: receive RaftClientReply:client-CECA27ED65B5->8cac6937-780c-4459-964a-dea4dcd51fd7@group-D84C501198B9, cid=1434, SUCCESS, logIndex=2015, commits[8cac6937-780c-4459-964a-dea4dcd51fd7:c2015, 9ed8676d-9460-465d-9905-fd43a52295f6:c2011, da64134c-6992-4903-9407-7df321e464db:c2011]
2019-07-09 09:59:17,055 INFO  client.GrpcClientProtocolClient (GrpcClientProtocolClient.java:onNext(255)) - client-CECA27ED65B5->8cac6937-780c-4459-964a-dea4dcd51fd7: receive RaftClientReply:client-CECA27ED65B5->8cac6937-780c-4459-964a-dea4dcd51fd7@group-D84C501198B9, cid=1435, SUCCESS, logIndex=0, commits[8cac6937-780c-4459-964a-dea4dcd51fd7:c2016, 9ed8676d-9460-465d-9905-fd43a52295f6:c2015, da64134c-6992-4903-9407-7df321e464db:c2015]
2019-07-09 09:59:17,087 INFO  client.GrpcClientProtocolClient (GrpcClientProtocolClient.java:onNext(255)) - client-CECA27ED65B5->8cac6937-780c-4459-964a-dea4dcd51fd7: receive RaftClientReply:client-CECA27ED65B5->8cac6937-780c-4459-964a-dea4dcd51fd7@group-D84C501198B9, cid=1436, SUCCESS, logIndex=2018, commits[8cac6937-780c-4459-964a-dea4dcd51fd7:c2020, 9ed8676d-9460-465d-9905-fd43a52295f6:c2017, da64134c-6992-4903-9407-7df321e464db:c2017]
2019-07-09 09:59:17,088 INFO  client.GrpcClientProtocolClient (GrpcClientProtocolClient.java:onNext(255)) - client-CECA27ED65B5->8cac6937-780c-4459-964a-dea4dcd51fd7: receive RaftClientReply:client-CECA27ED65B5->8cac6937-780c-4459-964a-dea4dcd51fd7@group-D84C501198B9, cid=1437, SUCCESS, logIndex=2019, commits[8cac6937-780c-4459-964a-dea4dcd51fd7:c2021, 9ed8676d-9460-465d-9905-fd43a52295f6:c2017, da64134c-6992-4903-9407-7df321e464db:c2017]
2019-07-09 09:59:17,089 INFO  client.GrpcClientProtocolClient (GrpcClientProtocolClient.java:onNext(255)) - client-CECA27ED65B5->8cac6937-780c-4459-964a-dea4dcd51fd7: receive RaftClientReply:client-CECA27ED65B5->8cac6937-780c-4459-964a-dea4dcd51fd7@group-D84C501198B9, cid=1438, SUCCESS, logIndex=2020, commits[8cac6937-780c-4459-964a-dea4dcd51fd7:c2021, 9ed8676d-9460-465d-9905-fd43a52295f6:c2017, da64134c-6992-4903-9407-7df321e464db:c2017]
2019-07-09 09:59:17,089 INFO  client.GrpcClientProtocolClient (GrpcClientProtocolClient.java:onNext(255)) - client-CECA27ED65B5->8cac6937-780c-4459-964a-dea4dcd51fd7: receive RaftClientReply:client-CECA27ED65B5->8cac6937-780c-4459-964a-dea4dcd51fd7@group-D84C501198B9, cid=1439, SUCCESS, logIndex=2021, commits[8cac6937-780c-4459-964a-dea4dcd51fd7:c2021, 9ed8676d-9460-465d-9905-fd43a52295f6:c2017, da64134c-6992-4903-9407-7df321e464db:c2017]
2019-07-09 09:59:17,090 INFO  client.GrpcClientProtocolClient (GrpcClientProtocolClient.java:onNext(255)) - client-CECA27ED65B5->8cac6937-780c-4459-964a-dea4dcd51fd7: receive RaftClientReply:client-CECA27ED65B5->8cac6937-780c-4459-964a-dea4dcd51fd7@group-D84C501198B9, cid=1440, SUCCESS, logIndex=0, commits[8cac6937-780c-4459-964a-dea4dcd51fd7:c2024, 9ed8676d-9460-465d-9905-fd43a52295f6:c2019, da64134c-6992-4903-9407-7df321e464db:c2020]
2019-07-09 09:59:17,103 INFO  client.GrpcClientProtocolClient (GrpcClientProtocolClient.java:onNext(255)) - client-CECA27ED65B5->8cac6937-780c-4459-964a-dea4dcd51fd7: receive RaftClientReply:client-CECA27ED65B5->8cac6937-780c-4459-964a-dea4dcd51fd7@group-D84C501198B9, cid=1441, SUCCESS, logIndex=2026, commits[8cac6937-780c-4459-964a-dea4dcd51fd7:c2027, 9ed8676d-9460-465d-9905-fd43a52295f6:c2021, da64134c-6992-4903-9407-7df321e464db:c2025]
2019-07-09 09:59:17,103 INFO  client.GrpcClientProtocolClient (GrpcClientProtocolClient.java:onNext(255)) - client-CECA27ED65B5->8cac6937-780c-4459-964a-dea4dcd51fd7: receive RaftClientReply:client-CECA27ED65B5->8cac6937-780c-4459-964a-dea4dcd51fd7@group-D84C501198B9, cid=1442, SUCCESS, logIndex=2027, commits[8cac6937-780c-4459-964a-dea4dcd51fd7:c2027, 9ed8676d-9460-465d-9905-fd43a52295f6:c2025, da64134c-6992-4903-9407-7df321e464db:c2025]
2019-07-09 09:59:17,115 INFO  client.GrpcClientProtocolClient (GrpcClientProtocolClient.java:onNext(255)) - client-CECA27ED65B5->8cac6937-780c-4459-964a-dea4dcd51fd7: receive RaftClientReply:client-CECA27ED65B5->8cac6937-780c-4459-964a-dea4dcd51fd7@group-D84C501198B9, cid=1443, SUCCESS, logIndex=2030, commits[8cac6937-780c-4459-964a-dea4dcd51fd7:c2031, 9ed8676d-9460-465d-9905-fd43a52295f6:c2029, da64134c-6992-4903-9407-7df321e464db:c2029]
2019-07-09 09:59:17,115 INFO  client.GrpcClientProtocolClient (GrpcClientProtocolClient.java:onNext(255)) - client-CECA27ED65B5->8cac6937-780c-4459-964a-dea4dcd51fd7: receive RaftClientReply:client-CECA27ED65B5->8cac6937-780c-4459-964a-dea4dcd51fd7@group-D84C501198B9, cid=1444, SUCCESS, logIndex=2031, commits[8cac6937-780c-4459-964a-dea4dcd51fd7:c2031, 9ed8676d-9460-465d-9905-fd43a52295f6:c2029, da64134c-6992-4903-9407-7df321e464db:c2029]
2019-07-09 09:59:17,118 INFO  client.GrpcClientProtocolClient (GrpcClientProtocolClient.java:onNext(255)) - client-CECA27ED65B5->8cac6937-780c-4459-964a-dea4dcd51fd7: receive RaftClientReply:client-CECA27ED65B5->8cac6937-780c-4459-964a-dea4dcd51fd7@group-D84C501198B9, cid=1445, SUCCESS, logIndex=0, commits[8cac6937-780c-4459-964a-dea4dcd51fd7:c2031, 9ed8676d-9460-465d-9905-fd43a52295f6:c2031, da64134c-6992-4903-9407-7df321e464db:c2031]
2019-07-09 09:59:17,145 INFO  client.GrpcClientProtocolClient (GrpcClientProtocolClient.java:onNext(255)) - client-CECA27ED65B5->8cac6937-780c-4459-964a-dea4dcd51fd7: receive RaftClientReply:client-CECA27ED65B5->8cac6937-780c-4459-964a-dea4dcd51fd7@group-D84C501198B9, cid=1446, SUCCESS, logIndex=2034, commits[8cac6937-780c-4459-964a-dea4dcd51fd7:c2035, 9ed8676d-9460-465d-9905-fd43a52295f6:c2033, da64134c-6992-4903-9407-7df321e464db:c2033]
2019-07-09 09:59:17,146 INFO  client.GrpcClientProtocolClient (GrpcClientProtocolClient.java:onNext(255)) - client-CECA27ED65B5->8cac6937-780c-4459-964a-dea4dcd51fd7: receive RaftClientReply:client-CECA27ED65B5->8cac6937-780c-4459-964a-dea4dcd51fd7@group-D84C501198B9, cid=1447, SUCCESS, logIndex=2035, commits[8cac6937-780c-4459-964a-dea4dcd51fd7:c2037, 9ed8676d-9460-465d-9905-fd43a52295f6:c2033, da64134c-6992-4903-9407-7df321e464db:c2033]
2019-07-09 09:59:17,146 INFO  client.GrpcClientProtocolClient (GrpcClientProtocolClient.java:onNext(255)) - client-CECA27ED65B5->8cac6937-780c-4459-964a-dea4dcd51fd7: receive RaftClientReply:client-CECA27ED65B5->8cac6937-780c-4459-964a-dea4dcd51fd7@group-D84C501198B9, cid=1448, SUCCESS, logIndex=2036, commits[8cac6937-780c-4459-964a-dea4dcd51fd7:c2037, 9ed8676d-9460-465d-9905-fd43a52295f6:c2033, da64134c-6992-4903-9407-7df321e464db:c2033]
2019-07-09 09:59:17,146 INFO  client.GrpcClientProtocolClient (GrpcClientProtocolClient.java:onNext(255)) - client-CECA27ED65B5->8cac6937-780c-4459-964a-dea4dcd51fd7: receive RaftClientReply:client-CECA27ED65B5->8cac6937-780c-4459-964a-dea4dcd51fd7@group-D84C501198B9, cid=1449, SUCCESS, logIndex=2037, commits[8cac6937-780c-4459-964a-dea4dcd51fd7:c2037, 9ed8676d-9460-465d-9905-fd43a52295f6:c2033, da64134c-6992-4903-9407-7df321e464db:c2033]
2019-07-09 09:59:17,147 INFO  client.GrpcClientProtocolClient (GrpcClientProtocolClient.java:onNext(255)) - client-CECA27ED65B5->8cac6937-780c-4459-964a-dea4dcd51fd7: receive RaftClientReply:client-CECA27ED65B5->8cac6937-780c-4459-964a-dea4dcd51fd7@group-D84C501198B9, cid=1450, SUCCESS, logIndex=0, commits[8cac6937-780c-4459-964a-dea4dcd51fd7:c2039, 9ed8676d-9460-465d-9905-fd43a52295f6:c2035, da64134c-6992-4903-9407-7df321e464db:c2035]
2019-07-09 09:59:17,168 INFO  client.GrpcClientProtocolClient (GrpcClientProtocolClient.java:onNext(255)) - client-CECA27ED65B5->8cac6937-780c-4459-964a-dea4dcd51fd7: receive RaftClientReply:client-CECA27ED65B5->8cac6937-780c-4459-964a-dea4dcd51fd7@group-D84C501198B9, cid=1451, SUCCESS, logIndex=2042, commits[8cac6937-780c-4459-964a-dea4dcd51fd7:c2043, 9ed8676d-9460-465d-9905-fd43a52295f6:c2041, da64134c-6992-4903-9407-7df321e464db:c2041]
2019-07-09 09:59:17,168 INFO  client.GrpcClientProtocolClient (GrpcClientProtocolClient.java:onNext(255)) - client-CECA27ED65B5->8cac6937-780c-4459-964a-dea4dcd51fd7: receive RaftClientReply:client-CECA27ED65B5->8cac6937-780c-4459-964a-dea4dcd51fd7@group-D84C501198B9, cid=1452, SUCCESS, logIndex=2043, commits[8cac6937-780c-4459-964a-dea4dcd51fd7:c2043, 9ed8676d-9460-465d-9905-fd43a52295f6:c2041, da64134c-6992-4903-9407-7df321e464db:c2041]
2019-07-09 09:59:17,185 INFO  client.GrpcClientProtocolClient (GrpcClientProtocolClient.java:onNext(255)) - client-CECA27ED65B5->8cac6937-780c-4459-964a-dea4dcd51fd7: receive RaftClientReply:client-CECA27ED65B5->8cac6937-780c-4459-964a-dea4dcd51fd7@group-D84C501198B9, cid=1453, SUCCESS, logIndex=2046, commits[8cac6937-780c-4459-964a-dea4dcd51fd7:c2047, 9ed8676d-9460-465d-9905-fd43a52295f6:c2043, da64134c-6992-4903-9407-7df321e464db:c2043]
2019-07-09 09:59:17,186 INFO  client.GrpcClientProtocolClient (GrpcClientProtocolClient.java:onNext(255)) - client-CECA27ED65B5->8cac6937-780c-4459-964a-dea4dcd51fd7: receive RaftClientReply:client-CECA27ED65B5->8cac6937-780c-4459-964a-dea4dcd51fd7@group-D84C501198B9, cid=1454, SUCCESS, logIndex=2047, commits[8cac6937-780c-4459-964a-dea4dcd51fd7:c2047, 9ed8676d-9460-465d-9905-fd43a52295f6:c2043, da64134c-6992-4903-9407-7df321e464db:c2043]
2019-07-09 09:59:17,200 INFO  client.GrpcClientProtocolClient (GrpcClientProtocolClient.java:onNext(255)) - client-CECA27ED65B5->8cac6937-780c-4459-964a-dea4dcd51fd7: receive RaftClientReply:client-CECA27ED65B5->8cac6937-780c-4459-964a-dea4dcd51fd7@group-D84C501198B9, cid=1455, SUCCESS, logIndex=0, commits[8cac6937-780c-4459-964a-dea4dcd51fd7:c2049, 9ed8676d-9460-465d-9905-fd43a52295f6:c2047, da64134c-6992-4903-9407-7df321e464db:c2047]
2019-07-09 09:59:17,227 INFO  client.GrpcClientProtocolClient (GrpcClientProtocolClient.java:onNext(255)) - client-CECA27ED65B5->8cac6937-780c-4459-964a-dea4dcd51fd7: receive RaftClientReply:client-CECA27ED65B5->8cac6937-780c-4459-964a-dea4dcd51fd7@group-D84C501198B9, cid=1456, SUCCESS, logIndex=2050, commits[8cac6937-780c-4459-964a-dea4dcd51fd7:c2051, 9ed8676d-9460-465d-9905-fd43a52295f6:c2049, da64134c-6992-4903-9407-7df321e464db:c2049]
2019-07-09 09:59:17,227 INFO  client.GrpcClientProtocolClient (GrpcClientProtocolClient.java:onNext(255)) - client-CECA27ED65B5->8cac6937-780c-4459-964a-dea4dcd51fd7: receive RaftClientReply:client-CECA27ED65B5->8cac6937-780c-4459-964a-dea4dcd51fd7@group-D84C501198B9, cid=1457, SUCCESS, logIndex=2051, commits[8cac6937-780c-4459-964a-dea4dcd51fd7:c2051, 9ed8676d-9460-465d-9905-fd43a52295f6:c2049, da64134c-6992-4903-9407-7df321e464db:c2049]
2019-07-09 09:59:17,228 INFO  client.GrpcClientProtocolClient (GrpcClientProtocolClient.java:onNext(255)) - client-CECA27ED65B5->8cac6937-780c-4459-964a-dea4dcd51fd7: receive RaftClientReply:client-CECA27ED65B5->8cac6937-780c-4459-964a-dea4dcd51fd7@group-D84C501198B9, cid=1458, SUCCESS, logIndex=2052, commits[8cac6937-780c-4459-964a-dea4dcd51fd7:c2053, 9ed8676d-9460-465d-9905-fd43a52295f6:c2049, da64134c-6992-4903-9407-7df321e464db:c2049]
2019-07-09 09:59:17,228 INFO  client.GrpcClientProtocolClient (GrpcClientProtocolClient.java:onNext(255)) - client-CECA27ED65B5->8cac6937-780c-4459-964a-dea4dcd51fd7: receive RaftClientReply:client-CECA27ED65B5->8cac6937-780c-4459-964a-dea4dcd51fd7@group-D84C501198B9, cid=1459, SUCCESS, logIndex=2053, commits[8cac6937-780c-4459-964a-dea4dcd51fd7:c2053, 9ed8676d-9460-465d-9905-fd43a52295f6:c2049, da64134c-6992-4903-9407-7df321e464db:c2049]
2019-07-09 09:59:17,241 INFO  client.GrpcClientProtocolClient (GrpcClientProtocolClient.java:onNext(255)) - client-CECA27ED65B5->8cac6937-780c-4459-964a-dea4dcd51fd7: receive RaftClientReply:client-CECA27ED65B5->8cac6937-780c-4459-964a-dea4dcd51fd7@group-D84C501198B9, cid=1460, SUCCESS, logIndex=0, commits[8cac6937-780c-4459-964a-dea4dcd51fd7:c2055, 9ed8676d-9460-465d-9905-fd43a52295f6:c2051, da64134c-6992-4903-9407-7df321e464db:c2051]
 0.00% |█                                                                                                    |  0/1 Time: 0:00:092019-07-09 09:59:17,262 INFO  client.GrpcClientProtocolClient (GrpcClientProtocolClient.java:onNext(255)) - client-CECA27ED65B5->8cac6937-780c-4459-964a-dea4dcd51fd7: receive RaftClientReply:client-CECA27ED65B5->8cac6937-780c-4459-964a-dea4dcd51fd7@group-D84C501198B9, cid=1461, SUCCESS, logIndex=2058, commits[8cac6937-780c-4459-964a-dea4dcd51fd7:c2059, 9ed8676d-9460-465d-9905-fd43a52295f6:c2057, da64134c-6992-4903-9407-7df321e464db:c2057]
2019-07-09 09:59:17,262 INFO  client.GrpcClientProtocolClient (GrpcClientProtocolClient.java:onNext(255)) - client-CECA27ED65B5->8cac6937-780c-4459-964a-dea4dcd51fd7: receive RaftClientReply:client-CECA27ED65B5->8cac6937-780c-4459-964a-dea4dcd51fd7@group-D84C501198B9, cid=1462, SUCCESS, logIndex=2059, commits[8cac6937-780c-4459-964a-dea4dcd51fd7:c2059, 9ed8676d-9460-465d-9905-fd43a52295f6:c2057, da64134c-6992-4903-9407-7df321e464db:c2057]
2019-07-09 09:59:17,277 INFO  client.GrpcClientProtocolClient (GrpcClientProtocolClient.java:onNext(255)) - client-CECA27ED65B5->8cac6937-780c-4459-964a-dea4dcd51fd7: receive RaftClientReply:client-CECA27ED65B5->8cac6937-780c-4459-964a-dea4dcd51fd7@group-D84C501198B9, cid=1463, SUCCESS, logIndex=2062, commits[8cac6937-780c-4459-964a-dea4dcd51fd7:c2063, 9ed8676d-9460-465d-9905-fd43a52295f6:c2059, da64134c-6992-4903-9407-7df321e464db:c2059]
2019-07-09 09:59:17,277 INFO  client.GrpcClientProtocolClient (GrpcClientProtocolClient.java:onNext(255)) - client-CECA27ED65B5->8cac6937-780c-4459-964a-dea4dcd51fd7: receive RaftClientReply:client-CECA27ED65B5->8cac6937-780c-4459-964a-dea4dcd51fd7@group-D84C501198B9, cid=1464, SUCCESS, logIndex=2063, commits[8cac6937-780c-4459-964a-dea4dcd51fd7:c2063, 9ed8676d-9460-465d-9905-fd43a52295f6:c2059, da64134c-6992-4903-9407-7df321e464db:c2059]
2019-07-09 09:59:17,291 INFO  client.GrpcClientProtocolClient (GrpcClientProtocolClient.java:onNext(255)) - client-CECA27ED65B5->8cac6937-780c-4459-964a-dea4dcd51fd7: receive RaftClientReply:client-CECA27ED65B5->8cac6937-780c-4459-964a-dea4dcd51fd7@group-D84C501198B9, cid=1465, SUCCESS, logIndex=0, commits[8cac6937-780c-4459-964a-dea4dcd51fd7:c2065, 9ed8676d-9460-465d-9905-fd43a52295f6:c2063, da64134c-6992-4903-9407-7df321e464db:c2063]
2019-07-09 09:59:17,316 INFO  client.GrpcClientProtocolClient (GrpcClientProtocolClient.java:onNext(255)) - client-CECA27ED65B5->8cac6937-780c-4459-964a-dea4dcd51fd7: receive RaftClientReply:client-CECA27ED65B5->8cac6937-780c-4459-964a-dea4dcd51fd7@group-D84C501198B9, cid=1466, SUCCESS, logIndex=2066, commits[8cac6937-780c-4459-964a-dea4dcd51fd7:c2067, 9ed8676d-9460-465d-9905-fd43a52295f6:c2065, da64134c-6992-4903-9407-7df321e464db:c2065]
2019-07-09 09:59:17,317 INFO  client.GrpcClientProtocolClient (GrpcClientProtocolClient.java:onNext(255)) - client-CECA27ED65B5->8cac6937-780c-4459-964a-dea4dcd51fd7: receive RaftClientReply:client-CECA27ED65B5->8cac6937-780c-4459-964a-dea4dcd51fd7@group-D84C501198B9, cid=1467, SUCCESS, logIndex=2067, commits[8cac6937-780c-4459-964a-dea4dcd51fd7:c2069, 9ed8676d-9460-465d-9905-fd43a52295f6:c2065, da64134c-6992-4903-9407-7df321e464db:c2065]
2019-07-09 09:59:17,317 INFO  client.GrpcClientProtocolClient (GrpcClientProtocolClient.java:onNext(255)) - client-CECA27ED65B5->8cac6937-780c-4459-964a-dea4dcd51fd7: receive RaftClientReply:client-CECA27ED65B5->8cac6937-780c-4459-964a-dea4dcd51fd7@group-D84C501198B9, cid=1468, SUCCESS, logIndex=2068, commits[8cac6937-780c-4459-964a-dea4dcd51fd7:c2069, 9ed8676d-9460-465d-9905-fd43a52295f6:c2065, da64134c-6992-4903-9407-7df321e464db:c2065]
2019-07-09 09:59:17,317 INFO  client.GrpcClientProtocolClient (GrpcClientProtocolClient.java:onNext(255)) - client-CECA27ED65B5->8cac6937-780c-4459-964a-dea4dcd51fd7: receive RaftClientReply:client-CECA27ED65B5->8cac6937-780c-4459-964a-dea4dcd51fd7@group-D84C501198B9, cid=1469, SUCCESS, logIndex=2069, commits[8cac6937-780c-4459-964a-dea4dcd51fd7:c2070, 9ed8676d-9460-465d-9905-fd43a52295f6:c2066, da64134c-6992-4903-9407-7df321e464db:c2065]
2019-07-09 09:59:17,320 INFO  client.GrpcClientProtocolClient (GrpcClientProtocolClient.java:onNext(255)) - client-CECA27ED65B5->8cac6937-780c-4459-964a-dea4dcd51fd7: receive RaftClientReply:client-CECA27ED65B5->8cac6937-780c-4459-964a-dea4dcd51fd7@group-D84C501198B9, cid=1470, SUCCESS, logIndex=0, commits[8cac6937-780c-4459-964a-dea4dcd51fd7:c2073, 9ed8676d-9460-465d-9905-fd43a52295f6:c2067, da64134c-6992-4903-9407-7df321e464db:c2069]
2019-07-09 09:59:17,339 INFO  client.GrpcClientProtocolClient (GrpcClientProtocolClient.java:onNext(255)) - client-CECA27ED65B5->8cac6937-780c-4459-964a-dea4dcd51fd7: receive RaftClientReply:client-CECA27ED65B5->8cac6937-780c-4459-964a-dea4dcd51fd7@group-D84C501198B9, cid=1471, SUCCESS, logIndex=2074, commits[8cac6937-780c-4459-964a-dea4dcd51fd7:c2075, 9ed8676d-9460-465d-9905-fd43a52295f6:c2073, da64134c-6992-4903-9407-7df321e464db:c2073]
2019-07-09 09:59:17,340 INFO  client.GrpcClientProtocolClient (GrpcClientProtocolClient.java:onNext(255)) - client-CECA27ED65B5->8cac6937-780c-4459-964a-dea4dcd51fd7: receive RaftClientReply:client-CECA27ED65B5->8cac6937-780c-4459-964a-dea4dcd51fd7@group-D84C501198B9, cid=1472, SUCCESS, logIndex=2075, commits[8cac6937-780c-4459-964a-dea4dcd51fd7:c2075, 9ed8676d-9460-465d-9905-fd43a52295f6:c2073, da64134c-6992-4903-9407-7df321e464db:c2073]
2019-07-09 09:59:17,354 INFO  client.GrpcClientProtocolClient (GrpcClientProtocolClient.java:onNext(255)) - client-CECA27ED65B5->8cac6937-780c-4459-964a-dea4dcd51fd7: receive RaftClientReply:client-CECA27ED65B5->8cac6937-780c-4459-964a-dea4dcd51fd7@group-D84C501198B9, cid=1473, SUCCESS, logIndex=2078, commits[8cac6937-780c-4459-964a-dea4dcd51fd7:c2078, 9ed8676d-9460-465d-9905-fd43a52295f6:c2075, da64134c-6992-4903-9407-7df321e464db:c2075]
2019-07-09 09:59:17,355 INFO  client.GrpcClientProtocolClient (GrpcClientProtocolClient.java:onNext(255)) - client-CECA27ED65B5->8cac6937-780c-4459-964a-dea4dcd51fd7: receive RaftClientReply:client-CECA27ED65B5->8cac6937-780c-4459-964a-dea4dcd51fd7@group-D84C501198B9, cid=1474, SUCCESS, logIndex=2079, commits[8cac6937-780c-4459-964a-dea4dcd51fd7:c2079, 9ed8676d-9460-465d-9905-fd43a52295f6:c2075, da64134c-6992-4903-9407-7df321e464db:c2075]
2019-07-09 09:59:17,369 INFO  client.GrpcClientProtocolClient (GrpcClientProtocolClient.java:onNext(255)) - client-CECA27ED65B5->8cac6937-780c-4459-964a-dea4dcd51fd7: receive RaftClientReply:client-CECA27ED65B5->8cac6937-780c-4459-964a-dea4dcd51fd7@group-D84C501198B9, cid=1475, SUCCESS, logIndex=0, commits[8cac6937-780c-4459-964a-dea4dcd51fd7:c2080, 9ed8676d-9460-465d-9905-fd43a52295f6:c2079, da64134c-6992-4903-9407-7df321e464db:c2079]
2019-07-09 09:59:17,396 INFO  client.GrpcClientProtocolClient (GrpcClientProtocolClient.java:onNext(255)) - client-CECA27ED65B5->8cac6937-780c-4459-964a-dea4dcd51fd7: receive RaftClientReply:client-CECA27ED65B5->8cac6937-780c-4459-964a-dea4dcd51fd7@group-D84C501198B9, cid=1476, SUCCESS, logIndex=2082, commits[8cac6937-780c-4459-964a-dea4dcd51fd7:c2083, 9ed8676d-9460-465d-9905-fd43a52295f6:c2081, da64134c-6992-4903-9407-7df321e464db:c2081]
2019-07-09 09:59:17,396 INFO  client.GrpcClientProtocolClient (GrpcClientProtocolClient.java:onNext(255)) - client-CECA27ED65B5->8cac6937-780c-4459-964a-dea4dcd51fd7: receive RaftClientReply:client-CECA27ED65B5->8cac6937-780c-4459-964a-dea4dcd51fd7@group-D84C501198B9, cid=1477, SUCCESS, logIndex=2083, commits[8cac6937-780c-4459-964a-dea4dcd51fd7:c2085, 9ed8676d-9460-465d-9905-fd43a52295f6:c2081, da64134c-6992-4903-9407-7df321e464db:c2081]
2019-07-09 09:59:17,397 INFO  client.GrpcClientProtocolClient (GrpcClientProtocolClient.java:onNext(255)) - client-CECA27ED65B5->8cac6937-780c-4459-964a-dea4dcd51fd7: receive RaftClientReply:client-CECA27ED65B5->8cac6937-780c-4459-964a-dea4dcd51fd7@group-D84C501198B9, cid=1478, SUCCESS, logIndex=2084, commits[8cac6937-780c-4459-964a-dea4dcd51fd7:c2085, 9ed8676d-9460-465d-9905-fd43a52295f6:c2081, da64134c-6992-4903-9407-7df321e464db:c2081]
2019-07-09 09:59:17,397 INFO  client.GrpcClientProtocolClient (GrpcClientProtocolClient.java:onNext(255)) - client-CECA27ED65B5->8cac6937-780c-4459-964a-dea4dcd51fd7: receive RaftClientReply:client-CECA27ED65B5->8cac6937-780c-4459-964a-dea4dcd51fd7@group-D84C501198B9, cid=1479, SUCCESS, logIndex=2085, commits[8cac6937-780c-4459-964a-dea4dcd51fd7:c2085, 9ed8676d-9460-465d-9905-fd43a52295f6:c2081, da64134c-6992-4903-9407-7df321e464db:c2081]
2019-07-09 09:59:17,398 INFO  client.GrpcClientProtocolClient (GrpcClientProtocolClient.java:onNext(255)) - client-CECA27ED65B5->8cac6937-780c-4459-964a-dea4dcd51fd7: receive RaftClientReply:client-CECA27ED65B5->8cac6937-780c-4459-964a-dea4dcd51fd7@group-D84C501198B9, cid=1480, SUCCESS, logIndex=0, commits[8cac6937-780c-4459-964a-dea4dcd51fd7:c2087, 9ed8676d-9460-465d-9905-fd43a52295f6:c2083, da64134c-6992-4903-9407-7df321e464db:c2083]
2019-07-09 09:59:17,418 INFO  client.GrpcClientProtocolClient (GrpcClientProtocolClient.java:onNext(255)) - client-CECA27ED65B5->8cac6937-780c-4459-964a-dea4dcd51fd7: receive RaftClientReply:client-CECA27ED65B5->8cac6937-780c-4459-964a-dea4dcd51fd7@group-D84C501198B9, cid=1481, SUCCESS, logIndex=2090, commits[8cac6937-780c-4459-964a-dea4dcd51fd7:c2091, 9ed8676d-9460-465d-9905-fd43a52295f6:c2089, da64134c-6992-4903-9407-7df321e464db:c2089]
2019-07-09 09:59:17,418 INFO  client.GrpcClientProtocolClient (GrpcClientProtocolClient.java:onNext(255)) - client-CECA27ED65B5->8cac6937-780c-4459-964a-dea4dcd51fd7: receive RaftClientReply:client-CECA27ED65B5->8cac6937-780c-4459-964a-dea4dcd51fd7@group-D84C501198B9, cid=1482, SUCCESS, logIndex=2091, commits[8cac6937-780c-4459-964a-dea4dcd51fd7:c2091, 9ed8676d-9460-465d-9905-fd43a52295f6:c2089, da64134c-6992-4903-9407-7df321e464db:c2089]
2019-07-09 09:59:17,527 INFO  client.GrpcClientProtocolClient (GrpcClientProtocolClient.java:onNext(255)) - client-CECA27ED65B5->8cac6937-780c-4459-964a-dea4dcd51fd7: receive RaftClientReply:client-CECA27ED65B5->8cac6937-780c-4459-964a-dea4dcd51fd7@group-D84C501198B9, cid=1483, SUCCESS, logIndex=2094, commits[8cac6937-780c-4459-964a-dea4dcd51fd7:c2095, 9ed8676d-9460-465d-9905-fd43a52295f6:c2092, da64134c-6992-4903-9407-7df321e464db:c2092]
2019-07-09 09:59:17,527 INFO  client.GrpcClientProtocolClient (GrpcClientProtocolClient.java:onNext(255)) - client-CECA27ED65B5->8cac6937-780c-4459-964a-dea4dcd51fd7: receive RaftClientReply:client-CECA27ED65B5->8cac6937-780c-4459-964a-dea4dcd51fd7@group-D84C501198B9, cid=1484, SUCCESS, logIndex=2095, commits[8cac6937-780c-4459-964a-dea4dcd51fd7:c2095, 9ed8676d-9460-465d-9905-fd43a52295f6:c2092, da64134c-6992-4903-9407-7df321e464db:c2092]
2019-07-09 09:59:17,542 INFO  client.GrpcClientProtocolClient (GrpcClientProtocolClient.java:onNext(255)) - client-CECA27ED65B5->8cac6937-780c-4459-964a-dea4dcd51fd7: receive RaftClientReply:client-CECA27ED65B5->8cac6937-780c-4459-964a-dea4dcd51fd7@group-D84C501198B9, cid=1485, SUCCESS, logIndex=0, commits[8cac6937-780c-4459-964a-dea4dcd51fd7:c2097, 9ed8676d-9460-465d-9905-fd43a52295f6:c2095, da64134c-6992-4903-9407-7df321e464db:c2095]
2019-07-09 09:59:17,573 INFO  client.GrpcClientProtocolClient (GrpcClientProtocolClient.java:onNext(255)) - client-CECA27ED65B5->8cac6937-780c-4459-964a-dea4dcd51fd7: receive RaftClientReply:client-CECA27ED65B5->8cac6937-780c-4459-964a-dea4dcd51fd7@group-D84C501198B9, cid=1486, SUCCESS, logIndex=2098, commits[8cac6937-780c-4459-964a-dea4dcd51fd7:c2099, 9ed8676d-9460-465d-9905-fd43a52295f6:c2097, da64134c-6992-4903-9407-7df321e464db:c2097]
2019-07-09 09:59:17,573 INFO  client.GrpcClientProtocolClient (GrpcClientProtocolClient.java:onNext(255)) - client-CECA27ED65B5->8cac6937-780c-4459-964a-dea4dcd51fd7: receive RaftClientReply:client-CECA27ED65B5->8cac6937-780c-4459-964a-dea4dcd51fd7@group-D84C501198B9, cid=1487, SUCCESS, logIndex=2099, commits[8cac6937-780c-4459-964a-dea4dcd51fd7:c2100, 9ed8676d-9460-465d-9905-fd43a52295f6:c2097, da64134c-6992-4903-9407-7df321e464db:c2097]
2019-07-09 09:59:17,574 INFO  client.GrpcClientProtocolClient (GrpcClientProtocolClient.java:onNext(255)) - client-CECA27ED65B5->8cac6937-780c-4459-964a-dea4dcd51fd7: receive RaftClientReply:client-CECA27ED65B5->8cac6937-780c-4459-964a-dea4dcd51fd7@group-D84C501198B9, cid=1488, SUCCESS, logIndex=2100, commits[8cac6937-780c-4459-964a-dea4dcd51fd7:c2100, 9ed8676d-9460-465d-9905-fd43a52295f6:c2097, da64134c-6992-4903-9407-7df321e464db:c2097]
2019-07-09 09:59:17,574 INFO  client.GrpcClientProtocolClient (GrpcClientProtocolClient.java:onNext(255)) - client-CECA27ED65B5->8cac6937-780c-4459-964a-dea4dcd51fd7: receive RaftClientReply:client-CECA27ED65B5->8cac6937-780c-4459-964a-dea4dcd51fd7@group-D84C501198B9, cid=1489, SUCCESS, logIndex=2101, commits[8cac6937-780c-4459-964a-dea4dcd51fd7:c2101, 9ed8676d-9460-465d-9905-fd43a52295f6:c2097, da64134c-6992-4903-9407-7df321e464db:c2097]
2019-07-09 09:59:17,575 INFO  client.GrpcClientProtocolClient (GrpcClientProtocolClient.java:onNext(255)) - client-CECA27ED65B5->8cac6937-780c-4459-964a-dea4dcd51fd7: receive RaftClientReply:client-CECA27ED65B5->8cac6937-780c-4459-964a-dea4dcd51fd7@group-D84C501198B9, cid=1490, SUCCESS, logIndex=0, commits[8cac6937-780c-4459-964a-dea4dcd51fd7:c2104, 9ed8676d-9460-465d-9905-fd43a52295f6:c2100, da64134c-6992-4903-9407-7df321e464db:c2100]
2019-07-09 09:59:17,596 INFO  client.GrpcClientProtocolClient (GrpcClientProtocolClient.java:onNext(255)) - client-CECA27ED65B5->8cac6937-780c-4459-964a-dea4dcd51fd7: receive RaftClientReply:client-CECA27ED65B5->8cac6937-780c-4459-964a-dea4dcd51fd7@group-D84C501198B9, cid=1491, SUCCESS, logIndex=2106, commits[8cac6937-780c-4459-964a-dea4dcd51fd7:c2107, 9ed8676d-9460-465d-9905-fd43a52295f6:c2105, da64134c-6992-4903-9407-7df321e464db:c2105]
2019-07-09 09:59:17,596 INFO  client.GrpcClientProtocolClient (GrpcClientProtocolClient.java:onNext(255)) - client-CECA27ED65B5->8cac6937-780c-4459-964a-dea4dcd51fd7: receive RaftClientReply:client-CECA27ED65B5->8cac6937-780c-4459-964a-dea4dcd51fd7@group-D84C501198B9, cid=1492, SUCCESS, logIndex=2107, commits[8cac6937-780c-4459-964a-dea4dcd51fd7:c2107, 9ed8676d-9460-465d-9905-fd43a52295f6:c2105, da64134c-6992-4903-9407-7df321e464db:c2105]
2019-07-09 09:59:17,610 INFO  client.GrpcClientProtocolClient (GrpcClientProtocolClient.java:onNext(255)) - client-CECA27ED65B5->8cac6937-780c-4459-964a-dea4dcd51fd7: receive RaftClientReply:client-CECA27ED65B5->8cac6937-780c-4459-964a-dea4dcd51fd7@group-D84C501198B9, cid=1493, SUCCESS, logIndex=2110, commits[8cac6937-780c-4459-964a-dea4dcd51fd7:c2111, 9ed8676d-9460-465d-9905-fd43a52295f6:c2107, da64134c-6992-4903-9407-7df321e464db:c2107]
2019-07-09 09:59:17,610 INFO  client.GrpcClientProtocolClient (GrpcClientProtocolClient.java:onNext(255)) - client-CECA27ED65B5->8cac6937-780c-4459-964a-dea4dcd51fd7: receive RaftClientReply:client-CECA27ED65B5->8cac6937-780c-4459-964a-dea4dcd51fd7@group-D84C501198B9, cid=1494, SUCCESS, logIndex=2111, commits[8cac6937-780c-4459-964a-dea4dcd51fd7:c2111, 9ed8676d-9460-465d-9905-fd43a52295f6:c2107, da64134c-6992-4903-9407-7df321e464db:c2107]
2019-07-09 09:59:17,624 INFO  client.GrpcClientProtocolClient (GrpcClientProtocolClient.java:onNext(255)) - client-CECA27ED65B5->8cac6937-780c-4459-964a-dea4dcd51fd7: receive RaftClientReply:client-CECA27ED65B5->8cac6937-780c-4459-964a-dea4dcd51fd7@group-D84C501198B9, cid=1495, SUCCESS, logIndex=0, commits[8cac6937-780c-4459-964a-dea4dcd51fd7:c2113, 9ed8676d-9460-465d-9905-fd43a52295f6:c2111, da64134c-6992-4903-9407-7df321e464db:c2111]
2019-07-09 09:59:17,646 INFO  client.GrpcClientProtocolClient (GrpcClientProtocolClient.java:onNext(255)) - client-CECA27ED65B5->8cac6937-780c-4459-964a-dea4dcd51fd7: receive RaftClientReply:client-CECA27ED65B5->8cac6937-780c-4459-964a-dea4dcd51fd7@group-D84C501198B9, cid=1496, SUCCESS, logIndex=2114, commits[8cac6937-780c-4459-964a-dea4dcd51fd7:c2115, 9ed8676d-9460-465d-9905-fd43a52295f6:c2113, da64134c-6992-4903-9407-7df321e464db:c2113]
2019-07-09 09:59:17,647 INFO  client.GrpcClientProtocolClient (GrpcClientProtocolClient.java:onNext(255)) - client-CECA27ED65B5->8cac6937-780c-4459-964a-dea4dcd51fd7: receive RaftClientReply:client-CECA27ED65B5->8cac6937-780c-4459-964a-dea4dcd51fd7@group-D84C501198B9, cid=1497, SUCCESS, logIndex=2115, commits[8cac6937-780c-4459-964a-dea4dcd51fd7:c2117, 9ed8676d-9460-465d-9905-fd43a52295f6:c2113, da64134c-6992-4903-9407-7df321e464db:c2113]
2019-07-09 09:59:17,647 INFO  client.GrpcClientProtocolClient (GrpcClientProtocolClient.java:onNext(255)) - client-CECA27ED65B5->8cac6937-780c-4459-964a-dea4dcd51fd7: receive RaftClientReply:client-CECA27ED65B5->8cac6937-780c-4459-964a-dea4dcd51fd7@group-D84C501198B9, cid=1498, SUCCESS, logIndex=2116, commits[8cac6937-780c-4459-964a-dea4dcd51fd7:c2117, 9ed8676d-9460-465d-9905-fd43a52295f6:c2113, da64134c-6992-4903-9407-7df321e464db:c2113]
2019-07-09 09:59:17,647 INFO  client.GrpcClientProtocolClient (GrpcClientProtocolClient.java:onNext(255)) - client-CECA27ED65B5->8cac6937-780c-4459-964a-dea4dcd51fd7: receive RaftClientReply:client-CECA27ED65B5->8cac6937-780c-4459-964a-dea4dcd51fd7@group-D84C501198B9, cid=1499, SUCCESS, logIndex=2117, commits[8cac6937-780c-4459-964a-dea4dcd51fd7:c2117, 9ed8676d-9460-465d-9905-fd43a52295f6:c2113, da64134c-6992-4903-9407-7df321e464db:c2113]
2019-07-09 09:59:17,649 INFO  client.GrpcClientProtocolClient (GrpcClientProtocolClient.java:onNext(255)) - client-CECA27ED65B5->8cac6937-780c-4459-964a-dea4dcd51fd7: receive RaftClientReply:client-CECA27ED65B5->8cac6937-780c-4459-964a-dea4dcd51fd7@group-D84C501198B9, cid=1500, SUCCESS, logIndex=0, commits[8cac6937-780c-4459-964a-dea4dcd51fd7:c2118, 9ed8676d-9460-465d-9905-fd43a52295f6:c2115, da64134c-6992-4903-9407-7df321e464db:c2115]
2019-07-09 09:59:17,675 INFO  client.GrpcClientProtocolClient (GrpcClientProtocolClient.java:onNext(255)) - client-CECA27ED65B5->8cac6937-780c-4459-964a-dea4dcd51fd7: receive RaftClientReply:client-CECA27ED65B5->8cac6937-780c-4459-964a-dea4dcd51fd7@group-D84C501198B9, cid=1501, SUCCESS, logIndex=2121, commits[8cac6937-780c-4459-964a-dea4dcd51fd7:c2122, 9ed8676d-9460-465d-9905-fd43a52295f6:c2120, da64134c-6992-4903-9407-7df321e464db:c2120]
2019-07-09 09:59:17,675 INFO  client.GrpcClientProtocolClient (GrpcClientProtocolClient.java:onNext(255)) - client-CECA27ED65B5->8cac6937-780c-4459-964a-dea4dcd51fd7: receive RaftClientReply:client-CECA27ED65B5->8cac6937-780c-4459-964a-dea4dcd51fd7@group-D84C501198B9, cid=1502, SUCCESS, logIndex=2122, commits[8cac6937-780c-4459-964a-dea4dcd51fd7:c2122, 9ed8676d-9460-465d-9905-fd43a52295f6:c2120, da64134c-6992-4903-9407-7df321e464db:c2120]
2019-07-09 09:59:17,689 INFO  client.GrpcClientProtocolClient (GrpcClientProtocolClient.java:onNext(255)) - client-CECA27ED65B5->8cac6937-780c-4459-964a-dea4dcd51fd7: receive RaftClientReply:client-CECA27ED65B5->8cac6937-780c-4459-964a-dea4dcd51fd7@group-D84C501198B9, cid=1503, SUCCESS, logIndex=2125, commits[8cac6937-780c-4459-964a-dea4dcd51fd7:c2125, 9ed8676d-9460-465d-9905-fd43a52295f6:c2122, da64134c-6992-4903-9407-7df321e464db:c2122]
2019-07-09 09:59:17,690 INFO  client.GrpcClientProtocolClient (GrpcClientProtocolClient.java:onNext(255)) - client-CECA27ED65B5->8cac6937-780c-4459-964a-dea4dcd51fd7: receive RaftClientReply:client-CECA27ED65B5->8cac6937-780c-4459-964a-dea4dcd51fd7@group-D84C501198B9, cid=1504, SUCCESS, logIndex=2126, commits[8cac6937-780c-4459-964a-dea4dcd51fd7:c2126, 9ed8676d-9460-465d-9905-fd43a52295f6:c2122, da64134c-6992-4903-9407-7df321e464db:c2122]
2019-07-09 09:59:17,704 INFO  client.GrpcClientProtocolClient (GrpcClientProtocolClient.java:onNext(255)) - client-CECA27ED65B5->8cac6937-780c-4459-964a-dea4dcd51fd7: receive RaftClientReply:client-CECA27ED65B5->8cac6937-780c-4459-964a-dea4dcd51fd7@group-D84C501198B9, cid=1505, SUCCESS, logIndex=0, commits[8cac6937-780c-4459-964a-dea4dcd51fd7:c2128, 9ed8676d-9460-465d-9905-fd43a52295f6:c2126, da64134c-6992-4903-9407-7df321e464db:c2126]
2019-07-09 09:59:17,746 INFO  client.GrpcClientProtocolClient (GrpcClientProtocolClient.java:onNext(255)) - client-CECA27ED65B5->8cac6937-780c-4459-964a-dea4dcd51fd7: receive RaftClientReply:client-CECA27ED65B5->8cac6937-780c-4459-964a-dea4dcd51fd7@group-D84C501198B9, cid=1506, SUCCESS, logIndex=2129, commits[8cac6937-780c-4459-964a-dea4dcd51fd7:c2131, 9ed8676d-9460-465d-9905-fd43a52295f6:c2128, da64134c-6992-4903-9407-7df321e464db:c2128]
2019-07-09 09:59:17,746 INFO  client.GrpcClientProtocolClient (GrpcClientProtocolClient.java:onNext(255)) - client-CECA27ED65B5->8cac6937-780c-4459-964a-dea4dcd51fd7: receive RaftClientReply:client-CECA27ED65B5->8cac6937-780c-4459-964a-dea4dcd51fd7@group-D84C501198B9, cid=1507, SUCCESS, logIndex=2130, commits[8cac6937-780c-4459-964a-dea4dcd51fd7:c2132, 9ed8676d-9460-465d-9905-fd43a52295f6:c2128, da64134c-6992-4903-9407-7df321e464db:c2128]
2019-07-09 09:59:17,747 INFO  client.GrpcClientProtocolClient (GrpcClientProtocolClient.java:onNext(255)) - client-CECA27ED65B5->8cac6937-780c-4459-964a-dea4dcd51fd7: receive RaftClientReply:client-CECA27ED65B5->8cac6937-780c-4459-964a-dea4dcd51fd7@group-D84C501198B9, cid=1508, SUCCESS, logIndex=2131, commits[8cac6937-780c-4459-964a-dea4dcd51fd7:c2132, 9ed8676d-9460-465d-9905-fd43a52295f6:c2128, da64134c-6992-4903-9407-7df321e464db:c2128]
2019-07-09 09:59:17,747 INFO  client.GrpcClientProtocolClient (GrpcClientProtocolClient.java:onNext(255)) - client-CECA27ED65B5->8cac6937-780c-4459-964a-dea4dcd51fd7: receive RaftClientReply:client-CECA27ED65B5->8cac6937-780c-4459-964a-dea4dcd51fd7@group-D84C501198B9, cid=1509, SUCCESS, logIndex=2132, commits[8cac6937-780c-4459-964a-dea4dcd51fd7:c2132, 9ed8676d-9460-465d-9905-fd43a52295f6:c2128, da64134c-6992-4903-9407-7df321e464db:c2128]
2019-07-09 09:59:17,757 INFO  client.GrpcClientProtocolClient (GrpcClientProtocolClient.java:onNext(255)) - client-CECA27ED65B5->8cac6937-780c-4459-964a-dea4dcd51fd7: receive RaftClientReply:client-CECA27ED65B5->8cac6937-780c-4459-964a-dea4dcd51fd7@group-D84C501198B9, cid=1510, SUCCESS, logIndex=0, commits[8cac6937-780c-4459-964a-dea4dcd51fd7:c2132, 9ed8676d-9460-465d-9905-fd43a52295f6:c2130, da64134c-6992-4903-9407-7df321e464db:c2130]
2019-07-09 09:59:17,776 INFO  client.GrpcClientProtocolClient (GrpcClientProtocolClient.java:onNext(255)) - client-CECA27ED65B5->8cac6937-780c-4459-964a-dea4dcd51fd7: receive RaftClientReply:client-CECA27ED65B5->8cac6937-780c-4459-964a-dea4dcd51fd7@group-D84C501198B9, cid=1511, SUCCESS, logIndex=2136, commits[8cac6937-780c-4459-964a-dea4dcd51fd7:c2137, 9ed8676d-9460-465d-9905-fd43a52295f6:c2135, da64134c-6992-4903-9407-7df321e464db:c2135]
2019-07-09 09:59:17,776 INFO  client.GrpcClientProtocolClient (GrpcClientProtocolClient.java:onNext(255)) - client-CECA27ED65B5->8cac6937-780c-4459-964a-dea4dcd51fd7: receive RaftClientReply:client-CECA27ED65B5->8cac6937-780c-4459-964a-dea4dcd51fd7@group-D84C501198B9, cid=1512, SUCCESS, logIndex=2137, commits[8cac6937-780c-4459-964a-dea4dcd51fd7:c2137, 9ed8676d-9460-465d-9905-fd43a52295f6:c2135, da64134c-6992-4903-9407-7df321e464db:c2135]
2019-07-09 09:59:17,789 INFO  client.GrpcClientProtocolClient (GrpcClientProtocolClient.java:onNext(255)) - client-CECA27ED65B5->8cac6937-780c-4459-964a-dea4dcd51fd7: receive RaftClientReply:client-CECA27ED65B5->8cac6937-780c-4459-964a-dea4dcd51fd7@group-D84C501198B9, cid=1513, SUCCESS, logIndex=2140, commits[8cac6937-780c-4459-964a-dea4dcd51fd7:c2141, 9ed8676d-9460-465d-9905-fd43a52295f6:c2137, da64134c-6992-4903-9407-7df321e464db:c2137]
2019-07-09 09:59:17,790 INFO  client.GrpcClientProtocolClient (GrpcClientProtocolClient.java:onNext(255)) - client-CECA27ED65B5->8cac6937-780c-4459-964a-dea4dcd51fd7: receive RaftClientReply:client-CECA27ED65B5->8cac6937-780c-4459-964a-dea4dcd51fd7@group-D84C501198B9, cid=1514, SUCCESS, logIndex=2141, commits[8cac6937-780c-4459-964a-dea4dcd51fd7:c2141, 9ed8676d-9460-465d-9905-fd43a52295f6:c2137, da64134c-6992-4903-9407-7df321e464db:c2137]
2019-07-09 09:59:17,801 INFO  client.GrpcClientProtocolClient (GrpcClientProtocolClient.java:onNext(255)) - client-CECA27ED65B5->8cac6937-780c-4459-964a-dea4dcd51fd7: receive RaftClientReply:client-CECA27ED65B5->8cac6937-780c-4459-964a-dea4dcd51fd7@group-D84C501198B9, cid=1515, SUCCESS, logIndex=0, commits[8cac6937-780c-4459-964a-dea4dcd51fd7:c2141, 9ed8676d-9460-465d-9905-fd43a52295f6:c2141, da64134c-6992-4903-9407-7df321e464db:c2141]
2019-07-09 09:59:17,825 INFO  client.GrpcClientProtocolClient (GrpcClientProtocolClient.java:onNext(255)) - client-CECA27ED65B5->8cac6937-780c-4459-964a-dea4dcd51fd7: receive RaftClientReply:client-CECA27ED65B5->8cac6937-780c-4459-964a-dea4dcd51fd7@group-D84C501198B9, cid=1516, SUCCESS, logIndex=2144, commits[8cac6937-780c-4459-964a-dea4dcd51fd7:c2145, 9ed8676d-9460-465d-9905-fd43a52295f6:c2143, da64134c-6992-4903-9407-7df321e464db:c2143]
2019-07-09 09:59:17,826 INFO  client.GrpcClientProtocolClient (GrpcClientProtocolClient.java:onNext(255)) - client-CECA27ED65B5->8cac6937-780c-4459-964a-dea4dcd51fd7: receive RaftClientReply:client-CECA27ED65B5->8cac6937-780c-4459-964a-dea4dcd51fd7@group-D84C501198B9, cid=1517, SUCCESS, logIndex=2145, commits[8cac6937-780c-4459-964a-dea4dcd51fd7:c2145, 9ed8676d-9460-465d-9905-fd43a52295f6:c2143, da64134c-6992-4903-9407-7df321e464db:c2143]
2019-07-09 09:59:17,826 INFO  client.GrpcClientProtocolClient (GrpcClientProtocolClient.java:onNext(255)) - client-CECA27ED65B5->8cac6937-780c-4459-964a-dea4dcd51fd7: receive RaftClientReply:client-CECA27ED65B5->8cac6937-780c-4459-964a-dea4dcd51fd7@group-D84C501198B9, cid=1518, SUCCESS, logIndex=2146, commits[8cac6937-780c-4459-964a-dea4dcd51fd7:c2146, 9ed8676d-9460-465d-9905-fd43a52295f6:c2143, da64134c-6992-4903-9407-7df321e464db:c2143]
2019-07-09 09:59:17,827 INFO  client.GrpcClientProtocolClient (GrpcClientProtocolClient.java:onNext(255)) - client-CECA27ED65B5->8cac6937-780c-4459-964a-dea4dcd51fd7: receive RaftClientReply:client-CECA27ED65B5->8cac6937-780c-4459-964a-dea4dcd51fd7@group-D84C501198B9, cid=1519, SUCCESS, logIndex=2147, commits[8cac6937-780c-4459-964a-dea4dcd51fd7:c2147, 9ed8676d-9460-465d-9905-fd43a52295f6:c2143, da64134c-6992-4903-9407-7df321e464db:c2143]
2019-07-09 09:59:17,829 INFO  client.GrpcClientProtocolClient (GrpcClientProtocolClient.java:onNext(255)) - client-CECA27ED65B5->8cac6937-780c-4459-964a-dea4dcd51fd7: receive RaftClientReply:client-CECA27ED65B5->8cac6937-780c-4459-964a-dea4dcd51fd7@group-D84C501198B9, cid=1520, SUCCESS, logIndex=0, commits[8cac6937-780c-4459-964a-dea4dcd51fd7:c2149, 9ed8676d-9460-465d-9905-fd43a52295f6:c2145, da64134c-6992-4903-9407-7df321e464db:c2145]
2019-07-09 09:59:17,841 INFO  client.GrpcClientProtocolClient (GrpcClientProtocolClient.java:onNext(255)) - client-CECA27ED65B5->8cac6937-780c-4459-964a-dea4dcd51fd7: receive RaftClientReply:client-CECA27ED65B5->8cac6937-780c-4459-964a-dea4dcd51fd7@group-D84C501198B9, cid=1521, SUCCESS, logIndex=2152, commits[8cac6937-780c-4459-964a-dea4dcd51fd7:c2153, 9ed8676d-9460-465d-9905-fd43a52295f6:c2149, da64134c-6992-4903-9407-7df321e464db:c2147]
2019-07-09 09:59:17,842 INFO  client.GrpcClientProtocolClient (GrpcClientProtocolClient.java:onNext(255)) - client-CECA27ED65B5->8cac6937-780c-4459-964a-dea4dcd51fd7: receive RaftClientReply:client-CECA27ED65B5->8cac6937-780c-4459-964a-dea4dcd51fd7@group-D84C501198B9, cid=1522, SUCCESS, logIndex=2153, commits[8cac6937-780c-4459-964a-dea4dcd51fd7:c2153, 9ed8676d-9460-465d-9905-fd43a52295f6:c2149, da64134c-6992-4903-9407-7df321e464db:c2149]
2019-07-09 09:59:17,851 INFO  client.GrpcClientProtocolClient (GrpcClientProtocolClient.java:onNext(255)) - client-CECA27ED65B5->8cac6937-780c-4459-964a-dea4dcd51fd7: receive RaftClientReply:client-CECA27ED65B5->8cac6937-780c-4459-964a-dea4dcd51fd7@group-D84C501198B9, cid=1523, SUCCESS, logIndex=2155, commits[8cac6937-780c-4459-964a-dea4dcd51fd7:c2156, 9ed8676d-9460-465d-9905-fd43a52295f6:c2154, da64134c-6992-4903-9407-7df321e464db:c2153]
2019-07-09 09:59:17,851 INFO  client.GrpcClientProtocolClient (GrpcClientProtocolClient.java:onNext(255)) - client-CECA27ED65B5->8cac6937-780c-4459-964a-dea4dcd51fd7: receive RaftClientReply:client-CECA27ED65B5->8cac6937-780c-4459-964a-dea4dcd51fd7@group-D84C501198B9, cid=1524, SUCCESS, logIndex=2156, commits[8cac6937-780c-4459-964a-dea4dcd51fd7:c2156, 9ed8676d-9460-465d-9905-fd43a52295f6:c2154, da64134c-6992-4903-9407-7df321e464db:c2154]
2019-07-09 09:59:17,856 INFO  client.GrpcClientProtocolClient (GrpcClientProtocolClient.java:onNext(255)) - client-CECA27ED65B5->8cac6937-780c-4459-964a-dea4dcd51fd7: receive RaftClientReply:client-CECA27ED65B5->8cac6937-780c-4459-964a-dea4dcd51fd7@group-D84C501198B9, cid=1525, SUCCESS, logIndex=0, commits[8cac6937-780c-4459-964a-dea4dcd51fd7:c2158, 9ed8676d-9460-465d-9905-fd43a52295f6:c2156, da64134c-6992-4903-9407-7df321e464db:c2156]
2019-07-09 09:59:17,873 INFO  client.GrpcClientProtocolClient (GrpcClientProtocolClient.java:onNext(255)) - client-CECA27ED65B5->8cac6937-780c-4459-964a-dea4dcd51fd7: receive RaftClientReply:client-CECA27ED65B5->8cac6937-780c-4459-964a-dea4dcd51fd7@group-D84C501198B9, cid=1526, SUCCESS, logIndex=2159, commits[8cac6937-780c-4459-964a-dea4dcd51fd7:c2162, 9ed8676d-9460-465d-9905-fd43a52295f6:c2158, da64134c-6992-4903-9407-7df321e464db:c2158]
2019-07-09 09:59:17,874 INFO  client.GrpcClientProtocolClient (GrpcClientProtocolClient.java:onNext(255)) - client-CECA27ED65B5->8cac6937-780c-4459-964a-dea4dcd51fd7: receive RaftClientReply:client-CECA27ED65B5->8cac6937-780c-4459-964a-dea4dcd51fd7@group-D84C501198B9, cid=1527, SUCCESS, logIndex=2160, commits[8cac6937-780c-4459-964a-dea4dcd51fd7:c2162, 9ed8676d-9460-465d-9905-fd43a52295f6:c2158, da64134c-6992-4903-9407-7df321e464db:c2158]
2019-07-09 09:59:17,874 INFO  client.GrpcClientProtocolClient (GrpcClientProtocolClient.java:onNext(255)) - client-CECA27ED65B5->8cac6937-780c-4459-964a-dea4dcd51fd7: receive RaftClientReply:client-CECA27ED65B5->8cac6937-780c-4459-964a-dea4dcd51fd7@group-D84C501198B9, cid=1528, SUCCESS, logIndex=2161, commits[8cac6937-780c-4459-964a-dea4dcd51fd7:c2162, 9ed8676d-9460-465d-9905-fd43a52295f6:c2158, da64134c-6992-4903-9407-7df321e464db:c2158]
2019-07-09 09:59:17,874 INFO  client.GrpcClientProtocolClient (GrpcClientProtocolClient.java:onNext(255)) - client-CECA27ED65B5->8cac6937-780c-4459-964a-dea4dcd51fd7: receive RaftClientReply:client-CECA27ED65B5->8cac6937-780c-4459-964a-dea4dcd51fd7@group-D84C501198B9, cid=1529, SUCCESS, logIndex=2162, commits[8cac6937-780c-4459-964a-dea4dcd51fd7:c2162, 9ed8676d-9460-465d-9905-fd43a52295f6:c2158, da64134c-6992-4903-9407-7df321e464db:c2158]
2019-07-09 09:59:17,875 INFO  client.GrpcClientProtocolClient (GrpcClientProtocolClient.java:onNext(255)) - client-CECA27ED65B5->8cac6937-780c-4459-964a-dea4dcd51fd7: receive RaftClientReply:client-CECA27ED65B5->8cac6937-780c-4459-964a-dea4dcd51fd7@group-D84C501198B9, cid=1530, SUCCESS, logIndex=0, commits[8cac6937-780c-4459-964a-dea4dcd51fd7:c2163, 9ed8676d-9460-465d-9905-fd43a52295f6:c2160, da64134c-6992-4903-9407-7df321e464db:c2160]
2019-07-09 09:59:17,898 INFO  client.GrpcClientProtocolClient (GrpcClientProtocolClient.java:onNext(255)) - client-CECA27ED65B5->8cac6937-780c-4459-964a-dea4dcd51fd7: receive RaftClientReply:client-CECA27ED65B5->8cac6937-780c-4459-964a-dea4dcd51fd7@group-D84C501198B9, cid=1531, SUCCESS, logIndex=2166, commits[8cac6937-780c-4459-964a-dea4dcd51fd7:c2167, 9ed8676d-9460-465d-9905-fd43a52295f6:c2165, da64134c-6992-4903-9407-7df321e464db:c2165]
2019-07-09 09:59:17,899 INFO  client.GrpcClientProtocolClient (GrpcClientProtocolClient.java:onNext(255)) - client-CECA27ED65B5->8cac6937-780c-4459-964a-dea4dcd51fd7: receive RaftClientReply:client-CECA27ED65B5->8cac6937-780c-4459-964a-dea4dcd51fd7@group-D84C501198B9, cid=1532, SUCCESS, logIndex=2167, commits[8cac6937-780c-4459-964a-dea4dcd51fd7:c2167, 9ed8676d-9460-465d-9905-fd43a52295f6:c2165, da64134c-6992-4903-9407-7df321e464db:c2165]
2019-07-09 09:59:17,911 INFO  client.GrpcClientProtocolClient (GrpcClientProtocolClient.java:onNext(255)) - client-CECA27ED65B5->8cac6937-780c-4459-964a-dea4dcd51fd7: receive RaftClientReply:client-CECA27ED65B5->8cac6937-780c-4459-964a-dea4dcd51fd7@group-D84C501198B9, cid=1533, SUCCESS, logIndex=2170, commits[8cac6937-780c-4459-964a-dea4dcd51fd7:c2170, 9ed8676d-9460-465d-9905-fd43a52295f6:c2167, da64134c-6992-4903-9407-7df321e464db:c2167]
2019-07-09 09:59:17,912 INFO  client.GrpcClientProtocolClient (GrpcClientProtocolClient.java:onNext(255)) - client-CECA27ED65B5->8cac6937-780c-4459-964a-dea4dcd51fd7: receive RaftClientReply:client-CECA27ED65B5->8cac6937-780c-4459-964a-dea4dcd51fd7@group-D84C501198B9, cid=1534, SUCCESS, logIndex=2171, commits[8cac6937-780c-4459-964a-dea4dcd51fd7:c2171, 9ed8676d-9460-465d-9905-fd43a52295f6:c2167, da64134c-6992-4903-9407-7df321e464db:c2167]
2019-07-09 09:59:17,926 INFO  client.GrpcClientProtocolClient (GrpcClientProtocolClient.java:onNext(255)) - client-CECA27ED65B5->8cac6937-780c-4459-964a-dea4dcd51fd7: receive RaftClientReply:client-CECA27ED65B5->8cac6937-780c-4459-964a-dea4dcd51fd7@group-D84C501198B9, cid=1535, SUCCESS, logIndex=0, commits[8cac6937-780c-4459-964a-dea4dcd51fd7:c2173, 9ed8676d-9460-465d-9905-fd43a52295f6:c2171, da64134c-6992-4903-9407-7df321e464db:c2171]
2019-07-09 09:59:17,955 INFO  client.GrpcClientProtocolClient (GrpcClientProtocolClient.java:onNext(255)) - client-CECA27ED65B5->8cac6937-780c-4459-964a-dea4dcd51fd7: receive RaftClientReply:client-CECA27ED65B5->8cac6937-780c-4459-964a-dea4dcd51fd7@group-D84C501198B9, cid=1536, SUCCESS, logIndex=2174, commits[8cac6937-780c-4459-964a-dea4dcd51fd7:c2175, 9ed8676d-9460-465d-9905-fd43a52295f6:c2173, da64134c-6992-4903-9407-7df321e464db:c2173]
2019-07-09 09:59:17,955 INFO  client.GrpcClientProtocolClient (GrpcClientProtocolClient.java:onNext(255)) - client-CECA27ED65B5->8cac6937-780c-4459-964a-dea4dcd51fd7: receive RaftClientReply:client-CECA27ED65B5->8cac6937-780c-4459-964a-dea4dcd51fd7@group-D84C501198B9, cid=1537, SUCCESS, logIndex=2175, commits[8cac6937-780c-4459-964a-dea4dcd51fd7:c2177, 9ed8676d-9460-465d-9905-fd43a52295f6:c2173, da64134c-6992-4903-9407-7df321e464db:c2173]
2019-07-09 09:59:17,955 INFO  client.GrpcClientProtocolClient (GrpcClientProtocolClient.java:onNext(255)) - client-CECA27ED65B5->8cac6937-780c-4459-964a-dea4dcd51fd7: receive RaftClientReply:client-CECA27ED65B5->8cac6937-780c-4459-964a-dea4dcd51fd7@group-D84C501198B9, cid=1538, SUCCESS, logIndex=2176, commits[8cac6937-780c-4459-964a-dea4dcd51fd7:c2177, 9ed8676d-9460-465d-9905-fd43a52295f6:c2173, da64134c-6992-4903-9407-7df321e464db:c2173]
2019-07-09 09:59:17,955 INFO  client.GrpcClientProtocolClient (GrpcClientProtocolClient.java:onNext(255)) - client-CECA27ED65B5->8cac6937-780c-4459-964a-dea4dcd51fd7: receive RaftClientReply:client-CECA27ED65B5->8cac6937-780c-4459-964a-dea4dcd51fd7@group-D84C501198B9, cid=1539, SUCCESS, logIndex=2177, commits[8cac6937-780c-4459-964a-dea4dcd51fd7:c2177, 9ed8676d-9460-465d-9905-fd43a52295f6:c2173, da64134c-6992-4903-9407-7df321e464db:c2173]
2019-07-09 09:59:17,968 INFO  client.GrpcClientProtocolClient (GrpcClientProtocolClient.java:onNext(255)) - client-CECA27ED65B5->8cac6937-780c-4459-964a-dea4dcd51fd7: receive RaftClientReply:client-CECA27ED65B5->8cac6937-780c-4459-964a-dea4dcd51fd7@group-D84C501198B9, cid=1540, SUCCESS, logIndex=0, commits[8cac6937-780c-4459-964a-dea4dcd51fd7:c2181, 9ed8676d-9460-465d-9905-fd43a52295f6:c2177, da64134c-6992-4903-9407-7df321e464db:c2175]
2019-07-09 09:59:17,988 INFO  client.GrpcClientProtocolClient (GrpcClientProtocolClient.java:onNext(255)) - client-CECA27ED65B5->8cac6937-780c-4459-964a-dea4dcd51fd7: receive RaftClientReply:client-CECA27ED65B5->8cac6937-780c-4459-964a-dea4dcd51fd7@group-D84C501198B9, cid=1541, SUCCESS, logIndex=2182, commits[8cac6937-780c-4459-964a-dea4dcd51fd7:c2183, 9ed8676d-9460-465d-9905-fd43a52295f6:c2181, da64134c-6992-4903-9407-7df321e464db:c2181]
2019-07-09 09:59:17,988 INFO  client.GrpcClientProtocolClient (GrpcClientProtocolClient.java:onNext(255)) - client-CECA27ED65B5->8cac6937-780c-4459-964a-dea4dcd51fd7: receive RaftClientReply:client-CECA27ED65B5->8cac6937-780c-4459-964a-dea4dcd51fd7@group-D84C501198B9, cid=1542, SUCCESS, logIndex=2183, commits[8cac6937-780c-4459-964a-dea4dcd51fd7:c2183, 9ed8676d-9460-465d-9905-fd43a52295f6:c2181, da64134c-6992-4903-9407-7df321e464db:c2181]
2019-07-09 09:59:18,003 INFO  client.GrpcClientProtocolClient (GrpcClientProtocolClient.java:onNext(255)) - client-CECA27ED65B5->8cac6937-780c-4459-964a-dea4dcd51fd7: receive RaftClientReply:client-CECA27ED65B5->8cac6937-780c-4459-964a-dea4dcd51fd7@group-D84C501198B9, cid=1543, SUCCESS, logIndex=2186, commits[8cac6937-780c-4459-964a-dea4dcd51fd7:c2186, 9ed8676d-9460-465d-9905-fd43a52295f6:c2183, da64134c-6992-4903-9407-7df321e464db:c2183]
2019-07-09 09:59:18,003 INFO  client.GrpcClientProtocolClient (GrpcClientProtocolClient.java:onNext(255)) - client-CECA27ED65B5->8cac6937-780c-4459-964a-dea4dcd51fd7: receive RaftClientReply:client-CECA27ED65B5->8cac6937-780c-4459-964a-dea4dcd51fd7@group-D84C501198B9, cid=1544, SUCCESS, logIndex=2187, commits[8cac6937-780c-4459-964a-dea4dcd51fd7:c2187, 9ed8676d-9460-465d-9905-fd43a52295f6:c2183, da64134c-6992-4903-9407-7df321e464db:c2183]
2019-07-09 09:59:18,018 INFO  client.GrpcClientProtocolClient (GrpcClientProtocolClient.java:onNext(255)) - client-CECA27ED65B5->8cac6937-780c-4459-964a-dea4dcd51fd7: receive RaftClientReply:client-CECA27ED65B5->8cac6937-780c-4459-964a-dea4dcd51fd7@group-D84C501198B9, cid=1545, SUCCESS, logIndex=0, commits[8cac6937-780c-4459-964a-dea4dcd51fd7:c2188, 9ed8676d-9460-465d-9905-fd43a52295f6:c2187, da64134c-6992-4903-9407-7df321e464db:c2187]
2019-07-09 09:59:18,037 INFO  client.GrpcClientProtocolClient (GrpcClientProtocolClient.java:onNext(255)) - client-CECA27ED65B5->8cac6937-780c-4459-964a-dea4dcd51fd7: receive RaftClientReply:client-CECA27ED65B5->8cac6937-780c-4459-964a-dea4dcd51fd7@group-D84C501198B9, cid=1546, SUCCESS, logIndex=2190, commits[8cac6937-780c-4459-964a-dea4dcd51fd7:c2191, 9ed8676d-9460-465d-9905-fd43a52295f6:c2189, da64134c-6992-4903-9407-7df321e464db:c2187]
2019-07-09 09:59:18,037 INFO  client.GrpcClientProtocolClient (GrpcClientProtocolClient.java:onNext(255)) - client-CECA27ED65B5->8cac6937-780c-4459-964a-dea4dcd51fd7: receive RaftClientReply:client-CECA27ED65B5->8cac6937-780c-4459-964a-dea4dcd51fd7@group-D84C501198B9, cid=1547, SUCCESS, logIndex=2191, commits[8cac6937-780c-4459-964a-dea4dcd51fd7:c2191, 9ed8676d-9460-465d-9905-fd43a52295f6:c2189, da64134c-6992-4903-9407-7df321e464db:c2189]
2019-07-09 09:59:18,039 INFO  client.GrpcClientProtocolClient (GrpcClientProtocolClient.java:onNext(255)) - client-CECA27ED65B5->8cac6937-780c-4459-964a-dea4dcd51fd7: receive RaftClientReply:client-CECA27ED65B5->8cac6937-780c-4459-964a-dea4dcd51fd7@group-D84C501198B9, cid=1548, SUCCESS, logIndex=2192, commits[8cac6937-780c-4459-964a-dea4dcd51fd7:c2193, 9ed8676d-9460-465d-9905-fd43a52295f6:c2189, da64134c-6992-4903-9407-7df321e464db:c2189]
2019-07-09 09:59:18,040 INFO  client.GrpcClientProtocolClient (GrpcClientProtocolClient.java:onNext(255)) - client-CECA27ED65B5->8cac6937-780c-4459-964a-dea4dcd51fd7: receive RaftClientReply:client-CECA27ED65B5->8cac6937-780c-4459-964a-dea4dcd51fd7@group-D84C501198B9, cid=1549, SUCCESS, logIndex=2193, commits[8cac6937-780c-4459-964a-dea4dcd51fd7:c2195, 9ed8676d-9460-465d-9905-fd43a52295f6:c2191, da64134c-6992-4903-9407-7df321e464db:c2189]
2019-07-09 09:59:18,041 INFO  client.GrpcClientProtocolClient (GrpcClientProtocolClient.java:onNext(255)) - client-CECA27ED65B5->8cac6937-780c-4459-964a-dea4dcd51fd7: receive RaftClientReply:client-CECA27ED65B5->8cac6937-780c-4459-964a-dea4dcd51fd7@group-D84C501198B9, cid=1550, SUCCESS, logIndex=0, commits[8cac6937-780c-4459-964a-dea4dcd51fd7:c2196, 9ed8676d-9460-465d-9905-fd43a52295f6:c2192, da64134c-6992-4903-9407-7df321e464db:c2191]
2019-07-09 09:59:18,139 INFO  client.GrpcClientProtocolClient (GrpcClientProtocolClient.java:onNext(255)) - client-CECA27ED65B5->8cac6937-780c-4459-964a-dea4dcd51fd7: receive RaftClientReply:client-CECA27ED65B5->8cac6937-780c-4459-964a-dea4dcd51fd7@group-D84C501198B9, cid=1551, SUCCESS, logIndex=2198, commits[8cac6937-780c-4459-964a-dea4dcd51fd7:c2199, 9ed8676d-9460-465d-9905-fd43a52295f6:c2197, da64134c-6992-4903-9407-7df321e464db:c2197]
2019-07-09 09:59:18,139 INFO  client.GrpcClientProtocolClient (GrpcClientProtocolClient.java:onNext(255)) - client-CECA27ED65B5->8cac6937-780c-4459-964a-dea4dcd51fd7: receive RaftClientReply:client-CECA27ED65B5->8cac6937-780c-4459-964a-dea4dcd51fd7@group-D84C501198B9, cid=1552, SUCCESS, logIndex=2199, commits[8cac6937-780c-4459-964a-dea4dcd51fd7:c2199, 9ed8676d-9460-465d-9905-fd43a52295f6:c2197, da64134c-6992-4903-9407-7df321e464db:c2197]
2019-07-09 09:59:18,160 INFO  client.GrpcClientProtocolClient (GrpcClientProtocolClient.java:onNext(255)) - client-CECA27ED65B5->8cac6937-780c-4459-964a-dea4dcd51fd7: receive RaftClientReply:client-CECA27ED65B5->8cac6937-780c-4459-964a-dea4dcd51fd7@group-D84C501198B9, cid=1553, SUCCESS, logIndex=2202, commits[8cac6937-780c-4459-964a-dea4dcd51fd7:c2203, 9ed8676d-9460-465d-9905-fd43a52295f6:c2199, da64134c-6992-4903-9407-7df321e464db:c2199]
2019-07-09 09:59:18,161 INFO  client.GrpcClientProtocolClient (GrpcClientProtocolClient.java:onNext(255)) - client-CECA27ED65B5->8cac6937-780c-4459-964a-dea4dcd51fd7: receive RaftClientReply:client-CECA27ED65B5->8cac6937-780c-4459-964a-dea4dcd51fd7@group-D84C501198B9, cid=1554, SUCCESS, logIndex=2203, commits[8cac6937-780c-4459-964a-dea4dcd51fd7:c2203, 9ed8676d-9460-465d-9905-fd43a52295f6:c2199, da64134c-6992-4903-9407-7df321e464db:c2199]
2019-07-09 09:59:18,162 INFO  client.GrpcClientProtocolClient (GrpcClientProtocolClient.java:onNext(255)) - client-CECA27ED65B5->8cac6937-780c-4459-964a-dea4dcd51fd7: receive RaftClientReply:client-CECA27ED65B5->8cac6937-780c-4459-964a-dea4dcd51fd7@group-D84C501198B9, cid=1555, SUCCESS, logIndex=0, commits[8cac6937-780c-4459-964a-dea4dcd51fd7:c2204, 9ed8676d-9460-465d-9905-fd43a52295f6:c2203, da64134c-6992-4903-9407-7df321e464db:c2203]
2019-07-09 09:59:18,196 INFO  client.GrpcClientProtocolClient (GrpcClientProtocolClient.java:onNext(255)) - client-CECA27ED65B5->8cac6937-780c-4459-964a-dea4dcd51fd7: receive RaftClientReply:client-CECA27ED65B5->8cac6937-780c-4459-964a-dea4dcd51fd7@group-D84C501198B9, cid=1556, SUCCESS, logIndex=2206, commits[8cac6937-780c-4459-964a-dea4dcd51fd7:c2207, 9ed8676d-9460-465d-9905-fd43a52295f6:c2205, da64134c-6992-4903-9407-7df321e464db:c2205]
2019-07-09 09:59:18,197 INFO  client.GrpcClientProtocolClient (GrpcClientProtocolClient.java:onNext(255)) - client-CECA27ED65B5->8cac6937-780c-4459-964a-dea4dcd51fd7: receive RaftClientReply:client-CECA27ED65B5->8cac6937-780c-4459-964a-dea4dcd51fd7@group-D84C501198B9, cid=1557, SUCCESS, logIndex=2207, commits[8cac6937-780c-4459-964a-dea4dcd51fd7:c2207, 9ed8676d-9460-465d-9905-fd43a52295f6:c2205, da64134c-6992-4903-9407-7df321e464db:c2205]
2019-07-09 09:59:18,207 INFO  client.GrpcClientProtocolClient (GrpcClientProtocolClient.java:onNext(255)) - client-CECA27ED65B5->8cac6937-780c-4459-964a-dea4dcd51fd7: receive RaftClientReply:client-CECA27ED65B5->8cac6937-780c-4459-964a-dea4dcd51fd7@group-D84C501198B9, cid=1558, SUCCESS, logIndex=2208, commits[8cac6937-780c-4459-964a-dea4dcd51fd7:c2209, 9ed8676d-9460-465d-9905-fd43a52295f6:c2205, da64134c-6992-4903-9407-7df321e464db:c2205]
2019-07-09 09:59:18,207 INFO  client.GrpcClientProtocolClient (GrpcClientProtocolClient.java:onNext(255)) - client-CECA27ED65B5->8cac6937-780c-4459-964a-dea4dcd51fd7: receive RaftClientReply:client-CECA27ED65B5->8cac6937-780c-4459-964a-dea4dcd51fd7@group-D84C501198B9, cid=1559, SUCCESS, logIndex=2209, commits[8cac6937-780c-4459-964a-dea4dcd51fd7:c2209, 9ed8676d-9460-465d-9905-fd43a52295f6:c2205, da64134c-6992-4903-9407-7df321e464db:c2205]
2019-07-09 09:59:18,209 INFO  client.GrpcClientProtocolClient (GrpcClientProtocolClient.java:onNext(255)) - client-CECA27ED65B5->8cac6937-780c-4459-964a-dea4dcd51fd7: receive RaftClientReply:client-CECA27ED65B5->8cac6937-780c-4459-964a-dea4dcd51fd7@group-D84C501198B9, cid=1560, SUCCESS, logIndex=0, commits[8cac6937-780c-4459-964a-dea4dcd51fd7:c2211, 9ed8676d-9460-465d-9905-fd43a52295f6:c2207, da64134c-6992-4903-9407-7df321e464db:c2207]
2019-07-09 09:59:18,226 INFO  client.GrpcClientProtocolClient (GrpcClientProtocolClient.java:onNext(255)) - client-CECA27ED65B5->8cac6937-780c-4459-964a-dea4dcd51fd7: receive RaftClientReply:client-CECA27ED65B5->8cac6937-780c-4459-964a-dea4dcd51fd7@group-D84C501198B9, cid=1561, SUCCESS, logIndex=2214, commits[8cac6937-780c-4459-964a-dea4dcd51fd7:c2215, 9ed8676d-9460-465d-9905-fd43a52295f6:c2213, da64134c-6992-4903-9407-7df321e464db:c2213]
2019-07-09 09:59:18,227 INFO  client.GrpcClientProtocolClient (GrpcClientProtocolClient.java:onNext(255)) - client-CECA27ED65B5->8cac6937-780c-4459-964a-dea4dcd51fd7: receive RaftClientReply:client-CECA27ED65B5->8cac6937-780c-4459-964a-dea4dcd51fd7@group-D84C501198B9, cid=1562, SUCCESS, logIndex=2215, commits[8cac6937-780c-4459-964a-dea4dcd51fd7:c2215, 9ed8676d-9460-465d-9905-fd43a52295f6:c2213, da64134c-6992-4903-9407-7df321e464db:c2213]
2019-07-09 09:59:18,241 INFO  client.GrpcClientProtocolClient (GrpcClientProtocolClient.java:onNext(255)) - client-CECA27ED65B5->8cac6937-780c-4459-964a-dea4dcd51fd7: receive RaftClientReply:client-CECA27ED65B5->8cac6937-780c-4459-964a-dea4dcd51fd7@group-D84C501198B9, cid=1563, SUCCESS, logIndex=2218, commits[8cac6937-780c-4459-964a-dea4dcd51fd7:c2219, 9ed8676d-9460-465d-9905-fd43a52295f6:c2215, da64134c-6992-4903-9407-7df321e464db:c2215]
2019-07-09 09:59:18,242 INFO  client.GrpcClientProtocolClient (GrpcClientProtocolClient.java:onNext(255)) - client-CECA27ED65B5->8cac6937-780c-4459-964a-dea4dcd51fd7: receive RaftClientReply:client-CECA27ED65B5->8cac6937-780c-4459-964a-dea4dcd51fd7@group-D84C501198B9, cid=1564, SUCCESS, logIndex=2219, commits[8cac6937-780c-4459-964a-dea4dcd51fd7:c2219, 9ed8676d-9460-465d-9905-fd43a52295f6:c2215, da64134c-6992-4903-9407-7df321e464db:c2215]
 0.00% |█                                                                                                    |  0/1 Time: 0:00:102019-07-09 09:59:18,256 INFO  client.GrpcClientProtocolClient (GrpcClientProtocolClient.java:onNext(255)) - client-CECA27ED65B5->8cac6937-780c-4459-964a-dea4dcd51fd7: receive RaftClientReply:client-CECA27ED65B5->8cac6937-780c-4459-964a-dea4dcd51fd7@group-D84C501198B9, cid=1565, SUCCESS, logIndex=0, commits[8cac6937-780c-4459-964a-dea4dcd51fd7:c2221, 9ed8676d-9460-465d-9905-fd43a52295f6:c2219, da64134c-6992-4903-9407-7df321e464db:c2219]
2019-07-09 09:59:18,282 INFO  client.GrpcClientProtocolClient (GrpcClientProtocolClient.java:onNext(255)) - client-CECA27ED65B5->8cac6937-780c-4459-964a-dea4dcd51fd7: receive RaftClientReply:client-CECA27ED65B5->8cac6937-780c-4459-964a-dea4dcd51fd7@group-D84C501198B9, cid=1566, SUCCESS, logIndex=2222, commits[8cac6937-780c-4459-964a-dea4dcd51fd7:c2223, 9ed8676d-9460-465d-9905-fd43a52295f6:c2221, da64134c-6992-4903-9407-7df321e464db:c2221]
2019-07-09 09:59:18,282 INFO  client.GrpcClientProtocolClient (GrpcClientProtocolClient.java:onNext(255)) - client-CECA27ED65B5->8cac6937-780c-4459-964a-dea4dcd51fd7: receive RaftClientReply:client-CECA27ED65B5->8cac6937-780c-4459-964a-dea4dcd51fd7@group-D84C501198B9, cid=1567, SUCCESS, logIndex=2223, commits[8cac6937-780c-4459-964a-dea4dcd51fd7:c2225, 9ed8676d-9460-465d-9905-fd43a52295f6:c2221, da64134c-6992-4903-9407-7df321e464db:c2221]
2019-07-09 09:59:18,283 INFO  client.GrpcClientProtocolClient (GrpcClientProtocolClient.java:onNext(255)) - client-CECA27ED65B5->8cac6937-780c-4459-964a-dea4dcd51fd7: receive RaftClientReply:client-CECA27ED65B5->8cac6937-780c-4459-964a-dea4dcd51fd7@group-D84C501198B9, cid=1568, SUCCESS, logIndex=2224, commits[8cac6937-780c-4459-964a-dea4dcd51fd7:c2225, 9ed8676d-9460-465d-9905-fd43a52295f6:c2221, da64134c-6992-4903-9407-7df321e464db:c2221]
2019-07-09 09:59:18,283 INFO  client.GrpcClientProtocolClient (GrpcClientProtocolClient.java:onNext(255)) - client-CECA27ED65B5->8cac6937-780c-4459-964a-dea4dcd51fd7: receive RaftClientReply:client-CECA27ED65B5->8cac6937-780c-4459-964a-dea4dcd51fd7@group-D84C501198B9, cid=1569, SUCCESS, logIndex=2225, commits[8cac6937-780c-4459-964a-dea4dcd51fd7:c2225, 9ed8676d-9460-465d-9905-fd43a52295f6:c2221, da64134c-6992-4903-9407-7df321e464db:c2221]
2019-07-09 09:59:18,296 INFO  client.GrpcClientProtocolClient (GrpcClientProtocolClient.java:onNext(255)) - client-CECA27ED65B5->8cac6937-780c-4459-964a-dea4dcd51fd7: receive RaftClientReply:client-CECA27ED65B5->8cac6937-780c-4459-964a-dea4dcd51fd7@group-D84C501198B9, cid=1570, SUCCESS, logIndex=0, commits[8cac6937-780c-4459-964a-dea4dcd51fd7:c2228, 9ed8676d-9460-465d-9905-fd43a52295f6:c2223, da64134c-6992-4903-9407-7df321e464db:c2224]
2019-07-09 09:59:18,315 INFO  client.GrpcClientProtocolClient (GrpcClientProtocolClient.java:onNext(255)) - client-CECA27ED65B5->8cac6937-780c-4459-964a-dea4dcd51fd7: receive RaftClientReply:client-CECA27ED65B5->8cac6937-780c-4459-964a-dea4dcd51fd7@group-D84C501198B9, cid=1571, SUCCESS, logIndex=2230, commits[8cac6937-780c-4459-964a-dea4dcd51fd7:c2231, 9ed8676d-9460-465d-9905-fd43a52295f6:c2229, da64134c-6992-4903-9407-7df321e464db:c2229]
2019-07-09 09:59:18,315 INFO  client.GrpcClientProtocolClient (GrpcClientProtocolClient.java:onNext(255)) - client-CECA27ED65B5->8cac6937-780c-4459-964a-dea4dcd51fd7: receive RaftClientReply:client-CECA27ED65B5->8cac6937-780c-4459-964a-dea4dcd51fd7@group-D84C501198B9, cid=1572, SUCCESS, logIndex=2231, commits[8cac6937-780c-4459-964a-dea4dcd51fd7:c2231, 9ed8676d-9460-465d-9905-fd43a52295f6:c2229, da64134c-6992-4903-9407-7df321e464db:c2229]
2019-07-09 09:59:18,330 INFO  client.GrpcClientProtocolClient (GrpcClientProtocolClient.java:onNext(255)) - client-CECA27ED65B5->8cac6937-780c-4459-964a-dea4dcd51fd7: receive RaftClientReply:client-CECA27ED65B5->8cac6937-780c-4459-964a-dea4dcd51fd7@group-D84C501198B9, cid=1573, SUCCESS, logIndex=2234, commits[8cac6937-780c-4459-964a-dea4dcd51fd7:c2235, 9ed8676d-9460-465d-9905-fd43a52295f6:c2231, da64134c-6992-4903-9407-7df321e464db:c2231]
2019-07-09 09:59:18,330 INFO  client.GrpcClientProtocolClient (GrpcClientProtocolClient.java:onNext(255)) - client-CECA27ED65B5->8cac6937-780c-4459-964a-dea4dcd51fd7: receive RaftClientReply:client-CECA27ED65B5->8cac6937-780c-4459-964a-dea4dcd51fd7@group-D84C501198B9, cid=1574, SUCCESS, logIndex=2235, commits[8cac6937-780c-4459-964a-dea4dcd51fd7:c2235, 9ed8676d-9460-465d-9905-fd43a52295f6:c2231, da64134c-6992-4903-9407-7df321e464db:c2231]
2019-07-09 09:59:18,344 INFO  client.GrpcClientProtocolClient (GrpcClientProtocolClient.java:onNext(255)) - client-CECA27ED65B5->8cac6937-780c-4459-964a-dea4dcd51fd7: receive RaftClientReply:client-CECA27ED65B5->8cac6937-780c-4459-964a-dea4dcd51fd7@group-D84C501198B9, cid=1575, SUCCESS, logIndex=0, commits[8cac6937-780c-4459-964a-dea4dcd51fd7:c2237, 9ed8676d-9460-465d-9905-fd43a52295f6:c2235, da64134c-6992-4903-9407-7df321e464db:c2235]
2019-07-09 09:59:18,372 INFO  client.GrpcClientProtocolClient (GrpcClientProtocolClient.java:onNext(255)) - client-CECA27ED65B5->8cac6937-780c-4459-964a-dea4dcd51fd7: receive RaftClientReply:client-CECA27ED65B5->8cac6937-780c-4459-964a-dea4dcd51fd7@group-D84C501198B9, cid=1576, SUCCESS, logIndex=2238, commits[8cac6937-780c-4459-964a-dea4dcd51fd7:c2240, 9ed8676d-9460-465d-9905-fd43a52295f6:c2237, da64134c-6992-4903-9407-7df321e464db:c2237]
2019-07-09 09:59:18,372 INFO  client.GrpcClientProtocolClient (GrpcClientProtocolClient.java:onNext(255)) - client-CECA27ED65B5->8cac6937-780c-4459-964a-dea4dcd51fd7: receive RaftClientReply:client-CECA27ED65B5->8cac6937-780c-4459-964a-dea4dcd51fd7@group-D84C501198B9, cid=1577, SUCCESS, logIndex=2239, commits[8cac6937-780c-4459-964a-dea4dcd51fd7:c2241, 9ed8676d-9460-465d-9905-fd43a52295f6:c2237, da64134c-6992-4903-9407-7df321e464db:c2237]
2019-07-09 09:59:18,373 INFO  client.GrpcClientProtocolClient (GrpcClientProtocolClient.java:onNext(255)) - client-CECA27ED65B5->8cac6937-780c-4459-964a-dea4dcd51fd7: receive RaftClientReply:client-CECA27ED65B5->8cac6937-780c-4459-964a-dea4dcd51fd7@group-D84C501198B9, cid=1578, SUCCESS, logIndex=2240, commits[8cac6937-780c-4459-964a-dea4dcd51fd7:c2241, 9ed8676d-9460-465d-9905-fd43a52295f6:c2237, da64134c-6992-4903-9407-7df321e464db:c2237]
2019-07-09 09:59:18,373 INFO  client.GrpcClientProtocolClient (GrpcClientProtocolClient.java:onNext(255)) - client-CECA27ED65B5->8cac6937-780c-4459-964a-dea4dcd51fd7: receive RaftClientReply:client-CECA27ED65B5->8cac6937-780c-4459-964a-dea4dcd51fd7@group-D84C501198B9, cid=1579, SUCCESS, logIndex=2241, commits[8cac6937-780c-4459-964a-dea4dcd51fd7:c2241, 9ed8676d-9460-465d-9905-fd43a52295f6:c2237, da64134c-6992-4903-9407-7df321e464db:c2237]
2019-07-09 09:59:18,383 INFO  client.GrpcClientProtocolClient (GrpcClientProtocolClient.java:onNext(255)) - client-CECA27ED65B5->8cac6937-780c-4459-964a-dea4dcd51fd7: receive RaftClientReply:client-CECA27ED65B5->8cac6937-780c-4459-964a-dea4dcd51fd7@group-D84C501198B9, cid=1580, SUCCESS, logIndex=0, commits[8cac6937-780c-4459-964a-dea4dcd51fd7:c2242, 9ed8676d-9460-465d-9905-fd43a52295f6:c2239, da64134c-6992-4903-9407-7df321e464db:c2239]
2019-07-09 09:59:18,412 INFO  client.GrpcClientProtocolClient (GrpcClientProtocolClient.java:onNext(255)) - client-CECA27ED65B5->8cac6937-780c-4459-964a-dea4dcd51fd7: receive RaftClientReply:client-CECA27ED65B5->8cac6937-780c-4459-964a-dea4dcd51fd7@group-D84C501198B9, cid=1581, SUCCESS, logIndex=2246, commits[8cac6937-780c-4459-964a-dea4dcd51fd7:c2247, 9ed8676d-9460-465d-9905-fd43a52295f6:c2245, da64134c-6992-4903-9407-7df321e464db:c2245]
2019-07-09 09:59:18,412 INFO  client.GrpcClientProtocolClient (GrpcClientProtocolClient.java:onNext(255)) - client-CECA27ED65B5->8cac6937-780c-4459-964a-dea4dcd51fd7: receive RaftClientReply:client-CECA27ED65B5->8cac6937-780c-4459-964a-dea4dcd51fd7@group-D84C501198B9, cid=1582, SUCCESS, logIndex=2247, commits[8cac6937-780c-4459-964a-dea4dcd51fd7:c2247, 9ed8676d-9460-465d-9905-fd43a52295f6:c2245, da64134c-6992-4903-9407-7df321e464db:c2245]
2019-07-09 09:59:18,425 INFO  client.GrpcClientProtocolClient (GrpcClientProtocolClient.java:onNext(255)) - client-CECA27ED65B5->8cac6937-780c-4459-964a-dea4dcd51fd7: receive RaftClientReply:client-CECA27ED65B5->8cac6937-780c-4459-964a-dea4dcd51fd7@group-D84C501198B9, cid=1583, SUCCESS, logIndex=2250, commits[8cac6937-780c-4459-964a-dea4dcd51fd7:c2250, 9ed8676d-9460-465d-9905-fd43a52295f6:c2247, da64134c-6992-4903-9407-7df321e464db:c2247]
2019-07-09 09:59:18,425 INFO  client.GrpcClientProtocolClient (GrpcClientProtocolClient.java:onNext(255)) - client-CECA27ED65B5->8cac6937-780c-4459-964a-dea4dcd51fd7: receive RaftClientReply:client-CECA27ED65B5->8cac6937-780c-4459-964a-dea4dcd51fd7@group-D84C501198B9, cid=1584, SUCCESS, logIndex=2251, commits[8cac6937-780c-4459-964a-dea4dcd51fd7:c2251, 9ed8676d-9460-465d-9905-fd43a52295f6:c2247, da64134c-6992-4903-9407-7df321e464db:c2247]
2019-07-09 09:59:18,440 INFO  client.GrpcClientProtocolClient (GrpcClientProtocolClient.java:onNext(255)) - client-CECA27ED65B5->8cac6937-780c-4459-964a-dea4dcd51fd7: receive RaftClientReply:client-CECA27ED65B5->8cac6937-780c-4459-964a-dea4dcd51fd7@group-D84C501198B9, cid=1585, SUCCESS, logIndex=0, commits[8cac6937-780c-4459-964a-dea4dcd51fd7:c2252, 9ed8676d-9460-465d-9905-fd43a52295f6:c2251, da64134c-6992-4903-9407-7df321e464db:c2251]
2019-07-09 09:59:18,470 INFO  client.GrpcClientProtocolClient (GrpcClientProtocolClient.java:onNext(255)) - client-CECA27ED65B5->8cac6937-780c-4459-964a-dea4dcd51fd7: receive RaftClientReply:client-CECA27ED65B5->8cac6937-780c-4459-964a-dea4dcd51fd7@group-D84C501198B9, cid=1586, SUCCESS, logIndex=2254, commits[8cac6937-780c-4459-964a-dea4dcd51fd7:c2255, 9ed8676d-9460-465d-9905-fd43a52295f6:c2253, da64134c-6992-4903-9407-7df321e464db:c2253]
2019-07-09 09:59:18,471 INFO  client.GrpcClientProtocolClient (GrpcClientProtocolClient.java:onNext(255)) - client-CECA27ED65B5->8cac6937-780c-4459-964a-dea4dcd51fd7: receive RaftClientReply:client-CECA27ED65B5->8cac6937-780c-4459-964a-dea4dcd51fd7@group-D84C501198B9, cid=1587, SUCCESS, logIndex=2255, commits[8cac6937-780c-4459-964a-dea4dcd51fd7:c2255, 9ed8676d-9460-465d-9905-fd43a52295f6:c2253, da64134c-6992-4903-9407-7df321e464db:c2253]
2019-07-09 09:59:18,472 INFO  client.GrpcClientProtocolClient (GrpcClientProtocolClient.java:onNext(255)) - client-CECA27ED65B5->8cac6937-780c-4459-964a-dea4dcd51fd7: receive RaftClientReply:client-CECA27ED65B5->8cac6937-780c-4459-964a-dea4dcd51fd7@group-D84C501198B9, cid=1588, SUCCESS, logIndex=2256, commits[8cac6937-780c-4459-964a-dea4dcd51fd7:c2257, 9ed8676d-9460-465d-9905-fd43a52295f6:c2253, da64134c-6992-4903-9407-7df321e464db:c2253]
2019-07-09 09:59:18,472 INFO  client.GrpcClientProtocolClient (GrpcClientProtocolClient.java:onNext(255)) - client-CECA27ED65B5->8cac6937-780c-4459-964a-dea4dcd51fd7: receive RaftClientReply:client-CECA27ED65B5->8cac6937-780c-4459-964a-dea4dcd51fd7@group-D84C501198B9, cid=1589, SUCCESS, logIndex=2257, commits[8cac6937-780c-4459-964a-dea4dcd51fd7:c2257, 9ed8676d-9460-465d-9905-fd43a52295f6:c2253, da64134c-6992-4903-9407-7df321e464db:c2253]
2019-07-09 09:59:18,484 INFO  client.GrpcClientProtocolClient (GrpcClientProtocolClient.java:onNext(255)) - client-CECA27ED65B5->8cac6937-780c-4459-964a-dea4dcd51fd7: receive RaftClientReply:client-CECA27ED65B5->8cac6937-780c-4459-964a-dea4dcd51fd7@group-D84C501198B9, cid=1590, SUCCESS, logIndex=0, commits[8cac6937-780c-4459-964a-dea4dcd51fd7:c2259, 9ed8676d-9460-465d-9905-fd43a52295f6:c2255, da64134c-6992-4903-9407-7df321e464db:c2255]
2019-07-09 09:59:18,504 INFO  client.GrpcClientProtocolClient (GrpcClientProtocolClient.java:onNext(255)) - client-CECA27ED65B5->8cac6937-780c-4459-964a-dea4dcd51fd7: receive RaftClientReply:client-CECA27ED65B5->8cac6937-780c-4459-964a-dea4dcd51fd7@group-D84C501198B9, cid=1591, SUCCESS, logIndex=2262, commits[8cac6937-780c-4459-964a-dea4dcd51fd7:c2263, 9ed8676d-9460-465d-9905-fd43a52295f6:c2261, da64134c-6992-4903-9407-7df321e464db:c2261]
2019-07-09 09:59:18,505 INFO  client.GrpcClientProtocolClient (GrpcClientProtocolClient.java:onNext(255)) - client-CECA27ED65B5->8cac6937-780c-4459-964a-dea4dcd51fd7: receive RaftClientReply:client-CECA27ED65B5->8cac6937-780c-4459-964a-dea4dcd51fd7@group-D84C501198B9, cid=1592, SUCCESS, logIndex=2263, commits[8cac6937-780c-4459-964a-dea4dcd51fd7:c2263, 9ed8676d-9460-465d-9905-fd43a52295f6:c2261, da64134c-6992-4903-9407-7df321e464db:c2261]
2019-07-09 09:59:18,519 INFO  client.GrpcClientProtocolClient (GrpcClientProtocolClient.java:onNext(255)) - client-CECA27ED65B5->8cac6937-780c-4459-964a-dea4dcd51fd7: receive RaftClientReply:client-CECA27ED65B5->8cac6937-780c-4459-964a-dea4dcd51fd7@group-D84C501198B9, cid=1593, SUCCESS, logIndex=2266, commits[8cac6937-780c-4459-964a-dea4dcd51fd7:c2267, 9ed8676d-9460-465d-9905-fd43a52295f6:c2263, da64134c-6992-4903-9407-7df321e464db:c2263]
2019-07-09 09:59:18,520 INFO  client.GrpcClientProtocolClient (GrpcClientProtocolClient.java:onNext(255)) - client-CECA27ED65B5->8cac6937-780c-4459-964a-dea4dcd51fd7: receive RaftClientReply:client-CECA27ED65B5->8cac6937-780c-4459-964a-dea4dcd51fd7@group-D84C501198B9, cid=1594, SUCCESS, logIndex=2267, commits[8cac6937-780c-4459-964a-dea4dcd51fd7:c2267, 9ed8676d-9460-465d-9905-fd43a52295f6:c2263, da64134c-6992-4903-9407-7df321e464db:c2263]
2019-07-09 09:59:18,534 INFO  client.GrpcClientProtocolClient (GrpcClientProtocolClient.java:onNext(255)) - client-CECA27ED65B5->8cac6937-780c-4459-964a-dea4dcd51fd7: receive RaftClientReply:client-CECA27ED65B5->8cac6937-780c-4459-964a-dea4dcd51fd7@group-D84C501198B9, cid=1595, SUCCESS, logIndex=0, commits[8cac6937-780c-4459-964a-dea4dcd51fd7:c2269, 9ed8676d-9460-465d-9905-fd43a52295f6:c2267, da64134c-6992-4903-9407-7df321e464db:c2267]
2019-07-09 09:59:18,562 INFO  client.GrpcClientProtocolClient (GrpcClientProtocolClient.java:onNext(255)) - client-CECA27ED65B5->8cac6937-780c-4459-964a-dea4dcd51fd7: receive RaftClientReply:client-CECA27ED65B5->8cac6937-780c-4459-964a-dea4dcd51fd7@group-D84C501198B9, cid=1596, SUCCESS, logIndex=2270, commits[8cac6937-780c-4459-964a-dea4dcd51fd7:c2271, 9ed8676d-9460-465d-9905-fd43a52295f6:c2269, da64134c-6992-4903-9407-7df321e464db:c2269]
2019-07-09 09:59:18,563 INFO  client.GrpcClientProtocolClient (GrpcClientProtocolClient.java:onNext(255)) - client-CECA27ED65B5->8cac6937-780c-4459-964a-dea4dcd51fd7: receive RaftClientReply:client-CECA27ED65B5->8cac6937-780c-4459-964a-dea4dcd51fd7@group-D84C501198B9, cid=1597, SUCCESS, logIndex=2271, commits[8cac6937-780c-4459-964a-dea4dcd51fd7:c2271, 9ed8676d-9460-465d-9905-fd43a52295f6:c2269, da64134c-6992-4903-9407-7df321e464db:c2269]
2019-07-09 09:59:18,563 INFO  client.GrpcClientProtocolClient (GrpcClientProtocolClient.java:onNext(255)) - client-CECA27ED65B5->8cac6937-780c-4459-964a-dea4dcd51fd7: receive RaftClientReply:client-CECA27ED65B5->8cac6937-780c-4459-964a-dea4dcd51fd7@group-D84C501198B9, cid=1598, SUCCESS, logIndex=2272, commits[8cac6937-780c-4459-964a-dea4dcd51fd7:c2272, 9ed8676d-9460-465d-9905-fd43a52295f6:c2269, da64134c-6992-4903-9407-7df321e464db:c2269]
2019-07-09 09:59:18,564 INFO  client.GrpcClientProtocolClient (GrpcClientProtocolClient.java:onNext(255)) - client-CECA27ED65B5->8cac6937-780c-4459-964a-dea4dcd51fd7: receive RaftClientReply:client-CECA27ED65B5->8cac6937-780c-4459-964a-dea4dcd51fd7@group-D84C501198B9, cid=1599, SUCCESS, logIndex=2273, commits[8cac6937-780c-4459-964a-dea4dcd51fd7:c2273, 9ed8676d-9460-465d-9905-fd43a52295f6:c2269, da64134c-6992-4903-9407-7df321e464db:c2269]
2019-07-09 09:59:18,565 INFO  client.GrpcClientProtocolClient (GrpcClientProtocolClient.java:onNext(255)) - client-CECA27ED65B5->8cac6937-780c-4459-964a-dea4dcd51fd7: receive RaftClientReply:client-CECA27ED65B5->8cac6937-780c-4459-964a-dea4dcd51fd7@group-D84C501198B9, cid=1600, SUCCESS, logIndex=0, commits[8cac6937-780c-4459-964a-dea4dcd51fd7:c2276, 9ed8676d-9460-465d-9905-fd43a52295f6:c2271, da64134c-6992-4903-9407-7df321e464db:c2273]
2019-07-09 09:59:18,585 INFO  client.GrpcClientProtocolClient (GrpcClientProtocolClient.java:onNext(255)) - client-CECA27ED65B5->8cac6937-780c-4459-964a-dea4dcd51fd7: receive RaftClientReply:client-CECA27ED65B5->8cac6937-780c-4459-964a-dea4dcd51fd7@group-D84C501198B9, cid=1601, SUCCESS, logIndex=2278, commits[8cac6937-780c-4459-964a-dea4dcd51fd7:c2279, 9ed8676d-9460-465d-9905-fd43a52295f6:c2277, da64134c-6992-4903-9407-7df321e464db:c2277]
2019-07-09 09:59:18,586 INFO  client.GrpcClientProtocolClient (GrpcClientProtocolClient.java:onNext(255)) - client-CECA27ED65B5->8cac6937-780c-4459-964a-dea4dcd51fd7: receive RaftClientReply:client-CECA27ED65B5->8cac6937-780c-4459-964a-dea4dcd51fd7@group-D84C501198B9, cid=1602, SUCCESS, logIndex=2279, commits[8cac6937-780c-4459-964a-dea4dcd51fd7:c2279, 9ed8676d-9460-465d-9905-fd43a52295f6:c2277, da64134c-6992-4903-9407-7df321e464db:c2277]
2019-07-09 09:59:18,599 INFO  client.GrpcClientProtocolClient (GrpcClientProtocolClient.java:onNext(255)) - client-CECA27ED65B5->8cac6937-780c-4459-964a-dea4dcd51fd7: receive RaftClientReply:client-CECA27ED65B5->8cac6937-780c-4459-964a-dea4dcd51fd7@group-D84C501198B9, cid=1603, SUCCESS, logIndex=2282, commits[8cac6937-780c-4459-964a-dea4dcd51fd7:c2282, 9ed8676d-9460-465d-9905-fd43a52295f6:c2278, da64134c-6992-4903-9407-7df321e464db:c2279]
2019-07-09 09:59:18,600 INFO  client.GrpcClientProtocolClient (GrpcClientProtocolClient.java:onNext(255)) - client-CECA27ED65B5->8cac6937-780c-4459-964a-dea4dcd51fd7: receive RaftClientReply:client-CECA27ED65B5->8cac6937-780c-4459-964a-dea4dcd51fd7@group-D84C501198B9, cid=1604, SUCCESS, logIndex=2283, commits[8cac6937-780c-4459-964a-dea4dcd51fd7:c2283, 9ed8676d-9460-465d-9905-fd43a52295f6:c2279, da64134c-6992-4903-9407-7df321e464db:c2279]
2019-07-09 09:59:18,614 INFO  client.GrpcClientProtocolClient (GrpcClientProtocolClient.java:onNext(255)) - client-CECA27ED65B5->8cac6937-780c-4459-964a-dea4dcd51fd7: receive RaftClientReply:client-CECA27ED65B5->8cac6937-780c-4459-964a-dea4dcd51fd7@group-D84C501198B9, cid=1605, SUCCESS, logIndex=0, commits[8cac6937-780c-4459-964a-dea4dcd51fd7:c2285, 9ed8676d-9460-465d-9905-fd43a52295f6:c2283, da64134c-6992-4903-9407-7df321e464db:c2283]
2019-07-09 09:59:18,639 INFO  client.GrpcClientProtocolClient (GrpcClientProtocolClient.java:onNext(255)) - client-CECA27ED65B5->8cac6937-780c-4459-964a-dea4dcd51fd7: receive RaftClientReply:client-CECA27ED65B5->8cac6937-780c-4459-964a-dea4dcd51fd7@group-D84C501198B9, cid=1606, SUCCESS, logIndex=2286, commits[8cac6937-780c-4459-964a-dea4dcd51fd7:c2287, 9ed8676d-9460-465d-9905-fd43a52295f6:c2285, da64134c-6992-4903-9407-7df321e464db:c2285]
2019-07-09 09:59:18,640 INFO  client.GrpcClientProtocolClient (GrpcClientProtocolClient.java:onNext(255)) - client-CECA27ED65B5->8cac6937-780c-4459-964a-dea4dcd51fd7: receive RaftClientReply:client-CECA27ED65B5->8cac6937-780c-4459-964a-dea4dcd51fd7@group-D84C501198B9, cid=1607, SUCCESS, logIndex=2287, commits[8cac6937-780c-4459-964a-dea4dcd51fd7:c2287, 9ed8676d-9460-465d-9905-fd43a52295f6:c2285, da64134c-6992-4903-9407-7df321e464db:c2285]
2019-07-09 09:59:18,640 INFO  client.GrpcClientProtocolClient (GrpcClientProtocolClient.java:onNext(255)) - client-CECA27ED65B5->8cac6937-780c-4459-964a-dea4dcd51fd7: receive RaftClientReply:client-CECA27ED65B5->8cac6937-780c-4459-964a-dea4dcd51fd7@group-D84C501198B9, cid=1608, SUCCESS, logIndex=2288, commits[8cac6937-780c-4459-964a-dea4dcd51fd7:c2288, 9ed8676d-9460-465d-9905-fd43a52295f6:c2285, da64134c-6992-4903-9407-7df321e464db:c2285]
2019-07-09 09:59:18,641 INFO  client.GrpcClientProtocolClient (GrpcClientProtocolClient.java:onNext(255)) - client-CECA27ED65B5->8cac6937-780c-4459-964a-dea4dcd51fd7: receive RaftClientReply:client-CECA27ED65B5->8cac6937-780c-4459-964a-dea4dcd51fd7@group-D84C501198B9, cid=1609, SUCCESS, logIndex=2289, commits[8cac6937-780c-4459-964a-dea4dcd51fd7:c2289, 9ed8676d-9460-465d-9905-fd43a52295f6:c2285, da64134c-6992-4903-9407-7df321e464db:c2285]
2019-07-09 09:59:18,654 INFO  client.GrpcClientProtocolClient (GrpcClientProtocolClient.java:onNext(255)) - client-CECA27ED65B5->8cac6937-780c-4459-964a-dea4dcd51fd7: receive RaftClientReply:client-CECA27ED65B5->8cac6937-780c-4459-964a-dea4dcd51fd7@group-D84C501198B9, cid=1610, SUCCESS, logIndex=0, commits[8cac6937-780c-4459-964a-dea4dcd51fd7:c2291, 9ed8676d-9460-465d-9905-fd43a52295f6:c2287, da64134c-6992-4903-9407-7df321e464db:c2287]
2019-07-09 09:59:18,696 INFO  client.GrpcClientProtocolClient (GrpcClientProtocolClient.java:onNext(255)) - client-CECA27ED65B5->8cac6937-780c-4459-964a-dea4dcd51fd7: receive RaftClientReply:client-CECA27ED65B5->8cac6937-780c-4459-964a-dea4dcd51fd7@group-D84C501198B9, cid=1611, SUCCESS, logIndex=2294, commits[8cac6937-780c-4459-964a-dea4dcd51fd7:c2295, 9ed8676d-9460-465d-9905-fd43a52295f6:c2293, da64134c-6992-4903-9407-7df321e464db:c2293]
2019-07-09 09:59:18,696 INFO  client.GrpcClientProtocolClient (GrpcClientProtocolClient.java:onNext(255)) - client-CECA27ED65B5->8cac6937-780c-4459-964a-dea4dcd51fd7: receive RaftClientReply:client-CECA27ED65B5->8cac6937-780c-4459-964a-dea4dcd51fd7@group-D84C501198B9, cid=1612, SUCCESS, logIndex=2295, commits[8cac6937-780c-4459-964a-dea4dcd51fd7:c2295, 9ed8676d-9460-465d-9905-fd43a52295f6:c2293, da64134c-6992-4903-9407-7df321e464db:c2293]
2019-07-09 09:59:18,710 INFO  client.GrpcClientProtocolClient (GrpcClientProtocolClient.java:onNext(255)) - client-CECA27ED65B5->8cac6937-780c-4459-964a-dea4dcd51fd7: receive RaftClientReply:client-CECA27ED65B5->8cac6937-780c-4459-964a-dea4dcd51fd7@group-D84C501198B9, cid=1613, SUCCESS, logIndex=2298, commits[8cac6937-780c-4459-964a-dea4dcd51fd7:c2299, 9ed8676d-9460-465d-9905-fd43a52295f6:c2295, da64134c-6992-4903-9407-7df321e464db:c2294]
2019-07-09 09:59:18,710 INFO  client.GrpcClientProtocolClient (GrpcClientProtocolClient.java:onNext(255)) - client-CECA27ED65B5->8cac6937-780c-4459-964a-dea4dcd51fd7: receive RaftClientReply:client-CECA27ED65B5->8cac6937-780c-4459-964a-dea4dcd51fd7@group-D84C501198B9, cid=1614, SUCCESS, logIndex=2299, commits[8cac6937-780c-4459-964a-dea4dcd51fd7:c2299, 9ed8676d-9460-465d-9905-fd43a52295f6:c2295, da64134c-6992-4903-9407-7df321e464db:c2295]
2019-07-09 09:59:18,713 INFO  client.GrpcClientProtocolClient (GrpcClientProtocolClient.java:onNext(255)) - client-CECA27ED65B5->8cac6937-780c-4459-964a-dea4dcd51fd7: receive RaftClientReply:client-CECA27ED65B5->8cac6937-780c-4459-964a-dea4dcd51fd7@group-D84C501198B9, cid=1615, SUCCESS, logIndex=0, commits[8cac6937-780c-4459-964a-dea4dcd51fd7:c2301, 9ed8676d-9460-465d-9905-fd43a52295f6:c2299, da64134c-6992-4903-9407-7df321e464db:c2299]
2019-07-09 09:59:18,855 INFO  client.GrpcClientProtocolClient (GrpcClientProtocolClient.java:onNext(255)) - client-CECA27ED65B5->8cac6937-780c-4459-964a-dea4dcd51fd7: receive RaftClientReply:client-CECA27ED65B5->8cac6937-780c-4459-964a-dea4dcd51fd7@group-D84C501198B9, cid=1616, SUCCESS, logIndex=2302, commits[8cac6937-780c-4459-964a-dea4dcd51fd7:c2303, 9ed8676d-9460-465d-9905-fd43a52295f6:c2301, da64134c-6992-4903-9407-7df321e464db:c2301]
2019-07-09 09:59:18,856 INFO  client.GrpcClientProtocolClient (GrpcClientProtocolClient.java:onNext(255)) - client-CECA27ED65B5->8cac6937-780c-4459-964a-dea4dcd51fd7: receive RaftClientReply:client-CECA27ED65B5->8cac6937-780c-4459-964a-dea4dcd51fd7@group-D84C501198B9, cid=1617, SUCCESS, logIndex=2303, commits[8cac6937-780c-4459-964a-dea4dcd51fd7:c2305, 9ed8676d-9460-465d-9905-fd43a52295f6:c2301, da64134c-6992-4903-9407-7df321e464db:c2301]
2019-07-09 09:59:18,856 INFO  client.GrpcClientProtocolClient (GrpcClientProtocolClient.java:onNext(255)) - client-CECA27ED65B5->8cac6937-780c-4459-964a-dea4dcd51fd7: receive RaftClientReply:client-CECA27ED65B5->8cac6937-780c-4459-964a-dea4dcd51fd7@group-D84C501198B9, cid=1618, SUCCESS, logIndex=2304, commits[8cac6937-780c-4459-964a-dea4dcd51fd7:c2305, 9ed8676d-9460-465d-9905-fd43a52295f6:c2301, da64134c-6992-4903-9407-7df321e464db:c2301]
2019-07-09 09:59:18,856 INFO  client.GrpcClientProtocolClient (GrpcClientProtocolClient.java:onNext(255)) - client-CECA27ED65B5->8cac6937-780c-4459-964a-dea4dcd51fd7: receive RaftClientReply:client-CECA27ED65B5->8cac6937-780c-4459-964a-dea4dcd51fd7@group-D84C501198B9, cid=1619, SUCCESS, logIndex=2305, commits[8cac6937-780c-4459-964a-dea4dcd51fd7:c2305, 9ed8676d-9460-465d-9905-fd43a52295f6:c2301, da64134c-6992-4903-9407-7df321e464db:c2301]
2019-07-09 09:59:18,868 INFO  client.GrpcClientProtocolClient (GrpcClientProtocolClient.java:onNext(255)) - client-CECA27ED65B5->8cac6937-780c-4459-964a-dea4dcd51fd7: receive RaftClientReply:client-CECA27ED65B5->8cac6937-780c-4459-964a-dea4dcd51fd7@group-D84C501198B9, cid=1620, SUCCESS, logIndex=0, commits[8cac6937-780c-4459-964a-dea4dcd51fd7:c2308, 9ed8676d-9460-465d-9905-fd43a52295f6:c2303, da64134c-6992-4903-9407-7df321e464db:c2305]
2019-07-09 09:59:18,890 INFO  client.GrpcClientProtocolClient (GrpcClientProtocolClient.java:onNext(255)) - client-CECA27ED65B5->8cac6937-780c-4459-964a-dea4dcd51fd7: receive RaftClientReply:client-CECA27ED65B5->8cac6937-780c-4459-964a-dea4dcd51fd7@group-D84C501198B9, cid=1621, SUCCESS, logIndex=2309, commits[8cac6937-780c-4459-964a-dea4dcd51fd7:c2310, 9ed8676d-9460-465d-9905-fd43a52295f6:c2308, da64134c-6992-4903-9407-7df321e464db:c2308]
2019-07-09 09:59:18,891 INFO  client.GrpcClientProtocolClient (GrpcClientProtocolClient.java:onNext(255)) - client-CECA27ED65B5->8cac6937-780c-4459-964a-dea4dcd51fd7: receive RaftClientReply:client-CECA27ED65B5->8cac6937-780c-4459-964a-dea4dcd51fd7@group-D84C501198B9, cid=1622, SUCCESS, logIndex=2310, commits[8cac6937-780c-4459-964a-dea4dcd51fd7:c2310, 9ed8676d-9460-465d-9905-fd43a52295f6:c2308, da64134c-6992-4903-9407-7df321e464db:c2308]
2019-07-09 09:59:18,905 INFO  client.GrpcClientProtocolClient (GrpcClientProtocolClient.java:onNext(255)) - client-CECA27ED65B5->8cac6937-780c-4459-964a-dea4dcd51fd7: receive RaftClientReply:client-CECA27ED65B5->8cac6937-780c-4459-964a-dea4dcd51fd7@group-D84C501198B9, cid=1623, SUCCESS, logIndex=2313, commits[8cac6937-780c-4459-964a-dea4dcd51fd7:c2314, 9ed8676d-9460-465d-9905-fd43a52295f6:c2310, da64134c-6992-4903-9407-7df321e464db:c2310]
2019-07-09 09:59:18,905 INFO  client.GrpcClientProtocolClient (GrpcClientProtocolClient.java:onNext(255)) - client-CECA27ED65B5->8cac6937-780c-4459-964a-dea4dcd51fd7: receive RaftClientReply:client-CECA27ED65B5->8cac6937-780c-4459-964a-dea4dcd51fd7@group-D84C501198B9, cid=1624, SUCCESS, logIndex=2314, commits[8cac6937-780c-4459-964a-dea4dcd51fd7:c2314, 9ed8676d-9460-465d-9905-fd43a52295f6:c2310, da64134c-6992-4903-9407-7df321e464db:c2310]
2019-07-09 09:59:18,923 INFO  client.GrpcClientProtocolClient (GrpcClientProtocolClient.java:onNext(255)) - client-CECA27ED65B5->8cac6937-780c-4459-964a-dea4dcd51fd7: receive RaftClientReply:client-CECA27ED65B5->8cac6937-780c-4459-964a-dea4dcd51fd7@group-D84C501198B9, cid=1625, SUCCESS, logIndex=0, commits[8cac6937-780c-4459-964a-dea4dcd51fd7:c2315, 9ed8676d-9460-465d-9905-fd43a52295f6:c2314, da64134c-6992-4903-9407-7df321e464db:c2314]
2019-07-09 09:59:18,951 INFO  client.GrpcClientProtocolClient (GrpcClientProtocolClient.java:onNext(255)) - client-CECA27ED65B5->8cac6937-780c-4459-964a-dea4dcd51fd7: receive RaftClientReply:client-CECA27ED65B5->8cac6937-780c-4459-964a-dea4dcd51fd7@group-D84C501198B9, cid=1626, SUCCESS, logIndex=2317, commits[8cac6937-780c-4459-964a-dea4dcd51fd7:c2318, 9ed8676d-9460-465d-9905-fd43a52295f6:c2316, da64134c-6992-4903-9407-7df321e464db:c2316]
2019-07-09 09:59:18,951 INFO  client.GrpcClientProtocolClient (GrpcClientProtocolClient.java:onNext(255)) - client-CECA27ED65B5->8cac6937-780c-4459-964a-dea4dcd51fd7: receive RaftClientReply:client-CECA27ED65B5->8cac6937-780c-4459-964a-dea4dcd51fd7@group-D84C501198B9, cid=1627, SUCCESS, logIndex=2318, commits[8cac6937-780c-4459-964a-dea4dcd51fd7:c2320, 9ed8676d-9460-465d-9905-fd43a52295f6:c2316, da64134c-6992-4903-9407-7df321e464db:c2316]
2019-07-09 09:59:18,952 INFO  client.GrpcClientProtocolClient (GrpcClientProtocolClient.java:onNext(255)) - client-CECA27ED65B5->8cac6937-780c-4459-964a-dea4dcd51fd7: receive RaftClientReply:client-CECA27ED65B5->8cac6937-780c-4459-964a-dea4dcd51fd7@group-D84C501198B9, cid=1628, SUCCESS, logIndex=2319, commits[8cac6937-780c-4459-964a-dea4dcd51fd7:c2321, 9ed8676d-9460-465d-9905-fd43a52295f6:c2318, da64134c-6992-4903-9407-7df321e464db:c2316]
2019-07-09 09:59:18,952 INFO  client.GrpcClientProtocolClient (GrpcClientProtocolClient.java:onNext(255)) - client-CECA27ED65B5->8cac6937-780c-4459-964a-dea4dcd51fd7: receive RaftClientReply:client-CECA27ED65B5->8cac6937-780c-4459-964a-dea4dcd51fd7@group-D84C501198B9, cid=1629, SUCCESS, logIndex=2320, commits[8cac6937-780c-4459-964a-dea4dcd51fd7:c2321, 9ed8676d-9460-465d-9905-fd43a52295f6:c2318, da64134c-6992-4903-9407-7df321e464db:c2316]
2019-07-09 09:59:18,953 INFO  client.GrpcClientProtocolClient (GrpcClientProtocolClient.java:onNext(255)) - client-CECA27ED65B5->8cac6937-780c-4459-964a-dea4dcd51fd7: receive RaftClientReply:client-CECA27ED65B5->8cac6937-780c-4459-964a-dea4dcd51fd7@group-D84C501198B9, cid=1630, SUCCESS, logIndex=0, commits[8cac6937-780c-4459-964a-dea4dcd51fd7:c2323, 9ed8676d-9460-465d-9905-fd43a52295f6:c2320, da64134c-6992-4903-9407-7df321e464db:c2318]
2019-07-09 09:59:18,974 INFO  client.GrpcClientProtocolClient (GrpcClientProtocolClient.java:onNext(255)) - client-CECA27ED65B5->8cac6937-780c-4459-964a-dea4dcd51fd7: receive RaftClientReply:client-CECA27ED65B5->8cac6937-780c-4459-964a-dea4dcd51fd7@group-D84C501198B9, cid=1631, SUCCESS, logIndex=2324, commits[8cac6937-780c-4459-964a-dea4dcd51fd7:c2325, 9ed8676d-9460-465d-9905-fd43a52295f6:c2323, da64134c-6992-4903-9407-7df321e464db:c2323]
2019-07-09 09:59:18,974 INFO  client.GrpcClientProtocolClient (GrpcClientProtocolClient.java:onNext(255)) - client-CECA27ED65B5->8cac6937-780c-4459-964a-dea4dcd51fd7: receive RaftClientReply:client-CECA27ED65B5->8cac6937-780c-4459-964a-dea4dcd51fd7@group-D84C501198B9, cid=1632, SUCCESS, logIndex=2325, commits[8cac6937-780c-4459-964a-dea4dcd51fd7:c2325, 9ed8676d-9460-465d-9905-fd43a52295f6:c2323, da64134c-6992-4903-9407-7df321e464db:c2323]
2019-07-09 09:59:18,988 INFO  client.GrpcClientProtocolClient (GrpcClientProtocolClient.java:onNext(255)) - client-CECA27ED65B5->8cac6937-780c-4459-964a-dea4dcd51fd7: receive RaftClientReply:client-CECA27ED65B5->8cac6937-780c-4459-964a-dea4dcd51fd7@group-D84C501198B9, cid=1633, SUCCESS, logIndex=2328, commits[8cac6937-780c-4459-964a-dea4dcd51fd7:c2328, 9ed8676d-9460-465d-9905-fd43a52295f6:c2325, da64134c-6992-4903-9407-7df321e464db:c2325]
2019-07-09 09:59:18,989 INFO  client.GrpcClientProtocolClient (GrpcClientProtocolClient.java:onNext(255)) - client-CECA27ED65B5->8cac6937-780c-4459-964a-dea4dcd51fd7: receive RaftClientReply:client-CECA27ED65B5->8cac6937-780c-4459-964a-dea4dcd51fd7@group-D84C501198B9, cid=1634, SUCCESS, logIndex=2329, commits[8cac6937-780c-4459-964a-dea4dcd51fd7:c2329, 9ed8676d-9460-465d-9905-fd43a52295f6:c2325, da64134c-6992-4903-9407-7df321e464db:c2325]
2019-07-09 09:59:19,003 INFO  client.GrpcClientProtocolClient (GrpcClientProtocolClient.java:onNext(255)) - client-CECA27ED65B5->8cac6937-780c-4459-964a-dea4dcd51fd7: receive RaftClientReply:client-CECA27ED65B5->8cac6937-780c-4459-964a-dea4dcd51fd7@group-D84C501198B9, cid=1635, SUCCESS, logIndex=0, commits[8cac6937-780c-4459-964a-dea4dcd51fd7:c2331, 9ed8676d-9460-465d-9905-fd43a52295f6:c2329, da64134c-6992-4903-9407-7df321e464db:c2329]
2019-07-09 09:59:19,028 INFO  client.GrpcClientProtocolClient (GrpcClientProtocolClient.java:onNext(255)) - client-CECA27ED65B5->8cac6937-780c-4459-964a-dea4dcd51fd7: receive RaftClientReply:client-CECA27ED65B5->8cac6937-780c-4459-964a-dea4dcd51fd7@group-D84C501198B9, cid=1636, SUCCESS, logIndex=2332, commits[8cac6937-780c-4459-964a-dea4dcd51fd7:c2333, 9ed8676d-9460-465d-9905-fd43a52295f6:c2331, da64134c-6992-4903-9407-7df321e464db:c2331]
2019-07-09 09:59:19,029 INFO  client.GrpcClientProtocolClient (GrpcClientProtocolClient.java:onNext(255)) - client-CECA27ED65B5->8cac6937-780c-4459-964a-dea4dcd51fd7: receive RaftClientReply:client-CECA27ED65B5->8cac6937-780c-4459-964a-dea4dcd51fd7@group-D84C501198B9, cid=1637, SUCCESS, logIndex=2333, commits[8cac6937-780c-4459-964a-dea4dcd51fd7:c2333, 9ed8676d-9460-465d-9905-fd43a52295f6:c2331, da64134c-6992-4903-9407-7df321e464db:c2331]
2019-07-09 09:59:19,030 INFO  client.GrpcClientProtocolClient (GrpcClientProtocolClient.java:onNext(255)) - client-CECA27ED65B5->8cac6937-780c-4459-964a-dea4dcd51fd7: receive RaftClientReply:client-CECA27ED65B5->8cac6937-780c-4459-964a-dea4dcd51fd7@group-D84C501198B9, cid=1638, SUCCESS, logIndex=2334, commits[8cac6937-780c-4459-964a-dea4dcd51fd7:c2335, 9ed8676d-9460-465d-9905-fd43a52295f6:c2331, da64134c-6992-4903-9407-7df321e464db:c2331]
2019-07-09 09:59:19,030 INFO  client.GrpcClientProtocolClient (GrpcClientProtocolClient.java:onNext(255)) - client-CECA27ED65B5->8cac6937-780c-4459-964a-dea4dcd51fd7: receive RaftClientReply:client-CECA27ED65B5->8cac6937-780c-4459-964a-dea4dcd51fd7@group-D84C501198B9, cid=1639, SUCCESS, logIndex=2335, commits[8cac6937-780c-4459-964a-dea4dcd51fd7:c2335, 9ed8676d-9460-465d-9905-fd43a52295f6:c2331, da64134c-6992-4903-9407-7df321e464db:c2331]
2019-07-09 09:59:19,031 INFO  client.GrpcClientProtocolClient (GrpcClientProtocolClient.java:onNext(255)) - client-CECA27ED65B5->8cac6937-780c-4459-964a-dea4dcd51fd7: receive RaftClientReply:client-CECA27ED65B5->8cac6937-780c-4459-964a-dea4dcd51fd7@group-D84C501198B9, cid=1640, SUCCESS, logIndex=0, commits[8cac6937-780c-4459-964a-dea4dcd51fd7:c2337, 9ed8676d-9460-465d-9905-fd43a52295f6:c2333, da64134c-6992-4903-9407-7df321e464db:c2333]
2019-07-09 09:59:19,051 INFO  client.GrpcClientProtocolClient (GrpcClientProtocolClient.java:onNext(255)) - client-CECA27ED65B5->8cac6937-780c-4459-964a-dea4dcd51fd7: receive RaftClientReply:client-CECA27ED65B5->8cac6937-780c-4459-964a-dea4dcd51fd7@group-D84C501198B9, cid=1641, SUCCESS, logIndex=2340, commits[8cac6937-780c-4459-964a-dea4dcd51fd7:c2341, 9ed8676d-9460-465d-9905-fd43a52295f6:c2339, da64134c-6992-4903-9407-7df321e464db:c2339]
2019-07-09 09:59:19,052 INFO  client.GrpcClientProtocolClient (GrpcClientProtocolClient.java:onNext(255)) - client-CECA27ED65B5->8cac6937-780c-4459-964a-dea4dcd51fd7: receive RaftClientReply:client-CECA27ED65B5->8cac6937-780c-4459-964a-dea4dcd51fd7@group-D84C501198B9, cid=1642, SUCCESS, logIndex=2341, commits[8cac6937-780c-4459-964a-dea4dcd51fd7:c2341, 9ed8676d-9460-465d-9905-fd43a52295f6:c2339, da64134c-6992-4903-9407-7df321e464db:c2339]
2019-07-09 09:59:19,077 INFO  client.GrpcClientProtocolClient (GrpcClientProtocolClient.java:onNext(255)) - client-CECA27ED65B5->8cac6937-780c-4459-964a-dea4dcd51fd7: receive RaftClientReply:client-CECA27ED65B5->8cac6937-780c-4459-964a-dea4dcd51fd7@group-D84C501198B9, cid=1643, SUCCESS, logIndex=2344, commits[8cac6937-780c-4459-964a-dea4dcd51fd7:c2345, 9ed8676d-9460-465d-9905-fd43a52295f6:c2341, da64134c-6992-4903-9407-7df321e464db:c2341]
2019-07-09 09:59:19,079 INFO  client.GrpcClientProtocolClient (GrpcClientProtocolClient.java:onNext(255)) - client-CECA27ED65B5->8cac6937-780c-4459-964a-dea4dcd51fd7: receive RaftClientReply:client-CECA27ED65B5->8cac6937-780c-4459-964a-dea4dcd51fd7@group-D84C501198B9, cid=1644, SUCCESS, logIndex=2345, commits[8cac6937-780c-4459-964a-dea4dcd51fd7:c2345, 9ed8676d-9460-465d-9905-fd43a52295f6:c2341, da64134c-6992-4903-9407-7df321e464db:c2341]
2019-07-09 09:59:19,080 INFO  client.GrpcClientProtocolClient (GrpcClientProtocolClient.java:onNext(255)) - client-CECA27ED65B5->8cac6937-780c-4459-964a-dea4dcd51fd7: receive RaftClientReply:client-CECA27ED65B5->8cac6937-780c-4459-964a-dea4dcd51fd7@group-D84C501198B9, cid=1645, SUCCESS, logIndex=0, commits[8cac6937-780c-4459-964a-dea4dcd51fd7:c2347, 9ed8676d-9460-465d-9905-fd43a52295f6:c2345, da64134c-6992-4903-9407-7df321e464db:c2345]
2019-07-09 09:59:19,110 INFO  client.GrpcClientProtocolClient (GrpcClientProtocolClient.java:onNext(255)) - client-CECA27ED65B5->8cac6937-780c-4459-964a-dea4dcd51fd7: receive RaftClientReply:client-CECA27ED65B5->8cac6937-780c-4459-964a-dea4dcd51fd7@group-D84C501198B9, cid=1646, SUCCESS, logIndex=2348, commits[8cac6937-780c-4459-964a-dea4dcd51fd7:c2349, 9ed8676d-9460-465d-9905-fd43a52295f6:c2347, da64134c-6992-4903-9407-7df321e464db:c2347]
2019-07-09 09:59:19,111 INFO  client.GrpcClientProtocolClient (GrpcClientProtocolClient.java:onNext(255)) - client-CECA27ED65B5->8cac6937-780c-4459-964a-dea4dcd51fd7: receive RaftClientReply:client-CECA27ED65B5->8cac6937-780c-4459-964a-dea4dcd51fd7@group-D84C501198B9, cid=1647, SUCCESS, logIndex=2349, commits[8cac6937-780c-4459-964a-dea4dcd51fd7:c2351, 9ed8676d-9460-465d-9905-fd43a52295f6:c2347, da64134c-6992-4903-9407-7df321e464db:c2347]
2019-07-09 09:59:19,111 INFO  client.GrpcClientProtocolClient (GrpcClientProtocolClient.java:onNext(255)) - client-CECA27ED65B5->8cac6937-780c-4459-964a-dea4dcd51fd7: receive RaftClientReply:client-CECA27ED65B5->8cac6937-780c-4459-964a-dea4dcd51fd7@group-D84C501198B9, cid=1648, SUCCESS, logIndex=2350, commits[8cac6937-780c-4459-964a-dea4dcd51fd7:c2351, 9ed8676d-9460-465d-9905-fd43a52295f6:c2347, da64134c-6992-4903-9407-7df321e464db:c2347]
2019-07-09 09:59:19,111 INFO  client.GrpcClientProtocolClient (GrpcClientProtocolClient.java:onNext(255)) - client-CECA27ED65B5->8cac6937-780c-4459-964a-dea4dcd51fd7: receive RaftClientReply:client-CECA27ED65B5->8cac6937-780c-4459-964a-dea4dcd51fd7@group-D84C501198B9, cid=1649, SUCCESS, logIndex=2351, commits[8cac6937-780c-4459-964a-dea4dcd51fd7:c2351, 9ed8676d-9460-465d-9905-fd43a52295f6:c2347, da64134c-6992-4903-9407-7df321e464db:c2347]
2019-07-09 09:59:19,124 INFO  client.GrpcClientProtocolClient (GrpcClientProtocolClient.java:onNext(255)) - client-CECA27ED65B5->8cac6937-780c-4459-964a-dea4dcd51fd7: receive RaftClientReply:client-CECA27ED65B5->8cac6937-780c-4459-964a-dea4dcd51fd7@group-D84C501198B9, cid=1650, SUCCESS, logIndex=0, commits[8cac6937-780c-4459-964a-dea4dcd51fd7:c2353, 9ed8676d-9460-465d-9905-fd43a52295f6:c2349, da64134c-6992-4903-9407-7df321e464db:c2349]
2019-07-09 09:59:19,144 INFO  client.GrpcClientProtocolClient (GrpcClientProtocolClient.java:onNext(255)) - client-CECA27ED65B5->8cac6937-780c-4459-964a-dea4dcd51fd7: receive RaftClientReply:client-CECA27ED65B5->8cac6937-780c-4459-964a-dea4dcd51fd7@group-D84C501198B9, cid=1651, SUCCESS, logIndex=2356, commits[8cac6937-780c-4459-964a-dea4dcd51fd7:c2357, 9ed8676d-9460-465d-9905-fd43a52295f6:c2355, da64134c-6992-4903-9407-7df321e464db:c2355]
2019-07-09 09:59:19,144 INFO  client.GrpcClientProtocolClient (GrpcClientProtocolClient.java:onNext(255)) - client-CECA27ED65B5->8cac6937-780c-4459-964a-dea4dcd51fd7: receive RaftClientReply:client-CECA27ED65B5->8cac6937-780c-4459-964a-dea4dcd51fd7@group-D84C501198B9, cid=1652, SUCCESS, logIndex=2357, commits[8cac6937-780c-4459-964a-dea4dcd51fd7:c2357, 9ed8676d-9460-465d-9905-fd43a52295f6:c2355, da64134c-6992-4903-9407-7df321e464db:c2355]
2019-07-09 09:59:19,156 INFO  client.GrpcClientProtocolClient (GrpcClientProtocolClient.java:onNext(255)) - client-CECA27ED65B5->8cac6937-780c-4459-964a-dea4dcd51fd7: receive RaftClientReply:client-CECA27ED65B5->8cac6937-780c-4459-964a-dea4dcd51fd7@group-D84C501198B9, cid=1653, SUCCESS, logIndex=2360, commits[8cac6937-780c-4459-964a-dea4dcd51fd7:c2361, 9ed8676d-9460-465d-9905-fd43a52295f6:c2359, da64134c-6992-4903-9407-7df321e464db:c2359]
2019-07-09 09:59:19,157 INFO  client.GrpcClientProtocolClient (GrpcClientProtocolClient.java:onNext(255)) - client-CECA27ED65B5->8cac6937-780c-4459-964a-dea4dcd51fd7: receive RaftClientReply:client-CECA27ED65B5->8cac6937-780c-4459-964a-dea4dcd51fd7@group-D84C501198B9, cid=1654, SUCCESS, logIndex=2361, commits[8cac6937-780c-4459-964a-dea4dcd51fd7:c2361, 9ed8676d-9460-465d-9905-fd43a52295f6:c2359, da64134c-6992-4903-9407-7df321e464db:c2359]
2019-07-09 09:59:19,160 INFO  client.GrpcClientProtocolClient (GrpcClientProtocolClient.java:onNext(255)) - client-CECA27ED65B5->8cac6937-780c-4459-964a-dea4dcd51fd7: receive RaftClientReply:client-CECA27ED65B5->8cac6937-780c-4459-964a-dea4dcd51fd7@group-D84C501198B9, cid=1655, SUCCESS, logIndex=0, commits[8cac6937-780c-4459-964a-dea4dcd51fd7:c2363, 9ed8676d-9460-465d-9905-fd43a52295f6:c2361, da64134c-6992-4903-9407-7df321e464db:c2361]
2019-07-09 09:59:19,191 INFO  client.GrpcClientProtocolClient (GrpcClientProtocolClient.java:onNext(255)) - client-CECA27ED65B5->8cac6937-780c-4459-964a-dea4dcd51fd7: receive RaftClientReply:client-CECA27ED65B5->8cac6937-780c-4459-964a-dea4dcd51fd7@group-D84C501198B9, cid=1656, SUCCESS, logIndex=2364, commits[8cac6937-780c-4459-964a-dea4dcd51fd7:c2366, 9ed8676d-9460-465d-9905-fd43a52295f6:c2363, da64134c-6992-4903-9407-7df321e464db:c2363]
2019-07-09 09:59:19,191 INFO  client.GrpcClientProtocolClient (GrpcClientProtocolClient.java:onNext(255)) - client-CECA27ED65B5->8cac6937-780c-4459-964a-dea4dcd51fd7: receive RaftClientReply:client-CECA27ED65B5->8cac6937-780c-4459-964a-dea4dcd51fd7@group-D84C501198B9, cid=1657, SUCCESS, logIndex=2365, commits[8cac6937-780c-4459-964a-dea4dcd51fd7:c2367, 9ed8676d-9460-465d-9905-fd43a52295f6:c2363, da64134c-6992-4903-9407-7df321e464db:c2363]
2019-07-09 09:59:19,192 INFO  client.GrpcClientProtocolClient (GrpcClientProtocolClient.java:onNext(255)) - client-CECA27ED65B5->8cac6937-780c-4459-964a-dea4dcd51fd7: receive RaftClientReply:client-CECA27ED65B5->8cac6937-780c-4459-964a-dea4dcd51fd7@group-D84C501198B9, cid=1658, SUCCESS, logIndex=2366, commits[8cac6937-780c-4459-964a-dea4dcd51fd7:c2367, 9ed8676d-9460-465d-9905-fd43a52295f6:c2363, da64134c-6992-4903-9407-7df321e464db:c2363]
2019-07-09 09:59:19,192 INFO  client.GrpcClientProtocolClient (GrpcClientProtocolClient.java:onNext(255)) - client-CECA27ED65B5->8cac6937-780c-4459-964a-dea4dcd51fd7: receive RaftClientReply:client-CECA27ED65B5->8cac6937-780c-4459-964a-dea4dcd51fd7@group-D84C501198B9, cid=1659, SUCCESS, logIndex=2367, commits[8cac6937-780c-4459-964a-dea4dcd51fd7:c2369, 9ed8676d-9460-465d-9905-fd43a52295f6:c2364, da64134c-6992-4903-9407-7df321e464db:c2365]
2019-07-09 09:59:19,193 INFO  client.GrpcClientProtocolClient (GrpcClientProtocolClient.java:onNext(255)) - client-CECA27ED65B5->8cac6937-780c-4459-964a-dea4dcd51fd7: receive RaftClientReply:client-CECA27ED65B5->8cac6937-780c-4459-964a-dea4dcd51fd7@group-D84C501198B9, cid=1660, SUCCESS, logIndex=0, commits[8cac6937-780c-4459-964a-dea4dcd51fd7:c2370, 9ed8676d-9460-465d-9905-fd43a52295f6:c2365, da64134c-6992-4903-9407-7df321e464db:c2366]
2019-07-09 09:59:19,213 INFO  client.GrpcClientProtocolClient (GrpcClientProtocolClient.java:onNext(255)) - client-CECA27ED65B5->8cac6937-780c-4459-964a-dea4dcd51fd7: receive RaftClientReply:client-CECA27ED65B5->8cac6937-780c-4459-964a-dea4dcd51fd7@group-D84C501198B9, cid=1661, SUCCESS, logIndex=2372, commits[8cac6937-780c-4459-964a-dea4dcd51fd7:c2373, 9ed8676d-9460-465d-9905-fd43a52295f6:c2371, da64134c-6992-4903-9407-7df321e464db:c2371]
2019-07-09 09:59:19,213 INFO  client.GrpcClientProtocolClient (GrpcClientProtocolClient.java:onNext(255)) - client-CECA27ED65B5->8cac6937-780c-4459-964a-dea4dcd51fd7: receive RaftClientReply:client-CECA27ED65B5->8cac6937-780c-4459-964a-dea4dcd51fd7@group-D84C501198B9, cid=1662, SUCCESS, logIndex=2373, commits[8cac6937-780c-4459-964a-dea4dcd51fd7:c2373, 9ed8676d-9460-465d-9905-fd43a52295f6:c2371, da64134c-6992-4903-9407-7df321e464db:c2371]
2019-07-09 09:59:19,229 INFO  client.GrpcClientProtocolClient (GrpcClientProtocolClient.java:onNext(255)) - client-CECA27ED65B5->8cac6937-780c-4459-964a-dea4dcd51fd7: receive RaftClientReply:client-CECA27ED65B5->8cac6937-780c-4459-964a-dea4dcd51fd7@group-D84C501198B9, cid=1663, SUCCESS, logIndex=2376, commits[8cac6937-780c-4459-964a-dea4dcd51fd7:c2377, 9ed8676d-9460-465d-9905-fd43a52295f6:c2373, da64134c-6992-4903-9407-7df321e464db:c2373]
2019-07-09 09:59:19,230 INFO  client.GrpcClientProtocolClient (GrpcClientProtocolClient.java:onNext(255)) - client-CECA27ED65B5->8cac6937-780c-4459-964a-dea4dcd51fd7: receive RaftClientReply:client-CECA27ED65B5->8cac6937-780c-4459-964a-dea4dcd51fd7@group-D84C501198B9, cid=1664, SUCCESS, logIndex=2377, commits[8cac6937-780c-4459-964a-dea4dcd51fd7:c2377, 9ed8676d-9460-465d-9905-fd43a52295f6:c2373, da64134c-6992-4903-9407-7df321e464db:c2373]
2019-07-09 09:59:19,244 INFO  client.GrpcClientProtocolClient (GrpcClientProtocolClient.java:onNext(255)) - client-CECA27ED65B5->8cac6937-780c-4459-964a-dea4dcd51fd7: receive RaftClientReply:client-CECA27ED65B5->8cac6937-780c-4459-964a-dea4dcd51fd7@group-D84C501198B9, cid=1665, SUCCESS, logIndex=0, commits[8cac6937-780c-4459-964a-dea4dcd51fd7:c2378, 9ed8676d-9460-465d-9905-fd43a52295f6:c2377, da64134c-6992-4903-9407-7df321e464db:c2377]
 0.00% |█                                                                                                    |  0/1 Time: 0:00:112019-07-09 09:59:19,270 INFO  client.GrpcClientProtocolClient (GrpcClientProtocolClient.java:onNext(255)) - client-CECA27ED65B5->8cac6937-780c-4459-964a-dea4dcd51fd7: receive RaftClientReply:client-CECA27ED65B5->8cac6937-780c-4459-964a-dea4dcd51fd7@group-D84C501198B9, cid=1666, SUCCESS, logIndex=2380, commits[8cac6937-780c-4459-964a-dea4dcd51fd7:c2381, 9ed8676d-9460-465d-9905-fd43a52295f6:c2379, da64134c-6992-4903-9407-7df321e464db:c2379]
2019-07-09 09:59:19,271 INFO  client.GrpcClientProtocolClient (GrpcClientProtocolClient.java:onNext(255)) - client-CECA27ED65B5->8cac6937-780c-4459-964a-dea4dcd51fd7: receive RaftClientReply:client-CECA27ED65B5->8cac6937-780c-4459-964a-dea4dcd51fd7@group-D84C501198B9, cid=1667, SUCCESS, logIndex=2381, commits[8cac6937-780c-4459-964a-dea4dcd51fd7:c2383, 9ed8676d-9460-465d-9905-fd43a52295f6:c2379, da64134c-6992-4903-9407-7df321e464db:c2379]
2019-07-09 09:59:19,271 INFO  client.GrpcClientProtocolClient (GrpcClientProtocolClient.java:onNext(255)) - client-CECA27ED65B5->8cac6937-780c-4459-964a-dea4dcd51fd7: receive RaftClientReply:client-CECA27ED65B5->8cac6937-780c-4459-964a-dea4dcd51fd7@group-D84C501198B9, cid=1668, SUCCESS, logIndex=2382, commits[8cac6937-780c-4459-964a-dea4dcd51fd7:c2383, 9ed8676d-9460-465d-9905-fd43a52295f6:c2379, da64134c-6992-4903-9407-7df321e464db:c2379]
2019-07-09 09:59:19,271 INFO  client.GrpcClientProtocolClient (GrpcClientProtocolClient.java:onNext(255)) - client-CECA27ED65B5->8cac6937-780c-4459-964a-dea4dcd51fd7: receive RaftClientReply:client-CECA27ED65B5->8cac6937-780c-4459-964a-dea4dcd51fd7@group-D84C501198B9, cid=1669, SUCCESS, logIndex=2383, commits[8cac6937-780c-4459-964a-dea4dcd51fd7:c2384, 9ed8676d-9460-465d-9905-fd43a52295f6:c2379, da64134c-6992-4903-9407-7df321e464db:c2380]
2019-07-09 09:59:19,285 INFO  client.GrpcClientProtocolClient (GrpcClientProtocolClient.java:onNext(255)) - client-CECA27ED65B5->8cac6937-780c-4459-964a-dea4dcd51fd7: receive RaftClientReply:client-CECA27ED65B5->8cac6937-780c-4459-964a-dea4dcd51fd7@group-D84C501198B9, cid=1670, SUCCESS, logIndex=0, commits[8cac6937-780c-4459-964a-dea4dcd51fd7:c2385, 9ed8676d-9460-465d-9905-fd43a52295f6:c2381, da64134c-6992-4903-9407-7df321e464db:c2381]
2019-07-09 09:59:19,305 INFO  client.GrpcClientProtocolClient (GrpcClientProtocolClient.java:onNext(255)) - client-CECA27ED65B5->8cac6937-780c-4459-964a-dea4dcd51fd7: receive RaftClientReply:client-CECA27ED65B5->8cac6937-780c-4459-964a-dea4dcd51fd7@group-D84C501198B9, cid=1671, SUCCESS, logIndex=2387, commits[8cac6937-780c-4459-964a-dea4dcd51fd7:c2388, 9ed8676d-9460-465d-9905-fd43a52295f6:c2386, da64134c-6992-4903-9407-7df321e464db:c2386]
2019-07-09 09:59:19,305 INFO  client.GrpcClientProtocolClient (GrpcClientProtocolClient.java:onNext(255)) - client-CECA27ED65B5->8cac6937-780c-4459-964a-dea4dcd51fd7: receive RaftClientReply:client-CECA27ED65B5->8cac6937-780c-4459-964a-dea4dcd51fd7@group-D84C501198B9, cid=1672, SUCCESS, logIndex=2388, commits[8cac6937-780c-4459-964a-dea4dcd51fd7:c2388, 9ed8676d-9460-465d-9905-fd43a52295f6:c2386, da64134c-6992-4903-9407-7df321e464db:c2386]
2019-07-09 09:59:19,319 INFO  client.GrpcClientProtocolClient (GrpcClientProtocolClient.java:onNext(255)) - client-CECA27ED65B5->8cac6937-780c-4459-964a-dea4dcd51fd7: receive RaftClientReply:client-CECA27ED65B5->8cac6937-780c-4459-964a-dea4dcd51fd7@group-D84C501198B9, cid=1673, SUCCESS, logIndex=2391, commits[8cac6937-780c-4459-964a-dea4dcd51fd7:c2392, 9ed8676d-9460-465d-9905-fd43a52295f6:c2388, da64134c-6992-4903-9407-7df321e464db:c2388]
2019-07-09 09:59:19,320 INFO  client.GrpcClientProtocolClient (GrpcClientProtocolClient.java:onNext(255)) - client-CECA27ED65B5->8cac6937-780c-4459-964a-dea4dcd51fd7: receive RaftClientReply:client-CECA27ED65B5->8cac6937-780c-4459-964a-dea4dcd51fd7@group-D84C501198B9, cid=1674, SUCCESS, logIndex=2392, commits[8cac6937-780c-4459-964a-dea4dcd51fd7:c2392, 9ed8676d-9460-465d-9905-fd43a52295f6:c2388, da64134c-6992-4903-9407-7df321e464db:c2388]
2019-07-09 09:59:19,331 INFO  client.GrpcClientProtocolClient (GrpcClientProtocolClient.java:onNext(255)) - client-CECA27ED65B5->8cac6937-780c-4459-964a-dea4dcd51fd7: receive RaftClientReply:client-CECA27ED65B5->8cac6937-780c-4459-964a-dea4dcd51fd7@group-D84C501198B9, cid=1675, SUCCESS, logIndex=0, commits[8cac6937-780c-4459-964a-dea4dcd51fd7:c2393, 9ed8676d-9460-465d-9905-fd43a52295f6:c2392, da64134c-6992-4903-9407-7df321e464db:c2392]
2019-07-09 09:59:19,358 INFO  client.GrpcClientProtocolClient (GrpcClientProtocolClient.java:onNext(255)) - client-CECA27ED65B5->8cac6937-780c-4459-964a-dea4dcd51fd7: receive RaftClientReply:client-CECA27ED65B5->8cac6937-780c-4459-964a-dea4dcd51fd7@group-D84C501198B9, cid=1676, SUCCESS, logIndex=2394, commits[8cac6937-780c-4459-964a-dea4dcd51fd7:c2395, 9ed8676d-9460-465d-9905-fd43a52295f6:c2393, da64134c-6992-4903-9407-7df321e464db:c2393]
2019-07-09 09:59:19,359 INFO  client.GrpcClientProtocolClient (GrpcClientProtocolClient.java:onNext(255)) - client-CECA27ED65B5->8cac6937-780c-4459-964a-dea4dcd51fd7: receive RaftClientReply:client-CECA27ED65B5->8cac6937-780c-4459-964a-dea4dcd51fd7@group-D84C501198B9, cid=1677, SUCCESS, logIndex=2395, commits[8cac6937-780c-4459-964a-dea4dcd51fd7:c2397, 9ed8676d-9460-465d-9905-fd43a52295f6:c2393, da64134c-6992-4903-9407-7df321e464db:c2393]
2019-07-09 09:59:19,359 INFO  client.GrpcClientProtocolClient (GrpcClientProtocolClient.java:onNext(255)) - client-CECA27ED65B5->8cac6937-780c-4459-964a-dea4dcd51fd7: receive RaftClientReply:client-CECA27ED65B5->8cac6937-780c-4459-964a-dea4dcd51fd7@group-D84C501198B9, cid=1678, SUCCESS, logIndex=2396, commits[8cac6937-780c-4459-964a-dea4dcd51fd7:c2397, 9ed8676d-9460-465d-9905-fd43a52295f6:c2393, da64134c-6992-4903-9407-7df321e464db:c2393]
2019-07-09 09:59:19,359 INFO  client.GrpcClientProtocolClient (GrpcClientProtocolClient.java:onNext(255)) - client-CECA27ED65B5->8cac6937-780c-4459-964a-dea4dcd51fd7: receive RaftClientReply:client-CECA27ED65B5->8cac6937-780c-4459-964a-dea4dcd51fd7@group-D84C501198B9, cid=1679, SUCCESS, logIndex=2397, commits[8cac6937-780c-4459-964a-dea4dcd51fd7:c2397, 9ed8676d-9460-465d-9905-fd43a52295f6:c2393, da64134c-6992-4903-9407-7df321e464db:c2393]
2019-07-09 09:59:19,370 INFO  client.GrpcClientProtocolClient (GrpcClientProtocolClient.java:onNext(255)) - client-CECA27ED65B5->8cac6937-780c-4459-964a-dea4dcd51fd7: receive RaftClientReply:client-CECA27ED65B5->8cac6937-780c-4459-964a-dea4dcd51fd7@group-D84C501198B9, cid=1680, SUCCESS, logIndex=0, commits[8cac6937-780c-4459-964a-dea4dcd51fd7:c2398, 9ed8676d-9460-465d-9905-fd43a52295f6:c2395, da64134c-6992-4903-9407-7df321e464db:c2395]
2019-07-09 09:59:19,384 INFO  client.GrpcClientProtocolClient (GrpcClientProtocolClient.java:onNext(255)) - client-CECA27ED65B5->8cac6937-780c-4459-964a-dea4dcd51fd7: receive RaftClientReply:client-CECA27ED65B5->8cac6937-780c-4459-964a-dea4dcd51fd7@group-D84C501198B9, cid=1681, SUCCESS, logIndex=2402, commits[8cac6937-780c-4459-964a-dea4dcd51fd7:c2403, 9ed8676d-9460-465d-9905-fd43a52295f6:c2401, da64134c-6992-4903-9407-7df321e464db:c2401]
2019-07-09 09:59:19,384 INFO  client.GrpcClientProtocolClient (GrpcClientProtocolClient.java:onNext(255)) - client-CECA27ED65B5->8cac6937-780c-4459-964a-dea4dcd51fd7: receive RaftClientReply:client-CECA27ED65B5->8cac6937-780c-4459-964a-dea4dcd51fd7@group-D84C501198B9, cid=1682, SUCCESS, logIndex=2403, commits[8cac6937-780c-4459-964a-dea4dcd51fd7:c2403, 9ed8676d-9460-465d-9905-fd43a52295f6:c2401, da64134c-6992-4903-9407-7df321e464db:c2401]
2019-07-09 09:59:19,397 INFO  client.GrpcClientProtocolClient (GrpcClientProtocolClient.java:onNext(255)) - client-CECA27ED65B5->8cac6937-780c-4459-964a-dea4dcd51fd7: receive RaftClientReply:client-CECA27ED65B5->8cac6937-780c-4459-964a-dea4dcd51fd7@group-D84C501198B9, cid=1683, SUCCESS, logIndex=2406, commits[8cac6937-780c-4459-964a-dea4dcd51fd7:c2407, 9ed8676d-9460-465d-9905-fd43a52295f6:c2403, da64134c-6992-4903-9407-7df321e464db:c2405]
2019-07-09 09:59:19,397 INFO  client.GrpcClientProtocolClient (GrpcClientProtocolClient.java:onNext(255)) - client-CECA27ED65B5->8cac6937-780c-4459-964a-dea4dcd51fd7: receive RaftClientReply:client-CECA27ED65B5->8cac6937-780c-4459-964a-dea4dcd51fd7@group-D84C501198B9, cid=1684, SUCCESS, logIndex=2407, commits[8cac6937-780c-4459-964a-dea4dcd51fd7:c2407, 9ed8676d-9460-465d-9905-fd43a52295f6:c2405, da64134c-6992-4903-9407-7df321e464db:c2405]
2019-07-09 09:59:19,400 INFO  client.GrpcClientProtocolClient (GrpcClientProtocolClient.java:onNext(255)) - client-CECA27ED65B5->8cac6937-780c-4459-964a-dea4dcd51fd7: receive RaftClientReply:client-CECA27ED65B5->8cac6937-780c-4459-964a-dea4dcd51fd7@group-D84C501198B9, cid=1685, SUCCESS, logIndex=0, commits[8cac6937-780c-4459-964a-dea4dcd51fd7:c2408, 9ed8676d-9460-465d-9905-fd43a52295f6:c2407, da64134c-6992-4903-9407-7df321e464db:c2407]
2019-07-09 09:59:19,549 INFO  client.GrpcClientProtocolClient (GrpcClientProtocolClient.java:onNext(255)) - client-CECA27ED65B5->8cac6937-780c-4459-964a-dea4dcd51fd7: receive RaftClientReply:client-CECA27ED65B5->8cac6937-780c-4459-964a-dea4dcd51fd7@group-D84C501198B9, cid=1686, SUCCESS, logIndex=2410, commits[8cac6937-780c-4459-964a-dea4dcd51fd7:c2411, 9ed8676d-9460-465d-9905-fd43a52295f6:c2409, da64134c-6992-4903-9407-7df321e464db:c2409]
2019-07-09 09:59:19,550 INFO  client.GrpcClientProtocolClient (GrpcClientProtocolClient.java:onNext(255)) - client-CECA27ED65B5->8cac6937-780c-4459-964a-dea4dcd51fd7: receive RaftClientReply:client-CECA27ED65B5->8cac6937-780c-4459-964a-dea4dcd51fd7@group-D84C501198B9, cid=1687, SUCCESS, logIndex=2411, commits[8cac6937-780c-4459-964a-dea4dcd51fd7:c2411, 9ed8676d-9460-465d-9905-fd43a52295f6:c2409, da64134c-6992-4903-9407-7df321e464db:c2409]
2019-07-09 09:59:19,550 INFO  client.GrpcClientProtocolClient (GrpcClientProtocolClient.java:onNext(255)) - client-CECA27ED65B5->8cac6937-780c-4459-964a-dea4dcd51fd7: receive RaftClientReply:client-CECA27ED65B5->8cac6937-780c-4459-964a-dea4dcd51fd7@group-D84C501198B9, cid=1688, SUCCESS, logIndex=2412, commits[8cac6937-780c-4459-964a-dea4dcd51fd7:c2413, 9ed8676d-9460-465d-9905-fd43a52295f6:c2409, da64134c-6992-4903-9407-7df321e464db:c2409]
2019-07-09 09:59:19,551 INFO  client.GrpcClientProtocolClient (GrpcClientProtocolClient.java:onNext(255)) - client-CECA27ED65B5->8cac6937-780c-4459-964a-dea4dcd51fd7: receive RaftClientReply:client-CECA27ED65B5->8cac6937-780c-4459-964a-dea4dcd51fd7@group-D84C501198B9, cid=1689, SUCCESS, logIndex=2413, commits[8cac6937-780c-4459-964a-dea4dcd51fd7:c2413, 9ed8676d-9460-465d-9905-fd43a52295f6:c2409, da64134c-6992-4903-9407-7df321e464db:c2409]
2019-07-09 09:59:19,552 INFO  client.GrpcClientProtocolClient (GrpcClientProtocolClient.java:onNext(255)) - client-CECA27ED65B5->8cac6937-780c-4459-964a-dea4dcd51fd7: receive RaftClientReply:client-CECA27ED65B5->8cac6937-780c-4459-964a-dea4dcd51fd7@group-D84C501198B9, cid=1690, SUCCESS, logIndex=0, commits[8cac6937-780c-4459-964a-dea4dcd51fd7:c2417, 9ed8676d-9460-465d-9905-fd43a52295f6:c2411, da64134c-6992-4903-9407-7df321e464db:c2413]
2019-07-09 09:59:19,574 INFO  client.GrpcClientProtocolClient (GrpcClientProtocolClient.java:onNext(255)) - client-CECA27ED65B5->8cac6937-780c-4459-964a-dea4dcd51fd7: receive RaftClientReply:client-CECA27ED65B5->8cac6937-780c-4459-964a-dea4dcd51fd7@group-D84C501198B9, cid=1691, SUCCESS, logIndex=2418, commits[8cac6937-780c-4459-964a-dea4dcd51fd7:c2419, 9ed8676d-9460-465d-9905-fd43a52295f6:c2417, da64134c-6992-4903-9407-7df321e464db:c2417]
2019-07-09 09:59:19,574 INFO  client.GrpcClientProtocolClient (GrpcClientProtocolClient.java:onNext(255)) - client-CECA27ED65B5->8cac6937-780c-4459-964a-dea4dcd51fd7: receive RaftClientReply:client-CECA27ED65B5->8cac6937-780c-4459-964a-dea4dcd51fd7@group-D84C501198B9, cid=1692, SUCCESS, logIndex=2419, commits[8cac6937-780c-4459-964a-dea4dcd51fd7:c2419, 9ed8676d-9460-465d-9905-fd43a52295f6:c2417, da64134c-6992-4903-9407-7df321e464db:c2417]
2019-07-09 09:59:19,589 INFO  client.GrpcClientProtocolClient (GrpcClientProtocolClient.java:onNext(255)) - client-CECA27ED65B5->8cac6937-780c-4459-964a-dea4dcd51fd7: receive RaftClientReply:client-CECA27ED65B5->8cac6937-780c-4459-964a-dea4dcd51fd7@group-D84C501198B9, cid=1693, SUCCESS, logIndex=2422, commits[8cac6937-780c-4459-964a-dea4dcd51fd7:c2423, 9ed8676d-9460-465d-9905-fd43a52295f6:c2419, da64134c-6992-4903-9407-7df321e464db:c2419]
2019-07-09 09:59:19,589 INFO  client.GrpcClientProtocolClient (GrpcClientProtocolClient.java:onNext(255)) - client-CECA27ED65B5->8cac6937-780c-4459-964a-dea4dcd51fd7: receive RaftClientReply:client-CECA27ED65B5->8cac6937-780c-4459-964a-dea4dcd51fd7@group-D84C501198B9, cid=1694, SUCCESS, logIndex=2423, commits[8cac6937-780c-4459-964a-dea4dcd51fd7:c2423, 9ed8676d-9460-465d-9905-fd43a52295f6:c2419, da64134c-6992-4903-9407-7df321e464db:c2419]
2019-07-09 09:59:19,603 INFO  client.GrpcClientProtocolClient (GrpcClientProtocolClient.java:onNext(255)) - client-CECA27ED65B5->8cac6937-780c-4459-964a-dea4dcd51fd7: receive RaftClientReply:client-CECA27ED65B5->8cac6937-780c-4459-964a-dea4dcd51fd7@group-D84C501198B9, cid=1695, SUCCESS, logIndex=0, commits[8cac6937-780c-4459-964a-dea4dcd51fd7:c2424, 9ed8676d-9460-465d-9905-fd43a52295f6:c2423, da64134c-6992-4903-9407-7df321e464db:c2423]
2019-07-09 09:59:19,632 INFO  client.GrpcClientProtocolClient (GrpcClientProtocolClient.java:onNext(255)) - client-CECA27ED65B5->8cac6937-780c-4459-964a-dea4dcd51fd7: receive RaftClientReply:client-CECA27ED65B5->8cac6937-780c-4459-964a-dea4dcd51fd7@group-D84C501198B9, cid=1696, SUCCESS, logIndex=2426, commits[8cac6937-780c-4459-964a-dea4dcd51fd7:c2427, 9ed8676d-9460-465d-9905-fd43a52295f6:c2425, da64134c-6992-4903-9407-7df321e464db:c2425]
2019-07-09 09:59:19,632 INFO  client.GrpcClientProtocolClient (GrpcClientProtocolClient.java:onNext(255)) - client-CECA27ED65B5->8cac6937-780c-4459-964a-dea4dcd51fd7: receive RaftClientReply:client-CECA27ED65B5->8cac6937-780c-4459-964a-dea4dcd51fd7@group-D84C501198B9, cid=1697, SUCCESS, logIndex=2427, commits[8cac6937-780c-4459-964a-dea4dcd51fd7:c2428, 9ed8676d-9460-465d-9905-fd43a52295f6:c2425, da64134c-6992-4903-9407-7df321e464db:c2425]
2019-07-09 09:59:19,633 INFO  client.GrpcClientProtocolClient (GrpcClientProtocolClient.java:onNext(255)) - client-CECA27ED65B5->8cac6937-780c-4459-964a-dea4dcd51fd7: receive RaftClientReply:client-CECA27ED65B5->8cac6937-780c-4459-964a-dea4dcd51fd7@group-D84C501198B9, cid=1698, SUCCESS, logIndex=2428, commits[8cac6937-780c-4459-964a-dea4dcd51fd7:c2429, 9ed8676d-9460-465d-9905-fd43a52295f6:c2425, da64134c-6992-4903-9407-7df321e464db:c2425]
2019-07-09 09:59:19,633 INFO  client.GrpcClientProtocolClient (GrpcClientProtocolClient.java:onNext(255)) - client-CECA27ED65B5->8cac6937-780c-4459-964a-dea4dcd51fd7: receive RaftClientReply:client-CECA27ED65B5->8cac6937-780c-4459-964a-dea4dcd51fd7@group-D84C501198B9, cid=1699, SUCCESS, logIndex=2429, commits[8cac6937-780c-4459-964a-dea4dcd51fd7:c2429, 9ed8676d-9460-465d-9905-fd43a52295f6:c2425, da64134c-6992-4903-9407-7df321e464db:c2425]
2019-07-09 09:59:19,635 INFO  client.GrpcClientProtocolClient (GrpcClientProtocolClient.java:onNext(255)) - client-CECA27ED65B5->8cac6937-780c-4459-964a-dea4dcd51fd7: receive RaftClientReply:client-CECA27ED65B5->8cac6937-780c-4459-964a-dea4dcd51fd7@group-D84C501198B9, cid=1700, SUCCESS, logIndex=0, commits[8cac6937-780c-4459-964a-dea4dcd51fd7:c2432, 9ed8676d-9460-465d-9905-fd43a52295f6:c2427, da64134c-6992-4903-9407-7df321e464db:c2428]
2019-07-09 09:59:19,653 INFO  client.GrpcClientProtocolClient (GrpcClientProtocolClient.java:onNext(255)) - client-CECA27ED65B5->8cac6937-780c-4459-964a-dea4dcd51fd7: receive RaftClientReply:client-CECA27ED65B5->8cac6937-780c-4459-964a-dea4dcd51fd7@group-D84C501198B9, cid=1701, SUCCESS, logIndex=2434, commits[8cac6937-780c-4459-964a-dea4dcd51fd7:c2435, 9ed8676d-9460-465d-9905-fd43a52295f6:c2433, da64134c-6992-4903-9407-7df321e464db:c2433]
2019-07-09 09:59:19,654 INFO  client.GrpcClientProtocolClient (GrpcClientProtocolClient.java:onNext(255)) - client-CECA27ED65B5->8cac6937-780c-4459-964a-dea4dcd51fd7: receive RaftClientReply:client-CECA27ED65B5->8cac6937-780c-4459-964a-dea4dcd51fd7@group-D84C501198B9, cid=1702, SUCCESS, logIndex=2435, commits[8cac6937-780c-4459-964a-dea4dcd51fd7:c2435, 9ed8676d-9460-465d-9905-fd43a52295f6:c2433, da64134c-6992-4903-9407-7df321e464db:c2433]
2019-07-09 09:59:19,667 INFO  client.GrpcClientProtocolClient (GrpcClientProtocolClient.java:onNext(255)) - client-CECA27ED65B5->8cac6937-780c-4459-964a-dea4dcd51fd7: receive RaftClientReply:client-CECA27ED65B5->8cac6937-780c-4459-964a-dea4dcd51fd7@group-D84C501198B9, cid=1703, SUCCESS, logIndex=2438, commits[8cac6937-780c-4459-964a-dea4dcd51fd7:c2439, 9ed8676d-9460-465d-9905-fd43a52295f6:c2435, da64134c-6992-4903-9407-7df321e464db:c2435]
2019-07-09 09:59:19,667 INFO  client.GrpcClientProtocolClient (GrpcClientProtocolClient.java:onNext(255)) - client-CECA27ED65B5->8cac6937-780c-4459-964a-dea4dcd51fd7: receive RaftClientReply:client-CECA27ED65B5->8cac6937-780c-4459-964a-dea4dcd51fd7@group-D84C501198B9, cid=1704, SUCCESS, logIndex=2439, commits[8cac6937-780c-4459-964a-dea4dcd51fd7:c2439, 9ed8676d-9460-465d-9905-fd43a52295f6:c2435, da64134c-6992-4903-9407-7df321e464db:c2435]
2019-07-09 09:59:19,686 INFO  client.GrpcClientProtocolClient (GrpcClientProtocolClient.java:onNext(255)) - client-CECA27ED65B5->8cac6937-780c-4459-964a-dea4dcd51fd7: receive RaftClientReply:client-CECA27ED65B5->8cac6937-780c-4459-964a-dea4dcd51fd7@group-D84C501198B9, cid=1705, SUCCESS, logIndex=0, commits[8cac6937-780c-4459-964a-dea4dcd51fd7:c2441, 9ed8676d-9460-465d-9905-fd43a52295f6:c2439, da64134c-6992-4903-9407-7df321e464db:c2439]
2019-07-09 09:59:19,715 INFO  client.GrpcClientProtocolClient (GrpcClientProtocolClient.java:onNext(255)) - client-CECA27ED65B5->8cac6937-780c-4459-964a-dea4dcd51fd7: receive RaftClientReply:client-CECA27ED65B5->8cac6937-780c-4459-964a-dea4dcd51fd7@group-D84C501198B9, cid=1706, SUCCESS, logIndex=2442, commits[8cac6937-780c-4459-964a-dea4dcd51fd7:c2445, 9ed8676d-9460-465d-9905-fd43a52295f6:c2439, da64134c-6992-4903-9407-7df321e464db:c2441]
2019-07-09 09:59:19,715 INFO  client.GrpcClientProtocolClient (GrpcClientProtocolClient.java:onNext(255)) - client-CECA27ED65B5->8cac6937-780c-4459-964a-dea4dcd51fd7: receive RaftClientReply:client-CECA27ED65B5->8cac6937-780c-4459-964a-dea4dcd51fd7@group-D84C501198B9, cid=1707, SUCCESS, logIndex=2443, commits[8cac6937-780c-4459-964a-dea4dcd51fd7:c2445, 9ed8676d-9460-465d-9905-fd43a52295f6:c2441, da64134c-6992-4903-9407-7df321e464db:c2441]
2019-07-09 09:59:19,716 INFO  client.GrpcClientProtocolClient (GrpcClientProtocolClient.java:onNext(255)) - client-CECA27ED65B5->8cac6937-780c-4459-964a-dea4dcd51fd7: receive RaftClientReply:client-CECA27ED65B5->8cac6937-780c-4459-964a-dea4dcd51fd7@group-D84C501198B9, cid=1708, SUCCESS, logIndex=2444, commits[8cac6937-780c-4459-964a-dea4dcd51fd7:c2445, 9ed8676d-9460-465d-9905-fd43a52295f6:c2441, da64134c-6992-4903-9407-7df321e464db:c2441]
2019-07-09 09:59:19,716 INFO  client.GrpcClientProtocolClient (GrpcClientProtocolClient.java:onNext(255)) - client-CECA27ED65B5->8cac6937-780c-4459-964a-dea4dcd51fd7: receive RaftClientReply:client-CECA27ED65B5->8cac6937-780c-4459-964a-dea4dcd51fd7@group-D84C501198B9, cid=1709, SUCCESS, logIndex=2445, commits[8cac6937-780c-4459-964a-dea4dcd51fd7:c2445, 9ed8676d-9460-465d-9905-fd43a52295f6:c2441, da64134c-6992-4903-9407-7df321e464db:c2441]
2019-07-09 09:59:19,717 INFO  client.GrpcClientProtocolClient (GrpcClientProtocolClient.java:onNext(255)) - client-CECA27ED65B5->8cac6937-780c-4459-964a-dea4dcd51fd7: receive RaftClientReply:client-CECA27ED65B5->8cac6937-780c-4459-964a-dea4dcd51fd7@group-D84C501198B9, cid=1710, SUCCESS, logIndex=0, commits[8cac6937-780c-4459-964a-dea4dcd51fd7:c2447, 9ed8676d-9460-465d-9905-fd43a52295f6:c2443, da64134c-6992-4903-9407-7df321e464db:c2443]
2019-07-09 09:59:19,737 INFO  client.GrpcClientProtocolClient (GrpcClientProtocolClient.java:onNext(255)) - client-CECA27ED65B5->8cac6937-780c-4459-964a-dea4dcd51fd7: receive RaftClientReply:client-CECA27ED65B5->8cac6937-780c-4459-964a-dea4dcd51fd7@group-D84C501198B9, cid=1711, SUCCESS, logIndex=2449, commits[8cac6937-780c-4459-964a-dea4dcd51fd7:c2450, 9ed8676d-9460-465d-9905-fd43a52295f6:c2448, da64134c-6992-4903-9407-7df321e464db:c2448]
2019-07-09 09:59:19,737 INFO  client.GrpcClientProtocolClient (GrpcClientProtocolClient.java:onNext(255)) - client-CECA27ED65B5->8cac6937-780c-4459-964a-dea4dcd51fd7: receive RaftClientReply:client-CECA27ED65B5->8cac6937-780c-4459-964a-dea4dcd51fd7@group-D84C501198B9, cid=1712, SUCCESS, logIndex=2450, commits[8cac6937-780c-4459-964a-dea4dcd51fd7:c2450, 9ed8676d-9460-465d-9905-fd43a52295f6:c2448, da64134c-6992-4903-9407-7df321e464db:c2448]
2019-07-09 09:59:19,755 INFO  client.GrpcClientProtocolClient (GrpcClientProtocolClient.java:onNext(255)) - client-CECA27ED65B5->8cac6937-780c-4459-964a-dea4dcd51fd7: receive RaftClientReply:client-CECA27ED65B5->8cac6937-780c-4459-964a-dea4dcd51fd7@group-D84C501198B9, cid=1713, SUCCESS, logIndex=2453, commits[8cac6937-780c-4459-964a-dea4dcd51fd7:c2454, 9ed8676d-9460-465d-9905-fd43a52295f6:c2450, da64134c-6992-4903-9407-7df321e464db:c2450]
2019-07-09 09:59:19,755 INFO  client.GrpcClientProtocolClient (GrpcClientProtocolClient.java:onNext(255)) - client-CECA27ED65B5->8cac6937-780c-4459-964a-dea4dcd51fd7: receive RaftClientReply:client-CECA27ED65B5->8cac6937-780c-4459-964a-dea4dcd51fd7@group-D84C501198B9, cid=1714, SUCCESS, logIndex=2454, commits[8cac6937-780c-4459-964a-dea4dcd51fd7:c2454, 9ed8676d-9460-465d-9905-fd43a52295f6:c2450, da64134c-6992-4903-9407-7df321e464db:c2450]
2019-07-09 09:59:19,767 INFO  client.GrpcClientProtocolClient (GrpcClientProtocolClient.java:onNext(255)) - client-CECA27ED65B5->8cac6937-780c-4459-964a-dea4dcd51fd7: receive RaftClientReply:client-CECA27ED65B5->8cac6937-780c-4459-964a-dea4dcd51fd7@group-D84C501198B9, cid=1715, SUCCESS, logIndex=0, commits[8cac6937-780c-4459-964a-dea4dcd51fd7:c2455, 9ed8676d-9460-465d-9905-fd43a52295f6:c2454, da64134c-6992-4903-9407-7df321e464db:c2454]
2019-07-09 09:59:19,795 INFO  client.GrpcClientProtocolClient (GrpcClientProtocolClient.java:onNext(255)) - client-CECA27ED65B5->8cac6937-780c-4459-964a-dea4dcd51fd7: receive RaftClientReply:client-CECA27ED65B5->8cac6937-780c-4459-964a-dea4dcd51fd7@group-D84C501198B9, cid=1716, SUCCESS, logIndex=2456, commits[8cac6937-780c-4459-964a-dea4dcd51fd7:c2457, 9ed8676d-9460-465d-9905-fd43a52295f6:c2455, da64134c-6992-4903-9407-7df321e464db:c2455]
2019-07-09 09:59:19,796 INFO  client.GrpcClientProtocolClient (GrpcClientProtocolClient.java:onNext(255)) - client-CECA27ED65B5->8cac6937-780c-4459-964a-dea4dcd51fd7: receive RaftClientReply:client-CECA27ED65B5->8cac6937-780c-4459-964a-dea4dcd51fd7@group-D84C501198B9, cid=1717, SUCCESS, logIndex=2457, commits[8cac6937-780c-4459-964a-dea4dcd51fd7:c2459, 9ed8676d-9460-465d-9905-fd43a52295f6:c2455, da64134c-6992-4903-9407-7df321e464db:c2455]
2019-07-09 09:59:19,796 INFO  client.GrpcClientProtocolClient (GrpcClientProtocolClient.java:onNext(255)) - client-CECA27ED65B5->8cac6937-780c-4459-964a-dea4dcd51fd7: receive RaftClientReply:client-CECA27ED65B5->8cac6937-780c-4459-964a-dea4dcd51fd7@group-D84C501198B9, cid=1718, SUCCESS, logIndex=2458, commits[8cac6937-780c-4459-964a-dea4dcd51fd7:c2459, 9ed8676d-9460-465d-9905-fd43a52295f6:c2455, da64134c-6992-4903-9407-7df321e464db:c2455]
2019-07-09 09:59:19,797 INFO  client.GrpcClientProtocolClient (GrpcClientProtocolClient.java:onNext(255)) - client-CECA27ED65B5->8cac6937-780c-4459-964a-dea4dcd51fd7: receive RaftClientReply:client-CECA27ED65B5->8cac6937-780c-4459-964a-dea4dcd51fd7@group-D84C501198B9, cid=1719, SUCCESS, logIndex=2459, commits[8cac6937-780c-4459-964a-dea4dcd51fd7:c2460, 9ed8676d-9460-465d-9905-fd43a52295f6:c2456, da64134c-6992-4903-9407-7df321e464db:c2455]
2019-07-09 09:59:19,798 INFO  client.GrpcClientProtocolClient (GrpcClientProtocolClient.java:onNext(255)) - client-CECA27ED65B5->8cac6937-780c-4459-964a-dea4dcd51fd7: receive RaftClientReply:client-CECA27ED65B5->8cac6937-780c-4459-964a-dea4dcd51fd7@group-D84C501198B9, cid=1720, SUCCESS, logIndex=0, commits[8cac6937-780c-4459-964a-dea4dcd51fd7:c2462, 9ed8676d-9460-465d-9905-fd43a52295f6:c2459, da64134c-6992-4903-9407-7df321e464db:c2457]
2019-07-09 09:59:19,818 INFO  client.GrpcClientProtocolClient (GrpcClientProtocolClient.java:onNext(255)) - client-CECA27ED65B5->8cac6937-780c-4459-964a-dea4dcd51fd7: receive RaftClientReply:client-CECA27ED65B5->8cac6937-780c-4459-964a-dea4dcd51fd7@group-D84C501198B9, cid=1721, SUCCESS, logIndex=2463, commits[8cac6937-780c-4459-964a-dea4dcd51fd7:c2464, 9ed8676d-9460-465d-9905-fd43a52295f6:c2462, da64134c-6992-4903-9407-7df321e464db:c2462]
2019-07-09 09:59:19,818 INFO  client.GrpcClientProtocolClient (GrpcClientProtocolClient.java:onNext(255)) - client-CECA27ED65B5->8cac6937-780c-4459-964a-dea4dcd51fd7: receive RaftClientReply:client-CECA27ED65B5->8cac6937-780c-4459-964a-dea4dcd51fd7@group-D84C501198B9, cid=1722, SUCCESS, logIndex=2464, commits[8cac6937-780c-4459-964a-dea4dcd51fd7:c2464, 9ed8676d-9460-465d-9905-fd43a52295f6:c2462, da64134c-6992-4903-9407-7df321e464db:c2462]
2019-07-09 09:59:19,833 INFO  client.GrpcClientProtocolClient (GrpcClientProtocolClient.java:onNext(255)) - client-CECA27ED65B5->8cac6937-780c-4459-964a-dea4dcd51fd7: receive RaftClientReply:client-CECA27ED65B5->8cac6937-780c-4459-964a-dea4dcd51fd7@group-D84C501198B9, cid=1723, SUCCESS, logIndex=2467, commits[8cac6937-780c-4459-964a-dea4dcd51fd7:c2468, 9ed8676d-9460-465d-9905-fd43a52295f6:c2464, da64134c-6992-4903-9407-7df321e464db:c2464]
2019-07-09 09:59:19,833 INFO  client.GrpcClientProtocolClient (GrpcClientProtocolClient.java:onNext(255)) - client-CECA27ED65B5->8cac6937-780c-4459-964a-dea4dcd51fd7: receive RaftClientReply:client-CECA27ED65B5->8cac6937-780c-4459-964a-dea4dcd51fd7@group-D84C501198B9, cid=1724, SUCCESS, logIndex=2468, commits[8cac6937-780c-4459-964a-dea4dcd51fd7:c2468, 9ed8676d-9460-465d-9905-fd43a52295f6:c2464, da64134c-6992-4903-9407-7df321e464db:c2464]
2019-07-09 09:59:19,848 INFO  client.GrpcClientProtocolClient (GrpcClientProtocolClient.java:onNext(255)) - client-CECA27ED65B5->8cac6937-780c-4459-964a-dea4dcd51fd7: receive RaftClientReply:client-CECA27ED65B5->8cac6937-780c-4459-964a-dea4dcd51fd7@group-D84C501198B9, cid=1725, SUCCESS, logIndex=0, commits[8cac6937-780c-4459-964a-dea4dcd51fd7:c2470, 9ed8676d-9460-465d-9905-fd43a52295f6:c2468, da64134c-6992-4903-9407-7df321e464db:c2468]
2019-07-09 09:59:19,874 INFO  client.GrpcClientProtocolClient (GrpcClientProtocolClient.java:onNext(255)) - client-CECA27ED65B5->8cac6937-780c-4459-964a-dea4dcd51fd7: receive RaftClientReply:client-CECA27ED65B5->8cac6937-780c-4459-964a-dea4dcd51fd7@group-D84C501198B9, cid=1726, SUCCESS, logIndex=2471, commits[8cac6937-780c-4459-964a-dea4dcd51fd7:c2473, 9ed8676d-9460-465d-9905-fd43a52295f6:c2470, da64134c-6992-4903-9407-7df321e464db:c2470]
2019-07-09 09:59:19,875 INFO  client.GrpcClientProtocolClient (GrpcClientProtocolClient.java:onNext(255)) - client-CECA27ED65B5->8cac6937-780c-4459-964a-dea4dcd51fd7: receive RaftClientReply:client-CECA27ED65B5->8cac6937-780c-4459-964a-dea4dcd51fd7@group-D84C501198B9, cid=1727, SUCCESS, logIndex=2472, commits[8cac6937-780c-4459-964a-dea4dcd51fd7:c2474, 9ed8676d-9460-465d-9905-fd43a52295f6:c2470, da64134c-6992-4903-9407-7df321e464db:c2470]
2019-07-09 09:59:19,875 INFO  client.GrpcClientProtocolClient (GrpcClientProtocolClient.java:onNext(255)) - client-CECA27ED65B5->8cac6937-780c-4459-964a-dea4dcd51fd7: receive RaftClientReply:client-CECA27ED65B5->8cac6937-780c-4459-964a-dea4dcd51fd7@group-D84C501198B9, cid=1728, SUCCESS, logIndex=2473, commits[8cac6937-780c-4459-964a-dea4dcd51fd7:c2474, 9ed8676d-9460-465d-9905-fd43a52295f6:c2470, da64134c-6992-4903-9407-7df321e464db:c2470]
2019-07-09 09:59:19,875 INFO  client.GrpcClientProtocolClient (GrpcClientProtocolClient.java:onNext(255)) - client-CECA27ED65B5->8cac6937-780c-4459-964a-dea4dcd51fd7: receive RaftClientReply:client-CECA27ED65B5->8cac6937-780c-4459-964a-dea4dcd51fd7@group-D84C501198B9, cid=1729, SUCCESS, logIndex=2474, commits[8cac6937-780c-4459-964a-dea4dcd51fd7:c2474, 9ed8676d-9460-465d-9905-fd43a52295f6:c2470, da64134c-6992-4903-9407-7df321e464db:c2470]
2019-07-09 09:59:19,876 INFO  client.GrpcClientProtocolClient (GrpcClientProtocolClient.java:onNext(255)) - client-CECA27ED65B5->8cac6937-780c-4459-964a-dea4dcd51fd7: receive RaftClientReply:client-CECA27ED65B5->8cac6937-780c-4459-964a-dea4dcd51fd7@group-D84C501198B9, cid=1730, SUCCESS, logIndex=0, commits[8cac6937-780c-4459-964a-dea4dcd51fd7:c2477, 9ed8676d-9460-465d-9905-fd43a52295f6:c2473, da64134c-6992-4903-9407-7df321e464db:c2472]
2019-07-09 09:59:19,895 INFO  client.GrpcClientProtocolClient (GrpcClientProtocolClient.java:onNext(255)) - client-CECA27ED65B5->8cac6937-780c-4459-964a-dea4dcd51fd7: receive RaftClientReply:client-CECA27ED65B5->8cac6937-780c-4459-964a-dea4dcd51fd7@group-D84C501198B9, cid=1731, SUCCESS, logIndex=2479, commits[8cac6937-780c-4459-964a-dea4dcd51fd7:c2480, 9ed8676d-9460-465d-9905-fd43a52295f6:c2478, da64134c-6992-4903-9407-7df321e464db:c2478]
2019-07-09 09:59:19,896 INFO  client.GrpcClientProtocolClient (GrpcClientProtocolClient.java:onNext(255)) - client-CECA27ED65B5->8cac6937-780c-4459-964a-dea4dcd51fd7: receive RaftClientReply:client-CECA27ED65B5->8cac6937-780c-4459-964a-dea4dcd51fd7@group-D84C501198B9, cid=1732, SUCCESS, logIndex=2480, commits[8cac6937-780c-4459-964a-dea4dcd51fd7:c2480, 9ed8676d-9460-465d-9905-fd43a52295f6:c2478, da64134c-6992-4903-9407-7df321e464db:c2478]
2019-07-09 09:59:19,910 INFO  client.GrpcClientProtocolClient (GrpcClientProtocolClient.java:onNext(255)) - client-CECA27ED65B5->8cac6937-780c-4459-964a-dea4dcd51fd7: receive RaftClientReply:client-CECA27ED65B5->8cac6937-780c-4459-964a-dea4dcd51fd7@group-D84C501198B9, cid=1733, SUCCESS, logIndex=2483, commits[8cac6937-780c-4459-964a-dea4dcd51fd7:c2484, 9ed8676d-9460-465d-9905-fd43a52295f6:c2480, da64134c-6992-4903-9407-7df321e464db:c2480]
2019-07-09 09:59:19,911 INFO  client.GrpcClientProtocolClient (GrpcClientProtocolClient.java:onNext(255)) - client-CECA27ED65B5->8cac6937-780c-4459-964a-dea4dcd51fd7: receive RaftClientReply:client-CECA27ED65B5->8cac6937-780c-4459-964a-dea4dcd51fd7@group-D84C501198B9, cid=1734, SUCCESS, logIndex=2484, commits[8cac6937-780c-4459-964a-dea4dcd51fd7:c2484, 9ed8676d-9460-465d-9905-fd43a52295f6:c2480, da64134c-6992-4903-9407-7df321e464db:c2480]
2019-07-09 09:59:19,913 INFO  client.GrpcClientProtocolClient (GrpcClientProtocolClient.java:onNext(255)) - client-CECA27ED65B5->8cac6937-780c-4459-964a-dea4dcd51fd7: receive RaftClientReply:client-CECA27ED65B5->8cac6937-780c-4459-964a-dea4dcd51fd7@group-D84C501198B9, cid=1735, SUCCESS, logIndex=0, commits[8cac6937-780c-4459-964a-dea4dcd51fd7:c2485, 9ed8676d-9460-465d-9905-fd43a52295f6:c2484, da64134c-6992-4903-9407-7df321e464db:c2484]
2019-07-09 09:59:19,932 INFO  client.GrpcClientProtocolClient (GrpcClientProtocolClient.java:onNext(255)) - client-CECA27ED65B5->8cac6937-780c-4459-964a-dea4dcd51fd7: receive RaftClientReply:client-CECA27ED65B5->8cac6937-780c-4459-964a-dea4dcd51fd7@group-D84C501198B9, cid=1736, SUCCESS, logIndex=2487, commits[8cac6937-780c-4459-964a-dea4dcd51fd7:c2488, 9ed8676d-9460-465d-9905-fd43a52295f6:c2484, da64134c-6992-4903-9407-7df321e464db:c2486]
2019-07-09 09:59:19,932 INFO  client.GrpcClientProtocolClient (GrpcClientProtocolClient.java:onNext(255)) - client-CECA27ED65B5->8cac6937-780c-4459-964a-dea4dcd51fd7: receive RaftClientReply:client-CECA27ED65B5->8cac6937-780c-4459-964a-dea4dcd51fd7@group-D84C501198B9, cid=1737, SUCCESS, logIndex=2488, commits[8cac6937-780c-4459-964a-dea4dcd51fd7:c2488, 9ed8676d-9460-465d-9905-fd43a52295f6:c2486, da64134c-6992-4903-9407-7df321e464db:c2486]
2019-07-09 09:59:19,956 INFO  client.GrpcClientProtocolClient (GrpcClientProtocolClient.java:onNext(255)) - client-CECA27ED65B5->8cac6937-780c-4459-964a-dea4dcd51fd7: receive RaftClientReply:client-CECA27ED65B5->8cac6937-780c-4459-964a-dea4dcd51fd7@group-D84C501198B9, cid=1738, SUCCESS, logIndex=2489, commits[8cac6937-780c-4459-964a-dea4dcd51fd7:c2490, 9ed8676d-9460-465d-9905-fd43a52295f6:c2486, da64134c-6992-4903-9407-7df321e464db:c2488]
2019-07-09 09:59:19,956 INFO  client.GrpcClientProtocolClient (GrpcClientProtocolClient.java:onNext(255)) - client-CECA27ED65B5->8cac6937-780c-4459-964a-dea4dcd51fd7: receive RaftClientReply:client-CECA27ED65B5->8cac6937-780c-4459-964a-dea4dcd51fd7@group-D84C501198B9, cid=1739, SUCCESS, logIndex=2490, commits[8cac6937-780c-4459-964a-dea4dcd51fd7:c2492, 9ed8676d-9460-465d-9905-fd43a52295f6:c2486, da64134c-6992-4903-9407-7df321e464db:c2488]
2019-07-09 09:59:19,957 INFO  client.GrpcClientProtocolClient (GrpcClientProtocolClient.java:onNext(255)) - client-CECA27ED65B5->8cac6937-780c-4459-964a-dea4dcd51fd7: receive RaftClientReply:client-CECA27ED65B5->8cac6937-780c-4459-964a-dea4dcd51fd7@group-D84C501198B9, cid=1740, SUCCESS, logIndex=0, commits[8cac6937-780c-4459-964a-dea4dcd51fd7:c2493, 9ed8676d-9460-465d-9905-fd43a52295f6:c2488, da64134c-6992-4903-9407-7df321e464db:c2489]
2019-07-09 09:59:19,978 INFO  client.GrpcClientProtocolClient (GrpcClientProtocolClient.java:onNext(255)) - client-CECA27ED65B5->8cac6937-780c-4459-964a-dea4dcd51fd7: receive RaftClientReply:client-CECA27ED65B5->8cac6937-780c-4459-964a-dea4dcd51fd7@group-D84C501198B9, cid=1741, SUCCESS, logIndex=2495, commits[8cac6937-780c-4459-964a-dea4dcd51fd7:c2496, 9ed8676d-9460-465d-9905-fd43a52295f6:c2494, da64134c-6992-4903-9407-7df321e464db:c2494]
2019-07-09 09:59:19,978 INFO  client.GrpcClientProtocolClient (GrpcClientProtocolClient.java:onNext(255)) - client-CECA27ED65B5->8cac6937-780c-4459-964a-dea4dcd51fd7: receive RaftClientReply:client-CECA27ED65B5->8cac6937-780c-4459-964a-dea4dcd51fd7@group-D84C501198B9, cid=1742, SUCCESS, logIndex=2496, commits[8cac6937-780c-4459-964a-dea4dcd51fd7:c2496, 9ed8676d-9460-465d-9905-fd43a52295f6:c2494, da64134c-6992-4903-9407-7df321e464db:c2494]
2019-07-09 09:59:19,993 INFO  client.GrpcClientProtocolClient (GrpcClientProtocolClient.java:onNext(255)) - client-CECA27ED65B5->8cac6937-780c-4459-964a-dea4dcd51fd7: receive RaftClientReply:client-CECA27ED65B5->8cac6937-780c-4459-964a-dea4dcd51fd7@group-D84C501198B9, cid=1743, SUCCESS, logIndex=2499, commits[8cac6937-780c-4459-964a-dea4dcd51fd7:c2499, 9ed8676d-9460-465d-9905-fd43a52295f6:c2496, da64134c-6992-4903-9407-7df321e464db:c2496]
2019-07-09 09:59:19,994 INFO  client.GrpcClientProtocolClient (GrpcClientProtocolClient.java:onNext(255)) - client-CECA27ED65B5->8cac6937-780c-4459-964a-dea4dcd51fd7: receive RaftClientReply:client-CECA27ED65B5->8cac6937-780c-4459-964a-dea4dcd51fd7@group-D84C501198B9, cid=1744, SUCCESS, logIndex=2500, commits[8cac6937-780c-4459-964a-dea4dcd51fd7:c2500, 9ed8676d-9460-465d-9905-fd43a52295f6:c2496, da64134c-6992-4903-9407-7df321e464db:c2496]
2019-07-09 09:59:20,018 INFO  client.GrpcClientProtocolClient (GrpcClientProtocolClient.java:onNext(255)) - client-CECA27ED65B5->8cac6937-780c-4459-964a-dea4dcd51fd7: receive RaftClientReply:client-CECA27ED65B5->8cac6937-780c-4459-964a-dea4dcd51fd7@group-D84C501198B9, cid=1745, SUCCESS, logIndex=0, commits[8cac6937-780c-4459-964a-dea4dcd51fd7:c2502, 9ed8676d-9460-465d-9905-fd43a52295f6:c2500, da64134c-6992-4903-9407-7df321e464db:c2500]
2019-07-09 09:59:20,048 INFO  client.GrpcClientProtocolClient (GrpcClientProtocolClient.java:onNext(255)) - client-CECA27ED65B5->8cac6937-780c-4459-964a-dea4dcd51fd7: receive RaftClientReply:client-CECA27ED65B5->8cac6937-780c-4459-964a-dea4dcd51fd7@group-D84C501198B9, cid=1746, SUCCESS, logIndex=2503, commits[8cac6937-780c-4459-964a-dea4dcd51fd7:c2504, 9ed8676d-9460-465d-9905-fd43a52295f6:c2502, da64134c-6992-4903-9407-7df321e464db:c2502]
2019-07-09 09:59:20,048 INFO  client.GrpcClientProtocolClient (GrpcClientProtocolClient.java:onNext(255)) - client-CECA27ED65B5->8cac6937-780c-4459-964a-dea4dcd51fd7: receive RaftClientReply:client-CECA27ED65B5->8cac6937-780c-4459-964a-dea4dcd51fd7@group-D84C501198B9, cid=1747, SUCCESS, logIndex=2504, commits[8cac6937-780c-4459-964a-dea4dcd51fd7:c2506, 9ed8676d-9460-465d-9905-fd43a52295f6:c2502, da64134c-6992-4903-9407-7df321e464db:c2502]
2019-07-09 09:59:20,048 INFO  client.GrpcClientProtocolClient (GrpcClientProtocolClient.java:onNext(255)) - client-CECA27ED65B5->8cac6937-780c-4459-964a-dea4dcd51fd7: receive RaftClientReply:client-CECA27ED65B5->8cac6937-780c-4459-964a-dea4dcd51fd7@group-D84C501198B9, cid=1748, SUCCESS, logIndex=2505, commits[8cac6937-780c-4459-964a-dea4dcd51fd7:c2506, 9ed8676d-9460-465d-9905-fd43a52295f6:c2502, da64134c-6992-4903-9407-7df321e464db:c2502]
2019-07-09 09:59:20,049 INFO  client.GrpcClientProtocolClient (GrpcClientProtocolClient.java:onNext(255)) - client-CECA27ED65B5->8cac6937-780c-4459-964a-dea4dcd51fd7: receive RaftClientReply:client-CECA27ED65B5->8cac6937-780c-4459-964a-dea4dcd51fd7@group-D84C501198B9, cid=1749, SUCCESS, logIndex=2506, commits[8cac6937-780c-4459-964a-dea4dcd51fd7:c2506, 9ed8676d-9460-465d-9905-fd43a52295f6:c2502, da64134c-6992-4903-9407-7df321e464db:c2502]
2019-07-09 09:59:20,061 INFO  client.GrpcClientProtocolClient (GrpcClientProtocolClient.java:onNext(255)) - client-CECA27ED65B5->8cac6937-780c-4459-964a-dea4dcd51fd7: receive RaftClientReply:client-CECA27ED65B5->8cac6937-780c-4459-964a-dea4dcd51fd7@group-D84C501198B9, cid=1750, SUCCESS, logIndex=0, commits[8cac6937-780c-4459-964a-dea4dcd51fd7:c2508, 9ed8676d-9460-465d-9905-fd43a52295f6:c2504, da64134c-6992-4903-9407-7df321e464db:c2504]
2019-07-09 09:59:20,082 INFO  client.GrpcClientProtocolClient (GrpcClientProtocolClient.java:onNext(255)) - client-CECA27ED65B5->8cac6937-780c-4459-964a-dea4dcd51fd7: receive RaftClientReply:client-CECA27ED65B5->8cac6937-780c-4459-964a-dea4dcd51fd7@group-D84C501198B9, cid=1751, SUCCESS, logIndex=2511, commits[8cac6937-780c-4459-964a-dea4dcd51fd7:c2512, 9ed8676d-9460-465d-9905-fd43a52295f6:c2510, da64134c-6992-4903-9407-7df321e464db:c2510]
2019-07-09 09:59:20,082 INFO  client.GrpcClientProtocolClient (GrpcClientProtocolClient.java:onNext(255)) - client-CECA27ED65B5->8cac6937-780c-4459-964a-dea4dcd51fd7: receive RaftClientReply:client-CECA27ED65B5->8cac6937-780c-4459-964a-dea4dcd51fd7@group-D84C501198B9, cid=1752, SUCCESS, logIndex=2512, commits[8cac6937-780c-4459-964a-dea4dcd51fd7:c2512, 9ed8676d-9460-465d-9905-fd43a52295f6:c2510, da64134c-6992-4903-9407-7df321e464db:c2510]
2019-07-09 09:59:20,202 INFO  client.GrpcClientProtocolClient (GrpcClientProtocolClient.java:onNext(255)) - client-CECA27ED65B5->8cac6937-780c-4459-964a-dea4dcd51fd7: receive RaftClientReply:client-CECA27ED65B5->8cac6937-780c-4459-964a-dea4dcd51fd7@group-D84C501198B9, cid=1753, SUCCESS, logIndex=2515, commits[8cac6937-780c-4459-964a-dea4dcd51fd7:c2516, 9ed8676d-9460-465d-9905-fd43a52295f6:c2513, da64134c-6992-4903-9407-7df321e464db:c2512]
2019-07-09 09:59:20,202 INFO  client.GrpcClientProtocolClient (GrpcClientProtocolClient.java:onNext(255)) - client-CECA27ED65B5->8cac6937-780c-4459-964a-dea4dcd51fd7: receive RaftClientReply:client-CECA27ED65B5->8cac6937-780c-4459-964a-dea4dcd51fd7@group-D84C501198B9, cid=1754, SUCCESS, logIndex=2516, commits[8cac6937-780c-4459-964a-dea4dcd51fd7:c2516, 9ed8676d-9460-465d-9905-fd43a52295f6:c2513, da64134c-6992-4903-9407-7df321e464db:c2513]
2019-07-09 09:59:20,203 INFO  client.GrpcClientProtocolClient (GrpcClientProtocolClient.java:onNext(255)) - client-CECA27ED65B5->8cac6937-780c-4459-964a-dea4dcd51fd7: receive RaftClientReply:client-CECA27ED65B5->8cac6937-780c-4459-964a-dea4dcd51fd7@group-D84C501198B9, cid=1755, SUCCESS, logIndex=0, commits[8cac6937-780c-4459-964a-dea4dcd51fd7:c2517, 9ed8676d-9460-465d-9905-fd43a52295f6:c2516, da64134c-6992-4903-9407-7df321e464db:c2516]
2019-07-09 09:59:20,230 INFO  client.GrpcClientProtocolClient (GrpcClientProtocolClient.java:onNext(255)) - client-CECA27ED65B5->8cac6937-780c-4459-964a-dea4dcd51fd7: receive RaftClientReply:client-CECA27ED65B5->8cac6937-780c-4459-964a-dea4dcd51fd7@group-D84C501198B9, cid=1756, SUCCESS, logIndex=2519, commits[8cac6937-780c-4459-964a-dea4dcd51fd7:c2520, 9ed8676d-9460-465d-9905-fd43a52295f6:c2518, da64134c-6992-4903-9407-7df321e464db:c2518]
2019-07-09 09:59:20,230 INFO  client.GrpcClientProtocolClient (GrpcClientProtocolClient.java:onNext(255)) - client-CECA27ED65B5->8cac6937-780c-4459-964a-dea4dcd51fd7: receive RaftClientReply:client-CECA27ED65B5->8cac6937-780c-4459-964a-dea4dcd51fd7@group-D84C501198B9, cid=1757, SUCCESS, logIndex=2520, commits[8cac6937-780c-4459-964a-dea4dcd51fd7:c2522, 9ed8676d-9460-465d-9905-fd43a52295f6:c2518, da64134c-6992-4903-9407-7df321e464db:c2518]
2019-07-09 09:59:20,231 INFO  client.GrpcClientProtocolClient (GrpcClientProtocolClient.java:onNext(255)) - client-CECA27ED65B5->8cac6937-780c-4459-964a-dea4dcd51fd7: receive RaftClientReply:client-CECA27ED65B5->8cac6937-780c-4459-964a-dea4dcd51fd7@group-D84C501198B9, cid=1758, SUCCESS, logIndex=2521, commits[8cac6937-780c-4459-964a-dea4dcd51fd7:c2522, 9ed8676d-9460-465d-9905-fd43a52295f6:c2518, da64134c-6992-4903-9407-7df321e464db:c2518]
2019-07-09 09:59:20,231 INFO  client.GrpcClientProtocolClient (GrpcClientProtocolClient.java:onNext(255)) - client-CECA27ED65B5->8cac6937-780c-4459-964a-dea4dcd51fd7: receive RaftClientReply:client-CECA27ED65B5->8cac6937-780c-4459-964a-dea4dcd51fd7@group-D84C501198B9, cid=1759, SUCCESS, logIndex=2522, commits[8cac6937-780c-4459-964a-dea4dcd51fd7:c2522, 9ed8676d-9460-465d-9905-fd43a52295f6:c2518, da64134c-6992-4903-9407-7df321e464db:c2518]
2019-07-09 09:59:20,242 INFO  client.GrpcClientProtocolClient (GrpcClientProtocolClient.java:onNext(255)) - client-CECA27ED65B5->8cac6937-780c-4459-964a-dea4dcd51fd7: receive RaftClientReply:client-CECA27ED65B5->8cac6937-780c-4459-964a-dea4dcd51fd7@group-D84C501198B9, cid=1760, SUCCESS, logIndex=0, commits[8cac6937-780c-4459-964a-dea4dcd51fd7:c2524, 9ed8676d-9460-465d-9905-fd43a52295f6:c2520, da64134c-6992-4903-9407-7df321e464db:c2520]
 0.00% |█                                                                                                    |  0/1 Time: 0:00:122019-07-09 09:59:20,264 INFO  client.GrpcClientProtocolClient (GrpcClientProtocolClient.java:onNext(255)) - client-CECA27ED65B5->8cac6937-780c-4459-964a-dea4dcd51fd7: receive RaftClientReply:client-CECA27ED65B5->8cac6937-780c-4459-964a-dea4dcd51fd7@group-D84C501198B9, cid=1761, SUCCESS, logIndex=2527, commits[8cac6937-780c-4459-964a-dea4dcd51fd7:c2528, 9ed8676d-9460-465d-9905-fd43a52295f6:c2526, da64134c-6992-4903-9407-7df321e464db:c2526]
2019-07-09 09:59:20,264 INFO  client.GrpcClientProtocolClient (GrpcClientProtocolClient.java:onNext(255)) - client-CECA27ED65B5->8cac6937-780c-4459-964a-dea4dcd51fd7: receive RaftClientReply:client-CECA27ED65B5->8cac6937-780c-4459-964a-dea4dcd51fd7@group-D84C501198B9, cid=1762, SUCCESS, logIndex=2528, commits[8cac6937-780c-4459-964a-dea4dcd51fd7:c2528, 9ed8676d-9460-465d-9905-fd43a52295f6:c2526, da64134c-6992-4903-9407-7df321e464db:c2526]
2019-07-09 09:59:20,288 INFO  client.GrpcClientProtocolClient (GrpcClientProtocolClient.java:onNext(255)) - client-CECA27ED65B5->8cac6937-780c-4459-964a-dea4dcd51fd7: receive RaftClientReply:client-CECA27ED65B5->8cac6937-780c-4459-964a-dea4dcd51fd7@group-D84C501198B9, cid=1763, SUCCESS, logIndex=2531, commits[8cac6937-780c-4459-964a-dea4dcd51fd7:c2532, 9ed8676d-9460-465d-9905-fd43a52295f6:c2528, da64134c-6992-4903-9407-7df321e464db:c2528]
2019-07-09 09:59:20,289 INFO  client.GrpcClientProtocolClient (GrpcClientProtocolClient.java:onNext(255)) - client-CECA27ED65B5->8cac6937-780c-4459-964a-dea4dcd51fd7: receive RaftClientReply:client-CECA27ED65B5->8cac6937-780c-4459-964a-dea4dcd51fd7@group-D84C501198B9, cid=1764, SUCCESS, logIndex=2532, commits[8cac6937-780c-4459-964a-dea4dcd51fd7:c2532, 9ed8676d-9460-465d-9905-fd43a52295f6:c2528, da64134c-6992-4903-9407-7df321e464db:c2528]
2019-07-09 09:59:20,291 INFO  client.GrpcClientProtocolClient (GrpcClientProtocolClient.java:onNext(255)) - client-CECA27ED65B5->8cac6937-780c-4459-964a-dea4dcd51fd7: receive RaftClientReply:client-CECA27ED65B5->8cac6937-780c-4459-964a-dea4dcd51fd7@group-D84C501198B9, cid=1765, SUCCESS, logIndex=0, commits[8cac6937-780c-4459-964a-dea4dcd51fd7:c2534, 9ed8676d-9460-465d-9905-fd43a52295f6:c2532, da64134c-6992-4903-9407-7df321e464db:c2532]
2019-07-09 09:59:20,337 INFO  client.GrpcClientProtocolClient (GrpcClientProtocolClient.java:onNext(255)) - client-CECA27ED65B5->8cac6937-780c-4459-964a-dea4dcd51fd7: receive RaftClientReply:client-CECA27ED65B5->8cac6937-780c-4459-964a-dea4dcd51fd7@group-D84C501198B9, cid=1766, SUCCESS, logIndex=2535, commits[8cac6937-780c-4459-964a-dea4dcd51fd7:c2535, 9ed8676d-9460-465d-9905-fd43a52295f6:c2534, da64134c-6992-4903-9407-7df321e464db:c2534]
2019-07-09 09:59:20,338 INFO  client.GrpcClientProtocolClient (GrpcClientProtocolClient.java:onNext(255)) - client-CECA27ED65B5->8cac6937-780c-4459-964a-dea4dcd51fd7: receive RaftClientReply:client-CECA27ED65B5->8cac6937-780c-4459-964a-dea4dcd51fd7@group-D84C501198B9, cid=1767, SUCCESS, logIndex=2536, commits[8cac6937-780c-4459-964a-dea4dcd51fd7:c2538, 9ed8676d-9460-465d-9905-fd43a52295f6:c2534, da64134c-6992-4903-9407-7df321e464db:c2534]
2019-07-09 09:59:20,338 INFO  client.GrpcClientProtocolClient (GrpcClientProtocolClient.java:onNext(255)) - client-CECA27ED65B5->8cac6937-780c-4459-964a-dea4dcd51fd7: receive RaftClientReply:client-CECA27ED65B5->8cac6937-780c-4459-964a-dea4dcd51fd7@group-D84C501198B9, cid=1768, SUCCESS, logIndex=2537, commits[8cac6937-780c-4459-964a-dea4dcd51fd7:c2538, 9ed8676d-9460-465d-9905-fd43a52295f6:c2534, da64134c-6992-4903-9407-7df321e464db:c2534]
2019-07-09 09:59:20,338 INFO  client.GrpcClientProtocolClient (GrpcClientProtocolClient.java:onNext(255)) - client-CECA27ED65B5->8cac6937-780c-4459-964a-dea4dcd51fd7: receive RaftClientReply:client-CECA27ED65B5->8cac6937-780c-4459-964a-dea4dcd51fd7@group-D84C501198B9, cid=1769, SUCCESS, logIndex=2538, commits[8cac6937-780c-4459-964a-dea4dcd51fd7:c2538, 9ed8676d-9460-465d-9905-fd43a52295f6:c2534, da64134c-6992-4903-9407-7df321e464db:c2534]
2019-07-09 09:59:20,350 INFO  client.GrpcClientProtocolClient (GrpcClientProtocolClient.java:onNext(255)) - client-CECA27ED65B5->8cac6937-780c-4459-964a-dea4dcd51fd7: receive RaftClientReply:client-CECA27ED65B5->8cac6937-780c-4459-964a-dea4dcd51fd7@group-D84C501198B9, cid=1770, SUCCESS, logIndex=0, commits[8cac6937-780c-4459-964a-dea4dcd51fd7:c2540, 9ed8676d-9460-465d-9905-fd43a52295f6:c2538, da64134c-6992-4903-9407-7df321e464db:c2538]
2019-07-09 09:59:20,373 INFO  client.GrpcClientProtocolClient (GrpcClientProtocolClient.java:onNext(255)) - client-CECA27ED65B5->8cac6937-780c-4459-964a-dea4dcd51fd7: receive RaftClientReply:client-CECA27ED65B5->8cac6937-780c-4459-964a-dea4dcd51fd7@group-D84C501198B9, cid=1771, SUCCESS, logIndex=2542, commits[8cac6937-780c-4459-964a-dea4dcd51fd7:c2543, 9ed8676d-9460-465d-9905-fd43a52295f6:c2541, da64134c-6992-4903-9407-7df321e464db:c2541]
2019-07-09 09:59:20,374 INFO  client.GrpcClientProtocolClient (GrpcClientProtocolClient.java:onNext(255)) - client-CECA27ED65B5->8cac6937-780c-4459-964a-dea4dcd51fd7: receive RaftClientReply:client-CECA27ED65B5->8cac6937-780c-4459-964a-dea4dcd51fd7@group-D84C501198B9, cid=1772, SUCCESS, logIndex=2543, commits[8cac6937-780c-4459-964a-dea4dcd51fd7:c2543, 9ed8676d-9460-465d-9905-fd43a52295f6:c2541, da64134c-6992-4903-9407-7df321e464db:c2541]
2019-07-09 09:59:20,400 INFO  client.GrpcClientProtocolClient (GrpcClientProtocolClient.java:onNext(255)) - client-CECA27ED65B5->8cac6937-780c-4459-964a-dea4dcd51fd7: receive RaftClientReply:client-CECA27ED65B5->8cac6937-780c-4459-964a-dea4dcd51fd7@group-D84C501198B9, cid=1773, SUCCESS, logIndex=2546, commits[8cac6937-780c-4459-964a-dea4dcd51fd7:c2547, 9ed8676d-9460-465d-9905-fd43a52295f6:c2543, da64134c-6992-4903-9407-7df321e464db:c2543]
2019-07-09 09:59:20,400 INFO  client.GrpcClientProtocolClient (GrpcClientProtocolClient.java:onNext(255)) - client-CECA27ED65B5->8cac6937-780c-4459-964a-dea4dcd51fd7: receive RaftClientReply:client-CECA27ED65B5->8cac6937-780c-4459-964a-dea4dcd51fd7@group-D84C501198B9, cid=1774, SUCCESS, logIndex=2547, commits[8cac6937-780c-4459-964a-dea4dcd51fd7:c2547, 9ed8676d-9460-465d-9905-fd43a52295f6:c2543, da64134c-6992-4903-9407-7df321e464db:c2543]
2019-07-09 09:59:20,402 INFO  client.GrpcClientProtocolClient (GrpcClientProtocolClient.java:onNext(255)) - client-CECA27ED65B5->8cac6937-780c-4459-964a-dea4dcd51fd7: receive RaftClientReply:client-CECA27ED65B5->8cac6937-780c-4459-964a-dea4dcd51fd7@group-D84C501198B9, cid=1775, SUCCESS, logIndex=0, commits[8cac6937-780c-4459-964a-dea4dcd51fd7:c2548, 9ed8676d-9460-465d-9905-fd43a52295f6:c2547, da64134c-6992-4903-9407-7df321e464db:c2547]
2019-07-09 09:59:20,439 INFO  client.GrpcClientProtocolClient (GrpcClientProtocolClient.java:onNext(255)) - client-CECA27ED65B5->8cac6937-780c-4459-964a-dea4dcd51fd7: receive RaftClientReply:client-CECA27ED65B5->8cac6937-780c-4459-964a-dea4dcd51fd7@group-D84C501198B9, cid=1776, SUCCESS, logIndex=2550, commits[8cac6937-780c-4459-964a-dea4dcd51fd7:c2552, 9ed8676d-9460-465d-9905-fd43a52295f6:c2549, da64134c-6992-4903-9407-7df321e464db:c2549]
2019-07-09 09:59:20,440 INFO  client.GrpcClientProtocolClient (GrpcClientProtocolClient.java:onNext(255)) - client-CECA27ED65B5->8cac6937-780c-4459-964a-dea4dcd51fd7: receive RaftClientReply:client-CECA27ED65B5->8cac6937-780c-4459-964a-dea4dcd51fd7@group-D84C501198B9, cid=1777, SUCCESS, logIndex=2551, commits[8cac6937-780c-4459-964a-dea4dcd51fd7:c2553, 9ed8676d-9460-465d-9905-fd43a52295f6:c2549, da64134c-6992-4903-9407-7df321e464db:c2549]
2019-07-09 09:59:20,440 INFO  client.GrpcClientProtocolClient (GrpcClientProtocolClient.java:onNext(255)) - client-CECA27ED65B5->8cac6937-780c-4459-964a-dea4dcd51fd7: receive RaftClientReply:client-CECA27ED65B5->8cac6937-780c-4459-964a-dea4dcd51fd7@group-D84C501198B9, cid=1778, SUCCESS, logIndex=2552, commits[8cac6937-780c-4459-964a-dea4dcd51fd7:c2553, 9ed8676d-9460-465d-9905-fd43a52295f6:c2549, da64134c-6992-4903-9407-7df321e464db:c2549]
2019-07-09 09:59:20,441 INFO  client.GrpcClientProtocolClient (GrpcClientProtocolClient.java:onNext(255)) - client-CECA27ED65B5->8cac6937-780c-4459-964a-dea4dcd51fd7: receive RaftClientReply:client-CECA27ED65B5->8cac6937-780c-4459-964a-dea4dcd51fd7@group-D84C501198B9, cid=1779, SUCCESS, logIndex=2553, commits[8cac6937-780c-4459-964a-dea4dcd51fd7:c2553, 9ed8676d-9460-465d-9905-fd43a52295f6:c2549, da64134c-6992-4903-9407-7df321e464db:c2549]
2019-07-09 09:59:20,452 INFO  client.GrpcClientProtocolClient (GrpcClientProtocolClient.java:onNext(255)) - client-CECA27ED65B5->8cac6937-780c-4459-964a-dea4dcd51fd7: receive RaftClientReply:client-CECA27ED65B5->8cac6937-780c-4459-964a-dea4dcd51fd7@group-D84C501198B9, cid=1780, SUCCESS, logIndex=0, commits[8cac6937-780c-4459-964a-dea4dcd51fd7:c2555, 9ed8676d-9460-465d-9905-fd43a52295f6:c2552, da64134c-6992-4903-9407-7df321e464db:c2552]
2019-07-09 09:59:20,477 INFO  client.GrpcClientProtocolClient (GrpcClientProtocolClient.java:onNext(255)) - client-CECA27ED65B5->8cac6937-780c-4459-964a-dea4dcd51fd7: receive RaftClientReply:client-CECA27ED65B5->8cac6937-780c-4459-964a-dea4dcd51fd7@group-D84C501198B9, cid=1781, SUCCESS, logIndex=2558, commits[8cac6937-780c-4459-964a-dea4dcd51fd7:c2559, 9ed8676d-9460-465d-9905-fd43a52295f6:c2557, da64134c-6992-4903-9407-7df321e464db:c2557]
2019-07-09 09:59:20,477 INFO  client.GrpcClientProtocolClient (GrpcClientProtocolClient.java:onNext(255)) - client-CECA27ED65B5->8cac6937-780c-4459-964a-dea4dcd51fd7: receive RaftClientReply:client-CECA27ED65B5->8cac6937-780c-4459-964a-dea4dcd51fd7@group-D84C501198B9, cid=1782, SUCCESS, logIndex=2559, commits[8cac6937-780c-4459-964a-dea4dcd51fd7:c2559, 9ed8676d-9460-465d-9905-fd43a52295f6:c2557, da64134c-6992-4903-9407-7df321e464db:c2557]
2019-07-09 09:59:20,490 INFO  client.GrpcClientProtocolClient (GrpcClientProtocolClient.java:onNext(255)) - client-CECA27ED65B5->8cac6937-780c-4459-964a-dea4dcd51fd7: receive RaftClientReply:client-CECA27ED65B5->8cac6937-780c-4459-964a-dea4dcd51fd7@group-D84C501198B9, cid=1783, SUCCESS, logIndex=2562, commits[8cac6937-780c-4459-964a-dea4dcd51fd7:c2563, 9ed8676d-9460-465d-9905-fd43a52295f6:c2558, da64134c-6992-4903-9407-7df321e464db:c2559]
2019-07-09 09:59:20,490 INFO  client.GrpcClientProtocolClient (GrpcClientProtocolClient.java:onNext(255)) - client-CECA27ED65B5->8cac6937-780c-4459-964a-dea4dcd51fd7: receive RaftClientReply:client-CECA27ED65B5->8cac6937-780c-4459-964a-dea4dcd51fd7@group-D84C501198B9, cid=1784, SUCCESS, logIndex=2563, commits[8cac6937-780c-4459-964a-dea4dcd51fd7:c2563, 9ed8676d-9460-465d-9905-fd43a52295f6:c2559, da64134c-6992-4903-9407-7df321e464db:c2559]
2019-07-09 09:59:20,492 INFO  client.GrpcClientProtocolClient (GrpcClientProtocolClient.java:onNext(255)) - client-CECA27ED65B5->8cac6937-780c-4459-964a-dea4dcd51fd7: receive RaftClientReply:client-CECA27ED65B5->8cac6937-780c-4459-964a-dea4dcd51fd7@group-D84C501198B9, cid=1785, SUCCESS, logIndex=0, commits[8cac6937-780c-4459-964a-dea4dcd51fd7:c2565, 9ed8676d-9460-465d-9905-fd43a52295f6:c2563, da64134c-6992-4903-9407-7df321e464db:c2563]
2019-07-09 09:59:20,523 INFO  client.GrpcClientProtocolClient (GrpcClientProtocolClient.java:onNext(255)) - client-CECA27ED65B5->8cac6937-780c-4459-964a-dea4dcd51fd7: receive RaftClientReply:client-CECA27ED65B5->8cac6937-780c-4459-964a-dea4dcd51fd7@group-D84C501198B9, cid=1786, SUCCESS, logIndex=2566, commits[8cac6937-780c-4459-964a-dea4dcd51fd7:c2567, 9ed8676d-9460-465d-9905-fd43a52295f6:c2565, da64134c-6992-4903-9407-7df321e464db:c2565]
2019-07-09 09:59:20,523 INFO  client.GrpcClientProtocolClient (GrpcClientProtocolClient.java:onNext(255)) - client-CECA27ED65B5->8cac6937-780c-4459-964a-dea4dcd51fd7: receive RaftClientReply:client-CECA27ED65B5->8cac6937-780c-4459-964a-dea4dcd51fd7@group-D84C501198B9, cid=1787, SUCCESS, logIndex=2567, commits[8cac6937-780c-4459-964a-dea4dcd51fd7:c2567, 9ed8676d-9460-465d-9905-fd43a52295f6:c2565, da64134c-6992-4903-9407-7df321e464db:c2565]
2019-07-09 09:59:20,524 INFO  client.GrpcClientProtocolClient (GrpcClientProtocolClient.java:onNext(255)) - client-CECA27ED65B5->8cac6937-780c-4459-964a-dea4dcd51fd7: receive RaftClientReply:client-CECA27ED65B5->8cac6937-780c-4459-964a-dea4dcd51fd7@group-D84C501198B9, cid=1788, SUCCESS, logIndex=2568, commits[8cac6937-780c-4459-964a-dea4dcd51fd7:c2569, 9ed8676d-9460-465d-9905-fd43a52295f6:c2565, da64134c-6992-4903-9407-7df321e464db:c2565]
2019-07-09 09:59:20,524 INFO  client.GrpcClientProtocolClient (GrpcClientProtocolClient.java:onNext(255)) - client-CECA27ED65B5->8cac6937-780c-4459-964a-dea4dcd51fd7: receive RaftClientReply:client-CECA27ED65B5->8cac6937-780c-4459-964a-dea4dcd51fd7@group-D84C501198B9, cid=1789, SUCCESS, logIndex=2569, commits[8cac6937-780c-4459-964a-dea4dcd51fd7:c2569, 9ed8676d-9460-465d-9905-fd43a52295f6:c2565, da64134c-6992-4903-9407-7df321e464db:c2565]
2019-07-09 09:59:20,525 INFO  client.GrpcClientProtocolClient (GrpcClientProtocolClient.java:onNext(255)) - client-CECA27ED65B5->8cac6937-780c-4459-964a-dea4dcd51fd7: receive RaftClientReply:client-CECA27ED65B5->8cac6937-780c-4459-964a-dea4dcd51fd7@group-D84C501198B9, cid=1790, SUCCESS, logIndex=0, commits[8cac6937-780c-4459-964a-dea4dcd51fd7:c2571, 9ed8676d-9460-465d-9905-fd43a52295f6:c2567, da64134c-6992-4903-9407-7df321e464db:c2567]
2019-07-09 09:59:20,545 INFO  client.GrpcClientProtocolClient (GrpcClientProtocolClient.java:onNext(255)) - client-CECA27ED65B5->8cac6937-780c-4459-964a-dea4dcd51fd7: receive RaftClientReply:client-CECA27ED65B5->8cac6937-780c-4459-964a-dea4dcd51fd7@group-D84C501198B9, cid=1791, SUCCESS, logIndex=2574, commits[8cac6937-780c-4459-964a-dea4dcd51fd7:c2575, 9ed8676d-9460-465d-9905-fd43a52295f6:c2573, da64134c-6992-4903-9407-7df321e464db:c2573]
2019-07-09 09:59:20,546 INFO  client.GrpcClientProtocolClient (GrpcClientProtocolClient.java:onNext(255)) - client-CECA27ED65B5->8cac6937-780c-4459-964a-dea4dcd51fd7: receive RaftClientReply:client-CECA27ED65B5->8cac6937-780c-4459-964a-dea4dcd51fd7@group-D84C501198B9, cid=1792, SUCCESS, logIndex=2575, commits[8cac6937-780c-4459-964a-dea4dcd51fd7:c2575, 9ed8676d-9460-465d-9905-fd43a52295f6:c2573, da64134c-6992-4903-9407-7df321e464db:c2573]
2019-07-09 09:59:20,558 INFO  client.GrpcClientProtocolClient (GrpcClientProtocolClient.java:onNext(255)) - client-CECA27ED65B5->8cac6937-780c-4459-964a-dea4dcd51fd7: receive RaftClientReply:client-CECA27ED65B5->8cac6937-780c-4459-964a-dea4dcd51fd7@group-D84C501198B9, cid=1793, SUCCESS, logIndex=2578, commits[8cac6937-780c-4459-964a-dea4dcd51fd7:c2578, 9ed8676d-9460-465d-9905-fd43a52295f6:c2575, da64134c-6992-4903-9407-7df321e464db:c2575]
2019-07-09 09:59:20,559 INFO  client.GrpcClientProtocolClient (GrpcClientProtocolClient.java:onNext(255)) - client-CECA27ED65B5->8cac6937-780c-4459-964a-dea4dcd51fd7: receive RaftClientReply:client-CECA27ED65B5->8cac6937-780c-4459-964a-dea4dcd51fd7@group-D84C501198B9, cid=1794, SUCCESS, logIndex=2579, commits[8cac6937-780c-4459-964a-dea4dcd51fd7:c2579, 9ed8676d-9460-465d-9905-fd43a52295f6:c2575, da64134c-6992-4903-9407-7df321e464db:c2575]
2019-07-09 09:59:20,573 INFO  client.GrpcClientProtocolClient (GrpcClientProtocolClient.java:onNext(255)) - client-CECA27ED65B5->8cac6937-780c-4459-964a-dea4dcd51fd7: receive RaftClientReply:client-CECA27ED65B5->8cac6937-780c-4459-964a-dea4dcd51fd7@group-D84C501198B9, cid=1795, SUCCESS, logIndex=0, commits[8cac6937-780c-4459-964a-dea4dcd51fd7:c2581, 9ed8676d-9460-465d-9905-fd43a52295f6:c2579, da64134c-6992-4903-9407-7df321e464db:c2579]
2019-07-09 09:59:20,603 INFO  client.GrpcClientProtocolClient (GrpcClientProtocolClient.java:onNext(255)) - client-CECA27ED65B5->8cac6937-780c-4459-964a-dea4dcd51fd7: receive RaftClientReply:client-CECA27ED65B5->8cac6937-780c-4459-964a-dea4dcd51fd7@group-D84C501198B9, cid=1796, SUCCESS, logIndex=2582, commits[8cac6937-780c-4459-964a-dea4dcd51fd7:c2583, 9ed8676d-9460-465d-9905-fd43a52295f6:c2581, da64134c-6992-4903-9407-7df321e464db:c2581]
2019-07-09 09:59:20,604 INFO  client.GrpcClientProtocolClient (GrpcClientProtocolClient.java:onNext(255)) - client-CECA27ED65B5->8cac6937-780c-4459-964a-dea4dcd51fd7: receive RaftClientReply:client-CECA27ED65B5->8cac6937-780c-4459-964a-dea4dcd51fd7@group-D84C501198B9, cid=1797, SUCCESS, logIndex=2583, commits[8cac6937-780c-4459-964a-dea4dcd51fd7:c2583, 9ed8676d-9460-465d-9905-fd43a52295f6:c2581, da64134c-6992-4903-9407-7df321e464db:c2581]
2019-07-09 09:59:20,614 INFO  client.GrpcClientProtocolClient (GrpcClientProtocolClient.java:onNext(255)) - client-CECA27ED65B5->8cac6937-780c-4459-964a-dea4dcd51fd7: receive RaftClientReply:client-CECA27ED65B5->8cac6937-780c-4459-964a-dea4dcd51fd7@group-D84C501198B9, cid=1798, SUCCESS, logIndex=2584, commits[8cac6937-780c-4459-964a-dea4dcd51fd7:c2585, 9ed8676d-9460-465d-9905-fd43a52295f6:c2581, da64134c-6992-4903-9407-7df321e464db:c2581]
2019-07-09 09:59:20,615 INFO  client.GrpcClientProtocolClient (GrpcClientProtocolClient.java:onNext(255)) - client-CECA27ED65B5->8cac6937-780c-4459-964a-dea4dcd51fd7: receive RaftClientReply:client-CECA27ED65B5->8cac6937-780c-4459-964a-dea4dcd51fd7@group-D84C501198B9, cid=1799, SUCCESS, logIndex=2585, commits[8cac6937-780c-4459-964a-dea4dcd51fd7:c2585, 9ed8676d-9460-465d-9905-fd43a52295f6:c2581, da64134c-6992-4903-9407-7df321e464db:c2581]
2019-07-09 09:59:20,616 INFO  client.GrpcClientProtocolClient (GrpcClientProtocolClient.java:onNext(255)) - client-CECA27ED65B5->8cac6937-780c-4459-964a-dea4dcd51fd7: receive RaftClientReply:client-CECA27ED65B5->8cac6937-780c-4459-964a-dea4dcd51fd7@group-D84C501198B9, cid=1800, SUCCESS, logIndex=0, commits[8cac6937-780c-4459-964a-dea4dcd51fd7:c2587, 9ed8676d-9460-465d-9905-fd43a52295f6:c2583, da64134c-6992-4903-9407-7df321e464db:c2583]
2019-07-09 09:59:20,636 INFO  client.GrpcClientProtocolClient (GrpcClientProtocolClient.java:onNext(255)) - client-CECA27ED65B5->8cac6937-780c-4459-964a-dea4dcd51fd7: receive RaftClientReply:client-CECA27ED65B5->8cac6937-780c-4459-964a-dea4dcd51fd7@group-D84C501198B9, cid=1801, SUCCESS, logIndex=2590, commits[8cac6937-780c-4459-964a-dea4dcd51fd7:c2591, 9ed8676d-9460-465d-9905-fd43a52295f6:c2589, da64134c-6992-4903-9407-7df321e464db:c2589]
2019-07-09 09:59:20,636 INFO  client.GrpcClientProtocolClient (GrpcClientProtocolClient.java:onNext(255)) - client-CECA27ED65B5->8cac6937-780c-4459-964a-dea4dcd51fd7: receive RaftClientReply:client-CECA27ED65B5->8cac6937-780c-4459-964a-dea4dcd51fd7@group-D84C501198B9, cid=1802, SUCCESS, logIndex=2591, commits[8cac6937-780c-4459-964a-dea4dcd51fd7:c2591, 9ed8676d-9460-465d-9905-fd43a52295f6:c2589, da64134c-6992-4903-9407-7df321e464db:c2589]
2019-07-09 09:59:20,649 INFO  client.GrpcClientProtocolClient (GrpcClientProtocolClient.java:onNext(255)) - client-CECA27ED65B5->8cac6937-780c-4459-964a-dea4dcd51fd7: receive RaftClientReply:client-CECA27ED65B5->8cac6937-780c-4459-964a-dea4dcd51fd7@group-D84C501198B9, cid=1803, SUCCESS, logIndex=2594, commits[8cac6937-780c-4459-964a-dea4dcd51fd7:c2595, 9ed8676d-9460-465d-9905-fd43a52295f6:c2591, da64134c-6992-4903-9407-7df321e464db:c2591]
2019-07-09 09:59:20,649 INFO  client.GrpcClientProtocolClient (GrpcClientProtocolClient.java:onNext(255)) - client-CECA27ED65B5->8cac6937-780c-4459-964a-dea4dcd51fd7: receive RaftClientReply:client-CECA27ED65B5->8cac6937-780c-4459-964a-dea4dcd51fd7@group-D84C501198B9, cid=1804, SUCCESS, logIndex=2595, commits[8cac6937-780c-4459-964a-dea4dcd51fd7:c2595, 9ed8676d-9460-465d-9905-fd43a52295f6:c2591, da64134c-6992-4903-9407-7df321e464db:c2591]
2019-07-09 09:59:20,665 INFO  client.GrpcClientProtocolClient (GrpcClientProtocolClient.java:onNext(255)) - client-CECA27ED65B5->8cac6937-780c-4459-964a-dea4dcd51fd7: receive RaftClientReply:client-CECA27ED65B5->8cac6937-780c-4459-964a-dea4dcd51fd7@group-D84C501198B9, cid=1805, SUCCESS, logIndex=0, commits[8cac6937-780c-4459-964a-dea4dcd51fd7:c2597, 9ed8676d-9460-465d-9905-fd43a52295f6:c2595, da64134c-6992-4903-9407-7df321e464db:c2595]
2019-07-09 09:59:20,692 INFO  client.GrpcClientProtocolClient (GrpcClientProtocolClient.java:onNext(255)) - client-CECA27ED65B5->8cac6937-780c-4459-964a-dea4dcd51fd7: receive RaftClientReply:client-CECA27ED65B5->8cac6937-780c-4459-964a-dea4dcd51fd7@group-D84C501198B9, cid=1806, SUCCESS, logIndex=2598, commits[8cac6937-780c-4459-964a-dea4dcd51fd7:c2599, 9ed8676d-9460-465d-9905-fd43a52295f6:c2597, da64134c-6992-4903-9407-7df321e464db:c2597]
2019-07-09 09:59:20,693 INFO  client.GrpcClientProtocolClient (GrpcClientProtocolClient.java:onNext(255)) - client-CECA27ED65B5->8cac6937-780c-4459-964a-dea4dcd51fd7: receive RaftClientReply:client-CECA27ED65B5->8cac6937-780c-4459-964a-dea4dcd51fd7@group-D84C501198B9, cid=1807, SUCCESS, logIndex=2599, commits[8cac6937-780c-4459-964a-dea4dcd51fd7:c2599, 9ed8676d-9460-465d-9905-fd43a52295f6:c2597, da64134c-6992-4903-9407-7df321e464db:c2597]
2019-07-09 09:59:20,693 INFO  client.GrpcClientProtocolClient (GrpcClientProtocolClient.java:onNext(255)) - client-CECA27ED65B5->8cac6937-780c-4459-964a-dea4dcd51fd7: receive RaftClientReply:client-CECA27ED65B5->8cac6937-780c-4459-964a-dea4dcd51fd7@group-D84C501198B9, cid=1808, SUCCESS, logIndex=2600, commits[8cac6937-780c-4459-964a-dea4dcd51fd7:c2601, 9ed8676d-9460-465d-9905-fd43a52295f6:c2597, da64134c-6992-4903-9407-7df321e464db:c2597]
2019-07-09 09:59:20,693 INFO  client.GrpcClientProtocolClient (GrpcClientProtocolClient.java:onNext(255)) - client-CECA27ED65B5->8cac6937-780c-4459-964a-dea4dcd51fd7: receive RaftClientReply:client-CECA27ED65B5->8cac6937-780c-4459-964a-dea4dcd51fd7@group-D84C501198B9, cid=1809, SUCCESS, logIndex=2601, commits[8cac6937-780c-4459-964a-dea4dcd51fd7:c2601, 9ed8676d-9460-465d-9905-fd43a52295f6:c2597, da64134c-6992-4903-9407-7df321e464db:c2597]
2019-07-09 09:59:20,695 INFO  client.GrpcClientProtocolClient (GrpcClientProtocolClient.java:onNext(255)) - client-CECA27ED65B5->8cac6937-780c-4459-964a-dea4dcd51fd7: receive RaftClientReply:client-CECA27ED65B5->8cac6937-780c-4459-964a-dea4dcd51fd7@group-D84C501198B9, cid=1810, SUCCESS, logIndex=0, commits[8cac6937-780c-4459-964a-dea4dcd51fd7:c2603, 9ed8676d-9460-465d-9905-fd43a52295f6:c2599, da64134c-6992-4903-9407-7df321e464db:c2599]
2019-07-09 09:59:20,720 INFO  client.GrpcClientProtocolClient (GrpcClientProtocolClient.java:onNext(255)) - client-CECA27ED65B5->8cac6937-780c-4459-964a-dea4dcd51fd7: receive RaftClientReply:client-CECA27ED65B5->8cac6937-780c-4459-964a-dea4dcd51fd7@group-D84C501198B9, cid=1811, SUCCESS, logIndex=2606, commits[8cac6937-780c-4459-964a-dea4dcd51fd7:c2606, 9ed8676d-9460-465d-9905-fd43a52295f6:c2605, da64134c-6992-4903-9407-7df321e464db:c2605]
2019-07-09 09:59:20,721 INFO  client.GrpcClientProtocolClient (GrpcClientProtocolClient.java:onNext(255)) - client-CECA27ED65B5->8cac6937-780c-4459-964a-dea4dcd51fd7: receive RaftClientReply:client-CECA27ED65B5->8cac6937-780c-4459-964a-dea4dcd51fd7@group-D84C501198B9, cid=1812, SUCCESS, logIndex=2607, commits[8cac6937-780c-4459-964a-dea4dcd51fd7:c2607, 9ed8676d-9460-465d-9905-fd43a52295f6:c2605, da64134c-6992-4903-9407-7df321e464db:c2605]
2019-07-09 09:59:20,739 INFO  client.GrpcClientProtocolClient (GrpcClientProtocolClient.java:onNext(255)) - client-CECA27ED65B5->8cac6937-780c-4459-964a-dea4dcd51fd7: receive RaftClientReply:client-CECA27ED65B5->8cac6937-780c-4459-964a-dea4dcd51fd7@group-D84C501198B9, cid=1813, SUCCESS, logIndex=2610, commits[8cac6937-780c-4459-964a-dea4dcd51fd7:c2611, 9ed8676d-9460-465d-9905-fd43a52295f6:c2609, da64134c-6992-4903-9407-7df321e464db:c2609]
2019-07-09 09:59:20,740 INFO  client.GrpcClientProtocolClient (GrpcClientProtocolClient.java:onNext(255)) - client-CECA27ED65B5->8cac6937-780c-4459-964a-dea4dcd51fd7: receive RaftClientReply:client-CECA27ED65B5->8cac6937-780c-4459-964a-dea4dcd51fd7@group-D84C501198B9, cid=1814, SUCCESS, logIndex=2611, commits[8cac6937-780c-4459-964a-dea4dcd51fd7:c2611, 9ed8676d-9460-465d-9905-fd43a52295f6:c2609, da64134c-6992-4903-9407-7df321e464db:c2609]
2019-07-09 09:59:20,752 INFO  client.GrpcClientProtocolClient (GrpcClientProtocolClient.java:onNext(255)) - client-CECA27ED65B5->8cac6937-780c-4459-964a-dea4dcd51fd7: receive RaftClientReply:client-CECA27ED65B5->8cac6937-780c-4459-964a-dea4dcd51fd7@group-D84C501198B9, cid=1815, SUCCESS, logIndex=0, commits[8cac6937-780c-4459-964a-dea4dcd51fd7:c2613, 9ed8676d-9460-465d-9905-fd43a52295f6:c2611, da64134c-6992-4903-9407-7df321e464db:c2611]
2019-07-09 09:59:20,797 INFO  client.GrpcClientProtocolClient (GrpcClientProtocolClient.java:onNext(255)) - client-CECA27ED65B5->8cac6937-780c-4459-964a-dea4dcd51fd7: receive RaftClientReply:client-CECA27ED65B5->8cac6937-780c-4459-964a-dea4dcd51fd7@group-D84C501198B9, cid=1816, SUCCESS, logIndex=2614, commits[8cac6937-780c-4459-964a-dea4dcd51fd7:c2616, 9ed8676d-9460-465d-9905-fd43a52295f6:c2613, da64134c-6992-4903-9407-7df321e464db:c2613]
2019-07-09 09:59:20,797 INFO  client.GrpcClientProtocolClient (GrpcClientProtocolClient.java:onNext(255)) - client-CECA27ED65B5->8cac6937-780c-4459-964a-dea4dcd51fd7: receive RaftClientReply:client-CECA27ED65B5->8cac6937-780c-4459-964a-dea4dcd51fd7@group-D84C501198B9, cid=1817, SUCCESS, logIndex=2615, commits[8cac6937-780c-4459-964a-dea4dcd51fd7:c2617, 9ed8676d-9460-465d-9905-fd43a52295f6:c2613, da64134c-6992-4903-9407-7df321e464db:c2613]
2019-07-09 09:59:20,798 INFO  client.GrpcClientProtocolClient (GrpcClientProtocolClient.java:onNext(255)) - client-CECA27ED65B5->8cac6937-780c-4459-964a-dea4dcd51fd7: receive RaftClientReply:client-CECA27ED65B5->8cac6937-780c-4459-964a-dea4dcd51fd7@group-D84C501198B9, cid=1818, SUCCESS, logIndex=2616, commits[8cac6937-780c-4459-964a-dea4dcd51fd7:c2617, 9ed8676d-9460-465d-9905-fd43a52295f6:c2613, da64134c-6992-4903-9407-7df321e464db:c2613]
2019-07-09 09:59:20,798 INFO  client.GrpcClientProtocolClient (GrpcClientProtocolClient.java:onNext(255)) - client-CECA27ED65B5->8cac6937-780c-4459-964a-dea4dcd51fd7: receive RaftClientReply:client-CECA27ED65B5->8cac6937-780c-4459-964a-dea4dcd51fd7@group-D84C501198B9, cid=1819, SUCCESS, logIndex=2617, commits[8cac6937-780c-4459-964a-dea4dcd51fd7:c2617, 9ed8676d-9460-465d-9905-fd43a52295f6:c2613, da64134c-6992-4903-9407-7df321e464db:c2613]
2019-07-09 09:59:20,810 INFO  client.GrpcClientProtocolClient (GrpcClientProtocolClient.java:onNext(255)) - client-CECA27ED65B5->8cac6937-780c-4459-964a-dea4dcd51fd7: receive RaftClientReply:client-CECA27ED65B5->8cac6937-780c-4459-964a-dea4dcd51fd7@group-D84C501198B9, cid=1820, SUCCESS, logIndex=0, commits[8cac6937-780c-4459-964a-dea4dcd51fd7:c2619, 9ed8676d-9460-465d-9905-fd43a52295f6:c2616, da64134c-6992-4903-9407-7df321e464db:c2616]
2019-07-09 09:59:20,930 INFO  client.GrpcClientProtocolClient (GrpcClientProtocolClient.java:onNext(255)) - client-CECA27ED65B5->8cac6937-780c-4459-964a-dea4dcd51fd7: receive RaftClientReply:client-CECA27ED65B5->8cac6937-780c-4459-964a-dea4dcd51fd7@group-D84C501198B9, cid=1821, SUCCESS, logIndex=2622, commits[8cac6937-780c-4459-964a-dea4dcd51fd7:c2623, 9ed8676d-9460-465d-9905-fd43a52295f6:c2621, da64134c-6992-4903-9407-7df321e464db:c2621]
2019-07-09 09:59:20,930 INFO  client.GrpcClientProtocolClient (GrpcClientProtocolClient.java:onNext(255)) - client-CECA27ED65B5->8cac6937-780c-4459-964a-dea4dcd51fd7: receive RaftClientReply:client-CECA27ED65B5->8cac6937-780c-4459-964a-dea4dcd51fd7@group-D84C501198B9, cid=1822, SUCCESS, logIndex=2623, commits[8cac6937-780c-4459-964a-dea4dcd51fd7:c2623, 9ed8676d-9460-465d-9905-fd43a52295f6:c2621, da64134c-6992-4903-9407-7df321e464db:c2621]
2019-07-09 09:59:20,954 INFO  client.GrpcClientProtocolClient (GrpcClientProtocolClient.java:onNext(255)) - client-CECA27ED65B5->8cac6937-780c-4459-964a-dea4dcd51fd7: receive RaftClientReply:client-CECA27ED65B5->8cac6937-780c-4459-964a-dea4dcd51fd7@group-D84C501198B9, cid=1823, SUCCESS, logIndex=2626, commits[8cac6937-780c-4459-964a-dea4dcd51fd7:c2627, 9ed8676d-9460-465d-9905-fd43a52295f6:c2623, da64134c-6992-4903-9407-7df321e464db:c2623]
2019-07-09 09:59:20,954 INFO  client.GrpcClientProtocolClient (GrpcClientProtocolClient.java:onNext(255)) - client-CECA27ED65B5->8cac6937-780c-4459-964a-dea4dcd51fd7: receive RaftClientReply:client-CECA27ED65B5->8cac6937-780c-4459-964a-dea4dcd51fd7@group-D84C501198B9, cid=1824, SUCCESS, logIndex=2627, commits[8cac6937-780c-4459-964a-dea4dcd51fd7:c2627, 9ed8676d-9460-465d-9905-fd43a52295f6:c2623, da64134c-6992-4903-9407-7df321e464db:c2623]
2019-07-09 09:59:20,957 INFO  client.GrpcClientProtocolClient (GrpcClientProtocolClient.java:onNext(255)) - client-CECA27ED65B5->8cac6937-780c-4459-964a-dea4dcd51fd7: receive RaftClientReply:client-CECA27ED65B5->8cac6937-780c-4459-964a-dea4dcd51fd7@group-D84C501198B9, cid=1825, SUCCESS, logIndex=0, commits[8cac6937-780c-4459-964a-dea4dcd51fd7:c2629, 9ed8676d-9460-465d-9905-fd43a52295f6:c2627, da64134c-6992-4903-9407-7df321e464db:c2627]
2019-07-09 09:59:20,979 INFO  client.GrpcClientProtocolClient (GrpcClientProtocolClient.java:onNext(255)) - client-CECA27ED65B5->8cac6937-780c-4459-964a-dea4dcd51fd7: receive RaftClientReply:client-CECA27ED65B5->8cac6937-780c-4459-964a-dea4dcd51fd7@group-D84C501198B9, cid=1826, SUCCESS, logIndex=2630, commits[8cac6937-780c-4459-964a-dea4dcd51fd7:c2630, 9ed8676d-9460-465d-9905-fd43a52295f6:c2629, da64134c-6992-4903-9407-7df321e464db:c2629]
2019-07-09 09:59:20,980 INFO  client.GrpcClientProtocolClient (GrpcClientProtocolClient.java:onNext(255)) - client-CECA27ED65B5->8cac6937-780c-4459-964a-dea4dcd51fd7: receive RaftClientReply:client-CECA27ED65B5->8cac6937-780c-4459-964a-dea4dcd51fd7@group-D84C501198B9, cid=1827, SUCCESS, logIndex=2631, commits[8cac6937-780c-4459-964a-dea4dcd51fd7:c2631, 9ed8676d-9460-465d-9905-fd43a52295f6:c2629, da64134c-6992-4903-9407-7df321e464db:c2629]
2019-07-09 09:59:20,983 INFO  client.GrpcClientProtocolClient (GrpcClientProtocolClient.java:onNext(255)) - client-CECA27ED65B5->8cac6937-780c-4459-964a-dea4dcd51fd7: receive RaftClientReply:client-CECA27ED65B5->8cac6937-780c-4459-964a-dea4dcd51fd7@group-D84C501198B9, cid=1828, SUCCESS, logIndex=2632, commits[8cac6937-780c-4459-964a-dea4dcd51fd7:c2634, 9ed8676d-9460-465d-9905-fd43a52295f6:c2630, da64134c-6992-4903-9407-7df321e464db:c2629]
2019-07-09 09:59:20,983 INFO  client.GrpcClientProtocolClient (GrpcClientProtocolClient.java:onNext(255)) - client-CECA27ED65B5->8cac6937-780c-4459-964a-dea4dcd51fd7: receive RaftClientReply:client-CECA27ED65B5->8cac6937-780c-4459-964a-dea4dcd51fd7@group-D84C501198B9, cid=1829, SUCCESS, logIndex=2633, commits[8cac6937-780c-4459-964a-dea4dcd51fd7:c2635, 9ed8676d-9460-465d-9905-fd43a52295f6:c2631, da64134c-6992-4903-9407-7df321e464db:c2629]
2019-07-09 09:59:20,984 INFO  client.GrpcClientProtocolClient (GrpcClientProtocolClient.java:onNext(255)) - client-CECA27ED65B5->8cac6937-780c-4459-964a-dea4dcd51fd7: receive RaftClientReply:client-CECA27ED65B5->8cac6937-780c-4459-964a-dea4dcd51fd7@group-D84C501198B9, cid=1830, SUCCESS, logIndex=0, commits[8cac6937-780c-4459-964a-dea4dcd51fd7:c2635, 9ed8676d-9460-465d-9905-fd43a52295f6:c2631, da64134c-6992-4903-9407-7df321e464db:c2631]
2019-07-09 09:59:20,998 INFO  client.GrpcClientProtocolClient (GrpcClientProtocolClient.java:onNext(255)) - client-CECA27ED65B5->8cac6937-780c-4459-964a-dea4dcd51fd7: receive RaftClientReply:client-CECA27ED65B5->8cac6937-780c-4459-964a-dea4dcd51fd7@group-D84C501198B9, cid=1831, SUCCESS, logIndex=2638, commits[8cac6937-780c-4459-964a-dea4dcd51fd7:c2639, 9ed8676d-9460-465d-9905-fd43a52295f6:c2637, da64134c-6992-4903-9407-7df321e464db:c2637]
2019-07-09 09:59:20,999 INFO  client.GrpcClientProtocolClient (GrpcClientProtocolClient.java:onNext(255)) - client-CECA27ED65B5->8cac6937-780c-4459-964a-dea4dcd51fd7: receive RaftClientReply:client-CECA27ED65B5->8cac6937-780c-4459-964a-dea4dcd51fd7@group-D84C501198B9, cid=1832, SUCCESS, logIndex=2639, commits[8cac6937-780c-4459-964a-dea4dcd51fd7:c2639, 9ed8676d-9460-465d-9905-fd43a52295f6:c2637, da64134c-6992-4903-9407-7df321e464db:c2637]
2019-07-09 09:59:21,015 INFO  client.GrpcClientProtocolClient (GrpcClientProtocolClient.java:onNext(255)) - client-CECA27ED65B5->8cac6937-780c-4459-964a-dea4dcd51fd7: receive RaftClientReply:client-CECA27ED65B5->8cac6937-780c-4459-964a-dea4dcd51fd7@group-D84C501198B9, cid=1833, SUCCESS, logIndex=2642, commits[8cac6937-780c-4459-964a-dea4dcd51fd7:c2643, 9ed8676d-9460-465d-9905-fd43a52295f6:c2639, da64134c-6992-4903-9407-7df321e464db:c2639]
2019-07-09 09:59:21,016 INFO  client.GrpcClientProtocolClient (GrpcClientProtocolClient.java:onNext(255)) - client-CECA27ED65B5->8cac6937-780c-4459-964a-dea4dcd51fd7: receive RaftClientReply:client-CECA27ED65B5->8cac6937-780c-4459-964a-dea4dcd51fd7@group-D84C501198B9, cid=1834, SUCCESS, logIndex=2643, commits[8cac6937-780c-4459-964a-dea4dcd51fd7:c2643, 9ed8676d-9460-465d-9905-fd43a52295f6:c2639, da64134c-6992-4903-9407-7df321e464db:c2639]
2019-07-09 09:59:21,027 INFO  client.GrpcClientProtocolClient (GrpcClientProtocolClient.java:onNext(255)) - client-CECA27ED65B5->8cac6937-780c-4459-964a-dea4dcd51fd7: receive RaftClientReply:client-CECA27ED65B5->8cac6937-780c-4459-964a-dea4dcd51fd7@group-D84C501198B9, cid=1835, SUCCESS, logIndex=0, commits[8cac6937-780c-4459-964a-dea4dcd51fd7:c2644, 9ed8676d-9460-465d-9905-fd43a52295f6:c2643, da64134c-6992-4903-9407-7df321e464db:c2643]
2019-07-09 09:59:21,059 INFO  client.GrpcClientProtocolClient (GrpcClientProtocolClient.java:onNext(255)) - client-CECA27ED65B5->8cac6937-780c-4459-964a-dea4dcd51fd7: receive RaftClientReply:client-CECA27ED65B5->8cac6937-780c-4459-964a-dea4dcd51fd7@group-D84C501198B9, cid=1836, SUCCESS, logIndex=2645, commits[8cac6937-780c-4459-964a-dea4dcd51fd7:c2647, 9ed8676d-9460-465d-9905-fd43a52295f6:c2644, da64134c-6992-4903-9407-7df321e464db:c2644]
2019-07-09 09:59:21,060 INFO  client.GrpcClientProtocolClient (GrpcClientProtocolClient.java:onNext(255)) - client-CECA27ED65B5->8cac6937-780c-4459-964a-dea4dcd51fd7: receive RaftClientReply:client-CECA27ED65B5->8cac6937-780c-4459-964a-dea4dcd51fd7@group-D84C501198B9, cid=1837, SUCCESS, logIndex=2646, commits[8cac6937-780c-4459-964a-dea4dcd51fd7:c2648, 9ed8676d-9460-465d-9905-fd43a52295f6:c2644, da64134c-6992-4903-9407-7df321e464db:c2644]
2019-07-09 09:59:21,060 INFO  client.GrpcClientProtocolClient (GrpcClientProtocolClient.java:onNext(255)) - client-CECA27ED65B5->8cac6937-780c-4459-964a-dea4dcd51fd7: receive RaftClientReply:client-CECA27ED65B5->8cac6937-780c-4459-964a-dea4dcd51fd7@group-D84C501198B9, cid=1838, SUCCESS, logIndex=2647, commits[8cac6937-780c-4459-964a-dea4dcd51fd7:c2648, 9ed8676d-9460-465d-9905-fd43a52295f6:c2644, da64134c-6992-4903-9407-7df321e464db:c2644]
2019-07-09 09:59:21,060 INFO  client.GrpcClientProtocolClient (GrpcClientProtocolClient.java:onNext(255)) - client-CECA27ED65B5->8cac6937-780c-4459-964a-dea4dcd51fd7: receive RaftClientReply:client-CECA27ED65B5->8cac6937-780c-4459-964a-dea4dcd51fd7@group-D84C501198B9, cid=1839, SUCCESS, logIndex=2648, commits[8cac6937-780c-4459-964a-dea4dcd51fd7:c2648, 9ed8676d-9460-465d-9905-fd43a52295f6:c2644, da64134c-6992-4903-9407-7df321e464db:c2644]
2019-07-09 09:59:21,070 INFO  client.GrpcClientProtocolClient (GrpcClientProtocolClient.java:onNext(255)) - client-CECA27ED65B5->8cac6937-780c-4459-964a-dea4dcd51fd7: receive RaftClientReply:client-CECA27ED65B5->8cac6937-780c-4459-964a-dea4dcd51fd7@group-D84C501198B9, cid=1840, SUCCESS, logIndex=0, commits[8cac6937-780c-4459-964a-dea4dcd51fd7:c2652, 9ed8676d-9460-465d-9905-fd43a52295f6:c2648, da64134c-6992-4903-9407-7df321e464db:c2646]
2019-07-09 09:59:21,091 INFO  client.GrpcClientProtocolClient (GrpcClientProtocolClient.java:onNext(255)) - client-CECA27ED65B5->8cac6937-780c-4459-964a-dea4dcd51fd7: receive RaftClientReply:client-CECA27ED65B5->8cac6937-780c-4459-964a-dea4dcd51fd7@group-D84C501198B9, cid=1841, SUCCESS, logIndex=2653, commits[8cac6937-780c-4459-964a-dea4dcd51fd7:c2653, 9ed8676d-9460-465d-9905-fd43a52295f6:c2652, da64134c-6992-4903-9407-7df321e464db:c2652]
2019-07-09 09:59:21,091 INFO  client.GrpcClientProtocolClient (GrpcClientProtocolClient.java:onNext(255)) - client-CECA27ED65B5->8cac6937-780c-4459-964a-dea4dcd51fd7: receive RaftClientReply:client-CECA27ED65B5->8cac6937-780c-4459-964a-dea4dcd51fd7@group-D84C501198B9, cid=1842, SUCCESS, logIndex=2654, commits[8cac6937-780c-4459-964a-dea4dcd51fd7:c2654, 9ed8676d-9460-465d-9905-fd43a52295f6:c2652, da64134c-6992-4903-9407-7df321e464db:c2652]
2019-07-09 09:59:21,116 INFO  client.GrpcClientProtocolClient (GrpcClientProtocolClient.java:onNext(255)) - client-CECA27ED65B5->8cac6937-780c-4459-964a-dea4dcd51fd7: receive RaftClientReply:client-CECA27ED65B5->8cac6937-780c-4459-964a-dea4dcd51fd7@group-D84C501198B9, cid=1843, SUCCESS, logIndex=2657, commits[8cac6937-780c-4459-964a-dea4dcd51fd7:c2657, 9ed8676d-9460-465d-9905-fd43a52295f6:c2654, da64134c-6992-4903-9407-7df321e464db:c2654]
2019-07-09 09:59:21,116 INFO  client.GrpcClientProtocolClient (GrpcClientProtocolClient.java:onNext(255)) - client-CECA27ED65B5->8cac6937-780c-4459-964a-dea4dcd51fd7: receive RaftClientReply:client-CECA27ED65B5->8cac6937-780c-4459-964a-dea4dcd51fd7@group-D84C501198B9, cid=1844, SUCCESS, logIndex=2658, commits[8cac6937-780c-4459-964a-dea4dcd51fd7:c2658, 9ed8676d-9460-465d-9905-fd43a52295f6:c2654, da64134c-6992-4903-9407-7df321e464db:c2654]
2019-07-09 09:59:21,132 INFO  client.GrpcClientProtocolClient (GrpcClientProtocolClient.java:onNext(255)) - client-CECA27ED65B5->8cac6937-780c-4459-964a-dea4dcd51fd7: receive RaftClientReply:client-CECA27ED65B5->8cac6937-780c-4459-964a-dea4dcd51fd7@group-D84C501198B9, cid=1845, SUCCESS, logIndex=0, commits[8cac6937-780c-4459-964a-dea4dcd51fd7:c2660, 9ed8676d-9460-465d-9905-fd43a52295f6:c2658, da64134c-6992-4903-9407-7df321e464db:c2658]
2019-07-09 09:59:21,161 INFO  client.GrpcClientProtocolClient (GrpcClientProtocolClient.java:onNext(255)) - client-CECA27ED65B5->8cac6937-780c-4459-964a-dea4dcd51fd7: receive RaftClientReply:client-CECA27ED65B5->8cac6937-780c-4459-964a-dea4dcd51fd7@group-D84C501198B9, cid=1846, SUCCESS, logIndex=2661, commits[8cac6937-780c-4459-964a-dea4dcd51fd7:c2663, 9ed8676d-9460-465d-9905-fd43a52295f6:c2660, da64134c-6992-4903-9407-7df321e464db:c2660]
2019-07-09 09:59:21,162 INFO  client.GrpcClientProtocolClient (GrpcClientProtocolClient.java:onNext(255)) - client-CECA27ED65B5->8cac6937-780c-4459-964a-dea4dcd51fd7: receive RaftClientReply:client-CECA27ED65B5->8cac6937-780c-4459-964a-dea4dcd51fd7@group-D84C501198B9, cid=1847, SUCCESS, logIndex=2662, commits[8cac6937-780c-4459-964a-dea4dcd51fd7:c2664, 9ed8676d-9460-465d-9905-fd43a52295f6:c2660, da64134c-6992-4903-9407-7df321e464db:c2660]
2019-07-09 09:59:21,162 INFO  client.GrpcClientProtocolClient (GrpcClientProtocolClient.java:onNext(255)) - client-CECA27ED65B5->8cac6937-780c-4459-964a-dea4dcd51fd7: receive RaftClientReply:client-CECA27ED65B5->8cac6937-780c-4459-964a-dea4dcd51fd7@group-D84C501198B9, cid=1848, SUCCESS, logIndex=2663, commits[8cac6937-780c-4459-964a-dea4dcd51fd7:c2664, 9ed8676d-9460-465d-9905-fd43a52295f6:c2660, da64134c-6992-4903-9407-7df321e464db:c2660]
2019-07-09 09:59:21,162 INFO  client.GrpcClientProtocolClient (GrpcClientProtocolClient.java:onNext(255)) - client-CECA27ED65B5->8cac6937-780c-4459-964a-dea4dcd51fd7: receive RaftClientReply:client-CECA27ED65B5->8cac6937-780c-4459-964a-dea4dcd51fd7@group-D84C501198B9, cid=1849, SUCCESS, logIndex=2664, commits[8cac6937-780c-4459-964a-dea4dcd51fd7:c2664, 9ed8676d-9460-465d-9905-fd43a52295f6:c2660, da64134c-6992-4903-9407-7df321e464db:c2660]
2019-07-09 09:59:21,163 INFO  client.GrpcClientProtocolClient (GrpcClientProtocolClient.java:onNext(255)) - client-CECA27ED65B5->8cac6937-780c-4459-964a-dea4dcd51fd7: receive RaftClientReply:client-CECA27ED65B5->8cac6937-780c-4459-964a-dea4dcd51fd7@group-D84C501198B9, cid=1850, SUCCESS, logIndex=0, commits[8cac6937-780c-4459-964a-dea4dcd51fd7:c2666, 9ed8676d-9460-465d-9905-fd43a52295f6:c2662, da64134c-6992-4903-9407-7df321e464db:c2662]
2019-07-09 09:59:21,183 INFO  client.GrpcClientProtocolClient (GrpcClientProtocolClient.java:onNext(255)) - client-CECA27ED65B5->8cac6937-780c-4459-964a-dea4dcd51fd7: receive RaftClientReply:client-CECA27ED65B5->8cac6937-780c-4459-964a-dea4dcd51fd7@group-D84C501198B9, cid=1851, SUCCESS, logIndex=2669, commits[8cac6937-780c-4459-964a-dea4dcd51fd7:c2670, 9ed8676d-9460-465d-9905-fd43a52295f6:c2668, da64134c-6992-4903-9407-7df321e464db:c2668]
2019-07-09 09:59:21,183 INFO  client.GrpcClientProtocolClient (GrpcClientProtocolClient.java:onNext(255)) - client-CECA27ED65B5->8cac6937-780c-4459-964a-dea4dcd51fd7: receive RaftClientReply:client-CECA27ED65B5->8cac6937-780c-4459-964a-dea4dcd51fd7@group-D84C501198B9, cid=1852, SUCCESS, logIndex=2670, commits[8cac6937-780c-4459-964a-dea4dcd51fd7:c2670, 9ed8676d-9460-465d-9905-fd43a52295f6:c2668, da64134c-6992-4903-9407-7df321e464db:c2668]
2019-07-09 09:59:21,197 INFO  client.GrpcClientProtocolClient (GrpcClientProtocolClient.java:onNext(255)) - client-CECA27ED65B5->8cac6937-780c-4459-964a-dea4dcd51fd7: receive RaftClientReply:client-CECA27ED65B5->8cac6937-780c-4459-964a-dea4dcd51fd7@group-D84C501198B9, cid=1853, SUCCESS, logIndex=2673, commits[8cac6937-780c-4459-964a-dea4dcd51fd7:c2673, 9ed8676d-9460-465d-9905-fd43a52295f6:c2670, da64134c-6992-4903-9407-7df321e464db:c2670]
2019-07-09 09:59:21,198 INFO  client.GrpcClientProtocolClient (GrpcClientProtocolClient.java:onNext(255)) - client-CECA27ED65B5->8cac6937-780c-4459-964a-dea4dcd51fd7: receive RaftClientReply:client-CECA27ED65B5->8cac6937-780c-4459-964a-dea4dcd51fd7@group-D84C501198B9, cid=1854, SUCCESS, logIndex=2674, commits[8cac6937-780c-4459-964a-dea4dcd51fd7:c2674, 9ed8676d-9460-465d-9905-fd43a52295f6:c2670, da64134c-6992-4903-9407-7df321e464db:c2670]
2019-07-09 09:59:21,212 INFO  client.GrpcClientProtocolClient (GrpcClientProtocolClient.java:onNext(255)) - client-CECA27ED65B5->8cac6937-780c-4459-964a-dea4dcd51fd7: receive RaftClientReply:client-CECA27ED65B5->8cac6937-780c-4459-964a-dea4dcd51fd7@group-D84C501198B9, cid=1855, SUCCESS, logIndex=0, commits[8cac6937-780c-4459-964a-dea4dcd51fd7:c2676, 9ed8676d-9460-465d-9905-fd43a52295f6:c2674, da64134c-6992-4903-9407-7df321e464db:c2674]
2019-07-09 09:59:21,254 INFO  client.GrpcClientProtocolClient (GrpcClientProtocolClient.java:onNext(255)) - client-CECA27ED65B5->8cac6937-780c-4459-964a-dea4dcd51fd7: receive RaftClientReply:client-CECA27ED65B5->8cac6937-780c-4459-964a-dea4dcd51fd7@group-D84C501198B9, cid=1856, SUCCESS, logIndex=2677, commits[8cac6937-780c-4459-964a-dea4dcd51fd7:c2678, 9ed8676d-9460-465d-9905-fd43a52295f6:c2676, da64134c-6992-4903-9407-7df321e464db:c2676]
 0.00% |█                                                                                                    |  0/1 Time: 0:00:132019-07-09 09:59:21,255 INFO  client.GrpcClientProtocolClient (GrpcClientProtocolClient.java:onNext(255)) - client-CECA27ED65B5->8cac6937-780c-4459-964a-dea4dcd51fd7: receive RaftClientReply:client-CECA27ED65B5->8cac6937-780c-4459-964a-dea4dcd51fd7@group-D84C501198B9, cid=1857, SUCCESS, logIndex=2678, commits[8cac6937-780c-4459-964a-dea4dcd51fd7:c2678, 9ed8676d-9460-465d-9905-fd43a52295f6:c2676, da64134c-6992-4903-9407-7df321e464db:c2676]
2019-07-09 09:59:21,256 INFO  client.GrpcClientProtocolClient (GrpcClientProtocolClient.java:onNext(255)) - client-CECA27ED65B5->8cac6937-780c-4459-964a-dea4dcd51fd7: receive RaftClientReply:client-CECA27ED65B5->8cac6937-780c-4459-964a-dea4dcd51fd7@group-D84C501198B9, cid=1858, SUCCESS, logIndex=2679, commits[8cac6937-780c-4459-964a-dea4dcd51fd7:c2680, 9ed8676d-9460-465d-9905-fd43a52295f6:c2676, da64134c-6992-4903-9407-7df321e464db:c2676]
2019-07-09 09:59:21,257 INFO  client.GrpcClientProtocolClient (GrpcClientProtocolClient.java:onNext(255)) - client-CECA27ED65B5->8cac6937-780c-4459-964a-dea4dcd51fd7: receive RaftClientReply:client-CECA27ED65B5->8cac6937-780c-4459-964a-dea4dcd51fd7@group-D84C501198B9, cid=1859, SUCCESS, logIndex=2680, commits[8cac6937-780c-4459-964a-dea4dcd51fd7:c2680, 9ed8676d-9460-465d-9905-fd43a52295f6:c2676, da64134c-6992-4903-9407-7df321e464db:c2676]
2019-07-09 09:59:21,259 INFO  client.GrpcClientProtocolClient (GrpcClientProtocolClient.java:onNext(255)) - client-CECA27ED65B5->8cac6937-780c-4459-964a-dea4dcd51fd7: receive RaftClientReply:client-CECA27ED65B5->8cac6937-780c-4459-964a-dea4dcd51fd7@group-D84C501198B9, cid=1860, SUCCESS, logIndex=0, commits[8cac6937-780c-4459-964a-dea4dcd51fd7:c2682, 9ed8676d-9460-465d-9905-fd43a52295f6:c2678, da64134c-6992-4903-9407-7df321e464db:c2678]
2019-07-09 09:59:21,279 INFO  client.GrpcClientProtocolClient (GrpcClientProtocolClient.java:onNext(255)) - client-CECA27ED65B5->8cac6937-780c-4459-964a-dea4dcd51fd7: receive RaftClientReply:client-CECA27ED65B5->8cac6937-780c-4459-964a-dea4dcd51fd7@group-D84C501198B9, cid=1861, SUCCESS, logIndex=2685, commits[8cac6937-780c-4459-964a-dea4dcd51fd7:c2686, 9ed8676d-9460-465d-9905-fd43a52295f6:c2684, da64134c-6992-4903-9407-7df321e464db:c2684]
2019-07-09 09:59:21,279 INFO  client.GrpcClientProtocolClient (GrpcClientProtocolClient.java:onNext(255)) - client-CECA27ED65B5->8cac6937-780c-4459-964a-dea4dcd51fd7: receive RaftClientReply:client-CECA27ED65B5->8cac6937-780c-4459-964a-dea4dcd51fd7@group-D84C501198B9, cid=1862, SUCCESS, logIndex=2686, commits[8cac6937-780c-4459-964a-dea4dcd51fd7:c2686, 9ed8676d-9460-465d-9905-fd43a52295f6:c2684, da64134c-6992-4903-9407-7df321e464db:c2684]
2019-07-09 09:59:21,293 INFO  client.GrpcClientProtocolClient (GrpcClientProtocolClient.java:onNext(255)) - client-CECA27ED65B5->8cac6937-780c-4459-964a-dea4dcd51fd7: receive RaftClientReply:client-CECA27ED65B5->8cac6937-780c-4459-964a-dea4dcd51fd7@group-D84C501198B9, cid=1863, SUCCESS, logIndex=2689, commits[8cac6937-780c-4459-964a-dea4dcd51fd7:c2689, 9ed8676d-9460-465d-9905-fd43a52295f6:c2686, da64134c-6992-4903-9407-7df321e464db:c2686]
2019-07-09 09:59:21,294 INFO  client.GrpcClientProtocolClient (GrpcClientProtocolClient.java:onNext(255)) - client-CECA27ED65B5->8cac6937-780c-4459-964a-dea4dcd51fd7: receive RaftClientReply:client-CECA27ED65B5->8cac6937-780c-4459-964a-dea4dcd51fd7@group-D84C501198B9, cid=1864, SUCCESS, logIndex=2690, commits[8cac6937-780c-4459-964a-dea4dcd51fd7:c2690, 9ed8676d-9460-465d-9905-fd43a52295f6:c2686, da64134c-6992-4903-9407-7df321e464db:c2686]
2019-07-09 09:59:21,308 INFO  client.GrpcClientProtocolClient (GrpcClientProtocolClient.java:onNext(255)) - client-CECA27ED65B5->8cac6937-780c-4459-964a-dea4dcd51fd7: receive RaftClientReply:client-CECA27ED65B5->8cac6937-780c-4459-964a-dea4dcd51fd7@group-D84C501198B9, cid=1865, SUCCESS, logIndex=0, commits[8cac6937-780c-4459-964a-dea4dcd51fd7:c2692, 9ed8676d-9460-465d-9905-fd43a52295f6:c2690, da64134c-6992-4903-9407-7df321e464db:c2690]
2019-07-09 09:59:21,336 INFO  client.GrpcClientProtocolClient (GrpcClientProtocolClient.java:onNext(255)) - client-CECA27ED65B5->8cac6937-780c-4459-964a-dea4dcd51fd7: receive RaftClientReply:client-CECA27ED65B5->8cac6937-780c-4459-964a-dea4dcd51fd7@group-D84C501198B9, cid=1866, SUCCESS, logIndex=2693, commits[8cac6937-780c-4459-964a-dea4dcd51fd7:c2694, 9ed8676d-9460-465d-9905-fd43a52295f6:c2692, da64134c-6992-4903-9407-7df321e464db:c2692]
2019-07-09 09:59:21,336 INFO  client.GrpcClientProtocolClient (GrpcClientProtocolClient.java:onNext(255)) - client-CECA27ED65B5->8cac6937-780c-4459-964a-dea4dcd51fd7: receive RaftClientReply:client-CECA27ED65B5->8cac6937-780c-4459-964a-dea4dcd51fd7@group-D84C501198B9, cid=1867, SUCCESS, logIndex=2694, commits[8cac6937-780c-4459-964a-dea4dcd51fd7:c2694, 9ed8676d-9460-465d-9905-fd43a52295f6:c2692, da64134c-6992-4903-9407-7df321e464db:c2692]
2019-07-09 09:59:21,347 INFO  client.GrpcClientProtocolClient (GrpcClientProtocolClient.java:onNext(255)) - client-CECA27ED65B5->8cac6937-780c-4459-964a-dea4dcd51fd7: receive RaftClientReply:client-CECA27ED65B5->8cac6937-780c-4459-964a-dea4dcd51fd7@group-D84C501198B9, cid=1868, SUCCESS, logIndex=2695, commits[8cac6937-780c-4459-964a-dea4dcd51fd7:c2696, 9ed8676d-9460-465d-9905-fd43a52295f6:c2692, da64134c-6992-4903-9407-7df321e464db:c2692]
2019-07-09 09:59:21,348 INFO  client.GrpcClientProtocolClient (GrpcClientProtocolClient.java:onNext(255)) - client-CECA27ED65B5->8cac6937-780c-4459-964a-dea4dcd51fd7: receive RaftClientReply:client-CECA27ED65B5->8cac6937-780c-4459-964a-dea4dcd51fd7@group-D84C501198B9, cid=1869, SUCCESS, logIndex=2696, commits[8cac6937-780c-4459-964a-dea4dcd51fd7:c2697, 9ed8676d-9460-465d-9905-fd43a52295f6:c2693, da64134c-6992-4903-9407-7df321e464db:c2692]
2019-07-09 09:59:21,350 INFO  client.GrpcClientProtocolClient (GrpcClientProtocolClient.java:onNext(255)) - client-CECA27ED65B5->8cac6937-780c-4459-964a-dea4dcd51fd7: receive RaftClientReply:client-CECA27ED65B5->8cac6937-780c-4459-964a-dea4dcd51fd7@group-D84C501198B9, cid=1870, SUCCESS, logIndex=0, commits[8cac6937-780c-4459-964a-dea4dcd51fd7:c2698, 9ed8676d-9460-465d-9905-fd43a52295f6:c2694, da64134c-6992-4903-9407-7df321e464db:c2694]
2019-07-09 09:59:21,379 INFO  client.GrpcClientProtocolClient (GrpcClientProtocolClient.java:onNext(255)) - client-CECA27ED65B5->8cac6937-780c-4459-964a-dea4dcd51fd7: receive RaftClientReply:client-CECA27ED65B5->8cac6937-780c-4459-964a-dea4dcd51fd7@group-D84C501198B9, cid=1871, SUCCESS, logIndex=2701, commits[8cac6937-780c-4459-964a-dea4dcd51fd7:c2702, 9ed8676d-9460-465d-9905-fd43a52295f6:c2698, da64134c-6992-4903-9407-7df321e464db:c2698]
2019-07-09 09:59:21,379 INFO  client.GrpcClientProtocolClient (GrpcClientProtocolClient.java:onNext(255)) - client-CECA27ED65B5->8cac6937-780c-4459-964a-dea4dcd51fd7: receive RaftClientReply:client-CECA27ED65B5->8cac6937-780c-4459-964a-dea4dcd51fd7@group-D84C501198B9, cid=1872, SUCCESS, logIndex=2702, commits[8cac6937-780c-4459-964a-dea4dcd51fd7:c2702, 9ed8676d-9460-465d-9905-fd43a52295f6:c2698, da64134c-6992-4903-9407-7df321e464db:c2698]
2019-07-09 09:59:21,404 INFO  client.GrpcClientProtocolClient (GrpcClientProtocolClient.java:onNext(255)) - client-CECA27ED65B5->8cac6937-780c-4459-964a-dea4dcd51fd7: receive RaftClientReply:client-CECA27ED65B5->8cac6937-780c-4459-964a-dea4dcd51fd7@group-D84C501198B9, cid=1873, SUCCESS, logIndex=2705, commits[8cac6937-780c-4459-964a-dea4dcd51fd7:c2706, 9ed8676d-9460-465d-9905-fd43a52295f6:c2702, da64134c-6992-4903-9407-7df321e464db:c2702]
2019-07-09 09:59:21,404 INFO  client.GrpcClientProtocolClient (GrpcClientProtocolClient.java:onNext(255)) - client-CECA27ED65B5->8cac6937-780c-4459-964a-dea4dcd51fd7: receive RaftClientReply:client-CECA27ED65B5->8cac6937-780c-4459-964a-dea4dcd51fd7@group-D84C501198B9, cid=1874, SUCCESS, logIndex=2706, commits[8cac6937-780c-4459-964a-dea4dcd51fd7:c2706, 9ed8676d-9460-465d-9905-fd43a52295f6:c2702, da64134c-6992-4903-9407-7df321e464db:c2702]
2019-07-09 09:59:21,406 INFO  client.GrpcClientProtocolClient (GrpcClientProtocolClient.java:onNext(255)) - client-CECA27ED65B5->8cac6937-780c-4459-964a-dea4dcd51fd7: receive RaftClientReply:client-CECA27ED65B5->8cac6937-780c-4459-964a-dea4dcd51fd7@group-D84C501198B9, cid=1875, SUCCESS, logIndex=0, commits[8cac6937-780c-4459-964a-dea4dcd51fd7:c2707, 9ed8676d-9460-465d-9905-fd43a52295f6:c2706, da64134c-6992-4903-9407-7df321e464db:c2706]
2019-07-09 09:59:21,436 INFO  client.GrpcClientProtocolClient (GrpcClientProtocolClient.java:onNext(255)) - client-CECA27ED65B5->8cac6937-780c-4459-964a-dea4dcd51fd7: receive RaftClientReply:client-CECA27ED65B5->8cac6937-780c-4459-964a-dea4dcd51fd7@group-D84C501198B9, cid=1876, SUCCESS, logIndex=2709, commits[8cac6937-780c-4459-964a-dea4dcd51fd7:c2710, 9ed8676d-9460-465d-9905-fd43a52295f6:c2708, da64134c-6992-4903-9407-7df321e464db:c2708]
2019-07-09 09:59:21,436 INFO  client.GrpcClientProtocolClient (GrpcClientProtocolClient.java:onNext(255)) - client-CECA27ED65B5->8cac6937-780c-4459-964a-dea4dcd51fd7: receive RaftClientReply:client-CECA27ED65B5->8cac6937-780c-4459-964a-dea4dcd51fd7@group-D84C501198B9, cid=1877, SUCCESS, logIndex=2710, commits[8cac6937-780c-4459-964a-dea4dcd51fd7:c2710, 9ed8676d-9460-465d-9905-fd43a52295f6:c2708, da64134c-6992-4903-9407-7df321e464db:c2708]
2019-07-09 09:59:21,446 INFO  client.GrpcClientProtocolClient (GrpcClientProtocolClient.java:onNext(255)) - client-CECA27ED65B5->8cac6937-780c-4459-964a-dea4dcd51fd7: receive RaftClientReply:client-CECA27ED65B5->8cac6937-780c-4459-964a-dea4dcd51fd7@group-D84C501198B9, cid=1878, SUCCESS, logIndex=2711, commits[8cac6937-780c-4459-964a-dea4dcd51fd7:c2712, 9ed8676d-9460-465d-9905-fd43a52295f6:c2708, da64134c-6992-4903-9407-7df321e464db:c2708]
2019-07-09 09:59:21,446 INFO  client.GrpcClientProtocolClient (GrpcClientProtocolClient.java:onNext(255)) - client-CECA27ED65B5->8cac6937-780c-4459-964a-dea4dcd51fd7: receive RaftClientReply:client-CECA27ED65B5->8cac6937-780c-4459-964a-dea4dcd51fd7@group-D84C501198B9, cid=1879, SUCCESS, logIndex=2712, commits[8cac6937-780c-4459-964a-dea4dcd51fd7:c2712, 9ed8676d-9460-465d-9905-fd43a52295f6:c2708, da64134c-6992-4903-9407-7df321e464db:c2708]
2019-07-09 09:59:21,448 INFO  client.GrpcClientProtocolClient (GrpcClientProtocolClient.java:onNext(255)) - client-CECA27ED65B5->8cac6937-780c-4459-964a-dea4dcd51fd7: receive RaftClientReply:client-CECA27ED65B5->8cac6937-780c-4459-964a-dea4dcd51fd7@group-D84C501198B9, cid=1880, SUCCESS, logIndex=0, commits[8cac6937-780c-4459-964a-dea4dcd51fd7:c2714, 9ed8676d-9460-465d-9905-fd43a52295f6:c2710, da64134c-6992-4903-9407-7df321e464db:c2710]
2019-07-09 09:59:21,468 INFO  client.GrpcClientProtocolClient (GrpcClientProtocolClient.java:onNext(255)) - client-CECA27ED65B5->8cac6937-780c-4459-964a-dea4dcd51fd7: receive RaftClientReply:client-CECA27ED65B5->8cac6937-780c-4459-964a-dea4dcd51fd7@group-D84C501198B9, cid=1881, SUCCESS, logIndex=2717, commits[8cac6937-780c-4459-964a-dea4dcd51fd7:c2718, 9ed8676d-9460-465d-9905-fd43a52295f6:c2716, da64134c-6992-4903-9407-7df321e464db:c2716]
2019-07-09 09:59:21,469 INFO  client.GrpcClientProtocolClient (GrpcClientProtocolClient.java:onNext(255)) - client-CECA27ED65B5->8cac6937-780c-4459-964a-dea4dcd51fd7: receive RaftClientReply:client-CECA27ED65B5->8cac6937-780c-4459-964a-dea4dcd51fd7@group-D84C501198B9, cid=1882, SUCCESS, logIndex=2718, commits[8cac6937-780c-4459-964a-dea4dcd51fd7:c2718, 9ed8676d-9460-465d-9905-fd43a52295f6:c2716, da64134c-6992-4903-9407-7df321e464db:c2716]
2019-07-09 09:59:21,494 INFO  client.GrpcClientProtocolClient (GrpcClientProtocolClient.java:onNext(255)) - client-CECA27ED65B5->8cac6937-780c-4459-964a-dea4dcd51fd7: receive RaftClientReply:client-CECA27ED65B5->8cac6937-780c-4459-964a-dea4dcd51fd7@group-D84C501198B9, cid=1883, SUCCESS, logIndex=2721, commits[8cac6937-780c-4459-964a-dea4dcd51fd7:c2722, 9ed8676d-9460-465d-9905-fd43a52295f6:c2720, da64134c-6992-4903-9407-7df321e464db:c2720]
2019-07-09 09:59:21,495 INFO  client.GrpcClientProtocolClient (GrpcClientProtocolClient.java:onNext(255)) - client-CECA27ED65B5->8cac6937-780c-4459-964a-dea4dcd51fd7: receive RaftClientReply:client-CECA27ED65B5->8cac6937-780c-4459-964a-dea4dcd51fd7@group-D84C501198B9, cid=1884, SUCCESS, logIndex=2722, commits[8cac6937-780c-4459-964a-dea4dcd51fd7:c2722, 9ed8676d-9460-465d-9905-fd43a52295f6:c2720, da64134c-6992-4903-9407-7df321e464db:c2720]
2019-07-09 09:59:21,505 INFO  client.GrpcClientProtocolClient (GrpcClientProtocolClient.java:onNext(255)) - client-CECA27ED65B5->8cac6937-780c-4459-964a-dea4dcd51fd7: receive RaftClientReply:client-CECA27ED65B5->8cac6937-780c-4459-964a-dea4dcd51fd7@group-D84C501198B9, cid=1885, SUCCESS, logIndex=0, commits[8cac6937-780c-4459-964a-dea4dcd51fd7:c2723, 9ed8676d-9460-465d-9905-fd43a52295f6:c2722, da64134c-6992-4903-9407-7df321e464db:c2722]
2019-07-09 09:59:22,020 WARN  util.JavaUtils (JavaUtils.java:sleep(250)) - Unexpected long sleep: sleep(1136ms) actually took 1561ms which is over the threshold 300ms
2019-07-09 09:59:22,036 INFO  client.GrpcClientProtocolClient (GrpcClientProtocolClient.java:onNext(255)) - client-CECA27ED65B5->8cac6937-780c-4459-964a-dea4dcd51fd7: receive RaftClientReply:client-CECA27ED65B5->8cac6937-780c-4459-964a-dea4dcd51fd7@group-D84C501198B9, cid=1886, SUCCESS, logIndex=2725, commits[8cac6937-780c-4459-964a-dea4dcd51fd7:c2726, 9ed8676d-9460-465d-9905-fd43a52295f6:c2724, da64134c-6992-4903-9407-7df321e464db:c2724]
2019-07-09 09:59:22,037 INFO  client.GrpcClientProtocolClient (GrpcClientProtocolClient.java:onNext(255)) - client-CECA27ED65B5->8cac6937-780c-4459-964a-dea4dcd51fd7: receive RaftClientReply:client-CECA27ED65B5->8cac6937-780c-4459-964a-dea4dcd51fd7@group-D84C501198B9, cid=1887, SUCCESS, logIndex=2726, commits[8cac6937-780c-4459-964a-dea4dcd51fd7:c2728, 9ed8676d-9460-465d-9905-fd43a52295f6:c2724, da64134c-6992-4903-9407-7df321e464db:c2724]
2019-07-09 09:59:22,037 INFO  client.GrpcClientProtocolClient (GrpcClientProtocolClient.java:onNext(255)) - client-CECA27ED65B5->8cac6937-780c-4459-964a-dea4dcd51fd7: receive RaftClientReply:client-CECA27ED65B5->8cac6937-780c-4459-964a-dea4dcd51fd7@group-D84C501198B9, cid=1888, SUCCESS, logIndex=2727, commits[8cac6937-780c-4459-964a-dea4dcd51fd7:c2728, 9ed8676d-9460-465d-9905-fd43a52295f6:c2724, da64134c-6992-4903-9407-7df321e464db:c2724]
2019-07-09 09:59:22,037 INFO  client.GrpcClientProtocolClient (GrpcClientProtocolClient.java:onNext(255)) - client-CECA27ED65B5->8cac6937-780c-4459-964a-dea4dcd51fd7: receive RaftClientReply:client-CECA27ED65B5->8cac6937-780c-4459-964a-dea4dcd51fd7@group-D84C501198B9, cid=1889, SUCCESS, logIndex=2728, commits[8cac6937-780c-4459-964a-dea4dcd51fd7:c2728, 9ed8676d-9460-465d-9905-fd43a52295f6:c2724, da64134c-6992-4903-9407-7df321e464db:c2724]
2019-07-09 09:59:22,038 INFO  client.GrpcClientProtocolClient (GrpcClientProtocolClient.java:onNext(255)) - client-CECA27ED65B5->8cac6937-780c-4459-964a-dea4dcd51fd7: receive RaftClientReply:client-CECA27ED65B5->8cac6937-780c-4459-964a-dea4dcd51fd7@group-D84C501198B9, cid=1890, SUCCESS, logIndex=0, commits[8cac6937-780c-4459-964a-dea4dcd51fd7:c2731, 9ed8676d-9460-465d-9905-fd43a52295f6:c2726, da64134c-6992-4903-9407-7df321e464db:c2728]
2019-07-09 09:59:22,058 INFO  client.GrpcClientProtocolClient (GrpcClientProtocolClient.java:onNext(255)) - client-CECA27ED65B5->8cac6937-780c-4459-964a-dea4dcd51fd7: receive RaftClientReply:client-CECA27ED65B5->8cac6937-780c-4459-964a-dea4dcd51fd7@group-D84C501198B9, cid=1891, SUCCESS, logIndex=2732, commits[8cac6937-780c-4459-964a-dea4dcd51fd7:c2733, 9ed8676d-9460-465d-9905-fd43a52295f6:c2731, da64134c-6992-4903-9407-7df321e464db:c2731]
2019-07-09 09:59:22,058 INFO  client.GrpcClientProtocolClient (GrpcClientProtocolClient.java:onNext(255)) - client-CECA27ED65B5->8cac6937-780c-4459-964a-dea4dcd51fd7: receive RaftClientReply:client-CECA27ED65B5->8cac6937-780c-4459-964a-dea4dcd51fd7@group-D84C501198B9, cid=1892, SUCCESS, logIndex=2733, commits[8cac6937-780c-4459-964a-dea4dcd51fd7:c2733, 9ed8676d-9460-465d-9905-fd43a52295f6:c2731, da64134c-6992-4903-9407-7df321e464db:c2731]
2019-07-09 09:59:22,071 INFO  client.GrpcClientProtocolClient (GrpcClientProtocolClient.java:onNext(255)) - client-CECA27ED65B5->8cac6937-780c-4459-964a-dea4dcd51fd7: receive RaftClientReply:client-CECA27ED65B5->8cac6937-780c-4459-964a-dea4dcd51fd7@group-D84C501198B9, cid=1893, SUCCESS, logIndex=2736, commits[8cac6937-780c-4459-964a-dea4dcd51fd7:c2737, 9ed8676d-9460-465d-9905-fd43a52295f6:c2733, da64134c-6992-4903-9407-7df321e464db:c2733]
2019-07-09 09:59:22,072 INFO  client.GrpcClientProtocolClient (GrpcClientProtocolClient.java:onNext(255)) - client-CECA27ED65B5->8cac6937-780c-4459-964a-dea4dcd51fd7: receive RaftClientReply:client-CECA27ED65B5->8cac6937-780c-4459-964a-dea4dcd51fd7@group-D84C501198B9, cid=1894, SUCCESS, logIndex=2737, commits[8cac6937-780c-4459-964a-dea4dcd51fd7:c2737, 9ed8676d-9460-465d-9905-fd43a52295f6:c2733, da64134c-6992-4903-9407-7df321e464db:c2733]
2019-07-09 09:59:22,086 INFO  client.GrpcClientProtocolClient (GrpcClientProtocolClient.java:onNext(255)) - client-CECA27ED65B5->8cac6937-780c-4459-964a-dea4dcd51fd7: receive RaftClientReply:client-CECA27ED65B5->8cac6937-780c-4459-964a-dea4dcd51fd7@group-D84C501198B9, cid=1895, SUCCESS, logIndex=0, commits[8cac6937-780c-4459-964a-dea4dcd51fd7:c2739, 9ed8676d-9460-465d-9905-fd43a52295f6:c2737, da64134c-6992-4903-9407-7df321e464db:c2737]
2019-07-09 09:59:22,120 INFO  client.GrpcClientProtocolClient (GrpcClientProtocolClient.java:onNext(255)) - client-CECA27ED65B5->8cac6937-780c-4459-964a-dea4dcd51fd7: receive RaftClientReply:client-CECA27ED65B5->8cac6937-780c-4459-964a-dea4dcd51fd7@group-D84C501198B9, cid=1896, SUCCESS, logIndex=2740, commits[8cac6937-780c-4459-964a-dea4dcd51fd7:c2741, 9ed8676d-9460-465d-9905-fd43a52295f6:c2739, da64134c-6992-4903-9407-7df321e464db:c2739]
2019-07-09 09:59:22,120 INFO  client.GrpcClientProtocolClient (GrpcClientProtocolClient.java:onNext(255)) - client-CECA27ED65B5->8cac6937-780c-4459-964a-dea4dcd51fd7: receive RaftClientReply:client-CECA27ED65B5->8cac6937-780c-4459-964a-dea4dcd51fd7@group-D84C501198B9, cid=1897, SUCCESS, logIndex=2741, commits[8cac6937-780c-4459-964a-dea4dcd51fd7:c2741, 9ed8676d-9460-465d-9905-fd43a52295f6:c2739, da64134c-6992-4903-9407-7df321e464db:c2739]
2019-07-09 09:59:22,131 INFO  client.GrpcClientProtocolClient (GrpcClientProtocolClient.java:onNext(255)) - client-CECA27ED65B5->8cac6937-780c-4459-964a-dea4dcd51fd7: receive RaftClientReply:client-CECA27ED65B5->8cac6937-780c-4459-964a-dea4dcd51fd7@group-D84C501198B9, cid=1898, SUCCESS, logIndex=2742, commits[8cac6937-780c-4459-964a-dea4dcd51fd7:c2743, 9ed8676d-9460-465d-9905-fd43a52295f6:c2739, da64134c-6992-4903-9407-7df321e464db:c2739]
2019-07-09 09:59:22,132 INFO  client.GrpcClientProtocolClient (GrpcClientProtocolClient.java:onNext(255)) - client-CECA27ED65B5->8cac6937-780c-4459-964a-dea4dcd51fd7: receive RaftClientReply:client-CECA27ED65B5->8cac6937-780c-4459-964a-dea4dcd51fd7@group-D84C501198B9, cid=1899, SUCCESS, logIndex=2743, commits[8cac6937-780c-4459-964a-dea4dcd51fd7:c2743, 9ed8676d-9460-465d-9905-fd43a52295f6:c2739, da64134c-6992-4903-9407-7df321e464db:c2739]
2019-07-09 09:59:22,133 INFO  client.GrpcClientProtocolClient (GrpcClientProtocolClient.java:onNext(255)) - client-CECA27ED65B5->8cac6937-780c-4459-964a-dea4dcd51fd7: receive RaftClientReply:client-CECA27ED65B5->8cac6937-780c-4459-964a-dea4dcd51fd7@group-D84C501198B9, cid=1900, SUCCESS, logIndex=0, commits[8cac6937-780c-4459-964a-dea4dcd51fd7:c2745, 9ed8676d-9460-465d-9905-fd43a52295f6:c2741, da64134c-6992-4903-9407-7df321e464db:c2741]
2019-07-09 09:59:22,156 INFO  client.GrpcClientProtocolClient (GrpcClientProtocolClient.java:onNext(255)) - client-CECA27ED65B5->8cac6937-780c-4459-964a-dea4dcd51fd7: receive RaftClientReply:client-CECA27ED65B5->8cac6937-780c-4459-964a-dea4dcd51fd7@group-D84C501198B9, cid=1901, SUCCESS, logIndex=2748, commits[8cac6937-780c-4459-964a-dea4dcd51fd7:c2749, 9ed8676d-9460-465d-9905-fd43a52295f6:c2745, da64134c-6992-4903-9407-7df321e464db:c2745]
2019-07-09 09:59:22,157 INFO  client.GrpcClientProtocolClient (GrpcClientProtocolClient.java:onNext(255)) - client-CECA27ED65B5->8cac6937-780c-4459-964a-dea4dcd51fd7: receive RaftClientReply:client-CECA27ED65B5->8cac6937-780c-4459-964a-dea4dcd51fd7@group-D84C501198B9, cid=1902, SUCCESS, logIndex=2749, commits[8cac6937-780c-4459-964a-dea4dcd51fd7:c2749, 9ed8676d-9460-465d-9905-fd43a52295f6:c2745, da64134c-6992-4903-9407-7df321e464db:c2745]
2019-07-09 09:59:22,173 INFO  client.GrpcClientProtocolClient (GrpcClientProtocolClient.java:onNext(255)) - client-CECA27ED65B5->8cac6937-780c-4459-964a-dea4dcd51fd7: receive RaftClientReply:client-CECA27ED65B5->8cac6937-780c-4459-964a-dea4dcd51fd7@group-D84C501198B9, cid=1903, SUCCESS, logIndex=2752, commits[8cac6937-780c-4459-964a-dea4dcd51fd7:c2753, 9ed8676d-9460-465d-9905-fd43a52295f6:c2749, da64134c-6992-4903-9407-7df321e464db:c2749]
2019-07-09 09:59:22,173 INFO  client.GrpcClientProtocolClient (GrpcClientProtocolClient.java:onNext(255)) - client-CECA27ED65B5->8cac6937-780c-4459-964a-dea4dcd51fd7: receive RaftClientReply:client-CECA27ED65B5->8cac6937-780c-4459-964a-dea4dcd51fd7@group-D84C501198B9, cid=1904, SUCCESS, logIndex=2753, commits[8cac6937-780c-4459-964a-dea4dcd51fd7:c2753, 9ed8676d-9460-465d-9905-fd43a52295f6:c2749, da64134c-6992-4903-9407-7df321e464db:c2749]
2019-07-09 09:59:22,184 INFO  client.GrpcClientProtocolClient (GrpcClientProtocolClient.java:onNext(255)) - client-CECA27ED65B5->8cac6937-780c-4459-964a-dea4dcd51fd7: receive RaftClientReply:client-CECA27ED65B5->8cac6937-780c-4459-964a-dea4dcd51fd7@group-D84C501198B9, cid=1905, SUCCESS, logIndex=0, commits[8cac6937-780c-4459-964a-dea4dcd51fd7:c2754, 9ed8676d-9460-465d-9905-fd43a52295f6:c2753, da64134c-6992-4903-9407-7df321e464db:c2753]
2019-07-09 09:59:22,211 INFO  client.GrpcClientProtocolClient (GrpcClientProtocolClient.java:onNext(255)) - client-CECA27ED65B5->8cac6937-780c-4459-964a-dea4dcd51fd7: receive RaftClientReply:client-CECA27ED65B5->8cac6937-780c-4459-964a-dea4dcd51fd7@group-D84C501198B9, cid=1906, SUCCESS, logIndex=2755, commits[8cac6937-780c-4459-964a-dea4dcd51fd7:c2756, 9ed8676d-9460-465d-9905-fd43a52295f6:c2754, da64134c-6992-4903-9407-7df321e464db:c2754]
2019-07-09 09:59:22,212 INFO  client.GrpcClientProtocolClient (GrpcClientProtocolClient.java:onNext(255)) - client-CECA27ED65B5->8cac6937-780c-4459-964a-dea4dcd51fd7: receive RaftClientReply:client-CECA27ED65B5->8cac6937-780c-4459-964a-dea4dcd51fd7@group-D84C501198B9, cid=1907, SUCCESS, logIndex=2756, commits[8cac6937-780c-4459-964a-dea4dcd51fd7:c2758, 9ed8676d-9460-465d-9905-fd43a52295f6:c2754, da64134c-6992-4903-9407-7df321e464db:c2754]
2019-07-09 09:59:22,212 INFO  client.GrpcClientProtocolClient (GrpcClientProtocolClient.java:onNext(255)) - client-CECA27ED65B5->8cac6937-780c-4459-964a-dea4dcd51fd7: receive RaftClientReply:client-CECA27ED65B5->8cac6937-780c-4459-964a-dea4dcd51fd7@group-D84C501198B9, cid=1908, SUCCESS, logIndex=2757, commits[8cac6937-780c-4459-964a-dea4dcd51fd7:c2758, 9ed8676d-9460-465d-9905-fd43a52295f6:c2754, da64134c-6992-4903-9407-7df321e464db:c2754]
2019-07-09 09:59:22,212 INFO  client.GrpcClientProtocolClient (GrpcClientProtocolClient.java:onNext(255)) - client-CECA27ED65B5->8cac6937-780c-4459-964a-dea4dcd51fd7: receive RaftClientReply:client-CECA27ED65B5->8cac6937-780c-4459-964a-dea4dcd51fd7@group-D84C501198B9, cid=1909, SUCCESS, logIndex=2758, commits[8cac6937-780c-4459-964a-dea4dcd51fd7:c2758, 9ed8676d-9460-465d-9905-fd43a52295f6:c2754, da64134c-6992-4903-9407-7df321e464db:c2754]
2019-07-09 09:59:22,226 INFO  client.GrpcClientProtocolClient (GrpcClientProtocolClient.java:onNext(255)) - client-CECA27ED65B5->8cac6937-780c-4459-964a-dea4dcd51fd7: receive RaftClientReply:client-CECA27ED65B5->8cac6937-780c-4459-964a-dea4dcd51fd7@group-D84C501198B9, cid=1910, SUCCESS, logIndex=0, commits[8cac6937-780c-4459-964a-dea4dcd51fd7:c2760, 9ed8676d-9460-465d-9905-fd43a52295f6:c2756, da64134c-6992-4903-9407-7df321e464db:c2756]
2019-07-09 09:59:22,245 INFO  client.GrpcClientProtocolClient (GrpcClientProtocolClient.java:onNext(255)) - client-CECA27ED65B5->8cac6937-780c-4459-964a-dea4dcd51fd7: receive RaftClientReply:client-CECA27ED65B5->8cac6937-780c-4459-964a-dea4dcd51fd7@group-D84C501198B9, cid=1911, SUCCESS, logIndex=2763, commits[8cac6937-780c-4459-964a-dea4dcd51fd7:c2764, 9ed8676d-9460-465d-9905-fd43a52295f6:c2762, da64134c-6992-4903-9407-7df321e464db:c2762]
2019-07-09 09:59:22,246 INFO  client.GrpcClientProtocolClient (GrpcClientProtocolClient.java:onNext(255)) - client-CECA27ED65B5->8cac6937-780c-4459-964a-dea4dcd51fd7: receive RaftClientReply:client-CECA27ED65B5->8cac6937-780c-4459-964a-dea4dcd51fd7@group-D84C501198B9, cid=1912, SUCCESS, logIndex=2764, commits[8cac6937-780c-4459-964a-dea4dcd51fd7:c2764, 9ed8676d-9460-465d-9905-fd43a52295f6:c2762, da64134c-6992-4903-9407-7df321e464db:c2762]
 0.00% |█                                                                                                    |  0/1 Time: 0:00:142019-07-09 09:59:22,260 INFO  client.GrpcClientProtocolClient (GrpcClientProtocolClient.java:onNext(255)) - client-CECA27ED65B5->8cac6937-780c-4459-964a-dea4dcd51fd7: receive RaftClientReply:client-CECA27ED65B5->8cac6937-780c-4459-964a-dea4dcd51fd7@group-D84C501198B9, cid=1913, SUCCESS, logIndex=2767, commits[8cac6937-780c-4459-964a-dea4dcd51fd7:c2767, 9ed8676d-9460-465d-9905-fd43a52295f6:c2764, da64134c-6992-4903-9407-7df321e464db:c2764]
2019-07-09 09:59:22,260 INFO  client.GrpcClientProtocolClient (GrpcClientProtocolClient.java:onNext(255)) - client-CECA27ED65B5->8cac6937-780c-4459-964a-dea4dcd51fd7: receive RaftClientReply:client-CECA27ED65B5->8cac6937-780c-4459-964a-dea4dcd51fd7@group-D84C501198B9, cid=1914, SUCCESS, logIndex=2768, commits[8cac6937-780c-4459-964a-dea4dcd51fd7:c2768, 9ed8676d-9460-465d-9905-fd43a52295f6:c2764, da64134c-6992-4903-9407-7df321e464db:c2764]
2019-07-09 09:59:22,263 INFO  client.GrpcClientProtocolClient (GrpcClientProtocolClient.java:onNext(255)) - client-CECA27ED65B5->8cac6937-780c-4459-964a-dea4dcd51fd7: receive RaftClientReply:client-CECA27ED65B5->8cac6937-780c-4459-964a-dea4dcd51fd7@group-D84C501198B9, cid=1915, SUCCESS, logIndex=0, commits[8cac6937-780c-4459-964a-dea4dcd51fd7:c2769, 9ed8676d-9460-465d-9905-fd43a52295f6:c2768, da64134c-6992-4903-9407-7df321e464db:c2768]
2019-07-09 09:59:22,282 INFO  client.GrpcClientProtocolClient (GrpcClientProtocolClient.java:onNext(255)) - client-CECA27ED65B5->8cac6937-780c-4459-964a-dea4dcd51fd7: receive RaftClientReply:client-CECA27ED65B5->8cac6937-780c-4459-964a-dea4dcd51fd7@group-D84C501198B9, cid=1916, SUCCESS, logIndex=2771, commits[8cac6937-780c-4459-964a-dea4dcd51fd7:c2772, 9ed8676d-9460-465d-9905-fd43a52295f6:c2770, da64134c-6992-4903-9407-7df321e464db:c2770]
2019-07-09 09:59:22,283 INFO  client.GrpcClientProtocolClient (GrpcClientProtocolClient.java:onNext(255)) - client-CECA27ED65B5->8cac6937-780c-4459-964a-dea4dcd51fd7: receive RaftClientReply:client-CECA27ED65B5->8cac6937-780c-4459-964a-dea4dcd51fd7@group-D84C501198B9, cid=1917, SUCCESS, logIndex=2772, commits[8cac6937-780c-4459-964a-dea4dcd51fd7:c2772, 9ed8676d-9460-465d-9905-fd43a52295f6:c2770, da64134c-6992-4903-9407-7df321e464db:c2770]
2019-07-09 09:59:22,283 INFO  client.GrpcClientProtocolClient (GrpcClientProtocolClient.java:onNext(255)) - client-CECA27ED65B5->8cac6937-780c-4459-964a-dea4dcd51fd7: receive RaftClientReply:client-CECA27ED65B5->8cac6937-780c-4459-964a-dea4dcd51fd7@group-D84C501198B9, cid=1918, SUCCESS, logIndex=2773, commits[8cac6937-780c-4459-964a-dea4dcd51fd7:c2774, 9ed8676d-9460-465d-9905-fd43a52295f6:c2770, da64134c-6992-4903-9407-7df321e464db:c2770]
2019-07-09 09:59:22,283 INFO  client.GrpcClientProtocolClient (GrpcClientProtocolClient.java:onNext(255)) - client-CECA27ED65B5->8cac6937-780c-4459-964a-dea4dcd51fd7: receive RaftClientReply:client-CECA27ED65B5->8cac6937-780c-4459-964a-dea4dcd51fd7@group-D84C501198B9, cid=1919, SUCCESS, logIndex=2774, commits[8cac6937-780c-4459-964a-dea4dcd51fd7:c2774, 9ed8676d-9460-465d-9905-fd43a52295f6:c2770, da64134c-6992-4903-9407-7df321e464db:c2770]
2019-07-09 09:59:22,287 INFO  client.GrpcClientProtocolClient (GrpcClientProtocolClient.java:onNext(255)) - client-CECA27ED65B5->8cac6937-780c-4459-964a-dea4dcd51fd7: receive RaftClientReply:client-CECA27ED65B5->8cac6937-780c-4459-964a-dea4dcd51fd7@group-D84C501198B9, cid=1920, SUCCESS, logIndex=0, commits[8cac6937-780c-4459-964a-dea4dcd51fd7:c2776, 9ed8676d-9460-465d-9905-fd43a52295f6:c2772, da64134c-6992-4903-9407-7df321e464db:c2772]
2019-07-09 09:59:22,319 INFO  client.GrpcClientProtocolClient (GrpcClientProtocolClient.java:onNext(255)) - client-CECA27ED65B5->8cac6937-780c-4459-964a-dea4dcd51fd7: receive RaftClientReply:client-CECA27ED65B5->8cac6937-780c-4459-964a-dea4dcd51fd7@group-D84C501198B9, cid=1921, SUCCESS, logIndex=2779, commits[8cac6937-780c-4459-964a-dea4dcd51fd7:c2780, 9ed8676d-9460-465d-9905-fd43a52295f6:c2778, da64134c-6992-4903-9407-7df321e464db:c2774]
2019-07-09 09:59:22,320 INFO  client.GrpcClientProtocolClient (GrpcClientProtocolClient.java:onNext(255)) - client-CECA27ED65B5->8cac6937-780c-4459-964a-dea4dcd51fd7: receive RaftClientReply:client-CECA27ED65B5->8cac6937-780c-4459-964a-dea4dcd51fd7@group-D84C501198B9, cid=1922, SUCCESS, logIndex=2780, commits[8cac6937-780c-4459-964a-dea4dcd51fd7:c2780, 9ed8676d-9460-465d-9905-fd43a52295f6:c2778, da64134c-6992-4903-9407-7df321e464db:c2778]
2019-07-09 09:59:22,351 INFO  client.GrpcClientProtocolClient (GrpcClientProtocolClient.java:onNext(255)) - client-CECA27ED65B5->8cac6937-780c-4459-964a-dea4dcd51fd7: receive RaftClientReply:client-CECA27ED65B5->8cac6937-780c-4459-964a-dea4dcd51fd7@group-D84C501198B9, cid=1923, SUCCESS, logIndex=2783, commits[8cac6937-780c-4459-964a-dea4dcd51fd7:c2783, 9ed8676d-9460-465d-9905-fd43a52295f6:c2781, da64134c-6992-4903-9407-7df321e464db:c2781]
2019-07-09 09:59:22,351 INFO  client.GrpcClientProtocolClient (GrpcClientProtocolClient.java:onNext(255)) - client-CECA27ED65B5->8cac6937-780c-4459-964a-dea4dcd51fd7: receive RaftClientReply:client-CECA27ED65B5->8cac6937-780c-4459-964a-dea4dcd51fd7@group-D84C501198B9, cid=1924, SUCCESS, logIndex=2784, commits[8cac6937-780c-4459-964a-dea4dcd51fd7:c2784, 9ed8676d-9460-465d-9905-fd43a52295f6:c2781, da64134c-6992-4903-9407-7df321e464db:c2781]
2019-07-09 09:59:22,365 INFO  client.GrpcClientProtocolClient (GrpcClientProtocolClient.java:onNext(255)) - client-CECA27ED65B5->8cac6937-780c-4459-964a-dea4dcd51fd7: receive RaftClientReply:client-CECA27ED65B5->8cac6937-780c-4459-964a-dea4dcd51fd7@group-D84C501198B9, cid=1925, SUCCESS, logIndex=0, commits[8cac6937-780c-4459-964a-dea4dcd51fd7:c2786, 9ed8676d-9460-465d-9905-fd43a52295f6:c2784, da64134c-6992-4903-9407-7df321e464db:c2784]
2019-07-09 09:59:22,394 INFO  client.GrpcClientProtocolClient (GrpcClientProtocolClient.java:onNext(255)) - client-CECA27ED65B5->8cac6937-780c-4459-964a-dea4dcd51fd7: receive RaftClientReply:client-CECA27ED65B5->8cac6937-780c-4459-964a-dea4dcd51fd7@group-D84C501198B9, cid=1926, SUCCESS, logIndex=2787, commits[8cac6937-780c-4459-964a-dea4dcd51fd7:c2788, 9ed8676d-9460-465d-9905-fd43a52295f6:c2786, da64134c-6992-4903-9407-7df321e464db:c2786]
2019-07-09 09:59:22,395 INFO  client.GrpcClientProtocolClient (GrpcClientProtocolClient.java:onNext(255)) - client-CECA27ED65B5->8cac6937-780c-4459-964a-dea4dcd51fd7: receive RaftClientReply:client-CECA27ED65B5->8cac6937-780c-4459-964a-dea4dcd51fd7@group-D84C501198B9, cid=1927, SUCCESS, logIndex=2788, commits[8cac6937-780c-4459-964a-dea4dcd51fd7:c2788, 9ed8676d-9460-465d-9905-fd43a52295f6:c2786, da64134c-6992-4903-9407-7df321e464db:c2786]
2019-07-09 09:59:22,395 INFO  client.GrpcClientProtocolClient (GrpcClientProtocolClient.java:onNext(255)) - client-CECA27ED65B5->8cac6937-780c-4459-964a-dea4dcd51fd7: receive RaftClientReply:client-CECA27ED65B5->8cac6937-780c-4459-964a-dea4dcd51fd7@group-D84C501198B9, cid=1928, SUCCESS, logIndex=2789, commits[8cac6937-780c-4459-964a-dea4dcd51fd7:c2789, 9ed8676d-9460-465d-9905-fd43a52295f6:c2786, da64134c-6992-4903-9407-7df321e464db:c2786]
2019-07-09 09:59:22,396 INFO  client.GrpcClientProtocolClient (GrpcClientProtocolClient.java:onNext(255)) - client-CECA27ED65B5->8cac6937-780c-4459-964a-dea4dcd51fd7: receive RaftClientReply:client-CECA27ED65B5->8cac6937-780c-4459-964a-dea4dcd51fd7@group-D84C501198B9, cid=1929, SUCCESS, logIndex=2790, commits[8cac6937-780c-4459-964a-dea4dcd51fd7:c2790, 9ed8676d-9460-465d-9905-fd43a52295f6:c2786, da64134c-6992-4903-9407-7df321e464db:c2786]
2019-07-09 09:59:22,409 INFO  client.GrpcClientProtocolClient (GrpcClientProtocolClient.java:onNext(255)) - client-CECA27ED65B5->8cac6937-780c-4459-964a-dea4dcd51fd7: receive RaftClientReply:client-CECA27ED65B5->8cac6937-780c-4459-964a-dea4dcd51fd7@group-D84C501198B9, cid=1930, SUCCESS, logIndex=0, commits[8cac6937-780c-4459-964a-dea4dcd51fd7:c2792, 9ed8676d-9460-465d-9905-fd43a52295f6:c2788, da64134c-6992-4903-9407-7df321e464db:c2788]
2019-07-09 09:59:22,430 INFO  client.GrpcClientProtocolClient (GrpcClientProtocolClient.java:onNext(255)) - client-CECA27ED65B5->8cac6937-780c-4459-964a-dea4dcd51fd7: receive RaftClientReply:client-CECA27ED65B5->8cac6937-780c-4459-964a-dea4dcd51fd7@group-D84C501198B9, cid=1931, SUCCESS, logIndex=2795, commits[8cac6937-780c-4459-964a-dea4dcd51fd7:c2796, 9ed8676d-9460-465d-9905-fd43a52295f6:c2794, da64134c-6992-4903-9407-7df321e464db:c2794]
2019-07-09 09:59:22,430 INFO  client.GrpcClientProtocolClient (GrpcClientProtocolClient.java:onNext(255)) - client-CECA27ED65B5->8cac6937-780c-4459-964a-dea4dcd51fd7: receive RaftClientReply:client-CECA27ED65B5->8cac6937-780c-4459-964a-dea4dcd51fd7@group-D84C501198B9, cid=1932, SUCCESS, logIndex=2796, commits[8cac6937-780c-4459-964a-dea4dcd51fd7:c2796, 9ed8676d-9460-465d-9905-fd43a52295f6:c2794, da64134c-6992-4903-9407-7df321e464db:c2794]
2019-07-09 09:59:22,446 INFO  client.GrpcClientProtocolClient (GrpcClientProtocolClient.java:onNext(255)) - client-CECA27ED65B5->8cac6937-780c-4459-964a-dea4dcd51fd7: receive RaftClientReply:client-CECA27ED65B5->8cac6937-780c-4459-964a-dea4dcd51fd7@group-D84C501198B9, cid=1933, SUCCESS, logIndex=2799, commits[8cac6937-780c-4459-964a-dea4dcd51fd7:c2800, 9ed8676d-9460-465d-9905-fd43a52295f6:c2796, da64134c-6992-4903-9407-7df321e464db:c2796]
2019-07-09 09:59:22,446 INFO  client.GrpcClientProtocolClient (GrpcClientProtocolClient.java:onNext(255)) - client-CECA27ED65B5->8cac6937-780c-4459-964a-dea4dcd51fd7: receive RaftClientReply:client-CECA27ED65B5->8cac6937-780c-4459-964a-dea4dcd51fd7@group-D84C501198B9, cid=1934, SUCCESS, logIndex=2800, commits[8cac6937-780c-4459-964a-dea4dcd51fd7:c2800, 9ed8676d-9460-465d-9905-fd43a52295f6:c2796, da64134c-6992-4903-9407-7df321e464db:c2796]
2019-07-09 09:59:22,461 INFO  client.GrpcClientProtocolClient (GrpcClientProtocolClient.java:onNext(255)) - client-CECA27ED65B5->8cac6937-780c-4459-964a-dea4dcd51fd7: receive RaftClientReply:client-CECA27ED65B5->8cac6937-780c-4459-964a-dea4dcd51fd7@group-D84C501198B9, cid=1935, SUCCESS, logIndex=0, commits[8cac6937-780c-4459-964a-dea4dcd51fd7:c2802, 9ed8676d-9460-465d-9905-fd43a52295f6:c2800, da64134c-6992-4903-9407-7df321e464db:c2800]
2019-07-09 09:59:22,487 INFO  client.GrpcClientProtocolClient (GrpcClientProtocolClient.java:onNext(255)) - client-CECA27ED65B5->8cac6937-780c-4459-964a-dea4dcd51fd7: receive RaftClientReply:client-CECA27ED65B5->8cac6937-780c-4459-964a-dea4dcd51fd7@group-D84C501198B9, cid=1936, SUCCESS, logIndex=2803, commits[8cac6937-780c-4459-964a-dea4dcd51fd7:c2804, 9ed8676d-9460-465d-9905-fd43a52295f6:c2802, da64134c-6992-4903-9407-7df321e464db:c2802]
2019-07-09 09:59:22,488 INFO  client.GrpcClientProtocolClient (GrpcClientProtocolClient.java:onNext(255)) - client-CECA27ED65B5->8cac6937-780c-4459-964a-dea4dcd51fd7: receive RaftClientReply:client-CECA27ED65B5->8cac6937-780c-4459-964a-dea4dcd51fd7@group-D84C501198B9, cid=1937, SUCCESS, logIndex=2804, commits[8cac6937-780c-4459-964a-dea4dcd51fd7:c2804, 9ed8676d-9460-465d-9905-fd43a52295f6:c2802, da64134c-6992-4903-9407-7df321e464db:c2802]
2019-07-09 09:59:22,490 INFO  client.GrpcClientProtocolClient (GrpcClientProtocolClient.java:onNext(255)) - client-CECA27ED65B5->8cac6937-780c-4459-964a-dea4dcd51fd7: receive RaftClientReply:client-CECA27ED65B5->8cac6937-780c-4459-964a-dea4dcd51fd7@group-D84C501198B9, cid=1938, SUCCESS, logIndex=2805, commits[8cac6937-780c-4459-964a-dea4dcd51fd7:c2806, 9ed8676d-9460-465d-9905-fd43a52295f6:c2802, da64134c-6992-4903-9407-7df321e464db:c2802]
2019-07-09 09:59:22,490 INFO  client.GrpcClientProtocolClient (GrpcClientProtocolClient.java:onNext(255)) - client-CECA27ED65B5->8cac6937-780c-4459-964a-dea4dcd51fd7: receive RaftClientReply:client-CECA27ED65B5->8cac6937-780c-4459-964a-dea4dcd51fd7@group-D84C501198B9, cid=1939, SUCCESS, logIndex=2806, commits[8cac6937-780c-4459-964a-dea4dcd51fd7:c2806, 9ed8676d-9460-465d-9905-fd43a52295f6:c2802, da64134c-6992-4903-9407-7df321e464db:c2802]
2019-07-09 09:59:22,503 INFO  client.GrpcClientProtocolClient (GrpcClientProtocolClient.java:onNext(255)) - client-CECA27ED65B5->8cac6937-780c-4459-964a-dea4dcd51fd7: receive RaftClientReply:client-CECA27ED65B5->8cac6937-780c-4459-964a-dea4dcd51fd7@group-D84C501198B9, cid=1940, SUCCESS, logIndex=0, commits[8cac6937-780c-4459-964a-dea4dcd51fd7:c2807, 9ed8676d-9460-465d-9905-fd43a52295f6:c2804, da64134c-6992-4903-9407-7df321e464db:c2804]
2019-07-09 09:59:22,516 INFO  client.GrpcClientProtocolClient (GrpcClientProtocolClient.java:onNext(255)) - client-CECA27ED65B5->8cac6937-780c-4459-964a-dea4dcd51fd7: receive RaftClientReply:client-CECA27ED65B5->8cac6937-780c-4459-964a-dea4dcd51fd7@group-D84C501198B9, cid=1941, SUCCESS, logIndex=2811, commits[8cac6937-780c-4459-964a-dea4dcd51fd7:c2812, 9ed8676d-9460-465d-9905-fd43a52295f6:c2807, da64134c-6992-4903-9407-7df321e464db:c2806]
2019-07-09 09:59:22,517 INFO  client.GrpcClientProtocolClient (GrpcClientProtocolClient.java:onNext(255)) - client-CECA27ED65B5->8cac6937-780c-4459-964a-dea4dcd51fd7: receive RaftClientReply:client-CECA27ED65B5->8cac6937-780c-4459-964a-dea4dcd51fd7@group-D84C501198B9, cid=1942, SUCCESS, logIndex=2812, commits[8cac6937-780c-4459-964a-dea4dcd51fd7:c2812, 9ed8676d-9460-465d-9905-fd43a52295f6:c2807, da64134c-6992-4903-9407-7df321e464db:c2806]
2019-07-09 09:59:22,540 INFO  client.GrpcClientProtocolClient (GrpcClientProtocolClient.java:onNext(255)) - client-CECA27ED65B5->8cac6937-780c-4459-964a-dea4dcd51fd7: receive RaftClientReply:client-CECA27ED65B5->8cac6937-780c-4459-964a-dea4dcd51fd7@group-D84C501198B9, cid=1943, SUCCESS, logIndex=2815, commits[8cac6937-780c-4459-964a-dea4dcd51fd7:c2816, 9ed8676d-9460-465d-9905-fd43a52295f6:c2814, da64134c-6992-4903-9407-7df321e464db:c2814]
2019-07-09 09:59:22,541 INFO  client.GrpcClientProtocolClient (GrpcClientProtocolClient.java:onNext(255)) - client-CECA27ED65B5->8cac6937-780c-4459-964a-dea4dcd51fd7: receive RaftClientReply:client-CECA27ED65B5->8cac6937-780c-4459-964a-dea4dcd51fd7@group-D84C501198B9, cid=1944, SUCCESS, logIndex=2816, commits[8cac6937-780c-4459-964a-dea4dcd51fd7:c2816, 9ed8676d-9460-465d-9905-fd43a52295f6:c2814, da64134c-6992-4903-9407-7df321e464db:c2814]
2019-07-09 09:59:22,547 INFO  client.GrpcClientProtocolClient (GrpcClientProtocolClient.java:onNext(255)) - client-CECA27ED65B5->8cac6937-780c-4459-964a-dea4dcd51fd7: receive RaftClientReply:client-CECA27ED65B5->8cac6937-780c-4459-964a-dea4dcd51fd7@group-D84C501198B9, cid=1945, SUCCESS, logIndex=0, commits[8cac6937-780c-4459-964a-dea4dcd51fd7:c2818, 9ed8676d-9460-465d-9905-fd43a52295f6:c2816, da64134c-6992-4903-9407-7df321e464db:c2816]
2019-07-09 09:59:22,571 INFO  client.GrpcClientProtocolClient (GrpcClientProtocolClient.java:onNext(255)) - client-CECA27ED65B5->8cac6937-780c-4459-964a-dea4dcd51fd7: receive RaftClientReply:client-CECA27ED65B5->8cac6937-780c-4459-964a-dea4dcd51fd7@group-D84C501198B9, cid=1946, SUCCESS, logIndex=2819, commits[8cac6937-780c-4459-964a-dea4dcd51fd7:c2820, 9ed8676d-9460-465d-9905-fd43a52295f6:c2818, da64134c-6992-4903-9407-7df321e464db:c2818]
2019-07-09 09:59:22,571 INFO  client.GrpcClientProtocolClient (GrpcClientProtocolClient.java:onNext(255)) - client-CECA27ED65B5->8cac6937-780c-4459-964a-dea4dcd51fd7: receive RaftClientReply:client-CECA27ED65B5->8cac6937-780c-4459-964a-dea4dcd51fd7@group-D84C501198B9, cid=1947, SUCCESS, logIndex=2820, commits[8cac6937-780c-4459-964a-dea4dcd51fd7:c2820, 9ed8676d-9460-465d-9905-fd43a52295f6:c2818, da64134c-6992-4903-9407-7df321e464db:c2818]
2019-07-09 09:59:22,573 INFO  client.GrpcClientProtocolClient (GrpcClientProtocolClient.java:onNext(255)) - client-CECA27ED65B5->8cac6937-780c-4459-964a-dea4dcd51fd7: receive RaftClientReply:client-CECA27ED65B5->8cac6937-780c-4459-964a-dea4dcd51fd7@group-D84C501198B9, cid=1948, SUCCESS, logIndex=2821, commits[8cac6937-780c-4459-964a-dea4dcd51fd7:c2822, 9ed8676d-9460-465d-9905-fd43a52295f6:c2818, da64134c-6992-4903-9407-7df321e464db:c2820]
2019-07-09 09:59:22,574 INFO  client.GrpcClientProtocolClient (GrpcClientProtocolClient.java:onNext(255)) - client-CECA27ED65B5->8cac6937-780c-4459-964a-dea4dcd51fd7: receive RaftClientReply:client-CECA27ED65B5->8cac6937-780c-4459-964a-dea4dcd51fd7@group-D84C501198B9, cid=1949, SUCCESS, logIndex=2822, commits[8cac6937-780c-4459-964a-dea4dcd51fd7:c2823, 9ed8676d-9460-465d-9905-fd43a52295f6:c2818, da64134c-6992-4903-9407-7df321e464db:c2820]
2019-07-09 09:59:22,575 INFO  client.GrpcClientProtocolClient (GrpcClientProtocolClient.java:onNext(255)) - client-CECA27ED65B5->8cac6937-780c-4459-964a-dea4dcd51fd7: receive RaftClientReply:client-CECA27ED65B5->8cac6937-780c-4459-964a-dea4dcd51fd7@group-D84C501198B9, cid=1950, SUCCESS, logIndex=0, commits[8cac6937-780c-4459-964a-dea4dcd51fd7:c2825, 9ed8676d-9460-465d-9905-fd43a52295f6:c2820, da64134c-6992-4903-9407-7df321e464db:c2821]
2019-07-09 09:59:22,679 INFO  client.GrpcClientProtocolClient (GrpcClientProtocolClient.java:onNext(255)) - client-CECA27ED65B5->8cac6937-780c-4459-964a-dea4dcd51fd7: receive RaftClientReply:client-CECA27ED65B5->8cac6937-780c-4459-964a-dea4dcd51fd7@group-D84C501198B9, cid=1951, SUCCESS, logIndex=2827, commits[8cac6937-780c-4459-964a-dea4dcd51fd7:c2828, 9ed8676d-9460-465d-9905-fd43a52295f6:c2826, da64134c-6992-4903-9407-7df321e464db:c2826]
2019-07-09 09:59:22,680 INFO  client.GrpcClientProtocolClient (GrpcClientProtocolClient.java:onNext(255)) - client-CECA27ED65B5->8cac6937-780c-4459-964a-dea4dcd51fd7: receive RaftClientReply:client-CECA27ED65B5->8cac6937-780c-4459-964a-dea4dcd51fd7@group-D84C501198B9, cid=1952, SUCCESS, logIndex=2828, commits[8cac6937-780c-4459-964a-dea4dcd51fd7:c2828, 9ed8676d-9460-465d-9905-fd43a52295f6:c2826, da64134c-6992-4903-9407-7df321e464db:c2826]
2019-07-09 09:59:22,706 INFO  client.GrpcClientProtocolClient (GrpcClientProtocolClient.java:onNext(255)) - client-CECA27ED65B5->8cac6937-780c-4459-964a-dea4dcd51fd7: receive RaftClientReply:client-CECA27ED65B5->8cac6937-780c-4459-964a-dea4dcd51fd7@group-D84C501198B9, cid=1953, SUCCESS, logIndex=2831, commits[8cac6937-780c-4459-964a-dea4dcd51fd7:c2832, 9ed8676d-9460-465d-9905-fd43a52295f6:c2828, da64134c-6992-4903-9407-7df321e464db:c2828]
2019-07-09 09:59:22,706 INFO  client.GrpcClientProtocolClient (GrpcClientProtocolClient.java:onNext(255)) - client-CECA27ED65B5->8cac6937-780c-4459-964a-dea4dcd51fd7: receive RaftClientReply:client-CECA27ED65B5->8cac6937-780c-4459-964a-dea4dcd51fd7@group-D84C501198B9, cid=1954, SUCCESS, logIndex=2832, commits[8cac6937-780c-4459-964a-dea4dcd51fd7:c2832, 9ed8676d-9460-465d-9905-fd43a52295f6:c2828, da64134c-6992-4903-9407-7df321e464db:c2828]
2019-07-09 09:59:22,709 INFO  client.GrpcClientProtocolClient (GrpcClientProtocolClient.java:onNext(255)) - client-CECA27ED65B5->8cac6937-780c-4459-964a-dea4dcd51fd7: receive RaftClientReply:client-CECA27ED65B5->8cac6937-780c-4459-964a-dea4dcd51fd7@group-D84C501198B9, cid=1955, SUCCESS, logIndex=0, commits[8cac6937-780c-4459-964a-dea4dcd51fd7:c2833, 9ed8676d-9460-465d-9905-fd43a52295f6:c2832, da64134c-6992-4903-9407-7df321e464db:c2832]
2019-07-09 09:59:22,737 INFO  client.GrpcClientProtocolClient (GrpcClientProtocolClient.java:onNext(255)) - client-CECA27ED65B5->8cac6937-780c-4459-964a-dea4dcd51fd7: receive RaftClientReply:client-CECA27ED65B5->8cac6937-780c-4459-964a-dea4dcd51fd7@group-D84C501198B9, cid=1956, SUCCESS, logIndex=2834, commits[8cac6937-780c-4459-964a-dea4dcd51fd7:c2836, 9ed8676d-9460-465d-9905-fd43a52295f6:c2833, da64134c-6992-4903-9407-7df321e464db:c2833]
2019-07-09 09:59:22,738 INFO  client.GrpcClientProtocolClient (GrpcClientProtocolClient.java:onNext(255)) - client-CECA27ED65B5->8cac6937-780c-4459-964a-dea4dcd51fd7: receive RaftClientReply:client-CECA27ED65B5->8cac6937-780c-4459-964a-dea4dcd51fd7@group-D84C501198B9, cid=1957, SUCCESS, logIndex=2835, commits[8cac6937-780c-4459-964a-dea4dcd51fd7:c2837, 9ed8676d-9460-465d-9905-fd43a52295f6:c2833, da64134c-6992-4903-9407-7df321e464db:c2833]
2019-07-09 09:59:22,738 INFO  client.GrpcClientProtocolClient (GrpcClientProtocolClient.java:onNext(255)) - client-CECA27ED65B5->8cac6937-780c-4459-964a-dea4dcd51fd7: receive RaftClientReply:client-CECA27ED65B5->8cac6937-780c-4459-964a-dea4dcd51fd7@group-D84C501198B9, cid=1958, SUCCESS, logIndex=2836, commits[8cac6937-780c-4459-964a-dea4dcd51fd7:c2837, 9ed8676d-9460-465d-9905-fd43a52295f6:c2833, da64134c-6992-4903-9407-7df321e464db:c2833]
2019-07-09 09:59:22,738 INFO  client.GrpcClientProtocolClient (GrpcClientProtocolClient.java:onNext(255)) - client-CECA27ED65B5->8cac6937-780c-4459-964a-dea4dcd51fd7: receive RaftClientReply:client-CECA27ED65B5->8cac6937-780c-4459-964a-dea4dcd51fd7@group-D84C501198B9, cid=1959, SUCCESS, logIndex=2837, commits[8cac6937-780c-4459-964a-dea4dcd51fd7:c2838, 9ed8676d-9460-465d-9905-fd43a52295f6:c2834, da64134c-6992-4903-9407-7df321e464db:c2833]
2019-07-09 09:59:22,740 INFO  client.GrpcClientProtocolClient (GrpcClientProtocolClient.java:onNext(255)) - client-CECA27ED65B5->8cac6937-780c-4459-964a-dea4dcd51fd7: receive RaftClientReply:client-CECA27ED65B5->8cac6937-780c-4459-964a-dea4dcd51fd7@group-D84C501198B9, cid=1960, SUCCESS, logIndex=0, commits[8cac6937-780c-4459-964a-dea4dcd51fd7:c2840, 9ed8676d-9460-465d-9905-fd43a52295f6:c2837, da64134c-6992-4903-9407-7df321e464db:c2835]
2019-07-09 09:59:22,761 INFO  client.GrpcClientProtocolClient (GrpcClientProtocolClient.java:onNext(255)) - client-CECA27ED65B5->8cac6937-780c-4459-964a-dea4dcd51fd7: receive RaftClientReply:client-CECA27ED65B5->8cac6937-780c-4459-964a-dea4dcd51fd7@group-D84C501198B9, cid=1961, SUCCESS, logIndex=2842, commits[8cac6937-780c-4459-964a-dea4dcd51fd7:c2843, 9ed8676d-9460-465d-9905-fd43a52295f6:c2841, da64134c-6992-4903-9407-7df321e464db:c2841]
2019-07-09 09:59:22,762 INFO  client.GrpcClientProtocolClient (GrpcClientProtocolClient.java:onNext(255)) - client-CECA27ED65B5->8cac6937-780c-4459-964a-dea4dcd51fd7: receive RaftClientReply:client-CECA27ED65B5->8cac6937-780c-4459-964a-dea4dcd51fd7@group-D84C501198B9, cid=1962, SUCCESS, logIndex=2843, commits[8cac6937-780c-4459-964a-dea4dcd51fd7:c2843, 9ed8676d-9460-465d-9905-fd43a52295f6:c2841, da64134c-6992-4903-9407-7df321e464db:c2841]
2019-07-09 09:59:22,777 INFO  client.GrpcClientProtocolClient (GrpcClientProtocolClient.java:onNext(255)) - client-CECA27ED65B5->8cac6937-780c-4459-964a-dea4dcd51fd7: receive RaftClientReply:client-CECA27ED65B5->8cac6937-780c-4459-964a-dea4dcd51fd7@group-D84C501198B9, cid=1963, SUCCESS, logIndex=2846, commits[8cac6937-780c-4459-964a-dea4dcd51fd7:c2846, 9ed8676d-9460-465d-9905-fd43a52295f6:c2843, da64134c-6992-4903-9407-7df321e464db:c2843]
2019-07-09 09:59:22,777 INFO  client.GrpcClientProtocolClient (GrpcClientProtocolClient.java:onNext(255)) - client-CECA27ED65B5->8cac6937-780c-4459-964a-dea4dcd51fd7: receive RaftClientReply:client-CECA27ED65B5->8cac6937-780c-4459-964a-dea4dcd51fd7@group-D84C501198B9, cid=1964, SUCCESS, logIndex=2847, commits[8cac6937-780c-4459-964a-dea4dcd51fd7:c2847, 9ed8676d-9460-465d-9905-fd43a52295f6:c2843, da64134c-6992-4903-9407-7df321e464db:c2843]
2019-07-09 09:59:22,790 INFO  client.GrpcClientProtocolClient (GrpcClientProtocolClient.java:onNext(255)) - client-CECA27ED65B5->8cac6937-780c-4459-964a-dea4dcd51fd7: receive RaftClientReply:client-CECA27ED65B5->8cac6937-780c-4459-964a-dea4dcd51fd7@group-D84C501198B9, cid=1965, SUCCESS, logIndex=0, commits[8cac6937-780c-4459-964a-dea4dcd51fd7:c2849, 9ed8676d-9460-465d-9905-fd43a52295f6:c2847, da64134c-6992-4903-9407-7df321e464db:c2847]
2019-07-09 09:59:22,821 INFO  client.GrpcClientProtocolClient (GrpcClientProtocolClient.java:onNext(255)) - client-CECA27ED65B5->8cac6937-780c-4459-964a-dea4dcd51fd7: receive RaftClientReply:client-CECA27ED65B5->8cac6937-780c-4459-964a-dea4dcd51fd7@group-D84C501198B9, cid=1966, SUCCESS, logIndex=2850, commits[8cac6937-780c-4459-964a-dea4dcd51fd7:c2851, 9ed8676d-9460-465d-9905-fd43a52295f6:c2849, da64134c-6992-4903-9407-7df321e464db:c2849]
2019-07-09 09:59:22,822 INFO  client.GrpcClientProtocolClient (GrpcClientProtocolClient.java:onNext(255)) - client-CECA27ED65B5->8cac6937-780c-4459-964a-dea4dcd51fd7: receive RaftClientReply:client-CECA27ED65B5->8cac6937-780c-4459-964a-dea4dcd51fd7@group-D84C501198B9, cid=1967, SUCCESS, logIndex=2851, commits[8cac6937-780c-4459-964a-dea4dcd51fd7:c2853, 9ed8676d-9460-465d-9905-fd43a52295f6:c2849, da64134c-6992-4903-9407-7df321e464db:c2849]
2019-07-09 09:59:22,822 INFO  client.GrpcClientProtocolClient (GrpcClientProtocolClient.java:onNext(255)) - client-CECA27ED65B5->8cac6937-780c-4459-964a-dea4dcd51fd7: receive RaftClientReply:client-CECA27ED65B5->8cac6937-780c-4459-964a-dea4dcd51fd7@group-D84C501198B9, cid=1968, SUCCESS, logIndex=2852, commits[8cac6937-780c-4459-964a-dea4dcd51fd7:c2853, 9ed8676d-9460-465d-9905-fd43a52295f6:c2849, da64134c-6992-4903-9407-7df321e464db:c2849]
2019-07-09 09:59:22,822 INFO  client.GrpcClientProtocolClient (GrpcClientProtocolClient.java:onNext(255)) - client-CECA27ED65B5->8cac6937-780c-4459-964a-dea4dcd51fd7: receive RaftClientReply:client-CECA27ED65B5->8cac6937-780c-4459-964a-dea4dcd51fd7@group-D84C501198B9, cid=1969, SUCCESS, logIndex=2853, commits[8cac6937-780c-4459-964a-dea4dcd51fd7:c2853, 9ed8676d-9460-465d-9905-fd43a52295f6:c2849, da64134c-6992-4903-9407-7df321e464db:c2849]
2019-07-09 09:59:22,824 INFO  client.GrpcClientProtocolClient (GrpcClientProtocolClient.java:onNext(255)) - client-CECA27ED65B5->8cac6937-780c-4459-964a-dea4dcd51fd7: receive RaftClientReply:client-CECA27ED65B5->8cac6937-780c-4459-964a-dea4dcd51fd7@group-D84C501198B9, cid=1970, SUCCESS, logIndex=0, commits[8cac6937-780c-4459-964a-dea4dcd51fd7:c2855, 9ed8676d-9460-465d-9905-fd43a52295f6:c2851, da64134c-6992-4903-9407-7df321e464db:c2851]
2019-07-09 09:59:22,848 INFO  client.GrpcClientProtocolClient (GrpcClientProtocolClient.java:onNext(255)) - client-CECA27ED65B5->8cac6937-780c-4459-964a-dea4dcd51fd7: receive RaftClientReply:client-CECA27ED65B5->8cac6937-780c-4459-964a-dea4dcd51fd7@group-D84C501198B9, cid=1971, SUCCESS, logIndex=2858, commits[8cac6937-780c-4459-964a-dea4dcd51fd7:c2859, 9ed8676d-9460-465d-9905-fd43a52295f6:c2857, da64134c-6992-4903-9407-7df321e464db:c2857]
2019-07-09 09:59:22,849 INFO  client.GrpcClientProtocolClient (GrpcClientProtocolClient.java:onNext(255)) - client-CECA27ED65B5->8cac6937-780c-4459-964a-dea4dcd51fd7: receive RaftClientReply:client-CECA27ED65B5->8cac6937-780c-4459-964a-dea4dcd51fd7@group-D84C501198B9, cid=1972, SUCCESS, logIndex=2859, commits[8cac6937-780c-4459-964a-dea4dcd51fd7:c2859, 9ed8676d-9460-465d-9905-fd43a52295f6:c2857, da64134c-6992-4903-9407-7df321e464db:c2857]
2019-07-09 09:59:22,887 INFO  client.GrpcClientProtocolClient (GrpcClientProtocolClient.java:onNext(255)) - client-CECA27ED65B5->8cac6937-780c-4459-964a-dea4dcd51fd7: receive RaftClientReply:client-CECA27ED65B5->8cac6937-780c-4459-964a-dea4dcd51fd7@group-D84C501198B9, cid=1973, SUCCESS, logIndex=2862, commits[8cac6937-780c-4459-964a-dea4dcd51fd7:c2863, 9ed8676d-9460-465d-9905-fd43a52295f6:c2861, da64134c-6992-4903-9407-7df321e464db:c2861]
2019-07-09 09:59:22,887 INFO  client.GrpcClientProtocolClient (GrpcClientProtocolClient.java:onNext(255)) - client-CECA27ED65B5->8cac6937-780c-4459-964a-dea4dcd51fd7: receive RaftClientReply:client-CECA27ED65B5->8cac6937-780c-4459-964a-dea4dcd51fd7@group-D84C501198B9, cid=1974, SUCCESS, logIndex=2863, commits[8cac6937-780c-4459-964a-dea4dcd51fd7:c2863, 9ed8676d-9460-465d-9905-fd43a52295f6:c2861, da64134c-6992-4903-9407-7df321e464db:c2861]
2019-07-09 09:59:22,899 INFO  client.GrpcClientProtocolClient (GrpcClientProtocolClient.java:onNext(255)) - client-CECA27ED65B5->8cac6937-780c-4459-964a-dea4dcd51fd7: receive RaftClientReply:client-CECA27ED65B5->8cac6937-780c-4459-964a-dea4dcd51fd7@group-D84C501198B9, cid=1975, SUCCESS, logIndex=0, commits[8cac6937-780c-4459-964a-dea4dcd51fd7:c2864, 9ed8676d-9460-465d-9905-fd43a52295f6:c2863, da64134c-6992-4903-9407-7df321e464db:c2863]
2019-07-09 09:59:22,934 INFO  client.GrpcClientProtocolClient (GrpcClientProtocolClient.java:onNext(255)) - client-CECA27ED65B5->8cac6937-780c-4459-964a-dea4dcd51fd7: receive RaftClientReply:client-CECA27ED65B5->8cac6937-780c-4459-964a-dea4dcd51fd7@group-D84C501198B9, cid=1976, SUCCESS, logIndex=2866, commits[8cac6937-780c-4459-964a-dea4dcd51fd7:c2869, 9ed8676d-9460-465d-9905-fd43a52295f6:c2865, da64134c-6992-4903-9407-7df321e464db:c2865]
2019-07-09 09:59:22,935 INFO  client.GrpcClientProtocolClient (GrpcClientProtocolClient.java:onNext(255)) - client-CECA27ED65B5->8cac6937-780c-4459-964a-dea4dcd51fd7: receive RaftClientReply:client-CECA27ED65B5->8cac6937-780c-4459-964a-dea4dcd51fd7@group-D84C501198B9, cid=1977, SUCCESS, logIndex=2867, commits[8cac6937-780c-4459-964a-dea4dcd51fd7:c2869, 9ed8676d-9460-465d-9905-fd43a52295f6:c2865, da64134c-6992-4903-9407-7df321e464db:c2865]
2019-07-09 09:59:22,935 INFO  client.GrpcClientProtocolClient (GrpcClientProtocolClient.java:onNext(255)) - client-CECA27ED65B5->8cac6937-780c-4459-964a-dea4dcd51fd7: receive RaftClientReply:client-CECA27ED65B5->8cac6937-780c-4459-964a-dea4dcd51fd7@group-D84C501198B9, cid=1978, SUCCESS, logIndex=2868, commits[8cac6937-780c-4459-964a-dea4dcd51fd7:c2869, 9ed8676d-9460-465d-9905-fd43a52295f6:c2865, da64134c-6992-4903-9407-7df321e464db:c2865]
2019-07-09 09:59:22,935 INFO  client.GrpcClientProtocolClient (GrpcClientProtocolClient.java:onNext(255)) - client-CECA27ED65B5->8cac6937-780c-4459-964a-dea4dcd51fd7: receive RaftClientReply:client-CECA27ED65B5->8cac6937-780c-4459-964a-dea4dcd51fd7@group-D84C501198B9, cid=1979, SUCCESS, logIndex=2869, commits[8cac6937-780c-4459-964a-dea4dcd51fd7:c2869, 9ed8676d-9460-465d-9905-fd43a52295f6:c2865, da64134c-6992-4903-9407-7df321e464db:c2865]
2019-07-09 09:59:22,945 INFO  client.GrpcClientProtocolClient (GrpcClientProtocolClient.java:onNext(255)) - client-CECA27ED65B5->8cac6937-780c-4459-964a-dea4dcd51fd7: receive RaftClientReply:client-CECA27ED65B5->8cac6937-780c-4459-964a-dea4dcd51fd7@group-D84C501198B9, cid=1980, SUCCESS, logIndex=0, commits[8cac6937-780c-4459-964a-dea4dcd51fd7:c2870, 9ed8676d-9460-465d-9905-fd43a52295f6:c2869, da64134c-6992-4903-9407-7df321e464db:c2869]
2019-07-09 09:59:22,968 INFO  client.GrpcClientProtocolClient (GrpcClientProtocolClient.java:onNext(255)) - client-CECA27ED65B5->8cac6937-780c-4459-964a-dea4dcd51fd7: receive RaftClientReply:client-CECA27ED65B5->8cac6937-780c-4459-964a-dea4dcd51fd7@group-D84C501198B9, cid=1981, SUCCESS, logIndex=2872, commits[8cac6937-780c-4459-964a-dea4dcd51fd7:c2873, 9ed8676d-9460-465d-9905-fd43a52295f6:c2871, da64134c-6992-4903-9407-7df321e464db:c2871]
2019-07-09 09:59:22,969 INFO  client.GrpcClientProtocolClient (GrpcClientProtocolClient.java:onNext(255)) - client-CECA27ED65B5->8cac6937-780c-4459-964a-dea4dcd51fd7: receive RaftClientReply:client-CECA27ED65B5->8cac6937-780c-4459-964a-dea4dcd51fd7@group-D84C501198B9, cid=1982, SUCCESS, logIndex=2873, commits[8cac6937-780c-4459-964a-dea4dcd51fd7:c2873, 9ed8676d-9460-465d-9905-fd43a52295f6:c2871, da64134c-6992-4903-9407-7df321e464db:c2871]
2019-07-09 09:59:22,993 INFO  client.GrpcClientProtocolClient (GrpcClientProtocolClient.java:onNext(255)) - client-CECA27ED65B5->8cac6937-780c-4459-964a-dea4dcd51fd7: receive RaftClientReply:client-CECA27ED65B5->8cac6937-780c-4459-964a-dea4dcd51fd7@group-D84C501198B9, cid=1983, SUCCESS, logIndex=2876, commits[8cac6937-780c-4459-964a-dea4dcd51fd7:c2877, 9ed8676d-9460-465d-9905-fd43a52295f6:c2873, da64134c-6992-4903-9407-7df321e464db:c2873]
2019-07-09 09:59:22,993 INFO  client.GrpcClientProtocolClient (GrpcClientProtocolClient.java:onNext(255)) - client-CECA27ED65B5->8cac6937-780c-4459-964a-dea4dcd51fd7: receive RaftClientReply:client-CECA27ED65B5->8cac6937-780c-4459-964a-dea4dcd51fd7@group-D84C501198B9, cid=1984, SUCCESS, logIndex=2877, commits[8cac6937-780c-4459-964a-dea4dcd51fd7:c2877, 9ed8676d-9460-465d-9905-fd43a52295f6:c2873, da64134c-6992-4903-9407-7df321e464db:c2873]
2019-07-09 09:59:23,004 INFO  client.GrpcClientProtocolClient (GrpcClientProtocolClient.java:onNext(255)) - client-CECA27ED65B5->8cac6937-780c-4459-964a-dea4dcd51fd7: receive RaftClientReply:client-CECA27ED65B5->8cac6937-780c-4459-964a-dea4dcd51fd7@group-D84C501198B9, cid=1985, SUCCESS, logIndex=0, commits[8cac6937-780c-4459-964a-dea4dcd51fd7:c2878, 9ed8676d-9460-465d-9905-fd43a52295f6:c2877, da64134c-6992-4903-9407-7df321e464db:c2877]
2019-07-09 09:59:23,039 INFO  client.GrpcClientProtocolClient (GrpcClientProtocolClient.java:onNext(255)) - client-CECA27ED65B5->8cac6937-780c-4459-964a-dea4dcd51fd7: receive RaftClientReply:client-CECA27ED65B5->8cac6937-780c-4459-964a-dea4dcd51fd7@group-D84C501198B9, cid=1986, SUCCESS, logIndex=2879, commits[8cac6937-780c-4459-964a-dea4dcd51fd7:c2880, 9ed8676d-9460-465d-9905-fd43a52295f6:c2878, da64134c-6992-4903-9407-7df321e464db:c2878]
2019-07-09 09:59:23,039 INFO  client.GrpcClientProtocolClient (GrpcClientProtocolClient.java:onNext(255)) - client-CECA27ED65B5->8cac6937-780c-4459-964a-dea4dcd51fd7: receive RaftClientReply:client-CECA27ED65B5->8cac6937-780c-4459-964a-dea4dcd51fd7@group-D84C501198B9, cid=1987, SUCCESS, logIndex=2880, commits[8cac6937-780c-4459-964a-dea4dcd51fd7:c2880, 9ed8676d-9460-465d-9905-fd43a52295f6:c2878, da64134c-6992-4903-9407-7df321e464db:c2878]
2019-07-09 09:59:23,049 INFO  client.GrpcClientProtocolClient (GrpcClientProtocolClient.java:onNext(255)) - client-CECA27ED65B5->8cac6937-780c-4459-964a-dea4dcd51fd7: receive RaftClientReply:client-CECA27ED65B5->8cac6937-780c-4459-964a-dea4dcd51fd7@group-D84C501198B9, cid=1988, SUCCESS, logIndex=2881, commits[8cac6937-780c-4459-964a-dea4dcd51fd7:c2882, 9ed8676d-9460-465d-9905-fd43a52295f6:c2878, da64134c-6992-4903-9407-7df321e464db:c2878]
2019-07-09 09:59:23,049 INFO  client.GrpcClientProtocolClient (GrpcClientProtocolClient.java:onNext(255)) - client-CECA27ED65B5->8cac6937-780c-4459-964a-dea4dcd51fd7: receive RaftClientReply:client-CECA27ED65B5->8cac6937-780c-4459-964a-dea4dcd51fd7@group-D84C501198B9, cid=1989, SUCCESS, logIndex=2882, commits[8cac6937-780c-4459-964a-dea4dcd51fd7:c2883, 9ed8676d-9460-465d-9905-fd43a52295f6:c2879, da64134c-6992-4903-9407-7df321e464db:c2878]
2019-07-09 09:59:23,052 INFO  client.GrpcClientProtocolClient (GrpcClientProtocolClient.java:onNext(255)) - client-CECA27ED65B5->8cac6937-780c-4459-964a-dea4dcd51fd7: receive RaftClientReply:client-CECA27ED65B5->8cac6937-780c-4459-964a-dea4dcd51fd7@group-D84C501198B9, cid=1990, SUCCESS, logIndex=0, commits[8cac6937-780c-4459-964a-dea4dcd51fd7:c2885, 9ed8676d-9460-465d-9905-fd43a52295f6:c2882, da64134c-6992-4903-9407-7df321e464db:c2880]
2019-07-09 09:59:23,074 INFO  client.GrpcClientProtocolClient (GrpcClientProtocolClient.java:onNext(255)) - client-CECA27ED65B5->8cac6937-780c-4459-964a-dea4dcd51fd7: receive RaftClientReply:client-CECA27ED65B5->8cac6937-780c-4459-964a-dea4dcd51fd7@group-D84C501198B9, cid=1991, SUCCESS, logIndex=2886, commits[8cac6937-780c-4459-964a-dea4dcd51fd7:c2887, 9ed8676d-9460-465d-9905-fd43a52295f6:c2885, da64134c-6992-4903-9407-7df321e464db:c2885]
2019-07-09 09:59:23,075 INFO  client.GrpcClientProtocolClient (GrpcClientProtocolClient.java:onNext(255)) - client-CECA27ED65B5->8cac6937-780c-4459-964a-dea4dcd51fd7: receive RaftClientReply:client-CECA27ED65B5->8cac6937-780c-4459-964a-dea4dcd51fd7@group-D84C501198B9, cid=1992, SUCCESS, logIndex=2887, commits[8cac6937-780c-4459-964a-dea4dcd51fd7:c2887, 9ed8676d-9460-465d-9905-fd43a52295f6:c2885, da64134c-6992-4903-9407-7df321e464db:c2885]
2019-07-09 09:59:23,099 INFO  client.GrpcClientProtocolClient (GrpcClientProtocolClient.java:onNext(255)) - client-CECA27ED65B5->8cac6937-780c-4459-964a-dea4dcd51fd7: receive RaftClientReply:client-CECA27ED65B5->8cac6937-780c-4459-964a-dea4dcd51fd7@group-D84C501198B9, cid=1993, SUCCESS, logIndex=2890, commits[8cac6937-780c-4459-964a-dea4dcd51fd7:c2891, 9ed8676d-9460-465d-9905-fd43a52295f6:c2889, da64134c-6992-4903-9407-7df321e464db:c2889]
2019-07-09 09:59:23,100 INFO  client.GrpcClientProtocolClient (GrpcClientProtocolClient.java:onNext(255)) - client-CECA27ED65B5->8cac6937-780c-4459-964a-dea4dcd51fd7: receive RaftClientReply:client-CECA27ED65B5->8cac6937-780c-4459-964a-dea4dcd51fd7@group-D84C501198B9, cid=1994, SUCCESS, logIndex=2891, commits[8cac6937-780c-4459-964a-dea4dcd51fd7:c2891, 9ed8676d-9460-465d-9905-fd43a52295f6:c2889, da64134c-6992-4903-9407-7df321e464db:c2889]
2019-07-09 09:59:23,117 INFO  client.GrpcClientProtocolClient (GrpcClientProtocolClient.java:onNext(255)) - client-CECA27ED65B5->8cac6937-780c-4459-964a-dea4dcd51fd7: receive RaftClientReply:client-CECA27ED65B5->8cac6937-780c-4459-964a-dea4dcd51fd7@group-D84C501198B9, cid=1995, SUCCESS, logIndex=0, commits[8cac6937-780c-4459-964a-dea4dcd51fd7:c2893, 9ed8676d-9460-465d-9905-fd43a52295f6:c2891, da64134c-6992-4903-9407-7df321e464db:c2891]
2019-07-09 09:59:23,147 INFO  client.GrpcClientProtocolClient (GrpcClientProtocolClient.java:onNext(255)) - client-CECA27ED65B5->8cac6937-780c-4459-964a-dea4dcd51fd7: receive RaftClientReply:client-CECA27ED65B5->8cac6937-780c-4459-964a-dea4dcd51fd7@group-D84C501198B9, cid=1996, SUCCESS, logIndex=2894, commits[8cac6937-780c-4459-964a-dea4dcd51fd7:c2895, 9ed8676d-9460-465d-9905-fd43a52295f6:c2893, da64134c-6992-4903-9407-7df321e464db:c2893]
2019-07-09 09:59:23,147 INFO  client.GrpcClientProtocolClient (GrpcClientProtocolClient.java:onNext(255)) - client-CECA27ED65B5->8cac6937-780c-4459-964a-dea4dcd51fd7: receive RaftClientReply:client-CECA27ED65B5->8cac6937-780c-4459-964a-dea4dcd51fd7@group-D84C501198B9, cid=1997, SUCCESS, logIndex=2895, commits[8cac6937-780c-4459-964a-dea4dcd51fd7:c2897, 9ed8676d-9460-465d-9905-fd43a52295f6:c2893, da64134c-6992-4903-9407-7df321e464db:c2893]
2019-07-09 09:59:23,148 INFO  client.GrpcClientProtocolClient (GrpcClientProtocolClient.java:onNext(255)) - client-CECA27ED65B5->8cac6937-780c-4459-964a-dea4dcd51fd7: receive RaftClientReply:client-CECA27ED65B5->8cac6937-780c-4459-964a-dea4dcd51fd7@group-D84C501198B9, cid=1998, SUCCESS, logIndex=2896, commits[8cac6937-780c-4459-964a-dea4dcd51fd7:c2897, 9ed8676d-9460-465d-9905-fd43a52295f6:c2893, da64134c-6992-4903-9407-7df321e464db:c2893]
2019-07-09 09:59:23,148 INFO  client.GrpcClientProtocolClient (GrpcClientProtocolClient.java:onNext(255)) - client-CECA27ED65B5->8cac6937-780c-4459-964a-dea4dcd51fd7: receive RaftClientReply:client-CECA27ED65B5->8cac6937-780c-4459-964a-dea4dcd51fd7@group-D84C501198B9, cid=1999, SUCCESS, logIndex=2897, commits[8cac6937-780c-4459-964a-dea4dcd51fd7:c2897, 9ed8676d-9460-465d-9905-fd43a52295f6:c2893, da64134c-6992-4903-9407-7df321e464db:c2893]
2019-07-09 09:59:23,162 INFO  client.GrpcClientProtocolClient (GrpcClientProtocolClient.java:onNext(255)) - client-CECA27ED65B5->8cac6937-780c-4459-964a-dea4dcd51fd7: receive RaftClientReply:client-CECA27ED65B5->8cac6937-780c-4459-964a-dea4dcd51fd7@group-D84C501198B9, cid=2000, SUCCESS, logIndex=0, commits[8cac6937-780c-4459-964a-dea4dcd51fd7:c2899, 9ed8676d-9460-465d-9905-fd43a52295f6:c2895, da64134c-6992-4903-9407-7df321e464db:c2895]
2019-07-09 09:59:23,184 INFO  client.GrpcClientProtocolClient (GrpcClientProtocolClient.java:onNext(255)) - client-CECA27ED65B5->8cac6937-780c-4459-964a-dea4dcd51fd7: receive RaftClientReply:client-CECA27ED65B5->8cac6937-780c-4459-964a-dea4dcd51fd7@group-D84C501198B9, cid=2001, SUCCESS, logIndex=2902, commits[8cac6937-780c-4459-964a-dea4dcd51fd7:c2903, 9ed8676d-9460-465d-9905-fd43a52295f6:c2901, da64134c-6992-4903-9407-7df321e464db:c2901]
2019-07-09 09:59:23,184 INFO  client.GrpcClientProtocolClient (GrpcClientProtocolClient.java:onNext(255)) - client-CECA27ED65B5->8cac6937-780c-4459-964a-dea4dcd51fd7: receive RaftClientReply:client-CECA27ED65B5->8cac6937-780c-4459-964a-dea4dcd51fd7@group-D84C501198B9, cid=2002, SUCCESS, logIndex=2903, commits[8cac6937-780c-4459-964a-dea4dcd51fd7:c2903, 9ed8676d-9460-465d-9905-fd43a52295f6:c2901, da64134c-6992-4903-9407-7df321e464db:c2901]
2019-07-09 09:59:23,209 INFO  client.GrpcClientProtocolClient (GrpcClientProtocolClient.java:onNext(255)) - client-CECA27ED65B5->8cac6937-780c-4459-964a-dea4dcd51fd7: receive RaftClientReply:client-CECA27ED65B5->8cac6937-780c-4459-964a-dea4dcd51fd7@group-D84C501198B9, cid=2003, SUCCESS, logIndex=2906, commits[8cac6937-780c-4459-964a-dea4dcd51fd7:c2907, 9ed8676d-9460-465d-9905-fd43a52295f6:c2903, da64134c-6992-4903-9407-7df321e464db:c2903]
2019-07-09 09:59:23,210 INFO  client.GrpcClientProtocolClient (GrpcClientProtocolClient.java:onNext(255)) - client-CECA27ED65B5->8cac6937-780c-4459-964a-dea4dcd51fd7: receive RaftClientReply:client-CECA27ED65B5->8cac6937-780c-4459-964a-dea4dcd51fd7@group-D84C501198B9, cid=2004, SUCCESS, logIndex=2907, commits[8cac6937-780c-4459-964a-dea4dcd51fd7:c2907, 9ed8676d-9460-465d-9905-fd43a52295f6:c2903, da64134c-6992-4903-9407-7df321e464db:c2903]
2019-07-09 09:59:23,212 INFO  client.GrpcClientProtocolClient (GrpcClientProtocolClient.java:onNext(255)) - client-CECA27ED65B5->8cac6937-780c-4459-964a-dea4dcd51fd7: receive RaftClientReply:client-CECA27ED65B5->8cac6937-780c-4459-964a-dea4dcd51fd7@group-D84C501198B9, cid=2005, SUCCESS, logIndex=0, commits[8cac6937-780c-4459-964a-dea4dcd51fd7:c2908, 9ed8676d-9460-465d-9905-fd43a52295f6:c2907, da64134c-6992-4903-9407-7df321e464db:c2907]
2019-07-09 09:59:23,244 INFO  client.GrpcClientProtocolClient (GrpcClientProtocolClient.java:onNext(255)) - client-CECA27ED65B5->8cac6937-780c-4459-964a-dea4dcd51fd7: receive RaftClientReply:client-CECA27ED65B5->8cac6937-780c-4459-964a-dea4dcd51fd7@group-D84C501198B9, cid=2006, SUCCESS, logIndex=2910, commits[8cac6937-780c-4459-964a-dea4dcd51fd7:c2911, 9ed8676d-9460-465d-9905-fd43a52295f6:c2909, da64134c-6992-4903-9407-7df321e464db:c2909]
2019-07-09 09:59:23,245 INFO  client.GrpcClientProtocolClient (GrpcClientProtocolClient.java:onNext(255)) - client-CECA27ED65B5->8cac6937-780c-4459-964a-dea4dcd51fd7: receive RaftClientReply:client-CECA27ED65B5->8cac6937-780c-4459-964a-dea4dcd51fd7@group-D84C501198B9, cid=2007, SUCCESS, logIndex=2911, commits[8cac6937-780c-4459-964a-dea4dcd51fd7:c2913, 9ed8676d-9460-465d-9905-fd43a52295f6:c2909, da64134c-6992-4903-9407-7df321e464db:c2909]
2019-07-09 09:59:23,245 INFO  client.GrpcClientProtocolClient (GrpcClientProtocolClient.java:onNext(255)) - client-CECA27ED65B5->8cac6937-780c-4459-964a-dea4dcd51fd7: receive RaftClientReply:client-CECA27ED65B5->8cac6937-780c-4459-964a-dea4dcd51fd7@group-D84C501198B9, cid=2008, SUCCESS, logIndex=2912, commits[8cac6937-780c-4459-964a-dea4dcd51fd7:c2913, 9ed8676d-9460-465d-9905-fd43a52295f6:c2909, da64134c-6992-4903-9407-7df321e464db:c2909]
2019-07-09 09:59:23,245 INFO  client.GrpcClientProtocolClient (GrpcClientProtocolClient.java:onNext(255)) - client-CECA27ED65B5->8cac6937-780c-4459-964a-dea4dcd51fd7: receive RaftClientReply:client-CECA27ED65B5->8cac6937-780c-4459-964a-dea4dcd51fd7@group-D84C501198B9, cid=2009, SUCCESS, logIndex=2913, commits[8cac6937-780c-4459-964a-dea4dcd51fd7:c2913, 9ed8676d-9460-465d-9905-fd43a52295f6:c2909, da64134c-6992-4903-9407-7df321e464db:c2909]
 0.00% |█                                                                                                    |  0/1 Time: 0:00:152019-07-09 09:59:23,256 INFO  client.GrpcClientProtocolClient (GrpcClientProtocolClient.java:onNext(255)) - client-CECA27ED65B5->8cac6937-780c-4459-964a-dea4dcd51fd7: receive RaftClientReply:client-CECA27ED65B5->8cac6937-780c-4459-964a-dea4dcd51fd7@group-D84C501198B9, cid=2010, SUCCESS, logIndex=0, commits[8cac6937-780c-4459-964a-dea4dcd51fd7:c2915, 9ed8676d-9460-465d-9905-fd43a52295f6:c2911, da64134c-6992-4903-9407-7df321e464db:c2911]
2019-07-09 09:59:23,268 INFO  client.GrpcClientProtocolClient (GrpcClientProtocolClient.java:onNext(255)) - client-CECA27ED65B5->8cac6937-780c-4459-964a-dea4dcd51fd7: receive RaftClientReply:client-CECA27ED65B5->8cac6937-780c-4459-964a-dea4dcd51fd7@group-D84C501198B9, cid=2011, SUCCESS, logIndex=2918, commits[8cac6937-780c-4459-964a-dea4dcd51fd7:c2919, 9ed8676d-9460-465d-9905-fd43a52295f6:c2917, da64134c-6992-4903-9407-7df321e464db:c2913]
2019-07-09 09:59:23,268 INFO  client.GrpcClientProtocolClient (GrpcClientProtocolClient.java:onNext(255)) - client-CECA27ED65B5->8cac6937-780c-4459-964a-dea4dcd51fd7: receive RaftClientReply:client-CECA27ED65B5->8cac6937-780c-4459-964a-dea4dcd51fd7@group-D84C501198B9, cid=2012, SUCCESS, logIndex=2919, commits[8cac6937-780c-4459-964a-dea4dcd51fd7:c2919, 9ed8676d-9460-465d-9905-fd43a52295f6:c2917, da64134c-6992-4903-9407-7df321e464db:c2917]
2019-07-09 09:59:23,288 INFO  client.GrpcClientProtocolClient (GrpcClientProtocolClient.java:onNext(255)) - client-CECA27ED65B5->8cac6937-780c-4459-964a-dea4dcd51fd7: receive RaftClientReply:client-CECA27ED65B5->8cac6937-780c-4459-964a-dea4dcd51fd7@group-D84C501198B9, cid=2013, SUCCESS, logIndex=2922, commits[8cac6937-780c-4459-964a-dea4dcd51fd7:c2923, 9ed8676d-9460-465d-9905-fd43a52295f6:c2921, da64134c-6992-4903-9407-7df321e464db:c2921]
2019-07-09 09:59:23,289 INFO  client.GrpcClientProtocolClient (GrpcClientProtocolClient.java:onNext(255)) - client-CECA27ED65B5->8cac6937-780c-4459-964a-dea4dcd51fd7: receive RaftClientReply:client-CECA27ED65B5->8cac6937-780c-4459-964a-dea4dcd51fd7@group-D84C501198B9, cid=2014, SUCCESS, logIndex=2923, commits[8cac6937-780c-4459-964a-dea4dcd51fd7:c2923, 9ed8676d-9460-465d-9905-fd43a52295f6:c2921, da64134c-6992-4903-9407-7df321e464db:c2921]
2019-07-09 09:59:23,301 INFO  client.GrpcClientProtocolClient (GrpcClientProtocolClient.java:onNext(255)) - client-CECA27ED65B5->8cac6937-780c-4459-964a-dea4dcd51fd7: receive RaftClientReply:client-CECA27ED65B5->8cac6937-780c-4459-964a-dea4dcd51fd7@group-D84C501198B9, cid=2015, SUCCESS, logIndex=0, commits[8cac6937-780c-4459-964a-dea4dcd51fd7:c2925, 9ed8676d-9460-465d-9905-fd43a52295f6:c2923, da64134c-6992-4903-9407-7df321e464db:c2923]
2019-07-09 09:59:23,425 INFO  client.GrpcClientProtocolClient (GrpcClientProtocolClient.java:onNext(255)) - client-CECA27ED65B5->8cac6937-780c-4459-964a-dea4dcd51fd7: receive RaftClientReply:client-CECA27ED65B5->8cac6937-780c-4459-964a-dea4dcd51fd7@group-D84C501198B9, cid=2016, SUCCESS, logIndex=2926, commits[8cac6937-780c-4459-964a-dea4dcd51fd7:c2929, 9ed8676d-9460-465d-9905-fd43a52295f6:c2925, da64134c-6992-4903-9407-7df321e464db:c2925]
2019-07-09 09:59:23,427 INFO  client.GrpcClientProtocolClient (GrpcClientProtocolClient.java:onNext(255)) - client-CECA27ED65B5->8cac6937-780c-4459-964a-dea4dcd51fd7: receive RaftClientReply:client-CECA27ED65B5->8cac6937-780c-4459-964a-dea4dcd51fd7@group-D84C501198B9, cid=2017, SUCCESS, logIndex=2927, commits[8cac6937-780c-4459-964a-dea4dcd51fd7:c2929, 9ed8676d-9460-465d-9905-fd43a52295f6:c2925, da64134c-6992-4903-9407-7df321e464db:c2925]
2019-07-09 09:59:23,427 INFO  client.GrpcClientProtocolClient (GrpcClientProtocolClient.java:onNext(255)) - client-CECA27ED65B5->8cac6937-780c-4459-964a-dea4dcd51fd7: receive RaftClientReply:client-CECA27ED65B5->8cac6937-780c-4459-964a-dea4dcd51fd7@group-D84C501198B9, cid=2018, SUCCESS, logIndex=2928, commits[8cac6937-780c-4459-964a-dea4dcd51fd7:c2929, 9ed8676d-9460-465d-9905-fd43a52295f6:c2925, da64134c-6992-4903-9407-7df321e464db:c2925]
2019-07-09 09:59:23,428 INFO  client.GrpcClientProtocolClient (GrpcClientProtocolClient.java:onNext(255)) - client-CECA27ED65B5->8cac6937-780c-4459-964a-dea4dcd51fd7: receive RaftClientReply:client-CECA27ED65B5->8cac6937-780c-4459-964a-dea4dcd51fd7@group-D84C501198B9, cid=2019, SUCCESS, logIndex=2929, commits[8cac6937-780c-4459-964a-dea4dcd51fd7:c2929, 9ed8676d-9460-465d-9905-fd43a52295f6:c2925, da64134c-6992-4903-9407-7df321e464db:c2925]
2019-07-09 09:59:23,435 INFO  client.GrpcClientProtocolClient (GrpcClientProtocolClient.java:onNext(255)) - client-CECA27ED65B5->8cac6937-780c-4459-964a-dea4dcd51fd7: receive RaftClientReply:client-CECA27ED65B5->8cac6937-780c-4459-964a-dea4dcd51fd7@group-D84C501198B9, cid=2020, SUCCESS, logIndex=0, commits[8cac6937-780c-4459-964a-dea4dcd51fd7:c2930, 9ed8676d-9460-465d-9905-fd43a52295f6:c2929, da64134c-6992-4903-9407-7df321e464db:c2929]
2019-07-09 09:59:23,460 INFO  client.GrpcClientProtocolClient (GrpcClientProtocolClient.java:onNext(255)) - client-CECA27ED65B5->8cac6937-780c-4459-964a-dea4dcd51fd7: receive RaftClientReply:client-CECA27ED65B5->8cac6937-780c-4459-964a-dea4dcd51fd7@group-D84C501198B9, cid=2021, SUCCESS, logIndex=2932, commits[8cac6937-780c-4459-964a-dea4dcd51fd7:c2933, 9ed8676d-9460-465d-9905-fd43a52295f6:c2931, da64134c-6992-4903-9407-7df321e464db:c2931]
2019-07-09 09:59:23,461 INFO  client.GrpcClientProtocolClient (GrpcClientProtocolClient.java:onNext(255)) - client-CECA27ED65B5->8cac6937-780c-4459-964a-dea4dcd51fd7: receive RaftClientReply:client-CECA27ED65B5->8cac6937-780c-4459-964a-dea4dcd51fd7@group-D84C501198B9, cid=2022, SUCCESS, logIndex=2933, commits[8cac6937-780c-4459-964a-dea4dcd51fd7:c2933, 9ed8676d-9460-465d-9905-fd43a52295f6:c2931, da64134c-6992-4903-9407-7df321e464db:c2931]
2019-07-09 09:59:23,474 INFO  client.GrpcClientProtocolClient (GrpcClientProtocolClient.java:onNext(255)) - client-CECA27ED65B5->8cac6937-780c-4459-964a-dea4dcd51fd7: receive RaftClientReply:client-CECA27ED65B5->8cac6937-780c-4459-964a-dea4dcd51fd7@group-D84C501198B9, cid=2023, SUCCESS, logIndex=2936, commits[8cac6937-780c-4459-964a-dea4dcd51fd7:c2937, 9ed8676d-9460-465d-9905-fd43a52295f6:c2933, da64134c-6992-4903-9407-7df321e464db:c2933]
2019-07-09 09:59:23,474 INFO  client.GrpcClientProtocolClient (GrpcClientProtocolClient.java:onNext(255)) - client-CECA27ED65B5->8cac6937-780c-4459-964a-dea4dcd51fd7: receive RaftClientReply:client-CECA27ED65B5->8cac6937-780c-4459-964a-dea4dcd51fd7@group-D84C501198B9, cid=2024, SUCCESS, logIndex=2937, commits[8cac6937-780c-4459-964a-dea4dcd51fd7:c2937, 9ed8676d-9460-465d-9905-fd43a52295f6:c2933, da64134c-6992-4903-9407-7df321e464db:c2933]
2019-07-09 09:59:23,486 INFO  client.GrpcClientProtocolClient (GrpcClientProtocolClient.java:onNext(255)) - client-CECA27ED65B5->8cac6937-780c-4459-964a-dea4dcd51fd7: receive RaftClientReply:client-CECA27ED65B5->8cac6937-780c-4459-964a-dea4dcd51fd7@group-D84C501198B9, cid=2025, SUCCESS, logIndex=0, commits[8cac6937-780c-4459-964a-dea4dcd51fd7:c2938, 9ed8676d-9460-465d-9905-fd43a52295f6:c2937, da64134c-6992-4903-9407-7df321e464db:c2937]
2019-07-09 09:59:23,521 INFO  client.GrpcClientProtocolClient (GrpcClientProtocolClient.java:onNext(255)) - client-CECA27ED65B5->8cac6937-780c-4459-964a-dea4dcd51fd7: receive RaftClientReply:client-CECA27ED65B5->8cac6937-780c-4459-964a-dea4dcd51fd7@group-D84C501198B9, cid=2026, SUCCESS, logIndex=2940, commits[8cac6937-780c-4459-964a-dea4dcd51fd7:c2943, 9ed8676d-9460-465d-9905-fd43a52295f6:c2939, da64134c-6992-4903-9407-7df321e464db:c2939]
2019-07-09 09:59:23,523 INFO  client.GrpcClientProtocolClient (GrpcClientProtocolClient.java:onNext(255)) - client-CECA27ED65B5->8cac6937-780c-4459-964a-dea4dcd51fd7: receive RaftClientReply:client-CECA27ED65B5->8cac6937-780c-4459-964a-dea4dcd51fd7@group-D84C501198B9, cid=2027, SUCCESS, logIndex=2941, commits[8cac6937-780c-4459-964a-dea4dcd51fd7:c2943, 9ed8676d-9460-465d-9905-fd43a52295f6:c2939, da64134c-6992-4903-9407-7df321e464db:c2939]
2019-07-09 09:59:23,523 INFO  client.GrpcClientProtocolClient (GrpcClientProtocolClient.java:onNext(255)) - client-CECA27ED65B5->8cac6937-780c-4459-964a-dea4dcd51fd7: receive RaftClientReply:client-CECA27ED65B5->8cac6937-780c-4459-964a-dea4dcd51fd7@group-D84C501198B9, cid=2028, SUCCESS, logIndex=2942, commits[8cac6937-780c-4459-964a-dea4dcd51fd7:c2943, 9ed8676d-9460-465d-9905-fd43a52295f6:c2939, da64134c-6992-4903-9407-7df321e464db:c2939]
2019-07-09 09:59:23,523 INFO  client.GrpcClientProtocolClient (GrpcClientProtocolClient.java:onNext(255)) - client-CECA27ED65B5->8cac6937-780c-4459-964a-dea4dcd51fd7: receive RaftClientReply:client-CECA27ED65B5->8cac6937-780c-4459-964a-dea4dcd51fd7@group-D84C501198B9, cid=2029, SUCCESS, logIndex=2943, commits[8cac6937-780c-4459-964a-dea4dcd51fd7:c2944, 9ed8676d-9460-465d-9905-fd43a52295f6:c2940, da64134c-6992-4903-9407-7df321e464db:c2939]
2019-07-09 09:59:23,524 INFO  client.GrpcClientProtocolClient (GrpcClientProtocolClient.java:onNext(255)) - client-CECA27ED65B5->8cac6937-780c-4459-964a-dea4dcd51fd7: receive RaftClientReply:client-CECA27ED65B5->8cac6937-780c-4459-964a-dea4dcd51fd7@group-D84C501198B9, cid=2030, SUCCESS, logIndex=0, commits[8cac6937-780c-4459-964a-dea4dcd51fd7:c2947, 9ed8676d-9460-465d-9905-fd43a52295f6:c2943, da64134c-6992-4903-9407-7df321e464db:c2943]
2019-07-09 09:59:23,547 INFO  client.GrpcClientProtocolClient (GrpcClientProtocolClient.java:onNext(255)) - client-CECA27ED65B5->8cac6937-780c-4459-964a-dea4dcd51fd7: receive RaftClientReply:client-CECA27ED65B5->8cac6937-780c-4459-964a-dea4dcd51fd7@group-D84C501198B9, cid=2031, SUCCESS, logIndex=2948, commits[8cac6937-780c-4459-964a-dea4dcd51fd7:c2949, 9ed8676d-9460-465d-9905-fd43a52295f6:c2947, da64134c-6992-4903-9407-7df321e464db:c2947]
2019-07-09 09:59:23,547 INFO  client.GrpcClientProtocolClient (GrpcClientProtocolClient.java:onNext(255)) - client-CECA27ED65B5->8cac6937-780c-4459-964a-dea4dcd51fd7: receive RaftClientReply:client-CECA27ED65B5->8cac6937-780c-4459-964a-dea4dcd51fd7@group-D84C501198B9, cid=2032, SUCCESS, logIndex=2949, commits[8cac6937-780c-4459-964a-dea4dcd51fd7:c2949, 9ed8676d-9460-465d-9905-fd43a52295f6:c2947, da64134c-6992-4903-9407-7df321e464db:c2947]
2019-07-09 09:59:23,560 INFO  client.GrpcClientProtocolClient (GrpcClientProtocolClient.java:onNext(255)) - client-CECA27ED65B5->8cac6937-780c-4459-964a-dea4dcd51fd7: receive RaftClientReply:client-CECA27ED65B5->8cac6937-780c-4459-964a-dea4dcd51fd7@group-D84C501198B9, cid=2033, SUCCESS, logIndex=2952, commits[8cac6937-780c-4459-964a-dea4dcd51fd7:c2953, 9ed8676d-9460-465d-9905-fd43a52295f6:c2948, da64134c-6992-4903-9407-7df321e464db:c2949]
2019-07-09 09:59:23,560 INFO  client.GrpcClientProtocolClient (GrpcClientProtocolClient.java:onNext(255)) - client-CECA27ED65B5->8cac6937-780c-4459-964a-dea4dcd51fd7: receive RaftClientReply:client-CECA27ED65B5->8cac6937-780c-4459-964a-dea4dcd51fd7@group-D84C501198B9, cid=2034, SUCCESS, logIndex=2953, commits[8cac6937-780c-4459-964a-dea4dcd51fd7:c2953, 9ed8676d-9460-465d-9905-fd43a52295f6:c2949, da64134c-6992-4903-9407-7df321e464db:c2949]
2019-07-09 09:59:23,563 INFO  client.GrpcClientProtocolClient (GrpcClientProtocolClient.java:onNext(255)) - client-CECA27ED65B5->8cac6937-780c-4459-964a-dea4dcd51fd7: receive RaftClientReply:client-CECA27ED65B5->8cac6937-780c-4459-964a-dea4dcd51fd7@group-D84C501198B9, cid=2035, SUCCESS, logIndex=0, commits[8cac6937-780c-4459-964a-dea4dcd51fd7:c2954, 9ed8676d-9460-465d-9905-fd43a52295f6:c2953, da64134c-6992-4903-9407-7df321e464db:c2953]
2019-07-09 09:59:23,592 INFO  client.GrpcClientProtocolClient (GrpcClientProtocolClient.java:onNext(255)) - client-CECA27ED65B5->8cac6937-780c-4459-964a-dea4dcd51fd7: receive RaftClientReply:client-CECA27ED65B5->8cac6937-780c-4459-964a-dea4dcd51fd7@group-D84C501198B9, cid=2036, SUCCESS, logIndex=2956, commits[8cac6937-780c-4459-964a-dea4dcd51fd7:c2957, 9ed8676d-9460-465d-9905-fd43a52295f6:c2955, da64134c-6992-4903-9407-7df321e464db:c2955]
2019-07-09 09:59:23,593 INFO  client.GrpcClientProtocolClient (GrpcClientProtocolClient.java:onNext(255)) - client-CECA27ED65B5->8cac6937-780c-4459-964a-dea4dcd51fd7: receive RaftClientReply:client-CECA27ED65B5->8cac6937-780c-4459-964a-dea4dcd51fd7@group-D84C501198B9, cid=2037, SUCCESS, logIndex=2957, commits[8cac6937-780c-4459-964a-dea4dcd51fd7:c2959, 9ed8676d-9460-465d-9905-fd43a52295f6:c2955, da64134c-6992-4903-9407-7df321e464db:c2955]
2019-07-09 09:59:23,593 INFO  client.GrpcClientProtocolClient (GrpcClientProtocolClient.java:onNext(255)) - client-CECA27ED65B5->8cac6937-780c-4459-964a-dea4dcd51fd7: receive RaftClientReply:client-CECA27ED65B5->8cac6937-780c-4459-964a-dea4dcd51fd7@group-D84C501198B9, cid=2038, SUCCESS, logIndex=2958, commits[8cac6937-780c-4459-964a-dea4dcd51fd7:c2959, 9ed8676d-9460-465d-9905-fd43a52295f6:c2955, da64134c-6992-4903-9407-7df321e464db:c2955]
2019-07-09 09:59:23,593 INFO  client.GrpcClientProtocolClient (GrpcClientProtocolClient.java:onNext(255)) - client-CECA27ED65B5->8cac6937-780c-4459-964a-dea4dcd51fd7: receive RaftClientReply:client-CECA27ED65B5->8cac6937-780c-4459-964a-dea4dcd51fd7@group-D84C501198B9, cid=2039, SUCCESS, logIndex=2959, commits[8cac6937-780c-4459-964a-dea4dcd51fd7:c2959, 9ed8676d-9460-465d-9905-fd43a52295f6:c2955, da64134c-6992-4903-9407-7df321e464db:c2955]
2019-07-09 09:59:23,595 INFO  client.GrpcClientProtocolClient (GrpcClientProtocolClient.java:onNext(255)) - client-CECA27ED65B5->8cac6937-780c-4459-964a-dea4dcd51fd7: receive RaftClientReply:client-CECA27ED65B5->8cac6937-780c-4459-964a-dea4dcd51fd7@group-D84C501198B9, cid=2040, SUCCESS, logIndex=0, commits[8cac6937-780c-4459-964a-dea4dcd51fd7:c2963, 9ed8676d-9460-465d-9905-fd43a52295f6:c2957, da64134c-6992-4903-9407-7df321e464db:c2959]
2019-07-09 09:59:23,615 INFO  client.GrpcClientProtocolClient (GrpcClientProtocolClient.java:onNext(255)) - client-CECA27ED65B5->8cac6937-780c-4459-964a-dea4dcd51fd7: receive RaftClientReply:client-CECA27ED65B5->8cac6937-780c-4459-964a-dea4dcd51fd7@group-D84C501198B9, cid=2041, SUCCESS, logIndex=2964, commits[8cac6937-780c-4459-964a-dea4dcd51fd7:c2965, 9ed8676d-9460-465d-9905-fd43a52295f6:c2963, da64134c-6992-4903-9407-7df321e464db:c2963]
2019-07-09 09:59:23,616 INFO  client.GrpcClientProtocolClient (GrpcClientProtocolClient.java:onNext(255)) - client-CECA27ED65B5->8cac6937-780c-4459-964a-dea4dcd51fd7: receive RaftClientReply:client-CECA27ED65B5->8cac6937-780c-4459-964a-dea4dcd51fd7@group-D84C501198B9, cid=2042, SUCCESS, logIndex=2965, commits[8cac6937-780c-4459-964a-dea4dcd51fd7:c2965, 9ed8676d-9460-465d-9905-fd43a52295f6:c2963, da64134c-6992-4903-9407-7df321e464db:c2963]
2019-07-09 09:59:23,645 INFO  client.GrpcClientProtocolClient (GrpcClientProtocolClient.java:onNext(255)) - client-CECA27ED65B5->8cac6937-780c-4459-964a-dea4dcd51fd7: receive RaftClientReply:client-CECA27ED65B5->8cac6937-780c-4459-964a-dea4dcd51fd7@group-D84C501198B9, cid=2043, SUCCESS, logIndex=2968, commits[8cac6937-780c-4459-964a-dea4dcd51fd7:c2969, 9ed8676d-9460-465d-9905-fd43a52295f6:c2965, da64134c-6992-4903-9407-7df321e464db:c2965]
2019-07-09 09:59:23,645 INFO  client.GrpcClientProtocolClient (GrpcClientProtocolClient.java:onNext(255)) - client-CECA27ED65B5->8cac6937-780c-4459-964a-dea4dcd51fd7: receive RaftClientReply:client-CECA27ED65B5->8cac6937-780c-4459-964a-dea4dcd51fd7@group-D84C501198B9, cid=2044, SUCCESS, logIndex=2969, commits[8cac6937-780c-4459-964a-dea4dcd51fd7:c2969, 9ed8676d-9460-465d-9905-fd43a52295f6:c2965, da64134c-6992-4903-9407-7df321e464db:c2965]
2019-07-09 09:59:23,658 INFO  client.GrpcClientProtocolClient (GrpcClientProtocolClient.java:onNext(255)) - client-CECA27ED65B5->8cac6937-780c-4459-964a-dea4dcd51fd7: receive RaftClientReply:client-CECA27ED65B5->8cac6937-780c-4459-964a-dea4dcd51fd7@group-D84C501198B9, cid=2045, SUCCESS, logIndex=0, commits[8cac6937-780c-4459-964a-dea4dcd51fd7:c2971, 9ed8676d-9460-465d-9905-fd43a52295f6:c2969, da64134c-6992-4903-9407-7df321e464db:c2969]
2019-07-09 09:59:23,695 INFO  client.GrpcClientProtocolClient (GrpcClientProtocolClient.java:onNext(255)) - client-CECA27ED65B5->8cac6937-780c-4459-964a-dea4dcd51fd7: receive RaftClientReply:client-CECA27ED65B5->8cac6937-780c-4459-964a-dea4dcd51fd7@group-D84C501198B9, cid=2046, SUCCESS, logIndex=2972, commits[8cac6937-780c-4459-964a-dea4dcd51fd7:c2973, 9ed8676d-9460-465d-9905-fd43a52295f6:c2971, da64134c-6992-4903-9407-7df321e464db:c2971]
2019-07-09 09:59:23,695 INFO  client.GrpcClientProtocolClient (GrpcClientProtocolClient.java:onNext(255)) - client-CECA27ED65B5->8cac6937-780c-4459-964a-dea4dcd51fd7: receive RaftClientReply:client-CECA27ED65B5->8cac6937-780c-4459-964a-dea4dcd51fd7@group-D84C501198B9, cid=2047, SUCCESS, logIndex=2973, commits[8cac6937-780c-4459-964a-dea4dcd51fd7:c2973, 9ed8676d-9460-465d-9905-fd43a52295f6:c2971, da64134c-6992-4903-9407-7df321e464db:c2971]
2019-07-09 09:59:23,696 INFO  client.GrpcClientProtocolClient (GrpcClientProtocolClient.java:onNext(255)) - client-CECA27ED65B5->8cac6937-780c-4459-964a-dea4dcd51fd7: receive RaftClientReply:client-CECA27ED65B5->8cac6937-780c-4459-964a-dea4dcd51fd7@group-D84C501198B9, cid=2048, SUCCESS, logIndex=2974, commits[8cac6937-780c-4459-964a-dea4dcd51fd7:c2974, 9ed8676d-9460-465d-9905-fd43a52295f6:c2971, da64134c-6992-4903-9407-7df321e464db:c2971]
2019-07-09 09:59:23,696 INFO  client.GrpcClientProtocolClient (GrpcClientProtocolClient.java:onNext(255)) - client-CECA27ED65B5->8cac6937-780c-4459-964a-dea4dcd51fd7: receive RaftClientReply:client-CECA27ED65B5->8cac6937-780c-4459-964a-dea4dcd51fd7@group-D84C501198B9, cid=2049, SUCCESS, logIndex=2975, commits[8cac6937-780c-4459-964a-dea4dcd51fd7:c2975, 9ed8676d-9460-465d-9905-fd43a52295f6:c2971, da64134c-6992-4903-9407-7df321e464db:c2971]
2019-07-09 09:59:23,697 INFO  client.GrpcClientProtocolClient (GrpcClientProtocolClient.java:onNext(255)) - client-CECA27ED65B5->8cac6937-780c-4459-964a-dea4dcd51fd7: receive RaftClientReply:client-CECA27ED65B5->8cac6937-780c-4459-964a-dea4dcd51fd7@group-D84C501198B9, cid=2050, SUCCESS, logIndex=0, commits[8cac6937-780c-4459-964a-dea4dcd51fd7:c2978, 9ed8676d-9460-465d-9905-fd43a52295f6:c2973, da64134c-6992-4903-9407-7df321e464db:c2974]
2019-07-09 09:59:23,717 INFO  client.GrpcClientProtocolClient (GrpcClientProtocolClient.java:onNext(255)) - client-CECA27ED65B5->8cac6937-780c-4459-964a-dea4dcd51fd7: receive RaftClientReply:client-CECA27ED65B5->8cac6937-780c-4459-964a-dea4dcd51fd7@group-D84C501198B9, cid=2051, SUCCESS, logIndex=2980, commits[8cac6937-780c-4459-964a-dea4dcd51fd7:c2981, 9ed8676d-9460-465d-9905-fd43a52295f6:c2979, da64134c-6992-4903-9407-7df321e464db:c2979]
2019-07-09 09:59:23,717 INFO  client.GrpcClientProtocolClient (GrpcClientProtocolClient.java:onNext(255)) - client-CECA27ED65B5->8cac6937-780c-4459-964a-dea4dcd51fd7: receive RaftClientReply:client-CECA27ED65B5->8cac6937-780c-4459-964a-dea4dcd51fd7@group-D84C501198B9, cid=2052, SUCCESS, logIndex=2981, commits[8cac6937-780c-4459-964a-dea4dcd51fd7:c2981, 9ed8676d-9460-465d-9905-fd43a52295f6:c2979, da64134c-6992-4903-9407-7df321e464db:c2979]
2019-07-09 09:59:23,792 INFO  client.GrpcClientProtocolClient (GrpcClientProtocolClient.java:onNext(255)) - client-CECA27ED65B5->8cac6937-780c-4459-964a-dea4dcd51fd7: receive RaftClientReply:client-CECA27ED65B5->8cac6937-780c-4459-964a-dea4dcd51fd7@group-D84C501198B9, cid=2053, SUCCESS, logIndex=2984, commits[8cac6937-780c-4459-964a-dea4dcd51fd7:c2985, 9ed8676d-9460-465d-9905-fd43a52295f6:c2981, da64134c-6992-4903-9407-7df321e464db:c2981]
2019-07-09 09:59:23,793 INFO  client.GrpcClientProtocolClient (GrpcClientProtocolClient.java:onNext(255)) - client-CECA27ED65B5->8cac6937-780c-4459-964a-dea4dcd51fd7: receive RaftClientReply:client-CECA27ED65B5->8cac6937-780c-4459-964a-dea4dcd51fd7@group-D84C501198B9, cid=2054, SUCCESS, logIndex=2985, commits[8cac6937-780c-4459-964a-dea4dcd51fd7:c2985, 9ed8676d-9460-465d-9905-fd43a52295f6:c2981, da64134c-6992-4903-9407-7df321e464db:c2981]
2019-07-09 09:59:23,806 INFO  client.GrpcClientProtocolClient (GrpcClientProtocolClient.java:onNext(255)) - client-CECA27ED65B5->8cac6937-780c-4459-964a-dea4dcd51fd7: receive RaftClientReply:client-CECA27ED65B5->8cac6937-780c-4459-964a-dea4dcd51fd7@group-D84C501198B9, cid=2055, SUCCESS, logIndex=0, commits[8cac6937-780c-4459-964a-dea4dcd51fd7:c2987, 9ed8676d-9460-465d-9905-fd43a52295f6:c2985, da64134c-6992-4903-9407-7df321e464db:c2985]
2019-07-09 09:59:23,836 INFO  client.GrpcClientProtocolClient (GrpcClientProtocolClient.java:onNext(255)) - client-CECA27ED65B5->8cac6937-780c-4459-964a-dea4dcd51fd7: receive RaftClientReply:client-CECA27ED65B5->8cac6937-780c-4459-964a-dea4dcd51fd7@group-D84C501198B9, cid=2056, SUCCESS, logIndex=2988, commits[8cac6937-780c-4459-964a-dea4dcd51fd7:c2989, 9ed8676d-9460-465d-9905-fd43a52295f6:c2987, da64134c-6992-4903-9407-7df321e464db:c2987]
2019-07-09 09:59:23,836 INFO  client.GrpcClientProtocolClient (GrpcClientProtocolClient.java:onNext(255)) - client-CECA27ED65B5->8cac6937-780c-4459-964a-dea4dcd51fd7: receive RaftClientReply:client-CECA27ED65B5->8cac6937-780c-4459-964a-dea4dcd51fd7@group-D84C501198B9, cid=2057, SUCCESS, logIndex=2989, commits[8cac6937-780c-4459-964a-dea4dcd51fd7:c2991, 9ed8676d-9460-465d-9905-fd43a52295f6:c2987, da64134c-6992-4903-9407-7df321e464db:c2987]
2019-07-09 09:59:23,837 INFO  client.GrpcClientProtocolClient (GrpcClientProtocolClient.java:onNext(255)) - client-CECA27ED65B5->8cac6937-780c-4459-964a-dea4dcd51fd7: receive RaftClientReply:client-CECA27ED65B5->8cac6937-780c-4459-964a-dea4dcd51fd7@group-D84C501198B9, cid=2058, SUCCESS, logIndex=2990, commits[8cac6937-780c-4459-964a-dea4dcd51fd7:c2991, 9ed8676d-9460-465d-9905-fd43a52295f6:c2987, da64134c-6992-4903-9407-7df321e464db:c2987]
2019-07-09 09:59:23,837 INFO  client.GrpcClientProtocolClient (GrpcClientProtocolClient.java:onNext(255)) - client-CECA27ED65B5->8cac6937-780c-4459-964a-dea4dcd51fd7: receive RaftClientReply:client-CECA27ED65B5->8cac6937-780c-4459-964a-dea4dcd51fd7@group-D84C501198B9, cid=2059, SUCCESS, logIndex=2991, commits[8cac6937-780c-4459-964a-dea4dcd51fd7:c2991, 9ed8676d-9460-465d-9905-fd43a52295f6:c2987, da64134c-6992-4903-9407-7df321e464db:c2987]
2019-07-09 09:59:23,839 INFO  client.GrpcClientProtocolClient (GrpcClientProtocolClient.java:onNext(255)) - client-CECA27ED65B5->8cac6937-780c-4459-964a-dea4dcd51fd7: receive RaftClientReply:client-CECA27ED65B5->8cac6937-780c-4459-964a-dea4dcd51fd7@group-D84C501198B9, cid=2060, SUCCESS, logIndex=0, commits[8cac6937-780c-4459-964a-dea4dcd51fd7:c2995, 9ed8676d-9460-465d-9905-fd43a52295f6:c2991, da64134c-6992-4903-9407-7df321e464db:c2989]
2019-07-09 09:59:23,859 INFO  client.GrpcClientProtocolClient (GrpcClientProtocolClient.java:onNext(255)) - client-CECA27ED65B5->8cac6937-780c-4459-964a-dea4dcd51fd7: receive RaftClientReply:client-CECA27ED65B5->8cac6937-780c-4459-964a-dea4dcd51fd7@group-D84C501198B9, cid=2061, SUCCESS, logIndex=2996, commits[8cac6937-780c-4459-964a-dea4dcd51fd7:c2996, 9ed8676d-9460-465d-9905-fd43a52295f6:c2995, da64134c-6992-4903-9407-7df321e464db:c2995]
2019-07-09 09:59:23,859 INFO  client.GrpcClientProtocolClient (GrpcClientProtocolClient.java:onNext(255)) - client-CECA27ED65B5->8cac6937-780c-4459-964a-dea4dcd51fd7: receive RaftClientReply:client-CECA27ED65B5->8cac6937-780c-4459-964a-dea4dcd51fd7@group-D84C501198B9, cid=2062, SUCCESS, logIndex=2997, commits[8cac6937-780c-4459-964a-dea4dcd51fd7:c2997, 9ed8676d-9460-465d-9905-fd43a52295f6:c2995, da64134c-6992-4903-9407-7df321e464db:c2995]
2019-07-09 09:59:23,872 INFO  client.GrpcClientProtocolClient (GrpcClientProtocolClient.java:onNext(255)) - client-CECA27ED65B5->8cac6937-780c-4459-964a-dea4dcd51fd7: receive RaftClientReply:client-CECA27ED65B5->8cac6937-780c-4459-964a-dea4dcd51fd7@group-D84C501198B9, cid=2063, SUCCESS, logIndex=3000, commits[8cac6937-780c-4459-964a-dea4dcd51fd7:c3001, 9ed8676d-9460-465d-9905-fd43a52295f6:c2997, da64134c-6992-4903-9407-7df321e464db:c2996]
2019-07-09 09:59:23,873 INFO  client.GrpcClientProtocolClient (GrpcClientProtocolClient.java:onNext(255)) - client-CECA27ED65B5->8cac6937-780c-4459-964a-dea4dcd51fd7: receive RaftClientReply:client-CECA27ED65B5->8cac6937-780c-4459-964a-dea4dcd51fd7@group-D84C501198B9, cid=2064, SUCCESS, logIndex=3001, commits[8cac6937-780c-4459-964a-dea4dcd51fd7:c3001, 9ed8676d-9460-465d-9905-fd43a52295f6:c2997, da64134c-6992-4903-9407-7df321e464db:c2997]
2019-07-09 09:59:23,875 INFO  client.GrpcClientProtocolClient (GrpcClientProtocolClient.java:onNext(255)) - client-CECA27ED65B5->8cac6937-780c-4459-964a-dea4dcd51fd7: receive RaftClientReply:client-CECA27ED65B5->8cac6937-780c-4459-964a-dea4dcd51fd7@group-D84C501198B9, cid=2065, SUCCESS, logIndex=0, commits[8cac6937-780c-4459-964a-dea4dcd51fd7:c3003, 9ed8676d-9460-465d-9905-fd43a52295f6:c3001, da64134c-6992-4903-9407-7df321e464db:c3001]
2019-07-09 09:59:23,904 INFO  client.GrpcClientProtocolClient (GrpcClientProtocolClient.java:onNext(255)) - client-CECA27ED65B5->8cac6937-780c-4459-964a-dea4dcd51fd7: receive RaftClientReply:client-CECA27ED65B5->8cac6937-780c-4459-964a-dea4dcd51fd7@group-D84C501198B9, cid=2066, SUCCESS, logIndex=3004, commits[8cac6937-780c-4459-964a-dea4dcd51fd7:c3005, 9ed8676d-9460-465d-9905-fd43a52295f6:c3003, da64134c-6992-4903-9407-7df321e464db:c3003]
2019-07-09 09:59:23,905 INFO  client.GrpcClientProtocolClient (GrpcClientProtocolClient.java:onNext(255)) - client-CECA27ED65B5->8cac6937-780c-4459-964a-dea4dcd51fd7: receive RaftClientReply:client-CECA27ED65B5->8cac6937-780c-4459-964a-dea4dcd51fd7@group-D84C501198B9, cid=2067, SUCCESS, logIndex=3005, commits[8cac6937-780c-4459-964a-dea4dcd51fd7:c3007, 9ed8676d-9460-465d-9905-fd43a52295f6:c3003, da64134c-6992-4903-9407-7df321e464db:c3003]
2019-07-09 09:59:23,905 INFO  client.GrpcClientProtocolClient (GrpcClientProtocolClient.java:onNext(255)) - client-CECA27ED65B5->8cac6937-780c-4459-964a-dea4dcd51fd7: receive RaftClientReply:client-CECA27ED65B5->8cac6937-780c-4459-964a-dea4dcd51fd7@group-D84C501198B9, cid=2068, SUCCESS, logIndex=3006, commits[8cac6937-780c-4459-964a-dea4dcd51fd7:c3007, 9ed8676d-9460-465d-9905-fd43a52295f6:c3003, da64134c-6992-4903-9407-7df321e464db:c3003]
2019-07-09 09:59:23,906 INFO  client.GrpcClientProtocolClient (GrpcClientProtocolClient.java:onNext(255)) - client-CECA27ED65B5->8cac6937-780c-4459-964a-dea4dcd51fd7: receive RaftClientReply:client-CECA27ED65B5->8cac6937-780c-4459-964a-dea4dcd51fd7@group-D84C501198B9, cid=2069, SUCCESS, logIndex=3007, commits[8cac6937-780c-4459-964a-dea4dcd51fd7:c3007, 9ed8676d-9460-465d-9905-fd43a52295f6:c3003, da64134c-6992-4903-9407-7df321e464db:c3004]
2019-07-09 09:59:23,907 INFO  client.GrpcClientProtocolClient (GrpcClientProtocolClient.java:onNext(255)) - client-CECA27ED65B5->8cac6937-780c-4459-964a-dea4dcd51fd7: receive RaftClientReply:client-CECA27ED65B5->8cac6937-780c-4459-964a-dea4dcd51fd7@group-D84C501198B9, cid=2070, SUCCESS, logIndex=0, commits[8cac6937-780c-4459-964a-dea4dcd51fd7:c3011, 9ed8676d-9460-465d-9905-fd43a52295f6:c3005, da64134c-6992-4903-9407-7df321e464db:c3007]
2019-07-09 09:59:23,928 INFO  client.GrpcClientProtocolClient (GrpcClientProtocolClient.java:onNext(255)) - client-CECA27ED65B5->8cac6937-780c-4459-964a-dea4dcd51fd7: receive RaftClientReply:client-CECA27ED65B5->8cac6937-780c-4459-964a-dea4dcd51fd7@group-D84C501198B9, cid=2071, SUCCESS, logIndex=3012, commits[8cac6937-780c-4459-964a-dea4dcd51fd7:c3013, 9ed8676d-9460-465d-9905-fd43a52295f6:c3011, da64134c-6992-4903-9407-7df321e464db:c3011]
2019-07-09 09:59:23,929 INFO  client.GrpcClientProtocolClient (GrpcClientProtocolClient.java:onNext(255)) - client-CECA27ED65B5->8cac6937-780c-4459-964a-dea4dcd51fd7: receive RaftClientReply:client-CECA27ED65B5->8cac6937-780c-4459-964a-dea4dcd51fd7@group-D84C501198B9, cid=2072, SUCCESS, logIndex=3013, commits[8cac6937-780c-4459-964a-dea4dcd51fd7:c3013, 9ed8676d-9460-465d-9905-fd43a52295f6:c3011, da64134c-6992-4903-9407-7df321e464db:c3011]
2019-07-09 09:59:23,941 INFO  client.GrpcClientProtocolClient (GrpcClientProtocolClient.java:onNext(255)) - client-CECA27ED65B5->8cac6937-780c-4459-964a-dea4dcd51fd7: receive RaftClientReply:client-CECA27ED65B5->8cac6937-780c-4459-964a-dea4dcd51fd7@group-D84C501198B9, cid=2073, SUCCESS, logIndex=3016, commits[8cac6937-780c-4459-964a-dea4dcd51fd7:c3017, 9ed8676d-9460-465d-9905-fd43a52295f6:c3012, da64134c-6992-4903-9407-7df321e464db:c3013]
2019-07-09 09:59:23,942 INFO  client.GrpcClientProtocolClient (GrpcClientProtocolClient.java:onNext(255)) - client-CECA27ED65B5->8cac6937-780c-4459-964a-dea4dcd51fd7: receive RaftClientReply:client-CECA27ED65B5->8cac6937-780c-4459-964a-dea4dcd51fd7@group-D84C501198B9, cid=2074, SUCCESS, logIndex=3017, commits[8cac6937-780c-4459-964a-dea4dcd51fd7:c3017, 9ed8676d-9460-465d-9905-fd43a52295f6:c3013, da64134c-6992-4903-9407-7df321e464db:c3013]
2019-07-09 09:59:23,944 INFO  client.GrpcClientProtocolClient (GrpcClientProtocolClient.java:onNext(255)) - client-CECA27ED65B5->8cac6937-780c-4459-964a-dea4dcd51fd7: receive RaftClientReply:client-CECA27ED65B5->8cac6937-780c-4459-964a-dea4dcd51fd7@group-D84C501198B9, cid=2075, SUCCESS, logIndex=0, commits[8cac6937-780c-4459-964a-dea4dcd51fd7:c3019, 9ed8676d-9460-465d-9905-fd43a52295f6:c3017, da64134c-6992-4903-9407-7df321e464db:c3017]
2019-07-09 09:59:23,978 INFO  client.GrpcClientProtocolClient (GrpcClientProtocolClient.java:onNext(255)) - client-CECA27ED65B5->8cac6937-780c-4459-964a-dea4dcd51fd7: receive RaftClientReply:client-CECA27ED65B5->8cac6937-780c-4459-964a-dea4dcd51fd7@group-D84C501198B9, cid=2076, SUCCESS, logIndex=3020, commits[8cac6937-780c-4459-964a-dea4dcd51fd7:c3021, 9ed8676d-9460-465d-9905-fd43a52295f6:c3019, da64134c-6992-4903-9407-7df321e464db:c3019]
2019-07-09 09:59:23,979 INFO  client.GrpcClientProtocolClient (GrpcClientProtocolClient.java:onNext(255)) - client-CECA27ED65B5->8cac6937-780c-4459-964a-dea4dcd51fd7: receive RaftClientReply:client-CECA27ED65B5->8cac6937-780c-4459-964a-dea4dcd51fd7@group-D84C501198B9, cid=2077, SUCCESS, logIndex=3021, commits[8cac6937-780c-4459-964a-dea4dcd51fd7:c3023, 9ed8676d-9460-465d-9905-fd43a52295f6:c3019, da64134c-6992-4903-9407-7df321e464db:c3019]
2019-07-09 09:59:23,979 INFO  client.GrpcClientProtocolClient (GrpcClientProtocolClient.java:onNext(255)) - client-CECA27ED65B5->8cac6937-780c-4459-964a-dea4dcd51fd7: receive RaftClientReply:client-CECA27ED65B5->8cac6937-780c-4459-964a-dea4dcd51fd7@group-D84C501198B9, cid=2078, SUCCESS, logIndex=3022, commits[8cac6937-780c-4459-964a-dea4dcd51fd7:c3023, 9ed8676d-9460-465d-9905-fd43a52295f6:c3019, da64134c-6992-4903-9407-7df321e464db:c3019]
2019-07-09 09:59:23,980 INFO  client.GrpcClientProtocolClient (GrpcClientProtocolClient.java:onNext(255)) - client-CECA27ED65B5->8cac6937-780c-4459-964a-dea4dcd51fd7: receive RaftClientReply:client-CECA27ED65B5->8cac6937-780c-4459-964a-dea4dcd51fd7@group-D84C501198B9, cid=2079, SUCCESS, logIndex=3023, commits[8cac6937-780c-4459-964a-dea4dcd51fd7:c3023, 9ed8676d-9460-465d-9905-fd43a52295f6:c3019, da64134c-6992-4903-9407-7df321e464db:c3019]
2019-07-09 09:59:23,991 INFO  client.GrpcClientProtocolClient (GrpcClientProtocolClient.java:onNext(255)) - client-CECA27ED65B5->8cac6937-780c-4459-964a-dea4dcd51fd7: receive RaftClientReply:client-CECA27ED65B5->8cac6937-780c-4459-964a-dea4dcd51fd7@group-D84C501198B9, cid=2080, SUCCESS, logIndex=0, commits[8cac6937-780c-4459-964a-dea4dcd51fd7:c3026, 9ed8676d-9460-465d-9905-fd43a52295f6:c3022, da64134c-6992-4903-9407-7df321e464db:c3021]
2019-07-09 09:59:24,011 INFO  client.GrpcClientProtocolClient (GrpcClientProtocolClient.java:onNext(255)) - client-CECA27ED65B5->8cac6937-780c-4459-964a-dea4dcd51fd7: receive RaftClientReply:client-CECA27ED65B5->8cac6937-780c-4459-964a-dea4dcd51fd7@group-D84C501198B9, cid=2081, SUCCESS, logIndex=3028, commits[8cac6937-780c-4459-964a-dea4dcd51fd7:c3029, 9ed8676d-9460-465d-9905-fd43a52295f6:c3027, da64134c-6992-4903-9407-7df321e464db:c3027]
2019-07-09 09:59:24,012 INFO  client.GrpcClientProtocolClient (GrpcClientProtocolClient.java:onNext(255)) - client-CECA27ED65B5->8cac6937-780c-4459-964a-dea4dcd51fd7: receive RaftClientReply:client-CECA27ED65B5->8cac6937-780c-4459-964a-dea4dcd51fd7@group-D84C501198B9, cid=2082, SUCCESS, logIndex=3029, commits[8cac6937-780c-4459-964a-dea4dcd51fd7:c3029, 9ed8676d-9460-465d-9905-fd43a52295f6:c3027, da64134c-6992-4903-9407-7df321e464db:c3027]
2019-07-09 09:59:24,024 INFO  client.GrpcClientProtocolClient (GrpcClientProtocolClient.java:onNext(255)) - client-CECA27ED65B5->8cac6937-780c-4459-964a-dea4dcd51fd7: receive RaftClientReply:client-CECA27ED65B5->8cac6937-780c-4459-964a-dea4dcd51fd7@group-D84C501198B9, cid=2083, SUCCESS, logIndex=3032, commits[8cac6937-780c-4459-964a-dea4dcd51fd7:c3033, 9ed8676d-9460-465d-9905-fd43a52295f6:c3029, da64134c-6992-4903-9407-7df321e464db:c3029]
2019-07-09 09:59:24,025 INFO  client.GrpcClientProtocolClient (GrpcClientProtocolClient.java:onNext(255)) - client-CECA27ED65B5->8cac6937-780c-4459-964a-dea4dcd51fd7: receive RaftClientReply:client-CECA27ED65B5->8cac6937-780c-4459-964a-dea4dcd51fd7@group-D84C501198B9, cid=2084, SUCCESS, logIndex=3033, commits[8cac6937-780c-4459-964a-dea4dcd51fd7:c3033, 9ed8676d-9460-465d-9905-fd43a52295f6:c3029, da64134c-6992-4903-9407-7df321e464db:c3029]
2019-07-09 09:59:24,038 INFO  client.GrpcClientProtocolClient (GrpcClientProtocolClient.java:onNext(255)) - client-CECA27ED65B5->8cac6937-780c-4459-964a-dea4dcd51fd7: receive RaftClientReply:client-CECA27ED65B5->8cac6937-780c-4459-964a-dea4dcd51fd7@group-D84C501198B9, cid=2085, SUCCESS, logIndex=0, commits[8cac6937-780c-4459-964a-dea4dcd51fd7:c3034, 9ed8676d-9460-465d-9905-fd43a52295f6:c3033, da64134c-6992-4903-9407-7df321e464db:c3033]
2019-07-09 09:59:24,135 INFO  client.GrpcClientProtocolClient (GrpcClientProtocolClient.java:onNext(255)) - client-CECA27ED65B5->8cac6937-780c-4459-964a-dea4dcd51fd7: receive RaftClientReply:client-CECA27ED65B5->8cac6937-780c-4459-964a-dea4dcd51fd7@group-D84C501198B9, cid=2086, SUCCESS, logIndex=3036, commits[8cac6937-780c-4459-964a-dea4dcd51fd7:c3037, 9ed8676d-9460-465d-9905-fd43a52295f6:c3035, da64134c-6992-4903-9407-7df321e464db:c3035]
2019-07-09 09:59:24,136 INFO  client.GrpcClientProtocolClient (GrpcClientProtocolClient.java:onNext(255)) - client-CECA27ED65B5->8cac6937-780c-4459-964a-dea4dcd51fd7: receive RaftClientReply:client-CECA27ED65B5->8cac6937-780c-4459-964a-dea4dcd51fd7@group-D84C501198B9, cid=2087, SUCCESS, logIndex=3037, commits[8cac6937-780c-4459-964a-dea4dcd51fd7:c3039, 9ed8676d-9460-465d-9905-fd43a52295f6:c3035, da64134c-6992-4903-9407-7df321e464db:c3035]
2019-07-09 09:59:24,136 INFO  client.GrpcClientProtocolClient (GrpcClientProtocolClient.java:onNext(255)) - client-CECA27ED65B5->8cac6937-780c-4459-964a-dea4dcd51fd7: receive RaftClientReply:client-CECA27ED65B5->8cac6937-780c-4459-964a-dea4dcd51fd7@group-D84C501198B9, cid=2088, SUCCESS, logIndex=3038, commits[8cac6937-780c-4459-964a-dea4dcd51fd7:c3039, 9ed8676d-9460-465d-9905-fd43a52295f6:c3035, da64134c-6992-4903-9407-7df321e464db:c3035]
2019-07-09 09:59:24,137 INFO  client.GrpcClientProtocolClient (GrpcClientProtocolClient.java:onNext(255)) - client-CECA27ED65B5->8cac6937-780c-4459-964a-dea4dcd51fd7: receive RaftClientReply:client-CECA27ED65B5->8cac6937-780c-4459-964a-dea4dcd51fd7@group-D84C501198B9, cid=2089, SUCCESS, logIndex=3039, commits[8cac6937-780c-4459-964a-dea4dcd51fd7:c3040, 9ed8676d-9460-465d-9905-fd43a52295f6:c3035, da64134c-6992-4903-9407-7df321e464db:c3036]
2019-07-09 09:59:24,138 INFO  client.GrpcClientProtocolClient (GrpcClientProtocolClient.java:onNext(255)) - client-CECA27ED65B5->8cac6937-780c-4459-964a-dea4dcd51fd7: receive RaftClientReply:client-CECA27ED65B5->8cac6937-780c-4459-964a-dea4dcd51fd7@group-D84C501198B9, cid=2090, SUCCESS, logIndex=0, commits[8cac6937-780c-4459-964a-dea4dcd51fd7:c3042, 9ed8676d-9460-465d-9905-fd43a52295f6:c3037, da64134c-6992-4903-9407-7df321e464db:c3039]
2019-07-09 09:59:24,165 INFO  client.GrpcClientProtocolClient (GrpcClientProtocolClient.java:onNext(255)) - client-CECA27ED65B5->8cac6937-780c-4459-964a-dea4dcd51fd7: receive RaftClientReply:client-CECA27ED65B5->8cac6937-780c-4459-964a-dea4dcd51fd7@group-D84C501198B9, cid=2091, SUCCESS, logIndex=3043, commits[8cac6937-780c-4459-964a-dea4dcd51fd7:c3044, 9ed8676d-9460-465d-9905-fd43a52295f6:c3042, da64134c-6992-4903-9407-7df321e464db:c3042]
2019-07-09 09:59:24,166 INFO  client.GrpcClientProtocolClient (GrpcClientProtocolClient.java:onNext(255)) - client-CECA27ED65B5->8cac6937-780c-4459-964a-dea4dcd51fd7: receive RaftClientReply:client-CECA27ED65B5->8cac6937-780c-4459-964a-dea4dcd51fd7@group-D84C501198B9, cid=2092, SUCCESS, logIndex=3044, commits[8cac6937-780c-4459-964a-dea4dcd51fd7:c3044, 9ed8676d-9460-465d-9905-fd43a52295f6:c3042, da64134c-6992-4903-9407-7df321e464db:c3042]
2019-07-09 09:59:24,179 INFO  client.GrpcClientProtocolClient (GrpcClientProtocolClient.java:onNext(255)) - client-CECA27ED65B5->8cac6937-780c-4459-964a-dea4dcd51fd7: receive RaftClientReply:client-CECA27ED65B5->8cac6937-780c-4459-964a-dea4dcd51fd7@group-D84C501198B9, cid=2093, SUCCESS, logIndex=3047, commits[8cac6937-780c-4459-964a-dea4dcd51fd7:c3047, 9ed8676d-9460-465d-9905-fd43a52295f6:c3044, da64134c-6992-4903-9407-7df321e464db:c3044]
2019-07-09 09:59:24,179 INFO  client.GrpcClientProtocolClient (GrpcClientProtocolClient.java:onNext(255)) - client-CECA27ED65B5->8cac6937-780c-4459-964a-dea4dcd51fd7: receive RaftClientReply:client-CECA27ED65B5->8cac6937-780c-4459-964a-dea4dcd51fd7@group-D84C501198B9, cid=2094, SUCCESS, logIndex=3048, commits[8cac6937-780c-4459-964a-dea4dcd51fd7:c3048, 9ed8676d-9460-465d-9905-fd43a52295f6:c3044, da64134c-6992-4903-9407-7df321e464db:c3044]
2019-07-09 09:59:24,195 INFO  client.GrpcClientProtocolClient (GrpcClientProtocolClient.java:onNext(255)) - client-CECA27ED65B5->8cac6937-780c-4459-964a-dea4dcd51fd7: receive RaftClientReply:client-CECA27ED65B5->8cac6937-780c-4459-964a-dea4dcd51fd7@group-D84C501198B9, cid=2095, SUCCESS, logIndex=0, commits[8cac6937-780c-4459-964a-dea4dcd51fd7:c3050, 9ed8676d-9460-465d-9905-fd43a52295f6:c3048, da64134c-6992-4903-9407-7df321e464db:c3048]
2019-07-09 09:59:24,224 INFO  client.GrpcClientProtocolClient (GrpcClientProtocolClient.java:onNext(255)) - client-CECA27ED65B5->8cac6937-780c-4459-964a-dea4dcd51fd7: receive RaftClientReply:client-CECA27ED65B5->8cac6937-780c-4459-964a-dea4dcd51fd7@group-D84C501198B9, cid=2096, SUCCESS, logIndex=3051, commits[8cac6937-780c-4459-964a-dea4dcd51fd7:c3052, 9ed8676d-9460-465d-9905-fd43a52295f6:c3050, da64134c-6992-4903-9407-7df321e464db:c3050]
2019-07-09 09:59:24,225 INFO  client.GrpcClientProtocolClient (GrpcClientProtocolClient.java:onNext(255)) - client-CECA27ED65B5->8cac6937-780c-4459-964a-dea4dcd51fd7: receive RaftClientReply:client-CECA27ED65B5->8cac6937-780c-4459-964a-dea4dcd51fd7@group-D84C501198B9, cid=2097, SUCCESS, logIndex=3052, commits[8cac6937-780c-4459-964a-dea4dcd51fd7:c3054, 9ed8676d-9460-465d-9905-fd43a52295f6:c3050, da64134c-6992-4903-9407-7df321e464db:c3050]
2019-07-09 09:59:24,225 INFO  client.GrpcClientProtocolClient (GrpcClientProtocolClient.java:onNext(255)) - client-CECA27ED65B5->8cac6937-780c-4459-964a-dea4dcd51fd7: receive RaftClientReply:client-CECA27ED65B5->8cac6937-780c-4459-964a-dea4dcd51fd7@group-D84C501198B9, cid=2098, SUCCESS, logIndex=3053, commits[8cac6937-780c-4459-964a-dea4dcd51fd7:c3054, 9ed8676d-9460-465d-9905-fd43a52295f6:c3050, da64134c-6992-4903-9407-7df321e464db:c3050]
2019-07-09 09:59:24,225 INFO  client.GrpcClientProtocolClient (GrpcClientProtocolClient.java:onNext(255)) - client-CECA27ED65B5->8cac6937-780c-4459-964a-dea4dcd51fd7: receive RaftClientReply:client-CECA27ED65B5->8cac6937-780c-4459-964a-dea4dcd51fd7@group-D84C501198B9, cid=2099, SUCCESS, logIndex=3054, commits[8cac6937-780c-4459-964a-dea4dcd51fd7:c3055, 9ed8676d-9460-465d-9905-fd43a52295f6:c3051, da64134c-6992-4903-9407-7df321e464db:c3050]
2019-07-09 09:59:24,227 INFO  client.GrpcClientProtocolClient (GrpcClientProtocolClient.java:onNext(255)) - client-CECA27ED65B5->8cac6937-780c-4459-964a-dea4dcd51fd7: receive RaftClientReply:client-CECA27ED65B5->8cac6937-780c-4459-964a-dea4dcd51fd7@group-D84C501198B9, cid=2100, SUCCESS, logIndex=0, commits[8cac6937-780c-4459-964a-dea4dcd51fd7:c3056, 9ed8676d-9460-465d-9905-fd43a52295f6:c3052, da64134c-6992-4903-9407-7df321e464db:c3052]
2019-07-09 09:59:24,247 INFO  client.GrpcClientProtocolClient (GrpcClientProtocolClient.java:onNext(255)) - client-CECA27ED65B5->8cac6937-780c-4459-964a-dea4dcd51fd7: receive RaftClientReply:client-CECA27ED65B5->8cac6937-780c-4459-964a-dea4dcd51fd7@group-D84C501198B9, cid=2101, SUCCESS, logIndex=3059, commits[8cac6937-780c-4459-964a-dea4dcd51fd7:c3060, 9ed8676d-9460-465d-9905-fd43a52295f6:c3058, da64134c-6992-4903-9407-7df321e464db:c3058]
2019-07-09 09:59:24,248 INFO  client.GrpcClientProtocolClient (GrpcClientProtocolClient.java:onNext(255)) - client-CECA27ED65B5->8cac6937-780c-4459-964a-dea4dcd51fd7: receive RaftClientReply:client-CECA27ED65B5->8cac6937-780c-4459-964a-dea4dcd51fd7@group-D84C501198B9, cid=2102, SUCCESS, logIndex=3060, commits[8cac6937-780c-4459-964a-dea4dcd51fd7:c3060, 9ed8676d-9460-465d-9905-fd43a52295f6:c3058, da64134c-6992-4903-9407-7df321e464db:c3058]
 0.00% |█                                                                                                    |  0/1 Time: 0:00:162019-07-09 09:59:24,260 INFO  client.GrpcClientProtocolClient (GrpcClientProtocolClient.java:onNext(255)) - client-CECA27ED65B5->8cac6937-780c-4459-964a-dea4dcd51fd7: receive RaftClientReply:client-CECA27ED65B5->8cac6937-780c-4459-964a-dea4dcd51fd7@group-D84C501198B9, cid=2103, SUCCESS, logIndex=3063, commits[8cac6937-780c-4459-964a-dea4dcd51fd7:c3064, 9ed8676d-9460-465d-9905-fd43a52295f6:c3060, da64134c-6992-4903-9407-7df321e464db:c3060]
2019-07-09 09:59:24,261 INFO  client.GrpcClientProtocolClient (GrpcClientProtocolClient.java:onNext(255)) - client-CECA27ED65B5->8cac6937-780c-4459-964a-dea4dcd51fd7: receive RaftClientReply:client-CECA27ED65B5->8cac6937-780c-4459-964a-dea4dcd51fd7@group-D84C501198B9, cid=2104, SUCCESS, logIndex=3064, commits[8cac6937-780c-4459-964a-dea4dcd51fd7:c3064, 9ed8676d-9460-465d-9905-fd43a52295f6:c3060, da64134c-6992-4903-9407-7df321e464db:c3060]
2019-07-09 09:59:24,273 INFO  client.GrpcClientProtocolClient (GrpcClientProtocolClient.java:onNext(255)) - client-CECA27ED65B5->8cac6937-780c-4459-964a-dea4dcd51fd7: receive RaftClientReply:client-CECA27ED65B5->8cac6937-780c-4459-964a-dea4dcd51fd7@group-D84C501198B9, cid=2105, SUCCESS, logIndex=0, commits[8cac6937-780c-4459-964a-dea4dcd51fd7:c3066, 9ed8676d-9460-465d-9905-fd43a52295f6:c3064, da64134c-6992-4903-9407-7df321e464db:c3064]
2019-07-09 09:59:24,302 INFO  client.GrpcClientProtocolClient (GrpcClientProtocolClient.java:onNext(255)) - client-CECA27ED65B5->8cac6937-780c-4459-964a-dea4dcd51fd7: receive RaftClientReply:client-CECA27ED65B5->8cac6937-780c-4459-964a-dea4dcd51fd7@group-D84C501198B9, cid=2106, SUCCESS, logIndex=3067, commits[8cac6937-780c-4459-964a-dea4dcd51fd7:c3070, 9ed8676d-9460-465d-9905-fd43a52295f6:c3066, da64134c-6992-4903-9407-7df321e464db:c3066]
2019-07-09 09:59:24,302 INFO  client.GrpcClientProtocolClient (GrpcClientProtocolClient.java:onNext(255)) - client-CECA27ED65B5->8cac6937-780c-4459-964a-dea4dcd51fd7: receive RaftClientReply:client-CECA27ED65B5->8cac6937-780c-4459-964a-dea4dcd51fd7@group-D84C501198B9, cid=2107, SUCCESS, logIndex=3068, commits[8cac6937-780c-4459-964a-dea4dcd51fd7:c3070, 9ed8676d-9460-465d-9905-fd43a52295f6:c3066, da64134c-6992-4903-9407-7df321e464db:c3066]
2019-07-09 09:59:24,302 INFO  client.GrpcClientProtocolClient (GrpcClientProtocolClient.java:onNext(255)) - client-CECA27ED65B5->8cac6937-780c-4459-964a-dea4dcd51fd7: receive RaftClientReply:client-CECA27ED65B5->8cac6937-780c-4459-964a-dea4dcd51fd7@group-D84C501198B9, cid=2108, SUCCESS, logIndex=3069, commits[8cac6937-780c-4459-964a-dea4dcd51fd7:c3070, 9ed8676d-9460-465d-9905-fd43a52295f6:c3066, da64134c-6992-4903-9407-7df321e464db:c3066]
2019-07-09 09:59:24,303 INFO  client.GrpcClientProtocolClient (GrpcClientProtocolClient.java:onNext(255)) - client-CECA27ED65B5->8cac6937-780c-4459-964a-dea4dcd51fd7: receive RaftClientReply:client-CECA27ED65B5->8cac6937-780c-4459-964a-dea4dcd51fd7@group-D84C501198B9, cid=2109, SUCCESS, logIndex=3070, commits[8cac6937-780c-4459-964a-dea4dcd51fd7:c3070, 9ed8676d-9460-465d-9905-fd43a52295f6:c3066, da64134c-6992-4903-9407-7df321e464db:c3066]
2019-07-09 09:59:24,314 INFO  client.GrpcClientProtocolClient (GrpcClientProtocolClient.java:onNext(255)) - client-CECA27ED65B5->8cac6937-780c-4459-964a-dea4dcd51fd7: receive RaftClientReply:client-CECA27ED65B5->8cac6937-780c-4459-964a-dea4dcd51fd7@group-D84C501198B9, cid=2110, SUCCESS, logIndex=0, commits[8cac6937-780c-4459-964a-dea4dcd51fd7:c3070, 9ed8676d-9460-465d-9905-fd43a52295f6:c3070, da64134c-6992-4903-9407-7df321e464db:c3070]
2019-07-09 09:59:24,334 INFO  client.GrpcClientProtocolClient (GrpcClientProtocolClient.java:onNext(255)) - client-CECA27ED65B5->8cac6937-780c-4459-964a-dea4dcd51fd7: receive RaftClientReply:client-CECA27ED65B5->8cac6937-780c-4459-964a-dea4dcd51fd7@group-D84C501198B9, cid=2111, SUCCESS, logIndex=3073, commits[8cac6937-780c-4459-964a-dea4dcd51fd7:c3074, 9ed8676d-9460-465d-9905-fd43a52295f6:c3072, da64134c-6992-4903-9407-7df321e464db:c3072]
2019-07-09 09:59:24,335 INFO  client.GrpcClientProtocolClient (GrpcClientProtocolClient.java:onNext(255)) - client-CECA27ED65B5->8cac6937-780c-4459-964a-dea4dcd51fd7: receive RaftClientReply:client-CECA27ED65B5->8cac6937-780c-4459-964a-dea4dcd51fd7@group-D84C501198B9, cid=2112, SUCCESS, logIndex=3074, commits[8cac6937-780c-4459-964a-dea4dcd51fd7:c3074, 9ed8676d-9460-465d-9905-fd43a52295f6:c3072, da64134c-6992-4903-9407-7df321e464db:c3072]
2019-07-09 09:59:24,348 INFO  client.GrpcClientProtocolClient (GrpcClientProtocolClient.java:onNext(255)) - client-CECA27ED65B5->8cac6937-780c-4459-964a-dea4dcd51fd7: receive RaftClientReply:client-CECA27ED65B5->8cac6937-780c-4459-964a-dea4dcd51fd7@group-D84C501198B9, cid=2113, SUCCESS, logIndex=3077, commits[8cac6937-780c-4459-964a-dea4dcd51fd7:c3078, 9ed8676d-9460-465d-9905-fd43a52295f6:c3074, da64134c-6992-4903-9407-7df321e464db:c3074]
2019-07-09 09:59:24,348 INFO  client.GrpcClientProtocolClient (GrpcClientProtocolClient.java:onNext(255)) - client-CECA27ED65B5->8cac6937-780c-4459-964a-dea4dcd51fd7: receive RaftClientReply:client-CECA27ED65B5->8cac6937-780c-4459-964a-dea4dcd51fd7@group-D84C501198B9, cid=2114, SUCCESS, logIndex=3078, commits[8cac6937-780c-4459-964a-dea4dcd51fd7:c3078, 9ed8676d-9460-465d-9905-fd43a52295f6:c3074, da64134c-6992-4903-9407-7df321e464db:c3074]
2019-07-09 09:59:24,360 INFO  client.GrpcClientProtocolClient (GrpcClientProtocolClient.java:onNext(255)) - client-CECA27ED65B5->8cac6937-780c-4459-964a-dea4dcd51fd7: receive RaftClientReply:client-CECA27ED65B5->8cac6937-780c-4459-964a-dea4dcd51fd7@group-D84C501198B9, cid=2115, SUCCESS, logIndex=0, commits[8cac6937-780c-4459-964a-dea4dcd51fd7:c3079, 9ed8676d-9460-465d-9905-fd43a52295f6:c3078, da64134c-6992-4903-9407-7df321e464db:c3078]
2019-07-09 09:59:24,386 INFO  client.GrpcClientProtocolClient (GrpcClientProtocolClient.java:onNext(255)) - client-CECA27ED65B5->8cac6937-780c-4459-964a-dea4dcd51fd7: receive RaftClientReply:client-CECA27ED65B5->8cac6937-780c-4459-964a-dea4dcd51fd7@group-D84C501198B9, cid=2116, SUCCESS, logIndex=3081, commits[8cac6937-780c-4459-964a-dea4dcd51fd7:c3082, 9ed8676d-9460-465d-9905-fd43a52295f6:c3080, da64134c-6992-4903-9407-7df321e464db:c3080]
2019-07-09 09:59:24,386 INFO  client.GrpcClientProtocolClient (GrpcClientProtocolClient.java:onNext(255)) - client-CECA27ED65B5->8cac6937-780c-4459-964a-dea4dcd51fd7: receive RaftClientReply:client-CECA27ED65B5->8cac6937-780c-4459-964a-dea4dcd51fd7@group-D84C501198B9, cid=2117, SUCCESS, logIndex=3082, commits[8cac6937-780c-4459-964a-dea4dcd51fd7:c3082, 9ed8676d-9460-465d-9905-fd43a52295f6:c3080, da64134c-6992-4903-9407-7df321e464db:c3080]
2019-07-09 09:59:24,387 INFO  client.GrpcClientProtocolClient (GrpcClientProtocolClient.java:onNext(255)) - client-CECA27ED65B5->8cac6937-780c-4459-964a-dea4dcd51fd7: receive RaftClientReply:client-CECA27ED65B5->8cac6937-780c-4459-964a-dea4dcd51fd7@group-D84C501198B9, cid=2118, SUCCESS, logIndex=3083, commits[8cac6937-780c-4459-964a-dea4dcd51fd7:c3084, 9ed8676d-9460-465d-9905-fd43a52295f6:c3080, da64134c-6992-4903-9407-7df321e464db:c3080]
2019-07-09 09:59:24,387 INFO  client.GrpcClientProtocolClient (GrpcClientProtocolClient.java:onNext(255)) - client-CECA27ED65B5->8cac6937-780c-4459-964a-dea4dcd51fd7: receive RaftClientReply:client-CECA27ED65B5->8cac6937-780c-4459-964a-dea4dcd51fd7@group-D84C501198B9, cid=2119, SUCCESS, logIndex=3084, commits[8cac6937-780c-4459-964a-dea4dcd51fd7:c3084, 9ed8676d-9460-465d-9905-fd43a52295f6:c3080, da64134c-6992-4903-9407-7df321e464db:c3080]
2019-07-09 09:59:24,389 INFO  client.GrpcClientProtocolClient (GrpcClientProtocolClient.java:onNext(255)) - client-CECA27ED65B5->8cac6937-780c-4459-964a-dea4dcd51fd7: receive RaftClientReply:client-CECA27ED65B5->8cac6937-780c-4459-964a-dea4dcd51fd7@group-D84C501198B9, cid=2120, SUCCESS, logIndex=0, commits[8cac6937-780c-4459-964a-dea4dcd51fd7:c3086, 9ed8676d-9460-465d-9905-fd43a52295f6:c3082, da64134c-6992-4903-9407-7df321e464db:c3082]
2019-07-09 09:59:24,416 INFO  client.GrpcClientProtocolClient (GrpcClientProtocolClient.java:onNext(255)) - client-CECA27ED65B5->8cac6937-780c-4459-964a-dea4dcd51fd7: receive RaftClientReply:client-CECA27ED65B5->8cac6937-780c-4459-964a-dea4dcd51fd7@group-D84C501198B9, cid=2121, SUCCESS, logIndex=3089, commits[8cac6937-780c-4459-964a-dea4dcd51fd7:c3090, 9ed8676d-9460-465d-9905-fd43a52295f6:c3088, da64134c-6992-4903-9407-7df321e464db:c3088]
2019-07-09 09:59:24,417 INFO  client.GrpcClientProtocolClient (GrpcClientProtocolClient.java:onNext(255)) - client-CECA27ED65B5->8cac6937-780c-4459-964a-dea4dcd51fd7: receive RaftClientReply:client-CECA27ED65B5->8cac6937-780c-4459-964a-dea4dcd51fd7@group-D84C501198B9, cid=2122, SUCCESS, logIndex=3090, commits[8cac6937-780c-4459-964a-dea4dcd51fd7:c3090, 9ed8676d-9460-465d-9905-fd43a52295f6:c3088, da64134c-6992-4903-9407-7df321e464db:c3088]
2019-07-09 09:59:24,429 INFO  client.GrpcClientProtocolClient (GrpcClientProtocolClient.java:onNext(255)) - client-CECA27ED65B5->8cac6937-780c-4459-964a-dea4dcd51fd7: receive RaftClientReply:client-CECA27ED65B5->8cac6937-780c-4459-964a-dea4dcd51fd7@group-D84C501198B9, cid=2123, SUCCESS, logIndex=3093, commits[8cac6937-780c-4459-964a-dea4dcd51fd7:c3093, 9ed8676d-9460-465d-9905-fd43a52295f6:c3090, da64134c-6992-4903-9407-7df321e464db:c3090]
2019-07-09 09:59:24,429 INFO  client.GrpcClientProtocolClient (GrpcClientProtocolClient.java:onNext(255)) - client-CECA27ED65B5->8cac6937-780c-4459-964a-dea4dcd51fd7: receive RaftClientReply:client-CECA27ED65B5->8cac6937-780c-4459-964a-dea4dcd51fd7@group-D84C501198B9, cid=2124, SUCCESS, logIndex=3094, commits[8cac6937-780c-4459-964a-dea4dcd51fd7:c3094, 9ed8676d-9460-465d-9905-fd43a52295f6:c3090, da64134c-6992-4903-9407-7df321e464db:c3090]
2019-07-09 09:59:24,443 INFO  client.GrpcClientProtocolClient (GrpcClientProtocolClient.java:onNext(255)) - client-CECA27ED65B5->8cac6937-780c-4459-964a-dea4dcd51fd7: receive RaftClientReply:client-CECA27ED65B5->8cac6937-780c-4459-964a-dea4dcd51fd7@group-D84C501198B9, cid=2125, SUCCESS, logIndex=0, commits[8cac6937-780c-4459-964a-dea4dcd51fd7:c3096, 9ed8676d-9460-465d-9905-fd43a52295f6:c3094, da64134c-6992-4903-9407-7df321e464db:c3094]
2019-07-09 09:59:24,470 INFO  client.GrpcClientProtocolClient (GrpcClientProtocolClient.java:onNext(255)) - client-CECA27ED65B5->8cac6937-780c-4459-964a-dea4dcd51fd7: receive RaftClientReply:client-CECA27ED65B5->8cac6937-780c-4459-964a-dea4dcd51fd7@group-D84C501198B9, cid=2126, SUCCESS, logIndex=3097, commits[8cac6937-780c-4459-964a-dea4dcd51fd7:c3098, 9ed8676d-9460-465d-9905-fd43a52295f6:c3096, da64134c-6992-4903-9407-7df321e464db:c3096]
2019-07-09 09:59:24,471 INFO  client.GrpcClientProtocolClient (GrpcClientProtocolClient.java:onNext(255)) - client-CECA27ED65B5->8cac6937-780c-4459-964a-dea4dcd51fd7: receive RaftClientReply:client-CECA27ED65B5->8cac6937-780c-4459-964a-dea4dcd51fd7@group-D84C501198B9, cid=2127, SUCCESS, logIndex=3098, commits[8cac6937-780c-4459-964a-dea4dcd51fd7:c3098, 9ed8676d-9460-465d-9905-fd43a52295f6:c3096, da64134c-6992-4903-9407-7df321e464db:c3096]
2019-07-09 09:59:24,471 INFO  client.GrpcClientProtocolClient (GrpcClientProtocolClient.java:onNext(255)) - client-CECA27ED65B5->8cac6937-780c-4459-964a-dea4dcd51fd7: receive RaftClientReply:client-CECA27ED65B5->8cac6937-780c-4459-964a-dea4dcd51fd7@group-D84C501198B9, cid=2128, SUCCESS, logIndex=3099, commits[8cac6937-780c-4459-964a-dea4dcd51fd7:c3100, 9ed8676d-9460-465d-9905-fd43a52295f6:c3096, da64134c-6992-4903-9407-7df321e464db:c3096]
2019-07-09 09:59:24,472 INFO  client.GrpcClientProtocolClient (GrpcClientProtocolClient.java:onNext(255)) - client-CECA27ED65B5->8cac6937-780c-4459-964a-dea4dcd51fd7: receive RaftClientReply:client-CECA27ED65B5->8cac6937-780c-4459-964a-dea4dcd51fd7@group-D84C501198B9, cid=2129, SUCCESS, logIndex=3100, commits[8cac6937-780c-4459-964a-dea4dcd51fd7:c3100, 9ed8676d-9460-465d-9905-fd43a52295f6:c3096, da64134c-6992-4903-9407-7df321e464db:c3096]
2019-07-09 09:59:24,473 INFO  client.GrpcClientProtocolClient (GrpcClientProtocolClient.java:onNext(255)) - client-CECA27ED65B5->8cac6937-780c-4459-964a-dea4dcd51fd7: receive RaftClientReply:client-CECA27ED65B5->8cac6937-780c-4459-964a-dea4dcd51fd7@group-D84C501198B9, cid=2130, SUCCESS, logIndex=0, commits[8cac6937-780c-4459-964a-dea4dcd51fd7:c3102, 9ed8676d-9460-465d-9905-fd43a52295f6:c3098, da64134c-6992-4903-9407-7df321e464db:c3098]
2019-07-09 09:59:24,508 INFO  client.GrpcClientProtocolClient (GrpcClientProtocolClient.java:onNext(255)) - client-CECA27ED65B5->8cac6937-780c-4459-964a-dea4dcd51fd7: receive RaftClientReply:client-CECA27ED65B5->8cac6937-780c-4459-964a-dea4dcd51fd7@group-D84C501198B9, cid=2131, SUCCESS, logIndex=3105, commits[8cac6937-780c-4459-964a-dea4dcd51fd7:c3105, 9ed8676d-9460-465d-9905-fd43a52295f6:c3104, da64134c-6992-4903-9407-7df321e464db:c3104]
2019-07-09 09:59:24,509 INFO  client.GrpcClientProtocolClient (GrpcClientProtocolClient.java:onNext(255)) - client-CECA27ED65B5->8cac6937-780c-4459-964a-dea4dcd51fd7: receive RaftClientReply:client-CECA27ED65B5->8cac6937-780c-4459-964a-dea4dcd51fd7@group-D84C501198B9, cid=2132, SUCCESS, logIndex=3106, commits[8cac6937-780c-4459-964a-dea4dcd51fd7:c3106, 9ed8676d-9460-465d-9905-fd43a52295f6:c3104, da64134c-6992-4903-9407-7df321e464db:c3104]
2019-07-09 09:59:24,522 INFO  client.GrpcClientProtocolClient (GrpcClientProtocolClient.java:onNext(255)) - client-CECA27ED65B5->8cac6937-780c-4459-964a-dea4dcd51fd7: receive RaftClientReply:client-CECA27ED65B5->8cac6937-780c-4459-964a-dea4dcd51fd7@group-D84C501198B9, cid=2133, SUCCESS, logIndex=3109, commits[8cac6937-780c-4459-964a-dea4dcd51fd7:c3110, 9ed8676d-9460-465d-9905-fd43a52295f6:c3105, da64134c-6992-4903-9407-7df321e464db:c3106]
2019-07-09 09:59:24,522 INFO  client.GrpcClientProtocolClient (GrpcClientProtocolClient.java:onNext(255)) - client-CECA27ED65B5->8cac6937-780c-4459-964a-dea4dcd51fd7: receive RaftClientReply:client-CECA27ED65B5->8cac6937-780c-4459-964a-dea4dcd51fd7@group-D84C501198B9, cid=2134, SUCCESS, logIndex=3110, commits[8cac6937-780c-4459-964a-dea4dcd51fd7:c3110, 9ed8676d-9460-465d-9905-fd43a52295f6:c3106, da64134c-6992-4903-9407-7df321e464db:c3106]
2019-07-09 09:59:24,523 INFO  client.GrpcClientProtocolClient (GrpcClientProtocolClient.java:onNext(255)) - client-CECA27ED65B5->8cac6937-780c-4459-964a-dea4dcd51fd7: receive RaftClientReply:client-CECA27ED65B5->8cac6937-780c-4459-964a-dea4dcd51fd7@group-D84C501198B9, cid=2135, SUCCESS, logIndex=0, commits[8cac6937-780c-4459-964a-dea4dcd51fd7:c3111, 9ed8676d-9460-465d-9905-fd43a52295f6:c3110, da64134c-6992-4903-9407-7df321e464db:c3110]
2019-07-09 09:59:24,552 INFO  client.GrpcClientProtocolClient (GrpcClientProtocolClient.java:onNext(255)) - client-CECA27ED65B5->8cac6937-780c-4459-964a-dea4dcd51fd7: receive RaftClientReply:client-CECA27ED65B5->8cac6937-780c-4459-964a-dea4dcd51fd7@group-D84C501198B9, cid=2136, SUCCESS, logIndex=3112, commits[8cac6937-780c-4459-964a-dea4dcd51fd7:c3113, 9ed8676d-9460-465d-9905-fd43a52295f6:c3111, da64134c-6992-4903-9407-7df321e464db:c3111]
2019-07-09 09:59:24,552 INFO  client.GrpcClientProtocolClient (GrpcClientProtocolClient.java:onNext(255)) - client-CECA27ED65B5->8cac6937-780c-4459-964a-dea4dcd51fd7: receive RaftClientReply:client-CECA27ED65B5->8cac6937-780c-4459-964a-dea4dcd51fd7@group-D84C501198B9, cid=2137, SUCCESS, logIndex=3113, commits[8cac6937-780c-4459-964a-dea4dcd51fd7:c3113, 9ed8676d-9460-465d-9905-fd43a52295f6:c3111, da64134c-6992-4903-9407-7df321e464db:c3111]
2019-07-09 09:59:24,553 INFO  client.GrpcClientProtocolClient (GrpcClientProtocolClient.java:onNext(255)) - client-CECA27ED65B5->8cac6937-780c-4459-964a-dea4dcd51fd7: receive RaftClientReply:client-CECA27ED65B5->8cac6937-780c-4459-964a-dea4dcd51fd7@group-D84C501198B9, cid=2138, SUCCESS, logIndex=3114, commits[8cac6937-780c-4459-964a-dea4dcd51fd7:c3115, 9ed8676d-9460-465d-9905-fd43a52295f6:c3111, da64134c-6992-4903-9407-7df321e464db:c3111]
2019-07-09 09:59:24,553 INFO  client.GrpcClientProtocolClient (GrpcClientProtocolClient.java:onNext(255)) - client-CECA27ED65B5->8cac6937-780c-4459-964a-dea4dcd51fd7: receive RaftClientReply:client-CECA27ED65B5->8cac6937-780c-4459-964a-dea4dcd51fd7@group-D84C501198B9, cid=2139, SUCCESS, logIndex=3115, commits[8cac6937-780c-4459-964a-dea4dcd51fd7:c3115, 9ed8676d-9460-465d-9905-fd43a52295f6:c3111, da64134c-6992-4903-9407-7df321e464db:c3111]
2019-07-09 09:59:24,555 INFO  client.GrpcClientProtocolClient (GrpcClientProtocolClient.java:onNext(255)) - client-CECA27ED65B5->8cac6937-780c-4459-964a-dea4dcd51fd7: receive RaftClientReply:client-CECA27ED65B5->8cac6937-780c-4459-964a-dea4dcd51fd7@group-D84C501198B9, cid=2140, SUCCESS, logIndex=0, commits[8cac6937-780c-4459-964a-dea4dcd51fd7:c3119, 9ed8676d-9460-465d-9905-fd43a52295f6:c3115, da64134c-6992-4903-9407-7df321e464db:c3113]
2019-07-09 09:59:24,575 INFO  client.GrpcClientProtocolClient (GrpcClientProtocolClient.java:onNext(255)) - client-CECA27ED65B5->8cac6937-780c-4459-964a-dea4dcd51fd7: receive RaftClientReply:client-CECA27ED65B5->8cac6937-780c-4459-964a-dea4dcd51fd7@group-D84C501198B9, cid=2141, SUCCESS, logIndex=3120, commits[8cac6937-780c-4459-964a-dea4dcd51fd7:c3121, 9ed8676d-9460-465d-9905-fd43a52295f6:c3119, da64134c-6992-4903-9407-7df321e464db:c3119]
2019-07-09 09:59:24,575 INFO  client.GrpcClientProtocolClient (GrpcClientProtocolClient.java:onNext(255)) - client-CECA27ED65B5->8cac6937-780c-4459-964a-dea4dcd51fd7: receive RaftClientReply:client-CECA27ED65B5->8cac6937-780c-4459-964a-dea4dcd51fd7@group-D84C501198B9, cid=2142, SUCCESS, logIndex=3121, commits[8cac6937-780c-4459-964a-dea4dcd51fd7:c3121, 9ed8676d-9460-465d-9905-fd43a52295f6:c3119, da64134c-6992-4903-9407-7df321e464db:c3119]
2019-07-09 09:59:24,589 INFO  client.GrpcClientProtocolClient (GrpcClientProtocolClient.java:onNext(255)) - client-CECA27ED65B5->8cac6937-780c-4459-964a-dea4dcd51fd7: receive RaftClientReply:client-CECA27ED65B5->8cac6937-780c-4459-964a-dea4dcd51fd7@group-D84C501198B9, cid=2143, SUCCESS, logIndex=3124, commits[8cac6937-780c-4459-964a-dea4dcd51fd7:c3124, 9ed8676d-9460-465d-9905-fd43a52295f6:c3121, da64134c-6992-4903-9407-7df321e464db:c3121]
2019-07-09 09:59:24,589 INFO  client.GrpcClientProtocolClient (GrpcClientProtocolClient.java:onNext(255)) - client-CECA27ED65B5->8cac6937-780c-4459-964a-dea4dcd51fd7: receive RaftClientReply:client-CECA27ED65B5->8cac6937-780c-4459-964a-dea4dcd51fd7@group-D84C501198B9, cid=2144, SUCCESS, logIndex=3125, commits[8cac6937-780c-4459-964a-dea4dcd51fd7:c3125, 9ed8676d-9460-465d-9905-fd43a52295f6:c3121, da64134c-6992-4903-9407-7df321e464db:c3121]
2019-07-09 09:59:24,601 INFO  client.GrpcClientProtocolClient (GrpcClientProtocolClient.java:onNext(255)) - client-CECA27ED65B5->8cac6937-780c-4459-964a-dea4dcd51fd7: receive RaftClientReply:client-CECA27ED65B5->8cac6937-780c-4459-964a-dea4dcd51fd7@group-D84C501198B9, cid=2145, SUCCESS, logIndex=0, commits[8cac6937-780c-4459-964a-dea4dcd51fd7:c3127, 9ed8676d-9460-465d-9905-fd43a52295f6:c3125, da64134c-6992-4903-9407-7df321e464db:c3125]
2019-07-09 09:59:24,631 INFO  client.GrpcClientProtocolClient (GrpcClientProtocolClient.java:onNext(255)) - client-CECA27ED65B5->8cac6937-780c-4459-964a-dea4dcd51fd7: receive RaftClientReply:client-CECA27ED65B5->8cac6937-780c-4459-964a-dea4dcd51fd7@group-D84C501198B9, cid=2146, SUCCESS, logIndex=3128, commits[8cac6937-780c-4459-964a-dea4dcd51fd7:c3129, 9ed8676d-9460-465d-9905-fd43a52295f6:c3127, da64134c-6992-4903-9407-7df321e464db:c3127]
2019-07-09 09:59:24,631 INFO  client.GrpcClientProtocolClient (GrpcClientProtocolClient.java:onNext(255)) - client-CECA27ED65B5->8cac6937-780c-4459-964a-dea4dcd51fd7: receive RaftClientReply:client-CECA27ED65B5->8cac6937-780c-4459-964a-dea4dcd51fd7@group-D84C501198B9, cid=2147, SUCCESS, logIndex=3129, commits[8cac6937-780c-4459-964a-dea4dcd51fd7:c3129, 9ed8676d-9460-465d-9905-fd43a52295f6:c3127, da64134c-6992-4903-9407-7df321e464db:c3127]
2019-07-09 09:59:24,632 INFO  client.GrpcClientProtocolClient (GrpcClientProtocolClient.java:onNext(255)) - client-CECA27ED65B5->8cac6937-780c-4459-964a-dea4dcd51fd7: receive RaftClientReply:client-CECA27ED65B5->8cac6937-780c-4459-964a-dea4dcd51fd7@group-D84C501198B9, cid=2148, SUCCESS, logIndex=3130, commits[8cac6937-780c-4459-964a-dea4dcd51fd7:c3131, 9ed8676d-9460-465d-9905-fd43a52295f6:c3127, da64134c-6992-4903-9407-7df321e464db:c3127]
2019-07-09 09:59:24,632 INFO  client.GrpcClientProtocolClient (GrpcClientProtocolClient.java:onNext(255)) - client-CECA27ED65B5->8cac6937-780c-4459-964a-dea4dcd51fd7: receive RaftClientReply:client-CECA27ED65B5->8cac6937-780c-4459-964a-dea4dcd51fd7@group-D84C501198B9, cid=2149, SUCCESS, logIndex=3131, commits[8cac6937-780c-4459-964a-dea4dcd51fd7:c3131, 9ed8676d-9460-465d-9905-fd43a52295f6:c3127, da64134c-6992-4903-9407-7df321e464db:c3127]
2019-07-09 09:59:24,645 INFO  client.GrpcClientProtocolClient (GrpcClientProtocolClient.java:onNext(255)) - client-CECA27ED65B5->8cac6937-780c-4459-964a-dea4dcd51fd7: receive RaftClientReply:client-CECA27ED65B5->8cac6937-780c-4459-964a-dea4dcd51fd7@group-D84C501198B9, cid=2150, SUCCESS, logIndex=0, commits[8cac6937-780c-4459-964a-dea4dcd51fd7:c3133, 9ed8676d-9460-465d-9905-fd43a52295f6:c3129, da64134c-6992-4903-9407-7df321e464db:c3129]
2019-07-09 09:59:24,658 INFO  client.GrpcClientProtocolClient (GrpcClientProtocolClient.java:onNext(255)) - client-CECA27ED65B5->8cac6937-780c-4459-964a-dea4dcd51fd7: receive RaftClientReply:client-CECA27ED65B5->8cac6937-780c-4459-964a-dea4dcd51fd7@group-D84C501198B9, cid=2151, SUCCESS, logIndex=3135, commits[8cac6937-780c-4459-964a-dea4dcd51fd7:c3136, 9ed8676d-9460-465d-9905-fd43a52295f6:c3131, da64134c-6992-4903-9407-7df321e464db:c3134]
2019-07-09 09:59:24,659 INFO  client.GrpcClientProtocolClient (GrpcClientProtocolClient.java:onNext(255)) - client-CECA27ED65B5->8cac6937-780c-4459-964a-dea4dcd51fd7: receive RaftClientReply:client-CECA27ED65B5->8cac6937-780c-4459-964a-dea4dcd51fd7@group-D84C501198B9, cid=2152, SUCCESS, logIndex=3136, commits[8cac6937-780c-4459-964a-dea4dcd51fd7:c3136, 9ed8676d-9460-465d-9905-fd43a52295f6:c3134, da64134c-6992-4903-9407-7df321e464db:c3134]
2019-07-09 09:59:24,685 INFO  client.GrpcClientProtocolClient (GrpcClientProtocolClient.java:onNext(255)) - client-CECA27ED65B5->8cac6937-780c-4459-964a-dea4dcd51fd7: receive RaftClientReply:client-CECA27ED65B5->8cac6937-780c-4459-964a-dea4dcd51fd7@group-D84C501198B9, cid=2153, SUCCESS, logIndex=3139, commits[8cac6937-780c-4459-964a-dea4dcd51fd7:c3140, 9ed8676d-9460-465d-9905-fd43a52295f6:c3138, da64134c-6992-4903-9407-7df321e464db:c3138]
2019-07-09 09:59:24,685 INFO  client.GrpcClientProtocolClient (GrpcClientProtocolClient.java:onNext(255)) - client-CECA27ED65B5->8cac6937-780c-4459-964a-dea4dcd51fd7: receive RaftClientReply:client-CECA27ED65B5->8cac6937-780c-4459-964a-dea4dcd51fd7@group-D84C501198B9, cid=2154, SUCCESS, logIndex=3140, commits[8cac6937-780c-4459-964a-dea4dcd51fd7:c3140, 9ed8676d-9460-465d-9905-fd43a52295f6:c3138, da64134c-6992-4903-9407-7df321e464db:c3138]
2019-07-09 09:59:24,696 INFO  client.GrpcClientProtocolClient (GrpcClientProtocolClient.java:onNext(255)) - client-CECA27ED65B5->8cac6937-780c-4459-964a-dea4dcd51fd7: receive RaftClientReply:client-CECA27ED65B5->8cac6937-780c-4459-964a-dea4dcd51fd7@group-D84C501198B9, cid=2155, SUCCESS, logIndex=0, commits[8cac6937-780c-4459-964a-dea4dcd51fd7:c3141, 9ed8676d-9460-465d-9905-fd43a52295f6:c3140, da64134c-6992-4903-9407-7df321e464db:c3140]
2019-07-09 09:59:24,799 INFO  client.GrpcClientProtocolClient (GrpcClientProtocolClient.java:onNext(255)) - client-CECA27ED65B5->8cac6937-780c-4459-964a-dea4dcd51fd7: receive RaftClientReply:client-CECA27ED65B5->8cac6937-780c-4459-964a-dea4dcd51fd7@group-D84C501198B9, cid=2156, SUCCESS, logIndex=3143, commits[8cac6937-780c-4459-964a-dea4dcd51fd7:c3144, 9ed8676d-9460-465d-9905-fd43a52295f6:c3142, da64134c-6992-4903-9407-7df321e464db:c3142]
2019-07-09 09:59:24,800 INFO  client.GrpcClientProtocolClient (GrpcClientProtocolClient.java:onNext(255)) - client-CECA27ED65B5->8cac6937-780c-4459-964a-dea4dcd51fd7: receive RaftClientReply:client-CECA27ED65B5->8cac6937-780c-4459-964a-dea4dcd51fd7@group-D84C501198B9, cid=2157, SUCCESS, logIndex=3144, commits[8cac6937-780c-4459-964a-dea4dcd51fd7:c3146, 9ed8676d-9460-465d-9905-fd43a52295f6:c3142, da64134c-6992-4903-9407-7df321e464db:c3142]
2019-07-09 09:59:24,800 INFO  client.GrpcClientProtocolClient (GrpcClientProtocolClient.java:onNext(255)) - client-CECA27ED65B5->8cac6937-780c-4459-964a-dea4dcd51fd7: receive RaftClientReply:client-CECA27ED65B5->8cac6937-780c-4459-964a-dea4dcd51fd7@group-D84C501198B9, cid=2158, SUCCESS, logIndex=3145, commits[8cac6937-780c-4459-964a-dea4dcd51fd7:c3146, 9ed8676d-9460-465d-9905-fd43a52295f6:c3142, da64134c-6992-4903-9407-7df321e464db:c3142]
2019-07-09 09:59:24,801 INFO  client.GrpcClientProtocolClient (GrpcClientProtocolClient.java:onNext(255)) - client-CECA27ED65B5->8cac6937-780c-4459-964a-dea4dcd51fd7: receive RaftClientReply:client-CECA27ED65B5->8cac6937-780c-4459-964a-dea4dcd51fd7@group-D84C501198B9, cid=2159, SUCCESS, logIndex=3146, commits[8cac6937-780c-4459-964a-dea4dcd51fd7:c3146, 9ed8676d-9460-465d-9905-fd43a52295f6:c3142, da64134c-6992-4903-9407-7df321e464db:c3142]
2019-07-09 09:59:24,812 INFO  client.GrpcClientProtocolClient (GrpcClientProtocolClient.java:onNext(255)) - client-CECA27ED65B5->8cac6937-780c-4459-964a-dea4dcd51fd7: receive RaftClientReply:client-CECA27ED65B5->8cac6937-780c-4459-964a-dea4dcd51fd7@group-D84C501198B9, cid=2160, SUCCESS, logIndex=0, commits[8cac6937-780c-4459-964a-dea4dcd51fd7:c3149, 9ed8676d-9460-465d-9905-fd43a52295f6:c3144, da64134c-6992-4903-9407-7df321e464db:c3146]
2019-07-09 09:59:24,833 INFO  client.GrpcClientProtocolClient (GrpcClientProtocolClient.java:onNext(255)) - client-CECA27ED65B5->8cac6937-780c-4459-964a-dea4dcd51fd7: receive RaftClientReply:client-CECA27ED65B5->8cac6937-780c-4459-964a-dea4dcd51fd7@group-D84C501198B9, cid=2161, SUCCESS, logIndex=3150, commits[8cac6937-780c-4459-964a-dea4dcd51fd7:c3151, 9ed8676d-9460-465d-9905-fd43a52295f6:c3149, da64134c-6992-4903-9407-7df321e464db:c3149]
2019-07-09 09:59:24,833 INFO  client.GrpcClientProtocolClient (GrpcClientProtocolClient.java:onNext(255)) - client-CECA27ED65B5->8cac6937-780c-4459-964a-dea4dcd51fd7: receive RaftClientReply:client-CECA27ED65B5->8cac6937-780c-4459-964a-dea4dcd51fd7@group-D84C501198B9, cid=2162, SUCCESS, logIndex=3151, commits[8cac6937-780c-4459-964a-dea4dcd51fd7:c3151, 9ed8676d-9460-465d-9905-fd43a52295f6:c3149, da64134c-6992-4903-9407-7df321e464db:c3149]
2019-07-09 09:59:24,846 INFO  client.GrpcClientProtocolClient (GrpcClientProtocolClient.java:onNext(255)) - client-CECA27ED65B5->8cac6937-780c-4459-964a-dea4dcd51fd7: receive RaftClientReply:client-CECA27ED65B5->8cac6937-780c-4459-964a-dea4dcd51fd7@group-D84C501198B9, cid=2163, SUCCESS, logIndex=3154, commits[8cac6937-780c-4459-964a-dea4dcd51fd7:c3155, 9ed8676d-9460-465d-9905-fd43a52295f6:c3151, da64134c-6992-4903-9407-7df321e464db:c3151]
2019-07-09 09:59:24,846 INFO  client.GrpcClientProtocolClient (GrpcClientProtocolClient.java:onNext(255)) - client-CECA27ED65B5->8cac6937-780c-4459-964a-dea4dcd51fd7: receive RaftClientReply:client-CECA27ED65B5->8cac6937-780c-4459-964a-dea4dcd51fd7@group-D84C501198B9, cid=2164, SUCCESS, logIndex=3155, commits[8cac6937-780c-4459-964a-dea4dcd51fd7:c3155, 9ed8676d-9460-465d-9905-fd43a52295f6:c3151, da64134c-6992-4903-9407-7df321e464db:c3151]
2019-07-09 09:59:24,858 INFO  client.GrpcClientProtocolClient (GrpcClientProtocolClient.java:onNext(255)) - client-CECA27ED65B5->8cac6937-780c-4459-964a-dea4dcd51fd7: receive RaftClientReply:client-CECA27ED65B5->8cac6937-780c-4459-964a-dea4dcd51fd7@group-D84C501198B9, cid=2165, SUCCESS, logIndex=0, commits[8cac6937-780c-4459-964a-dea4dcd51fd7:c3156, 9ed8676d-9460-465d-9905-fd43a52295f6:c3155, da64134c-6992-4903-9407-7df321e464db:c3155]
2019-07-09 09:59:24,885 INFO  client.GrpcClientProtocolClient (GrpcClientProtocolClient.java:onNext(255)) - client-CECA27ED65B5->8cac6937-780c-4459-964a-dea4dcd51fd7: receive RaftClientReply:client-CECA27ED65B5->8cac6937-780c-4459-964a-dea4dcd51fd7@group-D84C501198B9, cid=2166, SUCCESS, logIndex=3158, commits[8cac6937-780c-4459-964a-dea4dcd51fd7:c3159, 9ed8676d-9460-465d-9905-fd43a52295f6:c3157, da64134c-6992-4903-9407-7df321e464db:c3157]
2019-07-09 09:59:24,886 INFO  client.GrpcClientProtocolClient (GrpcClientProtocolClient.java:onNext(255)) - client-CECA27ED65B5->8cac6937-780c-4459-964a-dea4dcd51fd7: receive RaftClientReply:client-CECA27ED65B5->8cac6937-780c-4459-964a-dea4dcd51fd7@group-D84C501198B9, cid=2167, SUCCESS, logIndex=3159, commits[8cac6937-780c-4459-964a-dea4dcd51fd7:c3159, 9ed8676d-9460-465d-9905-fd43a52295f6:c3157, da64134c-6992-4903-9407-7df321e464db:c3157]
2019-07-09 09:59:24,886 INFO  client.GrpcClientProtocolClient (GrpcClientProtocolClient.java:onNext(255)) - client-CECA27ED65B5->8cac6937-780c-4459-964a-dea4dcd51fd7: receive RaftClientReply:client-CECA27ED65B5->8cac6937-780c-4459-964a-dea4dcd51fd7@group-D84C501198B9, cid=2168, SUCCESS, logIndex=3160, commits[8cac6937-780c-4459-964a-dea4dcd51fd7:c3160, 9ed8676d-9460-465d-9905-fd43a52295f6:c3157, da64134c-6992-4903-9407-7df321e464db:c3157]
2019-07-09 09:59:24,886 INFO  client.GrpcClientProtocolClient (GrpcClientProtocolClient.java:onNext(255)) - client-CECA27ED65B5->8cac6937-780c-4459-964a-dea4dcd51fd7: receive RaftClientReply:client-CECA27ED65B5->8cac6937-780c-4459-964a-dea4dcd51fd7@group-D84C501198B9, cid=2169, SUCCESS, logIndex=3161, commits[8cac6937-780c-4459-964a-dea4dcd51fd7:c3161, 9ed8676d-9460-465d-9905-fd43a52295f6:c3157, da64134c-6992-4903-9407-7df321e464db:c3157]
2019-07-09 09:59:24,889 INFO  client.GrpcClientProtocolClient (GrpcClientProtocolClient.java:onNext(255)) - client-CECA27ED65B5->8cac6937-780c-4459-964a-dea4dcd51fd7: receive RaftClientReply:client-CECA27ED65B5->8cac6937-780c-4459-964a-dea4dcd51fd7@group-D84C501198B9, cid=2170, SUCCESS, logIndex=0, commits[8cac6937-780c-4459-964a-dea4dcd51fd7:c3163, 9ed8676d-9460-465d-9905-fd43a52295f6:c3159, da64134c-6992-4903-9407-7df321e464db:c3159]
2019-07-09 09:59:24,908 INFO  client.GrpcClientProtocolClient (GrpcClientProtocolClient.java:onNext(255)) - client-CECA27ED65B5->8cac6937-780c-4459-964a-dea4dcd51fd7: receive RaftClientReply:client-CECA27ED65B5->8cac6937-780c-4459-964a-dea4dcd51fd7@group-D84C501198B9, cid=2171, SUCCESS, logIndex=3166, commits[8cac6937-780c-4459-964a-dea4dcd51fd7:c3167, 9ed8676d-9460-465d-9905-fd43a52295f6:c3165, da64134c-6992-4903-9407-7df321e464db:c3165]
2019-07-09 09:59:24,908 INFO  client.GrpcClientProtocolClient (GrpcClientProtocolClient.java:onNext(255)) - client-CECA27ED65B5->8cac6937-780c-4459-964a-dea4dcd51fd7: receive RaftClientReply:client-CECA27ED65B5->8cac6937-780c-4459-964a-dea4dcd51fd7@group-D84C501198B9, cid=2172, SUCCESS, logIndex=3167, commits[8cac6937-780c-4459-964a-dea4dcd51fd7:c3167, 9ed8676d-9460-465d-9905-fd43a52295f6:c3165, da64134c-6992-4903-9407-7df321e464db:c3165]
2019-07-09 09:59:24,922 INFO  client.GrpcClientProtocolClient (GrpcClientProtocolClient.java:onNext(255)) - client-CECA27ED65B5->8cac6937-780c-4459-964a-dea4dcd51fd7: receive RaftClientReply:client-CECA27ED65B5->8cac6937-780c-4459-964a-dea4dcd51fd7@group-D84C501198B9, cid=2173, SUCCESS, logIndex=3170, commits[8cac6937-780c-4459-964a-dea4dcd51fd7:c3170, 9ed8676d-9460-465d-9905-fd43a52295f6:c3167, da64134c-6992-4903-9407-7df321e464db:c3167]
2019-07-09 09:59:24,922 INFO  client.GrpcClientProtocolClient (GrpcClientProtocolClient.java:onNext(255)) - client-CECA27ED65B5->8cac6937-780c-4459-964a-dea4dcd51fd7: receive RaftClientReply:client-CECA27ED65B5->8cac6937-780c-4459-964a-dea4dcd51fd7@group-D84C501198B9, cid=2174, SUCCESS, logIndex=3171, commits[8cac6937-780c-4459-964a-dea4dcd51fd7:c3171, 9ed8676d-9460-465d-9905-fd43a52295f6:c3167, da64134c-6992-4903-9407-7df321e464db:c3167]
2019-07-09 09:59:24,942 INFO  client.GrpcClientProtocolClient (GrpcClientProtocolClient.java:onNext(255)) - client-CECA27ED65B5->8cac6937-780c-4459-964a-dea4dcd51fd7: receive RaftClientReply:client-CECA27ED65B5->8cac6937-780c-4459-964a-dea4dcd51fd7@group-D84C501198B9, cid=2175, SUCCESS, logIndex=0, commits[8cac6937-780c-4459-964a-dea4dcd51fd7:c3173, 9ed8676d-9460-465d-9905-fd43a52295f6:c3171, da64134c-6992-4903-9407-7df321e464db:c3171]
2019-07-09 09:59:24,971 INFO  client.GrpcClientProtocolClient (GrpcClientProtocolClient.java:onNext(255)) - client-CECA27ED65B5->8cac6937-780c-4459-964a-dea4dcd51fd7: receive RaftClientReply:client-CECA27ED65B5->8cac6937-780c-4459-964a-dea4dcd51fd7@group-D84C501198B9, cid=2176, SUCCESS, logIndex=3174, commits[8cac6937-780c-4459-964a-dea4dcd51fd7:c3177, 9ed8676d-9460-465d-9905-fd43a52295f6:c3173, da64134c-6992-4903-9407-7df321e464db:c3173]
2019-07-09 09:59:24,972 INFO  client.GrpcClientProtocolClient (GrpcClientProtocolClient.java:onNext(255)) - client-CECA27ED65B5->8cac6937-780c-4459-964a-dea4dcd51fd7: receive RaftClientReply:client-CECA27ED65B5->8cac6937-780c-4459-964a-dea4dcd51fd7@group-D84C501198B9, cid=2177, SUCCESS, logIndex=3175, commits[8cac6937-780c-4459-964a-dea4dcd51fd7:c3177, 9ed8676d-9460-465d-9905-fd43a52295f6:c3173, da64134c-6992-4903-9407-7df321e464db:c3173]
2019-07-09 09:59:24,972 INFO  client.GrpcClientProtocolClient (GrpcClientProtocolClient.java:onNext(255)) - client-CECA27ED65B5->8cac6937-780c-4459-964a-dea4dcd51fd7: receive RaftClientReply:client-CECA27ED65B5->8cac6937-780c-4459-964a-dea4dcd51fd7@group-D84C501198B9, cid=2178, SUCCESS, logIndex=3176, commits[8cac6937-780c-4459-964a-dea4dcd51fd7:c3177, 9ed8676d-9460-465d-9905-fd43a52295f6:c3173, da64134c-6992-4903-9407-7df321e464db:c3173]
2019-07-09 09:59:24,972 INFO  client.GrpcClientProtocolClient (GrpcClientProtocolClient.java:onNext(255)) - client-CECA27ED65B5->8cac6937-780c-4459-964a-dea4dcd51fd7: receive RaftClientReply:client-CECA27ED65B5->8cac6937-780c-4459-964a-dea4dcd51fd7@group-D84C501198B9, cid=2179, SUCCESS, logIndex=3177, commits[8cac6937-780c-4459-964a-dea4dcd51fd7:c3178, 9ed8676d-9460-465d-9905-fd43a52295f6:c3175, da64134c-6992-4903-9407-7df321e464db:c3175]
2019-07-09 09:59:24,992 INFO  client.GrpcClientProtocolClient (GrpcClientProtocolClient.java:onNext(255)) - client-CECA27ED65B5->8cac6937-780c-4459-964a-dea4dcd51fd7: receive RaftClientReply:client-CECA27ED65B5->8cac6937-780c-4459-964a-dea4dcd51fd7@group-D84C501198B9, cid=2180, SUCCESS, logIndex=3182, commits[8cac6937-780c-4459-964a-dea4dcd51fd7:c3183, 9ed8676d-9460-465d-9905-fd43a52295f6:c3181, da64134c-6992-4903-9407-7df321e464db:c3181]
2019-07-09 09:59:24,992 INFO  client.GrpcClientProtocolClient (GrpcClientProtocolClient.java:onNext(255)) - client-CECA27ED65B5->8cac6937-780c-4459-964a-dea4dcd51fd7: receive RaftClientReply:client-CECA27ED65B5->8cac6937-780c-4459-964a-dea4dcd51fd7@group-D84C501198B9, cid=2181, SUCCESS, logIndex=3183, commits[8cac6937-780c-4459-964a-dea4dcd51fd7:c3183, 9ed8676d-9460-465d-9905-fd43a52295f6:c3181, da64134c-6992-4903-9407-7df321e464db:c3181]
2019-07-09 09:59:25,008 INFO  client.GrpcClientProtocolClient (GrpcClientProtocolClient.java:onNext(255)) - client-CECA27ED65B5->8cac6937-780c-4459-964a-dea4dcd51fd7: receive RaftClientReply:client-CECA27ED65B5->8cac6937-780c-4459-964a-dea4dcd51fd7@group-D84C501198B9, cid=2182, SUCCESS, logIndex=3186, commits[8cac6937-780c-4459-964a-dea4dcd51fd7:c3187, 9ed8676d-9460-465d-9905-fd43a52295f6:c3183, da64134c-6992-4903-9407-7df321e464db:c3183]
2019-07-09 09:59:25,008 INFO  client.GrpcClientProtocolClient (GrpcClientProtocolClient.java:onNext(255)) - client-CECA27ED65B5->8cac6937-780c-4459-964a-dea4dcd51fd7: receive RaftClientReply:client-CECA27ED65B5->8cac6937-780c-4459-964a-dea4dcd51fd7@group-D84C501198B9, cid=2183, SUCCESS, logIndex=3187, commits[8cac6937-780c-4459-964a-dea4dcd51fd7:c3187, 9ed8676d-9460-465d-9905-fd43a52295f6:c3183, da64134c-6992-4903-9407-7df321e464db:c3183]
2019-07-09 09:59:25,023 INFO  client.GrpcClientProtocolClient (GrpcClientProtocolClient.java:onNext(255)) - client-CECA27ED65B5->8cac6937-780c-4459-964a-dea4dcd51fd7: receive RaftClientReply:client-CECA27ED65B5->8cac6937-780c-4459-964a-dea4dcd51fd7@group-D84C501198B9, cid=2184, SUCCESS, logIndex=0, commits[8cac6937-780c-4459-964a-dea4dcd51fd7:c3188, 9ed8676d-9460-465d-9905-fd43a52295f6:c3187, da64134c-6992-4903-9407-7df321e464db:c3187]
2019-07-09 09:59:25,049 INFO  client.GrpcClientProtocolClient (GrpcClientProtocolClient.java:onNext(255)) - client-CECA27ED65B5->8cac6937-780c-4459-964a-dea4dcd51fd7: receive RaftClientReply:client-CECA27ED65B5->8cac6937-780c-4459-964a-dea4dcd51fd7@group-D84C501198B9, cid=2185, SUCCESS, logIndex=3190, commits[8cac6937-780c-4459-964a-dea4dcd51fd7:c3191, 9ed8676d-9460-465d-9905-fd43a52295f6:c3189, da64134c-6992-4903-9407-7df321e464db:c3189]
2019-07-09 09:59:25,049 INFO  client.GrpcClientProtocolClient (GrpcClientProtocolClient.java:onNext(255)) - client-CECA27ED65B5->8cac6937-780c-4459-964a-dea4dcd51fd7: receive RaftClientReply:client-CECA27ED65B5->8cac6937-780c-4459-964a-dea4dcd51fd7@group-D84C501198B9, cid=2186, SUCCESS, logIndex=3191, commits[8cac6937-780c-4459-964a-dea4dcd51fd7:c3193, 9ed8676d-9460-465d-9905-fd43a52295f6:c3189, da64134c-6992-4903-9407-7df321e464db:c3189]
2019-07-09 09:59:25,050 INFO  client.GrpcClientProtocolClient (GrpcClientProtocolClient.java:onNext(255)) - client-CECA27ED65B5->8cac6937-780c-4459-964a-dea4dcd51fd7: receive RaftClientReply:client-CECA27ED65B5->8cac6937-780c-4459-964a-dea4dcd51fd7@group-D84C501198B9, cid=2187, SUCCESS, logIndex=3192, commits[8cac6937-780c-4459-964a-dea4dcd51fd7:c3193, 9ed8676d-9460-465d-9905-fd43a52295f6:c3189, da64134c-6992-4903-9407-7df321e464db:c3189]
2019-07-09 09:59:25,050 INFO  client.GrpcClientProtocolClient (GrpcClientProtocolClient.java:onNext(255)) - client-CECA27ED65B5->8cac6937-780c-4459-964a-dea4dcd51fd7: receive RaftClientReply:client-CECA27ED65B5->8cac6937-780c-4459-964a-dea4dcd51fd7@group-D84C501198B9, cid=2188, SUCCESS, logIndex=3193, commits[8cac6937-780c-4459-964a-dea4dcd51fd7:c3193, 9ed8676d-9460-465d-9905-fd43a52295f6:c3189, da64134c-6992-4903-9407-7df321e464db:c3189]
2019-07-09 09:59:25,051 INFO  client.GrpcClientProtocolClient (GrpcClientProtocolClient.java:onNext(255)) - client-CECA27ED65B5->8cac6937-780c-4459-964a-dea4dcd51fd7: receive RaftClientReply:client-CECA27ED65B5->8cac6937-780c-4459-964a-dea4dcd51fd7@group-D84C501198B9, cid=2189, SUCCESS, logIndex=0, commits[8cac6937-780c-4459-964a-dea4dcd51fd7:c3194, 9ed8676d-9460-465d-9905-fd43a52295f6:c3191, da64134c-6992-4903-9407-7df321e464db:c3191]
2019-07-09 09:59:25,070 INFO  client.GrpcClientProtocolClient (GrpcClientProtocolClient.java:onNext(255)) - client-CECA27ED65B5->8cac6937-780c-4459-964a-dea4dcd51fd7: receive RaftClientReply:client-CECA27ED65B5->8cac6937-780c-4459-964a-dea4dcd51fd7@group-D84C501198B9, cid=2190, SUCCESS, logIndex=3198, commits[8cac6937-780c-4459-964a-dea4dcd51fd7:c3199, 9ed8676d-9460-465d-9905-fd43a52295f6:c3197, da64134c-6992-4903-9407-7df321e464db:c3197]
2019-07-09 09:59:25,070 INFO  client.GrpcClientProtocolClient (GrpcClientProtocolClient.java:onNext(255)) - client-CECA27ED65B5->8cac6937-780c-4459-964a-dea4dcd51fd7: receive RaftClientReply:client-CECA27ED65B5->8cac6937-780c-4459-964a-dea4dcd51fd7@group-D84C501198B9, cid=2191, SUCCESS, logIndex=3199, commits[8cac6937-780c-4459-964a-dea4dcd51fd7:c3199, 9ed8676d-9460-465d-9905-fd43a52295f6:c3197, da64134c-6992-4903-9407-7df321e464db:c3197]
2019-07-09 09:59:25,084 INFO  client.GrpcClientProtocolClient (GrpcClientProtocolClient.java:onNext(255)) - client-CECA27ED65B5->8cac6937-780c-4459-964a-dea4dcd51fd7: receive RaftClientReply:client-CECA27ED65B5->8cac6937-780c-4459-964a-dea4dcd51fd7@group-D84C501198B9, cid=2192, SUCCESS, logIndex=3202, commits[8cac6937-780c-4459-964a-dea4dcd51fd7:c3203, 9ed8676d-9460-465d-9905-fd43a52295f6:c3199, da64134c-6992-4903-9407-7df321e464db:c3199]
2019-07-09 09:59:25,084 INFO  client.GrpcClientProtocolClient (GrpcClientProtocolClient.java:onNext(255)) - client-CECA27ED65B5->8cac6937-780c-4459-964a-dea4dcd51fd7: receive RaftClientReply:client-CECA27ED65B5->8cac6937-780c-4459-964a-dea4dcd51fd7@group-D84C501198B9, cid=2193, SUCCESS, logIndex=3203, commits[8cac6937-780c-4459-964a-dea4dcd51fd7:c3203, 9ed8676d-9460-465d-9905-fd43a52295f6:c3199, da64134c-6992-4903-9407-7df321e464db:c3199]
2019-07-09 09:59:25,097 INFO  client.GrpcClientProtocolClient (GrpcClientProtocolClient.java:onNext(255)) - client-CECA27ED65B5->8cac6937-780c-4459-964a-dea4dcd51fd7: receive RaftClientReply:client-CECA27ED65B5->8cac6937-780c-4459-964a-dea4dcd51fd7@group-D84C501198B9, cid=2194, SUCCESS, logIndex=0, commits[8cac6937-780c-4459-964a-dea4dcd51fd7:c3204, 9ed8676d-9460-465d-9905-fd43a52295f6:c3203, da64134c-6992-4903-9407-7df321e464db:c3203]
2019-07-09 09:59:25,125 INFO  client.GrpcClientProtocolClient (GrpcClientProtocolClient.java:onNext(255)) - client-CECA27ED65B5->8cac6937-780c-4459-964a-dea4dcd51fd7: receive RaftClientReply:client-CECA27ED65B5->8cac6937-780c-4459-964a-dea4dcd51fd7@group-D84C501198B9, cid=2195, SUCCESS, logIndex=3206, commits[8cac6937-780c-4459-964a-dea4dcd51fd7:c3207, 9ed8676d-9460-465d-9905-fd43a52295f6:c3205, da64134c-6992-4903-9407-7df321e464db:c3205]
2019-07-09 09:59:25,125 INFO  client.GrpcClientProtocolClient (GrpcClientProtocolClient.java:onNext(255)) - client-CECA27ED65B5->8cac6937-780c-4459-964a-dea4dcd51fd7: receive RaftClientReply:client-CECA27ED65B5->8cac6937-780c-4459-964a-dea4dcd51fd7@group-D84C501198B9, cid=2196, SUCCESS, logIndex=3207, commits[8cac6937-780c-4459-964a-dea4dcd51fd7:c3207, 9ed8676d-9460-465d-9905-fd43a52295f6:c3205, da64134c-6992-4903-9407-7df321e464db:c3205]
2019-07-09 09:59:25,126 INFO  client.GrpcClientProtocolClient (GrpcClientProtocolClient.java:onNext(255)) - client-CECA27ED65B5->8cac6937-780c-4459-964a-dea4dcd51fd7: receive RaftClientReply:client-CECA27ED65B5->8cac6937-780c-4459-964a-dea4dcd51fd7@group-D84C501198B9, cid=2197, SUCCESS, logIndex=3208, commits[8cac6937-780c-4459-964a-dea4dcd51fd7:c3209, 9ed8676d-9460-465d-9905-fd43a52295f6:c3205, da64134c-6992-4903-9407-7df321e464db:c3205]
2019-07-09 09:59:25,126 INFO  client.GrpcClientProtocolClient (GrpcClientProtocolClient.java:onNext(255)) - client-CECA27ED65B5->8cac6937-780c-4459-964a-dea4dcd51fd7: receive RaftClientReply:client-CECA27ED65B5->8cac6937-780c-4459-964a-dea4dcd51fd7@group-D84C501198B9, cid=2198, SUCCESS, logIndex=3209, commits[8cac6937-780c-4459-964a-dea4dcd51fd7:c3209, 9ed8676d-9460-465d-9905-fd43a52295f6:c3205, da64134c-6992-4903-9407-7df321e464db:c3205]
2019-07-09 09:59:25,127 INFO  client.GrpcClientProtocolClient (GrpcClientProtocolClient.java:onNext(255)) - client-CECA27ED65B5->8cac6937-780c-4459-964a-dea4dcd51fd7: receive RaftClientReply:client-CECA27ED65B5->8cac6937-780c-4459-964a-dea4dcd51fd7@group-D84C501198B9, cid=2199, SUCCESS, logIndex=0, commits[8cac6937-780c-4459-964a-dea4dcd51fd7:c3211, 9ed8676d-9460-465d-9905-fd43a52295f6:c3207, da64134c-6992-4903-9407-7df321e464db:c3207]
2019-07-09 09:59:25,140 INFO  client.GrpcClientProtocolClient (GrpcClientProtocolClient.java:onNext(255)) - client-CECA27ED65B5->8cac6937-780c-4459-964a-dea4dcd51fd7: receive RaftClientReply:client-CECA27ED65B5->8cac6937-780c-4459-964a-dea4dcd51fd7@group-D84C501198B9, cid=2200, SUCCESS, logIndex=3214, commits[8cac6937-780c-4459-964a-dea4dcd51fd7:c3215, 9ed8676d-9460-465d-9905-fd43a52295f6:c3211, da64134c-6992-4903-9407-7df321e464db:c3209]
2019-07-09 09:59:25,141 INFO  client.GrpcClientProtocolClient (GrpcClientProtocolClient.java:onNext(255)) - client-CECA27ED65B5->8cac6937-780c-4459-964a-dea4dcd51fd7: receive RaftClientReply:client-CECA27ED65B5->8cac6937-780c-4459-964a-dea4dcd51fd7@group-D84C501198B9, cid=2201, SUCCESS, logIndex=3215, commits[8cac6937-780c-4459-964a-dea4dcd51fd7:c3215, 9ed8676d-9460-465d-9905-fd43a52295f6:c3211, da64134c-6992-4903-9407-7df321e464db:c3211]
2019-07-09 09:59:25,160 INFO  client.GrpcClientProtocolClient (GrpcClientProtocolClient.java:onNext(255)) - client-CECA27ED65B5->8cac6937-780c-4459-964a-dea4dcd51fd7: receive RaftClientReply:client-CECA27ED65B5->8cac6937-780c-4459-964a-dea4dcd51fd7@group-D84C501198B9, cid=2202, SUCCESS, logIndex=3217, commits[8cac6937-780c-4459-964a-dea4dcd51fd7:c3218, 9ed8676d-9460-465d-9905-fd43a52295f6:c3216, da64134c-6992-4903-9407-7df321e464db:c3216]
2019-07-09 09:59:25,160 INFO  client.GrpcClientProtocolClient (GrpcClientProtocolClient.java:onNext(255)) - client-CECA27ED65B5->8cac6937-780c-4459-964a-dea4dcd51fd7: receive RaftClientReply:client-CECA27ED65B5->8cac6937-780c-4459-964a-dea4dcd51fd7@group-D84C501198B9, cid=2203, SUCCESS, logIndex=3218, commits[8cac6937-780c-4459-964a-dea4dcd51fd7:c3218, 9ed8676d-9460-465d-9905-fd43a52295f6:c3216, da64134c-6992-4903-9407-7df321e464db:c3216]
2019-07-09 09:59:25,163 INFO  client.GrpcClientProtocolClient (GrpcClientProtocolClient.java:onNext(255)) - client-CECA27ED65B5->8cac6937-780c-4459-964a-dea4dcd51fd7: receive RaftClientReply:client-CECA27ED65B5->8cac6937-780c-4459-964a-dea4dcd51fd7@group-D84C501198B9, cid=2204, SUCCESS, logIndex=0, commits[8cac6937-780c-4459-964a-dea4dcd51fd7:c3220, 9ed8676d-9460-465d-9905-fd43a52295f6:c3218, da64134c-6992-4903-9407-7df321e464db:c3218]
2019-07-09 09:59:25,183 INFO  client.GrpcClientProtocolClient (GrpcClientProtocolClient.java:onNext(255)) - client-CECA27ED65B5->8cac6937-780c-4459-964a-dea4dcd51fd7: receive RaftClientReply:client-CECA27ED65B5->8cac6937-780c-4459-964a-dea4dcd51fd7@group-D84C501198B9, cid=2205, SUCCESS, logIndex=3221, commits[8cac6937-780c-4459-964a-dea4dcd51fd7:c3222, 9ed8676d-9460-465d-9905-fd43a52295f6:c3220, da64134c-6992-4903-9407-7df321e464db:c3220]
2019-07-09 09:59:25,184 INFO  client.GrpcClientProtocolClient (GrpcClientProtocolClient.java:onNext(255)) - client-CECA27ED65B5->8cac6937-780c-4459-964a-dea4dcd51fd7: receive RaftClientReply:client-CECA27ED65B5->8cac6937-780c-4459-964a-dea4dcd51fd7@group-D84C501198B9, cid=2206, SUCCESS, logIndex=3222, commits[8cac6937-780c-4459-964a-dea4dcd51fd7:c3222, 9ed8676d-9460-465d-9905-fd43a52295f6:c3220, da64134c-6992-4903-9407-7df321e464db:c3220]
2019-07-09 09:59:25,184 INFO  client.GrpcClientProtocolClient (GrpcClientProtocolClient.java:onNext(255)) - client-CECA27ED65B5->8cac6937-780c-4459-964a-dea4dcd51fd7: receive RaftClientReply:client-CECA27ED65B5->8cac6937-780c-4459-964a-dea4dcd51fd7@group-D84C501198B9, cid=2207, SUCCESS, logIndex=3223, commits[8cac6937-780c-4459-964a-dea4dcd51fd7:c3223, 9ed8676d-9460-465d-9905-fd43a52295f6:c3220, da64134c-6992-4903-9407-7df321e464db:c3220]
2019-07-09 09:59:25,185 INFO  client.GrpcClientProtocolClient (GrpcClientProtocolClient.java:onNext(255)) - client-CECA27ED65B5->8cac6937-780c-4459-964a-dea4dcd51fd7: receive RaftClientReply:client-CECA27ED65B5->8cac6937-780c-4459-964a-dea4dcd51fd7@group-D84C501198B9, cid=2208, SUCCESS, logIndex=3224, commits[8cac6937-780c-4459-964a-dea4dcd51fd7:c3224, 9ed8676d-9460-465d-9905-fd43a52295f6:c3220, da64134c-6992-4903-9407-7df321e464db:c3220]
2019-07-09 09:59:25,186 INFO  client.GrpcClientProtocolClient (GrpcClientProtocolClient.java:onNext(255)) - client-CECA27ED65B5->8cac6937-780c-4459-964a-dea4dcd51fd7: receive RaftClientReply:client-CECA27ED65B5->8cac6937-780c-4459-964a-dea4dcd51fd7@group-D84C501198B9, cid=2209, SUCCESS, logIndex=0, commits[8cac6937-780c-4459-964a-dea4dcd51fd7:c3226, 9ed8676d-9460-465d-9905-fd43a52295f6:c3222, da64134c-6992-4903-9407-7df321e464db:c3222]
2019-07-09 09:59:25,205 INFO  client.GrpcClientProtocolClient (GrpcClientProtocolClient.java:onNext(255)) - client-CECA27ED65B5->8cac6937-780c-4459-964a-dea4dcd51fd7: receive RaftClientReply:client-CECA27ED65B5->8cac6937-780c-4459-964a-dea4dcd51fd7@group-D84C501198B9, cid=2210, SUCCESS, logIndex=3229, commits[8cac6937-780c-4459-964a-dea4dcd51fd7:c3230, 9ed8676d-9460-465d-9905-fd43a52295f6:c3228, da64134c-6992-4903-9407-7df321e464db:c3228]
2019-07-09 09:59:25,206 INFO  client.GrpcClientProtocolClient (GrpcClientProtocolClient.java:onNext(255)) - client-CECA27ED65B5->8cac6937-780c-4459-964a-dea4dcd51fd7: receive RaftClientReply:client-CECA27ED65B5->8cac6937-780c-4459-964a-dea4dcd51fd7@group-D84C501198B9, cid=2211, SUCCESS, logIndex=3230, commits[8cac6937-780c-4459-964a-dea4dcd51fd7:c3230, 9ed8676d-9460-465d-9905-fd43a52295f6:c3228, da64134c-6992-4903-9407-7df321e464db:c3228]
2019-07-09 09:59:25,221 INFO  client.GrpcClientProtocolClient (GrpcClientProtocolClient.java:onNext(255)) - client-CECA27ED65B5->8cac6937-780c-4459-964a-dea4dcd51fd7: receive RaftClientReply:client-CECA27ED65B5->8cac6937-780c-4459-964a-dea4dcd51fd7@group-D84C501198B9, cid=2212, SUCCESS, logIndex=3233, commits[8cac6937-780c-4459-964a-dea4dcd51fd7:c3234, 9ed8676d-9460-465d-9905-fd43a52295f6:c3230, da64134c-6992-4903-9407-7df321e464db:c3230]
2019-07-09 09:59:25,221 INFO  client.GrpcClientProtocolClient (GrpcClientProtocolClient.java:onNext(255)) - client-CECA27ED65B5->8cac6937-780c-4459-964a-dea4dcd51fd7: receive RaftClientReply:client-CECA27ED65B5->8cac6937-780c-4459-964a-dea4dcd51fd7@group-D84C501198B9, cid=2213, SUCCESS, logIndex=3234, commits[8cac6937-780c-4459-964a-dea4dcd51fd7:c3234, 9ed8676d-9460-465d-9905-fd43a52295f6:c3230, da64134c-6992-4903-9407-7df321e464db:c3230]
2019-07-09 09:59:25,235 INFO  client.GrpcClientProtocolClient (GrpcClientProtocolClient.java:onNext(255)) - client-CECA27ED65B5->8cac6937-780c-4459-964a-dea4dcd51fd7: receive RaftClientReply:client-CECA27ED65B5->8cac6937-780c-4459-964a-dea4dcd51fd7@group-D84C501198B9, cid=2214, SUCCESS, logIndex=0, commits[8cac6937-780c-4459-964a-dea4dcd51fd7:c3236, 9ed8676d-9460-465d-9905-fd43a52295f6:c3234, da64134c-6992-4903-9407-7df321e464db:c3234]
 0.00% |█                                                                                                    |  0/1 Time: 0:00:172019-07-09 09:59:25,262 INFO  client.GrpcClientProtocolClient (GrpcClientProtocolClient.java:onNext(255)) - client-CECA27ED65B5->8cac6937-780c-4459-964a-dea4dcd51fd7: receive RaftClientReply:client-CECA27ED65B5->8cac6937-780c-4459-964a-dea4dcd51fd7@group-D84C501198B9, cid=2215, SUCCESS, logIndex=3237, commits[8cac6937-780c-4459-964a-dea4dcd51fd7:c3239, 9ed8676d-9460-465d-9905-fd43a52295f6:c3236, da64134c-6992-4903-9407-7df321e464db:c3236]
2019-07-09 09:59:25,263 INFO  client.GrpcClientProtocolClient (GrpcClientProtocolClient.java:onNext(255)) - client-CECA27ED65B5->8cac6937-780c-4459-964a-dea4dcd51fd7: receive RaftClientReply:client-CECA27ED65B5->8cac6937-780c-4459-964a-dea4dcd51fd7@group-D84C501198B9, cid=2216, SUCCESS, logIndex=3238, commits[8cac6937-780c-4459-964a-dea4dcd51fd7:c3240, 9ed8676d-9460-465d-9905-fd43a52295f6:c3236, da64134c-6992-4903-9407-7df321e464db:c3236]
2019-07-09 09:59:25,263 INFO  client.GrpcClientProtocolClient (GrpcClientProtocolClient.java:onNext(255)) - client-CECA27ED65B5->8cac6937-780c-4459-964a-dea4dcd51fd7: receive RaftClientReply:client-CECA27ED65B5->8cac6937-780c-4459-964a-dea4dcd51fd7@group-D84C501198B9, cid=2217, SUCCESS, logIndex=3239, commits[8cac6937-780c-4459-964a-dea4dcd51fd7:c3241, 9ed8676d-9460-465d-9905-fd43a52295f6:c3237, da64134c-6992-4903-9407-7df321e464db:c3236]
2019-07-09 09:59:25,263 INFO  client.GrpcClientProtocolClient (GrpcClientProtocolClient.java:onNext(255)) - client-CECA27ED65B5->8cac6937-780c-4459-964a-dea4dcd51fd7: receive RaftClientReply:client-CECA27ED65B5->8cac6937-780c-4459-964a-dea4dcd51fd7@group-D84C501198B9, cid=2218, SUCCESS, logIndex=3240, commits[8cac6937-780c-4459-964a-dea4dcd51fd7:c3242, 9ed8676d-9460-465d-9905-fd43a52295f6:c3238, da64134c-6992-4903-9407-7df321e464db:c3236]
2019-07-09 09:59:25,264 INFO  client.GrpcClientProtocolClient (GrpcClientProtocolClient.java:onNext(255)) - client-CECA27ED65B5->8cac6937-780c-4459-964a-dea4dcd51fd7: receive RaftClientReply:client-CECA27ED65B5->8cac6937-780c-4459-964a-dea4dcd51fd7@group-D84C501198B9, cid=2219, SUCCESS, logIndex=0, commits[8cac6937-780c-4459-964a-dea4dcd51fd7:c3242, 9ed8676d-9460-465d-9905-fd43a52295f6:c3238, da64134c-6992-4903-9407-7df321e464db:c3238]
2019-07-09 09:59:25,278 INFO  client.GrpcClientProtocolClient (GrpcClientProtocolClient.java:onNext(255)) - client-CECA27ED65B5->8cac6937-780c-4459-964a-dea4dcd51fd7: receive RaftClientReply:client-CECA27ED65B5->8cac6937-780c-4459-964a-dea4dcd51fd7@group-D84C501198B9, cid=2220, SUCCESS, logIndex=3245, commits[8cac6937-780c-4459-964a-dea4dcd51fd7:c3246, 9ed8676d-9460-465d-9905-fd43a52295f6:c3244, da64134c-6992-4903-9407-7df321e464db:c3240]
2019-07-09 09:59:25,278 INFO  client.GrpcClientProtocolClient (GrpcClientProtocolClient.java:onNext(255)) - client-CECA27ED65B5->8cac6937-780c-4459-964a-dea4dcd51fd7: receive RaftClientReply:client-CECA27ED65B5->8cac6937-780c-4459-964a-dea4dcd51fd7@group-D84C501198B9, cid=2221, SUCCESS, logIndex=3246, commits[8cac6937-780c-4459-964a-dea4dcd51fd7:c3246, 9ed8676d-9460-465d-9905-fd43a52295f6:c3244, da64134c-6992-4903-9407-7df321e464db:c3244]
2019-07-09 09:59:25,296 INFO  client.GrpcClientProtocolClient (GrpcClientProtocolClient.java:onNext(255)) - client-CECA27ED65B5->8cac6937-780c-4459-964a-dea4dcd51fd7: receive RaftClientReply:client-CECA27ED65B5->8cac6937-780c-4459-964a-dea4dcd51fd7@group-D84C501198B9, cid=2222, SUCCESS, logIndex=3249, commits[8cac6937-780c-4459-964a-dea4dcd51fd7:c3250, 9ed8676d-9460-465d-9905-fd43a52295f6:c3248, da64134c-6992-4903-9407-7df321e464db:c3248]
2019-07-09 09:59:25,296 INFO  client.GrpcClientProtocolClient (GrpcClientProtocolClient.java:onNext(255)) - client-CECA27ED65B5->8cac6937-780c-4459-964a-dea4dcd51fd7: receive RaftClientReply:client-CECA27ED65B5->8cac6937-780c-4459-964a-dea4dcd51fd7@group-D84C501198B9, cid=2223, SUCCESS, logIndex=3250, commits[8cac6937-780c-4459-964a-dea4dcd51fd7:c3250, 9ed8676d-9460-465d-9905-fd43a52295f6:c3248, da64134c-6992-4903-9407-7df321e464db:c3248]
2019-07-09 09:59:25,321 INFO  client.GrpcClientProtocolClient (GrpcClientProtocolClient.java:onNext(255)) - client-CECA27ED65B5->8cac6937-780c-4459-964a-dea4dcd51fd7: receive RaftClientReply:client-CECA27ED65B5->8cac6937-780c-4459-964a-dea4dcd51fd7@group-D84C501198B9, cid=2224, SUCCESS, logIndex=0, commits[8cac6937-780c-4459-964a-dea4dcd51fd7:c3252, 9ed8676d-9460-465d-9905-fd43a52295f6:c3250, da64134c-6992-4903-9407-7df321e464db:c3250]
2019-07-09 09:59:25,348 INFO  client.GrpcClientProtocolClient (GrpcClientProtocolClient.java:onNext(255)) - client-CECA27ED65B5->8cac6937-780c-4459-964a-dea4dcd51fd7: receive RaftClientReply:client-CECA27ED65B5->8cac6937-780c-4459-964a-dea4dcd51fd7@group-D84C501198B9, cid=2225, SUCCESS, logIndex=3253, commits[8cac6937-780c-4459-964a-dea4dcd51fd7:c3255, 9ed8676d-9460-465d-9905-fd43a52295f6:c3252, da64134c-6992-4903-9407-7df321e464db:c3252]
2019-07-09 09:59:25,348 INFO  client.GrpcClientProtocolClient (GrpcClientProtocolClient.java:onNext(255)) - client-CECA27ED65B5->8cac6937-780c-4459-964a-dea4dcd51fd7: receive RaftClientReply:client-CECA27ED65B5->8cac6937-780c-4459-964a-dea4dcd51fd7@group-D84C501198B9, cid=2226, SUCCESS, logIndex=3254, commits[8cac6937-780c-4459-964a-dea4dcd51fd7:c3256, 9ed8676d-9460-465d-9905-fd43a52295f6:c3252, da64134c-6992-4903-9407-7df321e464db:c3252]
2019-07-09 09:59:25,348 INFO  client.GrpcClientProtocolClient (GrpcClientProtocolClient.java:onNext(255)) - client-CECA27ED65B5->8cac6937-780c-4459-964a-dea4dcd51fd7: receive RaftClientReply:client-CECA27ED65B5->8cac6937-780c-4459-964a-dea4dcd51fd7@group-D84C501198B9, cid=2227, SUCCESS, logIndex=3255, commits[8cac6937-780c-4459-964a-dea4dcd51fd7:c3256, 9ed8676d-9460-465d-9905-fd43a52295f6:c3252, da64134c-6992-4903-9407-7df321e464db:c3252]
2019-07-09 09:59:25,349 INFO  client.GrpcClientProtocolClient (GrpcClientProtocolClient.java:onNext(255)) - client-CECA27ED65B5->8cac6937-780c-4459-964a-dea4dcd51fd7: receive RaftClientReply:client-CECA27ED65B5->8cac6937-780c-4459-964a-dea4dcd51fd7@group-D84C501198B9, cid=2228, SUCCESS, logIndex=3256, commits[8cac6937-780c-4459-964a-dea4dcd51fd7:c3256, 9ed8676d-9460-465d-9905-fd43a52295f6:c3252, da64134c-6992-4903-9407-7df321e464db:c3252]
2019-07-09 09:59:25,352 INFO  client.GrpcClientProtocolClient (GrpcClientProtocolClient.java:onNext(255)) - client-CECA27ED65B5->8cac6937-780c-4459-964a-dea4dcd51fd7: receive RaftClientReply:client-CECA27ED65B5->8cac6937-780c-4459-964a-dea4dcd51fd7@group-D84C501198B9, cid=2229, SUCCESS, logIndex=0, commits[8cac6937-780c-4459-964a-dea4dcd51fd7:c3258, 9ed8676d-9460-465d-9905-fd43a52295f6:c3255, da64134c-6992-4903-9407-7df321e464db:c3255]
2019-07-09 09:59:25,371 INFO  client.GrpcClientProtocolClient (GrpcClientProtocolClient.java:onNext(255)) - client-CECA27ED65B5->8cac6937-780c-4459-964a-dea4dcd51fd7: receive RaftClientReply:client-CECA27ED65B5->8cac6937-780c-4459-964a-dea4dcd51fd7@group-D84C501198B9, cid=2230, SUCCESS, logIndex=3261, commits[8cac6937-780c-4459-964a-dea4dcd51fd7:c3262, 9ed8676d-9460-465d-9905-fd43a52295f6:c3260, da64134c-6992-4903-9407-7df321e464db:c3260]
2019-07-09 09:59:25,371 INFO  client.GrpcClientProtocolClient (GrpcClientProtocolClient.java:onNext(255)) - client-CECA27ED65B5->8cac6937-780c-4459-964a-dea4dcd51fd7: receive RaftClientReply:client-CECA27ED65B5->8cac6937-780c-4459-964a-dea4dcd51fd7@group-D84C501198B9, cid=2231, SUCCESS, logIndex=3262, commits[8cac6937-780c-4459-964a-dea4dcd51fd7:c3262, 9ed8676d-9460-465d-9905-fd43a52295f6:c3260, da64134c-6992-4903-9407-7df321e464db:c3260]
2019-07-09 09:59:25,388 INFO  client.GrpcClientProtocolClient (GrpcClientProtocolClient.java:onNext(255)) - client-CECA27ED65B5->8cac6937-780c-4459-964a-dea4dcd51fd7: receive RaftClientReply:client-CECA27ED65B5->8cac6937-780c-4459-964a-dea4dcd51fd7@group-D84C501198B9, cid=2232, SUCCESS, logIndex=3265, commits[8cac6937-780c-4459-964a-dea4dcd51fd7:c3266, 9ed8676d-9460-465d-9905-fd43a52295f6:c3262, da64134c-6992-4903-9407-7df321e464db:c3262]
2019-07-09 09:59:25,389 INFO  client.GrpcClientProtocolClient (GrpcClientProtocolClient.java:onNext(255)) - client-CECA27ED65B5->8cac6937-780c-4459-964a-dea4dcd51fd7: receive RaftClientReply:client-CECA27ED65B5->8cac6937-780c-4459-964a-dea4dcd51fd7@group-D84C501198B9, cid=2233, SUCCESS, logIndex=3266, commits[8cac6937-780c-4459-964a-dea4dcd51fd7:c3266, 9ed8676d-9460-465d-9905-fd43a52295f6:c3262, da64134c-6992-4903-9407-7df321e464db:c3262]
2019-07-09 09:59:25,413 INFO  client.GrpcClientProtocolClient (GrpcClientProtocolClient.java:onNext(255)) - client-CECA27ED65B5->8cac6937-780c-4459-964a-dea4dcd51fd7: receive RaftClientReply:client-CECA27ED65B5->8cac6937-780c-4459-964a-dea4dcd51fd7@group-D84C501198B9, cid=2234, SUCCESS, logIndex=0, commits[8cac6937-780c-4459-964a-dea4dcd51fd7:c3267, 9ed8676d-9460-465d-9905-fd43a52295f6:c3266, da64134c-6992-4903-9407-7df321e464db:c3266]
2019-07-09 09:59:25,555 INFO  client.GrpcClientProtocolClient (GrpcClientProtocolClient.java:onNext(255)) - client-CECA27ED65B5->8cac6937-780c-4459-964a-dea4dcd51fd7: receive RaftClientReply:client-CECA27ED65B5->8cac6937-780c-4459-964a-dea4dcd51fd7@group-D84C501198B9, cid=2235, SUCCESS, logIndex=3269, commits[8cac6937-780c-4459-964a-dea4dcd51fd7:c3272, 9ed8676d-9460-465d-9905-fd43a52295f6:c3268, da64134c-6992-4903-9407-7df321e464db:c3268]
2019-07-09 09:59:25,555 INFO  client.GrpcClientProtocolClient (GrpcClientProtocolClient.java:onNext(255)) - client-CECA27ED65B5->8cac6937-780c-4459-964a-dea4dcd51fd7: receive RaftClientReply:client-CECA27ED65B5->8cac6937-780c-4459-964a-dea4dcd51fd7@group-D84C501198B9, cid=2236, SUCCESS, logIndex=3270, commits[8cac6937-780c-4459-964a-dea4dcd51fd7:c3272, 9ed8676d-9460-465d-9905-fd43a52295f6:c3268, da64134c-6992-4903-9407-7df321e464db:c3268]
2019-07-09 09:59:25,556 INFO  client.GrpcClientProtocolClient (GrpcClientProtocolClient.java:onNext(255)) - client-CECA27ED65B5->8cac6937-780c-4459-964a-dea4dcd51fd7: receive RaftClientReply:client-CECA27ED65B5->8cac6937-780c-4459-964a-dea4dcd51fd7@group-D84C501198B9, cid=2237, SUCCESS, logIndex=3271, commits[8cac6937-780c-4459-964a-dea4dcd51fd7:c3272, 9ed8676d-9460-465d-9905-fd43a52295f6:c3268, da64134c-6992-4903-9407-7df321e464db:c3268]
2019-07-09 09:59:25,556 INFO  client.GrpcClientProtocolClient (GrpcClientProtocolClient.java:onNext(255)) - client-CECA27ED65B5->8cac6937-780c-4459-964a-dea4dcd51fd7: receive RaftClientReply:client-CECA27ED65B5->8cac6937-780c-4459-964a-dea4dcd51fd7@group-D84C501198B9, cid=2238, SUCCESS, logIndex=3272, commits[8cac6937-780c-4459-964a-dea4dcd51fd7:c3272, 9ed8676d-9460-465d-9905-fd43a52295f6:c3268, da64134c-6992-4903-9407-7df321e464db:c3268]
2019-07-09 09:59:25,568 INFO  client.GrpcClientProtocolClient (GrpcClientProtocolClient.java:onNext(255)) - client-CECA27ED65B5->8cac6937-780c-4459-964a-dea4dcd51fd7: receive RaftClientReply:client-CECA27ED65B5->8cac6937-780c-4459-964a-dea4dcd51fd7@group-D84C501198B9, cid=2239, SUCCESS, logIndex=0, commits[8cac6937-780c-4459-964a-dea4dcd51fd7:c3275, 9ed8676d-9460-465d-9905-fd43a52295f6:c3271, da64134c-6992-4903-9407-7df321e464db:c3272]
2019-07-09 09:59:25,591 INFO  client.GrpcClientProtocolClient (GrpcClientProtocolClient.java:onNext(255)) - client-CECA27ED65B5->8cac6937-780c-4459-964a-dea4dcd51fd7: receive RaftClientReply:client-CECA27ED65B5->8cac6937-780c-4459-964a-dea4dcd51fd7@group-D84C501198B9, cid=2240, SUCCESS, logIndex=3276, commits[8cac6937-780c-4459-964a-dea4dcd51fd7:c3277, 9ed8676d-9460-465d-9905-fd43a52295f6:c3275, da64134c-6992-4903-9407-7df321e464db:c3275]
2019-07-09 09:59:25,591 INFO  client.GrpcClientProtocolClient (GrpcClientProtocolClient.java:onNext(255)) - client-CECA27ED65B5->8cac6937-780c-4459-964a-dea4dcd51fd7: receive RaftClientReply:client-CECA27ED65B5->8cac6937-780c-4459-964a-dea4dcd51fd7@group-D84C501198B9, cid=2241, SUCCESS, logIndex=3277, commits[8cac6937-780c-4459-964a-dea4dcd51fd7:c3277, 9ed8676d-9460-465d-9905-fd43a52295f6:c3275, da64134c-6992-4903-9407-7df321e464db:c3275]
2019-07-09 09:59:25,604 INFO  client.GrpcClientProtocolClient (GrpcClientProtocolClient.java:onNext(255)) - client-CECA27ED65B5->8cac6937-780c-4459-964a-dea4dcd51fd7: receive RaftClientReply:client-CECA27ED65B5->8cac6937-780c-4459-964a-dea4dcd51fd7@group-D84C501198B9, cid=2242, SUCCESS, logIndex=3280, commits[8cac6937-780c-4459-964a-dea4dcd51fd7:c3281, 9ed8676d-9460-465d-9905-fd43a52295f6:c3277, da64134c-6992-4903-9407-7df321e464db:c3277]
2019-07-09 09:59:25,605 INFO  client.GrpcClientProtocolClient (GrpcClientProtocolClient.java:onNext(255)) - client-CECA27ED65B5->8cac6937-780c-4459-964a-dea4dcd51fd7: receive RaftClientReply:client-CECA27ED65B5->8cac6937-780c-4459-964a-dea4dcd51fd7@group-D84C501198B9, cid=2243, SUCCESS, logIndex=3281, commits[8cac6937-780c-4459-964a-dea4dcd51fd7:c3281, 9ed8676d-9460-465d-9905-fd43a52295f6:c3277, da64134c-6992-4903-9407-7df321e464db:c3277]
2019-07-09 09:59:25,619 INFO  client.GrpcClientProtocolClient (GrpcClientProtocolClient.java:onNext(255)) - client-CECA27ED65B5->8cac6937-780c-4459-964a-dea4dcd51fd7: receive RaftClientReply:client-CECA27ED65B5->8cac6937-780c-4459-964a-dea4dcd51fd7@group-D84C501198B9, cid=2244, SUCCESS, logIndex=0, commits[8cac6937-780c-4459-964a-dea4dcd51fd7:c3283, 9ed8676d-9460-465d-9905-fd43a52295f6:c3281, da64134c-6992-4903-9407-7df321e464db:c3281]
2019-07-09 09:59:25,654 INFO  client.GrpcClientProtocolClient (GrpcClientProtocolClient.java:onNext(255)) - client-CECA27ED65B5->8cac6937-780c-4459-964a-dea4dcd51fd7: receive RaftClientReply:client-CECA27ED65B5->8cac6937-780c-4459-964a-dea4dcd51fd7@group-D84C501198B9, cid=2245, SUCCESS, logIndex=3284, commits[8cac6937-780c-4459-964a-dea4dcd51fd7:c3285, 9ed8676d-9460-465d-9905-fd43a52295f6:c3283, da64134c-6992-4903-9407-7df321e464db:c3283]
2019-07-09 09:59:25,655 INFO  client.GrpcClientProtocolClient (GrpcClientProtocolClient.java:onNext(255)) - client-CECA27ED65B5->8cac6937-780c-4459-964a-dea4dcd51fd7: receive RaftClientReply:client-CECA27ED65B5->8cac6937-780c-4459-964a-dea4dcd51fd7@group-D84C501198B9, cid=2246, SUCCESS, logIndex=3285, commits[8cac6937-780c-4459-964a-dea4dcd51fd7:c3287, 9ed8676d-9460-465d-9905-fd43a52295f6:c3283, da64134c-6992-4903-9407-7df321e464db:c3283]
2019-07-09 09:59:25,655 INFO  client.GrpcClientProtocolClient (GrpcClientProtocolClient.java:onNext(255)) - client-CECA27ED65B5->8cac6937-780c-4459-964a-dea4dcd51fd7: receive RaftClientReply:client-CECA27ED65B5->8cac6937-780c-4459-964a-dea4dcd51fd7@group-D84C501198B9, cid=2247, SUCCESS, logIndex=3286, commits[8cac6937-780c-4459-964a-dea4dcd51fd7:c3287, 9ed8676d-9460-465d-9905-fd43a52295f6:c3283, da64134c-6992-4903-9407-7df321e464db:c3283]
2019-07-09 09:59:25,656 INFO  client.GrpcClientProtocolClient (GrpcClientProtocolClient.java:onNext(255)) - client-CECA27ED65B5->8cac6937-780c-4459-964a-dea4dcd51fd7: receive RaftClientReply:client-CECA27ED65B5->8cac6937-780c-4459-964a-dea4dcd51fd7@group-D84C501198B9, cid=2248, SUCCESS, logIndex=3287, commits[8cac6937-780c-4459-964a-dea4dcd51fd7:c3287, 9ed8676d-9460-465d-9905-fd43a52295f6:c3283, da64134c-6992-4903-9407-7df321e464db:c3283]
2019-07-09 09:59:25,677 INFO  client.GrpcClientProtocolClient (GrpcClientProtocolClient.java:onNext(255)) - client-CECA27ED65B5->8cac6937-780c-4459-964a-dea4dcd51fd7: receive RaftClientReply:client-CECA27ED65B5->8cac6937-780c-4459-964a-dea4dcd51fd7@group-D84C501198B9, cid=2249, SUCCESS, logIndex=0, commits[8cac6937-780c-4459-964a-dea4dcd51fd7:c3289, 9ed8676d-9460-465d-9905-fd43a52295f6:c3285, da64134c-6992-4903-9407-7df321e464db:c3285]
2019-07-09 09:59:25,697 INFO  client.GrpcClientProtocolClient (GrpcClientProtocolClient.java:onNext(255)) - client-CECA27ED65B5->8cac6937-780c-4459-964a-dea4dcd51fd7: receive RaftClientReply:client-CECA27ED65B5->8cac6937-780c-4459-964a-dea4dcd51fd7@group-D84C501198B9, cid=2250, SUCCESS, logIndex=3292, commits[8cac6937-780c-4459-964a-dea4dcd51fd7:c3293, 9ed8676d-9460-465d-9905-fd43a52295f6:c3291, da64134c-6992-4903-9407-7df321e464db:c3291]
2019-07-09 09:59:25,698 INFO  client.GrpcClientProtocolClient (GrpcClientProtocolClient.java:onNext(255)) - client-CECA27ED65B5->8cac6937-780c-4459-964a-dea4dcd51fd7: receive RaftClientReply:client-CECA27ED65B5->8cac6937-780c-4459-964a-dea4dcd51fd7@group-D84C501198B9, cid=2251, SUCCESS, logIndex=3293, commits[8cac6937-780c-4459-964a-dea4dcd51fd7:c3293, 9ed8676d-9460-465d-9905-fd43a52295f6:c3291, da64134c-6992-4903-9407-7df321e464db:c3291]
2019-07-09 09:59:25,713 INFO  client.GrpcClientProtocolClient (GrpcClientProtocolClient.java:onNext(255)) - client-CECA27ED65B5->8cac6937-780c-4459-964a-dea4dcd51fd7: receive RaftClientReply:client-CECA27ED65B5->8cac6937-780c-4459-964a-dea4dcd51fd7@group-D84C501198B9, cid=2252, SUCCESS, logIndex=3296, commits[8cac6937-780c-4459-964a-dea4dcd51fd7:c3296, 9ed8676d-9460-465d-9905-fd43a52295f6:c3293, da64134c-6992-4903-9407-7df321e464db:c3293]
2019-07-09 09:59:25,713 INFO  client.GrpcClientProtocolClient (GrpcClientProtocolClient.java:onNext(255)) - client-CECA27ED65B5->8cac6937-780c-4459-964a-dea4dcd51fd7: receive RaftClientReply:client-CECA27ED65B5->8cac6937-780c-4459-964a-dea4dcd51fd7@group-D84C501198B9, cid=2253, SUCCESS, logIndex=3297, commits[8cac6937-780c-4459-964a-dea4dcd51fd7:c3297, 9ed8676d-9460-465d-9905-fd43a52295f6:c3293, da64134c-6992-4903-9407-7df321e464db:c3293]
2019-07-09 09:59:25,738 INFO  client.GrpcClientProtocolClient (GrpcClientProtocolClient.java:onNext(255)) - client-CECA27ED65B5->8cac6937-780c-4459-964a-dea4dcd51fd7: receive RaftClientReply:client-CECA27ED65B5->8cac6937-780c-4459-964a-dea4dcd51fd7@group-D84C501198B9, cid=2254, SUCCESS, logIndex=0, commits[8cac6937-780c-4459-964a-dea4dcd51fd7:c3299, 9ed8676d-9460-465d-9905-fd43a52295f6:c3297, da64134c-6992-4903-9407-7df321e464db:c3297]
2019-07-09 09:59:25,770 INFO  client.GrpcClientProtocolClient (GrpcClientProtocolClient.java:onNext(255)) - client-CECA27ED65B5->8cac6937-780c-4459-964a-dea4dcd51fd7: receive RaftClientReply:client-CECA27ED65B5->8cac6937-780c-4459-964a-dea4dcd51fd7@group-D84C501198B9, cid=2255, SUCCESS, logIndex=3300, commits[8cac6937-780c-4459-964a-dea4dcd51fd7:c3302, 9ed8676d-9460-465d-9905-fd43a52295f6:c3299, da64134c-6992-4903-9407-7df321e464db:c3299]
2019-07-09 09:59:25,771 INFO  client.GrpcClientProtocolClient (GrpcClientProtocolClient.java:onNext(255)) - client-CECA27ED65B5->8cac6937-780c-4459-964a-dea4dcd51fd7: receive RaftClientReply:client-CECA27ED65B5->8cac6937-780c-4459-964a-dea4dcd51fd7@group-D84C501198B9, cid=2256, SUCCESS, logIndex=3301, commits[8cac6937-780c-4459-964a-dea4dcd51fd7:c3303, 9ed8676d-9460-465d-9905-fd43a52295f6:c3299, da64134c-6992-4903-9407-7df321e464db:c3299]
2019-07-09 09:59:25,772 INFO  client.GrpcClientProtocolClient (GrpcClientProtocolClient.java:onNext(255)) - client-CECA27ED65B5->8cac6937-780c-4459-964a-dea4dcd51fd7: receive RaftClientReply:client-CECA27ED65B5->8cac6937-780c-4459-964a-dea4dcd51fd7@group-D84C501198B9, cid=2257, SUCCESS, logIndex=3302, commits[8cac6937-780c-4459-964a-dea4dcd51fd7:c3303, 9ed8676d-9460-465d-9905-fd43a52295f6:c3299, da64134c-6992-4903-9407-7df321e464db:c3299]
2019-07-09 09:59:25,772 INFO  client.GrpcClientProtocolClient (GrpcClientProtocolClient.java:onNext(255)) - client-CECA27ED65B5->8cac6937-780c-4459-964a-dea4dcd51fd7: receive RaftClientReply:client-CECA27ED65B5->8cac6937-780c-4459-964a-dea4dcd51fd7@group-D84C501198B9, cid=2258, SUCCESS, logIndex=3303, commits[8cac6937-780c-4459-964a-dea4dcd51fd7:c3303, 9ed8676d-9460-465d-9905-fd43a52295f6:c3299, da64134c-6992-4903-9407-7df321e464db:c3299]
2019-07-09 09:59:25,784 INFO  client.GrpcClientProtocolClient (GrpcClientProtocolClient.java:onNext(255)) - client-CECA27ED65B5->8cac6937-780c-4459-964a-dea4dcd51fd7: receive RaftClientReply:client-CECA27ED65B5->8cac6937-780c-4459-964a-dea4dcd51fd7@group-D84C501198B9, cid=2259, SUCCESS, logIndex=0, commits[8cac6937-780c-4459-964a-dea4dcd51fd7:c3306, 9ed8676d-9460-465d-9905-fd43a52295f6:c3301, da64134c-6992-4903-9407-7df321e464db:c3302]
2019-07-09 09:59:25,802 INFO  client.GrpcClientProtocolClient (GrpcClientProtocolClient.java:onNext(255)) - client-CECA27ED65B5->8cac6937-780c-4459-964a-dea4dcd51fd7: receive RaftClientReply:client-CECA27ED65B5->8cac6937-780c-4459-964a-dea4dcd51fd7@group-D84C501198B9, cid=2260, SUCCESS, logIndex=3308, commits[8cac6937-780c-4459-964a-dea4dcd51fd7:c3309, 9ed8676d-9460-465d-9905-fd43a52295f6:c3307, da64134c-6992-4903-9407-7df321e464db:c3307]
2019-07-09 09:59:25,803 INFO  client.GrpcClientProtocolClient (GrpcClientProtocolClient.java:onNext(255)) - client-CECA27ED65B5->8cac6937-780c-4459-964a-dea4dcd51fd7: receive RaftClientReply:client-CECA27ED65B5->8cac6937-780c-4459-964a-dea4dcd51fd7@group-D84C501198B9, cid=2261, SUCCESS, logIndex=3309, commits[8cac6937-780c-4459-964a-dea4dcd51fd7:c3309, 9ed8676d-9460-465d-9905-fd43a52295f6:c3307, da64134c-6992-4903-9407-7df321e464db:c3307]
2019-07-09 09:59:25,817 INFO  client.GrpcClientProtocolClient (GrpcClientProtocolClient.java:onNext(255)) - client-CECA27ED65B5->8cac6937-780c-4459-964a-dea4dcd51fd7: receive RaftClientReply:client-CECA27ED65B5->8cac6937-780c-4459-964a-dea4dcd51fd7@group-D84C501198B9, cid=2262, SUCCESS, logIndex=3312, commits[8cac6937-780c-4459-964a-dea4dcd51fd7:c3313, 9ed8676d-9460-465d-9905-fd43a52295f6:c3309, da64134c-6992-4903-9407-7df321e464db:c3309]
2019-07-09 09:59:25,817 INFO  client.GrpcClientProtocolClient (GrpcClientProtocolClient.java:onNext(255)) - client-CECA27ED65B5->8cac6937-780c-4459-964a-dea4dcd51fd7: receive RaftClientReply:client-CECA27ED65B5->8cac6937-780c-4459-964a-dea4dcd51fd7@group-D84C501198B9, cid=2263, SUCCESS, logIndex=3313, commits[8cac6937-780c-4459-964a-dea4dcd51fd7:c3313, 9ed8676d-9460-465d-9905-fd43a52295f6:c3309, da64134c-6992-4903-9407-7df321e464db:c3309]
2019-07-09 09:59:25,830 INFO  client.GrpcClientProtocolClient (GrpcClientProtocolClient.java:onNext(255)) - client-CECA27ED65B5->8cac6937-780c-4459-964a-dea4dcd51fd7: receive RaftClientReply:client-CECA27ED65B5->8cac6937-780c-4459-964a-dea4dcd51fd7@group-D84C501198B9, cid=2264, SUCCESS, logIndex=0, commits[8cac6937-780c-4459-964a-dea4dcd51fd7:c3315, 9ed8676d-9460-465d-9905-fd43a52295f6:c3313, da64134c-6992-4903-9407-7df321e464db:c3313]
2019-07-09 09:59:25,861 INFO  client.GrpcClientProtocolClient (GrpcClientProtocolClient.java:onNext(255)) - client-CECA27ED65B5->8cac6937-780c-4459-964a-dea4dcd51fd7: receive RaftClientReply:client-CECA27ED65B5->8cac6937-780c-4459-964a-dea4dcd51fd7@group-D84C501198B9, cid=2265, SUCCESS, logIndex=3316, commits[8cac6937-780c-4459-964a-dea4dcd51fd7:c3317, 9ed8676d-9460-465d-9905-fd43a52295f6:c3315, da64134c-6992-4903-9407-7df321e464db:c3315]
2019-07-09 09:59:25,862 INFO  client.GrpcClientProtocolClient (GrpcClientProtocolClient.java:onNext(255)) - client-CECA27ED65B5->8cac6937-780c-4459-964a-dea4dcd51fd7: receive RaftClientReply:client-CECA27ED65B5->8cac6937-780c-4459-964a-dea4dcd51fd7@group-D84C501198B9, cid=2266, SUCCESS, logIndex=3317, commits[8cac6937-780c-4459-964a-dea4dcd51fd7:c3319, 9ed8676d-9460-465d-9905-fd43a52295f6:c3315, da64134c-6992-4903-9407-7df321e464db:c3315]
2019-07-09 09:59:25,862 INFO  client.GrpcClientProtocolClient (GrpcClientProtocolClient.java:onNext(255)) - client-CECA27ED65B5->8cac6937-780c-4459-964a-dea4dcd51fd7: receive RaftClientReply:client-CECA27ED65B5->8cac6937-780c-4459-964a-dea4dcd51fd7@group-D84C501198B9, cid=2267, SUCCESS, logIndex=3318, commits[8cac6937-780c-4459-964a-dea4dcd51fd7:c3319, 9ed8676d-9460-465d-9905-fd43a52295f6:c3315, da64134c-6992-4903-9407-7df321e464db:c3315]
2019-07-09 09:59:25,862 INFO  client.GrpcClientProtocolClient (GrpcClientProtocolClient.java:onNext(255)) - client-CECA27ED65B5->8cac6937-780c-4459-964a-dea4dcd51fd7: receive RaftClientReply:client-CECA27ED65B5->8cac6937-780c-4459-964a-dea4dcd51fd7@group-D84C501198B9, cid=2268, SUCCESS, logIndex=3319, commits[8cac6937-780c-4459-964a-dea4dcd51fd7:c3319, 9ed8676d-9460-465d-9905-fd43a52295f6:c3315, da64134c-6992-4903-9407-7df321e464db:c3315]
2019-07-09 09:59:25,876 INFO  client.GrpcClientProtocolClient (GrpcClientProtocolClient.java:onNext(255)) - client-CECA27ED65B5->8cac6937-780c-4459-964a-dea4dcd51fd7: receive RaftClientReply:client-CECA27ED65B5->8cac6937-780c-4459-964a-dea4dcd51fd7@group-D84C501198B9, cid=2269, SUCCESS, logIndex=0, commits[8cac6937-780c-4459-964a-dea4dcd51fd7:c3321, 9ed8676d-9460-465d-9905-fd43a52295f6:c3317, da64134c-6992-4903-9407-7df321e464db:c3317]
2019-07-09 09:59:25,888 INFO  client.GrpcClientProtocolClient (GrpcClientProtocolClient.java:onNext(255)) - client-CECA27ED65B5->8cac6937-780c-4459-964a-dea4dcd51fd7: receive RaftClientReply:client-CECA27ED65B5->8cac6937-780c-4459-964a-dea4dcd51fd7@group-D84C501198B9, cid=2270, SUCCESS, logIndex=3323, commits[8cac6937-780c-4459-964a-dea4dcd51fd7:c3324, 9ed8676d-9460-465d-9905-fd43a52295f6:c3322, da64134c-6992-4903-9407-7df321e464db:c3322]
2019-07-09 09:59:25,889 INFO  client.GrpcClientProtocolClient (GrpcClientProtocolClient.java:onNext(255)) - client-CECA27ED65B5->8cac6937-780c-4459-964a-dea4dcd51fd7: receive RaftClientReply:client-CECA27ED65B5->8cac6937-780c-4459-964a-dea4dcd51fd7@group-D84C501198B9, cid=2271, SUCCESS, logIndex=3324, commits[8cac6937-780c-4459-964a-dea4dcd51fd7:c3324, 9ed8676d-9460-465d-9905-fd43a52295f6:c3322, da64134c-6992-4903-9407-7df321e464db:c3322]
2019-07-09 09:59:25,901 INFO  client.GrpcClientProtocolClient (GrpcClientProtocolClient.java:onNext(255)) - client-CECA27ED65B5->8cac6937-780c-4459-964a-dea4dcd51fd7: receive RaftClientReply:client-CECA27ED65B5->8cac6937-780c-4459-964a-dea4dcd51fd7@group-D84C501198B9, cid=2272, SUCCESS, logIndex=3327, commits[8cac6937-780c-4459-964a-dea4dcd51fd7:c3328, 9ed8676d-9460-465d-9905-fd43a52295f6:c3324, da64134c-6992-4903-9407-7df321e464db:c3326]
2019-07-09 09:59:25,901 INFO  client.GrpcClientProtocolClient (GrpcClientProtocolClient.java:onNext(255)) - client-CECA27ED65B5->8cac6937-780c-4459-964a-dea4dcd51fd7: receive RaftClientReply:client-CECA27ED65B5->8cac6937-780c-4459-964a-dea4dcd51fd7@group-D84C501198B9, cid=2273, SUCCESS, logIndex=3328, commits[8cac6937-780c-4459-964a-dea4dcd51fd7:c3328, 9ed8676d-9460-465d-9905-fd43a52295f6:c3326, da64134c-6992-4903-9407-7df321e464db:c3326]
2019-07-09 09:59:25,904 INFO  client.GrpcClientProtocolClient (GrpcClientProtocolClient.java:onNext(255)) - client-CECA27ED65B5->8cac6937-780c-4459-964a-dea4dcd51fd7: receive RaftClientReply:client-CECA27ED65B5->8cac6937-780c-4459-964a-dea4dcd51fd7@group-D84C501198B9, cid=2274, SUCCESS, logIndex=0, commits[8cac6937-780c-4459-964a-dea4dcd51fd7:c3329, 9ed8676d-9460-465d-9905-fd43a52295f6:c3328, da64134c-6992-4903-9407-7df321e464db:c3328]
2019-07-09 09:59:25,929 INFO  client.GrpcClientProtocolClient (GrpcClientProtocolClient.java:onNext(255)) - client-CECA27ED65B5->8cac6937-780c-4459-964a-dea4dcd51fd7: receive RaftClientReply:client-CECA27ED65B5->8cac6937-780c-4459-964a-dea4dcd51fd7@group-D84C501198B9, cid=2275, SUCCESS, logIndex=3331, commits[8cac6937-780c-4459-964a-dea4dcd51fd7:c3332, 9ed8676d-9460-465d-9905-fd43a52295f6:c3330, da64134c-6992-4903-9407-7df321e464db:c3330]
2019-07-09 09:59:25,929 INFO  client.GrpcClientProtocolClient (GrpcClientProtocolClient.java:onNext(255)) - client-CECA27ED65B5->8cac6937-780c-4459-964a-dea4dcd51fd7: receive RaftClientReply:client-CECA27ED65B5->8cac6937-780c-4459-964a-dea4dcd51fd7@group-D84C501198B9, cid=2276, SUCCESS, logIndex=3332, commits[8cac6937-780c-4459-964a-dea4dcd51fd7:c3332, 9ed8676d-9460-465d-9905-fd43a52295f6:c3330, da64134c-6992-4903-9407-7df321e464db:c3330]
2019-07-09 09:59:25,932 INFO  client.GrpcClientProtocolClient (GrpcClientProtocolClient.java:onNext(255)) - client-CECA27ED65B5->8cac6937-780c-4459-964a-dea4dcd51fd7: receive RaftClientReply:client-CECA27ED65B5->8cac6937-780c-4459-964a-dea4dcd51fd7@group-D84C501198B9, cid=2277, SUCCESS, logIndex=3333, commits[8cac6937-780c-4459-964a-dea4dcd51fd7:c3334, 9ed8676d-9460-465d-9905-fd43a52295f6:c3330, da64134c-6992-4903-9407-7df321e464db:c3330]
2019-07-09 09:59:25,932 INFO  client.GrpcClientProtocolClient (GrpcClientProtocolClient.java:onNext(255)) - client-CECA27ED65B5->8cac6937-780c-4459-964a-dea4dcd51fd7: receive RaftClientReply:client-CECA27ED65B5->8cac6937-780c-4459-964a-dea4dcd51fd7@group-D84C501198B9, cid=2278, SUCCESS, logIndex=3334, commits[8cac6937-780c-4459-964a-dea4dcd51fd7:c3334, 9ed8676d-9460-465d-9905-fd43a52295f6:c3330, da64134c-6992-4903-9407-7df321e464db:c3330]
2019-07-09 09:59:25,943 INFO  client.GrpcClientProtocolClient (GrpcClientProtocolClient.java:onNext(255)) - client-CECA27ED65B5->8cac6937-780c-4459-964a-dea4dcd51fd7: receive RaftClientReply:client-CECA27ED65B5->8cac6937-780c-4459-964a-dea4dcd51fd7@group-D84C501198B9, cid=2279, SUCCESS, logIndex=0, commits[8cac6937-780c-4459-964a-dea4dcd51fd7:c3336, 9ed8676d-9460-465d-9905-fd43a52295f6:c3332, da64134c-6992-4903-9407-7df321e464db:c3332]
2019-07-09 09:59:25,962 INFO  client.GrpcClientProtocolClient (GrpcClientProtocolClient.java:onNext(255)) - client-CECA27ED65B5->8cac6937-780c-4459-964a-dea4dcd51fd7: receive RaftClientReply:client-CECA27ED65B5->8cac6937-780c-4459-964a-dea4dcd51fd7@group-D84C501198B9, cid=2280, SUCCESS, logIndex=3338, commits[8cac6937-780c-4459-964a-dea4dcd51fd7:c3339, 9ed8676d-9460-465d-9905-fd43a52295f6:c3337, da64134c-6992-4903-9407-7df321e464db:c3337]
2019-07-09 09:59:25,962 INFO  client.GrpcClientProtocolClient (GrpcClientProtocolClient.java:onNext(255)) - client-CECA27ED65B5->8cac6937-780c-4459-964a-dea4dcd51fd7: receive RaftClientReply:client-CECA27ED65B5->8cac6937-780c-4459-964a-dea4dcd51fd7@group-D84C501198B9, cid=2281, SUCCESS, logIndex=3339, commits[8cac6937-780c-4459-964a-dea4dcd51fd7:c3339, 9ed8676d-9460-465d-9905-fd43a52295f6:c3337, da64134c-6992-4903-9407-7df321e464db:c3337]
2019-07-09 09:59:25,976 INFO  client.GrpcClientProtocolClient (GrpcClientProtocolClient.java:onNext(255)) - client-CECA27ED65B5->8cac6937-780c-4459-964a-dea4dcd51fd7: receive RaftClientReply:client-CECA27ED65B5->8cac6937-780c-4459-964a-dea4dcd51fd7@group-D84C501198B9, cid=2282, SUCCESS, logIndex=3342, commits[8cac6937-780c-4459-964a-dea4dcd51fd7:c3343, 9ed8676d-9460-465d-9905-fd43a52295f6:c3339, da64134c-6992-4903-9407-7df321e464db:c3339]
2019-07-09 09:59:25,977 INFO  client.GrpcClientProtocolClient (GrpcClientProtocolClient.java:onNext(255)) - client-CECA27ED65B5->8cac6937-780c-4459-964a-dea4dcd51fd7: receive RaftClientReply:client-CECA27ED65B5->8cac6937-780c-4459-964a-dea4dcd51fd7@group-D84C501198B9, cid=2283, SUCCESS, logIndex=3343, commits[8cac6937-780c-4459-964a-dea4dcd51fd7:c3343, 9ed8676d-9460-465d-9905-fd43a52295f6:c3339, da64134c-6992-4903-9407-7df321e464db:c3339]
2019-07-09 09:59:25,991 INFO  client.GrpcClientProtocolClient (GrpcClientProtocolClient.java:onNext(255)) - client-CECA27ED65B5->8cac6937-780c-4459-964a-dea4dcd51fd7: receive RaftClientReply:client-CECA27ED65B5->8cac6937-780c-4459-964a-dea4dcd51fd7@group-D84C501198B9, cid=2284, SUCCESS, logIndex=0, commits[8cac6937-780c-4459-964a-dea4dcd51fd7:c3345, 9ed8676d-9460-465d-9905-fd43a52295f6:c3343, da64134c-6992-4903-9407-7df321e464db:c3343]
2019-07-09 09:59:26,037 INFO  client.GrpcClientProtocolClient (GrpcClientProtocolClient.java:onNext(255)) - client-CECA27ED65B5->8cac6937-780c-4459-964a-dea4dcd51fd7: receive RaftClientReply:client-CECA27ED65B5->8cac6937-780c-4459-964a-dea4dcd51fd7@group-D84C501198B9, cid=2285, SUCCESS, logIndex=3346, commits[8cac6937-780c-4459-964a-dea4dcd51fd7:c3349, 9ed8676d-9460-465d-9905-fd43a52295f6:c3345, da64134c-6992-4903-9407-7df321e464db:c3345]
2019-07-09 09:59:26,038 INFO  client.GrpcClientProtocolClient (GrpcClientProtocolClient.java:onNext(255)) - client-CECA27ED65B5->8cac6937-780c-4459-964a-dea4dcd51fd7: receive RaftClientReply:client-CECA27ED65B5->8cac6937-780c-4459-964a-dea4dcd51fd7@group-D84C501198B9, cid=2286, SUCCESS, logIndex=3347, commits[8cac6937-780c-4459-964a-dea4dcd51fd7:c3349, 9ed8676d-9460-465d-9905-fd43a52295f6:c3345, da64134c-6992-4903-9407-7df321e464db:c3345]
2019-07-09 09:59:26,038 INFO  client.GrpcClientProtocolClient (GrpcClientProtocolClient.java:onNext(255)) - client-CECA27ED65B5->8cac6937-780c-4459-964a-dea4dcd51fd7: receive RaftClientReply:client-CECA27ED65B5->8cac6937-780c-4459-964a-dea4dcd51fd7@group-D84C501198B9, cid=2287, SUCCESS, logIndex=3348, commits[8cac6937-780c-4459-964a-dea4dcd51fd7:c3350, 9ed8676d-9460-465d-9905-fd43a52295f6:c3347, da64134c-6992-4903-9407-7df321e464db:c3347]
2019-07-09 09:59:26,038 INFO  client.GrpcClientProtocolClient (GrpcClientProtocolClient.java:onNext(255)) - client-CECA27ED65B5->8cac6937-780c-4459-964a-dea4dcd51fd7: receive RaftClientReply:client-CECA27ED65B5->8cac6937-780c-4459-964a-dea4dcd51fd7@group-D84C501198B9, cid=2288, SUCCESS, logIndex=3349, commits[8cac6937-780c-4459-964a-dea4dcd51fd7:c3352, 9ed8676d-9460-465d-9905-fd43a52295f6:c3348, da64134c-6992-4903-9407-7df321e464db:c3347]
2019-07-09 09:59:26,060 INFO  client.GrpcClientProtocolClient (GrpcClientProtocolClient.java:onNext(255)) - client-CECA27ED65B5->8cac6937-780c-4459-964a-dea4dcd51fd7: receive RaftClientReply:client-CECA27ED65B5->8cac6937-780c-4459-964a-dea4dcd51fd7@group-D84C501198B9, cid=2289, SUCCESS, logIndex=3354, commits[8cac6937-780c-4459-964a-dea4dcd51fd7:c3355, 9ed8676d-9460-465d-9905-fd43a52295f6:c3353, da64134c-6992-4903-9407-7df321e464db:c3353]
2019-07-09 09:59:26,061 INFO  client.GrpcClientProtocolClient (GrpcClientProtocolClient.java:onNext(255)) - client-CECA27ED65B5->8cac6937-780c-4459-964a-dea4dcd51fd7: receive RaftClientReply:client-CECA27ED65B5->8cac6937-780c-4459-964a-dea4dcd51fd7@group-D84C501198B9, cid=2290, SUCCESS, logIndex=3355, commits[8cac6937-780c-4459-964a-dea4dcd51fd7:c3355, 9ed8676d-9460-465d-9905-fd43a52295f6:c3353, da64134c-6992-4903-9407-7df321e464db:c3353]
2019-07-09 09:59:26,075 INFO  client.GrpcClientProtocolClient (GrpcClientProtocolClient.java:onNext(255)) - client-CECA27ED65B5->8cac6937-780c-4459-964a-dea4dcd51fd7: receive RaftClientReply:client-CECA27ED65B5->8cac6937-780c-4459-964a-dea4dcd51fd7@group-D84C501198B9, cid=2291, SUCCESS, logIndex=3358, commits[8cac6937-780c-4459-964a-dea4dcd51fd7:c3359, 9ed8676d-9460-465d-9905-fd43a52295f6:c3355, da64134c-6992-4903-9407-7df321e464db:c3355]
2019-07-09 09:59:26,075 INFO  client.GrpcClientProtocolClient (GrpcClientProtocolClient.java:onNext(255)) - client-CECA27ED65B5->8cac6937-780c-4459-964a-dea4dcd51fd7: receive RaftClientReply:client-CECA27ED65B5->8cac6937-780c-4459-964a-dea4dcd51fd7@group-D84C501198B9, cid=2292, SUCCESS, logIndex=3359, commits[8cac6937-780c-4459-964a-dea4dcd51fd7:c3359, 9ed8676d-9460-465d-9905-fd43a52295f6:c3355, da64134c-6992-4903-9407-7df321e464db:c3355]
2019-07-09 09:59:26,088 INFO  client.GrpcClientProtocolClient (GrpcClientProtocolClient.java:onNext(255)) - client-CECA27ED65B5->8cac6937-780c-4459-964a-dea4dcd51fd7: receive RaftClientReply:client-CECA27ED65B5->8cac6937-780c-4459-964a-dea4dcd51fd7@group-D84C501198B9, cid=2293, SUCCESS, logIndex=0, commits[8cac6937-780c-4459-964a-dea4dcd51fd7:c3361, 9ed8676d-9460-465d-9905-fd43a52295f6:c3359, da64134c-6992-4903-9407-7df321e464db:c3359]
2019-07-09 09:59:26,119 INFO  client.GrpcClientProtocolClient (GrpcClientProtocolClient.java:onNext(255)) - client-CECA27ED65B5->8cac6937-780c-4459-964a-dea4dcd51fd7: receive RaftClientReply:client-CECA27ED65B5->8cac6937-780c-4459-964a-dea4dcd51fd7@group-D84C501198B9, cid=2294, SUCCESS, logIndex=3362, commits[8cac6937-780c-4459-964a-dea4dcd51fd7:c3364, 9ed8676d-9460-465d-9905-fd43a52295f6:c3361, da64134c-6992-4903-9407-7df321e464db:c3361]
2019-07-09 09:59:26,119 INFO  client.GrpcClientProtocolClient (GrpcClientProtocolClient.java:onNext(255)) - client-CECA27ED65B5->8cac6937-780c-4459-964a-dea4dcd51fd7: receive RaftClientReply:client-CECA27ED65B5->8cac6937-780c-4459-964a-dea4dcd51fd7@group-D84C501198B9, cid=2295, SUCCESS, logIndex=3363, commits[8cac6937-780c-4459-964a-dea4dcd51fd7:c3365, 9ed8676d-9460-465d-9905-fd43a52295f6:c3361, da64134c-6992-4903-9407-7df321e464db:c3361]
2019-07-09 09:59:26,120 INFO  client.GrpcClientProtocolClient (GrpcClientProtocolClient.java:onNext(255)) - client-CECA27ED65B5->8cac6937-780c-4459-964a-dea4dcd51fd7: receive RaftClientReply:client-CECA27ED65B5->8cac6937-780c-4459-964a-dea4dcd51fd7@group-D84C501198B9, cid=2296, SUCCESS, logIndex=3364, commits[8cac6937-780c-4459-964a-dea4dcd51fd7:c3365, 9ed8676d-9460-465d-9905-fd43a52295f6:c3361, da64134c-6992-4903-9407-7df321e464db:c3361]
2019-07-09 09:59:26,120 INFO  client.GrpcClientProtocolClient (GrpcClientProtocolClient.java:onNext(255)) - client-CECA27ED65B5->8cac6937-780c-4459-964a-dea4dcd51fd7: receive RaftClientReply:client-CECA27ED65B5->8cac6937-780c-4459-964a-dea4dcd51fd7@group-D84C501198B9, cid=2297, SUCCESS, logIndex=3365, commits[8cac6937-780c-4459-964a-dea4dcd51fd7:c3365, 9ed8676d-9460-465d-9905-fd43a52295f6:c3361, da64134c-6992-4903-9407-7df321e464db:c3361]
2019-07-09 09:59:26,123 INFO  client.GrpcClientProtocolClient (GrpcClientProtocolClient.java:onNext(255)) - client-CECA27ED65B5->8cac6937-780c-4459-964a-dea4dcd51fd7: receive RaftClientReply:client-CECA27ED65B5->8cac6937-780c-4459-964a-dea4dcd51fd7@group-D84C501198B9, cid=2298, SUCCESS, logIndex=0, commits[8cac6937-780c-4459-964a-dea4dcd51fd7:c3366, 9ed8676d-9460-465d-9905-fd43a52295f6:c3363, da64134c-6992-4903-9407-7df321e464db:c3363]
2019-07-09 09:59:26,135 INFO  client.GrpcClientProtocolClient (GrpcClientProtocolClient.java:onNext(255)) - client-CECA27ED65B5->8cac6937-780c-4459-964a-dea4dcd51fd7: receive RaftClientReply:client-CECA27ED65B5->8cac6937-780c-4459-964a-dea4dcd51fd7@group-D84C501198B9, cid=2299, SUCCESS, logIndex=3370, commits[8cac6937-780c-4459-964a-dea4dcd51fd7:c3371, 9ed8676d-9460-465d-9905-fd43a52295f6:c3368, da64134c-6992-4903-9407-7df321e464db:c3365]
2019-07-09 09:59:26,135 INFO  client.GrpcClientProtocolClient (GrpcClientProtocolClient.java:onNext(255)) - client-CECA27ED65B5->8cac6937-780c-4459-964a-dea4dcd51fd7: receive RaftClientReply:client-CECA27ED65B5->8cac6937-780c-4459-964a-dea4dcd51fd7@group-D84C501198B9, cid=2300, SUCCESS, logIndex=3371, commits[8cac6937-780c-4459-964a-dea4dcd51fd7:c3371, 9ed8676d-9460-465d-9905-fd43a52295f6:c3368, da64134c-6992-4903-9407-7df321e464db:c3368]
2019-07-09 09:59:26,155 INFO  client.GrpcClientProtocolClient (GrpcClientProtocolClient.java:onNext(255)) - client-CECA27ED65B5->8cac6937-780c-4459-964a-dea4dcd51fd7: receive RaftClientReply:client-CECA27ED65B5->8cac6937-780c-4459-964a-dea4dcd51fd7@group-D84C501198B9, cid=2301, SUCCESS, logIndex=3374, commits[8cac6937-780c-4459-964a-dea4dcd51fd7:c3375, 9ed8676d-9460-465d-9905-fd43a52295f6:c3373, da64134c-6992-4903-9407-7df321e464db:c3373]
2019-07-09 09:59:26,155 INFO  client.GrpcClientProtocolClient (GrpcClientProtocolClient.java:onNext(255)) - client-CECA27ED65B5->8cac6937-780c-4459-964a-dea4dcd51fd7: receive RaftClientReply:client-CECA27ED65B5->8cac6937-780c-4459-964a-dea4dcd51fd7@group-D84C501198B9, cid=2302, SUCCESS, logIndex=3375, commits[8cac6937-780c-4459-964a-dea4dcd51fd7:c3375, 9ed8676d-9460-465d-9905-fd43a52295f6:c3373, da64134c-6992-4903-9407-7df321e464db:c3373]
2019-07-09 09:59:26,181 INFO  client.GrpcClientProtocolClient (GrpcClientProtocolClient.java:onNext(255)) - client-CECA27ED65B5->8cac6937-780c-4459-964a-dea4dcd51fd7: receive RaftClientReply:client-CECA27ED65B5->8cac6937-780c-4459-964a-dea4dcd51fd7@group-D84C501198B9, cid=2303, SUCCESS, logIndex=0, commits[8cac6937-780c-4459-964a-dea4dcd51fd7:c3377, 9ed8676d-9460-465d-9905-fd43a52295f6:c3375, da64134c-6992-4903-9407-7df321e464db:c3375]
2019-07-09 09:59:26,212 INFO  client.GrpcClientProtocolClient (GrpcClientProtocolClient.java:onNext(255)) - client-CECA27ED65B5->8cac6937-780c-4459-964a-dea4dcd51fd7: receive RaftClientReply:client-CECA27ED65B5->8cac6937-780c-4459-964a-dea4dcd51fd7@group-D84C501198B9, cid=2304, SUCCESS, logIndex=3378, commits[8cac6937-780c-4459-964a-dea4dcd51fd7:c3379, 9ed8676d-9460-465d-9905-fd43a52295f6:c3377, da64134c-6992-4903-9407-7df321e464db:c3377]
2019-07-09 09:59:26,212 INFO  client.GrpcClientProtocolClient (GrpcClientProtocolClient.java:onNext(255)) - client-CECA27ED65B5->8cac6937-780c-4459-964a-dea4dcd51fd7: receive RaftClientReply:client-CECA27ED65B5->8cac6937-780c-4459-964a-dea4dcd51fd7@group-D84C501198B9, cid=2305, SUCCESS, logIndex=3379, commits[8cac6937-780c-4459-964a-dea4dcd51fd7:c3379, 9ed8676d-9460-465d-9905-fd43a52295f6:c3377, da64134c-6992-4903-9407-7df321e464db:c3377]
2019-07-09 09:59:26,213 INFO  client.GrpcClientProtocolClient (GrpcClientProtocolClient.java:onNext(255)) - client-CECA27ED65B5->8cac6937-780c-4459-964a-dea4dcd51fd7: receive RaftClientReply:client-CECA27ED65B5->8cac6937-780c-4459-964a-dea4dcd51fd7@group-D84C501198B9, cid=2306, SUCCESS, logIndex=3380, commits[8cac6937-780c-4459-964a-dea4dcd51fd7:c3380, 9ed8676d-9460-465d-9905-fd43a52295f6:c3377, da64134c-6992-4903-9407-7df321e464db:c3377]
2019-07-09 09:59:26,213 INFO  client.GrpcClientProtocolClient (GrpcClientProtocolClient.java:onNext(255)) - client-CECA27ED65B5->8cac6937-780c-4459-964a-dea4dcd51fd7: receive RaftClientReply:client-CECA27ED65B5->8cac6937-780c-4459-964a-dea4dcd51fd7@group-D84C501198B9, cid=2307, SUCCESS, logIndex=3381, commits[8cac6937-780c-4459-964a-dea4dcd51fd7:c3381, 9ed8676d-9460-465d-9905-fd43a52295f6:c3377, da64134c-6992-4903-9407-7df321e464db:c3377]
2019-07-09 09:59:26,215 INFO  client.GrpcClientProtocolClient (GrpcClientProtocolClient.java:onNext(255)) - client-CECA27ED65B5->8cac6937-780c-4459-964a-dea4dcd51fd7: receive RaftClientReply:client-CECA27ED65B5->8cac6937-780c-4459-964a-dea4dcd51fd7@group-D84C501198B9, cid=2308, SUCCESS, logIndex=0, commits[8cac6937-780c-4459-964a-dea4dcd51fd7:c3383, 9ed8676d-9460-465d-9905-fd43a52295f6:c3379, da64134c-6992-4903-9407-7df321e464db:c3379]
2019-07-09 09:59:26,247 INFO  client.GrpcClientProtocolClient (GrpcClientProtocolClient.java:onNext(255)) - client-CECA27ED65B5->8cac6937-780c-4459-964a-dea4dcd51fd7: receive RaftClientReply:client-CECA27ED65B5->8cac6937-780c-4459-964a-dea4dcd51fd7@group-D84C501198B9, cid=2309, SUCCESS, logIndex=3386, commits[8cac6937-780c-4459-964a-dea4dcd51fd7:c3387, 9ed8676d-9460-465d-9905-fd43a52295f6:c3383, da64134c-6992-4903-9407-7df321e464db:c3381]
2019-07-09 09:59:26,247 INFO  client.GrpcClientProtocolClient (GrpcClientProtocolClient.java:onNext(255)) - client-CECA27ED65B5->8cac6937-780c-4459-964a-dea4dcd51fd7: receive RaftClientReply:client-CECA27ED65B5->8cac6937-780c-4459-964a-dea4dcd51fd7@group-D84C501198B9, cid=2310, SUCCESS, logIndex=3387, commits[8cac6937-780c-4459-964a-dea4dcd51fd7:c3387, 9ed8676d-9460-465d-9905-fd43a52295f6:c3383, da64134c-6992-4903-9407-7df321e464db:c3383]
 0.00% |█                                                                                                    |  0/1 Time: 0:00:182019-07-09 09:59:26,271 INFO  client.GrpcClientProtocolClient (GrpcClientProtocolClient.java:onNext(255)) - client-CECA27ED65B5->8cac6937-780c-4459-964a-dea4dcd51fd7: receive RaftClientReply:client-CECA27ED65B5->8cac6937-780c-4459-964a-dea4dcd51fd7@group-D84C501198B9, cid=2311, SUCCESS, logIndex=3389, commits[8cac6937-780c-4459-964a-dea4dcd51fd7:c3390, 9ed8676d-9460-465d-9905-fd43a52295f6:c3387, da64134c-6992-4903-9407-7df321e464db:c3387]
2019-07-09 09:59:26,272 INFO  client.GrpcClientProtocolClient (GrpcClientProtocolClient.java:onNext(255)) - client-CECA27ED65B5->8cac6937-780c-4459-964a-dea4dcd51fd7: receive RaftClientReply:client-CECA27ED65B5->8cac6937-780c-4459-964a-dea4dcd51fd7@group-D84C501198B9, cid=2312, SUCCESS, logIndex=3390, commits[8cac6937-780c-4459-964a-dea4dcd51fd7:c3390, 9ed8676d-9460-465d-9905-fd43a52295f6:c3387, da64134c-6992-4903-9407-7df321e464db:c3387]
2019-07-09 09:59:26,285 INFO  client.GrpcClientProtocolClient (GrpcClientProtocolClient.java:onNext(255)) - client-CECA27ED65B5->8cac6937-780c-4459-964a-dea4dcd51fd7: receive RaftClientReply:client-CECA27ED65B5->8cac6937-780c-4459-964a-dea4dcd51fd7@group-D84C501198B9, cid=2313, SUCCESS, logIndex=0, commits[8cac6937-780c-4459-964a-dea4dcd51fd7:c3392, 9ed8676d-9460-465d-9905-fd43a52295f6:c3390, da64134c-6992-4903-9407-7df321e464db:c3390]
2019-07-09 09:59:26,400 INFO  client.GrpcClientProtocolClient (GrpcClientProtocolClient.java:onNext(255)) - client-CECA27ED65B5->8cac6937-780c-4459-964a-dea4dcd51fd7: receive RaftClientReply:client-CECA27ED65B5->8cac6937-780c-4459-964a-dea4dcd51fd7@group-D84C501198B9, cid=2314, SUCCESS, logIndex=3393, commits[8cac6937-780c-4459-964a-dea4dcd51fd7:c3394, 9ed8676d-9460-465d-9905-fd43a52295f6:c3392, da64134c-6992-4903-9407-7df321e464db:c3392]
2019-07-09 09:59:26,400 INFO  client.GrpcClientProtocolClient (GrpcClientProtocolClient.java:onNext(255)) - client-CECA27ED65B5->8cac6937-780c-4459-964a-dea4dcd51fd7: receive RaftClientReply:client-CECA27ED65B5->8cac6937-780c-4459-964a-dea4dcd51fd7@group-D84C501198B9, cid=2315, SUCCESS, logIndex=3394, commits[8cac6937-780c-4459-964a-dea4dcd51fd7:c3396, 9ed8676d-9460-465d-9905-fd43a52295f6:c3392, da64134c-6992-4903-9407-7df321e464db:c3392]
2019-07-09 09:59:26,401 INFO  client.GrpcClientProtocolClient (GrpcClientProtocolClient.java:onNext(255)) - client-CECA27ED65B5->8cac6937-780c-4459-964a-dea4dcd51fd7: receive RaftClientReply:client-CECA27ED65B5->8cac6937-780c-4459-964a-dea4dcd51fd7@group-D84C501198B9, cid=2316, SUCCESS, logIndex=3395, commits[8cac6937-780c-4459-964a-dea4dcd51fd7:c3396, 9ed8676d-9460-465d-9905-fd43a52295f6:c3392, da64134c-6992-4903-9407-7df321e464db:c3392]
2019-07-09 09:59:26,401 INFO  client.GrpcClientProtocolClient (GrpcClientProtocolClient.java:onNext(255)) - client-CECA27ED65B5->8cac6937-780c-4459-964a-dea4dcd51fd7: receive RaftClientReply:client-CECA27ED65B5->8cac6937-780c-4459-964a-dea4dcd51fd7@group-D84C501198B9, cid=2317, SUCCESS, logIndex=3396, commits[8cac6937-780c-4459-964a-dea4dcd51fd7:c3396, 9ed8676d-9460-465d-9905-fd43a52295f6:c3392, da64134c-6992-4903-9407-7df321e464db:c3392]
2019-07-09 09:59:26,414 INFO  client.GrpcClientProtocolClient (GrpcClientProtocolClient.java:onNext(255)) - client-CECA27ED65B5->8cac6937-780c-4459-964a-dea4dcd51fd7: receive RaftClientReply:client-CECA27ED65B5->8cac6937-780c-4459-964a-dea4dcd51fd7@group-D84C501198B9, cid=2318, SUCCESS, logIndex=0, commits[8cac6937-780c-4459-964a-dea4dcd51fd7:c3399, 9ed8676d-9460-465d-9905-fd43a52295f6:c3396, da64134c-6992-4903-9407-7df321e464db:c3394]
2019-07-09 09:59:26,433 INFO  client.GrpcClientProtocolClient (GrpcClientProtocolClient.java:onNext(255)) - client-CECA27ED65B5->8cac6937-780c-4459-964a-dea4dcd51fd7: receive RaftClientReply:client-CECA27ED65B5->8cac6937-780c-4459-964a-dea4dcd51fd7@group-D84C501198B9, cid=2319, SUCCESS, logIndex=3400, commits[8cac6937-780c-4459-964a-dea4dcd51fd7:c3401, 9ed8676d-9460-465d-9905-fd43a52295f6:c3399, da64134c-6992-4903-9407-7df321e464db:c3399]
2019-07-09 09:59:26,434 INFO  client.GrpcClientProtocolClient (GrpcClientProtocolClient.java:onNext(255)) - client-CECA27ED65B5->8cac6937-780c-4459-964a-dea4dcd51fd7: receive RaftClientReply:client-CECA27ED65B5->8cac6937-780c-4459-964a-dea4dcd51fd7@group-D84C501198B9, cid=2320, SUCCESS, logIndex=3401, commits[8cac6937-780c-4459-964a-dea4dcd51fd7:c3401, 9ed8676d-9460-465d-9905-fd43a52295f6:c3399, da64134c-6992-4903-9407-7df321e464db:c3399]
2019-07-09 09:59:26,447 INFO  client.GrpcClientProtocolClient (GrpcClientProtocolClient.java:onNext(255)) - client-CECA27ED65B5->8cac6937-780c-4459-964a-dea4dcd51fd7: receive RaftClientReply:client-CECA27ED65B5->8cac6937-780c-4459-964a-dea4dcd51fd7@group-D84C501198B9, cid=2321, SUCCESS, logIndex=3404, commits[8cac6937-780c-4459-964a-dea4dcd51fd7:c3405, 9ed8676d-9460-465d-9905-fd43a52295f6:c3401, da64134c-6992-4903-9407-7df321e464db:c3400]
2019-07-09 09:59:26,447 INFO  client.GrpcClientProtocolClient (GrpcClientProtocolClient.java:onNext(255)) - client-CECA27ED65B5->8cac6937-780c-4459-964a-dea4dcd51fd7: receive RaftClientReply:client-CECA27ED65B5->8cac6937-780c-4459-964a-dea4dcd51fd7@group-D84C501198B9, cid=2322, SUCCESS, logIndex=3405, commits[8cac6937-780c-4459-964a-dea4dcd51fd7:c3405, 9ed8676d-9460-465d-9905-fd43a52295f6:c3401, da64134c-6992-4903-9407-7df321e464db:c3401]
2019-07-09 09:59:26,449 INFO  client.GrpcClientProtocolClient (GrpcClientProtocolClient.java:onNext(255)) - client-CECA27ED65B5->8cac6937-780c-4459-964a-dea4dcd51fd7: receive RaftClientReply:client-CECA27ED65B5->8cac6937-780c-4459-964a-dea4dcd51fd7@group-D84C501198B9, cid=2323, SUCCESS, logIndex=0, commits[8cac6937-780c-4459-964a-dea4dcd51fd7:c3406, 9ed8676d-9460-465d-9905-fd43a52295f6:c3405, da64134c-6992-4903-9407-7df321e464db:c3405]
2019-07-09 09:59:26,488 INFO  client.GrpcClientProtocolClient (GrpcClientProtocolClient.java:onNext(255)) - client-CECA27ED65B5->8cac6937-780c-4459-964a-dea4dcd51fd7: receive RaftClientReply:client-CECA27ED65B5->8cac6937-780c-4459-964a-dea4dcd51fd7@group-D84C501198B9, cid=2324, SUCCESS, logIndex=3408, commits[8cac6937-780c-4459-964a-dea4dcd51fd7:c3411, 9ed8676d-9460-465d-9905-fd43a52295f6:c3407, da64134c-6992-4903-9407-7df321e464db:c3407]
2019-07-09 09:59:26,488 INFO  client.GrpcClientProtocolClient (GrpcClientProtocolClient.java:onNext(255)) - client-CECA27ED65B5->8cac6937-780c-4459-964a-dea4dcd51fd7: receive RaftClientReply:client-CECA27ED65B5->8cac6937-780c-4459-964a-dea4dcd51fd7@group-D84C501198B9, cid=2325, SUCCESS, logIndex=3409, commits[8cac6937-780c-4459-964a-dea4dcd51fd7:c3411, 9ed8676d-9460-465d-9905-fd43a52295f6:c3407, da64134c-6992-4903-9407-7df321e464db:c3407]
2019-07-09 09:59:26,489 INFO  client.GrpcClientProtocolClient (GrpcClientProtocolClient.java:onNext(255)) - client-CECA27ED65B5->8cac6937-780c-4459-964a-dea4dcd51fd7: receive RaftClientReply:client-CECA27ED65B5->8cac6937-780c-4459-964a-dea4dcd51fd7@group-D84C501198B9, cid=2326, SUCCESS, logIndex=3410, commits[8cac6937-780c-4459-964a-dea4dcd51fd7:c3411, 9ed8676d-9460-465d-9905-fd43a52295f6:c3407, da64134c-6992-4903-9407-7df321e464db:c3407]
2019-07-09 09:59:26,489 INFO  client.GrpcClientProtocolClient (GrpcClientProtocolClient.java:onNext(255)) - client-CECA27ED65B5->8cac6937-780c-4459-964a-dea4dcd51fd7: receive RaftClientReply:client-CECA27ED65B5->8cac6937-780c-4459-964a-dea4dcd51fd7@group-D84C501198B9, cid=2327, SUCCESS, logIndex=3411, commits[8cac6937-780c-4459-964a-dea4dcd51fd7:c3411, 9ed8676d-9460-465d-9905-fd43a52295f6:c3407, da64134c-6992-4903-9407-7df321e464db:c3407]
2019-07-09 09:59:26,490 INFO  client.GrpcClientProtocolClient (GrpcClientProtocolClient.java:onNext(255)) - client-CECA27ED65B5->8cac6937-780c-4459-964a-dea4dcd51fd7: receive RaftClientReply:client-CECA27ED65B5->8cac6937-780c-4459-964a-dea4dcd51fd7@group-D84C501198B9, cid=2328, SUCCESS, logIndex=0, commits[8cac6937-780c-4459-964a-dea4dcd51fd7:c3412, 9ed8676d-9460-465d-9905-fd43a52295f6:c3409, da64134c-6992-4903-9407-7df321e464db:c3409]
2019-07-09 09:59:26,510 INFO  client.GrpcClientProtocolClient (GrpcClientProtocolClient.java:onNext(255)) - client-CECA27ED65B5->8cac6937-780c-4459-964a-dea4dcd51fd7: receive RaftClientReply:client-CECA27ED65B5->8cac6937-780c-4459-964a-dea4dcd51fd7@group-D84C501198B9, cid=2329, SUCCESS, logIndex=3414, commits[8cac6937-780c-4459-964a-dea4dcd51fd7:c3415, 9ed8676d-9460-465d-9905-fd43a52295f6:c3413, da64134c-6992-4903-9407-7df321e464db:c3413]
2019-07-09 09:59:26,510 INFO  client.GrpcClientProtocolClient (GrpcClientProtocolClient.java:onNext(255)) - client-CECA27ED65B5->8cac6937-780c-4459-964a-dea4dcd51fd7: receive RaftClientReply:client-CECA27ED65B5->8cac6937-780c-4459-964a-dea4dcd51fd7@group-D84C501198B9, cid=2330, SUCCESS, logIndex=3415, commits[8cac6937-780c-4459-964a-dea4dcd51fd7:c3415, 9ed8676d-9460-465d-9905-fd43a52295f6:c3413, da64134c-6992-4903-9407-7df321e464db:c3413]
2019-07-09 09:59:26,523 INFO  client.GrpcClientProtocolClient (GrpcClientProtocolClient.java:onNext(255)) - client-CECA27ED65B5->8cac6937-780c-4459-964a-dea4dcd51fd7: receive RaftClientReply:client-CECA27ED65B5->8cac6937-780c-4459-964a-dea4dcd51fd7@group-D84C501198B9, cid=2331, SUCCESS, logIndex=3418, commits[8cac6937-780c-4459-964a-dea4dcd51fd7:c3419, 9ed8676d-9460-465d-9905-fd43a52295f6:c3415, da64134c-6992-4903-9407-7df321e464db:c3415]
2019-07-09 09:59:26,524 INFO  client.GrpcClientProtocolClient (GrpcClientProtocolClient.java:onNext(255)) - client-CECA27ED65B5->8cac6937-780c-4459-964a-dea4dcd51fd7: receive RaftClientReply:client-CECA27ED65B5->8cac6937-780c-4459-964a-dea4dcd51fd7@group-D84C501198B9, cid=2332, SUCCESS, logIndex=3419, commits[8cac6937-780c-4459-964a-dea4dcd51fd7:c3419, 9ed8676d-9460-465d-9905-fd43a52295f6:c3415, da64134c-6992-4903-9407-7df321e464db:c3415]
2019-07-09 09:59:26,536 INFO  client.GrpcClientProtocolClient (GrpcClientProtocolClient.java:onNext(255)) - client-CECA27ED65B5->8cac6937-780c-4459-964a-dea4dcd51fd7: receive RaftClientReply:client-CECA27ED65B5->8cac6937-780c-4459-964a-dea4dcd51fd7@group-D84C501198B9, cid=2333, SUCCESS, logIndex=0, commits[8cac6937-780c-4459-964a-dea4dcd51fd7:c3421, 9ed8676d-9460-465d-9905-fd43a52295f6:c3419, da64134c-6992-4903-9407-7df321e464db:c3419]
2019-07-09 09:59:26,570 INFO  client.GrpcClientProtocolClient (GrpcClientProtocolClient.java:onNext(255)) - client-CECA27ED65B5->8cac6937-780c-4459-964a-dea4dcd51fd7: receive RaftClientReply:client-CECA27ED65B5->8cac6937-780c-4459-964a-dea4dcd51fd7@group-D84C501198B9, cid=2334, SUCCESS, logIndex=3422, commits[8cac6937-780c-4459-964a-dea4dcd51fd7:c3423, 9ed8676d-9460-465d-9905-fd43a52295f6:c3421, da64134c-6992-4903-9407-7df321e464db:c3421]
2019-07-09 09:59:26,570 INFO  client.GrpcClientProtocolClient (GrpcClientProtocolClient.java:onNext(255)) - client-CECA27ED65B5->8cac6937-780c-4459-964a-dea4dcd51fd7: receive RaftClientReply:client-CECA27ED65B5->8cac6937-780c-4459-964a-dea4dcd51fd7@group-D84C501198B9, cid=2335, SUCCESS, logIndex=3423, commits[8cac6937-780c-4459-964a-dea4dcd51fd7:c3423, 9ed8676d-9460-465d-9905-fd43a52295f6:c3421, da64134c-6992-4903-9407-7df321e464db:c3421]
2019-07-09 09:59:26,581 INFO  client.GrpcClientProtocolClient (GrpcClientProtocolClient.java:onNext(255)) - client-CECA27ED65B5->8cac6937-780c-4459-964a-dea4dcd51fd7: receive RaftClientReply:client-CECA27ED65B5->8cac6937-780c-4459-964a-dea4dcd51fd7@group-D84C501198B9, cid=2336, SUCCESS, logIndex=3424, commits[8cac6937-780c-4459-964a-dea4dcd51fd7:c3425, 9ed8676d-9460-465d-9905-fd43a52295f6:c3421, da64134c-6992-4903-9407-7df321e464db:c3421]
2019-07-09 09:59:26,582 INFO  client.GrpcClientProtocolClient (GrpcClientProtocolClient.java:onNext(255)) - client-CECA27ED65B5->8cac6937-780c-4459-964a-dea4dcd51fd7: receive RaftClientReply:client-CECA27ED65B5->8cac6937-780c-4459-964a-dea4dcd51fd7@group-D84C501198B9, cid=2337, SUCCESS, logIndex=3425, commits[8cac6937-780c-4459-964a-dea4dcd51fd7:c3425, 9ed8676d-9460-465d-9905-fd43a52295f6:c3421, da64134c-6992-4903-9407-7df321e464db:c3421]
2019-07-09 09:59:26,584 INFO  client.GrpcClientProtocolClient (GrpcClientProtocolClient.java:onNext(255)) - client-CECA27ED65B5->8cac6937-780c-4459-964a-dea4dcd51fd7: receive RaftClientReply:client-CECA27ED65B5->8cac6937-780c-4459-964a-dea4dcd51fd7@group-D84C501198B9, cid=2338, SUCCESS, logIndex=0, commits[8cac6937-780c-4459-964a-dea4dcd51fd7:c3427, 9ed8676d-9460-465d-9905-fd43a52295f6:c3423, da64134c-6992-4903-9407-7df321e464db:c3423]
2019-07-09 09:59:26,597 INFO  client.GrpcClientProtocolClient (GrpcClientProtocolClient.java:onNext(255)) - client-CECA27ED65B5->8cac6937-780c-4459-964a-dea4dcd51fd7: receive RaftClientReply:client-CECA27ED65B5->8cac6937-780c-4459-964a-dea4dcd51fd7@group-D84C501198B9, cid=2339, SUCCESS, logIndex=3430, commits[8cac6937-780c-4459-964a-dea4dcd51fd7:c3431, 9ed8676d-9460-465d-9905-fd43a52295f6:c3427, da64134c-6992-4903-9407-7df321e464db:c3427]
2019-07-09 09:59:26,597 INFO  client.GrpcClientProtocolClient (GrpcClientProtocolClient.java:onNext(255)) - client-CECA27ED65B5->8cac6937-780c-4459-964a-dea4dcd51fd7: receive RaftClientReply:client-CECA27ED65B5->8cac6937-780c-4459-964a-dea4dcd51fd7@group-D84C501198B9, cid=2340, SUCCESS, logIndex=3431, commits[8cac6937-780c-4459-964a-dea4dcd51fd7:c3431, 9ed8676d-9460-465d-9905-fd43a52295f6:c3427, da64134c-6992-4903-9407-7df321e464db:c3427]
2019-07-09 09:59:26,612 INFO  client.GrpcClientProtocolClient (GrpcClientProtocolClient.java:onNext(255)) - client-CECA27ED65B5->8cac6937-780c-4459-964a-dea4dcd51fd7: receive RaftClientReply:client-CECA27ED65B5->8cac6937-780c-4459-964a-dea4dcd51fd7@group-D84C501198B9, cid=2341, SUCCESS, logIndex=3434, commits[8cac6937-780c-4459-964a-dea4dcd51fd7:c3434, 9ed8676d-9460-465d-9905-fd43a52295f6:c3431, da64134c-6992-4903-9407-7df321e464db:c3431]
2019-07-09 09:59:26,612 INFO  client.GrpcClientProtocolClient (GrpcClientProtocolClient.java:onNext(255)) - client-CECA27ED65B5->8cac6937-780c-4459-964a-dea4dcd51fd7: receive RaftClientReply:client-CECA27ED65B5->8cac6937-780c-4459-964a-dea4dcd51fd7@group-D84C501198B9, cid=2342, SUCCESS, logIndex=3435, commits[8cac6937-780c-4459-964a-dea4dcd51fd7:c3435, 9ed8676d-9460-465d-9905-fd43a52295f6:c3431, da64134c-6992-4903-9407-7df321e464db:c3431]
2019-07-09 09:59:26,624 INFO  client.GrpcClientProtocolClient (GrpcClientProtocolClient.java:onNext(255)) - client-CECA27ED65B5->8cac6937-780c-4459-964a-dea4dcd51fd7: receive RaftClientReply:client-CECA27ED65B5->8cac6937-780c-4459-964a-dea4dcd51fd7@group-D84C501198B9, cid=2343, SUCCESS, logIndex=0, commits[8cac6937-780c-4459-964a-dea4dcd51fd7:c3437, 9ed8676d-9460-465d-9905-fd43a52295f6:c3435, da64134c-6992-4903-9407-7df321e464db:c3435]
2019-07-09 09:59:26,653 INFO  client.GrpcClientProtocolClient (GrpcClientProtocolClient.java:onNext(255)) - client-CECA27ED65B5->8cac6937-780c-4459-964a-dea4dcd51fd7: receive RaftClientReply:client-CECA27ED65B5->8cac6937-780c-4459-964a-dea4dcd51fd7@group-D84C501198B9, cid=2344, SUCCESS, logIndex=3438, commits[8cac6937-780c-4459-964a-dea4dcd51fd7:c3441, 9ed8676d-9460-465d-9905-fd43a52295f6:c3437, da64134c-6992-4903-9407-7df321e464db:c3437]
2019-07-09 09:59:26,653 INFO  client.GrpcClientProtocolClient (GrpcClientProtocolClient.java:onNext(255)) - client-CECA27ED65B5->8cac6937-780c-4459-964a-dea4dcd51fd7: receive RaftClientReply:client-CECA27ED65B5->8cac6937-780c-4459-964a-dea4dcd51fd7@group-D84C501198B9, cid=2345, SUCCESS, logIndex=3439, commits[8cac6937-780c-4459-964a-dea4dcd51fd7:c3441, 9ed8676d-9460-465d-9905-fd43a52295f6:c3437, da64134c-6992-4903-9407-7df321e464db:c3437]
2019-07-09 09:59:26,654 INFO  client.GrpcClientProtocolClient (GrpcClientProtocolClient.java:onNext(255)) - client-CECA27ED65B5->8cac6937-780c-4459-964a-dea4dcd51fd7: receive RaftClientReply:client-CECA27ED65B5->8cac6937-780c-4459-964a-dea4dcd51fd7@group-D84C501198B9, cid=2346, SUCCESS, logIndex=3440, commits[8cac6937-780c-4459-964a-dea4dcd51fd7:c3441, 9ed8676d-9460-465d-9905-fd43a52295f6:c3437, da64134c-6992-4903-9407-7df321e464db:c3437]
2019-07-09 09:59:26,654 INFO  client.GrpcClientProtocolClient (GrpcClientProtocolClient.java:onNext(255)) - client-CECA27ED65B5->8cac6937-780c-4459-964a-dea4dcd51fd7: receive RaftClientReply:client-CECA27ED65B5->8cac6937-780c-4459-964a-dea4dcd51fd7@group-D84C501198B9, cid=2347, SUCCESS, logIndex=3441, commits[8cac6937-780c-4459-964a-dea4dcd51fd7:c3442, 9ed8676d-9460-465d-9905-fd43a52295f6:c3437, da64134c-6992-4903-9407-7df321e464db:c3438]
2019-07-09 09:59:26,655 INFO  client.GrpcClientProtocolClient (GrpcClientProtocolClient.java:onNext(255)) - client-CECA27ED65B5->8cac6937-780c-4459-964a-dea4dcd51fd7: receive RaftClientReply:client-CECA27ED65B5->8cac6937-780c-4459-964a-dea4dcd51fd7@group-D84C501198B9, cid=2348, SUCCESS, logIndex=0, commits[8cac6937-780c-4459-964a-dea4dcd51fd7:c3444, 9ed8676d-9460-465d-9905-fd43a52295f6:c3439, da64134c-6992-4903-9407-7df321e464db:c3441]
2019-07-09 09:59:26,675 INFO  client.GrpcClientProtocolClient (GrpcClientProtocolClient.java:onNext(255)) - client-CECA27ED65B5->8cac6937-780c-4459-964a-dea4dcd51fd7: receive RaftClientReply:client-CECA27ED65B5->8cac6937-780c-4459-964a-dea4dcd51fd7@group-D84C501198B9, cid=2349, SUCCESS, logIndex=3446, commits[8cac6937-780c-4459-964a-dea4dcd51fd7:c3447, 9ed8676d-9460-465d-9905-fd43a52295f6:c3445, da64134c-6992-4903-9407-7df321e464db:c3445]
2019-07-09 09:59:26,676 INFO  client.GrpcClientProtocolClient (GrpcClientProtocolClient.java:onNext(255)) - client-CECA27ED65B5->8cac6937-780c-4459-964a-dea4dcd51fd7: receive RaftClientReply:client-CECA27ED65B5->8cac6937-780c-4459-964a-dea4dcd51fd7@group-D84C501198B9, cid=2350, SUCCESS, logIndex=3447, commits[8cac6937-780c-4459-964a-dea4dcd51fd7:c3447, 9ed8676d-9460-465d-9905-fd43a52295f6:c3445, da64134c-6992-4903-9407-7df321e464db:c3445]
2019-07-09 09:59:26,690 INFO  client.GrpcClientProtocolClient (GrpcClientProtocolClient.java:onNext(255)) - client-CECA27ED65B5->8cac6937-780c-4459-964a-dea4dcd51fd7: receive RaftClientReply:client-CECA27ED65B5->8cac6937-780c-4459-964a-dea4dcd51fd7@group-D84C501198B9, cid=2351, SUCCESS, logIndex=3450, commits[8cac6937-780c-4459-964a-dea4dcd51fd7:c3451, 9ed8676d-9460-465d-9905-fd43a52295f6:c3447, da64134c-6992-4903-9407-7df321e464db:c3447]
2019-07-09 09:59:26,691 INFO  client.GrpcClientProtocolClient (GrpcClientProtocolClient.java:onNext(255)) - client-CECA27ED65B5->8cac6937-780c-4459-964a-dea4dcd51fd7: receive RaftClientReply:client-CECA27ED65B5->8cac6937-780c-4459-964a-dea4dcd51fd7@group-D84C501198B9, cid=2352, SUCCESS, logIndex=3451, commits[8cac6937-780c-4459-964a-dea4dcd51fd7:c3451, 9ed8676d-9460-465d-9905-fd43a52295f6:c3447, da64134c-6992-4903-9407-7df321e464db:c3447]
2019-07-09 09:59:26,709 INFO  client.GrpcClientProtocolClient (GrpcClientProtocolClient.java:onNext(255)) - client-CECA27ED65B5->8cac6937-780c-4459-964a-dea4dcd51fd7: receive RaftClientReply:client-CECA27ED65B5->8cac6937-780c-4459-964a-dea4dcd51fd7@group-D84C501198B9, cid=2353, SUCCESS, logIndex=0, commits[8cac6937-780c-4459-964a-dea4dcd51fd7:c3452, 9ed8676d-9460-465d-9905-fd43a52295f6:c3451, da64134c-6992-4903-9407-7df321e464db:c3451]
2019-07-09 09:59:26,734 INFO  client.GrpcClientProtocolClient (GrpcClientProtocolClient.java:onNext(255)) - client-CECA27ED65B5->8cac6937-780c-4459-964a-dea4dcd51fd7: receive RaftClientReply:client-CECA27ED65B5->8cac6937-780c-4459-964a-dea4dcd51fd7@group-D84C501198B9, cid=2354, SUCCESS, logIndex=3454, commits[8cac6937-780c-4459-964a-dea4dcd51fd7:c3455, 9ed8676d-9460-465d-9905-fd43a52295f6:c3453, da64134c-6992-4903-9407-7df321e464db:c3453]
2019-07-09 09:59:26,735 INFO  client.GrpcClientProtocolClient (GrpcClientProtocolClient.java:onNext(255)) - client-CECA27ED65B5->8cac6937-780c-4459-964a-dea4dcd51fd7: receive RaftClientReply:client-CECA27ED65B5->8cac6937-780c-4459-964a-dea4dcd51fd7@group-D84C501198B9, cid=2355, SUCCESS, logIndex=3455, commits[8cac6937-780c-4459-964a-dea4dcd51fd7:c3457, 9ed8676d-9460-465d-9905-fd43a52295f6:c3453, da64134c-6992-4903-9407-7df321e464db:c3453]
2019-07-09 09:59:26,735 INFO  client.GrpcClientProtocolClient (GrpcClientProtocolClient.java:onNext(255)) - client-CECA27ED65B5->8cac6937-780c-4459-964a-dea4dcd51fd7: receive RaftClientReply:client-CECA27ED65B5->8cac6937-780c-4459-964a-dea4dcd51fd7@group-D84C501198B9, cid=2356, SUCCESS, logIndex=3456, commits[8cac6937-780c-4459-964a-dea4dcd51fd7:c3457, 9ed8676d-9460-465d-9905-fd43a52295f6:c3453, da64134c-6992-4903-9407-7df321e464db:c3453]
2019-07-09 09:59:26,736 INFO  client.GrpcClientProtocolClient (GrpcClientProtocolClient.java:onNext(255)) - client-CECA27ED65B5->8cac6937-780c-4459-964a-dea4dcd51fd7: receive RaftClientReply:client-CECA27ED65B5->8cac6937-780c-4459-964a-dea4dcd51fd7@group-D84C501198B9, cid=2357, SUCCESS, logIndex=3457, commits[8cac6937-780c-4459-964a-dea4dcd51fd7:c3457, 9ed8676d-9460-465d-9905-fd43a52295f6:c3453, da64134c-6992-4903-9407-7df321e464db:c3453]
2019-07-09 09:59:26,737 INFO  client.GrpcClientProtocolClient (GrpcClientProtocolClient.java:onNext(255)) - client-CECA27ED65B5->8cac6937-780c-4459-964a-dea4dcd51fd7: receive RaftClientReply:client-CECA27ED65B5->8cac6937-780c-4459-964a-dea4dcd51fd7@group-D84C501198B9, cid=2358, SUCCESS, logIndex=0, commits[8cac6937-780c-4459-964a-dea4dcd51fd7:c3460, 9ed8676d-9460-465d-9905-fd43a52295f6:c3456, da64134c-6992-4903-9407-7df321e464db:c3455]
2019-07-09 09:59:26,756 INFO  client.GrpcClientProtocolClient (GrpcClientProtocolClient.java:onNext(255)) - client-CECA27ED65B5->8cac6937-780c-4459-964a-dea4dcd51fd7: receive RaftClientReply:client-CECA27ED65B5->8cac6937-780c-4459-964a-dea4dcd51fd7@group-D84C501198B9, cid=2359, SUCCESS, logIndex=3462, commits[8cac6937-780c-4459-964a-dea4dcd51fd7:c3463, 9ed8676d-9460-465d-9905-fd43a52295f6:c3461, da64134c-6992-4903-9407-7df321e464db:c3461]
2019-07-09 09:59:26,756 INFO  client.GrpcClientProtocolClient (GrpcClientProtocolClient.java:onNext(255)) - client-CECA27ED65B5->8cac6937-780c-4459-964a-dea4dcd51fd7: receive RaftClientReply:client-CECA27ED65B5->8cac6937-780c-4459-964a-dea4dcd51fd7@group-D84C501198B9, cid=2360, SUCCESS, logIndex=3463, commits[8cac6937-780c-4459-964a-dea4dcd51fd7:c3463, 9ed8676d-9460-465d-9905-fd43a52295f6:c3461, da64134c-6992-4903-9407-7df321e464db:c3461]
2019-07-09 09:59:26,769 INFO  client.GrpcClientProtocolClient (GrpcClientProtocolClient.java:onNext(255)) - client-CECA27ED65B5->8cac6937-780c-4459-964a-dea4dcd51fd7: receive RaftClientReply:client-CECA27ED65B5->8cac6937-780c-4459-964a-dea4dcd51fd7@group-D84C501198B9, cid=2361, SUCCESS, logIndex=3466, commits[8cac6937-780c-4459-964a-dea4dcd51fd7:c3466, 9ed8676d-9460-465d-9905-fd43a52295f6:c3463, da64134c-6992-4903-9407-7df321e464db:c3463]
2019-07-09 09:59:26,770 INFO  client.GrpcClientProtocolClient (GrpcClientProtocolClient.java:onNext(255)) - client-CECA27ED65B5->8cac6937-780c-4459-964a-dea4dcd51fd7: receive RaftClientReply:client-CECA27ED65B5->8cac6937-780c-4459-964a-dea4dcd51fd7@group-D84C501198B9, cid=2362, SUCCESS, logIndex=3467, commits[8cac6937-780c-4459-964a-dea4dcd51fd7:c3467, 9ed8676d-9460-465d-9905-fd43a52295f6:c3463, da64134c-6992-4903-9407-7df321e464db:c3463]
2019-07-09 09:59:26,782 INFO  client.GrpcClientProtocolClient (GrpcClientProtocolClient.java:onNext(255)) - client-CECA27ED65B5->8cac6937-780c-4459-964a-dea4dcd51fd7: receive RaftClientReply:client-CECA27ED65B5->8cac6937-780c-4459-964a-dea4dcd51fd7@group-D84C501198B9, cid=2363, SUCCESS, logIndex=0, commits[8cac6937-780c-4459-964a-dea4dcd51fd7:c3469, 9ed8676d-9460-465d-9905-fd43a52295f6:c3467, da64134c-6992-4903-9407-7df321e464db:c3467]
2019-07-09 09:59:26,810 INFO  client.GrpcClientProtocolClient (GrpcClientProtocolClient.java:onNext(255)) - client-CECA27ED65B5->8cac6937-780c-4459-964a-dea4dcd51fd7: receive RaftClientReply:client-CECA27ED65B5->8cac6937-780c-4459-964a-dea4dcd51fd7@group-D84C501198B9, cid=2364, SUCCESS, logIndex=3470, commits[8cac6937-780c-4459-964a-dea4dcd51fd7:c3471, 9ed8676d-9460-465d-9905-fd43a52295f6:c3469, da64134c-6992-4903-9407-7df321e464db:c3469]
2019-07-09 09:59:26,810 INFO  client.GrpcClientProtocolClient (GrpcClientProtocolClient.java:onNext(255)) - client-CECA27ED65B5->8cac6937-780c-4459-964a-dea4dcd51fd7: receive RaftClientReply:client-CECA27ED65B5->8cac6937-780c-4459-964a-dea4dcd51fd7@group-D84C501198B9, cid=2365, SUCCESS, logIndex=3471, commits[8cac6937-780c-4459-964a-dea4dcd51fd7:c3473, 9ed8676d-9460-465d-9905-fd43a52295f6:c3469, da64134c-6992-4903-9407-7df321e464db:c3469]
2019-07-09 09:59:26,811 INFO  client.GrpcClientProtocolClient (GrpcClientProtocolClient.java:onNext(255)) - client-CECA27ED65B5->8cac6937-780c-4459-964a-dea4dcd51fd7: receive RaftClientReply:client-CECA27ED65B5->8cac6937-780c-4459-964a-dea4dcd51fd7@group-D84C501198B9, cid=2366, SUCCESS, logIndex=3472, commits[8cac6937-780c-4459-964a-dea4dcd51fd7:c3473, 9ed8676d-9460-465d-9905-fd43a52295f6:c3469, da64134c-6992-4903-9407-7df321e464db:c3469]
2019-07-09 09:59:26,811 INFO  client.GrpcClientProtocolClient (GrpcClientProtocolClient.java:onNext(255)) - client-CECA27ED65B5->8cac6937-780c-4459-964a-dea4dcd51fd7: receive RaftClientReply:client-CECA27ED65B5->8cac6937-780c-4459-964a-dea4dcd51fd7@group-D84C501198B9, cid=2367, SUCCESS, logIndex=3473, commits[8cac6937-780c-4459-964a-dea4dcd51fd7:c3474, 9ed8676d-9460-465d-9905-fd43a52295f6:c3469, da64134c-6992-4903-9407-7df321e464db:c3470]
2019-07-09 09:59:26,825 INFO  client.GrpcClientProtocolClient (GrpcClientProtocolClient.java:onNext(255)) - client-CECA27ED65B5->8cac6937-780c-4459-964a-dea4dcd51fd7: receive RaftClientReply:client-CECA27ED65B5->8cac6937-780c-4459-964a-dea4dcd51fd7@group-D84C501198B9, cid=2368, SUCCESS, logIndex=0, commits[8cac6937-780c-4459-964a-dea4dcd51fd7:c3475, 9ed8676d-9460-465d-9905-fd43a52295f6:c3471, da64134c-6992-4903-9407-7df321e464db:c3473]
2019-07-09 09:59:26,844 INFO  client.GrpcClientProtocolClient (GrpcClientProtocolClient.java:onNext(255)) - client-CECA27ED65B5->8cac6937-780c-4459-964a-dea4dcd51fd7: receive RaftClientReply:client-CECA27ED65B5->8cac6937-780c-4459-964a-dea4dcd51fd7@group-D84C501198B9, cid=2369, SUCCESS, logIndex=3477, commits[8cac6937-780c-4459-964a-dea4dcd51fd7:c3478, 9ed8676d-9460-465d-9905-fd43a52295f6:c3476, da64134c-6992-4903-9407-7df321e464db:c3476]
2019-07-09 09:59:26,845 INFO  client.GrpcClientProtocolClient (GrpcClientProtocolClient.java:onNext(255)) - client-CECA27ED65B5->8cac6937-780c-4459-964a-dea4dcd51fd7: receive RaftClientReply:client-CECA27ED65B5->8cac6937-780c-4459-964a-dea4dcd51fd7@group-D84C501198B9, cid=2370, SUCCESS, logIndex=3478, commits[8cac6937-780c-4459-964a-dea4dcd51fd7:c3478, 9ed8676d-9460-465d-9905-fd43a52295f6:c3476, da64134c-6992-4903-9407-7df321e464db:c3476]
2019-07-09 09:59:26,857 INFO  client.GrpcClientProtocolClient (GrpcClientProtocolClient.java:onNext(255)) - client-CECA27ED65B5->8cac6937-780c-4459-964a-dea4dcd51fd7: receive RaftClientReply:client-CECA27ED65B5->8cac6937-780c-4459-964a-dea4dcd51fd7@group-D84C501198B9, cid=2371, SUCCESS, logIndex=3481, commits[8cac6937-780c-4459-964a-dea4dcd51fd7:c3482, 9ed8676d-9460-465d-9905-fd43a52295f6:c3478, da64134c-6992-4903-9407-7df321e464db:c3477]
2019-07-09 09:59:26,858 INFO  client.GrpcClientProtocolClient (GrpcClientProtocolClient.java:onNext(255)) - client-CECA27ED65B5->8cac6937-780c-4459-964a-dea4dcd51fd7: receive RaftClientReply:client-CECA27ED65B5->8cac6937-780c-4459-964a-dea4dcd51fd7@group-D84C501198B9, cid=2372, SUCCESS, logIndex=3482, commits[8cac6937-780c-4459-964a-dea4dcd51fd7:c3482, 9ed8676d-9460-465d-9905-fd43a52295f6:c3478, da64134c-6992-4903-9407-7df321e464db:c3478]
2019-07-09 09:59:26,869 INFO  client.GrpcClientProtocolClient (GrpcClientProtocolClient.java:onNext(255)) - client-CECA27ED65B5->8cac6937-780c-4459-964a-dea4dcd51fd7: receive RaftClientReply:client-CECA27ED65B5->8cac6937-780c-4459-964a-dea4dcd51fd7@group-D84C501198B9, cid=2373, SUCCESS, logIndex=0, commits[8cac6937-780c-4459-964a-dea4dcd51fd7:c3483, 9ed8676d-9460-465d-9905-fd43a52295f6:c3482, da64134c-6992-4903-9407-7df321e464db:c3482]
2019-07-09 09:59:26,897 INFO  client.GrpcClientProtocolClient (GrpcClientProtocolClient.java:onNext(255)) - client-CECA27ED65B5->8cac6937-780c-4459-964a-dea4dcd51fd7: receive RaftClientReply:client-CECA27ED65B5->8cac6937-780c-4459-964a-dea4dcd51fd7@group-D84C501198B9, cid=2374, SUCCESS, logIndex=3484, commits[8cac6937-780c-4459-964a-dea4dcd51fd7:c3487, 9ed8676d-9460-465d-9905-fd43a52295f6:c3483, da64134c-6992-4903-9407-7df321e464db:c3483]
2019-07-09 09:59:26,898 INFO  client.GrpcClientProtocolClient (GrpcClientProtocolClient.java:onNext(255)) - client-CECA27ED65B5->8cac6937-780c-4459-964a-dea4dcd51fd7: receive RaftClientReply:client-CECA27ED65B5->8cac6937-780c-4459-964a-dea4dcd51fd7@group-D84C501198B9, cid=2375, SUCCESS, logIndex=3485, commits[8cac6937-780c-4459-964a-dea4dcd51fd7:c3487, 9ed8676d-9460-465d-9905-fd43a52295f6:c3483, da64134c-6992-4903-9407-7df321e464db:c3483]
2019-07-09 09:59:26,898 INFO  client.GrpcClientProtocolClient (GrpcClientProtocolClient.java:onNext(255)) - client-CECA27ED65B5->8cac6937-780c-4459-964a-dea4dcd51fd7: receive RaftClientReply:client-CECA27ED65B5->8cac6937-780c-4459-964a-dea4dcd51fd7@group-D84C501198B9, cid=2376, SUCCESS, logIndex=3486, commits[8cac6937-780c-4459-964a-dea4dcd51fd7:c3488, 9ed8676d-9460-465d-9905-fd43a52295f6:c3484, da64134c-6992-4903-9407-7df321e464db:c3484]
2019-07-09 09:59:26,899 INFO  client.GrpcClientProtocolClient (GrpcClientProtocolClient.java:onNext(255)) - client-CECA27ED65B5->8cac6937-780c-4459-964a-dea4dcd51fd7: receive RaftClientReply:client-CECA27ED65B5->8cac6937-780c-4459-964a-dea4dcd51fd7@group-D84C501198B9, cid=2377, SUCCESS, logIndex=3487, commits[8cac6937-780c-4459-964a-dea4dcd51fd7:c3489, 9ed8676d-9460-465d-9905-fd43a52295f6:c3484, da64134c-6992-4903-9407-7df321e464db:c3485]
2019-07-09 09:59:26,900 INFO  client.GrpcClientProtocolClient (GrpcClientProtocolClient.java:onNext(255)) - client-CECA27ED65B5->8cac6937-780c-4459-964a-dea4dcd51fd7: receive RaftClientReply:client-CECA27ED65B5->8cac6937-780c-4459-964a-dea4dcd51fd7@group-D84C501198B9, cid=2378, SUCCESS, logIndex=0, commits[8cac6937-780c-4459-964a-dea4dcd51fd7:c3491, 9ed8676d-9460-465d-9905-fd43a52295f6:c3487, da64134c-6992-4903-9407-7df321e464db:c3487]
2019-07-09 09:59:26,919 INFO  client.GrpcClientProtocolClient (GrpcClientProtocolClient.java:onNext(255)) - client-CECA27ED65B5->8cac6937-780c-4459-964a-dea4dcd51fd7: receive RaftClientReply:client-CECA27ED65B5->8cac6937-780c-4459-964a-dea4dcd51fd7@group-D84C501198B9, cid=2379, SUCCESS, logIndex=3492, commits[8cac6937-780c-4459-964a-dea4dcd51fd7:c3493, 9ed8676d-9460-465d-9905-fd43a52295f6:c3491, da64134c-6992-4903-9407-7df321e464db:c3491]
2019-07-09 09:59:26,919 INFO  client.GrpcClientProtocolClient (GrpcClientProtocolClient.java:onNext(255)) - client-CECA27ED65B5->8cac6937-780c-4459-964a-dea4dcd51fd7: receive RaftClientReply:client-CECA27ED65B5->8cac6937-780c-4459-964a-dea4dcd51fd7@group-D84C501198B9, cid=2380, SUCCESS, logIndex=3493, commits[8cac6937-780c-4459-964a-dea4dcd51fd7:c3493, 9ed8676d-9460-465d-9905-fd43a52295f6:c3491, da64134c-6992-4903-9407-7df321e464db:c3491]
2019-07-09 09:59:26,933 INFO  client.GrpcClientProtocolClient (GrpcClientProtocolClient.java:onNext(255)) - client-CECA27ED65B5->8cac6937-780c-4459-964a-dea4dcd51fd7: receive RaftClientReply:client-CECA27ED65B5->8cac6937-780c-4459-964a-dea4dcd51fd7@group-D84C501198B9, cid=2381, SUCCESS, logIndex=3496, commits[8cac6937-780c-4459-964a-dea4dcd51fd7:c3496, 9ed8676d-9460-465d-9905-fd43a52295f6:c3493, da64134c-6992-4903-9407-7df321e464db:c3493]
2019-07-09 09:59:26,933 INFO  client.GrpcClientProtocolClient (GrpcClientProtocolClient.java:onNext(255)) - client-CECA27ED65B5->8cac6937-780c-4459-964a-dea4dcd51fd7: receive RaftClientReply:client-CECA27ED65B5->8cac6937-780c-4459-964a-dea4dcd51fd7@group-D84C501198B9, cid=2382, SUCCESS, logIndex=3497, commits[8cac6937-780c-4459-964a-dea4dcd51fd7:c3497, 9ed8676d-9460-465d-9905-fd43a52295f6:c3493, da64134c-6992-4903-9407-7df321e464db:c3493]
2019-07-09 09:59:26,947 INFO  client.GrpcClientProtocolClient (GrpcClientProtocolClient.java:onNext(255)) - client-CECA27ED65B5->8cac6937-780c-4459-964a-dea4dcd51fd7: receive RaftClientReply:client-CECA27ED65B5->8cac6937-780c-4459-964a-dea4dcd51fd7@group-D84C501198B9, cid=2383, SUCCESS, logIndex=0, commits[8cac6937-780c-4459-964a-dea4dcd51fd7:c3499, 9ed8676d-9460-465d-9905-fd43a52295f6:c3497, da64134c-6992-4903-9407-7df321e464db:c3497]
2019-07-09 09:59:26,971 INFO  client.GrpcClientProtocolClient (GrpcClientProtocolClient.java:onNext(255)) - client-CECA27ED65B5->8cac6937-780c-4459-964a-dea4dcd51fd7: receive RaftClientReply:client-CECA27ED65B5->8cac6937-780c-4459-964a-dea4dcd51fd7@group-D84C501198B9, cid=2384, SUCCESS, logIndex=3500, commits[8cac6937-780c-4459-964a-dea4dcd51fd7:c3503, 9ed8676d-9460-465d-9905-fd43a52295f6:c3499, da64134c-6992-4903-9407-7df321e464db:c3499]
2019-07-09 09:59:26,971 INFO  client.GrpcClientProtocolClient (GrpcClientProtocolClient.java:onNext(255)) - client-CECA27ED65B5->8cac6937-780c-4459-964a-dea4dcd51fd7: receive RaftClientReply:client-CECA27ED65B5->8cac6937-780c-4459-964a-dea4dcd51fd7@group-D84C501198B9, cid=2385, SUCCESS, logIndex=3501, commits[8cac6937-780c-4459-964a-dea4dcd51fd7:c3503, 9ed8676d-9460-465d-9905-fd43a52295f6:c3499, da64134c-6992-4903-9407-7df321e464db:c3499]
2019-07-09 09:59:26,971 INFO  client.GrpcClientProtocolClient (GrpcClientProtocolClient.java:onNext(255)) - client-CECA27ED65B5->8cac6937-780c-4459-964a-dea4dcd51fd7: receive RaftClientReply:client-CECA27ED65B5->8cac6937-780c-4459-964a-dea4dcd51fd7@group-D84C501198B9, cid=2386, SUCCESS, logIndex=3502, commits[8cac6937-780c-4459-964a-dea4dcd51fd7:c3503, 9ed8676d-9460-465d-9905-fd43a52295f6:c3499, da64134c-6992-4903-9407-7df321e464db:c3499]
2019-07-09 09:59:26,972 INFO  client.GrpcClientProtocolClient (GrpcClientProtocolClient.java:onNext(255)) - client-CECA27ED65B5->8cac6937-780c-4459-964a-dea4dcd51fd7: receive RaftClientReply:client-CECA27ED65B5->8cac6937-780c-4459-964a-dea4dcd51fd7@group-D84C501198B9, cid=2387, SUCCESS, logIndex=3503, commits[8cac6937-780c-4459-964a-dea4dcd51fd7:c3503, 9ed8676d-9460-465d-9905-fd43a52295f6:c3499, da64134c-6992-4903-9407-7df321e464db:c3499]
2019-07-09 09:59:26,973 INFO  client.GrpcClientProtocolClient (GrpcClientProtocolClient.java:onNext(255)) - client-CECA27ED65B5->8cac6937-780c-4459-964a-dea4dcd51fd7: receive RaftClientReply:client-CECA27ED65B5->8cac6937-780c-4459-964a-dea4dcd51fd7@group-D84C501198B9, cid=2388, SUCCESS, logIndex=0, commits[8cac6937-780c-4459-964a-dea4dcd51fd7:c3504, 9ed8676d-9460-465d-9905-fd43a52295f6:c3501, da64134c-6992-4903-9407-7df321e464db:c3501]
2019-07-09 09:59:27,007 INFO  client.GrpcClientProtocolClient (GrpcClientProtocolClient.java:onNext(255)) - client-CECA27ED65B5->8cac6937-780c-4459-964a-dea4dcd51fd7: receive RaftClientReply:client-CECA27ED65B5->8cac6937-780c-4459-964a-dea4dcd51fd7@group-D84C501198B9, cid=2389, SUCCESS, logIndex=3507, commits[8cac6937-780c-4459-964a-dea4dcd51fd7:c3508, 9ed8676d-9460-465d-9905-fd43a52295f6:c3506, da64134c-6992-4903-9407-7df321e464db:c3506]
2019-07-09 09:59:27,007 INFO  client.GrpcClientProtocolClient (GrpcClientProtocolClient.java:onNext(255)) - client-CECA27ED65B5->8cac6937-780c-4459-964a-dea4dcd51fd7: receive RaftClientReply:client-CECA27ED65B5->8cac6937-780c-4459-964a-dea4dcd51fd7@group-D84C501198B9, cid=2390, SUCCESS, logIndex=3508, commits[8cac6937-780c-4459-964a-dea4dcd51fd7:c3508, 9ed8676d-9460-465d-9905-fd43a52295f6:c3506, da64134c-6992-4903-9407-7df321e464db:c3506]
2019-07-09 09:59:27,021 INFO  client.GrpcClientProtocolClient (GrpcClientProtocolClient.java:onNext(255)) - client-CECA27ED65B5->8cac6937-780c-4459-964a-dea4dcd51fd7: receive RaftClientReply:client-CECA27ED65B5->8cac6937-780c-4459-964a-dea4dcd51fd7@group-D84C501198B9, cid=2391, SUCCESS, logIndex=3511, commits[8cac6937-780c-4459-964a-dea4dcd51fd7:c3512, 9ed8676d-9460-465d-9905-fd43a52295f6:c3508, da64134c-6992-4903-9407-7df321e464db:c3508]
2019-07-09 09:59:27,022 INFO  client.GrpcClientProtocolClient (GrpcClientProtocolClient.java:onNext(255)) - client-CECA27ED65B5->8cac6937-780c-4459-964a-dea4dcd51fd7: receive RaftClientReply:client-CECA27ED65B5->8cac6937-780c-4459-964a-dea4dcd51fd7@group-D84C501198B9, cid=2392, SUCCESS, logIndex=3512, commits[8cac6937-780c-4459-964a-dea4dcd51fd7:c3512, 9ed8676d-9460-465d-9905-fd43a52295f6:c3508, da64134c-6992-4903-9407-7df321e464db:c3508]
2019-07-09 09:59:27,023 INFO  client.GrpcClientProtocolClient (GrpcClientProtocolClient.java:onNext(255)) - client-CECA27ED65B5->8cac6937-780c-4459-964a-dea4dcd51fd7: receive RaftClientReply:client-CECA27ED65B5->8cac6937-780c-4459-964a-dea4dcd51fd7@group-D84C501198B9, cid=2393, SUCCESS, logIndex=0, commits[8cac6937-780c-4459-964a-dea4dcd51fd7:c3513, 9ed8676d-9460-465d-9905-fd43a52295f6:c3512, da64134c-6992-4903-9407-7df321e464db:c3512]
2019-07-09 09:59:27,049 INFO  client.GrpcClientProtocolClient (GrpcClientProtocolClient.java:onNext(255)) - client-CECA27ED65B5->8cac6937-780c-4459-964a-dea4dcd51fd7: receive RaftClientReply:client-CECA27ED65B5->8cac6937-780c-4459-964a-dea4dcd51fd7@group-D84C501198B9, cid=2394, SUCCESS, logIndex=3515, commits[8cac6937-780c-4459-964a-dea4dcd51fd7:c3516, 9ed8676d-9460-465d-9905-fd43a52295f6:c3514, da64134c-6992-4903-9407-7df321e464db:c3514]
2019-07-09 09:59:27,050 INFO  client.GrpcClientProtocolClient (GrpcClientProtocolClient.java:onNext(255)) - client-CECA27ED65B5->8cac6937-780c-4459-964a-dea4dcd51fd7: receive RaftClientReply:client-CECA27ED65B5->8cac6937-780c-4459-964a-dea4dcd51fd7@group-D84C501198B9, cid=2395, SUCCESS, logIndex=3516, commits[8cac6937-780c-4459-964a-dea4dcd51fd7:c3516, 9ed8676d-9460-465d-9905-fd43a52295f6:c3514, da64134c-6992-4903-9407-7df321e464db:c3514]
2019-07-09 09:59:27,050 INFO  client.GrpcClientProtocolClient (GrpcClientProtocolClient.java:onNext(255)) - client-CECA27ED65B5->8cac6937-780c-4459-964a-dea4dcd51fd7: receive RaftClientReply:client-CECA27ED65B5->8cac6937-780c-4459-964a-dea4dcd51fd7@group-D84C501198B9, cid=2396, SUCCESS, logIndex=3517, commits[8cac6937-780c-4459-964a-dea4dcd51fd7:c3518, 9ed8676d-9460-465d-9905-fd43a52295f6:c3514, da64134c-6992-4903-9407-7df321e464db:c3514]
2019-07-09 09:59:27,050 INFO  client.GrpcClientProtocolClient (GrpcClientProtocolClient.java:onNext(255)) - client-CECA27ED65B5->8cac6937-780c-4459-964a-dea4dcd51fd7: receive RaftClientReply:client-CECA27ED65B5->8cac6937-780c-4459-964a-dea4dcd51fd7@group-D84C501198B9, cid=2397, SUCCESS, logIndex=3518, commits[8cac6937-780c-4459-964a-dea4dcd51fd7:c3518, 9ed8676d-9460-465d-9905-fd43a52295f6:c3514, da64134c-6992-4903-9407-7df321e464db:c3514]
2019-07-09 09:59:27,052 INFO  client.GrpcClientProtocolClient (GrpcClientProtocolClient.java:onNext(255)) - client-CECA27ED65B5->8cac6937-780c-4459-964a-dea4dcd51fd7: receive RaftClientReply:client-CECA27ED65B5->8cac6937-780c-4459-964a-dea4dcd51fd7@group-D84C501198B9, cid=2398, SUCCESS, logIndex=0, commits[8cac6937-780c-4459-964a-dea4dcd51fd7:c3520, 9ed8676d-9460-465d-9905-fd43a52295f6:c3516, da64134c-6992-4903-9407-7df321e464db:c3516]
2019-07-09 09:59:27,071 INFO  client.GrpcClientProtocolClient (GrpcClientProtocolClient.java:onNext(255)) - client-CECA27ED65B5->8cac6937-780c-4459-964a-dea4dcd51fd7: receive RaftClientReply:client-CECA27ED65B5->8cac6937-780c-4459-964a-dea4dcd51fd7@group-D84C501198B9, cid=2399, SUCCESS, logIndex=3523, commits[8cac6937-780c-4459-964a-dea4dcd51fd7:c3524, 9ed8676d-9460-465d-9905-fd43a52295f6:c3522, da64134c-6992-4903-9407-7df321e464db:c3522]
2019-07-09 09:59:27,072 INFO  client.GrpcClientProtocolClient (GrpcClientProtocolClient.java:onNext(255)) - client-CECA27ED65B5->8cac6937-780c-4459-964a-dea4dcd51fd7: receive RaftClientReply:client-CECA27ED65B5->8cac6937-780c-4459-964a-dea4dcd51fd7@group-D84C501198B9, cid=2400, SUCCESS, logIndex=3524, commits[8cac6937-780c-4459-964a-dea4dcd51fd7:c3524, 9ed8676d-9460-465d-9905-fd43a52295f6:c3522, da64134c-6992-4903-9407-7df321e464db:c3522]
2019-07-09 09:59:27,085 INFO  client.GrpcClientProtocolClient (GrpcClientProtocolClient.java:onNext(255)) - client-CECA27ED65B5->8cac6937-780c-4459-964a-dea4dcd51fd7: receive RaftClientReply:client-CECA27ED65B5->8cac6937-780c-4459-964a-dea4dcd51fd7@group-D84C501198B9, cid=2401, SUCCESS, logIndex=3527, commits[8cac6937-780c-4459-964a-dea4dcd51fd7:c3528, 9ed8676d-9460-465d-9905-fd43a52295f6:c3524, da64134c-6992-4903-9407-7df321e464db:c3524]
2019-07-09 09:59:27,085 INFO  client.GrpcClientProtocolClient (GrpcClientProtocolClient.java:onNext(255)) - client-CECA27ED65B5->8cac6937-780c-4459-964a-dea4dcd51fd7: receive RaftClientReply:client-CECA27ED65B5->8cac6937-780c-4459-964a-dea4dcd51fd7@group-D84C501198B9, cid=2402, SUCCESS, logIndex=3528, commits[8cac6937-780c-4459-964a-dea4dcd51fd7:c3528, 9ed8676d-9460-465d-9905-fd43a52295f6:c3524, da64134c-6992-4903-9407-7df321e464db:c3524]
2019-07-09 09:59:27,098 INFO  client.GrpcClientProtocolClient (GrpcClientProtocolClient.java:onNext(255)) - client-CECA27ED65B5->8cac6937-780c-4459-964a-dea4dcd51fd7: receive RaftClientReply:client-CECA27ED65B5->8cac6937-780c-4459-964a-dea4dcd51fd7@group-D84C501198B9, cid=2403, SUCCESS, logIndex=0, commits[8cac6937-780c-4459-964a-dea4dcd51fd7:c3529, 9ed8676d-9460-465d-9905-fd43a52295f6:c3528, da64134c-6992-4903-9407-7df321e464db:c3528]
2019-07-09 09:59:27,219 INFO  client.GrpcClientProtocolClient (GrpcClientProtocolClient.java:onNext(255)) - client-CECA27ED65B5->8cac6937-780c-4459-964a-dea4dcd51fd7: receive RaftClientReply:client-CECA27ED65B5->8cac6937-780c-4459-964a-dea4dcd51fd7@group-D84C501198B9, cid=2404, SUCCESS, logIndex=3531, commits[8cac6937-780c-4459-964a-dea4dcd51fd7:c3532, 9ed8676d-9460-465d-9905-fd43a52295f6:c3530, da64134c-6992-4903-9407-7df321e464db:c3530]
2019-07-09 09:59:27,219 INFO  client.GrpcClientProtocolClient (GrpcClientProtocolClient.java:onNext(255)) - client-CECA27ED65B5->8cac6937-780c-4459-964a-dea4dcd51fd7: receive RaftClientReply:client-CECA27ED65B5->8cac6937-780c-4459-964a-dea4dcd51fd7@group-D84C501198B9, cid=2405, SUCCESS, logIndex=3532, commits[8cac6937-780c-4459-964a-dea4dcd51fd7:c3534, 9ed8676d-9460-465d-9905-fd43a52295f6:c3530, da64134c-6992-4903-9407-7df321e464db:c3530]
2019-07-09 09:59:27,220 INFO  client.GrpcClientProtocolClient (GrpcClientProtocolClient.java:onNext(255)) - client-CECA27ED65B5->8cac6937-780c-4459-964a-dea4dcd51fd7: receive RaftClientReply:client-CECA27ED65B5->8cac6937-780c-4459-964a-dea4dcd51fd7@group-D84C501198B9, cid=2406, SUCCESS, logIndex=3533, commits[8cac6937-780c-4459-964a-dea4dcd51fd7:c3534, 9ed8676d-9460-465d-9905-fd43a52295f6:c3530, da64134c-6992-4903-9407-7df321e464db:c3530]
2019-07-09 09:59:27,220 INFO  client.GrpcClientProtocolClient (GrpcClientProtocolClient.java:onNext(255)) - client-CECA27ED65B5->8cac6937-780c-4459-964a-dea4dcd51fd7: receive RaftClientReply:client-CECA27ED65B5->8cac6937-780c-4459-964a-dea4dcd51fd7@group-D84C501198B9, cid=2407, SUCCESS, logIndex=3534, commits[8cac6937-780c-4459-964a-dea4dcd51fd7:c3534, 9ed8676d-9460-465d-9905-fd43a52295f6:c3530, da64134c-6992-4903-9407-7df321e464db:c3530]
2019-07-09 09:59:27,222 INFO  client.GrpcClientProtocolClient (GrpcClientProtocolClient.java:onNext(255)) - client-CECA27ED65B5->8cac6937-780c-4459-964a-dea4dcd51fd7: receive RaftClientReply:client-CECA27ED65B5->8cac6937-780c-4459-964a-dea4dcd51fd7@group-D84C501198B9, cid=2408, SUCCESS, logIndex=0, commits[8cac6937-780c-4459-964a-dea4dcd51fd7:c3536, 9ed8676d-9460-465d-9905-fd43a52295f6:c3532, da64134c-6992-4903-9407-7df321e464db:c3532]
2019-07-09 09:59:27,235 INFO  client.GrpcClientProtocolClient (GrpcClientProtocolClient.java:onNext(255)) - client-CECA27ED65B5->8cac6937-780c-4459-964a-dea4dcd51fd7: receive RaftClientReply:client-CECA27ED65B5->8cac6937-780c-4459-964a-dea4dcd51fd7@group-D84C501198B9, cid=2409, SUCCESS, logIndex=3539, commits[8cac6937-780c-4459-964a-dea4dcd51fd7:c3540, 9ed8676d-9460-465d-9905-fd43a52295f6:c3534, da64134c-6992-4903-9407-7df321e464db:c3536]
2019-07-09 09:59:27,235 INFO  client.GrpcClientProtocolClient (GrpcClientProtocolClient.java:onNext(255)) - client-CECA27ED65B5->8cac6937-780c-4459-964a-dea4dcd51fd7: receive RaftClientReply:client-CECA27ED65B5->8cac6937-780c-4459-964a-dea4dcd51fd7@group-D84C501198B9, cid=2410, SUCCESS, logIndex=3540, commits[8cac6937-780c-4459-964a-dea4dcd51fd7:c3540, 9ed8676d-9460-465d-9905-fd43a52295f6:c3536, da64134c-6992-4903-9407-7df321e464db:c3536]
 0.00% |█                                                                                                    |  0/1 Time: 0:00:192019-07-09 09:59:27,258 INFO  client.GrpcClientProtocolClient (GrpcClientProtocolClient.java:onNext(255)) - client-CECA27ED65B5->8cac6937-780c-4459-964a-dea4dcd51fd7: receive RaftClientReply:client-CECA27ED65B5->8cac6937-780c-4459-964a-dea4dcd51fd7@group-D84C501198B9, cid=2411, SUCCESS, logIndex=3543, commits[8cac6937-780c-4459-964a-dea4dcd51fd7:c3544, 9ed8676d-9460-465d-9905-fd43a52295f6:c3540, da64134c-6992-4903-9407-7df321e464db:c3540]
2019-07-09 09:59:27,259 INFO  client.GrpcClientProtocolClient (GrpcClientProtocolClient.java:onNext(255)) - client-CECA27ED65B5->8cac6937-780c-4459-964a-dea4dcd51fd7: receive RaftClientReply:client-CECA27ED65B5->8cac6937-780c-4459-964a-dea4dcd51fd7@group-D84C501198B9, cid=2412, SUCCESS, logIndex=3544, commits[8cac6937-780c-4459-964a-dea4dcd51fd7:c3544, 9ed8676d-9460-465d-9905-fd43a52295f6:c3540, da64134c-6992-4903-9407-7df321e464db:c3540]
2019-07-09 09:59:27,262 INFO  client.GrpcClientProtocolClient (GrpcClientProtocolClient.java:onNext(255)) - client-CECA27ED65B5->8cac6937-780c-4459-964a-dea4dcd51fd7: receive RaftClientReply:client-CECA27ED65B5->8cac6937-780c-4459-964a-dea4dcd51fd7@group-D84C501198B9, cid=2413, SUCCESS, logIndex=0, commits[8cac6937-780c-4459-964a-dea4dcd51fd7:c3545, 9ed8676d-9460-465d-9905-fd43a52295f6:c3544, da64134c-6992-4903-9407-7df321e464db:c3544]
2019-07-09 09:59:27,289 INFO  client.GrpcClientProtocolClient (GrpcClientProtocolClient.java:onNext(255)) - client-CECA27ED65B5->8cac6937-780c-4459-964a-dea4dcd51fd7: receive RaftClientReply:client-CECA27ED65B5->8cac6937-780c-4459-964a-dea4dcd51fd7@group-D84C501198B9, cid=2414, SUCCESS, logIndex=3547, commits[8cac6937-780c-4459-964a-dea4dcd51fd7:c3548, 9ed8676d-9460-465d-9905-fd43a52295f6:c3546, da64134c-6992-4903-9407-7df321e464db:c3546]
2019-07-09 09:59:27,290 INFO  client.GrpcClientProtocolClient (GrpcClientProtocolClient.java:onNext(255)) - client-CECA27ED65B5->8cac6937-780c-4459-964a-dea4dcd51fd7: receive RaftClientReply:client-CECA27ED65B5->8cac6937-780c-4459-964a-dea4dcd51fd7@group-D84C501198B9, cid=2415, SUCCESS, logIndex=3548, commits[8cac6937-780c-4459-964a-dea4dcd51fd7:c3548, 9ed8676d-9460-465d-9905-fd43a52295f6:c3546, da64134c-6992-4903-9407-7df321e464db:c3546]
2019-07-09 09:59:27,300 INFO  client.GrpcClientProtocolClient (GrpcClientProtocolClient.java:onNext(255)) - client-CECA27ED65B5->8cac6937-780c-4459-964a-dea4dcd51fd7: receive RaftClientReply:client-CECA27ED65B5->8cac6937-780c-4459-964a-dea4dcd51fd7@group-D84C501198B9, cid=2416, SUCCESS, logIndex=3549, commits[8cac6937-780c-4459-964a-dea4dcd51fd7:c3550, 9ed8676d-9460-465d-9905-fd43a52295f6:c3546, da64134c-6992-4903-9407-7df321e464db:c3546]
2019-07-09 09:59:27,300 INFO  client.GrpcClientProtocolClient (GrpcClientProtocolClient.java:onNext(255)) - client-CECA27ED65B5->8cac6937-780c-4459-964a-dea4dcd51fd7: receive RaftClientReply:client-CECA27ED65B5->8cac6937-780c-4459-964a-dea4dcd51fd7@group-D84C501198B9, cid=2417, SUCCESS, logIndex=3550, commits[8cac6937-780c-4459-964a-dea4dcd51fd7:c3550, 9ed8676d-9460-465d-9905-fd43a52295f6:c3546, da64134c-6992-4903-9407-7df321e464db:c3546]
2019-07-09 09:59:27,302 INFO  client.GrpcClientProtocolClient (GrpcClientProtocolClient.java:onNext(255)) - client-CECA27ED65B5->8cac6937-780c-4459-964a-dea4dcd51fd7: receive RaftClientReply:client-CECA27ED65B5->8cac6937-780c-4459-964a-dea4dcd51fd7@group-D84C501198B9, cid=2418, SUCCESS, logIndex=0, commits[8cac6937-780c-4459-964a-dea4dcd51fd7:c3552, 9ed8676d-9460-465d-9905-fd43a52295f6:c3548, da64134c-6992-4903-9407-7df321e464db:c3548]
2019-07-09 09:59:27,317 INFO  client.GrpcClientProtocolClient (GrpcClientProtocolClient.java:onNext(255)) - client-CECA27ED65B5->8cac6937-780c-4459-964a-dea4dcd51fd7: receive RaftClientReply:client-CECA27ED65B5->8cac6937-780c-4459-964a-dea4dcd51fd7@group-D84C501198B9, cid=2419, SUCCESS, logIndex=3555, commits[8cac6937-780c-4459-964a-dea4dcd51fd7:c3556, 9ed8676d-9460-465d-9905-fd43a52295f6:c3554, da64134c-6992-4903-9407-7df321e464db:c3554]
2019-07-09 09:59:27,317 INFO  client.GrpcClientProtocolClient (GrpcClientProtocolClient.java:onNext(255)) - client-CECA27ED65B5->8cac6937-780c-4459-964a-dea4dcd51fd7: receive RaftClientReply:client-CECA27ED65B5->8cac6937-780c-4459-964a-dea4dcd51fd7@group-D84C501198B9, cid=2420, SUCCESS, logIndex=3556, commits[8cac6937-780c-4459-964a-dea4dcd51fd7:c3556, 9ed8676d-9460-465d-9905-fd43a52295f6:c3554, da64134c-6992-4903-9407-7df321e464db:c3554]
2019-07-09 09:59:27,330 INFO  client.GrpcClientProtocolClient (GrpcClientProtocolClient.java:onNext(255)) - client-CECA27ED65B5->8cac6937-780c-4459-964a-dea4dcd51fd7: receive RaftClientReply:client-CECA27ED65B5->8cac6937-780c-4459-964a-dea4dcd51fd7@group-D84C501198B9, cid=2421, SUCCESS, logIndex=3559, commits[8cac6937-780c-4459-964a-dea4dcd51fd7:c3559, 9ed8676d-9460-465d-9905-fd43a52295f6:c3556, da64134c-6992-4903-9407-7df321e464db:c3556]
2019-07-09 09:59:27,330 INFO  client.GrpcClientProtocolClient (GrpcClientProtocolClient.java:onNext(255)) - client-CECA27ED65B5->8cac6937-780c-4459-964a-dea4dcd51fd7: receive RaftClientReply:client-CECA27ED65B5->8cac6937-780c-4459-964a-dea4dcd51fd7@group-D84C501198B9, cid=2422, SUCCESS, logIndex=3560, commits[8cac6937-780c-4459-964a-dea4dcd51fd7:c3560, 9ed8676d-9460-465d-9905-fd43a52295f6:c3556, da64134c-6992-4903-9407-7df321e464db:c3556]
2019-07-09 09:59:27,343 INFO  client.GrpcClientProtocolClient (GrpcClientProtocolClient.java:onNext(255)) - client-CECA27ED65B5->8cac6937-780c-4459-964a-dea4dcd51fd7: receive RaftClientReply:client-CECA27ED65B5->8cac6937-780c-4459-964a-dea4dcd51fd7@group-D84C501198B9, cid=2423, SUCCESS, logIndex=0, commits[8cac6937-780c-4459-964a-dea4dcd51fd7:c3562, 9ed8676d-9460-465d-9905-fd43a52295f6:c3560, da64134c-6992-4903-9407-7df321e464db:c3560]
2019-07-09 09:59:27,371 INFO  client.GrpcClientProtocolClient (GrpcClientProtocolClient.java:onNext(255)) - client-CECA27ED65B5->8cac6937-780c-4459-964a-dea4dcd51fd7: receive RaftClientReply:client-CECA27ED65B5->8cac6937-780c-4459-964a-dea4dcd51fd7@group-D84C501198B9, cid=2424, SUCCESS, logIndex=3563, commits[8cac6937-780c-4459-964a-dea4dcd51fd7:c3564, 9ed8676d-9460-465d-9905-fd43a52295f6:c3562, da64134c-6992-4903-9407-7df321e464db:c3562]
2019-07-09 09:59:27,372 INFO  client.GrpcClientProtocolClient (GrpcClientProtocolClient.java:onNext(255)) - client-CECA27ED65B5->8cac6937-780c-4459-964a-dea4dcd51fd7: receive RaftClientReply:client-CECA27ED65B5->8cac6937-780c-4459-964a-dea4dcd51fd7@group-D84C501198B9, cid=2425, SUCCESS, logIndex=3564, commits[8cac6937-780c-4459-964a-dea4dcd51fd7:c3564, 9ed8676d-9460-465d-9905-fd43a52295f6:c3562, da64134c-6992-4903-9407-7df321e464db:c3562]
2019-07-09 09:59:27,372 INFO  client.GrpcClientProtocolClient (GrpcClientProtocolClient.java:onNext(255)) - client-CECA27ED65B5->8cac6937-780c-4459-964a-dea4dcd51fd7: receive RaftClientReply:client-CECA27ED65B5->8cac6937-780c-4459-964a-dea4dcd51fd7@group-D84C501198B9, cid=2426, SUCCESS, logIndex=3565, commits[8cac6937-780c-4459-964a-dea4dcd51fd7:c3566, 9ed8676d-9460-465d-9905-fd43a52295f6:c3562, da64134c-6992-4903-9407-7df321e464db:c3562]
2019-07-09 09:59:27,373 INFO  client.GrpcClientProtocolClient (GrpcClientProtocolClient.java:onNext(255)) - client-CECA27ED65B5->8cac6937-780c-4459-964a-dea4dcd51fd7: receive RaftClientReply:client-CECA27ED65B5->8cac6937-780c-4459-964a-dea4dcd51fd7@group-D84C501198B9, cid=2427, SUCCESS, logIndex=3566, commits[8cac6937-780c-4459-964a-dea4dcd51fd7:c3566, 9ed8676d-9460-465d-9905-fd43a52295f6:c3562, da64134c-6992-4903-9407-7df321e464db:c3562]
2019-07-09 09:59:27,386 INFO  client.GrpcClientProtocolClient (GrpcClientProtocolClient.java:onNext(255)) - client-CECA27ED65B5->8cac6937-780c-4459-964a-dea4dcd51fd7: receive RaftClientReply:client-CECA27ED65B5->8cac6937-780c-4459-964a-dea4dcd51fd7@group-D84C501198B9, cid=2428, SUCCESS, logIndex=0, commits[8cac6937-780c-4459-964a-dea4dcd51fd7:c3568, 9ed8676d-9460-465d-9905-fd43a52295f6:c3564, da64134c-6992-4903-9407-7df321e464db:c3564]
2019-07-09 09:59:27,406 INFO  client.GrpcClientProtocolClient (GrpcClientProtocolClient.java:onNext(255)) - client-CECA27ED65B5->8cac6937-780c-4459-964a-dea4dcd51fd7: receive RaftClientReply:client-CECA27ED65B5->8cac6937-780c-4459-964a-dea4dcd51fd7@group-D84C501198B9, cid=2429, SUCCESS, logIndex=3571, commits[8cac6937-780c-4459-964a-dea4dcd51fd7:c3572, 9ed8676d-9460-465d-9905-fd43a52295f6:c3570, da64134c-6992-4903-9407-7df321e464db:c3570]
2019-07-09 09:59:27,406 INFO  client.GrpcClientProtocolClient (GrpcClientProtocolClient.java:onNext(255)) - client-CECA27ED65B5->8cac6937-780c-4459-964a-dea4dcd51fd7: receive RaftClientReply:client-CECA27ED65B5->8cac6937-780c-4459-964a-dea4dcd51fd7@group-D84C501198B9, cid=2430, SUCCESS, logIndex=3572, commits[8cac6937-780c-4459-964a-dea4dcd51fd7:c3572, 9ed8676d-9460-465d-9905-fd43a52295f6:c3570, da64134c-6992-4903-9407-7df321e464db:c3570]
2019-07-09 09:59:27,419 INFO  client.GrpcClientProtocolClient (GrpcClientProtocolClient.java:onNext(255)) - client-CECA27ED65B5->8cac6937-780c-4459-964a-dea4dcd51fd7: receive RaftClientReply:client-CECA27ED65B5->8cac6937-780c-4459-964a-dea4dcd51fd7@group-D84C501198B9, cid=2431, SUCCESS, logIndex=3575, commits[8cac6937-780c-4459-964a-dea4dcd51fd7:c3576, 9ed8676d-9460-465d-9905-fd43a52295f6:c3572, da64134c-6992-4903-9407-7df321e464db:c3572]
2019-07-09 09:59:27,419 INFO  client.GrpcClientProtocolClient (GrpcClientProtocolClient.java:onNext(255)) - client-CECA27ED65B5->8cac6937-780c-4459-964a-dea4dcd51fd7: receive RaftClientReply:client-CECA27ED65B5->8cac6937-780c-4459-964a-dea4dcd51fd7@group-D84C501198B9, cid=2432, SUCCESS, logIndex=3576, commits[8cac6937-780c-4459-964a-dea4dcd51fd7:c3576, 9ed8676d-9460-465d-9905-fd43a52295f6:c3572, da64134c-6992-4903-9407-7df321e464db:c3572]
2019-07-09 09:59:27,432 INFO  client.GrpcClientProtocolClient (GrpcClientProtocolClient.java:onNext(255)) - client-CECA27ED65B5->8cac6937-780c-4459-964a-dea4dcd51fd7: receive RaftClientReply:client-CECA27ED65B5->8cac6937-780c-4459-964a-dea4dcd51fd7@group-D84C501198B9, cid=2433, SUCCESS, logIndex=0, commits[8cac6937-780c-4459-964a-dea4dcd51fd7:c3577, 9ed8676d-9460-465d-9905-fd43a52295f6:c3576, da64134c-6992-4903-9407-7df321e464db:c3576]
2019-07-09 09:59:27,462 INFO  client.GrpcClientProtocolClient (GrpcClientProtocolClient.java:onNext(255)) - client-CECA27ED65B5->8cac6937-780c-4459-964a-dea4dcd51fd7: receive RaftClientReply:client-CECA27ED65B5->8cac6937-780c-4459-964a-dea4dcd51fd7@group-D84C501198B9, cid=2434, SUCCESS, logIndex=3579, commits[8cac6937-780c-4459-964a-dea4dcd51fd7:c3579, 9ed8676d-9460-465d-9905-fd43a52295f6:c3578, da64134c-6992-4903-9407-7df321e464db:c3578]
2019-07-09 09:59:27,462 INFO  client.GrpcClientProtocolClient (GrpcClientProtocolClient.java:onNext(255)) - client-CECA27ED65B5->8cac6937-780c-4459-964a-dea4dcd51fd7: receive RaftClientReply:client-CECA27ED65B5->8cac6937-780c-4459-964a-dea4dcd51fd7@group-D84C501198B9, cid=2435, SUCCESS, logIndex=3580, commits[8cac6937-780c-4459-964a-dea4dcd51fd7:c3582, 9ed8676d-9460-465d-9905-fd43a52295f6:c3578, da64134c-6992-4903-9407-7df321e464db:c3578]
2019-07-09 09:59:27,463 INFO  client.GrpcClientProtocolClient (GrpcClientProtocolClient.java:onNext(255)) - client-CECA27ED65B5->8cac6937-780c-4459-964a-dea4dcd51fd7: receive RaftClientReply:client-CECA27ED65B5->8cac6937-780c-4459-964a-dea4dcd51fd7@group-D84C501198B9, cid=2436, SUCCESS, logIndex=3581, commits[8cac6937-780c-4459-964a-dea4dcd51fd7:c3582, 9ed8676d-9460-465d-9905-fd43a52295f6:c3578, da64134c-6992-4903-9407-7df321e464db:c3578]
2019-07-09 09:59:27,463 INFO  client.GrpcClientProtocolClient (GrpcClientProtocolClient.java:onNext(255)) - client-CECA27ED65B5->8cac6937-780c-4459-964a-dea4dcd51fd7: receive RaftClientReply:client-CECA27ED65B5->8cac6937-780c-4459-964a-dea4dcd51fd7@group-D84C501198B9, cid=2437, SUCCESS, logIndex=3582, commits[8cac6937-780c-4459-964a-dea4dcd51fd7:c3582, 9ed8676d-9460-465d-9905-fd43a52295f6:c3578, da64134c-6992-4903-9407-7df321e464db:c3578]
2019-07-09 09:59:27,465 INFO  client.GrpcClientProtocolClient (GrpcClientProtocolClient.java:onNext(255)) - client-CECA27ED65B5->8cac6937-780c-4459-964a-dea4dcd51fd7: receive RaftClientReply:client-CECA27ED65B5->8cac6937-780c-4459-964a-dea4dcd51fd7@group-D84C501198B9, cid=2438, SUCCESS, logIndex=0, commits[8cac6937-780c-4459-964a-dea4dcd51fd7:c3585, 9ed8676d-9460-465d-9905-fd43a52295f6:c3581, da64134c-6992-4903-9407-7df321e464db:c3582]
2019-07-09 09:59:27,484 INFO  client.GrpcClientProtocolClient (GrpcClientProtocolClient.java:onNext(255)) - client-CECA27ED65B5->8cac6937-780c-4459-964a-dea4dcd51fd7: receive RaftClientReply:client-CECA27ED65B5->8cac6937-780c-4459-964a-dea4dcd51fd7@group-D84C501198B9, cid=2439, SUCCESS, logIndex=3586, commits[8cac6937-780c-4459-964a-dea4dcd51fd7:c3587, 9ed8676d-9460-465d-9905-fd43a52295f6:c3585, da64134c-6992-4903-9407-7df321e464db:c3585]
2019-07-09 09:59:27,484 INFO  client.GrpcClientProtocolClient (GrpcClientProtocolClient.java:onNext(255)) - client-CECA27ED65B5->8cac6937-780c-4459-964a-dea4dcd51fd7: receive RaftClientReply:client-CECA27ED65B5->8cac6937-780c-4459-964a-dea4dcd51fd7@group-D84C501198B9, cid=2440, SUCCESS, logIndex=3587, commits[8cac6937-780c-4459-964a-dea4dcd51fd7:c3587, 9ed8676d-9460-465d-9905-fd43a52295f6:c3585, da64134c-6992-4903-9407-7df321e464db:c3585]
2019-07-09 09:59:27,514 INFO  client.GrpcClientProtocolClient (GrpcClientProtocolClient.java:onNext(255)) - client-CECA27ED65B5->8cac6937-780c-4459-964a-dea4dcd51fd7: receive RaftClientReply:client-CECA27ED65B5->8cac6937-780c-4459-964a-dea4dcd51fd7@group-D84C501198B9, cid=2441, SUCCESS, logIndex=3590, commits[8cac6937-780c-4459-964a-dea4dcd51fd7:c3591, 9ed8676d-9460-465d-9905-fd43a52295f6:c3587, da64134c-6992-4903-9407-7df321e464db:c3586]
2019-07-09 09:59:27,515 INFO  client.GrpcClientProtocolClient (GrpcClientProtocolClient.java:onNext(255)) - client-CECA27ED65B5->8cac6937-780c-4459-964a-dea4dcd51fd7: receive RaftClientReply:client-CECA27ED65B5->8cac6937-780c-4459-964a-dea4dcd51fd7@group-D84C501198B9, cid=2442, SUCCESS, logIndex=3591, commits[8cac6937-780c-4459-964a-dea4dcd51fd7:c3591, 9ed8676d-9460-465d-9905-fd43a52295f6:c3587, da64134c-6992-4903-9407-7df321e464db:c3586]
2019-07-09 09:59:27,526 INFO  client.GrpcClientProtocolClient (GrpcClientProtocolClient.java:onNext(255)) - client-CECA27ED65B5->8cac6937-780c-4459-964a-dea4dcd51fd7: receive RaftClientReply:client-CECA27ED65B5->8cac6937-780c-4459-964a-dea4dcd51fd7@group-D84C501198B9, cid=2443, SUCCESS, logIndex=0, commits[8cac6937-780c-4459-964a-dea4dcd51fd7:c3592, 9ed8676d-9460-465d-9905-fd43a52295f6:c3591, da64134c-6992-4903-9407-7df321e464db:c3587]
2019-07-09 09:59:27,527 INFO  client.GrpcClientProtocolClient (GrpcClientProtocolClient.java:onNext(255)) - client-CECA27ED65B5->8cac6937-780c-4459-964a-dea4dcd51fd7: receive RaftClientReply:client-CECA27ED65B5->8cac6937-780c-4459-964a-dea4dcd51fd7@group-D84C501198B9, cid=2444, SUCCESS, logIndex=0, commits[8cac6937-780c-4459-964a-dea4dcd51fd7:c3593, 9ed8676d-9460-465d-9905-fd43a52295f6:c3591, da64134c-6992-4903-9407-7df321e464db:c3591]
2019-07-09 09:59:27,558 INFO  client.GrpcClientProtocolClient (GrpcClientProtocolClient.java:onNext(255)) - client-CECA27ED65B5->8cac6937-780c-4459-964a-dea4dcd51fd7: receive RaftClientReply:client-CECA27ED65B5->8cac6937-780c-4459-964a-dea4dcd51fd7@group-D84C501198B9, cid=2445, SUCCESS, logIndex=3594, commits[8cac6937-780c-4459-964a-dea4dcd51fd7:c3595, 9ed8676d-9460-465d-9905-fd43a52295f6:c3593, da64134c-6992-4903-9407-7df321e464db:c3593]
2019-07-09 09:59:27,558 INFO  client.GrpcClientProtocolClient (GrpcClientProtocolClient.java:onNext(255)) - client-CECA27ED65B5->8cac6937-780c-4459-964a-dea4dcd51fd7: receive RaftClientReply:client-CECA27ED65B5->8cac6937-780c-4459-964a-dea4dcd51fd7@group-D84C501198B9, cid=2446, SUCCESS, logIndex=3595, commits[8cac6937-780c-4459-964a-dea4dcd51fd7:c3595, 9ed8676d-9460-465d-9905-fd43a52295f6:c3593, da64134c-6992-4903-9407-7df321e464db:c3593]
2019-07-09 09:59:27,559 INFO  client.GrpcClientProtocolClient (GrpcClientProtocolClient.java:onNext(255)) - client-CECA27ED65B5->8cac6937-780c-4459-964a-dea4dcd51fd7: receive RaftClientReply:client-CECA27ED65B5->8cac6937-780c-4459-964a-dea4dcd51fd7@group-D84C501198B9, cid=2447, SUCCESS, logIndex=3596, commits[8cac6937-780c-4459-964a-dea4dcd51fd7:c3597, 9ed8676d-9460-465d-9905-fd43a52295f6:c3593, da64134c-6992-4903-9407-7df321e464db:c3593]
2019-07-09 09:59:27,559 INFO  client.GrpcClientProtocolClient (GrpcClientProtocolClient.java:onNext(255)) - client-CECA27ED65B5->8cac6937-780c-4459-964a-dea4dcd51fd7: receive RaftClientReply:client-CECA27ED65B5->8cac6937-780c-4459-964a-dea4dcd51fd7@group-D84C501198B9, cid=2448, SUCCESS, logIndex=3597, commits[8cac6937-780c-4459-964a-dea4dcd51fd7:c3597, 9ed8676d-9460-465d-9905-fd43a52295f6:c3593, da64134c-6992-4903-9407-7df321e464db:c3593]
2019-07-09 09:59:27,561 INFO  client.GrpcClientProtocolClient (GrpcClientProtocolClient.java:onNext(255)) - client-CECA27ED65B5->8cac6937-780c-4459-964a-dea4dcd51fd7: receive RaftClientReply:client-CECA27ED65B5->8cac6937-780c-4459-964a-dea4dcd51fd7@group-D84C501198B9, cid=2449, SUCCESS, logIndex=0, commits[8cac6937-780c-4459-964a-dea4dcd51fd7:c3601, 9ed8676d-9460-465d-9905-fd43a52295f6:c3597, da64134c-6992-4903-9407-7df321e464db:c3595]
2019-07-09 09:59:27,582 INFO  client.GrpcClientProtocolClient (GrpcClientProtocolClient.java:onNext(255)) - client-CECA27ED65B5->8cac6937-780c-4459-964a-dea4dcd51fd7: receive RaftClientReply:client-CECA27ED65B5->8cac6937-780c-4459-964a-dea4dcd51fd7@group-D84C501198B9, cid=2450, SUCCESS, logIndex=3602, commits[8cac6937-780c-4459-964a-dea4dcd51fd7:c3603, 9ed8676d-9460-465d-9905-fd43a52295f6:c3601, da64134c-6992-4903-9407-7df321e464db:c3601]
2019-07-09 09:59:27,582 INFO  client.GrpcClientProtocolClient (GrpcClientProtocolClient.java:onNext(255)) - client-CECA27ED65B5->8cac6937-780c-4459-964a-dea4dcd51fd7: receive RaftClientReply:client-CECA27ED65B5->8cac6937-780c-4459-964a-dea4dcd51fd7@group-D84C501198B9, cid=2451, SUCCESS, logIndex=3603, commits[8cac6937-780c-4459-964a-dea4dcd51fd7:c3603, 9ed8676d-9460-465d-9905-fd43a52295f6:c3601, da64134c-6992-4903-9407-7df321e464db:c3601]
2019-07-09 09:59:27,596 INFO  client.GrpcClientProtocolClient (GrpcClientProtocolClient.java:onNext(255)) - client-CECA27ED65B5->8cac6937-780c-4459-964a-dea4dcd51fd7: receive RaftClientReply:client-CECA27ED65B5->8cac6937-780c-4459-964a-dea4dcd51fd7@group-D84C501198B9, cid=2452, SUCCESS, logIndex=3606, commits[8cac6937-780c-4459-964a-dea4dcd51fd7:c3607, 9ed8676d-9460-465d-9905-fd43a52295f6:c3603, da64134c-6992-4903-9407-7df321e464db:c3603]
2019-07-09 09:59:27,596 INFO  client.GrpcClientProtocolClient (GrpcClientProtocolClient.java:onNext(255)) - client-CECA27ED65B5->8cac6937-780c-4459-964a-dea4dcd51fd7: receive RaftClientReply:client-CECA27ED65B5->8cac6937-780c-4459-964a-dea4dcd51fd7@group-D84C501198B9, cid=2453, SUCCESS, logIndex=3607, commits[8cac6937-780c-4459-964a-dea4dcd51fd7:c3607, 9ed8676d-9460-465d-9905-fd43a52295f6:c3603, da64134c-6992-4903-9407-7df321e464db:c3603]
2019-07-09 09:59:27,609 INFO  client.GrpcClientProtocolClient (GrpcClientProtocolClient.java:onNext(255)) - client-CECA27ED65B5->8cac6937-780c-4459-964a-dea4dcd51fd7: receive RaftClientReply:client-CECA27ED65B5->8cac6937-780c-4459-964a-dea4dcd51fd7@group-D84C501198B9, cid=2454, SUCCESS, logIndex=0, commits[8cac6937-780c-4459-964a-dea4dcd51fd7:c3608, 9ed8676d-9460-465d-9905-fd43a52295f6:c3607, da64134c-6992-4903-9407-7df321e464db:c3607]
2019-07-09 09:59:27,640 INFO  client.GrpcClientProtocolClient (GrpcClientProtocolClient.java:onNext(255)) - client-CECA27ED65B5->8cac6937-780c-4459-964a-dea4dcd51fd7: receive RaftClientReply:client-CECA27ED65B5->8cac6937-780c-4459-964a-dea4dcd51fd7@group-D84C501198B9, cid=2455, SUCCESS, logIndex=3610, commits[8cac6937-780c-4459-964a-dea4dcd51fd7:c3611, 9ed8676d-9460-465d-9905-fd43a52295f6:c3609, da64134c-6992-4903-9407-7df321e464db:c3609]
2019-07-09 09:59:27,641 INFO  client.GrpcClientProtocolClient (GrpcClientProtocolClient.java:onNext(255)) - client-CECA27ED65B5->8cac6937-780c-4459-964a-dea4dcd51fd7: receive RaftClientReply:client-CECA27ED65B5->8cac6937-780c-4459-964a-dea4dcd51fd7@group-D84C501198B9, cid=2456, SUCCESS, logIndex=3611, commits[8cac6937-780c-4459-964a-dea4dcd51fd7:c3613, 9ed8676d-9460-465d-9905-fd43a52295f6:c3609, da64134c-6992-4903-9407-7df321e464db:c3609]
2019-07-09 09:59:27,641 INFO  client.GrpcClientProtocolClient (GrpcClientProtocolClient.java:onNext(255)) - client-CECA27ED65B5->8cac6937-780c-4459-964a-dea4dcd51fd7: receive RaftClientReply:client-CECA27ED65B5->8cac6937-780c-4459-964a-dea4dcd51fd7@group-D84C501198B9, cid=2457, SUCCESS, logIndex=3612, commits[8cac6937-780c-4459-964a-dea4dcd51fd7:c3613, 9ed8676d-9460-465d-9905-fd43a52295f6:c3609, da64134c-6992-4903-9407-7df321e464db:c3609]
2019-07-09 09:59:27,641 INFO  client.GrpcClientProtocolClient (GrpcClientProtocolClient.java:onNext(255)) - client-CECA27ED65B5->8cac6937-780c-4459-964a-dea4dcd51fd7: receive RaftClientReply:client-CECA27ED65B5->8cac6937-780c-4459-964a-dea4dcd51fd7@group-D84C501198B9, cid=2458, SUCCESS, logIndex=3613, commits[8cac6937-780c-4459-964a-dea4dcd51fd7:c3613, 9ed8676d-9460-465d-9905-fd43a52295f6:c3609, da64134c-6992-4903-9407-7df321e464db:c3609]
2019-07-09 09:59:27,652 INFO  client.GrpcClientProtocolClient (GrpcClientProtocolClient.java:onNext(255)) - client-CECA27ED65B5->8cac6937-780c-4459-964a-dea4dcd51fd7: receive RaftClientReply:client-CECA27ED65B5->8cac6937-780c-4459-964a-dea4dcd51fd7@group-D84C501198B9, cid=2459, SUCCESS, logIndex=0, commits[8cac6937-780c-4459-964a-dea4dcd51fd7:c3617, 9ed8676d-9460-465d-9905-fd43a52295f6:c3613, da64134c-6992-4903-9407-7df321e464db:c3611]
2019-07-09 09:59:27,673 INFO  client.GrpcClientProtocolClient (GrpcClientProtocolClient.java:onNext(255)) - client-CECA27ED65B5->8cac6937-780c-4459-964a-dea4dcd51fd7: receive RaftClientReply:client-CECA27ED65B5->8cac6937-780c-4459-964a-dea4dcd51fd7@group-D84C501198B9, cid=2460, SUCCESS, logIndex=3618, commits[8cac6937-780c-4459-964a-dea4dcd51fd7:c3619, 9ed8676d-9460-465d-9905-fd43a52295f6:c3617, da64134c-6992-4903-9407-7df321e464db:c3617]
2019-07-09 09:59:27,674 INFO  client.GrpcClientProtocolClient (GrpcClientProtocolClient.java:onNext(255)) - client-CECA27ED65B5->8cac6937-780c-4459-964a-dea4dcd51fd7: receive RaftClientReply:client-CECA27ED65B5->8cac6937-780c-4459-964a-dea4dcd51fd7@group-D84C501198B9, cid=2461, SUCCESS, logIndex=3619, commits[8cac6937-780c-4459-964a-dea4dcd51fd7:c3619, 9ed8676d-9460-465d-9905-fd43a52295f6:c3617, da64134c-6992-4903-9407-7df321e464db:c3617]
2019-07-09 09:59:27,687 INFO  client.GrpcClientProtocolClient (GrpcClientProtocolClient.java:onNext(255)) - client-CECA27ED65B5->8cac6937-780c-4459-964a-dea4dcd51fd7: receive RaftClientReply:client-CECA27ED65B5->8cac6937-780c-4459-964a-dea4dcd51fd7@group-D84C501198B9, cid=2462, SUCCESS, logIndex=3622, commits[8cac6937-780c-4459-964a-dea4dcd51fd7:c3622, 9ed8676d-9460-465d-9905-fd43a52295f6:c3619, da64134c-6992-4903-9407-7df321e464db:c3619]
2019-07-09 09:59:27,688 INFO  client.GrpcClientProtocolClient (GrpcClientProtocolClient.java:onNext(255)) - client-CECA27ED65B5->8cac6937-780c-4459-964a-dea4dcd51fd7: receive RaftClientReply:client-CECA27ED65B5->8cac6937-780c-4459-964a-dea4dcd51fd7@group-D84C501198B9, cid=2463, SUCCESS, logIndex=3623, commits[8cac6937-780c-4459-964a-dea4dcd51fd7:c3623, 9ed8676d-9460-465d-9905-fd43a52295f6:c3619, da64134c-6992-4903-9407-7df321e464db:c3619]
2019-07-09 09:59:27,702 INFO  client.GrpcClientProtocolClient (GrpcClientProtocolClient.java:onNext(255)) - client-CECA27ED65B5->8cac6937-780c-4459-964a-dea4dcd51fd7: receive RaftClientReply:client-CECA27ED65B5->8cac6937-780c-4459-964a-dea4dcd51fd7@group-D84C501198B9, cid=2464, SUCCESS, logIndex=0, commits[8cac6937-780c-4459-964a-dea4dcd51fd7:c3624, 9ed8676d-9460-465d-9905-fd43a52295f6:c3623, da64134c-6992-4903-9407-7df321e464db:c3623]
2019-07-09 09:59:27,730 INFO  client.GrpcClientProtocolClient (GrpcClientProtocolClient.java:onNext(255)) - client-CECA27ED65B5->8cac6937-780c-4459-964a-dea4dcd51fd7: receive RaftClientReply:client-CECA27ED65B5->8cac6937-780c-4459-964a-dea4dcd51fd7@group-D84C501198B9, cid=2465, SUCCESS, logIndex=3626, commits[8cac6937-780c-4459-964a-dea4dcd51fd7:c3628, 9ed8676d-9460-465d-9905-fd43a52295f6:c3625, da64134c-6992-4903-9407-7df321e464db:c3625]
2019-07-09 09:59:27,731 INFO  client.GrpcClientProtocolClient (GrpcClientProtocolClient.java:onNext(255)) - client-CECA27ED65B5->8cac6937-780c-4459-964a-dea4dcd51fd7: receive RaftClientReply:client-CECA27ED65B5->8cac6937-780c-4459-964a-dea4dcd51fd7@group-D84C501198B9, cid=2466, SUCCESS, logIndex=3627, commits[8cac6937-780c-4459-964a-dea4dcd51fd7:c3629, 9ed8676d-9460-465d-9905-fd43a52295f6:c3625, da64134c-6992-4903-9407-7df321e464db:c3625]
2019-07-09 09:59:27,732 INFO  client.GrpcClientProtocolClient (GrpcClientProtocolClient.java:onNext(255)) - client-CECA27ED65B5->8cac6937-780c-4459-964a-dea4dcd51fd7: receive RaftClientReply:client-CECA27ED65B5->8cac6937-780c-4459-964a-dea4dcd51fd7@group-D84C501198B9, cid=2467, SUCCESS, logIndex=3628, commits[8cac6937-780c-4459-964a-dea4dcd51fd7:c3629, 9ed8676d-9460-465d-9905-fd43a52295f6:c3625, da64134c-6992-4903-9407-7df321e464db:c3625]
2019-07-09 09:59:27,732 INFO  client.GrpcClientProtocolClient (GrpcClientProtocolClient.java:onNext(255)) - client-CECA27ED65B5->8cac6937-780c-4459-964a-dea4dcd51fd7: receive RaftClientReply:client-CECA27ED65B5->8cac6937-780c-4459-964a-dea4dcd51fd7@group-D84C501198B9, cid=2468, SUCCESS, logIndex=3629, commits[8cac6937-780c-4459-964a-dea4dcd51fd7:c3629, 9ed8676d-9460-465d-9905-fd43a52295f6:c3625, da64134c-6992-4903-9407-7df321e464db:c3625]
2019-07-09 09:59:27,733 INFO  client.GrpcClientProtocolClient (GrpcClientProtocolClient.java:onNext(255)) - client-CECA27ED65B5->8cac6937-780c-4459-964a-dea4dcd51fd7: receive RaftClientReply:client-CECA27ED65B5->8cac6937-780c-4459-964a-dea4dcd51fd7@group-D84C501198B9, cid=2469, SUCCESS, logIndex=0, commits[8cac6937-780c-4459-964a-dea4dcd51fd7:c3633, 9ed8676d-9460-465d-9905-fd43a52295f6:c3628, da64134c-6992-4903-9407-7df321e464db:c3629]
2019-07-09 09:59:27,759 INFO  client.GrpcClientProtocolClient (GrpcClientProtocolClient.java:onNext(255)) - client-CECA27ED65B5->8cac6937-780c-4459-964a-dea4dcd51fd7: receive RaftClientReply:client-CECA27ED65B5->8cac6937-780c-4459-964a-dea4dcd51fd7@group-D84C501198B9, cid=2470, SUCCESS, logIndex=3634, commits[8cac6937-780c-4459-964a-dea4dcd51fd7:c3635, 9ed8676d-9460-465d-9905-fd43a52295f6:c3633, da64134c-6992-4903-9407-7df321e464db:c3633]
2019-07-09 09:59:27,760 INFO  client.GrpcClientProtocolClient (GrpcClientProtocolClient.java:onNext(255)) - client-CECA27ED65B5->8cac6937-780c-4459-964a-dea4dcd51fd7: receive RaftClientReply:client-CECA27ED65B5->8cac6937-780c-4459-964a-dea4dcd51fd7@group-D84C501198B9, cid=2471, SUCCESS, logIndex=3635, commits[8cac6937-780c-4459-964a-dea4dcd51fd7:c3635, 9ed8676d-9460-465d-9905-fd43a52295f6:c3633, da64134c-6992-4903-9407-7df321e464db:c3633]
2019-07-09 09:59:27,773 INFO  client.GrpcClientProtocolClient (GrpcClientProtocolClient.java:onNext(255)) - client-CECA27ED65B5->8cac6937-780c-4459-964a-dea4dcd51fd7: receive RaftClientReply:client-CECA27ED65B5->8cac6937-780c-4459-964a-dea4dcd51fd7@group-D84C501198B9, cid=2472, SUCCESS, logIndex=3638, commits[8cac6937-780c-4459-964a-dea4dcd51fd7:c3639, 9ed8676d-9460-465d-9905-fd43a52295f6:c3635, da64134c-6992-4903-9407-7df321e464db:c3635]
2019-07-09 09:59:27,774 INFO  client.GrpcClientProtocolClient (GrpcClientProtocolClient.java:onNext(255)) - client-CECA27ED65B5->8cac6937-780c-4459-964a-dea4dcd51fd7: receive RaftClientReply:client-CECA27ED65B5->8cac6937-780c-4459-964a-dea4dcd51fd7@group-D84C501198B9, cid=2473, SUCCESS, logIndex=3639, commits[8cac6937-780c-4459-964a-dea4dcd51fd7:c3639, 9ed8676d-9460-465d-9905-fd43a52295f6:c3635, da64134c-6992-4903-9407-7df321e464db:c3635]
2019-07-09 09:59:27,784 INFO  client.GrpcClientProtocolClient (GrpcClientProtocolClient.java:onNext(255)) - client-CECA27ED65B5->8cac6937-780c-4459-964a-dea4dcd51fd7: receive RaftClientReply:client-CECA27ED65B5->8cac6937-780c-4459-964a-dea4dcd51fd7@group-D84C501198B9, cid=2474, SUCCESS, logIndex=0, commits[8cac6937-780c-4459-964a-dea4dcd51fd7:c3640, 9ed8676d-9460-465d-9905-fd43a52295f6:c3639, da64134c-6992-4903-9407-7df321e464db:c3639]
2019-07-09 09:59:27,814 INFO  client.GrpcClientProtocolClient (GrpcClientProtocolClient.java:onNext(255)) - client-CECA27ED65B5->8cac6937-780c-4459-964a-dea4dcd51fd7: receive RaftClientReply:client-CECA27ED65B5->8cac6937-780c-4459-964a-dea4dcd51fd7@group-D84C501198B9, cid=2475, SUCCESS, logIndex=3642, commits[8cac6937-780c-4459-964a-dea4dcd51fd7:c3643, 9ed8676d-9460-465d-9905-fd43a52295f6:c3641, da64134c-6992-4903-9407-7df321e464db:c3641]
2019-07-09 09:59:27,815 INFO  client.GrpcClientProtocolClient (GrpcClientProtocolClient.java:onNext(255)) - client-CECA27ED65B5->8cac6937-780c-4459-964a-dea4dcd51fd7: receive RaftClientReply:client-CECA27ED65B5->8cac6937-780c-4459-964a-dea4dcd51fd7@group-D84C501198B9, cid=2476, SUCCESS, logIndex=3643, commits[8cac6937-780c-4459-964a-dea4dcd51fd7:c3645, 9ed8676d-9460-465d-9905-fd43a52295f6:c3641, da64134c-6992-4903-9407-7df321e464db:c3641]
2019-07-09 09:59:27,815 INFO  client.GrpcClientProtocolClient (GrpcClientProtocolClient.java:onNext(255)) - client-CECA27ED65B5->8cac6937-780c-4459-964a-dea4dcd51fd7: receive RaftClientReply:client-CECA27ED65B5->8cac6937-780c-4459-964a-dea4dcd51fd7@group-D84C501198B9, cid=2477, SUCCESS, logIndex=3644, commits[8cac6937-780c-4459-964a-dea4dcd51fd7:c3645, 9ed8676d-9460-465d-9905-fd43a52295f6:c3641, da64134c-6992-4903-9407-7df321e464db:c3641]
2019-07-09 09:59:27,815 INFO  client.GrpcClientProtocolClient (GrpcClientProtocolClient.java:onNext(255)) - client-CECA27ED65B5->8cac6937-780c-4459-964a-dea4dcd51fd7: receive RaftClientReply:client-CECA27ED65B5->8cac6937-780c-4459-964a-dea4dcd51fd7@group-D84C501198B9, cid=2478, SUCCESS, logIndex=3645, commits[8cac6937-780c-4459-964a-dea4dcd51fd7:c3645, 9ed8676d-9460-465d-9905-fd43a52295f6:c3641, da64134c-6992-4903-9407-7df321e464db:c3641]
2019-07-09 09:59:27,827 INFO  client.GrpcClientProtocolClient (GrpcClientProtocolClient.java:onNext(255)) - client-CECA27ED65B5->8cac6937-780c-4459-964a-dea4dcd51fd7: receive RaftClientReply:client-CECA27ED65B5->8cac6937-780c-4459-964a-dea4dcd51fd7@group-D84C501198B9, cid=2479, SUCCESS, logIndex=0, commits[8cac6937-780c-4459-964a-dea4dcd51fd7:c3647, 9ed8676d-9460-465d-9905-fd43a52295f6:c3643, da64134c-6992-4903-9407-7df321e464db:c3643]
2019-07-09 09:59:27,847 INFO  client.GrpcClientProtocolClient (GrpcClientProtocolClient.java:onNext(255)) - client-CECA27ED65B5->8cac6937-780c-4459-964a-dea4dcd51fd7: receive RaftClientReply:client-CECA27ED65B5->8cac6937-780c-4459-964a-dea4dcd51fd7@group-D84C501198B9, cid=2480, SUCCESS, logIndex=3650, commits[8cac6937-780c-4459-964a-dea4dcd51fd7:c3651, 9ed8676d-9460-465d-9905-fd43a52295f6:c3649, da64134c-6992-4903-9407-7df321e464db:c3649]
2019-07-09 09:59:27,847 INFO  client.GrpcClientProtocolClient (GrpcClientProtocolClient.java:onNext(255)) - client-CECA27ED65B5->8cac6937-780c-4459-964a-dea4dcd51fd7: receive RaftClientReply:client-CECA27ED65B5->8cac6937-780c-4459-964a-dea4dcd51fd7@group-D84C501198B9, cid=2481, SUCCESS, logIndex=3651, commits[8cac6937-780c-4459-964a-dea4dcd51fd7:c3651, 9ed8676d-9460-465d-9905-fd43a52295f6:c3649, da64134c-6992-4903-9407-7df321e464db:c3649]
2019-07-09 09:59:27,860 INFO  client.GrpcClientProtocolClient (GrpcClientProtocolClient.java:onNext(255)) - client-CECA27ED65B5->8cac6937-780c-4459-964a-dea4dcd51fd7: receive RaftClientReply:client-CECA27ED65B5->8cac6937-780c-4459-964a-dea4dcd51fd7@group-D84C501198B9, cid=2482, SUCCESS, logIndex=3654, commits[8cac6937-780c-4459-964a-dea4dcd51fd7:c3655, 9ed8676d-9460-465d-9905-fd43a52295f6:c3651, da64134c-6992-4903-9407-7df321e464db:c3651]
2019-07-09 09:59:27,860 INFO  client.GrpcClientProtocolClient (GrpcClientProtocolClient.java:onNext(255)) - client-CECA27ED65B5->8cac6937-780c-4459-964a-dea4dcd51fd7: receive RaftClientReply:client-CECA27ED65B5->8cac6937-780c-4459-964a-dea4dcd51fd7@group-D84C501198B9, cid=2483, SUCCESS, logIndex=3655, commits[8cac6937-780c-4459-964a-dea4dcd51fd7:c3655, 9ed8676d-9460-465d-9905-fd43a52295f6:c3651, da64134c-6992-4903-9407-7df321e464db:c3651]
2019-07-09 09:59:27,874 INFO  client.GrpcClientProtocolClient (GrpcClientProtocolClient.java:onNext(255)) - client-CECA27ED65B5->8cac6937-780c-4459-964a-dea4dcd51fd7: receive RaftClientReply:client-CECA27ED65B5->8cac6937-780c-4459-964a-dea4dcd51fd7@group-D84C501198B9, cid=2484, SUCCESS, logIndex=0, commits[8cac6937-780c-4459-964a-dea4dcd51fd7:c3656, 9ed8676d-9460-465d-9905-fd43a52295f6:c3655, da64134c-6992-4903-9407-7df321e464db:c3655]
2019-07-09 09:59:27,899 INFO  client.GrpcClientProtocolClient (GrpcClientProtocolClient.java:onNext(255)) - client-CECA27ED65B5->8cac6937-780c-4459-964a-dea4dcd51fd7: receive RaftClientReply:client-CECA27ED65B5->8cac6937-780c-4459-964a-dea4dcd51fd7@group-D84C501198B9, cid=2485, SUCCESS, logIndex=3658, commits[8cac6937-780c-4459-964a-dea4dcd51fd7:c3659, 9ed8676d-9460-465d-9905-fd43a52295f6:c3657, da64134c-6992-4903-9407-7df321e464db:c3657]
2019-07-09 09:59:27,899 INFO  client.GrpcClientProtocolClient (GrpcClientProtocolClient.java:onNext(255)) - client-CECA27ED65B5->8cac6937-780c-4459-964a-dea4dcd51fd7: receive RaftClientReply:client-CECA27ED65B5->8cac6937-780c-4459-964a-dea4dcd51fd7@group-D84C501198B9, cid=2486, SUCCESS, logIndex=3659, commits[8cac6937-780c-4459-964a-dea4dcd51fd7:c3661, 9ed8676d-9460-465d-9905-fd43a52295f6:c3657, da64134c-6992-4903-9407-7df321e464db:c3657]
2019-07-09 09:59:27,900 INFO  client.GrpcClientProtocolClient (GrpcClientProtocolClient.java:onNext(255)) - client-CECA27ED65B5->8cac6937-780c-4459-964a-dea4dcd51fd7: receive RaftClientReply:client-CECA27ED65B5->8cac6937-780c-4459-964a-dea4dcd51fd7@group-D84C501198B9, cid=2487, SUCCESS, logIndex=3660, commits[8cac6937-780c-4459-964a-dea4dcd51fd7:c3661, 9ed8676d-9460-465d-9905-fd43a52295f6:c3657, da64134c-6992-4903-9407-7df321e464db:c3657]
2019-07-09 09:59:27,900 INFO  client.GrpcClientProtocolClient (GrpcClientProtocolClient.java:onNext(255)) - client-CECA27ED65B5->8cac6937-780c-4459-964a-dea4dcd51fd7: receive RaftClientReply:client-CECA27ED65B5->8cac6937-780c-4459-964a-dea4dcd51fd7@group-D84C501198B9, cid=2488, SUCCESS, logIndex=3661, commits[8cac6937-780c-4459-964a-dea4dcd51fd7:c3661, 9ed8676d-9460-465d-9905-fd43a52295f6:c3657, da64134c-6992-4903-9407-7df321e464db:c3657]
2019-07-09 09:59:27,912 INFO  client.GrpcClientProtocolClient (GrpcClientProtocolClient.java:onNext(255)) - client-CECA27ED65B5->8cac6937-780c-4459-964a-dea4dcd51fd7: receive RaftClientReply:client-CECA27ED65B5->8cac6937-780c-4459-964a-dea4dcd51fd7@group-D84C501198B9, cid=2489, SUCCESS, logIndex=0, commits[8cac6937-780c-4459-964a-dea4dcd51fd7:c3665, 9ed8676d-9460-465d-9905-fd43a52295f6:c3661, da64134c-6992-4903-9407-7df321e464db:c3659]
2019-07-09 09:59:27,931 INFO  client.GrpcClientProtocolClient (GrpcClientProtocolClient.java:onNext(255)) - client-CECA27ED65B5->8cac6937-780c-4459-964a-dea4dcd51fd7: receive RaftClientReply:client-CECA27ED65B5->8cac6937-780c-4459-964a-dea4dcd51fd7@group-D84C501198B9, cid=2490, SUCCESS, logIndex=3666, commits[8cac6937-780c-4459-964a-dea4dcd51fd7:c3667, 9ed8676d-9460-465d-9905-fd43a52295f6:c3665, da64134c-6992-4903-9407-7df321e464db:c3665]
2019-07-09 09:59:27,931 INFO  client.GrpcClientProtocolClient (GrpcClientProtocolClient.java:onNext(255)) - client-CECA27ED65B5->8cac6937-780c-4459-964a-dea4dcd51fd7: receive RaftClientReply:client-CECA27ED65B5->8cac6937-780c-4459-964a-dea4dcd51fd7@group-D84C501198B9, cid=2491, SUCCESS, logIndex=3667, commits[8cac6937-780c-4459-964a-dea4dcd51fd7:c3667, 9ed8676d-9460-465d-9905-fd43a52295f6:c3665, da64134c-6992-4903-9407-7df321e464db:c3665]
2019-07-09 09:59:28,048 INFO  client.GrpcClientProtocolClient (GrpcClientProtocolClient.java:onNext(255)) - client-CECA27ED65B5->8cac6937-780c-4459-964a-dea4dcd51fd7: receive RaftClientReply:client-CECA27ED65B5->8cac6937-780c-4459-964a-dea4dcd51fd7@group-D84C501198B9, cid=2492, SUCCESS, logIndex=3670, commits[8cac6937-780c-4459-964a-dea4dcd51fd7:c3671, 9ed8676d-9460-465d-9905-fd43a52295f6:c3667, da64134c-6992-4903-9407-7df321e464db:c3667]
2019-07-09 09:59:28,049 INFO  client.GrpcClientProtocolClient (GrpcClientProtocolClient.java:onNext(255)) - client-CECA27ED65B5->8cac6937-780c-4459-964a-dea4dcd51fd7: receive RaftClientReply:client-CECA27ED65B5->8cac6937-780c-4459-964a-dea4dcd51fd7@group-D84C501198B9, cid=2493, SUCCESS, logIndex=3671, commits[8cac6937-780c-4459-964a-dea4dcd51fd7:c3671, 9ed8676d-9460-465d-9905-fd43a52295f6:c3667, da64134c-6992-4903-9407-7df321e464db:c3667]
2019-07-09 09:59:28,062 INFO  client.GrpcClientProtocolClient (GrpcClientProtocolClient.java:onNext(255)) - client-CECA27ED65B5->8cac6937-780c-4459-964a-dea4dcd51fd7: receive RaftClientReply:client-CECA27ED65B5->8cac6937-780c-4459-964a-dea4dcd51fd7@group-D84C501198B9, cid=2494, SUCCESS, logIndex=0, commits[8cac6937-780c-4459-964a-dea4dcd51fd7:c3673, 9ed8676d-9460-465d-9905-fd43a52295f6:c3671, da64134c-6992-4903-9407-7df321e464db:c3671]
2019-07-09 09:59:28,088 INFO  client.GrpcClientProtocolClient (GrpcClientProtocolClient.java:onNext(255)) - client-CECA27ED65B5->8cac6937-780c-4459-964a-dea4dcd51fd7: receive RaftClientReply:client-CECA27ED65B5->8cac6937-780c-4459-964a-dea4dcd51fd7@group-D84C501198B9, cid=2495, SUCCESS, logIndex=3674, commits[8cac6937-780c-4459-964a-dea4dcd51fd7:c3675, 9ed8676d-9460-465d-9905-fd43a52295f6:c3673, da64134c-6992-4903-9407-7df321e464db:c3673]
2019-07-09 09:59:28,088 INFO  client.GrpcClientProtocolClient (GrpcClientProtocolClient.java:onNext(255)) - client-CECA27ED65B5->8cac6937-780c-4459-964a-dea4dcd51fd7: receive RaftClientReply:client-CECA27ED65B5->8cac6937-780c-4459-964a-dea4dcd51fd7@group-D84C501198B9, cid=2496, SUCCESS, logIndex=3675, commits[8cac6937-780c-4459-964a-dea4dcd51fd7:c3675, 9ed8676d-9460-465d-9905-fd43a52295f6:c3673, da64134c-6992-4903-9407-7df321e464db:c3673]
2019-07-09 09:59:28,099 INFO  client.GrpcClientProtocolClient (GrpcClientProtocolClient.java:onNext(255)) - client-CECA27ED65B5->8cac6937-780c-4459-964a-dea4dcd51fd7: receive RaftClientReply:client-CECA27ED65B5->8cac6937-780c-4459-964a-dea4dcd51fd7@group-D84C501198B9, cid=2497, SUCCESS, logIndex=3676, commits[8cac6937-780c-4459-964a-dea4dcd51fd7:c3677, 9ed8676d-9460-465d-9905-fd43a52295f6:c3673, da64134c-6992-4903-9407-7df321e464db:c3673]
2019-07-09 09:59:28,100 INFO  client.GrpcClientProtocolClient (GrpcClientProtocolClient.java:onNext(255)) - client-CECA27ED65B5->8cac6937-780c-4459-964a-dea4dcd51fd7: receive RaftClientReply:client-CECA27ED65B5->8cac6937-780c-4459-964a-dea4dcd51fd7@group-D84C501198B9, cid=2498, SUCCESS, logIndex=3677, commits[8cac6937-780c-4459-964a-dea4dcd51fd7:c3677, 9ed8676d-9460-465d-9905-fd43a52295f6:c3673, da64134c-6992-4903-9407-7df321e464db:c3673]
2019-07-09 09:59:28,102 INFO  client.GrpcClientProtocolClient (GrpcClientProtocolClient.java:onNext(255)) - client-CECA27ED65B5->8cac6937-780c-4459-964a-dea4dcd51fd7: receive RaftClientReply:client-CECA27ED65B5->8cac6937-780c-4459-964a-dea4dcd51fd7@group-D84C501198B9, cid=2499, SUCCESS, logIndex=0, commits[8cac6937-780c-4459-964a-dea4dcd51fd7:c3679, 9ed8676d-9460-465d-9905-fd43a52295f6:c3675, da64134c-6992-4903-9407-7df321e464db:c3675]
2019-07-09 09:59:28,114 INFO  client.GrpcClientProtocolClient (GrpcClientProtocolClient.java:onNext(255)) - client-CECA27ED65B5->8cac6937-780c-4459-964a-dea4dcd51fd7: receive RaftClientReply:client-CECA27ED65B5->8cac6937-780c-4459-964a-dea4dcd51fd7@group-D84C501198B9, cid=2500, SUCCESS, logIndex=3682, commits[8cac6937-780c-4459-964a-dea4dcd51fd7:c3683, 9ed8676d-9460-465d-9905-fd43a52295f6:c3679, da64134c-6992-4903-9407-7df321e464db:c3677]
2019-07-09 09:59:28,115 INFO  client.GrpcClientProtocolClient (GrpcClientProtocolClient.java:onNext(255)) - client-CECA27ED65B5->8cac6937-780c-4459-964a-dea4dcd51fd7: receive RaftClientReply:client-CECA27ED65B5->8cac6937-780c-4459-964a-dea4dcd51fd7@group-D84C501198B9, cid=2501, SUCCESS, logIndex=3683, commits[8cac6937-780c-4459-964a-dea4dcd51fd7:c3683, 9ed8676d-9460-465d-9905-fd43a52295f6:c3679, da64134c-6992-4903-9407-7df321e464db:c3679]
2019-07-09 09:59:28,134 INFO  client.GrpcClientProtocolClient (GrpcClientProtocolClient.java:onNext(255)) - client-CECA27ED65B5->8cac6937-780c-4459-964a-dea4dcd51fd7: receive RaftClientReply:client-CECA27ED65B5->8cac6937-780c-4459-964a-dea4dcd51fd7@group-D84C501198B9, cid=2502, SUCCESS, logIndex=3685, commits[8cac6937-780c-4459-964a-dea4dcd51fd7:c3686, 9ed8676d-9460-465d-9905-fd43a52295f6:c3684, da64134c-6992-4903-9407-7df321e464db:c3684]
2019-07-09 09:59:28,134 INFO  client.GrpcClientProtocolClient (GrpcClientProtocolClient.java:onNext(255)) - client-CECA27ED65B5->8cac6937-780c-4459-964a-dea4dcd51fd7: receive RaftClientReply:client-CECA27ED65B5->8cac6937-780c-4459-964a-dea4dcd51fd7@group-D84C501198B9, cid=2503, SUCCESS, logIndex=3686, commits[8cac6937-780c-4459-964a-dea4dcd51fd7:c3686, 9ed8676d-9460-465d-9905-fd43a52295f6:c3684, da64134c-6992-4903-9407-7df321e464db:c3684]
2019-07-09 09:59:28,147 INFO  client.GrpcClientProtocolClient (GrpcClientProtocolClient.java:onNext(255)) - client-CECA27ED65B5->8cac6937-780c-4459-964a-dea4dcd51fd7: receive RaftClientReply:client-CECA27ED65B5->8cac6937-780c-4459-964a-dea4dcd51fd7@group-D84C501198B9, cid=2504, SUCCESS, logIndex=0, commits[8cac6937-780c-4459-964a-dea4dcd51fd7:c3688, 9ed8676d-9460-465d-9905-fd43a52295f6:c3686, da64134c-6992-4903-9407-7df321e464db:c3686]
2019-07-09 09:59:28,172 INFO  client.GrpcClientProtocolClient (GrpcClientProtocolClient.java:onNext(255)) - client-CECA27ED65B5->8cac6937-780c-4459-964a-dea4dcd51fd7: receive RaftClientReply:client-CECA27ED65B5->8cac6937-780c-4459-964a-dea4dcd51fd7@group-D84C501198B9, cid=2505, SUCCESS, logIndex=3689, commits[8cac6937-780c-4459-964a-dea4dcd51fd7:c3690, 9ed8676d-9460-465d-9905-fd43a52295f6:c3688, da64134c-6992-4903-9407-7df321e464db:c3688]
2019-07-09 09:59:28,172 INFO  client.GrpcClientProtocolClient (GrpcClientProtocolClient.java:onNext(255)) - client-CECA27ED65B5->8cac6937-780c-4459-964a-dea4dcd51fd7: receive RaftClientReply:client-CECA27ED65B5->8cac6937-780c-4459-964a-dea4dcd51fd7@group-D84C501198B9, cid=2506, SUCCESS, logIndex=3690, commits[8cac6937-780c-4459-964a-dea4dcd51fd7:c3692, 9ed8676d-9460-465d-9905-fd43a52295f6:c3688, da64134c-6992-4903-9407-7df321e464db:c3688]
2019-07-09 09:59:28,173 INFO  client.GrpcClientProtocolClient (GrpcClientProtocolClient.java:onNext(255)) - client-CECA27ED65B5->8cac6937-780c-4459-964a-dea4dcd51fd7: receive RaftClientReply:client-CECA27ED65B5->8cac6937-780c-4459-964a-dea4dcd51fd7@group-D84C501198B9, cid=2507, SUCCESS, logIndex=3691, commits[8cac6937-780c-4459-964a-dea4dcd51fd7:c3692, 9ed8676d-9460-465d-9905-fd43a52295f6:c3688, da64134c-6992-4903-9407-7df321e464db:c3688]
2019-07-09 09:59:28,173 INFO  client.GrpcClientProtocolClient (GrpcClientProtocolClient.java:onNext(255)) - client-CECA27ED65B5->8cac6937-780c-4459-964a-dea4dcd51fd7: receive RaftClientReply:client-CECA27ED65B5->8cac6937-780c-4459-964a-dea4dcd51fd7@group-D84C501198B9, cid=2508, SUCCESS, logIndex=3692, commits[8cac6937-780c-4459-964a-dea4dcd51fd7:c3692, 9ed8676d-9460-465d-9905-fd43a52295f6:c3688, da64134c-6992-4903-9407-7df321e464db:c3688]
2019-07-09 09:59:28,175 INFO  client.GrpcClientProtocolClient (GrpcClientProtocolClient.java:onNext(255)) - client-CECA27ED65B5->8cac6937-780c-4459-964a-dea4dcd51fd7: receive RaftClientReply:client-CECA27ED65B5->8cac6937-780c-4459-964a-dea4dcd51fd7@group-D84C501198B9, cid=2509, SUCCESS, logIndex=0, commits[8cac6937-780c-4459-964a-dea4dcd51fd7:c3696, 9ed8676d-9460-465d-9905-fd43a52295f6:c3692, da64134c-6992-4903-9407-7df321e464db:c3690]
2019-07-09 09:59:28,194 INFO  client.GrpcClientProtocolClient (GrpcClientProtocolClient.java:onNext(255)) - client-CECA27ED65B5->8cac6937-780c-4459-964a-dea4dcd51fd7: receive RaftClientReply:client-CECA27ED65B5->8cac6937-780c-4459-964a-dea4dcd51fd7@group-D84C501198B9, cid=2510, SUCCESS, logIndex=3697, commits[8cac6937-780c-4459-964a-dea4dcd51fd7:c3698, 9ed8676d-9460-465d-9905-fd43a52295f6:c3696, da64134c-6992-4903-9407-7df321e464db:c3696]
2019-07-09 09:59:28,194 INFO  client.GrpcClientProtocolClient (GrpcClientProtocolClient.java:onNext(255)) - client-CECA27ED65B5->8cac6937-780c-4459-964a-dea4dcd51fd7: receive RaftClientReply:client-CECA27ED65B5->8cac6937-780c-4459-964a-dea4dcd51fd7@group-D84C501198B9, cid=2511, SUCCESS, logIndex=3698, commits[8cac6937-780c-4459-964a-dea4dcd51fd7:c3698, 9ed8676d-9460-465d-9905-fd43a52295f6:c3696, da64134c-6992-4903-9407-7df321e464db:c3696]
2019-07-09 09:59:28,208 INFO  client.GrpcClientProtocolClient (GrpcClientProtocolClient.java:onNext(255)) - client-CECA27ED65B5->8cac6937-780c-4459-964a-dea4dcd51fd7: receive RaftClientReply:client-CECA27ED65B5->8cac6937-780c-4459-964a-dea4dcd51fd7@group-D84C501198B9, cid=2512, SUCCESS, logIndex=3701, commits[8cac6937-780c-4459-964a-dea4dcd51fd7:c3702, 9ed8676d-9460-465d-9905-fd43a52295f6:c3698, da64134c-6992-4903-9407-7df321e464db:c3698]
2019-07-09 09:59:28,208 INFO  client.GrpcClientProtocolClient (GrpcClientProtocolClient.java:onNext(255)) - client-CECA27ED65B5->8cac6937-780c-4459-964a-dea4dcd51fd7: receive RaftClientReply:client-CECA27ED65B5->8cac6937-780c-4459-964a-dea4dcd51fd7@group-D84C501198B9, cid=2513, SUCCESS, logIndex=3702, commits[8cac6937-780c-4459-964a-dea4dcd51fd7:c3702, 9ed8676d-9460-465d-9905-fd43a52295f6:c3698, da64134c-6992-4903-9407-7df321e464db:c3698]
2019-07-09 09:59:28,220 INFO  client.GrpcClientProtocolClient (GrpcClientProtocolClient.java:onNext(255)) - client-CECA27ED65B5->8cac6937-780c-4459-964a-dea4dcd51fd7: receive RaftClientReply:client-CECA27ED65B5->8cac6937-780c-4459-964a-dea4dcd51fd7@group-D84C501198B9, cid=2514, SUCCESS, logIndex=0, commits[8cac6937-780c-4459-964a-dea4dcd51fd7:c3703, 9ed8676d-9460-465d-9905-fd43a52295f6:c3702, da64134c-6992-4903-9407-7df321e464db:c3702]
2019-07-09 09:59:28,246 INFO  client.GrpcClientProtocolClient (GrpcClientProtocolClient.java:onNext(255)) - client-CECA27ED65B5->8cac6937-780c-4459-964a-dea4dcd51fd7: receive RaftClientReply:client-CECA27ED65B5->8cac6937-780c-4459-964a-dea4dcd51fd7@group-D84C501198B9, cid=2515, SUCCESS, logIndex=3705, commits[8cac6937-780c-4459-964a-dea4dcd51fd7:c3706, 9ed8676d-9460-465d-9905-fd43a52295f6:c3704, da64134c-6992-4903-9407-7df321e464db:c3704]
2019-07-09 09:59:28,247 INFO  client.GrpcClientProtocolClient (GrpcClientProtocolClient.java:onNext(255)) - client-CECA27ED65B5->8cac6937-780c-4459-964a-dea4dcd51fd7: receive RaftClientReply:client-CECA27ED65B5->8cac6937-780c-4459-964a-dea4dcd51fd7@group-D84C501198B9, cid=2516, SUCCESS, logIndex=3706, commits[8cac6937-780c-4459-964a-dea4dcd51fd7:c3706, 9ed8676d-9460-465d-9905-fd43a52295f6:c3704, da64134c-6992-4903-9407-7df321e464db:c3704]
2019-07-09 09:59:28,247 INFO  client.GrpcClientProtocolClient (GrpcClientProtocolClient.java:onNext(255)) - client-CECA27ED65B5->8cac6937-780c-4459-964a-dea4dcd51fd7: receive RaftClientReply:client-CECA27ED65B5->8cac6937-780c-4459-964a-dea4dcd51fd7@group-D84C501198B9, cid=2517, SUCCESS, logIndex=3707, commits[8cac6937-780c-4459-964a-dea4dcd51fd7:c3708, 9ed8676d-9460-465d-9905-fd43a52295f6:c3704, da64134c-6992-4903-9407-7df321e464db:c3704]
2019-07-09 09:59:28,248 INFO  client.GrpcClientProtocolClient (GrpcClientProtocolClient.java:onNext(255)) - client-CECA27ED65B5->8cac6937-780c-4459-964a-dea4dcd51fd7: receive RaftClientReply:client-CECA27ED65B5->8cac6937-780c-4459-964a-dea4dcd51fd7@group-D84C501198B9, cid=2518, SUCCESS, logIndex=3708, commits[8cac6937-780c-4459-964a-dea4dcd51fd7:c3708, 9ed8676d-9460-465d-9905-fd43a52295f6:c3704, da64134c-6992-4903-9407-7df321e464db:c3704]
2019-07-09 09:59:28,248 INFO  client.GrpcClientProtocolClient (GrpcClientProtocolClient.java:onNext(255)) - client-CECA27ED65B5->8cac6937-780c-4459-964a-dea4dcd51fd7: receive RaftClientReply:client-CECA27ED65B5->8cac6937-780c-4459-964a-dea4dcd51fd7@group-D84C501198B9, cid=2519, SUCCESS, logIndex=0, commits[8cac6937-780c-4459-964a-dea4dcd51fd7:c3709, 9ed8676d-9460-465d-9905-fd43a52295f6:c3706, da64134c-6992-4903-9407-7df321e464db:c3706]
 0.00% |█                                                                                                    |  0/1 Time: 0:00:202019-07-09 09:59:28,267 INFO  client.GrpcClientProtocolClient (GrpcClientProtocolClient.java:onNext(255)) - client-CECA27ED65B5->8cac6937-780c-4459-964a-dea4dcd51fd7: receive RaftClientReply:client-CECA27ED65B5->8cac6937-780c-4459-964a-dea4dcd51fd7@group-D84C501198B9, cid=2520, SUCCESS, logIndex=3713, commits[8cac6937-780c-4459-964a-dea4dcd51fd7:c3714, 9ed8676d-9460-465d-9905-fd43a52295f6:c3712, da64134c-6992-4903-9407-7df321e464db:c3712]
2019-07-09 09:59:28,268 INFO  client.GrpcClientProtocolClient (GrpcClientProtocolClient.java:onNext(255)) - client-CECA27ED65B5->8cac6937-780c-4459-964a-dea4dcd51fd7: receive RaftClientReply:client-CECA27ED65B5->8cac6937-780c-4459-964a-dea4dcd51fd7@group-D84C501198B9, cid=2521, SUCCESS, logIndex=3714, commits[8cac6937-780c-4459-964a-dea4dcd51fd7:c3714, 9ed8676d-9460-465d-9905-fd43a52295f6:c3712, da64134c-6992-4903-9407-7df321e464db:c3712]
2019-07-09 09:59:28,298 INFO  client.GrpcClientProtocolClient (GrpcClientProtocolClient.java:onNext(255)) - client-CECA27ED65B5->8cac6937-780c-4459-964a-dea4dcd51fd7: receive RaftClientReply:client-CECA27ED65B5->8cac6937-780c-4459-964a-dea4dcd51fd7@group-D84C501198B9, cid=2522, SUCCESS, logIndex=3717, commits[8cac6937-780c-4459-964a-dea4dcd51fd7:c3718, 9ed8676d-9460-465d-9905-fd43a52295f6:c3714, da64134c-6992-4903-9407-7df321e464db:c3714]
2019-07-09 09:59:28,298 INFO  client.GrpcClientProtocolClient (GrpcClientProtocolClient.java:onNext(255)) - client-CECA27ED65B5->8cac6937-780c-4459-964a-dea4dcd51fd7: receive RaftClientReply:client-CECA27ED65B5->8cac6937-780c-4459-964a-dea4dcd51fd7@group-D84C501198B9, cid=2523, SUCCESS, logIndex=3718, commits[8cac6937-780c-4459-964a-dea4dcd51fd7:c3718, 9ed8676d-9460-465d-9905-fd43a52295f6:c3714, da64134c-6992-4903-9407-7df321e464db:c3714]
2019-07-09 09:59:28,310 INFO  client.GrpcClientProtocolClient (GrpcClientProtocolClient.java:onNext(255)) - client-CECA27ED65B5->8cac6937-780c-4459-964a-dea4dcd51fd7: receive RaftClientReply:client-CECA27ED65B5->8cac6937-780c-4459-964a-dea4dcd51fd7@group-D84C501198B9, cid=2524, SUCCESS, logIndex=0, commits[8cac6937-780c-4459-964a-dea4dcd51fd7:c3720, 9ed8676d-9460-465d-9905-fd43a52295f6:c3718, da64134c-6992-4903-9407-7df321e464db:c3718]
2019-07-09 09:59:28,341 INFO  client.GrpcClientProtocolClient (GrpcClientProtocolClient.java:onNext(255)) - client-CECA27ED65B5->8cac6937-780c-4459-964a-dea4dcd51fd7: receive RaftClientReply:client-CECA27ED65B5->8cac6937-780c-4459-964a-dea4dcd51fd7@group-D84C501198B9, cid=2525, SUCCESS, logIndex=3721, commits[8cac6937-780c-4459-964a-dea4dcd51fd7:c3723, 9ed8676d-9460-465d-9905-fd43a52295f6:c3720, da64134c-6992-4903-9407-7df321e464db:c3720]
2019-07-09 09:59:28,341 INFO  client.GrpcClientProtocolClient (GrpcClientProtocolClient.java:onNext(255)) - client-CECA27ED65B5->8cac6937-780c-4459-964a-dea4dcd51fd7: receive RaftClientReply:client-CECA27ED65B5->8cac6937-780c-4459-964a-dea4dcd51fd7@group-D84C501198B9, cid=2526, SUCCESS, logIndex=3722, commits[8cac6937-780c-4459-964a-dea4dcd51fd7:c3724, 9ed8676d-9460-465d-9905-fd43a52295f6:c3720, da64134c-6992-4903-9407-7df321e464db:c3720]
2019-07-09 09:59:28,342 INFO  client.GrpcClientProtocolClient (GrpcClientProtocolClient.java:onNext(255)) - client-CECA27ED65B5->8cac6937-780c-4459-964a-dea4dcd51fd7: receive RaftClientReply:client-CECA27ED65B5->8cac6937-780c-4459-964a-dea4dcd51fd7@group-D84C501198B9, cid=2527, SUCCESS, logIndex=3723, commits[8cac6937-780c-4459-964a-dea4dcd51fd7:c3724, 9ed8676d-9460-465d-9905-fd43a52295f6:c3720, da64134c-6992-4903-9407-7df321e464db:c3720]
2019-07-09 09:59:28,342 INFO  client.GrpcClientProtocolClient (GrpcClientProtocolClient.java:onNext(255)) - client-CECA27ED65B5->8cac6937-780c-4459-964a-dea4dcd51fd7: receive RaftClientReply:client-CECA27ED65B5->8cac6937-780c-4459-964a-dea4dcd51fd7@group-D84C501198B9, cid=2528, SUCCESS, logIndex=3724, commits[8cac6937-780c-4459-964a-dea4dcd51fd7:c3725, 9ed8676d-9460-465d-9905-fd43a52295f6:c3720, da64134c-6992-4903-9407-7df321e464db:c3721]
2019-07-09 09:59:28,343 INFO  client.GrpcClientProtocolClient (GrpcClientProtocolClient.java:onNext(255)) - client-CECA27ED65B5->8cac6937-780c-4459-964a-dea4dcd51fd7: receive RaftClientReply:client-CECA27ED65B5->8cac6937-780c-4459-964a-dea4dcd51fd7@group-D84C501198B9, cid=2529, SUCCESS, logIndex=0, commits[8cac6937-780c-4459-964a-dea4dcd51fd7:c3727, 9ed8676d-9460-465d-9905-fd43a52295f6:c3723, da64134c-6992-4903-9407-7df321e464db:c3723]
2019-07-09 09:59:28,362 INFO  client.GrpcClientProtocolClient (GrpcClientProtocolClient.java:onNext(255)) - client-CECA27ED65B5->8cac6937-780c-4459-964a-dea4dcd51fd7: receive RaftClientReply:client-CECA27ED65B5->8cac6937-780c-4459-964a-dea4dcd51fd7@group-D84C501198B9, cid=2530, SUCCESS, logIndex=3729, commits[8cac6937-780c-4459-964a-dea4dcd51fd7:c3730, 9ed8676d-9460-465d-9905-fd43a52295f6:c3728, da64134c-6992-4903-9407-7df321e464db:c3728]
2019-07-09 09:59:28,363 INFO  client.GrpcClientProtocolClient (GrpcClientProtocolClient.java:onNext(255)) - client-CECA27ED65B5->8cac6937-780c-4459-964a-dea4dcd51fd7: receive RaftClientReply:client-CECA27ED65B5->8cac6937-780c-4459-964a-dea4dcd51fd7@group-D84C501198B9, cid=2531, SUCCESS, logIndex=3730, commits[8cac6937-780c-4459-964a-dea4dcd51fd7:c3730, 9ed8676d-9460-465d-9905-fd43a52295f6:c3728, da64134c-6992-4903-9407-7df321e464db:c3728]
2019-07-09 09:59:28,376 INFO  client.GrpcClientProtocolClient (GrpcClientProtocolClient.java:onNext(255)) - client-CECA27ED65B5->8cac6937-780c-4459-964a-dea4dcd51fd7: receive RaftClientReply:client-CECA27ED65B5->8cac6937-780c-4459-964a-dea4dcd51fd7@group-D84C501198B9, cid=2532, SUCCESS, logIndex=3733, commits[8cac6937-780c-4459-964a-dea4dcd51fd7:c3734, 9ed8676d-9460-465d-9905-fd43a52295f6:c3730, da64134c-6992-4903-9407-7df321e464db:c3730]
2019-07-09 09:59:28,376 INFO  client.GrpcClientProtocolClient (GrpcClientProtocolClient.java:onNext(255)) - client-CECA27ED65B5->8cac6937-780c-4459-964a-dea4dcd51fd7: receive RaftClientReply:client-CECA27ED65B5->8cac6937-780c-4459-964a-dea4dcd51fd7@group-D84C501198B9, cid=2533, SUCCESS, logIndex=3734, commits[8cac6937-780c-4459-964a-dea4dcd51fd7:c3734, 9ed8676d-9460-465d-9905-fd43a52295f6:c3730, da64134c-6992-4903-9407-7df321e464db:c3730]
2019-07-09 09:59:28,389 INFO  client.GrpcClientProtocolClient (GrpcClientProtocolClient.java:onNext(255)) - client-CECA27ED65B5->8cac6937-780c-4459-964a-dea4dcd51fd7: receive RaftClientReply:client-CECA27ED65B5->8cac6937-780c-4459-964a-dea4dcd51fd7@group-D84C501198B9, cid=2534, SUCCESS, logIndex=0, commits[8cac6937-780c-4459-964a-dea4dcd51fd7:c3736, 9ed8676d-9460-465d-9905-fd43a52295f6:c3734, da64134c-6992-4903-9407-7df321e464db:c3734]
2019-07-09 09:59:28,416 INFO  client.GrpcClientProtocolClient (GrpcClientProtocolClient.java:onNext(255)) - client-CECA27ED65B5->8cac6937-780c-4459-964a-dea4dcd51fd7: receive RaftClientReply:client-CECA27ED65B5->8cac6937-780c-4459-964a-dea4dcd51fd7@group-D84C501198B9, cid=2535, SUCCESS, logIndex=3737, commits[8cac6937-780c-4459-964a-dea4dcd51fd7:c3738, 9ed8676d-9460-465d-9905-fd43a52295f6:c3736, da64134c-6992-4903-9407-7df321e464db:c3736]
2019-07-09 09:59:28,416 INFO  client.GrpcClientProtocolClient (GrpcClientProtocolClient.java:onNext(255)) - client-CECA27ED65B5->8cac6937-780c-4459-964a-dea4dcd51fd7: receive RaftClientReply:client-CECA27ED65B5->8cac6937-780c-4459-964a-dea4dcd51fd7@group-D84C501198B9, cid=2536, SUCCESS, logIndex=3738, commits[8cac6937-780c-4459-964a-dea4dcd51fd7:c3738, 9ed8676d-9460-465d-9905-fd43a52295f6:c3736, da64134c-6992-4903-9407-7df321e464db:c3736]
2019-07-09 09:59:28,417 INFO  client.GrpcClientProtocolClient (GrpcClientProtocolClient.java:onNext(255)) - client-CECA27ED65B5->8cac6937-780c-4459-964a-dea4dcd51fd7: receive RaftClientReply:client-CECA27ED65B5->8cac6937-780c-4459-964a-dea4dcd51fd7@group-D84C501198B9, cid=2537, SUCCESS, logIndex=3739, commits[8cac6937-780c-4459-964a-dea4dcd51fd7:c3740, 9ed8676d-9460-465d-9905-fd43a52295f6:c3736, da64134c-6992-4903-9407-7df321e464db:c3736]
2019-07-09 09:59:28,417 INFO  client.GrpcClientProtocolClient (GrpcClientProtocolClient.java:onNext(255)) - client-CECA27ED65B5->8cac6937-780c-4459-964a-dea4dcd51fd7: receive RaftClientReply:client-CECA27ED65B5->8cac6937-780c-4459-964a-dea4dcd51fd7@group-D84C501198B9, cid=2538, SUCCESS, logIndex=3740, commits[8cac6937-780c-4459-964a-dea4dcd51fd7:c3740, 9ed8676d-9460-465d-9905-fd43a52295f6:c3736, da64134c-6992-4903-9407-7df321e464db:c3736]
2019-07-09 09:59:28,430 INFO  client.GrpcClientProtocolClient (GrpcClientProtocolClient.java:onNext(255)) - client-CECA27ED65B5->8cac6937-780c-4459-964a-dea4dcd51fd7: receive RaftClientReply:client-CECA27ED65B5->8cac6937-780c-4459-964a-dea4dcd51fd7@group-D84C501198B9, cid=2539, SUCCESS, logIndex=0, commits[8cac6937-780c-4459-964a-dea4dcd51fd7:c3742, 9ed8676d-9460-465d-9905-fd43a52295f6:c3738, da64134c-6992-4903-9407-7df321e464db:c3738]
2019-07-09 09:59:28,449 INFO  client.GrpcClientProtocolClient (GrpcClientProtocolClient.java:onNext(255)) - client-CECA27ED65B5->8cac6937-780c-4459-964a-dea4dcd51fd7: receive RaftClientReply:client-CECA27ED65B5->8cac6937-780c-4459-964a-dea4dcd51fd7@group-D84C501198B9, cid=2540, SUCCESS, logIndex=3745, commits[8cac6937-780c-4459-964a-dea4dcd51fd7:c3746, 9ed8676d-9460-465d-9905-fd43a52295f6:c3744, da64134c-6992-4903-9407-7df321e464db:c3744]
2019-07-09 09:59:28,449 INFO  client.GrpcClientProtocolClient (GrpcClientProtocolClient.java:onNext(255)) - client-CECA27ED65B5->8cac6937-780c-4459-964a-dea4dcd51fd7: receive RaftClientReply:client-CECA27ED65B5->8cac6937-780c-4459-964a-dea4dcd51fd7@group-D84C501198B9, cid=2541, SUCCESS, logIndex=3746, commits[8cac6937-780c-4459-964a-dea4dcd51fd7:c3746, 9ed8676d-9460-465d-9905-fd43a52295f6:c3744, da64134c-6992-4903-9407-7df321e464db:c3744]
2019-07-09 09:59:28,463 INFO  client.GrpcClientProtocolClient (GrpcClientProtocolClient.java:onNext(255)) - client-CECA27ED65B5->8cac6937-780c-4459-964a-dea4dcd51fd7: receive RaftClientReply:client-CECA27ED65B5->8cac6937-780c-4459-964a-dea4dcd51fd7@group-D84C501198B9, cid=2542, SUCCESS, logIndex=3749, commits[8cac6937-780c-4459-964a-dea4dcd51fd7:c3749, 9ed8676d-9460-465d-9905-fd43a52295f6:c3746, da64134c-6992-4903-9407-7df321e464db:c3746]
2019-07-09 09:59:28,464 INFO  client.GrpcClientProtocolClient (GrpcClientProtocolClient.java:onNext(255)) - client-CECA27ED65B5->8cac6937-780c-4459-964a-dea4dcd51fd7: receive RaftClientReply:client-CECA27ED65B5->8cac6937-780c-4459-964a-dea4dcd51fd7@group-D84C501198B9, cid=2543, SUCCESS, logIndex=3750, commits[8cac6937-780c-4459-964a-dea4dcd51fd7:c3750, 9ed8676d-9460-465d-9905-fd43a52295f6:c3746, da64134c-6992-4903-9407-7df321e464db:c3746]
2019-07-09 09:59:28,476 INFO  client.GrpcClientProtocolClient (GrpcClientProtocolClient.java:onNext(255)) - client-CECA27ED65B5->8cac6937-780c-4459-964a-dea4dcd51fd7: receive RaftClientReply:client-CECA27ED65B5->8cac6937-780c-4459-964a-dea4dcd51fd7@group-D84C501198B9, cid=2544, SUCCESS, logIndex=0, commits[8cac6937-780c-4459-964a-dea4dcd51fd7:c3752, 9ed8676d-9460-465d-9905-fd43a52295f6:c3750, da64134c-6992-4903-9407-7df321e464db:c3750]
2019-07-09 09:59:28,507 INFO  client.GrpcClientProtocolClient (GrpcClientProtocolClient.java:onNext(255)) - client-CECA27ED65B5->8cac6937-780c-4459-964a-dea4dcd51fd7: receive RaftClientReply:client-CECA27ED65B5->8cac6937-780c-4459-964a-dea4dcd51fd7@group-D84C501198B9, cid=2545, SUCCESS, logIndex=3753, commits[8cac6937-780c-4459-964a-dea4dcd51fd7:c3754, 9ed8676d-9460-465d-9905-fd43a52295f6:c3752, da64134c-6992-4903-9407-7df321e464db:c3752]
2019-07-09 09:59:28,507 INFO  client.GrpcClientProtocolClient (GrpcClientProtocolClient.java:onNext(255)) - client-CECA27ED65B5->8cac6937-780c-4459-964a-dea4dcd51fd7: receive RaftClientReply:client-CECA27ED65B5->8cac6937-780c-4459-964a-dea4dcd51fd7@group-D84C501198B9, cid=2546, SUCCESS, logIndex=3754, commits[8cac6937-780c-4459-964a-dea4dcd51fd7:c3756, 9ed8676d-9460-465d-9905-fd43a52295f6:c3752, da64134c-6992-4903-9407-7df321e464db:c3752]
2019-07-09 09:59:28,508 INFO  client.GrpcClientProtocolClient (GrpcClientProtocolClient.java:onNext(255)) - client-CECA27ED65B5->8cac6937-780c-4459-964a-dea4dcd51fd7: receive RaftClientReply:client-CECA27ED65B5->8cac6937-780c-4459-964a-dea4dcd51fd7@group-D84C501198B9, cid=2547, SUCCESS, logIndex=3755, commits[8cac6937-780c-4459-964a-dea4dcd51fd7:c3756, 9ed8676d-9460-465d-9905-fd43a52295f6:c3752, da64134c-6992-4903-9407-7df321e464db:c3752]
2019-07-09 09:59:28,508 INFO  client.GrpcClientProtocolClient (GrpcClientProtocolClient.java:onNext(255)) - client-CECA27ED65B5->8cac6937-780c-4459-964a-dea4dcd51fd7: receive RaftClientReply:client-CECA27ED65B5->8cac6937-780c-4459-964a-dea4dcd51fd7@group-D84C501198B9, cid=2548, SUCCESS, logIndex=3756, commits[8cac6937-780c-4459-964a-dea4dcd51fd7:c3756, 9ed8676d-9460-465d-9905-fd43a52295f6:c3752, da64134c-6992-4903-9407-7df321e464db:c3752]
2019-07-09 09:59:28,511 INFO  client.GrpcClientProtocolClient (GrpcClientProtocolClient.java:onNext(255)) - client-CECA27ED65B5->8cac6937-780c-4459-964a-dea4dcd51fd7: receive RaftClientReply:client-CECA27ED65B5->8cac6937-780c-4459-964a-dea4dcd51fd7@group-D84C501198B9, cid=2549, SUCCESS, logIndex=0, commits[8cac6937-780c-4459-964a-dea4dcd51fd7:c3758, 9ed8676d-9460-465d-9905-fd43a52295f6:c3754, da64134c-6992-4903-9407-7df321e464db:c3754]
2019-07-09 09:59:28,530 INFO  client.GrpcClientProtocolClient (GrpcClientProtocolClient.java:onNext(255)) - client-CECA27ED65B5->8cac6937-780c-4459-964a-dea4dcd51fd7: receive RaftClientReply:client-CECA27ED65B5->8cac6937-780c-4459-964a-dea4dcd51fd7@group-D84C501198B9, cid=2550, SUCCESS, logIndex=3760, commits[8cac6937-780c-4459-964a-dea4dcd51fd7:c3761, 9ed8676d-9460-465d-9905-fd43a52295f6:c3759, da64134c-6992-4903-9407-7df321e464db:c3759]
2019-07-09 09:59:28,531 INFO  client.GrpcClientProtocolClient (GrpcClientProtocolClient.java:onNext(255)) - client-CECA27ED65B5->8cac6937-780c-4459-964a-dea4dcd51fd7: receive RaftClientReply:client-CECA27ED65B5->8cac6937-780c-4459-964a-dea4dcd51fd7@group-D84C501198B9, cid=2551, SUCCESS, logIndex=3761, commits[8cac6937-780c-4459-964a-dea4dcd51fd7:c3761, 9ed8676d-9460-465d-9905-fd43a52295f6:c3759, da64134c-6992-4903-9407-7df321e464db:c3759]
2019-07-09 09:59:28,544 INFO  client.GrpcClientProtocolClient (GrpcClientProtocolClient.java:onNext(255)) - client-CECA27ED65B5->8cac6937-780c-4459-964a-dea4dcd51fd7: receive RaftClientReply:client-CECA27ED65B5->8cac6937-780c-4459-964a-dea4dcd51fd7@group-D84C501198B9, cid=2552, SUCCESS, logIndex=3764, commits[8cac6937-780c-4459-964a-dea4dcd51fd7:c3765, 9ed8676d-9460-465d-9905-fd43a52295f6:c3761, da64134c-6992-4903-9407-7df321e464db:c3761]
2019-07-09 09:59:28,544 INFO  client.GrpcClientProtocolClient (GrpcClientProtocolClient.java:onNext(255)) - client-CECA27ED65B5->8cac6937-780c-4459-964a-dea4dcd51fd7: receive RaftClientReply:client-CECA27ED65B5->8cac6937-780c-4459-964a-dea4dcd51fd7@group-D84C501198B9, cid=2553, SUCCESS, logIndex=3765, commits[8cac6937-780c-4459-964a-dea4dcd51fd7:c3765, 9ed8676d-9460-465d-9905-fd43a52295f6:c3761, da64134c-6992-4903-9407-7df321e464db:c3761]
2019-07-09 09:59:28,569 INFO  client.GrpcClientProtocolClient (GrpcClientProtocolClient.java:onNext(255)) - client-CECA27ED65B5->8cac6937-780c-4459-964a-dea4dcd51fd7: receive RaftClientReply:client-CECA27ED65B5->8cac6937-780c-4459-964a-dea4dcd51fd7@group-D84C501198B9, cid=2554, SUCCESS, logIndex=0, commits[8cac6937-780c-4459-964a-dea4dcd51fd7:c3767, 9ed8676d-9460-465d-9905-fd43a52295f6:c3765, da64134c-6992-4903-9407-7df321e464db:c3765]
2019-07-09 09:59:28,599 INFO  client.GrpcClientProtocolClient (GrpcClientProtocolClient.java:onNext(255)) - client-CECA27ED65B5->8cac6937-780c-4459-964a-dea4dcd51fd7: receive RaftClientReply:client-CECA27ED65B5->8cac6937-780c-4459-964a-dea4dcd51fd7@group-D84C501198B9, cid=2555, SUCCESS, logIndex=3768, commits[8cac6937-780c-4459-964a-dea4dcd51fd7:c3769, 9ed8676d-9460-465d-9905-fd43a52295f6:c3767, da64134c-6992-4903-9407-7df321e464db:c3767]
2019-07-09 09:59:28,599 INFO  client.GrpcClientProtocolClient (GrpcClientProtocolClient.java:onNext(255)) - client-CECA27ED65B5->8cac6937-780c-4459-964a-dea4dcd51fd7: receive RaftClientReply:client-CECA27ED65B5->8cac6937-780c-4459-964a-dea4dcd51fd7@group-D84C501198B9, cid=2556, SUCCESS, logIndex=3769, commits[8cac6937-780c-4459-964a-dea4dcd51fd7:c3771, 9ed8676d-9460-465d-9905-fd43a52295f6:c3767, da64134c-6992-4903-9407-7df321e464db:c3767]
2019-07-09 09:59:28,600 INFO  client.GrpcClientProtocolClient (GrpcClientProtocolClient.java:onNext(255)) - client-CECA27ED65B5->8cac6937-780c-4459-964a-dea4dcd51fd7: receive RaftClientReply:client-CECA27ED65B5->8cac6937-780c-4459-964a-dea4dcd51fd7@group-D84C501198B9, cid=2557, SUCCESS, logIndex=3770, commits[8cac6937-780c-4459-964a-dea4dcd51fd7:c3771, 9ed8676d-9460-465d-9905-fd43a52295f6:c3767, da64134c-6992-4903-9407-7df321e464db:c3767]
2019-07-09 09:59:28,600 INFO  client.GrpcClientProtocolClient (GrpcClientProtocolClient.java:onNext(255)) - client-CECA27ED65B5->8cac6937-780c-4459-964a-dea4dcd51fd7: receive RaftClientReply:client-CECA27ED65B5->8cac6937-780c-4459-964a-dea4dcd51fd7@group-D84C501198B9, cid=2558, SUCCESS, logIndex=3771, commits[8cac6937-780c-4459-964a-dea4dcd51fd7:c3771, 9ed8676d-9460-465d-9905-fd43a52295f6:c3767, da64134c-6992-4903-9407-7df321e464db:c3767]
2019-07-09 09:59:28,613 INFO  client.GrpcClientProtocolClient (GrpcClientProtocolClient.java:onNext(255)) - client-CECA27ED65B5->8cac6937-780c-4459-964a-dea4dcd51fd7: receive RaftClientReply:client-CECA27ED65B5->8cac6937-780c-4459-964a-dea4dcd51fd7@group-D84C501198B9, cid=2559, SUCCESS, logIndex=0, commits[8cac6937-780c-4459-964a-dea4dcd51fd7:c3773, 9ed8676d-9460-465d-9905-fd43a52295f6:c3769, da64134c-6992-4903-9407-7df321e464db:c3769]
2019-07-09 09:59:28,631 INFO  client.GrpcClientProtocolClient (GrpcClientProtocolClient.java:onNext(255)) - client-CECA27ED65B5->8cac6937-780c-4459-964a-dea4dcd51fd7: receive RaftClientReply:client-CECA27ED65B5->8cac6937-780c-4459-964a-dea4dcd51fd7@group-D84C501198B9, cid=2560, SUCCESS, logIndex=3776, commits[8cac6937-780c-4459-964a-dea4dcd51fd7:c3777, 9ed8676d-9460-465d-9905-fd43a52295f6:c3775, da64134c-6992-4903-9407-7df321e464db:c3775]
2019-07-09 09:59:28,632 INFO  client.GrpcClientProtocolClient (GrpcClientProtocolClient.java:onNext(255)) - client-CECA27ED65B5->8cac6937-780c-4459-964a-dea4dcd51fd7: receive RaftClientReply:client-CECA27ED65B5->8cac6937-780c-4459-964a-dea4dcd51fd7@group-D84C501198B9, cid=2561, SUCCESS, logIndex=3777, commits[8cac6937-780c-4459-964a-dea4dcd51fd7:c3777, 9ed8676d-9460-465d-9905-fd43a52295f6:c3775, da64134c-6992-4903-9407-7df321e464db:c3775]
2019-07-09 09:59:28,647 INFO  client.GrpcClientProtocolClient (GrpcClientProtocolClient.java:onNext(255)) - client-CECA27ED65B5->8cac6937-780c-4459-964a-dea4dcd51fd7: receive RaftClientReply:client-CECA27ED65B5->8cac6937-780c-4459-964a-dea4dcd51fd7@group-D84C501198B9, cid=2562, SUCCESS, logIndex=3780, commits[8cac6937-780c-4459-964a-dea4dcd51fd7:c3781, 9ed8676d-9460-465d-9905-fd43a52295f6:c3777, da64134c-6992-4903-9407-7df321e464db:c3777]
2019-07-09 09:59:28,647 INFO  client.GrpcClientProtocolClient (GrpcClientProtocolClient.java:onNext(255)) - client-CECA27ED65B5->8cac6937-780c-4459-964a-dea4dcd51fd7: receive RaftClientReply:client-CECA27ED65B5->8cac6937-780c-4459-964a-dea4dcd51fd7@group-D84C501198B9, cid=2563, SUCCESS, logIndex=3781, commits[8cac6937-780c-4459-964a-dea4dcd51fd7:c3781, 9ed8676d-9460-465d-9905-fd43a52295f6:c3777, da64134c-6992-4903-9407-7df321e464db:c3777]
2019-07-09 09:59:28,660 INFO  client.GrpcClientProtocolClient (GrpcClientProtocolClient.java:onNext(255)) - client-CECA27ED65B5->8cac6937-780c-4459-964a-dea4dcd51fd7: receive RaftClientReply:client-CECA27ED65B5->8cac6937-780c-4459-964a-dea4dcd51fd7@group-D84C501198B9, cid=2564, SUCCESS, logIndex=0, commits[8cac6937-780c-4459-964a-dea4dcd51fd7:c3783, 9ed8676d-9460-465d-9905-fd43a52295f6:c3781, da64134c-6992-4903-9407-7df321e464db:c3781]
2019-07-09 09:59:28,689 INFO  client.GrpcClientProtocolClient (GrpcClientProtocolClient.java:onNext(255)) - client-CECA27ED65B5->8cac6937-780c-4459-964a-dea4dcd51fd7: receive RaftClientReply:client-CECA27ED65B5->8cac6937-780c-4459-964a-dea4dcd51fd7@group-D84C501198B9, cid=2565, SUCCESS, logIndex=3784, commits[8cac6937-780c-4459-964a-dea4dcd51fd7:c3785, 9ed8676d-9460-465d-9905-fd43a52295f6:c3783, da64134c-6992-4903-9407-7df321e464db:c3783]
2019-07-09 09:59:28,689 INFO  client.GrpcClientProtocolClient (GrpcClientProtocolClient.java:onNext(255)) - client-CECA27ED65B5->8cac6937-780c-4459-964a-dea4dcd51fd7: receive RaftClientReply:client-CECA27ED65B5->8cac6937-780c-4459-964a-dea4dcd51fd7@group-D84C501198B9, cid=2566, SUCCESS, logIndex=3785, commits[8cac6937-780c-4459-964a-dea4dcd51fd7:c3787, 9ed8676d-9460-465d-9905-fd43a52295f6:c3783, da64134c-6992-4903-9407-7df321e464db:c3783]
2019-07-09 09:59:28,690 INFO  client.GrpcClientProtocolClient (GrpcClientProtocolClient.java:onNext(255)) - client-CECA27ED65B5->8cac6937-780c-4459-964a-dea4dcd51fd7: receive RaftClientReply:client-CECA27ED65B5->8cac6937-780c-4459-964a-dea4dcd51fd7@group-D84C501198B9, cid=2567, SUCCESS, logIndex=3786, commits[8cac6937-780c-4459-964a-dea4dcd51fd7:c3787, 9ed8676d-9460-465d-9905-fd43a52295f6:c3783, da64134c-6992-4903-9407-7df321e464db:c3783]
2019-07-09 09:59:28,690 INFO  client.GrpcClientProtocolClient (GrpcClientProtocolClient.java:onNext(255)) - client-CECA27ED65B5->8cac6937-780c-4459-964a-dea4dcd51fd7: receive RaftClientReply:client-CECA27ED65B5->8cac6937-780c-4459-964a-dea4dcd51fd7@group-D84C501198B9, cid=2568, SUCCESS, logIndex=3787, commits[8cac6937-780c-4459-964a-dea4dcd51fd7:c3787, 9ed8676d-9460-465d-9905-fd43a52295f6:c3783, da64134c-6992-4903-9407-7df321e464db:c3783]
2019-07-09 09:59:28,693 INFO  client.GrpcClientProtocolClient (GrpcClientProtocolClient.java:onNext(255)) - client-CECA27ED65B5->8cac6937-780c-4459-964a-dea4dcd51fd7: receive RaftClientReply:client-CECA27ED65B5->8cac6937-780c-4459-964a-dea4dcd51fd7@group-D84C501198B9, cid=2569, SUCCESS, logIndex=0, commits[8cac6937-780c-4459-964a-dea4dcd51fd7:c3788, 9ed8676d-9460-465d-9905-fd43a52295f6:c3785, da64134c-6992-4903-9407-7df321e464db:c3785]
2019-07-09 09:59:28,706 INFO  client.GrpcClientProtocolClient (GrpcClientProtocolClient.java:onNext(255)) - client-CECA27ED65B5->8cac6937-780c-4459-964a-dea4dcd51fd7: receive RaftClientReply:client-CECA27ED65B5->8cac6937-780c-4459-964a-dea4dcd51fd7@group-D84C501198B9, cid=2570, SUCCESS, logIndex=3792, commits[8cac6937-780c-4459-964a-dea4dcd51fd7:c3793, 9ed8676d-9460-465d-9905-fd43a52295f6:c3787, da64134c-6992-4903-9407-7df321e464db:c3790]
2019-07-09 09:59:28,706 INFO  client.GrpcClientProtocolClient (GrpcClientProtocolClient.java:onNext(255)) - client-CECA27ED65B5->8cac6937-780c-4459-964a-dea4dcd51fd7: receive RaftClientReply:client-CECA27ED65B5->8cac6937-780c-4459-964a-dea4dcd51fd7@group-D84C501198B9, cid=2571, SUCCESS, logIndex=3793, commits[8cac6937-780c-4459-964a-dea4dcd51fd7:c3793, 9ed8676d-9460-465d-9905-fd43a52295f6:c3790, da64134c-6992-4903-9407-7df321e464db:c3790]
2019-07-09 09:59:28,725 INFO  client.GrpcClientProtocolClient (GrpcClientProtocolClient.java:onNext(255)) - client-CECA27ED65B5->8cac6937-780c-4459-964a-dea4dcd51fd7: receive RaftClientReply:client-CECA27ED65B5->8cac6937-780c-4459-964a-dea4dcd51fd7@group-D84C501198B9, cid=2572, SUCCESS, logIndex=3796, commits[8cac6937-780c-4459-964a-dea4dcd51fd7:c3797, 9ed8676d-9460-465d-9905-fd43a52295f6:c3795, da64134c-6992-4903-9407-7df321e464db:c3795]
2019-07-09 09:59:28,725 INFO  client.GrpcClientProtocolClient (GrpcClientProtocolClient.java:onNext(255)) - client-CECA27ED65B5->8cac6937-780c-4459-964a-dea4dcd51fd7: receive RaftClientReply:client-CECA27ED65B5->8cac6937-780c-4459-964a-dea4dcd51fd7@group-D84C501198B9, cid=2573, SUCCESS, logIndex=3797, commits[8cac6937-780c-4459-964a-dea4dcd51fd7:c3797, 9ed8676d-9460-465d-9905-fd43a52295f6:c3795, da64134c-6992-4903-9407-7df321e464db:c3795]
2019-07-09 09:59:28,739 INFO  client.GrpcClientProtocolClient (GrpcClientProtocolClient.java:onNext(255)) - client-CECA27ED65B5->8cac6937-780c-4459-964a-dea4dcd51fd7: receive RaftClientReply:client-CECA27ED65B5->8cac6937-780c-4459-964a-dea4dcd51fd7@group-D84C501198B9, cid=2574, SUCCESS, logIndex=0, commits[8cac6937-780c-4459-964a-dea4dcd51fd7:c3799, 9ed8676d-9460-465d-9905-fd43a52295f6:c3797, da64134c-6992-4903-9407-7df321e464db:c3797]
2019-07-09 09:59:28,768 INFO  client.GrpcClientProtocolClient (GrpcClientProtocolClient.java:onNext(255)) - client-CECA27ED65B5->8cac6937-780c-4459-964a-dea4dcd51fd7: receive RaftClientReply:client-CECA27ED65B5->8cac6937-780c-4459-964a-dea4dcd51fd7@group-D84C501198B9, cid=2575, SUCCESS, logIndex=3800, commits[8cac6937-780c-4459-964a-dea4dcd51fd7:c3801, 9ed8676d-9460-465d-9905-fd43a52295f6:c3799, da64134c-6992-4903-9407-7df321e464db:c3799]
2019-07-09 09:59:28,768 INFO  client.GrpcClientProtocolClient (GrpcClientProtocolClient.java:onNext(255)) - client-CECA27ED65B5->8cac6937-780c-4459-964a-dea4dcd51fd7: receive RaftClientReply:client-CECA27ED65B5->8cac6937-780c-4459-964a-dea4dcd51fd7@group-D84C501198B9, cid=2576, SUCCESS, logIndex=3801, commits[8cac6937-780c-4459-964a-dea4dcd51fd7:c3801, 9ed8676d-9460-465d-9905-fd43a52295f6:c3799, da64134c-6992-4903-9407-7df321e464db:c3799]
2019-07-09 09:59:28,769 INFO  client.GrpcClientProtocolClient (GrpcClientProtocolClient.java:onNext(255)) - client-CECA27ED65B5->8cac6937-780c-4459-964a-dea4dcd51fd7: receive RaftClientReply:client-CECA27ED65B5->8cac6937-780c-4459-964a-dea4dcd51fd7@group-D84C501198B9, cid=2577, SUCCESS, logIndex=3802, commits[8cac6937-780c-4459-964a-dea4dcd51fd7:c3803, 9ed8676d-9460-465d-9905-fd43a52295f6:c3799, da64134c-6992-4903-9407-7df321e464db:c3799]
2019-07-09 09:59:28,769 INFO  client.GrpcClientProtocolClient (GrpcClientProtocolClient.java:onNext(255)) - client-CECA27ED65B5->8cac6937-780c-4459-964a-dea4dcd51fd7: receive RaftClientReply:client-CECA27ED65B5->8cac6937-780c-4459-964a-dea4dcd51fd7@group-D84C501198B9, cid=2578, SUCCESS, logIndex=3803, commits[8cac6937-780c-4459-964a-dea4dcd51fd7:c3803, 9ed8676d-9460-465d-9905-fd43a52295f6:c3799, da64134c-6992-4903-9407-7df321e464db:c3799]
2019-07-09 09:59:28,781 INFO  client.GrpcClientProtocolClient (GrpcClientProtocolClient.java:onNext(255)) - client-CECA27ED65B5->8cac6937-780c-4459-964a-dea4dcd51fd7: receive RaftClientReply:client-CECA27ED65B5->8cac6937-780c-4459-964a-dea4dcd51fd7@group-D84C501198B9, cid=2579, SUCCESS, logIndex=0, commits[8cac6937-780c-4459-964a-dea4dcd51fd7:c3805, 9ed8676d-9460-465d-9905-fd43a52295f6:c3801, da64134c-6992-4903-9407-7df321e464db:c3801]
2019-07-09 09:59:28,908 INFO  client.GrpcClientProtocolClient (GrpcClientProtocolClient.java:onNext(255)) - client-CECA27ED65B5->8cac6937-780c-4459-964a-dea4dcd51fd7: receive RaftClientReply:client-CECA27ED65B5->8cac6937-780c-4459-964a-dea4dcd51fd7@group-D84C501198B9, cid=2580, SUCCESS, logIndex=3808, commits[8cac6937-780c-4459-964a-dea4dcd51fd7:c3809, 9ed8676d-9460-465d-9905-fd43a52295f6:c3807, da64134c-6992-4903-9407-7df321e464db:c3807]
2019-07-09 09:59:28,908 INFO  client.GrpcClientProtocolClient (GrpcClientProtocolClient.java:onNext(255)) - client-CECA27ED65B5->8cac6937-780c-4459-964a-dea4dcd51fd7: receive RaftClientReply:client-CECA27ED65B5->8cac6937-780c-4459-964a-dea4dcd51fd7@group-D84C501198B9, cid=2581, SUCCESS, logIndex=3809, commits[8cac6937-780c-4459-964a-dea4dcd51fd7:c3809, 9ed8676d-9460-465d-9905-fd43a52295f6:c3807, da64134c-6992-4903-9407-7df321e464db:c3807]
2019-07-09 09:59:28,922 INFO  client.GrpcClientProtocolClient (GrpcClientProtocolClient.java:onNext(255)) - client-CECA27ED65B5->8cac6937-780c-4459-964a-dea4dcd51fd7: receive RaftClientReply:client-CECA27ED65B5->8cac6937-780c-4459-964a-dea4dcd51fd7@group-D84C501198B9, cid=2582, SUCCESS, logIndex=3812, commits[8cac6937-780c-4459-964a-dea4dcd51fd7:c3813, 9ed8676d-9460-465d-9905-fd43a52295f6:c3809, da64134c-6992-4903-9407-7df321e464db:c3809]
2019-07-09 09:59:28,922 INFO  client.GrpcClientProtocolClient (GrpcClientProtocolClient.java:onNext(255)) - client-CECA27ED65B5->8cac6937-780c-4459-964a-dea4dcd51fd7: receive RaftClientReply:client-CECA27ED65B5->8cac6937-780c-4459-964a-dea4dcd51fd7@group-D84C501198B9, cid=2583, SUCCESS, logIndex=3813, commits[8cac6937-780c-4459-964a-dea4dcd51fd7:c3813, 9ed8676d-9460-465d-9905-fd43a52295f6:c3809, da64134c-6992-4903-9407-7df321e464db:c3809]
2019-07-09 09:59:28,937 INFO  client.GrpcClientProtocolClient (GrpcClientProtocolClient.java:onNext(255)) - client-CECA27ED65B5->8cac6937-780c-4459-964a-dea4dcd51fd7: receive RaftClientReply:client-CECA27ED65B5->8cac6937-780c-4459-964a-dea4dcd51fd7@group-D84C501198B9, cid=2584, SUCCESS, logIndex=0, commits[8cac6937-780c-4459-964a-dea4dcd51fd7:c3815, 9ed8676d-9460-465d-9905-fd43a52295f6:c3813, da64134c-6992-4903-9407-7df321e464db:c3813]
2019-07-09 09:59:28,971 INFO  client.GrpcClientProtocolClient (GrpcClientProtocolClient.java:onNext(255)) - client-CECA27ED65B5->8cac6937-780c-4459-964a-dea4dcd51fd7: receive RaftClientReply:client-CECA27ED65B5->8cac6937-780c-4459-964a-dea4dcd51fd7@group-D84C501198B9, cid=2585, SUCCESS, logIndex=3816, commits[8cac6937-780c-4459-964a-dea4dcd51fd7:c3817, 9ed8676d-9460-465d-9905-fd43a52295f6:c3815, da64134c-6992-4903-9407-7df321e464db:c3815]
2019-07-09 09:59:28,971 INFO  client.GrpcClientProtocolClient (GrpcClientProtocolClient.java:onNext(255)) - client-CECA27ED65B5->8cac6937-780c-4459-964a-dea4dcd51fd7: receive RaftClientReply:client-CECA27ED65B5->8cac6937-780c-4459-964a-dea4dcd51fd7@group-D84C501198B9, cid=2586, SUCCESS, logIndex=3817, commits[8cac6937-780c-4459-964a-dea4dcd51fd7:c3818, 9ed8676d-9460-465d-9905-fd43a52295f6:c3815, da64134c-6992-4903-9407-7df321e464db:c3815]
2019-07-09 09:59:28,972 INFO  client.GrpcClientProtocolClient (GrpcClientProtocolClient.java:onNext(255)) - client-CECA27ED65B5->8cac6937-780c-4459-964a-dea4dcd51fd7: receive RaftClientReply:client-CECA27ED65B5->8cac6937-780c-4459-964a-dea4dcd51fd7@group-D84C501198B9, cid=2587, SUCCESS, logIndex=3818, commits[8cac6937-780c-4459-964a-dea4dcd51fd7:c3819, 9ed8676d-9460-465d-9905-fd43a52295f6:c3815, da64134c-6992-4903-9407-7df321e464db:c3815]
2019-07-09 09:59:28,972 INFO  client.GrpcClientProtocolClient (GrpcClientProtocolClient.java:onNext(255)) - client-CECA27ED65B5->8cac6937-780c-4459-964a-dea4dcd51fd7: receive RaftClientReply:client-CECA27ED65B5->8cac6937-780c-4459-964a-dea4dcd51fd7@group-D84C501198B9, cid=2588, SUCCESS, logIndex=3819, commits[8cac6937-780c-4459-964a-dea4dcd51fd7:c3819, 9ed8676d-9460-465d-9905-fd43a52295f6:c3815, da64134c-6992-4903-9407-7df321e464db:c3815]
2019-07-09 09:59:28,985 INFO  client.GrpcClientProtocolClient (GrpcClientProtocolClient.java:onNext(255)) - client-CECA27ED65B5->8cac6937-780c-4459-964a-dea4dcd51fd7: receive RaftClientReply:client-CECA27ED65B5->8cac6937-780c-4459-964a-dea4dcd51fd7@group-D84C501198B9, cid=2589, SUCCESS, logIndex=0, commits[8cac6937-780c-4459-964a-dea4dcd51fd7:c3821, 9ed8676d-9460-465d-9905-fd43a52295f6:c3817, da64134c-6992-4903-9407-7df321e464db:c3817]
2019-07-09 09:59:29,040 INFO  client.GrpcClientProtocolClient (GrpcClientProtocolClient.java:onNext(255)) - client-CECA27ED65B5->8cac6937-780c-4459-964a-dea4dcd51fd7: receive RaftClientReply:client-CECA27ED65B5->8cac6937-780c-4459-964a-dea4dcd51fd7@group-D84C501198B9, cid=2590, SUCCESS, logIndex=3824, commits[8cac6937-780c-4459-964a-dea4dcd51fd7:c3825, 9ed8676d-9460-465d-9905-fd43a52295f6:c3823, da64134c-6992-4903-9407-7df321e464db:c3823]
2019-07-09 09:59:29,040 INFO  client.GrpcClientProtocolClient (GrpcClientProtocolClient.java:onNext(255)) - client-CECA27ED65B5->8cac6937-780c-4459-964a-dea4dcd51fd7: receive RaftClientReply:client-CECA27ED65B5->8cac6937-780c-4459-964a-dea4dcd51fd7@group-D84C501198B9, cid=2591, SUCCESS, logIndex=3825, commits[8cac6937-780c-4459-964a-dea4dcd51fd7:c3825, 9ed8676d-9460-465d-9905-fd43a52295f6:c3823, da64134c-6992-4903-9407-7df321e464db:c3823]
2019-07-09 09:59:29,061 INFO  client.GrpcClientProtocolClient (GrpcClientProtocolClient.java:onNext(255)) - client-CECA27ED65B5->8cac6937-780c-4459-964a-dea4dcd51fd7: receive RaftClientReply:client-CECA27ED65B5->8cac6937-780c-4459-964a-dea4dcd51fd7@group-D84C501198B9, cid=2592, SUCCESS, logIndex=3828, commits[8cac6937-780c-4459-964a-dea4dcd51fd7:c3829, 9ed8676d-9460-465d-9905-fd43a52295f6:c3825, da64134c-6992-4903-9407-7df321e464db:c3825]
2019-07-09 09:59:29,061 INFO  client.GrpcClientProtocolClient (GrpcClientProtocolClient.java:onNext(255)) - client-CECA27ED65B5->8cac6937-780c-4459-964a-dea4dcd51fd7: receive RaftClientReply:client-CECA27ED65B5->8cac6937-780c-4459-964a-dea4dcd51fd7@group-D84C501198B9, cid=2593, SUCCESS, logIndex=3829, commits[8cac6937-780c-4459-964a-dea4dcd51fd7:c3829, 9ed8676d-9460-465d-9905-fd43a52295f6:c3825, da64134c-6992-4903-9407-7df321e464db:c3825]
2019-07-09 09:59:29,071 INFO  client.GrpcClientProtocolClient (GrpcClientProtocolClient.java:onNext(255)) - client-CECA27ED65B5->8cac6937-780c-4459-964a-dea4dcd51fd7: receive RaftClientReply:client-CECA27ED65B5->8cac6937-780c-4459-964a-dea4dcd51fd7@group-D84C501198B9, cid=2594, SUCCESS, logIndex=0, commits[8cac6937-780c-4459-964a-dea4dcd51fd7:c3830, 9ed8676d-9460-465d-9905-fd43a52295f6:c3829, da64134c-6992-4903-9407-7df321e464db:c3829]
2019-07-09 09:59:29,104 INFO  client.GrpcClientProtocolClient (GrpcClientProtocolClient.java:onNext(255)) - client-CECA27ED65B5->8cac6937-780c-4459-964a-dea4dcd51fd7: receive RaftClientReply:client-CECA27ED65B5->8cac6937-780c-4459-964a-dea4dcd51fd7@group-D84C501198B9, cid=2595, SUCCESS, logIndex=3832, commits[8cac6937-780c-4459-964a-dea4dcd51fd7:c3833, 9ed8676d-9460-465d-9905-fd43a52295f6:c3831, da64134c-6992-4903-9407-7df321e464db:c3831]
2019-07-09 09:59:29,104 INFO  client.GrpcClientProtocolClient (GrpcClientProtocolClient.java:onNext(255)) - client-CECA27ED65B5->8cac6937-780c-4459-964a-dea4dcd51fd7: receive RaftClientReply:client-CECA27ED65B5->8cac6937-780c-4459-964a-dea4dcd51fd7@group-D84C501198B9, cid=2596, SUCCESS, logIndex=3833, commits[8cac6937-780c-4459-964a-dea4dcd51fd7:c3833, 9ed8676d-9460-465d-9905-fd43a52295f6:c3831, da64134c-6992-4903-9407-7df321e464db:c3831]
2019-07-09 09:59:29,120 INFO  client.GrpcClientProtocolClient (GrpcClientProtocolClient.java:onNext(255)) - client-CECA27ED65B5->8cac6937-780c-4459-964a-dea4dcd51fd7: receive RaftClientReply:client-CECA27ED65B5->8cac6937-780c-4459-964a-dea4dcd51fd7@group-D84C501198B9, cid=2597, SUCCESS, logIndex=3834, commits[8cac6937-780c-4459-964a-dea4dcd51fd7:c3839, 9ed8676d-9460-465d-9905-fd43a52295f6:c3835, da64134c-6992-4903-9407-7df321e464db:c3831]
2019-07-09 09:59:29,120 INFO  client.GrpcClientProtocolClient (GrpcClientProtocolClient.java:onNext(255)) - client-CECA27ED65B5->8cac6937-780c-4459-964a-dea4dcd51fd7: receive RaftClientReply:client-CECA27ED65B5->8cac6937-780c-4459-964a-dea4dcd51fd7@group-D84C501198B9, cid=2598, SUCCESS, logIndex=3835, commits[8cac6937-780c-4459-964a-dea4dcd51fd7:c3839, 9ed8676d-9460-465d-9905-fd43a52295f6:c3835, da64134c-6992-4903-9407-7df321e464db:c3831]
2019-07-09 09:59:29,123 INFO  client.GrpcClientProtocolClient (GrpcClientProtocolClient.java:onNext(255)) - client-CECA27ED65B5->8cac6937-780c-4459-964a-dea4dcd51fd7: receive RaftClientReply:client-CECA27ED65B5->8cac6937-780c-4459-964a-dea4dcd51fd7@group-D84C501198B9, cid=2599, SUCCESS, logIndex=0, commits[8cac6937-780c-4459-964a-dea4dcd51fd7:c3839, 9ed8676d-9460-465d-9905-fd43a52295f6:c3835, da64134c-6992-4903-9407-7df321e464db:c3833]
2019-07-09 09:59:29,143 INFO  client.GrpcClientProtocolClient (GrpcClientProtocolClient.java:onNext(255)) - client-CECA27ED65B5->8cac6937-780c-4459-964a-dea4dcd51fd7: receive RaftClientReply:client-CECA27ED65B5->8cac6937-780c-4459-964a-dea4dcd51fd7@group-D84C501198B9, cid=2600, SUCCESS, logIndex=3840, commits[8cac6937-780c-4459-964a-dea4dcd51fd7:c3841, 9ed8676d-9460-465d-9905-fd43a52295f6:c3839, da64134c-6992-4903-9407-7df321e464db:c3839]
2019-07-09 09:59:29,143 INFO  client.GrpcClientProtocolClient (GrpcClientProtocolClient.java:onNext(255)) - client-CECA27ED65B5->8cac6937-780c-4459-964a-dea4dcd51fd7: receive RaftClientReply:client-CECA27ED65B5->8cac6937-780c-4459-964a-dea4dcd51fd7@group-D84C501198B9, cid=2601, SUCCESS, logIndex=3841, commits[8cac6937-780c-4459-964a-dea4dcd51fd7:c3841, 9ed8676d-9460-465d-9905-fd43a52295f6:c3839, da64134c-6992-4903-9407-7df321e464db:c3839]
2019-07-09 09:59:29,158 INFO  client.GrpcClientProtocolClient (GrpcClientProtocolClient.java:onNext(255)) - client-CECA27ED65B5->8cac6937-780c-4459-964a-dea4dcd51fd7: receive RaftClientReply:client-CECA27ED65B5->8cac6937-780c-4459-964a-dea4dcd51fd7@group-D84C501198B9, cid=2602, SUCCESS, logIndex=3844, commits[8cac6937-780c-4459-964a-dea4dcd51fd7:c3845, 9ed8676d-9460-465d-9905-fd43a52295f6:c3841, da64134c-6992-4903-9407-7df321e464db:c3841]
2019-07-09 09:59:29,159 INFO  client.GrpcClientProtocolClient (GrpcClientProtocolClient.java:onNext(255)) - client-CECA27ED65B5->8cac6937-780c-4459-964a-dea4dcd51fd7: receive RaftClientReply:client-CECA27ED65B5->8cac6937-780c-4459-964a-dea4dcd51fd7@group-D84C501198B9, cid=2603, SUCCESS, logIndex=3845, commits[8cac6937-780c-4459-964a-dea4dcd51fd7:c3845, 9ed8676d-9460-465d-9905-fd43a52295f6:c3841, da64134c-6992-4903-9407-7df321e464db:c3841]
2019-07-09 09:59:29,171 INFO  client.GrpcClientProtocolClient (GrpcClientProtocolClient.java:onNext(255)) - client-CECA27ED65B5->8cac6937-780c-4459-964a-dea4dcd51fd7: receive RaftClientReply:client-CECA27ED65B5->8cac6937-780c-4459-964a-dea4dcd51fd7@group-D84C501198B9, cid=2604, SUCCESS, logIndex=0, commits[8cac6937-780c-4459-964a-dea4dcd51fd7:c3847, 9ed8676d-9460-465d-9905-fd43a52295f6:c3845, da64134c-6992-4903-9407-7df321e464db:c3845]
2019-07-09 09:59:29,200 INFO  client.GrpcClientProtocolClient (GrpcClientProtocolClient.java:onNext(255)) - client-CECA27ED65B5->8cac6937-780c-4459-964a-dea4dcd51fd7: receive RaftClientReply:client-CECA27ED65B5->8cac6937-780c-4459-964a-dea4dcd51fd7@group-D84C501198B9, cid=2605, SUCCESS, logIndex=3848, commits[8cac6937-780c-4459-964a-dea4dcd51fd7:c3849, 9ed8676d-9460-465d-9905-fd43a52295f6:c3847, da64134c-6992-4903-9407-7df321e464db:c3847]
2019-07-09 09:59:29,201 INFO  client.GrpcClientProtocolClient (GrpcClientProtocolClient.java:onNext(255)) - client-CECA27ED65B5->8cac6937-780c-4459-964a-dea4dcd51fd7: receive RaftClientReply:client-CECA27ED65B5->8cac6937-780c-4459-964a-dea4dcd51fd7@group-D84C501198B9, cid=2606, SUCCESS, logIndex=3849, commits[8cac6937-780c-4459-964a-dea4dcd51fd7:c3849, 9ed8676d-9460-465d-9905-fd43a52295f6:c3847, da64134c-6992-4903-9407-7df321e464db:c3847]
2019-07-09 09:59:29,201 INFO  client.GrpcClientProtocolClient (GrpcClientProtocolClient.java:onNext(255)) - client-CECA27ED65B5->8cac6937-780c-4459-964a-dea4dcd51fd7: receive RaftClientReply:client-CECA27ED65B5->8cac6937-780c-4459-964a-dea4dcd51fd7@group-D84C501198B9, cid=2607, SUCCESS, logIndex=3850, commits[8cac6937-780c-4459-964a-dea4dcd51fd7:c3851, 9ed8676d-9460-465d-9905-fd43a52295f6:c3847, da64134c-6992-4903-9407-7df321e464db:c3847]
2019-07-09 09:59:29,201 INFO  client.GrpcClientProtocolClient (GrpcClientProtocolClient.java:onNext(255)) - client-CECA27ED65B5->8cac6937-780c-4459-964a-dea4dcd51fd7: receive RaftClientReply:client-CECA27ED65B5->8cac6937-780c-4459-964a-dea4dcd51fd7@group-D84C501198B9, cid=2608, SUCCESS, logIndex=3851, commits[8cac6937-780c-4459-964a-dea4dcd51fd7:c3851, 9ed8676d-9460-465d-9905-fd43a52295f6:c3847, da64134c-6992-4903-9407-7df321e464db:c3847]
2019-07-09 09:59:29,215 INFO  client.GrpcClientProtocolClient (GrpcClientProtocolClient.java:onNext(255)) - client-CECA27ED65B5->8cac6937-780c-4459-964a-dea4dcd51fd7: receive RaftClientReply:client-CECA27ED65B5->8cac6937-780c-4459-964a-dea4dcd51fd7@group-D84C501198B9, cid=2609, SUCCESS, logIndex=0, commits[8cac6937-780c-4459-964a-dea4dcd51fd7:c3853, 9ed8676d-9460-465d-9905-fd43a52295f6:c3849, da64134c-6992-4903-9407-7df321e464db:c3849]
2019-07-09 09:59:29,234 INFO  client.GrpcClientProtocolClient (GrpcClientProtocolClient.java:onNext(255)) - client-CECA27ED65B5->8cac6937-780c-4459-964a-dea4dcd51fd7: receive RaftClientReply:client-CECA27ED65B5->8cac6937-780c-4459-964a-dea4dcd51fd7@group-D84C501198B9, cid=2610, SUCCESS, logIndex=3856, commits[8cac6937-780c-4459-964a-dea4dcd51fd7:c3857, 9ed8676d-9460-465d-9905-fd43a52295f6:c3855, da64134c-6992-4903-9407-7df321e464db:c3855]
2019-07-09 09:59:29,235 INFO  client.GrpcClientProtocolClient (GrpcClientProtocolClient.java:onNext(255)) - client-CECA27ED65B5->8cac6937-780c-4459-964a-dea4dcd51fd7: receive RaftClientReply:client-CECA27ED65B5->8cac6937-780c-4459-964a-dea4dcd51fd7@group-D84C501198B9, cid=2611, SUCCESS, logIndex=3857, commits[8cac6937-780c-4459-964a-dea4dcd51fd7:c3857, 9ed8676d-9460-465d-9905-fd43a52295f6:c3855, da64134c-6992-4903-9407-7df321e464db:c3855]
2019-07-09 09:59:29,249 INFO  client.GrpcClientProtocolClient (GrpcClientProtocolClient.java:onNext(255)) - client-CECA27ED65B5->8cac6937-780c-4459-964a-dea4dcd51fd7: receive RaftClientReply:client-CECA27ED65B5->8cac6937-780c-4459-964a-dea4dcd51fd7@group-D84C501198B9, cid=2612, SUCCESS, logIndex=3860, commits[8cac6937-780c-4459-964a-dea4dcd51fd7:c3860, 9ed8676d-9460-465d-9905-fd43a52295f6:c3857, da64134c-6992-4903-9407-7df321e464db:c3857]
2019-07-09 09:59:29,250 INFO  client.GrpcClientProtocolClient (GrpcClientProtocolClient.java:onNext(255)) - client-CECA27ED65B5->8cac6937-780c-4459-964a-dea4dcd51fd7: receive RaftClientReply:client-CECA27ED65B5->8cac6937-780c-4459-964a-dea4dcd51fd7@group-D84C501198B9, cid=2613, SUCCESS, logIndex=3861, commits[8cac6937-780c-4459-964a-dea4dcd51fd7:c3861, 9ed8676d-9460-465d-9905-fd43a52295f6:c3857, da64134c-6992-4903-9407-7df321e464db:c3857]
 0.00% |█                                                                                                    |  0/1 Time: 0:00:212019-07-09 09:59:29,263 INFO  client.GrpcClientProtocolClient (GrpcClientProtocolClient.java:onNext(255)) - client-CECA27ED65B5->8cac6937-780c-4459-964a-dea4dcd51fd7: receive RaftClientReply:client-CECA27ED65B5->8cac6937-780c-4459-964a-dea4dcd51fd7@group-D84C501198B9, cid=2614, SUCCESS, logIndex=0, commits[8cac6937-780c-4459-964a-dea4dcd51fd7:c3863, 9ed8676d-9460-465d-9905-fd43a52295f6:c3861, da64134c-6992-4903-9407-7df321e464db:c3861]
2019-07-09 09:59:29,289 INFO  client.GrpcClientProtocolClient (GrpcClientProtocolClient.java:onNext(255)) - client-CECA27ED65B5->8cac6937-780c-4459-964a-dea4dcd51fd7: receive RaftClientReply:client-CECA27ED65B5->8cac6937-780c-4459-964a-dea4dcd51fd7@group-D84C501198B9, cid=2615, SUCCESS, logIndex=3864, commits[8cac6937-780c-4459-964a-dea4dcd51fd7:c3865, 9ed8676d-9460-465d-9905-fd43a52295f6:c3863, da64134c-6992-4903-9407-7df321e464db:c3863]
2019-07-09 09:59:29,290 INFO  client.GrpcClientProtocolClient (GrpcClientProtocolClient.java:onNext(255)) - client-CECA27ED65B5->8cac6937-780c-4459-964a-dea4dcd51fd7: receive RaftClientReply:client-CECA27ED65B5->8cac6937-780c-4459-964a-dea4dcd51fd7@group-D84C501198B9, cid=2616, SUCCESS, logIndex=3865, commits[8cac6937-780c-4459-964a-dea4dcd51fd7:c3865, 9ed8676d-9460-465d-9905-fd43a52295f6:c3863, da64134c-6992-4903-9407-7df321e464db:c3863]
2019-07-09 09:59:29,291 INFO  client.GrpcClientProtocolClient (GrpcClientProtocolClient.java:onNext(255)) - client-CECA27ED65B5->8cac6937-780c-4459-964a-dea4dcd51fd7: receive RaftClientReply:client-CECA27ED65B5->8cac6937-780c-4459-964a-dea4dcd51fd7@group-D84C501198B9, cid=2617, SUCCESS, logIndex=3866, commits[8cac6937-780c-4459-964a-dea4dcd51fd7:c3867, 9ed8676d-9460-465d-9905-fd43a52295f6:c3863, da64134c-6992-4903-9407-7df321e464db:c3863]
2019-07-09 09:59:29,291 INFO  client.GrpcClientProtocolClient (GrpcClientProtocolClient.java:onNext(255)) - client-CECA27ED65B5->8cac6937-780c-4459-964a-dea4dcd51fd7: receive RaftClientReply:client-CECA27ED65B5->8cac6937-780c-4459-964a-dea4dcd51fd7@group-D84C501198B9, cid=2618, SUCCESS, logIndex=3867, commits[8cac6937-780c-4459-964a-dea4dcd51fd7:c3867, 9ed8676d-9460-465d-9905-fd43a52295f6:c3863, da64134c-6992-4903-9407-7df321e464db:c3863]
2019-07-09 09:59:29,295 INFO  client.GrpcClientProtocolClient (GrpcClientProtocolClient.java:onNext(255)) - client-CECA27ED65B5->8cac6937-780c-4459-964a-dea4dcd51fd7: receive RaftClientReply:client-CECA27ED65B5->8cac6937-780c-4459-964a-dea4dcd51fd7@group-D84C501198B9, cid=2619, SUCCESS, logIndex=0, commits[8cac6937-780c-4459-964a-dea4dcd51fd7:c3871, 9ed8676d-9460-465d-9905-fd43a52295f6:c3867, da64134c-6992-4903-9407-7df321e464db:c3865]
2019-07-09 09:59:29,317 INFO  client.GrpcClientProtocolClient (GrpcClientProtocolClient.java:onNext(255)) - client-CECA27ED65B5->8cac6937-780c-4459-964a-dea4dcd51fd7: receive RaftClientReply:client-CECA27ED65B5->8cac6937-780c-4459-964a-dea4dcd51fd7@group-D84C501198B9, cid=2620, SUCCESS, logIndex=3872, commits[8cac6937-780c-4459-964a-dea4dcd51fd7:c3872, 9ed8676d-9460-465d-9905-fd43a52295f6:c3871, da64134c-6992-4903-9407-7df321e464db:c3871]
2019-07-09 09:59:29,317 INFO  client.GrpcClientProtocolClient (GrpcClientProtocolClient.java:onNext(255)) - client-CECA27ED65B5->8cac6937-780c-4459-964a-dea4dcd51fd7: receive RaftClientReply:client-CECA27ED65B5->8cac6937-780c-4459-964a-dea4dcd51fd7@group-D84C501198B9, cid=2621, SUCCESS, logIndex=3873, commits[8cac6937-780c-4459-964a-dea4dcd51fd7:c3873, 9ed8676d-9460-465d-9905-fd43a52295f6:c3871, da64134c-6992-4903-9407-7df321e464db:c3871]
2019-07-09 09:59:29,330 INFO  client.GrpcClientProtocolClient (GrpcClientProtocolClient.java:onNext(255)) - client-CECA27ED65B5->8cac6937-780c-4459-964a-dea4dcd51fd7: receive RaftClientReply:client-CECA27ED65B5->8cac6937-780c-4459-964a-dea4dcd51fd7@group-D84C501198B9, cid=2622, SUCCESS, logIndex=3876, commits[8cac6937-780c-4459-964a-dea4dcd51fd7:c3877, 9ed8676d-9460-465d-9905-fd43a52295f6:c3873, da64134c-6992-4903-9407-7df321e464db:c3873]
2019-07-09 09:59:29,330 INFO  client.GrpcClientProtocolClient (GrpcClientProtocolClient.java:onNext(255)) - client-CECA27ED65B5->8cac6937-780c-4459-964a-dea4dcd51fd7: receive RaftClientReply:client-CECA27ED65B5->8cac6937-780c-4459-964a-dea4dcd51fd7@group-D84C501198B9, cid=2623, SUCCESS, logIndex=3877, commits[8cac6937-780c-4459-964a-dea4dcd51fd7:c3877, 9ed8676d-9460-465d-9905-fd43a52295f6:c3873, da64134c-6992-4903-9407-7df321e464db:c3873]
2019-07-09 09:59:29,341 INFO  client.GrpcClientProtocolClient (GrpcClientProtocolClient.java:onNext(255)) - client-CECA27ED65B5->8cac6937-780c-4459-964a-dea4dcd51fd7: receive RaftClientReply:client-CECA27ED65B5->8cac6937-780c-4459-964a-dea4dcd51fd7@group-D84C501198B9, cid=2624, SUCCESS, logIndex=0, commits[8cac6937-780c-4459-964a-dea4dcd51fd7:c3878, 9ed8676d-9460-465d-9905-fd43a52295f6:c3877, da64134c-6992-4903-9407-7df321e464db:c3877]
2019-07-09 09:59:29,366 INFO  client.GrpcClientProtocolClient (GrpcClientProtocolClient.java:onNext(255)) - client-CECA27ED65B5->8cac6937-780c-4459-964a-dea4dcd51fd7: receive RaftClientReply:client-CECA27ED65B5->8cac6937-780c-4459-964a-dea4dcd51fd7@group-D84C501198B9, cid=2625, SUCCESS, logIndex=3880, commits[8cac6937-780c-4459-964a-dea4dcd51fd7:c3881, 9ed8676d-9460-465d-9905-fd43a52295f6:c3879, da64134c-6992-4903-9407-7df321e464db:c3879]
2019-07-09 09:59:29,367 INFO  client.GrpcClientProtocolClient (GrpcClientProtocolClient.java:onNext(255)) - client-CECA27ED65B5->8cac6937-780c-4459-964a-dea4dcd51fd7: receive RaftClientReply:client-CECA27ED65B5->8cac6937-780c-4459-964a-dea4dcd51fd7@group-D84C501198B9, cid=2626, SUCCESS, logIndex=3881, commits[8cac6937-780c-4459-964a-dea4dcd51fd7:c3883, 9ed8676d-9460-465d-9905-fd43a52295f6:c3879, da64134c-6992-4903-9407-7df321e464db:c3879]
2019-07-09 09:59:29,367 INFO  client.GrpcClientProtocolClient (GrpcClientProtocolClient.java:onNext(255)) - client-CECA27ED65B5->8cac6937-780c-4459-964a-dea4dcd51fd7: receive RaftClientReply:client-CECA27ED65B5->8cac6937-780c-4459-964a-dea4dcd51fd7@group-D84C501198B9, cid=2627, SUCCESS, logIndex=3882, commits[8cac6937-780c-4459-964a-dea4dcd51fd7:c3883, 9ed8676d-9460-465d-9905-fd43a52295f6:c3879, da64134c-6992-4903-9407-7df321e464db:c3879]
2019-07-09 09:59:29,367 INFO  client.GrpcClientProtocolClient (GrpcClientProtocolClient.java:onNext(255)) - client-CECA27ED65B5->8cac6937-780c-4459-964a-dea4dcd51fd7: receive RaftClientReply:client-CECA27ED65B5->8cac6937-780c-4459-964a-dea4dcd51fd7@group-D84C501198B9, cid=2628, SUCCESS, logIndex=3883, commits[8cac6937-780c-4459-964a-dea4dcd51fd7:c3883, 9ed8676d-9460-465d-9905-fd43a52295f6:c3880, da64134c-6992-4903-9407-7df321e464db:c3879]
2019-07-09 09:59:29,369 INFO  client.GrpcClientProtocolClient (GrpcClientProtocolClient.java:onNext(255)) - client-CECA27ED65B5->8cac6937-780c-4459-964a-dea4dcd51fd7: receive RaftClientReply:client-CECA27ED65B5->8cac6937-780c-4459-964a-dea4dcd51fd7@group-D84C501198B9, cid=2629, SUCCESS, logIndex=0, commits[8cac6937-780c-4459-964a-dea4dcd51fd7:c3886, 9ed8676d-9460-465d-9905-fd43a52295f6:c3883, da64134c-6992-4903-9407-7df321e464db:c3881]
2019-07-09 09:59:29,384 INFO  client.GrpcClientProtocolClient (GrpcClientProtocolClient.java:onNext(255)) - client-CECA27ED65B5->8cac6937-780c-4459-964a-dea4dcd51fd7: receive RaftClientReply:client-CECA27ED65B5->8cac6937-780c-4459-964a-dea4dcd51fd7@group-D84C501198B9, cid=2630, SUCCESS, logIndex=3887, commits[8cac6937-780c-4459-964a-dea4dcd51fd7:c3887, 9ed8676d-9460-465d-9905-fd43a52295f6:c3886, da64134c-6992-4903-9407-7df321e464db:c3883]
2019-07-09 09:59:29,384 INFO  client.GrpcClientProtocolClient (GrpcClientProtocolClient.java:onNext(255)) - client-CECA27ED65B5->8cac6937-780c-4459-964a-dea4dcd51fd7: receive RaftClientReply:client-CECA27ED65B5->8cac6937-780c-4459-964a-dea4dcd51fd7@group-D84C501198B9, cid=2631, SUCCESS, logIndex=3888, commits[8cac6937-780c-4459-964a-dea4dcd51fd7:c3888, 9ed8676d-9460-465d-9905-fd43a52295f6:c3886, da64134c-6992-4903-9407-7df321e464db:c3886]
2019-07-09 09:59:29,397 INFO  client.GrpcClientProtocolClient (GrpcClientProtocolClient.java:onNext(255)) - client-CECA27ED65B5->8cac6937-780c-4459-964a-dea4dcd51fd7: receive RaftClientReply:client-CECA27ED65B5->8cac6937-780c-4459-964a-dea4dcd51fd7@group-D84C501198B9, cid=2632, SUCCESS, logIndex=3891, commits[8cac6937-780c-4459-964a-dea4dcd51fd7:c3892, 9ed8676d-9460-465d-9905-fd43a52295f6:c3888, da64134c-6992-4903-9407-7df321e464db:c3888]
2019-07-09 09:59:29,397 INFO  client.GrpcClientProtocolClient (GrpcClientProtocolClient.java:onNext(255)) - client-CECA27ED65B5->8cac6937-780c-4459-964a-dea4dcd51fd7: receive RaftClientReply:client-CECA27ED65B5->8cac6937-780c-4459-964a-dea4dcd51fd7@group-D84C501198B9, cid=2633, SUCCESS, logIndex=3892, commits[8cac6937-780c-4459-964a-dea4dcd51fd7:c3892, 9ed8676d-9460-465d-9905-fd43a52295f6:c3888, da64134c-6992-4903-9407-7df321e464db:c3888]
2019-07-09 09:59:29,410 INFO  client.GrpcClientProtocolClient (GrpcClientProtocolClient.java:onNext(255)) - client-CECA27ED65B5->8cac6937-780c-4459-964a-dea4dcd51fd7: receive RaftClientReply:client-CECA27ED65B5->8cac6937-780c-4459-964a-dea4dcd51fd7@group-D84C501198B9, cid=2634, SUCCESS, logIndex=0, commits[8cac6937-780c-4459-964a-dea4dcd51fd7:c3894, 9ed8676d-9460-465d-9905-fd43a52295f6:c3892, da64134c-6992-4903-9407-7df321e464db:c3892]
2019-07-09 09:59:29,435 INFO  client.GrpcClientProtocolClient (GrpcClientProtocolClient.java:onNext(255)) - client-CECA27ED65B5->8cac6937-780c-4459-964a-dea4dcd51fd7: receive RaftClientReply:client-CECA27ED65B5->8cac6937-780c-4459-964a-dea4dcd51fd7@group-D84C501198B9, cid=2635, SUCCESS, logIndex=3895, commits[8cac6937-780c-4459-964a-dea4dcd51fd7:c3896, 9ed8676d-9460-465d-9905-fd43a52295f6:c3894, da64134c-6992-4903-9407-7df321e464db:c3894]
2019-07-09 09:59:29,436 INFO  client.GrpcClientProtocolClient (GrpcClientProtocolClient.java:onNext(255)) - client-CECA27ED65B5->8cac6937-780c-4459-964a-dea4dcd51fd7: receive RaftClientReply:client-CECA27ED65B5->8cac6937-780c-4459-964a-dea4dcd51fd7@group-D84C501198B9, cid=2636, SUCCESS, logIndex=3896, commits[8cac6937-780c-4459-964a-dea4dcd51fd7:c3896, 9ed8676d-9460-465d-9905-fd43a52295f6:c3894, da64134c-6992-4903-9407-7df321e464db:c3894]
2019-07-09 09:59:29,436 INFO  client.GrpcClientProtocolClient (GrpcClientProtocolClient.java:onNext(255)) - client-CECA27ED65B5->8cac6937-780c-4459-964a-dea4dcd51fd7: receive RaftClientReply:client-CECA27ED65B5->8cac6937-780c-4459-964a-dea4dcd51fd7@group-D84C501198B9, cid=2637, SUCCESS, logIndex=3897, commits[8cac6937-780c-4459-964a-dea4dcd51fd7:c3897, 9ed8676d-9460-465d-9905-fd43a52295f6:c3894, da64134c-6992-4903-9407-7df321e464db:c3894]
2019-07-09 09:59:29,437 INFO  client.GrpcClientProtocolClient (GrpcClientProtocolClient.java:onNext(255)) - client-CECA27ED65B5->8cac6937-780c-4459-964a-dea4dcd51fd7: receive RaftClientReply:client-CECA27ED65B5->8cac6937-780c-4459-964a-dea4dcd51fd7@group-D84C501198B9, cid=2638, SUCCESS, logIndex=3898, commits[8cac6937-780c-4459-964a-dea4dcd51fd7:c3898, 9ed8676d-9460-465d-9905-fd43a52295f6:c3894, da64134c-6992-4903-9407-7df321e464db:c3894]
2019-07-09 09:59:29,438 INFO  client.GrpcClientProtocolClient (GrpcClientProtocolClient.java:onNext(255)) - client-CECA27ED65B5->8cac6937-780c-4459-964a-dea4dcd51fd7: receive RaftClientReply:client-CECA27ED65B5->8cac6937-780c-4459-964a-dea4dcd51fd7@group-D84C501198B9, cid=2639, SUCCESS, logIndex=0, commits[8cac6937-780c-4459-964a-dea4dcd51fd7:c3900, 9ed8676d-9460-465d-9905-fd43a52295f6:c3896, da64134c-6992-4903-9407-7df321e464db:c3896]
2019-07-09 09:59:29,456 INFO  client.GrpcClientProtocolClient (GrpcClientProtocolClient.java:onNext(255)) - client-CECA27ED65B5->8cac6937-780c-4459-964a-dea4dcd51fd7: receive RaftClientReply:client-CECA27ED65B5->8cac6937-780c-4459-964a-dea4dcd51fd7@group-D84C501198B9, cid=2640, SUCCESS, logIndex=3903, commits[8cac6937-780c-4459-964a-dea4dcd51fd7:c3904, 9ed8676d-9460-465d-9905-fd43a52295f6:c3902, da64134c-6992-4903-9407-7df321e464db:c3902]
2019-07-09 09:59:29,456 INFO  client.GrpcClientProtocolClient (GrpcClientProtocolClient.java:onNext(255)) - client-CECA27ED65B5->8cac6937-780c-4459-964a-dea4dcd51fd7: receive RaftClientReply:client-CECA27ED65B5->8cac6937-780c-4459-964a-dea4dcd51fd7@group-D84C501198B9, cid=2641, SUCCESS, logIndex=3904, commits[8cac6937-780c-4459-964a-dea4dcd51fd7:c3904, 9ed8676d-9460-465d-9905-fd43a52295f6:c3902, da64134c-6992-4903-9407-7df321e464db:c3902]
2019-07-09 09:59:29,469 INFO  client.GrpcClientProtocolClient (GrpcClientProtocolClient.java:onNext(255)) - client-CECA27ED65B5->8cac6937-780c-4459-964a-dea4dcd51fd7: receive RaftClientReply:client-CECA27ED65B5->8cac6937-780c-4459-964a-dea4dcd51fd7@group-D84C501198B9, cid=2642, SUCCESS, logIndex=3907, commits[8cac6937-780c-4459-964a-dea4dcd51fd7:c3908, 9ed8676d-9460-465d-9905-fd43a52295f6:c3904, da64134c-6992-4903-9407-7df321e464db:c3904]
2019-07-09 09:59:29,470 INFO  client.GrpcClientProtocolClient (GrpcClientProtocolClient.java:onNext(255)) - client-CECA27ED65B5->8cac6937-780c-4459-964a-dea4dcd51fd7: receive RaftClientReply:client-CECA27ED65B5->8cac6937-780c-4459-964a-dea4dcd51fd7@group-D84C501198B9, cid=2643, SUCCESS, logIndex=3908, commits[8cac6937-780c-4459-964a-dea4dcd51fd7:c3908, 9ed8676d-9460-465d-9905-fd43a52295f6:c3904, da64134c-6992-4903-9407-7df321e464db:c3904]
2019-07-09 09:59:29,482 INFO  client.GrpcClientProtocolClient (GrpcClientProtocolClient.java:onNext(255)) - client-CECA27ED65B5->8cac6937-780c-4459-964a-dea4dcd51fd7: receive RaftClientReply:client-CECA27ED65B5->8cac6937-780c-4459-964a-dea4dcd51fd7@group-D84C501198B9, cid=2644, SUCCESS, logIndex=0, commits[8cac6937-780c-4459-964a-dea4dcd51fd7:c3910, 9ed8676d-9460-465d-9905-fd43a52295f6:c3908, da64134c-6992-4903-9407-7df321e464db:c3908]
2019-07-09 09:59:29,507 INFO  client.GrpcClientProtocolClient (GrpcClientProtocolClient.java:onNext(255)) - client-CECA27ED65B5->8cac6937-780c-4459-964a-dea4dcd51fd7: receive RaftClientReply:client-CECA27ED65B5->8cac6937-780c-4459-964a-dea4dcd51fd7@group-D84C501198B9, cid=2645, SUCCESS, logIndex=3911, commits[8cac6937-780c-4459-964a-dea4dcd51fd7:c3912, 9ed8676d-9460-465d-9905-fd43a52295f6:c3910, da64134c-6992-4903-9407-7df321e464db:c3910]
2019-07-09 09:59:29,508 INFO  client.GrpcClientProtocolClient (GrpcClientProtocolClient.java:onNext(255)) - client-CECA27ED65B5->8cac6937-780c-4459-964a-dea4dcd51fd7: receive RaftClientReply:client-CECA27ED65B5->8cac6937-780c-4459-964a-dea4dcd51fd7@group-D84C501198B9, cid=2646, SUCCESS, logIndex=3912, commits[8cac6937-780c-4459-964a-dea4dcd51fd7:c3913, 9ed8676d-9460-465d-9905-fd43a52295f6:c3910, da64134c-6992-4903-9407-7df321e464db:c3910]
2019-07-09 09:59:29,508 INFO  client.GrpcClientProtocolClient (GrpcClientProtocolClient.java:onNext(255)) - client-CECA27ED65B5->8cac6937-780c-4459-964a-dea4dcd51fd7: receive RaftClientReply:client-CECA27ED65B5->8cac6937-780c-4459-964a-dea4dcd51fd7@group-D84C501198B9, cid=2647, SUCCESS, logIndex=3913, commits[8cac6937-780c-4459-964a-dea4dcd51fd7:c3914, 9ed8676d-9460-465d-9905-fd43a52295f6:c3910, da64134c-6992-4903-9407-7df321e464db:c3910]
2019-07-09 09:59:29,508 INFO  client.GrpcClientProtocolClient (GrpcClientProtocolClient.java:onNext(255)) - client-CECA27ED65B5->8cac6937-780c-4459-964a-dea4dcd51fd7: receive RaftClientReply:client-CECA27ED65B5->8cac6937-780c-4459-964a-dea4dcd51fd7@group-D84C501198B9, cid=2648, SUCCESS, logIndex=3914, commits[8cac6937-780c-4459-964a-dea4dcd51fd7:c3914, 9ed8676d-9460-465d-9905-fd43a52295f6:c3910, da64134c-6992-4903-9407-7df321e464db:c3910]
2019-07-09 09:59:29,510 INFO  client.GrpcClientProtocolClient (GrpcClientProtocolClient.java:onNext(255)) - client-CECA27ED65B5->8cac6937-780c-4459-964a-dea4dcd51fd7: receive RaftClientReply:client-CECA27ED65B5->8cac6937-780c-4459-964a-dea4dcd51fd7@group-D84C501198B9, cid=2649, SUCCESS, logIndex=0, commits[8cac6937-780c-4459-964a-dea4dcd51fd7:c3918, 9ed8676d-9460-465d-9905-fd43a52295f6:c3912, da64134c-6992-4903-9407-7df321e464db:c3914]
2019-07-09 09:59:29,532 INFO  client.GrpcClientProtocolClient (GrpcClientProtocolClient.java:onNext(255)) - client-CECA27ED65B5->8cac6937-780c-4459-964a-dea4dcd51fd7: receive RaftClientReply:client-CECA27ED65B5->8cac6937-780c-4459-964a-dea4dcd51fd7@group-D84C501198B9, cid=2650, SUCCESS, logIndex=3919, commits[8cac6937-780c-4459-964a-dea4dcd51fd7:c3920, 9ed8676d-9460-465d-9905-fd43a52295f6:c3918, da64134c-6992-4903-9407-7df321e464db:c3918]
2019-07-09 09:59:29,533 INFO  client.GrpcClientProtocolClient (GrpcClientProtocolClient.java:onNext(255)) - client-CECA27ED65B5->8cac6937-780c-4459-964a-dea4dcd51fd7: receive RaftClientReply:client-CECA27ED65B5->8cac6937-780c-4459-964a-dea4dcd51fd7@group-D84C501198B9, cid=2651, SUCCESS, logIndex=3920, commits[8cac6937-780c-4459-964a-dea4dcd51fd7:c3920, 9ed8676d-9460-465d-9905-fd43a52295f6:c3918, da64134c-6992-4903-9407-7df321e464db:c3918]
2019-07-09 09:59:29,546 INFO  client.GrpcClientProtocolClient (GrpcClientProtocolClient.java:onNext(255)) - client-CECA27ED65B5->8cac6937-780c-4459-964a-dea4dcd51fd7: receive RaftClientReply:client-CECA27ED65B5->8cac6937-780c-4459-964a-dea4dcd51fd7@group-D84C501198B9, cid=2652, SUCCESS, logIndex=3923, commits[8cac6937-780c-4459-964a-dea4dcd51fd7:c3924, 9ed8676d-9460-465d-9905-fd43a52295f6:c3920, da64134c-6992-4903-9407-7df321e464db:c3920]
2019-07-09 09:59:29,546 INFO  client.GrpcClientProtocolClient (GrpcClientProtocolClient.java:onNext(255)) - client-CECA27ED65B5->8cac6937-780c-4459-964a-dea4dcd51fd7: receive RaftClientReply:client-CECA27ED65B5->8cac6937-780c-4459-964a-dea4dcd51fd7@group-D84C501198B9, cid=2653, SUCCESS, logIndex=3924, commits[8cac6937-780c-4459-964a-dea4dcd51fd7:c3924, 9ed8676d-9460-465d-9905-fd43a52295f6:c3920, da64134c-6992-4903-9407-7df321e464db:c3920]
2019-07-09 09:59:29,559 INFO  client.GrpcClientProtocolClient (GrpcClientProtocolClient.java:onNext(255)) - client-CECA27ED65B5->8cac6937-780c-4459-964a-dea4dcd51fd7: receive RaftClientReply:client-CECA27ED65B5->8cac6937-780c-4459-964a-dea4dcd51fd7@group-D84C501198B9, cid=2654, SUCCESS, logIndex=0, commits[8cac6937-780c-4459-964a-dea4dcd51fd7:c3925, 9ed8676d-9460-465d-9905-fd43a52295f6:c3924, da64134c-6992-4903-9407-7df321e464db:c3924]
2019-07-09 09:59:29,585 INFO  client.GrpcClientProtocolClient (GrpcClientProtocolClient.java:onNext(255)) - client-CECA27ED65B5->8cac6937-780c-4459-964a-dea4dcd51fd7: receive RaftClientReply:client-CECA27ED65B5->8cac6937-780c-4459-964a-dea4dcd51fd7@group-D84C501198B9, cid=2655, SUCCESS, logIndex=3927, commits[8cac6937-780c-4459-964a-dea4dcd51fd7:c3929, 9ed8676d-9460-465d-9905-fd43a52295f6:c3926, da64134c-6992-4903-9407-7df321e464db:c3926]
2019-07-09 09:59:29,585 INFO  client.GrpcClientProtocolClient (GrpcClientProtocolClient.java:onNext(255)) - client-CECA27ED65B5->8cac6937-780c-4459-964a-dea4dcd51fd7: receive RaftClientReply:client-CECA27ED65B5->8cac6937-780c-4459-964a-dea4dcd51fd7@group-D84C501198B9, cid=2656, SUCCESS, logIndex=3928, commits[8cac6937-780c-4459-964a-dea4dcd51fd7:c3930, 9ed8676d-9460-465d-9905-fd43a52295f6:c3926, da64134c-6992-4903-9407-7df321e464db:c3926]
2019-07-09 09:59:29,586 INFO  client.GrpcClientProtocolClient (GrpcClientProtocolClient.java:onNext(255)) - client-CECA27ED65B5->8cac6937-780c-4459-964a-dea4dcd51fd7: receive RaftClientReply:client-CECA27ED65B5->8cac6937-780c-4459-964a-dea4dcd51fd7@group-D84C501198B9, cid=2657, SUCCESS, logIndex=3929, commits[8cac6937-780c-4459-964a-dea4dcd51fd7:c3930, 9ed8676d-9460-465d-9905-fd43a52295f6:c3926, da64134c-6992-4903-9407-7df321e464db:c3926]
2019-07-09 09:59:29,586 INFO  client.GrpcClientProtocolClient (GrpcClientProtocolClient.java:onNext(255)) - client-CECA27ED65B5->8cac6937-780c-4459-964a-dea4dcd51fd7: receive RaftClientReply:client-CECA27ED65B5->8cac6937-780c-4459-964a-dea4dcd51fd7@group-D84C501198B9, cid=2658, SUCCESS, logIndex=3930, commits[8cac6937-780c-4459-964a-dea4dcd51fd7:c3930, 9ed8676d-9460-465d-9905-fd43a52295f6:c3926, da64134c-6992-4903-9407-7df321e464db:c3926]
2019-07-09 09:59:29,587 INFO  client.GrpcClientProtocolClient (GrpcClientProtocolClient.java:onNext(255)) - client-CECA27ED65B5->8cac6937-780c-4459-964a-dea4dcd51fd7: receive RaftClientReply:client-CECA27ED65B5->8cac6937-780c-4459-964a-dea4dcd51fd7@group-D84C501198B9, cid=2659, SUCCESS, logIndex=0, commits[8cac6937-780c-4459-964a-dea4dcd51fd7:c3934, 9ed8676d-9460-465d-9905-fd43a52295f6:c3928, da64134c-6992-4903-9407-7df321e464db:c3930]
2019-07-09 09:59:29,602 INFO  client.GrpcClientProtocolClient (GrpcClientProtocolClient.java:onNext(255)) - client-CECA27ED65B5->8cac6937-780c-4459-964a-dea4dcd51fd7: receive RaftClientReply:client-CECA27ED65B5->8cac6937-780c-4459-964a-dea4dcd51fd7@group-D84C501198B9, cid=2660, SUCCESS, logIndex=3935, commits[8cac6937-780c-4459-964a-dea4dcd51fd7:c3936, 9ed8676d-9460-465d-9905-fd43a52295f6:c3934, da64134c-6992-4903-9407-7df321e464db:c3934]
2019-07-09 09:59:29,602 INFO  client.GrpcClientProtocolClient (GrpcClientProtocolClient.java:onNext(255)) - client-CECA27ED65B5->8cac6937-780c-4459-964a-dea4dcd51fd7: receive RaftClientReply:client-CECA27ED65B5->8cac6937-780c-4459-964a-dea4dcd51fd7@group-D84C501198B9, cid=2661, SUCCESS, logIndex=3936, commits[8cac6937-780c-4459-964a-dea4dcd51fd7:c3936, 9ed8676d-9460-465d-9905-fd43a52295f6:c3934, da64134c-6992-4903-9407-7df321e464db:c3934]
2019-07-09 09:59:29,616 INFO  client.GrpcClientProtocolClient (GrpcClientProtocolClient.java:onNext(255)) - client-CECA27ED65B5->8cac6937-780c-4459-964a-dea4dcd51fd7: receive RaftClientReply:client-CECA27ED65B5->8cac6937-780c-4459-964a-dea4dcd51fd7@group-D84C501198B9, cid=2662, SUCCESS, logIndex=3939, commits[8cac6937-780c-4459-964a-dea4dcd51fd7:c3940, 9ed8676d-9460-465d-9905-fd43a52295f6:c3936, da64134c-6992-4903-9407-7df321e464db:c3936]
2019-07-09 09:59:29,616 INFO  client.GrpcClientProtocolClient (GrpcClientProtocolClient.java:onNext(255)) - client-CECA27ED65B5->8cac6937-780c-4459-964a-dea4dcd51fd7: receive RaftClientReply:client-CECA27ED65B5->8cac6937-780c-4459-964a-dea4dcd51fd7@group-D84C501198B9, cid=2663, SUCCESS, logIndex=3940, commits[8cac6937-780c-4459-964a-dea4dcd51fd7:c3940, 9ed8676d-9460-465d-9905-fd43a52295f6:c3936, da64134c-6992-4903-9407-7df321e464db:c3936]
2019-07-09 09:59:29,627 INFO  client.GrpcClientProtocolClient (GrpcClientProtocolClient.java:onNext(255)) - client-CECA27ED65B5->8cac6937-780c-4459-964a-dea4dcd51fd7: receive RaftClientReply:client-CECA27ED65B5->8cac6937-780c-4459-964a-dea4dcd51fd7@group-D84C501198B9, cid=2664, SUCCESS, logIndex=0, commits[8cac6937-780c-4459-964a-dea4dcd51fd7:c3941, 9ed8676d-9460-465d-9905-fd43a52295f6:c3940, da64134c-6992-4903-9407-7df321e464db:c3940]
2019-07-09 09:59:29,655 INFO  client.GrpcClientProtocolClient (GrpcClientProtocolClient.java:onNext(255)) - client-CECA27ED65B5->8cac6937-780c-4459-964a-dea4dcd51fd7: receive RaftClientReply:client-CECA27ED65B5->8cac6937-780c-4459-964a-dea4dcd51fd7@group-D84C501198B9, cid=2665, SUCCESS, logIndex=3943, commits[8cac6937-780c-4459-964a-dea4dcd51fd7:c3945, 9ed8676d-9460-465d-9905-fd43a52295f6:c3942, da64134c-6992-4903-9407-7df321e464db:c3942]
2019-07-09 09:59:29,655 INFO  client.GrpcClientProtocolClient (GrpcClientProtocolClient.java:onNext(255)) - client-CECA27ED65B5->8cac6937-780c-4459-964a-dea4dcd51fd7: receive RaftClientReply:client-CECA27ED65B5->8cac6937-780c-4459-964a-dea4dcd51fd7@group-D84C501198B9, cid=2666, SUCCESS, logIndex=3944, commits[8cac6937-780c-4459-964a-dea4dcd51fd7:c3945, 9ed8676d-9460-465d-9905-fd43a52295f6:c3942, da64134c-6992-4903-9407-7df321e464db:c3942]
2019-07-09 09:59:29,656 INFO  client.GrpcClientProtocolClient (GrpcClientProtocolClient.java:onNext(255)) - client-CECA27ED65B5->8cac6937-780c-4459-964a-dea4dcd51fd7: receive RaftClientReply:client-CECA27ED65B5->8cac6937-780c-4459-964a-dea4dcd51fd7@group-D84C501198B9, cid=2667, SUCCESS, logIndex=3945, commits[8cac6937-780c-4459-964a-dea4dcd51fd7:c3946, 9ed8676d-9460-465d-9905-fd43a52295f6:c3942, da64134c-6992-4903-9407-7df321e464db:c3942]
2019-07-09 09:59:29,656 INFO  client.GrpcClientProtocolClient (GrpcClientProtocolClient.java:onNext(255)) - client-CECA27ED65B5->8cac6937-780c-4459-964a-dea4dcd51fd7: receive RaftClientReply:client-CECA27ED65B5->8cac6937-780c-4459-964a-dea4dcd51fd7@group-D84C501198B9, cid=2668, SUCCESS, logIndex=3946, commits[8cac6937-780c-4459-964a-dea4dcd51fd7:c3946, 9ed8676d-9460-465d-9905-fd43a52295f6:c3942, da64134c-6992-4903-9407-7df321e464db:c3942]
2019-07-09 09:59:29,657 INFO  client.GrpcClientProtocolClient (GrpcClientProtocolClient.java:onNext(255)) - client-CECA27ED65B5->8cac6937-780c-4459-964a-dea4dcd51fd7: receive RaftClientReply:client-CECA27ED65B5->8cac6937-780c-4459-964a-dea4dcd51fd7@group-D84C501198B9, cid=2669, SUCCESS, logIndex=0, commits[8cac6937-780c-4459-964a-dea4dcd51fd7:c3949, 9ed8676d-9460-465d-9905-fd43a52295f6:c3944, da64134c-6992-4903-9407-7df321e464db:c3945]
2019-07-09 09:59:29,765 INFO  client.GrpcClientProtocolClient (GrpcClientProtocolClient.java:onNext(255)) - client-CECA27ED65B5->8cac6937-780c-4459-964a-dea4dcd51fd7: receive RaftClientReply:client-CECA27ED65B5->8cac6937-780c-4459-964a-dea4dcd51fd7@group-D84C501198B9, cid=2670, SUCCESS, logIndex=3951, commits[8cac6937-780c-4459-964a-dea4dcd51fd7:c3952, 9ed8676d-9460-465d-9905-fd43a52295f6:c3950, da64134c-6992-4903-9407-7df321e464db:c3950]
2019-07-09 09:59:29,766 INFO  client.GrpcClientProtocolClient (GrpcClientProtocolClient.java:onNext(255)) - client-CECA27ED65B5->8cac6937-780c-4459-964a-dea4dcd51fd7: receive RaftClientReply:client-CECA27ED65B5->8cac6937-780c-4459-964a-dea4dcd51fd7@group-D84C501198B9, cid=2671, SUCCESS, logIndex=3952, commits[8cac6937-780c-4459-964a-dea4dcd51fd7:c3952, 9ed8676d-9460-465d-9905-fd43a52295f6:c3950, da64134c-6992-4903-9407-7df321e464db:c3950]
2019-07-09 09:59:29,778 INFO  client.GrpcClientProtocolClient (GrpcClientProtocolClient.java:onNext(255)) - client-CECA27ED65B5->8cac6937-780c-4459-964a-dea4dcd51fd7: receive RaftClientReply:client-CECA27ED65B5->8cac6937-780c-4459-964a-dea4dcd51fd7@group-D84C501198B9, cid=2672, SUCCESS, logIndex=3955, commits[8cac6937-780c-4459-964a-dea4dcd51fd7:c3956, 9ed8676d-9460-465d-9905-fd43a52295f6:c3952, da64134c-6992-4903-9407-7df321e464db:c3952]
2019-07-09 09:59:29,779 INFO  client.GrpcClientProtocolClient (GrpcClientProtocolClient.java:onNext(255)) - client-CECA27ED65B5->8cac6937-780c-4459-964a-dea4dcd51fd7: receive RaftClientReply:client-CECA27ED65B5->8cac6937-780c-4459-964a-dea4dcd51fd7@group-D84C501198B9, cid=2673, SUCCESS, logIndex=3956, commits[8cac6937-780c-4459-964a-dea4dcd51fd7:c3956, 9ed8676d-9460-465d-9905-fd43a52295f6:c3952, da64134c-6992-4903-9407-7df321e464db:c3952]
2019-07-09 09:59:29,791 INFO  client.GrpcClientProtocolClient (GrpcClientProtocolClient.java:onNext(255)) - client-CECA27ED65B5->8cac6937-780c-4459-964a-dea4dcd51fd7: receive RaftClientReply:client-CECA27ED65B5->8cac6937-780c-4459-964a-dea4dcd51fd7@group-D84C501198B9, cid=2674, SUCCESS, logIndex=0, commits[8cac6937-780c-4459-964a-dea4dcd51fd7:c3958, 9ed8676d-9460-465d-9905-fd43a52295f6:c3956, da64134c-6992-4903-9407-7df321e464db:c3956]
2019-07-09 09:59:29,818 INFO  client.GrpcClientProtocolClient (GrpcClientProtocolClient.java:onNext(255)) - client-CECA27ED65B5->8cac6937-780c-4459-964a-dea4dcd51fd7: receive RaftClientReply:client-CECA27ED65B5->8cac6937-780c-4459-964a-dea4dcd51fd7@group-D84C501198B9, cid=2675, SUCCESS, logIndex=3959, commits[8cac6937-780c-4459-964a-dea4dcd51fd7:c3960, 9ed8676d-9460-465d-9905-fd43a52295f6:c3958, da64134c-6992-4903-9407-7df321e464db:c3958]
2019-07-09 09:59:29,819 INFO  client.GrpcClientProtocolClient (GrpcClientProtocolClient.java:onNext(255)) - client-CECA27ED65B5->8cac6937-780c-4459-964a-dea4dcd51fd7: receive RaftClientReply:client-CECA27ED65B5->8cac6937-780c-4459-964a-dea4dcd51fd7@group-D84C501198B9, cid=2676, SUCCESS, logIndex=3960, commits[8cac6937-780c-4459-964a-dea4dcd51fd7:c3961, 9ed8676d-9460-465d-9905-fd43a52295f6:c3958, da64134c-6992-4903-9407-7df321e464db:c3958]
2019-07-09 09:59:29,819 INFO  client.GrpcClientProtocolClient (GrpcClientProtocolClient.java:onNext(255)) - client-CECA27ED65B5->8cac6937-780c-4459-964a-dea4dcd51fd7: receive RaftClientReply:client-CECA27ED65B5->8cac6937-780c-4459-964a-dea4dcd51fd7@group-D84C501198B9, cid=2677, SUCCESS, logIndex=3961, commits[8cac6937-780c-4459-964a-dea4dcd51fd7:c3962, 9ed8676d-9460-465d-9905-fd43a52295f6:c3958, da64134c-6992-4903-9407-7df321e464db:c3958]
2019-07-09 09:59:29,819 INFO  client.GrpcClientProtocolClient (GrpcClientProtocolClient.java:onNext(255)) - client-CECA27ED65B5->8cac6937-780c-4459-964a-dea4dcd51fd7: receive RaftClientReply:client-CECA27ED65B5->8cac6937-780c-4459-964a-dea4dcd51fd7@group-D84C501198B9, cid=2678, SUCCESS, logIndex=3962, commits[8cac6937-780c-4459-964a-dea4dcd51fd7:c3962, 9ed8676d-9460-465d-9905-fd43a52295f6:c3958, da64134c-6992-4903-9407-7df321e464db:c3958]
2019-07-09 09:59:29,821 INFO  client.GrpcClientProtocolClient (GrpcClientProtocolClient.java:onNext(255)) - client-CECA27ED65B5->8cac6937-780c-4459-964a-dea4dcd51fd7: receive RaftClientReply:client-CECA27ED65B5->8cac6937-780c-4459-964a-dea4dcd51fd7@group-D84C501198B9, cid=2679, SUCCESS, logIndex=0, commits[8cac6937-780c-4459-964a-dea4dcd51fd7:c3966, 9ed8676d-9460-465d-9905-fd43a52295f6:c3962, da64134c-6992-4903-9407-7df321e464db:c3960]
2019-07-09 09:59:29,845 INFO  client.GrpcClientProtocolClient (GrpcClientProtocolClient.java:onNext(255)) - client-CECA27ED65B5->8cac6937-780c-4459-964a-dea4dcd51fd7: receive RaftClientReply:client-CECA27ED65B5->8cac6937-780c-4459-964a-dea4dcd51fd7@group-D84C501198B9, cid=2680, SUCCESS, logIndex=3967, commits[8cac6937-780c-4459-964a-dea4dcd51fd7:c3968, 9ed8676d-9460-465d-9905-fd43a52295f6:c3966, da64134c-6992-4903-9407-7df321e464db:c3966]
2019-07-09 09:59:29,845 INFO  client.GrpcClientProtocolClient (GrpcClientProtocolClient.java:onNext(255)) - client-CECA27ED65B5->8cac6937-780c-4459-964a-dea4dcd51fd7: receive RaftClientReply:client-CECA27ED65B5->8cac6937-780c-4459-964a-dea4dcd51fd7@group-D84C501198B9, cid=2681, SUCCESS, logIndex=3968, commits[8cac6937-780c-4459-964a-dea4dcd51fd7:c3968, 9ed8676d-9460-465d-9905-fd43a52295f6:c3966, da64134c-6992-4903-9407-7df321e464db:c3966]
2019-07-09 09:59:29,858 INFO  client.GrpcClientProtocolClient (GrpcClientProtocolClient.java:onNext(255)) - client-CECA27ED65B5->8cac6937-780c-4459-964a-dea4dcd51fd7: receive RaftClientReply:client-CECA27ED65B5->8cac6937-780c-4459-964a-dea4dcd51fd7@group-D84C501198B9, cid=2682, SUCCESS, logIndex=3971, commits[8cac6937-780c-4459-964a-dea4dcd51fd7:c3971, 9ed8676d-9460-465d-9905-fd43a52295f6:c3968, da64134c-6992-4903-9407-7df321e464db:c3968]
2019-07-09 09:59:29,859 INFO  client.GrpcClientProtocolClient (GrpcClientProtocolClient.java:onNext(255)) - client-CECA27ED65B5->8cac6937-780c-4459-964a-dea4dcd51fd7: receive RaftClientReply:client-CECA27ED65B5->8cac6937-780c-4459-964a-dea4dcd51fd7@group-D84C501198B9, cid=2683, SUCCESS, logIndex=3972, commits[8cac6937-780c-4459-964a-dea4dcd51fd7:c3972, 9ed8676d-9460-465d-9905-fd43a52295f6:c3968, da64134c-6992-4903-9407-7df321e464db:c3968]
2019-07-09 09:59:29,871 INFO  client.GrpcClientProtocolClient (GrpcClientProtocolClient.java:onNext(255)) - client-CECA27ED65B5->8cac6937-780c-4459-964a-dea4dcd51fd7: receive RaftClientReply:client-CECA27ED65B5->8cac6937-780c-4459-964a-dea4dcd51fd7@group-D84C501198B9, cid=2684, SUCCESS, logIndex=0, commits[8cac6937-780c-4459-964a-dea4dcd51fd7:c3974, 9ed8676d-9460-465d-9905-fd43a52295f6:c3972, da64134c-6992-4903-9407-7df321e464db:c3972]
2019-07-09 09:59:29,898 INFO  client.GrpcClientProtocolClient (GrpcClientProtocolClient.java:onNext(255)) - client-CECA27ED65B5->8cac6937-780c-4459-964a-dea4dcd51fd7: receive RaftClientReply:client-CECA27ED65B5->8cac6937-780c-4459-964a-dea4dcd51fd7@group-D84C501198B9, cid=2685, SUCCESS, logIndex=3975, commits[8cac6937-780c-4459-964a-dea4dcd51fd7:c3976, 9ed8676d-9460-465d-9905-fd43a52295f6:c3974, da64134c-6992-4903-9407-7df321e464db:c3974]
2019-07-09 09:59:29,898 INFO  client.GrpcClientProtocolClient (GrpcClientProtocolClient.java:onNext(255)) - client-CECA27ED65B5->8cac6937-780c-4459-964a-dea4dcd51fd7: receive RaftClientReply:client-CECA27ED65B5->8cac6937-780c-4459-964a-dea4dcd51fd7@group-D84C501198B9, cid=2686, SUCCESS, logIndex=3976, commits[8cac6937-780c-4459-964a-dea4dcd51fd7:c3978, 9ed8676d-9460-465d-9905-fd43a52295f6:c3974, da64134c-6992-4903-9407-7df321e464db:c3974]
2019-07-09 09:59:29,899 INFO  client.GrpcClientProtocolClient (GrpcClientProtocolClient.java:onNext(255)) - client-CECA27ED65B5->8cac6937-780c-4459-964a-dea4dcd51fd7: receive RaftClientReply:client-CECA27ED65B5->8cac6937-780c-4459-964a-dea4dcd51fd7@group-D84C501198B9, cid=2687, SUCCESS, logIndex=3977, commits[8cac6937-780c-4459-964a-dea4dcd51fd7:c3978, 9ed8676d-9460-465d-9905-fd43a52295f6:c3974, da64134c-6992-4903-9407-7df321e464db:c3974]
2019-07-09 09:59:29,899 INFO  client.GrpcClientProtocolClient (GrpcClientProtocolClient.java:onNext(255)) - client-CECA27ED65B5->8cac6937-780c-4459-964a-dea4dcd51fd7: receive RaftClientReply:client-CECA27ED65B5->8cac6937-780c-4459-964a-dea4dcd51fd7@group-D84C501198B9, cid=2688, SUCCESS, logIndex=3978, commits[8cac6937-780c-4459-964a-dea4dcd51fd7:c3978, 9ed8676d-9460-465d-9905-fd43a52295f6:c3974, da64134c-6992-4903-9407-7df321e464db:c3974]
2019-07-09 09:59:29,901 INFO  client.GrpcClientProtocolClient (GrpcClientProtocolClient.java:onNext(255)) - client-CECA27ED65B5->8cac6937-780c-4459-964a-dea4dcd51fd7: receive RaftClientReply:client-CECA27ED65B5->8cac6937-780c-4459-964a-dea4dcd51fd7@group-D84C501198B9, cid=2689, SUCCESS, logIndex=0, commits[8cac6937-780c-4459-964a-dea4dcd51fd7:c3982, 9ed8676d-9460-465d-9905-fd43a52295f6:c3978, da64134c-6992-4903-9407-7df321e464db:c3976]
2019-07-09 09:59:29,920 INFO  client.GrpcClientProtocolClient (GrpcClientProtocolClient.java:onNext(255)) - client-CECA27ED65B5->8cac6937-780c-4459-964a-dea4dcd51fd7: receive RaftClientReply:client-CECA27ED65B5->8cac6937-780c-4459-964a-dea4dcd51fd7@group-D84C501198B9, cid=2690, SUCCESS, logIndex=3983, commits[8cac6937-780c-4459-964a-dea4dcd51fd7:c3983, 9ed8676d-9460-465d-9905-fd43a52295f6:c3982, da64134c-6992-4903-9407-7df321e464db:c3982]
2019-07-09 09:59:29,920 INFO  client.GrpcClientProtocolClient (GrpcClientProtocolClient.java:onNext(255)) - client-CECA27ED65B5->8cac6937-780c-4459-964a-dea4dcd51fd7: receive RaftClientReply:client-CECA27ED65B5->8cac6937-780c-4459-964a-dea4dcd51fd7@group-D84C501198B9, cid=2691, SUCCESS, logIndex=3984, commits[8cac6937-780c-4459-964a-dea4dcd51fd7:c3984, 9ed8676d-9460-465d-9905-fd43a52295f6:c3982, da64134c-6992-4903-9407-7df321e464db:c3982]
2019-07-09 09:59:29,933 INFO  client.GrpcClientProtocolClient (GrpcClientProtocolClient.java:onNext(255)) - client-CECA27ED65B5->8cac6937-780c-4459-964a-dea4dcd51fd7: receive RaftClientReply:client-CECA27ED65B5->8cac6937-780c-4459-964a-dea4dcd51fd7@group-D84C501198B9, cid=2692, SUCCESS, logIndex=3987, commits[8cac6937-780c-4459-964a-dea4dcd51fd7:c3988, 9ed8676d-9460-465d-9905-fd43a52295f6:c3984, da64134c-6992-4903-9407-7df321e464db:c3984]
2019-07-09 09:59:29,934 INFO  client.GrpcClientProtocolClient (GrpcClientProtocolClient.java:onNext(255)) - client-CECA27ED65B5->8cac6937-780c-4459-964a-dea4dcd51fd7: receive RaftClientReply:client-CECA27ED65B5->8cac6937-780c-4459-964a-dea4dcd51fd7@group-D84C501198B9, cid=2693, SUCCESS, logIndex=3988, commits[8cac6937-780c-4459-964a-dea4dcd51fd7:c3988, 9ed8676d-9460-465d-9905-fd43a52295f6:c3984, da64134c-6992-4903-9407-7df321e464db:c3984]
2019-07-09 09:59:29,946 INFO  client.GrpcClientProtocolClient (GrpcClientProtocolClient.java:onNext(255)) - client-CECA27ED65B5->8cac6937-780c-4459-964a-dea4dcd51fd7: receive RaftClientReply:client-CECA27ED65B5->8cac6937-780c-4459-964a-dea4dcd51fd7@group-D84C501198B9, cid=2694, SUCCESS, logIndex=0, commits[8cac6937-780c-4459-964a-dea4dcd51fd7:c3989, 9ed8676d-9460-465d-9905-fd43a52295f6:c3988, da64134c-6992-4903-9407-7df321e464db:c3988]
2019-07-09 09:59:29,977 INFO  client.GrpcClientProtocolClient (GrpcClientProtocolClient.java:onNext(255)) - client-CECA27ED65B5->8cac6937-780c-4459-964a-dea4dcd51fd7: receive RaftClientReply:client-CECA27ED65B5->8cac6937-780c-4459-964a-dea4dcd51fd7@group-D84C501198B9, cid=2695, SUCCESS, logIndex=3991, commits[8cac6937-780c-4459-964a-dea4dcd51fd7:c3991, 9ed8676d-9460-465d-9905-fd43a52295f6:c3990, da64134c-6992-4903-9407-7df321e464db:c3990]
2019-07-09 09:59:29,977 INFO  client.GrpcClientProtocolClient (GrpcClientProtocolClient.java:onNext(255)) - client-CECA27ED65B5->8cac6937-780c-4459-964a-dea4dcd51fd7: receive RaftClientReply:client-CECA27ED65B5->8cac6937-780c-4459-964a-dea4dcd51fd7@group-D84C501198B9, cid=2696, SUCCESS, logIndex=3992, commits[8cac6937-780c-4459-964a-dea4dcd51fd7:c3994, 9ed8676d-9460-465d-9905-fd43a52295f6:c3990, da64134c-6992-4903-9407-7df321e464db:c3990]
2019-07-09 09:59:29,978 INFO  client.GrpcClientProtocolClient (GrpcClientProtocolClient.java:onNext(255)) - client-CECA27ED65B5->8cac6937-780c-4459-964a-dea4dcd51fd7: receive RaftClientReply:client-CECA27ED65B5->8cac6937-780c-4459-964a-dea4dcd51fd7@group-D84C501198B9, cid=2697, SUCCESS, logIndex=3993, commits[8cac6937-780c-4459-964a-dea4dcd51fd7:c3994, 9ed8676d-9460-465d-9905-fd43a52295f6:c3990, da64134c-6992-4903-9407-7df321e464db:c3990]
2019-07-09 09:59:29,978 INFO  client.GrpcClientProtocolClient (GrpcClientProtocolClient.java:onNext(255)) - client-CECA27ED65B5->8cac6937-780c-4459-964a-dea4dcd51fd7: receive RaftClientReply:client-CECA27ED65B5->8cac6937-780c-4459-964a-dea4dcd51fd7@group-D84C501198B9, cid=2698, SUCCESS, logIndex=3994, commits[8cac6937-780c-4459-964a-dea4dcd51fd7:c3994, 9ed8676d-9460-465d-9905-fd43a52295f6:c3990, da64134c-6992-4903-9407-7df321e464db:c3990]
2019-07-09 09:59:29,979 INFO  client.GrpcClientProtocolClient (GrpcClientProtocolClient.java:onNext(255)) - client-CECA27ED65B5->8cac6937-780c-4459-964a-dea4dcd51fd7: receive RaftClientReply:client-CECA27ED65B5->8cac6937-780c-4459-964a-dea4dcd51fd7@group-D84C501198B9, cid=2699, SUCCESS, logIndex=0, commits[8cac6937-780c-4459-964a-dea4dcd51fd7:c3998, 9ed8676d-9460-465d-9905-fd43a52295f6:c3994, da64134c-6992-4903-9407-7df321e464db:c3992]
2019-07-09 09:59:30,013 INFO  client.GrpcClientProtocolClient (GrpcClientProtocolClient.java:onNext(255)) - client-CECA27ED65B5->8cac6937-780c-4459-964a-dea4dcd51fd7: receive RaftClientReply:client-CECA27ED65B5->8cac6937-780c-4459-964a-dea4dcd51fd7@group-D84C501198B9, cid=2700, SUCCESS, logIndex=3999, commits[8cac6937-780c-4459-964a-dea4dcd51fd7:c4000, 9ed8676d-9460-465d-9905-fd43a52295f6:c3998, da64134c-6992-4903-9407-7df321e464db:c3998]
2019-07-09 09:59:30,014 INFO  client.GrpcClientProtocolClient (GrpcClientProtocolClient.java:onNext(255)) - client-CECA27ED65B5->8cac6937-780c-4459-964a-dea4dcd51fd7: receive RaftClientReply:client-CECA27ED65B5->8cac6937-780c-4459-964a-dea4dcd51fd7@group-D84C501198B9, cid=2701, SUCCESS, logIndex=4000, commits[8cac6937-780c-4459-964a-dea4dcd51fd7:c4000, 9ed8676d-9460-465d-9905-fd43a52295f6:c3998, da64134c-6992-4903-9407-7df321e464db:c3998]
2019-07-09 09:59:30,026 INFO  client.GrpcClientProtocolClient (GrpcClientProtocolClient.java:onNext(255)) - client-CECA27ED65B5->8cac6937-780c-4459-964a-dea4dcd51fd7: receive RaftClientReply:client-CECA27ED65B5->8cac6937-780c-4459-964a-dea4dcd51fd7@group-D84C501198B9, cid=2702, SUCCESS, logIndex=4003, commits[8cac6937-780c-4459-964a-dea4dcd51fd7:c4004, 9ed8676d-9460-465d-9905-fd43a52295f6:c4000, da64134c-6992-4903-9407-7df321e464db:c4000]
2019-07-09 09:59:30,027 INFO  client.GrpcClientProtocolClient (GrpcClientProtocolClient.java:onNext(255)) - client-CECA27ED65B5->8cac6937-780c-4459-964a-dea4dcd51fd7: receive RaftClientReply:client-CECA27ED65B5->8cac6937-780c-4459-964a-dea4dcd51fd7@group-D84C501198B9, cid=2703, SUCCESS, logIndex=4004, commits[8cac6937-780c-4459-964a-dea4dcd51fd7:c4004, 9ed8676d-9460-465d-9905-fd43a52295f6:c4000, da64134c-6992-4903-9407-7df321e464db:c4000]
2019-07-09 09:59:30,027 INFO  client.GrpcClientProtocolClient (GrpcClientProtocolClient.java:onNext(255)) - client-CECA27ED65B5->8cac6937-780c-4459-964a-dea4dcd51fd7: receive RaftClientReply:client-CECA27ED65B5->8cac6937-780c-4459-964a-dea4dcd51fd7@group-D84C501198B9, cid=2704, SUCCESS, logIndex=0, commits[8cac6937-780c-4459-964a-dea4dcd51fd7:c4005, 9ed8676d-9460-465d-9905-fd43a52295f6:c4004, da64134c-6992-4903-9407-7df321e464db:c4004]
2019-07-09 09:59:30,061 INFO  client.GrpcClientProtocolClient (GrpcClientProtocolClient.java:onNext(255)) - client-CECA27ED65B5->8cac6937-780c-4459-964a-dea4dcd51fd7: receive RaftClientReply:client-CECA27ED65B5->8cac6937-780c-4459-964a-dea4dcd51fd7@group-D84C501198B9, cid=2705, SUCCESS, logIndex=4007, commits[8cac6937-780c-4459-964a-dea4dcd51fd7:c4008, 9ed8676d-9460-465d-9905-fd43a52295f6:c4006, da64134c-6992-4903-9407-7df321e464db:c4006]
2019-07-09 09:59:30,062 INFO  client.GrpcClientProtocolClient (GrpcClientProtocolClient.java:onNext(255)) - client-CECA27ED65B5->8cac6937-780c-4459-964a-dea4dcd51fd7: receive RaftClientReply:client-CECA27ED65B5->8cac6937-780c-4459-964a-dea4dcd51fd7@group-D84C501198B9, cid=2706, SUCCESS, logIndex=4008, commits[8cac6937-780c-4459-964a-dea4dcd51fd7:c4009, 9ed8676d-9460-465d-9905-fd43a52295f6:c4006, da64134c-6992-4903-9407-7df321e464db:c4006]
2019-07-09 09:59:30,063 INFO  client.GrpcClientProtocolClient (GrpcClientProtocolClient.java:onNext(255)) - client-CECA27ED65B5->8cac6937-780c-4459-964a-dea4dcd51fd7: receive RaftClientReply:client-CECA27ED65B5->8cac6937-780c-4459-964a-dea4dcd51fd7@group-D84C501198B9, cid=2707, SUCCESS, logIndex=4009, commits[8cac6937-780c-4459-964a-dea4dcd51fd7:c4010, 9ed8676d-9460-465d-9905-fd43a52295f6:c4006, da64134c-6992-4903-9407-7df321e464db:c4006]
2019-07-09 09:59:30,063 INFO  client.GrpcClientProtocolClient (GrpcClientProtocolClient.java:onNext(255)) - client-CECA27ED65B5->8cac6937-780c-4459-964a-dea4dcd51fd7: receive RaftClientReply:client-CECA27ED65B5->8cac6937-780c-4459-964a-dea4dcd51fd7@group-D84C501198B9, cid=2708, SUCCESS, logIndex=4010, commits[8cac6937-780c-4459-964a-dea4dcd51fd7:c4010, 9ed8676d-9460-465d-9905-fd43a52295f6:c4006, da64134c-6992-4903-9407-7df321e464db:c4006]
2019-07-09 09:59:30,064 INFO  client.GrpcClientProtocolClient (GrpcClientProtocolClient.java:onNext(255)) - client-CECA27ED65B5->8cac6937-780c-4459-964a-dea4dcd51fd7: receive RaftClientReply:client-CECA27ED65B5->8cac6937-780c-4459-964a-dea4dcd51fd7@group-D84C501198B9, cid=2709, SUCCESS, logIndex=0, commits[8cac6937-780c-4459-964a-dea4dcd51fd7:c4012, 9ed8676d-9460-465d-9905-fd43a52295f6:c4008, da64134c-6992-4903-9407-7df321e464db:c4009]
2019-07-09 09:59:30,078 INFO  client.GrpcClientProtocolClient (GrpcClientProtocolClient.java:onNext(255)) - client-CECA27ED65B5->8cac6937-780c-4459-964a-dea4dcd51fd7: receive RaftClientReply:client-CECA27ED65B5->8cac6937-780c-4459-964a-dea4dcd51fd7@group-D84C501198B9, cid=2710, SUCCESS, logIndex=4015, commits[8cac6937-780c-4459-964a-dea4dcd51fd7:c4016, 9ed8676d-9460-465d-9905-fd43a52295f6:c4013, da64134c-6992-4903-9407-7df321e464db:c4013]
2019-07-09 09:59:30,079 INFO  client.GrpcClientProtocolClient (GrpcClientProtocolClient.java:onNext(255)) - client-CECA27ED65B5->8cac6937-780c-4459-964a-dea4dcd51fd7: receive RaftClientReply:client-CECA27ED65B5->8cac6937-780c-4459-964a-dea4dcd51fd7@group-D84C501198B9, cid=2711, SUCCESS, logIndex=4016, commits[8cac6937-780c-4459-964a-dea4dcd51fd7:c4016, 9ed8676d-9460-465d-9905-fd43a52295f6:c4013, da64134c-6992-4903-9407-7df321e464db:c4013]
2019-07-09 09:59:30,091 INFO  client.GrpcClientProtocolClient (GrpcClientProtocolClient.java:onNext(255)) - client-CECA27ED65B5->8cac6937-780c-4459-964a-dea4dcd51fd7: receive RaftClientReply:client-CECA27ED65B5->8cac6937-780c-4459-964a-dea4dcd51fd7@group-D84C501198B9, cid=2712, SUCCESS, logIndex=4018, commits[8cac6937-780c-4459-964a-dea4dcd51fd7:c4019, 9ed8676d-9460-465d-9905-fd43a52295f6:c4016, da64134c-6992-4903-9407-7df321e464db:c4016]
2019-07-09 09:59:30,092 INFO  client.GrpcClientProtocolClient (GrpcClientProtocolClient.java:onNext(255)) - client-CECA27ED65B5->8cac6937-780c-4459-964a-dea4dcd51fd7: receive RaftClientReply:client-CECA27ED65B5->8cac6937-780c-4459-964a-dea4dcd51fd7@group-D84C501198B9, cid=2713, SUCCESS, logIndex=4019, commits[8cac6937-780c-4459-964a-dea4dcd51fd7:c4019, 9ed8676d-9460-465d-9905-fd43a52295f6:c4016, da64134c-6992-4903-9407-7df321e464db:c4016]
2019-07-09 09:59:30,093 INFO  client.GrpcClientProtocolClient (GrpcClientProtocolClient.java:onNext(255)) - client-CECA27ED65B5->8cac6937-780c-4459-964a-dea4dcd51fd7: receive RaftClientReply:client-CECA27ED65B5->8cac6937-780c-4459-964a-dea4dcd51fd7@group-D84C501198B9, cid=2714, SUCCESS, logIndex=0, commits[8cac6937-780c-4459-964a-dea4dcd51fd7:c4020, 9ed8676d-9460-465d-9905-fd43a52295f6:c4019, da64134c-6992-4903-9407-7df321e464db:c4019]
2019-07-09 09:59:30,124 INFO  client.GrpcClientProtocolClient (GrpcClientProtocolClient.java:onNext(255)) - client-CECA27ED65B5->8cac6937-780c-4459-964a-dea4dcd51fd7: receive RaftClientReply:client-CECA27ED65B5->8cac6937-780c-4459-964a-dea4dcd51fd7@group-D84C501198B9, cid=2715, SUCCESS, logIndex=4022, commits[8cac6937-780c-4459-964a-dea4dcd51fd7:c4023, 9ed8676d-9460-465d-9905-fd43a52295f6:c4021, da64134c-6992-4903-9407-7df321e464db:c4021]
2019-07-09 09:59:30,125 INFO  client.GrpcClientProtocolClient (GrpcClientProtocolClient.java:onNext(255)) - client-CECA27ED65B5->8cac6937-780c-4459-964a-dea4dcd51fd7: receive RaftClientReply:client-CECA27ED65B5->8cac6937-780c-4459-964a-dea4dcd51fd7@group-D84C501198B9, cid=2716, SUCCESS, logIndex=4023, commits[8cac6937-780c-4459-964a-dea4dcd51fd7:c4023, 9ed8676d-9460-465d-9905-fd43a52295f6:c4021, da64134c-6992-4903-9407-7df321e464db:c4021]
2019-07-09 09:59:30,125 INFO  client.GrpcClientProtocolClient (GrpcClientProtocolClient.java:onNext(255)) - client-CECA27ED65B5->8cac6937-780c-4459-964a-dea4dcd51fd7: receive RaftClientReply:client-CECA27ED65B5->8cac6937-780c-4459-964a-dea4dcd51fd7@group-D84C501198B9, cid=2717, SUCCESS, logIndex=4024, commits[8cac6937-780c-4459-964a-dea4dcd51fd7:c4025, 9ed8676d-9460-465d-9905-fd43a52295f6:c4021, da64134c-6992-4903-9407-7df321e464db:c4021]
2019-07-09 09:59:30,125 INFO  client.GrpcClientProtocolClient (GrpcClientProtocolClient.java:onNext(255)) - client-CECA27ED65B5->8cac6937-780c-4459-964a-dea4dcd51fd7: receive RaftClientReply:client-CECA27ED65B5->8cac6937-780c-4459-964a-dea4dcd51fd7@group-D84C501198B9, cid=2718, SUCCESS, logIndex=4025, commits[8cac6937-780c-4459-964a-dea4dcd51fd7:c4025, 9ed8676d-9460-465d-9905-fd43a52295f6:c4021, da64134c-6992-4903-9407-7df321e464db:c4021]
2019-07-09 09:59:30,127 INFO  client.GrpcClientProtocolClient (GrpcClientProtocolClient.java:onNext(255)) - client-CECA27ED65B5->8cac6937-780c-4459-964a-dea4dcd51fd7: receive RaftClientReply:client-CECA27ED65B5->8cac6937-780c-4459-964a-dea4dcd51fd7@group-D84C501198B9, cid=2719, SUCCESS, logIndex=0, commits[8cac6937-780c-4459-964a-dea4dcd51fd7:c4028, 9ed8676d-9460-465d-9905-fd43a52295f6:c4025, da64134c-6992-4903-9407-7df321e464db:c4023]
2019-07-09 09:59:30,151 INFO  client.GrpcClientProtocolClient (GrpcClientProtocolClient.java:onNext(255)) - client-CECA27ED65B5->8cac6937-780c-4459-964a-dea4dcd51fd7: receive RaftClientReply:client-CECA27ED65B5->8cac6937-780c-4459-964a-dea4dcd51fd7@group-D84C501198B9, cid=2720, SUCCESS, logIndex=4029, commits[8cac6937-780c-4459-964a-dea4dcd51fd7:c4030, 9ed8676d-9460-465d-9905-fd43a52295f6:c4028, da64134c-6992-4903-9407-7df321e464db:c4028]
2019-07-09 09:59:30,152 INFO  client.GrpcClientProtocolClient (GrpcClientProtocolClient.java:onNext(255)) - client-CECA27ED65B5->8cac6937-780c-4459-964a-dea4dcd51fd7: receive RaftClientReply:client-CECA27ED65B5->8cac6937-780c-4459-964a-dea4dcd51fd7@group-D84C501198B9, cid=2721, SUCCESS, logIndex=4030, commits[8cac6937-780c-4459-964a-dea4dcd51fd7:c4030, 9ed8676d-9460-465d-9905-fd43a52295f6:c4028, da64134c-6992-4903-9407-7df321e464db:c4028]
2019-07-09 09:59:30,165 INFO  client.GrpcClientProtocolClient (GrpcClientProtocolClient.java:onNext(255)) - client-CECA27ED65B5->8cac6937-780c-4459-964a-dea4dcd51fd7: receive RaftClientReply:client-CECA27ED65B5->8cac6937-780c-4459-964a-dea4dcd51fd7@group-D84C501198B9, cid=2722, SUCCESS, logIndex=4033, commits[8cac6937-780c-4459-964a-dea4dcd51fd7:c4033, 9ed8676d-9460-465d-9905-fd43a52295f6:c4030, da64134c-6992-4903-9407-7df321e464db:c4030]
2019-07-09 09:59:30,165 INFO  client.GrpcClientProtocolClient (GrpcClientProtocolClient.java:onNext(255)) - client-CECA27ED65B5->8cac6937-780c-4459-964a-dea4dcd51fd7: receive RaftClientReply:client-CECA27ED65B5->8cac6937-780c-4459-964a-dea4dcd51fd7@group-D84C501198B9, cid=2723, SUCCESS, logIndex=4034, commits[8cac6937-780c-4459-964a-dea4dcd51fd7:c4034, 9ed8676d-9460-465d-9905-fd43a52295f6:c4030, da64134c-6992-4903-9407-7df321e464db:c4030]
2019-07-09 09:59:30,179 INFO  client.GrpcClientProtocolClient (GrpcClientProtocolClient.java:onNext(255)) - client-CECA27ED65B5->8cac6937-780c-4459-964a-dea4dcd51fd7: receive RaftClientReply:client-CECA27ED65B5->8cac6937-780c-4459-964a-dea4dcd51fd7@group-D84C501198B9, cid=2724, SUCCESS, logIndex=0, commits[8cac6937-780c-4459-964a-dea4dcd51fd7:c4036, 9ed8676d-9460-465d-9905-fd43a52295f6:c4034, da64134c-6992-4903-9407-7df321e464db:c4034]
2019-07-09 09:59:30,208 INFO  client.GrpcClientProtocolClient (GrpcClientProtocolClient.java:onNext(255)) - client-CECA27ED65B5->8cac6937-780c-4459-964a-dea4dcd51fd7: receive RaftClientReply:client-CECA27ED65B5->8cac6937-780c-4459-964a-dea4dcd51fd7@group-D84C501198B9, cid=2725, SUCCESS, logIndex=4037, commits[8cac6937-780c-4459-964a-dea4dcd51fd7:c4039, 9ed8676d-9460-465d-9905-fd43a52295f6:c4036, da64134c-6992-4903-9407-7df321e464db:c4036]
2019-07-09 09:59:30,209 INFO  client.GrpcClientProtocolClient (GrpcClientProtocolClient.java:onNext(255)) - client-CECA27ED65B5->8cac6937-780c-4459-964a-dea4dcd51fd7: receive RaftClientReply:client-CECA27ED65B5->8cac6937-780c-4459-964a-dea4dcd51fd7@group-D84C501198B9, cid=2726, SUCCESS, logIndex=4038, commits[8cac6937-780c-4459-964a-dea4dcd51fd7:c4040, 9ed8676d-9460-465d-9905-fd43a52295f6:c4036, da64134c-6992-4903-9407-7df321e464db:c4036]
2019-07-09 09:59:30,209 INFO  client.GrpcClientProtocolClient (GrpcClientProtocolClient.java:onNext(255)) - client-CECA27ED65B5->8cac6937-780c-4459-964a-dea4dcd51fd7: receive RaftClientReply:client-CECA27ED65B5->8cac6937-780c-4459-964a-dea4dcd51fd7@group-D84C501198B9, cid=2727, SUCCESS, logIndex=4039, commits[8cac6937-780c-4459-964a-dea4dcd51fd7:c4040, 9ed8676d-9460-465d-9905-fd43a52295f6:c4036, da64134c-6992-4903-9407-7df321e464db:c4036]
2019-07-09 09:59:30,209 INFO  client.GrpcClientProtocolClient (GrpcClientProtocolClient.java:onNext(255)) - client-CECA27ED65B5->8cac6937-780c-4459-964a-dea4dcd51fd7: receive RaftClientReply:client-CECA27ED65B5->8cac6937-780c-4459-964a-dea4dcd51fd7@group-D84C501198B9, cid=2728, SUCCESS, logIndex=4040, commits[8cac6937-780c-4459-964a-dea4dcd51fd7:c4040, 9ed8676d-9460-465d-9905-fd43a52295f6:c4036, da64134c-6992-4903-9407-7df321e464db:c4036]
2019-07-09 09:59:30,221 INFO  client.GrpcClientProtocolClient (GrpcClientProtocolClient.java:onNext(255)) - client-CECA27ED65B5->8cac6937-780c-4459-964a-dea4dcd51fd7: receive RaftClientReply:client-CECA27ED65B5->8cac6937-780c-4459-964a-dea4dcd51fd7@group-D84C501198B9, cid=2729, SUCCESS, logIndex=0, commits[8cac6937-780c-4459-964a-dea4dcd51fd7:c4042, 9ed8676d-9460-465d-9905-fd43a52295f6:c4038, da64134c-6992-4903-9407-7df321e464db:c4038]
2019-07-09 09:59:30,239 INFO  client.GrpcClientProtocolClient (GrpcClientProtocolClient.java:onNext(255)) - client-CECA27ED65B5->8cac6937-780c-4459-964a-dea4dcd51fd7: receive RaftClientReply:client-CECA27ED65B5->8cac6937-780c-4459-964a-dea4dcd51fd7@group-D84C501198B9, cid=2730, SUCCESS, logIndex=4045, commits[8cac6937-780c-4459-964a-dea4dcd51fd7:c4046, 9ed8676d-9460-465d-9905-fd43a52295f6:c4044, da64134c-6992-4903-9407-7df321e464db:c4044]
2019-07-09 09:59:30,239 INFO  client.GrpcClientProtocolClient (GrpcClientProtocolClient.java:onNext(255)) - client-CECA27ED65B5->8cac6937-780c-4459-964a-dea4dcd51fd7: receive RaftClientReply:client-CECA27ED65B5->8cac6937-780c-4459-964a-dea4dcd51fd7@group-D84C501198B9, cid=2731, SUCCESS, logIndex=4046, commits[8cac6937-780c-4459-964a-dea4dcd51fd7:c4046, 9ed8676d-9460-465d-9905-fd43a52295f6:c4044, da64134c-6992-4903-9407-7df321e464db:c4044]
2019-07-09 09:59:30,252 INFO  client.GrpcClientProtocolClient (GrpcClientProtocolClient.java:onNext(255)) - client-CECA27ED65B5->8cac6937-780c-4459-964a-dea4dcd51fd7: receive RaftClientReply:client-CECA27ED65B5->8cac6937-780c-4459-964a-dea4dcd51fd7@group-D84C501198B9, cid=2732, SUCCESS, logIndex=4049, commits[8cac6937-780c-4459-964a-dea4dcd51fd7:c4050, 9ed8676d-9460-465d-9905-fd43a52295f6:c4046, da64134c-6992-4903-9407-7df321e464db:c4046]
2019-07-09 09:59:30,253 INFO  client.GrpcClientProtocolClient (GrpcClientProtocolClient.java:onNext(255)) - client-CECA27ED65B5->8cac6937-780c-4459-964a-dea4dcd51fd7: receive RaftClientReply:client-CECA27ED65B5->8cac6937-780c-4459-964a-dea4dcd51fd7@group-D84C501198B9, cid=2733, SUCCESS, logIndex=4050, commits[8cac6937-780c-4459-964a-dea4dcd51fd7:c4050, 9ed8676d-9460-465d-9905-fd43a52295f6:c4046, da64134c-6992-4903-9407-7df321e464db:c4046]
 0.00% |█                                                                                                    |  0/1 Time: 0:00:222019-07-09 09:59:30,266 INFO  client.GrpcClientProtocolClient (GrpcClientProtocolClient.java:onNext(255)) - client-CECA27ED65B5->8cac6937-780c-4459-964a-dea4dcd51fd7: receive RaftClientReply:client-CECA27ED65B5->8cac6937-780c-4459-964a-dea4dcd51fd7@group-D84C501198B9, cid=2734, SUCCESS, logIndex=0, commits[8cac6937-780c-4459-964a-dea4dcd51fd7:c4052, 9ed8676d-9460-465d-9905-fd43a52295f6:c4050, da64134c-6992-4903-9407-7df321e464db:c4050]
2019-07-09 09:59:30,293 INFO  client.GrpcClientProtocolClient (GrpcClientProtocolClient.java:onNext(255)) - client-CECA27ED65B5->8cac6937-780c-4459-964a-dea4dcd51fd7: receive RaftClientReply:client-CECA27ED65B5->8cac6937-780c-4459-964a-dea4dcd51fd7@group-D84C501198B9, cid=2735, SUCCESS, logIndex=4053, commits[8cac6937-780c-4459-964a-dea4dcd51fd7:c4055, 9ed8676d-9460-465d-9905-fd43a52295f6:c4052, da64134c-6992-4903-9407-7df321e464db:c4052]
2019-07-09 09:59:30,293 INFO  client.GrpcClientProtocolClient (GrpcClientProtocolClient.java:onNext(255)) - client-CECA27ED65B5->8cac6937-780c-4459-964a-dea4dcd51fd7: receive RaftClientReply:client-CECA27ED65B5->8cac6937-780c-4459-964a-dea4dcd51fd7@group-D84C501198B9, cid=2736, SUCCESS, logIndex=4054, commits[8cac6937-780c-4459-964a-dea4dcd51fd7:c4056, 9ed8676d-9460-465d-9905-fd43a52295f6:c4052, da64134c-6992-4903-9407-7df321e464db:c4052]
2019-07-09 09:59:30,294 INFO  client.GrpcClientProtocolClient (GrpcClientProtocolClient.java:onNext(255)) - client-CECA27ED65B5->8cac6937-780c-4459-964a-dea4dcd51fd7: receive RaftClientReply:client-CECA27ED65B5->8cac6937-780c-4459-964a-dea4dcd51fd7@group-D84C501198B9, cid=2737, SUCCESS, logIndex=4055, commits[8cac6937-780c-4459-964a-dea4dcd51fd7:c4056, 9ed8676d-9460-465d-9905-fd43a52295f6:c4052, da64134c-6992-4903-9407-7df321e464db:c4052]
2019-07-09 09:59:30,294 INFO  client.GrpcClientProtocolClient (GrpcClientProtocolClient.java:onNext(255)) - client-CECA27ED65B5->8cac6937-780c-4459-964a-dea4dcd51fd7: receive RaftClientReply:client-CECA27ED65B5->8cac6937-780c-4459-964a-dea4dcd51fd7@group-D84C501198B9, cid=2738, SUCCESS, logIndex=4056, commits[8cac6937-780c-4459-964a-dea4dcd51fd7:c4056, 9ed8676d-9460-465d-9905-fd43a52295f6:c4052, da64134c-6992-4903-9407-7df321e464db:c4052]
2019-07-09 09:59:30,304 INFO  client.GrpcClientProtocolClient (GrpcClientProtocolClient.java:onNext(255)) - client-CECA27ED65B5->8cac6937-780c-4459-964a-dea4dcd51fd7: receive RaftClientReply:client-CECA27ED65B5->8cac6937-780c-4459-964a-dea4dcd51fd7@group-D84C501198B9, cid=2739, SUCCESS, logIndex=0, commits[8cac6937-780c-4459-964a-dea4dcd51fd7:c4057, 9ed8676d-9460-465d-9905-fd43a52295f6:c4054, da64134c-6992-4903-9407-7df321e464db:c4054]
2019-07-09 09:59:30,323 INFO  client.GrpcClientProtocolClient (GrpcClientProtocolClient.java:onNext(255)) - client-CECA27ED65B5->8cac6937-780c-4459-964a-dea4dcd51fd7: receive RaftClientReply:client-CECA27ED65B5->8cac6937-780c-4459-964a-dea4dcd51fd7@group-D84C501198B9, cid=2740, SUCCESS, logIndex=4061, commits[8cac6937-780c-4459-964a-dea4dcd51fd7:c4061, 9ed8676d-9460-465d-9905-fd43a52295f6:c4060, da64134c-6992-4903-9407-7df321e464db:c4060]
2019-07-09 09:59:30,324 INFO  client.GrpcClientProtocolClient (GrpcClientProtocolClient.java:onNext(255)) - client-CECA27ED65B5->8cac6937-780c-4459-964a-dea4dcd51fd7: receive RaftClientReply:client-CECA27ED65B5->8cac6937-780c-4459-964a-dea4dcd51fd7@group-D84C501198B9, cid=2741, SUCCESS, logIndex=4062, commits[8cac6937-780c-4459-964a-dea4dcd51fd7:c4062, 9ed8676d-9460-465d-9905-fd43a52295f6:c4060, da64134c-6992-4903-9407-7df321e464db:c4060]
2019-07-09 09:59:30,344 INFO  client.GrpcClientProtocolClient (GrpcClientProtocolClient.java:onNext(255)) - client-CECA27ED65B5->8cac6937-780c-4459-964a-dea4dcd51fd7: receive RaftClientReply:client-CECA27ED65B5->8cac6937-780c-4459-964a-dea4dcd51fd7@group-D84C501198B9, cid=2742, SUCCESS, logIndex=4065, commits[8cac6937-780c-4459-964a-dea4dcd51fd7:c4066, 9ed8676d-9460-465d-9905-fd43a52295f6:c4062, da64134c-6992-4903-9407-7df321e464db:c4062]
2019-07-09 09:59:30,344 INFO  client.GrpcClientProtocolClient (GrpcClientProtocolClient.java:onNext(255)) - client-CECA27ED65B5->8cac6937-780c-4459-964a-dea4dcd51fd7: receive RaftClientReply:client-CECA27ED65B5->8cac6937-780c-4459-964a-dea4dcd51fd7@group-D84C501198B9, cid=2743, SUCCESS, logIndex=4066, commits[8cac6937-780c-4459-964a-dea4dcd51fd7:c4066, 9ed8676d-9460-465d-9905-fd43a52295f6:c4062, da64134c-6992-4903-9407-7df321e464db:c4062]
2019-07-09 09:59:30,356 INFO  client.GrpcClientProtocolClient (GrpcClientProtocolClient.java:onNext(255)) - client-CECA27ED65B5->8cac6937-780c-4459-964a-dea4dcd51fd7: receive RaftClientReply:client-CECA27ED65B5->8cac6937-780c-4459-964a-dea4dcd51fd7@group-D84C501198B9, cid=2744, SUCCESS, logIndex=0, commits[8cac6937-780c-4459-964a-dea4dcd51fd7:c4067, 9ed8676d-9460-465d-9905-fd43a52295f6:c4066, da64134c-6992-4903-9407-7df321e464db:c4066]
2019-07-09 09:59:30,385 INFO  client.GrpcClientProtocolClient (GrpcClientProtocolClient.java:onNext(255)) - client-CECA27ED65B5->8cac6937-780c-4459-964a-dea4dcd51fd7: receive RaftClientReply:client-CECA27ED65B5->8cac6937-780c-4459-964a-dea4dcd51fd7@group-D84C501198B9, cid=2745, SUCCESS, logIndex=4069, commits[8cac6937-780c-4459-964a-dea4dcd51fd7:c4070, 9ed8676d-9460-465d-9905-fd43a52295f6:c4068, da64134c-6992-4903-9407-7df321e464db:c4068]
2019-07-09 09:59:30,386 INFO  client.GrpcClientProtocolClient (GrpcClientProtocolClient.java:onNext(255)) - client-CECA27ED65B5->8cac6937-780c-4459-964a-dea4dcd51fd7: receive RaftClientReply:client-CECA27ED65B5->8cac6937-780c-4459-964a-dea4dcd51fd7@group-D84C501198B9, cid=2746, SUCCESS, logIndex=4070, commits[8cac6937-780c-4459-964a-dea4dcd51fd7:c4070, 9ed8676d-9460-465d-9905-fd43a52295f6:c4068, da64134c-6992-4903-9407-7df321e464db:c4068]
2019-07-09 09:59:30,386 INFO  client.GrpcClientProtocolClient (GrpcClientProtocolClient.java:onNext(255)) - client-CECA27ED65B5->8cac6937-780c-4459-964a-dea4dcd51fd7: receive RaftClientReply:client-CECA27ED65B5->8cac6937-780c-4459-964a-dea4dcd51fd7@group-D84C501198B9, cid=2747, SUCCESS, logIndex=4071, commits[8cac6937-780c-4459-964a-dea4dcd51fd7:c4072, 9ed8676d-9460-465d-9905-fd43a52295f6:c4068, da64134c-6992-4903-9407-7df321e464db:c4068]
2019-07-09 09:59:30,387 INFO  client.GrpcClientProtocolClient (GrpcClientProtocolClient.java:onNext(255)) - client-CECA27ED65B5->8cac6937-780c-4459-964a-dea4dcd51fd7: receive RaftClientReply:client-CECA27ED65B5->8cac6937-780c-4459-964a-dea4dcd51fd7@group-D84C501198B9, cid=2748, SUCCESS, logIndex=4072, commits[8cac6937-780c-4459-964a-dea4dcd51fd7:c4072, 9ed8676d-9460-465d-9905-fd43a52295f6:c4068, da64134c-6992-4903-9407-7df321e464db:c4068]
2019-07-09 09:59:30,388 INFO  client.GrpcClientProtocolClient (GrpcClientProtocolClient.java:onNext(255)) - client-CECA27ED65B5->8cac6937-780c-4459-964a-dea4dcd51fd7: receive RaftClientReply:client-CECA27ED65B5->8cac6937-780c-4459-964a-dea4dcd51fd7@group-D84C501198B9, cid=2749, SUCCESS, logIndex=0, commits[8cac6937-780c-4459-964a-dea4dcd51fd7:c4074, 9ed8676d-9460-465d-9905-fd43a52295f6:c4070, da64134c-6992-4903-9407-7df321e464db:c4070]
2019-07-09 09:59:30,407 INFO  client.GrpcClientProtocolClient (GrpcClientProtocolClient.java:onNext(255)) - client-CECA27ED65B5->8cac6937-780c-4459-964a-dea4dcd51fd7: receive RaftClientReply:client-CECA27ED65B5->8cac6937-780c-4459-964a-dea4dcd51fd7@group-D84C501198B9, cid=2750, SUCCESS, logIndex=4077, commits[8cac6937-780c-4459-964a-dea4dcd51fd7:c4078, 9ed8676d-9460-465d-9905-fd43a52295f6:c4076, da64134c-6992-4903-9407-7df321e464db:c4076]
2019-07-09 09:59:30,407 INFO  client.GrpcClientProtocolClient (GrpcClientProtocolClient.java:onNext(255)) - client-CECA27ED65B5->8cac6937-780c-4459-964a-dea4dcd51fd7: receive RaftClientReply:client-CECA27ED65B5->8cac6937-780c-4459-964a-dea4dcd51fd7@group-D84C501198B9, cid=2751, SUCCESS, logIndex=4078, commits[8cac6937-780c-4459-964a-dea4dcd51fd7:c4078, 9ed8676d-9460-465d-9905-fd43a52295f6:c4076, da64134c-6992-4903-9407-7df321e464db:c4076]
2019-07-09 09:59:30,424 INFO  client.GrpcClientProtocolClient (GrpcClientProtocolClient.java:onNext(255)) - client-CECA27ED65B5->8cac6937-780c-4459-964a-dea4dcd51fd7: receive RaftClientReply:client-CECA27ED65B5->8cac6937-780c-4459-964a-dea4dcd51fd7@group-D84C501198B9, cid=2752, SUCCESS, logIndex=4081, commits[8cac6937-780c-4459-964a-dea4dcd51fd7:c4082, 9ed8676d-9460-465d-9905-fd43a52295f6:c4078, da64134c-6992-4903-9407-7df321e464db:c4078]
2019-07-09 09:59:30,424 INFO  client.GrpcClientProtocolClient (GrpcClientProtocolClient.java:onNext(255)) - client-CECA27ED65B5->8cac6937-780c-4459-964a-dea4dcd51fd7: receive RaftClientReply:client-CECA27ED65B5->8cac6937-780c-4459-964a-dea4dcd51fd7@group-D84C501198B9, cid=2753, SUCCESS, logIndex=4082, commits[8cac6937-780c-4459-964a-dea4dcd51fd7:c4082, 9ed8676d-9460-465d-9905-fd43a52295f6:c4078, da64134c-6992-4903-9407-7df321e464db:c4078]
2019-07-09 09:59:30,437 INFO  client.GrpcClientProtocolClient (GrpcClientProtocolClient.java:onNext(255)) - client-CECA27ED65B5->8cac6937-780c-4459-964a-dea4dcd51fd7: receive RaftClientReply:client-CECA27ED65B5->8cac6937-780c-4459-964a-dea4dcd51fd7@group-D84C501198B9, cid=2754, SUCCESS, logIndex=0, commits[8cac6937-780c-4459-964a-dea4dcd51fd7:c4083, 9ed8676d-9460-465d-9905-fd43a52295f6:c4082, da64134c-6992-4903-9407-7df321e464db:c4082]
2019-07-09 09:59:30,465 INFO  client.GrpcClientProtocolClient (GrpcClientProtocolClient.java:onNext(255)) - client-CECA27ED65B5->8cac6937-780c-4459-964a-dea4dcd51fd7: receive RaftClientReply:client-CECA27ED65B5->8cac6937-780c-4459-964a-dea4dcd51fd7@group-D84C501198B9, cid=2755, SUCCESS, logIndex=4085, commits[8cac6937-780c-4459-964a-dea4dcd51fd7:c4086, 9ed8676d-9460-465d-9905-fd43a52295f6:c4084, da64134c-6992-4903-9407-7df321e464db:c4084]
2019-07-09 09:59:30,567 INFO  client.GrpcClientProtocolClient (GrpcClientProtocolClient.java:onNext(255)) - client-CECA27ED65B5->8cac6937-780c-4459-964a-dea4dcd51fd7: receive RaftClientReply:client-CECA27ED65B5->8cac6937-780c-4459-964a-dea4dcd51fd7@group-D84C501198B9, cid=2756, SUCCESS, logIndex=4086, commits[8cac6937-780c-4459-964a-dea4dcd51fd7:c4086, 9ed8676d-9460-465d-9905-fd43a52295f6:c4084, da64134c-6992-4903-9407-7df321e464db:c4084]
2019-07-09 09:59:30,568 INFO  client.GrpcClientProtocolClient (GrpcClientProtocolClient.java:onNext(255)) - client-CECA27ED65B5->8cac6937-780c-4459-964a-dea4dcd51fd7: receive RaftClientReply:client-CECA27ED65B5->8cac6937-780c-4459-964a-dea4dcd51fd7@group-D84C501198B9, cid=2757, SUCCESS, logIndex=4087, commits[8cac6937-780c-4459-964a-dea4dcd51fd7:c4088, 9ed8676d-9460-465d-9905-fd43a52295f6:c4084, da64134c-6992-4903-9407-7df321e464db:c4084]
2019-07-09 09:59:30,569 INFO  client.GrpcClientProtocolClient (GrpcClientProtocolClient.java:onNext(255)) - client-CECA27ED65B5->8cac6937-780c-4459-964a-dea4dcd51fd7: receive RaftClientReply:client-CECA27ED65B5->8cac6937-780c-4459-964a-dea4dcd51fd7@group-D84C501198B9, cid=2758, SUCCESS, logIndex=4088, commits[8cac6937-780c-4459-964a-dea4dcd51fd7:c4088, 9ed8676d-9460-465d-9905-fd43a52295f6:c4084, da64134c-6992-4903-9407-7df321e464db:c4084]
2019-07-09 09:59:30,580 INFO  client.GrpcClientProtocolClient (GrpcClientProtocolClient.java:onNext(255)) - client-CECA27ED65B5->8cac6937-780c-4459-964a-dea4dcd51fd7: receive RaftClientReply:client-CECA27ED65B5->8cac6937-780c-4459-964a-dea4dcd51fd7@group-D84C501198B9, cid=2759, SUCCESS, logIndex=0, commits[8cac6937-780c-4459-964a-dea4dcd51fd7:c4090, 9ed8676d-9460-465d-9905-fd43a52295f6:c4086, da64134c-6992-4903-9407-7df321e464db:c4086]
2019-07-09 09:59:30,603 INFO  client.GrpcClientProtocolClient (GrpcClientProtocolClient.java:onNext(255)) - client-CECA27ED65B5->8cac6937-780c-4459-964a-dea4dcd51fd7: receive RaftClientReply:client-CECA27ED65B5->8cac6937-780c-4459-964a-dea4dcd51fd7@group-D84C501198B9, cid=2760, SUCCESS, logIndex=4093, commits[8cac6937-780c-4459-964a-dea4dcd51fd7:c4094, 9ed8676d-9460-465d-9905-fd43a52295f6:c4092, da64134c-6992-4903-9407-7df321e464db:c4092]
2019-07-09 09:59:30,603 INFO  client.GrpcClientProtocolClient (GrpcClientProtocolClient.java:onNext(255)) - client-CECA27ED65B5->8cac6937-780c-4459-964a-dea4dcd51fd7: receive RaftClientReply:client-CECA27ED65B5->8cac6937-780c-4459-964a-dea4dcd51fd7@group-D84C501198B9, cid=2761, SUCCESS, logIndex=4094, commits[8cac6937-780c-4459-964a-dea4dcd51fd7:c4094, 9ed8676d-9460-465d-9905-fd43a52295f6:c4092, da64134c-6992-4903-9407-7df321e464db:c4092]
2019-07-09 09:59:30,616 INFO  client.GrpcClientProtocolClient (GrpcClientProtocolClient.java:onNext(255)) - client-CECA27ED65B5->8cac6937-780c-4459-964a-dea4dcd51fd7: receive RaftClientReply:client-CECA27ED65B5->8cac6937-780c-4459-964a-dea4dcd51fd7@group-D84C501198B9, cid=2762, SUCCESS, logIndex=4097, commits[8cac6937-780c-4459-964a-dea4dcd51fd7:c4098, 9ed8676d-9460-465d-9905-fd43a52295f6:c4094, da64134c-6992-4903-9407-7df321e464db:c4094]
2019-07-09 09:59:30,617 INFO  client.GrpcClientProtocolClient (GrpcClientProtocolClient.java:onNext(255)) - client-CECA27ED65B5->8cac6937-780c-4459-964a-dea4dcd51fd7: receive RaftClientReply:client-CECA27ED65B5->8cac6937-780c-4459-964a-dea4dcd51fd7@group-D84C501198B9, cid=2763, SUCCESS, logIndex=4098, commits[8cac6937-780c-4459-964a-dea4dcd51fd7:c4098, 9ed8676d-9460-465d-9905-fd43a52295f6:c4094, da64134c-6992-4903-9407-7df321e464db:c4094]
2019-07-09 09:59:30,628 INFO  client.GrpcClientProtocolClient (GrpcClientProtocolClient.java:onNext(255)) - client-CECA27ED65B5->8cac6937-780c-4459-964a-dea4dcd51fd7: receive RaftClientReply:client-CECA27ED65B5->8cac6937-780c-4459-964a-dea4dcd51fd7@group-D84C501198B9, cid=2764, SUCCESS, logIndex=0, commits[8cac6937-780c-4459-964a-dea4dcd51fd7:c4099, 9ed8676d-9460-465d-9905-fd43a52295f6:c4098, da64134c-6992-4903-9407-7df321e464db:c4098]
2019-07-09 09:59:30,657 INFO  client.GrpcClientProtocolClient (GrpcClientProtocolClient.java:onNext(255)) - client-CECA27ED65B5->8cac6937-780c-4459-964a-dea4dcd51fd7: receive RaftClientReply:client-CECA27ED65B5->8cac6937-780c-4459-964a-dea4dcd51fd7@group-D84C501198B9, cid=2765, SUCCESS, logIndex=4101, commits[8cac6937-780c-4459-964a-dea4dcd51fd7:c4102, 9ed8676d-9460-465d-9905-fd43a52295f6:c4100, da64134c-6992-4903-9407-7df321e464db:c4100]
2019-07-09 09:59:30,657 INFO  client.GrpcClientProtocolClient (GrpcClientProtocolClient.java:onNext(255)) - client-CECA27ED65B5->8cac6937-780c-4459-964a-dea4dcd51fd7: receive RaftClientReply:client-CECA27ED65B5->8cac6937-780c-4459-964a-dea4dcd51fd7@group-D84C501198B9, cid=2766, SUCCESS, logIndex=4102, commits[8cac6937-780c-4459-964a-dea4dcd51fd7:c4103, 9ed8676d-9460-465d-9905-fd43a52295f6:c4100, da64134c-6992-4903-9407-7df321e464db:c4100]
2019-07-09 09:59:30,658 INFO  client.GrpcClientProtocolClient (GrpcClientProtocolClient.java:onNext(255)) - client-CECA27ED65B5->8cac6937-780c-4459-964a-dea4dcd51fd7: receive RaftClientReply:client-CECA27ED65B5->8cac6937-780c-4459-964a-dea4dcd51fd7@group-D84C501198B9, cid=2767, SUCCESS, logIndex=4103, commits[8cac6937-780c-4459-964a-dea4dcd51fd7:c4104, 9ed8676d-9460-465d-9905-fd43a52295f6:c4100, da64134c-6992-4903-9407-7df321e464db:c4100]
2019-07-09 09:59:30,658 INFO  client.GrpcClientProtocolClient (GrpcClientProtocolClient.java:onNext(255)) - client-CECA27ED65B5->8cac6937-780c-4459-964a-dea4dcd51fd7: receive RaftClientReply:client-CECA27ED65B5->8cac6937-780c-4459-964a-dea4dcd51fd7@group-D84C501198B9, cid=2768, SUCCESS, logIndex=4104, commits[8cac6937-780c-4459-964a-dea4dcd51fd7:c4104, 9ed8676d-9460-465d-9905-fd43a52295f6:c4100, da64134c-6992-4903-9407-7df321e464db:c4100]
2019-07-09 09:59:30,659 INFO  client.GrpcClientProtocolClient (GrpcClientProtocolClient.java:onNext(255)) - client-CECA27ED65B5->8cac6937-780c-4459-964a-dea4dcd51fd7: receive RaftClientReply:client-CECA27ED65B5->8cac6937-780c-4459-964a-dea4dcd51fd7@group-D84C501198B9, cid=2769, SUCCESS, logIndex=0, commits[8cac6937-780c-4459-964a-dea4dcd51fd7:c4106, 9ed8676d-9460-465d-9905-fd43a52295f6:c4102, da64134c-6992-4903-9407-7df321e464db:c4102]
2019-07-09 09:59:30,679 INFO  client.GrpcClientProtocolClient (GrpcClientProtocolClient.java:onNext(255)) - client-CECA27ED65B5->8cac6937-780c-4459-964a-dea4dcd51fd7: receive RaftClientReply:client-CECA27ED65B5->8cac6937-780c-4459-964a-dea4dcd51fd7@group-D84C501198B9, cid=2770, SUCCESS, logIndex=4109, commits[8cac6937-780c-4459-964a-dea4dcd51fd7:c4110, 9ed8676d-9460-465d-9905-fd43a52295f6:c4108, da64134c-6992-4903-9407-7df321e464db:c4108]
2019-07-09 09:59:30,679 INFO  client.GrpcClientProtocolClient (GrpcClientProtocolClient.java:onNext(255)) - client-CECA27ED65B5->8cac6937-780c-4459-964a-dea4dcd51fd7: receive RaftClientReply:client-CECA27ED65B5->8cac6937-780c-4459-964a-dea4dcd51fd7@group-D84C501198B9, cid=2771, SUCCESS, logIndex=4110, commits[8cac6937-780c-4459-964a-dea4dcd51fd7:c4110, 9ed8676d-9460-465d-9905-fd43a52295f6:c4108, da64134c-6992-4903-9407-7df321e464db:c4108]
2019-07-09 09:59:30,693 INFO  client.GrpcClientProtocolClient (GrpcClientProtocolClient.java:onNext(255)) - client-CECA27ED65B5->8cac6937-780c-4459-964a-dea4dcd51fd7: receive RaftClientReply:client-CECA27ED65B5->8cac6937-780c-4459-964a-dea4dcd51fd7@group-D84C501198B9, cid=2772, SUCCESS, logIndex=4113, commits[8cac6937-780c-4459-964a-dea4dcd51fd7:c4114, 9ed8676d-9460-465d-9905-fd43a52295f6:c4110, da64134c-6992-4903-9407-7df321e464db:c4110]
2019-07-09 09:59:30,693 INFO  client.GrpcClientProtocolClient (GrpcClientProtocolClient.java:onNext(255)) - client-CECA27ED65B5->8cac6937-780c-4459-964a-dea4dcd51fd7: receive RaftClientReply:client-CECA27ED65B5->8cac6937-780c-4459-964a-dea4dcd51fd7@group-D84C501198B9, cid=2773, SUCCESS, logIndex=4114, commits[8cac6937-780c-4459-964a-dea4dcd51fd7:c4114, 9ed8676d-9460-465d-9905-fd43a52295f6:c4110, da64134c-6992-4903-9407-7df321e464db:c4110]
2019-07-09 09:59:30,706 INFO  client.GrpcClientProtocolClient (GrpcClientProtocolClient.java:onNext(255)) - client-CECA27ED65B5->8cac6937-780c-4459-964a-dea4dcd51fd7: receive RaftClientReply:client-CECA27ED65B5->8cac6937-780c-4459-964a-dea4dcd51fd7@group-D84C501198B9, cid=2774, SUCCESS, logIndex=0, commits[8cac6937-780c-4459-964a-dea4dcd51fd7:c4116, 9ed8676d-9460-465d-9905-fd43a52295f6:c4114, da64134c-6992-4903-9407-7df321e464db:c4114]
2019-07-09 09:59:30,732 INFO  client.GrpcClientProtocolClient (GrpcClientProtocolClient.java:onNext(255)) - client-CECA27ED65B5->8cac6937-780c-4459-964a-dea4dcd51fd7: receive RaftClientReply:client-CECA27ED65B5->8cac6937-780c-4459-964a-dea4dcd51fd7@group-D84C501198B9, cid=2775, SUCCESS, logIndex=4117, commits[8cac6937-780c-4459-964a-dea4dcd51fd7:c4120, 9ed8676d-9460-465d-9905-fd43a52295f6:c4116, da64134c-6992-4903-9407-7df321e464db:c4116]
2019-07-09 09:59:30,733 INFO  client.GrpcClientProtocolClient (GrpcClientProtocolClient.java:onNext(255)) - client-CECA27ED65B5->8cac6937-780c-4459-964a-dea4dcd51fd7: receive RaftClientReply:client-CECA27ED65B5->8cac6937-780c-4459-964a-dea4dcd51fd7@group-D84C501198B9, cid=2776, SUCCESS, logIndex=4118, commits[8cac6937-780c-4459-964a-dea4dcd51fd7:c4120, 9ed8676d-9460-465d-9905-fd43a52295f6:c4116, da64134c-6992-4903-9407-7df321e464db:c4116]
2019-07-09 09:59:30,733 INFO  client.GrpcClientProtocolClient (GrpcClientProtocolClient.java:onNext(255)) - client-CECA27ED65B5->8cac6937-780c-4459-964a-dea4dcd51fd7: receive RaftClientReply:client-CECA27ED65B5->8cac6937-780c-4459-964a-dea4dcd51fd7@group-D84C501198B9, cid=2777, SUCCESS, logIndex=4119, commits[8cac6937-780c-4459-964a-dea4dcd51fd7:c4120, 9ed8676d-9460-465d-9905-fd43a52295f6:c4116, da64134c-6992-4903-9407-7df321e464db:c4116]
2019-07-09 09:59:30,733 INFO  client.GrpcClientProtocolClient (GrpcClientProtocolClient.java:onNext(255)) - client-CECA27ED65B5->8cac6937-780c-4459-964a-dea4dcd51fd7: receive RaftClientReply:client-CECA27ED65B5->8cac6937-780c-4459-964a-dea4dcd51fd7@group-D84C501198B9, cid=2778, SUCCESS, logIndex=4120, commits[8cac6937-780c-4459-964a-dea4dcd51fd7:c4120, 9ed8676d-9460-465d-9905-fd43a52295f6:c4117, da64134c-6992-4903-9407-7df321e464db:c4116]
2019-07-09 09:59:30,736 INFO  client.GrpcClientProtocolClient (GrpcClientProtocolClient.java:onNext(255)) - client-CECA27ED65B5->8cac6937-780c-4459-964a-dea4dcd51fd7: receive RaftClientReply:client-CECA27ED65B5->8cac6937-780c-4459-964a-dea4dcd51fd7@group-D84C501198B9, cid=2779, SUCCESS, logIndex=0, commits[8cac6937-780c-4459-964a-dea4dcd51fd7:c4124, 9ed8676d-9460-465d-9905-fd43a52295f6:c4120, da64134c-6992-4903-9407-7df321e464db:c4118]
2019-07-09 09:59:30,755 INFO  client.GrpcClientProtocolClient (GrpcClientProtocolClient.java:onNext(255)) - client-CECA27ED65B5->8cac6937-780c-4459-964a-dea4dcd51fd7: receive RaftClientReply:client-CECA27ED65B5->8cac6937-780c-4459-964a-dea4dcd51fd7@group-D84C501198B9, cid=2780, SUCCESS, logIndex=4125, commits[8cac6937-780c-4459-964a-dea4dcd51fd7:c4126, 9ed8676d-9460-465d-9905-fd43a52295f6:c4124, da64134c-6992-4903-9407-7df321e464db:c4124]
2019-07-09 09:59:30,756 INFO  client.GrpcClientProtocolClient (GrpcClientProtocolClient.java:onNext(255)) - client-CECA27ED65B5->8cac6937-780c-4459-964a-dea4dcd51fd7: receive RaftClientReply:client-CECA27ED65B5->8cac6937-780c-4459-964a-dea4dcd51fd7@group-D84C501198B9, cid=2781, SUCCESS, logIndex=4126, commits[8cac6937-780c-4459-964a-dea4dcd51fd7:c4126, 9ed8676d-9460-465d-9905-fd43a52295f6:c4124, da64134c-6992-4903-9407-7df321e464db:c4124]
2019-07-09 09:59:30,769 INFO  client.GrpcClientProtocolClient (GrpcClientProtocolClient.java:onNext(255)) - client-CECA27ED65B5->8cac6937-780c-4459-964a-dea4dcd51fd7: receive RaftClientReply:client-CECA27ED65B5->8cac6937-780c-4459-964a-dea4dcd51fd7@group-D84C501198B9, cid=2782, SUCCESS, logIndex=4129, commits[8cac6937-780c-4459-964a-dea4dcd51fd7:c4130, 9ed8676d-9460-465d-9905-fd43a52295f6:c4126, da64134c-6992-4903-9407-7df321e464db:c4126]
2019-07-09 09:59:30,769 INFO  client.GrpcClientProtocolClient (GrpcClientProtocolClient.java:onNext(255)) - client-CECA27ED65B5->8cac6937-780c-4459-964a-dea4dcd51fd7: receive RaftClientReply:client-CECA27ED65B5->8cac6937-780c-4459-964a-dea4dcd51fd7@group-D84C501198B9, cid=2783, SUCCESS, logIndex=4130, commits[8cac6937-780c-4459-964a-dea4dcd51fd7:c4130, 9ed8676d-9460-465d-9905-fd43a52295f6:c4126, da64134c-6992-4903-9407-7df321e464db:c4126]
2019-07-09 09:59:30,783 INFO  client.GrpcClientProtocolClient (GrpcClientProtocolClient.java:onNext(255)) - client-CECA27ED65B5->8cac6937-780c-4459-964a-dea4dcd51fd7: receive RaftClientReply:client-CECA27ED65B5->8cac6937-780c-4459-964a-dea4dcd51fd7@group-D84C501198B9, cid=2784, SUCCESS, logIndex=0, commits[8cac6937-780c-4459-964a-dea4dcd51fd7:c4131, 9ed8676d-9460-465d-9905-fd43a52295f6:c4130, da64134c-6992-4903-9407-7df321e464db:c4130]
2019-07-09 09:59:30,812 INFO  client.GrpcClientProtocolClient (GrpcClientProtocolClient.java:onNext(255)) - client-CECA27ED65B5->8cac6937-780c-4459-964a-dea4dcd51fd7: receive RaftClientReply:client-CECA27ED65B5->8cac6937-780c-4459-964a-dea4dcd51fd7@group-D84C501198B9, cid=2785, SUCCESS, logIndex=4133, commits[8cac6937-780c-4459-964a-dea4dcd51fd7:c4134, 9ed8676d-9460-465d-9905-fd43a52295f6:c4132, da64134c-6992-4903-9407-7df321e464db:c4132]
2019-07-09 09:59:30,812 INFO  client.GrpcClientProtocolClient (GrpcClientProtocolClient.java:onNext(255)) - client-CECA27ED65B5->8cac6937-780c-4459-964a-dea4dcd51fd7: receive RaftClientReply:client-CECA27ED65B5->8cac6937-780c-4459-964a-dea4dcd51fd7@group-D84C501198B9, cid=2786, SUCCESS, logIndex=4134, commits[8cac6937-780c-4459-964a-dea4dcd51fd7:c4134, 9ed8676d-9460-465d-9905-fd43a52295f6:c4132, da64134c-6992-4903-9407-7df321e464db:c4132]
2019-07-09 09:59:30,813 INFO  client.GrpcClientProtocolClient (GrpcClientProtocolClient.java:onNext(255)) - client-CECA27ED65B5->8cac6937-780c-4459-964a-dea4dcd51fd7: receive RaftClientReply:client-CECA27ED65B5->8cac6937-780c-4459-964a-dea4dcd51fd7@group-D84C501198B9, cid=2787, SUCCESS, logIndex=4135, commits[8cac6937-780c-4459-964a-dea4dcd51fd7:c4136, 9ed8676d-9460-465d-9905-fd43a52295f6:c4132, da64134c-6992-4903-9407-7df321e464db:c4132]
2019-07-09 09:59:30,813 INFO  client.GrpcClientProtocolClient (GrpcClientProtocolClient.java:onNext(255)) - client-CECA27ED65B5->8cac6937-780c-4459-964a-dea4dcd51fd7: receive RaftClientReply:client-CECA27ED65B5->8cac6937-780c-4459-964a-dea4dcd51fd7@group-D84C501198B9, cid=2788, SUCCESS, logIndex=4136, commits[8cac6937-780c-4459-964a-dea4dcd51fd7:c4136, 9ed8676d-9460-465d-9905-fd43a52295f6:c4132, da64134c-6992-4903-9407-7df321e464db:c4132]
2019-07-09 09:59:30,814 INFO  client.GrpcClientProtocolClient (GrpcClientProtocolClient.java:onNext(255)) - client-CECA27ED65B5->8cac6937-780c-4459-964a-dea4dcd51fd7: receive RaftClientReply:client-CECA27ED65B5->8cac6937-780c-4459-964a-dea4dcd51fd7@group-D84C501198B9, cid=2789, SUCCESS, logIndex=0, commits[8cac6937-780c-4459-964a-dea4dcd51fd7:c4138, 9ed8676d-9460-465d-9905-fd43a52295f6:c4134, da64134c-6992-4903-9407-7df321e464db:c4134]
2019-07-09 09:59:30,833 INFO  client.GrpcClientProtocolClient (GrpcClientProtocolClient.java:onNext(255)) - client-CECA27ED65B5->8cac6937-780c-4459-964a-dea4dcd51fd7: receive RaftClientReply:client-CECA27ED65B5->8cac6937-780c-4459-964a-dea4dcd51fd7@group-D84C501198B9, cid=2790, SUCCESS, logIndex=4141, commits[8cac6937-780c-4459-964a-dea4dcd51fd7:c4142, 9ed8676d-9460-465d-9905-fd43a52295f6:c4140, da64134c-6992-4903-9407-7df321e464db:c4140]
2019-07-09 09:59:30,834 INFO  client.GrpcClientProtocolClient (GrpcClientProtocolClient.java:onNext(255)) - client-CECA27ED65B5->8cac6937-780c-4459-964a-dea4dcd51fd7: receive RaftClientReply:client-CECA27ED65B5->8cac6937-780c-4459-964a-dea4dcd51fd7@group-D84C501198B9, cid=2791, SUCCESS, logIndex=4142, commits[8cac6937-780c-4459-964a-dea4dcd51fd7:c4142, 9ed8676d-9460-465d-9905-fd43a52295f6:c4140, da64134c-6992-4903-9407-7df321e464db:c4140]
2019-07-09 09:59:30,871 INFO  client.GrpcClientProtocolClient (GrpcClientProtocolClient.java:onNext(255)) - client-CECA27ED65B5->8cac6937-780c-4459-964a-dea4dcd51fd7: receive RaftClientReply:client-CECA27ED65B5->8cac6937-780c-4459-964a-dea4dcd51fd7@group-D84C501198B9, cid=2792, SUCCESS, logIndex=4145, commits[8cac6937-780c-4459-964a-dea4dcd51fd7:c4146, 9ed8676d-9460-465d-9905-fd43a52295f6:c4142, da64134c-6992-4903-9407-7df321e464db:c4142]
2019-07-09 09:59:30,872 INFO  client.GrpcClientProtocolClient (GrpcClientProtocolClient.java:onNext(255)) - client-CECA27ED65B5->8cac6937-780c-4459-964a-dea4dcd51fd7: receive RaftClientReply:client-CECA27ED65B5->8cac6937-780c-4459-964a-dea4dcd51fd7@group-D84C501198B9, cid=2793, SUCCESS, logIndex=4146, commits[8cac6937-780c-4459-964a-dea4dcd51fd7:c4146, 9ed8676d-9460-465d-9905-fd43a52295f6:c4142, da64134c-6992-4903-9407-7df321e464db:c4142]
2019-07-09 09:59:30,873 INFO  client.GrpcClientProtocolClient (GrpcClientProtocolClient.java:onNext(255)) - client-CECA27ED65B5->8cac6937-780c-4459-964a-dea4dcd51fd7: receive RaftClientReply:client-CECA27ED65B5->8cac6937-780c-4459-964a-dea4dcd51fd7@group-D84C501198B9, cid=2794, SUCCESS, logIndex=0, commits[8cac6937-780c-4459-964a-dea4dcd51fd7:c4147, 9ed8676d-9460-465d-9905-fd43a52295f6:c4146, da64134c-6992-4903-9407-7df321e464db:c4146]
2019-07-09 09:59:30,899 INFO  client.GrpcClientProtocolClient (GrpcClientProtocolClient.java:onNext(255)) - client-CECA27ED65B5->8cac6937-780c-4459-964a-dea4dcd51fd7: receive RaftClientReply:client-CECA27ED65B5->8cac6937-780c-4459-964a-dea4dcd51fd7@group-D84C501198B9, cid=2795, SUCCESS, logIndex=4149, commits[8cac6937-780c-4459-964a-dea4dcd51fd7:c4150, 9ed8676d-9460-465d-9905-fd43a52295f6:c4148, da64134c-6992-4903-9407-7df321e464db:c4148]
2019-07-09 09:59:30,899 INFO  client.GrpcClientProtocolClient (GrpcClientProtocolClient.java:onNext(255)) - client-CECA27ED65B5->8cac6937-780c-4459-964a-dea4dcd51fd7: receive RaftClientReply:client-CECA27ED65B5->8cac6937-780c-4459-964a-dea4dcd51fd7@group-D84C501198B9, cid=2796, SUCCESS, logIndex=4150, commits[8cac6937-780c-4459-964a-dea4dcd51fd7:c4150, 9ed8676d-9460-465d-9905-fd43a52295f6:c4148, da64134c-6992-4903-9407-7df321e464db:c4148]
2019-07-09 09:59:30,900 INFO  client.GrpcClientProtocolClient (GrpcClientProtocolClient.java:onNext(255)) - client-CECA27ED65B5->8cac6937-780c-4459-964a-dea4dcd51fd7: receive RaftClientReply:client-CECA27ED65B5->8cac6937-780c-4459-964a-dea4dcd51fd7@group-D84C501198B9, cid=2797, SUCCESS, logIndex=4151, commits[8cac6937-780c-4459-964a-dea4dcd51fd7:c4152, 9ed8676d-9460-465d-9905-fd43a52295f6:c4148, da64134c-6992-4903-9407-7df321e464db:c4148]
2019-07-09 09:59:30,900 INFO  client.GrpcClientProtocolClient (GrpcClientProtocolClient.java:onNext(255)) - client-CECA27ED65B5->8cac6937-780c-4459-964a-dea4dcd51fd7: receive RaftClientReply:client-CECA27ED65B5->8cac6937-780c-4459-964a-dea4dcd51fd7@group-D84C501198B9, cid=2798, SUCCESS, logIndex=4152, commits[8cac6937-780c-4459-964a-dea4dcd51fd7:c4152, 9ed8676d-9460-465d-9905-fd43a52295f6:c4148, da64134c-6992-4903-9407-7df321e464db:c4148]
2019-07-09 09:59:30,901 INFO  client.GrpcClientProtocolClient (GrpcClientProtocolClient.java:onNext(255)) - client-CECA27ED65B5->8cac6937-780c-4459-964a-dea4dcd51fd7: receive RaftClientReply:client-CECA27ED65B5->8cac6937-780c-4459-964a-dea4dcd51fd7@group-D84C501198B9, cid=2799, SUCCESS, logIndex=0, commits[8cac6937-780c-4459-964a-dea4dcd51fd7:c4154, 9ed8676d-9460-465d-9905-fd43a52295f6:c4150, da64134c-6992-4903-9407-7df321e464db:c4150]
2019-07-09 09:59:30,920 INFO  client.GrpcClientProtocolClient (GrpcClientProtocolClient.java:onNext(255)) - client-CECA27ED65B5->8cac6937-780c-4459-964a-dea4dcd51fd7: receive RaftClientReply:client-CECA27ED65B5->8cac6937-780c-4459-964a-dea4dcd51fd7@group-D84C501198B9, cid=2800, SUCCESS, logIndex=4157, commits[8cac6937-780c-4459-964a-dea4dcd51fd7:c4158, 9ed8676d-9460-465d-9905-fd43a52295f6:c4156, da64134c-6992-4903-9407-7df321e464db:c4156]
2019-07-09 09:59:30,920 INFO  client.GrpcClientProtocolClient (GrpcClientProtocolClient.java:onNext(255)) - client-CECA27ED65B5->8cac6937-780c-4459-964a-dea4dcd51fd7: receive RaftClientReply:client-CECA27ED65B5->8cac6937-780c-4459-964a-dea4dcd51fd7@group-D84C501198B9, cid=2801, SUCCESS, logIndex=4158, commits[8cac6937-780c-4459-964a-dea4dcd51fd7:c4158, 9ed8676d-9460-465d-9905-fd43a52295f6:c4156, da64134c-6992-4903-9407-7df321e464db:c4156]
2019-07-09 09:59:30,935 INFO  client.GrpcClientProtocolClient (GrpcClientProtocolClient.java:onNext(255)) - client-CECA27ED65B5->8cac6937-780c-4459-964a-dea4dcd51fd7: receive RaftClientReply:client-CECA27ED65B5->8cac6937-780c-4459-964a-dea4dcd51fd7@group-D84C501198B9, cid=2802, SUCCESS, logIndex=4161, commits[8cac6937-780c-4459-964a-dea4dcd51fd7:c4162, 9ed8676d-9460-465d-9905-fd43a52295f6:c4158, da64134c-6992-4903-9407-7df321e464db:c4158]
2019-07-09 09:59:30,935 INFO  client.GrpcClientProtocolClient (GrpcClientProtocolClient.java:onNext(255)) - client-CECA27ED65B5->8cac6937-780c-4459-964a-dea4dcd51fd7: receive RaftClientReply:client-CECA27ED65B5->8cac6937-780c-4459-964a-dea4dcd51fd7@group-D84C501198B9, cid=2803, SUCCESS, logIndex=4162, commits[8cac6937-780c-4459-964a-dea4dcd51fd7:c4162, 9ed8676d-9460-465d-9905-fd43a52295f6:c4158, da64134c-6992-4903-9407-7df321e464db:c4158]
2019-07-09 09:59:30,948 INFO  client.GrpcClientProtocolClient (GrpcClientProtocolClient.java:onNext(255)) - client-CECA27ED65B5->8cac6937-780c-4459-964a-dea4dcd51fd7: receive RaftClientReply:client-CECA27ED65B5->8cac6937-780c-4459-964a-dea4dcd51fd7@group-D84C501198B9, cid=2804, SUCCESS, logIndex=0, commits[8cac6937-780c-4459-964a-dea4dcd51fd7:c4164, 9ed8676d-9460-465d-9905-fd43a52295f6:c4162, da64134c-6992-4903-9407-7df321e464db:c4162]
2019-07-09 09:59:30,996 INFO  client.GrpcClientProtocolClient (GrpcClientProtocolClient.java:onNext(255)) - client-CECA27ED65B5->8cac6937-780c-4459-964a-dea4dcd51fd7: receive RaftClientReply:client-CECA27ED65B5->8cac6937-780c-4459-964a-dea4dcd51fd7@group-D84C501198B9, cid=2805, SUCCESS, logIndex=4165, commits[8cac6937-780c-4459-964a-dea4dcd51fd7:c4166, 9ed8676d-9460-465d-9905-fd43a52295f6:c4164, da64134c-6992-4903-9407-7df321e464db:c4164]
2019-07-09 09:59:30,997 INFO  client.GrpcClientProtocolClient (GrpcClientProtocolClient.java:onNext(255)) - client-CECA27ED65B5->8cac6937-780c-4459-964a-dea4dcd51fd7: receive RaftClientReply:client-CECA27ED65B5->8cac6937-780c-4459-964a-dea4dcd51fd7@group-D84C501198B9, cid=2806, SUCCESS, logIndex=4166, commits[8cac6937-780c-4459-964a-dea4dcd51fd7:c4166, 9ed8676d-9460-465d-9905-fd43a52295f6:c4164, da64134c-6992-4903-9407-7df321e464db:c4164]
2019-07-09 09:59:30,997 INFO  client.GrpcClientProtocolClient (GrpcClientProtocolClient.java:onNext(255)) - client-CECA27ED65B5->8cac6937-780c-4459-964a-dea4dcd51fd7: receive RaftClientReply:client-CECA27ED65B5->8cac6937-780c-4459-964a-dea4dcd51fd7@group-D84C501198B9, cid=2807, SUCCESS, logIndex=4167, commits[8cac6937-780c-4459-964a-dea4dcd51fd7:c4168, 9ed8676d-9460-465d-9905-fd43a52295f6:c4164, da64134c-6992-4903-9407-7df321e464db:c4164]
2019-07-09 09:59:30,997 INFO  client.GrpcClientProtocolClient (GrpcClientProtocolClient.java:onNext(255)) - client-CECA27ED65B5->8cac6937-780c-4459-964a-dea4dcd51fd7: receive RaftClientReply:client-CECA27ED65B5->8cac6937-780c-4459-964a-dea4dcd51fd7@group-D84C501198B9, cid=2808, SUCCESS, logIndex=4168, commits[8cac6937-780c-4459-964a-dea4dcd51fd7:c4168, 9ed8676d-9460-465d-9905-fd43a52295f6:c4164, da64134c-6992-4903-9407-7df321e464db:c4164]
2019-07-09 09:59:31,010 INFO  client.GrpcClientProtocolClient (GrpcClientProtocolClient.java:onNext(255)) - client-CECA27ED65B5->8cac6937-780c-4459-964a-dea4dcd51fd7: receive RaftClientReply:client-CECA27ED65B5->8cac6937-780c-4459-964a-dea4dcd51fd7@group-D84C501198B9, cid=2809, SUCCESS, logIndex=0, commits[8cac6937-780c-4459-964a-dea4dcd51fd7:c4170, 9ed8676d-9460-465d-9905-fd43a52295f6:c4166, da64134c-6992-4903-9407-7df321e464db:c4166]
2019-07-09 09:59:31,029 INFO  client.GrpcClientProtocolClient (GrpcClientProtocolClient.java:onNext(255)) - client-CECA27ED65B5->8cac6937-780c-4459-964a-dea4dcd51fd7: receive RaftClientReply:client-CECA27ED65B5->8cac6937-780c-4459-964a-dea4dcd51fd7@group-D84C501198B9, cid=2810, SUCCESS, logIndex=4172, commits[8cac6937-780c-4459-964a-dea4dcd51fd7:c4173, 9ed8676d-9460-465d-9905-fd43a52295f6:c4171, da64134c-6992-4903-9407-7df321e464db:c4171]
2019-07-09 09:59:31,029 INFO  client.GrpcClientProtocolClient (GrpcClientProtocolClient.java:onNext(255)) - client-CECA27ED65B5->8cac6937-780c-4459-964a-dea4dcd51fd7: receive RaftClientReply:client-CECA27ED65B5->8cac6937-780c-4459-964a-dea4dcd51fd7@group-D84C501198B9, cid=2811, SUCCESS, logIndex=4173, commits[8cac6937-780c-4459-964a-dea4dcd51fd7:c4173, 9ed8676d-9460-465d-9905-fd43a52295f6:c4171, da64134c-6992-4903-9407-7df321e464db:c4171]
2019-07-09 09:59:31,042 INFO  client.GrpcClientProtocolClient (GrpcClientProtocolClient.java:onNext(255)) - client-CECA27ED65B5->8cac6937-780c-4459-964a-dea4dcd51fd7: receive RaftClientReply:client-CECA27ED65B5->8cac6937-780c-4459-964a-dea4dcd51fd7@group-D84C501198B9, cid=2812, SUCCESS, logIndex=4176, commits[8cac6937-780c-4459-964a-dea4dcd51fd7:c4177, 9ed8676d-9460-465d-9905-fd43a52295f6:c4173, da64134c-6992-4903-9407-7df321e464db:c4173]
2019-07-09 09:59:31,043 INFO  client.GrpcClientProtocolClient (GrpcClientProtocolClient.java:onNext(255)) - client-CECA27ED65B5->8cac6937-780c-4459-964a-dea4dcd51fd7: receive RaftClientReply:client-CECA27ED65B5->8cac6937-780c-4459-964a-dea4dcd51fd7@group-D84C501198B9, cid=2813, SUCCESS, logIndex=4177, commits[8cac6937-780c-4459-964a-dea4dcd51fd7:c4177, 9ed8676d-9460-465d-9905-fd43a52295f6:c4173, da64134c-6992-4903-9407-7df321e464db:c4173]
2019-07-09 09:59:31,057 INFO  client.GrpcClientProtocolClient (GrpcClientProtocolClient.java:onNext(255)) - client-CECA27ED65B5->8cac6937-780c-4459-964a-dea4dcd51fd7: receive RaftClientReply:client-CECA27ED65B5->8cac6937-780c-4459-964a-dea4dcd51fd7@group-D84C501198B9, cid=2814, SUCCESS, logIndex=0, commits[8cac6937-780c-4459-964a-dea4dcd51fd7:c4179, 9ed8676d-9460-465d-9905-fd43a52295f6:c4177, da64134c-6992-4903-9407-7df321e464db:c4177]
2019-07-09 09:59:31,087 INFO  client.GrpcClientProtocolClient (GrpcClientProtocolClient.java:onNext(255)) - client-CECA27ED65B5->8cac6937-780c-4459-964a-dea4dcd51fd7: receive RaftClientReply:client-CECA27ED65B5->8cac6937-780c-4459-964a-dea4dcd51fd7@group-D84C501198B9, cid=2815, SUCCESS, logIndex=4180, commits[8cac6937-780c-4459-964a-dea4dcd51fd7:c4181, 9ed8676d-9460-465d-9905-fd43a52295f6:c4179, da64134c-6992-4903-9407-7df321e464db:c4179]
2019-07-09 09:59:31,088 INFO  client.GrpcClientProtocolClient (GrpcClientProtocolClient.java:onNext(255)) - client-CECA27ED65B5->8cac6937-780c-4459-964a-dea4dcd51fd7: receive RaftClientReply:client-CECA27ED65B5->8cac6937-780c-4459-964a-dea4dcd51fd7@group-D84C501198B9, cid=2816, SUCCESS, logIndex=4181, commits[8cac6937-780c-4459-964a-dea4dcd51fd7:c4181, 9ed8676d-9460-465d-9905-fd43a52295f6:c4179, da64134c-6992-4903-9407-7df321e464db:c4179]
2019-07-09 09:59:31,099 INFO  client.GrpcClientProtocolClient (GrpcClientProtocolClient.java:onNext(255)) - client-CECA27ED65B5->8cac6937-780c-4459-964a-dea4dcd51fd7: receive RaftClientReply:client-CECA27ED65B5->8cac6937-780c-4459-964a-dea4dcd51fd7@group-D84C501198B9, cid=2817, SUCCESS, logIndex=4182, commits[8cac6937-780c-4459-964a-dea4dcd51fd7:c4182, 9ed8676d-9460-465d-9905-fd43a52295f6:c4179, da64134c-6992-4903-9407-7df321e464db:c4179]
2019-07-09 09:59:31,099 INFO  client.GrpcClientProtocolClient (GrpcClientProtocolClient.java:onNext(255)) - client-CECA27ED65B5->8cac6937-780c-4459-964a-dea4dcd51fd7: receive RaftClientReply:client-CECA27ED65B5->8cac6937-780c-4459-964a-dea4dcd51fd7@group-D84C501198B9, cid=2818, SUCCESS, logIndex=4183, commits[8cac6937-780c-4459-964a-dea4dcd51fd7:c4184, 9ed8676d-9460-465d-9905-fd43a52295f6:c4180, da64134c-6992-4903-9407-7df321e464db:c4179]
2019-07-09 09:59:31,100 INFO  client.GrpcClientProtocolClient (GrpcClientProtocolClient.java:onNext(255)) - client-CECA27ED65B5->8cac6937-780c-4459-964a-dea4dcd51fd7: receive RaftClientReply:client-CECA27ED65B5->8cac6937-780c-4459-964a-dea4dcd51fd7@group-D84C501198B9, cid=2819, SUCCESS, logIndex=0, commits[8cac6937-780c-4459-964a-dea4dcd51fd7:c4185, 9ed8676d-9460-465d-9905-fd43a52295f6:c4182, da64134c-6992-4903-9407-7df321e464db:c4181]
2019-07-09 09:59:31,122 INFO  client.GrpcClientProtocolClient (GrpcClientProtocolClient.java:onNext(255)) - client-CECA27ED65B5->8cac6937-780c-4459-964a-dea4dcd51fd7: receive RaftClientReply:client-CECA27ED65B5->8cac6937-780c-4459-964a-dea4dcd51fd7@group-D84C501198B9, cid=2820, SUCCESS, logIndex=4188, commits[8cac6937-780c-4459-964a-dea4dcd51fd7:c4189, 9ed8676d-9460-465d-9905-fd43a52295f6:c4187, da64134c-6992-4903-9407-7df321e464db:c4187]
2019-07-09 09:59:31,123 INFO  client.GrpcClientProtocolClient (GrpcClientProtocolClient.java:onNext(255)) - client-CECA27ED65B5->8cac6937-780c-4459-964a-dea4dcd51fd7: receive RaftClientReply:client-CECA27ED65B5->8cac6937-780c-4459-964a-dea4dcd51fd7@group-D84C501198B9, cid=2821, SUCCESS, logIndex=4189, commits[8cac6937-780c-4459-964a-dea4dcd51fd7:c4189, 9ed8676d-9460-465d-9905-fd43a52295f6:c4187, da64134c-6992-4903-9407-7df321e464db:c4187]
2019-07-09 09:59:31,136 INFO  client.GrpcClientProtocolClient (GrpcClientProtocolClient.java:onNext(255)) - client-CECA27ED65B5->8cac6937-780c-4459-964a-dea4dcd51fd7: receive RaftClientReply:client-CECA27ED65B5->8cac6937-780c-4459-964a-dea4dcd51fd7@group-D84C501198B9, cid=2822, SUCCESS, logIndex=4192, commits[8cac6937-780c-4459-964a-dea4dcd51fd7:c4193, 9ed8676d-9460-465d-9905-fd43a52295f6:c4189, da64134c-6992-4903-9407-7df321e464db:c4189]
2019-07-09 09:59:31,136 INFO  client.GrpcClientProtocolClient (GrpcClientProtocolClient.java:onNext(255)) - client-CECA27ED65B5->8cac6937-780c-4459-964a-dea4dcd51fd7: receive RaftClientReply:client-CECA27ED65B5->8cac6937-780c-4459-964a-dea4dcd51fd7@group-D84C501198B9, cid=2823, SUCCESS, logIndex=4193, commits[8cac6937-780c-4459-964a-dea4dcd51fd7:c4193, 9ed8676d-9460-465d-9905-fd43a52295f6:c4189, da64134c-6992-4903-9407-7df321e464db:c4189]
2019-07-09 09:59:31,160 INFO  client.GrpcClientProtocolClient (GrpcClientProtocolClient.java:onNext(255)) - client-CECA27ED65B5->8cac6937-780c-4459-964a-dea4dcd51fd7: receive RaftClientReply:client-CECA27ED65B5->8cac6937-780c-4459-964a-dea4dcd51fd7@group-D84C501198B9, cid=2824, SUCCESS, logIndex=0, commits[8cac6937-780c-4459-964a-dea4dcd51fd7:c4195, 9ed8676d-9460-465d-9905-fd43a52295f6:c4193, da64134c-6992-4903-9407-7df321e464db:c4193]
2019-07-09 09:59:31,192 INFO  client.GrpcClientProtocolClient (GrpcClientProtocolClient.java:onNext(255)) - client-CECA27ED65B5->8cac6937-780c-4459-964a-dea4dcd51fd7: receive RaftClientReply:client-CECA27ED65B5->8cac6937-780c-4459-964a-dea4dcd51fd7@group-D84C501198B9, cid=2825, SUCCESS, logIndex=4196, commits[8cac6937-780c-4459-964a-dea4dcd51fd7:c4198, 9ed8676d-9460-465d-9905-fd43a52295f6:c4195, da64134c-6992-4903-9407-7df321e464db:c4195]
2019-07-09 09:59:31,192 INFO  client.GrpcClientProtocolClient (GrpcClientProtocolClient.java:onNext(255)) - client-CECA27ED65B5->8cac6937-780c-4459-964a-dea4dcd51fd7: receive RaftClientReply:client-CECA27ED65B5->8cac6937-780c-4459-964a-dea4dcd51fd7@group-D84C501198B9, cid=2826, SUCCESS, logIndex=4197, commits[8cac6937-780c-4459-964a-dea4dcd51fd7:c4199, 9ed8676d-9460-465d-9905-fd43a52295f6:c4195, da64134c-6992-4903-9407-7df321e464db:c4195]
2019-07-09 09:59:31,193 INFO  client.GrpcClientProtocolClient (GrpcClientProtocolClient.java:onNext(255)) - client-CECA27ED65B5->8cac6937-780c-4459-964a-dea4dcd51fd7: receive RaftClientReply:client-CECA27ED65B5->8cac6937-780c-4459-964a-dea4dcd51fd7@group-D84C501198B9, cid=2827, SUCCESS, logIndex=4198, commits[8cac6937-780c-4459-964a-dea4dcd51fd7:c4199, 9ed8676d-9460-465d-9905-fd43a52295f6:c4195, da64134c-6992-4903-9407-7df321e464db:c4195]
2019-07-09 09:59:31,193 INFO  client.GrpcClientProtocolClient (GrpcClientProtocolClient.java:onNext(255)) - client-CECA27ED65B5->8cac6937-780c-4459-964a-dea4dcd51fd7: receive RaftClientReply:client-CECA27ED65B5->8cac6937-780c-4459-964a-dea4dcd51fd7@group-D84C501198B9, cid=2828, SUCCESS, logIndex=4199, commits[8cac6937-780c-4459-964a-dea4dcd51fd7:c4199, 9ed8676d-9460-465d-9905-fd43a52295f6:c4195, da64134c-6992-4903-9407-7df321e464db:c4195]
2019-07-09 09:59:31,194 INFO  client.GrpcClientProtocolClient (GrpcClientProtocolClient.java:onNext(255)) - client-CECA27ED65B5->8cac6937-780c-4459-964a-dea4dcd51fd7: receive RaftClientReply:client-CECA27ED65B5->8cac6937-780c-4459-964a-dea4dcd51fd7@group-D84C501198B9, cid=2829, SUCCESS, logIndex=0, commits[8cac6937-780c-4459-964a-dea4dcd51fd7:c4202, 9ed8676d-9460-465d-9905-fd43a52295f6:c4197, da64134c-6992-4903-9407-7df321e464db:c4198]
2019-07-09 09:59:31,214 INFO  client.GrpcClientProtocolClient (GrpcClientProtocolClient.java:onNext(255)) - client-CECA27ED65B5->8cac6937-780c-4459-964a-dea4dcd51fd7: receive RaftClientReply:client-CECA27ED65B5->8cac6937-780c-4459-964a-dea4dcd51fd7@group-D84C501198B9, cid=2830, SUCCESS, logIndex=4204, commits[8cac6937-780c-4459-964a-dea4dcd51fd7:c4205, 9ed8676d-9460-465d-9905-fd43a52295f6:c4203, da64134c-6992-4903-9407-7df321e464db:c4203]
2019-07-09 09:59:31,214 INFO  client.GrpcClientProtocolClient (GrpcClientProtocolClient.java:onNext(255)) - client-CECA27ED65B5->8cac6937-780c-4459-964a-dea4dcd51fd7: receive RaftClientReply:client-CECA27ED65B5->8cac6937-780c-4459-964a-dea4dcd51fd7@group-D84C501198B9, cid=2831, SUCCESS, logIndex=4205, commits[8cac6937-780c-4459-964a-dea4dcd51fd7:c4205, 9ed8676d-9460-465d-9905-fd43a52295f6:c4203, da64134c-6992-4903-9407-7df321e464db:c4203]
2019-07-09 09:59:31,236 INFO  client.GrpcClientProtocolClient (GrpcClientProtocolClient.java:onNext(255)) - client-CECA27ED65B5->8cac6937-780c-4459-964a-dea4dcd51fd7: receive RaftClientReply:client-CECA27ED65B5->8cac6937-780c-4459-964a-dea4dcd51fd7@group-D84C501198B9, cid=2832, SUCCESS, logIndex=4208, commits[8cac6937-780c-4459-964a-dea4dcd51fd7:c4209, 9ed8676d-9460-465d-9905-fd43a52295f6:c4205, da64134c-6992-4903-9407-7df321e464db:c4205]
2019-07-09 09:59:31,236 INFO  client.GrpcClientProtocolClient (GrpcClientProtocolClient.java:onNext(255)) - client-CECA27ED65B5->8cac6937-780c-4459-964a-dea4dcd51fd7: receive RaftClientReply:client-CECA27ED65B5->8cac6937-780c-4459-964a-dea4dcd51fd7@group-D84C501198B9, cid=2833, SUCCESS, logIndex=4209, commits[8cac6937-780c-4459-964a-dea4dcd51fd7:c4209, 9ed8676d-9460-465d-9905-fd43a52295f6:c4205, da64134c-6992-4903-9407-7df321e464db:c4205]
2019-07-09 09:59:31,249 INFO  client.GrpcClientProtocolClient (GrpcClientProtocolClient.java:onNext(255)) - client-CECA27ED65B5->8cac6937-780c-4459-964a-dea4dcd51fd7: receive RaftClientReply:client-CECA27ED65B5->8cac6937-780c-4459-964a-dea4dcd51fd7@group-D84C501198B9, cid=2834, SUCCESS, logIndex=0, commits[8cac6937-780c-4459-964a-dea4dcd51fd7:c4211, 9ed8676d-9460-465d-9905-fd43a52295f6:c4209, da64134c-6992-4903-9407-7df321e464db:c4209]
 0.00% |█                                                                                                    |  0/1 Time: 0:00:232019-07-09 09:59:31,280 INFO  client.GrpcClientProtocolClient (GrpcClientProtocolClient.java:onNext(255)) - client-CECA27ED65B5->8cac6937-780c-4459-964a-dea4dcd51fd7: receive RaftClientReply:client-CECA27ED65B5->8cac6937-780c-4459-964a-dea4dcd51fd7@group-D84C501198B9, cid=2835, SUCCESS, logIndex=4212, commits[8cac6937-780c-4459-964a-dea4dcd51fd7:c4213, 9ed8676d-9460-465d-9905-fd43a52295f6:c4211, da64134c-6992-4903-9407-7df321e464db:c4211]
2019-07-09 09:59:31,281 INFO  client.GrpcClientProtocolClient (GrpcClientProtocolClient.java:onNext(255)) - client-CECA27ED65B5->8cac6937-780c-4459-964a-dea4dcd51fd7: receive RaftClientReply:client-CECA27ED65B5->8cac6937-780c-4459-964a-dea4dcd51fd7@group-D84C501198B9, cid=2836, SUCCESS, logIndex=4213, commits[8cac6937-780c-4459-964a-dea4dcd51fd7:c4215, 9ed8676d-9460-465d-9905-fd43a52295f6:c4211, da64134c-6992-4903-9407-7df321e464db:c4211]
2019-07-09 09:59:31,281 INFO  client.GrpcClientProtocolClient (GrpcClientProtocolClient.java:onNext(255)) - client-CECA27ED65B5->8cac6937-780c-4459-964a-dea4dcd51fd7: receive RaftClientReply:client-CECA27ED65B5->8cac6937-780c-4459-964a-dea4dcd51fd7@group-D84C501198B9, cid=2837, SUCCESS, logIndex=4214, commits[8cac6937-780c-4459-964a-dea4dcd51fd7:c4215, 9ed8676d-9460-465d-9905-fd43a52295f6:c4211, da64134c-6992-4903-9407-7df321e464db:c4211]
2019-07-09 09:59:31,281 INFO  client.GrpcClientProtocolClient (GrpcClientProtocolClient.java:onNext(255)) - client-CECA27ED65B5->8cac6937-780c-4459-964a-dea4dcd51fd7: receive RaftClientReply:client-CECA27ED65B5->8cac6937-780c-4459-964a-dea4dcd51fd7@group-D84C501198B9, cid=2838, SUCCESS, logIndex=4215, commits[8cac6937-780c-4459-964a-dea4dcd51fd7:c4215, 9ed8676d-9460-465d-9905-fd43a52295f6:c4211, da64134c-6992-4903-9407-7df321e464db:c4211]
2019-07-09 09:59:31,294 INFO  client.GrpcClientProtocolClient (GrpcClientProtocolClient.java:onNext(255)) - client-CECA27ED65B5->8cac6937-780c-4459-964a-dea4dcd51fd7: receive RaftClientReply:client-CECA27ED65B5->8cac6937-780c-4459-964a-dea4dcd51fd7@group-D84C501198B9, cid=2839, SUCCESS, logIndex=0, commits[8cac6937-780c-4459-964a-dea4dcd51fd7:c4217, 9ed8676d-9460-465d-9905-fd43a52295f6:c4213, da64134c-6992-4903-9407-7df321e464db:c4215]
2019-07-09 09:59:31,313 INFO  client.GrpcClientProtocolClient (GrpcClientProtocolClient.java:onNext(255)) - client-CECA27ED65B5->8cac6937-780c-4459-964a-dea4dcd51fd7: receive RaftClientReply:client-CECA27ED65B5->8cac6937-780c-4459-964a-dea4dcd51fd7@group-D84C501198B9, cid=2840, SUCCESS, logIndex=4220, commits[8cac6937-780c-4459-964a-dea4dcd51fd7:c4221, 9ed8676d-9460-465d-9905-fd43a52295f6:c4219, da64134c-6992-4903-9407-7df321e464db:c4219]
2019-07-09 09:59:31,313 INFO  client.GrpcClientProtocolClient (GrpcClientProtocolClient.java:onNext(255)) - client-CECA27ED65B5->8cac6937-780c-4459-964a-dea4dcd51fd7: receive RaftClientReply:client-CECA27ED65B5->8cac6937-780c-4459-964a-dea4dcd51fd7@group-D84C501198B9, cid=2841, SUCCESS, logIndex=4221, commits[8cac6937-780c-4459-964a-dea4dcd51fd7:c4221, 9ed8676d-9460-465d-9905-fd43a52295f6:c4219, da64134c-6992-4903-9407-7df321e464db:c4219]
2019-07-09 09:59:31,326 INFO  client.GrpcClientProtocolClient (GrpcClientProtocolClient.java:onNext(255)) - client-CECA27ED65B5->8cac6937-780c-4459-964a-dea4dcd51fd7: receive RaftClientReply:client-CECA27ED65B5->8cac6937-780c-4459-964a-dea4dcd51fd7@group-D84C501198B9, cid=2842, SUCCESS, logIndex=4224, commits[8cac6937-780c-4459-964a-dea4dcd51fd7:c4225, 9ed8676d-9460-465d-9905-fd43a52295f6:c4221, da64134c-6992-4903-9407-7df321e464db:c4221]
2019-07-09 09:59:31,327 INFO  client.GrpcClientProtocolClient (GrpcClientProtocolClient.java:onNext(255)) - client-CECA27ED65B5->8cac6937-780c-4459-964a-dea4dcd51fd7: receive RaftClientReply:client-CECA27ED65B5->8cac6937-780c-4459-964a-dea4dcd51fd7@group-D84C501198B9, cid=2843, SUCCESS, logIndex=4225, commits[8cac6937-780c-4459-964a-dea4dcd51fd7:c4225, 9ed8676d-9460-465d-9905-fd43a52295f6:c4221, da64134c-6992-4903-9407-7df321e464db:c4221]
2019-07-09 09:59:31,329 INFO  client.GrpcClientProtocolClient (GrpcClientProtocolClient.java:onNext(255)) - client-CECA27ED65B5->8cac6937-780c-4459-964a-dea4dcd51fd7: receive RaftClientReply:client-CECA27ED65B5->8cac6937-780c-4459-964a-dea4dcd51fd7@group-D84C501198B9, cid=2844, SUCCESS, logIndex=0, commits[8cac6937-780c-4459-964a-dea4dcd51fd7:c4227, 9ed8676d-9460-465d-9905-fd43a52295f6:c4225, da64134c-6992-4903-9407-7df321e464db:c4225]
2019-07-09 09:59:31,462 INFO  client.GrpcClientProtocolClient (GrpcClientProtocolClient.java:onNext(255)) - client-CECA27ED65B5->8cac6937-780c-4459-964a-dea4dcd51fd7: receive RaftClientReply:client-CECA27ED65B5->8cac6937-780c-4459-964a-dea4dcd51fd7@group-D84C501198B9, cid=2845, SUCCESS, logIndex=4228, commits[8cac6937-780c-4459-964a-dea4dcd51fd7:c4229, 9ed8676d-9460-465d-9905-fd43a52295f6:c4227, da64134c-6992-4903-9407-7df321e464db:c4227]
2019-07-09 09:59:31,462 INFO  client.GrpcClientProtocolClient (GrpcClientProtocolClient.java:onNext(255)) - client-CECA27ED65B5->8cac6937-780c-4459-964a-dea4dcd51fd7: receive RaftClientReply:client-CECA27ED65B5->8cac6937-780c-4459-964a-dea4dcd51fd7@group-D84C501198B9, cid=2846, SUCCESS, logIndex=4229, commits[8cac6937-780c-4459-964a-dea4dcd51fd7:c4229, 9ed8676d-9460-465d-9905-fd43a52295f6:c4227, da64134c-6992-4903-9407-7df321e464db:c4227]
2019-07-09 09:59:31,463 INFO  client.GrpcClientProtocolClient (GrpcClientProtocolClient.java:onNext(255)) - client-CECA27ED65B5->8cac6937-780c-4459-964a-dea4dcd51fd7: receive RaftClientReply:client-CECA27ED65B5->8cac6937-780c-4459-964a-dea4dcd51fd7@group-D84C501198B9, cid=2847, SUCCESS, logIndex=4230, commits[8cac6937-780c-4459-964a-dea4dcd51fd7:c4231, 9ed8676d-9460-465d-9905-fd43a52295f6:c4227, da64134c-6992-4903-9407-7df321e464db:c4227]
2019-07-09 09:59:31,464 INFO  client.GrpcClientProtocolClient (GrpcClientProtocolClient.java:onNext(255)) - client-CECA27ED65B5->8cac6937-780c-4459-964a-dea4dcd51fd7: receive RaftClientReply:client-CECA27ED65B5->8cac6937-780c-4459-964a-dea4dcd51fd7@group-D84C501198B9, cid=2848, SUCCESS, logIndex=4231, commits[8cac6937-780c-4459-964a-dea4dcd51fd7:c4231, 9ed8676d-9460-465d-9905-fd43a52295f6:c4227, da64134c-6992-4903-9407-7df321e464db:c4227]
2019-07-09 09:59:31,465 INFO  client.GrpcClientProtocolClient (GrpcClientProtocolClient.java:onNext(255)) - client-CECA27ED65B5->8cac6937-780c-4459-964a-dea4dcd51fd7: receive RaftClientReply:client-CECA27ED65B5->8cac6937-780c-4459-964a-dea4dcd51fd7@group-D84C501198B9, cid=2849, SUCCESS, logIndex=0, commits[8cac6937-780c-4459-964a-dea4dcd51fd7:c4233, 9ed8676d-9460-465d-9905-fd43a52295f6:c4229, da64134c-6992-4903-9407-7df321e464db:c4229]
2019-07-09 09:59:31,485 INFO  client.GrpcClientProtocolClient (GrpcClientProtocolClient.java:onNext(255)) - client-CECA27ED65B5->8cac6937-780c-4459-964a-dea4dcd51fd7: receive RaftClientReply:client-CECA27ED65B5->8cac6937-780c-4459-964a-dea4dcd51fd7@group-D84C501198B9, cid=2850, SUCCESS, logIndex=4236, commits[8cac6937-780c-4459-964a-dea4dcd51fd7:c4237, 9ed8676d-9460-465d-9905-fd43a52295f6:c4235, da64134c-6992-4903-9407-7df321e464db:c4235]
2019-07-09 09:59:31,486 INFO  client.GrpcClientProtocolClient (GrpcClientProtocolClient.java:onNext(255)) - client-CECA27ED65B5->8cac6937-780c-4459-964a-dea4dcd51fd7: receive RaftClientReply:client-CECA27ED65B5->8cac6937-780c-4459-964a-dea4dcd51fd7@group-D84C501198B9, cid=2851, SUCCESS, logIndex=4237, commits[8cac6937-780c-4459-964a-dea4dcd51fd7:c4237, 9ed8676d-9460-465d-9905-fd43a52295f6:c4235, da64134c-6992-4903-9407-7df321e464db:c4235]
2019-07-09 09:59:31,500 INFO  client.GrpcClientProtocolClient (GrpcClientProtocolClient.java:onNext(255)) - client-CECA27ED65B5->8cac6937-780c-4459-964a-dea4dcd51fd7: receive RaftClientReply:client-CECA27ED65B5->8cac6937-780c-4459-964a-dea4dcd51fd7@group-D84C501198B9, cid=2852, SUCCESS, logIndex=4240, commits[8cac6937-780c-4459-964a-dea4dcd51fd7:c4240, 9ed8676d-9460-465d-9905-fd43a52295f6:c4237, da64134c-6992-4903-9407-7df321e464db:c4237]
2019-07-09 09:59:31,501 INFO  client.GrpcClientProtocolClient (GrpcClientProtocolClient.java:onNext(255)) - client-CECA27ED65B5->8cac6937-780c-4459-964a-dea4dcd51fd7: receive RaftClientReply:client-CECA27ED65B5->8cac6937-780c-4459-964a-dea4dcd51fd7@group-D84C501198B9, cid=2853, SUCCESS, logIndex=4241, commits[8cac6937-780c-4459-964a-dea4dcd51fd7:c4241, 9ed8676d-9460-465d-9905-fd43a52295f6:c4237, da64134c-6992-4903-9407-7df321e464db:c4237]
2019-07-09 09:59:31,514 INFO  client.GrpcClientProtocolClient (GrpcClientProtocolClient.java:onNext(255)) - client-CECA27ED65B5->8cac6937-780c-4459-964a-dea4dcd51fd7: receive RaftClientReply:client-CECA27ED65B5->8cac6937-780c-4459-964a-dea4dcd51fd7@group-D84C501198B9, cid=2854, SUCCESS, logIndex=0, commits[8cac6937-780c-4459-964a-dea4dcd51fd7:c4243, 9ed8676d-9460-465d-9905-fd43a52295f6:c4241, da64134c-6992-4903-9407-7df321e464db:c4241]
2019-07-09 09:59:31,546 INFO  client.GrpcClientProtocolClient (GrpcClientProtocolClient.java:onNext(255)) - client-CECA27ED65B5->8cac6937-780c-4459-964a-dea4dcd51fd7: receive RaftClientReply:client-CECA27ED65B5->8cac6937-780c-4459-964a-dea4dcd51fd7@group-D84C501198B9, cid=2855, SUCCESS, logIndex=4244, commits[8cac6937-780c-4459-964a-dea4dcd51fd7:c4245, 9ed8676d-9460-465d-9905-fd43a52295f6:c4243, da64134c-6992-4903-9407-7df321e464db:c4243]
2019-07-09 09:59:31,547 INFO  client.GrpcClientProtocolClient (GrpcClientProtocolClient.java:onNext(255)) - client-CECA27ED65B5->8cac6937-780c-4459-964a-dea4dcd51fd7: receive RaftClientReply:client-CECA27ED65B5->8cac6937-780c-4459-964a-dea4dcd51fd7@group-D84C501198B9, cid=2856, SUCCESS, logIndex=4245, commits[8cac6937-780c-4459-964a-dea4dcd51fd7:c4245, 9ed8676d-9460-465d-9905-fd43a52295f6:c4243, da64134c-6992-4903-9407-7df321e464db:c4243]
2019-07-09 09:59:31,548 INFO  client.GrpcClientProtocolClient (GrpcClientProtocolClient.java:onNext(255)) - client-CECA27ED65B5->8cac6937-780c-4459-964a-dea4dcd51fd7: receive RaftClientReply:client-CECA27ED65B5->8cac6937-780c-4459-964a-dea4dcd51fd7@group-D84C501198B9, cid=2857, SUCCESS, logIndex=4246, commits[8cac6937-780c-4459-964a-dea4dcd51fd7:c4247, 9ed8676d-9460-465d-9905-fd43a52295f6:c4243, da64134c-6992-4903-9407-7df321e464db:c4243]
2019-07-09 09:59:31,548 INFO  client.GrpcClientProtocolClient (GrpcClientProtocolClient.java:onNext(255)) - client-CECA27ED65B5->8cac6937-780c-4459-964a-dea4dcd51fd7: receive RaftClientReply:client-CECA27ED65B5->8cac6937-780c-4459-964a-dea4dcd51fd7@group-D84C501198B9, cid=2858, SUCCESS, logIndex=4247, commits[8cac6937-780c-4459-964a-dea4dcd51fd7:c4247, 9ed8676d-9460-465d-9905-fd43a52295f6:c4243, da64134c-6992-4903-9407-7df321e464db:c4243]
2019-07-09 09:59:31,550 INFO  client.GrpcClientProtocolClient (GrpcClientProtocolClient.java:onNext(255)) - client-CECA27ED65B5->8cac6937-780c-4459-964a-dea4dcd51fd7: receive RaftClientReply:client-CECA27ED65B5->8cac6937-780c-4459-964a-dea4dcd51fd7@group-D84C501198B9, cid=2859, SUCCESS, logIndex=0, commits[8cac6937-780c-4459-964a-dea4dcd51fd7:c4249, 9ed8676d-9460-465d-9905-fd43a52295f6:c4245, da64134c-6992-4903-9407-7df321e464db:c4245]
2019-07-09 09:59:31,571 INFO  client.GrpcClientProtocolClient (GrpcClientProtocolClient.java:onNext(255)) - client-CECA27ED65B5->8cac6937-780c-4459-964a-dea4dcd51fd7: receive RaftClientReply:client-CECA27ED65B5->8cac6937-780c-4459-964a-dea4dcd51fd7@group-D84C501198B9, cid=2860, SUCCESS, logIndex=4252, commits[8cac6937-780c-4459-964a-dea4dcd51fd7:c4253, 9ed8676d-9460-465d-9905-fd43a52295f6:c4251, da64134c-6992-4903-9407-7df321e464db:c4247]
2019-07-09 09:59:31,572 INFO  client.GrpcClientProtocolClient (GrpcClientProtocolClient.java:onNext(255)) - client-CECA27ED65B5->8cac6937-780c-4459-964a-dea4dcd51fd7: receive RaftClientReply:client-CECA27ED65B5->8cac6937-780c-4459-964a-dea4dcd51fd7@group-D84C501198B9, cid=2861, SUCCESS, logIndex=4253, commits[8cac6937-780c-4459-964a-dea4dcd51fd7:c4253, 9ed8676d-9460-465d-9905-fd43a52295f6:c4251, da64134c-6992-4903-9407-7df321e464db:c4251]
2019-07-09 09:59:31,585 INFO  client.GrpcClientProtocolClient (GrpcClientProtocolClient.java:onNext(255)) - client-CECA27ED65B5->8cac6937-780c-4459-964a-dea4dcd51fd7: receive RaftClientReply:client-CECA27ED65B5->8cac6937-780c-4459-964a-dea4dcd51fd7@group-D84C501198B9, cid=2862, SUCCESS, logIndex=4256, commits[8cac6937-780c-4459-964a-dea4dcd51fd7:c4257, 9ed8676d-9460-465d-9905-fd43a52295f6:c4253, da64134c-6992-4903-9407-7df321e464db:c4253]
2019-07-09 09:59:31,585 INFO  client.GrpcClientProtocolClient (GrpcClientProtocolClient.java:onNext(255)) - client-CECA27ED65B5->8cac6937-780c-4459-964a-dea4dcd51fd7: receive RaftClientReply:client-CECA27ED65B5->8cac6937-780c-4459-964a-dea4dcd51fd7@group-D84C501198B9, cid=2863, SUCCESS, logIndex=4257, commits[8cac6937-780c-4459-964a-dea4dcd51fd7:c4257, 9ed8676d-9460-465d-9905-fd43a52295f6:c4253, da64134c-6992-4903-9407-7df321e464db:c4253]
2019-07-09 09:59:31,598 INFO  client.GrpcClientProtocolClient (GrpcClientProtocolClient.java:onNext(255)) - client-CECA27ED65B5->8cac6937-780c-4459-964a-dea4dcd51fd7: receive RaftClientReply:client-CECA27ED65B5->8cac6937-780c-4459-964a-dea4dcd51fd7@group-D84C501198B9, cid=2864, SUCCESS, logIndex=0, commits[8cac6937-780c-4459-964a-dea4dcd51fd7:c4259, 9ed8676d-9460-465d-9905-fd43a52295f6:c4257, da64134c-6992-4903-9407-7df321e464db:c4257]
2019-07-09 09:59:31,629 INFO  client.GrpcClientProtocolClient (GrpcClientProtocolClient.java:onNext(255)) - client-CECA27ED65B5->8cac6937-780c-4459-964a-dea4dcd51fd7: receive RaftClientReply:client-CECA27ED65B5->8cac6937-780c-4459-964a-dea4dcd51fd7@group-D84C501198B9, cid=2865, SUCCESS, logIndex=4260, commits[8cac6937-780c-4459-964a-dea4dcd51fd7:c4261, 9ed8676d-9460-465d-9905-fd43a52295f6:c4259, da64134c-6992-4903-9407-7df321e464db:c4259]
2019-07-09 09:59:31,630 INFO  client.GrpcClientProtocolClient (GrpcClientProtocolClient.java:onNext(255)) - client-CECA27ED65B5->8cac6937-780c-4459-964a-dea4dcd51fd7: receive RaftClientReply:client-CECA27ED65B5->8cac6937-780c-4459-964a-dea4dcd51fd7@group-D84C501198B9, cid=2866, SUCCESS, logIndex=4261, commits[8cac6937-780c-4459-964a-dea4dcd51fd7:c4261, 9ed8676d-9460-465d-9905-fd43a52295f6:c4259, da64134c-6992-4903-9407-7df321e464db:c4259]
2019-07-09 09:59:31,630 INFO  client.GrpcClientProtocolClient (GrpcClientProtocolClient.java:onNext(255)) - client-CECA27ED65B5->8cac6937-780c-4459-964a-dea4dcd51fd7: receive RaftClientReply:client-CECA27ED65B5->8cac6937-780c-4459-964a-dea4dcd51fd7@group-D84C501198B9, cid=2867, SUCCESS, logIndex=4262, commits[8cac6937-780c-4459-964a-dea4dcd51fd7:c4263, 9ed8676d-9460-465d-9905-fd43a52295f6:c4259, da64134c-6992-4903-9407-7df321e464db:c4259]
2019-07-09 09:59:31,630 INFO  client.GrpcClientProtocolClient (GrpcClientProtocolClient.java:onNext(255)) - client-CECA27ED65B5->8cac6937-780c-4459-964a-dea4dcd51fd7: receive RaftClientReply:client-CECA27ED65B5->8cac6937-780c-4459-964a-dea4dcd51fd7@group-D84C501198B9, cid=2868, SUCCESS, logIndex=4263, commits[8cac6937-780c-4459-964a-dea4dcd51fd7:c4263, 9ed8676d-9460-465d-9905-fd43a52295f6:c4259, da64134c-6992-4903-9407-7df321e464db:c4259]
2019-07-09 09:59:31,643 INFO  client.GrpcClientProtocolClient (GrpcClientProtocolClient.java:onNext(255)) - client-CECA27ED65B5->8cac6937-780c-4459-964a-dea4dcd51fd7: receive RaftClientReply:client-CECA27ED65B5->8cac6937-780c-4459-964a-dea4dcd51fd7@group-D84C501198B9, cid=2869, SUCCESS, logIndex=0, commits[8cac6937-780c-4459-964a-dea4dcd51fd7:c4265, 9ed8676d-9460-465d-9905-fd43a52295f6:c4261, da64134c-6992-4903-9407-7df321e464db:c4261]
2019-07-09 09:59:31,678 INFO  client.GrpcClientProtocolClient (GrpcClientProtocolClient.java:onNext(255)) - client-CECA27ED65B5->8cac6937-780c-4459-964a-dea4dcd51fd7: receive RaftClientReply:client-CECA27ED65B5->8cac6937-780c-4459-964a-dea4dcd51fd7@group-D84C501198B9, cid=2870, SUCCESS, logIndex=4268, commits[8cac6937-780c-4459-964a-dea4dcd51fd7:c4269, 9ed8676d-9460-465d-9905-fd43a52295f6:c4267, da64134c-6992-4903-9407-7df321e464db:c4267]
2019-07-09 09:59:31,679 INFO  client.GrpcClientProtocolClient (GrpcClientProtocolClient.java:onNext(255)) - client-CECA27ED65B5->8cac6937-780c-4459-964a-dea4dcd51fd7: receive RaftClientReply:client-CECA27ED65B5->8cac6937-780c-4459-964a-dea4dcd51fd7@group-D84C501198B9, cid=2871, SUCCESS, logIndex=4269, commits[8cac6937-780c-4459-964a-dea4dcd51fd7:c4269, 9ed8676d-9460-465d-9905-fd43a52295f6:c4267, da64134c-6992-4903-9407-7df321e464db:c4267]
2019-07-09 09:59:31,692 INFO  client.GrpcClientProtocolClient (GrpcClientProtocolClient.java:onNext(255)) - client-CECA27ED65B5->8cac6937-780c-4459-964a-dea4dcd51fd7: receive RaftClientReply:client-CECA27ED65B5->8cac6937-780c-4459-964a-dea4dcd51fd7@group-D84C501198B9, cid=2872, SUCCESS, logIndex=4272, commits[8cac6937-780c-4459-964a-dea4dcd51fd7:c4273, 9ed8676d-9460-465d-9905-fd43a52295f6:c4269, da64134c-6992-4903-9407-7df321e464db:c4268]
2019-07-09 09:59:31,692 INFO  client.GrpcClientProtocolClient (GrpcClientProtocolClient.java:onNext(255)) - client-CECA27ED65B5->8cac6937-780c-4459-964a-dea4dcd51fd7: receive RaftClientReply:client-CECA27ED65B5->8cac6937-780c-4459-964a-dea4dcd51fd7@group-D84C501198B9, cid=2873, SUCCESS, logIndex=4273, commits[8cac6937-780c-4459-964a-dea4dcd51fd7:c4273, 9ed8676d-9460-465d-9905-fd43a52295f6:c4269, da64134c-6992-4903-9407-7df321e464db:c4269]
2019-07-09 09:59:31,695 INFO  client.GrpcClientProtocolClient (GrpcClientProtocolClient.java:onNext(255)) - client-CECA27ED65B5->8cac6937-780c-4459-964a-dea4dcd51fd7: receive RaftClientReply:client-CECA27ED65B5->8cac6937-780c-4459-964a-dea4dcd51fd7@group-D84C501198B9, cid=2874, SUCCESS, logIndex=0, commits[8cac6937-780c-4459-964a-dea4dcd51fd7:c4275, 9ed8676d-9460-465d-9905-fd43a52295f6:c4273, da64134c-6992-4903-9407-7df321e464db:c4273]
2019-07-09 09:59:31,735 INFO  client.GrpcClientProtocolClient (GrpcClientProtocolClient.java:onNext(255)) - client-CECA27ED65B5->8cac6937-780c-4459-964a-dea4dcd51fd7: receive RaftClientReply:client-CECA27ED65B5->8cac6937-780c-4459-964a-dea4dcd51fd7@group-D84C501198B9, cid=2875, SUCCESS, logIndex=4276, commits[8cac6937-780c-4459-964a-dea4dcd51fd7:c4277, 9ed8676d-9460-465d-9905-fd43a52295f6:c4275, da64134c-6992-4903-9407-7df321e464db:c4275]
2019-07-09 09:59:31,736 INFO  client.GrpcClientProtocolClient (GrpcClientProtocolClient.java:onNext(255)) - client-CECA27ED65B5->8cac6937-780c-4459-964a-dea4dcd51fd7: receive RaftClientReply:client-CECA27ED65B5->8cac6937-780c-4459-964a-dea4dcd51fd7@group-D84C501198B9, cid=2876, SUCCESS, logIndex=4277, commits[8cac6937-780c-4459-964a-dea4dcd51fd7:c4277, 9ed8676d-9460-465d-9905-fd43a52295f6:c4275, da64134c-6992-4903-9407-7df321e464db:c4275]
2019-07-09 09:59:31,745 INFO  client.GrpcClientProtocolClient (GrpcClientProtocolClient.java:onNext(255)) - client-CECA27ED65B5->8cac6937-780c-4459-964a-dea4dcd51fd7: receive RaftClientReply:client-CECA27ED65B5->8cac6937-780c-4459-964a-dea4dcd51fd7@group-D84C501198B9, cid=2877, SUCCESS, logIndex=4278, commits[8cac6937-780c-4459-964a-dea4dcd51fd7:c4279, 9ed8676d-9460-465d-9905-fd43a52295f6:c4275, da64134c-6992-4903-9407-7df321e464db:c4275]
2019-07-09 09:59:31,746 INFO  client.GrpcClientProtocolClient (GrpcClientProtocolClient.java:onNext(255)) - client-CECA27ED65B5->8cac6937-780c-4459-964a-dea4dcd51fd7: receive RaftClientReply:client-CECA27ED65B5->8cac6937-780c-4459-964a-dea4dcd51fd7@group-D84C501198B9, cid=2878, SUCCESS, logIndex=4279, commits[8cac6937-780c-4459-964a-dea4dcd51fd7:c4279, 9ed8676d-9460-465d-9905-fd43a52295f6:c4275, da64134c-6992-4903-9407-7df321e464db:c4275]
2019-07-09 09:59:31,747 INFO  client.GrpcClientProtocolClient (GrpcClientProtocolClient.java:onNext(255)) - client-CECA27ED65B5->8cac6937-780c-4459-964a-dea4dcd51fd7: receive RaftClientReply:client-CECA27ED65B5->8cac6937-780c-4459-964a-dea4dcd51fd7@group-D84C501198B9, cid=2879, SUCCESS, logIndex=0, commits[8cac6937-780c-4459-964a-dea4dcd51fd7:c4282, 9ed8676d-9460-465d-9905-fd43a52295f6:c4277, da64134c-6992-4903-9407-7df321e464db:c4279]
2019-07-09 09:59:31,768 INFO  client.GrpcClientProtocolClient (GrpcClientProtocolClient.java:onNext(255)) - client-CECA27ED65B5->8cac6937-780c-4459-964a-dea4dcd51fd7: receive RaftClientReply:client-CECA27ED65B5->8cac6937-780c-4459-964a-dea4dcd51fd7@group-D84C501198B9, cid=2880, SUCCESS, logIndex=4283, commits[8cac6937-780c-4459-964a-dea4dcd51fd7:c4284, 9ed8676d-9460-465d-9905-fd43a52295f6:c4282, da64134c-6992-4903-9407-7df321e464db:c4282]
2019-07-09 09:59:31,769 INFO  client.GrpcClientProtocolClient (GrpcClientProtocolClient.java:onNext(255)) - client-CECA27ED65B5->8cac6937-780c-4459-964a-dea4dcd51fd7: receive RaftClientReply:client-CECA27ED65B5->8cac6937-780c-4459-964a-dea4dcd51fd7@group-D84C501198B9, cid=2881, SUCCESS, logIndex=4284, commits[8cac6937-780c-4459-964a-dea4dcd51fd7:c4284, 9ed8676d-9460-465d-9905-fd43a52295f6:c4282, da64134c-6992-4903-9407-7df321e464db:c4282]
2019-07-09 09:59:31,794 INFO  client.GrpcClientProtocolClient (GrpcClientProtocolClient.java:onNext(255)) - client-CECA27ED65B5->8cac6937-780c-4459-964a-dea4dcd51fd7: receive RaftClientReply:client-CECA27ED65B5->8cac6937-780c-4459-964a-dea4dcd51fd7@group-D84C501198B9, cid=2882, SUCCESS, logIndex=4287, commits[8cac6937-780c-4459-964a-dea4dcd51fd7:c4288, 9ed8676d-9460-465d-9905-fd43a52295f6:c4284, da64134c-6992-4903-9407-7df321e464db:c4284]
2019-07-09 09:59:31,794 INFO  client.GrpcClientProtocolClient (GrpcClientProtocolClient.java:onNext(255)) - client-CECA27ED65B5->8cac6937-780c-4459-964a-dea4dcd51fd7: receive RaftClientReply:client-CECA27ED65B5->8cac6937-780c-4459-964a-dea4dcd51fd7@group-D84C501198B9, cid=2883, SUCCESS, logIndex=4288, commits[8cac6937-780c-4459-964a-dea4dcd51fd7:c4288, 9ed8676d-9460-465d-9905-fd43a52295f6:c4284, da64134c-6992-4903-9407-7df321e464db:c4284]
2019-07-09 09:59:31,808 INFO  client.GrpcClientProtocolClient (GrpcClientProtocolClient.java:onNext(255)) - client-CECA27ED65B5->8cac6937-780c-4459-964a-dea4dcd51fd7: receive RaftClientReply:client-CECA27ED65B5->8cac6937-780c-4459-964a-dea4dcd51fd7@group-D84C501198B9, cid=2884, SUCCESS, logIndex=0, commits[8cac6937-780c-4459-964a-dea4dcd51fd7:c4290, 9ed8676d-9460-465d-9905-fd43a52295f6:c4288, da64134c-6992-4903-9407-7df321e464db:c4288]
2019-07-09 09:59:31,836 INFO  client.GrpcClientProtocolClient (GrpcClientProtocolClient.java:onNext(255)) - client-CECA27ED65B5->8cac6937-780c-4459-964a-dea4dcd51fd7: receive RaftClientReply:client-CECA27ED65B5->8cac6937-780c-4459-964a-dea4dcd51fd7@group-D84C501198B9, cid=2885, SUCCESS, logIndex=4291, commits[8cac6937-780c-4459-964a-dea4dcd51fd7:c4292, 9ed8676d-9460-465d-9905-fd43a52295f6:c4290, da64134c-6992-4903-9407-7df321e464db:c4290]
2019-07-09 09:59:31,836 INFO  client.GrpcClientProtocolClient (GrpcClientProtocolClient.java:onNext(255)) - client-CECA27ED65B5->8cac6937-780c-4459-964a-dea4dcd51fd7: receive RaftClientReply:client-CECA27ED65B5->8cac6937-780c-4459-964a-dea4dcd51fd7@group-D84C501198B9, cid=2886, SUCCESS, logIndex=4292, commits[8cac6937-780c-4459-964a-dea4dcd51fd7:c4292, 9ed8676d-9460-465d-9905-fd43a52295f6:c4290, da64134c-6992-4903-9407-7df321e464db:c4290]
2019-07-09 09:59:31,838 INFO  client.GrpcClientProtocolClient (GrpcClientProtocolClient.java:onNext(255)) - client-CECA27ED65B5->8cac6937-780c-4459-964a-dea4dcd51fd7: receive RaftClientReply:client-CECA27ED65B5->8cac6937-780c-4459-964a-dea4dcd51fd7@group-D84C501198B9, cid=2887, SUCCESS, logIndex=4293, commits[8cac6937-780c-4459-964a-dea4dcd51fd7:c4294, 9ed8676d-9460-465d-9905-fd43a52295f6:c4290, da64134c-6992-4903-9407-7df321e464db:c4290]
2019-07-09 09:59:31,838 INFO  client.GrpcClientProtocolClient (GrpcClientProtocolClient.java:onNext(255)) - client-CECA27ED65B5->8cac6937-780c-4459-964a-dea4dcd51fd7: receive RaftClientReply:client-CECA27ED65B5->8cac6937-780c-4459-964a-dea4dcd51fd7@group-D84C501198B9, cid=2888, SUCCESS, logIndex=4294, commits[8cac6937-780c-4459-964a-dea4dcd51fd7:c4294, 9ed8676d-9460-465d-9905-fd43a52295f6:c4290, da64134c-6992-4903-9407-7df321e464db:c4290]
2019-07-09 09:59:31,850 INFO  client.GrpcClientProtocolClient (GrpcClientProtocolClient.java:onNext(255)) - client-CECA27ED65B5->8cac6937-780c-4459-964a-dea4dcd51fd7: receive RaftClientReply:client-CECA27ED65B5->8cac6937-780c-4459-964a-dea4dcd51fd7@group-D84C501198B9, cid=2889, SUCCESS, logIndex=0, commits[8cac6937-780c-4459-964a-dea4dcd51fd7:c4296, 9ed8676d-9460-465d-9905-fd43a52295f6:c4292, da64134c-6992-4903-9407-7df321e464db:c4292]
2019-07-09 09:59:31,870 INFO  client.GrpcClientProtocolClient (GrpcClientProtocolClient.java:onNext(255)) - client-CECA27ED65B5->8cac6937-780c-4459-964a-dea4dcd51fd7: receive RaftClientReply:client-CECA27ED65B5->8cac6937-780c-4459-964a-dea4dcd51fd7@group-D84C501198B9, cid=2890, SUCCESS, logIndex=4299, commits[8cac6937-780c-4459-964a-dea4dcd51fd7:c4300, 9ed8676d-9460-465d-9905-fd43a52295f6:c4298, da64134c-6992-4903-9407-7df321e464db:c4298]
2019-07-09 09:59:31,870 INFO  client.GrpcClientProtocolClient (GrpcClientProtocolClient.java:onNext(255)) - client-CECA27ED65B5->8cac6937-780c-4459-964a-dea4dcd51fd7: receive RaftClientReply:client-CECA27ED65B5->8cac6937-780c-4459-964a-dea4dcd51fd7@group-D84C501198B9, cid=2891, SUCCESS, logIndex=4300, commits[8cac6937-780c-4459-964a-dea4dcd51fd7:c4300, 9ed8676d-9460-465d-9905-fd43a52295f6:c4298, da64134c-6992-4903-9407-7df321e464db:c4298]
2019-07-09 09:59:31,894 INFO  client.GrpcClientProtocolClient (GrpcClientProtocolClient.java:onNext(255)) - client-CECA27ED65B5->8cac6937-780c-4459-964a-dea4dcd51fd7: receive RaftClientReply:client-CECA27ED65B5->8cac6937-780c-4459-964a-dea4dcd51fd7@group-D84C501198B9, cid=2892, SUCCESS, logIndex=4303, commits[8cac6937-780c-4459-964a-dea4dcd51fd7:c4304, 9ed8676d-9460-465d-9905-fd43a52295f6:c4300, da64134c-6992-4903-9407-7df321e464db:c4300]
2019-07-09 09:59:31,894 INFO  client.GrpcClientProtocolClient (GrpcClientProtocolClient.java:onNext(255)) - client-CECA27ED65B5->8cac6937-780c-4459-964a-dea4dcd51fd7: receive RaftClientReply:client-CECA27ED65B5->8cac6937-780c-4459-964a-dea4dcd51fd7@group-D84C501198B9, cid=2893, SUCCESS, logIndex=4304, commits[8cac6937-780c-4459-964a-dea4dcd51fd7:c4304, 9ed8676d-9460-465d-9905-fd43a52295f6:c4300, da64134c-6992-4903-9407-7df321e464db:c4300]
2019-07-09 09:59:31,899 INFO  client.GrpcClientProtocolClient (GrpcClientProtocolClient.java:onNext(255)) - client-CECA27ED65B5->8cac6937-780c-4459-964a-dea4dcd51fd7: receive RaftClientReply:client-CECA27ED65B5->8cac6937-780c-4459-964a-dea4dcd51fd7@group-D84C501198B9, cid=2894, SUCCESS, logIndex=0, commits[8cac6937-780c-4459-964a-dea4dcd51fd7:c4306, 9ed8676d-9460-465d-9905-fd43a52295f6:c4304, da64134c-6992-4903-9407-7df321e464db:c4304]
2019-07-09 09:59:31,922 INFO  client.GrpcClientProtocolClient (GrpcClientProtocolClient.java:onNext(255)) - client-CECA27ED65B5->8cac6937-780c-4459-964a-dea4dcd51fd7: receive RaftClientReply:client-CECA27ED65B5->8cac6937-780c-4459-964a-dea4dcd51fd7@group-D84C501198B9, cid=2895, SUCCESS, logIndex=4307, commits[8cac6937-780c-4459-964a-dea4dcd51fd7:c4308, 9ed8676d-9460-465d-9905-fd43a52295f6:c4306, da64134c-6992-4903-9407-7df321e464db:c4306]
2019-07-09 09:59:31,923 INFO  client.GrpcClientProtocolClient (GrpcClientProtocolClient.java:onNext(255)) - client-CECA27ED65B5->8cac6937-780c-4459-964a-dea4dcd51fd7: receive RaftClientReply:client-CECA27ED65B5->8cac6937-780c-4459-964a-dea4dcd51fd7@group-D84C501198B9, cid=2896, SUCCESS, logIndex=4308, commits[8cac6937-780c-4459-964a-dea4dcd51fd7:c4308, 9ed8676d-9460-465d-9905-fd43a52295f6:c4306, da64134c-6992-4903-9407-7df321e464db:c4306]
2019-07-09 09:59:31,923 INFO  client.GrpcClientProtocolClient (GrpcClientProtocolClient.java:onNext(255)) - client-CECA27ED65B5->8cac6937-780c-4459-964a-dea4dcd51fd7: receive RaftClientReply:client-CECA27ED65B5->8cac6937-780c-4459-964a-dea4dcd51fd7@group-D84C501198B9, cid=2897, SUCCESS, logIndex=4309, commits[8cac6937-780c-4459-964a-dea4dcd51fd7:c4310, 9ed8676d-9460-465d-9905-fd43a52295f6:c4306, da64134c-6992-4903-9407-7df321e464db:c4306]
2019-07-09 09:59:31,924 INFO  client.GrpcClientProtocolClient (GrpcClientProtocolClient.java:onNext(255)) - client-CECA27ED65B5->8cac6937-780c-4459-964a-dea4dcd51fd7: receive RaftClientReply:client-CECA27ED65B5->8cac6937-780c-4459-964a-dea4dcd51fd7@group-D84C501198B9, cid=2898, SUCCESS, logIndex=4310, commits[8cac6937-780c-4459-964a-dea4dcd51fd7:c4310, 9ed8676d-9460-465d-9905-fd43a52295f6:c4306, da64134c-6992-4903-9407-7df321e464db:c4306]
2019-07-09 09:59:31,924 INFO  client.GrpcClientProtocolClient (GrpcClientProtocolClient.java:onNext(255)) - client-CECA27ED65B5->8cac6937-780c-4459-964a-dea4dcd51fd7: receive RaftClientReply:client-CECA27ED65B5->8cac6937-780c-4459-964a-dea4dcd51fd7@group-D84C501198B9, cid=2899, SUCCESS, logIndex=0, commits[8cac6937-780c-4459-964a-dea4dcd51fd7:c4311, 9ed8676d-9460-465d-9905-fd43a52295f6:c4308, da64134c-6992-4903-9407-7df321e464db:c4308]
2019-07-09 09:59:31,943 INFO  client.GrpcClientProtocolClient (GrpcClientProtocolClient.java:onNext(255)) - client-CECA27ED65B5->8cac6937-780c-4459-964a-dea4dcd51fd7: receive RaftClientReply:client-CECA27ED65B5->8cac6937-780c-4459-964a-dea4dcd51fd7@group-D84C501198B9, cid=2900, SUCCESS, logIndex=4313, commits[8cac6937-780c-4459-964a-dea4dcd51fd7:c4314, 9ed8676d-9460-465d-9905-fd43a52295f6:c4312, da64134c-6992-4903-9407-7df321e464db:c4312]
2019-07-09 09:59:31,944 INFO  client.GrpcClientProtocolClient (GrpcClientProtocolClient.java:onNext(255)) - client-CECA27ED65B5->8cac6937-780c-4459-964a-dea4dcd51fd7: receive RaftClientReply:client-CECA27ED65B5->8cac6937-780c-4459-964a-dea4dcd51fd7@group-D84C501198B9, cid=2901, SUCCESS, logIndex=4314, commits[8cac6937-780c-4459-964a-dea4dcd51fd7:c4314, 9ed8676d-9460-465d-9905-fd43a52295f6:c4312, da64134c-6992-4903-9407-7df321e464db:c4312]
2019-07-09 09:59:31,958 INFO  client.GrpcClientProtocolClient (GrpcClientProtocolClient.java:onNext(255)) - client-CECA27ED65B5->8cac6937-780c-4459-964a-dea4dcd51fd7: receive RaftClientReply:client-CECA27ED65B5->8cac6937-780c-4459-964a-dea4dcd51fd7@group-D84C501198B9, cid=2902, SUCCESS, logIndex=4317, commits[8cac6937-780c-4459-964a-dea4dcd51fd7:c4317, 9ed8676d-9460-465d-9905-fd43a52295f6:c4314, da64134c-6992-4903-9407-7df321e464db:c4314]
2019-07-09 09:59:31,959 INFO  client.GrpcClientProtocolClient (GrpcClientProtocolClient.java:onNext(255)) - client-CECA27ED65B5->8cac6937-780c-4459-964a-dea4dcd51fd7: receive RaftClientReply:client-CECA27ED65B5->8cac6937-780c-4459-964a-dea4dcd51fd7@group-D84C501198B9, cid=2903, SUCCESS, logIndex=4318, commits[8cac6937-780c-4459-964a-dea4dcd51fd7:c4318, 9ed8676d-9460-465d-9905-fd43a52295f6:c4314, da64134c-6992-4903-9407-7df321e464db:c4314]
2019-07-09 09:59:31,971 INFO  client.GrpcClientProtocolClient (GrpcClientProtocolClient.java:onNext(255)) - client-CECA27ED65B5->8cac6937-780c-4459-964a-dea4dcd51fd7: receive RaftClientReply:client-CECA27ED65B5->8cac6937-780c-4459-964a-dea4dcd51fd7@group-D84C501198B9, cid=2904, SUCCESS, logIndex=0, commits[8cac6937-780c-4459-964a-dea4dcd51fd7:c4320, 9ed8676d-9460-465d-9905-fd43a52295f6:c4318, da64134c-6992-4903-9407-7df321e464db:c4318]
2019-07-09 09:59:32,002 INFO  client.GrpcClientProtocolClient (GrpcClientProtocolClient.java:onNext(255)) - client-CECA27ED65B5->8cac6937-780c-4459-964a-dea4dcd51fd7: receive RaftClientReply:client-CECA27ED65B5->8cac6937-780c-4459-964a-dea4dcd51fd7@group-D84C501198B9, cid=2905, SUCCESS, logIndex=4321, commits[8cac6937-780c-4459-964a-dea4dcd51fd7:c4323, 9ed8676d-9460-465d-9905-fd43a52295f6:c4320, da64134c-6992-4903-9407-7df321e464db:c4320]
2019-07-09 09:59:32,003 INFO  client.GrpcClientProtocolClient (GrpcClientProtocolClient.java:onNext(255)) - client-CECA27ED65B5->8cac6937-780c-4459-964a-dea4dcd51fd7: receive RaftClientReply:client-CECA27ED65B5->8cac6937-780c-4459-964a-dea4dcd51fd7@group-D84C501198B9, cid=2906, SUCCESS, logIndex=4322, commits[8cac6937-780c-4459-964a-dea4dcd51fd7:c4324, 9ed8676d-9460-465d-9905-fd43a52295f6:c4320, da64134c-6992-4903-9407-7df321e464db:c4320]
2019-07-09 09:59:32,003 INFO  client.GrpcClientProtocolClient (GrpcClientProtocolClient.java:onNext(255)) - client-CECA27ED65B5->8cac6937-780c-4459-964a-dea4dcd51fd7: receive RaftClientReply:client-CECA27ED65B5->8cac6937-780c-4459-964a-dea4dcd51fd7@group-D84C501198B9, cid=2907, SUCCESS, logIndex=4323, commits[8cac6937-780c-4459-964a-dea4dcd51fd7:c4324, 9ed8676d-9460-465d-9905-fd43a52295f6:c4320, da64134c-6992-4903-9407-7df321e464db:c4320]
2019-07-09 09:59:32,003 INFO  client.GrpcClientProtocolClient (GrpcClientProtocolClient.java:onNext(255)) - client-CECA27ED65B5->8cac6937-780c-4459-964a-dea4dcd51fd7: receive RaftClientReply:client-CECA27ED65B5->8cac6937-780c-4459-964a-dea4dcd51fd7@group-D84C501198B9, cid=2908, SUCCESS, logIndex=4324, commits[8cac6937-780c-4459-964a-dea4dcd51fd7:c4324, 9ed8676d-9460-465d-9905-fd43a52295f6:c4320, da64134c-6992-4903-9407-7df321e464db:c4320]
2019-07-09 09:59:32,017 INFO  client.GrpcClientProtocolClient (GrpcClientProtocolClient.java:onNext(255)) - client-CECA27ED65B5->8cac6937-780c-4459-964a-dea4dcd51fd7: receive RaftClientReply:client-CECA27ED65B5->8cac6937-780c-4459-964a-dea4dcd51fd7@group-D84C501198B9, cid=2909, SUCCESS, logIndex=0, commits[8cac6937-780c-4459-964a-dea4dcd51fd7:c4328, 9ed8676d-9460-465d-9905-fd43a52295f6:c4324, da64134c-6992-4903-9407-7df321e464db:c4322]
2019-07-09 09:59:32,051 INFO  client.GrpcClientProtocolClient (GrpcClientProtocolClient.java:onNext(255)) - client-CECA27ED65B5->8cac6937-780c-4459-964a-dea4dcd51fd7: receive RaftClientReply:client-CECA27ED65B5->8cac6937-780c-4459-964a-dea4dcd51fd7@group-D84C501198B9, cid=2910, SUCCESS, logIndex=4329, commits[8cac6937-780c-4459-964a-dea4dcd51fd7:c4330, 9ed8676d-9460-465d-9905-fd43a52295f6:c4328, da64134c-6992-4903-9407-7df321e464db:c4328]
2019-07-09 09:59:32,052 INFO  client.GrpcClientProtocolClient (GrpcClientProtocolClient.java:onNext(255)) - client-CECA27ED65B5->8cac6937-780c-4459-964a-dea4dcd51fd7: receive RaftClientReply:client-CECA27ED65B5->8cac6937-780c-4459-964a-dea4dcd51fd7@group-D84C501198B9, cid=2911, SUCCESS, logIndex=4330, commits[8cac6937-780c-4459-964a-dea4dcd51fd7:c4330, 9ed8676d-9460-465d-9905-fd43a52295f6:c4328, da64134c-6992-4903-9407-7df321e464db:c4328]
2019-07-09 09:59:32,067 INFO  client.GrpcClientProtocolClient (GrpcClientProtocolClient.java:onNext(255)) - client-CECA27ED65B5->8cac6937-780c-4459-964a-dea4dcd51fd7: receive RaftClientReply:client-CECA27ED65B5->8cac6937-780c-4459-964a-dea4dcd51fd7@group-D84C501198B9, cid=2912, SUCCESS, logIndex=4333, commits[8cac6937-780c-4459-964a-dea4dcd51fd7:c4334, 9ed8676d-9460-465d-9905-fd43a52295f6:c4330, da64134c-6992-4903-9407-7df321e464db:c4330]
2019-07-09 09:59:32,067 INFO  client.GrpcClientProtocolClient (GrpcClientProtocolClient.java:onNext(255)) - client-CECA27ED65B5->8cac6937-780c-4459-964a-dea4dcd51fd7: receive RaftClientReply:client-CECA27ED65B5->8cac6937-780c-4459-964a-dea4dcd51fd7@group-D84C501198B9, cid=2913, SUCCESS, logIndex=4334, commits[8cac6937-780c-4459-964a-dea4dcd51fd7:c4334, 9ed8676d-9460-465d-9905-fd43a52295f6:c4330, da64134c-6992-4903-9407-7df321e464db:c4330]
2019-07-09 09:59:32,078 INFO  client.GrpcClientProtocolClient (GrpcClientProtocolClient.java:onNext(255)) - client-CECA27ED65B5->8cac6937-780c-4459-964a-dea4dcd51fd7: receive RaftClientReply:client-CECA27ED65B5->8cac6937-780c-4459-964a-dea4dcd51fd7@group-D84C501198B9, cid=2914, SUCCESS, logIndex=0, commits[8cac6937-780c-4459-964a-dea4dcd51fd7:c4334, 9ed8676d-9460-465d-9905-fd43a52295f6:c4334, da64134c-6992-4903-9407-7df321e464db:c4334]
2019-07-09 09:59:32,110 INFO  client.GrpcClientProtocolClient (GrpcClientProtocolClient.java:onNext(255)) - client-CECA27ED65B5->8cac6937-780c-4459-964a-dea4dcd51fd7: receive RaftClientReply:client-CECA27ED65B5->8cac6937-780c-4459-964a-dea4dcd51fd7@group-D84C501198B9, cid=2915, SUCCESS, logIndex=4337, commits[8cac6937-780c-4459-964a-dea4dcd51fd7:c4338, 9ed8676d-9460-465d-9905-fd43a52295f6:c4336, da64134c-6992-4903-9407-7df321e464db:c4336]
2019-07-09 09:59:32,111 INFO  client.GrpcClientProtocolClient (GrpcClientProtocolClient.java:onNext(255)) - client-CECA27ED65B5->8cac6937-780c-4459-964a-dea4dcd51fd7: receive RaftClientReply:client-CECA27ED65B5->8cac6937-780c-4459-964a-dea4dcd51fd7@group-D84C501198B9, cid=2916, SUCCESS, logIndex=4338, commits[8cac6937-780c-4459-964a-dea4dcd51fd7:c4338, 9ed8676d-9460-465d-9905-fd43a52295f6:c4336, da64134c-6992-4903-9407-7df321e464db:c4336]
2019-07-09 09:59:32,120 INFO  client.GrpcClientProtocolClient (GrpcClientProtocolClient.java:onNext(255)) - client-CECA27ED65B5->8cac6937-780c-4459-964a-dea4dcd51fd7: receive RaftClientReply:client-CECA27ED65B5->8cac6937-780c-4459-964a-dea4dcd51fd7@group-D84C501198B9, cid=2917, SUCCESS, logIndex=4339, commits[8cac6937-780c-4459-964a-dea4dcd51fd7:c4340, 9ed8676d-9460-465d-9905-fd43a52295f6:c4336, da64134c-6992-4903-9407-7df321e464db:c4336]
2019-07-09 09:59:32,121 INFO  client.GrpcClientProtocolClient (GrpcClientProtocolClient.java:onNext(255)) - client-CECA27ED65B5->8cac6937-780c-4459-964a-dea4dcd51fd7: receive RaftClientReply:client-CECA27ED65B5->8cac6937-780c-4459-964a-dea4dcd51fd7@group-D84C501198B9, cid=2918, SUCCESS, logIndex=4340, commits[8cac6937-780c-4459-964a-dea4dcd51fd7:c4340, 9ed8676d-9460-465d-9905-fd43a52295f6:c4337, da64134c-6992-4903-9407-7df321e464db:c4336]
2019-07-09 09:59:32,133 INFO  client.GrpcClientProtocolClient (GrpcClientProtocolClient.java:onNext(255)) - client-CECA27ED65B5->8cac6937-780c-4459-964a-dea4dcd51fd7: receive RaftClientReply:client-CECA27ED65B5->8cac6937-780c-4459-964a-dea4dcd51fd7@group-D84C501198B9, cid=2919, SUCCESS, logIndex=0, commits[8cac6937-780c-4459-964a-dea4dcd51fd7:c4343, 9ed8676d-9460-465d-9905-fd43a52295f6:c4340, da64134c-6992-4903-9407-7df321e464db:c4338]
2019-07-09 09:59:32,158 INFO  client.GrpcClientProtocolClient (GrpcClientProtocolClient.java:onNext(255)) - client-CECA27ED65B5->8cac6937-780c-4459-964a-dea4dcd51fd7: receive RaftClientReply:client-CECA27ED65B5->8cac6937-780c-4459-964a-dea4dcd51fd7@group-D84C501198B9, cid=2920, SUCCESS, logIndex=4344, commits[8cac6937-780c-4459-964a-dea4dcd51fd7:c4345, 9ed8676d-9460-465d-9905-fd43a52295f6:c4343, da64134c-6992-4903-9407-7df321e464db:c4343]
2019-07-09 09:59:32,159 INFO  client.GrpcClientProtocolClient (GrpcClientProtocolClient.java:onNext(255)) - client-CECA27ED65B5->8cac6937-780c-4459-964a-dea4dcd51fd7: receive RaftClientReply:client-CECA27ED65B5->8cac6937-780c-4459-964a-dea4dcd51fd7@group-D84C501198B9, cid=2921, SUCCESS, logIndex=4345, commits[8cac6937-780c-4459-964a-dea4dcd51fd7:c4345, 9ed8676d-9460-465d-9905-fd43a52295f6:c4343, da64134c-6992-4903-9407-7df321e464db:c4343]
2019-07-09 09:59:32,182 INFO  client.GrpcClientProtocolClient (GrpcClientProtocolClient.java:onNext(255)) - client-CECA27ED65B5->8cac6937-780c-4459-964a-dea4dcd51fd7: receive RaftClientReply:client-CECA27ED65B5->8cac6937-780c-4459-964a-dea4dcd51fd7@group-D84C501198B9, cid=2922, SUCCESS, logIndex=4348, commits[8cac6937-780c-4459-964a-dea4dcd51fd7:c4349, 9ed8676d-9460-465d-9905-fd43a52295f6:c4344, da64134c-6992-4903-9407-7df321e464db:c4345]
2019-07-09 09:59:32,183 INFO  client.GrpcClientProtocolClient (GrpcClientProtocolClient.java:onNext(255)) - client-CECA27ED65B5->8cac6937-780c-4459-964a-dea4dcd51fd7: receive RaftClientReply:client-CECA27ED65B5->8cac6937-780c-4459-964a-dea4dcd51fd7@group-D84C501198B9, cid=2923, SUCCESS, logIndex=4349, commits[8cac6937-780c-4459-964a-dea4dcd51fd7:c4349, 9ed8676d-9460-465d-9905-fd43a52295f6:c4345, da64134c-6992-4903-9407-7df321e464db:c4345]
2019-07-09 09:59:32,187 INFO  client.GrpcClientProtocolClient (GrpcClientProtocolClient.java:onNext(255)) - client-CECA27ED65B5->8cac6937-780c-4459-964a-dea4dcd51fd7: receive RaftClientReply:client-CECA27ED65B5->8cac6937-780c-4459-964a-dea4dcd51fd7@group-D84C501198B9, cid=2924, SUCCESS, logIndex=0, commits[8cac6937-780c-4459-964a-dea4dcd51fd7:c4350, 9ed8676d-9460-465d-9905-fd43a52295f6:c4349, da64134c-6992-4903-9407-7df321e464db:c4349]
2019-07-09 09:59:32,218 INFO  client.GrpcClientProtocolClient (GrpcClientProtocolClient.java:onNext(255)) - client-CECA27ED65B5->8cac6937-780c-4459-964a-dea4dcd51fd7: receive RaftClientReply:client-CECA27ED65B5->8cac6937-780c-4459-964a-dea4dcd51fd7@group-D84C501198B9, cid=2925, SUCCESS, logIndex=4352, commits[8cac6937-780c-4459-964a-dea4dcd51fd7:c4353, 9ed8676d-9460-465d-9905-fd43a52295f6:c4351, da64134c-6992-4903-9407-7df321e464db:c4351]
2019-07-09 09:59:32,219 INFO  client.GrpcClientProtocolClient (GrpcClientProtocolClient.java:onNext(255)) - client-CECA27ED65B5->8cac6937-780c-4459-964a-dea4dcd51fd7: receive RaftClientReply:client-CECA27ED65B5->8cac6937-780c-4459-964a-dea4dcd51fd7@group-D84C501198B9, cid=2926, SUCCESS, logIndex=4353, commits[8cac6937-780c-4459-964a-dea4dcd51fd7:c4353, 9ed8676d-9460-465d-9905-fd43a52295f6:c4351, da64134c-6992-4903-9407-7df321e464db:c4351]
2019-07-09 09:59:32,219 INFO  client.GrpcClientProtocolClient (GrpcClientProtocolClient.java:onNext(255)) - client-CECA27ED65B5->8cac6937-780c-4459-964a-dea4dcd51fd7: receive RaftClientReply:client-CECA27ED65B5->8cac6937-780c-4459-964a-dea4dcd51fd7@group-D84C501198B9, cid=2927, SUCCESS, logIndex=4354, commits[8cac6937-780c-4459-964a-dea4dcd51fd7:c4355, 9ed8676d-9460-465d-9905-fd43a52295f6:c4351, da64134c-6992-4903-9407-7df321e464db:c4351]
2019-07-09 09:59:32,219 INFO  client.GrpcClientProtocolClient (GrpcClientProtocolClient.java:onNext(255)) - client-CECA27ED65B5->8cac6937-780c-4459-964a-dea4dcd51fd7: receive RaftClientReply:client-CECA27ED65B5->8cac6937-780c-4459-964a-dea4dcd51fd7@group-D84C501198B9, cid=2928, SUCCESS, logIndex=4355, commits[8cac6937-780c-4459-964a-dea4dcd51fd7:c4355, 9ed8676d-9460-465d-9905-fd43a52295f6:c4351, da64134c-6992-4903-9407-7df321e464db:c4351]
2019-07-09 09:59:32,232 INFO  client.GrpcClientProtocolClient (GrpcClientProtocolClient.java:onNext(255)) - client-CECA27ED65B5->8cac6937-780c-4459-964a-dea4dcd51fd7: receive RaftClientReply:client-CECA27ED65B5->8cac6937-780c-4459-964a-dea4dcd51fd7@group-D84C501198B9, cid=2929, SUCCESS, logIndex=0, commits[8cac6937-780c-4459-964a-dea4dcd51fd7:c4357, 9ed8676d-9460-465d-9905-fd43a52295f6:c4353, da64134c-6992-4903-9407-7df321e464db:c4353]
2019-07-09 09:59:32,254 INFO  client.GrpcClientProtocolClient (GrpcClientProtocolClient.java:onNext(255)) - client-CECA27ED65B5->8cac6937-780c-4459-964a-dea4dcd51fd7: receive RaftClientReply:client-CECA27ED65B5->8cac6937-780c-4459-964a-dea4dcd51fd7@group-D84C501198B9, cid=2930, SUCCESS, logIndex=4360, commits[8cac6937-780c-4459-964a-dea4dcd51fd7:c4361, 9ed8676d-9460-465d-9905-fd43a52295f6:c4359, da64134c-6992-4903-9407-7df321e464db:c4359]
2019-07-09 09:59:32,254 INFO  client.GrpcClientProtocolClient (GrpcClientProtocolClient.java:onNext(255)) - client-CECA27ED65B5->8cac6937-780c-4459-964a-dea4dcd51fd7: receive RaftClientReply:client-CECA27ED65B5->8cac6937-780c-4459-964a-dea4dcd51fd7@group-D84C501198B9, cid=2931, SUCCESS, logIndex=4361, commits[8cac6937-780c-4459-964a-dea4dcd51fd7:c4361, 9ed8676d-9460-465d-9905-fd43a52295f6:c4359, da64134c-6992-4903-9407-7df321e464db:c4359]
 0.00% |█                                                                                                    |  0/1 Time: 0:00:242019-07-09 09:59:32,387 INFO  client.GrpcClientProtocolClient (GrpcClientProtocolClient.java:onNext(255)) - client-CECA27ED65B5->8cac6937-780c-4459-964a-dea4dcd51fd7: receive RaftClientReply:client-CECA27ED65B5->8cac6937-780c-4459-964a-dea4dcd51fd7@group-D84C501198B9, cid=2932, SUCCESS, logIndex=4364, commits[8cac6937-780c-4459-964a-dea4dcd51fd7:c4365, 9ed8676d-9460-465d-9905-fd43a52295f6:c4361, da64134c-6992-4903-9407-7df321e464db:c4361]
2019-07-09 09:59:32,387 INFO  client.GrpcClientProtocolClient (GrpcClientProtocolClient.java:onNext(255)) - client-CECA27ED65B5->8cac6937-780c-4459-964a-dea4dcd51fd7: receive RaftClientReply:client-CECA27ED65B5->8cac6937-780c-4459-964a-dea4dcd51fd7@group-D84C501198B9, cid=2933, SUCCESS, logIndex=4365, commits[8cac6937-780c-4459-964a-dea4dcd51fd7:c4365, 9ed8676d-9460-465d-9905-fd43a52295f6:c4361, da64134c-6992-4903-9407-7df321e464db:c4361]
2019-07-09 09:59:32,398 INFO  client.GrpcClientProtocolClient (GrpcClientProtocolClient.java:onNext(255)) - client-CECA27ED65B5->8cac6937-780c-4459-964a-dea4dcd51fd7: receive RaftClientReply:client-CECA27ED65B5->8cac6937-780c-4459-964a-dea4dcd51fd7@group-D84C501198B9, cid=2934, SUCCESS, logIndex=0, commits[8cac6937-780c-4459-964a-dea4dcd51fd7:c4366, 9ed8676d-9460-465d-9905-fd43a52295f6:c4365, da64134c-6992-4903-9407-7df321e464db:c4365]
2019-07-09 09:59:32,433 INFO  client.GrpcClientProtocolClient (GrpcClientProtocolClient.java:onNext(255)) - client-CECA27ED65B5->8cac6937-780c-4459-964a-dea4dcd51fd7: receive RaftClientReply:client-CECA27ED65B5->8cac6937-780c-4459-964a-dea4dcd51fd7@group-D84C501198B9, cid=2935, SUCCESS, logIndex=4368, commits[8cac6937-780c-4459-964a-dea4dcd51fd7:c4370, 9ed8676d-9460-465d-9905-fd43a52295f6:c4367, da64134c-6992-4903-9407-7df321e464db:c4367]
2019-07-09 09:59:32,434 INFO  client.GrpcClientProtocolClient (GrpcClientProtocolClient.java:onNext(255)) - client-CECA27ED65B5->8cac6937-780c-4459-964a-dea4dcd51fd7: receive RaftClientReply:client-CECA27ED65B5->8cac6937-780c-4459-964a-dea4dcd51fd7@group-D84C501198B9, cid=2936, SUCCESS, logIndex=4369, commits[8cac6937-780c-4459-964a-dea4dcd51fd7:c4371, 9ed8676d-9460-465d-9905-fd43a52295f6:c4367, da64134c-6992-4903-9407-7df321e464db:c4367]
2019-07-09 09:59:32,434 INFO  client.GrpcClientProtocolClient (GrpcClientProtocolClient.java:onNext(255)) - client-CECA27ED65B5->8cac6937-780c-4459-964a-dea4dcd51fd7: receive RaftClientReply:client-CECA27ED65B5->8cac6937-780c-4459-964a-dea4dcd51fd7@group-D84C501198B9, cid=2937, SUCCESS, logIndex=4370, commits[8cac6937-780c-4459-964a-dea4dcd51fd7:c4371, 9ed8676d-9460-465d-9905-fd43a52295f6:c4367, da64134c-6992-4903-9407-7df321e464db:c4367]
2019-07-09 09:59:32,434 INFO  client.GrpcClientProtocolClient (GrpcClientProtocolClient.java:onNext(255)) - client-CECA27ED65B5->8cac6937-780c-4459-964a-dea4dcd51fd7: receive RaftClientReply:client-CECA27ED65B5->8cac6937-780c-4459-964a-dea4dcd51fd7@group-D84C501198B9, cid=2938, SUCCESS, logIndex=4371, commits[8cac6937-780c-4459-964a-dea4dcd51fd7:c4371, 9ed8676d-9460-465d-9905-fd43a52295f6:c4367, da64134c-6992-4903-9407-7df321e464db:c4367]
2019-07-09 09:59:32,444 INFO  client.GrpcClientProtocolClient (GrpcClientProtocolClient.java:onNext(255)) - client-CECA27ED65B5->8cac6937-780c-4459-964a-dea4dcd51fd7: receive RaftClientReply:client-CECA27ED65B5->8cac6937-780c-4459-964a-dea4dcd51fd7@group-D84C501198B9, cid=2939, SUCCESS, logIndex=0, commits[8cac6937-780c-4459-964a-dea4dcd51fd7:c4373, 9ed8676d-9460-465d-9905-fd43a52295f6:c4369, da64134c-6992-4903-9407-7df321e464db:c4369]
2019-07-09 09:59:32,466 INFO  client.GrpcClientProtocolClient (GrpcClientProtocolClient.java:onNext(255)) - client-CECA27ED65B5->8cac6937-780c-4459-964a-dea4dcd51fd7: receive RaftClientReply:client-CECA27ED65B5->8cac6937-780c-4459-964a-dea4dcd51fd7@group-D84C501198B9, cid=2940, SUCCESS, logIndex=4376, commits[8cac6937-780c-4459-964a-dea4dcd51fd7:c4377, 9ed8676d-9460-465d-9905-fd43a52295f6:c4375, da64134c-6992-4903-9407-7df321e464db:c4375]
2019-07-09 09:59:32,467 INFO  client.GrpcClientProtocolClient (GrpcClientProtocolClient.java:onNext(255)) - client-CECA27ED65B5->8cac6937-780c-4459-964a-dea4dcd51fd7: receive RaftClientReply:client-CECA27ED65B5->8cac6937-780c-4459-964a-dea4dcd51fd7@group-D84C501198B9, cid=2941, SUCCESS, logIndex=4377, commits[8cac6937-780c-4459-964a-dea4dcd51fd7:c4377, 9ed8676d-9460-465d-9905-fd43a52295f6:c4375, da64134c-6992-4903-9407-7df321e464db:c4375]
2019-07-09 09:59:32,491 INFO  client.GrpcClientProtocolClient (GrpcClientProtocolClient.java:onNext(255)) - client-CECA27ED65B5->8cac6937-780c-4459-964a-dea4dcd51fd7: receive RaftClientReply:client-CECA27ED65B5->8cac6937-780c-4459-964a-dea4dcd51fd7@group-D84C501198B9, cid=2942, SUCCESS, logIndex=4380, commits[8cac6937-780c-4459-964a-dea4dcd51fd7:c4381, 9ed8676d-9460-465d-9905-fd43a52295f6:c4377, da64134c-6992-4903-9407-7df321e464db:c4377]
2019-07-09 09:59:32,495 INFO  client.GrpcClientProtocolClient (GrpcClientProtocolClient.java:onNext(255)) - client-CECA27ED65B5->8cac6937-780c-4459-964a-dea4dcd51fd7: receive RaftClientReply:client-CECA27ED65B5->8cac6937-780c-4459-964a-dea4dcd51fd7@group-D84C501198B9, cid=2943, SUCCESS, logIndex=4381, commits[8cac6937-780c-4459-964a-dea4dcd51fd7:c4381, 9ed8676d-9460-465d-9905-fd43a52295f6:c4377, da64134c-6992-4903-9407-7df321e464db:c4377]
2019-07-09 09:59:32,503 INFO  client.GrpcClientProtocolClient (GrpcClientProtocolClient.java:onNext(255)) - client-CECA27ED65B5->8cac6937-780c-4459-964a-dea4dcd51fd7: receive RaftClientReply:client-CECA27ED65B5->8cac6937-780c-4459-964a-dea4dcd51fd7@group-D84C501198B9, cid=2944, SUCCESS, logIndex=0, commits[8cac6937-780c-4459-964a-dea4dcd51fd7:c4382, 9ed8676d-9460-465d-9905-fd43a52295f6:c4381, da64134c-6992-4903-9407-7df321e464db:c4381]
2019-07-09 09:59:32,541 INFO  client.GrpcClientProtocolClient (GrpcClientProtocolClient.java:onNext(255)) - client-CECA27ED65B5->8cac6937-780c-4459-964a-dea4dcd51fd7: receive RaftClientReply:client-CECA27ED65B5->8cac6937-780c-4459-964a-dea4dcd51fd7@group-D84C501198B9, cid=2945, SUCCESS, logIndex=4384, commits[8cac6937-780c-4459-964a-dea4dcd51fd7:c4386, 9ed8676d-9460-465d-9905-fd43a52295f6:c4383, da64134c-6992-4903-9407-7df321e464db:c4383]
2019-07-09 09:59:32,541 INFO  client.GrpcClientProtocolClient (GrpcClientProtocolClient.java:onNext(255)) - client-CECA27ED65B5->8cac6937-780c-4459-964a-dea4dcd51fd7: receive RaftClientReply:client-CECA27ED65B5->8cac6937-780c-4459-964a-dea4dcd51fd7@group-D84C501198B9, cid=2946, SUCCESS, logIndex=4385, commits[8cac6937-780c-4459-964a-dea4dcd51fd7:c4387, 9ed8676d-9460-465d-9905-fd43a52295f6:c4383, da64134c-6992-4903-9407-7df321e464db:c4383]
2019-07-09 09:59:32,541 INFO  client.GrpcClientProtocolClient (GrpcClientProtocolClient.java:onNext(255)) - client-CECA27ED65B5->8cac6937-780c-4459-964a-dea4dcd51fd7: receive RaftClientReply:client-CECA27ED65B5->8cac6937-780c-4459-964a-dea4dcd51fd7@group-D84C501198B9, cid=2947, SUCCESS, logIndex=4386, commits[8cac6937-780c-4459-964a-dea4dcd51fd7:c4387, 9ed8676d-9460-465d-9905-fd43a52295f6:c4383, da64134c-6992-4903-9407-7df321e464db:c4383]
2019-07-09 09:59:32,542 INFO  client.GrpcClientProtocolClient (GrpcClientProtocolClient.java:onNext(255)) - client-CECA27ED65B5->8cac6937-780c-4459-964a-dea4dcd51fd7: receive RaftClientReply:client-CECA27ED65B5->8cac6937-780c-4459-964a-dea4dcd51fd7@group-D84C501198B9, cid=2948, SUCCESS, logIndex=4387, commits[8cac6937-780c-4459-964a-dea4dcd51fd7:c4387, 9ed8676d-9460-465d-9905-fd43a52295f6:c4383, da64134c-6992-4903-9407-7df321e464db:c4383]
2019-07-09 09:59:32,552 INFO  client.GrpcClientProtocolClient (GrpcClientProtocolClient.java:onNext(255)) - client-CECA27ED65B5->8cac6937-780c-4459-964a-dea4dcd51fd7: receive RaftClientReply:client-CECA27ED65B5->8cac6937-780c-4459-964a-dea4dcd51fd7@group-D84C501198B9, cid=2949, SUCCESS, logIndex=0, commits[8cac6937-780c-4459-964a-dea4dcd51fd7:c4388, 9ed8676d-9460-465d-9905-fd43a52295f6:c4385, da64134c-6992-4903-9407-7df321e464db:c4385]
2019-07-09 09:59:32,574 INFO  client.GrpcClientProtocolClient (GrpcClientProtocolClient.java:onNext(255)) - client-CECA27ED65B5->8cac6937-780c-4459-964a-dea4dcd51fd7: receive RaftClientReply:client-CECA27ED65B5->8cac6937-780c-4459-964a-dea4dcd51fd7@group-D84C501198B9, cid=2950, SUCCESS, logIndex=4392, commits[8cac6937-780c-4459-964a-dea4dcd51fd7:c4393, 9ed8676d-9460-465d-9905-fd43a52295f6:c4391, da64134c-6992-4903-9407-7df321e464db:c4391]
2019-07-09 09:59:32,574 INFO  client.GrpcClientProtocolClient (GrpcClientProtocolClient.java:onNext(255)) - client-CECA27ED65B5->8cac6937-780c-4459-964a-dea4dcd51fd7: receive RaftClientReply:client-CECA27ED65B5->8cac6937-780c-4459-964a-dea4dcd51fd7@group-D84C501198B9, cid=2951, SUCCESS, logIndex=4393, commits[8cac6937-780c-4459-964a-dea4dcd51fd7:c4393, 9ed8676d-9460-465d-9905-fd43a52295f6:c4391, da64134c-6992-4903-9407-7df321e464db:c4391]
2019-07-09 09:59:32,588 INFO  client.GrpcClientProtocolClient (GrpcClientProtocolClient.java:onNext(255)) - client-CECA27ED65B5->8cac6937-780c-4459-964a-dea4dcd51fd7: receive RaftClientReply:client-CECA27ED65B5->8cac6937-780c-4459-964a-dea4dcd51fd7@group-D84C501198B9, cid=2952, SUCCESS, logIndex=4396, commits[8cac6937-780c-4459-964a-dea4dcd51fd7:c4397, 9ed8676d-9460-465d-9905-fd43a52295f6:c4393, da64134c-6992-4903-9407-7df321e464db:c4393]
2019-07-09 09:59:32,588 INFO  client.GrpcClientProtocolClient (GrpcClientProtocolClient.java:onNext(255)) - client-CECA27ED65B5->8cac6937-780c-4459-964a-dea4dcd51fd7: receive RaftClientReply:client-CECA27ED65B5->8cac6937-780c-4459-964a-dea4dcd51fd7@group-D84C501198B9, cid=2953, SUCCESS, logIndex=4397, commits[8cac6937-780c-4459-964a-dea4dcd51fd7:c4397, 9ed8676d-9460-465d-9905-fd43a52295f6:c4393, da64134c-6992-4903-9407-7df321e464db:c4393]
2019-07-09 09:59:32,601 INFO  client.GrpcClientProtocolClient (GrpcClientProtocolClient.java:onNext(255)) - client-CECA27ED65B5->8cac6937-780c-4459-964a-dea4dcd51fd7: receive RaftClientReply:client-CECA27ED65B5->8cac6937-780c-4459-964a-dea4dcd51fd7@group-D84C501198B9, cid=2954, SUCCESS, logIndex=0, commits[8cac6937-780c-4459-964a-dea4dcd51fd7:c4399, 9ed8676d-9460-465d-9905-fd43a52295f6:c4397, da64134c-6992-4903-9407-7df321e464db:c4397]
2019-07-09 09:59:32,624 INFO  client.GrpcClientProtocolClient (GrpcClientProtocolClient.java:onNext(255)) - client-CECA27ED65B5->8cac6937-780c-4459-964a-dea4dcd51fd7: receive RaftClientReply:client-CECA27ED65B5->8cac6937-780c-4459-964a-dea4dcd51fd7@group-D84C501198B9, cid=2955, SUCCESS, logIndex=4400, commits[8cac6937-780c-4459-964a-dea4dcd51fd7:c4403, 9ed8676d-9460-465d-9905-fd43a52295f6:c4399, da64134c-6992-4903-9407-7df321e464db:c4399]
2019-07-09 09:59:32,625 INFO  client.GrpcClientProtocolClient (GrpcClientProtocolClient.java:onNext(255)) - client-CECA27ED65B5->8cac6937-780c-4459-964a-dea4dcd51fd7: receive RaftClientReply:client-CECA27ED65B5->8cac6937-780c-4459-964a-dea4dcd51fd7@group-D84C501198B9, cid=2956, SUCCESS, logIndex=4401, commits[8cac6937-780c-4459-964a-dea4dcd51fd7:c4403, 9ed8676d-9460-465d-9905-fd43a52295f6:c4399, da64134c-6992-4903-9407-7df321e464db:c4399]
2019-07-09 09:59:32,625 INFO  client.GrpcClientProtocolClient (GrpcClientProtocolClient.java:onNext(255)) - client-CECA27ED65B5->8cac6937-780c-4459-964a-dea4dcd51fd7: receive RaftClientReply:client-CECA27ED65B5->8cac6937-780c-4459-964a-dea4dcd51fd7@group-D84C501198B9, cid=2957, SUCCESS, logIndex=4402, commits[8cac6937-780c-4459-964a-dea4dcd51fd7:c4403, 9ed8676d-9460-465d-9905-fd43a52295f6:c4399, da64134c-6992-4903-9407-7df321e464db:c4399]
2019-07-09 09:59:32,625 INFO  client.GrpcClientProtocolClient (GrpcClientProtocolClient.java:onNext(255)) - client-CECA27ED65B5->8cac6937-780c-4459-964a-dea4dcd51fd7: receive RaftClientReply:client-CECA27ED65B5->8cac6937-780c-4459-964a-dea4dcd51fd7@group-D84C501198B9, cid=2958, SUCCESS, logIndex=4403, commits[8cac6937-780c-4459-964a-dea4dcd51fd7:c4403, 9ed8676d-9460-465d-9905-fd43a52295f6:c4399, da64134c-6992-4903-9407-7df321e464db:c4399]
2019-07-09 09:59:32,626 INFO  client.GrpcClientProtocolClient (GrpcClientProtocolClient.java:onNext(255)) - client-CECA27ED65B5->8cac6937-780c-4459-964a-dea4dcd51fd7: receive RaftClientReply:client-CECA27ED65B5->8cac6937-780c-4459-964a-dea4dcd51fd7@group-D84C501198B9, cid=2959, SUCCESS, logIndex=0, commits[8cac6937-780c-4459-964a-dea4dcd51fd7:c4404, 9ed8676d-9460-465d-9905-fd43a52295f6:c4402, da64134c-6992-4903-9407-7df321e464db:c4402]
2019-07-09 09:59:32,660 INFO  client.GrpcClientProtocolClient (GrpcClientProtocolClient.java:onNext(255)) - client-CECA27ED65B5->8cac6937-780c-4459-964a-dea4dcd51fd7: receive RaftClientReply:client-CECA27ED65B5->8cac6937-780c-4459-964a-dea4dcd51fd7@group-D84C501198B9, cid=2960, SUCCESS, logIndex=4407, commits[8cac6937-780c-4459-964a-dea4dcd51fd7:c4408, 9ed8676d-9460-465d-9905-fd43a52295f6:c4406, da64134c-6992-4903-9407-7df321e464db:c4406]
2019-07-09 09:59:32,660 INFO  client.GrpcClientProtocolClient (GrpcClientProtocolClient.java:onNext(255)) - client-CECA27ED65B5->8cac6937-780c-4459-964a-dea4dcd51fd7: receive RaftClientReply:client-CECA27ED65B5->8cac6937-780c-4459-964a-dea4dcd51fd7@group-D84C501198B9, cid=2961, SUCCESS, logIndex=4408, commits[8cac6937-780c-4459-964a-dea4dcd51fd7:c4408, 9ed8676d-9460-465d-9905-fd43a52295f6:c4406, da64134c-6992-4903-9407-7df321e464db:c4406]
2019-07-09 09:59:32,686 INFO  client.GrpcClientProtocolClient (GrpcClientProtocolClient.java:onNext(255)) - client-CECA27ED65B5->8cac6937-780c-4459-964a-dea4dcd51fd7: receive RaftClientReply:client-CECA27ED65B5->8cac6937-780c-4459-964a-dea4dcd51fd7@group-D84C501198B9, cid=2962, SUCCESS, logIndex=4411, commits[8cac6937-780c-4459-964a-dea4dcd51fd7:c4412, 9ed8676d-9460-465d-9905-fd43a52295f6:c4409, da64134c-6992-4903-9407-7df321e464db:c4409]
2019-07-09 09:59:32,686 INFO  client.GrpcClientProtocolClient (GrpcClientProtocolClient.java:onNext(255)) - client-CECA27ED65B5->8cac6937-780c-4459-964a-dea4dcd51fd7: receive RaftClientReply:client-CECA27ED65B5->8cac6937-780c-4459-964a-dea4dcd51fd7@group-D84C501198B9, cid=2963, SUCCESS, logIndex=4412, commits[8cac6937-780c-4459-964a-dea4dcd51fd7:c4412, 9ed8676d-9460-465d-9905-fd43a52295f6:c4409, da64134c-6992-4903-9407-7df321e464db:c4409]
2019-07-09 09:59:32,701 INFO  client.GrpcClientProtocolClient (GrpcClientProtocolClient.java:onNext(255)) - client-CECA27ED65B5->8cac6937-780c-4459-964a-dea4dcd51fd7: receive RaftClientReply:client-CECA27ED65B5->8cac6937-780c-4459-964a-dea4dcd51fd7@group-D84C501198B9, cid=2964, SUCCESS, logIndex=0, commits[8cac6937-780c-4459-964a-dea4dcd51fd7:c4414, 9ed8676d-9460-465d-9905-fd43a52295f6:c4412, da64134c-6992-4903-9407-7df321e464db:c4412]
2019-07-09 09:59:32,735 INFO  client.GrpcClientProtocolClient (GrpcClientProtocolClient.java:onNext(255)) - client-CECA27ED65B5->8cac6937-780c-4459-964a-dea4dcd51fd7: receive RaftClientReply:client-CECA27ED65B5->8cac6937-780c-4459-964a-dea4dcd51fd7@group-D84C501198B9, cid=2965, SUCCESS, logIndex=4415, commits[8cac6937-780c-4459-964a-dea4dcd51fd7:c4417, 9ed8676d-9460-465d-9905-fd43a52295f6:c4414, da64134c-6992-4903-9407-7df321e464db:c4414]
2019-07-09 09:59:32,736 INFO  client.GrpcClientProtocolClient (GrpcClientProtocolClient.java:onNext(255)) - client-CECA27ED65B5->8cac6937-780c-4459-964a-dea4dcd51fd7: receive RaftClientReply:client-CECA27ED65B5->8cac6937-780c-4459-964a-dea4dcd51fd7@group-D84C501198B9, cid=2966, SUCCESS, logIndex=4416, commits[8cac6937-780c-4459-964a-dea4dcd51fd7:c4418, 9ed8676d-9460-465d-9905-fd43a52295f6:c4414, da64134c-6992-4903-9407-7df321e464db:c4414]
2019-07-09 09:59:32,736 INFO  client.GrpcClientProtocolClient (GrpcClientProtocolClient.java:onNext(255)) - client-CECA27ED65B5->8cac6937-780c-4459-964a-dea4dcd51fd7: receive RaftClientReply:client-CECA27ED65B5->8cac6937-780c-4459-964a-dea4dcd51fd7@group-D84C501198B9, cid=2967, SUCCESS, logIndex=4417, commits[8cac6937-780c-4459-964a-dea4dcd51fd7:c4418, 9ed8676d-9460-465d-9905-fd43a52295f6:c4414, da64134c-6992-4903-9407-7df321e464db:c4414]
2019-07-09 09:59:32,736 INFO  client.GrpcClientProtocolClient (GrpcClientProtocolClient.java:onNext(255)) - client-CECA27ED65B5->8cac6937-780c-4459-964a-dea4dcd51fd7: receive RaftClientReply:client-CECA27ED65B5->8cac6937-780c-4459-964a-dea4dcd51fd7@group-D84C501198B9, cid=2968, SUCCESS, logIndex=4418, commits[8cac6937-780c-4459-964a-dea4dcd51fd7:c4418, 9ed8676d-9460-465d-9905-fd43a52295f6:c4414, da64134c-6992-4903-9407-7df321e464db:c4414]
2019-07-09 09:59:32,747 INFO  client.GrpcClientProtocolClient (GrpcClientProtocolClient.java:onNext(255)) - client-CECA27ED65B5->8cac6937-780c-4459-964a-dea4dcd51fd7: receive RaftClientReply:client-CECA27ED65B5->8cac6937-780c-4459-964a-dea4dcd51fd7@group-D84C501198B9, cid=2969, SUCCESS, logIndex=0, commits[8cac6937-780c-4459-964a-dea4dcd51fd7:c4419, 9ed8676d-9460-465d-9905-fd43a52295f6:c4416, da64134c-6992-4903-9407-7df321e464db:c4416]
2019-07-09 09:59:32,770 INFO  client.GrpcClientProtocolClient (GrpcClientProtocolClient.java:onNext(255)) - client-CECA27ED65B5->8cac6937-780c-4459-964a-dea4dcd51fd7: receive RaftClientReply:client-CECA27ED65B5->8cac6937-780c-4459-964a-dea4dcd51fd7@group-D84C501198B9, cid=2970, SUCCESS, logIndex=4423, commits[8cac6937-780c-4459-964a-dea4dcd51fd7:c4424, 9ed8676d-9460-465d-9905-fd43a52295f6:c4422, da64134c-6992-4903-9407-7df321e464db:c4422]
2019-07-09 09:59:32,770 INFO  client.GrpcClientProtocolClient (GrpcClientProtocolClient.java:onNext(255)) - client-CECA27ED65B5->8cac6937-780c-4459-964a-dea4dcd51fd7: receive RaftClientReply:client-CECA27ED65B5->8cac6937-780c-4459-964a-dea4dcd51fd7@group-D84C501198B9, cid=2971, SUCCESS, logIndex=4424, commits[8cac6937-780c-4459-964a-dea4dcd51fd7:c4424, 9ed8676d-9460-465d-9905-fd43a52295f6:c4422, da64134c-6992-4903-9407-7df321e464db:c4422]
2019-07-09 09:59:32,783 INFO  client.GrpcClientProtocolClient (GrpcClientProtocolClient.java:onNext(255)) - client-CECA27ED65B5->8cac6937-780c-4459-964a-dea4dcd51fd7: receive RaftClientReply:client-CECA27ED65B5->8cac6937-780c-4459-964a-dea4dcd51fd7@group-D84C501198B9, cid=2972, SUCCESS, logIndex=4427, commits[8cac6937-780c-4459-964a-dea4dcd51fd7:c4428, 9ed8676d-9460-465d-9905-fd43a52295f6:c4424, da64134c-6992-4903-9407-7df321e464db:c4424]
2019-07-09 09:59:32,784 INFO  client.GrpcClientProtocolClient (GrpcClientProtocolClient.java:onNext(255)) - client-CECA27ED65B5->8cac6937-780c-4459-964a-dea4dcd51fd7: receive RaftClientReply:client-CECA27ED65B5->8cac6937-780c-4459-964a-dea4dcd51fd7@group-D84C501198B9, cid=2973, SUCCESS, logIndex=4428, commits[8cac6937-780c-4459-964a-dea4dcd51fd7:c4428, 9ed8676d-9460-465d-9905-fd43a52295f6:c4424, da64134c-6992-4903-9407-7df321e464db:c4424]
2019-07-09 09:59:32,786 INFO  client.GrpcClientProtocolClient (GrpcClientProtocolClient.java:onNext(255)) - client-CECA27ED65B5->8cac6937-780c-4459-964a-dea4dcd51fd7: receive RaftClientReply:client-CECA27ED65B5->8cac6937-780c-4459-964a-dea4dcd51fd7@group-D84C501198B9, cid=2974, SUCCESS, logIndex=0, commits[8cac6937-780c-4459-964a-dea4dcd51fd7:c4429, 9ed8676d-9460-465d-9905-fd43a52295f6:c4428, da64134c-6992-4903-9407-7df321e464db:c4428]
2019-07-09 09:59:32,823 INFO  client.GrpcClientProtocolClient (GrpcClientProtocolClient.java:onNext(255)) - client-CECA27ED65B5->8cac6937-780c-4459-964a-dea4dcd51fd7: receive RaftClientReply:client-CECA27ED65B5->8cac6937-780c-4459-964a-dea4dcd51fd7@group-D84C501198B9, cid=2975, SUCCESS, logIndex=4431, commits[8cac6937-780c-4459-964a-dea4dcd51fd7:c4433, 9ed8676d-9460-465d-9905-fd43a52295f6:c4430, da64134c-6992-4903-9407-7df321e464db:c4430]
2019-07-09 09:59:32,823 INFO  client.GrpcClientProtocolClient (GrpcClientProtocolClient.java:onNext(255)) - client-CECA27ED65B5->8cac6937-780c-4459-964a-dea4dcd51fd7: receive RaftClientReply:client-CECA27ED65B5->8cac6937-780c-4459-964a-dea4dcd51fd7@group-D84C501198B9, cid=2976, SUCCESS, logIndex=4432, commits[8cac6937-780c-4459-964a-dea4dcd51fd7:c4434, 9ed8676d-9460-465d-9905-fd43a52295f6:c4430, da64134c-6992-4903-9407-7df321e464db:c4430]
2019-07-09 09:59:32,824 INFO  client.GrpcClientProtocolClient (GrpcClientProtocolClient.java:onNext(255)) - client-CECA27ED65B5->8cac6937-780c-4459-964a-dea4dcd51fd7: receive RaftClientReply:client-CECA27ED65B5->8cac6937-780c-4459-964a-dea4dcd51fd7@group-D84C501198B9, cid=2977, SUCCESS, logIndex=4433, commits[8cac6937-780c-4459-964a-dea4dcd51fd7:c4434, 9ed8676d-9460-465d-9905-fd43a52295f6:c4430, da64134c-6992-4903-9407-7df321e464db:c4430]
2019-07-09 09:59:32,824 INFO  client.GrpcClientProtocolClient (GrpcClientProtocolClient.java:onNext(255)) - client-CECA27ED65B5->8cac6937-780c-4459-964a-dea4dcd51fd7: receive RaftClientReply:client-CECA27ED65B5->8cac6937-780c-4459-964a-dea4dcd51fd7@group-D84C501198B9, cid=2978, SUCCESS, logIndex=4434, commits[8cac6937-780c-4459-964a-dea4dcd51fd7:c4434, 9ed8676d-9460-465d-9905-fd43a52295f6:c4430, da64134c-6992-4903-9407-7df321e464db:c4430]
2019-07-09 09:59:32,834 INFO  client.GrpcClientProtocolClient (GrpcClientProtocolClient.java:onNext(255)) - client-CECA27ED65B5->8cac6937-780c-4459-964a-dea4dcd51fd7: receive RaftClientReply:client-CECA27ED65B5->8cac6937-780c-4459-964a-dea4dcd51fd7@group-D84C501198B9, cid=2979, SUCCESS, logIndex=0, commits[8cac6937-780c-4459-964a-dea4dcd51fd7:c4435, 9ed8676d-9460-465d-9905-fd43a52295f6:c4432, da64134c-6992-4903-9407-7df321e464db:c4432]
2019-07-09 09:59:32,856 INFO  client.GrpcClientProtocolClient (GrpcClientProtocolClient.java:onNext(255)) - client-CECA27ED65B5->8cac6937-780c-4459-964a-dea4dcd51fd7: receive RaftClientReply:client-CECA27ED65B5->8cac6937-780c-4459-964a-dea4dcd51fd7@group-D84C501198B9, cid=2980, SUCCESS, logIndex=4439, commits[8cac6937-780c-4459-964a-dea4dcd51fd7:c4440, 9ed8676d-9460-465d-9905-fd43a52295f6:c4438, da64134c-6992-4903-9407-7df321e464db:c4438]
2019-07-09 09:59:32,856 INFO  client.GrpcClientProtocolClient (GrpcClientProtocolClient.java:onNext(255)) - client-CECA27ED65B5->8cac6937-780c-4459-964a-dea4dcd51fd7: receive RaftClientReply:client-CECA27ED65B5->8cac6937-780c-4459-964a-dea4dcd51fd7@group-D84C501198B9, cid=2981, SUCCESS, logIndex=4440, commits[8cac6937-780c-4459-964a-dea4dcd51fd7:c4440, 9ed8676d-9460-465d-9905-fd43a52295f6:c4438, da64134c-6992-4903-9407-7df321e464db:c4438]
2019-07-09 09:59:32,870 INFO  client.GrpcClientProtocolClient (GrpcClientProtocolClient.java:onNext(255)) - client-CECA27ED65B5->8cac6937-780c-4459-964a-dea4dcd51fd7: receive RaftClientReply:client-CECA27ED65B5->8cac6937-780c-4459-964a-dea4dcd51fd7@group-D84C501198B9, cid=2982, SUCCESS, logIndex=4443, commits[8cac6937-780c-4459-964a-dea4dcd51fd7:c4444, 9ed8676d-9460-465d-9905-fd43a52295f6:c4440, da64134c-6992-4903-9407-7df321e464db:c4440]
2019-07-09 09:59:32,871 INFO  client.GrpcClientProtocolClient (GrpcClientProtocolClient.java:onNext(255)) - client-CECA27ED65B5->8cac6937-780c-4459-964a-dea4dcd51fd7: receive RaftClientReply:client-CECA27ED65B5->8cac6937-780c-4459-964a-dea4dcd51fd7@group-D84C501198B9, cid=2983, SUCCESS, logIndex=4444, commits[8cac6937-780c-4459-964a-dea4dcd51fd7:c4444, 9ed8676d-9460-465d-9905-fd43a52295f6:c4440, da64134c-6992-4903-9407-7df321e464db:c4440]
2019-07-09 09:59:32,882 INFO  client.GrpcClientProtocolClient (GrpcClientProtocolClient.java:onNext(255)) - client-CECA27ED65B5->8cac6937-780c-4459-964a-dea4dcd51fd7: receive RaftClientReply:client-CECA27ED65B5->8cac6937-780c-4459-964a-dea4dcd51fd7@group-D84C501198B9, cid=2984, SUCCESS, logIndex=0, commits[8cac6937-780c-4459-964a-dea4dcd51fd7:c4445, 9ed8676d-9460-465d-9905-fd43a52295f6:c4444, da64134c-6992-4903-9407-7df321e464db:c4444]
2019-07-09 09:59:32,940 INFO  client.GrpcClientProtocolClient (GrpcClientProtocolClient.java:onNext(255)) - client-CECA27ED65B5->8cac6937-780c-4459-964a-dea4dcd51fd7: receive RaftClientReply:client-CECA27ED65B5->8cac6937-780c-4459-964a-dea4dcd51fd7@group-D84C501198B9, cid=2985, SUCCESS, logIndex=4447, commits[8cac6937-780c-4459-964a-dea4dcd51fd7:c4447, 9ed8676d-9460-465d-9905-fd43a52295f6:c4446, da64134c-6992-4903-9407-7df321e464db:c4444]
2019-07-09 09:59:32,941 INFO  client.GrpcClientProtocolClient (GrpcClientProtocolClient.java:onNext(255)) - client-CECA27ED65B5->8cac6937-780c-4459-964a-dea4dcd51fd7: receive RaftClientReply:client-CECA27ED65B5->8cac6937-780c-4459-964a-dea4dcd51fd7@group-D84C501198B9, cid=2986, SUCCESS, logIndex=4448, commits[8cac6937-780c-4459-964a-dea4dcd51fd7:c4448, 9ed8676d-9460-465d-9905-fd43a52295f6:c4446, da64134c-6992-4903-9407-7df321e464db:c4446]
2019-07-09 09:59:32,941 INFO  client.GrpcClientProtocolClient (GrpcClientProtocolClient.java:onNext(255)) - client-CECA27ED65B5->8cac6937-780c-4459-964a-dea4dcd51fd7: receive RaftClientReply:client-CECA27ED65B5->8cac6937-780c-4459-964a-dea4dcd51fd7@group-D84C501198B9, cid=2987, SUCCESS, logIndex=4449, commits[8cac6937-780c-4459-964a-dea4dcd51fd7:c4450, 9ed8676d-9460-465d-9905-fd43a52295f6:c4446, da64134c-6992-4903-9407-7df321e464db:c4446]
2019-07-09 09:59:32,941 INFO  client.GrpcClientProtocolClient (GrpcClientProtocolClient.java:onNext(255)) - client-CECA27ED65B5->8cac6937-780c-4459-964a-dea4dcd51fd7: receive RaftClientReply:client-CECA27ED65B5->8cac6937-780c-4459-964a-dea4dcd51fd7@group-D84C501198B9, cid=2988, SUCCESS, logIndex=4450, commits[8cac6937-780c-4459-964a-dea4dcd51fd7:c4450, 9ed8676d-9460-465d-9905-fd43a52295f6:c4446, da64134c-6992-4903-9407-7df321e464db:c4446]
2019-07-09 09:59:32,978 INFO  client.GrpcClientProtocolClient (GrpcClientProtocolClient.java:onNext(255)) - client-CECA27ED65B5->8cac6937-780c-4459-964a-dea4dcd51fd7: receive RaftClientReply:client-CECA27ED65B5->8cac6937-780c-4459-964a-dea4dcd51fd7@group-D84C501198B9, cid=2989, SUCCESS, logIndex=0, commits[8cac6937-780c-4459-964a-dea4dcd51fd7:c4452, 9ed8676d-9460-465d-9905-fd43a52295f6:c4448, da64134c-6992-4903-9407-7df321e464db:c4448]
2019-07-09 09:59:33,000 INFO  client.GrpcClientProtocolClient (GrpcClientProtocolClient.java:onNext(255)) - client-CECA27ED65B5->8cac6937-780c-4459-964a-dea4dcd51fd7: receive RaftClientReply:client-CECA27ED65B5->8cac6937-780c-4459-964a-dea4dcd51fd7@group-D84C501198B9, cid=2990, SUCCESS, logIndex=4454, commits[8cac6937-780c-4459-964a-dea4dcd51fd7:c4455, 9ed8676d-9460-465d-9905-fd43a52295f6:c4453, da64134c-6992-4903-9407-7df321e464db:c4453]
2019-07-09 09:59:33,000 INFO  client.GrpcClientProtocolClient (GrpcClientProtocolClient.java:onNext(255)) - client-CECA27ED65B5->8cac6937-780c-4459-964a-dea4dcd51fd7: receive RaftClientReply:client-CECA27ED65B5->8cac6937-780c-4459-964a-dea4dcd51fd7@group-D84C501198B9, cid=2991, SUCCESS, logIndex=4455, commits[8cac6937-780c-4459-964a-dea4dcd51fd7:c4455, 9ed8676d-9460-465d-9905-fd43a52295f6:c4453, da64134c-6992-4903-9407-7df321e464db:c4453]
2019-07-09 09:59:33,025 INFO  client.GrpcClientProtocolClient (GrpcClientProtocolClient.java:onNext(255)) - client-CECA27ED65B5->8cac6937-780c-4459-964a-dea4dcd51fd7: receive RaftClientReply:client-CECA27ED65B5->8cac6937-780c-4459-964a-dea4dcd51fd7@group-D84C501198B9, cid=2992, SUCCESS, logIndex=4458, commits[8cac6937-780c-4459-964a-dea4dcd51fd7:c4459, 9ed8676d-9460-465d-9905-fd43a52295f6:c4454, da64134c-6992-4903-9407-7df321e464db:c4455]
2019-07-09 09:59:33,025 INFO  client.GrpcClientProtocolClient (GrpcClientProtocolClient.java:onNext(255)) - client-CECA27ED65B5->8cac6937-780c-4459-964a-dea4dcd51fd7: receive RaftClientReply:client-CECA27ED65B5->8cac6937-780c-4459-964a-dea4dcd51fd7@group-D84C501198B9, cid=2993, SUCCESS, logIndex=4459, commits[8cac6937-780c-4459-964a-dea4dcd51fd7:c4459, 9ed8676d-9460-465d-9905-fd43a52295f6:c4455, da64134c-6992-4903-9407-7df321e464db:c4455]
2019-07-09 09:59:33,027 INFO  client.GrpcClientProtocolClient (GrpcClientProtocolClient.java:onNext(255)) - client-CECA27ED65B5->8cac6937-780c-4459-964a-dea4dcd51fd7: receive RaftClientReply:client-CECA27ED65B5->8cac6937-780c-4459-964a-dea4dcd51fd7@group-D84C501198B9, cid=2994, SUCCESS, logIndex=0, commits[8cac6937-780c-4459-964a-dea4dcd51fd7:c4460, 9ed8676d-9460-465d-9905-fd43a52295f6:c4459, da64134c-6992-4903-9407-7df321e464db:c4459]
2019-07-09 09:59:33,062 INFO  client.GrpcClientProtocolClient (GrpcClientProtocolClient.java:onNext(255)) - client-CECA27ED65B5->8cac6937-780c-4459-964a-dea4dcd51fd7: receive RaftClientReply:client-CECA27ED65B5->8cac6937-780c-4459-964a-dea4dcd51fd7@group-D84C501198B9, cid=2995, SUCCESS, logIndex=4462, commits[8cac6937-780c-4459-964a-dea4dcd51fd7:c4463, 9ed8676d-9460-465d-9905-fd43a52295f6:c4461, da64134c-6992-4903-9407-7df321e464db:c4461]
2019-07-09 09:59:33,063 INFO  client.GrpcClientProtocolClient (GrpcClientProtocolClient.java:onNext(255)) - client-CECA27ED65B5->8cac6937-780c-4459-964a-dea4dcd51fd7: receive RaftClientReply:client-CECA27ED65B5->8cac6937-780c-4459-964a-dea4dcd51fd7@group-D84C501198B9, cid=2996, SUCCESS, logIndex=4463, commits[8cac6937-780c-4459-964a-dea4dcd51fd7:c4465, 9ed8676d-9460-465d-9905-fd43a52295f6:c4461, da64134c-6992-4903-9407-7df321e464db:c4461]
2019-07-09 09:59:33,064 INFO  client.GrpcClientProtocolClient (GrpcClientProtocolClient.java:onNext(255)) - client-CECA27ED65B5->8cac6937-780c-4459-964a-dea4dcd51fd7: receive RaftClientReply:client-CECA27ED65B5->8cac6937-780c-4459-964a-dea4dcd51fd7@group-D84C501198B9, cid=2997, SUCCESS, logIndex=4464, commits[8cac6937-780c-4459-964a-dea4dcd51fd7:c4465, 9ed8676d-9460-465d-9905-fd43a52295f6:c4461, da64134c-6992-4903-9407-7df321e464db:c4461]
2019-07-09 09:59:33,064 INFO  client.GrpcClientProtocolClient (GrpcClientProtocolClient.java:onNext(255)) - client-CECA27ED65B5->8cac6937-780c-4459-964a-dea4dcd51fd7: receive RaftClientReply:client-CECA27ED65B5->8cac6937-780c-4459-964a-dea4dcd51fd7@group-D84C501198B9, cid=2998, SUCCESS, logIndex=4465, commits[8cac6937-780c-4459-964a-dea4dcd51fd7:c4465, 9ed8676d-9460-465d-9905-fd43a52295f6:c4461, da64134c-6992-4903-9407-7df321e464db:c4461]
2019-07-09 09:59:33,065 INFO  client.GrpcClientProtocolClient (GrpcClientProtocolClient.java:onNext(255)) - client-CECA27ED65B5->8cac6937-780c-4459-964a-dea4dcd51fd7: receive RaftClientReply:client-CECA27ED65B5->8cac6937-780c-4459-964a-dea4dcd51fd7@group-D84C501198B9, cid=2999, SUCCESS, logIndex=0, commits[8cac6937-780c-4459-964a-dea4dcd51fd7:c4466, 9ed8676d-9460-465d-9905-fd43a52295f6:c4463, da64134c-6992-4903-9407-7df321e464db:c4463]
2019-07-09 09:59:33,090 INFO  client.GrpcClientProtocolClient (GrpcClientProtocolClient.java:onNext(255)) - client-CECA27ED65B5->8cac6937-780c-4459-964a-dea4dcd51fd7: receive RaftClientReply:client-CECA27ED65B5->8cac6937-780c-4459-964a-dea4dcd51fd7@group-D84C501198B9, cid=3000, SUCCESS, logIndex=4469, commits[8cac6937-780c-4459-964a-dea4dcd51fd7:c4470, 9ed8676d-9460-465d-9905-fd43a52295f6:c4465, da64134c-6992-4903-9407-7df321e464db:c4467]
2019-07-09 09:59:33,090 INFO  client.GrpcClientProtocolClient (GrpcClientProtocolClient.java:onNext(255)) - client-CECA27ED65B5->8cac6937-780c-4459-964a-dea4dcd51fd7: receive RaftClientReply:client-CECA27ED65B5->8cac6937-780c-4459-964a-dea4dcd51fd7@group-D84C501198B9, cid=3001, SUCCESS, logIndex=4470, commits[8cac6937-780c-4459-964a-dea4dcd51fd7:c4470, 9ed8676d-9460-465d-9905-fd43a52295f6:c4467, da64134c-6992-4903-9407-7df321e464db:c4467]
2019-07-09 09:59:33,106 INFO  client.GrpcClientProtocolClient (GrpcClientProtocolClient.java:onNext(255)) - client-CECA27ED65B5->8cac6937-780c-4459-964a-dea4dcd51fd7: receive RaftClientReply:client-CECA27ED65B5->8cac6937-780c-4459-964a-dea4dcd51fd7@group-D84C501198B9, cid=3002, SUCCESS, logIndex=4473, commits[8cac6937-780c-4459-964a-dea4dcd51fd7:c4474, 9ed8676d-9460-465d-9905-fd43a52295f6:c4470, da64134c-6992-4903-9407-7df321e464db:c4471]
2019-07-09 09:59:33,106 INFO  client.GrpcClientProtocolClient (GrpcClientProtocolClient.java:onNext(255)) - client-CECA27ED65B5->8cac6937-780c-4459-964a-dea4dcd51fd7: receive RaftClientReply:client-CECA27ED65B5->8cac6937-780c-4459-964a-dea4dcd51fd7@group-D84C501198B9, cid=3003, SUCCESS, logIndex=4474, commits[8cac6937-780c-4459-964a-dea4dcd51fd7:c4474, 9ed8676d-9460-465d-9905-fd43a52295f6:c4470, da64134c-6992-4903-9407-7df321e464db:c4471]
2019-07-09 09:59:33,108 INFO  client.GrpcClientProtocolClient (GrpcClientProtocolClient.java:onNext(255)) - client-CECA27ED65B5->8cac6937-780c-4459-964a-dea4dcd51fd7: receive RaftClientReply:client-CECA27ED65B5->8cac6937-780c-4459-964a-dea4dcd51fd7@group-D84C501198B9, cid=3004, SUCCESS, logIndex=0, commits[8cac6937-780c-4459-964a-dea4dcd51fd7:c4475, 9ed8676d-9460-465d-9905-fd43a52295f6:c4474, da64134c-6992-4903-9407-7df321e464db:c4474]
2019-07-09 09:59:33,141 INFO  client.GrpcClientProtocolClient (GrpcClientProtocolClient.java:onNext(255)) - client-CECA27ED65B5->8cac6937-780c-4459-964a-dea4dcd51fd7: receive RaftClientReply:client-CECA27ED65B5->8cac6937-780c-4459-964a-dea4dcd51fd7@group-D84C501198B9, cid=3005, SUCCESS, logIndex=4477, commits[8cac6937-780c-4459-964a-dea4dcd51fd7:c4478, 9ed8676d-9460-465d-9905-fd43a52295f6:c4476, da64134c-6992-4903-9407-7df321e464db:c4476]
2019-07-09 09:59:33,141 INFO  client.GrpcClientProtocolClient (GrpcClientProtocolClient.java:onNext(255)) - client-CECA27ED65B5->8cac6937-780c-4459-964a-dea4dcd51fd7: receive RaftClientReply:client-CECA27ED65B5->8cac6937-780c-4459-964a-dea4dcd51fd7@group-D84C501198B9, cid=3006, SUCCESS, logIndex=4478, commits[8cac6937-780c-4459-964a-dea4dcd51fd7:c4478, 9ed8676d-9460-465d-9905-fd43a52295f6:c4476, da64134c-6992-4903-9407-7df321e464db:c4476]
2019-07-09 09:59:33,151 INFO  client.GrpcClientProtocolClient (GrpcClientProtocolClient.java:onNext(255)) - client-CECA27ED65B5->8cac6937-780c-4459-964a-dea4dcd51fd7: receive RaftClientReply:client-CECA27ED65B5->8cac6937-780c-4459-964a-dea4dcd51fd7@group-D84C501198B9, cid=3007, SUCCESS, logIndex=4479, commits[8cac6937-780c-4459-964a-dea4dcd51fd7:c4480, 9ed8676d-9460-465d-9905-fd43a52295f6:c4476, da64134c-6992-4903-9407-7df321e464db:c4476]
2019-07-09 09:59:33,152 INFO  client.GrpcClientProtocolClient (GrpcClientProtocolClient.java:onNext(255)) - client-CECA27ED65B5->8cac6937-780c-4459-964a-dea4dcd51fd7: receive RaftClientReply:client-CECA27ED65B5->8cac6937-780c-4459-964a-dea4dcd51fd7@group-D84C501198B9, cid=3008, SUCCESS, logIndex=4480, commits[8cac6937-780c-4459-964a-dea4dcd51fd7:c4480, 9ed8676d-9460-465d-9905-fd43a52295f6:c4476, da64134c-6992-4903-9407-7df321e464db:c4476]
2019-07-09 09:59:33,154 INFO  client.GrpcClientProtocolClient (GrpcClientProtocolClient.java:onNext(255)) - client-CECA27ED65B5->8cac6937-780c-4459-964a-dea4dcd51fd7: receive RaftClientReply:client-CECA27ED65B5->8cac6937-780c-4459-964a-dea4dcd51fd7@group-D84C501198B9, cid=3009, SUCCESS, logIndex=0, commits[8cac6937-780c-4459-964a-dea4dcd51fd7:c4483, 9ed8676d-9460-465d-9905-fd43a52295f6:c4478, da64134c-6992-4903-9407-7df321e464db:c4480]
2019-07-09 09:59:33,181 INFO  client.GrpcClientProtocolClient (GrpcClientProtocolClient.java:onNext(255)) - client-CECA27ED65B5->8cac6937-780c-4459-964a-dea4dcd51fd7: receive RaftClientReply:client-CECA27ED65B5->8cac6937-780c-4459-964a-dea4dcd51fd7@group-D84C501198B9, cid=3010, SUCCESS, logIndex=4484, commits[8cac6937-780c-4459-964a-dea4dcd51fd7:c4485, 9ed8676d-9460-465d-9905-fd43a52295f6:c4483, da64134c-6992-4903-9407-7df321e464db:c4483]
2019-07-09 09:59:33,181 INFO  client.GrpcClientProtocolClient (GrpcClientProtocolClient.java:onNext(255)) - client-CECA27ED65B5->8cac6937-780c-4459-964a-dea4dcd51fd7: receive RaftClientReply:client-CECA27ED65B5->8cac6937-780c-4459-964a-dea4dcd51fd7@group-D84C501198B9, cid=3011, SUCCESS, logIndex=4485, commits[8cac6937-780c-4459-964a-dea4dcd51fd7:c4485, 9ed8676d-9460-465d-9905-fd43a52295f6:c4483, da64134c-6992-4903-9407-7df321e464db:c4483]
2019-07-09 09:59:33,221 INFO  client.GrpcClientProtocolClient (GrpcClientProtocolClient.java:onNext(255)) - client-CECA27ED65B5->8cac6937-780c-4459-964a-dea4dcd51fd7: receive RaftClientReply:client-CECA27ED65B5->8cac6937-780c-4459-964a-dea4dcd51fd7@group-D84C501198B9, cid=3012, SUCCESS, logIndex=4488, commits[8cac6937-780c-4459-964a-dea4dcd51fd7:c4488, 9ed8676d-9460-465d-9905-fd43a52295f6:c4485, da64134c-6992-4903-9407-7df321e464db:c4485]
2019-07-09 09:59:33,221 INFO  client.GrpcClientProtocolClient (GrpcClientProtocolClient.java:onNext(255)) - client-CECA27ED65B5->8cac6937-780c-4459-964a-dea4dcd51fd7: receive RaftClientReply:client-CECA27ED65B5->8cac6937-780c-4459-964a-dea4dcd51fd7@group-D84C501198B9, cid=3013, SUCCESS, logIndex=4489, commits[8cac6937-780c-4459-964a-dea4dcd51fd7:c4489, 9ed8676d-9460-465d-9905-fd43a52295f6:c4486, da64134c-6992-4903-9407-7df321e464db:c4486]
2019-07-09 09:59:33,236 INFO  client.GrpcClientProtocolClient (GrpcClientProtocolClient.java:onNext(255)) - client-CECA27ED65B5->8cac6937-780c-4459-964a-dea4dcd51fd7: receive RaftClientReply:client-CECA27ED65B5->8cac6937-780c-4459-964a-dea4dcd51fd7@group-D84C501198B9, cid=3014, SUCCESS, logIndex=0, commits[8cac6937-780c-4459-964a-dea4dcd51fd7:c4491, 9ed8676d-9460-465d-9905-fd43a52295f6:c4489, da64134c-6992-4903-9407-7df321e464db:c4489]
 0.00% |█                                                                                                    |  0/1 Time: 0:00:252019-07-09 09:59:33,272 INFO  client.GrpcClientProtocolClient (GrpcClientProtocolClient.java:onNext(255)) - client-CECA27ED65B5->8cac6937-780c-4459-964a-dea4dcd51fd7: receive RaftClientReply:client-CECA27ED65B5->8cac6937-780c-4459-964a-dea4dcd51fd7@group-D84C501198B9, cid=3015, SUCCESS, logIndex=4492, commits[8cac6937-780c-4459-964a-dea4dcd51fd7:c4494, 9ed8676d-9460-465d-9905-fd43a52295f6:c4491, da64134c-6992-4903-9407-7df321e464db:c4491]
2019-07-09 09:59:33,273 INFO  client.GrpcClientProtocolClient (GrpcClientProtocolClient.java:onNext(255)) - client-CECA27ED65B5->8cac6937-780c-4459-964a-dea4dcd51fd7: receive RaftClientReply:client-CECA27ED65B5->8cac6937-780c-4459-964a-dea4dcd51fd7@group-D84C501198B9, cid=3016, SUCCESS, logIndex=4493, commits[8cac6937-780c-4459-964a-dea4dcd51fd7:c4495, 9ed8676d-9460-465d-9905-fd43a52295f6:c4491, da64134c-6992-4903-9407-7df321e464db:c4491]
2019-07-09 09:59:33,273 INFO  client.GrpcClientProtocolClient (GrpcClientProtocolClient.java:onNext(255)) - client-CECA27ED65B5->8cac6937-780c-4459-964a-dea4dcd51fd7: receive RaftClientReply:client-CECA27ED65B5->8cac6937-780c-4459-964a-dea4dcd51fd7@group-D84C501198B9, cid=3017, SUCCESS, logIndex=4494, commits[8cac6937-780c-4459-964a-dea4dcd51fd7:c4496, 9ed8676d-9460-465d-9905-fd43a52295f6:c4492, da64134c-6992-4903-9407-7df321e464db:c4491]
2019-07-09 09:59:33,273 INFO  client.GrpcClientProtocolClient (GrpcClientProtocolClient.java:onNext(255)) - client-CECA27ED65B5->8cac6937-780c-4459-964a-dea4dcd51fd7: receive RaftClientReply:client-CECA27ED65B5->8cac6937-780c-4459-964a-dea4dcd51fd7@group-D84C501198B9, cid=3018, SUCCESS, logIndex=4495, commits[8cac6937-780c-4459-964a-dea4dcd51fd7:c4496, 9ed8676d-9460-465d-9905-fd43a52295f6:c4492, da64134c-6992-4903-9407-7df321e464db:c4491]
2019-07-09 09:59:33,275 INFO  client.GrpcClientProtocolClient (GrpcClientProtocolClient.java:onNext(255)) - client-CECA27ED65B5->8cac6937-780c-4459-964a-dea4dcd51fd7: receive RaftClientReply:client-CECA27ED65B5->8cac6937-780c-4459-964a-dea4dcd51fd7@group-D84C501198B9, cid=3019, SUCCESS, logIndex=0, commits[8cac6937-780c-4459-964a-dea4dcd51fd7:c4496, 9ed8676d-9460-465d-9905-fd43a52295f6:c4493, da64134c-6992-4903-9407-7df321e464db:c4493]
2019-07-09 09:59:33,419 INFO  client.GrpcClientProtocolClient (GrpcClientProtocolClient.java:onNext(255)) - client-CECA27ED65B5->8cac6937-780c-4459-964a-dea4dcd51fd7: receive RaftClientReply:client-CECA27ED65B5->8cac6937-780c-4459-964a-dea4dcd51fd7@group-D84C501198B9, cid=3020, SUCCESS, logIndex=4500, commits[8cac6937-780c-4459-964a-dea4dcd51fd7:c4501, 9ed8676d-9460-465d-9905-fd43a52295f6:c4499, da64134c-6992-4903-9407-7df321e464db:c4499]
2019-07-09 09:59:33,419 INFO  client.GrpcClientProtocolClient (GrpcClientProtocolClient.java:onNext(255)) - client-CECA27ED65B5->8cac6937-780c-4459-964a-dea4dcd51fd7: receive RaftClientReply:client-CECA27ED65B5->8cac6937-780c-4459-964a-dea4dcd51fd7@group-D84C501198B9, cid=3021, SUCCESS, logIndex=4501, commits[8cac6937-780c-4459-964a-dea4dcd51fd7:c4501, 9ed8676d-9460-465d-9905-fd43a52295f6:c4499, da64134c-6992-4903-9407-7df321e464db:c4499]
2019-07-09 09:59:33,438 INFO  client.GrpcClientProtocolClient (GrpcClientProtocolClient.java:onNext(255)) - client-CECA27ED65B5->8cac6937-780c-4459-964a-dea4dcd51fd7: receive RaftClientReply:client-CECA27ED65B5->8cac6937-780c-4459-964a-dea4dcd51fd7@group-D84C501198B9, cid=3022, SUCCESS, logIndex=4504, commits[8cac6937-780c-4459-964a-dea4dcd51fd7:c4505, 9ed8676d-9460-465d-9905-fd43a52295f6:c4501, da64134c-6992-4903-9407-7df321e464db:c4501]
2019-07-09 09:59:33,439 INFO  client.GrpcClientProtocolClient (GrpcClientProtocolClient.java:onNext(255)) - client-CECA27ED65B5->8cac6937-780c-4459-964a-dea4dcd51fd7: receive RaftClientReply:client-CECA27ED65B5->8cac6937-780c-4459-964a-dea4dcd51fd7@group-D84C501198B9, cid=3023, SUCCESS, logIndex=4505, commits[8cac6937-780c-4459-964a-dea4dcd51fd7:c4505, 9ed8676d-9460-465d-9905-fd43a52295f6:c4501, da64134c-6992-4903-9407-7df321e464db:c4501]
2019-07-09 09:59:33,452 INFO  client.GrpcClientProtocolClient (GrpcClientProtocolClient.java:onNext(255)) - client-CECA27ED65B5->8cac6937-780c-4459-964a-dea4dcd51fd7: receive RaftClientReply:client-CECA27ED65B5->8cac6937-780c-4459-964a-dea4dcd51fd7@group-D84C501198B9, cid=3024, SUCCESS, logIndex=0, commits[8cac6937-780c-4459-964a-dea4dcd51fd7:c4506, 9ed8676d-9460-465d-9905-fd43a52295f6:c4505, da64134c-6992-4903-9407-7df321e464db:c4505]
2019-07-09 09:59:33,487 INFO  client.GrpcClientProtocolClient (GrpcClientProtocolClient.java:onNext(255)) - client-CECA27ED65B5->8cac6937-780c-4459-964a-dea4dcd51fd7: receive RaftClientReply:client-CECA27ED65B5->8cac6937-780c-4459-964a-dea4dcd51fd7@group-D84C501198B9, cid=3025, SUCCESS, logIndex=4508, commits[8cac6937-780c-4459-964a-dea4dcd51fd7:c4509, 9ed8676d-9460-465d-9905-fd43a52295f6:c4507, da64134c-6992-4903-9407-7df321e464db:c4507]
2019-07-09 09:59:33,488 INFO  client.GrpcClientProtocolClient (GrpcClientProtocolClient.java:onNext(255)) - client-CECA27ED65B5->8cac6937-780c-4459-964a-dea4dcd51fd7: receive RaftClientReply:client-CECA27ED65B5->8cac6937-780c-4459-964a-dea4dcd51fd7@group-D84C501198B9, cid=3026, SUCCESS, logIndex=4509, commits[8cac6937-780c-4459-964a-dea4dcd51fd7:c4511, 9ed8676d-9460-465d-9905-fd43a52295f6:c4507, da64134c-6992-4903-9407-7df321e464db:c4507]
2019-07-09 09:59:33,488 INFO  client.GrpcClientProtocolClient (GrpcClientProtocolClient.java:onNext(255)) - client-CECA27ED65B5->8cac6937-780c-4459-964a-dea4dcd51fd7: receive RaftClientReply:client-CECA27ED65B5->8cac6937-780c-4459-964a-dea4dcd51fd7@group-D84C501198B9, cid=3027, SUCCESS, logIndex=4510, commits[8cac6937-780c-4459-964a-dea4dcd51fd7:c4511, 9ed8676d-9460-465d-9905-fd43a52295f6:c4507, da64134c-6992-4903-9407-7df321e464db:c4507]
2019-07-09 09:59:33,488 INFO  client.GrpcClientProtocolClient (GrpcClientProtocolClient.java:onNext(255)) - client-CECA27ED65B5->8cac6937-780c-4459-964a-dea4dcd51fd7: receive RaftClientReply:client-CECA27ED65B5->8cac6937-780c-4459-964a-dea4dcd51fd7@group-D84C501198B9, cid=3028, SUCCESS, logIndex=4511, commits[8cac6937-780c-4459-964a-dea4dcd51fd7:c4511, 9ed8676d-9460-465d-9905-fd43a52295f6:c4507, da64134c-6992-4903-9407-7df321e464db:c4507]
2019-07-09 09:59:33,499 INFO  client.GrpcClientProtocolClient (GrpcClientProtocolClient.java:onNext(255)) - client-CECA27ED65B5->8cac6937-780c-4459-964a-dea4dcd51fd7: receive RaftClientReply:client-CECA27ED65B5->8cac6937-780c-4459-964a-dea4dcd51fd7@group-D84C501198B9, cid=3029, SUCCESS, logIndex=0, commits[8cac6937-780c-4459-964a-dea4dcd51fd7:c4513, 9ed8676d-9460-465d-9905-fd43a52295f6:c4509, da64134c-6992-4903-9407-7df321e464db:c4509]
2019-07-09 09:59:33,521 INFO  client.GrpcClientProtocolClient (GrpcClientProtocolClient.java:onNext(255)) - client-CECA27ED65B5->8cac6937-780c-4459-964a-dea4dcd51fd7: receive RaftClientReply:client-CECA27ED65B5->8cac6937-780c-4459-964a-dea4dcd51fd7@group-D84C501198B9, cid=3030, SUCCESS, logIndex=4515, commits[8cac6937-780c-4459-964a-dea4dcd51fd7:c4516, 9ed8676d-9460-465d-9905-fd43a52295f6:c4514, da64134c-6992-4903-9407-7df321e464db:c4514]
2019-07-09 09:59:33,521 INFO  client.GrpcClientProtocolClient (GrpcClientProtocolClient.java:onNext(255)) - client-CECA27ED65B5->8cac6937-780c-4459-964a-dea4dcd51fd7: receive RaftClientReply:client-CECA27ED65B5->8cac6937-780c-4459-964a-dea4dcd51fd7@group-D84C501198B9, cid=3031, SUCCESS, logIndex=4516, commits[8cac6937-780c-4459-964a-dea4dcd51fd7:c4516, 9ed8676d-9460-465d-9905-fd43a52295f6:c4514, da64134c-6992-4903-9407-7df321e464db:c4514]
2019-07-09 09:59:33,535 INFO  client.GrpcClientProtocolClient (GrpcClientProtocolClient.java:onNext(255)) - client-CECA27ED65B5->8cac6937-780c-4459-964a-dea4dcd51fd7: receive RaftClientReply:client-CECA27ED65B5->8cac6937-780c-4459-964a-dea4dcd51fd7@group-D84C501198B9, cid=3032, SUCCESS, logIndex=4519, commits[8cac6937-780c-4459-964a-dea4dcd51fd7:c4520, 9ed8676d-9460-465d-9905-fd43a52295f6:c4516, da64134c-6992-4903-9407-7df321e464db:c4516]
2019-07-09 09:59:33,536 INFO  client.GrpcClientProtocolClient (GrpcClientProtocolClient.java:onNext(255)) - client-CECA27ED65B5->8cac6937-780c-4459-964a-dea4dcd51fd7: receive RaftClientReply:client-CECA27ED65B5->8cac6937-780c-4459-964a-dea4dcd51fd7@group-D84C501198B9, cid=3033, SUCCESS, logIndex=4520, commits[8cac6937-780c-4459-964a-dea4dcd51fd7:c4520, 9ed8676d-9460-465d-9905-fd43a52295f6:c4516, da64134c-6992-4903-9407-7df321e464db:c4516]
2019-07-09 09:59:33,550 INFO  client.GrpcClientProtocolClient (GrpcClientProtocolClient.java:onNext(255)) - client-CECA27ED65B5->8cac6937-780c-4459-964a-dea4dcd51fd7: receive RaftClientReply:client-CECA27ED65B5->8cac6937-780c-4459-964a-dea4dcd51fd7@group-D84C501198B9, cid=3034, SUCCESS, logIndex=0, commits[8cac6937-780c-4459-964a-dea4dcd51fd7:c4522, 9ed8676d-9460-465d-9905-fd43a52295f6:c4520, da64134c-6992-4903-9407-7df321e464db:c4520]
2019-07-09 09:59:33,584 INFO  client.GrpcClientProtocolClient (GrpcClientProtocolClient.java:onNext(255)) - client-CECA27ED65B5->8cac6937-780c-4459-964a-dea4dcd51fd7: receive RaftClientReply:client-CECA27ED65B5->8cac6937-780c-4459-964a-dea4dcd51fd7@group-D84C501198B9, cid=3035, SUCCESS, logIndex=4523, commits[8cac6937-780c-4459-964a-dea4dcd51fd7:c4524, 9ed8676d-9460-465d-9905-fd43a52295f6:c4522, da64134c-6992-4903-9407-7df321e464db:c4522]
2019-07-09 09:59:33,584 INFO  client.GrpcClientProtocolClient (GrpcClientProtocolClient.java:onNext(255)) - client-CECA27ED65B5->8cac6937-780c-4459-964a-dea4dcd51fd7: receive RaftClientReply:client-CECA27ED65B5->8cac6937-780c-4459-964a-dea4dcd51fd7@group-D84C501198B9, cid=3036, SUCCESS, logIndex=4524, commits[8cac6937-780c-4459-964a-dea4dcd51fd7:c4524, 9ed8676d-9460-465d-9905-fd43a52295f6:c4522, da64134c-6992-4903-9407-7df321e464db:c4522]
2019-07-09 09:59:33,596 INFO  client.GrpcClientProtocolClient (GrpcClientProtocolClient.java:onNext(255)) - client-CECA27ED65B5->8cac6937-780c-4459-964a-dea4dcd51fd7: receive RaftClientReply:client-CECA27ED65B5->8cac6937-780c-4459-964a-dea4dcd51fd7@group-D84C501198B9, cid=3037, SUCCESS, logIndex=4525, commits[8cac6937-780c-4459-964a-dea4dcd51fd7:c4525, 9ed8676d-9460-465d-9905-fd43a52295f6:c4522, da64134c-6992-4903-9407-7df321e464db:c4522]
2019-07-09 09:59:33,596 INFO  client.GrpcClientProtocolClient (GrpcClientProtocolClient.java:onNext(255)) - client-CECA27ED65B5->8cac6937-780c-4459-964a-dea4dcd51fd7: receive RaftClientReply:client-CECA27ED65B5->8cac6937-780c-4459-964a-dea4dcd51fd7@group-D84C501198B9, cid=3038, SUCCESS, logIndex=4526, commits[8cac6937-780c-4459-964a-dea4dcd51fd7:c4527, 9ed8676d-9460-465d-9905-fd43a52295f6:c4523, da64134c-6992-4903-9407-7df321e464db:c4522]
2019-07-09 09:59:33,598 INFO  client.GrpcClientProtocolClient (GrpcClientProtocolClient.java:onNext(255)) - client-CECA27ED65B5->8cac6937-780c-4459-964a-dea4dcd51fd7: receive RaftClientReply:client-CECA27ED65B5->8cac6937-780c-4459-964a-dea4dcd51fd7@group-D84C501198B9, cid=3039, SUCCESS, logIndex=0, commits[8cac6937-780c-4459-964a-dea4dcd51fd7:c4528, 9ed8676d-9460-465d-9905-fd43a52295f6:c4524, da64134c-6992-4903-9407-7df321e464db:c4524]
2019-07-09 09:59:33,623 INFO  client.GrpcClientProtocolClient (GrpcClientProtocolClient.java:onNext(255)) - client-CECA27ED65B5->8cac6937-780c-4459-964a-dea4dcd51fd7: receive RaftClientReply:client-CECA27ED65B5->8cac6937-780c-4459-964a-dea4dcd51fd7@group-D84C501198B9, cid=3040, SUCCESS, logIndex=4531, commits[8cac6937-780c-4459-964a-dea4dcd51fd7:c4532, 9ed8676d-9460-465d-9905-fd43a52295f6:c4528, da64134c-6992-4903-9407-7df321e464db:c4526]
2019-07-09 09:59:33,624 INFO  client.GrpcClientProtocolClient (GrpcClientProtocolClient.java:onNext(255)) - client-CECA27ED65B5->8cac6937-780c-4459-964a-dea4dcd51fd7: receive RaftClientReply:client-CECA27ED65B5->8cac6937-780c-4459-964a-dea4dcd51fd7@group-D84C501198B9, cid=3041, SUCCESS, logIndex=4532, commits[8cac6937-780c-4459-964a-dea4dcd51fd7:c4532, 9ed8676d-9460-465d-9905-fd43a52295f6:c4528, da64134c-6992-4903-9407-7df321e464db:c4528]
2019-07-09 09:59:33,644 INFO  client.GrpcClientProtocolClient (GrpcClientProtocolClient.java:onNext(255)) - client-CECA27ED65B5->8cac6937-780c-4459-964a-dea4dcd51fd7: receive RaftClientReply:client-CECA27ED65B5->8cac6937-780c-4459-964a-dea4dcd51fd7@group-D84C501198B9, cid=3042, SUCCESS, logIndex=4535, commits[8cac6937-780c-4459-964a-dea4dcd51fd7:c4536, 9ed8676d-9460-465d-9905-fd43a52295f6:c4534, da64134c-6992-4903-9407-7df321e464db:c4534]
2019-07-09 09:59:33,645 INFO  client.GrpcClientProtocolClient (GrpcClientProtocolClient.java:onNext(255)) - client-CECA27ED65B5->8cac6937-780c-4459-964a-dea4dcd51fd7: receive RaftClientReply:client-CECA27ED65B5->8cac6937-780c-4459-964a-dea4dcd51fd7@group-D84C501198B9, cid=3043, SUCCESS, logIndex=4536, commits[8cac6937-780c-4459-964a-dea4dcd51fd7:c4536, 9ed8676d-9460-465d-9905-fd43a52295f6:c4534, da64134c-6992-4903-9407-7df321e464db:c4534]
2019-07-09 09:59:33,659 INFO  client.GrpcClientProtocolClient (GrpcClientProtocolClient.java:onNext(255)) - client-CECA27ED65B5->8cac6937-780c-4459-964a-dea4dcd51fd7: receive RaftClientReply:client-CECA27ED65B5->8cac6937-780c-4459-964a-dea4dcd51fd7@group-D84C501198B9, cid=3044, SUCCESS, logIndex=0, commits[8cac6937-780c-4459-964a-dea4dcd51fd7:c4538, 9ed8676d-9460-465d-9905-fd43a52295f6:c4536, da64134c-6992-4903-9407-7df321e464db:c4536]
2019-07-09 09:59:33,692 INFO  client.GrpcClientProtocolClient (GrpcClientProtocolClient.java:onNext(255)) - client-CECA27ED65B5->8cac6937-780c-4459-964a-dea4dcd51fd7: receive RaftClientReply:client-CECA27ED65B5->8cac6937-780c-4459-964a-dea4dcd51fd7@group-D84C501198B9, cid=3045, SUCCESS, logIndex=4539, commits[8cac6937-780c-4459-964a-dea4dcd51fd7:c4540, 9ed8676d-9460-465d-9905-fd43a52295f6:c4538, da64134c-6992-4903-9407-7df321e464db:c4538]
2019-07-09 09:59:33,692 INFO  client.GrpcClientProtocolClient (GrpcClientProtocolClient.java:onNext(255)) - client-CECA27ED65B5->8cac6937-780c-4459-964a-dea4dcd51fd7: receive RaftClientReply:client-CECA27ED65B5->8cac6937-780c-4459-964a-dea4dcd51fd7@group-D84C501198B9, cid=3046, SUCCESS, logIndex=4540, commits[8cac6937-780c-4459-964a-dea4dcd51fd7:c4542, 9ed8676d-9460-465d-9905-fd43a52295f6:c4538, da64134c-6992-4903-9407-7df321e464db:c4538]
2019-07-09 09:59:33,693 INFO  client.GrpcClientProtocolClient (GrpcClientProtocolClient.java:onNext(255)) - client-CECA27ED65B5->8cac6937-780c-4459-964a-dea4dcd51fd7: receive RaftClientReply:client-CECA27ED65B5->8cac6937-780c-4459-964a-dea4dcd51fd7@group-D84C501198B9, cid=3047, SUCCESS, logIndex=4541, commits[8cac6937-780c-4459-964a-dea4dcd51fd7:c4542, 9ed8676d-9460-465d-9905-fd43a52295f6:c4538, da64134c-6992-4903-9407-7df321e464db:c4538]
2019-07-09 09:59:33,693 INFO  client.GrpcClientProtocolClient (GrpcClientProtocolClient.java:onNext(255)) - client-CECA27ED65B5->8cac6937-780c-4459-964a-dea4dcd51fd7: receive RaftClientReply:client-CECA27ED65B5->8cac6937-780c-4459-964a-dea4dcd51fd7@group-D84C501198B9, cid=3048, SUCCESS, logIndex=4542, commits[8cac6937-780c-4459-964a-dea4dcd51fd7:c4542, 9ed8676d-9460-465d-9905-fd43a52295f6:c4538, da64134c-6992-4903-9407-7df321e464db:c4538]
2019-07-09 09:59:33,696 INFO  client.GrpcClientProtocolClient (GrpcClientProtocolClient.java:onNext(255)) - client-CECA27ED65B5->8cac6937-780c-4459-964a-dea4dcd51fd7: receive RaftClientReply:client-CECA27ED65B5->8cac6937-780c-4459-964a-dea4dcd51fd7@group-D84C501198B9, cid=3049, SUCCESS, logIndex=0, commits[8cac6937-780c-4459-964a-dea4dcd51fd7:c4545, 9ed8676d-9460-465d-9905-fd43a52295f6:c4542, da64134c-6992-4903-9407-7df321e464db:c4540]
2019-07-09 09:59:33,716 INFO  client.GrpcClientProtocolClient (GrpcClientProtocolClient.java:onNext(255)) - client-CECA27ED65B5->8cac6937-780c-4459-964a-dea4dcd51fd7: receive RaftClientReply:client-CECA27ED65B5->8cac6937-780c-4459-964a-dea4dcd51fd7@group-D84C501198B9, cid=3050, SUCCESS, logIndex=4546, commits[8cac6937-780c-4459-964a-dea4dcd51fd7:c4547, 9ed8676d-9460-465d-9905-fd43a52295f6:c4545, da64134c-6992-4903-9407-7df321e464db:c4545]
2019-07-09 09:59:33,716 INFO  client.GrpcClientProtocolClient (GrpcClientProtocolClient.java:onNext(255)) - client-CECA27ED65B5->8cac6937-780c-4459-964a-dea4dcd51fd7: receive RaftClientReply:client-CECA27ED65B5->8cac6937-780c-4459-964a-dea4dcd51fd7@group-D84C501198B9, cid=3051, SUCCESS, logIndex=4547, commits[8cac6937-780c-4459-964a-dea4dcd51fd7:c4547, 9ed8676d-9460-465d-9905-fd43a52295f6:c4545, da64134c-6992-4903-9407-7df321e464db:c4545]
2019-07-09 09:59:33,742 INFO  client.GrpcClientProtocolClient (GrpcClientProtocolClient.java:onNext(255)) - client-CECA27ED65B5->8cac6937-780c-4459-964a-dea4dcd51fd7: receive RaftClientReply:client-CECA27ED65B5->8cac6937-780c-4459-964a-dea4dcd51fd7@group-D84C501198B9, cid=3052, SUCCESS, logIndex=4550, commits[8cac6937-780c-4459-964a-dea4dcd51fd7:c4551, 9ed8676d-9460-465d-9905-fd43a52295f6:c4547, da64134c-6992-4903-9407-7df321e464db:c4547]
2019-07-09 09:59:33,742 INFO  client.GrpcClientProtocolClient (GrpcClientProtocolClient.java:onNext(255)) - client-CECA27ED65B5->8cac6937-780c-4459-964a-dea4dcd51fd7: receive RaftClientReply:client-CECA27ED65B5->8cac6937-780c-4459-964a-dea4dcd51fd7@group-D84C501198B9, cid=3053, SUCCESS, logIndex=4551, commits[8cac6937-780c-4459-964a-dea4dcd51fd7:c4551, 9ed8676d-9460-465d-9905-fd43a52295f6:c4547, da64134c-6992-4903-9407-7df321e464db:c4547]
2019-07-09 09:59:33,754 INFO  client.GrpcClientProtocolClient (GrpcClientProtocolClient.java:onNext(255)) - client-CECA27ED65B5->8cac6937-780c-4459-964a-dea4dcd51fd7: receive RaftClientReply:client-CECA27ED65B5->8cac6937-780c-4459-964a-dea4dcd51fd7@group-D84C501198B9, cid=3054, SUCCESS, logIndex=0, commits[8cac6937-780c-4459-964a-dea4dcd51fd7:c4552, 9ed8676d-9460-465d-9905-fd43a52295f6:c4551, da64134c-6992-4903-9407-7df321e464db:c4551]
2019-07-09 09:59:33,786 INFO  client.GrpcClientProtocolClient (GrpcClientProtocolClient.java:onNext(255)) - client-CECA27ED65B5->8cac6937-780c-4459-964a-dea4dcd51fd7: receive RaftClientReply:client-CECA27ED65B5->8cac6937-780c-4459-964a-dea4dcd51fd7@group-D84C501198B9, cid=3055, SUCCESS, logIndex=4554, commits[8cac6937-780c-4459-964a-dea4dcd51fd7:c4554, 9ed8676d-9460-465d-9905-fd43a52295f6:c4553, da64134c-6992-4903-9407-7df321e464db:c4553]
2019-07-09 09:59:33,787 INFO  client.GrpcClientProtocolClient (GrpcClientProtocolClient.java:onNext(255)) - client-CECA27ED65B5->8cac6937-780c-4459-964a-dea4dcd51fd7: receive RaftClientReply:client-CECA27ED65B5->8cac6937-780c-4459-964a-dea4dcd51fd7@group-D84C501198B9, cid=3056, SUCCESS, logIndex=4555, commits[8cac6937-780c-4459-964a-dea4dcd51fd7:c4555, 9ed8676d-9460-465d-9905-fd43a52295f6:c4553, da64134c-6992-4903-9407-7df321e464db:c4553]
2019-07-09 09:59:33,787 INFO  client.GrpcClientProtocolClient (GrpcClientProtocolClient.java:onNext(255)) - client-CECA27ED65B5->8cac6937-780c-4459-964a-dea4dcd51fd7: receive RaftClientReply:client-CECA27ED65B5->8cac6937-780c-4459-964a-dea4dcd51fd7@group-D84C501198B9, cid=3057, SUCCESS, logIndex=4556, commits[8cac6937-780c-4459-964a-dea4dcd51fd7:c4557, 9ed8676d-9460-465d-9905-fd43a52295f6:c4553, da64134c-6992-4903-9407-7df321e464db:c4553]
2019-07-09 09:59:33,787 INFO  client.GrpcClientProtocolClient (GrpcClientProtocolClient.java:onNext(255)) - client-CECA27ED65B5->8cac6937-780c-4459-964a-dea4dcd51fd7: receive RaftClientReply:client-CECA27ED65B5->8cac6937-780c-4459-964a-dea4dcd51fd7@group-D84C501198B9, cid=3058, SUCCESS, logIndex=4557, commits[8cac6937-780c-4459-964a-dea4dcd51fd7:c4557, 9ed8676d-9460-465d-9905-fd43a52295f6:c4553, da64134c-6992-4903-9407-7df321e464db:c4553]
2019-07-09 09:59:33,801 INFO  client.GrpcClientProtocolClient (GrpcClientProtocolClient.java:onNext(255)) - client-CECA27ED65B5->8cac6937-780c-4459-964a-dea4dcd51fd7: receive RaftClientReply:client-CECA27ED65B5->8cac6937-780c-4459-964a-dea4dcd51fd7@group-D84C501198B9, cid=3059, SUCCESS, logIndex=0, commits[8cac6937-780c-4459-964a-dea4dcd51fd7:c4559, 9ed8676d-9460-465d-9905-fd43a52295f6:c4555, da64134c-6992-4903-9407-7df321e464db:c4555]
2019-07-09 09:59:33,822 INFO  client.GrpcClientProtocolClient (GrpcClientProtocolClient.java:onNext(255)) - client-CECA27ED65B5->8cac6937-780c-4459-964a-dea4dcd51fd7: receive RaftClientReply:client-CECA27ED65B5->8cac6937-780c-4459-964a-dea4dcd51fd7@group-D84C501198B9, cid=3060, SUCCESS, logIndex=4561, commits[8cac6937-780c-4459-964a-dea4dcd51fd7:c4562, 9ed8676d-9460-465d-9905-fd43a52295f6:c4560, da64134c-6992-4903-9407-7df321e464db:c4560]
2019-07-09 09:59:33,822 INFO  client.GrpcClientProtocolClient (GrpcClientProtocolClient.java:onNext(255)) - client-CECA27ED65B5->8cac6937-780c-4459-964a-dea4dcd51fd7: receive RaftClientReply:client-CECA27ED65B5->8cac6937-780c-4459-964a-dea4dcd51fd7@group-D84C501198B9, cid=3061, SUCCESS, logIndex=4562, commits[8cac6937-780c-4459-964a-dea4dcd51fd7:c4562, 9ed8676d-9460-465d-9905-fd43a52295f6:c4560, da64134c-6992-4903-9407-7df321e464db:c4560]
2019-07-09 09:59:33,845 INFO  client.GrpcClientProtocolClient (GrpcClientProtocolClient.java:onNext(255)) - client-CECA27ED65B5->8cac6937-780c-4459-964a-dea4dcd51fd7: receive RaftClientReply:client-CECA27ED65B5->8cac6937-780c-4459-964a-dea4dcd51fd7@group-D84C501198B9, cid=3062, SUCCESS, logIndex=4565, commits[8cac6937-780c-4459-964a-dea4dcd51fd7:c4566, 9ed8676d-9460-465d-9905-fd43a52295f6:c4562, da64134c-6992-4903-9407-7df321e464db:c4562]
2019-07-09 09:59:33,846 INFO  client.GrpcClientProtocolClient (GrpcClientProtocolClient.java:onNext(255)) - client-CECA27ED65B5->8cac6937-780c-4459-964a-dea4dcd51fd7: receive RaftClientReply:client-CECA27ED65B5->8cac6937-780c-4459-964a-dea4dcd51fd7@group-D84C501198B9, cid=3063, SUCCESS, logIndex=4566, commits[8cac6937-780c-4459-964a-dea4dcd51fd7:c4566, 9ed8676d-9460-465d-9905-fd43a52295f6:c4562, da64134c-6992-4903-9407-7df321e464db:c4562]
2019-07-09 09:59:33,860 INFO  client.GrpcClientProtocolClient (GrpcClientProtocolClient.java:onNext(255)) - client-CECA27ED65B5->8cac6937-780c-4459-964a-dea4dcd51fd7: receive RaftClientReply:client-CECA27ED65B5->8cac6937-780c-4459-964a-dea4dcd51fd7@group-D84C501198B9, cid=3064, SUCCESS, logIndex=0, commits[8cac6937-780c-4459-964a-dea4dcd51fd7:c4567, 9ed8676d-9460-465d-9905-fd43a52295f6:c4566, da64134c-6992-4903-9407-7df321e464db:c4566]
2019-07-09 09:59:33,895 INFO  client.GrpcClientProtocolClient (GrpcClientProtocolClient.java:onNext(255)) - client-CECA27ED65B5->8cac6937-780c-4459-964a-dea4dcd51fd7: receive RaftClientReply:client-CECA27ED65B5->8cac6937-780c-4459-964a-dea4dcd51fd7@group-D84C501198B9, cid=3065, SUCCESS, logIndex=4569, commits[8cac6937-780c-4459-964a-dea4dcd51fd7:c4570, 9ed8676d-9460-465d-9905-fd43a52295f6:c4568, da64134c-6992-4903-9407-7df321e464db:c4568]
2019-07-09 09:59:33,896 INFO  client.GrpcClientProtocolClient (GrpcClientProtocolClient.java:onNext(255)) - client-CECA27ED65B5->8cac6937-780c-4459-964a-dea4dcd51fd7: receive RaftClientReply:client-CECA27ED65B5->8cac6937-780c-4459-964a-dea4dcd51fd7@group-D84C501198B9, cid=3066, SUCCESS, logIndex=4570, commits[8cac6937-780c-4459-964a-dea4dcd51fd7:c4572, 9ed8676d-9460-465d-9905-fd43a52295f6:c4568, da64134c-6992-4903-9407-7df321e464db:c4568]
2019-07-09 09:59:33,896 INFO  client.GrpcClientProtocolClient (GrpcClientProtocolClient.java:onNext(255)) - client-CECA27ED65B5->8cac6937-780c-4459-964a-dea4dcd51fd7: receive RaftClientReply:client-CECA27ED65B5->8cac6937-780c-4459-964a-dea4dcd51fd7@group-D84C501198B9, cid=3067, SUCCESS, logIndex=4571, commits[8cac6937-780c-4459-964a-dea4dcd51fd7:c4572, 9ed8676d-9460-465d-9905-fd43a52295f6:c4568, da64134c-6992-4903-9407-7df321e464db:c4568]
2019-07-09 09:59:33,896 INFO  client.GrpcClientProtocolClient (GrpcClientProtocolClient.java:onNext(255)) - client-CECA27ED65B5->8cac6937-780c-4459-964a-dea4dcd51fd7: receive RaftClientReply:client-CECA27ED65B5->8cac6937-780c-4459-964a-dea4dcd51fd7@group-D84C501198B9, cid=3068, SUCCESS, logIndex=4572, commits[8cac6937-780c-4459-964a-dea4dcd51fd7:c4572, 9ed8676d-9460-465d-9905-fd43a52295f6:c4568, da64134c-6992-4903-9407-7df321e464db:c4568]
2019-07-09 09:59:33,901 INFO  client.GrpcClientProtocolClient (GrpcClientProtocolClient.java:onNext(255)) - client-CECA27ED65B5->8cac6937-780c-4459-964a-dea4dcd51fd7: receive RaftClientReply:client-CECA27ED65B5->8cac6937-780c-4459-964a-dea4dcd51fd7@group-D84C501198B9, cid=3069, SUCCESS, logIndex=0, commits[8cac6937-780c-4459-964a-dea4dcd51fd7:c4575, 9ed8676d-9460-465d-9905-fd43a52295f6:c4570, da64134c-6992-4903-9407-7df321e464db:c4572]
2019-07-09 09:59:33,938 INFO  client.GrpcClientProtocolClient (GrpcClientProtocolClient.java:onNext(255)) - client-CECA27ED65B5->8cac6937-780c-4459-964a-dea4dcd51fd7: receive RaftClientReply:client-CECA27ED65B5->8cac6937-780c-4459-964a-dea4dcd51fd7@group-D84C501198B9, cid=3070, SUCCESS, logIndex=4576, commits[8cac6937-780c-4459-964a-dea4dcd51fd7:c4577, 9ed8676d-9460-465d-9905-fd43a52295f6:c4575, da64134c-6992-4903-9407-7df321e464db:c4575]
2019-07-09 09:59:33,939 INFO  client.GrpcClientProtocolClient (GrpcClientProtocolClient.java:onNext(255)) - client-CECA27ED65B5->8cac6937-780c-4459-964a-dea4dcd51fd7: receive RaftClientReply:client-CECA27ED65B5->8cac6937-780c-4459-964a-dea4dcd51fd7@group-D84C501198B9, cid=3071, SUCCESS, logIndex=4577, commits[8cac6937-780c-4459-964a-dea4dcd51fd7:c4577, 9ed8676d-9460-465d-9905-fd43a52295f6:c4575, da64134c-6992-4903-9407-7df321e464db:c4575]
2019-07-09 09:59:33,952 INFO  client.GrpcClientProtocolClient (GrpcClientProtocolClient.java:onNext(255)) - client-CECA27ED65B5->8cac6937-780c-4459-964a-dea4dcd51fd7: receive RaftClientReply:client-CECA27ED65B5->8cac6937-780c-4459-964a-dea4dcd51fd7@group-D84C501198B9, cid=3072, SUCCESS, logIndex=4580, commits[8cac6937-780c-4459-964a-dea4dcd51fd7:c4581, 9ed8676d-9460-465d-9905-fd43a52295f6:c4577, da64134c-6992-4903-9407-7df321e464db:c4579]
2019-07-09 09:59:33,953 INFO  client.GrpcClientProtocolClient (GrpcClientProtocolClient.java:onNext(255)) - client-CECA27ED65B5->8cac6937-780c-4459-964a-dea4dcd51fd7: receive RaftClientReply:client-CECA27ED65B5->8cac6937-780c-4459-964a-dea4dcd51fd7@group-D84C501198B9, cid=3073, SUCCESS, logIndex=4581, commits[8cac6937-780c-4459-964a-dea4dcd51fd7:c4581, 9ed8676d-9460-465d-9905-fd43a52295f6:c4579, da64134c-6992-4903-9407-7df321e464db:c4579]
2019-07-09 09:59:33,965 INFO  client.GrpcClientProtocolClient (GrpcClientProtocolClient.java:onNext(255)) - client-CECA27ED65B5->8cac6937-780c-4459-964a-dea4dcd51fd7: receive RaftClientReply:client-CECA27ED65B5->8cac6937-780c-4459-964a-dea4dcd51fd7@group-D84C501198B9, cid=3074, SUCCESS, logIndex=0, commits[8cac6937-780c-4459-964a-dea4dcd51fd7:c4582, 9ed8676d-9460-465d-9905-fd43a52295f6:c4581, da64134c-6992-4903-9407-7df321e464db:c4581]
2019-07-09 09:59:33,998 INFO  client.GrpcClientProtocolClient (GrpcClientProtocolClient.java:onNext(255)) - client-CECA27ED65B5->8cac6937-780c-4459-964a-dea4dcd51fd7: receive RaftClientReply:client-CECA27ED65B5->8cac6937-780c-4459-964a-dea4dcd51fd7@group-D84C501198B9, cid=3075, SUCCESS, logIndex=4584, commits[8cac6937-780c-4459-964a-dea4dcd51fd7:c4584, 9ed8676d-9460-465d-9905-fd43a52295f6:c4583, da64134c-6992-4903-9407-7df321e464db:c4583]
2019-07-09 09:59:33,999 INFO  client.GrpcClientProtocolClient (GrpcClientProtocolClient.java:onNext(255)) - client-CECA27ED65B5->8cac6937-780c-4459-964a-dea4dcd51fd7: receive RaftClientReply:client-CECA27ED65B5->8cac6937-780c-4459-964a-dea4dcd51fd7@group-D84C501198B9, cid=3076, SUCCESS, logIndex=4585, commits[8cac6937-780c-4459-964a-dea4dcd51fd7:c4585, 9ed8676d-9460-465d-9905-fd43a52295f6:c4583, da64134c-6992-4903-9407-7df321e464db:c4583]
2019-07-09 09:59:34,000 INFO  client.GrpcClientProtocolClient (GrpcClientProtocolClient.java:onNext(255)) - client-CECA27ED65B5->8cac6937-780c-4459-964a-dea4dcd51fd7: receive RaftClientReply:client-CECA27ED65B5->8cac6937-780c-4459-964a-dea4dcd51fd7@group-D84C501198B9, cid=3077, SUCCESS, logIndex=4586, commits[8cac6937-780c-4459-964a-dea4dcd51fd7:c4586, 9ed8676d-9460-465d-9905-fd43a52295f6:c4583, da64134c-6992-4903-9407-7df321e464db:c4583]
2019-07-09 09:59:34,000 INFO  client.GrpcClientProtocolClient (GrpcClientProtocolClient.java:onNext(255)) - client-CECA27ED65B5->8cac6937-780c-4459-964a-dea4dcd51fd7: receive RaftClientReply:client-CECA27ED65B5->8cac6937-780c-4459-964a-dea4dcd51fd7@group-D84C501198B9, cid=3078, SUCCESS, logIndex=4587, commits[8cac6937-780c-4459-964a-dea4dcd51fd7:c4587, 9ed8676d-9460-465d-9905-fd43a52295f6:c4583, da64134c-6992-4903-9407-7df321e464db:c4583]
2019-07-09 09:59:34,001 INFO  client.GrpcClientProtocolClient (GrpcClientProtocolClient.java:onNext(255)) - client-CECA27ED65B5->8cac6937-780c-4459-964a-dea4dcd51fd7: receive RaftClientReply:client-CECA27ED65B5->8cac6937-780c-4459-964a-dea4dcd51fd7@group-D84C501198B9, cid=3079, SUCCESS, logIndex=0, commits[8cac6937-780c-4459-964a-dea4dcd51fd7:c4589, 9ed8676d-9460-465d-9905-fd43a52295f6:c4585, da64134c-6992-4903-9407-7df321e464db:c4585]
2019-07-09 09:59:34,015 INFO  client.GrpcClientProtocolClient (GrpcClientProtocolClient.java:onNext(255)) - client-CECA27ED65B5->8cac6937-780c-4459-964a-dea4dcd51fd7: receive RaftClientReply:client-CECA27ED65B5->8cac6937-780c-4459-964a-dea4dcd51fd7@group-D84C501198B9, cid=3080, SUCCESS, logIndex=4592, commits[8cac6937-780c-4459-964a-dea4dcd51fd7:c4593, 9ed8676d-9460-465d-9905-fd43a52295f6:c4587, da64134c-6992-4903-9407-7df321e464db:c4591]
2019-07-09 09:59:34,015 INFO  client.GrpcClientProtocolClient (GrpcClientProtocolClient.java:onNext(255)) - client-CECA27ED65B5->8cac6937-780c-4459-964a-dea4dcd51fd7: receive RaftClientReply:client-CECA27ED65B5->8cac6937-780c-4459-964a-dea4dcd51fd7@group-D84C501198B9, cid=3081, SUCCESS, logIndex=4593, commits[8cac6937-780c-4459-964a-dea4dcd51fd7:c4593, 9ed8676d-9460-465d-9905-fd43a52295f6:c4591, da64134c-6992-4903-9407-7df321e464db:c4591]
2019-07-09 09:59:34,036 INFO  client.GrpcClientProtocolClient (GrpcClientProtocolClient.java:onNext(255)) - client-CECA27ED65B5->8cac6937-780c-4459-964a-dea4dcd51fd7: receive RaftClientReply:client-CECA27ED65B5->8cac6937-780c-4459-964a-dea4dcd51fd7@group-D84C501198B9, cid=3082, SUCCESS, logIndex=4596, commits[8cac6937-780c-4459-964a-dea4dcd51fd7:c4597, 9ed8676d-9460-465d-9905-fd43a52295f6:c4595, da64134c-6992-4903-9407-7df321e464db:c4595]
2019-07-09 09:59:34,036 INFO  client.GrpcClientProtocolClient (GrpcClientProtocolClient.java:onNext(255)) - client-CECA27ED65B5->8cac6937-780c-4459-964a-dea4dcd51fd7: receive RaftClientReply:client-CECA27ED65B5->8cac6937-780c-4459-964a-dea4dcd51fd7@group-D84C501198B9, cid=3083, SUCCESS, logIndex=4597, commits[8cac6937-780c-4459-964a-dea4dcd51fd7:c4597, 9ed8676d-9460-465d-9905-fd43a52295f6:c4595, da64134c-6992-4903-9407-7df321e464db:c4595]
2019-07-09 09:59:34,049 INFO  client.GrpcClientProtocolClient (GrpcClientProtocolClient.java:onNext(255)) - client-CECA27ED65B5->8cac6937-780c-4459-964a-dea4dcd51fd7: receive RaftClientReply:client-CECA27ED65B5->8cac6937-780c-4459-964a-dea4dcd51fd7@group-D84C501198B9, cid=3084, SUCCESS, logIndex=0, commits[8cac6937-780c-4459-964a-dea4dcd51fd7:c4599, 9ed8676d-9460-465d-9905-fd43a52295f6:c4597, da64134c-6992-4903-9407-7df321e464db:c4597]
2019-07-09 09:59:34,079 INFO  client.GrpcClientProtocolClient (GrpcClientProtocolClient.java:onNext(255)) - client-CECA27ED65B5->8cac6937-780c-4459-964a-dea4dcd51fd7: receive RaftClientReply:client-CECA27ED65B5->8cac6937-780c-4459-964a-dea4dcd51fd7@group-D84C501198B9, cid=3085, SUCCESS, logIndex=4600, commits[8cac6937-780c-4459-964a-dea4dcd51fd7:c4601, 9ed8676d-9460-465d-9905-fd43a52295f6:c4599, da64134c-6992-4903-9407-7df321e464db:c4599]
2019-07-09 09:59:34,079 INFO  client.GrpcClientProtocolClient (GrpcClientProtocolClient.java:onNext(255)) - client-CECA27ED65B5->8cac6937-780c-4459-964a-dea4dcd51fd7: receive RaftClientReply:client-CECA27ED65B5->8cac6937-780c-4459-964a-dea4dcd51fd7@group-D84C501198B9, cid=3086, SUCCESS, logIndex=4601, commits[8cac6937-780c-4459-964a-dea4dcd51fd7:c4603, 9ed8676d-9460-465d-9905-fd43a52295f6:c4599, da64134c-6992-4903-9407-7df321e464db:c4599]
2019-07-09 09:59:34,080 INFO  client.GrpcClientProtocolClient (GrpcClientProtocolClient.java:onNext(255)) - client-CECA27ED65B5->8cac6937-780c-4459-964a-dea4dcd51fd7: receive RaftClientReply:client-CECA27ED65B5->8cac6937-780c-4459-964a-dea4dcd51fd7@group-D84C501198B9, cid=3087, SUCCESS, logIndex=4602, commits[8cac6937-780c-4459-964a-dea4dcd51fd7:c4603, 9ed8676d-9460-465d-9905-fd43a52295f6:c4599, da64134c-6992-4903-9407-7df321e464db:c4599]
2019-07-09 09:59:34,080 INFO  client.GrpcClientProtocolClient (GrpcClientProtocolClient.java:onNext(255)) - client-CECA27ED65B5->8cac6937-780c-4459-964a-dea4dcd51fd7: receive RaftClientReply:client-CECA27ED65B5->8cac6937-780c-4459-964a-dea4dcd51fd7@group-D84C501198B9, cid=3088, SUCCESS, logIndex=4603, commits[8cac6937-780c-4459-964a-dea4dcd51fd7:c4603, 9ed8676d-9460-465d-9905-fd43a52295f6:c4599, da64134c-6992-4903-9407-7df321e464db:c4599]
2019-07-09 09:59:34,093 INFO  client.GrpcClientProtocolClient (GrpcClientProtocolClient.java:onNext(255)) - client-CECA27ED65B5->8cac6937-780c-4459-964a-dea4dcd51fd7: receive RaftClientReply:client-CECA27ED65B5->8cac6937-780c-4459-964a-dea4dcd51fd7@group-D84C501198B9, cid=3089, SUCCESS, logIndex=0, commits[8cac6937-780c-4459-964a-dea4dcd51fd7:c4606, 9ed8676d-9460-465d-9905-fd43a52295f6:c4603, da64134c-6992-4903-9407-7df321e464db:c4601]
2019-07-09 09:59:34,112 INFO  client.GrpcClientProtocolClient (GrpcClientProtocolClient.java:onNext(255)) - client-CECA27ED65B5->8cac6937-780c-4459-964a-dea4dcd51fd7: receive RaftClientReply:client-CECA27ED65B5->8cac6937-780c-4459-964a-dea4dcd51fd7@group-D84C501198B9, cid=3090, SUCCESS, logIndex=4607, commits[8cac6937-780c-4459-964a-dea4dcd51fd7:c4608, 9ed8676d-9460-465d-9905-fd43a52295f6:c4606, da64134c-6992-4903-9407-7df321e464db:c4606]
2019-07-09 09:59:34,112 INFO  client.GrpcClientProtocolClient (GrpcClientProtocolClient.java:onNext(255)) - client-CECA27ED65B5->8cac6937-780c-4459-964a-dea4dcd51fd7: receive RaftClientReply:client-CECA27ED65B5->8cac6937-780c-4459-964a-dea4dcd51fd7@group-D84C501198B9, cid=3091, SUCCESS, logIndex=4608, commits[8cac6937-780c-4459-964a-dea4dcd51fd7:c4608, 9ed8676d-9460-465d-9905-fd43a52295f6:c4606, da64134c-6992-4903-9407-7df321e464db:c4606]
2019-07-09 09:59:34,126 INFO  client.GrpcClientProtocolClient (GrpcClientProtocolClient.java:onNext(255)) - client-CECA27ED65B5->8cac6937-780c-4459-964a-dea4dcd51fd7: receive RaftClientReply:client-CECA27ED65B5->8cac6937-780c-4459-964a-dea4dcd51fd7@group-D84C501198B9, cid=3092, SUCCESS, logIndex=4611, commits[8cac6937-780c-4459-964a-dea4dcd51fd7:c4611, 9ed8676d-9460-465d-9905-fd43a52295f6:c4608, da64134c-6992-4903-9407-7df321e464db:c4608]
2019-07-09 09:59:34,127 INFO  client.GrpcClientProtocolClient (GrpcClientProtocolClient.java:onNext(255)) - client-CECA27ED65B5->8cac6937-780c-4459-964a-dea4dcd51fd7: receive RaftClientReply:client-CECA27ED65B5->8cac6937-780c-4459-964a-dea4dcd51fd7@group-D84C501198B9, cid=3093, SUCCESS, logIndex=4612, commits[8cac6937-780c-4459-964a-dea4dcd51fd7:c4612, 9ed8676d-9460-465d-9905-fd43a52295f6:c4608, da64134c-6992-4903-9407-7df321e464db:c4608]
2019-07-09 09:59:34,151 INFO  client.GrpcClientProtocolClient (GrpcClientProtocolClient.java:onNext(255)) - client-CECA27ED65B5->8cac6937-780c-4459-964a-dea4dcd51fd7: receive RaftClientReply:client-CECA27ED65B5->8cac6937-780c-4459-964a-dea4dcd51fd7@group-D84C501198B9, cid=3094, SUCCESS, logIndex=0, commits[8cac6937-780c-4459-964a-dea4dcd51fd7:c4614, 9ed8676d-9460-465d-9905-fd43a52295f6:c4612, da64134c-6992-4903-9407-7df321e464db:c4612]
2019-07-09 09:59:34,186 INFO  client.GrpcClientProtocolClient (GrpcClientProtocolClient.java:onNext(255)) - client-CECA27ED65B5->8cac6937-780c-4459-964a-dea4dcd51fd7: receive RaftClientReply:client-CECA27ED65B5->8cac6937-780c-4459-964a-dea4dcd51fd7@group-D84C501198B9, cid=3095, SUCCESS, logIndex=4615, commits[8cac6937-780c-4459-964a-dea4dcd51fd7:c4616, 9ed8676d-9460-465d-9905-fd43a52295f6:c4614, da64134c-6992-4903-9407-7df321e464db:c4614]
2019-07-09 09:59:34,186 INFO  client.GrpcClientProtocolClient (GrpcClientProtocolClient.java:onNext(255)) - client-CECA27ED65B5->8cac6937-780c-4459-964a-dea4dcd51fd7: receive RaftClientReply:client-CECA27ED65B5->8cac6937-780c-4459-964a-dea4dcd51fd7@group-D84C501198B9, cid=3096, SUCCESS, logIndex=4616, commits[8cac6937-780c-4459-964a-dea4dcd51fd7:c4616, 9ed8676d-9460-465d-9905-fd43a52295f6:c4614, da64134c-6992-4903-9407-7df321e464db:c4614]
2019-07-09 09:59:34,187 INFO  client.GrpcClientProtocolClient (GrpcClientProtocolClient.java:onNext(255)) - client-CECA27ED65B5->8cac6937-780c-4459-964a-dea4dcd51fd7: receive RaftClientReply:client-CECA27ED65B5->8cac6937-780c-4459-964a-dea4dcd51fd7@group-D84C501198B9, cid=3097, SUCCESS, logIndex=4617, commits[8cac6937-780c-4459-964a-dea4dcd51fd7:c4618, 9ed8676d-9460-465d-9905-fd43a52295f6:c4614, da64134c-6992-4903-9407-7df321e464db:c4614]
2019-07-09 09:59:34,187 INFO  client.GrpcClientProtocolClient (GrpcClientProtocolClient.java:onNext(255)) - client-CECA27ED65B5->8cac6937-780c-4459-964a-dea4dcd51fd7: receive RaftClientReply:client-CECA27ED65B5->8cac6937-780c-4459-964a-dea4dcd51fd7@group-D84C501198B9, cid=3098, SUCCESS, logIndex=4618, commits[8cac6937-780c-4459-964a-dea4dcd51fd7:c4618, 9ed8676d-9460-465d-9905-fd43a52295f6:c4614, da64134c-6992-4903-9407-7df321e464db:c4614]
2019-07-09 09:59:34,189 INFO  client.GrpcClientProtocolClient (GrpcClientProtocolClient.java:onNext(255)) - client-CECA27ED65B5->8cac6937-780c-4459-964a-dea4dcd51fd7: receive RaftClientReply:client-CECA27ED65B5->8cac6937-780c-4459-964a-dea4dcd51fd7@group-D84C501198B9, cid=3099, SUCCESS, logIndex=0, commits[8cac6937-780c-4459-964a-dea4dcd51fd7:c4622, 9ed8676d-9460-465d-9905-fd43a52295f6:c4618, da64134c-6992-4903-9407-7df321e464db:c4616]
2019-07-09 09:59:34,209 INFO  client.GrpcClientProtocolClient (GrpcClientProtocolClient.java:onNext(255)) - client-CECA27ED65B5->8cac6937-780c-4459-964a-dea4dcd51fd7: receive RaftClientReply:client-CECA27ED65B5->8cac6937-780c-4459-964a-dea4dcd51fd7@group-D84C501198B9, cid=3100, SUCCESS, logIndex=4623, commits[8cac6937-780c-4459-964a-dea4dcd51fd7:c4624, 9ed8676d-9460-465d-9905-fd43a52295f6:c4622, da64134c-6992-4903-9407-7df321e464db:c4622]
2019-07-09 09:59:34,209 INFO  client.GrpcClientProtocolClient (GrpcClientProtocolClient.java:onNext(255)) - client-CECA27ED65B5->8cac6937-780c-4459-964a-dea4dcd51fd7: receive RaftClientReply:client-CECA27ED65B5->8cac6937-780c-4459-964a-dea4dcd51fd7@group-D84C501198B9, cid=3101, SUCCESS, logIndex=4624, commits[8cac6937-780c-4459-964a-dea4dcd51fd7:c4624, 9ed8676d-9460-465d-9905-fd43a52295f6:c4622, da64134c-6992-4903-9407-7df321e464db:c4622]
2019-07-09 09:59:34,222 INFO  client.GrpcClientProtocolClient (GrpcClientProtocolClient.java:onNext(255)) - client-CECA27ED65B5->8cac6937-780c-4459-964a-dea4dcd51fd7: receive RaftClientReply:client-CECA27ED65B5->8cac6937-780c-4459-964a-dea4dcd51fd7@group-D84C501198B9, cid=3102, SUCCESS, logIndex=4627, commits[8cac6937-780c-4459-964a-dea4dcd51fd7:c4627, 9ed8676d-9460-465d-9905-fd43a52295f6:c4624, da64134c-6992-4903-9407-7df321e464db:c4624]
2019-07-09 09:59:34,222 INFO  client.GrpcClientProtocolClient (GrpcClientProtocolClient.java:onNext(255)) - client-CECA27ED65B5->8cac6937-780c-4459-964a-dea4dcd51fd7: receive RaftClientReply:client-CECA27ED65B5->8cac6937-780c-4459-964a-dea4dcd51fd7@group-D84C501198B9, cid=3103, SUCCESS, logIndex=4628, commits[8cac6937-780c-4459-964a-dea4dcd51fd7:c4628, 9ed8676d-9460-465d-9905-fd43a52295f6:c4624, da64134c-6992-4903-9407-7df321e464db:c4624]
2019-07-09 09:59:34,248 INFO  client.GrpcClientProtocolClient (GrpcClientProtocolClient.java:onNext(255)) - client-CECA27ED65B5->8cac6937-780c-4459-964a-dea4dcd51fd7: receive RaftClientReply:client-CECA27ED65B5->8cac6937-780c-4459-964a-dea4dcd51fd7@group-D84C501198B9, cid=3104, SUCCESS, logIndex=0, commits[8cac6937-780c-4459-964a-dea4dcd51fd7:c4630, 9ed8676d-9460-465d-9905-fd43a52295f6:c4628, da64134c-6992-4903-9407-7df321e464db:c4628]
 0.00% |█                                                                                                    |  0/1 Time: 0:00:262019-07-09 09:59:34,399 INFO  client.GrpcClientProtocolClient (GrpcClientProtocolClient.java:onNext(255)) - client-CECA27ED65B5->8cac6937-780c-4459-964a-dea4dcd51fd7: receive RaftClientReply:client-CECA27ED65B5->8cac6937-780c-4459-964a-dea4dcd51fd7@group-D84C501198B9, cid=3105, SUCCESS, logIndex=4631, commits[8cac6937-780c-4459-964a-dea4dcd51fd7:c4631, 9ed8676d-9460-465d-9905-fd43a52295f6:c4630, da64134c-6992-4903-9407-7df321e464db:c4630]
2019-07-09 09:59:34,400 INFO  client.GrpcClientProtocolClient (GrpcClientProtocolClient.java:onNext(255)) - client-CECA27ED65B5->8cac6937-780c-4459-964a-dea4dcd51fd7: receive RaftClientReply:client-CECA27ED65B5->8cac6937-780c-4459-964a-dea4dcd51fd7@group-D84C501198B9, cid=3106, SUCCESS, logIndex=4632, commits[8cac6937-780c-4459-964a-dea4dcd51fd7:c4634, 9ed8676d-9460-465d-9905-fd43a52295f6:c4630, da64134c-6992-4903-9407-7df321e464db:c4630]
2019-07-09 09:59:34,400 INFO  client.GrpcClientProtocolClient (GrpcClientProtocolClient.java:onNext(255)) - client-CECA27ED65B5->8cac6937-780c-4459-964a-dea4dcd51fd7: receive RaftClientReply:client-CECA27ED65B5->8cac6937-780c-4459-964a-dea4dcd51fd7@group-D84C501198B9, cid=3107, SUCCESS, logIndex=4633, commits[8cac6937-780c-4459-964a-dea4dcd51fd7:c4634, 9ed8676d-9460-465d-9905-fd43a52295f6:c4630, da64134c-6992-4903-9407-7df321e464db:c4630]
2019-07-09 09:59:34,401 INFO  client.GrpcClientProtocolClient (GrpcClientProtocolClient.java:onNext(255)) - client-CECA27ED65B5->8cac6937-780c-4459-964a-dea4dcd51fd7: receive RaftClientReply:client-CECA27ED65B5->8cac6937-780c-4459-964a-dea4dcd51fd7@group-D84C501198B9, cid=3108, SUCCESS, logIndex=4634, commits[8cac6937-780c-4459-964a-dea4dcd51fd7:c4634, 9ed8676d-9460-465d-9905-fd43a52295f6:c4630, da64134c-6992-4903-9407-7df321e464db:c4630]
2019-07-09 09:59:34,413 INFO  client.GrpcClientProtocolClient (GrpcClientProtocolClient.java:onNext(255)) - client-CECA27ED65B5->8cac6937-780c-4459-964a-dea4dcd51fd7: receive RaftClientReply:client-CECA27ED65B5->8cac6937-780c-4459-964a-dea4dcd51fd7@group-D84C501198B9, cid=3109, SUCCESS, logIndex=0, commits[8cac6937-780c-4459-964a-dea4dcd51fd7:c4637, 9ed8676d-9460-465d-9905-fd43a52295f6:c4634, da64134c-6992-4903-9407-7df321e464db:c4634]
2019-07-09 09:59:34,436 INFO  client.GrpcClientProtocolClient (GrpcClientProtocolClient.java:onNext(255)) - client-CECA27ED65B5->8cac6937-780c-4459-964a-dea4dcd51fd7: receive RaftClientReply:client-CECA27ED65B5->8cac6937-780c-4459-964a-dea4dcd51fd7@group-D84C501198B9, cid=3110, SUCCESS, logIndex=4638, commits[8cac6937-780c-4459-964a-dea4dcd51fd7:c4639, 9ed8676d-9460-465d-9905-fd43a52295f6:c4637, da64134c-6992-4903-9407-7df321e464db:c4637]
2019-07-09 09:59:34,437 INFO  client.GrpcClientProtocolClient (GrpcClientProtocolClient.java:onNext(255)) - client-CECA27ED65B5->8cac6937-780c-4459-964a-dea4dcd51fd7: receive RaftClientReply:client-CECA27ED65B5->8cac6937-780c-4459-964a-dea4dcd51fd7@group-D84C501198B9, cid=3111, SUCCESS, logIndex=4639, commits[8cac6937-780c-4459-964a-dea4dcd51fd7:c4639, 9ed8676d-9460-465d-9905-fd43a52295f6:c4637, da64134c-6992-4903-9407-7df321e464db:c4637]
2019-07-09 09:59:34,458 INFO  client.GrpcClientProtocolClient (GrpcClientProtocolClient.java:onNext(255)) - client-CECA27ED65B5->8cac6937-780c-4459-964a-dea4dcd51fd7: receive RaftClientReply:client-CECA27ED65B5->8cac6937-780c-4459-964a-dea4dcd51fd7@group-D84C501198B9, cid=3112, SUCCESS, logIndex=4642, commits[8cac6937-780c-4459-964a-dea4dcd51fd7:c4643, 9ed8676d-9460-465d-9905-fd43a52295f6:c4641, da64134c-6992-4903-9407-7df321e464db:c4639]
2019-07-09 09:59:34,458 INFO  client.GrpcClientProtocolClient (GrpcClientProtocolClient.java:onNext(255)) - client-CECA27ED65B5->8cac6937-780c-4459-964a-dea4dcd51fd7: receive RaftClientReply:client-CECA27ED65B5->8cac6937-780c-4459-964a-dea4dcd51fd7@group-D84C501198B9, cid=3113, SUCCESS, logIndex=4643, commits[8cac6937-780c-4459-964a-dea4dcd51fd7:c4643, 9ed8676d-9460-465d-9905-fd43a52295f6:c4641, da64134c-6992-4903-9407-7df321e464db:c4641]
2019-07-09 09:59:34,473 INFO  client.GrpcClientProtocolClient (GrpcClientProtocolClient.java:onNext(255)) - client-CECA27ED65B5->8cac6937-780c-4459-964a-dea4dcd51fd7: receive RaftClientReply:client-CECA27ED65B5->8cac6937-780c-4459-964a-dea4dcd51fd7@group-D84C501198B9, cid=3114, SUCCESS, logIndex=0, commits[8cac6937-780c-4459-964a-dea4dcd51fd7:c4645, 9ed8676d-9460-465d-9905-fd43a52295f6:c4643, da64134c-6992-4903-9407-7df321e464db:c4643]
2019-07-09 09:59:34,531 INFO  client.GrpcClientProtocolClient (GrpcClientProtocolClient.java:onNext(255)) - client-CECA27ED65B5->8cac6937-780c-4459-964a-dea4dcd51fd7: receive RaftClientReply:client-CECA27ED65B5->8cac6937-780c-4459-964a-dea4dcd51fd7@group-D84C501198B9, cid=3115, SUCCESS, logIndex=4646, commits[8cac6937-780c-4459-964a-dea4dcd51fd7:c4647, 9ed8676d-9460-465d-9905-fd43a52295f6:c4645, da64134c-6992-4903-9407-7df321e464db:c4645]
2019-07-09 09:59:34,532 INFO  client.GrpcClientProtocolClient (GrpcClientProtocolClient.java:onNext(255)) - client-CECA27ED65B5->8cac6937-780c-4459-964a-dea4dcd51fd7: receive RaftClientReply:client-CECA27ED65B5->8cac6937-780c-4459-964a-dea4dcd51fd7@group-D84C501198B9, cid=3116, SUCCESS, logIndex=4647, commits[8cac6937-780c-4459-964a-dea4dcd51fd7:c4649, 9ed8676d-9460-465d-9905-fd43a52295f6:c4645, da64134c-6992-4903-9407-7df321e464db:c4645]
2019-07-09 09:59:34,532 INFO  client.GrpcClientProtocolClient (GrpcClientProtocolClient.java:onNext(255)) - client-CECA27ED65B5->8cac6937-780c-4459-964a-dea4dcd51fd7: receive RaftClientReply:client-CECA27ED65B5->8cac6937-780c-4459-964a-dea4dcd51fd7@group-D84C501198B9, cid=3117, SUCCESS, logIndex=4648, commits[8cac6937-780c-4459-964a-dea4dcd51fd7:c4649, 9ed8676d-9460-465d-9905-fd43a52295f6:c4645, da64134c-6992-4903-9407-7df321e464db:c4645]
2019-07-09 09:59:34,533 INFO  client.GrpcClientProtocolClient (GrpcClientProtocolClient.java:onNext(255)) - client-CECA27ED65B5->8cac6937-780c-4459-964a-dea4dcd51fd7: receive RaftClientReply:client-CECA27ED65B5->8cac6937-780c-4459-964a-dea4dcd51fd7@group-D84C501198B9, cid=3118, SUCCESS, logIndex=4649, commits[8cac6937-780c-4459-964a-dea4dcd51fd7:c4649, 9ed8676d-9460-465d-9905-fd43a52295f6:c4645, da64134c-6992-4903-9407-7df321e464db:c4645]
2019-07-09 09:59:34,543 INFO  client.GrpcClientProtocolClient (GrpcClientProtocolClient.java:onNext(255)) - client-CECA27ED65B5->8cac6937-780c-4459-964a-dea4dcd51fd7: receive RaftClientReply:client-CECA27ED65B5->8cac6937-780c-4459-964a-dea4dcd51fd7@group-D84C501198B9, cid=3119, SUCCESS, logIndex=0, commits[8cac6937-780c-4459-964a-dea4dcd51fd7:c4650, 9ed8676d-9460-465d-9905-fd43a52295f6:c4647, da64134c-6992-4903-9407-7df321e464db:c4647]
2019-07-09 09:59:34,565 INFO  client.GrpcClientProtocolClient (GrpcClientProtocolClient.java:onNext(255)) - client-CECA27ED65B5->8cac6937-780c-4459-964a-dea4dcd51fd7: receive RaftClientReply:client-CECA27ED65B5->8cac6937-780c-4459-964a-dea4dcd51fd7@group-D84C501198B9, cid=3120, SUCCESS, logIndex=4654, commits[8cac6937-780c-4459-964a-dea4dcd51fd7:c4655, 9ed8676d-9460-465d-9905-fd43a52295f6:c4653, da64134c-6992-4903-9407-7df321e464db:c4653]
2019-07-09 09:59:34,565 INFO  client.GrpcClientProtocolClient (GrpcClientProtocolClient.java:onNext(255)) - client-CECA27ED65B5->8cac6937-780c-4459-964a-dea4dcd51fd7: receive RaftClientReply:client-CECA27ED65B5->8cac6937-780c-4459-964a-dea4dcd51fd7@group-D84C501198B9, cid=3121, SUCCESS, logIndex=4655, commits[8cac6937-780c-4459-964a-dea4dcd51fd7:c4655, 9ed8676d-9460-465d-9905-fd43a52295f6:c4653, da64134c-6992-4903-9407-7df321e464db:c4653]
2019-07-09 09:59:34,579 INFO  client.GrpcClientProtocolClient (GrpcClientProtocolClient.java:onNext(255)) - client-CECA27ED65B5->8cac6937-780c-4459-964a-dea4dcd51fd7: receive RaftClientReply:client-CECA27ED65B5->8cac6937-780c-4459-964a-dea4dcd51fd7@group-D84C501198B9, cid=3122, SUCCESS, logIndex=4658, commits[8cac6937-780c-4459-964a-dea4dcd51fd7:c4658, 9ed8676d-9460-465d-9905-fd43a52295f6:c4655, da64134c-6992-4903-9407-7df321e464db:c4655]
2019-07-09 09:59:34,580 INFO  client.GrpcClientProtocolClient (GrpcClientProtocolClient.java:onNext(255)) - client-CECA27ED65B5->8cac6937-780c-4459-964a-dea4dcd51fd7: receive RaftClientReply:client-CECA27ED65B5->8cac6937-780c-4459-964a-dea4dcd51fd7@group-D84C501198B9, cid=3123, SUCCESS, logIndex=4659, commits[8cac6937-780c-4459-964a-dea4dcd51fd7:c4659, 9ed8676d-9460-465d-9905-fd43a52295f6:c4655, da64134c-6992-4903-9407-7df321e464db:c4655]
2019-07-09 09:59:34,604 INFO  client.GrpcClientProtocolClient (GrpcClientProtocolClient.java:onNext(255)) - client-CECA27ED65B5->8cac6937-780c-4459-964a-dea4dcd51fd7: receive RaftClientReply:client-CECA27ED65B5->8cac6937-780c-4459-964a-dea4dcd51fd7@group-D84C501198B9, cid=3124, SUCCESS, logIndex=0, commits[8cac6937-780c-4459-964a-dea4dcd51fd7:c4661, 9ed8676d-9460-465d-9905-fd43a52295f6:c4659, da64134c-6992-4903-9407-7df321e464db:c4659]
2019-07-09 09:59:34,637 INFO  client.GrpcClientProtocolClient (GrpcClientProtocolClient.java:onNext(255)) - client-CECA27ED65B5->8cac6937-780c-4459-964a-dea4dcd51fd7: receive RaftClientReply:client-CECA27ED65B5->8cac6937-780c-4459-964a-dea4dcd51fd7@group-D84C501198B9, cid=3125, SUCCESS, logIndex=4662, commits[8cac6937-780c-4459-964a-dea4dcd51fd7:c4664, 9ed8676d-9460-465d-9905-fd43a52295f6:c4661, da64134c-6992-4903-9407-7df321e464db:c4661]
2019-07-09 09:59:34,637 INFO  client.GrpcClientProtocolClient (GrpcClientProtocolClient.java:onNext(255)) - client-CECA27ED65B5->8cac6937-780c-4459-964a-dea4dcd51fd7: receive RaftClientReply:client-CECA27ED65B5->8cac6937-780c-4459-964a-dea4dcd51fd7@group-D84C501198B9, cid=3126, SUCCESS, logIndex=4663, commits[8cac6937-780c-4459-964a-dea4dcd51fd7:c4665, 9ed8676d-9460-465d-9905-fd43a52295f6:c4661, da64134c-6992-4903-9407-7df321e464db:c4661]
2019-07-09 09:59:34,638 INFO  client.GrpcClientProtocolClient (GrpcClientProtocolClient.java:onNext(255)) - client-CECA27ED65B5->8cac6937-780c-4459-964a-dea4dcd51fd7: receive RaftClientReply:client-CECA27ED65B5->8cac6937-780c-4459-964a-dea4dcd51fd7@group-D84C501198B9, cid=3127, SUCCESS, logIndex=4664, commits[8cac6937-780c-4459-964a-dea4dcd51fd7:c4665, 9ed8676d-9460-465d-9905-fd43a52295f6:c4661, da64134c-6992-4903-9407-7df321e464db:c4661]
2019-07-09 09:59:34,638 INFO  client.GrpcClientProtocolClient (GrpcClientProtocolClient.java:onNext(255)) - client-CECA27ED65B5->8cac6937-780c-4459-964a-dea4dcd51fd7: receive RaftClientReply:client-CECA27ED65B5->8cac6937-780c-4459-964a-dea4dcd51fd7@group-D84C501198B9, cid=3128, SUCCESS, logIndex=4665, commits[8cac6937-780c-4459-964a-dea4dcd51fd7:c4665, 9ed8676d-9460-465d-9905-fd43a52295f6:c4661, da64134c-6992-4903-9407-7df321e464db:c4661]
2019-07-09 09:59:34,651 INFO  client.GrpcClientProtocolClient (GrpcClientProtocolClient.java:onNext(255)) - client-CECA27ED65B5->8cac6937-780c-4459-964a-dea4dcd51fd7: receive RaftClientReply:client-CECA27ED65B5->8cac6937-780c-4459-964a-dea4dcd51fd7@group-D84C501198B9, cid=3129, SUCCESS, logIndex=0, commits[8cac6937-780c-4459-964a-dea4dcd51fd7:c4667, 9ed8676d-9460-465d-9905-fd43a52295f6:c4663, da64134c-6992-4903-9407-7df321e464db:c4663]
2019-07-09 09:59:34,671 INFO  client.GrpcClientProtocolClient (GrpcClientProtocolClient.java:onNext(255)) - client-CECA27ED65B5->8cac6937-780c-4459-964a-dea4dcd51fd7: receive RaftClientReply:client-CECA27ED65B5->8cac6937-780c-4459-964a-dea4dcd51fd7@group-D84C501198B9, cid=3130, SUCCESS, logIndex=4670, commits[8cac6937-780c-4459-964a-dea4dcd51fd7:c4670, 9ed8676d-9460-465d-9905-fd43a52295f6:c4669, da64134c-6992-4903-9407-7df321e464db:c4669]
2019-07-09 09:59:34,672 INFO  client.GrpcClientProtocolClient (GrpcClientProtocolClient.java:onNext(255)) - client-CECA27ED65B5->8cac6937-780c-4459-964a-dea4dcd51fd7: receive RaftClientReply:client-CECA27ED65B5->8cac6937-780c-4459-964a-dea4dcd51fd7@group-D84C501198B9, cid=3131, SUCCESS, logIndex=4671, commits[8cac6937-780c-4459-964a-dea4dcd51fd7:c4671, 9ed8676d-9460-465d-9905-fd43a52295f6:c4669, da64134c-6992-4903-9407-7df321e464db:c4669]
2019-07-09 09:59:34,703 INFO  client.GrpcClientProtocolClient (GrpcClientProtocolClient.java:onNext(255)) - client-CECA27ED65B5->8cac6937-780c-4459-964a-dea4dcd51fd7: receive RaftClientReply:client-CECA27ED65B5->8cac6937-780c-4459-964a-dea4dcd51fd7@group-D84C501198B9, cid=3132, SUCCESS, logIndex=4674, commits[8cac6937-780c-4459-964a-dea4dcd51fd7:c4675, 9ed8676d-9460-465d-9905-fd43a52295f6:c4671, da64134c-6992-4903-9407-7df321e464db:c4670]
2019-07-09 09:59:34,703 INFO  client.GrpcClientProtocolClient (GrpcClientProtocolClient.java:onNext(255)) - client-CECA27ED65B5->8cac6937-780c-4459-964a-dea4dcd51fd7: receive RaftClientReply:client-CECA27ED65B5->8cac6937-780c-4459-964a-dea4dcd51fd7@group-D84C501198B9, cid=3133, SUCCESS, logIndex=4675, commits[8cac6937-780c-4459-964a-dea4dcd51fd7:c4675, 9ed8676d-9460-465d-9905-fd43a52295f6:c4671, da64134c-6992-4903-9407-7df321e464db:c4671]
2019-07-09 09:59:34,705 INFO  client.GrpcClientProtocolClient (GrpcClientProtocolClient.java:onNext(255)) - client-CECA27ED65B5->8cac6937-780c-4459-964a-dea4dcd51fd7: receive RaftClientReply:client-CECA27ED65B5->8cac6937-780c-4459-964a-dea4dcd51fd7@group-D84C501198B9, cid=3134, SUCCESS, logIndex=0, commits[8cac6937-780c-4459-964a-dea4dcd51fd7:c4677, 9ed8676d-9460-465d-9905-fd43a52295f6:c4675, da64134c-6992-4903-9407-7df321e464db:c4675]
2019-07-09 09:59:34,738 INFO  client.GrpcClientProtocolClient (GrpcClientProtocolClient.java:onNext(255)) - client-CECA27ED65B5->8cac6937-780c-4459-964a-dea4dcd51fd7: receive RaftClientReply:client-CECA27ED65B5->8cac6937-780c-4459-964a-dea4dcd51fd7@group-D84C501198B9, cid=3135, SUCCESS, logIndex=4678, commits[8cac6937-780c-4459-964a-dea4dcd51fd7:c4679, 9ed8676d-9460-465d-9905-fd43a52295f6:c4677, da64134c-6992-4903-9407-7df321e464db:c4677]
2019-07-09 09:59:34,739 INFO  client.GrpcClientProtocolClient (GrpcClientProtocolClient.java:onNext(255)) - client-CECA27ED65B5->8cac6937-780c-4459-964a-dea4dcd51fd7: receive RaftClientReply:client-CECA27ED65B5->8cac6937-780c-4459-964a-dea4dcd51fd7@group-D84C501198B9, cid=3136, SUCCESS, logIndex=4679, commits[8cac6937-780c-4459-964a-dea4dcd51fd7:c4681, 9ed8676d-9460-465d-9905-fd43a52295f6:c4677, da64134c-6992-4903-9407-7df321e464db:c4677]
2019-07-09 09:59:34,739 INFO  client.GrpcClientProtocolClient (GrpcClientProtocolClient.java:onNext(255)) - client-CECA27ED65B5->8cac6937-780c-4459-964a-dea4dcd51fd7: receive RaftClientReply:client-CECA27ED65B5->8cac6937-780c-4459-964a-dea4dcd51fd7@group-D84C501198B9, cid=3137, SUCCESS, logIndex=4680, commits[8cac6937-780c-4459-964a-dea4dcd51fd7:c4681, 9ed8676d-9460-465d-9905-fd43a52295f6:c4677, da64134c-6992-4903-9407-7df321e464db:c4677]
2019-07-09 09:59:34,739 INFO  client.GrpcClientProtocolClient (GrpcClientProtocolClient.java:onNext(255)) - client-CECA27ED65B5->8cac6937-780c-4459-964a-dea4dcd51fd7: receive RaftClientReply:client-CECA27ED65B5->8cac6937-780c-4459-964a-dea4dcd51fd7@group-D84C501198B9, cid=3138, SUCCESS, logIndex=4681, commits[8cac6937-780c-4459-964a-dea4dcd51fd7:c4681, 9ed8676d-9460-465d-9905-fd43a52295f6:c4677, da64134c-6992-4903-9407-7df321e464db:c4677]
2019-07-09 09:59:34,752 INFO  client.GrpcClientProtocolClient (GrpcClientProtocolClient.java:onNext(255)) - client-CECA27ED65B5->8cac6937-780c-4459-964a-dea4dcd51fd7: receive RaftClientReply:client-CECA27ED65B5->8cac6937-780c-4459-964a-dea4dcd51fd7@group-D84C501198B9, cid=3139, SUCCESS, logIndex=0, commits[8cac6937-780c-4459-964a-dea4dcd51fd7:c4684, 9ed8676d-9460-465d-9905-fd43a52295f6:c4680, da64134c-6992-4903-9407-7df321e464db:c4679]
2019-07-09 09:59:34,774 INFO  client.GrpcClientProtocolClient (GrpcClientProtocolClient.java:onNext(255)) - client-CECA27ED65B5->8cac6937-780c-4459-964a-dea4dcd51fd7: receive RaftClientReply:client-CECA27ED65B5->8cac6937-780c-4459-964a-dea4dcd51fd7@group-D84C501198B9, cid=3140, SUCCESS, logIndex=4686, commits[8cac6937-780c-4459-964a-dea4dcd51fd7:c4687, 9ed8676d-9460-465d-9905-fd43a52295f6:c4685, da64134c-6992-4903-9407-7df321e464db:c4685]
2019-07-09 09:59:34,774 INFO  client.GrpcClientProtocolClient (GrpcClientProtocolClient.java:onNext(255)) - client-CECA27ED65B5->8cac6937-780c-4459-964a-dea4dcd51fd7: receive RaftClientReply:client-CECA27ED65B5->8cac6937-780c-4459-964a-dea4dcd51fd7@group-D84C501198B9, cid=3141, SUCCESS, logIndex=4687, commits[8cac6937-780c-4459-964a-dea4dcd51fd7:c4687, 9ed8676d-9460-465d-9905-fd43a52295f6:c4685, da64134c-6992-4903-9407-7df321e464db:c4685]
2019-07-09 09:59:34,799 INFO  client.GrpcClientProtocolClient (GrpcClientProtocolClient.java:onNext(255)) - client-CECA27ED65B5->8cac6937-780c-4459-964a-dea4dcd51fd7: receive RaftClientReply:client-CECA27ED65B5->8cac6937-780c-4459-964a-dea4dcd51fd7@group-D84C501198B9, cid=3142, SUCCESS, logIndex=4690, commits[8cac6937-780c-4459-964a-dea4dcd51fd7:c4690, 9ed8676d-9460-465d-9905-fd43a52295f6:c4687, da64134c-6992-4903-9407-7df321e464db:c4687]
2019-07-09 09:59:34,800 INFO  client.GrpcClientProtocolClient (GrpcClientProtocolClient.java:onNext(255)) - client-CECA27ED65B5->8cac6937-780c-4459-964a-dea4dcd51fd7: receive RaftClientReply:client-CECA27ED65B5->8cac6937-780c-4459-964a-dea4dcd51fd7@group-D84C501198B9, cid=3143, SUCCESS, logIndex=4691, commits[8cac6937-780c-4459-964a-dea4dcd51fd7:c4691, 9ed8676d-9460-465d-9905-fd43a52295f6:c4687, da64134c-6992-4903-9407-7df321e464db:c4687]
2019-07-09 09:59:34,812 INFO  client.GrpcClientProtocolClient (GrpcClientProtocolClient.java:onNext(255)) - client-CECA27ED65B5->8cac6937-780c-4459-964a-dea4dcd51fd7: receive RaftClientReply:client-CECA27ED65B5->8cac6937-780c-4459-964a-dea4dcd51fd7@group-D84C501198B9, cid=3144, SUCCESS, logIndex=0, commits[8cac6937-780c-4459-964a-dea4dcd51fd7:c4693, 9ed8676d-9460-465d-9905-fd43a52295f6:c4691, da64134c-6992-4903-9407-7df321e464db:c4691]
2019-07-09 09:59:34,841 INFO  client.GrpcClientProtocolClient (GrpcClientProtocolClient.java:onNext(255)) - client-CECA27ED65B5->8cac6937-780c-4459-964a-dea4dcd51fd7: receive RaftClientReply:client-CECA27ED65B5->8cac6937-780c-4459-964a-dea4dcd51fd7@group-D84C501198B9, cid=3145, SUCCESS, logIndex=4694, commits[8cac6937-780c-4459-964a-dea4dcd51fd7:c4695, 9ed8676d-9460-465d-9905-fd43a52295f6:c4693, da64134c-6992-4903-9407-7df321e464db:c4693]
2019-07-09 09:59:34,842 INFO  client.GrpcClientProtocolClient (GrpcClientProtocolClient.java:onNext(255)) - client-CECA27ED65B5->8cac6937-780c-4459-964a-dea4dcd51fd7: receive RaftClientReply:client-CECA27ED65B5->8cac6937-780c-4459-964a-dea4dcd51fd7@group-D84C501198B9, cid=3146, SUCCESS, logIndex=4695, commits[8cac6937-780c-4459-964a-dea4dcd51fd7:c4697, 9ed8676d-9460-465d-9905-fd43a52295f6:c4693, da64134c-6992-4903-9407-7df321e464db:c4693]
2019-07-09 09:59:34,842 INFO  client.GrpcClientProtocolClient (GrpcClientProtocolClient.java:onNext(255)) - client-CECA27ED65B5->8cac6937-780c-4459-964a-dea4dcd51fd7: receive RaftClientReply:client-CECA27ED65B5->8cac6937-780c-4459-964a-dea4dcd51fd7@group-D84C501198B9, cid=3147, SUCCESS, logIndex=4696, commits[8cac6937-780c-4459-964a-dea4dcd51fd7:c4697, 9ed8676d-9460-465d-9905-fd43a52295f6:c4693, da64134c-6992-4903-9407-7df321e464db:c4693]
2019-07-09 09:59:34,842 INFO  client.GrpcClientProtocolClient (GrpcClientProtocolClient.java:onNext(255)) - client-CECA27ED65B5->8cac6937-780c-4459-964a-dea4dcd51fd7: receive RaftClientReply:client-CECA27ED65B5->8cac6937-780c-4459-964a-dea4dcd51fd7@group-D84C501198B9, cid=3148, SUCCESS, logIndex=4697, commits[8cac6937-780c-4459-964a-dea4dcd51fd7:c4697, 9ed8676d-9460-465d-9905-fd43a52295f6:c4693, da64134c-6992-4903-9407-7df321e464db:c4693]
2019-07-09 09:59:34,856 INFO  client.GrpcClientProtocolClient (GrpcClientProtocolClient.java:onNext(255)) - client-CECA27ED65B5->8cac6937-780c-4459-964a-dea4dcd51fd7: receive RaftClientReply:client-CECA27ED65B5->8cac6937-780c-4459-964a-dea4dcd51fd7@group-D84C501198B9, cid=3149, SUCCESS, logIndex=0, commits[8cac6937-780c-4459-964a-dea4dcd51fd7:c4699, 9ed8676d-9460-465d-9905-fd43a52295f6:c4695, da64134c-6992-4903-9407-7df321e464db:c4695]
2019-07-09 09:59:34,875 INFO  client.GrpcClientProtocolClient (GrpcClientProtocolClient.java:onNext(255)) - client-CECA27ED65B5->8cac6937-780c-4459-964a-dea4dcd51fd7: receive RaftClientReply:client-CECA27ED65B5->8cac6937-780c-4459-964a-dea4dcd51fd7@group-D84C501198B9, cid=3150, SUCCESS, logIndex=4702, commits[8cac6937-780c-4459-964a-dea4dcd51fd7:c4703, 9ed8676d-9460-465d-9905-fd43a52295f6:c4701, da64134c-6992-4903-9407-7df321e464db:c4701]
2019-07-09 09:59:34,875 INFO  client.GrpcClientProtocolClient (GrpcClientProtocolClient.java:onNext(255)) - client-CECA27ED65B5->8cac6937-780c-4459-964a-dea4dcd51fd7: receive RaftClientReply:client-CECA27ED65B5->8cac6937-780c-4459-964a-dea4dcd51fd7@group-D84C501198B9, cid=3151, SUCCESS, logIndex=4703, commits[8cac6937-780c-4459-964a-dea4dcd51fd7:c4703, 9ed8676d-9460-465d-9905-fd43a52295f6:c4701, da64134c-6992-4903-9407-7df321e464db:c4701]
2019-07-09 09:59:34,890 INFO  client.GrpcClientProtocolClient (GrpcClientProtocolClient.java:onNext(255)) - client-CECA27ED65B5->8cac6937-780c-4459-964a-dea4dcd51fd7: receive RaftClientReply:client-CECA27ED65B5->8cac6937-780c-4459-964a-dea4dcd51fd7@group-D84C501198B9, cid=3152, SUCCESS, logIndex=4706, commits[8cac6937-780c-4459-964a-dea4dcd51fd7:c4707, 9ed8676d-9460-465d-9905-fd43a52295f6:c4703, da64134c-6992-4903-9407-7df321e464db:c4703]
2019-07-09 09:59:34,890 INFO  client.GrpcClientProtocolClient (GrpcClientProtocolClient.java:onNext(255)) - client-CECA27ED65B5->8cac6937-780c-4459-964a-dea4dcd51fd7: receive RaftClientReply:client-CECA27ED65B5->8cac6937-780c-4459-964a-dea4dcd51fd7@group-D84C501198B9, cid=3153, SUCCESS, logIndex=4707, commits[8cac6937-780c-4459-964a-dea4dcd51fd7:c4707, 9ed8676d-9460-465d-9905-fd43a52295f6:c4703, da64134c-6992-4903-9407-7df321e464db:c4703]
2019-07-09 09:59:34,904 INFO  client.GrpcClientProtocolClient (GrpcClientProtocolClient.java:onNext(255)) - client-CECA27ED65B5->8cac6937-780c-4459-964a-dea4dcd51fd7: receive RaftClientReply:client-CECA27ED65B5->8cac6937-780c-4459-964a-dea4dcd51fd7@group-D84C501198B9, cid=3154, SUCCESS, logIndex=0, commits[8cac6937-780c-4459-964a-dea4dcd51fd7:c4709, 9ed8676d-9460-465d-9905-fd43a52295f6:c4707, da64134c-6992-4903-9407-7df321e464db:c4707]
2019-07-09 09:59:34,929 INFO  client.GrpcClientProtocolClient (GrpcClientProtocolClient.java:onNext(255)) - client-CECA27ED65B5->8cac6937-780c-4459-964a-dea4dcd51fd7: receive RaftClientReply:client-CECA27ED65B5->8cac6937-780c-4459-964a-dea4dcd51fd7@group-D84C501198B9, cid=3155, SUCCESS, logIndex=4710, commits[8cac6937-780c-4459-964a-dea4dcd51fd7:c4711, 9ed8676d-9460-465d-9905-fd43a52295f6:c4707, da64134c-6992-4903-9407-7df321e464db:c4709]
2019-07-09 09:59:34,929 INFO  client.GrpcClientProtocolClient (GrpcClientProtocolClient.java:onNext(255)) - client-CECA27ED65B5->8cac6937-780c-4459-964a-dea4dcd51fd7: receive RaftClientReply:client-CECA27ED65B5->8cac6937-780c-4459-964a-dea4dcd51fd7@group-D84C501198B9, cid=3156, SUCCESS, logIndex=4711, commits[8cac6937-780c-4459-964a-dea4dcd51fd7:c4711, 9ed8676d-9460-465d-9905-fd43a52295f6:c4707, da64134c-6992-4903-9407-7df321e464db:c4709]
2019-07-09 09:59:34,932 INFO  client.GrpcClientProtocolClient (GrpcClientProtocolClient.java:onNext(255)) - client-CECA27ED65B5->8cac6937-780c-4459-964a-dea4dcd51fd7: receive RaftClientReply:client-CECA27ED65B5->8cac6937-780c-4459-964a-dea4dcd51fd7@group-D84C501198B9, cid=3157, SUCCESS, logIndex=4712, commits[8cac6937-780c-4459-964a-dea4dcd51fd7:c4713, 9ed8676d-9460-465d-9905-fd43a52295f6:c4709, da64134c-6992-4903-9407-7df321e464db:c4709]
2019-07-09 09:59:34,932 INFO  client.GrpcClientProtocolClient (GrpcClientProtocolClient.java:onNext(255)) - client-CECA27ED65B5->8cac6937-780c-4459-964a-dea4dcd51fd7: receive RaftClientReply:client-CECA27ED65B5->8cac6937-780c-4459-964a-dea4dcd51fd7@group-D84C501198B9, cid=3158, SUCCESS, logIndex=4713, commits[8cac6937-780c-4459-964a-dea4dcd51fd7:c4715, 9ed8676d-9460-465d-9905-fd43a52295f6:c4711, da64134c-6992-4903-9407-7df321e464db:c4709]
2019-07-09 09:59:34,933 INFO  client.GrpcClientProtocolClient (GrpcClientProtocolClient.java:onNext(255)) - client-CECA27ED65B5->8cac6937-780c-4459-964a-dea4dcd51fd7: receive RaftClientReply:client-CECA27ED65B5->8cac6937-780c-4459-964a-dea4dcd51fd7@group-D84C501198B9, cid=3159, SUCCESS, logIndex=0, commits[8cac6937-780c-4459-964a-dea4dcd51fd7:c4716, 9ed8676d-9460-465d-9905-fd43a52295f6:c4712, da64134c-6992-4903-9407-7df321e464db:c4711]
2019-07-09 09:59:34,960 INFO  client.GrpcClientProtocolClient (GrpcClientProtocolClient.java:onNext(255)) - client-CECA27ED65B5->8cac6937-780c-4459-964a-dea4dcd51fd7: receive RaftClientReply:client-CECA27ED65B5->8cac6937-780c-4459-964a-dea4dcd51fd7@group-D84C501198B9, cid=3160, SUCCESS, logIndex=4718, commits[8cac6937-780c-4459-964a-dea4dcd51fd7:c4719, 9ed8676d-9460-465d-9905-fd43a52295f6:c4713, da64134c-6992-4903-9407-7df321e464db:c4717]
2019-07-09 09:59:34,961 INFO  client.GrpcClientProtocolClient (GrpcClientProtocolClient.java:onNext(255)) - client-CECA27ED65B5->8cac6937-780c-4459-964a-dea4dcd51fd7: receive RaftClientReply:client-CECA27ED65B5->8cac6937-780c-4459-964a-dea4dcd51fd7@group-D84C501198B9, cid=3161, SUCCESS, logIndex=4719, commits[8cac6937-780c-4459-964a-dea4dcd51fd7:c4719, 9ed8676d-9460-465d-9905-fd43a52295f6:c4717, da64134c-6992-4903-9407-7df321e464db:c4717]
2019-07-09 09:59:34,980 INFO  client.GrpcClientProtocolClient (GrpcClientProtocolClient.java:onNext(255)) - client-CECA27ED65B5->8cac6937-780c-4459-964a-dea4dcd51fd7: receive RaftClientReply:client-CECA27ED65B5->8cac6937-780c-4459-964a-dea4dcd51fd7@group-D84C501198B9, cid=3162, SUCCESS, logIndex=4721, commits[8cac6937-780c-4459-964a-dea4dcd51fd7:c4722, 9ed8676d-9460-465d-9905-fd43a52295f6:c4720, da64134c-6992-4903-9407-7df321e464db:c4720]
2019-07-09 09:59:34,981 INFO  client.GrpcClientProtocolClient (GrpcClientProtocolClient.java:onNext(255)) - client-CECA27ED65B5->8cac6937-780c-4459-964a-dea4dcd51fd7: receive RaftClientReply:client-CECA27ED65B5->8cac6937-780c-4459-964a-dea4dcd51fd7@group-D84C501198B9, cid=3163, SUCCESS, logIndex=4722, commits[8cac6937-780c-4459-964a-dea4dcd51fd7:c4722, 9ed8676d-9460-465d-9905-fd43a52295f6:c4720, da64134c-6992-4903-9407-7df321e464db:c4720]
2019-07-09 09:59:34,995 INFO  client.GrpcClientProtocolClient (GrpcClientProtocolClient.java:onNext(255)) - client-CECA27ED65B5->8cac6937-780c-4459-964a-dea4dcd51fd7: receive RaftClientReply:client-CECA27ED65B5->8cac6937-780c-4459-964a-dea4dcd51fd7@group-D84C501198B9, cid=3164, SUCCESS, logIndex=0, commits[8cac6937-780c-4459-964a-dea4dcd51fd7:c4723, 9ed8676d-9460-465d-9905-fd43a52295f6:c4722, da64134c-6992-4903-9407-7df321e464db:c4722]
2019-07-09 09:59:35,026 INFO  client.GrpcClientProtocolClient (GrpcClientProtocolClient.java:onNext(255)) - client-CECA27ED65B5->8cac6937-780c-4459-964a-dea4dcd51fd7: receive RaftClientReply:client-CECA27ED65B5->8cac6937-780c-4459-964a-dea4dcd51fd7@group-D84C501198B9, cid=3165, SUCCESS, logIndex=4725, commits[8cac6937-780c-4459-964a-dea4dcd51fd7:c4725, 9ed8676d-9460-465d-9905-fd43a52295f6:c4724, da64134c-6992-4903-9407-7df321e464db:c4724]
2019-07-09 09:59:35,026 INFO  client.GrpcClientProtocolClient (GrpcClientProtocolClient.java:onNext(255)) - client-CECA27ED65B5->8cac6937-780c-4459-964a-dea4dcd51fd7: receive RaftClientReply:client-CECA27ED65B5->8cac6937-780c-4459-964a-dea4dcd51fd7@group-D84C501198B9, cid=3166, SUCCESS, logIndex=4726, commits[8cac6937-780c-4459-964a-dea4dcd51fd7:c4728, 9ed8676d-9460-465d-9905-fd43a52295f6:c4724, da64134c-6992-4903-9407-7df321e464db:c4724]
2019-07-09 09:59:35,026 INFO  client.GrpcClientProtocolClient (GrpcClientProtocolClient.java:onNext(255)) - client-CECA27ED65B5->8cac6937-780c-4459-964a-dea4dcd51fd7: receive RaftClientReply:client-CECA27ED65B5->8cac6937-780c-4459-964a-dea4dcd51fd7@group-D84C501198B9, cid=3167, SUCCESS, logIndex=4727, commits[8cac6937-780c-4459-964a-dea4dcd51fd7:c4728, 9ed8676d-9460-465d-9905-fd43a52295f6:c4724, da64134c-6992-4903-9407-7df321e464db:c4724]
2019-07-09 09:59:35,027 INFO  client.GrpcClientProtocolClient (GrpcClientProtocolClient.java:onNext(255)) - client-CECA27ED65B5->8cac6937-780c-4459-964a-dea4dcd51fd7: receive RaftClientReply:client-CECA27ED65B5->8cac6937-780c-4459-964a-dea4dcd51fd7@group-D84C501198B9, cid=3168, SUCCESS, logIndex=4728, commits[8cac6937-780c-4459-964a-dea4dcd51fd7:c4728, 9ed8676d-9460-465d-9905-fd43a52295f6:c4724, da64134c-6992-4903-9407-7df321e464db:c4724]
2019-07-09 09:59:35,040 INFO  client.GrpcClientProtocolClient (GrpcClientProtocolClient.java:onNext(255)) - client-CECA27ED65B5->8cac6937-780c-4459-964a-dea4dcd51fd7: receive RaftClientReply:client-CECA27ED65B5->8cac6937-780c-4459-964a-dea4dcd51fd7@group-D84C501198B9, cid=3169, SUCCESS, logIndex=0, commits[8cac6937-780c-4459-964a-dea4dcd51fd7:c4731, 9ed8676d-9460-465d-9905-fd43a52295f6:c4727, da64134c-6992-4903-9407-7df321e464db:c4728]
2019-07-09 09:59:35,076 INFO  client.GrpcClientProtocolClient (GrpcClientProtocolClient.java:onNext(255)) - client-CECA27ED65B5->8cac6937-780c-4459-964a-dea4dcd51fd7: receive RaftClientReply:client-CECA27ED65B5->8cac6937-780c-4459-964a-dea4dcd51fd7@group-D84C501198B9, cid=3170, SUCCESS, logIndex=4732, commits[8cac6937-780c-4459-964a-dea4dcd51fd7:c4733, 9ed8676d-9460-465d-9905-fd43a52295f6:c4731, da64134c-6992-4903-9407-7df321e464db:c4731]
2019-07-09 09:59:35,076 INFO  client.GrpcClientProtocolClient (GrpcClientProtocolClient.java:onNext(255)) - client-CECA27ED65B5->8cac6937-780c-4459-964a-dea4dcd51fd7: receive RaftClientReply:client-CECA27ED65B5->8cac6937-780c-4459-964a-dea4dcd51fd7@group-D84C501198B9, cid=3171, SUCCESS, logIndex=4733, commits[8cac6937-780c-4459-964a-dea4dcd51fd7:c4733, 9ed8676d-9460-465d-9905-fd43a52295f6:c4731, da64134c-6992-4903-9407-7df321e464db:c4731]
2019-07-09 09:59:35,091 INFO  client.GrpcClientProtocolClient (GrpcClientProtocolClient.java:onNext(255)) - client-CECA27ED65B5->8cac6937-780c-4459-964a-dea4dcd51fd7: receive RaftClientReply:client-CECA27ED65B5->8cac6937-780c-4459-964a-dea4dcd51fd7@group-D84C501198B9, cid=3172, SUCCESS, logIndex=4736, commits[8cac6937-780c-4459-964a-dea4dcd51fd7:c4736, 9ed8676d-9460-465d-9905-fd43a52295f6:c4733, da64134c-6992-4903-9407-7df321e464db:c4733]
2019-07-09 09:59:35,091 INFO  client.GrpcClientProtocolClient (GrpcClientProtocolClient.java:onNext(255)) - client-CECA27ED65B5->8cac6937-780c-4459-964a-dea4dcd51fd7: receive RaftClientReply:client-CECA27ED65B5->8cac6937-780c-4459-964a-dea4dcd51fd7@group-D84C501198B9, cid=3173, SUCCESS, logIndex=4737, commits[8cac6937-780c-4459-964a-dea4dcd51fd7:c4737, 9ed8676d-9460-465d-9905-fd43a52295f6:c4733, da64134c-6992-4903-9407-7df321e464db:c4733]
2019-07-09 09:59:35,105 INFO  client.GrpcClientProtocolClient (GrpcClientProtocolClient.java:onNext(255)) - client-CECA27ED65B5->8cac6937-780c-4459-964a-dea4dcd51fd7: receive RaftClientReply:client-CECA27ED65B5->8cac6937-780c-4459-964a-dea4dcd51fd7@group-D84C501198B9, cid=3174, SUCCESS, logIndex=0, commits[8cac6937-780c-4459-964a-dea4dcd51fd7:c4739, 9ed8676d-9460-465d-9905-fd43a52295f6:c4737, da64134c-6992-4903-9407-7df321e464db:c4737]
2019-07-09 09:59:35,141 INFO  client.GrpcClientProtocolClient (GrpcClientProtocolClient.java:onNext(255)) - client-CECA27ED65B5->8cac6937-780c-4459-964a-dea4dcd51fd7: receive RaftClientReply:client-CECA27ED65B5->8cac6937-780c-4459-964a-dea4dcd51fd7@group-D84C501198B9, cid=3175, SUCCESS, logIndex=4740, commits[8cac6937-780c-4459-964a-dea4dcd51fd7:c4741, 9ed8676d-9460-465d-9905-fd43a52295f6:c4739, da64134c-6992-4903-9407-7df321e464db:c4739]
2019-07-09 09:59:35,142 INFO  client.GrpcClientProtocolClient (GrpcClientProtocolClient.java:onNext(255)) - client-CECA27ED65B5->8cac6937-780c-4459-964a-dea4dcd51fd7: receive RaftClientReply:client-CECA27ED65B5->8cac6937-780c-4459-964a-dea4dcd51fd7@group-D84C501198B9, cid=3176, SUCCESS, logIndex=4741, commits[8cac6937-780c-4459-964a-dea4dcd51fd7:c4743, 9ed8676d-9460-465d-9905-fd43a52295f6:c4739, da64134c-6992-4903-9407-7df321e464db:c4739]
2019-07-09 09:59:35,142 INFO  client.GrpcClientProtocolClient (GrpcClientProtocolClient.java:onNext(255)) - client-CECA27ED65B5->8cac6937-780c-4459-964a-dea4dcd51fd7: receive RaftClientReply:client-CECA27ED65B5->8cac6937-780c-4459-964a-dea4dcd51fd7@group-D84C501198B9, cid=3177, SUCCESS, logIndex=4742, commits[8cac6937-780c-4459-964a-dea4dcd51fd7:c4743, 9ed8676d-9460-465d-9905-fd43a52295f6:c4739, da64134c-6992-4903-9407-7df321e464db:c4739]
2019-07-09 09:59:35,142 INFO  client.GrpcClientProtocolClient (GrpcClientProtocolClient.java:onNext(255)) - client-CECA27ED65B5->8cac6937-780c-4459-964a-dea4dcd51fd7: receive RaftClientReply:client-CECA27ED65B5->8cac6937-780c-4459-964a-dea4dcd51fd7@group-D84C501198B9, cid=3178, SUCCESS, logIndex=4743, commits[8cac6937-780c-4459-964a-dea4dcd51fd7:c4743, 9ed8676d-9460-465d-9905-fd43a52295f6:c4739, da64134c-6992-4903-9407-7df321e464db:c4739]
2019-07-09 09:59:35,144 INFO  client.GrpcClientProtocolClient (GrpcClientProtocolClient.java:onNext(255)) - client-CECA27ED65B5->8cac6937-780c-4459-964a-dea4dcd51fd7: receive RaftClientReply:client-CECA27ED65B5->8cac6937-780c-4459-964a-dea4dcd51fd7@group-D84C501198B9, cid=3179, SUCCESS, logIndex=0, commits[8cac6937-780c-4459-964a-dea4dcd51fd7:c4743, 9ed8676d-9460-465d-9905-fd43a52295f6:c4741, da64134c-6992-4903-9407-7df321e464db:c4741]
2019-07-09 09:59:35,158 INFO  client.GrpcClientProtocolClient (GrpcClientProtocolClient.java:onNext(255)) - client-CECA27ED65B5->8cac6937-780c-4459-964a-dea4dcd51fd7: receive RaftClientReply:client-CECA27ED65B5->8cac6937-780c-4459-964a-dea4dcd51fd7@group-D84C501198B9, cid=3180, SUCCESS, logIndex=4747, commits[8cac6937-780c-4459-964a-dea4dcd51fd7:c4748, 9ed8676d-9460-465d-9905-fd43a52295f6:c4743, da64134c-6992-4903-9407-7df321e464db:c4744]
2019-07-09 09:59:35,158 INFO  client.GrpcClientProtocolClient (GrpcClientProtocolClient.java:onNext(255)) - client-CECA27ED65B5->8cac6937-780c-4459-964a-dea4dcd51fd7: receive RaftClientReply:client-CECA27ED65B5->8cac6937-780c-4459-964a-dea4dcd51fd7@group-D84C501198B9, cid=3181, SUCCESS, logIndex=4748, commits[8cac6937-780c-4459-964a-dea4dcd51fd7:c4748, 9ed8676d-9460-465d-9905-fd43a52295f6:c4744, da64134c-6992-4903-9407-7df321e464db:c4744]
2019-07-09 09:59:35,179 INFO  client.GrpcClientProtocolClient (GrpcClientProtocolClient.java:onNext(255)) - client-CECA27ED65B5->8cac6937-780c-4459-964a-dea4dcd51fd7: receive RaftClientReply:client-CECA27ED65B5->8cac6937-780c-4459-964a-dea4dcd51fd7@group-D84C501198B9, cid=3182, SUCCESS, logIndex=4751, commits[8cac6937-780c-4459-964a-dea4dcd51fd7:c4752, 9ed8676d-9460-465d-9905-fd43a52295f6:c4750, da64134c-6992-4903-9407-7df321e464db:c4750]
2019-07-09 09:59:35,179 INFO  client.GrpcClientProtocolClient (GrpcClientProtocolClient.java:onNext(255)) - client-CECA27ED65B5->8cac6937-780c-4459-964a-dea4dcd51fd7: receive RaftClientReply:client-CECA27ED65B5->8cac6937-780c-4459-964a-dea4dcd51fd7@group-D84C501198B9, cid=3183, SUCCESS, logIndex=4752, commits[8cac6937-780c-4459-964a-dea4dcd51fd7:c4752, 9ed8676d-9460-465d-9905-fd43a52295f6:c4750, da64134c-6992-4903-9407-7df321e464db:c4750]
2019-07-09 09:59:35,205 INFO  client.GrpcClientProtocolClient (GrpcClientProtocolClient.java:onNext(255)) - client-CECA27ED65B5->8cac6937-780c-4459-964a-dea4dcd51fd7: receive RaftClientReply:client-CECA27ED65B5->8cac6937-780c-4459-964a-dea4dcd51fd7@group-D84C501198B9, cid=3184, SUCCESS, logIndex=0, commits[8cac6937-780c-4459-964a-dea4dcd51fd7:c4753, 9ed8676d-9460-465d-9905-fd43a52295f6:c4752, da64134c-6992-4903-9407-7df321e464db:c4752]
2019-07-09 09:59:35,238 INFO  client.GrpcClientProtocolClient (GrpcClientProtocolClient.java:onNext(255)) - client-CECA27ED65B5->8cac6937-780c-4459-964a-dea4dcd51fd7: receive RaftClientReply:client-CECA27ED65B5->8cac6937-780c-4459-964a-dea4dcd51fd7@group-D84C501198B9, cid=3185, SUCCESS, logIndex=4755, commits[8cac6937-780c-4459-964a-dea4dcd51fd7:c4756, 9ed8676d-9460-465d-9905-fd43a52295f6:c4754, da64134c-6992-4903-9407-7df321e464db:c4754]
2019-07-09 09:59:35,239 INFO  client.GrpcClientProtocolClient (GrpcClientProtocolClient.java:onNext(255)) - client-CECA27ED65B5->8cac6937-780c-4459-964a-dea4dcd51fd7: receive RaftClientReply:client-CECA27ED65B5->8cac6937-780c-4459-964a-dea4dcd51fd7@group-D84C501198B9, cid=3186, SUCCESS, logIndex=4756, commits[8cac6937-780c-4459-964a-dea4dcd51fd7:c4758, 9ed8676d-9460-465d-9905-fd43a52295f6:c4754, da64134c-6992-4903-9407-7df321e464db:c4754]
2019-07-09 09:59:35,239 INFO  client.GrpcClientProtocolClient (GrpcClientProtocolClient.java:onNext(255)) - client-CECA27ED65B5->8cac6937-780c-4459-964a-dea4dcd51fd7: receive RaftClientReply:client-CECA27ED65B5->8cac6937-780c-4459-964a-dea4dcd51fd7@group-D84C501198B9, cid=3187, SUCCESS, logIndex=4757, commits[8cac6937-780c-4459-964a-dea4dcd51fd7:c4758, 9ed8676d-9460-465d-9905-fd43a52295f6:c4754, da64134c-6992-4903-9407-7df321e464db:c4754]
2019-07-09 09:59:35,240 INFO  client.GrpcClientProtocolClient (GrpcClientProtocolClient.java:onNext(255)) - client-CECA27ED65B5->8cac6937-780c-4459-964a-dea4dcd51fd7: receive RaftClientReply:client-CECA27ED65B5->8cac6937-780c-4459-964a-dea4dcd51fd7@group-D84C501198B9, cid=3188, SUCCESS, logIndex=4758, commits[8cac6937-780c-4459-964a-dea4dcd51fd7:c4758, 9ed8676d-9460-465d-9905-fd43a52295f6:c4754, da64134c-6992-4903-9407-7df321e464db:c4754]
2019-07-09 09:59:35,241 INFO  client.GrpcClientProtocolClient (GrpcClientProtocolClient.java:onNext(255)) - client-CECA27ED65B5->8cac6937-780c-4459-964a-dea4dcd51fd7: receive RaftClientReply:client-CECA27ED65B5->8cac6937-780c-4459-964a-dea4dcd51fd7@group-D84C501198B9, cid=3189, SUCCESS, logIndex=0, commits[8cac6937-780c-4459-964a-dea4dcd51fd7:c4760, 9ed8676d-9460-465d-9905-fd43a52295f6:c4756, da64134c-6992-4903-9407-7df321e464db:c4756]
2019-07-09 09:59:35,260 INFO  client.GrpcClientProtocolClient (GrpcClientProtocolClient.java:onNext(255)) - client-CECA27ED65B5->8cac6937-780c-4459-964a-dea4dcd51fd7: receive RaftClientReply:client-CECA27ED65B5->8cac6937-780c-4459-964a-dea4dcd51fd7@group-D84C501198B9, cid=3190, SUCCESS, logIndex=4762, commits[8cac6937-780c-4459-964a-dea4dcd51fd7:c4763, 9ed8676d-9460-465d-9905-fd43a52295f6:c4761, da64134c-6992-4903-9407-7df321e464db:c4761]
2019-07-09 09:59:35,261 INFO  client.GrpcClientProtocolClient (GrpcClientProtocolClient.java:onNext(255)) - client-CECA27ED65B5->8cac6937-780c-4459-964a-dea4dcd51fd7: receive RaftClientReply:client-CECA27ED65B5->8cac6937-780c-4459-964a-dea4dcd51fd7@group-D84C501198B9, cid=3191, SUCCESS, logIndex=4763, commits[8cac6937-780c-4459-964a-dea4dcd51fd7:c4763, 9ed8676d-9460-465d-9905-fd43a52295f6:c4761, da64134c-6992-4903-9407-7df321e464db:c4761]
 0.00% |█                                                                                                    |  0/1 Time: 0:00:272019-07-09 09:59:35,275 INFO  client.GrpcClientProtocolClient (GrpcClientProtocolClient.java:onNext(255)) - client-CECA27ED65B5->8cac6937-780c-4459-964a-dea4dcd51fd7: receive RaftClientReply:client-CECA27ED65B5->8cac6937-780c-4459-964a-dea4dcd51fd7@group-D84C501198B9, cid=3192, SUCCESS, logIndex=4766, commits[8cac6937-780c-4459-964a-dea4dcd51fd7:c4766, 9ed8676d-9460-465d-9905-fd43a52295f6:c4763, da64134c-6992-4903-9407-7df321e464db:c4763]
2019-07-09 09:59:35,275 INFO  client.GrpcClientProtocolClient (GrpcClientProtocolClient.java:onNext(255)) - client-CECA27ED65B5->8cac6937-780c-4459-964a-dea4dcd51fd7: receive RaftClientReply:client-CECA27ED65B5->8cac6937-780c-4459-964a-dea4dcd51fd7@group-D84C501198B9, cid=3193, SUCCESS, logIndex=4767, commits[8cac6937-780c-4459-964a-dea4dcd51fd7:c4767, 9ed8676d-9460-465d-9905-fd43a52295f6:c4763, da64134c-6992-4903-9407-7df321e464db:c4763]
2019-07-09 09:59:35,289 INFO  client.GrpcClientProtocolClient (GrpcClientProtocolClient.java:onNext(255)) - client-CECA27ED65B5->8cac6937-780c-4459-964a-dea4dcd51fd7: receive RaftClientReply:client-CECA27ED65B5->8cac6937-780c-4459-964a-dea4dcd51fd7@group-D84C501198B9, cid=3194, SUCCESS, logIndex=0, commits[8cac6937-780c-4459-964a-dea4dcd51fd7:c4769, 9ed8676d-9460-465d-9905-fd43a52295f6:c4767, da64134c-6992-4903-9407-7df321e464db:c4767]
2019-07-09 09:59:35,800 WARN  util.JavaUtils (JavaUtils.java:sleep(250)) - Unexpected long sleep: sleep(1180ms) actually took 1599ms which is over the threshold 300ms
2019-07-09 09:59:35,831 INFO  client.GrpcClientProtocolClient (GrpcClientProtocolClient.java:onNext(255)) - client-CECA27ED65B5->8cac6937-780c-4459-964a-dea4dcd51fd7: receive RaftClientReply:client-CECA27ED65B5->8cac6937-780c-4459-964a-dea4dcd51fd7@group-D84C501198B9, cid=3195, SUCCESS, logIndex=4770, commits[8cac6937-780c-4459-964a-dea4dcd51fd7:c4771, 9ed8676d-9460-465d-9905-fd43a52295f6:c4769, da64134c-6992-4903-9407-7df321e464db:c4769]
2019-07-09 09:59:35,831 INFO  client.GrpcClientProtocolClient (GrpcClientProtocolClient.java:onNext(255)) - client-CECA27ED65B5->8cac6937-780c-4459-964a-dea4dcd51fd7: receive RaftClientReply:client-CECA27ED65B5->8cac6937-780c-4459-964a-dea4dcd51fd7@group-D84C501198B9, cid=3196, SUCCESS, logIndex=4771, commits[8cac6937-780c-4459-964a-dea4dcd51fd7:c4771, 9ed8676d-9460-465d-9905-fd43a52295f6:c4769, da64134c-6992-4903-9407-7df321e464db:c4769]
2019-07-09 09:59:35,832 INFO  client.GrpcClientProtocolClient (GrpcClientProtocolClient.java:onNext(255)) - client-CECA27ED65B5->8cac6937-780c-4459-964a-dea4dcd51fd7: receive RaftClientReply:client-CECA27ED65B5->8cac6937-780c-4459-964a-dea4dcd51fd7@group-D84C501198B9, cid=3197, SUCCESS, logIndex=4772, commits[8cac6937-780c-4459-964a-dea4dcd51fd7:c4773, 9ed8676d-9460-465d-9905-fd43a52295f6:c4769, da64134c-6992-4903-9407-7df321e464db:c4769]
2019-07-09 09:59:35,832 INFO  client.GrpcClientProtocolClient (GrpcClientProtocolClient.java:onNext(255)) - client-CECA27ED65B5->8cac6937-780c-4459-964a-dea4dcd51fd7: receive RaftClientReply:client-CECA27ED65B5->8cac6937-780c-4459-964a-dea4dcd51fd7@group-D84C501198B9, cid=3198, SUCCESS, logIndex=4773, commits[8cac6937-780c-4459-964a-dea4dcd51fd7:c4773, 9ed8676d-9460-465d-9905-fd43a52295f6:c4769, da64134c-6992-4903-9407-7df321e464db:c4769]
2019-07-09 09:59:35,846 INFO  client.GrpcClientProtocolClient (GrpcClientProtocolClient.java:onNext(255)) - client-CECA27ED65B5->8cac6937-780c-4459-964a-dea4dcd51fd7: receive RaftClientReply:client-CECA27ED65B5->8cac6937-780c-4459-964a-dea4dcd51fd7@group-D84C501198B9, cid=3199, SUCCESS, logIndex=0, commits[8cac6937-780c-4459-964a-dea4dcd51fd7:c4775, 9ed8676d-9460-465d-9905-fd43a52295f6:c4771, da64134c-6992-4903-9407-7df321e464db:c4771]
2019-07-09 09:59:35,868 INFO  client.GrpcClientProtocolClient (GrpcClientProtocolClient.java:onNext(255)) - client-CECA27ED65B5->8cac6937-780c-4459-964a-dea4dcd51fd7: receive RaftClientReply:client-CECA27ED65B5->8cac6937-780c-4459-964a-dea4dcd51fd7@group-D84C501198B9, cid=3200, SUCCESS, logIndex=4778, commits[8cac6937-780c-4459-964a-dea4dcd51fd7:c4779, 9ed8676d-9460-465d-9905-fd43a52295f6:c4777, da64134c-6992-4903-9407-7df321e464db:c4777]
2019-07-09 09:59:35,868 INFO  client.GrpcClientProtocolClient (GrpcClientProtocolClient.java:onNext(255)) - client-CECA27ED65B5->8cac6937-780c-4459-964a-dea4dcd51fd7: receive RaftClientReply:client-CECA27ED65B5->8cac6937-780c-4459-964a-dea4dcd51fd7@group-D84C501198B9, cid=3201, SUCCESS, logIndex=4779, commits[8cac6937-780c-4459-964a-dea4dcd51fd7:c4779, 9ed8676d-9460-465d-9905-fd43a52295f6:c4777, da64134c-6992-4903-9407-7df321e464db:c4777]
2019-07-09 09:59:35,893 INFO  client.GrpcClientProtocolClient (GrpcClientProtocolClient.java:onNext(255)) - client-CECA27ED65B5->8cac6937-780c-4459-964a-dea4dcd51fd7: receive RaftClientReply:client-CECA27ED65B5->8cac6937-780c-4459-964a-dea4dcd51fd7@group-D84C501198B9, cid=3202, SUCCESS, logIndex=4782, commits[8cac6937-780c-4459-964a-dea4dcd51fd7:c4783, 9ed8676d-9460-465d-9905-fd43a52295f6:c4779, da64134c-6992-4903-9407-7df321e464db:c4779]
2019-07-09 09:59:35,894 INFO  client.GrpcClientProtocolClient (GrpcClientProtocolClient.java:onNext(255)) - client-CECA27ED65B5->8cac6937-780c-4459-964a-dea4dcd51fd7: receive RaftClientReply:client-CECA27ED65B5->8cac6937-780c-4459-964a-dea4dcd51fd7@group-D84C501198B9, cid=3203, SUCCESS, logIndex=4783, commits[8cac6937-780c-4459-964a-dea4dcd51fd7:c4783, 9ed8676d-9460-465d-9905-fd43a52295f6:c4779, da64134c-6992-4903-9407-7df321e464db:c4779]
2019-07-09 09:59:35,905 INFO  client.GrpcClientProtocolClient (GrpcClientProtocolClient.java:onNext(255)) - client-CECA27ED65B5->8cac6937-780c-4459-964a-dea4dcd51fd7: receive RaftClientReply:client-CECA27ED65B5->8cac6937-780c-4459-964a-dea4dcd51fd7@group-D84C501198B9, cid=3204, SUCCESS, logIndex=0, commits[8cac6937-780c-4459-964a-dea4dcd51fd7:c4784, 9ed8676d-9460-465d-9905-fd43a52295f6:c4783, da64134c-6992-4903-9407-7df321e464db:c4783]
2019-07-09 09:59:35,939 INFO  client.GrpcClientProtocolClient (GrpcClientProtocolClient.java:onNext(255)) - client-CECA27ED65B5->8cac6937-780c-4459-964a-dea4dcd51fd7: receive RaftClientReply:client-CECA27ED65B5->8cac6937-780c-4459-964a-dea4dcd51fd7@group-D84C501198B9, cid=3205, SUCCESS, logIndex=4786, commits[8cac6937-780c-4459-964a-dea4dcd51fd7:c4787, 9ed8676d-9460-465d-9905-fd43a52295f6:c4785, da64134c-6992-4903-9407-7df321e464db:c4785]
2019-07-09 09:59:35,939 INFO  client.GrpcClientProtocolClient (GrpcClientProtocolClient.java:onNext(255)) - client-CECA27ED65B5->8cac6937-780c-4459-964a-dea4dcd51fd7: receive RaftClientReply:client-CECA27ED65B5->8cac6937-780c-4459-964a-dea4dcd51fd7@group-D84C501198B9, cid=3206, SUCCESS, logIndex=4787, commits[8cac6937-780c-4459-964a-dea4dcd51fd7:c4787, 9ed8676d-9460-465d-9905-fd43a52295f6:c4785, da64134c-6992-4903-9407-7df321e464db:c4785]
2019-07-09 09:59:35,940 INFO  client.GrpcClientProtocolClient (GrpcClientProtocolClient.java:onNext(255)) - client-CECA27ED65B5->8cac6937-780c-4459-964a-dea4dcd51fd7: receive RaftClientReply:client-CECA27ED65B5->8cac6937-780c-4459-964a-dea4dcd51fd7@group-D84C501198B9, cid=3207, SUCCESS, logIndex=4788, commits[8cac6937-780c-4459-964a-dea4dcd51fd7:c4789, 9ed8676d-9460-465d-9905-fd43a52295f6:c4785, da64134c-6992-4903-9407-7df321e464db:c4785]
2019-07-09 09:59:35,940 INFO  client.GrpcClientProtocolClient (GrpcClientProtocolClient.java:onNext(255)) - client-CECA27ED65B5->8cac6937-780c-4459-964a-dea4dcd51fd7: receive RaftClientReply:client-CECA27ED65B5->8cac6937-780c-4459-964a-dea4dcd51fd7@group-D84C501198B9, cid=3208, SUCCESS, logIndex=4789, commits[8cac6937-780c-4459-964a-dea4dcd51fd7:c4789, 9ed8676d-9460-465d-9905-fd43a52295f6:c4785, da64134c-6992-4903-9407-7df321e464db:c4785]
2019-07-09 09:59:35,953 INFO  client.GrpcClientProtocolClient (GrpcClientProtocolClient.java:onNext(255)) - client-CECA27ED65B5->8cac6937-780c-4459-964a-dea4dcd51fd7: receive RaftClientReply:client-CECA27ED65B5->8cac6937-780c-4459-964a-dea4dcd51fd7@group-D84C501198B9, cid=3209, SUCCESS, logIndex=0, commits[8cac6937-780c-4459-964a-dea4dcd51fd7:c4791, 9ed8676d-9460-465d-9905-fd43a52295f6:c4787, da64134c-6992-4903-9407-7df321e464db:c4787]
2019-07-09 09:59:35,973 INFO  client.GrpcClientProtocolClient (GrpcClientProtocolClient.java:onNext(255)) - client-CECA27ED65B5->8cac6937-780c-4459-964a-dea4dcd51fd7: receive RaftClientReply:client-CECA27ED65B5->8cac6937-780c-4459-964a-dea4dcd51fd7@group-D84C501198B9, cid=3210, SUCCESS, logIndex=4794, commits[8cac6937-780c-4459-964a-dea4dcd51fd7:c4795, 9ed8676d-9460-465d-9905-fd43a52295f6:c4793, da64134c-6992-4903-9407-7df321e464db:c4793]
2019-07-09 09:59:35,973 INFO  client.GrpcClientProtocolClient (GrpcClientProtocolClient.java:onNext(255)) - client-CECA27ED65B5->8cac6937-780c-4459-964a-dea4dcd51fd7: receive RaftClientReply:client-CECA27ED65B5->8cac6937-780c-4459-964a-dea4dcd51fd7@group-D84C501198B9, cid=3211, SUCCESS, logIndex=4795, commits[8cac6937-780c-4459-964a-dea4dcd51fd7:c4795, 9ed8676d-9460-465d-9905-fd43a52295f6:c4793, da64134c-6992-4903-9407-7df321e464db:c4793]
2019-07-09 09:59:35,987 INFO  client.GrpcClientProtocolClient (GrpcClientProtocolClient.java:onNext(255)) - client-CECA27ED65B5->8cac6937-780c-4459-964a-dea4dcd51fd7: receive RaftClientReply:client-CECA27ED65B5->8cac6937-780c-4459-964a-dea4dcd51fd7@group-D84C501198B9, cid=3212, SUCCESS, logIndex=4798, commits[8cac6937-780c-4459-964a-dea4dcd51fd7:c4799, 9ed8676d-9460-465d-9905-fd43a52295f6:c4795, da64134c-6992-4903-9407-7df321e464db:c4795]
2019-07-09 09:59:35,988 INFO  client.GrpcClientProtocolClient (GrpcClientProtocolClient.java:onNext(255)) - client-CECA27ED65B5->8cac6937-780c-4459-964a-dea4dcd51fd7: receive RaftClientReply:client-CECA27ED65B5->8cac6937-780c-4459-964a-dea4dcd51fd7@group-D84C501198B9, cid=3213, SUCCESS, logIndex=4799, commits[8cac6937-780c-4459-964a-dea4dcd51fd7:c4799, 9ed8676d-9460-465d-9905-fd43a52295f6:c4795, da64134c-6992-4903-9407-7df321e464db:c4795]
2019-07-09 09:59:35,999 INFO  client.GrpcClientProtocolClient (GrpcClientProtocolClient.java:onNext(255)) - client-CECA27ED65B5->8cac6937-780c-4459-964a-dea4dcd51fd7: receive RaftClientReply:client-CECA27ED65B5->8cac6937-780c-4459-964a-dea4dcd51fd7@group-D84C501198B9, cid=3214, SUCCESS, logIndex=0, commits[8cac6937-780c-4459-964a-dea4dcd51fd7:c4800, 9ed8676d-9460-465d-9905-fd43a52295f6:c4799, da64134c-6992-4903-9407-7df321e464db:c4799]
2019-07-09 09:59:36,019 INFO  client.GrpcClientProtocolClient (GrpcClientProtocolClient.java:onNext(255)) - client-CECA27ED65B5->8cac6937-780c-4459-964a-dea4dcd51fd7: receive RaftClientReply:client-CECA27ED65B5->8cac6937-780c-4459-964a-dea4dcd51fd7@group-D84C501198B9, cid=3215, SUCCESS, logIndex=4802, commits[8cac6937-780c-4459-964a-dea4dcd51fd7:c4804, 9ed8676d-9460-465d-9905-fd43a52295f6:c4799, da64134c-6992-4903-9407-7df321e464db:c4801]
2019-07-09 09:59:36,019 INFO  client.GrpcClientProtocolClient (GrpcClientProtocolClient.java:onNext(255)) - client-CECA27ED65B5->8cac6937-780c-4459-964a-dea4dcd51fd7: receive RaftClientReply:client-CECA27ED65B5->8cac6937-780c-4459-964a-dea4dcd51fd7@group-D84C501198B9, cid=3216, SUCCESS, logIndex=4803, commits[8cac6937-780c-4459-964a-dea4dcd51fd7:c4805, 9ed8676d-9460-465d-9905-fd43a52295f6:c4801, da64134c-6992-4903-9407-7df321e464db:c4801]
2019-07-09 09:59:36,019 INFO  client.GrpcClientProtocolClient (GrpcClientProtocolClient.java:onNext(255)) - client-CECA27ED65B5->8cac6937-780c-4459-964a-dea4dcd51fd7: receive RaftClientReply:client-CECA27ED65B5->8cac6937-780c-4459-964a-dea4dcd51fd7@group-D84C501198B9, cid=3217, SUCCESS, logIndex=4804, commits[8cac6937-780c-4459-964a-dea4dcd51fd7:c4805, 9ed8676d-9460-465d-9905-fd43a52295f6:c4801, da64134c-6992-4903-9407-7df321e464db:c4801]
2019-07-09 09:59:36,019 INFO  client.GrpcClientProtocolClient (GrpcClientProtocolClient.java:onNext(255)) - client-CECA27ED65B5->8cac6937-780c-4459-964a-dea4dcd51fd7: receive RaftClientReply:client-CECA27ED65B5->8cac6937-780c-4459-964a-dea4dcd51fd7@group-D84C501198B9, cid=3218, SUCCESS, logIndex=4805, commits[8cac6937-780c-4459-964a-dea4dcd51fd7:c4805, 9ed8676d-9460-465d-9905-fd43a52295f6:c4801, da64134c-6992-4903-9407-7df321e464db:c4801]
2019-07-09 09:59:36,022 INFO  client.GrpcClientProtocolClient (GrpcClientProtocolClient.java:onNext(255)) - client-CECA27ED65B5->8cac6937-780c-4459-964a-dea4dcd51fd7: receive RaftClientReply:client-CECA27ED65B5->8cac6937-780c-4459-964a-dea4dcd51fd7@group-D84C501198B9, cid=3219, SUCCESS, logIndex=0, commits[8cac6937-780c-4459-964a-dea4dcd51fd7:c4809, 9ed8676d-9460-465d-9905-fd43a52295f6:c4805, da64134c-6992-4903-9407-7df321e464db:c4804]
2019-07-09 09:59:36,038 INFO  client.GrpcClientProtocolClient (GrpcClientProtocolClient.java:onNext(255)) - client-CECA27ED65B5->8cac6937-780c-4459-964a-dea4dcd51fd7: receive RaftClientReply:client-CECA27ED65B5->8cac6937-780c-4459-964a-dea4dcd51fd7@group-D84C501198B9, cid=3220, SUCCESS, logIndex=4810, commits[8cac6937-780c-4459-964a-dea4dcd51fd7:c4811, 9ed8676d-9460-465d-9905-fd43a52295f6:c4809, da64134c-6992-4903-9407-7df321e464db:c4809]
2019-07-09 09:59:36,038 INFO  client.GrpcClientProtocolClient (GrpcClientProtocolClient.java:onNext(255)) - client-CECA27ED65B5->8cac6937-780c-4459-964a-dea4dcd51fd7: receive RaftClientReply:client-CECA27ED65B5->8cac6937-780c-4459-964a-dea4dcd51fd7@group-D84C501198B9, cid=3221, SUCCESS, logIndex=4811, commits[8cac6937-780c-4459-964a-dea4dcd51fd7:c4811, 9ed8676d-9460-465d-9905-fd43a52295f6:c4809, da64134c-6992-4903-9407-7df321e464db:c4809]
2019-07-09 09:59:36,047 INFO  client.GrpcClientProtocolClient (GrpcClientProtocolClient.java:onNext(255)) - client-CECA27ED65B5->8cac6937-780c-4459-964a-dea4dcd51fd7: receive RaftClientReply:client-CECA27ED65B5->8cac6937-780c-4459-964a-dea4dcd51fd7@group-D84C501198B9, cid=3222, SUCCESS, logIndex=4814, commits[8cac6937-780c-4459-964a-dea4dcd51fd7:c4815, 9ed8676d-9460-465d-9905-fd43a52295f6:c4813, da64134c-6992-4903-9407-7df321e464db:c4813]
2019-07-09 09:59:36,047 INFO  client.GrpcClientProtocolClient (GrpcClientProtocolClient.java:onNext(255)) - client-CECA27ED65B5->8cac6937-780c-4459-964a-dea4dcd51fd7: receive RaftClientReply:client-CECA27ED65B5->8cac6937-780c-4459-964a-dea4dcd51fd7@group-D84C501198B9, cid=3223, SUCCESS, logIndex=4815, commits[8cac6937-780c-4459-964a-dea4dcd51fd7:c4815, 9ed8676d-9460-465d-9905-fd43a52295f6:c4813, da64134c-6992-4903-9407-7df321e464db:c4813]
2019-07-09 09:59:36,051 INFO  client.GrpcClientProtocolClient (GrpcClientProtocolClient.java:onNext(255)) - client-CECA27ED65B5->8cac6937-780c-4459-964a-dea4dcd51fd7: receive RaftClientReply:client-CECA27ED65B5->8cac6937-780c-4459-964a-dea4dcd51fd7@group-D84C501198B9, cid=3224, SUCCESS, logIndex=0, commits[8cac6937-780c-4459-964a-dea4dcd51fd7:c4816, 9ed8676d-9460-465d-9905-fd43a52295f6:c4815, da64134c-6992-4903-9407-7df321e464db:c4815]
2019-07-09 09:59:36,075 INFO  client.GrpcClientProtocolClient (GrpcClientProtocolClient.java:onNext(255)) - client-CECA27ED65B5->8cac6937-780c-4459-964a-dea4dcd51fd7: receive RaftClientReply:client-CECA27ED65B5->8cac6937-780c-4459-964a-dea4dcd51fd7@group-D84C501198B9, cid=3225, SUCCESS, logIndex=4818, commits[8cac6937-780c-4459-964a-dea4dcd51fd7:c4819, 9ed8676d-9460-465d-9905-fd43a52295f6:c4817, da64134c-6992-4903-9407-7df321e464db:c4815]
2019-07-09 09:59:36,075 INFO  client.GrpcClientProtocolClient (GrpcClientProtocolClient.java:onNext(255)) - client-CECA27ED65B5->8cac6937-780c-4459-964a-dea4dcd51fd7: receive RaftClientReply:client-CECA27ED65B5->8cac6937-780c-4459-964a-dea4dcd51fd7@group-D84C501198B9, cid=3226, SUCCESS, logIndex=4819, commits[8cac6937-780c-4459-964a-dea4dcd51fd7:c4819, 9ed8676d-9460-465d-9905-fd43a52295f6:c4817, da64134c-6992-4903-9407-7df321e464db:c4815]
2019-07-09 09:59:36,076 INFO  client.GrpcClientProtocolClient (GrpcClientProtocolClient.java:onNext(255)) - client-CECA27ED65B5->8cac6937-780c-4459-964a-dea4dcd51fd7: receive RaftClientReply:client-CECA27ED65B5->8cac6937-780c-4459-964a-dea4dcd51fd7@group-D84C501198B9, cid=3227, SUCCESS, logIndex=4820, commits[8cac6937-780c-4459-964a-dea4dcd51fd7:c4821, 9ed8676d-9460-465d-9905-fd43a52295f6:c4817, da64134c-6992-4903-9407-7df321e464db:c4815]
2019-07-09 09:59:36,077 INFO  client.GrpcClientProtocolClient (GrpcClientProtocolClient.java:onNext(255)) - client-CECA27ED65B5->8cac6937-780c-4459-964a-dea4dcd51fd7: receive RaftClientReply:client-CECA27ED65B5->8cac6937-780c-4459-964a-dea4dcd51fd7@group-D84C501198B9, cid=3228, SUCCESS, logIndex=4821, commits[8cac6937-780c-4459-964a-dea4dcd51fd7:c4821, 9ed8676d-9460-465d-9905-fd43a52295f6:c4817, da64134c-6992-4903-9407-7df321e464db:c4817]
2019-07-09 09:59:36,078 INFO  client.GrpcClientProtocolClient (GrpcClientProtocolClient.java:onNext(255)) - client-CECA27ED65B5->8cac6937-780c-4459-964a-dea4dcd51fd7: receive RaftClientReply:client-CECA27ED65B5->8cac6937-780c-4459-964a-dea4dcd51fd7@group-D84C501198B9, cid=3229, SUCCESS, logIndex=0, commits[8cac6937-780c-4459-964a-dea4dcd51fd7:c4823, 9ed8676d-9460-465d-9905-fd43a52295f6:c4819, da64134c-6992-4903-9407-7df321e464db:c4819]
2019-07-09 09:59:36,088 INFO  client.GrpcClientProtocolClient (GrpcClientProtocolClient.java:onNext(255)) - client-CECA27ED65B5->8cac6937-780c-4459-964a-dea4dcd51fd7: receive RaftClientReply:client-CECA27ED65B5->8cac6937-780c-4459-964a-dea4dcd51fd7@group-D84C501198B9, cid=3230, SUCCESS, logIndex=4826, commits[8cac6937-780c-4459-964a-dea4dcd51fd7:c4827, 9ed8676d-9460-465d-9905-fd43a52295f6:c4825, da64134c-6992-4903-9407-7df321e464db:c4821]
2019-07-09 09:59:36,089 INFO  client.GrpcClientProtocolClient (GrpcClientProtocolClient.java:onNext(255)) - client-CECA27ED65B5->8cac6937-780c-4459-964a-dea4dcd51fd7: receive RaftClientReply:client-CECA27ED65B5->8cac6937-780c-4459-964a-dea4dcd51fd7@group-D84C501198B9, cid=3231, SUCCESS, logIndex=4827, commits[8cac6937-780c-4459-964a-dea4dcd51fd7:c4827, 9ed8676d-9460-465d-9905-fd43a52295f6:c4825, da64134c-6992-4903-9407-7df321e464db:c4825]
2019-07-09 09:59:36,127 INFO  client.GrpcClientProtocolClient (GrpcClientProtocolClient.java:onNext(255)) - client-CECA27ED65B5->8cac6937-780c-4459-964a-dea4dcd51fd7: receive RaftClientReply:client-CECA27ED65B5->8cac6937-780c-4459-964a-dea4dcd51fd7@group-D84C501198B9, cid=3232, SUCCESS, logIndex=4830, commits[8cac6937-780c-4459-964a-dea4dcd51fd7:c4831, 9ed8676d-9460-465d-9905-fd43a52295f6:c4829, da64134c-6992-4903-9407-7df321e464db:c4829]
2019-07-09 09:59:36,127 INFO  client.GrpcClientProtocolClient (GrpcClientProtocolClient.java:onNext(255)) - client-CECA27ED65B5->8cac6937-780c-4459-964a-dea4dcd51fd7: receive RaftClientReply:client-CECA27ED65B5->8cac6937-780c-4459-964a-dea4dcd51fd7@group-D84C501198B9, cid=3233, SUCCESS, logIndex=4831, commits[8cac6937-780c-4459-964a-dea4dcd51fd7:c4831, 9ed8676d-9460-465d-9905-fd43a52295f6:c4829, da64134c-6992-4903-9407-7df321e464db:c4829]
2019-07-09 09:59:36,141 INFO  client.GrpcClientProtocolClient (GrpcClientProtocolClient.java:onNext(255)) - client-CECA27ED65B5->8cac6937-780c-4459-964a-dea4dcd51fd7: receive RaftClientReply:client-CECA27ED65B5->8cac6937-780c-4459-964a-dea4dcd51fd7@group-D84C501198B9, cid=3234, SUCCESS, logIndex=0, commits[8cac6937-780c-4459-964a-dea4dcd51fd7:c4832, 9ed8676d-9460-465d-9905-fd43a52295f6:c4831, da64134c-6992-4903-9407-7df321e464db:c4831]
2019-07-09 09:59:36,213 INFO  client.GrpcClientProtocolClient (GrpcClientProtocolClient.java:onNext(255)) - client-CECA27ED65B5->8cac6937-780c-4459-964a-dea4dcd51fd7: receive RaftClientReply:client-CECA27ED65B5->8cac6937-780c-4459-964a-dea4dcd51fd7@group-D84C501198B9, cid=3235, SUCCESS, logIndex=4834, commits[8cac6937-780c-4459-964a-dea4dcd51fd7:c4836, 9ed8676d-9460-465d-9905-fd43a52295f6:c4833, da64134c-6992-4903-9407-7df321e464db:c4833]
2019-07-09 09:59:36,213 INFO  client.GrpcClientProtocolClient (GrpcClientProtocolClient.java:onNext(255)) - client-CECA27ED65B5->8cac6937-780c-4459-964a-dea4dcd51fd7: receive RaftClientReply:client-CECA27ED65B5->8cac6937-780c-4459-964a-dea4dcd51fd7@group-D84C501198B9, cid=3236, SUCCESS, logIndex=4835, commits[8cac6937-780c-4459-964a-dea4dcd51fd7:c4837, 9ed8676d-9460-465d-9905-fd43a52295f6:c4833, da64134c-6992-4903-9407-7df321e464db:c4833]
2019-07-09 09:59:36,214 INFO  client.GrpcClientProtocolClient (GrpcClientProtocolClient.java:onNext(255)) - client-CECA27ED65B5->8cac6937-780c-4459-964a-dea4dcd51fd7: receive RaftClientReply:client-CECA27ED65B5->8cac6937-780c-4459-964a-dea4dcd51fd7@group-D84C501198B9, cid=3237, SUCCESS, logIndex=4836, commits[8cac6937-780c-4459-964a-dea4dcd51fd7:c4837, 9ed8676d-9460-465d-9905-fd43a52295f6:c4833, da64134c-6992-4903-9407-7df321e464db:c4833]
2019-07-09 09:59:36,214 INFO  client.GrpcClientProtocolClient (GrpcClientProtocolClient.java:onNext(255)) - client-CECA27ED65B5->8cac6937-780c-4459-964a-dea4dcd51fd7: receive RaftClientReply:client-CECA27ED65B5->8cac6937-780c-4459-964a-dea4dcd51fd7@group-D84C501198B9, cid=3238, SUCCESS, logIndex=4837, commits[8cac6937-780c-4459-964a-dea4dcd51fd7:c4837, 9ed8676d-9460-465d-9905-fd43a52295f6:c4833, da64134c-6992-4903-9407-7df321e464db:c4833]
2019-07-09 09:59:36,246 INFO  client.GrpcClientProtocolClient (GrpcClientProtocolClient.java:onNext(255)) - client-CECA27ED65B5->8cac6937-780c-4459-964a-dea4dcd51fd7: receive RaftClientReply:client-CECA27ED65B5->8cac6937-780c-4459-964a-dea4dcd51fd7@group-D84C501198B9, cid=3239, SUCCESS, logIndex=0, commits[8cac6937-780c-4459-964a-dea4dcd51fd7:c4841, 9ed8676d-9460-465d-9905-fd43a52295f6:c4837, da64134c-6992-4903-9407-7df321e464db:c4836]
2019-07-09 09:59:36,260 INFO  client.GrpcClientProtocolClient (GrpcClientProtocolClient.java:onNext(255)) - client-CECA27ED65B5->8cac6937-780c-4459-964a-dea4dcd51fd7: receive RaftClientReply:client-CECA27ED65B5->8cac6937-780c-4459-964a-dea4dcd51fd7@group-D84C501198B9, cid=3240, SUCCESS, logIndex=4842, commits[8cac6937-780c-4459-964a-dea4dcd51fd7:c4843, 9ed8676d-9460-465d-9905-fd43a52295f6:c4841, da64134c-6992-4903-9407-7df321e464db:c4841]
2019-07-09 09:59:36,261 INFO  client.GrpcClientProtocolClient (GrpcClientProtocolClient.java:onNext(255)) - client-CECA27ED65B5->8cac6937-780c-4459-964a-dea4dcd51fd7: receive RaftClientReply:client-CECA27ED65B5->8cac6937-780c-4459-964a-dea4dcd51fd7@group-D84C501198B9, cid=3241, SUCCESS, logIndex=4843, commits[8cac6937-780c-4459-964a-dea4dcd51fd7:c4843, 9ed8676d-9460-465d-9905-fd43a52295f6:c4841, da64134c-6992-4903-9407-7df321e464db:c4841]
 0.00% |█                                                                                                    |  0/1 Time: 0:00:282019-07-09 09:59:36,276 INFO  client.GrpcClientProtocolClient (GrpcClientProtocolClient.java:onNext(255)) - client-CECA27ED65B5->8cac6937-780c-4459-964a-dea4dcd51fd7: receive RaftClientReply:client-CECA27ED65B5->8cac6937-780c-4459-964a-dea4dcd51fd7@group-D84C501198B9, cid=3242, SUCCESS, logIndex=4846, commits[8cac6937-780c-4459-964a-dea4dcd51fd7:c4847, 9ed8676d-9460-465d-9905-fd43a52295f6:c4843, da64134c-6992-4903-9407-7df321e464db:c4843]
2019-07-09 09:59:36,276 INFO  client.GrpcClientProtocolClient (GrpcClientProtocolClient.java:onNext(255)) - client-CECA27ED65B5->8cac6937-780c-4459-964a-dea4dcd51fd7: receive RaftClientReply:client-CECA27ED65B5->8cac6937-780c-4459-964a-dea4dcd51fd7@group-D84C501198B9, cid=3243, SUCCESS, logIndex=4847, commits[8cac6937-780c-4459-964a-dea4dcd51fd7:c4847, 9ed8676d-9460-465d-9905-fd43a52295f6:c4843, da64134c-6992-4903-9407-7df321e464db:c4843]
2019-07-09 09:59:36,287 INFO  client.GrpcClientProtocolClient (GrpcClientProtocolClient.java:onNext(255)) - client-CECA27ED65B5->8cac6937-780c-4459-964a-dea4dcd51fd7: receive RaftClientReply:client-CECA27ED65B5->8cac6937-780c-4459-964a-dea4dcd51fd7@group-D84C501198B9, cid=3244, SUCCESS, logIndex=0, commits[8cac6937-780c-4459-964a-dea4dcd51fd7:c4849, 9ed8676d-9460-465d-9905-fd43a52295f6:c4847, da64134c-6992-4903-9407-7df321e464db:c4847]
2019-07-09 09:59:36,315 INFO  client.GrpcClientProtocolClient (GrpcClientProtocolClient.java:onNext(255)) - client-CECA27ED65B5->8cac6937-780c-4459-964a-dea4dcd51fd7: receive RaftClientReply:client-CECA27ED65B5->8cac6937-780c-4459-964a-dea4dcd51fd7@group-D84C501198B9, cid=3245, SUCCESS, logIndex=4850, commits[8cac6937-780c-4459-964a-dea4dcd51fd7:c4851, 9ed8676d-9460-465d-9905-fd43a52295f6:c4849, da64134c-6992-4903-9407-7df321e464db:c4849]
2019-07-09 09:59:36,316 INFO  client.GrpcClientProtocolClient (GrpcClientProtocolClient.java:onNext(255)) - client-CECA27ED65B5->8cac6937-780c-4459-964a-dea4dcd51fd7: receive RaftClientReply:client-CECA27ED65B5->8cac6937-780c-4459-964a-dea4dcd51fd7@group-D84C501198B9, cid=3246, SUCCESS, logIndex=4851, commits[8cac6937-780c-4459-964a-dea4dcd51fd7:c4851, 9ed8676d-9460-465d-9905-fd43a52295f6:c4849, da64134c-6992-4903-9407-7df321e464db:c4849]
2019-07-09 09:59:36,316 INFO  client.GrpcClientProtocolClient (GrpcClientProtocolClient.java:onNext(255)) - client-CECA27ED65B5->8cac6937-780c-4459-964a-dea4dcd51fd7: receive RaftClientReply:client-CECA27ED65B5->8cac6937-780c-4459-964a-dea4dcd51fd7@group-D84C501198B9, cid=3247, SUCCESS, logIndex=4852, commits[8cac6937-780c-4459-964a-dea4dcd51fd7:c4852, 9ed8676d-9460-465d-9905-fd43a52295f6:c4849, da64134c-6992-4903-9407-7df321e464db:c4849]
2019-07-09 09:59:36,316 INFO  client.GrpcClientProtocolClient (GrpcClientProtocolClient.java:onNext(255)) - client-CECA27ED65B5->8cac6937-780c-4459-964a-dea4dcd51fd7: receive RaftClientReply:client-CECA27ED65B5->8cac6937-780c-4459-964a-dea4dcd51fd7@group-D84C501198B9, cid=3248, SUCCESS, logIndex=4853, commits[8cac6937-780c-4459-964a-dea4dcd51fd7:c4853, 9ed8676d-9460-465d-9905-fd43a52295f6:c4849, da64134c-6992-4903-9407-7df321e464db:c4849]
2019-07-09 09:59:36,329 INFO  client.GrpcClientProtocolClient (GrpcClientProtocolClient.java:onNext(255)) - client-CECA27ED65B5->8cac6937-780c-4459-964a-dea4dcd51fd7: receive RaftClientReply:client-CECA27ED65B5->8cac6937-780c-4459-964a-dea4dcd51fd7@group-D84C501198B9, cid=3249, SUCCESS, logIndex=0, commits[8cac6937-780c-4459-964a-dea4dcd51fd7:c4855, 9ed8676d-9460-465d-9905-fd43a52295f6:c4851, da64134c-6992-4903-9407-7df321e464db:c4851]
2019-07-09 09:59:36,349 INFO  client.GrpcClientProtocolClient (GrpcClientProtocolClient.java:onNext(255)) - client-CECA27ED65B5->8cac6937-780c-4459-964a-dea4dcd51fd7: receive RaftClientReply:client-CECA27ED65B5->8cac6937-780c-4459-964a-dea4dcd51fd7@group-D84C501198B9, cid=3250, SUCCESS, logIndex=4858, commits[8cac6937-780c-4459-964a-dea4dcd51fd7:c4859, 9ed8676d-9460-465d-9905-fd43a52295f6:c4857, da64134c-6992-4903-9407-7df321e464db:c4857]
2019-07-09 09:59:36,350 INFO  client.GrpcClientProtocolClient (GrpcClientProtocolClient.java:onNext(255)) - client-CECA27ED65B5->8cac6937-780c-4459-964a-dea4dcd51fd7: receive RaftClientReply:client-CECA27ED65B5->8cac6937-780c-4459-964a-dea4dcd51fd7@group-D84C501198B9, cid=3251, SUCCESS, logIndex=4859, commits[8cac6937-780c-4459-964a-dea4dcd51fd7:c4859, 9ed8676d-9460-465d-9905-fd43a52295f6:c4857, da64134c-6992-4903-9407-7df321e464db:c4857]
2019-07-09 09:59:36,363 INFO  client.GrpcClientProtocolClient (GrpcClientProtocolClient.java:onNext(255)) - client-CECA27ED65B5->8cac6937-780c-4459-964a-dea4dcd51fd7: receive RaftClientReply:client-CECA27ED65B5->8cac6937-780c-4459-964a-dea4dcd51fd7@group-D84C501198B9, cid=3252, SUCCESS, logIndex=4862, commits[8cac6937-780c-4459-964a-dea4dcd51fd7:c4862, 9ed8676d-9460-465d-9905-fd43a52295f6:c4859, da64134c-6992-4903-9407-7df321e464db:c4859]
2019-07-09 09:59:36,363 INFO  client.GrpcClientProtocolClient (GrpcClientProtocolClient.java:onNext(255)) - client-CECA27ED65B5->8cac6937-780c-4459-964a-dea4dcd51fd7: receive RaftClientReply:client-CECA27ED65B5->8cac6937-780c-4459-964a-dea4dcd51fd7@group-D84C501198B9, cid=3253, SUCCESS, logIndex=4863, commits[8cac6937-780c-4459-964a-dea4dcd51fd7:c4863, 9ed8676d-9460-465d-9905-fd43a52295f6:c4859, da64134c-6992-4903-9407-7df321e464db:c4859]
2019-07-09 09:59:36,377 INFO  client.GrpcClientProtocolClient (GrpcClientProtocolClient.java:onNext(255)) - client-CECA27ED65B5->8cac6937-780c-4459-964a-dea4dcd51fd7: receive RaftClientReply:client-CECA27ED65B5->8cac6937-780c-4459-964a-dea4dcd51fd7@group-D84C501198B9, cid=3254, SUCCESS, logIndex=0, commits[8cac6937-780c-4459-964a-dea4dcd51fd7:c4865, 9ed8676d-9460-465d-9905-fd43a52295f6:c4863, da64134c-6992-4903-9407-7df321e464db:c4863]
2019-07-09 09:59:36,400 INFO  client.GrpcClientProtocolClient (GrpcClientProtocolClient.java:onNext(255)) - client-CECA27ED65B5->8cac6937-780c-4459-964a-dea4dcd51fd7: receive RaftClientReply:client-CECA27ED65B5->8cac6937-780c-4459-964a-dea4dcd51fd7@group-D84C501198B9, cid=3255, SUCCESS, logIndex=4866, commits[8cac6937-780c-4459-964a-dea4dcd51fd7:c4867, 9ed8676d-9460-465d-9905-fd43a52295f6:c4865, da64134c-6992-4903-9407-7df321e464db:c4865]
2019-07-09 09:59:36,401 INFO  client.GrpcClientProtocolClient (GrpcClientProtocolClient.java:onNext(255)) - client-CECA27ED65B5->8cac6937-780c-4459-964a-dea4dcd51fd7: receive RaftClientReply:client-CECA27ED65B5->8cac6937-780c-4459-964a-dea4dcd51fd7@group-D84C501198B9, cid=3256, SUCCESS, logIndex=4867, commits[8cac6937-780c-4459-964a-dea4dcd51fd7:c4867, 9ed8676d-9460-465d-9905-fd43a52295f6:c4865, da64134c-6992-4903-9407-7df321e464db:c4865]
2019-07-09 09:59:36,402 INFO  client.GrpcClientProtocolClient (GrpcClientProtocolClient.java:onNext(255)) - client-CECA27ED65B5->8cac6937-780c-4459-964a-dea4dcd51fd7: receive RaftClientReply:client-CECA27ED65B5->8cac6937-780c-4459-964a-dea4dcd51fd7@group-D84C501198B9, cid=3257, SUCCESS, logIndex=4868, commits[8cac6937-780c-4459-964a-dea4dcd51fd7:c4871, 9ed8676d-9460-465d-9905-fd43a52295f6:c4865, da64134c-6992-4903-9407-7df321e464db:c4867]
2019-07-09 09:59:36,402 INFO  client.GrpcClientProtocolClient (GrpcClientProtocolClient.java:onNext(255)) - client-CECA27ED65B5->8cac6937-780c-4459-964a-dea4dcd51fd7: receive RaftClientReply:client-CECA27ED65B5->8cac6937-780c-4459-964a-dea4dcd51fd7@group-D84C501198B9, cid=3258, SUCCESS, logIndex=4869, commits[8cac6937-780c-4459-964a-dea4dcd51fd7:c4871, 9ed8676d-9460-465d-9905-fd43a52295f6:c4865, da64134c-6992-4903-9407-7df321e464db:c4867]
2019-07-09 09:59:36,403 INFO  client.GrpcClientProtocolClient (GrpcClientProtocolClient.java:onNext(255)) - client-CECA27ED65B5->8cac6937-780c-4459-964a-dea4dcd51fd7: receive RaftClientReply:client-CECA27ED65B5->8cac6937-780c-4459-964a-dea4dcd51fd7@group-D84C501198B9, cid=3259, SUCCESS, logIndex=0, commits[8cac6937-780c-4459-964a-dea4dcd51fd7:c4872, 9ed8676d-9460-465d-9905-fd43a52295f6:c4867, da64134c-6992-4903-9407-7df321e464db:c4868]
2019-07-09 09:59:36,416 INFO  client.GrpcClientProtocolClient (GrpcClientProtocolClient.java:onNext(255)) - client-CECA27ED65B5->8cac6937-780c-4459-964a-dea4dcd51fd7: receive RaftClientReply:client-CECA27ED65B5->8cac6937-780c-4459-964a-dea4dcd51fd7@group-D84C501198B9, cid=3260, SUCCESS, logIndex=4874, commits[8cac6937-780c-4459-964a-dea4dcd51fd7:c4875, 9ed8676d-9460-465d-9905-fd43a52295f6:c4873, da64134c-6992-4903-9407-7df321e464db:c4873]
2019-07-09 09:59:36,416 INFO  client.GrpcClientProtocolClient (GrpcClientProtocolClient.java:onNext(255)) - client-CECA27ED65B5->8cac6937-780c-4459-964a-dea4dcd51fd7: receive RaftClientReply:client-CECA27ED65B5->8cac6937-780c-4459-964a-dea4dcd51fd7@group-D84C501198B9, cid=3261, SUCCESS, logIndex=4875, commits[8cac6937-780c-4459-964a-dea4dcd51fd7:c4875, 9ed8676d-9460-465d-9905-fd43a52295f6:c4873, da64134c-6992-4903-9407-7df321e464db:c4873]
2019-07-09 09:59:36,429 INFO  client.GrpcClientProtocolClient (GrpcClientProtocolClient.java:onNext(255)) - client-CECA27ED65B5->8cac6937-780c-4459-964a-dea4dcd51fd7: receive RaftClientReply:client-CECA27ED65B5->8cac6937-780c-4459-964a-dea4dcd51fd7@group-D84C501198B9, cid=3262, SUCCESS, logIndex=4878, commits[8cac6937-780c-4459-964a-dea4dcd51fd7:c4879, 9ed8676d-9460-465d-9905-fd43a52295f6:c4875, da64134c-6992-4903-9407-7df321e464db:c4875]
2019-07-09 09:59:36,429 INFO  client.GrpcClientProtocolClient (GrpcClientProtocolClient.java:onNext(255)) - client-CECA27ED65B5->8cac6937-780c-4459-964a-dea4dcd51fd7: receive RaftClientReply:client-CECA27ED65B5->8cac6937-780c-4459-964a-dea4dcd51fd7@group-D84C501198B9, cid=3263, SUCCESS, logIndex=4879, commits[8cac6937-780c-4459-964a-dea4dcd51fd7:c4879, 9ed8676d-9460-465d-9905-fd43a52295f6:c4875, da64134c-6992-4903-9407-7df321e464db:c4875]
2019-07-09 09:59:36,444 INFO  client.GrpcClientProtocolClient (GrpcClientProtocolClient.java:onNext(255)) - client-CECA27ED65B5->8cac6937-780c-4459-964a-dea4dcd51fd7: receive RaftClientReply:client-CECA27ED65B5->8cac6937-780c-4459-964a-dea4dcd51fd7@group-D84C501198B9, cid=3264, SUCCESS, logIndex=0, commits[8cac6937-780c-4459-964a-dea4dcd51fd7:c4881, 9ed8676d-9460-465d-9905-fd43a52295f6:c4879, da64134c-6992-4903-9407-7df321e464db:c4879]
2019-07-09 09:59:36,467 INFO  client.GrpcClientProtocolClient (GrpcClientProtocolClient.java:onNext(255)) - client-CECA27ED65B5->8cac6937-780c-4459-964a-dea4dcd51fd7: receive RaftClientReply:client-CECA27ED65B5->8cac6937-780c-4459-964a-dea4dcd51fd7@group-D84C501198B9, cid=3265, SUCCESS, logIndex=4882, commits[8cac6937-780c-4459-964a-dea4dcd51fd7:c4883, 9ed8676d-9460-465d-9905-fd43a52295f6:c4881, da64134c-6992-4903-9407-7df321e464db:c4881]
2019-07-09 09:59:36,468 INFO  client.GrpcClientProtocolClient (GrpcClientProtocolClient.java:onNext(255)) - client-CECA27ED65B5->8cac6937-780c-4459-964a-dea4dcd51fd7: receive RaftClientReply:client-CECA27ED65B5->8cac6937-780c-4459-964a-dea4dcd51fd7@group-D84C501198B9, cid=3266, SUCCESS, logIndex=4883, commits[8cac6937-780c-4459-964a-dea4dcd51fd7:c4883, 9ed8676d-9460-465d-9905-fd43a52295f6:c4881, da64134c-6992-4903-9407-7df321e464db:c4881]
2019-07-09 09:59:36,468 INFO  client.GrpcClientProtocolClient (GrpcClientProtocolClient.java:onNext(255)) - client-CECA27ED65B5->8cac6937-780c-4459-964a-dea4dcd51fd7: receive RaftClientReply:client-CECA27ED65B5->8cac6937-780c-4459-964a-dea4dcd51fd7@group-D84C501198B9, cid=3267, SUCCESS, logIndex=4884, commits[8cac6937-780c-4459-964a-dea4dcd51fd7:c4885, 9ed8676d-9460-465d-9905-fd43a52295f6:c4881, da64134c-6992-4903-9407-7df321e464db:c4881]
2019-07-09 09:59:36,469 INFO  client.GrpcClientProtocolClient (GrpcClientProtocolClient.java:onNext(255)) - client-CECA27ED65B5->8cac6937-780c-4459-964a-dea4dcd51fd7: receive RaftClientReply:client-CECA27ED65B5->8cac6937-780c-4459-964a-dea4dcd51fd7@group-D84C501198B9, cid=3268, SUCCESS, logIndex=4885, commits[8cac6937-780c-4459-964a-dea4dcd51fd7:c4885, 9ed8676d-9460-465d-9905-fd43a52295f6:c4881, da64134c-6992-4903-9407-7df321e464db:c4881]
2019-07-09 09:59:36,470 INFO  client.GrpcClientProtocolClient (GrpcClientProtocolClient.java:onNext(255)) - client-CECA27ED65B5->8cac6937-780c-4459-964a-dea4dcd51fd7: receive RaftClientReply:client-CECA27ED65B5->8cac6937-780c-4459-964a-dea4dcd51fd7@group-D84C501198B9, cid=3269, SUCCESS, logIndex=0, commits[8cac6937-780c-4459-964a-dea4dcd51fd7:c4887, 9ed8676d-9460-465d-9905-fd43a52295f6:c4883, da64134c-6992-4903-9407-7df321e464db:c4883]
2019-07-09 09:59:36,484 INFO  client.GrpcClientProtocolClient (GrpcClientProtocolClient.java:onNext(255)) - client-CECA27ED65B5->8cac6937-780c-4459-964a-dea4dcd51fd7: receive RaftClientReply:client-CECA27ED65B5->8cac6937-780c-4459-964a-dea4dcd51fd7@group-D84C501198B9, cid=3270, SUCCESS, logIndex=4890, commits[8cac6937-780c-4459-964a-dea4dcd51fd7:c4891, 9ed8676d-9460-465d-9905-fd43a52295f6:c4889, da64134c-6992-4903-9407-7df321e464db:c4889]
2019-07-09 09:59:36,484 INFO  client.GrpcClientProtocolClient (GrpcClientProtocolClient.java:onNext(255)) - client-CECA27ED65B5->8cac6937-780c-4459-964a-dea4dcd51fd7: receive RaftClientReply:client-CECA27ED65B5->8cac6937-780c-4459-964a-dea4dcd51fd7@group-D84C501198B9, cid=3271, SUCCESS, logIndex=4891, commits[8cac6937-780c-4459-964a-dea4dcd51fd7:c4891, 9ed8676d-9460-465d-9905-fd43a52295f6:c4889, da64134c-6992-4903-9407-7df321e464db:c4889]
2019-07-09 09:59:36,514 INFO  client.GrpcClientProtocolClient (GrpcClientProtocolClient.java:onNext(255)) - client-CECA27ED65B5->8cac6937-780c-4459-964a-dea4dcd51fd7: receive RaftClientReply:client-CECA27ED65B5->8cac6937-780c-4459-964a-dea4dcd51fd7@group-D84C501198B9, cid=3272, SUCCESS, logIndex=4894, commits[8cac6937-780c-4459-964a-dea4dcd51fd7:c4895, 9ed8676d-9460-465d-9905-fd43a52295f6:c4891, da64134c-6992-4903-9407-7df321e464db:c4891]
2019-07-09 09:59:36,515 INFO  client.GrpcClientProtocolClient (GrpcClientProtocolClient.java:onNext(255)) - client-CECA27ED65B5->8cac6937-780c-4459-964a-dea4dcd51fd7: receive RaftClientReply:client-CECA27ED65B5->8cac6937-780c-4459-964a-dea4dcd51fd7@group-D84C501198B9, cid=3273, SUCCESS, logIndex=4895, commits[8cac6937-780c-4459-964a-dea4dcd51fd7:c4895, 9ed8676d-9460-465d-9905-fd43a52295f6:c4891, da64134c-6992-4903-9407-7df321e464db:c4891]
2019-07-09 09:59:36,527 INFO  client.GrpcClientProtocolClient (GrpcClientProtocolClient.java:onNext(255)) - client-CECA27ED65B5->8cac6937-780c-4459-964a-dea4dcd51fd7: receive RaftClientReply:client-CECA27ED65B5->8cac6937-780c-4459-964a-dea4dcd51fd7@group-D84C501198B9, cid=3274, SUCCESS, logIndex=0, commits[8cac6937-780c-4459-964a-dea4dcd51fd7:c4897, 9ed8676d-9460-465d-9905-fd43a52295f6:c4895, da64134c-6992-4903-9407-7df321e464db:c4895]
2019-07-09 09:59:36,644 INFO  client.GrpcClientProtocolClient (GrpcClientProtocolClient.java:onNext(255)) - client-CECA27ED65B5->8cac6937-780c-4459-964a-dea4dcd51fd7: receive RaftClientReply:client-CECA27ED65B5->8cac6937-780c-4459-964a-dea4dcd51fd7@group-D84C501198B9, cid=3275, SUCCESS, logIndex=4898, commits[8cac6937-780c-4459-964a-dea4dcd51fd7:c4899, 9ed8676d-9460-465d-9905-fd43a52295f6:c4897, da64134c-6992-4903-9407-7df321e464db:c4897]
2019-07-09 09:59:36,645 INFO  client.GrpcClientProtocolClient (GrpcClientProtocolClient.java:onNext(255)) - client-CECA27ED65B5->8cac6937-780c-4459-964a-dea4dcd51fd7: receive RaftClientReply:client-CECA27ED65B5->8cac6937-780c-4459-964a-dea4dcd51fd7@group-D84C501198B9, cid=3276, SUCCESS, logIndex=4899, commits[8cac6937-780c-4459-964a-dea4dcd51fd7:c4901, 9ed8676d-9460-465d-9905-fd43a52295f6:c4897, da64134c-6992-4903-9407-7df321e464db:c4897]
2019-07-09 09:59:36,645 INFO  client.GrpcClientProtocolClient (GrpcClientProtocolClient.java:onNext(255)) - client-CECA27ED65B5->8cac6937-780c-4459-964a-dea4dcd51fd7: receive RaftClientReply:client-CECA27ED65B5->8cac6937-780c-4459-964a-dea4dcd51fd7@group-D84C501198B9, cid=3277, SUCCESS, logIndex=4900, commits[8cac6937-780c-4459-964a-dea4dcd51fd7:c4901, 9ed8676d-9460-465d-9905-fd43a52295f6:c4897, da64134c-6992-4903-9407-7df321e464db:c4897]
2019-07-09 09:59:36,646 INFO  client.GrpcClientProtocolClient (GrpcClientProtocolClient.java:onNext(255)) - client-CECA27ED65B5->8cac6937-780c-4459-964a-dea4dcd51fd7: receive RaftClientReply:client-CECA27ED65B5->8cac6937-780c-4459-964a-dea4dcd51fd7@group-D84C501198B9, cid=3278, SUCCESS, logIndex=4901, commits[8cac6937-780c-4459-964a-dea4dcd51fd7:c4901, 9ed8676d-9460-465d-9905-fd43a52295f6:c4897, da64134c-6992-4903-9407-7df321e464db:c4897]
2019-07-09 09:59:36,658 INFO  client.GrpcClientProtocolClient (GrpcClientProtocolClient.java:onNext(255)) - client-CECA27ED65B5->8cac6937-780c-4459-964a-dea4dcd51fd7: receive RaftClientReply:client-CECA27ED65B5->8cac6937-780c-4459-964a-dea4dcd51fd7@group-D84C501198B9, cid=3279, SUCCESS, logIndex=0, commits[8cac6937-780c-4459-964a-dea4dcd51fd7:c4903, 9ed8676d-9460-465d-9905-fd43a52295f6:c4899, da64134c-6992-4903-9407-7df321e464db:c4899]
2019-07-09 09:59:36,680 INFO  client.GrpcClientProtocolClient (GrpcClientProtocolClient.java:onNext(255)) - client-CECA27ED65B5->8cac6937-780c-4459-964a-dea4dcd51fd7: receive RaftClientReply:client-CECA27ED65B5->8cac6937-780c-4459-964a-dea4dcd51fd7@group-D84C501198B9, cid=3280, SUCCESS, logIndex=4906, commits[8cac6937-780c-4459-964a-dea4dcd51fd7:c4907, 9ed8676d-9460-465d-9905-fd43a52295f6:c4905, da64134c-6992-4903-9407-7df321e464db:c4905]
2019-07-09 09:59:36,680 INFO  client.GrpcClientProtocolClient (GrpcClientProtocolClient.java:onNext(255)) - client-CECA27ED65B5->8cac6937-780c-4459-964a-dea4dcd51fd7: receive RaftClientReply:client-CECA27ED65B5->8cac6937-780c-4459-964a-dea4dcd51fd7@group-D84C501198B9, cid=3281, SUCCESS, logIndex=4907, commits[8cac6937-780c-4459-964a-dea4dcd51fd7:c4907, 9ed8676d-9460-465d-9905-fd43a52295f6:c4905, da64134c-6992-4903-9407-7df321e464db:c4905]
2019-07-09 09:59:36,693 INFO  client.GrpcClientProtocolClient (GrpcClientProtocolClient.java:onNext(255)) - client-CECA27ED65B5->8cac6937-780c-4459-964a-dea4dcd51fd7: receive RaftClientReply:client-CECA27ED65B5->8cac6937-780c-4459-964a-dea4dcd51fd7@group-D84C501198B9, cid=3282, SUCCESS, logIndex=4910, commits[8cac6937-780c-4459-964a-dea4dcd51fd7:c4911, 9ed8676d-9460-465d-9905-fd43a52295f6:c4907, da64134c-6992-4903-9407-7df321e464db:c4907]
2019-07-09 09:59:36,693 INFO  client.GrpcClientProtocolClient (GrpcClientProtocolClient.java:onNext(255)) - client-CECA27ED65B5->8cac6937-780c-4459-964a-dea4dcd51fd7: receive RaftClientReply:client-CECA27ED65B5->8cac6937-780c-4459-964a-dea4dcd51fd7@group-D84C501198B9, cid=3283, SUCCESS, logIndex=4911, commits[8cac6937-780c-4459-964a-dea4dcd51fd7:c4911, 9ed8676d-9460-465d-9905-fd43a52295f6:c4907, da64134c-6992-4903-9407-7df321e464db:c4907]
2019-07-09 09:59:36,696 INFO  client.GrpcClientProtocolClient (GrpcClientProtocolClient.java:onNext(255)) - client-CECA27ED65B5->8cac6937-780c-4459-964a-dea4dcd51fd7: receive RaftClientReply:client-CECA27ED65B5->8cac6937-780c-4459-964a-dea4dcd51fd7@group-D84C501198B9, cid=3284, SUCCESS, logIndex=0, commits[8cac6937-780c-4459-964a-dea4dcd51fd7:c4912, 9ed8676d-9460-465d-9905-fd43a52295f6:c4911, da64134c-6992-4903-9407-7df321e464db:c4911]
2019-07-09 09:59:36,730 INFO  client.GrpcClientProtocolClient (GrpcClientProtocolClient.java:onNext(255)) - client-CECA27ED65B5->8cac6937-780c-4459-964a-dea4dcd51fd7: receive RaftClientReply:client-CECA27ED65B5->8cac6937-780c-4459-964a-dea4dcd51fd7@group-D84C501198B9, cid=3285, SUCCESS, logIndex=4914, commits[8cac6937-780c-4459-964a-dea4dcd51fd7:c4915, 9ed8676d-9460-465d-9905-fd43a52295f6:c4913, da64134c-6992-4903-9407-7df321e464db:c4913]
2019-07-09 09:59:36,731 INFO  client.GrpcClientProtocolClient (GrpcClientProtocolClient.java:onNext(255)) - client-CECA27ED65B5->8cac6937-780c-4459-964a-dea4dcd51fd7: receive RaftClientReply:client-CECA27ED65B5->8cac6937-780c-4459-964a-dea4dcd51fd7@group-D84C501198B9, cid=3286, SUCCESS, logIndex=4915, commits[8cac6937-780c-4459-964a-dea4dcd51fd7:c4915, 9ed8676d-9460-465d-9905-fd43a52295f6:c4913, da64134c-6992-4903-9407-7df321e464db:c4913]
2019-07-09 09:59:36,731 INFO  client.GrpcClientProtocolClient (GrpcClientProtocolClient.java:onNext(255)) - client-CECA27ED65B5->8cac6937-780c-4459-964a-dea4dcd51fd7: receive RaftClientReply:client-CECA27ED65B5->8cac6937-780c-4459-964a-dea4dcd51fd7@group-D84C501198B9, cid=3287, SUCCESS, logIndex=4916, commits[8cac6937-780c-4459-964a-dea4dcd51fd7:c4917, 9ed8676d-9460-465d-9905-fd43a52295f6:c4913, da64134c-6992-4903-9407-7df321e464db:c4913]
2019-07-09 09:59:36,731 INFO  client.GrpcClientProtocolClient (GrpcClientProtocolClient.java:onNext(255)) - client-CECA27ED65B5->8cac6937-780c-4459-964a-dea4dcd51fd7: receive RaftClientReply:client-CECA27ED65B5->8cac6937-780c-4459-964a-dea4dcd51fd7@group-D84C501198B9, cid=3288, SUCCESS, logIndex=4917, commits[8cac6937-780c-4459-964a-dea4dcd51fd7:c4917, 9ed8676d-9460-465d-9905-fd43a52295f6:c4913, da64134c-6992-4903-9407-7df321e464db:c4913]
2019-07-09 09:59:36,744 INFO  client.GrpcClientProtocolClient (GrpcClientProtocolClient.java:onNext(255)) - client-CECA27ED65B5->8cac6937-780c-4459-964a-dea4dcd51fd7: receive RaftClientReply:client-CECA27ED65B5->8cac6937-780c-4459-964a-dea4dcd51fd7@group-D84C501198B9, cid=3289, SUCCESS, logIndex=0, commits[8cac6937-780c-4459-964a-dea4dcd51fd7:c4919, 9ed8676d-9460-465d-9905-fd43a52295f6:c4915, da64134c-6992-4903-9407-7df321e464db:c4915]
2019-07-09 09:59:36,764 INFO  client.GrpcClientProtocolClient (GrpcClientProtocolClient.java:onNext(255)) - client-CECA27ED65B5->8cac6937-780c-4459-964a-dea4dcd51fd7: receive RaftClientReply:client-CECA27ED65B5->8cac6937-780c-4459-964a-dea4dcd51fd7@group-D84C501198B9, cid=3290, SUCCESS, logIndex=4922, commits[8cac6937-780c-4459-964a-dea4dcd51fd7:c4923, 9ed8676d-9460-465d-9905-fd43a52295f6:c4921, da64134c-6992-4903-9407-7df321e464db:c4921]
2019-07-09 09:59:36,764 INFO  client.GrpcClientProtocolClient (GrpcClientProtocolClient.java:onNext(255)) - client-CECA27ED65B5->8cac6937-780c-4459-964a-dea4dcd51fd7: receive RaftClientReply:client-CECA27ED65B5->8cac6937-780c-4459-964a-dea4dcd51fd7@group-D84C501198B9, cid=3291, SUCCESS, logIndex=4923, commits[8cac6937-780c-4459-964a-dea4dcd51fd7:c4923, 9ed8676d-9460-465d-9905-fd43a52295f6:c4921, da64134c-6992-4903-9407-7df321e464db:c4921]
2019-07-09 09:59:36,779 INFO  client.GrpcClientProtocolClient (GrpcClientProtocolClient.java:onNext(255)) - client-CECA27ED65B5->8cac6937-780c-4459-964a-dea4dcd51fd7: receive RaftClientReply:client-CECA27ED65B5->8cac6937-780c-4459-964a-dea4dcd51fd7@group-D84C501198B9, cid=3292, SUCCESS, logIndex=4926, commits[8cac6937-780c-4459-964a-dea4dcd51fd7:c4927, 9ed8676d-9460-465d-9905-fd43a52295f6:c4923, da64134c-6992-4903-9407-7df321e464db:c4923]
2019-07-09 09:59:36,779 INFO  client.GrpcClientProtocolClient (GrpcClientProtocolClient.java:onNext(255)) - client-CECA27ED65B5->8cac6937-780c-4459-964a-dea4dcd51fd7: receive RaftClientReply:client-CECA27ED65B5->8cac6937-780c-4459-964a-dea4dcd51fd7@group-D84C501198B9, cid=3293, SUCCESS, logIndex=4927, commits[8cac6937-780c-4459-964a-dea4dcd51fd7:c4927, 9ed8676d-9460-465d-9905-fd43a52295f6:c4923, da64134c-6992-4903-9407-7df321e464db:c4923]
2019-07-09 09:59:36,809 INFO  client.GrpcClientProtocolClient (GrpcClientProtocolClient.java:onNext(255)) - client-CECA27ED65B5->8cac6937-780c-4459-964a-dea4dcd51fd7: receive RaftClientReply:client-CECA27ED65B5->8cac6937-780c-4459-964a-dea4dcd51fd7@group-D84C501198B9, cid=3294, SUCCESS, logIndex=0, commits[8cac6937-780c-4459-964a-dea4dcd51fd7:c4929, 9ed8676d-9460-465d-9905-fd43a52295f6:c4927, da64134c-6992-4903-9407-7df321e464db:c4927]
2019-07-09 09:59:36,842 INFO  client.GrpcClientProtocolClient (GrpcClientProtocolClient.java:onNext(255)) - client-CECA27ED65B5->8cac6937-780c-4459-964a-dea4dcd51fd7: receive RaftClientReply:client-CECA27ED65B5->8cac6937-780c-4459-964a-dea4dcd51fd7@group-D84C501198B9, cid=3295, SUCCESS, logIndex=4930, commits[8cac6937-780c-4459-964a-dea4dcd51fd7:c4931, 9ed8676d-9460-465d-9905-fd43a52295f6:c4929, da64134c-6992-4903-9407-7df321e464db:c4929]
2019-07-09 09:59:36,843 INFO  client.GrpcClientProtocolClient (GrpcClientProtocolClient.java:onNext(255)) - client-CECA27ED65B5->8cac6937-780c-4459-964a-dea4dcd51fd7: receive RaftClientReply:client-CECA27ED65B5->8cac6937-780c-4459-964a-dea4dcd51fd7@group-D84C501198B9, cid=3296, SUCCESS, logIndex=4931, commits[8cac6937-780c-4459-964a-dea4dcd51fd7:c4931, 9ed8676d-9460-465d-9905-fd43a52295f6:c4929, da64134c-6992-4903-9407-7df321e464db:c4929]
2019-07-09 09:59:36,844 INFO  client.GrpcClientProtocolClient (GrpcClientProtocolClient.java:onNext(255)) - client-CECA27ED65B5->8cac6937-780c-4459-964a-dea4dcd51fd7: receive RaftClientReply:client-CECA27ED65B5->8cac6937-780c-4459-964a-dea4dcd51fd7@group-D84C501198B9, cid=3297, SUCCESS, logIndex=4932, commits[8cac6937-780c-4459-964a-dea4dcd51fd7:c4932, 9ed8676d-9460-465d-9905-fd43a52295f6:c4929, da64134c-6992-4903-9407-7df321e464db:c4929]
2019-07-09 09:59:36,844 INFO  client.GrpcClientProtocolClient (GrpcClientProtocolClient.java:onNext(255)) - client-CECA27ED65B5->8cac6937-780c-4459-964a-dea4dcd51fd7: receive RaftClientReply:client-CECA27ED65B5->8cac6937-780c-4459-964a-dea4dcd51fd7@group-D84C501198B9, cid=3298, SUCCESS, logIndex=4933, commits[8cac6937-780c-4459-964a-dea4dcd51fd7:c4933, 9ed8676d-9460-465d-9905-fd43a52295f6:c4929, da64134c-6992-4903-9407-7df321e464db:c4929]
2019-07-09 09:59:36,846 INFO  client.GrpcClientProtocolClient (GrpcClientProtocolClient.java:onNext(255)) - client-CECA27ED65B5->8cac6937-780c-4459-964a-dea4dcd51fd7: receive RaftClientReply:client-CECA27ED65B5->8cac6937-780c-4459-964a-dea4dcd51fd7@group-D84C501198B9, cid=3299, SUCCESS, logIndex=0, commits[8cac6937-780c-4459-964a-dea4dcd51fd7:c4937, 9ed8676d-9460-465d-9905-fd43a52295f6:c4933, da64134c-6992-4903-9407-7df321e464db:c4931]
2019-07-09 09:59:36,866 INFO  client.GrpcClientProtocolClient (GrpcClientProtocolClient.java:onNext(255)) - client-CECA27ED65B5->8cac6937-780c-4459-964a-dea4dcd51fd7: receive RaftClientReply:client-CECA27ED65B5->8cac6937-780c-4459-964a-dea4dcd51fd7@group-D84C501198B9, cid=3300, SUCCESS, logIndex=4938, commits[8cac6937-780c-4459-964a-dea4dcd51fd7:c4939, 9ed8676d-9460-465d-9905-fd43a52295f6:c4937, da64134c-6992-4903-9407-7df321e464db:c4937]
2019-07-09 09:59:36,867 INFO  client.GrpcClientProtocolClient (GrpcClientProtocolClient.java:onNext(255)) - client-CECA27ED65B5->8cac6937-780c-4459-964a-dea4dcd51fd7: receive RaftClientReply:client-CECA27ED65B5->8cac6937-780c-4459-964a-dea4dcd51fd7@group-D84C501198B9, cid=3301, SUCCESS, logIndex=4939, commits[8cac6937-780c-4459-964a-dea4dcd51fd7:c4939, 9ed8676d-9460-465d-9905-fd43a52295f6:c4937, da64134c-6992-4903-9407-7df321e464db:c4937]
2019-07-09 09:59:36,881 INFO  client.GrpcClientProtocolClient (GrpcClientProtocolClient.java:onNext(255)) - client-CECA27ED65B5->8cac6937-780c-4459-964a-dea4dcd51fd7: receive RaftClientReply:client-CECA27ED65B5->8cac6937-780c-4459-964a-dea4dcd51fd7@group-D84C501198B9, cid=3302, SUCCESS, logIndex=4942, commits[8cac6937-780c-4459-964a-dea4dcd51fd7:c4943, 9ed8676d-9460-465d-9905-fd43a52295f6:c4939, da64134c-6992-4903-9407-7df321e464db:c4939]
2019-07-09 09:59:36,882 INFO  client.GrpcClientProtocolClient (GrpcClientProtocolClient.java:onNext(255)) - client-CECA27ED65B5->8cac6937-780c-4459-964a-dea4dcd51fd7: receive RaftClientReply:client-CECA27ED65B5->8cac6937-780c-4459-964a-dea4dcd51fd7@group-D84C501198B9, cid=3303, SUCCESS, logIndex=4943, commits[8cac6937-780c-4459-964a-dea4dcd51fd7:c4943, 9ed8676d-9460-465d-9905-fd43a52295f6:c4939, da64134c-6992-4903-9407-7df321e464db:c4939]
2019-07-09 09:59:36,894 INFO  client.GrpcClientProtocolClient (GrpcClientProtocolClient.java:onNext(255)) - client-CECA27ED65B5->8cac6937-780c-4459-964a-dea4dcd51fd7: receive RaftClientReply:client-CECA27ED65B5->8cac6937-780c-4459-964a-dea4dcd51fd7@group-D84C501198B9, cid=3304, SUCCESS, logIndex=0, commits[8cac6937-780c-4459-964a-dea4dcd51fd7:c4945, 9ed8676d-9460-465d-9905-fd43a52295f6:c4943, da64134c-6992-4903-9407-7df321e464db:c4943]
2019-07-09 09:59:36,927 INFO  client.GrpcClientProtocolClient (GrpcClientProtocolClient.java:onNext(255)) - client-CECA27ED65B5->8cac6937-780c-4459-964a-dea4dcd51fd7: receive RaftClientReply:client-CECA27ED65B5->8cac6937-780c-4459-964a-dea4dcd51fd7@group-D84C501198B9, cid=3305, SUCCESS, logIndex=4946, commits[8cac6937-780c-4459-964a-dea4dcd51fd7:c4947, 9ed8676d-9460-465d-9905-fd43a52295f6:c4945, da64134c-6992-4903-9407-7df321e464db:c4945]
2019-07-09 09:59:36,927 INFO  client.GrpcClientProtocolClient (GrpcClientProtocolClient.java:onNext(255)) - client-CECA27ED65B5->8cac6937-780c-4459-964a-dea4dcd51fd7: receive RaftClientReply:client-CECA27ED65B5->8cac6937-780c-4459-964a-dea4dcd51fd7@group-D84C501198B9, cid=3306, SUCCESS, logIndex=4947, commits[8cac6937-780c-4459-964a-dea4dcd51fd7:c4947, 9ed8676d-9460-465d-9905-fd43a52295f6:c4945, da64134c-6992-4903-9407-7df321e464db:c4945]
2019-07-09 09:59:36,928 INFO  client.GrpcClientProtocolClient (GrpcClientProtocolClient.java:onNext(255)) - client-CECA27ED65B5->8cac6937-780c-4459-964a-dea4dcd51fd7: receive RaftClientReply:client-CECA27ED65B5->8cac6937-780c-4459-964a-dea4dcd51fd7@group-D84C501198B9, cid=3307, SUCCESS, logIndex=4948, commits[8cac6937-780c-4459-964a-dea4dcd51fd7:c4949, 9ed8676d-9460-465d-9905-fd43a52295f6:c4945, da64134c-6992-4903-9407-7df321e464db:c4945]
2019-07-09 09:59:36,928 INFO  client.GrpcClientProtocolClient (GrpcClientProtocolClient.java:onNext(255)) - client-CECA27ED65B5->8cac6937-780c-4459-964a-dea4dcd51fd7: receive RaftClientReply:client-CECA27ED65B5->8cac6937-780c-4459-964a-dea4dcd51fd7@group-D84C501198B9, cid=3308, SUCCESS, logIndex=4949, commits[8cac6937-780c-4459-964a-dea4dcd51fd7:c4949, 9ed8676d-9460-465d-9905-fd43a52295f6:c4945, da64134c-6992-4903-9407-7df321e464db:c4945]
2019-07-09 09:59:36,941 INFO  client.GrpcClientProtocolClient (GrpcClientProtocolClient.java:onNext(255)) - client-CECA27ED65B5->8cac6937-780c-4459-964a-dea4dcd51fd7: receive RaftClientReply:client-CECA27ED65B5->8cac6937-780c-4459-964a-dea4dcd51fd7@group-D84C501198B9, cid=3309, SUCCESS, logIndex=0, commits[8cac6937-780c-4459-964a-dea4dcd51fd7:c4951, 9ed8676d-9460-465d-9905-fd43a52295f6:c4947, da64134c-6992-4903-9407-7df321e464db:c4947]
2019-07-09 09:59:36,953 INFO  client.GrpcClientProtocolClient (GrpcClientProtocolClient.java:onNext(255)) - client-CECA27ED65B5->8cac6937-780c-4459-964a-dea4dcd51fd7: receive RaftClientReply:client-CECA27ED65B5->8cac6937-780c-4459-964a-dea4dcd51fd7@group-D84C501198B9, cid=3310, SUCCESS, logIndex=4954, commits[8cac6937-780c-4459-964a-dea4dcd51fd7:c4955, 9ed8676d-9460-465d-9905-fd43a52295f6:c4949, da64134c-6992-4903-9407-7df321e464db:c4953]
2019-07-09 09:59:36,953 INFO  client.GrpcClientProtocolClient (GrpcClientProtocolClient.java:onNext(255)) - client-CECA27ED65B5->8cac6937-780c-4459-964a-dea4dcd51fd7: receive RaftClientReply:client-CECA27ED65B5->8cac6937-780c-4459-964a-dea4dcd51fd7@group-D84C501198B9, cid=3311, SUCCESS, logIndex=4955, commits[8cac6937-780c-4459-964a-dea4dcd51fd7:c4955, 9ed8676d-9460-465d-9905-fd43a52295f6:c4953, da64134c-6992-4903-9407-7df321e464db:c4953]
2019-07-09 09:59:36,966 INFO  client.GrpcClientProtocolClient (GrpcClientProtocolClient.java:onNext(255)) - client-CECA27ED65B5->8cac6937-780c-4459-964a-dea4dcd51fd7: receive RaftClientReply:client-CECA27ED65B5->8cac6937-780c-4459-964a-dea4dcd51fd7@group-D84C501198B9, cid=3312, SUCCESS, logIndex=4958, commits[8cac6937-780c-4459-964a-dea4dcd51fd7:c4959, 9ed8676d-9460-465d-9905-fd43a52295f6:c4955, da64134c-6992-4903-9407-7df321e464db:c4955]
2019-07-09 09:59:36,966 INFO  client.GrpcClientProtocolClient (GrpcClientProtocolClient.java:onNext(255)) - client-CECA27ED65B5->8cac6937-780c-4459-964a-dea4dcd51fd7: receive RaftClientReply:client-CECA27ED65B5->8cac6937-780c-4459-964a-dea4dcd51fd7@group-D84C501198B9, cid=3313, SUCCESS, logIndex=4959, commits[8cac6937-780c-4459-964a-dea4dcd51fd7:c4959, 9ed8676d-9460-465d-9905-fd43a52295f6:c4955, da64134c-6992-4903-9407-7df321e464db:c4955]
2019-07-09 09:59:36,981 INFO  client.GrpcClientProtocolClient (GrpcClientProtocolClient.java:onNext(255)) - client-CECA27ED65B5->8cac6937-780c-4459-964a-dea4dcd51fd7: receive RaftClientReply:client-CECA27ED65B5->8cac6937-780c-4459-964a-dea4dcd51fd7@group-D84C501198B9, cid=3314, SUCCESS, logIndex=0, commits[8cac6937-780c-4459-964a-dea4dcd51fd7:c4961, 9ed8676d-9460-465d-9905-fd43a52295f6:c4959, da64134c-6992-4903-9407-7df321e464db:c4959]
2019-07-09 09:59:37,014 INFO  client.GrpcClientProtocolClient (GrpcClientProtocolClient.java:onNext(255)) - client-CECA27ED65B5->8cac6937-780c-4459-964a-dea4dcd51fd7: receive RaftClientReply:client-CECA27ED65B5->8cac6937-780c-4459-964a-dea4dcd51fd7@group-D84C501198B9, cid=3315, SUCCESS, logIndex=4962, commits[8cac6937-780c-4459-964a-dea4dcd51fd7:c4963, 9ed8676d-9460-465d-9905-fd43a52295f6:c4961, da64134c-6992-4903-9407-7df321e464db:c4961]
2019-07-09 09:59:37,015 INFO  client.GrpcClientProtocolClient (GrpcClientProtocolClient.java:onNext(255)) - client-CECA27ED65B5->8cac6937-780c-4459-964a-dea4dcd51fd7: receive RaftClientReply:client-CECA27ED65B5->8cac6937-780c-4459-964a-dea4dcd51fd7@group-D84C501198B9, cid=3316, SUCCESS, logIndex=4963, commits[8cac6937-780c-4459-964a-dea4dcd51fd7:c4963, 9ed8676d-9460-465d-9905-fd43a52295f6:c4961, da64134c-6992-4903-9407-7df321e464db:c4961]
2019-07-09 09:59:37,015 INFO  client.GrpcClientProtocolClient (GrpcClientProtocolClient.java:onNext(255)) - client-CECA27ED65B5->8cac6937-780c-4459-964a-dea4dcd51fd7: receive RaftClientReply:client-CECA27ED65B5->8cac6937-780c-4459-964a-dea4dcd51fd7@group-D84C501198B9, cid=3317, SUCCESS, logIndex=4964, commits[8cac6937-780c-4459-964a-dea4dcd51fd7:c4965, 9ed8676d-9460-465d-9905-fd43a52295f6:c4961, da64134c-6992-4903-9407-7df321e464db:c4961]
2019-07-09 09:59:37,015 INFO  client.GrpcClientProtocolClient (GrpcClientProtocolClient.java:onNext(255)) - client-CECA27ED65B5->8cac6937-780c-4459-964a-dea4dcd51fd7: receive RaftClientReply:client-CECA27ED65B5->8cac6937-780c-4459-964a-dea4dcd51fd7@group-D84C501198B9, cid=3318, SUCCESS, logIndex=4965, commits[8cac6937-780c-4459-964a-dea4dcd51fd7:c4965, 9ed8676d-9460-465d-9905-fd43a52295f6:c4961, da64134c-6992-4903-9407-7df321e464db:c4961]
2019-07-09 09:59:37,029 INFO  client.GrpcClientProtocolClient (GrpcClientProtocolClient.java:onNext(255)) - client-CECA27ED65B5->8cac6937-780c-4459-964a-dea4dcd51fd7: receive RaftClientReply:client-CECA27ED65B5->8cac6937-780c-4459-964a-dea4dcd51fd7@group-D84C501198B9, cid=3319, SUCCESS, logIndex=0, commits[8cac6937-780c-4459-964a-dea4dcd51fd7:c4967, 9ed8676d-9460-465d-9905-fd43a52295f6:c4963, da64134c-6992-4903-9407-7df321e464db:c4963]
2019-07-09 09:59:37,051 INFO  client.GrpcClientProtocolClient (GrpcClientProtocolClient.java:onNext(255)) - client-CECA27ED65B5->8cac6937-780c-4459-964a-dea4dcd51fd7: receive RaftClientReply:client-CECA27ED65B5->8cac6937-780c-4459-964a-dea4dcd51fd7@group-D84C501198B9, cid=3320, SUCCESS, logIndex=4970, commits[8cac6937-780c-4459-964a-dea4dcd51fd7:c4971, 9ed8676d-9460-465d-9905-fd43a52295f6:c4969, da64134c-6992-4903-9407-7df321e464db:c4969]
2019-07-09 09:59:37,051 INFO  client.GrpcClientProtocolClient (GrpcClientProtocolClient.java:onNext(255)) - client-CECA27ED65B5->8cac6937-780c-4459-964a-dea4dcd51fd7: receive RaftClientReply:client-CECA27ED65B5->8cac6937-780c-4459-964a-dea4dcd51fd7@group-D84C501198B9, cid=3321, SUCCESS, logIndex=4971, commits[8cac6937-780c-4459-964a-dea4dcd51fd7:c4971, 9ed8676d-9460-465d-9905-fd43a52295f6:c4969, da64134c-6992-4903-9407-7df321e464db:c4969]
2019-07-09 09:59:37,067 INFO  client.GrpcClientProtocolClient (GrpcClientProtocolClient.java:onNext(255)) - client-CECA27ED65B5->8cac6937-780c-4459-964a-dea4dcd51fd7: receive RaftClientReply:client-CECA27ED65B5->8cac6937-780c-4459-964a-dea4dcd51fd7@group-D84C501198B9, cid=3322, SUCCESS, logIndex=4974, commits[8cac6937-780c-4459-964a-dea4dcd51fd7:c4975, 9ed8676d-9460-465d-9905-fd43a52295f6:c4971, da64134c-6992-4903-9407-7df321e464db:c4971]
2019-07-09 09:59:37,067 INFO  client.GrpcClientProtocolClient (GrpcClientProtocolClient.java:onNext(255)) - client-CECA27ED65B5->8cac6937-780c-4459-964a-dea4dcd51fd7: receive RaftClientReply:client-CECA27ED65B5->8cac6937-780c-4459-964a-dea4dcd51fd7@group-D84C501198B9, cid=3323, SUCCESS, logIndex=4975, commits[8cac6937-780c-4459-964a-dea4dcd51fd7:c4975, 9ed8676d-9460-465d-9905-fd43a52295f6:c4971, da64134c-6992-4903-9407-7df321e464db:c4971]
2019-07-09 09:59:37,079 INFO  client.GrpcClientProtocolClient (GrpcClientProtocolClient.java:onNext(255)) - client-CECA27ED65B5->8cac6937-780c-4459-964a-dea4dcd51fd7: receive RaftClientReply:client-CECA27ED65B5->8cac6937-780c-4459-964a-dea4dcd51fd7@group-D84C501198B9, cid=3324, SUCCESS, logIndex=0, commits[8cac6937-780c-4459-964a-dea4dcd51fd7:c4977, 9ed8676d-9460-465d-9905-fd43a52295f6:c4975, da64134c-6992-4903-9407-7df321e464db:c4975]
2019-07-09 09:59:37,125 INFO  client.GrpcClientProtocolClient (GrpcClientProtocolClient.java:onNext(255)) - client-CECA27ED65B5->8cac6937-780c-4459-964a-dea4dcd51fd7: receive RaftClientReply:client-CECA27ED65B5->8cac6937-780c-4459-964a-dea4dcd51fd7@group-D84C501198B9, cid=3325, SUCCESS, logIndex=4978, commits[8cac6937-780c-4459-964a-dea4dcd51fd7:c4979, 9ed8676d-9460-465d-9905-fd43a52295f6:c4977, da64134c-6992-4903-9407-7df321e464db:c4977]
2019-07-09 09:59:37,126 INFO  client.GrpcClientProtocolClient (GrpcClientProtocolClient.java:onNext(255)) - client-CECA27ED65B5->8cac6937-780c-4459-964a-dea4dcd51fd7: receive RaftClientReply:client-CECA27ED65B5->8cac6937-780c-4459-964a-dea4dcd51fd7@group-D84C501198B9, cid=3326, SUCCESS, logIndex=4979, commits[8cac6937-780c-4459-964a-dea4dcd51fd7:c4979, 9ed8676d-9460-465d-9905-fd43a52295f6:c4977, da64134c-6992-4903-9407-7df321e464db:c4977]
2019-07-09 09:59:37,126 INFO  client.GrpcClientProtocolClient (GrpcClientProtocolClient.java:onNext(255)) - client-CECA27ED65B5->8cac6937-780c-4459-964a-dea4dcd51fd7: receive RaftClientReply:client-CECA27ED65B5->8cac6937-780c-4459-964a-dea4dcd51fd7@group-D84C501198B9, cid=3327, SUCCESS, logIndex=4980, commits[8cac6937-780c-4459-964a-dea4dcd51fd7:c4981, 9ed8676d-9460-465d-9905-fd43a52295f6:c4977, da64134c-6992-4903-9407-7df321e464db:c4977]
2019-07-09 09:59:37,127 INFO  client.GrpcClientProtocolClient (GrpcClientProtocolClient.java:onNext(255)) - client-CECA27ED65B5->8cac6937-780c-4459-964a-dea4dcd51fd7: receive RaftClientReply:client-CECA27ED65B5->8cac6937-780c-4459-964a-dea4dcd51fd7@group-D84C501198B9, cid=3328, SUCCESS, logIndex=4981, commits[8cac6937-780c-4459-964a-dea4dcd51fd7:c4981, 9ed8676d-9460-465d-9905-fd43a52295f6:c4977, da64134c-6992-4903-9407-7df321e464db:c4977]
2019-07-09 09:59:37,139 INFO  client.GrpcClientProtocolClient (GrpcClientProtocolClient.java:onNext(255)) - client-CECA27ED65B5->8cac6937-780c-4459-964a-dea4dcd51fd7: receive RaftClientReply:client-CECA27ED65B5->8cac6937-780c-4459-964a-dea4dcd51fd7@group-D84C501198B9, cid=3329, SUCCESS, logIndex=0, commits[8cac6937-780c-4459-964a-dea4dcd51fd7:c4983, 9ed8676d-9460-465d-9905-fd43a52295f6:c4979, da64134c-6992-4903-9407-7df321e464db:c4979]
2019-07-09 09:59:37,150 INFO  client.GrpcClientProtocolClient (GrpcClientProtocolClient.java:onNext(255)) - client-CECA27ED65B5->8cac6937-780c-4459-964a-dea4dcd51fd7: receive RaftClientReply:client-CECA27ED65B5->8cac6937-780c-4459-964a-dea4dcd51fd7@group-D84C501198B9, cid=3330, SUCCESS, logIndex=4986, commits[8cac6937-780c-4459-964a-dea4dcd51fd7:c4987, 9ed8676d-9460-465d-9905-fd43a52295f6:c4985, da64134c-6992-4903-9407-7df321e464db:c4981]
2019-07-09 09:59:37,151 INFO  client.GrpcClientProtocolClient (GrpcClientProtocolClient.java:onNext(255)) - client-CECA27ED65B5->8cac6937-780c-4459-964a-dea4dcd51fd7: receive RaftClientReply:client-CECA27ED65B5->8cac6937-780c-4459-964a-dea4dcd51fd7@group-D84C501198B9, cid=3331, SUCCESS, logIndex=4987, commits[8cac6937-780c-4459-964a-dea4dcd51fd7:c4987, 9ed8676d-9460-465d-9905-fd43a52295f6:c4985, da64134c-6992-4903-9407-7df321e464db:c4981]
2019-07-09 09:59:37,165 INFO  client.GrpcClientProtocolClient (GrpcClientProtocolClient.java:onNext(255)) - client-CECA27ED65B5->8cac6937-780c-4459-964a-dea4dcd51fd7: receive RaftClientReply:client-CECA27ED65B5->8cac6937-780c-4459-964a-dea4dcd51fd7@group-D84C501198B9, cid=3332, SUCCESS, logIndex=4990, commits[8cac6937-780c-4459-964a-dea4dcd51fd7:c4991, 9ed8676d-9460-465d-9905-fd43a52295f6:c4987, da64134c-6992-4903-9407-7df321e464db:c4987]
2019-07-09 09:59:37,165 INFO  client.GrpcClientProtocolClient (GrpcClientProtocolClient.java:onNext(255)) - client-CECA27ED65B5->8cac6937-780c-4459-964a-dea4dcd51fd7: receive RaftClientReply:client-CECA27ED65B5->8cac6937-780c-4459-964a-dea4dcd51fd7@group-D84C501198B9, cid=3333, SUCCESS, logIndex=4991, commits[8cac6937-780c-4459-964a-dea4dcd51fd7:c4991, 9ed8676d-9460-465d-9905-fd43a52295f6:c4987, da64134c-6992-4903-9407-7df321e464db:c4987]
2019-07-09 09:59:37,179 INFO  client.GrpcClientProtocolClient (GrpcClientProtocolClient.java:onNext(255)) - client-CECA27ED65B5->8cac6937-780c-4459-964a-dea4dcd51fd7: receive RaftClientReply:client-CECA27ED65B5->8cac6937-780c-4459-964a-dea4dcd51fd7@group-D84C501198B9, cid=3334, SUCCESS, logIndex=0, commits[8cac6937-780c-4459-964a-dea4dcd51fd7:c4992, 9ed8676d-9460-465d-9905-fd43a52295f6:c4991, da64134c-6992-4903-9407-7df321e464db:c4991]
2019-07-09 09:59:37,209 INFO  client.GrpcClientProtocolClient (GrpcClientProtocolClient.java:onNext(255)) - client-CECA27ED65B5->8cac6937-780c-4459-964a-dea4dcd51fd7: receive RaftClientReply:client-CECA27ED65B5->8cac6937-780c-4459-964a-dea4dcd51fd7@group-D84C501198B9, cid=3335, SUCCESS, logIndex=4994, commits[8cac6937-780c-4459-964a-dea4dcd51fd7:c4995, 9ed8676d-9460-465d-9905-fd43a52295f6:c4993, da64134c-6992-4903-9407-7df321e464db:c4993]
2019-07-09 09:59:37,209 INFO  client.GrpcClientProtocolClient (GrpcClientProtocolClient.java:onNext(255)) - client-CECA27ED65B5->8cac6937-780c-4459-964a-dea4dcd51fd7: receive RaftClientReply:client-CECA27ED65B5->8cac6937-780c-4459-964a-dea4dcd51fd7@group-D84C501198B9, cid=3336, SUCCESS, logIndex=4995, commits[8cac6937-780c-4459-964a-dea4dcd51fd7:c4995, 9ed8676d-9460-465d-9905-fd43a52295f6:c4993, da64134c-6992-4903-9407-7df321e464db:c4993]
2019-07-09 09:59:37,210 INFO  client.GrpcClientProtocolClient (GrpcClientProtocolClient.java:onNext(255)) - client-CECA27ED65B5->8cac6937-780c-4459-964a-dea4dcd51fd7: receive RaftClientReply:client-CECA27ED65B5->8cac6937-780c-4459-964a-dea4dcd51fd7@group-D84C501198B9, cid=3337, SUCCESS, logIndex=4996, commits[8cac6937-780c-4459-964a-dea4dcd51fd7:c4997, 9ed8676d-9460-465d-9905-fd43a52295f6:c4993, da64134c-6992-4903-9407-7df321e464db:c4993]
2019-07-09 09:59:37,211 INFO  client.GrpcClientProtocolClient (GrpcClientProtocolClient.java:onNext(255)) - client-CECA27ED65B5->8cac6937-780c-4459-964a-dea4dcd51fd7: receive RaftClientReply:client-CECA27ED65B5->8cac6937-780c-4459-964a-dea4dcd51fd7@group-D84C501198B9, cid=3338, SUCCESS, logIndex=4997, commits[8cac6937-780c-4459-964a-dea4dcd51fd7:c4999, 9ed8676d-9460-465d-9905-fd43a52295f6:c4995, da64134c-6992-4903-9407-7df321e464db:c4993]
2019-07-09 09:59:37,212 INFO  client.GrpcClientProtocolClient (GrpcClientProtocolClient.java:onNext(255)) - client-CECA27ED65B5->8cac6937-780c-4459-964a-dea4dcd51fd7: receive RaftClientReply:client-CECA27ED65B5->8cac6937-780c-4459-964a-dea4dcd51fd7@group-D84C501198B9, cid=3339, SUCCESS, logIndex=0, commits[8cac6937-780c-4459-964a-dea4dcd51fd7:c5000, 9ed8676d-9460-465d-9905-fd43a52295f6:c4996, da64134c-6992-4903-9407-7df321e464db:c4996]
2019-07-09 09:59:37,232 INFO  client.GrpcClientProtocolClient (GrpcClientProtocolClient.java:onNext(255)) - client-CECA27ED65B5->8cac6937-780c-4459-964a-dea4dcd51fd7: receive RaftClientReply:client-CECA27ED65B5->8cac6937-780c-4459-964a-dea4dcd51fd7@group-D84C501198B9, cid=3340, SUCCESS, logIndex=5002, commits[8cac6937-780c-4459-964a-dea4dcd51fd7:c5003, 9ed8676d-9460-465d-9905-fd43a52295f6:c5001, da64134c-6992-4903-9407-7df321e464db:c5001]
2019-07-09 09:59:37,233 INFO  client.GrpcClientProtocolClient (GrpcClientProtocolClient.java:onNext(255)) - client-CECA27ED65B5->8cac6937-780c-4459-964a-dea4dcd51fd7: receive RaftClientReply:client-CECA27ED65B5->8cac6937-780c-4459-964a-dea4dcd51fd7@group-D84C501198B9, cid=3341, SUCCESS, logIndex=5003, commits[8cac6937-780c-4459-964a-dea4dcd51fd7:c5003, 9ed8676d-9460-465d-9905-fd43a52295f6:c5001, da64134c-6992-4903-9407-7df321e464db:c5001]
2019-07-09 09:59:37,246 INFO  client.GrpcClientProtocolClient (GrpcClientProtocolClient.java:onNext(255)) - client-CECA27ED65B5->8cac6937-780c-4459-964a-dea4dcd51fd7: receive RaftClientReply:client-CECA27ED65B5->8cac6937-780c-4459-964a-dea4dcd51fd7@group-D84C501198B9, cid=3342, SUCCESS, logIndex=5006, commits[8cac6937-780c-4459-964a-dea4dcd51fd7:c5007, 9ed8676d-9460-465d-9905-fd43a52295f6:c5003, da64134c-6992-4903-9407-7df321e464db:c5003]
2019-07-09 09:59:37,247 INFO  client.GrpcClientProtocolClient (GrpcClientProtocolClient.java:onNext(255)) - client-CECA27ED65B5->8cac6937-780c-4459-964a-dea4dcd51fd7: receive RaftClientReply:client-CECA27ED65B5->8cac6937-780c-4459-964a-dea4dcd51fd7@group-D84C501198B9, cid=3343, SUCCESS, logIndex=5007, commits[8cac6937-780c-4459-964a-dea4dcd51fd7:c5007, 9ed8676d-9460-465d-9905-fd43a52295f6:c5003, da64134c-6992-4903-9407-7df321e464db:c5003]
2019-07-09 09:59:37,261 INFO  client.GrpcClientProtocolClient (GrpcClientProtocolClient.java:onNext(255)) - client-CECA27ED65B5->8cac6937-780c-4459-964a-dea4dcd51fd7: receive RaftClientReply:client-CECA27ED65B5->8cac6937-780c-4459-964a-dea4dcd51fd7@group-D84C501198B9, cid=3344, SUCCESS, logIndex=0, commits[8cac6937-780c-4459-964a-dea4dcd51fd7:c5009, 9ed8676d-9460-465d-9905-fd43a52295f6:c5007, da64134c-6992-4903-9407-7df321e464db:c5007]
 0.00% |█                                                                                                    |  0/1 Time: 0:00:292019-07-09 09:59:37,292 INFO  client.GrpcClientProtocolClient (GrpcClientProtocolClient.java:onNext(255)) - client-CECA27ED65B5->8cac6937-780c-4459-964a-dea4dcd51fd7: receive RaftClientReply:client-CECA27ED65B5->8cac6937-780c-4459-964a-dea4dcd51fd7@group-D84C501198B9, cid=3345, SUCCESS, logIndex=5010, commits[8cac6937-780c-4459-964a-dea4dcd51fd7:c5011, 9ed8676d-9460-465d-9905-fd43a52295f6:c5009, da64134c-6992-4903-9407-7df321e464db:c5009]
2019-07-09 09:59:37,293 INFO  client.GrpcClientProtocolClient (GrpcClientProtocolClient.java:onNext(255)) - client-CECA27ED65B5->8cac6937-780c-4459-964a-dea4dcd51fd7: receive RaftClientReply:client-CECA27ED65B5->8cac6937-780c-4459-964a-dea4dcd51fd7@group-D84C501198B9, cid=3346, SUCCESS, logIndex=5011, commits[8cac6937-780c-4459-964a-dea4dcd51fd7:c5013, 9ed8676d-9460-465d-9905-fd43a52295f6:c5009, da64134c-6992-4903-9407-7df321e464db:c5009]
2019-07-09 09:59:37,293 INFO  client.GrpcClientProtocolClient (GrpcClientProtocolClient.java:onNext(255)) - client-CECA27ED65B5->8cac6937-780c-4459-964a-dea4dcd51fd7: receive RaftClientReply:client-CECA27ED65B5->8cac6937-780c-4459-964a-dea4dcd51fd7@group-D84C501198B9, cid=3347, SUCCESS, logIndex=5012, commits[8cac6937-780c-4459-964a-dea4dcd51fd7:c5013, 9ed8676d-9460-465d-9905-fd43a52295f6:c5009, da64134c-6992-4903-9407-7df321e464db:c5009]
2019-07-09 09:59:37,293 INFO  client.GrpcClientProtocolClient (GrpcClientProtocolClient.java:onNext(255)) - client-CECA27ED65B5->8cac6937-780c-4459-964a-dea4dcd51fd7: receive RaftClientReply:client-CECA27ED65B5->8cac6937-780c-4459-964a-dea4dcd51fd7@group-D84C501198B9, cid=3348, SUCCESS, logIndex=5013, commits[8cac6937-780c-4459-964a-dea4dcd51fd7:c5013, 9ed8676d-9460-465d-9905-fd43a52295f6:c5009, da64134c-6992-4903-9407-7df321e464db:c5009]
2019-07-09 09:59:37,305 INFO  client.GrpcClientProtocolClient (GrpcClientProtocolClient.java:onNext(255)) - client-CECA27ED65B5->8cac6937-780c-4459-964a-dea4dcd51fd7: receive RaftClientReply:client-CECA27ED65B5->8cac6937-780c-4459-964a-dea4dcd51fd7@group-D84C501198B9, cid=3349, SUCCESS, logIndex=0, commits[8cac6937-780c-4459-964a-dea4dcd51fd7:c5015, 9ed8676d-9460-465d-9905-fd43a52295f6:c5011, da64134c-6992-4903-9407-7df321e464db:c5011]
2019-07-09 09:59:37,326 INFO  client.GrpcClientProtocolClient (GrpcClientProtocolClient.java:onNext(255)) - client-CECA27ED65B5->8cac6937-780c-4459-964a-dea4dcd51fd7: receive RaftClientReply:client-CECA27ED65B5->8cac6937-780c-4459-964a-dea4dcd51fd7@group-D84C501198B9, cid=3350, SUCCESS, logIndex=5018, commits[8cac6937-780c-4459-964a-dea4dcd51fd7:c5019, 9ed8676d-9460-465d-9905-fd43a52295f6:c5017, da64134c-6992-4903-9407-7df321e464db:c5017]
2019-07-09 09:59:37,327 INFO  client.GrpcClientProtocolClient (GrpcClientProtocolClient.java:onNext(255)) - client-CECA27ED65B5->8cac6937-780c-4459-964a-dea4dcd51fd7: receive RaftClientReply:client-CECA27ED65B5->8cac6937-780c-4459-964a-dea4dcd51fd7@group-D84C501198B9, cid=3351, SUCCESS, logIndex=5019, commits[8cac6937-780c-4459-964a-dea4dcd51fd7:c5019, 9ed8676d-9460-465d-9905-fd43a52295f6:c5017, da64134c-6992-4903-9407-7df321e464db:c5017]
2019-07-09 09:59:37,340 INFO  client.GrpcClientProtocolClient (GrpcClientProtocolClient.java:onNext(255)) - client-CECA27ED65B5->8cac6937-780c-4459-964a-dea4dcd51fd7: receive RaftClientReply:client-CECA27ED65B5->8cac6937-780c-4459-964a-dea4dcd51fd7@group-D84C501198B9, cid=3352, SUCCESS, logIndex=5022, commits[8cac6937-780c-4459-964a-dea4dcd51fd7:c5023, 9ed8676d-9460-465d-9905-fd43a52295f6:c5018, da64134c-6992-4903-9407-7df321e464db:c5019]
2019-07-09 09:59:37,340 INFO  client.GrpcClientProtocolClient (GrpcClientProtocolClient.java:onNext(255)) - client-CECA27ED65B5->8cac6937-780c-4459-964a-dea4dcd51fd7: receive RaftClientReply:client-CECA27ED65B5->8cac6937-780c-4459-964a-dea4dcd51fd7@group-D84C501198B9, cid=3353, SUCCESS, logIndex=5023, commits[8cac6937-780c-4459-964a-dea4dcd51fd7:c5023, 9ed8676d-9460-465d-9905-fd43a52295f6:c5019, da64134c-6992-4903-9407-7df321e464db:c5019]
2019-07-09 09:59:37,342 INFO  client.GrpcClientProtocolClient (GrpcClientProtocolClient.java:onNext(255)) - client-CECA27ED65B5->8cac6937-780c-4459-964a-dea4dcd51fd7: receive RaftClientReply:client-CECA27ED65B5->8cac6937-780c-4459-964a-dea4dcd51fd7@group-D84C501198B9, cid=3354, SUCCESS, logIndex=0, commits[8cac6937-780c-4459-964a-dea4dcd51fd7:c5025, 9ed8676d-9460-465d-9905-fd43a52295f6:c5023, da64134c-6992-4903-9407-7df321e464db:c5023]
2019-07-09 09:59:37,372 INFO  client.GrpcClientProtocolClient (GrpcClientProtocolClient.java:onNext(255)) - client-CECA27ED65B5->8cac6937-780c-4459-964a-dea4dcd51fd7: receive RaftClientReply:client-CECA27ED65B5->8cac6937-780c-4459-964a-dea4dcd51fd7@group-D84C501198B9, cid=3355, SUCCESS, logIndex=5026, commits[8cac6937-780c-4459-964a-dea4dcd51fd7:c5027, 9ed8676d-9460-465d-9905-fd43a52295f6:c5025, da64134c-6992-4903-9407-7df321e464db:c5025]
2019-07-09 09:59:37,372 INFO  client.GrpcClientProtocolClient (GrpcClientProtocolClient.java:onNext(255)) - client-CECA27ED65B5->8cac6937-780c-4459-964a-dea4dcd51fd7: receive RaftClientReply:client-CECA27ED65B5->8cac6937-780c-4459-964a-dea4dcd51fd7@group-D84C501198B9, cid=3356, SUCCESS, logIndex=5027, commits[8cac6937-780c-4459-964a-dea4dcd51fd7:c5029, 9ed8676d-9460-465d-9905-fd43a52295f6:c5025, da64134c-6992-4903-9407-7df321e464db:c5025]
2019-07-09 09:59:37,372 INFO  client.GrpcClientProtocolClient (GrpcClientProtocolClient.java:onNext(255)) - client-CECA27ED65B5->8cac6937-780c-4459-964a-dea4dcd51fd7: receive RaftClientReply:client-CECA27ED65B5->8cac6937-780c-4459-964a-dea4dcd51fd7@group-D84C501198B9, cid=3357, SUCCESS, logIndex=5028, commits[8cac6937-780c-4459-964a-dea4dcd51fd7:c5029, 9ed8676d-9460-465d-9905-fd43a52295f6:c5025, da64134c-6992-4903-9407-7df321e464db:c5025]
2019-07-09 09:59:37,373 INFO  client.GrpcClientProtocolClient (GrpcClientProtocolClient.java:onNext(255)) - client-CECA27ED65B5->8cac6937-780c-4459-964a-dea4dcd51fd7: receive RaftClientReply:client-CECA27ED65B5->8cac6937-780c-4459-964a-dea4dcd51fd7@group-D84C501198B9, cid=3358, SUCCESS, logIndex=5029, commits[8cac6937-780c-4459-964a-dea4dcd51fd7:c5029, 9ed8676d-9460-465d-9905-fd43a52295f6:c5025, da64134c-6992-4903-9407-7df321e464db:c5025]
2019-07-09 09:59:37,386 INFO  client.GrpcClientProtocolClient (GrpcClientProtocolClient.java:onNext(255)) - client-CECA27ED65B5->8cac6937-780c-4459-964a-dea4dcd51fd7: receive RaftClientReply:client-CECA27ED65B5->8cac6937-780c-4459-964a-dea4dcd51fd7@group-D84C501198B9, cid=3359, SUCCESS, logIndex=0, commits[8cac6937-780c-4459-964a-dea4dcd51fd7:c5030, 9ed8676d-9460-465d-9905-fd43a52295f6:c5027, da64134c-6992-4903-9407-7df321e464db:c5027]
2019-07-09 09:59:37,405 INFO  client.GrpcClientProtocolClient (GrpcClientProtocolClient.java:onNext(255)) - client-CECA27ED65B5->8cac6937-780c-4459-964a-dea4dcd51fd7: receive RaftClientReply:client-CECA27ED65B5->8cac6937-780c-4459-964a-dea4dcd51fd7@group-D84C501198B9, cid=3360, SUCCESS, logIndex=5034, commits[8cac6937-780c-4459-964a-dea4dcd51fd7:c5035, 9ed8676d-9460-465d-9905-fd43a52295f6:c5033, da64134c-6992-4903-9407-7df321e464db:c5033]
2019-07-09 09:59:37,405 INFO  client.GrpcClientProtocolClient (GrpcClientProtocolClient.java:onNext(255)) - client-CECA27ED65B5->8cac6937-780c-4459-964a-dea4dcd51fd7: receive RaftClientReply:client-CECA27ED65B5->8cac6937-780c-4459-964a-dea4dcd51fd7@group-D84C501198B9, cid=3361, SUCCESS, logIndex=5035, commits[8cac6937-780c-4459-964a-dea4dcd51fd7:c5035, 9ed8676d-9460-465d-9905-fd43a52295f6:c5033, da64134c-6992-4903-9407-7df321e464db:c5033]
2019-07-09 09:59:37,540 INFO  client.GrpcClientProtocolClient (GrpcClientProtocolClient.java:onNext(255)) - client-CECA27ED65B5->8cac6937-780c-4459-964a-dea4dcd51fd7: receive RaftClientReply:client-CECA27ED65B5->8cac6937-780c-4459-964a-dea4dcd51fd7@group-D84C501198B9, cid=3362, SUCCESS, logIndex=5038, commits[8cac6937-780c-4459-964a-dea4dcd51fd7:c5039, 9ed8676d-9460-465d-9905-fd43a52295f6:c5035, da64134c-6992-4903-9407-7df321e464db:c5035]
2019-07-09 09:59:37,541 INFO  client.GrpcClientProtocolClient (GrpcClientProtocolClient.java:onNext(255)) - client-CECA27ED65B5->8cac6937-780c-4459-964a-dea4dcd51fd7: receive RaftClientReply:client-CECA27ED65B5->8cac6937-780c-4459-964a-dea4dcd51fd7@group-D84C501198B9, cid=3363, SUCCESS, logIndex=5039, commits[8cac6937-780c-4459-964a-dea4dcd51fd7:c5039, 9ed8676d-9460-465d-9905-fd43a52295f6:c5035, da64134c-6992-4903-9407-7df321e464db:c5035]
2019-07-09 09:59:37,555 INFO  client.GrpcClientProtocolClient (GrpcClientProtocolClient.java:onNext(255)) - client-CECA27ED65B5->8cac6937-780c-4459-964a-dea4dcd51fd7: receive RaftClientReply:client-CECA27ED65B5->8cac6937-780c-4459-964a-dea4dcd51fd7@group-D84C501198B9, cid=3364, SUCCESS, logIndex=0, commits[8cac6937-780c-4459-964a-dea4dcd51fd7:c5041, 9ed8676d-9460-465d-9905-fd43a52295f6:c5039, da64134c-6992-4903-9407-7df321e464db:c5039]
2019-07-09 09:59:37,588 INFO  client.GrpcClientProtocolClient (GrpcClientProtocolClient.java:onNext(255)) - client-CECA27ED65B5->8cac6937-780c-4459-964a-dea4dcd51fd7: receive RaftClientReply:client-CECA27ED65B5->8cac6937-780c-4459-964a-dea4dcd51fd7@group-D84C501198B9, cid=3365, SUCCESS, logIndex=5042, commits[8cac6937-780c-4459-964a-dea4dcd51fd7:c5043, 9ed8676d-9460-465d-9905-fd43a52295f6:c5041, da64134c-6992-4903-9407-7df321e464db:c5041]
2019-07-09 09:59:37,589 INFO  client.GrpcClientProtocolClient (GrpcClientProtocolClient.java:onNext(255)) - client-CECA27ED65B5->8cac6937-780c-4459-964a-dea4dcd51fd7: receive RaftClientReply:client-CECA27ED65B5->8cac6937-780c-4459-964a-dea4dcd51fd7@group-D84C501198B9, cid=3366, SUCCESS, logIndex=5043, commits[8cac6937-780c-4459-964a-dea4dcd51fd7:c5045, 9ed8676d-9460-465d-9905-fd43a52295f6:c5041, da64134c-6992-4903-9407-7df321e464db:c5041]
2019-07-09 09:59:37,589 INFO  client.GrpcClientProtocolClient (GrpcClientProtocolClient.java:onNext(255)) - client-CECA27ED65B5->8cac6937-780c-4459-964a-dea4dcd51fd7: receive RaftClientReply:client-CECA27ED65B5->8cac6937-780c-4459-964a-dea4dcd51fd7@group-D84C501198B9, cid=3367, SUCCESS, logIndex=5044, commits[8cac6937-780c-4459-964a-dea4dcd51fd7:c5045, 9ed8676d-9460-465d-9905-fd43a52295f6:c5041, da64134c-6992-4903-9407-7df321e464db:c5041]
2019-07-09 09:59:37,589 INFO  client.GrpcClientProtocolClient (GrpcClientProtocolClient.java:onNext(255)) - client-CECA27ED65B5->8cac6937-780c-4459-964a-dea4dcd51fd7: receive RaftClientReply:client-CECA27ED65B5->8cac6937-780c-4459-964a-dea4dcd51fd7@group-D84C501198B9, cid=3368, SUCCESS, logIndex=5045, commits[8cac6937-780c-4459-964a-dea4dcd51fd7:c5045, 9ed8676d-9460-465d-9905-fd43a52295f6:c5041, da64134c-6992-4903-9407-7df321e464db:c5041]
2019-07-09 09:59:37,591 INFO  client.GrpcClientProtocolClient (GrpcClientProtocolClient.java:onNext(255)) - client-CECA27ED65B5->8cac6937-780c-4459-964a-dea4dcd51fd7: receive RaftClientReply:client-CECA27ED65B5->8cac6937-780c-4459-964a-dea4dcd51fd7@group-D84C501198B9, cid=3369, SUCCESS, logIndex=0, commits[8cac6937-780c-4459-964a-dea4dcd51fd7:c5048, 9ed8676d-9460-465d-9905-fd43a52295f6:c5045, da64134c-6992-4903-9407-7df321e464db:c5043]
2019-07-09 09:59:37,610 INFO  client.GrpcClientProtocolClient (GrpcClientProtocolClient.java:onNext(255)) - client-CECA27ED65B5->8cac6937-780c-4459-964a-dea4dcd51fd7: receive RaftClientReply:client-CECA27ED65B5->8cac6937-780c-4459-964a-dea4dcd51fd7@group-D84C501198B9, cid=3370, SUCCESS, logIndex=5049, commits[8cac6937-780c-4459-964a-dea4dcd51fd7:c5050, 9ed8676d-9460-465d-9905-fd43a52295f6:c5048, da64134c-6992-4903-9407-7df321e464db:c5048]
2019-07-09 09:59:37,610 INFO  client.GrpcClientProtocolClient (GrpcClientProtocolClient.java:onNext(255)) - client-CECA27ED65B5->8cac6937-780c-4459-964a-dea4dcd51fd7: receive RaftClientReply:client-CECA27ED65B5->8cac6937-780c-4459-964a-dea4dcd51fd7@group-D84C501198B9, cid=3371, SUCCESS, logIndex=5050, commits[8cac6937-780c-4459-964a-dea4dcd51fd7:c5050, 9ed8676d-9460-465d-9905-fd43a52295f6:c5048, da64134c-6992-4903-9407-7df321e464db:c5048]
2019-07-09 09:59:37,625 INFO  client.GrpcClientProtocolClient (GrpcClientProtocolClient.java:onNext(255)) - client-CECA27ED65B5->8cac6937-780c-4459-964a-dea4dcd51fd7: receive RaftClientReply:client-CECA27ED65B5->8cac6937-780c-4459-964a-dea4dcd51fd7@group-D84C501198B9, cid=3372, SUCCESS, logIndex=5053, commits[8cac6937-780c-4459-964a-dea4dcd51fd7:c5054, 9ed8676d-9460-465d-9905-fd43a52295f6:c5050, da64134c-6992-4903-9407-7df321e464db:c5050]
2019-07-09 09:59:37,626 INFO  client.GrpcClientProtocolClient (GrpcClientProtocolClient.java:onNext(255)) - client-CECA27ED65B5->8cac6937-780c-4459-964a-dea4dcd51fd7: receive RaftClientReply:client-CECA27ED65B5->8cac6937-780c-4459-964a-dea4dcd51fd7@group-D84C501198B9, cid=3373, SUCCESS, logIndex=5054, commits[8cac6937-780c-4459-964a-dea4dcd51fd7:c5054, 9ed8676d-9460-465d-9905-fd43a52295f6:c5050, da64134c-6992-4903-9407-7df321e464db:c5050]
2019-07-09 09:59:37,638 INFO  client.GrpcClientProtocolClient (GrpcClientProtocolClient.java:onNext(255)) - client-CECA27ED65B5->8cac6937-780c-4459-964a-dea4dcd51fd7: receive RaftClientReply:client-CECA27ED65B5->8cac6937-780c-4459-964a-dea4dcd51fd7@group-D84C501198B9, cid=3374, SUCCESS, logIndex=0, commits[8cac6937-780c-4459-964a-dea4dcd51fd7:c5056, 9ed8676d-9460-465d-9905-fd43a52295f6:c5054, da64134c-6992-4903-9407-7df321e464db:c5054]
2019-07-09 09:59:37,676 INFO  client.GrpcClientProtocolClient (GrpcClientProtocolClient.java:onNext(255)) - client-CECA27ED65B5->8cac6937-780c-4459-964a-dea4dcd51fd7: receive RaftClientReply:client-CECA27ED65B5->8cac6937-780c-4459-964a-dea4dcd51fd7@group-D84C501198B9, cid=3375, SUCCESS, logIndex=5057, commits[8cac6937-780c-4459-964a-dea4dcd51fd7:c5059, 9ed8676d-9460-465d-9905-fd43a52295f6:c5056, da64134c-6992-4903-9407-7df321e464db:c5056]
2019-07-09 09:59:37,677 INFO  client.GrpcClientProtocolClient (GrpcClientProtocolClient.java:onNext(255)) - client-CECA27ED65B5->8cac6937-780c-4459-964a-dea4dcd51fd7: receive RaftClientReply:client-CECA27ED65B5->8cac6937-780c-4459-964a-dea4dcd51fd7@group-D84C501198B9, cid=3376, SUCCESS, logIndex=5058, commits[8cac6937-780c-4459-964a-dea4dcd51fd7:c5060, 9ed8676d-9460-465d-9905-fd43a52295f6:c5056, da64134c-6992-4903-9407-7df321e464db:c5056]
2019-07-09 09:59:37,677 INFO  client.GrpcClientProtocolClient (GrpcClientProtocolClient.java:onNext(255)) - client-CECA27ED65B5->8cac6937-780c-4459-964a-dea4dcd51fd7: receive RaftClientReply:client-CECA27ED65B5->8cac6937-780c-4459-964a-dea4dcd51fd7@group-D84C501198B9, cid=3377, SUCCESS, logIndex=5059, commits[8cac6937-780c-4459-964a-dea4dcd51fd7:c5060, 9ed8676d-9460-465d-9905-fd43a52295f6:c5056, da64134c-6992-4903-9407-7df321e464db:c5056]
2019-07-09 09:59:37,677 INFO  client.GrpcClientProtocolClient (GrpcClientProtocolClient.java:onNext(255)) - client-CECA27ED65B5->8cac6937-780c-4459-964a-dea4dcd51fd7: receive RaftClientReply:client-CECA27ED65B5->8cac6937-780c-4459-964a-dea4dcd51fd7@group-D84C501198B9, cid=3378, SUCCESS, logIndex=5060, commits[8cac6937-780c-4459-964a-dea4dcd51fd7:c5060, 9ed8676d-9460-465d-9905-fd43a52295f6:c5056, da64134c-6992-4903-9407-7df321e464db:c5056]
2019-07-09 09:59:37,689 INFO  client.GrpcClientProtocolClient (GrpcClientProtocolClient.java:onNext(255)) - client-CECA27ED65B5->8cac6937-780c-4459-964a-dea4dcd51fd7: receive RaftClientReply:client-CECA27ED65B5->8cac6937-780c-4459-964a-dea4dcd51fd7@group-D84C501198B9, cid=3379, SUCCESS, logIndex=0, commits[8cac6937-780c-4459-964a-dea4dcd51fd7:c5062, 9ed8676d-9460-465d-9905-fd43a52295f6:c5059, da64134c-6992-4903-9407-7df321e464db:c5059]
2019-07-09 09:59:37,707 INFO  client.GrpcClientProtocolClient (GrpcClientProtocolClient.java:onNext(255)) - client-CECA27ED65B5->8cac6937-780c-4459-964a-dea4dcd51fd7: receive RaftClientReply:client-CECA27ED65B5->8cac6937-780c-4459-964a-dea4dcd51fd7@group-D84C501198B9, cid=3380, SUCCESS, logIndex=5065, commits[8cac6937-780c-4459-964a-dea4dcd51fd7:c5066, 9ed8676d-9460-465d-9905-fd43a52295f6:c5064, da64134c-6992-4903-9407-7df321e464db:c5064]
2019-07-09 09:59:37,708 INFO  client.GrpcClientProtocolClient (GrpcClientProtocolClient.java:onNext(255)) - client-CECA27ED65B5->8cac6937-780c-4459-964a-dea4dcd51fd7: receive RaftClientReply:client-CECA27ED65B5->8cac6937-780c-4459-964a-dea4dcd51fd7@group-D84C501198B9, cid=3381, SUCCESS, logIndex=5066, commits[8cac6937-780c-4459-964a-dea4dcd51fd7:c5066, 9ed8676d-9460-465d-9905-fd43a52295f6:c5064, da64134c-6992-4903-9407-7df321e464db:c5064]
2019-07-09 09:59:37,721 INFO  client.GrpcClientProtocolClient (GrpcClientProtocolClient.java:onNext(255)) - client-CECA27ED65B5->8cac6937-780c-4459-964a-dea4dcd51fd7: receive RaftClientReply:client-CECA27ED65B5->8cac6937-780c-4459-964a-dea4dcd51fd7@group-D84C501198B9, cid=3382, SUCCESS, logIndex=5069, commits[8cac6937-780c-4459-964a-dea4dcd51fd7:c5070, 9ed8676d-9460-465d-9905-fd43a52295f6:c5066, da64134c-6992-4903-9407-7df321e464db:c5066]
2019-07-09 09:59:37,721 INFO  client.GrpcClientProtocolClient (GrpcClientProtocolClient.java:onNext(255)) - client-CECA27ED65B5->8cac6937-780c-4459-964a-dea4dcd51fd7: receive RaftClientReply:client-CECA27ED65B5->8cac6937-780c-4459-964a-dea4dcd51fd7@group-D84C501198B9, cid=3383, SUCCESS, logIndex=5070, commits[8cac6937-780c-4459-964a-dea4dcd51fd7:c5070, 9ed8676d-9460-465d-9905-fd43a52295f6:c5066, da64134c-6992-4903-9407-7df321e464db:c5066]
2019-07-09 09:59:37,733 INFO  client.GrpcClientProtocolClient (GrpcClientProtocolClient.java:onNext(255)) - client-CECA27ED65B5->8cac6937-780c-4459-964a-dea4dcd51fd7: receive RaftClientReply:client-CECA27ED65B5->8cac6937-780c-4459-964a-dea4dcd51fd7@group-D84C501198B9, cid=3384, SUCCESS, logIndex=0, commits[8cac6937-780c-4459-964a-dea4dcd51fd7:c5072, 9ed8676d-9460-465d-9905-fd43a52295f6:c5070, da64134c-6992-4903-9407-7df321e464db:c5070]
2019-07-09 09:59:37,763 INFO  client.GrpcClientProtocolClient (GrpcClientProtocolClient.java:onNext(255)) - client-CECA27ED65B5->8cac6937-780c-4459-964a-dea4dcd51fd7: receive RaftClientReply:client-CECA27ED65B5->8cac6937-780c-4459-964a-dea4dcd51fd7@group-D84C501198B9, cid=3385, SUCCESS, logIndex=5073, commits[8cac6937-780c-4459-964a-dea4dcd51fd7:c5074, 9ed8676d-9460-465d-9905-fd43a52295f6:c5072, da64134c-6992-4903-9407-7df321e464db:c5072]
2019-07-09 09:59:37,764 INFO  client.GrpcClientProtocolClient (GrpcClientProtocolClient.java:onNext(255)) - client-CECA27ED65B5->8cac6937-780c-4459-964a-dea4dcd51fd7: receive RaftClientReply:client-CECA27ED65B5->8cac6937-780c-4459-964a-dea4dcd51fd7@group-D84C501198B9, cid=3386, SUCCESS, logIndex=5074, commits[8cac6937-780c-4459-964a-dea4dcd51fd7:c5076, 9ed8676d-9460-465d-9905-fd43a52295f6:c5072, da64134c-6992-4903-9407-7df321e464db:c5072]
2019-07-09 09:59:37,764 INFO  client.GrpcClientProtocolClient (GrpcClientProtocolClient.java:onNext(255)) - client-CECA27ED65B5->8cac6937-780c-4459-964a-dea4dcd51fd7: receive RaftClientReply:client-CECA27ED65B5->8cac6937-780c-4459-964a-dea4dcd51fd7@group-D84C501198B9, cid=3387, SUCCESS, logIndex=5075, commits[8cac6937-780c-4459-964a-dea4dcd51fd7:c5076, 9ed8676d-9460-465d-9905-fd43a52295f6:c5072, da64134c-6992-4903-9407-7df321e464db:c5072]
2019-07-09 09:59:37,764 INFO  client.GrpcClientProtocolClient (GrpcClientProtocolClient.java:onNext(255)) - client-CECA27ED65B5->8cac6937-780c-4459-964a-dea4dcd51fd7: receive RaftClientReply:client-CECA27ED65B5->8cac6937-780c-4459-964a-dea4dcd51fd7@group-D84C501198B9, cid=3388, SUCCESS, logIndex=5076, commits[8cac6937-780c-4459-964a-dea4dcd51fd7:c5076, 9ed8676d-9460-465d-9905-fd43a52295f6:c5072, da64134c-6992-4903-9407-7df321e464db:c5072]
2019-07-09 09:59:37,766 INFO  client.GrpcClientProtocolClient (GrpcClientProtocolClient.java:onNext(255)) - client-CECA27ED65B5->8cac6937-780c-4459-964a-dea4dcd51fd7: receive RaftClientReply:client-CECA27ED65B5->8cac6937-780c-4459-964a-dea4dcd51fd7@group-D84C501198B9, cid=3389, SUCCESS, logIndex=0, commits[8cac6937-780c-4459-964a-dea4dcd51fd7:c5078, 9ed8676d-9460-465d-9905-fd43a52295f6:c5074, da64134c-6992-4903-9407-7df321e464db:c5074]
2019-07-09 09:59:37,786 INFO  client.GrpcClientProtocolClient (GrpcClientProtocolClient.java:onNext(255)) - client-CECA27ED65B5->8cac6937-780c-4459-964a-dea4dcd51fd7: receive RaftClientReply:client-CECA27ED65B5->8cac6937-780c-4459-964a-dea4dcd51fd7@group-D84C501198B9, cid=3390, SUCCESS, logIndex=5080, commits[8cac6937-780c-4459-964a-dea4dcd51fd7:c5081, 9ed8676d-9460-465d-9905-fd43a52295f6:c5079, da64134c-6992-4903-9407-7df321e464db:c5079]
2019-07-09 09:59:37,786 INFO  client.GrpcClientProtocolClient (GrpcClientProtocolClient.java:onNext(255)) - client-CECA27ED65B5->8cac6937-780c-4459-964a-dea4dcd51fd7: receive RaftClientReply:client-CECA27ED65B5->8cac6937-780c-4459-964a-dea4dcd51fd7@group-D84C501198B9, cid=3391, SUCCESS, logIndex=5081, commits[8cac6937-780c-4459-964a-dea4dcd51fd7:c5081, 9ed8676d-9460-465d-9905-fd43a52295f6:c5079, da64134c-6992-4903-9407-7df321e464db:c5079]
2019-07-09 09:59:37,799 INFO  client.GrpcClientProtocolClient (GrpcClientProtocolClient.java:onNext(255)) - client-CECA27ED65B5->8cac6937-780c-4459-964a-dea4dcd51fd7: receive RaftClientReply:client-CECA27ED65B5->8cac6937-780c-4459-964a-dea4dcd51fd7@group-D84C501198B9, cid=3392, SUCCESS, logIndex=5084, commits[8cac6937-780c-4459-964a-dea4dcd51fd7:c5084, 9ed8676d-9460-465d-9905-fd43a52295f6:c5081, da64134c-6992-4903-9407-7df321e464db:c5081]
2019-07-09 09:59:37,799 INFO  client.GrpcClientProtocolClient (GrpcClientProtocolClient.java:onNext(255)) - client-CECA27ED65B5->8cac6937-780c-4459-964a-dea4dcd51fd7: receive RaftClientReply:client-CECA27ED65B5->8cac6937-780c-4459-964a-dea4dcd51fd7@group-D84C501198B9, cid=3393, SUCCESS, logIndex=5085, commits[8cac6937-780c-4459-964a-dea4dcd51fd7:c5085, 9ed8676d-9460-465d-9905-fd43a52295f6:c5081, da64134c-6992-4903-9407-7df321e464db:c5081]
2019-07-09 09:59:37,812 INFO  client.GrpcClientProtocolClient (GrpcClientProtocolClient.java:onNext(255)) - client-CECA27ED65B5->8cac6937-780c-4459-964a-dea4dcd51fd7: receive RaftClientReply:client-CECA27ED65B5->8cac6937-780c-4459-964a-dea4dcd51fd7@group-D84C501198B9, cid=3394, SUCCESS, logIndex=0, commits[8cac6937-780c-4459-964a-dea4dcd51fd7:c5087, 9ed8676d-9460-465d-9905-fd43a52295f6:c5085, da64134c-6992-4903-9407-7df321e464db:c5085]
2019-07-09 09:59:37,834 INFO  client.GrpcClientProtocolClient (GrpcClientProtocolClient.java:onNext(255)) - client-CECA27ED65B5->8cac6937-780c-4459-964a-dea4dcd51fd7: receive RaftClientReply:client-CECA27ED65B5->8cac6937-780c-4459-964a-dea4dcd51fd7@group-D84C501198B9, cid=3395, SUCCESS, logIndex=5088, commits[8cac6937-780c-4459-964a-dea4dcd51fd7:c5089, 9ed8676d-9460-465d-9905-fd43a52295f6:c5087, da64134c-6992-4903-9407-7df321e464db:c5087]
2019-07-09 09:59:37,834 INFO  client.GrpcClientProtocolClient (GrpcClientProtocolClient.java:onNext(255)) - client-CECA27ED65B5->8cac6937-780c-4459-964a-dea4dcd51fd7: receive RaftClientReply:client-CECA27ED65B5->8cac6937-780c-4459-964a-dea4dcd51fd7@group-D84C501198B9, cid=3396, SUCCESS, logIndex=5089, commits[8cac6937-780c-4459-964a-dea4dcd51fd7:c5089, 9ed8676d-9460-465d-9905-fd43a52295f6:c5087, da64134c-6992-4903-9407-7df321e464db:c5087]
2019-07-09 09:59:37,846 INFO  client.GrpcClientProtocolClient (GrpcClientProtocolClient.java:onNext(255)) - client-CECA27ED65B5->8cac6937-780c-4459-964a-dea4dcd51fd7: receive RaftClientReply:client-CECA27ED65B5->8cac6937-780c-4459-964a-dea4dcd51fd7@group-D84C501198B9, cid=3397, SUCCESS, logIndex=5090, commits[8cac6937-780c-4459-964a-dea4dcd51fd7:c5091, 9ed8676d-9460-465d-9905-fd43a52295f6:c5087, da64134c-6992-4903-9407-7df321e464db:c5087]
2019-07-09 09:59:37,847 INFO  client.GrpcClientProtocolClient (GrpcClientProtocolClient.java:onNext(255)) - client-CECA27ED65B5->8cac6937-780c-4459-964a-dea4dcd51fd7: receive RaftClientReply:client-CECA27ED65B5->8cac6937-780c-4459-964a-dea4dcd51fd7@group-D84C501198B9, cid=3398, SUCCESS, logIndex=5091, commits[8cac6937-780c-4459-964a-dea4dcd51fd7:c5091, 9ed8676d-9460-465d-9905-fd43a52295f6:c5087, da64134c-6992-4903-9407-7df321e464db:c5087]
2019-07-09 09:59:37,849 INFO  client.GrpcClientProtocolClient (GrpcClientProtocolClient.java:onNext(255)) - client-CECA27ED65B5->8cac6937-780c-4459-964a-dea4dcd51fd7: receive RaftClientReply:client-CECA27ED65B5->8cac6937-780c-4459-964a-dea4dcd51fd7@group-D84C501198B9, cid=3399, SUCCESS, logIndex=0, commits[8cac6937-780c-4459-964a-dea4dcd51fd7:c5093, 9ed8676d-9460-465d-9905-fd43a52295f6:c5089, da64134c-6992-4903-9407-7df321e464db:c5089]
2019-07-09 09:59:37,867 INFO  client.GrpcClientProtocolClient (GrpcClientProtocolClient.java:onNext(255)) - client-CECA27ED65B5->8cac6937-780c-4459-964a-dea4dcd51fd7: receive RaftClientReply:client-CECA27ED65B5->8cac6937-780c-4459-964a-dea4dcd51fd7@group-D84C501198B9, cid=3400, SUCCESS, logIndex=5096, commits[8cac6937-780c-4459-964a-dea4dcd51fd7:c5097, 9ed8676d-9460-465d-9905-fd43a52295f6:c5095, da64134c-6992-4903-9407-7df321e464db:c5095]
2019-07-09 09:59:37,868 INFO  client.GrpcClientProtocolClient (GrpcClientProtocolClient.java:onNext(255)) - client-CECA27ED65B5->8cac6937-780c-4459-964a-dea4dcd51fd7: receive RaftClientReply:client-CECA27ED65B5->8cac6937-780c-4459-964a-dea4dcd51fd7@group-D84C501198B9, cid=3401, SUCCESS, logIndex=5097, commits[8cac6937-780c-4459-964a-dea4dcd51fd7:c5097, 9ed8676d-9460-465d-9905-fd43a52295f6:c5095, da64134c-6992-4903-9407-7df321e464db:c5095]
2019-07-09 09:59:37,881 INFO  client.GrpcClientProtocolClient (GrpcClientProtocolClient.java:onNext(255)) - client-CECA27ED65B5->8cac6937-780c-4459-964a-dea4dcd51fd7: receive RaftClientReply:client-CECA27ED65B5->8cac6937-780c-4459-964a-dea4dcd51fd7@group-D84C501198B9, cid=3402, SUCCESS, logIndex=5100, commits[8cac6937-780c-4459-964a-dea4dcd51fd7:c5100, 9ed8676d-9460-465d-9905-fd43a52295f6:c5097, da64134c-6992-4903-9407-7df321e464db:c5097]
2019-07-09 09:59:37,881 INFO  client.GrpcClientProtocolClient (GrpcClientProtocolClient.java:onNext(255)) - client-CECA27ED65B5->8cac6937-780c-4459-964a-dea4dcd51fd7: receive RaftClientReply:client-CECA27ED65B5->8cac6937-780c-4459-964a-dea4dcd51fd7@group-D84C501198B9, cid=3403, SUCCESS, logIndex=5101, commits[8cac6937-780c-4459-964a-dea4dcd51fd7:c5101, 9ed8676d-9460-465d-9905-fd43a52295f6:c5097, da64134c-6992-4903-9407-7df321e464db:c5097]
2019-07-09 09:59:37,894 INFO  client.GrpcClientProtocolClient (GrpcClientProtocolClient.java:onNext(255)) - client-CECA27ED65B5->8cac6937-780c-4459-964a-dea4dcd51fd7: receive RaftClientReply:client-CECA27ED65B5->8cac6937-780c-4459-964a-dea4dcd51fd7@group-D84C501198B9, cid=3404, SUCCESS, logIndex=0, commits[8cac6937-780c-4459-964a-dea4dcd51fd7:c5103, 9ed8676d-9460-465d-9905-fd43a52295f6:c5101, da64134c-6992-4903-9407-7df321e464db:c5101]
2019-07-09 09:59:37,926 INFO  client.GrpcClientProtocolClient (GrpcClientProtocolClient.java:onNext(255)) - client-CECA27ED65B5->8cac6937-780c-4459-964a-dea4dcd51fd7: receive RaftClientReply:client-CECA27ED65B5->8cac6937-780c-4459-964a-dea4dcd51fd7@group-D84C501198B9, cid=3405, SUCCESS, logIndex=5104, commits[8cac6937-780c-4459-964a-dea4dcd51fd7:c5105, 9ed8676d-9460-465d-9905-fd43a52295f6:c5101, da64134c-6992-4903-9407-7df321e464db:c5103]
2019-07-09 09:59:37,927 INFO  client.GrpcClientProtocolClient (GrpcClientProtocolClient.java:onNext(255)) - client-CECA27ED65B5->8cac6937-780c-4459-964a-dea4dcd51fd7: receive RaftClientReply:client-CECA27ED65B5->8cac6937-780c-4459-964a-dea4dcd51fd7@group-D84C501198B9, cid=3406, SUCCESS, logIndex=5105, commits[8cac6937-780c-4459-964a-dea4dcd51fd7:c5105, 9ed8676d-9460-465d-9905-fd43a52295f6:c5103, da64134c-6992-4903-9407-7df321e464db:c5103]
2019-07-09 09:59:37,928 INFO  client.GrpcClientProtocolClient (GrpcClientProtocolClient.java:onNext(255)) - client-CECA27ED65B5->8cac6937-780c-4459-964a-dea4dcd51fd7: receive RaftClientReply:client-CECA27ED65B5->8cac6937-780c-4459-964a-dea4dcd51fd7@group-D84C501198B9, cid=3407, SUCCESS, logIndex=5106, commits[8cac6937-780c-4459-964a-dea4dcd51fd7:c5107, 9ed8676d-9460-465d-9905-fd43a52295f6:c5103, da64134c-6992-4903-9407-7df321e464db:c5103]
2019-07-09 09:59:37,928 INFO  client.GrpcClientProtocolClient (GrpcClientProtocolClient.java:onNext(255)) - client-CECA27ED65B5->8cac6937-780c-4459-964a-dea4dcd51fd7: receive RaftClientReply:client-CECA27ED65B5->8cac6937-780c-4459-964a-dea4dcd51fd7@group-D84C501198B9, cid=3408, SUCCESS, logIndex=5107, commits[8cac6937-780c-4459-964a-dea4dcd51fd7:c5107, 9ed8676d-9460-465d-9905-fd43a52295f6:c5103, da64134c-6992-4903-9407-7df321e464db:c5103]
2019-07-09 09:59:37,929 INFO  client.GrpcClientProtocolClient (GrpcClientProtocolClient.java:onNext(255)) - client-CECA27ED65B5->8cac6937-780c-4459-964a-dea4dcd51fd7: receive RaftClientReply:client-CECA27ED65B5->8cac6937-780c-4459-964a-dea4dcd51fd7@group-D84C501198B9, cid=3409, SUCCESS, logIndex=0, commits[8cac6937-780c-4459-964a-dea4dcd51fd7:c5110, 9ed8676d-9460-465d-9905-fd43a52295f6:c5107, da64134c-6992-4903-9407-7df321e464db:c5105]
2019-07-09 09:59:37,948 INFO  client.GrpcClientProtocolClient (GrpcClientProtocolClient.java:onNext(255)) - client-CECA27ED65B5->8cac6937-780c-4459-964a-dea4dcd51fd7: receive RaftClientReply:client-CECA27ED65B5->8cac6937-780c-4459-964a-dea4dcd51fd7@group-D84C501198B9, cid=3410, SUCCESS, logIndex=5112, commits[8cac6937-780c-4459-964a-dea4dcd51fd7:c5113, 9ed8676d-9460-465d-9905-fd43a52295f6:c5111, da64134c-6992-4903-9407-7df321e464db:c5111]
2019-07-09 09:59:37,948 INFO  client.GrpcClientProtocolClient (GrpcClientProtocolClient.java:onNext(255)) - client-CECA27ED65B5->8cac6937-780c-4459-964a-dea4dcd51fd7: receive RaftClientReply:client-CECA27ED65B5->8cac6937-780c-4459-964a-dea4dcd51fd7@group-D84C501198B9, cid=3411, SUCCESS, logIndex=5113, commits[8cac6937-780c-4459-964a-dea4dcd51fd7:c5113, 9ed8676d-9460-465d-9905-fd43a52295f6:c5111, da64134c-6992-4903-9407-7df321e464db:c5111]
2019-07-09 09:59:37,961 INFO  client.GrpcClientProtocolClient (GrpcClientProtocolClient.java:onNext(255)) - client-CECA27ED65B5->8cac6937-780c-4459-964a-dea4dcd51fd7: receive RaftClientReply:client-CECA27ED65B5->8cac6937-780c-4459-964a-dea4dcd51fd7@group-D84C501198B9, cid=3412, SUCCESS, logIndex=5116, commits[8cac6937-780c-4459-964a-dea4dcd51fd7:c5116, 9ed8676d-9460-465d-9905-fd43a52295f6:c5113, da64134c-6992-4903-9407-7df321e464db:c5113]
2019-07-09 09:59:37,961 INFO  client.GrpcClientProtocolClient (GrpcClientProtocolClient.java:onNext(255)) - client-CECA27ED65B5->8cac6937-780c-4459-964a-dea4dcd51fd7: receive RaftClientReply:client-CECA27ED65B5->8cac6937-780c-4459-964a-dea4dcd51fd7@group-D84C501198B9, cid=3413, SUCCESS, logIndex=5117, commits[8cac6937-780c-4459-964a-dea4dcd51fd7:c5117, 9ed8676d-9460-465d-9905-fd43a52295f6:c5113, da64134c-6992-4903-9407-7df321e464db:c5113]
2019-07-09 09:59:37,974 INFO  client.GrpcClientProtocolClient (GrpcClientProtocolClient.java:onNext(255)) - client-CECA27ED65B5->8cac6937-780c-4459-964a-dea4dcd51fd7: receive RaftClientReply:client-CECA27ED65B5->8cac6937-780c-4459-964a-dea4dcd51fd7@group-D84C501198B9, cid=3414, SUCCESS, logIndex=0, commits[8cac6937-780c-4459-964a-dea4dcd51fd7:c5119, 9ed8676d-9460-465d-9905-fd43a52295f6:c5117, da64134c-6992-4903-9407-7df321e464db:c5117]
2019-07-09 09:59:38,003 INFO  client.GrpcClientProtocolClient (GrpcClientProtocolClient.java:onNext(255)) - client-CECA27ED65B5->8cac6937-780c-4459-964a-dea4dcd51fd7: receive RaftClientReply:client-CECA27ED65B5->8cac6937-780c-4459-964a-dea4dcd51fd7@group-D84C501198B9, cid=3415, SUCCESS, logIndex=5120, commits[8cac6937-780c-4459-964a-dea4dcd51fd7:c5121, 9ed8676d-9460-465d-9905-fd43a52295f6:c5119, da64134c-6992-4903-9407-7df321e464db:c5119]
2019-07-09 09:59:38,004 INFO  client.GrpcClientProtocolClient (GrpcClientProtocolClient.java:onNext(255)) - client-CECA27ED65B5->8cac6937-780c-4459-964a-dea4dcd51fd7: receive RaftClientReply:client-CECA27ED65B5->8cac6937-780c-4459-964a-dea4dcd51fd7@group-D84C501198B9, cid=3416, SUCCESS, logIndex=5121, commits[8cac6937-780c-4459-964a-dea4dcd51fd7:c5123, 9ed8676d-9460-465d-9905-fd43a52295f6:c5119, da64134c-6992-4903-9407-7df321e464db:c5119]
2019-07-09 09:59:38,004 INFO  client.GrpcClientProtocolClient (GrpcClientProtocolClient.java:onNext(255)) - client-CECA27ED65B5->8cac6937-780c-4459-964a-dea4dcd51fd7: receive RaftClientReply:client-CECA27ED65B5->8cac6937-780c-4459-964a-dea4dcd51fd7@group-D84C501198B9, cid=3417, SUCCESS, logIndex=5122, commits[8cac6937-780c-4459-964a-dea4dcd51fd7:c5123, 9ed8676d-9460-465d-9905-fd43a52295f6:c5119, da64134c-6992-4903-9407-7df321e464db:c5119]
2019-07-09 09:59:38,004 INFO  client.GrpcClientProtocolClient (GrpcClientProtocolClient.java:onNext(255)) - client-CECA27ED65B5->8cac6937-780c-4459-964a-dea4dcd51fd7: receive RaftClientReply:client-CECA27ED65B5->8cac6937-780c-4459-964a-dea4dcd51fd7@group-D84C501198B9, cid=3418, SUCCESS, logIndex=5123, commits[8cac6937-780c-4459-964a-dea4dcd51fd7:c5123, 9ed8676d-9460-465d-9905-fd43a52295f6:c5119, da64134c-6992-4903-9407-7df321e464db:c5119]
2019-07-09 09:59:38,015 INFO  client.GrpcClientProtocolClient (GrpcClientProtocolClient.java:onNext(255)) - client-CECA27ED65B5->8cac6937-780c-4459-964a-dea4dcd51fd7: receive RaftClientReply:client-CECA27ED65B5->8cac6937-780c-4459-964a-dea4dcd51fd7@group-D84C501198B9, cid=3419, SUCCESS, logIndex=0, commits[8cac6937-780c-4459-964a-dea4dcd51fd7:c5124, 9ed8676d-9460-465d-9905-fd43a52295f6:c5121, da64134c-6992-4903-9407-7df321e464db:c5121]
2019-07-09 09:59:38,033 INFO  client.GrpcClientProtocolClient (GrpcClientProtocolClient.java:onNext(255)) - client-CECA27ED65B5->8cac6937-780c-4459-964a-dea4dcd51fd7: receive RaftClientReply:client-CECA27ED65B5->8cac6937-780c-4459-964a-dea4dcd51fd7@group-D84C501198B9, cid=3420, SUCCESS, logIndex=5128, commits[8cac6937-780c-4459-964a-dea4dcd51fd7:c5129, 9ed8676d-9460-465d-9905-fd43a52295f6:c5127, da64134c-6992-4903-9407-7df321e464db:c5127]
2019-07-09 09:59:38,034 INFO  client.GrpcClientProtocolClient (GrpcClientProtocolClient.java:onNext(255)) - client-CECA27ED65B5->8cac6937-780c-4459-964a-dea4dcd51fd7: receive RaftClientReply:client-CECA27ED65B5->8cac6937-780c-4459-964a-dea4dcd51fd7@group-D84C501198B9, cid=3421, SUCCESS, logIndex=5129, commits[8cac6937-780c-4459-964a-dea4dcd51fd7:c5129, 9ed8676d-9460-465d-9905-fd43a52295f6:c5127, da64134c-6992-4903-9407-7df321e464db:c5127]
2019-07-09 09:59:38,059 INFO  client.GrpcClientProtocolClient (GrpcClientProtocolClient.java:onNext(255)) - client-CECA27ED65B5->8cac6937-780c-4459-964a-dea4dcd51fd7: receive RaftClientReply:client-CECA27ED65B5->8cac6937-780c-4459-964a-dea4dcd51fd7@group-D84C501198B9, cid=3422, SUCCESS, logIndex=5132, commits[8cac6937-780c-4459-964a-dea4dcd51fd7:c5133, 9ed8676d-9460-465d-9905-fd43a52295f6:c5131, da64134c-6992-4903-9407-7df321e464db:c5131]
2019-07-09 09:59:38,059 INFO  client.GrpcClientProtocolClient (GrpcClientProtocolClient.java:onNext(255)) - client-CECA27ED65B5->8cac6937-780c-4459-964a-dea4dcd51fd7: receive RaftClientReply:client-CECA27ED65B5->8cac6937-780c-4459-964a-dea4dcd51fd7@group-D84C501198B9, cid=3423, SUCCESS, logIndex=5133, commits[8cac6937-780c-4459-964a-dea4dcd51fd7:c5133, 9ed8676d-9460-465d-9905-fd43a52295f6:c5131, da64134c-6992-4903-9407-7df321e464db:c5131]
2019-07-09 09:59:38,070 INFO  client.GrpcClientProtocolClient (GrpcClientProtocolClient.java:onNext(255)) - client-CECA27ED65B5->8cac6937-780c-4459-964a-dea4dcd51fd7: receive RaftClientReply:client-CECA27ED65B5->8cac6937-780c-4459-964a-dea4dcd51fd7@group-D84C501198B9, cid=3424, SUCCESS, logIndex=0, commits[8cac6937-780c-4459-964a-dea4dcd51fd7:c5134, 9ed8676d-9460-465d-9905-fd43a52295f6:c5133, da64134c-6992-4903-9407-7df321e464db:c5133]
2019-07-09 09:59:38,098 INFO  client.GrpcClientProtocolClient (GrpcClientProtocolClient.java:onNext(255)) - client-CECA27ED65B5->8cac6937-780c-4459-964a-dea4dcd51fd7: receive RaftClientReply:client-CECA27ED65B5->8cac6937-780c-4459-964a-dea4dcd51fd7@group-D84C501198B9, cid=3425, SUCCESS, logIndex=5136, commits[8cac6937-780c-4459-964a-dea4dcd51fd7:c5137, 9ed8676d-9460-465d-9905-fd43a52295f6:c5135, da64134c-6992-4903-9407-7df321e464db:c5135]
2019-07-09 09:59:38,099 INFO  client.GrpcClientProtocolClient (GrpcClientProtocolClient.java:onNext(255)) - client-CECA27ED65B5->8cac6937-780c-4459-964a-dea4dcd51fd7: receive RaftClientReply:client-CECA27ED65B5->8cac6937-780c-4459-964a-dea4dcd51fd7@group-D84C501198B9, cid=3426, SUCCESS, logIndex=5137, commits[8cac6937-780c-4459-964a-dea4dcd51fd7:c5137, 9ed8676d-9460-465d-9905-fd43a52295f6:c5135, da64134c-6992-4903-9407-7df321e464db:c5135]
2019-07-09 09:59:38,099 INFO  client.GrpcClientProtocolClient (GrpcClientProtocolClient.java:onNext(255)) - client-CECA27ED65B5->8cac6937-780c-4459-964a-dea4dcd51fd7: receive RaftClientReply:client-CECA27ED65B5->8cac6937-780c-4459-964a-dea4dcd51fd7@group-D84C501198B9, cid=3427, SUCCESS, logIndex=5138, commits[8cac6937-780c-4459-964a-dea4dcd51fd7:c5139, 9ed8676d-9460-465d-9905-fd43a52295f6:c5135, da64134c-6992-4903-9407-7df321e464db:c5135]
2019-07-09 09:59:38,099 INFO  client.GrpcClientProtocolClient (GrpcClientProtocolClient.java:onNext(255)) - client-CECA27ED65B5->8cac6937-780c-4459-964a-dea4dcd51fd7: receive RaftClientReply:client-CECA27ED65B5->8cac6937-780c-4459-964a-dea4dcd51fd7@group-D84C501198B9, cid=3428, SUCCESS, logIndex=5139, commits[8cac6937-780c-4459-964a-dea4dcd51fd7:c5139, 9ed8676d-9460-465d-9905-fd43a52295f6:c5135, da64134c-6992-4903-9407-7df321e464db:c5135]
2019-07-09 09:59:38,101 INFO  client.GrpcClientProtocolClient (GrpcClientProtocolClient.java:onNext(255)) - client-CECA27ED65B5->8cac6937-780c-4459-964a-dea4dcd51fd7: receive RaftClientReply:client-CECA27ED65B5->8cac6937-780c-4459-964a-dea4dcd51fd7@group-D84C501198B9, cid=3429, SUCCESS, logIndex=0, commits[8cac6937-780c-4459-964a-dea4dcd51fd7:c5141, 9ed8676d-9460-465d-9905-fd43a52295f6:c5137, da64134c-6992-4903-9407-7df321e464db:c5137]
2019-07-09 09:59:38,136 INFO  client.GrpcClientProtocolClient (GrpcClientProtocolClient.java:onNext(255)) - client-CECA27ED65B5->8cac6937-780c-4459-964a-dea4dcd51fd7: receive RaftClientReply:client-CECA27ED65B5->8cac6937-780c-4459-964a-dea4dcd51fd7@group-D84C501198B9, cid=3430, SUCCESS, logIndex=5144, commits[8cac6937-780c-4459-964a-dea4dcd51fd7:c5145, 9ed8676d-9460-465d-9905-fd43a52295f6:c5143, da64134c-6992-4903-9407-7df321e464db:c5143]
2019-07-09 09:59:38,136 INFO  client.GrpcClientProtocolClient (GrpcClientProtocolClient.java:onNext(255)) - client-CECA27ED65B5->8cac6937-780c-4459-964a-dea4dcd51fd7: receive RaftClientReply:client-CECA27ED65B5->8cac6937-780c-4459-964a-dea4dcd51fd7@group-D84C501198B9, cid=3431, SUCCESS, logIndex=5145, commits[8cac6937-780c-4459-964a-dea4dcd51fd7:c5145, 9ed8676d-9460-465d-9905-fd43a52295f6:c5143, da64134c-6992-4903-9407-7df321e464db:c5143]
2019-07-09 09:59:38,155 INFO  client.GrpcClientProtocolClient (GrpcClientProtocolClient.java:onNext(255)) - client-CECA27ED65B5->8cac6937-780c-4459-964a-dea4dcd51fd7: receive RaftClientReply:client-CECA27ED65B5->8cac6937-780c-4459-964a-dea4dcd51fd7@group-D84C501198B9, cid=3432, SUCCESS, logIndex=5148, commits[8cac6937-780c-4459-964a-dea4dcd51fd7:c5149, 9ed8676d-9460-465d-9905-fd43a52295f6:c5147, da64134c-6992-4903-9407-7df321e464db:c5147]
2019-07-09 09:59:38,155 INFO  client.GrpcClientProtocolClient (GrpcClientProtocolClient.java:onNext(255)) - client-CECA27ED65B5->8cac6937-780c-4459-964a-dea4dcd51fd7: receive RaftClientReply:client-CECA27ED65B5->8cac6937-780c-4459-964a-dea4dcd51fd7@group-D84C501198B9, cid=3433, SUCCESS, logIndex=5149, commits[8cac6937-780c-4459-964a-dea4dcd51fd7:c5149, 9ed8676d-9460-465d-9905-fd43a52295f6:c5147, da64134c-6992-4903-9407-7df321e464db:c5147]
2019-07-09 09:59:38,170 INFO  client.GrpcClientProtocolClient (GrpcClientProtocolClient.java:onNext(255)) - client-CECA27ED65B5->8cac6937-780c-4459-964a-dea4dcd51fd7: receive RaftClientReply:client-CECA27ED65B5->8cac6937-780c-4459-964a-dea4dcd51fd7@group-D84C501198B9, cid=3434, SUCCESS, logIndex=0, commits[8cac6937-780c-4459-964a-dea4dcd51fd7:c5151, 9ed8676d-9460-465d-9905-fd43a52295f6:c5149, da64134c-6992-4903-9407-7df321e464db:c5149]
2019-07-09 09:59:38,198 INFO  client.GrpcClientProtocolClient (GrpcClientProtocolClient.java:onNext(255)) - client-CECA27ED65B5->8cac6937-780c-4459-964a-dea4dcd51fd7: receive RaftClientReply:client-CECA27ED65B5->8cac6937-780c-4459-964a-dea4dcd51fd7@group-D84C501198B9, cid=3435, SUCCESS, logIndex=5152, commits[8cac6937-780c-4459-964a-dea4dcd51fd7:c5153, 9ed8676d-9460-465d-9905-fd43a52295f6:c5151, da64134c-6992-4903-9407-7df321e464db:c5151]
2019-07-09 09:59:38,198 INFO  client.GrpcClientProtocolClient (GrpcClientProtocolClient.java:onNext(255)) - client-CECA27ED65B5->8cac6937-780c-4459-964a-dea4dcd51fd7: receive RaftClientReply:client-CECA27ED65B5->8cac6937-780c-4459-964a-dea4dcd51fd7@group-D84C501198B9, cid=3436, SUCCESS, logIndex=5153, commits[8cac6937-780c-4459-964a-dea4dcd51fd7:c5153, 9ed8676d-9460-465d-9905-fd43a52295f6:c5151, da64134c-6992-4903-9407-7df321e464db:c5151]
2019-07-09 09:59:38,199 INFO  client.GrpcClientProtocolClient (GrpcClientProtocolClient.java:onNext(255)) - client-CECA27ED65B5->8cac6937-780c-4459-964a-dea4dcd51fd7: receive RaftClientReply:client-CECA27ED65B5->8cac6937-780c-4459-964a-dea4dcd51fd7@group-D84C501198B9, cid=3437, SUCCESS, logIndex=5154, commits[8cac6937-780c-4459-964a-dea4dcd51fd7:c5154, 9ed8676d-9460-465d-9905-fd43a52295f6:c5151, da64134c-6992-4903-9407-7df321e464db:c5151]
2019-07-09 09:59:38,199 INFO  client.GrpcClientProtocolClient (GrpcClientProtocolClient.java:onNext(255)) - client-CECA27ED65B5->8cac6937-780c-4459-964a-dea4dcd51fd7: receive RaftClientReply:client-CECA27ED65B5->8cac6937-780c-4459-964a-dea4dcd51fd7@group-D84C501198B9, cid=3438, SUCCESS, logIndex=5155, commits[8cac6937-780c-4459-964a-dea4dcd51fd7:c5155, 9ed8676d-9460-465d-9905-fd43a52295f6:c5151, da64134c-6992-4903-9407-7df321e464db:c5151]
2019-07-09 09:59:38,212 INFO  client.GrpcClientProtocolClient (GrpcClientProtocolClient.java:onNext(255)) - client-CECA27ED65B5->8cac6937-780c-4459-964a-dea4dcd51fd7: receive RaftClientReply:client-CECA27ED65B5->8cac6937-780c-4459-964a-dea4dcd51fd7@group-D84C501198B9, cid=3439, SUCCESS, logIndex=0, commits[8cac6937-780c-4459-964a-dea4dcd51fd7:c5157, 9ed8676d-9460-465d-9905-fd43a52295f6:c5153, da64134c-6992-4903-9407-7df321e464db:c5153]
2019-07-09 09:59:38,231 INFO  client.GrpcClientProtocolClient (GrpcClientProtocolClient.java:onNext(255)) - client-CECA27ED65B5->8cac6937-780c-4459-964a-dea4dcd51fd7: receive RaftClientReply:client-CECA27ED65B5->8cac6937-780c-4459-964a-dea4dcd51fd7@group-D84C501198B9, cid=3440, SUCCESS, logIndex=5160, commits[8cac6937-780c-4459-964a-dea4dcd51fd7:c5161, 9ed8676d-9460-465d-9905-fd43a52295f6:c5159, da64134c-6992-4903-9407-7df321e464db:c5159]
2019-07-09 09:59:38,231 INFO  client.GrpcClientProtocolClient (GrpcClientProtocolClient.java:onNext(255)) - client-CECA27ED65B5->8cac6937-780c-4459-964a-dea4dcd51fd7: receive RaftClientReply:client-CECA27ED65B5->8cac6937-780c-4459-964a-dea4dcd51fd7@group-D84C501198B9, cid=3441, SUCCESS, logIndex=5161, commits[8cac6937-780c-4459-964a-dea4dcd51fd7:c5161, 9ed8676d-9460-465d-9905-fd43a52295f6:c5159, da64134c-6992-4903-9407-7df321e464db:c5159]
2019-07-09 09:59:38,244 INFO  client.GrpcClientProtocolClient (GrpcClientProtocolClient.java:onNext(255)) - client-CECA27ED65B5->8cac6937-780c-4459-964a-dea4dcd51fd7: receive RaftClientReply:client-CECA27ED65B5->8cac6937-780c-4459-964a-dea4dcd51fd7@group-D84C501198B9, cid=3442, SUCCESS, logIndex=5164, commits[8cac6937-780c-4459-964a-dea4dcd51fd7:c5165, 9ed8676d-9460-465d-9905-fd43a52295f6:c5161, da64134c-6992-4903-9407-7df321e464db:c5161]
2019-07-09 09:59:38,244 INFO  client.GrpcClientProtocolClient (GrpcClientProtocolClient.java:onNext(255)) - client-CECA27ED65B5->8cac6937-780c-4459-964a-dea4dcd51fd7: receive RaftClientReply:client-CECA27ED65B5->8cac6937-780c-4459-964a-dea4dcd51fd7@group-D84C501198B9, cid=3443, SUCCESS, logIndex=5165, commits[8cac6937-780c-4459-964a-dea4dcd51fd7:c5165, 9ed8676d-9460-465d-9905-fd43a52295f6:c5161, da64134c-6992-4903-9407-7df321e464db:c5161]
2019-07-09 09:59:38,256 INFO  client.GrpcClientProtocolClient (GrpcClientProtocolClient.java:onNext(255)) - client-CECA27ED65B5->8cac6937-780c-4459-964a-dea4dcd51fd7: receive RaftClientReply:client-CECA27ED65B5->8cac6937-780c-4459-964a-dea4dcd51fd7@group-D84C501198B9, cid=3444, SUCCESS, logIndex=0, commits[8cac6937-780c-4459-964a-dea4dcd51fd7:c5166, 9ed8676d-9460-465d-9905-fd43a52295f6:c5165, da64134c-6992-4903-9407-7df321e464db:c5165]
 0.00% |█                                                                                                    |  0/1 Time: 0:00:302019-07-09 09:59:38,286 INFO  client.GrpcClientProtocolClient (GrpcClientProtocolClient.java:onNext(255)) - client-CECA27ED65B5->8cac6937-780c-4459-964a-dea4dcd51fd7: receive RaftClientReply:client-CECA27ED65B5->8cac6937-780c-4459-964a-dea4dcd51fd7@group-D84C501198B9, cid=3445, SUCCESS, logIndex=5168, commits[8cac6937-780c-4459-964a-dea4dcd51fd7:c5169, 9ed8676d-9460-465d-9905-fd43a52295f6:c5167, da64134c-6992-4903-9407-7df321e464db:c5167]
2019-07-09 09:59:38,286 INFO  client.GrpcClientProtocolClient (GrpcClientProtocolClient.java:onNext(255)) - client-CECA27ED65B5->8cac6937-780c-4459-964a-dea4dcd51fd7: receive RaftClientReply:client-CECA27ED65B5->8cac6937-780c-4459-964a-dea4dcd51fd7@group-D84C501198B9, cid=3446, SUCCESS, logIndex=5169, commits[8cac6937-780c-4459-964a-dea4dcd51fd7:c5171, 9ed8676d-9460-465d-9905-fd43a52295f6:c5167, da64134c-6992-4903-9407-7df321e464db:c5167]
2019-07-09 09:59:38,287 INFO  client.GrpcClientProtocolClient (GrpcClientProtocolClient.java:onNext(255)) - client-CECA27ED65B5->8cac6937-780c-4459-964a-dea4dcd51fd7: receive RaftClientReply:client-CECA27ED65B5->8cac6937-780c-4459-964a-dea4dcd51fd7@group-D84C501198B9, cid=3447, SUCCESS, logIndex=5170, commits[8cac6937-780c-4459-964a-dea4dcd51fd7:c5171, 9ed8676d-9460-465d-9905-fd43a52295f6:c5167, da64134c-6992-4903-9407-7df321e464db:c5167]
2019-07-09 09:59:38,287 INFO  client.GrpcClientProtocolClient (GrpcClientProtocolClient.java:onNext(255)) - client-CECA27ED65B5->8cac6937-780c-4459-964a-dea4dcd51fd7: receive RaftClientReply:client-CECA27ED65B5->8cac6937-780c-4459-964a-dea4dcd51fd7@group-D84C501198B9, cid=3448, SUCCESS, logIndex=5171, commits[8cac6937-780c-4459-964a-dea4dcd51fd7:c5172, 9ed8676d-9460-465d-9905-fd43a52295f6:c5167, da64134c-6992-4903-9407-7df321e464db:c5168]
2019-07-09 09:59:38,288 INFO  client.GrpcClientProtocolClient (GrpcClientProtocolClient.java:onNext(255)) - client-CECA27ED65B5->8cac6937-780c-4459-964a-dea4dcd51fd7: receive RaftClientReply:client-CECA27ED65B5->8cac6937-780c-4459-964a-dea4dcd51fd7@group-D84C501198B9, cid=3449, SUCCESS, logIndex=0, commits[8cac6937-780c-4459-964a-dea4dcd51fd7:c5173, 9ed8676d-9460-465d-9905-fd43a52295f6:c5169, da64134c-6992-4903-9407-7df321e464db:c5169]
2019-07-09 09:59:38,310 INFO  client.GrpcClientProtocolClient (GrpcClientProtocolClient.java:onNext(255)) - client-CECA27ED65B5->8cac6937-780c-4459-964a-dea4dcd51fd7: receive RaftClientReply:client-CECA27ED65B5->8cac6937-780c-4459-964a-dea4dcd51fd7@group-D84C501198B9, cid=3450, SUCCESS, logIndex=5176, commits[8cac6937-780c-4459-964a-dea4dcd51fd7:c5177, 9ed8676d-9460-465d-9905-fd43a52295f6:c5175, da64134c-6992-4903-9407-7df321e464db:c5175]
2019-07-09 09:59:38,310 INFO  client.GrpcClientProtocolClient (GrpcClientProtocolClient.java:onNext(255)) - client-CECA27ED65B5->8cac6937-780c-4459-964a-dea4dcd51fd7: receive RaftClientReply:client-CECA27ED65B5->8cac6937-780c-4459-964a-dea4dcd51fd7@group-D84C501198B9, cid=3451, SUCCESS, logIndex=5177, commits[8cac6937-780c-4459-964a-dea4dcd51fd7:c5177, 9ed8676d-9460-465d-9905-fd43a52295f6:c5175, da64134c-6992-4903-9407-7df321e464db:c5175]
2019-07-09 09:59:38,445 INFO  client.GrpcClientProtocolClient (GrpcClientProtocolClient.java:onNext(255)) - client-CECA27ED65B5->8cac6937-780c-4459-964a-dea4dcd51fd7: receive RaftClientReply:client-CECA27ED65B5->8cac6937-780c-4459-964a-dea4dcd51fd7@group-D84C501198B9, cid=3452, SUCCESS, logIndex=5180, commits[8cac6937-780c-4459-964a-dea4dcd51fd7:c5181, 9ed8676d-9460-465d-9905-fd43a52295f6:c5178, da64134c-6992-4903-9407-7df321e464db:c5177]
2019-07-09 09:59:38,445 INFO  client.GrpcClientProtocolClient (GrpcClientProtocolClient.java:onNext(255)) - client-CECA27ED65B5->8cac6937-780c-4459-964a-dea4dcd51fd7: receive RaftClientReply:client-CECA27ED65B5->8cac6937-780c-4459-964a-dea4dcd51fd7@group-D84C501198B9, cid=3453, SUCCESS, logIndex=5181, commits[8cac6937-780c-4459-964a-dea4dcd51fd7:c5181, 9ed8676d-9460-465d-9905-fd43a52295f6:c5178, da64134c-6992-4903-9407-7df321e464db:c5177]
2019-07-09 09:59:38,457 INFO  client.GrpcClientProtocolClient (GrpcClientProtocolClient.java:onNext(255)) - client-CECA27ED65B5->8cac6937-780c-4459-964a-dea4dcd51fd7: receive RaftClientReply:client-CECA27ED65B5->8cac6937-780c-4459-964a-dea4dcd51fd7@group-D84C501198B9, cid=3454, SUCCESS, logIndex=0, commits[8cac6937-780c-4459-964a-dea4dcd51fd7:c5183, 9ed8676d-9460-465d-9905-fd43a52295f6:c5181, da64134c-6992-4903-9407-7df321e464db:c5181]
2019-07-09 09:59:38,491 INFO  client.GrpcClientProtocolClient (GrpcClientProtocolClient.java:onNext(255)) - client-CECA27ED65B5->8cac6937-780c-4459-964a-dea4dcd51fd7: receive RaftClientReply:client-CECA27ED65B5->8cac6937-780c-4459-964a-dea4dcd51fd7@group-D84C501198B9, cid=3455, SUCCESS, logIndex=5184, commits[8cac6937-780c-4459-964a-dea4dcd51fd7:c5185, 9ed8676d-9460-465d-9905-fd43a52295f6:c5183, da64134c-6992-4903-9407-7df321e464db:c5183]
2019-07-09 09:59:38,492 INFO  client.GrpcClientProtocolClient (GrpcClientProtocolClient.java:onNext(255)) - client-CECA27ED65B5->8cac6937-780c-4459-964a-dea4dcd51fd7: receive RaftClientReply:client-CECA27ED65B5->8cac6937-780c-4459-964a-dea4dcd51fd7@group-D84C501198B9, cid=3456, SUCCESS, logIndex=5185, commits[8cac6937-780c-4459-964a-dea4dcd51fd7:c5185, 9ed8676d-9460-465d-9905-fd43a52295f6:c5183, da64134c-6992-4903-9407-7df321e464db:c5183]
2019-07-09 09:59:38,492 INFO  client.GrpcClientProtocolClient (GrpcClientProtocolClient.java:onNext(255)) - client-CECA27ED65B5->8cac6937-780c-4459-964a-dea4dcd51fd7: receive RaftClientReply:client-CECA27ED65B5->8cac6937-780c-4459-964a-dea4dcd51fd7@group-D84C501198B9, cid=3457, SUCCESS, logIndex=5186, commits[8cac6937-780c-4459-964a-dea4dcd51fd7:c5187, 9ed8676d-9460-465d-9905-fd43a52295f6:c5183, da64134c-6992-4903-9407-7df321e464db:c5183]
2019-07-09 09:59:38,492 INFO  client.GrpcClientProtocolClient (GrpcClientProtocolClient.java:onNext(255)) - client-CECA27ED65B5->8cac6937-780c-4459-964a-dea4dcd51fd7: receive RaftClientReply:client-CECA27ED65B5->8cac6937-780c-4459-964a-dea4dcd51fd7@group-D84C501198B9, cid=3458, SUCCESS, logIndex=5187, commits[8cac6937-780c-4459-964a-dea4dcd51fd7:c5187, 9ed8676d-9460-465d-9905-fd43a52295f6:c5183, da64134c-6992-4903-9407-7df321e464db:c5183]
2019-07-09 09:59:38,494 INFO  client.GrpcClientProtocolClient (GrpcClientProtocolClient.java:onNext(255)) - client-CECA27ED65B5->8cac6937-780c-4459-964a-dea4dcd51fd7: receive RaftClientReply:client-CECA27ED65B5->8cac6937-780c-4459-964a-dea4dcd51fd7@group-D84C501198B9, cid=3459, SUCCESS, logIndex=0, commits[8cac6937-780c-4459-964a-dea4dcd51fd7:c5189, 9ed8676d-9460-465d-9905-fd43a52295f6:c5185, da64134c-6992-4903-9407-7df321e464db:c5185]
2019-07-09 09:59:38,514 INFO  client.GrpcClientProtocolClient (GrpcClientProtocolClient.java:onNext(255)) - client-CECA27ED65B5->8cac6937-780c-4459-964a-dea4dcd51fd7: receive RaftClientReply:client-CECA27ED65B5->8cac6937-780c-4459-964a-dea4dcd51fd7@group-D84C501198B9, cid=3460, SUCCESS, logIndex=5192, commits[8cac6937-780c-4459-964a-dea4dcd51fd7:c5193, 9ed8676d-9460-465d-9905-fd43a52295f6:c5191, da64134c-6992-4903-9407-7df321e464db:c5191]
2019-07-09 09:59:38,515 INFO  client.GrpcClientProtocolClient (GrpcClientProtocolClient.java:onNext(255)) - client-CECA27ED65B5->8cac6937-780c-4459-964a-dea4dcd51fd7: receive RaftClientReply:client-CECA27ED65B5->8cac6937-780c-4459-964a-dea4dcd51fd7@group-D84C501198B9, cid=3461, SUCCESS, logIndex=5193, commits[8cac6937-780c-4459-964a-dea4dcd51fd7:c5193, 9ed8676d-9460-465d-9905-fd43a52295f6:c5191, da64134c-6992-4903-9407-7df321e464db:c5191]
2019-07-09 09:59:38,528 INFO  client.GrpcClientProtocolClient (GrpcClientProtocolClient.java:onNext(255)) - client-CECA27ED65B5->8cac6937-780c-4459-964a-dea4dcd51fd7: receive RaftClientReply:client-CECA27ED65B5->8cac6937-780c-4459-964a-dea4dcd51fd7@group-D84C501198B9, cid=3462, SUCCESS, logIndex=5196, commits[8cac6937-780c-4459-964a-dea4dcd51fd7:c5197, 9ed8676d-9460-465d-9905-fd43a52295f6:c5193, da64134c-6992-4903-9407-7df321e464db:c5193]
2019-07-09 09:59:38,528 INFO  client.GrpcClientProtocolClient (GrpcClientProtocolClient.java:onNext(255)) - client-CECA27ED65B5->8cac6937-780c-4459-964a-dea4dcd51fd7: receive RaftClientReply:client-CECA27ED65B5->8cac6937-780c-4459-964a-dea4dcd51fd7@group-D84C501198B9, cid=3463, SUCCESS, logIndex=5197, commits[8cac6937-780c-4459-964a-dea4dcd51fd7:c5197, 9ed8676d-9460-465d-9905-fd43a52295f6:c5193, da64134c-6992-4903-9407-7df321e464db:c5193]
2019-07-09 09:59:38,544 INFO  client.GrpcClientProtocolClient (GrpcClientProtocolClient.java:onNext(255)) - client-CECA27ED65B5->8cac6937-780c-4459-964a-dea4dcd51fd7: receive RaftClientReply:client-CECA27ED65B5->8cac6937-780c-4459-964a-dea4dcd51fd7@group-D84C501198B9, cid=3464, SUCCESS, logIndex=0, commits[8cac6937-780c-4459-964a-dea4dcd51fd7:c5199, 9ed8676d-9460-465d-9905-fd43a52295f6:c5197, da64134c-6992-4903-9407-7df321e464db:c5197]
2019-07-09 09:59:38,580 INFO  client.GrpcClientProtocolClient (GrpcClientProtocolClient.java:onNext(255)) - client-CECA27ED65B5->8cac6937-780c-4459-964a-dea4dcd51fd7: receive RaftClientReply:client-CECA27ED65B5->8cac6937-780c-4459-964a-dea4dcd51fd7@group-D84C501198B9, cid=3465, SUCCESS, logIndex=5200, commits[8cac6937-780c-4459-964a-dea4dcd51fd7:c5201, 9ed8676d-9460-465d-9905-fd43a52295f6:c5199, da64134c-6992-4903-9407-7df321e464db:c5199]
2019-07-09 09:59:38,580 INFO  client.GrpcClientProtocolClient (GrpcClientProtocolClient.java:onNext(255)) - client-CECA27ED65B5->8cac6937-780c-4459-964a-dea4dcd51fd7: receive RaftClientReply:client-CECA27ED65B5->8cac6937-780c-4459-964a-dea4dcd51fd7@group-D84C501198B9, cid=3466, SUCCESS, logIndex=5201, commits[8cac6937-780c-4459-964a-dea4dcd51fd7:c5203, 9ed8676d-9460-465d-9905-fd43a52295f6:c5199, da64134c-6992-4903-9407-7df321e464db:c5199]
2019-07-09 09:59:38,580 INFO  client.GrpcClientProtocolClient (GrpcClientProtocolClient.java:onNext(255)) - client-CECA27ED65B5->8cac6937-780c-4459-964a-dea4dcd51fd7: receive RaftClientReply:client-CECA27ED65B5->8cac6937-780c-4459-964a-dea4dcd51fd7@group-D84C501198B9, cid=3467, SUCCESS, logIndex=5202, commits[8cac6937-780c-4459-964a-dea4dcd51fd7:c5203, 9ed8676d-9460-465d-9905-fd43a52295f6:c5199, da64134c-6992-4903-9407-7df321e464db:c5199]
2019-07-09 09:59:38,581 INFO  client.GrpcClientProtocolClient (GrpcClientProtocolClient.java:onNext(255)) - client-CECA27ED65B5->8cac6937-780c-4459-964a-dea4dcd51fd7: receive RaftClientReply:client-CECA27ED65B5->8cac6937-780c-4459-964a-dea4dcd51fd7@group-D84C501198B9, cid=3468, SUCCESS, logIndex=5203, commits[8cac6937-780c-4459-964a-dea4dcd51fd7:c5203, 9ed8676d-9460-465d-9905-fd43a52295f6:c5199, da64134c-6992-4903-9407-7df321e464db:c5199]
2019-07-09 09:59:38,582 INFO  client.GrpcClientProtocolClient (GrpcClientProtocolClient.java:onNext(255)) - client-CECA27ED65B5->8cac6937-780c-4459-964a-dea4dcd51fd7: receive RaftClientReply:client-CECA27ED65B5->8cac6937-780c-4459-964a-dea4dcd51fd7@group-D84C501198B9, cid=3469, SUCCESS, logIndex=0, commits[8cac6937-780c-4459-964a-dea4dcd51fd7:c5205, 9ed8676d-9460-465d-9905-fd43a52295f6:c5201, da64134c-6992-4903-9407-7df321e464db:c5201]
2019-07-09 09:59:38,594 INFO  client.GrpcClientProtocolClient (GrpcClientProtocolClient.java:onNext(255)) - client-CECA27ED65B5->8cac6937-780c-4459-964a-dea4dcd51fd7: receive RaftClientReply:client-CECA27ED65B5->8cac6937-780c-4459-964a-dea4dcd51fd7@group-D84C501198B9, cid=3470, SUCCESS, logIndex=5208, commits[8cac6937-780c-4459-964a-dea4dcd51fd7:c5209, 9ed8676d-9460-465d-9905-fd43a52295f6:c5205, da64134c-6992-4903-9407-7df321e464db:c5203]
2019-07-09 09:59:38,595 INFO  client.GrpcClientProtocolClient (GrpcClientProtocolClient.java:onNext(255)) - client-CECA27ED65B5->8cac6937-780c-4459-964a-dea4dcd51fd7: receive RaftClientReply:client-CECA27ED65B5->8cac6937-780c-4459-964a-dea4dcd51fd7@group-D84C501198B9, cid=3471, SUCCESS, logIndex=5209, commits[8cac6937-780c-4459-964a-dea4dcd51fd7:c5209, 9ed8676d-9460-465d-9905-fd43a52295f6:c5205, da64134c-6992-4903-9407-7df321e464db:c5205]
2019-07-09 09:59:38,615 INFO  client.GrpcClientProtocolClient (GrpcClientProtocolClient.java:onNext(255)) - client-CECA27ED65B5->8cac6937-780c-4459-964a-dea4dcd51fd7: receive RaftClientReply:client-CECA27ED65B5->8cac6937-780c-4459-964a-dea4dcd51fd7@group-D84C501198B9, cid=3472, SUCCESS, logIndex=5211, commits[8cac6937-780c-4459-964a-dea4dcd51fd7:c5212, 9ed8676d-9460-465d-9905-fd43a52295f6:c5210, da64134c-6992-4903-9407-7df321e464db:c5210]
2019-07-09 09:59:38,616 INFO  client.GrpcClientProtocolClient (GrpcClientProtocolClient.java:onNext(255)) - client-CECA27ED65B5->8cac6937-780c-4459-964a-dea4dcd51fd7: receive RaftClientReply:client-CECA27ED65B5->8cac6937-780c-4459-964a-dea4dcd51fd7@group-D84C501198B9, cid=3473, SUCCESS, logIndex=5212, commits[8cac6937-780c-4459-964a-dea4dcd51fd7:c5212, 9ed8676d-9460-465d-9905-fd43a52295f6:c5210, da64134c-6992-4903-9407-7df321e464db:c5210]
2019-07-09 09:59:38,628 INFO  client.GrpcClientProtocolClient (GrpcClientProtocolClient.java:onNext(255)) - client-CECA27ED65B5->8cac6937-780c-4459-964a-dea4dcd51fd7: receive RaftClientReply:client-CECA27ED65B5->8cac6937-780c-4459-964a-dea4dcd51fd7@group-D84C501198B9, cid=3474, SUCCESS, logIndex=0, commits[8cac6937-780c-4459-964a-dea4dcd51fd7:c5214, 9ed8676d-9460-465d-9905-fd43a52295f6:c5212, da64134c-6992-4903-9407-7df321e464db:c5212]
2019-07-09 09:59:38,663 INFO  client.GrpcClientProtocolClient (GrpcClientProtocolClient.java:onNext(255)) - client-CECA27ED65B5->8cac6937-780c-4459-964a-dea4dcd51fd7: receive RaftClientReply:client-CECA27ED65B5->8cac6937-780c-4459-964a-dea4dcd51fd7@group-D84C501198B9, cid=3475, SUCCESS, logIndex=5215, commits[8cac6937-780c-4459-964a-dea4dcd51fd7:c5216, 9ed8676d-9460-465d-9905-fd43a52295f6:c5214, da64134c-6992-4903-9407-7df321e464db:c5214]
2019-07-09 09:59:38,664 INFO  client.GrpcClientProtocolClient (GrpcClientProtocolClient.java:onNext(255)) - client-CECA27ED65B5->8cac6937-780c-4459-964a-dea4dcd51fd7: receive RaftClientReply:client-CECA27ED65B5->8cac6937-780c-4459-964a-dea4dcd51fd7@group-D84C501198B9, cid=3476, SUCCESS, logIndex=5216, commits[8cac6937-780c-4459-964a-dea4dcd51fd7:c5216, 9ed8676d-9460-465d-9905-fd43a52295f6:c5214, da64134c-6992-4903-9407-7df321e464db:c5214]
2019-07-09 09:59:38,664 INFO  client.GrpcClientProtocolClient (GrpcClientProtocolClient.java:onNext(255)) - client-CECA27ED65B5->8cac6937-780c-4459-964a-dea4dcd51fd7: receive RaftClientReply:client-CECA27ED65B5->8cac6937-780c-4459-964a-dea4dcd51fd7@group-D84C501198B9, cid=3477, SUCCESS, logIndex=5217, commits[8cac6937-780c-4459-964a-dea4dcd51fd7:c5218, 9ed8676d-9460-465d-9905-fd43a52295f6:c5214, da64134c-6992-4903-9407-7df321e464db:c5214]
2019-07-09 09:59:38,665 INFO  client.GrpcClientProtocolClient (GrpcClientProtocolClient.java:onNext(255)) - client-CECA27ED65B5->8cac6937-780c-4459-964a-dea4dcd51fd7: receive RaftClientReply:client-CECA27ED65B5->8cac6937-780c-4459-964a-dea4dcd51fd7@group-D84C501198B9, cid=3478, SUCCESS, logIndex=5218, commits[8cac6937-780c-4459-964a-dea4dcd51fd7:c5218, 9ed8676d-9460-465d-9905-fd43a52295f6:c5214, da64134c-6992-4903-9407-7df321e464db:c5214]
2019-07-09 09:59:38,666 INFO  client.GrpcClientProtocolClient (GrpcClientProtocolClient.java:onNext(255)) - client-CECA27ED65B5->8cac6937-780c-4459-964a-dea4dcd51fd7: receive RaftClientReply:client-CECA27ED65B5->8cac6937-780c-4459-964a-dea4dcd51fd7@group-D84C501198B9, cid=3479, SUCCESS, logIndex=0, commits[8cac6937-780c-4459-964a-dea4dcd51fd7:c5220, 9ed8676d-9460-465d-9905-fd43a52295f6:c5216, da64134c-6992-4903-9407-7df321e464db:c5216]
2019-07-09 09:59:38,702 INFO  client.GrpcClientProtocolClient (GrpcClientProtocolClient.java:onNext(255)) - client-CECA27ED65B5->8cac6937-780c-4459-964a-dea4dcd51fd7: receive RaftClientReply:client-CECA27ED65B5->8cac6937-780c-4459-964a-dea4dcd51fd7@group-D84C501198B9, cid=3480, SUCCESS, logIndex=5223, commits[8cac6937-780c-4459-964a-dea4dcd51fd7:c5224, 9ed8676d-9460-465d-9905-fd43a52295f6:c5222, da64134c-6992-4903-9407-7df321e464db:c5222]
2019-07-09 09:59:38,703 INFO  client.GrpcClientProtocolClient (GrpcClientProtocolClient.java:onNext(255)) - client-CECA27ED65B5->8cac6937-780c-4459-964a-dea4dcd51fd7: receive RaftClientReply:client-CECA27ED65B5->8cac6937-780c-4459-964a-dea4dcd51fd7@group-D84C501198B9, cid=3481, SUCCESS, logIndex=5224, commits[8cac6937-780c-4459-964a-dea4dcd51fd7:c5224, 9ed8676d-9460-465d-9905-fd43a52295f6:c5222, da64134c-6992-4903-9407-7df321e464db:c5222]
2019-07-09 09:59:38,716 INFO  client.GrpcClientProtocolClient (GrpcClientProtocolClient.java:onNext(255)) - client-CECA27ED65B5->8cac6937-780c-4459-964a-dea4dcd51fd7: receive RaftClientReply:client-CECA27ED65B5->8cac6937-780c-4459-964a-dea4dcd51fd7@group-D84C501198B9, cid=3482, SUCCESS, logIndex=5227, commits[8cac6937-780c-4459-964a-dea4dcd51fd7:c5228, 9ed8676d-9460-465d-9905-fd43a52295f6:c5224, da64134c-6992-4903-9407-7df321e464db:c5224]
2019-07-09 09:59:38,717 INFO  client.GrpcClientProtocolClient (GrpcClientProtocolClient.java:onNext(255)) - client-CECA27ED65B5->8cac6937-780c-4459-964a-dea4dcd51fd7: receive RaftClientReply:client-CECA27ED65B5->8cac6937-780c-4459-964a-dea4dcd51fd7@group-D84C501198B9, cid=3483, SUCCESS, logIndex=5228, commits[8cac6937-780c-4459-964a-dea4dcd51fd7:c5228, 9ed8676d-9460-465d-9905-fd43a52295f6:c5224, da64134c-6992-4903-9407-7df321e464db:c5224]
2019-07-09 09:59:38,719 INFO  client.GrpcClientProtocolClient (GrpcClientProtocolClient.java:onNext(255)) - client-CECA27ED65B5->8cac6937-780c-4459-964a-dea4dcd51fd7: receive RaftClientReply:client-CECA27ED65B5->8cac6937-780c-4459-964a-dea4dcd51fd7@group-D84C501198B9, cid=3484, SUCCESS, logIndex=0, commits[8cac6937-780c-4459-964a-dea4dcd51fd7:c5230, 9ed8676d-9460-465d-9905-fd43a52295f6:c5228, da64134c-6992-4903-9407-7df321e464db:c5228]
2019-07-09 09:59:38,751 INFO  client.GrpcClientProtocolClient (GrpcClientProtocolClient.java:onNext(255)) - client-CECA27ED65B5->8cac6937-780c-4459-964a-dea4dcd51fd7: receive RaftClientReply:client-CECA27ED65B5->8cac6937-780c-4459-964a-dea4dcd51fd7@group-D84C501198B9, cid=3485, SUCCESS, logIndex=5231, commits[8cac6937-780c-4459-964a-dea4dcd51fd7:c5232, 9ed8676d-9460-465d-9905-fd43a52295f6:c5230, da64134c-6992-4903-9407-7df321e464db:c5230]
2019-07-09 09:59:38,751 INFO  client.GrpcClientProtocolClient (GrpcClientProtocolClient.java:onNext(255)) - client-CECA27ED65B5->8cac6937-780c-4459-964a-dea4dcd51fd7: receive RaftClientReply:client-CECA27ED65B5->8cac6937-780c-4459-964a-dea4dcd51fd7@group-D84C501198B9, cid=3486, SUCCESS, logIndex=5232, commits[8cac6937-780c-4459-964a-dea4dcd51fd7:c5232, 9ed8676d-9460-465d-9905-fd43a52295f6:c5230, da64134c-6992-4903-9407-7df321e464db:c5230]
2019-07-09 09:59:38,752 INFO  client.GrpcClientProtocolClient (GrpcClientProtocolClient.java:onNext(255)) - client-CECA27ED65B5->8cac6937-780c-4459-964a-dea4dcd51fd7: receive RaftClientReply:client-CECA27ED65B5->8cac6937-780c-4459-964a-dea4dcd51fd7@group-D84C501198B9, cid=3487, SUCCESS, logIndex=5233, commits[8cac6937-780c-4459-964a-dea4dcd51fd7:c5234, 9ed8676d-9460-465d-9905-fd43a52295f6:c5230, da64134c-6992-4903-9407-7df321e464db:c5230]
2019-07-09 09:59:38,752 INFO  client.GrpcClientProtocolClient (GrpcClientProtocolClient.java:onNext(255)) - client-CECA27ED65B5->8cac6937-780c-4459-964a-dea4dcd51fd7: receive RaftClientReply:client-CECA27ED65B5->8cac6937-780c-4459-964a-dea4dcd51fd7@group-D84C501198B9, cid=3488, SUCCESS, logIndex=5234, commits[8cac6937-780c-4459-964a-dea4dcd51fd7:c5234, 9ed8676d-9460-465d-9905-fd43a52295f6:c5230, da64134c-6992-4903-9407-7df321e464db:c5230]
2019-07-09 09:59:38,753 INFO  client.GrpcClientProtocolClient (GrpcClientProtocolClient.java:onNext(255)) - client-CECA27ED65B5->8cac6937-780c-4459-964a-dea4dcd51fd7: receive RaftClientReply:client-CECA27ED65B5->8cac6937-780c-4459-964a-dea4dcd51fd7@group-D84C501198B9, cid=3489, SUCCESS, logIndex=0, commits[8cac6937-780c-4459-964a-dea4dcd51fd7:c5236, 9ed8676d-9460-465d-9905-fd43a52295f6:c5232, da64134c-6992-4903-9407-7df321e464db:c5232]
2019-07-09 09:59:38,774 INFO  client.GrpcClientProtocolClient (GrpcClientProtocolClient.java:onNext(255)) - client-CECA27ED65B5->8cac6937-780c-4459-964a-dea4dcd51fd7: receive RaftClientReply:client-CECA27ED65B5->8cac6937-780c-4459-964a-dea4dcd51fd7@group-D84C501198B9, cid=3490, SUCCESS, logIndex=5239, commits[8cac6937-780c-4459-964a-dea4dcd51fd7:c5240, 9ed8676d-9460-465d-9905-fd43a52295f6:c5238, da64134c-6992-4903-9407-7df321e464db:c5234]
2019-07-09 09:59:38,775 INFO  client.GrpcClientProtocolClient (GrpcClientProtocolClient.java:onNext(255)) - client-CECA27ED65B5->8cac6937-780c-4459-964a-dea4dcd51fd7: receive RaftClientReply:client-CECA27ED65B5->8cac6937-780c-4459-964a-dea4dcd51fd7@group-D84C501198B9, cid=3491, SUCCESS, logIndex=5240, commits[8cac6937-780c-4459-964a-dea4dcd51fd7:c5240, 9ed8676d-9460-465d-9905-fd43a52295f6:c5238, da64134c-6992-4903-9407-7df321e464db:c5238]
2019-07-09 09:59:38,787 INFO  client.GrpcClientProtocolClient (GrpcClientProtocolClient.java:onNext(255)) - client-CECA27ED65B5->8cac6937-780c-4459-964a-dea4dcd51fd7: receive RaftClientReply:client-CECA27ED65B5->8cac6937-780c-4459-964a-dea4dcd51fd7@group-D84C501198B9, cid=3492, SUCCESS, logIndex=5243, commits[8cac6937-780c-4459-964a-dea4dcd51fd7:c5244, 9ed8676d-9460-465d-9905-fd43a52295f6:c5240, da64134c-6992-4903-9407-7df321e464db:c5240]
2019-07-09 09:59:38,788 INFO  client.GrpcClientProtocolClient (GrpcClientProtocolClient.java:onNext(255)) - client-CECA27ED65B5->8cac6937-780c-4459-964a-dea4dcd51fd7: receive RaftClientReply:client-CECA27ED65B5->8cac6937-780c-4459-964a-dea4dcd51fd7@group-D84C501198B9, cid=3493, SUCCESS, logIndex=5244, commits[8cac6937-780c-4459-964a-dea4dcd51fd7:c5244, 9ed8676d-9460-465d-9905-fd43a52295f6:c5240, da64134c-6992-4903-9407-7df321e464db:c5240]
2019-07-09 09:59:38,809 INFO  client.GrpcClientProtocolClient (GrpcClientProtocolClient.java:onNext(255)) - client-CECA27ED65B5->8cac6937-780c-4459-964a-dea4dcd51fd7: receive RaftClientReply:client-CECA27ED65B5->8cac6937-780c-4459-964a-dea4dcd51fd7@group-D84C501198B9, cid=3494, SUCCESS, logIndex=0, commits[8cac6937-780c-4459-964a-dea4dcd51fd7:c5246, 9ed8676d-9460-465d-9905-fd43a52295f6:c5244, da64134c-6992-4903-9407-7df321e464db:c5244]
2019-07-09 09:59:38,843 INFO  client.GrpcClientProtocolClient (GrpcClientProtocolClient.java:onNext(255)) - client-CECA27ED65B5->8cac6937-780c-4459-964a-dea4dcd51fd7: receive RaftClientReply:client-CECA27ED65B5->8cac6937-780c-4459-964a-dea4dcd51fd7@group-D84C501198B9, cid=3495, SUCCESS, logIndex=5247, commits[8cac6937-780c-4459-964a-dea4dcd51fd7:c5249, 9ed8676d-9460-465d-9905-fd43a52295f6:c5246, da64134c-6992-4903-9407-7df321e464db:c5246]
2019-07-09 09:59:38,843 INFO  client.GrpcClientProtocolClient (GrpcClientProtocolClient.java:onNext(255)) - client-CECA27ED65B5->8cac6937-780c-4459-964a-dea4dcd51fd7: receive RaftClientReply:client-CECA27ED65B5->8cac6937-780c-4459-964a-dea4dcd51fd7@group-D84C501198B9, cid=3496, SUCCESS, logIndex=5248, commits[8cac6937-780c-4459-964a-dea4dcd51fd7:c5250, 9ed8676d-9460-465d-9905-fd43a52295f6:c5246, da64134c-6992-4903-9407-7df321e464db:c5246]
2019-07-09 09:59:38,843 INFO  client.GrpcClientProtocolClient (GrpcClientProtocolClient.java:onNext(255)) - client-CECA27ED65B5->8cac6937-780c-4459-964a-dea4dcd51fd7: receive RaftClientReply:client-CECA27ED65B5->8cac6937-780c-4459-964a-dea4dcd51fd7@group-D84C501198B9, cid=3497, SUCCESS, logIndex=5249, commits[8cac6937-780c-4459-964a-dea4dcd51fd7:c5250, 9ed8676d-9460-465d-9905-fd43a52295f6:c5246, da64134c-6992-4903-9407-7df321e464db:c5246]
2019-07-09 09:59:38,844 INFO  client.GrpcClientProtocolClient (GrpcClientProtocolClient.java:onNext(255)) - client-CECA27ED65B5->8cac6937-780c-4459-964a-dea4dcd51fd7: receive RaftClientReply:client-CECA27ED65B5->8cac6937-780c-4459-964a-dea4dcd51fd7@group-D84C501198B9, cid=3498, SUCCESS, logIndex=5250, commits[8cac6937-780c-4459-964a-dea4dcd51fd7:c5250, 9ed8676d-9460-465d-9905-fd43a52295f6:c5246, da64134c-6992-4903-9407-7df321e464db:c5246]
2019-07-09 09:59:38,846 INFO  client.GrpcClientProtocolClient (GrpcClientProtocolClient.java:onNext(255)) - client-CECA27ED65B5->8cac6937-780c-4459-964a-dea4dcd51fd7: receive RaftClientReply:client-CECA27ED65B5->8cac6937-780c-4459-964a-dea4dcd51fd7@group-D84C501198B9, cid=3499, SUCCESS, logIndex=0, commits[8cac6937-780c-4459-964a-dea4dcd51fd7:c5254, 9ed8676d-9460-465d-9905-fd43a52295f6:c5248, da64134c-6992-4903-9407-7df321e464db:c5250]
2019-07-09 09:59:38,866 INFO  client.GrpcClientProtocolClient (GrpcClientProtocolClient.java:onNext(255)) - client-CECA27ED65B5->8cac6937-780c-4459-964a-dea4dcd51fd7: receive RaftClientReply:client-CECA27ED65B5->8cac6937-780c-4459-964a-dea4dcd51fd7@group-D84C501198B9, cid=3500, SUCCESS, logIndex=5255, commits[8cac6937-780c-4459-964a-dea4dcd51fd7:c5256, 9ed8676d-9460-465d-9905-fd43a52295f6:c5254, da64134c-6992-4903-9407-7df321e464db:c5254]
2019-07-09 09:59:38,866 INFO  client.GrpcClientProtocolClient (GrpcClientProtocolClient.java:onNext(255)) - client-CECA27ED65B5->8cac6937-780c-4459-964a-dea4dcd51fd7: receive RaftClientReply:client-CECA27ED65B5->8cac6937-780c-4459-964a-dea4dcd51fd7@group-D84C501198B9, cid=3501, SUCCESS, logIndex=5256, commits[8cac6937-780c-4459-964a-dea4dcd51fd7:c5256, 9ed8676d-9460-465d-9905-fd43a52295f6:c5254, da64134c-6992-4903-9407-7df321e464db:c5254]
2019-07-09 09:59:38,880 INFO  client.GrpcClientProtocolClient (GrpcClientProtocolClient.java:onNext(255)) - client-CECA27ED65B5->8cac6937-780c-4459-964a-dea4dcd51fd7: receive RaftClientReply:client-CECA27ED65B5->8cac6937-780c-4459-964a-dea4dcd51fd7@group-D84C501198B9, cid=3502, SUCCESS, logIndex=5259, commits[8cac6937-780c-4459-964a-dea4dcd51fd7:c5259, 9ed8676d-9460-465d-9905-fd43a52295f6:c5256, da64134c-6992-4903-9407-7df321e464db:c5256]
2019-07-09 09:59:38,880 INFO  client.GrpcClientProtocolClient (GrpcClientProtocolClient.java:onNext(255)) - client-CECA27ED65B5->8cac6937-780c-4459-964a-dea4dcd51fd7: receive RaftClientReply:client-CECA27ED65B5->8cac6937-780c-4459-964a-dea4dcd51fd7@group-D84C501198B9, cid=3503, SUCCESS, logIndex=5260, commits[8cac6937-780c-4459-964a-dea4dcd51fd7:c5260, 9ed8676d-9460-465d-9905-fd43a52295f6:c5256, da64134c-6992-4903-9407-7df321e464db:c5256]
2019-07-09 09:59:38,892 INFO  client.GrpcClientProtocolClient (GrpcClientProtocolClient.java:onNext(255)) - client-CECA27ED65B5->8cac6937-780c-4459-964a-dea4dcd51fd7: receive RaftClientReply:client-CECA27ED65B5->8cac6937-780c-4459-964a-dea4dcd51fd7@group-D84C501198B9, cid=3504, SUCCESS, logIndex=0, commits[8cac6937-780c-4459-964a-dea4dcd51fd7:c5262, 9ed8676d-9460-465d-9905-fd43a52295f6:c5260, da64134c-6992-4903-9407-7df321e464db:c5260]
2019-07-09 09:59:38,925 INFO  client.GrpcClientProtocolClient (GrpcClientProtocolClient.java:onNext(255)) - client-CECA27ED65B5->8cac6937-780c-4459-964a-dea4dcd51fd7: receive RaftClientReply:client-CECA27ED65B5->8cac6937-780c-4459-964a-dea4dcd51fd7@group-D84C501198B9, cid=3505, SUCCESS, logIndex=5263, commits[8cac6937-780c-4459-964a-dea4dcd51fd7:c5265, 9ed8676d-9460-465d-9905-fd43a52295f6:c5262, da64134c-6992-4903-9407-7df321e464db:c5262]
2019-07-09 09:59:38,926 INFO  client.GrpcClientProtocolClient (GrpcClientProtocolClient.java:onNext(255)) - client-CECA27ED65B5->8cac6937-780c-4459-964a-dea4dcd51fd7: receive RaftClientReply:client-CECA27ED65B5->8cac6937-780c-4459-964a-dea4dcd51fd7@group-D84C501198B9, cid=3506, SUCCESS, logIndex=5264, commits[8cac6937-780c-4459-964a-dea4dcd51fd7:c5266, 9ed8676d-9460-465d-9905-fd43a52295f6:c5262, da64134c-6992-4903-9407-7df321e464db:c5262]
2019-07-09 09:59:38,926 INFO  client.GrpcClientProtocolClient (GrpcClientProtocolClient.java:onNext(255)) - client-CECA27ED65B5->8cac6937-780c-4459-964a-dea4dcd51fd7: receive RaftClientReply:client-CECA27ED65B5->8cac6937-780c-4459-964a-dea4dcd51fd7@group-D84C501198B9, cid=3507, SUCCESS, logIndex=5265, commits[8cac6937-780c-4459-964a-dea4dcd51fd7:c5266, 9ed8676d-9460-465d-9905-fd43a52295f6:c5262, da64134c-6992-4903-9407-7df321e464db:c5262]
2019-07-09 09:59:38,926 INFO  client.GrpcClientProtocolClient (GrpcClientProtocolClient.java:onNext(255)) - client-CECA27ED65B5->8cac6937-780c-4459-964a-dea4dcd51fd7: receive RaftClientReply:client-CECA27ED65B5->8cac6937-780c-4459-964a-dea4dcd51fd7@group-D84C501198B9, cid=3508, SUCCESS, logIndex=5266, commits[8cac6937-780c-4459-964a-dea4dcd51fd7:c5266, 9ed8676d-9460-465d-9905-fd43a52295f6:c5262, da64134c-6992-4903-9407-7df321e464db:c5262]
2019-07-09 09:59:38,937 INFO  client.GrpcClientProtocolClient (GrpcClientProtocolClient.java:onNext(255)) - client-CECA27ED65B5->8cac6937-780c-4459-964a-dea4dcd51fd7: receive RaftClientReply:client-CECA27ED65B5->8cac6937-780c-4459-964a-dea4dcd51fd7@group-D84C501198B9, cid=3509, SUCCESS, logIndex=0, commits[8cac6937-780c-4459-964a-dea4dcd51fd7:c5268, 9ed8676d-9460-465d-9905-fd43a52295f6:c5264, da64134c-6992-4903-9407-7df321e464db:c5264]
2019-07-09 09:59:38,955 INFO  client.GrpcClientProtocolClient (GrpcClientProtocolClient.java:onNext(255)) - client-CECA27ED65B5->8cac6937-780c-4459-964a-dea4dcd51fd7: receive RaftClientReply:client-CECA27ED65B5->8cac6937-780c-4459-964a-dea4dcd51fd7@group-D84C501198B9, cid=3510, SUCCESS, logIndex=5271, commits[8cac6937-780c-4459-964a-dea4dcd51fd7:c5272, 9ed8676d-9460-465d-9905-fd43a52295f6:c5270, da64134c-6992-4903-9407-7df321e464db:c5270]
2019-07-09 09:59:38,956 INFO  client.GrpcClientProtocolClient (GrpcClientProtocolClient.java:onNext(255)) - client-CECA27ED65B5->8cac6937-780c-4459-964a-dea4dcd51fd7: receive RaftClientReply:client-CECA27ED65B5->8cac6937-780c-4459-964a-dea4dcd51fd7@group-D84C501198B9, cid=3511, SUCCESS, logIndex=5272, commits[8cac6937-780c-4459-964a-dea4dcd51fd7:c5272, 9ed8676d-9460-465d-9905-fd43a52295f6:c5270, da64134c-6992-4903-9407-7df321e464db:c5270]
2019-07-09 09:59:38,968 INFO  client.GrpcClientProtocolClient (GrpcClientProtocolClient.java:onNext(255)) - client-CECA27ED65B5->8cac6937-780c-4459-964a-dea4dcd51fd7: receive RaftClientReply:client-CECA27ED65B5->8cac6937-780c-4459-964a-dea4dcd51fd7@group-D84C501198B9, cid=3512, SUCCESS, logIndex=5275, commits[8cac6937-780c-4459-964a-dea4dcd51fd7:c5276, 9ed8676d-9460-465d-9905-fd43a52295f6:c5272, da64134c-6992-4903-9407-7df321e464db:c5272]
2019-07-09 09:59:38,969 INFO  client.GrpcClientProtocolClient (GrpcClientProtocolClient.java:onNext(255)) - client-CECA27ED65B5->8cac6937-780c-4459-964a-dea4dcd51fd7: receive RaftClientReply:client-CECA27ED65B5->8cac6937-780c-4459-964a-dea4dcd51fd7@group-D84C501198B9, cid=3513, SUCCESS, logIndex=5276, commits[8cac6937-780c-4459-964a-dea4dcd51fd7:c5276, 9ed8676d-9460-465d-9905-fd43a52295f6:c5272, da64134c-6992-4903-9407-7df321e464db:c5272]
2019-07-09 09:59:38,981 INFO  client.GrpcClientProtocolClient (GrpcClientProtocolClient.java:onNext(255)) - client-CECA27ED65B5->8cac6937-780c-4459-964a-dea4dcd51fd7: receive RaftClientReply:client-CECA27ED65B5->8cac6937-780c-4459-964a-dea4dcd51fd7@group-D84C501198B9, cid=3514, SUCCESS, logIndex=0, commits[8cac6937-780c-4459-964a-dea4dcd51fd7:c5278, 9ed8676d-9460-465d-9905-fd43a52295f6:c5276, da64134c-6992-4903-9407-7df321e464db:c5276]
2019-07-09 09:59:39,011 INFO  client.GrpcClientProtocolClient (GrpcClientProtocolClient.java:onNext(255)) - client-CECA27ED65B5->8cac6937-780c-4459-964a-dea4dcd51fd7: receive RaftClientReply:client-CECA27ED65B5->8cac6937-780c-4459-964a-dea4dcd51fd7@group-D84C501198B9, cid=3515, SUCCESS, logIndex=5279, commits[8cac6937-780c-4459-964a-dea4dcd51fd7:c5280, 9ed8676d-9460-465d-9905-fd43a52295f6:c5278, da64134c-6992-4903-9407-7df321e464db:c5278]
2019-07-09 09:59:39,012 INFO  client.GrpcClientProtocolClient (GrpcClientProtocolClient.java:onNext(255)) - client-CECA27ED65B5->8cac6937-780c-4459-964a-dea4dcd51fd7: receive RaftClientReply:client-CECA27ED65B5->8cac6937-780c-4459-964a-dea4dcd51fd7@group-D84C501198B9, cid=3516, SUCCESS, logIndex=5280, commits[8cac6937-780c-4459-964a-dea4dcd51fd7:c5280, 9ed8676d-9460-465d-9905-fd43a52295f6:c5278, da64134c-6992-4903-9407-7df321e464db:c5278]
2019-07-09 09:59:39,012 INFO  client.GrpcClientProtocolClient (GrpcClientProtocolClient.java:onNext(255)) - client-CECA27ED65B5->8cac6937-780c-4459-964a-dea4dcd51fd7: receive RaftClientReply:client-CECA27ED65B5->8cac6937-780c-4459-964a-dea4dcd51fd7@group-D84C501198B9, cid=3517, SUCCESS, logIndex=5281, commits[8cac6937-780c-4459-964a-dea4dcd51fd7:c5282, 9ed8676d-9460-465d-9905-fd43a52295f6:c5278, da64134c-6992-4903-9407-7df321e464db:c5278]
2019-07-09 09:59:39,013 INFO  client.GrpcClientProtocolClient (GrpcClientProtocolClient.java:onNext(255)) - client-CECA27ED65B5->8cac6937-780c-4459-964a-dea4dcd51fd7: receive RaftClientReply:client-CECA27ED65B5->8cac6937-780c-4459-964a-dea4dcd51fd7@group-D84C501198B9, cid=3518, SUCCESS, logIndex=5282, commits[8cac6937-780c-4459-964a-dea4dcd51fd7:c5282, 9ed8676d-9460-465d-9905-fd43a52295f6:c5278, da64134c-6992-4903-9407-7df321e464db:c5278]
2019-07-09 09:59:39,014 INFO  client.GrpcClientProtocolClient (GrpcClientProtocolClient.java:onNext(255)) - client-CECA27ED65B5->8cac6937-780c-4459-964a-dea4dcd51fd7: receive RaftClientReply:client-CECA27ED65B5->8cac6937-780c-4459-964a-dea4dcd51fd7@group-D84C501198B9, cid=3519, SUCCESS, logIndex=0, commits[8cac6937-780c-4459-964a-dea4dcd51fd7:c5284, 9ed8676d-9460-465d-9905-fd43a52295f6:c5281, da64134c-6992-4903-9407-7df321e464db:c5280]
2019-07-09 09:59:39,034 INFO  client.GrpcClientProtocolClient (GrpcClientProtocolClient.java:onNext(255)) - client-CECA27ED65B5->8cac6937-780c-4459-964a-dea4dcd51fd7: receive RaftClientReply:client-CECA27ED65B5->8cac6937-780c-4459-964a-dea4dcd51fd7@group-D84C501198B9, cid=3520, SUCCESS, logIndex=5287, commits[8cac6937-780c-4459-964a-dea4dcd51fd7:c5288, 9ed8676d-9460-465d-9905-fd43a52295f6:c5286, da64134c-6992-4903-9407-7df321e464db:c5286]
2019-07-09 09:59:39,034 INFO  client.GrpcClientProtocolClient (GrpcClientProtocolClient.java:onNext(255)) - client-CECA27ED65B5->8cac6937-780c-4459-964a-dea4dcd51fd7: receive RaftClientReply:client-CECA27ED65B5->8cac6937-780c-4459-964a-dea4dcd51fd7@group-D84C501198B9, cid=3521, SUCCESS, logIndex=5288, commits[8cac6937-780c-4459-964a-dea4dcd51fd7:c5288, 9ed8676d-9460-465d-9905-fd43a52295f6:c5286, da64134c-6992-4903-9407-7df321e464db:c5286]
2019-07-09 09:59:39,047 INFO  client.GrpcClientProtocolClient (GrpcClientProtocolClient.java:onNext(255)) - client-CECA27ED65B5->8cac6937-780c-4459-964a-dea4dcd51fd7: receive RaftClientReply:client-CECA27ED65B5->8cac6937-780c-4459-964a-dea4dcd51fd7@group-D84C501198B9, cid=3522, SUCCESS, logIndex=5291, commits[8cac6937-780c-4459-964a-dea4dcd51fd7:c5292, 9ed8676d-9460-465d-9905-fd43a52295f6:c5288, da64134c-6992-4903-9407-7df321e464db:c5287]
2019-07-09 09:59:39,048 INFO  client.GrpcClientProtocolClient (GrpcClientProtocolClient.java:onNext(255)) - client-CECA27ED65B5->8cac6937-780c-4459-964a-dea4dcd51fd7: receive RaftClientReply:client-CECA27ED65B5->8cac6937-780c-4459-964a-dea4dcd51fd7@group-D84C501198B9, cid=3523, SUCCESS, logIndex=5292, commits[8cac6937-780c-4459-964a-dea4dcd51fd7:c5292, 9ed8676d-9460-465d-9905-fd43a52295f6:c5288, da64134c-6992-4903-9407-7df321e464db:c5288]
2019-07-09 09:59:39,096 INFO  client.GrpcClientProtocolClient (GrpcClientProtocolClient.java:onNext(255)) - client-CECA27ED65B5->8cac6937-780c-4459-964a-dea4dcd51fd7: receive RaftClientReply:client-CECA27ED65B5->8cac6937-780c-4459-964a-dea4dcd51fd7@group-D84C501198B9, cid=3524, SUCCESS, logIndex=0, commits[8cac6937-780c-4459-964a-dea4dcd51fd7:c5294, 9ed8676d-9460-465d-9905-fd43a52295f6:c5292, da64134c-6992-4903-9407-7df321e464db:c5292]
2019-07-09 09:59:39,131 INFO  client.GrpcClientProtocolClient (GrpcClientProtocolClient.java:onNext(255)) - client-CECA27ED65B5->8cac6937-780c-4459-964a-dea4dcd51fd7: receive RaftClientReply:client-CECA27ED65B5->8cac6937-780c-4459-964a-dea4dcd51fd7@group-D84C501198B9, cid=3525, SUCCESS, logIndex=5295, commits[8cac6937-780c-4459-964a-dea4dcd51fd7:c5296, 9ed8676d-9460-465d-9905-fd43a52295f6:c5294, da64134c-6992-4903-9407-7df321e464db:c5294]
2019-07-09 09:59:39,132 INFO  client.GrpcClientProtocolClient (GrpcClientProtocolClient.java:onNext(255)) - client-CECA27ED65B5->8cac6937-780c-4459-964a-dea4dcd51fd7: receive RaftClientReply:client-CECA27ED65B5->8cac6937-780c-4459-964a-dea4dcd51fd7@group-D84C501198B9, cid=3526, SUCCESS, logIndex=5296, commits[8cac6937-780c-4459-964a-dea4dcd51fd7:c5296, 9ed8676d-9460-465d-9905-fd43a52295f6:c5294, da64134c-6992-4903-9407-7df321e464db:c5294]
2019-07-09 09:59:39,132 INFO  client.GrpcClientProtocolClient (GrpcClientProtocolClient.java:onNext(255)) - client-CECA27ED65B5->8cac6937-780c-4459-964a-dea4dcd51fd7: receive RaftClientReply:client-CECA27ED65B5->8cac6937-780c-4459-964a-dea4dcd51fd7@group-D84C501198B9, cid=3527, SUCCESS, logIndex=5297, commits[8cac6937-780c-4459-964a-dea4dcd51fd7:c5298, 9ed8676d-9460-465d-9905-fd43a52295f6:c5294, da64134c-6992-4903-9407-7df321e464db:c5294]
2019-07-09 09:59:39,133 INFO  client.GrpcClientProtocolClient (GrpcClientProtocolClient.java:onNext(255)) - client-CECA27ED65B5->8cac6937-780c-4459-964a-dea4dcd51fd7: receive RaftClientReply:client-CECA27ED65B5->8cac6937-780c-4459-964a-dea4dcd51fd7@group-D84C501198B9, cid=3528, SUCCESS, logIndex=5298, commits[8cac6937-780c-4459-964a-dea4dcd51fd7:c5299, 9ed8676d-9460-465d-9905-fd43a52295f6:c5295, da64134c-6992-4903-9407-7df321e464db:c5294]
2019-07-09 09:59:39,134 INFO  client.GrpcClientProtocolClient (GrpcClientProtocolClient.java:onNext(255)) - client-CECA27ED65B5->8cac6937-780c-4459-964a-dea4dcd51fd7: receive RaftClientReply:client-CECA27ED65B5->8cac6937-780c-4459-964a-dea4dcd51fd7@group-D84C501198B9, cid=3529, SUCCESS, logIndex=0, commits[8cac6937-780c-4459-964a-dea4dcd51fd7:c5302, 9ed8676d-9460-465d-9905-fd43a52295f6:c5298, da64134c-6992-4903-9407-7df321e464db:c5296]
2019-07-09 09:59:39,155 INFO  client.GrpcClientProtocolClient (GrpcClientProtocolClient.java:onNext(255)) - client-CECA27ED65B5->8cac6937-780c-4459-964a-dea4dcd51fd7: receive RaftClientReply:client-CECA27ED65B5->8cac6937-780c-4459-964a-dea4dcd51fd7@group-D84C501198B9, cid=3530, SUCCESS, logIndex=5303, commits[8cac6937-780c-4459-964a-dea4dcd51fd7:c5304, 9ed8676d-9460-465d-9905-fd43a52295f6:c5302, da64134c-6992-4903-9407-7df321e464db:c5302]
2019-07-09 09:59:39,155 INFO  client.GrpcClientProtocolClient (GrpcClientProtocolClient.java:onNext(255)) - client-CECA27ED65B5->8cac6937-780c-4459-964a-dea4dcd51fd7: receive RaftClientReply:client-CECA27ED65B5->8cac6937-780c-4459-964a-dea4dcd51fd7@group-D84C501198B9, cid=3531, SUCCESS, logIndex=5304, commits[8cac6937-780c-4459-964a-dea4dcd51fd7:c5304, 9ed8676d-9460-465d-9905-fd43a52295f6:c5302, da64134c-6992-4903-9407-7df321e464db:c5302]
2019-07-09 09:59:39,163 INFO  segmented.SegmentedRaftLogWorker (SegmentedRaftLogWorker.java:rollLogSegment(385)) - 8cac6937-780c-4459-964a-dea4dcd51fd7-SegmentedRaftLogWorker:Storage Directory /tmp/workdir/hadoop-ozone/tools/target/test-dir/MiniOzoneClusterImpl-7a5a099b-ae8d-47f8-8c76-2bf4389dbd18/datanode-4/data/ratis/b61e0840-fc10-4aba-b963-d84c501198b9: Rolling segment log-0_5307 to index:5307
2019-07-09 09:59:39,167 INFO  segmented.SegmentedRaftLogWorker (SegmentedRaftLogWorker.java:rollLogSegment(385)) - 9ed8676d-9460-465d-9905-fd43a52295f6-SegmentedRaftLogWorker:Storage Directory /tmp/workdir/hadoop-ozone/tools/target/test-dir/MiniOzoneClusterImpl-7a5a099b-ae8d-47f8-8c76-2bf4389dbd18/datanode-1/data/ratis/b61e0840-fc10-4aba-b963-d84c501198b9: Rolling segment log-0_5307 to index:5307
2019-07-09 09:59:39,167 INFO  segmented.SegmentedRaftLogWorker (SegmentedRaftLogWorker.java:rollLogSegment(385)) - da64134c-6992-4903-9407-7df321e464db-SegmentedRaftLogWorker:Storage Directory /tmp/workdir/hadoop-ozone/tools/target/test-dir/MiniOzoneClusterImpl-7a5a099b-ae8d-47f8-8c76-2bf4389dbd18/datanode-2/data/ratis/b61e0840-fc10-4aba-b963-d84c501198b9: Rolling segment log-0_5307 to index:5307
2019-07-09 09:59:39,168 INFO  segmented.SegmentedRaftLogWorker (SegmentedRaftLogWorker.java:execute(526)) - 8cac6937-780c-4459-964a-dea4dcd51fd7-SegmentedRaftLogWorker:Storage Directory /tmp/workdir/hadoop-ozone/tools/target/test-dir/MiniOzoneClusterImpl-7a5a099b-ae8d-47f8-8c76-2bf4389dbd18/datanode-4/data/ratis/b61e0840-fc10-4aba-b963-d84c501198b9: Rolled log segment from /tmp/workdir/hadoop-ozone/tools/target/test-dir/MiniOzoneClusterImpl-7a5a099b-ae8d-47f8-8c76-2bf4389dbd18/datanode-4/data/ratis/b61e0840-fc10-4aba-b963-d84c501198b9/current/log_inprogress_0 to /tmp/workdir/hadoop-ozone/tools/target/test-dir/MiniOzoneClusterImpl-7a5a099b-ae8d-47f8-8c76-2bf4389dbd18/datanode-4/data/ratis/b61e0840-fc10-4aba-b963-d84c501198b9/current/log_0-5307
2019-07-09 09:59:39,168 INFO  segmented.SegmentedRaftLogWorker (SegmentedRaftLogWorker.java:execute(526)) - da64134c-6992-4903-9407-7df321e464db-SegmentedRaftLogWorker:Storage Directory /tmp/workdir/hadoop-ozone/tools/target/test-dir/MiniOzoneClusterImpl-7a5a099b-ae8d-47f8-8c76-2bf4389dbd18/datanode-2/data/ratis/b61e0840-fc10-4aba-b963-d84c501198b9: Rolled log segment from /tmp/workdir/hadoop-ozone/tools/target/test-dir/MiniOzoneClusterImpl-7a5a099b-ae8d-47f8-8c76-2bf4389dbd18/datanode-2/data/ratis/b61e0840-fc10-4aba-b963-d84c501198b9/current/log_inprogress_0 to /tmp/workdir/hadoop-ozone/tools/target/test-dir/MiniOzoneClusterImpl-7a5a099b-ae8d-47f8-8c76-2bf4389dbd18/datanode-2/data/ratis/b61e0840-fc10-4aba-b963-d84c501198b9/current/log_0-5307
2019-07-09 09:59:39,168 INFO  segmented.SegmentedRaftLogWorker (SegmentedRaftLogWorker.java:execute(526)) - 9ed8676d-9460-465d-9905-fd43a52295f6-SegmentedRaftLogWorker:Storage Directory /tmp/workdir/hadoop-ozone/tools/target/test-dir/MiniOzoneClusterImpl-7a5a099b-ae8d-47f8-8c76-2bf4389dbd18/datanode-1/data/ratis/b61e0840-fc10-4aba-b963-d84c501198b9: Rolled log segment from /tmp/workdir/hadoop-ozone/tools/target/test-dir/MiniOzoneClusterImpl-7a5a099b-ae8d-47f8-8c76-2bf4389dbd18/datanode-1/data/ratis/b61e0840-fc10-4aba-b963-d84c501198b9/current/log_inprogress_0 to /tmp/workdir/hadoop-ozone/tools/target/test-dir/MiniOzoneClusterImpl-7a5a099b-ae8d-47f8-8c76-2bf4389dbd18/datanode-1/data/ratis/b61e0840-fc10-4aba-b963-d84c501198b9/current/log_0-5307
2019-07-09 09:59:39,172 INFO  client.GrpcClientProtocolClient (GrpcClientProtocolClient.java:onNext(255)) - client-CECA27ED65B5->8cac6937-780c-4459-964a-dea4dcd51fd7: receive RaftClientReply:client-CECA27ED65B5->8cac6937-780c-4459-964a-dea4dcd51fd7@group-D84C501198B9, cid=3532, SUCCESS, logIndex=5307, commits[8cac6937-780c-4459-964a-dea4dcd51fd7:c5307, 9ed8676d-9460-465d-9905-fd43a52295f6:c5304, da64134c-6992-4903-9407-7df321e464db:c5304]
2019-07-09 09:59:39,220 INFO  segmented.SegmentedRaftLogWorker (SegmentedRaftLogWorker.java:execute(569)) - da64134c-6992-4903-9407-7df321e464db-SegmentedRaftLogWorker:Storage Directory /tmp/workdir/hadoop-ozone/tools/target/test-dir/MiniOzoneClusterImpl-7a5a099b-ae8d-47f8-8c76-2bf4389dbd18/datanode-2/data/ratis/b61e0840-fc10-4aba-b963-d84c501198b9: created new log segment /tmp/workdir/hadoop-ozone/tools/target/test-dir/MiniOzoneClusterImpl-7a5a099b-ae8d-47f8-8c76-2bf4389dbd18/datanode-2/data/ratis/b61e0840-fc10-4aba-b963-d84c501198b9/current/log_inprogress_5308
2019-07-09 09:59:39,220 INFO  segmented.SegmentedRaftLogWorker (SegmentedRaftLogWorker.java:execute(569)) - 9ed8676d-9460-465d-9905-fd43a52295f6-SegmentedRaftLogWorker:Storage Directory /tmp/workdir/hadoop-ozone/tools/target/test-dir/MiniOzoneClusterImpl-7a5a099b-ae8d-47f8-8c76-2bf4389dbd18/datanode-1/data/ratis/b61e0840-fc10-4aba-b963-d84c501198b9: created new log segment /tmp/workdir/hadoop-ozone/tools/target/test-dir/MiniOzoneClusterImpl-7a5a099b-ae8d-47f8-8c76-2bf4389dbd18/datanode-1/data/ratis/b61e0840-fc10-4aba-b963-d84c501198b9/current/log_inprogress_5308
2019-07-09 09:59:39,220 INFO  segmented.SegmentedRaftLogWorker (SegmentedRaftLogWorker.java:execute(569)) - 8cac6937-780c-4459-964a-dea4dcd51fd7-SegmentedRaftLogWorker:Storage Directory /tmp/workdir/hadoop-ozone/tools/target/test-dir/MiniOzoneClusterImpl-7a5a099b-ae8d-47f8-8c76-2bf4389dbd18/datanode-4/data/ratis/b61e0840-fc10-4aba-b963-d84c501198b9: created new log segment /tmp/workdir/hadoop-ozone/tools/target/test-dir/MiniOzoneClusterImpl-7a5a099b-ae8d-47f8-8c76-2bf4389dbd18/datanode-4/data/ratis/b61e0840-fc10-4aba-b963-d84c501198b9/current/log_inprogress_5308
2019-07-09 09:59:39,236 INFO  client.GrpcClientProtocolClient (GrpcClientProtocolClient.java:onNext(255)) - client-CECA27ED65B5->8cac6937-780c-4459-964a-dea4dcd51fd7: receive RaftClientReply:client-CECA27ED65B5->8cac6937-780c-4459-964a-dea4dcd51fd7@group-D84C501198B9, cid=3533, SUCCESS, logIndex=5308, commits[8cac6937-780c-4459-964a-dea4dcd51fd7:c5309, 9ed8676d-9460-465d-9905-fd43a52295f6:c5307, da64134c-6992-4903-9407-7df321e464db:c5307]
2019-07-09 09:59:39,247 INFO  client.GrpcClientProtocolClient (GrpcClientProtocolClient.java:onNext(255)) - client-CECA27ED65B5->8cac6937-780c-4459-964a-dea4dcd51fd7: receive RaftClientReply:client-CECA27ED65B5->8cac6937-780c-4459-964a-dea4dcd51fd7@group-D84C501198B9, cid=3534, SUCCESS, logIndex=0, commits[8cac6937-780c-4459-964a-dea4dcd51fd7:c5310, 9ed8676d-9460-465d-9905-fd43a52295f6:c5309, da64134c-6992-4903-9407-7df321e464db:c5309]
 0.00% |█                                                                                                    |  0/1 Time: 0:00:312019-07-09 09:59:39,286 INFO  client.GrpcClientProtocolClient (GrpcClientProtocolClient.java:onNext(255)) - client-CECA27ED65B5->8cac6937-780c-4459-964a-dea4dcd51fd7: receive RaftClientReply:client-CECA27ED65B5->8cac6937-780c-4459-964a-dea4dcd51fd7@group-D84C501198B9, cid=3535, SUCCESS, logIndex=5311, commits[8cac6937-780c-4459-964a-dea4dcd51fd7:c5312, 9ed8676d-9460-465d-9905-fd43a52295f6:c5310, da64134c-6992-4903-9407-7df321e464db:c5310]
2019-07-09 09:59:39,286 INFO  client.GrpcClientProtocolClient (GrpcClientProtocolClient.java:onNext(255)) - client-CECA27ED65B5->8cac6937-780c-4459-964a-dea4dcd51fd7: receive RaftClientReply:client-CECA27ED65B5->8cac6937-780c-4459-964a-dea4dcd51fd7@group-D84C501198B9, cid=3536, SUCCESS, logIndex=5312, commits[8cac6937-780c-4459-964a-dea4dcd51fd7:c5313, 9ed8676d-9460-465d-9905-fd43a52295f6:c5310, da64134c-6992-4903-9407-7df321e464db:c5310]
2019-07-09 09:59:39,286 INFO  client.GrpcClientProtocolClient (GrpcClientProtocolClient.java:onNext(255)) - client-CECA27ED65B5->8cac6937-780c-4459-964a-dea4dcd51fd7: receive RaftClientReply:client-CECA27ED65B5->8cac6937-780c-4459-964a-dea4dcd51fd7@group-D84C501198B9, cid=3537, SUCCESS, logIndex=5313, commits[8cac6937-780c-4459-964a-dea4dcd51fd7:c5314, 9ed8676d-9460-465d-9905-fd43a52295f6:c5310, da64134c-6992-4903-9407-7df321e464db:c5310]
2019-07-09 09:59:39,287 INFO  client.GrpcClientProtocolClient (GrpcClientProtocolClient.java:onNext(255)) - client-CECA27ED65B5->8cac6937-780c-4459-964a-dea4dcd51fd7: receive RaftClientReply:client-CECA27ED65B5->8cac6937-780c-4459-964a-dea4dcd51fd7@group-D84C501198B9, cid=3538, SUCCESS, logIndex=5314, commits[8cac6937-780c-4459-964a-dea4dcd51fd7:c5314, 9ed8676d-9460-465d-9905-fd43a52295f6:c5310, da64134c-6992-4903-9407-7df321e464db:c5310]
2019-07-09 09:59:39,298 INFO  client.GrpcClientProtocolClient (GrpcClientProtocolClient.java:onNext(255)) - client-CECA27ED65B5->8cac6937-780c-4459-964a-dea4dcd51fd7: receive RaftClientReply:client-CECA27ED65B5->8cac6937-780c-4459-964a-dea4dcd51fd7@group-D84C501198B9, cid=3539, SUCCESS, logIndex=0, commits[8cac6937-780c-4459-964a-dea4dcd51fd7:c5316, 9ed8676d-9460-465d-9905-fd43a52295f6:c5312, da64134c-6992-4903-9407-7df321e464db:c5312]
2019-07-09 09:59:39,437 INFO  client.GrpcClientProtocolClient (GrpcClientProtocolClient.java:onNext(255)) - client-CECA27ED65B5->8cac6937-780c-4459-964a-dea4dcd51fd7: receive RaftClientReply:client-CECA27ED65B5->8cac6937-780c-4459-964a-dea4dcd51fd7@group-D84C501198B9, cid=3540, SUCCESS, logIndex=5319, commits[8cac6937-780c-4459-964a-dea4dcd51fd7:c5320, 9ed8676d-9460-465d-9905-fd43a52295f6:c5318, da64134c-6992-4903-9407-7df321e464db:c5314]
2019-07-09 09:59:39,438 INFO  client.GrpcClientProtocolClient (GrpcClientProtocolClient.java:onNext(255)) - client-CECA27ED65B5->8cac6937-780c-4459-964a-dea4dcd51fd7: receive RaftClientReply:client-CECA27ED65B5->8cac6937-780c-4459-964a-dea4dcd51fd7@group-D84C501198B9, cid=3541, SUCCESS, logIndex=5320, commits[8cac6937-780c-4459-964a-dea4dcd51fd7:c5320, 9ed8676d-9460-465d-9905-fd43a52295f6:c5318, da64134c-6992-4903-9407-7df321e464db:c5318]
2019-07-09 09:59:39,462 INFO  client.GrpcClientProtocolClient (GrpcClientProtocolClient.java:onNext(255)) - client-CECA27ED65B5->8cac6937-780c-4459-964a-dea4dcd51fd7: receive RaftClientReply:client-CECA27ED65B5->8cac6937-780c-4459-964a-dea4dcd51fd7@group-D84C501198B9, cid=3542, SUCCESS, logIndex=5323, commits[8cac6937-780c-4459-964a-dea4dcd51fd7:c5324, 9ed8676d-9460-465d-9905-fd43a52295f6:c5320, da64134c-6992-4903-9407-7df321e464db:c5320]
2019-07-09 09:59:39,464 INFO  client.GrpcClientProtocolClient (GrpcClientProtocolClient.java:onNext(255)) - client-CECA27ED65B5->8cac6937-780c-4459-964a-dea4dcd51fd7: receive RaftClientReply:client-CECA27ED65B5->8cac6937-780c-4459-964a-dea4dcd51fd7@group-D84C501198B9, cid=3543, SUCCESS, logIndex=5324, commits[8cac6937-780c-4459-964a-dea4dcd51fd7:c5324, 9ed8676d-9460-465d-9905-fd43a52295f6:c5320, da64134c-6992-4903-9407-7df321e464db:c5320]
2019-07-09 09:59:39,474 INFO  client.GrpcClientProtocolClient (GrpcClientProtocolClient.java:onNext(255)) - client-CECA27ED65B5->8cac6937-780c-4459-964a-dea4dcd51fd7: receive RaftClientReply:client-CECA27ED65B5->8cac6937-780c-4459-964a-dea4dcd51fd7@group-D84C501198B9, cid=3544, SUCCESS, logIndex=0, commits[8cac6937-780c-4459-964a-dea4dcd51fd7:c5325, 9ed8676d-9460-465d-9905-fd43a52295f6:c5324, da64134c-6992-4903-9407-7df321e464db:c5324]
2019-07-09 09:59:39,511 INFO  client.GrpcClientProtocolClient (GrpcClientProtocolClient.java:onNext(255)) - client-CECA27ED65B5->8cac6937-780c-4459-964a-dea4dcd51fd7: receive RaftClientReply:client-CECA27ED65B5->8cac6937-780c-4459-964a-dea4dcd51fd7@group-D84C501198B9, cid=3545, SUCCESS, logIndex=5327, commits[8cac6937-780c-4459-964a-dea4dcd51fd7:c5328, 9ed8676d-9460-465d-9905-fd43a52295f6:c5326, da64134c-6992-4903-9407-7df321e464db:c5326]
2019-07-09 09:59:39,511 INFO  client.GrpcClientProtocolClient (GrpcClientProtocolClient.java:onNext(255)) - client-CECA27ED65B5->8cac6937-780c-4459-964a-dea4dcd51fd7: receive RaftClientReply:client-CECA27ED65B5->8cac6937-780c-4459-964a-dea4dcd51fd7@group-D84C501198B9, cid=3546, SUCCESS, logIndex=5328, commits[8cac6937-780c-4459-964a-dea4dcd51fd7:c5329, 9ed8676d-9460-465d-9905-fd43a52295f6:c5326, da64134c-6992-4903-9407-7df321e464db:c5326]
2019-07-09 09:59:39,512 INFO  client.GrpcClientProtocolClient (GrpcClientProtocolClient.java:onNext(255)) - client-CECA27ED65B5->8cac6937-780c-4459-964a-dea4dcd51fd7: receive RaftClientReply:client-CECA27ED65B5->8cac6937-780c-4459-964a-dea4dcd51fd7@group-D84C501198B9, cid=3547, SUCCESS, logIndex=5329, commits[8cac6937-780c-4459-964a-dea4dcd51fd7:c5330, 9ed8676d-9460-465d-9905-fd43a52295f6:c5326, da64134c-6992-4903-9407-7df321e464db:c5326]
2019-07-09 09:59:39,512 INFO  client.GrpcClientProtocolClient (GrpcClientProtocolClient.java:onNext(255)) - client-CECA27ED65B5->8cac6937-780c-4459-964a-dea4dcd51fd7: receive RaftClientReply:client-CECA27ED65B5->8cac6937-780c-4459-964a-dea4dcd51fd7@group-D84C501198B9, cid=3548, SUCCESS, logIndex=5330, commits[8cac6937-780c-4459-964a-dea4dcd51fd7:c5330, 9ed8676d-9460-465d-9905-fd43a52295f6:c5326, da64134c-6992-4903-9407-7df321e464db:c5326]
2019-07-09 09:59:39,514 INFO  client.GrpcClientProtocolClient (GrpcClientProtocolClient.java:onNext(255)) - client-CECA27ED65B5->8cac6937-780c-4459-964a-dea4dcd51fd7: receive RaftClientReply:client-CECA27ED65B5->8cac6937-780c-4459-964a-dea4dcd51fd7@group-D84C501198B9, cid=3549, SUCCESS, logIndex=0, commits[8cac6937-780c-4459-964a-dea4dcd51fd7:c5333, 9ed8676d-9460-465d-9905-fd43a52295f6:c5329, da64134c-6992-4903-9407-7df321e464db:c5328]
2019-07-09 09:59:39,535 INFO  client.GrpcClientProtocolClient (GrpcClientProtocolClient.java:onNext(255)) - client-CECA27ED65B5->8cac6937-780c-4459-964a-dea4dcd51fd7: receive RaftClientReply:client-CECA27ED65B5->8cac6937-780c-4459-964a-dea4dcd51fd7@group-D84C501198B9, cid=3550, SUCCESS, logIndex=5335, commits[8cac6937-780c-4459-964a-dea4dcd51fd7:c5336, 9ed8676d-9460-465d-9905-fd43a52295f6:c5334, da64134c-6992-4903-9407-7df321e464db:c5334]
2019-07-09 09:59:39,536 INFO  client.GrpcClientProtocolClient (GrpcClientProtocolClient.java:onNext(255)) - client-CECA27ED65B5->8cac6937-780c-4459-964a-dea4dcd51fd7: receive RaftClientReply:client-CECA27ED65B5->8cac6937-780c-4459-964a-dea4dcd51fd7@group-D84C501198B9, cid=3551, SUCCESS, logIndex=5336, commits[8cac6937-780c-4459-964a-dea4dcd51fd7:c5336, 9ed8676d-9460-465d-9905-fd43a52295f6:c5334, da64134c-6992-4903-9407-7df321e464db:c5334]
2019-07-09 09:59:39,548 INFO  client.GrpcClientProtocolClient (GrpcClientProtocolClient.java:onNext(255)) - client-CECA27ED65B5->8cac6937-780c-4459-964a-dea4dcd51fd7: receive RaftClientReply:client-CECA27ED65B5->8cac6937-780c-4459-964a-dea4dcd51fd7@group-D84C501198B9, cid=3552, SUCCESS, logIndex=5339, commits[8cac6937-780c-4459-964a-dea4dcd51fd7:c5340, 9ed8676d-9460-465d-9905-fd43a52295f6:c5336, da64134c-6992-4903-9407-7df321e464db:c5336]
2019-07-09 09:59:39,548 INFO  client.GrpcClientProtocolClient (GrpcClientProtocolClient.java:onNext(255)) - client-CECA27ED65B5->8cac6937-780c-4459-964a-dea4dcd51fd7: receive RaftClientReply:client-CECA27ED65B5->8cac6937-780c-4459-964a-dea4dcd51fd7@group-D84C501198B9, cid=3553, SUCCESS, logIndex=5340, commits[8cac6937-780c-4459-964a-dea4dcd51fd7:c5340, 9ed8676d-9460-465d-9905-fd43a52295f6:c5336, da64134c-6992-4903-9407-7df321e464db:c5336]
2019-07-09 09:59:39,550 INFO  client.GrpcClientProtocolClient (GrpcClientProtocolClient.java:onNext(255)) - client-CECA27ED65B5->8cac6937-780c-4459-964a-dea4dcd51fd7: receive RaftClientReply:client-CECA27ED65B5->8cac6937-780c-4459-964a-dea4dcd51fd7@group-D84C501198B9, cid=3554, SUCCESS, logIndex=0, commits[8cac6937-780c-4459-964a-dea4dcd51fd7:c5341, 9ed8676d-9460-465d-9905-fd43a52295f6:c5340, da64134c-6992-4903-9407-7df321e464db:c5340]
2019-07-09 09:59:39,583 INFO  client.GrpcClientProtocolClient (GrpcClientProtocolClient.java:onNext(255)) - client-CECA27ED65B5->8cac6937-780c-4459-964a-dea4dcd51fd7: receive RaftClientReply:client-CECA27ED65B5->8cac6937-780c-4459-964a-dea4dcd51fd7@group-D84C501198B9, cid=3555, SUCCESS, logIndex=5343, commits[8cac6937-780c-4459-964a-dea4dcd51fd7:c5345, 9ed8676d-9460-465d-9905-fd43a52295f6:c5342, da64134c-6992-4903-9407-7df321e464db:c5342]
2019-07-09 09:59:39,584 INFO  client.GrpcClientProtocolClient (GrpcClientProtocolClient.java:onNext(255)) - client-CECA27ED65B5->8cac6937-780c-4459-964a-dea4dcd51fd7: receive RaftClientReply:client-CECA27ED65B5->8cac6937-780c-4459-964a-dea4dcd51fd7@group-D84C501198B9, cid=3556, SUCCESS, logIndex=5344, commits[8cac6937-780c-4459-964a-dea4dcd51fd7:c5346, 9ed8676d-9460-465d-9905-fd43a52295f6:c5342, da64134c-6992-4903-9407-7df321e464db:c5342]
2019-07-09 09:59:39,584 INFO  client.GrpcClientProtocolClient (GrpcClientProtocolClient.java:onNext(255)) - client-CECA27ED65B5->8cac6937-780c-4459-964a-dea4dcd51fd7: receive RaftClientReply:client-CECA27ED65B5->8cac6937-780c-4459-964a-dea4dcd51fd7@group-D84C501198B9, cid=3557, SUCCESS, logIndex=5345, commits[8cac6937-780c-4459-964a-dea4dcd51fd7:c5346, 9ed8676d-9460-465d-9905-fd43a52295f6:c5342, da64134c-6992-4903-9407-7df321e464db:c5342]
2019-07-09 09:59:39,585 INFO  client.GrpcClientProtocolClient (GrpcClientProtocolClient.java:onNext(255)) - client-CECA27ED65B5->8cac6937-780c-4459-964a-dea4dcd51fd7: receive RaftClientReply:client-CECA27ED65B5->8cac6937-780c-4459-964a-dea4dcd51fd7@group-D84C501198B9, cid=3558, SUCCESS, logIndex=5346, commits[8cac6937-780c-4459-964a-dea4dcd51fd7:c5346, 9ed8676d-9460-465d-9905-fd43a52295f6:c5342, da64134c-6992-4903-9407-7df321e464db:c5342]
2019-07-09 09:59:39,586 INFO  client.GrpcClientProtocolClient (GrpcClientProtocolClient.java:onNext(255)) - client-CECA27ED65B5->8cac6937-780c-4459-964a-dea4dcd51fd7: receive RaftClientReply:client-CECA27ED65B5->8cac6937-780c-4459-964a-dea4dcd51fd7@group-D84C501198B9, cid=3559, SUCCESS, logIndex=0, commits[8cac6937-780c-4459-964a-dea4dcd51fd7:c5348, 9ed8676d-9460-465d-9905-fd43a52295f6:c5344, da64134c-6992-4903-9407-7df321e464db:c5345]
2019-07-09 09:59:39,606 INFO  client.GrpcClientProtocolClient (GrpcClientProtocolClient.java:onNext(255)) - client-CECA27ED65B5->8cac6937-780c-4459-964a-dea4dcd51fd7: receive RaftClientReply:client-CECA27ED65B5->8cac6937-780c-4459-964a-dea4dcd51fd7@group-D84C501198B9, cid=3560, SUCCESS, logIndex=5351, commits[8cac6937-780c-4459-964a-dea4dcd51fd7:c5352, 9ed8676d-9460-465d-9905-fd43a52295f6:c5350, da64134c-6992-4903-9407-7df321e464db:c5350]
2019-07-09 09:59:39,606 INFO  client.GrpcClientProtocolClient (GrpcClientProtocolClient.java:onNext(255)) - client-CECA27ED65B5->8cac6937-780c-4459-964a-dea4dcd51fd7: receive RaftClientReply:client-CECA27ED65B5->8cac6937-780c-4459-964a-dea4dcd51fd7@group-D84C501198B9, cid=3561, SUCCESS, logIndex=5352, commits[8cac6937-780c-4459-964a-dea4dcd51fd7:c5352, 9ed8676d-9460-465d-9905-fd43a52295f6:c5350, da64134c-6992-4903-9407-7df321e464db:c5350]
2019-07-09 09:59:39,619 INFO  client.GrpcClientProtocolClient (GrpcClientProtocolClient.java:onNext(255)) - client-CECA27ED65B5->8cac6937-780c-4459-964a-dea4dcd51fd7: receive RaftClientReply:client-CECA27ED65B5->8cac6937-780c-4459-964a-dea4dcd51fd7@group-D84C501198B9, cid=3562, SUCCESS, logIndex=5355, commits[8cac6937-780c-4459-964a-dea4dcd51fd7:c5356, 9ed8676d-9460-465d-9905-fd43a52295f6:c5352, da64134c-6992-4903-9407-7df321e464db:c5352]
2019-07-09 09:59:39,619 INFO  client.GrpcClientProtocolClient (GrpcClientProtocolClient.java:onNext(255)) - client-CECA27ED65B5->8cac6937-780c-4459-964a-dea4dcd51fd7: receive RaftClientReply:client-CECA27ED65B5->8cac6937-780c-4459-964a-dea4dcd51fd7@group-D84C501198B9, cid=3563, SUCCESS, logIndex=5356, commits[8cac6937-780c-4459-964a-dea4dcd51fd7:c5356, 9ed8676d-9460-465d-9905-fd43a52295f6:c5352, da64134c-6992-4903-9407-7df321e464db:c5352]
2019-07-09 09:59:39,631 INFO  client.GrpcClientProtocolClient (GrpcClientProtocolClient.java:onNext(255)) - client-CECA27ED65B5->8cac6937-780c-4459-964a-dea4dcd51fd7: receive RaftClientReply:client-CECA27ED65B5->8cac6937-780c-4459-964a-dea4dcd51fd7@group-D84C501198B9, cid=3564, SUCCESS, logIndex=0, commits[8cac6937-780c-4459-964a-dea4dcd51fd7:c5357, 9ed8676d-9460-465d-9905-fd43a52295f6:c5356, da64134c-6992-4903-9407-7df321e464db:c5356]
2019-07-09 09:59:39,666 INFO  client.GrpcClientProtocolClient (GrpcClientProtocolClient.java:onNext(255)) - client-CECA27ED65B5->8cac6937-780c-4459-964a-dea4dcd51fd7: receive RaftClientReply:client-CECA27ED65B5->8cac6937-780c-4459-964a-dea4dcd51fd7@group-D84C501198B9, cid=3565, SUCCESS, logIndex=5359, commits[8cac6937-780c-4459-964a-dea4dcd51fd7:c5360, 9ed8676d-9460-465d-9905-fd43a52295f6:c5358, da64134c-6992-4903-9407-7df321e464db:c5358]
2019-07-09 09:59:39,667 INFO  client.GrpcClientProtocolClient (GrpcClientProtocolClient.java:onNext(255)) - client-CECA27ED65B5->8cac6937-780c-4459-964a-dea4dcd51fd7: receive RaftClientReply:client-CECA27ED65B5->8cac6937-780c-4459-964a-dea4dcd51fd7@group-D84C501198B9, cid=3566, SUCCESS, logIndex=5360, commits[8cac6937-780c-4459-964a-dea4dcd51fd7:c5360, 9ed8676d-9460-465d-9905-fd43a52295f6:c5358, da64134c-6992-4903-9407-7df321e464db:c5358]
2019-07-09 09:59:39,668 INFO  client.GrpcClientProtocolClient (GrpcClientProtocolClient.java:onNext(255)) - client-CECA27ED65B5->8cac6937-780c-4459-964a-dea4dcd51fd7: receive RaftClientReply:client-CECA27ED65B5->8cac6937-780c-4459-964a-dea4dcd51fd7@group-D84C501198B9, cid=3567, SUCCESS, logIndex=5361, commits[8cac6937-780c-4459-964a-dea4dcd51fd7:c5362, 9ed8676d-9460-465d-9905-fd43a52295f6:c5358, da64134c-6992-4903-9407-7df321e464db:c5358]
2019-07-09 09:59:39,668 INFO  client.GrpcClientProtocolClient (GrpcClientProtocolClient.java:onNext(255)) - client-CECA27ED65B5->8cac6937-780c-4459-964a-dea4dcd51fd7: receive RaftClientReply:client-CECA27ED65B5->8cac6937-780c-4459-964a-dea4dcd51fd7@group-D84C501198B9, cid=3568, SUCCESS, logIndex=5362, commits[8cac6937-780c-4459-964a-dea4dcd51fd7:c5362, 9ed8676d-9460-465d-9905-fd43a52295f6:c5358, da64134c-6992-4903-9407-7df321e464db:c5358]
2019-07-09 09:59:39,669 INFO  client.GrpcClientProtocolClient (GrpcClientProtocolClient.java:onNext(255)) - client-CECA27ED65B5->8cac6937-780c-4459-964a-dea4dcd51fd7: receive RaftClientReply:client-CECA27ED65B5->8cac6937-780c-4459-964a-dea4dcd51fd7@group-D84C501198B9, cid=3569, SUCCESS, logIndex=0, commits[8cac6937-780c-4459-964a-dea4dcd51fd7:c5366, 9ed8676d-9460-465d-9905-fd43a52295f6:c5362, da64134c-6992-4903-9407-7df321e464db:c5360]
2019-07-09 09:59:39,691 INFO  client.GrpcClientProtocolClient (GrpcClientProtocolClient.java:onNext(255)) - client-CECA27ED65B5->8cac6937-780c-4459-964a-dea4dcd51fd7: receive RaftClientReply:client-CECA27ED65B5->8cac6937-780c-4459-964a-dea4dcd51fd7@group-D84C501198B9, cid=3570, SUCCESS, logIndex=5367, commits[8cac6937-780c-4459-964a-dea4dcd51fd7:c5368, 9ed8676d-9460-465d-9905-fd43a52295f6:c5366, da64134c-6992-4903-9407-7df321e464db:c5366]
2019-07-09 09:59:39,691 INFO  client.GrpcClientProtocolClient (GrpcClientProtocolClient.java:onNext(255)) - client-CECA27ED65B5->8cac6937-780c-4459-964a-dea4dcd51fd7: receive RaftClientReply:client-CECA27ED65B5->8cac6937-780c-4459-964a-dea4dcd51fd7@group-D84C501198B9, cid=3571, SUCCESS, logIndex=5368, commits[8cac6937-780c-4459-964a-dea4dcd51fd7:c5368, 9ed8676d-9460-465d-9905-fd43a52295f6:c5366, da64134c-6992-4903-9407-7df321e464db:c5366]
2019-07-09 09:59:39,705 INFO  client.GrpcClientProtocolClient (GrpcClientProtocolClient.java:onNext(255)) - client-CECA27ED65B5->8cac6937-780c-4459-964a-dea4dcd51fd7: receive RaftClientReply:client-CECA27ED65B5->8cac6937-780c-4459-964a-dea4dcd51fd7@group-D84C501198B9, cid=3572, SUCCESS, logIndex=5371, commits[8cac6937-780c-4459-964a-dea4dcd51fd7:c5372, 9ed8676d-9460-465d-9905-fd43a52295f6:c5368, da64134c-6992-4903-9407-7df321e464db:c5368]
2019-07-09 09:59:39,706 INFO  client.GrpcClientProtocolClient (GrpcClientProtocolClient.java:onNext(255)) - client-CECA27ED65B5->8cac6937-780c-4459-964a-dea4dcd51fd7: receive RaftClientReply:client-CECA27ED65B5->8cac6937-780c-4459-964a-dea4dcd51fd7@group-D84C501198B9, cid=3573, SUCCESS, logIndex=5372, commits[8cac6937-780c-4459-964a-dea4dcd51fd7:c5372, 9ed8676d-9460-465d-9905-fd43a52295f6:c5368, da64134c-6992-4903-9407-7df321e464db:c5368]
2019-07-09 09:59:39,717 INFO  client.GrpcClientProtocolClient (GrpcClientProtocolClient.java:onNext(255)) - client-CECA27ED65B5->8cac6937-780c-4459-964a-dea4dcd51fd7: receive RaftClientReply:client-CECA27ED65B5->8cac6937-780c-4459-964a-dea4dcd51fd7@group-D84C501198B9, cid=3574, SUCCESS, logIndex=0, commits[8cac6937-780c-4459-964a-dea4dcd51fd7:c5372, 9ed8676d-9460-465d-9905-fd43a52295f6:c5372, da64134c-6992-4903-9407-7df321e464db:c5372]
2019-07-09 09:59:39,750 INFO  client.GrpcClientProtocolClient (GrpcClientProtocolClient.java:onNext(255)) - client-CECA27ED65B5->8cac6937-780c-4459-964a-dea4dcd51fd7: receive RaftClientReply:client-CECA27ED65B5->8cac6937-780c-4459-964a-dea4dcd51fd7@group-D84C501198B9, cid=3575, SUCCESS, logIndex=5375, commits[8cac6937-780c-4459-964a-dea4dcd51fd7:c5376, 9ed8676d-9460-465d-9905-fd43a52295f6:c5374, da64134c-6992-4903-9407-7df321e464db:c5374]
2019-07-09 09:59:39,751 INFO  client.GrpcClientProtocolClient (GrpcClientProtocolClient.java:onNext(255)) - client-CECA27ED65B5->8cac6937-780c-4459-964a-dea4dcd51fd7: receive RaftClientReply:client-CECA27ED65B5->8cac6937-780c-4459-964a-dea4dcd51fd7@group-D84C501198B9, cid=3576, SUCCESS, logIndex=5376, commits[8cac6937-780c-4459-964a-dea4dcd51fd7:c5378, 9ed8676d-9460-465d-9905-fd43a52295f6:c5374, da64134c-6992-4903-9407-7df321e464db:c5374]
2019-07-09 09:59:39,751 INFO  client.GrpcClientProtocolClient (GrpcClientProtocolClient.java:onNext(255)) - client-CECA27ED65B5->8cac6937-780c-4459-964a-dea4dcd51fd7: receive RaftClientReply:client-CECA27ED65B5->8cac6937-780c-4459-964a-dea4dcd51fd7@group-D84C501198B9, cid=3577, SUCCESS, logIndex=5377, commits[8cac6937-780c-4459-964a-dea4dcd51fd7:c5378, 9ed8676d-9460-465d-9905-fd43a52295f6:c5374, da64134c-6992-4903-9407-7df321e464db:c5374]
2019-07-09 09:59:39,751 INFO  client.GrpcClientProtocolClient (GrpcClientProtocolClient.java:onNext(255)) - client-CECA27ED65B5->8cac6937-780c-4459-964a-dea4dcd51fd7: receive RaftClientReply:client-CECA27ED65B5->8cac6937-780c-4459-964a-dea4dcd51fd7@group-D84C501198B9, cid=3578, SUCCESS, logIndex=5378, commits[8cac6937-780c-4459-964a-dea4dcd51fd7:c5379, 9ed8676d-9460-465d-9905-fd43a52295f6:c5375, da64134c-6992-4903-9407-7df321e464db:c5375]
2019-07-09 09:59:39,752 INFO  client.GrpcClientProtocolClient (GrpcClientProtocolClient.java:onNext(255)) - client-CECA27ED65B5->8cac6937-780c-4459-964a-dea4dcd51fd7: receive RaftClientReply:client-CECA27ED65B5->8cac6937-780c-4459-964a-dea4dcd51fd7@group-D84C501198B9, cid=3579, SUCCESS, logIndex=0, commits[8cac6937-780c-4459-964a-dea4dcd51fd7:c5381, 9ed8676d-9460-465d-9905-fd43a52295f6:c5376, da64134c-6992-4903-9407-7df321e464db:c5378]
2019-07-09 09:59:39,771 INFO  client.GrpcClientProtocolClient (GrpcClientProtocolClient.java:onNext(255)) - client-CECA27ED65B5->8cac6937-780c-4459-964a-dea4dcd51fd7: receive RaftClientReply:client-CECA27ED65B5->8cac6937-780c-4459-964a-dea4dcd51fd7@group-D84C501198B9, cid=3580, SUCCESS, logIndex=5382, commits[8cac6937-780c-4459-964a-dea4dcd51fd7:c5383, 9ed8676d-9460-465d-9905-fd43a52295f6:c5381, da64134c-6992-4903-9407-7df321e464db:c5381]
2019-07-09 09:59:39,772 INFO  client.GrpcClientProtocolClient (GrpcClientProtocolClient.java:onNext(255)) - client-CECA27ED65B5->8cac6937-780c-4459-964a-dea4dcd51fd7: receive RaftClientReply:client-CECA27ED65B5->8cac6937-780c-4459-964a-dea4dcd51fd7@group-D84C501198B9, cid=3581, SUCCESS, logIndex=5383, commits[8cac6937-780c-4459-964a-dea4dcd51fd7:c5383, 9ed8676d-9460-465d-9905-fd43a52295f6:c5381, da64134c-6992-4903-9407-7df321e464db:c5381]
2019-07-09 09:59:39,790 INFO  client.GrpcClientProtocolClient (GrpcClientProtocolClient.java:onNext(255)) - client-CECA27ED65B5->8cac6937-780c-4459-964a-dea4dcd51fd7: receive RaftClientReply:client-CECA27ED65B5->8cac6937-780c-4459-964a-dea4dcd51fd7@group-D84C501198B9, cid=3582, SUCCESS, logIndex=5386, commits[8cac6937-780c-4459-964a-dea4dcd51fd7:c5387, 9ed8676d-9460-465d-9905-fd43a52295f6:c5383, da64134c-6992-4903-9407-7df321e464db:c5383]
2019-07-09 09:59:39,790 INFO  client.GrpcClientProtocolClient (GrpcClientProtocolClient.java:onNext(255)) - client-CECA27ED65B5->8cac6937-780c-4459-964a-dea4dcd51fd7: receive RaftClientReply:client-CECA27ED65B5->8cac6937-780c-4459-964a-dea4dcd51fd7@group-D84C501198B9, cid=3583, SUCCESS, logIndex=5387, commits[8cac6937-780c-4459-964a-dea4dcd51fd7:c5387, 9ed8676d-9460-465d-9905-fd43a52295f6:c5383, da64134c-6992-4903-9407-7df321e464db:c5383]
2019-07-09 09:59:39,792 INFO  client.GrpcClientProtocolClient (GrpcClientProtocolClient.java:onNext(255)) - client-CECA27ED65B5->8cac6937-780c-4459-964a-dea4dcd51fd7: receive RaftClientReply:client-CECA27ED65B5->8cac6937-780c-4459-964a-dea4dcd51fd7@group-D84C501198B9, cid=3584, SUCCESS, logIndex=0, commits[8cac6937-780c-4459-964a-dea4dcd51fd7:c5388, 9ed8676d-9460-465d-9905-fd43a52295f6:c5387, da64134c-6992-4903-9407-7df321e464db:c5387]
2019-07-09 09:59:39,847 INFO  client.GrpcClientProtocolClient (GrpcClientProtocolClient.java:onNext(255)) - client-CECA27ED65B5->8cac6937-780c-4459-964a-dea4dcd51fd7: receive RaftClientReply:client-CECA27ED65B5->8cac6937-780c-4459-964a-dea4dcd51fd7@group-D84C501198B9, cid=3585, SUCCESS, logIndex=5389, commits[8cac6937-780c-4459-964a-dea4dcd51fd7:c5390, 9ed8676d-9460-465d-9905-fd43a52295f6:c5388, da64134c-6992-4903-9407-7df321e464db:c5388]
2019-07-09 09:59:39,848 INFO  client.GrpcClientProtocolClient (GrpcClientProtocolClient.java:onNext(255)) - client-CECA27ED65B5->8cac6937-780c-4459-964a-dea4dcd51fd7: receive RaftClientReply:client-CECA27ED65B5->8cac6937-780c-4459-964a-dea4dcd51fd7@group-D84C501198B9, cid=3586, SUCCESS, logIndex=5390, commits[8cac6937-780c-4459-964a-dea4dcd51fd7:c5392, 9ed8676d-9460-465d-9905-fd43a52295f6:c5388, da64134c-6992-4903-9407-7df321e464db:c5388]
2019-07-09 09:59:39,848 INFO  client.GrpcClientProtocolClient (GrpcClientProtocolClient.java:onNext(255)) - client-CECA27ED65B5->8cac6937-780c-4459-964a-dea4dcd51fd7: receive RaftClientReply:client-CECA27ED65B5->8cac6937-780c-4459-964a-dea4dcd51fd7@group-D84C501198B9, cid=3587, SUCCESS, logIndex=5391, commits[8cac6937-780c-4459-964a-dea4dcd51fd7:c5392, 9ed8676d-9460-465d-9905-fd43a52295f6:c5388, da64134c-6992-4903-9407-7df321e464db:c5388]
2019-07-09 09:59:39,848 INFO  client.GrpcClientProtocolClient (GrpcClientProtocolClient.java:onNext(255)) - client-CECA27ED65B5->8cac6937-780c-4459-964a-dea4dcd51fd7: receive RaftClientReply:client-CECA27ED65B5->8cac6937-780c-4459-964a-dea4dcd51fd7@group-D84C501198B9, cid=3588, SUCCESS, logIndex=5392, commits[8cac6937-780c-4459-964a-dea4dcd51fd7:c5392, 9ed8676d-9460-465d-9905-fd43a52295f6:c5388, da64134c-6992-4903-9407-7df321e464db:c5388]
2019-07-09 09:59:39,858 INFO  client.GrpcClientProtocolClient (GrpcClientProtocolClient.java:onNext(255)) - client-CECA27ED65B5->8cac6937-780c-4459-964a-dea4dcd51fd7: receive RaftClientReply:client-CECA27ED65B5->8cac6937-780c-4459-964a-dea4dcd51fd7@group-D84C501198B9, cid=3589, SUCCESS, logIndex=0, commits[8cac6937-780c-4459-964a-dea4dcd51fd7:c5394, 9ed8676d-9460-465d-9905-fd43a52295f6:c5390, da64134c-6992-4903-9407-7df321e464db:c5390]
2019-07-09 09:59:39,878 INFO  client.GrpcClientProtocolClient (GrpcClientProtocolClient.java:onNext(255)) - client-CECA27ED65B5->8cac6937-780c-4459-964a-dea4dcd51fd7: receive RaftClientReply:client-CECA27ED65B5->8cac6937-780c-4459-964a-dea4dcd51fd7@group-D84C501198B9, cid=3590, SUCCESS, logIndex=5396, commits[8cac6937-780c-4459-964a-dea4dcd51fd7:c5397, 9ed8676d-9460-465d-9905-fd43a52295f6:c5395, da64134c-6992-4903-9407-7df321e464db:c5395]
2019-07-09 09:59:39,879 INFO  client.GrpcClientProtocolClient (GrpcClientProtocolClient.java:onNext(255)) - client-CECA27ED65B5->8cac6937-780c-4459-964a-dea4dcd51fd7: receive RaftClientReply:client-CECA27ED65B5->8cac6937-780c-4459-964a-dea4dcd51fd7@group-D84C501198B9, cid=3591, SUCCESS, logIndex=5397, commits[8cac6937-780c-4459-964a-dea4dcd51fd7:c5397, 9ed8676d-9460-465d-9905-fd43a52295f6:c5395, da64134c-6992-4903-9407-7df321e464db:c5395]
2019-07-09 09:59:39,892 INFO  client.GrpcClientProtocolClient (GrpcClientProtocolClient.java:onNext(255)) - client-CECA27ED65B5->8cac6937-780c-4459-964a-dea4dcd51fd7: receive RaftClientReply:client-CECA27ED65B5->8cac6937-780c-4459-964a-dea4dcd51fd7@group-D84C501198B9, cid=3592, SUCCESS, logIndex=5400, commits[8cac6937-780c-4459-964a-dea4dcd51fd7:c5401, 9ed8676d-9460-465d-9905-fd43a52295f6:c5397, da64134c-6992-4903-9407-7df321e464db:c5397]
2019-07-09 09:59:39,893 INFO  client.GrpcClientProtocolClient (GrpcClientProtocolClient.java:onNext(255)) - client-CECA27ED65B5->8cac6937-780c-4459-964a-dea4dcd51fd7: receive RaftClientReply:client-CECA27ED65B5->8cac6937-780c-4459-964a-dea4dcd51fd7@group-D84C501198B9, cid=3593, SUCCESS, logIndex=5401, commits[8cac6937-780c-4459-964a-dea4dcd51fd7:c5401, 9ed8676d-9460-465d-9905-fd43a52295f6:c5397, da64134c-6992-4903-9407-7df321e464db:c5397]
2019-07-09 09:59:39,905 INFO  client.GrpcClientProtocolClient (GrpcClientProtocolClient.java:onNext(255)) - client-CECA27ED65B5->8cac6937-780c-4459-964a-dea4dcd51fd7: receive RaftClientReply:client-CECA27ED65B5->8cac6937-780c-4459-964a-dea4dcd51fd7@group-D84C501198B9, cid=3594, SUCCESS, logIndex=0, commits[8cac6937-780c-4459-964a-dea4dcd51fd7:c5403, 9ed8676d-9460-465d-9905-fd43a52295f6:c5401, da64134c-6992-4903-9407-7df321e464db:c5401]
2019-07-09 09:59:39,939 INFO  client.GrpcClientProtocolClient (GrpcClientProtocolClient.java:onNext(255)) - client-CECA27ED65B5->8cac6937-780c-4459-964a-dea4dcd51fd7: receive RaftClientReply:client-CECA27ED65B5->8cac6937-780c-4459-964a-dea4dcd51fd7@group-D84C501198B9, cid=3595, SUCCESS, logIndex=5404, commits[8cac6937-780c-4459-964a-dea4dcd51fd7:c5406, 9ed8676d-9460-465d-9905-fd43a52295f6:c5403, da64134c-6992-4903-9407-7df321e464db:c5403]
2019-07-09 09:59:39,940 INFO  client.GrpcClientProtocolClient (GrpcClientProtocolClient.java:onNext(255)) - client-CECA27ED65B5->8cac6937-780c-4459-964a-dea4dcd51fd7: receive RaftClientReply:client-CECA27ED65B5->8cac6937-780c-4459-964a-dea4dcd51fd7@group-D84C501198B9, cid=3596, SUCCESS, logIndex=5405, commits[8cac6937-780c-4459-964a-dea4dcd51fd7:c5407, 9ed8676d-9460-465d-9905-fd43a52295f6:c5403, da64134c-6992-4903-9407-7df321e464db:c5403]
2019-07-09 09:59:39,940 INFO  client.GrpcClientProtocolClient (GrpcClientProtocolClient.java:onNext(255)) - client-CECA27ED65B5->8cac6937-780c-4459-964a-dea4dcd51fd7: receive RaftClientReply:client-CECA27ED65B5->8cac6937-780c-4459-964a-dea4dcd51fd7@group-D84C501198B9, cid=3597, SUCCESS, logIndex=5406, commits[8cac6937-780c-4459-964a-dea4dcd51fd7:c5407, 9ed8676d-9460-465d-9905-fd43a52295f6:c5403, da64134c-6992-4903-9407-7df321e464db:c5403]
2019-07-09 09:59:39,940 INFO  client.GrpcClientProtocolClient (GrpcClientProtocolClient.java:onNext(255)) - client-CECA27ED65B5->8cac6937-780c-4459-964a-dea4dcd51fd7: receive RaftClientReply:client-CECA27ED65B5->8cac6937-780c-4459-964a-dea4dcd51fd7@group-D84C501198B9, cid=3598, SUCCESS, logIndex=5407, commits[8cac6937-780c-4459-964a-dea4dcd51fd7:c5407, 9ed8676d-9460-465d-9905-fd43a52295f6:c5403, da64134c-6992-4903-9407-7df321e464db:c5403]
2019-07-09 09:59:39,941 INFO  client.GrpcClientProtocolClient (GrpcClientProtocolClient.java:onNext(255)) - client-CECA27ED65B5->8cac6937-780c-4459-964a-dea4dcd51fd7: receive RaftClientReply:client-CECA27ED65B5->8cac6937-780c-4459-964a-dea4dcd51fd7@group-D84C501198B9, cid=3599, SUCCESS, logIndex=0, commits[8cac6937-780c-4459-964a-dea4dcd51fd7:c5409, 9ed8676d-9460-465d-9905-fd43a52295f6:c5405, da64134c-6992-4903-9407-7df321e464db:c5405]
2019-07-09 09:59:39,960 INFO  client.GrpcClientProtocolClient (GrpcClientProtocolClient.java:onNext(255)) - client-CECA27ED65B5->8cac6937-780c-4459-964a-dea4dcd51fd7: receive RaftClientReply:client-CECA27ED65B5->8cac6937-780c-4459-964a-dea4dcd51fd7@group-D84C501198B9, cid=3600, SUCCESS, logIndex=5412, commits[8cac6937-780c-4459-964a-dea4dcd51fd7:c5413, 9ed8676d-9460-465d-9905-fd43a52295f6:c5411, da64134c-6992-4903-9407-7df321e464db:c5411]
2019-07-09 09:59:39,960 INFO  client.GrpcClientProtocolClient (GrpcClientProtocolClient.java:onNext(255)) - client-CECA27ED65B5->8cac6937-780c-4459-964a-dea4dcd51fd7: receive RaftClientReply:client-CECA27ED65B5->8cac6937-780c-4459-964a-dea4dcd51fd7@group-D84C501198B9, cid=3601, SUCCESS, logIndex=5413, commits[8cac6937-780c-4459-964a-dea4dcd51fd7:c5413, 9ed8676d-9460-465d-9905-fd43a52295f6:c5411, da64134c-6992-4903-9407-7df321e464db:c5411]
2019-07-09 09:59:39,973 INFO  client.GrpcClientProtocolClient (GrpcClientProtocolClient.java:onNext(255)) - client-CECA27ED65B5->8cac6937-780c-4459-964a-dea4dcd51fd7: receive RaftClientReply:client-CECA27ED65B5->8cac6937-780c-4459-964a-dea4dcd51fd7@group-D84C501198B9, cid=3602, SUCCESS, logIndex=5416, commits[8cac6937-780c-4459-964a-dea4dcd51fd7:c5416, 9ed8676d-9460-465d-9905-fd43a52295f6:c5413, da64134c-6992-4903-9407-7df321e464db:c5413]
2019-07-09 09:59:39,973 INFO  client.GrpcClientProtocolClient (GrpcClientProtocolClient.java:onNext(255)) - client-CECA27ED65B5->8cac6937-780c-4459-964a-dea4dcd51fd7: receive RaftClientReply:client-CECA27ED65B5->8cac6937-780c-4459-964a-dea4dcd51fd7@group-D84C501198B9, cid=3603, SUCCESS, logIndex=5417, commits[8cac6937-780c-4459-964a-dea4dcd51fd7:c5417, 9ed8676d-9460-465d-9905-fd43a52295f6:c5413, da64134c-6992-4903-9407-7df321e464db:c5413]
2019-07-09 09:59:39,986 INFO  client.GrpcClientProtocolClient (GrpcClientProtocolClient.java:onNext(255)) - client-CECA27ED65B5->8cac6937-780c-4459-964a-dea4dcd51fd7: receive RaftClientReply:client-CECA27ED65B5->8cac6937-780c-4459-964a-dea4dcd51fd7@group-D84C501198B9, cid=3604, SUCCESS, logIndex=0, commits[8cac6937-780c-4459-964a-dea4dcd51fd7:c5419, 9ed8676d-9460-465d-9905-fd43a52295f6:c5417, da64134c-6992-4903-9407-7df321e464db:c5417]
2019-07-09 09:59:40,018 INFO  client.GrpcClientProtocolClient (GrpcClientProtocolClient.java:onNext(255)) - client-CECA27ED65B5->8cac6937-780c-4459-964a-dea4dcd51fd7: receive RaftClientReply:client-CECA27ED65B5->8cac6937-780c-4459-964a-dea4dcd51fd7@group-D84C501198B9, cid=3605, SUCCESS, logIndex=5420, commits[8cac6937-780c-4459-964a-dea4dcd51fd7:c5421, 9ed8676d-9460-465d-9905-fd43a52295f6:c5419, da64134c-6992-4903-9407-7df321e464db:c5419]
2019-07-09 09:59:40,019 INFO  client.GrpcClientProtocolClient (GrpcClientProtocolClient.java:onNext(255)) - client-CECA27ED65B5->8cac6937-780c-4459-964a-dea4dcd51fd7: receive RaftClientReply:client-CECA27ED65B5->8cac6937-780c-4459-964a-dea4dcd51fd7@group-D84C501198B9, cid=3606, SUCCESS, logIndex=5421, commits[8cac6937-780c-4459-964a-dea4dcd51fd7:c5423, 9ed8676d-9460-465d-9905-fd43a52295f6:c5419, da64134c-6992-4903-9407-7df321e464db:c5419]
2019-07-09 09:59:40,019 INFO  client.GrpcClientProtocolClient (GrpcClientProtocolClient.java:onNext(255)) - client-CECA27ED65B5->8cac6937-780c-4459-964a-dea4dcd51fd7: receive RaftClientReply:client-CECA27ED65B5->8cac6937-780c-4459-964a-dea4dcd51fd7@group-D84C501198B9, cid=3607, SUCCESS, logIndex=5422, commits[8cac6937-780c-4459-964a-dea4dcd51fd7:c5423, 9ed8676d-9460-465d-9905-fd43a52295f6:c5419, da64134c-6992-4903-9407-7df321e464db:c5419]
2019-07-09 09:59:40,019 INFO  client.GrpcClientProtocolClient (GrpcClientProtocolClient.java:onNext(255)) - client-CECA27ED65B5->8cac6937-780c-4459-964a-dea4dcd51fd7: receive RaftClientReply:client-CECA27ED65B5->8cac6937-780c-4459-964a-dea4dcd51fd7@group-D84C501198B9, cid=3608, SUCCESS, logIndex=5423, commits[8cac6937-780c-4459-964a-dea4dcd51fd7:c5423, 9ed8676d-9460-465d-9905-fd43a52295f6:c5419, da64134c-6992-4903-9407-7df321e464db:c5419]
2019-07-09 09:59:40,030 INFO  client.GrpcClientProtocolClient (GrpcClientProtocolClient.java:onNext(255)) - client-CECA27ED65B5->8cac6937-780c-4459-964a-dea4dcd51fd7: receive RaftClientReply:client-CECA27ED65B5->8cac6937-780c-4459-964a-dea4dcd51fd7@group-D84C501198B9, cid=3609, SUCCESS, logIndex=0, commits[8cac6937-780c-4459-964a-dea4dcd51fd7:c5424, 9ed8676d-9460-465d-9905-fd43a52295f6:c5421, da64134c-6992-4903-9407-7df321e464db:c5421]
2019-07-09 09:59:40,052 INFO  client.GrpcClientProtocolClient (GrpcClientProtocolClient.java:onNext(255)) - client-CECA27ED65B5->8cac6937-780c-4459-964a-dea4dcd51fd7: receive RaftClientReply:client-CECA27ED65B5->8cac6937-780c-4459-964a-dea4dcd51fd7@group-D84C501198B9, cid=3610, SUCCESS, logIndex=5427, commits[8cac6937-780c-4459-964a-dea4dcd51fd7:c5428, 9ed8676d-9460-465d-9905-fd43a52295f6:c5426, da64134c-6992-4903-9407-7df321e464db:c5426]
2019-07-09 09:59:40,052 INFO  client.GrpcClientProtocolClient (GrpcClientProtocolClient.java:onNext(255)) - client-CECA27ED65B5->8cac6937-780c-4459-964a-dea4dcd51fd7: receive RaftClientReply:client-CECA27ED65B5->8cac6937-780c-4459-964a-dea4dcd51fd7@group-D84C501198B9, cid=3611, SUCCESS, logIndex=5428, commits[8cac6937-780c-4459-964a-dea4dcd51fd7:c5428, 9ed8676d-9460-465d-9905-fd43a52295f6:c5426, da64134c-6992-4903-9407-7df321e464db:c5426]
2019-07-09 09:59:40,065 INFO  client.GrpcClientProtocolClient (GrpcClientProtocolClient.java:onNext(255)) - client-CECA27ED65B5->8cac6937-780c-4459-964a-dea4dcd51fd7: receive RaftClientReply:client-CECA27ED65B5->8cac6937-780c-4459-964a-dea4dcd51fd7@group-D84C501198B9, cid=3612, SUCCESS, logIndex=5431, commits[8cac6937-780c-4459-964a-dea4dcd51fd7:c5431, 9ed8676d-9460-465d-9905-fd43a52295f6:c5428, da64134c-6992-4903-9407-7df321e464db:c5428]
2019-07-09 09:59:40,065 INFO  client.GrpcClientProtocolClient (GrpcClientProtocolClient.java:onNext(255)) - client-CECA27ED65B5->8cac6937-780c-4459-964a-dea4dcd51fd7: receive RaftClientReply:client-CECA27ED65B5->8cac6937-780c-4459-964a-dea4dcd51fd7@group-D84C501198B9, cid=3613, SUCCESS, logIndex=5432, commits[8cac6937-780c-4459-964a-dea4dcd51fd7:c5432, 9ed8676d-9460-465d-9905-fd43a52295f6:c5428, da64134c-6992-4903-9407-7df321e464db:c5428]
2019-07-09 09:59:40,078 INFO  client.GrpcClientProtocolClient (GrpcClientProtocolClient.java:onNext(255)) - client-CECA27ED65B5->8cac6937-780c-4459-964a-dea4dcd51fd7: receive RaftClientReply:client-CECA27ED65B5->8cac6937-780c-4459-964a-dea4dcd51fd7@group-D84C501198B9, cid=3614, SUCCESS, logIndex=0, commits[8cac6937-780c-4459-964a-dea4dcd51fd7:c5434, 9ed8676d-9460-465d-9905-fd43a52295f6:c5432, da64134c-6992-4903-9407-7df321e464db:c5432]
2019-07-09 09:59:40,102 INFO  client.GrpcClientProtocolClient (GrpcClientProtocolClient.java:onNext(255)) - client-CECA27ED65B5->8cac6937-780c-4459-964a-dea4dcd51fd7: receive RaftClientReply:client-CECA27ED65B5->8cac6937-780c-4459-964a-dea4dcd51fd7@group-D84C501198B9, cid=3615, SUCCESS, logIndex=5435, commits[8cac6937-780c-4459-964a-dea4dcd51fd7:c5436, 9ed8676d-9460-465d-9905-fd43a52295f6:c5434, da64134c-6992-4903-9407-7df321e464db:c5434]
2019-07-09 09:59:40,102 INFO  client.GrpcClientProtocolClient (GrpcClientProtocolClient.java:onNext(255)) - client-CECA27ED65B5->8cac6937-780c-4459-964a-dea4dcd51fd7: receive RaftClientReply:client-CECA27ED65B5->8cac6937-780c-4459-964a-dea4dcd51fd7@group-D84C501198B9, cid=3616, SUCCESS, logIndex=5436, commits[8cac6937-780c-4459-964a-dea4dcd51fd7:c5438, 9ed8676d-9460-465d-9905-fd43a52295f6:c5434, da64134c-6992-4903-9407-7df321e464db:c5434]
2019-07-09 09:59:40,112 INFO  client.GrpcClientProtocolClient (GrpcClientProtocolClient.java:onNext(255)) - client-CECA27ED65B5->8cac6937-780c-4459-964a-dea4dcd51fd7: receive RaftClientReply:client-CECA27ED65B5->8cac6937-780c-4459-964a-dea4dcd51fd7@group-D84C501198B9, cid=3617, SUCCESS, logIndex=5437, commits[8cac6937-780c-4459-964a-dea4dcd51fd7:c5438, 9ed8676d-9460-465d-9905-fd43a52295f6:c5434, da64134c-6992-4903-9407-7df321e464db:c5434]
2019-07-09 09:59:40,112 INFO  client.GrpcClientProtocolClient (GrpcClientProtocolClient.java:onNext(255)) - client-CECA27ED65B5->8cac6937-780c-4459-964a-dea4dcd51fd7: receive RaftClientReply:client-CECA27ED65B5->8cac6937-780c-4459-964a-dea4dcd51fd7@group-D84C501198B9, cid=3618, SUCCESS, logIndex=5438, commits[8cac6937-780c-4459-964a-dea4dcd51fd7:c5438, 9ed8676d-9460-465d-9905-fd43a52295f6:c5434, da64134c-6992-4903-9407-7df321e464db:c5434]
2019-07-09 09:59:40,113 INFO  client.GrpcClientProtocolClient (GrpcClientProtocolClient.java:onNext(255)) - client-CECA27ED65B5->8cac6937-780c-4459-964a-dea4dcd51fd7: receive RaftClientReply:client-CECA27ED65B5->8cac6937-780c-4459-964a-dea4dcd51fd7@group-D84C501198B9, cid=3619, SUCCESS, logIndex=0, commits[8cac6937-780c-4459-964a-dea4dcd51fd7:c5441, 9ed8676d-9460-465d-9905-fd43a52295f6:c5438, da64134c-6992-4903-9407-7df321e464db:c5436]
2019-07-09 09:59:40,124 INFO  client.GrpcClientProtocolClient (GrpcClientProtocolClient.java:onNext(255)) - client-CECA27ED65B5->8cac6937-780c-4459-964a-dea4dcd51fd7: receive RaftClientReply:client-CECA27ED65B5->8cac6937-780c-4459-964a-dea4dcd51fd7@group-D84C501198B9, cid=3620, SUCCESS, logIndex=5442, commits[8cac6937-780c-4459-964a-dea4dcd51fd7:c5443, 9ed8676d-9460-465d-9905-fd43a52295f6:c5441, da64134c-6992-4903-9407-7df321e464db:c5438]
2019-07-09 09:59:40,124 INFO  client.GrpcClientProtocolClient (GrpcClientProtocolClient.java:onNext(255)) - client-CECA27ED65B5->8cac6937-780c-4459-964a-dea4dcd51fd7: receive RaftClientReply:client-CECA27ED65B5->8cac6937-780c-4459-964a-dea4dcd51fd7@group-D84C501198B9, cid=3621, SUCCESS, logIndex=5443, commits[8cac6937-780c-4459-964a-dea4dcd51fd7:c5443, 9ed8676d-9460-465d-9905-fd43a52295f6:c5441, da64134c-6992-4903-9407-7df321e464db:c5441]
2019-07-09 09:59:40,141 INFO  client.GrpcClientProtocolClient (GrpcClientProtocolClient.java:onNext(255)) - client-CECA27ED65B5->8cac6937-780c-4459-964a-dea4dcd51fd7: receive RaftClientReply:client-CECA27ED65B5->8cac6937-780c-4459-964a-dea4dcd51fd7@group-D84C501198B9, cid=3622, SUCCESS, logIndex=5446, commits[8cac6937-780c-4459-964a-dea4dcd51fd7:c5447, 9ed8676d-9460-465d-9905-fd43a52295f6:c5445, da64134c-6992-4903-9407-7df321e464db:c5445]
2019-07-09 09:59:40,142 INFO  client.GrpcClientProtocolClient (GrpcClientProtocolClient.java:onNext(255)) - client-CECA27ED65B5->8cac6937-780c-4459-964a-dea4dcd51fd7: receive RaftClientReply:client-CECA27ED65B5->8cac6937-780c-4459-964a-dea4dcd51fd7@group-D84C501198B9, cid=3623, SUCCESS, logIndex=5447, commits[8cac6937-780c-4459-964a-dea4dcd51fd7:c5447, 9ed8676d-9460-465d-9905-fd43a52295f6:c5445, da64134c-6992-4903-9407-7df321e464db:c5445]
2019-07-09 09:59:40,154 INFO  client.GrpcClientProtocolClient (GrpcClientProtocolClient.java:onNext(255)) - client-CECA27ED65B5->8cac6937-780c-4459-964a-dea4dcd51fd7: receive RaftClientReply:client-CECA27ED65B5->8cac6937-780c-4459-964a-dea4dcd51fd7@group-D84C501198B9, cid=3624, SUCCESS, logIndex=0, commits[8cac6937-780c-4459-964a-dea4dcd51fd7:c5449, 9ed8676d-9460-465d-9905-fd43a52295f6:c5447, da64134c-6992-4903-9407-7df321e464db:c5447]
2019-07-09 09:59:40,181 INFO  client.GrpcClientProtocolClient (GrpcClientProtocolClient.java:onNext(255)) - client-CECA27ED65B5->8cac6937-780c-4459-964a-dea4dcd51fd7: receive RaftClientReply:client-CECA27ED65B5->8cac6937-780c-4459-964a-dea4dcd51fd7@group-D84C501198B9, cid=3625, SUCCESS, logIndex=5450, commits[8cac6937-780c-4459-964a-dea4dcd51fd7:c5452, 9ed8676d-9460-465d-9905-fd43a52295f6:c5449, da64134c-6992-4903-9407-7df321e464db:c5447]
2019-07-09 09:59:40,181 INFO  client.GrpcClientProtocolClient (GrpcClientProtocolClient.java:onNext(255)) - client-CECA27ED65B5->8cac6937-780c-4459-964a-dea4dcd51fd7: receive RaftClientReply:client-CECA27ED65B5->8cac6937-780c-4459-964a-dea4dcd51fd7@group-D84C501198B9, cid=3626, SUCCESS, logIndex=5451, commits[8cac6937-780c-4459-964a-dea4dcd51fd7:c5453, 9ed8676d-9460-465d-9905-fd43a52295f6:c5449, da64134c-6992-4903-9407-7df321e464db:c5449]
2019-07-09 09:59:40,181 INFO  client.GrpcClientProtocolClient (GrpcClientProtocolClient.java:onNext(255)) - client-CECA27ED65B5->8cac6937-780c-4459-964a-dea4dcd51fd7: receive RaftClientReply:client-CECA27ED65B5->8cac6937-780c-4459-964a-dea4dcd51fd7@group-D84C501198B9, cid=3627, SUCCESS, logIndex=5452, commits[8cac6937-780c-4459-964a-dea4dcd51fd7:c5453, 9ed8676d-9460-465d-9905-fd43a52295f6:c5449, da64134c-6992-4903-9407-7df321e464db:c5449]
2019-07-09 09:59:40,182 INFO  client.GrpcClientProtocolClient (GrpcClientProtocolClient.java:onNext(255)) - client-CECA27ED65B5->8cac6937-780c-4459-964a-dea4dcd51fd7: receive RaftClientReply:client-CECA27ED65B5->8cac6937-780c-4459-964a-dea4dcd51fd7@group-D84C501198B9, cid=3628, SUCCESS, logIndex=5453, commits[8cac6937-780c-4459-964a-dea4dcd51fd7:c5453, 9ed8676d-9460-465d-9905-fd43a52295f6:c5449, da64134c-6992-4903-9407-7df321e464db:c5449]
2019-07-09 09:59:40,182 INFO  client.GrpcClientProtocolClient (GrpcClientProtocolClient.java:onNext(255)) - client-CECA27ED65B5->8cac6937-780c-4459-964a-dea4dcd51fd7: receive RaftClientReply:client-CECA27ED65B5->8cac6937-780c-4459-964a-dea4dcd51fd7@group-D84C501198B9, cid=3629, SUCCESS, logIndex=0, commits[8cac6937-780c-4459-964a-dea4dcd51fd7:c5456, 9ed8676d-9460-465d-9905-fd43a52295f6:c5451, da64134c-6992-4903-9407-7df321e464db:c5452]
 0.00% |█                                                                                                    |  0/1 Time: 0:00:322019-07-09 09:59:40,305 INFO  client.GrpcClientProtocolClient (GrpcClientProtocolClient.java:onNext(255)) - client-CECA27ED65B5->8cac6937-780c-4459-964a-dea4dcd51fd7: receive RaftClientReply:client-CECA27ED65B5->8cac6937-780c-4459-964a-dea4dcd51fd7@group-D84C501198B9, cid=3630, SUCCESS, logIndex=5458, commits[8cac6937-780c-4459-964a-dea4dcd51fd7:c5459, 9ed8676d-9460-465d-9905-fd43a52295f6:c5457, da64134c-6992-4903-9407-7df321e464db:c5457]
2019-07-09 09:59:40,305 INFO  client.GrpcClientProtocolClient (GrpcClientProtocolClient.java:onNext(255)) - client-CECA27ED65B5->8cac6937-780c-4459-964a-dea4dcd51fd7: receive RaftClientReply:client-CECA27ED65B5->8cac6937-780c-4459-964a-dea4dcd51fd7@group-D84C501198B9, cid=3631, SUCCESS, logIndex=5459, commits[8cac6937-780c-4459-964a-dea4dcd51fd7:c5459, 9ed8676d-9460-465d-9905-fd43a52295f6:c5457, da64134c-6992-4903-9407-7df321e464db:c5457]
2019-07-09 09:59:40,325 INFO  client.GrpcClientProtocolClient (GrpcClientProtocolClient.java:onNext(255)) - client-CECA27ED65B5->8cac6937-780c-4459-964a-dea4dcd51fd7: receive RaftClientReply:client-CECA27ED65B5->8cac6937-780c-4459-964a-dea4dcd51fd7@group-D84C501198B9, cid=3632, SUCCESS, logIndex=5462, commits[8cac6937-780c-4459-964a-dea4dcd51fd7:c5463, 9ed8676d-9460-465d-9905-fd43a52295f6:c5461, da64134c-6992-4903-9407-7df321e464db:c5461]
2019-07-09 09:59:40,325 INFO  client.GrpcClientProtocolClient (GrpcClientProtocolClient.java:onNext(255)) - client-CECA27ED65B5->8cac6937-780c-4459-964a-dea4dcd51fd7: receive RaftClientReply:client-CECA27ED65B5->8cac6937-780c-4459-964a-dea4dcd51fd7@group-D84C501198B9, cid=3633, SUCCESS, logIndex=5463, commits[8cac6937-780c-4459-964a-dea4dcd51fd7:c5463, 9ed8676d-9460-465d-9905-fd43a52295f6:c5461, da64134c-6992-4903-9407-7df321e464db:c5461]
2019-07-09 09:59:40,337 INFO  client.GrpcClientProtocolClient (GrpcClientProtocolClient.java:onNext(255)) - client-CECA27ED65B5->8cac6937-780c-4459-964a-dea4dcd51fd7: receive RaftClientReply:client-CECA27ED65B5->8cac6937-780c-4459-964a-dea4dcd51fd7@group-D84C501198B9, cid=3634, SUCCESS, logIndex=0, commits[8cac6937-780c-4459-964a-dea4dcd51fd7:c5465, 9ed8676d-9460-465d-9905-fd43a52295f6:c5463, da64134c-6992-4903-9407-7df321e464db:c5463]
2019-07-09 09:59:40,391 INFO  client.GrpcClientProtocolClient (GrpcClientProtocolClient.java:onNext(255)) - client-CECA27ED65B5->8cac6937-780c-4459-964a-dea4dcd51fd7: receive RaftClientReply:client-CECA27ED65B5->8cac6937-780c-4459-964a-dea4dcd51fd7@group-D84C501198B9, cid=3635, SUCCESS, logIndex=5466, commits[8cac6937-780c-4459-964a-dea4dcd51fd7:c5468, 9ed8676d-9460-465d-9905-fd43a52295f6:c5465, da64134c-6992-4903-9407-7df321e464db:c5465]
2019-07-09 09:59:40,392 INFO  client.GrpcClientProtocolClient (GrpcClientProtocolClient.java:onNext(255)) - client-CECA27ED65B5->8cac6937-780c-4459-964a-dea4dcd51fd7: receive RaftClientReply:client-CECA27ED65B5->8cac6937-780c-4459-964a-dea4dcd51fd7@group-D84C501198B9, cid=3636, SUCCESS, logIndex=5467, commits[8cac6937-780c-4459-964a-dea4dcd51fd7:c5469, 9ed8676d-9460-465d-9905-fd43a52295f6:c5465, da64134c-6992-4903-9407-7df321e464db:c5465]
2019-07-09 09:59:40,392 INFO  client.GrpcClientProtocolClient (GrpcClientProtocolClient.java:onNext(255)) - client-CECA27ED65B5->8cac6937-780c-4459-964a-dea4dcd51fd7: receive RaftClientReply:client-CECA27ED65B5->8cac6937-780c-4459-964a-dea4dcd51fd7@group-D84C501198B9, cid=3637, SUCCESS, logIndex=5468, commits[8cac6937-780c-4459-964a-dea4dcd51fd7:c5469, 9ed8676d-9460-465d-9905-fd43a52295f6:c5465, da64134c-6992-4903-9407-7df321e464db:c5465]
2019-07-09 09:59:40,392 INFO  client.GrpcClientProtocolClient (GrpcClientProtocolClient.java:onNext(255)) - client-CECA27ED65B5->8cac6937-780c-4459-964a-dea4dcd51fd7: receive RaftClientReply:client-CECA27ED65B5->8cac6937-780c-4459-964a-dea4dcd51fd7@group-D84C501198B9, cid=3638, SUCCESS, logIndex=5469, commits[8cac6937-780c-4459-964a-dea4dcd51fd7:c5469, 9ed8676d-9460-465d-9905-fd43a52295f6:c5465, da64134c-6992-4903-9407-7df321e464db:c5465]
2019-07-09 09:59:40,412 INFO  client.GrpcClientProtocolClient (GrpcClientProtocolClient.java:onNext(255)) - client-CECA27ED65B5->8cac6937-780c-4459-964a-dea4dcd51fd7: receive RaftClientReply:client-CECA27ED65B5->8cac6937-780c-4459-964a-dea4dcd51fd7@group-D84C501198B9, cid=3639, SUCCESS, logIndex=0, commits[8cac6937-780c-4459-964a-dea4dcd51fd7:c5471, 9ed8676d-9460-465d-9905-fd43a52295f6:c5467, da64134c-6992-4903-9407-7df321e464db:c5467]
2019-07-09 09:59:40,431 INFO  client.GrpcClientProtocolClient (GrpcClientProtocolClient.java:onNext(255)) - client-CECA27ED65B5->8cac6937-780c-4459-964a-dea4dcd51fd7: receive RaftClientReply:client-CECA27ED65B5->8cac6937-780c-4459-964a-dea4dcd51fd7@group-D84C501198B9, cid=3640, SUCCESS, logIndex=5474, commits[8cac6937-780c-4459-964a-dea4dcd51fd7:c5475, 9ed8676d-9460-465d-9905-fd43a52295f6:c5473, da64134c-6992-4903-9407-7df321e464db:c5473]
2019-07-09 09:59:40,431 INFO  client.GrpcClientProtocolClient (GrpcClientProtocolClient.java:onNext(255)) - client-CECA27ED65B5->8cac6937-780c-4459-964a-dea4dcd51fd7: receive RaftClientReply:client-CECA27ED65B5->8cac6937-780c-4459-964a-dea4dcd51fd7@group-D84C501198B9, cid=3641, SUCCESS, logIndex=5475, commits[8cac6937-780c-4459-964a-dea4dcd51fd7:c5475, 9ed8676d-9460-465d-9905-fd43a52295f6:c5473, da64134c-6992-4903-9407-7df321e464db:c5473]
2019-07-09 09:59:40,445 INFO  client.GrpcClientProtocolClient (GrpcClientProtocolClient.java:onNext(255)) - client-CECA27ED65B5->8cac6937-780c-4459-964a-dea4dcd51fd7: receive RaftClientReply:client-CECA27ED65B5->8cac6937-780c-4459-964a-dea4dcd51fd7@group-D84C501198B9, cid=3642, SUCCESS, logIndex=5478, commits[8cac6937-780c-4459-964a-dea4dcd51fd7:c5479, 9ed8676d-9460-465d-9905-fd43a52295f6:c5475, da64134c-6992-4903-9407-7df321e464db:c5475]
2019-07-09 09:59:40,445 INFO  client.GrpcClientProtocolClient (GrpcClientProtocolClient.java:onNext(255)) - client-CECA27ED65B5->8cac6937-780c-4459-964a-dea4dcd51fd7: receive RaftClientReply:client-CECA27ED65B5->8cac6937-780c-4459-964a-dea4dcd51fd7@group-D84C501198B9, cid=3643, SUCCESS, logIndex=5479, commits[8cac6937-780c-4459-964a-dea4dcd51fd7:c5479, 9ed8676d-9460-465d-9905-fd43a52295f6:c5475, da64134c-6992-4903-9407-7df321e464db:c5475]
2019-07-09 09:59:40,458 INFO  client.GrpcClientProtocolClient (GrpcClientProtocolClient.java:onNext(255)) - client-CECA27ED65B5->8cac6937-780c-4459-964a-dea4dcd51fd7: receive RaftClientReply:client-CECA27ED65B5->8cac6937-780c-4459-964a-dea4dcd51fd7@group-D84C501198B9, cid=3644, SUCCESS, logIndex=0, commits[8cac6937-780c-4459-964a-dea4dcd51fd7:c5481, 9ed8676d-9460-465d-9905-fd43a52295f6:c5479, da64134c-6992-4903-9407-7df321e464db:c5479]
2019-07-09 09:59:40,489 INFO  client.GrpcClientProtocolClient (GrpcClientProtocolClient.java:onNext(255)) - client-CECA27ED65B5->8cac6937-780c-4459-964a-dea4dcd51fd7: receive RaftClientReply:client-CECA27ED65B5->8cac6937-780c-4459-964a-dea4dcd51fd7@group-D84C501198B9, cid=3645, SUCCESS, logIndex=5482, commits[8cac6937-780c-4459-964a-dea4dcd51fd7:c5483, 9ed8676d-9460-465d-9905-fd43a52295f6:c5481, da64134c-6992-4903-9407-7df321e464db:c5481]
2019-07-09 09:59:40,489 INFO  client.GrpcClientProtocolClient (GrpcClientProtocolClient.java:onNext(255)) - client-CECA27ED65B5->8cac6937-780c-4459-964a-dea4dcd51fd7: receive RaftClientReply:client-CECA27ED65B5->8cac6937-780c-4459-964a-dea4dcd51fd7@group-D84C501198B9, cid=3646, SUCCESS, logIndex=5483, commits[8cac6937-780c-4459-964a-dea4dcd51fd7:c5485, 9ed8676d-9460-465d-9905-fd43a52295f6:c5481, da64134c-6992-4903-9407-7df321e464db:c5481]
2019-07-09 09:59:40,490 INFO  client.GrpcClientProtocolClient (GrpcClientProtocolClient.java:onNext(255)) - client-CECA27ED65B5->8cac6937-780c-4459-964a-dea4dcd51fd7: receive RaftClientReply:client-CECA27ED65B5->8cac6937-780c-4459-964a-dea4dcd51fd7@group-D84C501198B9, cid=3647, SUCCESS, logIndex=5484, commits[8cac6937-780c-4459-964a-dea4dcd51fd7:c5485, 9ed8676d-9460-465d-9905-fd43a52295f6:c5481, da64134c-6992-4903-9407-7df321e464db:c5481]
2019-07-09 09:59:40,490 INFO  client.GrpcClientProtocolClient (GrpcClientProtocolClient.java:onNext(255)) - client-CECA27ED65B5->8cac6937-780c-4459-964a-dea4dcd51fd7: receive RaftClientReply:client-CECA27ED65B5->8cac6937-780c-4459-964a-dea4dcd51fd7@group-D84C501198B9, cid=3648, SUCCESS, logIndex=5485, commits[8cac6937-780c-4459-964a-dea4dcd51fd7:c5485, 9ed8676d-9460-465d-9905-fd43a52295f6:c5481, da64134c-6992-4903-9407-7df321e464db:c5481]
2019-07-09 09:59:40,502 INFO  client.GrpcClientProtocolClient (GrpcClientProtocolClient.java:onNext(255)) - client-CECA27ED65B5->8cac6937-780c-4459-964a-dea4dcd51fd7: receive RaftClientReply:client-CECA27ED65B5->8cac6937-780c-4459-964a-dea4dcd51fd7@group-D84C501198B9, cid=3649, SUCCESS, logIndex=0, commits[8cac6937-780c-4459-964a-dea4dcd51fd7:c5487, 9ed8676d-9460-465d-9905-fd43a52295f6:c5483, da64134c-6992-4903-9407-7df321e464db:c5483]
2019-07-09 09:59:40,520 INFO  client.GrpcClientProtocolClient (GrpcClientProtocolClient.java:onNext(255)) - client-CECA27ED65B5->8cac6937-780c-4459-964a-dea4dcd51fd7: receive RaftClientReply:client-CECA27ED65B5->8cac6937-780c-4459-964a-dea4dcd51fd7@group-D84C501198B9, cid=3650, SUCCESS, logIndex=5490, commits[8cac6937-780c-4459-964a-dea4dcd51fd7:c5491, 9ed8676d-9460-465d-9905-fd43a52295f6:c5489, da64134c-6992-4903-9407-7df321e464db:c5489]
2019-07-09 09:59:40,521 INFO  client.GrpcClientProtocolClient (GrpcClientProtocolClient.java:onNext(255)) - client-CECA27ED65B5->8cac6937-780c-4459-964a-dea4dcd51fd7: receive RaftClientReply:client-CECA27ED65B5->8cac6937-780c-4459-964a-dea4dcd51fd7@group-D84C501198B9, cid=3651, SUCCESS, logIndex=5491, commits[8cac6937-780c-4459-964a-dea4dcd51fd7:c5491, 9ed8676d-9460-465d-9905-fd43a52295f6:c5489, da64134c-6992-4903-9407-7df321e464db:c5489]
2019-07-09 09:59:40,534 INFO  client.GrpcClientProtocolClient (GrpcClientProtocolClient.java:onNext(255)) - client-CECA27ED65B5->8cac6937-780c-4459-964a-dea4dcd51fd7: receive RaftClientReply:client-CECA27ED65B5->8cac6937-780c-4459-964a-dea4dcd51fd7@group-D84C501198B9, cid=3652, SUCCESS, logIndex=5494, commits[8cac6937-780c-4459-964a-dea4dcd51fd7:c5494, 9ed8676d-9460-465d-9905-fd43a52295f6:c5491, da64134c-6992-4903-9407-7df321e464db:c5491]
2019-07-09 09:59:40,534 INFO  client.GrpcClientProtocolClient (GrpcClientProtocolClient.java:onNext(255)) - client-CECA27ED65B5->8cac6937-780c-4459-964a-dea4dcd51fd7: receive RaftClientReply:client-CECA27ED65B5->8cac6937-780c-4459-964a-dea4dcd51fd7@group-D84C501198B9, cid=3653, SUCCESS, logIndex=5495, commits[8cac6937-780c-4459-964a-dea4dcd51fd7:c5495, 9ed8676d-9460-465d-9905-fd43a52295f6:c5491, da64134c-6992-4903-9407-7df321e464db:c5491]
2019-07-09 09:59:40,546 INFO  client.GrpcClientProtocolClient (GrpcClientProtocolClient.java:onNext(255)) - client-CECA27ED65B5->8cac6937-780c-4459-964a-dea4dcd51fd7: receive RaftClientReply:client-CECA27ED65B5->8cac6937-780c-4459-964a-dea4dcd51fd7@group-D84C501198B9, cid=3654, SUCCESS, logIndex=0, commits[8cac6937-780c-4459-964a-dea4dcd51fd7:c5497, 9ed8676d-9460-465d-9905-fd43a52295f6:c5495, da64134c-6992-4903-9407-7df321e464db:c5495]
2019-07-09 09:59:40,579 INFO  client.GrpcClientProtocolClient (GrpcClientProtocolClient.java:onNext(255)) - client-CECA27ED65B5->8cac6937-780c-4459-964a-dea4dcd51fd7: receive RaftClientReply:client-CECA27ED65B5->8cac6937-780c-4459-964a-dea4dcd51fd7@group-D84C501198B9, cid=3655, SUCCESS, logIndex=5498, commits[8cac6937-780c-4459-964a-dea4dcd51fd7:c5499, 9ed8676d-9460-465d-9905-fd43a52295f6:c5497, da64134c-6992-4903-9407-7df321e464db:c5497]
2019-07-09 09:59:40,580 INFO  client.GrpcClientProtocolClient (GrpcClientProtocolClient.java:onNext(255)) - client-CECA27ED65B5->8cac6937-780c-4459-964a-dea4dcd51fd7: receive RaftClientReply:client-CECA27ED65B5->8cac6937-780c-4459-964a-dea4dcd51fd7@group-D84C501198B9, cid=3656, SUCCESS, logIndex=5499, commits[8cac6937-780c-4459-964a-dea4dcd51fd7:c5501, 9ed8676d-9460-465d-9905-fd43a52295f6:c5497, da64134c-6992-4903-9407-7df321e464db:c5497]
2019-07-09 09:59:40,581 INFO  client.GrpcClientProtocolClient (GrpcClientProtocolClient.java:onNext(255)) - client-CECA27ED65B5->8cac6937-780c-4459-964a-dea4dcd51fd7: receive RaftClientReply:client-CECA27ED65B5->8cac6937-780c-4459-964a-dea4dcd51fd7@group-D84C501198B9, cid=3657, SUCCESS, logIndex=5500, commits[8cac6937-780c-4459-964a-dea4dcd51fd7:c5501, 9ed8676d-9460-465d-9905-fd43a52295f6:c5497, da64134c-6992-4903-9407-7df321e464db:c5497]
2019-07-09 09:59:40,581 INFO  client.GrpcClientProtocolClient (GrpcClientProtocolClient.java:onNext(255)) - client-CECA27ED65B5->8cac6937-780c-4459-964a-dea4dcd51fd7: receive RaftClientReply:client-CECA27ED65B5->8cac6937-780c-4459-964a-dea4dcd51fd7@group-D84C501198B9, cid=3658, SUCCESS, logIndex=5501, commits[8cac6937-780c-4459-964a-dea4dcd51fd7:c5501, 9ed8676d-9460-465d-9905-fd43a52295f6:c5497, da64134c-6992-4903-9407-7df321e464db:c5497]
2019-07-09 09:59:40,582 INFO  client.GrpcClientProtocolClient (GrpcClientProtocolClient.java:onNext(255)) - client-CECA27ED65B5->8cac6937-780c-4459-964a-dea4dcd51fd7: receive RaftClientReply:client-CECA27ED65B5->8cac6937-780c-4459-964a-dea4dcd51fd7@group-D84C501198B9, cid=3659, SUCCESS, logIndex=0, commits[8cac6937-780c-4459-964a-dea4dcd51fd7:c5504, 9ed8676d-9460-465d-9905-fd43a52295f6:c5501, da64134c-6992-4903-9407-7df321e464db:c5499]
2019-07-09 09:59:40,602 INFO  client.GrpcClientProtocolClient (GrpcClientProtocolClient.java:onNext(255)) - client-CECA27ED65B5->8cac6937-780c-4459-964a-dea4dcd51fd7: receive RaftClientReply:client-CECA27ED65B5->8cac6937-780c-4459-964a-dea4dcd51fd7@group-D84C501198B9, cid=3660, SUCCESS, logIndex=5505, commits[8cac6937-780c-4459-964a-dea4dcd51fd7:c5506, 9ed8676d-9460-465d-9905-fd43a52295f6:c5504, da64134c-6992-4903-9407-7df321e464db:c5504]
2019-07-09 09:59:40,603 INFO  client.GrpcClientProtocolClient (GrpcClientProtocolClient.java:onNext(255)) - client-CECA27ED65B5->8cac6937-780c-4459-964a-dea4dcd51fd7: receive RaftClientReply:client-CECA27ED65B5->8cac6937-780c-4459-964a-dea4dcd51fd7@group-D84C501198B9, cid=3661, SUCCESS, logIndex=5506, commits[8cac6937-780c-4459-964a-dea4dcd51fd7:c5506, 9ed8676d-9460-465d-9905-fd43a52295f6:c5504, da64134c-6992-4903-9407-7df321e464db:c5504]
2019-07-09 09:59:40,625 INFO  client.GrpcClientProtocolClient (GrpcClientProtocolClient.java:onNext(255)) - client-CECA27ED65B5->8cac6937-780c-4459-964a-dea4dcd51fd7: receive RaftClientReply:client-CECA27ED65B5->8cac6937-780c-4459-964a-dea4dcd51fd7@group-D84C501198B9, cid=3662, SUCCESS, logIndex=5509, commits[8cac6937-780c-4459-964a-dea4dcd51fd7:c5510, 9ed8676d-9460-465d-9905-fd43a52295f6:c5506, da64134c-6992-4903-9407-7df321e464db:c5506]
2019-07-09 09:59:40,625 INFO  client.GrpcClientProtocolClient (GrpcClientProtocolClient.java:onNext(255)) - client-CECA27ED65B5->8cac6937-780c-4459-964a-dea4dcd51fd7: receive RaftClientReply:client-CECA27ED65B5->8cac6937-780c-4459-964a-dea4dcd51fd7@group-D84C501198B9, cid=3663, SUCCESS, logIndex=5510, commits[8cac6937-780c-4459-964a-dea4dcd51fd7:c5510, 9ed8676d-9460-465d-9905-fd43a52295f6:c5506, da64134c-6992-4903-9407-7df321e464db:c5506]
2019-07-09 09:59:40,628 INFO  client.GrpcClientProtocolClient (GrpcClientProtocolClient.java:onNext(255)) - client-CECA27ED65B5->8cac6937-780c-4459-964a-dea4dcd51fd7: receive RaftClientReply:client-CECA27ED65B5->8cac6937-780c-4459-964a-dea4dcd51fd7@group-D84C501198B9, cid=3664, SUCCESS, logIndex=0, commits[8cac6937-780c-4459-964a-dea4dcd51fd7:c5512, 9ed8676d-9460-465d-9905-fd43a52295f6:c5510, da64134c-6992-4903-9407-7df321e464db:c5510]
2019-07-09 09:59:40,661 INFO  client.GrpcClientProtocolClient (GrpcClientProtocolClient.java:onNext(255)) - client-CECA27ED65B5->8cac6937-780c-4459-964a-dea4dcd51fd7: receive RaftClientReply:client-CECA27ED65B5->8cac6937-780c-4459-964a-dea4dcd51fd7@group-D84C501198B9, cid=3665, SUCCESS, logIndex=5513, commits[8cac6937-780c-4459-964a-dea4dcd51fd7:c5514, 9ed8676d-9460-465d-9905-fd43a52295f6:c5512, da64134c-6992-4903-9407-7df321e464db:c5512]
2019-07-09 09:59:40,662 INFO  client.GrpcClientProtocolClient (GrpcClientProtocolClient.java:onNext(255)) - client-CECA27ED65B5->8cac6937-780c-4459-964a-dea4dcd51fd7: receive RaftClientReply:client-CECA27ED65B5->8cac6937-780c-4459-964a-dea4dcd51fd7@group-D84C501198B9, cid=3666, SUCCESS, logIndex=5514, commits[8cac6937-780c-4459-964a-dea4dcd51fd7:c5516, 9ed8676d-9460-465d-9905-fd43a52295f6:c5512, da64134c-6992-4903-9407-7df321e464db:c5512]
2019-07-09 09:59:40,662 INFO  client.GrpcClientProtocolClient (GrpcClientProtocolClient.java:onNext(255)) - client-CECA27ED65B5->8cac6937-780c-4459-964a-dea4dcd51fd7: receive RaftClientReply:client-CECA27ED65B5->8cac6937-780c-4459-964a-dea4dcd51fd7@group-D84C501198B9, cid=3667, SUCCESS, logIndex=5515, commits[8cac6937-780c-4459-964a-dea4dcd51fd7:c5516, 9ed8676d-9460-465d-9905-fd43a52295f6:c5512, da64134c-6992-4903-9407-7df321e464db:c5512]
2019-07-09 09:59:40,663 INFO  client.GrpcClientProtocolClient (GrpcClientProtocolClient.java:onNext(255)) - client-CECA27ED65B5->8cac6937-780c-4459-964a-dea4dcd51fd7: receive RaftClientReply:client-CECA27ED65B5->8cac6937-780c-4459-964a-dea4dcd51fd7@group-D84C501198B9, cid=3668, SUCCESS, logIndex=5516, commits[8cac6937-780c-4459-964a-dea4dcd51fd7:c5516, 9ed8676d-9460-465d-9905-fd43a52295f6:c5512, da64134c-6992-4903-9407-7df321e464db:c5512]
2019-07-09 09:59:40,664 INFO  client.GrpcClientProtocolClient (GrpcClientProtocolClient.java:onNext(255)) - client-CECA27ED65B5->8cac6937-780c-4459-964a-dea4dcd51fd7: receive RaftClientReply:client-CECA27ED65B5->8cac6937-780c-4459-964a-dea4dcd51fd7@group-D84C501198B9, cid=3669, SUCCESS, logIndex=0, commits[8cac6937-780c-4459-964a-dea4dcd51fd7:c5517, 9ed8676d-9460-465d-9905-fd43a52295f6:c5514, da64134c-6992-4903-9407-7df321e464db:c5514]
2019-07-09 09:59:40,687 INFO  client.GrpcClientProtocolClient (GrpcClientProtocolClient.java:onNext(255)) - client-CECA27ED65B5->8cac6937-780c-4459-964a-dea4dcd51fd7: receive RaftClientReply:client-CECA27ED65B5->8cac6937-780c-4459-964a-dea4dcd51fd7@group-D84C501198B9, cid=3670, SUCCESS, logIndex=5520, commits[8cac6937-780c-4459-964a-dea4dcd51fd7:c5521, 9ed8676d-9460-465d-9905-fd43a52295f6:c5519, da64134c-6992-4903-9407-7df321e464db:c5519]
2019-07-09 09:59:40,688 INFO  client.GrpcClientProtocolClient (GrpcClientProtocolClient.java:onNext(255)) - client-CECA27ED65B5->8cac6937-780c-4459-964a-dea4dcd51fd7: receive RaftClientReply:client-CECA27ED65B5->8cac6937-780c-4459-964a-dea4dcd51fd7@group-D84C501198B9, cid=3671, SUCCESS, logIndex=5521, commits[8cac6937-780c-4459-964a-dea4dcd51fd7:c5521, 9ed8676d-9460-465d-9905-fd43a52295f6:c5519, da64134c-6992-4903-9407-7df321e464db:c5519]
2019-07-09 09:59:40,700 INFO  client.GrpcClientProtocolClient (GrpcClientProtocolClient.java:onNext(255)) - client-CECA27ED65B5->8cac6937-780c-4459-964a-dea4dcd51fd7: receive RaftClientReply:client-CECA27ED65B5->8cac6937-780c-4459-964a-dea4dcd51fd7@group-D84C501198B9, cid=3672, SUCCESS, logIndex=5524, commits[8cac6937-780c-4459-964a-dea4dcd51fd7:c5525, 9ed8676d-9460-465d-9905-fd43a52295f6:c5521, da64134c-6992-4903-9407-7df321e464db:c5521]
2019-07-09 09:59:40,701 INFO  client.GrpcClientProtocolClient (GrpcClientProtocolClient.java:onNext(255)) - client-CECA27ED65B5->8cac6937-780c-4459-964a-dea4dcd51fd7: receive RaftClientReply:client-CECA27ED65B5->8cac6937-780c-4459-964a-dea4dcd51fd7@group-D84C501198B9, cid=3673, SUCCESS, logIndex=5525, commits[8cac6937-780c-4459-964a-dea4dcd51fd7:c5525, 9ed8676d-9460-465d-9905-fd43a52295f6:c5521, da64134c-6992-4903-9407-7df321e464db:c5521]
2019-07-09 09:59:40,714 INFO  client.GrpcClientProtocolClient (GrpcClientProtocolClient.java:onNext(255)) - client-CECA27ED65B5->8cac6937-780c-4459-964a-dea4dcd51fd7: receive RaftClientReply:client-CECA27ED65B5->8cac6937-780c-4459-964a-dea4dcd51fd7@group-D84C501198B9, cid=3674, SUCCESS, logIndex=0, commits[8cac6937-780c-4459-964a-dea4dcd51fd7:c5526, 9ed8676d-9460-465d-9905-fd43a52295f6:c5525, da64134c-6992-4903-9407-7df321e464db:c5525]
2019-07-09 09:59:40,744 INFO  client.GrpcClientProtocolClient (GrpcClientProtocolClient.java:onNext(255)) - client-CECA27ED65B5->8cac6937-780c-4459-964a-dea4dcd51fd7: receive RaftClientReply:client-CECA27ED65B5->8cac6937-780c-4459-964a-dea4dcd51fd7@group-D84C501198B9, cid=3675, SUCCESS, logIndex=5528, commits[8cac6937-780c-4459-964a-dea4dcd51fd7:c5530, 9ed8676d-9460-465d-9905-fd43a52295f6:c5527, da64134c-6992-4903-9407-7df321e464db:c5527]
2019-07-09 09:59:40,745 INFO  client.GrpcClientProtocolClient (GrpcClientProtocolClient.java:onNext(255)) - client-CECA27ED65B5->8cac6937-780c-4459-964a-dea4dcd51fd7: receive RaftClientReply:client-CECA27ED65B5->8cac6937-780c-4459-964a-dea4dcd51fd7@group-D84C501198B9, cid=3676, SUCCESS, logIndex=5529, commits[8cac6937-780c-4459-964a-dea4dcd51fd7:c5531, 9ed8676d-9460-465d-9905-fd43a52295f6:c5527, da64134c-6992-4903-9407-7df321e464db:c5527]
2019-07-09 09:59:40,745 INFO  client.GrpcClientProtocolClient (GrpcClientProtocolClient.java:onNext(255)) - client-CECA27ED65B5->8cac6937-780c-4459-964a-dea4dcd51fd7: receive RaftClientReply:client-CECA27ED65B5->8cac6937-780c-4459-964a-dea4dcd51fd7@group-D84C501198B9, cid=3677, SUCCESS, logIndex=5530, commits[8cac6937-780c-4459-964a-dea4dcd51fd7:c5531, 9ed8676d-9460-465d-9905-fd43a52295f6:c5527, da64134c-6992-4903-9407-7df321e464db:c5527]
2019-07-09 09:59:40,746 INFO  client.GrpcClientProtocolClient (GrpcClientProtocolClient.java:onNext(255)) - client-CECA27ED65B5->8cac6937-780c-4459-964a-dea4dcd51fd7: receive RaftClientReply:client-CECA27ED65B5->8cac6937-780c-4459-964a-dea4dcd51fd7@group-D84C501198B9, cid=3678, SUCCESS, logIndex=5531, commits[8cac6937-780c-4459-964a-dea4dcd51fd7:c5531, 9ed8676d-9460-465d-9905-fd43a52295f6:c5527, da64134c-6992-4903-9407-7df321e464db:c5528]
2019-07-09 09:59:40,746 INFO  client.GrpcClientProtocolClient (GrpcClientProtocolClient.java:onNext(255)) - client-CECA27ED65B5->8cac6937-780c-4459-964a-dea4dcd51fd7: receive RaftClientReply:client-CECA27ED65B5->8cac6937-780c-4459-964a-dea4dcd51fd7@group-D84C501198B9, cid=3679, SUCCESS, logIndex=0, commits[8cac6937-780c-4459-964a-dea4dcd51fd7:c5533, 9ed8676d-9460-465d-9905-fd43a52295f6:c5529, da64134c-6992-4903-9407-7df321e464db:c5530]
2019-07-09 09:59:40,766 INFO  client.GrpcClientProtocolClient (GrpcClientProtocolClient.java:onNext(255)) - client-CECA27ED65B5->8cac6937-780c-4459-964a-dea4dcd51fd7: receive RaftClientReply:client-CECA27ED65B5->8cac6937-780c-4459-964a-dea4dcd51fd7@group-D84C501198B9, cid=3680, SUCCESS, logIndex=5536, commits[8cac6937-780c-4459-964a-dea4dcd51fd7:c5537, 9ed8676d-9460-465d-9905-fd43a52295f6:c5535, da64134c-6992-4903-9407-7df321e464db:c5535]
2019-07-09 09:59:40,767 INFO  client.GrpcClientProtocolClient (GrpcClientProtocolClient.java:onNext(255)) - client-CECA27ED65B5->8cac6937-780c-4459-964a-dea4dcd51fd7: receive RaftClientReply:client-CECA27ED65B5->8cac6937-780c-4459-964a-dea4dcd51fd7@group-D84C501198B9, cid=3681, SUCCESS, logIndex=5537, commits[8cac6937-780c-4459-964a-dea4dcd51fd7:c5537, 9ed8676d-9460-465d-9905-fd43a52295f6:c5535, da64134c-6992-4903-9407-7df321e464db:c5535]
2019-07-09 09:59:40,779 INFO  client.GrpcClientProtocolClient (GrpcClientProtocolClient.java:onNext(255)) - client-CECA27ED65B5->8cac6937-780c-4459-964a-dea4dcd51fd7: receive RaftClientReply:client-CECA27ED65B5->8cac6937-780c-4459-964a-dea4dcd51fd7@group-D84C501198B9, cid=3682, SUCCESS, logIndex=5540, commits[8cac6937-780c-4459-964a-dea4dcd51fd7:c5541, 9ed8676d-9460-465d-9905-fd43a52295f6:c5537, da64134c-6992-4903-9407-7df321e464db:c5537]
2019-07-09 09:59:40,779 INFO  client.GrpcClientProtocolClient (GrpcClientProtocolClient.java:onNext(255)) - client-CECA27ED65B5->8cac6937-780c-4459-964a-dea4dcd51fd7: receive RaftClientReply:client-CECA27ED65B5->8cac6937-780c-4459-964a-dea4dcd51fd7@group-D84C501198B9, cid=3683, SUCCESS, logIndex=5541, commits[8cac6937-780c-4459-964a-dea4dcd51fd7:c5541, 9ed8676d-9460-465d-9905-fd43a52295f6:c5537, da64134c-6992-4903-9407-7df321e464db:c5537]
2019-07-09 09:59:40,792 INFO  client.GrpcClientProtocolClient (GrpcClientProtocolClient.java:onNext(255)) - client-CECA27ED65B5->8cac6937-780c-4459-964a-dea4dcd51fd7: receive RaftClientReply:client-CECA27ED65B5->8cac6937-780c-4459-964a-dea4dcd51fd7@group-D84C501198B9, cid=3684, SUCCESS, logIndex=0, commits[8cac6937-780c-4459-964a-dea4dcd51fd7:c5543, 9ed8676d-9460-465d-9905-fd43a52295f6:c5541, da64134c-6992-4903-9407-7df321e464db:c5541]
2019-07-09 09:59:40,826 INFO  client.GrpcClientProtocolClient (GrpcClientProtocolClient.java:onNext(255)) - client-CECA27ED65B5->8cac6937-780c-4459-964a-dea4dcd51fd7: receive RaftClientReply:client-CECA27ED65B5->8cac6937-780c-4459-964a-dea4dcd51fd7@group-D84C501198B9, cid=3685, SUCCESS, logIndex=5544, commits[8cac6937-780c-4459-964a-dea4dcd51fd7:c5545, 9ed8676d-9460-465d-9905-fd43a52295f6:c5543, da64134c-6992-4903-9407-7df321e464db:c5543]
2019-07-09 09:59:40,827 INFO  client.GrpcClientProtocolClient (GrpcClientProtocolClient.java:onNext(255)) - client-CECA27ED65B5->8cac6937-780c-4459-964a-dea4dcd51fd7: receive RaftClientReply:client-CECA27ED65B5->8cac6937-780c-4459-964a-dea4dcd51fd7@group-D84C501198B9, cid=3686, SUCCESS, logIndex=5545, commits[8cac6937-780c-4459-964a-dea4dcd51fd7:c5547, 9ed8676d-9460-465d-9905-fd43a52295f6:c5543, da64134c-6992-4903-9407-7df321e464db:c5543]
2019-07-09 09:59:40,827 INFO  client.GrpcClientProtocolClient (GrpcClientProtocolClient.java:onNext(255)) - client-CECA27ED65B5->8cac6937-780c-4459-964a-dea4dcd51fd7: receive RaftClientReply:client-CECA27ED65B5->8cac6937-780c-4459-964a-dea4dcd51fd7@group-D84C501198B9, cid=3687, SUCCESS, logIndex=5546, commits[8cac6937-780c-4459-964a-dea4dcd51fd7:c5547, 9ed8676d-9460-465d-9905-fd43a52295f6:c5543, da64134c-6992-4903-9407-7df321e464db:c5543]
2019-07-09 09:59:40,827 INFO  client.GrpcClientProtocolClient (GrpcClientProtocolClient.java:onNext(255)) - client-CECA27ED65B5->8cac6937-780c-4459-964a-dea4dcd51fd7: receive RaftClientReply:client-CECA27ED65B5->8cac6937-780c-4459-964a-dea4dcd51fd7@group-D84C501198B9, cid=3688, SUCCESS, logIndex=5547, commits[8cac6937-780c-4459-964a-dea4dcd51fd7:c5547, 9ed8676d-9460-465d-9905-fd43a52295f6:c5543, da64134c-6992-4903-9407-7df321e464db:c5543]
2019-07-09 09:59:40,851 INFO  client.GrpcClientProtocolClient (GrpcClientProtocolClient.java:onNext(255)) - client-CECA27ED65B5->8cac6937-780c-4459-964a-dea4dcd51fd7: receive RaftClientReply:client-CECA27ED65B5->8cac6937-780c-4459-964a-dea4dcd51fd7@group-D84C501198B9, cid=3689, SUCCESS, logIndex=0, commits[8cac6937-780c-4459-964a-dea4dcd51fd7:c5549, 9ed8676d-9460-465d-9905-fd43a52295f6:c5545, da64134c-6992-4903-9407-7df321e464db:c5545]
2019-07-09 09:59:40,867 INFO  client.GrpcClientProtocolClient (GrpcClientProtocolClient.java:onNext(255)) - client-CECA27ED65B5->8cac6937-780c-4459-964a-dea4dcd51fd7: receive RaftClientReply:client-CECA27ED65B5->8cac6937-780c-4459-964a-dea4dcd51fd7@group-D84C501198B9, cid=3690, SUCCESS, logIndex=5552, commits[8cac6937-780c-4459-964a-dea4dcd51fd7:c5553, 9ed8676d-9460-465d-9905-fd43a52295f6:c5551, da64134c-6992-4903-9407-7df321e464db:c5551]
2019-07-09 09:59:40,867 INFO  client.GrpcClientProtocolClient (GrpcClientProtocolClient.java:onNext(255)) - client-CECA27ED65B5->8cac6937-780c-4459-964a-dea4dcd51fd7: receive RaftClientReply:client-CECA27ED65B5->8cac6937-780c-4459-964a-dea4dcd51fd7@group-D84C501198B9, cid=3691, SUCCESS, logIndex=5553, commits[8cac6937-780c-4459-964a-dea4dcd51fd7:c5553, 9ed8676d-9460-465d-9905-fd43a52295f6:c5551, da64134c-6992-4903-9407-7df321e464db:c5551]
2019-07-09 09:59:40,880 INFO  client.GrpcClientProtocolClient (GrpcClientProtocolClient.java:onNext(255)) - client-CECA27ED65B5->8cac6937-780c-4459-964a-dea4dcd51fd7: receive RaftClientReply:client-CECA27ED65B5->8cac6937-780c-4459-964a-dea4dcd51fd7@group-D84C501198B9, cid=3692, SUCCESS, logIndex=5556, commits[8cac6937-780c-4459-964a-dea4dcd51fd7:c5557, 9ed8676d-9460-465d-9905-fd43a52295f6:c5553, da64134c-6992-4903-9407-7df321e464db:c5553]
2019-07-09 09:59:40,880 INFO  client.GrpcClientProtocolClient (GrpcClientProtocolClient.java:onNext(255)) - client-CECA27ED65B5->8cac6937-780c-4459-964a-dea4dcd51fd7: receive RaftClientReply:client-CECA27ED65B5->8cac6937-780c-4459-964a-dea4dcd51fd7@group-D84C501198B9, cid=3693, SUCCESS, logIndex=5557, commits[8cac6937-780c-4459-964a-dea4dcd51fd7:c5557, 9ed8676d-9460-465d-9905-fd43a52295f6:c5553, da64134c-6992-4903-9407-7df321e464db:c5553]
2019-07-09 09:59:40,892 INFO  client.GrpcClientProtocolClient (GrpcClientProtocolClient.java:onNext(255)) - client-CECA27ED65B5->8cac6937-780c-4459-964a-dea4dcd51fd7: receive RaftClientReply:client-CECA27ED65B5->8cac6937-780c-4459-964a-dea4dcd51fd7@group-D84C501198B9, cid=3694, SUCCESS, logIndex=0, commits[8cac6937-780c-4459-964a-dea4dcd51fd7:c5559, 9ed8676d-9460-465d-9905-fd43a52295f6:c5557, da64134c-6992-4903-9407-7df321e464db:c5557]
2019-07-09 09:59:40,921 INFO  client.GrpcClientProtocolClient (GrpcClientProtocolClient.java:onNext(255)) - client-CECA27ED65B5->8cac6937-780c-4459-964a-dea4dcd51fd7: receive RaftClientReply:client-CECA27ED65B5->8cac6937-780c-4459-964a-dea4dcd51fd7@group-D84C501198B9, cid=3695, SUCCESS, logIndex=5560, commits[8cac6937-780c-4459-964a-dea4dcd51fd7:c5561, 9ed8676d-9460-465d-9905-fd43a52295f6:c5559, da64134c-6992-4903-9407-7df321e464db:c5559]
2019-07-09 09:59:40,922 INFO  client.GrpcClientProtocolClient (GrpcClientProtocolClient.java:onNext(255)) - client-CECA27ED65B5->8cac6937-780c-4459-964a-dea4dcd51fd7: receive RaftClientReply:client-CECA27ED65B5->8cac6937-780c-4459-964a-dea4dcd51fd7@group-D84C501198B9, cid=3696, SUCCESS, logIndex=5561, commits[8cac6937-780c-4459-964a-dea4dcd51fd7:c5563, 9ed8676d-9460-465d-9905-fd43a52295f6:c5559, da64134c-6992-4903-9407-7df321e464db:c5559]
2019-07-09 09:59:40,922 INFO  client.GrpcClientProtocolClient (GrpcClientProtocolClient.java:onNext(255)) - client-CECA27ED65B5->8cac6937-780c-4459-964a-dea4dcd51fd7: receive RaftClientReply:client-CECA27ED65B5->8cac6937-780c-4459-964a-dea4dcd51fd7@group-D84C501198B9, cid=3697, SUCCESS, logIndex=5562, commits[8cac6937-780c-4459-964a-dea4dcd51fd7:c5563, 9ed8676d-9460-465d-9905-fd43a52295f6:c5559, da64134c-6992-4903-9407-7df321e464db:c5559]
2019-07-09 09:59:40,923 INFO  client.GrpcClientProtocolClient (GrpcClientProtocolClient.java:onNext(255)) - client-CECA27ED65B5->8cac6937-780c-4459-964a-dea4dcd51fd7: receive RaftClientReply:client-CECA27ED65B5->8cac6937-780c-4459-964a-dea4dcd51fd7@group-D84C501198B9, cid=3698, SUCCESS, logIndex=5563, commits[8cac6937-780c-4459-964a-dea4dcd51fd7:c5563, 9ed8676d-9460-465d-9905-fd43a52295f6:c5559, da64134c-6992-4903-9407-7df321e464db:c5559]
2019-07-09 09:59:40,924 INFO  client.GrpcClientProtocolClient (GrpcClientProtocolClient.java:onNext(255)) - client-CECA27ED65B5->8cac6937-780c-4459-964a-dea4dcd51fd7: receive RaftClientReply:client-CECA27ED65B5->8cac6937-780c-4459-964a-dea4dcd51fd7@group-D84C501198B9, cid=3699, SUCCESS, logIndex=0, commits[8cac6937-780c-4459-964a-dea4dcd51fd7:c5565, 9ed8676d-9460-465d-9905-fd43a52295f6:c5561, da64134c-6992-4903-9407-7df321e464db:c5561]
2019-07-09 09:59:40,944 INFO  client.GrpcClientProtocolClient (GrpcClientProtocolClient.java:onNext(255)) - client-CECA27ED65B5->8cac6937-780c-4459-964a-dea4dcd51fd7: receive RaftClientReply:client-CECA27ED65B5->8cac6937-780c-4459-964a-dea4dcd51fd7@group-D84C501198B9, cid=3700, SUCCESS, logIndex=5567, commits[8cac6937-780c-4459-964a-dea4dcd51fd7:c5568, 9ed8676d-9460-465d-9905-fd43a52295f6:c5566, da64134c-6992-4903-9407-7df321e464db:c5566]
2019-07-09 09:59:40,944 INFO  client.GrpcClientProtocolClient (GrpcClientProtocolClient.java:onNext(255)) - client-CECA27ED65B5->8cac6937-780c-4459-964a-dea4dcd51fd7: receive RaftClientReply:client-CECA27ED65B5->8cac6937-780c-4459-964a-dea4dcd51fd7@group-D84C501198B9, cid=3701, SUCCESS, logIndex=5568, commits[8cac6937-780c-4459-964a-dea4dcd51fd7:c5568, 9ed8676d-9460-465d-9905-fd43a52295f6:c5566, da64134c-6992-4903-9407-7df321e464db:c5566]
2019-07-09 09:59:40,957 INFO  client.GrpcClientProtocolClient (GrpcClientProtocolClient.java:onNext(255)) - client-CECA27ED65B5->8cac6937-780c-4459-964a-dea4dcd51fd7: receive RaftClientReply:client-CECA27ED65B5->8cac6937-780c-4459-964a-dea4dcd51fd7@group-D84C501198B9, cid=3702, SUCCESS, logIndex=5570, commits[8cac6937-780c-4459-964a-dea4dcd51fd7:c5571, 9ed8676d-9460-465d-9905-fd43a52295f6:c5568, da64134c-6992-4903-9407-7df321e464db:c5568]
2019-07-09 09:59:40,958 INFO  client.GrpcClientProtocolClient (GrpcClientProtocolClient.java:onNext(255)) - client-CECA27ED65B5->8cac6937-780c-4459-964a-dea4dcd51fd7: receive RaftClientReply:client-CECA27ED65B5->8cac6937-780c-4459-964a-dea4dcd51fd7@group-D84C501198B9, cid=3703, SUCCESS, logIndex=5571, commits[8cac6937-780c-4459-964a-dea4dcd51fd7:c5571, 9ed8676d-9460-465d-9905-fd43a52295f6:c5568, da64134c-6992-4903-9407-7df321e464db:c5568]
2019-07-09 09:59:40,970 INFO  client.GrpcClientProtocolClient (GrpcClientProtocolClient.java:onNext(255)) - client-CECA27ED65B5->8cac6937-780c-4459-964a-dea4dcd51fd7: receive RaftClientReply:client-CECA27ED65B5->8cac6937-780c-4459-964a-dea4dcd51fd7@group-D84C501198B9, cid=3704, SUCCESS, logIndex=0, commits[8cac6937-780c-4459-964a-dea4dcd51fd7:c5573, 9ed8676d-9460-465d-9905-fd43a52295f6:c5571, da64134c-6992-4903-9407-7df321e464db:c5571]
2019-07-09 09:59:41,001 INFO  client.GrpcClientProtocolClient (GrpcClientProtocolClient.java:onNext(255)) - client-CECA27ED65B5->8cac6937-780c-4459-964a-dea4dcd51fd7: receive RaftClientReply:client-CECA27ED65B5->8cac6937-780c-4459-964a-dea4dcd51fd7@group-D84C501198B9, cid=3705, SUCCESS, logIndex=5574, commits[8cac6937-780c-4459-964a-dea4dcd51fd7:c5575, 9ed8676d-9460-465d-9905-fd43a52295f6:c5573, da64134c-6992-4903-9407-7df321e464db:c5573]
2019-07-09 09:59:41,002 INFO  client.GrpcClientProtocolClient (GrpcClientProtocolClient.java:onNext(255)) - client-CECA27ED65B5->8cac6937-780c-4459-964a-dea4dcd51fd7: receive RaftClientReply:client-CECA27ED65B5->8cac6937-780c-4459-964a-dea4dcd51fd7@group-D84C501198B9, cid=3706, SUCCESS, logIndex=5575, commits[8cac6937-780c-4459-964a-dea4dcd51fd7:c5577, 9ed8676d-9460-465d-9905-fd43a52295f6:c5573, da64134c-6992-4903-9407-7df321e464db:c5573]
2019-07-09 09:59:41,002 INFO  client.GrpcClientProtocolClient (GrpcClientProtocolClient.java:onNext(255)) - client-CECA27ED65B5->8cac6937-780c-4459-964a-dea4dcd51fd7: receive RaftClientReply:client-CECA27ED65B5->8cac6937-780c-4459-964a-dea4dcd51fd7@group-D84C501198B9, cid=3707, SUCCESS, logIndex=5576, commits[8cac6937-780c-4459-964a-dea4dcd51fd7:c5577, 9ed8676d-9460-465d-9905-fd43a52295f6:c5573, da64134c-6992-4903-9407-7df321e464db:c5573]
2019-07-09 09:59:41,002 INFO  client.GrpcClientProtocolClient (GrpcClientProtocolClient.java:onNext(255)) - client-CECA27ED65B5->8cac6937-780c-4459-964a-dea4dcd51fd7: receive RaftClientReply:client-CECA27ED65B5->8cac6937-780c-4459-964a-dea4dcd51fd7@group-D84C501198B9, cid=3708, SUCCESS, logIndex=5577, commits[8cac6937-780c-4459-964a-dea4dcd51fd7:c5577, 9ed8676d-9460-465d-9905-fd43a52295f6:c5573, da64134c-6992-4903-9407-7df321e464db:c5573]
2019-07-09 09:59:41,003 INFO  client.GrpcClientProtocolClient (GrpcClientProtocolClient.java:onNext(255)) - client-CECA27ED65B5->8cac6937-780c-4459-964a-dea4dcd51fd7: receive RaftClientReply:client-CECA27ED65B5->8cac6937-780c-4459-964a-dea4dcd51fd7@group-D84C501198B9, cid=3709, SUCCESS, logIndex=0, commits[8cac6937-780c-4459-964a-dea4dcd51fd7:c5579, 9ed8676d-9460-465d-9905-fd43a52295f6:c5575, da64134c-6992-4903-9407-7df321e464db:c5575]
2019-07-09 09:59:41,024 INFO  client.GrpcClientProtocolClient (GrpcClientProtocolClient.java:onNext(255)) - client-CECA27ED65B5->8cac6937-780c-4459-964a-dea4dcd51fd7: receive RaftClientReply:client-CECA27ED65B5->8cac6937-780c-4459-964a-dea4dcd51fd7@group-D84C501198B9, cid=3710, SUCCESS, logIndex=5582, commits[8cac6937-780c-4459-964a-dea4dcd51fd7:c5583, 9ed8676d-9460-465d-9905-fd43a52295f6:c5581, da64134c-6992-4903-9407-7df321e464db:c5581]
2019-07-09 09:59:41,025 INFO  client.GrpcClientProtocolClient (GrpcClientProtocolClient.java:onNext(255)) - client-CECA27ED65B5->8cac6937-780c-4459-964a-dea4dcd51fd7: receive RaftClientReply:client-CECA27ED65B5->8cac6937-780c-4459-964a-dea4dcd51fd7@group-D84C501198B9, cid=3711, SUCCESS, logIndex=5583, commits[8cac6937-780c-4459-964a-dea4dcd51fd7:c5583, 9ed8676d-9460-465d-9905-fd43a52295f6:c5581, da64134c-6992-4903-9407-7df321e464db:c5581]
2019-07-09 09:59:41,037 INFO  client.GrpcClientProtocolClient (GrpcClientProtocolClient.java:onNext(255)) - client-CECA27ED65B5->8cac6937-780c-4459-964a-dea4dcd51fd7: receive RaftClientReply:client-CECA27ED65B5->8cac6937-780c-4459-964a-dea4dcd51fd7@group-D84C501198B9, cid=3712, SUCCESS, logIndex=5586, commits[8cac6937-780c-4459-964a-dea4dcd51fd7:c5587, 9ed8676d-9460-465d-9905-fd43a52295f6:c5582, da64134c-6992-4903-9407-7df321e464db:c5583]
2019-07-09 09:59:41,038 INFO  client.GrpcClientProtocolClient (GrpcClientProtocolClient.java:onNext(255)) - client-CECA27ED65B5->8cac6937-780c-4459-964a-dea4dcd51fd7: receive RaftClientReply:client-CECA27ED65B5->8cac6937-780c-4459-964a-dea4dcd51fd7@group-D84C501198B9, cid=3713, SUCCESS, logIndex=5587, commits[8cac6937-780c-4459-964a-dea4dcd51fd7:c5587, 9ed8676d-9460-465d-9905-fd43a52295f6:c5583, da64134c-6992-4903-9407-7df321e464db:c5583]
2019-07-09 09:59:41,039 INFO  client.GrpcClientProtocolClient (GrpcClientProtocolClient.java:onNext(255)) - client-CECA27ED65B5->8cac6937-780c-4459-964a-dea4dcd51fd7: receive RaftClientReply:client-CECA27ED65B5->8cac6937-780c-4459-964a-dea4dcd51fd7@group-D84C501198B9, cid=3714, SUCCESS, logIndex=0, commits[8cac6937-780c-4459-964a-dea4dcd51fd7:c5588, 9ed8676d-9460-465d-9905-fd43a52295f6:c5587, da64134c-6992-4903-9407-7df321e464db:c5587]
2019-07-09 09:59:41,075 INFO  client.GrpcClientProtocolClient (GrpcClientProtocolClient.java:onNext(255)) - client-CECA27ED65B5->8cac6937-780c-4459-964a-dea4dcd51fd7: receive RaftClientReply:client-CECA27ED65B5->8cac6937-780c-4459-964a-dea4dcd51fd7@group-D84C501198B9, cid=3715, SUCCESS, logIndex=5590, commits[8cac6937-780c-4459-964a-dea4dcd51fd7:c5591, 9ed8676d-9460-465d-9905-fd43a52295f6:c5589, da64134c-6992-4903-9407-7df321e464db:c5589]
2019-07-09 09:59:41,076 INFO  client.GrpcClientProtocolClient (GrpcClientProtocolClient.java:onNext(255)) - client-CECA27ED65B5->8cac6937-780c-4459-964a-dea4dcd51fd7: receive RaftClientReply:client-CECA27ED65B5->8cac6937-780c-4459-964a-dea4dcd51fd7@group-D84C501198B9, cid=3716, SUCCESS, logIndex=5591, commits[8cac6937-780c-4459-964a-dea4dcd51fd7:c5592, 9ed8676d-9460-465d-9905-fd43a52295f6:c5589, da64134c-6992-4903-9407-7df321e464db:c5589]
2019-07-09 09:59:41,077 INFO  client.GrpcClientProtocolClient (GrpcClientProtocolClient.java:onNext(255)) - client-CECA27ED65B5->8cac6937-780c-4459-964a-dea4dcd51fd7: receive RaftClientReply:client-CECA27ED65B5->8cac6937-780c-4459-964a-dea4dcd51fd7@group-D84C501198B9, cid=3717, SUCCESS, logIndex=5592, commits[8cac6937-780c-4459-964a-dea4dcd51fd7:c5593, 9ed8676d-9460-465d-9905-fd43a52295f6:c5589, da64134c-6992-4903-9407-7df321e464db:c5589]
2019-07-09 09:59:41,077 INFO  client.GrpcClientProtocolClient (GrpcClientProtocolClient.java:onNext(255)) - client-CECA27ED65B5->8cac6937-780c-4459-964a-dea4dcd51fd7: receive RaftClientReply:client-CECA27ED65B5->8cac6937-780c-4459-964a-dea4dcd51fd7@group-D84C501198B9, cid=3718, SUCCESS, logIndex=5593, commits[8cac6937-780c-4459-964a-dea4dcd51fd7:c5593, 9ed8676d-9460-465d-9905-fd43a52295f6:c5589, da64134c-6992-4903-9407-7df321e464db:c5589]
2019-07-09 09:59:41,078 INFO  client.GrpcClientProtocolClient (GrpcClientProtocolClient.java:onNext(255)) - client-CECA27ED65B5->8cac6937-780c-4459-964a-dea4dcd51fd7: receive RaftClientReply:client-CECA27ED65B5->8cac6937-780c-4459-964a-dea4dcd51fd7@group-D84C501198B9, cid=3719, SUCCESS, logIndex=0, commits[8cac6937-780c-4459-964a-dea4dcd51fd7:c5595, 9ed8676d-9460-465d-9905-fd43a52295f6:c5591, da64134c-6992-4903-9407-7df321e464db:c5591]
2019-07-09 09:59:41,102 INFO  client.GrpcClientProtocolClient (GrpcClientProtocolClient.java:onNext(255)) - client-CECA27ED65B5->8cac6937-780c-4459-964a-dea4dcd51fd7: receive RaftClientReply:client-CECA27ED65B5->8cac6937-780c-4459-964a-dea4dcd51fd7@group-D84C501198B9, cid=3720, SUCCESS, logIndex=5598, commits[8cac6937-780c-4459-964a-dea4dcd51fd7:c5599, 9ed8676d-9460-465d-9905-fd43a52295f6:c5597, da64134c-6992-4903-9407-7df321e464db:c5597]
2019-07-09 09:59:41,102 INFO  client.GrpcClientProtocolClient (GrpcClientProtocolClient.java:onNext(255)) - client-CECA27ED65B5->8cac6937-780c-4459-964a-dea4dcd51fd7: receive RaftClientReply:client-CECA27ED65B5->8cac6937-780c-4459-964a-dea4dcd51fd7@group-D84C501198B9, cid=3721, SUCCESS, logIndex=5599, commits[8cac6937-780c-4459-964a-dea4dcd51fd7:c5599, 9ed8676d-9460-465d-9905-fd43a52295f6:c5597, da64134c-6992-4903-9407-7df321e464db:c5597]
2019-07-09 09:59:41,234 INFO  client.GrpcClientProtocolClient (GrpcClientProtocolClient.java:onNext(255)) - client-CECA27ED65B5->8cac6937-780c-4459-964a-dea4dcd51fd7: receive RaftClientReply:client-CECA27ED65B5->8cac6937-780c-4459-964a-dea4dcd51fd7@group-D84C501198B9, cid=3722, SUCCESS, logIndex=5602, commits[8cac6937-780c-4459-964a-dea4dcd51fd7:c5603, 9ed8676d-9460-465d-9905-fd43a52295f6:c5599, da64134c-6992-4903-9407-7df321e464db:c5599]
2019-07-09 09:59:41,234 INFO  client.GrpcClientProtocolClient (GrpcClientProtocolClient.java:onNext(255)) - client-CECA27ED65B5->8cac6937-780c-4459-964a-dea4dcd51fd7: receive RaftClientReply:client-CECA27ED65B5->8cac6937-780c-4459-964a-dea4dcd51fd7@group-D84C501198B9, cid=3723, SUCCESS, logIndex=5603, commits[8cac6937-780c-4459-964a-dea4dcd51fd7:c5603, 9ed8676d-9460-465d-9905-fd43a52295f6:c5599, da64134c-6992-4903-9407-7df321e464db:c5599]
 0.00% |█                                                                                                    |  0/1 Time: 0:00:332019-07-09 09:59:41,726 INFO  client.GrpcClientProtocolClient (GrpcClientProtocolClient.java:onNext(255)) - client-CECA27ED65B5->8cac6937-780c-4459-964a-dea4dcd51fd7: receive RaftClientReply:client-CECA27ED65B5->8cac6937-780c-4459-964a-dea4dcd51fd7@group-D84C501198B9, cid=3724, SUCCESS, logIndex=0, commits[8cac6937-780c-4459-964a-dea4dcd51fd7:c5604, 9ed8676d-9460-465d-9905-fd43a52295f6:c5603, da64134c-6992-4903-9407-7df321e464db:c5603]
 0.00% |█                                                                                                    |  0/1 Time: 0:00:342019-07-09 09:59:43,155 INFO  client.GrpcClientProtocolClient (GrpcClientProtocolClient.java:onNext(255)) - client-CECA27ED65B5->8cac6937-780c-4459-964a-dea4dcd51fd7: receive RaftClientReply:client-CECA27ED65B5->8cac6937-780c-4459-964a-dea4dcd51fd7@group-D84C501198B9, cid=3725, SUCCESS, logIndex=5606, commits[8cac6937-780c-4459-964a-dea4dcd51fd7:c5607, 9ed8676d-9460-465d-9905-fd43a52295f6:c5603, da64134c-6992-4903-9407-7df321e464db:c5604]
2019-07-09 09:59:43,156 INFO  client.GrpcClientProtocolClient (GrpcClientProtocolClient.java:onNext(255)) - client-CECA27ED65B5->8cac6937-780c-4459-964a-dea4dcd51fd7: receive RaftClientReply:client-CECA27ED65B5->8cac6937-780c-4459-964a-dea4dcd51fd7@group-D84C501198B9, cid=3726, SUCCESS, logIndex=5607, commits[8cac6937-780c-4459-964a-dea4dcd51fd7:c5609, 9ed8676d-9460-465d-9905-fd43a52295f6:c5605, da64134c-6992-4903-9407-7df321e464db:c5605]
2019-07-09 09:59:43,156 INFO  client.GrpcClientProtocolClient (GrpcClientProtocolClient.java:onNext(255)) - client-CECA27ED65B5->8cac6937-780c-4459-964a-dea4dcd51fd7: receive RaftClientReply:client-CECA27ED65B5->8cac6937-780c-4459-964a-dea4dcd51fd7@group-D84C501198B9, cid=3727, SUCCESS, logIndex=5608, commits[8cac6937-780c-4459-964a-dea4dcd51fd7:c5609, 9ed8676d-9460-465d-9905-fd43a52295f6:c5605, da64134c-6992-4903-9407-7df321e464db:c5605]
2019-07-09 09:59:43,156 INFO  client.GrpcClientProtocolClient (GrpcClientProtocolClient.java:onNext(255)) - client-CECA27ED65B5->8cac6937-780c-4459-964a-dea4dcd51fd7: receive RaftClientReply:client-CECA27ED65B5->8cac6937-780c-4459-964a-dea4dcd51fd7@group-D84C501198B9, cid=3728, SUCCESS, logIndex=5609, commits[8cac6937-780c-4459-964a-dea4dcd51fd7:c5609, 9ed8676d-9460-465d-9905-fd43a52295f6:c5605, da64134c-6992-4903-9407-7df321e464db:c5605]
 0.00% |█                                                                                                    |  0/1 Time: 0:00:35 0.00% |█                                                                                                    |  0/1 Time: 0:00:362019-07-09 09:59:44,753 WARN  server.GrpcLogAppender (GrpcLogAppender.java:timeoutAppendRequest(200)) - GrpcLogAppender(8cac6937-780c-4459-964a-dea4dcd51fd7->9ed8676d-9460-465d-9905-fd43a52295f6): appendEntries Timeout, request=8cac6937-780c-4459-964a-dea4dcd51fd7->9ed8676d-9460-465d-9905-fd43a52295f6#5648-t1, previous=(t:1, i:5607), leaderCommit=5604, initializing? false, entries: size=1, first=(t:1, i:5608), STATEMACHINELOGENTRY, client-CECA27ED65B5, cid=3727
2019-07-09 09:59:44,754 WARN  server.GrpcLogAppender (GrpcLogAppender.java:timeoutAppendRequest(200)) - GrpcLogAppender(8cac6937-780c-4459-964a-dea4dcd51fd7->9ed8676d-9460-465d-9905-fd43a52295f6): appendEntries Timeout, request=8cac6937-780c-4459-964a-dea4dcd51fd7->9ed8676d-9460-465d-9905-fd43a52295f6#5649-t1, previous=(t:1, i:5608), leaderCommit=5604, initializing? false, entries: size=1, first=(t:1, i:5609), STATEMACHINELOGENTRY, client-CECA27ED65B5, cid=3728
2019-07-09 09:59:45,253 WARN  server.GrpcLogAppender (GrpcLogAppender.java:timeoutAppendRequest(200)) - GrpcLogAppender(8cac6937-780c-4459-964a-dea4dcd51fd7->9ed8676d-9460-465d-9905-fd43a52295f6): appendEntries Timeout, request=8cac6937-780c-4459-964a-dea4dcd51fd7->9ed8676d-9460-465d-9905-fd43a52295f6#5650-t1, previous=(t:1, i:5609), leaderCommit=5604, initializing? false, entries: <empty>
 0.00% |█                                                                                                    |  0/1 Time: 0:00:372019-07-09 09:59:45,754 WARN  server.GrpcLogAppender (GrpcLogAppender.java:timeoutAppendRequest(200)) - GrpcLogAppender(8cac6937-780c-4459-964a-dea4dcd51fd7->9ed8676d-9460-465d-9905-fd43a52295f6): appendEntries Timeout, request=8cac6937-780c-4459-964a-dea4dcd51fd7->9ed8676d-9460-465d-9905-fd43a52295f6#5651-t1, previous=(t:1, i:5609), leaderCommit=5605, initializing? false, entries: <empty>
2019-07-09 09:59:46,103 WARN  server.GrpcLogAppender (GrpcLogAppender.java:onNextImpl(250)) - org.apache.ratis.grpc.server.GrpcLogAppender$AppendLogResponseHandler@68e0b736: Request not found, ignoring reply: 8cac6937-780c-4459-964a-dea4dcd51fd7<-9ed8676d-9460-465d-9905-fd43a52295f6#5648:OK,SUCCESS,nextIndex:5609,term:1,followerCommit:5607
2019-07-09 09:59:46,105 WARN  server.GrpcLogAppender (GrpcLogAppender.java:onNextImpl(250)) - org.apache.ratis.grpc.server.GrpcLogAppender$AppendLogResponseHandler@68e0b736: Request not found, ignoring reply: 8cac6937-780c-4459-964a-dea4dcd51fd7<-9ed8676d-9460-465d-9905-fd43a52295f6#5649:OK,SUCCESS,nextIndex:5610,term:1,followerCommit:5607
2019-07-09 09:59:46,106 WARN  server.GrpcLogAppender (GrpcLogAppender.java:onNextImpl(250)) - org.apache.ratis.grpc.server.GrpcLogAppender$AppendLogResponseHandler@68e0b736: Request not found, ignoring reply: 8cac6937-780c-4459-964a-dea4dcd51fd7<-9ed8676d-9460-465d-9905-fd43a52295f6#5650:OK,SUCCESS,nextIndex:5610,term:1,followerCommit:5604
2019-07-09 09:59:46,106 WARN  server.GrpcLogAppender (GrpcLogAppender.java:onNextImpl(250)) - org.apache.ratis.grpc.server.GrpcLogAppender$AppendLogResponseHandler@68e0b736: Request not found, ignoring reply: 8cac6937-780c-4459-964a-dea4dcd51fd7<-9ed8676d-9460-465d-9905-fd43a52295f6#5651:OK,SUCCESS,nextIndex:5610,term:1,followerCommit:5605
2019-07-09 09:59:46,154 WARN  server.GrpcLogAppender (GrpcLogAppender.java:timeoutAppendRequest(200)) - GrpcLogAppender(8cac6937-780c-4459-964a-dea4dcd51fd7->9ed8676d-9460-465d-9905-fd43a52295f6): appendEntries Timeout, request=8cac6937-780c-4459-964a-dea4dcd51fd7->9ed8676d-9460-465d-9905-fd43a52295f6#5652-t1, previous=(t:1, i:5609), leaderCommit=5607, initializing? false, entries: size=1, first=(t:1, i:5610), METADATAENTRY(c5607)
2019-07-09 09:59:46,155 WARN  server.GrpcLogAppender (GrpcLogAppender.java:timeoutAppendRequest(200)) - GrpcLogAppender(8cac6937-780c-4459-964a-dea4dcd51fd7->9ed8676d-9460-465d-9905-fd43a52295f6): appendEntries Timeout, request=8cac6937-780c-4459-964a-dea4dcd51fd7->9ed8676d-9460-465d-9905-fd43a52295f6#5653-t1, previous=(t:1, i:5610), leaderCommit=5608, initializing? false, entries: size=1, first=(t:1, i:5611), METADATAENTRY(c5608)
2019-07-09 09:59:46,155 WARN  server.GrpcLogAppender (GrpcLogAppender.java:timeoutAppendRequest(200)) - GrpcLogAppender(8cac6937-780c-4459-964a-dea4dcd51fd7->da64134c-6992-4903-9407-7df321e464db): appendEntries Timeout, request=8cac6937-780c-4459-964a-dea4dcd51fd7->da64134c-6992-4903-9407-7df321e464db#5653-t1, previous=(t:1, i:5610), leaderCommit=5608, initializing? false, entries: size=1, first=(t:1, i:5611), METADATAENTRY(c5608)
2019-07-09 09:59:46,155 WARN  server.GrpcLogAppender (GrpcLogAppender.java:timeoutAppendRequest(200)) - GrpcLogAppender(8cac6937-780c-4459-964a-dea4dcd51fd7->9ed8676d-9460-465d-9905-fd43a52295f6): appendEntries Timeout, request=8cac6937-780c-4459-964a-dea4dcd51fd7->9ed8676d-9460-465d-9905-fd43a52295f6#5654-t1, previous=(t:1, i:5611), leaderCommit=5609, initializing? false, entries: size=1, first=(t:1, i:5612), METADATAENTRY(c5609)
2019-07-09 09:59:46,155 WARN  server.GrpcLogAppender (GrpcLogAppender.java:timeoutAppendRequest(200)) - GrpcLogAppender(8cac6937-780c-4459-964a-dea4dcd51fd7->da64134c-6992-4903-9407-7df321e464db): appendEntries Timeout, request=8cac6937-780c-4459-964a-dea4dcd51fd7->da64134c-6992-4903-9407-7df321e464db#5654-t1, previous=(t:1, i:5611), leaderCommit=5609, initializing? false, entries: size=1, first=(t:1, i:5612), METADATAENTRY(c5609)
 0.00% |█                                                                                                    |  0/1 Time: 0:00:382019-07-09 09:59:46,655 WARN  server.GrpcLogAppender (GrpcLogAppender.java:timeoutAppendRequest(200)) - GrpcLogAppender(8cac6937-780c-4459-964a-dea4dcd51fd7->9ed8676d-9460-465d-9905-fd43a52295f6): appendEntries Timeout, request=8cac6937-780c-4459-964a-dea4dcd51fd7->9ed8676d-9460-465d-9905-fd43a52295f6#5655-t1, previous=(t:1, i:5612), leaderCommit=5609, initializing? false, entries: <empty>
2019-07-09 09:59:46,655 WARN  server.GrpcLogAppender (GrpcLogAppender.java:timeoutAppendRequest(200)) - GrpcLogAppender(8cac6937-780c-4459-964a-dea4dcd51fd7->da64134c-6992-4903-9407-7df321e464db): appendEntries Timeout, request=8cac6937-780c-4459-964a-dea4dcd51fd7->da64134c-6992-4903-9407-7df321e464db#5655-t1, previous=(t:1, i:5612), leaderCommit=5609, initializing? false, entries: <empty>
2019-07-09 09:59:47,155 WARN  server.GrpcLogAppender (GrpcLogAppender.java:timeoutAppendRequest(200)) - GrpcLogAppender(8cac6937-780c-4459-964a-dea4dcd51fd7->9ed8676d-9460-465d-9905-fd43a52295f6): appendEntries Timeout, request=8cac6937-780c-4459-964a-dea4dcd51fd7->9ed8676d-9460-465d-9905-fd43a52295f6#5656-t1, previous=(t:1, i:5612), leaderCommit=5609, initializing? false, entries: <empty>
2019-07-09 09:59:47,155 WARN  server.GrpcLogAppender (GrpcLogAppender.java:timeoutAppendRequest(200)) - GrpcLogAppender(8cac6937-780c-4459-964a-dea4dcd51fd7->da64134c-6992-4903-9407-7df321e464db): appendEntries Timeout, request=8cac6937-780c-4459-964a-dea4dcd51fd7->da64134c-6992-4903-9407-7df321e464db#5656-t1, previous=(t:1, i:5612), leaderCommit=5609, initializing? false, entries: <empty>
 0.00% |█                                                                                                    |  0/1 Time: 0:00:392019-07-09 09:59:47,655 WARN  server.GrpcLogAppender (GrpcLogAppender.java:timeoutAppendRequest(200)) - GrpcLogAppender(8cac6937-780c-4459-964a-dea4dcd51fd7->9ed8676d-9460-465d-9905-fd43a52295f6): appendEntries Timeout, request=8cac6937-780c-4459-964a-dea4dcd51fd7->9ed8676d-9460-465d-9905-fd43a52295f6#5657-t1, previous=(t:1, i:5612), leaderCommit=5609, initializing? false, entries: <empty>
2019-07-09 09:59:47,655 WARN  server.GrpcLogAppender (GrpcLogAppender.java:timeoutAppendRequest(200)) - GrpcLogAppender(8cac6937-780c-4459-964a-dea4dcd51fd7->da64134c-6992-4903-9407-7df321e464db): appendEntries Timeout, request=8cac6937-780c-4459-964a-dea4dcd51fd7->da64134c-6992-4903-9407-7df321e464db#5657-t1, previous=(t:1, i:5612), leaderCommit=5609, initializing? false, entries: <empty>
2019-07-09 09:59:48,156 WARN  server.GrpcLogAppender (GrpcLogAppender.java:timeoutAppendRequest(200)) - GrpcLogAppender(8cac6937-780c-4459-964a-dea4dcd51fd7->9ed8676d-9460-465d-9905-fd43a52295f6): appendEntries Timeout, request=8cac6937-780c-4459-964a-dea4dcd51fd7->9ed8676d-9460-465d-9905-fd43a52295f6#5658-t1, previous=(t:1, i:5612), leaderCommit=5609, initializing? false, entries: <empty>
2019-07-09 09:59:48,156 WARN  server.GrpcLogAppender (GrpcLogAppender.java:timeoutAppendRequest(200)) - GrpcLogAppender(8cac6937-780c-4459-964a-dea4dcd51fd7->da64134c-6992-4903-9407-7df321e464db): appendEntries Timeout, request=8cac6937-780c-4459-964a-dea4dcd51fd7->da64134c-6992-4903-9407-7df321e464db#5658-t1, previous=(t:1, i:5612), leaderCommit=5609, initializing? false, entries: <empty>
2019-07-09 09:59:48,159 WARN  scm.XceiverClientRatis (XceiverClientRatis.java:watchForCommit(262)) - 3 way commit failed 
java.util.concurrent.TimeoutException
	at java.util.concurrent.CompletableFuture.timedGet(CompletableFuture.java:1771)
	at java.util.concurrent.CompletableFuture.get(CompletableFuture.java:1915)
	at org.apache.hadoop.hdds.scm.XceiverClientRatis.watchForCommit(XceiverClientRatis.java:259)
	at org.apache.hadoop.hdds.scm.storage.CommitWatcher.watchForCommit(CommitWatcher.java:194)
	at org.apache.hadoop.hdds.scm.storage.CommitWatcher.watchOnFirstIndex(CommitWatcher.java:135)
	at org.apache.hadoop.hdds.scm.storage.BlockOutputStream.watchForCommit(BlockOutputStream.java:355)
	at org.apache.hadoop.hdds.scm.storage.BlockOutputStream.handleFullBuffer(BlockOutputStream.java:332)
	at org.apache.hadoop.hdds.scm.storage.BlockOutputStream.write(BlockOutputStream.java:259)
	at org.apache.hadoop.ozone.client.io.BlockOutputStreamEntry.write(BlockOutputStreamEntry.java:129)
	at org.apache.hadoop.ozone.client.io.KeyOutputStream.handleWrite(KeyOutputStream.java:211)
	at org.apache.hadoop.ozone.client.io.KeyOutputStream.write(KeyOutputStream.java:193)
	at org.apache.hadoop.ozone.client.io.OzoneOutputStream.write(OzoneOutputStream.java:49)
	at org.apache.hadoop.ozone.freon.RandomKeyGenerator$KeyProcessor.run(RandomKeyGenerator.java:693)
	at java.util.concurrent.Executors$RunnableAdapter.call(Executors.java:511)
	at java.util.concurrent.FutureTask.run(FutureTask.java:266)
	at java.util.concurrent.ThreadPoolExecutor.runWorker(ThreadPoolExecutor.java:1149)
	at java.util.concurrent.ThreadPoolExecutor$Worker.run(ThreadPoolExecutor.java:624)
	at java.lang.Thread.run(Thread.java:748)
2019-07-09 09:59:48,163 INFO  client.GrpcClientProtocolClient (GrpcClientProtocolClient.java:onNext(255)) - client-CECA27ED65B5->8cac6937-780c-4459-964a-dea4dcd51fd7: receive RaftClientReply:client-CECA27ED65B5->8cac6937-780c-4459-964a-dea4dcd51fd7@group-D84C501198B9, cid=3730, SUCCESS, logIndex=0, commits[8cac6937-780c-4459-964a-dea4dcd51fd7:c5610, 9ed8676d-9460-465d-9905-fd43a52295f6:c5605, da64134c-6992-4903-9407-7df321e464db:c5609]
2019-07-09 09:59:48,166 INFO  scm.XceiverClientRatis (XceiverClientRatis.java:lambda$watchForCommit$7(280)) - Could not commit 5607 to all the nodes. Server 9ed8676d-9460-465d-9905-fd43a52295f6 has failed. Committed by majority.
 0.00% |█                                                                                                    |  0/1 Time: 0:00:402019-07-09 09:59:48,656 WARN  server.GrpcLogAppender (GrpcLogAppender.java:timeoutAppendRequest(200)) - GrpcLogAppender(8cac6937-780c-4459-964a-dea4dcd51fd7->da64134c-6992-4903-9407-7df321e464db): appendEntries Timeout, request=8cac6937-780c-4459-964a-dea4dcd51fd7->da64134c-6992-4903-9407-7df321e464db#5659-t1, previous=(t:1, i:5612), leaderCommit=5609, initializing? false, entries: <empty>
2019-07-09 09:59:48,656 WARN  server.GrpcLogAppender (GrpcLogAppender.java:timeoutAppendRequest(200)) - GrpcLogAppender(8cac6937-780c-4459-964a-dea4dcd51fd7->9ed8676d-9460-465d-9905-fd43a52295f6): appendEntries Timeout, request=8cac6937-780c-4459-964a-dea4dcd51fd7->9ed8676d-9460-465d-9905-fd43a52295f6#5659-t1, previous=(t:1, i:5612), leaderCommit=5609, initializing? false, entries: <empty>
 0.00% |█                                                                                                    |  0/1 Time: 0:00:412019-07-09 09:59:49,603 WARN  server.GrpcLogAppender (GrpcLogAppender.java:timeoutAppendRequest(200)) - GrpcLogAppender(8cac6937-780c-4459-964a-dea4dcd51fd7->da64134c-6992-4903-9407-7df321e464db): appendEntries Timeout, request=8cac6937-780c-4459-964a-dea4dcd51fd7->da64134c-6992-4903-9407-7df321e464db#5660-t1, previous=(t:1, i:5612), leaderCommit=5610, initializing? false, entries: <empty>
2019-07-09 09:59:49,607 WARN  server.GrpcLogAppender (GrpcLogAppender.java:timeoutAppendRequest(200)) - GrpcLogAppender(8cac6937-780c-4459-964a-dea4dcd51fd7->9ed8676d-9460-465d-9905-fd43a52295f6): appendEntries Timeout, request=8cac6937-780c-4459-964a-dea4dcd51fd7->9ed8676d-9460-465d-9905-fd43a52295f6#5660-t1, previous=(t:1, i:5612), leaderCommit=5610, initializing? false, entries: <empty>
2019-07-09 09:59:50,103 WARN  server.GrpcLogAppender (GrpcLogAppender.java:timeoutAppendRequest(200)) - GrpcLogAppender(8cac6937-780c-4459-964a-dea4dcd51fd7->da64134c-6992-4903-9407-7df321e464db): appendEntries Timeout, request=8cac6937-780c-4459-964a-dea4dcd51fd7->da64134c-6992-4903-9407-7df321e464db#5661-t1, previous=(t:1, i:5612), leaderCommit=5610, initializing? false, entries: <empty>
2019-07-09 09:59:50,107 WARN  server.GrpcLogAppender (GrpcLogAppender.java:timeoutAppendRequest(200)) - GrpcLogAppender(8cac6937-780c-4459-964a-dea4dcd51fd7->9ed8676d-9460-465d-9905-fd43a52295f6): appendEntries Timeout, request=8cac6937-780c-4459-964a-dea4dcd51fd7->9ed8676d-9460-465d-9905-fd43a52295f6#5661-t1, previous=(t:1, i:5612), leaderCommit=5610, initializing? false, entries: <empty>
 0.00% |█                                                                                                    |  0/1 Time: 0:00:422019-07-09 09:59:50,603 WARN  server.GrpcLogAppender (GrpcLogAppender.java:timeoutAppendRequest(200)) - GrpcLogAppender(8cac6937-780c-4459-964a-dea4dcd51fd7->da64134c-6992-4903-9407-7df321e464db): appendEntries Timeout, request=8cac6937-780c-4459-964a-dea4dcd51fd7->da64134c-6992-4903-9407-7df321e464db#5662-t1, previous=(t:1, i:5612), leaderCommit=5610, initializing? false, entries: <empty>
2019-07-09 09:59:50,607 WARN  server.GrpcLogAppender (GrpcLogAppender.java:timeoutAppendRequest(200)) - GrpcLogAppender(8cac6937-780c-4459-964a-dea4dcd51fd7->9ed8676d-9460-465d-9905-fd43a52295f6): appendEntries Timeout, request=8cac6937-780c-4459-964a-dea4dcd51fd7->9ed8676d-9460-465d-9905-fd43a52295f6#5662-t1, previous=(t:1, i:5612), leaderCommit=5610, initializing? false, entries: <empty>
2019-07-09 09:59:51,104 WARN  server.GrpcLogAppender (GrpcLogAppender.java:timeoutAppendRequest(200)) - GrpcLogAppender(8cac6937-780c-4459-964a-dea4dcd51fd7->da64134c-6992-4903-9407-7df321e464db): appendEntries Timeout, request=8cac6937-780c-4459-964a-dea4dcd51fd7->da64134c-6992-4903-9407-7df321e464db#5663-t1, previous=(t:1, i:5612), leaderCommit=5610, initializing? false, entries: <empty>
2019-07-09 09:59:51,108 WARN  server.GrpcLogAppender (GrpcLogAppender.java:timeoutAppendRequest(200)) - GrpcLogAppender(8cac6937-780c-4459-964a-dea4dcd51fd7->9ed8676d-9460-465d-9905-fd43a52295f6): appendEntries Timeout, request=8cac6937-780c-4459-964a-dea4dcd51fd7->9ed8676d-9460-465d-9905-fd43a52295f6#5663-t1, previous=(t:1, i:5612), leaderCommit=5610, initializing? false, entries: <empty>
2019-07-09 09:59:51,177 WARN  server.GrpcLogAppender (GrpcLogAppender.java:timeoutAppendRequest(200)) - GrpcLogAppender(8cac6937-780c-4459-964a-dea4dcd51fd7->da64134c-6992-4903-9407-7df321e464db): appendEntries Timeout, request=8cac6937-780c-4459-964a-dea4dcd51fd7->da64134c-6992-4903-9407-7df321e464db#5664-t1, previous=(t:1, i:5612), leaderCommit=5610, initializing? false, entries: size=1, first=(t:1, i:5613), STATEMACHINELOGENTRY, client-CECA27ED65B5, cid=3731
2019-07-09 09:59:51,177 WARN  server.GrpcLogAppender (GrpcLogAppender.java:timeoutAppendRequest(200)) - GrpcLogAppender(8cac6937-780c-4459-964a-dea4dcd51fd7->9ed8676d-9460-465d-9905-fd43a52295f6): appendEntries Timeout, request=8cac6937-780c-4459-964a-dea4dcd51fd7->9ed8676d-9460-465d-9905-fd43a52295f6#5664-t1, previous=(t:1, i:5612), leaderCommit=5610, initializing? false, entries: size=1, first=(t:1, i:5613), STATEMACHINELOGENTRY, client-CECA27ED65B5, cid=3731
2019-07-09 09:59:51,177 WARN  server.GrpcLogAppender (GrpcLogAppender.java:timeoutAppendRequest(200)) - GrpcLogAppender(8cac6937-780c-4459-964a-dea4dcd51fd7->da64134c-6992-4903-9407-7df321e464db): appendEntries Timeout, request=8cac6937-780c-4459-964a-dea4dcd51fd7->da64134c-6992-4903-9407-7df321e464db#5665-t1, previous=(t:1, i:5613), leaderCommit=5610, initializing? false, entries: size=1, first=(t:1, i:5614), STATEMACHINELOGENTRY, client-CECA27ED65B5, cid=3732
2019-07-09 09:59:51,177 WARN  server.GrpcLogAppender (GrpcLogAppender.java:timeoutAppendRequest(200)) - GrpcLogAppender(8cac6937-780c-4459-964a-dea4dcd51fd7->9ed8676d-9460-465d-9905-fd43a52295f6): appendEntries Timeout, request=8cac6937-780c-4459-964a-dea4dcd51fd7->9ed8676d-9460-465d-9905-fd43a52295f6#5665-t1, previous=(t:1, i:5613), leaderCommit=5610, initializing? false, entries: size=1, first=(t:1, i:5614), STATEMACHINELOGENTRY, client-CECA27ED65B5, cid=3732
2019-07-09 09:59:51,263 WARN  server.GrpcLogAppender (GrpcLogAppender.java:onNextImpl(250)) - org.apache.ratis.grpc.server.GrpcLogAppender$AppendLogResponseHandler@68e0b736: Request not found, ignoring reply: 8cac6937-780c-4459-964a-dea4dcd51fd7<-9ed8676d-9460-465d-9905-fd43a52295f6#5652:OK,SUCCESS,nextIndex:5611,term:1,followerCommit:5609
2019-07-09 09:59:51,264 WARN  server.GrpcLogAppender (GrpcLogAppender.java:onNextImpl(250)) - org.apache.ratis.grpc.server.GrpcLogAppender$AppendLogResponseHandler@2609f9c9: Request not found, ignoring reply: 8cac6937-780c-4459-964a-dea4dcd51fd7<-da64134c-6992-4903-9407-7df321e464db#5653:OK,SUCCESS,nextIndex:5612,term:1,followerCommit:5610
2019-07-09 09:59:51,264 WARN  server.GrpcLogAppender (GrpcLogAppender.java:onNextImpl(250)) - org.apache.ratis.grpc.server.GrpcLogAppender$AppendLogResponseHandler@68e0b736: Request not found, ignoring reply: 8cac6937-780c-4459-964a-dea4dcd51fd7<-9ed8676d-9460-465d-9905-fd43a52295f6#5653:OK,SUCCESS,nextIndex:5612,term:1,followerCommit:5609
2019-07-09 09:59:51,264 WARN  server.GrpcLogAppender (GrpcLogAppender.java:onNextImpl(250)) - org.apache.ratis.grpc.server.GrpcLogAppender$AppendLogResponseHandler@2609f9c9: Request not found, ignoring reply: 8cac6937-780c-4459-964a-dea4dcd51fd7<-da64134c-6992-4903-9407-7df321e464db#5654:OK,SUCCESS,nextIndex:5613,term:1,followerCommit:5610
2019-07-09 09:59:51,264 WARN  server.GrpcLogAppender (GrpcLogAppender.java:onNextImpl(250)) - org.apache.ratis.grpc.server.GrpcLogAppender$AppendLogResponseHandler@68e0b736: Request not found, ignoring reply: 8cac6937-780c-4459-964a-dea4dcd51fd7<-9ed8676d-9460-465d-9905-fd43a52295f6#5654:OK,SUCCESS,nextIndex:5613,term:1,followerCommit:5609
2019-07-09 09:59:51,264 WARN  server.GrpcLogAppender (GrpcLogAppender.java:onNextImpl(250)) - org.apache.ratis.grpc.server.GrpcLogAppender$AppendLogResponseHandler@2609f9c9: Request not found, ignoring reply: 8cac6937-780c-4459-964a-dea4dcd51fd7<-da64134c-6992-4903-9407-7df321e464db#5655:OK,SUCCESS,nextIndex:5613,term:1,followerCommit:5609
2019-07-09 09:59:51,265 WARN  server.GrpcLogAppender (GrpcLogAppender.java:onNextImpl(250)) - org.apache.ratis.grpc.server.GrpcLogAppender$AppendLogResponseHandler@68e0b736: Request not found, ignoring reply: 8cac6937-780c-4459-964a-dea4dcd51fd7<-9ed8676d-9460-465d-9905-fd43a52295f6#5655:OK,SUCCESS,nextIndex:5613,term:1,followerCommit:5607
2019-07-09 09:59:51,265 WARN  server.GrpcLogAppender (GrpcLogAppender.java:onNextImpl(250)) - org.apache.ratis.grpc.server.GrpcLogAppender$AppendLogResponseHandler@2609f9c9: Request not found, ignoring reply: 8cac6937-780c-4459-964a-dea4dcd51fd7<-da64134c-6992-4903-9407-7df321e464db#5656:OK,SUCCESS,nextIndex:5613,term:1,followerCommit:5609
2019-07-09 09:59:51,265 WARN  server.GrpcLogAppender (GrpcLogAppender.java:onNextImpl(250)) - org.apache.ratis.grpc.server.GrpcLogAppender$AppendLogResponseHandler@68e0b736: Request not found, ignoring reply: 8cac6937-780c-4459-964a-dea4dcd51fd7<-9ed8676d-9460-465d-9905-fd43a52295f6#5656:OK,SUCCESS,nextIndex:5613,term:1,followerCommit:5607
2019-07-09 09:59:51,265 WARN  server.GrpcLogAppender (GrpcLogAppender.java:onNextImpl(250)) - org.apache.ratis.grpc.server.GrpcLogAppender$AppendLogResponseHandler@2609f9c9: Request not found, ignoring reply: 8cac6937-780c-4459-964a-dea4dcd51fd7<-da64134c-6992-4903-9407-7df321e464db#5657:OK,SUCCESS,nextIndex:5613,term:1,followerCommit:5609
2019-07-09 09:59:51,265 WARN  server.GrpcLogAppender (GrpcLogAppender.java:onNextImpl(250)) - org.apache.ratis.grpc.server.GrpcLogAppender$AppendLogResponseHandler@68e0b736: Request not found, ignoring reply: 8cac6937-780c-4459-964a-dea4dcd51fd7<-9ed8676d-9460-465d-9905-fd43a52295f6#5657:OK,SUCCESS,nextIndex:5613,term:1,followerCommit:5607
2019-07-09 09:59:51,266 WARN  server.GrpcLogAppender (GrpcLogAppender.java:onNextImpl(250)) - org.apache.ratis.grpc.server.GrpcLogAppender$AppendLogResponseHandler@2609f9c9: Request not found, ignoring reply: 8cac6937-780c-4459-964a-dea4dcd51fd7<-da64134c-6992-4903-9407-7df321e464db#5658:OK,SUCCESS,nextIndex:5613,term:1,followerCommit:5609
2019-07-09 09:59:51,266 WARN  server.GrpcLogAppender (GrpcLogAppender.java:onNextImpl(250)) - org.apache.ratis.grpc.server.GrpcLogAppender$AppendLogResponseHandler@68e0b736: Request not found, ignoring reply: 8cac6937-780c-4459-964a-dea4dcd51fd7<-9ed8676d-9460-465d-9905-fd43a52295f6#5658:OK,SUCCESS,nextIndex:5613,term:1,followerCommit:5607
2019-07-09 09:59:51,266 WARN  server.GrpcLogAppender (GrpcLogAppender.java:onNextImpl(250)) - org.apache.ratis.grpc.server.GrpcLogAppender$AppendLogResponseHandler@2609f9c9: Request not found, ignoring reply: 8cac6937-780c-4459-964a-dea4dcd51fd7<-da64134c-6992-4903-9407-7df321e464db#5659:OK,SUCCESS,nextIndex:5613,term:1,followerCommit:5609
2019-07-09 09:59:51,266 WARN  server.GrpcLogAppender (GrpcLogAppender.java:onNextImpl(250)) - org.apache.ratis.grpc.server.GrpcLogAppender$AppendLogResponseHandler@68e0b736: Request not found, ignoring reply: 8cac6937-780c-4459-964a-dea4dcd51fd7<-9ed8676d-9460-465d-9905-fd43a52295f6#5659:OK,SUCCESS,nextIndex:5613,term:1,followerCommit:5607
2019-07-09 09:59:51,266 WARN  server.GrpcLogAppender (GrpcLogAppender.java:onNextImpl(250)) - org.apache.ratis.grpc.server.GrpcLogAppender$AppendLogResponseHandler@2609f9c9: Request not found, ignoring reply: 8cac6937-780c-4459-964a-dea4dcd51fd7<-da64134c-6992-4903-9407-7df321e464db#5660:OK,SUCCESS,nextIndex:5613,term:1,followerCommit:5610
2019-07-09 09:59:51,267 WARN  server.GrpcLogAppender (GrpcLogAppender.java:onNextImpl(250)) - org.apache.ratis.grpc.server.GrpcLogAppender$AppendLogResponseHandler@68e0b736: Request not found, ignoring reply: 8cac6937-780c-4459-964a-dea4dcd51fd7<-9ed8676d-9460-465d-9905-fd43a52295f6#5660:OK,SUCCESS,nextIndex:5613,term:1,followerCommit:5609
2019-07-09 09:59:51,267 WARN  server.GrpcLogAppender (GrpcLogAppender.java:onNextImpl(250)) - org.apache.ratis.grpc.server.GrpcLogAppender$AppendLogResponseHandler@2609f9c9: Request not found, ignoring reply: 8cac6937-780c-4459-964a-dea4dcd51fd7<-da64134c-6992-4903-9407-7df321e464db#5661:OK,SUCCESS,nextIndex:5613,term:1,followerCommit:5610
2019-07-09 09:59:51,267 WARN  server.GrpcLogAppender (GrpcLogAppender.java:onNextImpl(250)) - org.apache.ratis.grpc.server.GrpcLogAppender$AppendLogResponseHandler@68e0b736: Request not found, ignoring reply: 8cac6937-780c-4459-964a-dea4dcd51fd7<-9ed8676d-9460-465d-9905-fd43a52295f6#5661:OK,SUCCESS,nextIndex:5613,term:1,followerCommit:5609
2019-07-09 09:59:51,267 WARN  server.GrpcLogAppender (GrpcLogAppender.java:onNextImpl(250)) - org.apache.ratis.grpc.server.GrpcLogAppender$AppendLogResponseHandler@2609f9c9: Request not found, ignoring reply: 8cac6937-780c-4459-964a-dea4dcd51fd7<-da64134c-6992-4903-9407-7df321e464db#5662:OK,SUCCESS,nextIndex:5613,term:1,followerCommit:5610
2019-07-09 09:59:51,267 WARN  server.GrpcLogAppender (GrpcLogAppender.java:onNextImpl(250)) - org.apache.ratis.grpc.server.GrpcLogAppender$AppendLogResponseHandler@68e0b736: Request not found, ignoring reply: 8cac6937-780c-4459-964a-dea4dcd51fd7<-9ed8676d-9460-465d-9905-fd43a52295f6#5662:OK,SUCCESS,nextIndex:5613,term:1,followerCommit:5609
2019-07-09 09:59:51,267 WARN  server.GrpcLogAppender (GrpcLogAppender.java:onNextImpl(250)) - org.apache.ratis.grpc.server.GrpcLogAppender$AppendLogResponseHandler@2609f9c9: Request not found, ignoring reply: 8cac6937-780c-4459-964a-dea4dcd51fd7<-da64134c-6992-4903-9407-7df321e464db#5663:OK,SUCCESS,nextIndex:5613,term:1,followerCommit:5610
2019-07-09 09:59:51,267 WARN  server.GrpcLogAppender (GrpcLogAppender.java:onNextImpl(250)) - org.apache.ratis.grpc.server.GrpcLogAppender$AppendLogResponseHandler@68e0b736: Request not found, ignoring reply: 8cac6937-780c-4459-964a-dea4dcd51fd7<-9ed8676d-9460-465d-9905-fd43a52295f6#5663:OK,SUCCESS,nextIndex:5613,term:1,followerCommit:5609
 0.00% |█                                                                                                    |  0/1 Time: 0:00:432019-07-09 09:59:51,677 WARN  server.GrpcLogAppender (GrpcLogAppender.java:timeoutAppendRequest(200)) - GrpcLogAppender(8cac6937-780c-4459-964a-dea4dcd51fd7->da64134c-6992-4903-9407-7df321e464db): appendEntries Timeout, request=8cac6937-780c-4459-964a-dea4dcd51fd7->da64134c-6992-4903-9407-7df321e464db#5666-t1, previous=(t:1, i:5614), leaderCommit=5610, initializing? false, entries: <empty>
2019-07-09 09:59:51,677 WARN  server.GrpcLogAppender (GrpcLogAppender.java:timeoutAppendRequest(200)) - GrpcLogAppender(8cac6937-780c-4459-964a-dea4dcd51fd7->9ed8676d-9460-465d-9905-fd43a52295f6): appendEntries Timeout, request=8cac6937-780c-4459-964a-dea4dcd51fd7->9ed8676d-9460-465d-9905-fd43a52295f6#5666-t1, previous=(t:1, i:5614), leaderCommit=5610, initializing? false, entries: <empty>
2019-07-09 09:59:51,867 WARN  server.GrpcLogAppender (GrpcLogAppender.java:onNextImpl(250)) - org.apache.ratis.grpc.server.GrpcLogAppender$AppendLogResponseHandler@68e0b736: Request not found, ignoring reply: 8cac6937-780c-4459-964a-dea4dcd51fd7<-9ed8676d-9460-465d-9905-fd43a52295f6#5664:OK,SUCCESS,nextIndex:5614,term:1,followerCommit:5610
2019-07-09 09:59:51,868 WARN  server.GrpcLogAppender (GrpcLogAppender.java:onNextImpl(250)) - org.apache.ratis.grpc.server.GrpcLogAppender$AppendLogResponseHandler@2609f9c9: Request not found, ignoring reply: 8cac6937-780c-4459-964a-dea4dcd51fd7<-da64134c-6992-4903-9407-7df321e464db#5664:OK,SUCCESS,nextIndex:5614,term:1,followerCommit:5610
2019-07-09 09:59:51,868 WARN  server.GrpcLogAppender (GrpcLogAppender.java:onNextImpl(250)) - org.apache.ratis.grpc.server.GrpcLogAppender$AppendLogResponseHandler@68e0b736: Request not found, ignoring reply: 8cac6937-780c-4459-964a-dea4dcd51fd7<-9ed8676d-9460-465d-9905-fd43a52295f6#5665:OK,SUCCESS,nextIndex:5615,term:1,followerCommit:5610
2019-07-09 09:59:51,868 WARN  server.GrpcLogAppender (GrpcLogAppender.java:onNextImpl(250)) - org.apache.ratis.grpc.server.GrpcLogAppender$AppendLogResponseHandler@2609f9c9: Request not found, ignoring reply: 8cac6937-780c-4459-964a-dea4dcd51fd7<-da64134c-6992-4903-9407-7df321e464db#5665:OK,SUCCESS,nextIndex:5615,term:1,followerCommit:5610
2019-07-09 09:59:51,868 WARN  server.GrpcLogAppender (GrpcLogAppender.java:onNextImpl(250)) - org.apache.ratis.grpc.server.GrpcLogAppender$AppendLogResponseHandler@68e0b736: Request not found, ignoring reply: 8cac6937-780c-4459-964a-dea4dcd51fd7<-9ed8676d-9460-465d-9905-fd43a52295f6#5666:OK,SUCCESS,nextIndex:5615,term:1,followerCommit:5609
2019-07-09 09:59:51,868 WARN  server.GrpcLogAppender (GrpcLogAppender.java:onNextImpl(250)) - org.apache.ratis.grpc.server.GrpcLogAppender$AppendLogResponseHandler@2609f9c9: Request not found, ignoring reply: 8cac6937-780c-4459-964a-dea4dcd51fd7<-da64134c-6992-4903-9407-7df321e464db#5666:OK,SUCCESS,nextIndex:5615,term:1,followerCommit:5610
2019-07-09 09:59:51,869 INFO  client.GrpcClientProtocolClient (GrpcClientProtocolClient.java:onNext(255)) - client-CECA27ED65B5->8cac6937-780c-4459-964a-dea4dcd51fd7: receive RaftClientReply:client-CECA27ED65B5->8cac6937-780c-4459-964a-dea4dcd51fd7@group-D84C501198B9, cid=3729, SUCCESS, logIndex=0, commits[8cac6937-780c-4459-964a-dea4dcd51fd7:c5610, 9ed8676d-9460-465d-9905-fd43a52295f6:c5609, da64134c-6992-4903-9407-7df321e464db:c5609]
2019-07-09 09:59:51,870 INFO  client.GrpcClientProtocolClient (GrpcClientProtocolClient.java:onNext(255)) - client-CECA27ED65B5->8cac6937-780c-4459-964a-dea4dcd51fd7: receive RaftClientReply:client-CECA27ED65B5->8cac6937-780c-4459-964a-dea4dcd51fd7@group-D84C501198B9, cid=3729, SUCCESS, logIndex=0, commits[8cac6937-780c-4459-964a-dea4dcd51fd7:c5614, 9ed8676d-9460-465d-9905-fd43a52295f6:c5609, da64134c-6992-4903-9407-7df321e464db:c5610]
2019-07-09 09:59:51,870 INFO  client.GrpcClientProtocolClient (GrpcClientProtocolClient.java:onNext(255)) - client-CECA27ED65B5->8cac6937-780c-4459-964a-dea4dcd51fd7: receive RaftClientReply:client-CECA27ED65B5->8cac6937-780c-4459-964a-dea4dcd51fd7@group-D84C501198B9, cid=3731, SUCCESS, logIndex=5613, commits[8cac6937-780c-4459-964a-dea4dcd51fd7:c5614, 9ed8676d-9460-465d-9905-fd43a52295f6:c5609, da64134c-6992-4903-9407-7df321e464db:c5610]
2019-07-09 09:59:51,870 INFO  client.GrpcClientProtocolClient (GrpcClientProtocolClient.java:onNext(255)) - client-CECA27ED65B5->8cac6937-780c-4459-964a-dea4dcd51fd7: receive RaftClientReply:client-CECA27ED65B5->8cac6937-780c-4459-964a-dea4dcd51fd7@group-D84C501198B9, cid=3729, SUCCESS, logIndex=0, commits[8cac6937-780c-4459-964a-dea4dcd51fd7:c5614, 9ed8676d-9460-465d-9905-fd43a52295f6:c5609, da64134c-6992-4903-9407-7df321e464db:c5610]
2019-07-09 09:59:51,871 INFO  client.GrpcClientProtocolClient (GrpcClientProtocolClient.java:onNext(255)) - client-CECA27ED65B5->8cac6937-780c-4459-964a-dea4dcd51fd7: receive RaftClientReply:client-CECA27ED65B5->8cac6937-780c-4459-964a-dea4dcd51fd7@group-D84C501198B9, cid=3732, SUCCESS, logIndex=5614, commits[8cac6937-780c-4459-964a-dea4dcd51fd7:c5614, 9ed8676d-9460-465d-9905-fd43a52295f6:c5610, da64134c-6992-4903-9407-7df321e464db:c5610]
 0.00% |█                                                                                                    |  0/1 Time: 0:00:44 0.00% |█                                                                                                    |  0/1 Time: 0:00:45 0.00% |█                                                                                                    |  0/1 Time: 0:00:462019-07-09 09:59:54,869 WARN  server.GrpcLogAppender (GrpcLogAppender.java:timeoutAppendRequest(200)) - GrpcLogAppender(8cac6937-780c-4459-964a-dea4dcd51fd7->da64134c-6992-4903-9407-7df321e464db): appendEntries Timeout, request=8cac6937-780c-4459-964a-dea4dcd51fd7->da64134c-6992-4903-9407-7df321e464db#5673-t1, previous=(t:1, i:5614), leaderCommit=5614, initializing? false, entries: size=1, first=(t:1, i:5615), METADATAENTRY(c5614)
2019-07-09 09:59:54,869 WARN  server.GrpcLogAppender (GrpcLogAppender.java:timeoutAppendRequest(200)) - GrpcLogAppender(8cac6937-780c-4459-964a-dea4dcd51fd7->9ed8676d-9460-465d-9905-fd43a52295f6): appendEntries Timeout, request=8cac6937-780c-4459-964a-dea4dcd51fd7->9ed8676d-9460-465d-9905-fd43a52295f6#5673-t1, previous=(t:1, i:5614), leaderCommit=5614, initializing? false, entries: size=1, first=(t:1, i:5615), METADATAENTRY(c5614)
2019-07-09 09:59:55,237 WARN  server.GrpcLogAppender (GrpcLogAppender.java:onNextImpl(250)) - org.apache.ratis.grpc.server.GrpcLogAppender$AppendLogResponseHandler@2609f9c9: Request not found, ignoring reply: 8cac6937-780c-4459-964a-dea4dcd51fd7<-da64134c-6992-4903-9407-7df321e464db#5673:OK,SUCCESS,nextIndex:5616,term:1,followerCommit:5614
2019-07-09 09:59:55,238 WARN  server.GrpcLogAppender (GrpcLogAppender.java:onNextImpl(250)) - org.apache.ratis.grpc.server.GrpcLogAppender$AppendLogResponseHandler@68e0b736: Request not found, ignoring reply: 8cac6937-780c-4459-964a-dea4dcd51fd7<-9ed8676d-9460-465d-9905-fd43a52295f6#5673:OK,SUCCESS,nextIndex:5616,term:1,followerCommit:5614
 0.00% |█                                                                                                    |  0/1 Time: 0:00:47 0.00% |█                                                                                                    |  0/1 Time: 0:00:482019-07-09 09:59:57,260 INFO  client.GrpcClientProtocolClient (GrpcClientProtocolClient.java:onNext(255)) - client-CECA27ED65B5->9ed8676d-9460-465d-9905-fd43a52295f6: receive RaftClientReply:client-CECA27ED65B5->9ed8676d-9460-465d-9905-fd43a52295f6@group-D84C501198B9, cid=3731, FAILED org.apache.ratis.protocol.NotLeaderException: Server 9ed8676d-9460-465d-9905-fd43a52295f6 is not the leader (8cac6937-780c-4459-964a-dea4dcd51fd7:192.168.69.99:40461). Request must be sent to leader., logIndex=0, commits[9ed8676d-9460-465d-9905-fd43a52295f6:c5615, da64134c-6992-4903-9407-7df321e464db:c5615, 8cac6937-780c-4459-964a-dea4dcd51fd7:c5615]
2019-07-09 09:59:57,283 INFO  client.GrpcClientProtocolClient (GrpcClientProtocolClient.java:onNext(255)) - client-CECA27ED65B5->8cac6937-780c-4459-964a-dea4dcd51fd7: receive RaftClientReply:client-CECA27ED65B5->8cac6937-780c-4459-964a-dea4dcd51fd7@group-D84C501198B9, cid=3731, SUCCESS, logIndex=5613, commits[8cac6937-780c-4459-964a-dea4dcd51fd7:c5614, 9ed8676d-9460-465d-9905-fd43a52295f6:c5609, da64134c-6992-4903-9407-7df321e464db:c5610]
2019-07-09 09:59:57,292 INFO  client.GrpcClientProtocolClient (GrpcClientProtocolClient.java:onNext(255)) - client-CECA27ED65B5->8cac6937-780c-4459-964a-dea4dcd51fd7: receive RaftClientReply:client-CECA27ED65B5->8cac6937-780c-4459-964a-dea4dcd51fd7@group-D84C501198B9, cid=3732, SUCCESS, logIndex=5614, commits[8cac6937-780c-4459-964a-dea4dcd51fd7:c5614, 9ed8676d-9460-465d-9905-fd43a52295f6:c5610, da64134c-6992-4903-9407-7df321e464db:c5610]
 0.00% |█                                                                                                    |  0/1 Time: 0:00:49 0.00% |█                                                                                                    |  0/1 Time: 0:00:50 0.00% |█                                                                                                    |  0/1 Time: 0:00:51 0.00% |█                                                                                                    |  0/1 Time: 0:00:522019-07-09 10:00:00,302 WARN  server.GrpcLogAppender (GrpcLogAppender.java:timeoutAppendRequest(200)) - GrpcLogAppender(8cac6937-780c-4459-964a-dea4dcd51fd7->9ed8676d-9460-465d-9905-fd43a52295f6): appendEntries Timeout, request=8cac6937-780c-4459-964a-dea4dcd51fd7->9ed8676d-9460-465d-9905-fd43a52295f6#5684-t1, previous=(t:1, i:5615), leaderCommit=5615, initializing? false, entries: size=1, first=(t:1, i:5616), STATEMACHINELOGENTRY, client-CECA27ED65B5, cid=3733
2019-07-09 10:00:00,302 WARN  server.GrpcLogAppender (GrpcLogAppender.java:timeoutAppendRequest(200)) - GrpcLogAppender(8cac6937-780c-4459-964a-dea4dcd51fd7->da64134c-6992-4903-9407-7df321e464db): appendEntries Timeout, request=8cac6937-780c-4459-964a-dea4dcd51fd7->da64134c-6992-4903-9407-7df321e464db#5684-t1, previous=(t:1, i:5615), leaderCommit=5615, initializing? false, entries: size=1, first=(t:1, i:5616), STATEMACHINELOGENTRY, client-CECA27ED65B5, cid=3733
2019-07-09 10:00:00,302 WARN  server.GrpcLogAppender (GrpcLogAppender.java:timeoutAppendRequest(200)) - GrpcLogAppender(8cac6937-780c-4459-964a-dea4dcd51fd7->9ed8676d-9460-465d-9905-fd43a52295f6): appendEntries Timeout, request=8cac6937-780c-4459-964a-dea4dcd51fd7->9ed8676d-9460-465d-9905-fd43a52295f6#5685-t1, previous=(t:1, i:5616), leaderCommit=5615, initializing? false, entries: size=1, first=(t:1, i:5617), STATEMACHINELOGENTRY, client-CECA27ED65B5, cid=3734
2019-07-09 10:00:00,303 WARN  server.GrpcLogAppender (GrpcLogAppender.java:timeoutAppendRequest(200)) - GrpcLogAppender(8cac6937-780c-4459-964a-dea4dcd51fd7->da64134c-6992-4903-9407-7df321e464db): appendEntries Timeout, request=8cac6937-780c-4459-964a-dea4dcd51fd7->da64134c-6992-4903-9407-7df321e464db#5685-t1, previous=(t:1, i:5616), leaderCommit=5615, initializing? false, entries: size=1, first=(t:1, i:5617), STATEMACHINELOGENTRY, client-CECA27ED65B5, cid=3734
2019-07-09 10:00:00,802 WARN  server.GrpcLogAppender (GrpcLogAppender.java:timeoutAppendRequest(200)) - GrpcLogAppender(8cac6937-780c-4459-964a-dea4dcd51fd7->9ed8676d-9460-465d-9905-fd43a52295f6): appendEntries Timeout, request=8cac6937-780c-4459-964a-dea4dcd51fd7->9ed8676d-9460-465d-9905-fd43a52295f6#5686-t1, previous=(t:1, i:5617), leaderCommit=5615, initializing? false, entries: <empty>
2019-07-09 10:00:00,802 WARN  server.GrpcLogAppender (GrpcLogAppender.java:timeoutAppendRequest(200)) - GrpcLogAppender(8cac6937-780c-4459-964a-dea4dcd51fd7->da64134c-6992-4903-9407-7df321e464db): appendEntries Timeout, request=8cac6937-780c-4459-964a-dea4dcd51fd7->da64134c-6992-4903-9407-7df321e464db#5686-t1, previous=(t:1, i:5617), leaderCommit=5615, initializing? false, entries: <empty>
 0.00% |█                                                                                                    |  0/1 Time: 0:00:532019-07-09 10:00:01,303 WARN  server.GrpcLogAppender (GrpcLogAppender.java:timeoutAppendRequest(200)) - GrpcLogAppender(8cac6937-780c-4459-964a-dea4dcd51fd7->9ed8676d-9460-465d-9905-fd43a52295f6): appendEntries Timeout, request=8cac6937-780c-4459-964a-dea4dcd51fd7->9ed8676d-9460-465d-9905-fd43a52295f6#5687-t1, previous=(t:1, i:5617), leaderCommit=5615, initializing? false, entries: <empty>
2019-07-09 10:00:01,303 WARN  server.GrpcLogAppender (GrpcLogAppender.java:timeoutAppendRequest(200)) - GrpcLogAppender(8cac6937-780c-4459-964a-dea4dcd51fd7->da64134c-6992-4903-9407-7df321e464db): appendEntries Timeout, request=8cac6937-780c-4459-964a-dea4dcd51fd7->da64134c-6992-4903-9407-7df321e464db#5687-t1, previous=(t:1, i:5617), leaderCommit=5615, initializing? false, entries: <empty>
2019-07-09 10:00:01,803 WARN  server.GrpcLogAppender (GrpcLogAppender.java:timeoutAppendRequest(200)) - GrpcLogAppender(8cac6937-780c-4459-964a-dea4dcd51fd7->da64134c-6992-4903-9407-7df321e464db): appendEntries Timeout, request=8cac6937-780c-4459-964a-dea4dcd51fd7->da64134c-6992-4903-9407-7df321e464db#5688-t1, previous=(t:1, i:5617), leaderCommit=5615, initializing? false, entries: <empty>
2019-07-09 10:00:01,803 WARN  server.GrpcLogAppender (GrpcLogAppender.java:timeoutAppendRequest(200)) - GrpcLogAppender(8cac6937-780c-4459-964a-dea4dcd51fd7->9ed8676d-9460-465d-9905-fd43a52295f6): appendEntries Timeout, request=8cac6937-780c-4459-964a-dea4dcd51fd7->9ed8676d-9460-465d-9905-fd43a52295f6#5688-t1, previous=(t:1, i:5617), leaderCommit=5615, initializing? false, entries: <empty>
 0.00% |█                                                                                                    |  0/1 Time: 0:00:542019-07-09 10:00:02,305 WARN  server.GrpcLogAppender (GrpcLogAppender.java:timeoutAppendRequest(200)) - GrpcLogAppender(8cac6937-780c-4459-964a-dea4dcd51fd7->da64134c-6992-4903-9407-7df321e464db): appendEntries Timeout, request=8cac6937-780c-4459-964a-dea4dcd51fd7->da64134c-6992-4903-9407-7df321e464db#5689-t1, previous=(t:1, i:5617), leaderCommit=5615, initializing? false, entries: <empty>
2019-07-09 10:00:02,305 WARN  server.GrpcLogAppender (GrpcLogAppender.java:timeoutAppendRequest(200)) - GrpcLogAppender(8cac6937-780c-4459-964a-dea4dcd51fd7->9ed8676d-9460-465d-9905-fd43a52295f6): appendEntries Timeout, request=8cac6937-780c-4459-964a-dea4dcd51fd7->9ed8676d-9460-465d-9905-fd43a52295f6#5689-t1, previous=(t:1, i:5617), leaderCommit=5615, initializing? false, entries: <empty>
2019-07-09 10:00:02,331 INFO  client.GrpcClientProtocolClient (GrpcClientProtocolClient.java:onNext(255)) - client-CECA27ED65B5->9ed8676d-9460-465d-9905-fd43a52295f6: receive RaftClientReply:client-CECA27ED65B5->9ed8676d-9460-465d-9905-fd43a52295f6@group-D84C501198B9, cid=3733, FAILED org.apache.ratis.protocol.NotLeaderException: Server 9ed8676d-9460-465d-9905-fd43a52295f6 is not the leader (8cac6937-780c-4459-964a-dea4dcd51fd7:192.168.69.99:40461). Request must be sent to leader., logIndex=0, commits[9ed8676d-9460-465d-9905-fd43a52295f6:c5615, da64134c-6992-4903-9407-7df321e464db:c5615, 8cac6937-780c-4459-964a-dea4dcd51fd7:c5615]
2019-07-09 10:00:02,805 WARN  server.GrpcLogAppender (GrpcLogAppender.java:timeoutAppendRequest(200)) - GrpcLogAppender(8cac6937-780c-4459-964a-dea4dcd51fd7->9ed8676d-9460-465d-9905-fd43a52295f6): appendEntries Timeout, request=8cac6937-780c-4459-964a-dea4dcd51fd7->9ed8676d-9460-465d-9905-fd43a52295f6#5690-t1, previous=(t:1, i:5617), leaderCommit=5615, initializing? false, entries: <empty>
2019-07-09 10:00:02,805 WARN  server.GrpcLogAppender (GrpcLogAppender.java:timeoutAppendRequest(200)) - GrpcLogAppender(8cac6937-780c-4459-964a-dea4dcd51fd7->da64134c-6992-4903-9407-7df321e464db): appendEntries Timeout, request=8cac6937-780c-4459-964a-dea4dcd51fd7->da64134c-6992-4903-9407-7df321e464db#5690-t1, previous=(t:1, i:5617), leaderCommit=5615, initializing? false, entries: <empty>
 0.00% |█                                                                                                    |  0/1 Time: 0:00:552019-07-09 10:00:03,305 WARN  server.GrpcLogAppender (GrpcLogAppender.java:timeoutAppendRequest(200)) - GrpcLogAppender(8cac6937-780c-4459-964a-dea4dcd51fd7->da64134c-6992-4903-9407-7df321e464db): appendEntries Timeout, request=8cac6937-780c-4459-964a-dea4dcd51fd7->da64134c-6992-4903-9407-7df321e464db#5691-t1, previous=(t:1, i:5617), leaderCommit=5615, initializing? false, entries: <empty>
2019-07-09 10:00:03,305 WARN  server.GrpcLogAppender (GrpcLogAppender.java:timeoutAppendRequest(200)) - GrpcLogAppender(8cac6937-780c-4459-964a-dea4dcd51fd7->9ed8676d-9460-465d-9905-fd43a52295f6): appendEntries Timeout, request=8cac6937-780c-4459-964a-dea4dcd51fd7->9ed8676d-9460-465d-9905-fd43a52295f6#5691-t1, previous=(t:1, i:5617), leaderCommit=5615, initializing? false, entries: <empty>
2019-07-09 10:00:03,490 WARN  server.GrpcLogAppender (GrpcLogAppender.java:onNextImpl(250)) - org.apache.ratis.grpc.server.GrpcLogAppender$AppendLogResponseHandler@68e0b736: Request not found, ignoring reply: 8cac6937-780c-4459-964a-dea4dcd51fd7<-9ed8676d-9460-465d-9905-fd43a52295f6#5684:OK,SUCCESS,nextIndex:5617,term:1,followerCommit:5615
2019-07-09 10:00:03,490 WARN  server.GrpcLogAppender (GrpcLogAppender.java:onNextImpl(250)) - org.apache.ratis.grpc.server.GrpcLogAppender$AppendLogResponseHandler@2609f9c9: Request not found, ignoring reply: 8cac6937-780c-4459-964a-dea4dcd51fd7<-da64134c-6992-4903-9407-7df321e464db#5684:OK,SUCCESS,nextIndex:5617,term:1,followerCommit:5615
2019-07-09 10:00:03,490 WARN  server.GrpcLogAppender (GrpcLogAppender.java:onNextImpl(250)) - org.apache.ratis.grpc.server.GrpcLogAppender$AppendLogResponseHandler@68e0b736: Request not found, ignoring reply: 8cac6937-780c-4459-964a-dea4dcd51fd7<-9ed8676d-9460-465d-9905-fd43a52295f6#5685:OK,SUCCESS,nextIndex:5618,term:1,followerCommit:5615
2019-07-09 10:00:03,490 WARN  server.GrpcLogAppender (GrpcLogAppender.java:onNextImpl(250)) - org.apache.ratis.grpc.server.GrpcLogAppender$AppendLogResponseHandler@2609f9c9: Request not found, ignoring reply: 8cac6937-780c-4459-964a-dea4dcd51fd7<-da64134c-6992-4903-9407-7df321e464db#5685:OK,SUCCESS,nextIndex:5618,term:1,followerCommit:5615
2019-07-09 10:00:03,491 WARN  server.GrpcLogAppender (GrpcLogAppender.java:onNextImpl(250)) - org.apache.ratis.grpc.server.GrpcLogAppender$AppendLogResponseHandler@68e0b736: Request not found, ignoring reply: 8cac6937-780c-4459-964a-dea4dcd51fd7<-9ed8676d-9460-465d-9905-fd43a52295f6#5686:OK,SUCCESS,nextIndex:5618,term:1,followerCommit:5615
2019-07-09 10:00:03,491 WARN  server.GrpcLogAppender (GrpcLogAppender.java:onNextImpl(250)) - org.apache.ratis.grpc.server.GrpcLogAppender$AppendLogResponseHandler@2609f9c9: Request not found, ignoring reply: 8cac6937-780c-4459-964a-dea4dcd51fd7<-da64134c-6992-4903-9407-7df321e464db#5686:OK,SUCCESS,nextIndex:5618,term:1,followerCommit:5615
2019-07-09 10:00:03,491 WARN  server.GrpcLogAppender (GrpcLogAppender.java:onNextImpl(250)) - org.apache.ratis.grpc.server.GrpcLogAppender$AppendLogResponseHandler@68e0b736: Request not found, ignoring reply: 8cac6937-780c-4459-964a-dea4dcd51fd7<-9ed8676d-9460-465d-9905-fd43a52295f6#5687:OK,SUCCESS,nextIndex:5618,term:1,followerCommit:5615
2019-07-09 10:00:03,491 WARN  server.GrpcLogAppender (GrpcLogAppender.java:onNextImpl(250)) - org.apache.ratis.grpc.server.GrpcLogAppender$AppendLogResponseHandler@2609f9c9: Request not found, ignoring reply: 8cac6937-780c-4459-964a-dea4dcd51fd7<-da64134c-6992-4903-9407-7df321e464db#5687:OK,SUCCESS,nextIndex:5618,term:1,followerCommit:5615
2019-07-09 10:00:03,491 WARN  server.GrpcLogAppender (GrpcLogAppender.java:onNextImpl(250)) - org.apache.ratis.grpc.server.GrpcLogAppender$AppendLogResponseHandler@68e0b736: Request not found, ignoring reply: 8cac6937-780c-4459-964a-dea4dcd51fd7<-9ed8676d-9460-465d-9905-fd43a52295f6#5688:OK,SUCCESS,nextIndex:5618,term:1,followerCommit:5615
2019-07-09 10:00:03,491 WARN  server.GrpcLogAppender (GrpcLogAppender.java:onNextImpl(250)) - org.apache.ratis.grpc.server.GrpcLogAppender$AppendLogResponseHandler@2609f9c9: Request not found, ignoring reply: 8cac6937-780c-4459-964a-dea4dcd51fd7<-da64134c-6992-4903-9407-7df321e464db#5688:OK,SUCCESS,nextIndex:5618,term:1,followerCommit:5615
2019-07-09 10:00:03,492 WARN  server.GrpcLogAppender (GrpcLogAppender.java:onNextImpl(250)) - org.apache.ratis.grpc.server.GrpcLogAppender$AppendLogResponseHandler@68e0b736: Request not found, ignoring reply: 8cac6937-780c-4459-964a-dea4dcd51fd7<-9ed8676d-9460-465d-9905-fd43a52295f6#5689:OK,SUCCESS,nextIndex:5618,term:1,followerCommit:5615
2019-07-09 10:00:03,492 WARN  server.GrpcLogAppender (GrpcLogAppender.java:onNextImpl(250)) - org.apache.ratis.grpc.server.GrpcLogAppender$AppendLogResponseHandler@2609f9c9: Request not found, ignoring reply: 8cac6937-780c-4459-964a-dea4dcd51fd7<-da64134c-6992-4903-9407-7df321e464db#5689:OK,SUCCESS,nextIndex:5618,term:1,followerCommit:5615
2019-07-09 10:00:03,492 WARN  server.GrpcLogAppender (GrpcLogAppender.java:onNextImpl(250)) - org.apache.ratis.grpc.server.GrpcLogAppender$AppendLogResponseHandler@68e0b736: Request not found, ignoring reply: 8cac6937-780c-4459-964a-dea4dcd51fd7<-9ed8676d-9460-465d-9905-fd43a52295f6#5690:OK,SUCCESS,nextIndex:5618,term:1,followerCommit:5615
2019-07-09 10:00:03,492 WARN  server.GrpcLogAppender (GrpcLogAppender.java:onNextImpl(250)) - org.apache.ratis.grpc.server.GrpcLogAppender$AppendLogResponseHandler@2609f9c9: Request not found, ignoring reply: 8cac6937-780c-4459-964a-dea4dcd51fd7<-da64134c-6992-4903-9407-7df321e464db#5690:OK,SUCCESS,nextIndex:5618,term:1,followerCommit:5615
2019-07-09 10:00:03,492 WARN  server.GrpcLogAppender (GrpcLogAppender.java:onNextImpl(250)) - org.apache.ratis.grpc.server.GrpcLogAppender$AppendLogResponseHandler@68e0b736: Request not found, ignoring reply: 8cac6937-780c-4459-964a-dea4dcd51fd7<-9ed8676d-9460-465d-9905-fd43a52295f6#5691:OK,SUCCESS,nextIndex:5618,term:1,followerCommit:5615
2019-07-09 10:00:03,492 WARN  server.GrpcLogAppender (GrpcLogAppender.java:onNextImpl(250)) - org.apache.ratis.grpc.server.GrpcLogAppender$AppendLogResponseHandler@2609f9c9: Request not found, ignoring reply: 8cac6937-780c-4459-964a-dea4dcd51fd7<-da64134c-6992-4903-9407-7df321e464db#5691:OK,SUCCESS,nextIndex:5618,term:1,followerCommit:5615
 0.00% |█                                                                                                    |  0/1 Time: 0:00:56 0.00% |█                                                                                                    |  0/1 Time: 0:00:57 0.00% |█                                                                                                    |  0/1 Time: 0:00:582019-07-09 10:00:06,351 INFO  client.GrpcClientProtocolClient (GrpcClientProtocolClient.java:onNext(255)) - client-CECA27ED65B5->8cac6937-780c-4459-964a-dea4dcd51fd7: receive RaftClientReply:client-CECA27ED65B5->8cac6937-780c-4459-964a-dea4dcd51fd7@group-D84C501198B9, cid=3733, SUCCESS, logIndex=5616, commits[8cac6937-780c-4459-964a-dea4dcd51fd7:c5617, 9ed8676d-9460-465d-9905-fd43a52295f6:c5615, da64134c-6992-4903-9407-7df321e464db:c5615]
2019-07-09 10:00:06,493 WARN  server.GrpcLogAppender (GrpcLogAppender.java:timeoutAppendRequest(200)) - GrpcLogAppender(8cac6937-780c-4459-964a-dea4dcd51fd7->da64134c-6992-4903-9407-7df321e464db): appendEntries Timeout, request=8cac6937-780c-4459-964a-dea4dcd51fd7->da64134c-6992-4903-9407-7df321e464db#5698-t1, previous=(t:1, i:5617), leaderCommit=5617, initializing? false, entries: size=1, first=(t:1, i:5618), METADATAENTRY(c5617)
2019-07-09 10:00:06,493 WARN  server.GrpcLogAppender (GrpcLogAppender.java:timeoutAppendRequest(200)) - GrpcLogAppender(8cac6937-780c-4459-964a-dea4dcd51fd7->9ed8676d-9460-465d-9905-fd43a52295f6): appendEntries Timeout, request=8cac6937-780c-4459-964a-dea4dcd51fd7->9ed8676d-9460-465d-9905-fd43a52295f6#5698-t1, previous=(t:1, i:5617), leaderCommit=5617, initializing? false, entries: size=1, first=(t:1, i:5618), METADATAENTRY(c5617)
2019-07-09 10:00:06,994 WARN  server.GrpcLogAppender (GrpcLogAppender.java:timeoutAppendRequest(200)) - GrpcLogAppender(8cac6937-780c-4459-964a-dea4dcd51fd7->da64134c-6992-4903-9407-7df321e464db): appendEntries Timeout, request=8cac6937-780c-4459-964a-dea4dcd51fd7->da64134c-6992-4903-9407-7df321e464db#5699-t1, previous=(t:1, i:5618), leaderCommit=5617, initializing? false, entries: <empty>
2019-07-09 10:00:06,994 WARN  server.GrpcLogAppender (GrpcLogAppender.java:timeoutAppendRequest(200)) - GrpcLogAppender(8cac6937-780c-4459-964a-dea4dcd51fd7->9ed8676d-9460-465d-9905-fd43a52295f6): appendEntries Timeout, request=8cac6937-780c-4459-964a-dea4dcd51fd7->9ed8676d-9460-465d-9905-fd43a52295f6#5699-t1, previous=(t:1, i:5618), leaderCommit=5617, initializing? false, entries: <empty>
 0.00% |█                                                                                                    |  0/1 Time: 0:00:592019-07-09 10:00:07,494 WARN  server.GrpcLogAppender (GrpcLogAppender.java:timeoutAppendRequest(200)) - GrpcLogAppender(8cac6937-780c-4459-964a-dea4dcd51fd7->9ed8676d-9460-465d-9905-fd43a52295f6): appendEntries Timeout, request=8cac6937-780c-4459-964a-dea4dcd51fd7->9ed8676d-9460-465d-9905-fd43a52295f6#5700-t1, previous=(t:1, i:5618), leaderCommit=5617, initializing? false, entries: <empty>
2019-07-09 10:00:07,494 WARN  server.GrpcLogAppender (GrpcLogAppender.java:timeoutAppendRequest(200)) - GrpcLogAppender(8cac6937-780c-4459-964a-dea4dcd51fd7->da64134c-6992-4903-9407-7df321e464db): appendEntries Timeout, request=8cac6937-780c-4459-964a-dea4dcd51fd7->da64134c-6992-4903-9407-7df321e464db#5700-t1, previous=(t:1, i:5618), leaderCommit=5617, initializing? false, entries: <empty>
2019-07-09 10:00:07,994 WARN  server.GrpcLogAppender (GrpcLogAppender.java:timeoutAppendRequest(200)) - GrpcLogAppender(8cac6937-780c-4459-964a-dea4dcd51fd7->9ed8676d-9460-465d-9905-fd43a52295f6): appendEntries Timeout, request=8cac6937-780c-4459-964a-dea4dcd51fd7->9ed8676d-9460-465d-9905-fd43a52295f6#5701-t1, previous=(t:1, i:5618), leaderCommit=5617, initializing? false, entries: <empty>
2019-07-09 10:00:07,994 WARN  server.GrpcLogAppender (GrpcLogAppender.java:timeoutAppendRequest(200)) - GrpcLogAppender(8cac6937-780c-4459-964a-dea4dcd51fd7->da64134c-6992-4903-9407-7df321e464db): appendEntries Timeout, request=8cac6937-780c-4459-964a-dea4dcd51fd7->da64134c-6992-4903-9407-7df321e464db#5701-t1, previous=(t:1, i:5618), leaderCommit=5617, initializing? false, entries: <empty>
 0.00% |█                                                                                                    |  0/1 Time: 0:01:002019-07-09 10:00:08,494 WARN  server.GrpcLogAppender (GrpcLogAppender.java:timeoutAppendRequest(200)) - GrpcLogAppender(8cac6937-780c-4459-964a-dea4dcd51fd7->9ed8676d-9460-465d-9905-fd43a52295f6): appendEntries Timeout, request=8cac6937-780c-4459-964a-dea4dcd51fd7->9ed8676d-9460-465d-9905-fd43a52295f6#5702-t1, previous=(t:1, i:5618), leaderCommit=5617, initializing? false, entries: <empty>
2019-07-09 10:00:08,494 WARN  server.GrpcLogAppender (GrpcLogAppender.java:timeoutAppendRequest(200)) - GrpcLogAppender(8cac6937-780c-4459-964a-dea4dcd51fd7->da64134c-6992-4903-9407-7df321e464db): appendEntries Timeout, request=8cac6937-780c-4459-964a-dea4dcd51fd7->da64134c-6992-4903-9407-7df321e464db#5702-t1, previous=(t:1, i:5618), leaderCommit=5617, initializing? false, entries: <empty>
2019-07-09 10:00:08,994 WARN  server.GrpcLogAppender (GrpcLogAppender.java:timeoutAppendRequest(200)) - GrpcLogAppender(8cac6937-780c-4459-964a-dea4dcd51fd7->9ed8676d-9460-465d-9905-fd43a52295f6): appendEntries Timeout, request=8cac6937-780c-4459-964a-dea4dcd51fd7->9ed8676d-9460-465d-9905-fd43a52295f6#5703-t1, previous=(t:1, i:5618), leaderCommit=5617, initializing? false, entries: <empty>
2019-07-09 10:00:08,994 WARN  server.GrpcLogAppender (GrpcLogAppender.java:timeoutAppendRequest(200)) - GrpcLogAppender(8cac6937-780c-4459-964a-dea4dcd51fd7->da64134c-6992-4903-9407-7df321e464db): appendEntries Timeout, request=8cac6937-780c-4459-964a-dea4dcd51fd7->da64134c-6992-4903-9407-7df321e464db#5703-t1, previous=(t:1, i:5618), leaderCommit=5617, initializing? false, entries: <empty>
2019-07-09 10:00:09,230 WARN  server.GrpcLogAppender (GrpcLogAppender.java:onNextImpl(250)) - org.apache.ratis.grpc.server.GrpcLogAppender$AppendLogResponseHandler@68e0b736: Request not found, ignoring reply: 8cac6937-780c-4459-964a-dea4dcd51fd7<-9ed8676d-9460-465d-9905-fd43a52295f6#5698:OK,SUCCESS,nextIndex:5619,term:1,followerCommit:5617
2019-07-09 10:00:09,230 WARN  server.GrpcLogAppender (GrpcLogAppender.java:onNextImpl(250)) - org.apache.ratis.grpc.server.GrpcLogAppender$AppendLogResponseHandler@2609f9c9: Request not found, ignoring reply: 8cac6937-780c-4459-964a-dea4dcd51fd7<-da64134c-6992-4903-9407-7df321e464db#5698:OK,SUCCESS,nextIndex:5619,term:1,followerCommit:5617
2019-07-09 10:00:09,230 WARN  server.GrpcLogAppender (GrpcLogAppender.java:onNextImpl(250)) - org.apache.ratis.grpc.server.GrpcLogAppender$AppendLogResponseHandler@68e0b736: Request not found, ignoring reply: 8cac6937-780c-4459-964a-dea4dcd51fd7<-9ed8676d-9460-465d-9905-fd43a52295f6#5699:OK,SUCCESS,nextIndex:5619,term:1,followerCommit:5617
2019-07-09 10:00:09,230 WARN  server.GrpcLogAppender (GrpcLogAppender.java:onNextImpl(250)) - org.apache.ratis.grpc.server.GrpcLogAppender$AppendLogResponseHandler@2609f9c9: Request not found, ignoring reply: 8cac6937-780c-4459-964a-dea4dcd51fd7<-da64134c-6992-4903-9407-7df321e464db#5699:OK,SUCCESS,nextIndex:5619,term:1,followerCommit:5617
2019-07-09 10:00:09,231 WARN  server.GrpcLogAppender (GrpcLogAppender.java:onNextImpl(250)) - org.apache.ratis.grpc.server.GrpcLogAppender$AppendLogResponseHandler@68e0b736: Request not found, ignoring reply: 8cac6937-780c-4459-964a-dea4dcd51fd7<-9ed8676d-9460-465d-9905-fd43a52295f6#5700:OK,SUCCESS,nextIndex:5619,term:1,followerCommit:5617
2019-07-09 10:00:09,231 WARN  server.GrpcLogAppender (GrpcLogAppender.java:onNextImpl(250)) - org.apache.ratis.grpc.server.GrpcLogAppender$AppendLogResponseHandler@2609f9c9: Request not found, ignoring reply: 8cac6937-780c-4459-964a-dea4dcd51fd7<-da64134c-6992-4903-9407-7df321e464db#5700:OK,SUCCESS,nextIndex:5619,term:1,followerCommit:5617
2019-07-09 10:00:09,231 WARN  server.GrpcLogAppender (GrpcLogAppender.java:onNextImpl(250)) - org.apache.ratis.grpc.server.GrpcLogAppender$AppendLogResponseHandler@68e0b736: Request not found, ignoring reply: 8cac6937-780c-4459-964a-dea4dcd51fd7<-9ed8676d-9460-465d-9905-fd43a52295f6#5701:OK,SUCCESS,nextIndex:5619,term:1,followerCommit:5617
2019-07-09 10:00:09,231 WARN  server.GrpcLogAppender (GrpcLogAppender.java:onNextImpl(250)) - org.apache.ratis.grpc.server.GrpcLogAppender$AppendLogResponseHandler@2609f9c9: Request not found, ignoring reply: 8cac6937-780c-4459-964a-dea4dcd51fd7<-da64134c-6992-4903-9407-7df321e464db#5701:OK,SUCCESS,nextIndex:5619,term:1,followerCommit:5617
2019-07-09 10:00:09,231 WARN  server.GrpcLogAppender (GrpcLogAppender.java:onNextImpl(250)) - org.apache.ratis.grpc.server.GrpcLogAppender$AppendLogResponseHandler@68e0b736: Request not found, ignoring reply: 8cac6937-780c-4459-964a-dea4dcd51fd7<-9ed8676d-9460-465d-9905-fd43a52295f6#5702:OK,SUCCESS,nextIndex:5619,term:1,followerCommit:5617
2019-07-09 10:00:09,232 WARN  server.GrpcLogAppender (GrpcLogAppender.java:onNextImpl(250)) - org.apache.ratis.grpc.server.GrpcLogAppender$AppendLogResponseHandler@2609f9c9: Request not found, ignoring reply: 8cac6937-780c-4459-964a-dea4dcd51fd7<-da64134c-6992-4903-9407-7df321e464db#5702:OK,SUCCESS,nextIndex:5619,term:1,followerCommit:5617
2019-07-09 10:00:09,232 WARN  server.GrpcLogAppender (GrpcLogAppender.java:onNextImpl(250)) - org.apache.ratis.grpc.server.GrpcLogAppender$AppendLogResponseHandler@68e0b736: Request not found, ignoring reply: 8cac6937-780c-4459-964a-dea4dcd51fd7<-9ed8676d-9460-465d-9905-fd43a52295f6#5703:OK,SUCCESS,nextIndex:5619,term:1,followerCommit:5617
2019-07-09 10:00:09,232 WARN  server.GrpcLogAppender (GrpcLogAppender.java:onNextImpl(250)) - org.apache.ratis.grpc.server.GrpcLogAppender$AppendLogResponseHandler@2609f9c9: Request not found, ignoring reply: 8cac6937-780c-4459-964a-dea4dcd51fd7<-da64134c-6992-4903-9407-7df321e464db#5703:OK,SUCCESS,nextIndex:5619,term:1,followerCommit:5617
 0.00% |█                                                                                                    |  0/1 Time: 0:01:01 0.00% |█                                                                                                    |  0/1 Time: 0:01:02 0.00% |█                                                                                                    |  0/1 Time: 0:01:032019-07-09 10:00:11,377 INFO  client.GrpcClientProtocolClient (GrpcClientProtocolClient.java:onNext(255)) - client-CECA27ED65B5->9ed8676d-9460-465d-9905-fd43a52295f6: receive RaftClientReply:client-CECA27ED65B5->9ed8676d-9460-465d-9905-fd43a52295f6@group-D84C501198B9, cid=3734, FAILED org.apache.ratis.protocol.NotLeaderException: Server 9ed8676d-9460-465d-9905-fd43a52295f6 is not the leader (8cac6937-780c-4459-964a-dea4dcd51fd7:192.168.69.99:40461). Request must be sent to leader., logIndex=0, commits[9ed8676d-9460-465d-9905-fd43a52295f6:c5618, da64134c-6992-4903-9407-7df321e464db:c5618, 8cac6937-780c-4459-964a-dea4dcd51fd7:c5618]
2019-07-09 10:00:11,398 INFO  client.GrpcClientProtocolClient (GrpcClientProtocolClient.java:onNext(255)) - client-CECA27ED65B5->8cac6937-780c-4459-964a-dea4dcd51fd7: receive RaftClientReply:client-CECA27ED65B5->8cac6937-780c-4459-964a-dea4dcd51fd7@group-D84C501198B9, cid=3734, SUCCESS, logIndex=5617, commits[8cac6937-780c-4459-964a-dea4dcd51fd7:c5617, 9ed8676d-9460-465d-9905-fd43a52295f6:c5615, da64134c-6992-4903-9407-7df321e464db:c5615]
2019-07-09 10:00:11,410 INFO  client.GrpcClientProtocolClient (GrpcClientProtocolClient.java:onNext(255)) - client-CECA27ED65B5->8cac6937-780c-4459-964a-dea4dcd51fd7: receive RaftClientReply:client-CECA27ED65B5->8cac6937-780c-4459-964a-dea4dcd51fd7@group-D84C501198B9, cid=3735, SUCCESS, logIndex=0, commits[8cac6937-780c-4459-964a-dea4dcd51fd7:c5618, 9ed8676d-9460-465d-9905-fd43a52295f6:c5618, da64134c-6992-4903-9407-7df321e464db:c5618]
2019-07-09 10:00:11,441 WARN  block.BlockManagerImpl (BlockManagerImpl.java:allocateBlock(192)) - Pipeline creation failed for type:RATIS factor:THREE. Retrying get pipelines call once.
org.apache.hadoop.hdds.scm.pipeline.InsufficientDatanodesException: Cannot create pipeline of factor 3 using 2 nodes.
	at org.apache.hadoop.hdds.scm.pipeline.RatisPipelineProvider.create(RatisPipelineProvider.java:151)
	at org.apache.hadoop.hdds.scm.pipeline.PipelineFactory.create(PipelineFactory.java:57)
	at org.apache.hadoop.hdds.scm.pipeline.SCMPipelineManager.createPipeline(SCMPipelineManager.java:149)
	at org.apache.hadoop.hdds.scm.block.BlockManagerImpl.allocateBlock(BlockManagerImpl.java:190)
	at org.apache.hadoop.hdds.scm.server.SCMBlockProtocolServer.allocateBlock(SCMBlockProtocolServer.java:172)
	at org.apache.hadoop.ozone.protocolPB.ScmBlockLocationProtocolServerSideTranslatorPB.allocateScmBlock(ScmBlockLocationProtocolServerSideTranslatorPB.java:144)
	at org.apache.hadoop.ozone.protocolPB.ScmBlockLocationProtocolServerSideTranslatorPB.send(ScmBlockLocationProtocolServerSideTranslatorPB.java:107)
	at org.apache.hadoop.hdds.protocol.proto.ScmBlockLocationProtocolProtos$ScmBlockLocationProtocolService$2.callBlockingMethod(ScmBlockLocationProtocolProtos.java:11281)
	at org.apache.hadoop.ipc.ProtobufRpcEngine$Server$ProtoBufRpcInvoker.call(ProtobufRpcEngine.java:524)
	at org.apache.hadoop.ipc.RPC$Server.call(RPC.java:1025)
	at org.apache.hadoop.ipc.Server$RpcCall.run(Server.java:876)
	at org.apache.hadoop.ipc.Server$RpcCall.run(Server.java:822)
	at java.security.AccessController.doPrivileged(Native Method)
	at javax.security.auth.Subject.doAs(Subject.java:422)
	at org.apache.hadoop.security.UserGroupInformation.doAs(UserGroupInformation.java:1730)
	at org.apache.hadoop.ipc.Server$Handler.run(Server.java:2682)
2019-07-09 10:00:11,443 INFO  block.BlockManagerImpl (BlockManagerImpl.java:allocateBlock(198)) - Could not find available pipeline of type:RATIS and factor:THREE even after retrying
2019-07-09 10:00:11,443 ERROR block.BlockManagerImpl (BlockManagerImpl.java:allocateBlock(222)) - Unable to allocate a block for the size: 4194304, type: RATIS, factor: THREE
10:00:11.448 [IPC Server handler 3 on 33026] ERROR OMAudit - user=jenkins1000 | ip=127.0.0.1 | op=ALLOCATE_BLOCK {volume=vol-0-08380, bucket=bucket-0-15887, key=key-0-90965, dataSize=0, replicationType=null, replicationFactor=null, keyLocationInfo=null, clientID=102410901794324882} | ret=FAILURE
org.apache.hadoop.hdds.scm.exceptions.SCMException: Allocated 0 blocks. Requested 1 blocks
	at org.apache.hadoop.hdds.scm.protocolPB.ScmBlockLocationProtocolClientSideTranslatorPB.handleError(ScmBlockLocationProtocolClientSideTranslatorPB.java:113) ~[classes/:?]
	at org.apache.hadoop.hdds.scm.protocolPB.ScmBlockLocationProtocolClientSideTranslatorPB.allocateBlock(ScmBlockLocationProtocolClientSideTranslatorPB.java:151) ~[classes/:?]
	at sun.reflect.GeneratedMethodAccessor46.invoke(Unknown Source) ~[?:?]
	at sun.reflect.DelegatingMethodAccessorImpl.invoke(DelegatingMethodAccessorImpl.java:43) ~[?:1.8.0_212]
	at java.lang.reflect.Method.invoke(Method.java:498) ~[?:1.8.0_212]
	at org.apache.hadoop.hdds.tracing.TraceAllMethod.invoke(TraceAllMethod.java:66) ~[classes/:?]
	at com.sun.proxy.$Proxy27.allocateBlock(Unknown Source) ~[?:?]
	at org.apache.hadoop.ozone.om.KeyManagerImpl.allocateBlock(KeyManagerImpl.java:348) ~[classes/:?]
	at org.apache.hadoop.ozone.om.KeyManagerImpl.allocateBlock(KeyManagerImpl.java:316) ~[classes/:?]
	at org.apache.hadoop.ozone.om.OzoneManager.allocateBlock(OzoneManager.java:2291) [classes/:?]
	at org.apache.hadoop.ozone.protocolPB.OzoneManagerRequestHandler.allocateBlock(OzoneManagerRequestHandler.java:756) [classes/:?]
	at org.apache.hadoop.ozone.protocolPB.OzoneManagerRequestHandler.handle(OzoneManagerRequestHandler.java:249) [classes/:?]
	at org.apache.hadoop.ozone.protocolPB.OzoneManagerProtocolServerSideTranslatorPB.submitRequestDirectlyToOM(OzoneManagerProtocolServerSideTranslatorPB.java:192) [classes/:?]
	at org.apache.hadoop.ozone.protocolPB.OzoneManagerProtocolServerSideTranslatorPB.submitRequest(OzoneManagerProtocolServerSideTranslatorPB.java:110) [classes/:?]
	at org.apache.hadoop.ozone.protocol.proto.OzoneManagerProtocolProtos$OzoneManagerService$2.callBlockingMethod(OzoneManagerProtocolProtos.java) [classes/:?]
	at org.apache.hadoop.ipc.ProtobufRpcEngine$Server$ProtoBufRpcInvoker.call(ProtobufRpcEngine.java:524) [hadoop-common-3.2.0.jar:?]
	at org.apache.hadoop.ipc.RPC$Server.call(RPC.java:1025) [hadoop-common-3.2.0.jar:?]
	at org.apache.hadoop.ipc.Server$RpcCall.run(Server.java:876) [hadoop-common-3.2.0.jar:?]
	at org.apache.hadoop.ipc.Server$RpcCall.run(Server.java:822) [hadoop-common-3.2.0.jar:?]
	at java.security.AccessController.doPrivileged(Native Method) [?:1.8.0_212]
	at javax.security.auth.Subject.doAs(Subject.java:422) [?:1.8.0_212]
	at org.apache.hadoop.security.UserGroupInformation.doAs(UserGroupInformation.java:1730) [hadoop-common-3.2.0.jar:?]
	at org.apache.hadoop.ipc.Server$Handler.run(Server.java:2682) [hadoop-common-3.2.0.jar:?]
2019-07-09 10:00:11,466 ERROR io.BlockOutputStreamEntryPool (BlockOutputStreamEntryPool.java:allocateBlockIfNeeded(299)) - Try to allocate more blocks for write failed, already allocated 0 blocks for this write.
INTERNAL_ERROR org.apache.hadoop.ozone.om.exceptions.OMException: Allocated 0 blocks. Requested 1 blocks
	at org.apache.hadoop.ozone.om.protocolPB.OzoneManagerProtocolClientSideTranslatorPB.handleError(OzoneManagerProtocolClientSideTranslatorPB.java:720)
	at org.apache.hadoop.ozone.om.protocolPB.OzoneManagerProtocolClientSideTranslatorPB.allocateBlock(OzoneManagerProtocolClientSideTranslatorPB.java:752)
	at org.apache.hadoop.ozone.client.io.BlockOutputStreamEntryPool.allocateNewBlock(BlockOutputStreamEntryPool.java:248)
	at org.apache.hadoop.ozone.client.io.BlockOutputStreamEntryPool.allocateBlockIfNeeded(BlockOutputStreamEntryPool.java:296)
	at org.apache.hadoop.ozone.client.io.KeyOutputStream.handleWrite(KeyOutputStream.java:201)
	at org.apache.hadoop.ozone.client.io.KeyOutputStream.write(KeyOutputStream.java:193)
	at org.apache.hadoop.ozone.client.io.OzoneOutputStream.write(OzoneOutputStream.java:49)
	at org.apache.hadoop.ozone.freon.RandomKeyGenerator$KeyProcessor.run(RandomKeyGenerator.java:693)
	at java.util.concurrent.Executors$RunnableAdapter.call(Executors.java:511)
	at java.util.concurrent.FutureTask.run(FutureTask.java:266)
	at java.util.concurrent.ThreadPoolExecutor.runWorker(ThreadPoolExecutor.java:1149)
	at java.util.concurrent.ThreadPoolExecutor$Worker.run(ThreadPoolExecutor.java:624)
	at java.lang.Thread.run(Thread.java:748)
2019-07-09 10:00:11,467 ERROR freon.RandomKeyGenerator (RandomKeyGenerator.java:run(718)) - Exception while adding key: key-0-90965 in bucket: bucket-0-15887 of volume: vol-0-08380.
INTERNAL_ERROR org.apache.hadoop.ozone.om.exceptions.OMException: Allocated 0 blocks. Requested 1 blocks
	at org.apache.hadoop.ozone.om.protocolPB.OzoneManagerProtocolClientSideTranslatorPB.handleError(OzoneManagerProtocolClientSideTranslatorPB.java:720)
	at org.apache.hadoop.ozone.om.protocolPB.OzoneManagerProtocolClientSideTranslatorPB.allocateBlock(OzoneManagerProtocolClientSideTranslatorPB.java:752)
	at org.apache.hadoop.ozone.client.io.BlockOutputStreamEntryPool.allocateNewBlock(BlockOutputStreamEntryPool.java:248)
	at org.apache.hadoop.ozone.client.io.BlockOutputStreamEntryPool.allocateBlockIfNeeded(BlockOutputStreamEntryPool.java:296)
	at org.apache.hadoop.ozone.client.io.KeyOutputStream.handleWrite(KeyOutputStream.java:201)
	at org.apache.hadoop.ozone.client.io.KeyOutputStream.write(KeyOutputStream.java:193)
	at org.apache.hadoop.ozone.client.io.OzoneOutputStream.write(OzoneOutputStream.java:49)
	at org.apache.hadoop.ozone.freon.RandomKeyGenerator$KeyProcessor.run(RandomKeyGenerator.java:693)
	at java.util.concurrent.Executors$RunnableAdapter.call(Executors.java:511)
	at java.util.concurrent.FutureTask.run(FutureTask.java:266)
	at java.util.concurrent.ThreadPoolExecutor.runWorker(ThreadPoolExecutor.java:1149)
	at java.util.concurrent.ThreadPoolExecutor$Worker.run(ThreadPoolExecutor.java:624)
	at java.lang.Thread.run(Thread.java:748)
 0.00% |█                                                                                                    |  0/1 Time: 0:01:04 100.00% |█████████████████████████████████████████████████████████████████████████████████████████████████████|  1/1 Time: 0:01:05
]]></system-out>
  </testcase>
  <testcase name="multiThread" classname="org.apache.hadoop.ozone.freon.TestRandomKeyGenerator" time="19.633"/>
</testsuite>