<?xml version="1.0" encoding="UTF-8"?>
<testsuite xmlns:xsi="http://www.w3.org/2001/XMLSchema-instance" xsi:noNamespaceSchemaLocation="https://maven.apache.org/surefire/maven-surefire-plugin/xsd/surefire-test-report.xsd" name="org.apache.hadoop.ozone.freon.TestFreonWithPipelineDestroy" time="30.105" tests="1" errors="1" skipped="0" failures="0">
  <properties>
    <property name="awt.toolkit" value="sun.awt.X11.XToolkit"/>
    <property name="file.encoding.pkg" value="sun.io"/>
    <property name="java.specification.version" value="1.8"/>
    <property name="sun.cpu.isalist" value=""/>
    <property name="sun.jnu.encoding" value="UTF-8"/>
    <property name="java.class.path" value="/tmp/workdir/hadoop-ozone/tools/target/test-classes:/tmp/workdir/hadoop-ozone/tools/target/classes:/tmp/workdir/hadoop-ozone/ozone-manager/target/classes:/tmp/workdir/hadoop-hdds/docs/target/classes:/home/user/.m2/repository/org/bouncycastle/bcprov-jdk15on/1.60/bcprov-jdk15on-1.60.jar:/tmp/workdir/hadoop-ozone/common/target/classes:/home/user/.m2/repository/org/apache/commons/commons-compress/1.4.1/commons-compress-1.4.1.jar:/home/user/.m2/repository/org/tukaani/xz/1.0/xz-1.0.jar:/home/user/.m2/repository/org/apache/hadoop/hadoop-hdfs-client/3.2.0/hadoop-hdfs-client-3.2.0.jar:/home/user/.m2/repository/com/fasterxml/jackson/core/jackson-annotations/2.9.5/jackson-annotations-2.9.5.jar:/tmp/workdir/hadoop-hdds/common/target/classes:/tmp/workdir/hadoop-hdds/config/target/classes:/home/user/.m2/repository/javax/annotation/javax.annotation-api/1.2/javax.annotation-api-1.2.jar:/home/user/.m2/repository/org/apache/ratis/ratis-server/0.4.0-2337318-SNAPSHOT/ratis-server-0.4.0-2337318-SNAPSHOT.jar:/home/user/.m2/repository/org/apache/ratis/ratis-thirdparty-misc/0.2.0/ratis-thirdparty-misc-0.2.0.jar:/home/user/.m2/repository/org/apache/ratis/ratis-proto/0.4.0-2337318-SNAPSHOT/ratis-proto-0.4.0-2337318-SNAPSHOT.jar:/home/user/.m2/repository/org/apache/ratis/ratis-common/0.4.0-2337318-SNAPSHOT/ratis-common-0.4.0-2337318-SNAPSHOT.jar:/home/user/.m2/repository/org/apache/ratis/ratis-client/0.4.0-2337318-SNAPSHOT/ratis-client-0.4.0-2337318-SNAPSHOT.jar:/home/user/.m2/repository/org/apache/ratis/ratis-metrics/0.4.0-2337318-SNAPSHOT/ratis-metrics-0.4.0-2337318-SNAPSHOT.jar:/home/user/.m2/repository/org/apache/ratis/ratis-netty/0.4.0-2337318-SNAPSHOT/ratis-netty-0.4.0-2337318-SNAPSHOT.jar:/home/user/.m2/repository/org/apache/ratis/ratis-grpc/0.4.0-2337318-SNAPSHOT/ratis-grpc-0.4.0-2337318-SNAPSHOT.jar:/home/user/.m2/repository/org/rocksdb/rocksdbjni/6.0.1/rocksdbjni-6.0.1.jar:/home/user/.m2/repository/org/apache/logging/log4j/log4j-api/2.11.0/log4j-api-2.11.0.jar:/home/user/.m2/repository/org/apache/logging/log4j/log4j-core/2.11.0/log4j-core-2.11.0.jar:/home/user/.m2/repository/com/lmax/disruptor/3.4.2/disruptor-3.4.2.jar:/home/user/.m2/repository/org/apache/commons/commons-pool2/2.6.0/commons-pool2-2.6.0.jar:/home/user/.m2/repository/org/bouncycastle/bcpkix-jdk15on/1.60/bcpkix-jdk15on-1.60.jar:/home/user/.m2/repository/commons-validator/commons-validator/1.6/commons-validator-1.6.jar:/home/user/.m2/repository/commons-digester/commons-digester/1.8.1/commons-digester-1.8.1.jar:/home/user/.m2/repository/io/jaegertracing/jaeger-client/0.33.1/jaeger-client-0.33.1.jar:/home/user/.m2/repository/io/jaegertracing/jaeger-thrift/0.33.1/jaeger-thrift-0.33.1.jar:/home/user/.m2/repository/org/apache/thrift/libthrift/0.11.0/libthrift-0.11.0.jar:/home/user/.m2/repository/com/squareup/okhttp3/okhttp/3.9.0/okhttp-3.9.0.jar:/home/user/.m2/repository/com/squareup/okio/okio/1.13.0/okio-1.13.0.jar:/home/user/.m2/repository/io/jaegertracing/jaeger-core/0.33.1/jaeger-core-0.33.1.jar:/home/user/.m2/repository/io/jaegertracing/jaeger-tracerresolver/0.33.1/jaeger-tracerresolver-0.33.1.jar:/home/user/.m2/repository/io/opentracing/contrib/opentracing-tracerresolver/0.1.5/opentracing-tracerresolver-0.1.5.jar:/home/user/.m2/repository/io/opentracing/opentracing-util/0.31.0/opentracing-util-0.31.0.jar:/home/user/.m2/repository/io/opentracing/opentracing-api/0.31.0/opentracing-api-0.31.0.jar:/home/user/.m2/repository/io/opentracing/opentracing-noop/0.31.0/opentracing-noop-0.31.0.jar:/home/user/.m2/repository/org/yaml/snakeyaml/1.16/snakeyaml-1.16.jar:/tmp/workdir/hadoop-hdds/container-service/target/classes:/tmp/workdir/hadoop-hdds/client/target/classes:/tmp/workdir/hadoop-hdds/tools/target/classes:/home/user/.m2/repository/org/xerial/sqlite-jdbc/3.25.2/sqlite-jdbc-3.25.2.jar:/tmp/workdir/hadoop-hdds/server-scm/target/classes:/home/user/.m2/repository/org/hamcrest/hamcrest-all/1.3/hamcrest-all-1.3.jar:/home/user/.m2/repository/info/picocli/picocli/3.9.6/picocli-3.9.6.jar:/home/user/.m2/repository/com/google/protobuf/protobuf-java/2.5.0/protobuf-java-2.5.0.jar:/home/user/.m2/repository/com/google/guava/guava/11.0.2/guava-11.0.2.jar:/tmp/workdir/hadoop-ozone/client/target/classes:/home/user/.m2/repository/org/apache/hadoop/hadoop-ozone-filesystem/0.5.0-SNAPSHOT/hadoop-ozone-filesystem-0.5.0-SNAPSHOT.jar:/tmp/workdir/hadoop-hdds/framework/target/classes:/home/user/.m2/repository/org/apache/hadoop/hadoop-common/3.2.0/hadoop-common-3.2.0.jar:/home/user/.m2/repository/org/apache/hadoop/hadoop-annotations/3.2.0/hadoop-annotations-3.2.0.jar:/usr/lib/jvm/java-1.8-openjdk/jre/../lib/tools.jar:/home/user/.m2/repository/commons-cli/commons-cli/1.2/commons-cli-1.2.jar:/home/user/.m2/repository/org/apache/commons/commons-math3/3.1.1/commons-math3-3.1.1.jar:/home/user/.m2/repository/org/apache/httpcomponents/httpclient/4.5.2/httpclient-4.5.2.jar:/home/user/.m2/repository/org/apache/httpcomponents/httpcore/4.4.4/httpcore-4.4.4.jar:/home/user/.m2/repository/commons-codec/commons-codec/1.11/commons-codec-1.11.jar:/home/user/.m2/repository/commons-io/commons-io/2.5/commons-io-2.5.jar:/home/user/.m2/repository/commons-net/commons-net/3.6/commons-net-3.6.jar:/home/user/.m2/repository/commons-collections/commons-collections/3.2.2/commons-collections-3.2.2.jar:/home/user/.m2/repository/javax/servlet/javax.servlet-api/3.1.0/javax.servlet-api-3.1.0.jar:/home/user/.m2/repository/org/eclipse/jetty/jetty-server/9.3.24.v20180605/jetty-server-9.3.24.v20180605.jar:/home/user/.m2/repository/org/eclipse/jetty/jetty-http/9.3.24.v20180605/jetty-http-9.3.24.v20180605.jar:/home/user/.m2/repository/org/eclipse/jetty/jetty-io/9.3.24.v20180605/jetty-io-9.3.24.v20180605.jar:/home/user/.m2/repository/org/eclipse/jetty/jetty-util/9.3.24.v20180605/jetty-util-9.3.24.v20180605.jar:/home/user/.m2/repository/org/eclipse/jetty/jetty-servlet/9.3.24.v20180605/jetty-servlet-9.3.24.v20180605.jar:/home/user/.m2/repository/org/eclipse/jetty/jetty-security/9.3.24.v20180605/jetty-security-9.3.24.v20180605.jar:/home/user/.m2/repository/org/eclipse/jetty/jetty-webapp/9.3.24.v20180605/jetty-webapp-9.3.24.v20180605.jar:/home/user/.m2/repository/org/eclipse/jetty/jetty-xml/9.3.24.v20180605/jetty-xml-9.3.24.v20180605.jar:/home/user/.m2/repository/javax/servlet/jsp/jsp-api/2.1/jsp-api-2.1.jar:/home/user/.m2/repository/com/sun/jersey/jersey-core/1.19/jersey-core-1.19.jar:/home/user/.m2/repository/javax/ws/rs/jsr311-api/1.1.1/jsr311-api-1.1.1.jar:/home/user/.m2/repository/com/sun/jersey/jersey-servlet/1.19/jersey-servlet-1.19.jar:/home/user/.m2/repository/com/sun/jersey/jersey-json/1.19/jersey-json-1.19.jar:/home/user/.m2/repository/org/codehaus/jettison/jettison/1.1/jettison-1.1.jar:/home/user/.m2/repository/com/sun/xml/bind/jaxb-impl/2.3.0.1/jaxb-impl-2.3.0.1.jar:/home/user/.m2/repository/org/codehaus/jackson/jackson-core-asl/1.9.13/jackson-core-asl-1.9.13.jar:/home/user/.m2/repository/org/codehaus/jackson/jackson-mapper-asl/1.9.13/jackson-mapper-asl-1.9.13.jar:/home/user/.m2/repository/org/codehaus/jackson/jackson-jaxrs/1.9.13/jackson-jaxrs-1.9.13.jar:/home/user/.m2/repository/org/codehaus/jackson/jackson-xc/1.9.13/jackson-xc-1.9.13.jar:/home/user/.m2/repository/com/sun/jersey/jersey-server/1.19/jersey-server-1.19.jar:/home/user/.m2/repository/commons-logging/commons-logging/1.1.3/commons-logging-1.1.3.jar:/home/user/.m2/repository/log4j/log4j/1.2.17/log4j-1.2.17.jar:/home/user/.m2/repository/commons-beanutils/commons-beanutils/1.9.3/commons-beanutils-1.9.3.jar:/home/user/.m2/repository/org/apache/commons/commons-configuration2/2.1.1/commons-configuration2-2.1.1.jar:/home/user/.m2/repository/org/apache/commons/commons-lang3/3.7/commons-lang3-3.7.jar:/home/user/.m2/repository/org/apache/commons/commons-text/1.4/commons-text-1.4.jar:/home/user/.m2/repository/org/slf4j/slf4j-api/1.7.25/slf4j-api-1.7.25.jar:/home/user/.m2/repository/org/slf4j/slf4j-log4j12/1.7.25/slf4j-log4j12-1.7.25.jar:/home/user/.m2/repository/org/apache/avro/avro/1.7.7/avro-1.7.7.jar:/home/user/.m2/repository/com/thoughtworks/paranamer/paranamer/2.3/paranamer-2.3.jar:/home/user/.m2/repository/org/xerial/snappy/snappy-java/1.0.5/snappy-java-1.0.5.jar:/home/user/.m2/repository/com/google/re2j/re2j/1.1/re2j-1.1.jar:/home/user/.m2/repository/com/google/code/gson/gson/2.2.4/gson-2.2.4.jar:/home/user/.m2/repository/org/apache/hadoop/hadoop-auth/3.2.0/hadoop-auth-3.2.0.jar:/home/user/.m2/repository/com/nimbusds/nimbus-jose-jwt/4.41.1/nimbus-jose-jwt-4.41.1.jar:/home/user/.m2/repository/com/github/stephenc/jcip/jcip-annotations/1.0-1/jcip-annotations-1.0-1.jar:/home/user/.m2/repository/net/minidev/json-smart/2.3/json-smart-2.3.jar:/home/user/.m2/repository/net/minidev/accessors-smart/1.2/accessors-smart-1.2.jar:/home/user/.m2/repository/org/apache/curator/curator-framework/2.12.0/curator-framework-2.12.0.jar:/home/user/.m2/repository/com/jcraft/jsch/0.1.54/jsch-0.1.54.jar:/home/user/.m2/repository/org/apache/curator/curator-client/2.12.0/curator-client-2.12.0.jar:/home/user/.m2/repository/org/apache/curator/curator-recipes/2.12.0/curator-recipes-2.12.0.jar:/home/user/.m2/repository/com/google/code/findbugs/jsr305/3.0.0/jsr305-3.0.0.jar:/home/user/.m2/repository/org/apache/htrace/htrace-core4/4.1.0-incubating/htrace-core4-4.1.0-incubating.jar:/home/user/.m2/repository/org/apache/zookeeper/zookeeper/3.4.13/zookeeper-3.4.13.jar:/home/user/.m2/repository/org/apache/yetus/audience-annotations/0.5.0/audience-annotations-0.5.0.jar:/home/user/.m2/repository/org/apache/kerby/kerb-simplekdc/1.0.1/kerb-simplekdc-1.0.1.jar:/home/user/.m2/repository/org/apache/kerby/kerb-client/1.0.1/kerb-client-1.0.1.jar:/home/user/.m2/repository/org/apache/kerby/kerby-config/1.0.1/kerby-config-1.0.1.jar:/home/user/.m2/repository/org/apache/kerby/kerb-core/1.0.1/kerb-core-1.0.1.jar:/home/user/.m2/repository/org/apache/kerby/kerby-pkix/1.0.1/kerby-pkix-1.0.1.jar:/home/user/.m2/repository/org/apache/kerby/kerby-asn1/1.0.1/kerby-asn1-1.0.1.jar:/home/user/.m2/repository/org/apache/kerby/kerby-util/1.0.1/kerby-util-1.0.1.jar:/home/user/.m2/repository/org/apache/kerby/kerb-common/1.0.1/kerb-common-1.0.1.jar:/home/user/.m2/repository/org/apache/kerby/kerb-crypto/1.0.1/kerb-crypto-1.0.1.jar:/home/user/.m2/repository/org/apache/kerby/kerb-util/1.0.1/kerb-util-1.0.1.jar:/home/user/.m2/repository/org/apache/kerby/token-provider/1.0.1/token-provider-1.0.1.jar:/home/user/.m2/repository/org/apache/kerby/kerb-admin/1.0.1/kerb-admin-1.0.1.jar:/home/user/.m2/repository/org/apache/kerby/kerb-server/1.0.1/kerb-server-1.0.1.jar:/home/user/.m2/repository/org/apache/kerby/kerb-identity/1.0.1/kerb-identity-1.0.1.jar:/home/user/.m2/repository/org/apache/kerby/kerby-xdr/1.0.1/kerby-xdr-1.0.1.jar:/home/user/.m2/repository/com/fasterxml/jackson/core/jackson-databind/2.9.5/jackson-databind-2.9.5.jar:/home/user/.m2/repository/com/fasterxml/jackson/core/jackson-core/2.9.5/jackson-core-2.9.5.jar:/home/user/.m2/repository/org/codehaus/woodstox/stax2-api/3.1.4/stax2-api-3.1.4.jar:/home/user/.m2/repository/com/fasterxml/woodstox/woodstox-core/5.0.3/woodstox-core-5.0.3.jar:/home/user/.m2/repository/dnsjava/dnsjava/2.1.7/dnsjava-2.1.7.jar:/home/user/.m2/repository/org/apache/hadoop/hadoop-hdfs/3.2.0/hadoop-hdfs-3.2.0.jar:/home/user/.m2/repository/org/eclipse/jetty/jetty-util-ajax/9.3.24.v20180605/jetty-util-ajax-9.3.24.v20180605.jar:/home/user/.m2/repository/commons-daemon/commons-daemon/1.0.13/commons-daemon-1.0.13.jar:/home/user/.m2/repository/io/netty/netty/3.10.5.Final/netty-3.10.5.Final.jar:/home/user/.m2/repository/io/netty/netty-all/4.0.52.Final/netty-all-4.0.52.Final.jar:/home/user/.m2/repository/org/fusesource/leveldbjni/leveldbjni-all/1.8/leveldbjni-all-1.8.jar:/home/user/.m2/repository/com/sun/xml/bind/jaxb-core/2.3.0.1/jaxb-core-2.3.0.1.jar:/home/user/.m2/repository/javax/xml/bind/jaxb-api/2.3.0/jaxb-api-2.3.0.jar:/home/user/.m2/repository/javax/activation/activation/1.1.1/activation-1.1.1.jar:/home/user/.m2/repository/io/dropwizard/metrics/metrics-core/3.2.4/metrics-core-3.2.4.jar:/home/user/.m2/repository/org/openjdk/jmh/jmh-core/1.19/jmh-core-1.19.jar:/home/user/.m2/repository/net/sf/jopt-simple/jopt-simple/4.6/jopt-simple-4.6.jar:/home/user/.m2/repository/org/openjdk/jmh/jmh-generator-annprocess/1.19/jmh-generator-annprocess-1.19.jar:/home/user/.m2/repository/com/google/code/findbugs/findbugs/3.0.1/findbugs-3.0.1.jar:/home/user/.m2/repository/net/jcip/jcip-annotations/1.0/jcip-annotations-1.0.jar:/home/user/.m2/repository/com/google/code/findbugs/bcel-findbugs/6.0/bcel-findbugs-6.0.jar:/home/user/.m2/repository/com/google/code/findbugs/jFormatString/2.0.1/jFormatString-2.0.1.jar:/home/user/.m2/repository/dom4j/dom4j/1.6.1/dom4j-1.6.1.jar:/home/user/.m2/repository/xml-apis/xml-apis/1.0.b2/xml-apis-1.0.b2.jar:/home/user/.m2/repository/org/ow2/asm/asm-debug-all/5.0.2/asm-debug-all-5.0.2.jar:/home/user/.m2/repository/org/ow2/asm/asm-commons/5.0.2/asm-commons-5.0.2.jar:/home/user/.m2/repository/org/ow2/asm/asm-tree/5.0.2/asm-tree-5.0.2.jar:/home/user/.m2/repository/org/ow2/asm/asm/5.0.4/asm-5.0.4.jar:/home/user/.m2/repository/commons-lang/commons-lang/2.6/commons-lang-2.6.jar:/home/user/.m2/repository/com/apple/AppleJavaExtensions/1.4/AppleJavaExtensions-1.4.jar:/home/user/.m2/repository/jaxen/jaxen/1.1.6/jaxen-1.1.6.jar:/home/user/.m2/repository/junit/junit/4.11/junit-4.11.jar:/home/user/.m2/repository/org/hamcrest/hamcrest-core/1.3/hamcrest-core-1.3.jar:/home/user/.m2/repository/org/apache/hadoop/hadoop-common/3.2.0/hadoop-common-3.2.0-tests.jar:/home/user/.m2/repository/org/apache/hadoop/hadoop-ozone-integration-test/0.5.0-SNAPSHOT/hadoop-ozone-integration-test-0.5.0-SNAPSHOT-tests.jar:/tmp/workdir/hadoop-ozone/objectstore-service/target/classes:/tmp/workdir/hadoop-ozone/s3gateway/target/classes:/home/user/.m2/repository/org/jboss/weld/servlet/weld-servlet/2.4.7.Final/weld-servlet-2.4.7.Final.jar:/home/user/.m2/repository/org/glassfish/jersey/containers/jersey-container-servlet-core/2.27/jersey-container-servlet-core-2.27.jar:/home/user/.m2/repository/org/glassfish/hk2/external/javax.inject/2.5.0-b42/javax.inject-2.5.0-b42.jar:/home/user/.m2/repository/org/glassfish/jersey/core/jersey-common/2.27/jersey-common-2.27.jar:/home/user/.m2/repository/org/glassfish/hk2/osgi-resource-locator/1.0.1/osgi-resource-locator-1.0.1.jar:/home/user/.m2/repository/javax/ws/rs/javax.ws.rs-api/2.1/javax.ws.rs-api-2.1.jar:/home/user/.m2/repository/org/glassfish/jersey/ext/cdi/jersey-cdi1x/2.27/jersey-cdi1x-2.27.jar:/home/user/.m2/repository/org/glassfish/jersey/inject/jersey-hk2/2.27/jersey-hk2-2.27.jar:/home/user/.m2/repository/org/glassfish/hk2/hk2-locator/2.5.0-b42/hk2-locator-2.5.0-b42.jar:/home/user/.m2/repository/org/javassist/javassist/3.22.0-CR2/javassist-3.22.0-CR2.jar:/home/user/.m2/repository/org/glassfish/hk2/hk2-api/2.5.0/hk2-api-2.5.0.jar:/home/user/.m2/repository/org/glassfish/hk2/external/jakarta.inject/2.5.0/jakarta.inject-2.5.0.jar:/home/user/.m2/repository/org/glassfish/hk2/hk2-utils/2.5.0/hk2-utils-2.5.0.jar:/home/user/.m2/repository/jakarta/annotation/jakarta.annotation-api/1.3.4/jakarta.annotation-api-1.3.4.jar:/home/user/.m2/repository/org/glassfish/hk2/external/aopalliance-repackaged/2.5.0/aopalliance-repackaged-2.5.0.jar:/home/user/.m2/repository/com/fasterxml/jackson/dataformat/jackson-dataformat-xml/2.9.0/jackson-dataformat-xml-2.9.0.jar:/home/user/.m2/repository/com/fasterxml/jackson/module/jackson-module-jaxb-annotations/2.9.5/jackson-module-jaxb-annotations-2.9.5.jar:/home/user/.m2/repository/javax/enterprise/cdi-api/1.2/cdi-api-1.2.jar:/home/user/.m2/repository/javax/el/javax.el-api/3.0.0/javax.el-api-3.0.0.jar:/home/user/.m2/repository/javax/interceptor/javax.interceptor-api/1.2/javax.interceptor-api-1.2.jar:/home/user/.m2/repository/javax/inject/javax.inject/1/javax.inject-1.jar:/tmp/workdir/hadoop-ozone/csi/target/classes:/home/user/.m2/repository/com/google/protobuf/protobuf-java-util/3.5.1/protobuf-java-util-3.5.1.jar:/home/user/.m2/repository/io/grpc/grpc-netty/1.17.1/grpc-netty-1.17.1.jar:/home/user/.m2/repository/io/grpc/grpc-core/1.17.1/grpc-core-1.17.1.jar:/home/user/.m2/repository/io/grpc/grpc-context/1.17.1/grpc-context-1.17.1.jar:/home/user/.m2/repository/com/google/errorprone/error_prone_annotations/2.2.0/error_prone_annotations-2.2.0.jar:/home/user/.m2/repository/org/codehaus/mojo/animal-sniffer-annotations/1.17/animal-sniffer-annotations-1.17.jar:/home/user/.m2/repository/io/opencensus/opencensus-api/0.17.0/opencensus-api-0.17.0.jar:/home/user/.m2/repository/io/opencensus/opencensus-contrib-grpc-metrics/0.17.0/opencensus-contrib-grpc-metrics-0.17.0.jar:/home/user/.m2/repository/io/netty/netty-codec-http2/4.1.30.Final/netty-codec-http2-4.1.30.Final.jar:/home/user/.m2/repository/io/netty/netty-codec-http/4.1.30.Final/netty-codec-http-4.1.30.Final.jar:/home/user/.m2/repository/io/netty/netty-codec/4.1.30.Final/netty-codec-4.1.30.Final.jar:/home/user/.m2/repository/io/netty/netty-handler/4.1.30.Final/netty-handler-4.1.30.Final.jar:/home/user/.m2/repository/io/netty/netty-handler-proxy/4.1.30.Final/netty-handler-proxy-4.1.30.Final.jar:/home/user/.m2/repository/io/netty/netty-codec-socks/4.1.30.Final/netty-codec-socks-4.1.30.Final.jar:/home/user/.m2/repository/io/netty/netty-transport-native-epoll/4.1.30.Final/netty-transport-native-epoll-4.1.30.Final.jar:/home/user/.m2/repository/io/netty/netty-common/4.1.30.Final/netty-common-4.1.30.Final.jar:/home/user/.m2/repository/io/netty/netty-buffer/4.1.30.Final/netty-buffer-4.1.30.Final.jar:/home/user/.m2/repository/io/netty/netty-transport/4.1.30.Final/netty-transport-4.1.30.Final.jar:/home/user/.m2/repository/io/netty/netty-resolver/4.1.30.Final/netty-resolver-4.1.30.Final.jar:/home/user/.m2/repository/io/netty/netty-transport-native-unix-common/4.1.30.Final/netty-transport-native-unix-common-4.1.30.Final.jar:/home/user/.m2/repository/io/grpc/grpc-protobuf/1.17.1/grpc-protobuf-1.17.1.jar:/home/user/.m2/repository/com/google/api/grpc/proto-google-common-protos/1.0.0/proto-google-common-protos-1.0.0.jar:/home/user/.m2/repository/io/grpc/grpc-protobuf-lite/1.17.1/grpc-protobuf-lite-1.17.1.jar:/home/user/.m2/repository/io/grpc/grpc-stub/1.17.1/grpc-stub-1.17.1.jar:/tmp/workdir/hadoop-ozone/ozone-recon/target/classes:/tmp/workdir/hadoop-ozone/ozone-recon-codegen/target/classes:/home/user/.m2/repository/com/google/inject/extensions/guice-multibindings/4.0/guice-multibindings-4.0.jar:/home/user/.m2/repository/com/google/inject/guice/4.0/guice-4.0.jar:/home/user/.m2/repository/aopalliance/aopalliance/1.0/aopalliance-1.0.jar:/home/user/.m2/repository/com/google/inject/extensions/guice-servlet/4.0/guice-servlet-4.0.jar:/home/user/.m2/repository/org/glassfish/jersey/containers/jersey-container-servlet/2.27/jersey-container-servlet-2.27.jar:/home/user/.m2/repository/org/glassfish/hk2/guice-bridge/2.5.0/guice-bridge-2.5.0.jar:/home/user/.m2/repository/org/glassfish/jersey/core/jersey-server/2.27/jersey-server-2.27.jar:/home/user/.m2/repository/org/glassfish/jersey/core/jersey-client/2.27/jersey-client-2.27.jar:/home/user/.m2/repository/org/glassfish/jersey/media/jersey-media-jaxb/2.27/jersey-media-jaxb-2.27.jar:/home/user/.m2/repository/javax/validation/validation-api/1.1.0.Final/validation-api-1.1.0.Final.jar:/home/user/.m2/repository/org/glassfish/jersey/media/jersey-media-json-jackson/2.27/jersey-media-json-jackson-2.27.jar:/home/user/.m2/repository/org/glassfish/jersey/ext/jersey-entity-filtering/2.27/jersey-entity-filtering-2.27.jar:/home/user/.m2/repository/com/google/inject/extensions/guice-assistedinject/4.0/guice-assistedinject-4.0.jar:/home/user/.m2/repository/org/jooq/jooq/3.11.10/jooq-3.11.10.jar:/home/user/.m2/repository/org/jooq/jooq-meta/3.11.10/jooq-meta-3.11.10.jar:/home/user/.m2/repository/org/jooq/jooq-codegen/3.11.10/jooq-codegen-3.11.10.jar:/home/user/.m2/repository/com/jolbox/bonecp/0.8.0.RELEASE/bonecp-0.8.0.RELEASE.jar:/home/user/.m2/repository/org/springframework/spring-jdbc/5.1.3.RELEASE/spring-jdbc-5.1.3.RELEASE.jar:/home/user/.m2/repository/org/springframework/spring-beans/5.1.3.RELEASE/spring-beans-5.1.3.RELEASE.jar:/home/user/.m2/repository/org/springframework/spring-core/5.1.3.RELEASE/spring-core-5.1.3.RELEASE.jar:/home/user/.m2/repository/org/springframework/spring-jcl/5.1.3.RELEASE/spring-jcl-5.1.3.RELEASE.jar:/home/user/.m2/repository/org/springframework/spring-tx/5.1.3.RELEASE/spring-tx-5.1.3.RELEASE.jar:/home/user/.m2/repository/org/mockito/mockito-core/2.15.0/mockito-core-2.15.0.jar:/home/user/.m2/repository/net/bytebuddy/byte-buddy/1.7.9/byte-buddy-1.7.9.jar:/home/user/.m2/repository/net/bytebuddy/byte-buddy-agent/1.7.9/byte-buddy-agent-1.7.9.jar:/home/user/.m2/repository/org/objenesis/objenesis/1.0/objenesis-1.0.jar:"/>
    <property name="java.vm.vendor" value="IcedTea"/>
    <property name="sun.arch.data.model" value="64"/>
    <property name="test.build.dir" value="/tmp/workdir/hadoop-ozone/tools/target/test-dir"/>
    <property name="test.cache.data" value=""/>
    <property name="java.vendor.url" value="https://icedtea.classpath.org"/>
    <property name="user.timezone" value=""/>
    <property name="java.vm.specification.version" value="1.8"/>
    <property name="os.name" value="Linux"/>
    <property name="test.build.data" value="/tmp/workdir/hadoop-ozone/tools/target/test-dir"/>
    <property name="user.country" value="US"/>
    <property name="sun.java.launcher" value="SUN_STANDARD"/>
    <property name="sun.boot.library.path" value="/usr/lib/jvm/java-1.8-openjdk/jre/lib/amd64"/>
    <property name="sun.java.command" value="/tmp/workdir/hadoop-ozone/tools/target/surefire/surefirebooter6105053544117202562.jar /tmp/workdir/hadoop-ozone/tools/target/surefire 2019-07-08T14-27-58_702-jvmRun1 surefire4672580642587157961tmp surefire_1043935163742468950142tmp"/>
    <property name="surefire.test.class.path" value="/tmp/workdir/hadoop-ozone/tools/target/test-classes:/tmp/workdir/hadoop-ozone/tools/target/classes:/tmp/workdir/hadoop-ozone/ozone-manager/target/classes:/tmp/workdir/hadoop-hdds/docs/target/classes:/home/user/.m2/repository/org/bouncycastle/bcprov-jdk15on/1.60/bcprov-jdk15on-1.60.jar:/tmp/workdir/hadoop-ozone/common/target/classes:/home/user/.m2/repository/org/apache/commons/commons-compress/1.4.1/commons-compress-1.4.1.jar:/home/user/.m2/repository/org/tukaani/xz/1.0/xz-1.0.jar:/home/user/.m2/repository/org/apache/hadoop/hadoop-hdfs-client/3.2.0/hadoop-hdfs-client-3.2.0.jar:/home/user/.m2/repository/com/fasterxml/jackson/core/jackson-annotations/2.9.5/jackson-annotations-2.9.5.jar:/tmp/workdir/hadoop-hdds/common/target/classes:/tmp/workdir/hadoop-hdds/config/target/classes:/home/user/.m2/repository/javax/annotation/javax.annotation-api/1.2/javax.annotation-api-1.2.jar:/home/user/.m2/repository/org/apache/ratis/ratis-server/0.4.0-2337318-SNAPSHOT/ratis-server-0.4.0-2337318-SNAPSHOT.jar:/home/user/.m2/repository/org/apache/ratis/ratis-thirdparty-misc/0.2.0/ratis-thirdparty-misc-0.2.0.jar:/home/user/.m2/repository/org/apache/ratis/ratis-proto/0.4.0-2337318-SNAPSHOT/ratis-proto-0.4.0-2337318-SNAPSHOT.jar:/home/user/.m2/repository/org/apache/ratis/ratis-common/0.4.0-2337318-SNAPSHOT/ratis-common-0.4.0-2337318-SNAPSHOT.jar:/home/user/.m2/repository/org/apache/ratis/ratis-client/0.4.0-2337318-SNAPSHOT/ratis-client-0.4.0-2337318-SNAPSHOT.jar:/home/user/.m2/repository/org/apache/ratis/ratis-metrics/0.4.0-2337318-SNAPSHOT/ratis-metrics-0.4.0-2337318-SNAPSHOT.jar:/home/user/.m2/repository/org/apache/ratis/ratis-netty/0.4.0-2337318-SNAPSHOT/ratis-netty-0.4.0-2337318-SNAPSHOT.jar:/home/user/.m2/repository/org/apache/ratis/ratis-grpc/0.4.0-2337318-SNAPSHOT/ratis-grpc-0.4.0-2337318-SNAPSHOT.jar:/home/user/.m2/repository/org/rocksdb/rocksdbjni/6.0.1/rocksdbjni-6.0.1.jar:/home/user/.m2/repository/org/apache/logging/log4j/log4j-api/2.11.0/log4j-api-2.11.0.jar:/home/user/.m2/repository/org/apache/logging/log4j/log4j-core/2.11.0/log4j-core-2.11.0.jar:/home/user/.m2/repository/com/lmax/disruptor/3.4.2/disruptor-3.4.2.jar:/home/user/.m2/repository/org/apache/commons/commons-pool2/2.6.0/commons-pool2-2.6.0.jar:/home/user/.m2/repository/org/bouncycastle/bcpkix-jdk15on/1.60/bcpkix-jdk15on-1.60.jar:/home/user/.m2/repository/commons-validator/commons-validator/1.6/commons-validator-1.6.jar:/home/user/.m2/repository/commons-digester/commons-digester/1.8.1/commons-digester-1.8.1.jar:/home/user/.m2/repository/io/jaegertracing/jaeger-client/0.33.1/jaeger-client-0.33.1.jar:/home/user/.m2/repository/io/jaegertracing/jaeger-thrift/0.33.1/jaeger-thrift-0.33.1.jar:/home/user/.m2/repository/org/apache/thrift/libthrift/0.11.0/libthrift-0.11.0.jar:/home/user/.m2/repository/com/squareup/okhttp3/okhttp/3.9.0/okhttp-3.9.0.jar:/home/user/.m2/repository/com/squareup/okio/okio/1.13.0/okio-1.13.0.jar:/home/user/.m2/repository/io/jaegertracing/jaeger-core/0.33.1/jaeger-core-0.33.1.jar:/home/user/.m2/repository/io/jaegertracing/jaeger-tracerresolver/0.33.1/jaeger-tracerresolver-0.33.1.jar:/home/user/.m2/repository/io/opentracing/contrib/opentracing-tracerresolver/0.1.5/opentracing-tracerresolver-0.1.5.jar:/home/user/.m2/repository/io/opentracing/opentracing-util/0.31.0/opentracing-util-0.31.0.jar:/home/user/.m2/repository/io/opentracing/opentracing-api/0.31.0/opentracing-api-0.31.0.jar:/home/user/.m2/repository/io/opentracing/opentracing-noop/0.31.0/opentracing-noop-0.31.0.jar:/home/user/.m2/repository/org/yaml/snakeyaml/1.16/snakeyaml-1.16.jar:/tmp/workdir/hadoop-hdds/container-service/target/classes:/tmp/workdir/hadoop-hdds/client/target/classes:/tmp/workdir/hadoop-hdds/tools/target/classes:/home/user/.m2/repository/org/xerial/sqlite-jdbc/3.25.2/sqlite-jdbc-3.25.2.jar:/tmp/workdir/hadoop-hdds/server-scm/target/classes:/home/user/.m2/repository/org/hamcrest/hamcrest-all/1.3/hamcrest-all-1.3.jar:/home/user/.m2/repository/info/picocli/picocli/3.9.6/picocli-3.9.6.jar:/home/user/.m2/repository/com/google/protobuf/protobuf-java/2.5.0/protobuf-java-2.5.0.jar:/home/user/.m2/repository/com/google/guava/guava/11.0.2/guava-11.0.2.jar:/tmp/workdir/hadoop-ozone/client/target/classes:/home/user/.m2/repository/org/apache/hadoop/hadoop-ozone-filesystem/0.5.0-SNAPSHOT/hadoop-ozone-filesystem-0.5.0-SNAPSHOT.jar:/tmp/workdir/hadoop-hdds/framework/target/classes:/home/user/.m2/repository/org/apache/hadoop/hadoop-common/3.2.0/hadoop-common-3.2.0.jar:/home/user/.m2/repository/org/apache/hadoop/hadoop-annotations/3.2.0/hadoop-annotations-3.2.0.jar:/usr/lib/jvm/java-1.8-openjdk/jre/../lib/tools.jar:/home/user/.m2/repository/commons-cli/commons-cli/1.2/commons-cli-1.2.jar:/home/user/.m2/repository/org/apache/commons/commons-math3/3.1.1/commons-math3-3.1.1.jar:/home/user/.m2/repository/org/apache/httpcomponents/httpclient/4.5.2/httpclient-4.5.2.jar:/home/user/.m2/repository/org/apache/httpcomponents/httpcore/4.4.4/httpcore-4.4.4.jar:/home/user/.m2/repository/commons-codec/commons-codec/1.11/commons-codec-1.11.jar:/home/user/.m2/repository/commons-io/commons-io/2.5/commons-io-2.5.jar:/home/user/.m2/repository/commons-net/commons-net/3.6/commons-net-3.6.jar:/home/user/.m2/repository/commons-collections/commons-collections/3.2.2/commons-collections-3.2.2.jar:/home/user/.m2/repository/javax/servlet/javax.servlet-api/3.1.0/javax.servlet-api-3.1.0.jar:/home/user/.m2/repository/org/eclipse/jetty/jetty-server/9.3.24.v20180605/jetty-server-9.3.24.v20180605.jar:/home/user/.m2/repository/org/eclipse/jetty/jetty-http/9.3.24.v20180605/jetty-http-9.3.24.v20180605.jar:/home/user/.m2/repository/org/eclipse/jetty/jetty-io/9.3.24.v20180605/jetty-io-9.3.24.v20180605.jar:/home/user/.m2/repository/org/eclipse/jetty/jetty-util/9.3.24.v20180605/jetty-util-9.3.24.v20180605.jar:/home/user/.m2/repository/org/eclipse/jetty/jetty-servlet/9.3.24.v20180605/jetty-servlet-9.3.24.v20180605.jar:/home/user/.m2/repository/org/eclipse/jetty/jetty-security/9.3.24.v20180605/jetty-security-9.3.24.v20180605.jar:/home/user/.m2/repository/org/eclipse/jetty/jetty-webapp/9.3.24.v20180605/jetty-webapp-9.3.24.v20180605.jar:/home/user/.m2/repository/org/eclipse/jetty/jetty-xml/9.3.24.v20180605/jetty-xml-9.3.24.v20180605.jar:/home/user/.m2/repository/javax/servlet/jsp/jsp-api/2.1/jsp-api-2.1.jar:/home/user/.m2/repository/com/sun/jersey/jersey-core/1.19/jersey-core-1.19.jar:/home/user/.m2/repository/javax/ws/rs/jsr311-api/1.1.1/jsr311-api-1.1.1.jar:/home/user/.m2/repository/com/sun/jersey/jersey-servlet/1.19/jersey-servlet-1.19.jar:/home/user/.m2/repository/com/sun/jersey/jersey-json/1.19/jersey-json-1.19.jar:/home/user/.m2/repository/org/codehaus/jettison/jettison/1.1/jettison-1.1.jar:/home/user/.m2/repository/com/sun/xml/bind/jaxb-impl/2.3.0.1/jaxb-impl-2.3.0.1.jar:/home/user/.m2/repository/org/codehaus/jackson/jackson-core-asl/1.9.13/jackson-core-asl-1.9.13.jar:/home/user/.m2/repository/org/codehaus/jackson/jackson-mapper-asl/1.9.13/jackson-mapper-asl-1.9.13.jar:/home/user/.m2/repository/org/codehaus/jackson/jackson-jaxrs/1.9.13/jackson-jaxrs-1.9.13.jar:/home/user/.m2/repository/org/codehaus/jackson/jackson-xc/1.9.13/jackson-xc-1.9.13.jar:/home/user/.m2/repository/com/sun/jersey/jersey-server/1.19/jersey-server-1.19.jar:/home/user/.m2/repository/commons-logging/commons-logging/1.1.3/commons-logging-1.1.3.jar:/home/user/.m2/repository/log4j/log4j/1.2.17/log4j-1.2.17.jar:/home/user/.m2/repository/commons-beanutils/commons-beanutils/1.9.3/commons-beanutils-1.9.3.jar:/home/user/.m2/repository/org/apache/commons/commons-configuration2/2.1.1/commons-configuration2-2.1.1.jar:/home/user/.m2/repository/org/apache/commons/commons-lang3/3.7/commons-lang3-3.7.jar:/home/user/.m2/repository/org/apache/commons/commons-text/1.4/commons-text-1.4.jar:/home/user/.m2/repository/org/slf4j/slf4j-api/1.7.25/slf4j-api-1.7.25.jar:/home/user/.m2/repository/org/slf4j/slf4j-log4j12/1.7.25/slf4j-log4j12-1.7.25.jar:/home/user/.m2/repository/org/apache/avro/avro/1.7.7/avro-1.7.7.jar:/home/user/.m2/repository/com/thoughtworks/paranamer/paranamer/2.3/paranamer-2.3.jar:/home/user/.m2/repository/org/xerial/snappy/snappy-java/1.0.5/snappy-java-1.0.5.jar:/home/user/.m2/repository/com/google/re2j/re2j/1.1/re2j-1.1.jar:/home/user/.m2/repository/com/google/code/gson/gson/2.2.4/gson-2.2.4.jar:/home/user/.m2/repository/org/apache/hadoop/hadoop-auth/3.2.0/hadoop-auth-3.2.0.jar:/home/user/.m2/repository/com/nimbusds/nimbus-jose-jwt/4.41.1/nimbus-jose-jwt-4.41.1.jar:/home/user/.m2/repository/com/github/stephenc/jcip/jcip-annotations/1.0-1/jcip-annotations-1.0-1.jar:/home/user/.m2/repository/net/minidev/json-smart/2.3/json-smart-2.3.jar:/home/user/.m2/repository/net/minidev/accessors-smart/1.2/accessors-smart-1.2.jar:/home/user/.m2/repository/org/apache/curator/curator-framework/2.12.0/curator-framework-2.12.0.jar:/home/user/.m2/repository/com/jcraft/jsch/0.1.54/jsch-0.1.54.jar:/home/user/.m2/repository/org/apache/curator/curator-client/2.12.0/curator-client-2.12.0.jar:/home/user/.m2/repository/org/apache/curator/curator-recipes/2.12.0/curator-recipes-2.12.0.jar:/home/user/.m2/repository/com/google/code/findbugs/jsr305/3.0.0/jsr305-3.0.0.jar:/home/user/.m2/repository/org/apache/htrace/htrace-core4/4.1.0-incubating/htrace-core4-4.1.0-incubating.jar:/home/user/.m2/repository/org/apache/zookeeper/zookeeper/3.4.13/zookeeper-3.4.13.jar:/home/user/.m2/repository/org/apache/yetus/audience-annotations/0.5.0/audience-annotations-0.5.0.jar:/home/user/.m2/repository/org/apache/kerby/kerb-simplekdc/1.0.1/kerb-simplekdc-1.0.1.jar:/home/user/.m2/repository/org/apache/kerby/kerb-client/1.0.1/kerb-client-1.0.1.jar:/home/user/.m2/repository/org/apache/kerby/kerby-config/1.0.1/kerby-config-1.0.1.jar:/home/user/.m2/repository/org/apache/kerby/kerb-core/1.0.1/kerb-core-1.0.1.jar:/home/user/.m2/repository/org/apache/kerby/kerby-pkix/1.0.1/kerby-pkix-1.0.1.jar:/home/user/.m2/repository/org/apache/kerby/kerby-asn1/1.0.1/kerby-asn1-1.0.1.jar:/home/user/.m2/repository/org/apache/kerby/kerby-util/1.0.1/kerby-util-1.0.1.jar:/home/user/.m2/repository/org/apache/kerby/kerb-common/1.0.1/kerb-common-1.0.1.jar:/home/user/.m2/repository/org/apache/kerby/kerb-crypto/1.0.1/kerb-crypto-1.0.1.jar:/home/user/.m2/repository/org/apache/kerby/kerb-util/1.0.1/kerb-util-1.0.1.jar:/home/user/.m2/repository/org/apache/kerby/token-provider/1.0.1/token-provider-1.0.1.jar:/home/user/.m2/repository/org/apache/kerby/kerb-admin/1.0.1/kerb-admin-1.0.1.jar:/home/user/.m2/repository/org/apache/kerby/kerb-server/1.0.1/kerb-server-1.0.1.jar:/home/user/.m2/repository/org/apache/kerby/kerb-identity/1.0.1/kerb-identity-1.0.1.jar:/home/user/.m2/repository/org/apache/kerby/kerby-xdr/1.0.1/kerby-xdr-1.0.1.jar:/home/user/.m2/repository/com/fasterxml/jackson/core/jackson-databind/2.9.5/jackson-databind-2.9.5.jar:/home/user/.m2/repository/com/fasterxml/jackson/core/jackson-core/2.9.5/jackson-core-2.9.5.jar:/home/user/.m2/repository/org/codehaus/woodstox/stax2-api/3.1.4/stax2-api-3.1.4.jar:/home/user/.m2/repository/com/fasterxml/woodstox/woodstox-core/5.0.3/woodstox-core-5.0.3.jar:/home/user/.m2/repository/dnsjava/dnsjava/2.1.7/dnsjava-2.1.7.jar:/home/user/.m2/repository/org/apache/hadoop/hadoop-hdfs/3.2.0/hadoop-hdfs-3.2.0.jar:/home/user/.m2/repository/org/eclipse/jetty/jetty-util-ajax/9.3.24.v20180605/jetty-util-ajax-9.3.24.v20180605.jar:/home/user/.m2/repository/commons-daemon/commons-daemon/1.0.13/commons-daemon-1.0.13.jar:/home/user/.m2/repository/io/netty/netty/3.10.5.Final/netty-3.10.5.Final.jar:/home/user/.m2/repository/io/netty/netty-all/4.0.52.Final/netty-all-4.0.52.Final.jar:/home/user/.m2/repository/org/fusesource/leveldbjni/leveldbjni-all/1.8/leveldbjni-all-1.8.jar:/home/user/.m2/repository/com/sun/xml/bind/jaxb-core/2.3.0.1/jaxb-core-2.3.0.1.jar:/home/user/.m2/repository/javax/xml/bind/jaxb-api/2.3.0/jaxb-api-2.3.0.jar:/home/user/.m2/repository/javax/activation/activation/1.1.1/activation-1.1.1.jar:/home/user/.m2/repository/io/dropwizard/metrics/metrics-core/3.2.4/metrics-core-3.2.4.jar:/home/user/.m2/repository/org/openjdk/jmh/jmh-core/1.19/jmh-core-1.19.jar:/home/user/.m2/repository/net/sf/jopt-simple/jopt-simple/4.6/jopt-simple-4.6.jar:/home/user/.m2/repository/org/openjdk/jmh/jmh-generator-annprocess/1.19/jmh-generator-annprocess-1.19.jar:/home/user/.m2/repository/com/google/code/findbugs/findbugs/3.0.1/findbugs-3.0.1.jar:/home/user/.m2/repository/net/jcip/jcip-annotations/1.0/jcip-annotations-1.0.jar:/home/user/.m2/repository/com/google/code/findbugs/bcel-findbugs/6.0/bcel-findbugs-6.0.jar:/home/user/.m2/repository/com/google/code/findbugs/jFormatString/2.0.1/jFormatString-2.0.1.jar:/home/user/.m2/repository/dom4j/dom4j/1.6.1/dom4j-1.6.1.jar:/home/user/.m2/repository/xml-apis/xml-apis/1.0.b2/xml-apis-1.0.b2.jar:/home/user/.m2/repository/org/ow2/asm/asm-debug-all/5.0.2/asm-debug-all-5.0.2.jar:/home/user/.m2/repository/org/ow2/asm/asm-commons/5.0.2/asm-commons-5.0.2.jar:/home/user/.m2/repository/org/ow2/asm/asm-tree/5.0.2/asm-tree-5.0.2.jar:/home/user/.m2/repository/org/ow2/asm/asm/5.0.4/asm-5.0.4.jar:/home/user/.m2/repository/commons-lang/commons-lang/2.6/commons-lang-2.6.jar:/home/user/.m2/repository/com/apple/AppleJavaExtensions/1.4/AppleJavaExtensions-1.4.jar:/home/user/.m2/repository/jaxen/jaxen/1.1.6/jaxen-1.1.6.jar:/home/user/.m2/repository/junit/junit/4.11/junit-4.11.jar:/home/user/.m2/repository/org/hamcrest/hamcrest-core/1.3/hamcrest-core-1.3.jar:/home/user/.m2/repository/org/apache/hadoop/hadoop-common/3.2.0/hadoop-common-3.2.0-tests.jar:/home/user/.m2/repository/org/apache/hadoop/hadoop-ozone-integration-test/0.5.0-SNAPSHOT/hadoop-ozone-integration-test-0.5.0-SNAPSHOT-tests.jar:/tmp/workdir/hadoop-ozone/objectstore-service/target/classes:/tmp/workdir/hadoop-ozone/s3gateway/target/classes:/home/user/.m2/repository/org/jboss/weld/servlet/weld-servlet/2.4.7.Final/weld-servlet-2.4.7.Final.jar:/home/user/.m2/repository/org/glassfish/jersey/containers/jersey-container-servlet-core/2.27/jersey-container-servlet-core-2.27.jar:/home/user/.m2/repository/org/glassfish/hk2/external/javax.inject/2.5.0-b42/javax.inject-2.5.0-b42.jar:/home/user/.m2/repository/org/glassfish/jersey/core/jersey-common/2.27/jersey-common-2.27.jar:/home/user/.m2/repository/org/glassfish/hk2/osgi-resource-locator/1.0.1/osgi-resource-locator-1.0.1.jar:/home/user/.m2/repository/javax/ws/rs/javax.ws.rs-api/2.1/javax.ws.rs-api-2.1.jar:/home/user/.m2/repository/org/glassfish/jersey/ext/cdi/jersey-cdi1x/2.27/jersey-cdi1x-2.27.jar:/home/user/.m2/repository/org/glassfish/jersey/inject/jersey-hk2/2.27/jersey-hk2-2.27.jar:/home/user/.m2/repository/org/glassfish/hk2/hk2-locator/2.5.0-b42/hk2-locator-2.5.0-b42.jar:/home/user/.m2/repository/org/javassist/javassist/3.22.0-CR2/javassist-3.22.0-CR2.jar:/home/user/.m2/repository/org/glassfish/hk2/hk2-api/2.5.0/hk2-api-2.5.0.jar:/home/user/.m2/repository/org/glassfish/hk2/external/jakarta.inject/2.5.0/jakarta.inject-2.5.0.jar:/home/user/.m2/repository/org/glassfish/hk2/hk2-utils/2.5.0/hk2-utils-2.5.0.jar:/home/user/.m2/repository/jakarta/annotation/jakarta.annotation-api/1.3.4/jakarta.annotation-api-1.3.4.jar:/home/user/.m2/repository/org/glassfish/hk2/external/aopalliance-repackaged/2.5.0/aopalliance-repackaged-2.5.0.jar:/home/user/.m2/repository/com/fasterxml/jackson/dataformat/jackson-dataformat-xml/2.9.0/jackson-dataformat-xml-2.9.0.jar:/home/user/.m2/repository/com/fasterxml/jackson/module/jackson-module-jaxb-annotations/2.9.5/jackson-module-jaxb-annotations-2.9.5.jar:/home/user/.m2/repository/javax/enterprise/cdi-api/1.2/cdi-api-1.2.jar:/home/user/.m2/repository/javax/el/javax.el-api/3.0.0/javax.el-api-3.0.0.jar:/home/user/.m2/repository/javax/interceptor/javax.interceptor-api/1.2/javax.interceptor-api-1.2.jar:/home/user/.m2/repository/javax/inject/javax.inject/1/javax.inject-1.jar:/tmp/workdir/hadoop-ozone/csi/target/classes:/home/user/.m2/repository/com/google/protobuf/protobuf-java-util/3.5.1/protobuf-java-util-3.5.1.jar:/home/user/.m2/repository/io/grpc/grpc-netty/1.17.1/grpc-netty-1.17.1.jar:/home/user/.m2/repository/io/grpc/grpc-core/1.17.1/grpc-core-1.17.1.jar:/home/user/.m2/repository/io/grpc/grpc-context/1.17.1/grpc-context-1.17.1.jar:/home/user/.m2/repository/com/google/errorprone/error_prone_annotations/2.2.0/error_prone_annotations-2.2.0.jar:/home/user/.m2/repository/org/codehaus/mojo/animal-sniffer-annotations/1.17/animal-sniffer-annotations-1.17.jar:/home/user/.m2/repository/io/opencensus/opencensus-api/0.17.0/opencensus-api-0.17.0.jar:/home/user/.m2/repository/io/opencensus/opencensus-contrib-grpc-metrics/0.17.0/opencensus-contrib-grpc-metrics-0.17.0.jar:/home/user/.m2/repository/io/netty/netty-codec-http2/4.1.30.Final/netty-codec-http2-4.1.30.Final.jar:/home/user/.m2/repository/io/netty/netty-codec-http/4.1.30.Final/netty-codec-http-4.1.30.Final.jar:/home/user/.m2/repository/io/netty/netty-codec/4.1.30.Final/netty-codec-4.1.30.Final.jar:/home/user/.m2/repository/io/netty/netty-handler/4.1.30.Final/netty-handler-4.1.30.Final.jar:/home/user/.m2/repository/io/netty/netty-handler-proxy/4.1.30.Final/netty-handler-proxy-4.1.30.Final.jar:/home/user/.m2/repository/io/netty/netty-codec-socks/4.1.30.Final/netty-codec-socks-4.1.30.Final.jar:/home/user/.m2/repository/io/netty/netty-transport-native-epoll/4.1.30.Final/netty-transport-native-epoll-4.1.30.Final.jar:/home/user/.m2/repository/io/netty/netty-common/4.1.30.Final/netty-common-4.1.30.Final.jar:/home/user/.m2/repository/io/netty/netty-buffer/4.1.30.Final/netty-buffer-4.1.30.Final.jar:/home/user/.m2/repository/io/netty/netty-transport/4.1.30.Final/netty-transport-4.1.30.Final.jar:/home/user/.m2/repository/io/netty/netty-resolver/4.1.30.Final/netty-resolver-4.1.30.Final.jar:/home/user/.m2/repository/io/netty/netty-transport-native-unix-common/4.1.30.Final/netty-transport-native-unix-common-4.1.30.Final.jar:/home/user/.m2/repository/io/grpc/grpc-protobuf/1.17.1/grpc-protobuf-1.17.1.jar:/home/user/.m2/repository/com/google/api/grpc/proto-google-common-protos/1.0.0/proto-google-common-protos-1.0.0.jar:/home/user/.m2/repository/io/grpc/grpc-protobuf-lite/1.17.1/grpc-protobuf-lite-1.17.1.jar:/home/user/.m2/repository/io/grpc/grpc-stub/1.17.1/grpc-stub-1.17.1.jar:/tmp/workdir/hadoop-ozone/ozone-recon/target/classes:/tmp/workdir/hadoop-ozone/ozone-recon-codegen/target/classes:/home/user/.m2/repository/com/google/inject/extensions/guice-multibindings/4.0/guice-multibindings-4.0.jar:/home/user/.m2/repository/com/google/inject/guice/4.0/guice-4.0.jar:/home/user/.m2/repository/aopalliance/aopalliance/1.0/aopalliance-1.0.jar:/home/user/.m2/repository/com/google/inject/extensions/guice-servlet/4.0/guice-servlet-4.0.jar:/home/user/.m2/repository/org/glassfish/jersey/containers/jersey-container-servlet/2.27/jersey-container-servlet-2.27.jar:/home/user/.m2/repository/org/glassfish/hk2/guice-bridge/2.5.0/guice-bridge-2.5.0.jar:/home/user/.m2/repository/org/glassfish/jersey/core/jersey-server/2.27/jersey-server-2.27.jar:/home/user/.m2/repository/org/glassfish/jersey/core/jersey-client/2.27/jersey-client-2.27.jar:/home/user/.m2/repository/org/glassfish/jersey/media/jersey-media-jaxb/2.27/jersey-media-jaxb-2.27.jar:/home/user/.m2/repository/javax/validation/validation-api/1.1.0.Final/validation-api-1.1.0.Final.jar:/home/user/.m2/repository/org/glassfish/jersey/media/jersey-media-json-jackson/2.27/jersey-media-json-jackson-2.27.jar:/home/user/.m2/repository/org/glassfish/jersey/ext/jersey-entity-filtering/2.27/jersey-entity-filtering-2.27.jar:/home/user/.m2/repository/com/google/inject/extensions/guice-assistedinject/4.0/guice-assistedinject-4.0.jar:/home/user/.m2/repository/org/jooq/jooq/3.11.10/jooq-3.11.10.jar:/home/user/.m2/repository/org/jooq/jooq-meta/3.11.10/jooq-meta-3.11.10.jar:/home/user/.m2/repository/org/jooq/jooq-codegen/3.11.10/jooq-codegen-3.11.10.jar:/home/user/.m2/repository/com/jolbox/bonecp/0.8.0.RELEASE/bonecp-0.8.0.RELEASE.jar:/home/user/.m2/repository/org/springframework/spring-jdbc/5.1.3.RELEASE/spring-jdbc-5.1.3.RELEASE.jar:/home/user/.m2/repository/org/springframework/spring-beans/5.1.3.RELEASE/spring-beans-5.1.3.RELEASE.jar:/home/user/.m2/repository/org/springframework/spring-core/5.1.3.RELEASE/spring-core-5.1.3.RELEASE.jar:/home/user/.m2/repository/org/springframework/spring-jcl/5.1.3.RELEASE/spring-jcl-5.1.3.RELEASE.jar:/home/user/.m2/repository/org/springframework/spring-tx/5.1.3.RELEASE/spring-tx-5.1.3.RELEASE.jar:/home/user/.m2/repository/org/mockito/mockito-core/2.15.0/mockito-core-2.15.0.jar:/home/user/.m2/repository/net/bytebuddy/byte-buddy/1.7.9/byte-buddy-1.7.9.jar:/home/user/.m2/repository/net/bytebuddy/byte-buddy-agent/1.7.9/byte-buddy-agent-1.7.9.jar:/home/user/.m2/repository/org/objenesis/objenesis/1.0/objenesis-1.0.jar:"/>
    <property name="sun.cpu.endian" value="little"/>
    <property name="user.home" value="/home/user"/>
    <property name="user.language" value="en"/>
    <property name="java.specification.vendor" value="Oracle Corporation"/>
    <property name="java.home" value="/usr/lib/jvm/java-1.8-openjdk/jre"/>
    <property name="java.security.krb5.conf" value="/tmp/workdir/hadoop-ozone/tools/target/test-classes/krb5.conf"/>
    <property name="basedir" value="/tmp/workdir/hadoop-ozone/tools"/>
    <property name="file.separator" value="/"/>
    <property name="line.separator" value="&#10;"/>
    <property name="java.vm.specification.vendor" value="Oracle Corporation"/>
    <property name="java.specification.name" value="Java Platform API Specification"/>
    <property name="java.awt.graphicsenv" value="sun.awt.X11GraphicsEnvironment"/>
    <property name="surefire.real.class.path" value="/tmp/workdir/hadoop-ozone/tools/target/surefire/surefirebooter6105053544117202562.jar"/>
    <property name="hadoop.log.dir" value="/tmp/workdir/hadoop-ozone/tools/target/log"/>
    <property name="sun.boot.class.path" value="/usr/lib/jvm/java-1.8-openjdk/jre/lib/resources.jar:/usr/lib/jvm/java-1.8-openjdk/jre/lib/rt.jar:/usr/lib/jvm/java-1.8-openjdk/jre/lib/sunrsasign.jar:/usr/lib/jvm/java-1.8-openjdk/jre/lib/jsse.jar:/usr/lib/jvm/java-1.8-openjdk/jre/lib/jce.jar:/usr/lib/jvm/java-1.8-openjdk/jre/lib/charsets.jar:/usr/lib/jvm/java-1.8-openjdk/jre/lib/jfr.jar:/usr/lib/jvm/java-1.8-openjdk/jre/classes"/>
    <property name="sun.management.compiler" value="HotSpot 64-Bit Tiered Compilers"/>
    <property name="java.runtime.version" value="1.8.0_212-b04"/>
    <property name="java.net.preferIPv4Stack" value="true"/>
    <property name="user.name" value="jenkins1000"/>
    <property name="path.separator" value=":"/>
    <property name="java.security.egd" value="file:///dev/urandom"/>
    <property name="os.version" value="3.10.0-957.12.2.el7.x86_64"/>
    <property name="java.endorsed.dirs" value="/usr/lib/jvm/java-1.8-openjdk/jre/lib/endorsed"/>
    <property name="java.runtime.name" value="OpenJDK Runtime Environment"/>
    <property name="file.encoding" value="UTF-8"/>
    <property name="java.vm.name" value="OpenJDK 64-Bit Server VM"/>
    <property name="test.build.webapps" value=""/>
    <property name="localRepository" value="/home/user/.m2/repository"/>
    <property name="java.vendor.url.bug" value="https://icedtea.classpath.org/bugzilla"/>
    <property name="java.io.tmpdir" value="/tmp"/>
    <property name="require.test.libhadoop" value=""/>
    <property name="java.version" value="1.8.0_212"/>
    <property name="user.dir" value="/tmp/workdir/hadoop-ozone/tools"/>
    <property name="os.arch" value="amd64"/>
    <property name="java.vm.specification.name" value="Java Virtual Machine Specification"/>
    <property name="test.build.classes" value="/tmp/workdir/hadoop-ozone/tools/target/test-classes"/>
    <property name="java.awt.printerjob" value="sun.print.PSPrinterJob"/>
    <property name="sun.os.patch.level" value="unknown"/>
    <property name="hadoop.tmp.dir" value="/tmp/workdir/hadoop-ozone/tools/target/tmp"/>
    <property name="java.library.path" value="/usr/lib/jvm/java-1.8-openjdk/jre/lib/amd64/server:/usr/lib/jvm/java-1.8-openjdk/jre/lib/amd64:/usr/lib/jvm/java-1.8-openjdk/jre/../lib/amd64:/tmp/workdir/hadoop-ozone/tools/target/native/target/usr/local/lib:/tmp/workdir/hadoop-ozone/tools/../../hadoop-common-project/hadoop-common/target/native/target/usr/local/lib:/usr/java/packages/lib/amd64:/usr/lib64:/lib64:/lib:/usr/lib"/>
    <property name="java.vm.info" value="mixed mode"/>
    <property name="java.vendor" value="IcedTea"/>
    <property name="java.vm.version" value="25.212-b04"/>
    <property name="java.ext.dirs" value="/usr/lib/jvm/java-1.8-openjdk/jre/lib/ext:/usr/java/packages/lib/ext"/>
    <property name="sun.io.unicode.encoding" value="UnicodeLittle"/>
    <property name="java.class.version" value="52.0"/>
  </properties>
  <testcase name="testRestart" classname="org.apache.hadoop.ozone.freon.TestFreonWithPipelineDestroy" time="18.907">
    <error message="Unexpected Storage Container Exception: org.apache.hadoop.hdds.scm.container.common.helpers.StorageContainerException: ContainerID 6 does not exist" type="java.io.IOException">java.io.IOException: Unexpected Storage Container Exception: org.apache.hadoop.hdds.scm.container.common.helpers.StorageContainerException: ContainerID 6 does not exist
	at org.apache.hadoop.hdds.scm.storage.BlockOutputStream.setIoException(BlockOutputStream.java:548)
	at org.apache.hadoop.hdds.scm.storage.BlockOutputStream.validateResponse(BlockOutputStream.java:539)
	at org.apache.hadoop.hdds.scm.storage.BlockOutputStream.lambda$writeChunkToContainer$2(BlockOutputStream.java:614)
	at java.util.concurrent.CompletableFuture.uniApply(CompletableFuture.java:602)
	at java.util.concurrent.CompletableFuture$UniApply.tryFire(CompletableFuture.java:577)
	at java.util.concurrent.CompletableFuture$Completion.run(CompletableFuture.java:442)
	at java.util.concurrent.ThreadPoolExecutor.runWorker(ThreadPoolExecutor.java:1149)
	at java.util.concurrent.ThreadPoolExecutor$Worker.run(ThreadPoolExecutor.java:624)
	at java.lang.Thread.run(Thread.java:748)
Caused by: org.apache.hadoop.hdds.scm.container.common.helpers.StorageContainerException: ContainerID 6 does not exist
	at org.apache.hadoop.hdds.scm.storage.ContainerProtocolCalls.validateContainerResponse(ContainerProtocolCalls.java:536)
	at org.apache.hadoop.hdds.scm.storage.BlockOutputStream.validateResponse(BlockOutputStream.java:536)
	... 7 more
</error>
    <system-out><![CDATA[2019-07-08 14:40:40,853 WARN  server.ServerUtils (ServerUtils.java:getScmDbDir(145)) - ozone.scm.db.dirs is not configured. We recommend adding this setting. Falling back to ozone.metadata.dirs instead.
2019-07-08 14:40:40,946 WARN  server.ServerUtils (ServerUtils.java:getScmDbDir(145)) - ozone.scm.db.dirs is not configured. We recommend adding this setting. Falling back to ozone.metadata.dirs instead.
2019-07-08 14:40:40,948 WARN  server.ServerUtils (ServerUtils.java:getScmDbDir(145)) - ozone.scm.db.dirs is not configured. We recommend adding this setting. Falling back to ozone.metadata.dirs instead.
2019-07-08 14:40:40,963 INFO  util.log (Log.java:initialized(192)) - Logging initialized @863ms
2019-07-08 14:40:41,041 INFO  db.DBStoreBuilder (DBStoreBuilder.java:addTable(110)) - using custom profile for table: deletedBlocks
2019-07-08 14:40:41,042 INFO  db.DBStoreBuilder (DBStoreBuilder.java:processTables(161)) - Using default column profile:DBProfile.DISK for Table:deletedBlocks
2019-07-08 14:40:41,042 INFO  db.DBStoreBuilder (DBStoreBuilder.java:addTable(110)) - using custom profile for table: validCerts
2019-07-08 14:40:41,042 INFO  db.DBStoreBuilder (DBStoreBuilder.java:processTables(161)) - Using default column profile:DBProfile.DISK for Table:validCerts
2019-07-08 14:40:41,042 INFO  db.DBStoreBuilder (DBStoreBuilder.java:addTable(110)) - using custom profile for table: revokedCerts
2019-07-08 14:40:41,043 INFO  db.DBStoreBuilder (DBStoreBuilder.java:processTables(161)) - Using default column profile:DBProfile.DISK for Table:revokedCerts
2019-07-08 14:40:41,052 INFO  db.DBStoreBuilder (DBStoreBuilder.java:addTable(110)) - using custom profile for table: default
2019-07-08 14:40:41,052 INFO  db.DBStoreBuilder (DBStoreBuilder.java:processTables(167)) - Using default column profile:DBProfile.DISK for Table:default
2019-07-08 14:40:41,053 INFO  db.DBStoreBuilder (DBStoreBuilder.java:getDbProfile(198)) - Using default options. DBProfile.DISK
2019-07-08 14:40:41,170 INFO  net.NodeSchemaLoader (NodeSchemaLoader.java:loadSchemaFromFile(125)) - Loading file from sun.misc.CompoundEnumeration@12b0404f
2019-07-08 14:40:41,173 INFO  net.NodeSchemaLoader (NodeSchemaLoader.java:loadSchema(171)) - Loading network topology layer schema file
2019-07-08 14:40:41,261 INFO  node.SCMNodeManager (SCMNodeManager.java:<init>(119)) - Entering startup safe mode.
2019-07-08 14:40:41,370 WARN  server.ServerUtils (ServerUtils.java:getScmDbDir(145)) - ozone.scm.db.dirs is not configured. We recommend adding this setting. Falling back to ozone.metadata.dirs instead.
2019-07-08 14:40:41,407 INFO  pipeline.SCMPipelineManager (SCMPipelineManager.java:initializePipelineState(126)) - No pipeline exists in current db
2019-07-08 14:40:41,409 WARN  server.ServerUtils (ServerUtils.java:getScmDbDir(145)) - ozone.scm.db.dirs is not configured. We recommend adding this setting. Falling back to ozone.metadata.dirs instead.
2019-07-08 14:40:41,562 WARN  events.EventQueue (EventQueue.java:fireEvent(175)) - No event handler registered for event TypedEvent{payloadType=SafeModeStatus, name='SafeModeStatus'}
2019-07-08 14:40:41,904 INFO  ipc.CallQueueManager (CallQueueManager.java:<init>(84)) - Using callQueue: class java.util.concurrent.LinkedBlockingQueue, queueCapacity: 2000, scheduler: class org.apache.hadoop.ipc.DefaultRpcScheduler, ipcBackoff: false.
2019-07-08 14:40:41,927 INFO  ipc.Server (Server.java:run(1074)) - Starting Socket Reader #1 for port 46237
2019-07-08 14:40:41,946 INFO  ipc.CallQueueManager (CallQueueManager.java:<init>(84)) - Using callQueue: class java.util.concurrent.LinkedBlockingQueue, queueCapacity: 2000, scheduler: class org.apache.hadoop.ipc.DefaultRpcScheduler, ipcBackoff: false.
2019-07-08 14:40:41,947 INFO  ipc.Server (Server.java:run(1074)) - Starting Socket Reader #1 for port 39089
2019-07-08 14:40:41,952 INFO  ipc.CallQueueManager (CallQueueManager.java:<init>(84)) - Using callQueue: class java.util.concurrent.LinkedBlockingQueue, queueCapacity: 2000, scheduler: class org.apache.hadoop.ipc.DefaultRpcScheduler, ipcBackoff: false.
2019-07-08 14:40:41,953 INFO  ipc.Server (Server.java:run(1074)) - Starting Socket Reader #1 for port 41373
2019-07-08 14:40:42,074 INFO  hdfs.DFSUtil (DFSUtil.java:httpServerTemplateForNNAndJN(1641)) - Starting Web-server for scm at: http://0.0.0.0:0
2019-07-08 14:40:42,225 INFO  server.AuthenticationFilter (AuthenticationFilter.java:constructSecretProvider(240)) - Unable to initialize FileSignerSecretProvider, falling back to use random secrets.
2019-07-08 14:40:42,242 WARN  http.HttpRequestLog (HttpRequestLog.java:getRequestLog(97)) - Jetty request log can only be enabled using Log4j
2019-07-08 14:40:42,251 INFO  http.HttpServer2 (HttpServer2.java:addGlobalFilter(975)) - Added global filter 'safety' (class=org.apache.hadoop.http.HttpServer2$QuotingInputFilter)
2019-07-08 14:40:42,254 INFO  http.HttpServer2 (HttpServer2.java:addFilter(948)) - Added filter static_user_filter (class=org.apache.hadoop.http.lib.StaticUserWebFilter$StaticUserFilter) to context scm
2019-07-08 14:40:42,254 INFO  http.HttpServer2 (HttpServer2.java:addFilter(958)) - Added filter static_user_filter (class=org.apache.hadoop.http.lib.StaticUserWebFilter$StaticUserFilter) to context logs
2019-07-08 14:40:42,254 INFO  http.HttpServer2 (HttpServer2.java:addFilter(958)) - Added filter static_user_filter (class=org.apache.hadoop.http.lib.StaticUserWebFilter$StaticUserFilter) to context static
2019-07-08 14:40:42,282 INFO  server.StorageContainerManager (StorageContainerManager.java:start(753)) - StorageContainerLocationProtocol RPC server is listening at /0.0.0.0:41373
2019-07-08 14:40:42,342 WARN  impl.MetricsConfig (MetricsConfig.java:loadFirst(134)) - Cannot locate configuration: tried hadoop-metrics2-storagecontainermanager.properties,hadoop-metrics2.properties
2019-07-08 14:40:42,355 INFO  impl.MetricsSystemImpl (MetricsSystemImpl.java:startTimer(374)) - Scheduled Metric snapshot period at 10 second(s).
2019-07-08 14:40:42,355 INFO  impl.MetricsSystemImpl (MetricsSystemImpl.java:start(191)) - StorageContainerManager metrics system started
2019-07-08 14:40:42,574 INFO  server.SCMClientProtocolServer (SCMClientProtocolServer.java:start(149)) - RPC server for Client  is listening at /0.0.0.0:41373
2019-07-08 14:40:42,574 INFO  ipc.Server (Server.java:run(1314)) - IPC Server Responder: starting
2019-07-08 14:40:42,575 INFO  ipc.Server (Server.java:run(1153)) - IPC Server listener on 41373: starting
2019-07-08 14:40:42,579 INFO  server.StorageContainerManager (StorageContainerManager.java:start(762)) - ScmBlockLocationProtocol RPC server is listening at /0.0.0.0:39089
2019-07-08 14:40:42,580 INFO  server.SCMBlockProtocolServer (SCMBlockProtocolServer.java:start(137)) - RPC server for Block Protocol is listening at /0.0.0.0:39089
2019-07-08 14:40:42,582 INFO  ipc.Server (Server.java:run(1314)) - IPC Server Responder: starting
2019-07-08 14:40:42,583 INFO  ipc.Server (Server.java:run(1153)) - IPC Server listener on 39089: starting
2019-07-08 14:40:42,595 INFO  server.StorageContainerManager (StorageContainerManager.java:start(766)) - ScmDatanodeProtocl RPC server is listening at /0.0.0.0:46237
2019-07-08 14:40:42,596 INFO  server.SCMDatanodeProtocolServer (SCMDatanodeProtocolServer.java:start(191)) - RPC server for DataNodes is listening at /0.0.0.0:46237
2019-07-08 14:40:42,597 INFO  ipc.Server (Server.java:run(1314)) - IPC Server Responder: starting
2019-07-08 14:40:42,598 INFO  ipc.Server (Server.java:run(1153)) - IPC Server listener on 46237: starting
2019-07-08 14:40:42,612 INFO  http.HttpServer2 (HttpServer2.java:bindListener(1191)) - Jetty bound to port 44353
2019-07-08 14:40:42,615 INFO  server.Server (Server.java:doStart(351)) - jetty-9.3.24.v20180605, build timestamp: 2018-06-05T17:11:56Z, git hash: 84205aa28f11a4f31f2a3b86d1bba2cc8ab69827
2019-07-08 14:40:42,664 INFO  handler.ContextHandler (ContextHandler.java:doStart(781)) - Started o.e.j.s.ServletContextHandler@413f69cc{/logs,file:///tmp/workdir/hadoop-ozone/tools/target/log,AVAILABLE}
2019-07-08 14:40:42,665 INFO  handler.ContextHandler (ContextHandler.java:doStart(781)) - Started o.e.j.s.ServletContextHandler@1b75c2e3{/static,file:///tmp/workdir/hadoop-hdds/server-scm/target/classes/webapps/static/,AVAILABLE}
2019-07-08 14:40:42,698 INFO  handler.ContextHandler (ContextHandler.java:doStart(781)) - Started o.e.j.w.WebAppContext@3918c187{/,file:///tmp/workdir/hadoop-hdds/server-scm/target/classes/webapps/scm/,AVAILABLE}{/scm}
2019-07-08 14:40:42,703 INFO  server.AbstractConnector (AbstractConnector.java:doStart(278)) - Started ServerConnector@11eadcba{HTTP/1.1,[http/1.1]}{0.0.0.0:44353}
2019-07-08 14:40:42,704 INFO  server.Server (Server.java:doStart(419)) - Started @2604ms
2019-07-08 14:40:42,705 INFO  server.BaseHttpServer (BaseHttpServer.java:updateConnectorAddress(207)) - HTTP server of SCM is listening at http://0.0.0.0:44353
2019-07-08 14:40:42,719 INFO  util.JvmPauseMonitor (JvmPauseMonitor.java:run(188)) - Starting JVM pause monitor
2019-07-08 14:40:42,723 WARN  server.ServerUtils (ServerUtils.java:getDBPath(222)) - ozone.om.db.dirs is not configured. We recommend adding this setting. Falling back to ozone.metadata.dirs instead.
2019-07-08 14:40:42,836 WARN  server.ServerUtils (ServerUtils.java:getDBPath(222)) - ozone.om.db.dirs is not configured. We recommend adding this setting. Falling back to ozone.metadata.dirs instead.
2019-07-08 14:40:42,837 INFO  om.OzoneManager (OzoneManager.java:setOMNodeDetails(621)) - OM Service ID is not set. Setting it to the default ID: omServiceIdDefault
2019-07-08 14:40:42,837 INFO  om.OzoneManager (OzoneManager.java:setOMNodeDetails(627)) - OM Node ID is not set. Setting it to the OmStorage's OmID: 603a02b3-76fd-41b7-84e7-970717693406
2019-07-08 14:40:42,838 INFO  om.OzoneManager (OzoneManager.java:loadOMHAConfigs(578)) - Found matching OM address with OMServiceId: null, OMNodeId: null, RPC Address: localhost:0 and Ratis port: 9872
2019-07-08 14:40:43,111 WARN  server.ServerUtils (ServerUtils.java:getDBPath(222)) - ozone.om.db.dirs is not configured. We recommend adding this setting. Falling back to ozone.metadata.dirs instead.
2019-07-08 14:40:43,123 INFO  db.DBStoreBuilder (DBStoreBuilder.java:addTable(110)) - using custom profile for table: userTable
2019-07-08 14:40:43,123 INFO  db.DBStoreBuilder (DBStoreBuilder.java:processTables(161)) - Using default column profile:DBProfile.DISK for Table:userTable
2019-07-08 14:40:43,123 INFO  db.DBStoreBuilder (DBStoreBuilder.java:addTable(110)) - using custom profile for table: volumeTable
2019-07-08 14:40:43,124 INFO  db.DBStoreBuilder (DBStoreBuilder.java:processTables(161)) - Using default column profile:DBProfile.DISK for Table:volumeTable
2019-07-08 14:40:43,124 INFO  db.DBStoreBuilder (DBStoreBuilder.java:addTable(110)) - using custom profile for table: bucketTable
2019-07-08 14:40:43,125 INFO  db.DBStoreBuilder (DBStoreBuilder.java:processTables(161)) - Using default column profile:DBProfile.DISK for Table:bucketTable
2019-07-08 14:40:43,125 INFO  db.DBStoreBuilder (DBStoreBuilder.java:addTable(110)) - using custom profile for table: keyTable
2019-07-08 14:40:43,125 INFO  db.DBStoreBuilder (DBStoreBuilder.java:processTables(161)) - Using default column profile:DBProfile.DISK for Table:keyTable
2019-07-08 14:40:43,126 INFO  db.DBStoreBuilder (DBStoreBuilder.java:addTable(110)) - using custom profile for table: deletedTable
2019-07-08 14:40:43,126 INFO  db.DBStoreBuilder (DBStoreBuilder.java:processTables(161)) - Using default column profile:DBProfile.DISK for Table:deletedTable
2019-07-08 14:40:43,127 INFO  db.DBStoreBuilder (DBStoreBuilder.java:addTable(110)) - using custom profile for table: openKeyTable
2019-07-08 14:40:43,127 INFO  db.DBStoreBuilder (DBStoreBuilder.java:processTables(161)) - Using default column profile:DBProfile.DISK for Table:openKeyTable
2019-07-08 14:40:43,128 INFO  db.DBStoreBuilder (DBStoreBuilder.java:addTable(110)) - using custom profile for table: s3Table
2019-07-08 14:40:43,128 INFO  db.DBStoreBuilder (DBStoreBuilder.java:processTables(161)) - Using default column profile:DBProfile.DISK for Table:s3Table
2019-07-08 14:40:43,128 INFO  db.DBStoreBuilder (DBStoreBuilder.java:addTable(110)) - using custom profile for table: multipartInfoTable
2019-07-08 14:40:43,129 INFO  db.DBStoreBuilder (DBStoreBuilder.java:processTables(161)) - Using default column profile:DBProfile.DISK for Table:multipartInfoTable
2019-07-08 14:40:43,129 INFO  db.DBStoreBuilder (DBStoreBuilder.java:addTable(110)) - using custom profile for table: dTokenTable
2019-07-08 14:40:43,130 INFO  db.DBStoreBuilder (DBStoreBuilder.java:processTables(161)) - Using default column profile:DBProfile.DISK for Table:dTokenTable
2019-07-08 14:40:43,130 INFO  db.DBStoreBuilder (DBStoreBuilder.java:addTable(110)) - using custom profile for table: s3SecretTable
2019-07-08 14:40:43,130 INFO  db.DBStoreBuilder (DBStoreBuilder.java:processTables(161)) - Using default column profile:DBProfile.DISK for Table:s3SecretTable
2019-07-08 14:40:43,132 INFO  db.DBStoreBuilder (DBStoreBuilder.java:addTable(110)) - using custom profile for table: prefixTable
2019-07-08 14:40:43,132 INFO  db.DBStoreBuilder (DBStoreBuilder.java:processTables(161)) - Using default column profile:DBProfile.DISK for Table:prefixTable
2019-07-08 14:40:43,132 INFO  db.DBStoreBuilder (DBStoreBuilder.java:addTable(110)) - using custom profile for table: default
2019-07-08 14:40:43,133 INFO  db.DBStoreBuilder (DBStoreBuilder.java:processTables(167)) - Using default column profile:DBProfile.DISK for Table:default
2019-07-08 14:40:43,133 INFO  db.DBStoreBuilder (DBStoreBuilder.java:getDbProfile(198)) - Using default options. DBProfile.DISK
2019-07-08 14:40:43,747 INFO  ipc.CallQueueManager (CallQueueManager.java:<init>(84)) - Using callQueue: class java.util.concurrent.LinkedBlockingQueue, queueCapacity: 2000, scheduler: class org.apache.hadoop.ipc.DefaultRpcScheduler, ipcBackoff: false.
2019-07-08 14:40:43,748 INFO  ipc.Server (Server.java:run(1074)) - Starting Socket Reader #1 for port 44986
2019-07-08 14:40:43,770 WARN  server.ServerUtils (ServerUtils.java:getDBPath(222)) - ozone.om.db.dirs is not configured. We recommend adding this setting. Falling back to ozone.metadata.dirs instead.
2019-07-08 14:40:43,771 INFO  om.OzoneManager (OzoneManager.java:start(1219)) - OzoneManager RPC server is listening at localhost/127.0.0.1:44986
2019-07-08 14:40:43,771 INFO  impl.MetricsSystemImpl (MetricsSystemImpl.java:init(158)) - OzoneManager metrics system started (again)
2019-07-08 14:40:43,772 INFO  ipc.Server (Server.java:run(1314)) - IPC Server Responder: starting
2019-07-08 14:40:43,774 INFO  ipc.Server (Server.java:run(1153)) - IPC Server listener on 44986: starting
2019-07-08 14:40:43,786 INFO  hdfs.DFSUtil (DFSUtil.java:httpServerTemplateForNNAndJN(1641)) - Starting Web-server for ozoneManager at: http://0.0.0.0:0
2019-07-08 14:40:43,788 INFO  server.AuthenticationFilter (AuthenticationFilter.java:constructSecretProvider(240)) - Unable to initialize FileSignerSecretProvider, falling back to use random secrets.
2019-07-08 14:40:43,789 WARN  http.HttpRequestLog (HttpRequestLog.java:getRequestLog(97)) - Jetty request log can only be enabled using Log4j
2019-07-08 14:40:43,792 INFO  http.HttpServer2 (HttpServer2.java:addGlobalFilter(975)) - Added global filter 'safety' (class=org.apache.hadoop.http.HttpServer2$QuotingInputFilter)
2019-07-08 14:40:43,793 INFO  http.HttpServer2 (HttpServer2.java:addFilter(948)) - Added filter static_user_filter (class=org.apache.hadoop.http.lib.StaticUserWebFilter$StaticUserFilter) to context ozoneManager
2019-07-08 14:40:43,793 INFO  http.HttpServer2 (HttpServer2.java:addFilter(958)) - Added filter static_user_filter (class=org.apache.hadoop.http.lib.StaticUserWebFilter$StaticUserFilter) to context static
2019-07-08 14:40:43,794 INFO  http.HttpServer2 (HttpServer2.java:addFilter(958)) - Added filter static_user_filter (class=org.apache.hadoop.http.lib.StaticUserWebFilter$StaticUserFilter) to context logs
2019-07-08 14:40:43,796 INFO  http.HttpServer2 (HttpServer2.java:bindListener(1191)) - Jetty bound to port 34864
2019-07-08 14:40:43,796 INFO  server.Server (Server.java:doStart(351)) - jetty-9.3.24.v20180605, build timestamp: 2018-06-05T17:11:56Z, git hash: 84205aa28f11a4f31f2a3b86d1bba2cc8ab69827
2019-07-08 14:40:43,798 INFO  handler.ContextHandler (ContextHandler.java:doStart(781)) - Started o.e.j.s.ServletContextHandler@85ec632{/logs,file:///tmp/workdir/hadoop-ozone/tools/target/log,AVAILABLE}
2019-07-08 14:40:43,799 INFO  handler.ContextHandler (ContextHandler.java:doStart(781)) - Started o.e.j.s.ServletContextHandler@65ef722a{/static,file:///tmp/workdir/hadoop-ozone/ozone-manager/target/classes/webapps/static/,AVAILABLE}
2019-07-08 14:40:43,806 INFO  handler.ContextHandler (ContextHandler.java:doStart(781)) - Started o.e.j.w.WebAppContext@1c65121{/,file:///tmp/workdir/hadoop-ozone/ozone-manager/target/classes/webapps/ozoneManager/,AVAILABLE}{/ozoneManager}
2019-07-08 14:40:43,807 INFO  server.AbstractConnector (AbstractConnector.java:doStart(278)) - Started ServerConnector@159e366{HTTP/1.1,[http/1.1]}{0.0.0.0:34864}
2019-07-08 14:40:43,807 INFO  server.Server (Server.java:doStart(419)) - Started @3707ms
2019-07-08 14:40:43,808 INFO  server.BaseHttpServer (BaseHttpServer.java:updateConnectorAddress(207)) - HTTP server of OZONEMANAGER is listening at http://0.0.0.0:34864
2019-07-08 14:40:44,146 INFO  impl.MetricsSystemImpl (MetricsSystemImpl.java:init(158)) - HddsDatanode metrics system started (again)
2019-07-08 14:40:44,235 INFO  ozone.HddsDatanodeService (HddsDatanodeService.java:start(185)) - HddsDatanodeService host:hdds1735-p42dk-4210643158 ip:192.168.5.186
2019-07-08 14:40:44,269 INFO  volume.HddsVolume (HddsVolume.java:<init>(176)) - Creating Volume: /tmp/workdir/hadoop-ozone/tools/target/test-dir/MiniOzoneClusterImpl-11a7c84e-c822-4a04-8546-d1cd68ffd253/datanode-0/data/containers/hdds of  storage type : DISK and capacity : 52710309888
2019-07-08 14:40:44,271 INFO  volume.VolumeSet (VolumeSet.java:initializeVolumeSet(170)) - Added Volume : /tmp/workdir/hadoop-ozone/tools/target/test-dir/MiniOzoneClusterImpl-11a7c84e-c822-4a04-8546-d1cd68ffd253/datanode-0/data/containers/hdds to VolumeSet
2019-07-08 14:40:44,274 INFO  volume.ThrottledAsyncChecker (ThrottledAsyncChecker.java:schedule(140)) - Scheduling a check for org.apache.hadoop.ozone.container.common.volume.HddsVolume@3122b117
2019-07-08 14:40:44,293 INFO  volume.HddsVolumeChecker (HddsVolumeChecker.java:checkAllVolumes(203)) - Scheduled health check for volume org.apache.hadoop.ozone.container.common.volume.HddsVolume@3122b117
2019-07-08 14:40:44,339 INFO  ratis.XceiverServerRatis (XceiverServerRatis.java:newXceiverServerRatis(411)) - Found a free port for the server : 36445
2019-07-08 14:40:44,410 INFO  impl.RaftServerProxy (ConfUtils.java:logGet(43)) - raft.rpc.type = GRPC (default)
2019-07-08 14:40:44,476 INFO  grpc.GrpcFactory (GrpcFactory.java:checkPooledByteBufAllocatorUseCacheForAllThreads(45)) - PERFORMANCE WARNING: useCacheForAllThreads is true that may cause Netty to create a lot garbage objects and, as a result, trigger GC.
	It is recommended to disable useCacheForAllThreads by setting -Dorg.apache.ratis.thirdparty.io.netty.allocator.useCacheForAllThreads=false in command line.
2019-07-08 14:40:44,481 INFO  grpc.GrpcConfigKeys$Server (ConfUtils.java:logGet(43)) - raft.grpc.server.port = 36445 (custom)
2019-07-08 14:40:44,481 INFO  server.GrpcService (ConfUtils.java:logGet(43)) - raft.grpc.message.size.max = 33570816 (custom)
2019-07-08 14:40:44,483 INFO  server.RaftServerConfigKeys (ConfUtils.java:logGet(43)) - raft.server.log.appender.buffer.byte-limit = 33554432 (custom)
2019-07-08 14:40:44,483 INFO  server.GrpcService (ConfUtils.java:logGet(43)) - raft.grpc.flow.control.window = 1MB (=1048576) (default)
2019-07-08 14:40:44,484 INFO  server.RaftServerConfigKeys (ConfUtils.java:logGet(43)) - raft.server.rpc.request.timeout = 3000ms (default)
2019-07-08 14:40:44,648 INFO  server.RaftServerConfigKeys (ConfUtils.java:logGet(43)) - raft.server.storage.dir = [/tmp/workdir/hadoop-ozone/tools/target/test-dir/MiniOzoneClusterImpl-11a7c84e-c822-4a04-8546-d1cd68ffd253/datanode-0/data/ratis] (custom)
2019-07-08 14:40:44,654 INFO  server.XceiverServerGrpc (XceiverServerGrpc.java:<init>(97)) - Found a free port for the server : 33815
2019-07-08 14:40:44,683 INFO  replication.SimpleContainerDownloader (SimpleContainerDownloader.java:<init>(72)) - Starting container downloader service to copy containers to replicate.
2019-07-08 14:40:44,695 INFO  hdfs.DFSUtil (DFSUtil.java:httpServerTemplateForNNAndJN(1641)) - Starting Web-server for hddsDatanode at: http://0.0.0.0:0
2019-07-08 14:40:44,697 INFO  server.AuthenticationFilter (AuthenticationFilter.java:constructSecretProvider(240)) - Unable to initialize FileSignerSecretProvider, falling back to use random secrets.
2019-07-08 14:40:44,698 WARN  http.HttpRequestLog (HttpRequestLog.java:getRequestLog(97)) - Jetty request log can only be enabled using Log4j
2019-07-08 14:40:44,701 INFO  http.HttpServer2 (HttpServer2.java:addGlobalFilter(975)) - Added global filter 'safety' (class=org.apache.hadoop.http.HttpServer2$QuotingInputFilter)
2019-07-08 14:40:44,703 INFO  http.HttpServer2 (HttpServer2.java:addFilter(948)) - Added filter static_user_filter (class=org.apache.hadoop.http.lib.StaticUserWebFilter$StaticUserFilter) to context hddsDatanode
2019-07-08 14:40:44,703 INFO  http.HttpServer2 (HttpServer2.java:addFilter(958)) - Added filter static_user_filter (class=org.apache.hadoop.http.lib.StaticUserWebFilter$StaticUserFilter) to context static
2019-07-08 14:40:44,703 INFO  http.HttpServer2 (HttpServer2.java:addFilter(958)) - Added filter static_user_filter (class=org.apache.hadoop.http.lib.StaticUserWebFilter$StaticUserFilter) to context logs
2019-07-08 14:40:44,705 INFO  http.HttpServer2 (HttpServer2.java:bindListener(1191)) - Jetty bound to port 42859
2019-07-08 14:40:44,705 INFO  server.Server (Server.java:doStart(351)) - jetty-9.3.24.v20180605, build timestamp: 2018-06-05T17:11:56Z, git hash: 84205aa28f11a4f31f2a3b86d1bba2cc8ab69827
2019-07-08 14:40:44,708 INFO  handler.ContextHandler (ContextHandler.java:doStart(781)) - Started o.e.j.s.ServletContextHandler@3f4cd155{/logs,file:///tmp/workdir/hadoop-ozone/tools/target/log,AVAILABLE}
2019-07-08 14:40:44,709 INFO  handler.ContextHandler (ContextHandler.java:doStart(781)) - Started o.e.j.s.ServletContextHandler@506dcf55{/static,file:///tmp/workdir/hadoop-hdds/container-service/target/classes/webapps/static,AVAILABLE}
2019-07-08 14:40:44,723 INFO  handler.ContextHandler (ContextHandler.java:doStart(781)) - Started o.e.j.w.WebAppContext@6145b81e{/,file:///tmp/workdir/hadoop-hdds/container-service/target/classes/webapps/hddsDatanode/,AVAILABLE}{/hddsDatanode}
2019-07-08 14:40:44,726 INFO  server.AbstractConnector (AbstractConnector.java:doStart(278)) - Started ServerConnector@64355120{HTTP/1.1,[http/1.1]}{0.0.0.0:42859}
2019-07-08 14:40:44,730 INFO  server.Server (Server.java:doStart(419)) - Started @4630ms
2019-07-08 14:40:44,732 INFO  server.BaseHttpServer (BaseHttpServer.java:updateConnectorAddress(207)) - HTTP server of HDDSDATANODE is listening at http://0.0.0.0:42859
2019-07-08 14:40:45,947 INFO  ozone.HddsDatanodeService (HddsDatanodeService.java:startPlugins(396)) - Started plug-in org.apache.hadoop.ozone.web.OzoneHddsDatanodeService@36920bd6
2019-07-08 14:40:45,950 INFO  impl.MetricsSystemImpl (MetricsSystemImpl.java:init(158)) - HddsDatanode metrics system started (again)
2019-07-08 14:40:45,951 INFO  ozone.HddsDatanodeService (HddsDatanodeService.java:start(185)) - HddsDatanodeService host:hdds1735-p42dk-4210643158 ip:192.168.5.186
2019-07-08 14:40:45,958 INFO  util.JvmPauseMonitor (JvmPauseMonitor.java:run(188)) - Starting JVM pause monitor
2019-07-08 14:40:45,963 INFO  volume.HddsVolume (HddsVolume.java:<init>(176)) - Creating Volume: /tmp/workdir/hadoop-ozone/tools/target/test-dir/MiniOzoneClusterImpl-11a7c84e-c822-4a04-8546-d1cd68ffd253/datanode-1/data/containers/hdds of  storage type : DISK and capacity : 52710309888
2019-07-08 14:40:45,963 INFO  volume.VolumeSet (VolumeSet.java:initializeVolumeSet(170)) - Added Volume : /tmp/workdir/hadoop-ozone/tools/target/test-dir/MiniOzoneClusterImpl-11a7c84e-c822-4a04-8546-d1cd68ffd253/datanode-1/data/containers/hdds to VolumeSet
2019-07-08 14:40:45,964 INFO  volume.ThrottledAsyncChecker (ThrottledAsyncChecker.java:schedule(140)) - Scheduling a check for org.apache.hadoop.ozone.container.common.volume.HddsVolume@208f0007
2019-07-08 14:40:45,966 INFO  volume.HddsVolumeChecker (HddsVolumeChecker.java:checkAllVolumes(203)) - Scheduled health check for volume org.apache.hadoop.ozone.container.common.volume.HddsVolume@208f0007
2019-07-08 14:40:45,997 INFO  ratis.XceiverServerRatis (XceiverServerRatis.java:newXceiverServerRatis(411)) - Found a free port for the server : 44797
2019-07-08 14:40:46,000 INFO  impl.RaftServerProxy (ConfUtils.java:logGet(43)) - raft.rpc.type = GRPC (default)
2019-07-08 14:40:46,000 INFO  grpc.GrpcFactory (GrpcFactory.java:checkPooledByteBufAllocatorUseCacheForAllThreads(45)) - PERFORMANCE WARNING: useCacheForAllThreads is true that may cause Netty to create a lot garbage objects and, as a result, trigger GC.
	It is recommended to disable useCacheForAllThreads by setting -Dorg.apache.ratis.thirdparty.io.netty.allocator.useCacheForAllThreads=false in command line.
2019-07-08 14:40:46,000 INFO  grpc.GrpcConfigKeys$Server (ConfUtils.java:logGet(43)) - raft.grpc.server.port = 44797 (custom)
2019-07-08 14:40:46,001 INFO  server.GrpcService (ConfUtils.java:logGet(43)) - raft.grpc.message.size.max = 33570816 (custom)
2019-07-08 14:40:46,001 INFO  server.RaftServerConfigKeys (ConfUtils.java:logGet(43)) - raft.server.log.appender.buffer.byte-limit = 33554432 (custom)
2019-07-08 14:40:46,002 INFO  server.GrpcService (ConfUtils.java:logGet(43)) - raft.grpc.flow.control.window = 1MB (=1048576) (default)
2019-07-08 14:40:46,002 INFO  server.RaftServerConfigKeys (ConfUtils.java:logGet(43)) - raft.server.rpc.request.timeout = 3000ms (default)
2019-07-08 14:40:46,004 INFO  server.RaftServerConfigKeys (ConfUtils.java:logGet(43)) - raft.server.storage.dir = [/tmp/workdir/hadoop-ozone/tools/target/test-dir/MiniOzoneClusterImpl-11a7c84e-c822-4a04-8546-d1cd68ffd253/datanode-1/data/ratis] (custom)
2019-07-08 14:40:46,004 INFO  server.XceiverServerGrpc (XceiverServerGrpc.java:<init>(97)) - Found a free port for the server : 44458
2019-07-08 14:40:46,005 INFO  replication.SimpleContainerDownloader (SimpleContainerDownloader.java:<init>(72)) - Starting container downloader service to copy containers to replicate.
2019-07-08 14:40:46,008 INFO  hdfs.DFSUtil (DFSUtil.java:httpServerTemplateForNNAndJN(1641)) - Starting Web-server for hddsDatanode at: http://0.0.0.0:0
2019-07-08 14:40:46,010 INFO  server.AuthenticationFilter (AuthenticationFilter.java:constructSecretProvider(240)) - Unable to initialize FileSignerSecretProvider, falling back to use random secrets.
2019-07-08 14:40:46,012 WARN  http.HttpRequestLog (HttpRequestLog.java:getRequestLog(97)) - Jetty request log can only be enabled using Log4j
2019-07-08 14:40:46,016 INFO  http.HttpServer2 (HttpServer2.java:addGlobalFilter(975)) - Added global filter 'safety' (class=org.apache.hadoop.http.HttpServer2$QuotingInputFilter)
2019-07-08 14:40:46,017 INFO  http.HttpServer2 (HttpServer2.java:addFilter(948)) - Added filter static_user_filter (class=org.apache.hadoop.http.lib.StaticUserWebFilter$StaticUserFilter) to context hddsDatanode
2019-07-08 14:40:46,017 INFO  http.HttpServer2 (HttpServer2.java:addFilter(958)) - Added filter static_user_filter (class=org.apache.hadoop.http.lib.StaticUserWebFilter$StaticUserFilter) to context logs
2019-07-08 14:40:46,018 INFO  http.HttpServer2 (HttpServer2.java:addFilter(958)) - Added filter static_user_filter (class=org.apache.hadoop.http.lib.StaticUserWebFilter$StaticUserFilter) to context static
2019-07-08 14:40:46,019 INFO  http.HttpServer2 (HttpServer2.java:bindListener(1191)) - Jetty bound to port 34430
2019-07-08 14:40:46,019 INFO  server.Server (Server.java:doStart(351)) - jetty-9.3.24.v20180605, build timestamp: 2018-06-05T17:11:56Z, git hash: 84205aa28f11a4f31f2a3b86d1bba2cc8ab69827
2019-07-08 14:40:46,022 INFO  handler.ContextHandler (ContextHandler.java:doStart(781)) - Started o.e.j.s.ServletContextHandler@51dae791{/logs,file:///tmp/workdir/hadoop-ozone/tools/target/log,AVAILABLE}
2019-07-08 14:40:46,024 INFO  handler.ContextHandler (ContextHandler.java:doStart(781)) - Started o.e.j.s.ServletContextHandler@5de5e95{/static,file:///tmp/workdir/hadoop-hdds/container-service/target/classes/webapps/static,AVAILABLE}
2019-07-08 14:40:46,032 INFO  handler.ContextHandler (ContextHandler.java:doStart(781)) - Started o.e.j.w.WebAppContext@34c70b5e{/,file:///tmp/workdir/hadoop-hdds/container-service/target/classes/webapps/hddsDatanode/,AVAILABLE}{/hddsDatanode}
2019-07-08 14:40:46,034 INFO  server.AbstractConnector (AbstractConnector.java:doStart(278)) - Started ServerConnector@4f2d995e{HTTP/1.1,[http/1.1]}{0.0.0.0:34430}
2019-07-08 14:40:46,036 INFO  server.Server (Server.java:doStart(419)) - Started @5936ms
2019-07-08 14:40:46,037 INFO  server.BaseHttpServer (BaseHttpServer.java:updateConnectorAddress(207)) - HTTP server of HDDSDATANODE is listening at http://0.0.0.0:34430
2019-07-08 14:40:46,086 INFO  datanode.InitDatanodeState (InitDatanodeState.java:persistContainerDatanodeDetails(140)) - DatanodeDetails is persisted to /tmp/workdir/hadoop-ozone/tools/target/test-dir/MiniOzoneClusterImpl-11a7c84e-c822-4a04-8546-d1cd68ffd253/datanode-0/meta/datanode.id
2019-07-08 14:40:46,192 INFO  ozone.HddsDatanodeService (HddsDatanodeService.java:startPlugins(396)) - Started plug-in org.apache.hadoop.ozone.web.OzoneHddsDatanodeService@696db620
2019-07-08 14:40:46,192 INFO  impl.MetricsSystemImpl (MetricsSystemImpl.java:init(158)) - HddsDatanode metrics system started (again)
2019-07-08 14:40:46,193 INFO  ozone.HddsDatanodeService (HddsDatanodeService.java:start(185)) - HddsDatanodeService host:hdds1735-p42dk-4210643158 ip:192.168.5.186
2019-07-08 14:40:46,194 INFO  util.JvmPauseMonitor (JvmPauseMonitor.java:run(188)) - Starting JVM pause monitor
2019-07-08 14:40:46,202 INFO  volume.HddsVolume (HddsVolume.java:<init>(176)) - Creating Volume: /tmp/workdir/hadoop-ozone/tools/target/test-dir/MiniOzoneClusterImpl-11a7c84e-c822-4a04-8546-d1cd68ffd253/datanode-2/data/containers/hdds of  storage type : DISK and capacity : 52710309888
2019-07-08 14:40:46,203 INFO  volume.VolumeSet (VolumeSet.java:initializeVolumeSet(170)) - Added Volume : /tmp/workdir/hadoop-ozone/tools/target/test-dir/MiniOzoneClusterImpl-11a7c84e-c822-4a04-8546-d1cd68ffd253/datanode-2/data/containers/hdds to VolumeSet
2019-07-08 14:40:46,203 INFO  volume.ThrottledAsyncChecker (ThrottledAsyncChecker.java:schedule(140)) - Scheduling a check for org.apache.hadoop.ozone.container.common.volume.HddsVolume@12a470dd
2019-07-08 14:40:46,204 INFO  volume.HddsVolumeChecker (HddsVolumeChecker.java:checkAllVolumes(203)) - Scheduled health check for volume org.apache.hadoop.ozone.container.common.volume.HddsVolume@12a470dd
2019-07-08 14:40:46,205 INFO  datanode.InitDatanodeState (InitDatanodeState.java:persistContainerDatanodeDetails(140)) - DatanodeDetails is persisted to /tmp/workdir/hadoop-ozone/tools/target/test-dir/MiniOzoneClusterImpl-11a7c84e-c822-4a04-8546-d1cd68ffd253/datanode-1/meta/datanode.id
2019-07-08 14:40:46,224 INFO  ratis.XceiverServerRatis (XceiverServerRatis.java:newXceiverServerRatis(411)) - Found a free port for the server : 44136
2019-07-08 14:40:46,225 INFO  impl.RaftServerProxy (ConfUtils.java:logGet(43)) - raft.rpc.type = GRPC (default)
2019-07-08 14:40:46,226 INFO  grpc.GrpcFactory (GrpcFactory.java:checkPooledByteBufAllocatorUseCacheForAllThreads(45)) - PERFORMANCE WARNING: useCacheForAllThreads is true that may cause Netty to create a lot garbage objects and, as a result, trigger GC.
	It is recommended to disable useCacheForAllThreads by setting -Dorg.apache.ratis.thirdparty.io.netty.allocator.useCacheForAllThreads=false in command line.
2019-07-08 14:40:46,226 INFO  grpc.GrpcConfigKeys$Server (ConfUtils.java:logGet(43)) - raft.grpc.server.port = 44136 (custom)
2019-07-08 14:40:46,226 INFO  server.GrpcService (ConfUtils.java:logGet(43)) - raft.grpc.message.size.max = 33570816 (custom)
2019-07-08 14:40:46,226 INFO  server.RaftServerConfigKeys (ConfUtils.java:logGet(43)) - raft.server.log.appender.buffer.byte-limit = 33554432 (custom)
2019-07-08 14:40:46,227 INFO  server.GrpcService (ConfUtils.java:logGet(43)) - raft.grpc.flow.control.window = 1MB (=1048576) (default)
2019-07-08 14:40:46,227 INFO  server.RaftServerConfigKeys (ConfUtils.java:logGet(43)) - raft.server.rpc.request.timeout = 3000ms (default)
2019-07-08 14:40:46,227 INFO  server.RaftServerConfigKeys (ConfUtils.java:logGet(43)) - raft.server.storage.dir = [/tmp/workdir/hadoop-ozone/tools/target/test-dir/MiniOzoneClusterImpl-11a7c84e-c822-4a04-8546-d1cd68ffd253/datanode-2/data/ratis] (custom)
2019-07-08 14:40:46,228 INFO  server.XceiverServerGrpc (XceiverServerGrpc.java:<init>(97)) - Found a free port for the server : 43323
2019-07-08 14:40:46,229 INFO  replication.SimpleContainerDownloader (SimpleContainerDownloader.java:<init>(72)) - Starting container downloader service to copy containers to replicate.
2019-07-08 14:40:46,230 INFO  hdfs.DFSUtil (DFSUtil.java:httpServerTemplateForNNAndJN(1641)) - Starting Web-server for hddsDatanode at: http://0.0.0.0:0
2019-07-08 14:40:46,231 INFO  server.AuthenticationFilter (AuthenticationFilter.java:constructSecretProvider(240)) - Unable to initialize FileSignerSecretProvider, falling back to use random secrets.
2019-07-08 14:40:46,232 WARN  http.HttpRequestLog (HttpRequestLog.java:getRequestLog(97)) - Jetty request log can only be enabled using Log4j
2019-07-08 14:40:46,233 INFO  http.HttpServer2 (HttpServer2.java:addGlobalFilter(975)) - Added global filter 'safety' (class=org.apache.hadoop.http.HttpServer2$QuotingInputFilter)
2019-07-08 14:40:46,234 INFO  http.HttpServer2 (HttpServer2.java:addFilter(948)) - Added filter static_user_filter (class=org.apache.hadoop.http.lib.StaticUserWebFilter$StaticUserFilter) to context hddsDatanode
2019-07-08 14:40:46,234 INFO  http.HttpServer2 (HttpServer2.java:addFilter(958)) - Added filter static_user_filter (class=org.apache.hadoop.http.lib.StaticUserWebFilter$StaticUserFilter) to context static
2019-07-08 14:40:46,234 INFO  http.HttpServer2 (HttpServer2.java:addFilter(958)) - Added filter static_user_filter (class=org.apache.hadoop.http.lib.StaticUserWebFilter$StaticUserFilter) to context logs
2019-07-08 14:40:46,235 INFO  http.HttpServer2 (HttpServer2.java:bindListener(1191)) - Jetty bound to port 33702
2019-07-08 14:40:46,235 INFO  server.Server (Server.java:doStart(351)) - jetty-9.3.24.v20180605, build timestamp: 2018-06-05T17:11:56Z, git hash: 84205aa28f11a4f31f2a3b86d1bba2cc8ab69827
2019-07-08 14:40:46,238 INFO  handler.ContextHandler (ContextHandler.java:doStart(781)) - Started o.e.j.s.ServletContextHandler@3a3ed300{/logs,file:///tmp/workdir/hadoop-ozone/tools/target/log,AVAILABLE}
2019-07-08 14:40:46,239 INFO  handler.ContextHandler (ContextHandler.java:doStart(781)) - Started o.e.j.s.ServletContextHandler@39f5b723{/static,file:///tmp/workdir/hadoop-hdds/container-service/target/classes/webapps/static,AVAILABLE}
2019-07-08 14:40:46,243 INFO  handler.ContextHandler (ContextHandler.java:doStart(781)) - Started o.e.j.w.WebAppContext@16736040{/,file:///tmp/workdir/hadoop-hdds/container-service/target/classes/webapps/hddsDatanode/,AVAILABLE}{/hddsDatanode}
2019-07-08 14:40:46,243 INFO  server.AbstractConnector (AbstractConnector.java:doStart(278)) - Started ServerConnector@7c5d1d25{HTTP/1.1,[http/1.1]}{0.0.0.0:33702}
2019-07-08 14:40:46,244 INFO  server.Server (Server.java:doStart(419)) - Started @6144ms
2019-07-08 14:40:46,246 INFO  server.BaseHttpServer (BaseHttpServer.java:updateConnectorAddress(207)) - HTTP server of HDDSDATANODE is listening at http://0.0.0.0:33702
2019-07-08 14:40:46,375 INFO  ozone.HddsDatanodeService (HddsDatanodeService.java:startPlugins(396)) - Started plug-in org.apache.hadoop.ozone.web.OzoneHddsDatanodeService@62cba181
2019-07-08 14:40:46,377 INFO  ozone.MiniOzoneClusterImpl (MiniOzoneClusterImpl.java:lambda$waitForClusterToBeReady$0(142)) - Waiting for cluster to be ready. Got 0 of 3 DN Heartbeats.
2019-07-08 14:40:46,378 INFO  util.JvmPauseMonitor (JvmPauseMonitor.java:run(188)) - Starting JVM pause monitor
2019-07-08 14:40:46,381 INFO  datanode.InitDatanodeState (InitDatanodeState.java:persistContainerDatanodeDetails(140)) - DatanodeDetails is persisted to /tmp/workdir/hadoop-ozone/tools/target/test-dir/MiniOzoneClusterImpl-11a7c84e-c822-4a04-8546-d1cd68ffd253/datanode-2/meta/datanode.id
2019-07-08 14:40:47,377 INFO  ozone.MiniOzoneClusterImpl (MiniOzoneClusterImpl.java:lambda$waitForClusterToBeReady$0(142)) - Waiting for cluster to be ready. Got 0 of 3 DN Heartbeats.
2019-07-08 14:40:48,020 INFO  ozoneimpl.OzoneContainer (OzoneContainer.java:start(186)) - Attempting to start container services.
2019-07-08 14:40:48,021 INFO  ozoneimpl.OzoneContainer (OzoneContainer.java:startContainerScrub(160)) - Background container scrubber has been disabled by hdds.containerscrub.enabled
2019-07-08 14:40:48,022 INFO  ratis.XceiverServerRatis (XceiverServerRatis.java:start(428)) - Starting XceiverServerRatis e4dcb69b-3ac0-48cc-9c49-985031243b55 at port 36445
2019-07-08 14:40:48,052 INFO  impl.RaftServerProxy (RaftServerProxy.java:lambda$start$3(299)) - e4dcb69b-3ac0-48cc-9c49-985031243b55: start RPC server
2019-07-08 14:40:48,181 INFO  server.GrpcService (GrpcService.java:startImpl(149)) - e4dcb69b-3ac0-48cc-9c49-985031243b55: GrpcService started, listening on 0.0.0.0/0.0.0.0:36445
2019-07-08 14:40:48,210 INFO  ozoneimpl.OzoneContainer (OzoneContainer.java:start(186)) - Attempting to start container services.
2019-07-08 14:40:48,212 INFO  ozoneimpl.OzoneContainer (OzoneContainer.java:startContainerScrub(160)) - Background container scrubber has been disabled by hdds.containerscrub.enabled
2019-07-08 14:40:48,212 INFO  ratis.XceiverServerRatis (XceiverServerRatis.java:start(428)) - Starting XceiverServerRatis 03c01628-5ddd-4710-9193-9eb657bdd5be at port 44797
2019-07-08 14:40:48,227 INFO  impl.RaftServerProxy (RaftServerProxy.java:lambda$start$3(299)) - 03c01628-5ddd-4710-9193-9eb657bdd5be: start RPC server
2019-07-08 14:40:48,230 INFO  server.GrpcService (GrpcService.java:startImpl(149)) - 03c01628-5ddd-4710-9193-9eb657bdd5be: GrpcService started, listening on 0.0.0.0/0.0.0.0:44797
2019-07-08 14:40:48,378 INFO  ozone.MiniOzoneClusterImpl (MiniOzoneClusterImpl.java:lambda$waitForClusterToBeReady$0(142)) - Waiting for cluster to be ready. Got 0 of 3 DN Heartbeats.
2019-07-08 14:40:48,386 INFO  ozoneimpl.OzoneContainer (OzoneContainer.java:start(186)) - Attempting to start container services.
2019-07-08 14:40:48,387 INFO  ozoneimpl.OzoneContainer (OzoneContainer.java:startContainerScrub(160)) - Background container scrubber has been disabled by hdds.containerscrub.enabled
2019-07-08 14:40:48,388 INFO  ratis.XceiverServerRatis (XceiverServerRatis.java:start(428)) - Starting XceiverServerRatis c928bbcd-fd4d-42e0-82fd-2c834b19fd85 at port 44136
2019-07-08 14:40:48,403 INFO  impl.RaftServerProxy (RaftServerProxy.java:lambda$start$3(299)) - c928bbcd-fd4d-42e0-82fd-2c834b19fd85: start RPC server
2019-07-08 14:40:48,406 INFO  server.GrpcService (GrpcService.java:startImpl(149)) - c928bbcd-fd4d-42e0-82fd-2c834b19fd85: GrpcService started, listening on 0.0.0.0/0.0.0.0:44136
2019-07-08 14:40:49,380 INFO  ozone.MiniOzoneClusterImpl (MiniOzoneClusterImpl.java:lambda$waitForClusterToBeReady$0(142)) - Waiting for cluster to be ready. Got 0 of 3 DN Heartbeats.
2019-07-08 14:40:50,004 INFO  net.NetworkTopology (NetworkTopologyImpl.java:add(109)) - Added a new node: /default-rack/192.168.5.186
2019-07-08 14:40:50,005 INFO  node.SCMNodeManager (SCMNodeManager.java:register(268)) - Registered Data node : e4dcb69b-3ac0-48cc-9c49-985031243b55{ip: 192.168.5.186, host: hdds1735-p42dk-4210643158, networkLocation: /default-rack, certSerialId: null}
2019-07-08 14:40:50,062 INFO  safemode.SCMSafeModeManager (DataNodeSafeModeRule.java:process(71)) - SCM in safe mode. 1 DataNodes registered, 1 required.
2019-07-08 14:40:50,062 INFO  safemode.SCMSafeModeManager (SCMSafeModeManager.java:validateSafeModeExitRules(177)) - ScmSafeModeManager, all rules are successfully validated
2019-07-08 14:40:50,062 INFO  safemode.SCMSafeModeManager (SCMSafeModeManager.java:exitSafeMode(193)) - SCM exiting safe mode.
2019-07-08 14:40:50,199 INFO  node.SCMNodeManager (SCMNodeManager.java:register(268)) - Registered Data node : 03c01628-5ddd-4710-9193-9eb657bdd5be{ip: 192.168.5.186, host: hdds1735-p42dk-4210643158, networkLocation: /default-rack, certSerialId: null}
2019-07-08 14:40:50,380 INFO  ozone.MiniOzoneClusterImpl (MiniOzoneClusterImpl.java:lambda$waitForClusterToBeReady$0(142)) - Waiting for cluster to be ready. Got 2 of 3 DN Heartbeats.
2019-07-08 14:40:50,381 INFO  node.SCMNodeManager (SCMNodeManager.java:register(268)) - Registered Data node : c928bbcd-fd4d-42e0-82fd-2c834b19fd85{ip: 192.168.5.186, host: hdds1735-p42dk-4210643158, networkLocation: /default-rack, certSerialId: null}
2019-07-08 14:40:50,672 INFO  impl.RaftServerProxy (RaftServerProxy.java:addNew(89)) - e4dcb69b-3ac0-48cc-9c49-985031243b55: addNew group-7DEA8AD9EC4D:[e4dcb69b-3ac0-48cc-9c49-985031243b55:192.168.5.186:36445] returns group-7DEA8AD9EC4D:java.util.concurrent.CompletableFuture@589b60e9[Not completed]
2019-07-08 14:40:50,687 INFO  impl.RaftServerImpl (RaftServerImpl.java:<init>(93)) - e4dcb69b-3ac0-48cc-9c49-985031243b55: new RaftServerImpl for group-7DEA8AD9EC4D:[e4dcb69b-3ac0-48cc-9c49-985031243b55:192.168.5.186:36445] with ContainerStateMachine:uninitialized
2019-07-08 14:40:50,690 INFO  server.RaftServerConfigKeys (ConfUtils.java:logGet(43)) - raft.server.rpc.timeout.min = 1s (custom)
2019-07-08 14:40:50,691 INFO  server.RaftServerConfigKeys (ConfUtils.java:logGet(43)) - raft.server.rpc.timeout.max = 1200ms (custom)
2019-07-08 14:40:50,692 INFO  server.RaftServerConfigKeys (ConfUtils.java:logGet(43)) - raft.server.rpcslowness.timeout = 120s (custom)
2019-07-08 14:40:50,693 INFO  server.RaftServerConfigKeys (ConfUtils.java:logGet(43)) - raft.server.sleep.deviation.threshold = 300 (default)
2019-07-08 14:40:50,694 INFO  server.RaftServerConfigKeys (ConfUtils.java:logGet(43)) - raft.server.log.appender.install.snapshot.enabled = false (custom)
2019-07-08 14:40:50,703 INFO  impl.RaftServerImpl (ServerState.java:<init>(105)) - e4dcb69b-3ac0-48cc-9c49-985031243b55:group-7DEA8AD9EC4D ConfigurationManager, init=-1: [e4dcb69b-3ac0-48cc-9c49-985031243b55:192.168.5.186:36445], old=null, confs=<EMPTY_MAP>
2019-07-08 14:40:50,703 INFO  server.RaftServerConfigKeys (ConfUtils.java:logGet(43)) - raft.server.storage.dir = [/tmp/workdir/hadoop-ozone/tools/target/test-dir/MiniOzoneClusterImpl-11a7c84e-c822-4a04-8546-d1cd68ffd253/datanode-0/data/ratis] (custom)
2019-07-08 14:40:50,711 INFO  storage.RaftStorageDirectory (RaftStorageDirectory.java:analyzeStorage(246)) - The storage directory /tmp/workdir/hadoop-ozone/tools/target/test-dir/MiniOzoneClusterImpl-11a7c84e-c822-4a04-8546-d1cd68ffd253/datanode-0/data/ratis/80d04260-783a-4181-839e-7dea8ad9ec4d does not exist. Creating ...
2019-07-08 14:40:50,728 INFO  storage.RaftStorageDirectory (RaftStorageDirectory.java:tryLock(328)) - Lock on /tmp/workdir/hadoop-ozone/tools/target/test-dir/MiniOzoneClusterImpl-11a7c84e-c822-4a04-8546-d1cd68ffd253/datanode-0/data/ratis/80d04260-783a-4181-839e-7dea8ad9ec4d/in_use.lock acquired by nodename 22501@hdds1735-p42dk-4210643158
2019-07-08 14:40:50,734 INFO  storage.RaftStorage (RaftStorage.java:format(72)) - Storage directory /tmp/workdir/hadoop-ozone/tools/target/test-dir/MiniOzoneClusterImpl-11a7c84e-c822-4a04-8546-d1cd68ffd253/datanode-0/data/ratis/80d04260-783a-4181-839e-7dea8ad9ec4d has been successfully formatted.
2019-07-08 14:40:50,737 INFO  ratis.ContainerStateMachine (ContainerStateMachine.java:loadSnapshot(198)) - The snapshot info is null.Setting the last applied index to:(t:0, i:~)
2019-07-08 14:40:50,737 INFO  server.RaftServerConfigKeys (ConfUtils.java:logGet(43)) - raft.server.leader.election.timeout = 120s (custom)
2019-07-08 14:40:50,739 INFO  server.RaftServerConfigKeys (ConfUtils.java:logGet(43)) - raft.server.log.use.memory = false (default)
2019-07-08 14:40:50,745 INFO  server.RaftServerConfigKeys (ConfUtils.java:logGet(43)) - raft.server.log.purge.gap = 1000000000 (custom)
2019-07-08 14:40:50,745 INFO  server.RaftServerConfigKeys (ConfUtils.java:logGet(43)) - raft.server.log.appender.buffer.byte-limit = 33554432 (custom)
2019-07-08 14:40:50,747 INFO  server.RaftServerConfigKeys (ConfUtils.java:logGet(43)) - raft.server.log.segment.size.max = 1048576 (custom)
2019-07-08 14:40:50,751 INFO  server.RaftServerConfigKeys (ConfUtils.java:logGet(43)) - raft.server.log.segment.cache.num.max = 2 (custom)
2019-07-08 14:40:50,757 INFO  segmented.SegmentedRaftLogWorker (SegmentedRaftLogWorker.java:<init>(172)) - new e4dcb69b-3ac0-48cc-9c49-985031243b55-SegmentedRaftLogWorker:Storage Directory /tmp/workdir/hadoop-ozone/tools/target/test-dir/MiniOzoneClusterImpl-11a7c84e-c822-4a04-8546-d1cd68ffd253/datanode-0/data/ratis/80d04260-783a-4181-839e-7dea8ad9ec4d for RaftStorage:Storage Directory /tmp/workdir/hadoop-ozone/tools/target/test-dir/MiniOzoneClusterImpl-11a7c84e-c822-4a04-8546-d1cd68ffd253/datanode-0/data/ratis/80d04260-783a-4181-839e-7dea8ad9ec4d
2019-07-08 14:40:50,770 INFO  server.RaftServerConfigKeys (ConfUtils.java:logGet(43)) - raft.server.log.queue.byte-limit = 2147483647 (custom)
2019-07-08 14:40:50,770 INFO  server.RaftServerConfigKeys (ConfUtils.java:logGet(43)) - raft.server.log.queue.element-limit = 1024 (custom)
2019-07-08 14:40:50,776 INFO  server.RaftServerConfigKeys (ConfUtils.java:logGet(43)) - raft.server.log.segment.size.max = 1048576 (custom)
2019-07-08 14:40:50,776 INFO  server.RaftServerConfigKeys (ConfUtils.java:logGet(43)) - raft.server.log.preallocated.size = 16384 (custom)
2019-07-08 14:40:50,776 INFO  server.RaftServerConfigKeys (ConfUtils.java:logGet(43)) - raft.server.log.write.buffer.size = 33554432 (custom)
2019-07-08 14:40:50,777 INFO  server.RaftServerConfigKeys (ConfUtils.java:logGet(43)) - raft.server.log.force.sync.num = 128 (default)
2019-07-08 14:40:50,778 INFO  server.RaftServerConfigKeys (ConfUtils.java:logGet(43)) - raft.server.log.statemachine.data.sync = true (default)
2019-07-08 14:40:50,778 INFO  server.RaftServerConfigKeys (ConfUtils.java:logGet(43)) - raft.server.log.statemachine.data.sync.timeout = 10s (default)
2019-07-08 14:40:50,779 INFO  server.RaftServerConfigKeys (ConfUtils.java:logGet(43)) - raft.server.log.statemachine.data.sync.timeout.retry = -1 (default)
2019-07-08 14:40:50,789 INFO  server.RaftServerConfigKeys (ConfUtils.java:logGet(43)) - raft.server.log.statemachine.data.caching.enabled = true (custom)
2019-07-08 14:40:50,794 INFO  segmented.SegmentedRaftLogWorker (SegmentedRaftLogWorker.java:lambda$new$0(132)) - e4dcb69b-3ac0-48cc-9c49-985031243b55-SegmentedRaftLogWorker:Storage Directory /tmp/workdir/hadoop-ozone/tools/target/test-dir/MiniOzoneClusterImpl-11a7c84e-c822-4a04-8546-d1cd68ffd253/datanode-0/data/ratis/80d04260-783a-4181-839e-7dea8ad9ec4d: flushIndex: setUnconditionally 0 -> -1
2019-07-08 14:40:50,797 INFO  server.RaftServerConfigKeys (ConfUtils.java:logGet(43)) - raft.server.snapshot.auto.trigger.enabled = true (custom)
2019-07-08 14:40:50,798 INFO  server.RaftServerConfigKeys (ConfUtils.java:logGet(43)) - raft.server.snapshot.auto.trigger.threshold = 10000 (custom)
2019-07-08 14:40:50,798 INFO  server.RaftServerConfigKeys (ConfUtils.java:logGet(43)) - raft.server.retrycache.expirytime = 600000ms (custom)
2019-07-08 14:40:51,141 INFO  impl.RaftServerImpl (RaftServerImpl.java:start(180)) - e4dcb69b-3ac0-48cc-9c49-985031243b55: start group-7DEA8AD9EC4D
2019-07-08 14:40:51,143 INFO  impl.RaftServerImpl (RaftServerImpl.java:setRole(171)) - e4dcb69b-3ac0-48cc-9c49-985031243b55:group-7DEA8AD9EC4D changes role from null to FOLLOWER at term 0 for startAsFollower
2019-07-08 14:40:51,145 INFO  impl.RoleInfo (RoleInfo.java:updateAndGet(143)) - e4dcb69b-3ac0-48cc-9c49-985031243b55: start FollowerState
2019-07-08 14:40:51,148 INFO  util.JmxRegister (JmxRegister.java:tryRegister(44)) - Successfully registered JMX Bean with object name Ratis:service=RaftServer,group=group-7DEA8AD9EC4D,id=e4dcb69b-3ac0-48cc-9c49-985031243b55
2019-07-08 14:40:51,223 INFO  pipeline.PipelineStateManager (PipelineStateManager.java:addPipeline(56)) - Created pipeline Pipeline[ Id: 80d04260-783a-4181-839e-7dea8ad9ec4d, Nodes: e4dcb69b-3ac0-48cc-9c49-985031243b55{ip: 192.168.5.186, host: hdds1735-p42dk-4210643158, networkLocation: /default-rack, certSerialId: null}, Type:RATIS, Factor:ONE, State:OPEN]
2019-07-08 14:40:51,246 INFO  impl.RaftServerProxy (RaftServerProxy.java:addNew(89)) - 03c01628-5ddd-4710-9193-9eb657bdd5be: addNew group-4C94A1C43047:[03c01628-5ddd-4710-9193-9eb657bdd5be:192.168.5.186:44797] returns group-4C94A1C43047:java.util.concurrent.CompletableFuture@43ec0dcc[Not completed]
2019-07-08 14:40:51,278 INFO  impl.RaftServerImpl (RaftServerImpl.java:<init>(93)) - 03c01628-5ddd-4710-9193-9eb657bdd5be: new RaftServerImpl for group-4C94A1C43047:[03c01628-5ddd-4710-9193-9eb657bdd5be:192.168.5.186:44797] with ContainerStateMachine:uninitialized
2019-07-08 14:40:51,280 INFO  server.RaftServerConfigKeys (ConfUtils.java:logGet(43)) - raft.server.rpc.timeout.min = 1s (custom)
2019-07-08 14:40:51,280 INFO  server.RaftServerConfigKeys (ConfUtils.java:logGet(43)) - raft.server.rpc.timeout.max = 1200ms (custom)
2019-07-08 14:40:51,281 INFO  server.RaftServerConfigKeys (ConfUtils.java:logGet(43)) - raft.server.rpcslowness.timeout = 120s (custom)
2019-07-08 14:40:51,281 INFO  server.RaftServerConfigKeys (ConfUtils.java:logGet(43)) - raft.server.sleep.deviation.threshold = 300 (default)
2019-07-08 14:40:51,281 INFO  server.RaftServerConfigKeys (ConfUtils.java:logGet(43)) - raft.server.log.appender.install.snapshot.enabled = false (custom)
2019-07-08 14:40:51,281 INFO  impl.RaftServerImpl (ServerState.java:<init>(105)) - 03c01628-5ddd-4710-9193-9eb657bdd5be:group-4C94A1C43047 ConfigurationManager, init=-1: [03c01628-5ddd-4710-9193-9eb657bdd5be:192.168.5.186:44797], old=null, confs=<EMPTY_MAP>
2019-07-08 14:40:51,282 INFO  server.RaftServerConfigKeys (ConfUtils.java:logGet(43)) - raft.server.storage.dir = [/tmp/workdir/hadoop-ozone/tools/target/test-dir/MiniOzoneClusterImpl-11a7c84e-c822-4a04-8546-d1cd68ffd253/datanode-1/data/ratis] (custom)
2019-07-08 14:40:51,282 INFO  storage.RaftStorageDirectory (RaftStorageDirectory.java:analyzeStorage(246)) - The storage directory /tmp/workdir/hadoop-ozone/tools/target/test-dir/MiniOzoneClusterImpl-11a7c84e-c822-4a04-8546-d1cd68ffd253/datanode-1/data/ratis/2bc3d3fe-1be9-412d-9ec2-4c94a1c43047 does not exist. Creating ...
2019-07-08 14:40:51,298 INFO  storage.RaftStorageDirectory (RaftStorageDirectory.java:tryLock(328)) - Lock on /tmp/workdir/hadoop-ozone/tools/target/test-dir/MiniOzoneClusterImpl-11a7c84e-c822-4a04-8546-d1cd68ffd253/datanode-1/data/ratis/2bc3d3fe-1be9-412d-9ec2-4c94a1c43047/in_use.lock acquired by nodename 22501@hdds1735-p42dk-4210643158
2019-07-08 14:40:51,302 INFO  storage.RaftStorage (RaftStorage.java:format(72)) - Storage directory /tmp/workdir/hadoop-ozone/tools/target/test-dir/MiniOzoneClusterImpl-11a7c84e-c822-4a04-8546-d1cd68ffd253/datanode-1/data/ratis/2bc3d3fe-1be9-412d-9ec2-4c94a1c43047 has been successfully formatted.
2019-07-08 14:40:51,303 INFO  ratis.ContainerStateMachine (ContainerStateMachine.java:loadSnapshot(198)) - The snapshot info is null.Setting the last applied index to:(t:0, i:~)
2019-07-08 14:40:51,304 INFO  server.RaftServerConfigKeys (ConfUtils.java:logGet(43)) - raft.server.leader.election.timeout = 120s (custom)
2019-07-08 14:40:51,304 INFO  server.RaftServerConfigKeys (ConfUtils.java:logGet(43)) - raft.server.log.use.memory = false (default)
2019-07-08 14:40:51,305 INFO  server.RaftServerConfigKeys (ConfUtils.java:logGet(43)) - raft.server.log.purge.gap = 1000000000 (custom)
2019-07-08 14:40:51,305 INFO  server.RaftServerConfigKeys (ConfUtils.java:logGet(43)) - raft.server.log.appender.buffer.byte-limit = 33554432 (custom)
2019-07-08 14:40:51,305 INFO  server.RaftServerConfigKeys (ConfUtils.java:logGet(43)) - raft.server.log.segment.size.max = 1048576 (custom)
2019-07-08 14:40:51,305 INFO  server.RaftServerConfigKeys (ConfUtils.java:logGet(43)) - raft.server.log.segment.cache.num.max = 2 (custom)
2019-07-08 14:40:51,305 INFO  segmented.SegmentedRaftLogWorker (SegmentedRaftLogWorker.java:<init>(172)) - new 03c01628-5ddd-4710-9193-9eb657bdd5be-SegmentedRaftLogWorker:Storage Directory /tmp/workdir/hadoop-ozone/tools/target/test-dir/MiniOzoneClusterImpl-11a7c84e-c822-4a04-8546-d1cd68ffd253/datanode-1/data/ratis/2bc3d3fe-1be9-412d-9ec2-4c94a1c43047 for RaftStorage:Storage Directory /tmp/workdir/hadoop-ozone/tools/target/test-dir/MiniOzoneClusterImpl-11a7c84e-c822-4a04-8546-d1cd68ffd253/datanode-1/data/ratis/2bc3d3fe-1be9-412d-9ec2-4c94a1c43047
2019-07-08 14:40:51,306 INFO  server.RaftServerConfigKeys (ConfUtils.java:logGet(43)) - raft.server.log.queue.byte-limit = 2147483647 (custom)
2019-07-08 14:40:51,307 INFO  server.RaftServerConfigKeys (ConfUtils.java:logGet(43)) - raft.server.log.queue.element-limit = 1024 (custom)
2019-07-08 14:40:51,307 INFO  server.RaftServerConfigKeys (ConfUtils.java:logGet(43)) - raft.server.log.segment.size.max = 1048576 (custom)
2019-07-08 14:40:51,307 INFO  server.RaftServerConfigKeys (ConfUtils.java:logGet(43)) - raft.server.log.preallocated.size = 16384 (custom)
2019-07-08 14:40:51,307 INFO  server.RaftServerConfigKeys (ConfUtils.java:logGet(43)) - raft.server.log.write.buffer.size = 33554432 (custom)
2019-07-08 14:40:51,308 INFO  server.RaftServerConfigKeys (ConfUtils.java:logGet(43)) - raft.server.log.force.sync.num = 128 (default)
2019-07-08 14:40:51,308 INFO  server.RaftServerConfigKeys (ConfUtils.java:logGet(43)) - raft.server.log.statemachine.data.sync = true (default)
2019-07-08 14:40:51,308 INFO  server.RaftServerConfigKeys (ConfUtils.java:logGet(43)) - raft.server.log.statemachine.data.sync.timeout = 10s (default)
2019-07-08 14:40:51,308 INFO  server.RaftServerConfigKeys (ConfUtils.java:logGet(43)) - raft.server.log.statemachine.data.sync.timeout.retry = -1 (default)
2019-07-08 14:40:51,309 INFO  server.RaftServerConfigKeys (ConfUtils.java:logGet(43)) - raft.server.log.statemachine.data.caching.enabled = true (custom)
2019-07-08 14:40:51,309 INFO  segmented.SegmentedRaftLogWorker (SegmentedRaftLogWorker.java:lambda$new$0(132)) - 03c01628-5ddd-4710-9193-9eb657bdd5be-SegmentedRaftLogWorker:Storage Directory /tmp/workdir/hadoop-ozone/tools/target/test-dir/MiniOzoneClusterImpl-11a7c84e-c822-4a04-8546-d1cd68ffd253/datanode-1/data/ratis/2bc3d3fe-1be9-412d-9ec2-4c94a1c43047: flushIndex: setUnconditionally 0 -> -1
2019-07-08 14:40:51,309 INFO  server.RaftServerConfigKeys (ConfUtils.java:logGet(43)) - raft.server.snapshot.auto.trigger.enabled = true (custom)
2019-07-08 14:40:51,310 INFO  server.RaftServerConfigKeys (ConfUtils.java:logGet(43)) - raft.server.snapshot.auto.trigger.threshold = 10000 (custom)
2019-07-08 14:40:51,310 INFO  server.RaftServerConfigKeys (ConfUtils.java:logGet(43)) - raft.server.retrycache.expirytime = 600000ms (custom)
2019-07-08 14:40:51,310 INFO  impl.RaftServerImpl (RaftServerImpl.java:start(180)) - 03c01628-5ddd-4710-9193-9eb657bdd5be: start group-4C94A1C43047
2019-07-08 14:40:51,310 INFO  impl.RaftServerImpl (RaftServerImpl.java:setRole(171)) - 03c01628-5ddd-4710-9193-9eb657bdd5be:group-4C94A1C43047 changes role from null to FOLLOWER at term 0 for startAsFollower
2019-07-08 14:40:51,310 INFO  impl.RoleInfo (RoleInfo.java:updateAndGet(143)) - 03c01628-5ddd-4710-9193-9eb657bdd5be: start FollowerState
2019-07-08 14:40:51,312 INFO  util.JmxRegister (JmxRegister.java:tryRegister(44)) - Successfully registered JMX Bean with object name Ratis:service=RaftServer,group=group-4C94A1C43047,id=03c01628-5ddd-4710-9193-9eb657bdd5be
2019-07-08 14:40:51,325 INFO  pipeline.PipelineStateManager (PipelineStateManager.java:addPipeline(56)) - Created pipeline Pipeline[ Id: 2bc3d3fe-1be9-412d-9ec2-4c94a1c43047, Nodes: 03c01628-5ddd-4710-9193-9eb657bdd5be{ip: 192.168.5.186, host: hdds1735-p42dk-4210643158, networkLocation: /default-rack, certSerialId: null}, Type:RATIS, Factor:ONE, State:OPEN]
2019-07-08 14:40:51,348 INFO  impl.RaftServerProxy (RaftServerProxy.java:addNew(89)) - c928bbcd-fd4d-42e0-82fd-2c834b19fd85: addNew group-F449BB71B5F9:[c928bbcd-fd4d-42e0-82fd-2c834b19fd85:192.168.5.186:44136] returns group-F449BB71B5F9:java.util.concurrent.CompletableFuture@743e67ae[Not completed]
2019-07-08 14:40:51,353 INFO  impl.RaftServerImpl (RaftServerImpl.java:<init>(93)) - c928bbcd-fd4d-42e0-82fd-2c834b19fd85: new RaftServerImpl for group-F449BB71B5F9:[c928bbcd-fd4d-42e0-82fd-2c834b19fd85:192.168.5.186:44136] with ContainerStateMachine:uninitialized
2019-07-08 14:40:51,354 INFO  server.RaftServerConfigKeys (ConfUtils.java:logGet(43)) - raft.server.rpc.timeout.min = 1s (custom)
2019-07-08 14:40:51,355 INFO  server.RaftServerConfigKeys (ConfUtils.java:logGet(43)) - raft.server.rpc.timeout.max = 1200ms (custom)
2019-07-08 14:40:51,355 INFO  server.RaftServerConfigKeys (ConfUtils.java:logGet(43)) - raft.server.rpcslowness.timeout = 120s (custom)
2019-07-08 14:40:51,355 INFO  server.RaftServerConfigKeys (ConfUtils.java:logGet(43)) - raft.server.sleep.deviation.threshold = 300 (default)
2019-07-08 14:40:51,355 INFO  server.RaftServerConfigKeys (ConfUtils.java:logGet(43)) - raft.server.log.appender.install.snapshot.enabled = false (custom)
2019-07-08 14:40:51,355 INFO  impl.RaftServerImpl (ServerState.java:<init>(105)) - c928bbcd-fd4d-42e0-82fd-2c834b19fd85:group-F449BB71B5F9 ConfigurationManager, init=-1: [c928bbcd-fd4d-42e0-82fd-2c834b19fd85:192.168.5.186:44136], old=null, confs=<EMPTY_MAP>
2019-07-08 14:40:51,355 INFO  server.RaftServerConfigKeys (ConfUtils.java:logGet(43)) - raft.server.storage.dir = [/tmp/workdir/hadoop-ozone/tools/target/test-dir/MiniOzoneClusterImpl-11a7c84e-c822-4a04-8546-d1cd68ffd253/datanode-2/data/ratis] (custom)
2019-07-08 14:40:51,356 INFO  storage.RaftStorageDirectory (RaftStorageDirectory.java:analyzeStorage(246)) - The storage directory /tmp/workdir/hadoop-ozone/tools/target/test-dir/MiniOzoneClusterImpl-11a7c84e-c822-4a04-8546-d1cd68ffd253/datanode-2/data/ratis/8d126daa-3e75-4bd2-ba24-f449bb71b5f9 does not exist. Creating ...
2019-07-08 14:40:51,360 INFO  storage.RaftStorageDirectory (RaftStorageDirectory.java:tryLock(328)) - Lock on /tmp/workdir/hadoop-ozone/tools/target/test-dir/MiniOzoneClusterImpl-11a7c84e-c822-4a04-8546-d1cd68ffd253/datanode-2/data/ratis/8d126daa-3e75-4bd2-ba24-f449bb71b5f9/in_use.lock acquired by nodename 22501@hdds1735-p42dk-4210643158
2019-07-08 14:40:51,364 INFO  storage.RaftStorage (RaftStorage.java:format(72)) - Storage directory /tmp/workdir/hadoop-ozone/tools/target/test-dir/MiniOzoneClusterImpl-11a7c84e-c822-4a04-8546-d1cd68ffd253/datanode-2/data/ratis/8d126daa-3e75-4bd2-ba24-f449bb71b5f9 has been successfully formatted.
2019-07-08 14:40:51,364 INFO  ratis.ContainerStateMachine (ContainerStateMachine.java:loadSnapshot(198)) - The snapshot info is null.Setting the last applied index to:(t:0, i:~)
2019-07-08 14:40:51,364 INFO  server.RaftServerConfigKeys (ConfUtils.java:logGet(43)) - raft.server.leader.election.timeout = 120s (custom)
2019-07-08 14:40:51,364 INFO  server.RaftServerConfigKeys (ConfUtils.java:logGet(43)) - raft.server.log.use.memory = false (default)
2019-07-08 14:40:51,365 INFO  server.RaftServerConfigKeys (ConfUtils.java:logGet(43)) - raft.server.log.purge.gap = 1000000000 (custom)
2019-07-08 14:40:51,365 INFO  server.RaftServerConfigKeys (ConfUtils.java:logGet(43)) - raft.server.log.appender.buffer.byte-limit = 33554432 (custom)
2019-07-08 14:40:51,365 INFO  server.RaftServerConfigKeys (ConfUtils.java:logGet(43)) - raft.server.log.segment.size.max = 1048576 (custom)
2019-07-08 14:40:51,365 INFO  server.RaftServerConfigKeys (ConfUtils.java:logGet(43)) - raft.server.log.segment.cache.num.max = 2 (custom)
2019-07-08 14:40:51,365 INFO  segmented.SegmentedRaftLogWorker (SegmentedRaftLogWorker.java:<init>(172)) - new c928bbcd-fd4d-42e0-82fd-2c834b19fd85-SegmentedRaftLogWorker:Storage Directory /tmp/workdir/hadoop-ozone/tools/target/test-dir/MiniOzoneClusterImpl-11a7c84e-c822-4a04-8546-d1cd68ffd253/datanode-2/data/ratis/8d126daa-3e75-4bd2-ba24-f449bb71b5f9 for RaftStorage:Storage Directory /tmp/workdir/hadoop-ozone/tools/target/test-dir/MiniOzoneClusterImpl-11a7c84e-c822-4a04-8546-d1cd68ffd253/datanode-2/data/ratis/8d126daa-3e75-4bd2-ba24-f449bb71b5f9
2019-07-08 14:40:51,365 INFO  server.RaftServerConfigKeys (ConfUtils.java:logGet(43)) - raft.server.log.queue.byte-limit = 2147483647 (custom)
2019-07-08 14:40:51,366 INFO  server.RaftServerConfigKeys (ConfUtils.java:logGet(43)) - raft.server.log.queue.element-limit = 1024 (custom)
2019-07-08 14:40:51,366 INFO  server.RaftServerConfigKeys (ConfUtils.java:logGet(43)) - raft.server.log.segment.size.max = 1048576 (custom)
2019-07-08 14:40:51,366 INFO  server.RaftServerConfigKeys (ConfUtils.java:logGet(43)) - raft.server.log.preallocated.size = 16384 (custom)
2019-07-08 14:40:51,366 INFO  server.RaftServerConfigKeys (ConfUtils.java:logGet(43)) - raft.server.log.write.buffer.size = 33554432 (custom)
2019-07-08 14:40:51,367 INFO  server.RaftServerConfigKeys (ConfUtils.java:logGet(43)) - raft.server.log.force.sync.num = 128 (default)
2019-07-08 14:40:51,367 INFO  server.RaftServerConfigKeys (ConfUtils.java:logGet(43)) - raft.server.log.statemachine.data.sync = true (default)
2019-07-08 14:40:51,367 INFO  server.RaftServerConfigKeys (ConfUtils.java:logGet(43)) - raft.server.log.statemachine.data.sync.timeout = 10s (default)
2019-07-08 14:40:51,367 INFO  server.RaftServerConfigKeys (ConfUtils.java:logGet(43)) - raft.server.log.statemachine.data.sync.timeout.retry = -1 (default)
2019-07-08 14:40:51,367 INFO  server.RaftServerConfigKeys (ConfUtils.java:logGet(43)) - raft.server.log.statemachine.data.caching.enabled = true (custom)
2019-07-08 14:40:51,368 INFO  segmented.SegmentedRaftLogWorker (SegmentedRaftLogWorker.java:lambda$new$0(132)) - c928bbcd-fd4d-42e0-82fd-2c834b19fd85-SegmentedRaftLogWorker:Storage Directory /tmp/workdir/hadoop-ozone/tools/target/test-dir/MiniOzoneClusterImpl-11a7c84e-c822-4a04-8546-d1cd68ffd253/datanode-2/data/ratis/8d126daa-3e75-4bd2-ba24-f449bb71b5f9: flushIndex: setUnconditionally 0 -> -1
2019-07-08 14:40:51,368 INFO  server.RaftServerConfigKeys (ConfUtils.java:logGet(43)) - raft.server.snapshot.auto.trigger.enabled = true (custom)
2019-07-08 14:40:51,368 INFO  server.RaftServerConfigKeys (ConfUtils.java:logGet(43)) - raft.server.snapshot.auto.trigger.threshold = 10000 (custom)
2019-07-08 14:40:51,368 INFO  server.RaftServerConfigKeys (ConfUtils.java:logGet(43)) - raft.server.retrycache.expirytime = 600000ms (custom)
2019-07-08 14:40:51,369 INFO  impl.RaftServerImpl (RaftServerImpl.java:start(180)) - c928bbcd-fd4d-42e0-82fd-2c834b19fd85: start group-F449BB71B5F9
2019-07-08 14:40:51,369 INFO  impl.RaftServerImpl (RaftServerImpl.java:setRole(171)) - c928bbcd-fd4d-42e0-82fd-2c834b19fd85:group-F449BB71B5F9 changes role from null to FOLLOWER at term 0 for startAsFollower
2019-07-08 14:40:51,369 INFO  impl.RoleInfo (RoleInfo.java:updateAndGet(143)) - c928bbcd-fd4d-42e0-82fd-2c834b19fd85: start FollowerState
2019-07-08 14:40:51,369 INFO  util.JmxRegister (JmxRegister.java:tryRegister(44)) - Successfully registered JMX Bean with object name Ratis:service=RaftServer,group=group-F449BB71B5F9,id=c928bbcd-fd4d-42e0-82fd-2c834b19fd85
2019-07-08 14:40:51,380 INFO  pipeline.PipelineStateManager (PipelineStateManager.java:addPipeline(56)) - Created pipeline Pipeline[ Id: 8d126daa-3e75-4bd2-ba24-f449bb71b5f9, Nodes: c928bbcd-fd4d-42e0-82fd-2c834b19fd85{ip: 192.168.5.186, host: hdds1735-p42dk-4210643158, networkLocation: /default-rack, certSerialId: null}, Type:RATIS, Factor:ONE, State:OPEN]
2019-07-08 14:40:51,382 INFO  ozone.MiniOzoneClusterImpl (MiniOzoneClusterImpl.java:lambda$waitForClusterToBeReady$0(142)) - Cluster is ready. Got 3 of 3 DN Heartbeats.
2019-07-08 14:40:51,425 INFO  impl.RaftServerProxy (RaftServerProxy.java:addNew(89)) - e4dcb69b-3ac0-48cc-9c49-985031243b55: addNew group-2E18DAF43D50:[e4dcb69b-3ac0-48cc-9c49-985031243b55:192.168.5.186:36445, c928bbcd-fd4d-42e0-82fd-2c834b19fd85:192.168.5.186:44136, 03c01628-5ddd-4710-9193-9eb657bdd5be:192.168.5.186:44797] returns group-2E18DAF43D50:java.util.concurrent.CompletableFuture@8e756da[Not completed]
2019-07-08 14:40:51,428 INFO  impl.RaftServerProxy (RaftServerProxy.java:addNew(89)) - 03c01628-5ddd-4710-9193-9eb657bdd5be: addNew group-2E18DAF43D50:[e4dcb69b-3ac0-48cc-9c49-985031243b55:192.168.5.186:36445, c928bbcd-fd4d-42e0-82fd-2c834b19fd85:192.168.5.186:44136, 03c01628-5ddd-4710-9193-9eb657bdd5be:192.168.5.186:44797] returns group-2E18DAF43D50:java.util.concurrent.CompletableFuture@72b7ef0e[Not completed]
2019-07-08 14:40:51,429 INFO  impl.RaftServerImpl (RaftServerImpl.java:<init>(93)) - e4dcb69b-3ac0-48cc-9c49-985031243b55: new RaftServerImpl for group-2E18DAF43D50:[e4dcb69b-3ac0-48cc-9c49-985031243b55:192.168.5.186:36445, c928bbcd-fd4d-42e0-82fd-2c834b19fd85:192.168.5.186:44136, 03c01628-5ddd-4710-9193-9eb657bdd5be:192.168.5.186:44797] with ContainerStateMachine:uninitialized
2019-07-08 14:40:51,429 INFO  impl.RaftServerProxy (RaftServerProxy.java:addNew(89)) - c928bbcd-fd4d-42e0-82fd-2c834b19fd85: addNew group-2E18DAF43D50:[e4dcb69b-3ac0-48cc-9c49-985031243b55:192.168.5.186:36445, c928bbcd-fd4d-42e0-82fd-2c834b19fd85:192.168.5.186:44136, 03c01628-5ddd-4710-9193-9eb657bdd5be:192.168.5.186:44797] returns group-2E18DAF43D50:java.util.concurrent.CompletableFuture@4de5c9a2[Not completed]
2019-07-08 14:40:51,429 INFO  server.RaftServerConfigKeys (ConfUtils.java:logGet(43)) - raft.server.rpc.timeout.min = 1s (custom)
2019-07-08 14:40:51,430 INFO  server.RaftServerConfigKeys (ConfUtils.java:logGet(43)) - raft.server.rpc.timeout.max = 1200ms (custom)
2019-07-08 14:40:51,430 INFO  impl.RaftServerImpl (RaftServerImpl.java:<init>(93)) - 03c01628-5ddd-4710-9193-9eb657bdd5be: new RaftServerImpl for group-2E18DAF43D50:[e4dcb69b-3ac0-48cc-9c49-985031243b55:192.168.5.186:36445, c928bbcd-fd4d-42e0-82fd-2c834b19fd85:192.168.5.186:44136, 03c01628-5ddd-4710-9193-9eb657bdd5be:192.168.5.186:44797] with ContainerStateMachine:uninitialized
2019-07-08 14:40:51,430 INFO  server.RaftServerConfigKeys (ConfUtils.java:logGet(43)) - raft.server.rpcslowness.timeout = 120s (custom)
2019-07-08 14:40:51,430 INFO  server.RaftServerConfigKeys (ConfUtils.java:logGet(43)) - raft.server.rpc.timeout.min = 1s (custom)
2019-07-08 14:40:51,430 INFO  server.RaftServerConfigKeys (ConfUtils.java:logGet(43)) - raft.server.sleep.deviation.threshold = 300 (default)
2019-07-08 14:40:51,430 INFO  impl.RaftServerImpl (RaftServerImpl.java:<init>(93)) - c928bbcd-fd4d-42e0-82fd-2c834b19fd85: new RaftServerImpl for group-2E18DAF43D50:[e4dcb69b-3ac0-48cc-9c49-985031243b55:192.168.5.186:36445, c928bbcd-fd4d-42e0-82fd-2c834b19fd85:192.168.5.186:44136, 03c01628-5ddd-4710-9193-9eb657bdd5be:192.168.5.186:44797] with ContainerStateMachine:uninitialized
2019-07-08 14:40:51,431 INFO  server.RaftServerConfigKeys (ConfUtils.java:logGet(43)) - raft.server.log.appender.install.snapshot.enabled = false (custom)
2019-07-08 14:40:51,430 INFO  server.RaftServerConfigKeys (ConfUtils.java:logGet(43)) - raft.server.rpc.timeout.max = 1200ms (custom)
2019-07-08 14:40:51,431 INFO  impl.RaftServerImpl (ServerState.java:<init>(105)) - e4dcb69b-3ac0-48cc-9c49-985031243b55:group-2E18DAF43D50 ConfigurationManager, init=-1: [e4dcb69b-3ac0-48cc-9c49-985031243b55:192.168.5.186:36445, c928bbcd-fd4d-42e0-82fd-2c834b19fd85:192.168.5.186:44136, 03c01628-5ddd-4710-9193-9eb657bdd5be:192.168.5.186:44797], old=null, confs=<EMPTY_MAP>
2019-07-08 14:40:51,431 INFO  server.RaftServerConfigKeys (ConfUtils.java:logGet(43)) - raft.server.rpc.timeout.min = 1s (custom)
2019-07-08 14:40:51,431 INFO  server.RaftServerConfigKeys (ConfUtils.java:logGet(43)) - raft.server.rpcslowness.timeout = 120s (custom)
2019-07-08 14:40:51,431 INFO  server.RaftServerConfigKeys (ConfUtils.java:logGet(43)) - raft.server.storage.dir = [/tmp/workdir/hadoop-ozone/tools/target/test-dir/MiniOzoneClusterImpl-11a7c84e-c822-4a04-8546-d1cd68ffd253/datanode-0/data/ratis] (custom)
2019-07-08 14:40:51,431 INFO  server.RaftServerConfigKeys (ConfUtils.java:logGet(43)) - raft.server.rpc.timeout.max = 1200ms (custom)
2019-07-08 14:40:51,432 INFO  server.RaftServerConfigKeys (ConfUtils.java:logGet(43)) - raft.server.sleep.deviation.threshold = 300 (default)
2019-07-08 14:40:51,432 INFO  server.RaftServerConfigKeys (ConfUtils.java:logGet(43)) - raft.server.rpcslowness.timeout = 120s (custom)
2019-07-08 14:40:51,432 INFO  server.RaftServerConfigKeys (ConfUtils.java:logGet(43)) - raft.server.log.appender.install.snapshot.enabled = false (custom)
2019-07-08 14:40:51,432 INFO  server.RaftServerConfigKeys (ConfUtils.java:logGet(43)) - raft.server.sleep.deviation.threshold = 300 (default)
2019-07-08 14:40:51,432 INFO  storage.RaftStorageDirectory (RaftStorageDirectory.java:analyzeStorage(246)) - The storage directory /tmp/workdir/hadoop-ozone/tools/target/test-dir/MiniOzoneClusterImpl-11a7c84e-c822-4a04-8546-d1cd68ffd253/datanode-0/data/ratis/2851c0c6-b370-43aa-b0c3-2e18daf43d50 does not exist. Creating ...
2019-07-08 14:40:51,432 INFO  server.RaftServerConfigKeys (ConfUtils.java:logGet(43)) - raft.server.log.appender.install.snapshot.enabled = false (custom)
2019-07-08 14:40:51,432 INFO  impl.RaftServerImpl (ServerState.java:<init>(105)) - 03c01628-5ddd-4710-9193-9eb657bdd5be:group-2E18DAF43D50 ConfigurationManager, init=-1: [e4dcb69b-3ac0-48cc-9c49-985031243b55:192.168.5.186:36445, c928bbcd-fd4d-42e0-82fd-2c834b19fd85:192.168.5.186:44136, 03c01628-5ddd-4710-9193-9eb657bdd5be:192.168.5.186:44797], old=null, confs=<EMPTY_MAP>
2019-07-08 14:40:51,433 INFO  impl.RaftServerImpl (ServerState.java:<init>(105)) - c928bbcd-fd4d-42e0-82fd-2c834b19fd85:group-2E18DAF43D50 ConfigurationManager, init=-1: [e4dcb69b-3ac0-48cc-9c49-985031243b55:192.168.5.186:36445, c928bbcd-fd4d-42e0-82fd-2c834b19fd85:192.168.5.186:44136, 03c01628-5ddd-4710-9193-9eb657bdd5be:192.168.5.186:44797], old=null, confs=<EMPTY_MAP>
2019-07-08 14:40:51,433 INFO  server.RaftServerConfigKeys (ConfUtils.java:logGet(43)) - raft.server.storage.dir = [/tmp/workdir/hadoop-ozone/tools/target/test-dir/MiniOzoneClusterImpl-11a7c84e-c822-4a04-8546-d1cd68ffd253/datanode-1/data/ratis] (custom)
2019-07-08 14:40:51,433 INFO  server.RaftServerConfigKeys (ConfUtils.java:logGet(43)) - raft.server.storage.dir = [/tmp/workdir/hadoop-ozone/tools/target/test-dir/MiniOzoneClusterImpl-11a7c84e-c822-4a04-8546-d1cd68ffd253/datanode-2/data/ratis] (custom)
2019-07-08 14:40:51,433 INFO  storage.RaftStorageDirectory (RaftStorageDirectory.java:analyzeStorage(246)) - The storage directory /tmp/workdir/hadoop-ozone/tools/target/test-dir/MiniOzoneClusterImpl-11a7c84e-c822-4a04-8546-d1cd68ffd253/datanode-2/data/ratis/2851c0c6-b370-43aa-b0c3-2e18daf43d50 does not exist. Creating ...
2019-07-08 14:40:51,433 INFO  storage.RaftStorageDirectory (RaftStorageDirectory.java:analyzeStorage(246)) - The storage directory /tmp/workdir/hadoop-ozone/tools/target/test-dir/MiniOzoneClusterImpl-11a7c84e-c822-4a04-8546-d1cd68ffd253/datanode-1/data/ratis/2851c0c6-b370-43aa-b0c3-2e18daf43d50 does not exist. Creating ...
2019-07-08 14:40:51,441 INFO  storage.RaftStorageDirectory (RaftStorageDirectory.java:tryLock(328)) - Lock on /tmp/workdir/hadoop-ozone/tools/target/test-dir/MiniOzoneClusterImpl-11a7c84e-c822-4a04-8546-d1cd68ffd253/datanode-1/data/ratis/2851c0c6-b370-43aa-b0c3-2e18daf43d50/in_use.lock acquired by nodename 22501@hdds1735-p42dk-4210643158
2019-07-08 14:40:51,441 INFO  storage.RaftStorageDirectory (RaftStorageDirectory.java:tryLock(328)) - Lock on /tmp/workdir/hadoop-ozone/tools/target/test-dir/MiniOzoneClusterImpl-11a7c84e-c822-4a04-8546-d1cd68ffd253/datanode-0/data/ratis/2851c0c6-b370-43aa-b0c3-2e18daf43d50/in_use.lock acquired by nodename 22501@hdds1735-p42dk-4210643158
2019-07-08 14:40:51,441 INFO  storage.RaftStorageDirectory (RaftStorageDirectory.java:tryLock(328)) - Lock on /tmp/workdir/hadoop-ozone/tools/target/test-dir/MiniOzoneClusterImpl-11a7c84e-c822-4a04-8546-d1cd68ffd253/datanode-2/data/ratis/2851c0c6-b370-43aa-b0c3-2e18daf43d50/in_use.lock acquired by nodename 22501@hdds1735-p42dk-4210643158
2019-07-08 14:40:51,446 INFO  storage.RaftStorage (RaftStorage.java:format(72)) - Storage directory /tmp/workdir/hadoop-ozone/tools/target/test-dir/MiniOzoneClusterImpl-11a7c84e-c822-4a04-8546-d1cd68ffd253/datanode-1/data/ratis/2851c0c6-b370-43aa-b0c3-2e18daf43d50 has been successfully formatted.
2019-07-08 14:40:51,446 INFO  storage.RaftStorage (RaftStorage.java:format(72)) - Storage directory /tmp/workdir/hadoop-ozone/tools/target/test-dir/MiniOzoneClusterImpl-11a7c84e-c822-4a04-8546-d1cd68ffd253/datanode-0/data/ratis/2851c0c6-b370-43aa-b0c3-2e18daf43d50 has been successfully formatted.
2019-07-08 14:40:51,446 INFO  storage.RaftStorage (RaftStorage.java:format(72)) - Storage directory /tmp/workdir/hadoop-ozone/tools/target/test-dir/MiniOzoneClusterImpl-11a7c84e-c822-4a04-8546-d1cd68ffd253/datanode-2/data/ratis/2851c0c6-b370-43aa-b0c3-2e18daf43d50 has been successfully formatted.
2019-07-08 14:40:51,446 INFO  ratis.ContainerStateMachine (ContainerStateMachine.java:loadSnapshot(198)) - The snapshot info is null.Setting the last applied index to:(t:0, i:~)
2019-07-08 14:40:51,446 INFO  ratis.ContainerStateMachine (ContainerStateMachine.java:loadSnapshot(198)) - The snapshot info is null.Setting the last applied index to:(t:0, i:~)
2019-07-08 14:40:51,447 INFO  server.RaftServerConfigKeys (ConfUtils.java:logGet(43)) - raft.server.leader.election.timeout = 120s (custom)
2019-07-08 14:40:51,447 INFO  ratis.ContainerStateMachine (ContainerStateMachine.java:loadSnapshot(198)) - The snapshot info is null.Setting the last applied index to:(t:0, i:~)
2019-07-08 14:40:51,447 INFO  server.RaftServerConfigKeys (ConfUtils.java:logGet(43)) - raft.server.log.use.memory = false (default)
2019-07-08 14:40:51,447 INFO  server.RaftServerConfigKeys (ConfUtils.java:logGet(43)) - raft.server.leader.election.timeout = 120s (custom)
2019-07-08 14:40:51,447 INFO  server.RaftServerConfigKeys (ConfUtils.java:logGet(43)) - raft.server.log.purge.gap = 1000000000 (custom)
2019-07-08 14:40:51,447 INFO  server.RaftServerConfigKeys (ConfUtils.java:logGet(43)) - raft.server.leader.election.timeout = 120s (custom)
2019-07-08 14:40:51,448 INFO  server.RaftServerConfigKeys (ConfUtils.java:logGet(43)) - raft.server.log.appender.buffer.byte-limit = 33554432 (custom)
2019-07-08 14:40:51,448 INFO  server.RaftServerConfigKeys (ConfUtils.java:logGet(43)) - raft.server.log.use.memory = false (default)
2019-07-08 14:40:51,448 INFO  server.RaftServerConfigKeys (ConfUtils.java:logGet(43)) - raft.server.log.segment.size.max = 1048576 (custom)
2019-07-08 14:40:51,448 INFO  server.RaftServerConfigKeys (ConfUtils.java:logGet(43)) - raft.server.log.use.memory = false (default)
2019-07-08 14:40:51,449 INFO  server.RaftServerConfigKeys (ConfUtils.java:logGet(43)) - raft.server.log.segment.cache.num.max = 2 (custom)
2019-07-08 14:40:51,448 INFO  server.RaftServerConfigKeys (ConfUtils.java:logGet(43)) - raft.server.log.purge.gap = 1000000000 (custom)
2019-07-08 14:40:51,449 INFO  segmented.SegmentedRaftLogWorker (SegmentedRaftLogWorker.java:<init>(172)) - new e4dcb69b-3ac0-48cc-9c49-985031243b55-SegmentedRaftLogWorker:Storage Directory /tmp/workdir/hadoop-ozone/tools/target/test-dir/MiniOzoneClusterImpl-11a7c84e-c822-4a04-8546-d1cd68ffd253/datanode-0/data/ratis/2851c0c6-b370-43aa-b0c3-2e18daf43d50 for RaftStorage:Storage Directory /tmp/workdir/hadoop-ozone/tools/target/test-dir/MiniOzoneClusterImpl-11a7c84e-c822-4a04-8546-d1cd68ffd253/datanode-0/data/ratis/2851c0c6-b370-43aa-b0c3-2e18daf43d50
2019-07-08 14:40:51,449 INFO  server.RaftServerConfigKeys (ConfUtils.java:logGet(43)) - raft.server.log.purge.gap = 1000000000 (custom)
2019-07-08 14:40:51,449 INFO  server.RaftServerConfigKeys (ConfUtils.java:logGet(43)) - raft.server.log.queue.byte-limit = 2147483647 (custom)
2019-07-08 14:40:51,449 INFO  server.RaftServerConfigKeys (ConfUtils.java:logGet(43)) - raft.server.log.appender.buffer.byte-limit = 33554432 (custom)
2019-07-08 14:40:51,456 INFO  server.RaftServerConfigKeys (ConfUtils.java:logGet(43)) - raft.server.log.queue.element-limit = 1024 (custom)
2019-07-08 14:40:51,449 INFO  server.RaftServerConfigKeys (ConfUtils.java:logGet(43)) - raft.server.log.appender.buffer.byte-limit = 33554432 (custom)
2019-07-08 14:40:51,456 INFO  server.RaftServerConfigKeys (ConfUtils.java:logGet(43)) - raft.server.log.segment.size.max = 1048576 (custom)
2019-07-08 14:40:51,456 INFO  server.RaftServerConfigKeys (ConfUtils.java:logGet(43)) - raft.server.log.segment.size.max = 1048576 (custom)
2019-07-08 14:40:51,457 INFO  server.RaftServerConfigKeys (ConfUtils.java:logGet(43)) - raft.server.log.preallocated.size = 16384 (custom)
2019-07-08 14:40:51,456 INFO  server.RaftServerConfigKeys (ConfUtils.java:logGet(43)) - raft.server.log.segment.size.max = 1048576 (custom)
2019-07-08 14:40:51,457 INFO  server.RaftServerConfigKeys (ConfUtils.java:logGet(43)) - raft.server.log.write.buffer.size = 33554432 (custom)
2019-07-08 14:40:51,457 INFO  server.RaftServerConfigKeys (ConfUtils.java:logGet(43)) - raft.server.log.segment.cache.num.max = 2 (custom)
2019-07-08 14:40:51,457 INFO  server.RaftServerConfigKeys (ConfUtils.java:logGet(43)) - raft.server.log.force.sync.num = 128 (default)
2019-07-08 14:40:51,457 INFO  server.RaftServerConfigKeys (ConfUtils.java:logGet(43)) - raft.server.log.segment.cache.num.max = 2 (custom)
2019-07-08 14:40:51,457 INFO  server.RaftServerConfigKeys (ConfUtils.java:logGet(43)) - raft.server.log.statemachine.data.sync = true (default)
2019-07-08 14:40:51,457 INFO  segmented.SegmentedRaftLogWorker (SegmentedRaftLogWorker.java:<init>(172)) - new 03c01628-5ddd-4710-9193-9eb657bdd5be-SegmentedRaftLogWorker:Storage Directory /tmp/workdir/hadoop-ozone/tools/target/test-dir/MiniOzoneClusterImpl-11a7c84e-c822-4a04-8546-d1cd68ffd253/datanode-1/data/ratis/2851c0c6-b370-43aa-b0c3-2e18daf43d50 for RaftStorage:Storage Directory /tmp/workdir/hadoop-ozone/tools/target/test-dir/MiniOzoneClusterImpl-11a7c84e-c822-4a04-8546-d1cd68ffd253/datanode-1/data/ratis/2851c0c6-b370-43aa-b0c3-2e18daf43d50
2019-07-08 14:40:51,458 INFO  server.RaftServerConfigKeys (ConfUtils.java:logGet(43)) - raft.server.log.statemachine.data.sync.timeout = 10s (default)
2019-07-08 14:40:51,458 INFO  segmented.SegmentedRaftLogWorker (SegmentedRaftLogWorker.java:<init>(172)) - new c928bbcd-fd4d-42e0-82fd-2c834b19fd85-SegmentedRaftLogWorker:Storage Directory /tmp/workdir/hadoop-ozone/tools/target/test-dir/MiniOzoneClusterImpl-11a7c84e-c822-4a04-8546-d1cd68ffd253/datanode-2/data/ratis/2851c0c6-b370-43aa-b0c3-2e18daf43d50 for RaftStorage:Storage Directory /tmp/workdir/hadoop-ozone/tools/target/test-dir/MiniOzoneClusterImpl-11a7c84e-c822-4a04-8546-d1cd68ffd253/datanode-2/data/ratis/2851c0c6-b370-43aa-b0c3-2e18daf43d50
2019-07-08 14:40:51,459 INFO  server.RaftServerConfigKeys (ConfUtils.java:logGet(43)) - raft.server.log.statemachine.data.sync.timeout.retry = -1 (default)
2019-07-08 14:40:51,458 INFO  server.RaftServerConfigKeys (ConfUtils.java:logGet(43)) - raft.server.log.queue.byte-limit = 2147483647 (custom)
2019-07-08 14:40:51,459 INFO  server.RaftServerConfigKeys (ConfUtils.java:logGet(43)) - raft.server.log.queue.byte-limit = 2147483647 (custom)
2019-07-08 14:40:51,460 INFO  server.RaftServerConfigKeys (ConfUtils.java:logGet(43)) - raft.server.log.statemachine.data.caching.enabled = true (custom)
2019-07-08 14:40:51,460 INFO  server.RaftServerConfigKeys (ConfUtils.java:logGet(43)) - raft.server.log.queue.element-limit = 1024 (custom)
2019-07-08 14:40:51,460 INFO  server.RaftServerConfigKeys (ConfUtils.java:logGet(43)) - raft.server.log.queue.element-limit = 1024 (custom)
2019-07-08 14:40:51,461 INFO  server.RaftServerConfigKeys (ConfUtils.java:logGet(43)) - raft.server.log.segment.size.max = 1048576 (custom)
2019-07-08 14:40:51,461 INFO  server.RaftServerConfigKeys (ConfUtils.java:logGet(43)) - raft.server.log.segment.size.max = 1048576 (custom)
2019-07-08 14:40:51,461 INFO  segmented.SegmentedRaftLogWorker (SegmentedRaftLogWorker.java:lambda$new$0(132)) - e4dcb69b-3ac0-48cc-9c49-985031243b55-SegmentedRaftLogWorker:Storage Directory /tmp/workdir/hadoop-ozone/tools/target/test-dir/MiniOzoneClusterImpl-11a7c84e-c822-4a04-8546-d1cd68ffd253/datanode-0/data/ratis/2851c0c6-b370-43aa-b0c3-2e18daf43d50: flushIndex: setUnconditionally 0 -> -1
2019-07-08 14:40:51,461 INFO  server.RaftServerConfigKeys (ConfUtils.java:logGet(43)) - raft.server.log.preallocated.size = 16384 (custom)
2019-07-08 14:40:51,461 INFO  server.RaftServerConfigKeys (ConfUtils.java:logGet(43)) - raft.server.log.preallocated.size = 16384 (custom)
2019-07-08 14:40:51,461 INFO  server.RaftServerConfigKeys (ConfUtils.java:logGet(43)) - raft.server.log.write.buffer.size = 33554432 (custom)
2019-07-08 14:40:51,462 INFO  server.RaftServerConfigKeys (ConfUtils.java:logGet(43)) - raft.server.snapshot.auto.trigger.enabled = true (custom)
2019-07-08 14:40:51,462 INFO  server.RaftServerConfigKeys (ConfUtils.java:logGet(43)) - raft.server.log.write.buffer.size = 33554432 (custom)
2019-07-08 14:40:51,462 INFO  server.RaftServerConfigKeys (ConfUtils.java:logGet(43)) - raft.server.snapshot.auto.trigger.threshold = 10000 (custom)
2019-07-08 14:40:51,462 INFO  server.RaftServerConfigKeys (ConfUtils.java:logGet(43)) - raft.server.log.force.sync.num = 128 (default)
2019-07-08 14:40:51,462 INFO  server.RaftServerConfigKeys (ConfUtils.java:logGet(43)) - raft.server.log.force.sync.num = 128 (default)
2019-07-08 14:40:51,462 INFO  server.RaftServerConfigKeys (ConfUtils.java:logGet(43)) - raft.server.retrycache.expirytime = 600000ms (custom)
2019-07-08 14:40:51,462 INFO  server.RaftServerConfigKeys (ConfUtils.java:logGet(43)) - raft.server.log.statemachine.data.sync = true (default)
2019-07-08 14:40:51,463 INFO  impl.RaftServerImpl (RaftServerImpl.java:start(180)) - e4dcb69b-3ac0-48cc-9c49-985031243b55: start group-2E18DAF43D50
2019-07-08 14:40:51,462 INFO  server.RaftServerConfigKeys (ConfUtils.java:logGet(43)) - raft.server.log.statemachine.data.sync = true (default)
2019-07-08 14:40:51,463 INFO  impl.RaftServerImpl (RaftServerImpl.java:setRole(171)) - e4dcb69b-3ac0-48cc-9c49-985031243b55:group-2E18DAF43D50 changes role from null to FOLLOWER at term 0 for startAsFollower
2019-07-08 14:40:51,463 INFO  server.RaftServerConfigKeys (ConfUtils.java:logGet(43)) - raft.server.log.statemachine.data.sync.timeout = 10s (default)
2019-07-08 14:40:51,463 INFO  impl.RoleInfo (RoleInfo.java:updateAndGet(143)) - e4dcb69b-3ac0-48cc-9c49-985031243b55: start FollowerState
2019-07-08 14:40:51,463 INFO  server.RaftServerConfigKeys (ConfUtils.java:logGet(43)) - raft.server.log.statemachine.data.sync.timeout = 10s (default)
2019-07-08 14:40:51,463 INFO  server.RaftServerConfigKeys (ConfUtils.java:logGet(43)) - raft.server.log.statemachine.data.sync.timeout.retry = -1 (default)
2019-07-08 14:40:51,464 INFO  server.RaftServerConfigKeys (ConfUtils.java:logGet(43)) - raft.server.log.statemachine.data.sync.timeout.retry = -1 (default)
2019-07-08 14:40:51,464 INFO  util.JmxRegister (JmxRegister.java:tryRegister(44)) - Successfully registered JMX Bean with object name Ratis:service=RaftServer,group=group-2E18DAF43D50,id=e4dcb69b-3ac0-48cc-9c49-985031243b55
2019-07-08 14:40:51,464 INFO  server.RaftServerConfigKeys (ConfUtils.java:logGet(43)) - raft.server.log.statemachine.data.caching.enabled = true (custom)
2019-07-08 14:40:51,464 INFO  server.RaftServerConfigKeys (ConfUtils.java:logGet(43)) - raft.server.log.statemachine.data.caching.enabled = true (custom)
2019-07-08 14:40:51,465 INFO  segmented.SegmentedRaftLogWorker (SegmentedRaftLogWorker.java:lambda$new$0(132)) - c928bbcd-fd4d-42e0-82fd-2c834b19fd85-SegmentedRaftLogWorker:Storage Directory /tmp/workdir/hadoop-ozone/tools/target/test-dir/MiniOzoneClusterImpl-11a7c84e-c822-4a04-8546-d1cd68ffd253/datanode-2/data/ratis/2851c0c6-b370-43aa-b0c3-2e18daf43d50: flushIndex: setUnconditionally 0 -> -1
2019-07-08 14:40:51,465 INFO  segmented.SegmentedRaftLogWorker (SegmentedRaftLogWorker.java:lambda$new$0(132)) - 03c01628-5ddd-4710-9193-9eb657bdd5be-SegmentedRaftLogWorker:Storage Directory /tmp/workdir/hadoop-ozone/tools/target/test-dir/MiniOzoneClusterImpl-11a7c84e-c822-4a04-8546-d1cd68ffd253/datanode-1/data/ratis/2851c0c6-b370-43aa-b0c3-2e18daf43d50: flushIndex: setUnconditionally 0 -> -1
2019-07-08 14:40:51,465 INFO  server.RaftServerConfigKeys (ConfUtils.java:logGet(43)) - raft.server.snapshot.auto.trigger.enabled = true (custom)
2019-07-08 14:40:51,465 INFO  server.RaftServerConfigKeys (ConfUtils.java:logGet(43)) - raft.server.snapshot.auto.trigger.enabled = true (custom)
2019-07-08 14:40:51,465 INFO  server.RaftServerConfigKeys (ConfUtils.java:logGet(43)) - raft.server.snapshot.auto.trigger.threshold = 10000 (custom)
2019-07-08 14:40:51,465 INFO  server.RaftServerConfigKeys (ConfUtils.java:logGet(43)) - raft.server.snapshot.auto.trigger.threshold = 10000 (custom)
2019-07-08 14:40:51,467 INFO  server.RaftServerConfigKeys (ConfUtils.java:logGet(43)) - raft.server.retrycache.expirytime = 600000ms (custom)
2019-07-08 14:40:51,467 INFO  server.RaftServerConfigKeys (ConfUtils.java:logGet(43)) - raft.server.retrycache.expirytime = 600000ms (custom)
2019-07-08 14:40:51,468 INFO  impl.RaftServerImpl (RaftServerImpl.java:start(180)) - 03c01628-5ddd-4710-9193-9eb657bdd5be: start group-2E18DAF43D50
2019-07-08 14:40:51,468 INFO  impl.RaftServerImpl (RaftServerImpl.java:start(180)) - c928bbcd-fd4d-42e0-82fd-2c834b19fd85: start group-2E18DAF43D50
2019-07-08 14:40:51,468 INFO  impl.RaftServerImpl (RaftServerImpl.java:setRole(171)) - 03c01628-5ddd-4710-9193-9eb657bdd5be:group-2E18DAF43D50 changes role from null to FOLLOWER at term 0 for startAsFollower
2019-07-08 14:40:51,468 INFO  impl.RaftServerImpl (RaftServerImpl.java:setRole(171)) - c928bbcd-fd4d-42e0-82fd-2c834b19fd85:group-2E18DAF43D50 changes role from null to FOLLOWER at term 0 for startAsFollower
2019-07-08 14:40:51,468 INFO  impl.RoleInfo (RoleInfo.java:updateAndGet(143)) - 03c01628-5ddd-4710-9193-9eb657bdd5be: start FollowerState
2019-07-08 14:40:51,469 INFO  impl.RoleInfo (RoleInfo.java:updateAndGet(143)) - c928bbcd-fd4d-42e0-82fd-2c834b19fd85: start FollowerState
2019-07-08 14:40:51,470 INFO  util.JmxRegister (JmxRegister.java:tryRegister(44)) - Successfully registered JMX Bean with object name Ratis:service=RaftServer,group=group-2E18DAF43D50,id=03c01628-5ddd-4710-9193-9eb657bdd5be
2019-07-08 14:40:51,470 INFO  util.JmxRegister (JmxRegister.java:tryRegister(44)) - Successfully registered JMX Bean with object name Ratis:service=RaftServer,group=group-2E18DAF43D50,id=c928bbcd-fd4d-42e0-82fd-2c834b19fd85
2019-07-08 14:40:51,497 INFO  pipeline.PipelineStateManager (PipelineStateManager.java:addPipeline(56)) - Created pipeline Pipeline[ Id: 2851c0c6-b370-43aa-b0c3-2e18daf43d50, Nodes: e4dcb69b-3ac0-48cc-9c49-985031243b55{ip: 192.168.5.186, host: hdds1735-p42dk-4210643158, networkLocation: /default-rack, certSerialId: null}03c01628-5ddd-4710-9193-9eb657bdd5be{ip: 192.168.5.186, host: hdds1735-p42dk-4210643158, networkLocation: /default-rack, certSerialId: null}c928bbcd-fd4d-42e0-82fd-2c834b19fd85{ip: 192.168.5.186, host: hdds1735-p42dk-4210643158, networkLocation: /default-rack, certSerialId: null}, Type:RATIS, Factor:THREE, State:OPEN]
2019-07-08 14:40:51,788 INFO  freon.RandomKeyGenerator (RandomKeyGenerator.java:call(262)) - Number of Threads: 10
2019-07-08 14:40:51,789 INFO  freon.RandomKeyGenerator (RandomKeyGenerator.java:call(267)) - Number of Volumes: 1.
2019-07-08 14:40:51,789 INFO  freon.RandomKeyGenerator (RandomKeyGenerator.java:call(268)) - Number of Buckets per Volume: 1.
2019-07-08 14:40:51,789 INFO  freon.RandomKeyGenerator (RandomKeyGenerator.java:call(269)) - Number of Keys per Bucket: 1.
2019-07-08 14:40:51,790 INFO  freon.RandomKeyGenerator (RandomKeyGenerator.java:call(270)) - Key size: 20971520 bytes
2019-07-08 14:40:51,790 INFO  freon.RandomKeyGenerator (RandomKeyGenerator.java:call(271)) - Buffer size: 4096 bytes
2019-07-08 14:40:51,791 INFO  freon.RandomKeyGenerator (RandomKeyGenerator.java:call(286)) - Data validation is enabled.
2019-07-08 14:40:51,793 INFO  freon.RandomKeyGenerator (RandomKeyGenerator.java:call(299)) - Starting progress bar Thread.

 0.00% |█                                                                                                    |  0/1 Time: 0:00:002019-07-08 14:40:51,831 INFO  rpc.RpcClient (RpcClient.java:createVolume(289)) - Creating Volume: vol-0-09626, with jenkins1000 as owner.
2019-07-08 14:40:51,872 INFO  rpc.RpcClient (RpcClient.java:createBucket(426)) - Creating Bucket: vol-0-09626/bucket-0-79753, with Versioning false and Storage Type set to DISK and Encryption set to false 
2019-07-08 14:40:52,159 INFO  impl.FollowerState (FollowerState.java:run(106)) - e4dcb69b-3ac0-48cc-9c49-985031243b55:group-7DEA8AD9EC4D changes to CANDIDATE, lastRpcTime:1014, electionTimeout:1013ms
2019-07-08 14:40:52,159 INFO  impl.RoleInfo (RoleInfo.java:shutdownFollowerState(121)) - e4dcb69b-3ac0-48cc-9c49-985031243b55: shutdown FollowerState
2019-07-08 14:40:52,159 INFO  impl.RaftServerImpl (RaftServerImpl.java:setRole(171)) - e4dcb69b-3ac0-48cc-9c49-985031243b55:group-7DEA8AD9EC4D changes role from FOLLOWER to CANDIDATE at term 0 for changeToCandidate
2019-07-08 14:40:52,165 INFO  impl.RoleInfo (RoleInfo.java:updateAndGet(143)) - e4dcb69b-3ac0-48cc-9c49-985031243b55: start LeaderElection
2019-07-08 14:40:52,180 INFO  client.GrpcClientProtocolClient (GrpcClientProtocolClient.java:onNext(255)) - client-E55B1084323C->e4dcb69b-3ac0-48cc-9c49-985031243b55: receive RaftClientReply:client-E55B1084323C->e4dcb69b-3ac0-48cc-9c49-985031243b55@group-2E18DAF43D50, cid=6, FAILED org.apache.ratis.protocol.NotLeaderException: Server e4dcb69b-3ac0-48cc-9c49-985031243b55 is not the leader (null). Request must be sent to leader., logIndex=0, commits[e4dcb69b-3ac0-48cc-9c49-985031243b55:c-1]
2019-07-08 14:40:52,184 INFO  impl.LeaderElection (LeaderElection.java:askForVotes(181)) - e4dcb69b-3ac0-48cc-9c49-985031243b55:group-7DEA8AD9EC4D:LeaderElection1: begin an election at term 1 for -1: [e4dcb69b-3ac0-48cc-9c49-985031243b55:192.168.5.186:36445], old=null
2019-07-08 14:40:52,187 INFO  impl.RoleInfo (RoleInfo.java:shutdownLeaderElection(134)) - e4dcb69b-3ac0-48cc-9c49-985031243b55: shutdown LeaderElection
2019-07-08 14:40:52,188 INFO  impl.RaftServerImpl (RaftServerImpl.java:setRole(171)) - e4dcb69b-3ac0-48cc-9c49-985031243b55:group-7DEA8AD9EC4D changes role from CANDIDATE to LEADER at term 1 for changeToLeader
2019-07-08 14:40:52,188 INFO  impl.RaftServerImpl (ServerState.java:setLeader(263)) - e4dcb69b-3ac0-48cc-9c49-985031243b55:group-7DEA8AD9EC4D change Leader from null to e4dcb69b-3ac0-48cc-9c49-985031243b55 at term 1 for becomeLeader, leader elected after 1451ms
2019-07-08 14:40:52,196 INFO  server.RaftServerConfigKeys (ConfUtils.java:logGet(43)) - raft.server.staging.catchup.gap = 1000 (default)
2019-07-08 14:40:52,196 INFO  server.RaftServerConfigKeys (ConfUtils.java:logGet(43)) - raft.server.rpc.sleep.time = 25ms (default)
2019-07-08 14:40:52,199 INFO  server.RaftServerConfigKeys (ConfUtils.java:logGet(43)) - raft.server.write.element-limit = 4096 (default)
2019-07-08 14:40:52,202 INFO  server.RaftServerConfigKeys (ConfUtils.java:logGet(43)) - raft.server.watch.timeout = 10s (default)
2019-07-08 14:40:52,202 INFO  server.RaftServerConfigKeys (ConfUtils.java:logGet(43)) - raft.server.watch.timeout.denomination = 1s (default)
2019-07-08 14:40:52,203 INFO  server.RaftServerConfigKeys (ConfUtils.java:logGet(43)) - raft.server.watch.element-limit = 65536 (default)
2019-07-08 14:40:52,212 INFO  impl.RoleInfo (RoleInfo.java:updateAndGet(143)) - e4dcb69b-3ac0-48cc-9c49-985031243b55: start LeaderState
2019-07-08 14:40:52,233 INFO  segmented.SegmentedRaftLogWorker (SegmentedRaftLogWorker.java:startLogSegment(380)) - e4dcb69b-3ac0-48cc-9c49-985031243b55-SegmentedRaftLogWorker:Storage Directory /tmp/workdir/hadoop-ozone/tools/target/test-dir/MiniOzoneClusterImpl-11a7c84e-c822-4a04-8546-d1cd68ffd253/datanode-0/data/ratis/80d04260-783a-4181-839e-7dea8ad9ec4d: Starting segment from index:0
2019-07-08 14:40:52,242 INFO  impl.RaftServerImpl (ServerState.java:setRaftConf(361)) - e4dcb69b-3ac0-48cc-9c49-985031243b55:group-7DEA8AD9EC4D set configuration 0: [e4dcb69b-3ac0-48cc-9c49-985031243b55:192.168.5.186:36445], old=null at 0
2019-07-08 14:40:52,399 INFO  impl.FollowerState (FollowerState.java:run(106)) - c928bbcd-fd4d-42e0-82fd-2c834b19fd85:group-F449BB71B5F9 changes to CANDIDATE, lastRpcTime:1030, electionTimeout:1030ms
2019-07-08 14:40:52,409 INFO  impl.RoleInfo (RoleInfo.java:shutdownFollowerState(121)) - c928bbcd-fd4d-42e0-82fd-2c834b19fd85: shutdown FollowerState
2019-07-08 14:40:52,409 INFO  impl.RaftServerImpl (RaftServerImpl.java:setRole(171)) - c928bbcd-fd4d-42e0-82fd-2c834b19fd85:group-F449BB71B5F9 changes role from FOLLOWER to CANDIDATE at term 0 for changeToCandidate
2019-07-08 14:40:52,410 INFO  impl.RoleInfo (RoleInfo.java:updateAndGet(143)) - c928bbcd-fd4d-42e0-82fd-2c834b19fd85: start LeaderElection
2019-07-08 14:40:52,427 INFO  segmented.SegmentedRaftLogWorker (SegmentedRaftLogWorker.java:execute(569)) - e4dcb69b-3ac0-48cc-9c49-985031243b55-SegmentedRaftLogWorker:Storage Directory /tmp/workdir/hadoop-ozone/tools/target/test-dir/MiniOzoneClusterImpl-11a7c84e-c822-4a04-8546-d1cd68ffd253/datanode-0/data/ratis/80d04260-783a-4181-839e-7dea8ad9ec4d: created new log segment /tmp/workdir/hadoop-ozone/tools/target/test-dir/MiniOzoneClusterImpl-11a7c84e-c822-4a04-8546-d1cd68ffd253/datanode-0/data/ratis/80d04260-783a-4181-839e-7dea8ad9ec4d/current/log_inprogress_0
2019-07-08 14:40:52,427 INFO  impl.LeaderElection (LeaderElection.java:askForVotes(181)) - c928bbcd-fd4d-42e0-82fd-2c834b19fd85:group-F449BB71B5F9:LeaderElection2: begin an election at term 1 for -1: [c928bbcd-fd4d-42e0-82fd-2c834b19fd85:192.168.5.186:44136], old=null
2019-07-08 14:40:52,428 INFO  impl.RoleInfo (RoleInfo.java:shutdownLeaderElection(134)) - c928bbcd-fd4d-42e0-82fd-2c834b19fd85: shutdown LeaderElection
2019-07-08 14:40:52,428 INFO  impl.RaftServerImpl (RaftServerImpl.java:setRole(171)) - c928bbcd-fd4d-42e0-82fd-2c834b19fd85:group-F449BB71B5F9 changes role from CANDIDATE to LEADER at term 1 for changeToLeader
2019-07-08 14:40:52,429 INFO  impl.RaftServerImpl (ServerState.java:setLeader(263)) - c928bbcd-fd4d-42e0-82fd-2c834b19fd85:group-F449BB71B5F9 change Leader from null to c928bbcd-fd4d-42e0-82fd-2c834b19fd85 at term 1 for becomeLeader, leader elected after 1064ms
2019-07-08 14:40:52,429 INFO  server.RaftServerConfigKeys (ConfUtils.java:logGet(43)) - raft.server.staging.catchup.gap = 1000 (default)
2019-07-08 14:40:52,429 INFO  server.RaftServerConfigKeys (ConfUtils.java:logGet(43)) - raft.server.rpc.sleep.time = 25ms (default)
2019-07-08 14:40:52,430 INFO  server.RaftServerConfigKeys (ConfUtils.java:logGet(43)) - raft.server.write.element-limit = 4096 (default)
2019-07-08 14:40:52,430 INFO  server.RaftServerConfigKeys (ConfUtils.java:logGet(43)) - raft.server.watch.timeout = 10s (default)
2019-07-08 14:40:52,430 INFO  server.RaftServerConfigKeys (ConfUtils.java:logGet(43)) - raft.server.watch.timeout.denomination = 1s (default)
2019-07-08 14:40:52,430 INFO  server.RaftServerConfigKeys (ConfUtils.java:logGet(43)) - raft.server.watch.element-limit = 65536 (default)
2019-07-08 14:40:52,430 INFO  impl.RoleInfo (RoleInfo.java:updateAndGet(143)) - c928bbcd-fd4d-42e0-82fd-2c834b19fd85: start LeaderState
2019-07-08 14:40:52,431 INFO  segmented.SegmentedRaftLogWorker (SegmentedRaftLogWorker.java:startLogSegment(380)) - c928bbcd-fd4d-42e0-82fd-2c834b19fd85-SegmentedRaftLogWorker:Storage Directory /tmp/workdir/hadoop-ozone/tools/target/test-dir/MiniOzoneClusterImpl-11a7c84e-c822-4a04-8546-d1cd68ffd253/datanode-2/data/ratis/8d126daa-3e75-4bd2-ba24-f449bb71b5f9: Starting segment from index:0
2019-07-08 14:40:52,431 INFO  impl.RaftServerImpl (ServerState.java:setRaftConf(361)) - c928bbcd-fd4d-42e0-82fd-2c834b19fd85:group-F449BB71B5F9 set configuration 0: [c928bbcd-fd4d-42e0-82fd-2c834b19fd85:192.168.5.186:44136], old=null at 0
2019-07-08 14:40:52,452 INFO  segmented.SegmentedRaftLogWorker (SegmentedRaftLogWorker.java:execute(569)) - c928bbcd-fd4d-42e0-82fd-2c834b19fd85-SegmentedRaftLogWorker:Storage Directory /tmp/workdir/hadoop-ozone/tools/target/test-dir/MiniOzoneClusterImpl-11a7c84e-c822-4a04-8546-d1cd68ffd253/datanode-2/data/ratis/8d126daa-3e75-4bd2-ba24-f449bb71b5f9: created new log segment /tmp/workdir/hadoop-ozone/tools/target/test-dir/MiniOzoneClusterImpl-11a7c84e-c822-4a04-8546-d1cd68ffd253/datanode-2/data/ratis/8d126daa-3e75-4bd2-ba24-f449bb71b5f9/current/log_inprogress_0
2019-07-08 14:40:52,485 INFO  impl.FollowerState (FollowerState.java:run(106)) - 03c01628-5ddd-4710-9193-9eb657bdd5be:group-4C94A1C43047 changes to CANDIDATE, lastRpcTime:1174, electionTimeout:1173ms
2019-07-08 14:40:52,485 INFO  impl.RoleInfo (RoleInfo.java:shutdownFollowerState(121)) - 03c01628-5ddd-4710-9193-9eb657bdd5be: shutdown FollowerState
2019-07-08 14:40:52,486 INFO  impl.RaftServerImpl (RaftServerImpl.java:setRole(171)) - 03c01628-5ddd-4710-9193-9eb657bdd5be:group-4C94A1C43047 changes role from FOLLOWER to CANDIDATE at term 0 for changeToCandidate
2019-07-08 14:40:52,486 INFO  impl.RoleInfo (RoleInfo.java:updateAndGet(143)) - 03c01628-5ddd-4710-9193-9eb657bdd5be: start LeaderElection
2019-07-08 14:40:52,494 INFO  impl.LeaderElection (LeaderElection.java:askForVotes(181)) - 03c01628-5ddd-4710-9193-9eb657bdd5be:group-4C94A1C43047:LeaderElection3: begin an election at term 1 for -1: [03c01628-5ddd-4710-9193-9eb657bdd5be:192.168.5.186:44797], old=null
2019-07-08 14:40:52,495 INFO  impl.RoleInfo (RoleInfo.java:shutdownLeaderElection(134)) - 03c01628-5ddd-4710-9193-9eb657bdd5be: shutdown LeaderElection
2019-07-08 14:40:52,495 INFO  impl.RaftServerImpl (RaftServerImpl.java:setRole(171)) - 03c01628-5ddd-4710-9193-9eb657bdd5be:group-4C94A1C43047 changes role from CANDIDATE to LEADER at term 1 for changeToLeader
2019-07-08 14:40:52,495 INFO  impl.RaftServerImpl (ServerState.java:setLeader(263)) - 03c01628-5ddd-4710-9193-9eb657bdd5be:group-4C94A1C43047 change Leader from null to 03c01628-5ddd-4710-9193-9eb657bdd5be at term 1 for becomeLeader, leader elected after 1191ms
2019-07-08 14:40:52,496 INFO  server.RaftServerConfigKeys (ConfUtils.java:logGet(43)) - raft.server.staging.catchup.gap = 1000 (default)
2019-07-08 14:40:52,496 INFO  server.RaftServerConfigKeys (ConfUtils.java:logGet(43)) - raft.server.rpc.sleep.time = 25ms (default)
2019-07-08 14:40:52,496 INFO  server.RaftServerConfigKeys (ConfUtils.java:logGet(43)) - raft.server.write.element-limit = 4096 (default)
2019-07-08 14:40:52,496 INFO  server.RaftServerConfigKeys (ConfUtils.java:logGet(43)) - raft.server.watch.timeout = 10s (default)
2019-07-08 14:40:52,496 INFO  server.RaftServerConfigKeys (ConfUtils.java:logGet(43)) - raft.server.watch.timeout.denomination = 1s (default)
2019-07-08 14:40:52,497 INFO  server.RaftServerConfigKeys (ConfUtils.java:logGet(43)) - raft.server.watch.element-limit = 65536 (default)
2019-07-08 14:40:52,497 INFO  impl.RoleInfo (RoleInfo.java:updateAndGet(143)) - 03c01628-5ddd-4710-9193-9eb657bdd5be: start LeaderState
2019-07-08 14:40:52,497 INFO  segmented.SegmentedRaftLogWorker (SegmentedRaftLogWorker.java:startLogSegment(380)) - 03c01628-5ddd-4710-9193-9eb657bdd5be-SegmentedRaftLogWorker:Storage Directory /tmp/workdir/hadoop-ozone/tools/target/test-dir/MiniOzoneClusterImpl-11a7c84e-c822-4a04-8546-d1cd68ffd253/datanode-1/data/ratis/2bc3d3fe-1be9-412d-9ec2-4c94a1c43047: Starting segment from index:0
2019-07-08 14:40:52,498 INFO  impl.RaftServerImpl (ServerState.java:setRaftConf(361)) - 03c01628-5ddd-4710-9193-9eb657bdd5be:group-4C94A1C43047 set configuration 0: [03c01628-5ddd-4710-9193-9eb657bdd5be:192.168.5.186:44797], old=null at 0
2019-07-08 14:40:52,517 INFO  impl.FollowerState (FollowerState.java:run(106)) - e4dcb69b-3ac0-48cc-9c49-985031243b55:group-2E18DAF43D50 changes to CANDIDATE, lastRpcTime:1053, electionTimeout:1048ms
2019-07-08 14:40:52,517 INFO  impl.RoleInfo (RoleInfo.java:shutdownFollowerState(121)) - e4dcb69b-3ac0-48cc-9c49-985031243b55: shutdown FollowerState
2019-07-08 14:40:52,517 INFO  impl.RaftServerImpl (RaftServerImpl.java:setRole(171)) - e4dcb69b-3ac0-48cc-9c49-985031243b55:group-2E18DAF43D50 changes role from FOLLOWER to CANDIDATE at term 0 for changeToCandidate
2019-07-08 14:40:52,518 INFO  impl.RoleInfo (RoleInfo.java:updateAndGet(143)) - e4dcb69b-3ac0-48cc-9c49-985031243b55: start LeaderElection
2019-07-08 14:40:52,524 INFO  segmented.SegmentedRaftLogWorker (SegmentedRaftLogWorker.java:execute(569)) - 03c01628-5ddd-4710-9193-9eb657bdd5be-SegmentedRaftLogWorker:Storage Directory /tmp/workdir/hadoop-ozone/tools/target/test-dir/MiniOzoneClusterImpl-11a7c84e-c822-4a04-8546-d1cd68ffd253/datanode-1/data/ratis/2bc3d3fe-1be9-412d-9ec2-4c94a1c43047: created new log segment /tmp/workdir/hadoop-ozone/tools/target/test-dir/MiniOzoneClusterImpl-11a7c84e-c822-4a04-8546-d1cd68ffd253/datanode-1/data/ratis/2bc3d3fe-1be9-412d-9ec2-4c94a1c43047/current/log_inprogress_0
2019-07-08 14:40:52,526 INFO  impl.LeaderElection (LeaderElection.java:askForVotes(181)) - e4dcb69b-3ac0-48cc-9c49-985031243b55:group-2E18DAF43D50:LeaderElection4: begin an election at term 1 for -1: [e4dcb69b-3ac0-48cc-9c49-985031243b55:192.168.5.186:36445, c928bbcd-fd4d-42e0-82fd-2c834b19fd85:192.168.5.186:44136, 03c01628-5ddd-4710-9193-9eb657bdd5be:192.168.5.186:44797], old=null
2019-07-08 14:40:52,541 INFO  impl.FollowerState (FollowerState.java:run(106)) - c928bbcd-fd4d-42e0-82fd-2c834b19fd85:group-2E18DAF43D50 changes to CANDIDATE, lastRpcTime:1072, electionTimeout:1071ms
2019-07-08 14:40:52,543 INFO  impl.RoleInfo (RoleInfo.java:shutdownFollowerState(121)) - c928bbcd-fd4d-42e0-82fd-2c834b19fd85: shutdown FollowerState
2019-07-08 14:40:52,543 INFO  impl.RaftServerImpl (RaftServerImpl.java:setRole(171)) - c928bbcd-fd4d-42e0-82fd-2c834b19fd85:group-2E18DAF43D50 changes role from FOLLOWER to CANDIDATE at term 0 for changeToCandidate
2019-07-08 14:40:52,543 INFO  impl.RoleInfo (RoleInfo.java:updateAndGet(143)) - c928bbcd-fd4d-42e0-82fd-2c834b19fd85: start LeaderElection
2019-07-08 14:40:52,550 WARN  impl.FollowerState (FollowerState.java:run(118)) - c928bbcd-fd4d-42e0-82fd-2c834b19fd85: FollowerState caught an exception
java.lang.IllegalStateException: ILLEGAL TRANSITION: In c928bbcd-fd4d-42e0-82fd-2c834b19fd85:group-2E18DAF43D50:LeaderElection5, CLOSED -> RUNNING
	at org.apache.ratis.util.Preconditions.assertTrue(Preconditions.java:63)
	at org.apache.ratis.util.LifeCycle$State.validate(LifeCycle.java:123)
	at org.apache.ratis.util.LifeCycle.transition(LifeCycle.java:143)
	at org.apache.ratis.util.LifeCycle.startAndTransition(LifeCycle.java:203)
	at org.apache.ratis.server.impl.LeaderElection.start(LeaderElection.java:120)
	at org.apache.ratis.server.impl.RoleInfo.startLeaderElection(RoleInfo.java:128)
	at org.apache.ratis.server.impl.RaftServerImpl.changeToCandidate(RaftServerImpl.java:411)
	at org.apache.ratis.server.impl.FollowerState.run(FollowerState.java:109)
2019-07-08 14:40:52,562 INFO  impl.RaftServerImpl (RaftServerImpl.java:setRole(171)) - c928bbcd-fd4d-42e0-82fd-2c834b19fd85:group-2E18DAF43D50 changes role from CANDIDATE to FOLLOWER at term 1 for recognizeCandidate:e4dcb69b-3ac0-48cc-9c49-985031243b55
2019-07-08 14:40:52,563 INFO  impl.RaftServerImpl (RaftServerImpl.java:setRole(171)) - 03c01628-5ddd-4710-9193-9eb657bdd5be:group-2E18DAF43D50 changes role from FOLLOWER to FOLLOWER at term 1 for recognizeCandidate:e4dcb69b-3ac0-48cc-9c49-985031243b55
2019-07-08 14:40:52,563 INFO  impl.RoleInfo (RoleInfo.java:shutdownLeaderElection(134)) - c928bbcd-fd4d-42e0-82fd-2c834b19fd85: shutdown LeaderElection
2019-07-08 14:40:52,563 INFO  impl.RoleInfo (RoleInfo.java:shutdownFollowerState(121)) - 03c01628-5ddd-4710-9193-9eb657bdd5be: shutdown FollowerState
2019-07-08 14:40:52,563 INFO  impl.RoleInfo (RoleInfo.java:updateAndGet(143)) - c928bbcd-fd4d-42e0-82fd-2c834b19fd85: start FollowerState
2019-07-08 14:40:52,564 INFO  impl.RoleInfo (RoleInfo.java:updateAndGet(143)) - 03c01628-5ddd-4710-9193-9eb657bdd5be: start FollowerState
2019-07-08 14:40:52,564 INFO  impl.FollowerState (FollowerState.java:run(114)) - 03c01628-5ddd-4710-9193-9eb657bdd5be: FollowerState was interrupted: java.lang.InterruptedException: sleep interrupted
2019-07-08 14:40:52,588 INFO  impl.LeaderElection (LeaderElection.java:logAndReturn(56)) - e4dcb69b-3ac0-48cc-9c49-985031243b55:group-2E18DAF43D50:LeaderElection4: Election PASSED; received 2 response(s) [e4dcb69b-3ac0-48cc-9c49-985031243b55<-c928bbcd-fd4d-42e0-82fd-2c834b19fd85#0:FAIL-t1, e4dcb69b-3ac0-48cc-9c49-985031243b55<-03c01628-5ddd-4710-9193-9eb657bdd5be#0:OK-t1] and 0 exception(s); e4dcb69b-3ac0-48cc-9c49-985031243b55:t1, leader=null, voted=e4dcb69b-3ac0-48cc-9c49-985031243b55, raftlog=e4dcb69b-3ac0-48cc-9c49-985031243b55-SegmentedRaftLog:OPENED:c-1,f-1,i0, conf=-1: [e4dcb69b-3ac0-48cc-9c49-985031243b55:192.168.5.186:36445, c928bbcd-fd4d-42e0-82fd-2c834b19fd85:192.168.5.186:44136, 03c01628-5ddd-4710-9193-9eb657bdd5be:192.168.5.186:44797], old=null
2019-07-08 14:40:52,588 INFO  impl.RoleInfo (RoleInfo.java:shutdownLeaderElection(134)) - e4dcb69b-3ac0-48cc-9c49-985031243b55: shutdown LeaderElection
2019-07-08 14:40:52,589 INFO  impl.RaftServerImpl (RaftServerImpl.java:setRole(171)) - e4dcb69b-3ac0-48cc-9c49-985031243b55:group-2E18DAF43D50 changes role from CANDIDATE to LEADER at term 1 for changeToLeader
2019-07-08 14:40:52,590 INFO  impl.RaftServerImpl (ServerState.java:setLeader(263)) - e4dcb69b-3ac0-48cc-9c49-985031243b55:group-2E18DAF43D50 change Leader from null to e4dcb69b-3ac0-48cc-9c49-985031243b55 at term 1 for becomeLeader, leader elected after 1143ms
2019-07-08 14:40:52,591 INFO  server.RaftServerConfigKeys (ConfUtils.java:logGet(43)) - raft.server.staging.catchup.gap = 1000 (default)
2019-07-08 14:40:52,591 INFO  server.RaftServerConfigKeys (ConfUtils.java:logGet(43)) - raft.server.rpc.sleep.time = 25ms (default)
2019-07-08 14:40:52,591 INFO  server.RaftServerConfigKeys (ConfUtils.java:logGet(43)) - raft.server.write.element-limit = 4096 (default)
2019-07-08 14:40:52,592 INFO  server.RaftServerConfigKeys (ConfUtils.java:logGet(43)) - raft.server.watch.timeout = 10s (default)
2019-07-08 14:40:52,592 INFO  server.RaftServerConfigKeys (ConfUtils.java:logGet(43)) - raft.server.watch.timeout.denomination = 1s (default)
2019-07-08 14:40:52,592 INFO  server.RaftServerConfigKeys (ConfUtils.java:logGet(43)) - raft.server.watch.element-limit = 65536 (default)
2019-07-08 14:40:52,595 INFO  server.RaftServerConfigKeys (ConfUtils.java:logGet(43)) - raft.server.log.appender.snapshot.chunk.size.max = 16MB (=16777216) (default)
2019-07-08 14:40:52,596 INFO  server.RaftServerConfigKeys (ConfUtils.java:logGet(43)) - raft.server.log.appender.buffer.byte-limit = 33554432 (custom)
2019-07-08 14:40:52,596 INFO  server.RaftServerConfigKeys (ConfUtils.java:logGet(43)) - raft.server.log.appender.buffer.element-limit = 1 (custom)
2019-07-08 14:40:52,600 INFO  grpc.GrpcConfigKeys$Server (ConfUtils.java:logGet(43)) - raft.grpc.server.leader.outstanding.appends.max = 128 (default)
2019-07-08 14:40:52,605 INFO  server.RaftServerConfigKeys (ConfUtils.java:logGet(43)) - raft.server.rpc.request.timeout = 3000ms (default)
2019-07-08 14:40:52,607 INFO  server.RaftServerConfigKeys (ConfUtils.java:logGet(43)) - raft.server.log.appender.install.snapshot.enabled = false (custom)
2019-07-08 14:40:52,607 INFO  server.RaftServerConfigKeys (ConfUtils.java:logGet(43)) - raft.server.log.appender.snapshot.chunk.size.max = 16MB (=16777216) (default)
2019-07-08 14:40:52,607 INFO  server.RaftServerConfigKeys (ConfUtils.java:logGet(43)) - raft.server.log.appender.buffer.byte-limit = 33554432 (custom)
2019-07-08 14:40:52,607 INFO  server.RaftServerConfigKeys (ConfUtils.java:logGet(43)) - raft.server.log.appender.buffer.element-limit = 1 (custom)
2019-07-08 14:40:52,608 INFO  grpc.GrpcConfigKeys$Server (ConfUtils.java:logGet(43)) - raft.grpc.server.leader.outstanding.appends.max = 128 (default)
2019-07-08 14:40:52,608 INFO  server.RaftServerConfigKeys (ConfUtils.java:logGet(43)) - raft.server.rpc.request.timeout = 3000ms (default)
2019-07-08 14:40:52,608 INFO  server.RaftServerConfigKeys (ConfUtils.java:logGet(43)) - raft.server.log.appender.install.snapshot.enabled = false (custom)
2019-07-08 14:40:52,610 INFO  impl.RoleInfo (RoleInfo.java:updateAndGet(143)) - e4dcb69b-3ac0-48cc-9c49-985031243b55: start LeaderState
2019-07-08 14:40:52,610 INFO  segmented.SegmentedRaftLogWorker (SegmentedRaftLogWorker.java:startLogSegment(380)) - e4dcb69b-3ac0-48cc-9c49-985031243b55-SegmentedRaftLogWorker:Storage Directory /tmp/workdir/hadoop-ozone/tools/target/test-dir/MiniOzoneClusterImpl-11a7c84e-c822-4a04-8546-d1cd68ffd253/datanode-0/data/ratis/2851c0c6-b370-43aa-b0c3-2e18daf43d50: Starting segment from index:0
2019-07-08 14:40:52,611 INFO  impl.RaftServerImpl (ServerState.java:setRaftConf(361)) - e4dcb69b-3ac0-48cc-9c49-985031243b55:group-2E18DAF43D50 set configuration 0: [e4dcb69b-3ac0-48cc-9c49-985031243b55:192.168.5.186:36445, c928bbcd-fd4d-42e0-82fd-2c834b19fd85:192.168.5.186:44136, 03c01628-5ddd-4710-9193-9eb657bdd5be:192.168.5.186:44797], old=null at 0
2019-07-08 14:40:52,635 INFO  segmented.SegmentedRaftLogWorker (SegmentedRaftLogWorker.java:execute(569)) - e4dcb69b-3ac0-48cc-9c49-985031243b55-SegmentedRaftLogWorker:Storage Directory /tmp/workdir/hadoop-ozone/tools/target/test-dir/MiniOzoneClusterImpl-11a7c84e-c822-4a04-8546-d1cd68ffd253/datanode-0/data/ratis/2851c0c6-b370-43aa-b0c3-2e18daf43d50: created new log segment /tmp/workdir/hadoop-ozone/tools/target/test-dir/MiniOzoneClusterImpl-11a7c84e-c822-4a04-8546-d1cd68ffd253/datanode-0/data/ratis/2851c0c6-b370-43aa-b0c3-2e18daf43d50/current/log_inprogress_0
2019-07-08 14:40:52,656 INFO  impl.RaftServerImpl (ServerState.java:setLeader(263)) - c928bbcd-fd4d-42e0-82fd-2c834b19fd85:group-2E18DAF43D50 change Leader from null to e4dcb69b-3ac0-48cc-9c49-985031243b55 at term 1 for appendEntries, leader elected after 1208ms
2019-07-08 14:40:52,656 INFO  impl.RaftServerImpl (ServerState.java:setLeader(263)) - 03c01628-5ddd-4710-9193-9eb657bdd5be:group-2E18DAF43D50 change Leader from null to e4dcb69b-3ac0-48cc-9c49-985031243b55 at term 1 for appendEntries, leader elected after 1209ms
2019-07-08 14:40:52,691 INFO  impl.RaftServerImpl (ServerState.java:setRaftConf(361)) - c928bbcd-fd4d-42e0-82fd-2c834b19fd85:group-2E18DAF43D50 set configuration 0: [e4dcb69b-3ac0-48cc-9c49-985031243b55:192.168.5.186:36445, c928bbcd-fd4d-42e0-82fd-2c834b19fd85:192.168.5.186:44136, 03c01628-5ddd-4710-9193-9eb657bdd5be:192.168.5.186:44797], old=null at 0
2019-07-08 14:40:52,691 INFO  impl.RaftServerImpl (ServerState.java:setRaftConf(361)) - 03c01628-5ddd-4710-9193-9eb657bdd5be:group-2E18DAF43D50 set configuration 0: [e4dcb69b-3ac0-48cc-9c49-985031243b55:192.168.5.186:36445, c928bbcd-fd4d-42e0-82fd-2c834b19fd85:192.168.5.186:44136, 03c01628-5ddd-4710-9193-9eb657bdd5be:192.168.5.186:44797], old=null at 0
2019-07-08 14:40:52,691 INFO  segmented.SegmentedRaftLogWorker (SegmentedRaftLogWorker.java:startLogSegment(380)) - c928bbcd-fd4d-42e0-82fd-2c834b19fd85-SegmentedRaftLogWorker:Storage Directory /tmp/workdir/hadoop-ozone/tools/target/test-dir/MiniOzoneClusterImpl-11a7c84e-c822-4a04-8546-d1cd68ffd253/datanode-2/data/ratis/2851c0c6-b370-43aa-b0c3-2e18daf43d50: Starting segment from index:0
2019-07-08 14:40:52,692 INFO  segmented.SegmentedRaftLogWorker (SegmentedRaftLogWorker.java:startLogSegment(380)) - 03c01628-5ddd-4710-9193-9eb657bdd5be-SegmentedRaftLogWorker:Storage Directory /tmp/workdir/hadoop-ozone/tools/target/test-dir/MiniOzoneClusterImpl-11a7c84e-c822-4a04-8546-d1cd68ffd253/datanode-1/data/ratis/2851c0c6-b370-43aa-b0c3-2e18daf43d50: Starting segment from index:0
2019-07-08 14:40:52,716 INFO  segmented.SegmentedRaftLogWorker (SegmentedRaftLogWorker.java:execute(569)) - 03c01628-5ddd-4710-9193-9eb657bdd5be-SegmentedRaftLogWorker:Storage Directory /tmp/workdir/hadoop-ozone/tools/target/test-dir/MiniOzoneClusterImpl-11a7c84e-c822-4a04-8546-d1cd68ffd253/datanode-1/data/ratis/2851c0c6-b370-43aa-b0c3-2e18daf43d50: created new log segment /tmp/workdir/hadoop-ozone/tools/target/test-dir/MiniOzoneClusterImpl-11a7c84e-c822-4a04-8546-d1cd68ffd253/datanode-1/data/ratis/2851c0c6-b370-43aa-b0c3-2e18daf43d50/current/log_inprogress_0
2019-07-08 14:40:52,716 INFO  segmented.SegmentedRaftLogWorker (SegmentedRaftLogWorker.java:execute(569)) - c928bbcd-fd4d-42e0-82fd-2c834b19fd85-SegmentedRaftLogWorker:Storage Directory /tmp/workdir/hadoop-ozone/tools/target/test-dir/MiniOzoneClusterImpl-11a7c84e-c822-4a04-8546-d1cd68ffd253/datanode-2/data/ratis/2851c0c6-b370-43aa-b0c3-2e18daf43d50: created new log segment /tmp/workdir/hadoop-ozone/tools/target/test-dir/MiniOzoneClusterImpl-11a7c84e-c822-4a04-8546-d1cd68ffd253/datanode-2/data/ratis/2851c0c6-b370-43aa-b0c3-2e18daf43d50/current/log_inprogress_0
 0.00% |█                                                                                                    |  0/1 Time: 0:00:012019-07-08 14:40:53,226 INFO  client.GrpcClientProtocolClient (GrpcClientProtocolClient.java:onNext(255)) - client-E55B1084323C->c928bbcd-fd4d-42e0-82fd-2c834b19fd85: receive RaftClientReply:client-E55B1084323C->c928bbcd-fd4d-42e0-82fd-2c834b19fd85@group-2E18DAF43D50, cid=6, FAILED org.apache.ratis.protocol.NotLeaderException: Server c928bbcd-fd4d-42e0-82fd-2c834b19fd85 is not the leader (e4dcb69b-3ac0-48cc-9c49-985031243b55:192.168.5.186:36445). Request must be sent to leader., logIndex=0, commits[c928bbcd-fd4d-42e0-82fd-2c834b19fd85:c0, e4dcb69b-3ac0-48cc-9c49-985031243b55:c0, 03c01628-5ddd-4710-9193-9eb657bdd5be:c-1]
2019-07-08 14:40:53,513 INFO  client.GrpcClientProtocolClient (GrpcClientProtocolClient.java:onNext(255)) - client-E55B1084323C->e4dcb69b-3ac0-48cc-9c49-985031243b55: receive RaftClientReply:client-E55B1084323C->e4dcb69b-3ac0-48cc-9c49-985031243b55@group-2E18DAF43D50, cid=6, SUCCESS, logIndex=1, commits[e4dcb69b-3ac0-48cc-9c49-985031243b55:c1, c928bbcd-fd4d-42e0-82fd-2c834b19fd85:c0, 03c01628-5ddd-4710-9193-9eb657bdd5be:c0]
2019-07-08 14:40:53,642 INFO  client.GrpcClientProtocolClient (GrpcClientProtocolClient.java:onNext(255)) - client-E55B1084323C->e4dcb69b-3ac0-48cc-9c49-985031243b55: receive RaftClientReply:client-E55B1084323C->e4dcb69b-3ac0-48cc-9c49-985031243b55@group-2E18DAF43D50, cid=7, SUCCESS, logIndex=3, commits[e4dcb69b-3ac0-48cc-9c49-985031243b55:c8, c928bbcd-fd4d-42e0-82fd-2c834b19fd85:c6, 03c01628-5ddd-4710-9193-9eb657bdd5be:c6]
2019-07-08 14:40:53,648 INFO  client.GrpcClientProtocolClient (GrpcClientProtocolClient.java:onNext(255)) - client-E55B1084323C->e4dcb69b-3ac0-48cc-9c49-985031243b55: receive RaftClientReply:client-E55B1084323C->e4dcb69b-3ac0-48cc-9c49-985031243b55@group-2E18DAF43D50, cid=8, SUCCESS, logIndex=4, commits[e4dcb69b-3ac0-48cc-9c49-985031243b55:c8, c928bbcd-fd4d-42e0-82fd-2c834b19fd85:c6, 03c01628-5ddd-4710-9193-9eb657bdd5be:c6]
2019-07-08 14:40:53,649 INFO  client.GrpcClientProtocolClient (GrpcClientProtocolClient.java:onNext(255)) - client-E55B1084323C->e4dcb69b-3ac0-48cc-9c49-985031243b55: receive RaftClientReply:client-E55B1084323C->e4dcb69b-3ac0-48cc-9c49-985031243b55@group-2E18DAF43D50, cid=9, SUCCESS, logIndex=5, commits[e4dcb69b-3ac0-48cc-9c49-985031243b55:c8, c928bbcd-fd4d-42e0-82fd-2c834b19fd85:c6, 03c01628-5ddd-4710-9193-9eb657bdd5be:c6]
2019-07-08 14:40:53,704 INFO  client.GrpcClientProtocolClient (GrpcClientProtocolClient.java:onNext(255)) - client-E55B1084323C->e4dcb69b-3ac0-48cc-9c49-985031243b55: receive RaftClientReply:client-E55B1084323C->e4dcb69b-3ac0-48cc-9c49-985031243b55@group-2E18DAF43D50, cid=10, SUCCESS, logIndex=9, commits[e4dcb69b-3ac0-48cc-9c49-985031243b55:c9, c928bbcd-fd4d-42e0-82fd-2c834b19fd85:c8, 03c01628-5ddd-4710-9193-9eb657bdd5be:c6]
2019-07-08 14:40:53,707 INFO  client.GrpcClientProtocolClient (GrpcClientProtocolClient.java:onNext(255)) - client-E55B1084323C->e4dcb69b-3ac0-48cc-9c49-985031243b55: receive RaftClientReply:client-E55B1084323C->e4dcb69b-3ac0-48cc-9c49-985031243b55@group-2E18DAF43D50, cid=11, SUCCESS, logIndex=10, commits[e4dcb69b-3ac0-48cc-9c49-985031243b55:c10, c928bbcd-fd4d-42e0-82fd-2c834b19fd85:c8, 03c01628-5ddd-4710-9193-9eb657bdd5be:c8]
2019-07-08 14:40:53,718 INFO  client.GrpcClientProtocolClient (GrpcClientProtocolClient.java:onNext(255)) - client-E55B1084323C->e4dcb69b-3ac0-48cc-9c49-985031243b55: receive RaftClientReply:client-E55B1084323C->e4dcb69b-3ac0-48cc-9c49-985031243b55@group-2E18DAF43D50, cid=12, SUCCESS, logIndex=11, commits[e4dcb69b-3ac0-48cc-9c49-985031243b55:c13, c928bbcd-fd4d-42e0-82fd-2c834b19fd85:c9, 03c01628-5ddd-4710-9193-9eb657bdd5be:c8]
2019-07-08 14:40:53,720 INFO  client.GrpcClientProtocolClient (GrpcClientProtocolClient.java:onNext(255)) - client-E55B1084323C->e4dcb69b-3ac0-48cc-9c49-985031243b55: receive RaftClientReply:client-E55B1084323C->e4dcb69b-3ac0-48cc-9c49-985031243b55@group-2E18DAF43D50, cid=13, SUCCESS, logIndex=12, commits[e4dcb69b-3ac0-48cc-9c49-985031243b55:c14, c928bbcd-fd4d-42e0-82fd-2c834b19fd85:c10, 03c01628-5ddd-4710-9193-9eb657bdd5be:c8]
2019-07-08 14:40:53,745 INFO  client.GrpcClientProtocolClient (GrpcClientProtocolClient.java:onNext(255)) - client-E55B1084323C->e4dcb69b-3ac0-48cc-9c49-985031243b55: receive RaftClientReply:client-E55B1084323C->e4dcb69b-3ac0-48cc-9c49-985031243b55@group-2E18DAF43D50, cid=14, SUCCESS, logIndex=0, commits[e4dcb69b-3ac0-48cc-9c49-985031243b55:c16, c928bbcd-fd4d-42e0-82fd-2c834b19fd85:c13, 03c01628-5ddd-4710-9193-9eb657bdd5be:c13]
2019-07-08 14:40:53,751 INFO  client.GrpcClientProtocolClient (GrpcClientProtocolClient.java:onNext(255)) - client-E55B1084323C->e4dcb69b-3ac0-48cc-9c49-985031243b55: receive RaftClientReply:client-E55B1084323C->e4dcb69b-3ac0-48cc-9c49-985031243b55@group-2E18DAF43D50, cid=15, SUCCESS, logIndex=0, commits[e4dcb69b-3ac0-48cc-9c49-985031243b55:c16, c928bbcd-fd4d-42e0-82fd-2c834b19fd85:c13, 03c01628-5ddd-4710-9193-9eb657bdd5be:c13]
 0.00% |█                                                                                                    |  0/1 Time: 0:00:022019-07-08 14:40:53,850 INFO  client.GrpcClientProtocolClient (GrpcClientProtocolClient.java:onNext(255)) - client-E55B1084323C->e4dcb69b-3ac0-48cc-9c49-985031243b55: receive RaftClientReply:client-E55B1084323C->e4dcb69b-3ac0-48cc-9c49-985031243b55@group-2E18DAF43D50, cid=16, SUCCESS, logIndex=17, commits[e4dcb69b-3ac0-48cc-9c49-985031243b55:c20, c928bbcd-fd4d-42e0-82fd-2c834b19fd85:c16, 03c01628-5ddd-4710-9193-9eb657bdd5be:c13]
2019-07-08 14:40:53,872 INFO  client.GrpcClientProtocolClient (GrpcClientProtocolClient.java:onNext(255)) - client-E55B1084323C->e4dcb69b-3ac0-48cc-9c49-985031243b55: receive RaftClientReply:client-E55B1084323C->e4dcb69b-3ac0-48cc-9c49-985031243b55@group-2E18DAF43D50, cid=17, SUCCESS, logIndex=18, commits[e4dcb69b-3ac0-48cc-9c49-985031243b55:c24, c928bbcd-fd4d-42e0-82fd-2c834b19fd85:c20, 03c01628-5ddd-4710-9193-9eb657bdd5be:c20]
2019-07-08 14:40:53,873 INFO  client.GrpcClientProtocolClient (GrpcClientProtocolClient.java:onNext(255)) - client-E55B1084323C->e4dcb69b-3ac0-48cc-9c49-985031243b55: receive RaftClientReply:client-E55B1084323C->e4dcb69b-3ac0-48cc-9c49-985031243b55@group-2E18DAF43D50, cid=18, SUCCESS, logIndex=19, commits[e4dcb69b-3ac0-48cc-9c49-985031243b55:c24, c928bbcd-fd4d-42e0-82fd-2c834b19fd85:c20, 03c01628-5ddd-4710-9193-9eb657bdd5be:c20]
2019-07-08 14:40:53,913 INFO  client.GrpcClientProtocolClient (GrpcClientProtocolClient.java:onNext(255)) - client-E55B1084323C->e4dcb69b-3ac0-48cc-9c49-985031243b55: receive RaftClientReply:client-E55B1084323C->e4dcb69b-3ac0-48cc-9c49-985031243b55@group-2E18DAF43D50, cid=19, SUCCESS, logIndex=20, commits[e4dcb69b-3ac0-48cc-9c49-985031243b55:c24, c928bbcd-fd4d-42e0-82fd-2c834b19fd85:c20, 03c01628-5ddd-4710-9193-9eb657bdd5be:c20]
2019-07-08 14:40:53,950 INFO  client.GrpcClientProtocolClient (GrpcClientProtocolClient.java:onNext(255)) - client-E55B1084323C->e4dcb69b-3ac0-48cc-9c49-985031243b55: receive RaftClientReply:client-E55B1084323C->e4dcb69b-3ac0-48cc-9c49-985031243b55@group-2E18DAF43D50, cid=20, SUCCESS, logIndex=25, commits[e4dcb69b-3ac0-48cc-9c49-985031243b55:c26, c928bbcd-fd4d-42e0-82fd-2c834b19fd85:c24, 03c01628-5ddd-4710-9193-9eb657bdd5be:c24]
2019-07-08 14:40:53,952 INFO  client.GrpcClientProtocolClient (GrpcClientProtocolClient.java:onNext(255)) - client-E55B1084323C->e4dcb69b-3ac0-48cc-9c49-985031243b55: receive RaftClientReply:client-E55B1084323C->e4dcb69b-3ac0-48cc-9c49-985031243b55@group-2E18DAF43D50, cid=21, SUCCESS, logIndex=26, commits[e4dcb69b-3ac0-48cc-9c49-985031243b55:c26, c928bbcd-fd4d-42e0-82fd-2c834b19fd85:c24, 03c01628-5ddd-4710-9193-9eb657bdd5be:c24]
2019-07-08 14:40:53,961 INFO  client.GrpcClientProtocolClient (GrpcClientProtocolClient.java:onNext(255)) - client-E55B1084323C->e4dcb69b-3ac0-48cc-9c49-985031243b55: receive RaftClientReply:client-E55B1084323C->e4dcb69b-3ac0-48cc-9c49-985031243b55@group-2E18DAF43D50, cid=22, SUCCESS, logIndex=27, commits[e4dcb69b-3ac0-48cc-9c49-985031243b55:c28, c928bbcd-fd4d-42e0-82fd-2c834b19fd85:c26, 03c01628-5ddd-4710-9193-9eb657bdd5be:c24]
2019-07-08 14:40:53,962 INFO  client.GrpcClientProtocolClient (GrpcClientProtocolClient.java:onNext(255)) - client-E55B1084323C->e4dcb69b-3ac0-48cc-9c49-985031243b55: receive RaftClientReply:client-E55B1084323C->e4dcb69b-3ac0-48cc-9c49-985031243b55@group-2E18DAF43D50, cid=23, SUCCESS, logIndex=28, commits[e4dcb69b-3ac0-48cc-9c49-985031243b55:c30, c928bbcd-fd4d-42e0-82fd-2c834b19fd85:c26, 03c01628-5ddd-4710-9193-9eb657bdd5be:c24]
2019-07-08 14:40:53,967 INFO  client.GrpcClientProtocolClient (GrpcClientProtocolClient.java:onNext(255)) - client-E55B1084323C->e4dcb69b-3ac0-48cc-9c49-985031243b55: receive RaftClientReply:client-E55B1084323C->e4dcb69b-3ac0-48cc-9c49-985031243b55@group-2E18DAF43D50, cid=24, SUCCESS, logIndex=0, commits[e4dcb69b-3ac0-48cc-9c49-985031243b55:c32, c928bbcd-fd4d-42e0-82fd-2c834b19fd85:c28, 03c01628-5ddd-4710-9193-9eb657bdd5be:c30]
2019-07-08 14:40:53,970 INFO  client.GrpcClientProtocolClient (GrpcClientProtocolClient.java:onNext(255)) - client-E55B1084323C->e4dcb69b-3ac0-48cc-9c49-985031243b55: receive RaftClientReply:client-E55B1084323C->e4dcb69b-3ac0-48cc-9c49-985031243b55@group-2E18DAF43D50, cid=25, SUCCESS, logIndex=0, commits[e4dcb69b-3ac0-48cc-9c49-985031243b55:c32, c928bbcd-fd4d-42e0-82fd-2c834b19fd85:c28, 03c01628-5ddd-4710-9193-9eb657bdd5be:c30]
2019-07-08 14:40:54,047 INFO  client.GrpcClientProtocolClient (GrpcClientProtocolClient.java:onNext(255)) - client-E55B1084323C->e4dcb69b-3ac0-48cc-9c49-985031243b55: receive RaftClientReply:client-E55B1084323C->e4dcb69b-3ac0-48cc-9c49-985031243b55@group-2E18DAF43D50, cid=26, SUCCESS, logIndex=33, commits[e4dcb69b-3ac0-48cc-9c49-985031243b55:c36, c928bbcd-fd4d-42e0-82fd-2c834b19fd85:c32, 03c01628-5ddd-4710-9193-9eb657bdd5be:c32]
2019-07-08 14:40:54,094 INFO  client.GrpcClientProtocolClient (GrpcClientProtocolClient.java:onNext(255)) - client-E55B1084323C->e4dcb69b-3ac0-48cc-9c49-985031243b55: receive RaftClientReply:client-E55B1084323C->e4dcb69b-3ac0-48cc-9c49-985031243b55@group-2E18DAF43D50, cid=27, SUCCESS, logIndex=34, commits[e4dcb69b-3ac0-48cc-9c49-985031243b55:c39, c928bbcd-fd4d-42e0-82fd-2c834b19fd85:c36, 03c01628-5ddd-4710-9193-9eb657bdd5be:c36]
2019-07-08 14:40:54,095 INFO  client.GrpcClientProtocolClient (GrpcClientProtocolClient.java:onNext(255)) - client-E55B1084323C->e4dcb69b-3ac0-48cc-9c49-985031243b55: receive RaftClientReply:client-E55B1084323C->e4dcb69b-3ac0-48cc-9c49-985031243b55@group-2E18DAF43D50, cid=28, SUCCESS, logIndex=35, commits[e4dcb69b-3ac0-48cc-9c49-985031243b55:c39, c928bbcd-fd4d-42e0-82fd-2c834b19fd85:c36, 03c01628-5ddd-4710-9193-9eb657bdd5be:c36]
2019-07-08 14:40:54,157 INFO  client.GrpcClientProtocolClient (GrpcClientProtocolClient.java:onNext(255)) - client-E55B1084323C->e4dcb69b-3ac0-48cc-9c49-985031243b55: receive RaftClientReply:client-E55B1084323C->e4dcb69b-3ac0-48cc-9c49-985031243b55@group-2E18DAF43D50, cid=29, SUCCESS, logIndex=36, commits[e4dcb69b-3ac0-48cc-9c49-985031243b55:c39, c928bbcd-fd4d-42e0-82fd-2c834b19fd85:c36, 03c01628-5ddd-4710-9193-9eb657bdd5be:c36]
2019-07-08 14:40:54,191 INFO  client.GrpcClientProtocolClient (GrpcClientProtocolClient.java:onNext(255)) - client-E55B1084323C->e4dcb69b-3ac0-48cc-9c49-985031243b55: receive RaftClientReply:client-E55B1084323C->e4dcb69b-3ac0-48cc-9c49-985031243b55@group-2E18DAF43D50, cid=30, SUCCESS, logIndex=40, commits[e4dcb69b-3ac0-48cc-9c49-985031243b55:c41, c928bbcd-fd4d-42e0-82fd-2c834b19fd85:c39, 03c01628-5ddd-4710-9193-9eb657bdd5be:c39]
2019-07-08 14:40:54,193 INFO  client.GrpcClientProtocolClient (GrpcClientProtocolClient.java:onNext(255)) - client-E55B1084323C->e4dcb69b-3ac0-48cc-9c49-985031243b55: receive RaftClientReply:client-E55B1084323C->e4dcb69b-3ac0-48cc-9c49-985031243b55@group-2E18DAF43D50, cid=31, SUCCESS, logIndex=41, commits[e4dcb69b-3ac0-48cc-9c49-985031243b55:c41, c928bbcd-fd4d-42e0-82fd-2c834b19fd85:c39, 03c01628-5ddd-4710-9193-9eb657bdd5be:c39]
2019-07-08 14:40:54,196 INFO  client.GrpcClientProtocolClient (GrpcClientProtocolClient.java:onNext(255)) - client-E55B1084323C->e4dcb69b-3ac0-48cc-9c49-985031243b55: receive RaftClientReply:client-E55B1084323C->e4dcb69b-3ac0-48cc-9c49-985031243b55@group-2E18DAF43D50, cid=32, SUCCESS, logIndex=42, commits[e4dcb69b-3ac0-48cc-9c49-985031243b55:c44, c928bbcd-fd4d-42e0-82fd-2c834b19fd85:c39, 03c01628-5ddd-4710-9193-9eb657bdd5be:c40]
2019-07-08 14:40:54,197 INFO  client.GrpcClientProtocolClient (GrpcClientProtocolClient.java:onNext(255)) - client-E55B1084323C->e4dcb69b-3ac0-48cc-9c49-985031243b55: receive RaftClientReply:client-E55B1084323C->e4dcb69b-3ac0-48cc-9c49-985031243b55@group-2E18DAF43D50, cid=33, SUCCESS, logIndex=43, commits[e4dcb69b-3ac0-48cc-9c49-985031243b55:c45, c928bbcd-fd4d-42e0-82fd-2c834b19fd85:c39, 03c01628-5ddd-4710-9193-9eb657bdd5be:c41]
2019-07-08 14:40:54,201 INFO  client.GrpcClientProtocolClient (GrpcClientProtocolClient.java:onNext(255)) - client-E55B1084323C->e4dcb69b-3ac0-48cc-9c49-985031243b55: receive RaftClientReply:client-E55B1084323C->e4dcb69b-3ac0-48cc-9c49-985031243b55@group-2E18DAF43D50, cid=34, SUCCESS, logIndex=0, commits[e4dcb69b-3ac0-48cc-9c49-985031243b55:c46, c928bbcd-fd4d-42e0-82fd-2c834b19fd85:c43, 03c01628-5ddd-4710-9193-9eb657bdd5be:c43]
2019-07-08 14:40:54,204 INFO  client.GrpcClientProtocolClient (GrpcClientProtocolClient.java:onNext(255)) - client-E55B1084323C->e4dcb69b-3ac0-48cc-9c49-985031243b55: receive RaftClientReply:client-E55B1084323C->e4dcb69b-3ac0-48cc-9c49-985031243b55@group-2E18DAF43D50, cid=35, SUCCESS, logIndex=0, commits[e4dcb69b-3ac0-48cc-9c49-985031243b55:c47, c928bbcd-fd4d-42e0-82fd-2c834b19fd85:c44, 03c01628-5ddd-4710-9193-9eb657bdd5be:c44]
2019-07-08 14:40:54,289 INFO  client.GrpcClientProtocolClient (GrpcClientProtocolClient.java:onNext(255)) - client-E55B1084323C->e4dcb69b-3ac0-48cc-9c49-985031243b55: receive RaftClientReply:client-E55B1084323C->e4dcb69b-3ac0-48cc-9c49-985031243b55@group-2E18DAF43D50, cid=36, SUCCESS, logIndex=48, commits[e4dcb69b-3ac0-48cc-9c49-985031243b55:c50, c928bbcd-fd4d-42e0-82fd-2c834b19fd85:c47, 03c01628-5ddd-4710-9193-9eb657bdd5be:c47]
2019-07-08 14:40:54,291 INFO  client.GrpcClientProtocolClient (GrpcClientProtocolClient.java:onNext(255)) - client-E55B1084323C->e4dcb69b-3ac0-48cc-9c49-985031243b55: receive RaftClientReply:client-E55B1084323C->e4dcb69b-3ac0-48cc-9c49-985031243b55@group-2E18DAF43D50, cid=37, SUCCESS, logIndex=49, commits[e4dcb69b-3ac0-48cc-9c49-985031243b55:c51, c928bbcd-fd4d-42e0-82fd-2c834b19fd85:c47, 03c01628-5ddd-4710-9193-9eb657bdd5be:c47]
2019-07-08 14:40:54,292 INFO  client.GrpcClientProtocolClient (GrpcClientProtocolClient.java:onNext(255)) - client-E55B1084323C->e4dcb69b-3ac0-48cc-9c49-985031243b55: receive RaftClientReply:client-E55B1084323C->e4dcb69b-3ac0-48cc-9c49-985031243b55@group-2E18DAF43D50, cid=38, SUCCESS, logIndex=50, commits[e4dcb69b-3ac0-48cc-9c49-985031243b55:c51, c928bbcd-fd4d-42e0-82fd-2c834b19fd85:c47, 03c01628-5ddd-4710-9193-9eb657bdd5be:c47]
2019-07-08 14:40:54,293 INFO  client.GrpcClientProtocolClient (GrpcClientProtocolClient.java:onNext(255)) - client-E55B1084323C->e4dcb69b-3ac0-48cc-9c49-985031243b55: receive RaftClientReply:client-E55B1084323C->e4dcb69b-3ac0-48cc-9c49-985031243b55@group-2E18DAF43D50, cid=39, SUCCESS, logIndex=51, commits[e4dcb69b-3ac0-48cc-9c49-985031243b55:c51, c928bbcd-fd4d-42e0-82fd-2c834b19fd85:c47, 03c01628-5ddd-4710-9193-9eb657bdd5be:c47]
2019-07-08 14:40:54,297 INFO  client.GrpcClientProtocolClient (GrpcClientProtocolClient.java:onNext(255)) - client-E55B1084323C->e4dcb69b-3ac0-48cc-9c49-985031243b55: receive RaftClientReply:client-E55B1084323C->e4dcb69b-3ac0-48cc-9c49-985031243b55@group-2E18DAF43D50, cid=40, SUCCESS, logIndex=0, commits[e4dcb69b-3ac0-48cc-9c49-985031243b55:c53, c928bbcd-fd4d-42e0-82fd-2c834b19fd85:c49, 03c01628-5ddd-4710-9193-9eb657bdd5be:c50]
2019-07-08 14:40:54,322 INFO  client.GrpcClientProtocolClient (GrpcClientProtocolClient.java:onNext(255)) - client-E55B1084323C->e4dcb69b-3ac0-48cc-9c49-985031243b55: receive RaftClientReply:client-E55B1084323C->e4dcb69b-3ac0-48cc-9c49-985031243b55@group-2E18DAF43D50, cid=41, SUCCESS, logIndex=56, commits[e4dcb69b-3ac0-48cc-9c49-985031243b55:c57, c928bbcd-fd4d-42e0-82fd-2c834b19fd85:c55, 03c01628-5ddd-4710-9193-9eb657bdd5be:c55]
2019-07-08 14:40:54,323 INFO  client.GrpcClientProtocolClient (GrpcClientProtocolClient.java:onNext(255)) - client-E55B1084323C->e4dcb69b-3ac0-48cc-9c49-985031243b55: receive RaftClientReply:client-E55B1084323C->e4dcb69b-3ac0-48cc-9c49-985031243b55@group-2E18DAF43D50, cid=42, SUCCESS, logIndex=57, commits[e4dcb69b-3ac0-48cc-9c49-985031243b55:c57, c928bbcd-fd4d-42e0-82fd-2c834b19fd85:c55, 03c01628-5ddd-4710-9193-9eb657bdd5be:c55]
2019-07-08 14:40:54,348 INFO  client.GrpcClientProtocolClient (GrpcClientProtocolClient.java:onNext(255)) - client-E55B1084323C->e4dcb69b-3ac0-48cc-9c49-985031243b55: receive RaftClientReply:client-E55B1084323C->e4dcb69b-3ac0-48cc-9c49-985031243b55@group-2E18DAF43D50, cid=43, SUCCESS, logIndex=60, commits[e4dcb69b-3ac0-48cc-9c49-985031243b55:c61, c928bbcd-fd4d-42e0-82fd-2c834b19fd85:c59, 03c01628-5ddd-4710-9193-9eb657bdd5be:c59]
2019-07-08 14:40:54,349 INFO  client.GrpcClientProtocolClient (GrpcClientProtocolClient.java:onNext(255)) - client-E55B1084323C->e4dcb69b-3ac0-48cc-9c49-985031243b55: receive RaftClientReply:client-E55B1084323C->e4dcb69b-3ac0-48cc-9c49-985031243b55@group-2E18DAF43D50, cid=44, SUCCESS, logIndex=61, commits[e4dcb69b-3ac0-48cc-9c49-985031243b55:c61, c928bbcd-fd4d-42e0-82fd-2c834b19fd85:c59, 03c01628-5ddd-4710-9193-9eb657bdd5be:c59]
2019-07-08 14:40:54,355 INFO  client.GrpcClientProtocolClient (GrpcClientProtocolClient.java:onNext(255)) - client-E55B1084323C->e4dcb69b-3ac0-48cc-9c49-985031243b55: receive RaftClientReply:client-E55B1084323C->e4dcb69b-3ac0-48cc-9c49-985031243b55@group-2E18DAF43D50, cid=45, SUCCESS, logIndex=0, commits[e4dcb69b-3ac0-48cc-9c49-985031243b55:c63, c928bbcd-fd4d-42e0-82fd-2c834b19fd85:c61, 03c01628-5ddd-4710-9193-9eb657bdd5be:c61]
2019-07-08 14:40:54,379 INFO  client.GrpcClientProtocolClient (GrpcClientProtocolClient.java:onNext(255)) - client-E55B1084323C->e4dcb69b-3ac0-48cc-9c49-985031243b55: receive RaftClientReply:client-E55B1084323C->e4dcb69b-3ac0-48cc-9c49-985031243b55@group-2E18DAF43D50, cid=46, SUCCESS, logIndex=64, commits[e4dcb69b-3ac0-48cc-9c49-985031243b55:c65, c928bbcd-fd4d-42e0-82fd-2c834b19fd85:c63, 03c01628-5ddd-4710-9193-9eb657bdd5be:c63]
2019-07-08 14:40:54,380 INFO  client.GrpcClientProtocolClient (GrpcClientProtocolClient.java:onNext(255)) - client-E55B1084323C->e4dcb69b-3ac0-48cc-9c49-985031243b55: receive RaftClientReply:client-E55B1084323C->e4dcb69b-3ac0-48cc-9c49-985031243b55@group-2E18DAF43D50, cid=47, SUCCESS, logIndex=65, commits[e4dcb69b-3ac0-48cc-9c49-985031243b55:c65, c928bbcd-fd4d-42e0-82fd-2c834b19fd85:c63, 03c01628-5ddd-4710-9193-9eb657bdd5be:c63]
2019-07-08 14:40:54,388 INFO  client.GrpcClientProtocolClient (GrpcClientProtocolClient.java:onNext(255)) - client-E55B1084323C->e4dcb69b-3ac0-48cc-9c49-985031243b55: receive RaftClientReply:client-E55B1084323C->e4dcb69b-3ac0-48cc-9c49-985031243b55@group-2E18DAF43D50, cid=48, SUCCESS, logIndex=66, commits[e4dcb69b-3ac0-48cc-9c49-985031243b55:c68, c928bbcd-fd4d-42e0-82fd-2c834b19fd85:c64, 03c01628-5ddd-4710-9193-9eb657bdd5be:c65]
2019-07-08 14:40:54,389 INFO  client.GrpcClientProtocolClient (GrpcClientProtocolClient.java:onNext(255)) - client-E55B1084323C->e4dcb69b-3ac0-48cc-9c49-985031243b55: receive RaftClientReply:client-E55B1084323C->e4dcb69b-3ac0-48cc-9c49-985031243b55@group-2E18DAF43D50, cid=49, SUCCESS, logIndex=67, commits[e4dcb69b-3ac0-48cc-9c49-985031243b55:c69, c928bbcd-fd4d-42e0-82fd-2c834b19fd85:c65, 03c01628-5ddd-4710-9193-9eb657bdd5be:c65]
2019-07-08 14:40:54,409 INFO  client.GrpcClientProtocolClient (GrpcClientProtocolClient.java:onNext(255)) - client-E55B1084323C->e4dcb69b-3ac0-48cc-9c49-985031243b55: receive RaftClientReply:client-E55B1084323C->e4dcb69b-3ac0-48cc-9c49-985031243b55@group-2E18DAF43D50, cid=50, SUCCESS, logIndex=71, commits[e4dcb69b-3ac0-48cc-9c49-985031243b55:c72, c928bbcd-fd4d-42e0-82fd-2c834b19fd85:c69, 03c01628-5ddd-4710-9193-9eb657bdd5be:c68]
2019-07-08 14:40:54,410 INFO  client.GrpcClientProtocolClient (GrpcClientProtocolClient.java:onNext(255)) - client-E55B1084323C->e4dcb69b-3ac0-48cc-9c49-985031243b55: receive RaftClientReply:client-E55B1084323C->e4dcb69b-3ac0-48cc-9c49-985031243b55@group-2E18DAF43D50, cid=51, SUCCESS, logIndex=72, commits[e4dcb69b-3ac0-48cc-9c49-985031243b55:c72, c928bbcd-fd4d-42e0-82fd-2c834b19fd85:c69, 03c01628-5ddd-4710-9193-9eb657bdd5be:c69]
2019-07-08 14:40:54,429 INFO  client.GrpcClientProtocolClient (GrpcClientProtocolClient.java:onNext(255)) - client-E55B1084323C->e4dcb69b-3ac0-48cc-9c49-985031243b55: receive RaftClientReply:client-E55B1084323C->e4dcb69b-3ac0-48cc-9c49-985031243b55@group-2E18DAF43D50, cid=52, SUCCESS, logIndex=75, commits[e4dcb69b-3ac0-48cc-9c49-985031243b55:c76, c928bbcd-fd4d-42e0-82fd-2c834b19fd85:c74, 03c01628-5ddd-4710-9193-9eb657bdd5be:c72]
2019-07-08 14:40:54,430 INFO  client.GrpcClientProtocolClient (GrpcClientProtocolClient.java:onNext(255)) - client-E55B1084323C->e4dcb69b-3ac0-48cc-9c49-985031243b55: receive RaftClientReply:client-E55B1084323C->e4dcb69b-3ac0-48cc-9c49-985031243b55@group-2E18DAF43D50, cid=53, SUCCESS, logIndex=76, commits[e4dcb69b-3ac0-48cc-9c49-985031243b55:c76, c928bbcd-fd4d-42e0-82fd-2c834b19fd85:c74, 03c01628-5ddd-4710-9193-9eb657bdd5be:c74]
2019-07-08 14:40:54,433 INFO  client.GrpcClientProtocolClient (GrpcClientProtocolClient.java:onNext(255)) - client-E55B1084323C->e4dcb69b-3ac0-48cc-9c49-985031243b55: receive RaftClientReply:client-E55B1084323C->e4dcb69b-3ac0-48cc-9c49-985031243b55@group-2E18DAF43D50, cid=54, SUCCESS, logIndex=0, commits[e4dcb69b-3ac0-48cc-9c49-985031243b55:c77, c928bbcd-fd4d-42e0-82fd-2c834b19fd85:c76, 03c01628-5ddd-4710-9193-9eb657bdd5be:c76]
 100.00% |█████████████████████████████████████████████████████████████████████████████████████████████████████|  1/1 Time: 0:00:03
2019-07-08 14:40:59,974 INFO  pipeline.SCMPipelineManager (SCMPipelineManager.java:finalizeAndDestroyPipeline(307)) - destroying pipeline:Pipeline[ Id: 2851c0c6-b370-43aa-b0c3-2e18daf43d50, Nodes: e4dcb69b-3ac0-48cc-9c49-985031243b55{ip: 192.168.5.186, host: hdds1735-p42dk-4210643158, networkLocation: /default-rack, certSerialId: null}03c01628-5ddd-4710-9193-9eb657bdd5be{ip: 192.168.5.186, host: hdds1735-p42dk-4210643158, networkLocation: /default-rack, certSerialId: null}c928bbcd-fd4d-42e0-82fd-2c834b19fd85{ip: 192.168.5.186, host: hdds1735-p42dk-4210643158, networkLocation: /default-rack, certSerialId: null}, Type:RATIS, Factor:THREE, State:OPEN]
2019-07-08 14:40:59,976 INFO  pipeline.PipelineStateManager (PipelineStateManager.java:finalizePipeline(123)) - Pipeline Pipeline[ Id: 2851c0c6-b370-43aa-b0c3-2e18daf43d50, Nodes: e4dcb69b-3ac0-48cc-9c49-985031243b55{ip: 192.168.5.186, host: hdds1735-p42dk-4210643158, networkLocation: /default-rack, certSerialId: null}03c01628-5ddd-4710-9193-9eb657bdd5be{ip: 192.168.5.186, host: hdds1735-p42dk-4210643158, networkLocation: /default-rack, certSerialId: null}c928bbcd-fd4d-42e0-82fd-2c834b19fd85{ip: 192.168.5.186, host: hdds1735-p42dk-4210643158, networkLocation: /default-rack, certSerialId: null}, Type:RATIS, Factor:THREE, State:CLOSED] moved to CLOSED state
2019-07-08 14:40:59,977 INFO  container.CloseContainerEventHandler (CloseContainerEventHandler.java:onMessage(61)) - Close container Event triggered for container : #1
2019-07-08 14:40:59,984 INFO  container.CloseContainerEventHandler (CloseContainerEventHandler.java:onMessage(61)) - Close container Event triggered for container : #2
2019-07-08 14:40:59,985 INFO  container.CloseContainerEventHandler (CloseContainerEventHandler.java:onMessage(61)) - Close container Event triggered for container : #3
2019-07-08 14:40:59,996 INFO  impl.RaftServerProxy (RaftServerProxy.java:remove(95)) - e4dcb69b-3ac0-48cc-9c49-985031243b55: remove   LEADER group-2E18DAF43D50 e4dcb69b-3ac0-48cc-9c49-985031243b55:t1, leader=e4dcb69b-3ac0-48cc-9c49-985031243b55, voted=e4dcb69b-3ac0-48cc-9c49-985031243b55, raftlog=e4dcb69b-3ac0-48cc-9c49-985031243b55-SegmentedRaftLog:OPENED:c78,f78,i78, conf=0: [e4dcb69b-3ac0-48cc-9c49-985031243b55:192.168.5.186:36445, c928bbcd-fd4d-42e0-82fd-2c834b19fd85:192.168.5.186:44136, 03c01628-5ddd-4710-9193-9eb657bdd5be:192.168.5.186:44797], old=null RUNNING
2019-07-08 14:41:00,002 INFO  impl.RaftServerImpl (RaftServerImpl.java:lambda$shutdown$3(245)) - e4dcb69b-3ac0-48cc-9c49-985031243b55: shutdown group-2E18DAF43D50
2019-07-08 14:41:00,003 INFO  util.JmxRegister (JmxRegister.java:unregister(73)) - Successfully un-registered JMX Bean with object name Ratis:service=RaftServer,group=group-2E18DAF43D50,id=e4dcb69b-3ac0-48cc-9c49-985031243b55
2019-07-08 14:41:00,003 INFO  impl.RoleInfo (RoleInfo.java:shutdownLeaderState(104)) - e4dcb69b-3ac0-48cc-9c49-985031243b55: shutdown LeaderState
2019-07-08 14:41:00,006 WARN  server.GrpcLogAppender (GrpcLogAppender.java:mayWait(143)) - GrpcLogAppender(e4dcb69b-3ac0-48cc-9c49-985031243b55->c928bbcd-fd4d-42e0-82fd-2c834b19fd85): Wait interrupted by java.lang.InterruptedException
2019-07-08 14:41:00,006 WARN  server.GrpcLogAppender (GrpcLogAppender.java:mayWait(143)) - GrpcLogAppender(e4dcb69b-3ac0-48cc-9c49-985031243b55->03c01628-5ddd-4710-9193-9eb657bdd5be): Wait interrupted by java.lang.InterruptedException
2019-07-08 14:41:00,006 INFO  impl.PendingRequests (PendingRequests.java:sendNotLeaderResponses(202)) - e4dcb69b-3ac0-48cc-9c49-985031243b55-PendingRequests: sendNotLeaderResponses
2019-07-08 14:41:00,013 INFO  server.GrpcServerProtocolService (GrpcServerProtocolService.java:onCompleted(104)) - c928bbcd-fd4d-42e0-82fd-2c834b19fd85: appendEntries completed
2019-07-08 14:41:00,013 INFO  server.GrpcServerProtocolService (GrpcServerProtocolService.java:onCompleted(104)) - 03c01628-5ddd-4710-9193-9eb657bdd5be: appendEntries completed
2019-07-08 14:41:00,019 INFO  server.GrpcLogAppender (GrpcLogAppender.java:onCompleted(292)) - e4dcb69b-3ac0-48cc-9c49-985031243b55->c928bbcd-fd4d-42e0-82fd-2c834b19fd85: follower responses appendEntries COMPLETED
2019-07-08 14:41:00,019 INFO  server.GrpcLogAppender (GrpcLogAppender.java:onCompleted(292)) - e4dcb69b-3ac0-48cc-9c49-985031243b55->03c01628-5ddd-4710-9193-9eb657bdd5be: follower responses appendEntries COMPLETED
2019-07-08 14:41:00,025 INFO  impl.FollowerInfo (FollowerInfo.java:lambda$new$0(50)) - e4dcb69b-3ac0-48cc-9c49-985031243b55->03c01628-5ddd-4710-9193-9eb657bdd5be: nextIndex: updateUnconditionally 79 -> 78
2019-07-08 14:41:00,025 INFO  impl.FollowerInfo (FollowerInfo.java:lambda$new$0(50)) - e4dcb69b-3ac0-48cc-9c49-985031243b55->c928bbcd-fd4d-42e0-82fd-2c834b19fd85: nextIndex: updateUnconditionally 79 -> 78
2019-07-08 14:41:00,029 INFO  impl.StateMachineUpdater (StateMachineUpdater.java:stopAndJoin(115)) - StateMachineUpdater:e4dcb69b-3ac0-48cc-9c49-985031243b55:group-2E18DAF43D50: set stopIndex = 78
2019-07-08 14:41:00,029 INFO  ratis.ContainerStateMachine (ContainerStateMachine.java:takeSnapshot(244)) - Taking snapshot at termIndex:(t:1, i:76)
2019-07-08 14:41:00,031 INFO  ratis.ContainerStateMachine (ContainerStateMachine.java:takeSnapshot(248)) - Taking a snapshot to file /tmp/workdir/hadoop-ozone/tools/target/test-dir/MiniOzoneClusterImpl-11a7c84e-c822-4a04-8546-d1cd68ffd253/datanode-0/data/ratis/2851c0c6-b370-43aa-b0c3-2e18daf43d50/sm/snapshot.1_76
2019-07-08 14:41:00,043 INFO  impl.StateMachineUpdater (StateMachineUpdater.java:takeSnapshot(242)) - StateMachineUpdater:e4dcb69b-3ac0-48cc-9c49-985031243b55:group-2E18DAF43D50: Took a snapshot at index 76
2019-07-08 14:41:00,045 INFO  impl.StateMachineUpdater (StateMachineUpdater.java:lambda$new$0(80)) - StateMachineUpdater:e4dcb69b-3ac0-48cc-9c49-985031243b55:group-2E18DAF43D50: snapshotIndex: updateIncreasingly -1 -> 76
2019-07-08 14:41:00,050 INFO  impl.RaftServerImpl (ServerState.java:close(394)) - e4dcb69b-3ac0-48cc-9c49-985031243b55:group-2E18DAF43D50 closes. The last applied log index is 78
2019-07-08 14:41:00,052 INFO  segmented.SegmentedRaftLogWorker (SegmentedRaftLogWorker.java:run(313)) - e4dcb69b-3ac0-48cc-9c49-985031243b55-SegmentedRaftLogWorker:Storage Directory /tmp/workdir/hadoop-ozone/tools/target/test-dir/MiniOzoneClusterImpl-11a7c84e-c822-4a04-8546-d1cd68ffd253/datanode-0/data/ratis/2851c0c6-b370-43aa-b0c3-2e18daf43d50 was interrupted, exiting. There are 0 tasks remaining in the queue.
2019-07-08 14:41:00,054 INFO  segmented.SegmentedRaftLogWorker (SegmentedRaftLogWorker.java:close(228)) - e4dcb69b-3ac0-48cc-9c49-985031243b55-SegmentedRaftLogWorker:Storage Directory /tmp/workdir/hadoop-ozone/tools/target/test-dir/MiniOzoneClusterImpl-11a7c84e-c822-4a04-8546-d1cd68ffd253/datanode-0/data/ratis/2851c0c6-b370-43aa-b0c3-2e18daf43d50 close()
2019-07-08 14:41:00,087 INFO  impl.RaftServerProxy (RaftServerProxy.java:remove(95)) - 03c01628-5ddd-4710-9193-9eb657bdd5be: remove FOLLOWER group-2E18DAF43D50 03c01628-5ddd-4710-9193-9eb657bdd5be:t1, leader=e4dcb69b-3ac0-48cc-9c49-985031243b55, voted=e4dcb69b-3ac0-48cc-9c49-985031243b55, raftlog=03c01628-5ddd-4710-9193-9eb657bdd5be-SegmentedRaftLog:OPENED:c78,f78,i78, conf=0: [e4dcb69b-3ac0-48cc-9c49-985031243b55:192.168.5.186:36445, c928bbcd-fd4d-42e0-82fd-2c834b19fd85:192.168.5.186:44136, 03c01628-5ddd-4710-9193-9eb657bdd5be:192.168.5.186:44797], old=null RUNNING
2019-07-08 14:41:00,088 INFO  impl.RaftServerImpl (RaftServerImpl.java:lambda$shutdown$3(245)) - 03c01628-5ddd-4710-9193-9eb657bdd5be: shutdown group-2E18DAF43D50
2019-07-08 14:41:00,088 INFO  util.JmxRegister (JmxRegister.java:unregister(73)) - Successfully un-registered JMX Bean with object name Ratis:service=RaftServer,group=group-2E18DAF43D50,id=03c01628-5ddd-4710-9193-9eb657bdd5be
2019-07-08 14:41:00,088 INFO  impl.RoleInfo (RoleInfo.java:shutdownFollowerState(121)) - 03c01628-5ddd-4710-9193-9eb657bdd5be: shutdown FollowerState
2019-07-08 14:41:00,088 INFO  impl.StateMachineUpdater (StateMachineUpdater.java:stopAndJoin(115)) - StateMachineUpdater:03c01628-5ddd-4710-9193-9eb657bdd5be:group-2E18DAF43D50: set stopIndex = 78
2019-07-08 14:41:00,088 INFO  impl.FollowerState (FollowerState.java:run(114)) - 03c01628-5ddd-4710-9193-9eb657bdd5be: FollowerState was interrupted: java.lang.InterruptedException: sleep interrupted
2019-07-08 14:41:00,090 INFO  ratis.ContainerStateMachine (ContainerStateMachine.java:takeSnapshot(244)) - Taking snapshot at termIndex:(t:1, i:76)
2019-07-08 14:41:00,092 INFO  ratis.ContainerStateMachine (ContainerStateMachine.java:takeSnapshot(248)) - Taking a snapshot to file /tmp/workdir/hadoop-ozone/tools/target/test-dir/MiniOzoneClusterImpl-11a7c84e-c822-4a04-8546-d1cd68ffd253/datanode-1/data/ratis/2851c0c6-b370-43aa-b0c3-2e18daf43d50/sm/snapshot.1_76
2019-07-08 14:41:00,092 INFO  impl.StateMachineUpdater (StateMachineUpdater.java:takeSnapshot(242)) - StateMachineUpdater:03c01628-5ddd-4710-9193-9eb657bdd5be:group-2E18DAF43D50: Took a snapshot at index 76
2019-07-08 14:41:00,092 INFO  impl.StateMachineUpdater (StateMachineUpdater.java:lambda$new$0(80)) - StateMachineUpdater:03c01628-5ddd-4710-9193-9eb657bdd5be:group-2E18DAF43D50: snapshotIndex: updateIncreasingly -1 -> 76
2019-07-08 14:41:00,093 INFO  impl.RaftServerImpl (ServerState.java:close(394)) - 03c01628-5ddd-4710-9193-9eb657bdd5be:group-2E18DAF43D50 closes. The last applied log index is 78
2019-07-08 14:41:00,095 INFO  segmented.SegmentedRaftLogWorker (SegmentedRaftLogWorker.java:run(313)) - 03c01628-5ddd-4710-9193-9eb657bdd5be-SegmentedRaftLogWorker:Storage Directory /tmp/workdir/hadoop-ozone/tools/target/test-dir/MiniOzoneClusterImpl-11a7c84e-c822-4a04-8546-d1cd68ffd253/datanode-1/data/ratis/2851c0c6-b370-43aa-b0c3-2e18daf43d50 was interrupted, exiting. There are 0 tasks remaining in the queue.
2019-07-08 14:41:00,095 INFO  segmented.SegmentedRaftLogWorker (SegmentedRaftLogWorker.java:close(228)) - 03c01628-5ddd-4710-9193-9eb657bdd5be-SegmentedRaftLogWorker:Storage Directory /tmp/workdir/hadoop-ozone/tools/target/test-dir/MiniOzoneClusterImpl-11a7c84e-c822-4a04-8546-d1cd68ffd253/datanode-1/data/ratis/2851c0c6-b370-43aa-b0c3-2e18daf43d50 close()
2019-07-08 14:41:00,114 INFO  impl.RaftServerProxy (RaftServerProxy.java:remove(95)) - c928bbcd-fd4d-42e0-82fd-2c834b19fd85: remove FOLLOWER group-2E18DAF43D50 c928bbcd-fd4d-42e0-82fd-2c834b19fd85:t1, leader=e4dcb69b-3ac0-48cc-9c49-985031243b55, voted=null, raftlog=c928bbcd-fd4d-42e0-82fd-2c834b19fd85-SegmentedRaftLog:OPENED:c78,f78,i78, conf=0: [e4dcb69b-3ac0-48cc-9c49-985031243b55:192.168.5.186:36445, c928bbcd-fd4d-42e0-82fd-2c834b19fd85:192.168.5.186:44136, 03c01628-5ddd-4710-9193-9eb657bdd5be:192.168.5.186:44797], old=null RUNNING
2019-07-08 14:41:00,114 INFO  impl.RaftServerImpl (RaftServerImpl.java:lambda$shutdown$3(245)) - c928bbcd-fd4d-42e0-82fd-2c834b19fd85: shutdown group-2E18DAF43D50
2019-07-08 14:41:00,114 INFO  util.JmxRegister (JmxRegister.java:unregister(73)) - Successfully un-registered JMX Bean with object name Ratis:service=RaftServer,group=group-2E18DAF43D50,id=c928bbcd-fd4d-42e0-82fd-2c834b19fd85
2019-07-08 14:41:00,114 INFO  impl.RoleInfo (RoleInfo.java:shutdownFollowerState(121)) - c928bbcd-fd4d-42e0-82fd-2c834b19fd85: shutdown FollowerState
2019-07-08 14:41:00,115 INFO  impl.StateMachineUpdater (StateMachineUpdater.java:stopAndJoin(115)) - StateMachineUpdater:c928bbcd-fd4d-42e0-82fd-2c834b19fd85:group-2E18DAF43D50: set stopIndex = 78
2019-07-08 14:41:00,115 INFO  impl.FollowerState (FollowerState.java:run(114)) - c928bbcd-fd4d-42e0-82fd-2c834b19fd85: FollowerState was interrupted: java.lang.InterruptedException: sleep interrupted
2019-07-08 14:41:00,115 INFO  ratis.ContainerStateMachine (ContainerStateMachine.java:takeSnapshot(244)) - Taking snapshot at termIndex:(t:1, i:76)
2019-07-08 14:41:00,117 INFO  ratis.ContainerStateMachine (ContainerStateMachine.java:takeSnapshot(248)) - Taking a snapshot to file /tmp/workdir/hadoop-ozone/tools/target/test-dir/MiniOzoneClusterImpl-11a7c84e-c822-4a04-8546-d1cd68ffd253/datanode-2/data/ratis/2851c0c6-b370-43aa-b0c3-2e18daf43d50/sm/snapshot.1_76
2019-07-08 14:41:00,118 INFO  impl.StateMachineUpdater (StateMachineUpdater.java:takeSnapshot(242)) - StateMachineUpdater:c928bbcd-fd4d-42e0-82fd-2c834b19fd85:group-2E18DAF43D50: Took a snapshot at index 76
2019-07-08 14:41:00,118 INFO  impl.StateMachineUpdater (StateMachineUpdater.java:lambda$new$0(80)) - StateMachineUpdater:c928bbcd-fd4d-42e0-82fd-2c834b19fd85:group-2E18DAF43D50: snapshotIndex: updateIncreasingly -1 -> 76
2019-07-08 14:41:00,118 INFO  impl.RaftServerImpl (ServerState.java:close(394)) - c928bbcd-fd4d-42e0-82fd-2c834b19fd85:group-2E18DAF43D50 closes. The last applied log index is 78
2019-07-08 14:41:00,118 INFO  segmented.SegmentedRaftLogWorker (SegmentedRaftLogWorker.java:run(313)) - c928bbcd-fd4d-42e0-82fd-2c834b19fd85-SegmentedRaftLogWorker:Storage Directory /tmp/workdir/hadoop-ozone/tools/target/test-dir/MiniOzoneClusterImpl-11a7c84e-c822-4a04-8546-d1cd68ffd253/datanode-2/data/ratis/2851c0c6-b370-43aa-b0c3-2e18daf43d50 was interrupted, exiting. There are 0 tasks remaining in the queue.
2019-07-08 14:41:00,119 INFO  segmented.SegmentedRaftLogWorker (SegmentedRaftLogWorker.java:close(228)) - c928bbcd-fd4d-42e0-82fd-2c834b19fd85-SegmentedRaftLogWorker:Storage Directory /tmp/workdir/hadoop-ozone/tools/target/test-dir/MiniOzoneClusterImpl-11a7c84e-c822-4a04-8546-d1cd68ffd253/datanode-2/data/ratis/2851c0c6-b370-43aa-b0c3-2e18daf43d50 close()
2019-07-08 14:41:00,128 INFO  pipeline.PipelineStateManager (PipelineStateManager.java:removePipeline(108)) - Pipeline Pipeline[ Id: 2851c0c6-b370-43aa-b0c3-2e18daf43d50, Nodes: e4dcb69b-3ac0-48cc-9c49-985031243b55{ip: 192.168.5.186, host: hdds1735-p42dk-4210643158, networkLocation: /default-rack, certSerialId: null}03c01628-5ddd-4710-9193-9eb657bdd5be{ip: 192.168.5.186, host: hdds1735-p42dk-4210643158, networkLocation: /default-rack, certSerialId: null}c928bbcd-fd4d-42e0-82fd-2c834b19fd85{ip: 192.168.5.186, host: hdds1735-p42dk-4210643158, networkLocation: /default-rack, certSerialId: null}, Type:RATIS, Factor:THREE, State:CLOSED] removed from db
2019-07-08 14:41:00,150 INFO  impl.RaftServerProxy (RaftServerProxy.java:addNew(89)) - e4dcb69b-3ac0-48cc-9c49-985031243b55: addNew group-F842F7E6DCF7:[e4dcb69b-3ac0-48cc-9c49-985031243b55:192.168.5.186:36445, c928bbcd-fd4d-42e0-82fd-2c834b19fd85:192.168.5.186:44136, 03c01628-5ddd-4710-9193-9eb657bdd5be:192.168.5.186:44797] returns group-F842F7E6DCF7:java.util.concurrent.CompletableFuture@6e8d83a7[Not completed]
2019-07-08 14:41:00,150 INFO  impl.RaftServerProxy (RaftServerProxy.java:addNew(89)) - c928bbcd-fd4d-42e0-82fd-2c834b19fd85: addNew group-F842F7E6DCF7:[e4dcb69b-3ac0-48cc-9c49-985031243b55:192.168.5.186:36445, c928bbcd-fd4d-42e0-82fd-2c834b19fd85:192.168.5.186:44136, 03c01628-5ddd-4710-9193-9eb657bdd5be:192.168.5.186:44797] returns group-F842F7E6DCF7:java.util.concurrent.CompletableFuture@5c26707c[Not completed]
2019-07-08 14:41:00,150 INFO  impl.RaftServerProxy (RaftServerProxy.java:addNew(89)) - 03c01628-5ddd-4710-9193-9eb657bdd5be: addNew group-F842F7E6DCF7:[e4dcb69b-3ac0-48cc-9c49-985031243b55:192.168.5.186:36445, c928bbcd-fd4d-42e0-82fd-2c834b19fd85:192.168.5.186:44136, 03c01628-5ddd-4710-9193-9eb657bdd5be:192.168.5.186:44797] returns group-F842F7E6DCF7:java.util.concurrent.CompletableFuture@69522503[Not completed]
2019-07-08 14:41:00,156 INFO  impl.RaftServerImpl (RaftServerImpl.java:<init>(93)) - e4dcb69b-3ac0-48cc-9c49-985031243b55: new RaftServerImpl for group-F842F7E6DCF7:[e4dcb69b-3ac0-48cc-9c49-985031243b55:192.168.5.186:36445, c928bbcd-fd4d-42e0-82fd-2c834b19fd85:192.168.5.186:44136, 03c01628-5ddd-4710-9193-9eb657bdd5be:192.168.5.186:44797] with ContainerStateMachine:uninitialized
2019-07-08 14:41:00,156 INFO  server.RaftServerConfigKeys (ConfUtils.java:logGet(43)) - raft.server.rpc.timeout.min = 1s (custom)
2019-07-08 14:41:00,157 INFO  server.RaftServerConfigKeys (ConfUtils.java:logGet(43)) - raft.server.rpc.timeout.max = 1200ms (custom)
2019-07-08 14:41:00,157 INFO  server.RaftServerConfigKeys (ConfUtils.java:logGet(43)) - raft.server.rpcslowness.timeout = 120s (custom)
2019-07-08 14:41:00,157 INFO  server.RaftServerConfigKeys (ConfUtils.java:logGet(43)) - raft.server.sleep.deviation.threshold = 300 (default)
2019-07-08 14:41:00,157 INFO  impl.RaftServerImpl (RaftServerImpl.java:<init>(93)) - 03c01628-5ddd-4710-9193-9eb657bdd5be: new RaftServerImpl for group-F842F7E6DCF7:[e4dcb69b-3ac0-48cc-9c49-985031243b55:192.168.5.186:36445, c928bbcd-fd4d-42e0-82fd-2c834b19fd85:192.168.5.186:44136, 03c01628-5ddd-4710-9193-9eb657bdd5be:192.168.5.186:44797] with ContainerStateMachine:uninitialized
2019-07-08 14:41:00,157 INFO  server.RaftServerConfigKeys (ConfUtils.java:logGet(43)) - raft.server.log.appender.install.snapshot.enabled = false (custom)
2019-07-08 14:41:00,157 INFO  server.RaftServerConfigKeys (ConfUtils.java:logGet(43)) - raft.server.rpc.timeout.min = 1s (custom)
2019-07-08 14:41:00,157 INFO  impl.RaftServerImpl (ServerState.java:<init>(105)) - e4dcb69b-3ac0-48cc-9c49-985031243b55:group-F842F7E6DCF7 ConfigurationManager, init=-1: [e4dcb69b-3ac0-48cc-9c49-985031243b55:192.168.5.186:36445, c928bbcd-fd4d-42e0-82fd-2c834b19fd85:192.168.5.186:44136, 03c01628-5ddd-4710-9193-9eb657bdd5be:192.168.5.186:44797], old=null, confs=<EMPTY_MAP>
2019-07-08 14:41:00,158 INFO  impl.RaftServerImpl (RaftServerImpl.java:<init>(93)) - c928bbcd-fd4d-42e0-82fd-2c834b19fd85: new RaftServerImpl for group-F842F7E6DCF7:[e4dcb69b-3ac0-48cc-9c49-985031243b55:192.168.5.186:36445, c928bbcd-fd4d-42e0-82fd-2c834b19fd85:192.168.5.186:44136, 03c01628-5ddd-4710-9193-9eb657bdd5be:192.168.5.186:44797] with ContainerStateMachine:uninitialized
2019-07-08 14:41:00,158 INFO  server.RaftServerConfigKeys (ConfUtils.java:logGet(43)) - raft.server.rpc.timeout.max = 1200ms (custom)
2019-07-08 14:41:00,158 INFO  server.RaftServerConfigKeys (ConfUtils.java:logGet(43)) - raft.server.storage.dir = [/tmp/workdir/hadoop-ozone/tools/target/test-dir/MiniOzoneClusterImpl-11a7c84e-c822-4a04-8546-d1cd68ffd253/datanode-0/data/ratis] (custom)
2019-07-08 14:41:00,158 INFO  server.RaftServerConfigKeys (ConfUtils.java:logGet(43)) - raft.server.rpc.timeout.min = 1s (custom)
2019-07-08 14:41:00,158 INFO  server.RaftServerConfigKeys (ConfUtils.java:logGet(43)) - raft.server.rpcslowness.timeout = 120s (custom)
2019-07-08 14:41:00,158 INFO  server.RaftServerConfigKeys (ConfUtils.java:logGet(43)) - raft.server.rpc.timeout.max = 1200ms (custom)
2019-07-08 14:41:00,158 INFO  storage.RaftStorageDirectory (RaftStorageDirectory.java:analyzeStorage(246)) - The storage directory /tmp/workdir/hadoop-ozone/tools/target/test-dir/MiniOzoneClusterImpl-11a7c84e-c822-4a04-8546-d1cd68ffd253/datanode-0/data/ratis/ec341077-46a3-4fa2-b517-f842f7e6dcf7 does not exist. Creating ...
2019-07-08 14:41:00,158 INFO  server.RaftServerConfigKeys (ConfUtils.java:logGet(43)) - raft.server.sleep.deviation.threshold = 300 (default)
2019-07-08 14:41:00,158 INFO  server.RaftServerConfigKeys (ConfUtils.java:logGet(43)) - raft.server.rpcslowness.timeout = 120s (custom)
2019-07-08 14:41:00,159 INFO  server.RaftServerConfigKeys (ConfUtils.java:logGet(43)) - raft.server.log.appender.install.snapshot.enabled = false (custom)
2019-07-08 14:41:00,159 INFO  server.RaftServerConfigKeys (ConfUtils.java:logGet(43)) - raft.server.sleep.deviation.threshold = 300 (default)
2019-07-08 14:41:00,159 INFO  impl.RaftServerImpl (ServerState.java:<init>(105)) - 03c01628-5ddd-4710-9193-9eb657bdd5be:group-F842F7E6DCF7 ConfigurationManager, init=-1: [e4dcb69b-3ac0-48cc-9c49-985031243b55:192.168.5.186:36445, c928bbcd-fd4d-42e0-82fd-2c834b19fd85:192.168.5.186:44136, 03c01628-5ddd-4710-9193-9eb657bdd5be:192.168.5.186:44797], old=null, confs=<EMPTY_MAP>
2019-07-08 14:41:00,159 INFO  server.RaftServerConfigKeys (ConfUtils.java:logGet(43)) - raft.server.log.appender.install.snapshot.enabled = false (custom)
2019-07-08 14:41:00,159 INFO  server.RaftServerConfigKeys (ConfUtils.java:logGet(43)) - raft.server.storage.dir = [/tmp/workdir/hadoop-ozone/tools/target/test-dir/MiniOzoneClusterImpl-11a7c84e-c822-4a04-8546-d1cd68ffd253/datanode-1/data/ratis] (custom)
2019-07-08 14:41:00,159 INFO  impl.RaftServerImpl (ServerState.java:<init>(105)) - c928bbcd-fd4d-42e0-82fd-2c834b19fd85:group-F842F7E6DCF7 ConfigurationManager, init=-1: [e4dcb69b-3ac0-48cc-9c49-985031243b55:192.168.5.186:36445, c928bbcd-fd4d-42e0-82fd-2c834b19fd85:192.168.5.186:44136, 03c01628-5ddd-4710-9193-9eb657bdd5be:192.168.5.186:44797], old=null, confs=<EMPTY_MAP>
2019-07-08 14:41:00,159 INFO  server.RaftServerConfigKeys (ConfUtils.java:logGet(43)) - raft.server.storage.dir = [/tmp/workdir/hadoop-ozone/tools/target/test-dir/MiniOzoneClusterImpl-11a7c84e-c822-4a04-8546-d1cd68ffd253/datanode-2/data/ratis] (custom)
2019-07-08 14:41:00,160 INFO  storage.RaftStorageDirectory (RaftStorageDirectory.java:analyzeStorage(246)) - The storage directory /tmp/workdir/hadoop-ozone/tools/target/test-dir/MiniOzoneClusterImpl-11a7c84e-c822-4a04-8546-d1cd68ffd253/datanode-1/data/ratis/ec341077-46a3-4fa2-b517-f842f7e6dcf7 does not exist. Creating ...
2019-07-08 14:41:00,160 INFO  storage.RaftStorageDirectory (RaftStorageDirectory.java:analyzeStorage(246)) - The storage directory /tmp/workdir/hadoop-ozone/tools/target/test-dir/MiniOzoneClusterImpl-11a7c84e-c822-4a04-8546-d1cd68ffd253/datanode-2/data/ratis/ec341077-46a3-4fa2-b517-f842f7e6dcf7 does not exist. Creating ...
2019-07-08 14:41:00,167 INFO  storage.RaftStorageDirectory (RaftStorageDirectory.java:tryLock(328)) - Lock on /tmp/workdir/hadoop-ozone/tools/target/test-dir/MiniOzoneClusterImpl-11a7c84e-c822-4a04-8546-d1cd68ffd253/datanode-1/data/ratis/ec341077-46a3-4fa2-b517-f842f7e6dcf7/in_use.lock acquired by nodename 22501@hdds1735-p42dk-4210643158
2019-07-08 14:41:00,167 INFO  storage.RaftStorageDirectory (RaftStorageDirectory.java:tryLock(328)) - Lock on /tmp/workdir/hadoop-ozone/tools/target/test-dir/MiniOzoneClusterImpl-11a7c84e-c822-4a04-8546-d1cd68ffd253/datanode-0/data/ratis/ec341077-46a3-4fa2-b517-f842f7e6dcf7/in_use.lock acquired by nodename 22501@hdds1735-p42dk-4210643158
2019-07-08 14:41:00,167 INFO  storage.RaftStorageDirectory (RaftStorageDirectory.java:tryLock(328)) - Lock on /tmp/workdir/hadoop-ozone/tools/target/test-dir/MiniOzoneClusterImpl-11a7c84e-c822-4a04-8546-d1cd68ffd253/datanode-2/data/ratis/ec341077-46a3-4fa2-b517-f842f7e6dcf7/in_use.lock acquired by nodename 22501@hdds1735-p42dk-4210643158
2019-07-08 14:41:00,172 INFO  storage.RaftStorage (RaftStorage.java:format(72)) - Storage directory /tmp/workdir/hadoop-ozone/tools/target/test-dir/MiniOzoneClusterImpl-11a7c84e-c822-4a04-8546-d1cd68ffd253/datanode-2/data/ratis/ec341077-46a3-4fa2-b517-f842f7e6dcf7 has been successfully formatted.
2019-07-08 14:41:00,172 INFO  storage.RaftStorage (RaftStorage.java:format(72)) - Storage directory /tmp/workdir/hadoop-ozone/tools/target/test-dir/MiniOzoneClusterImpl-11a7c84e-c822-4a04-8546-d1cd68ffd253/datanode-0/data/ratis/ec341077-46a3-4fa2-b517-f842f7e6dcf7 has been successfully formatted.
2019-07-08 14:41:00,172 INFO  storage.RaftStorage (RaftStorage.java:format(72)) - Storage directory /tmp/workdir/hadoop-ozone/tools/target/test-dir/MiniOzoneClusterImpl-11a7c84e-c822-4a04-8546-d1cd68ffd253/datanode-1/data/ratis/ec341077-46a3-4fa2-b517-f842f7e6dcf7 has been successfully formatted.
2019-07-08 14:41:00,173 INFO  ratis.ContainerStateMachine (ContainerStateMachine.java:loadSnapshot(198)) - The snapshot info is null.Setting the last applied index to:(t:0, i:~)
2019-07-08 14:41:00,173 INFO  ratis.ContainerStateMachine (ContainerStateMachine.java:loadSnapshot(198)) - The snapshot info is null.Setting the last applied index to:(t:0, i:~)
2019-07-08 14:41:00,173 INFO  server.RaftServerConfigKeys (ConfUtils.java:logGet(43)) - raft.server.leader.election.timeout = 120s (custom)
2019-07-08 14:41:00,173 INFO  ratis.ContainerStateMachine (ContainerStateMachine.java:loadSnapshot(198)) - The snapshot info is null.Setting the last applied index to:(t:0, i:~)
2019-07-08 14:41:00,173 INFO  server.RaftServerConfigKeys (ConfUtils.java:logGet(43)) - raft.server.log.use.memory = false (default)
2019-07-08 14:41:00,173 INFO  server.RaftServerConfigKeys (ConfUtils.java:logGet(43)) - raft.server.leader.election.timeout = 120s (custom)
2019-07-08 14:41:00,174 INFO  server.RaftServerConfigKeys (ConfUtils.java:logGet(43)) - raft.server.log.purge.gap = 1000000000 (custom)
2019-07-08 14:41:00,173 INFO  server.RaftServerConfigKeys (ConfUtils.java:logGet(43)) - raft.server.leader.election.timeout = 120s (custom)
2019-07-08 14:41:00,174 INFO  server.RaftServerConfigKeys (ConfUtils.java:logGet(43)) - raft.server.log.appender.buffer.byte-limit = 33554432 (custom)
2019-07-08 14:41:00,174 INFO  server.RaftServerConfigKeys (ConfUtils.java:logGet(43)) - raft.server.log.use.memory = false (default)
2019-07-08 14:41:00,174 INFO  server.RaftServerConfigKeys (ConfUtils.java:logGet(43)) - raft.server.log.segment.size.max = 1048576 (custom)
2019-07-08 14:41:00,174 INFO  server.RaftServerConfigKeys (ConfUtils.java:logGet(43)) - raft.server.log.use.memory = false (default)
2019-07-08 14:41:00,174 INFO  server.RaftServerConfigKeys (ConfUtils.java:logGet(43)) - raft.server.log.segment.cache.num.max = 2 (custom)
2019-07-08 14:41:00,174 INFO  server.RaftServerConfigKeys (ConfUtils.java:logGet(43)) - raft.server.log.purge.gap = 1000000000 (custom)
2019-07-08 14:41:00,174 INFO  segmented.SegmentedRaftLogWorker (SegmentedRaftLogWorker.java:<init>(172)) - new c928bbcd-fd4d-42e0-82fd-2c834b19fd85-SegmentedRaftLogWorker:Storage Directory /tmp/workdir/hadoop-ozone/tools/target/test-dir/MiniOzoneClusterImpl-11a7c84e-c822-4a04-8546-d1cd68ffd253/datanode-2/data/ratis/ec341077-46a3-4fa2-b517-f842f7e6dcf7 for RaftStorage:Storage Directory /tmp/workdir/hadoop-ozone/tools/target/test-dir/MiniOzoneClusterImpl-11a7c84e-c822-4a04-8546-d1cd68ffd253/datanode-2/data/ratis/ec341077-46a3-4fa2-b517-f842f7e6dcf7
2019-07-08 14:41:00,175 INFO  server.RaftServerConfigKeys (ConfUtils.java:logGet(43)) - raft.server.log.appender.buffer.byte-limit = 33554432 (custom)
2019-07-08 14:41:00,174 INFO  server.RaftServerConfigKeys (ConfUtils.java:logGet(43)) - raft.server.log.purge.gap = 1000000000 (custom)
2019-07-08 14:41:00,176 INFO  server.RaftServerConfigKeys (ConfUtils.java:logGet(43)) - raft.server.log.segment.size.max = 1048576 (custom)
2019-07-08 14:41:00,175 INFO  server.RaftServerConfigKeys (ConfUtils.java:logGet(43)) - raft.server.log.queue.byte-limit = 2147483647 (custom)
2019-07-08 14:41:00,177 INFO  server.RaftServerConfigKeys (ConfUtils.java:logGet(43)) - raft.server.log.segment.cache.num.max = 2 (custom)
2019-07-08 14:41:00,176 INFO  server.RaftServerConfigKeys (ConfUtils.java:logGet(43)) - raft.server.log.appender.buffer.byte-limit = 33554432 (custom)
2019-07-08 14:41:00,177 INFO  segmented.SegmentedRaftLogWorker (SegmentedRaftLogWorker.java:<init>(172)) - new e4dcb69b-3ac0-48cc-9c49-985031243b55-SegmentedRaftLogWorker:Storage Directory /tmp/workdir/hadoop-ozone/tools/target/test-dir/MiniOzoneClusterImpl-11a7c84e-c822-4a04-8546-d1cd68ffd253/datanode-0/data/ratis/ec341077-46a3-4fa2-b517-f842f7e6dcf7 for RaftStorage:Storage Directory /tmp/workdir/hadoop-ozone/tools/target/test-dir/MiniOzoneClusterImpl-11a7c84e-c822-4a04-8546-d1cd68ffd253/datanode-0/data/ratis/ec341077-46a3-4fa2-b517-f842f7e6dcf7
2019-07-08 14:41:00,177 INFO  server.RaftServerConfigKeys (ConfUtils.java:logGet(43)) - raft.server.log.queue.element-limit = 1024 (custom)
2019-07-08 14:41:00,177 INFO  server.RaftServerConfigKeys (ConfUtils.java:logGet(43)) - raft.server.log.queue.byte-limit = 2147483647 (custom)
2019-07-08 14:41:00,177 INFO  server.RaftServerConfigKeys (ConfUtils.java:logGet(43)) - raft.server.log.segment.size.max = 1048576 (custom)
2019-07-08 14:41:00,179 INFO  server.RaftServerConfigKeys (ConfUtils.java:logGet(43)) - raft.server.log.queue.element-limit = 1024 (custom)
2019-07-08 14:41:00,177 INFO  server.RaftServerConfigKeys (ConfUtils.java:logGet(43)) - raft.server.log.segment.size.max = 1048576 (custom)
2019-07-08 14:41:00,179 INFO  server.RaftServerConfigKeys (ConfUtils.java:logGet(43)) - raft.server.log.segment.size.max = 1048576 (custom)
2019-07-08 14:41:00,179 INFO  server.RaftServerConfigKeys (ConfUtils.java:logGet(43)) - raft.server.log.segment.cache.num.max = 2 (custom)
2019-07-08 14:41:00,179 INFO  server.RaftServerConfigKeys (ConfUtils.java:logGet(43)) - raft.server.log.preallocated.size = 16384 (custom)
2019-07-08 14:41:00,179 INFO  server.RaftServerConfigKeys (ConfUtils.java:logGet(43)) - raft.server.log.preallocated.size = 16384 (custom)
2019-07-08 14:41:00,179 INFO  server.RaftServerConfigKeys (ConfUtils.java:logGet(43)) - raft.server.log.write.buffer.size = 33554432 (custom)
2019-07-08 14:41:00,179 INFO  segmented.SegmentedRaftLogWorker (SegmentedRaftLogWorker.java:<init>(172)) - new 03c01628-5ddd-4710-9193-9eb657bdd5be-SegmentedRaftLogWorker:Storage Directory /tmp/workdir/hadoop-ozone/tools/target/test-dir/MiniOzoneClusterImpl-11a7c84e-c822-4a04-8546-d1cd68ffd253/datanode-1/data/ratis/ec341077-46a3-4fa2-b517-f842f7e6dcf7 for RaftStorage:Storage Directory /tmp/workdir/hadoop-ozone/tools/target/test-dir/MiniOzoneClusterImpl-11a7c84e-c822-4a04-8546-d1cd68ffd253/datanode-1/data/ratis/ec341077-46a3-4fa2-b517-f842f7e6dcf7
2019-07-08 14:41:00,180 INFO  server.RaftServerConfigKeys (ConfUtils.java:logGet(43)) - raft.server.log.force.sync.num = 128 (default)
2019-07-08 14:41:00,180 INFO  server.RaftServerConfigKeys (ConfUtils.java:logGet(43)) - raft.server.log.write.buffer.size = 33554432 (custom)
2019-07-08 14:41:00,180 INFO  server.RaftServerConfigKeys (ConfUtils.java:logGet(43)) - raft.server.log.statemachine.data.sync = true (default)
2019-07-08 14:41:00,180 INFO  server.RaftServerConfigKeys (ConfUtils.java:logGet(43)) - raft.server.log.queue.byte-limit = 2147483647 (custom)
2019-07-08 14:41:00,182 INFO  server.RaftServerConfigKeys (ConfUtils.java:logGet(43)) - raft.server.log.statemachine.data.sync.timeout = 10s (default)
2019-07-08 14:41:00,182 INFO  server.RaftServerConfigKeys (ConfUtils.java:logGet(43)) - raft.server.log.force.sync.num = 128 (default)
2019-07-08 14:41:00,182 INFO  server.RaftServerConfigKeys (ConfUtils.java:logGet(43)) - raft.server.log.statemachine.data.sync.timeout.retry = -1 (default)
2019-07-08 14:41:00,182 INFO  server.RaftServerConfigKeys (ConfUtils.java:logGet(43)) - raft.server.log.queue.element-limit = 1024 (custom)
2019-07-08 14:41:00,182 INFO  server.RaftServerConfigKeys (ConfUtils.java:logGet(43)) - raft.server.log.statemachine.data.sync = true (default)
2019-07-08 14:41:00,183 INFO  server.RaftServerConfigKeys (ConfUtils.java:logGet(43)) - raft.server.log.segment.size.max = 1048576 (custom)
2019-07-08 14:41:00,182 INFO  server.RaftServerConfigKeys (ConfUtils.java:logGet(43)) - raft.server.log.statemachine.data.caching.enabled = true (custom)
2019-07-08 14:41:00,183 INFO  server.RaftServerConfigKeys (ConfUtils.java:logGet(43)) - raft.server.log.preallocated.size = 16384 (custom)
2019-07-08 14:41:00,183 INFO  server.RaftServerConfigKeys (ConfUtils.java:logGet(43)) - raft.server.log.statemachine.data.sync.timeout = 10s (default)
2019-07-08 14:41:00,183 INFO  segmented.SegmentedRaftLogWorker (SegmentedRaftLogWorker.java:lambda$new$0(132)) - e4dcb69b-3ac0-48cc-9c49-985031243b55-SegmentedRaftLogWorker:Storage Directory /tmp/workdir/hadoop-ozone/tools/target/test-dir/MiniOzoneClusterImpl-11a7c84e-c822-4a04-8546-d1cd68ffd253/datanode-0/data/ratis/ec341077-46a3-4fa2-b517-f842f7e6dcf7: flushIndex: setUnconditionally 0 -> -1
2019-07-08 14:41:00,183 INFO  server.RaftServerConfigKeys (ConfUtils.java:logGet(43)) - raft.server.log.write.buffer.size = 33554432 (custom)
2019-07-08 14:41:00,183 INFO  server.RaftServerConfigKeys (ConfUtils.java:logGet(43)) - raft.server.log.statemachine.data.sync.timeout.retry = -1 (default)
2019-07-08 14:41:00,184 INFO  server.RaftServerConfigKeys (ConfUtils.java:logGet(43)) - raft.server.snapshot.auto.trigger.enabled = true (custom)
2019-07-08 14:41:00,184 INFO  server.RaftServerConfigKeys (ConfUtils.java:logGet(43)) - raft.server.log.force.sync.num = 128 (default)
2019-07-08 14:41:00,184 INFO  server.RaftServerConfigKeys (ConfUtils.java:logGet(43)) - raft.server.snapshot.auto.trigger.threshold = 10000 (custom)
2019-07-08 14:41:00,184 INFO  server.RaftServerConfigKeys (ConfUtils.java:logGet(43)) - raft.server.log.statemachine.data.caching.enabled = true (custom)
2019-07-08 14:41:00,184 INFO  server.RaftServerConfigKeys (ConfUtils.java:logGet(43)) - raft.server.retrycache.expirytime = 600000ms (custom)
2019-07-08 14:41:00,184 INFO  server.RaftServerConfigKeys (ConfUtils.java:logGet(43)) - raft.server.log.statemachine.data.sync = true (default)
2019-07-08 14:41:00,185 INFO  segmented.SegmentedRaftLogWorker (SegmentedRaftLogWorker.java:lambda$new$0(132)) - c928bbcd-fd4d-42e0-82fd-2c834b19fd85-SegmentedRaftLogWorker:Storage Directory /tmp/workdir/hadoop-ozone/tools/target/test-dir/MiniOzoneClusterImpl-11a7c84e-c822-4a04-8546-d1cd68ffd253/datanode-2/data/ratis/ec341077-46a3-4fa2-b517-f842f7e6dcf7: flushIndex: setUnconditionally 0 -> -1
2019-07-08 14:41:00,185 INFO  impl.RaftServerImpl (RaftServerImpl.java:start(180)) - e4dcb69b-3ac0-48cc-9c49-985031243b55: start group-F842F7E6DCF7
2019-07-08 14:41:00,185 INFO  server.RaftServerConfigKeys (ConfUtils.java:logGet(43)) - raft.server.log.statemachine.data.sync.timeout = 10s (default)
2019-07-08 14:41:00,185 INFO  server.RaftServerConfigKeys (ConfUtils.java:logGet(43)) - raft.server.snapshot.auto.trigger.enabled = true (custom)
2019-07-08 14:41:00,185 INFO  impl.RaftServerImpl (RaftServerImpl.java:setRole(171)) - e4dcb69b-3ac0-48cc-9c49-985031243b55:group-F842F7E6DCF7 changes role from null to FOLLOWER at term 0 for startAsFollower
2019-07-08 14:41:00,185 INFO  server.RaftServerConfigKeys (ConfUtils.java:logGet(43)) - raft.server.snapshot.auto.trigger.threshold = 10000 (custom)
2019-07-08 14:41:00,185 INFO  server.RaftServerConfigKeys (ConfUtils.java:logGet(43)) - raft.server.log.statemachine.data.sync.timeout.retry = -1 (default)
2019-07-08 14:41:00,186 INFO  server.RaftServerConfigKeys (ConfUtils.java:logGet(43)) - raft.server.retrycache.expirytime = 600000ms (custom)
2019-07-08 14:41:00,186 INFO  impl.RoleInfo (RoleInfo.java:updateAndGet(143)) - e4dcb69b-3ac0-48cc-9c49-985031243b55: start FollowerState
2019-07-08 14:41:00,186 INFO  impl.RaftServerImpl (RaftServerImpl.java:start(180)) - c928bbcd-fd4d-42e0-82fd-2c834b19fd85: start group-F842F7E6DCF7
2019-07-08 14:41:00,186 INFO  server.RaftServerConfigKeys (ConfUtils.java:logGet(43)) - raft.server.log.statemachine.data.caching.enabled = true (custom)
2019-07-08 14:41:00,186 INFO  impl.RaftServerImpl (RaftServerImpl.java:setRole(171)) - c928bbcd-fd4d-42e0-82fd-2c834b19fd85:group-F842F7E6DCF7 changes role from null to FOLLOWER at term 0 for startAsFollower
2019-07-08 14:41:00,186 INFO  util.JmxRegister (JmxRegister.java:tryRegister(44)) - Successfully registered JMX Bean with object name Ratis:service=RaftServer,group=group-F842F7E6DCF7,id=e4dcb69b-3ac0-48cc-9c49-985031243b55
2019-07-08 14:41:00,187 INFO  impl.RoleInfo (RoleInfo.java:updateAndGet(143)) - c928bbcd-fd4d-42e0-82fd-2c834b19fd85: start FollowerState
2019-07-08 14:41:00,187 INFO  segmented.SegmentedRaftLogWorker (SegmentedRaftLogWorker.java:lambda$new$0(132)) - 03c01628-5ddd-4710-9193-9eb657bdd5be-SegmentedRaftLogWorker:Storage Directory /tmp/workdir/hadoop-ozone/tools/target/test-dir/MiniOzoneClusterImpl-11a7c84e-c822-4a04-8546-d1cd68ffd253/datanode-1/data/ratis/ec341077-46a3-4fa2-b517-f842f7e6dcf7: flushIndex: setUnconditionally 0 -> -1
2019-07-08 14:41:00,187 INFO  server.RaftServerConfigKeys (ConfUtils.java:logGet(43)) - raft.server.snapshot.auto.trigger.enabled = true (custom)
2019-07-08 14:41:00,187 INFO  util.JmxRegister (JmxRegister.java:tryRegister(44)) - Successfully registered JMX Bean with object name Ratis:service=RaftServer,group=group-F842F7E6DCF7,id=c928bbcd-fd4d-42e0-82fd-2c834b19fd85
2019-07-08 14:41:00,187 INFO  server.RaftServerConfigKeys (ConfUtils.java:logGet(43)) - raft.server.snapshot.auto.trigger.threshold = 10000 (custom)
2019-07-08 14:41:00,188 INFO  server.RaftServerConfigKeys (ConfUtils.java:logGet(43)) - raft.server.retrycache.expirytime = 600000ms (custom)
2019-07-08 14:41:00,188 INFO  impl.RaftServerImpl (RaftServerImpl.java:start(180)) - 03c01628-5ddd-4710-9193-9eb657bdd5be: start group-F842F7E6DCF7
2019-07-08 14:41:00,188 INFO  impl.RaftServerImpl (RaftServerImpl.java:setRole(171)) - 03c01628-5ddd-4710-9193-9eb657bdd5be:group-F842F7E6DCF7 changes role from null to FOLLOWER at term 0 for startAsFollower
2019-07-08 14:41:00,188 INFO  impl.RoleInfo (RoleInfo.java:updateAndGet(143)) - 03c01628-5ddd-4710-9193-9eb657bdd5be: start FollowerState
2019-07-08 14:41:00,191 INFO  util.JmxRegister (JmxRegister.java:tryRegister(44)) - Successfully registered JMX Bean with object name Ratis:service=RaftServer,group=group-F842F7E6DCF7,id=03c01628-5ddd-4710-9193-9eb657bdd5be
2019-07-08 14:41:00,200 INFO  pipeline.PipelineStateManager (PipelineStateManager.java:addPipeline(56)) - Created pipeline Pipeline[ Id: ec341077-46a3-4fa2-b517-f842f7e6dcf7, Nodes: e4dcb69b-3ac0-48cc-9c49-985031243b55{ip: 192.168.5.186, host: hdds1735-p42dk-4210643158, networkLocation: /default-rack, certSerialId: null}03c01628-5ddd-4710-9193-9eb657bdd5be{ip: 192.168.5.186, host: hdds1735-p42dk-4210643158, networkLocation: /default-rack, certSerialId: null}c928bbcd-fd4d-42e0-82fd-2c834b19fd85{ip: 192.168.5.186, host: hdds1735-p42dk-4210643158, networkLocation: /default-rack, certSerialId: null}, Type:RATIS, Factor:THREE, State:OPEN]
2019-07-08 14:41:00,277 INFO  freon.RandomKeyGenerator (RandomKeyGenerator.java:call(262)) - Number of Threads: 10
2019-07-08 14:41:00,277 INFO  freon.RandomKeyGenerator (RandomKeyGenerator.java:call(267)) - Number of Volumes: 1.
2019-07-08 14:41:00,277 INFO  freon.RandomKeyGenerator (RandomKeyGenerator.java:call(268)) - Number of Buckets per Volume: 1.
2019-07-08 14:41:00,277 INFO  freon.RandomKeyGenerator (RandomKeyGenerator.java:call(269)) - Number of Keys per Bucket: 1.
2019-07-08 14:41:00,277 INFO  freon.RandomKeyGenerator (RandomKeyGenerator.java:call(270)) - Key size: 20971520 bytes
2019-07-08 14:41:00,277 INFO  freon.RandomKeyGenerator (RandomKeyGenerator.java:call(271)) - Buffer size: 4096 bytes
2019-07-08 14:41:00,278 INFO  freon.RandomKeyGenerator (RandomKeyGenerator.java:call(286)) - Data validation is enabled.
2019-07-08 14:41:00,278 INFO  freon.RandomKeyGenerator (RandomKeyGenerator.java:call(299)) - Starting progress bar Thread.

2019-07-08 14:41:00,279 INFO  rpc.RpcClient (RpcClient.java:createVolume(289)) - Creating Volume: vol-0-13753, with jenkins1000 as owner.
 0.00% |█                                                                                                    |  0/1 Time: 0:00:002019-07-08 14:41:00,290 INFO  rpc.RpcClient (RpcClient.java:createBucket(426)) - Creating Bucket: vol-0-13753/bucket-0-39642, with Versioning false and Storage Type set to DISK and Encryption set to false 
2019-07-08 14:41:00,326 INFO  client.GrpcClientProtocolClient (GrpcClientProtocolClient.java:onNext(255)) - client-83BCDF9B7B36->e4dcb69b-3ac0-48cc-9c49-985031243b55: receive RaftClientReply:client-83BCDF9B7B36->e4dcb69b-3ac0-48cc-9c49-985031243b55@group-F842F7E6DCF7, cid=61, FAILED org.apache.ratis.protocol.NotLeaderException: Server e4dcb69b-3ac0-48cc-9c49-985031243b55 is not the leader (null). Request must be sent to leader., logIndex=0, commits[e4dcb69b-3ac0-48cc-9c49-985031243b55:c-1]
2019-07-08 14:41:01,224 INFO  impl.FollowerState (FollowerState.java:run(106)) - c928bbcd-fd4d-42e0-82fd-2c834b19fd85:group-F842F7E6DCF7 changes to CANDIDATE, lastRpcTime:1037, electionTimeout:1037ms
2019-07-08 14:41:01,225 INFO  impl.RoleInfo (RoleInfo.java:shutdownFollowerState(121)) - c928bbcd-fd4d-42e0-82fd-2c834b19fd85: shutdown FollowerState
2019-07-08 14:41:01,225 INFO  impl.RaftServerImpl (RaftServerImpl.java:setRole(171)) - c928bbcd-fd4d-42e0-82fd-2c834b19fd85:group-F842F7E6DCF7 changes role from FOLLOWER to CANDIDATE at term 0 for changeToCandidate
2019-07-08 14:41:01,225 INFO  impl.RoleInfo (RoleInfo.java:updateAndGet(143)) - c928bbcd-fd4d-42e0-82fd-2c834b19fd85: start LeaderElection
2019-07-08 14:41:01,231 INFO  impl.FollowerState (FollowerState.java:run(106)) - 03c01628-5ddd-4710-9193-9eb657bdd5be:group-F842F7E6DCF7 changes to CANDIDATE, lastRpcTime:1042, electionTimeout:1038ms
2019-07-08 14:41:01,231 INFO  impl.RoleInfo (RoleInfo.java:shutdownFollowerState(121)) - 03c01628-5ddd-4710-9193-9eb657bdd5be: shutdown FollowerState
2019-07-08 14:41:01,231 INFO  impl.RaftServerImpl (RaftServerImpl.java:setRole(171)) - 03c01628-5ddd-4710-9193-9eb657bdd5be:group-F842F7E6DCF7 changes role from FOLLOWER to CANDIDATE at term 0 for changeToCandidate
2019-07-08 14:41:01,231 INFO  impl.RoleInfo (RoleInfo.java:updateAndGet(143)) - 03c01628-5ddd-4710-9193-9eb657bdd5be: start LeaderElection
2019-07-08 14:41:01,236 INFO  impl.LeaderElection (LeaderElection.java:askForVotes(181)) - c928bbcd-fd4d-42e0-82fd-2c834b19fd85:group-F842F7E6DCF7:LeaderElection6: begin an election at term 1 for -1: [e4dcb69b-3ac0-48cc-9c49-985031243b55:192.168.5.186:36445, c928bbcd-fd4d-42e0-82fd-2c834b19fd85:192.168.5.186:44136, 03c01628-5ddd-4710-9193-9eb657bdd5be:192.168.5.186:44797], old=null
2019-07-08 14:41:01,245 INFO  impl.LeaderElection (LeaderElection.java:askForVotes(181)) - 03c01628-5ddd-4710-9193-9eb657bdd5be:group-F842F7E6DCF7:LeaderElection7: begin an election at term 1 for -1: [e4dcb69b-3ac0-48cc-9c49-985031243b55:192.168.5.186:36445, c928bbcd-fd4d-42e0-82fd-2c834b19fd85:192.168.5.186:44136, 03c01628-5ddd-4710-9193-9eb657bdd5be:192.168.5.186:44797], old=null
2019-07-08 14:41:01,257 INFO  impl.RaftServerImpl (RaftServerImpl.java:setRole(171)) - e4dcb69b-3ac0-48cc-9c49-985031243b55:group-F842F7E6DCF7 changes role from FOLLOWER to FOLLOWER at term 1 for recognizeCandidate:03c01628-5ddd-4710-9193-9eb657bdd5be
2019-07-08 14:41:01,259 INFO  impl.RoleInfo (RoleInfo.java:shutdownFollowerState(121)) - e4dcb69b-3ac0-48cc-9c49-985031243b55: shutdown FollowerState
2019-07-08 14:41:01,259 INFO  impl.RoleInfo (RoleInfo.java:updateAndGet(143)) - e4dcb69b-3ac0-48cc-9c49-985031243b55: start FollowerState
2019-07-08 14:41:01,259 INFO  impl.FollowerState (FollowerState.java:run(114)) - e4dcb69b-3ac0-48cc-9c49-985031243b55: FollowerState was interrupted: java.lang.InterruptedException: sleep interrupted
2019-07-08 14:41:01,271 INFO  impl.LeaderElection (LeaderElection.java:logAndReturn(56)) - 03c01628-5ddd-4710-9193-9eb657bdd5be:group-F842F7E6DCF7:LeaderElection7: Election PASSED; received 2 response(s) [03c01628-5ddd-4710-9193-9eb657bdd5be<-e4dcb69b-3ac0-48cc-9c49-985031243b55#0:OK-t1, 03c01628-5ddd-4710-9193-9eb657bdd5be<-c928bbcd-fd4d-42e0-82fd-2c834b19fd85#0:FAIL-t1] and 0 exception(s); 03c01628-5ddd-4710-9193-9eb657bdd5be:t1, leader=null, voted=03c01628-5ddd-4710-9193-9eb657bdd5be, raftlog=03c01628-5ddd-4710-9193-9eb657bdd5be-SegmentedRaftLog:OPENED:c-1,f-1,i0, conf=-1: [e4dcb69b-3ac0-48cc-9c49-985031243b55:192.168.5.186:36445, c928bbcd-fd4d-42e0-82fd-2c834b19fd85:192.168.5.186:44136, 03c01628-5ddd-4710-9193-9eb657bdd5be:192.168.5.186:44797], old=null
2019-07-08 14:41:01,271 INFO  impl.RoleInfo (RoleInfo.java:shutdownLeaderElection(134)) - 03c01628-5ddd-4710-9193-9eb657bdd5be: shutdown LeaderElection
2019-07-08 14:41:01,272 INFO  impl.LeaderElection (LeaderElection.java:logAndReturn(56)) - c928bbcd-fd4d-42e0-82fd-2c834b19fd85:group-F842F7E6DCF7:LeaderElection6: Election REJECTED; received 2 response(s) [c928bbcd-fd4d-42e0-82fd-2c834b19fd85<-e4dcb69b-3ac0-48cc-9c49-985031243b55#0:FAIL-t1, c928bbcd-fd4d-42e0-82fd-2c834b19fd85<-03c01628-5ddd-4710-9193-9eb657bdd5be#0:FAIL-t1] and 0 exception(s); c928bbcd-fd4d-42e0-82fd-2c834b19fd85:t1, leader=null, voted=c928bbcd-fd4d-42e0-82fd-2c834b19fd85, raftlog=c928bbcd-fd4d-42e0-82fd-2c834b19fd85-SegmentedRaftLog:OPENED:c-1,f-1,i0, conf=-1: [e4dcb69b-3ac0-48cc-9c49-985031243b55:192.168.5.186:36445, c928bbcd-fd4d-42e0-82fd-2c834b19fd85:192.168.5.186:44136, 03c01628-5ddd-4710-9193-9eb657bdd5be:192.168.5.186:44797], old=null
2019-07-08 14:41:01,274 INFO  impl.RaftServerImpl (RaftServerImpl.java:setRole(171)) - 03c01628-5ddd-4710-9193-9eb657bdd5be:group-F842F7E6DCF7 changes role from CANDIDATE to LEADER at term 1 for changeToLeader
2019-07-08 14:41:01,274 INFO  impl.RaftServerImpl (RaftServerImpl.java:setRole(171)) - c928bbcd-fd4d-42e0-82fd-2c834b19fd85:group-F842F7E6DCF7 changes role from CANDIDATE to FOLLOWER at term 1 for DISCOVERED_A_NEW_TERM
2019-07-08 14:41:01,276 INFO  impl.RaftServerImpl (ServerState.java:setLeader(263)) - 03c01628-5ddd-4710-9193-9eb657bdd5be:group-F842F7E6DCF7 change Leader from null to 03c01628-5ddd-4710-9193-9eb657bdd5be at term 1 for becomeLeader, leader elected after 1101ms
2019-07-08 14:41:01,277 INFO  impl.RoleInfo (RoleInfo.java:shutdownLeaderElection(134)) - c928bbcd-fd4d-42e0-82fd-2c834b19fd85: shutdown LeaderElection
2019-07-08 14:41:01,277 INFO  server.RaftServerConfigKeys (ConfUtils.java:logGet(43)) - raft.server.staging.catchup.gap = 1000 (default)
2019-07-08 14:41:01,278 INFO  impl.RoleInfo (RoleInfo.java:updateAndGet(143)) - c928bbcd-fd4d-42e0-82fd-2c834b19fd85: start FollowerState
2019-07-08 14:41:01,278 INFO  server.RaftServerConfigKeys (ConfUtils.java:logGet(43)) - raft.server.rpc.sleep.time = 25ms (default)
2019-07-08 14:41:01,280 INFO  server.RaftServerConfigKeys (ConfUtils.java:logGet(43)) - raft.server.write.element-limit = 4096 (default)
2019-07-08 14:41:01,280 INFO  server.RaftServerConfigKeys (ConfUtils.java:logGet(43)) - raft.server.watch.timeout = 10s (default)
2019-07-08 14:41:01,280 INFO  server.RaftServerConfigKeys (ConfUtils.java:logGet(43)) - raft.server.watch.timeout.denomination = 1s (default)
2019-07-08 14:41:01,280 INFO  server.RaftServerConfigKeys (ConfUtils.java:logGet(43)) - raft.server.watch.element-limit = 65536 (default)
 0.00% |█                                                                                                    |  0/1 Time: 0:00:012019-07-08 14:41:01,280 INFO  server.RaftServerConfigKeys (ConfUtils.java:logGet(43)) - raft.server.log.appender.snapshot.chunk.size.max = 16MB (=16777216) (default)
2019-07-08 14:41:01,281 INFO  server.RaftServerConfigKeys (ConfUtils.java:logGet(43)) - raft.server.log.appender.buffer.byte-limit = 33554432 (custom)
2019-07-08 14:41:01,281 INFO  server.RaftServerConfigKeys (ConfUtils.java:logGet(43)) - raft.server.log.appender.buffer.element-limit = 1 (custom)
2019-07-08 14:41:01,281 INFO  grpc.GrpcConfigKeys$Server (ConfUtils.java:logGet(43)) - raft.grpc.server.leader.outstanding.appends.max = 128 (default)
2019-07-08 14:41:01,281 INFO  server.RaftServerConfigKeys (ConfUtils.java:logGet(43)) - raft.server.rpc.request.timeout = 3000ms (default)
2019-07-08 14:41:01,282 INFO  server.RaftServerConfigKeys (ConfUtils.java:logGet(43)) - raft.server.log.appender.install.snapshot.enabled = false (custom)
2019-07-08 14:41:01,282 INFO  server.RaftServerConfigKeys (ConfUtils.java:logGet(43)) - raft.server.log.appender.snapshot.chunk.size.max = 16MB (=16777216) (default)
2019-07-08 14:41:01,282 INFO  server.RaftServerConfigKeys (ConfUtils.java:logGet(43)) - raft.server.log.appender.buffer.byte-limit = 33554432 (custom)
2019-07-08 14:41:01,282 INFO  server.RaftServerConfigKeys (ConfUtils.java:logGet(43)) - raft.server.log.appender.buffer.element-limit = 1 (custom)
2019-07-08 14:41:01,283 INFO  grpc.GrpcConfigKeys$Server (ConfUtils.java:logGet(43)) - raft.grpc.server.leader.outstanding.appends.max = 128 (default)
2019-07-08 14:41:01,283 INFO  server.RaftServerConfigKeys (ConfUtils.java:logGet(43)) - raft.server.rpc.request.timeout = 3000ms (default)
2019-07-08 14:41:01,283 INFO  server.RaftServerConfigKeys (ConfUtils.java:logGet(43)) - raft.server.log.appender.install.snapshot.enabled = false (custom)
2019-07-08 14:41:01,283 INFO  impl.RoleInfo (RoleInfo.java:updateAndGet(143)) - 03c01628-5ddd-4710-9193-9eb657bdd5be: start LeaderState
2019-07-08 14:41:01,284 INFO  segmented.SegmentedRaftLogWorker (SegmentedRaftLogWorker.java:startLogSegment(380)) - 03c01628-5ddd-4710-9193-9eb657bdd5be-SegmentedRaftLogWorker:Storage Directory /tmp/workdir/hadoop-ozone/tools/target/test-dir/MiniOzoneClusterImpl-11a7c84e-c822-4a04-8546-d1cd68ffd253/datanode-1/data/ratis/ec341077-46a3-4fa2-b517-f842f7e6dcf7: Starting segment from index:0
2019-07-08 14:41:01,285 INFO  impl.RaftServerImpl (ServerState.java:setRaftConf(361)) - 03c01628-5ddd-4710-9193-9eb657bdd5be:group-F842F7E6DCF7 set configuration 0: [e4dcb69b-3ac0-48cc-9c49-985031243b55:192.168.5.186:36445, c928bbcd-fd4d-42e0-82fd-2c834b19fd85:192.168.5.186:44136, 03c01628-5ddd-4710-9193-9eb657bdd5be:192.168.5.186:44797], old=null at 0
2019-07-08 14:41:01,306 INFO  impl.RaftServerImpl (ServerState.java:setLeader(263)) - c928bbcd-fd4d-42e0-82fd-2c834b19fd85:group-F842F7E6DCF7 change Leader from null to 03c01628-5ddd-4710-9193-9eb657bdd5be at term 1 for appendEntries, leader elected after 1133ms
2019-07-08 14:41:01,306 INFO  impl.RaftServerImpl (ServerState.java:setLeader(263)) - e4dcb69b-3ac0-48cc-9c49-985031243b55:group-F842F7E6DCF7 change Leader from null to 03c01628-5ddd-4710-9193-9eb657bdd5be at term 1 for appendEntries, leader elected after 1133ms
2019-07-08 14:41:01,309 INFO  segmented.SegmentedRaftLogWorker (SegmentedRaftLogWorker.java:execute(569)) - 03c01628-5ddd-4710-9193-9eb657bdd5be-SegmentedRaftLogWorker:Storage Directory /tmp/workdir/hadoop-ozone/tools/target/test-dir/MiniOzoneClusterImpl-11a7c84e-c822-4a04-8546-d1cd68ffd253/datanode-1/data/ratis/ec341077-46a3-4fa2-b517-f842f7e6dcf7: created new log segment /tmp/workdir/hadoop-ozone/tools/target/test-dir/MiniOzoneClusterImpl-11a7c84e-c822-4a04-8546-d1cd68ffd253/datanode-1/data/ratis/ec341077-46a3-4fa2-b517-f842f7e6dcf7/current/log_inprogress_0
2019-07-08 14:41:01,309 INFO  impl.RaftServerImpl (ServerState.java:setRaftConf(361)) - c928bbcd-fd4d-42e0-82fd-2c834b19fd85:group-F842F7E6DCF7 set configuration 0: [e4dcb69b-3ac0-48cc-9c49-985031243b55:192.168.5.186:36445, c928bbcd-fd4d-42e0-82fd-2c834b19fd85:192.168.5.186:44136, 03c01628-5ddd-4710-9193-9eb657bdd5be:192.168.5.186:44797], old=null at 0
2019-07-08 14:41:01,309 INFO  impl.RaftServerImpl (ServerState.java:setRaftConf(361)) - e4dcb69b-3ac0-48cc-9c49-985031243b55:group-F842F7E6DCF7 set configuration 0: [e4dcb69b-3ac0-48cc-9c49-985031243b55:192.168.5.186:36445, c928bbcd-fd4d-42e0-82fd-2c834b19fd85:192.168.5.186:44136, 03c01628-5ddd-4710-9193-9eb657bdd5be:192.168.5.186:44797], old=null at 0
2019-07-08 14:41:01,310 INFO  segmented.SegmentedRaftLogWorker (SegmentedRaftLogWorker.java:startLogSegment(380)) - c928bbcd-fd4d-42e0-82fd-2c834b19fd85-SegmentedRaftLogWorker:Storage Directory /tmp/workdir/hadoop-ozone/tools/target/test-dir/MiniOzoneClusterImpl-11a7c84e-c822-4a04-8546-d1cd68ffd253/datanode-2/data/ratis/ec341077-46a3-4fa2-b517-f842f7e6dcf7: Starting segment from index:0
2019-07-08 14:41:01,311 INFO  segmented.SegmentedRaftLogWorker (SegmentedRaftLogWorker.java:startLogSegment(380)) - e4dcb69b-3ac0-48cc-9c49-985031243b55-SegmentedRaftLogWorker:Storage Directory /tmp/workdir/hadoop-ozone/tools/target/test-dir/MiniOzoneClusterImpl-11a7c84e-c822-4a04-8546-d1cd68ffd253/datanode-0/data/ratis/ec341077-46a3-4fa2-b517-f842f7e6dcf7: Starting segment from index:0
2019-07-08 14:41:01,331 INFO  segmented.SegmentedRaftLogWorker (SegmentedRaftLogWorker.java:execute(569)) - e4dcb69b-3ac0-48cc-9c49-985031243b55-SegmentedRaftLogWorker:Storage Directory /tmp/workdir/hadoop-ozone/tools/target/test-dir/MiniOzoneClusterImpl-11a7c84e-c822-4a04-8546-d1cd68ffd253/datanode-0/data/ratis/ec341077-46a3-4fa2-b517-f842f7e6dcf7: created new log segment /tmp/workdir/hadoop-ozone/tools/target/test-dir/MiniOzoneClusterImpl-11a7c84e-c822-4a04-8546-d1cd68ffd253/datanode-0/data/ratis/ec341077-46a3-4fa2-b517-f842f7e6dcf7/current/log_inprogress_0
2019-07-08 14:41:01,334 INFO  segmented.SegmentedRaftLogWorker (SegmentedRaftLogWorker.java:execute(569)) - c928bbcd-fd4d-42e0-82fd-2c834b19fd85-SegmentedRaftLogWorker:Storage Directory /tmp/workdir/hadoop-ozone/tools/target/test-dir/MiniOzoneClusterImpl-11a7c84e-c822-4a04-8546-d1cd68ffd253/datanode-2/data/ratis/ec341077-46a3-4fa2-b517-f842f7e6dcf7: created new log segment /tmp/workdir/hadoop-ozone/tools/target/test-dir/MiniOzoneClusterImpl-11a7c84e-c822-4a04-8546-d1cd68ffd253/datanode-2/data/ratis/ec341077-46a3-4fa2-b517-f842f7e6dcf7/current/log_inprogress_0
2019-07-08 14:41:01,349 INFO  client.GrpcClientProtocolClient (GrpcClientProtocolClient.java:onNext(255)) - client-83BCDF9B7B36->c928bbcd-fd4d-42e0-82fd-2c834b19fd85: receive RaftClientReply:client-83BCDF9B7B36->c928bbcd-fd4d-42e0-82fd-2c834b19fd85@group-F842F7E6DCF7, cid=61, FAILED org.apache.ratis.protocol.NotLeaderException: Server c928bbcd-fd4d-42e0-82fd-2c834b19fd85 is not the leader (03c01628-5ddd-4710-9193-9eb657bdd5be:192.168.5.186:44797). Request must be sent to leader., logIndex=0, commits[c928bbcd-fd4d-42e0-82fd-2c834b19fd85:c-1, e4dcb69b-3ac0-48cc-9c49-985031243b55:c-1, 03c01628-5ddd-4710-9193-9eb657bdd5be:c-1]
2019-07-08 14:41:01,437 INFO  client.GrpcClientProtocolClient (GrpcClientProtocolClient.java:onNext(255)) - client-83BCDF9B7B36->03c01628-5ddd-4710-9193-9eb657bdd5be: receive RaftClientReply:client-83BCDF9B7B36->03c01628-5ddd-4710-9193-9eb657bdd5be@group-F842F7E6DCF7, cid=61, SUCCESS, logIndex=1, commits[03c01628-5ddd-4710-9193-9eb657bdd5be:c1, e4dcb69b-3ac0-48cc-9c49-985031243b55:c0, c928bbcd-fd4d-42e0-82fd-2c834b19fd85:c0]
2019-07-08 14:41:01,481 INFO  client.GrpcClientProtocolClient (GrpcClientProtocolClient.java:onNext(255)) - client-83BCDF9B7B36->03c01628-5ddd-4710-9193-9eb657bdd5be: receive RaftClientReply:client-83BCDF9B7B36->03c01628-5ddd-4710-9193-9eb657bdd5be@group-F842F7E6DCF7, cid=62, SUCCESS, logIndex=3, commits[03c01628-5ddd-4710-9193-9eb657bdd5be:c8, e4dcb69b-3ac0-48cc-9c49-985031243b55:c6, c928bbcd-fd4d-42e0-82fd-2c834b19fd85:c6]
2019-07-08 14:41:01,483 INFO  client.GrpcClientProtocolClient (GrpcClientProtocolClient.java:onNext(255)) - client-83BCDF9B7B36->03c01628-5ddd-4710-9193-9eb657bdd5be: receive RaftClientReply:client-83BCDF9B7B36->03c01628-5ddd-4710-9193-9eb657bdd5be@group-F842F7E6DCF7, cid=63, SUCCESS, logIndex=4, commits[03c01628-5ddd-4710-9193-9eb657bdd5be:c8, e4dcb69b-3ac0-48cc-9c49-985031243b55:c6, c928bbcd-fd4d-42e0-82fd-2c834b19fd85:c6]
2019-07-08 14:41:01,516 INFO  client.GrpcClientProtocolClient (GrpcClientProtocolClient.java:onNext(255)) - client-83BCDF9B7B36->03c01628-5ddd-4710-9193-9eb657bdd5be: receive RaftClientReply:client-83BCDF9B7B36->03c01628-5ddd-4710-9193-9eb657bdd5be@group-F842F7E6DCF7, cid=64, SUCCESS, logIndex=6, commits[03c01628-5ddd-4710-9193-9eb657bdd5be:c8, e4dcb69b-3ac0-48cc-9c49-985031243b55:c6, c928bbcd-fd4d-42e0-82fd-2c834b19fd85:c6]
2019-07-08 14:41:01,540 INFO  client.GrpcClientProtocolClient (GrpcClientProtocolClient.java:onNext(255)) - client-83BCDF9B7B36->03c01628-5ddd-4710-9193-9eb657bdd5be: receive RaftClientReply:client-83BCDF9B7B36->03c01628-5ddd-4710-9193-9eb657bdd5be@group-F842F7E6DCF7, cid=65, SUCCESS, logIndex=9, commits[03c01628-5ddd-4710-9193-9eb657bdd5be:c10, e4dcb69b-3ac0-48cc-9c49-985031243b55:c8, c928bbcd-fd4d-42e0-82fd-2c834b19fd85:c8]
2019-07-08 14:41:01,541 INFO  client.GrpcClientProtocolClient (GrpcClientProtocolClient.java:onNext(255)) - client-83BCDF9B7B36->03c01628-5ddd-4710-9193-9eb657bdd5be: receive RaftClientReply:client-83BCDF9B7B36->03c01628-5ddd-4710-9193-9eb657bdd5be@group-F842F7E6DCF7, cid=66, SUCCESS, logIndex=10, commits[03c01628-5ddd-4710-9193-9eb657bdd5be:c12, e4dcb69b-3ac0-48cc-9c49-985031243b55:c8, c928bbcd-fd4d-42e0-82fd-2c834b19fd85:c8]
2019-07-08 14:41:01,542 INFO  client.GrpcClientProtocolClient (GrpcClientProtocolClient.java:onNext(255)) - client-83BCDF9B7B36->03c01628-5ddd-4710-9193-9eb657bdd5be: receive RaftClientReply:client-83BCDF9B7B36->03c01628-5ddd-4710-9193-9eb657bdd5be@group-F842F7E6DCF7, cid=67, SUCCESS, logIndex=11, commits[03c01628-5ddd-4710-9193-9eb657bdd5be:c12, e4dcb69b-3ac0-48cc-9c49-985031243b55:c8, c928bbcd-fd4d-42e0-82fd-2c834b19fd85:c8]
2019-07-08 14:41:01,543 INFO  client.GrpcClientProtocolClient (GrpcClientProtocolClient.java:onNext(255)) - client-83BCDF9B7B36->03c01628-5ddd-4710-9193-9eb657bdd5be: receive RaftClientReply:client-83BCDF9B7B36->03c01628-5ddd-4710-9193-9eb657bdd5be@group-F842F7E6DCF7, cid=68, SUCCESS, logIndex=12, commits[03c01628-5ddd-4710-9193-9eb657bdd5be:c12, e4dcb69b-3ac0-48cc-9c49-985031243b55:c8, c928bbcd-fd4d-42e0-82fd-2c834b19fd85:c8]
2019-07-08 14:41:01,548 INFO  client.GrpcClientProtocolClient (GrpcClientProtocolClient.java:onNext(255)) - client-83BCDF9B7B36->03c01628-5ddd-4710-9193-9eb657bdd5be: receive RaftClientReply:client-83BCDF9B7B36->03c01628-5ddd-4710-9193-9eb657bdd5be@group-F842F7E6DCF7, cid=69, SUCCESS, logIndex=0, commits[03c01628-5ddd-4710-9193-9eb657bdd5be:c13, e4dcb69b-3ac0-48cc-9c49-985031243b55:c10, c928bbcd-fd4d-42e0-82fd-2c834b19fd85:c10]
2019-07-08 14:41:01,556 INFO  client.GrpcClientProtocolClient (GrpcClientProtocolClient.java:onNext(255)) - client-83BCDF9B7B36->03c01628-5ddd-4710-9193-9eb657bdd5be: receive RaftClientReply:client-83BCDF9B7B36->03c01628-5ddd-4710-9193-9eb657bdd5be@group-F842F7E6DCF7, cid=70, SUCCESS, logIndex=0, commits[03c01628-5ddd-4710-9193-9eb657bdd5be:c15, e4dcb69b-3ac0-48cc-9c49-985031243b55:c12, c928bbcd-fd4d-42e0-82fd-2c834b19fd85:c12]
2019-07-08 14:41:01,644 INFO  client.GrpcClientProtocolClient (GrpcClientProtocolClient.java:onNext(255)) - client-83BCDF9B7B36->03c01628-5ddd-4710-9193-9eb657bdd5be: receive RaftClientReply:client-83BCDF9B7B36->03c01628-5ddd-4710-9193-9eb657bdd5be@group-F842F7E6DCF7, cid=71, SUCCESS, logIndex=17, commits[03c01628-5ddd-4710-9193-9eb657bdd5be:c20, e4dcb69b-3ac0-48cc-9c49-985031243b55:c16, c928bbcd-fd4d-42e0-82fd-2c834b19fd85:c16]
2019-07-08 14:41:01,662 INFO  client.GrpcClientProtocolClient (GrpcClientProtocolClient.java:onNext(255)) - client-83BCDF9B7B36->03c01628-5ddd-4710-9193-9eb657bdd5be: receive RaftClientReply:client-83BCDF9B7B36->03c01628-5ddd-4710-9193-9eb657bdd5be@group-F842F7E6DCF7, cid=72, SUCCESS, logIndex=18, commits[03c01628-5ddd-4710-9193-9eb657bdd5be:c23, e4dcb69b-3ac0-48cc-9c49-985031243b55:c20, c928bbcd-fd4d-42e0-82fd-2c834b19fd85:c20]
2019-07-08 14:41:01,663 INFO  client.GrpcClientProtocolClient (GrpcClientProtocolClient.java:onNext(255)) - client-83BCDF9B7B36->03c01628-5ddd-4710-9193-9eb657bdd5be: receive RaftClientReply:client-83BCDF9B7B36->03c01628-5ddd-4710-9193-9eb657bdd5be@group-F842F7E6DCF7, cid=73, SUCCESS, logIndex=19, commits[03c01628-5ddd-4710-9193-9eb657bdd5be:c23, e4dcb69b-3ac0-48cc-9c49-985031243b55:c20, c928bbcd-fd4d-42e0-82fd-2c834b19fd85:c20]
2019-07-08 14:41:01,711 INFO  client.GrpcClientProtocolClient (GrpcClientProtocolClient.java:onNext(255)) - client-83BCDF9B7B36->03c01628-5ddd-4710-9193-9eb657bdd5be: receive RaftClientReply:client-83BCDF9B7B36->03c01628-5ddd-4710-9193-9eb657bdd5be@group-F842F7E6DCF7, cid=74, SUCCESS, logIndex=20, commits[03c01628-5ddd-4710-9193-9eb657bdd5be:c23, e4dcb69b-3ac0-48cc-9c49-985031243b55:c20, c928bbcd-fd4d-42e0-82fd-2c834b19fd85:c20]
2019-07-08 14:41:01,739 INFO  client.GrpcClientProtocolClient (GrpcClientProtocolClient.java:onNext(255)) - client-83BCDF9B7B36->03c01628-5ddd-4710-9193-9eb657bdd5be: receive RaftClientReply:client-83BCDF9B7B36->03c01628-5ddd-4710-9193-9eb657bdd5be@group-F842F7E6DCF7, cid=75, SUCCESS, logIndex=24, commits[03c01628-5ddd-4710-9193-9eb657bdd5be:c25, e4dcb69b-3ac0-48cc-9c49-985031243b55:c23, c928bbcd-fd4d-42e0-82fd-2c834b19fd85:c20]
2019-07-08 14:41:01,740 INFO  client.GrpcClientProtocolClient (GrpcClientProtocolClient.java:onNext(255)) - client-83BCDF9B7B36->03c01628-5ddd-4710-9193-9eb657bdd5be: receive RaftClientReply:client-83BCDF9B7B36->03c01628-5ddd-4710-9193-9eb657bdd5be@group-F842F7E6DCF7, cid=76, SUCCESS, logIndex=25, commits[03c01628-5ddd-4710-9193-9eb657bdd5be:c25, e4dcb69b-3ac0-48cc-9c49-985031243b55:c23, c928bbcd-fd4d-42e0-82fd-2c834b19fd85:c20]
2019-07-08 14:41:01,835 INFO  client.GrpcClientProtocolClient (GrpcClientProtocolClient.java:onNext(255)) - client-83BCDF9B7B36->03c01628-5ddd-4710-9193-9eb657bdd5be: receive RaftClientReply:client-83BCDF9B7B36->03c01628-5ddd-4710-9193-9eb657bdd5be@group-F842F7E6DCF7, cid=77, SUCCESS, logIndex=26, commits[03c01628-5ddd-4710-9193-9eb657bdd5be:c27, e4dcb69b-3ac0-48cc-9c49-985031243b55:c23, c928bbcd-fd4d-42e0-82fd-2c834b19fd85:c23]
2019-07-08 14:41:01,839 INFO  client.GrpcClientProtocolClient (GrpcClientProtocolClient.java:onNext(255)) - client-83BCDF9B7B36->03c01628-5ddd-4710-9193-9eb657bdd5be: receive RaftClientReply:client-83BCDF9B7B36->03c01628-5ddd-4710-9193-9eb657bdd5be@group-F842F7E6DCF7, cid=78, SUCCESS, logIndex=27, commits[03c01628-5ddd-4710-9193-9eb657bdd5be:c29, e4dcb69b-3ac0-48cc-9c49-985031243b55:c23, c928bbcd-fd4d-42e0-82fd-2c834b19fd85:c25]
2019-07-08 14:41:01,841 INFO  client.GrpcClientProtocolClient (GrpcClientProtocolClient.java:onNext(255)) - client-83BCDF9B7B36->03c01628-5ddd-4710-9193-9eb657bdd5be: receive RaftClientReply:client-83BCDF9B7B36->03c01628-5ddd-4710-9193-9eb657bdd5be@group-F842F7E6DCF7, cid=79, SUCCESS, logIndex=0, commits[03c01628-5ddd-4710-9193-9eb657bdd5be:c30, e4dcb69b-3ac0-48cc-9c49-985031243b55:c27, c928bbcd-fd4d-42e0-82fd-2c834b19fd85:c27]
2019-07-08 14:41:01,843 INFO  client.GrpcClientProtocolClient (GrpcClientProtocolClient.java:onNext(255)) - client-83BCDF9B7B36->03c01628-5ddd-4710-9193-9eb657bdd5be: receive RaftClientReply:client-83BCDF9B7B36->03c01628-5ddd-4710-9193-9eb657bdd5be@group-F842F7E6DCF7, cid=80, SUCCESS, logIndex=0, commits[03c01628-5ddd-4710-9193-9eb657bdd5be:c30, e4dcb69b-3ac0-48cc-9c49-985031243b55:c27, c928bbcd-fd4d-42e0-82fd-2c834b19fd85:c27]
2019-07-08 14:41:01,851 INFO  keyvalue.KeyValueHandler (ContainerUtils.java:logAndReturnError(146)) - Operation: CreateContainer : Trace ID: 4d6a541de5eeb49a:9fb93d8ee7bfb934:a8aad77848fb7918:0 : Message: Container creation failed, due to disk out of space : Result: DISK_OUT_OF_SPACE
2019-07-08 14:41:01,855 INFO  keyvalue.KeyValueHandler (ContainerUtils.java:logAndReturnError(146)) - Operation: CreateContainer : Trace ID: 4d6a541de5eeb49a:c6f419e3332b6ea4:a8aad77848fb7918:0 : Message: Container creation failed, due to disk out of space : Result: DISK_OUT_OF_SPACE
2019-07-08 14:41:01,858 INFO  keyvalue.KeyValueHandler (ContainerUtils.java:logAndReturnError(146)) - Operation: CreateContainer : Trace ID: 4d6a541de5eeb49a:9fb93d8ee7bfb934:a8aad77848fb7918:0 : Message: Container creation failed, due to disk out of space : Result: DISK_OUT_OF_SPACE
2019-07-08 14:41:01,861 INFO  keyvalue.KeyValueHandler (ContainerUtils.java:logAndReturnError(146)) - Operation: CreateContainer : Trace ID: 4d6a541de5eeb49a:c6f419e3332b6ea4:a8aad77848fb7918:0 : Message: Container creation failed, due to disk out of space : Result: DISK_OUT_OF_SPACE
14:41:01.861 [pool-26-thread-11] ERROR DNAudit - user=null | ip=null | op=WRITE_CHUNK {blockData=conID: 6 locID: 102406347836555273 bcsId: 0} | ret=FAILURE
org.apache.hadoop.hdds.scm.container.common.helpers.StorageContainerException: ContainerID 6 creation failed
	at org.apache.hadoop.ozone.container.common.impl.HddsDispatcher.dispatchRequest(HddsDispatcher.java:227) ~[classes/:?]
	at org.apache.hadoop.ozone.container.common.impl.HddsDispatcher.dispatch(HddsDispatcher.java:148) ~[classes/:?]
	at org.apache.hadoop.ozone.container.common.transport.server.ratis.ContainerStateMachine.dispatchCommand(ContainerStateMachine.java:346) ~[classes/:?]
	at org.apache.hadoop.ozone.container.common.transport.server.ratis.ContainerStateMachine.runCommand(ContainerStateMachine.java:353) ~[classes/:?]
	at org.apache.hadoop.ozone.container.common.transport.server.ratis.ContainerStateMachine.lambda$handleWriteChunk$0(ContainerStateMachine.java:384) ~[classes/:?]
	at java.util.concurrent.CompletableFuture$AsyncSupply.run(CompletableFuture.java:1590) [?:1.8.0_212]
	at java.util.concurrent.ThreadPoolExecutor.runWorker(ThreadPoolExecutor.java:1149) [?:1.8.0_212]
	at java.util.concurrent.ThreadPoolExecutor$Worker.run(ThreadPoolExecutor.java:624) [?:1.8.0_212]
	at java.lang.Thread.run(Thread.java:748) [?:1.8.0_212]
14:41:01.854 [pool-47-thread-45] ERROR DNAudit - user=null | ip=null | op=WRITE_CHUNK {blockData=conID: 6 locID: 102406347836555273 bcsId: 0} | ret=FAILURE
org.apache.hadoop.hdds.scm.container.common.helpers.StorageContainerException: ContainerID 6 creation failed
	at org.apache.hadoop.ozone.container.common.impl.HddsDispatcher.dispatchRequest(HddsDispatcher.java:227) ~[classes/:?]
	at org.apache.hadoop.ozone.container.common.impl.HddsDispatcher.dispatch(HddsDispatcher.java:148) ~[classes/:?]
	at org.apache.hadoop.ozone.container.common.transport.server.ratis.ContainerStateMachine.dispatchCommand(ContainerStateMachine.java:346) ~[classes/:?]
	at org.apache.hadoop.ozone.container.common.transport.server.ratis.ContainerStateMachine.runCommand(ContainerStateMachine.java:353) ~[classes/:?]
	at org.apache.hadoop.ozone.container.common.transport.server.ratis.ContainerStateMachine.lambda$handleWriteChunk$0(ContainerStateMachine.java:384) ~[classes/:?]
	at java.util.concurrent.CompletableFuture$AsyncSupply.run(CompletableFuture.java:1590) [?:1.8.0_212]
	at java.util.concurrent.ThreadPoolExecutor.runWorker(ThreadPoolExecutor.java:1149) [?:1.8.0_212]
	at java.util.concurrent.ThreadPoolExecutor$Worker.run(ThreadPoolExecutor.java:624) [?:1.8.0_212]
	at java.lang.Thread.run(Thread.java:748) [?:1.8.0_212]
14:41:01.857 [pool-47-thread-48] ERROR DNAudit - user=null | ip=null | op=WRITE_CHUNK {blockData=conID: 6 locID: 102406347836555273 bcsId: 0} | ret=FAILURE
org.apache.hadoop.hdds.scm.container.common.helpers.StorageContainerException: ContainerID 6 creation failed
	at org.apache.hadoop.ozone.container.common.impl.HddsDispatcher.dispatchRequest(HddsDispatcher.java:227) ~[classes/:?]
	at org.apache.hadoop.ozone.container.common.impl.HddsDispatcher.dispatch(HddsDispatcher.java:148) ~[classes/:?]
	at org.apache.hadoop.ozone.container.common.transport.server.ratis.ContainerStateMachine.dispatchCommand(ContainerStateMachine.java:346) ~[classes/:?]
	at org.apache.hadoop.ozone.container.common.transport.server.ratis.ContainerStateMachine.runCommand(ContainerStateMachine.java:353) ~[classes/:?]
	at org.apache.hadoop.ozone.container.common.transport.server.ratis.ContainerStateMachine.lambda$handleWriteChunk$0(ContainerStateMachine.java:384) ~[classes/:?]
	at java.util.concurrent.CompletableFuture$AsyncSupply.run(CompletableFuture.java:1590) [?:1.8.0_212]
	at java.util.concurrent.ThreadPoolExecutor.runWorker(ThreadPoolExecutor.java:1149) [?:1.8.0_212]
	at java.util.concurrent.ThreadPoolExecutor$Worker.run(ThreadPoolExecutor.java:624) [?:1.8.0_212]
	at java.lang.Thread.run(Thread.java:748) [?:1.8.0_212]
14:41:01.858 [pool-26-thread-7] ERROR DNAudit - user=null | ip=null | op=WRITE_CHUNK {blockData=conID: 6 locID: 102406347836555273 bcsId: 0} | ret=FAILURE
org.apache.hadoop.hdds.scm.container.common.helpers.StorageContainerException: ContainerID 6 creation failed
	at org.apache.hadoop.ozone.container.common.impl.HddsDispatcher.dispatchRequest(HddsDispatcher.java:227) ~[classes/:?]
	at org.apache.hadoop.ozone.container.common.impl.HddsDispatcher.dispatch(HddsDispatcher.java:148) ~[classes/:?]
	at org.apache.hadoop.ozone.container.common.transport.server.ratis.ContainerStateMachine.dispatchCommand(ContainerStateMachine.java:346) ~[classes/:?]
	at org.apache.hadoop.ozone.container.common.transport.server.ratis.ContainerStateMachine.runCommand(ContainerStateMachine.java:353) ~[classes/:?]
	at org.apache.hadoop.ozone.container.common.transport.server.ratis.ContainerStateMachine.lambda$handleWriteChunk$0(ContainerStateMachine.java:384) ~[classes/:?]
	at java.util.concurrent.CompletableFuture$AsyncSupply.run(CompletableFuture.java:1590) [?:1.8.0_212]
	at java.util.concurrent.ThreadPoolExecutor.runWorker(ThreadPoolExecutor.java:1149) [?:1.8.0_212]
	at java.util.concurrent.ThreadPoolExecutor$Worker.run(ThreadPoolExecutor.java:624) [?:1.8.0_212]
	at java.lang.Thread.run(Thread.java:748) [?:1.8.0_212]
2019-07-08 14:41:01,868 INFO  impl.HddsDispatcher (ContainerUtils.java:logAndReturnError(146)) - Operation: WriteChunk : Trace ID: 4d6a541de5eeb49a:c6f419e3332b6ea4:a8aad77848fb7918:0 : Message: ContainerID 6 creation failed : Result: DISK_OUT_OF_SPACE
2019-07-08 14:41:01,868 INFO  impl.HddsDispatcher (ContainerUtils.java:logAndReturnError(146)) - Operation: WriteChunk : Trace ID: 4d6a541de5eeb49a:c6f419e3332b6ea4:a8aad77848fb7918:0 : Message: ContainerID 6 creation failed : Result: DISK_OUT_OF_SPACE
2019-07-08 14:41:01,868 INFO  impl.HddsDispatcher (ContainerUtils.java:logAndReturnError(146)) - Operation: WriteChunk : Trace ID: 4d6a541de5eeb49a:9fb93d8ee7bfb934:a8aad77848fb7918:0 : Message: ContainerID 6 creation failed : Result: DISK_OUT_OF_SPACE
2019-07-08 14:41:01,868 INFO  impl.HddsDispatcher (ContainerUtils.java:logAndReturnError(146)) - Operation: WriteChunk : Trace ID: 4d6a541de5eeb49a:9fb93d8ee7bfb934:a8aad77848fb7918:0 : Message: ContainerID 6 creation failed : Result: DISK_OUT_OF_SPACE
14:41:02.011 [pool-54-thread-1] ERROR DNAudit - user=null | ip=null | op=WRITE_CHUNK {blockData=conID: 6 locID: 102406347836555273 bcsId: 0} | ret=FAILURE
org.apache.hadoop.hdds.scm.container.common.helpers.StorageContainerException: ContainerID 6 does not exist
	at org.apache.hadoop.ozone.container.common.impl.HddsDispatcher.dispatchRequest(HddsDispatcher.java:242) ~[classes/:?]
	at org.apache.hadoop.ozone.container.common.impl.HddsDispatcher.dispatch(HddsDispatcher.java:148) ~[classes/:?]
	at org.apache.hadoop.ozone.container.common.transport.server.ratis.ContainerStateMachine.dispatchCommand(ContainerStateMachine.java:346) ~[classes/:?]
	at org.apache.hadoop.ozone.container.common.transport.server.ratis.ContainerStateMachine.runCommand(ContainerStateMachine.java:353) ~[classes/:?]
	at org.apache.hadoop.ozone.container.common.transport.server.ratis.ContainerStateMachine.lambda$applyTransaction$5(ContainerStateMachine.java:620) ~[classes/:?]
	at java.util.concurrent.CompletableFuture$AsyncSupply.run(CompletableFuture.java:1590) [?:1.8.0_212]
	at java.util.concurrent.ThreadPoolExecutor.runWorker(ThreadPoolExecutor.java:1149) [?:1.8.0_212]
	at java.util.concurrent.ThreadPoolExecutor$Worker.run(ThreadPoolExecutor.java:624) [?:1.8.0_212]
	at java.lang.Thread.run(Thread.java:748) [?:1.8.0_212]
2019-07-08 14:41:02,011 INFO  impl.HddsDispatcher (ContainerUtils.java:logAndReturnError(146)) - Operation: WriteChunk : Trace ID: 4d6a541de5eeb49a:9fb93d8ee7bfb934:a8aad77848fb7918:0 : Message: ContainerID 6 does not exist : Result: CONTAINER_NOT_FOUND
14:41:02.012 [pool-54-thread-1] ERROR DNAudit - user=null | ip=null | op=PUT_BLOCK {blockData=[blockId=conID: 6 locID: 102406347836555273 bcsId: 0,size=1048576]} | ret=FAILURE
org.apache.hadoop.hdds.scm.container.common.helpers.StorageContainerException: ContainerID 6 does not exist
	at org.apache.hadoop.ozone.container.common.impl.HddsDispatcher.dispatchRequest(HddsDispatcher.java:242) ~[classes/:?]
	at org.apache.hadoop.ozone.container.common.impl.HddsDispatcher.dispatch(HddsDispatcher.java:148) ~[classes/:?]
	at org.apache.hadoop.ozone.container.common.transport.server.ratis.ContainerStateMachine.dispatchCommand(ContainerStateMachine.java:346) ~[classes/:?]
	at org.apache.hadoop.ozone.container.common.transport.server.ratis.ContainerStateMachine.runCommand(ContainerStateMachine.java:353) ~[classes/:?]
	at org.apache.hadoop.ozone.container.common.transport.server.ratis.ContainerStateMachine.lambda$applyTransaction$5(ContainerStateMachine.java:620) ~[classes/:?]
	at java.util.concurrent.CompletableFuture$AsyncSupply.run(CompletableFuture.java:1590) [?:1.8.0_212]
	at java.util.concurrent.ThreadPoolExecutor.runWorker(ThreadPoolExecutor.java:1149) [?:1.8.0_212]
	at java.util.concurrent.ThreadPoolExecutor$Worker.run(ThreadPoolExecutor.java:624) [?:1.8.0_212]
	at java.lang.Thread.run(Thread.java:748) [?:1.8.0_212]
2019-07-08 14:41:02,013 INFO  impl.HddsDispatcher (ContainerUtils.java:logAndReturnError(146)) - Operation: PutBlock : Trace ID: 4d6a541de5eeb49a:a07313cf225cc3aa:a8aad77848fb7918:0 : Message: ContainerID 6 does not exist : Result: CONTAINER_NOT_FOUND
2019-07-08 14:41:02,013 INFO  client.GrpcClientProtocolClient (GrpcClientProtocolClient.java:onNext(255)) - client-83BCDF9B7B36->03c01628-5ddd-4710-9193-9eb657bdd5be: receive RaftClientReply:client-83BCDF9B7B36->03c01628-5ddd-4710-9193-9eb657bdd5be@group-F842F7E6DCF7, cid=81, SUCCESS, logIndex=32, commits[03c01628-5ddd-4710-9193-9eb657bdd5be:c35, e4dcb69b-3ac0-48cc-9c49-985031243b55:c31, c928bbcd-fd4d-42e0-82fd-2c834b19fd85:c27]
14:41:02.014 [pool-54-thread-1] ERROR DNAudit - user=null | ip=null | op=WRITE_CHUNK {blockData=conID: 6 locID: 102406347836555273 bcsId: 0} | ret=FAILURE
org.apache.hadoop.hdds.scm.container.common.helpers.StorageContainerException: ContainerID 6 does not exist
	at org.apache.hadoop.ozone.container.common.impl.HddsDispatcher.dispatchRequest(HddsDispatcher.java:242) ~[classes/:?]
	at org.apache.hadoop.ozone.container.common.impl.HddsDispatcher.dispatch(HddsDispatcher.java:148) ~[classes/:?]
	at org.apache.hadoop.ozone.container.common.transport.server.ratis.ContainerStateMachine.dispatchCommand(ContainerStateMachine.java:346) ~[classes/:?]
	at org.apache.hadoop.ozone.container.common.transport.server.ratis.ContainerStateMachine.runCommand(ContainerStateMachine.java:353) ~[classes/:?]
	at org.apache.hadoop.ozone.container.common.transport.server.ratis.ContainerStateMachine.lambda$applyTransaction$5(ContainerStateMachine.java:620) ~[classes/:?]
	at java.util.concurrent.CompletableFuture$AsyncSupply.run(CompletableFuture.java:1590) [?:1.8.0_212]
	at java.util.concurrent.ThreadPoolExecutor.runWorker(ThreadPoolExecutor.java:1149) [?:1.8.0_212]
	at java.util.concurrent.ThreadPoolExecutor$Worker.run(ThreadPoolExecutor.java:624) [?:1.8.0_212]
	at java.lang.Thread.run(Thread.java:748) [?:1.8.0_212]
2019-07-08 14:41:02,014 ERROR storage.BlockOutputStream (BlockOutputStream.java:validateResponse(538)) - Unexpected Storage Container Exception: 
org.apache.hadoop.hdds.scm.container.common.helpers.StorageContainerException: ContainerID 6 does not exist
	at org.apache.hadoop.hdds.scm.storage.ContainerProtocolCalls.validateContainerResponse(ContainerProtocolCalls.java:536)
	at org.apache.hadoop.hdds.scm.storage.BlockOutputStream.validateResponse(BlockOutputStream.java:536)
	at org.apache.hadoop.hdds.scm.storage.BlockOutputStream.lambda$writeChunkToContainer$2(BlockOutputStream.java:614)
	at java.util.concurrent.CompletableFuture.uniApply(CompletableFuture.java:602)
	at java.util.concurrent.CompletableFuture$UniApply.tryFire(CompletableFuture.java:577)
	at java.util.concurrent.CompletableFuture$Completion.run(CompletableFuture.java:442)
	at java.util.concurrent.ThreadPoolExecutor.runWorker(ThreadPoolExecutor.java:1149)
	at java.util.concurrent.ThreadPoolExecutor$Worker.run(ThreadPoolExecutor.java:624)
	at java.lang.Thread.run(Thread.java:748)
2019-07-08 14:41:02,015 INFO  client.GrpcClientProtocolClient (GrpcClientProtocolClient.java:onNext(255)) - client-83BCDF9B7B36->03c01628-5ddd-4710-9193-9eb657bdd5be: receive RaftClientReply:client-83BCDF9B7B36->03c01628-5ddd-4710-9193-9eb657bdd5be@group-F842F7E6DCF7, cid=82, SUCCESS, logIndex=33, commits[03c01628-5ddd-4710-9193-9eb657bdd5be:c35, e4dcb69b-3ac0-48cc-9c49-985031243b55:c31, c928bbcd-fd4d-42e0-82fd-2c834b19fd85:c27]
2019-07-08 14:41:02,014 INFO  impl.HddsDispatcher (ContainerUtils.java:logAndReturnError(146)) - Operation: WriteChunk : Trace ID: 4d6a541de5eeb49a:c6f419e3332b6ea4:a8aad77848fb7918:0 : Message: ContainerID 6 does not exist : Result: CONTAINER_NOT_FOUND
14:41:02.016 [pool-33-thread-1] ERROR DNAudit - user=null | ip=null | op=WRITE_CHUNK {blockData=conID: 6 locID: 102406347836555273 bcsId: 0} | ret=FAILURE
org.apache.hadoop.hdds.scm.container.common.helpers.StorageContainerException: ContainerID 6 does not exist
	at org.apache.hadoop.ozone.container.common.impl.HddsDispatcher.dispatchRequest(HddsDispatcher.java:242) ~[classes/:?]
	at org.apache.hadoop.ozone.container.common.impl.HddsDispatcher.dispatch(HddsDispatcher.java:148) ~[classes/:?]
	at org.apache.hadoop.ozone.container.common.transport.server.ratis.ContainerStateMachine.dispatchCommand(ContainerStateMachine.java:346) ~[classes/:?]
	at org.apache.hadoop.ozone.container.common.transport.server.ratis.ContainerStateMachine.runCommand(ContainerStateMachine.java:353) ~[classes/:?]
	at org.apache.hadoop.ozone.container.common.transport.server.ratis.ContainerStateMachine.lambda$applyTransaction$5(ContainerStateMachine.java:620) ~[classes/:?]
	at java.util.concurrent.CompletableFuture$AsyncSupply.run(CompletableFuture.java:1590) [?:1.8.0_212]
	at java.util.concurrent.ThreadPoolExecutor.runWorker(ThreadPoolExecutor.java:1149) [?:1.8.0_212]
	at java.util.concurrent.ThreadPoolExecutor$Worker.run(ThreadPoolExecutor.java:624) [?:1.8.0_212]
	at java.lang.Thread.run(Thread.java:748) [?:1.8.0_212]
2019-07-08 14:41:02,017 INFO  impl.HddsDispatcher (ContainerUtils.java:logAndReturnError(146)) - Operation: WriteChunk : Trace ID: 4d6a541de5eeb49a:9fb93d8ee7bfb934:a8aad77848fb7918:0 : Message: ContainerID 6 does not exist : Result: CONTAINER_NOT_FOUND
14:41:02.016 [pool-54-thread-1] ERROR DNAudit - user=null | ip=null | op=PUT_BLOCK {blockData=[blockId=conID: 6 locID: 102406347836555273 bcsId: 0,size=2097152]} | ret=FAILURE
org.apache.hadoop.hdds.scm.container.common.helpers.StorageContainerException: ContainerID 6 does not exist
	at org.apache.hadoop.ozone.container.common.impl.HddsDispatcher.dispatchRequest(HddsDispatcher.java:242) ~[classes/:?]
	at org.apache.hadoop.ozone.container.common.impl.HddsDispatcher.dispatch(HddsDispatcher.java:148) ~[classes/:?]
	at org.apache.hadoop.ozone.container.common.transport.server.ratis.ContainerStateMachine.dispatchCommand(ContainerStateMachine.java:346) ~[classes/:?]
	at org.apache.hadoop.ozone.container.common.transport.server.ratis.ContainerStateMachine.runCommand(ContainerStateMachine.java:353) ~[classes/:?]
	at org.apache.hadoop.ozone.container.common.transport.server.ratis.ContainerStateMachine.lambda$applyTransaction$5(ContainerStateMachine.java:620) ~[classes/:?]
	at java.util.concurrent.CompletableFuture$AsyncSupply.run(CompletableFuture.java:1590) [?:1.8.0_212]
	at java.util.concurrent.ThreadPoolExecutor.runWorker(ThreadPoolExecutor.java:1149) [?:1.8.0_212]
	at java.util.concurrent.ThreadPoolExecutor$Worker.run(ThreadPoolExecutor.java:624) [?:1.8.0_212]
	at java.lang.Thread.run(Thread.java:748) [?:1.8.0_212]
2019-07-08 14:41:02,017 INFO  impl.HddsDispatcher (ContainerUtils.java:logAndReturnError(146)) - Operation: PutBlock : Trace ID: 4d6a541de5eeb49a:5d3b076ad6529321:a8aad77848fb7918:0 : Message: ContainerID 6 does not exist : Result: CONTAINER_NOT_FOUND
2019-07-08 14:41:02,017 INFO  client.GrpcClientProtocolClient (GrpcClientProtocolClient.java:onNext(255)) - client-83BCDF9B7B36->03c01628-5ddd-4710-9193-9eb657bdd5be: receive RaftClientReply:client-83BCDF9B7B36->03c01628-5ddd-4710-9193-9eb657bdd5be@group-F842F7E6DCF7, cid=83, SUCCESS, logIndex=34, commits[03c01628-5ddd-4710-9193-9eb657bdd5be:c35, e4dcb69b-3ac0-48cc-9c49-985031243b55:c31, c928bbcd-fd4d-42e0-82fd-2c834b19fd85:c27]
14:41:02.017 [pool-33-thread-1] ERROR DNAudit - user=null | ip=null | op=PUT_BLOCK {blockData=[blockId=conID: 6 locID: 102406347836555273 bcsId: 0,size=1048576]} | ret=FAILURE
org.apache.hadoop.hdds.scm.container.common.helpers.StorageContainerException: ContainerID 6 does not exist
	at org.apache.hadoop.ozone.container.common.impl.HddsDispatcher.dispatchRequest(HddsDispatcher.java:242) ~[classes/:?]
	at org.apache.hadoop.ozone.container.common.impl.HddsDispatcher.dispatch(HddsDispatcher.java:148) ~[classes/:?]
	at org.apache.hadoop.ozone.container.common.transport.server.ratis.ContainerStateMachine.dispatchCommand(ContainerStateMachine.java:346) ~[classes/:?]
	at org.apache.hadoop.ozone.container.common.transport.server.ratis.ContainerStateMachine.runCommand(ContainerStateMachine.java:353) ~[classes/:?]
	at org.apache.hadoop.ozone.container.common.transport.server.ratis.ContainerStateMachine.lambda$applyTransaction$5(ContainerStateMachine.java:620) ~[classes/:?]
	at java.util.concurrent.CompletableFuture$AsyncSupply.run(CompletableFuture.java:1590) [?:1.8.0_212]
	at java.util.concurrent.ThreadPoolExecutor.runWorker(ThreadPoolExecutor.java:1149) [?:1.8.0_212]
	at java.util.concurrent.ThreadPoolExecutor$Worker.run(ThreadPoolExecutor.java:624) [?:1.8.0_212]
	at java.lang.Thread.run(Thread.java:748) [?:1.8.0_212]
2019-07-08 14:41:02,017 INFO  impl.HddsDispatcher (ContainerUtils.java:logAndReturnError(146)) - Operation: PutBlock : Trace ID: 4d6a541de5eeb49a:a07313cf225cc3aa:a8aad77848fb7918:0 : Message: ContainerID 6 does not exist : Result: CONTAINER_NOT_FOUND
14:41:02.018 [pool-33-thread-1] ERROR DNAudit - user=null | ip=null | op=WRITE_CHUNK {blockData=conID: 6 locID: 102406347836555273 bcsId: 0} | ret=FAILURE
org.apache.hadoop.hdds.scm.container.common.helpers.StorageContainerException: ContainerID 6 does not exist
	at org.apache.hadoop.ozone.container.common.impl.HddsDispatcher.dispatchRequest(HddsDispatcher.java:242) ~[classes/:?]
	at org.apache.hadoop.ozone.container.common.impl.HddsDispatcher.dispatch(HddsDispatcher.java:148) ~[classes/:?]
	at org.apache.hadoop.ozone.container.common.transport.server.ratis.ContainerStateMachine.dispatchCommand(ContainerStateMachine.java:346) ~[classes/:?]
	at org.apache.hadoop.ozone.container.common.transport.server.ratis.ContainerStateMachine.runCommand(ContainerStateMachine.java:353) ~[classes/:?]
	at org.apache.hadoop.ozone.container.common.transport.server.ratis.ContainerStateMachine.lambda$applyTransaction$5(ContainerStateMachine.java:620) ~[classes/:?]
	at java.util.concurrent.CompletableFuture$AsyncSupply.run(CompletableFuture.java:1590) [?:1.8.0_212]
	at java.util.concurrent.ThreadPoolExecutor.runWorker(ThreadPoolExecutor.java:1149) [?:1.8.0_212]
	at java.util.concurrent.ThreadPoolExecutor$Worker.run(ThreadPoolExecutor.java:624) [?:1.8.0_212]
	at java.lang.Thread.run(Thread.java:748) [?:1.8.0_212]
2019-07-08 14:41:02,018 INFO  impl.HddsDispatcher (ContainerUtils.java:logAndReturnError(146)) - Operation: WriteChunk : Trace ID: 4d6a541de5eeb49a:c6f419e3332b6ea4:a8aad77848fb7918:0 : Message: ContainerID 6 does not exist : Result: CONTAINER_NOT_FOUND
2019-07-08 14:41:02,018 INFO  client.GrpcClientProtocolClient (GrpcClientProtocolClient.java:onNext(255)) - client-83BCDF9B7B36->03c01628-5ddd-4710-9193-9eb657bdd5be: receive RaftClientReply:client-83BCDF9B7B36->03c01628-5ddd-4710-9193-9eb657bdd5be@group-F842F7E6DCF7, cid=84, SUCCESS, logIndex=35, commits[03c01628-5ddd-4710-9193-9eb657bdd5be:c36, e4dcb69b-3ac0-48cc-9c49-985031243b55:c34, c928bbcd-fd4d-42e0-82fd-2c834b19fd85:c27]
14:41:02.019 [pool-33-thread-1] ERROR DNAudit - user=null | ip=null | op=PUT_BLOCK {blockData=[blockId=conID: 6 locID: 102406347836555273 bcsId: 0,size=2097152]} | ret=FAILURE
org.apache.hadoop.hdds.scm.container.common.helpers.StorageContainerException: ContainerID 6 does not exist
	at org.apache.hadoop.ozone.container.common.impl.HddsDispatcher.dispatchRequest(HddsDispatcher.java:242) ~[classes/:?]
	at org.apache.hadoop.ozone.container.common.impl.HddsDispatcher.dispatch(HddsDispatcher.java:148) ~[classes/:?]
	at org.apache.hadoop.ozone.container.common.transport.server.ratis.ContainerStateMachine.dispatchCommand(ContainerStateMachine.java:346) ~[classes/:?]
	at org.apache.hadoop.ozone.container.common.transport.server.ratis.ContainerStateMachine.runCommand(ContainerStateMachine.java:353) ~[classes/:?]
	at org.apache.hadoop.ozone.container.common.transport.server.ratis.ContainerStateMachine.lambda$applyTransaction$5(ContainerStateMachine.java:620) ~[classes/:?]
	at java.util.concurrent.CompletableFuture$AsyncSupply.run(CompletableFuture.java:1590) [?:1.8.0_212]
	at java.util.concurrent.ThreadPoolExecutor.runWorker(ThreadPoolExecutor.java:1149) [?:1.8.0_212]
	at java.util.concurrent.ThreadPoolExecutor$Worker.run(ThreadPoolExecutor.java:624) [?:1.8.0_212]
	at java.lang.Thread.run(Thread.java:748) [?:1.8.0_212]
2019-07-08 14:41:02,021 INFO  impl.HddsDispatcher (ContainerUtils.java:logAndReturnError(146)) - Operation: PutBlock : Trace ID: 4d6a541de5eeb49a:5d3b076ad6529321:a8aad77848fb7918:0 : Message: ContainerID 6 does not exist : Result: CONTAINER_NOT_FOUND
2019-07-08 14:41:02,022 ERROR freon.RandomKeyGenerator (RandomKeyGenerator.java:run(718)) - Exception while adding key: key-0-63267 in bucket: bucket-0-39642 of volume: vol-0-13753.
java.io.IOException: Unexpected Storage Container Exception: org.apache.hadoop.hdds.scm.container.common.helpers.StorageContainerException: ContainerID 6 does not exist
	at org.apache.hadoop.hdds.scm.storage.BlockOutputStream.setIoException(BlockOutputStream.java:548)
	at org.apache.hadoop.hdds.scm.storage.BlockOutputStream.validateResponse(BlockOutputStream.java:539)
	at org.apache.hadoop.hdds.scm.storage.BlockOutputStream.lambda$writeChunkToContainer$2(BlockOutputStream.java:614)
	at java.util.concurrent.CompletableFuture.uniApply(CompletableFuture.java:602)
	at java.util.concurrent.CompletableFuture$UniApply.tryFire(CompletableFuture.java:577)
	at java.util.concurrent.CompletableFuture$Completion.run(CompletableFuture.java:442)
	at java.util.concurrent.ThreadPoolExecutor.runWorker(ThreadPoolExecutor.java:1149)
	at java.util.concurrent.ThreadPoolExecutor$Worker.run(ThreadPoolExecutor.java:624)
	at java.lang.Thread.run(Thread.java:748)
Caused by: org.apache.hadoop.hdds.scm.container.common.helpers.StorageContainerException: ContainerID 6 does not exist
	at org.apache.hadoop.hdds.scm.storage.ContainerProtocolCalls.validateContainerResponse(ContainerProtocolCalls.java:536)
	at org.apache.hadoop.hdds.scm.storage.BlockOutputStream.validateResponse(BlockOutputStream.java:536)
	... 7 more
 0.00% |█                                                                                                    |  0/1 Time: 0:00:02 0.00% |█                                                                                                    |  0/1 Time: 0:00:03 0.00% |█                                                                                                    |  0/1 Time: 0:00:04 100.00% |█████████████████████████████████████████████████████████████████████████████████████████████████████|  1/1 Time: 0:00:05
]]></system-out>
    <system-err><![CDATA[ERROR StatusLogger No Log4j 2 configuration file found. Using default configuration (logging only errors to the console), or user programmatically provided configurations. Set system property 'log4j2.debug' to show Log4j 2 internal initialization logging. See https://logging.apache.org/log4j/2.x/manual/configuration.html for instructions on how to configure Log4j 2
Jul 08, 2019 2:40:45 PM com.sun.jersey.server.impl.application.WebApplicationImpl _initiate
INFO: Initiating Jersey application, version 'Jersey: 1.19 02/11/2015 03:25 AM'
Jul 08, 2019 2:40:46 PM com.sun.jersey.server.impl.application.WebApplicationImpl _initiate
INFO: Initiating Jersey application, version 'Jersey: 1.19 02/11/2015 03:25 AM'
Jul 08, 2019 2:40:46 PM com.sun.jersey.server.impl.application.WebApplicationImpl _initiate
INFO: Initiating Jersey application, version 'Jersey: 1.19 02/11/2015 03:25 AM'
Exception in thread "c928bbcd-fd4d-42e0-82fd-2c834b19fd85:group-2E18DAF43D50:LeaderElection5" java.lang.IllegalStateException: ILLEGAL TRANSITION: In c928bbcd-fd4d-42e0-82fd-2c834b19fd85:group-2E18DAF43D50:LeaderElection5, STARTING -> CLOSED
	at org.apache.ratis.util.Preconditions.assertTrue(Preconditions.java:63)
	at org.apache.ratis.util.LifeCycle$State.validate(LifeCycle.java:123)
	at org.apache.ratis.util.LifeCycle.transition(LifeCycle.java:143)
	at org.apache.ratis.server.impl.LeaderElection.run(LeaderElection.java:154)
	at java.lang.Thread.run(Thread.java:748)
]]></system-err>
  </testcase>
</testsuite>