<?xml version="1.0" encoding="UTF-8"?>
<testsuite xmlns:xsi="http://www.w3.org/2001/XMLSchema-instance" xsi:noNamespaceSchemaLocation="https://maven.apache.org/surefire/maven-surefire-plugin/xsd/surefire-test-report.xsd" name="org.apache.hadoop.ozone.client.rpc.TestContainerStateMachineFailures" time="228.195" tests="3" errors="1" skipped="0" failures="0">
  <properties>
    <property name="awt.toolkit" value="sun.awt.X11.XToolkit"/>
    <property name="file.encoding.pkg" value="sun.io"/>
    <property name="java.specification.version" value="1.8"/>
    <property name="sun.cpu.isalist" value=""/>
    <property name="sun.jnu.encoding" value="UTF-8"/>
    <property name="java.class.path" value="/workdir/hadoop-ozone/integration-test/target/test-classes:/workdir/hadoop-ozone/integration-test/target/classes:/home/user/.m2/repository/org/apache/hadoop/hadoop-ozone-common/0.5.0-SNAPSHOT/hadoop-ozone-common-0.5.0-SNAPSHOT.jar:/home/user/.m2/repository/org/apache/commons/commons-compress/1.4.1/commons-compress-1.4.1.jar:/home/user/.m2/repository/org/tukaani/xz/1.0/xz-1.0.jar:/home/user/.m2/repository/org/apache/hadoop/hadoop-common/3.2.0/hadoop-common-3.2.0.jar:/home/user/.m2/repository/org/apache/hadoop/hadoop-hdfs/3.2.0/hadoop-hdfs-3.2.0.jar:/home/user/.m2/repository/org/apache/hadoop/hadoop-hdfs-client/3.2.0/hadoop-hdfs-client-3.2.0.jar:/home/user/.m2/repository/com/fasterxml/jackson/core/jackson-annotations/2.9.5/jackson-annotations-2.9.5.jar:/home/user/.m2/repository/org/apache/hadoop/hadoop-hdds-common/0.5.0-SNAPSHOT/hadoop-hdds-common-0.5.0-SNAPSHOT.jar:/home/user/.m2/repository/javax/annotation/javax.annotation-api/1.2/javax.annotation-api-1.2.jar:/home/user/.m2/repository/org/apache/ratis/ratis-server/0.4.0-2337318-SNAPSHOT/ratis-server-0.4.0-2337318-SNAPSHOT.jar:/home/user/.m2/repository/org/apache/ratis/ratis-thirdparty-misc/0.2.0/ratis-thirdparty-misc-0.2.0.jar:/home/user/.m2/repository/org/apache/ratis/ratis-proto/0.4.0-2337318-SNAPSHOT/ratis-proto-0.4.0-2337318-SNAPSHOT.jar:/home/user/.m2/repository/org/apache/ratis/ratis-common/0.4.0-2337318-SNAPSHOT/ratis-common-0.4.0-2337318-SNAPSHOT.jar:/home/user/.m2/repository/org/apache/ratis/ratis-client/0.4.0-2337318-SNAPSHOT/ratis-client-0.4.0-2337318-SNAPSHOT.jar:/home/user/.m2/repository/org/apache/ratis/ratis-metrics/0.4.0-2337318-SNAPSHOT/ratis-metrics-0.4.0-2337318-SNAPSHOT.jar:/home/user/.m2/repository/org/apache/ratis/ratis-netty/0.4.0-2337318-SNAPSHOT/ratis-netty-0.4.0-2337318-SNAPSHOT.jar:/home/user/.m2/repository/org/apache/ratis/ratis-grpc/0.4.0-2337318-SNAPSHOT/ratis-grpc-0.4.0-2337318-SNAPSHOT.jar:/home/user/.m2/repository/org/rocksdb/rocksdbjni/6.0.1/rocksdbjni-6.0.1.jar:/home/user/.m2/repository/org/apache/logging/log4j/log4j-api/2.11.0/log4j-api-2.11.0.jar:/home/user/.m2/repository/org/apache/logging/log4j/log4j-core/2.11.0/log4j-core-2.11.0.jar:/home/user/.m2/repository/com/lmax/disruptor/3.4.2/disruptor-3.4.2.jar:/home/user/.m2/repository/org/apache/commons/commons-pool2/2.6.0/commons-pool2-2.6.0.jar:/home/user/.m2/repository/org/bouncycastle/bcpkix-jdk15on/1.60/bcpkix-jdk15on-1.60.jar:/home/user/.m2/repository/commons-validator/commons-validator/1.6/commons-validator-1.6.jar:/home/user/.m2/repository/commons-digester/commons-digester/1.8.1/commons-digester-1.8.1.jar:/home/user/.m2/repository/io/jaegertracing/jaeger-client/0.33.1/jaeger-client-0.33.1.jar:/home/user/.m2/repository/io/jaegertracing/jaeger-thrift/0.33.1/jaeger-thrift-0.33.1.jar:/home/user/.m2/repository/org/apache/thrift/libthrift/0.11.0/libthrift-0.11.0.jar:/home/user/.m2/repository/com/squareup/okhttp3/okhttp/3.9.0/okhttp-3.9.0.jar:/home/user/.m2/repository/com/squareup/okio/okio/1.13.0/okio-1.13.0.jar:/home/user/.m2/repository/io/jaegertracing/jaeger-core/0.33.1/jaeger-core-0.33.1.jar:/home/user/.m2/repository/io/jaegertracing/jaeger-tracerresolver/0.33.1/jaeger-tracerresolver-0.33.1.jar:/home/user/.m2/repository/io/opentracing/contrib/opentracing-tracerresolver/0.1.5/opentracing-tracerresolver-0.1.5.jar:/home/user/.m2/repository/io/opentracing/opentracing-util/0.31.0/opentracing-util-0.31.0.jar:/home/user/.m2/repository/io/opentracing/opentracing-api/0.31.0/opentracing-api-0.31.0.jar:/home/user/.m2/repository/io/opentracing/opentracing-noop/0.31.0/opentracing-noop-0.31.0.jar:/home/user/.m2/repository/org/apache/hadoop/hadoop-hdds-server-framework/0.5.0-SNAPSHOT/hadoop-hdds-server-framework-0.5.0-SNAPSHOT.jar:/home/user/.m2/repository/org/apache/hadoop/hadoop-hdds-container-service/0.5.0-SNAPSHOT/hadoop-hdds-container-service-0.5.0-SNAPSHOT.jar:/home/user/.m2/repository/org/apache/hadoop/hadoop-hdds-client/0.5.0-SNAPSHOT/hadoop-hdds-client-0.5.0-SNAPSHOT.jar:/home/user/.m2/repository/org/apache/hadoop/hadoop-hdds-tools/0.5.0-SNAPSHOT/hadoop-hdds-tools-0.5.0-SNAPSHOT.jar:/home/user/.m2/repository/org/apache/hadoop/hadoop-hdds-server-scm/0.5.0-SNAPSHOT/hadoop-hdds-server-scm-0.5.0-SNAPSHOT.jar:/home/user/.m2/repository/org/apache/hadoop/hadoop-hdds-docs/0.5.0-SNAPSHOT/hadoop-hdds-docs-0.5.0-SNAPSHOT.jar:/home/user/.m2/repository/io/dropwizard/metrics/metrics-core/3.2.4/metrics-core-3.2.4.jar:/home/user/.m2/repository/org/hamcrest/hamcrest-all/1.3/hamcrest-all-1.3.jar:/home/user/.m2/repository/org/bouncycastle/bcprov-jdk15on/1.60/bcprov-jdk15on-1.60.jar:/home/user/.m2/repository/info/picocli/picocli/3.9.6/picocli-3.9.6.jar:/home/user/.m2/repository/com/google/protobuf/protobuf-java/2.5.0/protobuf-java-2.5.0.jar:/home/user/.m2/repository/com/google/guava/guava/11.0.2/guava-11.0.2.jar:/home/user/.m2/repository/org/apache/hadoop/hadoop-ozone-ozone-manager/0.5.0-SNAPSHOT/hadoop-ozone-ozone-manager-0.5.0-SNAPSHOT.jar:/home/user/.m2/repository/org/apache/hadoop/hadoop-minikdc/3.2.0/hadoop-minikdc-3.2.0.jar:/home/user/.m2/repository/commons-io/commons-io/2.5/commons-io-2.5.jar:/home/user/.m2/repository/org/apache/kerby/kerb-simplekdc/1.0.1/kerb-simplekdc-1.0.1.jar:/home/user/.m2/repository/org/apache/kerby/kerb-client/1.0.1/kerb-client-1.0.1.jar:/home/user/.m2/repository/org/apache/kerby/kerby-config/1.0.1/kerby-config-1.0.1.jar:/home/user/.m2/repository/org/apache/kerby/kerb-core/1.0.1/kerb-core-1.0.1.jar:/home/user/.m2/repository/org/apache/kerby/kerby-pkix/1.0.1/kerby-pkix-1.0.1.jar:/home/user/.m2/repository/org/apache/kerby/kerby-asn1/1.0.1/kerby-asn1-1.0.1.jar:/home/user/.m2/repository/org/apache/kerby/kerby-util/1.0.1/kerby-util-1.0.1.jar:/home/user/.m2/repository/org/apache/kerby/kerb-common/1.0.1/kerb-common-1.0.1.jar:/home/user/.m2/repository/org/apache/kerby/kerb-crypto/1.0.1/kerb-crypto-1.0.1.jar:/home/user/.m2/repository/org/apache/kerby/kerb-util/1.0.1/kerb-util-1.0.1.jar:/home/user/.m2/repository/org/apache/kerby/token-provider/1.0.1/token-provider-1.0.1.jar:/home/user/.m2/repository/org/apache/kerby/kerb-admin/1.0.1/kerb-admin-1.0.1.jar:/home/user/.m2/repository/org/apache/kerby/kerb-server/1.0.1/kerb-server-1.0.1.jar:/home/user/.m2/repository/org/apache/kerby/kerb-identity/1.0.1/kerb-identity-1.0.1.jar:/home/user/.m2/repository/org/apache/kerby/kerby-xdr/1.0.1/kerby-xdr-1.0.1.jar:/home/user/.m2/repository/org/slf4j/slf4j-log4j12/1.7.25/slf4j-log4j12-1.7.25.jar:/home/user/.m2/repository/org/apache/hadoop/hadoop-ozone-objectstore-service/0.5.0-SNAPSHOT/hadoop-ozone-objectstore-service-0.5.0-SNAPSHOT.jar:/home/user/.m2/repository/org/apache/hadoop/hadoop-ozone-s3gateway/0.5.0-SNAPSHOT/hadoop-ozone-s3gateway-0.5.0-SNAPSHOT.jar:/home/user/.m2/repository/org/jboss/weld/servlet/weld-servlet/2.4.7.Final/weld-servlet-2.4.7.Final.jar:/home/user/.m2/repository/org/glassfish/jersey/containers/jersey-container-servlet-core/2.27/jersey-container-servlet-core-2.27.jar:/home/user/.m2/repository/org/glassfish/hk2/external/javax.inject/2.5.0-b42/javax.inject-2.5.0-b42.jar:/home/user/.m2/repository/org/glassfish/jersey/core/jersey-common/2.27/jersey-common-2.27.jar:/home/user/.m2/repository/org/glassfish/hk2/osgi-resource-locator/1.0.1/osgi-resource-locator-1.0.1.jar:/home/user/.m2/repository/javax/ws/rs/javax.ws.rs-api/2.1/javax.ws.rs-api-2.1.jar:/home/user/.m2/repository/org/glassfish/jersey/ext/cdi/jersey-cdi1x/2.27/jersey-cdi1x-2.27.jar:/home/user/.m2/repository/org/glassfish/jersey/inject/jersey-hk2/2.27/jersey-hk2-2.27.jar:/home/user/.m2/repository/org/glassfish/hk2/hk2-locator/2.5.0-b42/hk2-locator-2.5.0-b42.jar:/home/user/.m2/repository/org/javassist/javassist/3.22.0-CR2/javassist-3.22.0-CR2.jar:/home/user/.m2/repository/org/glassfish/hk2/hk2-api/2.5.0/hk2-api-2.5.0.jar:/home/user/.m2/repository/org/glassfish/hk2/external/jakarta.inject/2.5.0/jakarta.inject-2.5.0.jar:/home/user/.m2/repository/org/glassfish/hk2/hk2-utils/2.5.0/hk2-utils-2.5.0.jar:/home/user/.m2/repository/jakarta/annotation/jakarta.annotation-api/1.3.4/jakarta.annotation-api-1.3.4.jar:/home/user/.m2/repository/org/glassfish/hk2/external/aopalliance-repackaged/2.5.0/aopalliance-repackaged-2.5.0.jar:/home/user/.m2/repository/com/fasterxml/jackson/dataformat/jackson-dataformat-xml/2.9.0/jackson-dataformat-xml-2.9.0.jar:/home/user/.m2/repository/com/fasterxml/jackson/core/jackson-core/2.9.5/jackson-core-2.9.5.jar:/home/user/.m2/repository/com/fasterxml/jackson/module/jackson-module-jaxb-annotations/2.9.5/jackson-module-jaxb-annotations-2.9.5.jar:/home/user/.m2/repository/javax/enterprise/cdi-api/1.2/cdi-api-1.2.jar:/home/user/.m2/repository/javax/el/javax.el-api/3.0.0/javax.el-api-3.0.0.jar:/home/user/.m2/repository/javax/interceptor/javax.interceptor-api/1.2/javax.interceptor-api-1.2.jar:/home/user/.m2/repository/javax/inject/javax.inject/1/javax.inject-1.jar:/home/user/.m2/repository/com/sun/xml/bind/jaxb-impl/2.3.0.1/jaxb-impl-2.3.0.1.jar:/home/user/.m2/repository/com/sun/xml/bind/jaxb-core/2.3.0.1/jaxb-core-2.3.0.1.jar:/home/user/.m2/repository/javax/xml/bind/jaxb-api/2.3.0/jaxb-api-2.3.0.jar:/home/user/.m2/repository/javax/activation/activation/1.1.1/activation-1.1.1.jar:/home/user/.m2/repository/org/apache/hadoop/hadoop-ozone-csi/0.5.0-SNAPSHOT/hadoop-ozone-csi-0.5.0-SNAPSHOT.jar:/home/user/.m2/repository/com/google/protobuf/protobuf-java-util/3.5.1/protobuf-java-util-3.5.1.jar:/home/user/.m2/repository/org/apache/hadoop/hadoop-hdds-config/0.5.0-SNAPSHOT/hadoop-hdds-config-0.5.0-SNAPSHOT.jar:/home/user/.m2/repository/io/grpc/grpc-netty/1.17.1/grpc-netty-1.17.1.jar:/home/user/.m2/repository/io/grpc/grpc-core/1.17.1/grpc-core-1.17.1.jar:/home/user/.m2/repository/io/grpc/grpc-context/1.17.1/grpc-context-1.17.1.jar:/home/user/.m2/repository/com/google/errorprone/error_prone_annotations/2.2.0/error_prone_annotations-2.2.0.jar:/home/user/.m2/repository/org/codehaus/mojo/animal-sniffer-annotations/1.17/animal-sniffer-annotations-1.17.jar:/home/user/.m2/repository/io/opencensus/opencensus-api/0.17.0/opencensus-api-0.17.0.jar:/home/user/.m2/repository/io/opencensus/opencensus-contrib-grpc-metrics/0.17.0/opencensus-contrib-grpc-metrics-0.17.0.jar:/home/user/.m2/repository/io/netty/netty-codec-http2/4.1.30.Final/netty-codec-http2-4.1.30.Final.jar:/home/user/.m2/repository/io/netty/netty-codec-http/4.1.30.Final/netty-codec-http-4.1.30.Final.jar:/home/user/.m2/repository/io/netty/netty-codec/4.1.30.Final/netty-codec-4.1.30.Final.jar:/home/user/.m2/repository/io/netty/netty-handler/4.1.30.Final/netty-handler-4.1.30.Final.jar:/home/user/.m2/repository/io/netty/netty-handler-proxy/4.1.30.Final/netty-handler-proxy-4.1.30.Final.jar:/home/user/.m2/repository/io/netty/netty-codec-socks/4.1.30.Final/netty-codec-socks-4.1.30.Final.jar:/home/user/.m2/repository/io/netty/netty-transport-native-epoll/4.1.30.Final/netty-transport-native-epoll-4.1.30.Final.jar:/home/user/.m2/repository/io/netty/netty-common/4.1.30.Final/netty-common-4.1.30.Final.jar:/home/user/.m2/repository/io/netty/netty-buffer/4.1.30.Final/netty-buffer-4.1.30.Final.jar:/home/user/.m2/repository/io/netty/netty-transport/4.1.30.Final/netty-transport-4.1.30.Final.jar:/home/user/.m2/repository/io/netty/netty-resolver/4.1.30.Final/netty-resolver-4.1.30.Final.jar:/home/user/.m2/repository/io/netty/netty-transport-native-unix-common/4.1.30.Final/netty-transport-native-unix-common-4.1.30.Final.jar:/home/user/.m2/repository/io/grpc/grpc-protobuf/1.17.1/grpc-protobuf-1.17.1.jar:/home/user/.m2/repository/com/google/api/grpc/proto-google-common-protos/1.0.0/proto-google-common-protos-1.0.0.jar:/home/user/.m2/repository/io/grpc/grpc-protobuf-lite/1.17.1/grpc-protobuf-lite-1.17.1.jar:/home/user/.m2/repository/io/grpc/grpc-stub/1.17.1/grpc-stub-1.17.1.jar:/home/user/.m2/repository/org/apache/hadoop/hadoop-ozone-recon/0.5.0-SNAPSHOT/hadoop-ozone-recon-0.5.0-SNAPSHOT.jar:/home/user/.m2/repository/org/apache/hadoop/hadoop-ozone-reconcodegen/0.5.0-SNAPSHOT/hadoop-ozone-reconcodegen-0.5.0-SNAPSHOT.jar:/home/user/.m2/repository/com/google/inject/extensions/guice-multibindings/4.0/guice-multibindings-4.0.jar:/home/user/.m2/repository/com/google/inject/guice/4.0/guice-4.0.jar:/home/user/.m2/repository/aopalliance/aopalliance/1.0/aopalliance-1.0.jar:/home/user/.m2/repository/com/google/inject/extensions/guice-servlet/4.0/guice-servlet-4.0.jar:/home/user/.m2/repository/org/glassfish/jersey/containers/jersey-container-servlet/2.27/jersey-container-servlet-2.27.jar:/home/user/.m2/repository/org/glassfish/hk2/guice-bridge/2.5.0/guice-bridge-2.5.0.jar:/home/user/.m2/repository/org/glassfish/jersey/core/jersey-server/2.27/jersey-server-2.27.jar:/home/user/.m2/repository/org/glassfish/jersey/core/jersey-client/2.27/jersey-client-2.27.jar:/home/user/.m2/repository/org/glassfish/jersey/media/jersey-media-jaxb/2.27/jersey-media-jaxb-2.27.jar:/home/user/.m2/repository/javax/validation/validation-api/1.1.0.Final/validation-api-1.1.0.Final.jar:/home/user/.m2/repository/org/glassfish/jersey/media/jersey-media-json-jackson/2.27/jersey-media-json-jackson-2.27.jar:/home/user/.m2/repository/org/glassfish/jersey/ext/jersey-entity-filtering/2.27/jersey-entity-filtering-2.27.jar:/home/user/.m2/repository/com/google/inject/extensions/guice-assistedinject/4.0/guice-assistedinject-4.0.jar:/home/user/.m2/repository/org/jooq/jooq/3.11.10/jooq-3.11.10.jar:/home/user/.m2/repository/org/jooq/jooq-meta/3.11.10/jooq-meta-3.11.10.jar:/home/user/.m2/repository/org/jooq/jooq-codegen/3.11.10/jooq-codegen-3.11.10.jar:/home/user/.m2/repository/com/jolbox/bonecp/0.8.0.RELEASE/bonecp-0.8.0.RELEASE.jar:/home/user/.m2/repository/org/xerial/sqlite-jdbc/3.25.2/sqlite-jdbc-3.25.2.jar:/home/user/.m2/repository/org/springframework/spring-jdbc/5.1.3.RELEASE/spring-jdbc-5.1.3.RELEASE.jar:/home/user/.m2/repository/org/springframework/spring-beans/5.1.3.RELEASE/spring-beans-5.1.3.RELEASE.jar:/home/user/.m2/repository/org/springframework/spring-core/5.1.3.RELEASE/spring-core-5.1.3.RELEASE.jar:/home/user/.m2/repository/org/springframework/spring-jcl/5.1.3.RELEASE/spring-jcl-5.1.3.RELEASE.jar:/home/user/.m2/repository/org/springframework/spring-tx/5.1.3.RELEASE/spring-tx-5.1.3.RELEASE.jar:/home/user/.m2/repository/org/apache/hadoop/hadoop-ozone-client/0.5.0-SNAPSHOT/hadoop-ozone-client-0.5.0-SNAPSHOT.jar:/home/user/.m2/repository/commons-lang/commons-lang/2.6/commons-lang-2.6.jar:/home/user/.m2/repository/org/apache/hadoop/hadoop-ozone-ozone-manager/0.5.0-SNAPSHOT/hadoop-ozone-ozone-manager-0.5.0-SNAPSHOT-tests.jar:/home/user/.m2/repository/junit/junit/4.11/junit-4.11.jar:/home/user/.m2/repository/org/hamcrest/hamcrest-core/1.3/hamcrest-core-1.3.jar:/home/user/.m2/repository/org/openjdk/jmh/jmh-core/1.19/jmh-core-1.19.jar:/home/user/.m2/repository/net/sf/jopt-simple/jopt-simple/4.6/jopt-simple-4.6.jar:/home/user/.m2/repository/org/apache/commons/commons-math3/3.1.1/commons-math3-3.1.1.jar:/home/user/.m2/repository/org/openjdk/jmh/jmh-generator-annprocess/1.19/jmh-generator-annprocess-1.19.jar:/home/user/.m2/repository/org/mockito/mockito-all/1.8.5/mockito-all-1.8.5.jar:/home/user/.m2/repository/org/apache/hadoop/hadoop-kms/3.2.0/hadoop-kms-3.2.0.jar:/home/user/.m2/repository/org/apache/hadoop/hadoop-auth/3.2.0/hadoop-auth-3.2.0.jar:/home/user/.m2/repository/com/nimbusds/nimbus-jose-jwt/4.41.1/nimbus-jose-jwt-4.41.1.jar:/home/user/.m2/repository/com/github/stephenc/jcip/jcip-annotations/1.0-1/jcip-annotations-1.0-1.jar:/home/user/.m2/repository/net/minidev/json-smart/2.3/json-smart-2.3.jar:/home/user/.m2/repository/net/minidev/accessors-smart/1.2/accessors-smart-1.2.jar:/home/user/.m2/repository/org/ow2/asm/asm/5.0.4/asm-5.0.4.jar:/home/user/.m2/repository/org/apache/curator/curator-framework/2.12.0/curator-framework-2.12.0.jar:/home/user/.m2/repository/com/sun/jersey/jersey-core/1.19/jersey-core-1.19.jar:/home/user/.m2/repository/javax/ws/rs/jsr311-api/1.1.1/jsr311-api-1.1.1.jar:/home/user/.m2/repository/com/sun/jersey/jersey-server/1.19/jersey-server-1.19.jar:/home/user/.m2/repository/javax/servlet/javax.servlet-api/3.1.0/javax.servlet-api-3.1.0.jar:/home/user/.m2/repository/org/eclipse/jetty/jetty-server/9.3.24.v20180605/jetty-server-9.3.24.v20180605.jar:/home/user/.m2/repository/org/eclipse/jetty/jetty-http/9.3.24.v20180605/jetty-http-9.3.24.v20180605.jar:/home/user/.m2/repository/org/eclipse/jetty/jetty-io/9.3.24.v20180605/jetty-io-9.3.24.v20180605.jar:/home/user/.m2/repository/org/eclipse/jetty/jetty-webapp/9.3.24.v20180605/jetty-webapp-9.3.24.v20180605.jar:/home/user/.m2/repository/org/eclipse/jetty/jetty-xml/9.3.24.v20180605/jetty-xml-9.3.24.v20180605.jar:/home/user/.m2/repository/log4j/log4j/1.2.17/log4j-1.2.17.jar:/home/user/.m2/repository/org/slf4j/slf4j-api/1.7.25/slf4j-api-1.7.25.jar:/home/user/.m2/repository/org/slf4j/jul-to-slf4j/1.7.25/jul-to-slf4j-1.7.25.jar:/home/user/.m2/repository/org/eclipse/jetty/jetty-util/9.3.24.v20180605/jetty-util-9.3.24.v20180605.jar:/home/user/.m2/repository/com/fasterxml/jackson/core/jackson-databind/2.9.5/jackson-databind-2.9.5.jar:/home/user/.m2/repository/org/apache/hadoop/hadoop-kms/3.2.0/hadoop-kms-3.2.0-tests.jar:/home/user/.m2/repository/org/apache/hadoop/hadoop-hdds-server-scm/0.5.0-SNAPSHOT/hadoop-hdds-server-scm-0.5.0-SNAPSHOT-tests.jar:/home/user/.m2/repository/org/apache/hadoop/hadoop-hdds-container-service/0.5.0-SNAPSHOT/hadoop-hdds-container-service-0.5.0-SNAPSHOT-tests.jar:/home/user/.m2/repository/org/yaml/snakeyaml/1.16/snakeyaml-1.16.jar:/home/user/.m2/repository/org/apache/hadoop/hadoop-common/3.2.0/hadoop-common-3.2.0-tests.jar:/home/user/.m2/repository/org/apache/hadoop/hadoop-annotations/3.2.0/hadoop-annotations-3.2.0.jar:/usr/lib/jvm/java-1.8-openjdk/jre/../lib/tools.jar:/home/user/.m2/repository/commons-cli/commons-cli/1.2/commons-cli-1.2.jar:/home/user/.m2/repository/org/apache/httpcomponents/httpclient/4.5.2/httpclient-4.5.2.jar:/home/user/.m2/repository/org/apache/httpcomponents/httpcore/4.4.4/httpcore-4.4.4.jar:/home/user/.m2/repository/commons-codec/commons-codec/1.11/commons-codec-1.11.jar:/home/user/.m2/repository/commons-net/commons-net/3.6/commons-net-3.6.jar:/home/user/.m2/repository/commons-collections/commons-collections/3.2.2/commons-collections-3.2.2.jar:/home/user/.m2/repository/org/eclipse/jetty/jetty-servlet/9.3.24.v20180605/jetty-servlet-9.3.24.v20180605.jar:/home/user/.m2/repository/org/eclipse/jetty/jetty-security/9.3.24.v20180605/jetty-security-9.3.24.v20180605.jar:/home/user/.m2/repository/javax/servlet/jsp/jsp-api/2.1/jsp-api-2.1.jar:/home/user/.m2/repository/com/sun/jersey/jersey-servlet/1.19/jersey-servlet-1.19.jar:/home/user/.m2/repository/com/sun/jersey/jersey-json/1.19/jersey-json-1.19.jar:/home/user/.m2/repository/org/codehaus/jettison/jettison/1.1/jettison-1.1.jar:/home/user/.m2/repository/org/codehaus/jackson/jackson-core-asl/1.9.13/jackson-core-asl-1.9.13.jar:/home/user/.m2/repository/org/codehaus/jackson/jackson-mapper-asl/1.9.13/jackson-mapper-asl-1.9.13.jar:/home/user/.m2/repository/org/codehaus/jackson/jackson-jaxrs/1.9.13/jackson-jaxrs-1.9.13.jar:/home/user/.m2/repository/org/codehaus/jackson/jackson-xc/1.9.13/jackson-xc-1.9.13.jar:/home/user/.m2/repository/commons-logging/commons-logging/1.1.3/commons-logging-1.1.3.jar:/home/user/.m2/repository/commons-beanutils/commons-beanutils/1.9.3/commons-beanutils-1.9.3.jar:/home/user/.m2/repository/org/apache/commons/commons-configuration2/2.1.1/commons-configuration2-2.1.1.jar:/home/user/.m2/repository/org/apache/commons/commons-lang3/3.7/commons-lang3-3.7.jar:/home/user/.m2/repository/org/apache/commons/commons-text/1.4/commons-text-1.4.jar:/home/user/.m2/repository/org/apache/avro/avro/1.7.7/avro-1.7.7.jar:/home/user/.m2/repository/com/thoughtworks/paranamer/paranamer/2.3/paranamer-2.3.jar:/home/user/.m2/repository/org/xerial/snappy/snappy-java/1.0.5/snappy-java-1.0.5.jar:/home/user/.m2/repository/com/google/re2j/re2j/1.1/re2j-1.1.jar:/home/user/.m2/repository/com/google/code/gson/gson/2.2.4/gson-2.2.4.jar:/home/user/.m2/repository/com/jcraft/jsch/0.1.54/jsch-0.1.54.jar:/home/user/.m2/repository/org/apache/curator/curator-client/2.12.0/curator-client-2.12.0.jar:/home/user/.m2/repository/org/apache/curator/curator-recipes/2.12.0/curator-recipes-2.12.0.jar:/home/user/.m2/repository/com/google/code/findbugs/jsr305/3.0.0/jsr305-3.0.0.jar:/home/user/.m2/repository/org/apache/htrace/htrace-core4/4.1.0-incubating/htrace-core4-4.1.0-incubating.jar:/home/user/.m2/repository/org/apache/zookeeper/zookeeper/3.4.13/zookeeper-3.4.13.jar:/home/user/.m2/repository/org/apache/yetus/audience-annotations/0.5.0/audience-annotations-0.5.0.jar:/home/user/.m2/repository/org/codehaus/woodstox/stax2-api/3.1.4/stax2-api-3.1.4.jar:/home/user/.m2/repository/com/fasterxml/woodstox/woodstox-core/5.0.3/woodstox-core-5.0.3.jar:/home/user/.m2/repository/dnsjava/dnsjava/2.1.7/dnsjava-2.1.7.jar:/home/user/.m2/repository/org/apache/hadoop/hadoop-hdfs/3.2.0/hadoop-hdfs-3.2.0-tests.jar:/home/user/.m2/repository/org/eclipse/jetty/jetty-util-ajax/9.3.24.v20180605/jetty-util-ajax-9.3.24.v20180605.jar:/home/user/.m2/repository/commons-daemon/commons-daemon/1.0.13/commons-daemon-1.0.13.jar:/home/user/.m2/repository/io/netty/netty/3.10.5.Final/netty-3.10.5.Final.jar:/home/user/.m2/repository/io/netty/netty-all/4.0.52.Final/netty-all-4.0.52.Final.jar:/home/user/.m2/repository/org/fusesource/leveldbjni/leveldbjni-all/1.8/leveldbjni-all-1.8.jar:"/>
    <property name="java.vm.vendor" value="IcedTea"/>
    <property name="sun.arch.data.model" value="64"/>
    <property name="test.build.dir" value="/workdir/hadoop-ozone/integration-test/target/test-dir"/>
    <property name="test.cache.data" value=""/>
    <property name="java.vendor.url" value="https://icedtea.classpath.org"/>
    <property name="user.timezone" value=""/>
    <property name="java.vm.specification.version" value="1.8"/>
    <property name="os.name" value="Linux"/>
    <property name="test.build.data" value="/workdir/hadoop-ozone/integration-test/target/test-dir"/>
    <property name="user.country" value="US"/>
    <property name="sun.java.launcher" value="SUN_STANDARD"/>
    <property name="sun.boot.library.path" value="/usr/lib/jvm/java-1.8-openjdk/jre/lib/amd64"/>
    <property name="sun.java.command" value="/workdir/hadoop-ozone/integration-test/target/surefire/surefirebooter8020663039943450189.jar /workdir/hadoop-ozone/integration-test/target/surefire 2019-09-20T03-51-17_086-jvmRun1 surefire6646205400090519621tmp surefire_261421104962845299825tmp"/>
    <property name="test" value="!TestMiniChaosOzoneCluster"/>
    <property name="surefire.test.class.path" value="/workdir/hadoop-ozone/integration-test/target/test-classes:/workdir/hadoop-ozone/integration-test/target/classes:/home/user/.m2/repository/org/apache/hadoop/hadoop-ozone-common/0.5.0-SNAPSHOT/hadoop-ozone-common-0.5.0-SNAPSHOT.jar:/home/user/.m2/repository/org/apache/commons/commons-compress/1.4.1/commons-compress-1.4.1.jar:/home/user/.m2/repository/org/tukaani/xz/1.0/xz-1.0.jar:/home/user/.m2/repository/org/apache/hadoop/hadoop-common/3.2.0/hadoop-common-3.2.0.jar:/home/user/.m2/repository/org/apache/hadoop/hadoop-hdfs/3.2.0/hadoop-hdfs-3.2.0.jar:/home/user/.m2/repository/org/apache/hadoop/hadoop-hdfs-client/3.2.0/hadoop-hdfs-client-3.2.0.jar:/home/user/.m2/repository/com/fasterxml/jackson/core/jackson-annotations/2.9.5/jackson-annotations-2.9.5.jar:/home/user/.m2/repository/org/apache/hadoop/hadoop-hdds-common/0.5.0-SNAPSHOT/hadoop-hdds-common-0.5.0-SNAPSHOT.jar:/home/user/.m2/repository/javax/annotation/javax.annotation-api/1.2/javax.annotation-api-1.2.jar:/home/user/.m2/repository/org/apache/ratis/ratis-server/0.4.0-2337318-SNAPSHOT/ratis-server-0.4.0-2337318-SNAPSHOT.jar:/home/user/.m2/repository/org/apache/ratis/ratis-thirdparty-misc/0.2.0/ratis-thirdparty-misc-0.2.0.jar:/home/user/.m2/repository/org/apache/ratis/ratis-proto/0.4.0-2337318-SNAPSHOT/ratis-proto-0.4.0-2337318-SNAPSHOT.jar:/home/user/.m2/repository/org/apache/ratis/ratis-common/0.4.0-2337318-SNAPSHOT/ratis-common-0.4.0-2337318-SNAPSHOT.jar:/home/user/.m2/repository/org/apache/ratis/ratis-client/0.4.0-2337318-SNAPSHOT/ratis-client-0.4.0-2337318-SNAPSHOT.jar:/home/user/.m2/repository/org/apache/ratis/ratis-metrics/0.4.0-2337318-SNAPSHOT/ratis-metrics-0.4.0-2337318-SNAPSHOT.jar:/home/user/.m2/repository/org/apache/ratis/ratis-netty/0.4.0-2337318-SNAPSHOT/ratis-netty-0.4.0-2337318-SNAPSHOT.jar:/home/user/.m2/repository/org/apache/ratis/ratis-grpc/0.4.0-2337318-SNAPSHOT/ratis-grpc-0.4.0-2337318-SNAPSHOT.jar:/home/user/.m2/repository/org/rocksdb/rocksdbjni/6.0.1/rocksdbjni-6.0.1.jar:/home/user/.m2/repository/org/apache/logging/log4j/log4j-api/2.11.0/log4j-api-2.11.0.jar:/home/user/.m2/repository/org/apache/logging/log4j/log4j-core/2.11.0/log4j-core-2.11.0.jar:/home/user/.m2/repository/com/lmax/disruptor/3.4.2/disruptor-3.4.2.jar:/home/user/.m2/repository/org/apache/commons/commons-pool2/2.6.0/commons-pool2-2.6.0.jar:/home/user/.m2/repository/org/bouncycastle/bcpkix-jdk15on/1.60/bcpkix-jdk15on-1.60.jar:/home/user/.m2/repository/commons-validator/commons-validator/1.6/commons-validator-1.6.jar:/home/user/.m2/repository/commons-digester/commons-digester/1.8.1/commons-digester-1.8.1.jar:/home/user/.m2/repository/io/jaegertracing/jaeger-client/0.33.1/jaeger-client-0.33.1.jar:/home/user/.m2/repository/io/jaegertracing/jaeger-thrift/0.33.1/jaeger-thrift-0.33.1.jar:/home/user/.m2/repository/org/apache/thrift/libthrift/0.11.0/libthrift-0.11.0.jar:/home/user/.m2/repository/com/squareup/okhttp3/okhttp/3.9.0/okhttp-3.9.0.jar:/home/user/.m2/repository/com/squareup/okio/okio/1.13.0/okio-1.13.0.jar:/home/user/.m2/repository/io/jaegertracing/jaeger-core/0.33.1/jaeger-core-0.33.1.jar:/home/user/.m2/repository/io/jaegertracing/jaeger-tracerresolver/0.33.1/jaeger-tracerresolver-0.33.1.jar:/home/user/.m2/repository/io/opentracing/contrib/opentracing-tracerresolver/0.1.5/opentracing-tracerresolver-0.1.5.jar:/home/user/.m2/repository/io/opentracing/opentracing-util/0.31.0/opentracing-util-0.31.0.jar:/home/user/.m2/repository/io/opentracing/opentracing-api/0.31.0/opentracing-api-0.31.0.jar:/home/user/.m2/repository/io/opentracing/opentracing-noop/0.31.0/opentracing-noop-0.31.0.jar:/home/user/.m2/repository/org/apache/hadoop/hadoop-hdds-server-framework/0.5.0-SNAPSHOT/hadoop-hdds-server-framework-0.5.0-SNAPSHOT.jar:/home/user/.m2/repository/org/apache/hadoop/hadoop-hdds-container-service/0.5.0-SNAPSHOT/hadoop-hdds-container-service-0.5.0-SNAPSHOT.jar:/home/user/.m2/repository/org/apache/hadoop/hadoop-hdds-client/0.5.0-SNAPSHOT/hadoop-hdds-client-0.5.0-SNAPSHOT.jar:/home/user/.m2/repository/org/apache/hadoop/hadoop-hdds-tools/0.5.0-SNAPSHOT/hadoop-hdds-tools-0.5.0-SNAPSHOT.jar:/home/user/.m2/repository/org/apache/hadoop/hadoop-hdds-server-scm/0.5.0-SNAPSHOT/hadoop-hdds-server-scm-0.5.0-SNAPSHOT.jar:/home/user/.m2/repository/org/apache/hadoop/hadoop-hdds-docs/0.5.0-SNAPSHOT/hadoop-hdds-docs-0.5.0-SNAPSHOT.jar:/home/user/.m2/repository/io/dropwizard/metrics/metrics-core/3.2.4/metrics-core-3.2.4.jar:/home/user/.m2/repository/org/hamcrest/hamcrest-all/1.3/hamcrest-all-1.3.jar:/home/user/.m2/repository/org/bouncycastle/bcprov-jdk15on/1.60/bcprov-jdk15on-1.60.jar:/home/user/.m2/repository/info/picocli/picocli/3.9.6/picocli-3.9.6.jar:/home/user/.m2/repository/com/google/protobuf/protobuf-java/2.5.0/protobuf-java-2.5.0.jar:/home/user/.m2/repository/com/google/guava/guava/11.0.2/guava-11.0.2.jar:/home/user/.m2/repository/org/apache/hadoop/hadoop-ozone-ozone-manager/0.5.0-SNAPSHOT/hadoop-ozone-ozone-manager-0.5.0-SNAPSHOT.jar:/home/user/.m2/repository/org/apache/hadoop/hadoop-minikdc/3.2.0/hadoop-minikdc-3.2.0.jar:/home/user/.m2/repository/commons-io/commons-io/2.5/commons-io-2.5.jar:/home/user/.m2/repository/org/apache/kerby/kerb-simplekdc/1.0.1/kerb-simplekdc-1.0.1.jar:/home/user/.m2/repository/org/apache/kerby/kerb-client/1.0.1/kerb-client-1.0.1.jar:/home/user/.m2/repository/org/apache/kerby/kerby-config/1.0.1/kerby-config-1.0.1.jar:/home/user/.m2/repository/org/apache/kerby/kerb-core/1.0.1/kerb-core-1.0.1.jar:/home/user/.m2/repository/org/apache/kerby/kerby-pkix/1.0.1/kerby-pkix-1.0.1.jar:/home/user/.m2/repository/org/apache/kerby/kerby-asn1/1.0.1/kerby-asn1-1.0.1.jar:/home/user/.m2/repository/org/apache/kerby/kerby-util/1.0.1/kerby-util-1.0.1.jar:/home/user/.m2/repository/org/apache/kerby/kerb-common/1.0.1/kerb-common-1.0.1.jar:/home/user/.m2/repository/org/apache/kerby/kerb-crypto/1.0.1/kerb-crypto-1.0.1.jar:/home/user/.m2/repository/org/apache/kerby/kerb-util/1.0.1/kerb-util-1.0.1.jar:/home/user/.m2/repository/org/apache/kerby/token-provider/1.0.1/token-provider-1.0.1.jar:/home/user/.m2/repository/org/apache/kerby/kerb-admin/1.0.1/kerb-admin-1.0.1.jar:/home/user/.m2/repository/org/apache/kerby/kerb-server/1.0.1/kerb-server-1.0.1.jar:/home/user/.m2/repository/org/apache/kerby/kerb-identity/1.0.1/kerb-identity-1.0.1.jar:/home/user/.m2/repository/org/apache/kerby/kerby-xdr/1.0.1/kerby-xdr-1.0.1.jar:/home/user/.m2/repository/org/slf4j/slf4j-log4j12/1.7.25/slf4j-log4j12-1.7.25.jar:/home/user/.m2/repository/org/apache/hadoop/hadoop-ozone-objectstore-service/0.5.0-SNAPSHOT/hadoop-ozone-objectstore-service-0.5.0-SNAPSHOT.jar:/home/user/.m2/repository/org/apache/hadoop/hadoop-ozone-s3gateway/0.5.0-SNAPSHOT/hadoop-ozone-s3gateway-0.5.0-SNAPSHOT.jar:/home/user/.m2/repository/org/jboss/weld/servlet/weld-servlet/2.4.7.Final/weld-servlet-2.4.7.Final.jar:/home/user/.m2/repository/org/glassfish/jersey/containers/jersey-container-servlet-core/2.27/jersey-container-servlet-core-2.27.jar:/home/user/.m2/repository/org/glassfish/hk2/external/javax.inject/2.5.0-b42/javax.inject-2.5.0-b42.jar:/home/user/.m2/repository/org/glassfish/jersey/core/jersey-common/2.27/jersey-common-2.27.jar:/home/user/.m2/repository/org/glassfish/hk2/osgi-resource-locator/1.0.1/osgi-resource-locator-1.0.1.jar:/home/user/.m2/repository/javax/ws/rs/javax.ws.rs-api/2.1/javax.ws.rs-api-2.1.jar:/home/user/.m2/repository/org/glassfish/jersey/ext/cdi/jersey-cdi1x/2.27/jersey-cdi1x-2.27.jar:/home/user/.m2/repository/org/glassfish/jersey/inject/jersey-hk2/2.27/jersey-hk2-2.27.jar:/home/user/.m2/repository/org/glassfish/hk2/hk2-locator/2.5.0-b42/hk2-locator-2.5.0-b42.jar:/home/user/.m2/repository/org/javassist/javassist/3.22.0-CR2/javassist-3.22.0-CR2.jar:/home/user/.m2/repository/org/glassfish/hk2/hk2-api/2.5.0/hk2-api-2.5.0.jar:/home/user/.m2/repository/org/glassfish/hk2/external/jakarta.inject/2.5.0/jakarta.inject-2.5.0.jar:/home/user/.m2/repository/org/glassfish/hk2/hk2-utils/2.5.0/hk2-utils-2.5.0.jar:/home/user/.m2/repository/jakarta/annotation/jakarta.annotation-api/1.3.4/jakarta.annotation-api-1.3.4.jar:/home/user/.m2/repository/org/glassfish/hk2/external/aopalliance-repackaged/2.5.0/aopalliance-repackaged-2.5.0.jar:/home/user/.m2/repository/com/fasterxml/jackson/dataformat/jackson-dataformat-xml/2.9.0/jackson-dataformat-xml-2.9.0.jar:/home/user/.m2/repository/com/fasterxml/jackson/core/jackson-core/2.9.5/jackson-core-2.9.5.jar:/home/user/.m2/repository/com/fasterxml/jackson/module/jackson-module-jaxb-annotations/2.9.5/jackson-module-jaxb-annotations-2.9.5.jar:/home/user/.m2/repository/javax/enterprise/cdi-api/1.2/cdi-api-1.2.jar:/home/user/.m2/repository/javax/el/javax.el-api/3.0.0/javax.el-api-3.0.0.jar:/home/user/.m2/repository/javax/interceptor/javax.interceptor-api/1.2/javax.interceptor-api-1.2.jar:/home/user/.m2/repository/javax/inject/javax.inject/1/javax.inject-1.jar:/home/user/.m2/repository/com/sun/xml/bind/jaxb-impl/2.3.0.1/jaxb-impl-2.3.0.1.jar:/home/user/.m2/repository/com/sun/xml/bind/jaxb-core/2.3.0.1/jaxb-core-2.3.0.1.jar:/home/user/.m2/repository/javax/xml/bind/jaxb-api/2.3.0/jaxb-api-2.3.0.jar:/home/user/.m2/repository/javax/activation/activation/1.1.1/activation-1.1.1.jar:/home/user/.m2/repository/org/apache/hadoop/hadoop-ozone-csi/0.5.0-SNAPSHOT/hadoop-ozone-csi-0.5.0-SNAPSHOT.jar:/home/user/.m2/repository/com/google/protobuf/protobuf-java-util/3.5.1/protobuf-java-util-3.5.1.jar:/home/user/.m2/repository/org/apache/hadoop/hadoop-hdds-config/0.5.0-SNAPSHOT/hadoop-hdds-config-0.5.0-SNAPSHOT.jar:/home/user/.m2/repository/io/grpc/grpc-netty/1.17.1/grpc-netty-1.17.1.jar:/home/user/.m2/repository/io/grpc/grpc-core/1.17.1/grpc-core-1.17.1.jar:/home/user/.m2/repository/io/grpc/grpc-context/1.17.1/grpc-context-1.17.1.jar:/home/user/.m2/repository/com/google/errorprone/error_prone_annotations/2.2.0/error_prone_annotations-2.2.0.jar:/home/user/.m2/repository/org/codehaus/mojo/animal-sniffer-annotations/1.17/animal-sniffer-annotations-1.17.jar:/home/user/.m2/repository/io/opencensus/opencensus-api/0.17.0/opencensus-api-0.17.0.jar:/home/user/.m2/repository/io/opencensus/opencensus-contrib-grpc-metrics/0.17.0/opencensus-contrib-grpc-metrics-0.17.0.jar:/home/user/.m2/repository/io/netty/netty-codec-http2/4.1.30.Final/netty-codec-http2-4.1.30.Final.jar:/home/user/.m2/repository/io/netty/netty-codec-http/4.1.30.Final/netty-codec-http-4.1.30.Final.jar:/home/user/.m2/repository/io/netty/netty-codec/4.1.30.Final/netty-codec-4.1.30.Final.jar:/home/user/.m2/repository/io/netty/netty-handler/4.1.30.Final/netty-handler-4.1.30.Final.jar:/home/user/.m2/repository/io/netty/netty-handler-proxy/4.1.30.Final/netty-handler-proxy-4.1.30.Final.jar:/home/user/.m2/repository/io/netty/netty-codec-socks/4.1.30.Final/netty-codec-socks-4.1.30.Final.jar:/home/user/.m2/repository/io/netty/netty-transport-native-epoll/4.1.30.Final/netty-transport-native-epoll-4.1.30.Final.jar:/home/user/.m2/repository/io/netty/netty-common/4.1.30.Final/netty-common-4.1.30.Final.jar:/home/user/.m2/repository/io/netty/netty-buffer/4.1.30.Final/netty-buffer-4.1.30.Final.jar:/home/user/.m2/repository/io/netty/netty-transport/4.1.30.Final/netty-transport-4.1.30.Final.jar:/home/user/.m2/repository/io/netty/netty-resolver/4.1.30.Final/netty-resolver-4.1.30.Final.jar:/home/user/.m2/repository/io/netty/netty-transport-native-unix-common/4.1.30.Final/netty-transport-native-unix-common-4.1.30.Final.jar:/home/user/.m2/repository/io/grpc/grpc-protobuf/1.17.1/grpc-protobuf-1.17.1.jar:/home/user/.m2/repository/com/google/api/grpc/proto-google-common-protos/1.0.0/proto-google-common-protos-1.0.0.jar:/home/user/.m2/repository/io/grpc/grpc-protobuf-lite/1.17.1/grpc-protobuf-lite-1.17.1.jar:/home/user/.m2/repository/io/grpc/grpc-stub/1.17.1/grpc-stub-1.17.1.jar:/home/user/.m2/repository/org/apache/hadoop/hadoop-ozone-recon/0.5.0-SNAPSHOT/hadoop-ozone-recon-0.5.0-SNAPSHOT.jar:/home/user/.m2/repository/org/apache/hadoop/hadoop-ozone-reconcodegen/0.5.0-SNAPSHOT/hadoop-ozone-reconcodegen-0.5.0-SNAPSHOT.jar:/home/user/.m2/repository/com/google/inject/extensions/guice-multibindings/4.0/guice-multibindings-4.0.jar:/home/user/.m2/repository/com/google/inject/guice/4.0/guice-4.0.jar:/home/user/.m2/repository/aopalliance/aopalliance/1.0/aopalliance-1.0.jar:/home/user/.m2/repository/com/google/inject/extensions/guice-servlet/4.0/guice-servlet-4.0.jar:/home/user/.m2/repository/org/glassfish/jersey/containers/jersey-container-servlet/2.27/jersey-container-servlet-2.27.jar:/home/user/.m2/repository/org/glassfish/hk2/guice-bridge/2.5.0/guice-bridge-2.5.0.jar:/home/user/.m2/repository/org/glassfish/jersey/core/jersey-server/2.27/jersey-server-2.27.jar:/home/user/.m2/repository/org/glassfish/jersey/core/jersey-client/2.27/jersey-client-2.27.jar:/home/user/.m2/repository/org/glassfish/jersey/media/jersey-media-jaxb/2.27/jersey-media-jaxb-2.27.jar:/home/user/.m2/repository/javax/validation/validation-api/1.1.0.Final/validation-api-1.1.0.Final.jar:/home/user/.m2/repository/org/glassfish/jersey/media/jersey-media-json-jackson/2.27/jersey-media-json-jackson-2.27.jar:/home/user/.m2/repository/org/glassfish/jersey/ext/jersey-entity-filtering/2.27/jersey-entity-filtering-2.27.jar:/home/user/.m2/repository/com/google/inject/extensions/guice-assistedinject/4.0/guice-assistedinject-4.0.jar:/home/user/.m2/repository/org/jooq/jooq/3.11.10/jooq-3.11.10.jar:/home/user/.m2/repository/org/jooq/jooq-meta/3.11.10/jooq-meta-3.11.10.jar:/home/user/.m2/repository/org/jooq/jooq-codegen/3.11.10/jooq-codegen-3.11.10.jar:/home/user/.m2/repository/com/jolbox/bonecp/0.8.0.RELEASE/bonecp-0.8.0.RELEASE.jar:/home/user/.m2/repository/org/xerial/sqlite-jdbc/3.25.2/sqlite-jdbc-3.25.2.jar:/home/user/.m2/repository/org/springframework/spring-jdbc/5.1.3.RELEASE/spring-jdbc-5.1.3.RELEASE.jar:/home/user/.m2/repository/org/springframework/spring-beans/5.1.3.RELEASE/spring-beans-5.1.3.RELEASE.jar:/home/user/.m2/repository/org/springframework/spring-core/5.1.3.RELEASE/spring-core-5.1.3.RELEASE.jar:/home/user/.m2/repository/org/springframework/spring-jcl/5.1.3.RELEASE/spring-jcl-5.1.3.RELEASE.jar:/home/user/.m2/repository/org/springframework/spring-tx/5.1.3.RELEASE/spring-tx-5.1.3.RELEASE.jar:/home/user/.m2/repository/org/apache/hadoop/hadoop-ozone-client/0.5.0-SNAPSHOT/hadoop-ozone-client-0.5.0-SNAPSHOT.jar:/home/user/.m2/repository/commons-lang/commons-lang/2.6/commons-lang-2.6.jar:/home/user/.m2/repository/org/apache/hadoop/hadoop-ozone-ozone-manager/0.5.0-SNAPSHOT/hadoop-ozone-ozone-manager-0.5.0-SNAPSHOT-tests.jar:/home/user/.m2/repository/junit/junit/4.11/junit-4.11.jar:/home/user/.m2/repository/org/hamcrest/hamcrest-core/1.3/hamcrest-core-1.3.jar:/home/user/.m2/repository/org/openjdk/jmh/jmh-core/1.19/jmh-core-1.19.jar:/home/user/.m2/repository/net/sf/jopt-simple/jopt-simple/4.6/jopt-simple-4.6.jar:/home/user/.m2/repository/org/apache/commons/commons-math3/3.1.1/commons-math3-3.1.1.jar:/home/user/.m2/repository/org/openjdk/jmh/jmh-generator-annprocess/1.19/jmh-generator-annprocess-1.19.jar:/home/user/.m2/repository/org/mockito/mockito-all/1.8.5/mockito-all-1.8.5.jar:/home/user/.m2/repository/org/apache/hadoop/hadoop-kms/3.2.0/hadoop-kms-3.2.0.jar:/home/user/.m2/repository/org/apache/hadoop/hadoop-auth/3.2.0/hadoop-auth-3.2.0.jar:/home/user/.m2/repository/com/nimbusds/nimbus-jose-jwt/4.41.1/nimbus-jose-jwt-4.41.1.jar:/home/user/.m2/repository/com/github/stephenc/jcip/jcip-annotations/1.0-1/jcip-annotations-1.0-1.jar:/home/user/.m2/repository/net/minidev/json-smart/2.3/json-smart-2.3.jar:/home/user/.m2/repository/net/minidev/accessors-smart/1.2/accessors-smart-1.2.jar:/home/user/.m2/repository/org/ow2/asm/asm/5.0.4/asm-5.0.4.jar:/home/user/.m2/repository/org/apache/curator/curator-framework/2.12.0/curator-framework-2.12.0.jar:/home/user/.m2/repository/com/sun/jersey/jersey-core/1.19/jersey-core-1.19.jar:/home/user/.m2/repository/javax/ws/rs/jsr311-api/1.1.1/jsr311-api-1.1.1.jar:/home/user/.m2/repository/com/sun/jersey/jersey-server/1.19/jersey-server-1.19.jar:/home/user/.m2/repository/javax/servlet/javax.servlet-api/3.1.0/javax.servlet-api-3.1.0.jar:/home/user/.m2/repository/org/eclipse/jetty/jetty-server/9.3.24.v20180605/jetty-server-9.3.24.v20180605.jar:/home/user/.m2/repository/org/eclipse/jetty/jetty-http/9.3.24.v20180605/jetty-http-9.3.24.v20180605.jar:/home/user/.m2/repository/org/eclipse/jetty/jetty-io/9.3.24.v20180605/jetty-io-9.3.24.v20180605.jar:/home/user/.m2/repository/org/eclipse/jetty/jetty-webapp/9.3.24.v20180605/jetty-webapp-9.3.24.v20180605.jar:/home/user/.m2/repository/org/eclipse/jetty/jetty-xml/9.3.24.v20180605/jetty-xml-9.3.24.v20180605.jar:/home/user/.m2/repository/log4j/log4j/1.2.17/log4j-1.2.17.jar:/home/user/.m2/repository/org/slf4j/slf4j-api/1.7.25/slf4j-api-1.7.25.jar:/home/user/.m2/repository/org/slf4j/jul-to-slf4j/1.7.25/jul-to-slf4j-1.7.25.jar:/home/user/.m2/repository/org/eclipse/jetty/jetty-util/9.3.24.v20180605/jetty-util-9.3.24.v20180605.jar:/home/user/.m2/repository/com/fasterxml/jackson/core/jackson-databind/2.9.5/jackson-databind-2.9.5.jar:/home/user/.m2/repository/org/apache/hadoop/hadoop-kms/3.2.0/hadoop-kms-3.2.0-tests.jar:/home/user/.m2/repository/org/apache/hadoop/hadoop-hdds-server-scm/0.5.0-SNAPSHOT/hadoop-hdds-server-scm-0.5.0-SNAPSHOT-tests.jar:/home/user/.m2/repository/org/apache/hadoop/hadoop-hdds-container-service/0.5.0-SNAPSHOT/hadoop-hdds-container-service-0.5.0-SNAPSHOT-tests.jar:/home/user/.m2/repository/org/yaml/snakeyaml/1.16/snakeyaml-1.16.jar:/home/user/.m2/repository/org/apache/hadoop/hadoop-common/3.2.0/hadoop-common-3.2.0-tests.jar:/home/user/.m2/repository/org/apache/hadoop/hadoop-annotations/3.2.0/hadoop-annotations-3.2.0.jar:/usr/lib/jvm/java-1.8-openjdk/jre/../lib/tools.jar:/home/user/.m2/repository/commons-cli/commons-cli/1.2/commons-cli-1.2.jar:/home/user/.m2/repository/org/apache/httpcomponents/httpclient/4.5.2/httpclient-4.5.2.jar:/home/user/.m2/repository/org/apache/httpcomponents/httpcore/4.4.4/httpcore-4.4.4.jar:/home/user/.m2/repository/commons-codec/commons-codec/1.11/commons-codec-1.11.jar:/home/user/.m2/repository/commons-net/commons-net/3.6/commons-net-3.6.jar:/home/user/.m2/repository/commons-collections/commons-collections/3.2.2/commons-collections-3.2.2.jar:/home/user/.m2/repository/org/eclipse/jetty/jetty-servlet/9.3.24.v20180605/jetty-servlet-9.3.24.v20180605.jar:/home/user/.m2/repository/org/eclipse/jetty/jetty-security/9.3.24.v20180605/jetty-security-9.3.24.v20180605.jar:/home/user/.m2/repository/javax/servlet/jsp/jsp-api/2.1/jsp-api-2.1.jar:/home/user/.m2/repository/com/sun/jersey/jersey-servlet/1.19/jersey-servlet-1.19.jar:/home/user/.m2/repository/com/sun/jersey/jersey-json/1.19/jersey-json-1.19.jar:/home/user/.m2/repository/org/codehaus/jettison/jettison/1.1/jettison-1.1.jar:/home/user/.m2/repository/org/codehaus/jackson/jackson-core-asl/1.9.13/jackson-core-asl-1.9.13.jar:/home/user/.m2/repository/org/codehaus/jackson/jackson-mapper-asl/1.9.13/jackson-mapper-asl-1.9.13.jar:/home/user/.m2/repository/org/codehaus/jackson/jackson-jaxrs/1.9.13/jackson-jaxrs-1.9.13.jar:/home/user/.m2/repository/org/codehaus/jackson/jackson-xc/1.9.13/jackson-xc-1.9.13.jar:/home/user/.m2/repository/commons-logging/commons-logging/1.1.3/commons-logging-1.1.3.jar:/home/user/.m2/repository/commons-beanutils/commons-beanutils/1.9.3/commons-beanutils-1.9.3.jar:/home/user/.m2/repository/org/apache/commons/commons-configuration2/2.1.1/commons-configuration2-2.1.1.jar:/home/user/.m2/repository/org/apache/commons/commons-lang3/3.7/commons-lang3-3.7.jar:/home/user/.m2/repository/org/apache/commons/commons-text/1.4/commons-text-1.4.jar:/home/user/.m2/repository/org/apache/avro/avro/1.7.7/avro-1.7.7.jar:/home/user/.m2/repository/com/thoughtworks/paranamer/paranamer/2.3/paranamer-2.3.jar:/home/user/.m2/repository/org/xerial/snappy/snappy-java/1.0.5/snappy-java-1.0.5.jar:/home/user/.m2/repository/com/google/re2j/re2j/1.1/re2j-1.1.jar:/home/user/.m2/repository/com/google/code/gson/gson/2.2.4/gson-2.2.4.jar:/home/user/.m2/repository/com/jcraft/jsch/0.1.54/jsch-0.1.54.jar:/home/user/.m2/repository/org/apache/curator/curator-client/2.12.0/curator-client-2.12.0.jar:/home/user/.m2/repository/org/apache/curator/curator-recipes/2.12.0/curator-recipes-2.12.0.jar:/home/user/.m2/repository/com/google/code/findbugs/jsr305/3.0.0/jsr305-3.0.0.jar:/home/user/.m2/repository/org/apache/htrace/htrace-core4/4.1.0-incubating/htrace-core4-4.1.0-incubating.jar:/home/user/.m2/repository/org/apache/zookeeper/zookeeper/3.4.13/zookeeper-3.4.13.jar:/home/user/.m2/repository/org/apache/yetus/audience-annotations/0.5.0/audience-annotations-0.5.0.jar:/home/user/.m2/repository/org/codehaus/woodstox/stax2-api/3.1.4/stax2-api-3.1.4.jar:/home/user/.m2/repository/com/fasterxml/woodstox/woodstox-core/5.0.3/woodstox-core-5.0.3.jar:/home/user/.m2/repository/dnsjava/dnsjava/2.1.7/dnsjava-2.1.7.jar:/home/user/.m2/repository/org/apache/hadoop/hadoop-hdfs/3.2.0/hadoop-hdfs-3.2.0-tests.jar:/home/user/.m2/repository/org/eclipse/jetty/jetty-util-ajax/9.3.24.v20180605/jetty-util-ajax-9.3.24.v20180605.jar:/home/user/.m2/repository/commons-daemon/commons-daemon/1.0.13/commons-daemon-1.0.13.jar:/home/user/.m2/repository/io/netty/netty/3.10.5.Final/netty-3.10.5.Final.jar:/home/user/.m2/repository/io/netty/netty-all/4.0.52.Final/netty-all-4.0.52.Final.jar:/home/user/.m2/repository/org/fusesource/leveldbjni/leveldbjni-all/1.8/leveldbjni-all-1.8.jar:"/>
    <property name="sun.cpu.endian" value="little"/>
    <property name="user.home" value="/home/user"/>
    <property name="user.language" value="en"/>
    <property name="java.specification.vendor" value="Oracle Corporation"/>
    <property name="java.home" value="/usr/lib/jvm/java-1.8-openjdk/jre"/>
    <property name="java.security.krb5.conf" value="/workdir/hadoop-ozone/integration-test/target/test-classes/krb5.conf"/>
    <property name="basedir" value="/workdir/hadoop-ozone/integration-test"/>
    <property name="file.separator" value="/"/>
    <property name="line.separator" value="&#10;"/>
    <property name="java.vm.specification.vendor" value="Oracle Corporation"/>
    <property name="java.specification.name" value="Java Platform API Specification"/>
    <property name="java.awt.graphicsenv" value="sun.awt.X11GraphicsEnvironment"/>
    <property name="surefire.real.class.path" value="/workdir/hadoop-ozone/integration-test/target/surefire/surefirebooter8020663039943450189.jar"/>
    <property name="hadoop.log.dir" value="/workdir/hadoop-ozone/integration-test/target/log"/>
    <property name="sun.boot.class.path" value="/usr/lib/jvm/java-1.8-openjdk/jre/lib/resources.jar:/usr/lib/jvm/java-1.8-openjdk/jre/lib/rt.jar:/usr/lib/jvm/java-1.8-openjdk/jre/lib/sunrsasign.jar:/usr/lib/jvm/java-1.8-openjdk/jre/lib/jsse.jar:/usr/lib/jvm/java-1.8-openjdk/jre/lib/jce.jar:/usr/lib/jvm/java-1.8-openjdk/jre/lib/charsets.jar:/usr/lib/jvm/java-1.8-openjdk/jre/lib/jfr.jar:/usr/lib/jvm/java-1.8-openjdk/jre/classes"/>
    <property name="sun.management.compiler" value="HotSpot 64-Bit Tiered Compilers"/>
    <property name="java.runtime.version" value="1.8.0_212-b04"/>
    <property name="java.net.preferIPv4Stack" value="true"/>
    <property name="user.name" value="jenkins1000"/>
    <property name="path.separator" value=":"/>
    <property name="java.security.egd" value="file:///dev/urandom"/>
    <property name="os.version" value="3.10.0-957.12.2.el7.x86_64"/>
    <property name="java.endorsed.dirs" value="/usr/lib/jvm/java-1.8-openjdk/jre/lib/endorsed"/>
    <property name="java.runtime.name" value="OpenJDK Runtime Environment"/>
    <property name="file.encoding" value="UTF-8"/>
    <property name="java.vm.name" value="OpenJDK 64-Bit Server VM"/>
    <property name="test.build.webapps" value=""/>
    <property name="localRepository" value="/home/user/.m2/repository"/>
    <property name="java.vendor.url.bug" value="https://icedtea.classpath.org/bugzilla"/>
    <property name="java.io.tmpdir" value="/tmp"/>
    <property name="require.test.libhadoop" value=""/>
    <property name="java.version" value="1.8.0_212"/>
    <property name="user.dir" value="/workdir/hadoop-ozone/integration-test"/>
    <property name="os.arch" value="amd64"/>
    <property name="java.vm.specification.name" value="Java Virtual Machine Specification"/>
    <property name="test.build.classes" value="/workdir/hadoop-ozone/integration-test/target/test-classes"/>
    <property name="java.awt.printerjob" value="sun.print.PSPrinterJob"/>
    <property name="sun.os.patch.level" value="unknown"/>
    <property name="hadoop.tmp.dir" value="/workdir/hadoop-ozone/integration-test/target/tmp"/>
    <property name="java.library.path" value="/usr/lib/jvm/java-1.8-openjdk/jre/lib/amd64/server:/usr/lib/jvm/java-1.8-openjdk/jre/lib/amd64:/usr/lib/jvm/java-1.8-openjdk/jre/../lib/amd64:/workdir/hadoop-ozone/integration-test/target/native/target/usr/local/lib:/workdir/hadoop-ozone/integration-test/../../hadoop-common-project/hadoop-common/target/native/target/usr/local/lib:/usr/java/packages/lib/amd64:/usr/lib64:/lib64:/lib:/usr/lib"/>
    <property name="java.vm.info" value="mixed mode"/>
    <property name="java.vendor" value="IcedTea"/>
    <property name="java.vm.version" value="25.212-b04"/>
    <property name="java.ext.dirs" value="/usr/lib/jvm/java-1.8-openjdk/jre/lib/ext:/usr/java/packages/lib/ext"/>
    <property name="sun.io.unicode.encoding" value="UnicodeLittle"/>
    <property name="java.class.version" value="52.0"/>
  </properties>
  <testcase name="testContainerStateMachineFailures" classname="org.apache.hadoop.ozone.client.rpc.TestContainerStateMachineFailures" time="81.829"/>
  <testcase name="testUnhealthyContainer" classname="org.apache.hadoop.ozone.client.rpc.TestContainerStateMachineFailures" time="99.93"/>
  <testcase name="testApplyTransactionFailure" classname="org.apache.hadoop.ozone.client.rpc.TestContainerStateMachineFailures" time="25.618">
    <error type="java.lang.NullPointerException">java.lang.NullPointerException
	at org.apache.hadoop.ozone.client.rpc.TestContainerStateMachineFailures.testApplyTransactionFailure(TestContainerStateMachineFailures.java:304)
	at sun.reflect.NativeMethodAccessorImpl.invoke0(Native Method)
	at sun.reflect.NativeMethodAccessorImpl.invoke(NativeMethodAccessorImpl.java:62)
	at sun.reflect.DelegatingMethodAccessorImpl.invoke(DelegatingMethodAccessorImpl.java:43)
	at java.lang.reflect.Method.invoke(Method.java:498)
	at org.junit.runners.model.FrameworkMethod$1.runReflectiveCall(FrameworkMethod.java:47)
	at org.junit.internal.runners.model.ReflectiveCallable.run(ReflectiveCallable.java:12)
	at org.junit.runners.model.FrameworkMethod.invokeExplosively(FrameworkMethod.java:44)
	at org.junit.internal.runners.statements.InvokeMethod.evaluate(InvokeMethod.java:17)
	at org.junit.runners.ParentRunner.runLeaf(ParentRunner.java:271)
	at org.junit.runners.BlockJUnit4ClassRunner.runChild(BlockJUnit4ClassRunner.java:70)
	at org.junit.runners.BlockJUnit4ClassRunner.runChild(BlockJUnit4ClassRunner.java:50)
	at org.junit.runners.ParentRunner$3.run(ParentRunner.java:238)
	at org.junit.runners.ParentRunner$1.schedule(ParentRunner.java:63)
	at org.junit.runners.ParentRunner.runChildren(ParentRunner.java:236)
	at org.junit.runners.ParentRunner.access$000(ParentRunner.java:53)
	at org.junit.runners.ParentRunner$2.evaluate(ParentRunner.java:229)
	at org.junit.internal.runners.statements.RunBefores.evaluate(RunBefores.java:26)
	at org.junit.internal.runners.statements.RunAfters.evaluate(RunAfters.java:27)
	at org.junit.runners.ParentRunner.run(ParentRunner.java:309)
	at org.apache.maven.surefire.junit4.JUnit4Provider.execute(JUnit4Provider.java:365)
	at org.apache.maven.surefire.junit4.JUnit4Provider.executeWithRerun(JUnit4Provider.java:273)
	at org.apache.maven.surefire.junit4.JUnit4Provider.executeTestSet(JUnit4Provider.java:238)
	at org.apache.maven.surefire.junit4.JUnit4Provider.invoke(JUnit4Provider.java:159)
	at org.apache.maven.surefire.booter.ForkedBooter.invokeProviderInSameClassLoader(ForkedBooter.java:384)
	at org.apache.maven.surefire.booter.ForkedBooter.runSuitesInProcess(ForkedBooter.java:345)
	at org.apache.maven.surefire.booter.ForkedBooter.execute(ForkedBooter.java:126)
	at org.apache.maven.surefire.booter.ForkedBooter.main(ForkedBooter.java:418)
</error>
    <system-out><![CDATA[2019-09-20 05:49:55,534 [RatisPipelineUtilsThread] INFO  pipeline.PipelineStateManager (PipelineStateManager.java:addPipeline(56)) - Created pipeline Pipeline[ Id: 684f5ca1-7aa2-48c5-833a-da618fa1b8b2, Nodes: 9b918566-8d2f-4f38-9ce1-65f5cd084216{ip: 192.168.36.79, host: pr-hdds-1569-s8kj2-2266485376, networkLocation: /default-rack, certSerialId: null}, Type:RATIS, Factor:ONE, State:OPEN]
2019-09-20 05:49:55,540 [grpc-default-executor-1] INFO  impl.RaftServerProxy (RaftServerProxy.java:addNew(89)) - 9b918566-8d2f-4f38-9ce1-65f5cd084216: addNew group-B32661D68248:[9b918566-8d2f-4f38-9ce1-65f5cd084216:192.168.36.79:46843] returns group-B32661D68248:java.util.concurrent.CompletableFuture@6638eb26[Not completed]
2019-09-20 05:49:55,540 | INFO  | OMAudit | user=jenkins1000 | ip=127.0.0.1 | op=READ_VOLUME {volume=testcontainerstatemachinefailures} | ret=SUCCESS |  
2019-09-20 05:49:55,540 [pool-57-thread-1] INFO  impl.RaftServerImpl (RaftServerImpl.java:<init>(93)) - 9b918566-8d2f-4f38-9ce1-65f5cd084216: new RaftServerImpl for group-B32661D68248:[9b918566-8d2f-4f38-9ce1-65f5cd084216:192.168.36.79:46843] with ContainerStateMachine:uninitialized
2019-09-20 05:49:55,541 [pool-57-thread-1] INFO  server.RaftServerConfigKeys (ConfUtils.java:logGet(43)) - raft.server.rpc.timeout.min = 5s (custom)
2019-09-20 05:49:55,541 [pool-57-thread-1] INFO  server.RaftServerConfigKeys (ConfUtils.java:logGet(43)) - raft.server.rpc.timeout.max = 5200ms (custom)
2019-09-20 05:49:55,541 [pool-57-thread-1] INFO  server.RaftServerConfigKeys (ConfUtils.java:logGet(43)) - raft.server.rpcslowness.timeout = 120s (custom)
2019-09-20 05:49:55,541 [pool-57-thread-1] INFO  server.RaftServerConfigKeys (ConfUtils.java:logGet(43)) - raft.server.sleep.deviation.threshold = 300 (default)
2019-09-20 05:49:55,541 [pool-57-thread-1] INFO  server.RaftServerConfigKeys (ConfUtils.java:logGet(43)) - raft.server.log.appender.install.snapshot.enabled = false (custom)
2019-09-20 05:49:55,541 [pool-57-thread-1] INFO  impl.RaftServerImpl (ServerState.java:<init>(105)) - 9b918566-8d2f-4f38-9ce1-65f5cd084216:group-B32661D68248 ConfigurationManager, init=-1: [9b918566-8d2f-4f38-9ce1-65f5cd084216:192.168.36.79:46843], old=null, confs=<EMPTY_MAP>
2019-09-20 05:49:55,541 [pool-57-thread-1] INFO  server.RaftServerConfigKeys (ConfUtils.java:logGet(43)) - raft.server.storage.dir = [/workdir/hadoop-ozone/integration-test/target/test-dir/MiniOzoneClusterImpl-29dd0c8c-da21-41d6-af77-5f0a65600fbb/datanode-0/data/ratis] (custom)
2019-09-20 05:49:55,542 [pool-57-thread-1] INFO  storage.RaftStorageDirectory (RaftStorageDirectory.java:analyzeStorage(246)) - The storage directory /workdir/hadoop-ozone/integration-test/target/test-dir/MiniOzoneClusterImpl-29dd0c8c-da21-41d6-af77-5f0a65600fbb/datanode-0/data/ratis/dfeb905a-5f26-42ff-baec-b32661d68248 does not exist. Creating ...
2019-09-20 05:49:55,542 | INFO  | OMAudit | user=jenkins1000 | ip=127.0.0.1 | op=READ_BUCKET {volume=testcontainerstatemachinefailures, bucket=testcontainerstatemachinefailures} | ret=SUCCESS |  
2019-09-20 05:49:55,556 [pool-57-thread-1] INFO  storage.RaftStorageDirectory (RaftStorageDirectory.java:tryLock(328)) - Lock on /workdir/hadoop-ozone/integration-test/target/test-dir/MiniOzoneClusterImpl-29dd0c8c-da21-41d6-af77-5f0a65600fbb/datanode-0/data/ratis/dfeb905a-5f26-42ff-baec-b32661d68248/in_use.lock acquired by nodename 6907@pr-hdds-1569-s8kj2-2266485376
2019-09-20 05:49:55,574 [pool-57-thread-1] INFO  storage.RaftStorage (RaftStorage.java:format(72)) - Storage directory /workdir/hadoop-ozone/integration-test/target/test-dir/MiniOzoneClusterImpl-29dd0c8c-da21-41d6-af77-5f0a65600fbb/datanode-0/data/ratis/dfeb905a-5f26-42ff-baec-b32661d68248 has been successfully formatted.
2019-09-20 05:49:55,574 [pool-57-thread-1] INFO  ratis.ContainerStateMachine (ContainerStateMachine.java:loadSnapshot(226)) - group-B32661D68248: The snapshot info is null. Setting the last applied indexto:(t:0, i:~)
2019-09-20 05:49:55,574 [pool-57-thread-1] INFO  server.RaftServerConfigKeys (ConfUtils.java:logGet(43)) - raft.server.leader.election.timeout = 120s (custom)
2019-09-20 05:49:55,575 [pool-57-thread-1] INFO  server.RaftServerConfigKeys (ConfUtils.java:logGet(43)) - raft.server.log.use.memory = false (default)
2019-09-20 05:49:55,575 [pool-57-thread-1] INFO  server.RaftServerConfigKeys (ConfUtils.java:logGet(43)) - raft.server.log.purge.gap = 1000000 (custom)
2019-09-20 05:49:55,575 [pool-57-thread-1] INFO  server.RaftServerConfigKeys (ConfUtils.java:logGet(43)) - raft.server.log.appender.buffer.byte-limit = 33554432 (custom)
2019-09-20 05:49:55,575 [pool-57-thread-1] INFO  server.RaftServerConfigKeys (ConfUtils.java:logGet(43)) - raft.server.log.segment.size.max = 1048576 (custom)
2019-09-20 05:49:55,575 [pool-57-thread-1] INFO  server.RaftServerConfigKeys (ConfUtils.java:logGet(43)) - raft.server.log.segment.cache.num.max = 2 (custom)
2019-09-20 05:49:55,575 [pool-57-thread-1] INFO  segmented.SegmentedRaftLogWorker (SegmentedRaftLogWorker.java:<init>(172)) - new 9b918566-8d2f-4f38-9ce1-65f5cd084216-SegmentedRaftLogWorker:Storage Directory /workdir/hadoop-ozone/integration-test/target/test-dir/MiniOzoneClusterImpl-29dd0c8c-da21-41d6-af77-5f0a65600fbb/datanode-0/data/ratis/dfeb905a-5f26-42ff-baec-b32661d68248 for RaftStorage:Storage Directory /workdir/hadoop-ozone/integration-test/target/test-dir/MiniOzoneClusterImpl-29dd0c8c-da21-41d6-af77-5f0a65600fbb/datanode-0/data/ratis/dfeb905a-5f26-42ff-baec-b32661d68248
2019-09-20 05:49:55,575 [pool-57-thread-1] INFO  server.RaftServerConfigKeys (ConfUtils.java:logGet(43)) - raft.server.log.queue.byte-limit = 2147483647 (custom)
2019-09-20 05:49:55,575 [pool-57-thread-1] INFO  server.RaftServerConfigKeys (ConfUtils.java:logGet(43)) - raft.server.log.queue.element-limit = 1024 (custom)
2019-09-20 05:49:55,575 [pool-57-thread-1] INFO  server.RaftServerConfigKeys (ConfUtils.java:logGet(43)) - raft.server.log.segment.size.max = 1048576 (custom)
2019-09-20 05:49:55,575 [pool-57-thread-1] INFO  server.RaftServerConfigKeys (ConfUtils.java:logGet(43)) - raft.server.log.preallocated.size = 16384 (custom)
2019-09-20 05:49:55,575 [pool-57-thread-1] INFO  server.RaftServerConfigKeys (ConfUtils.java:logGet(43)) - raft.server.log.write.buffer.size = 33554432 (custom)
2019-09-20 05:49:55,576 [pool-57-thread-1] INFO  server.RaftServerConfigKeys (ConfUtils.java:logGet(43)) - raft.server.log.force.sync.num = 128 (default)
2019-09-20 05:49:55,576 [pool-57-thread-1] INFO  server.RaftServerConfigKeys (ConfUtils.java:logGet(43)) - raft.server.log.statemachine.data.sync = true (default)
2019-09-20 05:49:55,576 [pool-57-thread-1] INFO  server.RaftServerConfigKeys (ConfUtils.java:logGet(43)) - raft.server.log.statemachine.data.sync.timeout = 10s (default)
2019-09-20 05:49:55,576 [pool-57-thread-1] INFO  server.RaftServerConfigKeys (ConfUtils.java:logGet(43)) - raft.server.log.statemachine.data.sync.timeout.retry = -1 (default)
2019-09-20 05:49:55,576 [pool-57-thread-1] INFO  server.RaftServerConfigKeys (ConfUtils.java:logGet(43)) - raft.server.log.statemachine.data.caching.enabled = true (custom)
2019-09-20 05:49:55,576 [pool-57-thread-1] INFO  segmented.SegmentedRaftLogWorker (SegmentedRaftLogWorker.java:lambda$new$0(132)) - 9b918566-8d2f-4f38-9ce1-65f5cd084216-SegmentedRaftLogWorker:Storage Directory /workdir/hadoop-ozone/integration-test/target/test-dir/MiniOzoneClusterImpl-29dd0c8c-da21-41d6-af77-5f0a65600fbb/datanode-0/data/ratis/dfeb905a-5f26-42ff-baec-b32661d68248: flushIndex: setUnconditionally 0 -> -1
2019-09-20 05:49:55,576 [pool-57-thread-1] INFO  server.RaftServerConfigKeys (ConfUtils.java:logGet(43)) - raft.server.snapshot.auto.trigger.enabled = true (custom)
2019-09-20 05:49:55,577 [pool-57-thread-1] INFO  server.RaftServerConfigKeys (ConfUtils.java:logGet(43)) - raft.server.snapshot.auto.trigger.threshold = 1 (custom)
2019-09-20 05:49:55,577 [pool-57-thread-1] INFO  server.RaftServerConfigKeys (ConfUtils.java:logGet(43)) - raft.server.retrycache.expirytime = 600000ms (custom)
2019-09-20 05:49:55,577 [pool-57-thread-1] INFO  impl.RaftServerImpl (RaftServerImpl.java:start(180)) - 9b918566-8d2f-4f38-9ce1-65f5cd084216: start group-B32661D68248
2019-09-20 05:49:55,577 [pool-57-thread-1] INFO  impl.RaftServerImpl (RaftServerImpl.java:setRole(171)) - 9b918566-8d2f-4f38-9ce1-65f5cd084216:group-B32661D68248 changes role from null to FOLLOWER at term 0 for startAsFollower
2019-09-20 05:49:55,577 [pool-57-thread-1] INFO  impl.RoleInfo (RoleInfo.java:updateAndGet(143)) - 9b918566-8d2f-4f38-9ce1-65f5cd084216: start FollowerState
2019-09-20 05:49:55,577 [pool-57-thread-1] INFO  util.JmxRegister (JmxRegister.java:tryRegister(44)) - Successfully registered JMX Bean with object name Ratis:service=RaftServer,group=group-B32661D68248,id=9b918566-8d2f-4f38-9ce1-65f5cd084216
2019-09-20 05:49:55,579 [RatisPipelineUtilsThread] INFO  pipeline.PipelineStateManager (PipelineStateManager.java:addPipeline(56)) - Created pipeline Pipeline[ Id: dfeb905a-5f26-42ff-baec-b32661d68248, Nodes: 9b918566-8d2f-4f38-9ce1-65f5cd084216{ip: 192.168.36.79, host: pr-hdds-1569-s8kj2-2266485376, networkLocation: /default-rack, certSerialId: null}, Type:RATIS, Factor:ONE, State:OPEN]
2019-09-20 05:49:55,582 [grpc-default-executor-1] INFO  impl.RaftServerProxy (RaftServerProxy.java:addNew(89)) - 9b918566-8d2f-4f38-9ce1-65f5cd084216: addNew group-DBBFD2747E10:[9b918566-8d2f-4f38-9ce1-65f5cd084216:192.168.36.79:46843] returns group-DBBFD2747E10:java.util.concurrent.CompletableFuture@395787bf[Not completed]
2019-09-20 05:49:55,582 [pool-57-thread-1] INFO  impl.RaftServerImpl (RaftServerImpl.java:<init>(93)) - 9b918566-8d2f-4f38-9ce1-65f5cd084216: new RaftServerImpl for group-DBBFD2747E10:[9b918566-8d2f-4f38-9ce1-65f5cd084216:192.168.36.79:46843] with ContainerStateMachine:uninitialized
2019-09-20 05:49:55,583 [pool-57-thread-1] INFO  server.RaftServerConfigKeys (ConfUtils.java:logGet(43)) - raft.server.rpc.timeout.min = 5s (custom)
2019-09-20 05:49:55,583 [pool-57-thread-1] INFO  server.RaftServerConfigKeys (ConfUtils.java:logGet(43)) - raft.server.rpc.timeout.max = 5200ms (custom)
2019-09-20 05:49:55,583 [pool-57-thread-1] INFO  server.RaftServerConfigKeys (ConfUtils.java:logGet(43)) - raft.server.rpcslowness.timeout = 120s (custom)
2019-09-20 05:49:55,583 [pool-57-thread-1] INFO  server.RaftServerConfigKeys (ConfUtils.java:logGet(43)) - raft.server.sleep.deviation.threshold = 300 (default)
2019-09-20 05:49:55,583 [pool-57-thread-1] INFO  server.RaftServerConfigKeys (ConfUtils.java:logGet(43)) - raft.server.log.appender.install.snapshot.enabled = false (custom)
2019-09-20 05:49:55,583 [pool-57-thread-1] INFO  impl.RaftServerImpl (ServerState.java:<init>(105)) - 9b918566-8d2f-4f38-9ce1-65f5cd084216:group-DBBFD2747E10 ConfigurationManager, init=-1: [9b918566-8d2f-4f38-9ce1-65f5cd084216:192.168.36.79:46843], old=null, confs=<EMPTY_MAP>
2019-09-20 05:49:55,583 [pool-57-thread-1] INFO  server.RaftServerConfigKeys (ConfUtils.java:logGet(43)) - raft.server.storage.dir = [/workdir/hadoop-ozone/integration-test/target/test-dir/MiniOzoneClusterImpl-29dd0c8c-da21-41d6-af77-5f0a65600fbb/datanode-0/data/ratis] (custom)
2019-09-20 05:49:55,584 [pool-57-thread-1] INFO  storage.RaftStorageDirectory (RaftStorageDirectory.java:analyzeStorage(246)) - The storage directory /workdir/hadoop-ozone/integration-test/target/test-dir/MiniOzoneClusterImpl-29dd0c8c-da21-41d6-af77-5f0a65600fbb/datanode-0/data/ratis/a786450b-6c47-4782-a3d7-dbbfd2747e10 does not exist. Creating ...
2019-09-20 05:49:55,605 [pool-57-thread-1] INFO  storage.RaftStorageDirectory (RaftStorageDirectory.java:tryLock(328)) - Lock on /workdir/hadoop-ozone/integration-test/target/test-dir/MiniOzoneClusterImpl-29dd0c8c-da21-41d6-af77-5f0a65600fbb/datanode-0/data/ratis/a786450b-6c47-4782-a3d7-dbbfd2747e10/in_use.lock acquired by nodename 6907@pr-hdds-1569-s8kj2-2266485376
2019-09-20 05:49:55,628 [pool-57-thread-1] INFO  storage.RaftStorage (RaftStorage.java:format(72)) - Storage directory /workdir/hadoop-ozone/integration-test/target/test-dir/MiniOzoneClusterImpl-29dd0c8c-da21-41d6-af77-5f0a65600fbb/datanode-0/data/ratis/a786450b-6c47-4782-a3d7-dbbfd2747e10 has been successfully formatted.
2019-09-20 05:49:55,628 [pool-57-thread-1] INFO  ratis.ContainerStateMachine (ContainerStateMachine.java:loadSnapshot(226)) - group-DBBFD2747E10: The snapshot info is null. Setting the last applied indexto:(t:0, i:~)
2019-09-20 05:49:55,628 [pool-57-thread-1] INFO  server.RaftServerConfigKeys (ConfUtils.java:logGet(43)) - raft.server.leader.election.timeout = 120s (custom)
2019-09-20 05:49:55,628 [pool-57-thread-1] INFO  server.RaftServerConfigKeys (ConfUtils.java:logGet(43)) - raft.server.log.use.memory = false (default)
2019-09-20 05:49:55,628 [pool-57-thread-1] INFO  server.RaftServerConfigKeys (ConfUtils.java:logGet(43)) - raft.server.log.purge.gap = 1000000 (custom)
2019-09-20 05:49:55,628 [pool-57-thread-1] INFO  server.RaftServerConfigKeys (ConfUtils.java:logGet(43)) - raft.server.log.appender.buffer.byte-limit = 33554432 (custom)
2019-09-20 05:49:55,629 [pool-57-thread-1] INFO  server.RaftServerConfigKeys (ConfUtils.java:logGet(43)) - raft.server.log.segment.size.max = 1048576 (custom)
2019-09-20 05:49:55,629 [pool-57-thread-1] INFO  server.RaftServerConfigKeys (ConfUtils.java:logGet(43)) - raft.server.log.segment.cache.num.max = 2 (custom)
2019-09-20 05:49:55,629 [pool-57-thread-1] INFO  segmented.SegmentedRaftLogWorker (SegmentedRaftLogWorker.java:<init>(172)) - new 9b918566-8d2f-4f38-9ce1-65f5cd084216-SegmentedRaftLogWorker:Storage Directory /workdir/hadoop-ozone/integration-test/target/test-dir/MiniOzoneClusterImpl-29dd0c8c-da21-41d6-af77-5f0a65600fbb/datanode-0/data/ratis/a786450b-6c47-4782-a3d7-dbbfd2747e10 for RaftStorage:Storage Directory /workdir/hadoop-ozone/integration-test/target/test-dir/MiniOzoneClusterImpl-29dd0c8c-da21-41d6-af77-5f0a65600fbb/datanode-0/data/ratis/a786450b-6c47-4782-a3d7-dbbfd2747e10
2019-09-20 05:49:55,629 [pool-57-thread-1] INFO  server.RaftServerConfigKeys (ConfUtils.java:logGet(43)) - raft.server.log.queue.byte-limit = 2147483647 (custom)
2019-09-20 05:49:55,629 [pool-57-thread-1] INFO  server.RaftServerConfigKeys (ConfUtils.java:logGet(43)) - raft.server.log.queue.element-limit = 1024 (custom)
2019-09-20 05:49:55,629 [pool-57-thread-1] INFO  server.RaftServerConfigKeys (ConfUtils.java:logGet(43)) - raft.server.log.segment.size.max = 1048576 (custom)
2019-09-20 05:49:55,629 [pool-57-thread-1] INFO  server.RaftServerConfigKeys (ConfUtils.java:logGet(43)) - raft.server.log.preallocated.size = 16384 (custom)
2019-09-20 05:49:55,630 [pool-57-thread-1] INFO  server.RaftServerConfigKeys (ConfUtils.java:logGet(43)) - raft.server.log.write.buffer.size = 33554432 (custom)
2019-09-20 05:49:55,630 [pool-57-thread-1] INFO  server.RaftServerConfigKeys (ConfUtils.java:logGet(43)) - raft.server.log.force.sync.num = 128 (default)
2019-09-20 05:49:55,630 [pool-57-thread-1] INFO  server.RaftServerConfigKeys (ConfUtils.java:logGet(43)) - raft.server.log.statemachine.data.sync = true (default)
2019-09-20 05:49:55,630 [pool-57-thread-1] INFO  server.RaftServerConfigKeys (ConfUtils.java:logGet(43)) - raft.server.log.statemachine.data.sync.timeout = 10s (default)
2019-09-20 05:49:55,630 [pool-57-thread-1] INFO  server.RaftServerConfigKeys (ConfUtils.java:logGet(43)) - raft.server.log.statemachine.data.sync.timeout.retry = -1 (default)
2019-09-20 05:49:55,630 [pool-57-thread-1] INFO  server.RaftServerConfigKeys (ConfUtils.java:logGet(43)) - raft.server.log.statemachine.data.caching.enabled = true (custom)
2019-09-20 05:49:55,631 [pool-57-thread-1] INFO  segmented.SegmentedRaftLogWorker (SegmentedRaftLogWorker.java:lambda$new$0(132)) - 9b918566-8d2f-4f38-9ce1-65f5cd084216-SegmentedRaftLogWorker:Storage Directory /workdir/hadoop-ozone/integration-test/target/test-dir/MiniOzoneClusterImpl-29dd0c8c-da21-41d6-af77-5f0a65600fbb/datanode-0/data/ratis/a786450b-6c47-4782-a3d7-dbbfd2747e10: flushIndex: setUnconditionally 0 -> -1
2019-09-20 05:49:55,631 [pool-57-thread-1] INFO  server.RaftServerConfigKeys (ConfUtils.java:logGet(43)) - raft.server.snapshot.auto.trigger.enabled = true (custom)
2019-09-20 05:49:55,631 [pool-57-thread-1] INFO  server.RaftServerConfigKeys (ConfUtils.java:logGet(43)) - raft.server.snapshot.auto.trigger.threshold = 1 (custom)
2019-09-20 05:49:55,631 [pool-57-thread-1] INFO  server.RaftServerConfigKeys (ConfUtils.java:logGet(43)) - raft.server.retrycache.expirytime = 600000ms (custom)
2019-09-20 05:49:55,631 [pool-57-thread-1] INFO  impl.RaftServerImpl (RaftServerImpl.java:start(180)) - 9b918566-8d2f-4f38-9ce1-65f5cd084216: start group-DBBFD2747E10
2019-09-20 05:49:55,631 [pool-57-thread-1] INFO  impl.RaftServerImpl (RaftServerImpl.java:setRole(171)) - 9b918566-8d2f-4f38-9ce1-65f5cd084216:group-DBBFD2747E10 changes role from null to FOLLOWER at term 0 for startAsFollower
2019-09-20 05:49:55,632 [pool-57-thread-1] INFO  impl.RoleInfo (RoleInfo.java:updateAndGet(143)) - 9b918566-8d2f-4f38-9ce1-65f5cd084216: start FollowerState
2019-09-20 05:49:55,632 [pool-57-thread-1] INFO  util.JmxRegister (JmxRegister.java:tryRegister(44)) - Successfully registered JMX Bean with object name Ratis:service=RaftServer,group=group-DBBFD2747E10,id=9b918566-8d2f-4f38-9ce1-65f5cd084216
2019-09-20 05:49:55,633 [RatisPipelineUtilsThread] INFO  pipeline.PipelineStateManager (PipelineStateManager.java:addPipeline(56)) - Created pipeline Pipeline[ Id: a786450b-6c47-4782-a3d7-dbbfd2747e10, Nodes: 9b918566-8d2f-4f38-9ce1-65f5cd084216{ip: 192.168.36.79, host: pr-hdds-1569-s8kj2-2266485376, networkLocation: /default-rack, certSerialId: null}, Type:RATIS, Factor:ONE, State:OPEN]
2019-09-20 05:49:55,636 [grpc-default-executor-1] INFO  impl.RaftServerProxy (RaftServerProxy.java:addNew(89)) - 9b918566-8d2f-4f38-9ce1-65f5cd084216: addNew group-B4E7E5B8A740:[9b918566-8d2f-4f38-9ce1-65f5cd084216:192.168.36.79:46843] returns group-B4E7E5B8A740:java.util.concurrent.CompletableFuture@6708d2ad[Not completed]
2019-09-20 05:49:55,637 [pool-57-thread-1] INFO  impl.RaftServerImpl (RaftServerImpl.java:<init>(93)) - 9b918566-8d2f-4f38-9ce1-65f5cd084216: new RaftServerImpl for group-B4E7E5B8A740:[9b918566-8d2f-4f38-9ce1-65f5cd084216:192.168.36.79:46843] with ContainerStateMachine:uninitialized
2019-09-20 05:49:55,637 [pool-57-thread-1] INFO  server.RaftServerConfigKeys (ConfUtils.java:logGet(43)) - raft.server.rpc.timeout.min = 5s (custom)
2019-09-20 05:49:55,637 [pool-57-thread-1] INFO  server.RaftServerConfigKeys (ConfUtils.java:logGet(43)) - raft.server.rpc.timeout.max = 5200ms (custom)
2019-09-20 05:49:55,637 [pool-57-thread-1] INFO  server.RaftServerConfigKeys (ConfUtils.java:logGet(43)) - raft.server.rpcslowness.timeout = 120s (custom)
2019-09-20 05:49:55,638 [pool-57-thread-1] INFO  server.RaftServerConfigKeys (ConfUtils.java:logGet(43)) - raft.server.sleep.deviation.threshold = 300 (default)
2019-09-20 05:49:55,638 [pool-57-thread-1] INFO  server.RaftServerConfigKeys (ConfUtils.java:logGet(43)) - raft.server.log.appender.install.snapshot.enabled = false (custom)
2019-09-20 05:49:55,638 [pool-57-thread-1] INFO  impl.RaftServerImpl (ServerState.java:<init>(105)) - 9b918566-8d2f-4f38-9ce1-65f5cd084216:group-B4E7E5B8A740 ConfigurationManager, init=-1: [9b918566-8d2f-4f38-9ce1-65f5cd084216:192.168.36.79:46843], old=null, confs=<EMPTY_MAP>
2019-09-20 05:49:55,638 [pool-57-thread-1] INFO  server.RaftServerConfigKeys (ConfUtils.java:logGet(43)) - raft.server.storage.dir = [/workdir/hadoop-ozone/integration-test/target/test-dir/MiniOzoneClusterImpl-29dd0c8c-da21-41d6-af77-5f0a65600fbb/datanode-0/data/ratis] (custom)
2019-09-20 05:49:55,638 [pool-57-thread-1] INFO  storage.RaftStorageDirectory (RaftStorageDirectory.java:analyzeStorage(246)) - The storage directory /workdir/hadoop-ozone/integration-test/target/test-dir/MiniOzoneClusterImpl-29dd0c8c-da21-41d6-af77-5f0a65600fbb/datanode-0/data/ratis/a97a1c7b-3a9e-4e1a-988a-b4e7e5b8a740 does not exist. Creating ...
2019-09-20 05:49:55,661 [pool-57-thread-1] INFO  storage.RaftStorageDirectory (RaftStorageDirectory.java:tryLock(328)) - Lock on /workdir/hadoop-ozone/integration-test/target/test-dir/MiniOzoneClusterImpl-29dd0c8c-da21-41d6-af77-5f0a65600fbb/datanode-0/data/ratis/a97a1c7b-3a9e-4e1a-988a-b4e7e5b8a740/in_use.lock acquired by nodename 6907@pr-hdds-1569-s8kj2-2266485376
2019-09-20 05:49:55,675 [pool-57-thread-1] INFO  storage.RaftStorage (RaftStorage.java:format(72)) - Storage directory /workdir/hadoop-ozone/integration-test/target/test-dir/MiniOzoneClusterImpl-29dd0c8c-da21-41d6-af77-5f0a65600fbb/datanode-0/data/ratis/a97a1c7b-3a9e-4e1a-988a-b4e7e5b8a740 has been successfully formatted.
2019-09-20 05:49:55,676 [pool-57-thread-1] INFO  ratis.ContainerStateMachine (ContainerStateMachine.java:loadSnapshot(226)) - group-B4E7E5B8A740: The snapshot info is null. Setting the last applied indexto:(t:0, i:~)
2019-09-20 05:49:55,676 [pool-57-thread-1] INFO  server.RaftServerConfigKeys (ConfUtils.java:logGet(43)) - raft.server.leader.election.timeout = 120s (custom)
2019-09-20 05:49:55,676 [pool-57-thread-1] INFO  server.RaftServerConfigKeys (ConfUtils.java:logGet(43)) - raft.server.log.use.memory = false (default)
2019-09-20 05:49:55,676 [pool-57-thread-1] INFO  server.RaftServerConfigKeys (ConfUtils.java:logGet(43)) - raft.server.log.purge.gap = 1000000 (custom)
2019-09-20 05:49:55,676 [pool-57-thread-1] INFO  server.RaftServerConfigKeys (ConfUtils.java:logGet(43)) - raft.server.log.appender.buffer.byte-limit = 33554432 (custom)
2019-09-20 05:49:55,676 [pool-57-thread-1] INFO  server.RaftServerConfigKeys (ConfUtils.java:logGet(43)) - raft.server.log.segment.size.max = 1048576 (custom)
2019-09-20 05:49:55,676 [pool-57-thread-1] INFO  server.RaftServerConfigKeys (ConfUtils.java:logGet(43)) - raft.server.log.segment.cache.num.max = 2 (custom)
2019-09-20 05:49:55,676 [pool-57-thread-1] INFO  segmented.SegmentedRaftLogWorker (SegmentedRaftLogWorker.java:<init>(172)) - new 9b918566-8d2f-4f38-9ce1-65f5cd084216-SegmentedRaftLogWorker:Storage Directory /workdir/hadoop-ozone/integration-test/target/test-dir/MiniOzoneClusterImpl-29dd0c8c-da21-41d6-af77-5f0a65600fbb/datanode-0/data/ratis/a97a1c7b-3a9e-4e1a-988a-b4e7e5b8a740 for RaftStorage:Storage Directory /workdir/hadoop-ozone/integration-test/target/test-dir/MiniOzoneClusterImpl-29dd0c8c-da21-41d6-af77-5f0a65600fbb/datanode-0/data/ratis/a97a1c7b-3a9e-4e1a-988a-b4e7e5b8a740
2019-09-20 05:49:55,676 [pool-57-thread-1] INFO  server.RaftServerConfigKeys (ConfUtils.java:logGet(43)) - raft.server.log.queue.byte-limit = 2147483647 (custom)
2019-09-20 05:49:55,676 [pool-57-thread-1] INFO  server.RaftServerConfigKeys (ConfUtils.java:logGet(43)) - raft.server.log.queue.element-limit = 1024 (custom)
2019-09-20 05:49:55,677 [pool-57-thread-1] INFO  server.RaftServerConfigKeys (ConfUtils.java:logGet(43)) - raft.server.log.segment.size.max = 1048576 (custom)
2019-09-20 05:49:55,677 [pool-57-thread-1] INFO  server.RaftServerConfigKeys (ConfUtils.java:logGet(43)) - raft.server.log.preallocated.size = 16384 (custom)
2019-09-20 05:49:55,677 [pool-57-thread-1] INFO  server.RaftServerConfigKeys (ConfUtils.java:logGet(43)) - raft.server.log.write.buffer.size = 33554432 (custom)
2019-09-20 05:49:55,677 [pool-57-thread-1] INFO  server.RaftServerConfigKeys (ConfUtils.java:logGet(43)) - raft.server.log.force.sync.num = 128 (default)
2019-09-20 05:49:55,677 [pool-57-thread-1] INFO  server.RaftServerConfigKeys (ConfUtils.java:logGet(43)) - raft.server.log.statemachine.data.sync = true (default)
2019-09-20 05:49:55,677 [pool-57-thread-1] INFO  server.RaftServerConfigKeys (ConfUtils.java:logGet(43)) - raft.server.log.statemachine.data.sync.timeout = 10s (default)
2019-09-20 05:49:55,677 [pool-57-thread-1] INFO  server.RaftServerConfigKeys (ConfUtils.java:logGet(43)) - raft.server.log.statemachine.data.sync.timeout.retry = -1 (default)
2019-09-20 05:49:55,677 [pool-57-thread-1] INFO  server.RaftServerConfigKeys (ConfUtils.java:logGet(43)) - raft.server.log.statemachine.data.caching.enabled = true (custom)
2019-09-20 05:49:55,677 [pool-57-thread-1] INFO  segmented.SegmentedRaftLogWorker (SegmentedRaftLogWorker.java:lambda$new$0(132)) - 9b918566-8d2f-4f38-9ce1-65f5cd084216-SegmentedRaftLogWorker:Storage Directory /workdir/hadoop-ozone/integration-test/target/test-dir/MiniOzoneClusterImpl-29dd0c8c-da21-41d6-af77-5f0a65600fbb/datanode-0/data/ratis/a97a1c7b-3a9e-4e1a-988a-b4e7e5b8a740: flushIndex: setUnconditionally 0 -> -1
2019-09-20 05:49:55,678 [pool-57-thread-1] INFO  server.RaftServerConfigKeys (ConfUtils.java:logGet(43)) - raft.server.snapshot.auto.trigger.enabled = true (custom)
2019-09-20 05:49:55,678 [pool-57-thread-1] INFO  server.RaftServerConfigKeys (ConfUtils.java:logGet(43)) - raft.server.snapshot.auto.trigger.threshold = 1 (custom)
2019-09-20 05:49:55,678 [pool-57-thread-1] INFO  server.RaftServerConfigKeys (ConfUtils.java:logGet(43)) - raft.server.retrycache.expirytime = 600000ms (custom)
2019-09-20 05:49:55,678 [pool-57-thread-1] INFO  impl.RaftServerImpl (RaftServerImpl.java:start(180)) - 9b918566-8d2f-4f38-9ce1-65f5cd084216: start group-B4E7E5B8A740
2019-09-20 05:49:55,678 [pool-57-thread-1] INFO  impl.RaftServerImpl (RaftServerImpl.java:setRole(171)) - 9b918566-8d2f-4f38-9ce1-65f5cd084216:group-B4E7E5B8A740 changes role from null to FOLLOWER at term 0 for startAsFollower
2019-09-20 05:49:55,678 [pool-57-thread-1] INFO  impl.RoleInfo (RoleInfo.java:updateAndGet(143)) - 9b918566-8d2f-4f38-9ce1-65f5cd084216: start FollowerState
2019-09-20 05:49:55,678 [pool-57-thread-1] INFO  util.JmxRegister (JmxRegister.java:tryRegister(44)) - Successfully registered JMX Bean with object name Ratis:service=RaftServer,group=group-B4E7E5B8A740,id=9b918566-8d2f-4f38-9ce1-65f5cd084216
2019-09-20 05:49:55,680 [RatisPipelineUtilsThread] INFO  pipeline.PipelineStateManager (PipelineStateManager.java:addPipeline(56)) - Created pipeline Pipeline[ Id: a97a1c7b-3a9e-4e1a-988a-b4e7e5b8a740, Nodes: 9b918566-8d2f-4f38-9ce1-65f5cd084216{ip: 192.168.36.79, host: pr-hdds-1569-s8kj2-2266485376, networkLocation: /default-rack, certSerialId: null}, Type:RATIS, Factor:ONE, State:OPEN]
2019-09-20 05:49:55,683 [grpc-default-executor-1] INFO  impl.RaftServerProxy (RaftServerProxy.java:addNew(89)) - 9b918566-8d2f-4f38-9ce1-65f5cd084216: addNew group-31FD2F7F57A8:[9b918566-8d2f-4f38-9ce1-65f5cd084216:192.168.36.79:46843] returns group-31FD2F7F57A8:java.util.concurrent.CompletableFuture@72671158[Not completed]
2019-09-20 05:49:55,683 [pool-57-thread-1] INFO  impl.RaftServerImpl (RaftServerImpl.java:<init>(93)) - 9b918566-8d2f-4f38-9ce1-65f5cd084216: new RaftServerImpl for group-31FD2F7F57A8:[9b918566-8d2f-4f38-9ce1-65f5cd084216:192.168.36.79:46843] with ContainerStateMachine:uninitialized
2019-09-20 05:49:55,683 [pool-57-thread-1] INFO  server.RaftServerConfigKeys (ConfUtils.java:logGet(43)) - raft.server.rpc.timeout.min = 5s (custom)
2019-09-20 05:49:55,683 [pool-57-thread-1] INFO  server.RaftServerConfigKeys (ConfUtils.java:logGet(43)) - raft.server.rpc.timeout.max = 5200ms (custom)
2019-09-20 05:49:55,683 [pool-57-thread-1] INFO  server.RaftServerConfigKeys (ConfUtils.java:logGet(43)) - raft.server.rpcslowness.timeout = 120s (custom)
2019-09-20 05:49:55,684 [pool-57-thread-1] INFO  server.RaftServerConfigKeys (ConfUtils.java:logGet(43)) - raft.server.sleep.deviation.threshold = 300 (default)
2019-09-20 05:49:55,684 [pool-57-thread-1] INFO  server.RaftServerConfigKeys (ConfUtils.java:logGet(43)) - raft.server.log.appender.install.snapshot.enabled = false (custom)
2019-09-20 05:49:55,684 [pool-57-thread-1] INFO  impl.RaftServerImpl (ServerState.java:<init>(105)) - 9b918566-8d2f-4f38-9ce1-65f5cd084216:group-31FD2F7F57A8 ConfigurationManager, init=-1: [9b918566-8d2f-4f38-9ce1-65f5cd084216:192.168.36.79:46843], old=null, confs=<EMPTY_MAP>
2019-09-20 05:49:55,684 [pool-57-thread-1] INFO  server.RaftServerConfigKeys (ConfUtils.java:logGet(43)) - raft.server.storage.dir = [/workdir/hadoop-ozone/integration-test/target/test-dir/MiniOzoneClusterImpl-29dd0c8c-da21-41d6-af77-5f0a65600fbb/datanode-0/data/ratis] (custom)
2019-09-20 05:49:55,684 [pool-57-thread-1] INFO  storage.RaftStorageDirectory (RaftStorageDirectory.java:analyzeStorage(246)) - The storage directory /workdir/hadoop-ozone/integration-test/target/test-dir/MiniOzoneClusterImpl-29dd0c8c-da21-41d6-af77-5f0a65600fbb/datanode-0/data/ratis/787a60eb-baf5-42c8-9658-31fd2f7f57a8 does not exist. Creating ...
2019-09-20 05:49:55,704 | INFO  | SCMAudit | user=jenkins1000 | ip=192.168.36.79 | op=SEND_HEARTBEAT {datanodeUUID=9b918566-8d2f-4f38-9ce1-65f5cd084216, command=[]} | ret=SUCCESS |  
2019-09-20 05:49:55,704 [EventQueue-CloseContainerForCloseContainerEventHandler] INFO  container.CloseContainerEventHandler (CloseContainerEventHandler.java:onMessage(61)) - Close container Event triggered for container : #5
2019-09-20 05:49:55,718 [pool-57-thread-1] INFO  storage.RaftStorageDirectory (RaftStorageDirectory.java:tryLock(328)) - Lock on /workdir/hadoop-ozone/integration-test/target/test-dir/MiniOzoneClusterImpl-29dd0c8c-da21-41d6-af77-5f0a65600fbb/datanode-0/data/ratis/787a60eb-baf5-42c8-9658-31fd2f7f57a8/in_use.lock acquired by nodename 6907@pr-hdds-1569-s8kj2-2266485376
2019-09-20 05:49:55,771 [pool-57-thread-1] INFO  storage.RaftStorage (RaftStorage.java:format(72)) - Storage directory /workdir/hadoop-ozone/integration-test/target/test-dir/MiniOzoneClusterImpl-29dd0c8c-da21-41d6-af77-5f0a65600fbb/datanode-0/data/ratis/787a60eb-baf5-42c8-9658-31fd2f7f57a8 has been successfully formatted.
2019-09-20 05:49:55,771 [pool-57-thread-1] INFO  ratis.ContainerStateMachine (ContainerStateMachine.java:loadSnapshot(226)) - group-31FD2F7F57A8: The snapshot info is null. Setting the last applied indexto:(t:0, i:~)
2019-09-20 05:49:55,771 [pool-57-thread-1] INFO  server.RaftServerConfigKeys (ConfUtils.java:logGet(43)) - raft.server.leader.election.timeout = 120s (custom)
2019-09-20 05:49:55,772 [pool-57-thread-1] INFO  server.RaftServerConfigKeys (ConfUtils.java:logGet(43)) - raft.server.log.use.memory = false (default)
2019-09-20 05:49:55,772 [pool-57-thread-1] INFO  server.RaftServerConfigKeys (ConfUtils.java:logGet(43)) - raft.server.log.purge.gap = 1000000 (custom)
2019-09-20 05:49:55,772 [pool-57-thread-1] INFO  server.RaftServerConfigKeys (ConfUtils.java:logGet(43)) - raft.server.log.appender.buffer.byte-limit = 33554432 (custom)
2019-09-20 05:49:55,772 [pool-57-thread-1] INFO  server.RaftServerConfigKeys (ConfUtils.java:logGet(43)) - raft.server.log.segment.size.max = 1048576 (custom)
2019-09-20 05:49:55,772 [pool-57-thread-1] INFO  server.RaftServerConfigKeys (ConfUtils.java:logGet(43)) - raft.server.log.segment.cache.num.max = 2 (custom)
2019-09-20 05:49:55,772 [pool-57-thread-1] INFO  segmented.SegmentedRaftLogWorker (SegmentedRaftLogWorker.java:<init>(172)) - new 9b918566-8d2f-4f38-9ce1-65f5cd084216-SegmentedRaftLogWorker:Storage Directory /workdir/hadoop-ozone/integration-test/target/test-dir/MiniOzoneClusterImpl-29dd0c8c-da21-41d6-af77-5f0a65600fbb/datanode-0/data/ratis/787a60eb-baf5-42c8-9658-31fd2f7f57a8 for RaftStorage:Storage Directory /workdir/hadoop-ozone/integration-test/target/test-dir/MiniOzoneClusterImpl-29dd0c8c-da21-41d6-af77-5f0a65600fbb/datanode-0/data/ratis/787a60eb-baf5-42c8-9658-31fd2f7f57a8
2019-09-20 05:49:55,773 [pool-57-thread-1] INFO  server.RaftServerConfigKeys (ConfUtils.java:logGet(43)) - raft.server.log.queue.byte-limit = 2147483647 (custom)
2019-09-20 05:49:55,773 [pool-57-thread-1] INFO  server.RaftServerConfigKeys (ConfUtils.java:logGet(43)) - raft.server.log.queue.element-limit = 1024 (custom)
2019-09-20 05:49:55,773 [pool-57-thread-1] INFO  server.RaftServerConfigKeys (ConfUtils.java:logGet(43)) - raft.server.log.segment.size.max = 1048576 (custom)
2019-09-20 05:49:55,773 [pool-57-thread-1] INFO  server.RaftServerConfigKeys (ConfUtils.java:logGet(43)) - raft.server.log.preallocated.size = 16384 (custom)
2019-09-20 05:49:55,773 [pool-57-thread-1] INFO  server.RaftServerConfigKeys (ConfUtils.java:logGet(43)) - raft.server.log.write.buffer.size = 33554432 (custom)
2019-09-20 05:49:55,773 [pool-57-thread-1] INFO  server.RaftServerConfigKeys (ConfUtils.java:logGet(43)) - raft.server.log.force.sync.num = 128 (default)
2019-09-20 05:49:55,773 [pool-57-thread-1] INFO  server.RaftServerConfigKeys (ConfUtils.java:logGet(43)) - raft.server.log.statemachine.data.sync = true (default)
2019-09-20 05:49:55,774 [pool-57-thread-1] INFO  server.RaftServerConfigKeys (ConfUtils.java:logGet(43)) - raft.server.log.statemachine.data.sync.timeout = 10s (default)
2019-09-20 05:49:55,774 [pool-57-thread-1] INFO  server.RaftServerConfigKeys (ConfUtils.java:logGet(43)) - raft.server.log.statemachine.data.sync.timeout.retry = -1 (default)
2019-09-20 05:49:55,774 [pool-57-thread-1] INFO  server.RaftServerConfigKeys (ConfUtils.java:logGet(43)) - raft.server.log.statemachine.data.caching.enabled = true (custom)
2019-09-20 05:49:55,774 [pool-57-thread-1] INFO  segmented.SegmentedRaftLogWorker (SegmentedRaftLogWorker.java:lambda$new$0(132)) - 9b918566-8d2f-4f38-9ce1-65f5cd084216-SegmentedRaftLogWorker:Storage Directory /workdir/hadoop-ozone/integration-test/target/test-dir/MiniOzoneClusterImpl-29dd0c8c-da21-41d6-af77-5f0a65600fbb/datanode-0/data/ratis/787a60eb-baf5-42c8-9658-31fd2f7f57a8: flushIndex: setUnconditionally 0 -> -1
2019-09-20 05:49:55,774 [pool-57-thread-1] INFO  server.RaftServerConfigKeys (ConfUtils.java:logGet(43)) - raft.server.snapshot.auto.trigger.enabled = true (custom)
2019-09-20 05:49:55,775 [pool-57-thread-1] INFO  server.RaftServerConfigKeys (ConfUtils.java:logGet(43)) - raft.server.snapshot.auto.trigger.threshold = 1 (custom)
2019-09-20 05:49:55,775 [pool-57-thread-1] INFO  server.RaftServerConfigKeys (ConfUtils.java:logGet(43)) - raft.server.retrycache.expirytime = 600000ms (custom)
2019-09-20 05:49:55,775 [pool-57-thread-1] INFO  impl.RaftServerImpl (RaftServerImpl.java:start(180)) - 9b918566-8d2f-4f38-9ce1-65f5cd084216: start group-31FD2F7F57A8
2019-09-20 05:49:55,775 [pool-57-thread-1] INFO  impl.RaftServerImpl (RaftServerImpl.java:setRole(171)) - 9b918566-8d2f-4f38-9ce1-65f5cd084216:group-31FD2F7F57A8 changes role from null to FOLLOWER at term 0 for startAsFollower
2019-09-20 05:49:55,775 [pool-57-thread-1] INFO  impl.RoleInfo (RoleInfo.java:updateAndGet(143)) - 9b918566-8d2f-4f38-9ce1-65f5cd084216: start FollowerState
2019-09-20 05:49:55,776 [pool-57-thread-1] INFO  util.JmxRegister (JmxRegister.java:tryRegister(44)) - Successfully registered JMX Bean with object name Ratis:service=RaftServer,group=group-31FD2F7F57A8,id=9b918566-8d2f-4f38-9ce1-65f5cd084216
2019-09-20 05:49:55,777 [RatisPipelineUtilsThread] INFO  pipeline.PipelineStateManager (PipelineStateManager.java:addPipeline(56)) - Created pipeline Pipeline[ Id: 787a60eb-baf5-42c8-9658-31fd2f7f57a8, Nodes: 9b918566-8d2f-4f38-9ce1-65f5cd084216{ip: 192.168.36.79, host: pr-hdds-1569-s8kj2-2266485376, networkLocation: /default-rack, certSerialId: null}, Type:RATIS, Factor:ONE, State:OPEN]
2019-09-20 05:49:55,780 [grpc-default-executor-1] INFO  impl.RaftServerProxy (RaftServerProxy.java:addNew(89)) - 9b918566-8d2f-4f38-9ce1-65f5cd084216: addNew group-B25CB2839B69:[9b918566-8d2f-4f38-9ce1-65f5cd084216:192.168.36.79:46843] returns group-B25CB2839B69:java.util.concurrent.CompletableFuture@56125247[Not completed]
2019-09-20 05:49:55,781 [pool-57-thread-1] INFO  impl.RaftServerImpl (RaftServerImpl.java:<init>(93)) - 9b918566-8d2f-4f38-9ce1-65f5cd084216: new RaftServerImpl for group-B25CB2839B69:[9b918566-8d2f-4f38-9ce1-65f5cd084216:192.168.36.79:46843] with ContainerStateMachine:uninitialized
2019-09-20 05:49:55,782 [pool-57-thread-1] INFO  server.RaftServerConfigKeys (ConfUtils.java:logGet(43)) - raft.server.rpc.timeout.min = 5s (custom)
2019-09-20 05:49:55,782 [pool-57-thread-1] INFO  server.RaftServerConfigKeys (ConfUtils.java:logGet(43)) - raft.server.rpc.timeout.max = 5200ms (custom)
2019-09-20 05:49:55,782 [pool-57-thread-1] INFO  server.RaftServerConfigKeys (ConfUtils.java:logGet(43)) - raft.server.rpcslowness.timeout = 120s (custom)
2019-09-20 05:49:55,782 [pool-57-thread-1] INFO  server.RaftServerConfigKeys (ConfUtils.java:logGet(43)) - raft.server.sleep.deviation.threshold = 300 (default)
2019-09-20 05:49:55,782 [pool-57-thread-1] INFO  server.RaftServerConfigKeys (ConfUtils.java:logGet(43)) - raft.server.log.appender.install.snapshot.enabled = false (custom)
2019-09-20 05:49:55,782 [pool-57-thread-1] INFO  impl.RaftServerImpl (ServerState.java:<init>(105)) - 9b918566-8d2f-4f38-9ce1-65f5cd084216:group-B25CB2839B69 ConfigurationManager, init=-1: [9b918566-8d2f-4f38-9ce1-65f5cd084216:192.168.36.79:46843], old=null, confs=<EMPTY_MAP>
2019-09-20 05:49:55,782 [pool-57-thread-1] INFO  server.RaftServerConfigKeys (ConfUtils.java:logGet(43)) - raft.server.storage.dir = [/workdir/hadoop-ozone/integration-test/target/test-dir/MiniOzoneClusterImpl-29dd0c8c-da21-41d6-af77-5f0a65600fbb/datanode-0/data/ratis] (custom)
2019-09-20 05:49:55,783 [pool-57-thread-1] INFO  storage.RaftStorageDirectory (RaftStorageDirectory.java:analyzeStorage(246)) - The storage directory /workdir/hadoop-ozone/integration-test/target/test-dir/MiniOzoneClusterImpl-29dd0c8c-da21-41d6-af77-5f0a65600fbb/datanode-0/data/ratis/73b6011e-3b1d-4366-b19a-b25cb2839b69 does not exist. Creating ...
2019-09-20 05:49:55,815 [pool-57-thread-1] INFO  storage.RaftStorageDirectory (RaftStorageDirectory.java:tryLock(328)) - Lock on /workdir/hadoop-ozone/integration-test/target/test-dir/MiniOzoneClusterImpl-29dd0c8c-da21-41d6-af77-5f0a65600fbb/datanode-0/data/ratis/73b6011e-3b1d-4366-b19a-b25cb2839b69/in_use.lock acquired by nodename 6907@pr-hdds-1569-s8kj2-2266485376
2019-09-20 05:49:55,830 [pool-57-thread-1] INFO  storage.RaftStorage (RaftStorage.java:format(72)) - Storage directory /workdir/hadoop-ozone/integration-test/target/test-dir/MiniOzoneClusterImpl-29dd0c8c-da21-41d6-af77-5f0a65600fbb/datanode-0/data/ratis/73b6011e-3b1d-4366-b19a-b25cb2839b69 has been successfully formatted.
2019-09-20 05:49:55,831 [pool-57-thread-1] INFO  ratis.ContainerStateMachine (ContainerStateMachine.java:loadSnapshot(226)) - group-B25CB2839B69: The snapshot info is null. Setting the last applied indexto:(t:0, i:~)
2019-09-20 05:49:55,831 [pool-57-thread-1] INFO  server.RaftServerConfigKeys (ConfUtils.java:logGet(43)) - raft.server.leader.election.timeout = 120s (custom)
2019-09-20 05:49:55,831 [pool-57-thread-1] INFO  server.RaftServerConfigKeys (ConfUtils.java:logGet(43)) - raft.server.log.use.memory = false (default)
2019-09-20 05:49:55,831 [pool-57-thread-1] INFO  server.RaftServerConfigKeys (ConfUtils.java:logGet(43)) - raft.server.log.purge.gap = 1000000 (custom)
2019-09-20 05:49:55,831 [pool-57-thread-1] INFO  server.RaftServerConfigKeys (ConfUtils.java:logGet(43)) - raft.server.log.appender.buffer.byte-limit = 33554432 (custom)
2019-09-20 05:49:55,831 [pool-57-thread-1] INFO  server.RaftServerConfigKeys (ConfUtils.java:logGet(43)) - raft.server.log.segment.size.max = 1048576 (custom)
2019-09-20 05:49:55,832 [pool-57-thread-1] INFO  server.RaftServerConfigKeys (ConfUtils.java:logGet(43)) - raft.server.log.segment.cache.num.max = 2 (custom)
2019-09-20 05:49:55,832 [pool-57-thread-1] INFO  segmented.SegmentedRaftLogWorker (SegmentedRaftLogWorker.java:<init>(172)) - new 9b918566-8d2f-4f38-9ce1-65f5cd084216-SegmentedRaftLogWorker:Storage Directory /workdir/hadoop-ozone/integration-test/target/test-dir/MiniOzoneClusterImpl-29dd0c8c-da21-41d6-af77-5f0a65600fbb/datanode-0/data/ratis/73b6011e-3b1d-4366-b19a-b25cb2839b69 for RaftStorage:Storage Directory /workdir/hadoop-ozone/integration-test/target/test-dir/MiniOzoneClusterImpl-29dd0c8c-da21-41d6-af77-5f0a65600fbb/datanode-0/data/ratis/73b6011e-3b1d-4366-b19a-b25cb2839b69
2019-09-20 05:49:55,832 [pool-57-thread-1] INFO  server.RaftServerConfigKeys (ConfUtils.java:logGet(43)) - raft.server.log.queue.byte-limit = 2147483647 (custom)
2019-09-20 05:49:55,832 [pool-57-thread-1] INFO  server.RaftServerConfigKeys (ConfUtils.java:logGet(43)) - raft.server.log.queue.element-limit = 1024 (custom)
2019-09-20 05:49:55,832 [pool-57-thread-1] INFO  server.RaftServerConfigKeys (ConfUtils.java:logGet(43)) - raft.server.log.segment.size.max = 1048576 (custom)
2019-09-20 05:49:55,832 [pool-57-thread-1] INFO  server.RaftServerConfigKeys (ConfUtils.java:logGet(43)) - raft.server.log.preallocated.size = 16384 (custom)
2019-09-20 05:49:55,833 [pool-57-thread-1] INFO  server.RaftServerConfigKeys (ConfUtils.java:logGet(43)) - raft.server.log.write.buffer.size = 33554432 (custom)
2019-09-20 05:49:55,833 [pool-57-thread-1] INFO  server.RaftServerConfigKeys (ConfUtils.java:logGet(43)) - raft.server.log.force.sync.num = 128 (default)
2019-09-20 05:49:55,833 [pool-57-thread-1] INFO  server.RaftServerConfigKeys (ConfUtils.java:logGet(43)) - raft.server.log.statemachine.data.sync = true (default)
2019-09-20 05:49:55,833 [pool-57-thread-1] INFO  server.RaftServerConfigKeys (ConfUtils.java:logGet(43)) - raft.server.log.statemachine.data.sync.timeout = 10s (default)
2019-09-20 05:49:55,833 [pool-57-thread-1] INFO  server.RaftServerConfigKeys (ConfUtils.java:logGet(43)) - raft.server.log.statemachine.data.sync.timeout.retry = -1 (default)
2019-09-20 05:49:55,833 [pool-57-thread-1] INFO  server.RaftServerConfigKeys (ConfUtils.java:logGet(43)) - raft.server.log.statemachine.data.caching.enabled = true (custom)
2019-09-20 05:49:55,834 [pool-57-thread-1] INFO  segmented.SegmentedRaftLogWorker (SegmentedRaftLogWorker.java:lambda$new$0(132)) - 9b918566-8d2f-4f38-9ce1-65f5cd084216-SegmentedRaftLogWorker:Storage Directory /workdir/hadoop-ozone/integration-test/target/test-dir/MiniOzoneClusterImpl-29dd0c8c-da21-41d6-af77-5f0a65600fbb/datanode-0/data/ratis/73b6011e-3b1d-4366-b19a-b25cb2839b69: flushIndex: setUnconditionally 0 -> -1
2019-09-20 05:49:55,834 [pool-57-thread-1] INFO  server.RaftServerConfigKeys (ConfUtils.java:logGet(43)) - raft.server.snapshot.auto.trigger.enabled = true (custom)
2019-09-20 05:49:55,834 [pool-57-thread-1] INFO  server.RaftServerConfigKeys (ConfUtils.java:logGet(43)) - raft.server.snapshot.auto.trigger.threshold = 1 (custom)
2019-09-20 05:49:55,834 [pool-57-thread-1] INFO  server.RaftServerConfigKeys (ConfUtils.java:logGet(43)) - raft.server.retrycache.expirytime = 600000ms (custom)
2019-09-20 05:49:55,835 [pool-57-thread-1] INFO  impl.RaftServerImpl (RaftServerImpl.java:start(180)) - 9b918566-8d2f-4f38-9ce1-65f5cd084216: start group-B25CB2839B69
2019-09-20 05:49:55,835 [pool-57-thread-1] INFO  impl.RaftServerImpl (RaftServerImpl.java:setRole(171)) - 9b918566-8d2f-4f38-9ce1-65f5cd084216:group-B25CB2839B69 changes role from null to FOLLOWER at term 0 for startAsFollower
2019-09-20 05:49:55,835 [pool-57-thread-1] INFO  impl.RoleInfo (RoleInfo.java:updateAndGet(143)) - 9b918566-8d2f-4f38-9ce1-65f5cd084216: start FollowerState
2019-09-20 05:49:55,835 [pool-57-thread-1] INFO  util.JmxRegister (JmxRegister.java:tryRegister(44)) - Successfully registered JMX Bean with object name Ratis:service=RaftServer,group=group-B25CB2839B69,id=9b918566-8d2f-4f38-9ce1-65f5cd084216
2019-09-20 05:49:55,837 [RatisPipelineUtilsThread] INFO  pipeline.PipelineStateManager (PipelineStateManager.java:addPipeline(56)) - Created pipeline Pipeline[ Id: 73b6011e-3b1d-4366-b19a-b25cb2839b69, Nodes: 9b918566-8d2f-4f38-9ce1-65f5cd084216{ip: 192.168.36.79, host: pr-hdds-1569-s8kj2-2266485376, networkLocation: /default-rack, certSerialId: null}, Type:RATIS, Factor:ONE, State:OPEN]
2019-09-20 05:49:55,840 [grpc-default-executor-1] INFO  impl.RaftServerProxy (RaftServerProxy.java:addNew(89)) - 9b918566-8d2f-4f38-9ce1-65f5cd084216: addNew group-05BD8A3E5D0D:[9b918566-8d2f-4f38-9ce1-65f5cd084216:192.168.36.79:46843] returns group-05BD8A3E5D0D:java.util.concurrent.CompletableFuture@2bd9f118[Not completed]
2019-09-20 05:49:55,841 [pool-57-thread-1] INFO  impl.RaftServerImpl (RaftServerImpl.java:<init>(93)) - 9b918566-8d2f-4f38-9ce1-65f5cd084216: new RaftServerImpl for group-05BD8A3E5D0D:[9b918566-8d2f-4f38-9ce1-65f5cd084216:192.168.36.79:46843] with ContainerStateMachine:uninitialized
2019-09-20 05:49:55,841 [pool-57-thread-1] INFO  server.RaftServerConfigKeys (ConfUtils.java:logGet(43)) - raft.server.rpc.timeout.min = 5s (custom)
2019-09-20 05:49:55,841 [pool-57-thread-1] INFO  server.RaftServerConfigKeys (ConfUtils.java:logGet(43)) - raft.server.rpc.timeout.max = 5200ms (custom)
2019-09-20 05:49:55,841 [pool-57-thread-1] INFO  server.RaftServerConfigKeys (ConfUtils.java:logGet(43)) - raft.server.rpcslowness.timeout = 120s (custom)
2019-09-20 05:49:55,842 [pool-57-thread-1] INFO  server.RaftServerConfigKeys (ConfUtils.java:logGet(43)) - raft.server.sleep.deviation.threshold = 300 (default)
2019-09-20 05:49:55,842 [pool-57-thread-1] INFO  server.RaftServerConfigKeys (ConfUtils.java:logGet(43)) - raft.server.log.appender.install.snapshot.enabled = false (custom)
2019-09-20 05:49:55,842 [pool-57-thread-1] INFO  impl.RaftServerImpl (ServerState.java:<init>(105)) - 9b918566-8d2f-4f38-9ce1-65f5cd084216:group-05BD8A3E5D0D ConfigurationManager, init=-1: [9b918566-8d2f-4f38-9ce1-65f5cd084216:192.168.36.79:46843], old=null, confs=<EMPTY_MAP>
2019-09-20 05:49:55,842 [pool-57-thread-1] INFO  server.RaftServerConfigKeys (ConfUtils.java:logGet(43)) - raft.server.storage.dir = [/workdir/hadoop-ozone/integration-test/target/test-dir/MiniOzoneClusterImpl-29dd0c8c-da21-41d6-af77-5f0a65600fbb/datanode-0/data/ratis] (custom)
2019-09-20 05:49:55,842 [pool-57-thread-1] INFO  storage.RaftStorageDirectory (RaftStorageDirectory.java:analyzeStorage(246)) - The storage directory /workdir/hadoop-ozone/integration-test/target/test-dir/MiniOzoneClusterImpl-29dd0c8c-da21-41d6-af77-5f0a65600fbb/datanode-0/data/ratis/1538001f-67e1-4f35-ba89-05bd8a3e5d0d does not exist. Creating ...
2019-09-20 05:49:55,862 [pool-57-thread-1] INFO  storage.RaftStorageDirectory (RaftStorageDirectory.java:tryLock(328)) - Lock on /workdir/hadoop-ozone/integration-test/target/test-dir/MiniOzoneClusterImpl-29dd0c8c-da21-41d6-af77-5f0a65600fbb/datanode-0/data/ratis/1538001f-67e1-4f35-ba89-05bd8a3e5d0d/in_use.lock acquired by nodename 6907@pr-hdds-1569-s8kj2-2266485376
2019-09-20 05:49:55,888 [pool-57-thread-1] INFO  storage.RaftStorage (RaftStorage.java:format(72)) - Storage directory /workdir/hadoop-ozone/integration-test/target/test-dir/MiniOzoneClusterImpl-29dd0c8c-da21-41d6-af77-5f0a65600fbb/datanode-0/data/ratis/1538001f-67e1-4f35-ba89-05bd8a3e5d0d has been successfully formatted.
2019-09-20 05:49:55,888 [pool-57-thread-1] INFO  ratis.ContainerStateMachine (ContainerStateMachine.java:loadSnapshot(226)) - group-05BD8A3E5D0D: The snapshot info is null. Setting the last applied indexto:(t:0, i:~)
2019-09-20 05:49:55,888 [pool-57-thread-1] INFO  server.RaftServerConfigKeys (ConfUtils.java:logGet(43)) - raft.server.leader.election.timeout = 120s (custom)
2019-09-20 05:49:55,889 [pool-57-thread-1] INFO  server.RaftServerConfigKeys (ConfUtils.java:logGet(43)) - raft.server.log.use.memory = false (default)
2019-09-20 05:49:55,889 [pool-57-thread-1] INFO  server.RaftServerConfigKeys (ConfUtils.java:logGet(43)) - raft.server.log.purge.gap = 1000000 (custom)
2019-09-20 05:49:55,889 [pool-57-thread-1] INFO  server.RaftServerConfigKeys (ConfUtils.java:logGet(43)) - raft.server.log.appender.buffer.byte-limit = 33554432 (custom)
2019-09-20 05:49:55,889 [pool-57-thread-1] INFO  server.RaftServerConfigKeys (ConfUtils.java:logGet(43)) - raft.server.log.segment.size.max = 1048576 (custom)
2019-09-20 05:49:55,889 [pool-57-thread-1] INFO  server.RaftServerConfigKeys (ConfUtils.java:logGet(43)) - raft.server.log.segment.cache.num.max = 2 (custom)
2019-09-20 05:49:55,889 [pool-57-thread-1] INFO  segmented.SegmentedRaftLogWorker (SegmentedRaftLogWorker.java:<init>(172)) - new 9b918566-8d2f-4f38-9ce1-65f5cd084216-SegmentedRaftLogWorker:Storage Directory /workdir/hadoop-ozone/integration-test/target/test-dir/MiniOzoneClusterImpl-29dd0c8c-da21-41d6-af77-5f0a65600fbb/datanode-0/data/ratis/1538001f-67e1-4f35-ba89-05bd8a3e5d0d for RaftStorage:Storage Directory /workdir/hadoop-ozone/integration-test/target/test-dir/MiniOzoneClusterImpl-29dd0c8c-da21-41d6-af77-5f0a65600fbb/datanode-0/data/ratis/1538001f-67e1-4f35-ba89-05bd8a3e5d0d
2019-09-20 05:49:55,889 [pool-57-thread-1] INFO  server.RaftServerConfigKeys (ConfUtils.java:logGet(43)) - raft.server.log.queue.byte-limit = 2147483647 (custom)
2019-09-20 05:49:55,889 [pool-57-thread-1] INFO  server.RaftServerConfigKeys (ConfUtils.java:logGet(43)) - raft.server.log.queue.element-limit = 1024 (custom)
2019-09-20 05:49:55,889 [pool-57-thread-1] INFO  server.RaftServerConfigKeys (ConfUtils.java:logGet(43)) - raft.server.log.segment.size.max = 1048576 (custom)
2019-09-20 05:49:55,890 [pool-57-thread-1] INFO  server.RaftServerConfigKeys (ConfUtils.java:logGet(43)) - raft.server.log.preallocated.size = 16384 (custom)
2019-09-20 05:49:55,890 [pool-57-thread-1] INFO  server.RaftServerConfigKeys (ConfUtils.java:logGet(43)) - raft.server.log.write.buffer.size = 33554432 (custom)
2019-09-20 05:49:55,890 [pool-57-thread-1] INFO  server.RaftServerConfigKeys (ConfUtils.java:logGet(43)) - raft.server.log.force.sync.num = 128 (default)
2019-09-20 05:49:55,890 [pool-57-thread-1] INFO  server.RaftServerConfigKeys (ConfUtils.java:logGet(43)) - raft.server.log.statemachine.data.sync = true (default)
2019-09-20 05:49:55,890 [pool-57-thread-1] INFO  server.RaftServerConfigKeys (ConfUtils.java:logGet(43)) - raft.server.log.statemachine.data.sync.timeout = 10s (default)
2019-09-20 05:49:55,890 [pool-57-thread-1] INFO  server.RaftServerConfigKeys (ConfUtils.java:logGet(43)) - raft.server.log.statemachine.data.sync.timeout.retry = -1 (default)
2019-09-20 05:49:55,890 [pool-57-thread-1] INFO  server.RaftServerConfigKeys (ConfUtils.java:logGet(43)) - raft.server.log.statemachine.data.caching.enabled = true (custom)
2019-09-20 05:49:55,890 [pool-57-thread-1] INFO  segmented.SegmentedRaftLogWorker (SegmentedRaftLogWorker.java:lambda$new$0(132)) - 9b918566-8d2f-4f38-9ce1-65f5cd084216-SegmentedRaftLogWorker:Storage Directory /workdir/hadoop-ozone/integration-test/target/test-dir/MiniOzoneClusterImpl-29dd0c8c-da21-41d6-af77-5f0a65600fbb/datanode-0/data/ratis/1538001f-67e1-4f35-ba89-05bd8a3e5d0d: flushIndex: setUnconditionally 0 -> -1
2019-09-20 05:49:55,891 [pool-57-thread-1] INFO  server.RaftServerConfigKeys (ConfUtils.java:logGet(43)) - raft.server.snapshot.auto.trigger.enabled = true (custom)
2019-09-20 05:49:55,891 [pool-57-thread-1] INFO  server.RaftServerConfigKeys (ConfUtils.java:logGet(43)) - raft.server.snapshot.auto.trigger.threshold = 1 (custom)
2019-09-20 05:49:55,891 [pool-57-thread-1] INFO  server.RaftServerConfigKeys (ConfUtils.java:logGet(43)) - raft.server.retrycache.expirytime = 600000ms (custom)
2019-09-20 05:49:55,891 [pool-57-thread-1] INFO  impl.RaftServerImpl (RaftServerImpl.java:start(180)) - 9b918566-8d2f-4f38-9ce1-65f5cd084216: start group-05BD8A3E5D0D
2019-09-20 05:49:55,891 [pool-57-thread-1] INFO  impl.RaftServerImpl (RaftServerImpl.java:setRole(171)) - 9b918566-8d2f-4f38-9ce1-65f5cd084216:group-05BD8A3E5D0D changes role from null to FOLLOWER at term 0 for startAsFollower
2019-09-20 05:49:55,891 [pool-57-thread-1] INFO  impl.RoleInfo (RoleInfo.java:updateAndGet(143)) - 9b918566-8d2f-4f38-9ce1-65f5cd084216: start FollowerState
2019-09-20 05:49:55,892 [pool-57-thread-1] INFO  util.JmxRegister (JmxRegister.java:tryRegister(44)) - Successfully registered JMX Bean with object name Ratis:service=RaftServer,group=group-05BD8A3E5D0D,id=9b918566-8d2f-4f38-9ce1-65f5cd084216
2019-09-20 05:49:55,893 [RatisPipelineUtilsThread] INFO  pipeline.PipelineStateManager (PipelineStateManager.java:addPipeline(56)) - Created pipeline Pipeline[ Id: 1538001f-67e1-4f35-ba89-05bd8a3e5d0d, Nodes: 9b918566-8d2f-4f38-9ce1-65f5cd084216{ip: 192.168.36.79, host: pr-hdds-1569-s8kj2-2266485376, networkLocation: /default-rack, certSerialId: null}, Type:RATIS, Factor:ONE, State:OPEN]
2019-09-20 05:49:55,897 [grpc-default-executor-1] INFO  impl.RaftServerProxy (RaftServerProxy.java:addNew(89)) - 9b918566-8d2f-4f38-9ce1-65f5cd084216: addNew group-A1765B18F7BF:[9b918566-8d2f-4f38-9ce1-65f5cd084216:192.168.36.79:46843] returns group-A1765B18F7BF:java.util.concurrent.CompletableFuture@6bea3b4d[Not completed]
2019-09-20 05:49:55,898 [pool-57-thread-1] INFO  impl.RaftServerImpl (RaftServerImpl.java:<init>(93)) - 9b918566-8d2f-4f38-9ce1-65f5cd084216: new RaftServerImpl for group-A1765B18F7BF:[9b918566-8d2f-4f38-9ce1-65f5cd084216:192.168.36.79:46843] with ContainerStateMachine:uninitialized
2019-09-20 05:49:55,898 [pool-57-thread-1] INFO  server.RaftServerConfigKeys (ConfUtils.java:logGet(43)) - raft.server.rpc.timeout.min = 5s (custom)
2019-09-20 05:49:55,898 [pool-57-thread-1] INFO  server.RaftServerConfigKeys (ConfUtils.java:logGet(43)) - raft.server.rpc.timeout.max = 5200ms (custom)
2019-09-20 05:49:55,898 [pool-57-thread-1] INFO  server.RaftServerConfigKeys (ConfUtils.java:logGet(43)) - raft.server.rpcslowness.timeout = 120s (custom)
2019-09-20 05:49:55,898 [pool-57-thread-1] INFO  server.RaftServerConfigKeys (ConfUtils.java:logGet(43)) - raft.server.sleep.deviation.threshold = 300 (default)
2019-09-20 05:49:55,898 [pool-57-thread-1] INFO  server.RaftServerConfigKeys (ConfUtils.java:logGet(43)) - raft.server.log.appender.install.snapshot.enabled = false (custom)
2019-09-20 05:49:55,899 [pool-57-thread-1] INFO  impl.RaftServerImpl (ServerState.java:<init>(105)) - 9b918566-8d2f-4f38-9ce1-65f5cd084216:group-A1765B18F7BF ConfigurationManager, init=-1: [9b918566-8d2f-4f38-9ce1-65f5cd084216:192.168.36.79:46843], old=null, confs=<EMPTY_MAP>
2019-09-20 05:49:55,899 [pool-57-thread-1] INFO  server.RaftServerConfigKeys (ConfUtils.java:logGet(43)) - raft.server.storage.dir = [/workdir/hadoop-ozone/integration-test/target/test-dir/MiniOzoneClusterImpl-29dd0c8c-da21-41d6-af77-5f0a65600fbb/datanode-0/data/ratis] (custom)
2019-09-20 05:49:55,899 [pool-57-thread-1] INFO  storage.RaftStorageDirectory (RaftStorageDirectory.java:analyzeStorage(246)) - The storage directory /workdir/hadoop-ozone/integration-test/target/test-dir/MiniOzoneClusterImpl-29dd0c8c-da21-41d6-af77-5f0a65600fbb/datanode-0/data/ratis/4bfb351b-e8dc-4616-ab0b-a1765b18f7bf does not exist. Creating ...
2019-09-20 05:49:55,904 | INFO  | SCMAudit | user=jenkins1000 | ip=192.168.36.79 | op=SEND_HEARTBEAT {datanodeUUID=9b918566-8d2f-4f38-9ce1-65f5cd084216, command=[]} | ret=SUCCESS |  
2019-09-20 05:49:55,922 [pool-57-thread-1] INFO  storage.RaftStorageDirectory (RaftStorageDirectory.java:tryLock(328)) - Lock on /workdir/hadoop-ozone/integration-test/target/test-dir/MiniOzoneClusterImpl-29dd0c8c-da21-41d6-af77-5f0a65600fbb/datanode-0/data/ratis/4bfb351b-e8dc-4616-ab0b-a1765b18f7bf/in_use.lock acquired by nodename 6907@pr-hdds-1569-s8kj2-2266485376
2019-09-20 05:49:55,939 [pool-57-thread-1] INFO  storage.RaftStorage (RaftStorage.java:format(72)) - Storage directory /workdir/hadoop-ozone/integration-test/target/test-dir/MiniOzoneClusterImpl-29dd0c8c-da21-41d6-af77-5f0a65600fbb/datanode-0/data/ratis/4bfb351b-e8dc-4616-ab0b-a1765b18f7bf has been successfully formatted.
2019-09-20 05:49:55,939 [pool-57-thread-1] INFO  ratis.ContainerStateMachine (ContainerStateMachine.java:loadSnapshot(226)) - group-A1765B18F7BF: The snapshot info is null. Setting the last applied indexto:(t:0, i:~)
2019-09-20 05:49:55,940 [pool-57-thread-1] INFO  server.RaftServerConfigKeys (ConfUtils.java:logGet(43)) - raft.server.leader.election.timeout = 120s (custom)
2019-09-20 05:49:55,940 [pool-57-thread-1] INFO  server.RaftServerConfigKeys (ConfUtils.java:logGet(43)) - raft.server.log.use.memory = false (default)
2019-09-20 05:49:55,940 [pool-57-thread-1] INFO  server.RaftServerConfigKeys (ConfUtils.java:logGet(43)) - raft.server.log.purge.gap = 1000000 (custom)
2019-09-20 05:49:55,940 [pool-57-thread-1] INFO  server.RaftServerConfigKeys (ConfUtils.java:logGet(43)) - raft.server.log.appender.buffer.byte-limit = 33554432 (custom)
2019-09-20 05:49:55,940 [pool-57-thread-1] INFO  server.RaftServerConfigKeys (ConfUtils.java:logGet(43)) - raft.server.log.segment.size.max = 1048576 (custom)
2019-09-20 05:49:55,940 [pool-57-thread-1] INFO  server.RaftServerConfigKeys (ConfUtils.java:logGet(43)) - raft.server.log.segment.cache.num.max = 2 (custom)
2019-09-20 05:49:55,940 [pool-57-thread-1] INFO  segmented.SegmentedRaftLogWorker (SegmentedRaftLogWorker.java:<init>(172)) - new 9b918566-8d2f-4f38-9ce1-65f5cd084216-SegmentedRaftLogWorker:Storage Directory /workdir/hadoop-ozone/integration-test/target/test-dir/MiniOzoneClusterImpl-29dd0c8c-da21-41d6-af77-5f0a65600fbb/datanode-0/data/ratis/4bfb351b-e8dc-4616-ab0b-a1765b18f7bf for RaftStorage:Storage Directory /workdir/hadoop-ozone/integration-test/target/test-dir/MiniOzoneClusterImpl-29dd0c8c-da21-41d6-af77-5f0a65600fbb/datanode-0/data/ratis/4bfb351b-e8dc-4616-ab0b-a1765b18f7bf
2019-09-20 05:49:55,940 [pool-57-thread-1] INFO  server.RaftServerConfigKeys (ConfUtils.java:logGet(43)) - raft.server.log.queue.byte-limit = 2147483647 (custom)
2019-09-20 05:49:55,940 [pool-57-thread-1] INFO  server.RaftServerConfigKeys (ConfUtils.java:logGet(43)) - raft.server.log.queue.element-limit = 1024 (custom)
2019-09-20 05:49:55,941 [pool-57-thread-1] INFO  server.RaftServerConfigKeys (ConfUtils.java:logGet(43)) - raft.server.log.segment.size.max = 1048576 (custom)
2019-09-20 05:49:55,941 [pool-57-thread-1] INFO  server.RaftServerConfigKeys (ConfUtils.java:logGet(43)) - raft.server.log.preallocated.size = 16384 (custom)
2019-09-20 05:49:55,941 [pool-57-thread-1] INFO  server.RaftServerConfigKeys (ConfUtils.java:logGet(43)) - raft.server.log.write.buffer.size = 33554432 (custom)
2019-09-20 05:49:55,941 [pool-57-thread-1] INFO  server.RaftServerConfigKeys (ConfUtils.java:logGet(43)) - raft.server.log.force.sync.num = 128 (default)
2019-09-20 05:49:55,941 [pool-57-thread-1] INFO  server.RaftServerConfigKeys (ConfUtils.java:logGet(43)) - raft.server.log.statemachine.data.sync = true (default)
2019-09-20 05:49:55,941 [pool-57-thread-1] INFO  server.RaftServerConfigKeys (ConfUtils.java:logGet(43)) - raft.server.log.statemachine.data.sync.timeout = 10s (default)
2019-09-20 05:49:55,941 [pool-57-thread-1] INFO  server.RaftServerConfigKeys (ConfUtils.java:logGet(43)) - raft.server.log.statemachine.data.sync.timeout.retry = -1 (default)
2019-09-20 05:49:55,941 [pool-57-thread-1] INFO  server.RaftServerConfigKeys (ConfUtils.java:logGet(43)) - raft.server.log.statemachine.data.caching.enabled = true (custom)
2019-09-20 05:49:55,942 [pool-57-thread-1] INFO  segmented.SegmentedRaftLogWorker (SegmentedRaftLogWorker.java:lambda$new$0(132)) - 9b918566-8d2f-4f38-9ce1-65f5cd084216-SegmentedRaftLogWorker:Storage Directory /workdir/hadoop-ozone/integration-test/target/test-dir/MiniOzoneClusterImpl-29dd0c8c-da21-41d6-af77-5f0a65600fbb/datanode-0/data/ratis/4bfb351b-e8dc-4616-ab0b-a1765b18f7bf: flushIndex: setUnconditionally 0 -> -1
2019-09-20 05:49:55,942 [pool-57-thread-1] INFO  server.RaftServerConfigKeys (ConfUtils.java:logGet(43)) - raft.server.snapshot.auto.trigger.enabled = true (custom)
2019-09-20 05:49:55,942 [pool-57-thread-1] INFO  server.RaftServerConfigKeys (ConfUtils.java:logGet(43)) - raft.server.snapshot.auto.trigger.threshold = 1 (custom)
2019-09-20 05:49:55,942 [pool-57-thread-1] INFO  server.RaftServerConfigKeys (ConfUtils.java:logGet(43)) - raft.server.retrycache.expirytime = 600000ms (custom)
2019-09-20 05:49:55,942 [pool-57-thread-1] INFO  impl.RaftServerImpl (RaftServerImpl.java:start(180)) - 9b918566-8d2f-4f38-9ce1-65f5cd084216: start group-A1765B18F7BF
2019-09-20 05:49:55,942 [pool-57-thread-1] INFO  impl.RaftServerImpl (RaftServerImpl.java:setRole(171)) - 9b918566-8d2f-4f38-9ce1-65f5cd084216:group-A1765B18F7BF changes role from null to FOLLOWER at term 0 for startAsFollower
2019-09-20 05:49:55,942 [pool-57-thread-1] INFO  impl.RoleInfo (RoleInfo.java:updateAndGet(143)) - 9b918566-8d2f-4f38-9ce1-65f5cd084216: start FollowerState
2019-09-20 05:49:55,943 [pool-57-thread-1] INFO  util.JmxRegister (JmxRegister.java:tryRegister(44)) - Successfully registered JMX Bean with object name Ratis:service=RaftServer,group=group-A1765B18F7BF,id=9b918566-8d2f-4f38-9ce1-65f5cd084216
2019-09-20 05:49:55,944 [RatisPipelineUtilsThread] INFO  pipeline.PipelineStateManager (PipelineStateManager.java:addPipeline(56)) - Created pipeline Pipeline[ Id: 4bfb351b-e8dc-4616-ab0b-a1765b18f7bf, Nodes: 9b918566-8d2f-4f38-9ce1-65f5cd084216{ip: 192.168.36.79, host: pr-hdds-1569-s8kj2-2266485376, networkLocation: /default-rack, certSerialId: null}, Type:RATIS, Factor:ONE, State:OPEN]
2019-09-20 05:49:55,947 [grpc-default-executor-1] INFO  impl.RaftServerProxy (RaftServerProxy.java:addNew(89)) - 9b918566-8d2f-4f38-9ce1-65f5cd084216: addNew group-07CAEEF07C83:[9b918566-8d2f-4f38-9ce1-65f5cd084216:192.168.36.79:46843] returns group-07CAEEF07C83:java.util.concurrent.CompletableFuture@18bb0b97[Not completed]
2019-09-20 05:49:55,948 [pool-57-thread-1] INFO  impl.RaftServerImpl (RaftServerImpl.java:<init>(93)) - 9b918566-8d2f-4f38-9ce1-65f5cd084216: new RaftServerImpl for group-07CAEEF07C83:[9b918566-8d2f-4f38-9ce1-65f5cd084216:192.168.36.79:46843] with ContainerStateMachine:uninitialized
2019-09-20 05:49:55,948 [pool-57-thread-1] INFO  server.RaftServerConfigKeys (ConfUtils.java:logGet(43)) - raft.server.rpc.timeout.min = 5s (custom)
2019-09-20 05:49:55,948 [pool-57-thread-1] INFO  server.RaftServerConfigKeys (ConfUtils.java:logGet(43)) - raft.server.rpc.timeout.max = 5200ms (custom)
2019-09-20 05:49:55,948 [pool-57-thread-1] INFO  server.RaftServerConfigKeys (ConfUtils.java:logGet(43)) - raft.server.rpcslowness.timeout = 120s (custom)
2019-09-20 05:49:55,948 [pool-57-thread-1] INFO  server.RaftServerConfigKeys (ConfUtils.java:logGet(43)) - raft.server.sleep.deviation.threshold = 300 (default)
2019-09-20 05:49:55,948 [pool-57-thread-1] INFO  server.RaftServerConfigKeys (ConfUtils.java:logGet(43)) - raft.server.log.appender.install.snapshot.enabled = false (custom)
2019-09-20 05:49:55,948 [pool-57-thread-1] INFO  impl.RaftServerImpl (ServerState.java:<init>(105)) - 9b918566-8d2f-4f38-9ce1-65f5cd084216:group-07CAEEF07C83 ConfigurationManager, init=-1: [9b918566-8d2f-4f38-9ce1-65f5cd084216:192.168.36.79:46843], old=null, confs=<EMPTY_MAP>
2019-09-20 05:49:55,949 [pool-57-thread-1] INFO  server.RaftServerConfigKeys (ConfUtils.java:logGet(43)) - raft.server.storage.dir = [/workdir/hadoop-ozone/integration-test/target/test-dir/MiniOzoneClusterImpl-29dd0c8c-da21-41d6-af77-5f0a65600fbb/datanode-0/data/ratis] (custom)
2019-09-20 05:49:55,949 [pool-57-thread-1] INFO  storage.RaftStorageDirectory (RaftStorageDirectory.java:analyzeStorage(246)) - The storage directory /workdir/hadoop-ozone/integration-test/target/test-dir/MiniOzoneClusterImpl-29dd0c8c-da21-41d6-af77-5f0a65600fbb/datanode-0/data/ratis/e87bf1d3-1e9d-405e-a13e-07caeef07c83 does not exist. Creating ...
2019-09-20 05:49:55,969 [pool-57-thread-1] INFO  storage.RaftStorageDirectory (RaftStorageDirectory.java:tryLock(328)) - Lock on /workdir/hadoop-ozone/integration-test/target/test-dir/MiniOzoneClusterImpl-29dd0c8c-da21-41d6-af77-5f0a65600fbb/datanode-0/data/ratis/e87bf1d3-1e9d-405e-a13e-07caeef07c83/in_use.lock acquired by nodename 6907@pr-hdds-1569-s8kj2-2266485376
2019-09-20 05:49:55,999 [pool-57-thread-1] INFO  storage.RaftStorage (RaftStorage.java:format(72)) - Storage directory /workdir/hadoop-ozone/integration-test/target/test-dir/MiniOzoneClusterImpl-29dd0c8c-da21-41d6-af77-5f0a65600fbb/datanode-0/data/ratis/e87bf1d3-1e9d-405e-a13e-07caeef07c83 has been successfully formatted.
2019-09-20 05:49:55,999 [pool-57-thread-1] INFO  ratis.ContainerStateMachine (ContainerStateMachine.java:loadSnapshot(226)) - group-07CAEEF07C83: The snapshot info is null. Setting the last applied indexto:(t:0, i:~)
2019-09-20 05:49:56,000 [pool-57-thread-1] INFO  server.RaftServerConfigKeys (ConfUtils.java:logGet(43)) - raft.server.leader.election.timeout = 120s (custom)
2019-09-20 05:49:56,000 [pool-57-thread-1] INFO  server.RaftServerConfigKeys (ConfUtils.java:logGet(43)) - raft.server.log.use.memory = false (default)
2019-09-20 05:49:56,000 [pool-57-thread-1] INFO  server.RaftServerConfigKeys (ConfUtils.java:logGet(43)) - raft.server.log.purge.gap = 1000000 (custom)
2019-09-20 05:49:56,000 [pool-57-thread-1] INFO  server.RaftServerConfigKeys (ConfUtils.java:logGet(43)) - raft.server.log.appender.buffer.byte-limit = 33554432 (custom)
2019-09-20 05:49:56,000 [pool-57-thread-1] INFO  server.RaftServerConfigKeys (ConfUtils.java:logGet(43)) - raft.server.log.segment.size.max = 1048576 (custom)
2019-09-20 05:49:56,000 [pool-57-thread-1] INFO  server.RaftServerConfigKeys (ConfUtils.java:logGet(43)) - raft.server.log.segment.cache.num.max = 2 (custom)
2019-09-20 05:49:56,000 [pool-57-thread-1] INFO  segmented.SegmentedRaftLogWorker (SegmentedRaftLogWorker.java:<init>(172)) - new 9b918566-8d2f-4f38-9ce1-65f5cd084216-SegmentedRaftLogWorker:Storage Directory /workdir/hadoop-ozone/integration-test/target/test-dir/MiniOzoneClusterImpl-29dd0c8c-da21-41d6-af77-5f0a65600fbb/datanode-0/data/ratis/e87bf1d3-1e9d-405e-a13e-07caeef07c83 for RaftStorage:Storage Directory /workdir/hadoop-ozone/integration-test/target/test-dir/MiniOzoneClusterImpl-29dd0c8c-da21-41d6-af77-5f0a65600fbb/datanode-0/data/ratis/e87bf1d3-1e9d-405e-a13e-07caeef07c83
2019-09-20 05:49:56,000 [pool-57-thread-1] INFO  server.RaftServerConfigKeys (ConfUtils.java:logGet(43)) - raft.server.log.queue.byte-limit = 2147483647 (custom)
2019-09-20 05:49:56,001 [pool-57-thread-1] INFO  server.RaftServerConfigKeys (ConfUtils.java:logGet(43)) - raft.server.log.queue.element-limit = 1024 (custom)
2019-09-20 05:49:56,001 [pool-57-thread-1] INFO  server.RaftServerConfigKeys (ConfUtils.java:logGet(43)) - raft.server.log.segment.size.max = 1048576 (custom)
2019-09-20 05:49:56,001 [pool-57-thread-1] INFO  server.RaftServerConfigKeys (ConfUtils.java:logGet(43)) - raft.server.log.preallocated.size = 16384 (custom)
2019-09-20 05:49:56,001 [pool-57-thread-1] INFO  server.RaftServerConfigKeys (ConfUtils.java:logGet(43)) - raft.server.log.write.buffer.size = 33554432 (custom)
2019-09-20 05:49:56,001 [pool-57-thread-1] INFO  server.RaftServerConfigKeys (ConfUtils.java:logGet(43)) - raft.server.log.force.sync.num = 128 (default)
2019-09-20 05:49:56,001 [pool-57-thread-1] INFO  server.RaftServerConfigKeys (ConfUtils.java:logGet(43)) - raft.server.log.statemachine.data.sync = true (default)
2019-09-20 05:49:56,001 [pool-57-thread-1] INFO  server.RaftServerConfigKeys (ConfUtils.java:logGet(43)) - raft.server.log.statemachine.data.sync.timeout = 10s (default)
2019-09-20 05:49:56,001 [pool-57-thread-1] INFO  server.RaftServerConfigKeys (ConfUtils.java:logGet(43)) - raft.server.log.statemachine.data.sync.timeout.retry = -1 (default)
2019-09-20 05:49:56,002 [pool-57-thread-1] INFO  server.RaftServerConfigKeys (ConfUtils.java:logGet(43)) - raft.server.log.statemachine.data.caching.enabled = true (custom)
2019-09-20 05:49:56,002 [pool-57-thread-1] INFO  segmented.SegmentedRaftLogWorker (SegmentedRaftLogWorker.java:lambda$new$0(132)) - 9b918566-8d2f-4f38-9ce1-65f5cd084216-SegmentedRaftLogWorker:Storage Directory /workdir/hadoop-ozone/integration-test/target/test-dir/MiniOzoneClusterImpl-29dd0c8c-da21-41d6-af77-5f0a65600fbb/datanode-0/data/ratis/e87bf1d3-1e9d-405e-a13e-07caeef07c83: flushIndex: setUnconditionally 0 -> -1
2019-09-20 05:49:56,002 [pool-57-thread-1] INFO  server.RaftServerConfigKeys (ConfUtils.java:logGet(43)) - raft.server.snapshot.auto.trigger.enabled = true (custom)
2019-09-20 05:49:56,002 [pool-57-thread-1] INFO  server.RaftServerConfigKeys (ConfUtils.java:logGet(43)) - raft.server.snapshot.auto.trigger.threshold = 1 (custom)
2019-09-20 05:49:56,002 [pool-57-thread-1] INFO  server.RaftServerConfigKeys (ConfUtils.java:logGet(43)) - raft.server.retrycache.expirytime = 600000ms (custom)
2019-09-20 05:49:56,003 [pool-57-thread-1] INFO  impl.RaftServerImpl (RaftServerImpl.java:start(180)) - 9b918566-8d2f-4f38-9ce1-65f5cd084216: start group-07CAEEF07C83
2019-09-20 05:49:56,003 [pool-57-thread-1] INFO  impl.RaftServerImpl (RaftServerImpl.java:setRole(171)) - 9b918566-8d2f-4f38-9ce1-65f5cd084216:group-07CAEEF07C83 changes role from null to FOLLOWER at term 0 for startAsFollower
2019-09-20 05:49:56,003 [pool-57-thread-1] INFO  impl.RoleInfo (RoleInfo.java:updateAndGet(143)) - 9b918566-8d2f-4f38-9ce1-65f5cd084216: start FollowerState
2019-09-20 05:49:56,003 [pool-57-thread-1] INFO  util.JmxRegister (JmxRegister.java:tryRegister(44)) - Successfully registered JMX Bean with object name Ratis:service=RaftServer,group=group-07CAEEF07C83,id=9b918566-8d2f-4f38-9ce1-65f5cd084216
2019-09-20 05:49:56,005 [RatisPipelineUtilsThread] INFO  pipeline.PipelineStateManager (PipelineStateManager.java:addPipeline(56)) - Created pipeline Pipeline[ Id: e87bf1d3-1e9d-405e-a13e-07caeef07c83, Nodes: 9b918566-8d2f-4f38-9ce1-65f5cd084216{ip: 192.168.36.79, host: pr-hdds-1569-s8kj2-2266485376, networkLocation: /default-rack, certSerialId: null}, Type:RATIS, Factor:ONE, State:OPEN]
2019-09-20 05:49:56,008 [grpc-default-executor-1] INFO  impl.RaftServerProxy (RaftServerProxy.java:addNew(89)) - 9b918566-8d2f-4f38-9ce1-65f5cd084216: addNew group-1C57EC9E00E7:[9b918566-8d2f-4f38-9ce1-65f5cd084216:192.168.36.79:46843] returns group-1C57EC9E00E7:java.util.concurrent.CompletableFuture@7be2955a[Not completed]
2019-09-20 05:49:56,008 [pool-57-thread-1] INFO  impl.RaftServerImpl (RaftServerImpl.java:<init>(93)) - 9b918566-8d2f-4f38-9ce1-65f5cd084216: new RaftServerImpl for group-1C57EC9E00E7:[9b918566-8d2f-4f38-9ce1-65f5cd084216:192.168.36.79:46843] with ContainerStateMachine:uninitialized
2019-09-20 05:49:56,009 [pool-57-thread-1] INFO  server.RaftServerConfigKeys (ConfUtils.java:logGet(43)) - raft.server.rpc.timeout.min = 5s (custom)
2019-09-20 05:49:56,009 [pool-57-thread-1] INFO  server.RaftServerConfigKeys (ConfUtils.java:logGet(43)) - raft.server.rpc.timeout.max = 5200ms (custom)
2019-09-20 05:49:56,009 [pool-57-thread-1] INFO  server.RaftServerConfigKeys (ConfUtils.java:logGet(43)) - raft.server.rpcslowness.timeout = 120s (custom)
2019-09-20 05:49:56,009 [pool-57-thread-1] INFO  server.RaftServerConfigKeys (ConfUtils.java:logGet(43)) - raft.server.sleep.deviation.threshold = 300 (default)
2019-09-20 05:49:56,009 [pool-57-thread-1] INFO  server.RaftServerConfigKeys (ConfUtils.java:logGet(43)) - raft.server.log.appender.install.snapshot.enabled = false (custom)
2019-09-20 05:49:56,009 [pool-57-thread-1] INFO  impl.RaftServerImpl (ServerState.java:<init>(105)) - 9b918566-8d2f-4f38-9ce1-65f5cd084216:group-1C57EC9E00E7 ConfigurationManager, init=-1: [9b918566-8d2f-4f38-9ce1-65f5cd084216:192.168.36.79:46843], old=null, confs=<EMPTY_MAP>
2019-09-20 05:49:56,009 [pool-57-thread-1] INFO  server.RaftServerConfigKeys (ConfUtils.java:logGet(43)) - raft.server.storage.dir = [/workdir/hadoop-ozone/integration-test/target/test-dir/MiniOzoneClusterImpl-29dd0c8c-da21-41d6-af77-5f0a65600fbb/datanode-0/data/ratis] (custom)
2019-09-20 05:49:56,010 [pool-57-thread-1] INFO  storage.RaftStorageDirectory (RaftStorageDirectory.java:analyzeStorage(246)) - The storage directory /workdir/hadoop-ozone/integration-test/target/test-dir/MiniOzoneClusterImpl-29dd0c8c-da21-41d6-af77-5f0a65600fbb/datanode-0/data/ratis/1c9b56ad-b4c2-442c-8934-1c57ec9e00e7 does not exist. Creating ...
2019-09-20 05:49:56,042 [pool-57-thread-1] INFO  storage.RaftStorageDirectory (RaftStorageDirectory.java:tryLock(328)) - Lock on /workdir/hadoop-ozone/integration-test/target/test-dir/MiniOzoneClusterImpl-29dd0c8c-da21-41d6-af77-5f0a65600fbb/datanode-0/data/ratis/1c9b56ad-b4c2-442c-8934-1c57ec9e00e7/in_use.lock acquired by nodename 6907@pr-hdds-1569-s8kj2-2266485376
2019-09-20 05:49:56,080 [pool-57-thread-1] INFO  storage.RaftStorage (RaftStorage.java:format(72)) - Storage directory /workdir/hadoop-ozone/integration-test/target/test-dir/MiniOzoneClusterImpl-29dd0c8c-da21-41d6-af77-5f0a65600fbb/datanode-0/data/ratis/1c9b56ad-b4c2-442c-8934-1c57ec9e00e7 has been successfully formatted.
2019-09-20 05:49:56,080 [pool-57-thread-1] INFO  ratis.ContainerStateMachine (ContainerStateMachine.java:loadSnapshot(226)) - group-1C57EC9E00E7: The snapshot info is null. Setting the last applied indexto:(t:0, i:~)
2019-09-20 05:49:56,080 [pool-57-thread-1] INFO  server.RaftServerConfigKeys (ConfUtils.java:logGet(43)) - raft.server.leader.election.timeout = 120s (custom)
2019-09-20 05:49:56,081 [pool-57-thread-1] INFO  server.RaftServerConfigKeys (ConfUtils.java:logGet(43)) - raft.server.log.use.memory = false (default)
2019-09-20 05:49:56,081 [pool-57-thread-1] INFO  server.RaftServerConfigKeys (ConfUtils.java:logGet(43)) - raft.server.log.purge.gap = 1000000 (custom)
2019-09-20 05:49:56,081 [pool-57-thread-1] INFO  server.RaftServerConfigKeys (ConfUtils.java:logGet(43)) - raft.server.log.appender.buffer.byte-limit = 33554432 (custom)
2019-09-20 05:49:56,081 [pool-57-thread-1] INFO  server.RaftServerConfigKeys (ConfUtils.java:logGet(43)) - raft.server.log.segment.size.max = 1048576 (custom)
2019-09-20 05:49:56,081 [pool-57-thread-1] INFO  server.RaftServerConfigKeys (ConfUtils.java:logGet(43)) - raft.server.log.segment.cache.num.max = 2 (custom)
2019-09-20 05:49:56,081 [pool-57-thread-1] INFO  segmented.SegmentedRaftLogWorker (SegmentedRaftLogWorker.java:<init>(172)) - new 9b918566-8d2f-4f38-9ce1-65f5cd084216-SegmentedRaftLogWorker:Storage Directory /workdir/hadoop-ozone/integration-test/target/test-dir/MiniOzoneClusterImpl-29dd0c8c-da21-41d6-af77-5f0a65600fbb/datanode-0/data/ratis/1c9b56ad-b4c2-442c-8934-1c57ec9e00e7 for RaftStorage:Storage Directory /workdir/hadoop-ozone/integration-test/target/test-dir/MiniOzoneClusterImpl-29dd0c8c-da21-41d6-af77-5f0a65600fbb/datanode-0/data/ratis/1c9b56ad-b4c2-442c-8934-1c57ec9e00e7
2019-09-20 05:49:56,081 [pool-57-thread-1] INFO  server.RaftServerConfigKeys (ConfUtils.java:logGet(43)) - raft.server.log.queue.byte-limit = 2147483647 (custom)
2019-09-20 05:49:56,082 [pool-57-thread-1] INFO  server.RaftServerConfigKeys (ConfUtils.java:logGet(43)) - raft.server.log.queue.element-limit = 1024 (custom)
2019-09-20 05:49:56,082 [pool-57-thread-1] INFO  server.RaftServerConfigKeys (ConfUtils.java:logGet(43)) - raft.server.log.segment.size.max = 1048576 (custom)
2019-09-20 05:49:56,082 [pool-57-thread-1] INFO  server.RaftServerConfigKeys (ConfUtils.java:logGet(43)) - raft.server.log.preallocated.size = 16384 (custom)
2019-09-20 05:49:56,082 [pool-57-thread-1] INFO  server.RaftServerConfigKeys (ConfUtils.java:logGet(43)) - raft.server.log.write.buffer.size = 33554432 (custom)
2019-09-20 05:49:56,082 [pool-57-thread-1] INFO  server.RaftServerConfigKeys (ConfUtils.java:logGet(43)) - raft.server.log.force.sync.num = 128 (default)
2019-09-20 05:49:56,082 [pool-57-thread-1] INFO  server.RaftServerConfigKeys (ConfUtils.java:logGet(43)) - raft.server.log.statemachine.data.sync = true (default)
2019-09-20 05:49:56,083 [pool-57-thread-1] INFO  server.RaftServerConfigKeys (ConfUtils.java:logGet(43)) - raft.server.log.statemachine.data.sync.timeout = 10s (default)
2019-09-20 05:49:56,083 [pool-57-thread-1] INFO  server.RaftServerConfigKeys (ConfUtils.java:logGet(43)) - raft.server.log.statemachine.data.sync.timeout.retry = -1 (default)
2019-09-20 05:49:56,083 [pool-57-thread-1] INFO  server.RaftServerConfigKeys (ConfUtils.java:logGet(43)) - raft.server.log.statemachine.data.caching.enabled = true (custom)
2019-09-20 05:49:56,083 [pool-57-thread-1] INFO  segmented.SegmentedRaftLogWorker (SegmentedRaftLogWorker.java:lambda$new$0(132)) - 9b918566-8d2f-4f38-9ce1-65f5cd084216-SegmentedRaftLogWorker:Storage Directory /workdir/hadoop-ozone/integration-test/target/test-dir/MiniOzoneClusterImpl-29dd0c8c-da21-41d6-af77-5f0a65600fbb/datanode-0/data/ratis/1c9b56ad-b4c2-442c-8934-1c57ec9e00e7: flushIndex: setUnconditionally 0 -> -1
2019-09-20 05:49:56,083 [pool-57-thread-1] INFO  server.RaftServerConfigKeys (ConfUtils.java:logGet(43)) - raft.server.snapshot.auto.trigger.enabled = true (custom)
2019-09-20 05:49:56,084 [pool-57-thread-1] INFO  server.RaftServerConfigKeys (ConfUtils.java:logGet(43)) - raft.server.snapshot.auto.trigger.threshold = 1 (custom)
2019-09-20 05:49:56,084 [pool-57-thread-1] INFO  server.RaftServerConfigKeys (ConfUtils.java:logGet(43)) - raft.server.retrycache.expirytime = 600000ms (custom)
2019-09-20 05:49:56,084 [pool-57-thread-1] INFO  impl.RaftServerImpl (RaftServerImpl.java:start(180)) - 9b918566-8d2f-4f38-9ce1-65f5cd084216: start group-1C57EC9E00E7
2019-09-20 05:49:56,084 [pool-57-thread-1] INFO  impl.RaftServerImpl (RaftServerImpl.java:setRole(171)) - 9b918566-8d2f-4f38-9ce1-65f5cd084216:group-1C57EC9E00E7 changes role from null to FOLLOWER at term 0 for startAsFollower
2019-09-20 05:49:56,084 [pool-57-thread-1] INFO  impl.RoleInfo (RoleInfo.java:updateAndGet(143)) - 9b918566-8d2f-4f38-9ce1-65f5cd084216: start FollowerState
2019-09-20 05:49:56,085 [pool-57-thread-1] INFO  util.JmxRegister (JmxRegister.java:tryRegister(44)) - Successfully registered JMX Bean with object name Ratis:service=RaftServer,group=group-1C57EC9E00E7,id=9b918566-8d2f-4f38-9ce1-65f5cd084216
2019-09-20 05:49:56,086 [RatisPipelineUtilsThread] INFO  pipeline.PipelineStateManager (PipelineStateManager.java:addPipeline(56)) - Created pipeline Pipeline[ Id: 1c9b56ad-b4c2-442c-8934-1c57ec9e00e7, Nodes: 9b918566-8d2f-4f38-9ce1-65f5cd084216{ip: 192.168.36.79, host: pr-hdds-1569-s8kj2-2266485376, networkLocation: /default-rack, certSerialId: null}, Type:RATIS, Factor:ONE, State:OPEN]
2019-09-20 05:49:56,089 [grpc-default-executor-1] INFO  impl.RaftServerProxy (RaftServerProxy.java:addNew(89)) - 9b918566-8d2f-4f38-9ce1-65f5cd084216: addNew group-1A3990629514:[9b918566-8d2f-4f38-9ce1-65f5cd084216:192.168.36.79:46843] returns group-1A3990629514:java.util.concurrent.CompletableFuture@34e5f3a9[Not completed]
2019-09-20 05:49:56,090 [pool-57-thread-1] INFO  impl.RaftServerImpl (RaftServerImpl.java:<init>(93)) - 9b918566-8d2f-4f38-9ce1-65f5cd084216: new RaftServerImpl for group-1A3990629514:[9b918566-8d2f-4f38-9ce1-65f5cd084216:192.168.36.79:46843] with ContainerStateMachine:uninitialized
2019-09-20 05:49:56,090 [pool-57-thread-1] INFO  server.RaftServerConfigKeys (ConfUtils.java:logGet(43)) - raft.server.rpc.timeout.min = 5s (custom)
2019-09-20 05:49:56,090 [pool-57-thread-1] INFO  server.RaftServerConfigKeys (ConfUtils.java:logGet(43)) - raft.server.rpc.timeout.max = 5200ms (custom)
2019-09-20 05:49:56,090 [pool-57-thread-1] INFO  server.RaftServerConfigKeys (ConfUtils.java:logGet(43)) - raft.server.rpcslowness.timeout = 120s (custom)
2019-09-20 05:49:56,090 [pool-57-thread-1] INFO  server.RaftServerConfigKeys (ConfUtils.java:logGet(43)) - raft.server.sleep.deviation.threshold = 300 (default)
2019-09-20 05:49:56,090 [pool-57-thread-1] INFO  server.RaftServerConfigKeys (ConfUtils.java:logGet(43)) - raft.server.log.appender.install.snapshot.enabled = false (custom)
2019-09-20 05:49:56,090 [pool-57-thread-1] INFO  impl.RaftServerImpl (ServerState.java:<init>(105)) - 9b918566-8d2f-4f38-9ce1-65f5cd084216:group-1A3990629514 ConfigurationManager, init=-1: [9b918566-8d2f-4f38-9ce1-65f5cd084216:192.168.36.79:46843], old=null, confs=<EMPTY_MAP>
2019-09-20 05:49:56,091 [pool-57-thread-1] INFO  server.RaftServerConfigKeys (ConfUtils.java:logGet(43)) - raft.server.storage.dir = [/workdir/hadoop-ozone/integration-test/target/test-dir/MiniOzoneClusterImpl-29dd0c8c-da21-41d6-af77-5f0a65600fbb/datanode-0/data/ratis] (custom)
2019-09-20 05:49:56,091 [pool-57-thread-1] INFO  storage.RaftStorageDirectory (RaftStorageDirectory.java:analyzeStorage(246)) - The storage directory /workdir/hadoop-ozone/integration-test/target/test-dir/MiniOzoneClusterImpl-29dd0c8c-da21-41d6-af77-5f0a65600fbb/datanode-0/data/ratis/5e45197d-6173-4cd0-8178-1a3990629514 does not exist. Creating ...
2019-09-20 05:49:56,104 | INFO  | SCMAudit | user=jenkins1000 | ip=192.168.36.79 | op=SEND_HEARTBEAT {datanodeUUID=9b918566-8d2f-4f38-9ce1-65f5cd084216, command=[]} | ret=SUCCESS |  
2019-09-20 05:49:56,127 [pool-57-thread-1] INFO  storage.RaftStorageDirectory (RaftStorageDirectory.java:tryLock(328)) - Lock on /workdir/hadoop-ozone/integration-test/target/test-dir/MiniOzoneClusterImpl-29dd0c8c-da21-41d6-af77-5f0a65600fbb/datanode-0/data/ratis/5e45197d-6173-4cd0-8178-1a3990629514/in_use.lock acquired by nodename 6907@pr-hdds-1569-s8kj2-2266485376
2019-09-20 05:49:56,129 | INFO  | SCMAudit | user=jenkins1000 | ip=192.168.36.79 | op=SEND_HEARTBEAT {datanodeUUID=9b918566-8d2f-4f38-9ce1-65f5cd084216, command=[]} | ret=SUCCESS |  
2019-09-20 05:49:56,158 [pool-57-thread-1] INFO  storage.RaftStorage (RaftStorage.java:format(72)) - Storage directory /workdir/hadoop-ozone/integration-test/target/test-dir/MiniOzoneClusterImpl-29dd0c8c-da21-41d6-af77-5f0a65600fbb/datanode-0/data/ratis/5e45197d-6173-4cd0-8178-1a3990629514 has been successfully formatted.
2019-09-20 05:49:56,158 [pool-57-thread-1] INFO  ratis.ContainerStateMachine (ContainerStateMachine.java:loadSnapshot(226)) - group-1A3990629514: The snapshot info is null. Setting the last applied indexto:(t:0, i:~)
2019-09-20 05:49:56,158 [pool-57-thread-1] INFO  server.RaftServerConfigKeys (ConfUtils.java:logGet(43)) - raft.server.leader.election.timeout = 120s (custom)
2019-09-20 05:49:56,158 [pool-57-thread-1] INFO  server.RaftServerConfigKeys (ConfUtils.java:logGet(43)) - raft.server.log.use.memory = false (default)
2019-09-20 05:49:56,159 [pool-57-thread-1] INFO  server.RaftServerConfigKeys (ConfUtils.java:logGet(43)) - raft.server.log.purge.gap = 1000000 (custom)
2019-09-20 05:49:56,159 [pool-57-thread-1] INFO  server.RaftServerConfigKeys (ConfUtils.java:logGet(43)) - raft.server.log.appender.buffer.byte-limit = 33554432 (custom)
2019-09-20 05:49:56,159 [pool-57-thread-1] INFO  server.RaftServerConfigKeys (ConfUtils.java:logGet(43)) - raft.server.log.segment.size.max = 1048576 (custom)
2019-09-20 05:49:56,159 [pool-57-thread-1] INFO  server.RaftServerConfigKeys (ConfUtils.java:logGet(43)) - raft.server.log.segment.cache.num.max = 2 (custom)
2019-09-20 05:49:56,159 [pool-57-thread-1] INFO  segmented.SegmentedRaftLogWorker (SegmentedRaftLogWorker.java:<init>(172)) - new 9b918566-8d2f-4f38-9ce1-65f5cd084216-SegmentedRaftLogWorker:Storage Directory /workdir/hadoop-ozone/integration-test/target/test-dir/MiniOzoneClusterImpl-29dd0c8c-da21-41d6-af77-5f0a65600fbb/datanode-0/data/ratis/5e45197d-6173-4cd0-8178-1a3990629514 for RaftStorage:Storage Directory /workdir/hadoop-ozone/integration-test/target/test-dir/MiniOzoneClusterImpl-29dd0c8c-da21-41d6-af77-5f0a65600fbb/datanode-0/data/ratis/5e45197d-6173-4cd0-8178-1a3990629514
2019-09-20 05:49:56,159 [pool-57-thread-1] INFO  server.RaftServerConfigKeys (ConfUtils.java:logGet(43)) - raft.server.log.queue.byte-limit = 2147483647 (custom)
2019-09-20 05:49:56,159 [pool-57-thread-1] INFO  server.RaftServerConfigKeys (ConfUtils.java:logGet(43)) - raft.server.log.queue.element-limit = 1024 (custom)
2019-09-20 05:49:56,160 [pool-57-thread-1] INFO  server.RaftServerConfigKeys (ConfUtils.java:logGet(43)) - raft.server.log.segment.size.max = 1048576 (custom)
2019-09-20 05:49:56,160 [pool-57-thread-1] INFO  server.RaftServerConfigKeys (ConfUtils.java:logGet(43)) - raft.server.log.preallocated.size = 16384 (custom)
2019-09-20 05:49:56,160 [pool-57-thread-1] INFO  server.RaftServerConfigKeys (ConfUtils.java:logGet(43)) - raft.server.log.write.buffer.size = 33554432 (custom)
2019-09-20 05:49:56,160 [Command processor thread] INFO  interfaces.Container (KeyValueContainer.java:flushAndSyncDB(382)) - Container 6 is synced with bcsId 3.
2019-09-20 05:49:56,160 [pool-57-thread-1] INFO  server.RaftServerConfigKeys (ConfUtils.java:logGet(43)) - raft.server.log.force.sync.num = 128 (default)
2019-09-20 05:49:56,160 [Command processor thread] INFO  interfaces.Container (KeyValueContainer.java:flushAndSyncDB(382)) - Container 6 is synced with bcsId 3.
2019-09-20 05:49:56,160 [pool-57-thread-1] INFO  server.RaftServerConfigKeys (ConfUtils.java:logGet(43)) - raft.server.log.statemachine.data.sync = true (default)
2019-09-20 05:49:56,161 [pool-57-thread-1] INFO  server.RaftServerConfigKeys (ConfUtils.java:logGet(43)) - raft.server.log.statemachine.data.sync.timeout = 10s (default)
2019-09-20 05:49:56,161 [pool-57-thread-1] INFO  server.RaftServerConfigKeys (ConfUtils.java:logGet(43)) - raft.server.log.statemachine.data.sync.timeout.retry = -1 (default)
2019-09-20 05:49:56,161 [pool-57-thread-1] INFO  server.RaftServerConfigKeys (ConfUtils.java:logGet(43)) - raft.server.log.statemachine.data.caching.enabled = true (custom)
2019-09-20 05:49:56,161 [pool-57-thread-1] INFO  segmented.SegmentedRaftLogWorker (SegmentedRaftLogWorker.java:lambda$new$0(132)) - 9b918566-8d2f-4f38-9ce1-65f5cd084216-SegmentedRaftLogWorker:Storage Directory /workdir/hadoop-ozone/integration-test/target/test-dir/MiniOzoneClusterImpl-29dd0c8c-da21-41d6-af77-5f0a65600fbb/datanode-0/data/ratis/5e45197d-6173-4cd0-8178-1a3990629514: flushIndex: setUnconditionally 0 -> -1
2019-09-20 05:49:56,161 [pool-57-thread-1] INFO  server.RaftServerConfigKeys (ConfUtils.java:logGet(43)) - raft.server.snapshot.auto.trigger.enabled = true (custom)
2019-09-20 05:49:56,162 [pool-57-thread-1] INFO  server.RaftServerConfigKeys (ConfUtils.java:logGet(43)) - raft.server.snapshot.auto.trigger.threshold = 1 (custom)
2019-09-20 05:49:56,162 [pool-57-thread-1] INFO  server.RaftServerConfigKeys (ConfUtils.java:logGet(43)) - raft.server.retrycache.expirytime = 600000ms (custom)
2019-09-20 05:49:56,162 [pool-57-thread-1] INFO  impl.RaftServerImpl (RaftServerImpl.java:start(180)) - 9b918566-8d2f-4f38-9ce1-65f5cd084216: start group-1A3990629514
2019-09-20 05:49:56,162 [pool-57-thread-1] INFO  impl.RaftServerImpl (RaftServerImpl.java:setRole(171)) - 9b918566-8d2f-4f38-9ce1-65f5cd084216:group-1A3990629514 changes role from null to FOLLOWER at term 0 for startAsFollower
2019-09-20 05:49:56,162 [pool-57-thread-1] INFO  impl.RoleInfo (RoleInfo.java:updateAndGet(143)) - 9b918566-8d2f-4f38-9ce1-65f5cd084216: start FollowerState
2019-09-20 05:49:56,163 [pool-57-thread-1] INFO  util.JmxRegister (JmxRegister.java:tryRegister(44)) - Successfully registered JMX Bean with object name Ratis:service=RaftServer,group=group-1A3990629514,id=9b918566-8d2f-4f38-9ce1-65f5cd084216
2019-09-20 05:49:56,165 [RatisPipelineUtilsThread] INFO  pipeline.PipelineStateManager (PipelineStateManager.java:addPipeline(56)) - Created pipeline Pipeline[ Id: 5e45197d-6173-4cd0-8178-1a3990629514, Nodes: 9b918566-8d2f-4f38-9ce1-65f5cd084216{ip: 192.168.36.79, host: pr-hdds-1569-s8kj2-2266485376, networkLocation: /default-rack, certSerialId: null}, Type:RATIS, Factor:ONE, State:OPEN]
2019-09-20 05:49:56,168 [grpc-default-executor-1] INFO  impl.RaftServerProxy (RaftServerProxy.java:addNew(89)) - 9b918566-8d2f-4f38-9ce1-65f5cd084216: addNew group-E3210F522AA1:[9b918566-8d2f-4f38-9ce1-65f5cd084216:192.168.36.79:46843] returns group-E3210F522AA1:java.util.concurrent.CompletableFuture@5ddfd33a[Not completed]
2019-09-20 05:49:56,169 [pool-57-thread-1] INFO  impl.RaftServerImpl (RaftServerImpl.java:<init>(93)) - 9b918566-8d2f-4f38-9ce1-65f5cd084216: new RaftServerImpl for group-E3210F522AA1:[9b918566-8d2f-4f38-9ce1-65f5cd084216:192.168.36.79:46843] with ContainerStateMachine:uninitialized
2019-09-20 05:49:56,169 [pool-57-thread-1] INFO  server.RaftServerConfigKeys (ConfUtils.java:logGet(43)) - raft.server.rpc.timeout.min = 5s (custom)
2019-09-20 05:49:56,169 [pool-57-thread-1] INFO  server.RaftServerConfigKeys (ConfUtils.java:logGet(43)) - raft.server.rpc.timeout.max = 5200ms (custom)
2019-09-20 05:49:56,169 [pool-57-thread-1] INFO  server.RaftServerConfigKeys (ConfUtils.java:logGet(43)) - raft.server.rpcslowness.timeout = 120s (custom)
2019-09-20 05:49:56,169 [pool-57-thread-1] INFO  server.RaftServerConfigKeys (ConfUtils.java:logGet(43)) - raft.server.sleep.deviation.threshold = 300 (default)
2019-09-20 05:49:56,169 [pool-57-thread-1] INFO  server.RaftServerConfigKeys (ConfUtils.java:logGet(43)) - raft.server.log.appender.install.snapshot.enabled = false (custom)
2019-09-20 05:49:56,170 [pool-57-thread-1] INFO  impl.RaftServerImpl (ServerState.java:<init>(105)) - 9b918566-8d2f-4f38-9ce1-65f5cd084216:group-E3210F522AA1 ConfigurationManager, init=-1: [9b918566-8d2f-4f38-9ce1-65f5cd084216:192.168.36.79:46843], old=null, confs=<EMPTY_MAP>
2019-09-20 05:49:56,170 [pool-57-thread-1] INFO  server.RaftServerConfigKeys (ConfUtils.java:logGet(43)) - raft.server.storage.dir = [/workdir/hadoop-ozone/integration-test/target/test-dir/MiniOzoneClusterImpl-29dd0c8c-da21-41d6-af77-5f0a65600fbb/datanode-0/data/ratis] (custom)
2019-09-20 05:49:56,170 [pool-57-thread-1] INFO  storage.RaftStorageDirectory (RaftStorageDirectory.java:analyzeStorage(246)) - The storage directory /workdir/hadoop-ozone/integration-test/target/test-dir/MiniOzoneClusterImpl-29dd0c8c-da21-41d6-af77-5f0a65600fbb/datanode-0/data/ratis/1097fffe-6781-4855-a6c0-e3210f522aa1 does not exist. Creating ...
2019-09-20 05:49:56,197 [pool-57-thread-1] INFO  storage.RaftStorageDirectory (RaftStorageDirectory.java:tryLock(328)) - Lock on /workdir/hadoop-ozone/integration-test/target/test-dir/MiniOzoneClusterImpl-29dd0c8c-da21-41d6-af77-5f0a65600fbb/datanode-0/data/ratis/1097fffe-6781-4855-a6c0-e3210f522aa1/in_use.lock acquired by nodename 6907@pr-hdds-1569-s8kj2-2266485376
2019-09-20 05:49:56,198 | INFO  | SCMAudit | user=jenkins1000 | ip=192.168.36.79 | op=SEND_HEARTBEAT {datanodeUUID=9b918566-8d2f-4f38-9ce1-65f5cd084216, command=[]} | ret=SUCCESS |  
2019-09-20 05:49:56,198 [EventQueue-IncrementalContainerReportForIncrementalContainerReportHandler] INFO  container.IncrementalContainerReportHandler (AbstractContainerReportHandler.java:updateContainerState(169)) - Moving container #6 to QUASI_CLOSED state, datanode 9b918566-8d2f-4f38-9ce1-65f5cd084216{ip: 192.168.36.79, host: pr-hdds-1569-s8kj2-2266485376, networkLocation: /default-rack, certSerialId: null} reported QUASI_CLOSED replica.
2019-09-20 05:49:56,223 [pool-57-thread-1] INFO  storage.RaftStorage (RaftStorage.java:format(72)) - Storage directory /workdir/hadoop-ozone/integration-test/target/test-dir/MiniOzoneClusterImpl-29dd0c8c-da21-41d6-af77-5f0a65600fbb/datanode-0/data/ratis/1097fffe-6781-4855-a6c0-e3210f522aa1 has been successfully formatted.
2019-09-20 05:49:56,223 [pool-57-thread-1] INFO  ratis.ContainerStateMachine (ContainerStateMachine.java:loadSnapshot(226)) - group-E3210F522AA1: The snapshot info is null. Setting the last applied indexto:(t:0, i:~)
2019-09-20 05:49:56,224 [pool-57-thread-1] INFO  server.RaftServerConfigKeys (ConfUtils.java:logGet(43)) - raft.server.leader.election.timeout = 120s (custom)
2019-09-20 05:49:56,224 [pool-57-thread-1] INFO  server.RaftServerConfigKeys (ConfUtils.java:logGet(43)) - raft.server.log.use.memory = false (default)
2019-09-20 05:49:56,224 [pool-57-thread-1] INFO  server.RaftServerConfigKeys (ConfUtils.java:logGet(43)) - raft.server.log.purge.gap = 1000000 (custom)
2019-09-20 05:49:56,224 [pool-57-thread-1] INFO  server.RaftServerConfigKeys (ConfUtils.java:logGet(43)) - raft.server.log.appender.buffer.byte-limit = 33554432 (custom)
2019-09-20 05:49:56,224 [pool-57-thread-1] INFO  server.RaftServerConfigKeys (ConfUtils.java:logGet(43)) - raft.server.log.segment.size.max = 1048576 (custom)
2019-09-20 05:49:56,224 [pool-57-thread-1] INFO  server.RaftServerConfigKeys (ConfUtils.java:logGet(43)) - raft.server.log.segment.cache.num.max = 2 (custom)
2019-09-20 05:49:56,224 [pool-57-thread-1] INFO  segmented.SegmentedRaftLogWorker (SegmentedRaftLogWorker.java:<init>(172)) - new 9b918566-8d2f-4f38-9ce1-65f5cd084216-SegmentedRaftLogWorker:Storage Directory /workdir/hadoop-ozone/integration-test/target/test-dir/MiniOzoneClusterImpl-29dd0c8c-da21-41d6-af77-5f0a65600fbb/datanode-0/data/ratis/1097fffe-6781-4855-a6c0-e3210f522aa1 for RaftStorage:Storage Directory /workdir/hadoop-ozone/integration-test/target/test-dir/MiniOzoneClusterImpl-29dd0c8c-da21-41d6-af77-5f0a65600fbb/datanode-0/data/ratis/1097fffe-6781-4855-a6c0-e3210f522aa1
2019-09-20 05:49:56,224 [pool-57-thread-1] INFO  server.RaftServerConfigKeys (ConfUtils.java:logGet(43)) - raft.server.log.queue.byte-limit = 2147483647 (custom)
2019-09-20 05:49:56,225 [pool-57-thread-1] INFO  server.RaftServerConfigKeys (ConfUtils.java:logGet(43)) - raft.server.log.queue.element-limit = 1024 (custom)
2019-09-20 05:49:56,225 [pool-57-thread-1] INFO  server.RaftServerConfigKeys (ConfUtils.java:logGet(43)) - raft.server.log.segment.size.max = 1048576 (custom)
2019-09-20 05:49:56,225 [pool-57-thread-1] INFO  server.RaftServerConfigKeys (ConfUtils.java:logGet(43)) - raft.server.log.preallocated.size = 16384 (custom)
2019-09-20 05:49:56,225 [pool-57-thread-1] INFO  server.RaftServerConfigKeys (ConfUtils.java:logGet(43)) - raft.server.log.write.buffer.size = 33554432 (custom)
2019-09-20 05:49:56,225 [pool-57-thread-1] INFO  server.RaftServerConfigKeys (ConfUtils.java:logGet(43)) - raft.server.log.force.sync.num = 128 (default)
2019-09-20 05:49:56,225 [pool-57-thread-1] INFO  server.RaftServerConfigKeys (ConfUtils.java:logGet(43)) - raft.server.log.statemachine.data.sync = true (default)
2019-09-20 05:49:56,225 [pool-57-thread-1] INFO  server.RaftServerConfigKeys (ConfUtils.java:logGet(43)) - raft.server.log.statemachine.data.sync.timeout = 10s (default)
2019-09-20 05:49:56,225 [pool-57-thread-1] INFO  server.RaftServerConfigKeys (ConfUtils.java:logGet(43)) - raft.server.log.statemachine.data.sync.timeout.retry = -1 (default)
2019-09-20 05:49:56,226 [pool-57-thread-1] INFO  server.RaftServerConfigKeys (ConfUtils.java:logGet(43)) - raft.server.log.statemachine.data.caching.enabled = true (custom)
2019-09-20 05:49:56,226 [pool-57-thread-1] INFO  segmented.SegmentedRaftLogWorker (SegmentedRaftLogWorker.java:lambda$new$0(132)) - 9b918566-8d2f-4f38-9ce1-65f5cd084216-SegmentedRaftLogWorker:Storage Directory /workdir/hadoop-ozone/integration-test/target/test-dir/MiniOzoneClusterImpl-29dd0c8c-da21-41d6-af77-5f0a65600fbb/datanode-0/data/ratis/1097fffe-6781-4855-a6c0-e3210f522aa1: flushIndex: setUnconditionally 0 -> -1
2019-09-20 05:49:56,226 [pool-57-thread-1] INFO  server.RaftServerConfigKeys (ConfUtils.java:logGet(43)) - raft.server.snapshot.auto.trigger.enabled = true (custom)
2019-09-20 05:49:56,226 [pool-57-thread-1] INFO  server.RaftServerConfigKeys (ConfUtils.java:logGet(43)) - raft.server.snapshot.auto.trigger.threshold = 1 (custom)
2019-09-20 05:49:56,226 [pool-57-thread-1] INFO  server.RaftServerConfigKeys (ConfUtils.java:logGet(43)) - raft.server.retrycache.expirytime = 600000ms (custom)
2019-09-20 05:49:56,226 [pool-57-thread-1] INFO  impl.RaftServerImpl (RaftServerImpl.java:start(180)) - 9b918566-8d2f-4f38-9ce1-65f5cd084216: start group-E3210F522AA1
2019-09-20 05:49:56,227 [pool-57-thread-1] INFO  impl.RaftServerImpl (RaftServerImpl.java:setRole(171)) - 9b918566-8d2f-4f38-9ce1-65f5cd084216:group-E3210F522AA1 changes role from null to FOLLOWER at term 0 for startAsFollower
2019-09-20 05:49:56,227 [pool-57-thread-1] INFO  impl.RoleInfo (RoleInfo.java:updateAndGet(143)) - 9b918566-8d2f-4f38-9ce1-65f5cd084216: start FollowerState
2019-09-20 05:49:56,227 [pool-57-thread-1] INFO  util.JmxRegister (JmxRegister.java:tryRegister(44)) - Successfully registered JMX Bean with object name Ratis:service=RaftServer,group=group-E3210F522AA1,id=9b918566-8d2f-4f38-9ce1-65f5cd084216
2019-09-20 05:49:56,228 [RatisPipelineUtilsThread] INFO  pipeline.PipelineStateManager (PipelineStateManager.java:addPipeline(56)) - Created pipeline Pipeline[ Id: 1097fffe-6781-4855-a6c0-e3210f522aa1, Nodes: 9b918566-8d2f-4f38-9ce1-65f5cd084216{ip: 192.168.36.79, host: pr-hdds-1569-s8kj2-2266485376, networkLocation: /default-rack, certSerialId: null}, Type:RATIS, Factor:ONE, State:OPEN]
2019-09-20 05:49:56,231 [grpc-default-executor-1] INFO  impl.RaftServerProxy (RaftServerProxy.java:addNew(89)) - 9b918566-8d2f-4f38-9ce1-65f5cd084216: addNew group-45D5C5EEFFF5:[9b918566-8d2f-4f38-9ce1-65f5cd084216:192.168.36.79:46843] returns group-45D5C5EEFFF5:java.util.concurrent.CompletableFuture@27571791[Not completed]
2019-09-20 05:49:56,232 [pool-57-thread-1] INFO  impl.RaftServerImpl (RaftServerImpl.java:<init>(93)) - 9b918566-8d2f-4f38-9ce1-65f5cd084216: new RaftServerImpl for group-45D5C5EEFFF5:[9b918566-8d2f-4f38-9ce1-65f5cd084216:192.168.36.79:46843] with ContainerStateMachine:uninitialized
2019-09-20 05:49:56,232 [pool-57-thread-1] INFO  server.RaftServerConfigKeys (ConfUtils.java:logGet(43)) - raft.server.rpc.timeout.min = 5s (custom)
2019-09-20 05:49:56,232 [pool-57-thread-1] INFO  server.RaftServerConfigKeys (ConfUtils.java:logGet(43)) - raft.server.rpc.timeout.max = 5200ms (custom)
2019-09-20 05:49:56,232 [pool-57-thread-1] INFO  server.RaftServerConfigKeys (ConfUtils.java:logGet(43)) - raft.server.rpcslowness.timeout = 120s (custom)
2019-09-20 05:49:56,233 [pool-57-thread-1] INFO  server.RaftServerConfigKeys (ConfUtils.java:logGet(43)) - raft.server.sleep.deviation.threshold = 300 (default)
2019-09-20 05:49:56,233 [pool-57-thread-1] INFO  server.RaftServerConfigKeys (ConfUtils.java:logGet(43)) - raft.server.log.appender.install.snapshot.enabled = false (custom)
2019-09-20 05:49:56,233 [pool-57-thread-1] INFO  impl.RaftServerImpl (ServerState.java:<init>(105)) - 9b918566-8d2f-4f38-9ce1-65f5cd084216:group-45D5C5EEFFF5 ConfigurationManager, init=-1: [9b918566-8d2f-4f38-9ce1-65f5cd084216:192.168.36.79:46843], old=null, confs=<EMPTY_MAP>
2019-09-20 05:49:56,233 [pool-57-thread-1] INFO  server.RaftServerConfigKeys (ConfUtils.java:logGet(43)) - raft.server.storage.dir = [/workdir/hadoop-ozone/integration-test/target/test-dir/MiniOzoneClusterImpl-29dd0c8c-da21-41d6-af77-5f0a65600fbb/datanode-0/data/ratis] (custom)
2019-09-20 05:49:56,233 [pool-57-thread-1] INFO  storage.RaftStorageDirectory (RaftStorageDirectory.java:analyzeStorage(246)) - The storage directory /workdir/hadoop-ozone/integration-test/target/test-dir/MiniOzoneClusterImpl-29dd0c8c-da21-41d6-af77-5f0a65600fbb/datanode-0/data/ratis/f9ffd708-f309-494d-97e0-45d5c5eefff5 does not exist. Creating ...
2019-09-20 05:49:56,258 [pool-57-thread-1] INFO  storage.RaftStorageDirectory (RaftStorageDirectory.java:tryLock(328)) - Lock on /workdir/hadoop-ozone/integration-test/target/test-dir/MiniOzoneClusterImpl-29dd0c8c-da21-41d6-af77-5f0a65600fbb/datanode-0/data/ratis/f9ffd708-f309-494d-97e0-45d5c5eefff5/in_use.lock acquired by nodename 6907@pr-hdds-1569-s8kj2-2266485376
2019-09-20 05:49:56,315 [pool-57-thread-1] INFO  storage.RaftStorage (RaftStorage.java:format(72)) - Storage directory /workdir/hadoop-ozone/integration-test/target/test-dir/MiniOzoneClusterImpl-29dd0c8c-da21-41d6-af77-5f0a65600fbb/datanode-0/data/ratis/f9ffd708-f309-494d-97e0-45d5c5eefff5 has been successfully formatted.
2019-09-20 05:49:56,315 [pool-57-thread-1] INFO  ratis.ContainerStateMachine (ContainerStateMachine.java:loadSnapshot(226)) - group-45D5C5EEFFF5: The snapshot info is null. Setting the last applied indexto:(t:0, i:~)
2019-09-20 05:49:56,316 [pool-57-thread-1] INFO  server.RaftServerConfigKeys (ConfUtils.java:logGet(43)) - raft.server.leader.election.timeout = 120s (custom)
2019-09-20 05:49:56,316 [pool-57-thread-1] INFO  server.RaftServerConfigKeys (ConfUtils.java:logGet(43)) - raft.server.log.use.memory = false (default)
2019-09-20 05:49:56,316 [pool-57-thread-1] INFO  server.RaftServerConfigKeys (ConfUtils.java:logGet(43)) - raft.server.log.purge.gap = 1000000 (custom)
2019-09-20 05:49:56,316 [pool-57-thread-1] INFO  server.RaftServerConfigKeys (ConfUtils.java:logGet(43)) - raft.server.log.appender.buffer.byte-limit = 33554432 (custom)
2019-09-20 05:49:56,316 [pool-57-thread-1] INFO  server.RaftServerConfigKeys (ConfUtils.java:logGet(43)) - raft.server.log.segment.size.max = 1048576 (custom)
2019-09-20 05:49:56,316 [pool-57-thread-1] INFO  server.RaftServerConfigKeys (ConfUtils.java:logGet(43)) - raft.server.log.segment.cache.num.max = 2 (custom)
2019-09-20 05:49:56,316 [pool-57-thread-1] INFO  segmented.SegmentedRaftLogWorker (SegmentedRaftLogWorker.java:<init>(172)) - new 9b918566-8d2f-4f38-9ce1-65f5cd084216-SegmentedRaftLogWorker:Storage Directory /workdir/hadoop-ozone/integration-test/target/test-dir/MiniOzoneClusterImpl-29dd0c8c-da21-41d6-af77-5f0a65600fbb/datanode-0/data/ratis/f9ffd708-f309-494d-97e0-45d5c5eefff5 for RaftStorage:Storage Directory /workdir/hadoop-ozone/integration-test/target/test-dir/MiniOzoneClusterImpl-29dd0c8c-da21-41d6-af77-5f0a65600fbb/datanode-0/data/ratis/f9ffd708-f309-494d-97e0-45d5c5eefff5
2019-09-20 05:49:56,317 [pool-57-thread-1] INFO  server.RaftServerConfigKeys (ConfUtils.java:logGet(43)) - raft.server.log.queue.byte-limit = 2147483647 (custom)
2019-09-20 05:49:56,317 [pool-57-thread-1] INFO  server.RaftServerConfigKeys (ConfUtils.java:logGet(43)) - raft.server.log.queue.element-limit = 1024 (custom)
2019-09-20 05:49:56,317 [pool-57-thread-1] INFO  server.RaftServerConfigKeys (ConfUtils.java:logGet(43)) - raft.server.log.segment.size.max = 1048576 (custom)
2019-09-20 05:49:56,317 [pool-57-thread-1] INFO  server.RaftServerConfigKeys (ConfUtils.java:logGet(43)) - raft.server.log.preallocated.size = 16384 (custom)
2019-09-20 05:49:56,317 [pool-57-thread-1] INFO  server.RaftServerConfigKeys (ConfUtils.java:logGet(43)) - raft.server.log.write.buffer.size = 33554432 (custom)
2019-09-20 05:49:56,317 [pool-57-thread-1] INFO  server.RaftServerConfigKeys (ConfUtils.java:logGet(43)) - raft.server.log.force.sync.num = 128 (default)
2019-09-20 05:49:56,317 [pool-57-thread-1] INFO  server.RaftServerConfigKeys (ConfUtils.java:logGet(43)) - raft.server.log.statemachine.data.sync = true (default)
2019-09-20 05:49:56,318 [pool-57-thread-1] INFO  server.RaftServerConfigKeys (ConfUtils.java:logGet(43)) - raft.server.log.statemachine.data.sync.timeout = 10s (default)
2019-09-20 05:49:56,318 [pool-57-thread-1] INFO  server.RaftServerConfigKeys (ConfUtils.java:logGet(43)) - raft.server.log.statemachine.data.sync.timeout.retry = -1 (default)
2019-09-20 05:49:56,318 [pool-57-thread-1] INFO  server.RaftServerConfigKeys (ConfUtils.java:logGet(43)) - raft.server.log.statemachine.data.caching.enabled = true (custom)
2019-09-20 05:49:56,318 [pool-57-thread-1] INFO  segmented.SegmentedRaftLogWorker (SegmentedRaftLogWorker.java:lambda$new$0(132)) - 9b918566-8d2f-4f38-9ce1-65f5cd084216-SegmentedRaftLogWorker:Storage Directory /workdir/hadoop-ozone/integration-test/target/test-dir/MiniOzoneClusterImpl-29dd0c8c-da21-41d6-af77-5f0a65600fbb/datanode-0/data/ratis/f9ffd708-f309-494d-97e0-45d5c5eefff5: flushIndex: setUnconditionally 0 -> -1
2019-09-20 05:49:56,319 [pool-57-thread-1] INFO  server.RaftServerConfigKeys (ConfUtils.java:logGet(43)) - raft.server.snapshot.auto.trigger.enabled = true (custom)
2019-09-20 05:49:56,319 [pool-57-thread-1] INFO  server.RaftServerConfigKeys (ConfUtils.java:logGet(43)) - raft.server.snapshot.auto.trigger.threshold = 1 (custom)
2019-09-20 05:49:56,319 [pool-57-thread-1] INFO  server.RaftServerConfigKeys (ConfUtils.java:logGet(43)) - raft.server.retrycache.expirytime = 600000ms (custom)
2019-09-20 05:49:56,319 [pool-57-thread-1] INFO  impl.RaftServerImpl (RaftServerImpl.java:start(180)) - 9b918566-8d2f-4f38-9ce1-65f5cd084216: start group-45D5C5EEFFF5
2019-09-20 05:49:56,319 [pool-57-thread-1] INFO  impl.RaftServerImpl (RaftServerImpl.java:setRole(171)) - 9b918566-8d2f-4f38-9ce1-65f5cd084216:group-45D5C5EEFFF5 changes role from null to FOLLOWER at term 0 for startAsFollower
2019-09-20 05:49:56,319 [pool-57-thread-1] INFO  impl.RoleInfo (RoleInfo.java:updateAndGet(143)) - 9b918566-8d2f-4f38-9ce1-65f5cd084216: start FollowerState
2019-09-20 05:49:56,320 [pool-57-thread-1] INFO  util.JmxRegister (JmxRegister.java:tryRegister(44)) - Successfully registered JMX Bean with object name Ratis:service=RaftServer,group=group-45D5C5EEFFF5,id=9b918566-8d2f-4f38-9ce1-65f5cd084216
2019-09-20 05:49:56,322 [RatisPipelineUtilsThread] INFO  pipeline.PipelineStateManager (PipelineStateManager.java:addPipeline(56)) - Created pipeline Pipeline[ Id: f9ffd708-f309-494d-97e0-45d5c5eefff5, Nodes: 9b918566-8d2f-4f38-9ce1-65f5cd084216{ip: 192.168.36.79, host: pr-hdds-1569-s8kj2-2266485376, networkLocation: /default-rack, certSerialId: null}, Type:RATIS, Factor:ONE, State:OPEN]
2019-09-20 05:49:56,324 [grpc-default-executor-1] INFO  impl.RaftServerProxy (RaftServerProxy.java:addNew(89)) - 9b918566-8d2f-4f38-9ce1-65f5cd084216: addNew group-4E912F4515C8:[9b918566-8d2f-4f38-9ce1-65f5cd084216:192.168.36.79:46843] returns group-4E912F4515C8:java.util.concurrent.CompletableFuture@70fdff53[Not completed]
2019-09-20 05:49:56,325 [pool-57-thread-1] INFO  impl.RaftServerImpl (RaftServerImpl.java:<init>(93)) - 9b918566-8d2f-4f38-9ce1-65f5cd084216: new RaftServerImpl for group-4E912F4515C8:[9b918566-8d2f-4f38-9ce1-65f5cd084216:192.168.36.79:46843] with ContainerStateMachine:uninitialized
2019-09-20 05:49:56,325 [pool-57-thread-1] INFO  server.RaftServerConfigKeys (ConfUtils.java:logGet(43)) - raft.server.rpc.timeout.min = 5s (custom)
2019-09-20 05:49:56,326 [pool-57-thread-1] INFO  server.RaftServerConfigKeys (ConfUtils.java:logGet(43)) - raft.server.rpc.timeout.max = 5200ms (custom)
2019-09-20 05:49:56,326 [pool-57-thread-1] INFO  server.RaftServerConfigKeys (ConfUtils.java:logGet(43)) - raft.server.rpcslowness.timeout = 120s (custom)
2019-09-20 05:49:56,326 [pool-57-thread-1] INFO  server.RaftServerConfigKeys (ConfUtils.java:logGet(43)) - raft.server.sleep.deviation.threshold = 300 (default)
2019-09-20 05:49:56,326 [pool-57-thread-1] INFO  server.RaftServerConfigKeys (ConfUtils.java:logGet(43)) - raft.server.log.appender.install.snapshot.enabled = false (custom)
2019-09-20 05:49:56,326 [pool-57-thread-1] INFO  impl.RaftServerImpl (ServerState.java:<init>(105)) - 9b918566-8d2f-4f38-9ce1-65f5cd084216:group-4E912F4515C8 ConfigurationManager, init=-1: [9b918566-8d2f-4f38-9ce1-65f5cd084216:192.168.36.79:46843], old=null, confs=<EMPTY_MAP>
2019-09-20 05:49:56,326 [pool-57-thread-1] INFO  server.RaftServerConfigKeys (ConfUtils.java:logGet(43)) - raft.server.storage.dir = [/workdir/hadoop-ozone/integration-test/target/test-dir/MiniOzoneClusterImpl-29dd0c8c-da21-41d6-af77-5f0a65600fbb/datanode-0/data/ratis] (custom)
2019-09-20 05:49:56,327 [pool-57-thread-1] INFO  storage.RaftStorageDirectory (RaftStorageDirectory.java:analyzeStorage(246)) - The storage directory /workdir/hadoop-ozone/integration-test/target/test-dir/MiniOzoneClusterImpl-29dd0c8c-da21-41d6-af77-5f0a65600fbb/datanode-0/data/ratis/d56abd25-5c1a-4154-bd8d-4e912f4515c8 does not exist. Creating ...
2019-09-20 05:49:56,342 [pool-57-thread-1] INFO  storage.RaftStorageDirectory (RaftStorageDirectory.java:tryLock(328)) - Lock on /workdir/hadoop-ozone/integration-test/target/test-dir/MiniOzoneClusterImpl-29dd0c8c-da21-41d6-af77-5f0a65600fbb/datanode-0/data/ratis/d56abd25-5c1a-4154-bd8d-4e912f4515c8/in_use.lock acquired by nodename 6907@pr-hdds-1569-s8kj2-2266485376
2019-09-20 05:49:56,383 [pool-57-thread-1] INFO  storage.RaftStorage (RaftStorage.java:format(72)) - Storage directory /workdir/hadoop-ozone/integration-test/target/test-dir/MiniOzoneClusterImpl-29dd0c8c-da21-41d6-af77-5f0a65600fbb/datanode-0/data/ratis/d56abd25-5c1a-4154-bd8d-4e912f4515c8 has been successfully formatted.
2019-09-20 05:49:56,384 [pool-57-thread-1] INFO  ratis.ContainerStateMachine (ContainerStateMachine.java:loadSnapshot(226)) - group-4E912F4515C8: The snapshot info is null. Setting the last applied indexto:(t:0, i:~)
2019-09-20 05:49:56,384 [pool-57-thread-1] INFO  server.RaftServerConfigKeys (ConfUtils.java:logGet(43)) - raft.server.leader.election.timeout = 120s (custom)
2019-09-20 05:49:56,384 [pool-57-thread-1] INFO  server.RaftServerConfigKeys (ConfUtils.java:logGet(43)) - raft.server.log.use.memory = false (default)
2019-09-20 05:49:56,384 [pool-57-thread-1] INFO  server.RaftServerConfigKeys (ConfUtils.java:logGet(43)) - raft.server.log.purge.gap = 1000000 (custom)
2019-09-20 05:49:56,384 [pool-57-thread-1] INFO  server.RaftServerConfigKeys (ConfUtils.java:logGet(43)) - raft.server.log.appender.buffer.byte-limit = 33554432 (custom)
2019-09-20 05:49:56,384 [pool-57-thread-1] INFO  server.RaftServerConfigKeys (ConfUtils.java:logGet(43)) - raft.server.log.segment.size.max = 1048576 (custom)
2019-09-20 05:49:56,384 [pool-57-thread-1] INFO  server.RaftServerConfigKeys (ConfUtils.java:logGet(43)) - raft.server.log.segment.cache.num.max = 2 (custom)
2019-09-20 05:49:56,384 [pool-57-thread-1] INFO  segmented.SegmentedRaftLogWorker (SegmentedRaftLogWorker.java:<init>(172)) - new 9b918566-8d2f-4f38-9ce1-65f5cd084216-SegmentedRaftLogWorker:Storage Directory /workdir/hadoop-ozone/integration-test/target/test-dir/MiniOzoneClusterImpl-29dd0c8c-da21-41d6-af77-5f0a65600fbb/datanode-0/data/ratis/d56abd25-5c1a-4154-bd8d-4e912f4515c8 for RaftStorage:Storage Directory /workdir/hadoop-ozone/integration-test/target/test-dir/MiniOzoneClusterImpl-29dd0c8c-da21-41d6-af77-5f0a65600fbb/datanode-0/data/ratis/d56abd25-5c1a-4154-bd8d-4e912f4515c8
2019-09-20 05:49:56,384 [pool-57-thread-1] INFO  server.RaftServerConfigKeys (ConfUtils.java:logGet(43)) - raft.server.log.queue.byte-limit = 2147483647 (custom)
2019-09-20 05:49:56,385 [pool-57-thread-1] INFO  server.RaftServerConfigKeys (ConfUtils.java:logGet(43)) - raft.server.log.queue.element-limit = 1024 (custom)
2019-09-20 05:49:56,385 [pool-57-thread-1] INFO  server.RaftServerConfigKeys (ConfUtils.java:logGet(43)) - raft.server.log.segment.size.max = 1048576 (custom)
2019-09-20 05:49:56,385 [pool-57-thread-1] INFO  server.RaftServerConfigKeys (ConfUtils.java:logGet(43)) - raft.server.log.preallocated.size = 16384 (custom)
2019-09-20 05:49:56,385 [pool-57-thread-1] INFO  server.RaftServerConfigKeys (ConfUtils.java:logGet(43)) - raft.server.log.write.buffer.size = 33554432 (custom)
2019-09-20 05:49:56,385 [pool-57-thread-1] INFO  server.RaftServerConfigKeys (ConfUtils.java:logGet(43)) - raft.server.log.force.sync.num = 128 (default)
2019-09-20 05:49:56,385 [pool-57-thread-1] INFO  server.RaftServerConfigKeys (ConfUtils.java:logGet(43)) - raft.server.log.statemachine.data.sync = true (default)
2019-09-20 05:49:56,385 [pool-57-thread-1] INFO  server.RaftServerConfigKeys (ConfUtils.java:logGet(43)) - raft.server.log.statemachine.data.sync.timeout = 10s (default)
2019-09-20 05:49:56,385 [pool-57-thread-1] INFO  server.RaftServerConfigKeys (ConfUtils.java:logGet(43)) - raft.server.log.statemachine.data.sync.timeout.retry = -1 (default)
2019-09-20 05:49:56,385 [pool-57-thread-1] INFO  server.RaftServerConfigKeys (ConfUtils.java:logGet(43)) - raft.server.log.statemachine.data.caching.enabled = true (custom)
2019-09-20 05:49:56,385 [pool-57-thread-1] INFO  segmented.SegmentedRaftLogWorker (SegmentedRaftLogWorker.java:lambda$new$0(132)) - 9b918566-8d2f-4f38-9ce1-65f5cd084216-SegmentedRaftLogWorker:Storage Directory /workdir/hadoop-ozone/integration-test/target/test-dir/MiniOzoneClusterImpl-29dd0c8c-da21-41d6-af77-5f0a65600fbb/datanode-0/data/ratis/d56abd25-5c1a-4154-bd8d-4e912f4515c8: flushIndex: setUnconditionally 0 -> -1
2019-09-20 05:49:56,386 [pool-57-thread-1] INFO  server.RaftServerConfigKeys (ConfUtils.java:logGet(43)) - raft.server.snapshot.auto.trigger.enabled = true (custom)
2019-09-20 05:49:56,386 [pool-57-thread-1] INFO  server.RaftServerConfigKeys (ConfUtils.java:logGet(43)) - raft.server.snapshot.auto.trigger.threshold = 1 (custom)
2019-09-20 05:49:56,386 [pool-57-thread-1] INFO  server.RaftServerConfigKeys (ConfUtils.java:logGet(43)) - raft.server.retrycache.expirytime = 600000ms (custom)
2019-09-20 05:49:56,386 [pool-57-thread-1] INFO  impl.RaftServerImpl (RaftServerImpl.java:start(180)) - 9b918566-8d2f-4f38-9ce1-65f5cd084216: start group-4E912F4515C8
2019-09-20 05:49:56,386 [pool-57-thread-1] INFO  impl.RaftServerImpl (RaftServerImpl.java:setRole(171)) - 9b918566-8d2f-4f38-9ce1-65f5cd084216:group-4E912F4515C8 changes role from null to FOLLOWER at term 0 for startAsFollower
2019-09-20 05:49:56,386 [pool-57-thread-1] INFO  impl.RoleInfo (RoleInfo.java:updateAndGet(143)) - 9b918566-8d2f-4f38-9ce1-65f5cd084216: start FollowerState
2019-09-20 05:49:56,386 [pool-57-thread-1] INFO  util.JmxRegister (JmxRegister.java:tryRegister(44)) - Successfully registered JMX Bean with object name Ratis:service=RaftServer,group=group-4E912F4515C8,id=9b918566-8d2f-4f38-9ce1-65f5cd084216
2019-09-20 05:49:56,388 [RatisPipelineUtilsThread] INFO  pipeline.PipelineStateManager (PipelineStateManager.java:addPipeline(56)) - Created pipeline Pipeline[ Id: d56abd25-5c1a-4154-bd8d-4e912f4515c8, Nodes: 9b918566-8d2f-4f38-9ce1-65f5cd084216{ip: 192.168.36.79, host: pr-hdds-1569-s8kj2-2266485376, networkLocation: /default-rack, certSerialId: null}, Type:RATIS, Factor:ONE, State:OPEN]
2019-09-20 05:49:56,391 [grpc-default-executor-1] INFO  impl.RaftServerProxy (RaftServerProxy.java:addNew(89)) - 9b918566-8d2f-4f38-9ce1-65f5cd084216: addNew group-030975F01309:[9b918566-8d2f-4f38-9ce1-65f5cd084216:192.168.36.79:46843] returns group-030975F01309:java.util.concurrent.CompletableFuture@75bfcf65[Not completed]
2019-09-20 05:49:56,391 [pool-57-thread-1] INFO  impl.RaftServerImpl (RaftServerImpl.java:<init>(93)) - 9b918566-8d2f-4f38-9ce1-65f5cd084216: new RaftServerImpl for group-030975F01309:[9b918566-8d2f-4f38-9ce1-65f5cd084216:192.168.36.79:46843] with ContainerStateMachine:uninitialized
2019-09-20 05:49:56,391 [pool-57-thread-1] INFO  server.RaftServerConfigKeys (ConfUtils.java:logGet(43)) - raft.server.rpc.timeout.min = 5s (custom)
2019-09-20 05:49:56,391 [pool-57-thread-1] INFO  server.RaftServerConfigKeys (ConfUtils.java:logGet(43)) - raft.server.rpc.timeout.max = 5200ms (custom)
2019-09-20 05:49:56,391 [pool-57-thread-1] INFO  server.RaftServerConfigKeys (ConfUtils.java:logGet(43)) - raft.server.rpcslowness.timeout = 120s (custom)
2019-09-20 05:49:56,391 [pool-57-thread-1] INFO  server.RaftServerConfigKeys (ConfUtils.java:logGet(43)) - raft.server.sleep.deviation.threshold = 300 (default)
2019-09-20 05:49:56,391 [pool-57-thread-1] INFO  server.RaftServerConfigKeys (ConfUtils.java:logGet(43)) - raft.server.log.appender.install.snapshot.enabled = false (custom)
2019-09-20 05:49:56,391 [pool-57-thread-1] INFO  impl.RaftServerImpl (ServerState.java:<init>(105)) - 9b918566-8d2f-4f38-9ce1-65f5cd084216:group-030975F01309 ConfigurationManager, init=-1: [9b918566-8d2f-4f38-9ce1-65f5cd084216:192.168.36.79:46843], old=null, confs=<EMPTY_MAP>
2019-09-20 05:49:56,392 [pool-57-thread-1] INFO  server.RaftServerConfigKeys (ConfUtils.java:logGet(43)) - raft.server.storage.dir = [/workdir/hadoop-ozone/integration-test/target/test-dir/MiniOzoneClusterImpl-29dd0c8c-da21-41d6-af77-5f0a65600fbb/datanode-0/data/ratis] (custom)
2019-09-20 05:49:56,392 [pool-57-thread-1] INFO  storage.RaftStorageDirectory (RaftStorageDirectory.java:analyzeStorage(246)) - The storage directory /workdir/hadoop-ozone/integration-test/target/test-dir/MiniOzoneClusterImpl-29dd0c8c-da21-41d6-af77-5f0a65600fbb/datanode-0/data/ratis/f38fbdd8-1648-4d25-a929-030975f01309 does not exist. Creating ...
2019-09-20 05:49:56,399 | INFO  | SCMAudit | user=jenkins1000 | ip=192.168.36.79 | op=SEND_HEARTBEAT {datanodeUUID=9b918566-8d2f-4f38-9ce1-65f5cd084216, command=[]} | ret=SUCCESS |  
2019-09-20 05:49:56,411 [pool-57-thread-1] INFO  storage.RaftStorageDirectory (RaftStorageDirectory.java:tryLock(328)) - Lock on /workdir/hadoop-ozone/integration-test/target/test-dir/MiniOzoneClusterImpl-29dd0c8c-da21-41d6-af77-5f0a65600fbb/datanode-0/data/ratis/f38fbdd8-1648-4d25-a929-030975f01309/in_use.lock acquired by nodename 6907@pr-hdds-1569-s8kj2-2266485376
2019-09-20 05:49:56,445 [pool-57-thread-1] INFO  storage.RaftStorage (RaftStorage.java:format(72)) - Storage directory /workdir/hadoop-ozone/integration-test/target/test-dir/MiniOzoneClusterImpl-29dd0c8c-da21-41d6-af77-5f0a65600fbb/datanode-0/data/ratis/f38fbdd8-1648-4d25-a929-030975f01309 has been successfully formatted.
2019-09-20 05:49:56,446 [pool-57-thread-1] INFO  ratis.ContainerStateMachine (ContainerStateMachine.java:loadSnapshot(226)) - group-030975F01309: The snapshot info is null. Setting the last applied indexto:(t:0, i:~)
2019-09-20 05:49:56,446 [pool-57-thread-1] INFO  server.RaftServerConfigKeys (ConfUtils.java:logGet(43)) - raft.server.leader.election.timeout = 120s (custom)
2019-09-20 05:49:56,446 [pool-57-thread-1] INFO  server.RaftServerConfigKeys (ConfUtils.java:logGet(43)) - raft.server.log.use.memory = false (default)
2019-09-20 05:49:56,446 [pool-57-thread-1] INFO  server.RaftServerConfigKeys (ConfUtils.java:logGet(43)) - raft.server.log.purge.gap = 1000000 (custom)
2019-09-20 05:49:56,446 [pool-57-thread-1] INFO  server.RaftServerConfigKeys (ConfUtils.java:logGet(43)) - raft.server.log.appender.buffer.byte-limit = 33554432 (custom)
2019-09-20 05:49:56,446 [pool-57-thread-1] INFO  server.RaftServerConfigKeys (ConfUtils.java:logGet(43)) - raft.server.log.segment.size.max = 1048576 (custom)
2019-09-20 05:49:56,446 [pool-57-thread-1] INFO  server.RaftServerConfigKeys (ConfUtils.java:logGet(43)) - raft.server.log.segment.cache.num.max = 2 (custom)
2019-09-20 05:49:56,447 [pool-57-thread-1] INFO  segmented.SegmentedRaftLogWorker (SegmentedRaftLogWorker.java:<init>(172)) - new 9b918566-8d2f-4f38-9ce1-65f5cd084216-SegmentedRaftLogWorker:Storage Directory /workdir/hadoop-ozone/integration-test/target/test-dir/MiniOzoneClusterImpl-29dd0c8c-da21-41d6-af77-5f0a65600fbb/datanode-0/data/ratis/f38fbdd8-1648-4d25-a929-030975f01309 for RaftStorage:Storage Directory /workdir/hadoop-ozone/integration-test/target/test-dir/MiniOzoneClusterImpl-29dd0c8c-da21-41d6-af77-5f0a65600fbb/datanode-0/data/ratis/f38fbdd8-1648-4d25-a929-030975f01309
2019-09-20 05:49:56,447 [pool-57-thread-1] INFO  server.RaftServerConfigKeys (ConfUtils.java:logGet(43)) - raft.server.log.queue.byte-limit = 2147483647 (custom)
2019-09-20 05:49:56,447 [pool-57-thread-1] INFO  server.RaftServerConfigKeys (ConfUtils.java:logGet(43)) - raft.server.log.queue.element-limit = 1024 (custom)
2019-09-20 05:49:56,447 [pool-57-thread-1] INFO  server.RaftServerConfigKeys (ConfUtils.java:logGet(43)) - raft.server.log.segment.size.max = 1048576 (custom)
2019-09-20 05:49:56,447 [pool-57-thread-1] INFO  server.RaftServerConfigKeys (ConfUtils.java:logGet(43)) - raft.server.log.preallocated.size = 16384 (custom)
2019-09-20 05:49:56,447 [pool-57-thread-1] INFO  server.RaftServerConfigKeys (ConfUtils.java:logGet(43)) - raft.server.log.write.buffer.size = 33554432 (custom)
2019-09-20 05:49:56,447 [pool-57-thread-1] INFO  server.RaftServerConfigKeys (ConfUtils.java:logGet(43)) - raft.server.log.force.sync.num = 128 (default)
2019-09-20 05:49:56,447 [pool-57-thread-1] INFO  server.RaftServerConfigKeys (ConfUtils.java:logGet(43)) - raft.server.log.statemachine.data.sync = true (default)
2019-09-20 05:49:56,448 [pool-57-thread-1] INFO  server.RaftServerConfigKeys (ConfUtils.java:logGet(43)) - raft.server.log.statemachine.data.sync.timeout = 10s (default)
2019-09-20 05:49:56,448 [pool-57-thread-1] INFO  server.RaftServerConfigKeys (ConfUtils.java:logGet(43)) - raft.server.log.statemachine.data.sync.timeout.retry = -1 (default)
2019-09-20 05:49:56,448 [pool-57-thread-1] INFO  server.RaftServerConfigKeys (ConfUtils.java:logGet(43)) - raft.server.log.statemachine.data.caching.enabled = true (custom)
2019-09-20 05:49:56,448 [pool-57-thread-1] INFO  segmented.SegmentedRaftLogWorker (SegmentedRaftLogWorker.java:lambda$new$0(132)) - 9b918566-8d2f-4f38-9ce1-65f5cd084216-SegmentedRaftLogWorker:Storage Directory /workdir/hadoop-ozone/integration-test/target/test-dir/MiniOzoneClusterImpl-29dd0c8c-da21-41d6-af77-5f0a65600fbb/datanode-0/data/ratis/f38fbdd8-1648-4d25-a929-030975f01309: flushIndex: setUnconditionally 0 -> -1
2019-09-20 05:49:56,448 [pool-57-thread-1] INFO  server.RaftServerConfigKeys (ConfUtils.java:logGet(43)) - raft.server.snapshot.auto.trigger.enabled = true (custom)
2019-09-20 05:49:56,449 [pool-57-thread-1] INFO  server.RaftServerConfigKeys (ConfUtils.java:logGet(43)) - raft.server.snapshot.auto.trigger.threshold = 1 (custom)
2019-09-20 05:49:56,449 [pool-57-thread-1] INFO  server.RaftServerConfigKeys (ConfUtils.java:logGet(43)) - raft.server.retrycache.expirytime = 600000ms (custom)
2019-09-20 05:49:56,449 [pool-57-thread-1] INFO  impl.RaftServerImpl (RaftServerImpl.java:start(180)) - 9b918566-8d2f-4f38-9ce1-65f5cd084216: start group-030975F01309
2019-09-20 05:49:56,449 [pool-57-thread-1] INFO  impl.RaftServerImpl (RaftServerImpl.java:setRole(171)) - 9b918566-8d2f-4f38-9ce1-65f5cd084216:group-030975F01309 changes role from null to FOLLOWER at term 0 for startAsFollower
2019-09-20 05:49:56,449 [pool-57-thread-1] INFO  impl.RoleInfo (RoleInfo.java:updateAndGet(143)) - 9b918566-8d2f-4f38-9ce1-65f5cd084216: start FollowerState
2019-09-20 05:49:56,449 [pool-57-thread-1] INFO  util.JmxRegister (JmxRegister.java:tryRegister(44)) - Successfully registered JMX Bean with object name Ratis:service=RaftServer,group=group-030975F01309,id=9b918566-8d2f-4f38-9ce1-65f5cd084216
2019-09-20 05:49:56,451 [RatisPipelineUtilsThread] INFO  pipeline.PipelineStateManager (PipelineStateManager.java:addPipeline(56)) - Created pipeline Pipeline[ Id: f38fbdd8-1648-4d25-a929-030975f01309, Nodes: 9b918566-8d2f-4f38-9ce1-65f5cd084216{ip: 192.168.36.79, host: pr-hdds-1569-s8kj2-2266485376, networkLocation: /default-rack, certSerialId: null}, Type:RATIS, Factor:ONE, State:OPEN]
2019-09-20 05:49:56,454 [grpc-default-executor-1] INFO  impl.RaftServerProxy (RaftServerProxy.java:addNew(89)) - 9b918566-8d2f-4f38-9ce1-65f5cd084216: addNew group-8EE7CFF0EA7D:[9b918566-8d2f-4f38-9ce1-65f5cd084216:192.168.36.79:46843] returns group-8EE7CFF0EA7D:java.util.concurrent.CompletableFuture@7c295df1[Not completed]
2019-09-20 05:49:56,454 [pool-57-thread-1] INFO  impl.RaftServerImpl (RaftServerImpl.java:<init>(93)) - 9b918566-8d2f-4f38-9ce1-65f5cd084216: new RaftServerImpl for group-8EE7CFF0EA7D:[9b918566-8d2f-4f38-9ce1-65f5cd084216:192.168.36.79:46843] with ContainerStateMachine:uninitialized
2019-09-20 05:49:56,454 [pool-57-thread-1] INFO  server.RaftServerConfigKeys (ConfUtils.java:logGet(43)) - raft.server.rpc.timeout.min = 5s (custom)
2019-09-20 05:49:56,454 [pool-57-thread-1] INFO  server.RaftServerConfigKeys (ConfUtils.java:logGet(43)) - raft.server.rpc.timeout.max = 5200ms (custom)
2019-09-20 05:49:56,455 [pool-57-thread-1] INFO  server.RaftServerConfigKeys (ConfUtils.java:logGet(43)) - raft.server.rpcslowness.timeout = 120s (custom)
2019-09-20 05:49:56,455 [pool-57-thread-1] INFO  server.RaftServerConfigKeys (ConfUtils.java:logGet(43)) - raft.server.sleep.deviation.threshold = 300 (default)
2019-09-20 05:49:56,455 [pool-57-thread-1] INFO  server.RaftServerConfigKeys (ConfUtils.java:logGet(43)) - raft.server.log.appender.install.snapshot.enabled = false (custom)
2019-09-20 05:49:56,455 [pool-57-thread-1] INFO  impl.RaftServerImpl (ServerState.java:<init>(105)) - 9b918566-8d2f-4f38-9ce1-65f5cd084216:group-8EE7CFF0EA7D ConfigurationManager, init=-1: [9b918566-8d2f-4f38-9ce1-65f5cd084216:192.168.36.79:46843], old=null, confs=<EMPTY_MAP>
2019-09-20 05:49:56,455 [pool-57-thread-1] INFO  server.RaftServerConfigKeys (ConfUtils.java:logGet(43)) - raft.server.storage.dir = [/workdir/hadoop-ozone/integration-test/target/test-dir/MiniOzoneClusterImpl-29dd0c8c-da21-41d6-af77-5f0a65600fbb/datanode-0/data/ratis] (custom)
2019-09-20 05:49:56,455 [pool-57-thread-1] INFO  storage.RaftStorageDirectory (RaftStorageDirectory.java:analyzeStorage(246)) - The storage directory /workdir/hadoop-ozone/integration-test/target/test-dir/MiniOzoneClusterImpl-29dd0c8c-da21-41d6-af77-5f0a65600fbb/datanode-0/data/ratis/8de0db89-345a-4646-a73c-8ee7cff0ea7d does not exist. Creating ...
2019-09-20 05:49:56,482 [pool-57-thread-1] INFO  storage.RaftStorageDirectory (RaftStorageDirectory.java:tryLock(328)) - Lock on /workdir/hadoop-ozone/integration-test/target/test-dir/MiniOzoneClusterImpl-29dd0c8c-da21-41d6-af77-5f0a65600fbb/datanode-0/data/ratis/8de0db89-345a-4646-a73c-8ee7cff0ea7d/in_use.lock acquired by nodename 6907@pr-hdds-1569-s8kj2-2266485376
2019-09-20 05:49:56,501 [pool-57-thread-1] INFO  storage.RaftStorage (RaftStorage.java:format(72)) - Storage directory /workdir/hadoop-ozone/integration-test/target/test-dir/MiniOzoneClusterImpl-29dd0c8c-da21-41d6-af77-5f0a65600fbb/datanode-0/data/ratis/8de0db89-345a-4646-a73c-8ee7cff0ea7d has been successfully formatted.
2019-09-20 05:49:56,502 [pool-57-thread-1] INFO  ratis.ContainerStateMachine (ContainerStateMachine.java:loadSnapshot(226)) - group-8EE7CFF0EA7D: The snapshot info is null. Setting the last applied indexto:(t:0, i:~)
2019-09-20 05:49:56,502 [pool-57-thread-1] INFO  server.RaftServerConfigKeys (ConfUtils.java:logGet(43)) - raft.server.leader.election.timeout = 120s (custom)
2019-09-20 05:49:56,502 [pool-57-thread-1] INFO  server.RaftServerConfigKeys (ConfUtils.java:logGet(43)) - raft.server.log.use.memory = false (default)
2019-09-20 05:49:56,502 [pool-57-thread-1] INFO  server.RaftServerConfigKeys (ConfUtils.java:logGet(43)) - raft.server.log.purge.gap = 1000000 (custom)
2019-09-20 05:49:56,502 [pool-57-thread-1] INFO  server.RaftServerConfigKeys (ConfUtils.java:logGet(43)) - raft.server.log.appender.buffer.byte-limit = 33554432 (custom)
2019-09-20 05:49:56,502 [pool-57-thread-1] INFO  server.RaftServerConfigKeys (ConfUtils.java:logGet(43)) - raft.server.log.segment.size.max = 1048576 (custom)
2019-09-20 05:49:56,502 [pool-57-thread-1] INFO  server.RaftServerConfigKeys (ConfUtils.java:logGet(43)) - raft.server.log.segment.cache.num.max = 2 (custom)
2019-09-20 05:49:56,502 [pool-57-thread-1] INFO  segmented.SegmentedRaftLogWorker (SegmentedRaftLogWorker.java:<init>(172)) - new 9b918566-8d2f-4f38-9ce1-65f5cd084216-SegmentedRaftLogWorker:Storage Directory /workdir/hadoop-ozone/integration-test/target/test-dir/MiniOzoneClusterImpl-29dd0c8c-da21-41d6-af77-5f0a65600fbb/datanode-0/data/ratis/8de0db89-345a-4646-a73c-8ee7cff0ea7d for RaftStorage:Storage Directory /workdir/hadoop-ozone/integration-test/target/test-dir/MiniOzoneClusterImpl-29dd0c8c-da21-41d6-af77-5f0a65600fbb/datanode-0/data/ratis/8de0db89-345a-4646-a73c-8ee7cff0ea7d
2019-09-20 05:49:56,502 [pool-57-thread-1] INFO  server.RaftServerConfigKeys (ConfUtils.java:logGet(43)) - raft.server.log.queue.byte-limit = 2147483647 (custom)
2019-09-20 05:49:56,503 [pool-57-thread-1] INFO  server.RaftServerConfigKeys (ConfUtils.java:logGet(43)) - raft.server.log.queue.element-limit = 1024 (custom)
2019-09-20 05:49:56,503 [pool-57-thread-1] INFO  server.RaftServerConfigKeys (ConfUtils.java:logGet(43)) - raft.server.log.segment.size.max = 1048576 (custom)
2019-09-20 05:49:56,503 [pool-57-thread-1] INFO  server.RaftServerConfigKeys (ConfUtils.java:logGet(43)) - raft.server.log.preallocated.size = 16384 (custom)
2019-09-20 05:49:56,503 [pool-57-thread-1] INFO  server.RaftServerConfigKeys (ConfUtils.java:logGet(43)) - raft.server.log.write.buffer.size = 33554432 (custom)
2019-09-20 05:49:56,503 [pool-57-thread-1] INFO  server.RaftServerConfigKeys (ConfUtils.java:logGet(43)) - raft.server.log.force.sync.num = 128 (default)
2019-09-20 05:49:56,503 [pool-57-thread-1] INFO  server.RaftServerConfigKeys (ConfUtils.java:logGet(43)) - raft.server.log.statemachine.data.sync = true (default)
2019-09-20 05:49:56,503 [pool-57-thread-1] INFO  server.RaftServerConfigKeys (ConfUtils.java:logGet(43)) - raft.server.log.statemachine.data.sync.timeout = 10s (default)
2019-09-20 05:49:56,503 [pool-57-thread-1] INFO  server.RaftServerConfigKeys (ConfUtils.java:logGet(43)) - raft.server.log.statemachine.data.sync.timeout.retry = -1 (default)
2019-09-20 05:49:56,503 [pool-57-thread-1] INFO  server.RaftServerConfigKeys (ConfUtils.java:logGet(43)) - raft.server.log.statemachine.data.caching.enabled = true (custom)
2019-09-20 05:49:56,504 [pool-57-thread-1] INFO  segmented.SegmentedRaftLogWorker (SegmentedRaftLogWorker.java:lambda$new$0(132)) - 9b918566-8d2f-4f38-9ce1-65f5cd084216-SegmentedRaftLogWorker:Storage Directory /workdir/hadoop-ozone/integration-test/target/test-dir/MiniOzoneClusterImpl-29dd0c8c-da21-41d6-af77-5f0a65600fbb/datanode-0/data/ratis/8de0db89-345a-4646-a73c-8ee7cff0ea7d: flushIndex: setUnconditionally 0 -> -1
2019-09-20 05:49:56,504 [pool-57-thread-1] INFO  server.RaftServerConfigKeys (ConfUtils.java:logGet(43)) - raft.server.snapshot.auto.trigger.enabled = true (custom)
2019-09-20 05:49:56,504 [pool-57-thread-1] INFO  server.RaftServerConfigKeys (ConfUtils.java:logGet(43)) - raft.server.snapshot.auto.trigger.threshold = 1 (custom)
2019-09-20 05:49:56,504 [pool-57-thread-1] INFO  server.RaftServerConfigKeys (ConfUtils.java:logGet(43)) - raft.server.retrycache.expirytime = 600000ms (custom)
2019-09-20 05:49:56,504 [pool-57-thread-1] INFO  impl.RaftServerImpl (RaftServerImpl.java:start(180)) - 9b918566-8d2f-4f38-9ce1-65f5cd084216: start group-8EE7CFF0EA7D
2019-09-20 05:49:56,504 [pool-57-thread-1] INFO  impl.RaftServerImpl (RaftServerImpl.java:setRole(171)) - 9b918566-8d2f-4f38-9ce1-65f5cd084216:group-8EE7CFF0EA7D changes role from null to FOLLOWER at term 0 for startAsFollower
2019-09-20 05:49:56,504 [pool-57-thread-1] INFO  impl.RoleInfo (RoleInfo.java:updateAndGet(143)) - 9b918566-8d2f-4f38-9ce1-65f5cd084216: start FollowerState
2019-09-20 05:49:56,505 [pool-57-thread-1] INFO  util.JmxRegister (JmxRegister.java:tryRegister(44)) - Successfully registered JMX Bean with object name Ratis:service=RaftServer,group=group-8EE7CFF0EA7D,id=9b918566-8d2f-4f38-9ce1-65f5cd084216
2019-09-20 05:49:56,506 [RatisPipelineUtilsThread] INFO  pipeline.PipelineStateManager (PipelineStateManager.java:addPipeline(56)) - Created pipeline Pipeline[ Id: 8de0db89-345a-4646-a73c-8ee7cff0ea7d, Nodes: 9b918566-8d2f-4f38-9ce1-65f5cd084216{ip: 192.168.36.79, host: pr-hdds-1569-s8kj2-2266485376, networkLocation: /default-rack, certSerialId: null}, Type:RATIS, Factor:ONE, State:OPEN]
2019-09-20 05:49:56,509 [grpc-default-executor-1] INFO  impl.RaftServerProxy (RaftServerProxy.java:addNew(89)) - 9b918566-8d2f-4f38-9ce1-65f5cd084216: addNew group-184DA0D1CC24:[9b918566-8d2f-4f38-9ce1-65f5cd084216:192.168.36.79:46843] returns group-184DA0D1CC24:java.util.concurrent.CompletableFuture@40ab240e[Not completed]
2019-09-20 05:49:56,510 [pool-57-thread-1] INFO  impl.RaftServerImpl (RaftServerImpl.java:<init>(93)) - 9b918566-8d2f-4f38-9ce1-65f5cd084216: new RaftServerImpl for group-184DA0D1CC24:[9b918566-8d2f-4f38-9ce1-65f5cd084216:192.168.36.79:46843] with ContainerStateMachine:uninitialized
2019-09-20 05:49:56,510 [pool-57-thread-1] INFO  server.RaftServerConfigKeys (ConfUtils.java:logGet(43)) - raft.server.rpc.timeout.min = 5s (custom)
2019-09-20 05:49:56,510 [pool-57-thread-1] INFO  server.RaftServerConfigKeys (ConfUtils.java:logGet(43)) - raft.server.rpc.timeout.max = 5200ms (custom)
2019-09-20 05:49:56,510 [pool-57-thread-1] INFO  server.RaftServerConfigKeys (ConfUtils.java:logGet(43)) - raft.server.rpcslowness.timeout = 120s (custom)
2019-09-20 05:49:56,510 [pool-57-thread-1] INFO  server.RaftServerConfigKeys (ConfUtils.java:logGet(43)) - raft.server.sleep.deviation.threshold = 300 (default)
2019-09-20 05:49:56,510 [pool-57-thread-1] INFO  server.RaftServerConfigKeys (ConfUtils.java:logGet(43)) - raft.server.log.appender.install.snapshot.enabled = false (custom)
2019-09-20 05:49:56,510 [pool-57-thread-1] INFO  impl.RaftServerImpl (ServerState.java:<init>(105)) - 9b918566-8d2f-4f38-9ce1-65f5cd084216:group-184DA0D1CC24 ConfigurationManager, init=-1: [9b918566-8d2f-4f38-9ce1-65f5cd084216:192.168.36.79:46843], old=null, confs=<EMPTY_MAP>
2019-09-20 05:49:56,510 [pool-57-thread-1] INFO  server.RaftServerConfigKeys (ConfUtils.java:logGet(43)) - raft.server.storage.dir = [/workdir/hadoop-ozone/integration-test/target/test-dir/MiniOzoneClusterImpl-29dd0c8c-da21-41d6-af77-5f0a65600fbb/datanode-0/data/ratis] (custom)
2019-09-20 05:49:56,511 [pool-57-thread-1] INFO  storage.RaftStorageDirectory (RaftStorageDirectory.java:analyzeStorage(246)) - The storage directory /workdir/hadoop-ozone/integration-test/target/test-dir/MiniOzoneClusterImpl-29dd0c8c-da21-41d6-af77-5f0a65600fbb/datanode-0/data/ratis/8114d5d4-473c-4afa-9a22-184da0d1cc24 does not exist. Creating ...
2019-09-20 05:49:56,534 [pool-57-thread-1] INFO  storage.RaftStorageDirectory (RaftStorageDirectory.java:tryLock(328)) - Lock on /workdir/hadoop-ozone/integration-test/target/test-dir/MiniOzoneClusterImpl-29dd0c8c-da21-41d6-af77-5f0a65600fbb/datanode-0/data/ratis/8114d5d4-473c-4afa-9a22-184da0d1cc24/in_use.lock acquired by nodename 6907@pr-hdds-1569-s8kj2-2266485376
2019-09-20 05:49:56,549 [pool-57-thread-1] INFO  storage.RaftStorage (RaftStorage.java:format(72)) - Storage directory /workdir/hadoop-ozone/integration-test/target/test-dir/MiniOzoneClusterImpl-29dd0c8c-da21-41d6-af77-5f0a65600fbb/datanode-0/data/ratis/8114d5d4-473c-4afa-9a22-184da0d1cc24 has been successfully formatted.
2019-09-20 05:49:56,549 [pool-57-thread-1] INFO  ratis.ContainerStateMachine (ContainerStateMachine.java:loadSnapshot(226)) - group-184DA0D1CC24: The snapshot info is null. Setting the last applied indexto:(t:0, i:~)
2019-09-20 05:49:56,549 [pool-57-thread-1] INFO  server.RaftServerConfigKeys (ConfUtils.java:logGet(43)) - raft.server.leader.election.timeout = 120s (custom)
2019-09-20 05:49:56,549 [pool-57-thread-1] INFO  server.RaftServerConfigKeys (ConfUtils.java:logGet(43)) - raft.server.log.use.memory = false (default)
2019-09-20 05:49:56,550 [pool-57-thread-1] INFO  server.RaftServerConfigKeys (ConfUtils.java:logGet(43)) - raft.server.log.purge.gap = 1000000 (custom)
2019-09-20 05:49:56,550 [pool-57-thread-1] INFO  server.RaftServerConfigKeys (ConfUtils.java:logGet(43)) - raft.server.log.appender.buffer.byte-limit = 33554432 (custom)
2019-09-20 05:49:56,550 [pool-57-thread-1] INFO  server.RaftServerConfigKeys (ConfUtils.java:logGet(43)) - raft.server.log.segment.size.max = 1048576 (custom)
2019-09-20 05:49:56,550 [pool-57-thread-1] INFO  server.RaftServerConfigKeys (ConfUtils.java:logGet(43)) - raft.server.log.segment.cache.num.max = 2 (custom)
2019-09-20 05:49:56,550 [pool-57-thread-1] INFO  segmented.SegmentedRaftLogWorker (SegmentedRaftLogWorker.java:<init>(172)) - new 9b918566-8d2f-4f38-9ce1-65f5cd084216-SegmentedRaftLogWorker:Storage Directory /workdir/hadoop-ozone/integration-test/target/test-dir/MiniOzoneClusterImpl-29dd0c8c-da21-41d6-af77-5f0a65600fbb/datanode-0/data/ratis/8114d5d4-473c-4afa-9a22-184da0d1cc24 for RaftStorage:Storage Directory /workdir/hadoop-ozone/integration-test/target/test-dir/MiniOzoneClusterImpl-29dd0c8c-da21-41d6-af77-5f0a65600fbb/datanode-0/data/ratis/8114d5d4-473c-4afa-9a22-184da0d1cc24
2019-09-20 05:49:56,550 [pool-57-thread-1] INFO  server.RaftServerConfigKeys (ConfUtils.java:logGet(43)) - raft.server.log.queue.byte-limit = 2147483647 (custom)
2019-09-20 05:49:56,550 [pool-57-thread-1] INFO  server.RaftServerConfigKeys (ConfUtils.java:logGet(43)) - raft.server.log.queue.element-limit = 1024 (custom)
2019-09-20 05:49:56,550 [pool-57-thread-1] INFO  server.RaftServerConfigKeys (ConfUtils.java:logGet(43)) - raft.server.log.segment.size.max = 1048576 (custom)
2019-09-20 05:49:56,550 [pool-57-thread-1] INFO  server.RaftServerConfigKeys (ConfUtils.java:logGet(43)) - raft.server.log.preallocated.size = 16384 (custom)
2019-09-20 05:49:56,550 [pool-57-thread-1] INFO  server.RaftServerConfigKeys (ConfUtils.java:logGet(43)) - raft.server.log.write.buffer.size = 33554432 (custom)
2019-09-20 05:49:56,551 [pool-57-thread-1] INFO  server.RaftServerConfigKeys (ConfUtils.java:logGet(43)) - raft.server.log.force.sync.num = 128 (default)
2019-09-20 05:49:56,551 [pool-57-thread-1] INFO  server.RaftServerConfigKeys (ConfUtils.java:logGet(43)) - raft.server.log.statemachine.data.sync = true (default)
2019-09-20 05:49:56,551 [pool-57-thread-1] INFO  server.RaftServerConfigKeys (ConfUtils.java:logGet(43)) - raft.server.log.statemachine.data.sync.timeout = 10s (default)
2019-09-20 05:49:56,551 [pool-57-thread-1] INFO  server.RaftServerConfigKeys (ConfUtils.java:logGet(43)) - raft.server.log.statemachine.data.sync.timeout.retry = -1 (default)
2019-09-20 05:49:56,551 [pool-57-thread-1] INFO  server.RaftServerConfigKeys (ConfUtils.java:logGet(43)) - raft.server.log.statemachine.data.caching.enabled = true (custom)
2019-09-20 05:49:56,551 [pool-57-thread-1] INFO  segmented.SegmentedRaftLogWorker (SegmentedRaftLogWorker.java:lambda$new$0(132)) - 9b918566-8d2f-4f38-9ce1-65f5cd084216-SegmentedRaftLogWorker:Storage Directory /workdir/hadoop-ozone/integration-test/target/test-dir/MiniOzoneClusterImpl-29dd0c8c-da21-41d6-af77-5f0a65600fbb/datanode-0/data/ratis/8114d5d4-473c-4afa-9a22-184da0d1cc24: flushIndex: setUnconditionally 0 -> -1
2019-09-20 05:49:56,551 [pool-57-thread-1] INFO  server.RaftServerConfigKeys (ConfUtils.java:logGet(43)) - raft.server.snapshot.auto.trigger.enabled = true (custom)
2019-09-20 05:49:56,551 [pool-57-thread-1] INFO  server.RaftServerConfigKeys (ConfUtils.java:logGet(43)) - raft.server.snapshot.auto.trigger.threshold = 1 (custom)
2019-09-20 05:49:56,552 [pool-57-thread-1] INFO  server.RaftServerConfigKeys (ConfUtils.java:logGet(43)) - raft.server.retrycache.expirytime = 600000ms (custom)
2019-09-20 05:49:56,552 [pool-57-thread-1] INFO  impl.RaftServerImpl (RaftServerImpl.java:start(180)) - 9b918566-8d2f-4f38-9ce1-65f5cd084216: start group-184DA0D1CC24
2019-09-20 05:49:56,552 [pool-57-thread-1] INFO  impl.RaftServerImpl (RaftServerImpl.java:setRole(171)) - 9b918566-8d2f-4f38-9ce1-65f5cd084216:group-184DA0D1CC24 changes role from null to FOLLOWER at term 0 for startAsFollower
2019-09-20 05:49:56,552 [pool-57-thread-1] INFO  impl.RoleInfo (RoleInfo.java:updateAndGet(143)) - 9b918566-8d2f-4f38-9ce1-65f5cd084216: start FollowerState
2019-09-20 05:49:56,552 [pool-57-thread-1] INFO  util.JmxRegister (JmxRegister.java:tryRegister(44)) - Successfully registered JMX Bean with object name Ratis:service=RaftServer,group=group-184DA0D1CC24,id=9b918566-8d2f-4f38-9ce1-65f5cd084216
2019-09-20 05:49:56,554 [RatisPipelineUtilsThread] INFO  pipeline.PipelineStateManager (PipelineStateManager.java:addPipeline(56)) - Created pipeline Pipeline[ Id: 8114d5d4-473c-4afa-9a22-184da0d1cc24, Nodes: 9b918566-8d2f-4f38-9ce1-65f5cd084216{ip: 192.168.36.79, host: pr-hdds-1569-s8kj2-2266485376, networkLocation: /default-rack, certSerialId: null}, Type:RATIS, Factor:ONE, State:OPEN]
2019-09-20 05:49:56,556 [grpc-default-executor-1] INFO  impl.RaftServerProxy (RaftServerProxy.java:addNew(89)) - 9b918566-8d2f-4f38-9ce1-65f5cd084216: addNew group-8166EBB0F75F:[9b918566-8d2f-4f38-9ce1-65f5cd084216:192.168.36.79:46843] returns group-8166EBB0F75F:java.util.concurrent.CompletableFuture@1c0dbfea[Not completed]
2019-09-20 05:49:56,557 [pool-57-thread-1] INFO  impl.RaftServerImpl (RaftServerImpl.java:<init>(93)) - 9b918566-8d2f-4f38-9ce1-65f5cd084216: new RaftServerImpl for group-8166EBB0F75F:[9b918566-8d2f-4f38-9ce1-65f5cd084216:192.168.36.79:46843] with ContainerStateMachine:uninitialized
2019-09-20 05:49:56,557 [pool-57-thread-1] INFO  server.RaftServerConfigKeys (ConfUtils.java:logGet(43)) - raft.server.rpc.timeout.min = 5s (custom)
2019-09-20 05:49:56,557 [pool-57-thread-1] INFO  server.RaftServerConfigKeys (ConfUtils.java:logGet(43)) - raft.server.rpc.timeout.max = 5200ms (custom)
2019-09-20 05:49:56,557 [pool-57-thread-1] INFO  server.RaftServerConfigKeys (ConfUtils.java:logGet(43)) - raft.server.rpcslowness.timeout = 120s (custom)
2019-09-20 05:49:56,557 [pool-57-thread-1] INFO  server.RaftServerConfigKeys (ConfUtils.java:logGet(43)) - raft.server.sleep.deviation.threshold = 300 (default)
2019-09-20 05:49:56,557 [pool-57-thread-1] INFO  server.RaftServerConfigKeys (ConfUtils.java:logGet(43)) - raft.server.log.appender.install.snapshot.enabled = false (custom)
2019-09-20 05:49:56,557 [pool-57-thread-1] INFO  impl.RaftServerImpl (ServerState.java:<init>(105)) - 9b918566-8d2f-4f38-9ce1-65f5cd084216:group-8166EBB0F75F ConfigurationManager, init=-1: [9b918566-8d2f-4f38-9ce1-65f5cd084216:192.168.36.79:46843], old=null, confs=<EMPTY_MAP>
2019-09-20 05:49:56,558 [pool-57-thread-1] INFO  server.RaftServerConfigKeys (ConfUtils.java:logGet(43)) - raft.server.storage.dir = [/workdir/hadoop-ozone/integration-test/target/test-dir/MiniOzoneClusterImpl-29dd0c8c-da21-41d6-af77-5f0a65600fbb/datanode-0/data/ratis] (custom)
2019-09-20 05:49:56,558 [pool-57-thread-1] INFO  storage.RaftStorageDirectory (RaftStorageDirectory.java:analyzeStorage(246)) - The storage directory /workdir/hadoop-ozone/integration-test/target/test-dir/MiniOzoneClusterImpl-29dd0c8c-da21-41d6-af77-5f0a65600fbb/datanode-0/data/ratis/4b86fd13-3196-44ea-a776-8166ebb0f75f does not exist. Creating ...
2019-09-20 05:49:56,586 [pool-57-thread-1] INFO  storage.RaftStorageDirectory (RaftStorageDirectory.java:tryLock(328)) - Lock on /workdir/hadoop-ozone/integration-test/target/test-dir/MiniOzoneClusterImpl-29dd0c8c-da21-41d6-af77-5f0a65600fbb/datanode-0/data/ratis/4b86fd13-3196-44ea-a776-8166ebb0f75f/in_use.lock acquired by nodename 6907@pr-hdds-1569-s8kj2-2266485376
2019-09-20 05:49:56,599 | INFO  | SCMAudit | user=jenkins1000 | ip=192.168.36.79 | op=SEND_HEARTBEAT {datanodeUUID=9b918566-8d2f-4f38-9ce1-65f5cd084216, command=[]} | ret=SUCCESS |  
2019-09-20 05:49:56,620 [pool-57-thread-1] INFO  storage.RaftStorage (RaftStorage.java:format(72)) - Storage directory /workdir/hadoop-ozone/integration-test/target/test-dir/MiniOzoneClusterImpl-29dd0c8c-da21-41d6-af77-5f0a65600fbb/datanode-0/data/ratis/4b86fd13-3196-44ea-a776-8166ebb0f75f has been successfully formatted.
2019-09-20 05:49:56,620 [pool-57-thread-1] INFO  ratis.ContainerStateMachine (ContainerStateMachine.java:loadSnapshot(226)) - group-8166EBB0F75F: The snapshot info is null. Setting the last applied indexto:(t:0, i:~)
2019-09-20 05:49:56,620 [pool-57-thread-1] INFO  server.RaftServerConfigKeys (ConfUtils.java:logGet(43)) - raft.server.leader.election.timeout = 120s (custom)
2019-09-20 05:49:56,621 [pool-57-thread-1] INFO  server.RaftServerConfigKeys (ConfUtils.java:logGet(43)) - raft.server.log.use.memory = false (default)
2019-09-20 05:49:56,621 [pool-57-thread-1] INFO  server.RaftServerConfigKeys (ConfUtils.java:logGet(43)) - raft.server.log.purge.gap = 1000000 (custom)
2019-09-20 05:49:56,621 [pool-57-thread-1] INFO  server.RaftServerConfigKeys (ConfUtils.java:logGet(43)) - raft.server.log.appender.buffer.byte-limit = 33554432 (custom)
2019-09-20 05:49:56,621 [pool-57-thread-1] INFO  server.RaftServerConfigKeys (ConfUtils.java:logGet(43)) - raft.server.log.segment.size.max = 1048576 (custom)
2019-09-20 05:49:56,621 [pool-57-thread-1] INFO  server.RaftServerConfigKeys (ConfUtils.java:logGet(43)) - raft.server.log.segment.cache.num.max = 2 (custom)
2019-09-20 05:49:56,621 [pool-57-thread-1] INFO  segmented.SegmentedRaftLogWorker (SegmentedRaftLogWorker.java:<init>(172)) - new 9b918566-8d2f-4f38-9ce1-65f5cd084216-SegmentedRaftLogWorker:Storage Directory /workdir/hadoop-ozone/integration-test/target/test-dir/MiniOzoneClusterImpl-29dd0c8c-da21-41d6-af77-5f0a65600fbb/datanode-0/data/ratis/4b86fd13-3196-44ea-a776-8166ebb0f75f for RaftStorage:Storage Directory /workdir/hadoop-ozone/integration-test/target/test-dir/MiniOzoneClusterImpl-29dd0c8c-da21-41d6-af77-5f0a65600fbb/datanode-0/data/ratis/4b86fd13-3196-44ea-a776-8166ebb0f75f
2019-09-20 05:49:56,621 [pool-57-thread-1] INFO  server.RaftServerConfigKeys (ConfUtils.java:logGet(43)) - raft.server.log.queue.byte-limit = 2147483647 (custom)
2019-09-20 05:49:56,621 [pool-57-thread-1] INFO  server.RaftServerConfigKeys (ConfUtils.java:logGet(43)) - raft.server.log.queue.element-limit = 1024 (custom)
2019-09-20 05:49:56,621 [pool-57-thread-1] INFO  server.RaftServerConfigKeys (ConfUtils.java:logGet(43)) - raft.server.log.segment.size.max = 1048576 (custom)
2019-09-20 05:49:56,621 [pool-57-thread-1] INFO  server.RaftServerConfigKeys (ConfUtils.java:logGet(43)) - raft.server.log.preallocated.size = 16384 (custom)
2019-09-20 05:49:56,622 [pool-57-thread-1] INFO  server.RaftServerConfigKeys (ConfUtils.java:logGet(43)) - raft.server.log.write.buffer.size = 33554432 (custom)
2019-09-20 05:49:56,622 [pool-57-thread-1] INFO  server.RaftServerConfigKeys (ConfUtils.java:logGet(43)) - raft.server.log.force.sync.num = 128 (default)
2019-09-20 05:49:56,622 [pool-57-thread-1] INFO  server.RaftServerConfigKeys (ConfUtils.java:logGet(43)) - raft.server.log.statemachine.data.sync = true (default)
2019-09-20 05:49:56,622 [pool-57-thread-1] INFO  server.RaftServerConfigKeys (ConfUtils.java:logGet(43)) - raft.server.log.statemachine.data.sync.timeout = 10s (default)
2019-09-20 05:49:56,622 [pool-57-thread-1] INFO  server.RaftServerConfigKeys (ConfUtils.java:logGet(43)) - raft.server.log.statemachine.data.sync.timeout.retry = -1 (default)
2019-09-20 05:49:56,622 [pool-57-thread-1] INFO  server.RaftServerConfigKeys (ConfUtils.java:logGet(43)) - raft.server.log.statemachine.data.caching.enabled = true (custom)
2019-09-20 05:49:56,622 [pool-57-thread-1] INFO  segmented.SegmentedRaftLogWorker (SegmentedRaftLogWorker.java:lambda$new$0(132)) - 9b918566-8d2f-4f38-9ce1-65f5cd084216-SegmentedRaftLogWorker:Storage Directory /workdir/hadoop-ozone/integration-test/target/test-dir/MiniOzoneClusterImpl-29dd0c8c-da21-41d6-af77-5f0a65600fbb/datanode-0/data/ratis/4b86fd13-3196-44ea-a776-8166ebb0f75f: flushIndex: setUnconditionally 0 -> -1
2019-09-20 05:49:56,623 [pool-57-thread-1] INFO  server.RaftServerConfigKeys (ConfUtils.java:logGet(43)) - raft.server.snapshot.auto.trigger.enabled = true (custom)
2019-09-20 05:49:56,623 [pool-57-thread-1] INFO  server.RaftServerConfigKeys (ConfUtils.java:logGet(43)) - raft.server.snapshot.auto.trigger.threshold = 1 (custom)
2019-09-20 05:49:56,623 [pool-57-thread-1] INFO  server.RaftServerConfigKeys (ConfUtils.java:logGet(43)) - raft.server.retrycache.expirytime = 600000ms (custom)
2019-09-20 05:49:56,623 [pool-57-thread-1] INFO  impl.RaftServerImpl (RaftServerImpl.java:start(180)) - 9b918566-8d2f-4f38-9ce1-65f5cd084216: start group-8166EBB0F75F
2019-09-20 05:49:56,623 [pool-57-thread-1] INFO  impl.RaftServerImpl (RaftServerImpl.java:setRole(171)) - 9b918566-8d2f-4f38-9ce1-65f5cd084216:group-8166EBB0F75F changes role from null to FOLLOWER at term 0 for startAsFollower
2019-09-20 05:49:56,623 [pool-57-thread-1] INFO  impl.RoleInfo (RoleInfo.java:updateAndGet(143)) - 9b918566-8d2f-4f38-9ce1-65f5cd084216: start FollowerState
2019-09-20 05:49:56,623 [pool-57-thread-1] INFO  util.JmxRegister (JmxRegister.java:tryRegister(44)) - Successfully registered JMX Bean with object name Ratis:service=RaftServer,group=group-8166EBB0F75F,id=9b918566-8d2f-4f38-9ce1-65f5cd084216
2019-09-20 05:49:56,625 [RatisPipelineUtilsThread] INFO  pipeline.PipelineStateManager (PipelineStateManager.java:addPipeline(56)) - Created pipeline Pipeline[ Id: 4b86fd13-3196-44ea-a776-8166ebb0f75f, Nodes: 9b918566-8d2f-4f38-9ce1-65f5cd084216{ip: 192.168.36.79, host: pr-hdds-1569-s8kj2-2266485376, networkLocation: /default-rack, certSerialId: null}, Type:RATIS, Factor:ONE, State:OPEN]
2019-09-20 05:49:56,628 [grpc-default-executor-1] INFO  impl.RaftServerProxy (RaftServerProxy.java:addNew(89)) - 9b918566-8d2f-4f38-9ce1-65f5cd084216: addNew group-D7C9AD3C063A:[9b918566-8d2f-4f38-9ce1-65f5cd084216:192.168.36.79:46843] returns group-D7C9AD3C063A:java.util.concurrent.CompletableFuture@6ee770b1[Not completed]
2019-09-20 05:49:56,628 [pool-57-thread-1] INFO  impl.RaftServerImpl (RaftServerImpl.java:<init>(93)) - 9b918566-8d2f-4f38-9ce1-65f5cd084216: new RaftServerImpl for group-D7C9AD3C063A:[9b918566-8d2f-4f38-9ce1-65f5cd084216:192.168.36.79:46843] with ContainerStateMachine:uninitialized
2019-09-20 05:49:56,629 [pool-57-thread-1] INFO  server.RaftServerConfigKeys (ConfUtils.java:logGet(43)) - raft.server.rpc.timeout.min = 5s (custom)
2019-09-20 05:49:56,629 [pool-57-thread-1] INFO  server.RaftServerConfigKeys (ConfUtils.java:logGet(43)) - raft.server.rpc.timeout.max = 5200ms (custom)
2019-09-20 05:49:56,629 [pool-57-thread-1] INFO  server.RaftServerConfigKeys (ConfUtils.java:logGet(43)) - raft.server.rpcslowness.timeout = 120s (custom)
2019-09-20 05:49:56,629 [pool-57-thread-1] INFO  server.RaftServerConfigKeys (ConfUtils.java:logGet(43)) - raft.server.sleep.deviation.threshold = 300 (default)
2019-09-20 05:49:56,629 [pool-57-thread-1] INFO  server.RaftServerConfigKeys (ConfUtils.java:logGet(43)) - raft.server.log.appender.install.snapshot.enabled = false (custom)
2019-09-20 05:49:56,629 [pool-57-thread-1] INFO  impl.RaftServerImpl (ServerState.java:<init>(105)) - 9b918566-8d2f-4f38-9ce1-65f5cd084216:group-D7C9AD3C063A ConfigurationManager, init=-1: [9b918566-8d2f-4f38-9ce1-65f5cd084216:192.168.36.79:46843], old=null, confs=<EMPTY_MAP>
2019-09-20 05:49:56,629 [pool-57-thread-1] INFO  server.RaftServerConfigKeys (ConfUtils.java:logGet(43)) - raft.server.storage.dir = [/workdir/hadoop-ozone/integration-test/target/test-dir/MiniOzoneClusterImpl-29dd0c8c-da21-41d6-af77-5f0a65600fbb/datanode-0/data/ratis] (custom)
2019-09-20 05:49:56,629 [pool-57-thread-1] INFO  storage.RaftStorageDirectory (RaftStorageDirectory.java:analyzeStorage(246)) - The storage directory /workdir/hadoop-ozone/integration-test/target/test-dir/MiniOzoneClusterImpl-29dd0c8c-da21-41d6-af77-5f0a65600fbb/datanode-0/data/ratis/fd69222b-9823-4af9-bc39-d7c9ad3c063a does not exist. Creating ...
2019-09-20 05:49:56,652 [pool-57-thread-1] INFO  storage.RaftStorageDirectory (RaftStorageDirectory.java:tryLock(328)) - Lock on /workdir/hadoop-ozone/integration-test/target/test-dir/MiniOzoneClusterImpl-29dd0c8c-da21-41d6-af77-5f0a65600fbb/datanode-0/data/ratis/fd69222b-9823-4af9-bc39-d7c9ad3c063a/in_use.lock acquired by nodename 6907@pr-hdds-1569-s8kj2-2266485376
2019-09-20 05:49:56,677 [pool-57-thread-1] INFO  storage.RaftStorage (RaftStorage.java:format(72)) - Storage directory /workdir/hadoop-ozone/integration-test/target/test-dir/MiniOzoneClusterImpl-29dd0c8c-da21-41d6-af77-5f0a65600fbb/datanode-0/data/ratis/fd69222b-9823-4af9-bc39-d7c9ad3c063a has been successfully formatted.
2019-09-20 05:49:56,677 [pool-57-thread-1] INFO  ratis.ContainerStateMachine (ContainerStateMachine.java:loadSnapshot(226)) - group-D7C9AD3C063A: The snapshot info is null. Setting the last applied indexto:(t:0, i:~)
2019-09-20 05:49:56,677 [pool-57-thread-1] INFO  server.RaftServerConfigKeys (ConfUtils.java:logGet(43)) - raft.server.leader.election.timeout = 120s (custom)
2019-09-20 05:49:56,677 [pool-57-thread-1] INFO  server.RaftServerConfigKeys (ConfUtils.java:logGet(43)) - raft.server.log.use.memory = false (default)
2019-09-20 05:49:56,677 [pool-57-thread-1] INFO  server.RaftServerConfigKeys (ConfUtils.java:logGet(43)) - raft.server.log.purge.gap = 1000000 (custom)
2019-09-20 05:49:56,677 [pool-57-thread-1] INFO  server.RaftServerConfigKeys (ConfUtils.java:logGet(43)) - raft.server.log.appender.buffer.byte-limit = 33554432 (custom)
2019-09-20 05:49:56,678 [pool-57-thread-1] INFO  server.RaftServerConfigKeys (ConfUtils.java:logGet(43)) - raft.server.log.segment.size.max = 1048576 (custom)
2019-09-20 05:49:56,678 [pool-57-thread-1] INFO  server.RaftServerConfigKeys (ConfUtils.java:logGet(43)) - raft.server.log.segment.cache.num.max = 2 (custom)
2019-09-20 05:49:56,678 [pool-57-thread-1] INFO  segmented.SegmentedRaftLogWorker (SegmentedRaftLogWorker.java:<init>(172)) - new 9b918566-8d2f-4f38-9ce1-65f5cd084216-SegmentedRaftLogWorker:Storage Directory /workdir/hadoop-ozone/integration-test/target/test-dir/MiniOzoneClusterImpl-29dd0c8c-da21-41d6-af77-5f0a65600fbb/datanode-0/data/ratis/fd69222b-9823-4af9-bc39-d7c9ad3c063a for RaftStorage:Storage Directory /workdir/hadoop-ozone/integration-test/target/test-dir/MiniOzoneClusterImpl-29dd0c8c-da21-41d6-af77-5f0a65600fbb/datanode-0/data/ratis/fd69222b-9823-4af9-bc39-d7c9ad3c063a
2019-09-20 05:49:56,678 [pool-57-thread-1] INFO  server.RaftServerConfigKeys (ConfUtils.java:logGet(43)) - raft.server.log.queue.byte-limit = 2147483647 (custom)
2019-09-20 05:49:56,678 [pool-57-thread-1] INFO  server.RaftServerConfigKeys (ConfUtils.java:logGet(43)) - raft.server.log.queue.element-limit = 1024 (custom)
2019-09-20 05:49:56,678 [pool-57-thread-1] INFO  server.RaftServerConfigKeys (ConfUtils.java:logGet(43)) - raft.server.log.segment.size.max = 1048576 (custom)
2019-09-20 05:49:56,678 [pool-57-thread-1] INFO  server.RaftServerConfigKeys (ConfUtils.java:logGet(43)) - raft.server.log.preallocated.size = 16384 (custom)
2019-09-20 05:49:56,679 [pool-57-thread-1] INFO  server.RaftServerConfigKeys (ConfUtils.java:logGet(43)) - raft.server.log.write.buffer.size = 33554432 (custom)
2019-09-20 05:49:56,679 [pool-57-thread-1] INFO  server.RaftServerConfigKeys (ConfUtils.java:logGet(43)) - raft.server.log.force.sync.num = 128 (default)
2019-09-20 05:49:56,679 [pool-57-thread-1] INFO  server.RaftServerConfigKeys (ConfUtils.java:logGet(43)) - raft.server.log.statemachine.data.sync = true (default)
2019-09-20 05:49:56,679 [pool-57-thread-1] INFO  server.RaftServerConfigKeys (ConfUtils.java:logGet(43)) - raft.server.log.statemachine.data.sync.timeout = 10s (default)
2019-09-20 05:49:56,679 [pool-57-thread-1] INFO  server.RaftServerConfigKeys (ConfUtils.java:logGet(43)) - raft.server.log.statemachine.data.sync.timeout.retry = -1 (default)
2019-09-20 05:49:56,679 [pool-57-thread-1] INFO  server.RaftServerConfigKeys (ConfUtils.java:logGet(43)) - raft.server.log.statemachine.data.caching.enabled = true (custom)
2019-09-20 05:49:56,679 [pool-57-thread-1] INFO  segmented.SegmentedRaftLogWorker (SegmentedRaftLogWorker.java:lambda$new$0(132)) - 9b918566-8d2f-4f38-9ce1-65f5cd084216-SegmentedRaftLogWorker:Storage Directory /workdir/hadoop-ozone/integration-test/target/test-dir/MiniOzoneClusterImpl-29dd0c8c-da21-41d6-af77-5f0a65600fbb/datanode-0/data/ratis/fd69222b-9823-4af9-bc39-d7c9ad3c063a: flushIndex: setUnconditionally 0 -> -1
2019-09-20 05:49:56,680 [pool-57-thread-1] INFO  server.RaftServerConfigKeys (ConfUtils.java:logGet(43)) - raft.server.snapshot.auto.trigger.enabled = true (custom)
2019-09-20 05:49:56,680 [pool-57-thread-1] INFO  server.RaftServerConfigKeys (ConfUtils.java:logGet(43)) - raft.server.snapshot.auto.trigger.threshold = 1 (custom)
2019-09-20 05:49:56,680 [pool-57-thread-1] INFO  server.RaftServerConfigKeys (ConfUtils.java:logGet(43)) - raft.server.retrycache.expirytime = 600000ms (custom)
2019-09-20 05:49:56,680 [pool-57-thread-1] INFO  impl.RaftServerImpl (RaftServerImpl.java:start(180)) - 9b918566-8d2f-4f38-9ce1-65f5cd084216: start group-D7C9AD3C063A
2019-09-20 05:49:56,680 [pool-57-thread-1] INFO  impl.RaftServerImpl (RaftServerImpl.java:setRole(171)) - 9b918566-8d2f-4f38-9ce1-65f5cd084216:group-D7C9AD3C063A changes role from null to FOLLOWER at term 0 for startAsFollower
2019-09-20 05:49:56,680 [pool-57-thread-1] INFO  impl.RoleInfo (RoleInfo.java:updateAndGet(143)) - 9b918566-8d2f-4f38-9ce1-65f5cd084216: start FollowerState
2019-09-20 05:49:56,681 [pool-57-thread-1] INFO  util.JmxRegister (JmxRegister.java:tryRegister(44)) - Successfully registered JMX Bean with object name Ratis:service=RaftServer,group=group-D7C9AD3C063A,id=9b918566-8d2f-4f38-9ce1-65f5cd084216
2019-09-20 05:49:56,682 [RatisPipelineUtilsThread] INFO  pipeline.PipelineStateManager (PipelineStateManager.java:addPipeline(56)) - Created pipeline Pipeline[ Id: fd69222b-9823-4af9-bc39-d7c9ad3c063a, Nodes: 9b918566-8d2f-4f38-9ce1-65f5cd084216{ip: 192.168.36.79, host: pr-hdds-1569-s8kj2-2266485376, networkLocation: /default-rack, certSerialId: null}, Type:RATIS, Factor:ONE, State:OPEN]
2019-09-20 05:49:56,685 [grpc-default-executor-1] INFO  impl.RaftServerProxy (RaftServerProxy.java:addNew(89)) - 9b918566-8d2f-4f38-9ce1-65f5cd084216: addNew group-391F14DF0238:[9b918566-8d2f-4f38-9ce1-65f5cd084216:192.168.36.79:46843] returns group-391F14DF0238:java.util.concurrent.CompletableFuture@5812e5ea[Not completed]
2019-09-20 05:49:56,685 [pool-57-thread-1] INFO  impl.RaftServerImpl (RaftServerImpl.java:<init>(93)) - 9b918566-8d2f-4f38-9ce1-65f5cd084216: new RaftServerImpl for group-391F14DF0238:[9b918566-8d2f-4f38-9ce1-65f5cd084216:192.168.36.79:46843] with ContainerStateMachine:uninitialized
2019-09-20 05:49:56,685 [pool-57-thread-1] INFO  server.RaftServerConfigKeys (ConfUtils.java:logGet(43)) - raft.server.rpc.timeout.min = 5s (custom)
2019-09-20 05:49:56,686 [pool-57-thread-1] INFO  server.RaftServerConfigKeys (ConfUtils.java:logGet(43)) - raft.server.rpc.timeout.max = 5200ms (custom)
2019-09-20 05:49:56,686 [pool-57-thread-1] INFO  server.RaftServerConfigKeys (ConfUtils.java:logGet(43)) - raft.server.rpcslowness.timeout = 120s (custom)
2019-09-20 05:49:56,686 [pool-57-thread-1] INFO  server.RaftServerConfigKeys (ConfUtils.java:logGet(43)) - raft.server.sleep.deviation.threshold = 300 (default)
2019-09-20 05:49:56,686 [pool-57-thread-1] INFO  server.RaftServerConfigKeys (ConfUtils.java:logGet(43)) - raft.server.log.appender.install.snapshot.enabled = false (custom)
2019-09-20 05:49:56,686 [pool-57-thread-1] INFO  impl.RaftServerImpl (ServerState.java:<init>(105)) - 9b918566-8d2f-4f38-9ce1-65f5cd084216:group-391F14DF0238 ConfigurationManager, init=-1: [9b918566-8d2f-4f38-9ce1-65f5cd084216:192.168.36.79:46843], old=null, confs=<EMPTY_MAP>
2019-09-20 05:49:56,686 [pool-57-thread-1] INFO  server.RaftServerConfigKeys (ConfUtils.java:logGet(43)) - raft.server.storage.dir = [/workdir/hadoop-ozone/integration-test/target/test-dir/MiniOzoneClusterImpl-29dd0c8c-da21-41d6-af77-5f0a65600fbb/datanode-0/data/ratis] (custom)
2019-09-20 05:49:56,686 [pool-57-thread-1] INFO  storage.RaftStorageDirectory (RaftStorageDirectory.java:analyzeStorage(246)) - The storage directory /workdir/hadoop-ozone/integration-test/target/test-dir/MiniOzoneClusterImpl-29dd0c8c-da21-41d6-af77-5f0a65600fbb/datanode-0/data/ratis/dc2c83da-3948-466e-97e4-391f14df0238 does not exist. Creating ...
2019-09-20 05:49:56,700 [pool-57-thread-1] INFO  storage.RaftStorageDirectory (RaftStorageDirectory.java:tryLock(328)) - Lock on /workdir/hadoop-ozone/integration-test/target/test-dir/MiniOzoneClusterImpl-29dd0c8c-da21-41d6-af77-5f0a65600fbb/datanode-0/data/ratis/dc2c83da-3948-466e-97e4-391f14df0238/in_use.lock acquired by nodename 6907@pr-hdds-1569-s8kj2-2266485376
2019-09-20 05:49:56,719 [pool-57-thread-1] INFO  storage.RaftStorage (RaftStorage.java:format(72)) - Storage directory /workdir/hadoop-ozone/integration-test/target/test-dir/MiniOzoneClusterImpl-29dd0c8c-da21-41d6-af77-5f0a65600fbb/datanode-0/data/ratis/dc2c83da-3948-466e-97e4-391f14df0238 has been successfully formatted.
2019-09-20 05:49:56,719 [pool-57-thread-1] INFO  ratis.ContainerStateMachine (ContainerStateMachine.java:loadSnapshot(226)) - group-391F14DF0238: The snapshot info is null. Setting the last applied indexto:(t:0, i:~)
2019-09-20 05:49:56,719 [pool-57-thread-1] INFO  server.RaftServerConfigKeys (ConfUtils.java:logGet(43)) - raft.server.leader.election.timeout = 120s (custom)
2019-09-20 05:49:56,719 [pool-57-thread-1] INFO  server.RaftServerConfigKeys (ConfUtils.java:logGet(43)) - raft.server.log.use.memory = false (default)
2019-09-20 05:49:56,720 [pool-57-thread-1] INFO  server.RaftServerConfigKeys (ConfUtils.java:logGet(43)) - raft.server.log.purge.gap = 1000000 (custom)
2019-09-20 05:49:56,720 [pool-57-thread-1] INFO  server.RaftServerConfigKeys (ConfUtils.java:logGet(43)) - raft.server.log.appender.buffer.byte-limit = 33554432 (custom)
2019-09-20 05:49:56,720 [pool-57-thread-1] INFO  server.RaftServerConfigKeys (ConfUtils.java:logGet(43)) - raft.server.log.segment.size.max = 1048576 (custom)
2019-09-20 05:49:56,720 [pool-57-thread-1] INFO  server.RaftServerConfigKeys (ConfUtils.java:logGet(43)) - raft.server.log.segment.cache.num.max = 2 (custom)
2019-09-20 05:49:56,720 [pool-57-thread-1] INFO  segmented.SegmentedRaftLogWorker (SegmentedRaftLogWorker.java:<init>(172)) - new 9b918566-8d2f-4f38-9ce1-65f5cd084216-SegmentedRaftLogWorker:Storage Directory /workdir/hadoop-ozone/integration-test/target/test-dir/MiniOzoneClusterImpl-29dd0c8c-da21-41d6-af77-5f0a65600fbb/datanode-0/data/ratis/dc2c83da-3948-466e-97e4-391f14df0238 for RaftStorage:Storage Directory /workdir/hadoop-ozone/integration-test/target/test-dir/MiniOzoneClusterImpl-29dd0c8c-da21-41d6-af77-5f0a65600fbb/datanode-0/data/ratis/dc2c83da-3948-466e-97e4-391f14df0238
2019-09-20 05:49:56,720 [pool-57-thread-1] INFO  server.RaftServerConfigKeys (ConfUtils.java:logGet(43)) - raft.server.log.queue.byte-limit = 2147483647 (custom)
2019-09-20 05:49:56,720 [pool-57-thread-1] INFO  server.RaftServerConfigKeys (ConfUtils.java:logGet(43)) - raft.server.log.queue.element-limit = 1024 (custom)
2019-09-20 05:49:56,720 [pool-57-thread-1] INFO  server.RaftServerConfigKeys (ConfUtils.java:logGet(43)) - raft.server.log.segment.size.max = 1048576 (custom)
2019-09-20 05:49:56,720 [pool-57-thread-1] INFO  server.RaftServerConfigKeys (ConfUtils.java:logGet(43)) - raft.server.log.preallocated.size = 16384 (custom)
2019-09-20 05:49:56,720 [pool-57-thread-1] INFO  server.RaftServerConfigKeys (ConfUtils.java:logGet(43)) - raft.server.log.write.buffer.size = 33554432 (custom)
2019-09-20 05:49:56,720 [pool-57-thread-1] INFO  server.RaftServerConfigKeys (ConfUtils.java:logGet(43)) - raft.server.log.force.sync.num = 128 (default)
2019-09-20 05:49:56,720 [pool-57-thread-1] INFO  server.RaftServerConfigKeys (ConfUtils.java:logGet(43)) - raft.server.log.statemachine.data.sync = true (default)
2019-09-20 05:49:56,721 [pool-57-thread-1] INFO  server.RaftServerConfigKeys (ConfUtils.java:logGet(43)) - raft.server.log.statemachine.data.sync.timeout = 10s (default)
2019-09-20 05:49:56,721 [pool-57-thread-1] INFO  server.RaftServerConfigKeys (ConfUtils.java:logGet(43)) - raft.server.log.statemachine.data.sync.timeout.retry = -1 (default)
2019-09-20 05:49:56,721 [pool-57-thread-1] INFO  server.RaftServerConfigKeys (ConfUtils.java:logGet(43)) - raft.server.log.statemachine.data.caching.enabled = true (custom)
2019-09-20 05:49:56,721 [pool-57-thread-1] INFO  segmented.SegmentedRaftLogWorker (SegmentedRaftLogWorker.java:lambda$new$0(132)) - 9b918566-8d2f-4f38-9ce1-65f5cd084216-SegmentedRaftLogWorker:Storage Directory /workdir/hadoop-ozone/integration-test/target/test-dir/MiniOzoneClusterImpl-29dd0c8c-da21-41d6-af77-5f0a65600fbb/datanode-0/data/ratis/dc2c83da-3948-466e-97e4-391f14df0238: flushIndex: setUnconditionally 0 -> -1
2019-09-20 05:49:56,721 [pool-57-thread-1] INFO  server.RaftServerConfigKeys (ConfUtils.java:logGet(43)) - raft.server.snapshot.auto.trigger.enabled = true (custom)
2019-09-20 05:49:56,721 [pool-57-thread-1] INFO  server.RaftServerConfigKeys (ConfUtils.java:logGet(43)) - raft.server.snapshot.auto.trigger.threshold = 1 (custom)
2019-09-20 05:49:56,721 [pool-57-thread-1] INFO  server.RaftServerConfigKeys (ConfUtils.java:logGet(43)) - raft.server.retrycache.expirytime = 600000ms (custom)
2019-09-20 05:49:56,721 [pool-57-thread-1] INFO  impl.RaftServerImpl (RaftServerImpl.java:start(180)) - 9b918566-8d2f-4f38-9ce1-65f5cd084216: start group-391F14DF0238
2019-09-20 05:49:56,721 [pool-57-thread-1] INFO  impl.RaftServerImpl (RaftServerImpl.java:setRole(171)) - 9b918566-8d2f-4f38-9ce1-65f5cd084216:group-391F14DF0238 changes role from null to FOLLOWER at term 0 for startAsFollower
2019-09-20 05:49:56,722 [pool-57-thread-1] INFO  impl.RoleInfo (RoleInfo.java:updateAndGet(143)) - 9b918566-8d2f-4f38-9ce1-65f5cd084216: start FollowerState
2019-09-20 05:49:56,722 [pool-57-thread-1] INFO  util.JmxRegister (JmxRegister.java:tryRegister(44)) - Successfully registered JMX Bean with object name Ratis:service=RaftServer,group=group-391F14DF0238,id=9b918566-8d2f-4f38-9ce1-65f5cd084216
2019-09-20 05:49:56,723 [RatisPipelineUtilsThread] INFO  pipeline.PipelineStateManager (PipelineStateManager.java:addPipeline(56)) - Created pipeline Pipeline[ Id: dc2c83da-3948-466e-97e4-391f14df0238, Nodes: 9b918566-8d2f-4f38-9ce1-65f5cd084216{ip: 192.168.36.79, host: pr-hdds-1569-s8kj2-2266485376, networkLocation: /default-rack, certSerialId: null}, Type:RATIS, Factor:ONE, State:OPEN]
2019-09-20 05:49:56,725 [grpc-default-executor-1] INFO  impl.RaftServerProxy (RaftServerProxy.java:addNew(89)) - 9b918566-8d2f-4f38-9ce1-65f5cd084216: addNew group-D92AAA6454A1:[9b918566-8d2f-4f38-9ce1-65f5cd084216:192.168.36.79:46843] returns group-D92AAA6454A1:java.util.concurrent.CompletableFuture@578290fb[Not completed]
2019-09-20 05:49:56,726 [pool-57-thread-1] INFO  impl.RaftServerImpl (RaftServerImpl.java:<init>(93)) - 9b918566-8d2f-4f38-9ce1-65f5cd084216: new RaftServerImpl for group-D92AAA6454A1:[9b918566-8d2f-4f38-9ce1-65f5cd084216:192.168.36.79:46843] with ContainerStateMachine:uninitialized
2019-09-20 05:49:56,726 [pool-57-thread-1] INFO  server.RaftServerConfigKeys (ConfUtils.java:logGet(43)) - raft.server.rpc.timeout.min = 5s (custom)
2019-09-20 05:49:56,726 [pool-57-thread-1] INFO  server.RaftServerConfigKeys (ConfUtils.java:logGet(43)) - raft.server.rpc.timeout.max = 5200ms (custom)
2019-09-20 05:49:56,726 [pool-57-thread-1] INFO  server.RaftServerConfigKeys (ConfUtils.java:logGet(43)) - raft.server.rpcslowness.timeout = 120s (custom)
2019-09-20 05:49:56,726 [pool-57-thread-1] INFO  server.RaftServerConfigKeys (ConfUtils.java:logGet(43)) - raft.server.sleep.deviation.threshold = 300 (default)
2019-09-20 05:49:56,726 [pool-57-thread-1] INFO  server.RaftServerConfigKeys (ConfUtils.java:logGet(43)) - raft.server.log.appender.install.snapshot.enabled = false (custom)
2019-09-20 05:49:56,726 [pool-57-thread-1] INFO  impl.RaftServerImpl (ServerState.java:<init>(105)) - 9b918566-8d2f-4f38-9ce1-65f5cd084216:group-D92AAA6454A1 ConfigurationManager, init=-1: [9b918566-8d2f-4f38-9ce1-65f5cd084216:192.168.36.79:46843], old=null, confs=<EMPTY_MAP>
2019-09-20 05:49:56,727 [pool-57-thread-1] INFO  server.RaftServerConfigKeys (ConfUtils.java:logGet(43)) - raft.server.storage.dir = [/workdir/hadoop-ozone/integration-test/target/test-dir/MiniOzoneClusterImpl-29dd0c8c-da21-41d6-af77-5f0a65600fbb/datanode-0/data/ratis] (custom)
2019-09-20 05:49:56,727 [pool-57-thread-1] INFO  storage.RaftStorageDirectory (RaftStorageDirectory.java:analyzeStorage(246)) - The storage directory /workdir/hadoop-ozone/integration-test/target/test-dir/MiniOzoneClusterImpl-29dd0c8c-da21-41d6-af77-5f0a65600fbb/datanode-0/data/ratis/5db05aaf-cf5c-4e5c-b0a0-d92aaa6454a1 does not exist. Creating ...
2019-09-20 05:49:56,750 [pool-57-thread-1] INFO  storage.RaftStorageDirectory (RaftStorageDirectory.java:tryLock(328)) - Lock on /workdir/hadoop-ozone/integration-test/target/test-dir/MiniOzoneClusterImpl-29dd0c8c-da21-41d6-af77-5f0a65600fbb/datanode-0/data/ratis/5db05aaf-cf5c-4e5c-b0a0-d92aaa6454a1/in_use.lock acquired by nodename 6907@pr-hdds-1569-s8kj2-2266485376
2019-09-20 05:49:56,792 [pool-57-thread-1] INFO  storage.RaftStorage (RaftStorage.java:format(72)) - Storage directory /workdir/hadoop-ozone/integration-test/target/test-dir/MiniOzoneClusterImpl-29dd0c8c-da21-41d6-af77-5f0a65600fbb/datanode-0/data/ratis/5db05aaf-cf5c-4e5c-b0a0-d92aaa6454a1 has been successfully formatted.
2019-09-20 05:49:56,792 [pool-57-thread-1] INFO  ratis.ContainerStateMachine (ContainerStateMachine.java:loadSnapshot(226)) - group-D92AAA6454A1: The snapshot info is null. Setting the last applied indexto:(t:0, i:~)
2019-09-20 05:49:56,792 [pool-57-thread-1] INFO  server.RaftServerConfigKeys (ConfUtils.java:logGet(43)) - raft.server.leader.election.timeout = 120s (custom)
2019-09-20 05:49:56,792 [pool-57-thread-1] INFO  server.RaftServerConfigKeys (ConfUtils.java:logGet(43)) - raft.server.log.use.memory = false (default)
2019-09-20 05:49:56,792 [pool-57-thread-1] INFO  server.RaftServerConfigKeys (ConfUtils.java:logGet(43)) - raft.server.log.purge.gap = 1000000 (custom)
2019-09-20 05:49:56,793 [pool-57-thread-1] INFO  server.RaftServerConfigKeys (ConfUtils.java:logGet(43)) - raft.server.log.appender.buffer.byte-limit = 33554432 (custom)
2019-09-20 05:49:56,793 [pool-57-thread-1] INFO  server.RaftServerConfigKeys (ConfUtils.java:logGet(43)) - raft.server.log.segment.size.max = 1048576 (custom)
2019-09-20 05:49:56,793 [pool-57-thread-1] INFO  server.RaftServerConfigKeys (ConfUtils.java:logGet(43)) - raft.server.log.segment.cache.num.max = 2 (custom)
2019-09-20 05:49:56,793 [pool-57-thread-1] INFO  segmented.SegmentedRaftLogWorker (SegmentedRaftLogWorker.java:<init>(172)) - new 9b918566-8d2f-4f38-9ce1-65f5cd084216-SegmentedRaftLogWorker:Storage Directory /workdir/hadoop-ozone/integration-test/target/test-dir/MiniOzoneClusterImpl-29dd0c8c-da21-41d6-af77-5f0a65600fbb/datanode-0/data/ratis/5db05aaf-cf5c-4e5c-b0a0-d92aaa6454a1 for RaftStorage:Storage Directory /workdir/hadoop-ozone/integration-test/target/test-dir/MiniOzoneClusterImpl-29dd0c8c-da21-41d6-af77-5f0a65600fbb/datanode-0/data/ratis/5db05aaf-cf5c-4e5c-b0a0-d92aaa6454a1
2019-09-20 05:49:56,793 [pool-57-thread-1] INFO  server.RaftServerConfigKeys (ConfUtils.java:logGet(43)) - raft.server.log.queue.byte-limit = 2147483647 (custom)
2019-09-20 05:49:56,793 [pool-57-thread-1] INFO  server.RaftServerConfigKeys (ConfUtils.java:logGet(43)) - raft.server.log.queue.element-limit = 1024 (custom)
2019-09-20 05:49:56,793 [pool-57-thread-1] INFO  server.RaftServerConfigKeys (ConfUtils.java:logGet(43)) - raft.server.log.segment.size.max = 1048576 (custom)
2019-09-20 05:49:56,793 [pool-57-thread-1] INFO  server.RaftServerConfigKeys (ConfUtils.java:logGet(43)) - raft.server.log.preallocated.size = 16384 (custom)
2019-09-20 05:49:56,794 [pool-57-thread-1] INFO  server.RaftServerConfigKeys (ConfUtils.java:logGet(43)) - raft.server.log.write.buffer.size = 33554432 (custom)
2019-09-20 05:49:56,794 [pool-57-thread-1] INFO  server.RaftServerConfigKeys (ConfUtils.java:logGet(43)) - raft.server.log.force.sync.num = 128 (default)
2019-09-20 05:49:56,794 [pool-57-thread-1] INFO  server.RaftServerConfigKeys (ConfUtils.java:logGet(43)) - raft.server.log.statemachine.data.sync = true (default)
2019-09-20 05:49:56,794 [pool-57-thread-1] INFO  server.RaftServerConfigKeys (ConfUtils.java:logGet(43)) - raft.server.log.statemachine.data.sync.timeout = 10s (default)
2019-09-20 05:49:56,794 [pool-57-thread-1] INFO  server.RaftServerConfigKeys (ConfUtils.java:logGet(43)) - raft.server.log.statemachine.data.sync.timeout.retry = -1 (default)
2019-09-20 05:49:56,794 [pool-57-thread-1] INFO  server.RaftServerConfigKeys (ConfUtils.java:logGet(43)) - raft.server.log.statemachine.data.caching.enabled = true (custom)
2019-09-20 05:49:56,794 [pool-57-thread-1] INFO  segmented.SegmentedRaftLogWorker (SegmentedRaftLogWorker.java:lambda$new$0(132)) - 9b918566-8d2f-4f38-9ce1-65f5cd084216-SegmentedRaftLogWorker:Storage Directory /workdir/hadoop-ozone/integration-test/target/test-dir/MiniOzoneClusterImpl-29dd0c8c-da21-41d6-af77-5f0a65600fbb/datanode-0/data/ratis/5db05aaf-cf5c-4e5c-b0a0-d92aaa6454a1: flushIndex: setUnconditionally 0 -> -1
2019-09-20 05:49:56,795 [pool-57-thread-1] INFO  server.RaftServerConfigKeys (ConfUtils.java:logGet(43)) - raft.server.snapshot.auto.trigger.enabled = true (custom)
2019-09-20 05:49:56,795 [pool-57-thread-1] INFO  server.RaftServerConfigKeys (ConfUtils.java:logGet(43)) - raft.server.snapshot.auto.trigger.threshold = 1 (custom)
2019-09-20 05:49:56,795 [pool-57-thread-1] INFO  server.RaftServerConfigKeys (ConfUtils.java:logGet(43)) - raft.server.retrycache.expirytime = 600000ms (custom)
2019-09-20 05:49:56,795 [pool-57-thread-1] INFO  impl.RaftServerImpl (RaftServerImpl.java:start(180)) - 9b918566-8d2f-4f38-9ce1-65f5cd084216: start group-D92AAA6454A1
2019-09-20 05:49:56,795 [pool-57-thread-1] INFO  impl.RaftServerImpl (RaftServerImpl.java:setRole(171)) - 9b918566-8d2f-4f38-9ce1-65f5cd084216:group-D92AAA6454A1 changes role from null to FOLLOWER at term 0 for startAsFollower
2019-09-20 05:49:56,795 [pool-57-thread-1] INFO  impl.RoleInfo (RoleInfo.java:updateAndGet(143)) - 9b918566-8d2f-4f38-9ce1-65f5cd084216: start FollowerState
2019-09-20 05:49:56,796 [pool-57-thread-1] INFO  util.JmxRegister (JmxRegister.java:tryRegister(44)) - Successfully registered JMX Bean with object name Ratis:service=RaftServer,group=group-D92AAA6454A1,id=9b918566-8d2f-4f38-9ce1-65f5cd084216
2019-09-20 05:49:56,797 [RatisPipelineUtilsThread] INFO  pipeline.PipelineStateManager (PipelineStateManager.java:addPipeline(56)) - Created pipeline Pipeline[ Id: 5db05aaf-cf5c-4e5c-b0a0-d92aaa6454a1, Nodes: 9b918566-8d2f-4f38-9ce1-65f5cd084216{ip: 192.168.36.79, host: pr-hdds-1569-s8kj2-2266485376, networkLocation: /default-rack, certSerialId: null}, Type:RATIS, Factor:ONE, State:OPEN]
2019-09-20 05:49:56,798 | INFO  | SCMAudit | user=jenkins1000 | ip=192.168.36.79 | op=SEND_HEARTBEAT {datanodeUUID=9b918566-8d2f-4f38-9ce1-65f5cd084216, command=[]} | ret=SUCCESS |  
2019-09-20 05:49:56,800 [grpc-default-executor-1] INFO  impl.RaftServerProxy (RaftServerProxy.java:addNew(89)) - 9b918566-8d2f-4f38-9ce1-65f5cd084216: addNew group-6F9339ECE373:[9b918566-8d2f-4f38-9ce1-65f5cd084216:192.168.36.79:46843] returns group-6F9339ECE373:java.util.concurrent.CompletableFuture@3ea966b7[Not completed]
2019-09-20 05:49:56,801 [pool-57-thread-1] INFO  impl.RaftServerImpl (RaftServerImpl.java:<init>(93)) - 9b918566-8d2f-4f38-9ce1-65f5cd084216: new RaftServerImpl for group-6F9339ECE373:[9b918566-8d2f-4f38-9ce1-65f5cd084216:192.168.36.79:46843] with ContainerStateMachine:uninitialized
2019-09-20 05:49:56,801 [pool-57-thread-1] INFO  server.RaftServerConfigKeys (ConfUtils.java:logGet(43)) - raft.server.rpc.timeout.min = 5s (custom)
2019-09-20 05:49:56,801 [pool-57-thread-1] INFO  server.RaftServerConfigKeys (ConfUtils.java:logGet(43)) - raft.server.rpc.timeout.max = 5200ms (custom)
2019-09-20 05:49:56,801 [pool-57-thread-1] INFO  server.RaftServerConfigKeys (ConfUtils.java:logGet(43)) - raft.server.rpcslowness.timeout = 120s (custom)
2019-09-20 05:49:56,801 [pool-57-thread-1] INFO  server.RaftServerConfigKeys (ConfUtils.java:logGet(43)) - raft.server.sleep.deviation.threshold = 300 (default)
2019-09-20 05:49:56,801 [pool-57-thread-1] INFO  server.RaftServerConfigKeys (ConfUtils.java:logGet(43)) - raft.server.log.appender.install.snapshot.enabled = false (custom)
2019-09-20 05:49:56,802 [pool-57-thread-1] INFO  impl.RaftServerImpl (ServerState.java:<init>(105)) - 9b918566-8d2f-4f38-9ce1-65f5cd084216:group-6F9339ECE373 ConfigurationManager, init=-1: [9b918566-8d2f-4f38-9ce1-65f5cd084216:192.168.36.79:46843], old=null, confs=<EMPTY_MAP>
2019-09-20 05:49:56,802 [pool-57-thread-1] INFO  server.RaftServerConfigKeys (ConfUtils.java:logGet(43)) - raft.server.storage.dir = [/workdir/hadoop-ozone/integration-test/target/test-dir/MiniOzoneClusterImpl-29dd0c8c-da21-41d6-af77-5f0a65600fbb/datanode-0/data/ratis] (custom)
2019-09-20 05:49:56,802 [pool-57-thread-1] INFO  storage.RaftStorageDirectory (RaftStorageDirectory.java:analyzeStorage(246)) - The storage directory /workdir/hadoop-ozone/integration-test/target/test-dir/MiniOzoneClusterImpl-29dd0c8c-da21-41d6-af77-5f0a65600fbb/datanode-0/data/ratis/7f28a5a4-91fe-4f24-8c8a-6f9339ece373 does not exist. Creating ...
2019-09-20 05:49:56,821 [pool-57-thread-1] INFO  storage.RaftStorageDirectory (RaftStorageDirectory.java:tryLock(328)) - Lock on /workdir/hadoop-ozone/integration-test/target/test-dir/MiniOzoneClusterImpl-29dd0c8c-da21-41d6-af77-5f0a65600fbb/datanode-0/data/ratis/7f28a5a4-91fe-4f24-8c8a-6f9339ece373/in_use.lock acquired by nodename 6907@pr-hdds-1569-s8kj2-2266485376
2019-09-20 05:49:56,840 [pool-57-thread-1] INFO  storage.RaftStorage (RaftStorage.java:format(72)) - Storage directory /workdir/hadoop-ozone/integration-test/target/test-dir/MiniOzoneClusterImpl-29dd0c8c-da21-41d6-af77-5f0a65600fbb/datanode-0/data/ratis/7f28a5a4-91fe-4f24-8c8a-6f9339ece373 has been successfully formatted.
2019-09-20 05:49:56,841 [pool-57-thread-1] INFO  ratis.ContainerStateMachine (ContainerStateMachine.java:loadSnapshot(226)) - group-6F9339ECE373: The snapshot info is null. Setting the last applied indexto:(t:0, i:~)
2019-09-20 05:49:56,841 [pool-57-thread-1] INFO  server.RaftServerConfigKeys (ConfUtils.java:logGet(43)) - raft.server.leader.election.timeout = 120s (custom)
2019-09-20 05:49:56,841 [pool-57-thread-1] INFO  server.RaftServerConfigKeys (ConfUtils.java:logGet(43)) - raft.server.log.use.memory = false (default)
2019-09-20 05:49:56,841 [pool-57-thread-1] INFO  server.RaftServerConfigKeys (ConfUtils.java:logGet(43)) - raft.server.log.purge.gap = 1000000 (custom)
2019-09-20 05:49:56,841 [pool-57-thread-1] INFO  server.RaftServerConfigKeys (ConfUtils.java:logGet(43)) - raft.server.log.appender.buffer.byte-limit = 33554432 (custom)
2019-09-20 05:49:56,841 [pool-57-thread-1] INFO  server.RaftServerConfigKeys (ConfUtils.java:logGet(43)) - raft.server.log.segment.size.max = 1048576 (custom)
2019-09-20 05:49:56,842 [pool-57-thread-1] INFO  server.RaftServerConfigKeys (ConfUtils.java:logGet(43)) - raft.server.log.segment.cache.num.max = 2 (custom)
2019-09-20 05:49:56,842 [pool-57-thread-1] INFO  segmented.SegmentedRaftLogWorker (SegmentedRaftLogWorker.java:<init>(172)) - new 9b918566-8d2f-4f38-9ce1-65f5cd084216-SegmentedRaftLogWorker:Storage Directory /workdir/hadoop-ozone/integration-test/target/test-dir/MiniOzoneClusterImpl-29dd0c8c-da21-41d6-af77-5f0a65600fbb/datanode-0/data/ratis/7f28a5a4-91fe-4f24-8c8a-6f9339ece373 for RaftStorage:Storage Directory /workdir/hadoop-ozone/integration-test/target/test-dir/MiniOzoneClusterImpl-29dd0c8c-da21-41d6-af77-5f0a65600fbb/datanode-0/data/ratis/7f28a5a4-91fe-4f24-8c8a-6f9339ece373
2019-09-20 05:49:56,842 [pool-57-thread-1] INFO  server.RaftServerConfigKeys (ConfUtils.java:logGet(43)) - raft.server.log.queue.byte-limit = 2147483647 (custom)
2019-09-20 05:49:56,842 [pool-57-thread-1] INFO  server.RaftServerConfigKeys (ConfUtils.java:logGet(43)) - raft.server.log.queue.element-limit = 1024 (custom)
2019-09-20 05:49:56,842 [pool-57-thread-1] INFO  server.RaftServerConfigKeys (ConfUtils.java:logGet(43)) - raft.server.log.segment.size.max = 1048576 (custom)
2019-09-20 05:49:56,842 [pool-57-thread-1] INFO  server.RaftServerConfigKeys (ConfUtils.java:logGet(43)) - raft.server.log.preallocated.size = 16384 (custom)
2019-09-20 05:49:56,842 [pool-57-thread-1] INFO  server.RaftServerConfigKeys (ConfUtils.java:logGet(43)) - raft.server.log.write.buffer.size = 33554432 (custom)
2019-09-20 05:49:56,842 [pool-57-thread-1] INFO  server.RaftServerConfigKeys (ConfUtils.java:logGet(43)) - raft.server.log.force.sync.num = 128 (default)
2019-09-20 05:49:56,843 [pool-57-thread-1] INFO  server.RaftServerConfigKeys (ConfUtils.java:logGet(43)) - raft.server.log.statemachine.data.sync = true (default)
2019-09-20 05:49:56,843 [pool-57-thread-1] INFO  server.RaftServerConfigKeys (ConfUtils.java:logGet(43)) - raft.server.log.statemachine.data.sync.timeout = 10s (default)
2019-09-20 05:49:56,843 [pool-57-thread-1] INFO  server.RaftServerConfigKeys (ConfUtils.java:logGet(43)) - raft.server.log.statemachine.data.sync.timeout.retry = -1 (default)
2019-09-20 05:49:56,843 [pool-57-thread-1] INFO  server.RaftServerConfigKeys (ConfUtils.java:logGet(43)) - raft.server.log.statemachine.data.caching.enabled = true (custom)
2019-09-20 05:49:56,843 [pool-57-thread-1] INFO  segmented.SegmentedRaftLogWorker (SegmentedRaftLogWorker.java:lambda$new$0(132)) - 9b918566-8d2f-4f38-9ce1-65f5cd084216-SegmentedRaftLogWorker:Storage Directory /workdir/hadoop-ozone/integration-test/target/test-dir/MiniOzoneClusterImpl-29dd0c8c-da21-41d6-af77-5f0a65600fbb/datanode-0/data/ratis/7f28a5a4-91fe-4f24-8c8a-6f9339ece373: flushIndex: setUnconditionally 0 -> -1
2019-09-20 05:49:56,844 [pool-57-thread-1] INFO  server.RaftServerConfigKeys (ConfUtils.java:logGet(43)) - raft.server.snapshot.auto.trigger.enabled = true (custom)
2019-09-20 05:49:56,844 [pool-57-thread-1] INFO  server.RaftServerConfigKeys (ConfUtils.java:logGet(43)) - raft.server.snapshot.auto.trigger.threshold = 1 (custom)
2019-09-20 05:49:56,844 [pool-57-thread-1] INFO  server.RaftServerConfigKeys (ConfUtils.java:logGet(43)) - raft.server.retrycache.expirytime = 600000ms (custom)
2019-09-20 05:49:56,844 [pool-57-thread-1] INFO  impl.RaftServerImpl (RaftServerImpl.java:start(180)) - 9b918566-8d2f-4f38-9ce1-65f5cd084216: start group-6F9339ECE373
2019-09-20 05:49:56,844 [pool-57-thread-1] INFO  impl.RaftServerImpl (RaftServerImpl.java:setRole(171)) - 9b918566-8d2f-4f38-9ce1-65f5cd084216:group-6F9339ECE373 changes role from null to FOLLOWER at term 0 for startAsFollower
2019-09-20 05:49:56,844 [pool-57-thread-1] INFO  impl.RoleInfo (RoleInfo.java:updateAndGet(143)) - 9b918566-8d2f-4f38-9ce1-65f5cd084216: start FollowerState
2019-09-20 05:49:56,844 [pool-57-thread-1] INFO  util.JmxRegister (JmxRegister.java:tryRegister(44)) - Successfully registered JMX Bean with object name Ratis:service=RaftServer,group=group-6F9339ECE373,id=9b918566-8d2f-4f38-9ce1-65f5cd084216
2019-09-20 05:49:56,846 [RatisPipelineUtilsThread] INFO  pipeline.PipelineStateManager (PipelineStateManager.java:addPipeline(56)) - Created pipeline Pipeline[ Id: 7f28a5a4-91fe-4f24-8c8a-6f9339ece373, Nodes: 9b918566-8d2f-4f38-9ce1-65f5cd084216{ip: 192.168.36.79, host: pr-hdds-1569-s8kj2-2266485376, networkLocation: /default-rack, certSerialId: null}, Type:RATIS, Factor:ONE, State:OPEN]
2019-09-20 05:49:56,848 [grpc-default-executor-1] INFO  impl.RaftServerProxy (RaftServerProxy.java:addNew(89)) - 9b918566-8d2f-4f38-9ce1-65f5cd084216: addNew group-0883C08C7564:[9b918566-8d2f-4f38-9ce1-65f5cd084216:192.168.36.79:46843] returns group-0883C08C7564:java.util.concurrent.CompletableFuture@57277613[Not completed]
2019-09-20 05:49:56,849 [pool-57-thread-1] INFO  impl.RaftServerImpl (RaftServerImpl.java:<init>(93)) - 9b918566-8d2f-4f38-9ce1-65f5cd084216: new RaftServerImpl for group-0883C08C7564:[9b918566-8d2f-4f38-9ce1-65f5cd084216:192.168.36.79:46843] with ContainerStateMachine:uninitialized
2019-09-20 05:49:56,849 [pool-57-thread-1] INFO  server.RaftServerConfigKeys (ConfUtils.java:logGet(43)) - raft.server.rpc.timeout.min = 5s (custom)
2019-09-20 05:49:56,849 [pool-57-thread-1] INFO  server.RaftServerConfigKeys (ConfUtils.java:logGet(43)) - raft.server.rpc.timeout.max = 5200ms (custom)
2019-09-20 05:49:56,849 [pool-57-thread-1] INFO  server.RaftServerConfigKeys (ConfUtils.java:logGet(43)) - raft.server.rpcslowness.timeout = 120s (custom)
2019-09-20 05:49:56,849 [pool-57-thread-1] INFO  server.RaftServerConfigKeys (ConfUtils.java:logGet(43)) - raft.server.sleep.deviation.threshold = 300 (default)
2019-09-20 05:49:56,849 [pool-57-thread-1] INFO  server.RaftServerConfigKeys (ConfUtils.java:logGet(43)) - raft.server.log.appender.install.snapshot.enabled = false (custom)
2019-09-20 05:49:56,850 [pool-57-thread-1] INFO  impl.RaftServerImpl (ServerState.java:<init>(105)) - 9b918566-8d2f-4f38-9ce1-65f5cd084216:group-0883C08C7564 ConfigurationManager, init=-1: [9b918566-8d2f-4f38-9ce1-65f5cd084216:192.168.36.79:46843], old=null, confs=<EMPTY_MAP>
2019-09-20 05:49:56,850 [pool-57-thread-1] INFO  server.RaftServerConfigKeys (ConfUtils.java:logGet(43)) - raft.server.storage.dir = [/workdir/hadoop-ozone/integration-test/target/test-dir/MiniOzoneClusterImpl-29dd0c8c-da21-41d6-af77-5f0a65600fbb/datanode-0/data/ratis] (custom)
2019-09-20 05:49:56,850 [pool-57-thread-1] INFO  storage.RaftStorageDirectory (RaftStorageDirectory.java:analyzeStorage(246)) - The storage directory /workdir/hadoop-ozone/integration-test/target/test-dir/MiniOzoneClusterImpl-29dd0c8c-da21-41d6-af77-5f0a65600fbb/datanode-0/data/ratis/af2e7370-b6e0-4b92-8990-0883c08c7564 does not exist. Creating ...
2019-09-20 05:49:56,882 [pool-57-thread-1] INFO  storage.RaftStorageDirectory (RaftStorageDirectory.java:tryLock(328)) - Lock on /workdir/hadoop-ozone/integration-test/target/test-dir/MiniOzoneClusterImpl-29dd0c8c-da21-41d6-af77-5f0a65600fbb/datanode-0/data/ratis/af2e7370-b6e0-4b92-8990-0883c08c7564/in_use.lock acquired by nodename 6907@pr-hdds-1569-s8kj2-2266485376
2019-09-20 05:49:56,899 [pool-57-thread-1] INFO  storage.RaftStorage (RaftStorage.java:format(72)) - Storage directory /workdir/hadoop-ozone/integration-test/target/test-dir/MiniOzoneClusterImpl-29dd0c8c-da21-41d6-af77-5f0a65600fbb/datanode-0/data/ratis/af2e7370-b6e0-4b92-8990-0883c08c7564 has been successfully formatted.
2019-09-20 05:49:56,899 [pool-57-thread-1] INFO  ratis.ContainerStateMachine (ContainerStateMachine.java:loadSnapshot(226)) - group-0883C08C7564: The snapshot info is null. Setting the last applied indexto:(t:0, i:~)
2019-09-20 05:49:56,899 [pool-57-thread-1] INFO  server.RaftServerConfigKeys (ConfUtils.java:logGet(43)) - raft.server.leader.election.timeout = 120s (custom)
2019-09-20 05:49:56,899 [pool-57-thread-1] INFO  server.RaftServerConfigKeys (ConfUtils.java:logGet(43)) - raft.server.log.use.memory = false (default)
2019-09-20 05:49:56,899 [pool-57-thread-1] INFO  server.RaftServerConfigKeys (ConfUtils.java:logGet(43)) - raft.server.log.purge.gap = 1000000 (custom)
2019-09-20 05:49:56,899 [pool-57-thread-1] INFO  server.RaftServerConfigKeys (ConfUtils.java:logGet(43)) - raft.server.log.appender.buffer.byte-limit = 33554432 (custom)
2019-09-20 05:49:56,899 [pool-57-thread-1] INFO  server.RaftServerConfigKeys (ConfUtils.java:logGet(43)) - raft.server.log.segment.size.max = 1048576 (custom)
2019-09-20 05:49:56,900 [pool-57-thread-1] INFO  server.RaftServerConfigKeys (ConfUtils.java:logGet(43)) - raft.server.log.segment.cache.num.max = 2 (custom)
2019-09-20 05:49:56,900 [pool-57-thread-1] INFO  segmented.SegmentedRaftLogWorker (SegmentedRaftLogWorker.java:<init>(172)) - new 9b918566-8d2f-4f38-9ce1-65f5cd084216-SegmentedRaftLogWorker:Storage Directory /workdir/hadoop-ozone/integration-test/target/test-dir/MiniOzoneClusterImpl-29dd0c8c-da21-41d6-af77-5f0a65600fbb/datanode-0/data/ratis/af2e7370-b6e0-4b92-8990-0883c08c7564 for RaftStorage:Storage Directory /workdir/hadoop-ozone/integration-test/target/test-dir/MiniOzoneClusterImpl-29dd0c8c-da21-41d6-af77-5f0a65600fbb/datanode-0/data/ratis/af2e7370-b6e0-4b92-8990-0883c08c7564
2019-09-20 05:49:56,900 [pool-57-thread-1] INFO  server.RaftServerConfigKeys (ConfUtils.java:logGet(43)) - raft.server.log.queue.byte-limit = 2147483647 (custom)
2019-09-20 05:49:56,900 [pool-57-thread-1] INFO  server.RaftServerConfigKeys (ConfUtils.java:logGet(43)) - raft.server.log.queue.element-limit = 1024 (custom)
2019-09-20 05:49:56,900 [pool-57-thread-1] INFO  server.RaftServerConfigKeys (ConfUtils.java:logGet(43)) - raft.server.log.segment.size.max = 1048576 (custom)
2019-09-20 05:49:56,900 [pool-57-thread-1] INFO  server.RaftServerConfigKeys (ConfUtils.java:logGet(43)) - raft.server.log.preallocated.size = 16384 (custom)
2019-09-20 05:49:56,900 [pool-57-thread-1] INFO  server.RaftServerConfigKeys (ConfUtils.java:logGet(43)) - raft.server.log.write.buffer.size = 33554432 (custom)
2019-09-20 05:49:56,901 [pool-57-thread-1] INFO  server.RaftServerConfigKeys (ConfUtils.java:logGet(43)) - raft.server.log.force.sync.num = 128 (default)
2019-09-20 05:49:56,901 [pool-57-thread-1] INFO  server.RaftServerConfigKeys (ConfUtils.java:logGet(43)) - raft.server.log.statemachine.data.sync = true (default)
2019-09-20 05:49:56,901 [pool-57-thread-1] INFO  server.RaftServerConfigKeys (ConfUtils.java:logGet(43)) - raft.server.log.statemachine.data.sync.timeout = 10s (default)
2019-09-20 05:49:56,901 [pool-57-thread-1] INFO  server.RaftServerConfigKeys (ConfUtils.java:logGet(43)) - raft.server.log.statemachine.data.sync.timeout.retry = -1 (default)
2019-09-20 05:49:56,901 [pool-57-thread-1] INFO  server.RaftServerConfigKeys (ConfUtils.java:logGet(43)) - raft.server.log.statemachine.data.caching.enabled = true (custom)
2019-09-20 05:49:56,901 [pool-57-thread-1] INFO  segmented.SegmentedRaftLogWorker (SegmentedRaftLogWorker.java:lambda$new$0(132)) - 9b918566-8d2f-4f38-9ce1-65f5cd084216-SegmentedRaftLogWorker:Storage Directory /workdir/hadoop-ozone/integration-test/target/test-dir/MiniOzoneClusterImpl-29dd0c8c-da21-41d6-af77-5f0a65600fbb/datanode-0/data/ratis/af2e7370-b6e0-4b92-8990-0883c08c7564: flushIndex: setUnconditionally 0 -> -1
2019-09-20 05:49:56,902 [pool-57-thread-1] INFO  server.RaftServerConfigKeys (ConfUtils.java:logGet(43)) - raft.server.snapshot.auto.trigger.enabled = true (custom)
2019-09-20 05:49:56,902 [pool-57-thread-1] INFO  server.RaftServerConfigKeys (ConfUtils.java:logGet(43)) - raft.server.snapshot.auto.trigger.threshold = 1 (custom)
2019-09-20 05:49:56,902 [pool-57-thread-1] INFO  server.RaftServerConfigKeys (ConfUtils.java:logGet(43)) - raft.server.retrycache.expirytime = 600000ms (custom)
2019-09-20 05:49:56,902 [pool-57-thread-1] INFO  impl.RaftServerImpl (RaftServerImpl.java:start(180)) - 9b918566-8d2f-4f38-9ce1-65f5cd084216: start group-0883C08C7564
2019-09-20 05:49:56,902 [pool-57-thread-1] INFO  impl.RaftServerImpl (RaftServerImpl.java:setRole(171)) - 9b918566-8d2f-4f38-9ce1-65f5cd084216:group-0883C08C7564 changes role from null to FOLLOWER at term 0 for startAsFollower
2019-09-20 05:49:56,902 [pool-57-thread-1] INFO  impl.RoleInfo (RoleInfo.java:updateAndGet(143)) - 9b918566-8d2f-4f38-9ce1-65f5cd084216: start FollowerState
2019-09-20 05:49:56,903 [pool-57-thread-1] INFO  util.JmxRegister (JmxRegister.java:tryRegister(44)) - Successfully registered JMX Bean with object name Ratis:service=RaftServer,group=group-0883C08C7564,id=9b918566-8d2f-4f38-9ce1-65f5cd084216
2019-09-20 05:49:56,904 [RatisPipelineUtilsThread] INFO  pipeline.PipelineStateManager (PipelineStateManager.java:addPipeline(56)) - Created pipeline Pipeline[ Id: af2e7370-b6e0-4b92-8990-0883c08c7564, Nodes: 9b918566-8d2f-4f38-9ce1-65f5cd084216{ip: 192.168.36.79, host: pr-hdds-1569-s8kj2-2266485376, networkLocation: /default-rack, certSerialId: null}, Type:RATIS, Factor:ONE, State:OPEN]
2019-09-20 05:49:56,907 [grpc-default-executor-1] INFO  impl.RaftServerProxy (RaftServerProxy.java:addNew(89)) - 9b918566-8d2f-4f38-9ce1-65f5cd084216: addNew group-1BD78048652F:[9b918566-8d2f-4f38-9ce1-65f5cd084216:192.168.36.79:46843] returns group-1BD78048652F:java.util.concurrent.CompletableFuture@c3d048f[Not completed]
2019-09-20 05:49:56,907 [pool-57-thread-1] INFO  impl.RaftServerImpl (RaftServerImpl.java:<init>(93)) - 9b918566-8d2f-4f38-9ce1-65f5cd084216: new RaftServerImpl for group-1BD78048652F:[9b918566-8d2f-4f38-9ce1-65f5cd084216:192.168.36.79:46843] with ContainerStateMachine:uninitialized
2019-09-20 05:49:56,908 [pool-57-thread-1] INFO  server.RaftServerConfigKeys (ConfUtils.java:logGet(43)) - raft.server.rpc.timeout.min = 5s (custom)
2019-09-20 05:49:56,908 [pool-57-thread-1] INFO  server.RaftServerConfigKeys (ConfUtils.java:logGet(43)) - raft.server.rpc.timeout.max = 5200ms (custom)
2019-09-20 05:49:56,908 [pool-57-thread-1] INFO  server.RaftServerConfigKeys (ConfUtils.java:logGet(43)) - raft.server.rpcslowness.timeout = 120s (custom)
2019-09-20 05:49:56,908 [pool-57-thread-1] INFO  server.RaftServerConfigKeys (ConfUtils.java:logGet(43)) - raft.server.sleep.deviation.threshold = 300 (default)
2019-09-20 05:49:56,908 [pool-57-thread-1] INFO  server.RaftServerConfigKeys (ConfUtils.java:logGet(43)) - raft.server.log.appender.install.snapshot.enabled = false (custom)
2019-09-20 05:49:56,908 [pool-57-thread-1] INFO  impl.RaftServerImpl (ServerState.java:<init>(105)) - 9b918566-8d2f-4f38-9ce1-65f5cd084216:group-1BD78048652F ConfigurationManager, init=-1: [9b918566-8d2f-4f38-9ce1-65f5cd084216:192.168.36.79:46843], old=null, confs=<EMPTY_MAP>
2019-09-20 05:49:56,908 [pool-57-thread-1] INFO  server.RaftServerConfigKeys (ConfUtils.java:logGet(43)) - raft.server.storage.dir = [/workdir/hadoop-ozone/integration-test/target/test-dir/MiniOzoneClusterImpl-29dd0c8c-da21-41d6-af77-5f0a65600fbb/datanode-0/data/ratis] (custom)
2019-09-20 05:49:56,909 [pool-57-thread-1] INFO  storage.RaftStorageDirectory (RaftStorageDirectory.java:analyzeStorage(246)) - The storage directory /workdir/hadoop-ozone/integration-test/target/test-dir/MiniOzoneClusterImpl-29dd0c8c-da21-41d6-af77-5f0a65600fbb/datanode-0/data/ratis/b4d9f047-3e65-4635-9a27-1bd78048652f does not exist. Creating ...
2019-09-20 05:49:56,926 [pool-57-thread-1] INFO  storage.RaftStorageDirectory (RaftStorageDirectory.java:tryLock(328)) - Lock on /workdir/hadoop-ozone/integration-test/target/test-dir/MiniOzoneClusterImpl-29dd0c8c-da21-41d6-af77-5f0a65600fbb/datanode-0/data/ratis/b4d9f047-3e65-4635-9a27-1bd78048652f/in_use.lock acquired by nodename 6907@pr-hdds-1569-s8kj2-2266485376
2019-09-20 05:49:56,955 [pool-57-thread-1] INFO  storage.RaftStorage (RaftStorage.java:format(72)) - Storage directory /workdir/hadoop-ozone/integration-test/target/test-dir/MiniOzoneClusterImpl-29dd0c8c-da21-41d6-af77-5f0a65600fbb/datanode-0/data/ratis/b4d9f047-3e65-4635-9a27-1bd78048652f has been successfully formatted.
2019-09-20 05:49:56,955 [pool-57-thread-1] INFO  ratis.ContainerStateMachine (ContainerStateMachine.java:loadSnapshot(226)) - group-1BD78048652F: The snapshot info is null. Setting the last applied indexto:(t:0, i:~)
2019-09-20 05:49:56,955 [pool-57-thread-1] INFO  server.RaftServerConfigKeys (ConfUtils.java:logGet(43)) - raft.server.leader.election.timeout = 120s (custom)
2019-09-20 05:49:56,955 [pool-57-thread-1] INFO  server.RaftServerConfigKeys (ConfUtils.java:logGet(43)) - raft.server.log.use.memory = false (default)
2019-09-20 05:49:56,955 [pool-57-thread-1] INFO  server.RaftServerConfigKeys (ConfUtils.java:logGet(43)) - raft.server.log.purge.gap = 1000000 (custom)
2019-09-20 05:49:56,955 [pool-57-thread-1] INFO  server.RaftServerConfigKeys (ConfUtils.java:logGet(43)) - raft.server.log.appender.buffer.byte-limit = 33554432 (custom)
2019-09-20 05:49:56,955 [pool-57-thread-1] INFO  server.RaftServerConfigKeys (ConfUtils.java:logGet(43)) - raft.server.log.segment.size.max = 1048576 (custom)
2019-09-20 05:49:56,955 [pool-57-thread-1] INFO  server.RaftServerConfigKeys (ConfUtils.java:logGet(43)) - raft.server.log.segment.cache.num.max = 2 (custom)
2019-09-20 05:49:56,956 [pool-57-thread-1] INFO  segmented.SegmentedRaftLogWorker (SegmentedRaftLogWorker.java:<init>(172)) - new 9b918566-8d2f-4f38-9ce1-65f5cd084216-SegmentedRaftLogWorker:Storage Directory /workdir/hadoop-ozone/integration-test/target/test-dir/MiniOzoneClusterImpl-29dd0c8c-da21-41d6-af77-5f0a65600fbb/datanode-0/data/ratis/b4d9f047-3e65-4635-9a27-1bd78048652f for RaftStorage:Storage Directory /workdir/hadoop-ozone/integration-test/target/test-dir/MiniOzoneClusterImpl-29dd0c8c-da21-41d6-af77-5f0a65600fbb/datanode-0/data/ratis/b4d9f047-3e65-4635-9a27-1bd78048652f
2019-09-20 05:49:56,956 [pool-57-thread-1] INFO  server.RaftServerConfigKeys (ConfUtils.java:logGet(43)) - raft.server.log.queue.byte-limit = 2147483647 (custom)
2019-09-20 05:49:56,956 [pool-57-thread-1] INFO  server.RaftServerConfigKeys (ConfUtils.java:logGet(43)) - raft.server.log.queue.element-limit = 1024 (custom)
2019-09-20 05:49:56,956 [pool-57-thread-1] INFO  server.RaftServerConfigKeys (ConfUtils.java:logGet(43)) - raft.server.log.segment.size.max = 1048576 (custom)
2019-09-20 05:49:56,956 [pool-57-thread-1] INFO  server.RaftServerConfigKeys (ConfUtils.java:logGet(43)) - raft.server.log.preallocated.size = 16384 (custom)
2019-09-20 05:49:56,956 [pool-57-thread-1] INFO  server.RaftServerConfigKeys (ConfUtils.java:logGet(43)) - raft.server.log.write.buffer.size = 33554432 (custom)
2019-09-20 05:49:56,956 [pool-57-thread-1] INFO  server.RaftServerConfigKeys (ConfUtils.java:logGet(43)) - raft.server.log.force.sync.num = 128 (default)
2019-09-20 05:49:56,956 [pool-57-thread-1] INFO  server.RaftServerConfigKeys (ConfUtils.java:logGet(43)) - raft.server.log.statemachine.data.sync = true (default)
2019-09-20 05:49:56,956 [pool-57-thread-1] INFO  server.RaftServerConfigKeys (ConfUtils.java:logGet(43)) - raft.server.log.statemachine.data.sync.timeout = 10s (default)
2019-09-20 05:49:56,956 [pool-57-thread-1] INFO  server.RaftServerConfigKeys (ConfUtils.java:logGet(43)) - raft.server.log.statemachine.data.sync.timeout.retry = -1 (default)
2019-09-20 05:49:56,956 [pool-57-thread-1] INFO  server.RaftServerConfigKeys (ConfUtils.java:logGet(43)) - raft.server.log.statemachine.data.caching.enabled = true (custom)
2019-09-20 05:49:56,957 [pool-57-thread-1] INFO  segmented.SegmentedRaftLogWorker (SegmentedRaftLogWorker.java:lambda$new$0(132)) - 9b918566-8d2f-4f38-9ce1-65f5cd084216-SegmentedRaftLogWorker:Storage Directory /workdir/hadoop-ozone/integration-test/target/test-dir/MiniOzoneClusterImpl-29dd0c8c-da21-41d6-af77-5f0a65600fbb/datanode-0/data/ratis/b4d9f047-3e65-4635-9a27-1bd78048652f: flushIndex: setUnconditionally 0 -> -1
2019-09-20 05:49:56,957 [pool-57-thread-1] INFO  server.RaftServerConfigKeys (ConfUtils.java:logGet(43)) - raft.server.snapshot.auto.trigger.enabled = true (custom)
2019-09-20 05:49:56,957 [pool-57-thread-1] INFO  server.RaftServerConfigKeys (ConfUtils.java:logGet(43)) - raft.server.snapshot.auto.trigger.threshold = 1 (custom)
2019-09-20 05:49:56,957 [pool-57-thread-1] INFO  server.RaftServerConfigKeys (ConfUtils.java:logGet(43)) - raft.server.retrycache.expirytime = 600000ms (custom)
2019-09-20 05:49:56,957 [pool-57-thread-1] INFO  impl.RaftServerImpl (RaftServerImpl.java:start(180)) - 9b918566-8d2f-4f38-9ce1-65f5cd084216: start group-1BD78048652F
2019-09-20 05:49:56,957 [pool-57-thread-1] INFO  impl.RaftServerImpl (RaftServerImpl.java:setRole(171)) - 9b918566-8d2f-4f38-9ce1-65f5cd084216:group-1BD78048652F changes role from null to FOLLOWER at term 0 for startAsFollower
2019-09-20 05:49:56,957 [pool-57-thread-1] INFO  impl.RoleInfo (RoleInfo.java:updateAndGet(143)) - 9b918566-8d2f-4f38-9ce1-65f5cd084216: start FollowerState
2019-09-20 05:49:56,957 [pool-57-thread-1] INFO  util.JmxRegister (JmxRegister.java:tryRegister(44)) - Successfully registered JMX Bean with object name Ratis:service=RaftServer,group=group-1BD78048652F,id=9b918566-8d2f-4f38-9ce1-65f5cd084216
2019-09-20 05:49:56,959 [RatisPipelineUtilsThread] INFO  pipeline.PipelineStateManager (PipelineStateManager.java:addPipeline(56)) - Created pipeline Pipeline[ Id: b4d9f047-3e65-4635-9a27-1bd78048652f, Nodes: 9b918566-8d2f-4f38-9ce1-65f5cd084216{ip: 192.168.36.79, host: pr-hdds-1569-s8kj2-2266485376, networkLocation: /default-rack, certSerialId: null}, Type:RATIS, Factor:ONE, State:OPEN]
2019-09-20 05:49:56,961 [grpc-default-executor-1] INFO  impl.RaftServerProxy (RaftServerProxy.java:addNew(89)) - 9b918566-8d2f-4f38-9ce1-65f5cd084216: addNew group-9C0E88CA037B:[9b918566-8d2f-4f38-9ce1-65f5cd084216:192.168.36.79:46843] returns group-9C0E88CA037B:java.util.concurrent.CompletableFuture@7d738fb1[Not completed]
2019-09-20 05:49:56,962 [pool-57-thread-1] INFO  impl.RaftServerImpl (RaftServerImpl.java:<init>(93)) - 9b918566-8d2f-4f38-9ce1-65f5cd084216: new RaftServerImpl for group-9C0E88CA037B:[9b918566-8d2f-4f38-9ce1-65f5cd084216:192.168.36.79:46843] with ContainerStateMachine:uninitialized
2019-09-20 05:49:56,962 [pool-57-thread-1] INFO  server.RaftServerConfigKeys (ConfUtils.java:logGet(43)) - raft.server.rpc.timeout.min = 5s (custom)
2019-09-20 05:49:56,962 [pool-57-thread-1] INFO  server.RaftServerConfigKeys (ConfUtils.java:logGet(43)) - raft.server.rpc.timeout.max = 5200ms (custom)
2019-09-20 05:49:56,962 [pool-57-thread-1] INFO  server.RaftServerConfigKeys (ConfUtils.java:logGet(43)) - raft.server.rpcslowness.timeout = 120s (custom)
2019-09-20 05:49:56,962 [pool-57-thread-1] INFO  server.RaftServerConfigKeys (ConfUtils.java:logGet(43)) - raft.server.sleep.deviation.threshold = 300 (default)
2019-09-20 05:49:56,962 [pool-57-thread-1] INFO  server.RaftServerConfigKeys (ConfUtils.java:logGet(43)) - raft.server.log.appender.install.snapshot.enabled = false (custom)
2019-09-20 05:49:56,962 [pool-57-thread-1] INFO  impl.RaftServerImpl (ServerState.java:<init>(105)) - 9b918566-8d2f-4f38-9ce1-65f5cd084216:group-9C0E88CA037B ConfigurationManager, init=-1: [9b918566-8d2f-4f38-9ce1-65f5cd084216:192.168.36.79:46843], old=null, confs=<EMPTY_MAP>
2019-09-20 05:49:56,962 [pool-57-thread-1] INFO  server.RaftServerConfigKeys (ConfUtils.java:logGet(43)) - raft.server.storage.dir = [/workdir/hadoop-ozone/integration-test/target/test-dir/MiniOzoneClusterImpl-29dd0c8c-da21-41d6-af77-5f0a65600fbb/datanode-0/data/ratis] (custom)
2019-09-20 05:49:56,963 [pool-57-thread-1] INFO  storage.RaftStorageDirectory (RaftStorageDirectory.java:analyzeStorage(246)) - The storage directory /workdir/hadoop-ozone/integration-test/target/test-dir/MiniOzoneClusterImpl-29dd0c8c-da21-41d6-af77-5f0a65600fbb/datanode-0/data/ratis/bd32e54c-a199-4f69-b253-9c0e88ca037b does not exist. Creating ...
2019-09-20 05:49:56,977 [pool-57-thread-1] INFO  storage.RaftStorageDirectory (RaftStorageDirectory.java:tryLock(328)) - Lock on /workdir/hadoop-ozone/integration-test/target/test-dir/MiniOzoneClusterImpl-29dd0c8c-da21-41d6-af77-5f0a65600fbb/datanode-0/data/ratis/bd32e54c-a199-4f69-b253-9c0e88ca037b/in_use.lock acquired by nodename 6907@pr-hdds-1569-s8kj2-2266485376
2019-09-20 05:49:56,994 [pool-57-thread-1] INFO  storage.RaftStorage (RaftStorage.java:format(72)) - Storage directory /workdir/hadoop-ozone/integration-test/target/test-dir/MiniOzoneClusterImpl-29dd0c8c-da21-41d6-af77-5f0a65600fbb/datanode-0/data/ratis/bd32e54c-a199-4f69-b253-9c0e88ca037b has been successfully formatted.
2019-09-20 05:49:56,994 [pool-57-thread-1] INFO  ratis.ContainerStateMachine (ContainerStateMachine.java:loadSnapshot(226)) - group-9C0E88CA037B: The snapshot info is null. Setting the last applied indexto:(t:0, i:~)
2019-09-20 05:49:56,994 [pool-57-thread-1] INFO  server.RaftServerConfigKeys (ConfUtils.java:logGet(43)) - raft.server.leader.election.timeout = 120s (custom)
2019-09-20 05:49:56,994 [pool-57-thread-1] INFO  server.RaftServerConfigKeys (ConfUtils.java:logGet(43)) - raft.server.log.use.memory = false (default)
2019-09-20 05:49:56,994 [pool-57-thread-1] INFO  server.RaftServerConfigKeys (ConfUtils.java:logGet(43)) - raft.server.log.purge.gap = 1000000 (custom)
2019-09-20 05:49:56,995 [pool-57-thread-1] INFO  server.RaftServerConfigKeys (ConfUtils.java:logGet(43)) - raft.server.log.appender.buffer.byte-limit = 33554432 (custom)
2019-09-20 05:49:56,995 [pool-57-thread-1] INFO  server.RaftServerConfigKeys (ConfUtils.java:logGet(43)) - raft.server.log.segment.size.max = 1048576 (custom)
2019-09-20 05:49:56,995 [pool-57-thread-1] INFO  server.RaftServerConfigKeys (ConfUtils.java:logGet(43)) - raft.server.log.segment.cache.num.max = 2 (custom)
2019-09-20 05:49:56,995 [pool-57-thread-1] INFO  segmented.SegmentedRaftLogWorker (SegmentedRaftLogWorker.java:<init>(172)) - new 9b918566-8d2f-4f38-9ce1-65f5cd084216-SegmentedRaftLogWorker:Storage Directory /workdir/hadoop-ozone/integration-test/target/test-dir/MiniOzoneClusterImpl-29dd0c8c-da21-41d6-af77-5f0a65600fbb/datanode-0/data/ratis/bd32e54c-a199-4f69-b253-9c0e88ca037b for RaftStorage:Storage Directory /workdir/hadoop-ozone/integration-test/target/test-dir/MiniOzoneClusterImpl-29dd0c8c-da21-41d6-af77-5f0a65600fbb/datanode-0/data/ratis/bd32e54c-a199-4f69-b253-9c0e88ca037b
2019-09-20 05:49:56,995 [pool-57-thread-1] INFO  server.RaftServerConfigKeys (ConfUtils.java:logGet(43)) - raft.server.log.queue.byte-limit = 2147483647 (custom)
2019-09-20 05:49:56,995 [pool-57-thread-1] INFO  server.RaftServerConfigKeys (ConfUtils.java:logGet(43)) - raft.server.log.queue.element-limit = 1024 (custom)
2019-09-20 05:49:56,995 [pool-57-thread-1] INFO  server.RaftServerConfigKeys (ConfUtils.java:logGet(43)) - raft.server.log.segment.size.max = 1048576 (custom)
2019-09-20 05:49:56,995 [pool-57-thread-1] INFO  server.RaftServerConfigKeys (ConfUtils.java:logGet(43)) - raft.server.log.preallocated.size = 16384 (custom)
2019-09-20 05:49:56,995 [pool-57-thread-1] INFO  server.RaftServerConfigKeys (ConfUtils.java:logGet(43)) - raft.server.log.write.buffer.size = 33554432 (custom)
2019-09-20 05:49:56,995 [pool-57-thread-1] INFO  server.RaftServerConfigKeys (ConfUtils.java:logGet(43)) - raft.server.log.force.sync.num = 128 (default)
2019-09-20 05:49:56,996 [pool-57-thread-1] INFO  server.RaftServerConfigKeys (ConfUtils.java:logGet(43)) - raft.server.log.statemachine.data.sync = true (default)
2019-09-20 05:49:56,996 [pool-57-thread-1] INFO  server.RaftServerConfigKeys (ConfUtils.java:logGet(43)) - raft.server.log.statemachine.data.sync.timeout = 10s (default)
2019-09-20 05:49:56,996 [pool-57-thread-1] INFO  server.RaftServerConfigKeys (ConfUtils.java:logGet(43)) - raft.server.log.statemachine.data.sync.timeout.retry = -1 (default)
2019-09-20 05:49:56,996 [pool-57-thread-1] INFO  server.RaftServerConfigKeys (ConfUtils.java:logGet(43)) - raft.server.log.statemachine.data.caching.enabled = true (custom)
2019-09-20 05:49:56,996 [pool-57-thread-1] INFO  segmented.SegmentedRaftLogWorker (SegmentedRaftLogWorker.java:lambda$new$0(132)) - 9b918566-8d2f-4f38-9ce1-65f5cd084216-SegmentedRaftLogWorker:Storage Directory /workdir/hadoop-ozone/integration-test/target/test-dir/MiniOzoneClusterImpl-29dd0c8c-da21-41d6-af77-5f0a65600fbb/datanode-0/data/ratis/bd32e54c-a199-4f69-b253-9c0e88ca037b: flushIndex: setUnconditionally 0 -> -1
2019-09-20 05:49:56,996 [pool-57-thread-1] INFO  server.RaftServerConfigKeys (ConfUtils.java:logGet(43)) - raft.server.snapshot.auto.trigger.enabled = true (custom)
2019-09-20 05:49:56,996 [pool-57-thread-1] INFO  server.RaftServerConfigKeys (ConfUtils.java:logGet(43)) - raft.server.snapshot.auto.trigger.threshold = 1 (custom)
2019-09-20 05:49:56,996 [pool-57-thread-1] INFO  server.RaftServerConfigKeys (ConfUtils.java:logGet(43)) - raft.server.retrycache.expirytime = 600000ms (custom)
2019-09-20 05:49:56,997 [pool-57-thread-1] INFO  impl.RaftServerImpl (RaftServerImpl.java:start(180)) - 9b918566-8d2f-4f38-9ce1-65f5cd084216: start group-9C0E88CA037B
2019-09-20 05:49:56,997 [pool-57-thread-1] INFO  impl.RaftServerImpl (RaftServerImpl.java:setRole(171)) - 9b918566-8d2f-4f38-9ce1-65f5cd084216:group-9C0E88CA037B changes role from null to FOLLOWER at term 0 for startAsFollower
2019-09-20 05:49:56,997 [pool-57-thread-1] INFO  impl.RoleInfo (RoleInfo.java:updateAndGet(143)) - 9b918566-8d2f-4f38-9ce1-65f5cd084216: start FollowerState
2019-09-20 05:49:56,997 [pool-57-thread-1] INFO  util.JmxRegister (JmxRegister.java:tryRegister(44)) - Successfully registered JMX Bean with object name Ratis:service=RaftServer,group=group-9C0E88CA037B,id=9b918566-8d2f-4f38-9ce1-65f5cd084216
2019-09-20 05:49:56,998 [RatisPipelineUtilsThread] INFO  pipeline.PipelineStateManager (PipelineStateManager.java:addPipeline(56)) - Created pipeline Pipeline[ Id: bd32e54c-a199-4f69-b253-9c0e88ca037b, Nodes: 9b918566-8d2f-4f38-9ce1-65f5cd084216{ip: 192.168.36.79, host: pr-hdds-1569-s8kj2-2266485376, networkLocation: /default-rack, certSerialId: null}, Type:RATIS, Factor:ONE, State:OPEN]
2019-09-20 05:49:56,999 | INFO  | SCMAudit | user=jenkins1000 | ip=192.168.36.79 | op=SEND_HEARTBEAT {datanodeUUID=9b918566-8d2f-4f38-9ce1-65f5cd084216, command=[]} | ret=SUCCESS |  
2019-09-20 05:49:57,001 [grpc-default-executor-1] INFO  impl.RaftServerProxy (RaftServerProxy.java:addNew(89)) - 9b918566-8d2f-4f38-9ce1-65f5cd084216: addNew group-411864D226A5:[9b918566-8d2f-4f38-9ce1-65f5cd084216:192.168.36.79:46843] returns group-411864D226A5:java.util.concurrent.CompletableFuture@42cfc25f[Not completed]
2019-09-20 05:49:57,001 [pool-57-thread-1] INFO  impl.RaftServerImpl (RaftServerImpl.java:<init>(93)) - 9b918566-8d2f-4f38-9ce1-65f5cd084216: new RaftServerImpl for group-411864D226A5:[9b918566-8d2f-4f38-9ce1-65f5cd084216:192.168.36.79:46843] with ContainerStateMachine:uninitialized
2019-09-20 05:49:57,001 [pool-57-thread-1] INFO  server.RaftServerConfigKeys (ConfUtils.java:logGet(43)) - raft.server.rpc.timeout.min = 5s (custom)
2019-09-20 05:49:57,002 [pool-57-thread-1] INFO  server.RaftServerConfigKeys (ConfUtils.java:logGet(43)) - raft.server.rpc.timeout.max = 5200ms (custom)
2019-09-20 05:49:57,002 [pool-57-thread-1] INFO  server.RaftServerConfigKeys (ConfUtils.java:logGet(43)) - raft.server.rpcslowness.timeout = 120s (custom)
2019-09-20 05:49:57,002 [pool-57-thread-1] INFO  server.RaftServerConfigKeys (ConfUtils.java:logGet(43)) - raft.server.sleep.deviation.threshold = 300 (default)
2019-09-20 05:49:57,002 [pool-57-thread-1] INFO  server.RaftServerConfigKeys (ConfUtils.java:logGet(43)) - raft.server.log.appender.install.snapshot.enabled = false (custom)
2019-09-20 05:49:57,002 [pool-57-thread-1] INFO  impl.RaftServerImpl (ServerState.java:<init>(105)) - 9b918566-8d2f-4f38-9ce1-65f5cd084216:group-411864D226A5 ConfigurationManager, init=-1: [9b918566-8d2f-4f38-9ce1-65f5cd084216:192.168.36.79:46843], old=null, confs=<EMPTY_MAP>
2019-09-20 05:49:57,002 [pool-57-thread-1] INFO  server.RaftServerConfigKeys (ConfUtils.java:logGet(43)) - raft.server.storage.dir = [/workdir/hadoop-ozone/integration-test/target/test-dir/MiniOzoneClusterImpl-29dd0c8c-da21-41d6-af77-5f0a65600fbb/datanode-0/data/ratis] (custom)
2019-09-20 05:49:57,002 [pool-57-thread-1] INFO  storage.RaftStorageDirectory (RaftStorageDirectory.java:analyzeStorage(246)) - The storage directory /workdir/hadoop-ozone/integration-test/target/test-dir/MiniOzoneClusterImpl-29dd0c8c-da21-41d6-af77-5f0a65600fbb/datanode-0/data/ratis/0348ebd0-7307-491b-bc6d-411864d226a5 does not exist. Creating ...
2019-09-20 05:49:57,062 [pool-57-thread-1] INFO  storage.RaftStorageDirectory (RaftStorageDirectory.java:tryLock(328)) - Lock on /workdir/hadoop-ozone/integration-test/target/test-dir/MiniOzoneClusterImpl-29dd0c8c-da21-41d6-af77-5f0a65600fbb/datanode-0/data/ratis/0348ebd0-7307-491b-bc6d-411864d226a5/in_use.lock acquired by nodename 6907@pr-hdds-1569-s8kj2-2266485376
2019-09-20 05:49:57,088 [pool-57-thread-1] INFO  storage.RaftStorage (RaftStorage.java:format(72)) - Storage directory /workdir/hadoop-ozone/integration-test/target/test-dir/MiniOzoneClusterImpl-29dd0c8c-da21-41d6-af77-5f0a65600fbb/datanode-0/data/ratis/0348ebd0-7307-491b-bc6d-411864d226a5 has been successfully formatted.
2019-09-20 05:49:57,089 [pool-57-thread-1] INFO  ratis.ContainerStateMachine (ContainerStateMachine.java:loadSnapshot(226)) - group-411864D226A5: The snapshot info is null. Setting the last applied indexto:(t:0, i:~)
2019-09-20 05:49:57,089 [pool-57-thread-1] INFO  server.RaftServerConfigKeys (ConfUtils.java:logGet(43)) - raft.server.leader.election.timeout = 120s (custom)
2019-09-20 05:49:57,089 [pool-57-thread-1] INFO  server.RaftServerConfigKeys (ConfUtils.java:logGet(43)) - raft.server.log.use.memory = false (default)
2019-09-20 05:49:57,089 [pool-57-thread-1] INFO  server.RaftServerConfigKeys (ConfUtils.java:logGet(43)) - raft.server.log.purge.gap = 1000000 (custom)
2019-09-20 05:49:57,089 [pool-57-thread-1] INFO  server.RaftServerConfigKeys (ConfUtils.java:logGet(43)) - raft.server.log.appender.buffer.byte-limit = 33554432 (custom)
2019-09-20 05:49:57,089 [pool-57-thread-1] INFO  server.RaftServerConfigKeys (ConfUtils.java:logGet(43)) - raft.server.log.segment.size.max = 1048576 (custom)
2019-09-20 05:49:57,090 [pool-57-thread-1] INFO  server.RaftServerConfigKeys (ConfUtils.java:logGet(43)) - raft.server.log.segment.cache.num.max = 2 (custom)
2019-09-20 05:49:57,090 [pool-57-thread-1] INFO  segmented.SegmentedRaftLogWorker (SegmentedRaftLogWorker.java:<init>(172)) - new 9b918566-8d2f-4f38-9ce1-65f5cd084216-SegmentedRaftLogWorker:Storage Directory /workdir/hadoop-ozone/integration-test/target/test-dir/MiniOzoneClusterImpl-29dd0c8c-da21-41d6-af77-5f0a65600fbb/datanode-0/data/ratis/0348ebd0-7307-491b-bc6d-411864d226a5 for RaftStorage:Storage Directory /workdir/hadoop-ozone/integration-test/target/test-dir/MiniOzoneClusterImpl-29dd0c8c-da21-41d6-af77-5f0a65600fbb/datanode-0/data/ratis/0348ebd0-7307-491b-bc6d-411864d226a5
2019-09-20 05:49:57,090 [pool-57-thread-1] INFO  server.RaftServerConfigKeys (ConfUtils.java:logGet(43)) - raft.server.log.queue.byte-limit = 2147483647 (custom)
2019-09-20 05:49:57,090 [pool-57-thread-1] INFO  server.RaftServerConfigKeys (ConfUtils.java:logGet(43)) - raft.server.log.queue.element-limit = 1024 (custom)
2019-09-20 05:49:57,090 [pool-57-thread-1] INFO  server.RaftServerConfigKeys (ConfUtils.java:logGet(43)) - raft.server.log.segment.size.max = 1048576 (custom)
2019-09-20 05:49:57,090 [pool-57-thread-1] INFO  server.RaftServerConfigKeys (ConfUtils.java:logGet(43)) - raft.server.log.preallocated.size = 16384 (custom)
2019-09-20 05:49:57,090 [pool-57-thread-1] INFO  server.RaftServerConfigKeys (ConfUtils.java:logGet(43)) - raft.server.log.write.buffer.size = 33554432 (custom)
2019-09-20 05:49:57,091 [pool-57-thread-1] INFO  server.RaftServerConfigKeys (ConfUtils.java:logGet(43)) - raft.server.log.force.sync.num = 128 (default)
2019-09-20 05:49:57,091 [pool-57-thread-1] INFO  server.RaftServerConfigKeys (ConfUtils.java:logGet(43)) - raft.server.log.statemachine.data.sync = true (default)
2019-09-20 05:49:57,091 [pool-57-thread-1] INFO  server.RaftServerConfigKeys (ConfUtils.java:logGet(43)) - raft.server.log.statemachine.data.sync.timeout = 10s (default)
2019-09-20 05:49:57,091 [pool-57-thread-1] INFO  server.RaftServerConfigKeys (ConfUtils.java:logGet(43)) - raft.server.log.statemachine.data.sync.timeout.retry = -1 (default)
2019-09-20 05:49:57,091 [pool-57-thread-1] INFO  server.RaftServerConfigKeys (ConfUtils.java:logGet(43)) - raft.server.log.statemachine.data.caching.enabled = true (custom)
2019-09-20 05:49:57,091 [pool-57-thread-1] INFO  segmented.SegmentedRaftLogWorker (SegmentedRaftLogWorker.java:lambda$new$0(132)) - 9b918566-8d2f-4f38-9ce1-65f5cd084216-SegmentedRaftLogWorker:Storage Directory /workdir/hadoop-ozone/integration-test/target/test-dir/MiniOzoneClusterImpl-29dd0c8c-da21-41d6-af77-5f0a65600fbb/datanode-0/data/ratis/0348ebd0-7307-491b-bc6d-411864d226a5: flushIndex: setUnconditionally 0 -> -1
2019-09-20 05:49:57,092 [pool-57-thread-1] INFO  server.RaftServerConfigKeys (ConfUtils.java:logGet(43)) - raft.server.snapshot.auto.trigger.enabled = true (custom)
2019-09-20 05:49:57,092 [pool-57-thread-1] INFO  server.RaftServerConfigKeys (ConfUtils.java:logGet(43)) - raft.server.snapshot.auto.trigger.threshold = 1 (custom)
2019-09-20 05:49:57,092 [pool-57-thread-1] INFO  server.RaftServerConfigKeys (ConfUtils.java:logGet(43)) - raft.server.retrycache.expirytime = 600000ms (custom)
2019-09-20 05:49:57,092 [pool-57-thread-1] INFO  impl.RaftServerImpl (RaftServerImpl.java:start(180)) - 9b918566-8d2f-4f38-9ce1-65f5cd084216: start group-411864D226A5
2019-09-20 05:49:57,092 [pool-57-thread-1] INFO  impl.RaftServerImpl (RaftServerImpl.java:setRole(171)) - 9b918566-8d2f-4f38-9ce1-65f5cd084216:group-411864D226A5 changes role from null to FOLLOWER at term 0 for startAsFollower
2019-09-20 05:49:57,092 [pool-57-thread-1] INFO  impl.RoleInfo (RoleInfo.java:updateAndGet(143)) - 9b918566-8d2f-4f38-9ce1-65f5cd084216: start FollowerState
2019-09-20 05:49:57,093 [pool-57-thread-1] INFO  util.JmxRegister (JmxRegister.java:tryRegister(44)) - Successfully registered JMX Bean with object name Ratis:service=RaftServer,group=group-411864D226A5,id=9b918566-8d2f-4f38-9ce1-65f5cd084216
2019-09-20 05:49:57,094 [RatisPipelineUtilsThread] INFO  pipeline.PipelineStateManager (PipelineStateManager.java:addPipeline(56)) - Created pipeline Pipeline[ Id: 0348ebd0-7307-491b-bc6d-411864d226a5, Nodes: 9b918566-8d2f-4f38-9ce1-65f5cd084216{ip: 192.168.36.79, host: pr-hdds-1569-s8kj2-2266485376, networkLocation: /default-rack, certSerialId: null}, Type:RATIS, Factor:ONE, State:OPEN]
2019-09-20 05:49:57,097 [grpc-default-executor-1] INFO  impl.RaftServerProxy (RaftServerProxy.java:addNew(89)) - 9b918566-8d2f-4f38-9ce1-65f5cd084216: addNew group-1A133489CAE7:[9b918566-8d2f-4f38-9ce1-65f5cd084216:192.168.36.79:46843] returns group-1A133489CAE7:java.util.concurrent.CompletableFuture@755df647[Not completed]
2019-09-20 05:49:57,098 [pool-57-thread-1] INFO  impl.RaftServerImpl (RaftServerImpl.java:<init>(93)) - 9b918566-8d2f-4f38-9ce1-65f5cd084216: new RaftServerImpl for group-1A133489CAE7:[9b918566-8d2f-4f38-9ce1-65f5cd084216:192.168.36.79:46843] with ContainerStateMachine:uninitialized
2019-09-20 05:49:57,098 [pool-57-thread-1] INFO  server.RaftServerConfigKeys (ConfUtils.java:logGet(43)) - raft.server.rpc.timeout.min = 5s (custom)
2019-09-20 05:49:57,098 [pool-57-thread-1] INFO  server.RaftServerConfigKeys (ConfUtils.java:logGet(43)) - raft.server.rpc.timeout.max = 5200ms (custom)
2019-09-20 05:49:57,098 [pool-57-thread-1] INFO  server.RaftServerConfigKeys (ConfUtils.java:logGet(43)) - raft.server.rpcslowness.timeout = 120s (custom)
2019-09-20 05:49:57,098 [pool-57-thread-1] INFO  server.RaftServerConfigKeys (ConfUtils.java:logGet(43)) - raft.server.sleep.deviation.threshold = 300 (default)
2019-09-20 05:49:57,098 [pool-57-thread-1] INFO  server.RaftServerConfigKeys (ConfUtils.java:logGet(43)) - raft.server.log.appender.install.snapshot.enabled = false (custom)
2019-09-20 05:49:57,099 [pool-57-thread-1] INFO  impl.RaftServerImpl (ServerState.java:<init>(105)) - 9b918566-8d2f-4f38-9ce1-65f5cd084216:group-1A133489CAE7 ConfigurationManager, init=-1: [9b918566-8d2f-4f38-9ce1-65f5cd084216:192.168.36.79:46843], old=null, confs=<EMPTY_MAP>
2019-09-20 05:49:57,099 [pool-57-thread-1] INFO  server.RaftServerConfigKeys (ConfUtils.java:logGet(43)) - raft.server.storage.dir = [/workdir/hadoop-ozone/integration-test/target/test-dir/MiniOzoneClusterImpl-29dd0c8c-da21-41d6-af77-5f0a65600fbb/datanode-0/data/ratis] (custom)
2019-09-20 05:49:57,099 [pool-57-thread-1] INFO  storage.RaftStorageDirectory (RaftStorageDirectory.java:analyzeStorage(246)) - The storage directory /workdir/hadoop-ozone/integration-test/target/test-dir/MiniOzoneClusterImpl-29dd0c8c-da21-41d6-af77-5f0a65600fbb/datanode-0/data/ratis/53225230-02f4-4a79-8e5c-1a133489cae7 does not exist. Creating ...
2019-09-20 05:49:57,130 [pool-57-thread-1] INFO  storage.RaftStorageDirectory (RaftStorageDirectory.java:tryLock(328)) - Lock on /workdir/hadoop-ozone/integration-test/target/test-dir/MiniOzoneClusterImpl-29dd0c8c-da21-41d6-af77-5f0a65600fbb/datanode-0/data/ratis/53225230-02f4-4a79-8e5c-1a133489cae7/in_use.lock acquired by nodename 6907@pr-hdds-1569-s8kj2-2266485376
2019-09-20 05:49:57,156 [pool-57-thread-1] INFO  storage.RaftStorage (RaftStorage.java:format(72)) - Storage directory /workdir/hadoop-ozone/integration-test/target/test-dir/MiniOzoneClusterImpl-29dd0c8c-da21-41d6-af77-5f0a65600fbb/datanode-0/data/ratis/53225230-02f4-4a79-8e5c-1a133489cae7 has been successfully formatted.
2019-09-20 05:49:57,156 [pool-57-thread-1] INFO  ratis.ContainerStateMachine (ContainerStateMachine.java:loadSnapshot(226)) - group-1A133489CAE7: The snapshot info is null. Setting the last applied indexto:(t:0, i:~)
2019-09-20 05:49:57,157 [pool-57-thread-1] INFO  server.RaftServerConfigKeys (ConfUtils.java:logGet(43)) - raft.server.leader.election.timeout = 120s (custom)
2019-09-20 05:49:57,157 [pool-57-thread-1] INFO  server.RaftServerConfigKeys (ConfUtils.java:logGet(43)) - raft.server.log.use.memory = false (default)
2019-09-20 05:49:57,157 [pool-57-thread-1] INFO  server.RaftServerConfigKeys (ConfUtils.java:logGet(43)) - raft.server.log.purge.gap = 1000000 (custom)
2019-09-20 05:49:57,157 [pool-57-thread-1] INFO  server.RaftServerConfigKeys (ConfUtils.java:logGet(43)) - raft.server.log.appender.buffer.byte-limit = 33554432 (custom)
2019-09-20 05:49:57,157 [pool-57-thread-1] INFO  server.RaftServerConfigKeys (ConfUtils.java:logGet(43)) - raft.server.log.segment.size.max = 1048576 (custom)
2019-09-20 05:49:57,157 [pool-57-thread-1] INFO  server.RaftServerConfigKeys (ConfUtils.java:logGet(43)) - raft.server.log.segment.cache.num.max = 2 (custom)
2019-09-20 05:49:57,157 [pool-57-thread-1] INFO  segmented.SegmentedRaftLogWorker (SegmentedRaftLogWorker.java:<init>(172)) - new 9b918566-8d2f-4f38-9ce1-65f5cd084216-SegmentedRaftLogWorker:Storage Directory /workdir/hadoop-ozone/integration-test/target/test-dir/MiniOzoneClusterImpl-29dd0c8c-da21-41d6-af77-5f0a65600fbb/datanode-0/data/ratis/53225230-02f4-4a79-8e5c-1a133489cae7 for RaftStorage:Storage Directory /workdir/hadoop-ozone/integration-test/target/test-dir/MiniOzoneClusterImpl-29dd0c8c-da21-41d6-af77-5f0a65600fbb/datanode-0/data/ratis/53225230-02f4-4a79-8e5c-1a133489cae7
2019-09-20 05:49:57,158 [pool-57-thread-1] INFO  server.RaftServerConfigKeys (ConfUtils.java:logGet(43)) - raft.server.log.queue.byte-limit = 2147483647 (custom)
2019-09-20 05:49:57,158 [pool-57-thread-1] INFO  server.RaftServerConfigKeys (ConfUtils.java:logGet(43)) - raft.server.log.queue.element-limit = 1024 (custom)
2019-09-20 05:49:57,158 [pool-57-thread-1] INFO  server.RaftServerConfigKeys (ConfUtils.java:logGet(43)) - raft.server.log.segment.size.max = 1048576 (custom)
2019-09-20 05:49:57,158 [pool-57-thread-1] INFO  server.RaftServerConfigKeys (ConfUtils.java:logGet(43)) - raft.server.log.preallocated.size = 16384 (custom)
2019-09-20 05:49:57,158 [pool-57-thread-1] INFO  server.RaftServerConfigKeys (ConfUtils.java:logGet(43)) - raft.server.log.write.buffer.size = 33554432 (custom)
2019-09-20 05:49:57,158 [pool-57-thread-1] INFO  server.RaftServerConfigKeys (ConfUtils.java:logGet(43)) - raft.server.log.force.sync.num = 128 (default)
2019-09-20 05:49:57,158 [pool-57-thread-1] INFO  server.RaftServerConfigKeys (ConfUtils.java:logGet(43)) - raft.server.log.statemachine.data.sync = true (default)
2019-09-20 05:49:57,159 [pool-57-thread-1] INFO  server.RaftServerConfigKeys (ConfUtils.java:logGet(43)) - raft.server.log.statemachine.data.sync.timeout = 10s (default)
2019-09-20 05:49:57,159 [pool-57-thread-1] INFO  server.RaftServerConfigKeys (ConfUtils.java:logGet(43)) - raft.server.log.statemachine.data.sync.timeout.retry = -1 (default)
2019-09-20 05:49:57,159 [pool-57-thread-1] INFO  server.RaftServerConfigKeys (ConfUtils.java:logGet(43)) - raft.server.log.statemachine.data.caching.enabled = true (custom)
2019-09-20 05:49:57,159 [pool-57-thread-1] INFO  segmented.SegmentedRaftLogWorker (SegmentedRaftLogWorker.java:lambda$new$0(132)) - 9b918566-8d2f-4f38-9ce1-65f5cd084216-SegmentedRaftLogWorker:Storage Directory /workdir/hadoop-ozone/integration-test/target/test-dir/MiniOzoneClusterImpl-29dd0c8c-da21-41d6-af77-5f0a65600fbb/datanode-0/data/ratis/53225230-02f4-4a79-8e5c-1a133489cae7: flushIndex: setUnconditionally 0 -> -1
2019-09-20 05:49:57,159 [pool-57-thread-1] INFO  server.RaftServerConfigKeys (ConfUtils.java:logGet(43)) - raft.server.snapshot.auto.trigger.enabled = true (custom)
2019-09-20 05:49:57,160 [pool-57-thread-1] INFO  server.RaftServerConfigKeys (ConfUtils.java:logGet(43)) - raft.server.snapshot.auto.trigger.threshold = 1 (custom)
2019-09-20 05:49:57,160 [pool-57-thread-1] INFO  server.RaftServerConfigKeys (ConfUtils.java:logGet(43)) - raft.server.retrycache.expirytime = 600000ms (custom)
2019-09-20 05:49:57,160 [pool-57-thread-1] INFO  impl.RaftServerImpl (RaftServerImpl.java:start(180)) - 9b918566-8d2f-4f38-9ce1-65f5cd084216: start group-1A133489CAE7
2019-09-20 05:49:57,160 [pool-57-thread-1] INFO  impl.RaftServerImpl (RaftServerImpl.java:setRole(171)) - 9b918566-8d2f-4f38-9ce1-65f5cd084216:group-1A133489CAE7 changes role from null to FOLLOWER at term 0 for startAsFollower
2019-09-20 05:49:57,160 [pool-57-thread-1] INFO  impl.RoleInfo (RoleInfo.java:updateAndGet(143)) - 9b918566-8d2f-4f38-9ce1-65f5cd084216: start FollowerState
2019-09-20 05:49:57,160 [pool-57-thread-1] INFO  util.JmxRegister (JmxRegister.java:tryRegister(44)) - Successfully registered JMX Bean with object name Ratis:service=RaftServer,group=group-1A133489CAE7,id=9b918566-8d2f-4f38-9ce1-65f5cd084216
2019-09-20 05:49:57,162 [RatisPipelineUtilsThread] INFO  pipeline.PipelineStateManager (PipelineStateManager.java:addPipeline(56)) - Created pipeline Pipeline[ Id: 53225230-02f4-4a79-8e5c-1a133489cae7, Nodes: 9b918566-8d2f-4f38-9ce1-65f5cd084216{ip: 192.168.36.79, host: pr-hdds-1569-s8kj2-2266485376, networkLocation: /default-rack, certSerialId: null}, Type:RATIS, Factor:ONE, State:OPEN]
2019-09-20 05:49:57,165 [grpc-default-executor-1] INFO  impl.RaftServerProxy (RaftServerProxy.java:addNew(89)) - 9b918566-8d2f-4f38-9ce1-65f5cd084216: addNew group-9A6C3C6757D2:[9b918566-8d2f-4f38-9ce1-65f5cd084216:192.168.36.79:46843] returns group-9A6C3C6757D2:java.util.concurrent.CompletableFuture@7a265dd8[Not completed]
2019-09-20 05:49:57,165 [pool-57-thread-1] INFO  impl.RaftServerImpl (RaftServerImpl.java:<init>(93)) - 9b918566-8d2f-4f38-9ce1-65f5cd084216: new RaftServerImpl for group-9A6C3C6757D2:[9b918566-8d2f-4f38-9ce1-65f5cd084216:192.168.36.79:46843] with ContainerStateMachine:uninitialized
2019-09-20 05:49:57,166 [pool-57-thread-1] INFO  server.RaftServerConfigKeys (ConfUtils.java:logGet(43)) - raft.server.rpc.timeout.min = 5s (custom)
2019-09-20 05:49:57,166 [pool-57-thread-1] INFO  server.RaftServerConfigKeys (ConfUtils.java:logGet(43)) - raft.server.rpc.timeout.max = 5200ms (custom)
2019-09-20 05:49:57,166 [pool-57-thread-1] INFO  server.RaftServerConfigKeys (ConfUtils.java:logGet(43)) - raft.server.rpcslowness.timeout = 120s (custom)
2019-09-20 05:49:57,166 [pool-57-thread-1] INFO  server.RaftServerConfigKeys (ConfUtils.java:logGet(43)) - raft.server.sleep.deviation.threshold = 300 (default)
2019-09-20 05:49:57,166 [pool-57-thread-1] INFO  server.RaftServerConfigKeys (ConfUtils.java:logGet(43)) - raft.server.log.appender.install.snapshot.enabled = false (custom)
2019-09-20 05:49:57,166 [pool-57-thread-1] INFO  impl.RaftServerImpl (ServerState.java:<init>(105)) - 9b918566-8d2f-4f38-9ce1-65f5cd084216:group-9A6C3C6757D2 ConfigurationManager, init=-1: [9b918566-8d2f-4f38-9ce1-65f5cd084216:192.168.36.79:46843], old=null, confs=<EMPTY_MAP>
2019-09-20 05:49:57,166 [pool-57-thread-1] INFO  server.RaftServerConfigKeys (ConfUtils.java:logGet(43)) - raft.server.storage.dir = [/workdir/hadoop-ozone/integration-test/target/test-dir/MiniOzoneClusterImpl-29dd0c8c-da21-41d6-af77-5f0a65600fbb/datanode-0/data/ratis] (custom)
2019-09-20 05:49:57,166 [pool-57-thread-1] INFO  storage.RaftStorageDirectory (RaftStorageDirectory.java:analyzeStorage(246)) - The storage directory /workdir/hadoop-ozone/integration-test/target/test-dir/MiniOzoneClusterImpl-29dd0c8c-da21-41d6-af77-5f0a65600fbb/datanode-0/data/ratis/db0bb9ef-4c46-411b-9a54-9a6c3c6757d2 does not exist. Creating ...
2019-09-20 05:49:57,199 | INFO  | SCMAudit | user=jenkins1000 | ip=192.168.36.79 | op=SEND_HEARTBEAT {datanodeUUID=9b918566-8d2f-4f38-9ce1-65f5cd084216, command=[]} | ret=SUCCESS |  
2019-09-20 05:49:57,203 [pool-57-thread-1] INFO  storage.RaftStorageDirectory (RaftStorageDirectory.java:tryLock(328)) - Lock on /workdir/hadoop-ozone/integration-test/target/test-dir/MiniOzoneClusterImpl-29dd0c8c-da21-41d6-af77-5f0a65600fbb/datanode-0/data/ratis/db0bb9ef-4c46-411b-9a54-9a6c3c6757d2/in_use.lock acquired by nodename 6907@pr-hdds-1569-s8kj2-2266485376
2019-09-20 05:49:57,231 [pool-57-thread-1] INFO  storage.RaftStorage (RaftStorage.java:format(72)) - Storage directory /workdir/hadoop-ozone/integration-test/target/test-dir/MiniOzoneClusterImpl-29dd0c8c-da21-41d6-af77-5f0a65600fbb/datanode-0/data/ratis/db0bb9ef-4c46-411b-9a54-9a6c3c6757d2 has been successfully formatted.
2019-09-20 05:49:57,231 [pool-57-thread-1] INFO  ratis.ContainerStateMachine (ContainerStateMachine.java:loadSnapshot(226)) - group-9A6C3C6757D2: The snapshot info is null. Setting the last applied indexto:(t:0, i:~)
2019-09-20 05:49:57,231 [pool-57-thread-1] INFO  server.RaftServerConfigKeys (ConfUtils.java:logGet(43)) - raft.server.leader.election.timeout = 120s (custom)
2019-09-20 05:49:57,231 [pool-57-thread-1] INFO  server.RaftServerConfigKeys (ConfUtils.java:logGet(43)) - raft.server.log.use.memory = false (default)
2019-09-20 05:49:57,231 [pool-57-thread-1] INFO  server.RaftServerConfigKeys (ConfUtils.java:logGet(43)) - raft.server.log.purge.gap = 1000000 (custom)
2019-09-20 05:49:57,231 [pool-57-thread-1] INFO  server.RaftServerConfigKeys (ConfUtils.java:logGet(43)) - raft.server.log.appender.buffer.byte-limit = 33554432 (custom)
2019-09-20 05:49:57,231 [pool-57-thread-1] INFO  server.RaftServerConfigKeys (ConfUtils.java:logGet(43)) - raft.server.log.segment.size.max = 1048576 (custom)
2019-09-20 05:49:57,231 [pool-57-thread-1] INFO  server.RaftServerConfigKeys (ConfUtils.java:logGet(43)) - raft.server.log.segment.cache.num.max = 2 (custom)
2019-09-20 05:49:57,232 [pool-57-thread-1] INFO  segmented.SegmentedRaftLogWorker (SegmentedRaftLogWorker.java:<init>(172)) - new 9b918566-8d2f-4f38-9ce1-65f5cd084216-SegmentedRaftLogWorker:Storage Directory /workdir/hadoop-ozone/integration-test/target/test-dir/MiniOzoneClusterImpl-29dd0c8c-da21-41d6-af77-5f0a65600fbb/datanode-0/data/ratis/db0bb9ef-4c46-411b-9a54-9a6c3c6757d2 for RaftStorage:Storage Directory /workdir/hadoop-ozone/integration-test/target/test-dir/MiniOzoneClusterImpl-29dd0c8c-da21-41d6-af77-5f0a65600fbb/datanode-0/data/ratis/db0bb9ef-4c46-411b-9a54-9a6c3c6757d2
2019-09-20 05:49:57,232 [pool-57-thread-1] INFO  server.RaftServerConfigKeys (ConfUtils.java:logGet(43)) - raft.server.log.queue.byte-limit = 2147483647 (custom)
2019-09-20 05:49:57,232 [pool-57-thread-1] INFO  server.RaftServerConfigKeys (ConfUtils.java:logGet(43)) - raft.server.log.queue.element-limit = 1024 (custom)
2019-09-20 05:49:57,232 [pool-57-thread-1] INFO  server.RaftServerConfigKeys (ConfUtils.java:logGet(43)) - raft.server.log.segment.size.max = 1048576 (custom)
2019-09-20 05:49:57,232 [pool-57-thread-1] INFO  server.RaftServerConfigKeys (ConfUtils.java:logGet(43)) - raft.server.log.preallocated.size = 16384 (custom)
2019-09-20 05:49:57,232 [pool-57-thread-1] INFO  server.RaftServerConfigKeys (ConfUtils.java:logGet(43)) - raft.server.log.write.buffer.size = 33554432 (custom)
2019-09-20 05:49:57,232 [pool-57-thread-1] INFO  server.RaftServerConfigKeys (ConfUtils.java:logGet(43)) - raft.server.log.force.sync.num = 128 (default)
2019-09-20 05:49:57,232 [pool-57-thread-1] INFO  server.RaftServerConfigKeys (ConfUtils.java:logGet(43)) - raft.server.log.statemachine.data.sync = true (default)
2019-09-20 05:49:57,232 [pool-57-thread-1] INFO  server.RaftServerConfigKeys (ConfUtils.java:logGet(43)) - raft.server.log.statemachine.data.sync.timeout = 10s (default)
2019-09-20 05:49:57,232 [pool-57-thread-1] INFO  server.RaftServerConfigKeys (ConfUtils.java:logGet(43)) - raft.server.log.statemachine.data.sync.timeout.retry = -1 (default)
2019-09-20 05:49:57,232 [pool-57-thread-1] INFO  server.RaftServerConfigKeys (ConfUtils.java:logGet(43)) - raft.server.log.statemachine.data.caching.enabled = true (custom)
2019-09-20 05:49:57,233 [pool-57-thread-1] INFO  segmented.SegmentedRaftLogWorker (SegmentedRaftLogWorker.java:lambda$new$0(132)) - 9b918566-8d2f-4f38-9ce1-65f5cd084216-SegmentedRaftLogWorker:Storage Directory /workdir/hadoop-ozone/integration-test/target/test-dir/MiniOzoneClusterImpl-29dd0c8c-da21-41d6-af77-5f0a65600fbb/datanode-0/data/ratis/db0bb9ef-4c46-411b-9a54-9a6c3c6757d2: flushIndex: setUnconditionally 0 -> -1
2019-09-20 05:49:57,233 [pool-57-thread-1] INFO  server.RaftServerConfigKeys (ConfUtils.java:logGet(43)) - raft.server.snapshot.auto.trigger.enabled = true (custom)
2019-09-20 05:49:57,233 [pool-57-thread-1] INFO  server.RaftServerConfigKeys (ConfUtils.java:logGet(43)) - raft.server.snapshot.auto.trigger.threshold = 1 (custom)
2019-09-20 05:49:57,233 [pool-57-thread-1] INFO  server.RaftServerConfigKeys (ConfUtils.java:logGet(43)) - raft.server.retrycache.expirytime = 600000ms (custom)
2019-09-20 05:49:57,233 [pool-57-thread-1] INFO  impl.RaftServerImpl (RaftServerImpl.java:start(180)) - 9b918566-8d2f-4f38-9ce1-65f5cd084216: start group-9A6C3C6757D2
2019-09-20 05:49:57,233 [pool-57-thread-1] INFO  impl.RaftServerImpl (RaftServerImpl.java:setRole(171)) - 9b918566-8d2f-4f38-9ce1-65f5cd084216:group-9A6C3C6757D2 changes role from null to FOLLOWER at term 0 for startAsFollower
2019-09-20 05:49:57,233 [pool-57-thread-1] INFO  impl.RoleInfo (RoleInfo.java:updateAndGet(143)) - 9b918566-8d2f-4f38-9ce1-65f5cd084216: start FollowerState
2019-09-20 05:49:57,233 [pool-57-thread-1] INFO  util.JmxRegister (JmxRegister.java:tryRegister(44)) - Successfully registered JMX Bean with object name Ratis:service=RaftServer,group=group-9A6C3C6757D2,id=9b918566-8d2f-4f38-9ce1-65f5cd084216
2019-09-20 05:49:57,235 [RatisPipelineUtilsThread] INFO  pipeline.PipelineStateManager (PipelineStateManager.java:addPipeline(56)) - Created pipeline Pipeline[ Id: db0bb9ef-4c46-411b-9a54-9a6c3c6757d2, Nodes: 9b918566-8d2f-4f38-9ce1-65f5cd084216{ip: 192.168.36.79, host: pr-hdds-1569-s8kj2-2266485376, networkLocation: /default-rack, certSerialId: null}, Type:RATIS, Factor:ONE, State:OPEN]
2019-09-20 05:49:57,238 [grpc-default-executor-1] INFO  impl.RaftServerProxy (RaftServerProxy.java:addNew(89)) - 9b918566-8d2f-4f38-9ce1-65f5cd084216: addNew group-74A429BF9C44:[9b918566-8d2f-4f38-9ce1-65f5cd084216:192.168.36.79:46843] returns group-74A429BF9C44:java.util.concurrent.CompletableFuture@6309f088[Not completed]
2019-09-20 05:49:57,238 [pool-57-thread-1] INFO  impl.RaftServerImpl (RaftServerImpl.java:<init>(93)) - 9b918566-8d2f-4f38-9ce1-65f5cd084216: new RaftServerImpl for group-74A429BF9C44:[9b918566-8d2f-4f38-9ce1-65f5cd084216:192.168.36.79:46843] with ContainerStateMachine:uninitialized
2019-09-20 05:49:57,238 [pool-57-thread-1] INFO  server.RaftServerConfigKeys (ConfUtils.java:logGet(43)) - raft.server.rpc.timeout.min = 5s (custom)
2019-09-20 05:49:57,238 [pool-57-thread-1] INFO  server.RaftServerConfigKeys (ConfUtils.java:logGet(43)) - raft.server.rpc.timeout.max = 5200ms (custom)
2019-09-20 05:49:57,239 [pool-57-thread-1] INFO  server.RaftServerConfigKeys (ConfUtils.java:logGet(43)) - raft.server.rpcslowness.timeout = 120s (custom)
2019-09-20 05:49:57,239 [pool-57-thread-1] INFO  server.RaftServerConfigKeys (ConfUtils.java:logGet(43)) - raft.server.sleep.deviation.threshold = 300 (default)
2019-09-20 05:49:57,239 [pool-57-thread-1] INFO  server.RaftServerConfigKeys (ConfUtils.java:logGet(43)) - raft.server.log.appender.install.snapshot.enabled = false (custom)
2019-09-20 05:49:57,239 [pool-57-thread-1] INFO  impl.RaftServerImpl (ServerState.java:<init>(105)) - 9b918566-8d2f-4f38-9ce1-65f5cd084216:group-74A429BF9C44 ConfigurationManager, init=-1: [9b918566-8d2f-4f38-9ce1-65f5cd084216:192.168.36.79:46843], old=null, confs=<EMPTY_MAP>
2019-09-20 05:49:57,239 [pool-57-thread-1] INFO  server.RaftServerConfigKeys (ConfUtils.java:logGet(43)) - raft.server.storage.dir = [/workdir/hadoop-ozone/integration-test/target/test-dir/MiniOzoneClusterImpl-29dd0c8c-da21-41d6-af77-5f0a65600fbb/datanode-0/data/ratis] (custom)
2019-09-20 05:49:57,239 [pool-57-thread-1] INFO  storage.RaftStorageDirectory (RaftStorageDirectory.java:analyzeStorage(246)) - The storage directory /workdir/hadoop-ozone/integration-test/target/test-dir/MiniOzoneClusterImpl-29dd0c8c-da21-41d6-af77-5f0a65600fbb/datanode-0/data/ratis/35408a17-0b5a-42b3-b143-74a429bf9c44 does not exist. Creating ...
2019-09-20 05:49:57,265 [pool-57-thread-1] INFO  storage.RaftStorageDirectory (RaftStorageDirectory.java:tryLock(328)) - Lock on /workdir/hadoop-ozone/integration-test/target/test-dir/MiniOzoneClusterImpl-29dd0c8c-da21-41d6-af77-5f0a65600fbb/datanode-0/data/ratis/35408a17-0b5a-42b3-b143-74a429bf9c44/in_use.lock acquired by nodename 6907@pr-hdds-1569-s8kj2-2266485376
2019-09-20 05:49:57,284 [pool-57-thread-1] INFO  storage.RaftStorage (RaftStorage.java:format(72)) - Storage directory /workdir/hadoop-ozone/integration-test/target/test-dir/MiniOzoneClusterImpl-29dd0c8c-da21-41d6-af77-5f0a65600fbb/datanode-0/data/ratis/35408a17-0b5a-42b3-b143-74a429bf9c44 has been successfully formatted.
2019-09-20 05:49:57,284 [pool-57-thread-1] INFO  ratis.ContainerStateMachine (ContainerStateMachine.java:loadSnapshot(226)) - group-74A429BF9C44: The snapshot info is null. Setting the last applied indexto:(t:0, i:~)
2019-09-20 05:49:57,284 [pool-57-thread-1] INFO  server.RaftServerConfigKeys (ConfUtils.java:logGet(43)) - raft.server.leader.election.timeout = 120s (custom)
2019-09-20 05:49:57,284 [pool-57-thread-1] INFO  server.RaftServerConfigKeys (ConfUtils.java:logGet(43)) - raft.server.log.use.memory = false (default)
2019-09-20 05:49:57,284 [pool-57-thread-1] INFO  server.RaftServerConfigKeys (ConfUtils.java:logGet(43)) - raft.server.log.purge.gap = 1000000 (custom)
2019-09-20 05:49:57,284 [pool-57-thread-1] INFO  server.RaftServerConfigKeys (ConfUtils.java:logGet(43)) - raft.server.log.appender.buffer.byte-limit = 33554432 (custom)
2019-09-20 05:49:57,285 [pool-57-thread-1] INFO  server.RaftServerConfigKeys (ConfUtils.java:logGet(43)) - raft.server.log.segment.size.max = 1048576 (custom)
2019-09-20 05:49:57,285 [pool-57-thread-1] INFO  server.RaftServerConfigKeys (ConfUtils.java:logGet(43)) - raft.server.log.segment.cache.num.max = 2 (custom)
2019-09-20 05:49:57,285 [pool-57-thread-1] INFO  segmented.SegmentedRaftLogWorker (SegmentedRaftLogWorker.java:<init>(172)) - new 9b918566-8d2f-4f38-9ce1-65f5cd084216-SegmentedRaftLogWorker:Storage Directory /workdir/hadoop-ozone/integration-test/target/test-dir/MiniOzoneClusterImpl-29dd0c8c-da21-41d6-af77-5f0a65600fbb/datanode-0/data/ratis/35408a17-0b5a-42b3-b143-74a429bf9c44 for RaftStorage:Storage Directory /workdir/hadoop-ozone/integration-test/target/test-dir/MiniOzoneClusterImpl-29dd0c8c-da21-41d6-af77-5f0a65600fbb/datanode-0/data/ratis/35408a17-0b5a-42b3-b143-74a429bf9c44
2019-09-20 05:49:57,285 [pool-57-thread-1] INFO  server.RaftServerConfigKeys (ConfUtils.java:logGet(43)) - raft.server.log.queue.byte-limit = 2147483647 (custom)
2019-09-20 05:49:57,285 [pool-57-thread-1] INFO  server.RaftServerConfigKeys (ConfUtils.java:logGet(43)) - raft.server.log.queue.element-limit = 1024 (custom)
2019-09-20 05:49:57,285 [pool-57-thread-1] INFO  server.RaftServerConfigKeys (ConfUtils.java:logGet(43)) - raft.server.log.segment.size.max = 1048576 (custom)
2019-09-20 05:49:57,285 [pool-57-thread-1] INFO  server.RaftServerConfigKeys (ConfUtils.java:logGet(43)) - raft.server.log.preallocated.size = 16384 (custom)
2019-09-20 05:49:57,285 [pool-57-thread-1] INFO  server.RaftServerConfigKeys (ConfUtils.java:logGet(43)) - raft.server.log.write.buffer.size = 33554432 (custom)
2019-09-20 05:49:57,285 [pool-57-thread-1] INFO  server.RaftServerConfigKeys (ConfUtils.java:logGet(43)) - raft.server.log.force.sync.num = 128 (default)
2019-09-20 05:49:57,286 [pool-57-thread-1] INFO  server.RaftServerConfigKeys (ConfUtils.java:logGet(43)) - raft.server.log.statemachine.data.sync = true (default)
2019-09-20 05:49:57,286 [pool-57-thread-1] INFO  server.RaftServerConfigKeys (ConfUtils.java:logGet(43)) - raft.server.log.statemachine.data.sync.timeout = 10s (default)
2019-09-20 05:49:57,286 [pool-57-thread-1] INFO  server.RaftServerConfigKeys (ConfUtils.java:logGet(43)) - raft.server.log.statemachine.data.sync.timeout.retry = -1 (default)
2019-09-20 05:49:57,286 [pool-57-thread-1] INFO  server.RaftServerConfigKeys (ConfUtils.java:logGet(43)) - raft.server.log.statemachine.data.caching.enabled = true (custom)
2019-09-20 05:49:57,286 [pool-57-thread-1] INFO  segmented.SegmentedRaftLogWorker (SegmentedRaftLogWorker.java:lambda$new$0(132)) - 9b918566-8d2f-4f38-9ce1-65f5cd084216-SegmentedRaftLogWorker:Storage Directory /workdir/hadoop-ozone/integration-test/target/test-dir/MiniOzoneClusterImpl-29dd0c8c-da21-41d6-af77-5f0a65600fbb/datanode-0/data/ratis/35408a17-0b5a-42b3-b143-74a429bf9c44: flushIndex: setUnconditionally 0 -> -1
2019-09-20 05:49:57,286 [pool-57-thread-1] INFO  server.RaftServerConfigKeys (ConfUtils.java:logGet(43)) - raft.server.snapshot.auto.trigger.enabled = true (custom)
2019-09-20 05:49:57,287 [pool-57-thread-1] INFO  server.RaftServerConfigKeys (ConfUtils.java:logGet(43)) - raft.server.snapshot.auto.trigger.threshold = 1 (custom)
2019-09-20 05:49:57,287 [pool-57-thread-1] INFO  server.RaftServerConfigKeys (ConfUtils.java:logGet(43)) - raft.server.retrycache.expirytime = 600000ms (custom)
2019-09-20 05:49:57,287 [pool-57-thread-1] INFO  impl.RaftServerImpl (RaftServerImpl.java:start(180)) - 9b918566-8d2f-4f38-9ce1-65f5cd084216: start group-74A429BF9C44
2019-09-20 05:49:57,287 [pool-57-thread-1] INFO  impl.RaftServerImpl (RaftServerImpl.java:setRole(171)) - 9b918566-8d2f-4f38-9ce1-65f5cd084216:group-74A429BF9C44 changes role from null to FOLLOWER at term 0 for startAsFollower
2019-09-20 05:49:57,287 [pool-57-thread-1] INFO  impl.RoleInfo (RoleInfo.java:updateAndGet(143)) - 9b918566-8d2f-4f38-9ce1-65f5cd084216: start FollowerState
2019-09-20 05:49:57,287 [pool-57-thread-1] INFO  util.JmxRegister (JmxRegister.java:tryRegister(44)) - Successfully registered JMX Bean with object name Ratis:service=RaftServer,group=group-74A429BF9C44,id=9b918566-8d2f-4f38-9ce1-65f5cd084216
2019-09-20 05:49:57,289 [RatisPipelineUtilsThread] INFO  pipeline.PipelineStateManager (PipelineStateManager.java:addPipeline(56)) - Created pipeline Pipeline[ Id: 35408a17-0b5a-42b3-b143-74a429bf9c44, Nodes: 9b918566-8d2f-4f38-9ce1-65f5cd084216{ip: 192.168.36.79, host: pr-hdds-1569-s8kj2-2266485376, networkLocation: /default-rack, certSerialId: null}, Type:RATIS, Factor:ONE, State:OPEN]
2019-09-20 05:49:57,291 [grpc-default-executor-1] INFO  impl.RaftServerProxy (RaftServerProxy.java:addNew(89)) - 9b918566-8d2f-4f38-9ce1-65f5cd084216: addNew group-F5014F6404D9:[9b918566-8d2f-4f38-9ce1-65f5cd084216:192.168.36.79:46843] returns group-F5014F6404D9:java.util.concurrent.CompletableFuture@5026e447[Not completed]
2019-09-20 05:49:57,292 [pool-57-thread-1] INFO  impl.RaftServerImpl (RaftServerImpl.java:<init>(93)) - 9b918566-8d2f-4f38-9ce1-65f5cd084216: new RaftServerImpl for group-F5014F6404D9:[9b918566-8d2f-4f38-9ce1-65f5cd084216:192.168.36.79:46843] with ContainerStateMachine:uninitialized
2019-09-20 05:49:57,292 [pool-57-thread-1] INFO  server.RaftServerConfigKeys (ConfUtils.java:logGet(43)) - raft.server.rpc.timeout.min = 5s (custom)
2019-09-20 05:49:57,292 [pool-57-thread-1] INFO  server.RaftServerConfigKeys (ConfUtils.java:logGet(43)) - raft.server.rpc.timeout.max = 5200ms (custom)
2019-09-20 05:49:57,292 [pool-57-thread-1] INFO  server.RaftServerConfigKeys (ConfUtils.java:logGet(43)) - raft.server.rpcslowness.timeout = 120s (custom)
2019-09-20 05:49:57,292 [pool-57-thread-1] INFO  server.RaftServerConfigKeys (ConfUtils.java:logGet(43)) - raft.server.sleep.deviation.threshold = 300 (default)
2019-09-20 05:49:57,293 [pool-57-thread-1] INFO  server.RaftServerConfigKeys (ConfUtils.java:logGet(43)) - raft.server.log.appender.install.snapshot.enabled = false (custom)
2019-09-20 05:49:57,293 [pool-57-thread-1] INFO  impl.RaftServerImpl (ServerState.java:<init>(105)) - 9b918566-8d2f-4f38-9ce1-65f5cd084216:group-F5014F6404D9 ConfigurationManager, init=-1: [9b918566-8d2f-4f38-9ce1-65f5cd084216:192.168.36.79:46843], old=null, confs=<EMPTY_MAP>
2019-09-20 05:49:57,293 [pool-57-thread-1] INFO  server.RaftServerConfigKeys (ConfUtils.java:logGet(43)) - raft.server.storage.dir = [/workdir/hadoop-ozone/integration-test/target/test-dir/MiniOzoneClusterImpl-29dd0c8c-da21-41d6-af77-5f0a65600fbb/datanode-0/data/ratis] (custom)
2019-09-20 05:49:57,293 [pool-57-thread-1] INFO  storage.RaftStorageDirectory (RaftStorageDirectory.java:analyzeStorage(246)) - The storage directory /workdir/hadoop-ozone/integration-test/target/test-dir/MiniOzoneClusterImpl-29dd0c8c-da21-41d6-af77-5f0a65600fbb/datanode-0/data/ratis/e152469a-c572-4c40-a235-f5014f6404d9 does not exist. Creating ...
2019-09-20 05:49:57,319 [pool-57-thread-1] INFO  storage.RaftStorageDirectory (RaftStorageDirectory.java:tryLock(328)) - Lock on /workdir/hadoop-ozone/integration-test/target/test-dir/MiniOzoneClusterImpl-29dd0c8c-da21-41d6-af77-5f0a65600fbb/datanode-0/data/ratis/e152469a-c572-4c40-a235-f5014f6404d9/in_use.lock acquired by nodename 6907@pr-hdds-1569-s8kj2-2266485376
2019-09-20 05:49:57,340 [pool-57-thread-1] INFO  storage.RaftStorage (RaftStorage.java:format(72)) - Storage directory /workdir/hadoop-ozone/integration-test/target/test-dir/MiniOzoneClusterImpl-29dd0c8c-da21-41d6-af77-5f0a65600fbb/datanode-0/data/ratis/e152469a-c572-4c40-a235-f5014f6404d9 has been successfully formatted.
2019-09-20 05:49:57,340 [pool-57-thread-1] INFO  ratis.ContainerStateMachine (ContainerStateMachine.java:loadSnapshot(226)) - group-F5014F6404D9: The snapshot info is null. Setting the last applied indexto:(t:0, i:~)
2019-09-20 05:49:57,341 [pool-57-thread-1] INFO  server.RaftServerConfigKeys (ConfUtils.java:logGet(43)) - raft.server.leader.election.timeout = 120s (custom)
2019-09-20 05:49:57,341 [pool-57-thread-1] INFO  server.RaftServerConfigKeys (ConfUtils.java:logGet(43)) - raft.server.log.use.memory = false (default)
2019-09-20 05:49:57,341 [pool-57-thread-1] INFO  server.RaftServerConfigKeys (ConfUtils.java:logGet(43)) - raft.server.log.purge.gap = 1000000 (custom)
2019-09-20 05:49:57,341 [pool-57-thread-1] INFO  server.RaftServerConfigKeys (ConfUtils.java:logGet(43)) - raft.server.log.appender.buffer.byte-limit = 33554432 (custom)
2019-09-20 05:49:57,341 [pool-57-thread-1] INFO  server.RaftServerConfigKeys (ConfUtils.java:logGet(43)) - raft.server.log.segment.size.max = 1048576 (custom)
2019-09-20 05:49:57,341 [pool-57-thread-1] INFO  server.RaftServerConfigKeys (ConfUtils.java:logGet(43)) - raft.server.log.segment.cache.num.max = 2 (custom)
2019-09-20 05:49:57,341 [pool-57-thread-1] INFO  segmented.SegmentedRaftLogWorker (SegmentedRaftLogWorker.java:<init>(172)) - new 9b918566-8d2f-4f38-9ce1-65f5cd084216-SegmentedRaftLogWorker:Storage Directory /workdir/hadoop-ozone/integration-test/target/test-dir/MiniOzoneClusterImpl-29dd0c8c-da21-41d6-af77-5f0a65600fbb/datanode-0/data/ratis/e152469a-c572-4c40-a235-f5014f6404d9 for RaftStorage:Storage Directory /workdir/hadoop-ozone/integration-test/target/test-dir/MiniOzoneClusterImpl-29dd0c8c-da21-41d6-af77-5f0a65600fbb/datanode-0/data/ratis/e152469a-c572-4c40-a235-f5014f6404d9
2019-09-20 05:49:57,341 [pool-57-thread-1] INFO  server.RaftServerConfigKeys (ConfUtils.java:logGet(43)) - raft.server.log.queue.byte-limit = 2147483647 (custom)
2019-09-20 05:49:57,341 [pool-57-thread-1] INFO  server.RaftServerConfigKeys (ConfUtils.java:logGet(43)) - raft.server.log.queue.element-limit = 1024 (custom)
2019-09-20 05:49:57,341 [pool-57-thread-1] INFO  server.RaftServerConfigKeys (ConfUtils.java:logGet(43)) - raft.server.log.segment.size.max = 1048576 (custom)
2019-09-20 05:49:57,341 [pool-57-thread-1] INFO  server.RaftServerConfigKeys (ConfUtils.java:logGet(43)) - raft.server.log.preallocated.size = 16384 (custom)
2019-09-20 05:49:57,342 [pool-57-thread-1] INFO  server.RaftServerConfigKeys (ConfUtils.java:logGet(43)) - raft.server.log.write.buffer.size = 33554432 (custom)
2019-09-20 05:49:57,342 [pool-57-thread-1] INFO  server.RaftServerConfigKeys (ConfUtils.java:logGet(43)) - raft.server.log.force.sync.num = 128 (default)
2019-09-20 05:49:57,342 [pool-57-thread-1] INFO  server.RaftServerConfigKeys (ConfUtils.java:logGet(43)) - raft.server.log.statemachine.data.sync = true (default)
2019-09-20 05:49:57,342 [pool-57-thread-1] INFO  server.RaftServerConfigKeys (ConfUtils.java:logGet(43)) - raft.server.log.statemachine.data.sync.timeout = 10s (default)
2019-09-20 05:49:57,342 [pool-57-thread-1] INFO  server.RaftServerConfigKeys (ConfUtils.java:logGet(43)) - raft.server.log.statemachine.data.sync.timeout.retry = -1 (default)
2019-09-20 05:49:57,342 [pool-57-thread-1] INFO  server.RaftServerConfigKeys (ConfUtils.java:logGet(43)) - raft.server.log.statemachine.data.caching.enabled = true (custom)
2019-09-20 05:49:57,342 [pool-57-thread-1] INFO  segmented.SegmentedRaftLogWorker (SegmentedRaftLogWorker.java:lambda$new$0(132)) - 9b918566-8d2f-4f38-9ce1-65f5cd084216-SegmentedRaftLogWorker:Storage Directory /workdir/hadoop-ozone/integration-test/target/test-dir/MiniOzoneClusterImpl-29dd0c8c-da21-41d6-af77-5f0a65600fbb/datanode-0/data/ratis/e152469a-c572-4c40-a235-f5014f6404d9: flushIndex: setUnconditionally 0 -> -1
2019-09-20 05:49:57,342 [pool-57-thread-1] INFO  server.RaftServerConfigKeys (ConfUtils.java:logGet(43)) - raft.server.snapshot.auto.trigger.enabled = true (custom)
2019-09-20 05:49:57,343 [pool-57-thread-1] INFO  server.RaftServerConfigKeys (ConfUtils.java:logGet(43)) - raft.server.snapshot.auto.trigger.threshold = 1 (custom)
2019-09-20 05:49:57,343 [pool-57-thread-1] INFO  server.RaftServerConfigKeys (ConfUtils.java:logGet(43)) - raft.server.retrycache.expirytime = 600000ms (custom)
2019-09-20 05:49:57,343 [pool-57-thread-1] INFO  impl.RaftServerImpl (RaftServerImpl.java:start(180)) - 9b918566-8d2f-4f38-9ce1-65f5cd084216: start group-F5014F6404D9
2019-09-20 05:49:57,343 [pool-57-thread-1] INFO  impl.RaftServerImpl (RaftServerImpl.java:setRole(171)) - 9b918566-8d2f-4f38-9ce1-65f5cd084216:group-F5014F6404D9 changes role from null to FOLLOWER at term 0 for startAsFollower
2019-09-20 05:49:57,343 [pool-57-thread-1] INFO  impl.RoleInfo (RoleInfo.java:updateAndGet(143)) - 9b918566-8d2f-4f38-9ce1-65f5cd084216: start FollowerState
2019-09-20 05:49:57,343 [pool-57-thread-1] INFO  util.JmxRegister (JmxRegister.java:tryRegister(44)) - Successfully registered JMX Bean with object name Ratis:service=RaftServer,group=group-F5014F6404D9,id=9b918566-8d2f-4f38-9ce1-65f5cd084216
2019-09-20 05:49:57,345 [RatisPipelineUtilsThread] INFO  pipeline.PipelineStateManager (PipelineStateManager.java:addPipeline(56)) - Created pipeline Pipeline[ Id: e152469a-c572-4c40-a235-f5014f6404d9, Nodes: 9b918566-8d2f-4f38-9ce1-65f5cd084216{ip: 192.168.36.79, host: pr-hdds-1569-s8kj2-2266485376, networkLocation: /default-rack, certSerialId: null}, Type:RATIS, Factor:ONE, State:OPEN]
2019-09-20 05:49:57,347 [grpc-default-executor-1] INFO  impl.RaftServerProxy (RaftServerProxy.java:addNew(89)) - 9b918566-8d2f-4f38-9ce1-65f5cd084216: addNew group-0C2AC4CD41BF:[9b918566-8d2f-4f38-9ce1-65f5cd084216:192.168.36.79:46843] returns group-0C2AC4CD41BF:java.util.concurrent.CompletableFuture@6315e99d[Not completed]
2019-09-20 05:49:57,348 [pool-57-thread-1] INFO  impl.RaftServerImpl (RaftServerImpl.java:<init>(93)) - 9b918566-8d2f-4f38-9ce1-65f5cd084216: new RaftServerImpl for group-0C2AC4CD41BF:[9b918566-8d2f-4f38-9ce1-65f5cd084216:192.168.36.79:46843] with ContainerStateMachine:uninitialized
2019-09-20 05:49:57,348 [pool-57-thread-1] INFO  server.RaftServerConfigKeys (ConfUtils.java:logGet(43)) - raft.server.rpc.timeout.min = 5s (custom)
2019-09-20 05:49:57,348 [pool-57-thread-1] INFO  server.RaftServerConfigKeys (ConfUtils.java:logGet(43)) - raft.server.rpc.timeout.max = 5200ms (custom)
2019-09-20 05:49:57,348 [pool-57-thread-1] INFO  server.RaftServerConfigKeys (ConfUtils.java:logGet(43)) - raft.server.rpcslowness.timeout = 120s (custom)
2019-09-20 05:49:57,348 [pool-57-thread-1] INFO  server.RaftServerConfigKeys (ConfUtils.java:logGet(43)) - raft.server.sleep.deviation.threshold = 300 (default)
2019-09-20 05:49:57,348 [pool-57-thread-1] INFO  server.RaftServerConfigKeys (ConfUtils.java:logGet(43)) - raft.server.log.appender.install.snapshot.enabled = false (custom)
2019-09-20 05:49:57,348 [pool-57-thread-1] INFO  impl.RaftServerImpl (ServerState.java:<init>(105)) - 9b918566-8d2f-4f38-9ce1-65f5cd084216:group-0C2AC4CD41BF ConfigurationManager, init=-1: [9b918566-8d2f-4f38-9ce1-65f5cd084216:192.168.36.79:46843], old=null, confs=<EMPTY_MAP>
2019-09-20 05:49:57,348 [pool-57-thread-1] INFO  server.RaftServerConfigKeys (ConfUtils.java:logGet(43)) - raft.server.storage.dir = [/workdir/hadoop-ozone/integration-test/target/test-dir/MiniOzoneClusterImpl-29dd0c8c-da21-41d6-af77-5f0a65600fbb/datanode-0/data/ratis] (custom)
2019-09-20 05:49:57,349 [pool-57-thread-1] INFO  storage.RaftStorageDirectory (RaftStorageDirectory.java:analyzeStorage(246)) - The storage directory /workdir/hadoop-ozone/integration-test/target/test-dir/MiniOzoneClusterImpl-29dd0c8c-da21-41d6-af77-5f0a65600fbb/datanode-0/data/ratis/8d66f529-2f1a-4ea5-93f4-0c2ac4cd41bf does not exist. Creating ...
2019-09-20 05:49:57,373 [pool-57-thread-1] INFO  storage.RaftStorageDirectory (RaftStorageDirectory.java:tryLock(328)) - Lock on /workdir/hadoop-ozone/integration-test/target/test-dir/MiniOzoneClusterImpl-29dd0c8c-da21-41d6-af77-5f0a65600fbb/datanode-0/data/ratis/8d66f529-2f1a-4ea5-93f4-0c2ac4cd41bf/in_use.lock acquired by nodename 6907@pr-hdds-1569-s8kj2-2266485376
2019-09-20 05:49:57,393 [pool-57-thread-1] INFO  storage.RaftStorage (RaftStorage.java:format(72)) - Storage directory /workdir/hadoop-ozone/integration-test/target/test-dir/MiniOzoneClusterImpl-29dd0c8c-da21-41d6-af77-5f0a65600fbb/datanode-0/data/ratis/8d66f529-2f1a-4ea5-93f4-0c2ac4cd41bf has been successfully formatted.
2019-09-20 05:49:57,393 [pool-57-thread-1] INFO  ratis.ContainerStateMachine (ContainerStateMachine.java:loadSnapshot(226)) - group-0C2AC4CD41BF: The snapshot info is null. Setting the last applied indexto:(t:0, i:~)
2019-09-20 05:49:57,393 [pool-57-thread-1] INFO  server.RaftServerConfigKeys (ConfUtils.java:logGet(43)) - raft.server.leader.election.timeout = 120s (custom)
2019-09-20 05:49:57,393 [pool-57-thread-1] INFO  server.RaftServerConfigKeys (ConfUtils.java:logGet(43)) - raft.server.log.use.memory = false (default)
2019-09-20 05:49:57,393 [pool-57-thread-1] INFO  server.RaftServerConfigKeys (ConfUtils.java:logGet(43)) - raft.server.log.purge.gap = 1000000 (custom)
2019-09-20 05:49:57,393 [pool-57-thread-1] INFO  server.RaftServerConfigKeys (ConfUtils.java:logGet(43)) - raft.server.log.appender.buffer.byte-limit = 33554432 (custom)
2019-09-20 05:49:57,393 [pool-57-thread-1] INFO  server.RaftServerConfigKeys (ConfUtils.java:logGet(43)) - raft.server.log.segment.size.max = 1048576 (custom)
2019-09-20 05:49:57,393 [pool-57-thread-1] INFO  server.RaftServerConfigKeys (ConfUtils.java:logGet(43)) - raft.server.log.segment.cache.num.max = 2 (custom)
2019-09-20 05:49:57,394 [pool-57-thread-1] INFO  segmented.SegmentedRaftLogWorker (SegmentedRaftLogWorker.java:<init>(172)) - new 9b918566-8d2f-4f38-9ce1-65f5cd084216-SegmentedRaftLogWorker:Storage Directory /workdir/hadoop-ozone/integration-test/target/test-dir/MiniOzoneClusterImpl-29dd0c8c-da21-41d6-af77-5f0a65600fbb/datanode-0/data/ratis/8d66f529-2f1a-4ea5-93f4-0c2ac4cd41bf for RaftStorage:Storage Directory /workdir/hadoop-ozone/integration-test/target/test-dir/MiniOzoneClusterImpl-29dd0c8c-da21-41d6-af77-5f0a65600fbb/datanode-0/data/ratis/8d66f529-2f1a-4ea5-93f4-0c2ac4cd41bf
2019-09-20 05:49:57,394 [pool-57-thread-1] INFO  server.RaftServerConfigKeys (ConfUtils.java:logGet(43)) - raft.server.log.queue.byte-limit = 2147483647 (custom)
2019-09-20 05:49:57,394 [pool-57-thread-1] INFO  server.RaftServerConfigKeys (ConfUtils.java:logGet(43)) - raft.server.log.queue.element-limit = 1024 (custom)
2019-09-20 05:49:57,394 [pool-57-thread-1] INFO  server.RaftServerConfigKeys (ConfUtils.java:logGet(43)) - raft.server.log.segment.size.max = 1048576 (custom)
2019-09-20 05:49:57,394 [pool-57-thread-1] INFO  server.RaftServerConfigKeys (ConfUtils.java:logGet(43)) - raft.server.log.preallocated.size = 16384 (custom)
2019-09-20 05:49:57,394 [pool-57-thread-1] INFO  server.RaftServerConfigKeys (ConfUtils.java:logGet(43)) - raft.server.log.write.buffer.size = 33554432 (custom)
2019-09-20 05:49:57,394 [pool-57-thread-1] INFO  server.RaftServerConfigKeys (ConfUtils.java:logGet(43)) - raft.server.log.force.sync.num = 128 (default)
2019-09-20 05:49:57,394 [pool-57-thread-1] INFO  server.RaftServerConfigKeys (ConfUtils.java:logGet(43)) - raft.server.log.statemachine.data.sync = true (default)
2019-09-20 05:49:57,394 [pool-57-thread-1] INFO  server.RaftServerConfigKeys (ConfUtils.java:logGet(43)) - raft.server.log.statemachine.data.sync.timeout = 10s (default)
2019-09-20 05:49:57,394 [pool-57-thread-1] INFO  server.RaftServerConfigKeys (ConfUtils.java:logGet(43)) - raft.server.log.statemachine.data.sync.timeout.retry = -1 (default)
2019-09-20 05:49:57,394 [pool-57-thread-1] INFO  server.RaftServerConfigKeys (ConfUtils.java:logGet(43)) - raft.server.log.statemachine.data.caching.enabled = true (custom)
2019-09-20 05:49:57,395 [pool-57-thread-1] INFO  segmented.SegmentedRaftLogWorker (SegmentedRaftLogWorker.java:lambda$new$0(132)) - 9b918566-8d2f-4f38-9ce1-65f5cd084216-SegmentedRaftLogWorker:Storage Directory /workdir/hadoop-ozone/integration-test/target/test-dir/MiniOzoneClusterImpl-29dd0c8c-da21-41d6-af77-5f0a65600fbb/datanode-0/data/ratis/8d66f529-2f1a-4ea5-93f4-0c2ac4cd41bf: flushIndex: setUnconditionally 0 -> -1
2019-09-20 05:49:57,395 [pool-57-thread-1] INFO  server.RaftServerConfigKeys (ConfUtils.java:logGet(43)) - raft.server.snapshot.auto.trigger.enabled = true (custom)
2019-09-20 05:49:57,395 [pool-57-thread-1] INFO  server.RaftServerConfigKeys (ConfUtils.java:logGet(43)) - raft.server.snapshot.auto.trigger.threshold = 1 (custom)
2019-09-20 05:49:57,395 [pool-57-thread-1] INFO  server.RaftServerConfigKeys (ConfUtils.java:logGet(43)) - raft.server.retrycache.expirytime = 600000ms (custom)
2019-09-20 05:49:57,395 [pool-57-thread-1] INFO  impl.RaftServerImpl (RaftServerImpl.java:start(180)) - 9b918566-8d2f-4f38-9ce1-65f5cd084216: start group-0C2AC4CD41BF
2019-09-20 05:49:57,395 [pool-57-thread-1] INFO  impl.RaftServerImpl (RaftServerImpl.java:setRole(171)) - 9b918566-8d2f-4f38-9ce1-65f5cd084216:group-0C2AC4CD41BF changes role from null to FOLLOWER at term 0 for startAsFollower
2019-09-20 05:49:57,395 [pool-57-thread-1] INFO  impl.RoleInfo (RoleInfo.java:updateAndGet(143)) - 9b918566-8d2f-4f38-9ce1-65f5cd084216: start FollowerState
2019-09-20 05:49:57,396 [pool-57-thread-1] INFO  util.JmxRegister (JmxRegister.java:tryRegister(44)) - Successfully registered JMX Bean with object name Ratis:service=RaftServer,group=group-0C2AC4CD41BF,id=9b918566-8d2f-4f38-9ce1-65f5cd084216
2019-09-20 05:49:57,397 [RatisPipelineUtilsThread] INFO  pipeline.PipelineStateManager (PipelineStateManager.java:addPipeline(56)) - Created pipeline Pipeline[ Id: 8d66f529-2f1a-4ea5-93f4-0c2ac4cd41bf, Nodes: 9b918566-8d2f-4f38-9ce1-65f5cd084216{ip: 192.168.36.79, host: pr-hdds-1569-s8kj2-2266485376, networkLocation: /default-rack, certSerialId: null}, Type:RATIS, Factor:ONE, State:OPEN]
2019-09-20 05:49:57,399 | INFO  | SCMAudit | user=jenkins1000 | ip=192.168.36.79 | op=SEND_HEARTBEAT {datanodeUUID=9b918566-8d2f-4f38-9ce1-65f5cd084216, command=[]} | ret=SUCCESS |  
2019-09-20 05:49:57,400 [grpc-default-executor-1] INFO  impl.RaftServerProxy (RaftServerProxy.java:addNew(89)) - 9b918566-8d2f-4f38-9ce1-65f5cd084216: addNew group-45FBC1CE0677:[9b918566-8d2f-4f38-9ce1-65f5cd084216:192.168.36.79:46843] returns group-45FBC1CE0677:java.util.concurrent.CompletableFuture@29ed8021[Not completed]
2019-09-20 05:49:57,401 [pool-57-thread-1] INFO  impl.RaftServerImpl (RaftServerImpl.java:<init>(93)) - 9b918566-8d2f-4f38-9ce1-65f5cd084216: new RaftServerImpl for group-45FBC1CE0677:[9b918566-8d2f-4f38-9ce1-65f5cd084216:192.168.36.79:46843] with ContainerStateMachine:uninitialized
2019-09-20 05:49:57,401 [pool-57-thread-1] INFO  server.RaftServerConfigKeys (ConfUtils.java:logGet(43)) - raft.server.rpc.timeout.min = 5s (custom)
2019-09-20 05:49:57,401 [pool-57-thread-1] INFO  server.RaftServerConfigKeys (ConfUtils.java:logGet(43)) - raft.server.rpc.timeout.max = 5200ms (custom)
2019-09-20 05:49:57,401 [pool-57-thread-1] INFO  server.RaftServerConfigKeys (ConfUtils.java:logGet(43)) - raft.server.rpcslowness.timeout = 120s (custom)
2019-09-20 05:49:57,401 [pool-57-thread-1] INFO  server.RaftServerConfigKeys (ConfUtils.java:logGet(43)) - raft.server.sleep.deviation.threshold = 300 (default)
2019-09-20 05:49:57,401 [pool-57-thread-1] INFO  server.RaftServerConfigKeys (ConfUtils.java:logGet(43)) - raft.server.log.appender.install.snapshot.enabled = false (custom)
2019-09-20 05:49:57,401 [pool-57-thread-1] INFO  impl.RaftServerImpl (ServerState.java:<init>(105)) - 9b918566-8d2f-4f38-9ce1-65f5cd084216:group-45FBC1CE0677 ConfigurationManager, init=-1: [9b918566-8d2f-4f38-9ce1-65f5cd084216:192.168.36.79:46843], old=null, confs=<EMPTY_MAP>
2019-09-20 05:49:57,401 [pool-57-thread-1] INFO  server.RaftServerConfigKeys (ConfUtils.java:logGet(43)) - raft.server.storage.dir = [/workdir/hadoop-ozone/integration-test/target/test-dir/MiniOzoneClusterImpl-29dd0c8c-da21-41d6-af77-5f0a65600fbb/datanode-0/data/ratis] (custom)
2019-09-20 05:49:57,402 [pool-57-thread-1] INFO  storage.RaftStorageDirectory (RaftStorageDirectory.java:analyzeStorage(246)) - The storage directory /workdir/hadoop-ozone/integration-test/target/test-dir/MiniOzoneClusterImpl-29dd0c8c-da21-41d6-af77-5f0a65600fbb/datanode-0/data/ratis/f0703b35-d74f-421a-9f7e-45fbc1ce0677 does not exist. Creating ...
2019-09-20 05:49:57,429 [pool-57-thread-1] INFO  storage.RaftStorageDirectory (RaftStorageDirectory.java:tryLock(328)) - Lock on /workdir/hadoop-ozone/integration-test/target/test-dir/MiniOzoneClusterImpl-29dd0c8c-da21-41d6-af77-5f0a65600fbb/datanode-0/data/ratis/f0703b35-d74f-421a-9f7e-45fbc1ce0677/in_use.lock acquired by nodename 6907@pr-hdds-1569-s8kj2-2266485376
2019-09-20 05:49:57,444 [pool-57-thread-1] INFO  storage.RaftStorage (RaftStorage.java:format(72)) - Storage directory /workdir/hadoop-ozone/integration-test/target/test-dir/MiniOzoneClusterImpl-29dd0c8c-da21-41d6-af77-5f0a65600fbb/datanode-0/data/ratis/f0703b35-d74f-421a-9f7e-45fbc1ce0677 has been successfully formatted.
2019-09-20 05:49:57,445 [pool-57-thread-1] INFO  ratis.ContainerStateMachine (ContainerStateMachine.java:loadSnapshot(226)) - group-45FBC1CE0677: The snapshot info is null. Setting the last applied indexto:(t:0, i:~)
2019-09-20 05:49:57,445 [pool-57-thread-1] INFO  server.RaftServerConfigKeys (ConfUtils.java:logGet(43)) - raft.server.leader.election.timeout = 120s (custom)
2019-09-20 05:49:57,445 [pool-57-thread-1] INFO  server.RaftServerConfigKeys (ConfUtils.java:logGet(43)) - raft.server.log.use.memory = false (default)
2019-09-20 05:49:57,445 [pool-57-thread-1] INFO  server.RaftServerConfigKeys (ConfUtils.java:logGet(43)) - raft.server.log.purge.gap = 1000000 (custom)
2019-09-20 05:49:57,445 [pool-57-thread-1] INFO  server.RaftServerConfigKeys (ConfUtils.java:logGet(43)) - raft.server.log.appender.buffer.byte-limit = 33554432 (custom)
2019-09-20 05:49:57,445 [pool-57-thread-1] INFO  server.RaftServerConfigKeys (ConfUtils.java:logGet(43)) - raft.server.log.segment.size.max = 1048576 (custom)
2019-09-20 05:49:57,445 [pool-57-thread-1] INFO  server.RaftServerConfigKeys (ConfUtils.java:logGet(43)) - raft.server.log.segment.cache.num.max = 2 (custom)
2019-09-20 05:49:57,445 [pool-57-thread-1] INFO  segmented.SegmentedRaftLogWorker (SegmentedRaftLogWorker.java:<init>(172)) - new 9b918566-8d2f-4f38-9ce1-65f5cd084216-SegmentedRaftLogWorker:Storage Directory /workdir/hadoop-ozone/integration-test/target/test-dir/MiniOzoneClusterImpl-29dd0c8c-da21-41d6-af77-5f0a65600fbb/datanode-0/data/ratis/f0703b35-d74f-421a-9f7e-45fbc1ce0677 for RaftStorage:Storage Directory /workdir/hadoop-ozone/integration-test/target/test-dir/MiniOzoneClusterImpl-29dd0c8c-da21-41d6-af77-5f0a65600fbb/datanode-0/data/ratis/f0703b35-d74f-421a-9f7e-45fbc1ce0677
2019-09-20 05:49:57,445 [pool-57-thread-1] INFO  server.RaftServerConfigKeys (ConfUtils.java:logGet(43)) - raft.server.log.queue.byte-limit = 2147483647 (custom)
2019-09-20 05:49:57,445 [pool-57-thread-1] INFO  server.RaftServerConfigKeys (ConfUtils.java:logGet(43)) - raft.server.log.queue.element-limit = 1024 (custom)
2019-09-20 05:49:57,445 [pool-57-thread-1] INFO  server.RaftServerConfigKeys (ConfUtils.java:logGet(43)) - raft.server.log.segment.size.max = 1048576 (custom)
2019-09-20 05:49:57,446 [pool-57-thread-1] INFO  server.RaftServerConfigKeys (ConfUtils.java:logGet(43)) - raft.server.log.preallocated.size = 16384 (custom)
2019-09-20 05:49:57,446 [pool-57-thread-1] INFO  server.RaftServerConfigKeys (ConfUtils.java:logGet(43)) - raft.server.log.write.buffer.size = 33554432 (custom)
2019-09-20 05:49:57,446 [pool-57-thread-1] INFO  server.RaftServerConfigKeys (ConfUtils.java:logGet(43)) - raft.server.log.force.sync.num = 128 (default)
2019-09-20 05:49:57,446 [pool-57-thread-1] INFO  server.RaftServerConfigKeys (ConfUtils.java:logGet(43)) - raft.server.log.statemachine.data.sync = true (default)
2019-09-20 05:49:57,446 [pool-57-thread-1] INFO  server.RaftServerConfigKeys (ConfUtils.java:logGet(43)) - raft.server.log.statemachine.data.sync.timeout = 10s (default)
2019-09-20 05:49:57,446 [pool-57-thread-1] INFO  server.RaftServerConfigKeys (ConfUtils.java:logGet(43)) - raft.server.log.statemachine.data.sync.timeout.retry = -1 (default)
2019-09-20 05:49:57,446 [pool-57-thread-1] INFO  server.RaftServerConfigKeys (ConfUtils.java:logGet(43)) - raft.server.log.statemachine.data.caching.enabled = true (custom)
2019-09-20 05:49:57,446 [pool-57-thread-1] INFO  segmented.SegmentedRaftLogWorker (SegmentedRaftLogWorker.java:lambda$new$0(132)) - 9b918566-8d2f-4f38-9ce1-65f5cd084216-SegmentedRaftLogWorker:Storage Directory /workdir/hadoop-ozone/integration-test/target/test-dir/MiniOzoneClusterImpl-29dd0c8c-da21-41d6-af77-5f0a65600fbb/datanode-0/data/ratis/f0703b35-d74f-421a-9f7e-45fbc1ce0677: flushIndex: setUnconditionally 0 -> -1
2019-09-20 05:49:57,447 [pool-57-thread-1] INFO  server.RaftServerConfigKeys (ConfUtils.java:logGet(43)) - raft.server.snapshot.auto.trigger.enabled = true (custom)
2019-09-20 05:49:57,447 [pool-57-thread-1] INFO  server.RaftServerConfigKeys (ConfUtils.java:logGet(43)) - raft.server.snapshot.auto.trigger.threshold = 1 (custom)
2019-09-20 05:49:57,447 [pool-57-thread-1] INFO  server.RaftServerConfigKeys (ConfUtils.java:logGet(43)) - raft.server.retrycache.expirytime = 600000ms (custom)
2019-09-20 05:49:57,447 [pool-57-thread-1] INFO  impl.RaftServerImpl (RaftServerImpl.java:start(180)) - 9b918566-8d2f-4f38-9ce1-65f5cd084216: start group-45FBC1CE0677
2019-09-20 05:49:57,447 [pool-57-thread-1] INFO  impl.RaftServerImpl (RaftServerImpl.java:setRole(171)) - 9b918566-8d2f-4f38-9ce1-65f5cd084216:group-45FBC1CE0677 changes role from null to FOLLOWER at term 0 for startAsFollower
2019-09-20 05:49:57,447 [pool-57-thread-1] INFO  impl.RoleInfo (RoleInfo.java:updateAndGet(143)) - 9b918566-8d2f-4f38-9ce1-65f5cd084216: start FollowerState
2019-09-20 05:49:57,447 [pool-57-thread-1] INFO  util.JmxRegister (JmxRegister.java:tryRegister(44)) - Successfully registered JMX Bean with object name Ratis:service=RaftServer,group=group-45FBC1CE0677,id=9b918566-8d2f-4f38-9ce1-65f5cd084216
2019-09-20 05:49:57,449 [RatisPipelineUtilsThread] INFO  pipeline.PipelineStateManager (PipelineStateManager.java:addPipeline(56)) - Created pipeline Pipeline[ Id: f0703b35-d74f-421a-9f7e-45fbc1ce0677, Nodes: 9b918566-8d2f-4f38-9ce1-65f5cd084216{ip: 192.168.36.79, host: pr-hdds-1569-s8kj2-2266485376, networkLocation: /default-rack, certSerialId: null}, Type:RATIS, Factor:ONE, State:OPEN]
2019-09-20 05:49:57,452 [grpc-default-executor-1] INFO  impl.RaftServerProxy (RaftServerProxy.java:addNew(89)) - 9b918566-8d2f-4f38-9ce1-65f5cd084216: addNew group-D8DA06E1BC94:[9b918566-8d2f-4f38-9ce1-65f5cd084216:192.168.36.79:46843] returns group-D8DA06E1BC94:java.util.concurrent.CompletableFuture@c4f5e8d[Not completed]
2019-09-20 05:49:57,452 [pool-57-thread-1] INFO  impl.RaftServerImpl (RaftServerImpl.java:<init>(93)) - 9b918566-8d2f-4f38-9ce1-65f5cd084216: new RaftServerImpl for group-D8DA06E1BC94:[9b918566-8d2f-4f38-9ce1-65f5cd084216:192.168.36.79:46843] with ContainerStateMachine:uninitialized
2019-09-20 05:49:57,452 [pool-57-thread-1] INFO  server.RaftServerConfigKeys (ConfUtils.java:logGet(43)) - raft.server.rpc.timeout.min = 5s (custom)
2019-09-20 05:49:57,452 [pool-57-thread-1] INFO  server.RaftServerConfigKeys (ConfUtils.java:logGet(43)) - raft.server.rpc.timeout.max = 5200ms (custom)
2019-09-20 05:49:57,452 [pool-57-thread-1] INFO  server.RaftServerConfigKeys (ConfUtils.java:logGet(43)) - raft.server.rpcslowness.timeout = 120s (custom)
2019-09-20 05:49:57,452 [pool-57-thread-1] INFO  server.RaftServerConfigKeys (ConfUtils.java:logGet(43)) - raft.server.sleep.deviation.threshold = 300 (default)
2019-09-20 05:49:57,452 [pool-57-thread-1] INFO  server.RaftServerConfigKeys (ConfUtils.java:logGet(43)) - raft.server.log.appender.install.snapshot.enabled = false (custom)
2019-09-20 05:49:57,453 [pool-57-thread-1] INFO  impl.RaftServerImpl (ServerState.java:<init>(105)) - 9b918566-8d2f-4f38-9ce1-65f5cd084216:group-D8DA06E1BC94 ConfigurationManager, init=-1: [9b918566-8d2f-4f38-9ce1-65f5cd084216:192.168.36.79:46843], old=null, confs=<EMPTY_MAP>
2019-09-20 05:49:57,453 [pool-57-thread-1] INFO  server.RaftServerConfigKeys (ConfUtils.java:logGet(43)) - raft.server.storage.dir = [/workdir/hadoop-ozone/integration-test/target/test-dir/MiniOzoneClusterImpl-29dd0c8c-da21-41d6-af77-5f0a65600fbb/datanode-0/data/ratis] (custom)
2019-09-20 05:49:57,453 [pool-57-thread-1] INFO  storage.RaftStorageDirectory (RaftStorageDirectory.java:analyzeStorage(246)) - The storage directory /workdir/hadoop-ozone/integration-test/target/test-dir/MiniOzoneClusterImpl-29dd0c8c-da21-41d6-af77-5f0a65600fbb/datanode-0/data/ratis/86983013-5fdc-4a7e-97cf-d8da06e1bc94 does not exist. Creating ...
2019-09-20 05:49:57,491 [pool-57-thread-1] INFO  storage.RaftStorageDirectory (RaftStorageDirectory.java:tryLock(328)) - Lock on /workdir/hadoop-ozone/integration-test/target/test-dir/MiniOzoneClusterImpl-29dd0c8c-da21-41d6-af77-5f0a65600fbb/datanode-0/data/ratis/86983013-5fdc-4a7e-97cf-d8da06e1bc94/in_use.lock acquired by nodename 6907@pr-hdds-1569-s8kj2-2266485376
2019-09-20 05:49:57,519 [pool-57-thread-1] INFO  storage.RaftStorage (RaftStorage.java:format(72)) - Storage directory /workdir/hadoop-ozone/integration-test/target/test-dir/MiniOzoneClusterImpl-29dd0c8c-da21-41d6-af77-5f0a65600fbb/datanode-0/data/ratis/86983013-5fdc-4a7e-97cf-d8da06e1bc94 has been successfully formatted.
2019-09-20 05:49:57,520 [pool-57-thread-1] INFO  ratis.ContainerStateMachine (ContainerStateMachine.java:loadSnapshot(226)) - group-D8DA06E1BC94: The snapshot info is null. Setting the last applied indexto:(t:0, i:~)
2019-09-20 05:49:57,520 [pool-57-thread-1] INFO  server.RaftServerConfigKeys (ConfUtils.java:logGet(43)) - raft.server.leader.election.timeout = 120s (custom)
2019-09-20 05:49:57,520 [pool-57-thread-1] INFO  server.RaftServerConfigKeys (ConfUtils.java:logGet(43)) - raft.server.log.use.memory = false (default)
2019-09-20 05:49:57,520 [pool-57-thread-1] INFO  server.RaftServerConfigKeys (ConfUtils.java:logGet(43)) - raft.server.log.purge.gap = 1000000 (custom)
2019-09-20 05:49:57,520 [pool-57-thread-1] INFO  server.RaftServerConfigKeys (ConfUtils.java:logGet(43)) - raft.server.log.appender.buffer.byte-limit = 33554432 (custom)
2019-09-20 05:49:57,520 [pool-57-thread-1] INFO  server.RaftServerConfigKeys (ConfUtils.java:logGet(43)) - raft.server.log.segment.size.max = 1048576 (custom)
2019-09-20 05:49:57,520 [pool-57-thread-1] INFO  server.RaftServerConfigKeys (ConfUtils.java:logGet(43)) - raft.server.log.segment.cache.num.max = 2 (custom)
2019-09-20 05:49:57,520 [pool-57-thread-1] INFO  segmented.SegmentedRaftLogWorker (SegmentedRaftLogWorker.java:<init>(172)) - new 9b918566-8d2f-4f38-9ce1-65f5cd084216-SegmentedRaftLogWorker:Storage Directory /workdir/hadoop-ozone/integration-test/target/test-dir/MiniOzoneClusterImpl-29dd0c8c-da21-41d6-af77-5f0a65600fbb/datanode-0/data/ratis/86983013-5fdc-4a7e-97cf-d8da06e1bc94 for RaftStorage:Storage Directory /workdir/hadoop-ozone/integration-test/target/test-dir/MiniOzoneClusterImpl-29dd0c8c-da21-41d6-af77-5f0a65600fbb/datanode-0/data/ratis/86983013-5fdc-4a7e-97cf-d8da06e1bc94
2019-09-20 05:49:57,520 [pool-57-thread-1] INFO  server.RaftServerConfigKeys (ConfUtils.java:logGet(43)) - raft.server.log.queue.byte-limit = 2147483647 (custom)
2019-09-20 05:49:57,520 [pool-57-thread-1] INFO  server.RaftServerConfigKeys (ConfUtils.java:logGet(43)) - raft.server.log.queue.element-limit = 1024 (custom)
2019-09-20 05:49:57,520 [pool-57-thread-1] INFO  server.RaftServerConfigKeys (ConfUtils.java:logGet(43)) - raft.server.log.segment.size.max = 1048576 (custom)
2019-09-20 05:49:57,521 [pool-57-thread-1] INFO  server.RaftServerConfigKeys (ConfUtils.java:logGet(43)) - raft.server.log.preallocated.size = 16384 (custom)
2019-09-20 05:49:57,521 [pool-57-thread-1] INFO  server.RaftServerConfigKeys (ConfUtils.java:logGet(43)) - raft.server.log.write.buffer.size = 33554432 (custom)
2019-09-20 05:49:57,521 [pool-57-thread-1] INFO  server.RaftServerConfigKeys (ConfUtils.java:logGet(43)) - raft.server.log.force.sync.num = 128 (default)
2019-09-20 05:49:57,521 [pool-57-thread-1] INFO  server.RaftServerConfigKeys (ConfUtils.java:logGet(43)) - raft.server.log.statemachine.data.sync = true (default)
2019-09-20 05:49:57,521 [pool-57-thread-1] INFO  server.RaftServerConfigKeys (ConfUtils.java:logGet(43)) - raft.server.log.statemachine.data.sync.timeout = 10s (default)
2019-09-20 05:49:57,521 [pool-57-thread-1] INFO  server.RaftServerConfigKeys (ConfUtils.java:logGet(43)) - raft.server.log.statemachine.data.sync.timeout.retry = -1 (default)
2019-09-20 05:49:57,521 [pool-57-thread-1] INFO  server.RaftServerConfigKeys (ConfUtils.java:logGet(43)) - raft.server.log.statemachine.data.caching.enabled = true (custom)
2019-09-20 05:49:57,521 [pool-57-thread-1] INFO  segmented.SegmentedRaftLogWorker (SegmentedRaftLogWorker.java:lambda$new$0(132)) - 9b918566-8d2f-4f38-9ce1-65f5cd084216-SegmentedRaftLogWorker:Storage Directory /workdir/hadoop-ozone/integration-test/target/test-dir/MiniOzoneClusterImpl-29dd0c8c-da21-41d6-af77-5f0a65600fbb/datanode-0/data/ratis/86983013-5fdc-4a7e-97cf-d8da06e1bc94: flushIndex: setUnconditionally 0 -> -1
2019-09-20 05:49:57,521 [pool-57-thread-1] INFO  server.RaftServerConfigKeys (ConfUtils.java:logGet(43)) - raft.server.snapshot.auto.trigger.enabled = true (custom)
2019-09-20 05:49:57,522 [pool-57-thread-1] INFO  server.RaftServerConfigKeys (ConfUtils.java:logGet(43)) - raft.server.snapshot.auto.trigger.threshold = 1 (custom)
2019-09-20 05:49:57,522 [pool-57-thread-1] INFO  server.RaftServerConfigKeys (ConfUtils.java:logGet(43)) - raft.server.retrycache.expirytime = 600000ms (custom)
2019-09-20 05:49:57,522 [pool-57-thread-1] INFO  impl.RaftServerImpl (RaftServerImpl.java:start(180)) - 9b918566-8d2f-4f38-9ce1-65f5cd084216: start group-D8DA06E1BC94
2019-09-20 05:49:57,522 [pool-57-thread-1] INFO  impl.RaftServerImpl (RaftServerImpl.java:setRole(171)) - 9b918566-8d2f-4f38-9ce1-65f5cd084216:group-D8DA06E1BC94 changes role from null to FOLLOWER at term 0 for startAsFollower
2019-09-20 05:49:57,522 [pool-57-thread-1] INFO  impl.RoleInfo (RoleInfo.java:updateAndGet(143)) - 9b918566-8d2f-4f38-9ce1-65f5cd084216: start FollowerState
2019-09-20 05:49:57,522 [pool-57-thread-1] INFO  util.JmxRegister (JmxRegister.java:tryRegister(44)) - Successfully registered JMX Bean with object name Ratis:service=RaftServer,group=group-D8DA06E1BC94,id=9b918566-8d2f-4f38-9ce1-65f5cd084216
2019-09-20 05:49:57,523 [RatisPipelineUtilsThread] INFO  pipeline.PipelineStateManager (PipelineStateManager.java:addPipeline(56)) - Created pipeline Pipeline[ Id: 86983013-5fdc-4a7e-97cf-d8da06e1bc94, Nodes: 9b918566-8d2f-4f38-9ce1-65f5cd084216{ip: 192.168.36.79, host: pr-hdds-1569-s8kj2-2266485376, networkLocation: /default-rack, certSerialId: null}, Type:RATIS, Factor:ONE, State:OPEN]
2019-09-20 05:49:57,526 [grpc-default-executor-1] INFO  impl.RaftServerProxy (RaftServerProxy.java:addNew(89)) - 9b918566-8d2f-4f38-9ce1-65f5cd084216: addNew group-CB0AB07AE47C:[9b918566-8d2f-4f38-9ce1-65f5cd084216:192.168.36.79:46843] returns group-CB0AB07AE47C:java.util.concurrent.CompletableFuture@75df31c1[Not completed]
2019-09-20 05:49:57,527 [pool-57-thread-1] INFO  impl.RaftServerImpl (RaftServerImpl.java:<init>(93)) - 9b918566-8d2f-4f38-9ce1-65f5cd084216: new RaftServerImpl for group-CB0AB07AE47C:[9b918566-8d2f-4f38-9ce1-65f5cd084216:192.168.36.79:46843] with ContainerStateMachine:uninitialized
2019-09-20 05:49:57,527 [pool-57-thread-1] INFO  server.RaftServerConfigKeys (ConfUtils.java:logGet(43)) - raft.server.rpc.timeout.min = 5s (custom)
2019-09-20 05:49:57,527 [pool-57-thread-1] INFO  server.RaftServerConfigKeys (ConfUtils.java:logGet(43)) - raft.server.rpc.timeout.max = 5200ms (custom)
2019-09-20 05:49:57,527 [pool-57-thread-1] INFO  server.RaftServerConfigKeys (ConfUtils.java:logGet(43)) - raft.server.rpcslowness.timeout = 120s (custom)
2019-09-20 05:49:57,527 [pool-57-thread-1] INFO  server.RaftServerConfigKeys (ConfUtils.java:logGet(43)) - raft.server.sleep.deviation.threshold = 300 (default)
2019-09-20 05:49:57,527 [pool-57-thread-1] INFO  server.RaftServerConfigKeys (ConfUtils.java:logGet(43)) - raft.server.log.appender.install.snapshot.enabled = false (custom)
2019-09-20 05:49:57,527 [pool-57-thread-1] INFO  impl.RaftServerImpl (ServerState.java:<init>(105)) - 9b918566-8d2f-4f38-9ce1-65f5cd084216:group-CB0AB07AE47C ConfigurationManager, init=-1: [9b918566-8d2f-4f38-9ce1-65f5cd084216:192.168.36.79:46843], old=null, confs=<EMPTY_MAP>
2019-09-20 05:49:57,528 [pool-57-thread-1] INFO  server.RaftServerConfigKeys (ConfUtils.java:logGet(43)) - raft.server.storage.dir = [/workdir/hadoop-ozone/integration-test/target/test-dir/MiniOzoneClusterImpl-29dd0c8c-da21-41d6-af77-5f0a65600fbb/datanode-0/data/ratis] (custom)
2019-09-20 05:49:57,528 [pool-57-thread-1] INFO  storage.RaftStorageDirectory (RaftStorageDirectory.java:analyzeStorage(246)) - The storage directory /workdir/hadoop-ozone/integration-test/target/test-dir/MiniOzoneClusterImpl-29dd0c8c-da21-41d6-af77-5f0a65600fbb/datanode-0/data/ratis/f1083663-b752-472d-a1c5-cb0ab07ae47c does not exist. Creating ...
2019-09-20 05:49:57,556 [pool-57-thread-1] INFO  storage.RaftStorageDirectory (RaftStorageDirectory.java:tryLock(328)) - Lock on /workdir/hadoop-ozone/integration-test/target/test-dir/MiniOzoneClusterImpl-29dd0c8c-da21-41d6-af77-5f0a65600fbb/datanode-0/data/ratis/f1083663-b752-472d-a1c5-cb0ab07ae47c/in_use.lock acquired by nodename 6907@pr-hdds-1569-s8kj2-2266485376
2019-09-20 05:49:57,600 | INFO  | SCMAudit | user=jenkins1000 | ip=192.168.36.79 | op=SEND_HEARTBEAT {datanodeUUID=9b918566-8d2f-4f38-9ce1-65f5cd084216, command=[]} | ret=SUCCESS |  
2019-09-20 05:49:57,601 [pool-57-thread-1] INFO  storage.RaftStorage (RaftStorage.java:format(72)) - Storage directory /workdir/hadoop-ozone/integration-test/target/test-dir/MiniOzoneClusterImpl-29dd0c8c-da21-41d6-af77-5f0a65600fbb/datanode-0/data/ratis/f1083663-b752-472d-a1c5-cb0ab07ae47c has been successfully formatted.
2019-09-20 05:49:57,601 [pool-57-thread-1] INFO  ratis.ContainerStateMachine (ContainerStateMachine.java:loadSnapshot(226)) - group-CB0AB07AE47C: The snapshot info is null. Setting the last applied indexto:(t:0, i:~)
2019-09-20 05:49:57,601 [pool-57-thread-1] INFO  server.RaftServerConfigKeys (ConfUtils.java:logGet(43)) - raft.server.leader.election.timeout = 120s (custom)
2019-09-20 05:49:57,601 [pool-57-thread-1] INFO  server.RaftServerConfigKeys (ConfUtils.java:logGet(43)) - raft.server.log.use.memory = false (default)
2019-09-20 05:49:57,601 [pool-57-thread-1] INFO  server.RaftServerConfigKeys (ConfUtils.java:logGet(43)) - raft.server.log.purge.gap = 1000000 (custom)
2019-09-20 05:49:57,602 [pool-57-thread-1] INFO  server.RaftServerConfigKeys (ConfUtils.java:logGet(43)) - raft.server.log.appender.buffer.byte-limit = 33554432 (custom)
2019-09-20 05:49:57,602 [pool-57-thread-1] INFO  server.RaftServerConfigKeys (ConfUtils.java:logGet(43)) - raft.server.log.segment.size.max = 1048576 (custom)
2019-09-20 05:49:57,602 [pool-57-thread-1] INFO  server.RaftServerConfigKeys (ConfUtils.java:logGet(43)) - raft.server.log.segment.cache.num.max = 2 (custom)
2019-09-20 05:49:57,602 [pool-57-thread-1] INFO  segmented.SegmentedRaftLogWorker (SegmentedRaftLogWorker.java:<init>(172)) - new 9b918566-8d2f-4f38-9ce1-65f5cd084216-SegmentedRaftLogWorker:Storage Directory /workdir/hadoop-ozone/integration-test/target/test-dir/MiniOzoneClusterImpl-29dd0c8c-da21-41d6-af77-5f0a65600fbb/datanode-0/data/ratis/f1083663-b752-472d-a1c5-cb0ab07ae47c for RaftStorage:Storage Directory /workdir/hadoop-ozone/integration-test/target/test-dir/MiniOzoneClusterImpl-29dd0c8c-da21-41d6-af77-5f0a65600fbb/datanode-0/data/ratis/f1083663-b752-472d-a1c5-cb0ab07ae47c
2019-09-20 05:49:57,602 [pool-57-thread-1] INFO  server.RaftServerConfigKeys (ConfUtils.java:logGet(43)) - raft.server.log.queue.byte-limit = 2147483647 (custom)
2019-09-20 05:49:57,602 [pool-57-thread-1] INFO  server.RaftServerConfigKeys (ConfUtils.java:logGet(43)) - raft.server.log.queue.element-limit = 1024 (custom)
2019-09-20 05:49:57,602 [pool-57-thread-1] INFO  server.RaftServerConfigKeys (ConfUtils.java:logGet(43)) - raft.server.log.segment.size.max = 1048576 (custom)
2019-09-20 05:49:57,603 [pool-57-thread-1] INFO  server.RaftServerConfigKeys (ConfUtils.java:logGet(43)) - raft.server.log.preallocated.size = 16384 (custom)
2019-09-20 05:49:57,603 [pool-57-thread-1] INFO  server.RaftServerConfigKeys (ConfUtils.java:logGet(43)) - raft.server.log.write.buffer.size = 33554432 (custom)
2019-09-20 05:49:57,603 [pool-57-thread-1] INFO  server.RaftServerConfigKeys (ConfUtils.java:logGet(43)) - raft.server.log.force.sync.num = 128 (default)
2019-09-20 05:49:57,603 [pool-57-thread-1] INFO  server.RaftServerConfigKeys (ConfUtils.java:logGet(43)) - raft.server.log.statemachine.data.sync = true (default)
2019-09-20 05:49:57,603 [pool-57-thread-1] INFO  server.RaftServerConfigKeys (ConfUtils.java:logGet(43)) - raft.server.log.statemachine.data.sync.timeout = 10s (default)
2019-09-20 05:49:57,603 [pool-57-thread-1] INFO  server.RaftServerConfigKeys (ConfUtils.java:logGet(43)) - raft.server.log.statemachine.data.sync.timeout.retry = -1 (default)
2019-09-20 05:49:57,604 [pool-57-thread-1] INFO  server.RaftServerConfigKeys (ConfUtils.java:logGet(43)) - raft.server.log.statemachine.data.caching.enabled = true (custom)
2019-09-20 05:49:57,604 [pool-57-thread-1] INFO  segmented.SegmentedRaftLogWorker (SegmentedRaftLogWorker.java:lambda$new$0(132)) - 9b918566-8d2f-4f38-9ce1-65f5cd084216-SegmentedRaftLogWorker:Storage Directory /workdir/hadoop-ozone/integration-test/target/test-dir/MiniOzoneClusterImpl-29dd0c8c-da21-41d6-af77-5f0a65600fbb/datanode-0/data/ratis/f1083663-b752-472d-a1c5-cb0ab07ae47c: flushIndex: setUnconditionally 0 -> -1
2019-09-20 05:49:57,604 [pool-57-thread-1] INFO  server.RaftServerConfigKeys (ConfUtils.java:logGet(43)) - raft.server.snapshot.auto.trigger.enabled = true (custom)
2019-09-20 05:49:57,604 [pool-57-thread-1] INFO  server.RaftServerConfigKeys (ConfUtils.java:logGet(43)) - raft.server.snapshot.auto.trigger.threshold = 1 (custom)
2019-09-20 05:49:57,605 [pool-57-thread-1] INFO  server.RaftServerConfigKeys (ConfUtils.java:logGet(43)) - raft.server.retrycache.expirytime = 600000ms (custom)
2019-09-20 05:49:57,605 [pool-57-thread-1] INFO  impl.RaftServerImpl (RaftServerImpl.java:start(180)) - 9b918566-8d2f-4f38-9ce1-65f5cd084216: start group-CB0AB07AE47C
2019-09-20 05:49:57,605 [pool-57-thread-1] INFO  impl.RaftServerImpl (RaftServerImpl.java:setRole(171)) - 9b918566-8d2f-4f38-9ce1-65f5cd084216:group-CB0AB07AE47C changes role from null to FOLLOWER at term 0 for startAsFollower
2019-09-20 05:49:57,605 [pool-57-thread-1] INFO  impl.RoleInfo (RoleInfo.java:updateAndGet(143)) - 9b918566-8d2f-4f38-9ce1-65f5cd084216: start FollowerState
2019-09-20 05:49:57,606 [pool-57-thread-1] INFO  util.JmxRegister (JmxRegister.java:tryRegister(44)) - Successfully registered JMX Bean with object name Ratis:service=RaftServer,group=group-CB0AB07AE47C,id=9b918566-8d2f-4f38-9ce1-65f5cd084216
2019-09-20 05:49:57,607 [RatisPipelineUtilsThread] INFO  pipeline.PipelineStateManager (PipelineStateManager.java:addPipeline(56)) - Created pipeline Pipeline[ Id: f1083663-b752-472d-a1c5-cb0ab07ae47c, Nodes: 9b918566-8d2f-4f38-9ce1-65f5cd084216{ip: 192.168.36.79, host: pr-hdds-1569-s8kj2-2266485376, networkLocation: /default-rack, certSerialId: null}, Type:RATIS, Factor:ONE, State:OPEN]
2019-09-20 05:49:57,610 [grpc-default-executor-1] INFO  impl.RaftServerProxy (RaftServerProxy.java:addNew(89)) - 9b918566-8d2f-4f38-9ce1-65f5cd084216: addNew group-E97AFE0759BC:[9b918566-8d2f-4f38-9ce1-65f5cd084216:192.168.36.79:46843] returns group-E97AFE0759BC:java.util.concurrent.CompletableFuture@13a85aa9[Not completed]
2019-09-20 05:49:57,611 [pool-57-thread-1] INFO  impl.RaftServerImpl (RaftServerImpl.java:<init>(93)) - 9b918566-8d2f-4f38-9ce1-65f5cd084216: new RaftServerImpl for group-E97AFE0759BC:[9b918566-8d2f-4f38-9ce1-65f5cd084216:192.168.36.79:46843] with ContainerStateMachine:uninitialized
2019-09-20 05:49:57,611 [pool-57-thread-1] INFO  server.RaftServerConfigKeys (ConfUtils.java:logGet(43)) - raft.server.rpc.timeout.min = 5s (custom)
2019-09-20 05:49:57,611 [pool-57-thread-1] INFO  server.RaftServerConfigKeys (ConfUtils.java:logGet(43)) - raft.server.rpc.timeout.max = 5200ms (custom)
2019-09-20 05:49:57,611 [pool-57-thread-1] INFO  server.RaftServerConfigKeys (ConfUtils.java:logGet(43)) - raft.server.rpcslowness.timeout = 120s (custom)
2019-09-20 05:49:57,611 [pool-57-thread-1] INFO  server.RaftServerConfigKeys (ConfUtils.java:logGet(43)) - raft.server.sleep.deviation.threshold = 300 (default)
2019-09-20 05:49:57,612 [pool-57-thread-1] INFO  server.RaftServerConfigKeys (ConfUtils.java:logGet(43)) - raft.server.log.appender.install.snapshot.enabled = false (custom)
2019-09-20 05:49:57,612 [pool-57-thread-1] INFO  impl.RaftServerImpl (ServerState.java:<init>(105)) - 9b918566-8d2f-4f38-9ce1-65f5cd084216:group-E97AFE0759BC ConfigurationManager, init=-1: [9b918566-8d2f-4f38-9ce1-65f5cd084216:192.168.36.79:46843], old=null, confs=<EMPTY_MAP>
2019-09-20 05:49:57,612 [pool-57-thread-1] INFO  server.RaftServerConfigKeys (ConfUtils.java:logGet(43)) - raft.server.storage.dir = [/workdir/hadoop-ozone/integration-test/target/test-dir/MiniOzoneClusterImpl-29dd0c8c-da21-41d6-af77-5f0a65600fbb/datanode-0/data/ratis] (custom)
2019-09-20 05:49:57,612 [pool-57-thread-1] INFO  storage.RaftStorageDirectory (RaftStorageDirectory.java:analyzeStorage(246)) - The storage directory /workdir/hadoop-ozone/integration-test/target/test-dir/MiniOzoneClusterImpl-29dd0c8c-da21-41d6-af77-5f0a65600fbb/datanode-0/data/ratis/28fd79ef-cef9-47c8-80c3-e97afe0759bc does not exist. Creating ...
2019-09-20 05:49:57,640 [pool-57-thread-1] INFO  storage.RaftStorageDirectory (RaftStorageDirectory.java:tryLock(328)) - Lock on /workdir/hadoop-ozone/integration-test/target/test-dir/MiniOzoneClusterImpl-29dd0c8c-da21-41d6-af77-5f0a65600fbb/datanode-0/data/ratis/28fd79ef-cef9-47c8-80c3-e97afe0759bc/in_use.lock acquired by nodename 6907@pr-hdds-1569-s8kj2-2266485376
2019-09-20 05:49:57,661 [pool-57-thread-1] INFO  storage.RaftStorage (RaftStorage.java:format(72)) - Storage directory /workdir/hadoop-ozone/integration-test/target/test-dir/MiniOzoneClusterImpl-29dd0c8c-da21-41d6-af77-5f0a65600fbb/datanode-0/data/ratis/28fd79ef-cef9-47c8-80c3-e97afe0759bc has been successfully formatted.
2019-09-20 05:49:57,662 [pool-57-thread-1] INFO  ratis.ContainerStateMachine (ContainerStateMachine.java:loadSnapshot(226)) - group-E97AFE0759BC: The snapshot info is null. Setting the last applied indexto:(t:0, i:~)
2019-09-20 05:49:57,662 [pool-57-thread-1] INFO  server.RaftServerConfigKeys (ConfUtils.java:logGet(43)) - raft.server.leader.election.timeout = 120s (custom)
2019-09-20 05:49:57,662 [pool-57-thread-1] INFO  server.RaftServerConfigKeys (ConfUtils.java:logGet(43)) - raft.server.log.use.memory = false (default)
2019-09-20 05:49:57,662 [pool-57-thread-1] INFO  server.RaftServerConfigKeys (ConfUtils.java:logGet(43)) - raft.server.log.purge.gap = 1000000 (custom)
2019-09-20 05:49:57,662 [pool-57-thread-1] INFO  server.RaftServerConfigKeys (ConfUtils.java:logGet(43)) - raft.server.log.appender.buffer.byte-limit = 33554432 (custom)
2019-09-20 05:49:57,662 [pool-57-thread-1] INFO  server.RaftServerConfigKeys (ConfUtils.java:logGet(43)) - raft.server.log.segment.size.max = 1048576 (custom)
2019-09-20 05:49:57,663 [pool-57-thread-1] INFO  server.RaftServerConfigKeys (ConfUtils.java:logGet(43)) - raft.server.log.segment.cache.num.max = 2 (custom)
2019-09-20 05:49:57,663 [pool-57-thread-1] INFO  segmented.SegmentedRaftLogWorker (SegmentedRaftLogWorker.java:<init>(172)) - new 9b918566-8d2f-4f38-9ce1-65f5cd084216-SegmentedRaftLogWorker:Storage Directory /workdir/hadoop-ozone/integration-test/target/test-dir/MiniOzoneClusterImpl-29dd0c8c-da21-41d6-af77-5f0a65600fbb/datanode-0/data/ratis/28fd79ef-cef9-47c8-80c3-e97afe0759bc for RaftStorage:Storage Directory /workdir/hadoop-ozone/integration-test/target/test-dir/MiniOzoneClusterImpl-29dd0c8c-da21-41d6-af77-5f0a65600fbb/datanode-0/data/ratis/28fd79ef-cef9-47c8-80c3-e97afe0759bc
2019-09-20 05:49:57,663 [pool-57-thread-1] INFO  server.RaftServerConfigKeys (ConfUtils.java:logGet(43)) - raft.server.log.queue.byte-limit = 2147483647 (custom)
2019-09-20 05:49:57,663 [pool-57-thread-1] INFO  server.RaftServerConfigKeys (ConfUtils.java:logGet(43)) - raft.server.log.queue.element-limit = 1024 (custom)
2019-09-20 05:49:57,663 [pool-57-thread-1] INFO  server.RaftServerConfigKeys (ConfUtils.java:logGet(43)) - raft.server.log.segment.size.max = 1048576 (custom)
2019-09-20 05:49:57,664 [pool-57-thread-1] INFO  server.RaftServerConfigKeys (ConfUtils.java:logGet(43)) - raft.server.log.preallocated.size = 16384 (custom)
2019-09-20 05:49:57,664 [pool-57-thread-1] INFO  server.RaftServerConfigKeys (ConfUtils.java:logGet(43)) - raft.server.log.write.buffer.size = 33554432 (custom)
2019-09-20 05:49:57,664 [pool-57-thread-1] INFO  server.RaftServerConfigKeys (ConfUtils.java:logGet(43)) - raft.server.log.force.sync.num = 128 (default)
2019-09-20 05:49:57,664 [pool-57-thread-1] INFO  server.RaftServerConfigKeys (ConfUtils.java:logGet(43)) - raft.server.log.statemachine.data.sync = true (default)
2019-09-20 05:49:57,664 [pool-57-thread-1] INFO  server.RaftServerConfigKeys (ConfUtils.java:logGet(43)) - raft.server.log.statemachine.data.sync.timeout = 10s (default)
2019-09-20 05:49:57,664 [pool-57-thread-1] INFO  server.RaftServerConfigKeys (ConfUtils.java:logGet(43)) - raft.server.log.statemachine.data.sync.timeout.retry = -1 (default)
2019-09-20 05:49:57,665 [pool-57-thread-1] INFO  server.RaftServerConfigKeys (ConfUtils.java:logGet(43)) - raft.server.log.statemachine.data.caching.enabled = true (custom)
2019-09-20 05:49:57,665 [pool-57-thread-1] INFO  segmented.SegmentedRaftLogWorker (SegmentedRaftLogWorker.java:lambda$new$0(132)) - 9b918566-8d2f-4f38-9ce1-65f5cd084216-SegmentedRaftLogWorker:Storage Directory /workdir/hadoop-ozone/integration-test/target/test-dir/MiniOzoneClusterImpl-29dd0c8c-da21-41d6-af77-5f0a65600fbb/datanode-0/data/ratis/28fd79ef-cef9-47c8-80c3-e97afe0759bc: flushIndex: setUnconditionally 0 -> -1
2019-09-20 05:49:57,665 [pool-57-thread-1] INFO  server.RaftServerConfigKeys (ConfUtils.java:logGet(43)) - raft.server.snapshot.auto.trigger.enabled = true (custom)
2019-09-20 05:49:57,665 [pool-57-thread-1] INFO  server.RaftServerConfigKeys (ConfUtils.java:logGet(43)) - raft.server.snapshot.auto.trigger.threshold = 1 (custom)
2019-09-20 05:49:57,665 [pool-57-thread-1] INFO  server.RaftServerConfigKeys (ConfUtils.java:logGet(43)) - raft.server.retrycache.expirytime = 600000ms (custom)
2019-09-20 05:49:57,665 [pool-57-thread-1] INFO  impl.RaftServerImpl (RaftServerImpl.java:start(180)) - 9b918566-8d2f-4f38-9ce1-65f5cd084216: start group-E97AFE0759BC
2019-09-20 05:49:57,666 [pool-57-thread-1] INFO  impl.RaftServerImpl (RaftServerImpl.java:setRole(171)) - 9b918566-8d2f-4f38-9ce1-65f5cd084216:group-E97AFE0759BC changes role from null to FOLLOWER at term 0 for startAsFollower
2019-09-20 05:49:57,666 [pool-57-thread-1] INFO  impl.RoleInfo (RoleInfo.java:updateAndGet(143)) - 9b918566-8d2f-4f38-9ce1-65f5cd084216: start FollowerState
2019-09-20 05:49:57,666 [pool-57-thread-1] INFO  util.JmxRegister (JmxRegister.java:tryRegister(44)) - Successfully registered JMX Bean with object name Ratis:service=RaftServer,group=group-E97AFE0759BC,id=9b918566-8d2f-4f38-9ce1-65f5cd084216
2019-09-20 05:49:57,667 [RatisPipelineUtilsThread] INFO  pipeline.PipelineStateManager (PipelineStateManager.java:addPipeline(56)) - Created pipeline Pipeline[ Id: 28fd79ef-cef9-47c8-80c3-e97afe0759bc, Nodes: 9b918566-8d2f-4f38-9ce1-65f5cd084216{ip: 192.168.36.79, host: pr-hdds-1569-s8kj2-2266485376, networkLocation: /default-rack, certSerialId: null}, Type:RATIS, Factor:ONE, State:OPEN]
2019-09-20 05:49:57,670 [grpc-default-executor-1] INFO  impl.RaftServerProxy (RaftServerProxy.java:addNew(89)) - 9b918566-8d2f-4f38-9ce1-65f5cd084216: addNew group-9687A94148C8:[9b918566-8d2f-4f38-9ce1-65f5cd084216:192.168.36.79:46843] returns group-9687A94148C8:java.util.concurrent.CompletableFuture@1d1aac19[Not completed]
2019-09-20 05:49:57,671 [pool-57-thread-1] INFO  impl.RaftServerImpl (RaftServerImpl.java:<init>(93)) - 9b918566-8d2f-4f38-9ce1-65f5cd084216: new RaftServerImpl for group-9687A94148C8:[9b918566-8d2f-4f38-9ce1-65f5cd084216:192.168.36.79:46843] with ContainerStateMachine:uninitialized
2019-09-20 05:49:57,671 [pool-57-thread-1] INFO  server.RaftServerConfigKeys (ConfUtils.java:logGet(43)) - raft.server.rpc.timeout.min = 5s (custom)
2019-09-20 05:49:57,671 [pool-57-thread-1] INFO  server.RaftServerConfigKeys (ConfUtils.java:logGet(43)) - raft.server.rpc.timeout.max = 5200ms (custom)
2019-09-20 05:49:57,671 [pool-57-thread-1] INFO  server.RaftServerConfigKeys (ConfUtils.java:logGet(43)) - raft.server.rpcslowness.timeout = 120s (custom)
2019-09-20 05:49:57,671 [pool-57-thread-1] INFO  server.RaftServerConfigKeys (ConfUtils.java:logGet(43)) - raft.server.sleep.deviation.threshold = 300 (default)
2019-09-20 05:49:57,671 [pool-57-thread-1] INFO  server.RaftServerConfigKeys (ConfUtils.java:logGet(43)) - raft.server.log.appender.install.snapshot.enabled = false (custom)
2019-09-20 05:49:57,671 [pool-57-thread-1] INFO  impl.RaftServerImpl (ServerState.java:<init>(105)) - 9b918566-8d2f-4f38-9ce1-65f5cd084216:group-9687A94148C8 ConfigurationManager, init=-1: [9b918566-8d2f-4f38-9ce1-65f5cd084216:192.168.36.79:46843], old=null, confs=<EMPTY_MAP>
2019-09-20 05:49:57,671 [pool-57-thread-1] INFO  server.RaftServerConfigKeys (ConfUtils.java:logGet(43)) - raft.server.storage.dir = [/workdir/hadoop-ozone/integration-test/target/test-dir/MiniOzoneClusterImpl-29dd0c8c-da21-41d6-af77-5f0a65600fbb/datanode-0/data/ratis] (custom)
2019-09-20 05:49:57,672 [pool-57-thread-1] INFO  storage.RaftStorageDirectory (RaftStorageDirectory.java:analyzeStorage(246)) - The storage directory /workdir/hadoop-ozone/integration-test/target/test-dir/MiniOzoneClusterImpl-29dd0c8c-da21-41d6-af77-5f0a65600fbb/datanode-0/data/ratis/1c30d949-bc0b-458a-a151-9687a94148c8 does not exist. Creating ...
2019-09-20 05:49:57,690 [pool-57-thread-1] INFO  storage.RaftStorageDirectory (RaftStorageDirectory.java:tryLock(328)) - Lock on /workdir/hadoop-ozone/integration-test/target/test-dir/MiniOzoneClusterImpl-29dd0c8c-da21-41d6-af77-5f0a65600fbb/datanode-0/data/ratis/1c30d949-bc0b-458a-a151-9687a94148c8/in_use.lock acquired by nodename 6907@pr-hdds-1569-s8kj2-2266485376
2019-09-20 05:49:57,716 [pool-57-thread-1] INFO  storage.RaftStorage (RaftStorage.java:format(72)) - Storage directory /workdir/hadoop-ozone/integration-test/target/test-dir/MiniOzoneClusterImpl-29dd0c8c-da21-41d6-af77-5f0a65600fbb/datanode-0/data/ratis/1c30d949-bc0b-458a-a151-9687a94148c8 has been successfully formatted.
2019-09-20 05:49:57,716 [pool-57-thread-1] INFO  ratis.ContainerStateMachine (ContainerStateMachine.java:loadSnapshot(226)) - group-9687A94148C8: The snapshot info is null. Setting the last applied indexto:(t:0, i:~)
2019-09-20 05:49:57,716 [pool-57-thread-1] INFO  server.RaftServerConfigKeys (ConfUtils.java:logGet(43)) - raft.server.leader.election.timeout = 120s (custom)
2019-09-20 05:49:57,716 [pool-57-thread-1] INFO  server.RaftServerConfigKeys (ConfUtils.java:logGet(43)) - raft.server.log.use.memory = false (default)
2019-09-20 05:49:57,717 [pool-57-thread-1] INFO  server.RaftServerConfigKeys (ConfUtils.java:logGet(43)) - raft.server.log.purge.gap = 1000000 (custom)
2019-09-20 05:49:57,717 [pool-57-thread-1] INFO  server.RaftServerConfigKeys (ConfUtils.java:logGet(43)) - raft.server.log.appender.buffer.byte-limit = 33554432 (custom)
2019-09-20 05:49:57,717 [pool-57-thread-1] INFO  server.RaftServerConfigKeys (ConfUtils.java:logGet(43)) - raft.server.log.segment.size.max = 1048576 (custom)
2019-09-20 05:49:57,717 [pool-57-thread-1] INFO  server.RaftServerConfigKeys (ConfUtils.java:logGet(43)) - raft.server.log.segment.cache.num.max = 2 (custom)
2019-09-20 05:49:57,717 [pool-57-thread-1] INFO  segmented.SegmentedRaftLogWorker (SegmentedRaftLogWorker.java:<init>(172)) - new 9b918566-8d2f-4f38-9ce1-65f5cd084216-SegmentedRaftLogWorker:Storage Directory /workdir/hadoop-ozone/integration-test/target/test-dir/MiniOzoneClusterImpl-29dd0c8c-da21-41d6-af77-5f0a65600fbb/datanode-0/data/ratis/1c30d949-bc0b-458a-a151-9687a94148c8 for RaftStorage:Storage Directory /workdir/hadoop-ozone/integration-test/target/test-dir/MiniOzoneClusterImpl-29dd0c8c-da21-41d6-af77-5f0a65600fbb/datanode-0/data/ratis/1c30d949-bc0b-458a-a151-9687a94148c8
2019-09-20 05:49:57,717 [pool-57-thread-1] INFO  server.RaftServerConfigKeys (ConfUtils.java:logGet(43)) - raft.server.log.queue.byte-limit = 2147483647 (custom)
2019-09-20 05:49:57,717 [pool-57-thread-1] INFO  server.RaftServerConfigKeys (ConfUtils.java:logGet(43)) - raft.server.log.queue.element-limit = 1024 (custom)
2019-09-20 05:49:57,717 [pool-57-thread-1] INFO  server.RaftServerConfigKeys (ConfUtils.java:logGet(43)) - raft.server.log.segment.size.max = 1048576 (custom)
2019-09-20 05:49:57,717 [pool-57-thread-1] INFO  server.RaftServerConfigKeys (ConfUtils.java:logGet(43)) - raft.server.log.preallocated.size = 16384 (custom)
2019-09-20 05:49:57,717 [pool-57-thread-1] INFO  server.RaftServerConfigKeys (ConfUtils.java:logGet(43)) - raft.server.log.write.buffer.size = 33554432 (custom)
2019-09-20 05:49:57,717 [pool-57-thread-1] INFO  server.RaftServerConfigKeys (ConfUtils.java:logGet(43)) - raft.server.log.force.sync.num = 128 (default)
2019-09-20 05:49:57,717 [pool-57-thread-1] INFO  server.RaftServerConfigKeys (ConfUtils.java:logGet(43)) - raft.server.log.statemachine.data.sync = true (default)
2019-09-20 05:49:57,718 [pool-57-thread-1] INFO  server.RaftServerConfigKeys (ConfUtils.java:logGet(43)) - raft.server.log.statemachine.data.sync.timeout = 10s (default)
2019-09-20 05:49:57,718 [pool-57-thread-1] INFO  server.RaftServerConfigKeys (ConfUtils.java:logGet(43)) - raft.server.log.statemachine.data.sync.timeout.retry = -1 (default)
2019-09-20 05:49:57,718 [pool-57-thread-1] INFO  server.RaftServerConfigKeys (ConfUtils.java:logGet(43)) - raft.server.log.statemachine.data.caching.enabled = true (custom)
2019-09-20 05:49:57,718 [pool-57-thread-1] INFO  segmented.SegmentedRaftLogWorker (SegmentedRaftLogWorker.java:lambda$new$0(132)) - 9b918566-8d2f-4f38-9ce1-65f5cd084216-SegmentedRaftLogWorker:Storage Directory /workdir/hadoop-ozone/integration-test/target/test-dir/MiniOzoneClusterImpl-29dd0c8c-da21-41d6-af77-5f0a65600fbb/datanode-0/data/ratis/1c30d949-bc0b-458a-a151-9687a94148c8: flushIndex: setUnconditionally 0 -> -1
2019-09-20 05:49:57,718 [pool-57-thread-1] INFO  server.RaftServerConfigKeys (ConfUtils.java:logGet(43)) - raft.server.snapshot.auto.trigger.enabled = true (custom)
2019-09-20 05:49:57,718 [pool-57-thread-1] INFO  server.RaftServerConfigKeys (ConfUtils.java:logGet(43)) - raft.server.snapshot.auto.trigger.threshold = 1 (custom)
2019-09-20 05:49:57,718 [pool-57-thread-1] INFO  server.RaftServerConfigKeys (ConfUtils.java:logGet(43)) - raft.server.retrycache.expirytime = 600000ms (custom)
2019-09-20 05:49:57,718 [pool-57-thread-1] INFO  impl.RaftServerImpl (RaftServerImpl.java:start(180)) - 9b918566-8d2f-4f38-9ce1-65f5cd084216: start group-9687A94148C8
2019-09-20 05:49:57,718 [pool-57-thread-1] INFO  impl.RaftServerImpl (RaftServerImpl.java:setRole(171)) - 9b918566-8d2f-4f38-9ce1-65f5cd084216:group-9687A94148C8 changes role from null to FOLLOWER at term 0 for startAsFollower
2019-09-20 05:49:57,719 [pool-57-thread-1] INFO  impl.RoleInfo (RoleInfo.java:updateAndGet(143)) - 9b918566-8d2f-4f38-9ce1-65f5cd084216: start FollowerState
2019-09-20 05:49:57,719 [pool-57-thread-1] INFO  util.JmxRegister (JmxRegister.java:tryRegister(44)) - Successfully registered JMX Bean with object name Ratis:service=RaftServer,group=group-9687A94148C8,id=9b918566-8d2f-4f38-9ce1-65f5cd084216
2019-09-20 05:49:57,720 [RatisPipelineUtilsThread] INFO  pipeline.PipelineStateManager (PipelineStateManager.java:addPipeline(56)) - Created pipeline Pipeline[ Id: 1c30d949-bc0b-458a-a151-9687a94148c8, Nodes: 9b918566-8d2f-4f38-9ce1-65f5cd084216{ip: 192.168.36.79, host: pr-hdds-1569-s8kj2-2266485376, networkLocation: /default-rack, certSerialId: null}, Type:RATIS, Factor:ONE, State:OPEN]
2019-09-20 05:49:57,723 [grpc-default-executor-1] INFO  impl.RaftServerProxy (RaftServerProxy.java:addNew(89)) - 9b918566-8d2f-4f38-9ce1-65f5cd084216: addNew group-3D09598F9E0E:[9b918566-8d2f-4f38-9ce1-65f5cd084216:192.168.36.79:46843] returns group-3D09598F9E0E:java.util.concurrent.CompletableFuture@745d959[Not completed]
2019-09-20 05:49:57,723 [pool-57-thread-1] INFO  impl.RaftServerImpl (RaftServerImpl.java:<init>(93)) - 9b918566-8d2f-4f38-9ce1-65f5cd084216: new RaftServerImpl for group-3D09598F9E0E:[9b918566-8d2f-4f38-9ce1-65f5cd084216:192.168.36.79:46843] with ContainerStateMachine:uninitialized
2019-09-20 05:49:57,723 [pool-57-thread-1] INFO  server.RaftServerConfigKeys (ConfUtils.java:logGet(43)) - raft.server.rpc.timeout.min = 5s (custom)
2019-09-20 05:49:57,723 [pool-57-thread-1] INFO  server.RaftServerConfigKeys (ConfUtils.java:logGet(43)) - raft.server.rpc.timeout.max = 5200ms (custom)
2019-09-20 05:49:57,723 [pool-57-thread-1] INFO  server.RaftServerConfigKeys (ConfUtils.java:logGet(43)) - raft.server.rpcslowness.timeout = 120s (custom)
2019-09-20 05:49:57,723 [pool-57-thread-1] INFO  server.RaftServerConfigKeys (ConfUtils.java:logGet(43)) - raft.server.sleep.deviation.threshold = 300 (default)
2019-09-20 05:49:57,723 [pool-57-thread-1] INFO  server.RaftServerConfigKeys (ConfUtils.java:logGet(43)) - raft.server.log.appender.install.snapshot.enabled = false (custom)
2019-09-20 05:49:57,723 [pool-57-thread-1] INFO  impl.RaftServerImpl (ServerState.java:<init>(105)) - 9b918566-8d2f-4f38-9ce1-65f5cd084216:group-3D09598F9E0E ConfigurationManager, init=-1: [9b918566-8d2f-4f38-9ce1-65f5cd084216:192.168.36.79:46843], old=null, confs=<EMPTY_MAP>
2019-09-20 05:49:57,724 [pool-57-thread-1] INFO  server.RaftServerConfigKeys (ConfUtils.java:logGet(43)) - raft.server.storage.dir = [/workdir/hadoop-ozone/integration-test/target/test-dir/MiniOzoneClusterImpl-29dd0c8c-da21-41d6-af77-5f0a65600fbb/datanode-0/data/ratis] (custom)
2019-09-20 05:49:57,724 [pool-57-thread-1] INFO  storage.RaftStorageDirectory (RaftStorageDirectory.java:analyzeStorage(246)) - The storage directory /workdir/hadoop-ozone/integration-test/target/test-dir/MiniOzoneClusterImpl-29dd0c8c-da21-41d6-af77-5f0a65600fbb/datanode-0/data/ratis/35dc1df2-fea1-423f-a8e4-3d09598f9e0e does not exist. Creating ...
2019-09-20 05:49:57,760 [pool-57-thread-1] INFO  storage.RaftStorageDirectory (RaftStorageDirectory.java:tryLock(328)) - Lock on /workdir/hadoop-ozone/integration-test/target/test-dir/MiniOzoneClusterImpl-29dd0c8c-da21-41d6-af77-5f0a65600fbb/datanode-0/data/ratis/35dc1df2-fea1-423f-a8e4-3d09598f9e0e/in_use.lock acquired by nodename 6907@pr-hdds-1569-s8kj2-2266485376
2019-09-20 05:49:57,792 [pool-57-thread-1] INFO  storage.RaftStorage (RaftStorage.java:format(72)) - Storage directory /workdir/hadoop-ozone/integration-test/target/test-dir/MiniOzoneClusterImpl-29dd0c8c-da21-41d6-af77-5f0a65600fbb/datanode-0/data/ratis/35dc1df2-fea1-423f-a8e4-3d09598f9e0e has been successfully formatted.
2019-09-20 05:49:57,793 [pool-57-thread-1] INFO  ratis.ContainerStateMachine (ContainerStateMachine.java:loadSnapshot(226)) - group-3D09598F9E0E: The snapshot info is null. Setting the last applied indexto:(t:0, i:~)
2019-09-20 05:49:57,793 [pool-57-thread-1] INFO  server.RaftServerConfigKeys (ConfUtils.java:logGet(43)) - raft.server.leader.election.timeout = 120s (custom)
2019-09-20 05:49:57,793 [pool-57-thread-1] INFO  server.RaftServerConfigKeys (ConfUtils.java:logGet(43)) - raft.server.log.use.memory = false (default)
2019-09-20 05:49:57,793 [pool-57-thread-1] INFO  server.RaftServerConfigKeys (ConfUtils.java:logGet(43)) - raft.server.log.purge.gap = 1000000 (custom)
2019-09-20 05:49:57,793 [pool-57-thread-1] INFO  server.RaftServerConfigKeys (ConfUtils.java:logGet(43)) - raft.server.log.appender.buffer.byte-limit = 33554432 (custom)
2019-09-20 05:49:57,793 [pool-57-thread-1] INFO  server.RaftServerConfigKeys (ConfUtils.java:logGet(43)) - raft.server.log.segment.size.max = 1048576 (custom)
2019-09-20 05:49:57,793 [pool-57-thread-1] INFO  server.RaftServerConfigKeys (ConfUtils.java:logGet(43)) - raft.server.log.segment.cache.num.max = 2 (custom)
2019-09-20 05:49:57,793 [pool-57-thread-1] INFO  segmented.SegmentedRaftLogWorker (SegmentedRaftLogWorker.java:<init>(172)) - new 9b918566-8d2f-4f38-9ce1-65f5cd084216-SegmentedRaftLogWorker:Storage Directory /workdir/hadoop-ozone/integration-test/target/test-dir/MiniOzoneClusterImpl-29dd0c8c-da21-41d6-af77-5f0a65600fbb/datanode-0/data/ratis/35dc1df2-fea1-423f-a8e4-3d09598f9e0e for RaftStorage:Storage Directory /workdir/hadoop-ozone/integration-test/target/test-dir/MiniOzoneClusterImpl-29dd0c8c-da21-41d6-af77-5f0a65600fbb/datanode-0/data/ratis/35dc1df2-fea1-423f-a8e4-3d09598f9e0e
2019-09-20 05:49:57,793 [pool-57-thread-1] INFO  server.RaftServerConfigKeys (ConfUtils.java:logGet(43)) - raft.server.log.queue.byte-limit = 2147483647 (custom)
2019-09-20 05:49:57,794 [pool-57-thread-1] INFO  server.RaftServerConfigKeys (ConfUtils.java:logGet(43)) - raft.server.log.queue.element-limit = 1024 (custom)
2019-09-20 05:49:57,794 [pool-57-thread-1] INFO  server.RaftServerConfigKeys (ConfUtils.java:logGet(43)) - raft.server.log.segment.size.max = 1048576 (custom)
2019-09-20 05:49:57,794 [pool-57-thread-1] INFO  server.RaftServerConfigKeys (ConfUtils.java:logGet(43)) - raft.server.log.preallocated.size = 16384 (custom)
2019-09-20 05:49:57,794 [pool-57-thread-1] INFO  server.RaftServerConfigKeys (ConfUtils.java:logGet(43)) - raft.server.log.write.buffer.size = 33554432 (custom)
2019-09-20 05:49:57,794 [pool-57-thread-1] INFO  server.RaftServerConfigKeys (ConfUtils.java:logGet(43)) - raft.server.log.force.sync.num = 128 (default)
2019-09-20 05:49:57,794 [pool-57-thread-1] INFO  server.RaftServerConfigKeys (ConfUtils.java:logGet(43)) - raft.server.log.statemachine.data.sync = true (default)
2019-09-20 05:49:57,794 [pool-57-thread-1] INFO  server.RaftServerConfigKeys (ConfUtils.java:logGet(43)) - raft.server.log.statemachine.data.sync.timeout = 10s (default)
2019-09-20 05:49:57,794 [pool-57-thread-1] INFO  server.RaftServerConfigKeys (ConfUtils.java:logGet(43)) - raft.server.log.statemachine.data.sync.timeout.retry = -1 (default)
2019-09-20 05:49:57,794 [pool-57-thread-1] INFO  server.RaftServerConfigKeys (ConfUtils.java:logGet(43)) - raft.server.log.statemachine.data.caching.enabled = true (custom)
2019-09-20 05:49:57,794 [pool-57-thread-1] INFO  segmented.SegmentedRaftLogWorker (SegmentedRaftLogWorker.java:lambda$new$0(132)) - 9b918566-8d2f-4f38-9ce1-65f5cd084216-SegmentedRaftLogWorker:Storage Directory /workdir/hadoop-ozone/integration-test/target/test-dir/MiniOzoneClusterImpl-29dd0c8c-da21-41d6-af77-5f0a65600fbb/datanode-0/data/ratis/35dc1df2-fea1-423f-a8e4-3d09598f9e0e: flushIndex: setUnconditionally 0 -> -1
2019-09-20 05:49:57,795 [pool-57-thread-1] INFO  server.RaftServerConfigKeys (ConfUtils.java:logGet(43)) - raft.server.snapshot.auto.trigger.enabled = true (custom)
2019-09-20 05:49:57,795 [pool-57-thread-1] INFO  server.RaftServerConfigKeys (ConfUtils.java:logGet(43)) - raft.server.snapshot.auto.trigger.threshold = 1 (custom)
2019-09-20 05:49:57,795 [pool-57-thread-1] INFO  server.RaftServerConfigKeys (ConfUtils.java:logGet(43)) - raft.server.retrycache.expirytime = 600000ms (custom)
2019-09-20 05:49:57,795 [pool-57-thread-1] INFO  impl.RaftServerImpl (RaftServerImpl.java:start(180)) - 9b918566-8d2f-4f38-9ce1-65f5cd084216: start group-3D09598F9E0E
2019-09-20 05:49:57,795 [pool-57-thread-1] INFO  impl.RaftServerImpl (RaftServerImpl.java:setRole(171)) - 9b918566-8d2f-4f38-9ce1-65f5cd084216:group-3D09598F9E0E changes role from null to FOLLOWER at term 0 for startAsFollower
2019-09-20 05:49:57,795 [pool-57-thread-1] INFO  impl.RoleInfo (RoleInfo.java:updateAndGet(143)) - 9b918566-8d2f-4f38-9ce1-65f5cd084216: start FollowerState
2019-09-20 05:49:57,795 [pool-57-thread-1] INFO  util.JmxRegister (JmxRegister.java:tryRegister(44)) - Successfully registered JMX Bean with object name Ratis:service=RaftServer,group=group-3D09598F9E0E,id=9b918566-8d2f-4f38-9ce1-65f5cd084216
2019-09-20 05:49:57,797 [RatisPipelineUtilsThread] INFO  pipeline.PipelineStateManager (PipelineStateManager.java:addPipeline(56)) - Created pipeline Pipeline[ Id: 35dc1df2-fea1-423f-a8e4-3d09598f9e0e, Nodes: 9b918566-8d2f-4f38-9ce1-65f5cd084216{ip: 192.168.36.79, host: pr-hdds-1569-s8kj2-2266485376, networkLocation: /default-rack, certSerialId: null}, Type:RATIS, Factor:ONE, State:OPEN]
2019-09-20 05:49:57,799 | INFO  | SCMAudit | user=jenkins1000 | ip=192.168.36.79 | op=SEND_HEARTBEAT {datanodeUUID=9b918566-8d2f-4f38-9ce1-65f5cd084216, command=[]} | ret=SUCCESS |  
2019-09-20 05:49:57,799 [grpc-default-executor-1] INFO  impl.RaftServerProxy (RaftServerProxy.java:addNew(89)) - 9b918566-8d2f-4f38-9ce1-65f5cd084216: addNew group-1A14FA57178C:[9b918566-8d2f-4f38-9ce1-65f5cd084216:192.168.36.79:46843] returns group-1A14FA57178C:java.util.concurrent.CompletableFuture@60a93d08[Not completed]
2019-09-20 05:49:57,800 [pool-57-thread-1] INFO  impl.RaftServerImpl (RaftServerImpl.java:<init>(93)) - 9b918566-8d2f-4f38-9ce1-65f5cd084216: new RaftServerImpl for group-1A14FA57178C:[9b918566-8d2f-4f38-9ce1-65f5cd084216:192.168.36.79:46843] with ContainerStateMachine:uninitialized
2019-09-20 05:49:57,800 [pool-57-thread-1] INFO  server.RaftServerConfigKeys (ConfUtils.java:logGet(43)) - raft.server.rpc.timeout.min = 5s (custom)
2019-09-20 05:49:57,800 [pool-57-thread-1] INFO  server.RaftServerConfigKeys (ConfUtils.java:logGet(43)) - raft.server.rpc.timeout.max = 5200ms (custom)
2019-09-20 05:49:57,800 [pool-57-thread-1] INFO  server.RaftServerConfigKeys (ConfUtils.java:logGet(43)) - raft.server.rpcslowness.timeout = 120s (custom)
2019-09-20 05:49:57,800 [pool-57-thread-1] INFO  server.RaftServerConfigKeys (ConfUtils.java:logGet(43)) - raft.server.sleep.deviation.threshold = 300 (default)
2019-09-20 05:49:57,800 [pool-57-thread-1] INFO  server.RaftServerConfigKeys (ConfUtils.java:logGet(43)) - raft.server.log.appender.install.snapshot.enabled = false (custom)
2019-09-20 05:49:57,801 [pool-57-thread-1] INFO  impl.RaftServerImpl (ServerState.java:<init>(105)) - 9b918566-8d2f-4f38-9ce1-65f5cd084216:group-1A14FA57178C ConfigurationManager, init=-1: [9b918566-8d2f-4f38-9ce1-65f5cd084216:192.168.36.79:46843], old=null, confs=<EMPTY_MAP>
2019-09-20 05:49:57,801 [pool-57-thread-1] INFO  server.RaftServerConfigKeys (ConfUtils.java:logGet(43)) - raft.server.storage.dir = [/workdir/hadoop-ozone/integration-test/target/test-dir/MiniOzoneClusterImpl-29dd0c8c-da21-41d6-af77-5f0a65600fbb/datanode-0/data/ratis] (custom)
2019-09-20 05:49:57,801 [pool-57-thread-1] INFO  storage.RaftStorageDirectory (RaftStorageDirectory.java:analyzeStorage(246)) - The storage directory /workdir/hadoop-ozone/integration-test/target/test-dir/MiniOzoneClusterImpl-29dd0c8c-da21-41d6-af77-5f0a65600fbb/datanode-0/data/ratis/cb392b2f-79e7-485f-ba94-1a14fa57178c does not exist. Creating ...
2019-09-20 05:49:57,838 [pool-57-thread-1] INFO  storage.RaftStorageDirectory (RaftStorageDirectory.java:tryLock(328)) - Lock on /workdir/hadoop-ozone/integration-test/target/test-dir/MiniOzoneClusterImpl-29dd0c8c-da21-41d6-af77-5f0a65600fbb/datanode-0/data/ratis/cb392b2f-79e7-485f-ba94-1a14fa57178c/in_use.lock acquired by nodename 6907@pr-hdds-1569-s8kj2-2266485376
2019-09-20 05:49:57,851 [pool-57-thread-1] INFO  storage.RaftStorage (RaftStorage.java:format(72)) - Storage directory /workdir/hadoop-ozone/integration-test/target/test-dir/MiniOzoneClusterImpl-29dd0c8c-da21-41d6-af77-5f0a65600fbb/datanode-0/data/ratis/cb392b2f-79e7-485f-ba94-1a14fa57178c has been successfully formatted.
2019-09-20 05:49:57,852 [pool-57-thread-1] INFO  ratis.ContainerStateMachine (ContainerStateMachine.java:loadSnapshot(226)) - group-1A14FA57178C: The snapshot info is null. Setting the last applied indexto:(t:0, i:~)
2019-09-20 05:49:57,852 [pool-57-thread-1] INFO  server.RaftServerConfigKeys (ConfUtils.java:logGet(43)) - raft.server.leader.election.timeout = 120s (custom)
2019-09-20 05:49:57,852 [pool-57-thread-1] INFO  server.RaftServerConfigKeys (ConfUtils.java:logGet(43)) - raft.server.log.use.memory = false (default)
2019-09-20 05:49:57,852 [pool-57-thread-1] INFO  server.RaftServerConfigKeys (ConfUtils.java:logGet(43)) - raft.server.log.purge.gap = 1000000 (custom)
2019-09-20 05:49:57,852 [pool-57-thread-1] INFO  server.RaftServerConfigKeys (ConfUtils.java:logGet(43)) - raft.server.log.appender.buffer.byte-limit = 33554432 (custom)
2019-09-20 05:49:57,852 [pool-57-thread-1] INFO  server.RaftServerConfigKeys (ConfUtils.java:logGet(43)) - raft.server.log.segment.size.max = 1048576 (custom)
2019-09-20 05:49:57,852 [pool-57-thread-1] INFO  server.RaftServerConfigKeys (ConfUtils.java:logGet(43)) - raft.server.log.segment.cache.num.max = 2 (custom)
2019-09-20 05:49:57,852 [pool-57-thread-1] INFO  segmented.SegmentedRaftLogWorker (SegmentedRaftLogWorker.java:<init>(172)) - new 9b918566-8d2f-4f38-9ce1-65f5cd084216-SegmentedRaftLogWorker:Storage Directory /workdir/hadoop-ozone/integration-test/target/test-dir/MiniOzoneClusterImpl-29dd0c8c-da21-41d6-af77-5f0a65600fbb/datanode-0/data/ratis/cb392b2f-79e7-485f-ba94-1a14fa57178c for RaftStorage:Storage Directory /workdir/hadoop-ozone/integration-test/target/test-dir/MiniOzoneClusterImpl-29dd0c8c-da21-41d6-af77-5f0a65600fbb/datanode-0/data/ratis/cb392b2f-79e7-485f-ba94-1a14fa57178c
2019-09-20 05:49:57,852 [pool-57-thread-1] INFO  server.RaftServerConfigKeys (ConfUtils.java:logGet(43)) - raft.server.log.queue.byte-limit = 2147483647 (custom)
2019-09-20 05:49:57,852 [pool-57-thread-1] INFO  server.RaftServerConfigKeys (ConfUtils.java:logGet(43)) - raft.server.log.queue.element-limit = 1024 (custom)
2019-09-20 05:49:57,853 [pool-57-thread-1] INFO  server.RaftServerConfigKeys (ConfUtils.java:logGet(43)) - raft.server.log.segment.size.max = 1048576 (custom)
2019-09-20 05:49:57,853 [pool-57-thread-1] INFO  server.RaftServerConfigKeys (ConfUtils.java:logGet(43)) - raft.server.log.preallocated.size = 16384 (custom)
2019-09-20 05:49:57,853 [pool-57-thread-1] INFO  server.RaftServerConfigKeys (ConfUtils.java:logGet(43)) - raft.server.log.write.buffer.size = 33554432 (custom)
2019-09-20 05:49:57,853 [pool-57-thread-1] INFO  server.RaftServerConfigKeys (ConfUtils.java:logGet(43)) - raft.server.log.force.sync.num = 128 (default)
2019-09-20 05:49:57,853 [pool-57-thread-1] INFO  server.RaftServerConfigKeys (ConfUtils.java:logGet(43)) - raft.server.log.statemachine.data.sync = true (default)
2019-09-20 05:49:57,853 [pool-57-thread-1] INFO  server.RaftServerConfigKeys (ConfUtils.java:logGet(43)) - raft.server.log.statemachine.data.sync.timeout = 10s (default)
2019-09-20 05:49:57,853 [pool-57-thread-1] INFO  server.RaftServerConfigKeys (ConfUtils.java:logGet(43)) - raft.server.log.statemachine.data.sync.timeout.retry = -1 (default)
2019-09-20 05:49:57,853 [pool-57-thread-1] INFO  server.RaftServerConfigKeys (ConfUtils.java:logGet(43)) - raft.server.log.statemachine.data.caching.enabled = true (custom)
2019-09-20 05:49:57,853 [pool-57-thread-1] INFO  segmented.SegmentedRaftLogWorker (SegmentedRaftLogWorker.java:lambda$new$0(132)) - 9b918566-8d2f-4f38-9ce1-65f5cd084216-SegmentedRaftLogWorker:Storage Directory /workdir/hadoop-ozone/integration-test/target/test-dir/MiniOzoneClusterImpl-29dd0c8c-da21-41d6-af77-5f0a65600fbb/datanode-0/data/ratis/cb392b2f-79e7-485f-ba94-1a14fa57178c: flushIndex: setUnconditionally 0 -> -1
2019-09-20 05:49:57,853 [pool-57-thread-1] INFO  server.RaftServerConfigKeys (ConfUtils.java:logGet(43)) - raft.server.snapshot.auto.trigger.enabled = true (custom)
2019-09-20 05:49:57,854 [pool-57-thread-1] INFO  server.RaftServerConfigKeys (ConfUtils.java:logGet(43)) - raft.server.snapshot.auto.trigger.threshold = 1 (custom)
2019-09-20 05:49:57,854 [pool-57-thread-1] INFO  server.RaftServerConfigKeys (ConfUtils.java:logGet(43)) - raft.server.retrycache.expirytime = 600000ms (custom)
2019-09-20 05:49:57,854 [pool-57-thread-1] INFO  impl.RaftServerImpl (RaftServerImpl.java:start(180)) - 9b918566-8d2f-4f38-9ce1-65f5cd084216: start group-1A14FA57178C
2019-09-20 05:49:57,854 [pool-57-thread-1] INFO  impl.RaftServerImpl (RaftServerImpl.java:setRole(171)) - 9b918566-8d2f-4f38-9ce1-65f5cd084216:group-1A14FA57178C changes role from null to FOLLOWER at term 0 for startAsFollower
2019-09-20 05:49:57,854 [pool-57-thread-1] INFO  impl.RoleInfo (RoleInfo.java:updateAndGet(143)) - 9b918566-8d2f-4f38-9ce1-65f5cd084216: start FollowerState
2019-09-20 05:49:57,854 [pool-57-thread-1] INFO  util.JmxRegister (JmxRegister.java:tryRegister(44)) - Successfully registered JMX Bean with object name Ratis:service=RaftServer,group=group-1A14FA57178C,id=9b918566-8d2f-4f38-9ce1-65f5cd084216
2019-09-20 05:49:57,856 [RatisPipelineUtilsThread] INFO  pipeline.PipelineStateManager (PipelineStateManager.java:addPipeline(56)) - Created pipeline Pipeline[ Id: cb392b2f-79e7-485f-ba94-1a14fa57178c, Nodes: 9b918566-8d2f-4f38-9ce1-65f5cd084216{ip: 192.168.36.79, host: pr-hdds-1569-s8kj2-2266485376, networkLocation: /default-rack, certSerialId: null}, Type:RATIS, Factor:ONE, State:OPEN]
2019-09-20 05:49:57,858 [grpc-default-executor-1] INFO  impl.RaftServerProxy (RaftServerProxy.java:addNew(89)) - 9b918566-8d2f-4f38-9ce1-65f5cd084216: addNew group-92405ABC3C63:[9b918566-8d2f-4f38-9ce1-65f5cd084216:192.168.36.79:46843] returns group-92405ABC3C63:java.util.concurrent.CompletableFuture@529cec59[Not completed]
2019-09-20 05:49:57,858 [pool-57-thread-1] INFO  impl.RaftServerImpl (RaftServerImpl.java:<init>(93)) - 9b918566-8d2f-4f38-9ce1-65f5cd084216: new RaftServerImpl for group-92405ABC3C63:[9b918566-8d2f-4f38-9ce1-65f5cd084216:192.168.36.79:46843] with ContainerStateMachine:uninitialized
2019-09-20 05:49:57,859 [pool-57-thread-1] INFO  server.RaftServerConfigKeys (ConfUtils.java:logGet(43)) - raft.server.rpc.timeout.min = 5s (custom)
2019-09-20 05:49:57,859 [pool-57-thread-1] INFO  server.RaftServerConfigKeys (ConfUtils.java:logGet(43)) - raft.server.rpc.timeout.max = 5200ms (custom)
2019-09-20 05:49:57,859 [pool-57-thread-1] INFO  server.RaftServerConfigKeys (ConfUtils.java:logGet(43)) - raft.server.rpcslowness.timeout = 120s (custom)
2019-09-20 05:49:57,859 [pool-57-thread-1] INFO  server.RaftServerConfigKeys (ConfUtils.java:logGet(43)) - raft.server.sleep.deviation.threshold = 300 (default)
2019-09-20 05:49:57,859 [pool-57-thread-1] INFO  server.RaftServerConfigKeys (ConfUtils.java:logGet(43)) - raft.server.log.appender.install.snapshot.enabled = false (custom)
2019-09-20 05:49:57,859 [pool-57-thread-1] INFO  impl.RaftServerImpl (ServerState.java:<init>(105)) - 9b918566-8d2f-4f38-9ce1-65f5cd084216:group-92405ABC3C63 ConfigurationManager, init=-1: [9b918566-8d2f-4f38-9ce1-65f5cd084216:192.168.36.79:46843], old=null, confs=<EMPTY_MAP>
2019-09-20 05:49:57,859 [pool-57-thread-1] INFO  server.RaftServerConfigKeys (ConfUtils.java:logGet(43)) - raft.server.storage.dir = [/workdir/hadoop-ozone/integration-test/target/test-dir/MiniOzoneClusterImpl-29dd0c8c-da21-41d6-af77-5f0a65600fbb/datanode-0/data/ratis] (custom)
2019-09-20 05:49:57,859 [pool-57-thread-1] INFO  storage.RaftStorageDirectory (RaftStorageDirectory.java:analyzeStorage(246)) - The storage directory /workdir/hadoop-ozone/integration-test/target/test-dir/MiniOzoneClusterImpl-29dd0c8c-da21-41d6-af77-5f0a65600fbb/datanode-0/data/ratis/073b4587-4a8b-4b76-9011-92405abc3c63 does not exist. Creating ...
2019-09-20 05:49:57,892 [pool-57-thread-1] INFO  storage.RaftStorageDirectory (RaftStorageDirectory.java:tryLock(328)) - Lock on /workdir/hadoop-ozone/integration-test/target/test-dir/MiniOzoneClusterImpl-29dd0c8c-da21-41d6-af77-5f0a65600fbb/datanode-0/data/ratis/073b4587-4a8b-4b76-9011-92405abc3c63/in_use.lock acquired by nodename 6907@pr-hdds-1569-s8kj2-2266485376
2019-09-20 05:49:57,927 [pool-57-thread-1] INFO  storage.RaftStorage (RaftStorage.java:format(72)) - Storage directory /workdir/hadoop-ozone/integration-test/target/test-dir/MiniOzoneClusterImpl-29dd0c8c-da21-41d6-af77-5f0a65600fbb/datanode-0/data/ratis/073b4587-4a8b-4b76-9011-92405abc3c63 has been successfully formatted.
2019-09-20 05:49:57,927 [pool-57-thread-1] INFO  ratis.ContainerStateMachine (ContainerStateMachine.java:loadSnapshot(226)) - group-92405ABC3C63: The snapshot info is null. Setting the last applied indexto:(t:0, i:~)
2019-09-20 05:49:57,927 [pool-57-thread-1] INFO  server.RaftServerConfigKeys (ConfUtils.java:logGet(43)) - raft.server.leader.election.timeout = 120s (custom)
2019-09-20 05:49:57,927 [pool-57-thread-1] INFO  server.RaftServerConfigKeys (ConfUtils.java:logGet(43)) - raft.server.log.use.memory = false (default)
2019-09-20 05:49:57,927 [pool-57-thread-1] INFO  server.RaftServerConfigKeys (ConfUtils.java:logGet(43)) - raft.server.log.purge.gap = 1000000 (custom)
2019-09-20 05:49:57,927 [pool-57-thread-1] INFO  server.RaftServerConfigKeys (ConfUtils.java:logGet(43)) - raft.server.log.appender.buffer.byte-limit = 33554432 (custom)
2019-09-20 05:49:57,927 [pool-57-thread-1] INFO  server.RaftServerConfigKeys (ConfUtils.java:logGet(43)) - raft.server.log.segment.size.max = 1048576 (custom)
2019-09-20 05:49:57,927 [pool-57-thread-1] INFO  server.RaftServerConfigKeys (ConfUtils.java:logGet(43)) - raft.server.log.segment.cache.num.max = 2 (custom)
2019-09-20 05:49:57,927 [pool-57-thread-1] INFO  segmented.SegmentedRaftLogWorker (SegmentedRaftLogWorker.java:<init>(172)) - new 9b918566-8d2f-4f38-9ce1-65f5cd084216-SegmentedRaftLogWorker:Storage Directory /workdir/hadoop-ozone/integration-test/target/test-dir/MiniOzoneClusterImpl-29dd0c8c-da21-41d6-af77-5f0a65600fbb/datanode-0/data/ratis/073b4587-4a8b-4b76-9011-92405abc3c63 for RaftStorage:Storage Directory /workdir/hadoop-ozone/integration-test/target/test-dir/MiniOzoneClusterImpl-29dd0c8c-da21-41d6-af77-5f0a65600fbb/datanode-0/data/ratis/073b4587-4a8b-4b76-9011-92405abc3c63
2019-09-20 05:49:57,928 [pool-57-thread-1] INFO  server.RaftServerConfigKeys (ConfUtils.java:logGet(43)) - raft.server.log.queue.byte-limit = 2147483647 (custom)
2019-09-20 05:49:57,928 [pool-57-thread-1] INFO  server.RaftServerConfigKeys (ConfUtils.java:logGet(43)) - raft.server.log.queue.element-limit = 1024 (custom)
2019-09-20 05:49:57,928 [pool-57-thread-1] INFO  server.RaftServerConfigKeys (ConfUtils.java:logGet(43)) - raft.server.log.segment.size.max = 1048576 (custom)
2019-09-20 05:49:57,928 [pool-57-thread-1] INFO  server.RaftServerConfigKeys (ConfUtils.java:logGet(43)) - raft.server.log.preallocated.size = 16384 (custom)
2019-09-20 05:49:57,928 [pool-57-thread-1] INFO  server.RaftServerConfigKeys (ConfUtils.java:logGet(43)) - raft.server.log.write.buffer.size = 33554432 (custom)
2019-09-20 05:49:57,928 [pool-57-thread-1] INFO  server.RaftServerConfigKeys (ConfUtils.java:logGet(43)) - raft.server.log.force.sync.num = 128 (default)
2019-09-20 05:49:57,928 [pool-57-thread-1] INFO  server.RaftServerConfigKeys (ConfUtils.java:logGet(43)) - raft.server.log.statemachine.data.sync = true (default)
2019-09-20 05:49:57,928 [pool-57-thread-1] INFO  server.RaftServerConfigKeys (ConfUtils.java:logGet(43)) - raft.server.log.statemachine.data.sync.timeout = 10s (default)
2019-09-20 05:49:57,928 [pool-57-thread-1] INFO  server.RaftServerConfigKeys (ConfUtils.java:logGet(43)) - raft.server.log.statemachine.data.sync.timeout.retry = -1 (default)
2019-09-20 05:49:57,928 [pool-57-thread-1] INFO  server.RaftServerConfigKeys (ConfUtils.java:logGet(43)) - raft.server.log.statemachine.data.caching.enabled = true (custom)
2019-09-20 05:49:57,928 [pool-57-thread-1] INFO  segmented.SegmentedRaftLogWorker (SegmentedRaftLogWorker.java:lambda$new$0(132)) - 9b918566-8d2f-4f38-9ce1-65f5cd084216-SegmentedRaftLogWorker:Storage Directory /workdir/hadoop-ozone/integration-test/target/test-dir/MiniOzoneClusterImpl-29dd0c8c-da21-41d6-af77-5f0a65600fbb/datanode-0/data/ratis/073b4587-4a8b-4b76-9011-92405abc3c63: flushIndex: setUnconditionally 0 -> -1
2019-09-20 05:49:57,929 [pool-57-thread-1] INFO  server.RaftServerConfigKeys (ConfUtils.java:logGet(43)) - raft.server.snapshot.auto.trigger.enabled = true (custom)
2019-09-20 05:49:57,929 [pool-57-thread-1] INFO  server.RaftServerConfigKeys (ConfUtils.java:logGet(43)) - raft.server.snapshot.auto.trigger.threshold = 1 (custom)
2019-09-20 05:49:57,929 [pool-57-thread-1] INFO  server.RaftServerConfigKeys (ConfUtils.java:logGet(43)) - raft.server.retrycache.expirytime = 600000ms (custom)
2019-09-20 05:49:57,929 [pool-57-thread-1] INFO  impl.RaftServerImpl (RaftServerImpl.java:start(180)) - 9b918566-8d2f-4f38-9ce1-65f5cd084216: start group-92405ABC3C63
2019-09-20 05:49:57,929 [pool-57-thread-1] INFO  impl.RaftServerImpl (RaftServerImpl.java:setRole(171)) - 9b918566-8d2f-4f38-9ce1-65f5cd084216:group-92405ABC3C63 changes role from null to FOLLOWER at term 0 for startAsFollower
2019-09-20 05:49:57,929 [pool-57-thread-1] INFO  impl.RoleInfo (RoleInfo.java:updateAndGet(143)) - 9b918566-8d2f-4f38-9ce1-65f5cd084216: start FollowerState
2019-09-20 05:49:57,929 [pool-57-thread-1] INFO  util.JmxRegister (JmxRegister.java:tryRegister(44)) - Successfully registered JMX Bean with object name Ratis:service=RaftServer,group=group-92405ABC3C63,id=9b918566-8d2f-4f38-9ce1-65f5cd084216
2019-09-20 05:49:57,931 [RatisPipelineUtilsThread] INFO  pipeline.PipelineStateManager (PipelineStateManager.java:addPipeline(56)) - Created pipeline Pipeline[ Id: 073b4587-4a8b-4b76-9011-92405abc3c63, Nodes: 9b918566-8d2f-4f38-9ce1-65f5cd084216{ip: 192.168.36.79, host: pr-hdds-1569-s8kj2-2266485376, networkLocation: /default-rack, certSerialId: null}, Type:RATIS, Factor:ONE, State:OPEN]
2019-09-20 05:49:57,933 [grpc-default-executor-1] INFO  impl.RaftServerProxy (RaftServerProxy.java:addNew(89)) - 9b918566-8d2f-4f38-9ce1-65f5cd084216: addNew group-A2179C239601:[9b918566-8d2f-4f38-9ce1-65f5cd084216:192.168.36.79:46843] returns group-A2179C239601:java.util.concurrent.CompletableFuture@a2df067[Not completed]
2019-09-20 05:49:57,934 [pool-57-thread-1] INFO  impl.RaftServerImpl (RaftServerImpl.java:<init>(93)) - 9b918566-8d2f-4f38-9ce1-65f5cd084216: new RaftServerImpl for group-A2179C239601:[9b918566-8d2f-4f38-9ce1-65f5cd084216:192.168.36.79:46843] with ContainerStateMachine:uninitialized
2019-09-20 05:49:57,934 [pool-57-thread-1] INFO  server.RaftServerConfigKeys (ConfUtils.java:logGet(43)) - raft.server.rpc.timeout.min = 5s (custom)
2019-09-20 05:49:57,934 [pool-57-thread-1] INFO  server.RaftServerConfigKeys (ConfUtils.java:logGet(43)) - raft.server.rpc.timeout.max = 5200ms (custom)
2019-09-20 05:49:57,934 [pool-57-thread-1] INFO  server.RaftServerConfigKeys (ConfUtils.java:logGet(43)) - raft.server.rpcslowness.timeout = 120s (custom)
2019-09-20 05:49:57,934 [pool-57-thread-1] INFO  server.RaftServerConfigKeys (ConfUtils.java:logGet(43)) - raft.server.sleep.deviation.threshold = 300 (default)
2019-09-20 05:49:57,934 [pool-57-thread-1] INFO  server.RaftServerConfigKeys (ConfUtils.java:logGet(43)) - raft.server.log.appender.install.snapshot.enabled = false (custom)
2019-09-20 05:49:57,934 [pool-57-thread-1] INFO  impl.RaftServerImpl (ServerState.java:<init>(105)) - 9b918566-8d2f-4f38-9ce1-65f5cd084216:group-A2179C239601 ConfigurationManager, init=-1: [9b918566-8d2f-4f38-9ce1-65f5cd084216:192.168.36.79:46843], old=null, confs=<EMPTY_MAP>
2019-09-20 05:49:57,934 [pool-57-thread-1] INFO  server.RaftServerConfigKeys (ConfUtils.java:logGet(43)) - raft.server.storage.dir = [/workdir/hadoop-ozone/integration-test/target/test-dir/MiniOzoneClusterImpl-29dd0c8c-da21-41d6-af77-5f0a65600fbb/datanode-0/data/ratis] (custom)
2019-09-20 05:49:57,935 [pool-57-thread-1] INFO  storage.RaftStorageDirectory (RaftStorageDirectory.java:analyzeStorage(246)) - The storage directory /workdir/hadoop-ozone/integration-test/target/test-dir/MiniOzoneClusterImpl-29dd0c8c-da21-41d6-af77-5f0a65600fbb/datanode-0/data/ratis/08b6c4e0-06ca-4e4e-834a-a2179c239601 does not exist. Creating ...
2019-09-20 05:49:57,957 [pool-57-thread-1] INFO  storage.RaftStorageDirectory (RaftStorageDirectory.java:tryLock(328)) - Lock on /workdir/hadoop-ozone/integration-test/target/test-dir/MiniOzoneClusterImpl-29dd0c8c-da21-41d6-af77-5f0a65600fbb/datanode-0/data/ratis/08b6c4e0-06ca-4e4e-834a-a2179c239601/in_use.lock acquired by nodename 6907@pr-hdds-1569-s8kj2-2266485376
2019-09-20 05:49:57,981 [pool-57-thread-1] INFO  storage.RaftStorage (RaftStorage.java:format(72)) - Storage directory /workdir/hadoop-ozone/integration-test/target/test-dir/MiniOzoneClusterImpl-29dd0c8c-da21-41d6-af77-5f0a65600fbb/datanode-0/data/ratis/08b6c4e0-06ca-4e4e-834a-a2179c239601 has been successfully formatted.
2019-09-20 05:49:57,982 [pool-57-thread-1] INFO  ratis.ContainerStateMachine (ContainerStateMachine.java:loadSnapshot(226)) - group-A2179C239601: The snapshot info is null. Setting the last applied indexto:(t:0, i:~)
2019-09-20 05:49:57,982 [pool-57-thread-1] INFO  server.RaftServerConfigKeys (ConfUtils.java:logGet(43)) - raft.server.leader.election.timeout = 120s (custom)
2019-09-20 05:49:57,982 [pool-57-thread-1] INFO  server.RaftServerConfigKeys (ConfUtils.java:logGet(43)) - raft.server.log.use.memory = false (default)
2019-09-20 05:49:57,982 [pool-57-thread-1] INFO  server.RaftServerConfigKeys (ConfUtils.java:logGet(43)) - raft.server.log.purge.gap = 1000000 (custom)
2019-09-20 05:49:57,982 [pool-57-thread-1] INFO  server.RaftServerConfigKeys (ConfUtils.java:logGet(43)) - raft.server.log.appender.buffer.byte-limit = 33554432 (custom)
2019-09-20 05:49:57,982 [pool-57-thread-1] INFO  server.RaftServerConfigKeys (ConfUtils.java:logGet(43)) - raft.server.log.segment.size.max = 1048576 (custom)
2019-09-20 05:49:57,982 [pool-57-thread-1] INFO  server.RaftServerConfigKeys (ConfUtils.java:logGet(43)) - raft.server.log.segment.cache.num.max = 2 (custom)
2019-09-20 05:49:57,982 [pool-57-thread-1] INFO  segmented.SegmentedRaftLogWorker (SegmentedRaftLogWorker.java:<init>(172)) - new 9b918566-8d2f-4f38-9ce1-65f5cd084216-SegmentedRaftLogWorker:Storage Directory /workdir/hadoop-ozone/integration-test/target/test-dir/MiniOzoneClusterImpl-29dd0c8c-da21-41d6-af77-5f0a65600fbb/datanode-0/data/ratis/08b6c4e0-06ca-4e4e-834a-a2179c239601 for RaftStorage:Storage Directory /workdir/hadoop-ozone/integration-test/target/test-dir/MiniOzoneClusterImpl-29dd0c8c-da21-41d6-af77-5f0a65600fbb/datanode-0/data/ratis/08b6c4e0-06ca-4e4e-834a-a2179c239601
2019-09-20 05:49:57,983 [pool-57-thread-1] INFO  server.RaftServerConfigKeys (ConfUtils.java:logGet(43)) - raft.server.log.queue.byte-limit = 2147483647 (custom)
2019-09-20 05:49:57,983 [pool-57-thread-1] INFO  server.RaftServerConfigKeys (ConfUtils.java:logGet(43)) - raft.server.log.queue.element-limit = 1024 (custom)
2019-09-20 05:49:57,983 [pool-57-thread-1] INFO  server.RaftServerConfigKeys (ConfUtils.java:logGet(43)) - raft.server.log.segment.size.max = 1048576 (custom)
2019-09-20 05:49:57,983 [pool-57-thread-1] INFO  server.RaftServerConfigKeys (ConfUtils.java:logGet(43)) - raft.server.log.preallocated.size = 16384 (custom)
2019-09-20 05:49:57,983 [pool-57-thread-1] INFO  server.RaftServerConfigKeys (ConfUtils.java:logGet(43)) - raft.server.log.write.buffer.size = 33554432 (custom)
2019-09-20 05:49:57,983 [pool-57-thread-1] INFO  server.RaftServerConfigKeys (ConfUtils.java:logGet(43)) - raft.server.log.force.sync.num = 128 (default)
2019-09-20 05:49:57,983 [pool-57-thread-1] INFO  server.RaftServerConfigKeys (ConfUtils.java:logGet(43)) - raft.server.log.statemachine.data.sync = true (default)
2019-09-20 05:49:57,983 [pool-57-thread-1] INFO  server.RaftServerConfigKeys (ConfUtils.java:logGet(43)) - raft.server.log.statemachine.data.sync.timeout = 10s (default)
2019-09-20 05:49:57,983 [pool-57-thread-1] INFO  server.RaftServerConfigKeys (ConfUtils.java:logGet(43)) - raft.server.log.statemachine.data.sync.timeout.retry = -1 (default)
2019-09-20 05:49:57,984 [pool-57-thread-1] INFO  server.RaftServerConfigKeys (ConfUtils.java:logGet(43)) - raft.server.log.statemachine.data.caching.enabled = true (custom)
2019-09-20 05:49:57,984 [pool-57-thread-1] INFO  segmented.SegmentedRaftLogWorker (SegmentedRaftLogWorker.java:lambda$new$0(132)) - 9b918566-8d2f-4f38-9ce1-65f5cd084216-SegmentedRaftLogWorker:Storage Directory /workdir/hadoop-ozone/integration-test/target/test-dir/MiniOzoneClusterImpl-29dd0c8c-da21-41d6-af77-5f0a65600fbb/datanode-0/data/ratis/08b6c4e0-06ca-4e4e-834a-a2179c239601: flushIndex: setUnconditionally 0 -> -1
2019-09-20 05:49:57,984 [pool-57-thread-1] INFO  server.RaftServerConfigKeys (ConfUtils.java:logGet(43)) - raft.server.snapshot.auto.trigger.enabled = true (custom)
2019-09-20 05:49:57,984 [pool-57-thread-1] INFO  server.RaftServerConfigKeys (ConfUtils.java:logGet(43)) - raft.server.snapshot.auto.trigger.threshold = 1 (custom)
2019-09-20 05:49:57,984 [pool-57-thread-1] INFO  server.RaftServerConfigKeys (ConfUtils.java:logGet(43)) - raft.server.retrycache.expirytime = 600000ms (custom)
2019-09-20 05:49:57,984 [pool-57-thread-1] INFO  impl.RaftServerImpl (RaftServerImpl.java:start(180)) - 9b918566-8d2f-4f38-9ce1-65f5cd084216: start group-A2179C239601
2019-09-20 05:49:57,984 [pool-57-thread-1] INFO  impl.RaftServerImpl (RaftServerImpl.java:setRole(171)) - 9b918566-8d2f-4f38-9ce1-65f5cd084216:group-A2179C239601 changes role from null to FOLLOWER at term 0 for startAsFollower
2019-09-20 05:49:57,984 [pool-57-thread-1] INFO  impl.RoleInfo (RoleInfo.java:updateAndGet(143)) - 9b918566-8d2f-4f38-9ce1-65f5cd084216: start FollowerState
2019-09-20 05:49:57,985 [pool-57-thread-1] INFO  util.JmxRegister (JmxRegister.java:tryRegister(44)) - Successfully registered JMX Bean with object name Ratis:service=RaftServer,group=group-A2179C239601,id=9b918566-8d2f-4f38-9ce1-65f5cd084216
2019-09-20 05:49:57,986 [RatisPipelineUtilsThread] INFO  pipeline.PipelineStateManager (PipelineStateManager.java:addPipeline(56)) - Created pipeline Pipeline[ Id: 08b6c4e0-06ca-4e4e-834a-a2179c239601, Nodes: 9b918566-8d2f-4f38-9ce1-65f5cd084216{ip: 192.168.36.79, host: pr-hdds-1569-s8kj2-2266485376, networkLocation: /default-rack, certSerialId: null}, Type:RATIS, Factor:ONE, State:OPEN]
2019-09-20 05:49:57,988 [grpc-default-executor-1] INFO  impl.RaftServerProxy (RaftServerProxy.java:addNew(89)) - 9b918566-8d2f-4f38-9ce1-65f5cd084216: addNew group-791E7A58D8E3:[9b918566-8d2f-4f38-9ce1-65f5cd084216:192.168.36.79:46843] returns group-791E7A58D8E3:java.util.concurrent.CompletableFuture@179fa33e[Not completed]
2019-09-20 05:49:57,989 [pool-57-thread-1] INFO  impl.RaftServerImpl (RaftServerImpl.java:<init>(93)) - 9b918566-8d2f-4f38-9ce1-65f5cd084216: new RaftServerImpl for group-791E7A58D8E3:[9b918566-8d2f-4f38-9ce1-65f5cd084216:192.168.36.79:46843] with ContainerStateMachine:uninitialized
2019-09-20 05:49:57,989 [pool-57-thread-1] INFO  server.RaftServerConfigKeys (ConfUtils.java:logGet(43)) - raft.server.rpc.timeout.min = 5s (custom)
2019-09-20 05:49:57,989 [pool-57-thread-1] INFO  server.RaftServerConfigKeys (ConfUtils.java:logGet(43)) - raft.server.rpc.timeout.max = 5200ms (custom)
2019-09-20 05:49:57,989 [pool-57-thread-1] INFO  server.RaftServerConfigKeys (ConfUtils.java:logGet(43)) - raft.server.rpcslowness.timeout = 120s (custom)
2019-09-20 05:49:57,989 [pool-57-thread-1] INFO  server.RaftServerConfigKeys (ConfUtils.java:logGet(43)) - raft.server.sleep.deviation.threshold = 300 (default)
2019-09-20 05:49:57,989 [pool-57-thread-1] INFO  server.RaftServerConfigKeys (ConfUtils.java:logGet(43)) - raft.server.log.appender.install.snapshot.enabled = false (custom)
2019-09-20 05:49:57,989 [pool-57-thread-1] INFO  impl.RaftServerImpl (ServerState.java:<init>(105)) - 9b918566-8d2f-4f38-9ce1-65f5cd084216:group-791E7A58D8E3 ConfigurationManager, init=-1: [9b918566-8d2f-4f38-9ce1-65f5cd084216:192.168.36.79:46843], old=null, confs=<EMPTY_MAP>
2019-09-20 05:49:57,989 [pool-57-thread-1] INFO  server.RaftServerConfigKeys (ConfUtils.java:logGet(43)) - raft.server.storage.dir = [/workdir/hadoop-ozone/integration-test/target/test-dir/MiniOzoneClusterImpl-29dd0c8c-da21-41d6-af77-5f0a65600fbb/datanode-0/data/ratis] (custom)
2019-09-20 05:49:57,990 [pool-57-thread-1] INFO  storage.RaftStorageDirectory (RaftStorageDirectory.java:analyzeStorage(246)) - The storage directory /workdir/hadoop-ozone/integration-test/target/test-dir/MiniOzoneClusterImpl-29dd0c8c-da21-41d6-af77-5f0a65600fbb/datanode-0/data/ratis/f1f48ad7-5474-4654-9004-791e7a58d8e3 does not exist. Creating ...
2019-09-20 05:49:57,999 | INFO  | SCMAudit | user=jenkins1000 | ip=192.168.36.79 | op=SEND_HEARTBEAT {datanodeUUID=9b918566-8d2f-4f38-9ce1-65f5cd084216, command=[]} | ret=SUCCESS |  
2019-09-20 05:49:58,031 [pool-57-thread-1] INFO  storage.RaftStorageDirectory (RaftStorageDirectory.java:tryLock(328)) - Lock on /workdir/hadoop-ozone/integration-test/target/test-dir/MiniOzoneClusterImpl-29dd0c8c-da21-41d6-af77-5f0a65600fbb/datanode-0/data/ratis/f1f48ad7-5474-4654-9004-791e7a58d8e3/in_use.lock acquired by nodename 6907@pr-hdds-1569-s8kj2-2266485376
2019-09-20 05:49:58,058 [pool-57-thread-1] INFO  storage.RaftStorage (RaftStorage.java:format(72)) - Storage directory /workdir/hadoop-ozone/integration-test/target/test-dir/MiniOzoneClusterImpl-29dd0c8c-da21-41d6-af77-5f0a65600fbb/datanode-0/data/ratis/f1f48ad7-5474-4654-9004-791e7a58d8e3 has been successfully formatted.
2019-09-20 05:49:58,058 [pool-57-thread-1] INFO  ratis.ContainerStateMachine (ContainerStateMachine.java:loadSnapshot(226)) - group-791E7A58D8E3: The snapshot info is null. Setting the last applied indexto:(t:0, i:~)
2019-09-20 05:49:58,058 [pool-57-thread-1] INFO  server.RaftServerConfigKeys (ConfUtils.java:logGet(43)) - raft.server.leader.election.timeout = 120s (custom)
2019-09-20 05:49:58,058 [pool-57-thread-1] INFO  server.RaftServerConfigKeys (ConfUtils.java:logGet(43)) - raft.server.log.use.memory = false (default)
2019-09-20 05:49:58,058 [pool-57-thread-1] INFO  server.RaftServerConfigKeys (ConfUtils.java:logGet(43)) - raft.server.log.purge.gap = 1000000 (custom)
2019-09-20 05:49:58,058 [pool-57-thread-1] INFO  server.RaftServerConfigKeys (ConfUtils.java:logGet(43)) - raft.server.log.appender.buffer.byte-limit = 33554432 (custom)
2019-09-20 05:49:58,058 [pool-57-thread-1] INFO  server.RaftServerConfigKeys (ConfUtils.java:logGet(43)) - raft.server.log.segment.size.max = 1048576 (custom)
2019-09-20 05:49:58,058 [pool-57-thread-1] INFO  server.RaftServerConfigKeys (ConfUtils.java:logGet(43)) - raft.server.log.segment.cache.num.max = 2 (custom)
2019-09-20 05:49:58,058 [pool-57-thread-1] INFO  segmented.SegmentedRaftLogWorker (SegmentedRaftLogWorker.java:<init>(172)) - new 9b918566-8d2f-4f38-9ce1-65f5cd084216-SegmentedRaftLogWorker:Storage Directory /workdir/hadoop-ozone/integration-test/target/test-dir/MiniOzoneClusterImpl-29dd0c8c-da21-41d6-af77-5f0a65600fbb/datanode-0/data/ratis/f1f48ad7-5474-4654-9004-791e7a58d8e3 for RaftStorage:Storage Directory /workdir/hadoop-ozone/integration-test/target/test-dir/MiniOzoneClusterImpl-29dd0c8c-da21-41d6-af77-5f0a65600fbb/datanode-0/data/ratis/f1f48ad7-5474-4654-9004-791e7a58d8e3
2019-09-20 05:49:58,059 [pool-57-thread-1] INFO  server.RaftServerConfigKeys (ConfUtils.java:logGet(43)) - raft.server.log.queue.byte-limit = 2147483647 (custom)
2019-09-20 05:49:58,059 [pool-57-thread-1] INFO  server.RaftServerConfigKeys (ConfUtils.java:logGet(43)) - raft.server.log.queue.element-limit = 1024 (custom)
2019-09-20 05:49:58,059 [pool-57-thread-1] INFO  server.RaftServerConfigKeys (ConfUtils.java:logGet(43)) - raft.server.log.segment.size.max = 1048576 (custom)
2019-09-20 05:49:58,059 [pool-57-thread-1] INFO  server.RaftServerConfigKeys (ConfUtils.java:logGet(43)) - raft.server.log.preallocated.size = 16384 (custom)
2019-09-20 05:49:58,059 [pool-57-thread-1] INFO  server.RaftServerConfigKeys (ConfUtils.java:logGet(43)) - raft.server.log.write.buffer.size = 33554432 (custom)
2019-09-20 05:49:58,059 [pool-57-thread-1] INFO  server.RaftServerConfigKeys (ConfUtils.java:logGet(43)) - raft.server.log.force.sync.num = 128 (default)
2019-09-20 05:49:58,059 [pool-57-thread-1] INFO  server.RaftServerConfigKeys (ConfUtils.java:logGet(43)) - raft.server.log.statemachine.data.sync = true (default)
2019-09-20 05:49:58,059 [pool-57-thread-1] INFO  server.RaftServerConfigKeys (ConfUtils.java:logGet(43)) - raft.server.log.statemachine.data.sync.timeout = 10s (default)
2019-09-20 05:49:58,059 [pool-57-thread-1] INFO  server.RaftServerConfigKeys (ConfUtils.java:logGet(43)) - raft.server.log.statemachine.data.sync.timeout.retry = -1 (default)
2019-09-20 05:49:58,059 [pool-57-thread-1] INFO  server.RaftServerConfigKeys (ConfUtils.java:logGet(43)) - raft.server.log.statemachine.data.caching.enabled = true (custom)
2019-09-20 05:49:58,060 [pool-57-thread-1] INFO  segmented.SegmentedRaftLogWorker (SegmentedRaftLogWorker.java:lambda$new$0(132)) - 9b918566-8d2f-4f38-9ce1-65f5cd084216-SegmentedRaftLogWorker:Storage Directory /workdir/hadoop-ozone/integration-test/target/test-dir/MiniOzoneClusterImpl-29dd0c8c-da21-41d6-af77-5f0a65600fbb/datanode-0/data/ratis/f1f48ad7-5474-4654-9004-791e7a58d8e3: flushIndex: setUnconditionally 0 -> -1
2019-09-20 05:49:58,060 [pool-57-thread-1] INFO  server.RaftServerConfigKeys (ConfUtils.java:logGet(43)) - raft.server.snapshot.auto.trigger.enabled = true (custom)
2019-09-20 05:49:58,060 [pool-57-thread-1] INFO  server.RaftServerConfigKeys (ConfUtils.java:logGet(43)) - raft.server.snapshot.auto.trigger.threshold = 1 (custom)
2019-09-20 05:49:58,060 [pool-57-thread-1] INFO  server.RaftServerConfigKeys (ConfUtils.java:logGet(43)) - raft.server.retrycache.expirytime = 600000ms (custom)
2019-09-20 05:49:58,060 [pool-57-thread-1] INFO  impl.RaftServerImpl (RaftServerImpl.java:start(180)) - 9b918566-8d2f-4f38-9ce1-65f5cd084216: start group-791E7A58D8E3
2019-09-20 05:49:58,060 [pool-57-thread-1] INFO  impl.RaftServerImpl (RaftServerImpl.java:setRole(171)) - 9b918566-8d2f-4f38-9ce1-65f5cd084216:group-791E7A58D8E3 changes role from null to FOLLOWER at term 0 for startAsFollower
2019-09-20 05:49:58,060 [pool-57-thread-1] INFO  impl.RoleInfo (RoleInfo.java:updateAndGet(143)) - 9b918566-8d2f-4f38-9ce1-65f5cd084216: start FollowerState
2019-09-20 05:49:58,060 [pool-57-thread-1] INFO  util.JmxRegister (JmxRegister.java:tryRegister(44)) - Successfully registered JMX Bean with object name Ratis:service=RaftServer,group=group-791E7A58D8E3,id=9b918566-8d2f-4f38-9ce1-65f5cd084216
2019-09-20 05:49:58,062 [RatisPipelineUtilsThread] INFO  pipeline.PipelineStateManager (PipelineStateManager.java:addPipeline(56)) - Created pipeline Pipeline[ Id: f1f48ad7-5474-4654-9004-791e7a58d8e3, Nodes: 9b918566-8d2f-4f38-9ce1-65f5cd084216{ip: 192.168.36.79, host: pr-hdds-1569-s8kj2-2266485376, networkLocation: /default-rack, certSerialId: null}, Type:RATIS, Factor:ONE, State:OPEN]
2019-09-20 05:49:58,065 [grpc-default-executor-1] INFO  impl.RaftServerProxy (RaftServerProxy.java:addNew(89)) - 9b918566-8d2f-4f38-9ce1-65f5cd084216: addNew group-080680E1A620:[9b918566-8d2f-4f38-9ce1-65f5cd084216:192.168.36.79:46843] returns group-080680E1A620:java.util.concurrent.CompletableFuture@7f5fdad2[Not completed]
2019-09-20 05:49:58,066 [pool-57-thread-1] INFO  impl.RaftServerImpl (RaftServerImpl.java:<init>(93)) - 9b918566-8d2f-4f38-9ce1-65f5cd084216: new RaftServerImpl for group-080680E1A620:[9b918566-8d2f-4f38-9ce1-65f5cd084216:192.168.36.79:46843] with ContainerStateMachine:uninitialized
2019-09-20 05:49:58,066 [pool-57-thread-1] INFO  server.RaftServerConfigKeys (ConfUtils.java:logGet(43)) - raft.server.rpc.timeout.min = 5s (custom)
2019-09-20 05:49:58,066 [pool-57-thread-1] INFO  server.RaftServerConfigKeys (ConfUtils.java:logGet(43)) - raft.server.rpc.timeout.max = 5200ms (custom)
2019-09-20 05:49:58,066 [pool-57-thread-1] INFO  server.RaftServerConfigKeys (ConfUtils.java:logGet(43)) - raft.server.rpcslowness.timeout = 120s (custom)
2019-09-20 05:49:58,066 [pool-57-thread-1] INFO  server.RaftServerConfigKeys (ConfUtils.java:logGet(43)) - raft.server.sleep.deviation.threshold = 300 (default)
2019-09-20 05:49:58,066 [pool-57-thread-1] INFO  server.RaftServerConfigKeys (ConfUtils.java:logGet(43)) - raft.server.log.appender.install.snapshot.enabled = false (custom)
2019-09-20 05:49:58,066 [pool-57-thread-1] INFO  impl.RaftServerImpl (ServerState.java:<init>(105)) - 9b918566-8d2f-4f38-9ce1-65f5cd084216:group-080680E1A620 ConfigurationManager, init=-1: [9b918566-8d2f-4f38-9ce1-65f5cd084216:192.168.36.79:46843], old=null, confs=<EMPTY_MAP>
2019-09-20 05:49:58,066 [pool-57-thread-1] INFO  server.RaftServerConfigKeys (ConfUtils.java:logGet(43)) - raft.server.storage.dir = [/workdir/hadoop-ozone/integration-test/target/test-dir/MiniOzoneClusterImpl-29dd0c8c-da21-41d6-af77-5f0a65600fbb/datanode-0/data/ratis] (custom)
2019-09-20 05:49:58,067 [pool-57-thread-1] INFO  storage.RaftStorageDirectory (RaftStorageDirectory.java:analyzeStorage(246)) - The storage directory /workdir/hadoop-ozone/integration-test/target/test-dir/MiniOzoneClusterImpl-29dd0c8c-da21-41d6-af77-5f0a65600fbb/datanode-0/data/ratis/2c89f377-ff7e-4b86-8a14-080680e1a620 does not exist. Creating ...
2019-09-20 05:49:58,094 [pool-57-thread-1] INFO  storage.RaftStorageDirectory (RaftStorageDirectory.java:tryLock(328)) - Lock on /workdir/hadoop-ozone/integration-test/target/test-dir/MiniOzoneClusterImpl-29dd0c8c-da21-41d6-af77-5f0a65600fbb/datanode-0/data/ratis/2c89f377-ff7e-4b86-8a14-080680e1a620/in_use.lock acquired by nodename 6907@pr-hdds-1569-s8kj2-2266485376
2019-09-20 05:49:58,134 [pool-57-thread-1] INFO  storage.RaftStorage (RaftStorage.java:format(72)) - Storage directory /workdir/hadoop-ozone/integration-test/target/test-dir/MiniOzoneClusterImpl-29dd0c8c-da21-41d6-af77-5f0a65600fbb/datanode-0/data/ratis/2c89f377-ff7e-4b86-8a14-080680e1a620 has been successfully formatted.
2019-09-20 05:49:58,135 [pool-57-thread-1] INFO  ratis.ContainerStateMachine (ContainerStateMachine.java:loadSnapshot(226)) - group-080680E1A620: The snapshot info is null. Setting the last applied indexto:(t:0, i:~)
2019-09-20 05:49:58,135 [pool-57-thread-1] INFO  server.RaftServerConfigKeys (ConfUtils.java:logGet(43)) - raft.server.leader.election.timeout = 120s (custom)
2019-09-20 05:49:58,135 [pool-57-thread-1] INFO  server.RaftServerConfigKeys (ConfUtils.java:logGet(43)) - raft.server.log.use.memory = false (default)
2019-09-20 05:49:58,135 [pool-57-thread-1] INFO  server.RaftServerConfigKeys (ConfUtils.java:logGet(43)) - raft.server.log.purge.gap = 1000000 (custom)
2019-09-20 05:49:58,135 [pool-57-thread-1] INFO  server.RaftServerConfigKeys (ConfUtils.java:logGet(43)) - raft.server.log.appender.buffer.byte-limit = 33554432 (custom)
2019-09-20 05:49:58,135 [pool-57-thread-1] INFO  server.RaftServerConfigKeys (ConfUtils.java:logGet(43)) - raft.server.log.segment.size.max = 1048576 (custom)
2019-09-20 05:49:58,135 [pool-57-thread-1] INFO  server.RaftServerConfigKeys (ConfUtils.java:logGet(43)) - raft.server.log.segment.cache.num.max = 2 (custom)
2019-09-20 05:49:58,135 [pool-57-thread-1] INFO  segmented.SegmentedRaftLogWorker (SegmentedRaftLogWorker.java:<init>(172)) - new 9b918566-8d2f-4f38-9ce1-65f5cd084216-SegmentedRaftLogWorker:Storage Directory /workdir/hadoop-ozone/integration-test/target/test-dir/MiniOzoneClusterImpl-29dd0c8c-da21-41d6-af77-5f0a65600fbb/datanode-0/data/ratis/2c89f377-ff7e-4b86-8a14-080680e1a620 for RaftStorage:Storage Directory /workdir/hadoop-ozone/integration-test/target/test-dir/MiniOzoneClusterImpl-29dd0c8c-da21-41d6-af77-5f0a65600fbb/datanode-0/data/ratis/2c89f377-ff7e-4b86-8a14-080680e1a620
2019-09-20 05:49:58,136 [pool-57-thread-1] INFO  server.RaftServerConfigKeys (ConfUtils.java:logGet(43)) - raft.server.log.queue.byte-limit = 2147483647 (custom)
2019-09-20 05:49:58,136 [pool-57-thread-1] INFO  server.RaftServerConfigKeys (ConfUtils.java:logGet(43)) - raft.server.log.queue.element-limit = 1024 (custom)
2019-09-20 05:49:58,136 [pool-57-thread-1] INFO  server.RaftServerConfigKeys (ConfUtils.java:logGet(43)) - raft.server.log.segment.size.max = 1048576 (custom)
2019-09-20 05:49:58,136 [pool-57-thread-1] INFO  server.RaftServerConfigKeys (ConfUtils.java:logGet(43)) - raft.server.log.preallocated.size = 16384 (custom)
2019-09-20 05:49:58,136 [pool-57-thread-1] INFO  server.RaftServerConfigKeys (ConfUtils.java:logGet(43)) - raft.server.log.write.buffer.size = 33554432 (custom)
2019-09-20 05:49:58,136 [pool-57-thread-1] INFO  server.RaftServerConfigKeys (ConfUtils.java:logGet(43)) - raft.server.log.force.sync.num = 128 (default)
2019-09-20 05:49:58,136 [pool-57-thread-1] INFO  server.RaftServerConfigKeys (ConfUtils.java:logGet(43)) - raft.server.log.statemachine.data.sync = true (default)
2019-09-20 05:49:58,136 [pool-57-thread-1] INFO  server.RaftServerConfigKeys (ConfUtils.java:logGet(43)) - raft.server.log.statemachine.data.sync.timeout = 10s (default)
2019-09-20 05:49:58,136 [pool-57-thread-1] INFO  server.RaftServerConfigKeys (ConfUtils.java:logGet(43)) - raft.server.log.statemachine.data.sync.timeout.retry = -1 (default)
2019-09-20 05:49:58,136 [pool-57-thread-1] INFO  server.RaftServerConfigKeys (ConfUtils.java:logGet(43)) - raft.server.log.statemachine.data.caching.enabled = true (custom)
2019-09-20 05:49:58,137 [pool-57-thread-1] INFO  segmented.SegmentedRaftLogWorker (SegmentedRaftLogWorker.java:lambda$new$0(132)) - 9b918566-8d2f-4f38-9ce1-65f5cd084216-SegmentedRaftLogWorker:Storage Directory /workdir/hadoop-ozone/integration-test/target/test-dir/MiniOzoneClusterImpl-29dd0c8c-da21-41d6-af77-5f0a65600fbb/datanode-0/data/ratis/2c89f377-ff7e-4b86-8a14-080680e1a620: flushIndex: setUnconditionally 0 -> -1
2019-09-20 05:49:58,137 [pool-57-thread-1] INFO  server.RaftServerConfigKeys (ConfUtils.java:logGet(43)) - raft.server.snapshot.auto.trigger.enabled = true (custom)
2019-09-20 05:49:58,137 [pool-57-thread-1] INFO  server.RaftServerConfigKeys (ConfUtils.java:logGet(43)) - raft.server.snapshot.auto.trigger.threshold = 1 (custom)
2019-09-20 05:49:58,137 [pool-57-thread-1] INFO  server.RaftServerConfigKeys (ConfUtils.java:logGet(43)) - raft.server.retrycache.expirytime = 600000ms (custom)
2019-09-20 05:49:58,137 [pool-57-thread-1] INFO  impl.RaftServerImpl (RaftServerImpl.java:start(180)) - 9b918566-8d2f-4f38-9ce1-65f5cd084216: start group-080680E1A620
2019-09-20 05:49:58,137 [pool-57-thread-1] INFO  impl.RaftServerImpl (RaftServerImpl.java:setRole(171)) - 9b918566-8d2f-4f38-9ce1-65f5cd084216:group-080680E1A620 changes role from null to FOLLOWER at term 0 for startAsFollower
2019-09-20 05:49:58,137 [pool-57-thread-1] INFO  impl.RoleInfo (RoleInfo.java:updateAndGet(143)) - 9b918566-8d2f-4f38-9ce1-65f5cd084216: start FollowerState
2019-09-20 05:49:58,138 [pool-57-thread-1] INFO  util.JmxRegister (JmxRegister.java:tryRegister(44)) - Successfully registered JMX Bean with object name Ratis:service=RaftServer,group=group-080680E1A620,id=9b918566-8d2f-4f38-9ce1-65f5cd084216
2019-09-20 05:49:58,140 [RatisPipelineUtilsThread] INFO  pipeline.PipelineStateManager (PipelineStateManager.java:addPipeline(56)) - Created pipeline Pipeline[ Id: 2c89f377-ff7e-4b86-8a14-080680e1a620, Nodes: 9b918566-8d2f-4f38-9ce1-65f5cd084216{ip: 192.168.36.79, host: pr-hdds-1569-s8kj2-2266485376, networkLocation: /default-rack, certSerialId: null}, Type:RATIS, Factor:ONE, State:OPEN]
2019-09-20 05:49:58,143 [grpc-default-executor-1] INFO  impl.RaftServerProxy (RaftServerProxy.java:addNew(89)) - 9b918566-8d2f-4f38-9ce1-65f5cd084216: addNew group-0952B46FE5AA:[9b918566-8d2f-4f38-9ce1-65f5cd084216:192.168.36.79:46843] returns group-0952B46FE5AA:java.util.concurrent.CompletableFuture@148e1634[Not completed]
2019-09-20 05:49:58,143 [pool-57-thread-1] INFO  impl.RaftServerImpl (RaftServerImpl.java:<init>(93)) - 9b918566-8d2f-4f38-9ce1-65f5cd084216: new RaftServerImpl for group-0952B46FE5AA:[9b918566-8d2f-4f38-9ce1-65f5cd084216:192.168.36.79:46843] with ContainerStateMachine:uninitialized
2019-09-20 05:49:58,143 [pool-57-thread-1] INFO  server.RaftServerConfigKeys (ConfUtils.java:logGet(43)) - raft.server.rpc.timeout.min = 5s (custom)
2019-09-20 05:49:58,144 [pool-57-thread-1] INFO  server.RaftServerConfigKeys (ConfUtils.java:logGet(43)) - raft.server.rpc.timeout.max = 5200ms (custom)
2019-09-20 05:49:58,144 [pool-57-thread-1] INFO  server.RaftServerConfigKeys (ConfUtils.java:logGet(43)) - raft.server.rpcslowness.timeout = 120s (custom)
2019-09-20 05:49:58,144 [pool-57-thread-1] INFO  server.RaftServerConfigKeys (ConfUtils.java:logGet(43)) - raft.server.sleep.deviation.threshold = 300 (default)
2019-09-20 05:49:58,144 [pool-57-thread-1] INFO  server.RaftServerConfigKeys (ConfUtils.java:logGet(43)) - raft.server.log.appender.install.snapshot.enabled = false (custom)
2019-09-20 05:49:58,144 [pool-57-thread-1] INFO  impl.RaftServerImpl (ServerState.java:<init>(105)) - 9b918566-8d2f-4f38-9ce1-65f5cd084216:group-0952B46FE5AA ConfigurationManager, init=-1: [9b918566-8d2f-4f38-9ce1-65f5cd084216:192.168.36.79:46843], old=null, confs=<EMPTY_MAP>
2019-09-20 05:49:58,144 [pool-57-thread-1] INFO  server.RaftServerConfigKeys (ConfUtils.java:logGet(43)) - raft.server.storage.dir = [/workdir/hadoop-ozone/integration-test/target/test-dir/MiniOzoneClusterImpl-29dd0c8c-da21-41d6-af77-5f0a65600fbb/datanode-0/data/ratis] (custom)
2019-09-20 05:49:58,144 [pool-57-thread-1] INFO  storage.RaftStorageDirectory (RaftStorageDirectory.java:analyzeStorage(246)) - The storage directory /workdir/hadoop-ozone/integration-test/target/test-dir/MiniOzoneClusterImpl-29dd0c8c-da21-41d6-af77-5f0a65600fbb/datanode-0/data/ratis/b30b0df1-74b3-4b78-8031-0952b46fe5aa does not exist. Creating ...
2019-09-20 05:49:58,167 [pool-57-thread-1] INFO  storage.RaftStorageDirectory (RaftStorageDirectory.java:tryLock(328)) - Lock on /workdir/hadoop-ozone/integration-test/target/test-dir/MiniOzoneClusterImpl-29dd0c8c-da21-41d6-af77-5f0a65600fbb/datanode-0/data/ratis/b30b0df1-74b3-4b78-8031-0952b46fe5aa/in_use.lock acquired by nodename 6907@pr-hdds-1569-s8kj2-2266485376
2019-09-20 05:49:58,184 [pool-57-thread-1] INFO  storage.RaftStorage (RaftStorage.java:format(72)) - Storage directory /workdir/hadoop-ozone/integration-test/target/test-dir/MiniOzoneClusterImpl-29dd0c8c-da21-41d6-af77-5f0a65600fbb/datanode-0/data/ratis/b30b0df1-74b3-4b78-8031-0952b46fe5aa has been successfully formatted.
2019-09-20 05:49:58,184 [pool-57-thread-1] INFO  ratis.ContainerStateMachine (ContainerStateMachine.java:loadSnapshot(226)) - group-0952B46FE5AA: The snapshot info is null. Setting the last applied indexto:(t:0, i:~)
2019-09-20 05:49:58,184 [pool-57-thread-1] INFO  server.RaftServerConfigKeys (ConfUtils.java:logGet(43)) - raft.server.leader.election.timeout = 120s (custom)
2019-09-20 05:49:58,185 [pool-57-thread-1] INFO  server.RaftServerConfigKeys (ConfUtils.java:logGet(43)) - raft.server.log.use.memory = false (default)
2019-09-20 05:49:58,185 [pool-57-thread-1] INFO  server.RaftServerConfigKeys (ConfUtils.java:logGet(43)) - raft.server.log.purge.gap = 1000000 (custom)
2019-09-20 05:49:58,185 [pool-57-thread-1] INFO  server.RaftServerConfigKeys (ConfUtils.java:logGet(43)) - raft.server.log.appender.buffer.byte-limit = 33554432 (custom)
2019-09-20 05:49:58,185 [pool-57-thread-1] INFO  server.RaftServerConfigKeys (ConfUtils.java:logGet(43)) - raft.server.log.segment.size.max = 1048576 (custom)
2019-09-20 05:49:58,185 [pool-57-thread-1] INFO  server.RaftServerConfigKeys (ConfUtils.java:logGet(43)) - raft.server.log.segment.cache.num.max = 2 (custom)
2019-09-20 05:49:58,185 [pool-57-thread-1] INFO  segmented.SegmentedRaftLogWorker (SegmentedRaftLogWorker.java:<init>(172)) - new 9b918566-8d2f-4f38-9ce1-65f5cd084216-SegmentedRaftLogWorker:Storage Directory /workdir/hadoop-ozone/integration-test/target/test-dir/MiniOzoneClusterImpl-29dd0c8c-da21-41d6-af77-5f0a65600fbb/datanode-0/data/ratis/b30b0df1-74b3-4b78-8031-0952b46fe5aa for RaftStorage:Storage Directory /workdir/hadoop-ozone/integration-test/target/test-dir/MiniOzoneClusterImpl-29dd0c8c-da21-41d6-af77-5f0a65600fbb/datanode-0/data/ratis/b30b0df1-74b3-4b78-8031-0952b46fe5aa
2019-09-20 05:49:58,186 [pool-57-thread-1] INFO  server.RaftServerConfigKeys (ConfUtils.java:logGet(43)) - raft.server.log.queue.byte-limit = 2147483647 (custom)
2019-09-20 05:49:58,186 [pool-57-thread-1] INFO  server.RaftServerConfigKeys (ConfUtils.java:logGet(43)) - raft.server.log.queue.element-limit = 1024 (custom)
2019-09-20 05:49:58,186 [pool-57-thread-1] INFO  server.RaftServerConfigKeys (ConfUtils.java:logGet(43)) - raft.server.log.segment.size.max = 1048576 (custom)
2019-09-20 05:49:58,186 [pool-57-thread-1] INFO  server.RaftServerConfigKeys (ConfUtils.java:logGet(43)) - raft.server.log.preallocated.size = 16384 (custom)
2019-09-20 05:49:58,186 [pool-57-thread-1] INFO  server.RaftServerConfigKeys (ConfUtils.java:logGet(43)) - raft.server.log.write.buffer.size = 33554432 (custom)
2019-09-20 05:49:58,186 [pool-57-thread-1] INFO  server.RaftServerConfigKeys (ConfUtils.java:logGet(43)) - raft.server.log.force.sync.num = 128 (default)
2019-09-20 05:49:58,186 [pool-57-thread-1] INFO  server.RaftServerConfigKeys (ConfUtils.java:logGet(43)) - raft.server.log.statemachine.data.sync = true (default)
2019-09-20 05:49:58,186 [pool-57-thread-1] INFO  server.RaftServerConfigKeys (ConfUtils.java:logGet(43)) - raft.server.log.statemachine.data.sync.timeout = 10s (default)
2019-09-20 05:49:58,187 [pool-57-thread-1] INFO  server.RaftServerConfigKeys (ConfUtils.java:logGet(43)) - raft.server.log.statemachine.data.sync.timeout.retry = -1 (default)
2019-09-20 05:49:58,187 [pool-57-thread-1] INFO  server.RaftServerConfigKeys (ConfUtils.java:logGet(43)) - raft.server.log.statemachine.data.caching.enabled = true (custom)
2019-09-20 05:49:58,187 [pool-57-thread-1] INFO  segmented.SegmentedRaftLogWorker (SegmentedRaftLogWorker.java:lambda$new$0(132)) - 9b918566-8d2f-4f38-9ce1-65f5cd084216-SegmentedRaftLogWorker:Storage Directory /workdir/hadoop-ozone/integration-test/target/test-dir/MiniOzoneClusterImpl-29dd0c8c-da21-41d6-af77-5f0a65600fbb/datanode-0/data/ratis/b30b0df1-74b3-4b78-8031-0952b46fe5aa: flushIndex: setUnconditionally 0 -> -1
2019-09-20 05:49:58,187 [pool-57-thread-1] INFO  server.RaftServerConfigKeys (ConfUtils.java:logGet(43)) - raft.server.snapshot.auto.trigger.enabled = true (custom)
2019-09-20 05:49:58,187 [pool-57-thread-1] INFO  server.RaftServerConfigKeys (ConfUtils.java:logGet(43)) - raft.server.snapshot.auto.trigger.threshold = 1 (custom)
2019-09-20 05:49:58,188 [pool-57-thread-1] INFO  server.RaftServerConfigKeys (ConfUtils.java:logGet(43)) - raft.server.retrycache.expirytime = 600000ms (custom)
2019-09-20 05:49:58,188 [pool-57-thread-1] INFO  impl.RaftServerImpl (RaftServerImpl.java:start(180)) - 9b918566-8d2f-4f38-9ce1-65f5cd084216: start group-0952B46FE5AA
2019-09-20 05:49:58,188 [pool-57-thread-1] INFO  impl.RaftServerImpl (RaftServerImpl.java:setRole(171)) - 9b918566-8d2f-4f38-9ce1-65f5cd084216:group-0952B46FE5AA changes role from null to FOLLOWER at term 0 for startAsFollower
2019-09-20 05:49:58,188 [pool-57-thread-1] INFO  impl.RoleInfo (RoleInfo.java:updateAndGet(143)) - 9b918566-8d2f-4f38-9ce1-65f5cd084216: start FollowerState
2019-09-20 05:49:58,188 [pool-57-thread-1] INFO  util.JmxRegister (JmxRegister.java:tryRegister(44)) - Successfully registered JMX Bean with object name Ratis:service=RaftServer,group=group-0952B46FE5AA,id=9b918566-8d2f-4f38-9ce1-65f5cd084216
2019-09-20 05:49:58,190 [RatisPipelineUtilsThread] INFO  pipeline.PipelineStateManager (PipelineStateManager.java:addPipeline(56)) - Created pipeline Pipeline[ Id: b30b0df1-74b3-4b78-8031-0952b46fe5aa, Nodes: 9b918566-8d2f-4f38-9ce1-65f5cd084216{ip: 192.168.36.79, host: pr-hdds-1569-s8kj2-2266485376, networkLocation: /default-rack, certSerialId: null}, Type:RATIS, Factor:ONE, State:OPEN]
2019-09-20 05:49:58,193 [grpc-default-executor-1] INFO  impl.RaftServerProxy (RaftServerProxy.java:addNew(89)) - 9b918566-8d2f-4f38-9ce1-65f5cd084216: addNew group-4759C94F7E67:[9b918566-8d2f-4f38-9ce1-65f5cd084216:192.168.36.79:46843] returns group-4759C94F7E67:java.util.concurrent.CompletableFuture@2a54683e[Not completed]
2019-09-20 05:49:58,194 [pool-57-thread-1] INFO  impl.RaftServerImpl (RaftServerImpl.java:<init>(93)) - 9b918566-8d2f-4f38-9ce1-65f5cd084216: new RaftServerImpl for group-4759C94F7E67:[9b918566-8d2f-4f38-9ce1-65f5cd084216:192.168.36.79:46843] with ContainerStateMachine:uninitialized
2019-09-20 05:49:58,194 [pool-57-thread-1] INFO  server.RaftServerConfigKeys (ConfUtils.java:logGet(43)) - raft.server.rpc.timeout.min = 5s (custom)
2019-09-20 05:49:58,194 [pool-57-thread-1] INFO  server.RaftServerConfigKeys (ConfUtils.java:logGet(43)) - raft.server.rpc.timeout.max = 5200ms (custom)
2019-09-20 05:49:58,194 [pool-57-thread-1] INFO  server.RaftServerConfigKeys (ConfUtils.java:logGet(43)) - raft.server.rpcslowness.timeout = 120s (custom)
2019-09-20 05:49:58,194 [pool-57-thread-1] INFO  server.RaftServerConfigKeys (ConfUtils.java:logGet(43)) - raft.server.sleep.deviation.threshold = 300 (default)
2019-09-20 05:49:58,194 [pool-57-thread-1] INFO  server.RaftServerConfigKeys (ConfUtils.java:logGet(43)) - raft.server.log.appender.install.snapshot.enabled = false (custom)
2019-09-20 05:49:58,195 [pool-57-thread-1] INFO  impl.RaftServerImpl (ServerState.java:<init>(105)) - 9b918566-8d2f-4f38-9ce1-65f5cd084216:group-4759C94F7E67 ConfigurationManager, init=-1: [9b918566-8d2f-4f38-9ce1-65f5cd084216:192.168.36.79:46843], old=null, confs=<EMPTY_MAP>
2019-09-20 05:49:58,195 [pool-57-thread-1] INFO  server.RaftServerConfigKeys (ConfUtils.java:logGet(43)) - raft.server.storage.dir = [/workdir/hadoop-ozone/integration-test/target/test-dir/MiniOzoneClusterImpl-29dd0c8c-da21-41d6-af77-5f0a65600fbb/datanode-0/data/ratis] (custom)
2019-09-20 05:49:58,195 [pool-57-thread-1] INFO  storage.RaftStorageDirectory (RaftStorageDirectory.java:analyzeStorage(246)) - The storage directory /workdir/hadoop-ozone/integration-test/target/test-dir/MiniOzoneClusterImpl-29dd0c8c-da21-41d6-af77-5f0a65600fbb/datanode-0/data/ratis/6c2b8946-3d74-425a-86fa-4759c94f7e67 does not exist. Creating ...
2019-09-20 05:49:58,200 | INFO  | SCMAudit | user=jenkins1000 | ip=192.168.36.79 | op=SEND_HEARTBEAT {datanodeUUID=9b918566-8d2f-4f38-9ce1-65f5cd084216, command=[]} | ret=SUCCESS |  
2019-09-20 05:49:58,212 [pool-57-thread-1] INFO  storage.RaftStorageDirectory (RaftStorageDirectory.java:tryLock(328)) - Lock on /workdir/hadoop-ozone/integration-test/target/test-dir/MiniOzoneClusterImpl-29dd0c8c-da21-41d6-af77-5f0a65600fbb/datanode-0/data/ratis/6c2b8946-3d74-425a-86fa-4759c94f7e67/in_use.lock acquired by nodename 6907@pr-hdds-1569-s8kj2-2266485376
2019-09-20 05:49:58,236 [pool-57-thread-1] INFO  storage.RaftStorage (RaftStorage.java:format(72)) - Storage directory /workdir/hadoop-ozone/integration-test/target/test-dir/MiniOzoneClusterImpl-29dd0c8c-da21-41d6-af77-5f0a65600fbb/datanode-0/data/ratis/6c2b8946-3d74-425a-86fa-4759c94f7e67 has been successfully formatted.
2019-09-20 05:49:58,237 [pool-57-thread-1] INFO  ratis.ContainerStateMachine (ContainerStateMachine.java:loadSnapshot(226)) - group-4759C94F7E67: The snapshot info is null. Setting the last applied indexto:(t:0, i:~)
2019-09-20 05:49:58,237 [pool-57-thread-1] INFO  server.RaftServerConfigKeys (ConfUtils.java:logGet(43)) - raft.server.leader.election.timeout = 120s (custom)
2019-09-20 05:49:58,237 [pool-57-thread-1] INFO  server.RaftServerConfigKeys (ConfUtils.java:logGet(43)) - raft.server.log.use.memory = false (default)
2019-09-20 05:49:58,238 [pool-57-thread-1] INFO  server.RaftServerConfigKeys (ConfUtils.java:logGet(43)) - raft.server.log.purge.gap = 1000000 (custom)
2019-09-20 05:49:58,238 [pool-57-thread-1] INFO  server.RaftServerConfigKeys (ConfUtils.java:logGet(43)) - raft.server.log.appender.buffer.byte-limit = 33554432 (custom)
2019-09-20 05:49:58,238 [pool-57-thread-1] INFO  server.RaftServerConfigKeys (ConfUtils.java:logGet(43)) - raft.server.log.segment.size.max = 1048576 (custom)
2019-09-20 05:49:58,238 [pool-57-thread-1] INFO  server.RaftServerConfigKeys (ConfUtils.java:logGet(43)) - raft.server.log.segment.cache.num.max = 2 (custom)
2019-09-20 05:49:58,238 [pool-57-thread-1] INFO  segmented.SegmentedRaftLogWorker (SegmentedRaftLogWorker.java:<init>(172)) - new 9b918566-8d2f-4f38-9ce1-65f5cd084216-SegmentedRaftLogWorker:Storage Directory /workdir/hadoop-ozone/integration-test/target/test-dir/MiniOzoneClusterImpl-29dd0c8c-da21-41d6-af77-5f0a65600fbb/datanode-0/data/ratis/6c2b8946-3d74-425a-86fa-4759c94f7e67 for RaftStorage:Storage Directory /workdir/hadoop-ozone/integration-test/target/test-dir/MiniOzoneClusterImpl-29dd0c8c-da21-41d6-af77-5f0a65600fbb/datanode-0/data/ratis/6c2b8946-3d74-425a-86fa-4759c94f7e67
2019-09-20 05:49:58,238 [pool-57-thread-1] INFO  server.RaftServerConfigKeys (ConfUtils.java:logGet(43)) - raft.server.log.queue.byte-limit = 2147483647 (custom)
2019-09-20 05:49:58,238 [pool-57-thread-1] INFO  server.RaftServerConfigKeys (ConfUtils.java:logGet(43)) - raft.server.log.queue.element-limit = 1024 (custom)
2019-09-20 05:49:58,239 [pool-57-thread-1] INFO  server.RaftServerConfigKeys (ConfUtils.java:logGet(43)) - raft.server.log.segment.size.max = 1048576 (custom)
2019-09-20 05:49:58,239 [pool-57-thread-1] INFO  server.RaftServerConfigKeys (ConfUtils.java:logGet(43)) - raft.server.log.preallocated.size = 16384 (custom)
2019-09-20 05:49:58,239 [pool-57-thread-1] INFO  server.RaftServerConfigKeys (ConfUtils.java:logGet(43)) - raft.server.log.write.buffer.size = 33554432 (custom)
2019-09-20 05:49:58,239 [pool-57-thread-1] INFO  server.RaftServerConfigKeys (ConfUtils.java:logGet(43)) - raft.server.log.force.sync.num = 128 (default)
2019-09-20 05:49:58,239 [pool-57-thread-1] INFO  server.RaftServerConfigKeys (ConfUtils.java:logGet(43)) - raft.server.log.statemachine.data.sync = true (default)
2019-09-20 05:49:58,239 [pool-57-thread-1] INFO  server.RaftServerConfigKeys (ConfUtils.java:logGet(43)) - raft.server.log.statemachine.data.sync.timeout = 10s (default)
2019-09-20 05:49:58,240 [pool-57-thread-1] INFO  server.RaftServerConfigKeys (ConfUtils.java:logGet(43)) - raft.server.log.statemachine.data.sync.timeout.retry = -1 (default)
2019-09-20 05:49:58,240 [pool-57-thread-1] INFO  server.RaftServerConfigKeys (ConfUtils.java:logGet(43)) - raft.server.log.statemachine.data.caching.enabled = true (custom)
2019-09-20 05:49:58,240 [pool-57-thread-1] INFO  segmented.SegmentedRaftLogWorker (SegmentedRaftLogWorker.java:lambda$new$0(132)) - 9b918566-8d2f-4f38-9ce1-65f5cd084216-SegmentedRaftLogWorker:Storage Directory /workdir/hadoop-ozone/integration-test/target/test-dir/MiniOzoneClusterImpl-29dd0c8c-da21-41d6-af77-5f0a65600fbb/datanode-0/data/ratis/6c2b8946-3d74-425a-86fa-4759c94f7e67: flushIndex: setUnconditionally 0 -> -1
2019-09-20 05:49:58,240 [pool-57-thread-1] INFO  server.RaftServerConfigKeys (ConfUtils.java:logGet(43)) - raft.server.snapshot.auto.trigger.enabled = true (custom)
2019-09-20 05:49:58,241 [pool-57-thread-1] INFO  server.RaftServerConfigKeys (ConfUtils.java:logGet(43)) - raft.server.snapshot.auto.trigger.threshold = 1 (custom)
2019-09-20 05:49:58,241 [pool-57-thread-1] INFO  server.RaftServerConfigKeys (ConfUtils.java:logGet(43)) - raft.server.retrycache.expirytime = 600000ms (custom)
2019-09-20 05:49:58,241 [pool-57-thread-1] INFO  impl.RaftServerImpl (RaftServerImpl.java:start(180)) - 9b918566-8d2f-4f38-9ce1-65f5cd084216: start group-4759C94F7E67
2019-09-20 05:49:58,241 [pool-57-thread-1] INFO  impl.RaftServerImpl (RaftServerImpl.java:setRole(171)) - 9b918566-8d2f-4f38-9ce1-65f5cd084216:group-4759C94F7E67 changes role from null to FOLLOWER at term 0 for startAsFollower
2019-09-20 05:49:58,241 [pool-57-thread-1] INFO  impl.RoleInfo (RoleInfo.java:updateAndGet(143)) - 9b918566-8d2f-4f38-9ce1-65f5cd084216: start FollowerState
2019-09-20 05:49:58,241 [pool-57-thread-1] INFO  util.JmxRegister (JmxRegister.java:tryRegister(44)) - Successfully registered JMX Bean with object name Ratis:service=RaftServer,group=group-4759C94F7E67,id=9b918566-8d2f-4f38-9ce1-65f5cd084216
2019-09-20 05:49:58,243 [RatisPipelineUtilsThread] INFO  pipeline.PipelineStateManager (PipelineStateManager.java:addPipeline(56)) - Created pipeline Pipeline[ Id: 6c2b8946-3d74-425a-86fa-4759c94f7e67, Nodes: 9b918566-8d2f-4f38-9ce1-65f5cd084216{ip: 192.168.36.79, host: pr-hdds-1569-s8kj2-2266485376, networkLocation: /default-rack, certSerialId: null}, Type:RATIS, Factor:ONE, State:OPEN]
2019-09-20 05:49:58,246 [grpc-default-executor-1] INFO  impl.RaftServerProxy (RaftServerProxy.java:addNew(89)) - 9b918566-8d2f-4f38-9ce1-65f5cd084216: addNew group-938BBD353E04:[9b918566-8d2f-4f38-9ce1-65f5cd084216:192.168.36.79:46843] returns group-938BBD353E04:java.util.concurrent.CompletableFuture@26e10ed0[Not completed]
2019-09-20 05:49:58,247 [pool-57-thread-1] INFO  impl.RaftServerImpl (RaftServerImpl.java:<init>(93)) - 9b918566-8d2f-4f38-9ce1-65f5cd084216: new RaftServerImpl for group-938BBD353E04:[9b918566-8d2f-4f38-9ce1-65f5cd084216:192.168.36.79:46843] with ContainerStateMachine:uninitialized
2019-09-20 05:49:58,247 [pool-57-thread-1] INFO  server.RaftServerConfigKeys (ConfUtils.java:logGet(43)) - raft.server.rpc.timeout.min = 5s (custom)
2019-09-20 05:49:58,247 [pool-57-thread-1] INFO  server.RaftServerConfigKeys (ConfUtils.java:logGet(43)) - raft.server.rpc.timeout.max = 5200ms (custom)
2019-09-20 05:49:58,247 [pool-57-thread-1] INFO  server.RaftServerConfigKeys (ConfUtils.java:logGet(43)) - raft.server.rpcslowness.timeout = 120s (custom)
2019-09-20 05:49:58,247 [pool-57-thread-1] INFO  server.RaftServerConfigKeys (ConfUtils.java:logGet(43)) - raft.server.sleep.deviation.threshold = 300 (default)
2019-09-20 05:49:58,248 [pool-57-thread-1] INFO  server.RaftServerConfigKeys (ConfUtils.java:logGet(43)) - raft.server.log.appender.install.snapshot.enabled = false (custom)
2019-09-20 05:49:58,248 [pool-57-thread-1] INFO  impl.RaftServerImpl (ServerState.java:<init>(105)) - 9b918566-8d2f-4f38-9ce1-65f5cd084216:group-938BBD353E04 ConfigurationManager, init=-1: [9b918566-8d2f-4f38-9ce1-65f5cd084216:192.168.36.79:46843], old=null, confs=<EMPTY_MAP>
2019-09-20 05:49:58,248 [pool-57-thread-1] INFO  server.RaftServerConfigKeys (ConfUtils.java:logGet(43)) - raft.server.storage.dir = [/workdir/hadoop-ozone/integration-test/target/test-dir/MiniOzoneClusterImpl-29dd0c8c-da21-41d6-af77-5f0a65600fbb/datanode-0/data/ratis] (custom)
2019-09-20 05:49:58,248 [pool-57-thread-1] INFO  storage.RaftStorageDirectory (RaftStorageDirectory.java:analyzeStorage(246)) - The storage directory /workdir/hadoop-ozone/integration-test/target/test-dir/MiniOzoneClusterImpl-29dd0c8c-da21-41d6-af77-5f0a65600fbb/datanode-0/data/ratis/a8b2e704-d6d7-45f9-8f47-938bbd353e04 does not exist. Creating ...
2019-09-20 05:49:58,263 [pool-57-thread-1] INFO  storage.RaftStorageDirectory (RaftStorageDirectory.java:tryLock(328)) - Lock on /workdir/hadoop-ozone/integration-test/target/test-dir/MiniOzoneClusterImpl-29dd0c8c-da21-41d6-af77-5f0a65600fbb/datanode-0/data/ratis/a8b2e704-d6d7-45f9-8f47-938bbd353e04/in_use.lock acquired by nodename 6907@pr-hdds-1569-s8kj2-2266485376
2019-09-20 05:49:58,285 [pool-57-thread-1] INFO  storage.RaftStorage (RaftStorage.java:format(72)) - Storage directory /workdir/hadoop-ozone/integration-test/target/test-dir/MiniOzoneClusterImpl-29dd0c8c-da21-41d6-af77-5f0a65600fbb/datanode-0/data/ratis/a8b2e704-d6d7-45f9-8f47-938bbd353e04 has been successfully formatted.
2019-09-20 05:49:58,285 [pool-57-thread-1] INFO  ratis.ContainerStateMachine (ContainerStateMachine.java:loadSnapshot(226)) - group-938BBD353E04: The snapshot info is null. Setting the last applied indexto:(t:0, i:~)
2019-09-20 05:49:58,285 [pool-57-thread-1] INFO  server.RaftServerConfigKeys (ConfUtils.java:logGet(43)) - raft.server.leader.election.timeout = 120s (custom)
2019-09-20 05:49:58,285 [pool-57-thread-1] INFO  server.RaftServerConfigKeys (ConfUtils.java:logGet(43)) - raft.server.log.use.memory = false (default)
2019-09-20 05:49:58,285 [pool-57-thread-1] INFO  server.RaftServerConfigKeys (ConfUtils.java:logGet(43)) - raft.server.log.purge.gap = 1000000 (custom)
2019-09-20 05:49:58,286 [pool-57-thread-1] INFO  server.RaftServerConfigKeys (ConfUtils.java:logGet(43)) - raft.server.log.appender.buffer.byte-limit = 33554432 (custom)
2019-09-20 05:49:58,286 [pool-57-thread-1] INFO  server.RaftServerConfigKeys (ConfUtils.java:logGet(43)) - raft.server.log.segment.size.max = 1048576 (custom)
2019-09-20 05:49:58,286 [pool-57-thread-1] INFO  server.RaftServerConfigKeys (ConfUtils.java:logGet(43)) - raft.server.log.segment.cache.num.max = 2 (custom)
2019-09-20 05:49:58,286 [pool-57-thread-1] INFO  segmented.SegmentedRaftLogWorker (SegmentedRaftLogWorker.java:<init>(172)) - new 9b918566-8d2f-4f38-9ce1-65f5cd084216-SegmentedRaftLogWorker:Storage Directory /workdir/hadoop-ozone/integration-test/target/test-dir/MiniOzoneClusterImpl-29dd0c8c-da21-41d6-af77-5f0a65600fbb/datanode-0/data/ratis/a8b2e704-d6d7-45f9-8f47-938bbd353e04 for RaftStorage:Storage Directory /workdir/hadoop-ozone/integration-test/target/test-dir/MiniOzoneClusterImpl-29dd0c8c-da21-41d6-af77-5f0a65600fbb/datanode-0/data/ratis/a8b2e704-d6d7-45f9-8f47-938bbd353e04
2019-09-20 05:49:58,286 [pool-57-thread-1] INFO  server.RaftServerConfigKeys (ConfUtils.java:logGet(43)) - raft.server.log.queue.byte-limit = 2147483647 (custom)
2019-09-20 05:49:58,286 [pool-57-thread-1] INFO  server.RaftServerConfigKeys (ConfUtils.java:logGet(43)) - raft.server.log.queue.element-limit = 1024 (custom)
2019-09-20 05:49:58,286 [pool-57-thread-1] INFO  server.RaftServerConfigKeys (ConfUtils.java:logGet(43)) - raft.server.log.segment.size.max = 1048576 (custom)
2019-09-20 05:49:58,286 [pool-57-thread-1] INFO  server.RaftServerConfigKeys (ConfUtils.java:logGet(43)) - raft.server.log.preallocated.size = 16384 (custom)
2019-09-20 05:49:58,286 [pool-57-thread-1] INFO  server.RaftServerConfigKeys (ConfUtils.java:logGet(43)) - raft.server.log.write.buffer.size = 33554432 (custom)
2019-09-20 05:49:58,286 [pool-57-thread-1] INFO  server.RaftServerConfigKeys (ConfUtils.java:logGet(43)) - raft.server.log.force.sync.num = 128 (default)
2019-09-20 05:49:58,287 [pool-57-thread-1] INFO  server.RaftServerConfigKeys (ConfUtils.java:logGet(43)) - raft.server.log.statemachine.data.sync = true (default)
2019-09-20 05:49:58,287 [pool-57-thread-1] INFO  server.RaftServerConfigKeys (ConfUtils.java:logGet(43)) - raft.server.log.statemachine.data.sync.timeout = 10s (default)
2019-09-20 05:49:58,287 [pool-57-thread-1] INFO  server.RaftServerConfigKeys (ConfUtils.java:logGet(43)) - raft.server.log.statemachine.data.sync.timeout.retry = -1 (default)
2019-09-20 05:49:58,287 [pool-57-thread-1] INFO  server.RaftServerConfigKeys (ConfUtils.java:logGet(43)) - raft.server.log.statemachine.data.caching.enabled = true (custom)
2019-09-20 05:49:58,287 [pool-57-thread-1] INFO  segmented.SegmentedRaftLogWorker (SegmentedRaftLogWorker.java:lambda$new$0(132)) - 9b918566-8d2f-4f38-9ce1-65f5cd084216-SegmentedRaftLogWorker:Storage Directory /workdir/hadoop-ozone/integration-test/target/test-dir/MiniOzoneClusterImpl-29dd0c8c-da21-41d6-af77-5f0a65600fbb/datanode-0/data/ratis/a8b2e704-d6d7-45f9-8f47-938bbd353e04: flushIndex: setUnconditionally 0 -> -1
2019-09-20 05:49:58,287 [pool-57-thread-1] INFO  server.RaftServerConfigKeys (ConfUtils.java:logGet(43)) - raft.server.snapshot.auto.trigger.enabled = true (custom)
2019-09-20 05:49:58,287 [pool-57-thread-1] INFO  server.RaftServerConfigKeys (ConfUtils.java:logGet(43)) - raft.server.snapshot.auto.trigger.threshold = 1 (custom)
2019-09-20 05:49:58,288 [pool-57-thread-1] INFO  server.RaftServerConfigKeys (ConfUtils.java:logGet(43)) - raft.server.retrycache.expirytime = 600000ms (custom)
2019-09-20 05:49:58,288 [pool-57-thread-1] INFO  impl.RaftServerImpl (RaftServerImpl.java:start(180)) - 9b918566-8d2f-4f38-9ce1-65f5cd084216: start group-938BBD353E04
2019-09-20 05:49:58,288 [pool-57-thread-1] INFO  impl.RaftServerImpl (RaftServerImpl.java:setRole(171)) - 9b918566-8d2f-4f38-9ce1-65f5cd084216:group-938BBD353E04 changes role from null to FOLLOWER at term 0 for startAsFollower
2019-09-20 05:49:58,288 [pool-57-thread-1] INFO  impl.RoleInfo (RoleInfo.java:updateAndGet(143)) - 9b918566-8d2f-4f38-9ce1-65f5cd084216: start FollowerState
2019-09-20 05:49:58,288 [pool-57-thread-1] INFO  util.JmxRegister (JmxRegister.java:tryRegister(44)) - Successfully registered JMX Bean with object name Ratis:service=RaftServer,group=group-938BBD353E04,id=9b918566-8d2f-4f38-9ce1-65f5cd084216
2019-09-20 05:49:58,290 [RatisPipelineUtilsThread] INFO  pipeline.PipelineStateManager (PipelineStateManager.java:addPipeline(56)) - Created pipeline Pipeline[ Id: a8b2e704-d6d7-45f9-8f47-938bbd353e04, Nodes: 9b918566-8d2f-4f38-9ce1-65f5cd084216{ip: 192.168.36.79, host: pr-hdds-1569-s8kj2-2266485376, networkLocation: /default-rack, certSerialId: null}, Type:RATIS, Factor:ONE, State:OPEN]
2019-09-20 05:49:58,292 [grpc-default-executor-1] INFO  impl.RaftServerProxy (RaftServerProxy.java:addNew(89)) - 9b918566-8d2f-4f38-9ce1-65f5cd084216: addNew group-C5FA315C3101:[9b918566-8d2f-4f38-9ce1-65f5cd084216:192.168.36.79:46843] returns group-C5FA315C3101:java.util.concurrent.CompletableFuture@6199f631[Not completed]
2019-09-20 05:49:58,293 [pool-57-thread-1] INFO  impl.RaftServerImpl (RaftServerImpl.java:<init>(93)) - 9b918566-8d2f-4f38-9ce1-65f5cd084216: new RaftServerImpl for group-C5FA315C3101:[9b918566-8d2f-4f38-9ce1-65f5cd084216:192.168.36.79:46843] with ContainerStateMachine:uninitialized
2019-09-20 05:49:58,293 [pool-57-thread-1] INFO  server.RaftServerConfigKeys (ConfUtils.java:logGet(43)) - raft.server.rpc.timeout.min = 5s (custom)
2019-09-20 05:49:58,293 [pool-57-thread-1] INFO  server.RaftServerConfigKeys (ConfUtils.java:logGet(43)) - raft.server.rpc.timeout.max = 5200ms (custom)
2019-09-20 05:49:58,293 [pool-57-thread-1] INFO  server.RaftServerConfigKeys (ConfUtils.java:logGet(43)) - raft.server.rpcslowness.timeout = 120s (custom)
2019-09-20 05:49:58,293 [pool-57-thread-1] INFO  server.RaftServerConfigKeys (ConfUtils.java:logGet(43)) - raft.server.sleep.deviation.threshold = 300 (default)
2019-09-20 05:49:58,293 [pool-57-thread-1] INFO  server.RaftServerConfigKeys (ConfUtils.java:logGet(43)) - raft.server.log.appender.install.snapshot.enabled = false (custom)
2019-09-20 05:49:58,294 [pool-57-thread-1] INFO  impl.RaftServerImpl (ServerState.java:<init>(105)) - 9b918566-8d2f-4f38-9ce1-65f5cd084216:group-C5FA315C3101 ConfigurationManager, init=-1: [9b918566-8d2f-4f38-9ce1-65f5cd084216:192.168.36.79:46843], old=null, confs=<EMPTY_MAP>
2019-09-20 05:49:58,294 [pool-57-thread-1] INFO  server.RaftServerConfigKeys (ConfUtils.java:logGet(43)) - raft.server.storage.dir = [/workdir/hadoop-ozone/integration-test/target/test-dir/MiniOzoneClusterImpl-29dd0c8c-da21-41d6-af77-5f0a65600fbb/datanode-0/data/ratis] (custom)
2019-09-20 05:49:58,294 [pool-57-thread-1] INFO  storage.RaftStorageDirectory (RaftStorageDirectory.java:analyzeStorage(246)) - The storage directory /workdir/hadoop-ozone/integration-test/target/test-dir/MiniOzoneClusterImpl-29dd0c8c-da21-41d6-af77-5f0a65600fbb/datanode-0/data/ratis/5a79cb5b-df21-4b0c-b555-c5fa315c3101 does not exist. Creating ...
2019-09-20 05:49:58,354 [pool-57-thread-1] INFO  storage.RaftStorageDirectory (RaftStorageDirectory.java:tryLock(328)) - Lock on /workdir/hadoop-ozone/integration-test/target/test-dir/MiniOzoneClusterImpl-29dd0c8c-da21-41d6-af77-5f0a65600fbb/datanode-0/data/ratis/5a79cb5b-df21-4b0c-b555-c5fa315c3101/in_use.lock acquired by nodename 6907@pr-hdds-1569-s8kj2-2266485376
2019-09-20 05:49:58,370 [pool-57-thread-1] INFO  storage.RaftStorage (RaftStorage.java:format(72)) - Storage directory /workdir/hadoop-ozone/integration-test/target/test-dir/MiniOzoneClusterImpl-29dd0c8c-da21-41d6-af77-5f0a65600fbb/datanode-0/data/ratis/5a79cb5b-df21-4b0c-b555-c5fa315c3101 has been successfully formatted.
2019-09-20 05:49:58,370 [pool-57-thread-1] INFO  ratis.ContainerStateMachine (ContainerStateMachine.java:loadSnapshot(226)) - group-C5FA315C3101: The snapshot info is null. Setting the last applied indexto:(t:0, i:~)
2019-09-20 05:49:58,370 [pool-57-thread-1] INFO  server.RaftServerConfigKeys (ConfUtils.java:logGet(43)) - raft.server.leader.election.timeout = 120s (custom)
2019-09-20 05:49:58,370 [pool-57-thread-1] INFO  server.RaftServerConfigKeys (ConfUtils.java:logGet(43)) - raft.server.log.use.memory = false (default)
2019-09-20 05:49:58,370 [pool-57-thread-1] INFO  server.RaftServerConfigKeys (ConfUtils.java:logGet(43)) - raft.server.log.purge.gap = 1000000 (custom)
2019-09-20 05:49:58,370 [pool-57-thread-1] INFO  server.RaftServerConfigKeys (ConfUtils.java:logGet(43)) - raft.server.log.appender.buffer.byte-limit = 33554432 (custom)
2019-09-20 05:49:58,371 [pool-57-thread-1] INFO  server.RaftServerConfigKeys (ConfUtils.java:logGet(43)) - raft.server.log.segment.size.max = 1048576 (custom)
2019-09-20 05:49:58,371 [pool-57-thread-1] INFO  server.RaftServerConfigKeys (ConfUtils.java:logGet(43)) - raft.server.log.segment.cache.num.max = 2 (custom)
2019-09-20 05:49:58,371 [pool-57-thread-1] INFO  segmented.SegmentedRaftLogWorker (SegmentedRaftLogWorker.java:<init>(172)) - new 9b918566-8d2f-4f38-9ce1-65f5cd084216-SegmentedRaftLogWorker:Storage Directory /workdir/hadoop-ozone/integration-test/target/test-dir/MiniOzoneClusterImpl-29dd0c8c-da21-41d6-af77-5f0a65600fbb/datanode-0/data/ratis/5a79cb5b-df21-4b0c-b555-c5fa315c3101 for RaftStorage:Storage Directory /workdir/hadoop-ozone/integration-test/target/test-dir/MiniOzoneClusterImpl-29dd0c8c-da21-41d6-af77-5f0a65600fbb/datanode-0/data/ratis/5a79cb5b-df21-4b0c-b555-c5fa315c3101
2019-09-20 05:49:58,371 [pool-57-thread-1] INFO  server.RaftServerConfigKeys (ConfUtils.java:logGet(43)) - raft.server.log.queue.byte-limit = 2147483647 (custom)
2019-09-20 05:49:58,371 [pool-57-thread-1] INFO  server.RaftServerConfigKeys (ConfUtils.java:logGet(43)) - raft.server.log.queue.element-limit = 1024 (custom)
2019-09-20 05:49:58,371 [pool-57-thread-1] INFO  server.RaftServerConfigKeys (ConfUtils.java:logGet(43)) - raft.server.log.segment.size.max = 1048576 (custom)
2019-09-20 05:49:58,371 [pool-57-thread-1] INFO  server.RaftServerConfigKeys (ConfUtils.java:logGet(43)) - raft.server.log.preallocated.size = 16384 (custom)
2019-09-20 05:49:58,371 [pool-57-thread-1] INFO  server.RaftServerConfigKeys (ConfUtils.java:logGet(43)) - raft.server.log.write.buffer.size = 33554432 (custom)
2019-09-20 05:49:58,371 [pool-57-thread-1] INFO  server.RaftServerConfigKeys (ConfUtils.java:logGet(43)) - raft.server.log.force.sync.num = 128 (default)
2019-09-20 05:49:58,371 [pool-57-thread-1] INFO  server.RaftServerConfigKeys (ConfUtils.java:logGet(43)) - raft.server.log.statemachine.data.sync = true (default)
2019-09-20 05:49:58,371 [pool-57-thread-1] INFO  server.RaftServerConfigKeys (ConfUtils.java:logGet(43)) - raft.server.log.statemachine.data.sync.timeout = 10s (default)
2019-09-20 05:49:58,371 [pool-57-thread-1] INFO  server.RaftServerConfigKeys (ConfUtils.java:logGet(43)) - raft.server.log.statemachine.data.sync.timeout.retry = -1 (default)
2019-09-20 05:49:58,372 [pool-57-thread-1] INFO  server.RaftServerConfigKeys (ConfUtils.java:logGet(43)) - raft.server.log.statemachine.data.caching.enabled = true (custom)
2019-09-20 05:49:58,372 [pool-57-thread-1] INFO  segmented.SegmentedRaftLogWorker (SegmentedRaftLogWorker.java:lambda$new$0(132)) - 9b918566-8d2f-4f38-9ce1-65f5cd084216-SegmentedRaftLogWorker:Storage Directory /workdir/hadoop-ozone/integration-test/target/test-dir/MiniOzoneClusterImpl-29dd0c8c-da21-41d6-af77-5f0a65600fbb/datanode-0/data/ratis/5a79cb5b-df21-4b0c-b555-c5fa315c3101: flushIndex: setUnconditionally 0 -> -1
2019-09-20 05:49:58,372 [pool-57-thread-1] INFO  server.RaftServerConfigKeys (ConfUtils.java:logGet(43)) - raft.server.snapshot.auto.trigger.enabled = true (custom)
2019-09-20 05:49:58,372 [pool-57-thread-1] INFO  server.RaftServerConfigKeys (ConfUtils.java:logGet(43)) - raft.server.snapshot.auto.trigger.threshold = 1 (custom)
2019-09-20 05:49:58,372 [pool-57-thread-1] INFO  server.RaftServerConfigKeys (ConfUtils.java:logGet(43)) - raft.server.retrycache.expirytime = 600000ms (custom)
2019-09-20 05:49:58,372 [pool-57-thread-1] INFO  impl.RaftServerImpl (RaftServerImpl.java:start(180)) - 9b918566-8d2f-4f38-9ce1-65f5cd084216: start group-C5FA315C3101
2019-09-20 05:49:58,372 [pool-57-thread-1] INFO  impl.RaftServerImpl (RaftServerImpl.java:setRole(171)) - 9b918566-8d2f-4f38-9ce1-65f5cd084216:group-C5FA315C3101 changes role from null to FOLLOWER at term 0 for startAsFollower
2019-09-20 05:49:58,372 [pool-57-thread-1] INFO  impl.RoleInfo (RoleInfo.java:updateAndGet(143)) - 9b918566-8d2f-4f38-9ce1-65f5cd084216: start FollowerState
2019-09-20 05:49:58,373 [pool-57-thread-1] INFO  util.JmxRegister (JmxRegister.java:tryRegister(44)) - Successfully registered JMX Bean with object name Ratis:service=RaftServer,group=group-C5FA315C3101,id=9b918566-8d2f-4f38-9ce1-65f5cd084216
2019-09-20 05:49:58,374 [RatisPipelineUtilsThread] INFO  pipeline.PipelineStateManager (PipelineStateManager.java:addPipeline(56)) - Created pipeline Pipeline[ Id: 5a79cb5b-df21-4b0c-b555-c5fa315c3101, Nodes: 9b918566-8d2f-4f38-9ce1-65f5cd084216{ip: 192.168.36.79, host: pr-hdds-1569-s8kj2-2266485376, networkLocation: /default-rack, certSerialId: null}, Type:RATIS, Factor:ONE, State:OPEN]
2019-09-20 05:49:58,376 [grpc-default-executor-1] INFO  impl.RaftServerProxy (RaftServerProxy.java:addNew(89)) - 9b918566-8d2f-4f38-9ce1-65f5cd084216: addNew group-6A169ECCAA06:[9b918566-8d2f-4f38-9ce1-65f5cd084216:192.168.36.79:46843] returns group-6A169ECCAA06:java.util.concurrent.CompletableFuture@59749807[Not completed]
2019-09-20 05:49:58,377 [pool-57-thread-1] INFO  impl.RaftServerImpl (RaftServerImpl.java:<init>(93)) - 9b918566-8d2f-4f38-9ce1-65f5cd084216: new RaftServerImpl for group-6A169ECCAA06:[9b918566-8d2f-4f38-9ce1-65f5cd084216:192.168.36.79:46843] with ContainerStateMachine:uninitialized
2019-09-20 05:49:58,377 [pool-57-thread-1] INFO  server.RaftServerConfigKeys (ConfUtils.java:logGet(43)) - raft.server.rpc.timeout.min = 5s (custom)
2019-09-20 05:49:58,377 [pool-57-thread-1] INFO  server.RaftServerConfigKeys (ConfUtils.java:logGet(43)) - raft.server.rpc.timeout.max = 5200ms (custom)
2019-09-20 05:49:58,377 [pool-57-thread-1] INFO  server.RaftServerConfigKeys (ConfUtils.java:logGet(43)) - raft.server.rpcslowness.timeout = 120s (custom)
2019-09-20 05:49:58,377 [pool-57-thread-1] INFO  server.RaftServerConfigKeys (ConfUtils.java:logGet(43)) - raft.server.sleep.deviation.threshold = 300 (default)
2019-09-20 05:49:58,377 [pool-57-thread-1] INFO  server.RaftServerConfigKeys (ConfUtils.java:logGet(43)) - raft.server.log.appender.install.snapshot.enabled = false (custom)
2019-09-20 05:49:58,377 [pool-57-thread-1] INFO  impl.RaftServerImpl (ServerState.java:<init>(105)) - 9b918566-8d2f-4f38-9ce1-65f5cd084216:group-6A169ECCAA06 ConfigurationManager, init=-1: [9b918566-8d2f-4f38-9ce1-65f5cd084216:192.168.36.79:46843], old=null, confs=<EMPTY_MAP>
2019-09-20 05:49:58,377 [pool-57-thread-1] INFO  server.RaftServerConfigKeys (ConfUtils.java:logGet(43)) - raft.server.storage.dir = [/workdir/hadoop-ozone/integration-test/target/test-dir/MiniOzoneClusterImpl-29dd0c8c-da21-41d6-af77-5f0a65600fbb/datanode-0/data/ratis] (custom)
2019-09-20 05:49:58,378 [pool-57-thread-1] INFO  storage.RaftStorageDirectory (RaftStorageDirectory.java:analyzeStorage(246)) - The storage directory /workdir/hadoop-ozone/integration-test/target/test-dir/MiniOzoneClusterImpl-29dd0c8c-da21-41d6-af77-5f0a65600fbb/datanode-0/data/ratis/3334cfc7-b579-49c5-a5a6-6a169eccaa06 does not exist. Creating ...
2019-09-20 05:49:58,399 | INFO  | SCMAudit | user=jenkins1000 | ip=192.168.36.79 | op=SEND_HEARTBEAT {datanodeUUID=9b918566-8d2f-4f38-9ce1-65f5cd084216, command=[]} | ret=SUCCESS |  
2019-09-20 05:49:58,405 [pool-57-thread-1] INFO  storage.RaftStorageDirectory (RaftStorageDirectory.java:tryLock(328)) - Lock on /workdir/hadoop-ozone/integration-test/target/test-dir/MiniOzoneClusterImpl-29dd0c8c-da21-41d6-af77-5f0a65600fbb/datanode-0/data/ratis/3334cfc7-b579-49c5-a5a6-6a169eccaa06/in_use.lock acquired by nodename 6907@pr-hdds-1569-s8kj2-2266485376
2019-09-20 05:49:58,431 [pool-57-thread-1] INFO  storage.RaftStorage (RaftStorage.java:format(72)) - Storage directory /workdir/hadoop-ozone/integration-test/target/test-dir/MiniOzoneClusterImpl-29dd0c8c-da21-41d6-af77-5f0a65600fbb/datanode-0/data/ratis/3334cfc7-b579-49c5-a5a6-6a169eccaa06 has been successfully formatted.
2019-09-20 05:49:58,431 [pool-57-thread-1] INFO  ratis.ContainerStateMachine (ContainerStateMachine.java:loadSnapshot(226)) - group-6A169ECCAA06: The snapshot info is null. Setting the last applied indexto:(t:0, i:~)
2019-09-20 05:49:58,431 [pool-57-thread-1] INFO  server.RaftServerConfigKeys (ConfUtils.java:logGet(43)) - raft.server.leader.election.timeout = 120s (custom)
2019-09-20 05:49:58,431 [pool-57-thread-1] INFO  server.RaftServerConfigKeys (ConfUtils.java:logGet(43)) - raft.server.log.use.memory = false (default)
2019-09-20 05:49:58,432 [pool-57-thread-1] INFO  server.RaftServerConfigKeys (ConfUtils.java:logGet(43)) - raft.server.log.purge.gap = 1000000 (custom)
2019-09-20 05:49:58,432 [pool-57-thread-1] INFO  server.RaftServerConfigKeys (ConfUtils.java:logGet(43)) - raft.server.log.appender.buffer.byte-limit = 33554432 (custom)
2019-09-20 05:49:58,432 [pool-57-thread-1] INFO  server.RaftServerConfigKeys (ConfUtils.java:logGet(43)) - raft.server.log.segment.size.max = 1048576 (custom)
2019-09-20 05:49:58,432 [pool-57-thread-1] INFO  server.RaftServerConfigKeys (ConfUtils.java:logGet(43)) - raft.server.log.segment.cache.num.max = 2 (custom)
2019-09-20 05:49:58,432 [pool-57-thread-1] INFO  segmented.SegmentedRaftLogWorker (SegmentedRaftLogWorker.java:<init>(172)) - new 9b918566-8d2f-4f38-9ce1-65f5cd084216-SegmentedRaftLogWorker:Storage Directory /workdir/hadoop-ozone/integration-test/target/test-dir/MiniOzoneClusterImpl-29dd0c8c-da21-41d6-af77-5f0a65600fbb/datanode-0/data/ratis/3334cfc7-b579-49c5-a5a6-6a169eccaa06 for RaftStorage:Storage Directory /workdir/hadoop-ozone/integration-test/target/test-dir/MiniOzoneClusterImpl-29dd0c8c-da21-41d6-af77-5f0a65600fbb/datanode-0/data/ratis/3334cfc7-b579-49c5-a5a6-6a169eccaa06
2019-09-20 05:49:58,432 [pool-57-thread-1] INFO  server.RaftServerConfigKeys (ConfUtils.java:logGet(43)) - raft.server.log.queue.byte-limit = 2147483647 (custom)
2019-09-20 05:49:58,432 [pool-57-thread-1] INFO  server.RaftServerConfigKeys (ConfUtils.java:logGet(43)) - raft.server.log.queue.element-limit = 1024 (custom)
2019-09-20 05:49:58,432 [pool-57-thread-1] INFO  server.RaftServerConfigKeys (ConfUtils.java:logGet(43)) - raft.server.log.segment.size.max = 1048576 (custom)
2019-09-20 05:49:58,432 [pool-57-thread-1] INFO  server.RaftServerConfigKeys (ConfUtils.java:logGet(43)) - raft.server.log.preallocated.size = 16384 (custom)
2019-09-20 05:49:58,432 [pool-57-thread-1] INFO  server.RaftServerConfigKeys (ConfUtils.java:logGet(43)) - raft.server.log.write.buffer.size = 33554432 (custom)
2019-09-20 05:49:58,432 [pool-57-thread-1] INFO  server.RaftServerConfigKeys (ConfUtils.java:logGet(43)) - raft.server.log.force.sync.num = 128 (default)
2019-09-20 05:49:58,432 [pool-57-thread-1] INFO  server.RaftServerConfigKeys (ConfUtils.java:logGet(43)) - raft.server.log.statemachine.data.sync = true (default)
2019-09-20 05:49:58,433 [pool-57-thread-1] INFO  server.RaftServerConfigKeys (ConfUtils.java:logGet(43)) - raft.server.log.statemachine.data.sync.timeout = 10s (default)
2019-09-20 05:49:58,433 [pool-57-thread-1] INFO  server.RaftServerConfigKeys (ConfUtils.java:logGet(43)) - raft.server.log.statemachine.data.sync.timeout.retry = -1 (default)
2019-09-20 05:49:58,433 [pool-57-thread-1] INFO  server.RaftServerConfigKeys (ConfUtils.java:logGet(43)) - raft.server.log.statemachine.data.caching.enabled = true (custom)
2019-09-20 05:49:58,433 [pool-57-thread-1] INFO  segmented.SegmentedRaftLogWorker (SegmentedRaftLogWorker.java:lambda$new$0(132)) - 9b918566-8d2f-4f38-9ce1-65f5cd084216-SegmentedRaftLogWorker:Storage Directory /workdir/hadoop-ozone/integration-test/target/test-dir/MiniOzoneClusterImpl-29dd0c8c-da21-41d6-af77-5f0a65600fbb/datanode-0/data/ratis/3334cfc7-b579-49c5-a5a6-6a169eccaa06: flushIndex: setUnconditionally 0 -> -1
2019-09-20 05:49:58,433 [pool-57-thread-1] INFO  server.RaftServerConfigKeys (ConfUtils.java:logGet(43)) - raft.server.snapshot.auto.trigger.enabled = true (custom)
2019-09-20 05:49:58,433 [pool-57-thread-1] INFO  server.RaftServerConfigKeys (ConfUtils.java:logGet(43)) - raft.server.snapshot.auto.trigger.threshold = 1 (custom)
2019-09-20 05:49:58,433 [pool-57-thread-1] INFO  server.RaftServerConfigKeys (ConfUtils.java:logGet(43)) - raft.server.retrycache.expirytime = 600000ms (custom)
2019-09-20 05:49:58,433 [pool-57-thread-1] INFO  impl.RaftServerImpl (RaftServerImpl.java:start(180)) - 9b918566-8d2f-4f38-9ce1-65f5cd084216: start group-6A169ECCAA06
2019-09-20 05:49:58,433 [pool-57-thread-1] INFO  impl.RaftServerImpl (RaftServerImpl.java:setRole(171)) - 9b918566-8d2f-4f38-9ce1-65f5cd084216:group-6A169ECCAA06 changes role from null to FOLLOWER at term 0 for startAsFollower
2019-09-20 05:49:58,434 [pool-57-thread-1] INFO  impl.RoleInfo (RoleInfo.java:updateAndGet(143)) - 9b918566-8d2f-4f38-9ce1-65f5cd084216: start FollowerState
2019-09-20 05:49:58,434 [pool-57-thread-1] INFO  util.JmxRegister (JmxRegister.java:tryRegister(44)) - Successfully registered JMX Bean with object name Ratis:service=RaftServer,group=group-6A169ECCAA06,id=9b918566-8d2f-4f38-9ce1-65f5cd084216
2019-09-20 05:49:58,435 [RatisPipelineUtilsThread] INFO  pipeline.PipelineStateManager (PipelineStateManager.java:addPipeline(56)) - Created pipeline Pipeline[ Id: 3334cfc7-b579-49c5-a5a6-6a169eccaa06, Nodes: 9b918566-8d2f-4f38-9ce1-65f5cd084216{ip: 192.168.36.79, host: pr-hdds-1569-s8kj2-2266485376, networkLocation: /default-rack, certSerialId: null}, Type:RATIS, Factor:ONE, State:OPEN]
2019-09-20 05:49:58,437 [grpc-default-executor-1] INFO  impl.RaftServerProxy (RaftServerProxy.java:addNew(89)) - 9b918566-8d2f-4f38-9ce1-65f5cd084216: addNew group-20839FE4359D:[9b918566-8d2f-4f38-9ce1-65f5cd084216:192.168.36.79:46843] returns group-20839FE4359D:java.util.concurrent.CompletableFuture@3480b9ef[Not completed]
2019-09-20 05:49:58,438 [pool-57-thread-1] INFO  impl.RaftServerImpl (RaftServerImpl.java:<init>(93)) - 9b918566-8d2f-4f38-9ce1-65f5cd084216: new RaftServerImpl for group-20839FE4359D:[9b918566-8d2f-4f38-9ce1-65f5cd084216:192.168.36.79:46843] with ContainerStateMachine:uninitialized
2019-09-20 05:49:58,438 [pool-57-thread-1] INFO  server.RaftServerConfigKeys (ConfUtils.java:logGet(43)) - raft.server.rpc.timeout.min = 5s (custom)
2019-09-20 05:49:58,438 [pool-57-thread-1] INFO  server.RaftServerConfigKeys (ConfUtils.java:logGet(43)) - raft.server.rpc.timeout.max = 5200ms (custom)
2019-09-20 05:49:58,438 [pool-57-thread-1] INFO  server.RaftServerConfigKeys (ConfUtils.java:logGet(43)) - raft.server.rpcslowness.timeout = 120s (custom)
2019-09-20 05:49:58,438 [pool-57-thread-1] INFO  server.RaftServerConfigKeys (ConfUtils.java:logGet(43)) - raft.server.sleep.deviation.threshold = 300 (default)
2019-09-20 05:49:58,438 [pool-57-thread-1] INFO  server.RaftServerConfigKeys (ConfUtils.java:logGet(43)) - raft.server.log.appender.install.snapshot.enabled = false (custom)
2019-09-20 05:49:58,438 [pool-57-thread-1] INFO  impl.RaftServerImpl (ServerState.java:<init>(105)) - 9b918566-8d2f-4f38-9ce1-65f5cd084216:group-20839FE4359D ConfigurationManager, init=-1: [9b918566-8d2f-4f38-9ce1-65f5cd084216:192.168.36.79:46843], old=null, confs=<EMPTY_MAP>
2019-09-20 05:49:58,438 [pool-57-thread-1] INFO  server.RaftServerConfigKeys (ConfUtils.java:logGet(43)) - raft.server.storage.dir = [/workdir/hadoop-ozone/integration-test/target/test-dir/MiniOzoneClusterImpl-29dd0c8c-da21-41d6-af77-5f0a65600fbb/datanode-0/data/ratis] (custom)
2019-09-20 05:49:58,439 [pool-57-thread-1] INFO  storage.RaftStorageDirectory (RaftStorageDirectory.java:analyzeStorage(246)) - The storage directory /workdir/hadoop-ozone/integration-test/target/test-dir/MiniOzoneClusterImpl-29dd0c8c-da21-41d6-af77-5f0a65600fbb/datanode-0/data/ratis/57e49379-47e0-484b-acd5-20839fe4359d does not exist. Creating ...
2019-09-20 05:49:58,467 [pool-57-thread-1] INFO  storage.RaftStorageDirectory (RaftStorageDirectory.java:tryLock(328)) - Lock on /workdir/hadoop-ozone/integration-test/target/test-dir/MiniOzoneClusterImpl-29dd0c8c-da21-41d6-af77-5f0a65600fbb/datanode-0/data/ratis/57e49379-47e0-484b-acd5-20839fe4359d/in_use.lock acquired by nodename 6907@pr-hdds-1569-s8kj2-2266485376
2019-09-20 05:49:58,497 [pool-57-thread-1] INFO  storage.RaftStorage (RaftStorage.java:format(72)) - Storage directory /workdir/hadoop-ozone/integration-test/target/test-dir/MiniOzoneClusterImpl-29dd0c8c-da21-41d6-af77-5f0a65600fbb/datanode-0/data/ratis/57e49379-47e0-484b-acd5-20839fe4359d has been successfully formatted.
2019-09-20 05:49:58,497 [pool-57-thread-1] INFO  ratis.ContainerStateMachine (ContainerStateMachine.java:loadSnapshot(226)) - group-20839FE4359D: The snapshot info is null. Setting the last applied indexto:(t:0, i:~)
2019-09-20 05:49:58,498 [pool-57-thread-1] INFO  server.RaftServerConfigKeys (ConfUtils.java:logGet(43)) - raft.server.leader.election.timeout = 120s (custom)
2019-09-20 05:49:58,498 [pool-57-thread-1] INFO  server.RaftServerConfigKeys (ConfUtils.java:logGet(43)) - raft.server.log.use.memory = false (default)
2019-09-20 05:49:58,498 [pool-57-thread-1] INFO  server.RaftServerConfigKeys (ConfUtils.java:logGet(43)) - raft.server.log.purge.gap = 1000000 (custom)
2019-09-20 05:49:58,498 [pool-57-thread-1] INFO  server.RaftServerConfigKeys (ConfUtils.java:logGet(43)) - raft.server.log.appender.buffer.byte-limit = 33554432 (custom)
2019-09-20 05:49:58,498 [pool-57-thread-1] INFO  server.RaftServerConfigKeys (ConfUtils.java:logGet(43)) - raft.server.log.segment.size.max = 1048576 (custom)
2019-09-20 05:49:58,498 [pool-57-thread-1] INFO  server.RaftServerConfigKeys (ConfUtils.java:logGet(43)) - raft.server.log.segment.cache.num.max = 2 (custom)
2019-09-20 05:49:58,498 [pool-57-thread-1] INFO  segmented.SegmentedRaftLogWorker (SegmentedRaftLogWorker.java:<init>(172)) - new 9b918566-8d2f-4f38-9ce1-65f5cd084216-SegmentedRaftLogWorker:Storage Directory /workdir/hadoop-ozone/integration-test/target/test-dir/MiniOzoneClusterImpl-29dd0c8c-da21-41d6-af77-5f0a65600fbb/datanode-0/data/ratis/57e49379-47e0-484b-acd5-20839fe4359d for RaftStorage:Storage Directory /workdir/hadoop-ozone/integration-test/target/test-dir/MiniOzoneClusterImpl-29dd0c8c-da21-41d6-af77-5f0a65600fbb/datanode-0/data/ratis/57e49379-47e0-484b-acd5-20839fe4359d
2019-09-20 05:49:58,498 [pool-57-thread-1] INFO  server.RaftServerConfigKeys (ConfUtils.java:logGet(43)) - raft.server.log.queue.byte-limit = 2147483647 (custom)
2019-09-20 05:49:58,498 [pool-57-thread-1] INFO  server.RaftServerConfigKeys (ConfUtils.java:logGet(43)) - raft.server.log.queue.element-limit = 1024 (custom)
2019-09-20 05:49:58,498 [pool-57-thread-1] INFO  server.RaftServerConfigKeys (ConfUtils.java:logGet(43)) - raft.server.log.segment.size.max = 1048576 (custom)
2019-09-20 05:49:58,499 [pool-57-thread-1] INFO  server.RaftServerConfigKeys (ConfUtils.java:logGet(43)) - raft.server.log.preallocated.size = 16384 (custom)
2019-09-20 05:49:58,499 [pool-57-thread-1] INFO  server.RaftServerConfigKeys (ConfUtils.java:logGet(43)) - raft.server.log.write.buffer.size = 33554432 (custom)
2019-09-20 05:49:58,499 [pool-57-thread-1] INFO  server.RaftServerConfigKeys (ConfUtils.java:logGet(43)) - raft.server.log.force.sync.num = 128 (default)
2019-09-20 05:49:58,499 [pool-57-thread-1] INFO  server.RaftServerConfigKeys (ConfUtils.java:logGet(43)) - raft.server.log.statemachine.data.sync = true (default)
2019-09-20 05:49:58,499 [pool-57-thread-1] INFO  server.RaftServerConfigKeys (ConfUtils.java:logGet(43)) - raft.server.log.statemachine.data.sync.timeout = 10s (default)
2019-09-20 05:49:58,499 [pool-57-thread-1] INFO  server.RaftServerConfigKeys (ConfUtils.java:logGet(43)) - raft.server.log.statemachine.data.sync.timeout.retry = -1 (default)
2019-09-20 05:49:58,499 [pool-57-thread-1] INFO  server.RaftServerConfigKeys (ConfUtils.java:logGet(43)) - raft.server.log.statemachine.data.caching.enabled = true (custom)
2019-09-20 05:49:58,499 [pool-57-thread-1] INFO  segmented.SegmentedRaftLogWorker (SegmentedRaftLogWorker.java:lambda$new$0(132)) - 9b918566-8d2f-4f38-9ce1-65f5cd084216-SegmentedRaftLogWorker:Storage Directory /workdir/hadoop-ozone/integration-test/target/test-dir/MiniOzoneClusterImpl-29dd0c8c-da21-41d6-af77-5f0a65600fbb/datanode-0/data/ratis/57e49379-47e0-484b-acd5-20839fe4359d: flushIndex: setUnconditionally 0 -> -1
2019-09-20 05:49:58,499 [pool-57-thread-1] INFO  server.RaftServerConfigKeys (ConfUtils.java:logGet(43)) - raft.server.snapshot.auto.trigger.enabled = true (custom)
2019-09-20 05:49:58,500 [pool-57-thread-1] INFO  server.RaftServerConfigKeys (ConfUtils.java:logGet(43)) - raft.server.snapshot.auto.trigger.threshold = 1 (custom)
2019-09-20 05:49:58,500 [pool-57-thread-1] INFO  server.RaftServerConfigKeys (ConfUtils.java:logGet(43)) - raft.server.retrycache.expirytime = 600000ms (custom)
2019-09-20 05:49:58,500 [pool-57-thread-1] INFO  impl.RaftServerImpl (RaftServerImpl.java:start(180)) - 9b918566-8d2f-4f38-9ce1-65f5cd084216: start group-20839FE4359D
2019-09-20 05:49:58,500 [pool-57-thread-1] INFO  impl.RaftServerImpl (RaftServerImpl.java:setRole(171)) - 9b918566-8d2f-4f38-9ce1-65f5cd084216:group-20839FE4359D changes role from null to FOLLOWER at term 0 for startAsFollower
2019-09-20 05:49:58,500 [pool-57-thread-1] INFO  impl.RoleInfo (RoleInfo.java:updateAndGet(143)) - 9b918566-8d2f-4f38-9ce1-65f5cd084216: start FollowerState
2019-09-20 05:49:58,500 [pool-57-thread-1] INFO  util.JmxRegister (JmxRegister.java:tryRegister(44)) - Successfully registered JMX Bean with object name Ratis:service=RaftServer,group=group-20839FE4359D,id=9b918566-8d2f-4f38-9ce1-65f5cd084216
2019-09-20 05:49:58,501 [RatisPipelineUtilsThread] INFO  pipeline.PipelineStateManager (PipelineStateManager.java:addPipeline(56)) - Created pipeline Pipeline[ Id: 57e49379-47e0-484b-acd5-20839fe4359d, Nodes: 9b918566-8d2f-4f38-9ce1-65f5cd084216{ip: 192.168.36.79, host: pr-hdds-1569-s8kj2-2266485376, networkLocation: /default-rack, certSerialId: null}, Type:RATIS, Factor:ONE, State:OPEN]
2019-09-20 05:49:58,504 [grpc-default-executor-1] INFO  impl.RaftServerProxy (RaftServerProxy.java:addNew(89)) - 9b918566-8d2f-4f38-9ce1-65f5cd084216: addNew group-43ECE61C6805:[9b918566-8d2f-4f38-9ce1-65f5cd084216:192.168.36.79:46843] returns group-43ECE61C6805:java.util.concurrent.CompletableFuture@52e21102[Not completed]
2019-09-20 05:49:58,504 [pool-57-thread-1] INFO  impl.RaftServerImpl (RaftServerImpl.java:<init>(93)) - 9b918566-8d2f-4f38-9ce1-65f5cd084216: new RaftServerImpl for group-43ECE61C6805:[9b918566-8d2f-4f38-9ce1-65f5cd084216:192.168.36.79:46843] with ContainerStateMachine:uninitialized
2019-09-20 05:49:58,504 [pool-57-thread-1] INFO  server.RaftServerConfigKeys (ConfUtils.java:logGet(43)) - raft.server.rpc.timeout.min = 5s (custom)
2019-09-20 05:49:58,505 [pool-57-thread-1] INFO  server.RaftServerConfigKeys (ConfUtils.java:logGet(43)) - raft.server.rpc.timeout.max = 5200ms (custom)
2019-09-20 05:49:58,505 [pool-57-thread-1] INFO  server.RaftServerConfigKeys (ConfUtils.java:logGet(43)) - raft.server.rpcslowness.timeout = 120s (custom)
2019-09-20 05:49:58,505 [pool-57-thread-1] INFO  server.RaftServerConfigKeys (ConfUtils.java:logGet(43)) - raft.server.sleep.deviation.threshold = 300 (default)
2019-09-20 05:49:58,505 [pool-57-thread-1] INFO  server.RaftServerConfigKeys (ConfUtils.java:logGet(43)) - raft.server.log.appender.install.snapshot.enabled = false (custom)
2019-09-20 05:49:58,505 [pool-57-thread-1] INFO  impl.RaftServerImpl (ServerState.java:<init>(105)) - 9b918566-8d2f-4f38-9ce1-65f5cd084216:group-43ECE61C6805 ConfigurationManager, init=-1: [9b918566-8d2f-4f38-9ce1-65f5cd084216:192.168.36.79:46843], old=null, confs=<EMPTY_MAP>
2019-09-20 05:49:58,505 [pool-57-thread-1] INFO  server.RaftServerConfigKeys (ConfUtils.java:logGet(43)) - raft.server.storage.dir = [/workdir/hadoop-ozone/integration-test/target/test-dir/MiniOzoneClusterImpl-29dd0c8c-da21-41d6-af77-5f0a65600fbb/datanode-0/data/ratis] (custom)
2019-09-20 05:49:58,505 [pool-57-thread-1] INFO  storage.RaftStorageDirectory (RaftStorageDirectory.java:analyzeStorage(246)) - The storage directory /workdir/hadoop-ozone/integration-test/target/test-dir/MiniOzoneClusterImpl-29dd0c8c-da21-41d6-af77-5f0a65600fbb/datanode-0/data/ratis/865cbba9-fbbb-48b8-8040-43ece61c6805 does not exist. Creating ...
2019-09-20 05:49:58,599 | INFO  | SCMAudit | user=jenkins1000 | ip=192.168.36.79 | op=SEND_HEARTBEAT {datanodeUUID=9b918566-8d2f-4f38-9ce1-65f5cd084216, command=[]} | ret=SUCCESS |  
2019-09-20 05:49:58,799 | INFO  | SCMAudit | user=jenkins1000 | ip=192.168.36.79 | op=SEND_HEARTBEAT {datanodeUUID=9b918566-8d2f-4f38-9ce1-65f5cd084216, command=[]} | ret=SUCCESS |  
2019-09-20 05:49:59,000 | INFO  | SCMAudit | user=jenkins1000 | ip=192.168.36.79 | op=SEND_HEARTBEAT {datanodeUUID=9b918566-8d2f-4f38-9ce1-65f5cd084216, command=[]} | ret=SUCCESS |  
2019-09-20 05:49:59,104 [pool-57-thread-1] INFO  storage.RaftStorageDirectory (RaftStorageDirectory.java:tryLock(328)) - Lock on /workdir/hadoop-ozone/integration-test/target/test-dir/MiniOzoneClusterImpl-29dd0c8c-da21-41d6-af77-5f0a65600fbb/datanode-0/data/ratis/865cbba9-fbbb-48b8-8040-43ece61c6805/in_use.lock acquired by nodename 6907@pr-hdds-1569-s8kj2-2266485376
2019-09-20 05:49:59,132 [pool-57-thread-1] INFO  storage.RaftStorage (RaftStorage.java:format(72)) - Storage directory /workdir/hadoop-ozone/integration-test/target/test-dir/MiniOzoneClusterImpl-29dd0c8c-da21-41d6-af77-5f0a65600fbb/datanode-0/data/ratis/865cbba9-fbbb-48b8-8040-43ece61c6805 has been successfully formatted.
2019-09-20 05:49:59,132 [pool-57-thread-1] INFO  ratis.ContainerStateMachine (ContainerStateMachine.java:loadSnapshot(226)) - group-43ECE61C6805: The snapshot info is null. Setting the last applied indexto:(t:0, i:~)
2019-09-20 05:49:59,132 [pool-57-thread-1] INFO  server.RaftServerConfigKeys (ConfUtils.java:logGet(43)) - raft.server.leader.election.timeout = 120s (custom)
2019-09-20 05:49:59,133 [pool-57-thread-1] INFO  server.RaftServerConfigKeys (ConfUtils.java:logGet(43)) - raft.server.log.use.memory = false (default)
2019-09-20 05:49:59,133 [pool-57-thread-1] INFO  server.RaftServerConfigKeys (ConfUtils.java:logGet(43)) - raft.server.log.purge.gap = 1000000 (custom)
2019-09-20 05:49:59,133 [pool-57-thread-1] INFO  server.RaftServerConfigKeys (ConfUtils.java:logGet(43)) - raft.server.log.appender.buffer.byte-limit = 33554432 (custom)
2019-09-20 05:49:59,133 [pool-57-thread-1] INFO  server.RaftServerConfigKeys (ConfUtils.java:logGet(43)) - raft.server.log.segment.size.max = 1048576 (custom)
2019-09-20 05:49:59,133 [pool-57-thread-1] INFO  server.RaftServerConfigKeys (ConfUtils.java:logGet(43)) - raft.server.log.segment.cache.num.max = 2 (custom)
2019-09-20 05:49:59,133 [pool-57-thread-1] INFO  segmented.SegmentedRaftLogWorker (SegmentedRaftLogWorker.java:<init>(172)) - new 9b918566-8d2f-4f38-9ce1-65f5cd084216-SegmentedRaftLogWorker:Storage Directory /workdir/hadoop-ozone/integration-test/target/test-dir/MiniOzoneClusterImpl-29dd0c8c-da21-41d6-af77-5f0a65600fbb/datanode-0/data/ratis/865cbba9-fbbb-48b8-8040-43ece61c6805 for RaftStorage:Storage Directory /workdir/hadoop-ozone/integration-test/target/test-dir/MiniOzoneClusterImpl-29dd0c8c-da21-41d6-af77-5f0a65600fbb/datanode-0/data/ratis/865cbba9-fbbb-48b8-8040-43ece61c6805
2019-09-20 05:49:59,133 [pool-57-thread-1] INFO  server.RaftServerConfigKeys (ConfUtils.java:logGet(43)) - raft.server.log.queue.byte-limit = 2147483647 (custom)
2019-09-20 05:49:59,134 [pool-57-thread-1] INFO  server.RaftServerConfigKeys (ConfUtils.java:logGet(43)) - raft.server.log.queue.element-limit = 1024 (custom)
2019-09-20 05:49:59,134 [pool-57-thread-1] INFO  server.RaftServerConfigKeys (ConfUtils.java:logGet(43)) - raft.server.log.segment.size.max = 1048576 (custom)
2019-09-20 05:49:59,134 [pool-57-thread-1] INFO  server.RaftServerConfigKeys (ConfUtils.java:logGet(43)) - raft.server.log.preallocated.size = 16384 (custom)
2019-09-20 05:49:59,134 [pool-57-thread-1] INFO  server.RaftServerConfigKeys (ConfUtils.java:logGet(43)) - raft.server.log.write.buffer.size = 33554432 (custom)
2019-09-20 05:49:59,134 [pool-57-thread-1] INFO  server.RaftServerConfigKeys (ConfUtils.java:logGet(43)) - raft.server.log.force.sync.num = 128 (default)
2019-09-20 05:49:59,134 [pool-57-thread-1] INFO  server.RaftServerConfigKeys (ConfUtils.java:logGet(43)) - raft.server.log.statemachine.data.sync = true (default)
2019-09-20 05:49:59,134 [pool-57-thread-1] INFO  server.RaftServerConfigKeys (ConfUtils.java:logGet(43)) - raft.server.log.statemachine.data.sync.timeout = 10s (default)
2019-09-20 05:49:59,135 [pool-57-thread-1] INFO  server.RaftServerConfigKeys (ConfUtils.java:logGet(43)) - raft.server.log.statemachine.data.sync.timeout.retry = -1 (default)
2019-09-20 05:49:59,135 [pool-57-thread-1] INFO  server.RaftServerConfigKeys (ConfUtils.java:logGet(43)) - raft.server.log.statemachine.data.caching.enabled = true (custom)
2019-09-20 05:49:59,135 [pool-57-thread-1] INFO  segmented.SegmentedRaftLogWorker (SegmentedRaftLogWorker.java:lambda$new$0(132)) - 9b918566-8d2f-4f38-9ce1-65f5cd084216-SegmentedRaftLogWorker:Storage Directory /workdir/hadoop-ozone/integration-test/target/test-dir/MiniOzoneClusterImpl-29dd0c8c-da21-41d6-af77-5f0a65600fbb/datanode-0/data/ratis/865cbba9-fbbb-48b8-8040-43ece61c6805: flushIndex: setUnconditionally 0 -> -1
2019-09-20 05:49:59,135 [pool-57-thread-1] INFO  server.RaftServerConfigKeys (ConfUtils.java:logGet(43)) - raft.server.snapshot.auto.trigger.enabled = true (custom)
2019-09-20 05:49:59,135 [pool-57-thread-1] INFO  server.RaftServerConfigKeys (ConfUtils.java:logGet(43)) - raft.server.snapshot.auto.trigger.threshold = 1 (custom)
2019-09-20 05:49:59,136 [pool-57-thread-1] INFO  server.RaftServerConfigKeys (ConfUtils.java:logGet(43)) - raft.server.retrycache.expirytime = 600000ms (custom)
2019-09-20 05:49:59,136 [pool-57-thread-1] INFO  impl.RaftServerImpl (RaftServerImpl.java:start(180)) - 9b918566-8d2f-4f38-9ce1-65f5cd084216: start group-43ECE61C6805
2019-09-20 05:49:59,136 [pool-57-thread-1] INFO  impl.RaftServerImpl (RaftServerImpl.java:setRole(171)) - 9b918566-8d2f-4f38-9ce1-65f5cd084216:group-43ECE61C6805 changes role from null to FOLLOWER at term 0 for startAsFollower
2019-09-20 05:49:59,136 [pool-57-thread-1] INFO  impl.RoleInfo (RoleInfo.java:updateAndGet(143)) - 9b918566-8d2f-4f38-9ce1-65f5cd084216: start FollowerState
2019-09-20 05:49:59,136 [pool-57-thread-1] INFO  util.JmxRegister (JmxRegister.java:tryRegister(44)) - Successfully registered JMX Bean with object name Ratis:service=RaftServer,group=group-43ECE61C6805,id=9b918566-8d2f-4f38-9ce1-65f5cd084216
2019-09-20 05:49:59,138 [RatisPipelineUtilsThread] INFO  pipeline.PipelineStateManager (PipelineStateManager.java:addPipeline(56)) - Created pipeline Pipeline[ Id: 865cbba9-fbbb-48b8-8040-43ece61c6805, Nodes: 9b918566-8d2f-4f38-9ce1-65f5cd084216{ip: 192.168.36.79, host: pr-hdds-1569-s8kj2-2266485376, networkLocation: /default-rack, certSerialId: null}, Type:RATIS, Factor:ONE, State:OPEN]
2019-09-20 05:49:59,141 [grpc-default-executor-1] INFO  impl.RaftServerProxy (RaftServerProxy.java:addNew(89)) - 9b918566-8d2f-4f38-9ce1-65f5cd084216: addNew group-2122D3B7D5AD:[9b918566-8d2f-4f38-9ce1-65f5cd084216:192.168.36.79:46843] returns group-2122D3B7D5AD:java.util.concurrent.CompletableFuture@4ed09799[Not completed]
2019-09-20 05:49:59,142 [pool-57-thread-1] INFO  impl.RaftServerImpl (RaftServerImpl.java:<init>(93)) - 9b918566-8d2f-4f38-9ce1-65f5cd084216: new RaftServerImpl for group-2122D3B7D5AD:[9b918566-8d2f-4f38-9ce1-65f5cd084216:192.168.36.79:46843] with ContainerStateMachine:uninitialized
2019-09-20 05:49:59,142 [pool-57-thread-1] INFO  server.RaftServerConfigKeys (ConfUtils.java:logGet(43)) - raft.server.rpc.timeout.min = 5s (custom)
2019-09-20 05:49:59,142 [pool-57-thread-1] INFO  server.RaftServerConfigKeys (ConfUtils.java:logGet(43)) - raft.server.rpc.timeout.max = 5200ms (custom)
2019-09-20 05:49:59,143 [pool-57-thread-1] INFO  server.RaftServerConfigKeys (ConfUtils.java:logGet(43)) - raft.server.rpcslowness.timeout = 120s (custom)
2019-09-20 05:49:59,143 [pool-57-thread-1] INFO  server.RaftServerConfigKeys (ConfUtils.java:logGet(43)) - raft.server.sleep.deviation.threshold = 300 (default)
2019-09-20 05:49:59,143 [pool-57-thread-1] INFO  server.RaftServerConfigKeys (ConfUtils.java:logGet(43)) - raft.server.log.appender.install.snapshot.enabled = false (custom)
2019-09-20 05:49:59,143 [pool-57-thread-1] INFO  impl.RaftServerImpl (ServerState.java:<init>(105)) - 9b918566-8d2f-4f38-9ce1-65f5cd084216:group-2122D3B7D5AD ConfigurationManager, init=-1: [9b918566-8d2f-4f38-9ce1-65f5cd084216:192.168.36.79:46843], old=null, confs=<EMPTY_MAP>
2019-09-20 05:49:59,143 [pool-57-thread-1] INFO  server.RaftServerConfigKeys (ConfUtils.java:logGet(43)) - raft.server.storage.dir = [/workdir/hadoop-ozone/integration-test/target/test-dir/MiniOzoneClusterImpl-29dd0c8c-da21-41d6-af77-5f0a65600fbb/datanode-0/data/ratis] (custom)
2019-09-20 05:49:59,144 [pool-57-thread-1] INFO  storage.RaftStorageDirectory (RaftStorageDirectory.java:analyzeStorage(246)) - The storage directory /workdir/hadoop-ozone/integration-test/target/test-dir/MiniOzoneClusterImpl-29dd0c8c-da21-41d6-af77-5f0a65600fbb/datanode-0/data/ratis/b12902f7-797e-4e11-8d87-2122d3b7d5ad does not exist. Creating ...
2019-09-20 05:49:59,173 [pool-57-thread-1] INFO  storage.RaftStorageDirectory (RaftStorageDirectory.java:tryLock(328)) - Lock on /workdir/hadoop-ozone/integration-test/target/test-dir/MiniOzoneClusterImpl-29dd0c8c-da21-41d6-af77-5f0a65600fbb/datanode-0/data/ratis/b12902f7-797e-4e11-8d87-2122d3b7d5ad/in_use.lock acquired by nodename 6907@pr-hdds-1569-s8kj2-2266485376
2019-09-20 05:49:59,199 | INFO  | SCMAudit | user=jenkins1000 | ip=192.168.36.79 | op=SEND_HEARTBEAT {datanodeUUID=9b918566-8d2f-4f38-9ce1-65f5cd084216, command=[]} | ret=SUCCESS |  
2019-09-20 05:49:59,205 [pool-57-thread-1] INFO  storage.RaftStorage (RaftStorage.java:format(72)) - Storage directory /workdir/hadoop-ozone/integration-test/target/test-dir/MiniOzoneClusterImpl-29dd0c8c-da21-41d6-af77-5f0a65600fbb/datanode-0/data/ratis/b12902f7-797e-4e11-8d87-2122d3b7d5ad has been successfully formatted.
2019-09-20 05:49:59,206 [pool-57-thread-1] INFO  ratis.ContainerStateMachine (ContainerStateMachine.java:loadSnapshot(226)) - group-2122D3B7D5AD: The snapshot info is null. Setting the last applied indexto:(t:0, i:~)
2019-09-20 05:49:59,206 [pool-57-thread-1] INFO  server.RaftServerConfigKeys (ConfUtils.java:logGet(43)) - raft.server.leader.election.timeout = 120s (custom)
2019-09-20 05:49:59,206 [pool-57-thread-1] INFO  server.RaftServerConfigKeys (ConfUtils.java:logGet(43)) - raft.server.log.use.memory = false (default)
2019-09-20 05:49:59,206 [pool-57-thread-1] INFO  server.RaftServerConfigKeys (ConfUtils.java:logGet(43)) - raft.server.log.purge.gap = 1000000 (custom)
2019-09-20 05:49:59,206 [pool-57-thread-1] INFO  server.RaftServerConfigKeys (ConfUtils.java:logGet(43)) - raft.server.log.appender.buffer.byte-limit = 33554432 (custom)
2019-09-20 05:49:59,206 [pool-57-thread-1] INFO  server.RaftServerConfigKeys (ConfUtils.java:logGet(43)) - raft.server.log.segment.size.max = 1048576 (custom)
2019-09-20 05:49:59,206 [pool-57-thread-1] INFO  server.RaftServerConfigKeys (ConfUtils.java:logGet(43)) - raft.server.log.segment.cache.num.max = 2 (custom)
2019-09-20 05:49:59,206 [pool-57-thread-1] INFO  segmented.SegmentedRaftLogWorker (SegmentedRaftLogWorker.java:<init>(172)) - new 9b918566-8d2f-4f38-9ce1-65f5cd084216-SegmentedRaftLogWorker:Storage Directory /workdir/hadoop-ozone/integration-test/target/test-dir/MiniOzoneClusterImpl-29dd0c8c-da21-41d6-af77-5f0a65600fbb/datanode-0/data/ratis/b12902f7-797e-4e11-8d87-2122d3b7d5ad for RaftStorage:Storage Directory /workdir/hadoop-ozone/integration-test/target/test-dir/MiniOzoneClusterImpl-29dd0c8c-da21-41d6-af77-5f0a65600fbb/datanode-0/data/ratis/b12902f7-797e-4e11-8d87-2122d3b7d5ad
2019-09-20 05:49:59,207 [pool-57-thread-1] INFO  server.RaftServerConfigKeys (ConfUtils.java:logGet(43)) - raft.server.log.queue.byte-limit = 2147483647 (custom)
2019-09-20 05:49:59,207 [pool-57-thread-1] INFO  server.RaftServerConfigKeys (ConfUtils.java:logGet(43)) - raft.server.log.queue.element-limit = 1024 (custom)
2019-09-20 05:49:59,207 [pool-57-thread-1] INFO  server.RaftServerConfigKeys (ConfUtils.java:logGet(43)) - raft.server.log.segment.size.max = 1048576 (custom)
2019-09-20 05:49:59,207 [pool-57-thread-1] INFO  server.RaftServerConfigKeys (ConfUtils.java:logGet(43)) - raft.server.log.preallocated.size = 16384 (custom)
2019-09-20 05:49:59,207 [pool-57-thread-1] INFO  server.RaftServerConfigKeys (ConfUtils.java:logGet(43)) - raft.server.log.write.buffer.size = 33554432 (custom)
2019-09-20 05:49:59,207 [pool-57-thread-1] INFO  server.RaftServerConfigKeys (ConfUtils.java:logGet(43)) - raft.server.log.force.sync.num = 128 (default)
2019-09-20 05:49:59,207 [pool-57-thread-1] INFO  server.RaftServerConfigKeys (ConfUtils.java:logGet(43)) - raft.server.log.statemachine.data.sync = true (default)
2019-09-20 05:49:59,208 [pool-57-thread-1] INFO  server.RaftServerConfigKeys (ConfUtils.java:logGet(43)) - raft.server.log.statemachine.data.sync.timeout = 10s (default)
2019-09-20 05:49:59,208 [pool-57-thread-1] INFO  server.RaftServerConfigKeys (ConfUtils.java:logGet(43)) - raft.server.log.statemachine.data.sync.timeout.retry = -1 (default)
2019-09-20 05:49:59,208 [pool-57-thread-1] INFO  server.RaftServerConfigKeys (ConfUtils.java:logGet(43)) - raft.server.log.statemachine.data.caching.enabled = true (custom)
2019-09-20 05:49:59,208 [pool-57-thread-1] INFO  segmented.SegmentedRaftLogWorker (SegmentedRaftLogWorker.java:lambda$new$0(132)) - 9b918566-8d2f-4f38-9ce1-65f5cd084216-SegmentedRaftLogWorker:Storage Directory /workdir/hadoop-ozone/integration-test/target/test-dir/MiniOzoneClusterImpl-29dd0c8c-da21-41d6-af77-5f0a65600fbb/datanode-0/data/ratis/b12902f7-797e-4e11-8d87-2122d3b7d5ad: flushIndex: setUnconditionally 0 -> -1
2019-09-20 05:49:59,208 [pool-57-thread-1] INFO  server.RaftServerConfigKeys (ConfUtils.java:logGet(43)) - raft.server.snapshot.auto.trigger.enabled = true (custom)
2019-09-20 05:49:59,209 [pool-57-thread-1] INFO  server.RaftServerConfigKeys (ConfUtils.java:logGet(43)) - raft.server.snapshot.auto.trigger.threshold = 1 (custom)
2019-09-20 05:49:59,209 [pool-57-thread-1] INFO  server.RaftServerConfigKeys (ConfUtils.java:logGet(43)) - raft.server.retrycache.expirytime = 600000ms (custom)
2019-09-20 05:49:59,209 [pool-57-thread-1] INFO  impl.RaftServerImpl (RaftServerImpl.java:start(180)) - 9b918566-8d2f-4f38-9ce1-65f5cd084216: start group-2122D3B7D5AD
2019-09-20 05:49:59,209 [pool-57-thread-1] INFO  impl.RaftServerImpl (RaftServerImpl.java:setRole(171)) - 9b918566-8d2f-4f38-9ce1-65f5cd084216:group-2122D3B7D5AD changes role from null to FOLLOWER at term 0 for startAsFollower
2019-09-20 05:49:59,209 [pool-57-thread-1] INFO  impl.RoleInfo (RoleInfo.java:updateAndGet(143)) - 9b918566-8d2f-4f38-9ce1-65f5cd084216: start FollowerState
2019-09-20 05:49:59,209 [pool-57-thread-1] INFO  util.JmxRegister (JmxRegister.java:tryRegister(44)) - Successfully registered JMX Bean with object name Ratis:service=RaftServer,group=group-2122D3B7D5AD,id=9b918566-8d2f-4f38-9ce1-65f5cd084216
2019-09-20 05:49:59,211 [RatisPipelineUtilsThread] INFO  pipeline.PipelineStateManager (PipelineStateManager.java:addPipeline(56)) - Created pipeline Pipeline[ Id: b12902f7-797e-4e11-8d87-2122d3b7d5ad, Nodes: 9b918566-8d2f-4f38-9ce1-65f5cd084216{ip: 192.168.36.79, host: pr-hdds-1569-s8kj2-2266485376, networkLocation: /default-rack, certSerialId: null}, Type:RATIS, Factor:ONE, State:OPEN]
2019-09-20 05:49:59,214 [grpc-default-executor-1] INFO  impl.RaftServerProxy (RaftServerProxy.java:addNew(89)) - 9b918566-8d2f-4f38-9ce1-65f5cd084216: addNew group-641E6D60B548:[9b918566-8d2f-4f38-9ce1-65f5cd084216:192.168.36.79:46843] returns group-641E6D60B548:java.util.concurrent.CompletableFuture@7b265b21[Not completed]
2019-09-20 05:49:59,215 [pool-57-thread-1] INFO  impl.RaftServerImpl (RaftServerImpl.java:<init>(93)) - 9b918566-8d2f-4f38-9ce1-65f5cd084216: new RaftServerImpl for group-641E6D60B548:[9b918566-8d2f-4f38-9ce1-65f5cd084216:192.168.36.79:46843] with ContainerStateMachine:uninitialized
2019-09-20 05:49:59,215 [pool-57-thread-1] INFO  server.RaftServerConfigKeys (ConfUtils.java:logGet(43)) - raft.server.rpc.timeout.min = 5s (custom)
2019-09-20 05:49:59,215 [pool-57-thread-1] INFO  server.RaftServerConfigKeys (ConfUtils.java:logGet(43)) - raft.server.rpc.timeout.max = 5200ms (custom)
2019-09-20 05:49:59,215 [pool-57-thread-1] INFO  server.RaftServerConfigKeys (ConfUtils.java:logGet(43)) - raft.server.rpcslowness.timeout = 120s (custom)
2019-09-20 05:49:59,216 [pool-57-thread-1] INFO  server.RaftServerConfigKeys (ConfUtils.java:logGet(43)) - raft.server.sleep.deviation.threshold = 300 (default)
2019-09-20 05:49:59,216 [pool-57-thread-1] INFO  server.RaftServerConfigKeys (ConfUtils.java:logGet(43)) - raft.server.log.appender.install.snapshot.enabled = false (custom)
2019-09-20 05:49:59,216 [pool-57-thread-1] INFO  impl.RaftServerImpl (ServerState.java:<init>(105)) - 9b918566-8d2f-4f38-9ce1-65f5cd084216:group-641E6D60B548 ConfigurationManager, init=-1: [9b918566-8d2f-4f38-9ce1-65f5cd084216:192.168.36.79:46843], old=null, confs=<EMPTY_MAP>
2019-09-20 05:49:59,216 [pool-57-thread-1] INFO  server.RaftServerConfigKeys (ConfUtils.java:logGet(43)) - raft.server.storage.dir = [/workdir/hadoop-ozone/integration-test/target/test-dir/MiniOzoneClusterImpl-29dd0c8c-da21-41d6-af77-5f0a65600fbb/datanode-0/data/ratis] (custom)
2019-09-20 05:49:59,217 [pool-57-thread-1] INFO  storage.RaftStorageDirectory (RaftStorageDirectory.java:analyzeStorage(246)) - The storage directory /workdir/hadoop-ozone/integration-test/target/test-dir/MiniOzoneClusterImpl-29dd0c8c-da21-41d6-af77-5f0a65600fbb/datanode-0/data/ratis/8d398347-5045-4661-9084-641e6d60b548 does not exist. Creating ...
2019-09-20 05:49:59,238 [pool-57-thread-1] INFO  storage.RaftStorageDirectory (RaftStorageDirectory.java:tryLock(328)) - Lock on /workdir/hadoop-ozone/integration-test/target/test-dir/MiniOzoneClusterImpl-29dd0c8c-da21-41d6-af77-5f0a65600fbb/datanode-0/data/ratis/8d398347-5045-4661-9084-641e6d60b548/in_use.lock acquired by nodename 6907@pr-hdds-1569-s8kj2-2266485376
2019-09-20 05:49:59,264 [pool-57-thread-1] INFO  storage.RaftStorage (RaftStorage.java:format(72)) - Storage directory /workdir/hadoop-ozone/integration-test/target/test-dir/MiniOzoneClusterImpl-29dd0c8c-da21-41d6-af77-5f0a65600fbb/datanode-0/data/ratis/8d398347-5045-4661-9084-641e6d60b548 has been successfully formatted.
2019-09-20 05:49:59,265 [pool-57-thread-1] INFO  ratis.ContainerStateMachine (ContainerStateMachine.java:loadSnapshot(226)) - group-641E6D60B548: The snapshot info is null. Setting the last applied indexto:(t:0, i:~)
2019-09-20 05:49:59,265 [pool-57-thread-1] INFO  server.RaftServerConfigKeys (ConfUtils.java:logGet(43)) - raft.server.leader.election.timeout = 120s (custom)
2019-09-20 05:49:59,265 [pool-57-thread-1] INFO  server.RaftServerConfigKeys (ConfUtils.java:logGet(43)) - raft.server.log.use.memory = false (default)
2019-09-20 05:49:59,265 [pool-57-thread-1] INFO  server.RaftServerConfigKeys (ConfUtils.java:logGet(43)) - raft.server.log.purge.gap = 1000000 (custom)
2019-09-20 05:49:59,265 [pool-57-thread-1] INFO  server.RaftServerConfigKeys (ConfUtils.java:logGet(43)) - raft.server.log.appender.buffer.byte-limit = 33554432 (custom)
2019-09-20 05:49:59,265 [pool-57-thread-1] INFO  server.RaftServerConfigKeys (ConfUtils.java:logGet(43)) - raft.server.log.segment.size.max = 1048576 (custom)
2019-09-20 05:49:59,266 [pool-57-thread-1] INFO  server.RaftServerConfigKeys (ConfUtils.java:logGet(43)) - raft.server.log.segment.cache.num.max = 2 (custom)
2019-09-20 05:49:59,266 [pool-57-thread-1] INFO  segmented.SegmentedRaftLogWorker (SegmentedRaftLogWorker.java:<init>(172)) - new 9b918566-8d2f-4f38-9ce1-65f5cd084216-SegmentedRaftLogWorker:Storage Directory /workdir/hadoop-ozone/integration-test/target/test-dir/MiniOzoneClusterImpl-29dd0c8c-da21-41d6-af77-5f0a65600fbb/datanode-0/data/ratis/8d398347-5045-4661-9084-641e6d60b548 for RaftStorage:Storage Directory /workdir/hadoop-ozone/integration-test/target/test-dir/MiniOzoneClusterImpl-29dd0c8c-da21-41d6-af77-5f0a65600fbb/datanode-0/data/ratis/8d398347-5045-4661-9084-641e6d60b548
2019-09-20 05:49:59,266 [pool-57-thread-1] INFO  server.RaftServerConfigKeys (ConfUtils.java:logGet(43)) - raft.server.log.queue.byte-limit = 2147483647 (custom)
2019-09-20 05:49:59,266 [pool-57-thread-1] INFO  server.RaftServerConfigKeys (ConfUtils.java:logGet(43)) - raft.server.log.queue.element-limit = 1024 (custom)
2019-09-20 05:49:59,266 [pool-57-thread-1] INFO  server.RaftServerConfigKeys (ConfUtils.java:logGet(43)) - raft.server.log.segment.size.max = 1048576 (custom)
2019-09-20 05:49:59,266 [pool-57-thread-1] INFO  server.RaftServerConfigKeys (ConfUtils.java:logGet(43)) - raft.server.log.preallocated.size = 16384 (custom)
2019-09-20 05:49:59,266 [pool-57-thread-1] INFO  server.RaftServerConfigKeys (ConfUtils.java:logGet(43)) - raft.server.log.write.buffer.size = 33554432 (custom)
2019-09-20 05:49:59,267 [pool-57-thread-1] INFO  server.RaftServerConfigKeys (ConfUtils.java:logGet(43)) - raft.server.log.force.sync.num = 128 (default)
2019-09-20 05:49:59,267 [pool-57-thread-1] INFO  server.RaftServerConfigKeys (ConfUtils.java:logGet(43)) - raft.server.log.statemachine.data.sync = true (default)
2019-09-20 05:49:59,267 [pool-57-thread-1] INFO  server.RaftServerConfigKeys (ConfUtils.java:logGet(43)) - raft.server.log.statemachine.data.sync.timeout = 10s (default)
2019-09-20 05:49:59,267 [pool-57-thread-1] INFO  server.RaftServerConfigKeys (ConfUtils.java:logGet(43)) - raft.server.log.statemachine.data.sync.timeout.retry = -1 (default)
2019-09-20 05:49:59,267 [pool-57-thread-1] INFO  server.RaftServerConfigKeys (ConfUtils.java:logGet(43)) - raft.server.log.statemachine.data.caching.enabled = true (custom)
2019-09-20 05:49:59,267 [pool-57-thread-1] INFO  segmented.SegmentedRaftLogWorker (SegmentedRaftLogWorker.java:lambda$new$0(132)) - 9b918566-8d2f-4f38-9ce1-65f5cd084216-SegmentedRaftLogWorker:Storage Directory /workdir/hadoop-ozone/integration-test/target/test-dir/MiniOzoneClusterImpl-29dd0c8c-da21-41d6-af77-5f0a65600fbb/datanode-0/data/ratis/8d398347-5045-4661-9084-641e6d60b548: flushIndex: setUnconditionally 0 -> -1
2019-09-20 05:49:59,268 [pool-57-thread-1] INFO  server.RaftServerConfigKeys (ConfUtils.java:logGet(43)) - raft.server.snapshot.auto.trigger.enabled = true (custom)
2019-09-20 05:49:59,268 [pool-57-thread-1] INFO  server.RaftServerConfigKeys (ConfUtils.java:logGet(43)) - raft.server.snapshot.auto.trigger.threshold = 1 (custom)
2019-09-20 05:49:59,268 [pool-57-thread-1] INFO  server.RaftServerConfigKeys (ConfUtils.java:logGet(43)) - raft.server.retrycache.expirytime = 600000ms (custom)
2019-09-20 05:49:59,268 [pool-57-thread-1] INFO  impl.RaftServerImpl (RaftServerImpl.java:start(180)) - 9b918566-8d2f-4f38-9ce1-65f5cd084216: start group-641E6D60B548
2019-09-20 05:49:59,268 [pool-57-thread-1] INFO  impl.RaftServerImpl (RaftServerImpl.java:setRole(171)) - 9b918566-8d2f-4f38-9ce1-65f5cd084216:group-641E6D60B548 changes role from null to FOLLOWER at term 0 for startAsFollower
2019-09-20 05:49:59,268 [pool-57-thread-1] INFO  impl.RoleInfo (RoleInfo.java:updateAndGet(143)) - 9b918566-8d2f-4f38-9ce1-65f5cd084216: start FollowerState
2019-09-20 05:49:59,269 [pool-57-thread-1] INFO  util.JmxRegister (JmxRegister.java:tryRegister(44)) - Successfully registered JMX Bean with object name Ratis:service=RaftServer,group=group-641E6D60B548,id=9b918566-8d2f-4f38-9ce1-65f5cd084216
2019-09-20 05:49:59,270 [RatisPipelineUtilsThread] INFO  pipeline.PipelineStateManager (PipelineStateManager.java:addPipeline(56)) - Created pipeline Pipeline[ Id: 8d398347-5045-4661-9084-641e6d60b548, Nodes: 9b918566-8d2f-4f38-9ce1-65f5cd084216{ip: 192.168.36.79, host: pr-hdds-1569-s8kj2-2266485376, networkLocation: /default-rack, certSerialId: null}, Type:RATIS, Factor:ONE, State:OPEN]
2019-09-20 05:49:59,273 [grpc-default-executor-1] INFO  impl.RaftServerProxy (RaftServerProxy.java:addNew(89)) - 9b918566-8d2f-4f38-9ce1-65f5cd084216: addNew group-ED930E40D01E:[9b918566-8d2f-4f38-9ce1-65f5cd084216:192.168.36.79:46843] returns group-ED930E40D01E:java.util.concurrent.CompletableFuture@3e937341[Not completed]
2019-09-20 05:49:59,274 [pool-57-thread-1] INFO  impl.RaftServerImpl (RaftServerImpl.java:<init>(93)) - 9b918566-8d2f-4f38-9ce1-65f5cd084216: new RaftServerImpl for group-ED930E40D01E:[9b918566-8d2f-4f38-9ce1-65f5cd084216:192.168.36.79:46843] with ContainerStateMachine:uninitialized
2019-09-20 05:49:59,274 [pool-57-thread-1] INFO  server.RaftServerConfigKeys (ConfUtils.java:logGet(43)) - raft.server.rpc.timeout.min = 5s (custom)
2019-09-20 05:49:59,274 [pool-57-thread-1] INFO  server.RaftServerConfigKeys (ConfUtils.java:logGet(43)) - raft.server.rpc.timeout.max = 5200ms (custom)
2019-09-20 05:49:59,274 [pool-57-thread-1] INFO  server.RaftServerConfigKeys (ConfUtils.java:logGet(43)) - raft.server.rpcslowness.timeout = 120s (custom)
2019-09-20 05:49:59,274 [pool-57-thread-1] INFO  server.RaftServerConfigKeys (ConfUtils.java:logGet(43)) - raft.server.sleep.deviation.threshold = 300 (default)
2019-09-20 05:49:59,274 [pool-57-thread-1] INFO  server.RaftServerConfigKeys (ConfUtils.java:logGet(43)) - raft.server.log.appender.install.snapshot.enabled = false (custom)
2019-09-20 05:49:59,274 [pool-57-thread-1] INFO  impl.RaftServerImpl (ServerState.java:<init>(105)) - 9b918566-8d2f-4f38-9ce1-65f5cd084216:group-ED930E40D01E ConfigurationManager, init=-1: [9b918566-8d2f-4f38-9ce1-65f5cd084216:192.168.36.79:46843], old=null, confs=<EMPTY_MAP>
2019-09-20 05:49:59,275 [pool-57-thread-1] INFO  server.RaftServerConfigKeys (ConfUtils.java:logGet(43)) - raft.server.storage.dir = [/workdir/hadoop-ozone/integration-test/target/test-dir/MiniOzoneClusterImpl-29dd0c8c-da21-41d6-af77-5f0a65600fbb/datanode-0/data/ratis] (custom)
2019-09-20 05:49:59,275 [pool-57-thread-1] INFO  storage.RaftStorageDirectory (RaftStorageDirectory.java:analyzeStorage(246)) - The storage directory /workdir/hadoop-ozone/integration-test/target/test-dir/MiniOzoneClusterImpl-29dd0c8c-da21-41d6-af77-5f0a65600fbb/datanode-0/data/ratis/1e9d161b-152e-47f8-9b34-ed930e40d01e does not exist. Creating ...
2019-09-20 05:49:59,290 [pool-57-thread-1] INFO  storage.RaftStorageDirectory (RaftStorageDirectory.java:tryLock(328)) - Lock on /workdir/hadoop-ozone/integration-test/target/test-dir/MiniOzoneClusterImpl-29dd0c8c-da21-41d6-af77-5f0a65600fbb/datanode-0/data/ratis/1e9d161b-152e-47f8-9b34-ed930e40d01e/in_use.lock acquired by nodename 6907@pr-hdds-1569-s8kj2-2266485376
2019-09-20 05:49:59,308 [pool-57-thread-1] INFO  storage.RaftStorage (RaftStorage.java:format(72)) - Storage directory /workdir/hadoop-ozone/integration-test/target/test-dir/MiniOzoneClusterImpl-29dd0c8c-da21-41d6-af77-5f0a65600fbb/datanode-0/data/ratis/1e9d161b-152e-47f8-9b34-ed930e40d01e has been successfully formatted.
2019-09-20 05:49:59,308 [pool-57-thread-1] INFO  ratis.ContainerStateMachine (ContainerStateMachine.java:loadSnapshot(226)) - group-ED930E40D01E: The snapshot info is null. Setting the last applied indexto:(t:0, i:~)
2019-09-20 05:49:59,308 [pool-57-thread-1] INFO  server.RaftServerConfigKeys (ConfUtils.java:logGet(43)) - raft.server.leader.election.timeout = 120s (custom)
2019-09-20 05:49:59,308 [pool-57-thread-1] INFO  server.RaftServerConfigKeys (ConfUtils.java:logGet(43)) - raft.server.log.use.memory = false (default)
2019-09-20 05:49:59,309 [pool-57-thread-1] INFO  server.RaftServerConfigKeys (ConfUtils.java:logGet(43)) - raft.server.log.purge.gap = 1000000 (custom)
2019-09-20 05:49:59,309 [pool-57-thread-1] INFO  server.RaftServerConfigKeys (ConfUtils.java:logGet(43)) - raft.server.log.appender.buffer.byte-limit = 33554432 (custom)
2019-09-20 05:49:59,309 [pool-57-thread-1] INFO  server.RaftServerConfigKeys (ConfUtils.java:logGet(43)) - raft.server.log.segment.size.max = 1048576 (custom)
2019-09-20 05:49:59,309 [pool-57-thread-1] INFO  server.RaftServerConfigKeys (ConfUtils.java:logGet(43)) - raft.server.log.segment.cache.num.max = 2 (custom)
2019-09-20 05:49:59,309 [pool-57-thread-1] INFO  segmented.SegmentedRaftLogWorker (SegmentedRaftLogWorker.java:<init>(172)) - new 9b918566-8d2f-4f38-9ce1-65f5cd084216-SegmentedRaftLogWorker:Storage Directory /workdir/hadoop-ozone/integration-test/target/test-dir/MiniOzoneClusterImpl-29dd0c8c-da21-41d6-af77-5f0a65600fbb/datanode-0/data/ratis/1e9d161b-152e-47f8-9b34-ed930e40d01e for RaftStorage:Storage Directory /workdir/hadoop-ozone/integration-test/target/test-dir/MiniOzoneClusterImpl-29dd0c8c-da21-41d6-af77-5f0a65600fbb/datanode-0/data/ratis/1e9d161b-152e-47f8-9b34-ed930e40d01e
2019-09-20 05:49:59,309 [pool-57-thread-1] INFO  server.RaftServerConfigKeys (ConfUtils.java:logGet(43)) - raft.server.log.queue.byte-limit = 2147483647 (custom)
2019-09-20 05:49:59,309 [pool-57-thread-1] INFO  server.RaftServerConfigKeys (ConfUtils.java:logGet(43)) - raft.server.log.queue.element-limit = 1024 (custom)
2019-09-20 05:49:59,309 [pool-57-thread-1] INFO  server.RaftServerConfigKeys (ConfUtils.java:logGet(43)) - raft.server.log.segment.size.max = 1048576 (custom)
2019-09-20 05:49:59,310 [pool-57-thread-1] INFO  server.RaftServerConfigKeys (ConfUtils.java:logGet(43)) - raft.server.log.preallocated.size = 16384 (custom)
2019-09-20 05:49:59,310 [pool-57-thread-1] INFO  server.RaftServerConfigKeys (ConfUtils.java:logGet(43)) - raft.server.log.write.buffer.size = 33554432 (custom)
2019-09-20 05:49:59,310 [pool-57-thread-1] INFO  server.RaftServerConfigKeys (ConfUtils.java:logGet(43)) - raft.server.log.force.sync.num = 128 (default)
2019-09-20 05:49:59,310 [pool-57-thread-1] INFO  server.RaftServerConfigKeys (ConfUtils.java:logGet(43)) - raft.server.log.statemachine.data.sync = true (default)
2019-09-20 05:49:59,310 [pool-57-thread-1] INFO  server.RaftServerConfigKeys (ConfUtils.java:logGet(43)) - raft.server.log.statemachine.data.sync.timeout = 10s (default)
2019-09-20 05:49:59,310 [pool-57-thread-1] INFO  server.RaftServerConfigKeys (ConfUtils.java:logGet(43)) - raft.server.log.statemachine.data.sync.timeout.retry = -1 (default)
2019-09-20 05:49:59,310 [pool-57-thread-1] INFO  server.RaftServerConfigKeys (ConfUtils.java:logGet(43)) - raft.server.log.statemachine.data.caching.enabled = true (custom)
2019-09-20 05:49:59,311 [pool-57-thread-1] INFO  segmented.SegmentedRaftLogWorker (SegmentedRaftLogWorker.java:lambda$new$0(132)) - 9b918566-8d2f-4f38-9ce1-65f5cd084216-SegmentedRaftLogWorker:Storage Directory /workdir/hadoop-ozone/integration-test/target/test-dir/MiniOzoneClusterImpl-29dd0c8c-da21-41d6-af77-5f0a65600fbb/datanode-0/data/ratis/1e9d161b-152e-47f8-9b34-ed930e40d01e: flushIndex: setUnconditionally 0 -> -1
2019-09-20 05:49:59,311 [pool-57-thread-1] INFO  server.RaftServerConfigKeys (ConfUtils.java:logGet(43)) - raft.server.snapshot.auto.trigger.enabled = true (custom)
2019-09-20 05:49:59,311 [pool-57-thread-1] INFO  server.RaftServerConfigKeys (ConfUtils.java:logGet(43)) - raft.server.snapshot.auto.trigger.threshold = 1 (custom)
2019-09-20 05:49:59,311 [pool-57-thread-1] INFO  server.RaftServerConfigKeys (ConfUtils.java:logGet(43)) - raft.server.retrycache.expirytime = 600000ms (custom)
2019-09-20 05:49:59,311 [pool-57-thread-1] INFO  impl.RaftServerImpl (RaftServerImpl.java:start(180)) - 9b918566-8d2f-4f38-9ce1-65f5cd084216: start group-ED930E40D01E
2019-09-20 05:49:59,311 [pool-57-thread-1] INFO  impl.RaftServerImpl (RaftServerImpl.java:setRole(171)) - 9b918566-8d2f-4f38-9ce1-65f5cd084216:group-ED930E40D01E changes role from null to FOLLOWER at term 0 for startAsFollower
2019-09-20 05:49:59,312 [pool-57-thread-1] INFO  impl.RoleInfo (RoleInfo.java:updateAndGet(143)) - 9b918566-8d2f-4f38-9ce1-65f5cd084216: start FollowerState
2019-09-20 05:49:59,312 [pool-57-thread-1] INFO  util.JmxRegister (JmxRegister.java:tryRegister(44)) - Successfully registered JMX Bean with object name Ratis:service=RaftServer,group=group-ED930E40D01E,id=9b918566-8d2f-4f38-9ce1-65f5cd084216
2019-09-20 05:49:59,313 [RatisPipelineUtilsThread] INFO  pipeline.PipelineStateManager (PipelineStateManager.java:addPipeline(56)) - Created pipeline Pipeline[ Id: 1e9d161b-152e-47f8-9b34-ed930e40d01e, Nodes: 9b918566-8d2f-4f38-9ce1-65f5cd084216{ip: 192.168.36.79, host: pr-hdds-1569-s8kj2-2266485376, networkLocation: /default-rack, certSerialId: null}, Type:RATIS, Factor:ONE, State:OPEN]
2019-09-20 05:49:59,316 [grpc-default-executor-1] INFO  impl.RaftServerProxy (RaftServerProxy.java:addNew(89)) - 9b918566-8d2f-4f38-9ce1-65f5cd084216: addNew group-404A532F4CF2:[9b918566-8d2f-4f38-9ce1-65f5cd084216:192.168.36.79:46843] returns group-404A532F4CF2:java.util.concurrent.CompletableFuture@3f5bcf90[Not completed]
2019-09-20 05:49:59,317 [pool-57-thread-1] INFO  impl.RaftServerImpl (RaftServerImpl.java:<init>(93)) - 9b918566-8d2f-4f38-9ce1-65f5cd084216: new RaftServerImpl for group-404A532F4CF2:[9b918566-8d2f-4f38-9ce1-65f5cd084216:192.168.36.79:46843] with ContainerStateMachine:uninitialized
2019-09-20 05:49:59,317 [pool-57-thread-1] INFO  server.RaftServerConfigKeys (ConfUtils.java:logGet(43)) - raft.server.rpc.timeout.min = 5s (custom)
2019-09-20 05:49:59,317 [pool-57-thread-1] INFO  server.RaftServerConfigKeys (ConfUtils.java:logGet(43)) - raft.server.rpc.timeout.max = 5200ms (custom)
2019-09-20 05:49:59,318 [pool-57-thread-1] INFO  server.RaftServerConfigKeys (ConfUtils.java:logGet(43)) - raft.server.rpcslowness.timeout = 120s (custom)
2019-09-20 05:49:59,318 [pool-57-thread-1] INFO  server.RaftServerConfigKeys (ConfUtils.java:logGet(43)) - raft.server.sleep.deviation.threshold = 300 (default)
2019-09-20 05:49:59,318 [pool-57-thread-1] INFO  server.RaftServerConfigKeys (ConfUtils.java:logGet(43)) - raft.server.log.appender.install.snapshot.enabled = false (custom)
2019-09-20 05:49:59,318 [pool-57-thread-1] INFO  impl.RaftServerImpl (ServerState.java:<init>(105)) - 9b918566-8d2f-4f38-9ce1-65f5cd084216:group-404A532F4CF2 ConfigurationManager, init=-1: [9b918566-8d2f-4f38-9ce1-65f5cd084216:192.168.36.79:46843], old=null, confs=<EMPTY_MAP>
2019-09-20 05:49:59,318 [pool-57-thread-1] INFO  server.RaftServerConfigKeys (ConfUtils.java:logGet(43)) - raft.server.storage.dir = [/workdir/hadoop-ozone/integration-test/target/test-dir/MiniOzoneClusterImpl-29dd0c8c-da21-41d6-af77-5f0a65600fbb/datanode-0/data/ratis] (custom)
2019-09-20 05:49:59,319 [pool-57-thread-1] INFO  storage.RaftStorageDirectory (RaftStorageDirectory.java:analyzeStorage(246)) - The storage directory /workdir/hadoop-ozone/integration-test/target/test-dir/MiniOzoneClusterImpl-29dd0c8c-da21-41d6-af77-5f0a65600fbb/datanode-0/data/ratis/c4cef75e-04c2-4cbf-93d2-404a532f4cf2 does not exist. Creating ...
2019-09-20 05:49:59,340 [pool-57-thread-1] INFO  storage.RaftStorageDirectory (RaftStorageDirectory.java:tryLock(328)) - Lock on /workdir/hadoop-ozone/integration-test/target/test-dir/MiniOzoneClusterImpl-29dd0c8c-da21-41d6-af77-5f0a65600fbb/datanode-0/data/ratis/c4cef75e-04c2-4cbf-93d2-404a532f4cf2/in_use.lock acquired by nodename 6907@pr-hdds-1569-s8kj2-2266485376
2019-09-20 05:49:59,359 [pool-57-thread-1] INFO  storage.RaftStorage (RaftStorage.java:format(72)) - Storage directory /workdir/hadoop-ozone/integration-test/target/test-dir/MiniOzoneClusterImpl-29dd0c8c-da21-41d6-af77-5f0a65600fbb/datanode-0/data/ratis/c4cef75e-04c2-4cbf-93d2-404a532f4cf2 has been successfully formatted.
2019-09-20 05:49:59,359 [pool-57-thread-1] INFO  ratis.ContainerStateMachine (ContainerStateMachine.java:loadSnapshot(226)) - group-404A532F4CF2: The snapshot info is null. Setting the last applied indexto:(t:0, i:~)
2019-09-20 05:49:59,359 [pool-57-thread-1] INFO  server.RaftServerConfigKeys (ConfUtils.java:logGet(43)) - raft.server.leader.election.timeout = 120s (custom)
2019-09-20 05:49:59,359 [pool-57-thread-1] INFO  server.RaftServerConfigKeys (ConfUtils.java:logGet(43)) - raft.server.log.use.memory = false (default)
2019-09-20 05:49:59,359 [pool-57-thread-1] INFO  server.RaftServerConfigKeys (ConfUtils.java:logGet(43)) - raft.server.log.purge.gap = 1000000 (custom)
2019-09-20 05:49:59,359 [pool-57-thread-1] INFO  server.RaftServerConfigKeys (ConfUtils.java:logGet(43)) - raft.server.log.appender.buffer.byte-limit = 33554432 (custom)
2019-09-20 05:49:59,359 [pool-57-thread-1] INFO  server.RaftServerConfigKeys (ConfUtils.java:logGet(43)) - raft.server.log.segment.size.max = 1048576 (custom)
2019-09-20 05:49:59,359 [pool-57-thread-1] INFO  server.RaftServerConfigKeys (ConfUtils.java:logGet(43)) - raft.server.log.segment.cache.num.max = 2 (custom)
2019-09-20 05:49:59,360 [pool-57-thread-1] INFO  segmented.SegmentedRaftLogWorker (SegmentedRaftLogWorker.java:<init>(172)) - new 9b918566-8d2f-4f38-9ce1-65f5cd084216-SegmentedRaftLogWorker:Storage Directory /workdir/hadoop-ozone/integration-test/target/test-dir/MiniOzoneClusterImpl-29dd0c8c-da21-41d6-af77-5f0a65600fbb/datanode-0/data/ratis/c4cef75e-04c2-4cbf-93d2-404a532f4cf2 for RaftStorage:Storage Directory /workdir/hadoop-ozone/integration-test/target/test-dir/MiniOzoneClusterImpl-29dd0c8c-da21-41d6-af77-5f0a65600fbb/datanode-0/data/ratis/c4cef75e-04c2-4cbf-93d2-404a532f4cf2
2019-09-20 05:49:59,360 [pool-57-thread-1] INFO  server.RaftServerConfigKeys (ConfUtils.java:logGet(43)) - raft.server.log.queue.byte-limit = 2147483647 (custom)
2019-09-20 05:49:59,360 [pool-57-thread-1] INFO  server.RaftServerConfigKeys (ConfUtils.java:logGet(43)) - raft.server.log.queue.element-limit = 1024 (custom)
2019-09-20 05:49:59,360 [pool-57-thread-1] INFO  server.RaftServerConfigKeys (ConfUtils.java:logGet(43)) - raft.server.log.segment.size.max = 1048576 (custom)
2019-09-20 05:49:59,360 [pool-57-thread-1] INFO  server.RaftServerConfigKeys (ConfUtils.java:logGet(43)) - raft.server.log.preallocated.size = 16384 (custom)
2019-09-20 05:49:59,360 [pool-57-thread-1] INFO  server.RaftServerConfigKeys (ConfUtils.java:logGet(43)) - raft.server.log.write.buffer.size = 33554432 (custom)
2019-09-20 05:49:59,360 [pool-57-thread-1] INFO  server.RaftServerConfigKeys (ConfUtils.java:logGet(43)) - raft.server.log.force.sync.num = 128 (default)
2019-09-20 05:49:59,360 [pool-57-thread-1] INFO  server.RaftServerConfigKeys (ConfUtils.java:logGet(43)) - raft.server.log.statemachine.data.sync = true (default)
2019-09-20 05:49:59,361 [pool-57-thread-1] INFO  server.RaftServerConfigKeys (ConfUtils.java:logGet(43)) - raft.server.log.statemachine.data.sync.timeout = 10s (default)
2019-09-20 05:49:59,361 [pool-57-thread-1] INFO  server.RaftServerConfigKeys (ConfUtils.java:logGet(43)) - raft.server.log.statemachine.data.sync.timeout.retry = -1 (default)
2019-09-20 05:49:59,361 [pool-57-thread-1] INFO  server.RaftServerConfigKeys (ConfUtils.java:logGet(43)) - raft.server.log.statemachine.data.caching.enabled = true (custom)
2019-09-20 05:49:59,361 [pool-57-thread-1] INFO  segmented.SegmentedRaftLogWorker (SegmentedRaftLogWorker.java:lambda$new$0(132)) - 9b918566-8d2f-4f38-9ce1-65f5cd084216-SegmentedRaftLogWorker:Storage Directory /workdir/hadoop-ozone/integration-test/target/test-dir/MiniOzoneClusterImpl-29dd0c8c-da21-41d6-af77-5f0a65600fbb/datanode-0/data/ratis/c4cef75e-04c2-4cbf-93d2-404a532f4cf2: flushIndex: setUnconditionally 0 -> -1
2019-09-20 05:49:59,361 [pool-57-thread-1] INFO  server.RaftServerConfigKeys (ConfUtils.java:logGet(43)) - raft.server.snapshot.auto.trigger.enabled = true (custom)
2019-09-20 05:49:59,361 [pool-57-thread-1] INFO  server.RaftServerConfigKeys (ConfUtils.java:logGet(43)) - raft.server.snapshot.auto.trigger.threshold = 1 (custom)
2019-09-20 05:49:59,362 [pool-57-thread-1] INFO  server.RaftServerConfigKeys (ConfUtils.java:logGet(43)) - raft.server.retrycache.expirytime = 600000ms (custom)
2019-09-20 05:49:59,362 [pool-57-thread-1] INFO  impl.RaftServerImpl (RaftServerImpl.java:start(180)) - 9b918566-8d2f-4f38-9ce1-65f5cd084216: start group-404A532F4CF2
2019-09-20 05:49:59,362 [pool-57-thread-1] INFO  impl.RaftServerImpl (RaftServerImpl.java:setRole(171)) - 9b918566-8d2f-4f38-9ce1-65f5cd084216:group-404A532F4CF2 changes role from null to FOLLOWER at term 0 for startAsFollower
2019-09-20 05:49:59,362 [pool-57-thread-1] INFO  impl.RoleInfo (RoleInfo.java:updateAndGet(143)) - 9b918566-8d2f-4f38-9ce1-65f5cd084216: start FollowerState
2019-09-20 05:49:59,362 [pool-57-thread-1] INFO  util.JmxRegister (JmxRegister.java:tryRegister(44)) - Successfully registered JMX Bean with object name Ratis:service=RaftServer,group=group-404A532F4CF2,id=9b918566-8d2f-4f38-9ce1-65f5cd084216
2019-09-20 05:49:59,364 [RatisPipelineUtilsThread] INFO  pipeline.PipelineStateManager (PipelineStateManager.java:addPipeline(56)) - Created pipeline Pipeline[ Id: c4cef75e-04c2-4cbf-93d2-404a532f4cf2, Nodes: 9b918566-8d2f-4f38-9ce1-65f5cd084216{ip: 192.168.36.79, host: pr-hdds-1569-s8kj2-2266485376, networkLocation: /default-rack, certSerialId: null}, Type:RATIS, Factor:ONE, State:OPEN]
2019-09-20 05:49:59,366 [grpc-default-executor-1] INFO  impl.RaftServerProxy (RaftServerProxy.java:addNew(89)) - 9b918566-8d2f-4f38-9ce1-65f5cd084216: addNew group-BF2ECB3FAE12:[9b918566-8d2f-4f38-9ce1-65f5cd084216:192.168.36.79:46843] returns group-BF2ECB3FAE12:java.util.concurrent.CompletableFuture@44eca53e[Not completed]
2019-09-20 05:49:59,367 [pool-57-thread-1] INFO  impl.RaftServerImpl (RaftServerImpl.java:<init>(93)) - 9b918566-8d2f-4f38-9ce1-65f5cd084216: new RaftServerImpl for group-BF2ECB3FAE12:[9b918566-8d2f-4f38-9ce1-65f5cd084216:192.168.36.79:46843] with ContainerStateMachine:uninitialized
2019-09-20 05:49:59,367 [pool-57-thread-1] INFO  server.RaftServerConfigKeys (ConfUtils.java:logGet(43)) - raft.server.rpc.timeout.min = 5s (custom)
2019-09-20 05:49:59,367 [pool-57-thread-1] INFO  server.RaftServerConfigKeys (ConfUtils.java:logGet(43)) - raft.server.rpc.timeout.max = 5200ms (custom)
2019-09-20 05:49:59,368 [pool-57-thread-1] INFO  server.RaftServerConfigKeys (ConfUtils.java:logGet(43)) - raft.server.rpcslowness.timeout = 120s (custom)
2019-09-20 05:49:59,368 [pool-57-thread-1] INFO  server.RaftServerConfigKeys (ConfUtils.java:logGet(43)) - raft.server.sleep.deviation.threshold = 300 (default)
2019-09-20 05:49:59,368 [pool-57-thread-1] INFO  server.RaftServerConfigKeys (ConfUtils.java:logGet(43)) - raft.server.log.appender.install.snapshot.enabled = false (custom)
2019-09-20 05:49:59,368 [pool-57-thread-1] INFO  impl.RaftServerImpl (ServerState.java:<init>(105)) - 9b918566-8d2f-4f38-9ce1-65f5cd084216:group-BF2ECB3FAE12 ConfigurationManager, init=-1: [9b918566-8d2f-4f38-9ce1-65f5cd084216:192.168.36.79:46843], old=null, confs=<EMPTY_MAP>
2019-09-20 05:49:59,368 [pool-57-thread-1] INFO  server.RaftServerConfigKeys (ConfUtils.java:logGet(43)) - raft.server.storage.dir = [/workdir/hadoop-ozone/integration-test/target/test-dir/MiniOzoneClusterImpl-29dd0c8c-da21-41d6-af77-5f0a65600fbb/datanode-0/data/ratis] (custom)
2019-09-20 05:49:59,368 [pool-57-thread-1] INFO  storage.RaftStorageDirectory (RaftStorageDirectory.java:analyzeStorage(246)) - The storage directory /workdir/hadoop-ozone/integration-test/target/test-dir/MiniOzoneClusterImpl-29dd0c8c-da21-41d6-af77-5f0a65600fbb/datanode-0/data/ratis/5cd3fbe8-8d21-4e9d-bbb9-bf2ecb3fae12 does not exist. Creating ...
2019-09-20 05:49:59,399 | INFO  | SCMAudit | user=jenkins1000 | ip=192.168.36.79 | op=SEND_HEARTBEAT {datanodeUUID=9b918566-8d2f-4f38-9ce1-65f5cd084216, command=[]} | ret=SUCCESS |  
2019-09-20 05:49:59,404 [pool-57-thread-1] INFO  storage.RaftStorageDirectory (RaftStorageDirectory.java:tryLock(328)) - Lock on /workdir/hadoop-ozone/integration-test/target/test-dir/MiniOzoneClusterImpl-29dd0c8c-da21-41d6-af77-5f0a65600fbb/datanode-0/data/ratis/5cd3fbe8-8d21-4e9d-bbb9-bf2ecb3fae12/in_use.lock acquired by nodename 6907@pr-hdds-1569-s8kj2-2266485376
2019-09-20 05:49:59,451 [pool-57-thread-1] INFO  storage.RaftStorage (RaftStorage.java:format(72)) - Storage directory /workdir/hadoop-ozone/integration-test/target/test-dir/MiniOzoneClusterImpl-29dd0c8c-da21-41d6-af77-5f0a65600fbb/datanode-0/data/ratis/5cd3fbe8-8d21-4e9d-bbb9-bf2ecb3fae12 has been successfully formatted.
2019-09-20 05:49:59,451 [pool-57-thread-1] INFO  ratis.ContainerStateMachine (ContainerStateMachine.java:loadSnapshot(226)) - group-BF2ECB3FAE12: The snapshot info is null. Setting the last applied indexto:(t:0, i:~)
2019-09-20 05:49:59,451 [pool-57-thread-1] INFO  server.RaftServerConfigKeys (ConfUtils.java:logGet(43)) - raft.server.leader.election.timeout = 120s (custom)
2019-09-20 05:49:59,451 [pool-57-thread-1] INFO  server.RaftServerConfigKeys (ConfUtils.java:logGet(43)) - raft.server.log.use.memory = false (default)
2019-09-20 05:49:59,451 [pool-57-thread-1] INFO  server.RaftServerConfigKeys (ConfUtils.java:logGet(43)) - raft.server.log.purge.gap = 1000000 (custom)
2019-09-20 05:49:59,451 [pool-57-thread-1] INFO  server.RaftServerConfigKeys (ConfUtils.java:logGet(43)) - raft.server.log.appender.buffer.byte-limit = 33554432 (custom)
2019-09-20 05:49:59,452 [pool-57-thread-1] INFO  server.RaftServerConfigKeys (ConfUtils.java:logGet(43)) - raft.server.log.segment.size.max = 1048576 (custom)
2019-09-20 05:49:59,452 [pool-57-thread-1] INFO  server.RaftServerConfigKeys (ConfUtils.java:logGet(43)) - raft.server.log.segment.cache.num.max = 2 (custom)
2019-09-20 05:49:59,452 [pool-57-thread-1] INFO  segmented.SegmentedRaftLogWorker (SegmentedRaftLogWorker.java:<init>(172)) - new 9b918566-8d2f-4f38-9ce1-65f5cd084216-SegmentedRaftLogWorker:Storage Directory /workdir/hadoop-ozone/integration-test/target/test-dir/MiniOzoneClusterImpl-29dd0c8c-da21-41d6-af77-5f0a65600fbb/datanode-0/data/ratis/5cd3fbe8-8d21-4e9d-bbb9-bf2ecb3fae12 for RaftStorage:Storage Directory /workdir/hadoop-ozone/integration-test/target/test-dir/MiniOzoneClusterImpl-29dd0c8c-da21-41d6-af77-5f0a65600fbb/datanode-0/data/ratis/5cd3fbe8-8d21-4e9d-bbb9-bf2ecb3fae12
2019-09-20 05:49:59,452 [pool-57-thread-1] INFO  server.RaftServerConfigKeys (ConfUtils.java:logGet(43)) - raft.server.log.queue.byte-limit = 2147483647 (custom)
2019-09-20 05:49:59,452 [pool-57-thread-1] INFO  server.RaftServerConfigKeys (ConfUtils.java:logGet(43)) - raft.server.log.queue.element-limit = 1024 (custom)
2019-09-20 05:49:59,452 [pool-57-thread-1] INFO  server.RaftServerConfigKeys (ConfUtils.java:logGet(43)) - raft.server.log.segment.size.max = 1048576 (custom)
2019-09-20 05:49:59,453 [pool-57-thread-1] INFO  server.RaftServerConfigKeys (ConfUtils.java:logGet(43)) - raft.server.log.preallocated.size = 16384 (custom)
2019-09-20 05:49:59,453 [pool-57-thread-1] INFO  server.RaftServerConfigKeys (ConfUtils.java:logGet(43)) - raft.server.log.write.buffer.size = 33554432 (custom)
2019-09-20 05:49:59,453 [pool-57-thread-1] INFO  server.RaftServerConfigKeys (ConfUtils.java:logGet(43)) - raft.server.log.force.sync.num = 128 (default)
2019-09-20 05:49:59,453 [pool-57-thread-1] INFO  server.RaftServerConfigKeys (ConfUtils.java:logGet(43)) - raft.server.log.statemachine.data.sync = true (default)
2019-09-20 05:49:59,453 [pool-57-thread-1] INFO  server.RaftServerConfigKeys (ConfUtils.java:logGet(43)) - raft.server.log.statemachine.data.sync.timeout = 10s (default)
2019-09-20 05:49:59,453 [pool-57-thread-1] INFO  server.RaftServerConfigKeys (ConfUtils.java:logGet(43)) - raft.server.log.statemachine.data.sync.timeout.retry = -1 (default)
2019-09-20 05:49:59,453 [pool-57-thread-1] INFO  server.RaftServerConfigKeys (ConfUtils.java:logGet(43)) - raft.server.log.statemachine.data.caching.enabled = true (custom)
2019-09-20 05:49:59,454 [pool-57-thread-1] INFO  segmented.SegmentedRaftLogWorker (SegmentedRaftLogWorker.java:lambda$new$0(132)) - 9b918566-8d2f-4f38-9ce1-65f5cd084216-SegmentedRaftLogWorker:Storage Directory /workdir/hadoop-ozone/integration-test/target/test-dir/MiniOzoneClusterImpl-29dd0c8c-da21-41d6-af77-5f0a65600fbb/datanode-0/data/ratis/5cd3fbe8-8d21-4e9d-bbb9-bf2ecb3fae12: flushIndex: setUnconditionally 0 -> -1
2019-09-20 05:49:59,454 [pool-57-thread-1] INFO  server.RaftServerConfigKeys (ConfUtils.java:logGet(43)) - raft.server.snapshot.auto.trigger.enabled = true (custom)
2019-09-20 05:49:59,454 [pool-57-thread-1] INFO  server.RaftServerConfigKeys (ConfUtils.java:logGet(43)) - raft.server.snapshot.auto.trigger.threshold = 1 (custom)
2019-09-20 05:49:59,454 [pool-57-thread-1] INFO  server.RaftServerConfigKeys (ConfUtils.java:logGet(43)) - raft.server.retrycache.expirytime = 600000ms (custom)
2019-09-20 05:49:59,455 [pool-57-thread-1] INFO  impl.RaftServerImpl (RaftServerImpl.java:start(180)) - 9b918566-8d2f-4f38-9ce1-65f5cd084216: start group-BF2ECB3FAE12
2019-09-20 05:49:59,455 [pool-57-thread-1] INFO  impl.RaftServerImpl (RaftServerImpl.java:setRole(171)) - 9b918566-8d2f-4f38-9ce1-65f5cd084216:group-BF2ECB3FAE12 changes role from null to FOLLOWER at term 0 for startAsFollower
2019-09-20 05:49:59,455 [pool-57-thread-1] INFO  impl.RoleInfo (RoleInfo.java:updateAndGet(143)) - 9b918566-8d2f-4f38-9ce1-65f5cd084216: start FollowerState
2019-09-20 05:49:59,455 [pool-57-thread-1] INFO  util.JmxRegister (JmxRegister.java:tryRegister(44)) - Successfully registered JMX Bean with object name Ratis:service=RaftServer,group=group-BF2ECB3FAE12,id=9b918566-8d2f-4f38-9ce1-65f5cd084216
2019-09-20 05:49:59,457 [RatisPipelineUtilsThread] INFO  pipeline.PipelineStateManager (PipelineStateManager.java:addPipeline(56)) - Created pipeline Pipeline[ Id: 5cd3fbe8-8d21-4e9d-bbb9-bf2ecb3fae12, Nodes: 9b918566-8d2f-4f38-9ce1-65f5cd084216{ip: 192.168.36.79, host: pr-hdds-1569-s8kj2-2266485376, networkLocation: /default-rack, certSerialId: null}, Type:RATIS, Factor:ONE, State:OPEN]
2019-09-20 05:49:59,460 [grpc-default-executor-1] INFO  impl.RaftServerProxy (RaftServerProxy.java:addNew(89)) - 9b918566-8d2f-4f38-9ce1-65f5cd084216: addNew group-C677E0E9B046:[9b918566-8d2f-4f38-9ce1-65f5cd084216:192.168.36.79:46843] returns group-C677E0E9B046:java.util.concurrent.CompletableFuture@38b3dff8[Not completed]
2019-09-20 05:49:59,461 [pool-57-thread-1] INFO  impl.RaftServerImpl (RaftServerImpl.java:<init>(93)) - 9b918566-8d2f-4f38-9ce1-65f5cd084216: new RaftServerImpl for group-C677E0E9B046:[9b918566-8d2f-4f38-9ce1-65f5cd084216:192.168.36.79:46843] with ContainerStateMachine:uninitialized
2019-09-20 05:49:59,461 [pool-57-thread-1] INFO  server.RaftServerConfigKeys (ConfUtils.java:logGet(43)) - raft.server.rpc.timeout.min = 5s (custom)
2019-09-20 05:49:59,461 [pool-57-thread-1] INFO  server.RaftServerConfigKeys (ConfUtils.java:logGet(43)) - raft.server.rpc.timeout.max = 5200ms (custom)
2019-09-20 05:49:59,461 [pool-57-thread-1] INFO  server.RaftServerConfigKeys (ConfUtils.java:logGet(43)) - raft.server.rpcslowness.timeout = 120s (custom)
2019-09-20 05:49:59,461 [pool-57-thread-1] INFO  server.RaftServerConfigKeys (ConfUtils.java:logGet(43)) - raft.server.sleep.deviation.threshold = 300 (default)
2019-09-20 05:49:59,462 [pool-57-thread-1] INFO  server.RaftServerConfigKeys (ConfUtils.java:logGet(43)) - raft.server.log.appender.install.snapshot.enabled = false (custom)
2019-09-20 05:49:59,462 [pool-57-thread-1] INFO  impl.RaftServerImpl (ServerState.java:<init>(105)) - 9b918566-8d2f-4f38-9ce1-65f5cd084216:group-C677E0E9B046 ConfigurationManager, init=-1: [9b918566-8d2f-4f38-9ce1-65f5cd084216:192.168.36.79:46843], old=null, confs=<EMPTY_MAP>
2019-09-20 05:49:59,462 [pool-57-thread-1] INFO  server.RaftServerConfigKeys (ConfUtils.java:logGet(43)) - raft.server.storage.dir = [/workdir/hadoop-ozone/integration-test/target/test-dir/MiniOzoneClusterImpl-29dd0c8c-da21-41d6-af77-5f0a65600fbb/datanode-0/data/ratis] (custom)
2019-09-20 05:49:59,462 [pool-57-thread-1] INFO  storage.RaftStorageDirectory (RaftStorageDirectory.java:analyzeStorage(246)) - The storage directory /workdir/hadoop-ozone/integration-test/target/test-dir/MiniOzoneClusterImpl-29dd0c8c-da21-41d6-af77-5f0a65600fbb/datanode-0/data/ratis/e9199be6-72bc-486c-b8fd-c677e0e9b046 does not exist. Creating ...
2019-09-20 05:49:59,492 [pool-57-thread-1] INFO  storage.RaftStorageDirectory (RaftStorageDirectory.java:tryLock(328)) - Lock on /workdir/hadoop-ozone/integration-test/target/test-dir/MiniOzoneClusterImpl-29dd0c8c-da21-41d6-af77-5f0a65600fbb/datanode-0/data/ratis/e9199be6-72bc-486c-b8fd-c677e0e9b046/in_use.lock acquired by nodename 6907@pr-hdds-1569-s8kj2-2266485376
2019-09-20 05:49:59,538 [pool-57-thread-1] INFO  storage.RaftStorage (RaftStorage.java:format(72)) - Storage directory /workdir/hadoop-ozone/integration-test/target/test-dir/MiniOzoneClusterImpl-29dd0c8c-da21-41d6-af77-5f0a65600fbb/datanode-0/data/ratis/e9199be6-72bc-486c-b8fd-c677e0e9b046 has been successfully formatted.
2019-09-20 05:49:59,538 [pool-57-thread-1] INFO  ratis.ContainerStateMachine (ContainerStateMachine.java:loadSnapshot(226)) - group-C677E0E9B046: The snapshot info is null. Setting the last applied indexto:(t:0, i:~)
2019-09-20 05:49:59,538 [pool-57-thread-1] INFO  server.RaftServerConfigKeys (ConfUtils.java:logGet(43)) - raft.server.leader.election.timeout = 120s (custom)
2019-09-20 05:49:59,538 [pool-57-thread-1] INFO  server.RaftServerConfigKeys (ConfUtils.java:logGet(43)) - raft.server.log.use.memory = false (default)
2019-09-20 05:49:59,538 [pool-57-thread-1] INFO  server.RaftServerConfigKeys (ConfUtils.java:logGet(43)) - raft.server.log.purge.gap = 1000000 (custom)
2019-09-20 05:49:59,538 [pool-57-thread-1] INFO  server.RaftServerConfigKeys (ConfUtils.java:logGet(43)) - raft.server.log.appender.buffer.byte-limit = 33554432 (custom)
2019-09-20 05:49:59,539 [pool-57-thread-1] INFO  server.RaftServerConfigKeys (ConfUtils.java:logGet(43)) - raft.server.log.segment.size.max = 1048576 (custom)
2019-09-20 05:49:59,539 [pool-57-thread-1] INFO  server.RaftServerConfigKeys (ConfUtils.java:logGet(43)) - raft.server.log.segment.cache.num.max = 2 (custom)
2019-09-20 05:49:59,539 [pool-57-thread-1] INFO  segmented.SegmentedRaftLogWorker (SegmentedRaftLogWorker.java:<init>(172)) - new 9b918566-8d2f-4f38-9ce1-65f5cd084216-SegmentedRaftLogWorker:Storage Directory /workdir/hadoop-ozone/integration-test/target/test-dir/MiniOzoneClusterImpl-29dd0c8c-da21-41d6-af77-5f0a65600fbb/datanode-0/data/ratis/e9199be6-72bc-486c-b8fd-c677e0e9b046 for RaftStorage:Storage Directory /workdir/hadoop-ozone/integration-test/target/test-dir/MiniOzoneClusterImpl-29dd0c8c-da21-41d6-af77-5f0a65600fbb/datanode-0/data/ratis/e9199be6-72bc-486c-b8fd-c677e0e9b046
2019-09-20 05:49:59,539 [pool-57-thread-1] INFO  server.RaftServerConfigKeys (ConfUtils.java:logGet(43)) - raft.server.log.queue.byte-limit = 2147483647 (custom)
2019-09-20 05:49:59,539 [pool-57-thread-1] INFO  server.RaftServerConfigKeys (ConfUtils.java:logGet(43)) - raft.server.log.queue.element-limit = 1024 (custom)
2019-09-20 05:49:59,539 [pool-57-thread-1] INFO  server.RaftServerConfigKeys (ConfUtils.java:logGet(43)) - raft.server.log.segment.size.max = 1048576 (custom)
2019-09-20 05:49:59,539 [pool-57-thread-1] INFO  server.RaftServerConfigKeys (ConfUtils.java:logGet(43)) - raft.server.log.preallocated.size = 16384 (custom)
2019-09-20 05:49:59,539 [pool-57-thread-1] INFO  server.RaftServerConfigKeys (ConfUtils.java:logGet(43)) - raft.server.log.write.buffer.size = 33554432 (custom)
2019-09-20 05:49:59,539 [pool-57-thread-1] INFO  server.RaftServerConfigKeys (ConfUtils.java:logGet(43)) - raft.server.log.force.sync.num = 128 (default)
2019-09-20 05:49:59,540 [pool-57-thread-1] INFO  server.RaftServerConfigKeys (ConfUtils.java:logGet(43)) - raft.server.log.statemachine.data.sync = true (default)
2019-09-20 05:49:59,540 [pool-57-thread-1] INFO  server.RaftServerConfigKeys (ConfUtils.java:logGet(43)) - raft.server.log.statemachine.data.sync.timeout = 10s (default)
2019-09-20 05:49:59,540 [pool-57-thread-1] INFO  server.RaftServerConfigKeys (ConfUtils.java:logGet(43)) - raft.server.log.statemachine.data.sync.timeout.retry = -1 (default)
2019-09-20 05:49:59,540 [pool-57-thread-1] INFO  server.RaftServerConfigKeys (ConfUtils.java:logGet(43)) - raft.server.log.statemachine.data.caching.enabled = true (custom)
2019-09-20 05:49:59,540 [pool-57-thread-1] INFO  segmented.SegmentedRaftLogWorker (SegmentedRaftLogWorker.java:lambda$new$0(132)) - 9b918566-8d2f-4f38-9ce1-65f5cd084216-SegmentedRaftLogWorker:Storage Directory /workdir/hadoop-ozone/integration-test/target/test-dir/MiniOzoneClusterImpl-29dd0c8c-da21-41d6-af77-5f0a65600fbb/datanode-0/data/ratis/e9199be6-72bc-486c-b8fd-c677e0e9b046: flushIndex: setUnconditionally 0 -> -1
2019-09-20 05:49:59,540 [pool-57-thread-1] INFO  server.RaftServerConfigKeys (ConfUtils.java:logGet(43)) - raft.server.snapshot.auto.trigger.enabled = true (custom)
2019-09-20 05:49:59,541 [pool-57-thread-1] INFO  server.RaftServerConfigKeys (ConfUtils.java:logGet(43)) - raft.server.snapshot.auto.trigger.threshold = 1 (custom)
2019-09-20 05:49:59,541 [pool-57-thread-1] INFO  server.RaftServerConfigKeys (ConfUtils.java:logGet(43)) - raft.server.retrycache.expirytime = 600000ms (custom)
2019-09-20 05:49:59,541 [pool-57-thread-1] INFO  impl.RaftServerImpl (RaftServerImpl.java:start(180)) - 9b918566-8d2f-4f38-9ce1-65f5cd084216: start group-C677E0E9B046
2019-09-20 05:49:59,541 [pool-57-thread-1] INFO  impl.RaftServerImpl (RaftServerImpl.java:setRole(171)) - 9b918566-8d2f-4f38-9ce1-65f5cd084216:group-C677E0E9B046 changes role from null to FOLLOWER at term 0 for startAsFollower
2019-09-20 05:49:59,541 [pool-57-thread-1] INFO  impl.RoleInfo (RoleInfo.java:updateAndGet(143)) - 9b918566-8d2f-4f38-9ce1-65f5cd084216: start FollowerState
2019-09-20 05:49:59,541 [pool-57-thread-1] INFO  util.JmxRegister (JmxRegister.java:tryRegister(44)) - Successfully registered JMX Bean with object name Ratis:service=RaftServer,group=group-C677E0E9B046,id=9b918566-8d2f-4f38-9ce1-65f5cd084216
2019-09-20 05:49:59,543 [RatisPipelineUtilsThread] INFO  pipeline.PipelineStateManager (PipelineStateManager.java:addPipeline(56)) - Created pipeline Pipeline[ Id: e9199be6-72bc-486c-b8fd-c677e0e9b046, Nodes: 9b918566-8d2f-4f38-9ce1-65f5cd084216{ip: 192.168.36.79, host: pr-hdds-1569-s8kj2-2266485376, networkLocation: /default-rack, certSerialId: null}, Type:RATIS, Factor:ONE, State:OPEN]
2019-09-20 05:49:59,546 [grpc-default-executor-1] INFO  impl.RaftServerProxy (RaftServerProxy.java:addNew(89)) - 9b918566-8d2f-4f38-9ce1-65f5cd084216: addNew group-1C95247679E6:[9b918566-8d2f-4f38-9ce1-65f5cd084216:192.168.36.79:46843] returns group-1C95247679E6:java.util.concurrent.CompletableFuture@7ea9e16b[Not completed]
2019-09-20 05:49:59,547 [pool-57-thread-1] INFO  impl.RaftServerImpl (RaftServerImpl.java:<init>(93)) - 9b918566-8d2f-4f38-9ce1-65f5cd084216: new RaftServerImpl for group-1C95247679E6:[9b918566-8d2f-4f38-9ce1-65f5cd084216:192.168.36.79:46843] with ContainerStateMachine:uninitialized
2019-09-20 05:49:59,547 [pool-57-thread-1] INFO  server.RaftServerConfigKeys (ConfUtils.java:logGet(43)) - raft.server.rpc.timeout.min = 5s (custom)
2019-09-20 05:49:59,547 [pool-57-thread-1] INFO  server.RaftServerConfigKeys (ConfUtils.java:logGet(43)) - raft.server.rpc.timeout.max = 5200ms (custom)
2019-09-20 05:49:59,547 [pool-57-thread-1] INFO  server.RaftServerConfigKeys (ConfUtils.java:logGet(43)) - raft.server.rpcslowness.timeout = 120s (custom)
2019-09-20 05:49:59,547 [pool-57-thread-1] INFO  server.RaftServerConfigKeys (ConfUtils.java:logGet(43)) - raft.server.sleep.deviation.threshold = 300 (default)
2019-09-20 05:49:59,547 [pool-57-thread-1] INFO  server.RaftServerConfigKeys (ConfUtils.java:logGet(43)) - raft.server.log.appender.install.snapshot.enabled = false (custom)
2019-09-20 05:49:59,547 [pool-57-thread-1] INFO  impl.RaftServerImpl (ServerState.java:<init>(105)) - 9b918566-8d2f-4f38-9ce1-65f5cd084216:group-1C95247679E6 ConfigurationManager, init=-1: [9b918566-8d2f-4f38-9ce1-65f5cd084216:192.168.36.79:46843], old=null, confs=<EMPTY_MAP>
2019-09-20 05:49:59,547 [pool-57-thread-1] INFO  server.RaftServerConfigKeys (ConfUtils.java:logGet(43)) - raft.server.storage.dir = [/workdir/hadoop-ozone/integration-test/target/test-dir/MiniOzoneClusterImpl-29dd0c8c-da21-41d6-af77-5f0a65600fbb/datanode-0/data/ratis] (custom)
2019-09-20 05:49:59,548 [pool-57-thread-1] INFO  storage.RaftStorageDirectory (RaftStorageDirectory.java:analyzeStorage(246)) - The storage directory /workdir/hadoop-ozone/integration-test/target/test-dir/MiniOzoneClusterImpl-29dd0c8c-da21-41d6-af77-5f0a65600fbb/datanode-0/data/ratis/0345eb9f-f0ff-4cb4-a43a-1c95247679e6 does not exist. Creating ...
2019-09-20 05:49:59,594 [pool-57-thread-1] INFO  storage.RaftStorageDirectory (RaftStorageDirectory.java:tryLock(328)) - Lock on /workdir/hadoop-ozone/integration-test/target/test-dir/MiniOzoneClusterImpl-29dd0c8c-da21-41d6-af77-5f0a65600fbb/datanode-0/data/ratis/0345eb9f-f0ff-4cb4-a43a-1c95247679e6/in_use.lock acquired by nodename 6907@pr-hdds-1569-s8kj2-2266485376
2019-09-20 05:49:59,600 | INFO  | SCMAudit | user=jenkins1000 | ip=192.168.36.79 | op=SEND_HEARTBEAT {datanodeUUID=9b918566-8d2f-4f38-9ce1-65f5cd084216, command=[]} | ret=SUCCESS |  
2019-09-20 05:49:59,609 [pool-57-thread-1] INFO  storage.RaftStorage (RaftStorage.java:format(72)) - Storage directory /workdir/hadoop-ozone/integration-test/target/test-dir/MiniOzoneClusterImpl-29dd0c8c-da21-41d6-af77-5f0a65600fbb/datanode-0/data/ratis/0345eb9f-f0ff-4cb4-a43a-1c95247679e6 has been successfully formatted.
2019-09-20 05:49:59,609 [pool-57-thread-1] INFO  ratis.ContainerStateMachine (ContainerStateMachine.java:loadSnapshot(226)) - group-1C95247679E6: The snapshot info is null. Setting the last applied indexto:(t:0, i:~)
2019-09-20 05:49:59,609 [pool-57-thread-1] INFO  server.RaftServerConfigKeys (ConfUtils.java:logGet(43)) - raft.server.leader.election.timeout = 120s (custom)
2019-09-20 05:49:59,609 [pool-57-thread-1] INFO  server.RaftServerConfigKeys (ConfUtils.java:logGet(43)) - raft.server.log.use.memory = false (default)
2019-09-20 05:49:59,610 [pool-57-thread-1] INFO  server.RaftServerConfigKeys (ConfUtils.java:logGet(43)) - raft.server.log.purge.gap = 1000000 (custom)
2019-09-20 05:49:59,610 [pool-57-thread-1] INFO  server.RaftServerConfigKeys (ConfUtils.java:logGet(43)) - raft.server.log.appender.buffer.byte-limit = 33554432 (custom)
2019-09-20 05:49:59,610 [pool-57-thread-1] INFO  server.RaftServerConfigKeys (ConfUtils.java:logGet(43)) - raft.server.log.segment.size.max = 1048576 (custom)
2019-09-20 05:49:59,610 [pool-57-thread-1] INFO  server.RaftServerConfigKeys (ConfUtils.java:logGet(43)) - raft.server.log.segment.cache.num.max = 2 (custom)
2019-09-20 05:49:59,610 [pool-57-thread-1] INFO  segmented.SegmentedRaftLogWorker (SegmentedRaftLogWorker.java:<init>(172)) - new 9b918566-8d2f-4f38-9ce1-65f5cd084216-SegmentedRaftLogWorker:Storage Directory /workdir/hadoop-ozone/integration-test/target/test-dir/MiniOzoneClusterImpl-29dd0c8c-da21-41d6-af77-5f0a65600fbb/datanode-0/data/ratis/0345eb9f-f0ff-4cb4-a43a-1c95247679e6 for RaftStorage:Storage Directory /workdir/hadoop-ozone/integration-test/target/test-dir/MiniOzoneClusterImpl-29dd0c8c-da21-41d6-af77-5f0a65600fbb/datanode-0/data/ratis/0345eb9f-f0ff-4cb4-a43a-1c95247679e6
2019-09-20 05:49:59,610 [pool-57-thread-1] INFO  server.RaftServerConfigKeys (ConfUtils.java:logGet(43)) - raft.server.log.queue.byte-limit = 2147483647 (custom)
2019-09-20 05:49:59,610 [pool-57-thread-1] INFO  server.RaftServerConfigKeys (ConfUtils.java:logGet(43)) - raft.server.log.queue.element-limit = 1024 (custom)
2019-09-20 05:49:59,611 [pool-57-thread-1] INFO  server.RaftServerConfigKeys (ConfUtils.java:logGet(43)) - raft.server.log.segment.size.max = 1048576 (custom)
2019-09-20 05:49:59,611 [pool-57-thread-1] INFO  server.RaftServerConfigKeys (ConfUtils.java:logGet(43)) - raft.server.log.preallocated.size = 16384 (custom)
2019-09-20 05:49:59,611 [pool-57-thread-1] INFO  server.RaftServerConfigKeys (ConfUtils.java:logGet(43)) - raft.server.log.write.buffer.size = 33554432 (custom)
2019-09-20 05:49:59,611 [pool-57-thread-1] INFO  server.RaftServerConfigKeys (ConfUtils.java:logGet(43)) - raft.server.log.force.sync.num = 128 (default)
2019-09-20 05:49:59,611 [pool-57-thread-1] INFO  server.RaftServerConfigKeys (ConfUtils.java:logGet(43)) - raft.server.log.statemachine.data.sync = true (default)
2019-09-20 05:49:59,611 [pool-57-thread-1] INFO  server.RaftServerConfigKeys (ConfUtils.java:logGet(43)) - raft.server.log.statemachine.data.sync.timeout = 10s (default)
2019-09-20 05:49:59,612 [pool-57-thread-1] INFO  server.RaftServerConfigKeys (ConfUtils.java:logGet(43)) - raft.server.log.statemachine.data.sync.timeout.retry = -1 (default)
2019-09-20 05:49:59,612 [pool-57-thread-1] INFO  server.RaftServerConfigKeys (ConfUtils.java:logGet(43)) - raft.server.log.statemachine.data.caching.enabled = true (custom)
2019-09-20 05:49:59,612 [pool-57-thread-1] INFO  segmented.SegmentedRaftLogWorker (SegmentedRaftLogWorker.java:lambda$new$0(132)) - 9b918566-8d2f-4f38-9ce1-65f5cd084216-SegmentedRaftLogWorker:Storage Directory /workdir/hadoop-ozone/integration-test/target/test-dir/MiniOzoneClusterImpl-29dd0c8c-da21-41d6-af77-5f0a65600fbb/datanode-0/data/ratis/0345eb9f-f0ff-4cb4-a43a-1c95247679e6: flushIndex: setUnconditionally 0 -> -1
2019-09-20 05:49:59,613 [pool-57-thread-1] INFO  server.RaftServerConfigKeys (ConfUtils.java:logGet(43)) - raft.server.snapshot.auto.trigger.enabled = true (custom)
2019-09-20 05:49:59,613 [pool-57-thread-1] INFO  server.RaftServerConfigKeys (ConfUtils.java:logGet(43)) - raft.server.snapshot.auto.trigger.threshold = 1 (custom)
2019-09-20 05:49:59,613 [pool-57-thread-1] INFO  server.RaftServerConfigKeys (ConfUtils.java:logGet(43)) - raft.server.retrycache.expirytime = 600000ms (custom)
2019-09-20 05:49:59,613 [pool-57-thread-1] INFO  impl.RaftServerImpl (RaftServerImpl.java:start(180)) - 9b918566-8d2f-4f38-9ce1-65f5cd084216: start group-1C95247679E6
2019-09-20 05:49:59,613 [pool-57-thread-1] INFO  impl.RaftServerImpl (RaftServerImpl.java:setRole(171)) - 9b918566-8d2f-4f38-9ce1-65f5cd084216:group-1C95247679E6 changes role from null to FOLLOWER at term 0 for startAsFollower
2019-09-20 05:49:59,613 [pool-57-thread-1] INFO  impl.RoleInfo (RoleInfo.java:updateAndGet(143)) - 9b918566-8d2f-4f38-9ce1-65f5cd084216: start FollowerState
2019-09-20 05:49:59,614 [pool-57-thread-1] INFO  util.JmxRegister (JmxRegister.java:tryRegister(44)) - Successfully registered JMX Bean with object name Ratis:service=RaftServer,group=group-1C95247679E6,id=9b918566-8d2f-4f38-9ce1-65f5cd084216
2019-09-20 05:49:59,616 [RatisPipelineUtilsThread] INFO  pipeline.PipelineStateManager (PipelineStateManager.java:addPipeline(56)) - Created pipeline Pipeline[ Id: 0345eb9f-f0ff-4cb4-a43a-1c95247679e6, Nodes: 9b918566-8d2f-4f38-9ce1-65f5cd084216{ip: 192.168.36.79, host: pr-hdds-1569-s8kj2-2266485376, networkLocation: /default-rack, certSerialId: null}, Type:RATIS, Factor:ONE, State:OPEN]
2019-09-20 05:49:59,618 [grpc-default-executor-1] INFO  impl.RaftServerProxy (RaftServerProxy.java:addNew(89)) - 9b918566-8d2f-4f38-9ce1-65f5cd084216: addNew group-FB77BC12EDB3:[9b918566-8d2f-4f38-9ce1-65f5cd084216:192.168.36.79:46843] returns group-FB77BC12EDB3:java.util.concurrent.CompletableFuture@2c224ded[Not completed]
2019-09-20 05:49:59,619 [pool-57-thread-1] INFO  impl.RaftServerImpl (RaftServerImpl.java:<init>(93)) - 9b918566-8d2f-4f38-9ce1-65f5cd084216: new RaftServerImpl for group-FB77BC12EDB3:[9b918566-8d2f-4f38-9ce1-65f5cd084216:192.168.36.79:46843] with ContainerStateMachine:uninitialized
2019-09-20 05:49:59,619 [pool-57-thread-1] INFO  server.RaftServerConfigKeys (ConfUtils.java:logGet(43)) - raft.server.rpc.timeout.min = 5s (custom)
2019-09-20 05:49:59,620 [pool-57-thread-1] INFO  server.RaftServerConfigKeys (ConfUtils.java:logGet(43)) - raft.server.rpc.timeout.max = 5200ms (custom)
2019-09-20 05:49:59,620 [pool-57-thread-1] INFO  server.RaftServerConfigKeys (ConfUtils.java:logGet(43)) - raft.server.rpcslowness.timeout = 120s (custom)
2019-09-20 05:49:59,620 [pool-57-thread-1] INFO  server.RaftServerConfigKeys (ConfUtils.java:logGet(43)) - raft.server.sleep.deviation.threshold = 300 (default)
2019-09-20 05:49:59,620 [pool-57-thread-1] INFO  server.RaftServerConfigKeys (ConfUtils.java:logGet(43)) - raft.server.log.appender.install.snapshot.enabled = false (custom)
2019-09-20 05:49:59,620 [pool-57-thread-1] INFO  impl.RaftServerImpl (ServerState.java:<init>(105)) - 9b918566-8d2f-4f38-9ce1-65f5cd084216:group-FB77BC12EDB3 ConfigurationManager, init=-1: [9b918566-8d2f-4f38-9ce1-65f5cd084216:192.168.36.79:46843], old=null, confs=<EMPTY_MAP>
2019-09-20 05:49:59,620 [pool-57-thread-1] INFO  server.RaftServerConfigKeys (ConfUtils.java:logGet(43)) - raft.server.storage.dir = [/workdir/hadoop-ozone/integration-test/target/test-dir/MiniOzoneClusterImpl-29dd0c8c-da21-41d6-af77-5f0a65600fbb/datanode-0/data/ratis] (custom)
2019-09-20 05:49:59,621 [pool-57-thread-1] INFO  storage.RaftStorageDirectory (RaftStorageDirectory.java:analyzeStorage(246)) - The storage directory /workdir/hadoop-ozone/integration-test/target/test-dir/MiniOzoneClusterImpl-29dd0c8c-da21-41d6-af77-5f0a65600fbb/datanode-0/data/ratis/607cddea-2a76-4cb7-be7c-fb77bc12edb3 does not exist. Creating ...
2019-09-20 05:49:59,655 [pool-57-thread-1] INFO  storage.RaftStorageDirectory (RaftStorageDirectory.java:tryLock(328)) - Lock on /workdir/hadoop-ozone/integration-test/target/test-dir/MiniOzoneClusterImpl-29dd0c8c-da21-41d6-af77-5f0a65600fbb/datanode-0/data/ratis/607cddea-2a76-4cb7-be7c-fb77bc12edb3/in_use.lock acquired by nodename 6907@pr-hdds-1569-s8kj2-2266485376
2019-09-20 05:49:59,679 [pool-57-thread-1] INFO  storage.RaftStorage (RaftStorage.java:format(72)) - Storage directory /workdir/hadoop-ozone/integration-test/target/test-dir/MiniOzoneClusterImpl-29dd0c8c-da21-41d6-af77-5f0a65600fbb/datanode-0/data/ratis/607cddea-2a76-4cb7-be7c-fb77bc12edb3 has been successfully formatted.
2019-09-20 05:49:59,680 [pool-57-thread-1] INFO  ratis.ContainerStateMachine (ContainerStateMachine.java:loadSnapshot(226)) - group-FB77BC12EDB3: The snapshot info is null. Setting the last applied indexto:(t:0, i:~)
2019-09-20 05:49:59,680 [pool-57-thread-1] INFO  server.RaftServerConfigKeys (ConfUtils.java:logGet(43)) - raft.server.leader.election.timeout = 120s (custom)
2019-09-20 05:49:59,680 [pool-57-thread-1] INFO  server.RaftServerConfigKeys (ConfUtils.java:logGet(43)) - raft.server.log.use.memory = false (default)
2019-09-20 05:49:59,680 [pool-57-thread-1] INFO  server.RaftServerConfigKeys (ConfUtils.java:logGet(43)) - raft.server.log.purge.gap = 1000000 (custom)
2019-09-20 05:49:59,680 [pool-57-thread-1] INFO  server.RaftServerConfigKeys (ConfUtils.java:logGet(43)) - raft.server.log.appender.buffer.byte-limit = 33554432 (custom)
2019-09-20 05:49:59,680 [pool-57-thread-1] INFO  server.RaftServerConfigKeys (ConfUtils.java:logGet(43)) - raft.server.log.segment.size.max = 1048576 (custom)
2019-09-20 05:49:59,680 [pool-57-thread-1] INFO  server.RaftServerConfigKeys (ConfUtils.java:logGet(43)) - raft.server.log.segment.cache.num.max = 2 (custom)
2019-09-20 05:49:59,681 [pool-57-thread-1] INFO  segmented.SegmentedRaftLogWorker (SegmentedRaftLogWorker.java:<init>(172)) - new 9b918566-8d2f-4f38-9ce1-65f5cd084216-SegmentedRaftLogWorker:Storage Directory /workdir/hadoop-ozone/integration-test/target/test-dir/MiniOzoneClusterImpl-29dd0c8c-da21-41d6-af77-5f0a65600fbb/datanode-0/data/ratis/607cddea-2a76-4cb7-be7c-fb77bc12edb3 for RaftStorage:Storage Directory /workdir/hadoop-ozone/integration-test/target/test-dir/MiniOzoneClusterImpl-29dd0c8c-da21-41d6-af77-5f0a65600fbb/datanode-0/data/ratis/607cddea-2a76-4cb7-be7c-fb77bc12edb3
2019-09-20 05:49:59,681 [pool-57-thread-1] INFO  server.RaftServerConfigKeys (ConfUtils.java:logGet(43)) - raft.server.log.queue.byte-limit = 2147483647 (custom)
2019-09-20 05:49:59,681 [pool-57-thread-1] INFO  server.RaftServerConfigKeys (ConfUtils.java:logGet(43)) - raft.server.log.queue.element-limit = 1024 (custom)
2019-09-20 05:49:59,681 [pool-57-thread-1] INFO  server.RaftServerConfigKeys (ConfUtils.java:logGet(43)) - raft.server.log.segment.size.max = 1048576 (custom)
2019-09-20 05:49:59,681 [pool-57-thread-1] INFO  server.RaftServerConfigKeys (ConfUtils.java:logGet(43)) - raft.server.log.preallocated.size = 16384 (custom)
2019-09-20 05:49:59,681 [pool-57-thread-1] INFO  server.RaftServerConfigKeys (ConfUtils.java:logGet(43)) - raft.server.log.write.buffer.size = 33554432 (custom)
2019-09-20 05:49:59,681 [pool-57-thread-1] INFO  server.RaftServerConfigKeys (ConfUtils.java:logGet(43)) - raft.server.log.force.sync.num = 128 (default)
2019-09-20 05:49:59,682 [pool-57-thread-1] INFO  server.RaftServerConfigKeys (ConfUtils.java:logGet(43)) - raft.server.log.statemachine.data.sync = true (default)
2019-09-20 05:49:59,682 [pool-57-thread-1] INFO  server.RaftServerConfigKeys (ConfUtils.java:logGet(43)) - raft.server.log.statemachine.data.sync.timeout = 10s (default)
2019-09-20 05:49:59,682 [pool-57-thread-1] INFO  server.RaftServerConfigKeys (ConfUtils.java:logGet(43)) - raft.server.log.statemachine.data.sync.timeout.retry = -1 (default)
2019-09-20 05:49:59,682 [pool-57-thread-1] INFO  server.RaftServerConfigKeys (ConfUtils.java:logGet(43)) - raft.server.log.statemachine.data.caching.enabled = true (custom)
2019-09-20 05:49:59,682 [pool-57-thread-1] INFO  segmented.SegmentedRaftLogWorker (SegmentedRaftLogWorker.java:lambda$new$0(132)) - 9b918566-8d2f-4f38-9ce1-65f5cd084216-SegmentedRaftLogWorker:Storage Directory /workdir/hadoop-ozone/integration-test/target/test-dir/MiniOzoneClusterImpl-29dd0c8c-da21-41d6-af77-5f0a65600fbb/datanode-0/data/ratis/607cddea-2a76-4cb7-be7c-fb77bc12edb3: flushIndex: setUnconditionally 0 -> -1
2019-09-20 05:49:59,683 [pool-57-thread-1] INFO  server.RaftServerConfigKeys (ConfUtils.java:logGet(43)) - raft.server.snapshot.auto.trigger.enabled = true (custom)
2019-09-20 05:49:59,683 [pool-57-thread-1] INFO  server.RaftServerConfigKeys (ConfUtils.java:logGet(43)) - raft.server.snapshot.auto.trigger.threshold = 1 (custom)
2019-09-20 05:49:59,683 [pool-57-thread-1] INFO  server.RaftServerConfigKeys (ConfUtils.java:logGet(43)) - raft.server.retrycache.expirytime = 600000ms (custom)
2019-09-20 05:49:59,683 [pool-57-thread-1] INFO  impl.RaftServerImpl (RaftServerImpl.java:start(180)) - 9b918566-8d2f-4f38-9ce1-65f5cd084216: start group-FB77BC12EDB3
2019-09-20 05:49:59,683 [pool-57-thread-1] INFO  impl.RaftServerImpl (RaftServerImpl.java:setRole(171)) - 9b918566-8d2f-4f38-9ce1-65f5cd084216:group-FB77BC12EDB3 changes role from null to FOLLOWER at term 0 for startAsFollower
2019-09-20 05:49:59,683 [pool-57-thread-1] INFO  impl.RoleInfo (RoleInfo.java:updateAndGet(143)) - 9b918566-8d2f-4f38-9ce1-65f5cd084216: start FollowerState
2019-09-20 05:49:59,684 [pool-57-thread-1] INFO  util.JmxRegister (JmxRegister.java:tryRegister(44)) - Successfully registered JMX Bean with object name Ratis:service=RaftServer,group=group-FB77BC12EDB3,id=9b918566-8d2f-4f38-9ce1-65f5cd084216
2019-09-20 05:49:59,686 [RatisPipelineUtilsThread] INFO  pipeline.PipelineStateManager (PipelineStateManager.java:addPipeline(56)) - Created pipeline Pipeline[ Id: 607cddea-2a76-4cb7-be7c-fb77bc12edb3, Nodes: 9b918566-8d2f-4f38-9ce1-65f5cd084216{ip: 192.168.36.79, host: pr-hdds-1569-s8kj2-2266485376, networkLocation: /default-rack, certSerialId: null}, Type:RATIS, Factor:ONE, State:OPEN]
2019-09-20 05:49:59,689 [grpc-default-executor-1] INFO  impl.RaftServerProxy (RaftServerProxy.java:addNew(89)) - 9b918566-8d2f-4f38-9ce1-65f5cd084216: addNew group-5DBE4C85E5E5:[9b918566-8d2f-4f38-9ce1-65f5cd084216:192.168.36.79:46843] returns group-5DBE4C85E5E5:java.util.concurrent.CompletableFuture@299f78e1[Not completed]
2019-09-20 05:49:59,689 [pool-57-thread-1] INFO  impl.RaftServerImpl (RaftServerImpl.java:<init>(93)) - 9b918566-8d2f-4f38-9ce1-65f5cd084216: new RaftServerImpl for group-5DBE4C85E5E5:[9b918566-8d2f-4f38-9ce1-65f5cd084216:192.168.36.79:46843] with ContainerStateMachine:uninitialized
2019-09-20 05:49:59,689 [pool-57-thread-1] INFO  server.RaftServerConfigKeys (ConfUtils.java:logGet(43)) - raft.server.rpc.timeout.min = 5s (custom)
2019-09-20 05:49:59,690 [pool-57-thread-1] INFO  server.RaftServerConfigKeys (ConfUtils.java:logGet(43)) - raft.server.rpc.timeout.max = 5200ms (custom)
2019-09-20 05:49:59,690 [pool-57-thread-1] INFO  server.RaftServerConfigKeys (ConfUtils.java:logGet(43)) - raft.server.rpcslowness.timeout = 120s (custom)
2019-09-20 05:49:59,690 [pool-57-thread-1] INFO  server.RaftServerConfigKeys (ConfUtils.java:logGet(43)) - raft.server.sleep.deviation.threshold = 300 (default)
2019-09-20 05:49:59,690 [pool-57-thread-1] INFO  server.RaftServerConfigKeys (ConfUtils.java:logGet(43)) - raft.server.log.appender.install.snapshot.enabled = false (custom)
2019-09-20 05:49:59,690 [pool-57-thread-1] INFO  impl.RaftServerImpl (ServerState.java:<init>(105)) - 9b918566-8d2f-4f38-9ce1-65f5cd084216:group-5DBE4C85E5E5 ConfigurationManager, init=-1: [9b918566-8d2f-4f38-9ce1-65f5cd084216:192.168.36.79:46843], old=null, confs=<EMPTY_MAP>
2019-09-20 05:49:59,690 [pool-57-thread-1] INFO  server.RaftServerConfigKeys (ConfUtils.java:logGet(43)) - raft.server.storage.dir = [/workdir/hadoop-ozone/integration-test/target/test-dir/MiniOzoneClusterImpl-29dd0c8c-da21-41d6-af77-5f0a65600fbb/datanode-0/data/ratis] (custom)
2019-09-20 05:49:59,691 [pool-57-thread-1] INFO  storage.RaftStorageDirectory (RaftStorageDirectory.java:analyzeStorage(246)) - The storage directory /workdir/hadoop-ozone/integration-test/target/test-dir/MiniOzoneClusterImpl-29dd0c8c-da21-41d6-af77-5f0a65600fbb/datanode-0/data/ratis/8c33b40d-7fb0-4708-b473-5dbe4c85e5e5 does not exist. Creating ...
2019-09-20 05:49:59,723 [pool-57-thread-1] INFO  storage.RaftStorageDirectory (RaftStorageDirectory.java:tryLock(328)) - Lock on /workdir/hadoop-ozone/integration-test/target/test-dir/MiniOzoneClusterImpl-29dd0c8c-da21-41d6-af77-5f0a65600fbb/datanode-0/data/ratis/8c33b40d-7fb0-4708-b473-5dbe4c85e5e5/in_use.lock acquired by nodename 6907@pr-hdds-1569-s8kj2-2266485376
2019-09-20 05:49:59,750 [pool-57-thread-1] INFO  storage.RaftStorage (RaftStorage.java:format(72)) - Storage directory /workdir/hadoop-ozone/integration-test/target/test-dir/MiniOzoneClusterImpl-29dd0c8c-da21-41d6-af77-5f0a65600fbb/datanode-0/data/ratis/8c33b40d-7fb0-4708-b473-5dbe4c85e5e5 has been successfully formatted.
2019-09-20 05:49:59,750 [pool-57-thread-1] INFO  ratis.ContainerStateMachine (ContainerStateMachine.java:loadSnapshot(226)) - group-5DBE4C85E5E5: The snapshot info is null. Setting the last applied indexto:(t:0, i:~)
2019-09-20 05:49:59,750 [pool-57-thread-1] INFO  server.RaftServerConfigKeys (ConfUtils.java:logGet(43)) - raft.server.leader.election.timeout = 120s (custom)
2019-09-20 05:49:59,750 [pool-57-thread-1] INFO  server.RaftServerConfigKeys (ConfUtils.java:logGet(43)) - raft.server.log.use.memory = false (default)
2019-09-20 05:49:59,750 [pool-57-thread-1] INFO  server.RaftServerConfigKeys (ConfUtils.java:logGet(43)) - raft.server.log.purge.gap = 1000000 (custom)
2019-09-20 05:49:59,750 [pool-57-thread-1] INFO  server.RaftServerConfigKeys (ConfUtils.java:logGet(43)) - raft.server.log.appender.buffer.byte-limit = 33554432 (custom)
2019-09-20 05:49:59,751 [pool-57-thread-1] INFO  server.RaftServerConfigKeys (ConfUtils.java:logGet(43)) - raft.server.log.segment.size.max = 1048576 (custom)
2019-09-20 05:49:59,751 [pool-57-thread-1] INFO  server.RaftServerConfigKeys (ConfUtils.java:logGet(43)) - raft.server.log.segment.cache.num.max = 2 (custom)
2019-09-20 05:49:59,751 [pool-57-thread-1] INFO  segmented.SegmentedRaftLogWorker (SegmentedRaftLogWorker.java:<init>(172)) - new 9b918566-8d2f-4f38-9ce1-65f5cd084216-SegmentedRaftLogWorker:Storage Directory /workdir/hadoop-ozone/integration-test/target/test-dir/MiniOzoneClusterImpl-29dd0c8c-da21-41d6-af77-5f0a65600fbb/datanode-0/data/ratis/8c33b40d-7fb0-4708-b473-5dbe4c85e5e5 for RaftStorage:Storage Directory /workdir/hadoop-ozone/integration-test/target/test-dir/MiniOzoneClusterImpl-29dd0c8c-da21-41d6-af77-5f0a65600fbb/datanode-0/data/ratis/8c33b40d-7fb0-4708-b473-5dbe4c85e5e5
2019-09-20 05:49:59,751 [pool-57-thread-1] INFO  server.RaftServerConfigKeys (ConfUtils.java:logGet(43)) - raft.server.log.queue.byte-limit = 2147483647 (custom)
2019-09-20 05:49:59,751 [pool-57-thread-1] INFO  server.RaftServerConfigKeys (ConfUtils.java:logGet(43)) - raft.server.log.queue.element-limit = 1024 (custom)
2019-09-20 05:49:59,751 [pool-57-thread-1] INFO  server.RaftServerConfigKeys (ConfUtils.java:logGet(43)) - raft.server.log.segment.size.max = 1048576 (custom)
2019-09-20 05:49:59,751 [pool-57-thread-1] INFO  server.RaftServerConfigKeys (ConfUtils.java:logGet(43)) - raft.server.log.preallocated.size = 16384 (custom)
2019-09-20 05:49:59,752 [pool-57-thread-1] INFO  server.RaftServerConfigKeys (ConfUtils.java:logGet(43)) - raft.server.log.write.buffer.size = 33554432 (custom)
2019-09-20 05:49:59,752 [pool-57-thread-1] INFO  server.RaftServerConfigKeys (ConfUtils.java:logGet(43)) - raft.server.log.force.sync.num = 128 (default)
2019-09-20 05:49:59,752 [pool-57-thread-1] INFO  server.RaftServerConfigKeys (ConfUtils.java:logGet(43)) - raft.server.log.statemachine.data.sync = true (default)
2019-09-20 05:49:59,752 [pool-57-thread-1] INFO  server.RaftServerConfigKeys (ConfUtils.java:logGet(43)) - raft.server.log.statemachine.data.sync.timeout = 10s (default)
2019-09-20 05:49:59,752 [pool-57-thread-1] INFO  server.RaftServerConfigKeys (ConfUtils.java:logGet(43)) - raft.server.log.statemachine.data.sync.timeout.retry = -1 (default)
2019-09-20 05:49:59,752 [pool-57-thread-1] INFO  server.RaftServerConfigKeys (ConfUtils.java:logGet(43)) - raft.server.log.statemachine.data.caching.enabled = true (custom)
2019-09-20 05:49:59,753 [pool-57-thread-1] INFO  segmented.SegmentedRaftLogWorker (SegmentedRaftLogWorker.java:lambda$new$0(132)) - 9b918566-8d2f-4f38-9ce1-65f5cd084216-SegmentedRaftLogWorker:Storage Directory /workdir/hadoop-ozone/integration-test/target/test-dir/MiniOzoneClusterImpl-29dd0c8c-da21-41d6-af77-5f0a65600fbb/datanode-0/data/ratis/8c33b40d-7fb0-4708-b473-5dbe4c85e5e5: flushIndex: setUnconditionally 0 -> -1
2019-09-20 05:49:59,753 [pool-57-thread-1] INFO  server.RaftServerConfigKeys (ConfUtils.java:logGet(43)) - raft.server.snapshot.auto.trigger.enabled = true (custom)
2019-09-20 05:49:59,753 [pool-57-thread-1] INFO  server.RaftServerConfigKeys (ConfUtils.java:logGet(43)) - raft.server.snapshot.auto.trigger.threshold = 1 (custom)
2019-09-20 05:49:59,753 [pool-57-thread-1] INFO  server.RaftServerConfigKeys (ConfUtils.java:logGet(43)) - raft.server.retrycache.expirytime = 600000ms (custom)
2019-09-20 05:49:59,753 [pool-57-thread-1] INFO  impl.RaftServerImpl (RaftServerImpl.java:start(180)) - 9b918566-8d2f-4f38-9ce1-65f5cd084216: start group-5DBE4C85E5E5
2019-09-20 05:49:59,754 [pool-57-thread-1] INFO  impl.RaftServerImpl (RaftServerImpl.java:setRole(171)) - 9b918566-8d2f-4f38-9ce1-65f5cd084216:group-5DBE4C85E5E5 changes role from null to FOLLOWER at term 0 for startAsFollower
2019-09-20 05:49:59,754 [pool-57-thread-1] INFO  impl.RoleInfo (RoleInfo.java:updateAndGet(143)) - 9b918566-8d2f-4f38-9ce1-65f5cd084216: start FollowerState
2019-09-20 05:49:59,754 [pool-57-thread-1] INFO  util.JmxRegister (JmxRegister.java:tryRegister(44)) - Successfully registered JMX Bean with object name Ratis:service=RaftServer,group=group-5DBE4C85E5E5,id=9b918566-8d2f-4f38-9ce1-65f5cd084216
2019-09-20 05:49:59,756 [RatisPipelineUtilsThread] INFO  pipeline.PipelineStateManager (PipelineStateManager.java:addPipeline(56)) - Created pipeline Pipeline[ Id: 8c33b40d-7fb0-4708-b473-5dbe4c85e5e5, Nodes: 9b918566-8d2f-4f38-9ce1-65f5cd084216{ip: 192.168.36.79, host: pr-hdds-1569-s8kj2-2266485376, networkLocation: /default-rack, certSerialId: null}, Type:RATIS, Factor:ONE, State:OPEN]
2019-09-20 05:49:59,758 [grpc-default-executor-1] INFO  impl.RaftServerProxy (RaftServerProxy.java:addNew(89)) - 9b918566-8d2f-4f38-9ce1-65f5cd084216: addNew group-F7BB2564A246:[9b918566-8d2f-4f38-9ce1-65f5cd084216:192.168.36.79:46843] returns group-F7BB2564A246:java.util.concurrent.CompletableFuture@5d14acb2[Not completed]
2019-09-20 05:49:59,759 [pool-57-thread-1] INFO  impl.RaftServerImpl (RaftServerImpl.java:<init>(93)) - 9b918566-8d2f-4f38-9ce1-65f5cd084216: new RaftServerImpl for group-F7BB2564A246:[9b918566-8d2f-4f38-9ce1-65f5cd084216:192.168.36.79:46843] with ContainerStateMachine:uninitialized
2019-09-20 05:49:59,759 [pool-57-thread-1] INFO  server.RaftServerConfigKeys (ConfUtils.java:logGet(43)) - raft.server.rpc.timeout.min = 5s (custom)
2019-09-20 05:49:59,759 [pool-57-thread-1] INFO  server.RaftServerConfigKeys (ConfUtils.java:logGet(43)) - raft.server.rpc.timeout.max = 5200ms (custom)
2019-09-20 05:49:59,759 [pool-57-thread-1] INFO  server.RaftServerConfigKeys (ConfUtils.java:logGet(43)) - raft.server.rpcslowness.timeout = 120s (custom)
2019-09-20 05:49:59,760 [pool-57-thread-1] INFO  server.RaftServerConfigKeys (ConfUtils.java:logGet(43)) - raft.server.sleep.deviation.threshold = 300 (default)
2019-09-20 05:49:59,760 [pool-57-thread-1] INFO  server.RaftServerConfigKeys (ConfUtils.java:logGet(43)) - raft.server.log.appender.install.snapshot.enabled = false (custom)
2019-09-20 05:49:59,760 [pool-57-thread-1] INFO  impl.RaftServerImpl (ServerState.java:<init>(105)) - 9b918566-8d2f-4f38-9ce1-65f5cd084216:group-F7BB2564A246 ConfigurationManager, init=-1: [9b918566-8d2f-4f38-9ce1-65f5cd084216:192.168.36.79:46843], old=null, confs=<EMPTY_MAP>
2019-09-20 05:49:59,760 [pool-57-thread-1] INFO  server.RaftServerConfigKeys (ConfUtils.java:logGet(43)) - raft.server.storage.dir = [/workdir/hadoop-ozone/integration-test/target/test-dir/MiniOzoneClusterImpl-29dd0c8c-da21-41d6-af77-5f0a65600fbb/datanode-0/data/ratis] (custom)
2019-09-20 05:49:59,761 [pool-57-thread-1] INFO  storage.RaftStorageDirectory (RaftStorageDirectory.java:analyzeStorage(246)) - The storage directory /workdir/hadoop-ozone/integration-test/target/test-dir/MiniOzoneClusterImpl-29dd0c8c-da21-41d6-af77-5f0a65600fbb/datanode-0/data/ratis/a3e6f5cb-4c19-4d74-b355-f7bb2564a246 does not exist. Creating ...
2019-09-20 05:49:59,782 [pool-57-thread-1] INFO  storage.RaftStorageDirectory (RaftStorageDirectory.java:tryLock(328)) - Lock on /workdir/hadoop-ozone/integration-test/target/test-dir/MiniOzoneClusterImpl-29dd0c8c-da21-41d6-af77-5f0a65600fbb/datanode-0/data/ratis/a3e6f5cb-4c19-4d74-b355-f7bb2564a246/in_use.lock acquired by nodename 6907@pr-hdds-1569-s8kj2-2266485376
2019-09-20 05:49:59,800 | INFO  | SCMAudit | user=jenkins1000 | ip=192.168.36.79 | op=SEND_HEARTBEAT {datanodeUUID=9b918566-8d2f-4f38-9ce1-65f5cd084216, command=[]} | ret=SUCCESS |  
2019-09-20 05:49:59,810 [pool-57-thread-1] INFO  storage.RaftStorage (RaftStorage.java:format(72)) - Storage directory /workdir/hadoop-ozone/integration-test/target/test-dir/MiniOzoneClusterImpl-29dd0c8c-da21-41d6-af77-5f0a65600fbb/datanode-0/data/ratis/a3e6f5cb-4c19-4d74-b355-f7bb2564a246 has been successfully formatted.
2019-09-20 05:49:59,810 [pool-57-thread-1] INFO  ratis.ContainerStateMachine (ContainerStateMachine.java:loadSnapshot(226)) - group-F7BB2564A246: The snapshot info is null. Setting the last applied indexto:(t:0, i:~)
2019-09-20 05:49:59,811 [pool-57-thread-1] INFO  server.RaftServerConfigKeys (ConfUtils.java:logGet(43)) - raft.server.leader.election.timeout = 120s (custom)
2019-09-20 05:49:59,811 [pool-57-thread-1] INFO  server.RaftServerConfigKeys (ConfUtils.java:logGet(43)) - raft.server.log.use.memory = false (default)
2019-09-20 05:49:59,811 [pool-57-thread-1] INFO  server.RaftServerConfigKeys (ConfUtils.java:logGet(43)) - raft.server.log.purge.gap = 1000000 (custom)
2019-09-20 05:49:59,811 [pool-57-thread-1] INFO  server.RaftServerConfigKeys (ConfUtils.java:logGet(43)) - raft.server.log.appender.buffer.byte-limit = 33554432 (custom)
2019-09-20 05:49:59,811 [pool-57-thread-1] INFO  server.RaftServerConfigKeys (ConfUtils.java:logGet(43)) - raft.server.log.segment.size.max = 1048576 (custom)
2019-09-20 05:49:59,811 [pool-57-thread-1] INFO  server.RaftServerConfigKeys (ConfUtils.java:logGet(43)) - raft.server.log.segment.cache.num.max = 2 (custom)
2019-09-20 05:49:59,811 [pool-57-thread-1] INFO  segmented.SegmentedRaftLogWorker (SegmentedRaftLogWorker.java:<init>(172)) - new 9b918566-8d2f-4f38-9ce1-65f5cd084216-SegmentedRaftLogWorker:Storage Directory /workdir/hadoop-ozone/integration-test/target/test-dir/MiniOzoneClusterImpl-29dd0c8c-da21-41d6-af77-5f0a65600fbb/datanode-0/data/ratis/a3e6f5cb-4c19-4d74-b355-f7bb2564a246 for RaftStorage:Storage Directory /workdir/hadoop-ozone/integration-test/target/test-dir/MiniOzoneClusterImpl-29dd0c8c-da21-41d6-af77-5f0a65600fbb/datanode-0/data/ratis/a3e6f5cb-4c19-4d74-b355-f7bb2564a246
2019-09-20 05:49:59,812 [pool-57-thread-1] INFO  server.RaftServerConfigKeys (ConfUtils.java:logGet(43)) - raft.server.log.queue.byte-limit = 2147483647 (custom)
2019-09-20 05:49:59,812 [pool-57-thread-1] INFO  server.RaftServerConfigKeys (ConfUtils.java:logGet(43)) - raft.server.log.queue.element-limit = 1024 (custom)
2019-09-20 05:49:59,812 [pool-57-thread-1] INFO  server.RaftServerConfigKeys (ConfUtils.java:logGet(43)) - raft.server.log.segment.size.max = 1048576 (custom)
2019-09-20 05:49:59,812 [pool-57-thread-1] INFO  server.RaftServerConfigKeys (ConfUtils.java:logGet(43)) - raft.server.log.preallocated.size = 16384 (custom)
2019-09-20 05:49:59,812 [pool-57-thread-1] INFO  server.RaftServerConfigKeys (ConfUtils.java:logGet(43)) - raft.server.log.write.buffer.size = 33554432 (custom)
2019-09-20 05:49:59,812 [pool-57-thread-1] INFO  server.RaftServerConfigKeys (ConfUtils.java:logGet(43)) - raft.server.log.force.sync.num = 128 (default)
2019-09-20 05:49:59,812 [pool-57-thread-1] INFO  server.RaftServerConfigKeys (ConfUtils.java:logGet(43)) - raft.server.log.statemachine.data.sync = true (default)
2019-09-20 05:49:59,813 [pool-57-thread-1] INFO  server.RaftServerConfigKeys (ConfUtils.java:logGet(43)) - raft.server.log.statemachine.data.sync.timeout = 10s (default)
2019-09-20 05:49:59,813 [pool-57-thread-1] INFO  server.RaftServerConfigKeys (ConfUtils.java:logGet(43)) - raft.server.log.statemachine.data.sync.timeout.retry = -1 (default)
2019-09-20 05:49:59,813 [pool-57-thread-1] INFO  server.RaftServerConfigKeys (ConfUtils.java:logGet(43)) - raft.server.log.statemachine.data.caching.enabled = true (custom)
2019-09-20 05:49:59,813 [pool-57-thread-1] INFO  segmented.SegmentedRaftLogWorker (SegmentedRaftLogWorker.java:lambda$new$0(132)) - 9b918566-8d2f-4f38-9ce1-65f5cd084216-SegmentedRaftLogWorker:Storage Directory /workdir/hadoop-ozone/integration-test/target/test-dir/MiniOzoneClusterImpl-29dd0c8c-da21-41d6-af77-5f0a65600fbb/datanode-0/data/ratis/a3e6f5cb-4c19-4d74-b355-f7bb2564a246: flushIndex: setUnconditionally 0 -> -1
2019-09-20 05:49:59,813 [pool-57-thread-1] INFO  server.RaftServerConfigKeys (ConfUtils.java:logGet(43)) - raft.server.snapshot.auto.trigger.enabled = true (custom)
2019-09-20 05:49:59,814 [pool-57-thread-1] INFO  server.RaftServerConfigKeys (ConfUtils.java:logGet(43)) - raft.server.snapshot.auto.trigger.threshold = 1 (custom)
2019-09-20 05:49:59,814 [pool-57-thread-1] INFO  server.RaftServerConfigKeys (ConfUtils.java:logGet(43)) - raft.server.retrycache.expirytime = 600000ms (custom)
2019-09-20 05:49:59,814 [pool-57-thread-1] INFO  impl.RaftServerImpl (RaftServerImpl.java:start(180)) - 9b918566-8d2f-4f38-9ce1-65f5cd084216: start group-F7BB2564A246
2019-09-20 05:49:59,814 [pool-57-thread-1] INFO  impl.RaftServerImpl (RaftServerImpl.java:setRole(171)) - 9b918566-8d2f-4f38-9ce1-65f5cd084216:group-F7BB2564A246 changes role from null to FOLLOWER at term 0 for startAsFollower
2019-09-20 05:49:59,814 [pool-57-thread-1] INFO  impl.RoleInfo (RoleInfo.java:updateAndGet(143)) - 9b918566-8d2f-4f38-9ce1-65f5cd084216: start FollowerState
2019-09-20 05:49:59,815 [pool-57-thread-1] INFO  util.JmxRegister (JmxRegister.java:tryRegister(44)) - Successfully registered JMX Bean with object name Ratis:service=RaftServer,group=group-F7BB2564A246,id=9b918566-8d2f-4f38-9ce1-65f5cd084216
2019-09-20 05:49:59,816 [RatisPipelineUtilsThread] INFO  pipeline.PipelineStateManager (PipelineStateManager.java:addPipeline(56)) - Created pipeline Pipeline[ Id: a3e6f5cb-4c19-4d74-b355-f7bb2564a246, Nodes: 9b918566-8d2f-4f38-9ce1-65f5cd084216{ip: 192.168.36.79, host: pr-hdds-1569-s8kj2-2266485376, networkLocation: /default-rack, certSerialId: null}, Type:RATIS, Factor:ONE, State:OPEN]
2019-09-20 05:49:59,819 [grpc-default-executor-1] INFO  impl.RaftServerProxy (RaftServerProxy.java:addNew(89)) - 9b918566-8d2f-4f38-9ce1-65f5cd084216: addNew group-1FAB4902EBDA:[9b918566-8d2f-4f38-9ce1-65f5cd084216:192.168.36.79:46843] returns group-1FAB4902EBDA:java.util.concurrent.CompletableFuture@74e8768f[Not completed]
2019-09-20 05:49:59,820 [pool-57-thread-1] INFO  impl.RaftServerImpl (RaftServerImpl.java:<init>(93)) - 9b918566-8d2f-4f38-9ce1-65f5cd084216: new RaftServerImpl for group-1FAB4902EBDA:[9b918566-8d2f-4f38-9ce1-65f5cd084216:192.168.36.79:46843] with ContainerStateMachine:uninitialized
2019-09-20 05:49:59,820 [pool-57-thread-1] INFO  server.RaftServerConfigKeys (ConfUtils.java:logGet(43)) - raft.server.rpc.timeout.min = 5s (custom)
2019-09-20 05:49:59,820 [pool-57-thread-1] INFO  server.RaftServerConfigKeys (ConfUtils.java:logGet(43)) - raft.server.rpc.timeout.max = 5200ms (custom)
2019-09-20 05:49:59,820 [pool-57-thread-1] INFO  server.RaftServerConfigKeys (ConfUtils.java:logGet(43)) - raft.server.rpcslowness.timeout = 120s (custom)
2019-09-20 05:49:59,821 [pool-57-thread-1] INFO  server.RaftServerConfigKeys (ConfUtils.java:logGet(43)) - raft.server.sleep.deviation.threshold = 300 (default)
2019-09-20 05:49:59,821 [pool-57-thread-1] INFO  server.RaftServerConfigKeys (ConfUtils.java:logGet(43)) - raft.server.log.appender.install.snapshot.enabled = false (custom)
2019-09-20 05:49:59,821 [pool-57-thread-1] INFO  impl.RaftServerImpl (ServerState.java:<init>(105)) - 9b918566-8d2f-4f38-9ce1-65f5cd084216:group-1FAB4902EBDA ConfigurationManager, init=-1: [9b918566-8d2f-4f38-9ce1-65f5cd084216:192.168.36.79:46843], old=null, confs=<EMPTY_MAP>
2019-09-20 05:49:59,821 [pool-57-thread-1] INFO  server.RaftServerConfigKeys (ConfUtils.java:logGet(43)) - raft.server.storage.dir = [/workdir/hadoop-ozone/integration-test/target/test-dir/MiniOzoneClusterImpl-29dd0c8c-da21-41d6-af77-5f0a65600fbb/datanode-0/data/ratis] (custom)
2019-09-20 05:49:59,822 [pool-57-thread-1] INFO  storage.RaftStorageDirectory (RaftStorageDirectory.java:analyzeStorage(246)) - The storage directory /workdir/hadoop-ozone/integration-test/target/test-dir/MiniOzoneClusterImpl-29dd0c8c-da21-41d6-af77-5f0a65600fbb/datanode-0/data/ratis/bab29984-1025-4abd-803b-1fab4902ebda does not exist. Creating ...
2019-09-20 05:49:59,855 [pool-57-thread-1] INFO  storage.RaftStorageDirectory (RaftStorageDirectory.java:tryLock(328)) - Lock on /workdir/hadoop-ozone/integration-test/target/test-dir/MiniOzoneClusterImpl-29dd0c8c-da21-41d6-af77-5f0a65600fbb/datanode-0/data/ratis/bab29984-1025-4abd-803b-1fab4902ebda/in_use.lock acquired by nodename 6907@pr-hdds-1569-s8kj2-2266485376
2019-09-20 05:49:59,871 [pool-57-thread-1] INFO  storage.RaftStorage (RaftStorage.java:format(72)) - Storage directory /workdir/hadoop-ozone/integration-test/target/test-dir/MiniOzoneClusterImpl-29dd0c8c-da21-41d6-af77-5f0a65600fbb/datanode-0/data/ratis/bab29984-1025-4abd-803b-1fab4902ebda has been successfully formatted.
2019-09-20 05:49:59,871 [pool-57-thread-1] INFO  ratis.ContainerStateMachine (ContainerStateMachine.java:loadSnapshot(226)) - group-1FAB4902EBDA: The snapshot info is null. Setting the last applied indexto:(t:0, i:~)
2019-09-20 05:49:59,871 [pool-57-thread-1] INFO  server.RaftServerConfigKeys (ConfUtils.java:logGet(43)) - raft.server.leader.election.timeout = 120s (custom)
2019-09-20 05:49:59,871 [pool-57-thread-1] INFO  server.RaftServerConfigKeys (ConfUtils.java:logGet(43)) - raft.server.log.use.memory = false (default)
2019-09-20 05:49:59,871 [pool-57-thread-1] INFO  server.RaftServerConfigKeys (ConfUtils.java:logGet(43)) - raft.server.log.purge.gap = 1000000 (custom)
2019-09-20 05:49:59,872 [pool-57-thread-1] INFO  server.RaftServerConfigKeys (ConfUtils.java:logGet(43)) - raft.server.log.appender.buffer.byte-limit = 33554432 (custom)
2019-09-20 05:49:59,872 [pool-57-thread-1] INFO  server.RaftServerConfigKeys (ConfUtils.java:logGet(43)) - raft.server.log.segment.size.max = 1048576 (custom)
2019-09-20 05:49:59,872 [pool-57-thread-1] INFO  server.RaftServerConfigKeys (ConfUtils.java:logGet(43)) - raft.server.log.segment.cache.num.max = 2 (custom)
2019-09-20 05:49:59,872 [pool-57-thread-1] INFO  segmented.SegmentedRaftLogWorker (SegmentedRaftLogWorker.java:<init>(172)) - new 9b918566-8d2f-4f38-9ce1-65f5cd084216-SegmentedRaftLogWorker:Storage Directory /workdir/hadoop-ozone/integration-test/target/test-dir/MiniOzoneClusterImpl-29dd0c8c-da21-41d6-af77-5f0a65600fbb/datanode-0/data/ratis/bab29984-1025-4abd-803b-1fab4902ebda for RaftStorage:Storage Directory /workdir/hadoop-ozone/integration-test/target/test-dir/MiniOzoneClusterImpl-29dd0c8c-da21-41d6-af77-5f0a65600fbb/datanode-0/data/ratis/bab29984-1025-4abd-803b-1fab4902ebda
2019-09-20 05:49:59,872 [pool-57-thread-1] INFO  server.RaftServerConfigKeys (ConfUtils.java:logGet(43)) - raft.server.log.queue.byte-limit = 2147483647 (custom)
2019-09-20 05:49:59,872 [pool-57-thread-1] INFO  server.RaftServerConfigKeys (ConfUtils.java:logGet(43)) - raft.server.log.queue.element-limit = 1024 (custom)
2019-09-20 05:49:59,872 [pool-57-thread-1] INFO  server.RaftServerConfigKeys (ConfUtils.java:logGet(43)) - raft.server.log.segment.size.max = 1048576 (custom)
2019-09-20 05:49:59,872 [pool-57-thread-1] INFO  server.RaftServerConfigKeys (ConfUtils.java:logGet(43)) - raft.server.log.preallocated.size = 16384 (custom)
2019-09-20 05:49:59,873 [pool-57-thread-1] INFO  server.RaftServerConfigKeys (ConfUtils.java:logGet(43)) - raft.server.log.write.buffer.size = 33554432 (custom)
2019-09-20 05:49:59,873 [pool-57-thread-1] INFO  server.RaftServerConfigKeys (ConfUtils.java:logGet(43)) - raft.server.log.force.sync.num = 128 (default)
2019-09-20 05:49:59,873 [pool-57-thread-1] INFO  server.RaftServerConfigKeys (ConfUtils.java:logGet(43)) - raft.server.log.statemachine.data.sync = true (default)
2019-09-20 05:49:59,873 [pool-57-thread-1] INFO  server.RaftServerConfigKeys (ConfUtils.java:logGet(43)) - raft.server.log.statemachine.data.sync.timeout = 10s (default)
2019-09-20 05:49:59,873 [pool-57-thread-1] INFO  server.RaftServerConfigKeys (ConfUtils.java:logGet(43)) - raft.server.log.statemachine.data.sync.timeout.retry = -1 (default)
2019-09-20 05:49:59,873 [pool-57-thread-1] INFO  server.RaftServerConfigKeys (ConfUtils.java:logGet(43)) - raft.server.log.statemachine.data.caching.enabled = true (custom)
2019-09-20 05:49:59,873 [pool-57-thread-1] INFO  segmented.SegmentedRaftLogWorker (SegmentedRaftLogWorker.java:lambda$new$0(132)) - 9b918566-8d2f-4f38-9ce1-65f5cd084216-SegmentedRaftLogWorker:Storage Directory /workdir/hadoop-ozone/integration-test/target/test-dir/MiniOzoneClusterImpl-29dd0c8c-da21-41d6-af77-5f0a65600fbb/datanode-0/data/ratis/bab29984-1025-4abd-803b-1fab4902ebda: flushIndex: setUnconditionally 0 -> -1
2019-09-20 05:49:59,874 [pool-57-thread-1] INFO  server.RaftServerConfigKeys (ConfUtils.java:logGet(43)) - raft.server.snapshot.auto.trigger.enabled = true (custom)
2019-09-20 05:49:59,874 [pool-57-thread-1] INFO  server.RaftServerConfigKeys (ConfUtils.java:logGet(43)) - raft.server.snapshot.auto.trigger.threshold = 1 (custom)
2019-09-20 05:49:59,874 [pool-57-thread-1] INFO  server.RaftServerConfigKeys (ConfUtils.java:logGet(43)) - raft.server.retrycache.expirytime = 600000ms (custom)
2019-09-20 05:49:59,874 [pool-57-thread-1] INFO  impl.RaftServerImpl (RaftServerImpl.java:start(180)) - 9b918566-8d2f-4f38-9ce1-65f5cd084216: start group-1FAB4902EBDA
2019-09-20 05:49:59,874 [pool-57-thread-1] INFO  impl.RaftServerImpl (RaftServerImpl.java:setRole(171)) - 9b918566-8d2f-4f38-9ce1-65f5cd084216:group-1FAB4902EBDA changes role from null to FOLLOWER at term 0 for startAsFollower
2019-09-20 05:49:59,874 [pool-57-thread-1] INFO  impl.RoleInfo (RoleInfo.java:updateAndGet(143)) - 9b918566-8d2f-4f38-9ce1-65f5cd084216: start FollowerState
2019-09-20 05:49:59,875 [pool-57-thread-1] INFO  util.JmxRegister (JmxRegister.java:tryRegister(44)) - Successfully registered JMX Bean with object name Ratis:service=RaftServer,group=group-1FAB4902EBDA,id=9b918566-8d2f-4f38-9ce1-65f5cd084216
2019-09-20 05:49:59,876 [RatisPipelineUtilsThread] INFO  pipeline.PipelineStateManager (PipelineStateManager.java:addPipeline(56)) - Created pipeline Pipeline[ Id: bab29984-1025-4abd-803b-1fab4902ebda, Nodes: 9b918566-8d2f-4f38-9ce1-65f5cd084216{ip: 192.168.36.79, host: pr-hdds-1569-s8kj2-2266485376, networkLocation: /default-rack, certSerialId: null}, Type:RATIS, Factor:ONE, State:OPEN]
2019-09-20 05:49:59,879 [grpc-default-executor-1] INFO  impl.RaftServerProxy (RaftServerProxy.java:addNew(89)) - 9b918566-8d2f-4f38-9ce1-65f5cd084216: addNew group-8766366C6DFB:[9b918566-8d2f-4f38-9ce1-65f5cd084216:192.168.36.79:46843] returns group-8766366C6DFB:java.util.concurrent.CompletableFuture@511b6f40[Not completed]
2019-09-20 05:49:59,880 [pool-57-thread-1] INFO  impl.RaftServerImpl (RaftServerImpl.java:<init>(93)) - 9b918566-8d2f-4f38-9ce1-65f5cd084216: new RaftServerImpl for group-8766366C6DFB:[9b918566-8d2f-4f38-9ce1-65f5cd084216:192.168.36.79:46843] with ContainerStateMachine:uninitialized
2019-09-20 05:49:59,880 [pool-57-thread-1] INFO  server.RaftServerConfigKeys (ConfUtils.java:logGet(43)) - raft.server.rpc.timeout.min = 5s (custom)
2019-09-20 05:49:59,880 [pool-57-thread-1] INFO  server.RaftServerConfigKeys (ConfUtils.java:logGet(43)) - raft.server.rpc.timeout.max = 5200ms (custom)
2019-09-20 05:49:59,880 [pool-57-thread-1] INFO  server.RaftServerConfigKeys (ConfUtils.java:logGet(43)) - raft.server.rpcslowness.timeout = 120s (custom)
2019-09-20 05:49:59,881 [pool-57-thread-1] INFO  server.RaftServerConfigKeys (ConfUtils.java:logGet(43)) - raft.server.sleep.deviation.threshold = 300 (default)
2019-09-20 05:49:59,881 [pool-57-thread-1] INFO  server.RaftServerConfigKeys (ConfUtils.java:logGet(43)) - raft.server.log.appender.install.snapshot.enabled = false (custom)
2019-09-20 05:49:59,881 [pool-57-thread-1] INFO  impl.RaftServerImpl (ServerState.java:<init>(105)) - 9b918566-8d2f-4f38-9ce1-65f5cd084216:group-8766366C6DFB ConfigurationManager, init=-1: [9b918566-8d2f-4f38-9ce1-65f5cd084216:192.168.36.79:46843], old=null, confs=<EMPTY_MAP>
2019-09-20 05:49:59,881 [pool-57-thread-1] INFO  server.RaftServerConfigKeys (ConfUtils.java:logGet(43)) - raft.server.storage.dir = [/workdir/hadoop-ozone/integration-test/target/test-dir/MiniOzoneClusterImpl-29dd0c8c-da21-41d6-af77-5f0a65600fbb/datanode-0/data/ratis] (custom)
2019-09-20 05:49:59,881 [pool-57-thread-1] INFO  storage.RaftStorageDirectory (RaftStorageDirectory.java:analyzeStorage(246)) - The storage directory /workdir/hadoop-ozone/integration-test/target/test-dir/MiniOzoneClusterImpl-29dd0c8c-da21-41d6-af77-5f0a65600fbb/datanode-0/data/ratis/b192b1d2-f8c3-4f74-9156-8766366c6dfb does not exist. Creating ...
2019-09-20 05:49:59,905 [pool-57-thread-1] INFO  storage.RaftStorageDirectory (RaftStorageDirectory.java:tryLock(328)) - Lock on /workdir/hadoop-ozone/integration-test/target/test-dir/MiniOzoneClusterImpl-29dd0c8c-da21-41d6-af77-5f0a65600fbb/datanode-0/data/ratis/b192b1d2-f8c3-4f74-9156-8766366c6dfb/in_use.lock acquired by nodename 6907@pr-hdds-1569-s8kj2-2266485376
2019-09-20 05:49:59,966 [pool-57-thread-1] INFO  storage.RaftStorage (RaftStorage.java:format(72)) - Storage directory /workdir/hadoop-ozone/integration-test/target/test-dir/MiniOzoneClusterImpl-29dd0c8c-da21-41d6-af77-5f0a65600fbb/datanode-0/data/ratis/b192b1d2-f8c3-4f74-9156-8766366c6dfb has been successfully formatted.
2019-09-20 05:49:59,966 [pool-57-thread-1] INFO  ratis.ContainerStateMachine (ContainerStateMachine.java:loadSnapshot(226)) - group-8766366C6DFB: The snapshot info is null. Setting the last applied indexto:(t:0, i:~)
2019-09-20 05:49:59,967 [pool-57-thread-1] INFO  server.RaftServerConfigKeys (ConfUtils.java:logGet(43)) - raft.server.leader.election.timeout = 120s (custom)
2019-09-20 05:49:59,967 [pool-57-thread-1] INFO  server.RaftServerConfigKeys (ConfUtils.java:logGet(43)) - raft.server.log.use.memory = false (default)
2019-09-20 05:49:59,967 [pool-57-thread-1] INFO  server.RaftServerConfigKeys (ConfUtils.java:logGet(43)) - raft.server.log.purge.gap = 1000000 (custom)
2019-09-20 05:49:59,967 [pool-57-thread-1] INFO  server.RaftServerConfigKeys (ConfUtils.java:logGet(43)) - raft.server.log.appender.buffer.byte-limit = 33554432 (custom)
2019-09-20 05:49:59,967 [pool-57-thread-1] INFO  server.RaftServerConfigKeys (ConfUtils.java:logGet(43)) - raft.server.log.segment.size.max = 1048576 (custom)
2019-09-20 05:49:59,967 [pool-57-thread-1] INFO  server.RaftServerConfigKeys (ConfUtils.java:logGet(43)) - raft.server.log.segment.cache.num.max = 2 (custom)
2019-09-20 05:49:59,967 [pool-57-thread-1] INFO  segmented.SegmentedRaftLogWorker (SegmentedRaftLogWorker.java:<init>(172)) - new 9b918566-8d2f-4f38-9ce1-65f5cd084216-SegmentedRaftLogWorker:Storage Directory /workdir/hadoop-ozone/integration-test/target/test-dir/MiniOzoneClusterImpl-29dd0c8c-da21-41d6-af77-5f0a65600fbb/datanode-0/data/ratis/b192b1d2-f8c3-4f74-9156-8766366c6dfb for RaftStorage:Storage Directory /workdir/hadoop-ozone/integration-test/target/test-dir/MiniOzoneClusterImpl-29dd0c8c-da21-41d6-af77-5f0a65600fbb/datanode-0/data/ratis/b192b1d2-f8c3-4f74-9156-8766366c6dfb
2019-09-20 05:49:59,967 [pool-57-thread-1] INFO  server.RaftServerConfigKeys (ConfUtils.java:logGet(43)) - raft.server.log.queue.byte-limit = 2147483647 (custom)
2019-09-20 05:49:59,967 [pool-57-thread-1] INFO  server.RaftServerConfigKeys (ConfUtils.java:logGet(43)) - raft.server.log.queue.element-limit = 1024 (custom)
2019-09-20 05:49:59,968 [pool-57-thread-1] INFO  server.RaftServerConfigKeys (ConfUtils.java:logGet(43)) - raft.server.log.segment.size.max = 1048576 (custom)
2019-09-20 05:49:59,968 [pool-57-thread-1] INFO  server.RaftServerConfigKeys (ConfUtils.java:logGet(43)) - raft.server.log.preallocated.size = 16384 (custom)
2019-09-20 05:49:59,968 [pool-57-thread-1] INFO  server.RaftServerConfigKeys (ConfUtils.java:logGet(43)) - raft.server.log.write.buffer.size = 33554432 (custom)
2019-09-20 05:49:59,968 [pool-57-thread-1] INFO  server.RaftServerConfigKeys (ConfUtils.java:logGet(43)) - raft.server.log.force.sync.num = 128 (default)
2019-09-20 05:49:59,968 [pool-57-thread-1] INFO  server.RaftServerConfigKeys (ConfUtils.java:logGet(43)) - raft.server.log.statemachine.data.sync = true (default)
2019-09-20 05:49:59,968 [pool-57-thread-1] INFO  server.RaftServerConfigKeys (ConfUtils.java:logGet(43)) - raft.server.log.statemachine.data.sync.timeout = 10s (default)
2019-09-20 05:49:59,968 [pool-57-thread-1] INFO  server.RaftServerConfigKeys (ConfUtils.java:logGet(43)) - raft.server.log.statemachine.data.sync.timeout.retry = -1 (default)
2019-09-20 05:49:59,968 [pool-57-thread-1] INFO  server.RaftServerConfigKeys (ConfUtils.java:logGet(43)) - raft.server.log.statemachine.data.caching.enabled = true (custom)
2019-09-20 05:49:59,969 [pool-57-thread-1] INFO  segmented.SegmentedRaftLogWorker (SegmentedRaftLogWorker.java:lambda$new$0(132)) - 9b918566-8d2f-4f38-9ce1-65f5cd084216-SegmentedRaftLogWorker:Storage Directory /workdir/hadoop-ozone/integration-test/target/test-dir/MiniOzoneClusterImpl-29dd0c8c-da21-41d6-af77-5f0a65600fbb/datanode-0/data/ratis/b192b1d2-f8c3-4f74-9156-8766366c6dfb: flushIndex: setUnconditionally 0 -> -1
2019-09-20 05:49:59,969 [pool-57-thread-1] INFO  server.RaftServerConfigKeys (ConfUtils.java:logGet(43)) - raft.server.snapshot.auto.trigger.enabled = true (custom)
2019-09-20 05:49:59,969 [pool-57-thread-1] INFO  server.RaftServerConfigKeys (ConfUtils.java:logGet(43)) - raft.server.snapshot.auto.trigger.threshold = 1 (custom)
2019-09-20 05:49:59,969 [pool-57-thread-1] INFO  server.RaftServerConfigKeys (ConfUtils.java:logGet(43)) - raft.server.retrycache.expirytime = 600000ms (custom)
2019-09-20 05:49:59,969 [pool-57-thread-1] INFO  impl.RaftServerImpl (RaftServerImpl.java:start(180)) - 9b918566-8d2f-4f38-9ce1-65f5cd084216: start group-8766366C6DFB
2019-09-20 05:49:59,969 [pool-57-thread-1] INFO  impl.RaftServerImpl (RaftServerImpl.java:setRole(171)) - 9b918566-8d2f-4f38-9ce1-65f5cd084216:group-8766366C6DFB changes role from null to FOLLOWER at term 0 for startAsFollower
2019-09-20 05:49:59,969 [pool-57-thread-1] INFO  impl.RoleInfo (RoleInfo.java:updateAndGet(143)) - 9b918566-8d2f-4f38-9ce1-65f5cd084216: start FollowerState
2019-09-20 05:49:59,970 [pool-57-thread-1] INFO  util.JmxRegister (JmxRegister.java:tryRegister(44)) - Successfully registered JMX Bean with object name Ratis:service=RaftServer,group=group-8766366C6DFB,id=9b918566-8d2f-4f38-9ce1-65f5cd084216
2019-09-20 05:49:59,971 [RatisPipelineUtilsThread] INFO  pipeline.PipelineStateManager (PipelineStateManager.java:addPipeline(56)) - Created pipeline Pipeline[ Id: b192b1d2-f8c3-4f74-9156-8766366c6dfb, Nodes: 9b918566-8d2f-4f38-9ce1-65f5cd084216{ip: 192.168.36.79, host: pr-hdds-1569-s8kj2-2266485376, networkLocation: /default-rack, certSerialId: null}, Type:RATIS, Factor:ONE, State:OPEN]
2019-09-20 05:49:59,975 [grpc-default-executor-1] INFO  impl.RaftServerProxy (RaftServerProxy.java:addNew(89)) - 9b918566-8d2f-4f38-9ce1-65f5cd084216: addNew group-93887C2F4E7A:[9b918566-8d2f-4f38-9ce1-65f5cd084216:192.168.36.79:46843] returns group-93887C2F4E7A:java.util.concurrent.CompletableFuture@52f0c559[Not completed]
2019-09-20 05:49:59,975 [pool-57-thread-1] INFO  impl.RaftServerImpl (RaftServerImpl.java:<init>(93)) - 9b918566-8d2f-4f38-9ce1-65f5cd084216: new RaftServerImpl for group-93887C2F4E7A:[9b918566-8d2f-4f38-9ce1-65f5cd084216:192.168.36.79:46843] with ContainerStateMachine:uninitialized
2019-09-20 05:49:59,975 [pool-57-thread-1] INFO  server.RaftServerConfigKeys (ConfUtils.java:logGet(43)) - raft.server.rpc.timeout.min = 5s (custom)
2019-09-20 05:49:59,975 [pool-57-thread-1] INFO  server.RaftServerConfigKeys (ConfUtils.java:logGet(43)) - raft.server.rpc.timeout.max = 5200ms (custom)
2019-09-20 05:49:59,976 [pool-57-thread-1] INFO  server.RaftServerConfigKeys (ConfUtils.java:logGet(43)) - raft.server.rpcslowness.timeout = 120s (custom)
2019-09-20 05:49:59,976 [pool-57-thread-1] INFO  server.RaftServerConfigKeys (ConfUtils.java:logGet(43)) - raft.server.sleep.deviation.threshold = 300 (default)
2019-09-20 05:49:59,976 [pool-57-thread-1] INFO  server.RaftServerConfigKeys (ConfUtils.java:logGet(43)) - raft.server.log.appender.install.snapshot.enabled = false (custom)
2019-09-20 05:49:59,976 [pool-57-thread-1] INFO  impl.RaftServerImpl (ServerState.java:<init>(105)) - 9b918566-8d2f-4f38-9ce1-65f5cd084216:group-93887C2F4E7A ConfigurationManager, init=-1: [9b918566-8d2f-4f38-9ce1-65f5cd084216:192.168.36.79:46843], old=null, confs=<EMPTY_MAP>
2019-09-20 05:49:59,976 [pool-57-thread-1] INFO  server.RaftServerConfigKeys (ConfUtils.java:logGet(43)) - raft.server.storage.dir = [/workdir/hadoop-ozone/integration-test/target/test-dir/MiniOzoneClusterImpl-29dd0c8c-da21-41d6-af77-5f0a65600fbb/datanode-0/data/ratis] (custom)
2019-09-20 05:49:59,976 [pool-57-thread-1] INFO  storage.RaftStorageDirectory (RaftStorageDirectory.java:analyzeStorage(246)) - The storage directory /workdir/hadoop-ozone/integration-test/target/test-dir/MiniOzoneClusterImpl-29dd0c8c-da21-41d6-af77-5f0a65600fbb/datanode-0/data/ratis/e562f3f3-5a0d-4d26-993c-93887c2f4e7a does not exist. Creating ...
2019-09-20 05:50:00,000 | INFO  | SCMAudit | user=jenkins1000 | ip=192.168.36.79 | op=SEND_HEARTBEAT {datanodeUUID=9b918566-8d2f-4f38-9ce1-65f5cd084216, command=[]} | ret=SUCCESS |  
2019-09-20 05:50:00,008 [pool-57-thread-1] INFO  storage.RaftStorageDirectory (RaftStorageDirectory.java:tryLock(328)) - Lock on /workdir/hadoop-ozone/integration-test/target/test-dir/MiniOzoneClusterImpl-29dd0c8c-da21-41d6-af77-5f0a65600fbb/datanode-0/data/ratis/e562f3f3-5a0d-4d26-993c-93887c2f4e7a/in_use.lock acquired by nodename 6907@pr-hdds-1569-s8kj2-2266485376
2019-09-20 05:50:00,042 [pool-57-thread-1] INFO  storage.RaftStorage (RaftStorage.java:format(72)) - Storage directory /workdir/hadoop-ozone/integration-test/target/test-dir/MiniOzoneClusterImpl-29dd0c8c-da21-41d6-af77-5f0a65600fbb/datanode-0/data/ratis/e562f3f3-5a0d-4d26-993c-93887c2f4e7a has been successfully formatted.
2019-09-20 05:50:00,042 [pool-57-thread-1] INFO  ratis.ContainerStateMachine (ContainerStateMachine.java:loadSnapshot(226)) - group-93887C2F4E7A: The snapshot info is null. Setting the last applied indexto:(t:0, i:~)
2019-09-20 05:50:00,042 [pool-57-thread-1] INFO  server.RaftServerConfigKeys (ConfUtils.java:logGet(43)) - raft.server.leader.election.timeout = 120s (custom)
2019-09-20 05:50:00,043 [pool-57-thread-1] INFO  server.RaftServerConfigKeys (ConfUtils.java:logGet(43)) - raft.server.log.use.memory = false (default)
2019-09-20 05:50:00,043 [pool-57-thread-1] INFO  server.RaftServerConfigKeys (ConfUtils.java:logGet(43)) - raft.server.log.purge.gap = 1000000 (custom)
2019-09-20 05:50:00,043 [pool-57-thread-1] INFO  server.RaftServerConfigKeys (ConfUtils.java:logGet(43)) - raft.server.log.appender.buffer.byte-limit = 33554432 (custom)
2019-09-20 05:50:00,043 [pool-57-thread-1] INFO  server.RaftServerConfigKeys (ConfUtils.java:logGet(43)) - raft.server.log.segment.size.max = 1048576 (custom)
2019-09-20 05:50:00,043 [pool-57-thread-1] INFO  server.RaftServerConfigKeys (ConfUtils.java:logGet(43)) - raft.server.log.segment.cache.num.max = 2 (custom)
2019-09-20 05:50:00,043 [pool-57-thread-1] INFO  segmented.SegmentedRaftLogWorker (SegmentedRaftLogWorker.java:<init>(172)) - new 9b918566-8d2f-4f38-9ce1-65f5cd084216-SegmentedRaftLogWorker:Storage Directory /workdir/hadoop-ozone/integration-test/target/test-dir/MiniOzoneClusterImpl-29dd0c8c-da21-41d6-af77-5f0a65600fbb/datanode-0/data/ratis/e562f3f3-5a0d-4d26-993c-93887c2f4e7a for RaftStorage:Storage Directory /workdir/hadoop-ozone/integration-test/target/test-dir/MiniOzoneClusterImpl-29dd0c8c-da21-41d6-af77-5f0a65600fbb/datanode-0/data/ratis/e562f3f3-5a0d-4d26-993c-93887c2f4e7a
2019-09-20 05:50:00,043 [pool-57-thread-1] INFO  server.RaftServerConfigKeys (ConfUtils.java:logGet(43)) - raft.server.log.queue.byte-limit = 2147483647 (custom)
2019-09-20 05:50:00,044 [pool-57-thread-1] INFO  server.RaftServerConfigKeys (ConfUtils.java:logGet(43)) - raft.server.log.queue.element-limit = 1024 (custom)
2019-09-20 05:50:00,044 [pool-57-thread-1] INFO  server.RaftServerConfigKeys (ConfUtils.java:logGet(43)) - raft.server.log.segment.size.max = 1048576 (custom)
2019-09-20 05:50:00,044 [pool-57-thread-1] INFO  server.RaftServerConfigKeys (ConfUtils.java:logGet(43)) - raft.server.log.preallocated.size = 16384 (custom)
2019-09-20 05:50:00,044 [pool-57-thread-1] INFO  server.RaftServerConfigKeys (ConfUtils.java:logGet(43)) - raft.server.log.write.buffer.size = 33554432 (custom)
2019-09-20 05:50:00,044 [pool-57-thread-1] INFO  server.RaftServerConfigKeys (ConfUtils.java:logGet(43)) - raft.server.log.force.sync.num = 128 (default)
2019-09-20 05:50:00,044 [pool-57-thread-1] INFO  server.RaftServerConfigKeys (ConfUtils.java:logGet(43)) - raft.server.log.statemachine.data.sync = true (default)
2019-09-20 05:50:00,044 [pool-57-thread-1] INFO  server.RaftServerConfigKeys (ConfUtils.java:logGet(43)) - raft.server.log.statemachine.data.sync.timeout = 10s (default)
2019-09-20 05:50:00,045 [pool-57-thread-1] INFO  server.RaftServerConfigKeys (ConfUtils.java:logGet(43)) - raft.server.log.statemachine.data.sync.timeout.retry = -1 (default)
2019-09-20 05:50:00,045 [pool-57-thread-1] INFO  server.RaftServerConfigKeys (ConfUtils.java:logGet(43)) - raft.server.log.statemachine.data.caching.enabled = true (custom)
2019-09-20 05:50:00,045 [pool-57-thread-1] INFO  segmented.SegmentedRaftLogWorker (SegmentedRaftLogWorker.java:lambda$new$0(132)) - 9b918566-8d2f-4f38-9ce1-65f5cd084216-SegmentedRaftLogWorker:Storage Directory /workdir/hadoop-ozone/integration-test/target/test-dir/MiniOzoneClusterImpl-29dd0c8c-da21-41d6-af77-5f0a65600fbb/datanode-0/data/ratis/e562f3f3-5a0d-4d26-993c-93887c2f4e7a: flushIndex: setUnconditionally 0 -> -1
2019-09-20 05:50:00,045 [pool-57-thread-1] INFO  server.RaftServerConfigKeys (ConfUtils.java:logGet(43)) - raft.server.snapshot.auto.trigger.enabled = true (custom)
2019-09-20 05:50:00,046 [pool-57-thread-1] INFO  server.RaftServerConfigKeys (ConfUtils.java:logGet(43)) - raft.server.snapshot.auto.trigger.threshold = 1 (custom)
2019-09-20 05:50:00,046 [pool-57-thread-1] INFO  server.RaftServerConfigKeys (ConfUtils.java:logGet(43)) - raft.server.retrycache.expirytime = 600000ms (custom)
2019-09-20 05:50:00,046 [pool-57-thread-1] INFO  impl.RaftServerImpl (RaftServerImpl.java:start(180)) - 9b918566-8d2f-4f38-9ce1-65f5cd084216: start group-93887C2F4E7A
2019-09-20 05:50:00,046 [pool-57-thread-1] INFO  impl.RaftServerImpl (RaftServerImpl.java:setRole(171)) - 9b918566-8d2f-4f38-9ce1-65f5cd084216:group-93887C2F4E7A changes role from null to FOLLOWER at term 0 for startAsFollower
2019-09-20 05:50:00,046 [pool-57-thread-1] INFO  impl.RoleInfo (RoleInfo.java:updateAndGet(143)) - 9b918566-8d2f-4f38-9ce1-65f5cd084216: start FollowerState
2019-09-20 05:50:00,047 [pool-57-thread-1] INFO  util.JmxRegister (JmxRegister.java:tryRegister(44)) - Successfully registered JMX Bean with object name Ratis:service=RaftServer,group=group-93887C2F4E7A,id=9b918566-8d2f-4f38-9ce1-65f5cd084216
2019-09-20 05:50:00,049 [RatisPipelineUtilsThread] INFO  pipeline.PipelineStateManager (PipelineStateManager.java:addPipeline(56)) - Created pipeline Pipeline[ Id: e562f3f3-5a0d-4d26-993c-93887c2f4e7a, Nodes: 9b918566-8d2f-4f38-9ce1-65f5cd084216{ip: 192.168.36.79, host: pr-hdds-1569-s8kj2-2266485376, networkLocation: /default-rack, certSerialId: null}, Type:RATIS, Factor:ONE, State:OPEN]
2019-09-20 05:50:00,052 [grpc-default-executor-1] INFO  impl.RaftServerProxy (RaftServerProxy.java:addNew(89)) - 9b918566-8d2f-4f38-9ce1-65f5cd084216: addNew group-5E0425601D0E:[9b918566-8d2f-4f38-9ce1-65f5cd084216:192.168.36.79:46843] returns group-5E0425601D0E:java.util.concurrent.CompletableFuture@608eb6cf[Not completed]
2019-09-20 05:50:00,053 [pool-57-thread-1] INFO  impl.RaftServerImpl (RaftServerImpl.java:<init>(93)) - 9b918566-8d2f-4f38-9ce1-65f5cd084216: new RaftServerImpl for group-5E0425601D0E:[9b918566-8d2f-4f38-9ce1-65f5cd084216:192.168.36.79:46843] with ContainerStateMachine:uninitialized
2019-09-20 05:50:00,053 [pool-57-thread-1] INFO  server.RaftServerConfigKeys (ConfUtils.java:logGet(43)) - raft.server.rpc.timeout.min = 5s (custom)
2019-09-20 05:50:00,053 [pool-57-thread-1] INFO  server.RaftServerConfigKeys (ConfUtils.java:logGet(43)) - raft.server.rpc.timeout.max = 5200ms (custom)
2019-09-20 05:50:00,053 [pool-57-thread-1] INFO  server.RaftServerConfigKeys (ConfUtils.java:logGet(43)) - raft.server.rpcslowness.timeout = 120s (custom)
2019-09-20 05:50:00,054 [pool-57-thread-1] INFO  server.RaftServerConfigKeys (ConfUtils.java:logGet(43)) - raft.server.sleep.deviation.threshold = 300 (default)
2019-09-20 05:50:00,054 [pool-57-thread-1] INFO  server.RaftServerConfigKeys (ConfUtils.java:logGet(43)) - raft.server.log.appender.install.snapshot.enabled = false (custom)
2019-09-20 05:50:00,054 [pool-57-thread-1] INFO  impl.RaftServerImpl (ServerState.java:<init>(105)) - 9b918566-8d2f-4f38-9ce1-65f5cd084216:group-5E0425601D0E ConfigurationManager, init=-1: [9b918566-8d2f-4f38-9ce1-65f5cd084216:192.168.36.79:46843], old=null, confs=<EMPTY_MAP>
2019-09-20 05:50:00,054 [pool-57-thread-1] INFO  server.RaftServerConfigKeys (ConfUtils.java:logGet(43)) - raft.server.storage.dir = [/workdir/hadoop-ozone/integration-test/target/test-dir/MiniOzoneClusterImpl-29dd0c8c-da21-41d6-af77-5f0a65600fbb/datanode-0/data/ratis] (custom)
2019-09-20 05:50:00,055 [pool-57-thread-1] INFO  storage.RaftStorageDirectory (RaftStorageDirectory.java:analyzeStorage(246)) - The storage directory /workdir/hadoop-ozone/integration-test/target/test-dir/MiniOzoneClusterImpl-29dd0c8c-da21-41d6-af77-5f0a65600fbb/datanode-0/data/ratis/636ee454-a0c0-43f7-b332-5e0425601d0e does not exist. Creating ...
2019-09-20 05:50:00,084 [pool-57-thread-1] INFO  storage.RaftStorageDirectory (RaftStorageDirectory.java:tryLock(328)) - Lock on /workdir/hadoop-ozone/integration-test/target/test-dir/MiniOzoneClusterImpl-29dd0c8c-da21-41d6-af77-5f0a65600fbb/datanode-0/data/ratis/636ee454-a0c0-43f7-b332-5e0425601d0e/in_use.lock acquired by nodename 6907@pr-hdds-1569-s8kj2-2266485376
2019-09-20 05:50:00,109 [pool-57-thread-1] INFO  storage.RaftStorage (RaftStorage.java:format(72)) - Storage directory /workdir/hadoop-ozone/integration-test/target/test-dir/MiniOzoneClusterImpl-29dd0c8c-da21-41d6-af77-5f0a65600fbb/datanode-0/data/ratis/636ee454-a0c0-43f7-b332-5e0425601d0e has been successfully formatted.
2019-09-20 05:50:00,110 [pool-57-thread-1] INFO  ratis.ContainerStateMachine (ContainerStateMachine.java:loadSnapshot(226)) - group-5E0425601D0E: The snapshot info is null. Setting the last applied indexto:(t:0, i:~)
2019-09-20 05:50:00,110 [pool-57-thread-1] INFO  server.RaftServerConfigKeys (ConfUtils.java:logGet(43)) - raft.server.leader.election.timeout = 120s (custom)
2019-09-20 05:50:00,110 [pool-57-thread-1] INFO  server.RaftServerConfigKeys (ConfUtils.java:logGet(43)) - raft.server.log.use.memory = false (default)
2019-09-20 05:50:00,110 [pool-57-thread-1] INFO  server.RaftServerConfigKeys (ConfUtils.java:logGet(43)) - raft.server.log.purge.gap = 1000000 (custom)
2019-09-20 05:50:00,110 [pool-57-thread-1] INFO  server.RaftServerConfigKeys (ConfUtils.java:logGet(43)) - raft.server.log.appender.buffer.byte-limit = 33554432 (custom)
2019-09-20 05:50:00,110 [pool-57-thread-1] INFO  server.RaftServerConfigKeys (ConfUtils.java:logGet(43)) - raft.server.log.segment.size.max = 1048576 (custom)
2019-09-20 05:50:00,110 [pool-57-thread-1] INFO  server.RaftServerConfigKeys (ConfUtils.java:logGet(43)) - raft.server.log.segment.cache.num.max = 2 (custom)
2019-09-20 05:50:00,110 [pool-57-thread-1] INFO  segmented.SegmentedRaftLogWorker (SegmentedRaftLogWorker.java:<init>(172)) - new 9b918566-8d2f-4f38-9ce1-65f5cd084216-SegmentedRaftLogWorker:Storage Directory /workdir/hadoop-ozone/integration-test/target/test-dir/MiniOzoneClusterImpl-29dd0c8c-da21-41d6-af77-5f0a65600fbb/datanode-0/data/ratis/636ee454-a0c0-43f7-b332-5e0425601d0e for RaftStorage:Storage Directory /workdir/hadoop-ozone/integration-test/target/test-dir/MiniOzoneClusterImpl-29dd0c8c-da21-41d6-af77-5f0a65600fbb/datanode-0/data/ratis/636ee454-a0c0-43f7-b332-5e0425601d0e
2019-09-20 05:50:00,111 [pool-57-thread-1] INFO  server.RaftServerConfigKeys (ConfUtils.java:logGet(43)) - raft.server.log.queue.byte-limit = 2147483647 (custom)
2019-09-20 05:50:00,111 [pool-57-thread-1] INFO  server.RaftServerConfigKeys (ConfUtils.java:logGet(43)) - raft.server.log.queue.element-limit = 1024 (custom)
2019-09-20 05:50:00,111 [pool-57-thread-1] INFO  server.RaftServerConfigKeys (ConfUtils.java:logGet(43)) - raft.server.log.segment.size.max = 1048576 (custom)
2019-09-20 05:50:00,111 [pool-57-thread-1] INFO  server.RaftServerConfigKeys (ConfUtils.java:logGet(43)) - raft.server.log.preallocated.size = 16384 (custom)
2019-09-20 05:50:00,111 [pool-57-thread-1] INFO  server.RaftServerConfigKeys (ConfUtils.java:logGet(43)) - raft.server.log.write.buffer.size = 33554432 (custom)
2019-09-20 05:50:00,111 [pool-57-thread-1] INFO  server.RaftServerConfigKeys (ConfUtils.java:logGet(43)) - raft.server.log.force.sync.num = 128 (default)
2019-09-20 05:50:00,111 [pool-57-thread-1] INFO  server.RaftServerConfigKeys (ConfUtils.java:logGet(43)) - raft.server.log.statemachine.data.sync = true (default)
2019-09-20 05:50:00,112 [pool-57-thread-1] INFO  server.RaftServerConfigKeys (ConfUtils.java:logGet(43)) - raft.server.log.statemachine.data.sync.timeout = 10s (default)
2019-09-20 05:50:00,112 [pool-57-thread-1] INFO  server.RaftServerConfigKeys (ConfUtils.java:logGet(43)) - raft.server.log.statemachine.data.sync.timeout.retry = -1 (default)
2019-09-20 05:50:00,112 [pool-57-thread-1] INFO  server.RaftServerConfigKeys (ConfUtils.java:logGet(43)) - raft.server.log.statemachine.data.caching.enabled = true (custom)
2019-09-20 05:50:00,112 [pool-57-thread-1] INFO  segmented.SegmentedRaftLogWorker (SegmentedRaftLogWorker.java:lambda$new$0(132)) - 9b918566-8d2f-4f38-9ce1-65f5cd084216-SegmentedRaftLogWorker:Storage Directory /workdir/hadoop-ozone/integration-test/target/test-dir/MiniOzoneClusterImpl-29dd0c8c-da21-41d6-af77-5f0a65600fbb/datanode-0/data/ratis/636ee454-a0c0-43f7-b332-5e0425601d0e: flushIndex: setUnconditionally 0 -> -1
2019-09-20 05:50:00,112 [pool-57-thread-1] INFO  server.RaftServerConfigKeys (ConfUtils.java:logGet(43)) - raft.server.snapshot.auto.trigger.enabled = true (custom)
2019-09-20 05:50:00,113 [pool-57-thread-1] INFO  server.RaftServerConfigKeys (ConfUtils.java:logGet(43)) - raft.server.snapshot.auto.trigger.threshold = 1 (custom)
2019-09-20 05:50:00,113 [pool-57-thread-1] INFO  server.RaftServerConfigKeys (ConfUtils.java:logGet(43)) - raft.server.retrycache.expirytime = 600000ms (custom)
2019-09-20 05:50:00,113 [pool-57-thread-1] INFO  impl.RaftServerImpl (RaftServerImpl.java:start(180)) - 9b918566-8d2f-4f38-9ce1-65f5cd084216: start group-5E0425601D0E
2019-09-20 05:50:00,113 [pool-57-thread-1] INFO  impl.RaftServerImpl (RaftServerImpl.java:setRole(171)) - 9b918566-8d2f-4f38-9ce1-65f5cd084216:group-5E0425601D0E changes role from null to FOLLOWER at term 0 for startAsFollower
2019-09-20 05:50:00,113 [pool-57-thread-1] INFO  impl.RoleInfo (RoleInfo.java:updateAndGet(143)) - 9b918566-8d2f-4f38-9ce1-65f5cd084216: start FollowerState
2019-09-20 05:50:00,113 [pool-57-thread-1] INFO  util.JmxRegister (JmxRegister.java:tryRegister(44)) - Successfully registered JMX Bean with object name Ratis:service=RaftServer,group=group-5E0425601D0E,id=9b918566-8d2f-4f38-9ce1-65f5cd084216
2019-09-20 05:50:00,115 [RatisPipelineUtilsThread] INFO  pipeline.PipelineStateManager (PipelineStateManager.java:addPipeline(56)) - Created pipeline Pipeline[ Id: 636ee454-a0c0-43f7-b332-5e0425601d0e, Nodes: 9b918566-8d2f-4f38-9ce1-65f5cd084216{ip: 192.168.36.79, host: pr-hdds-1569-s8kj2-2266485376, networkLocation: /default-rack, certSerialId: null}, Type:RATIS, Factor:ONE, State:OPEN]
2019-09-20 05:50:00,118 [grpc-default-executor-1] INFO  impl.RaftServerProxy (RaftServerProxy.java:addNew(89)) - 9b918566-8d2f-4f38-9ce1-65f5cd084216: addNew group-7D0C9681D055:[9b918566-8d2f-4f38-9ce1-65f5cd084216:192.168.36.79:46843] returns group-7D0C9681D055:java.util.concurrent.CompletableFuture@df9751c[Not completed]
2019-09-20 05:50:00,119 [pool-57-thread-1] INFO  impl.RaftServerImpl (RaftServerImpl.java:<init>(93)) - 9b918566-8d2f-4f38-9ce1-65f5cd084216: new RaftServerImpl for group-7D0C9681D055:[9b918566-8d2f-4f38-9ce1-65f5cd084216:192.168.36.79:46843] with ContainerStateMachine:uninitialized
2019-09-20 05:50:00,119 [pool-57-thread-1] INFO  server.RaftServerConfigKeys (ConfUtils.java:logGet(43)) - raft.server.rpc.timeout.min = 5s (custom)
2019-09-20 05:50:00,120 [pool-57-thread-1] INFO  server.RaftServerConfigKeys (ConfUtils.java:logGet(43)) - raft.server.rpc.timeout.max = 5200ms (custom)
2019-09-20 05:50:00,120 [pool-57-thread-1] INFO  server.RaftServerConfigKeys (ConfUtils.java:logGet(43)) - raft.server.rpcslowness.timeout = 120s (custom)
2019-09-20 05:50:00,120 [pool-57-thread-1] INFO  server.RaftServerConfigKeys (ConfUtils.java:logGet(43)) - raft.server.sleep.deviation.threshold = 300 (default)
2019-09-20 05:50:00,120 [pool-57-thread-1] INFO  server.RaftServerConfigKeys (ConfUtils.java:logGet(43)) - raft.server.log.appender.install.snapshot.enabled = false (custom)
2019-09-20 05:50:00,120 [pool-57-thread-1] INFO  impl.RaftServerImpl (ServerState.java:<init>(105)) - 9b918566-8d2f-4f38-9ce1-65f5cd084216:group-7D0C9681D055 ConfigurationManager, init=-1: [9b918566-8d2f-4f38-9ce1-65f5cd084216:192.168.36.79:46843], old=null, confs=<EMPTY_MAP>
2019-09-20 05:50:00,120 [pool-57-thread-1] INFO  server.RaftServerConfigKeys (ConfUtils.java:logGet(43)) - raft.server.storage.dir = [/workdir/hadoop-ozone/integration-test/target/test-dir/MiniOzoneClusterImpl-29dd0c8c-da21-41d6-af77-5f0a65600fbb/datanode-0/data/ratis] (custom)
2019-09-20 05:50:00,121 [pool-57-thread-1] INFO  storage.RaftStorageDirectory (RaftStorageDirectory.java:analyzeStorage(246)) - The storage directory /workdir/hadoop-ozone/integration-test/target/test-dir/MiniOzoneClusterImpl-29dd0c8c-da21-41d6-af77-5f0a65600fbb/datanode-0/data/ratis/877a390b-d7de-4a37-9853-7d0c9681d055 does not exist. Creating ...
2019-09-20 05:50:00,151 [pool-57-thread-1] INFO  storage.RaftStorageDirectory (RaftStorageDirectory.java:tryLock(328)) - Lock on /workdir/hadoop-ozone/integration-test/target/test-dir/MiniOzoneClusterImpl-29dd0c8c-da21-41d6-af77-5f0a65600fbb/datanode-0/data/ratis/877a390b-d7de-4a37-9853-7d0c9681d055/in_use.lock acquired by nodename 6907@pr-hdds-1569-s8kj2-2266485376
2019-09-20 05:50:00,200 | INFO  | SCMAudit | user=jenkins1000 | ip=192.168.36.79 | op=SEND_HEARTBEAT {datanodeUUID=9b918566-8d2f-4f38-9ce1-65f5cd084216, command=[]} | ret=SUCCESS |  
2019-09-20 05:50:00,210 [pool-57-thread-1] INFO  storage.RaftStorage (RaftStorage.java:format(72)) - Storage directory /workdir/hadoop-ozone/integration-test/target/test-dir/MiniOzoneClusterImpl-29dd0c8c-da21-41d6-af77-5f0a65600fbb/datanode-0/data/ratis/877a390b-d7de-4a37-9853-7d0c9681d055 has been successfully formatted.
2019-09-20 05:50:00,210 [pool-57-thread-1] INFO  ratis.ContainerStateMachine (ContainerStateMachine.java:loadSnapshot(226)) - group-7D0C9681D055: The snapshot info is null. Setting the last applied indexto:(t:0, i:~)
2019-09-20 05:50:00,211 [pool-57-thread-1] INFO  server.RaftServerConfigKeys (ConfUtils.java:logGet(43)) - raft.server.leader.election.timeout = 120s (custom)
2019-09-20 05:50:00,211 [pool-57-thread-1] INFO  server.RaftServerConfigKeys (ConfUtils.java:logGet(43)) - raft.server.log.use.memory = false (default)
2019-09-20 05:50:00,211 [pool-57-thread-1] INFO  server.RaftServerConfigKeys (ConfUtils.java:logGet(43)) - raft.server.log.purge.gap = 1000000 (custom)
2019-09-20 05:50:00,211 [pool-57-thread-1] INFO  server.RaftServerConfigKeys (ConfUtils.java:logGet(43)) - raft.server.log.appender.buffer.byte-limit = 33554432 (custom)
2019-09-20 05:50:00,211 [pool-57-thread-1] INFO  server.RaftServerConfigKeys (ConfUtils.java:logGet(43)) - raft.server.log.segment.size.max = 1048576 (custom)
2019-09-20 05:50:00,211 [pool-57-thread-1] INFO  server.RaftServerConfigKeys (ConfUtils.java:logGet(43)) - raft.server.log.segment.cache.num.max = 2 (custom)
2019-09-20 05:50:00,211 [pool-57-thread-1] INFO  segmented.SegmentedRaftLogWorker (SegmentedRaftLogWorker.java:<init>(172)) - new 9b918566-8d2f-4f38-9ce1-65f5cd084216-SegmentedRaftLogWorker:Storage Directory /workdir/hadoop-ozone/integration-test/target/test-dir/MiniOzoneClusterImpl-29dd0c8c-da21-41d6-af77-5f0a65600fbb/datanode-0/data/ratis/877a390b-d7de-4a37-9853-7d0c9681d055 for RaftStorage:Storage Directory /workdir/hadoop-ozone/integration-test/target/test-dir/MiniOzoneClusterImpl-29dd0c8c-da21-41d6-af77-5f0a65600fbb/datanode-0/data/ratis/877a390b-d7de-4a37-9853-7d0c9681d055
2019-09-20 05:50:00,212 [pool-57-thread-1] INFO  server.RaftServerConfigKeys (ConfUtils.java:logGet(43)) - raft.server.log.queue.byte-limit = 2147483647 (custom)
2019-09-20 05:50:00,212 [pool-57-thread-1] INFO  server.RaftServerConfigKeys (ConfUtils.java:logGet(43)) - raft.server.log.queue.element-limit = 1024 (custom)
2019-09-20 05:50:00,212 [pool-57-thread-1] INFO  server.RaftServerConfigKeys (ConfUtils.java:logGet(43)) - raft.server.log.segment.size.max = 1048576 (custom)
2019-09-20 05:50:00,212 [pool-57-thread-1] INFO  server.RaftServerConfigKeys (ConfUtils.java:logGet(43)) - raft.server.log.preallocated.size = 16384 (custom)
2019-09-20 05:50:00,212 [pool-57-thread-1] INFO  server.RaftServerConfigKeys (ConfUtils.java:logGet(43)) - raft.server.log.write.buffer.size = 33554432 (custom)
2019-09-20 05:50:00,212 [pool-57-thread-1] INFO  server.RaftServerConfigKeys (ConfUtils.java:logGet(43)) - raft.server.log.force.sync.num = 128 (default)
2019-09-20 05:50:00,212 [pool-57-thread-1] INFO  server.RaftServerConfigKeys (ConfUtils.java:logGet(43)) - raft.server.log.statemachine.data.sync = true (default)
2019-09-20 05:50:00,212 [pool-57-thread-1] INFO  server.RaftServerConfigKeys (ConfUtils.java:logGet(43)) - raft.server.log.statemachine.data.sync.timeout = 10s (default)
2019-09-20 05:50:00,213 [pool-57-thread-1] INFO  server.RaftServerConfigKeys (ConfUtils.java:logGet(43)) - raft.server.log.statemachine.data.sync.timeout.retry = -1 (default)
2019-09-20 05:50:00,213 [pool-57-thread-1] INFO  server.RaftServerConfigKeys (ConfUtils.java:logGet(43)) - raft.server.log.statemachine.data.caching.enabled = true (custom)
2019-09-20 05:50:00,213 [pool-57-thread-1] INFO  segmented.SegmentedRaftLogWorker (SegmentedRaftLogWorker.java:lambda$new$0(132)) - 9b918566-8d2f-4f38-9ce1-65f5cd084216-SegmentedRaftLogWorker:Storage Directory /workdir/hadoop-ozone/integration-test/target/test-dir/MiniOzoneClusterImpl-29dd0c8c-da21-41d6-af77-5f0a65600fbb/datanode-0/data/ratis/877a390b-d7de-4a37-9853-7d0c9681d055: flushIndex: setUnconditionally 0 -> -1
2019-09-20 05:50:00,213 [pool-57-thread-1] INFO  server.RaftServerConfigKeys (ConfUtils.java:logGet(43)) - raft.server.snapshot.auto.trigger.enabled = true (custom)
2019-09-20 05:50:00,213 [pool-57-thread-1] INFO  server.RaftServerConfigKeys (ConfUtils.java:logGet(43)) - raft.server.snapshot.auto.trigger.threshold = 1 (custom)
2019-09-20 05:50:00,214 [pool-57-thread-1] INFO  server.RaftServerConfigKeys (ConfUtils.java:logGet(43)) - raft.server.retrycache.expirytime = 600000ms (custom)
2019-09-20 05:50:00,214 [pool-57-thread-1] INFO  impl.RaftServerImpl (RaftServerImpl.java:start(180)) - 9b918566-8d2f-4f38-9ce1-65f5cd084216: start group-7D0C9681D055
2019-09-20 05:50:00,214 [pool-57-thread-1] INFO  impl.RaftServerImpl (RaftServerImpl.java:setRole(171)) - 9b918566-8d2f-4f38-9ce1-65f5cd084216:group-7D0C9681D055 changes role from null to FOLLOWER at term 0 for startAsFollower
2019-09-20 05:50:00,214 [pool-57-thread-1] INFO  impl.RoleInfo (RoleInfo.java:updateAndGet(143)) - 9b918566-8d2f-4f38-9ce1-65f5cd084216: start FollowerState
2019-09-20 05:50:00,214 [pool-57-thread-1] INFO  util.JmxRegister (JmxRegister.java:tryRegister(44)) - Successfully registered JMX Bean with object name Ratis:service=RaftServer,group=group-7D0C9681D055,id=9b918566-8d2f-4f38-9ce1-65f5cd084216
2019-09-20 05:50:00,216 [RatisPipelineUtilsThread] INFO  pipeline.PipelineStateManager (PipelineStateManager.java:addPipeline(56)) - Created pipeline Pipeline[ Id: 877a390b-d7de-4a37-9853-7d0c9681d055, Nodes: 9b918566-8d2f-4f38-9ce1-65f5cd084216{ip: 192.168.36.79, host: pr-hdds-1569-s8kj2-2266485376, networkLocation: /default-rack, certSerialId: null}, Type:RATIS, Factor:ONE, State:OPEN]
2019-09-20 05:50:00,219 [grpc-default-executor-1] INFO  impl.RaftServerProxy (RaftServerProxy.java:addNew(89)) - 9b918566-8d2f-4f38-9ce1-65f5cd084216: addNew group-B51181B3E2D6:[9b918566-8d2f-4f38-9ce1-65f5cd084216:192.168.36.79:46843] returns group-B51181B3E2D6:java.util.concurrent.CompletableFuture@5fdb9695[Not completed]
2019-09-20 05:50:00,220 [pool-57-thread-1] INFO  impl.RaftServerImpl (RaftServerImpl.java:<init>(93)) - 9b918566-8d2f-4f38-9ce1-65f5cd084216: new RaftServerImpl for group-B51181B3E2D6:[9b918566-8d2f-4f38-9ce1-65f5cd084216:192.168.36.79:46843] with ContainerStateMachine:uninitialized
2019-09-20 05:50:00,220 [pool-57-thread-1] INFO  server.RaftServerConfigKeys (ConfUtils.java:logGet(43)) - raft.server.rpc.timeout.min = 5s (custom)
2019-09-20 05:50:00,220 [pool-57-thread-1] INFO  server.RaftServerConfigKeys (ConfUtils.java:logGet(43)) - raft.server.rpc.timeout.max = 5200ms (custom)
2019-09-20 05:50:00,220 [pool-57-thread-1] INFO  server.RaftServerConfigKeys (ConfUtils.java:logGet(43)) - raft.server.rpcslowness.timeout = 120s (custom)
2019-09-20 05:50:00,220 [pool-57-thread-1] INFO  server.RaftServerConfigKeys (ConfUtils.java:logGet(43)) - raft.server.sleep.deviation.threshold = 300 (default)
2019-09-20 05:50:00,221 [pool-57-thread-1] INFO  server.RaftServerConfigKeys (ConfUtils.java:logGet(43)) - raft.server.log.appender.install.snapshot.enabled = false (custom)
2019-09-20 05:50:00,221 [pool-57-thread-1] INFO  impl.RaftServerImpl (ServerState.java:<init>(105)) - 9b918566-8d2f-4f38-9ce1-65f5cd084216:group-B51181B3E2D6 ConfigurationManager, init=-1: [9b918566-8d2f-4f38-9ce1-65f5cd084216:192.168.36.79:46843], old=null, confs=<EMPTY_MAP>
2019-09-20 05:50:00,221 [pool-57-thread-1] INFO  server.RaftServerConfigKeys (ConfUtils.java:logGet(43)) - raft.server.storage.dir = [/workdir/hadoop-ozone/integration-test/target/test-dir/MiniOzoneClusterImpl-29dd0c8c-da21-41d6-af77-5f0a65600fbb/datanode-0/data/ratis] (custom)
2019-09-20 05:50:00,221 [pool-57-thread-1] INFO  storage.RaftStorageDirectory (RaftStorageDirectory.java:analyzeStorage(246)) - The storage directory /workdir/hadoop-ozone/integration-test/target/test-dir/MiniOzoneClusterImpl-29dd0c8c-da21-41d6-af77-5f0a65600fbb/datanode-0/data/ratis/c03f9653-c16a-4b70-8b3b-b51181b3e2d6 does not exist. Creating ...
2019-09-20 05:50:00,236 [Thread-3174] INFO  impl.FollowerState (FollowerState.java:run(106)) - 9b918566-8d2f-4f38-9ce1-65f5cd084216:group-933EADDF2E12 changes to CANDIDATE, lastRpcTime:5044, electionTimeout:5044ms
2019-09-20 05:50:00,236 [Thread-3174] INFO  impl.RoleInfo (RoleInfo.java:shutdownFollowerState(121)) - 9b918566-8d2f-4f38-9ce1-65f5cd084216: shutdown FollowerState
2019-09-20 05:50:00,236 [Thread-3174] INFO  impl.RaftServerImpl (RaftServerImpl.java:setRole(171)) - 9b918566-8d2f-4f38-9ce1-65f5cd084216:group-933EADDF2E12 changes role from FOLLOWER to CANDIDATE at term 0 for changeToCandidate
2019-09-20 05:50:00,236 [Thread-3174] INFO  impl.RoleInfo (RoleInfo.java:updateAndGet(143)) - 9b918566-8d2f-4f38-9ce1-65f5cd084216: start LeaderElection
2019-09-20 05:50:00,252 [pool-57-thread-1] INFO  storage.RaftStorageDirectory (RaftStorageDirectory.java:tryLock(328)) - Lock on /workdir/hadoop-ozone/integration-test/target/test-dir/MiniOzoneClusterImpl-29dd0c8c-da21-41d6-af77-5f0a65600fbb/datanode-0/data/ratis/c03f9653-c16a-4b70-8b3b-b51181b3e2d6/in_use.lock acquired by nodename 6907@pr-hdds-1569-s8kj2-2266485376
2019-09-20 05:50:00,252 [9b918566-8d2f-4f38-9ce1-65f5cd084216:group-933EADDF2E12:LeaderElection394] INFO  impl.LeaderElection (LeaderElection.java:askForVotes(181)) - 9b918566-8d2f-4f38-9ce1-65f5cd084216:group-933EADDF2E12:LeaderElection394: begin an election at term 1 for -1: [9b918566-8d2f-4f38-9ce1-65f5cd084216:192.168.36.79:46843], old=null
2019-09-20 05:50:00,252 [9b918566-8d2f-4f38-9ce1-65f5cd084216:group-933EADDF2E12:LeaderElection394] INFO  impl.RoleInfo (RoleInfo.java:shutdownLeaderElection(134)) - 9b918566-8d2f-4f38-9ce1-65f5cd084216: shutdown LeaderElection
2019-09-20 05:50:00,253 [9b918566-8d2f-4f38-9ce1-65f5cd084216:group-933EADDF2E12:LeaderElection394] INFO  impl.RaftServerImpl (RaftServerImpl.java:setRole(171)) - 9b918566-8d2f-4f38-9ce1-65f5cd084216:group-933EADDF2E12 changes role from CANDIDATE to LEADER at term 1 for changeToLeader
2019-09-20 05:50:00,253 [9b918566-8d2f-4f38-9ce1-65f5cd084216:group-933EADDF2E12:LeaderElection394] INFO  impl.RaftServerImpl (ServerState.java:setLeader(263)) - 9b918566-8d2f-4f38-9ce1-65f5cd084216:group-933EADDF2E12 change Leader from null to 9b918566-8d2f-4f38-9ce1-65f5cd084216 at term 1 for becomeLeader, leader elected after 5064ms
2019-09-20 05:50:00,253 [9b918566-8d2f-4f38-9ce1-65f5cd084216:group-933EADDF2E12:LeaderElection394] INFO  server.RaftServerConfigKeys (ConfUtils.java:logGet(43)) - raft.server.staging.catchup.gap = 1000 (default)
2019-09-20 05:50:00,253 [9b918566-8d2f-4f38-9ce1-65f5cd084216:group-933EADDF2E12:LeaderElection394] INFO  server.RaftServerConfigKeys (ConfUtils.java:logGet(43)) - raft.server.rpc.sleep.time = 25ms (default)
2019-09-20 05:50:00,253 [9b918566-8d2f-4f38-9ce1-65f5cd084216:group-933EADDF2E12:LeaderElection394] INFO  server.RaftServerConfigKeys (ConfUtils.java:logGet(43)) - raft.server.write.element-limit = 4096 (default)
2019-09-20 05:50:00,253 [9b918566-8d2f-4f38-9ce1-65f5cd084216:group-933EADDF2E12:LeaderElection394] INFO  server.RaftServerConfigKeys (ConfUtils.java:logGet(43)) - raft.server.watch.timeout = 10s (default)
2019-09-20 05:50:00,253 [9b918566-8d2f-4f38-9ce1-65f5cd084216:group-933EADDF2E12:LeaderElection394] INFO  server.RaftServerConfigKeys (ConfUtils.java:logGet(43)) - raft.server.watch.timeout.denomination = 1s (default)
2019-09-20 05:50:00,253 [9b918566-8d2f-4f38-9ce1-65f5cd084216:group-933EADDF2E12:LeaderElection394] INFO  server.RaftServerConfigKeys (ConfUtils.java:logGet(43)) - raft.server.watch.element-limit = 65536 (default)
2019-09-20 05:50:00,253 [9b918566-8d2f-4f38-9ce1-65f5cd084216:group-933EADDF2E12:LeaderElection394] INFO  impl.RoleInfo (RoleInfo.java:updateAndGet(143)) - 9b918566-8d2f-4f38-9ce1-65f5cd084216: start LeaderState
2019-09-20 05:50:00,254 [9b918566-8d2f-4f38-9ce1-65f5cd084216:group-933EADDF2E12:LeaderElection394] INFO  segmented.SegmentedRaftLogWorker (SegmentedRaftLogWorker.java:startLogSegment(380)) - 9b918566-8d2f-4f38-9ce1-65f5cd084216-SegmentedRaftLogWorker:Storage Directory /workdir/hadoop-ozone/integration-test/target/test-dir/MiniOzoneClusterImpl-29dd0c8c-da21-41d6-af77-5f0a65600fbb/datanode-0/data/ratis/e1295186-89bd-4385-934d-933eaddf2e12: Starting segment from index:0
2019-09-20 05:50:00,254 [9b918566-8d2f-4f38-9ce1-65f5cd084216:group-933EADDF2E12:LeaderElection394] INFO  impl.RaftServerImpl (ServerState.java:setRaftConf(361)) - 9b918566-8d2f-4f38-9ce1-65f5cd084216:group-933EADDF2E12 set configuration 0: [9b918566-8d2f-4f38-9ce1-65f5cd084216:192.168.36.79:46843], old=null at 0
2019-09-20 05:50:00,893 [Thread-3197] INFO  impl.FollowerState (FollowerState.java:run(106)) - 9b918566-8d2f-4f38-9ce1-65f5cd084216:group-DBBFD2747E10 changes to CANDIDATE, lastRpcTime:5261, electionTimeout:5187ms
2019-09-20 05:50:00,899 [Thread-3197] INFO  impl.RoleInfo (RoleInfo.java:shutdownFollowerState(121)) - 9b918566-8d2f-4f38-9ce1-65f5cd084216: shutdown FollowerState
2019-09-20 05:50:00,899 [Thread-3180] WARN  util.JavaUtils (JavaUtils.java:sleep(250)) - Unexpected long sleep: sleep(5068ms) actually took 5552ms which is over the threshold 300ms
2019-09-20 05:50:00,899 [pool-57-thread-1] INFO  storage.RaftStorage (RaftStorage.java:format(72)) - Storage directory /workdir/hadoop-ozone/integration-test/target/test-dir/MiniOzoneClusterImpl-29dd0c8c-da21-41d6-af77-5f0a65600fbb/datanode-0/data/ratis/c03f9653-c16a-4b70-8b3b-b51181b3e2d6 has been successfully formatted.
2019-09-20 05:50:00,899 [Thread-3200] INFO  impl.FollowerState (FollowerState.java:run(106)) - 9b918566-8d2f-4f38-9ce1-65f5cd084216:group-B4E7E5B8A740 changes to CANDIDATE, lastRpcTime:5220, electionTimeout:5078ms
2019-09-20 05:50:00,899 [Thread-3200] INFO  impl.RoleInfo (RoleInfo.java:shutdownFollowerState(121)) - 9b918566-8d2f-4f38-9ce1-65f5cd084216: shutdown FollowerState
2019-09-20 05:50:00,898 [Thread-3194] INFO  impl.FollowerState (FollowerState.java:run(106)) - 9b918566-8d2f-4f38-9ce1-65f5cd084216:group-B32661D68248 changes to CANDIDATE, lastRpcTime:5321, electionTimeout:5043ms
2019-09-20 05:50:00,899 | INFO  | SCMAudit | user=jenkins1000 | ip=192.168.36.79 | op=SEND_HEARTBEAT {datanodeUUID=9b918566-8d2f-4f38-9ce1-65f5cd084216, command=[]} | ret=SUCCESS |  
2019-09-20 05:50:00,899 [Thread-3200] INFO  impl.RaftServerImpl (RaftServerImpl.java:setRole(171)) - 9b918566-8d2f-4f38-9ce1-65f5cd084216:group-B4E7E5B8A740 changes role from FOLLOWER to CANDIDATE at term 0 for changeToCandidate
2019-09-20 05:50:00,899 [pool-57-thread-1] INFO  ratis.ContainerStateMachine (ContainerStateMachine.java:loadSnapshot(226)) - group-B51181B3E2D6: The snapshot info is null. Setting the last applied indexto:(t:0, i:~)
2019-09-20 05:50:00,899 [Thread-3177] WARN  util.JavaUtils (JavaUtils.java:sleep(250)) - Unexpected long sleep: sleep(5012ms) actually took 5624ms which is over the threshold 300ms
2019-09-20 05:50:00,899 [Thread-3183] WARN  util.JavaUtils (JavaUtils.java:sleep(250)) - Unexpected long sleep: sleep(5125ms) actually took 5493ms which is over the threshold 300ms
2019-09-20 05:50:00,899 [Thread-3197] INFO  impl.RaftServerImpl (RaftServerImpl.java:setRole(171)) - 9b918566-8d2f-4f38-9ce1-65f5cd084216:group-DBBFD2747E10 changes role from FOLLOWER to CANDIDATE at term 0 for changeToCandidate
2019-09-20 05:50:00,899 [Thread-3189] WARN  util.JavaUtils (JavaUtils.java:sleep(250)) - Unexpected long sleep: sleep(5036ms) actually took 5362ms which is over the threshold 300ms
2019-09-20 05:50:00,899 [Thread-3186] WARN  util.JavaUtils (JavaUtils.java:sleep(250)) - Unexpected long sleep: sleep(5006ms) actually took 5419ms which is over the threshold 300ms
2019-09-20 05:50:00,900 [Thread-3197] INFO  impl.RoleInfo (RoleInfo.java:updateAndGet(143)) - 9b918566-8d2f-4f38-9ce1-65f5cd084216: start LeaderElection
2019-09-20 05:50:00,900 [pool-57-thread-1] INFO  server.RaftServerConfigKeys (ConfUtils.java:logGet(43)) - raft.server.leader.election.timeout = 120s (custom)
2019-09-20 05:50:00,900 [Thread-3200] INFO  impl.RoleInfo (RoleInfo.java:updateAndGet(143)) - 9b918566-8d2f-4f38-9ce1-65f5cd084216: start LeaderElection
2019-09-20 05:50:00,899 [Thread-3194] INFO  impl.RoleInfo (RoleInfo.java:shutdownFollowerState(121)) - 9b918566-8d2f-4f38-9ce1-65f5cd084216: shutdown FollowerState
2019-09-20 05:50:00,900 [pool-57-thread-1] INFO  server.RaftServerConfigKeys (ConfUtils.java:logGet(43)) - raft.server.log.use.memory = false (default)
2019-09-20 05:50:00,901 [Thread-3194] INFO  impl.RaftServerImpl (RaftServerImpl.java:setRole(171)) - 9b918566-8d2f-4f38-9ce1-65f5cd084216:group-B32661D68248 changes role from FOLLOWER to CANDIDATE at term 0 for changeToCandidate
2019-09-20 05:50:00,905 [pool-57-thread-1] INFO  server.RaftServerConfigKeys (ConfUtils.java:logGet(43)) - raft.server.log.purge.gap = 1000000 (custom)
2019-09-20 05:50:00,909 [pool-57-thread-1] INFO  server.RaftServerConfigKeys (ConfUtils.java:logGet(43)) - raft.server.log.appender.buffer.byte-limit = 33554432 (custom)
2019-09-20 05:50:00,917 [pool-57-thread-1] INFO  server.RaftServerConfigKeys (ConfUtils.java:logGet(43)) - raft.server.log.segment.size.max = 1048576 (custom)
2019-09-20 05:50:00,926 [pool-57-thread-1] INFO  server.RaftServerConfigKeys (ConfUtils.java:logGet(43)) - raft.server.log.segment.cache.num.max = 2 (custom)
2019-09-20 05:50:00,930 [9b918566-8d2f-4f38-9ce1-65f5cd084216:group-DBBFD2747E10:LeaderElection396] INFO  impl.LeaderElection (LeaderElection.java:askForVotes(181)) - 9b918566-8d2f-4f38-9ce1-65f5cd084216:group-DBBFD2747E10:LeaderElection396: begin an election at term 1 for -1: [9b918566-8d2f-4f38-9ce1-65f5cd084216:192.168.36.79:46843], old=null
2019-09-20 05:50:00,938 [pool-57-thread-1] INFO  segmented.SegmentedRaftLogWorker (SegmentedRaftLogWorker.java:<init>(172)) - new 9b918566-8d2f-4f38-9ce1-65f5cd084216-SegmentedRaftLogWorker:Storage Directory /workdir/hadoop-ozone/integration-test/target/test-dir/MiniOzoneClusterImpl-29dd0c8c-da21-41d6-af77-5f0a65600fbb/datanode-0/data/ratis/c03f9653-c16a-4b70-8b3b-b51181b3e2d6 for RaftStorage:Storage Directory /workdir/hadoop-ozone/integration-test/target/test-dir/MiniOzoneClusterImpl-29dd0c8c-da21-41d6-af77-5f0a65600fbb/datanode-0/data/ratis/c03f9653-c16a-4b70-8b3b-b51181b3e2d6
2019-09-20 05:50:00,946 [pool-57-thread-1] INFO  server.RaftServerConfigKeys (ConfUtils.java:logGet(43)) - raft.server.log.queue.byte-limit = 2147483647 (custom)
2019-09-20 05:50:00,953 [pool-57-thread-1] INFO  server.RaftServerConfigKeys (ConfUtils.java:logGet(43)) - raft.server.log.queue.element-limit = 1024 (custom)
2019-09-20 05:50:00,957 [9b918566-8d2f-4f38-9ce1-65f5cd084216:group-B4E7E5B8A740:LeaderElection395] INFO  impl.LeaderElection (LeaderElection.java:askForVotes(181)) - 9b918566-8d2f-4f38-9ce1-65f5cd084216:group-B4E7E5B8A740:LeaderElection395: begin an election at term 1 for -1: [9b918566-8d2f-4f38-9ce1-65f5cd084216:192.168.36.79:46843], old=null
2019-09-20 05:50:00,964 [9b918566-8d2f-4f38-9ce1-65f5cd084216:group-B4E7E5B8A740:LeaderElection395] INFO  impl.RoleInfo (RoleInfo.java:shutdownLeaderElection(134)) - 9b918566-8d2f-4f38-9ce1-65f5cd084216: shutdown LeaderElection
2019-09-20 05:50:00,967 [9b918566-8d2f-4f38-9ce1-65f5cd084216:group-B4E7E5B8A740:LeaderElection395] INFO  impl.RaftServerImpl (RaftServerImpl.java:setRole(171)) - 9b918566-8d2f-4f38-9ce1-65f5cd084216:group-B4E7E5B8A740 changes role from CANDIDATE to LEADER at term 1 for changeToLeader
2019-09-20 05:50:00,974 [9b918566-8d2f-4f38-9ce1-65f5cd084216:group-B4E7E5B8A740:LeaderElection395] INFO  impl.RaftServerImpl (ServerState.java:setLeader(263)) - 9b918566-8d2f-4f38-9ce1-65f5cd084216:group-B4E7E5B8A740 change Leader from null to 9b918566-8d2f-4f38-9ce1-65f5cd084216 at term 1 for becomeLeader, leader elected after 5298ms
2019-09-20 05:50:00,938 [9b918566-8d2f-4f38-9ce1-65f5cd084216:group-DBBFD2747E10:LeaderElection396] INFO  impl.RoleInfo (RoleInfo.java:shutdownLeaderElection(134)) - 9b918566-8d2f-4f38-9ce1-65f5cd084216: shutdown LeaderElection
2019-09-20 05:50:00,978 [9b918566-8d2f-4f38-9ce1-65f5cd084216:group-DBBFD2747E10:LeaderElection396] INFO  impl.RaftServerImpl (RaftServerImpl.java:setRole(171)) - 9b918566-8d2f-4f38-9ce1-65f5cd084216:group-DBBFD2747E10 changes role from CANDIDATE to LEADER at term 1 for changeToLeader
2019-09-20 05:50:00,978 [9b918566-8d2f-4f38-9ce1-65f5cd084216:group-DBBFD2747E10:LeaderElection396] INFO  impl.RaftServerImpl (ServerState.java:setLeader(263)) - 9b918566-8d2f-4f38-9ce1-65f5cd084216:group-DBBFD2747E10 change Leader from null to 9b918566-8d2f-4f38-9ce1-65f5cd084216 at term 1 for becomeLeader, leader elected after 5349ms
2019-09-20 05:50:00,974 [Thread-3212] INFO  impl.FollowerState (FollowerState.java:run(106)) - 9b918566-8d2f-4f38-9ce1-65f5cd084216:group-A1765B18F7BF changes to CANDIDATE, lastRpcTime:5031, electionTimeout:5031ms
2019-09-20 05:50:00,984 [9b918566-8d2f-4f38-9ce1-65f5cd084216:group-B4E7E5B8A740:LeaderElection395] INFO  server.RaftServerConfigKeys (ConfUtils.java:logGet(43)) - raft.server.staging.catchup.gap = 1000 (default)
2019-09-20 05:50:00,967 [Thread-3194] INFO  impl.RoleInfo (RoleInfo.java:updateAndGet(143)) - 9b918566-8d2f-4f38-9ce1-65f5cd084216: start LeaderElection
2019-09-20 05:50:00,967 [pool-57-thread-1] INFO  server.RaftServerConfigKeys (ConfUtils.java:logGet(43)) - raft.server.log.segment.size.max = 1048576 (custom)
2019-09-20 05:50:00,990 [pool-57-thread-1] INFO  server.RaftServerConfigKeys (ConfUtils.java:logGet(43)) - raft.server.log.preallocated.size = 16384 (custom)
2019-09-20 05:50:00,964 [Thread-3203] INFO  impl.FollowerState (FollowerState.java:run(106)) - 9b918566-8d2f-4f38-9ce1-65f5cd084216:group-31FD2F7F57A8 changes to CANDIDATE, lastRpcTime:5188, electionTimeout:5188ms
2019-09-20 05:50:01,008 [Thread-3203] INFO  impl.RoleInfo (RoleInfo.java:shutdownFollowerState(121)) - 9b918566-8d2f-4f38-9ce1-65f5cd084216: shutdown FollowerState
2019-09-20 05:50:00,995 [pool-57-thread-1] INFO  server.RaftServerConfigKeys (ConfUtils.java:logGet(43)) - raft.server.log.write.buffer.size = 33554432 (custom)
2019-09-20 05:50:00,984 [9b918566-8d2f-4f38-9ce1-65f5cd084216:group-B4E7E5B8A740:LeaderElection395] INFO  server.RaftServerConfigKeys (ConfUtils.java:logGet(43)) - raft.server.rpc.sleep.time = 25ms (default)
2019-09-20 05:50:00,984 [Thread-3212] INFO  impl.RoleInfo (RoleInfo.java:shutdownFollowerState(121)) - 9b918566-8d2f-4f38-9ce1-65f5cd084216: shutdown FollowerState
2019-09-20 05:50:01,016 [Thread-3212] INFO  impl.RaftServerImpl (RaftServerImpl.java:setRole(171)) - 9b918566-8d2f-4f38-9ce1-65f5cd084216:group-A1765B18F7BF changes role from FOLLOWER to CANDIDATE at term 0 for changeToCandidate
2019-09-20 05:50:00,978 [9b918566-8d2f-4f38-9ce1-65f5cd084216:group-DBBFD2747E10:LeaderElection396] INFO  server.RaftServerConfigKeys (ConfUtils.java:logGet(43)) - raft.server.staging.catchup.gap = 1000 (default)
2019-09-20 05:50:01,015 [Thread-3215] INFO  impl.FollowerState (FollowerState.java:run(106)) - 9b918566-8d2f-4f38-9ce1-65f5cd084216:group-07CAEEF07C83 changes to CANDIDATE, lastRpcTime:5012, electionTimeout:5012ms
2019-09-20 05:50:01,022 [Thread-3215] INFO  impl.RoleInfo (RoleInfo.java:shutdownFollowerState(121)) - 9b918566-8d2f-4f38-9ce1-65f5cd084216: shutdown FollowerState
2019-09-20 05:50:01,026 [Thread-3215] INFO  impl.RaftServerImpl (RaftServerImpl.java:setRole(171)) - 9b918566-8d2f-4f38-9ce1-65f5cd084216:group-07CAEEF07C83 changes role from FOLLOWER to CANDIDATE at term 0 for changeToCandidate
2019-09-20 05:50:01,015 [Thread-3203] INFO  impl.RaftServerImpl (RaftServerImpl.java:setRole(171)) - 9b918566-8d2f-4f38-9ce1-65f5cd084216:group-31FD2F7F57A8 changes role from FOLLOWER to CANDIDATE at term 0 for changeToCandidate
2019-09-20 05:50:01,022 [9b918566-8d2f-4f38-9ce1-65f5cd084216:group-DBBFD2747E10:LeaderElection396] INFO  server.RaftServerConfigKeys (ConfUtils.java:logGet(43)) - raft.server.rpc.sleep.time = 25ms (default)
2019-09-20 05:50:01,019 [pool-57-thread-1] INFO  server.RaftServerConfigKeys (ConfUtils.java:logGet(43)) - raft.server.log.force.sync.num = 128 (default)
2019-09-20 05:50:01,038 [Thread-3206] INFO  impl.FollowerState (FollowerState.java:run(106)) - 9b918566-8d2f-4f38-9ce1-65f5cd084216:group-B25CB2839B69 changes to CANDIDATE, lastRpcTime:5198, electionTimeout:5196ms
2019-09-20 05:50:01,038 [pool-57-thread-1] INFO  server.RaftServerConfigKeys (ConfUtils.java:logGet(43)) - raft.server.log.statemachine.data.sync = true (default)
2019-09-20 05:50:01,049 [9b918566-8d2f-4f38-9ce1-65f5cd084216:group-DBBFD2747E10:LeaderElection396] INFO  server.RaftServerConfigKeys (ConfUtils.java:logGet(43)) - raft.server.write.element-limit = 4096 (default)
2019-09-20 05:50:01,049 [Thread-3206] INFO  impl.RoleInfo (RoleInfo.java:shutdownFollowerState(121)) - 9b918566-8d2f-4f38-9ce1-65f5cd084216: shutdown FollowerState
2019-09-20 05:50:01,052 [pool-57-thread-1] INFO  server.RaftServerConfigKeys (ConfUtils.java:logGet(43)) - raft.server.log.statemachine.data.sync.timeout = 10s (default)
2019-09-20 05:50:01,056 [Thread-3206] INFO  impl.RaftServerImpl (RaftServerImpl.java:setRole(171)) - 9b918566-8d2f-4f38-9ce1-65f5cd084216:group-B25CB2839B69 changes role from FOLLOWER to CANDIDATE at term 0 for changeToCandidate
2019-09-20 05:50:01,056 [9b918566-8d2f-4f38-9ce1-65f5cd084216:group-DBBFD2747E10:LeaderElection396] INFO  server.RaftServerConfigKeys (ConfUtils.java:logGet(43)) - raft.server.watch.timeout = 10s (default)
2019-09-20 05:50:01,056 [pool-57-thread-1] INFO  server.RaftServerConfigKeys (ConfUtils.java:logGet(43)) - raft.server.log.statemachine.data.sync.timeout.retry = -1 (default)
2019-09-20 05:50:01,068 [Thread-3209] INFO  impl.FollowerState (FollowerState.java:run(106)) - 9b918566-8d2f-4f38-9ce1-65f5cd084216:group-05BD8A3E5D0D changes to CANDIDATE, lastRpcTime:5177, electionTimeout:5176ms
2019-09-20 05:50:01,083 [Thread-3212] INFO  impl.RoleInfo (RoleInfo.java:updateAndGet(143)) - 9b918566-8d2f-4f38-9ce1-65f5cd084216: start LeaderElection
2019-09-20 05:50:01,064 [9b918566-8d2f-4f38-9ce1-65f5cd084216:group-DBBFD2747E10:LeaderElection396] INFO  server.RaftServerConfigKeys (ConfUtils.java:logGet(43)) - raft.server.watch.timeout.denomination = 1s (default)
2019-09-20 05:50:01,064 [9b918566-8d2f-4f38-9ce1-65f5cd084216:group-B32661D68248:LeaderElection397] INFO  impl.LeaderElection (LeaderElection.java:askForVotes(181)) - 9b918566-8d2f-4f38-9ce1-65f5cd084216:group-B32661D68248:LeaderElection397: begin an election at term 1 for -1: [9b918566-8d2f-4f38-9ce1-65f5cd084216:192.168.36.79:46843], old=null
2019-09-20 05:50:01,097 [Thread-3215] INFO  impl.RoleInfo (RoleInfo.java:updateAndGet(143)) - 9b918566-8d2f-4f38-9ce1-65f5cd084216: start LeaderElection
2019-09-20 05:50:01,092 [9b918566-8d2f-4f38-9ce1-65f5cd084216:group-DBBFD2747E10:LeaderElection396] INFO  server.RaftServerConfigKeys (ConfUtils.java:logGet(43)) - raft.server.watch.element-limit = 65536 (default)
2019-09-20 05:50:01,083 [9b918566-8d2f-4f38-9ce1-65f5cd084216:group-B4E7E5B8A740:LeaderElection395] INFO  server.RaftServerConfigKeys (ConfUtils.java:logGet(43)) - raft.server.write.element-limit = 4096 (default)
2019-09-20 05:50:01,083 [Thread-3209] INFO  impl.RoleInfo (RoleInfo.java:shutdownFollowerState(121)) - 9b918566-8d2f-4f38-9ce1-65f5cd084216: shutdown FollowerState
2019-09-20 05:50:01,073 [pool-57-thread-1] INFO  server.RaftServerConfigKeys (ConfUtils.java:logGet(43)) - raft.server.log.statemachine.data.caching.enabled = true (custom)
2019-09-20 05:50:01,116 [Thread-3209] INFO  impl.RaftServerImpl (RaftServerImpl.java:setRole(171)) - 9b918566-8d2f-4f38-9ce1-65f5cd084216:group-05BD8A3E5D0D changes role from FOLLOWER to CANDIDATE at term 0 for changeToCandidate
2019-09-20 05:50:01,111 [9b918566-8d2f-4f38-9ce1-65f5cd084216:group-DBBFD2747E10:LeaderElection396] INFO  impl.RoleInfo (RoleInfo.java:updateAndGet(143)) - 9b918566-8d2f-4f38-9ce1-65f5cd084216: start LeaderState
2019-09-20 05:50:01,106 [9b918566-8d2f-4f38-9ce1-65f5cd084216:group-B4E7E5B8A740:LeaderElection395] INFO  server.RaftServerConfigKeys (ConfUtils.java:logGet(43)) - raft.server.watch.timeout = 10s (default)
2019-09-20 05:50:01,097 [Thread-3203] INFO  impl.RoleInfo (RoleInfo.java:updateAndGet(143)) - 9b918566-8d2f-4f38-9ce1-65f5cd084216: start LeaderElection
2019-09-20 05:50:01,121 | INFO  | SCMAudit | user=jenkins1000 | ip=192.168.36.79 | op=SEND_HEARTBEAT {datanodeUUID=9b918566-8d2f-4f38-9ce1-65f5cd084216, command=[]} | ret=SUCCESS |  
2019-09-20 05:50:01,097 [9b918566-8d2f-4f38-9ce1-65f5cd084216:group-B32661D68248:LeaderElection397] INFO  impl.RoleInfo (RoleInfo.java:shutdownLeaderElection(134)) - 9b918566-8d2f-4f38-9ce1-65f5cd084216: shutdown LeaderElection
2019-09-20 05:50:01,128 [Thread-3218] INFO  impl.FollowerState (FollowerState.java:run(106)) - 9b918566-8d2f-4f38-9ce1-65f5cd084216:group-1C57EC9E00E7 changes to CANDIDATE, lastRpcTime:5044, electionTimeout:5037ms
2019-09-20 05:50:01,145 [Thread-3209] INFO  impl.RoleInfo (RoleInfo.java:updateAndGet(143)) - 9b918566-8d2f-4f38-9ce1-65f5cd084216: start LeaderElection
2019-09-20 05:50:01,121 [Thread-3206] INFO  impl.RoleInfo (RoleInfo.java:updateAndGet(143)) - 9b918566-8d2f-4f38-9ce1-65f5cd084216: start LeaderElection
2019-09-20 05:50:01,121 [pool-57-thread-1] INFO  segmented.SegmentedRaftLogWorker (SegmentedRaftLogWorker.java:lambda$new$0(132)) - 9b918566-8d2f-4f38-9ce1-65f5cd084216-SegmentedRaftLogWorker:Storage Directory /workdir/hadoop-ozone/integration-test/target/test-dir/MiniOzoneClusterImpl-29dd0c8c-da21-41d6-af77-5f0a65600fbb/datanode-0/data/ratis/c03f9653-c16a-4b70-8b3b-b51181b3e2d6: flushIndex: setUnconditionally 0 -> -1
2019-09-20 05:50:01,121 [9b918566-8d2f-4f38-9ce1-65f5cd084216:group-DBBFD2747E10:LeaderElection396] INFO  segmented.SegmentedRaftLogWorker (SegmentedRaftLogWorker.java:startLogSegment(380)) - 9b918566-8d2f-4f38-9ce1-65f5cd084216-SegmentedRaftLogWorker:Storage Directory /workdir/hadoop-ozone/integration-test/target/test-dir/MiniOzoneClusterImpl-29dd0c8c-da21-41d6-af77-5f0a65600fbb/datanode-0/data/ratis/a786450b-6c47-4782-a3d7-dbbfd2747e10: Starting segment from index:0
2019-09-20 05:50:01,117 [9b918566-8d2f-4f38-9ce1-65f5cd084216:group-B4E7E5B8A740:LeaderElection395] INFO  server.RaftServerConfigKeys (ConfUtils.java:logGet(43)) - raft.server.watch.timeout.denomination = 1s (default)
2019-09-20 05:50:01,194 [9b918566-8d2f-4f38-9ce1-65f5cd084216:group-31FD2F7F57A8:LeaderElection400] INFO  impl.LeaderElection (LeaderElection.java:askForVotes(181)) - 9b918566-8d2f-4f38-9ce1-65f5cd084216:group-31FD2F7F57A8:LeaderElection400: begin an election at term 1 for -1: [9b918566-8d2f-4f38-9ce1-65f5cd084216:192.168.36.79:46843], old=null
2019-09-20 05:50:01,194 [9b918566-8d2f-4f38-9ce1-65f5cd084216:group-DBBFD2747E10:LeaderElection396] INFO  impl.RaftServerImpl (ServerState.java:setRaftConf(361)) - 9b918566-8d2f-4f38-9ce1-65f5cd084216:group-DBBFD2747E10 set configuration 0: [9b918566-8d2f-4f38-9ce1-65f5cd084216:192.168.36.79:46843], old=null at 0
2019-09-20 05:50:01,194 [pool-57-thread-1] INFO  server.RaftServerConfigKeys (ConfUtils.java:logGet(43)) - raft.server.snapshot.auto.trigger.enabled = true (custom)
2019-09-20 05:50:01,194 [9b918566-8d2f-4f38-9ce1-65f5cd084216:group-07CAEEF07C83:LeaderElection399] INFO  impl.LeaderElection (LeaderElection.java:askForVotes(181)) - 9b918566-8d2f-4f38-9ce1-65f5cd084216:group-07CAEEF07C83:LeaderElection399: begin an election at term 1 for -1: [9b918566-8d2f-4f38-9ce1-65f5cd084216:192.168.36.79:46843], old=null
2019-09-20 05:50:01,194 [9b918566-8d2f-4f38-9ce1-65f5cd084216:group-A1765B18F7BF:LeaderElection398] INFO  impl.LeaderElection (LeaderElection.java:askForVotes(181)) - 9b918566-8d2f-4f38-9ce1-65f5cd084216:group-A1765B18F7BF:LeaderElection398: begin an election at term 1 for -1: [9b918566-8d2f-4f38-9ce1-65f5cd084216:192.168.36.79:46843], old=null
2019-09-20 05:50:01,195 [9b918566-8d2f-4f38-9ce1-65f5cd084216:group-A1765B18F7BF:LeaderElection398] INFO  impl.RoleInfo (RoleInfo.java:shutdownLeaderElection(134)) - 9b918566-8d2f-4f38-9ce1-65f5cd084216: shutdown LeaderElection
2019-09-20 05:50:01,145 [Thread-3218] INFO  impl.RoleInfo (RoleInfo.java:shutdownFollowerState(121)) - 9b918566-8d2f-4f38-9ce1-65f5cd084216: shutdown FollowerState
2019-09-20 05:50:01,195 [Thread-3218] INFO  impl.RaftServerImpl (RaftServerImpl.java:setRole(171)) - 9b918566-8d2f-4f38-9ce1-65f5cd084216:group-1C57EC9E00E7 changes role from FOLLOWER to CANDIDATE at term 0 for changeToCandidate
2019-09-20 05:50:01,128 [9b918566-8d2f-4f38-9ce1-65f5cd084216:group-B32661D68248:LeaderElection397] INFO  impl.RaftServerImpl (RaftServerImpl.java:setRole(171)) - 9b918566-8d2f-4f38-9ce1-65f5cd084216:group-B32661D68248 changes role from CANDIDATE to LEADER at term 1 for changeToLeader
2019-09-20 05:50:01,195 [Thread-3218] INFO  impl.RoleInfo (RoleInfo.java:updateAndGet(143)) - 9b918566-8d2f-4f38-9ce1-65f5cd084216: start LeaderElection
2019-09-20 05:50:01,195 [9b918566-8d2f-4f38-9ce1-65f5cd084216:group-A1765B18F7BF:LeaderElection398] INFO  impl.RaftServerImpl (RaftServerImpl.java:setRole(171)) - 9b918566-8d2f-4f38-9ce1-65f5cd084216:group-A1765B18F7BF changes role from CANDIDATE to LEADER at term 1 for changeToLeader
2019-09-20 05:50:01,195 [9b918566-8d2f-4f38-9ce1-65f5cd084216:group-A1765B18F7BF:LeaderElection398] INFO  impl.RaftServerImpl (ServerState.java:setLeader(263)) - 9b918566-8d2f-4f38-9ce1-65f5cd084216:group-A1765B18F7BF change Leader from null to 9b918566-8d2f-4f38-9ce1-65f5cd084216 at term 1 for becomeLeader, leader elected after 5255ms
2019-09-20 05:50:01,194 [9b918566-8d2f-4f38-9ce1-65f5cd084216:group-07CAEEF07C83:LeaderElection399] INFO  impl.RoleInfo (RoleInfo.java:shutdownLeaderElection(134)) - 9b918566-8d2f-4f38-9ce1-65f5cd084216: shutdown LeaderElection
2019-09-20 05:50:01,194 [pool-57-thread-1] INFO  server.RaftServerConfigKeys (ConfUtils.java:logGet(43)) - raft.server.snapshot.auto.trigger.threshold = 1 (custom)
2019-09-20 05:50:01,194 [9b918566-8d2f-4f38-9ce1-65f5cd084216:group-31FD2F7F57A8:LeaderElection400] INFO  impl.RoleInfo (RoleInfo.java:shutdownLeaderElection(134)) - 9b918566-8d2f-4f38-9ce1-65f5cd084216: shutdown LeaderElection
2019-09-20 05:50:01,196 [9b918566-8d2f-4f38-9ce1-65f5cd084216:group-31FD2F7F57A8:LeaderElection400] INFO  impl.RaftServerImpl (RaftServerImpl.java:setRole(171)) - 9b918566-8d2f-4f38-9ce1-65f5cd084216:group-31FD2F7F57A8 changes role from CANDIDATE to LEADER at term 1 for changeToLeader
2019-09-20 05:50:01,196 [9b918566-8d2f-4f38-9ce1-65f5cd084216:group-31FD2F7F57A8:LeaderElection400] INFO  impl.RaftServerImpl (ServerState.java:setLeader(263)) - 9b918566-8d2f-4f38-9ce1-65f5cd084216:group-31FD2F7F57A8 change Leader from null to 9b918566-8d2f-4f38-9ce1-65f5cd084216 at term 1 for becomeLeader, leader elected after 5424ms
2019-09-20 05:50:01,194 [9b918566-8d2f-4f38-9ce1-65f5cd084216:group-B4E7E5B8A740:LeaderElection395] INFO  server.RaftServerConfigKeys (ConfUtils.java:logGet(43)) - raft.server.watch.element-limit = 65536 (default)
2019-09-20 05:50:01,196 [9b918566-8d2f-4f38-9ce1-65f5cd084216:group-31FD2F7F57A8:LeaderElection400] INFO  server.RaftServerConfigKeys (ConfUtils.java:logGet(43)) - raft.server.staging.catchup.gap = 1000 (default)
2019-09-20 05:50:01,196 [pool-57-thread-1] INFO  server.RaftServerConfigKeys (ConfUtils.java:logGet(43)) - raft.server.retrycache.expirytime = 600000ms (custom)
2019-09-20 05:50:01,195 [9b918566-8d2f-4f38-9ce1-65f5cd084216:group-07CAEEF07C83:LeaderElection399] INFO  impl.RaftServerImpl (RaftServerImpl.java:setRole(171)) - 9b918566-8d2f-4f38-9ce1-65f5cd084216:group-07CAEEF07C83 changes role from CANDIDATE to LEADER at term 1 for changeToLeader
2019-09-20 05:50:01,196 [9b918566-8d2f-4f38-9ce1-65f5cd084216:group-07CAEEF07C83:LeaderElection399] INFO  impl.RaftServerImpl (ServerState.java:setLeader(263)) - 9b918566-8d2f-4f38-9ce1-65f5cd084216:group-07CAEEF07C83 change Leader from null to 9b918566-8d2f-4f38-9ce1-65f5cd084216 at term 1 for becomeLeader, leader elected after 5196ms
2019-09-20 05:50:01,195 [9b918566-8d2f-4f38-9ce1-65f5cd084216:group-A1765B18F7BF:LeaderElection398] INFO  server.RaftServerConfigKeys (ConfUtils.java:logGet(43)) - raft.server.staging.catchup.gap = 1000 (default)
2019-09-20 05:50:01,196 [9b918566-8d2f-4f38-9ce1-65f5cd084216:group-A1765B18F7BF:LeaderElection398] INFO  server.RaftServerConfigKeys (ConfUtils.java:logGet(43)) - raft.server.rpc.sleep.time = 25ms (default)
2019-09-20 05:50:01,195 [9b918566-8d2f-4f38-9ce1-65f5cd084216:group-B32661D68248:LeaderElection397] INFO  impl.RaftServerImpl (ServerState.java:setLeader(263)) - 9b918566-8d2f-4f38-9ce1-65f5cd084216:group-B32661D68248 change Leader from null to 9b918566-8d2f-4f38-9ce1-65f5cd084216 at term 1 for becomeLeader, leader elected after 5620ms
2019-09-20 05:50:01,196 [9b918566-8d2f-4f38-9ce1-65f5cd084216:group-A1765B18F7BF:LeaderElection398] INFO  server.RaftServerConfigKeys (ConfUtils.java:logGet(43)) - raft.server.write.element-limit = 4096 (default)
2019-09-20 05:50:01,197 [9b918566-8d2f-4f38-9ce1-65f5cd084216:group-A1765B18F7BF:LeaderElection398] INFO  server.RaftServerConfigKeys (ConfUtils.java:logGet(43)) - raft.server.watch.timeout = 10s (default)
2019-09-20 05:50:01,196 [9b918566-8d2f-4f38-9ce1-65f5cd084216:group-07CAEEF07C83:LeaderElection399] INFO  server.RaftServerConfigKeys (ConfUtils.java:logGet(43)) - raft.server.staging.catchup.gap = 1000 (default)
2019-09-20 05:50:01,197 [9b918566-8d2f-4f38-9ce1-65f5cd084216:group-07CAEEF07C83:LeaderElection399] INFO  server.RaftServerConfigKeys (ConfUtils.java:logGet(43)) - raft.server.rpc.sleep.time = 25ms (default)
2019-09-20 05:50:01,196 [pool-57-thread-1] INFO  impl.RaftServerImpl (RaftServerImpl.java:start(180)) - 9b918566-8d2f-4f38-9ce1-65f5cd084216: start group-B51181B3E2D6
2019-09-20 05:50:01,197 [pool-57-thread-1] INFO  impl.RaftServerImpl (RaftServerImpl.java:setRole(171)) - 9b918566-8d2f-4f38-9ce1-65f5cd084216:group-B51181B3E2D6 changes role from null to FOLLOWER at term 0 for startAsFollower
2019-09-20 05:50:01,196 [9b918566-8d2f-4f38-9ce1-65f5cd084216:group-31FD2F7F57A8:LeaderElection400] INFO  server.RaftServerConfigKeys (ConfUtils.java:logGet(43)) - raft.server.rpc.sleep.time = 25ms (default)
2019-09-20 05:50:01,196 [9b918566-8d2f-4f38-9ce1-65f5cd084216:group-B4E7E5B8A740:LeaderElection395] INFO  impl.RoleInfo (RoleInfo.java:updateAndGet(143)) - 9b918566-8d2f-4f38-9ce1-65f5cd084216: start LeaderState
2019-09-20 05:50:01,197 [pool-57-thread-1] INFO  impl.RoleInfo (RoleInfo.java:updateAndGet(143)) - 9b918566-8d2f-4f38-9ce1-65f5cd084216: start FollowerState
2019-09-20 05:50:01,197 [9b918566-8d2f-4f38-9ce1-65f5cd084216:group-07CAEEF07C83:LeaderElection399] INFO  server.RaftServerConfigKeys (ConfUtils.java:logGet(43)) - raft.server.write.element-limit = 4096 (default)
2019-09-20 05:50:01,197 [9b918566-8d2f-4f38-9ce1-65f5cd084216:group-A1765B18F7BF:LeaderElection398] INFO  server.RaftServerConfigKeys (ConfUtils.java:logGet(43)) - raft.server.watch.timeout.denomination = 1s (default)
2019-09-20 05:50:01,198 [9b918566-8d2f-4f38-9ce1-65f5cd084216:group-A1765B18F7BF:LeaderElection398] INFO  server.RaftServerConfigKeys (ConfUtils.java:logGet(43)) - raft.server.watch.element-limit = 65536 (default)
2019-09-20 05:50:01,197 [9b918566-8d2f-4f38-9ce1-65f5cd084216:group-B32661D68248:LeaderElection397] INFO  server.RaftServerConfigKeys (ConfUtils.java:logGet(43)) - raft.server.staging.catchup.gap = 1000 (default)
2019-09-20 05:50:01,198 [9b918566-8d2f-4f38-9ce1-65f5cd084216:group-A1765B18F7BF:LeaderElection398] INFO  impl.RoleInfo (RoleInfo.java:updateAndGet(143)) - 9b918566-8d2f-4f38-9ce1-65f5cd084216: start LeaderState
2019-09-20 05:50:01,198 [pool-57-thread-1] INFO  util.JmxRegister (JmxRegister.java:tryRegister(44)) - Successfully registered JMX Bean with object name Ratis:service=RaftServer,group=group-B51181B3E2D6,id=9b918566-8d2f-4f38-9ce1-65f5cd084216
2019-09-20 05:50:01,198 [9b918566-8d2f-4f38-9ce1-65f5cd084216:group-07CAEEF07C83:LeaderElection399] INFO  server.RaftServerConfigKeys (ConfUtils.java:logGet(43)) - raft.server.watch.timeout = 10s (default)
2019-09-20 05:50:01,197 [9b918566-8d2f-4f38-9ce1-65f5cd084216:group-B4E7E5B8A740:LeaderElection395] INFO  segmented.SegmentedRaftLogWorker (SegmentedRaftLogWorker.java:startLogSegment(380)) - 9b918566-8d2f-4f38-9ce1-65f5cd084216-SegmentedRaftLogWorker:Storage Directory /workdir/hadoop-ozone/integration-test/target/test-dir/MiniOzoneClusterImpl-29dd0c8c-da21-41d6-af77-5f0a65600fbb/datanode-0/data/ratis/a97a1c7b-3a9e-4e1a-988a-b4e7e5b8a740: Starting segment from index:0
2019-09-20 05:50:01,197 [9b918566-8d2f-4f38-9ce1-65f5cd084216:group-31FD2F7F57A8:LeaderElection400] INFO  server.RaftServerConfigKeys (ConfUtils.java:logGet(43)) - raft.server.write.element-limit = 4096 (default)
2019-09-20 05:50:01,198 [9b918566-8d2f-4f38-9ce1-65f5cd084216:group-07CAEEF07C83:LeaderElection399] INFO  server.RaftServerConfigKeys (ConfUtils.java:logGet(43)) - raft.server.watch.timeout.denomination = 1s (default)
2019-09-20 05:50:01,198 [9b918566-8d2f-4f38-9ce1-65f5cd084216:group-A1765B18F7BF:LeaderElection398] INFO  segmented.SegmentedRaftLogWorker (SegmentedRaftLogWorker.java:startLogSegment(380)) - 9b918566-8d2f-4f38-9ce1-65f5cd084216-SegmentedRaftLogWorker:Storage Directory /workdir/hadoop-ozone/integration-test/target/test-dir/MiniOzoneClusterImpl-29dd0c8c-da21-41d6-af77-5f0a65600fbb/datanode-0/data/ratis/4bfb351b-e8dc-4616-ab0b-a1765b18f7bf: Starting segment from index:0
2019-09-20 05:50:01,198 [9b918566-8d2f-4f38-9ce1-65f5cd084216:group-B32661D68248:LeaderElection397] INFO  server.RaftServerConfigKeys (ConfUtils.java:logGet(43)) - raft.server.rpc.sleep.time = 25ms (default)
2019-09-20 05:50:01,199 [9b918566-8d2f-4f38-9ce1-65f5cd084216:group-07CAEEF07C83:LeaderElection399] INFO  server.RaftServerConfigKeys (ConfUtils.java:logGet(43)) - raft.server.watch.element-limit = 65536 (default)
2019-09-20 05:50:01,199 [9b918566-8d2f-4f38-9ce1-65f5cd084216:group-B4E7E5B8A740:LeaderElection395] INFO  impl.RaftServerImpl (ServerState.java:setRaftConf(361)) - 9b918566-8d2f-4f38-9ce1-65f5cd084216:group-B4E7E5B8A740 set configuration 0: [9b918566-8d2f-4f38-9ce1-65f5cd084216:192.168.36.79:46843], old=null at 0
2019-09-20 05:50:01,198 [9b918566-8d2f-4f38-9ce1-65f5cd084216:group-31FD2F7F57A8:LeaderElection400] INFO  server.RaftServerConfigKeys (ConfUtils.java:logGet(43)) - raft.server.watch.timeout = 10s (default)
2019-09-20 05:50:01,199 [9b918566-8d2f-4f38-9ce1-65f5cd084216:group-B32661D68248:LeaderElection397] INFO  server.RaftServerConfigKeys (ConfUtils.java:logGet(43)) - raft.server.write.element-limit = 4096 (default)
2019-09-20 05:50:01,199 [9b918566-8d2f-4f38-9ce1-65f5cd084216:group-07CAEEF07C83:LeaderElection399] INFO  impl.RoleInfo (RoleInfo.java:updateAndGet(143)) - 9b918566-8d2f-4f38-9ce1-65f5cd084216: start LeaderState
2019-09-20 05:50:01,199 [9b918566-8d2f-4f38-9ce1-65f5cd084216:group-A1765B18F7BF:LeaderElection398] INFO  impl.RaftServerImpl (ServerState.java:setRaftConf(361)) - 9b918566-8d2f-4f38-9ce1-65f5cd084216:group-A1765B18F7BF set configuration 0: [9b918566-8d2f-4f38-9ce1-65f5cd084216:192.168.36.79:46843], old=null at 0
2019-09-20 05:50:01,200 [9b918566-8d2f-4f38-9ce1-65f5cd084216:group-07CAEEF07C83:LeaderElection399] INFO  segmented.SegmentedRaftLogWorker (SegmentedRaftLogWorker.java:startLogSegment(380)) - 9b918566-8d2f-4f38-9ce1-65f5cd084216-SegmentedRaftLogWorker:Storage Directory /workdir/hadoop-ozone/integration-test/target/test-dir/MiniOzoneClusterImpl-29dd0c8c-da21-41d6-af77-5f0a65600fbb/datanode-0/data/ratis/e87bf1d3-1e9d-405e-a13e-07caeef07c83: Starting segment from index:0
2019-09-20 05:50:01,199 [9b918566-8d2f-4f38-9ce1-65f5cd084216:group-B32661D68248:LeaderElection397] INFO  server.RaftServerConfigKeys (ConfUtils.java:logGet(43)) - raft.server.watch.timeout = 10s (default)
2019-09-20 05:50:01,199 [9b918566-8d2f-4f38-9ce1-65f5cd084216:group-31FD2F7F57A8:LeaderElection400] INFO  server.RaftServerConfigKeys (ConfUtils.java:logGet(43)) - raft.server.watch.timeout.denomination = 1s (default)
2019-09-20 05:50:01,200 [RatisPipelineUtilsThread] INFO  pipeline.PipelineStateManager (PipelineStateManager.java:addPipeline(56)) - Created pipeline Pipeline[ Id: c03f9653-c16a-4b70-8b3b-b51181b3e2d6, Nodes: 9b918566-8d2f-4f38-9ce1-65f5cd084216{ip: 192.168.36.79, host: pr-hdds-1569-s8kj2-2266485376, networkLocation: /default-rack, certSerialId: null}, Type:RATIS, Factor:ONE, State:OPEN]
2019-09-20 05:50:01,200 [9b918566-8d2f-4f38-9ce1-65f5cd084216:group-B32661D68248:LeaderElection397] INFO  server.RaftServerConfigKeys (ConfUtils.java:logGet(43)) - raft.server.watch.timeout.denomination = 1s (default)
2019-09-20 05:50:01,200 [9b918566-8d2f-4f38-9ce1-65f5cd084216:group-31FD2F7F57A8:LeaderElection400] INFO  server.RaftServerConfigKeys (ConfUtils.java:logGet(43)) - raft.server.watch.element-limit = 65536 (default)
2019-09-20 05:50:01,200 [9b918566-8d2f-4f38-9ce1-65f5cd084216:group-07CAEEF07C83:LeaderElection399] INFO  impl.RaftServerImpl (ServerState.java:setRaftConf(361)) - 9b918566-8d2f-4f38-9ce1-65f5cd084216:group-07CAEEF07C83 set configuration 0: [9b918566-8d2f-4f38-9ce1-65f5cd084216:192.168.36.79:46843], old=null at 0
2019-09-20 05:50:01,200 [9b918566-8d2f-4f38-9ce1-65f5cd084216:group-31FD2F7F57A8:LeaderElection400] INFO  impl.RoleInfo (RoleInfo.java:updateAndGet(143)) - 9b918566-8d2f-4f38-9ce1-65f5cd084216: start LeaderState
2019-09-20 05:50:01,200 [9b918566-8d2f-4f38-9ce1-65f5cd084216:group-B32661D68248:LeaderElection397] INFO  server.RaftServerConfigKeys (ConfUtils.java:logGet(43)) - raft.server.watch.element-limit = 65536 (default)
2019-09-20 05:50:01,200 [9b918566-8d2f-4f38-9ce1-65f5cd084216:group-31FD2F7F57A8:LeaderElection400] INFO  segmented.SegmentedRaftLogWorker (SegmentedRaftLogWorker.java:startLogSegment(380)) - 9b918566-8d2f-4f38-9ce1-65f5cd084216-SegmentedRaftLogWorker:Storage Directory /workdir/hadoop-ozone/integration-test/target/test-dir/MiniOzoneClusterImpl-29dd0c8c-da21-41d6-af77-5f0a65600fbb/datanode-0/data/ratis/787a60eb-baf5-42c8-9658-31fd2f7f57a8: Starting segment from index:0
2019-09-20 05:50:01,201 [9b918566-8d2f-4f38-9ce1-65f5cd084216:group-B32661D68248:LeaderElection397] INFO  impl.RoleInfo (RoleInfo.java:updateAndGet(143)) - 9b918566-8d2f-4f38-9ce1-65f5cd084216: start LeaderState
2019-09-20 05:50:01,201 [9b918566-8d2f-4f38-9ce1-65f5cd084216:group-31FD2F7F57A8:LeaderElection400] INFO  impl.RaftServerImpl (ServerState.java:setRaftConf(361)) - 9b918566-8d2f-4f38-9ce1-65f5cd084216:group-31FD2F7F57A8 set configuration 0: [9b918566-8d2f-4f38-9ce1-65f5cd084216:192.168.36.79:46843], old=null at 0
2019-09-20 05:50:01,201 [9b918566-8d2f-4f38-9ce1-65f5cd084216:group-B32661D68248:LeaderElection397] INFO  segmented.SegmentedRaftLogWorker (SegmentedRaftLogWorker.java:startLogSegment(380)) - 9b918566-8d2f-4f38-9ce1-65f5cd084216-SegmentedRaftLogWorker:Storage Directory /workdir/hadoop-ozone/integration-test/target/test-dir/MiniOzoneClusterImpl-29dd0c8c-da21-41d6-af77-5f0a65600fbb/datanode-0/data/ratis/dfeb905a-5f26-42ff-baec-b32661d68248: Starting segment from index:0
2019-09-20 05:50:01,201 [9b918566-8d2f-4f38-9ce1-65f5cd084216:group-B32661D68248:LeaderElection397] INFO  impl.RaftServerImpl (ServerState.java:setRaftConf(361)) - 9b918566-8d2f-4f38-9ce1-65f5cd084216:group-B32661D68248 set configuration 0: [9b918566-8d2f-4f38-9ce1-65f5cd084216:192.168.36.79:46843], old=null at 0
2019-09-20 05:50:01,203 [grpc-default-executor-1] INFO  impl.RaftServerProxy (RaftServerProxy.java:addNew(89)) - 9b918566-8d2f-4f38-9ce1-65f5cd084216: addNew group-17246AB8CDB8:[9b918566-8d2f-4f38-9ce1-65f5cd084216:192.168.36.79:46843] returns group-17246AB8CDB8:java.util.concurrent.CompletableFuture@7d146b68[Not completed]
2019-09-20 05:50:01,204 [pool-57-thread-1] INFO  impl.RaftServerImpl (RaftServerImpl.java:<init>(93)) - 9b918566-8d2f-4f38-9ce1-65f5cd084216: new RaftServerImpl for group-17246AB8CDB8:[9b918566-8d2f-4f38-9ce1-65f5cd084216:192.168.36.79:46843] with ContainerStateMachine:uninitialized
2019-09-20 05:50:01,204 [pool-57-thread-1] INFO  server.RaftServerConfigKeys (ConfUtils.java:logGet(43)) - raft.server.rpc.timeout.min = 5s (custom)
2019-09-20 05:50:01,204 [pool-57-thread-1] INFO  server.RaftServerConfigKeys (ConfUtils.java:logGet(43)) - raft.server.rpc.timeout.max = 5200ms (custom)
2019-09-20 05:50:01,204 [pool-57-thread-1] INFO  server.RaftServerConfigKeys (ConfUtils.java:logGet(43)) - raft.server.rpcslowness.timeout = 120s (custom)
2019-09-20 05:50:01,204 [pool-57-thread-1] INFO  server.RaftServerConfigKeys (ConfUtils.java:logGet(43)) - raft.server.sleep.deviation.threshold = 300 (default)
2019-09-20 05:50:01,204 [pool-57-thread-1] INFO  server.RaftServerConfigKeys (ConfUtils.java:logGet(43)) - raft.server.log.appender.install.snapshot.enabled = false (custom)
2019-09-20 05:50:01,204 [pool-57-thread-1] INFO  impl.RaftServerImpl (ServerState.java:<init>(105)) - 9b918566-8d2f-4f38-9ce1-65f5cd084216:group-17246AB8CDB8 ConfigurationManager, init=-1: [9b918566-8d2f-4f38-9ce1-65f5cd084216:192.168.36.79:46843], old=null, confs=<EMPTY_MAP>
2019-09-20 05:50:01,205 [pool-57-thread-1] INFO  server.RaftServerConfigKeys (ConfUtils.java:logGet(43)) - raft.server.storage.dir = [/workdir/hadoop-ozone/integration-test/target/test-dir/MiniOzoneClusterImpl-29dd0c8c-da21-41d6-af77-5f0a65600fbb/datanode-0/data/ratis] (custom)
2019-09-20 05:50:01,205 [pool-57-thread-1] INFO  storage.RaftStorageDirectory (RaftStorageDirectory.java:analyzeStorage(246)) - The storage directory /workdir/hadoop-ozone/integration-test/target/test-dir/MiniOzoneClusterImpl-29dd0c8c-da21-41d6-af77-5f0a65600fbb/datanode-0/data/ratis/c579ba93-cbfe-47e8-a3c3-17246ab8cdb8 does not exist. Creating ...
2019-09-20 05:50:01,215 [9b918566-8d2f-4f38-9ce1-65f5cd084216-SegmentedRaftLogWorker:Storage Directory /workdir/hadoop-ozone/integration-test/target/test-dir/MiniOzoneClusterImpl-29dd0c8c-da21-41d6-af77-5f0a65600fbb/datanode-0/data/ratis/e1295186-89bd-4385-934d-933eaddf2e12] INFO  segmented.SegmentedRaftLogWorker (SegmentedRaftLogWorker.java:execute(569)) - 9b918566-8d2f-4f38-9ce1-65f5cd084216-SegmentedRaftLogWorker:Storage Directory /workdir/hadoop-ozone/integration-test/target/test-dir/MiniOzoneClusterImpl-29dd0c8c-da21-41d6-af77-5f0a65600fbb/datanode-0/data/ratis/e1295186-89bd-4385-934d-933eaddf2e12: created new log segment /workdir/hadoop-ozone/integration-test/target/test-dir/MiniOzoneClusterImpl-29dd0c8c-da21-41d6-af77-5f0a65600fbb/datanode-0/data/ratis/e1295186-89bd-4385-934d-933eaddf2e12/current/log_inprogress_0
2019-09-20 05:50:01,224 [9b918566-8d2f-4f38-9ce1-65f5cd084216:group-B25CB2839B69:LeaderElection401] INFO  impl.LeaderElection (LeaderElection.java:askForVotes(181)) - 9b918566-8d2f-4f38-9ce1-65f5cd084216:group-B25CB2839B69:LeaderElection401: begin an election at term 1 for -1: [9b918566-8d2f-4f38-9ce1-65f5cd084216:192.168.36.79:46843], old=null
2019-09-20 05:50:01,224 [9b918566-8d2f-4f38-9ce1-65f5cd084216:group-05BD8A3E5D0D:LeaderElection402] INFO  impl.LeaderElection (LeaderElection.java:askForVotes(181)) - 9b918566-8d2f-4f38-9ce1-65f5cd084216:group-05BD8A3E5D0D:LeaderElection402: begin an election at term 1 for -1: [9b918566-8d2f-4f38-9ce1-65f5cd084216:192.168.36.79:46843], old=null
2019-09-20 05:50:01,224 [9b918566-8d2f-4f38-9ce1-65f5cd084216:group-1C57EC9E00E7:LeaderElection403] INFO  impl.LeaderElection (LeaderElection.java:askForVotes(181)) - 9b918566-8d2f-4f38-9ce1-65f5cd084216:group-1C57EC9E00E7:LeaderElection403: begin an election at term 1 for -1: [9b918566-8d2f-4f38-9ce1-65f5cd084216:192.168.36.79:46843], old=null
2019-09-20 05:50:01,225 [9b918566-8d2f-4f38-9ce1-65f5cd084216:group-05BD8A3E5D0D:LeaderElection402] INFO  impl.RoleInfo (RoleInfo.java:shutdownLeaderElection(134)) - 9b918566-8d2f-4f38-9ce1-65f5cd084216: shutdown LeaderElection
2019-09-20 05:50:01,224 [9b918566-8d2f-4f38-9ce1-65f5cd084216:group-B25CB2839B69:LeaderElection401] INFO  impl.RoleInfo (RoleInfo.java:shutdownLeaderElection(134)) - 9b918566-8d2f-4f38-9ce1-65f5cd084216: shutdown LeaderElection
2019-09-20 05:50:01,225 [9b918566-8d2f-4f38-9ce1-65f5cd084216:group-05BD8A3E5D0D:LeaderElection402] INFO  impl.RaftServerImpl (RaftServerImpl.java:setRole(171)) - 9b918566-8d2f-4f38-9ce1-65f5cd084216:group-05BD8A3E5D0D changes role from CANDIDATE to LEADER at term 1 for changeToLeader
2019-09-20 05:50:01,225 [9b918566-8d2f-4f38-9ce1-65f5cd084216:group-1C57EC9E00E7:LeaderElection403] INFO  impl.RoleInfo (RoleInfo.java:shutdownLeaderElection(134)) - 9b918566-8d2f-4f38-9ce1-65f5cd084216: shutdown LeaderElection
2019-09-20 05:50:01,225 [9b918566-8d2f-4f38-9ce1-65f5cd084216:group-05BD8A3E5D0D:LeaderElection402] INFO  impl.RaftServerImpl (ServerState.java:setLeader(263)) - 9b918566-8d2f-4f38-9ce1-65f5cd084216:group-05BD8A3E5D0D change Leader from null to 9b918566-8d2f-4f38-9ce1-65f5cd084216 at term 1 for becomeLeader, leader elected after 5336ms
2019-09-20 05:50:01,225 [9b918566-8d2f-4f38-9ce1-65f5cd084216:group-B25CB2839B69:LeaderElection401] INFO  impl.RaftServerImpl (RaftServerImpl.java:setRole(171)) - 9b918566-8d2f-4f38-9ce1-65f5cd084216:group-B25CB2839B69 changes role from CANDIDATE to LEADER at term 1 for changeToLeader
2019-09-20 05:50:01,225 [9b918566-8d2f-4f38-9ce1-65f5cd084216:group-05BD8A3E5D0D:LeaderElection402] INFO  server.RaftServerConfigKeys (ConfUtils.java:logGet(43)) - raft.server.staging.catchup.gap = 1000 (default)
2019-09-20 05:50:01,225 [9b918566-8d2f-4f38-9ce1-65f5cd084216:group-1C57EC9E00E7:LeaderElection403] INFO  impl.RaftServerImpl (RaftServerImpl.java:setRole(171)) - 9b918566-8d2f-4f38-9ce1-65f5cd084216:group-1C57EC9E00E7 changes role from CANDIDATE to LEADER at term 1 for changeToLeader
2019-09-20 05:50:01,225 [9b918566-8d2f-4f38-9ce1-65f5cd084216:group-05BD8A3E5D0D:LeaderElection402] INFO  server.RaftServerConfigKeys (ConfUtils.java:logGet(43)) - raft.server.rpc.sleep.time = 25ms (default)
2019-09-20 05:50:01,225 [9b918566-8d2f-4f38-9ce1-65f5cd084216:group-B25CB2839B69:LeaderElection401] INFO  impl.RaftServerImpl (ServerState.java:setLeader(263)) - 9b918566-8d2f-4f38-9ce1-65f5cd084216:group-B25CB2839B69 change Leader from null to 9b918566-8d2f-4f38-9ce1-65f5cd084216 at term 1 for becomeLeader, leader elected after 5394ms
2019-09-20 05:50:01,225 [9b918566-8d2f-4f38-9ce1-65f5cd084216:group-1C57EC9E00E7:LeaderElection403] INFO  impl.RaftServerImpl (ServerState.java:setLeader(263)) - 9b918566-8d2f-4f38-9ce1-65f5cd084216:group-1C57EC9E00E7 change Leader from null to 9b918566-8d2f-4f38-9ce1-65f5cd084216 at term 1 for becomeLeader, leader elected after 5144ms
2019-09-20 05:50:01,225 [9b918566-8d2f-4f38-9ce1-65f5cd084216:group-B25CB2839B69:LeaderElection401] INFO  server.RaftServerConfigKeys (ConfUtils.java:logGet(43)) - raft.server.staging.catchup.gap = 1000 (default)
2019-09-20 05:50:01,225 [9b918566-8d2f-4f38-9ce1-65f5cd084216:group-05BD8A3E5D0D:LeaderElection402] INFO  server.RaftServerConfigKeys (ConfUtils.java:logGet(43)) - raft.server.write.element-limit = 4096 (default)
2019-09-20 05:50:01,226 [9b918566-8d2f-4f38-9ce1-65f5cd084216:group-B25CB2839B69:LeaderElection401] INFO  server.RaftServerConfigKeys (ConfUtils.java:logGet(43)) - raft.server.rpc.sleep.time = 25ms (default)
2019-09-20 05:50:01,226 [9b918566-8d2f-4f38-9ce1-65f5cd084216:group-1C57EC9E00E7:LeaderElection403] INFO  server.RaftServerConfigKeys (ConfUtils.java:logGet(43)) - raft.server.staging.catchup.gap = 1000 (default)
2019-09-20 05:50:01,226 [9b918566-8d2f-4f38-9ce1-65f5cd084216:group-B25CB2839B69:LeaderElection401] INFO  server.RaftServerConfigKeys (ConfUtils.java:logGet(43)) - raft.server.write.element-limit = 4096 (default)
2019-09-20 05:50:01,226 [9b918566-8d2f-4f38-9ce1-65f5cd084216:group-05BD8A3E5D0D:LeaderElection402] INFO  server.RaftServerConfigKeys (ConfUtils.java:logGet(43)) - raft.server.watch.timeout = 10s (default)
2019-09-20 05:50:01,226 [9b918566-8d2f-4f38-9ce1-65f5cd084216:group-B25CB2839B69:LeaderElection401] INFO  server.RaftServerConfigKeys (ConfUtils.java:logGet(43)) - raft.server.watch.timeout = 10s (default)
2019-09-20 05:50:01,226 [9b918566-8d2f-4f38-9ce1-65f5cd084216:group-1C57EC9E00E7:LeaderElection403] INFO  server.RaftServerConfigKeys (ConfUtils.java:logGet(43)) - raft.server.rpc.sleep.time = 25ms (default)
2019-09-20 05:50:01,226 [9b918566-8d2f-4f38-9ce1-65f5cd084216:group-B25CB2839B69:LeaderElection401] INFO  server.RaftServerConfigKeys (ConfUtils.java:logGet(43)) - raft.server.watch.timeout.denomination = 1s (default)
2019-09-20 05:50:01,226 [9b918566-8d2f-4f38-9ce1-65f5cd084216:group-05BD8A3E5D0D:LeaderElection402] INFO  server.RaftServerConfigKeys (ConfUtils.java:logGet(43)) - raft.server.watch.timeout.denomination = 1s (default)
2019-09-20 05:50:01,226 [9b918566-8d2f-4f38-9ce1-65f5cd084216:group-B25CB2839B69:LeaderElection401] INFO  server.RaftServerConfigKeys (ConfUtils.java:logGet(43)) - raft.server.watch.element-limit = 65536 (default)
2019-09-20 05:50:01,226 [9b918566-8d2f-4f38-9ce1-65f5cd084216:group-1C57EC9E00E7:LeaderElection403] INFO  server.RaftServerConfigKeys (ConfUtils.java:logGet(43)) - raft.server.write.element-limit = 4096 (default)
2019-09-20 05:50:01,226 [9b918566-8d2f-4f38-9ce1-65f5cd084216:group-B25CB2839B69:LeaderElection401] INFO  impl.RoleInfo (RoleInfo.java:updateAndGet(143)) - 9b918566-8d2f-4f38-9ce1-65f5cd084216: start LeaderState
2019-09-20 05:50:01,226 [9b918566-8d2f-4f38-9ce1-65f5cd084216:group-05BD8A3E5D0D:LeaderElection402] INFO  server.RaftServerConfigKeys (ConfUtils.java:logGet(43)) - raft.server.watch.element-limit = 65536 (default)
2019-09-20 05:50:01,227 [9b918566-8d2f-4f38-9ce1-65f5cd084216:group-B25CB2839B69:LeaderElection401] INFO  segmented.SegmentedRaftLogWorker (SegmentedRaftLogWorker.java:startLogSegment(380)) - 9b918566-8d2f-4f38-9ce1-65f5cd084216-SegmentedRaftLogWorker:Storage Directory /workdir/hadoop-ozone/integration-test/target/test-dir/MiniOzoneClusterImpl-29dd0c8c-da21-41d6-af77-5f0a65600fbb/datanode-0/data/ratis/73b6011e-3b1d-4366-b19a-b25cb2839b69: Starting segment from index:0
2019-09-20 05:50:01,227 [9b918566-8d2f-4f38-9ce1-65f5cd084216:group-1C57EC9E00E7:LeaderElection403] INFO  server.RaftServerConfigKeys (ConfUtils.java:logGet(43)) - raft.server.watch.timeout = 10s (default)
2019-09-20 05:50:01,227 [9b918566-8d2f-4f38-9ce1-65f5cd084216:group-05BD8A3E5D0D:LeaderElection402] INFO  impl.RoleInfo (RoleInfo.java:updateAndGet(143)) - 9b918566-8d2f-4f38-9ce1-65f5cd084216: start LeaderState
2019-09-20 05:50:01,227 [9b918566-8d2f-4f38-9ce1-65f5cd084216:group-1C57EC9E00E7:LeaderElection403] INFO  server.RaftServerConfigKeys (ConfUtils.java:logGet(43)) - raft.server.watch.timeout.denomination = 1s (default)
2019-09-20 05:50:01,227 [9b918566-8d2f-4f38-9ce1-65f5cd084216:group-05BD8A3E5D0D:LeaderElection402] INFO  segmented.SegmentedRaftLogWorker (SegmentedRaftLogWorker.java:startLogSegment(380)) - 9b918566-8d2f-4f38-9ce1-65f5cd084216-SegmentedRaftLogWorker:Storage Directory /workdir/hadoop-ozone/integration-test/target/test-dir/MiniOzoneClusterImpl-29dd0c8c-da21-41d6-af77-5f0a65600fbb/datanode-0/data/ratis/1538001f-67e1-4f35-ba89-05bd8a3e5d0d: Starting segment from index:0
2019-09-20 05:50:01,227 [9b918566-8d2f-4f38-9ce1-65f5cd084216:group-B25CB2839B69:LeaderElection401] INFO  impl.RaftServerImpl (ServerState.java:setRaftConf(361)) - 9b918566-8d2f-4f38-9ce1-65f5cd084216:group-B25CB2839B69 set configuration 0: [9b918566-8d2f-4f38-9ce1-65f5cd084216:192.168.36.79:46843], old=null at 0
2019-09-20 05:50:01,227 [9b918566-8d2f-4f38-9ce1-65f5cd084216:group-1C57EC9E00E7:LeaderElection403] INFO  server.RaftServerConfigKeys (ConfUtils.java:logGet(43)) - raft.server.watch.element-limit = 65536 (default)
2019-09-20 05:50:01,227 [9b918566-8d2f-4f38-9ce1-65f5cd084216:group-1C57EC9E00E7:LeaderElection403] INFO  impl.RoleInfo (RoleInfo.java:updateAndGet(143)) - 9b918566-8d2f-4f38-9ce1-65f5cd084216: start LeaderState
2019-09-20 05:50:01,227 [9b918566-8d2f-4f38-9ce1-65f5cd084216:group-05BD8A3E5D0D:LeaderElection402] INFO  impl.RaftServerImpl (ServerState.java:setRaftConf(361)) - 9b918566-8d2f-4f38-9ce1-65f5cd084216:group-05BD8A3E5D0D set configuration 0: [9b918566-8d2f-4f38-9ce1-65f5cd084216:192.168.36.79:46843], old=null at 0
2019-09-20 05:50:01,228 [9b918566-8d2f-4f38-9ce1-65f5cd084216:group-1C57EC9E00E7:LeaderElection403] INFO  segmented.SegmentedRaftLogWorker (SegmentedRaftLogWorker.java:startLogSegment(380)) - 9b918566-8d2f-4f38-9ce1-65f5cd084216-SegmentedRaftLogWorker:Storage Directory /workdir/hadoop-ozone/integration-test/target/test-dir/MiniOzoneClusterImpl-29dd0c8c-da21-41d6-af77-5f0a65600fbb/datanode-0/data/ratis/1c9b56ad-b4c2-442c-8934-1c57ec9e00e7: Starting segment from index:0
2019-09-20 05:50:01,228 [9b918566-8d2f-4f38-9ce1-65f5cd084216:group-1C57EC9E00E7:LeaderElection403] INFO  impl.RaftServerImpl (ServerState.java:setRaftConf(361)) - 9b918566-8d2f-4f38-9ce1-65f5cd084216:group-1C57EC9E00E7 set configuration 0: [9b918566-8d2f-4f38-9ce1-65f5cd084216:192.168.36.79:46843], old=null at 0
2019-09-20 05:50:01,232 [pool-57-thread-1] INFO  storage.RaftStorageDirectory (RaftStorageDirectory.java:tryLock(328)) - Lock on /workdir/hadoop-ozone/integration-test/target/test-dir/MiniOzoneClusterImpl-29dd0c8c-da21-41d6-af77-5f0a65600fbb/datanode-0/data/ratis/c579ba93-cbfe-47e8-a3c3-17246ab8cdb8/in_use.lock acquired by nodename 6907@pr-hdds-1569-s8kj2-2266485376
2019-09-20 05:50:01,250 [9b918566-8d2f-4f38-9ce1-65f5cd084216-SegmentedRaftLogWorker:Storage Directory /workdir/hadoop-ozone/integration-test/target/test-dir/MiniOzoneClusterImpl-29dd0c8c-da21-41d6-af77-5f0a65600fbb/datanode-0/data/ratis/a786450b-6c47-4782-a3d7-dbbfd2747e10] INFO  segmented.SegmentedRaftLogWorker (SegmentedRaftLogWorker.java:execute(569)) - 9b918566-8d2f-4f38-9ce1-65f5cd084216-SegmentedRaftLogWorker:Storage Directory /workdir/hadoop-ozone/integration-test/target/test-dir/MiniOzoneClusterImpl-29dd0c8c-da21-41d6-af77-5f0a65600fbb/datanode-0/data/ratis/a786450b-6c47-4782-a3d7-dbbfd2747e10: created new log segment /workdir/hadoop-ozone/integration-test/target/test-dir/MiniOzoneClusterImpl-29dd0c8c-da21-41d6-af77-5f0a65600fbb/datanode-0/data/ratis/a786450b-6c47-4782-a3d7-dbbfd2747e10/current/log_inprogress_0
2019-09-20 05:50:01,250 [9b918566-8d2f-4f38-9ce1-65f5cd084216-SegmentedRaftLogWorker:Storage Directory /workdir/hadoop-ozone/integration-test/target/test-dir/MiniOzoneClusterImpl-29dd0c8c-da21-41d6-af77-5f0a65600fbb/datanode-0/data/ratis/a97a1c7b-3a9e-4e1a-988a-b4e7e5b8a740] INFO  segmented.SegmentedRaftLogWorker (SegmentedRaftLogWorker.java:execute(569)) - 9b918566-8d2f-4f38-9ce1-65f5cd084216-SegmentedRaftLogWorker:Storage Directory /workdir/hadoop-ozone/integration-test/target/test-dir/MiniOzoneClusterImpl-29dd0c8c-da21-41d6-af77-5f0a65600fbb/datanode-0/data/ratis/a97a1c7b-3a9e-4e1a-988a-b4e7e5b8a740: created new log segment /workdir/hadoop-ozone/integration-test/target/test-dir/MiniOzoneClusterImpl-29dd0c8c-da21-41d6-af77-5f0a65600fbb/datanode-0/data/ratis/a97a1c7b-3a9e-4e1a-988a-b4e7e5b8a740/current/log_inprogress_0
2019-09-20 05:50:01,267 [9b918566-8d2f-4f38-9ce1-65f5cd084216-SegmentedRaftLogWorker:Storage Directory /workdir/hadoop-ozone/integration-test/target/test-dir/MiniOzoneClusterImpl-29dd0c8c-da21-41d6-af77-5f0a65600fbb/datanode-0/data/ratis/787a60eb-baf5-42c8-9658-31fd2f7f57a8] INFO  segmented.SegmentedRaftLogWorker (SegmentedRaftLogWorker.java:execute(569)) - 9b918566-8d2f-4f38-9ce1-65f5cd084216-SegmentedRaftLogWorker:Storage Directory /workdir/hadoop-ozone/integration-test/target/test-dir/MiniOzoneClusterImpl-29dd0c8c-da21-41d6-af77-5f0a65600fbb/datanode-0/data/ratis/787a60eb-baf5-42c8-9658-31fd2f7f57a8: created new log segment /workdir/hadoop-ozone/integration-test/target/test-dir/MiniOzoneClusterImpl-29dd0c8c-da21-41d6-af77-5f0a65600fbb/datanode-0/data/ratis/787a60eb-baf5-42c8-9658-31fd2f7f57a8/current/log_inprogress_0
2019-09-20 05:50:01,267 [pool-57-thread-1] INFO  storage.RaftStorage (RaftStorage.java:format(72)) - Storage directory /workdir/hadoop-ozone/integration-test/target/test-dir/MiniOzoneClusterImpl-29dd0c8c-da21-41d6-af77-5f0a65600fbb/datanode-0/data/ratis/c579ba93-cbfe-47e8-a3c3-17246ab8cdb8 has been successfully formatted.
2019-09-20 05:50:01,267 [9b918566-8d2f-4f38-9ce1-65f5cd084216-SegmentedRaftLogWorker:Storage Directory /workdir/hadoop-ozone/integration-test/target/test-dir/MiniOzoneClusterImpl-29dd0c8c-da21-41d6-af77-5f0a65600fbb/datanode-0/data/ratis/4bfb351b-e8dc-4616-ab0b-a1765b18f7bf] INFO  segmented.SegmentedRaftLogWorker (SegmentedRaftLogWorker.java:execute(569)) - 9b918566-8d2f-4f38-9ce1-65f5cd084216-SegmentedRaftLogWorker:Storage Directory /workdir/hadoop-ozone/integration-test/target/test-dir/MiniOzoneClusterImpl-29dd0c8c-da21-41d6-af77-5f0a65600fbb/datanode-0/data/ratis/4bfb351b-e8dc-4616-ab0b-a1765b18f7bf: created new log segment /workdir/hadoop-ozone/integration-test/target/test-dir/MiniOzoneClusterImpl-29dd0c8c-da21-41d6-af77-5f0a65600fbb/datanode-0/data/ratis/4bfb351b-e8dc-4616-ab0b-a1765b18f7bf/current/log_inprogress_0
2019-09-20 05:50:01,267 [9b918566-8d2f-4f38-9ce1-65f5cd084216-SegmentedRaftLogWorker:Storage Directory /workdir/hadoop-ozone/integration-test/target/test-dir/MiniOzoneClusterImpl-29dd0c8c-da21-41d6-af77-5f0a65600fbb/datanode-0/data/ratis/dfeb905a-5f26-42ff-baec-b32661d68248] INFO  segmented.SegmentedRaftLogWorker (SegmentedRaftLogWorker.java:execute(569)) - 9b918566-8d2f-4f38-9ce1-65f5cd084216-SegmentedRaftLogWorker:Storage Directory /workdir/hadoop-ozone/integration-test/target/test-dir/MiniOzoneClusterImpl-29dd0c8c-da21-41d6-af77-5f0a65600fbb/datanode-0/data/ratis/dfeb905a-5f26-42ff-baec-b32661d68248: created new log segment /workdir/hadoop-ozone/integration-test/target/test-dir/MiniOzoneClusterImpl-29dd0c8c-da21-41d6-af77-5f0a65600fbb/datanode-0/data/ratis/dfeb905a-5f26-42ff-baec-b32661d68248/current/log_inprogress_0
2019-09-20 05:50:01,267 [9b918566-8d2f-4f38-9ce1-65f5cd084216-SegmentedRaftLogWorker:Storage Directory /workdir/hadoop-ozone/integration-test/target/test-dir/MiniOzoneClusterImpl-29dd0c8c-da21-41d6-af77-5f0a65600fbb/datanode-0/data/ratis/e87bf1d3-1e9d-405e-a13e-07caeef07c83] INFO  segmented.SegmentedRaftLogWorker (SegmentedRaftLogWorker.java:execute(569)) - 9b918566-8d2f-4f38-9ce1-65f5cd084216-SegmentedRaftLogWorker:Storage Directory /workdir/hadoop-ozone/integration-test/target/test-dir/MiniOzoneClusterImpl-29dd0c8c-da21-41d6-af77-5f0a65600fbb/datanode-0/data/ratis/e87bf1d3-1e9d-405e-a13e-07caeef07c83: created new log segment /workdir/hadoop-ozone/integration-test/target/test-dir/MiniOzoneClusterImpl-29dd0c8c-da21-41d6-af77-5f0a65600fbb/datanode-0/data/ratis/e87bf1d3-1e9d-405e-a13e-07caeef07c83/current/log_inprogress_0
2019-09-20 05:50:01,268 [pool-57-thread-1] INFO  ratis.ContainerStateMachine (ContainerStateMachine.java:loadSnapshot(226)) - group-17246AB8CDB8: The snapshot info is null. Setting the last applied indexto:(t:0, i:~)
2019-09-20 05:50:01,268 [pool-57-thread-1] INFO  server.RaftServerConfigKeys (ConfUtils.java:logGet(43)) - raft.server.leader.election.timeout = 120s (custom)
2019-09-20 05:50:01,268 [pool-57-thread-1] INFO  server.RaftServerConfigKeys (ConfUtils.java:logGet(43)) - raft.server.log.use.memory = false (default)
2019-09-20 05:50:01,268 [pool-57-thread-1] INFO  server.RaftServerConfigKeys (ConfUtils.java:logGet(43)) - raft.server.log.purge.gap = 1000000 (custom)
2019-09-20 05:50:01,268 [pool-57-thread-1] INFO  server.RaftServerConfigKeys (ConfUtils.java:logGet(43)) - raft.server.log.appender.buffer.byte-limit = 33554432 (custom)
2019-09-20 05:50:01,268 [pool-57-thread-1] INFO  server.RaftServerConfigKeys (ConfUtils.java:logGet(43)) - raft.server.log.segment.size.max = 1048576 (custom)
2019-09-20 05:50:01,268 [pool-57-thread-1] INFO  server.RaftServerConfigKeys (ConfUtils.java:logGet(43)) - raft.server.log.segment.cache.num.max = 2 (custom)
2019-09-20 05:50:01,268 [pool-57-thread-1] INFO  segmented.SegmentedRaftLogWorker (SegmentedRaftLogWorker.java:<init>(172)) - new 9b918566-8d2f-4f38-9ce1-65f5cd084216-SegmentedRaftLogWorker:Storage Directory /workdir/hadoop-ozone/integration-test/target/test-dir/MiniOzoneClusterImpl-29dd0c8c-da21-41d6-af77-5f0a65600fbb/datanode-0/data/ratis/c579ba93-cbfe-47e8-a3c3-17246ab8cdb8 for RaftStorage:Storage Directory /workdir/hadoop-ozone/integration-test/target/test-dir/MiniOzoneClusterImpl-29dd0c8c-da21-41d6-af77-5f0a65600fbb/datanode-0/data/ratis/c579ba93-cbfe-47e8-a3c3-17246ab8cdb8
2019-09-20 05:50:01,269 [pool-57-thread-1] INFO  server.RaftServerConfigKeys (ConfUtils.java:logGet(43)) - raft.server.log.queue.byte-limit = 2147483647 (custom)
2019-09-20 05:50:01,269 [pool-57-thread-1] INFO  server.RaftServerConfigKeys (ConfUtils.java:logGet(43)) - raft.server.log.queue.element-limit = 1024 (custom)
2019-09-20 05:50:01,269 [pool-57-thread-1] INFO  server.RaftServerConfigKeys (ConfUtils.java:logGet(43)) - raft.server.log.segment.size.max = 1048576 (custom)
2019-09-20 05:50:01,269 [pool-57-thread-1] INFO  server.RaftServerConfigKeys (ConfUtils.java:logGet(43)) - raft.server.log.preallocated.size = 16384 (custom)
2019-09-20 05:50:01,269 [pool-57-thread-1] INFO  server.RaftServerConfigKeys (ConfUtils.java:logGet(43)) - raft.server.log.write.buffer.size = 33554432 (custom)
2019-09-20 05:50:01,269 [pool-57-thread-1] INFO  server.RaftServerConfigKeys (ConfUtils.java:logGet(43)) - raft.server.log.force.sync.num = 128 (default)
2019-09-20 05:50:01,269 [pool-57-thread-1] INFO  server.RaftServerConfigKeys (ConfUtils.java:logGet(43)) - raft.server.log.statemachine.data.sync = true (default)
2019-09-20 05:50:01,269 [pool-57-thread-1] INFO  server.RaftServerConfigKeys (ConfUtils.java:logGet(43)) - raft.server.log.statemachine.data.sync.timeout = 10s (default)
2019-09-20 05:50:01,269 [pool-57-thread-1] INFO  server.RaftServerConfigKeys (ConfUtils.java:logGet(43)) - raft.server.log.statemachine.data.sync.timeout.retry = -1 (default)
2019-09-20 05:50:01,269 [pool-57-thread-1] INFO  server.RaftServerConfigKeys (ConfUtils.java:logGet(43)) - raft.server.log.statemachine.data.caching.enabled = true (custom)
2019-09-20 05:50:01,276 [pool-57-thread-1] INFO  segmented.SegmentedRaftLogWorker (SegmentedRaftLogWorker.java:lambda$new$0(132)) - 9b918566-8d2f-4f38-9ce1-65f5cd084216-SegmentedRaftLogWorker:Storage Directory /workdir/hadoop-ozone/integration-test/target/test-dir/MiniOzoneClusterImpl-29dd0c8c-da21-41d6-af77-5f0a65600fbb/datanode-0/data/ratis/c579ba93-cbfe-47e8-a3c3-17246ab8cdb8: flushIndex: setUnconditionally 0 -> -1
2019-09-20 05:50:01,276 [pool-57-thread-1] INFO  server.RaftServerConfigKeys (ConfUtils.java:logGet(43)) - raft.server.snapshot.auto.trigger.enabled = true (custom)
2019-09-20 05:50:01,276 [pool-57-thread-1] INFO  server.RaftServerConfigKeys (ConfUtils.java:logGet(43)) - raft.server.snapshot.auto.trigger.threshold = 1 (custom)
2019-09-20 05:50:01,277 [pool-57-thread-1] INFO  server.RaftServerConfigKeys (ConfUtils.java:logGet(43)) - raft.server.retrycache.expirytime = 600000ms (custom)
2019-09-20 05:50:01,277 [pool-57-thread-1] INFO  impl.RaftServerImpl (RaftServerImpl.java:start(180)) - 9b918566-8d2f-4f38-9ce1-65f5cd084216: start group-17246AB8CDB8
2019-09-20 05:50:01,277 [pool-57-thread-1] INFO  impl.RaftServerImpl (RaftServerImpl.java:setRole(171)) - 9b918566-8d2f-4f38-9ce1-65f5cd084216:group-17246AB8CDB8 changes role from null to FOLLOWER at term 0 for startAsFollower
2019-09-20 05:50:01,277 [pool-57-thread-1] INFO  impl.RoleInfo (RoleInfo.java:updateAndGet(143)) - 9b918566-8d2f-4f38-9ce1-65f5cd084216: start FollowerState
2019-09-20 05:50:01,277 [pool-57-thread-1] INFO  util.JmxRegister (JmxRegister.java:tryRegister(44)) - Successfully registered JMX Bean with object name Ratis:service=RaftServer,group=group-17246AB8CDB8,id=9b918566-8d2f-4f38-9ce1-65f5cd084216
2019-09-20 05:50:01,278 [RatisPipelineUtilsThread] INFO  pipeline.PipelineStateManager (PipelineStateManager.java:addPipeline(56)) - Created pipeline Pipeline[ Id: c579ba93-cbfe-47e8-a3c3-17246ab8cdb8, Nodes: 9b918566-8d2f-4f38-9ce1-65f5cd084216{ip: 192.168.36.79, host: pr-hdds-1569-s8kj2-2266485376, networkLocation: /default-rack, certSerialId: null}, Type:RATIS, Factor:ONE, State:OPEN]
2019-09-20 05:50:01,281 [grpc-default-executor-1] INFO  impl.RaftServerProxy (RaftServerProxy.java:addNew(89)) - 9b918566-8d2f-4f38-9ce1-65f5cd084216: addNew group-24326A8F7FB8:[9b918566-8d2f-4f38-9ce1-65f5cd084216:192.168.36.79:46843] returns group-24326A8F7FB8:java.util.concurrent.CompletableFuture@7392488[Not completed]
2019-09-20 05:50:01,281 [pool-57-thread-1] INFO  impl.RaftServerImpl (RaftServerImpl.java:<init>(93)) - 9b918566-8d2f-4f38-9ce1-65f5cd084216: new RaftServerImpl for group-24326A8F7FB8:[9b918566-8d2f-4f38-9ce1-65f5cd084216:192.168.36.79:46843] with ContainerStateMachine:uninitialized
2019-09-20 05:50:01,282 [pool-57-thread-1] INFO  server.RaftServerConfigKeys (ConfUtils.java:logGet(43)) - raft.server.rpc.timeout.min = 5s (custom)
2019-09-20 05:50:01,282 [pool-57-thread-1] INFO  server.RaftServerConfigKeys (ConfUtils.java:logGet(43)) - raft.server.rpc.timeout.max = 5200ms (custom)
2019-09-20 05:50:01,282 [pool-57-thread-1] INFO  server.RaftServerConfigKeys (ConfUtils.java:logGet(43)) - raft.server.rpcslowness.timeout = 120s (custom)
2019-09-20 05:50:01,282 [pool-57-thread-1] INFO  server.RaftServerConfigKeys (ConfUtils.java:logGet(43)) - raft.server.sleep.deviation.threshold = 300 (default)
2019-09-20 05:50:01,282 [pool-57-thread-1] INFO  server.RaftServerConfigKeys (ConfUtils.java:logGet(43)) - raft.server.log.appender.install.snapshot.enabled = false (custom)
2019-09-20 05:50:01,282 [pool-57-thread-1] INFO  impl.RaftServerImpl (ServerState.java:<init>(105)) - 9b918566-8d2f-4f38-9ce1-65f5cd084216:group-24326A8F7FB8 ConfigurationManager, init=-1: [9b918566-8d2f-4f38-9ce1-65f5cd084216:192.168.36.79:46843], old=null, confs=<EMPTY_MAP>
2019-09-20 05:50:01,282 [pool-57-thread-1] INFO  server.RaftServerConfigKeys (ConfUtils.java:logGet(43)) - raft.server.storage.dir = [/workdir/hadoop-ozone/integration-test/target/test-dir/MiniOzoneClusterImpl-29dd0c8c-da21-41d6-af77-5f0a65600fbb/datanode-0/data/ratis] (custom)
2019-09-20 05:50:01,282 [pool-57-thread-1] INFO  storage.RaftStorageDirectory (RaftStorageDirectory.java:analyzeStorage(246)) - The storage directory /workdir/hadoop-ozone/integration-test/target/test-dir/MiniOzoneClusterImpl-29dd0c8c-da21-41d6-af77-5f0a65600fbb/datanode-0/data/ratis/721097f0-d228-4b80-b6ae-24326a8f7fb8 does not exist. Creating ...
2019-09-20 05:50:01,284 [9b918566-8d2f-4f38-9ce1-65f5cd084216-SegmentedRaftLogWorker:Storage Directory /workdir/hadoop-ozone/integration-test/target/test-dir/MiniOzoneClusterImpl-29dd0c8c-da21-41d6-af77-5f0a65600fbb/datanode-0/data/ratis/73b6011e-3b1d-4366-b19a-b25cb2839b69] INFO  segmented.SegmentedRaftLogWorker (SegmentedRaftLogWorker.java:execute(569)) - 9b918566-8d2f-4f38-9ce1-65f5cd084216-SegmentedRaftLogWorker:Storage Directory /workdir/hadoop-ozone/integration-test/target/test-dir/MiniOzoneClusterImpl-29dd0c8c-da21-41d6-af77-5f0a65600fbb/datanode-0/data/ratis/73b6011e-3b1d-4366-b19a-b25cb2839b69: created new log segment /workdir/hadoop-ozone/integration-test/target/test-dir/MiniOzoneClusterImpl-29dd0c8c-da21-41d6-af77-5f0a65600fbb/datanode-0/data/ratis/73b6011e-3b1d-4366-b19a-b25cb2839b69/current/log_inprogress_0
2019-09-20 05:50:01,284 [9b918566-8d2f-4f38-9ce1-65f5cd084216-SegmentedRaftLogWorker:Storage Directory /workdir/hadoop-ozone/integration-test/target/test-dir/MiniOzoneClusterImpl-29dd0c8c-da21-41d6-af77-5f0a65600fbb/datanode-0/data/ratis/1c9b56ad-b4c2-442c-8934-1c57ec9e00e7] INFO  segmented.SegmentedRaftLogWorker (SegmentedRaftLogWorker.java:execute(569)) - 9b918566-8d2f-4f38-9ce1-65f5cd084216-SegmentedRaftLogWorker:Storage Directory /workdir/hadoop-ozone/integration-test/target/test-dir/MiniOzoneClusterImpl-29dd0c8c-da21-41d6-af77-5f0a65600fbb/datanode-0/data/ratis/1c9b56ad-b4c2-442c-8934-1c57ec9e00e7: created new log segment /workdir/hadoop-ozone/integration-test/target/test-dir/MiniOzoneClusterImpl-29dd0c8c-da21-41d6-af77-5f0a65600fbb/datanode-0/data/ratis/1c9b56ad-b4c2-442c-8934-1c57ec9e00e7/current/log_inprogress_0
2019-09-20 05:50:01,284 [9b918566-8d2f-4f38-9ce1-65f5cd084216-SegmentedRaftLogWorker:Storage Directory /workdir/hadoop-ozone/integration-test/target/test-dir/MiniOzoneClusterImpl-29dd0c8c-da21-41d6-af77-5f0a65600fbb/datanode-0/data/ratis/1538001f-67e1-4f35-ba89-05bd8a3e5d0d] INFO  segmented.SegmentedRaftLogWorker (SegmentedRaftLogWorker.java:execute(569)) - 9b918566-8d2f-4f38-9ce1-65f5cd084216-SegmentedRaftLogWorker:Storage Directory /workdir/hadoop-ozone/integration-test/target/test-dir/MiniOzoneClusterImpl-29dd0c8c-da21-41d6-af77-5f0a65600fbb/datanode-0/data/ratis/1538001f-67e1-4f35-ba89-05bd8a3e5d0d: created new log segment /workdir/hadoop-ozone/integration-test/target/test-dir/MiniOzoneClusterImpl-29dd0c8c-da21-41d6-af77-5f0a65600fbb/datanode-0/data/ratis/1538001f-67e1-4f35-ba89-05bd8a3e5d0d/current/log_inprogress_0
2019-09-20 05:50:01,295 | INFO  | SCMAudit | user=jenkins1000 | ip=192.168.36.79 | op=SEND_HEARTBEAT {datanodeUUID=9b918566-8d2f-4f38-9ce1-65f5cd084216, command=[]} | ret=SUCCESS |  
2019-09-20 05:50:01,295 [Thread-3221] INFO  impl.FollowerState (FollowerState.java:run(106)) - 9b918566-8d2f-4f38-9ce1-65f5cd084216:group-1A3990629514 changes to CANDIDATE, lastRpcTime:5132, electionTimeout:5132ms
2019-09-20 05:50:01,295 [Thread-3221] INFO  impl.RoleInfo (RoleInfo.java:shutdownFollowerState(121)) - 9b918566-8d2f-4f38-9ce1-65f5cd084216: shutdown FollowerState
2019-09-20 05:50:01,295 [Thread-3221] INFO  impl.RaftServerImpl (RaftServerImpl.java:setRole(171)) - 9b918566-8d2f-4f38-9ce1-65f5cd084216:group-1A3990629514 changes role from FOLLOWER to CANDIDATE at term 0 for changeToCandidate
2019-09-20 05:50:01,295 [Thread-3221] INFO  impl.RoleInfo (RoleInfo.java:updateAndGet(143)) - 9b918566-8d2f-4f38-9ce1-65f5cd084216: start LeaderElection
2019-09-20 05:50:01,327 [pool-57-thread-1] INFO  storage.RaftStorageDirectory (RaftStorageDirectory.java:tryLock(328)) - Lock on /workdir/hadoop-ozone/integration-test/target/test-dir/MiniOzoneClusterImpl-29dd0c8c-da21-41d6-af77-5f0a65600fbb/datanode-0/data/ratis/721097f0-d228-4b80-b6ae-24326a8f7fb8/in_use.lock acquired by nodename 6907@pr-hdds-1569-s8kj2-2266485376
2019-09-20 05:50:01,327 [9b918566-8d2f-4f38-9ce1-65f5cd084216:group-1A3990629514:LeaderElection404] INFO  impl.LeaderElection (LeaderElection.java:askForVotes(181)) - 9b918566-8d2f-4f38-9ce1-65f5cd084216:group-1A3990629514:LeaderElection404: begin an election at term 1 for -1: [9b918566-8d2f-4f38-9ce1-65f5cd084216:192.168.36.79:46843], old=null
2019-09-20 05:50:01,327 [9b918566-8d2f-4f38-9ce1-65f5cd084216:group-1A3990629514:LeaderElection404] INFO  impl.RoleInfo (RoleInfo.java:shutdownLeaderElection(134)) - 9b918566-8d2f-4f38-9ce1-65f5cd084216: shutdown LeaderElection
2019-09-20 05:50:01,327 [9b918566-8d2f-4f38-9ce1-65f5cd084216:group-1A3990629514:LeaderElection404] INFO  impl.RaftServerImpl (RaftServerImpl.java:setRole(171)) - 9b918566-8d2f-4f38-9ce1-65f5cd084216:group-1A3990629514 changes role from CANDIDATE to LEADER at term 1 for changeToLeader
2019-09-20 05:50:01,327 [9b918566-8d2f-4f38-9ce1-65f5cd084216:group-1A3990629514:LeaderElection404] INFO  impl.RaftServerImpl (ServerState.java:setLeader(263)) - 9b918566-8d2f-4f38-9ce1-65f5cd084216:group-1A3990629514 change Leader from null to 9b918566-8d2f-4f38-9ce1-65f5cd084216 at term 1 for becomeLeader, leader elected after 5169ms
2019-09-20 05:50:01,327 [9b918566-8d2f-4f38-9ce1-65f5cd084216:group-1A3990629514:LeaderElection404] INFO  server.RaftServerConfigKeys (ConfUtils.java:logGet(43)) - raft.server.staging.catchup.gap = 1000 (default)
2019-09-20 05:50:01,327 [9b918566-8d2f-4f38-9ce1-65f5cd084216:group-1A3990629514:LeaderElection404] INFO  server.RaftServerConfigKeys (ConfUtils.java:logGet(43)) - raft.server.rpc.sleep.time = 25ms (default)
2019-09-20 05:50:01,328 [9b918566-8d2f-4f38-9ce1-65f5cd084216:group-1A3990629514:LeaderElection404] INFO  server.RaftServerConfigKeys (ConfUtils.java:logGet(43)) - raft.server.write.element-limit = 4096 (default)
2019-09-20 05:50:01,328 [9b918566-8d2f-4f38-9ce1-65f5cd084216:group-1A3990629514:LeaderElection404] INFO  server.RaftServerConfigKeys (ConfUtils.java:logGet(43)) - raft.server.watch.timeout = 10s (default)
2019-09-20 05:50:01,328 [9b918566-8d2f-4f38-9ce1-65f5cd084216:group-1A3990629514:LeaderElection404] INFO  server.RaftServerConfigKeys (ConfUtils.java:logGet(43)) - raft.server.watch.timeout.denomination = 1s (default)
2019-09-20 05:50:01,328 [9b918566-8d2f-4f38-9ce1-65f5cd084216:group-1A3990629514:LeaderElection404] INFO  server.RaftServerConfigKeys (ConfUtils.java:logGet(43)) - raft.server.watch.element-limit = 65536 (default)
2019-09-20 05:50:01,328 [9b918566-8d2f-4f38-9ce1-65f5cd084216:group-1A3990629514:LeaderElection404] INFO  impl.RoleInfo (RoleInfo.java:updateAndGet(143)) - 9b918566-8d2f-4f38-9ce1-65f5cd084216: start LeaderState
2019-09-20 05:50:01,328 [9b918566-8d2f-4f38-9ce1-65f5cd084216:group-1A3990629514:LeaderElection404] INFO  segmented.SegmentedRaftLogWorker (SegmentedRaftLogWorker.java:startLogSegment(380)) - 9b918566-8d2f-4f38-9ce1-65f5cd084216-SegmentedRaftLogWorker:Storage Directory /workdir/hadoop-ozone/integration-test/target/test-dir/MiniOzoneClusterImpl-29dd0c8c-da21-41d6-af77-5f0a65600fbb/datanode-0/data/ratis/5e45197d-6173-4cd0-8178-1a3990629514: Starting segment from index:0
2019-09-20 05:50:01,328 [9b918566-8d2f-4f38-9ce1-65f5cd084216:group-1A3990629514:LeaderElection404] INFO  impl.RaftServerImpl (ServerState.java:setRaftConf(361)) - 9b918566-8d2f-4f38-9ce1-65f5cd084216:group-1A3990629514 set configuration 0: [9b918566-8d2f-4f38-9ce1-65f5cd084216:192.168.36.79:46843], old=null at 0
2019-09-20 05:50:01,352 [pool-57-thread-1] INFO  storage.RaftStorage (RaftStorage.java:format(72)) - Storage directory /workdir/hadoop-ozone/integration-test/target/test-dir/MiniOzoneClusterImpl-29dd0c8c-da21-41d6-af77-5f0a65600fbb/datanode-0/data/ratis/721097f0-d228-4b80-b6ae-24326a8f7fb8 has been successfully formatted.
2019-09-20 05:50:01,353 [pool-57-thread-1] INFO  ratis.ContainerStateMachine (ContainerStateMachine.java:loadSnapshot(226)) - group-24326A8F7FB8: The snapshot info is null. Setting the last applied indexto:(t:0, i:~)
2019-09-20 05:50:01,353 [pool-57-thread-1] INFO  server.RaftServerConfigKeys (ConfUtils.java:logGet(43)) - raft.server.leader.election.timeout = 120s (custom)
2019-09-20 05:50:01,353 [pool-57-thread-1] INFO  server.RaftServerConfigKeys (ConfUtils.java:logGet(43)) - raft.server.log.use.memory = false (default)
2019-09-20 05:50:01,353 [pool-57-thread-1] INFO  server.RaftServerConfigKeys (ConfUtils.java:logGet(43)) - raft.server.log.purge.gap = 1000000 (custom)
2019-09-20 05:50:01,353 [pool-57-thread-1] INFO  server.RaftServerConfigKeys (ConfUtils.java:logGet(43)) - raft.server.log.appender.buffer.byte-limit = 33554432 (custom)
2019-09-20 05:50:01,353 [pool-57-thread-1] INFO  server.RaftServerConfigKeys (ConfUtils.java:logGet(43)) - raft.server.log.segment.size.max = 1048576 (custom)
2019-09-20 05:50:01,354 [pool-57-thread-1] INFO  server.RaftServerConfigKeys (ConfUtils.java:logGet(43)) - raft.server.log.segment.cache.num.max = 2 (custom)
2019-09-20 05:50:01,354 [pool-57-thread-1] INFO  segmented.SegmentedRaftLogWorker (SegmentedRaftLogWorker.java:<init>(172)) - new 9b918566-8d2f-4f38-9ce1-65f5cd084216-SegmentedRaftLogWorker:Storage Directory /workdir/hadoop-ozone/integration-test/target/test-dir/MiniOzoneClusterImpl-29dd0c8c-da21-41d6-af77-5f0a65600fbb/datanode-0/data/ratis/721097f0-d228-4b80-b6ae-24326a8f7fb8 for RaftStorage:Storage Directory /workdir/hadoop-ozone/integration-test/target/test-dir/MiniOzoneClusterImpl-29dd0c8c-da21-41d6-af77-5f0a65600fbb/datanode-0/data/ratis/721097f0-d228-4b80-b6ae-24326a8f7fb8
2019-09-20 05:50:01,354 [pool-57-thread-1] INFO  server.RaftServerConfigKeys (ConfUtils.java:logGet(43)) - raft.server.log.queue.byte-limit = 2147483647 (custom)
2019-09-20 05:50:01,354 [pool-57-thread-1] INFO  server.RaftServerConfigKeys (ConfUtils.java:logGet(43)) - raft.server.log.queue.element-limit = 1024 (custom)
2019-09-20 05:50:01,354 [pool-57-thread-1] INFO  server.RaftServerConfigKeys (ConfUtils.java:logGet(43)) - raft.server.log.segment.size.max = 1048576 (custom)
2019-09-20 05:50:01,354 [pool-57-thread-1] INFO  server.RaftServerConfigKeys (ConfUtils.java:logGet(43)) - raft.server.log.preallocated.size = 16384 (custom)
2019-09-20 05:50:01,354 [pool-57-thread-1] INFO  server.RaftServerConfigKeys (ConfUtils.java:logGet(43)) - raft.server.log.write.buffer.size = 33554432 (custom)
2019-09-20 05:50:01,354 [pool-57-thread-1] INFO  server.RaftServerConfigKeys (ConfUtils.java:logGet(43)) - raft.server.log.force.sync.num = 128 (default)
2019-09-20 05:50:01,354 [pool-57-thread-1] INFO  server.RaftServerConfigKeys (ConfUtils.java:logGet(43)) - raft.server.log.statemachine.data.sync = true (default)
2019-09-20 05:50:01,355 [pool-57-thread-1] INFO  server.RaftServerConfigKeys (ConfUtils.java:logGet(43)) - raft.server.log.statemachine.data.sync.timeout = 10s (default)
2019-09-20 05:50:01,355 [pool-57-thread-1] INFO  server.RaftServerConfigKeys (ConfUtils.java:logGet(43)) - raft.server.log.statemachine.data.sync.timeout.retry = -1 (default)
2019-09-20 05:50:01,355 [pool-57-thread-1] INFO  server.RaftServerConfigKeys (ConfUtils.java:logGet(43)) - raft.server.log.statemachine.data.caching.enabled = true (custom)
2019-09-20 05:50:01,355 [pool-57-thread-1] INFO  segmented.SegmentedRaftLogWorker (SegmentedRaftLogWorker.java:lambda$new$0(132)) - 9b918566-8d2f-4f38-9ce1-65f5cd084216-SegmentedRaftLogWorker:Storage Directory /workdir/hadoop-ozone/integration-test/target/test-dir/MiniOzoneClusterImpl-29dd0c8c-da21-41d6-af77-5f0a65600fbb/datanode-0/data/ratis/721097f0-d228-4b80-b6ae-24326a8f7fb8: flushIndex: setUnconditionally 0 -> -1
2019-09-20 05:50:01,355 [pool-57-thread-1] INFO  server.RaftServerConfigKeys (ConfUtils.java:logGet(43)) - raft.server.snapshot.auto.trigger.enabled = true (custom)
2019-09-20 05:50:01,355 [pool-57-thread-1] INFO  server.RaftServerConfigKeys (ConfUtils.java:logGet(43)) - raft.server.snapshot.auto.trigger.threshold = 1 (custom)
2019-09-20 05:50:01,356 [pool-57-thread-1] INFO  server.RaftServerConfigKeys (ConfUtils.java:logGet(43)) - raft.server.retrycache.expirytime = 600000ms (custom)
2019-09-20 05:50:01,356 [pool-57-thread-1] INFO  impl.RaftServerImpl (RaftServerImpl.java:start(180)) - 9b918566-8d2f-4f38-9ce1-65f5cd084216: start group-24326A8F7FB8
2019-09-20 05:50:01,356 [pool-57-thread-1] INFO  impl.RaftServerImpl (RaftServerImpl.java:setRole(171)) - 9b918566-8d2f-4f38-9ce1-65f5cd084216:group-24326A8F7FB8 changes role from null to FOLLOWER at term 0 for startAsFollower
2019-09-20 05:50:01,356 [pool-57-thread-1] INFO  impl.RoleInfo (RoleInfo.java:updateAndGet(143)) - 9b918566-8d2f-4f38-9ce1-65f5cd084216: start FollowerState
2019-09-20 05:50:01,356 [pool-57-thread-1] INFO  util.JmxRegister (JmxRegister.java:tryRegister(44)) - Successfully registered JMX Bean with object name Ratis:service=RaftServer,group=group-24326A8F7FB8,id=9b918566-8d2f-4f38-9ce1-65f5cd084216
2019-09-20 05:50:01,357 [RatisPipelineUtilsThread] INFO  pipeline.PipelineStateManager (PipelineStateManager.java:addPipeline(56)) - Created pipeline Pipeline[ Id: 721097f0-d228-4b80-b6ae-24326a8f7fb8, Nodes: 9b918566-8d2f-4f38-9ce1-65f5cd084216{ip: 192.168.36.79, host: pr-hdds-1569-s8kj2-2266485376, networkLocation: /default-rack, certSerialId: null}, Type:RATIS, Factor:ONE, State:OPEN]
2019-09-20 05:50:01,360 [grpc-default-executor-1] INFO  impl.RaftServerProxy (RaftServerProxy.java:addNew(89)) - 9b918566-8d2f-4f38-9ce1-65f5cd084216: addNew group-D2E3D1BC3C4A:[9b918566-8d2f-4f38-9ce1-65f5cd084216:192.168.36.79:46843] returns group-D2E3D1BC3C4A:java.util.concurrent.CompletableFuture@7fc9a326[Not completed]
2019-09-20 05:50:01,361 [pool-57-thread-1] INFO  impl.RaftServerImpl (RaftServerImpl.java:<init>(93)) - 9b918566-8d2f-4f38-9ce1-65f5cd084216: new RaftServerImpl for group-D2E3D1BC3C4A:[9b918566-8d2f-4f38-9ce1-65f5cd084216:192.168.36.79:46843] with ContainerStateMachine:uninitialized
2019-09-20 05:50:01,361 [pool-57-thread-1] INFO  server.RaftServerConfigKeys (ConfUtils.java:logGet(43)) - raft.server.rpc.timeout.min = 5s (custom)
2019-09-20 05:50:01,361 [pool-57-thread-1] INFO  server.RaftServerConfigKeys (ConfUtils.java:logGet(43)) - raft.server.rpc.timeout.max = 5200ms (custom)
2019-09-20 05:50:01,361 [pool-57-thread-1] INFO  server.RaftServerConfigKeys (ConfUtils.java:logGet(43)) - raft.server.rpcslowness.timeout = 120s (custom)
2019-09-20 05:50:01,361 [pool-57-thread-1] INFO  server.RaftServerConfigKeys (ConfUtils.java:logGet(43)) - raft.server.sleep.deviation.threshold = 300 (default)
2019-09-20 05:50:01,361 [pool-57-thread-1] INFO  server.RaftServerConfigKeys (ConfUtils.java:logGet(43)) - raft.server.log.appender.install.snapshot.enabled = false (custom)
2019-09-20 05:50:01,361 [pool-57-thread-1] INFO  impl.RaftServerImpl (ServerState.java:<init>(105)) - 9b918566-8d2f-4f38-9ce1-65f5cd084216:group-D2E3D1BC3C4A ConfigurationManager, init=-1: [9b918566-8d2f-4f38-9ce1-65f5cd084216:192.168.36.79:46843], old=null, confs=<EMPTY_MAP>
2019-09-20 05:50:01,361 [pool-57-thread-1] INFO  server.RaftServerConfigKeys (ConfUtils.java:logGet(43)) - raft.server.storage.dir = [/workdir/hadoop-ozone/integration-test/target/test-dir/MiniOzoneClusterImpl-29dd0c8c-da21-41d6-af77-5f0a65600fbb/datanode-0/data/ratis] (custom)
2019-09-20 05:50:01,362 [pool-57-thread-1] INFO  storage.RaftStorageDirectory (RaftStorageDirectory.java:analyzeStorage(246)) - The storage directory /workdir/hadoop-ozone/integration-test/target/test-dir/MiniOzoneClusterImpl-29dd0c8c-da21-41d6-af77-5f0a65600fbb/datanode-0/data/ratis/daa8b7bc-4f16-44c2-b288-d2e3d1bc3c4a does not exist. Creating ...
2019-09-20 05:50:01,374 [Thread-3224] INFO  impl.FollowerState (FollowerState.java:run(106)) - 9b918566-8d2f-4f38-9ce1-65f5cd084216:group-E3210F522AA1 changes to CANDIDATE, lastRpcTime:5147, electionTimeout:5147ms
2019-09-20 05:50:01,374 [Thread-3224] INFO  impl.RoleInfo (RoleInfo.java:shutdownFollowerState(121)) - 9b918566-8d2f-4f38-9ce1-65f5cd084216: shutdown FollowerState
2019-09-20 05:50:01,374 [Thread-3224] INFO  impl.RaftServerImpl (RaftServerImpl.java:setRole(171)) - 9b918566-8d2f-4f38-9ce1-65f5cd084216:group-E3210F522AA1 changes role from FOLLOWER to CANDIDATE at term 0 for changeToCandidate
2019-09-20 05:50:01,375 [Thread-3224] INFO  impl.RoleInfo (RoleInfo.java:updateAndGet(143)) - 9b918566-8d2f-4f38-9ce1-65f5cd084216: start LeaderElection
2019-09-20 05:50:01,394 [pool-57-thread-1] INFO  storage.RaftStorageDirectory (RaftStorageDirectory.java:tryLock(328)) - Lock on /workdir/hadoop-ozone/integration-test/target/test-dir/MiniOzoneClusterImpl-29dd0c8c-da21-41d6-af77-5f0a65600fbb/datanode-0/data/ratis/daa8b7bc-4f16-44c2-b288-d2e3d1bc3c4a/in_use.lock acquired by nodename 6907@pr-hdds-1569-s8kj2-2266485376
2019-09-20 05:50:01,395 [9b918566-8d2f-4f38-9ce1-65f5cd084216-SegmentedRaftLogWorker:Storage Directory /workdir/hadoop-ozone/integration-test/target/test-dir/MiniOzoneClusterImpl-29dd0c8c-da21-41d6-af77-5f0a65600fbb/datanode-0/data/ratis/5e45197d-6173-4cd0-8178-1a3990629514] INFO  segmented.SegmentedRaftLogWorker (SegmentedRaftLogWorker.java:execute(569)) - 9b918566-8d2f-4f38-9ce1-65f5cd084216-SegmentedRaftLogWorker:Storage Directory /workdir/hadoop-ozone/integration-test/target/test-dir/MiniOzoneClusterImpl-29dd0c8c-da21-41d6-af77-5f0a65600fbb/datanode-0/data/ratis/5e45197d-6173-4cd0-8178-1a3990629514: created new log segment /workdir/hadoop-ozone/integration-test/target/test-dir/MiniOzoneClusterImpl-29dd0c8c-da21-41d6-af77-5f0a65600fbb/datanode-0/data/ratis/5e45197d-6173-4cd0-8178-1a3990629514/current/log_inprogress_0
2019-09-20 05:50:01,414 [Thread-3230] INFO  impl.FollowerState (FollowerState.java:run(106)) - 9b918566-8d2f-4f38-9ce1-65f5cd084216:group-4E912F4515C8 changes to CANDIDATE, lastRpcTime:5028, electionTimeout:5028ms
2019-09-20 05:50:01,415 [Thread-3230] INFO  impl.RoleInfo (RoleInfo.java:shutdownFollowerState(121)) - 9b918566-8d2f-4f38-9ce1-65f5cd084216: shutdown FollowerState
2019-09-20 05:50:01,415 [Thread-3230] INFO  impl.RaftServerImpl (RaftServerImpl.java:setRole(171)) - 9b918566-8d2f-4f38-9ce1-65f5cd084216:group-4E912F4515C8 changes role from FOLLOWER to CANDIDATE at term 0 for changeToCandidate
2019-09-20 05:50:01,415 [Thread-3230] INFO  impl.RoleInfo (RoleInfo.java:updateAndGet(143)) - 9b918566-8d2f-4f38-9ce1-65f5cd084216: start LeaderElection
2019-09-20 05:50:01,421 [pool-57-thread-1] INFO  storage.RaftStorage (RaftStorage.java:format(72)) - Storage directory /workdir/hadoop-ozone/integration-test/target/test-dir/MiniOzoneClusterImpl-29dd0c8c-da21-41d6-af77-5f0a65600fbb/datanode-0/data/ratis/daa8b7bc-4f16-44c2-b288-d2e3d1bc3c4a has been successfully formatted.
2019-09-20 05:50:01,421 [9b918566-8d2f-4f38-9ce1-65f5cd084216:group-E3210F522AA1:LeaderElection405] INFO  impl.LeaderElection (LeaderElection.java:askForVotes(181)) - 9b918566-8d2f-4f38-9ce1-65f5cd084216:group-E3210F522AA1:LeaderElection405: begin an election at term 1 for -1: [9b918566-8d2f-4f38-9ce1-65f5cd084216:192.168.36.79:46843], old=null
2019-09-20 05:50:01,421 [pool-57-thread-1] INFO  ratis.ContainerStateMachine (ContainerStateMachine.java:loadSnapshot(226)) - group-D2E3D1BC3C4A: The snapshot info is null. Setting the last applied indexto:(t:0, i:~)
2019-09-20 05:50:01,421 [9b918566-8d2f-4f38-9ce1-65f5cd084216:group-E3210F522AA1:LeaderElection405] INFO  impl.RoleInfo (RoleInfo.java:shutdownLeaderElection(134)) - 9b918566-8d2f-4f38-9ce1-65f5cd084216: shutdown LeaderElection
2019-09-20 05:50:01,422 [pool-57-thread-1] INFO  server.RaftServerConfigKeys (ConfUtils.java:logGet(43)) - raft.server.leader.election.timeout = 120s (custom)
2019-09-20 05:50:01,422 [9b918566-8d2f-4f38-9ce1-65f5cd084216:group-E3210F522AA1:LeaderElection405] INFO  impl.RaftServerImpl (RaftServerImpl.java:setRole(171)) - 9b918566-8d2f-4f38-9ce1-65f5cd084216:group-E3210F522AA1 changes role from CANDIDATE to LEADER at term 1 for changeToLeader
2019-09-20 05:50:01,422 [pool-57-thread-1] INFO  server.RaftServerConfigKeys (ConfUtils.java:logGet(43)) - raft.server.log.use.memory = false (default)
2019-09-20 05:50:01,422 [9b918566-8d2f-4f38-9ce1-65f5cd084216:group-E3210F522AA1:LeaderElection405] INFO  impl.RaftServerImpl (ServerState.java:setLeader(263)) - 9b918566-8d2f-4f38-9ce1-65f5cd084216:group-E3210F522AA1 change Leader from null to 9b918566-8d2f-4f38-9ce1-65f5cd084216 at term 1 for becomeLeader, leader elected after 5198ms
2019-09-20 05:50:01,422 [pool-57-thread-1] INFO  server.RaftServerConfigKeys (ConfUtils.java:logGet(43)) - raft.server.log.purge.gap = 1000000 (custom)
2019-09-20 05:50:01,422 [9b918566-8d2f-4f38-9ce1-65f5cd084216:group-E3210F522AA1:LeaderElection405] INFO  server.RaftServerConfigKeys (ConfUtils.java:logGet(43)) - raft.server.staging.catchup.gap = 1000 (default)
2019-09-20 05:50:01,422 [pool-57-thread-1] INFO  server.RaftServerConfigKeys (ConfUtils.java:logGet(43)) - raft.server.log.appender.buffer.byte-limit = 33554432 (custom)
2019-09-20 05:50:01,422 [9b918566-8d2f-4f38-9ce1-65f5cd084216:group-E3210F522AA1:LeaderElection405] INFO  server.RaftServerConfigKeys (ConfUtils.java:logGet(43)) - raft.server.rpc.sleep.time = 25ms (default)
2019-09-20 05:50:01,422 [pool-57-thread-1] INFO  server.RaftServerConfigKeys (ConfUtils.java:logGet(43)) - raft.server.log.segment.size.max = 1048576 (custom)
2019-09-20 05:50:01,423 [pool-57-thread-1] INFO  server.RaftServerConfigKeys (ConfUtils.java:logGet(43)) - raft.server.log.segment.cache.num.max = 2 (custom)
2019-09-20 05:50:01,423 [9b918566-8d2f-4f38-9ce1-65f5cd084216:group-E3210F522AA1:LeaderElection405] INFO  server.RaftServerConfigKeys (ConfUtils.java:logGet(43)) - raft.server.write.element-limit = 4096 (default)
2019-09-20 05:50:01,423 [pool-57-thread-1] INFO  segmented.SegmentedRaftLogWorker (SegmentedRaftLogWorker.java:<init>(172)) - new 9b918566-8d2f-4f38-9ce1-65f5cd084216-SegmentedRaftLogWorker:Storage Directory /workdir/hadoop-ozone/integration-test/target/test-dir/MiniOzoneClusterImpl-29dd0c8c-da21-41d6-af77-5f0a65600fbb/datanode-0/data/ratis/daa8b7bc-4f16-44c2-b288-d2e3d1bc3c4a for RaftStorage:Storage Directory /workdir/hadoop-ozone/integration-test/target/test-dir/MiniOzoneClusterImpl-29dd0c8c-da21-41d6-af77-5f0a65600fbb/datanode-0/data/ratis/daa8b7bc-4f16-44c2-b288-d2e3d1bc3c4a
2019-09-20 05:50:01,423 [9b918566-8d2f-4f38-9ce1-65f5cd084216:group-E3210F522AA1:LeaderElection405] INFO  server.RaftServerConfigKeys (ConfUtils.java:logGet(43)) - raft.server.watch.timeout = 10s (default)
2019-09-20 05:50:01,423 [pool-57-thread-1] INFO  server.RaftServerConfigKeys (ConfUtils.java:logGet(43)) - raft.server.log.queue.byte-limit = 2147483647 (custom)
2019-09-20 05:50:01,423 [9b918566-8d2f-4f38-9ce1-65f5cd084216:group-E3210F522AA1:LeaderElection405] INFO  server.RaftServerConfigKeys (ConfUtils.java:logGet(43)) - raft.server.watch.timeout.denomination = 1s (default)
2019-09-20 05:50:01,423 [pool-57-thread-1] INFO  server.RaftServerConfigKeys (ConfUtils.java:logGet(43)) - raft.server.log.queue.element-limit = 1024 (custom)
2019-09-20 05:50:01,423 [9b918566-8d2f-4f38-9ce1-65f5cd084216:group-E3210F522AA1:LeaderElection405] INFO  server.RaftServerConfigKeys (ConfUtils.java:logGet(43)) - raft.server.watch.element-limit = 65536 (default)
2019-09-20 05:50:01,423 [pool-57-thread-1] INFO  server.RaftServerConfigKeys (ConfUtils.java:logGet(43)) - raft.server.log.segment.size.max = 1048576 (custom)
2019-09-20 05:50:01,424 [9b918566-8d2f-4f38-9ce1-65f5cd084216:group-E3210F522AA1:LeaderElection405] INFO  impl.RoleInfo (RoleInfo.java:updateAndGet(143)) - 9b918566-8d2f-4f38-9ce1-65f5cd084216: start LeaderState
2019-09-20 05:50:01,424 [pool-57-thread-1] INFO  server.RaftServerConfigKeys (ConfUtils.java:logGet(43)) - raft.server.log.preallocated.size = 16384 (custom)
2019-09-20 05:50:01,424 [pool-57-thread-1] INFO  server.RaftServerConfigKeys (ConfUtils.java:logGet(43)) - raft.server.log.write.buffer.size = 33554432 (custom)
2019-09-20 05:50:01,424 [9b918566-8d2f-4f38-9ce1-65f5cd084216:group-E3210F522AA1:LeaderElection405] INFO  segmented.SegmentedRaftLogWorker (SegmentedRaftLogWorker.java:startLogSegment(380)) - 9b918566-8d2f-4f38-9ce1-65f5cd084216-SegmentedRaftLogWorker:Storage Directory /workdir/hadoop-ozone/integration-test/target/test-dir/MiniOzoneClusterImpl-29dd0c8c-da21-41d6-af77-5f0a65600fbb/datanode-0/data/ratis/1097fffe-6781-4855-a6c0-e3210f522aa1: Starting segment from index:0
2019-09-20 05:50:01,424 [pool-57-thread-1] INFO  server.RaftServerConfigKeys (ConfUtils.java:logGet(43)) - raft.server.log.force.sync.num = 128 (default)
2019-09-20 05:50:01,424 [pool-57-thread-1] INFO  server.RaftServerConfigKeys (ConfUtils.java:logGet(43)) - raft.server.log.statemachine.data.sync = true (default)
2019-09-20 05:50:01,424 [pool-57-thread-1] INFO  server.RaftServerConfigKeys (ConfUtils.java:logGet(43)) - raft.server.log.statemachine.data.sync.timeout = 10s (default)
2019-09-20 05:50:01,424 [9b918566-8d2f-4f38-9ce1-65f5cd084216:group-E3210F522AA1:LeaderElection405] INFO  impl.RaftServerImpl (ServerState.java:setRaftConf(361)) - 9b918566-8d2f-4f38-9ce1-65f5cd084216:group-E3210F522AA1 set configuration 0: [9b918566-8d2f-4f38-9ce1-65f5cd084216:192.168.36.79:46843], old=null at 0
2019-09-20 05:50:01,425 [pool-57-thread-1] INFO  server.RaftServerConfigKeys (ConfUtils.java:logGet(43)) - raft.server.log.statemachine.data.sync.timeout.retry = -1 (default)
2019-09-20 05:50:01,425 [pool-57-thread-1] INFO  server.RaftServerConfigKeys (ConfUtils.java:logGet(43)) - raft.server.log.statemachine.data.caching.enabled = true (custom)
2019-09-20 05:50:01,425 [pool-57-thread-1] INFO  segmented.SegmentedRaftLogWorker (SegmentedRaftLogWorker.java:lambda$new$0(132)) - 9b918566-8d2f-4f38-9ce1-65f5cd084216-SegmentedRaftLogWorker:Storage Directory /workdir/hadoop-ozone/integration-test/target/test-dir/MiniOzoneClusterImpl-29dd0c8c-da21-41d6-af77-5f0a65600fbb/datanode-0/data/ratis/daa8b7bc-4f16-44c2-b288-d2e3d1bc3c4a: flushIndex: setUnconditionally 0 -> -1
2019-09-20 05:50:01,425 [pool-57-thread-1] INFO  server.RaftServerConfigKeys (ConfUtils.java:logGet(43)) - raft.server.snapshot.auto.trigger.enabled = true (custom)
2019-09-20 05:50:01,425 [pool-57-thread-1] INFO  server.RaftServerConfigKeys (ConfUtils.java:logGet(43)) - raft.server.snapshot.auto.trigger.threshold = 1 (custom)
2019-09-20 05:50:01,425 [pool-57-thread-1] INFO  server.RaftServerConfigKeys (ConfUtils.java:logGet(43)) - raft.server.retrycache.expirytime = 600000ms (custom)
2019-09-20 05:50:01,426 [pool-57-thread-1] INFO  impl.RaftServerImpl (RaftServerImpl.java:start(180)) - 9b918566-8d2f-4f38-9ce1-65f5cd084216: start group-D2E3D1BC3C4A
2019-09-20 05:50:01,426 [pool-57-thread-1] INFO  impl.RaftServerImpl (RaftServerImpl.java:setRole(171)) - 9b918566-8d2f-4f38-9ce1-65f5cd084216:group-D2E3D1BC3C4A changes role from null to FOLLOWER at term 0 for startAsFollower
2019-09-20 05:50:01,426 [pool-57-thread-1] INFO  impl.RoleInfo (RoleInfo.java:updateAndGet(143)) - 9b918566-8d2f-4f38-9ce1-65f5cd084216: start FollowerState
2019-09-20 05:50:01,426 [pool-57-thread-1] INFO  util.JmxRegister (JmxRegister.java:tryRegister(44)) - Successfully registered JMX Bean with object name Ratis:service=RaftServer,group=group-D2E3D1BC3C4A,id=9b918566-8d2f-4f38-9ce1-65f5cd084216
2019-09-20 05:50:01,427 [RatisPipelineUtilsThread] INFO  pipeline.PipelineStateManager (PipelineStateManager.java:addPipeline(56)) - Created pipeline Pipeline[ Id: daa8b7bc-4f16-44c2-b288-d2e3d1bc3c4a, Nodes: 9b918566-8d2f-4f38-9ce1-65f5cd084216{ip: 192.168.36.79, host: pr-hdds-1569-s8kj2-2266485376, networkLocation: /default-rack, certSerialId: null}, Type:RATIS, Factor:ONE, State:OPEN]
2019-09-20 05:50:01,430 [grpc-default-executor-1] INFO  impl.RaftServerProxy (RaftServerProxy.java:addNew(89)) - 9b918566-8d2f-4f38-9ce1-65f5cd084216: addNew group-C0C96F94F210:[9b918566-8d2f-4f38-9ce1-65f5cd084216:192.168.36.79:46843] returns group-C0C96F94F210:java.util.concurrent.CompletableFuture@1e4d0a34[Not completed]
2019-09-20 05:50:01,431 [pool-57-thread-1] INFO  impl.RaftServerImpl (RaftServerImpl.java:<init>(93)) - 9b918566-8d2f-4f38-9ce1-65f5cd084216: new RaftServerImpl for group-C0C96F94F210:[9b918566-8d2f-4f38-9ce1-65f5cd084216:192.168.36.79:46843] with ContainerStateMachine:uninitialized
2019-09-20 05:50:01,431 [pool-57-thread-1] INFO  server.RaftServerConfigKeys (ConfUtils.java:logGet(43)) - raft.server.rpc.timeout.min = 5s (custom)
2019-09-20 05:50:01,431 [pool-57-thread-1] INFO  server.RaftServerConfigKeys (ConfUtils.java:logGet(43)) - raft.server.rpc.timeout.max = 5200ms (custom)
2019-09-20 05:50:01,431 [pool-57-thread-1] INFO  server.RaftServerConfigKeys (ConfUtils.java:logGet(43)) - raft.server.rpcslowness.timeout = 120s (custom)
2019-09-20 05:50:01,431 [pool-57-thread-1] INFO  server.RaftServerConfigKeys (ConfUtils.java:logGet(43)) - raft.server.sleep.deviation.threshold = 300 (default)
2019-09-20 05:50:01,431 [pool-57-thread-1] INFO  server.RaftServerConfigKeys (ConfUtils.java:logGet(43)) - raft.server.log.appender.install.snapshot.enabled = false (custom)
2019-09-20 05:50:01,431 [pool-57-thread-1] INFO  impl.RaftServerImpl (ServerState.java:<init>(105)) - 9b918566-8d2f-4f38-9ce1-65f5cd084216:group-C0C96F94F210 ConfigurationManager, init=-1: [9b918566-8d2f-4f38-9ce1-65f5cd084216:192.168.36.79:46843], old=null, confs=<EMPTY_MAP>
2019-09-20 05:50:01,431 [pool-57-thread-1] INFO  server.RaftServerConfigKeys (ConfUtils.java:logGet(43)) - raft.server.storage.dir = [/workdir/hadoop-ozone/integration-test/target/test-dir/MiniOzoneClusterImpl-29dd0c8c-da21-41d6-af77-5f0a65600fbb/datanode-0/data/ratis] (custom)
2019-09-20 05:50:01,432 [pool-57-thread-1] INFO  storage.RaftStorageDirectory (RaftStorageDirectory.java:analyzeStorage(246)) - The storage directory /workdir/hadoop-ozone/integration-test/target/test-dir/MiniOzoneClusterImpl-29dd0c8c-da21-41d6-af77-5f0a65600fbb/datanode-0/data/ratis/1b1e116c-2ce8-466a-a41b-c0c96f94f210 does not exist. Creating ...
2019-09-20 05:50:01,444 [Thread-3227] INFO  impl.FollowerState (FollowerState.java:run(106)) - 9b918566-8d2f-4f38-9ce1-65f5cd084216:group-45D5C5EEFFF5 changes to CANDIDATE, lastRpcTime:5124, electionTimeout:5124ms
2019-09-20 05:50:01,444 [Thread-3227] INFO  impl.RoleInfo (RoleInfo.java:shutdownFollowerState(121)) - 9b918566-8d2f-4f38-9ce1-65f5cd084216: shutdown FollowerState
2019-09-20 05:50:01,444 [Thread-3227] INFO  impl.RaftServerImpl (RaftServerImpl.java:setRole(171)) - 9b918566-8d2f-4f38-9ce1-65f5cd084216:group-45D5C5EEFFF5 changes role from FOLLOWER to CANDIDATE at term 0 for changeToCandidate
2019-09-20 05:50:01,444 [Thread-3227] INFO  impl.RoleInfo (RoleInfo.java:updateAndGet(143)) - 9b918566-8d2f-4f38-9ce1-65f5cd084216: start LeaderElection
2019-09-20 05:50:01,447 [9b918566-8d2f-4f38-9ce1-65f5cd084216:group-4E912F4515C8:LeaderElection406] INFO  impl.LeaderElection (LeaderElection.java:askForVotes(181)) - 9b918566-8d2f-4f38-9ce1-65f5cd084216:group-4E912F4515C8:LeaderElection406: begin an election at term 1 for -1: [9b918566-8d2f-4f38-9ce1-65f5cd084216:192.168.36.79:46843], old=null
2019-09-20 05:50:01,447 [9b918566-8d2f-4f38-9ce1-65f5cd084216:group-4E912F4515C8:LeaderElection406] INFO  impl.RoleInfo (RoleInfo.java:shutdownLeaderElection(134)) - 9b918566-8d2f-4f38-9ce1-65f5cd084216: shutdown LeaderElection
2019-09-20 05:50:01,447 [9b918566-8d2f-4f38-9ce1-65f5cd084216:group-4E912F4515C8:LeaderElection406] INFO  impl.RaftServerImpl (RaftServerImpl.java:setRole(171)) - 9b918566-8d2f-4f38-9ce1-65f5cd084216:group-4E912F4515C8 changes role from CANDIDATE to LEADER at term 1 for changeToLeader
2019-09-20 05:50:01,447 [9b918566-8d2f-4f38-9ce1-65f5cd084216:group-4E912F4515C8:LeaderElection406] INFO  impl.RaftServerImpl (ServerState.java:setLeader(263)) - 9b918566-8d2f-4f38-9ce1-65f5cd084216:group-4E912F4515C8 change Leader from null to 9b918566-8d2f-4f38-9ce1-65f5cd084216 at term 1 for becomeLeader, leader elected after 5063ms
2019-09-20 05:50:01,447 [9b918566-8d2f-4f38-9ce1-65f5cd084216:group-4E912F4515C8:LeaderElection406] INFO  server.RaftServerConfigKeys (ConfUtils.java:logGet(43)) - raft.server.staging.catchup.gap = 1000 (default)
2019-09-20 05:50:01,447 [9b918566-8d2f-4f38-9ce1-65f5cd084216:group-4E912F4515C8:LeaderElection406] INFO  server.RaftServerConfigKeys (ConfUtils.java:logGet(43)) - raft.server.rpc.sleep.time = 25ms (default)
2019-09-20 05:50:01,447 [9b918566-8d2f-4f38-9ce1-65f5cd084216:group-4E912F4515C8:LeaderElection406] INFO  server.RaftServerConfigKeys (ConfUtils.java:logGet(43)) - raft.server.write.element-limit = 4096 (default)
2019-09-20 05:50:01,447 [9b918566-8d2f-4f38-9ce1-65f5cd084216:group-4E912F4515C8:LeaderElection406] INFO  server.RaftServerConfigKeys (ConfUtils.java:logGet(43)) - raft.server.watch.timeout = 10s (default)
2019-09-20 05:50:01,448 [9b918566-8d2f-4f38-9ce1-65f5cd084216:group-4E912F4515C8:LeaderElection406] INFO  server.RaftServerConfigKeys (ConfUtils.java:logGet(43)) - raft.server.watch.timeout.denomination = 1s (default)
2019-09-20 05:50:01,448 [9b918566-8d2f-4f38-9ce1-65f5cd084216:group-4E912F4515C8:LeaderElection406] INFO  server.RaftServerConfigKeys (ConfUtils.java:logGet(43)) - raft.server.watch.element-limit = 65536 (default)
2019-09-20 05:50:01,448 [9b918566-8d2f-4f38-9ce1-65f5cd084216:group-4E912F4515C8:LeaderElection406] INFO  impl.RoleInfo (RoleInfo.java:updateAndGet(143)) - 9b918566-8d2f-4f38-9ce1-65f5cd084216: start LeaderState
2019-09-20 05:50:01,448 [9b918566-8d2f-4f38-9ce1-65f5cd084216:group-4E912F4515C8:LeaderElection406] INFO  segmented.SegmentedRaftLogWorker (SegmentedRaftLogWorker.java:startLogSegment(380)) - 9b918566-8d2f-4f38-9ce1-65f5cd084216-SegmentedRaftLogWorker:Storage Directory /workdir/hadoop-ozone/integration-test/target/test-dir/MiniOzoneClusterImpl-29dd0c8c-da21-41d6-af77-5f0a65600fbb/datanode-0/data/ratis/d56abd25-5c1a-4154-bd8d-4e912f4515c8: Starting segment from index:0
2019-09-20 05:50:01,448 [9b918566-8d2f-4f38-9ce1-65f5cd084216:group-4E912F4515C8:LeaderElection406] INFO  impl.RaftServerImpl (ServerState.java:setRaftConf(361)) - 9b918566-8d2f-4f38-9ce1-65f5cd084216:group-4E912F4515C8 set configuration 0: [9b918566-8d2f-4f38-9ce1-65f5cd084216:192.168.36.79:46843], old=null at 0
2019-09-20 05:50:01,472 [pool-57-thread-1] INFO  storage.RaftStorageDirectory (RaftStorageDirectory.java:tryLock(328)) - Lock on /workdir/hadoop-ozone/integration-test/target/test-dir/MiniOzoneClusterImpl-29dd0c8c-da21-41d6-af77-5f0a65600fbb/datanode-0/data/ratis/1b1e116c-2ce8-466a-a41b-c0c96f94f210/in_use.lock acquired by nodename 6907@pr-hdds-1569-s8kj2-2266485376
2019-09-20 05:50:01,481 [9b918566-8d2f-4f38-9ce1-65f5cd084216:group-45D5C5EEFFF5:LeaderElection407] INFO  impl.LeaderElection (LeaderElection.java:askForVotes(181)) - 9b918566-8d2f-4f38-9ce1-65f5cd084216:group-45D5C5EEFFF5:LeaderElection407: begin an election at term 1 for -1: [9b918566-8d2f-4f38-9ce1-65f5cd084216:192.168.36.79:46843], old=null
2019-09-20 05:50:01,481 [9b918566-8d2f-4f38-9ce1-65f5cd084216:group-45D5C5EEFFF5:LeaderElection407] INFO  impl.RoleInfo (RoleInfo.java:shutdownLeaderElection(134)) - 9b918566-8d2f-4f38-9ce1-65f5cd084216: shutdown LeaderElection
2019-09-20 05:50:01,481 [9b918566-8d2f-4f38-9ce1-65f5cd084216:group-45D5C5EEFFF5:LeaderElection407] INFO  impl.RaftServerImpl (RaftServerImpl.java:setRole(171)) - 9b918566-8d2f-4f38-9ce1-65f5cd084216:group-45D5C5EEFFF5 changes role from CANDIDATE to LEADER at term 1 for changeToLeader
2019-09-20 05:50:01,481 [9b918566-8d2f-4f38-9ce1-65f5cd084216:group-45D5C5EEFFF5:LeaderElection407] INFO  impl.RaftServerImpl (ServerState.java:setLeader(263)) - 9b918566-8d2f-4f38-9ce1-65f5cd084216:group-45D5C5EEFFF5 change Leader from null to 9b918566-8d2f-4f38-9ce1-65f5cd084216 at term 1 for becomeLeader, leader elected after 5165ms
2019-09-20 05:50:01,481 [9b918566-8d2f-4f38-9ce1-65f5cd084216:group-45D5C5EEFFF5:LeaderElection407] INFO  server.RaftServerConfigKeys (ConfUtils.java:logGet(43)) - raft.server.staging.catchup.gap = 1000 (default)
2019-09-20 05:50:01,481 [9b918566-8d2f-4f38-9ce1-65f5cd084216:group-45D5C5EEFFF5:LeaderElection407] INFO  server.RaftServerConfigKeys (ConfUtils.java:logGet(43)) - raft.server.rpc.sleep.time = 25ms (default)
2019-09-20 05:50:01,481 [9b918566-8d2f-4f38-9ce1-65f5cd084216:group-45D5C5EEFFF5:LeaderElection407] INFO  server.RaftServerConfigKeys (ConfUtils.java:logGet(43)) - raft.server.write.element-limit = 4096 (default)
2019-09-20 05:50:01,481 [9b918566-8d2f-4f38-9ce1-65f5cd084216:group-45D5C5EEFFF5:LeaderElection407] INFO  server.RaftServerConfigKeys (ConfUtils.java:logGet(43)) - raft.server.watch.timeout = 10s (default)
2019-09-20 05:50:01,482 [9b918566-8d2f-4f38-9ce1-65f5cd084216:group-45D5C5EEFFF5:LeaderElection407] INFO  server.RaftServerConfigKeys (ConfUtils.java:logGet(43)) - raft.server.watch.timeout.denomination = 1s (default)
2019-09-20 05:50:01,482 [9b918566-8d2f-4f38-9ce1-65f5cd084216:group-45D5C5EEFFF5:LeaderElection407] INFO  server.RaftServerConfigKeys (ConfUtils.java:logGet(43)) - raft.server.watch.element-limit = 65536 (default)
2019-09-20 05:50:01,482 [9b918566-8d2f-4f38-9ce1-65f5cd084216:group-45D5C5EEFFF5:LeaderElection407] INFO  impl.RoleInfo (RoleInfo.java:updateAndGet(143)) - 9b918566-8d2f-4f38-9ce1-65f5cd084216: start LeaderState
2019-09-20 05:50:01,482 [9b918566-8d2f-4f38-9ce1-65f5cd084216:group-45D5C5EEFFF5:LeaderElection407] INFO  segmented.SegmentedRaftLogWorker (SegmentedRaftLogWorker.java:startLogSegment(380)) - 9b918566-8d2f-4f38-9ce1-65f5cd084216-SegmentedRaftLogWorker:Storage Directory /workdir/hadoop-ozone/integration-test/target/test-dir/MiniOzoneClusterImpl-29dd0c8c-da21-41d6-af77-5f0a65600fbb/datanode-0/data/ratis/f9ffd708-f309-494d-97e0-45d5c5eefff5: Starting segment from index:0
2019-09-20 05:50:01,482 [9b918566-8d2f-4f38-9ce1-65f5cd084216:group-45D5C5EEFFF5:LeaderElection407] INFO  impl.RaftServerImpl (ServerState.java:setRaftConf(361)) - 9b918566-8d2f-4f38-9ce1-65f5cd084216:group-45D5C5EEFFF5 set configuration 0: [9b918566-8d2f-4f38-9ce1-65f5cd084216:192.168.36.79:46843], old=null at 0
2019-09-20 05:50:01,489 [9b918566-8d2f-4f38-9ce1-65f5cd084216-SegmentedRaftLogWorker:Storage Directory /workdir/hadoop-ozone/integration-test/target/test-dir/MiniOzoneClusterImpl-29dd0c8c-da21-41d6-af77-5f0a65600fbb/datanode-0/data/ratis/1097fffe-6781-4855-a6c0-e3210f522aa1] INFO  segmented.SegmentedRaftLogWorker (SegmentedRaftLogWorker.java:execute(569)) - 9b918566-8d2f-4f38-9ce1-65f5cd084216-SegmentedRaftLogWorker:Storage Directory /workdir/hadoop-ozone/integration-test/target/test-dir/MiniOzoneClusterImpl-29dd0c8c-da21-41d6-af77-5f0a65600fbb/datanode-0/data/ratis/1097fffe-6781-4855-a6c0-e3210f522aa1: created new log segment /workdir/hadoop-ozone/integration-test/target/test-dir/MiniOzoneClusterImpl-29dd0c8c-da21-41d6-af77-5f0a65600fbb/datanode-0/data/ratis/1097fffe-6781-4855-a6c0-e3210f522aa1/current/log_inprogress_0
2019-09-20 05:50:01,495 | INFO  | SCMAudit | user=jenkins1000 | ip=192.168.36.79 | op=SEND_HEARTBEAT {datanodeUUID=9b918566-8d2f-4f38-9ce1-65f5cd084216, command=[]} | ret=SUCCESS |  
2019-09-20 05:50:01,523 [9b918566-8d2f-4f38-9ce1-65f5cd084216-SegmentedRaftLogWorker:Storage Directory /workdir/hadoop-ozone/integration-test/target/test-dir/MiniOzoneClusterImpl-29dd0c8c-da21-41d6-af77-5f0a65600fbb/datanode-0/data/ratis/d56abd25-5c1a-4154-bd8d-4e912f4515c8] INFO  segmented.SegmentedRaftLogWorker (SegmentedRaftLogWorker.java:execute(569)) - 9b918566-8d2f-4f38-9ce1-65f5cd084216-SegmentedRaftLogWorker:Storage Directory /workdir/hadoop-ozone/integration-test/target/test-dir/MiniOzoneClusterImpl-29dd0c8c-da21-41d6-af77-5f0a65600fbb/datanode-0/data/ratis/d56abd25-5c1a-4154-bd8d-4e912f4515c8: created new log segment /workdir/hadoop-ozone/integration-test/target/test-dir/MiniOzoneClusterImpl-29dd0c8c-da21-41d6-af77-5f0a65600fbb/datanode-0/data/ratis/d56abd25-5c1a-4154-bd8d-4e912f4515c8/current/log_inprogress_0
2019-09-20 05:50:01,523 [pool-57-thread-1] INFO  storage.RaftStorage (RaftStorage.java:format(72)) - Storage directory /workdir/hadoop-ozone/integration-test/target/test-dir/MiniOzoneClusterImpl-29dd0c8c-da21-41d6-af77-5f0a65600fbb/datanode-0/data/ratis/1b1e116c-2ce8-466a-a41b-c0c96f94f210 has been successfully formatted.
2019-09-20 05:50:01,523 [pool-57-thread-1] INFO  ratis.ContainerStateMachine (ContainerStateMachine.java:loadSnapshot(226)) - group-C0C96F94F210: The snapshot info is null. Setting the last applied indexto:(t:0, i:~)
2019-09-20 05:50:01,524 [pool-57-thread-1] INFO  server.RaftServerConfigKeys (ConfUtils.java:logGet(43)) - raft.server.leader.election.timeout = 120s (custom)
2019-09-20 05:50:01,524 [pool-57-thread-1] INFO  server.RaftServerConfigKeys (ConfUtils.java:logGet(43)) - raft.server.log.use.memory = false (default)
2019-09-20 05:50:01,524 [pool-57-thread-1] INFO  server.RaftServerConfigKeys (ConfUtils.java:logGet(43)) - raft.server.log.purge.gap = 1000000 (custom)
2019-09-20 05:50:01,524 [pool-57-thread-1] INFO  server.RaftServerConfigKeys (ConfUtils.java:logGet(43)) - raft.server.log.appender.buffer.byte-limit = 33554432 (custom)
2019-09-20 05:50:01,524 [pool-57-thread-1] INFO  server.RaftServerConfigKeys (ConfUtils.java:logGet(43)) - raft.server.log.segment.size.max = 1048576 (custom)
2019-09-20 05:50:01,524 [pool-57-thread-1] INFO  server.RaftServerConfigKeys (ConfUtils.java:logGet(43)) - raft.server.log.segment.cache.num.max = 2 (custom)
2019-09-20 05:50:01,524 [pool-57-thread-1] INFO  segmented.SegmentedRaftLogWorker (SegmentedRaftLogWorker.java:<init>(172)) - new 9b918566-8d2f-4f38-9ce1-65f5cd084216-SegmentedRaftLogWorker:Storage Directory /workdir/hadoop-ozone/integration-test/target/test-dir/MiniOzoneClusterImpl-29dd0c8c-da21-41d6-af77-5f0a65600fbb/datanode-0/data/ratis/1b1e116c-2ce8-466a-a41b-c0c96f94f210 for RaftStorage:Storage Directory /workdir/hadoop-ozone/integration-test/target/test-dir/MiniOzoneClusterImpl-29dd0c8c-da21-41d6-af77-5f0a65600fbb/datanode-0/data/ratis/1b1e116c-2ce8-466a-a41b-c0c96f94f210
2019-09-20 05:50:01,525 [pool-57-thread-1] INFO  server.RaftServerConfigKeys (ConfUtils.java:logGet(43)) - raft.server.log.queue.byte-limit = 2147483647 (custom)
2019-09-20 05:50:01,525 [pool-57-thread-1] INFO  server.RaftServerConfigKeys (ConfUtils.java:logGet(43)) - raft.server.log.queue.element-limit = 1024 (custom)
2019-09-20 05:50:01,525 [pool-57-thread-1] INFO  server.RaftServerConfigKeys (ConfUtils.java:logGet(43)) - raft.server.log.segment.size.max = 1048576 (custom)
2019-09-20 05:50:01,525 [pool-57-thread-1] INFO  server.RaftServerConfigKeys (ConfUtils.java:logGet(43)) - raft.server.log.preallocated.size = 16384 (custom)
2019-09-20 05:50:01,525 [pool-57-thread-1] INFO  server.RaftServerConfigKeys (ConfUtils.java:logGet(43)) - raft.server.log.write.buffer.size = 33554432 (custom)
2019-09-20 05:50:01,525 [pool-57-thread-1] INFO  server.RaftServerConfigKeys (ConfUtils.java:logGet(43)) - raft.server.log.force.sync.num = 128 (default)
2019-09-20 05:50:01,525 [pool-57-thread-1] INFO  server.RaftServerConfigKeys (ConfUtils.java:logGet(43)) - raft.server.log.statemachine.data.sync = true (default)
2019-09-20 05:50:01,526 [pool-57-thread-1] INFO  server.RaftServerConfigKeys (ConfUtils.java:logGet(43)) - raft.server.log.statemachine.data.sync.timeout = 10s (default)
2019-09-20 05:50:01,526 [pool-57-thread-1] INFO  server.RaftServerConfigKeys (ConfUtils.java:logGet(43)) - raft.server.log.statemachine.data.sync.timeout.retry = -1 (default)
2019-09-20 05:50:01,526 [pool-57-thread-1] INFO  server.RaftServerConfigKeys (ConfUtils.java:logGet(43)) - raft.server.log.statemachine.data.caching.enabled = true (custom)
2019-09-20 05:50:01,526 [pool-57-thread-1] INFO  segmented.SegmentedRaftLogWorker (SegmentedRaftLogWorker.java:lambda$new$0(132)) - 9b918566-8d2f-4f38-9ce1-65f5cd084216-SegmentedRaftLogWorker:Storage Directory /workdir/hadoop-ozone/integration-test/target/test-dir/MiniOzoneClusterImpl-29dd0c8c-da21-41d6-af77-5f0a65600fbb/datanode-0/data/ratis/1b1e116c-2ce8-466a-a41b-c0c96f94f210: flushIndex: setUnconditionally 0 -> -1
2019-09-20 05:50:01,526 [pool-57-thread-1] INFO  server.RaftServerConfigKeys (ConfUtils.java:logGet(43)) - raft.server.snapshot.auto.trigger.enabled = true (custom)
2019-09-20 05:50:01,527 [pool-57-thread-1] INFO  server.RaftServerConfigKeys (ConfUtils.java:logGet(43)) - raft.server.snapshot.auto.trigger.threshold = 1 (custom)
2019-09-20 05:50:01,527 [pool-57-thread-1] INFO  server.RaftServerConfigKeys (ConfUtils.java:logGet(43)) - raft.server.retrycache.expirytime = 600000ms (custom)
2019-09-20 05:50:01,527 [pool-57-thread-1] INFO  impl.RaftServerImpl (RaftServerImpl.java:start(180)) - 9b918566-8d2f-4f38-9ce1-65f5cd084216: start group-C0C96F94F210
2019-09-20 05:50:01,527 [pool-57-thread-1] INFO  impl.RaftServerImpl (RaftServerImpl.java:setRole(171)) - 9b918566-8d2f-4f38-9ce1-65f5cd084216:group-C0C96F94F210 changes role from null to FOLLOWER at term 0 for startAsFollower
2019-09-20 05:50:01,527 [pool-57-thread-1] INFO  impl.RoleInfo (RoleInfo.java:updateAndGet(143)) - 9b918566-8d2f-4f38-9ce1-65f5cd084216: start FollowerState
2019-09-20 05:50:01,528 [pool-57-thread-1] INFO  util.JmxRegister (JmxRegister.java:tryRegister(44)) - Successfully registered JMX Bean with object name Ratis:service=RaftServer,group=group-C0C96F94F210,id=9b918566-8d2f-4f38-9ce1-65f5cd084216
2019-09-20 05:50:01,529 [RatisPipelineUtilsThread] INFO  pipeline.PipelineStateManager (PipelineStateManager.java:addPipeline(56)) - Created pipeline Pipeline[ Id: 1b1e116c-2ce8-466a-a41b-c0c96f94f210, Nodes: 9b918566-8d2f-4f38-9ce1-65f5cd084216{ip: 192.168.36.79, host: pr-hdds-1569-s8kj2-2266485376, networkLocation: /default-rack, certSerialId: null}, Type:RATIS, Factor:ONE, State:OPEN]
2019-09-20 05:50:01,535 [grpc-default-executor-1] INFO  impl.RaftServerProxy (RaftServerProxy.java:addNew(89)) - 9b918566-8d2f-4f38-9ce1-65f5cd084216: addNew group-14C055A8E40F:[9b918566-8d2f-4f38-9ce1-65f5cd084216:192.168.36.79:46843] returns group-14C055A8E40F:java.util.concurrent.CompletableFuture@4b0a2498[Not completed]
2019-09-20 05:50:01,536 [pool-57-thread-1] INFO  impl.RaftServerImpl (RaftServerImpl.java:<init>(93)) - 9b918566-8d2f-4f38-9ce1-65f5cd084216: new RaftServerImpl for group-14C055A8E40F:[9b918566-8d2f-4f38-9ce1-65f5cd084216:192.168.36.79:46843] with ContainerStateMachine:uninitialized
2019-09-20 05:50:01,536 [pool-57-thread-1] INFO  server.RaftServerConfigKeys (ConfUtils.java:logGet(43)) - raft.server.rpc.timeout.min = 5s (custom)
2019-09-20 05:50:01,536 [pool-57-thread-1] INFO  server.RaftServerConfigKeys (ConfUtils.java:logGet(43)) - raft.server.rpc.timeout.max = 5200ms (custom)
2019-09-20 05:50:01,537 [pool-57-thread-1] INFO  server.RaftServerConfigKeys (ConfUtils.java:logGet(43)) - raft.server.rpcslowness.timeout = 120s (custom)
2019-09-20 05:50:01,537 [pool-57-thread-1] INFO  server.RaftServerConfigKeys (ConfUtils.java:logGet(43)) - raft.server.sleep.deviation.threshold = 300 (default)
2019-09-20 05:50:01,537 [pool-57-thread-1] INFO  server.RaftServerConfigKeys (ConfUtils.java:logGet(43)) - raft.server.log.appender.install.snapshot.enabled = false (custom)
2019-09-20 05:50:01,537 [pool-57-thread-1] INFO  impl.RaftServerImpl (ServerState.java:<init>(105)) - 9b918566-8d2f-4f38-9ce1-65f5cd084216:group-14C055A8E40F ConfigurationManager, init=-1: [9b918566-8d2f-4f38-9ce1-65f5cd084216:192.168.36.79:46843], old=null, confs=<EMPTY_MAP>
2019-09-20 05:50:01,537 [pool-57-thread-1] INFO  server.RaftServerConfigKeys (ConfUtils.java:logGet(43)) - raft.server.storage.dir = [/workdir/hadoop-ozone/integration-test/target/test-dir/MiniOzoneClusterImpl-29dd0c8c-da21-41d6-af77-5f0a65600fbb/datanode-0/data/ratis] (custom)
2019-09-20 05:50:01,538 [pool-57-thread-1] INFO  storage.RaftStorageDirectory (RaftStorageDirectory.java:analyzeStorage(246)) - The storage directory /workdir/hadoop-ozone/integration-test/target/test-dir/MiniOzoneClusterImpl-29dd0c8c-da21-41d6-af77-5f0a65600fbb/datanode-0/data/ratis/9bf3a391-91e4-4f41-bb16-14c055a8e40f does not exist. Creating ...
2019-09-20 05:50:01,548 [9b918566-8d2f-4f38-9ce1-65f5cd084216-SegmentedRaftLogWorker:Storage Directory /workdir/hadoop-ozone/integration-test/target/test-dir/MiniOzoneClusterImpl-29dd0c8c-da21-41d6-af77-5f0a65600fbb/datanode-0/data/ratis/f9ffd708-f309-494d-97e0-45d5c5eefff5] INFO  segmented.SegmentedRaftLogWorker (SegmentedRaftLogWorker.java:execute(569)) - 9b918566-8d2f-4f38-9ce1-65f5cd084216-SegmentedRaftLogWorker:Storage Directory /workdir/hadoop-ozone/integration-test/target/test-dir/MiniOzoneClusterImpl-29dd0c8c-da21-41d6-af77-5f0a65600fbb/datanode-0/data/ratis/f9ffd708-f309-494d-97e0-45d5c5eefff5: created new log segment /workdir/hadoop-ozone/integration-test/target/test-dir/MiniOzoneClusterImpl-29dd0c8c-da21-41d6-af77-5f0a65600fbb/datanode-0/data/ratis/f9ffd708-f309-494d-97e0-45d5c5eefff5/current/log_inprogress_0
2019-09-20 05:50:01,565 [pool-57-thread-1] INFO  storage.RaftStorageDirectory (RaftStorageDirectory.java:tryLock(328)) - Lock on /workdir/hadoop-ozone/integration-test/target/test-dir/MiniOzoneClusterImpl-29dd0c8c-da21-41d6-af77-5f0a65600fbb/datanode-0/data/ratis/9bf3a391-91e4-4f41-bb16-14c055a8e40f/in_use.lock acquired by nodename 6907@pr-hdds-1569-s8kj2-2266485376
2019-09-20 05:50:01,566 [Thread-3236] INFO  impl.FollowerState (FollowerState.java:run(106)) - 9b918566-8d2f-4f38-9ce1-65f5cd084216:group-8EE7CFF0EA7D changes to CANDIDATE, lastRpcTime:5061, electionTimeout:5061ms
2019-09-20 05:50:01,566 [Thread-3236] INFO  impl.RoleInfo (RoleInfo.java:shutdownFollowerState(121)) - 9b918566-8d2f-4f38-9ce1-65f5cd084216: shutdown FollowerState
2019-09-20 05:50:01,566 [Thread-3236] INFO  impl.RaftServerImpl (RaftServerImpl.java:setRole(171)) - 9b918566-8d2f-4f38-9ce1-65f5cd084216:group-8EE7CFF0EA7D changes role from FOLLOWER to CANDIDATE at term 0 for changeToCandidate
2019-09-20 05:50:01,566 [Thread-3236] INFO  impl.RoleInfo (RoleInfo.java:updateAndGet(143)) - 9b918566-8d2f-4f38-9ce1-65f5cd084216: start LeaderElection
2019-09-20 05:50:01,568 [Thread-3233] INFO  impl.FollowerState (FollowerState.java:run(106)) - 9b918566-8d2f-4f38-9ce1-65f5cd084216:group-030975F01309 changes to CANDIDATE, lastRpcTime:5119, electionTimeout:5119ms
2019-09-20 05:50:01,569 [Thread-3233] INFO  impl.RoleInfo (RoleInfo.java:shutdownFollowerState(121)) - 9b918566-8d2f-4f38-9ce1-65f5cd084216: shutdown FollowerState
2019-09-20 05:50:01,569 [Thread-3233] INFO  impl.RaftServerImpl (RaftServerImpl.java:setRole(171)) - 9b918566-8d2f-4f38-9ce1-65f5cd084216:group-030975F01309 changes role from FOLLOWER to CANDIDATE at term 0 for changeToCandidate
2019-09-20 05:50:01,569 [Thread-3233] INFO  impl.RoleInfo (RoleInfo.java:updateAndGet(143)) - 9b918566-8d2f-4f38-9ce1-65f5cd084216: start LeaderElection
2019-09-20 05:50:01,590 [Thread-3239] INFO  impl.FollowerState (FollowerState.java:run(106)) - 9b918566-8d2f-4f38-9ce1-65f5cd084216:group-184DA0D1CC24 changes to CANDIDATE, lastRpcTime:5038, electionTimeout:5038ms
2019-09-20 05:50:01,590 [Thread-3239] INFO  impl.RoleInfo (RoleInfo.java:shutdownFollowerState(121)) - 9b918566-8d2f-4f38-9ce1-65f5cd084216: shutdown FollowerState
2019-09-20 05:50:01,590 [Thread-3239] INFO  impl.RaftServerImpl (RaftServerImpl.java:setRole(171)) - 9b918566-8d2f-4f38-9ce1-65f5cd084216:group-184DA0D1CC24 changes role from FOLLOWER to CANDIDATE at term 0 for changeToCandidate
2019-09-20 05:50:01,591 [Thread-3239] INFO  impl.RoleInfo (RoleInfo.java:updateAndGet(143)) - 9b918566-8d2f-4f38-9ce1-65f5cd084216: start LeaderElection
2019-09-20 05:50:01,608 [pool-57-thread-1] INFO  storage.RaftStorage (RaftStorage.java:format(72)) - Storage directory /workdir/hadoop-ozone/integration-test/target/test-dir/MiniOzoneClusterImpl-29dd0c8c-da21-41d6-af77-5f0a65600fbb/datanode-0/data/ratis/9bf3a391-91e4-4f41-bb16-14c055a8e40f has been successfully formatted.
2019-09-20 05:50:01,608 [9b918566-8d2f-4f38-9ce1-65f5cd084216:group-030975F01309:LeaderElection409] INFO  impl.LeaderElection (LeaderElection.java:askForVotes(181)) - 9b918566-8d2f-4f38-9ce1-65f5cd084216:group-030975F01309:LeaderElection409: begin an election at term 1 for -1: [9b918566-8d2f-4f38-9ce1-65f5cd084216:192.168.36.79:46843], old=null
2019-09-20 05:50:01,608 [pool-57-thread-1] INFO  ratis.ContainerStateMachine (ContainerStateMachine.java:loadSnapshot(226)) - group-14C055A8E40F: The snapshot info is null. Setting the last applied indexto:(t:0, i:~)
2019-09-20 05:50:01,608 [9b918566-8d2f-4f38-9ce1-65f5cd084216:group-030975F01309:LeaderElection409] INFO  impl.RoleInfo (RoleInfo.java:shutdownLeaderElection(134)) - 9b918566-8d2f-4f38-9ce1-65f5cd084216: shutdown LeaderElection
2019-09-20 05:50:01,608 [9b918566-8d2f-4f38-9ce1-65f5cd084216:group-8EE7CFF0EA7D:LeaderElection408] INFO  impl.LeaderElection (LeaderElection.java:askForVotes(181)) - 9b918566-8d2f-4f38-9ce1-65f5cd084216:group-8EE7CFF0EA7D:LeaderElection408: begin an election at term 1 for -1: [9b918566-8d2f-4f38-9ce1-65f5cd084216:192.168.36.79:46843], old=null
2019-09-20 05:50:01,608 [9b918566-8d2f-4f38-9ce1-65f5cd084216:group-030975F01309:LeaderElection409] INFO  impl.RaftServerImpl (RaftServerImpl.java:setRole(171)) - 9b918566-8d2f-4f38-9ce1-65f5cd084216:group-030975F01309 changes role from CANDIDATE to LEADER at term 1 for changeToLeader
2019-09-20 05:50:01,608 [pool-57-thread-1] INFO  server.RaftServerConfigKeys (ConfUtils.java:logGet(43)) - raft.server.leader.election.timeout = 120s (custom)
2019-09-20 05:50:01,608 [9b918566-8d2f-4f38-9ce1-65f5cd084216:group-030975F01309:LeaderElection409] INFO  impl.RaftServerImpl (ServerState.java:setLeader(263)) - 9b918566-8d2f-4f38-9ce1-65f5cd084216:group-030975F01309 change Leader from null to 9b918566-8d2f-4f38-9ce1-65f5cd084216 at term 1 for becomeLeader, leader elected after 5162ms
2019-09-20 05:50:01,608 [9b918566-8d2f-4f38-9ce1-65f5cd084216:group-8EE7CFF0EA7D:LeaderElection408] INFO  impl.RoleInfo (RoleInfo.java:shutdownLeaderElection(134)) - 9b918566-8d2f-4f38-9ce1-65f5cd084216: shutdown LeaderElection
2019-09-20 05:50:01,609 [9b918566-8d2f-4f38-9ce1-65f5cd084216:group-030975F01309:LeaderElection409] INFO  server.RaftServerConfigKeys (ConfUtils.java:logGet(43)) - raft.server.staging.catchup.gap = 1000 (default)
2019-09-20 05:50:01,609 [pool-57-thread-1] INFO  server.RaftServerConfigKeys (ConfUtils.java:logGet(43)) - raft.server.log.use.memory = false (default)
2019-09-20 05:50:01,609 [9b918566-8d2f-4f38-9ce1-65f5cd084216:group-030975F01309:LeaderElection409] INFO  server.RaftServerConfigKeys (ConfUtils.java:logGet(43)) - raft.server.rpc.sleep.time = 25ms (default)
2019-09-20 05:50:01,609 [9b918566-8d2f-4f38-9ce1-65f5cd084216:group-8EE7CFF0EA7D:LeaderElection408] INFO  impl.RaftServerImpl (RaftServerImpl.java:setRole(171)) - 9b918566-8d2f-4f38-9ce1-65f5cd084216:group-8EE7CFF0EA7D changes role from CANDIDATE to LEADER at term 1 for changeToLeader
2019-09-20 05:50:01,609 [9b918566-8d2f-4f38-9ce1-65f5cd084216:group-8EE7CFF0EA7D:LeaderElection408] INFO  impl.RaftServerImpl (ServerState.java:setLeader(263)) - 9b918566-8d2f-4f38-9ce1-65f5cd084216:group-8EE7CFF0EA7D change Leader from null to 9b918566-8d2f-4f38-9ce1-65f5cd084216 at term 1 for becomeLeader, leader elected after 5107ms
2019-09-20 05:50:01,609 [pool-57-thread-1] INFO  server.RaftServerConfigKeys (ConfUtils.java:logGet(43)) - raft.server.log.purge.gap = 1000000 (custom)
2019-09-20 05:50:01,609 [9b918566-8d2f-4f38-9ce1-65f5cd084216:group-8EE7CFF0EA7D:LeaderElection408] INFO  server.RaftServerConfigKeys (ConfUtils.java:logGet(43)) - raft.server.staging.catchup.gap = 1000 (default)
2019-09-20 05:50:01,609 [9b918566-8d2f-4f38-9ce1-65f5cd084216:group-030975F01309:LeaderElection409] INFO  server.RaftServerConfigKeys (ConfUtils.java:logGet(43)) - raft.server.write.element-limit = 4096 (default)
2019-09-20 05:50:01,609 [9b918566-8d2f-4f38-9ce1-65f5cd084216:group-8EE7CFF0EA7D:LeaderElection408] INFO  server.RaftServerConfigKeys (ConfUtils.java:logGet(43)) - raft.server.rpc.sleep.time = 25ms (default)
2019-09-20 05:50:01,609 [pool-57-thread-1] INFO  server.RaftServerConfigKeys (ConfUtils.java:logGet(43)) - raft.server.log.appender.buffer.byte-limit = 33554432 (custom)
2019-09-20 05:50:01,609 [9b918566-8d2f-4f38-9ce1-65f5cd084216:group-8EE7CFF0EA7D:LeaderElection408] INFO  server.RaftServerConfigKeys (ConfUtils.java:logGet(43)) - raft.server.write.element-limit = 4096 (default)
2019-09-20 05:50:01,609 [9b918566-8d2f-4f38-9ce1-65f5cd084216:group-030975F01309:LeaderElection409] INFO  server.RaftServerConfigKeys (ConfUtils.java:logGet(43)) - raft.server.watch.timeout = 10s (default)
2019-09-20 05:50:01,610 [9b918566-8d2f-4f38-9ce1-65f5cd084216:group-8EE7CFF0EA7D:LeaderElection408] INFO  server.RaftServerConfigKeys (ConfUtils.java:logGet(43)) - raft.server.watch.timeout = 10s (default)
2019-09-20 05:50:01,610 [pool-57-thread-1] INFO  server.RaftServerConfigKeys (ConfUtils.java:logGet(43)) - raft.server.log.segment.size.max = 1048576 (custom)
2019-09-20 05:50:01,610 [9b918566-8d2f-4f38-9ce1-65f5cd084216:group-8EE7CFF0EA7D:LeaderElection408] INFO  server.RaftServerConfigKeys (ConfUtils.java:logGet(43)) - raft.server.watch.timeout.denomination = 1s (default)
2019-09-20 05:50:01,610 [9b918566-8d2f-4f38-9ce1-65f5cd084216:group-030975F01309:LeaderElection409] INFO  server.RaftServerConfigKeys (ConfUtils.java:logGet(43)) - raft.server.watch.timeout.denomination = 1s (default)
2019-09-20 05:50:01,610 [9b918566-8d2f-4f38-9ce1-65f5cd084216:group-8EE7CFF0EA7D:LeaderElection408] INFO  server.RaftServerConfigKeys (ConfUtils.java:logGet(43)) - raft.server.watch.element-limit = 65536 (default)
2019-09-20 05:50:01,610 [pool-57-thread-1] INFO  server.RaftServerConfigKeys (ConfUtils.java:logGet(43)) - raft.server.log.segment.cache.num.max = 2 (custom)
2019-09-20 05:50:01,610 [9b918566-8d2f-4f38-9ce1-65f5cd084216:group-8EE7CFF0EA7D:LeaderElection408] INFO  impl.RoleInfo (RoleInfo.java:updateAndGet(143)) - 9b918566-8d2f-4f38-9ce1-65f5cd084216: start LeaderState
2019-09-20 05:50:01,610 [9b918566-8d2f-4f38-9ce1-65f5cd084216:group-030975F01309:LeaderElection409] INFO  server.RaftServerConfigKeys (ConfUtils.java:logGet(43)) - raft.server.watch.element-limit = 65536 (default)
2019-09-20 05:50:01,610 [9b918566-8d2f-4f38-9ce1-65f5cd084216:group-8EE7CFF0EA7D:LeaderElection408] INFO  segmented.SegmentedRaftLogWorker (SegmentedRaftLogWorker.java:startLogSegment(380)) - 9b918566-8d2f-4f38-9ce1-65f5cd084216-SegmentedRaftLogWorker:Storage Directory /workdir/hadoop-ozone/integration-test/target/test-dir/MiniOzoneClusterImpl-29dd0c8c-da21-41d6-af77-5f0a65600fbb/datanode-0/data/ratis/8de0db89-345a-4646-a73c-8ee7cff0ea7d: Starting segment from index:0
2019-09-20 05:50:01,610 [pool-57-thread-1] INFO  segmented.SegmentedRaftLogWorker (SegmentedRaftLogWorker.java:<init>(172)) - new 9b918566-8d2f-4f38-9ce1-65f5cd084216-SegmentedRaftLogWorker:Storage Directory /workdir/hadoop-ozone/integration-test/target/test-dir/MiniOzoneClusterImpl-29dd0c8c-da21-41d6-af77-5f0a65600fbb/datanode-0/data/ratis/9bf3a391-91e4-4f41-bb16-14c055a8e40f for RaftStorage:Storage Directory /workdir/hadoop-ozone/integration-test/target/test-dir/MiniOzoneClusterImpl-29dd0c8c-da21-41d6-af77-5f0a65600fbb/datanode-0/data/ratis/9bf3a391-91e4-4f41-bb16-14c055a8e40f
2019-09-20 05:50:01,610 [9b918566-8d2f-4f38-9ce1-65f5cd084216:group-030975F01309:LeaderElection409] INFO  impl.RoleInfo (RoleInfo.java:updateAndGet(143)) - 9b918566-8d2f-4f38-9ce1-65f5cd084216: start LeaderState
2019-09-20 05:50:01,611 [9b918566-8d2f-4f38-9ce1-65f5cd084216:group-8EE7CFF0EA7D:LeaderElection408] INFO  impl.RaftServerImpl (ServerState.java:setRaftConf(361)) - 9b918566-8d2f-4f38-9ce1-65f5cd084216:group-8EE7CFF0EA7D set configuration 0: [9b918566-8d2f-4f38-9ce1-65f5cd084216:192.168.36.79:46843], old=null at 0
2019-09-20 05:50:01,611 [pool-57-thread-1] INFO  server.RaftServerConfigKeys (ConfUtils.java:logGet(43)) - raft.server.log.queue.byte-limit = 2147483647 (custom)
2019-09-20 05:50:01,611 [9b918566-8d2f-4f38-9ce1-65f5cd084216:group-030975F01309:LeaderElection409] INFO  segmented.SegmentedRaftLogWorker (SegmentedRaftLogWorker.java:startLogSegment(380)) - 9b918566-8d2f-4f38-9ce1-65f5cd084216-SegmentedRaftLogWorker:Storage Directory /workdir/hadoop-ozone/integration-test/target/test-dir/MiniOzoneClusterImpl-29dd0c8c-da21-41d6-af77-5f0a65600fbb/datanode-0/data/ratis/f38fbdd8-1648-4d25-a929-030975f01309: Starting segment from index:0
2019-09-20 05:50:01,611 [pool-57-thread-1] INFO  server.RaftServerConfigKeys (ConfUtils.java:logGet(43)) - raft.server.log.queue.element-limit = 1024 (custom)
2019-09-20 05:50:01,611 [9b918566-8d2f-4f38-9ce1-65f5cd084216:group-030975F01309:LeaderElection409] INFO  impl.RaftServerImpl (ServerState.java:setRaftConf(361)) - 9b918566-8d2f-4f38-9ce1-65f5cd084216:group-030975F01309 set configuration 0: [9b918566-8d2f-4f38-9ce1-65f5cd084216:192.168.36.79:46843], old=null at 0
2019-09-20 05:50:01,611 [pool-57-thread-1] INFO  server.RaftServerConfigKeys (ConfUtils.java:logGet(43)) - raft.server.log.segment.size.max = 1048576 (custom)
2019-09-20 05:50:01,611 [pool-57-thread-1] INFO  server.RaftServerConfigKeys (ConfUtils.java:logGet(43)) - raft.server.log.preallocated.size = 16384 (custom)
2019-09-20 05:50:01,612 [pool-57-thread-1] INFO  server.RaftServerConfigKeys (ConfUtils.java:logGet(43)) - raft.server.log.write.buffer.size = 33554432 (custom)
2019-09-20 05:50:01,612 [pool-57-thread-1] INFO  server.RaftServerConfigKeys (ConfUtils.java:logGet(43)) - raft.server.log.force.sync.num = 128 (default)
2019-09-20 05:50:01,612 [pool-57-thread-1] INFO  server.RaftServerConfigKeys (ConfUtils.java:logGet(43)) - raft.server.log.statemachine.data.sync = true (default)
2019-09-20 05:50:01,612 [pool-57-thread-1] INFO  server.RaftServerConfigKeys (ConfUtils.java:logGet(43)) - raft.server.log.statemachine.data.sync.timeout = 10s (default)
2019-09-20 05:50:01,612 [pool-57-thread-1] INFO  server.RaftServerConfigKeys (ConfUtils.java:logGet(43)) - raft.server.log.statemachine.data.sync.timeout.retry = -1 (default)
2019-09-20 05:50:01,612 [pool-57-thread-1] INFO  server.RaftServerConfigKeys (ConfUtils.java:logGet(43)) - raft.server.log.statemachine.data.caching.enabled = true (custom)
2019-09-20 05:50:01,612 [pool-57-thread-1] INFO  segmented.SegmentedRaftLogWorker (SegmentedRaftLogWorker.java:lambda$new$0(132)) - 9b918566-8d2f-4f38-9ce1-65f5cd084216-SegmentedRaftLogWorker:Storage Directory /workdir/hadoop-ozone/integration-test/target/test-dir/MiniOzoneClusterImpl-29dd0c8c-da21-41d6-af77-5f0a65600fbb/datanode-0/data/ratis/9bf3a391-91e4-4f41-bb16-14c055a8e40f: flushIndex: setUnconditionally 0 -> -1
2019-09-20 05:50:01,613 [pool-57-thread-1] INFO  server.RaftServerConfigKeys (ConfUtils.java:logGet(43)) - raft.server.snapshot.auto.trigger.enabled = true (custom)
2019-09-20 05:50:01,613 [pool-57-thread-1] INFO  server.RaftServerConfigKeys (ConfUtils.java:logGet(43)) - raft.server.snapshot.auto.trigger.threshold = 1 (custom)
2019-09-20 05:50:01,613 [pool-57-thread-1] INFO  server.RaftServerConfigKeys (ConfUtils.java:logGet(43)) - raft.server.retrycache.expirytime = 600000ms (custom)
2019-09-20 05:50:01,613 [pool-57-thread-1] INFO  impl.RaftServerImpl (RaftServerImpl.java:start(180)) - 9b918566-8d2f-4f38-9ce1-65f5cd084216: start group-14C055A8E40F
2019-09-20 05:50:01,613 [pool-57-thread-1] INFO  impl.RaftServerImpl (RaftServerImpl.java:setRole(171)) - 9b918566-8d2f-4f38-9ce1-65f5cd084216:group-14C055A8E40F changes role from null to FOLLOWER at term 0 for startAsFollower
2019-09-20 05:50:01,613 [pool-57-thread-1] INFO  impl.RoleInfo (RoleInfo.java:updateAndGet(143)) - 9b918566-8d2f-4f38-9ce1-65f5cd084216: start FollowerState
2019-09-20 05:50:01,614 [pool-57-thread-1] INFO  util.JmxRegister (JmxRegister.java:tryRegister(44)) - Successfully registered JMX Bean with object name Ratis:service=RaftServer,group=group-14C055A8E40F,id=9b918566-8d2f-4f38-9ce1-65f5cd084216
2019-09-20 05:50:01,615 [RatisPipelineUtilsThread] INFO  pipeline.PipelineStateManager (PipelineStateManager.java:addPipeline(56)) - Created pipeline Pipeline[ Id: 9bf3a391-91e4-4f41-bb16-14c055a8e40f, Nodes: 9b918566-8d2f-4f38-9ce1-65f5cd084216{ip: 192.168.36.79, host: pr-hdds-1569-s8kj2-2266485376, networkLocation: /default-rack, certSerialId: null}, Type:RATIS, Factor:ONE, State:OPEN]
2019-09-20 05:50:01,618 [grpc-default-executor-1] INFO  impl.RaftServerProxy (RaftServerProxy.java:addNew(89)) - 9b918566-8d2f-4f38-9ce1-65f5cd084216: addNew group-62DE59026CF0:[9b918566-8d2f-4f38-9ce1-65f5cd084216:192.168.36.79:46843] returns group-62DE59026CF0:java.util.concurrent.CompletableFuture@1e937702[Not completed]
2019-09-20 05:50:01,619 [pool-57-thread-1] INFO  impl.RaftServerImpl (RaftServerImpl.java:<init>(93)) - 9b918566-8d2f-4f38-9ce1-65f5cd084216: new RaftServerImpl for group-62DE59026CF0:[9b918566-8d2f-4f38-9ce1-65f5cd084216:192.168.36.79:46843] with ContainerStateMachine:uninitialized
2019-09-20 05:50:01,619 [pool-57-thread-1] INFO  server.RaftServerConfigKeys (ConfUtils.java:logGet(43)) - raft.server.rpc.timeout.min = 5s (custom)
2019-09-20 05:50:01,619 [pool-57-thread-1] INFO  server.RaftServerConfigKeys (ConfUtils.java:logGet(43)) - raft.server.rpc.timeout.max = 5200ms (custom)
2019-09-20 05:50:01,619 [pool-57-thread-1] INFO  server.RaftServerConfigKeys (ConfUtils.java:logGet(43)) - raft.server.rpcslowness.timeout = 120s (custom)
2019-09-20 05:50:01,619 [pool-57-thread-1] INFO  server.RaftServerConfigKeys (ConfUtils.java:logGet(43)) - raft.server.sleep.deviation.threshold = 300 (default)
2019-09-20 05:50:01,619 [pool-57-thread-1] INFO  server.RaftServerConfigKeys (ConfUtils.java:logGet(43)) - raft.server.log.appender.install.snapshot.enabled = false (custom)
2019-09-20 05:50:01,619 [pool-57-thread-1] INFO  impl.RaftServerImpl (ServerState.java:<init>(105)) - 9b918566-8d2f-4f38-9ce1-65f5cd084216:group-62DE59026CF0 ConfigurationManager, init=-1: [9b918566-8d2f-4f38-9ce1-65f5cd084216:192.168.36.79:46843], old=null, confs=<EMPTY_MAP>
2019-09-20 05:50:01,620 [pool-57-thread-1] INFO  server.RaftServerConfigKeys (ConfUtils.java:logGet(43)) - raft.server.storage.dir = [/workdir/hadoop-ozone/integration-test/target/test-dir/MiniOzoneClusterImpl-29dd0c8c-da21-41d6-af77-5f0a65600fbb/datanode-0/data/ratis] (custom)
2019-09-20 05:50:01,621 [pool-57-thread-1] INFO  storage.RaftStorageDirectory (RaftStorageDirectory.java:analyzeStorage(246)) - The storage directory /workdir/hadoop-ozone/integration-test/target/test-dir/MiniOzoneClusterImpl-29dd0c8c-da21-41d6-af77-5f0a65600fbb/datanode-0/data/ratis/21943f24-2b99-41ab-af6b-62de59026cf0 does not exist. Creating ...
2019-09-20 05:50:01,642 [pool-57-thread-1] INFO  storage.RaftStorageDirectory (RaftStorageDirectory.java:tryLock(328)) - Lock on /workdir/hadoop-ozone/integration-test/target/test-dir/MiniOzoneClusterImpl-29dd0c8c-da21-41d6-af77-5f0a65600fbb/datanode-0/data/ratis/21943f24-2b99-41ab-af6b-62de59026cf0/in_use.lock acquired by nodename 6907@pr-hdds-1569-s8kj2-2266485376
2019-09-20 05:50:01,650 [9b918566-8d2f-4f38-9ce1-65f5cd084216:group-184DA0D1CC24:LeaderElection410] INFO  impl.LeaderElection (LeaderElection.java:askForVotes(181)) - 9b918566-8d2f-4f38-9ce1-65f5cd084216:group-184DA0D1CC24:LeaderElection410: begin an election at term 1 for -1: [9b918566-8d2f-4f38-9ce1-65f5cd084216:192.168.36.79:46843], old=null
2019-09-20 05:50:01,650 [9b918566-8d2f-4f38-9ce1-65f5cd084216:group-184DA0D1CC24:LeaderElection410] INFO  impl.RoleInfo (RoleInfo.java:shutdownLeaderElection(134)) - 9b918566-8d2f-4f38-9ce1-65f5cd084216: shutdown LeaderElection
2019-09-20 05:50:01,650 [9b918566-8d2f-4f38-9ce1-65f5cd084216:group-184DA0D1CC24:LeaderElection410] INFO  impl.RaftServerImpl (RaftServerImpl.java:setRole(171)) - 9b918566-8d2f-4f38-9ce1-65f5cd084216:group-184DA0D1CC24 changes role from CANDIDATE to LEADER at term 1 for changeToLeader
2019-09-20 05:50:01,651 [9b918566-8d2f-4f38-9ce1-65f5cd084216:group-184DA0D1CC24:LeaderElection410] INFO  impl.RaftServerImpl (ServerState.java:setLeader(263)) - 9b918566-8d2f-4f38-9ce1-65f5cd084216:group-184DA0D1CC24 change Leader from null to 9b918566-8d2f-4f38-9ce1-65f5cd084216 at term 1 for becomeLeader, leader elected after 5101ms
2019-09-20 05:50:01,651 [9b918566-8d2f-4f38-9ce1-65f5cd084216:group-184DA0D1CC24:LeaderElection410] INFO  server.RaftServerConfigKeys (ConfUtils.java:logGet(43)) - raft.server.staging.catchup.gap = 1000 (default)
2019-09-20 05:50:01,651 [9b918566-8d2f-4f38-9ce1-65f5cd084216:group-184DA0D1CC24:LeaderElection410] INFO  server.RaftServerConfigKeys (ConfUtils.java:logGet(43)) - raft.server.rpc.sleep.time = 25ms (default)
2019-09-20 05:50:01,651 [9b918566-8d2f-4f38-9ce1-65f5cd084216:group-184DA0D1CC24:LeaderElection410] INFO  server.RaftServerConfigKeys (ConfUtils.java:logGet(43)) - raft.server.write.element-limit = 4096 (default)
2019-09-20 05:50:01,651 [9b918566-8d2f-4f38-9ce1-65f5cd084216:group-184DA0D1CC24:LeaderElection410] INFO  server.RaftServerConfigKeys (ConfUtils.java:logGet(43)) - raft.server.watch.timeout = 10s (default)
2019-09-20 05:50:01,651 [9b918566-8d2f-4f38-9ce1-65f5cd084216:group-184DA0D1CC24:LeaderElection410] INFO  server.RaftServerConfigKeys (ConfUtils.java:logGet(43)) - raft.server.watch.timeout.denomination = 1s (default)
2019-09-20 05:50:01,651 [9b918566-8d2f-4f38-9ce1-65f5cd084216:group-184DA0D1CC24:LeaderElection410] INFO  server.RaftServerConfigKeys (ConfUtils.java:logGet(43)) - raft.server.watch.element-limit = 65536 (default)
2019-09-20 05:50:01,651 [9b918566-8d2f-4f38-9ce1-65f5cd084216:group-184DA0D1CC24:LeaderElection410] INFO  impl.RoleInfo (RoleInfo.java:updateAndGet(143)) - 9b918566-8d2f-4f38-9ce1-65f5cd084216: start LeaderState
2019-09-20 05:50:01,651 [9b918566-8d2f-4f38-9ce1-65f5cd084216:group-184DA0D1CC24:LeaderElection410] INFO  segmented.SegmentedRaftLogWorker (SegmentedRaftLogWorker.java:startLogSegment(380)) - 9b918566-8d2f-4f38-9ce1-65f5cd084216-SegmentedRaftLogWorker:Storage Directory /workdir/hadoop-ozone/integration-test/target/test-dir/MiniOzoneClusterImpl-29dd0c8c-da21-41d6-af77-5f0a65600fbb/datanode-0/data/ratis/8114d5d4-473c-4afa-9a22-184da0d1cc24: Starting segment from index:0
2019-09-20 05:50:01,652 [9b918566-8d2f-4f38-9ce1-65f5cd084216:group-184DA0D1CC24:LeaderElection410] INFO  impl.RaftServerImpl (ServerState.java:setRaftConf(361)) - 9b918566-8d2f-4f38-9ce1-65f5cd084216:group-184DA0D1CC24 set configuration 0: [9b918566-8d2f-4f38-9ce1-65f5cd084216:192.168.36.79:46843], old=null at 0
2019-09-20 05:50:01,659 [9b918566-8d2f-4f38-9ce1-65f5cd084216-SegmentedRaftLogWorker:Storage Directory /workdir/hadoop-ozone/integration-test/target/test-dir/MiniOzoneClusterImpl-29dd0c8c-da21-41d6-af77-5f0a65600fbb/datanode-0/data/ratis/8de0db89-345a-4646-a73c-8ee7cff0ea7d] INFO  segmented.SegmentedRaftLogWorker (SegmentedRaftLogWorker.java:execute(569)) - 9b918566-8d2f-4f38-9ce1-65f5cd084216-SegmentedRaftLogWorker:Storage Directory /workdir/hadoop-ozone/integration-test/target/test-dir/MiniOzoneClusterImpl-29dd0c8c-da21-41d6-af77-5f0a65600fbb/datanode-0/data/ratis/8de0db89-345a-4646-a73c-8ee7cff0ea7d: created new log segment /workdir/hadoop-ozone/integration-test/target/test-dir/MiniOzoneClusterImpl-29dd0c8c-da21-41d6-af77-5f0a65600fbb/datanode-0/data/ratis/8de0db89-345a-4646-a73c-8ee7cff0ea7d/current/log_inprogress_0
2019-09-20 05:50:01,659 [9b918566-8d2f-4f38-9ce1-65f5cd084216-SegmentedRaftLogWorker:Storage Directory /workdir/hadoop-ozone/integration-test/target/test-dir/MiniOzoneClusterImpl-29dd0c8c-da21-41d6-af77-5f0a65600fbb/datanode-0/data/ratis/f38fbdd8-1648-4d25-a929-030975f01309] INFO  segmented.SegmentedRaftLogWorker (SegmentedRaftLogWorker.java:execute(569)) - 9b918566-8d2f-4f38-9ce1-65f5cd084216-SegmentedRaftLogWorker:Storage Directory /workdir/hadoop-ozone/integration-test/target/test-dir/MiniOzoneClusterImpl-29dd0c8c-da21-41d6-af77-5f0a65600fbb/datanode-0/data/ratis/f38fbdd8-1648-4d25-a929-030975f01309: created new log segment /workdir/hadoop-ozone/integration-test/target/test-dir/MiniOzoneClusterImpl-29dd0c8c-da21-41d6-af77-5f0a65600fbb/datanode-0/data/ratis/f38fbdd8-1648-4d25-a929-030975f01309/current/log_inprogress_0
2019-09-20 05:50:01,669 [Thread-3242] INFO  impl.FollowerState (FollowerState.java:run(106)) - 9b918566-8d2f-4f38-9ce1-65f5cd084216:group-8166EBB0F75F changes to CANDIDATE, lastRpcTime:5046, electionTimeout:5046ms
2019-09-20 05:50:01,670 [Thread-3242] INFO  impl.RoleInfo (RoleInfo.java:shutdownFollowerState(121)) - 9b918566-8d2f-4f38-9ce1-65f5cd084216: shutdown FollowerState
2019-09-20 05:50:01,670 [Thread-3242] INFO  impl.RaftServerImpl (RaftServerImpl.java:setRole(171)) - 9b918566-8d2f-4f38-9ce1-65f5cd084216:group-8166EBB0F75F changes role from FOLLOWER to CANDIDATE at term 0 for changeToCandidate
2019-09-20 05:50:01,670 [Thread-3242] INFO  impl.RoleInfo (RoleInfo.java:updateAndGet(143)) - 9b918566-8d2f-4f38-9ce1-65f5cd084216: start LeaderElection
2019-09-20 05:50:01,676 [pool-57-thread-1] INFO  storage.RaftStorage (RaftStorage.java:format(72)) - Storage directory /workdir/hadoop-ozone/integration-test/target/test-dir/MiniOzoneClusterImpl-29dd0c8c-da21-41d6-af77-5f0a65600fbb/datanode-0/data/ratis/21943f24-2b99-41ab-af6b-62de59026cf0 has been successfully formatted.
2019-09-20 05:50:01,676 [pool-57-thread-1] INFO  ratis.ContainerStateMachine (ContainerStateMachine.java:loadSnapshot(226)) - group-62DE59026CF0: The snapshot info is null. Setting the last applied indexto:(t:0, i:~)
2019-09-20 05:50:01,676 [pool-57-thread-1] INFO  server.RaftServerConfigKeys (ConfUtils.java:logGet(43)) - raft.server.leader.election.timeout = 120s (custom)
2019-09-20 05:50:01,676 [pool-57-thread-1] INFO  server.RaftServerConfigKeys (ConfUtils.java:logGet(43)) - raft.server.log.use.memory = false (default)
2019-09-20 05:50:01,676 [pool-57-thread-1] INFO  server.RaftServerConfigKeys (ConfUtils.java:logGet(43)) - raft.server.log.purge.gap = 1000000 (custom)
2019-09-20 05:50:01,676 [pool-57-thread-1] INFO  server.RaftServerConfigKeys (ConfUtils.java:logGet(43)) - raft.server.log.appender.buffer.byte-limit = 33554432 (custom)
2019-09-20 05:50:01,677 [pool-57-thread-1] INFO  server.RaftServerConfigKeys (ConfUtils.java:logGet(43)) - raft.server.log.segment.size.max = 1048576 (custom)
2019-09-20 05:50:01,677 [pool-57-thread-1] INFO  server.RaftServerConfigKeys (ConfUtils.java:logGet(43)) - raft.server.log.segment.cache.num.max = 2 (custom)
2019-09-20 05:50:01,677 [pool-57-thread-1] INFO  segmented.SegmentedRaftLogWorker (SegmentedRaftLogWorker.java:<init>(172)) - new 9b918566-8d2f-4f38-9ce1-65f5cd084216-SegmentedRaftLogWorker:Storage Directory /workdir/hadoop-ozone/integration-test/target/test-dir/MiniOzoneClusterImpl-29dd0c8c-da21-41d6-af77-5f0a65600fbb/datanode-0/data/ratis/21943f24-2b99-41ab-af6b-62de59026cf0 for RaftStorage:Storage Directory /workdir/hadoop-ozone/integration-test/target/test-dir/MiniOzoneClusterImpl-29dd0c8c-da21-41d6-af77-5f0a65600fbb/datanode-0/data/ratis/21943f24-2b99-41ab-af6b-62de59026cf0
2019-09-20 05:50:01,677 [pool-57-thread-1] INFO  server.RaftServerConfigKeys (ConfUtils.java:logGet(43)) - raft.server.log.queue.byte-limit = 2147483647 (custom)
2019-09-20 05:50:01,677 [pool-57-thread-1] INFO  server.RaftServerConfigKeys (ConfUtils.java:logGet(43)) - raft.server.log.queue.element-limit = 1024 (custom)
2019-09-20 05:50:01,677 [pool-57-thread-1] INFO  server.RaftServerConfigKeys (ConfUtils.java:logGet(43)) - raft.server.log.segment.size.max = 1048576 (custom)
2019-09-20 05:50:01,677 [pool-57-thread-1] INFO  server.RaftServerConfigKeys (ConfUtils.java:logGet(43)) - raft.server.log.preallocated.size = 16384 (custom)
2019-09-20 05:50:01,677 [pool-57-thread-1] INFO  server.RaftServerConfigKeys (ConfUtils.java:logGet(43)) - raft.server.log.write.buffer.size = 33554432 (custom)
2019-09-20 05:50:01,677 [pool-57-thread-1] INFO  server.RaftServerConfigKeys (ConfUtils.java:logGet(43)) - raft.server.log.force.sync.num = 128 (default)
2019-09-20 05:50:01,677 [pool-57-thread-1] INFO  server.RaftServerConfigKeys (ConfUtils.java:logGet(43)) - raft.server.log.statemachine.data.sync = true (default)
2019-09-20 05:50:01,678 [pool-57-thread-1] INFO  server.RaftServerConfigKeys (ConfUtils.java:logGet(43)) - raft.server.log.statemachine.data.sync.timeout = 10s (default)
2019-09-20 05:50:01,678 [pool-57-thread-1] INFO  server.RaftServerConfigKeys (ConfUtils.java:logGet(43)) - raft.server.log.statemachine.data.sync.timeout.retry = -1 (default)
2019-09-20 05:50:01,678 [pool-57-thread-1] INFO  server.RaftServerConfigKeys (ConfUtils.java:logGet(43)) - raft.server.log.statemachine.data.caching.enabled = true (custom)
2019-09-20 05:50:01,678 [pool-57-thread-1] INFO  segmented.SegmentedRaftLogWorker (SegmentedRaftLogWorker.java:lambda$new$0(132)) - 9b918566-8d2f-4f38-9ce1-65f5cd084216-SegmentedRaftLogWorker:Storage Directory /workdir/hadoop-ozone/integration-test/target/test-dir/MiniOzoneClusterImpl-29dd0c8c-da21-41d6-af77-5f0a65600fbb/datanode-0/data/ratis/21943f24-2b99-41ab-af6b-62de59026cf0: flushIndex: setUnconditionally 0 -> -1
2019-09-20 05:50:01,678 [pool-57-thread-1] INFO  server.RaftServerConfigKeys (ConfUtils.java:logGet(43)) - raft.server.snapshot.auto.trigger.enabled = true (custom)
2019-09-20 05:50:01,678 [pool-57-thread-1] INFO  server.RaftServerConfigKeys (ConfUtils.java:logGet(43)) - raft.server.snapshot.auto.trigger.threshold = 1 (custom)
2019-09-20 05:50:01,678 [pool-57-thread-1] INFO  server.RaftServerConfigKeys (ConfUtils.java:logGet(43)) - raft.server.retrycache.expirytime = 600000ms (custom)
2019-09-20 05:50:01,679 [pool-57-thread-1] INFO  impl.RaftServerImpl (RaftServerImpl.java:start(180)) - 9b918566-8d2f-4f38-9ce1-65f5cd084216: start group-62DE59026CF0
2019-09-20 05:50:01,679 [pool-57-thread-1] INFO  impl.RaftServerImpl (RaftServerImpl.java:setRole(171)) - 9b918566-8d2f-4f38-9ce1-65f5cd084216:group-62DE59026CF0 changes role from null to FOLLOWER at term 0 for startAsFollower
2019-09-20 05:50:01,679 [pool-57-thread-1] INFO  impl.RoleInfo (RoleInfo.java:updateAndGet(143)) - 9b918566-8d2f-4f38-9ce1-65f5cd084216: start FollowerState
2019-09-20 05:50:01,679 [pool-57-thread-1] INFO  util.JmxRegister (JmxRegister.java:tryRegister(44)) - Successfully registered JMX Bean with object name Ratis:service=RaftServer,group=group-62DE59026CF0,id=9b918566-8d2f-4f38-9ce1-65f5cd084216
2019-09-20 05:50:01,681 [RatisPipelineUtilsThread] INFO  pipeline.PipelineStateManager (PipelineStateManager.java:addPipeline(56)) - Created pipeline Pipeline[ Id: 21943f24-2b99-41ab-af6b-62de59026cf0, Nodes: 9b918566-8d2f-4f38-9ce1-65f5cd084216{ip: 192.168.36.79, host: pr-hdds-1569-s8kj2-2266485376, networkLocation: /default-rack, certSerialId: null}, Type:RATIS, Factor:ONE, State:OPEN]
2019-09-20 05:50:01,683 [grpc-default-executor-1] INFO  impl.RaftServerProxy (RaftServerProxy.java:addNew(89)) - 9b918566-8d2f-4f38-9ce1-65f5cd084216: addNew group-EBA770ADA936:[9b918566-8d2f-4f38-9ce1-65f5cd084216:192.168.36.79:46843] returns group-EBA770ADA936:java.util.concurrent.CompletableFuture@3eb57ac4[Not completed]
2019-09-20 05:50:01,684 [pool-57-thread-1] INFO  impl.RaftServerImpl (RaftServerImpl.java:<init>(93)) - 9b918566-8d2f-4f38-9ce1-65f5cd084216: new RaftServerImpl for group-EBA770ADA936:[9b918566-8d2f-4f38-9ce1-65f5cd084216:192.168.36.79:46843] with ContainerStateMachine:uninitialized
2019-09-20 05:50:01,684 [pool-57-thread-1] INFO  server.RaftServerConfigKeys (ConfUtils.java:logGet(43)) - raft.server.rpc.timeout.min = 5s (custom)
2019-09-20 05:50:01,684 [pool-57-thread-1] INFO  server.RaftServerConfigKeys (ConfUtils.java:logGet(43)) - raft.server.rpc.timeout.max = 5200ms (custom)
2019-09-20 05:50:01,684 [pool-57-thread-1] INFO  server.RaftServerConfigKeys (ConfUtils.java:logGet(43)) - raft.server.rpcslowness.timeout = 120s (custom)
2019-09-20 05:50:01,684 [pool-57-thread-1] INFO  server.RaftServerConfigKeys (ConfUtils.java:logGet(43)) - raft.server.sleep.deviation.threshold = 300 (default)
2019-09-20 05:50:01,685 [pool-57-thread-1] INFO  server.RaftServerConfigKeys (ConfUtils.java:logGet(43)) - raft.server.log.appender.install.snapshot.enabled = false (custom)
2019-09-20 05:50:01,685 [pool-57-thread-1] INFO  impl.RaftServerImpl (ServerState.java:<init>(105)) - 9b918566-8d2f-4f38-9ce1-65f5cd084216:group-EBA770ADA936 ConfigurationManager, init=-1: [9b918566-8d2f-4f38-9ce1-65f5cd084216:192.168.36.79:46843], old=null, confs=<EMPTY_MAP>
2019-09-20 05:50:01,685 [pool-57-thread-1] INFO  server.RaftServerConfigKeys (ConfUtils.java:logGet(43)) - raft.server.storage.dir = [/workdir/hadoop-ozone/integration-test/target/test-dir/MiniOzoneClusterImpl-29dd0c8c-da21-41d6-af77-5f0a65600fbb/datanode-0/data/ratis] (custom)
2019-09-20 05:50:01,685 [pool-57-thread-1] INFO  storage.RaftStorageDirectory (RaftStorageDirectory.java:analyzeStorage(246)) - The storage directory /workdir/hadoop-ozone/integration-test/target/test-dir/MiniOzoneClusterImpl-29dd0c8c-da21-41d6-af77-5f0a65600fbb/datanode-0/data/ratis/bcde6b08-c177-48b6-8f38-eba770ada936 does not exist. Creating ...
2019-09-20 05:50:01,693 [9b918566-8d2f-4f38-9ce1-65f5cd084216-SegmentedRaftLogWorker:Storage Directory /workdir/hadoop-ozone/integration-test/target/test-dir/MiniOzoneClusterImpl-29dd0c8c-da21-41d6-af77-5f0a65600fbb/datanode-0/data/ratis/8114d5d4-473c-4afa-9a22-184da0d1cc24] INFO  segmented.SegmentedRaftLogWorker (SegmentedRaftLogWorker.java:execute(569)) - 9b918566-8d2f-4f38-9ce1-65f5cd084216-SegmentedRaftLogWorker:Storage Directory /workdir/hadoop-ozone/integration-test/target/test-dir/MiniOzoneClusterImpl-29dd0c8c-da21-41d6-af77-5f0a65600fbb/datanode-0/data/ratis/8114d5d4-473c-4afa-9a22-184da0d1cc24: created new log segment /workdir/hadoop-ozone/integration-test/target/test-dir/MiniOzoneClusterImpl-29dd0c8c-da21-41d6-af77-5f0a65600fbb/datanode-0/data/ratis/8114d5d4-473c-4afa-9a22-184da0d1cc24/current/log_inprogress_0
2019-09-20 05:50:01,693 [9b918566-8d2f-4f38-9ce1-65f5cd084216:group-8166EBB0F75F:LeaderElection411] INFO  impl.LeaderElection (LeaderElection.java:askForVotes(181)) - 9b918566-8d2f-4f38-9ce1-65f5cd084216:group-8166EBB0F75F:LeaderElection411: begin an election at term 1 for -1: [9b918566-8d2f-4f38-9ce1-65f5cd084216:192.168.36.79:46843], old=null
2019-09-20 05:50:01,693 [9b918566-8d2f-4f38-9ce1-65f5cd084216:group-8166EBB0F75F:LeaderElection411] INFO  impl.RoleInfo (RoleInfo.java:shutdownLeaderElection(134)) - 9b918566-8d2f-4f38-9ce1-65f5cd084216: shutdown LeaderElection
2019-09-20 05:50:01,693 [9b918566-8d2f-4f38-9ce1-65f5cd084216:group-8166EBB0F75F:LeaderElection411] INFO  impl.RaftServerImpl (RaftServerImpl.java:setRole(171)) - 9b918566-8d2f-4f38-9ce1-65f5cd084216:group-8166EBB0F75F changes role from CANDIDATE to LEADER at term 1 for changeToLeader
2019-09-20 05:50:01,693 [9b918566-8d2f-4f38-9ce1-65f5cd084216:group-8166EBB0F75F:LeaderElection411] INFO  impl.RaftServerImpl (ServerState.java:setLeader(263)) - 9b918566-8d2f-4f38-9ce1-65f5cd084216:group-8166EBB0F75F change Leader from null to 9b918566-8d2f-4f38-9ce1-65f5cd084216 at term 1 for becomeLeader, leader elected after 5072ms
2019-09-20 05:50:01,694 [9b918566-8d2f-4f38-9ce1-65f5cd084216:group-8166EBB0F75F:LeaderElection411] INFO  server.RaftServerConfigKeys (ConfUtils.java:logGet(43)) - raft.server.staging.catchup.gap = 1000 (default)
2019-09-20 05:50:01,694 [9b918566-8d2f-4f38-9ce1-65f5cd084216:group-8166EBB0F75F:LeaderElection411] INFO  server.RaftServerConfigKeys (ConfUtils.java:logGet(43)) - raft.server.rpc.sleep.time = 25ms (default)
2019-09-20 05:50:01,694 [9b918566-8d2f-4f38-9ce1-65f5cd084216:group-8166EBB0F75F:LeaderElection411] INFO  server.RaftServerConfigKeys (ConfUtils.java:logGet(43)) - raft.server.write.element-limit = 4096 (default)
2019-09-20 05:50:01,694 [9b918566-8d2f-4f38-9ce1-65f5cd084216:group-8166EBB0F75F:LeaderElection411] INFO  server.RaftServerConfigKeys (ConfUtils.java:logGet(43)) - raft.server.watch.timeout = 10s (default)
2019-09-20 05:50:01,694 [9b918566-8d2f-4f38-9ce1-65f5cd084216:group-8166EBB0F75F:LeaderElection411] INFO  server.RaftServerConfigKeys (ConfUtils.java:logGet(43)) - raft.server.watch.timeout.denomination = 1s (default)
2019-09-20 05:50:01,694 | INFO  | SCMAudit | user=jenkins1000 | ip=192.168.36.79 | op=SEND_HEARTBEAT {datanodeUUID=9b918566-8d2f-4f38-9ce1-65f5cd084216, command=[]} | ret=SUCCESS |  
2019-09-20 05:50:01,694 [9b918566-8d2f-4f38-9ce1-65f5cd084216:group-8166EBB0F75F:LeaderElection411] INFO  server.RaftServerConfigKeys (ConfUtils.java:logGet(43)) - raft.server.watch.element-limit = 65536 (default)
2019-09-20 05:50:01,694 [9b918566-8d2f-4f38-9ce1-65f5cd084216:group-8166EBB0F75F:LeaderElection411] INFO  impl.RoleInfo (RoleInfo.java:updateAndGet(143)) - 9b918566-8d2f-4f38-9ce1-65f5cd084216: start LeaderState
2019-09-20 05:50:01,695 [9b918566-8d2f-4f38-9ce1-65f5cd084216:group-8166EBB0F75F:LeaderElection411] INFO  segmented.SegmentedRaftLogWorker (SegmentedRaftLogWorker.java:startLogSegment(380)) - 9b918566-8d2f-4f38-9ce1-65f5cd084216-SegmentedRaftLogWorker:Storage Directory /workdir/hadoop-ozone/integration-test/target/test-dir/MiniOzoneClusterImpl-29dd0c8c-da21-41d6-af77-5f0a65600fbb/datanode-0/data/ratis/4b86fd13-3196-44ea-a776-8166ebb0f75f: Starting segment from index:0
2019-09-20 05:50:01,695 [9b918566-8d2f-4f38-9ce1-65f5cd084216:group-8166EBB0F75F:LeaderElection411] INFO  impl.RaftServerImpl (ServerState.java:setRaftConf(361)) - 9b918566-8d2f-4f38-9ce1-65f5cd084216:group-8166EBB0F75F set configuration 0: [9b918566-8d2f-4f38-9ce1-65f5cd084216:192.168.36.79:46843], old=null at 0
2019-09-20 05:50:01,718 [pool-57-thread-1] INFO  storage.RaftStorageDirectory (RaftStorageDirectory.java:tryLock(328)) - Lock on /workdir/hadoop-ozone/integration-test/target/test-dir/MiniOzoneClusterImpl-29dd0c8c-da21-41d6-af77-5f0a65600fbb/datanode-0/data/ratis/bcde6b08-c177-48b6-8f38-eba770ada936/in_use.lock acquired by nodename 6907@pr-hdds-1569-s8kj2-2266485376
2019-09-20 05:50:01,731 [Thread-3248] INFO  impl.FollowerState (FollowerState.java:run(106)) - 9b918566-8d2f-4f38-9ce1-65f5cd084216:group-391F14DF0238 changes to CANDIDATE, lastRpcTime:5009, electionTimeout:5009ms
2019-09-20 05:50:01,731 [Thread-3248] INFO  impl.RoleInfo (RoleInfo.java:shutdownFollowerState(121)) - 9b918566-8d2f-4f38-9ce1-65f5cd084216: shutdown FollowerState
2019-09-20 05:50:01,731 [Thread-3248] INFO  impl.RaftServerImpl (RaftServerImpl.java:setRole(171)) - 9b918566-8d2f-4f38-9ce1-65f5cd084216:group-391F14DF0238 changes role from FOLLOWER to CANDIDATE at term 0 for changeToCandidate
2019-09-20 05:50:01,731 [Thread-3248] INFO  impl.RoleInfo (RoleInfo.java:updateAndGet(143)) - 9b918566-8d2f-4f38-9ce1-65f5cd084216: start LeaderElection
2019-09-20 05:50:01,744 [9b918566-8d2f-4f38-9ce1-65f5cd084216-SegmentedRaftLogWorker:Storage Directory /workdir/hadoop-ozone/integration-test/target/test-dir/MiniOzoneClusterImpl-29dd0c8c-da21-41d6-af77-5f0a65600fbb/datanode-0/data/ratis/4b86fd13-3196-44ea-a776-8166ebb0f75f] INFO  segmented.SegmentedRaftLogWorker (SegmentedRaftLogWorker.java:execute(569)) - 9b918566-8d2f-4f38-9ce1-65f5cd084216-SegmentedRaftLogWorker:Storage Directory /workdir/hadoop-ozone/integration-test/target/test-dir/MiniOzoneClusterImpl-29dd0c8c-da21-41d6-af77-5f0a65600fbb/datanode-0/data/ratis/4b86fd13-3196-44ea-a776-8166ebb0f75f: created new log segment /workdir/hadoop-ozone/integration-test/target/test-dir/MiniOzoneClusterImpl-29dd0c8c-da21-41d6-af77-5f0a65600fbb/datanode-0/data/ratis/4b86fd13-3196-44ea-a776-8166ebb0f75f/current/log_inprogress_0
2019-09-20 05:50:01,744 [pool-57-thread-1] INFO  storage.RaftStorage (RaftStorage.java:format(72)) - Storage directory /workdir/hadoop-ozone/integration-test/target/test-dir/MiniOzoneClusterImpl-29dd0c8c-da21-41d6-af77-5f0a65600fbb/datanode-0/data/ratis/bcde6b08-c177-48b6-8f38-eba770ada936 has been successfully formatted.
2019-09-20 05:50:01,745 [pool-57-thread-1] INFO  ratis.ContainerStateMachine (ContainerStateMachine.java:loadSnapshot(226)) - group-EBA770ADA936: The snapshot info is null. Setting the last applied indexto:(t:0, i:~)
2019-09-20 05:50:01,745 [pool-57-thread-1] INFO  server.RaftServerConfigKeys (ConfUtils.java:logGet(43)) - raft.server.leader.election.timeout = 120s (custom)
2019-09-20 05:50:01,745 [pool-57-thread-1] INFO  server.RaftServerConfigKeys (ConfUtils.java:logGet(43)) - raft.server.log.use.memory = false (default)
2019-09-20 05:50:01,745 [pool-57-thread-1] INFO  server.RaftServerConfigKeys (ConfUtils.java:logGet(43)) - raft.server.log.purge.gap = 1000000 (custom)
2019-09-20 05:50:01,745 [pool-57-thread-1] INFO  server.RaftServerConfigKeys (ConfUtils.java:logGet(43)) - raft.server.log.appender.buffer.byte-limit = 33554432 (custom)
2019-09-20 05:50:01,745 [pool-57-thread-1] INFO  server.RaftServerConfigKeys (ConfUtils.java:logGet(43)) - raft.server.log.segment.size.max = 1048576 (custom)
2019-09-20 05:50:01,745 [pool-57-thread-1] INFO  server.RaftServerConfigKeys (ConfUtils.java:logGet(43)) - raft.server.log.segment.cache.num.max = 2 (custom)
2019-09-20 05:50:01,745 [pool-57-thread-1] INFO  segmented.SegmentedRaftLogWorker (SegmentedRaftLogWorker.java:<init>(172)) - new 9b918566-8d2f-4f38-9ce1-65f5cd084216-SegmentedRaftLogWorker:Storage Directory /workdir/hadoop-ozone/integration-test/target/test-dir/MiniOzoneClusterImpl-29dd0c8c-da21-41d6-af77-5f0a65600fbb/datanode-0/data/ratis/bcde6b08-c177-48b6-8f38-eba770ada936 for RaftStorage:Storage Directory /workdir/hadoop-ozone/integration-test/target/test-dir/MiniOzoneClusterImpl-29dd0c8c-da21-41d6-af77-5f0a65600fbb/datanode-0/data/ratis/bcde6b08-c177-48b6-8f38-eba770ada936
2019-09-20 05:50:01,746 [pool-57-thread-1] INFO  server.RaftServerConfigKeys (ConfUtils.java:logGet(43)) - raft.server.log.queue.byte-limit = 2147483647 (custom)
2019-09-20 05:50:01,746 [pool-57-thread-1] INFO  server.RaftServerConfigKeys (ConfUtils.java:logGet(43)) - raft.server.log.queue.element-limit = 1024 (custom)
2019-09-20 05:50:01,746 [pool-57-thread-1] INFO  server.RaftServerConfigKeys (ConfUtils.java:logGet(43)) - raft.server.log.segment.size.max = 1048576 (custom)
2019-09-20 05:50:01,746 [pool-57-thread-1] INFO  server.RaftServerConfigKeys (ConfUtils.java:logGet(43)) - raft.server.log.preallocated.size = 16384 (custom)
2019-09-20 05:50:01,746 [pool-57-thread-1] INFO  server.RaftServerConfigKeys (ConfUtils.java:logGet(43)) - raft.server.log.write.buffer.size = 33554432 (custom)
2019-09-20 05:50:01,746 [pool-57-thread-1] INFO  server.RaftServerConfigKeys (ConfUtils.java:logGet(43)) - raft.server.log.force.sync.num = 128 (default)
2019-09-20 05:50:01,746 [pool-57-thread-1] INFO  server.RaftServerConfigKeys (ConfUtils.java:logGet(43)) - raft.server.log.statemachine.data.sync = true (default)
2019-09-20 05:50:01,746 [pool-57-thread-1] INFO  server.RaftServerConfigKeys (ConfUtils.java:logGet(43)) - raft.server.log.statemachine.data.sync.timeout = 10s (default)
2019-09-20 05:50:01,747 [pool-57-thread-1] INFO  server.RaftServerConfigKeys (ConfUtils.java:logGet(43)) - raft.server.log.statemachine.data.sync.timeout.retry = -1 (default)
2019-09-20 05:50:01,747 [pool-57-thread-1] INFO  server.RaftServerConfigKeys (ConfUtils.java:logGet(43)) - raft.server.log.statemachine.data.caching.enabled = true (custom)
2019-09-20 05:50:01,747 [pool-57-thread-1] INFO  segmented.SegmentedRaftLogWorker (SegmentedRaftLogWorker.java:lambda$new$0(132)) - 9b918566-8d2f-4f38-9ce1-65f5cd084216-SegmentedRaftLogWorker:Storage Directory /workdir/hadoop-ozone/integration-test/target/test-dir/MiniOzoneClusterImpl-29dd0c8c-da21-41d6-af77-5f0a65600fbb/datanode-0/data/ratis/bcde6b08-c177-48b6-8f38-eba770ada936: flushIndex: setUnconditionally 0 -> -1
2019-09-20 05:50:01,747 [pool-57-thread-1] INFO  server.RaftServerConfigKeys (ConfUtils.java:logGet(43)) - raft.server.snapshot.auto.trigger.enabled = true (custom)
2019-09-20 05:50:01,747 [pool-57-thread-1] INFO  server.RaftServerConfigKeys (ConfUtils.java:logGet(43)) - raft.server.snapshot.auto.trigger.threshold = 1 (custom)
2019-09-20 05:50:01,747 [pool-57-thread-1] INFO  server.RaftServerConfigKeys (ConfUtils.java:logGet(43)) - raft.server.retrycache.expirytime = 600000ms (custom)
2019-09-20 05:50:01,748 [pool-57-thread-1] INFO  impl.RaftServerImpl (RaftServerImpl.java:start(180)) - 9b918566-8d2f-4f38-9ce1-65f5cd084216: start group-EBA770ADA936
2019-09-20 05:50:01,748 [pool-57-thread-1] INFO  impl.RaftServerImpl (RaftServerImpl.java:setRole(171)) - 9b918566-8d2f-4f38-9ce1-65f5cd084216:group-EBA770ADA936 changes role from null to FOLLOWER at term 0 for startAsFollower
2019-09-20 05:50:01,748 [pool-57-thread-1] INFO  impl.RoleInfo (RoleInfo.java:updateAndGet(143)) - 9b918566-8d2f-4f38-9ce1-65f5cd084216: start FollowerState
2019-09-20 05:50:01,748 [pool-57-thread-1] INFO  util.JmxRegister (JmxRegister.java:tryRegister(44)) - Successfully registered JMX Bean with object name Ratis:service=RaftServer,group=group-EBA770ADA936,id=9b918566-8d2f-4f38-9ce1-65f5cd084216
2019-09-20 05:50:01,749 [RatisPipelineUtilsThread] INFO  pipeline.PipelineStateManager (PipelineStateManager.java:addPipeline(56)) - Created pipeline Pipeline[ Id: bcde6b08-c177-48b6-8f38-eba770ada936, Nodes: 9b918566-8d2f-4f38-9ce1-65f5cd084216{ip: 192.168.36.79, host: pr-hdds-1569-s8kj2-2266485376, networkLocation: /default-rack, certSerialId: null}, Type:RATIS, Factor:ONE, State:OPEN]
2019-09-20 05:50:01,752 [grpc-default-executor-1] INFO  impl.RaftServerProxy (RaftServerProxy.java:addNew(89)) - 9b918566-8d2f-4f38-9ce1-65f5cd084216: addNew group-7312B38DB467:[9b918566-8d2f-4f38-9ce1-65f5cd084216:192.168.36.79:46843] returns group-7312B38DB467:java.util.concurrent.CompletableFuture@1da0eba1[Not completed]
2019-09-20 05:50:01,752 [pool-57-thread-1] INFO  impl.RaftServerImpl (RaftServerImpl.java:<init>(93)) - 9b918566-8d2f-4f38-9ce1-65f5cd084216: new RaftServerImpl for group-7312B38DB467:[9b918566-8d2f-4f38-9ce1-65f5cd084216:192.168.36.79:46843] with ContainerStateMachine:uninitialized
2019-09-20 05:50:01,753 [pool-57-thread-1] INFO  server.RaftServerConfigKeys (ConfUtils.java:logGet(43)) - raft.server.rpc.timeout.min = 5s (custom)
2019-09-20 05:50:01,753 [pool-57-thread-1] INFO  server.RaftServerConfigKeys (ConfUtils.java:logGet(43)) - raft.server.rpc.timeout.max = 5200ms (custom)
2019-09-20 05:50:01,753 [pool-57-thread-1] INFO  server.RaftServerConfigKeys (ConfUtils.java:logGet(43)) - raft.server.rpcslowness.timeout = 120s (custom)
2019-09-20 05:50:01,753 [pool-57-thread-1] INFO  server.RaftServerConfigKeys (ConfUtils.java:logGet(43)) - raft.server.sleep.deviation.threshold = 300 (default)
2019-09-20 05:50:01,753 [pool-57-thread-1] INFO  server.RaftServerConfigKeys (ConfUtils.java:logGet(43)) - raft.server.log.appender.install.snapshot.enabled = false (custom)
2019-09-20 05:50:01,753 [pool-57-thread-1] INFO  impl.RaftServerImpl (ServerState.java:<init>(105)) - 9b918566-8d2f-4f38-9ce1-65f5cd084216:group-7312B38DB467 ConfigurationManager, init=-1: [9b918566-8d2f-4f38-9ce1-65f5cd084216:192.168.36.79:46843], old=null, confs=<EMPTY_MAP>
2019-09-20 05:50:01,753 [pool-57-thread-1] INFO  server.RaftServerConfigKeys (ConfUtils.java:logGet(43)) - raft.server.storage.dir = [/workdir/hadoop-ozone/integration-test/target/test-dir/MiniOzoneClusterImpl-29dd0c8c-da21-41d6-af77-5f0a65600fbb/datanode-0/data/ratis] (custom)
2019-09-20 05:50:01,754 [pool-57-thread-1] INFO  storage.RaftStorageDirectory (RaftStorageDirectory.java:analyzeStorage(246)) - The storage directory /workdir/hadoop-ozone/integration-test/target/test-dir/MiniOzoneClusterImpl-29dd0c8c-da21-41d6-af77-5f0a65600fbb/datanode-0/data/ratis/1d18e2df-21f2-4442-9e7d-7312b38db467 does not exist. Creating ...
2019-09-20 05:50:01,769 [9b918566-8d2f-4f38-9ce1-65f5cd084216:group-391F14DF0238:LeaderElection412] INFO  impl.LeaderElection (LeaderElection.java:askForVotes(181)) - 9b918566-8d2f-4f38-9ce1-65f5cd084216:group-391F14DF0238:LeaderElection412: begin an election at term 1 for -1: [9b918566-8d2f-4f38-9ce1-65f5cd084216:192.168.36.79:46843], old=null
2019-09-20 05:50:01,770 [9b918566-8d2f-4f38-9ce1-65f5cd084216:group-391F14DF0238:LeaderElection412] INFO  impl.RoleInfo (RoleInfo.java:shutdownLeaderElection(134)) - 9b918566-8d2f-4f38-9ce1-65f5cd084216: shutdown LeaderElection
2019-09-20 05:50:01,770 [9b918566-8d2f-4f38-9ce1-65f5cd084216:group-391F14DF0238:LeaderElection412] INFO  impl.RaftServerImpl (RaftServerImpl.java:setRole(171)) - 9b918566-8d2f-4f38-9ce1-65f5cd084216:group-391F14DF0238 changes role from CANDIDATE to LEADER at term 1 for changeToLeader
2019-09-20 05:50:01,770 [9b918566-8d2f-4f38-9ce1-65f5cd084216:group-391F14DF0238:LeaderElection412] INFO  impl.RaftServerImpl (ServerState.java:setLeader(263)) - 9b918566-8d2f-4f38-9ce1-65f5cd084216:group-391F14DF0238 change Leader from null to 9b918566-8d2f-4f38-9ce1-65f5cd084216 at term 1 for becomeLeader, leader elected after 5050ms
2019-09-20 05:50:01,770 [9b918566-8d2f-4f38-9ce1-65f5cd084216:group-391F14DF0238:LeaderElection412] INFO  server.RaftServerConfigKeys (ConfUtils.java:logGet(43)) - raft.server.staging.catchup.gap = 1000 (default)
2019-09-20 05:50:01,770 [9b918566-8d2f-4f38-9ce1-65f5cd084216:group-391F14DF0238:LeaderElection412] INFO  server.RaftServerConfigKeys (ConfUtils.java:logGet(43)) - raft.server.rpc.sleep.time = 25ms (default)
2019-09-20 05:50:01,770 [9b918566-8d2f-4f38-9ce1-65f5cd084216:group-391F14DF0238:LeaderElection412] INFO  server.RaftServerConfigKeys (ConfUtils.java:logGet(43)) - raft.server.write.element-limit = 4096 (default)
2019-09-20 05:50:01,770 [9b918566-8d2f-4f38-9ce1-65f5cd084216:group-391F14DF0238:LeaderElection412] INFO  server.RaftServerConfigKeys (ConfUtils.java:logGet(43)) - raft.server.watch.timeout = 10s (default)
2019-09-20 05:50:01,770 [9b918566-8d2f-4f38-9ce1-65f5cd084216:group-391F14DF0238:LeaderElection412] INFO  server.RaftServerConfigKeys (ConfUtils.java:logGet(43)) - raft.server.watch.timeout.denomination = 1s (default)
2019-09-20 05:50:01,771 [9b918566-8d2f-4f38-9ce1-65f5cd084216:group-391F14DF0238:LeaderElection412] INFO  server.RaftServerConfigKeys (ConfUtils.java:logGet(43)) - raft.server.watch.element-limit = 65536 (default)
2019-09-20 05:50:01,771 [9b918566-8d2f-4f38-9ce1-65f5cd084216:group-391F14DF0238:LeaderElection412] INFO  impl.RoleInfo (RoleInfo.java:updateAndGet(143)) - 9b918566-8d2f-4f38-9ce1-65f5cd084216: start LeaderState
2019-09-20 05:50:01,771 [9b918566-8d2f-4f38-9ce1-65f5cd084216:group-391F14DF0238:LeaderElection412] INFO  segmented.SegmentedRaftLogWorker (SegmentedRaftLogWorker.java:startLogSegment(380)) - 9b918566-8d2f-4f38-9ce1-65f5cd084216-SegmentedRaftLogWorker:Storage Directory /workdir/hadoop-ozone/integration-test/target/test-dir/MiniOzoneClusterImpl-29dd0c8c-da21-41d6-af77-5f0a65600fbb/datanode-0/data/ratis/dc2c83da-3948-466e-97e4-391f14df0238: Starting segment from index:0
2019-09-20 05:50:01,771 [9b918566-8d2f-4f38-9ce1-65f5cd084216:group-391F14DF0238:LeaderElection412] INFO  impl.RaftServerImpl (ServerState.java:setRaftConf(361)) - 9b918566-8d2f-4f38-9ce1-65f5cd084216:group-391F14DF0238 set configuration 0: [9b918566-8d2f-4f38-9ce1-65f5cd084216:192.168.36.79:46843], old=null at 0
2019-09-20 05:50:01,787 [pool-57-thread-1] INFO  storage.RaftStorageDirectory (RaftStorageDirectory.java:tryLock(328)) - Lock on /workdir/hadoop-ozone/integration-test/target/test-dir/MiniOzoneClusterImpl-29dd0c8c-da21-41d6-af77-5f0a65600fbb/datanode-0/data/ratis/1d18e2df-21f2-4442-9e7d-7312b38db467/in_use.lock acquired by nodename 6907@pr-hdds-1569-s8kj2-2266485376
2019-09-20 05:50:01,829 [9b918566-8d2f-4f38-9ce1-65f5cd084216-SegmentedRaftLogWorker:Storage Directory /workdir/hadoop-ozone/integration-test/target/test-dir/MiniOzoneClusterImpl-29dd0c8c-da21-41d6-af77-5f0a65600fbb/datanode-0/data/ratis/dc2c83da-3948-466e-97e4-391f14df0238] INFO  segmented.SegmentedRaftLogWorker (SegmentedRaftLogWorker.java:execute(569)) - 9b918566-8d2f-4f38-9ce1-65f5cd084216-SegmentedRaftLogWorker:Storage Directory /workdir/hadoop-ozone/integration-test/target/test-dir/MiniOzoneClusterImpl-29dd0c8c-da21-41d6-af77-5f0a65600fbb/datanode-0/data/ratis/dc2c83da-3948-466e-97e4-391f14df0238: created new log segment /workdir/hadoop-ozone/integration-test/target/test-dir/MiniOzoneClusterImpl-29dd0c8c-da21-41d6-af77-5f0a65600fbb/datanode-0/data/ratis/dc2c83da-3948-466e-97e4-391f14df0238/current/log_inprogress_0
2019-09-20 05:50:01,829 [pool-57-thread-1] INFO  storage.RaftStorage (RaftStorage.java:format(72)) - Storage directory /workdir/hadoop-ozone/integration-test/target/test-dir/MiniOzoneClusterImpl-29dd0c8c-da21-41d6-af77-5f0a65600fbb/datanode-0/data/ratis/1d18e2df-21f2-4442-9e7d-7312b38db467 has been successfully formatted.
2019-09-20 05:50:01,829 [pool-57-thread-1] INFO  ratis.ContainerStateMachine (ContainerStateMachine.java:loadSnapshot(226)) - group-7312B38DB467: The snapshot info is null. Setting the last applied indexto:(t:0, i:~)
2019-09-20 05:50:01,829 [pool-57-thread-1] INFO  server.RaftServerConfigKeys (ConfUtils.java:logGet(43)) - raft.server.leader.election.timeout = 120s (custom)
2019-09-20 05:50:01,830 [pool-57-thread-1] INFO  server.RaftServerConfigKeys (ConfUtils.java:logGet(43)) - raft.server.log.use.memory = false (default)
2019-09-20 05:50:01,830 [pool-57-thread-1] INFO  server.RaftServerConfigKeys (ConfUtils.java:logGet(43)) - raft.server.log.purge.gap = 1000000 (custom)
2019-09-20 05:50:01,830 [pool-57-thread-1] INFO  server.RaftServerConfigKeys (ConfUtils.java:logGet(43)) - raft.server.log.appender.buffer.byte-limit = 33554432 (custom)
2019-09-20 05:50:01,830 [pool-57-thread-1] INFO  server.RaftServerConfigKeys (ConfUtils.java:logGet(43)) - raft.server.log.segment.size.max = 1048576 (custom)
2019-09-20 05:50:01,830 [pool-57-thread-1] INFO  server.RaftServerConfigKeys (ConfUtils.java:logGet(43)) - raft.server.log.segment.cache.num.max = 2 (custom)
2019-09-20 05:50:01,830 [pool-57-thread-1] INFO  segmented.SegmentedRaftLogWorker (SegmentedRaftLogWorker.java:<init>(172)) - new 9b918566-8d2f-4f38-9ce1-65f5cd084216-SegmentedRaftLogWorker:Storage Directory /workdir/hadoop-ozone/integration-test/target/test-dir/MiniOzoneClusterImpl-29dd0c8c-da21-41d6-af77-5f0a65600fbb/datanode-0/data/ratis/1d18e2df-21f2-4442-9e7d-7312b38db467 for RaftStorage:Storage Directory /workdir/hadoop-ozone/integration-test/target/test-dir/MiniOzoneClusterImpl-29dd0c8c-da21-41d6-af77-5f0a65600fbb/datanode-0/data/ratis/1d18e2df-21f2-4442-9e7d-7312b38db467
2019-09-20 05:50:01,830 [pool-57-thread-1] INFO  server.RaftServerConfigKeys (ConfUtils.java:logGet(43)) - raft.server.log.queue.byte-limit = 2147483647 (custom)
2019-09-20 05:50:01,831 [pool-57-thread-1] INFO  server.RaftServerConfigKeys (ConfUtils.java:logGet(43)) - raft.server.log.queue.element-limit = 1024 (custom)
2019-09-20 05:50:01,831 [pool-57-thread-1] INFO  server.RaftServerConfigKeys (ConfUtils.java:logGet(43)) - raft.server.log.segment.size.max = 1048576 (custom)
2019-09-20 05:50:01,831 [pool-57-thread-1] INFO  server.RaftServerConfigKeys (ConfUtils.java:logGet(43)) - raft.server.log.preallocated.size = 16384 (custom)
2019-09-20 05:50:01,831 [pool-57-thread-1] INFO  server.RaftServerConfigKeys (ConfUtils.java:logGet(43)) - raft.server.log.write.buffer.size = 33554432 (custom)
2019-09-20 05:50:01,831 [pool-57-thread-1] INFO  server.RaftServerConfigKeys (ConfUtils.java:logGet(43)) - raft.server.log.force.sync.num = 128 (default)
2019-09-20 05:50:01,831 [pool-57-thread-1] INFO  server.RaftServerConfigKeys (ConfUtils.java:logGet(43)) - raft.server.log.statemachine.data.sync = true (default)
2019-09-20 05:50:01,832 [pool-57-thread-1] INFO  server.RaftServerConfigKeys (ConfUtils.java:logGet(43)) - raft.server.log.statemachine.data.sync.timeout = 10s (default)
2019-09-20 05:50:01,832 [pool-57-thread-1] INFO  server.RaftServerConfigKeys (ConfUtils.java:logGet(43)) - raft.server.log.statemachine.data.sync.timeout.retry = -1 (default)
2019-09-20 05:50:01,832 [pool-57-thread-1] INFO  server.RaftServerConfigKeys (ConfUtils.java:logGet(43)) - raft.server.log.statemachine.data.caching.enabled = true (custom)
2019-09-20 05:50:01,832 [pool-57-thread-1] INFO  segmented.SegmentedRaftLogWorker (SegmentedRaftLogWorker.java:lambda$new$0(132)) - 9b918566-8d2f-4f38-9ce1-65f5cd084216-SegmentedRaftLogWorker:Storage Directory /workdir/hadoop-ozone/integration-test/target/test-dir/MiniOzoneClusterImpl-29dd0c8c-da21-41d6-af77-5f0a65600fbb/datanode-0/data/ratis/1d18e2df-21f2-4442-9e7d-7312b38db467: flushIndex: setUnconditionally 0 -> -1
2019-09-20 05:50:01,833 [pool-57-thread-1] INFO  server.RaftServerConfigKeys (ConfUtils.java:logGet(43)) - raft.server.snapshot.auto.trigger.enabled = true (custom)
2019-09-20 05:50:01,833 [pool-57-thread-1] INFO  server.RaftServerConfigKeys (ConfUtils.java:logGet(43)) - raft.server.snapshot.auto.trigger.threshold = 1 (custom)
2019-09-20 05:50:01,833 [pool-57-thread-1] INFO  server.RaftServerConfigKeys (ConfUtils.java:logGet(43)) - raft.server.retrycache.expirytime = 600000ms (custom)
2019-09-20 05:50:01,833 [pool-57-thread-1] INFO  impl.RaftServerImpl (RaftServerImpl.java:start(180)) - 9b918566-8d2f-4f38-9ce1-65f5cd084216: start group-7312B38DB467
2019-09-20 05:50:01,833 [pool-57-thread-1] INFO  impl.RaftServerImpl (RaftServerImpl.java:setRole(171)) - 9b918566-8d2f-4f38-9ce1-65f5cd084216:group-7312B38DB467 changes role from null to FOLLOWER at term 0 for startAsFollower
2019-09-20 05:50:01,833 [pool-57-thread-1] INFO  impl.RoleInfo (RoleInfo.java:updateAndGet(143)) - 9b918566-8d2f-4f38-9ce1-65f5cd084216: start FollowerState
2019-09-20 05:50:01,834 [pool-57-thread-1] INFO  util.JmxRegister (JmxRegister.java:tryRegister(44)) - Successfully registered JMX Bean with object name Ratis:service=RaftServer,group=group-7312B38DB467,id=9b918566-8d2f-4f38-9ce1-65f5cd084216
2019-09-20 05:50:01,835 [RatisPipelineUtilsThread] INFO  pipeline.PipelineStateManager (PipelineStateManager.java:addPipeline(56)) - Created pipeline Pipeline[ Id: 1d18e2df-21f2-4442-9e7d-7312b38db467, Nodes: 9b918566-8d2f-4f38-9ce1-65f5cd084216{ip: 192.168.36.79, host: pr-hdds-1569-s8kj2-2266485376, networkLocation: /default-rack, certSerialId: null}, Type:RATIS, Factor:ONE, State:OPEN]
2019-09-20 05:50:01,838 [grpc-default-executor-1] INFO  impl.RaftServerProxy (RaftServerProxy.java:addNew(89)) - 9b918566-8d2f-4f38-9ce1-65f5cd084216: addNew group-BDC32C52C7F7:[9b918566-8d2f-4f38-9ce1-65f5cd084216:192.168.36.79:46843] returns group-BDC32C52C7F7:java.util.concurrent.CompletableFuture@21df8352[Not completed]
2019-09-20 05:50:01,839 [pool-57-thread-1] INFO  impl.RaftServerImpl (RaftServerImpl.java:<init>(93)) - 9b918566-8d2f-4f38-9ce1-65f5cd084216: new RaftServerImpl for group-BDC32C52C7F7:[9b918566-8d2f-4f38-9ce1-65f5cd084216:192.168.36.79:46843] with ContainerStateMachine:uninitialized
2019-09-20 05:50:01,839 [pool-57-thread-1] INFO  server.RaftServerConfigKeys (ConfUtils.java:logGet(43)) - raft.server.rpc.timeout.min = 5s (custom)
2019-09-20 05:50:01,839 [pool-57-thread-1] INFO  server.RaftServerConfigKeys (ConfUtils.java:logGet(43)) - raft.server.rpc.timeout.max = 5200ms (custom)
2019-09-20 05:50:01,839 [pool-57-thread-1] INFO  server.RaftServerConfigKeys (ConfUtils.java:logGet(43)) - raft.server.rpcslowness.timeout = 120s (custom)
2019-09-20 05:50:01,839 [pool-57-thread-1] INFO  server.RaftServerConfigKeys (ConfUtils.java:logGet(43)) - raft.server.sleep.deviation.threshold = 300 (default)
2019-09-20 05:50:01,839 [pool-57-thread-1] INFO  server.RaftServerConfigKeys (ConfUtils.java:logGet(43)) - raft.server.log.appender.install.snapshot.enabled = false (custom)
2019-09-20 05:50:01,839 [pool-57-thread-1] INFO  impl.RaftServerImpl (ServerState.java:<init>(105)) - 9b918566-8d2f-4f38-9ce1-65f5cd084216:group-BDC32C52C7F7 ConfigurationManager, init=-1: [9b918566-8d2f-4f38-9ce1-65f5cd084216:192.168.36.79:46843], old=null, confs=<EMPTY_MAP>
2019-09-20 05:50:01,839 [pool-57-thread-1] INFO  server.RaftServerConfigKeys (ConfUtils.java:logGet(43)) - raft.server.storage.dir = [/workdir/hadoop-ozone/integration-test/target/test-dir/MiniOzoneClusterImpl-29dd0c8c-da21-41d6-af77-5f0a65600fbb/datanode-0/data/ratis] (custom)
2019-09-20 05:50:01,840 [pool-57-thread-1] INFO  storage.RaftStorageDirectory (RaftStorageDirectory.java:analyzeStorage(246)) - The storage directory /workdir/hadoop-ozone/integration-test/target/test-dir/MiniOzoneClusterImpl-29dd0c8c-da21-41d6-af77-5f0a65600fbb/datanode-0/data/ratis/ded814f4-5630-4190-a880-bdc32c52c7f7 does not exist. Creating ...
2019-09-20 05:50:01,869 [Thread-3254] INFO  impl.FollowerState (FollowerState.java:run(106)) - 9b918566-8d2f-4f38-9ce1-65f5cd084216:group-6F9339ECE373 changes to CANDIDATE, lastRpcTime:5025, electionTimeout:5025ms
2019-09-20 05:50:01,870 [Thread-3254] INFO  impl.RoleInfo (RoleInfo.java:shutdownFollowerState(121)) - 9b918566-8d2f-4f38-9ce1-65f5cd084216: shutdown FollowerState
2019-09-20 05:50:01,870 [Thread-3254] INFO  impl.RaftServerImpl (RaftServerImpl.java:setRole(171)) - 9b918566-8d2f-4f38-9ce1-65f5cd084216:group-6F9339ECE373 changes role from FOLLOWER to CANDIDATE at term 0 for changeToCandidate
2019-09-20 05:50:01,870 [Thread-3254] INFO  impl.RoleInfo (RoleInfo.java:updateAndGet(143)) - 9b918566-8d2f-4f38-9ce1-65f5cd084216: start LeaderElection
2019-09-20 05:50:01,874 [Thread-3245] INFO  impl.FollowerState (FollowerState.java:run(106)) - 9b918566-8d2f-4f38-9ce1-65f5cd084216:group-D7C9AD3C063A changes to CANDIDATE, lastRpcTime:5193, electionTimeout:5193ms
2019-09-20 05:50:01,874 [Thread-3245] INFO  impl.RoleInfo (RoleInfo.java:shutdownFollowerState(121)) - 9b918566-8d2f-4f38-9ce1-65f5cd084216: shutdown FollowerState
2019-09-20 05:50:01,874 [Thread-3245] INFO  impl.RaftServerImpl (RaftServerImpl.java:setRole(171)) - 9b918566-8d2f-4f38-9ce1-65f5cd084216:group-D7C9AD3C063A changes role from FOLLOWER to CANDIDATE at term 0 for changeToCandidate
2019-09-20 05:50:01,874 [Thread-3245] INFO  impl.RoleInfo (RoleInfo.java:updateAndGet(143)) - 9b918566-8d2f-4f38-9ce1-65f5cd084216: start LeaderElection
2019-09-20 05:50:01,895 | INFO  | SCMAudit | user=jenkins1000 | ip=192.168.36.79 | op=SEND_HEARTBEAT {datanodeUUID=9b918566-8d2f-4f38-9ce1-65f5cd084216, command=[]} | ret=SUCCESS |  
2019-09-20 05:50:01,905 [pool-57-thread-1] INFO  storage.RaftStorageDirectory (RaftStorageDirectory.java:tryLock(328)) - Lock on /workdir/hadoop-ozone/integration-test/target/test-dir/MiniOzoneClusterImpl-29dd0c8c-da21-41d6-af77-5f0a65600fbb/datanode-0/data/ratis/ded814f4-5630-4190-a880-bdc32c52c7f7/in_use.lock acquired by nodename 6907@pr-hdds-1569-s8kj2-2266485376
2019-09-20 05:50:01,914 [9b918566-8d2f-4f38-9ce1-65f5cd084216:group-6F9339ECE373:LeaderElection413] INFO  impl.LeaderElection (LeaderElection.java:askForVotes(181)) - 9b918566-8d2f-4f38-9ce1-65f5cd084216:group-6F9339ECE373:LeaderElection413: begin an election at term 1 for -1: [9b918566-8d2f-4f38-9ce1-65f5cd084216:192.168.36.79:46843], old=null
2019-09-20 05:50:01,914 [9b918566-8d2f-4f38-9ce1-65f5cd084216:group-6F9339ECE373:LeaderElection413] INFO  impl.RoleInfo (RoleInfo.java:shutdownLeaderElection(134)) - 9b918566-8d2f-4f38-9ce1-65f5cd084216: shutdown LeaderElection
2019-09-20 05:50:01,914 [9b918566-8d2f-4f38-9ce1-65f5cd084216:group-6F9339ECE373:LeaderElection413] INFO  impl.RaftServerImpl (RaftServerImpl.java:setRole(171)) - 9b918566-8d2f-4f38-9ce1-65f5cd084216:group-6F9339ECE373 changes role from CANDIDATE to LEADER at term 1 for changeToLeader
2019-09-20 05:50:01,914 [9b918566-8d2f-4f38-9ce1-65f5cd084216:group-6F9339ECE373:LeaderElection413] INFO  impl.RaftServerImpl (ServerState.java:setLeader(263)) - 9b918566-8d2f-4f38-9ce1-65f5cd084216:group-6F9339ECE373 change Leader from null to 9b918566-8d2f-4f38-9ce1-65f5cd084216 at term 1 for becomeLeader, leader elected after 5073ms
2019-09-20 05:50:01,914 [9b918566-8d2f-4f38-9ce1-65f5cd084216:group-6F9339ECE373:LeaderElection413] INFO  server.RaftServerConfigKeys (ConfUtils.java:logGet(43)) - raft.server.staging.catchup.gap = 1000 (default)
2019-09-20 05:50:01,915 [9b918566-8d2f-4f38-9ce1-65f5cd084216:group-6F9339ECE373:LeaderElection413] INFO  server.RaftServerConfigKeys (ConfUtils.java:logGet(43)) - raft.server.rpc.sleep.time = 25ms (default)
2019-09-20 05:50:01,915 [9b918566-8d2f-4f38-9ce1-65f5cd084216:group-6F9339ECE373:LeaderElection413] INFO  server.RaftServerConfigKeys (ConfUtils.java:logGet(43)) - raft.server.write.element-limit = 4096 (default)
2019-09-20 05:50:01,915 [9b918566-8d2f-4f38-9ce1-65f5cd084216:group-6F9339ECE373:LeaderElection413] INFO  server.RaftServerConfigKeys (ConfUtils.java:logGet(43)) - raft.server.watch.timeout = 10s (default)
2019-09-20 05:50:01,915 [9b918566-8d2f-4f38-9ce1-65f5cd084216:group-6F9339ECE373:LeaderElection413] INFO  server.RaftServerConfigKeys (ConfUtils.java:logGet(43)) - raft.server.watch.timeout.denomination = 1s (default)
2019-09-20 05:50:01,915 [9b918566-8d2f-4f38-9ce1-65f5cd084216:group-6F9339ECE373:LeaderElection413] INFO  server.RaftServerConfigKeys (ConfUtils.java:logGet(43)) - raft.server.watch.element-limit = 65536 (default)
2019-09-20 05:50:01,915 [9b918566-8d2f-4f38-9ce1-65f5cd084216:group-6F9339ECE373:LeaderElection413] INFO  impl.RoleInfo (RoleInfo.java:updateAndGet(143)) - 9b918566-8d2f-4f38-9ce1-65f5cd084216: start LeaderState
2019-09-20 05:50:01,916 [9b918566-8d2f-4f38-9ce1-65f5cd084216:group-6F9339ECE373:LeaderElection413] INFO  segmented.SegmentedRaftLogWorker (SegmentedRaftLogWorker.java:startLogSegment(380)) - 9b918566-8d2f-4f38-9ce1-65f5cd084216-SegmentedRaftLogWorker:Storage Directory /workdir/hadoop-ozone/integration-test/target/test-dir/MiniOzoneClusterImpl-29dd0c8c-da21-41d6-af77-5f0a65600fbb/datanode-0/data/ratis/7f28a5a4-91fe-4f24-8c8a-6f9339ece373: Starting segment from index:0
2019-09-20 05:50:01,916 [9b918566-8d2f-4f38-9ce1-65f5cd084216:group-6F9339ECE373:LeaderElection413] INFO  impl.RaftServerImpl (ServerState.java:setRaftConf(361)) - 9b918566-8d2f-4f38-9ce1-65f5cd084216:group-6F9339ECE373 set configuration 0: [9b918566-8d2f-4f38-9ce1-65f5cd084216:192.168.36.79:46843], old=null at 0
2019-09-20 05:50:01,922 [9b918566-8d2f-4f38-9ce1-65f5cd084216:group-D7C9AD3C063A:LeaderElection414] INFO  impl.LeaderElection (LeaderElection.java:askForVotes(181)) - 9b918566-8d2f-4f38-9ce1-65f5cd084216:group-D7C9AD3C063A:LeaderElection414: begin an election at term 1 for -1: [9b918566-8d2f-4f38-9ce1-65f5cd084216:192.168.36.79:46843], old=null
2019-09-20 05:50:01,923 [9b918566-8d2f-4f38-9ce1-65f5cd084216:group-D7C9AD3C063A:LeaderElection414] INFO  impl.RoleInfo (RoleInfo.java:shutdownLeaderElection(134)) - 9b918566-8d2f-4f38-9ce1-65f5cd084216: shutdown LeaderElection
2019-09-20 05:50:01,923 [9b918566-8d2f-4f38-9ce1-65f5cd084216:group-D7C9AD3C063A:LeaderElection414] INFO  impl.RaftServerImpl (RaftServerImpl.java:setRole(171)) - 9b918566-8d2f-4f38-9ce1-65f5cd084216:group-D7C9AD3C063A changes role from CANDIDATE to LEADER at term 1 for changeToLeader
2019-09-20 05:50:01,923 [9b918566-8d2f-4f38-9ce1-65f5cd084216:group-D7C9AD3C063A:LeaderElection414] INFO  impl.RaftServerImpl (ServerState.java:setLeader(263)) - 9b918566-8d2f-4f38-9ce1-65f5cd084216:group-D7C9AD3C063A change Leader from null to 9b918566-8d2f-4f38-9ce1-65f5cd084216 at term 1 for becomeLeader, leader elected after 5245ms
2019-09-20 05:50:01,923 [9b918566-8d2f-4f38-9ce1-65f5cd084216:group-D7C9AD3C063A:LeaderElection414] INFO  server.RaftServerConfigKeys (ConfUtils.java:logGet(43)) - raft.server.staging.catchup.gap = 1000 (default)
2019-09-20 05:50:01,923 [9b918566-8d2f-4f38-9ce1-65f5cd084216:group-D7C9AD3C063A:LeaderElection414] INFO  server.RaftServerConfigKeys (ConfUtils.java:logGet(43)) - raft.server.rpc.sleep.time = 25ms (default)
2019-09-20 05:50:01,923 [9b918566-8d2f-4f38-9ce1-65f5cd084216:group-D7C9AD3C063A:LeaderElection414] INFO  server.RaftServerConfigKeys (ConfUtils.java:logGet(43)) - raft.server.write.element-limit = 4096 (default)
2019-09-20 05:50:01,923 [9b918566-8d2f-4f38-9ce1-65f5cd084216:group-D7C9AD3C063A:LeaderElection414] INFO  server.RaftServerConfigKeys (ConfUtils.java:logGet(43)) - raft.server.watch.timeout = 10s (default)
2019-09-20 05:50:01,923 [9b918566-8d2f-4f38-9ce1-65f5cd084216:group-D7C9AD3C063A:LeaderElection414] INFO  server.RaftServerConfigKeys (ConfUtils.java:logGet(43)) - raft.server.watch.timeout.denomination = 1s (default)
2019-09-20 05:50:01,924 [9b918566-8d2f-4f38-9ce1-65f5cd084216:group-D7C9AD3C063A:LeaderElection414] INFO  server.RaftServerConfigKeys (ConfUtils.java:logGet(43)) - raft.server.watch.element-limit = 65536 (default)
2019-09-20 05:50:01,924 [9b918566-8d2f-4f38-9ce1-65f5cd084216:group-D7C9AD3C063A:LeaderElection414] INFO  impl.RoleInfo (RoleInfo.java:updateAndGet(143)) - 9b918566-8d2f-4f38-9ce1-65f5cd084216: start LeaderState
2019-09-20 05:50:01,924 [9b918566-8d2f-4f38-9ce1-65f5cd084216:group-D7C9AD3C063A:LeaderElection414] INFO  segmented.SegmentedRaftLogWorker (SegmentedRaftLogWorker.java:startLogSegment(380)) - 9b918566-8d2f-4f38-9ce1-65f5cd084216-SegmentedRaftLogWorker:Storage Directory /workdir/hadoop-ozone/integration-test/target/test-dir/MiniOzoneClusterImpl-29dd0c8c-da21-41d6-af77-5f0a65600fbb/datanode-0/data/ratis/fd69222b-9823-4af9-bc39-d7c9ad3c063a: Starting segment from index:0
2019-09-20 05:50:01,924 [9b918566-8d2f-4f38-9ce1-65f5cd084216:group-D7C9AD3C063A:LeaderElection414] INFO  impl.RaftServerImpl (ServerState.java:setRaftConf(361)) - 9b918566-8d2f-4f38-9ce1-65f5cd084216:group-D7C9AD3C063A set configuration 0: [9b918566-8d2f-4f38-9ce1-65f5cd084216:192.168.36.79:46843], old=null at 0
2019-09-20 05:50:01,940 [pool-57-thread-1] INFO  storage.RaftStorage (RaftStorage.java:format(72)) - Storage directory /workdir/hadoop-ozone/integration-test/target/test-dir/MiniOzoneClusterImpl-29dd0c8c-da21-41d6-af77-5f0a65600fbb/datanode-0/data/ratis/ded814f4-5630-4190-a880-bdc32c52c7f7 has been successfully formatted.
2019-09-20 05:50:01,940 [Thread-3251] INFO  impl.FollowerState (FollowerState.java:run(106)) - 9b918566-8d2f-4f38-9ce1-65f5cd084216:group-D92AAA6454A1 changes to CANDIDATE, lastRpcTime:5144, electionTimeout:5144ms
2019-09-20 05:50:01,940 [Thread-3251] INFO  impl.RoleInfo (RoleInfo.java:shutdownFollowerState(121)) - 9b918566-8d2f-4f38-9ce1-65f5cd084216: shutdown FollowerState
2019-09-20 05:50:01,940 [pool-57-thread-1] INFO  ratis.ContainerStateMachine (ContainerStateMachine.java:loadSnapshot(226)) - group-BDC32C52C7F7: The snapshot info is null. Setting the last applied indexto:(t:0, i:~)
2019-09-20 05:50:01,940 [Thread-3251] INFO  impl.RaftServerImpl (RaftServerImpl.java:setRole(171)) - 9b918566-8d2f-4f38-9ce1-65f5cd084216:group-D92AAA6454A1 changes role from FOLLOWER to CANDIDATE at term 0 for changeToCandidate
2019-09-20 05:50:01,940 [pool-57-thread-1] INFO  server.RaftServerConfigKeys (ConfUtils.java:logGet(43)) - raft.server.leader.election.timeout = 120s (custom)
2019-09-20 05:50:01,940 [Thread-3251] INFO  impl.RoleInfo (RoleInfo.java:updateAndGet(143)) - 9b918566-8d2f-4f38-9ce1-65f5cd084216: start LeaderElection
2019-09-20 05:50:01,941 [pool-57-thread-1] INFO  server.RaftServerConfigKeys (ConfUtils.java:logGet(43)) - raft.server.log.use.memory = false (default)
2019-09-20 05:50:01,941 [pool-57-thread-1] INFO  server.RaftServerConfigKeys (ConfUtils.java:logGet(43)) - raft.server.log.purge.gap = 1000000 (custom)
2019-09-20 05:50:01,941 [pool-57-thread-1] INFO  server.RaftServerConfigKeys (ConfUtils.java:logGet(43)) - raft.server.log.appender.buffer.byte-limit = 33554432 (custom)
2019-09-20 05:50:01,941 [pool-57-thread-1] INFO  server.RaftServerConfigKeys (ConfUtils.java:logGet(43)) - raft.server.log.segment.size.max = 1048576 (custom)
2019-09-20 05:50:01,941 [pool-57-thread-1] INFO  server.RaftServerConfigKeys (ConfUtils.java:logGet(43)) - raft.server.log.segment.cache.num.max = 2 (custom)
2019-09-20 05:50:01,941 [pool-57-thread-1] INFO  segmented.SegmentedRaftLogWorker (SegmentedRaftLogWorker.java:<init>(172)) - new 9b918566-8d2f-4f38-9ce1-65f5cd084216-SegmentedRaftLogWorker:Storage Directory /workdir/hadoop-ozone/integration-test/target/test-dir/MiniOzoneClusterImpl-29dd0c8c-da21-41d6-af77-5f0a65600fbb/datanode-0/data/ratis/ded814f4-5630-4190-a880-bdc32c52c7f7 for RaftStorage:Storage Directory /workdir/hadoop-ozone/integration-test/target/test-dir/MiniOzoneClusterImpl-29dd0c8c-da21-41d6-af77-5f0a65600fbb/datanode-0/data/ratis/ded814f4-5630-4190-a880-bdc32c52c7f7
2019-09-20 05:50:01,942 [pool-57-thread-1] INFO  server.RaftServerConfigKeys (ConfUtils.java:logGet(43)) - raft.server.log.queue.byte-limit = 2147483647 (custom)
2019-09-20 05:50:01,942 [pool-57-thread-1] INFO  server.RaftServerConfigKeys (ConfUtils.java:logGet(43)) - raft.server.log.queue.element-limit = 1024 (custom)
2019-09-20 05:50:01,942 [pool-57-thread-1] INFO  server.RaftServerConfigKeys (ConfUtils.java:logGet(43)) - raft.server.log.segment.size.max = 1048576 (custom)
2019-09-20 05:50:01,942 [pool-57-thread-1] INFO  server.RaftServerConfigKeys (ConfUtils.java:logGet(43)) - raft.server.log.preallocated.size = 16384 (custom)
2019-09-20 05:50:01,942 [pool-57-thread-1] INFO  server.RaftServerConfigKeys (ConfUtils.java:logGet(43)) - raft.server.log.write.buffer.size = 33554432 (custom)
2019-09-20 05:50:01,942 [pool-57-thread-1] INFO  server.RaftServerConfigKeys (ConfUtils.java:logGet(43)) - raft.server.log.force.sync.num = 128 (default)
2019-09-20 05:50:01,942 [pool-57-thread-1] INFO  server.RaftServerConfigKeys (ConfUtils.java:logGet(43)) - raft.server.log.statemachine.data.sync = true (default)
2019-09-20 05:50:01,943 [pool-57-thread-1] INFO  server.RaftServerConfigKeys (ConfUtils.java:logGet(43)) - raft.server.log.statemachine.data.sync.timeout = 10s (default)
2019-09-20 05:50:01,943 [pool-57-thread-1] INFO  server.RaftServerConfigKeys (ConfUtils.java:logGet(43)) - raft.server.log.statemachine.data.sync.timeout.retry = -1 (default)
2019-09-20 05:50:01,943 [pool-57-thread-1] INFO  server.RaftServerConfigKeys (ConfUtils.java:logGet(43)) - raft.server.log.statemachine.data.caching.enabled = true (custom)
2019-09-20 05:50:01,943 [pool-57-thread-1] INFO  segmented.SegmentedRaftLogWorker (SegmentedRaftLogWorker.java:lambda$new$0(132)) - 9b918566-8d2f-4f38-9ce1-65f5cd084216-SegmentedRaftLogWorker:Storage Directory /workdir/hadoop-ozone/integration-test/target/test-dir/MiniOzoneClusterImpl-29dd0c8c-da21-41d6-af77-5f0a65600fbb/datanode-0/data/ratis/ded814f4-5630-4190-a880-bdc32c52c7f7: flushIndex: setUnconditionally 0 -> -1
2019-09-20 05:50:01,943 [pool-57-thread-1] INFO  server.RaftServerConfigKeys (ConfUtils.java:logGet(43)) - raft.server.snapshot.auto.trigger.enabled = true (custom)
2019-09-20 05:50:01,944 [pool-57-thread-1] INFO  server.RaftServerConfigKeys (ConfUtils.java:logGet(43)) - raft.server.snapshot.auto.trigger.threshold = 1 (custom)
2019-09-20 05:50:01,944 [pool-57-thread-1] INFO  server.RaftServerConfigKeys (ConfUtils.java:logGet(43)) - raft.server.retrycache.expirytime = 600000ms (custom)
2019-09-20 05:50:01,944 [pool-57-thread-1] INFO  impl.RaftServerImpl (RaftServerImpl.java:start(180)) - 9b918566-8d2f-4f38-9ce1-65f5cd084216: start group-BDC32C52C7F7
2019-09-20 05:50:01,944 [pool-57-thread-1] INFO  impl.RaftServerImpl (RaftServerImpl.java:setRole(171)) - 9b918566-8d2f-4f38-9ce1-65f5cd084216:group-BDC32C52C7F7 changes role from null to FOLLOWER at term 0 for startAsFollower
2019-09-20 05:50:01,944 [pool-57-thread-1] INFO  impl.RoleInfo (RoleInfo.java:updateAndGet(143)) - 9b918566-8d2f-4f38-9ce1-65f5cd084216: start FollowerState
2019-09-20 05:50:01,944 [pool-57-thread-1] INFO  util.JmxRegister (JmxRegister.java:tryRegister(44)) - Successfully registered JMX Bean with object name Ratis:service=RaftServer,group=group-BDC32C52C7F7,id=9b918566-8d2f-4f38-9ce1-65f5cd084216
2019-09-20 05:50:01,946 [RatisPipelineUtilsThread] INFO  pipeline.PipelineStateManager (PipelineStateManager.java:addPipeline(56)) - Created pipeline Pipeline[ Id: ded814f4-5630-4190-a880-bdc32c52c7f7, Nodes: 9b918566-8d2f-4f38-9ce1-65f5cd084216{ip: 192.168.36.79, host: pr-hdds-1569-s8kj2-2266485376, networkLocation: /default-rack, certSerialId: null}, Type:RATIS, Factor:ONE, State:OPEN]
2019-09-20 05:50:01,949 [grpc-default-executor-1] INFO  impl.RaftServerProxy (RaftServerProxy.java:addNew(89)) - 9b918566-8d2f-4f38-9ce1-65f5cd084216: addNew group-19D8F506A3B5:[9b918566-8d2f-4f38-9ce1-65f5cd084216:192.168.36.79:46843] returns group-19D8F506A3B5:java.util.concurrent.CompletableFuture@56fd34f1[Not completed]
2019-09-20 05:50:01,950 [pool-57-thread-1] INFO  impl.RaftServerImpl (RaftServerImpl.java:<init>(93)) - 9b918566-8d2f-4f38-9ce1-65f5cd084216: new RaftServerImpl for group-19D8F506A3B5:[9b918566-8d2f-4f38-9ce1-65f5cd084216:192.168.36.79:46843] with ContainerStateMachine:uninitialized
2019-09-20 05:50:01,950 [pool-57-thread-1] INFO  server.RaftServerConfigKeys (ConfUtils.java:logGet(43)) - raft.server.rpc.timeout.min = 5s (custom)
2019-09-20 05:50:01,950 [pool-57-thread-1] INFO  server.RaftServerConfigKeys (ConfUtils.java:logGet(43)) - raft.server.rpc.timeout.max = 5200ms (custom)
2019-09-20 05:50:01,950 [pool-57-thread-1] INFO  server.RaftServerConfigKeys (ConfUtils.java:logGet(43)) - raft.server.rpcslowness.timeout = 120s (custom)
2019-09-20 05:50:01,950 [pool-57-thread-1] INFO  server.RaftServerConfigKeys (ConfUtils.java:logGet(43)) - raft.server.sleep.deviation.threshold = 300 (default)
2019-09-20 05:50:01,950 [pool-57-thread-1] INFO  server.RaftServerConfigKeys (ConfUtils.java:logGet(43)) - raft.server.log.appender.install.snapshot.enabled = false (custom)
2019-09-20 05:50:01,951 [pool-57-thread-1] INFO  impl.RaftServerImpl (ServerState.java:<init>(105)) - 9b918566-8d2f-4f38-9ce1-65f5cd084216:group-19D8F506A3B5 ConfigurationManager, init=-1: [9b918566-8d2f-4f38-9ce1-65f5cd084216:192.168.36.79:46843], old=null, confs=<EMPTY_MAP>
2019-09-20 05:50:01,951 [pool-57-thread-1] INFO  server.RaftServerConfigKeys (ConfUtils.java:logGet(43)) - raft.server.storage.dir = [/workdir/hadoop-ozone/integration-test/target/test-dir/MiniOzoneClusterImpl-29dd0c8c-da21-41d6-af77-5f0a65600fbb/datanode-0/data/ratis] (custom)
2019-09-20 05:50:01,951 [pool-57-thread-1] INFO  storage.RaftStorageDirectory (RaftStorageDirectory.java:analyzeStorage(246)) - The storage directory /workdir/hadoop-ozone/integration-test/target/test-dir/MiniOzoneClusterImpl-29dd0c8c-da21-41d6-af77-5f0a65600fbb/datanode-0/data/ratis/1c287769-70c5-497e-8726-19d8f506a3b5 does not exist. Creating ...
2019-09-20 05:50:01,982 [pool-57-thread-1] INFO  storage.RaftStorageDirectory (RaftStorageDirectory.java:tryLock(328)) - Lock on /workdir/hadoop-ozone/integration-test/target/test-dir/MiniOzoneClusterImpl-29dd0c8c-da21-41d6-af77-5f0a65600fbb/datanode-0/data/ratis/1c287769-70c5-497e-8726-19d8f506a3b5/in_use.lock acquired by nodename 6907@pr-hdds-1569-s8kj2-2266485376
2019-09-20 05:50:01,982 [9b918566-8d2f-4f38-9ce1-65f5cd084216-SegmentedRaftLogWorker:Storage Directory /workdir/hadoop-ozone/integration-test/target/test-dir/MiniOzoneClusterImpl-29dd0c8c-da21-41d6-af77-5f0a65600fbb/datanode-0/data/ratis/7f28a5a4-91fe-4f24-8c8a-6f9339ece373] INFO  segmented.SegmentedRaftLogWorker (SegmentedRaftLogWorker.java:execute(569)) - 9b918566-8d2f-4f38-9ce1-65f5cd084216-SegmentedRaftLogWorker:Storage Directory /workdir/hadoop-ozone/integration-test/target/test-dir/MiniOzoneClusterImpl-29dd0c8c-da21-41d6-af77-5f0a65600fbb/datanode-0/data/ratis/7f28a5a4-91fe-4f24-8c8a-6f9339ece373: created new log segment /workdir/hadoop-ozone/integration-test/target/test-dir/MiniOzoneClusterImpl-29dd0c8c-da21-41d6-af77-5f0a65600fbb/datanode-0/data/ratis/7f28a5a4-91fe-4f24-8c8a-6f9339ece373/current/log_inprogress_0
2019-09-20 05:50:01,990 [9b918566-8d2f-4f38-9ce1-65f5cd084216:group-D92AAA6454A1:LeaderElection415] INFO  impl.LeaderElection (LeaderElection.java:askForVotes(181)) - 9b918566-8d2f-4f38-9ce1-65f5cd084216:group-D92AAA6454A1:LeaderElection415: begin an election at term 1 for -1: [9b918566-8d2f-4f38-9ce1-65f5cd084216:192.168.36.79:46843], old=null
2019-09-20 05:50:01,991 [9b918566-8d2f-4f38-9ce1-65f5cd084216:group-D92AAA6454A1:LeaderElection415] INFO  impl.RoleInfo (RoleInfo.java:shutdownLeaderElection(134)) - 9b918566-8d2f-4f38-9ce1-65f5cd084216: shutdown LeaderElection
2019-09-20 05:50:01,991 [9b918566-8d2f-4f38-9ce1-65f5cd084216:group-D92AAA6454A1:LeaderElection415] INFO  impl.RaftServerImpl (RaftServerImpl.java:setRole(171)) - 9b918566-8d2f-4f38-9ce1-65f5cd084216:group-D92AAA6454A1 changes role from CANDIDATE to LEADER at term 1 for changeToLeader
2019-09-20 05:50:01,991 [9b918566-8d2f-4f38-9ce1-65f5cd084216:group-D92AAA6454A1:LeaderElection415] INFO  impl.RaftServerImpl (ServerState.java:setLeader(263)) - 9b918566-8d2f-4f38-9ce1-65f5cd084216:group-D92AAA6454A1 change Leader from null to 9b918566-8d2f-4f38-9ce1-65f5cd084216 at term 1 for becomeLeader, leader elected after 5198ms
2019-09-20 05:50:01,991 [9b918566-8d2f-4f38-9ce1-65f5cd084216:group-D92AAA6454A1:LeaderElection415] INFO  server.RaftServerConfigKeys (ConfUtils.java:logGet(43)) - raft.server.staging.catchup.gap = 1000 (default)
2019-09-20 05:50:01,991 [9b918566-8d2f-4f38-9ce1-65f5cd084216:group-D92AAA6454A1:LeaderElection415] INFO  server.RaftServerConfigKeys (ConfUtils.java:logGet(43)) - raft.server.rpc.sleep.time = 25ms (default)
2019-09-20 05:50:01,991 [9b918566-8d2f-4f38-9ce1-65f5cd084216:group-D92AAA6454A1:LeaderElection415] INFO  server.RaftServerConfigKeys (ConfUtils.java:logGet(43)) - raft.server.write.element-limit = 4096 (default)
2019-09-20 05:50:01,992 [9b918566-8d2f-4f38-9ce1-65f5cd084216:group-D92AAA6454A1:LeaderElection415] INFO  server.RaftServerConfigKeys (ConfUtils.java:logGet(43)) - raft.server.watch.timeout = 10s (default)
2019-09-20 05:50:01,992 [9b918566-8d2f-4f38-9ce1-65f5cd084216:group-D92AAA6454A1:LeaderElection415] INFO  server.RaftServerConfigKeys (ConfUtils.java:logGet(43)) - raft.server.watch.timeout.denomination = 1s (default)
2019-09-20 05:50:01,992 [9b918566-8d2f-4f38-9ce1-65f5cd084216:group-D92AAA6454A1:LeaderElection415] INFO  server.RaftServerConfigKeys (ConfUtils.java:logGet(43)) - raft.server.watch.element-limit = 65536 (default)
2019-09-20 05:50:01,992 [9b918566-8d2f-4f38-9ce1-65f5cd084216:group-D92AAA6454A1:LeaderElection415] INFO  impl.RoleInfo (RoleInfo.java:updateAndGet(143)) - 9b918566-8d2f-4f38-9ce1-65f5cd084216: start LeaderState
2019-09-20 05:50:01,992 [9b918566-8d2f-4f38-9ce1-65f5cd084216:group-D92AAA6454A1:LeaderElection415] INFO  segmented.SegmentedRaftLogWorker (SegmentedRaftLogWorker.java:startLogSegment(380)) - 9b918566-8d2f-4f38-9ce1-65f5cd084216-SegmentedRaftLogWorker:Storage Directory /workdir/hadoop-ozone/integration-test/target/test-dir/MiniOzoneClusterImpl-29dd0c8c-da21-41d6-af77-5f0a65600fbb/datanode-0/data/ratis/5db05aaf-cf5c-4e5c-b0a0-d92aaa6454a1: Starting segment from index:0
2019-09-20 05:50:01,993 [9b918566-8d2f-4f38-9ce1-65f5cd084216:group-D92AAA6454A1:LeaderElection415] INFO  impl.RaftServerImpl (ServerState.java:setRaftConf(361)) - 9b918566-8d2f-4f38-9ce1-65f5cd084216:group-D92AAA6454A1 set configuration 0: [9b918566-8d2f-4f38-9ce1-65f5cd084216:192.168.36.79:46843], old=null at 0
2019-09-20 05:50:01,997 [Thread-3257] INFO  impl.FollowerState (FollowerState.java:run(106)) - 9b918566-8d2f-4f38-9ce1-65f5cd084216:group-0883C08C7564 changes to CANDIDATE, lastRpcTime:5094, electionTimeout:5094ms
2019-09-20 05:50:01,997 [Thread-3257] INFO  impl.RoleInfo (RoleInfo.java:shutdownFollowerState(121)) - 9b918566-8d2f-4f38-9ce1-65f5cd084216: shutdown FollowerState
2019-09-20 05:50:01,997 [Thread-3257] INFO  impl.RaftServerImpl (RaftServerImpl.java:setRole(171)) - 9b918566-8d2f-4f38-9ce1-65f5cd084216:group-0883C08C7564 changes role from FOLLOWER to CANDIDATE at term 0 for changeToCandidate
2019-09-20 05:50:01,997 [Thread-3257] INFO  impl.RoleInfo (RoleInfo.java:updateAndGet(143)) - 9b918566-8d2f-4f38-9ce1-65f5cd084216: start LeaderElection
2019-09-20 05:50:01,999 [9b918566-8d2f-4f38-9ce1-65f5cd084216-SegmentedRaftLogWorker:Storage Directory /workdir/hadoop-ozone/integration-test/target/test-dir/MiniOzoneClusterImpl-29dd0c8c-da21-41d6-af77-5f0a65600fbb/datanode-0/data/ratis/fd69222b-9823-4af9-bc39-d7c9ad3c063a] INFO  segmented.SegmentedRaftLogWorker (SegmentedRaftLogWorker.java:execute(569)) - 9b918566-8d2f-4f38-9ce1-65f5cd084216-SegmentedRaftLogWorker:Storage Directory /workdir/hadoop-ozone/integration-test/target/test-dir/MiniOzoneClusterImpl-29dd0c8c-da21-41d6-af77-5f0a65600fbb/datanode-0/data/ratis/fd69222b-9823-4af9-bc39-d7c9ad3c063a: created new log segment /workdir/hadoop-ozone/integration-test/target/test-dir/MiniOzoneClusterImpl-29dd0c8c-da21-41d6-af77-5f0a65600fbb/datanode-0/data/ratis/fd69222b-9823-4af9-bc39-d7c9ad3c063a/current/log_inprogress_0
2019-09-20 05:50:02,016 [pool-57-thread-1] INFO  storage.RaftStorage (RaftStorage.java:format(72)) - Storage directory /workdir/hadoop-ozone/integration-test/target/test-dir/MiniOzoneClusterImpl-29dd0c8c-da21-41d6-af77-5f0a65600fbb/datanode-0/data/ratis/1c287769-70c5-497e-8726-19d8f506a3b5 has been successfully formatted.
2019-09-20 05:50:02,016 [9b918566-8d2f-4f38-9ce1-65f5cd084216:group-0883C08C7564:LeaderElection416] INFO  impl.LeaderElection (LeaderElection.java:askForVotes(181)) - 9b918566-8d2f-4f38-9ce1-65f5cd084216:group-0883C08C7564:LeaderElection416: begin an election at term 1 for -1: [9b918566-8d2f-4f38-9ce1-65f5cd084216:192.168.36.79:46843], old=null
2019-09-20 05:50:02,016 [pool-57-thread-1] INFO  ratis.ContainerStateMachine (ContainerStateMachine.java:loadSnapshot(226)) - group-19D8F506A3B5: The snapshot info is null. Setting the last applied indexto:(t:0, i:~)
2019-09-20 05:50:02,017 [9b918566-8d2f-4f38-9ce1-65f5cd084216:group-0883C08C7564:LeaderElection416] INFO  impl.RoleInfo (RoleInfo.java:shutdownLeaderElection(134)) - 9b918566-8d2f-4f38-9ce1-65f5cd084216: shutdown LeaderElection
2019-09-20 05:50:02,017 [pool-57-thread-1] INFO  server.RaftServerConfigKeys (ConfUtils.java:logGet(43)) - raft.server.leader.election.timeout = 120s (custom)
2019-09-20 05:50:02,017 [9b918566-8d2f-4f38-9ce1-65f5cd084216:group-0883C08C7564:LeaderElection416] INFO  impl.RaftServerImpl (RaftServerImpl.java:setRole(171)) - 9b918566-8d2f-4f38-9ce1-65f5cd084216:group-0883C08C7564 changes role from CANDIDATE to LEADER at term 1 for changeToLeader
2019-09-20 05:50:02,017 [pool-57-thread-1] INFO  server.RaftServerConfigKeys (ConfUtils.java:logGet(43)) - raft.server.log.use.memory = false (default)
2019-09-20 05:50:02,017 [9b918566-8d2f-4f38-9ce1-65f5cd084216:group-0883C08C7564:LeaderElection416] INFO  impl.RaftServerImpl (ServerState.java:setLeader(263)) - 9b918566-8d2f-4f38-9ce1-65f5cd084216:group-0883C08C7564 change Leader from null to 9b918566-8d2f-4f38-9ce1-65f5cd084216 at term 1 for becomeLeader, leader elected after 5118ms
2019-09-20 05:50:02,017 [pool-57-thread-1] INFO  server.RaftServerConfigKeys (ConfUtils.java:logGet(43)) - raft.server.log.purge.gap = 1000000 (custom)
2019-09-20 05:50:02,017 [9b918566-8d2f-4f38-9ce1-65f5cd084216:group-0883C08C7564:LeaderElection416] INFO  server.RaftServerConfigKeys (ConfUtils.java:logGet(43)) - raft.server.staging.catchup.gap = 1000 (default)
2019-09-20 05:50:02,017 [pool-57-thread-1] INFO  server.RaftServerConfigKeys (ConfUtils.java:logGet(43)) - raft.server.log.appender.buffer.byte-limit = 33554432 (custom)
2019-09-20 05:50:02,018 [9b918566-8d2f-4f38-9ce1-65f5cd084216:group-0883C08C7564:LeaderElection416] INFO  server.RaftServerConfigKeys (ConfUtils.java:logGet(43)) - raft.server.rpc.sleep.time = 25ms (default)
2019-09-20 05:50:02,018 [pool-57-thread-1] INFO  server.RaftServerConfigKeys (ConfUtils.java:logGet(43)) - raft.server.log.segment.size.max = 1048576 (custom)
2019-09-20 05:50:02,018 [9b918566-8d2f-4f38-9ce1-65f5cd084216:group-0883C08C7564:LeaderElection416] INFO  server.RaftServerConfigKeys (ConfUtils.java:logGet(43)) - raft.server.write.element-limit = 4096 (default)
2019-09-20 05:50:02,018 [pool-57-thread-1] INFO  server.RaftServerConfigKeys (ConfUtils.java:logGet(43)) - raft.server.log.segment.cache.num.max = 2 (custom)
2019-09-20 05:50:02,018 [9b918566-8d2f-4f38-9ce1-65f5cd084216:group-0883C08C7564:LeaderElection416] INFO  server.RaftServerConfigKeys (ConfUtils.java:logGet(43)) - raft.server.watch.timeout = 10s (default)
2019-09-20 05:50:02,018 [pool-57-thread-1] INFO  segmented.SegmentedRaftLogWorker (SegmentedRaftLogWorker.java:<init>(172)) - new 9b918566-8d2f-4f38-9ce1-65f5cd084216-SegmentedRaftLogWorker:Storage Directory /workdir/hadoop-ozone/integration-test/target/test-dir/MiniOzoneClusterImpl-29dd0c8c-da21-41d6-af77-5f0a65600fbb/datanode-0/data/ratis/1c287769-70c5-497e-8726-19d8f506a3b5 for RaftStorage:Storage Directory /workdir/hadoop-ozone/integration-test/target/test-dir/MiniOzoneClusterImpl-29dd0c8c-da21-41d6-af77-5f0a65600fbb/datanode-0/data/ratis/1c287769-70c5-497e-8726-19d8f506a3b5
2019-09-20 05:50:02,018 [9b918566-8d2f-4f38-9ce1-65f5cd084216:group-0883C08C7564:LeaderElection416] INFO  server.RaftServerConfigKeys (ConfUtils.java:logGet(43)) - raft.server.watch.timeout.denomination = 1s (default)
2019-09-20 05:50:02,018 [pool-57-thread-1] INFO  server.RaftServerConfigKeys (ConfUtils.java:logGet(43)) - raft.server.log.queue.byte-limit = 2147483647 (custom)
2019-09-20 05:50:02,018 [9b918566-8d2f-4f38-9ce1-65f5cd084216:group-0883C08C7564:LeaderElection416] INFO  server.RaftServerConfigKeys (ConfUtils.java:logGet(43)) - raft.server.watch.element-limit = 65536 (default)
2019-09-20 05:50:02,019 [pool-57-thread-1] INFO  server.RaftServerConfigKeys (ConfUtils.java:logGet(43)) - raft.server.log.queue.element-limit = 1024 (custom)
2019-09-20 05:50:02,019 [9b918566-8d2f-4f38-9ce1-65f5cd084216:group-0883C08C7564:LeaderElection416] INFO  impl.RoleInfo (RoleInfo.java:updateAndGet(143)) - 9b918566-8d2f-4f38-9ce1-65f5cd084216: start LeaderState
2019-09-20 05:50:02,019 [pool-57-thread-1] INFO  server.RaftServerConfigKeys (ConfUtils.java:logGet(43)) - raft.server.log.segment.size.max = 1048576 (custom)
2019-09-20 05:50:02,019 [9b918566-8d2f-4f38-9ce1-65f5cd084216:group-0883C08C7564:LeaderElection416] INFO  segmented.SegmentedRaftLogWorker (SegmentedRaftLogWorker.java:startLogSegment(380)) - 9b918566-8d2f-4f38-9ce1-65f5cd084216-SegmentedRaftLogWorker:Storage Directory /workdir/hadoop-ozone/integration-test/target/test-dir/MiniOzoneClusterImpl-29dd0c8c-da21-41d6-af77-5f0a65600fbb/datanode-0/data/ratis/af2e7370-b6e0-4b92-8990-0883c08c7564: Starting segment from index:0
2019-09-20 05:50:02,019 [pool-57-thread-1] INFO  server.RaftServerConfigKeys (ConfUtils.java:logGet(43)) - raft.server.log.preallocated.size = 16384 (custom)
2019-09-20 05:50:02,019 [pool-57-thread-1] INFO  server.RaftServerConfigKeys (ConfUtils.java:logGet(43)) - raft.server.log.write.buffer.size = 33554432 (custom)
2019-09-20 05:50:02,019 [pool-57-thread-1] INFO  server.RaftServerConfigKeys (ConfUtils.java:logGet(43)) - raft.server.log.force.sync.num = 128 (default)
2019-09-20 05:50:02,019 [9b918566-8d2f-4f38-9ce1-65f5cd084216:group-0883C08C7564:LeaderElection416] INFO  impl.RaftServerImpl (ServerState.java:setRaftConf(361)) - 9b918566-8d2f-4f38-9ce1-65f5cd084216:group-0883C08C7564 set configuration 0: [9b918566-8d2f-4f38-9ce1-65f5cd084216:192.168.36.79:46843], old=null at 0
2019-09-20 05:50:02,020 [pool-57-thread-1] INFO  server.RaftServerConfigKeys (ConfUtils.java:logGet(43)) - raft.server.log.statemachine.data.sync = true (default)
2019-09-20 05:50:02,020 [pool-57-thread-1] INFO  server.RaftServerConfigKeys (ConfUtils.java:logGet(43)) - raft.server.log.statemachine.data.sync.timeout = 10s (default)
2019-09-20 05:50:02,020 [pool-57-thread-1] INFO  server.RaftServerConfigKeys (ConfUtils.java:logGet(43)) - raft.server.log.statemachine.data.sync.timeout.retry = -1 (default)
2019-09-20 05:50:02,020 [pool-57-thread-1] INFO  server.RaftServerConfigKeys (ConfUtils.java:logGet(43)) - raft.server.log.statemachine.data.caching.enabled = true (custom)
2019-09-20 05:50:02,020 [pool-57-thread-1] INFO  segmented.SegmentedRaftLogWorker (SegmentedRaftLogWorker.java:lambda$new$0(132)) - 9b918566-8d2f-4f38-9ce1-65f5cd084216-SegmentedRaftLogWorker:Storage Directory /workdir/hadoop-ozone/integration-test/target/test-dir/MiniOzoneClusterImpl-29dd0c8c-da21-41d6-af77-5f0a65600fbb/datanode-0/data/ratis/1c287769-70c5-497e-8726-19d8f506a3b5: flushIndex: setUnconditionally 0 -> -1
2019-09-20 05:50:02,021 [pool-57-thread-1] INFO  server.RaftServerConfigKeys (ConfUtils.java:logGet(43)) - raft.server.snapshot.auto.trigger.enabled = true (custom)
2019-09-20 05:50:02,021 [pool-57-thread-1] INFO  server.RaftServerConfigKeys (ConfUtils.java:logGet(43)) - raft.server.snapshot.auto.trigger.threshold = 1 (custom)
2019-09-20 05:50:02,021 [pool-57-thread-1] INFO  server.RaftServerConfigKeys (ConfUtils.java:logGet(43)) - raft.server.retrycache.expirytime = 600000ms (custom)
2019-09-20 05:50:02,021 [pool-57-thread-1] INFO  impl.RaftServerImpl (RaftServerImpl.java:start(180)) - 9b918566-8d2f-4f38-9ce1-65f5cd084216: start group-19D8F506A3B5
2019-09-20 05:50:02,021 [pool-57-thread-1] INFO  impl.RaftServerImpl (RaftServerImpl.java:setRole(171)) - 9b918566-8d2f-4f38-9ce1-65f5cd084216:group-19D8F506A3B5 changes role from null to FOLLOWER at term 0 for startAsFollower
2019-09-20 05:50:02,021 [pool-57-thread-1] INFO  impl.RoleInfo (RoleInfo.java:updateAndGet(143)) - 9b918566-8d2f-4f38-9ce1-65f5cd084216: start FollowerState
2019-09-20 05:50:02,022 [pool-57-thread-1] INFO  util.JmxRegister (JmxRegister.java:tryRegister(44)) - Successfully registered JMX Bean with object name Ratis:service=RaftServer,group=group-19D8F506A3B5,id=9b918566-8d2f-4f38-9ce1-65f5cd084216
2019-09-20 05:50:02,023 [RatisPipelineUtilsThread] INFO  pipeline.PipelineStateManager (PipelineStateManager.java:addPipeline(56)) - Created pipeline Pipeline[ Id: 1c287769-70c5-497e-8726-19d8f506a3b5, Nodes: 9b918566-8d2f-4f38-9ce1-65f5cd084216{ip: 192.168.36.79, host: pr-hdds-1569-s8kj2-2266485376, networkLocation: /default-rack, certSerialId: null}, Type:RATIS, Factor:ONE, State:OPEN]
2019-09-20 05:50:02,026 [grpc-default-executor-1] INFO  impl.RaftServerProxy (RaftServerProxy.java:addNew(89)) - 9b918566-8d2f-4f38-9ce1-65f5cd084216: addNew group-356D5AA52196:[9b918566-8d2f-4f38-9ce1-65f5cd084216:192.168.36.79:46843] returns group-356D5AA52196:java.util.concurrent.CompletableFuture@72d7d23b[Not completed]
2019-09-20 05:50:02,027 [pool-57-thread-1] INFO  impl.RaftServerImpl (RaftServerImpl.java:<init>(93)) - 9b918566-8d2f-4f38-9ce1-65f5cd084216: new RaftServerImpl for group-356D5AA52196:[9b918566-8d2f-4f38-9ce1-65f5cd084216:192.168.36.79:46843] with ContainerStateMachine:uninitialized
2019-09-20 05:50:02,027 [pool-57-thread-1] INFO  server.RaftServerConfigKeys (ConfUtils.java:logGet(43)) - raft.server.rpc.timeout.min = 5s (custom)
2019-09-20 05:50:02,027 [pool-57-thread-1] INFO  server.RaftServerConfigKeys (ConfUtils.java:logGet(43)) - raft.server.rpc.timeout.max = 5200ms (custom)
2019-09-20 05:50:02,027 [pool-57-thread-1] INFO  server.RaftServerConfigKeys (ConfUtils.java:logGet(43)) - raft.server.rpcslowness.timeout = 120s (custom)
2019-09-20 05:50:02,027 [pool-57-thread-1] INFO  server.RaftServerConfigKeys (ConfUtils.java:logGet(43)) - raft.server.sleep.deviation.threshold = 300 (default)
2019-09-20 05:50:02,027 [pool-57-thread-1] INFO  server.RaftServerConfigKeys (ConfUtils.java:logGet(43)) - raft.server.log.appender.install.snapshot.enabled = false (custom)
2019-09-20 05:50:02,027 [pool-57-thread-1] INFO  impl.RaftServerImpl (ServerState.java:<init>(105)) - 9b918566-8d2f-4f38-9ce1-65f5cd084216:group-356D5AA52196 ConfigurationManager, init=-1: [9b918566-8d2f-4f38-9ce1-65f5cd084216:192.168.36.79:46843], old=null, confs=<EMPTY_MAP>
2019-09-20 05:50:02,027 [pool-57-thread-1] INFO  server.RaftServerConfigKeys (ConfUtils.java:logGet(43)) - raft.server.storage.dir = [/workdir/hadoop-ozone/integration-test/target/test-dir/MiniOzoneClusterImpl-29dd0c8c-da21-41d6-af77-5f0a65600fbb/datanode-0/data/ratis] (custom)
2019-09-20 05:50:02,028 [pool-57-thread-1] INFO  storage.RaftStorageDirectory (RaftStorageDirectory.java:analyzeStorage(246)) - The storage directory /workdir/hadoop-ozone/integration-test/target/test-dir/MiniOzoneClusterImpl-29dd0c8c-da21-41d6-af77-5f0a65600fbb/datanode-0/data/ratis/ebe4c888-99f4-483d-9cba-356d5aa52196 does not exist. Creating ...
2019-09-20 05:50:02,090 [pool-57-thread-1] INFO  storage.RaftStorageDirectory (RaftStorageDirectory.java:tryLock(328)) - Lock on /workdir/hadoop-ozone/integration-test/target/test-dir/MiniOzoneClusterImpl-29dd0c8c-da21-41d6-af77-5f0a65600fbb/datanode-0/data/ratis/ebe4c888-99f4-483d-9cba-356d5aa52196/in_use.lock acquired by nodename 6907@pr-hdds-1569-s8kj2-2266485376
2019-09-20 05:50:02,090 [9b918566-8d2f-4f38-9ce1-65f5cd084216-SegmentedRaftLogWorker:Storage Directory /workdir/hadoop-ozone/integration-test/target/test-dir/MiniOzoneClusterImpl-29dd0c8c-da21-41d6-af77-5f0a65600fbb/datanode-0/data/ratis/5db05aaf-cf5c-4e5c-b0a0-d92aaa6454a1] INFO  segmented.SegmentedRaftLogWorker (SegmentedRaftLogWorker.java:execute(569)) - 9b918566-8d2f-4f38-9ce1-65f5cd084216-SegmentedRaftLogWorker:Storage Directory /workdir/hadoop-ozone/integration-test/target/test-dir/MiniOzoneClusterImpl-29dd0c8c-da21-41d6-af77-5f0a65600fbb/datanode-0/data/ratis/5db05aaf-cf5c-4e5c-b0a0-d92aaa6454a1: created new log segment /workdir/hadoop-ozone/integration-test/target/test-dir/MiniOzoneClusterImpl-29dd0c8c-da21-41d6-af77-5f0a65600fbb/datanode-0/data/ratis/5db05aaf-cf5c-4e5c-b0a0-d92aaa6454a1/current/log_inprogress_0
2019-09-20 05:50:02,095 | INFO  | SCMAudit | user=jenkins1000 | ip=192.168.36.79 | op=SEND_HEARTBEAT {datanodeUUID=9b918566-8d2f-4f38-9ce1-65f5cd084216, command=[]} | ret=SUCCESS |  
2019-09-20 05:50:02,118 [Thread-3260] INFO  impl.FollowerState (FollowerState.java:run(106)) - 9b918566-8d2f-4f38-9ce1-65f5cd084216:group-1BD78048652F changes to CANDIDATE, lastRpcTime:5161, electionTimeout:5161ms
2019-09-20 05:50:02,119 [Thread-3260] INFO  impl.RoleInfo (RoleInfo.java:shutdownFollowerState(121)) - 9b918566-8d2f-4f38-9ce1-65f5cd084216: shutdown FollowerState
2019-09-20 05:50:02,119 [Thread-3260] INFO  impl.RaftServerImpl (RaftServerImpl.java:setRole(171)) - 9b918566-8d2f-4f38-9ce1-65f5cd084216:group-1BD78048652F changes role from FOLLOWER to CANDIDATE at term 0 for changeToCandidate
2019-09-20 05:50:02,119 [Thread-3260] INFO  impl.RoleInfo (RoleInfo.java:updateAndGet(143)) - 9b918566-8d2f-4f38-9ce1-65f5cd084216: start LeaderElection
2019-09-20 05:50:02,134 [9b918566-8d2f-4f38-9ce1-65f5cd084216-SegmentedRaftLogWorker:Storage Directory /workdir/hadoop-ozone/integration-test/target/test-dir/MiniOzoneClusterImpl-29dd0c8c-da21-41d6-af77-5f0a65600fbb/datanode-0/data/ratis/af2e7370-b6e0-4b92-8990-0883c08c7564] INFO  segmented.SegmentedRaftLogWorker (SegmentedRaftLogWorker.java:execute(569)) - 9b918566-8d2f-4f38-9ce1-65f5cd084216-SegmentedRaftLogWorker:Storage Directory /workdir/hadoop-ozone/integration-test/target/test-dir/MiniOzoneClusterImpl-29dd0c8c-da21-41d6-af77-5f0a65600fbb/datanode-0/data/ratis/af2e7370-b6e0-4b92-8990-0883c08c7564: created new log segment /workdir/hadoop-ozone/integration-test/target/test-dir/MiniOzoneClusterImpl-29dd0c8c-da21-41d6-af77-5f0a65600fbb/datanode-0/data/ratis/af2e7370-b6e0-4b92-8990-0883c08c7564/current/log_inprogress_0
2019-09-20 05:50:02,136 [Thread-3263] INFO  impl.FollowerState (FollowerState.java:run(106)) - 9b918566-8d2f-4f38-9ce1-65f5cd084216:group-9C0E88CA037B changes to CANDIDATE, lastRpcTime:5139, electionTimeout:5139ms
2019-09-20 05:50:02,136 [Thread-3263] INFO  impl.RoleInfo (RoleInfo.java:shutdownFollowerState(121)) - 9b918566-8d2f-4f38-9ce1-65f5cd084216: shutdown FollowerState
2019-09-20 05:50:02,136 [Thread-3263] INFO  impl.RaftServerImpl (RaftServerImpl.java:setRole(171)) - 9b918566-8d2f-4f38-9ce1-65f5cd084216:group-9C0E88CA037B changes role from FOLLOWER to CANDIDATE at term 0 for changeToCandidate
2019-09-20 05:50:02,136 [Thread-3263] INFO  impl.RoleInfo (RoleInfo.java:updateAndGet(143)) - 9b918566-8d2f-4f38-9ce1-65f5cd084216: start LeaderElection
2019-09-20 05:50:02,164 [pool-57-thread-1] INFO  storage.RaftStorage (RaftStorage.java:format(72)) - Storage directory /workdir/hadoop-ozone/integration-test/target/test-dir/MiniOzoneClusterImpl-29dd0c8c-da21-41d6-af77-5f0a65600fbb/datanode-0/data/ratis/ebe4c888-99f4-483d-9cba-356d5aa52196 has been successfully formatted.
2019-09-20 05:50:02,164 [9b918566-8d2f-4f38-9ce1-65f5cd084216:group-1BD78048652F:LeaderElection417] INFO  impl.LeaderElection (LeaderElection.java:askForVotes(181)) - 9b918566-8d2f-4f38-9ce1-65f5cd084216:group-1BD78048652F:LeaderElection417: begin an election at term 1 for -1: [9b918566-8d2f-4f38-9ce1-65f5cd084216:192.168.36.79:46843], old=null
2019-09-20 05:50:02,164 [pool-57-thread-1] INFO  ratis.ContainerStateMachine (ContainerStateMachine.java:loadSnapshot(226)) - group-356D5AA52196: The snapshot info is null. Setting the last applied indexto:(t:0, i:~)
2019-09-20 05:50:02,164 [9b918566-8d2f-4f38-9ce1-65f5cd084216:group-1BD78048652F:LeaderElection417] INFO  impl.RoleInfo (RoleInfo.java:shutdownLeaderElection(134)) - 9b918566-8d2f-4f38-9ce1-65f5cd084216: shutdown LeaderElection
2019-09-20 05:50:02,164 [pool-57-thread-1] INFO  server.RaftServerConfigKeys (ConfUtils.java:logGet(43)) - raft.server.leader.election.timeout = 120s (custom)
2019-09-20 05:50:02,165 [9b918566-8d2f-4f38-9ce1-65f5cd084216:group-1BD78048652F:LeaderElection417] INFO  impl.RaftServerImpl (RaftServerImpl.java:setRole(171)) - 9b918566-8d2f-4f38-9ce1-65f5cd084216:group-1BD78048652F changes role from CANDIDATE to LEADER at term 1 for changeToLeader
2019-09-20 05:50:02,165 [pool-57-thread-1] INFO  server.RaftServerConfigKeys (ConfUtils.java:logGet(43)) - raft.server.log.use.memory = false (default)
2019-09-20 05:50:02,165 [9b918566-8d2f-4f38-9ce1-65f5cd084216:group-1BD78048652F:LeaderElection417] INFO  impl.RaftServerImpl (ServerState.java:setLeader(263)) - 9b918566-8d2f-4f38-9ce1-65f5cd084216:group-1BD78048652F change Leader from null to 9b918566-8d2f-4f38-9ce1-65f5cd084216 at term 1 for becomeLeader, leader elected after 5209ms
2019-09-20 05:50:02,165 [pool-57-thread-1] INFO  server.RaftServerConfigKeys (ConfUtils.java:logGet(43)) - raft.server.log.purge.gap = 1000000 (custom)
2019-09-20 05:50:02,165 [9b918566-8d2f-4f38-9ce1-65f5cd084216:group-1BD78048652F:LeaderElection417] INFO  server.RaftServerConfigKeys (ConfUtils.java:logGet(43)) - raft.server.staging.catchup.gap = 1000 (default)
2019-09-20 05:50:02,165 [pool-57-thread-1] INFO  server.RaftServerConfigKeys (ConfUtils.java:logGet(43)) - raft.server.log.appender.buffer.byte-limit = 33554432 (custom)
2019-09-20 05:50:02,165 [9b918566-8d2f-4f38-9ce1-65f5cd084216:group-1BD78048652F:LeaderElection417] INFO  server.RaftServerConfigKeys (ConfUtils.java:logGet(43)) - raft.server.rpc.sleep.time = 25ms (default)
2019-09-20 05:50:02,165 [pool-57-thread-1] INFO  server.RaftServerConfigKeys (ConfUtils.java:logGet(43)) - raft.server.log.segment.size.max = 1048576 (custom)
2019-09-20 05:50:02,166 [9b918566-8d2f-4f38-9ce1-65f5cd084216:group-1BD78048652F:LeaderElection417] INFO  server.RaftServerConfigKeys (ConfUtils.java:logGet(43)) - raft.server.write.element-limit = 4096 (default)
2019-09-20 05:50:02,166 [pool-57-thread-1] INFO  server.RaftServerConfigKeys (ConfUtils.java:logGet(43)) - raft.server.log.segment.cache.num.max = 2 (custom)
2019-09-20 05:50:02,166 [9b918566-8d2f-4f38-9ce1-65f5cd084216:group-1BD78048652F:LeaderElection417] INFO  server.RaftServerConfigKeys (ConfUtils.java:logGet(43)) - raft.server.watch.timeout = 10s (default)
2019-09-20 05:50:02,166 [pool-57-thread-1] INFO  segmented.SegmentedRaftLogWorker (SegmentedRaftLogWorker.java:<init>(172)) - new 9b918566-8d2f-4f38-9ce1-65f5cd084216-SegmentedRaftLogWorker:Storage Directory /workdir/hadoop-ozone/integration-test/target/test-dir/MiniOzoneClusterImpl-29dd0c8c-da21-41d6-af77-5f0a65600fbb/datanode-0/data/ratis/ebe4c888-99f4-483d-9cba-356d5aa52196 for RaftStorage:Storage Directory /workdir/hadoop-ozone/integration-test/target/test-dir/MiniOzoneClusterImpl-29dd0c8c-da21-41d6-af77-5f0a65600fbb/datanode-0/data/ratis/ebe4c888-99f4-483d-9cba-356d5aa52196
2019-09-20 05:50:02,166 [9b918566-8d2f-4f38-9ce1-65f5cd084216:group-1BD78048652F:LeaderElection417] INFO  server.RaftServerConfigKeys (ConfUtils.java:logGet(43)) - raft.server.watch.timeout.denomination = 1s (default)
2019-09-20 05:50:02,166 [pool-57-thread-1] INFO  server.RaftServerConfigKeys (ConfUtils.java:logGet(43)) - raft.server.log.queue.byte-limit = 2147483647 (custom)
2019-09-20 05:50:02,166 [9b918566-8d2f-4f38-9ce1-65f5cd084216:group-1BD78048652F:LeaderElection417] INFO  server.RaftServerConfigKeys (ConfUtils.java:logGet(43)) - raft.server.watch.element-limit = 65536 (default)
2019-09-20 05:50:02,166 [pool-57-thread-1] INFO  server.RaftServerConfigKeys (ConfUtils.java:logGet(43)) - raft.server.log.queue.element-limit = 1024 (custom)
2019-09-20 05:50:02,166 [9b918566-8d2f-4f38-9ce1-65f5cd084216:group-1BD78048652F:LeaderElection417] INFO  impl.RoleInfo (RoleInfo.java:updateAndGet(143)) - 9b918566-8d2f-4f38-9ce1-65f5cd084216: start LeaderState
2019-09-20 05:50:02,166 [pool-57-thread-1] INFO  server.RaftServerConfigKeys (ConfUtils.java:logGet(43)) - raft.server.log.segment.size.max = 1048576 (custom)
2019-09-20 05:50:02,166 [9b918566-8d2f-4f38-9ce1-65f5cd084216:group-1BD78048652F:LeaderElection417] INFO  segmented.SegmentedRaftLogWorker (SegmentedRaftLogWorker.java:startLogSegment(380)) - 9b918566-8d2f-4f38-9ce1-65f5cd084216-SegmentedRaftLogWorker:Storage Directory /workdir/hadoop-ozone/integration-test/target/test-dir/MiniOzoneClusterImpl-29dd0c8c-da21-41d6-af77-5f0a65600fbb/datanode-0/data/ratis/b4d9f047-3e65-4635-9a27-1bd78048652f: Starting segment from index:0
2019-09-20 05:50:02,166 [pool-57-thread-1] INFO  server.RaftServerConfigKeys (ConfUtils.java:logGet(43)) - raft.server.log.preallocated.size = 16384 (custom)
2019-09-20 05:50:02,167 [pool-57-thread-1] INFO  server.RaftServerConfigKeys (ConfUtils.java:logGet(43)) - raft.server.log.write.buffer.size = 33554432 (custom)
2019-09-20 05:50:02,167 [pool-57-thread-1] INFO  server.RaftServerConfigKeys (ConfUtils.java:logGet(43)) - raft.server.log.force.sync.num = 128 (default)
2019-09-20 05:50:02,167 [9b918566-8d2f-4f38-9ce1-65f5cd084216:group-1BD78048652F:LeaderElection417] INFO  impl.RaftServerImpl (ServerState.java:setRaftConf(361)) - 9b918566-8d2f-4f38-9ce1-65f5cd084216:group-1BD78048652F set configuration 0: [9b918566-8d2f-4f38-9ce1-65f5cd084216:192.168.36.79:46843], old=null at 0
2019-09-20 05:50:02,167 [pool-57-thread-1] INFO  server.RaftServerConfigKeys (ConfUtils.java:logGet(43)) - raft.server.log.statemachine.data.sync = true (default)
2019-09-20 05:50:02,167 [pool-57-thread-1] INFO  server.RaftServerConfigKeys (ConfUtils.java:logGet(43)) - raft.server.log.statemachine.data.sync.timeout = 10s (default)
2019-09-20 05:50:02,167 [pool-57-thread-1] INFO  server.RaftServerConfigKeys (ConfUtils.java:logGet(43)) - raft.server.log.statemachine.data.sync.timeout.retry = -1 (default)
2019-09-20 05:50:02,167 [pool-57-thread-1] INFO  server.RaftServerConfigKeys (ConfUtils.java:logGet(43)) - raft.server.log.statemachine.data.caching.enabled = true (custom)
2019-09-20 05:50:02,168 [pool-57-thread-1] INFO  segmented.SegmentedRaftLogWorker (SegmentedRaftLogWorker.java:lambda$new$0(132)) - 9b918566-8d2f-4f38-9ce1-65f5cd084216-SegmentedRaftLogWorker:Storage Directory /workdir/hadoop-ozone/integration-test/target/test-dir/MiniOzoneClusterImpl-29dd0c8c-da21-41d6-af77-5f0a65600fbb/datanode-0/data/ratis/ebe4c888-99f4-483d-9cba-356d5aa52196: flushIndex: setUnconditionally 0 -> -1
2019-09-20 05:50:02,168 [pool-57-thread-1] INFO  server.RaftServerConfigKeys (ConfUtils.java:logGet(43)) - raft.server.snapshot.auto.trigger.enabled = true (custom)
2019-09-20 05:50:02,168 [pool-57-thread-1] INFO  server.RaftServerConfigKeys (ConfUtils.java:logGet(43)) - raft.server.snapshot.auto.trigger.threshold = 1 (custom)
2019-09-20 05:50:02,168 [pool-57-thread-1] INFO  server.RaftServerConfigKeys (ConfUtils.java:logGet(43)) - raft.server.retrycache.expirytime = 600000ms (custom)
2019-09-20 05:50:02,168 [pool-57-thread-1] INFO  impl.RaftServerImpl (RaftServerImpl.java:start(180)) - 9b918566-8d2f-4f38-9ce1-65f5cd084216: start group-356D5AA52196
2019-09-20 05:50:02,168 [pool-57-thread-1] INFO  impl.RaftServerImpl (RaftServerImpl.java:setRole(171)) - 9b918566-8d2f-4f38-9ce1-65f5cd084216:group-356D5AA52196 changes role from null to FOLLOWER at term 0 for startAsFollower
2019-09-20 05:50:02,168 [pool-57-thread-1] INFO  impl.RoleInfo (RoleInfo.java:updateAndGet(143)) - 9b918566-8d2f-4f38-9ce1-65f5cd084216: start FollowerState
2019-09-20 05:50:02,169 [pool-57-thread-1] INFO  util.JmxRegister (JmxRegister.java:tryRegister(44)) - Successfully registered JMX Bean with object name Ratis:service=RaftServer,group=group-356D5AA52196,id=9b918566-8d2f-4f38-9ce1-65f5cd084216
2019-09-20 05:50:02,170 [RatisPipelineUtilsThread] INFO  pipeline.PipelineStateManager (PipelineStateManager.java:addPipeline(56)) - Created pipeline Pipeline[ Id: ebe4c888-99f4-483d-9cba-356d5aa52196, Nodes: 9b918566-8d2f-4f38-9ce1-65f5cd084216{ip: 192.168.36.79, host: pr-hdds-1569-s8kj2-2266485376, networkLocation: /default-rack, certSerialId: null}, Type:RATIS, Factor:ONE, State:OPEN]
2019-09-20 05:50:02,173 [grpc-default-executor-1] INFO  impl.RaftServerProxy (RaftServerProxy.java:addNew(89)) - 9b918566-8d2f-4f38-9ce1-65f5cd084216: addNew group-2451DD07C4FA:[9b918566-8d2f-4f38-9ce1-65f5cd084216:192.168.36.79:46843] returns group-2451DD07C4FA:java.util.concurrent.CompletableFuture@738c7c9[Not completed]
2019-09-20 05:50:02,174 [pool-57-thread-1] INFO  impl.RaftServerImpl (RaftServerImpl.java:<init>(93)) - 9b918566-8d2f-4f38-9ce1-65f5cd084216: new RaftServerImpl for group-2451DD07C4FA:[9b918566-8d2f-4f38-9ce1-65f5cd084216:192.168.36.79:46843] with ContainerStateMachine:uninitialized
2019-09-20 05:50:02,174 [pool-57-thread-1] INFO  server.RaftServerConfigKeys (ConfUtils.java:logGet(43)) - raft.server.rpc.timeout.min = 5s (custom)
2019-09-20 05:50:02,174 [pool-57-thread-1] INFO  server.RaftServerConfigKeys (ConfUtils.java:logGet(43)) - raft.server.rpc.timeout.max = 5200ms (custom)
2019-09-20 05:50:02,174 [pool-57-thread-1] INFO  server.RaftServerConfigKeys (ConfUtils.java:logGet(43)) - raft.server.rpcslowness.timeout = 120s (custom)
2019-09-20 05:50:02,175 [pool-57-thread-1] INFO  server.RaftServerConfigKeys (ConfUtils.java:logGet(43)) - raft.server.sleep.deviation.threshold = 300 (default)
2019-09-20 05:50:02,175 [pool-57-thread-1] INFO  server.RaftServerConfigKeys (ConfUtils.java:logGet(43)) - raft.server.log.appender.install.snapshot.enabled = false (custom)
2019-09-20 05:50:02,175 [pool-57-thread-1] INFO  impl.RaftServerImpl (ServerState.java:<init>(105)) - 9b918566-8d2f-4f38-9ce1-65f5cd084216:group-2451DD07C4FA ConfigurationManager, init=-1: [9b918566-8d2f-4f38-9ce1-65f5cd084216:192.168.36.79:46843], old=null, confs=<EMPTY_MAP>
2019-09-20 05:50:02,175 [pool-57-thread-1] INFO  server.RaftServerConfigKeys (ConfUtils.java:logGet(43)) - raft.server.storage.dir = [/workdir/hadoop-ozone/integration-test/target/test-dir/MiniOzoneClusterImpl-29dd0c8c-da21-41d6-af77-5f0a65600fbb/datanode-0/data/ratis] (custom)
2019-09-20 05:50:02,176 [pool-57-thread-1] INFO  storage.RaftStorageDirectory (RaftStorageDirectory.java:analyzeStorage(246)) - The storage directory /workdir/hadoop-ozone/integration-test/target/test-dir/MiniOzoneClusterImpl-29dd0c8c-da21-41d6-af77-5f0a65600fbb/datanode-0/data/ratis/90892a34-6097-49df-bc8a-2451dd07c4fa does not exist. Creating ...
2019-09-20 05:50:02,201 [9b918566-8d2f-4f38-9ce1-65f5cd084216:group-9C0E88CA037B:LeaderElection418] INFO  impl.LeaderElection (LeaderElection.java:askForVotes(181)) - 9b918566-8d2f-4f38-9ce1-65f5cd084216:group-9C0E88CA037B:LeaderElection418: begin an election at term 1 for -1: [9b918566-8d2f-4f38-9ce1-65f5cd084216:192.168.36.79:46843], old=null
2019-09-20 05:50:02,201 [9b918566-8d2f-4f38-9ce1-65f5cd084216:group-9C0E88CA037B:LeaderElection418] INFO  impl.RoleInfo (RoleInfo.java:shutdownLeaderElection(134)) - 9b918566-8d2f-4f38-9ce1-65f5cd084216: shutdown LeaderElection
2019-09-20 05:50:02,201 [9b918566-8d2f-4f38-9ce1-65f5cd084216:group-9C0E88CA037B:LeaderElection418] INFO  impl.RaftServerImpl (RaftServerImpl.java:setRole(171)) - 9b918566-8d2f-4f38-9ce1-65f5cd084216:group-9C0E88CA037B changes role from CANDIDATE to LEADER at term 1 for changeToLeader
2019-09-20 05:50:02,201 [9b918566-8d2f-4f38-9ce1-65f5cd084216:group-9C0E88CA037B:LeaderElection418] INFO  impl.RaftServerImpl (ServerState.java:setLeader(263)) - 9b918566-8d2f-4f38-9ce1-65f5cd084216:group-9C0E88CA037B change Leader from null to 9b918566-8d2f-4f38-9ce1-65f5cd084216 at term 1 for becomeLeader, leader elected after 5207ms
2019-09-20 05:50:02,202 [9b918566-8d2f-4f38-9ce1-65f5cd084216:group-9C0E88CA037B:LeaderElection418] INFO  server.RaftServerConfigKeys (ConfUtils.java:logGet(43)) - raft.server.staging.catchup.gap = 1000 (default)
2019-09-20 05:50:02,202 [9b918566-8d2f-4f38-9ce1-65f5cd084216:group-9C0E88CA037B:LeaderElection418] INFO  server.RaftServerConfigKeys (ConfUtils.java:logGet(43)) - raft.server.rpc.sleep.time = 25ms (default)
2019-09-20 05:50:02,202 [9b918566-8d2f-4f38-9ce1-65f5cd084216:group-9C0E88CA037B:LeaderElection418] INFO  server.RaftServerConfigKeys (ConfUtils.java:logGet(43)) - raft.server.write.element-limit = 4096 (default)
2019-09-20 05:50:02,202 [9b918566-8d2f-4f38-9ce1-65f5cd084216:group-9C0E88CA037B:LeaderElection418] INFO  server.RaftServerConfigKeys (ConfUtils.java:logGet(43)) - raft.server.watch.timeout = 10s (default)
2019-09-20 05:50:02,202 [9b918566-8d2f-4f38-9ce1-65f5cd084216:group-9C0E88CA037B:LeaderElection418] INFO  server.RaftServerConfigKeys (ConfUtils.java:logGet(43)) - raft.server.watch.timeout.denomination = 1s (default)
2019-09-20 05:50:02,202 [9b918566-8d2f-4f38-9ce1-65f5cd084216:group-9C0E88CA037B:LeaderElection418] INFO  server.RaftServerConfigKeys (ConfUtils.java:logGet(43)) - raft.server.watch.element-limit = 65536 (default)
2019-09-20 05:50:02,203 [9b918566-8d2f-4f38-9ce1-65f5cd084216:group-9C0E88CA037B:LeaderElection418] INFO  impl.RoleInfo (RoleInfo.java:updateAndGet(143)) - 9b918566-8d2f-4f38-9ce1-65f5cd084216: start LeaderState
2019-09-20 05:50:02,203 [9b918566-8d2f-4f38-9ce1-65f5cd084216:group-9C0E88CA037B:LeaderElection418] INFO  segmented.SegmentedRaftLogWorker (SegmentedRaftLogWorker.java:startLogSegment(380)) - 9b918566-8d2f-4f38-9ce1-65f5cd084216-SegmentedRaftLogWorker:Storage Directory /workdir/hadoop-ozone/integration-test/target/test-dir/MiniOzoneClusterImpl-29dd0c8c-da21-41d6-af77-5f0a65600fbb/datanode-0/data/ratis/bd32e54c-a199-4f69-b253-9c0e88ca037b: Starting segment from index:0
2019-09-20 05:50:02,203 [9b918566-8d2f-4f38-9ce1-65f5cd084216:group-9C0E88CA037B:LeaderElection418] INFO  impl.RaftServerImpl (ServerState.java:setRaftConf(361)) - 9b918566-8d2f-4f38-9ce1-65f5cd084216:group-9C0E88CA037B set configuration 0: [9b918566-8d2f-4f38-9ce1-65f5cd084216:192.168.36.79:46843], old=null at 0
2019-09-20 05:50:02,209 [Thread-3266] INFO  impl.FollowerState (FollowerState.java:run(106)) - 9b918566-8d2f-4f38-9ce1-65f5cd084216:group-411864D226A5 changes to CANDIDATE, lastRpcTime:5116, electionTimeout:5116ms
2019-09-20 05:50:02,209 [Thread-3266] INFO  impl.RoleInfo (RoleInfo.java:shutdownFollowerState(121)) - 9b918566-8d2f-4f38-9ce1-65f5cd084216: shutdown FollowerState
2019-09-20 05:50:02,209 [Thread-3266] INFO  impl.RaftServerImpl (RaftServerImpl.java:setRole(171)) - 9b918566-8d2f-4f38-9ce1-65f5cd084216:group-411864D226A5 changes role from FOLLOWER to CANDIDATE at term 0 for changeToCandidate
2019-09-20 05:50:02,209 [Thread-3266] INFO  impl.RoleInfo (RoleInfo.java:updateAndGet(143)) - 9b918566-8d2f-4f38-9ce1-65f5cd084216: start LeaderElection
2019-09-20 05:50:02,242 [pool-57-thread-1] INFO  storage.RaftStorageDirectory (RaftStorageDirectory.java:tryLock(328)) - Lock on /workdir/hadoop-ozone/integration-test/target/test-dir/MiniOzoneClusterImpl-29dd0c8c-da21-41d6-af77-5f0a65600fbb/datanode-0/data/ratis/90892a34-6097-49df-bc8a-2451dd07c4fa/in_use.lock acquired by nodename 6907@pr-hdds-1569-s8kj2-2266485376
2019-09-20 05:50:02,242 [9b918566-8d2f-4f38-9ce1-65f5cd084216-SegmentedRaftLogWorker:Storage Directory /workdir/hadoop-ozone/integration-test/target/test-dir/MiniOzoneClusterImpl-29dd0c8c-da21-41d6-af77-5f0a65600fbb/datanode-0/data/ratis/b4d9f047-3e65-4635-9a27-1bd78048652f] INFO  segmented.SegmentedRaftLogWorker (SegmentedRaftLogWorker.java:execute(569)) - 9b918566-8d2f-4f38-9ce1-65f5cd084216-SegmentedRaftLogWorker:Storage Directory /workdir/hadoop-ozone/integration-test/target/test-dir/MiniOzoneClusterImpl-29dd0c8c-da21-41d6-af77-5f0a65600fbb/datanode-0/data/ratis/b4d9f047-3e65-4635-9a27-1bd78048652f: created new log segment /workdir/hadoop-ozone/integration-test/target/test-dir/MiniOzoneClusterImpl-29dd0c8c-da21-41d6-af77-5f0a65600fbb/datanode-0/data/ratis/b4d9f047-3e65-4635-9a27-1bd78048652f/current/log_inprogress_0
2019-09-20 05:50:02,275 [9b918566-8d2f-4f38-9ce1-65f5cd084216-SegmentedRaftLogWorker:Storage Directory /workdir/hadoop-ozone/integration-test/target/test-dir/MiniOzoneClusterImpl-29dd0c8c-da21-41d6-af77-5f0a65600fbb/datanode-0/data/ratis/bd32e54c-a199-4f69-b253-9c0e88ca037b] INFO  segmented.SegmentedRaftLogWorker (SegmentedRaftLogWorker.java:execute(569)) - 9b918566-8d2f-4f38-9ce1-65f5cd084216-SegmentedRaftLogWorker:Storage Directory /workdir/hadoop-ozone/integration-test/target/test-dir/MiniOzoneClusterImpl-29dd0c8c-da21-41d6-af77-5f0a65600fbb/datanode-0/data/ratis/bd32e54c-a199-4f69-b253-9c0e88ca037b: created new log segment /workdir/hadoop-ozone/integration-test/target/test-dir/MiniOzoneClusterImpl-29dd0c8c-da21-41d6-af77-5f0a65600fbb/datanode-0/data/ratis/bd32e54c-a199-4f69-b253-9c0e88ca037b/current/log_inprogress_0
2019-09-20 05:50:02,294 | INFO  | SCMAudit | user=jenkins1000 | ip=192.168.36.79 | op=SEND_HEARTBEAT {datanodeUUID=9b918566-8d2f-4f38-9ce1-65f5cd084216, command=[]} | ret=SUCCESS |  
2019-09-20 05:50:02,297 [9b918566-8d2f-4f38-9ce1-65f5cd084216:group-411864D226A5:LeaderElection419] INFO  impl.LeaderElection (LeaderElection.java:askForVotes(181)) - 9b918566-8d2f-4f38-9ce1-65f5cd084216:group-411864D226A5:LeaderElection419: begin an election at term 1 for -1: [9b918566-8d2f-4f38-9ce1-65f5cd084216:192.168.36.79:46843], old=null
2019-09-20 05:50:02,297 [9b918566-8d2f-4f38-9ce1-65f5cd084216:group-411864D226A5:LeaderElection419] INFO  impl.RoleInfo (RoleInfo.java:shutdownLeaderElection(134)) - 9b918566-8d2f-4f38-9ce1-65f5cd084216: shutdown LeaderElection
2019-09-20 05:50:02,297 [9b918566-8d2f-4f38-9ce1-65f5cd084216:group-411864D226A5:LeaderElection419] INFO  impl.RaftServerImpl (RaftServerImpl.java:setRole(171)) - 9b918566-8d2f-4f38-9ce1-65f5cd084216:group-411864D226A5 changes role from CANDIDATE to LEADER at term 1 for changeToLeader
2019-09-20 05:50:02,297 [9b918566-8d2f-4f38-9ce1-65f5cd084216:group-411864D226A5:LeaderElection419] INFO  impl.RaftServerImpl (ServerState.java:setLeader(263)) - 9b918566-8d2f-4f38-9ce1-65f5cd084216:group-411864D226A5 change Leader from null to 9b918566-8d2f-4f38-9ce1-65f5cd084216 at term 1 for becomeLeader, leader elected after 5208ms
2019-09-20 05:50:02,297 [9b918566-8d2f-4f38-9ce1-65f5cd084216:group-411864D226A5:LeaderElection419] INFO  server.RaftServerConfigKeys (ConfUtils.java:logGet(43)) - raft.server.staging.catchup.gap = 1000 (default)
2019-09-20 05:50:02,297 [9b918566-8d2f-4f38-9ce1-65f5cd084216:group-411864D226A5:LeaderElection419] INFO  server.RaftServerConfigKeys (ConfUtils.java:logGet(43)) - raft.server.rpc.sleep.time = 25ms (default)
2019-09-20 05:50:02,298 [9b918566-8d2f-4f38-9ce1-65f5cd084216:group-411864D226A5:LeaderElection419] INFO  server.RaftServerConfigKeys (ConfUtils.java:logGet(43)) - raft.server.write.element-limit = 4096 (default)
2019-09-20 05:50:02,298 [9b918566-8d2f-4f38-9ce1-65f5cd084216:group-411864D226A5:LeaderElection419] INFO  server.RaftServerConfigKeys (ConfUtils.java:logGet(43)) - raft.server.watch.timeout = 10s (default)
2019-09-20 05:50:02,298 [9b918566-8d2f-4f38-9ce1-65f5cd084216:group-411864D226A5:LeaderElection419] INFO  server.RaftServerConfigKeys (ConfUtils.java:logGet(43)) - raft.server.watch.timeout.denomination = 1s (default)
2019-09-20 05:50:02,298 [9b918566-8d2f-4f38-9ce1-65f5cd084216:group-411864D226A5:LeaderElection419] INFO  server.RaftServerConfigKeys (ConfUtils.java:logGet(43)) - raft.server.watch.element-limit = 65536 (default)
2019-09-20 05:50:02,298 [9b918566-8d2f-4f38-9ce1-65f5cd084216:group-411864D226A5:LeaderElection419] INFO  impl.RoleInfo (RoleInfo.java:updateAndGet(143)) - 9b918566-8d2f-4f38-9ce1-65f5cd084216: start LeaderState
2019-09-20 05:50:02,298 [9b918566-8d2f-4f38-9ce1-65f5cd084216:group-411864D226A5:LeaderElection419] INFO  segmented.SegmentedRaftLogWorker (SegmentedRaftLogWorker.java:startLogSegment(380)) - 9b918566-8d2f-4f38-9ce1-65f5cd084216-SegmentedRaftLogWorker:Storage Directory /workdir/hadoop-ozone/integration-test/target/test-dir/MiniOzoneClusterImpl-29dd0c8c-da21-41d6-af77-5f0a65600fbb/datanode-0/data/ratis/0348ebd0-7307-491b-bc6d-411864d226a5: Starting segment from index:0
2019-09-20 05:50:02,299 [9b918566-8d2f-4f38-9ce1-65f5cd084216:group-411864D226A5:LeaderElection419] INFO  impl.RaftServerImpl (ServerState.java:setRaftConf(361)) - 9b918566-8d2f-4f38-9ce1-65f5cd084216:group-411864D226A5 set configuration 0: [9b918566-8d2f-4f38-9ce1-65f5cd084216:192.168.36.79:46843], old=null at 0
2019-09-20 05:50:02,307 [pool-57-thread-1] INFO  storage.RaftStorage (RaftStorage.java:format(72)) - Storage directory /workdir/hadoop-ozone/integration-test/target/test-dir/MiniOzoneClusterImpl-29dd0c8c-da21-41d6-af77-5f0a65600fbb/datanode-0/data/ratis/90892a34-6097-49df-bc8a-2451dd07c4fa has been successfully formatted.
2019-09-20 05:50:02,308 [pool-57-thread-1] INFO  ratis.ContainerStateMachine (ContainerStateMachine.java:loadSnapshot(226)) - group-2451DD07C4FA: The snapshot info is null. Setting the last applied indexto:(t:0, i:~)
2019-09-20 05:50:02,308 [pool-57-thread-1] INFO  server.RaftServerConfigKeys (ConfUtils.java:logGet(43)) - raft.server.leader.election.timeout = 120s (custom)
2019-09-20 05:50:02,308 [pool-57-thread-1] INFO  server.RaftServerConfigKeys (ConfUtils.java:logGet(43)) - raft.server.log.use.memory = false (default)
2019-09-20 05:50:02,308 [pool-57-thread-1] INFO  server.RaftServerConfigKeys (ConfUtils.java:logGet(43)) - raft.server.log.purge.gap = 1000000 (custom)
2019-09-20 05:50:02,308 [pool-57-thread-1] INFO  server.RaftServerConfigKeys (ConfUtils.java:logGet(43)) - raft.server.log.appender.buffer.byte-limit = 33554432 (custom)
2019-09-20 05:50:02,308 [pool-57-thread-1] INFO  server.RaftServerConfigKeys (ConfUtils.java:logGet(43)) - raft.server.log.segment.size.max = 1048576 (custom)
2019-09-20 05:50:02,308 [pool-57-thread-1] INFO  server.RaftServerConfigKeys (ConfUtils.java:logGet(43)) - raft.server.log.segment.cache.num.max = 2 (custom)
2019-09-20 05:50:02,308 [pool-57-thread-1] INFO  segmented.SegmentedRaftLogWorker (SegmentedRaftLogWorker.java:<init>(172)) - new 9b918566-8d2f-4f38-9ce1-65f5cd084216-SegmentedRaftLogWorker:Storage Directory /workdir/hadoop-ozone/integration-test/target/test-dir/MiniOzoneClusterImpl-29dd0c8c-da21-41d6-af77-5f0a65600fbb/datanode-0/data/ratis/90892a34-6097-49df-bc8a-2451dd07c4fa for RaftStorage:Storage Directory /workdir/hadoop-ozone/integration-test/target/test-dir/MiniOzoneClusterImpl-29dd0c8c-da21-41d6-af77-5f0a65600fbb/datanode-0/data/ratis/90892a34-6097-49df-bc8a-2451dd07c4fa
2019-09-20 05:50:02,308 [pool-57-thread-1] INFO  server.RaftServerConfigKeys (ConfUtils.java:logGet(43)) - raft.server.log.queue.byte-limit = 2147483647 (custom)
2019-09-20 05:50:02,308 [pool-57-thread-1] INFO  server.RaftServerConfigKeys (ConfUtils.java:logGet(43)) - raft.server.log.queue.element-limit = 1024 (custom)
2019-09-20 05:50:02,309 [pool-57-thread-1] INFO  server.RaftServerConfigKeys (ConfUtils.java:logGet(43)) - raft.server.log.segment.size.max = 1048576 (custom)
2019-09-20 05:50:02,309 [pool-57-thread-1] INFO  server.RaftServerConfigKeys (ConfUtils.java:logGet(43)) - raft.server.log.preallocated.size = 16384 (custom)
2019-09-20 05:50:02,309 [pool-57-thread-1] INFO  server.RaftServerConfigKeys (ConfUtils.java:logGet(43)) - raft.server.log.write.buffer.size = 33554432 (custom)
2019-09-20 05:50:02,309 [pool-57-thread-1] INFO  server.RaftServerConfigKeys (ConfUtils.java:logGet(43)) - raft.server.log.force.sync.num = 128 (default)
2019-09-20 05:50:02,309 [pool-57-thread-1] INFO  server.RaftServerConfigKeys (ConfUtils.java:logGet(43)) - raft.server.log.statemachine.data.sync = true (default)
2019-09-20 05:50:02,309 [pool-57-thread-1] INFO  server.RaftServerConfigKeys (ConfUtils.java:logGet(43)) - raft.server.log.statemachine.data.sync.timeout = 10s (default)
2019-09-20 05:50:02,309 [pool-57-thread-1] INFO  server.RaftServerConfigKeys (ConfUtils.java:logGet(43)) - raft.server.log.statemachine.data.sync.timeout.retry = -1 (default)
2019-09-20 05:50:02,309 [pool-57-thread-1] INFO  server.RaftServerConfigKeys (ConfUtils.java:logGet(43)) - raft.server.log.statemachine.data.caching.enabled = true (custom)
2019-09-20 05:50:02,309 [pool-57-thread-1] INFO  segmented.SegmentedRaftLogWorker (SegmentedRaftLogWorker.java:lambda$new$0(132)) - 9b918566-8d2f-4f38-9ce1-65f5cd084216-SegmentedRaftLogWorker:Storage Directory /workdir/hadoop-ozone/integration-test/target/test-dir/MiniOzoneClusterImpl-29dd0c8c-da21-41d6-af77-5f0a65600fbb/datanode-0/data/ratis/90892a34-6097-49df-bc8a-2451dd07c4fa: flushIndex: setUnconditionally 0 -> -1
2019-09-20 05:50:02,310 [pool-57-thread-1] INFO  server.RaftServerConfigKeys (ConfUtils.java:logGet(43)) - raft.server.snapshot.auto.trigger.enabled = true (custom)
2019-09-20 05:50:02,310 [pool-57-thread-1] INFO  server.RaftServerConfigKeys (ConfUtils.java:logGet(43)) - raft.server.snapshot.auto.trigger.threshold = 1 (custom)
2019-09-20 05:50:02,310 [pool-57-thread-1] INFO  server.RaftServerConfigKeys (ConfUtils.java:logGet(43)) - raft.server.retrycache.expirytime = 600000ms (custom)
2019-09-20 05:50:02,310 [pool-57-thread-1] INFO  impl.RaftServerImpl (RaftServerImpl.java:start(180)) - 9b918566-8d2f-4f38-9ce1-65f5cd084216: start group-2451DD07C4FA
2019-09-20 05:50:02,310 [pool-57-thread-1] INFO  impl.RaftServerImpl (RaftServerImpl.java:setRole(171)) - 9b918566-8d2f-4f38-9ce1-65f5cd084216:group-2451DD07C4FA changes role from null to FOLLOWER at term 0 for startAsFollower
2019-09-20 05:50:02,310 [pool-57-thread-1] INFO  impl.RoleInfo (RoleInfo.java:updateAndGet(143)) - 9b918566-8d2f-4f38-9ce1-65f5cd084216: start FollowerState
2019-09-20 05:50:02,310 [pool-57-thread-1] INFO  util.JmxRegister (JmxRegister.java:tryRegister(44)) - Successfully registered JMX Bean with object name Ratis:service=RaftServer,group=group-2451DD07C4FA,id=9b918566-8d2f-4f38-9ce1-65f5cd084216
2019-09-20 05:50:02,312 [RatisPipelineUtilsThread] INFO  pipeline.PipelineStateManager (PipelineStateManager.java:addPipeline(56)) - Created pipeline Pipeline[ Id: 90892a34-6097-49df-bc8a-2451dd07c4fa, Nodes: 9b918566-8d2f-4f38-9ce1-65f5cd084216{ip: 192.168.36.79, host: pr-hdds-1569-s8kj2-2266485376, networkLocation: /default-rack, certSerialId: null}, Type:RATIS, Factor:ONE, State:OPEN]
2019-09-20 05:50:02,315 [grpc-default-executor-1] INFO  impl.RaftServerProxy (RaftServerProxy.java:addNew(89)) - 9b918566-8d2f-4f38-9ce1-65f5cd084216: addNew group-B4FA85BABDFE:[9b918566-8d2f-4f38-9ce1-65f5cd084216:192.168.36.79:46843] returns group-B4FA85BABDFE:java.util.concurrent.CompletableFuture@6b384467[Not completed]
2019-09-20 05:50:02,316 [pool-57-thread-1] INFO  impl.RaftServerImpl (RaftServerImpl.java:<init>(93)) - 9b918566-8d2f-4f38-9ce1-65f5cd084216: new RaftServerImpl for group-B4FA85BABDFE:[9b918566-8d2f-4f38-9ce1-65f5cd084216:192.168.36.79:46843] with ContainerStateMachine:uninitialized
2019-09-20 05:50:02,316 [pool-57-thread-1] INFO  server.RaftServerConfigKeys (ConfUtils.java:logGet(43)) - raft.server.rpc.timeout.min = 5s (custom)
2019-09-20 05:50:02,316 [pool-57-thread-1] INFO  server.RaftServerConfigKeys (ConfUtils.java:logGet(43)) - raft.server.rpc.timeout.max = 5200ms (custom)
2019-09-20 05:50:02,316 [pool-57-thread-1] INFO  server.RaftServerConfigKeys (ConfUtils.java:logGet(43)) - raft.server.rpcslowness.timeout = 120s (custom)
2019-09-20 05:50:02,316 [pool-57-thread-1] INFO  server.RaftServerConfigKeys (ConfUtils.java:logGet(43)) - raft.server.sleep.deviation.threshold = 300 (default)
2019-09-20 05:50:02,316 [pool-57-thread-1] INFO  server.RaftServerConfigKeys (ConfUtils.java:logGet(43)) - raft.server.log.appender.install.snapshot.enabled = false (custom)
2019-09-20 05:50:02,316 [pool-57-thread-1] INFO  impl.RaftServerImpl (ServerState.java:<init>(105)) - 9b918566-8d2f-4f38-9ce1-65f5cd084216:group-B4FA85BABDFE ConfigurationManager, init=-1: [9b918566-8d2f-4f38-9ce1-65f5cd084216:192.168.36.79:46843], old=null, confs=<EMPTY_MAP>
2019-09-20 05:50:02,316 [pool-57-thread-1] INFO  server.RaftServerConfigKeys (ConfUtils.java:logGet(43)) - raft.server.storage.dir = [/workdir/hadoop-ozone/integration-test/target/test-dir/MiniOzoneClusterImpl-29dd0c8c-da21-41d6-af77-5f0a65600fbb/datanode-0/data/ratis] (custom)
2019-09-20 05:50:02,317 [pool-57-thread-1] INFO  storage.RaftStorageDirectory (RaftStorageDirectory.java:analyzeStorage(246)) - The storage directory /workdir/hadoop-ozone/integration-test/target/test-dir/MiniOzoneClusterImpl-29dd0c8c-da21-41d6-af77-5f0a65600fbb/datanode-0/data/ratis/2cc6e233-34e4-4c22-9306-b4fa85babdfe does not exist. Creating ...
2019-09-20 05:50:02,348 [Thread-3275] INFO  impl.FollowerState (FollowerState.java:run(106)) - 9b918566-8d2f-4f38-9ce1-65f5cd084216:group-74A429BF9C44 changes to CANDIDATE, lastRpcTime:5061, electionTimeout:5061ms
2019-09-20 05:50:02,349 [Thread-3275] INFO  impl.RoleInfo (RoleInfo.java:shutdownFollowerState(121)) - 9b918566-8d2f-4f38-9ce1-65f5cd084216: shutdown FollowerState
2019-09-20 05:50:02,349 [Thread-3275] INFO  impl.RaftServerImpl (RaftServerImpl.java:setRole(171)) - 9b918566-8d2f-4f38-9ce1-65f5cd084216:group-74A429BF9C44 changes role from FOLLOWER to CANDIDATE at term 0 for changeToCandidate
2019-09-20 05:50:02,349 [Thread-3275] INFO  impl.RoleInfo (RoleInfo.java:updateAndGet(143)) - 9b918566-8d2f-4f38-9ce1-65f5cd084216: start LeaderElection
2019-09-20 05:50:02,354 [Thread-3269] INFO  impl.FollowerState (FollowerState.java:run(106)) - 9b918566-8d2f-4f38-9ce1-65f5cd084216:group-1A133489CAE7 changes to CANDIDATE, lastRpcTime:5193, electionTimeout:5193ms
2019-09-20 05:50:02,354 [Thread-3269] INFO  impl.RoleInfo (RoleInfo.java:shutdownFollowerState(121)) - 9b918566-8d2f-4f38-9ce1-65f5cd084216: shutdown FollowerState
2019-09-20 05:50:02,354 [Thread-3269] INFO  impl.RaftServerImpl (RaftServerImpl.java:setRole(171)) - 9b918566-8d2f-4f38-9ce1-65f5cd084216:group-1A133489CAE7 changes role from FOLLOWER to CANDIDATE at term 0 for changeToCandidate
2019-09-20 05:50:02,354 [Thread-3269] INFO  impl.RoleInfo (RoleInfo.java:updateAndGet(143)) - 9b918566-8d2f-4f38-9ce1-65f5cd084216: start LeaderElection
2019-09-20 05:50:02,361 [9b918566-8d2f-4f38-9ce1-65f5cd084216-SegmentedRaftLogWorker:Storage Directory /workdir/hadoop-ozone/integration-test/target/test-dir/MiniOzoneClusterImpl-29dd0c8c-da21-41d6-af77-5f0a65600fbb/datanode-0/data/ratis/0348ebd0-7307-491b-bc6d-411864d226a5] INFO  segmented.SegmentedRaftLogWorker (SegmentedRaftLogWorker.java:execute(569)) - 9b918566-8d2f-4f38-9ce1-65f5cd084216-SegmentedRaftLogWorker:Storage Directory /workdir/hadoop-ozone/integration-test/target/test-dir/MiniOzoneClusterImpl-29dd0c8c-da21-41d6-af77-5f0a65600fbb/datanode-0/data/ratis/0348ebd0-7307-491b-bc6d-411864d226a5: created new log segment /workdir/hadoop-ozone/integration-test/target/test-dir/MiniOzoneClusterImpl-29dd0c8c-da21-41d6-af77-5f0a65600fbb/datanode-0/data/ratis/0348ebd0-7307-491b-bc6d-411864d226a5/current/log_inprogress_0
2019-09-20 05:50:02,361 [pool-57-thread-1] INFO  storage.RaftStorageDirectory (RaftStorageDirectory.java:tryLock(328)) - Lock on /workdir/hadoop-ozone/integration-test/target/test-dir/MiniOzoneClusterImpl-29dd0c8c-da21-41d6-af77-5f0a65600fbb/datanode-0/data/ratis/2cc6e233-34e4-4c22-9306-b4fa85babdfe/in_use.lock acquired by nodename 6907@pr-hdds-1569-s8kj2-2266485376
2019-09-20 05:50:02,392 [pool-57-thread-1] INFO  storage.RaftStorage (RaftStorage.java:format(72)) - Storage directory /workdir/hadoop-ozone/integration-test/target/test-dir/MiniOzoneClusterImpl-29dd0c8c-da21-41d6-af77-5f0a65600fbb/datanode-0/data/ratis/2cc6e233-34e4-4c22-9306-b4fa85babdfe has been successfully formatted.
2019-09-20 05:50:02,392 [9b918566-8d2f-4f38-9ce1-65f5cd084216:group-1A133489CAE7:LeaderElection421] INFO  impl.LeaderElection (LeaderElection.java:askForVotes(181)) - 9b918566-8d2f-4f38-9ce1-65f5cd084216:group-1A133489CAE7:LeaderElection421: begin an election at term 1 for -1: [9b918566-8d2f-4f38-9ce1-65f5cd084216:192.168.36.79:46843], old=null
2019-09-20 05:50:02,392 [9b918566-8d2f-4f38-9ce1-65f5cd084216:group-74A429BF9C44:LeaderElection420] INFO  impl.LeaderElection (LeaderElection.java:askForVotes(181)) - 9b918566-8d2f-4f38-9ce1-65f5cd084216:group-74A429BF9C44:LeaderElection420: begin an election at term 1 for -1: [9b918566-8d2f-4f38-9ce1-65f5cd084216:192.168.36.79:46843], old=null
2019-09-20 05:50:02,392 [9b918566-8d2f-4f38-9ce1-65f5cd084216:group-1A133489CAE7:LeaderElection421] INFO  impl.RoleInfo (RoleInfo.java:shutdownLeaderElection(134)) - 9b918566-8d2f-4f38-9ce1-65f5cd084216: shutdown LeaderElection
2019-09-20 05:50:02,392 [pool-57-thread-1] INFO  ratis.ContainerStateMachine (ContainerStateMachine.java:loadSnapshot(226)) - group-B4FA85BABDFE: The snapshot info is null. Setting the last applied indexto:(t:0, i:~)
2019-09-20 05:50:02,392 [9b918566-8d2f-4f38-9ce1-65f5cd084216:group-1A133489CAE7:LeaderElection421] INFO  impl.RaftServerImpl (RaftServerImpl.java:setRole(171)) - 9b918566-8d2f-4f38-9ce1-65f5cd084216:group-1A133489CAE7 changes role from CANDIDATE to LEADER at term 1 for changeToLeader
2019-09-20 05:50:02,392 [9b918566-8d2f-4f38-9ce1-65f5cd084216:group-74A429BF9C44:LeaderElection420] INFO  impl.RoleInfo (RoleInfo.java:shutdownLeaderElection(134)) - 9b918566-8d2f-4f38-9ce1-65f5cd084216: shutdown LeaderElection
2019-09-20 05:50:02,392 [9b918566-8d2f-4f38-9ce1-65f5cd084216:group-1A133489CAE7:LeaderElection421] INFO  impl.RaftServerImpl (ServerState.java:setLeader(263)) - 9b918566-8d2f-4f38-9ce1-65f5cd084216:group-1A133489CAE7 change Leader from null to 9b918566-8d2f-4f38-9ce1-65f5cd084216 at term 1 for becomeLeader, leader elected after 5235ms
2019-09-20 05:50:02,392 [pool-57-thread-1] INFO  server.RaftServerConfigKeys (ConfUtils.java:logGet(43)) - raft.server.leader.election.timeout = 120s (custom)
2019-09-20 05:50:02,393 [9b918566-8d2f-4f38-9ce1-65f5cd084216:group-1A133489CAE7:LeaderElection421] INFO  server.RaftServerConfigKeys (ConfUtils.java:logGet(43)) - raft.server.staging.catchup.gap = 1000 (default)
2019-09-20 05:50:02,393 [9b918566-8d2f-4f38-9ce1-65f5cd084216:group-74A429BF9C44:LeaderElection420] INFO  impl.RaftServerImpl (RaftServerImpl.java:setRole(171)) - 9b918566-8d2f-4f38-9ce1-65f5cd084216:group-74A429BF9C44 changes role from CANDIDATE to LEADER at term 1 for changeToLeader
2019-09-20 05:50:02,393 [9b918566-8d2f-4f38-9ce1-65f5cd084216:group-1A133489CAE7:LeaderElection421] INFO  server.RaftServerConfigKeys (ConfUtils.java:logGet(43)) - raft.server.rpc.sleep.time = 25ms (default)
2019-09-20 05:50:02,393 [pool-57-thread-1] INFO  server.RaftServerConfigKeys (ConfUtils.java:logGet(43)) - raft.server.log.use.memory = false (default)
2019-09-20 05:50:02,393 [9b918566-8d2f-4f38-9ce1-65f5cd084216:group-1A133489CAE7:LeaderElection421] INFO  server.RaftServerConfigKeys (ConfUtils.java:logGet(43)) - raft.server.write.element-limit = 4096 (default)
2019-09-20 05:50:02,393 [pool-57-thread-1] INFO  server.RaftServerConfigKeys (ConfUtils.java:logGet(43)) - raft.server.log.purge.gap = 1000000 (custom)
2019-09-20 05:50:02,393 [9b918566-8d2f-4f38-9ce1-65f5cd084216:group-74A429BF9C44:LeaderElection420] INFO  impl.RaftServerImpl (ServerState.java:setLeader(263)) - 9b918566-8d2f-4f38-9ce1-65f5cd084216:group-74A429BF9C44 change Leader from null to 9b918566-8d2f-4f38-9ce1-65f5cd084216 at term 1 for becomeLeader, leader elected after 5108ms
2019-09-20 05:50:02,393 [pool-57-thread-1] INFO  server.RaftServerConfigKeys (ConfUtils.java:logGet(43)) - raft.server.log.appender.buffer.byte-limit = 33554432 (custom)
2019-09-20 05:50:02,393 [9b918566-8d2f-4f38-9ce1-65f5cd084216:group-1A133489CAE7:LeaderElection421] INFO  server.RaftServerConfigKeys (ConfUtils.java:logGet(43)) - raft.server.watch.timeout = 10s (default)
2019-09-20 05:50:02,394 [pool-57-thread-1] INFO  server.RaftServerConfigKeys (ConfUtils.java:logGet(43)) - raft.server.log.segment.size.max = 1048576 (custom)
2019-09-20 05:50:02,393 [9b918566-8d2f-4f38-9ce1-65f5cd084216:group-74A429BF9C44:LeaderElection420] INFO  server.RaftServerConfigKeys (ConfUtils.java:logGet(43)) - raft.server.staging.catchup.gap = 1000 (default)
2019-09-20 05:50:02,394 [pool-57-thread-1] INFO  server.RaftServerConfigKeys (ConfUtils.java:logGet(43)) - raft.server.log.segment.cache.num.max = 2 (custom)
2019-09-20 05:50:02,394 [9b918566-8d2f-4f38-9ce1-65f5cd084216:group-1A133489CAE7:LeaderElection421] INFO  server.RaftServerConfigKeys (ConfUtils.java:logGet(43)) - raft.server.watch.timeout.denomination = 1s (default)
2019-09-20 05:50:02,394 [pool-57-thread-1] INFO  segmented.SegmentedRaftLogWorker (SegmentedRaftLogWorker.java:<init>(172)) - new 9b918566-8d2f-4f38-9ce1-65f5cd084216-SegmentedRaftLogWorker:Storage Directory /workdir/hadoop-ozone/integration-test/target/test-dir/MiniOzoneClusterImpl-29dd0c8c-da21-41d6-af77-5f0a65600fbb/datanode-0/data/ratis/2cc6e233-34e4-4c22-9306-b4fa85babdfe for RaftStorage:Storage Directory /workdir/hadoop-ozone/integration-test/target/test-dir/MiniOzoneClusterImpl-29dd0c8c-da21-41d6-af77-5f0a65600fbb/datanode-0/data/ratis/2cc6e233-34e4-4c22-9306-b4fa85babdfe
2019-09-20 05:50:02,394 [9b918566-8d2f-4f38-9ce1-65f5cd084216:group-74A429BF9C44:LeaderElection420] INFO  server.RaftServerConfigKeys (ConfUtils.java:logGet(43)) - raft.server.rpc.sleep.time = 25ms (default)
2019-09-20 05:50:02,394 [pool-57-thread-1] INFO  server.RaftServerConfigKeys (ConfUtils.java:logGet(43)) - raft.server.log.queue.byte-limit = 2147483647 (custom)
2019-09-20 05:50:02,394 [9b918566-8d2f-4f38-9ce1-65f5cd084216:group-1A133489CAE7:LeaderElection421] INFO  server.RaftServerConfigKeys (ConfUtils.java:logGet(43)) - raft.server.watch.element-limit = 65536 (default)
2019-09-20 05:50:02,395 [pool-57-thread-1] INFO  server.RaftServerConfigKeys (ConfUtils.java:logGet(43)) - raft.server.log.queue.element-limit = 1024 (custom)
2019-09-20 05:50:02,394 [9b918566-8d2f-4f38-9ce1-65f5cd084216:group-74A429BF9C44:LeaderElection420] INFO  server.RaftServerConfigKeys (ConfUtils.java:logGet(43)) - raft.server.write.element-limit = 4096 (default)
2019-09-20 05:50:02,395 [pool-57-thread-1] INFO  server.RaftServerConfigKeys (ConfUtils.java:logGet(43)) - raft.server.log.segment.size.max = 1048576 (custom)
2019-09-20 05:50:02,395 [9b918566-8d2f-4f38-9ce1-65f5cd084216:group-1A133489CAE7:LeaderElection421] INFO  impl.RoleInfo (RoleInfo.java:updateAndGet(143)) - 9b918566-8d2f-4f38-9ce1-65f5cd084216: start LeaderState
2019-09-20 05:50:02,395 [pool-57-thread-1] INFO  server.RaftServerConfigKeys (ConfUtils.java:logGet(43)) - raft.server.log.preallocated.size = 16384 (custom)
2019-09-20 05:50:02,395 [9b918566-8d2f-4f38-9ce1-65f5cd084216:group-74A429BF9C44:LeaderElection420] INFO  server.RaftServerConfigKeys (ConfUtils.java:logGet(43)) - raft.server.watch.timeout = 10s (default)
2019-09-20 05:50:02,395 [pool-57-thread-1] INFO  server.RaftServerConfigKeys (ConfUtils.java:logGet(43)) - raft.server.log.write.buffer.size = 33554432 (custom)
2019-09-20 05:50:02,395 [9b918566-8d2f-4f38-9ce1-65f5cd084216:group-1A133489CAE7:LeaderElection421] INFO  segmented.SegmentedRaftLogWorker (SegmentedRaftLogWorker.java:startLogSegment(380)) - 9b918566-8d2f-4f38-9ce1-65f5cd084216-SegmentedRaftLogWorker:Storage Directory /workdir/hadoop-ozone/integration-test/target/test-dir/MiniOzoneClusterImpl-29dd0c8c-da21-41d6-af77-5f0a65600fbb/datanode-0/data/ratis/53225230-02f4-4a79-8e5c-1a133489cae7: Starting segment from index:0
2019-09-20 05:50:02,396 [pool-57-thread-1] INFO  server.RaftServerConfigKeys (ConfUtils.java:logGet(43)) - raft.server.log.force.sync.num = 128 (default)
2019-09-20 05:50:02,395 [9b918566-8d2f-4f38-9ce1-65f5cd084216:group-74A429BF9C44:LeaderElection420] INFO  server.RaftServerConfigKeys (ConfUtils.java:logGet(43)) - raft.server.watch.timeout.denomination = 1s (default)
2019-09-20 05:50:02,396 [9b918566-8d2f-4f38-9ce1-65f5cd084216:group-1A133489CAE7:LeaderElection421] INFO  impl.RaftServerImpl (ServerState.java:setRaftConf(361)) - 9b918566-8d2f-4f38-9ce1-65f5cd084216:group-1A133489CAE7 set configuration 0: [9b918566-8d2f-4f38-9ce1-65f5cd084216:192.168.36.79:46843], old=null at 0
2019-09-20 05:50:02,396 [pool-57-thread-1] INFO  server.RaftServerConfigKeys (ConfUtils.java:logGet(43)) - raft.server.log.statemachine.data.sync = true (default)
2019-09-20 05:50:02,396 [9b918566-8d2f-4f38-9ce1-65f5cd084216:group-74A429BF9C44:LeaderElection420] INFO  server.RaftServerConfigKeys (ConfUtils.java:logGet(43)) - raft.server.watch.element-limit = 65536 (default)
2019-09-20 05:50:02,396 [pool-57-thread-1] INFO  server.RaftServerConfigKeys (ConfUtils.java:logGet(43)) - raft.server.log.statemachine.data.sync.timeout = 10s (default)
2019-09-20 05:50:02,396 [9b918566-8d2f-4f38-9ce1-65f5cd084216:group-74A429BF9C44:LeaderElection420] INFO  impl.RoleInfo (RoleInfo.java:updateAndGet(143)) - 9b918566-8d2f-4f38-9ce1-65f5cd084216: start LeaderState
2019-09-20 05:50:02,396 [pool-57-thread-1] INFO  server.RaftServerConfigKeys (ConfUtils.java:logGet(43)) - raft.server.log.statemachine.data.sync.timeout.retry = -1 (default)
2019-09-20 05:50:02,397 [9b918566-8d2f-4f38-9ce1-65f5cd084216:group-74A429BF9C44:LeaderElection420] INFO  segmented.SegmentedRaftLogWorker (SegmentedRaftLogWorker.java:startLogSegment(380)) - 9b918566-8d2f-4f38-9ce1-65f5cd084216-SegmentedRaftLogWorker:Storage Directory /workdir/hadoop-ozone/integration-test/target/test-dir/MiniOzoneClusterImpl-29dd0c8c-da21-41d6-af77-5f0a65600fbb/datanode-0/data/ratis/35408a17-0b5a-42b3-b143-74a429bf9c44: Starting segment from index:0
2019-09-20 05:50:02,397 [pool-57-thread-1] INFO  server.RaftServerConfigKeys (ConfUtils.java:logGet(43)) - raft.server.log.statemachine.data.caching.enabled = true (custom)
2019-09-20 05:50:02,397 [9b918566-8d2f-4f38-9ce1-65f5cd084216:group-74A429BF9C44:LeaderElection420] INFO  impl.RaftServerImpl (ServerState.java:setRaftConf(361)) - 9b918566-8d2f-4f38-9ce1-65f5cd084216:group-74A429BF9C44 set configuration 0: [9b918566-8d2f-4f38-9ce1-65f5cd084216:192.168.36.79:46843], old=null at 0
2019-09-20 05:50:02,397 [pool-57-thread-1] INFO  segmented.SegmentedRaftLogWorker (SegmentedRaftLogWorker.java:lambda$new$0(132)) - 9b918566-8d2f-4f38-9ce1-65f5cd084216-SegmentedRaftLogWorker:Storage Directory /workdir/hadoop-ozone/integration-test/target/test-dir/MiniOzoneClusterImpl-29dd0c8c-da21-41d6-af77-5f0a65600fbb/datanode-0/data/ratis/2cc6e233-34e4-4c22-9306-b4fa85babdfe: flushIndex: setUnconditionally 0 -> -1
2019-09-20 05:50:02,397 [pool-57-thread-1] INFO  server.RaftServerConfigKeys (ConfUtils.java:logGet(43)) - raft.server.snapshot.auto.trigger.enabled = true (custom)
2019-09-20 05:50:02,398 [pool-57-thread-1] INFO  server.RaftServerConfigKeys (ConfUtils.java:logGet(43)) - raft.server.snapshot.auto.trigger.threshold = 1 (custom)
2019-09-20 05:50:02,398 [pool-57-thread-1] INFO  server.RaftServerConfigKeys (ConfUtils.java:logGet(43)) - raft.server.retrycache.expirytime = 600000ms (custom)
2019-09-20 05:50:02,398 [pool-57-thread-1] INFO  impl.RaftServerImpl (RaftServerImpl.java:start(180)) - 9b918566-8d2f-4f38-9ce1-65f5cd084216: start group-B4FA85BABDFE
2019-09-20 05:50:02,398 [pool-57-thread-1] INFO  impl.RaftServerImpl (RaftServerImpl.java:setRole(171)) - 9b918566-8d2f-4f38-9ce1-65f5cd084216:group-B4FA85BABDFE changes role from null to FOLLOWER at term 0 for startAsFollower
2019-09-20 05:50:02,398 [pool-57-thread-1] INFO  impl.RoleInfo (RoleInfo.java:updateAndGet(143)) - 9b918566-8d2f-4f38-9ce1-65f5cd084216: start FollowerState
2019-09-20 05:50:02,398 [pool-57-thread-1] INFO  util.JmxRegister (JmxRegister.java:tryRegister(44)) - Successfully registered JMX Bean with object name Ratis:service=RaftServer,group=group-B4FA85BABDFE,id=9b918566-8d2f-4f38-9ce1-65f5cd084216
2019-09-20 05:50:02,400 [RatisPipelineUtilsThread] INFO  pipeline.PipelineStateManager (PipelineStateManager.java:addPipeline(56)) - Created pipeline Pipeline[ Id: 2cc6e233-34e4-4c22-9306-b4fa85babdfe, Nodes: 9b918566-8d2f-4f38-9ce1-65f5cd084216{ip: 192.168.36.79, host: pr-hdds-1569-s8kj2-2266485376, networkLocation: /default-rack, certSerialId: null}, Type:RATIS, Factor:ONE, State:OPEN]
2019-09-20 05:50:02,400 [Thread-3278] INFO  impl.FollowerState (FollowerState.java:run(106)) - 9b918566-8d2f-4f38-9ce1-65f5cd084216:group-F5014F6404D9 changes to CANDIDATE, lastRpcTime:5057, electionTimeout:5057ms
2019-09-20 05:50:02,400 [Thread-3278] INFO  impl.RoleInfo (RoleInfo.java:shutdownFollowerState(121)) - 9b918566-8d2f-4f38-9ce1-65f5cd084216: shutdown FollowerState
2019-09-20 05:50:02,400 [Thread-3278] INFO  impl.RaftServerImpl (RaftServerImpl.java:setRole(171)) - 9b918566-8d2f-4f38-9ce1-65f5cd084216:group-F5014F6404D9 changes role from FOLLOWER to CANDIDATE at term 0 for changeToCandidate
2019-09-20 05:50:02,401 [Thread-3278] INFO  impl.RoleInfo (RoleInfo.java:updateAndGet(143)) - 9b918566-8d2f-4f38-9ce1-65f5cd084216: start LeaderElection
2019-09-20 05:50:02,402 [grpc-default-executor-1] INFO  impl.RaftServerProxy (RaftServerProxy.java:addNew(89)) - 9b918566-8d2f-4f38-9ce1-65f5cd084216: addNew group-DDEEE97CADE4:[9b918566-8d2f-4f38-9ce1-65f5cd084216:192.168.36.79:46843] returns group-DDEEE97CADE4:java.util.concurrent.CompletableFuture@1addfec4[Not completed]
2019-09-20 05:50:02,403 [pool-57-thread-1] INFO  impl.RaftServerImpl (RaftServerImpl.java:<init>(93)) - 9b918566-8d2f-4f38-9ce1-65f5cd084216: new RaftServerImpl for group-DDEEE97CADE4:[9b918566-8d2f-4f38-9ce1-65f5cd084216:192.168.36.79:46843] with ContainerStateMachine:uninitialized
2019-09-20 05:50:02,403 [pool-57-thread-1] INFO  server.RaftServerConfigKeys (ConfUtils.java:logGet(43)) - raft.server.rpc.timeout.min = 5s (custom)
2019-09-20 05:50:02,403 [pool-57-thread-1] INFO  server.RaftServerConfigKeys (ConfUtils.java:logGet(43)) - raft.server.rpc.timeout.max = 5200ms (custom)
2019-09-20 05:50:02,403 [pool-57-thread-1] INFO  server.RaftServerConfigKeys (ConfUtils.java:logGet(43)) - raft.server.rpcslowness.timeout = 120s (custom)
2019-09-20 05:50:02,403 [pool-57-thread-1] INFO  server.RaftServerConfigKeys (ConfUtils.java:logGet(43)) - raft.server.sleep.deviation.threshold = 300 (default)
2019-09-20 05:50:02,403 [pool-57-thread-1] INFO  server.RaftServerConfigKeys (ConfUtils.java:logGet(43)) - raft.server.log.appender.install.snapshot.enabled = false (custom)
2019-09-20 05:50:02,403 [pool-57-thread-1] INFO  impl.RaftServerImpl (ServerState.java:<init>(105)) - 9b918566-8d2f-4f38-9ce1-65f5cd084216:group-DDEEE97CADE4 ConfigurationManager, init=-1: [9b918566-8d2f-4f38-9ce1-65f5cd084216:192.168.36.79:46843], old=null, confs=<EMPTY_MAP>
2019-09-20 05:50:02,403 [pool-57-thread-1] INFO  server.RaftServerConfigKeys (ConfUtils.java:logGet(43)) - raft.server.storage.dir = [/workdir/hadoop-ozone/integration-test/target/test-dir/MiniOzoneClusterImpl-29dd0c8c-da21-41d6-af77-5f0a65600fbb/datanode-0/data/ratis] (custom)
2019-09-20 05:50:02,404 [pool-57-thread-1] INFO  storage.RaftStorageDirectory (RaftStorageDirectory.java:analyzeStorage(246)) - The storage directory /workdir/hadoop-ozone/integration-test/target/test-dir/MiniOzoneClusterImpl-29dd0c8c-da21-41d6-af77-5f0a65600fbb/datanode-0/data/ratis/afce9a65-b7eb-4d49-9748-ddeee97cade4 does not exist. Creating ...
2019-09-20 05:50:02,415 [Thread-3272] INFO  impl.FollowerState (FollowerState.java:run(106)) - 9b918566-8d2f-4f38-9ce1-65f5cd084216:group-9A6C3C6757D2 changes to CANDIDATE, lastRpcTime:5181, electionTimeout:5181ms
2019-09-20 05:50:02,415 [Thread-3272] INFO  impl.RoleInfo (RoleInfo.java:shutdownFollowerState(121)) - 9b918566-8d2f-4f38-9ce1-65f5cd084216: shutdown FollowerState
2019-09-20 05:50:02,415 [Thread-3272] INFO  impl.RaftServerImpl (RaftServerImpl.java:setRole(171)) - 9b918566-8d2f-4f38-9ce1-65f5cd084216:group-9A6C3C6757D2 changes role from FOLLOWER to CANDIDATE at term 0 for changeToCandidate
2019-09-20 05:50:02,415 [Thread-3272] INFO  impl.RoleInfo (RoleInfo.java:updateAndGet(143)) - 9b918566-8d2f-4f38-9ce1-65f5cd084216: start LeaderElection
2019-09-20 05:50:02,435 [pool-57-thread-1] INFO  storage.RaftStorageDirectory (RaftStorageDirectory.java:tryLock(328)) - Lock on /workdir/hadoop-ozone/integration-test/target/test-dir/MiniOzoneClusterImpl-29dd0c8c-da21-41d6-af77-5f0a65600fbb/datanode-0/data/ratis/afce9a65-b7eb-4d49-9748-ddeee97cade4/in_use.lock acquired by nodename 6907@pr-hdds-1569-s8kj2-2266485376
2019-09-20 05:50:02,436 [9b918566-8d2f-4f38-9ce1-65f5cd084216:group-F5014F6404D9:LeaderElection422] INFO  impl.LeaderElection (LeaderElection.java:askForVotes(181)) - 9b918566-8d2f-4f38-9ce1-65f5cd084216:group-F5014F6404D9:LeaderElection422: begin an election at term 1 for -1: [9b918566-8d2f-4f38-9ce1-65f5cd084216:192.168.36.79:46843], old=null
2019-09-20 05:50:02,436 [9b918566-8d2f-4f38-9ce1-65f5cd084216:group-9A6C3C6757D2:LeaderElection423] INFO  impl.LeaderElection (LeaderElection.java:askForVotes(181)) - 9b918566-8d2f-4f38-9ce1-65f5cd084216:group-9A6C3C6757D2:LeaderElection423: begin an election at term 1 for -1: [9b918566-8d2f-4f38-9ce1-65f5cd084216:192.168.36.79:46843], old=null
2019-09-20 05:50:02,436 [9b918566-8d2f-4f38-9ce1-65f5cd084216-SegmentedRaftLogWorker:Storage Directory /workdir/hadoop-ozone/integration-test/target/test-dir/MiniOzoneClusterImpl-29dd0c8c-da21-41d6-af77-5f0a65600fbb/datanode-0/data/ratis/35408a17-0b5a-42b3-b143-74a429bf9c44] INFO  segmented.SegmentedRaftLogWorker (SegmentedRaftLogWorker.java:execute(569)) - 9b918566-8d2f-4f38-9ce1-65f5cd084216-SegmentedRaftLogWorker:Storage Directory /workdir/hadoop-ozone/integration-test/target/test-dir/MiniOzoneClusterImpl-29dd0c8c-da21-41d6-af77-5f0a65600fbb/datanode-0/data/ratis/35408a17-0b5a-42b3-b143-74a429bf9c44: created new log segment /workdir/hadoop-ozone/integration-test/target/test-dir/MiniOzoneClusterImpl-29dd0c8c-da21-41d6-af77-5f0a65600fbb/datanode-0/data/ratis/35408a17-0b5a-42b3-b143-74a429bf9c44/current/log_inprogress_0
2019-09-20 05:50:02,436 [9b918566-8d2f-4f38-9ce1-65f5cd084216:group-9A6C3C6757D2:LeaderElection423] INFO  impl.RoleInfo (RoleInfo.java:shutdownLeaderElection(134)) - 9b918566-8d2f-4f38-9ce1-65f5cd084216: shutdown LeaderElection
2019-09-20 05:50:02,436 [9b918566-8d2f-4f38-9ce1-65f5cd084216:group-F5014F6404D9:LeaderElection422] INFO  impl.RoleInfo (RoleInfo.java:shutdownLeaderElection(134)) - 9b918566-8d2f-4f38-9ce1-65f5cd084216: shutdown LeaderElection
2019-09-20 05:50:02,436 [9b918566-8d2f-4f38-9ce1-65f5cd084216:group-9A6C3C6757D2:LeaderElection423] INFO  impl.RaftServerImpl (RaftServerImpl.java:setRole(171)) - 9b918566-8d2f-4f38-9ce1-65f5cd084216:group-9A6C3C6757D2 changes role from CANDIDATE to LEADER at term 1 for changeToLeader
2019-09-20 05:50:02,436 [9b918566-8d2f-4f38-9ce1-65f5cd084216:group-F5014F6404D9:LeaderElection422] INFO  impl.RaftServerImpl (RaftServerImpl.java:setRole(171)) - 9b918566-8d2f-4f38-9ce1-65f5cd084216:group-F5014F6404D9 changes role from CANDIDATE to LEADER at term 1 for changeToLeader
2019-09-20 05:50:02,437 [9b918566-8d2f-4f38-9ce1-65f5cd084216:group-9A6C3C6757D2:LeaderElection423] INFO  impl.RaftServerImpl (ServerState.java:setLeader(263)) - 9b918566-8d2f-4f38-9ce1-65f5cd084216:group-9A6C3C6757D2 change Leader from null to 9b918566-8d2f-4f38-9ce1-65f5cd084216 at term 1 for becomeLeader, leader elected after 5205ms
2019-09-20 05:50:02,437 [9b918566-8d2f-4f38-9ce1-65f5cd084216:group-F5014F6404D9:LeaderElection422] INFO  impl.RaftServerImpl (ServerState.java:setLeader(263)) - 9b918566-8d2f-4f38-9ce1-65f5cd084216:group-F5014F6404D9 change Leader from null to 9b918566-8d2f-4f38-9ce1-65f5cd084216 at term 1 for becomeLeader, leader elected after 5096ms
2019-09-20 05:50:02,437 [9b918566-8d2f-4f38-9ce1-65f5cd084216:group-9A6C3C6757D2:LeaderElection423] INFO  server.RaftServerConfigKeys (ConfUtils.java:logGet(43)) - raft.server.staging.catchup.gap = 1000 (default)
2019-09-20 05:50:02,437 [9b918566-8d2f-4f38-9ce1-65f5cd084216:group-F5014F6404D9:LeaderElection422] INFO  server.RaftServerConfigKeys (ConfUtils.java:logGet(43)) - raft.server.staging.catchup.gap = 1000 (default)
2019-09-20 05:50:02,437 [9b918566-8d2f-4f38-9ce1-65f5cd084216:group-9A6C3C6757D2:LeaderElection423] INFO  server.RaftServerConfigKeys (ConfUtils.java:logGet(43)) - raft.server.rpc.sleep.time = 25ms (default)
2019-09-20 05:50:02,437 [9b918566-8d2f-4f38-9ce1-65f5cd084216:group-F5014F6404D9:LeaderElection422] INFO  server.RaftServerConfigKeys (ConfUtils.java:logGet(43)) - raft.server.rpc.sleep.time = 25ms (default)
2019-09-20 05:50:02,437 [9b918566-8d2f-4f38-9ce1-65f5cd084216:group-9A6C3C6757D2:LeaderElection423] INFO  server.RaftServerConfigKeys (ConfUtils.java:logGet(43)) - raft.server.write.element-limit = 4096 (default)
2019-09-20 05:50:02,437 [9b918566-8d2f-4f38-9ce1-65f5cd084216:group-F5014F6404D9:LeaderElection422] INFO  server.RaftServerConfigKeys (ConfUtils.java:logGet(43)) - raft.server.write.element-limit = 4096 (default)
2019-09-20 05:50:02,437 [9b918566-8d2f-4f38-9ce1-65f5cd084216:group-9A6C3C6757D2:LeaderElection423] INFO  server.RaftServerConfigKeys (ConfUtils.java:logGet(43)) - raft.server.watch.timeout = 10s (default)
2019-09-20 05:50:02,437 [9b918566-8d2f-4f38-9ce1-65f5cd084216:group-F5014F6404D9:LeaderElection422] INFO  server.RaftServerConfigKeys (ConfUtils.java:logGet(43)) - raft.server.watch.timeout = 10s (default)
2019-09-20 05:50:02,438 [9b918566-8d2f-4f38-9ce1-65f5cd084216:group-9A6C3C6757D2:LeaderElection423] INFO  server.RaftServerConfigKeys (ConfUtils.java:logGet(43)) - raft.server.watch.timeout.denomination = 1s (default)
2019-09-20 05:50:02,438 [9b918566-8d2f-4f38-9ce1-65f5cd084216:group-F5014F6404D9:LeaderElection422] INFO  server.RaftServerConfigKeys (ConfUtils.java:logGet(43)) - raft.server.watch.timeout.denomination = 1s (default)
2019-09-20 05:50:02,438 [9b918566-8d2f-4f38-9ce1-65f5cd084216:group-9A6C3C6757D2:LeaderElection423] INFO  server.RaftServerConfigKeys (ConfUtils.java:logGet(43)) - raft.server.watch.element-limit = 65536 (default)
2019-09-20 05:50:02,438 [9b918566-8d2f-4f38-9ce1-65f5cd084216:group-F5014F6404D9:LeaderElection422] INFO  server.RaftServerConfigKeys (ConfUtils.java:logGet(43)) - raft.server.watch.element-limit = 65536 (default)
2019-09-20 05:50:02,438 [9b918566-8d2f-4f38-9ce1-65f5cd084216:group-9A6C3C6757D2:LeaderElection423] INFO  impl.RoleInfo (RoleInfo.java:updateAndGet(143)) - 9b918566-8d2f-4f38-9ce1-65f5cd084216: start LeaderState
2019-09-20 05:50:02,438 [9b918566-8d2f-4f38-9ce1-65f5cd084216:group-F5014F6404D9:LeaderElection422] INFO  impl.RoleInfo (RoleInfo.java:updateAndGet(143)) - 9b918566-8d2f-4f38-9ce1-65f5cd084216: start LeaderState
2019-09-20 05:50:02,438 [9b918566-8d2f-4f38-9ce1-65f5cd084216:group-9A6C3C6757D2:LeaderElection423] INFO  segmented.SegmentedRaftLogWorker (SegmentedRaftLogWorker.java:startLogSegment(380)) - 9b918566-8d2f-4f38-9ce1-65f5cd084216-SegmentedRaftLogWorker:Storage Directory /workdir/hadoop-ozone/integration-test/target/test-dir/MiniOzoneClusterImpl-29dd0c8c-da21-41d6-af77-5f0a65600fbb/datanode-0/data/ratis/db0bb9ef-4c46-411b-9a54-9a6c3c6757d2: Starting segment from index:0
2019-09-20 05:50:02,438 [9b918566-8d2f-4f38-9ce1-65f5cd084216:group-F5014F6404D9:LeaderElection422] INFO  segmented.SegmentedRaftLogWorker (SegmentedRaftLogWorker.java:startLogSegment(380)) - 9b918566-8d2f-4f38-9ce1-65f5cd084216-SegmentedRaftLogWorker:Storage Directory /workdir/hadoop-ozone/integration-test/target/test-dir/MiniOzoneClusterImpl-29dd0c8c-da21-41d6-af77-5f0a65600fbb/datanode-0/data/ratis/e152469a-c572-4c40-a235-f5014f6404d9: Starting segment from index:0
2019-09-20 05:50:02,439 [9b918566-8d2f-4f38-9ce1-65f5cd084216:group-9A6C3C6757D2:LeaderElection423] INFO  impl.RaftServerImpl (ServerState.java:setRaftConf(361)) - 9b918566-8d2f-4f38-9ce1-65f5cd084216:group-9A6C3C6757D2 set configuration 0: [9b918566-8d2f-4f38-9ce1-65f5cd084216:192.168.36.79:46843], old=null at 0
2019-09-20 05:50:02,439 [9b918566-8d2f-4f38-9ce1-65f5cd084216:group-F5014F6404D9:LeaderElection422] INFO  impl.RaftServerImpl (ServerState.java:setRaftConf(361)) - 9b918566-8d2f-4f38-9ce1-65f5cd084216:group-F5014F6404D9 set configuration 0: [9b918566-8d2f-4f38-9ce1-65f5cd084216:192.168.36.79:46843], old=null at 0
2019-09-20 05:50:02,464 [9b918566-8d2f-4f38-9ce1-65f5cd084216-SegmentedRaftLogWorker:Storage Directory /workdir/hadoop-ozone/integration-test/target/test-dir/MiniOzoneClusterImpl-29dd0c8c-da21-41d6-af77-5f0a65600fbb/datanode-0/data/ratis/53225230-02f4-4a79-8e5c-1a133489cae7] INFO  segmented.SegmentedRaftLogWorker (SegmentedRaftLogWorker.java:execute(569)) - 9b918566-8d2f-4f38-9ce1-65f5cd084216-SegmentedRaftLogWorker:Storage Directory /workdir/hadoop-ozone/integration-test/target/test-dir/MiniOzoneClusterImpl-29dd0c8c-da21-41d6-af77-5f0a65600fbb/datanode-0/data/ratis/53225230-02f4-4a79-8e5c-1a133489cae7: created new log segment /workdir/hadoop-ozone/integration-test/target/test-dir/MiniOzoneClusterImpl-29dd0c8c-da21-41d6-af77-5f0a65600fbb/datanode-0/data/ratis/53225230-02f4-4a79-8e5c-1a133489cae7/current/log_inprogress_0
2019-09-20 05:50:02,464 [pool-57-thread-1] INFO  storage.RaftStorage (RaftStorage.java:format(72)) - Storage directory /workdir/hadoop-ozone/integration-test/target/test-dir/MiniOzoneClusterImpl-29dd0c8c-da21-41d6-af77-5f0a65600fbb/datanode-0/data/ratis/afce9a65-b7eb-4d49-9748-ddeee97cade4 has been successfully formatted.
2019-09-20 05:50:02,464 [pool-57-thread-1] INFO  ratis.ContainerStateMachine (ContainerStateMachine.java:loadSnapshot(226)) - group-DDEEE97CADE4: The snapshot info is null. Setting the last applied indexto:(t:0, i:~)
2019-09-20 05:50:02,464 [pool-57-thread-1] INFO  server.RaftServerConfigKeys (ConfUtils.java:logGet(43)) - raft.server.leader.election.timeout = 120s (custom)
2019-09-20 05:50:02,464 [pool-57-thread-1] INFO  server.RaftServerConfigKeys (ConfUtils.java:logGet(43)) - raft.server.log.use.memory = false (default)
2019-09-20 05:50:02,465 [pool-57-thread-1] INFO  server.RaftServerConfigKeys (ConfUtils.java:logGet(43)) - raft.server.log.purge.gap = 1000000 (custom)
2019-09-20 05:50:02,465 [pool-57-thread-1] INFO  server.RaftServerConfigKeys (ConfUtils.java:logGet(43)) - raft.server.log.appender.buffer.byte-limit = 33554432 (custom)
2019-09-20 05:50:02,465 [pool-57-thread-1] INFO  server.RaftServerConfigKeys (ConfUtils.java:logGet(43)) - raft.server.log.segment.size.max = 1048576 (custom)
2019-09-20 05:50:02,465 [pool-57-thread-1] INFO  server.RaftServerConfigKeys (ConfUtils.java:logGet(43)) - raft.server.log.segment.cache.num.max = 2 (custom)
2019-09-20 05:50:02,465 [pool-57-thread-1] INFO  segmented.SegmentedRaftLogWorker (SegmentedRaftLogWorker.java:<init>(172)) - new 9b918566-8d2f-4f38-9ce1-65f5cd084216-SegmentedRaftLogWorker:Storage Directory /workdir/hadoop-ozone/integration-test/target/test-dir/MiniOzoneClusterImpl-29dd0c8c-da21-41d6-af77-5f0a65600fbb/datanode-0/data/ratis/afce9a65-b7eb-4d49-9748-ddeee97cade4 for RaftStorage:Storage Directory /workdir/hadoop-ozone/integration-test/target/test-dir/MiniOzoneClusterImpl-29dd0c8c-da21-41d6-af77-5f0a65600fbb/datanode-0/data/ratis/afce9a65-b7eb-4d49-9748-ddeee97cade4
2019-09-20 05:50:02,465 [pool-57-thread-1] INFO  server.RaftServerConfigKeys (ConfUtils.java:logGet(43)) - raft.server.log.queue.byte-limit = 2147483647 (custom)
2019-09-20 05:50:02,465 [pool-57-thread-1] INFO  server.RaftServerConfigKeys (ConfUtils.java:logGet(43)) - raft.server.log.queue.element-limit = 1024 (custom)
2019-09-20 05:50:02,466 [pool-57-thread-1] INFO  server.RaftServerConfigKeys (ConfUtils.java:logGet(43)) - raft.server.log.segment.size.max = 1048576 (custom)
2019-09-20 05:50:02,466 [pool-57-thread-1] INFO  server.RaftServerConfigKeys (ConfUtils.java:logGet(43)) - raft.server.log.preallocated.size = 16384 (custom)
2019-09-20 05:50:02,466 [pool-57-thread-1] INFO  server.RaftServerConfigKeys (ConfUtils.java:logGet(43)) - raft.server.log.write.buffer.size = 33554432 (custom)
2019-09-20 05:50:02,466 [pool-57-thread-1] INFO  server.RaftServerConfigKeys (ConfUtils.java:logGet(43)) - raft.server.log.force.sync.num = 128 (default)
2019-09-20 05:50:02,466 [pool-57-thread-1] INFO  server.RaftServerConfigKeys (ConfUtils.java:logGet(43)) - raft.server.log.statemachine.data.sync = true (default)
2019-09-20 05:50:02,466 [pool-57-thread-1] INFO  server.RaftServerConfigKeys (ConfUtils.java:logGet(43)) - raft.server.log.statemachine.data.sync.timeout = 10s (default)
2019-09-20 05:50:02,466 [pool-57-thread-1] INFO  server.RaftServerConfigKeys (ConfUtils.java:logGet(43)) - raft.server.log.statemachine.data.sync.timeout.retry = -1 (default)
2019-09-20 05:50:02,467 [pool-57-thread-1] INFO  server.RaftServerConfigKeys (ConfUtils.java:logGet(43)) - raft.server.log.statemachine.data.caching.enabled = true (custom)
2019-09-20 05:50:02,467 [pool-57-thread-1] INFO  segmented.SegmentedRaftLogWorker (SegmentedRaftLogWorker.java:lambda$new$0(132)) - 9b918566-8d2f-4f38-9ce1-65f5cd084216-SegmentedRaftLogWorker:Storage Directory /workdir/hadoop-ozone/integration-test/target/test-dir/MiniOzoneClusterImpl-29dd0c8c-da21-41d6-af77-5f0a65600fbb/datanode-0/data/ratis/afce9a65-b7eb-4d49-9748-ddeee97cade4: flushIndex: setUnconditionally 0 -> -1
2019-09-20 05:50:02,467 [pool-57-thread-1] INFO  server.RaftServerConfigKeys (ConfUtils.java:logGet(43)) - raft.server.snapshot.auto.trigger.enabled = true (custom)
2019-09-20 05:50:02,467 [pool-57-thread-1] INFO  server.RaftServerConfigKeys (ConfUtils.java:logGet(43)) - raft.server.snapshot.auto.trigger.threshold = 1 (custom)
2019-09-20 05:50:02,467 [pool-57-thread-1] INFO  server.RaftServerConfigKeys (ConfUtils.java:logGet(43)) - raft.server.retrycache.expirytime = 600000ms (custom)
2019-09-20 05:50:02,468 [pool-57-thread-1] INFO  impl.RaftServerImpl (RaftServerImpl.java:start(180)) - 9b918566-8d2f-4f38-9ce1-65f5cd084216: start group-DDEEE97CADE4
2019-09-20 05:50:02,468 [pool-57-thread-1] INFO  impl.RaftServerImpl (RaftServerImpl.java:setRole(171)) - 9b918566-8d2f-4f38-9ce1-65f5cd084216:group-DDEEE97CADE4 changes role from null to FOLLOWER at term 0 for startAsFollower
2019-09-20 05:50:02,468 [pool-57-thread-1] INFO  impl.RoleInfo (RoleInfo.java:updateAndGet(143)) - 9b918566-8d2f-4f38-9ce1-65f5cd084216: start FollowerState
2019-09-20 05:50:02,468 [pool-57-thread-1] INFO  util.JmxRegister (JmxRegister.java:tryRegister(44)) - Successfully registered JMX Bean with object name Ratis:service=RaftServer,group=group-DDEEE97CADE4,id=9b918566-8d2f-4f38-9ce1-65f5cd084216
2019-09-20 05:50:02,469 [RatisPipelineUtilsThread] INFO  pipeline.PipelineStateManager (PipelineStateManager.java:addPipeline(56)) - Created pipeline Pipeline[ Id: afce9a65-b7eb-4d49-9748-ddeee97cade4, Nodes: 9b918566-8d2f-4f38-9ce1-65f5cd084216{ip: 192.168.36.79, host: pr-hdds-1569-s8kj2-2266485376, networkLocation: /default-rack, certSerialId: null}, Type:RATIS, Factor:ONE, State:OPEN]
2019-09-20 05:50:02,472 [grpc-default-executor-1] INFO  impl.RaftServerProxy (RaftServerProxy.java:addNew(89)) - 9b918566-8d2f-4f38-9ce1-65f5cd084216: addNew group-42B4861D9533:[9b918566-8d2f-4f38-9ce1-65f5cd084216:192.168.36.79:46843] returns group-42B4861D9533:java.util.concurrent.CompletableFuture@6cda8b55[Not completed]
2019-09-20 05:50:02,472 [pool-57-thread-1] INFO  impl.RaftServerImpl (RaftServerImpl.java:<init>(93)) - 9b918566-8d2f-4f38-9ce1-65f5cd084216: new RaftServerImpl for group-42B4861D9533:[9b918566-8d2f-4f38-9ce1-65f5cd084216:192.168.36.79:46843] with ContainerStateMachine:uninitialized
2019-09-20 05:50:02,473 [pool-57-thread-1] INFO  server.RaftServerConfigKeys (ConfUtils.java:logGet(43)) - raft.server.rpc.timeout.min = 5s (custom)
2019-09-20 05:50:02,473 [pool-57-thread-1] INFO  server.RaftServerConfigKeys (ConfUtils.java:logGet(43)) - raft.server.rpc.timeout.max = 5200ms (custom)
2019-09-20 05:50:02,473 [pool-57-thread-1] INFO  server.RaftServerConfigKeys (ConfUtils.java:logGet(43)) - raft.server.rpcslowness.timeout = 120s (custom)
2019-09-20 05:50:02,473 [pool-57-thread-1] INFO  server.RaftServerConfigKeys (ConfUtils.java:logGet(43)) - raft.server.sleep.deviation.threshold = 300 (default)
2019-09-20 05:50:02,473 [pool-57-thread-1] INFO  server.RaftServerConfigKeys (ConfUtils.java:logGet(43)) - raft.server.log.appender.install.snapshot.enabled = false (custom)
2019-09-20 05:50:02,473 [pool-57-thread-1] INFO  impl.RaftServerImpl (ServerState.java:<init>(105)) - 9b918566-8d2f-4f38-9ce1-65f5cd084216:group-42B4861D9533 ConfigurationManager, init=-1: [9b918566-8d2f-4f38-9ce1-65f5cd084216:192.168.36.79:46843], old=null, confs=<EMPTY_MAP>
2019-09-20 05:50:02,473 [pool-57-thread-1] INFO  server.RaftServerConfigKeys (ConfUtils.java:logGet(43)) - raft.server.storage.dir = [/workdir/hadoop-ozone/integration-test/target/test-dir/MiniOzoneClusterImpl-29dd0c8c-da21-41d6-af77-5f0a65600fbb/datanode-0/data/ratis] (custom)
2019-09-20 05:50:02,474 [pool-57-thread-1] INFO  storage.RaftStorageDirectory (RaftStorageDirectory.java:analyzeStorage(246)) - The storage directory /workdir/hadoop-ozone/integration-test/target/test-dir/MiniOzoneClusterImpl-29dd0c8c-da21-41d6-af77-5f0a65600fbb/datanode-0/data/ratis/0b36b6c2-aad6-4ef3-ac73-42b4861d9533 does not exist. Creating ...
2019-09-20 05:50:02,488 [pool-57-thread-1] INFO  storage.RaftStorageDirectory (RaftStorageDirectory.java:tryLock(328)) - Lock on /workdir/hadoop-ozone/integration-test/target/test-dir/MiniOzoneClusterImpl-29dd0c8c-da21-41d6-af77-5f0a65600fbb/datanode-0/data/ratis/0b36b6c2-aad6-4ef3-ac73-42b4861d9533/in_use.lock acquired by nodename 6907@pr-hdds-1569-s8kj2-2266485376
2019-09-20 05:50:02,488 [9b918566-8d2f-4f38-9ce1-65f5cd084216-SegmentedRaftLogWorker:Storage Directory /workdir/hadoop-ozone/integration-test/target/test-dir/MiniOzoneClusterImpl-29dd0c8c-da21-41d6-af77-5f0a65600fbb/datanode-0/data/ratis/e152469a-c572-4c40-a235-f5014f6404d9] INFO  segmented.SegmentedRaftLogWorker (SegmentedRaftLogWorker.java:execute(569)) - 9b918566-8d2f-4f38-9ce1-65f5cd084216-SegmentedRaftLogWorker:Storage Directory /workdir/hadoop-ozone/integration-test/target/test-dir/MiniOzoneClusterImpl-29dd0c8c-da21-41d6-af77-5f0a65600fbb/datanode-0/data/ratis/e152469a-c572-4c40-a235-f5014f6404d9: created new log segment /workdir/hadoop-ozone/integration-test/target/test-dir/MiniOzoneClusterImpl-29dd0c8c-da21-41d6-af77-5f0a65600fbb/datanode-0/data/ratis/e152469a-c572-4c40-a235-f5014f6404d9/current/log_inprogress_0
2019-09-20 05:50:02,488 [9b918566-8d2f-4f38-9ce1-65f5cd084216-SegmentedRaftLogWorker:Storage Directory /workdir/hadoop-ozone/integration-test/target/test-dir/MiniOzoneClusterImpl-29dd0c8c-da21-41d6-af77-5f0a65600fbb/datanode-0/data/ratis/db0bb9ef-4c46-411b-9a54-9a6c3c6757d2] INFO  segmented.SegmentedRaftLogWorker (SegmentedRaftLogWorker.java:execute(569)) - 9b918566-8d2f-4f38-9ce1-65f5cd084216-SegmentedRaftLogWorker:Storage Directory /workdir/hadoop-ozone/integration-test/target/test-dir/MiniOzoneClusterImpl-29dd0c8c-da21-41d6-af77-5f0a65600fbb/datanode-0/data/ratis/db0bb9ef-4c46-411b-9a54-9a6c3c6757d2: created new log segment /workdir/hadoop-ozone/integration-test/target/test-dir/MiniOzoneClusterImpl-29dd0c8c-da21-41d6-af77-5f0a65600fbb/datanode-0/data/ratis/db0bb9ef-4c46-411b-9a54-9a6c3c6757d2/current/log_inprogress_0
2019-09-20 05:50:02,495 | INFO  | SCMAudit | user=jenkins1000 | ip=192.168.36.79 | op=SEND_HEARTBEAT {datanodeUUID=9b918566-8d2f-4f38-9ce1-65f5cd084216, command=[]} | ret=SUCCESS |  
2019-09-20 05:50:02,513 [pool-57-thread-1] INFO  storage.RaftStorage (RaftStorage.java:format(72)) - Storage directory /workdir/hadoop-ozone/integration-test/target/test-dir/MiniOzoneClusterImpl-29dd0c8c-da21-41d6-af77-5f0a65600fbb/datanode-0/data/ratis/0b36b6c2-aad6-4ef3-ac73-42b4861d9533 has been successfully formatted.
2019-09-20 05:50:02,513 [pool-57-thread-1] INFO  ratis.ContainerStateMachine (ContainerStateMachine.java:loadSnapshot(226)) - group-42B4861D9533: The snapshot info is null. Setting the last applied indexto:(t:0, i:~)
2019-09-20 05:50:02,513 [pool-57-thread-1] INFO  server.RaftServerConfigKeys (ConfUtils.java:logGet(43)) - raft.server.leader.election.timeout = 120s (custom)
2019-09-20 05:50:02,513 [pool-57-thread-1] INFO  server.RaftServerConfigKeys (ConfUtils.java:logGet(43)) - raft.server.log.use.memory = false (default)
2019-09-20 05:50:02,513 [pool-57-thread-1] INFO  server.RaftServerConfigKeys (ConfUtils.java:logGet(43)) - raft.server.log.purge.gap = 1000000 (custom)
2019-09-20 05:50:02,514 [pool-57-thread-1] INFO  server.RaftServerConfigKeys (ConfUtils.java:logGet(43)) - raft.server.log.appender.buffer.byte-limit = 33554432 (custom)
2019-09-20 05:50:02,514 [pool-57-thread-1] INFO  server.RaftServerConfigKeys (ConfUtils.java:logGet(43)) - raft.server.log.segment.size.max = 1048576 (custom)
2019-09-20 05:50:02,514 [pool-57-thread-1] INFO  server.RaftServerConfigKeys (ConfUtils.java:logGet(43)) - raft.server.log.segment.cache.num.max = 2 (custom)
2019-09-20 05:50:02,514 [pool-57-thread-1] INFO  segmented.SegmentedRaftLogWorker (SegmentedRaftLogWorker.java:<init>(172)) - new 9b918566-8d2f-4f38-9ce1-65f5cd084216-SegmentedRaftLogWorker:Storage Directory /workdir/hadoop-ozone/integration-test/target/test-dir/MiniOzoneClusterImpl-29dd0c8c-da21-41d6-af77-5f0a65600fbb/datanode-0/data/ratis/0b36b6c2-aad6-4ef3-ac73-42b4861d9533 for RaftStorage:Storage Directory /workdir/hadoop-ozone/integration-test/target/test-dir/MiniOzoneClusterImpl-29dd0c8c-da21-41d6-af77-5f0a65600fbb/datanode-0/data/ratis/0b36b6c2-aad6-4ef3-ac73-42b4861d9533
2019-09-20 05:50:02,514 [pool-57-thread-1] INFO  server.RaftServerConfigKeys (ConfUtils.java:logGet(43)) - raft.server.log.queue.byte-limit = 2147483647 (custom)
2019-09-20 05:50:02,514 [pool-57-thread-1] INFO  server.RaftServerConfigKeys (ConfUtils.java:logGet(43)) - raft.server.log.queue.element-limit = 1024 (custom)
2019-09-20 05:50:02,514 [pool-57-thread-1] INFO  server.RaftServerConfigKeys (ConfUtils.java:logGet(43)) - raft.server.log.segment.size.max = 1048576 (custom)
2019-09-20 05:50:02,514 [pool-57-thread-1] INFO  server.RaftServerConfigKeys (ConfUtils.java:logGet(43)) - raft.server.log.preallocated.size = 16384 (custom)
2019-09-20 05:50:02,515 [pool-57-thread-1] INFO  server.RaftServerConfigKeys (ConfUtils.java:logGet(43)) - raft.server.log.write.buffer.size = 33554432 (custom)
2019-09-20 05:50:02,515 [pool-57-thread-1] INFO  server.RaftServerConfigKeys (ConfUtils.java:logGet(43)) - raft.server.log.force.sync.num = 128 (default)
2019-09-20 05:50:02,515 [pool-57-thread-1] INFO  server.RaftServerConfigKeys (ConfUtils.java:logGet(43)) - raft.server.log.statemachine.data.sync = true (default)
2019-09-20 05:50:02,515 [pool-57-thread-1] INFO  server.RaftServerConfigKeys (ConfUtils.java:logGet(43)) - raft.server.log.statemachine.data.sync.timeout = 10s (default)
2019-09-20 05:50:02,515 [pool-57-thread-1] INFO  server.RaftServerConfigKeys (ConfUtils.java:logGet(43)) - raft.server.log.statemachine.data.sync.timeout.retry = -1 (default)
2019-09-20 05:50:02,515 [pool-57-thread-1] INFO  server.RaftServerConfigKeys (ConfUtils.java:logGet(43)) - raft.server.log.statemachine.data.caching.enabled = true (custom)
2019-09-20 05:50:02,516 [pool-57-thread-1] INFO  segmented.SegmentedRaftLogWorker (SegmentedRaftLogWorker.java:lambda$new$0(132)) - 9b918566-8d2f-4f38-9ce1-65f5cd084216-SegmentedRaftLogWorker:Storage Directory /workdir/hadoop-ozone/integration-test/target/test-dir/MiniOzoneClusterImpl-29dd0c8c-da21-41d6-af77-5f0a65600fbb/datanode-0/data/ratis/0b36b6c2-aad6-4ef3-ac73-42b4861d9533: flushIndex: setUnconditionally 0 -> -1
2019-09-20 05:50:02,516 [pool-57-thread-1] INFO  server.RaftServerConfigKeys (ConfUtils.java:logGet(43)) - raft.server.snapshot.auto.trigger.enabled = true (custom)
2019-09-20 05:50:02,516 [pool-57-thread-1] INFO  server.RaftServerConfigKeys (ConfUtils.java:logGet(43)) - raft.server.snapshot.auto.trigger.threshold = 1 (custom)
2019-09-20 05:50:02,516 [pool-57-thread-1] INFO  server.RaftServerConfigKeys (ConfUtils.java:logGet(43)) - raft.server.retrycache.expirytime = 600000ms (custom)
2019-09-20 05:50:02,516 [pool-57-thread-1] INFO  impl.RaftServerImpl (RaftServerImpl.java:start(180)) - 9b918566-8d2f-4f38-9ce1-65f5cd084216: start group-42B4861D9533
2019-09-20 05:50:02,516 [pool-57-thread-1] INFO  impl.RaftServerImpl (RaftServerImpl.java:setRole(171)) - 9b918566-8d2f-4f38-9ce1-65f5cd084216:group-42B4861D9533 changes role from null to FOLLOWER at term 0 for startAsFollower
2019-09-20 05:50:02,516 [pool-57-thread-1] INFO  impl.RoleInfo (RoleInfo.java:updateAndGet(143)) - 9b918566-8d2f-4f38-9ce1-65f5cd084216: start FollowerState
2019-09-20 05:50:02,517 [pool-57-thread-1] INFO  util.JmxRegister (JmxRegister.java:tryRegister(44)) - Successfully registered JMX Bean with object name Ratis:service=RaftServer,group=group-42B4861D9533,id=9b918566-8d2f-4f38-9ce1-65f5cd084216
2019-09-20 05:50:02,518 [RatisPipelineUtilsThread] INFO  pipeline.PipelineStateManager (PipelineStateManager.java:addPipeline(56)) - Created pipeline Pipeline[ Id: 0b36b6c2-aad6-4ef3-ac73-42b4861d9533, Nodes: 9b918566-8d2f-4f38-9ce1-65f5cd084216{ip: 192.168.36.79, host: pr-hdds-1569-s8kj2-2266485376, networkLocation: /default-rack, certSerialId: null}, Type:RATIS, Factor:ONE, State:OPEN]
2019-09-20 05:50:02,521 [grpc-default-executor-1] INFO  impl.RaftServerProxy (RaftServerProxy.java:addNew(89)) - 9b918566-8d2f-4f38-9ce1-65f5cd084216: addNew group-9E1ECF1EC588:[9b918566-8d2f-4f38-9ce1-65f5cd084216:192.168.36.79:46843] returns group-9E1ECF1EC588:java.util.concurrent.CompletableFuture@11716644[Not completed]
2019-09-20 05:50:02,522 [pool-57-thread-1] INFO  impl.RaftServerImpl (RaftServerImpl.java:<init>(93)) - 9b918566-8d2f-4f38-9ce1-65f5cd084216: new RaftServerImpl for group-9E1ECF1EC588:[9b918566-8d2f-4f38-9ce1-65f5cd084216:192.168.36.79:46843] with ContainerStateMachine:uninitialized
2019-09-20 05:50:02,522 [pool-57-thread-1] INFO  server.RaftServerConfigKeys (ConfUtils.java:logGet(43)) - raft.server.rpc.timeout.min = 5s (custom)
2019-09-20 05:50:02,522 [pool-57-thread-1] INFO  server.RaftServerConfigKeys (ConfUtils.java:logGet(43)) - raft.server.rpc.timeout.max = 5200ms (custom)
2019-09-20 05:50:02,522 [pool-57-thread-1] INFO  server.RaftServerConfigKeys (ConfUtils.java:logGet(43)) - raft.server.rpcslowness.timeout = 120s (custom)
2019-09-20 05:50:02,522 [pool-57-thread-1] INFO  server.RaftServerConfigKeys (ConfUtils.java:logGet(43)) - raft.server.sleep.deviation.threshold = 300 (default)
2019-09-20 05:50:02,522 [pool-57-thread-1] INFO  server.RaftServerConfigKeys (ConfUtils.java:logGet(43)) - raft.server.log.appender.install.snapshot.enabled = false (custom)
2019-09-20 05:50:02,522 [pool-57-thread-1] INFO  impl.RaftServerImpl (ServerState.java:<init>(105)) - 9b918566-8d2f-4f38-9ce1-65f5cd084216:group-9E1ECF1EC588 ConfigurationManager, init=-1: [9b918566-8d2f-4f38-9ce1-65f5cd084216:192.168.36.79:46843], old=null, confs=<EMPTY_MAP>
2019-09-20 05:50:02,522 [pool-57-thread-1] INFO  server.RaftServerConfigKeys (ConfUtils.java:logGet(43)) - raft.server.storage.dir = [/workdir/hadoop-ozone/integration-test/target/test-dir/MiniOzoneClusterImpl-29dd0c8c-da21-41d6-af77-5f0a65600fbb/datanode-0/data/ratis] (custom)
2019-09-20 05:50:02,523 [pool-57-thread-1] INFO  storage.RaftStorageDirectory (RaftStorageDirectory.java:analyzeStorage(246)) - The storage directory /workdir/hadoop-ozone/integration-test/target/test-dir/MiniOzoneClusterImpl-29dd0c8c-da21-41d6-af77-5f0a65600fbb/datanode-0/data/ratis/1b778a1e-82f3-4701-ba61-9e1ecf1ec588 does not exist. Creating ...
2019-09-20 05:50:02,526 [Thread-3284] INFO  impl.FollowerState (FollowerState.java:run(106)) - 9b918566-8d2f-4f38-9ce1-65f5cd084216:group-45FBC1CE0677 changes to CANDIDATE, lastRpcTime:5079, electionTimeout:5079ms
2019-09-20 05:50:02,526 [Thread-3284] INFO  impl.RoleInfo (RoleInfo.java:shutdownFollowerState(121)) - 9b918566-8d2f-4f38-9ce1-65f5cd084216: shutdown FollowerState
2019-09-20 05:50:02,526 [Thread-3284] INFO  impl.RaftServerImpl (RaftServerImpl.java:setRole(171)) - 9b918566-8d2f-4f38-9ce1-65f5cd084216:group-45FBC1CE0677 changes role from FOLLOWER to CANDIDATE at term 0 for changeToCandidate
2019-09-20 05:50:02,527 [Thread-3284] INFO  impl.RoleInfo (RoleInfo.java:updateAndGet(143)) - 9b918566-8d2f-4f38-9ce1-65f5cd084216: start LeaderElection
2019-09-20 05:50:02,559 [pool-57-thread-1] INFO  storage.RaftStorageDirectory (RaftStorageDirectory.java:tryLock(328)) - Lock on /workdir/hadoop-ozone/integration-test/target/test-dir/MiniOzoneClusterImpl-29dd0c8c-da21-41d6-af77-5f0a65600fbb/datanode-0/data/ratis/1b778a1e-82f3-4701-ba61-9e1ecf1ec588/in_use.lock acquired by nodename 6907@pr-hdds-1569-s8kj2-2266485376
2019-09-20 05:50:02,559 [9b918566-8d2f-4f38-9ce1-65f5cd084216:group-45FBC1CE0677:LeaderElection424] INFO  impl.LeaderElection (LeaderElection.java:askForVotes(181)) - 9b918566-8d2f-4f38-9ce1-65f5cd084216:group-45FBC1CE0677:LeaderElection424: begin an election at term 1 for -1: [9b918566-8d2f-4f38-9ce1-65f5cd084216:192.168.36.79:46843], old=null
2019-09-20 05:50:02,559 [9b918566-8d2f-4f38-9ce1-65f5cd084216:group-45FBC1CE0677:LeaderElection424] INFO  impl.RoleInfo (RoleInfo.java:shutdownLeaderElection(134)) - 9b918566-8d2f-4f38-9ce1-65f5cd084216: shutdown LeaderElection
2019-09-20 05:50:02,559 [9b918566-8d2f-4f38-9ce1-65f5cd084216:group-45FBC1CE0677:LeaderElection424] INFO  impl.RaftServerImpl (RaftServerImpl.java:setRole(171)) - 9b918566-8d2f-4f38-9ce1-65f5cd084216:group-45FBC1CE0677 changes role from CANDIDATE to LEADER at term 1 for changeToLeader
2019-09-20 05:50:02,559 [9b918566-8d2f-4f38-9ce1-65f5cd084216:group-45FBC1CE0677:LeaderElection424] INFO  impl.RaftServerImpl (ServerState.java:setLeader(263)) - 9b918566-8d2f-4f38-9ce1-65f5cd084216:group-45FBC1CE0677 change Leader from null to 9b918566-8d2f-4f38-9ce1-65f5cd084216 at term 1 for becomeLeader, leader elected after 5114ms
2019-09-20 05:50:02,559 [9b918566-8d2f-4f38-9ce1-65f5cd084216:group-45FBC1CE0677:LeaderElection424] INFO  server.RaftServerConfigKeys (ConfUtils.java:logGet(43)) - raft.server.staging.catchup.gap = 1000 (default)
2019-09-20 05:50:02,559 [9b918566-8d2f-4f38-9ce1-65f5cd084216:group-45FBC1CE0677:LeaderElection424] INFO  server.RaftServerConfigKeys (ConfUtils.java:logGet(43)) - raft.server.rpc.sleep.time = 25ms (default)
2019-09-20 05:50:02,559 [9b918566-8d2f-4f38-9ce1-65f5cd084216:group-45FBC1CE0677:LeaderElection424] INFO  server.RaftServerConfigKeys (ConfUtils.java:logGet(43)) - raft.server.write.element-limit = 4096 (default)
2019-09-20 05:50:02,559 [9b918566-8d2f-4f38-9ce1-65f5cd084216:group-45FBC1CE0677:LeaderElection424] INFO  server.RaftServerConfigKeys (ConfUtils.java:logGet(43)) - raft.server.watch.timeout = 10s (default)
2019-09-20 05:50:02,560 [9b918566-8d2f-4f38-9ce1-65f5cd084216:group-45FBC1CE0677:LeaderElection424] INFO  server.RaftServerConfigKeys (ConfUtils.java:logGet(43)) - raft.server.watch.timeout.denomination = 1s (default)
2019-09-20 05:50:02,560 [9b918566-8d2f-4f38-9ce1-65f5cd084216:group-45FBC1CE0677:LeaderElection424] INFO  server.RaftServerConfigKeys (ConfUtils.java:logGet(43)) - raft.server.watch.element-limit = 65536 (default)
2019-09-20 05:50:02,560 [9b918566-8d2f-4f38-9ce1-65f5cd084216:group-45FBC1CE0677:LeaderElection424] INFO  impl.RoleInfo (RoleInfo.java:updateAndGet(143)) - 9b918566-8d2f-4f38-9ce1-65f5cd084216: start LeaderState
2019-09-20 05:50:02,560 [9b918566-8d2f-4f38-9ce1-65f5cd084216:group-45FBC1CE0677:LeaderElection424] INFO  segmented.SegmentedRaftLogWorker (SegmentedRaftLogWorker.java:startLogSegment(380)) - 9b918566-8d2f-4f38-9ce1-65f5cd084216-SegmentedRaftLogWorker:Storage Directory /workdir/hadoop-ozone/integration-test/target/test-dir/MiniOzoneClusterImpl-29dd0c8c-da21-41d6-af77-5f0a65600fbb/datanode-0/data/ratis/f0703b35-d74f-421a-9f7e-45fbc1ce0677: Starting segment from index:0
2019-09-20 05:50:02,560 [9b918566-8d2f-4f38-9ce1-65f5cd084216:group-45FBC1CE0677:LeaderElection424] INFO  impl.RaftServerImpl (ServerState.java:setRaftConf(361)) - 9b918566-8d2f-4f38-9ce1-65f5cd084216:group-45FBC1CE0677 set configuration 0: [9b918566-8d2f-4f38-9ce1-65f5cd084216:192.168.36.79:46843], old=null at 0
2019-09-20 05:50:02,577 [Thread-3281] INFO  impl.FollowerState (FollowerState.java:run(106)) - 9b918566-8d2f-4f38-9ce1-65f5cd084216:group-0C2AC4CD41BF changes to CANDIDATE, lastRpcTime:5181, electionTimeout:5181ms
2019-09-20 05:50:02,577 [Thread-3281] INFO  impl.RoleInfo (RoleInfo.java:shutdownFollowerState(121)) - 9b918566-8d2f-4f38-9ce1-65f5cd084216: shutdown FollowerState
2019-09-20 05:50:02,577 [Thread-3281] INFO  impl.RaftServerImpl (RaftServerImpl.java:setRole(171)) - 9b918566-8d2f-4f38-9ce1-65f5cd084216:group-0C2AC4CD41BF changes role from FOLLOWER to CANDIDATE at term 0 for changeToCandidate
2019-09-20 05:50:02,577 [Thread-3281] INFO  impl.RoleInfo (RoleInfo.java:updateAndGet(143)) - 9b918566-8d2f-4f38-9ce1-65f5cd084216: start LeaderElection
2019-09-20 05:50:02,609 [pool-57-thread-1] INFO  storage.RaftStorage (RaftStorage.java:format(72)) - Storage directory /workdir/hadoop-ozone/integration-test/target/test-dir/MiniOzoneClusterImpl-29dd0c8c-da21-41d6-af77-5f0a65600fbb/datanode-0/data/ratis/1b778a1e-82f3-4701-ba61-9e1ecf1ec588 has been successfully formatted.
2019-09-20 05:50:02,610 [pool-57-thread-1] INFO  ratis.ContainerStateMachine (ContainerStateMachine.java:loadSnapshot(226)) - group-9E1ECF1EC588: The snapshot info is null. Setting the last applied indexto:(t:0, i:~)
2019-09-20 05:50:02,610 [pool-57-thread-1] INFO  server.RaftServerConfigKeys (ConfUtils.java:logGet(43)) - raft.server.leader.election.timeout = 120s (custom)
2019-09-20 05:50:02,610 [pool-57-thread-1] INFO  server.RaftServerConfigKeys (ConfUtils.java:logGet(43)) - raft.server.log.use.memory = false (default)
2019-09-20 05:50:02,610 [pool-57-thread-1] INFO  server.RaftServerConfigKeys (ConfUtils.java:logGet(43)) - raft.server.log.purge.gap = 1000000 (custom)
2019-09-20 05:50:02,610 [pool-57-thread-1] INFO  server.RaftServerConfigKeys (ConfUtils.java:logGet(43)) - raft.server.log.appender.buffer.byte-limit = 33554432 (custom)
2019-09-20 05:50:02,610 [pool-57-thread-1] INFO  server.RaftServerConfigKeys (ConfUtils.java:logGet(43)) - raft.server.log.segment.size.max = 1048576 (custom)
2019-09-20 05:50:02,610 [pool-57-thread-1] INFO  server.RaftServerConfigKeys (ConfUtils.java:logGet(43)) - raft.server.log.segment.cache.num.max = 2 (custom)
2019-09-20 05:50:02,611 [pool-57-thread-1] INFO  segmented.SegmentedRaftLogWorker (SegmentedRaftLogWorker.java:<init>(172)) - new 9b918566-8d2f-4f38-9ce1-65f5cd084216-SegmentedRaftLogWorker:Storage Directory /workdir/hadoop-ozone/integration-test/target/test-dir/MiniOzoneClusterImpl-29dd0c8c-da21-41d6-af77-5f0a65600fbb/datanode-0/data/ratis/1b778a1e-82f3-4701-ba61-9e1ecf1ec588 for RaftStorage:Storage Directory /workdir/hadoop-ozone/integration-test/target/test-dir/MiniOzoneClusterImpl-29dd0c8c-da21-41d6-af77-5f0a65600fbb/datanode-0/data/ratis/1b778a1e-82f3-4701-ba61-9e1ecf1ec588
2019-09-20 05:50:02,611 [pool-57-thread-1] INFO  server.RaftServerConfigKeys (ConfUtils.java:logGet(43)) - raft.server.log.queue.byte-limit = 2147483647 (custom)
2019-09-20 05:50:02,611 [pool-57-thread-1] INFO  server.RaftServerConfigKeys (ConfUtils.java:logGet(43)) - raft.server.log.queue.element-limit = 1024 (custom)
2019-09-20 05:50:02,611 [pool-57-thread-1] INFO  server.RaftServerConfigKeys (ConfUtils.java:logGet(43)) - raft.server.log.segment.size.max = 1048576 (custom)
2019-09-20 05:50:02,611 [pool-57-thread-1] INFO  server.RaftServerConfigKeys (ConfUtils.java:logGet(43)) - raft.server.log.preallocated.size = 16384 (custom)
2019-09-20 05:50:02,611 [pool-57-thread-1] INFO  server.RaftServerConfigKeys (ConfUtils.java:logGet(43)) - raft.server.log.write.buffer.size = 33554432 (custom)
2019-09-20 05:50:02,611 [pool-57-thread-1] INFO  server.RaftServerConfigKeys (ConfUtils.java:logGet(43)) - raft.server.log.force.sync.num = 128 (default)
2019-09-20 05:50:02,612 [pool-57-thread-1] INFO  server.RaftServerConfigKeys (ConfUtils.java:logGet(43)) - raft.server.log.statemachine.data.sync = true (default)
2019-09-20 05:50:02,612 [pool-57-thread-1] INFO  server.RaftServerConfigKeys (ConfUtils.java:logGet(43)) - raft.server.log.statemachine.data.sync.timeout = 10s (default)
2019-09-20 05:50:02,612 [pool-57-thread-1] INFO  server.RaftServerConfigKeys (ConfUtils.java:logGet(43)) - raft.server.log.statemachine.data.sync.timeout.retry = -1 (default)
2019-09-20 05:50:02,612 [pool-57-thread-1] INFO  server.RaftServerConfigKeys (ConfUtils.java:logGet(43)) - raft.server.log.statemachine.data.caching.enabled = true (custom)
2019-09-20 05:50:02,612 [pool-57-thread-1] INFO  segmented.SegmentedRaftLogWorker (SegmentedRaftLogWorker.java:lambda$new$0(132)) - 9b918566-8d2f-4f38-9ce1-65f5cd084216-SegmentedRaftLogWorker:Storage Directory /workdir/hadoop-ozone/integration-test/target/test-dir/MiniOzoneClusterImpl-29dd0c8c-da21-41d6-af77-5f0a65600fbb/datanode-0/data/ratis/1b778a1e-82f3-4701-ba61-9e1ecf1ec588: flushIndex: setUnconditionally 0 -> -1
2019-09-20 05:50:02,613 [pool-57-thread-1] INFO  server.RaftServerConfigKeys (ConfUtils.java:logGet(43)) - raft.server.snapshot.auto.trigger.enabled = true (custom)
2019-09-20 05:50:02,613 [pool-57-thread-1] INFO  server.RaftServerConfigKeys (ConfUtils.java:logGet(43)) - raft.server.snapshot.auto.trigger.threshold = 1 (custom)
2019-09-20 05:50:02,613 [pool-57-thread-1] INFO  server.RaftServerConfigKeys (ConfUtils.java:logGet(43)) - raft.server.retrycache.expirytime = 600000ms (custom)
2019-09-20 05:50:02,613 [pool-57-thread-1] INFO  impl.RaftServerImpl (RaftServerImpl.java:start(180)) - 9b918566-8d2f-4f38-9ce1-65f5cd084216: start group-9E1ECF1EC588
2019-09-20 05:50:02,613 [pool-57-thread-1] INFO  impl.RaftServerImpl (RaftServerImpl.java:setRole(171)) - 9b918566-8d2f-4f38-9ce1-65f5cd084216:group-9E1ECF1EC588 changes role from null to FOLLOWER at term 0 for startAsFollower
2019-09-20 05:50:02,613 [pool-57-thread-1] INFO  impl.RoleInfo (RoleInfo.java:updateAndGet(143)) - 9b918566-8d2f-4f38-9ce1-65f5cd084216: start FollowerState
2019-09-20 05:50:02,614 [pool-57-thread-1] INFO  util.JmxRegister (JmxRegister.java:tryRegister(44)) - Successfully registered JMX Bean with object name Ratis:service=RaftServer,group=group-9E1ECF1EC588,id=9b918566-8d2f-4f38-9ce1-65f5cd084216
2019-09-20 05:50:02,615 [RatisPipelineUtilsThread] INFO  pipeline.PipelineStateManager (PipelineStateManager.java:addPipeline(56)) - Created pipeline Pipeline[ Id: 1b778a1e-82f3-4701-ba61-9e1ecf1ec588, Nodes: 9b918566-8d2f-4f38-9ce1-65f5cd084216{ip: 192.168.36.79, host: pr-hdds-1569-s8kj2-2266485376, networkLocation: /default-rack, certSerialId: null}, Type:RATIS, Factor:ONE, State:OPEN]
2019-09-20 05:50:02,617 [9b918566-8d2f-4f38-9ce1-65f5cd084216-SegmentedRaftLogWorker:Storage Directory /workdir/hadoop-ozone/integration-test/target/test-dir/MiniOzoneClusterImpl-29dd0c8c-da21-41d6-af77-5f0a65600fbb/datanode-0/data/ratis/f0703b35-d74f-421a-9f7e-45fbc1ce0677] INFO  segmented.SegmentedRaftLogWorker (SegmentedRaftLogWorker.java:execute(569)) - 9b918566-8d2f-4f38-9ce1-65f5cd084216-SegmentedRaftLogWorker:Storage Directory /workdir/hadoop-ozone/integration-test/target/test-dir/MiniOzoneClusterImpl-29dd0c8c-da21-41d6-af77-5f0a65600fbb/datanode-0/data/ratis/f0703b35-d74f-421a-9f7e-45fbc1ce0677: created new log segment /workdir/hadoop-ozone/integration-test/target/test-dir/MiniOzoneClusterImpl-29dd0c8c-da21-41d6-af77-5f0a65600fbb/datanode-0/data/ratis/f0703b35-d74f-421a-9f7e-45fbc1ce0677/current/log_inprogress_0
2019-09-20 05:50:02,618 [9b918566-8d2f-4f38-9ce1-65f5cd084216:group-0C2AC4CD41BF:LeaderElection425] INFO  impl.LeaderElection (LeaderElection.java:askForVotes(181)) - 9b918566-8d2f-4f38-9ce1-65f5cd084216:group-0C2AC4CD41BF:LeaderElection425: begin an election at term 1 for -1: [9b918566-8d2f-4f38-9ce1-65f5cd084216:192.168.36.79:46843], old=null
2019-09-20 05:50:02,618 [9b918566-8d2f-4f38-9ce1-65f5cd084216:group-0C2AC4CD41BF:LeaderElection425] INFO  impl.RoleInfo (RoleInfo.java:shutdownLeaderElection(134)) - 9b918566-8d2f-4f38-9ce1-65f5cd084216: shutdown LeaderElection
2019-09-20 05:50:02,618 [9b918566-8d2f-4f38-9ce1-65f5cd084216:group-0C2AC4CD41BF:LeaderElection425] INFO  impl.RaftServerImpl (RaftServerImpl.java:setRole(171)) - 9b918566-8d2f-4f38-9ce1-65f5cd084216:group-0C2AC4CD41BF changes role from CANDIDATE to LEADER at term 1 for changeToLeader
2019-09-20 05:50:02,618 [9b918566-8d2f-4f38-9ce1-65f5cd084216:group-0C2AC4CD41BF:LeaderElection425] INFO  impl.RaftServerImpl (ServerState.java:setLeader(263)) - 9b918566-8d2f-4f38-9ce1-65f5cd084216:group-0C2AC4CD41BF change Leader from null to 9b918566-8d2f-4f38-9ce1-65f5cd084216 at term 1 for becomeLeader, leader elected after 5224ms
2019-09-20 05:50:02,618 [grpc-default-executor-1] INFO  impl.RaftServerProxy (RaftServerProxy.java:addNew(89)) - 9b918566-8d2f-4f38-9ce1-65f5cd084216: addNew group-96622BF2F79B:[9b918566-8d2f-4f38-9ce1-65f5cd084216:192.168.36.79:46843] returns group-96622BF2F79B:java.util.concurrent.CompletableFuture@2b847664[Not completed]
2019-09-20 05:50:02,618 [9b918566-8d2f-4f38-9ce1-65f5cd084216:group-0C2AC4CD41BF:LeaderElection425] INFO  server.RaftServerConfigKeys (ConfUtils.java:logGet(43)) - raft.server.staging.catchup.gap = 1000 (default)
2019-09-20 05:50:02,618 [9b918566-8d2f-4f38-9ce1-65f5cd084216:group-0C2AC4CD41BF:LeaderElection425] INFO  server.RaftServerConfigKeys (ConfUtils.java:logGet(43)) - raft.server.rpc.sleep.time = 25ms (default)
2019-09-20 05:50:02,618 [9b918566-8d2f-4f38-9ce1-65f5cd084216:group-0C2AC4CD41BF:LeaderElection425] INFO  server.RaftServerConfigKeys (ConfUtils.java:logGet(43)) - raft.server.write.element-limit = 4096 (default)
2019-09-20 05:50:02,618 [9b918566-8d2f-4f38-9ce1-65f5cd084216:group-0C2AC4CD41BF:LeaderElection425] INFO  server.RaftServerConfigKeys (ConfUtils.java:logGet(43)) - raft.server.watch.timeout = 10s (default)
2019-09-20 05:50:02,619 [9b918566-8d2f-4f38-9ce1-65f5cd084216:group-0C2AC4CD41BF:LeaderElection425] INFO  server.RaftServerConfigKeys (ConfUtils.java:logGet(43)) - raft.server.watch.timeout.denomination = 1s (default)
2019-09-20 05:50:02,619 [9b918566-8d2f-4f38-9ce1-65f5cd084216:group-0C2AC4CD41BF:LeaderElection425] INFO  server.RaftServerConfigKeys (ConfUtils.java:logGet(43)) - raft.server.watch.element-limit = 65536 (default)
2019-09-20 05:50:02,619 [pool-57-thread-1] INFO  impl.RaftServerImpl (RaftServerImpl.java:<init>(93)) - 9b918566-8d2f-4f38-9ce1-65f5cd084216: new RaftServerImpl for group-96622BF2F79B:[9b918566-8d2f-4f38-9ce1-65f5cd084216:192.168.36.79:46843] with ContainerStateMachine:uninitialized
2019-09-20 05:50:02,619 [9b918566-8d2f-4f38-9ce1-65f5cd084216:group-0C2AC4CD41BF:LeaderElection425] INFO  impl.RoleInfo (RoleInfo.java:updateAndGet(143)) - 9b918566-8d2f-4f38-9ce1-65f5cd084216: start LeaderState
2019-09-20 05:50:02,619 [pool-57-thread-1] INFO  server.RaftServerConfigKeys (ConfUtils.java:logGet(43)) - raft.server.rpc.timeout.min = 5s (custom)
2019-09-20 05:50:02,619 [9b918566-8d2f-4f38-9ce1-65f5cd084216:group-0C2AC4CD41BF:LeaderElection425] INFO  segmented.SegmentedRaftLogWorker (SegmentedRaftLogWorker.java:startLogSegment(380)) - 9b918566-8d2f-4f38-9ce1-65f5cd084216-SegmentedRaftLogWorker:Storage Directory /workdir/hadoop-ozone/integration-test/target/test-dir/MiniOzoneClusterImpl-29dd0c8c-da21-41d6-af77-5f0a65600fbb/datanode-0/data/ratis/8d66f529-2f1a-4ea5-93f4-0c2ac4cd41bf: Starting segment from index:0
2019-09-20 05:50:02,619 [pool-57-thread-1] INFO  server.RaftServerConfigKeys (ConfUtils.java:logGet(43)) - raft.server.rpc.timeout.max = 5200ms (custom)
2019-09-20 05:50:02,619 [pool-57-thread-1] INFO  server.RaftServerConfigKeys (ConfUtils.java:logGet(43)) - raft.server.rpcslowness.timeout = 120s (custom)
2019-09-20 05:50:02,619 [9b918566-8d2f-4f38-9ce1-65f5cd084216:group-0C2AC4CD41BF:LeaderElection425] INFO  impl.RaftServerImpl (ServerState.java:setRaftConf(361)) - 9b918566-8d2f-4f38-9ce1-65f5cd084216:group-0C2AC4CD41BF set configuration 0: [9b918566-8d2f-4f38-9ce1-65f5cd084216:192.168.36.79:46843], old=null at 0
2019-09-20 05:50:02,619 [pool-57-thread-1] INFO  server.RaftServerConfigKeys (ConfUtils.java:logGet(43)) - raft.server.sleep.deviation.threshold = 300 (default)
2019-09-20 05:50:02,620 [pool-57-thread-1] INFO  server.RaftServerConfigKeys (ConfUtils.java:logGet(43)) - raft.server.log.appender.install.snapshot.enabled = false (custom)
2019-09-20 05:50:02,620 [pool-57-thread-1] INFO  impl.RaftServerImpl (ServerState.java:<init>(105)) - 9b918566-8d2f-4f38-9ce1-65f5cd084216:group-96622BF2F79B ConfigurationManager, init=-1: [9b918566-8d2f-4f38-9ce1-65f5cd084216:192.168.36.79:46843], old=null, confs=<EMPTY_MAP>
2019-09-20 05:50:02,620 [pool-57-thread-1] INFO  server.RaftServerConfigKeys (ConfUtils.java:logGet(43)) - raft.server.storage.dir = [/workdir/hadoop-ozone/integration-test/target/test-dir/MiniOzoneClusterImpl-29dd0c8c-da21-41d6-af77-5f0a65600fbb/datanode-0/data/ratis] (custom)
2019-09-20 05:50:02,621 [pool-57-thread-1] INFO  storage.RaftStorageDirectory (RaftStorageDirectory.java:analyzeStorage(246)) - The storage directory /workdir/hadoop-ozone/integration-test/target/test-dir/MiniOzoneClusterImpl-29dd0c8c-da21-41d6-af77-5f0a65600fbb/datanode-0/data/ratis/3066cb0c-8537-41ff-b321-96622bf2f79b does not exist. Creating ...
2019-09-20 05:50:02,629 [Thread-3287] INFO  impl.FollowerState (FollowerState.java:run(106)) - 9b918566-8d2f-4f38-9ce1-65f5cd084216:group-D8DA06E1BC94 changes to CANDIDATE, lastRpcTime:5107, electionTimeout:5107ms
2019-09-20 05:50:02,629 [Thread-3287] INFO  impl.RoleInfo (RoleInfo.java:shutdownFollowerState(121)) - 9b918566-8d2f-4f38-9ce1-65f5cd084216: shutdown FollowerState
2019-09-20 05:50:02,630 [Thread-3287] INFO  impl.RaftServerImpl (RaftServerImpl.java:setRole(171)) - 9b918566-8d2f-4f38-9ce1-65f5cd084216:group-D8DA06E1BC94 changes role from FOLLOWER to CANDIDATE at term 0 for changeToCandidate
2019-09-20 05:50:02,630 [Thread-3287] INFO  impl.RoleInfo (RoleInfo.java:updateAndGet(143)) - 9b918566-8d2f-4f38-9ce1-65f5cd084216: start LeaderElection
2019-09-20 05:50:02,643 [pool-57-thread-1] INFO  storage.RaftStorageDirectory (RaftStorageDirectory.java:tryLock(328)) - Lock on /workdir/hadoop-ozone/integration-test/target/test-dir/MiniOzoneClusterImpl-29dd0c8c-da21-41d6-af77-5f0a65600fbb/datanode-0/data/ratis/3066cb0c-8537-41ff-b321-96622bf2f79b/in_use.lock acquired by nodename 6907@pr-hdds-1569-s8kj2-2266485376
2019-09-20 05:50:02,643 [9b918566-8d2f-4f38-9ce1-65f5cd084216:group-D8DA06E1BC94:LeaderElection426] INFO  impl.LeaderElection (LeaderElection.java:askForVotes(181)) - 9b918566-8d2f-4f38-9ce1-65f5cd084216:group-D8DA06E1BC94:LeaderElection426: begin an election at term 1 for -1: [9b918566-8d2f-4f38-9ce1-65f5cd084216:192.168.36.79:46843], old=null
2019-09-20 05:50:02,644 [9b918566-8d2f-4f38-9ce1-65f5cd084216:group-D8DA06E1BC94:LeaderElection426] INFO  impl.RoleInfo (RoleInfo.java:shutdownLeaderElection(134)) - 9b918566-8d2f-4f38-9ce1-65f5cd084216: shutdown LeaderElection
2019-09-20 05:50:02,644 [9b918566-8d2f-4f38-9ce1-65f5cd084216:group-D8DA06E1BC94:LeaderElection426] INFO  impl.RaftServerImpl (RaftServerImpl.java:setRole(171)) - 9b918566-8d2f-4f38-9ce1-65f5cd084216:group-D8DA06E1BC94 changes role from CANDIDATE to LEADER at term 1 for changeToLeader
2019-09-20 05:50:02,644 [9b918566-8d2f-4f38-9ce1-65f5cd084216:group-D8DA06E1BC94:LeaderElection426] INFO  impl.RaftServerImpl (ServerState.java:setLeader(263)) - 9b918566-8d2f-4f38-9ce1-65f5cd084216:group-D8DA06E1BC94 change Leader from null to 9b918566-8d2f-4f38-9ce1-65f5cd084216 at term 1 for becomeLeader, leader elected after 5124ms
2019-09-20 05:50:02,644 [9b918566-8d2f-4f38-9ce1-65f5cd084216:group-D8DA06E1BC94:LeaderElection426] INFO  server.RaftServerConfigKeys (ConfUtils.java:logGet(43)) - raft.server.staging.catchup.gap = 1000 (default)
2019-09-20 05:50:02,644 [9b918566-8d2f-4f38-9ce1-65f5cd084216:group-D8DA06E1BC94:LeaderElection426] INFO  server.RaftServerConfigKeys (ConfUtils.java:logGet(43)) - raft.server.rpc.sleep.time = 25ms (default)
2019-09-20 05:50:02,644 [9b918566-8d2f-4f38-9ce1-65f5cd084216:group-D8DA06E1BC94:LeaderElection426] INFO  server.RaftServerConfigKeys (ConfUtils.java:logGet(43)) - raft.server.write.element-limit = 4096 (default)
2019-09-20 05:50:02,644 [9b918566-8d2f-4f38-9ce1-65f5cd084216:group-D8DA06E1BC94:LeaderElection426] INFO  server.RaftServerConfigKeys (ConfUtils.java:logGet(43)) - raft.server.watch.timeout = 10s (default)
2019-09-20 05:50:02,644 [9b918566-8d2f-4f38-9ce1-65f5cd084216:group-D8DA06E1BC94:LeaderElection426] INFO  server.RaftServerConfigKeys (ConfUtils.java:logGet(43)) - raft.server.watch.timeout.denomination = 1s (default)
2019-09-20 05:50:02,645 [9b918566-8d2f-4f38-9ce1-65f5cd084216:group-D8DA06E1BC94:LeaderElection426] INFO  server.RaftServerConfigKeys (ConfUtils.java:logGet(43)) - raft.server.watch.element-limit = 65536 (default)
2019-09-20 05:50:02,645 [9b918566-8d2f-4f38-9ce1-65f5cd084216:group-D8DA06E1BC94:LeaderElection426] INFO  impl.RoleInfo (RoleInfo.java:updateAndGet(143)) - 9b918566-8d2f-4f38-9ce1-65f5cd084216: start LeaderState
2019-09-20 05:50:02,645 [9b918566-8d2f-4f38-9ce1-65f5cd084216:group-D8DA06E1BC94:LeaderElection426] INFO  segmented.SegmentedRaftLogWorker (SegmentedRaftLogWorker.java:startLogSegment(380)) - 9b918566-8d2f-4f38-9ce1-65f5cd084216-SegmentedRaftLogWorker:Storage Directory /workdir/hadoop-ozone/integration-test/target/test-dir/MiniOzoneClusterImpl-29dd0c8c-da21-41d6-af77-5f0a65600fbb/datanode-0/data/ratis/86983013-5fdc-4a7e-97cf-d8da06e1bc94: Starting segment from index:0
2019-09-20 05:50:02,645 [9b918566-8d2f-4f38-9ce1-65f5cd084216:group-D8DA06E1BC94:LeaderElection426] INFO  impl.RaftServerImpl (ServerState.java:setRaftConf(361)) - 9b918566-8d2f-4f38-9ce1-65f5cd084216:group-D8DA06E1BC94 set configuration 0: [9b918566-8d2f-4f38-9ce1-65f5cd084216:192.168.36.79:46843], old=null at 0
2019-09-20 05:50:02,685 [9b918566-8d2f-4f38-9ce1-65f5cd084216-SegmentedRaftLogWorker:Storage Directory /workdir/hadoop-ozone/integration-test/target/test-dir/MiniOzoneClusterImpl-29dd0c8c-da21-41d6-af77-5f0a65600fbb/datanode-0/data/ratis/8d66f529-2f1a-4ea5-93f4-0c2ac4cd41bf] INFO  segmented.SegmentedRaftLogWorker (SegmentedRaftLogWorker.java:execute(569)) - 9b918566-8d2f-4f38-9ce1-65f5cd084216-SegmentedRaftLogWorker:Storage Directory /workdir/hadoop-ozone/integration-test/target/test-dir/MiniOzoneClusterImpl-29dd0c8c-da21-41d6-af77-5f0a65600fbb/datanode-0/data/ratis/8d66f529-2f1a-4ea5-93f4-0c2ac4cd41bf: created new log segment /workdir/hadoop-ozone/integration-test/target/test-dir/MiniOzoneClusterImpl-29dd0c8c-da21-41d6-af77-5f0a65600fbb/datanode-0/data/ratis/8d66f529-2f1a-4ea5-93f4-0c2ac4cd41bf/current/log_inprogress_0
2019-09-20 05:50:02,694 [pool-57-thread-1] INFO  storage.RaftStorage (RaftStorage.java:format(72)) - Storage directory /workdir/hadoop-ozone/integration-test/target/test-dir/MiniOzoneClusterImpl-29dd0c8c-da21-41d6-af77-5f0a65600fbb/datanode-0/data/ratis/3066cb0c-8537-41ff-b321-96622bf2f79b has been successfully formatted.
2019-09-20 05:50:02,694 [pool-57-thread-1] INFO  ratis.ContainerStateMachine (ContainerStateMachine.java:loadSnapshot(226)) - group-96622BF2F79B: The snapshot info is null. Setting the last applied indexto:(t:0, i:~)
2019-09-20 05:50:02,694 [pool-57-thread-1] INFO  server.RaftServerConfigKeys (ConfUtils.java:logGet(43)) - raft.server.leader.election.timeout = 120s (custom)
2019-09-20 05:50:02,695 [pool-57-thread-1] INFO  server.RaftServerConfigKeys (ConfUtils.java:logGet(43)) - raft.server.log.use.memory = false (default)
2019-09-20 05:50:02,695 [pool-57-thread-1] INFO  server.RaftServerConfigKeys (ConfUtils.java:logGet(43)) - raft.server.log.purge.gap = 1000000 (custom)
2019-09-20 05:50:02,695 [pool-57-thread-1] INFO  server.RaftServerConfigKeys (ConfUtils.java:logGet(43)) - raft.server.log.appender.buffer.byte-limit = 33554432 (custom)
2019-09-20 05:50:02,695 | INFO  | SCMAudit | user=jenkins1000 | ip=192.168.36.79 | op=SEND_HEARTBEAT {datanodeUUID=9b918566-8d2f-4f38-9ce1-65f5cd084216, command=[]} | ret=SUCCESS |  
2019-09-20 05:50:02,695 [pool-57-thread-1] INFO  server.RaftServerConfigKeys (ConfUtils.java:logGet(43)) - raft.server.log.segment.size.max = 1048576 (custom)
2019-09-20 05:50:02,695 [pool-57-thread-1] INFO  server.RaftServerConfigKeys (ConfUtils.java:logGet(43)) - raft.server.log.segment.cache.num.max = 2 (custom)
2019-09-20 05:50:02,695 [pool-57-thread-1] INFO  segmented.SegmentedRaftLogWorker (SegmentedRaftLogWorker.java:<init>(172)) - new 9b918566-8d2f-4f38-9ce1-65f5cd084216-SegmentedRaftLogWorker:Storage Directory /workdir/hadoop-ozone/integration-test/target/test-dir/MiniOzoneClusterImpl-29dd0c8c-da21-41d6-af77-5f0a65600fbb/datanode-0/data/ratis/3066cb0c-8537-41ff-b321-96622bf2f79b for RaftStorage:Storage Directory /workdir/hadoop-ozone/integration-test/target/test-dir/MiniOzoneClusterImpl-29dd0c8c-da21-41d6-af77-5f0a65600fbb/datanode-0/data/ratis/3066cb0c-8537-41ff-b321-96622bf2f79b
2019-09-20 05:50:02,695 [pool-57-thread-1] INFO  server.RaftServerConfigKeys (ConfUtils.java:logGet(43)) - raft.server.log.queue.byte-limit = 2147483647 (custom)
2019-09-20 05:50:02,695 [pool-57-thread-1] INFO  server.RaftServerConfigKeys (ConfUtils.java:logGet(43)) - raft.server.log.queue.element-limit = 1024 (custom)
2019-09-20 05:50:02,696 [pool-57-thread-1] INFO  server.RaftServerConfigKeys (ConfUtils.java:logGet(43)) - raft.server.log.segment.size.max = 1048576 (custom)
2019-09-20 05:50:02,696 [pool-57-thread-1] INFO  server.RaftServerConfigKeys (ConfUtils.java:logGet(43)) - raft.server.log.preallocated.size = 16384 (custom)
2019-09-20 05:50:02,696 [pool-57-thread-1] INFO  server.RaftServerConfigKeys (ConfUtils.java:logGet(43)) - raft.server.log.write.buffer.size = 33554432 (custom)
2019-09-20 05:50:02,696 [pool-57-thread-1] INFO  server.RaftServerConfigKeys (ConfUtils.java:logGet(43)) - raft.server.log.force.sync.num = 128 (default)
2019-09-20 05:50:02,696 [pool-57-thread-1] INFO  server.RaftServerConfigKeys (ConfUtils.java:logGet(43)) - raft.server.log.statemachine.data.sync = true (default)
2019-09-20 05:50:02,696 [pool-57-thread-1] INFO  server.RaftServerConfigKeys (ConfUtils.java:logGet(43)) - raft.server.log.statemachine.data.sync.timeout = 10s (default)
2019-09-20 05:50:02,697 [pool-57-thread-1] INFO  server.RaftServerConfigKeys (ConfUtils.java:logGet(43)) - raft.server.log.statemachine.data.sync.timeout.retry = -1 (default)
2019-09-20 05:50:02,697 [pool-57-thread-1] INFO  server.RaftServerConfigKeys (ConfUtils.java:logGet(43)) - raft.server.log.statemachine.data.caching.enabled = true (custom)
2019-09-20 05:50:02,697 [pool-57-thread-1] INFO  segmented.SegmentedRaftLogWorker (SegmentedRaftLogWorker.java:lambda$new$0(132)) - 9b918566-8d2f-4f38-9ce1-65f5cd084216-SegmentedRaftLogWorker:Storage Directory /workdir/hadoop-ozone/integration-test/target/test-dir/MiniOzoneClusterImpl-29dd0c8c-da21-41d6-af77-5f0a65600fbb/datanode-0/data/ratis/3066cb0c-8537-41ff-b321-96622bf2f79b: flushIndex: setUnconditionally 0 -> -1
2019-09-20 05:50:02,697 [pool-57-thread-1] INFO  server.RaftServerConfigKeys (ConfUtils.java:logGet(43)) - raft.server.snapshot.auto.trigger.enabled = true (custom)
2019-09-20 05:50:02,697 [pool-57-thread-1] INFO  server.RaftServerConfigKeys (ConfUtils.java:logGet(43)) - raft.server.snapshot.auto.trigger.threshold = 1 (custom)
2019-09-20 05:50:02,698 [pool-57-thread-1] INFO  server.RaftServerConfigKeys (ConfUtils.java:logGet(43)) - raft.server.retrycache.expirytime = 600000ms (custom)
2019-09-20 05:50:02,698 [pool-57-thread-1] INFO  impl.RaftServerImpl (RaftServerImpl.java:start(180)) - 9b918566-8d2f-4f38-9ce1-65f5cd084216: start group-96622BF2F79B
2019-09-20 05:50:02,698 [pool-57-thread-1] INFO  impl.RaftServerImpl (RaftServerImpl.java:setRole(171)) - 9b918566-8d2f-4f38-9ce1-65f5cd084216:group-96622BF2F79B changes role from null to FOLLOWER at term 0 for startAsFollower
2019-09-20 05:50:02,698 [pool-57-thread-1] INFO  impl.RoleInfo (RoleInfo.java:updateAndGet(143)) - 9b918566-8d2f-4f38-9ce1-65f5cd084216: start FollowerState
2019-09-20 05:50:02,698 [pool-57-thread-1] INFO  util.JmxRegister (JmxRegister.java:tryRegister(44)) - Successfully registered JMX Bean with object name Ratis:service=RaftServer,group=group-96622BF2F79B,id=9b918566-8d2f-4f38-9ce1-65f5cd084216
2019-09-20 05:50:02,700 [RatisPipelineUtilsThread] INFO  pipeline.PipelineStateManager (PipelineStateManager.java:addPipeline(56)) - Created pipeline Pipeline[ Id: 3066cb0c-8537-41ff-b321-96622bf2f79b, Nodes: 9b918566-8d2f-4f38-9ce1-65f5cd084216{ip: 192.168.36.79, host: pr-hdds-1569-s8kj2-2266485376, networkLocation: /default-rack, certSerialId: null}, Type:RATIS, Factor:ONE, State:OPEN]
2019-09-20 05:50:02,702 [9b918566-8d2f-4f38-9ce1-65f5cd084216-SegmentedRaftLogWorker:Storage Directory /workdir/hadoop-ozone/integration-test/target/test-dir/MiniOzoneClusterImpl-29dd0c8c-da21-41d6-af77-5f0a65600fbb/datanode-0/data/ratis/86983013-5fdc-4a7e-97cf-d8da06e1bc94] INFO  segmented.SegmentedRaftLogWorker (SegmentedRaftLogWorker.java:execute(569)) - 9b918566-8d2f-4f38-9ce1-65f5cd084216-SegmentedRaftLogWorker:Storage Directory /workdir/hadoop-ozone/integration-test/target/test-dir/MiniOzoneClusterImpl-29dd0c8c-da21-41d6-af77-5f0a65600fbb/datanode-0/data/ratis/86983013-5fdc-4a7e-97cf-d8da06e1bc94: created new log segment /workdir/hadoop-ozone/integration-test/target/test-dir/MiniOzoneClusterImpl-29dd0c8c-da21-41d6-af77-5f0a65600fbb/datanode-0/data/ratis/86983013-5fdc-4a7e-97cf-d8da06e1bc94/current/log_inprogress_0
2019-09-20 05:50:02,703 [grpc-default-executor-1] INFO  impl.RaftServerProxy (RaftServerProxy.java:addNew(89)) - 9b918566-8d2f-4f38-9ce1-65f5cd084216: addNew group-A25CACE966D3:[9b918566-8d2f-4f38-9ce1-65f5cd084216:192.168.36.79:46843] returns group-A25CACE966D3:java.util.concurrent.CompletableFuture@291466f3[Not completed]
2019-09-20 05:50:02,703 [pool-57-thread-1] INFO  impl.RaftServerImpl (RaftServerImpl.java:<init>(93)) - 9b918566-8d2f-4f38-9ce1-65f5cd084216: new RaftServerImpl for group-A25CACE966D3:[9b918566-8d2f-4f38-9ce1-65f5cd084216:192.168.36.79:46843] with ContainerStateMachine:uninitialized
2019-09-20 05:50:02,703 [pool-57-thread-1] INFO  server.RaftServerConfigKeys (ConfUtils.java:logGet(43)) - raft.server.rpc.timeout.min = 5s (custom)
2019-09-20 05:50:02,704 [pool-57-thread-1] INFO  server.RaftServerConfigKeys (ConfUtils.java:logGet(43)) - raft.server.rpc.timeout.max = 5200ms (custom)
2019-09-20 05:50:02,704 [pool-57-thread-1] INFO  server.RaftServerConfigKeys (ConfUtils.java:logGet(43)) - raft.server.rpcslowness.timeout = 120s (custom)
2019-09-20 05:50:02,704 [pool-57-thread-1] INFO  server.RaftServerConfigKeys (ConfUtils.java:logGet(43)) - raft.server.sleep.deviation.threshold = 300 (default)
2019-09-20 05:50:02,704 [pool-57-thread-1] INFO  server.RaftServerConfigKeys (ConfUtils.java:logGet(43)) - raft.server.log.appender.install.snapshot.enabled = false (custom)
2019-09-20 05:50:02,704 [pool-57-thread-1] INFO  impl.RaftServerImpl (ServerState.java:<init>(105)) - 9b918566-8d2f-4f38-9ce1-65f5cd084216:group-A25CACE966D3 ConfigurationManager, init=-1: [9b918566-8d2f-4f38-9ce1-65f5cd084216:192.168.36.79:46843], old=null, confs=<EMPTY_MAP>
2019-09-20 05:50:02,704 [pool-57-thread-1] INFO  server.RaftServerConfigKeys (ConfUtils.java:logGet(43)) - raft.server.storage.dir = [/workdir/hadoop-ozone/integration-test/target/test-dir/MiniOzoneClusterImpl-29dd0c8c-da21-41d6-af77-5f0a65600fbb/datanode-0/data/ratis] (custom)
2019-09-20 05:50:02,705 [pool-57-thread-1] INFO  storage.RaftStorageDirectory (RaftStorageDirectory.java:analyzeStorage(246)) - The storage directory /workdir/hadoop-ozone/integration-test/target/test-dir/MiniOzoneClusterImpl-29dd0c8c-da21-41d6-af77-5f0a65600fbb/datanode-0/data/ratis/c3d49466-7916-42d9-a870-a25cace966d3 does not exist. Creating ...
2019-09-20 05:50:02,722 [Thread-3290] INFO  impl.FollowerState (FollowerState.java:run(106)) - 9b918566-8d2f-4f38-9ce1-65f5cd084216:group-CB0AB07AE47C changes to CANDIDATE, lastRpcTime:5116, electionTimeout:5116ms
2019-09-20 05:50:02,722 [Thread-3290] INFO  impl.RoleInfo (RoleInfo.java:shutdownFollowerState(121)) - 9b918566-8d2f-4f38-9ce1-65f5cd084216: shutdown FollowerState
2019-09-20 05:50:02,722 [Thread-3290] INFO  impl.RaftServerImpl (RaftServerImpl.java:setRole(171)) - 9b918566-8d2f-4f38-9ce1-65f5cd084216:group-CB0AB07AE47C changes role from FOLLOWER to CANDIDATE at term 0 for changeToCandidate
2019-09-20 05:50:02,722 [Thread-3290] INFO  impl.RoleInfo (RoleInfo.java:updateAndGet(143)) - 9b918566-8d2f-4f38-9ce1-65f5cd084216: start LeaderElection
2019-09-20 05:50:02,736 [pool-57-thread-1] INFO  storage.RaftStorageDirectory (RaftStorageDirectory.java:tryLock(328)) - Lock on /workdir/hadoop-ozone/integration-test/target/test-dir/MiniOzoneClusterImpl-29dd0c8c-da21-41d6-af77-5f0a65600fbb/datanode-0/data/ratis/c3d49466-7916-42d9-a870-a25cace966d3/in_use.lock acquired by nodename 6907@pr-hdds-1569-s8kj2-2266485376
2019-09-20 05:50:02,736 [9b918566-8d2f-4f38-9ce1-65f5cd084216:group-CB0AB07AE47C:LeaderElection427] INFO  impl.LeaderElection (LeaderElection.java:askForVotes(181)) - 9b918566-8d2f-4f38-9ce1-65f5cd084216:group-CB0AB07AE47C:LeaderElection427: begin an election at term 1 for -1: [9b918566-8d2f-4f38-9ce1-65f5cd084216:192.168.36.79:46843], old=null
2019-09-20 05:50:02,737 [9b918566-8d2f-4f38-9ce1-65f5cd084216:group-CB0AB07AE47C:LeaderElection427] INFO  impl.RoleInfo (RoleInfo.java:shutdownLeaderElection(134)) - 9b918566-8d2f-4f38-9ce1-65f5cd084216: shutdown LeaderElection
2019-09-20 05:50:02,737 [9b918566-8d2f-4f38-9ce1-65f5cd084216:group-CB0AB07AE47C:LeaderElection427] INFO  impl.RaftServerImpl (RaftServerImpl.java:setRole(171)) - 9b918566-8d2f-4f38-9ce1-65f5cd084216:group-CB0AB07AE47C changes role from CANDIDATE to LEADER at term 1 for changeToLeader
2019-09-20 05:50:02,737 [9b918566-8d2f-4f38-9ce1-65f5cd084216:group-CB0AB07AE47C:LeaderElection427] INFO  impl.RaftServerImpl (ServerState.java:setLeader(263)) - 9b918566-8d2f-4f38-9ce1-65f5cd084216:group-CB0AB07AE47C change Leader from null to 9b918566-8d2f-4f38-9ce1-65f5cd084216 at term 1 for becomeLeader, leader elected after 5135ms
2019-09-20 05:50:02,737 [9b918566-8d2f-4f38-9ce1-65f5cd084216:group-CB0AB07AE47C:LeaderElection427] INFO  server.RaftServerConfigKeys (ConfUtils.java:logGet(43)) - raft.server.staging.catchup.gap = 1000 (default)
2019-09-20 05:50:02,737 [9b918566-8d2f-4f38-9ce1-65f5cd084216:group-CB0AB07AE47C:LeaderElection427] INFO  server.RaftServerConfigKeys (ConfUtils.java:logGet(43)) - raft.server.rpc.sleep.time = 25ms (default)
2019-09-20 05:50:02,737 [9b918566-8d2f-4f38-9ce1-65f5cd084216:group-CB0AB07AE47C:LeaderElection427] INFO  server.RaftServerConfigKeys (ConfUtils.java:logGet(43)) - raft.server.write.element-limit = 4096 (default)
2019-09-20 05:50:02,738 [9b918566-8d2f-4f38-9ce1-65f5cd084216:group-CB0AB07AE47C:LeaderElection427] INFO  server.RaftServerConfigKeys (ConfUtils.java:logGet(43)) - raft.server.watch.timeout = 10s (default)
2019-09-20 05:50:02,738 [9b918566-8d2f-4f38-9ce1-65f5cd084216:group-CB0AB07AE47C:LeaderElection427] INFO  server.RaftServerConfigKeys (ConfUtils.java:logGet(43)) - raft.server.watch.timeout.denomination = 1s (default)
2019-09-20 05:50:02,738 [9b918566-8d2f-4f38-9ce1-65f5cd084216:group-CB0AB07AE47C:LeaderElection427] INFO  server.RaftServerConfigKeys (ConfUtils.java:logGet(43)) - raft.server.watch.element-limit = 65536 (default)
2019-09-20 05:50:02,738 [9b918566-8d2f-4f38-9ce1-65f5cd084216:group-CB0AB07AE47C:LeaderElection427] INFO  impl.RoleInfo (RoleInfo.java:updateAndGet(143)) - 9b918566-8d2f-4f38-9ce1-65f5cd084216: start LeaderState
2019-09-20 05:50:02,738 [9b918566-8d2f-4f38-9ce1-65f5cd084216:group-CB0AB07AE47C:LeaderElection427] INFO  segmented.SegmentedRaftLogWorker (SegmentedRaftLogWorker.java:startLogSegment(380)) - 9b918566-8d2f-4f38-9ce1-65f5cd084216-SegmentedRaftLogWorker:Storage Directory /workdir/hadoop-ozone/integration-test/target/test-dir/MiniOzoneClusterImpl-29dd0c8c-da21-41d6-af77-5f0a65600fbb/datanode-0/data/ratis/f1083663-b752-472d-a1c5-cb0ab07ae47c: Starting segment from index:0
2019-09-20 05:50:02,739 [9b918566-8d2f-4f38-9ce1-65f5cd084216:group-CB0AB07AE47C:LeaderElection427] INFO  impl.RaftServerImpl (ServerState.java:setRaftConf(361)) - 9b918566-8d2f-4f38-9ce1-65f5cd084216:group-CB0AB07AE47C set configuration 0: [9b918566-8d2f-4f38-9ce1-65f5cd084216:192.168.36.79:46843], old=null at 0
2019-09-20 05:50:02,745 [Thread-3293] INFO  impl.FollowerState (FollowerState.java:run(106)) - 9b918566-8d2f-4f38-9ce1-65f5cd084216:group-E97AFE0759BC changes to CANDIDATE, lastRpcTime:5079, electionTimeout:5079ms
2019-09-20 05:50:02,745 [Thread-3293] INFO  impl.RoleInfo (RoleInfo.java:shutdownFollowerState(121)) - 9b918566-8d2f-4f38-9ce1-65f5cd084216: shutdown FollowerState
2019-09-20 05:50:02,745 [Thread-3293] INFO  impl.RaftServerImpl (RaftServerImpl.java:setRole(171)) - 9b918566-8d2f-4f38-9ce1-65f5cd084216:group-E97AFE0759BC changes role from FOLLOWER to CANDIDATE at term 0 for changeToCandidate
2019-09-20 05:50:02,745 [Thread-3293] INFO  impl.RoleInfo (RoleInfo.java:updateAndGet(143)) - 9b918566-8d2f-4f38-9ce1-65f5cd084216: start LeaderElection
2019-09-20 05:50:02,755 [Thread-3296] INFO  impl.FollowerState (FollowerState.java:run(106)) - 9b918566-8d2f-4f38-9ce1-65f5cd084216:group-9687A94148C8 changes to CANDIDATE, lastRpcTime:5036, electionTimeout:5036ms
2019-09-20 05:50:02,755 [Thread-3296] INFO  impl.RoleInfo (RoleInfo.java:shutdownFollowerState(121)) - 9b918566-8d2f-4f38-9ce1-65f5cd084216: shutdown FollowerState
2019-09-20 05:50:02,755 [Thread-3296] INFO  impl.RaftServerImpl (RaftServerImpl.java:setRole(171)) - 9b918566-8d2f-4f38-9ce1-65f5cd084216:group-9687A94148C8 changes role from FOLLOWER to CANDIDATE at term 0 for changeToCandidate
2019-09-20 05:50:02,755 [Thread-3296] INFO  impl.RoleInfo (RoleInfo.java:updateAndGet(143)) - 9b918566-8d2f-4f38-9ce1-65f5cd084216: start LeaderElection
2019-09-20 05:50:02,787 [pool-57-thread-1] INFO  storage.RaftStorage (RaftStorage.java:format(72)) - Storage directory /workdir/hadoop-ozone/integration-test/target/test-dir/MiniOzoneClusterImpl-29dd0c8c-da21-41d6-af77-5f0a65600fbb/datanode-0/data/ratis/c3d49466-7916-42d9-a870-a25cace966d3 has been successfully formatted.
2019-09-20 05:50:02,787 [9b918566-8d2f-4f38-9ce1-65f5cd084216:group-E97AFE0759BC:LeaderElection428] INFO  impl.LeaderElection (LeaderElection.java:askForVotes(181)) - 9b918566-8d2f-4f38-9ce1-65f5cd084216:group-E97AFE0759BC:LeaderElection428: begin an election at term 1 for -1: [9b918566-8d2f-4f38-9ce1-65f5cd084216:192.168.36.79:46843], old=null
2019-09-20 05:50:02,787 [pool-57-thread-1] INFO  ratis.ContainerStateMachine (ContainerStateMachine.java:loadSnapshot(226)) - group-A25CACE966D3: The snapshot info is null. Setting the last applied indexto:(t:0, i:~)
2019-09-20 05:50:02,787 [9b918566-8d2f-4f38-9ce1-65f5cd084216:group-9687A94148C8:LeaderElection429] INFO  impl.LeaderElection (LeaderElection.java:askForVotes(181)) - 9b918566-8d2f-4f38-9ce1-65f5cd084216:group-9687A94148C8:LeaderElection429: begin an election at term 1 for -1: [9b918566-8d2f-4f38-9ce1-65f5cd084216:192.168.36.79:46843], old=null
2019-09-20 05:50:02,788 [pool-57-thread-1] INFO  server.RaftServerConfigKeys (ConfUtils.java:logGet(43)) - raft.server.leader.election.timeout = 120s (custom)
2019-09-20 05:50:02,787 [9b918566-8d2f-4f38-9ce1-65f5cd084216:group-E97AFE0759BC:LeaderElection428] INFO  impl.RoleInfo (RoleInfo.java:shutdownLeaderElection(134)) - 9b918566-8d2f-4f38-9ce1-65f5cd084216: shutdown LeaderElection
2019-09-20 05:50:02,788 [pool-57-thread-1] INFO  server.RaftServerConfigKeys (ConfUtils.java:logGet(43)) - raft.server.log.use.memory = false (default)
2019-09-20 05:50:02,788 [9b918566-8d2f-4f38-9ce1-65f5cd084216:group-9687A94148C8:LeaderElection429] INFO  impl.RoleInfo (RoleInfo.java:shutdownLeaderElection(134)) - 9b918566-8d2f-4f38-9ce1-65f5cd084216: shutdown LeaderElection
2019-09-20 05:50:02,788 [pool-57-thread-1] INFO  server.RaftServerConfigKeys (ConfUtils.java:logGet(43)) - raft.server.log.purge.gap = 1000000 (custom)
2019-09-20 05:50:02,788 [9b918566-8d2f-4f38-9ce1-65f5cd084216:group-E97AFE0759BC:LeaderElection428] INFO  impl.RaftServerImpl (RaftServerImpl.java:setRole(171)) - 9b918566-8d2f-4f38-9ce1-65f5cd084216:group-E97AFE0759BC changes role from CANDIDATE to LEADER at term 1 for changeToLeader
2019-09-20 05:50:02,788 [pool-57-thread-1] INFO  server.RaftServerConfigKeys (ConfUtils.java:logGet(43)) - raft.server.log.appender.buffer.byte-limit = 33554432 (custom)
2019-09-20 05:50:02,788 [9b918566-8d2f-4f38-9ce1-65f5cd084216:group-9687A94148C8:LeaderElection429] INFO  impl.RaftServerImpl (RaftServerImpl.java:setRole(171)) - 9b918566-8d2f-4f38-9ce1-65f5cd084216:group-9687A94148C8 changes role from CANDIDATE to LEADER at term 1 for changeToLeader
2019-09-20 05:50:02,789 [pool-57-thread-1] INFO  server.RaftServerConfigKeys (ConfUtils.java:logGet(43)) - raft.server.log.segment.size.max = 1048576 (custom)
2019-09-20 05:50:02,788 [9b918566-8d2f-4f38-9ce1-65f5cd084216:group-E97AFE0759BC:LeaderElection428] INFO  impl.RaftServerImpl (ServerState.java:setLeader(263)) - 9b918566-8d2f-4f38-9ce1-65f5cd084216:group-E97AFE0759BC change Leader from null to 9b918566-8d2f-4f38-9ce1-65f5cd084216 at term 1 for becomeLeader, leader elected after 5126ms
2019-09-20 05:50:02,789 [pool-57-thread-1] INFO  server.RaftServerConfigKeys (ConfUtils.java:logGet(43)) - raft.server.log.segment.cache.num.max = 2 (custom)
2019-09-20 05:50:02,789 [9b918566-8d2f-4f38-9ce1-65f5cd084216:group-9687A94148C8:LeaderElection429] INFO  impl.RaftServerImpl (ServerState.java:setLeader(263)) - 9b918566-8d2f-4f38-9ce1-65f5cd084216:group-9687A94148C8 change Leader from null to 9b918566-8d2f-4f38-9ce1-65f5cd084216 at term 1 for becomeLeader, leader elected after 5072ms
2019-09-20 05:50:02,789 [pool-57-thread-1] INFO  segmented.SegmentedRaftLogWorker (SegmentedRaftLogWorker.java:<init>(172)) - new 9b918566-8d2f-4f38-9ce1-65f5cd084216-SegmentedRaftLogWorker:Storage Directory /workdir/hadoop-ozone/integration-test/target/test-dir/MiniOzoneClusterImpl-29dd0c8c-da21-41d6-af77-5f0a65600fbb/datanode-0/data/ratis/c3d49466-7916-42d9-a870-a25cace966d3 for RaftStorage:Storage Directory /workdir/hadoop-ozone/integration-test/target/test-dir/MiniOzoneClusterImpl-29dd0c8c-da21-41d6-af77-5f0a65600fbb/datanode-0/data/ratis/c3d49466-7916-42d9-a870-a25cace966d3
2019-09-20 05:50:02,789 [9b918566-8d2f-4f38-9ce1-65f5cd084216:group-E97AFE0759BC:LeaderElection428] INFO  server.RaftServerConfigKeys (ConfUtils.java:logGet(43)) - raft.server.staging.catchup.gap = 1000 (default)
2019-09-20 05:50:02,789 [pool-57-thread-1] INFO  server.RaftServerConfigKeys (ConfUtils.java:logGet(43)) - raft.server.log.queue.byte-limit = 2147483647 (custom)
2019-09-20 05:50:02,790 [pool-57-thread-1] INFO  server.RaftServerConfigKeys (ConfUtils.java:logGet(43)) - raft.server.log.queue.element-limit = 1024 (custom)
2019-09-20 05:50:02,789 [9b918566-8d2f-4f38-9ce1-65f5cd084216:group-9687A94148C8:LeaderElection429] INFO  server.RaftServerConfigKeys (ConfUtils.java:logGet(43)) - raft.server.staging.catchup.gap = 1000 (default)
2019-09-20 05:50:02,790 [pool-57-thread-1] INFO  server.RaftServerConfigKeys (ConfUtils.java:logGet(43)) - raft.server.log.segment.size.max = 1048576 (custom)
2019-09-20 05:50:02,789 [9b918566-8d2f-4f38-9ce1-65f5cd084216:group-E97AFE0759BC:LeaderElection428] INFO  server.RaftServerConfigKeys (ConfUtils.java:logGet(43)) - raft.server.rpc.sleep.time = 25ms (default)
2019-09-20 05:50:02,790 [pool-57-thread-1] INFO  server.RaftServerConfigKeys (ConfUtils.java:logGet(43)) - raft.server.log.preallocated.size = 16384 (custom)
2019-09-20 05:50:02,790 [pool-57-thread-1] INFO  server.RaftServerConfigKeys (ConfUtils.java:logGet(43)) - raft.server.log.write.buffer.size = 33554432 (custom)
2019-09-20 05:50:02,790 [9b918566-8d2f-4f38-9ce1-65f5cd084216:group-9687A94148C8:LeaderElection429] INFO  server.RaftServerConfigKeys (ConfUtils.java:logGet(43)) - raft.server.rpc.sleep.time = 25ms (default)
2019-09-20 05:50:02,790 [pool-57-thread-1] INFO  server.RaftServerConfigKeys (ConfUtils.java:logGet(43)) - raft.server.log.force.sync.num = 128 (default)
2019-09-20 05:50:02,791 [pool-57-thread-1] INFO  server.RaftServerConfigKeys (ConfUtils.java:logGet(43)) - raft.server.log.statemachine.data.sync = true (default)
2019-09-20 05:50:02,790 [9b918566-8d2f-4f38-9ce1-65f5cd084216:group-E97AFE0759BC:LeaderElection428] INFO  server.RaftServerConfigKeys (ConfUtils.java:logGet(43)) - raft.server.write.element-limit = 4096 (default)
2019-09-20 05:50:02,791 [pool-57-thread-1] INFO  server.RaftServerConfigKeys (ConfUtils.java:logGet(43)) - raft.server.log.statemachine.data.sync.timeout = 10s (default)
2019-09-20 05:50:02,790 [9b918566-8d2f-4f38-9ce1-65f5cd084216:group-9687A94148C8:LeaderElection429] INFO  server.RaftServerConfigKeys (ConfUtils.java:logGet(43)) - raft.server.write.element-limit = 4096 (default)
2019-09-20 05:50:02,791 [pool-57-thread-1] INFO  server.RaftServerConfigKeys (ConfUtils.java:logGet(43)) - raft.server.log.statemachine.data.sync.timeout.retry = -1 (default)
2019-09-20 05:50:02,791 [9b918566-8d2f-4f38-9ce1-65f5cd084216:group-E97AFE0759BC:LeaderElection428] INFO  server.RaftServerConfigKeys (ConfUtils.java:logGet(43)) - raft.server.watch.timeout = 10s (default)
2019-09-20 05:50:02,791 [pool-57-thread-1] INFO  server.RaftServerConfigKeys (ConfUtils.java:logGet(43)) - raft.server.log.statemachine.data.caching.enabled = true (custom)
2019-09-20 05:50:02,791 [9b918566-8d2f-4f38-9ce1-65f5cd084216:group-9687A94148C8:LeaderElection429] INFO  server.RaftServerConfigKeys (ConfUtils.java:logGet(43)) - raft.server.watch.timeout = 10s (default)
2019-09-20 05:50:02,792 [pool-57-thread-1] INFO  segmented.SegmentedRaftLogWorker (SegmentedRaftLogWorker.java:lambda$new$0(132)) - 9b918566-8d2f-4f38-9ce1-65f5cd084216-SegmentedRaftLogWorker:Storage Directory /workdir/hadoop-ozone/integration-test/target/test-dir/MiniOzoneClusterImpl-29dd0c8c-da21-41d6-af77-5f0a65600fbb/datanode-0/data/ratis/c3d49466-7916-42d9-a870-a25cace966d3: flushIndex: setUnconditionally 0 -> -1
2019-09-20 05:50:02,791 [9b918566-8d2f-4f38-9ce1-65f5cd084216:group-E97AFE0759BC:LeaderElection428] INFO  server.RaftServerConfigKeys (ConfUtils.java:logGet(43)) - raft.server.watch.timeout.denomination = 1s (default)
2019-09-20 05:50:02,792 [9b918566-8d2f-4f38-9ce1-65f5cd084216:group-E97AFE0759BC:LeaderElection428] INFO  server.RaftServerConfigKeys (ConfUtils.java:logGet(43)) - raft.server.watch.element-limit = 65536 (default)
2019-09-20 05:50:02,792 [9b918566-8d2f-4f38-9ce1-65f5cd084216:group-9687A94148C8:LeaderElection429] INFO  server.RaftServerConfigKeys (ConfUtils.java:logGet(43)) - raft.server.watch.timeout.denomination = 1s (default)
2019-09-20 05:50:02,792 [9b918566-8d2f-4f38-9ce1-65f5cd084216:group-E97AFE0759BC:LeaderElection428] INFO  impl.RoleInfo (RoleInfo.java:updateAndGet(143)) - 9b918566-8d2f-4f38-9ce1-65f5cd084216: start LeaderState
2019-09-20 05:50:02,792 [pool-57-thread-1] INFO  server.RaftServerConfigKeys (ConfUtils.java:logGet(43)) - raft.server.snapshot.auto.trigger.enabled = true (custom)
2019-09-20 05:50:02,792 [9b918566-8d2f-4f38-9ce1-65f5cd084216:group-E97AFE0759BC:LeaderElection428] INFO  segmented.SegmentedRaftLogWorker (SegmentedRaftLogWorker.java:startLogSegment(380)) - 9b918566-8d2f-4f38-9ce1-65f5cd084216-SegmentedRaftLogWorker:Storage Directory /workdir/hadoop-ozone/integration-test/target/test-dir/MiniOzoneClusterImpl-29dd0c8c-da21-41d6-af77-5f0a65600fbb/datanode-0/data/ratis/28fd79ef-cef9-47c8-80c3-e97afe0759bc: Starting segment from index:0
2019-09-20 05:50:02,792 [9b918566-8d2f-4f38-9ce1-65f5cd084216:group-9687A94148C8:LeaderElection429] INFO  server.RaftServerConfigKeys (ConfUtils.java:logGet(43)) - raft.server.watch.element-limit = 65536 (default)
2019-09-20 05:50:02,792 [pool-57-thread-1] INFO  server.RaftServerConfigKeys (ConfUtils.java:logGet(43)) - raft.server.snapshot.auto.trigger.threshold = 1 (custom)
2019-09-20 05:50:02,793 [9b918566-8d2f-4f38-9ce1-65f5cd084216:group-E97AFE0759BC:LeaderElection428] INFO  impl.RaftServerImpl (ServerState.java:setRaftConf(361)) - 9b918566-8d2f-4f38-9ce1-65f5cd084216:group-E97AFE0759BC set configuration 0: [9b918566-8d2f-4f38-9ce1-65f5cd084216:192.168.36.79:46843], old=null at 0
2019-09-20 05:50:02,793 [9b918566-8d2f-4f38-9ce1-65f5cd084216:group-9687A94148C8:LeaderElection429] INFO  impl.RoleInfo (RoleInfo.java:updateAndGet(143)) - 9b918566-8d2f-4f38-9ce1-65f5cd084216: start LeaderState
2019-09-20 05:50:02,793 [pool-57-thread-1] INFO  server.RaftServerConfigKeys (ConfUtils.java:logGet(43)) - raft.server.retrycache.expirytime = 600000ms (custom)
2019-09-20 05:50:02,793 [9b918566-8d2f-4f38-9ce1-65f5cd084216:group-9687A94148C8:LeaderElection429] INFO  segmented.SegmentedRaftLogWorker (SegmentedRaftLogWorker.java:startLogSegment(380)) - 9b918566-8d2f-4f38-9ce1-65f5cd084216-SegmentedRaftLogWorker:Storage Directory /workdir/hadoop-ozone/integration-test/target/test-dir/MiniOzoneClusterImpl-29dd0c8c-da21-41d6-af77-5f0a65600fbb/datanode-0/data/ratis/1c30d949-bc0b-458a-a151-9687a94148c8: Starting segment from index:0
2019-09-20 05:50:02,793 [pool-57-thread-1] INFO  impl.RaftServerImpl (RaftServerImpl.java:start(180)) - 9b918566-8d2f-4f38-9ce1-65f5cd084216: start group-A25CACE966D3
2019-09-20 05:50:02,793 [pool-57-thread-1] INFO  impl.RaftServerImpl (RaftServerImpl.java:setRole(171)) - 9b918566-8d2f-4f38-9ce1-65f5cd084216:group-A25CACE966D3 changes role from null to FOLLOWER at term 0 for startAsFollower
2019-09-20 05:50:02,793 [9b918566-8d2f-4f38-9ce1-65f5cd084216:group-9687A94148C8:LeaderElection429] INFO  impl.RaftServerImpl (ServerState.java:setRaftConf(361)) - 9b918566-8d2f-4f38-9ce1-65f5cd084216:group-9687A94148C8 set configuration 0: [9b918566-8d2f-4f38-9ce1-65f5cd084216:192.168.36.79:46843], old=null at 0
2019-09-20 05:50:02,793 [pool-57-thread-1] INFO  impl.RoleInfo (RoleInfo.java:updateAndGet(143)) - 9b918566-8d2f-4f38-9ce1-65f5cd084216: start FollowerState
2019-09-20 05:50:02,794 [pool-57-thread-1] INFO  util.JmxRegister (JmxRegister.java:tryRegister(44)) - Successfully registered JMX Bean with object name Ratis:service=RaftServer,group=group-A25CACE966D3,id=9b918566-8d2f-4f38-9ce1-65f5cd084216
2019-09-20 05:50:02,795 [RatisPipelineUtilsThread] INFO  pipeline.PipelineStateManager (PipelineStateManager.java:addPipeline(56)) - Created pipeline Pipeline[ Id: c3d49466-7916-42d9-a870-a25cace966d3, Nodes: 9b918566-8d2f-4f38-9ce1-65f5cd084216{ip: 192.168.36.79, host: pr-hdds-1569-s8kj2-2266485376, networkLocation: /default-rack, certSerialId: null}, Type:RATIS, Factor:ONE, State:OPEN]
2019-09-20 05:50:02,798 [grpc-default-executor-1] INFO  impl.RaftServerProxy (RaftServerProxy.java:addNew(89)) - 9b918566-8d2f-4f38-9ce1-65f5cd084216: addNew group-1A7E6EC3BB63:[9b918566-8d2f-4f38-9ce1-65f5cd084216:192.168.36.79:46843] returns group-1A7E6EC3BB63:java.util.concurrent.CompletableFuture@54d96175[Not completed]
2019-09-20 05:50:02,799 [pool-57-thread-1] INFO  impl.RaftServerImpl (RaftServerImpl.java:<init>(93)) - 9b918566-8d2f-4f38-9ce1-65f5cd084216: new RaftServerImpl for group-1A7E6EC3BB63:[9b918566-8d2f-4f38-9ce1-65f5cd084216:192.168.36.79:46843] with ContainerStateMachine:uninitialized
2019-09-20 05:50:02,799 [pool-57-thread-1] INFO  server.RaftServerConfigKeys (ConfUtils.java:logGet(43)) - raft.server.rpc.timeout.min = 5s (custom)
2019-09-20 05:50:02,799 [pool-57-thread-1] INFO  server.RaftServerConfigKeys (ConfUtils.java:logGet(43)) - raft.server.rpc.timeout.max = 5200ms (custom)
2019-09-20 05:50:02,799 [pool-57-thread-1] INFO  server.RaftServerConfigKeys (ConfUtils.java:logGet(43)) - raft.server.rpcslowness.timeout = 120s (custom)
2019-09-20 05:50:02,799 [pool-57-thread-1] INFO  server.RaftServerConfigKeys (ConfUtils.java:logGet(43)) - raft.server.sleep.deviation.threshold = 300 (default)
2019-09-20 05:50:02,799 [pool-57-thread-1] INFO  server.RaftServerConfigKeys (ConfUtils.java:logGet(43)) - raft.server.log.appender.install.snapshot.enabled = false (custom)
2019-09-20 05:50:02,800 [pool-57-thread-1] INFO  impl.RaftServerImpl (ServerState.java:<init>(105)) - 9b918566-8d2f-4f38-9ce1-65f5cd084216:group-1A7E6EC3BB63 ConfigurationManager, init=-1: [9b918566-8d2f-4f38-9ce1-65f5cd084216:192.168.36.79:46843], old=null, confs=<EMPTY_MAP>
2019-09-20 05:50:02,800 [pool-57-thread-1] INFO  server.RaftServerConfigKeys (ConfUtils.java:logGet(43)) - raft.server.storage.dir = [/workdir/hadoop-ozone/integration-test/target/test-dir/MiniOzoneClusterImpl-29dd0c8c-da21-41d6-af77-5f0a65600fbb/datanode-0/data/ratis] (custom)
2019-09-20 05:50:02,800 [pool-57-thread-1] INFO  storage.RaftStorageDirectory (RaftStorageDirectory.java:analyzeStorage(246)) - The storage directory /workdir/hadoop-ozone/integration-test/target/test-dir/MiniOzoneClusterImpl-29dd0c8c-da21-41d6-af77-5f0a65600fbb/datanode-0/data/ratis/f68fc840-afc2-4cd9-a5dc-1a7e6ec3bb63 does not exist. Creating ...
2019-09-20 05:50:02,812 [9b918566-8d2f-4f38-9ce1-65f5cd084216-SegmentedRaftLogWorker:Storage Directory /workdir/hadoop-ozone/integration-test/target/test-dir/MiniOzoneClusterImpl-29dd0c8c-da21-41d6-af77-5f0a65600fbb/datanode-0/data/ratis/f1083663-b752-472d-a1c5-cb0ab07ae47c] INFO  segmented.SegmentedRaftLogWorker (SegmentedRaftLogWorker.java:execute(569)) - 9b918566-8d2f-4f38-9ce1-65f5cd084216-SegmentedRaftLogWorker:Storage Directory /workdir/hadoop-ozone/integration-test/target/test-dir/MiniOzoneClusterImpl-29dd0c8c-da21-41d6-af77-5f0a65600fbb/datanode-0/data/ratis/f1083663-b752-472d-a1c5-cb0ab07ae47c: created new log segment /workdir/hadoop-ozone/integration-test/target/test-dir/MiniOzoneClusterImpl-29dd0c8c-da21-41d6-af77-5f0a65600fbb/datanode-0/data/ratis/f1083663-b752-472d-a1c5-cb0ab07ae47c/current/log_inprogress_0
2019-09-20 05:50:02,846 [pool-57-thread-1] INFO  storage.RaftStorageDirectory (RaftStorageDirectory.java:tryLock(328)) - Lock on /workdir/hadoop-ozone/integration-test/target/test-dir/MiniOzoneClusterImpl-29dd0c8c-da21-41d6-af77-5f0a65600fbb/datanode-0/data/ratis/f68fc840-afc2-4cd9-a5dc-1a7e6ec3bb63/in_use.lock acquired by nodename 6907@pr-hdds-1569-s8kj2-2266485376
2019-09-20 05:50:02,863 [9b918566-8d2f-4f38-9ce1-65f5cd084216-SegmentedRaftLogWorker:Storage Directory /workdir/hadoop-ozone/integration-test/target/test-dir/MiniOzoneClusterImpl-29dd0c8c-da21-41d6-af77-5f0a65600fbb/datanode-0/data/ratis/28fd79ef-cef9-47c8-80c3-e97afe0759bc] INFO  segmented.SegmentedRaftLogWorker (SegmentedRaftLogWorker.java:execute(569)) - 9b918566-8d2f-4f38-9ce1-65f5cd084216-SegmentedRaftLogWorker:Storage Directory /workdir/hadoop-ozone/integration-test/target/test-dir/MiniOzoneClusterImpl-29dd0c8c-da21-41d6-af77-5f0a65600fbb/datanode-0/data/ratis/28fd79ef-cef9-47c8-80c3-e97afe0759bc: created new log segment /workdir/hadoop-ozone/integration-test/target/test-dir/MiniOzoneClusterImpl-29dd0c8c-da21-41d6-af77-5f0a65600fbb/datanode-0/data/ratis/28fd79ef-cef9-47c8-80c3-e97afe0759bc/current/log_inprogress_0
2019-09-20 05:50:02,863 [9b918566-8d2f-4f38-9ce1-65f5cd084216-SegmentedRaftLogWorker:Storage Directory /workdir/hadoop-ozone/integration-test/target/test-dir/MiniOzoneClusterImpl-29dd0c8c-da21-41d6-af77-5f0a65600fbb/datanode-0/data/ratis/1c30d949-bc0b-458a-a151-9687a94148c8] INFO  segmented.SegmentedRaftLogWorker (SegmentedRaftLogWorker.java:execute(569)) - 9b918566-8d2f-4f38-9ce1-65f5cd084216-SegmentedRaftLogWorker:Storage Directory /workdir/hadoop-ozone/integration-test/target/test-dir/MiniOzoneClusterImpl-29dd0c8c-da21-41d6-af77-5f0a65600fbb/datanode-0/data/ratis/1c30d949-bc0b-458a-a151-9687a94148c8: created new log segment /workdir/hadoop-ozone/integration-test/target/test-dir/MiniOzoneClusterImpl-29dd0c8c-da21-41d6-af77-5f0a65600fbb/datanode-0/data/ratis/1c30d949-bc0b-458a-a151-9687a94148c8/current/log_inprogress_0
2019-09-20 05:50:02,889 [pool-57-thread-1] INFO  storage.RaftStorage (RaftStorage.java:format(72)) - Storage directory /workdir/hadoop-ozone/integration-test/target/test-dir/MiniOzoneClusterImpl-29dd0c8c-da21-41d6-af77-5f0a65600fbb/datanode-0/data/ratis/f68fc840-afc2-4cd9-a5dc-1a7e6ec3bb63 has been successfully formatted.
2019-09-20 05:50:02,889 [pool-57-thread-1] INFO  ratis.ContainerStateMachine (ContainerStateMachine.java:loadSnapshot(226)) - group-1A7E6EC3BB63: The snapshot info is null. Setting the last applied indexto:(t:0, i:~)
2019-09-20 05:50:02,889 [pool-57-thread-1] INFO  server.RaftServerConfigKeys (ConfUtils.java:logGet(43)) - raft.server.leader.election.timeout = 120s (custom)
2019-09-20 05:50:02,889 [pool-57-thread-1] INFO  server.RaftServerConfigKeys (ConfUtils.java:logGet(43)) - raft.server.log.use.memory = false (default)
2019-09-20 05:50:02,890 [pool-57-thread-1] INFO  server.RaftServerConfigKeys (ConfUtils.java:logGet(43)) - raft.server.log.purge.gap = 1000000 (custom)
2019-09-20 05:50:02,890 [pool-57-thread-1] INFO  server.RaftServerConfigKeys (ConfUtils.java:logGet(43)) - raft.server.log.appender.buffer.byte-limit = 33554432 (custom)
2019-09-20 05:50:02,890 [pool-57-thread-1] INFO  server.RaftServerConfigKeys (ConfUtils.java:logGet(43)) - raft.server.log.segment.size.max = 1048576 (custom)
2019-09-20 05:50:02,890 [pool-57-thread-1] INFO  server.RaftServerConfigKeys (ConfUtils.java:logGet(43)) - raft.server.log.segment.cache.num.max = 2 (custom)
2019-09-20 05:50:02,890 [pool-57-thread-1] INFO  segmented.SegmentedRaftLogWorker (SegmentedRaftLogWorker.java:<init>(172)) - new 9b918566-8d2f-4f38-9ce1-65f5cd084216-SegmentedRaftLogWorker:Storage Directory /workdir/hadoop-ozone/integration-test/target/test-dir/MiniOzoneClusterImpl-29dd0c8c-da21-41d6-af77-5f0a65600fbb/datanode-0/data/ratis/f68fc840-afc2-4cd9-a5dc-1a7e6ec3bb63 for RaftStorage:Storage Directory /workdir/hadoop-ozone/integration-test/target/test-dir/MiniOzoneClusterImpl-29dd0c8c-da21-41d6-af77-5f0a65600fbb/datanode-0/data/ratis/f68fc840-afc2-4cd9-a5dc-1a7e6ec3bb63
2019-09-20 05:50:02,890 [pool-57-thread-1] INFO  server.RaftServerConfigKeys (ConfUtils.java:logGet(43)) - raft.server.log.queue.byte-limit = 2147483647 (custom)
2019-09-20 05:50:02,891 [pool-57-thread-1] INFO  server.RaftServerConfigKeys (ConfUtils.java:logGet(43)) - raft.server.log.queue.element-limit = 1024 (custom)
2019-09-20 05:50:02,891 [pool-57-thread-1] INFO  server.RaftServerConfigKeys (ConfUtils.java:logGet(43)) - raft.server.log.segment.size.max = 1048576 (custom)
2019-09-20 05:50:02,891 [pool-57-thread-1] INFO  server.RaftServerConfigKeys (ConfUtils.java:logGet(43)) - raft.server.log.preallocated.size = 16384 (custom)
2019-09-20 05:50:02,891 [pool-57-thread-1] INFO  server.RaftServerConfigKeys (ConfUtils.java:logGet(43)) - raft.server.log.write.buffer.size = 33554432 (custom)
2019-09-20 05:50:02,891 [pool-57-thread-1] INFO  server.RaftServerConfigKeys (ConfUtils.java:logGet(43)) - raft.server.log.force.sync.num = 128 (default)
2019-09-20 05:50:02,891 [pool-57-thread-1] INFO  server.RaftServerConfigKeys (ConfUtils.java:logGet(43)) - raft.server.log.statemachine.data.sync = true (default)
2019-09-20 05:50:02,892 [pool-57-thread-1] INFO  server.RaftServerConfigKeys (ConfUtils.java:logGet(43)) - raft.server.log.statemachine.data.sync.timeout = 10s (default)
2019-09-20 05:50:02,892 [pool-57-thread-1] INFO  server.RaftServerConfigKeys (ConfUtils.java:logGet(43)) - raft.server.log.statemachine.data.sync.timeout.retry = -1 (default)
2019-09-20 05:50:02,892 [pool-57-thread-1] INFO  server.RaftServerConfigKeys (ConfUtils.java:logGet(43)) - raft.server.log.statemachine.data.caching.enabled = true (custom)
2019-09-20 05:50:02,892 [pool-57-thread-1] INFO  segmented.SegmentedRaftLogWorker (SegmentedRaftLogWorker.java:lambda$new$0(132)) - 9b918566-8d2f-4f38-9ce1-65f5cd084216-SegmentedRaftLogWorker:Storage Directory /workdir/hadoop-ozone/integration-test/target/test-dir/MiniOzoneClusterImpl-29dd0c8c-da21-41d6-af77-5f0a65600fbb/datanode-0/data/ratis/f68fc840-afc2-4cd9-a5dc-1a7e6ec3bb63: flushIndex: setUnconditionally 0 -> -1
2019-09-20 05:50:02,892 [pool-57-thread-1] INFO  server.RaftServerConfigKeys (ConfUtils.java:logGet(43)) - raft.server.snapshot.auto.trigger.enabled = true (custom)
2019-09-20 05:50:02,893 [pool-57-thread-1] INFO  server.RaftServerConfigKeys (ConfUtils.java:logGet(43)) - raft.server.snapshot.auto.trigger.threshold = 1 (custom)
2019-09-20 05:50:02,893 [pool-57-thread-1] INFO  server.RaftServerConfigKeys (ConfUtils.java:logGet(43)) - raft.server.retrycache.expirytime = 600000ms (custom)
2019-09-20 05:50:02,893 [pool-57-thread-1] INFO  impl.RaftServerImpl (RaftServerImpl.java:start(180)) - 9b918566-8d2f-4f38-9ce1-65f5cd084216: start group-1A7E6EC3BB63
2019-09-20 05:50:02,893 [pool-57-thread-1] INFO  impl.RaftServerImpl (RaftServerImpl.java:setRole(171)) - 9b918566-8d2f-4f38-9ce1-65f5cd084216:group-1A7E6EC3BB63 changes role from null to FOLLOWER at term 0 for startAsFollower
2019-09-20 05:50:02,893 [pool-57-thread-1] INFO  impl.RoleInfo (RoleInfo.java:updateAndGet(143)) - 9b918566-8d2f-4f38-9ce1-65f5cd084216: start FollowerState
2019-09-20 05:50:02,894 [pool-57-thread-1] INFO  util.JmxRegister (JmxRegister.java:tryRegister(44)) - Successfully registered JMX Bean with object name Ratis:service=RaftServer,group=group-1A7E6EC3BB63,id=9b918566-8d2f-4f38-9ce1-65f5cd084216
2019-09-20 05:50:02,894 | INFO  | SCMAudit | user=jenkins1000 | ip=192.168.36.79 | op=SEND_HEARTBEAT {datanodeUUID=9b918566-8d2f-4f38-9ce1-65f5cd084216, command=[]} | ret=SUCCESS |  
2019-09-20 05:50:02,895 [RatisPipelineUtilsThread] INFO  pipeline.PipelineStateManager (PipelineStateManager.java:addPipeline(56)) - Created pipeline Pipeline[ Id: f68fc840-afc2-4cd9-a5dc-1a7e6ec3bb63, Nodes: 9b918566-8d2f-4f38-9ce1-65f5cd084216{ip: 192.168.36.79, host: pr-hdds-1569-s8kj2-2266485376, networkLocation: /default-rack, certSerialId: null}, Type:RATIS, Factor:ONE, State:OPEN]
2019-09-20 05:50:02,898 [grpc-default-executor-1] INFO  impl.RaftServerProxy (RaftServerProxy.java:addNew(89)) - 9b918566-8d2f-4f38-9ce1-65f5cd084216: addNew group-CDACEDA68A92:[9b918566-8d2f-4f38-9ce1-65f5cd084216:192.168.36.79:46843] returns group-CDACEDA68A92:java.util.concurrent.CompletableFuture@6497342[Not completed]
2019-09-20 05:50:02,899 [pool-57-thread-1] INFO  impl.RaftServerImpl (RaftServerImpl.java:<init>(93)) - 9b918566-8d2f-4f38-9ce1-65f5cd084216: new RaftServerImpl for group-CDACEDA68A92:[9b918566-8d2f-4f38-9ce1-65f5cd084216:192.168.36.79:46843] with ContainerStateMachine:uninitialized
2019-09-20 05:50:02,899 [pool-57-thread-1] INFO  server.RaftServerConfigKeys (ConfUtils.java:logGet(43)) - raft.server.rpc.timeout.min = 5s (custom)
2019-09-20 05:50:02,899 [pool-57-thread-1] INFO  server.RaftServerConfigKeys (ConfUtils.java:logGet(43)) - raft.server.rpc.timeout.max = 5200ms (custom)
2019-09-20 05:50:02,899 [pool-57-thread-1] INFO  server.RaftServerConfigKeys (ConfUtils.java:logGet(43)) - raft.server.rpcslowness.timeout = 120s (custom)
2019-09-20 05:50:02,900 [pool-57-thread-1] INFO  server.RaftServerConfigKeys (ConfUtils.java:logGet(43)) - raft.server.sleep.deviation.threshold = 300 (default)
2019-09-20 05:50:02,900 [pool-57-thread-1] INFO  server.RaftServerConfigKeys (ConfUtils.java:logGet(43)) - raft.server.log.appender.install.snapshot.enabled = false (custom)
2019-09-20 05:50:02,900 [pool-57-thread-1] INFO  impl.RaftServerImpl (ServerState.java:<init>(105)) - 9b918566-8d2f-4f38-9ce1-65f5cd084216:group-CDACEDA68A92 ConfigurationManager, init=-1: [9b918566-8d2f-4f38-9ce1-65f5cd084216:192.168.36.79:46843], old=null, confs=<EMPTY_MAP>
2019-09-20 05:50:02,900 [pool-57-thread-1] INFO  server.RaftServerConfigKeys (ConfUtils.java:logGet(43)) - raft.server.storage.dir = [/workdir/hadoop-ozone/integration-test/target/test-dir/MiniOzoneClusterImpl-29dd0c8c-da21-41d6-af77-5f0a65600fbb/datanode-0/data/ratis] (custom)
2019-09-20 05:50:02,901 [pool-57-thread-1] INFO  storage.RaftStorageDirectory (RaftStorageDirectory.java:analyzeStorage(246)) - The storage directory /workdir/hadoop-ozone/integration-test/target/test-dir/MiniOzoneClusterImpl-29dd0c8c-da21-41d6-af77-5f0a65600fbb/datanode-0/data/ratis/4027f584-99c2-4d29-9a88-cdaceda68a92 does not exist. Creating ...
2019-09-20 05:50:02,905 [Thread-3302] INFO  impl.FollowerState (FollowerState.java:run(106)) - 9b918566-8d2f-4f38-9ce1-65f5cd084216:group-1A14FA57178C changes to CANDIDATE, lastRpcTime:5051, electionTimeout:5051ms
2019-09-20 05:50:02,905 [Thread-3302] INFO  impl.RoleInfo (RoleInfo.java:shutdownFollowerState(121)) - 9b918566-8d2f-4f38-9ce1-65f5cd084216: shutdown FollowerState
2019-09-20 05:50:02,905 [Thread-3302] INFO  impl.RaftServerImpl (RaftServerImpl.java:setRole(171)) - 9b918566-8d2f-4f38-9ce1-65f5cd084216:group-1A14FA57178C changes role from FOLLOWER to CANDIDATE at term 0 for changeToCandidate
2019-09-20 05:50:02,906 [Thread-3302] INFO  impl.RoleInfo (RoleInfo.java:updateAndGet(143)) - 9b918566-8d2f-4f38-9ce1-65f5cd084216: start LeaderElection
2019-09-20 05:50:02,931 [pool-57-thread-1] INFO  storage.RaftStorageDirectory (RaftStorageDirectory.java:tryLock(328)) - Lock on /workdir/hadoop-ozone/integration-test/target/test-dir/MiniOzoneClusterImpl-29dd0c8c-da21-41d6-af77-5f0a65600fbb/datanode-0/data/ratis/4027f584-99c2-4d29-9a88-cdaceda68a92/in_use.lock acquired by nodename 6907@pr-hdds-1569-s8kj2-2266485376
2019-09-20 05:50:02,931 [9b918566-8d2f-4f38-9ce1-65f5cd084216:group-1A14FA57178C:LeaderElection430] INFO  impl.LeaderElection (LeaderElection.java:askForVotes(181)) - 9b918566-8d2f-4f38-9ce1-65f5cd084216:group-1A14FA57178C:LeaderElection430: begin an election at term 1 for -1: [9b918566-8d2f-4f38-9ce1-65f5cd084216:192.168.36.79:46843], old=null
2019-09-20 05:50:02,931 [9b918566-8d2f-4f38-9ce1-65f5cd084216:group-1A14FA57178C:LeaderElection430] INFO  impl.RoleInfo (RoleInfo.java:shutdownLeaderElection(134)) - 9b918566-8d2f-4f38-9ce1-65f5cd084216: shutdown LeaderElection
2019-09-20 05:50:02,931 [9b918566-8d2f-4f38-9ce1-65f5cd084216:group-1A14FA57178C:LeaderElection430] INFO  impl.RaftServerImpl (RaftServerImpl.java:setRole(171)) - 9b918566-8d2f-4f38-9ce1-65f5cd084216:group-1A14FA57178C changes role from CANDIDATE to LEADER at term 1 for changeToLeader
2019-09-20 05:50:02,932 [9b918566-8d2f-4f38-9ce1-65f5cd084216:group-1A14FA57178C:LeaderElection430] INFO  impl.RaftServerImpl (ServerState.java:setLeader(263)) - 9b918566-8d2f-4f38-9ce1-65f5cd084216:group-1A14FA57178C change Leader from null to 9b918566-8d2f-4f38-9ce1-65f5cd084216 at term 1 for becomeLeader, leader elected after 5079ms
2019-09-20 05:50:02,932 [9b918566-8d2f-4f38-9ce1-65f5cd084216:group-1A14FA57178C:LeaderElection430] INFO  server.RaftServerConfigKeys (ConfUtils.java:logGet(43)) - raft.server.staging.catchup.gap = 1000 (default)
2019-09-20 05:50:02,932 [9b918566-8d2f-4f38-9ce1-65f5cd084216:group-1A14FA57178C:LeaderElection430] INFO  server.RaftServerConfigKeys (ConfUtils.java:logGet(43)) - raft.server.rpc.sleep.time = 25ms (default)
2019-09-20 05:50:02,932 [9b918566-8d2f-4f38-9ce1-65f5cd084216:group-1A14FA57178C:LeaderElection430] INFO  server.RaftServerConfigKeys (ConfUtils.java:logGet(43)) - raft.server.write.element-limit = 4096 (default)
2019-09-20 05:50:02,932 [9b918566-8d2f-4f38-9ce1-65f5cd084216:group-1A14FA57178C:LeaderElection430] INFO  server.RaftServerConfigKeys (ConfUtils.java:logGet(43)) - raft.server.watch.timeout = 10s (default)
2019-09-20 05:50:02,932 [9b918566-8d2f-4f38-9ce1-65f5cd084216:group-1A14FA57178C:LeaderElection430] INFO  server.RaftServerConfigKeys (ConfUtils.java:logGet(43)) - raft.server.watch.timeout.denomination = 1s (default)
2019-09-20 05:50:02,932 [9b918566-8d2f-4f38-9ce1-65f5cd084216:group-1A14FA57178C:LeaderElection430] INFO  server.RaftServerConfigKeys (ConfUtils.java:logGet(43)) - raft.server.watch.element-limit = 65536 (default)
2019-09-20 05:50:02,933 [9b918566-8d2f-4f38-9ce1-65f5cd084216:group-1A14FA57178C:LeaderElection430] INFO  impl.RoleInfo (RoleInfo.java:updateAndGet(143)) - 9b918566-8d2f-4f38-9ce1-65f5cd084216: start LeaderState
2019-09-20 05:50:02,933 [9b918566-8d2f-4f38-9ce1-65f5cd084216:group-1A14FA57178C:LeaderElection430] INFO  segmented.SegmentedRaftLogWorker (SegmentedRaftLogWorker.java:startLogSegment(380)) - 9b918566-8d2f-4f38-9ce1-65f5cd084216-SegmentedRaftLogWorker:Storage Directory /workdir/hadoop-ozone/integration-test/target/test-dir/MiniOzoneClusterImpl-29dd0c8c-da21-41d6-af77-5f0a65600fbb/datanode-0/data/ratis/cb392b2f-79e7-485f-ba94-1a14fa57178c: Starting segment from index:0
2019-09-20 05:50:02,933 [9b918566-8d2f-4f38-9ce1-65f5cd084216:group-1A14FA57178C:LeaderElection430] INFO  impl.RaftServerImpl (ServerState.java:setRaftConf(361)) - 9b918566-8d2f-4f38-9ce1-65f5cd084216:group-1A14FA57178C set configuration 0: [9b918566-8d2f-4f38-9ce1-65f5cd084216:192.168.36.79:46843], old=null at 0
2019-09-20 05:50:02,944 [Thread-3305] INFO  impl.FollowerState (FollowerState.java:run(106)) - 9b918566-8d2f-4f38-9ce1-65f5cd084216:group-92405ABC3C63 changes to CANDIDATE, lastRpcTime:5015, electionTimeout:5015ms
2019-09-20 05:50:02,945 [Thread-3305] INFO  impl.RoleInfo (RoleInfo.java:shutdownFollowerState(121)) - 9b918566-8d2f-4f38-9ce1-65f5cd084216: shutdown FollowerState
2019-09-20 05:50:02,945 [Thread-3305] INFO  impl.RaftServerImpl (RaftServerImpl.java:setRole(171)) - 9b918566-8d2f-4f38-9ce1-65f5cd084216:group-92405ABC3C63 changes role from FOLLOWER to CANDIDATE at term 0 for changeToCandidate
2019-09-20 05:50:02,945 [Thread-3305] INFO  impl.RoleInfo (RoleInfo.java:updateAndGet(143)) - 9b918566-8d2f-4f38-9ce1-65f5cd084216: start LeaderElection
2019-09-20 05:50:02,949 [pool-57-thread-1] INFO  storage.RaftStorage (RaftStorage.java:format(72)) - Storage directory /workdir/hadoop-ozone/integration-test/target/test-dir/MiniOzoneClusterImpl-29dd0c8c-da21-41d6-af77-5f0a65600fbb/datanode-0/data/ratis/4027f584-99c2-4d29-9a88-cdaceda68a92 has been successfully formatted.
2019-09-20 05:50:02,949 [pool-57-thread-1] INFO  ratis.ContainerStateMachine (ContainerStateMachine.java:loadSnapshot(226)) - group-CDACEDA68A92: The snapshot info is null. Setting the last applied indexto:(t:0, i:~)
2019-09-20 05:50:02,950 [pool-57-thread-1] INFO  server.RaftServerConfigKeys (ConfUtils.java:logGet(43)) - raft.server.leader.election.timeout = 120s (custom)
2019-09-20 05:50:02,950 [pool-57-thread-1] INFO  server.RaftServerConfigKeys (ConfUtils.java:logGet(43)) - raft.server.log.use.memory = false (default)
2019-09-20 05:50:02,950 [pool-57-thread-1] INFO  server.RaftServerConfigKeys (ConfUtils.java:logGet(43)) - raft.server.log.purge.gap = 1000000 (custom)
2019-09-20 05:50:02,950 [pool-57-thread-1] INFO  server.RaftServerConfigKeys (ConfUtils.java:logGet(43)) - raft.server.log.appender.buffer.byte-limit = 33554432 (custom)
2019-09-20 05:50:02,950 [pool-57-thread-1] INFO  server.RaftServerConfigKeys (ConfUtils.java:logGet(43)) - raft.server.log.segment.size.max = 1048576 (custom)
2019-09-20 05:50:02,950 [pool-57-thread-1] INFO  server.RaftServerConfigKeys (ConfUtils.java:logGet(43)) - raft.server.log.segment.cache.num.max = 2 (custom)
2019-09-20 05:50:02,950 [pool-57-thread-1] INFO  segmented.SegmentedRaftLogWorker (SegmentedRaftLogWorker.java:<init>(172)) - new 9b918566-8d2f-4f38-9ce1-65f5cd084216-SegmentedRaftLogWorker:Storage Directory /workdir/hadoop-ozone/integration-test/target/test-dir/MiniOzoneClusterImpl-29dd0c8c-da21-41d6-af77-5f0a65600fbb/datanode-0/data/ratis/4027f584-99c2-4d29-9a88-cdaceda68a92 for RaftStorage:Storage Directory /workdir/hadoop-ozone/integration-test/target/test-dir/MiniOzoneClusterImpl-29dd0c8c-da21-41d6-af77-5f0a65600fbb/datanode-0/data/ratis/4027f584-99c2-4d29-9a88-cdaceda68a92
2019-09-20 05:50:02,951 [pool-57-thread-1] INFO  server.RaftServerConfigKeys (ConfUtils.java:logGet(43)) - raft.server.log.queue.byte-limit = 2147483647 (custom)
2019-09-20 05:50:02,951 [pool-57-thread-1] INFO  server.RaftServerConfigKeys (ConfUtils.java:logGet(43)) - raft.server.log.queue.element-limit = 1024 (custom)
2019-09-20 05:50:02,951 [pool-57-thread-1] INFO  server.RaftServerConfigKeys (ConfUtils.java:logGet(43)) - raft.server.log.segment.size.max = 1048576 (custom)
2019-09-20 05:50:02,951 [pool-57-thread-1] INFO  server.RaftServerConfigKeys (ConfUtils.java:logGet(43)) - raft.server.log.preallocated.size = 16384 (custom)
2019-09-20 05:50:02,951 [pool-57-thread-1] INFO  server.RaftServerConfigKeys (ConfUtils.java:logGet(43)) - raft.server.log.write.buffer.size = 33554432 (custom)
2019-09-20 05:50:02,951 [pool-57-thread-1] INFO  server.RaftServerConfigKeys (ConfUtils.java:logGet(43)) - raft.server.log.force.sync.num = 128 (default)
2019-09-20 05:50:02,951 [pool-57-thread-1] INFO  server.RaftServerConfigKeys (ConfUtils.java:logGet(43)) - raft.server.log.statemachine.data.sync = true (default)
2019-09-20 05:50:02,952 [pool-57-thread-1] INFO  server.RaftServerConfigKeys (ConfUtils.java:logGet(43)) - raft.server.log.statemachine.data.sync.timeout = 10s (default)
2019-09-20 05:50:02,952 [pool-57-thread-1] INFO  server.RaftServerConfigKeys (ConfUtils.java:logGet(43)) - raft.server.log.statemachine.data.sync.timeout.retry = -1 (default)
2019-09-20 05:50:02,952 [pool-57-thread-1] INFO  server.RaftServerConfigKeys (ConfUtils.java:logGet(43)) - raft.server.log.statemachine.data.caching.enabled = true (custom)
2019-09-20 05:50:02,952 [pool-57-thread-1] INFO  segmented.SegmentedRaftLogWorker (SegmentedRaftLogWorker.java:lambda$new$0(132)) - 9b918566-8d2f-4f38-9ce1-65f5cd084216-SegmentedRaftLogWorker:Storage Directory /workdir/hadoop-ozone/integration-test/target/test-dir/MiniOzoneClusterImpl-29dd0c8c-da21-41d6-af77-5f0a65600fbb/datanode-0/data/ratis/4027f584-99c2-4d29-9a88-cdaceda68a92: flushIndex: setUnconditionally 0 -> -1
2019-09-20 05:50:02,952 [pool-57-thread-1] INFO  server.RaftServerConfigKeys (ConfUtils.java:logGet(43)) - raft.server.snapshot.auto.trigger.enabled = true (custom)
2019-09-20 05:50:02,953 [pool-57-thread-1] INFO  server.RaftServerConfigKeys (ConfUtils.java:logGet(43)) - raft.server.snapshot.auto.trigger.threshold = 1 (custom)
2019-09-20 05:50:02,953 [pool-57-thread-1] INFO  server.RaftServerConfigKeys (ConfUtils.java:logGet(43)) - raft.server.retrycache.expirytime = 600000ms (custom)
2019-09-20 05:50:02,953 [pool-57-thread-1] INFO  impl.RaftServerImpl (RaftServerImpl.java:start(180)) - 9b918566-8d2f-4f38-9ce1-65f5cd084216: start group-CDACEDA68A92
2019-09-20 05:50:02,953 [pool-57-thread-1] INFO  impl.RaftServerImpl (RaftServerImpl.java:setRole(171)) - 9b918566-8d2f-4f38-9ce1-65f5cd084216:group-CDACEDA68A92 changes role from null to FOLLOWER at term 0 for startAsFollower
2019-09-20 05:50:02,953 [pool-57-thread-1] INFO  impl.RoleInfo (RoleInfo.java:updateAndGet(143)) - 9b918566-8d2f-4f38-9ce1-65f5cd084216: start FollowerState
2019-09-20 05:50:02,954 [pool-57-thread-1] INFO  util.JmxRegister (JmxRegister.java:tryRegister(44)) - Successfully registered JMX Bean with object name Ratis:service=RaftServer,group=group-CDACEDA68A92,id=9b918566-8d2f-4f38-9ce1-65f5cd084216
2019-09-20 05:50:02,955 [RatisPipelineUtilsThread] INFO  pipeline.PipelineStateManager (PipelineStateManager.java:addPipeline(56)) - Created pipeline Pipeline[ Id: 4027f584-99c2-4d29-9a88-cdaceda68a92, Nodes: 9b918566-8d2f-4f38-9ce1-65f5cd084216{ip: 192.168.36.79, host: pr-hdds-1569-s8kj2-2266485376, networkLocation: /default-rack, certSerialId: null}, Type:RATIS, Factor:ONE, State:OPEN]
2019-09-20 05:50:02,957 [grpc-default-executor-1] INFO  impl.RaftServerProxy (RaftServerProxy.java:addNew(89)) - 9b918566-8d2f-4f38-9ce1-65f5cd084216: addNew group-4A48EDFDD0D9:[9b918566-8d2f-4f38-9ce1-65f5cd084216:192.168.36.79:46843] returns group-4A48EDFDD0D9:java.util.concurrent.CompletableFuture@75d00eec[Not completed]
2019-09-20 05:50:02,958 [pool-57-thread-1] INFO  impl.RaftServerImpl (RaftServerImpl.java:<init>(93)) - 9b918566-8d2f-4f38-9ce1-65f5cd084216: new RaftServerImpl for group-4A48EDFDD0D9:[9b918566-8d2f-4f38-9ce1-65f5cd084216:192.168.36.79:46843] with ContainerStateMachine:uninitialized
2019-09-20 05:50:02,958 [pool-57-thread-1] INFO  server.RaftServerConfigKeys (ConfUtils.java:logGet(43)) - raft.server.rpc.timeout.min = 5s (custom)
2019-09-20 05:50:02,959 [pool-57-thread-1] INFO  server.RaftServerConfigKeys (ConfUtils.java:logGet(43)) - raft.server.rpc.timeout.max = 5200ms (custom)
2019-09-20 05:50:02,959 [pool-57-thread-1] INFO  server.RaftServerConfigKeys (ConfUtils.java:logGet(43)) - raft.server.rpcslowness.timeout = 120s (custom)
2019-09-20 05:50:02,959 [pool-57-thread-1] INFO  server.RaftServerConfigKeys (ConfUtils.java:logGet(43)) - raft.server.sleep.deviation.threshold = 300 (default)
2019-09-20 05:50:02,959 [pool-57-thread-1] INFO  server.RaftServerConfigKeys (ConfUtils.java:logGet(43)) - raft.server.log.appender.install.snapshot.enabled = false (custom)
2019-09-20 05:50:02,959 [pool-57-thread-1] INFO  impl.RaftServerImpl (ServerState.java:<init>(105)) - 9b918566-8d2f-4f38-9ce1-65f5cd084216:group-4A48EDFDD0D9 ConfigurationManager, init=-1: [9b918566-8d2f-4f38-9ce1-65f5cd084216:192.168.36.79:46843], old=null, confs=<EMPTY_MAP>
2019-09-20 05:50:02,959 [pool-57-thread-1] INFO  server.RaftServerConfigKeys (ConfUtils.java:logGet(43)) - raft.server.storage.dir = [/workdir/hadoop-ozone/integration-test/target/test-dir/MiniOzoneClusterImpl-29dd0c8c-da21-41d6-af77-5f0a65600fbb/datanode-0/data/ratis] (custom)
2019-09-20 05:50:02,960 [pool-57-thread-1] INFO  storage.RaftStorageDirectory (RaftStorageDirectory.java:analyzeStorage(246)) - The storage directory /workdir/hadoop-ozone/integration-test/target/test-dir/MiniOzoneClusterImpl-29dd0c8c-da21-41d6-af77-5f0a65600fbb/datanode-0/data/ratis/71aca257-4996-46d1-912a-4a48edfdd0d9 does not exist. Creating ...
2019-09-20 05:50:02,975 [pool-57-thread-1] INFO  storage.RaftStorageDirectory (RaftStorageDirectory.java:tryLock(328)) - Lock on /workdir/hadoop-ozone/integration-test/target/test-dir/MiniOzoneClusterImpl-29dd0c8c-da21-41d6-af77-5f0a65600fbb/datanode-0/data/ratis/71aca257-4996-46d1-912a-4a48edfdd0d9/in_use.lock acquired by nodename 6907@pr-hdds-1569-s8kj2-2266485376
2019-09-20 05:50:02,983 [9b918566-8d2f-4f38-9ce1-65f5cd084216:group-92405ABC3C63:LeaderElection431] INFO  impl.LeaderElection (LeaderElection.java:askForVotes(181)) - 9b918566-8d2f-4f38-9ce1-65f5cd084216:group-92405ABC3C63:LeaderElection431: begin an election at term 1 for -1: [9b918566-8d2f-4f38-9ce1-65f5cd084216:192.168.36.79:46843], old=null
2019-09-20 05:50:02,983 [9b918566-8d2f-4f38-9ce1-65f5cd084216:group-92405ABC3C63:LeaderElection431] INFO  impl.RoleInfo (RoleInfo.java:shutdownLeaderElection(134)) - 9b918566-8d2f-4f38-9ce1-65f5cd084216: shutdown LeaderElection
2019-09-20 05:50:02,983 [9b918566-8d2f-4f38-9ce1-65f5cd084216:group-92405ABC3C63:LeaderElection431] INFO  impl.RaftServerImpl (RaftServerImpl.java:setRole(171)) - 9b918566-8d2f-4f38-9ce1-65f5cd084216:group-92405ABC3C63 changes role from CANDIDATE to LEADER at term 1 for changeToLeader
2019-09-20 05:50:02,983 [9b918566-8d2f-4f38-9ce1-65f5cd084216:group-92405ABC3C63:LeaderElection431] INFO  impl.RaftServerImpl (ServerState.java:setLeader(263)) - 9b918566-8d2f-4f38-9ce1-65f5cd084216:group-92405ABC3C63 change Leader from null to 9b918566-8d2f-4f38-9ce1-65f5cd084216 at term 1 for becomeLeader, leader elected after 5056ms
2019-09-20 05:50:02,984 [9b918566-8d2f-4f38-9ce1-65f5cd084216:group-92405ABC3C63:LeaderElection431] INFO  server.RaftServerConfigKeys (ConfUtils.java:logGet(43)) - raft.server.staging.catchup.gap = 1000 (default)
2019-09-20 05:50:02,984 [9b918566-8d2f-4f38-9ce1-65f5cd084216:group-92405ABC3C63:LeaderElection431] INFO  server.RaftServerConfigKeys (ConfUtils.java:logGet(43)) - raft.server.rpc.sleep.time = 25ms (default)
2019-09-20 05:50:02,984 [9b918566-8d2f-4f38-9ce1-65f5cd084216:group-92405ABC3C63:LeaderElection431] INFO  server.RaftServerConfigKeys (ConfUtils.java:logGet(43)) - raft.server.write.element-limit = 4096 (default)
2019-09-20 05:50:02,984 [9b918566-8d2f-4f38-9ce1-65f5cd084216:group-92405ABC3C63:LeaderElection431] INFO  server.RaftServerConfigKeys (ConfUtils.java:logGet(43)) - raft.server.watch.timeout = 10s (default)
2019-09-20 05:50:02,984 [9b918566-8d2f-4f38-9ce1-65f5cd084216:group-92405ABC3C63:LeaderElection431] INFO  server.RaftServerConfigKeys (ConfUtils.java:logGet(43)) - raft.server.watch.timeout.denomination = 1s (default)
2019-09-20 05:50:02,984 [9b918566-8d2f-4f38-9ce1-65f5cd084216:group-92405ABC3C63:LeaderElection431] INFO  server.RaftServerConfigKeys (ConfUtils.java:logGet(43)) - raft.server.watch.element-limit = 65536 (default)
2019-09-20 05:50:02,984 [9b918566-8d2f-4f38-9ce1-65f5cd084216:group-92405ABC3C63:LeaderElection431] INFO  impl.RoleInfo (RoleInfo.java:updateAndGet(143)) - 9b918566-8d2f-4f38-9ce1-65f5cd084216: start LeaderState
2019-09-20 05:50:02,985 [9b918566-8d2f-4f38-9ce1-65f5cd084216:group-92405ABC3C63:LeaderElection431] INFO  segmented.SegmentedRaftLogWorker (SegmentedRaftLogWorker.java:startLogSegment(380)) - 9b918566-8d2f-4f38-9ce1-65f5cd084216-SegmentedRaftLogWorker:Storage Directory /workdir/hadoop-ozone/integration-test/target/test-dir/MiniOzoneClusterImpl-29dd0c8c-da21-41d6-af77-5f0a65600fbb/datanode-0/data/ratis/073b4587-4a8b-4b76-9011-92405abc3c63: Starting segment from index:0
2019-09-20 05:50:02,985 [9b918566-8d2f-4f38-9ce1-65f5cd084216:group-92405ABC3C63:LeaderElection431] INFO  impl.RaftServerImpl (ServerState.java:setRaftConf(361)) - 9b918566-8d2f-4f38-9ce1-65f5cd084216:group-92405ABC3C63 set configuration 0: [9b918566-8d2f-4f38-9ce1-65f5cd084216:192.168.36.79:46843], old=null at 0
2019-09-20 05:50:02,987 [Thread-3299] INFO  impl.FollowerState (FollowerState.java:run(106)) - 9b918566-8d2f-4f38-9ce1-65f5cd084216:group-3D09598F9E0E changes to CANDIDATE, lastRpcTime:5191, electionTimeout:5191ms
2019-09-20 05:50:02,987 [Thread-3299] INFO  impl.RoleInfo (RoleInfo.java:shutdownFollowerState(121)) - 9b918566-8d2f-4f38-9ce1-65f5cd084216: shutdown FollowerState
2019-09-20 05:50:02,987 [Thread-3299] INFO  impl.RaftServerImpl (RaftServerImpl.java:setRole(171)) - 9b918566-8d2f-4f38-9ce1-65f5cd084216:group-3D09598F9E0E changes role from FOLLOWER to CANDIDATE at term 0 for changeToCandidate
2019-09-20 05:50:02,987 [Thread-3299] INFO  impl.RoleInfo (RoleInfo.java:updateAndGet(143)) - 9b918566-8d2f-4f38-9ce1-65f5cd084216: start LeaderElection
2019-09-20 05:50:02,991 [9b918566-8d2f-4f38-9ce1-65f5cd084216-SegmentedRaftLogWorker:Storage Directory /workdir/hadoop-ozone/integration-test/target/test-dir/MiniOzoneClusterImpl-29dd0c8c-da21-41d6-af77-5f0a65600fbb/datanode-0/data/ratis/cb392b2f-79e7-485f-ba94-1a14fa57178c] INFO  segmented.SegmentedRaftLogWorker (SegmentedRaftLogWorker.java:execute(569)) - 9b918566-8d2f-4f38-9ce1-65f5cd084216-SegmentedRaftLogWorker:Storage Directory /workdir/hadoop-ozone/integration-test/target/test-dir/MiniOzoneClusterImpl-29dd0c8c-da21-41d6-af77-5f0a65600fbb/datanode-0/data/ratis/cb392b2f-79e7-485f-ba94-1a14fa57178c: created new log segment /workdir/hadoop-ozone/integration-test/target/test-dir/MiniOzoneClusterImpl-29dd0c8c-da21-41d6-af77-5f0a65600fbb/datanode-0/data/ratis/cb392b2f-79e7-485f-ba94-1a14fa57178c/current/log_inprogress_0
2019-09-20 05:50:03,017 [pool-57-thread-1] INFO  storage.RaftStorage (RaftStorage.java:format(72)) - Storage directory /workdir/hadoop-ozone/integration-test/target/test-dir/MiniOzoneClusterImpl-29dd0c8c-da21-41d6-af77-5f0a65600fbb/datanode-0/data/ratis/71aca257-4996-46d1-912a-4a48edfdd0d9 has been successfully formatted.
2019-09-20 05:50:03,017 [9b918566-8d2f-4f38-9ce1-65f5cd084216:group-3D09598F9E0E:LeaderElection432] INFO  impl.LeaderElection (LeaderElection.java:askForVotes(181)) - 9b918566-8d2f-4f38-9ce1-65f5cd084216:group-3D09598F9E0E:LeaderElection432: begin an election at term 1 for -1: [9b918566-8d2f-4f38-9ce1-65f5cd084216:192.168.36.79:46843], old=null
2019-09-20 05:50:03,017 [pool-57-thread-1] INFO  ratis.ContainerStateMachine (ContainerStateMachine.java:loadSnapshot(226)) - group-4A48EDFDD0D9: The snapshot info is null. Setting the last applied indexto:(t:0, i:~)
2019-09-20 05:50:03,017 [9b918566-8d2f-4f38-9ce1-65f5cd084216:group-3D09598F9E0E:LeaderElection432] INFO  impl.RoleInfo (RoleInfo.java:shutdownLeaderElection(134)) - 9b918566-8d2f-4f38-9ce1-65f5cd084216: shutdown LeaderElection
2019-09-20 05:50:03,017 [pool-57-thread-1] INFO  server.RaftServerConfigKeys (ConfUtils.java:logGet(43)) - raft.server.leader.election.timeout = 120s (custom)
2019-09-20 05:50:03,018 [9b918566-8d2f-4f38-9ce1-65f5cd084216:group-3D09598F9E0E:LeaderElection432] INFO  impl.RaftServerImpl (RaftServerImpl.java:setRole(171)) - 9b918566-8d2f-4f38-9ce1-65f5cd084216:group-3D09598F9E0E changes role from CANDIDATE to LEADER at term 1 for changeToLeader
2019-09-20 05:50:03,018 [pool-57-thread-1] INFO  server.RaftServerConfigKeys (ConfUtils.java:logGet(43)) - raft.server.log.use.memory = false (default)
2019-09-20 05:50:03,018 [9b918566-8d2f-4f38-9ce1-65f5cd084216:group-3D09598F9E0E:LeaderElection432] INFO  impl.RaftServerImpl (ServerState.java:setLeader(263)) - 9b918566-8d2f-4f38-9ce1-65f5cd084216:group-3D09598F9E0E change Leader from null to 9b918566-8d2f-4f38-9ce1-65f5cd084216 at term 1 for becomeLeader, leader elected after 5224ms
2019-09-20 05:50:03,018 [pool-57-thread-1] INFO  server.RaftServerConfigKeys (ConfUtils.java:logGet(43)) - raft.server.log.purge.gap = 1000000 (custom)
2019-09-20 05:50:03,018 [9b918566-8d2f-4f38-9ce1-65f5cd084216:group-3D09598F9E0E:LeaderElection432] INFO  server.RaftServerConfigKeys (ConfUtils.java:logGet(43)) - raft.server.staging.catchup.gap = 1000 (default)
2019-09-20 05:50:03,018 [pool-57-thread-1] INFO  server.RaftServerConfigKeys (ConfUtils.java:logGet(43)) - raft.server.log.appender.buffer.byte-limit = 33554432 (custom)
2019-09-20 05:50:03,018 [9b918566-8d2f-4f38-9ce1-65f5cd084216:group-3D09598F9E0E:LeaderElection432] INFO  server.RaftServerConfigKeys (ConfUtils.java:logGet(43)) - raft.server.rpc.sleep.time = 25ms (default)
2019-09-20 05:50:03,018 [pool-57-thread-1] INFO  server.RaftServerConfigKeys (ConfUtils.java:logGet(43)) - raft.server.log.segment.size.max = 1048576 (custom)
2019-09-20 05:50:03,018 [pool-57-thread-1] INFO  server.RaftServerConfigKeys (ConfUtils.java:logGet(43)) - raft.server.log.segment.cache.num.max = 2 (custom)
2019-09-20 05:50:03,018 [9b918566-8d2f-4f38-9ce1-65f5cd084216:group-3D09598F9E0E:LeaderElection432] INFO  server.RaftServerConfigKeys (ConfUtils.java:logGet(43)) - raft.server.write.element-limit = 4096 (default)
2019-09-20 05:50:03,018 [pool-57-thread-1] INFO  segmented.SegmentedRaftLogWorker (SegmentedRaftLogWorker.java:<init>(172)) - new 9b918566-8d2f-4f38-9ce1-65f5cd084216-SegmentedRaftLogWorker:Storage Directory /workdir/hadoop-ozone/integration-test/target/test-dir/MiniOzoneClusterImpl-29dd0c8c-da21-41d6-af77-5f0a65600fbb/datanode-0/data/ratis/71aca257-4996-46d1-912a-4a48edfdd0d9 for RaftStorage:Storage Directory /workdir/hadoop-ozone/integration-test/target/test-dir/MiniOzoneClusterImpl-29dd0c8c-da21-41d6-af77-5f0a65600fbb/datanode-0/data/ratis/71aca257-4996-46d1-912a-4a48edfdd0d9
2019-09-20 05:50:03,019 [9b918566-8d2f-4f38-9ce1-65f5cd084216:group-3D09598F9E0E:LeaderElection432] INFO  server.RaftServerConfigKeys (ConfUtils.java:logGet(43)) - raft.server.watch.timeout = 10s (default)
2019-09-20 05:50:03,019 [pool-57-thread-1] INFO  server.RaftServerConfigKeys (ConfUtils.java:logGet(43)) - raft.server.log.queue.byte-limit = 2147483647 (custom)
2019-09-20 05:50:03,019 [9b918566-8d2f-4f38-9ce1-65f5cd084216:group-3D09598F9E0E:LeaderElection432] INFO  server.RaftServerConfigKeys (ConfUtils.java:logGet(43)) - raft.server.watch.timeout.denomination = 1s (default)
2019-09-20 05:50:03,019 [pool-57-thread-1] INFO  server.RaftServerConfigKeys (ConfUtils.java:logGet(43)) - raft.server.log.queue.element-limit = 1024 (custom)
2019-09-20 05:50:03,019 [9b918566-8d2f-4f38-9ce1-65f5cd084216:group-3D09598F9E0E:LeaderElection432] INFO  server.RaftServerConfigKeys (ConfUtils.java:logGet(43)) - raft.server.watch.element-limit = 65536 (default)
2019-09-20 05:50:03,019 [pool-57-thread-1] INFO  server.RaftServerConfigKeys (ConfUtils.java:logGet(43)) - raft.server.log.segment.size.max = 1048576 (custom)
2019-09-20 05:50:03,019 [9b918566-8d2f-4f38-9ce1-65f5cd084216:group-3D09598F9E0E:LeaderElection432] INFO  impl.RoleInfo (RoleInfo.java:updateAndGet(143)) - 9b918566-8d2f-4f38-9ce1-65f5cd084216: start LeaderState
2019-09-20 05:50:03,019 [pool-57-thread-1] INFO  server.RaftServerConfigKeys (ConfUtils.java:logGet(43)) - raft.server.log.preallocated.size = 16384 (custom)
2019-09-20 05:50:03,019 [pool-57-thread-1] INFO  server.RaftServerConfigKeys (ConfUtils.java:logGet(43)) - raft.server.log.write.buffer.size = 33554432 (custom)
2019-09-20 05:50:03,019 [9b918566-8d2f-4f38-9ce1-65f5cd084216:group-3D09598F9E0E:LeaderElection432] INFO  segmented.SegmentedRaftLogWorker (SegmentedRaftLogWorker.java:startLogSegment(380)) - 9b918566-8d2f-4f38-9ce1-65f5cd084216-SegmentedRaftLogWorker:Storage Directory /workdir/hadoop-ozone/integration-test/target/test-dir/MiniOzoneClusterImpl-29dd0c8c-da21-41d6-af77-5f0a65600fbb/datanode-0/data/ratis/35dc1df2-fea1-423f-a8e4-3d09598f9e0e: Starting segment from index:0
2019-09-20 05:50:03,019 [pool-57-thread-1] INFO  server.RaftServerConfigKeys (ConfUtils.java:logGet(43)) - raft.server.log.force.sync.num = 128 (default)
2019-09-20 05:50:03,020 [pool-57-thread-1] INFO  server.RaftServerConfigKeys (ConfUtils.java:logGet(43)) - raft.server.log.statemachine.data.sync = true (default)
2019-09-20 05:50:03,020 [pool-57-thread-1] INFO  server.RaftServerConfigKeys (ConfUtils.java:logGet(43)) - raft.server.log.statemachine.data.sync.timeout = 10s (default)
2019-09-20 05:50:03,020 [9b918566-8d2f-4f38-9ce1-65f5cd084216:group-3D09598F9E0E:LeaderElection432] INFO  impl.RaftServerImpl (ServerState.java:setRaftConf(361)) - 9b918566-8d2f-4f38-9ce1-65f5cd084216:group-3D09598F9E0E set configuration 0: [9b918566-8d2f-4f38-9ce1-65f5cd084216:192.168.36.79:46843], old=null at 0
2019-09-20 05:50:03,020 [pool-57-thread-1] INFO  server.RaftServerConfigKeys (ConfUtils.java:logGet(43)) - raft.server.log.statemachine.data.sync.timeout.retry = -1 (default)
2019-09-20 05:50:03,020 [pool-57-thread-1] INFO  server.RaftServerConfigKeys (ConfUtils.java:logGet(43)) - raft.server.log.statemachine.data.caching.enabled = true (custom)
2019-09-20 05:50:03,020 [pool-57-thread-1] INFO  segmented.SegmentedRaftLogWorker (SegmentedRaftLogWorker.java:lambda$new$0(132)) - 9b918566-8d2f-4f38-9ce1-65f5cd084216-SegmentedRaftLogWorker:Storage Directory /workdir/hadoop-ozone/integration-test/target/test-dir/MiniOzoneClusterImpl-29dd0c8c-da21-41d6-af77-5f0a65600fbb/datanode-0/data/ratis/71aca257-4996-46d1-912a-4a48edfdd0d9: flushIndex: setUnconditionally 0 -> -1
2019-09-20 05:50:03,021 [pool-57-thread-1] INFO  server.RaftServerConfigKeys (ConfUtils.java:logGet(43)) - raft.server.snapshot.auto.trigger.enabled = true (custom)
2019-09-20 05:50:03,021 [pool-57-thread-1] INFO  server.RaftServerConfigKeys (ConfUtils.java:logGet(43)) - raft.server.snapshot.auto.trigger.threshold = 1 (custom)
2019-09-20 05:50:03,021 [pool-57-thread-1] INFO  server.RaftServerConfigKeys (ConfUtils.java:logGet(43)) - raft.server.retrycache.expirytime = 600000ms (custom)
2019-09-20 05:50:03,021 [pool-57-thread-1] INFO  impl.RaftServerImpl (RaftServerImpl.java:start(180)) - 9b918566-8d2f-4f38-9ce1-65f5cd084216: start group-4A48EDFDD0D9
2019-09-20 05:50:03,021 [pool-57-thread-1] INFO  impl.RaftServerImpl (RaftServerImpl.java:setRole(171)) - 9b918566-8d2f-4f38-9ce1-65f5cd084216:group-4A48EDFDD0D9 changes role from null to FOLLOWER at term 0 for startAsFollower
2019-09-20 05:50:03,021 [pool-57-thread-1] INFO  impl.RoleInfo (RoleInfo.java:updateAndGet(143)) - 9b918566-8d2f-4f38-9ce1-65f5cd084216: start FollowerState
2019-09-20 05:50:03,021 [pool-57-thread-1] INFO  util.JmxRegister (JmxRegister.java:tryRegister(44)) - Successfully registered JMX Bean with object name Ratis:service=RaftServer,group=group-4A48EDFDD0D9,id=9b918566-8d2f-4f38-9ce1-65f5cd084216
2019-09-20 05:50:03,022 [RatisPipelineUtilsThread] INFO  pipeline.PipelineStateManager (PipelineStateManager.java:addPipeline(56)) - Created pipeline Pipeline[ Id: 71aca257-4996-46d1-912a-4a48edfdd0d9, Nodes: 9b918566-8d2f-4f38-9ce1-65f5cd084216{ip: 192.168.36.79, host: pr-hdds-1569-s8kj2-2266485376, networkLocation: /default-rack, certSerialId: null}, Type:RATIS, Factor:ONE, State:OPEN]
2019-09-20 05:50:03,025 [grpc-default-executor-1] INFO  impl.RaftServerProxy (RaftServerProxy.java:addNew(89)) - 9b918566-8d2f-4f38-9ce1-65f5cd084216: addNew group-17255EC37A1D:[9b918566-8d2f-4f38-9ce1-65f5cd084216:192.168.36.79:46843] returns group-17255EC37A1D:java.util.concurrent.CompletableFuture@31d9960b[Not completed]
2019-09-20 05:50:03,026 [pool-57-thread-1] INFO  impl.RaftServerImpl (RaftServerImpl.java:<init>(93)) - 9b918566-8d2f-4f38-9ce1-65f5cd084216: new RaftServerImpl for group-17255EC37A1D:[9b918566-8d2f-4f38-9ce1-65f5cd084216:192.168.36.79:46843] with ContainerStateMachine:uninitialized
2019-09-20 05:50:03,026 [pool-57-thread-1] INFO  server.RaftServerConfigKeys (ConfUtils.java:logGet(43)) - raft.server.rpc.timeout.min = 5s (custom)
2019-09-20 05:50:03,026 [pool-57-thread-1] INFO  server.RaftServerConfigKeys (ConfUtils.java:logGet(43)) - raft.server.rpc.timeout.max = 5200ms (custom)
2019-09-20 05:50:03,026 [pool-57-thread-1] INFO  server.RaftServerConfigKeys (ConfUtils.java:logGet(43)) - raft.server.rpcslowness.timeout = 120s (custom)
2019-09-20 05:50:03,026 [pool-57-thread-1] INFO  server.RaftServerConfigKeys (ConfUtils.java:logGet(43)) - raft.server.sleep.deviation.threshold = 300 (default)
2019-09-20 05:50:03,026 [pool-57-thread-1] INFO  server.RaftServerConfigKeys (ConfUtils.java:logGet(43)) - raft.server.log.appender.install.snapshot.enabled = false (custom)
2019-09-20 05:50:03,026 [pool-57-thread-1] INFO  impl.RaftServerImpl (ServerState.java:<init>(105)) - 9b918566-8d2f-4f38-9ce1-65f5cd084216:group-17255EC37A1D ConfigurationManager, init=-1: [9b918566-8d2f-4f38-9ce1-65f5cd084216:192.168.36.79:46843], old=null, confs=<EMPTY_MAP>
2019-09-20 05:50:03,026 [pool-57-thread-1] INFO  server.RaftServerConfigKeys (ConfUtils.java:logGet(43)) - raft.server.storage.dir = [/workdir/hadoop-ozone/integration-test/target/test-dir/MiniOzoneClusterImpl-29dd0c8c-da21-41d6-af77-5f0a65600fbb/datanode-0/data/ratis] (custom)
2019-09-20 05:50:03,027 [pool-57-thread-1] INFO  storage.RaftStorageDirectory (RaftStorageDirectory.java:analyzeStorage(246)) - The storage directory /workdir/hadoop-ozone/integration-test/target/test-dir/MiniOzoneClusterImpl-29dd0c8c-da21-41d6-af77-5f0a65600fbb/datanode-0/data/ratis/c5d82524-4a25-4865-b534-17255ec37a1d does not exist. Creating ...
2019-09-20 05:50:03,051 [pool-57-thread-1] INFO  storage.RaftStorageDirectory (RaftStorageDirectory.java:tryLock(328)) - Lock on /workdir/hadoop-ozone/integration-test/target/test-dir/MiniOzoneClusterImpl-29dd0c8c-da21-41d6-af77-5f0a65600fbb/datanode-0/data/ratis/c5d82524-4a25-4865-b534-17255ec37a1d/in_use.lock acquired by nodename 6907@pr-hdds-1569-s8kj2-2266485376
2019-09-20 05:50:03,051 [9b918566-8d2f-4f38-9ce1-65f5cd084216-SegmentedRaftLogWorker:Storage Directory /workdir/hadoop-ozone/integration-test/target/test-dir/MiniOzoneClusterImpl-29dd0c8c-da21-41d6-af77-5f0a65600fbb/datanode-0/data/ratis/073b4587-4a8b-4b76-9011-92405abc3c63] INFO  segmented.SegmentedRaftLogWorker (SegmentedRaftLogWorker.java:execute(569)) - 9b918566-8d2f-4f38-9ce1-65f5cd084216-SegmentedRaftLogWorker:Storage Directory /workdir/hadoop-ozone/integration-test/target/test-dir/MiniOzoneClusterImpl-29dd0c8c-da21-41d6-af77-5f0a65600fbb/datanode-0/data/ratis/073b4587-4a8b-4b76-9011-92405abc3c63: created new log segment /workdir/hadoop-ozone/integration-test/target/test-dir/MiniOzoneClusterImpl-29dd0c8c-da21-41d6-af77-5f0a65600fbb/datanode-0/data/ratis/073b4587-4a8b-4b76-9011-92405abc3c63/current/log_inprogress_0
2019-09-20 05:50:03,068 [9b918566-8d2f-4f38-9ce1-65f5cd084216-SegmentedRaftLogWorker:Storage Directory /workdir/hadoop-ozone/integration-test/target/test-dir/MiniOzoneClusterImpl-29dd0c8c-da21-41d6-af77-5f0a65600fbb/datanode-0/data/ratis/35dc1df2-fea1-423f-a8e4-3d09598f9e0e] INFO  segmented.SegmentedRaftLogWorker (SegmentedRaftLogWorker.java:execute(569)) - 9b918566-8d2f-4f38-9ce1-65f5cd084216-SegmentedRaftLogWorker:Storage Directory /workdir/hadoop-ozone/integration-test/target/test-dir/MiniOzoneClusterImpl-29dd0c8c-da21-41d6-af77-5f0a65600fbb/datanode-0/data/ratis/35dc1df2-fea1-423f-a8e4-3d09598f9e0e: created new log segment /workdir/hadoop-ozone/integration-test/target/test-dir/MiniOzoneClusterImpl-29dd0c8c-da21-41d6-af77-5f0a65600fbb/datanode-0/data/ratis/35dc1df2-fea1-423f-a8e4-3d09598f9e0e/current/log_inprogress_0
2019-09-20 05:50:03,093 [pool-57-thread-1] INFO  storage.RaftStorage (RaftStorage.java:format(72)) - Storage directory /workdir/hadoop-ozone/integration-test/target/test-dir/MiniOzoneClusterImpl-29dd0c8c-da21-41d6-af77-5f0a65600fbb/datanode-0/data/ratis/c5d82524-4a25-4865-b534-17255ec37a1d has been successfully formatted.
2019-09-20 05:50:03,094 [pool-57-thread-1] INFO  ratis.ContainerStateMachine (ContainerStateMachine.java:loadSnapshot(226)) - group-17255EC37A1D: The snapshot info is null. Setting the last applied indexto:(t:0, i:~)
2019-09-20 05:50:03,094 [pool-57-thread-1] INFO  server.RaftServerConfigKeys (ConfUtils.java:logGet(43)) - raft.server.leader.election.timeout = 120s (custom)
2019-09-20 05:50:03,094 [pool-57-thread-1] INFO  server.RaftServerConfigKeys (ConfUtils.java:logGet(43)) - raft.server.log.use.memory = false (default)
2019-09-20 05:50:03,094 [pool-57-thread-1] INFO  server.RaftServerConfigKeys (ConfUtils.java:logGet(43)) - raft.server.log.purge.gap = 1000000 (custom)
2019-09-20 05:50:03,094 [pool-57-thread-1] INFO  server.RaftServerConfigKeys (ConfUtils.java:logGet(43)) - raft.server.log.appender.buffer.byte-limit = 33554432 (custom)
2019-09-20 05:50:03,095 [pool-57-thread-1] INFO  server.RaftServerConfigKeys (ConfUtils.java:logGet(43)) - raft.server.log.segment.size.max = 1048576 (custom)
2019-09-20 05:50:03,095 [pool-57-thread-1] INFO  server.RaftServerConfigKeys (ConfUtils.java:logGet(43)) - raft.server.log.segment.cache.num.max = 2 (custom)
2019-09-20 05:50:03,095 | INFO  | SCMAudit | user=jenkins1000 | ip=192.168.36.79 | op=SEND_HEARTBEAT {datanodeUUID=9b918566-8d2f-4f38-9ce1-65f5cd084216, command=[]} | ret=SUCCESS |  
2019-09-20 05:50:03,095 [pool-57-thread-1] INFO  segmented.SegmentedRaftLogWorker (SegmentedRaftLogWorker.java:<init>(172)) - new 9b918566-8d2f-4f38-9ce1-65f5cd084216-SegmentedRaftLogWorker:Storage Directory /workdir/hadoop-ozone/integration-test/target/test-dir/MiniOzoneClusterImpl-29dd0c8c-da21-41d6-af77-5f0a65600fbb/datanode-0/data/ratis/c5d82524-4a25-4865-b534-17255ec37a1d for RaftStorage:Storage Directory /workdir/hadoop-ozone/integration-test/target/test-dir/MiniOzoneClusterImpl-29dd0c8c-da21-41d6-af77-5f0a65600fbb/datanode-0/data/ratis/c5d82524-4a25-4865-b534-17255ec37a1d
2019-09-20 05:50:03,095 [pool-57-thread-1] INFO  server.RaftServerConfigKeys (ConfUtils.java:logGet(43)) - raft.server.log.queue.byte-limit = 2147483647 (custom)
2019-09-20 05:50:03,095 [pool-57-thread-1] INFO  server.RaftServerConfigKeys (ConfUtils.java:logGet(43)) - raft.server.log.queue.element-limit = 1024 (custom)
2019-09-20 05:50:03,095 [pool-57-thread-1] INFO  server.RaftServerConfigKeys (ConfUtils.java:logGet(43)) - raft.server.log.segment.size.max = 1048576 (custom)
2019-09-20 05:50:03,095 [pool-57-thread-1] INFO  server.RaftServerConfigKeys (ConfUtils.java:logGet(43)) - raft.server.log.preallocated.size = 16384 (custom)
2019-09-20 05:50:03,096 [pool-57-thread-1] INFO  server.RaftServerConfigKeys (ConfUtils.java:logGet(43)) - raft.server.log.write.buffer.size = 33554432 (custom)
2019-09-20 05:50:03,096 [pool-57-thread-1] INFO  server.RaftServerConfigKeys (ConfUtils.java:logGet(43)) - raft.server.log.force.sync.num = 128 (default)
2019-09-20 05:50:03,096 [pool-57-thread-1] INFO  server.RaftServerConfigKeys (ConfUtils.java:logGet(43)) - raft.server.log.statemachine.data.sync = true (default)
2019-09-20 05:50:03,096 [pool-57-thread-1] INFO  server.RaftServerConfigKeys (ConfUtils.java:logGet(43)) - raft.server.log.statemachine.data.sync.timeout = 10s (default)
2019-09-20 05:50:03,096 [pool-57-thread-1] INFO  server.RaftServerConfigKeys (ConfUtils.java:logGet(43)) - raft.server.log.statemachine.data.sync.timeout.retry = -1 (default)
2019-09-20 05:50:03,096 [pool-57-thread-1] INFO  server.RaftServerConfigKeys (ConfUtils.java:logGet(43)) - raft.server.log.statemachine.data.caching.enabled = true (custom)
2019-09-20 05:50:03,097 [pool-57-thread-1] INFO  segmented.SegmentedRaftLogWorker (SegmentedRaftLogWorker.java:lambda$new$0(132)) - 9b918566-8d2f-4f38-9ce1-65f5cd084216-SegmentedRaftLogWorker:Storage Directory /workdir/hadoop-ozone/integration-test/target/test-dir/MiniOzoneClusterImpl-29dd0c8c-da21-41d6-af77-5f0a65600fbb/datanode-0/data/ratis/c5d82524-4a25-4865-b534-17255ec37a1d: flushIndex: setUnconditionally 0 -> -1
2019-09-20 05:50:03,097 [pool-57-thread-1] INFO  server.RaftServerConfigKeys (ConfUtils.java:logGet(43)) - raft.server.snapshot.auto.trigger.enabled = true (custom)
2019-09-20 05:50:03,097 [pool-57-thread-1] INFO  server.RaftServerConfigKeys (ConfUtils.java:logGet(43)) - raft.server.snapshot.auto.trigger.threshold = 1 (custom)
2019-09-20 05:50:03,097 [pool-57-thread-1] INFO  server.RaftServerConfigKeys (ConfUtils.java:logGet(43)) - raft.server.retrycache.expirytime = 600000ms (custom)
2019-09-20 05:50:03,097 [pool-57-thread-1] INFO  impl.RaftServerImpl (RaftServerImpl.java:start(180)) - 9b918566-8d2f-4f38-9ce1-65f5cd084216: start group-17255EC37A1D
2019-09-20 05:50:03,097 [pool-57-thread-1] INFO  impl.RaftServerImpl (RaftServerImpl.java:setRole(171)) - 9b918566-8d2f-4f38-9ce1-65f5cd084216:group-17255EC37A1D changes role from null to FOLLOWER at term 0 for startAsFollower
2019-09-20 05:50:03,098 [pool-57-thread-1] INFO  impl.RoleInfo (RoleInfo.java:updateAndGet(143)) - 9b918566-8d2f-4f38-9ce1-65f5cd084216: start FollowerState
2019-09-20 05:50:03,098 [pool-57-thread-1] INFO  util.JmxRegister (JmxRegister.java:tryRegister(44)) - Successfully registered JMX Bean with object name Ratis:service=RaftServer,group=group-17255EC37A1D,id=9b918566-8d2f-4f38-9ce1-65f5cd084216
2019-09-20 05:50:03,099 [RatisPipelineUtilsThread] INFO  pipeline.PipelineStateManager (PipelineStateManager.java:addPipeline(56)) - Created pipeline Pipeline[ Id: c5d82524-4a25-4865-b534-17255ec37a1d, Nodes: 9b918566-8d2f-4f38-9ce1-65f5cd084216{ip: 192.168.36.79, host: pr-hdds-1569-s8kj2-2266485376, networkLocation: /default-rack, certSerialId: null}, Type:RATIS, Factor:ONE, State:OPEN]
2019-09-20 05:50:03,102 [grpc-default-executor-1] INFO  impl.RaftServerProxy (RaftServerProxy.java:addNew(89)) - 9b918566-8d2f-4f38-9ce1-65f5cd084216: addNew group-2515D093169F:[9b918566-8d2f-4f38-9ce1-65f5cd084216:192.168.36.79:46843] returns group-2515D093169F:java.util.concurrent.CompletableFuture@46d41251[Not completed]
2019-09-20 05:50:03,102 [pool-57-thread-1] INFO  impl.RaftServerImpl (RaftServerImpl.java:<init>(93)) - 9b918566-8d2f-4f38-9ce1-65f5cd084216: new RaftServerImpl for group-2515D093169F:[9b918566-8d2f-4f38-9ce1-65f5cd084216:192.168.36.79:46843] with ContainerStateMachine:uninitialized
2019-09-20 05:50:03,103 [pool-57-thread-1] INFO  server.RaftServerConfigKeys (ConfUtils.java:logGet(43)) - raft.server.rpc.timeout.min = 5s (custom)
2019-09-20 05:50:03,103 [pool-57-thread-1] INFO  server.RaftServerConfigKeys (ConfUtils.java:logGet(43)) - raft.server.rpc.timeout.max = 5200ms (custom)
2019-09-20 05:50:03,103 [pool-57-thread-1] INFO  server.RaftServerConfigKeys (ConfUtils.java:logGet(43)) - raft.server.rpcslowness.timeout = 120s (custom)
2019-09-20 05:50:03,103 [pool-57-thread-1] INFO  server.RaftServerConfigKeys (ConfUtils.java:logGet(43)) - raft.server.sleep.deviation.threshold = 300 (default)
2019-09-20 05:50:03,103 [pool-57-thread-1] INFO  server.RaftServerConfigKeys (ConfUtils.java:logGet(43)) - raft.server.log.appender.install.snapshot.enabled = false (custom)
2019-09-20 05:50:03,103 [pool-57-thread-1] INFO  impl.RaftServerImpl (ServerState.java:<init>(105)) - 9b918566-8d2f-4f38-9ce1-65f5cd084216:group-2515D093169F ConfigurationManager, init=-1: [9b918566-8d2f-4f38-9ce1-65f5cd084216:192.168.36.79:46843], old=null, confs=<EMPTY_MAP>
2019-09-20 05:50:03,103 [pool-57-thread-1] INFO  server.RaftServerConfigKeys (ConfUtils.java:logGet(43)) - raft.server.storage.dir = [/workdir/hadoop-ozone/integration-test/target/test-dir/MiniOzoneClusterImpl-29dd0c8c-da21-41d6-af77-5f0a65600fbb/datanode-0/data/ratis] (custom)
2019-09-20 05:50:03,104 [pool-57-thread-1] INFO  storage.RaftStorageDirectory (RaftStorageDirectory.java:analyzeStorage(246)) - The storage directory /workdir/hadoop-ozone/integration-test/target/test-dir/MiniOzoneClusterImpl-29dd0c8c-da21-41d6-af77-5f0a65600fbb/datanode-0/data/ratis/85131a2a-0d28-4176-8c19-2515d093169f does not exist. Creating ...
2019-09-20 05:50:03,144 [pool-57-thread-1] INFO  storage.RaftStorageDirectory (RaftStorageDirectory.java:tryLock(328)) - Lock on /workdir/hadoop-ozone/integration-test/target/test-dir/MiniOzoneClusterImpl-29dd0c8c-da21-41d6-af77-5f0a65600fbb/datanode-0/data/ratis/85131a2a-0d28-4176-8c19-2515d093169f/in_use.lock acquired by nodename 6907@pr-hdds-1569-s8kj2-2266485376
2019-09-20 05:50:03,180 [Thread-3308] INFO  impl.FollowerState (FollowerState.java:run(106)) - 9b918566-8d2f-4f38-9ce1-65f5cd084216:group-A2179C239601 changes to CANDIDATE, lastRpcTime:5195, electionTimeout:5195ms
2019-09-20 05:50:03,180 [Thread-3308] INFO  impl.RoleInfo (RoleInfo.java:shutdownFollowerState(121)) - 9b918566-8d2f-4f38-9ce1-65f5cd084216: shutdown FollowerState
2019-09-20 05:50:03,180 [Thread-3308] INFO  impl.RaftServerImpl (RaftServerImpl.java:setRole(171)) - 9b918566-8d2f-4f38-9ce1-65f5cd084216:group-A2179C239601 changes role from FOLLOWER to CANDIDATE at term 0 for changeToCandidate
2019-09-20 05:50:03,180 [Thread-3308] INFO  impl.RoleInfo (RoleInfo.java:updateAndGet(143)) - 9b918566-8d2f-4f38-9ce1-65f5cd084216: start LeaderElection
2019-09-20 05:50:03,186 [pool-57-thread-1] INFO  storage.RaftStorage (RaftStorage.java:format(72)) - Storage directory /workdir/hadoop-ozone/integration-test/target/test-dir/MiniOzoneClusterImpl-29dd0c8c-da21-41d6-af77-5f0a65600fbb/datanode-0/data/ratis/85131a2a-0d28-4176-8c19-2515d093169f has been successfully formatted.
2019-09-20 05:50:03,186 [pool-57-thread-1] INFO  ratis.ContainerStateMachine (ContainerStateMachine.java:loadSnapshot(226)) - group-2515D093169F: The snapshot info is null. Setting the last applied indexto:(t:0, i:~)
2019-09-20 05:50:03,187 [pool-57-thread-1] INFO  server.RaftServerConfigKeys (ConfUtils.java:logGet(43)) - raft.server.leader.election.timeout = 120s (custom)
2019-09-20 05:50:03,187 [pool-57-thread-1] INFO  server.RaftServerConfigKeys (ConfUtils.java:logGet(43)) - raft.server.log.use.memory = false (default)
2019-09-20 05:50:03,187 [pool-57-thread-1] INFO  server.RaftServerConfigKeys (ConfUtils.java:logGet(43)) - raft.server.log.purge.gap = 1000000 (custom)
2019-09-20 05:50:03,187 [pool-57-thread-1] INFO  server.RaftServerConfigKeys (ConfUtils.java:logGet(43)) - raft.server.log.appender.buffer.byte-limit = 33554432 (custom)
2019-09-20 05:50:03,187 [pool-57-thread-1] INFO  server.RaftServerConfigKeys (ConfUtils.java:logGet(43)) - raft.server.log.segment.size.max = 1048576 (custom)
2019-09-20 05:50:03,187 [pool-57-thread-1] INFO  server.RaftServerConfigKeys (ConfUtils.java:logGet(43)) - raft.server.log.segment.cache.num.max = 2 (custom)
2019-09-20 05:50:03,187 [pool-57-thread-1] INFO  segmented.SegmentedRaftLogWorker (SegmentedRaftLogWorker.java:<init>(172)) - new 9b918566-8d2f-4f38-9ce1-65f5cd084216-SegmentedRaftLogWorker:Storage Directory /workdir/hadoop-ozone/integration-test/target/test-dir/MiniOzoneClusterImpl-29dd0c8c-da21-41d6-af77-5f0a65600fbb/datanode-0/data/ratis/85131a2a-0d28-4176-8c19-2515d093169f for RaftStorage:Storage Directory /workdir/hadoop-ozone/integration-test/target/test-dir/MiniOzoneClusterImpl-29dd0c8c-da21-41d6-af77-5f0a65600fbb/datanode-0/data/ratis/85131a2a-0d28-4176-8c19-2515d093169f
2019-09-20 05:50:03,188 [pool-57-thread-1] INFO  server.RaftServerConfigKeys (ConfUtils.java:logGet(43)) - raft.server.log.queue.byte-limit = 2147483647 (custom)
2019-09-20 05:50:03,188 [pool-57-thread-1] INFO  server.RaftServerConfigKeys (ConfUtils.java:logGet(43)) - raft.server.log.queue.element-limit = 1024 (custom)
2019-09-20 05:50:03,188 [pool-57-thread-1] INFO  server.RaftServerConfigKeys (ConfUtils.java:logGet(43)) - raft.server.log.segment.size.max = 1048576 (custom)
2019-09-20 05:50:03,188 [pool-57-thread-1] INFO  server.RaftServerConfigKeys (ConfUtils.java:logGet(43)) - raft.server.log.preallocated.size = 16384 (custom)
2019-09-20 05:50:03,188 [pool-57-thread-1] INFO  server.RaftServerConfigKeys (ConfUtils.java:logGet(43)) - raft.server.log.write.buffer.size = 33554432 (custom)
2019-09-20 05:50:03,188 [pool-57-thread-1] INFO  server.RaftServerConfigKeys (ConfUtils.java:logGet(43)) - raft.server.log.force.sync.num = 128 (default)
2019-09-20 05:50:03,188 [pool-57-thread-1] INFO  server.RaftServerConfigKeys (ConfUtils.java:logGet(43)) - raft.server.log.statemachine.data.sync = true (default)
2019-09-20 05:50:03,189 [pool-57-thread-1] INFO  server.RaftServerConfigKeys (ConfUtils.java:logGet(43)) - raft.server.log.statemachine.data.sync.timeout = 10s (default)
2019-09-20 05:50:03,189 [pool-57-thread-1] INFO  server.RaftServerConfigKeys (ConfUtils.java:logGet(43)) - raft.server.log.statemachine.data.sync.timeout.retry = -1 (default)
2019-09-20 05:50:03,189 [pool-57-thread-1] INFO  server.RaftServerConfigKeys (ConfUtils.java:logGet(43)) - raft.server.log.statemachine.data.caching.enabled = true (custom)
2019-09-20 05:50:03,189 [pool-57-thread-1] INFO  segmented.SegmentedRaftLogWorker (SegmentedRaftLogWorker.java:lambda$new$0(132)) - 9b918566-8d2f-4f38-9ce1-65f5cd084216-SegmentedRaftLogWorker:Storage Directory /workdir/hadoop-ozone/integration-test/target/test-dir/MiniOzoneClusterImpl-29dd0c8c-da21-41d6-af77-5f0a65600fbb/datanode-0/data/ratis/85131a2a-0d28-4176-8c19-2515d093169f: flushIndex: setUnconditionally 0 -> -1
2019-09-20 05:50:03,189 [pool-57-thread-1] INFO  server.RaftServerConfigKeys (ConfUtils.java:logGet(43)) - raft.server.snapshot.auto.trigger.enabled = true (custom)
2019-09-20 05:50:03,189 [pool-57-thread-1] INFO  server.RaftServerConfigKeys (ConfUtils.java:logGet(43)) - raft.server.snapshot.auto.trigger.threshold = 1 (custom)
2019-09-20 05:50:03,190 [pool-57-thread-1] INFO  server.RaftServerConfigKeys (ConfUtils.java:logGet(43)) - raft.server.retrycache.expirytime = 600000ms (custom)
2019-09-20 05:50:03,190 [pool-57-thread-1] INFO  impl.RaftServerImpl (RaftServerImpl.java:start(180)) - 9b918566-8d2f-4f38-9ce1-65f5cd084216: start group-2515D093169F
2019-09-20 05:50:03,190 [pool-57-thread-1] INFO  impl.RaftServerImpl (RaftServerImpl.java:setRole(171)) - 9b918566-8d2f-4f38-9ce1-65f5cd084216:group-2515D093169F changes role from null to FOLLOWER at term 0 for startAsFollower
2019-09-20 05:50:03,190 [pool-57-thread-1] INFO  impl.RoleInfo (RoleInfo.java:updateAndGet(143)) - 9b918566-8d2f-4f38-9ce1-65f5cd084216: start FollowerState
2019-09-20 05:50:03,190 [pool-57-thread-1] INFO  util.JmxRegister (JmxRegister.java:tryRegister(44)) - Successfully registered JMX Bean with object name Ratis:service=RaftServer,group=group-2515D093169F,id=9b918566-8d2f-4f38-9ce1-65f5cd084216
2019-09-20 05:50:03,192 [RatisPipelineUtilsThread] INFO  pipeline.PipelineStateManager (PipelineStateManager.java:addPipeline(56)) - Created pipeline Pipeline[ Id: 85131a2a-0d28-4176-8c19-2515d093169f, Nodes: 9b918566-8d2f-4f38-9ce1-65f5cd084216{ip: 192.168.36.79, host: pr-hdds-1569-s8kj2-2266485376, networkLocation: /default-rack, certSerialId: null}, Type:RATIS, Factor:ONE, State:OPEN]
2019-09-20 05:50:03,194 [grpc-default-executor-1] INFO  impl.RaftServerProxy (RaftServerProxy.java:addNew(89)) - 9b918566-8d2f-4f38-9ce1-65f5cd084216: addNew group-133DA12773F6:[9b918566-8d2f-4f38-9ce1-65f5cd084216:192.168.36.79:46843] returns group-133DA12773F6:java.util.concurrent.CompletableFuture@7e8f0eb6[Not completed]
2019-09-20 05:50:03,195 [pool-57-thread-1] INFO  impl.RaftServerImpl (RaftServerImpl.java:<init>(93)) - 9b918566-8d2f-4f38-9ce1-65f5cd084216: new RaftServerImpl for group-133DA12773F6:[9b918566-8d2f-4f38-9ce1-65f5cd084216:192.168.36.79:46843] with ContainerStateMachine:uninitialized
2019-09-20 05:50:03,195 [pool-57-thread-1] INFO  server.RaftServerConfigKeys (ConfUtils.java:logGet(43)) - raft.server.rpc.timeout.min = 5s (custom)
2019-09-20 05:50:03,195 [pool-57-thread-1] INFO  server.RaftServerConfigKeys (ConfUtils.java:logGet(43)) - raft.server.rpc.timeout.max = 5200ms (custom)
2019-09-20 05:50:03,197 [pool-57-thread-1] INFO  server.RaftServerConfigKeys (ConfUtils.java:logGet(43)) - raft.server.rpcslowness.timeout = 120s (custom)
2019-09-20 05:50:03,197 [pool-57-thread-1] INFO  server.RaftServerConfigKeys (ConfUtils.java:logGet(43)) - raft.server.sleep.deviation.threshold = 300 (default)
2019-09-20 05:50:03,198 [pool-57-thread-1] INFO  server.RaftServerConfigKeys (ConfUtils.java:logGet(43)) - raft.server.log.appender.install.snapshot.enabled = false (custom)
2019-09-20 05:50:03,198 [pool-57-thread-1] INFO  impl.RaftServerImpl (ServerState.java:<init>(105)) - 9b918566-8d2f-4f38-9ce1-65f5cd084216:group-133DA12773F6 ConfigurationManager, init=-1: [9b918566-8d2f-4f38-9ce1-65f5cd084216:192.168.36.79:46843], old=null, confs=<EMPTY_MAP>
2019-09-20 05:50:03,198 [pool-57-thread-1] INFO  server.RaftServerConfigKeys (ConfUtils.java:logGet(43)) - raft.server.storage.dir = [/workdir/hadoop-ozone/integration-test/target/test-dir/MiniOzoneClusterImpl-29dd0c8c-da21-41d6-af77-5f0a65600fbb/datanode-0/data/ratis] (custom)
2019-09-20 05:50:03,199 [pool-57-thread-1] INFO  storage.RaftStorageDirectory (RaftStorageDirectory.java:analyzeStorage(246)) - The storage directory /workdir/hadoop-ozone/integration-test/target/test-dir/MiniOzoneClusterImpl-29dd0c8c-da21-41d6-af77-5f0a65600fbb/datanode-0/data/ratis/5d57c510-c5c7-462c-845a-133da12773f6 does not exist. Creating ...
2019-09-20 05:50:03,245 [pool-57-thread-1] INFO  storage.RaftStorageDirectory (RaftStorageDirectory.java:tryLock(328)) - Lock on /workdir/hadoop-ozone/integration-test/target/test-dir/MiniOzoneClusterImpl-29dd0c8c-da21-41d6-af77-5f0a65600fbb/datanode-0/data/ratis/5d57c510-c5c7-462c-845a-133da12773f6/in_use.lock acquired by nodename 6907@pr-hdds-1569-s8kj2-2266485376
2019-09-20 05:50:03,245 [9b918566-8d2f-4f38-9ce1-65f5cd084216:group-A2179C239601:LeaderElection433] INFO  impl.LeaderElection (LeaderElection.java:askForVotes(181)) - 9b918566-8d2f-4f38-9ce1-65f5cd084216:group-A2179C239601:LeaderElection433: begin an election at term 1 for -1: [9b918566-8d2f-4f38-9ce1-65f5cd084216:192.168.36.79:46843], old=null
2019-09-20 05:50:03,245 [9b918566-8d2f-4f38-9ce1-65f5cd084216:group-A2179C239601:LeaderElection433] INFO  impl.RoleInfo (RoleInfo.java:shutdownLeaderElection(134)) - 9b918566-8d2f-4f38-9ce1-65f5cd084216: shutdown LeaderElection
2019-09-20 05:50:03,245 [9b918566-8d2f-4f38-9ce1-65f5cd084216:group-A2179C239601:LeaderElection433] INFO  impl.RaftServerImpl (RaftServerImpl.java:setRole(171)) - 9b918566-8d2f-4f38-9ce1-65f5cd084216:group-A2179C239601 changes role from CANDIDATE to LEADER at term 1 for changeToLeader
2019-09-20 05:50:03,245 [9b918566-8d2f-4f38-9ce1-65f5cd084216:group-A2179C239601:LeaderElection433] INFO  impl.RaftServerImpl (ServerState.java:setLeader(263)) - 9b918566-8d2f-4f38-9ce1-65f5cd084216:group-A2179C239601 change Leader from null to 9b918566-8d2f-4f38-9ce1-65f5cd084216 at term 1 for becomeLeader, leader elected after 5263ms
2019-09-20 05:50:03,246 [9b918566-8d2f-4f38-9ce1-65f5cd084216:group-A2179C239601:LeaderElection433] INFO  server.RaftServerConfigKeys (ConfUtils.java:logGet(43)) - raft.server.staging.catchup.gap = 1000 (default)
2019-09-20 05:50:03,246 [9b918566-8d2f-4f38-9ce1-65f5cd084216:group-A2179C239601:LeaderElection433] INFO  server.RaftServerConfigKeys (ConfUtils.java:logGet(43)) - raft.server.rpc.sleep.time = 25ms (default)
2019-09-20 05:50:03,246 [9b918566-8d2f-4f38-9ce1-65f5cd084216:group-A2179C239601:LeaderElection433] INFO  server.RaftServerConfigKeys (ConfUtils.java:logGet(43)) - raft.server.write.element-limit = 4096 (default)
2019-09-20 05:50:03,246 [9b918566-8d2f-4f38-9ce1-65f5cd084216:group-A2179C239601:LeaderElection433] INFO  server.RaftServerConfigKeys (ConfUtils.java:logGet(43)) - raft.server.watch.timeout = 10s (default)
2019-09-20 05:50:03,246 [9b918566-8d2f-4f38-9ce1-65f5cd084216:group-A2179C239601:LeaderElection433] INFO  server.RaftServerConfigKeys (ConfUtils.java:logGet(43)) - raft.server.watch.timeout.denomination = 1s (default)
2019-09-20 05:50:03,246 [9b918566-8d2f-4f38-9ce1-65f5cd084216:group-A2179C239601:LeaderElection433] INFO  server.RaftServerConfigKeys (ConfUtils.java:logGet(43)) - raft.server.watch.element-limit = 65536 (default)
2019-09-20 05:50:03,246 [9b918566-8d2f-4f38-9ce1-65f5cd084216:group-A2179C239601:LeaderElection433] INFO  impl.RoleInfo (RoleInfo.java:updateAndGet(143)) - 9b918566-8d2f-4f38-9ce1-65f5cd084216: start LeaderState
2019-09-20 05:50:03,247 [9b918566-8d2f-4f38-9ce1-65f5cd084216:group-A2179C239601:LeaderElection433] INFO  segmented.SegmentedRaftLogWorker (SegmentedRaftLogWorker.java:startLogSegment(380)) - 9b918566-8d2f-4f38-9ce1-65f5cd084216-SegmentedRaftLogWorker:Storage Directory /workdir/hadoop-ozone/integration-test/target/test-dir/MiniOzoneClusterImpl-29dd0c8c-da21-41d6-af77-5f0a65600fbb/datanode-0/data/ratis/08b6c4e0-06ca-4e4e-834a-a2179c239601: Starting segment from index:0
2019-09-20 05:50:03,247 [9b918566-8d2f-4f38-9ce1-65f5cd084216:group-A2179C239601:LeaderElection433] INFO  impl.RaftServerImpl (ServerState.java:setRaftConf(361)) - 9b918566-8d2f-4f38-9ce1-65f5cd084216:group-A2179C239601 set configuration 0: [9b918566-8d2f-4f38-9ce1-65f5cd084216:192.168.36.79:46843], old=null at 0
2019-09-20 05:50:03,259 [Thread-3311] INFO  impl.FollowerState (FollowerState.java:run(106)) - 9b918566-8d2f-4f38-9ce1-65f5cd084216:group-791E7A58D8E3 changes to CANDIDATE, lastRpcTime:5198, electionTimeout:5198ms
2019-09-20 05:50:03,259 [Thread-3311] INFO  impl.RoleInfo (RoleInfo.java:shutdownFollowerState(121)) - 9b918566-8d2f-4f38-9ce1-65f5cd084216: shutdown FollowerState
2019-09-20 05:50:03,259 [Thread-3311] INFO  impl.RaftServerImpl (RaftServerImpl.java:setRole(171)) - 9b918566-8d2f-4f38-9ce1-65f5cd084216:group-791E7A58D8E3 changes role from FOLLOWER to CANDIDATE at term 0 for changeToCandidate
2019-09-20 05:50:03,259 [Thread-3311] INFO  impl.RoleInfo (RoleInfo.java:updateAndGet(143)) - 9b918566-8d2f-4f38-9ce1-65f5cd084216: start LeaderElection
2019-09-20 05:50:03,278 [Thread-3314] INFO  impl.FollowerState (FollowerState.java:run(106)) - 9b918566-8d2f-4f38-9ce1-65f5cd084216:group-080680E1A620 changes to CANDIDATE, lastRpcTime:5140, electionTimeout:5140ms
2019-09-20 05:50:03,278 [Thread-3314] INFO  impl.RoleInfo (RoleInfo.java:shutdownFollowerState(121)) - 9b918566-8d2f-4f38-9ce1-65f5cd084216: shutdown FollowerState
2019-09-20 05:50:03,278 [Thread-3314] INFO  impl.RaftServerImpl (RaftServerImpl.java:setRole(171)) - 9b918566-8d2f-4f38-9ce1-65f5cd084216:group-080680E1A620 changes role from FOLLOWER to CANDIDATE at term 0 for changeToCandidate
2019-09-20 05:50:03,278 [Thread-3314] INFO  impl.RoleInfo (RoleInfo.java:updateAndGet(143)) - 9b918566-8d2f-4f38-9ce1-65f5cd084216: start LeaderElection
2019-09-20 05:50:03,279 [pool-57-thread-1] INFO  storage.RaftStorage (RaftStorage.java:format(72)) - Storage directory /workdir/hadoop-ozone/integration-test/target/test-dir/MiniOzoneClusterImpl-29dd0c8c-da21-41d6-af77-5f0a65600fbb/datanode-0/data/ratis/5d57c510-c5c7-462c-845a-133da12773f6 has been successfully formatted.
2019-09-20 05:50:03,279 [9b918566-8d2f-4f38-9ce1-65f5cd084216:group-791E7A58D8E3:LeaderElection434] INFO  impl.LeaderElection (LeaderElection.java:askForVotes(181)) - 9b918566-8d2f-4f38-9ce1-65f5cd084216:group-791E7A58D8E3:LeaderElection434: begin an election at term 1 for -1: [9b918566-8d2f-4f38-9ce1-65f5cd084216:192.168.36.79:46843], old=null
2019-09-20 05:50:03,279 [pool-57-thread-1] INFO  ratis.ContainerStateMachine (ContainerStateMachine.java:loadSnapshot(226)) - group-133DA12773F6: The snapshot info is null. Setting the last applied indexto:(t:0, i:~)
2019-09-20 05:50:03,279 [9b918566-8d2f-4f38-9ce1-65f5cd084216:group-791E7A58D8E3:LeaderElection434] INFO  impl.RoleInfo (RoleInfo.java:shutdownLeaderElection(134)) - 9b918566-8d2f-4f38-9ce1-65f5cd084216: shutdown LeaderElection
2019-09-20 05:50:03,280 [pool-57-thread-1] INFO  server.RaftServerConfigKeys (ConfUtils.java:logGet(43)) - raft.server.leader.election.timeout = 120s (custom)
2019-09-20 05:50:03,280 [9b918566-8d2f-4f38-9ce1-65f5cd084216:group-791E7A58D8E3:LeaderElection434] INFO  impl.RaftServerImpl (RaftServerImpl.java:setRole(171)) - 9b918566-8d2f-4f38-9ce1-65f5cd084216:group-791E7A58D8E3 changes role from CANDIDATE to LEADER at term 1 for changeToLeader
2019-09-20 05:50:03,280 [9b918566-8d2f-4f38-9ce1-65f5cd084216:group-791E7A58D8E3:LeaderElection434] INFO  impl.RaftServerImpl (ServerState.java:setLeader(263)) - 9b918566-8d2f-4f38-9ce1-65f5cd084216:group-791E7A58D8E3 change Leader from null to 9b918566-8d2f-4f38-9ce1-65f5cd084216 at term 1 for becomeLeader, leader elected after 5221ms
2019-09-20 05:50:03,280 [pool-57-thread-1] INFO  server.RaftServerConfigKeys (ConfUtils.java:logGet(43)) - raft.server.log.use.memory = false (default)
2019-09-20 05:50:03,280 [9b918566-8d2f-4f38-9ce1-65f5cd084216:group-791E7A58D8E3:LeaderElection434] INFO  server.RaftServerConfigKeys (ConfUtils.java:logGet(43)) - raft.server.staging.catchup.gap = 1000 (default)
2019-09-20 05:50:03,280 [pool-57-thread-1] INFO  server.RaftServerConfigKeys (ConfUtils.java:logGet(43)) - raft.server.log.purge.gap = 1000000 (custom)
2019-09-20 05:50:03,280 [9b918566-8d2f-4f38-9ce1-65f5cd084216:group-791E7A58D8E3:LeaderElection434] INFO  server.RaftServerConfigKeys (ConfUtils.java:logGet(43)) - raft.server.rpc.sleep.time = 25ms (default)
2019-09-20 05:50:03,280 [pool-57-thread-1] INFO  server.RaftServerConfigKeys (ConfUtils.java:logGet(43)) - raft.server.log.appender.buffer.byte-limit = 33554432 (custom)
2019-09-20 05:50:03,281 [9b918566-8d2f-4f38-9ce1-65f5cd084216:group-791E7A58D8E3:LeaderElection434] INFO  server.RaftServerConfigKeys (ConfUtils.java:logGet(43)) - raft.server.write.element-limit = 4096 (default)
2019-09-20 05:50:03,281 [pool-57-thread-1] INFO  server.RaftServerConfigKeys (ConfUtils.java:logGet(43)) - raft.server.log.segment.size.max = 1048576 (custom)
2019-09-20 05:50:03,281 [9b918566-8d2f-4f38-9ce1-65f5cd084216:group-791E7A58D8E3:LeaderElection434] INFO  server.RaftServerConfigKeys (ConfUtils.java:logGet(43)) - raft.server.watch.timeout = 10s (default)
2019-09-20 05:50:03,281 [pool-57-thread-1] INFO  server.RaftServerConfigKeys (ConfUtils.java:logGet(43)) - raft.server.log.segment.cache.num.max = 2 (custom)
2019-09-20 05:50:03,281 [9b918566-8d2f-4f38-9ce1-65f5cd084216:group-791E7A58D8E3:LeaderElection434] INFO  server.RaftServerConfigKeys (ConfUtils.java:logGet(43)) - raft.server.watch.timeout.denomination = 1s (default)
2019-09-20 05:50:03,281 [pool-57-thread-1] INFO  segmented.SegmentedRaftLogWorker (SegmentedRaftLogWorker.java:<init>(172)) - new 9b918566-8d2f-4f38-9ce1-65f5cd084216-SegmentedRaftLogWorker:Storage Directory /workdir/hadoop-ozone/integration-test/target/test-dir/MiniOzoneClusterImpl-29dd0c8c-da21-41d6-af77-5f0a65600fbb/datanode-0/data/ratis/5d57c510-c5c7-462c-845a-133da12773f6 for RaftStorage:Storage Directory /workdir/hadoop-ozone/integration-test/target/test-dir/MiniOzoneClusterImpl-29dd0c8c-da21-41d6-af77-5f0a65600fbb/datanode-0/data/ratis/5d57c510-c5c7-462c-845a-133da12773f6
2019-09-20 05:50:03,281 [9b918566-8d2f-4f38-9ce1-65f5cd084216:group-791E7A58D8E3:LeaderElection434] INFO  server.RaftServerConfigKeys (ConfUtils.java:logGet(43)) - raft.server.watch.element-limit = 65536 (default)
2019-09-20 05:50:03,281 [pool-57-thread-1] INFO  server.RaftServerConfigKeys (ConfUtils.java:logGet(43)) - raft.server.log.queue.byte-limit = 2147483647 (custom)
2019-09-20 05:50:03,281 [9b918566-8d2f-4f38-9ce1-65f5cd084216:group-791E7A58D8E3:LeaderElection434] INFO  impl.RoleInfo (RoleInfo.java:updateAndGet(143)) - 9b918566-8d2f-4f38-9ce1-65f5cd084216: start LeaderState
2019-09-20 05:50:03,282 [pool-57-thread-1] INFO  server.RaftServerConfigKeys (ConfUtils.java:logGet(43)) - raft.server.log.queue.element-limit = 1024 (custom)
2019-09-20 05:50:03,282 [9b918566-8d2f-4f38-9ce1-65f5cd084216:group-791E7A58D8E3:LeaderElection434] INFO  segmented.SegmentedRaftLogWorker (SegmentedRaftLogWorker.java:startLogSegment(380)) - 9b918566-8d2f-4f38-9ce1-65f5cd084216-SegmentedRaftLogWorker:Storage Directory /workdir/hadoop-ozone/integration-test/target/test-dir/MiniOzoneClusterImpl-29dd0c8c-da21-41d6-af77-5f0a65600fbb/datanode-0/data/ratis/f1f48ad7-5474-4654-9004-791e7a58d8e3: Starting segment from index:0
2019-09-20 05:50:03,282 [pool-57-thread-1] INFO  server.RaftServerConfigKeys (ConfUtils.java:logGet(43)) - raft.server.log.segment.size.max = 1048576 (custom)
2019-09-20 05:50:03,282 [pool-57-thread-1] INFO  server.RaftServerConfigKeys (ConfUtils.java:logGet(43)) - raft.server.log.preallocated.size = 16384 (custom)
2019-09-20 05:50:03,282 [9b918566-8d2f-4f38-9ce1-65f5cd084216:group-791E7A58D8E3:LeaderElection434] INFO  impl.RaftServerImpl (ServerState.java:setRaftConf(361)) - 9b918566-8d2f-4f38-9ce1-65f5cd084216:group-791E7A58D8E3 set configuration 0: [9b918566-8d2f-4f38-9ce1-65f5cd084216:192.168.36.79:46843], old=null at 0
2019-09-20 05:50:03,282 [pool-57-thread-1] INFO  server.RaftServerConfigKeys (ConfUtils.java:logGet(43)) - raft.server.log.write.buffer.size = 33554432 (custom)
2019-09-20 05:50:03,282 [pool-57-thread-1] INFO  server.RaftServerConfigKeys (ConfUtils.java:logGet(43)) - raft.server.log.force.sync.num = 128 (default)
2019-09-20 05:50:03,283 [pool-57-thread-1] INFO  server.RaftServerConfigKeys (ConfUtils.java:logGet(43)) - raft.server.log.statemachine.data.sync = true (default)
2019-09-20 05:50:03,283 [pool-57-thread-1] INFO  server.RaftServerConfigKeys (ConfUtils.java:logGet(43)) - raft.server.log.statemachine.data.sync.timeout = 10s (default)
2019-09-20 05:50:03,283 [pool-57-thread-1] INFO  server.RaftServerConfigKeys (ConfUtils.java:logGet(43)) - raft.server.log.statemachine.data.sync.timeout.retry = -1 (default)
2019-09-20 05:50:03,283 [pool-57-thread-1] INFO  server.RaftServerConfigKeys (ConfUtils.java:logGet(43)) - raft.server.log.statemachine.data.caching.enabled = true (custom)
2019-09-20 05:50:03,283 [pool-57-thread-1] INFO  segmented.SegmentedRaftLogWorker (SegmentedRaftLogWorker.java:lambda$new$0(132)) - 9b918566-8d2f-4f38-9ce1-65f5cd084216-SegmentedRaftLogWorker:Storage Directory /workdir/hadoop-ozone/integration-test/target/test-dir/MiniOzoneClusterImpl-29dd0c8c-da21-41d6-af77-5f0a65600fbb/datanode-0/data/ratis/5d57c510-c5c7-462c-845a-133da12773f6: flushIndex: setUnconditionally 0 -> -1
2019-09-20 05:50:03,284 [pool-57-thread-1] INFO  server.RaftServerConfigKeys (ConfUtils.java:logGet(43)) - raft.server.snapshot.auto.trigger.enabled = true (custom)
2019-09-20 05:50:03,284 [pool-57-thread-1] INFO  server.RaftServerConfigKeys (ConfUtils.java:logGet(43)) - raft.server.snapshot.auto.trigger.threshold = 1 (custom)
2019-09-20 05:50:03,284 [pool-57-thread-1] INFO  server.RaftServerConfigKeys (ConfUtils.java:logGet(43)) - raft.server.retrycache.expirytime = 600000ms (custom)
2019-09-20 05:50:03,284 [pool-57-thread-1] INFO  impl.RaftServerImpl (RaftServerImpl.java:start(180)) - 9b918566-8d2f-4f38-9ce1-65f5cd084216: start group-133DA12773F6
2019-09-20 05:50:03,284 [pool-57-thread-1] INFO  impl.RaftServerImpl (RaftServerImpl.java:setRole(171)) - 9b918566-8d2f-4f38-9ce1-65f5cd084216:group-133DA12773F6 changes role from null to FOLLOWER at term 0 for startAsFollower
2019-09-20 05:50:03,284 [pool-57-thread-1] INFO  impl.RoleInfo (RoleInfo.java:updateAndGet(143)) - 9b918566-8d2f-4f38-9ce1-65f5cd084216: start FollowerState
2019-09-20 05:50:03,285 [pool-57-thread-1] INFO  util.JmxRegister (JmxRegister.java:tryRegister(44)) - Successfully registered JMX Bean with object name Ratis:service=RaftServer,group=group-133DA12773F6,id=9b918566-8d2f-4f38-9ce1-65f5cd084216
2019-09-20 05:50:03,286 [RatisPipelineUtilsThread] INFO  pipeline.PipelineStateManager (PipelineStateManager.java:addPipeline(56)) - Created pipeline Pipeline[ Id: 5d57c510-c5c7-462c-845a-133da12773f6, Nodes: 9b918566-8d2f-4f38-9ce1-65f5cd084216{ip: 192.168.36.79, host: pr-hdds-1569-s8kj2-2266485376, networkLocation: /default-rack, certSerialId: null}, Type:RATIS, Factor:ONE, State:OPEN]
2019-09-20 05:50:03,289 [grpc-default-executor-1] INFO  impl.RaftServerProxy (RaftServerProxy.java:addNew(89)) - 9b918566-8d2f-4f38-9ce1-65f5cd084216: addNew group-596D48322396:[9b918566-8d2f-4f38-9ce1-65f5cd084216:192.168.36.79:46843] returns group-596D48322396:java.util.concurrent.CompletableFuture@1dc17cb6[Not completed]
2019-09-20 05:50:03,289 [pool-57-thread-1] INFO  impl.RaftServerImpl (RaftServerImpl.java:<init>(93)) - 9b918566-8d2f-4f38-9ce1-65f5cd084216: new RaftServerImpl for group-596D48322396:[9b918566-8d2f-4f38-9ce1-65f5cd084216:192.168.36.79:46843] with ContainerStateMachine:uninitialized
2019-09-20 05:50:03,289 [pool-57-thread-1] INFO  server.RaftServerConfigKeys (ConfUtils.java:logGet(43)) - raft.server.rpc.timeout.min = 5s (custom)
2019-09-20 05:50:03,290 [pool-57-thread-1] INFO  server.RaftServerConfigKeys (ConfUtils.java:logGet(43)) - raft.server.rpc.timeout.max = 5200ms (custom)
2019-09-20 05:50:03,290 [pool-57-thread-1] INFO  server.RaftServerConfigKeys (ConfUtils.java:logGet(43)) - raft.server.rpcslowness.timeout = 120s (custom)
2019-09-20 05:50:03,290 [pool-57-thread-1] INFO  server.RaftServerConfigKeys (ConfUtils.java:logGet(43)) - raft.server.sleep.deviation.threshold = 300 (default)
2019-09-20 05:50:03,290 [pool-57-thread-1] INFO  server.RaftServerConfigKeys (ConfUtils.java:logGet(43)) - raft.server.log.appender.install.snapshot.enabled = false (custom)
2019-09-20 05:50:03,290 [pool-57-thread-1] INFO  impl.RaftServerImpl (ServerState.java:<init>(105)) - 9b918566-8d2f-4f38-9ce1-65f5cd084216:group-596D48322396 ConfigurationManager, init=-1: [9b918566-8d2f-4f38-9ce1-65f5cd084216:192.168.36.79:46843], old=null, confs=<EMPTY_MAP>
2019-09-20 05:50:03,290 [pool-57-thread-1] INFO  server.RaftServerConfigKeys (ConfUtils.java:logGet(43)) - raft.server.storage.dir = [/workdir/hadoop-ozone/integration-test/target/test-dir/MiniOzoneClusterImpl-29dd0c8c-da21-41d6-af77-5f0a65600fbb/datanode-0/data/ratis] (custom)
2019-09-20 05:50:03,291 [pool-57-thread-1] INFO  storage.RaftStorageDirectory (RaftStorageDirectory.java:analyzeStorage(246)) - The storage directory /workdir/hadoop-ozone/integration-test/target/test-dir/MiniOzoneClusterImpl-29dd0c8c-da21-41d6-af77-5f0a65600fbb/datanode-0/data/ratis/b9b6c573-267a-4483-abcf-596d48322396 does not exist. Creating ...
2019-09-20 05:50:03,295 | INFO  | SCMAudit | user=jenkins1000 | ip=192.168.36.79 | op=SEND_HEARTBEAT {datanodeUUID=9b918566-8d2f-4f38-9ce1-65f5cd084216, command=[]} | ret=SUCCESS |  
2019-09-20 05:50:03,330 [Thread-3320] INFO  impl.FollowerState (FollowerState.java:run(106)) - 9b918566-8d2f-4f38-9ce1-65f5cd084216:group-4759C94F7E67 changes to CANDIDATE, lastRpcTime:5089, electionTimeout:5089ms
2019-09-20 05:50:03,331 [Thread-3320] INFO  impl.RoleInfo (RoleInfo.java:shutdownFollowerState(121)) - 9b918566-8d2f-4f38-9ce1-65f5cd084216: shutdown FollowerState
2019-09-20 05:50:03,331 [Thread-3320] INFO  impl.RaftServerImpl (RaftServerImpl.java:setRole(171)) - 9b918566-8d2f-4f38-9ce1-65f5cd084216:group-4759C94F7E67 changes role from FOLLOWER to CANDIDATE at term 0 for changeToCandidate
2019-09-20 05:50:03,331 [Thread-3320] INFO  impl.RoleInfo (RoleInfo.java:updateAndGet(143)) - 9b918566-8d2f-4f38-9ce1-65f5cd084216: start LeaderElection
2019-09-20 05:50:03,355 [pool-57-thread-1] INFO  storage.RaftStorageDirectory (RaftStorageDirectory.java:tryLock(328)) - Lock on /workdir/hadoop-ozone/integration-test/target/test-dir/MiniOzoneClusterImpl-29dd0c8c-da21-41d6-af77-5f0a65600fbb/datanode-0/data/ratis/b9b6c573-267a-4483-abcf-596d48322396/in_use.lock acquired by nodename 6907@pr-hdds-1569-s8kj2-2266485376
2019-09-20 05:50:03,355 [9b918566-8d2f-4f38-9ce1-65f5cd084216-SegmentedRaftLogWorker:Storage Directory /workdir/hadoop-ozone/integration-test/target/test-dir/MiniOzoneClusterImpl-29dd0c8c-da21-41d6-af77-5f0a65600fbb/datanode-0/data/ratis/f1f48ad7-5474-4654-9004-791e7a58d8e3] INFO  segmented.SegmentedRaftLogWorker (SegmentedRaftLogWorker.java:execute(569)) - 9b918566-8d2f-4f38-9ce1-65f5cd084216-SegmentedRaftLogWorker:Storage Directory /workdir/hadoop-ozone/integration-test/target/test-dir/MiniOzoneClusterImpl-29dd0c8c-da21-41d6-af77-5f0a65600fbb/datanode-0/data/ratis/f1f48ad7-5474-4654-9004-791e7a58d8e3: created new log segment /workdir/hadoop-ozone/integration-test/target/test-dir/MiniOzoneClusterImpl-29dd0c8c-da21-41d6-af77-5f0a65600fbb/datanode-0/data/ratis/f1f48ad7-5474-4654-9004-791e7a58d8e3/current/log_inprogress_0
2019-09-20 05:50:03,355 [9b918566-8d2f-4f38-9ce1-65f5cd084216-SegmentedRaftLogWorker:Storage Directory /workdir/hadoop-ozone/integration-test/target/test-dir/MiniOzoneClusterImpl-29dd0c8c-da21-41d6-af77-5f0a65600fbb/datanode-0/data/ratis/08b6c4e0-06ca-4e4e-834a-a2179c239601] INFO  segmented.SegmentedRaftLogWorker (SegmentedRaftLogWorker.java:execute(569)) - 9b918566-8d2f-4f38-9ce1-65f5cd084216-SegmentedRaftLogWorker:Storage Directory /workdir/hadoop-ozone/integration-test/target/test-dir/MiniOzoneClusterImpl-29dd0c8c-da21-41d6-af77-5f0a65600fbb/datanode-0/data/ratis/08b6c4e0-06ca-4e4e-834a-a2179c239601: created new log segment /workdir/hadoop-ozone/integration-test/target/test-dir/MiniOzoneClusterImpl-29dd0c8c-da21-41d6-af77-5f0a65600fbb/datanode-0/data/ratis/08b6c4e0-06ca-4e4e-834a-a2179c239601/current/log_inprogress_0
2019-09-20 05:50:03,355 [9b918566-8d2f-4f38-9ce1-65f5cd084216:group-080680E1A620:LeaderElection435] INFO  impl.LeaderElection (LeaderElection.java:askForVotes(181)) - 9b918566-8d2f-4f38-9ce1-65f5cd084216:group-080680E1A620:LeaderElection435: begin an election at term 1 for -1: [9b918566-8d2f-4f38-9ce1-65f5cd084216:192.168.36.79:46843], old=null
2019-09-20 05:50:03,355 [9b918566-8d2f-4f38-9ce1-65f5cd084216:group-4759C94F7E67:LeaderElection436] INFO  impl.LeaderElection (LeaderElection.java:askForVotes(181)) - 9b918566-8d2f-4f38-9ce1-65f5cd084216:group-4759C94F7E67:LeaderElection436: begin an election at term 1 for -1: [9b918566-8d2f-4f38-9ce1-65f5cd084216:192.168.36.79:46843], old=null
2019-09-20 05:50:03,355 [9b918566-8d2f-4f38-9ce1-65f5cd084216:group-080680E1A620:LeaderElection435] INFO  impl.RoleInfo (RoleInfo.java:shutdownLeaderElection(134)) - 9b918566-8d2f-4f38-9ce1-65f5cd084216: shutdown LeaderElection
2019-09-20 05:50:03,356 [9b918566-8d2f-4f38-9ce1-65f5cd084216:group-080680E1A620:LeaderElection435] INFO  impl.RaftServerImpl (RaftServerImpl.java:setRole(171)) - 9b918566-8d2f-4f38-9ce1-65f5cd084216:group-080680E1A620 changes role from CANDIDATE to LEADER at term 1 for changeToLeader
2019-09-20 05:50:03,356 [9b918566-8d2f-4f38-9ce1-65f5cd084216:group-080680E1A620:LeaderElection435] INFO  impl.RaftServerImpl (ServerState.java:setLeader(263)) - 9b918566-8d2f-4f38-9ce1-65f5cd084216:group-080680E1A620 change Leader from null to 9b918566-8d2f-4f38-9ce1-65f5cd084216 at term 1 for becomeLeader, leader elected after 5220ms
2019-09-20 05:50:03,356 [9b918566-8d2f-4f38-9ce1-65f5cd084216:group-4759C94F7E67:LeaderElection436] INFO  impl.RoleInfo (RoleInfo.java:shutdownLeaderElection(134)) - 9b918566-8d2f-4f38-9ce1-65f5cd084216: shutdown LeaderElection
2019-09-20 05:50:03,356 [9b918566-8d2f-4f38-9ce1-65f5cd084216:group-4759C94F7E67:LeaderElection436] INFO  impl.RaftServerImpl (RaftServerImpl.java:setRole(171)) - 9b918566-8d2f-4f38-9ce1-65f5cd084216:group-4759C94F7E67 changes role from CANDIDATE to LEADER at term 1 for changeToLeader
2019-09-20 05:50:03,356 [9b918566-8d2f-4f38-9ce1-65f5cd084216:group-4759C94F7E67:LeaderElection436] INFO  impl.RaftServerImpl (ServerState.java:setLeader(263)) - 9b918566-8d2f-4f38-9ce1-65f5cd084216:group-4759C94F7E67 change Leader from null to 9b918566-8d2f-4f38-9ce1-65f5cd084216 at term 1 for becomeLeader, leader elected after 5119ms
2019-09-20 05:50:03,356 [9b918566-8d2f-4f38-9ce1-65f5cd084216:group-080680E1A620:LeaderElection435] INFO  server.RaftServerConfigKeys (ConfUtils.java:logGet(43)) - raft.server.staging.catchup.gap = 1000 (default)
2019-09-20 05:50:03,356 [9b918566-8d2f-4f38-9ce1-65f5cd084216:group-4759C94F7E67:LeaderElection436] INFO  server.RaftServerConfigKeys (ConfUtils.java:logGet(43)) - raft.server.staging.catchup.gap = 1000 (default)
2019-09-20 05:50:03,356 [9b918566-8d2f-4f38-9ce1-65f5cd084216:group-080680E1A620:LeaderElection435] INFO  server.RaftServerConfigKeys (ConfUtils.java:logGet(43)) - raft.server.rpc.sleep.time = 25ms (default)
2019-09-20 05:50:03,356 [9b918566-8d2f-4f38-9ce1-65f5cd084216:group-4759C94F7E67:LeaderElection436] INFO  server.RaftServerConfigKeys (ConfUtils.java:logGet(43)) - raft.server.rpc.sleep.time = 25ms (default)
2019-09-20 05:50:03,357 [9b918566-8d2f-4f38-9ce1-65f5cd084216:group-080680E1A620:LeaderElection435] INFO  server.RaftServerConfigKeys (ConfUtils.java:logGet(43)) - raft.server.write.element-limit = 4096 (default)
2019-09-20 05:50:03,357 [9b918566-8d2f-4f38-9ce1-65f5cd084216:group-4759C94F7E67:LeaderElection436] INFO  server.RaftServerConfigKeys (ConfUtils.java:logGet(43)) - raft.server.write.element-limit = 4096 (default)
2019-09-20 05:50:03,357 [9b918566-8d2f-4f38-9ce1-65f5cd084216:group-080680E1A620:LeaderElection435] INFO  server.RaftServerConfigKeys (ConfUtils.java:logGet(43)) - raft.server.watch.timeout = 10s (default)
2019-09-20 05:50:03,357 [9b918566-8d2f-4f38-9ce1-65f5cd084216:group-4759C94F7E67:LeaderElection436] INFO  server.RaftServerConfigKeys (ConfUtils.java:logGet(43)) - raft.server.watch.timeout = 10s (default)
2019-09-20 05:50:03,357 [9b918566-8d2f-4f38-9ce1-65f5cd084216:group-080680E1A620:LeaderElection435] INFO  server.RaftServerConfigKeys (ConfUtils.java:logGet(43)) - raft.server.watch.timeout.denomination = 1s (default)
2019-09-20 05:50:03,357 [9b918566-8d2f-4f38-9ce1-65f5cd084216:group-4759C94F7E67:LeaderElection436] INFO  server.RaftServerConfigKeys (ConfUtils.java:logGet(43)) - raft.server.watch.timeout.denomination = 1s (default)
2019-09-20 05:50:03,357 [9b918566-8d2f-4f38-9ce1-65f5cd084216:group-080680E1A620:LeaderElection435] INFO  server.RaftServerConfigKeys (ConfUtils.java:logGet(43)) - raft.server.watch.element-limit = 65536 (default)
2019-09-20 05:50:03,357 [9b918566-8d2f-4f38-9ce1-65f5cd084216:group-4759C94F7E67:LeaderElection436] INFO  server.RaftServerConfigKeys (ConfUtils.java:logGet(43)) - raft.server.watch.element-limit = 65536 (default)
2019-09-20 05:50:03,357 [9b918566-8d2f-4f38-9ce1-65f5cd084216:group-080680E1A620:LeaderElection435] INFO  impl.RoleInfo (RoleInfo.java:updateAndGet(143)) - 9b918566-8d2f-4f38-9ce1-65f5cd084216: start LeaderState
2019-09-20 05:50:03,358 [9b918566-8d2f-4f38-9ce1-65f5cd084216:group-4759C94F7E67:LeaderElection436] INFO  impl.RoleInfo (RoleInfo.java:updateAndGet(143)) - 9b918566-8d2f-4f38-9ce1-65f5cd084216: start LeaderState
2019-09-20 05:50:03,358 [9b918566-8d2f-4f38-9ce1-65f5cd084216:group-080680E1A620:LeaderElection435] INFO  segmented.SegmentedRaftLogWorker (SegmentedRaftLogWorker.java:startLogSegment(380)) - 9b918566-8d2f-4f38-9ce1-65f5cd084216-SegmentedRaftLogWorker:Storage Directory /workdir/hadoop-ozone/integration-test/target/test-dir/MiniOzoneClusterImpl-29dd0c8c-da21-41d6-af77-5f0a65600fbb/datanode-0/data/ratis/2c89f377-ff7e-4b86-8a14-080680e1a620: Starting segment from index:0
2019-09-20 05:50:03,358 [9b918566-8d2f-4f38-9ce1-65f5cd084216:group-4759C94F7E67:LeaderElection436] INFO  segmented.SegmentedRaftLogWorker (SegmentedRaftLogWorker.java:startLogSegment(380)) - 9b918566-8d2f-4f38-9ce1-65f5cd084216-SegmentedRaftLogWorker:Storage Directory /workdir/hadoop-ozone/integration-test/target/test-dir/MiniOzoneClusterImpl-29dd0c8c-da21-41d6-af77-5f0a65600fbb/datanode-0/data/ratis/6c2b8946-3d74-425a-86fa-4759c94f7e67: Starting segment from index:0
2019-09-20 05:50:03,358 [9b918566-8d2f-4f38-9ce1-65f5cd084216:group-080680E1A620:LeaderElection435] INFO  impl.RaftServerImpl (ServerState.java:setRaftConf(361)) - 9b918566-8d2f-4f38-9ce1-65f5cd084216:group-080680E1A620 set configuration 0: [9b918566-8d2f-4f38-9ce1-65f5cd084216:192.168.36.79:46843], old=null at 0
2019-09-20 05:50:03,358 [9b918566-8d2f-4f38-9ce1-65f5cd084216:group-4759C94F7E67:LeaderElection436] INFO  impl.RaftServerImpl (ServerState.java:setRaftConf(361)) - 9b918566-8d2f-4f38-9ce1-65f5cd084216:group-4759C94F7E67 set configuration 0: [9b918566-8d2f-4f38-9ce1-65f5cd084216:192.168.36.79:46843], old=null at 0
2019-09-20 05:50:03,380 [Thread-3317] INFO  impl.FollowerState (FollowerState.java:run(106)) - 9b918566-8d2f-4f38-9ce1-65f5cd084216:group-0952B46FE5AA changes to CANDIDATE, lastRpcTime:5192, electionTimeout:5192ms
2019-09-20 05:50:03,381 [Thread-3317] INFO  impl.RoleInfo (RoleInfo.java:shutdownFollowerState(121)) - 9b918566-8d2f-4f38-9ce1-65f5cd084216: shutdown FollowerState
2019-09-20 05:50:03,381 [Thread-3317] INFO  impl.RaftServerImpl (RaftServerImpl.java:setRole(171)) - 9b918566-8d2f-4f38-9ce1-65f5cd084216:group-0952B46FE5AA changes role from FOLLOWER to CANDIDATE at term 0 for changeToCandidate
2019-09-20 05:50:03,381 [Thread-3317] INFO  impl.RoleInfo (RoleInfo.java:updateAndGet(143)) - 9b918566-8d2f-4f38-9ce1-65f5cd084216: start LeaderElection
2019-09-20 05:50:03,406 [pool-57-thread-1] INFO  storage.RaftStorage (RaftStorage.java:format(72)) - Storage directory /workdir/hadoop-ozone/integration-test/target/test-dir/MiniOzoneClusterImpl-29dd0c8c-da21-41d6-af77-5f0a65600fbb/datanode-0/data/ratis/b9b6c573-267a-4483-abcf-596d48322396 has been successfully formatted.
2019-09-20 05:50:03,406 [pool-57-thread-1] INFO  ratis.ContainerStateMachine (ContainerStateMachine.java:loadSnapshot(226)) - group-596D48322396: The snapshot info is null. Setting the last applied indexto:(t:0, i:~)
2019-09-20 05:50:03,406 [pool-57-thread-1] INFO  server.RaftServerConfigKeys (ConfUtils.java:logGet(43)) - raft.server.leader.election.timeout = 120s (custom)
2019-09-20 05:50:03,406 [pool-57-thread-1] INFO  server.RaftServerConfigKeys (ConfUtils.java:logGet(43)) - raft.server.log.use.memory = false (default)
2019-09-20 05:50:03,406 [pool-57-thread-1] INFO  server.RaftServerConfigKeys (ConfUtils.java:logGet(43)) - raft.server.log.purge.gap = 1000000 (custom)
2019-09-20 05:50:03,407 [pool-57-thread-1] INFO  server.RaftServerConfigKeys (ConfUtils.java:logGet(43)) - raft.server.log.appender.buffer.byte-limit = 33554432 (custom)
2019-09-20 05:50:03,407 [pool-57-thread-1] INFO  server.RaftServerConfigKeys (ConfUtils.java:logGet(43)) - raft.server.log.segment.size.max = 1048576 (custom)
2019-09-20 05:50:03,407 [pool-57-thread-1] INFO  server.RaftServerConfigKeys (ConfUtils.java:logGet(43)) - raft.server.log.segment.cache.num.max = 2 (custom)
2019-09-20 05:50:03,407 [pool-57-thread-1] INFO  segmented.SegmentedRaftLogWorker (SegmentedRaftLogWorker.java:<init>(172)) - new 9b918566-8d2f-4f38-9ce1-65f5cd084216-SegmentedRaftLogWorker:Storage Directory /workdir/hadoop-ozone/integration-test/target/test-dir/MiniOzoneClusterImpl-29dd0c8c-da21-41d6-af77-5f0a65600fbb/datanode-0/data/ratis/b9b6c573-267a-4483-abcf-596d48322396 for RaftStorage:Storage Directory /workdir/hadoop-ozone/integration-test/target/test-dir/MiniOzoneClusterImpl-29dd0c8c-da21-41d6-af77-5f0a65600fbb/datanode-0/data/ratis/b9b6c573-267a-4483-abcf-596d48322396
2019-09-20 05:50:03,407 [pool-57-thread-1] INFO  server.RaftServerConfigKeys (ConfUtils.java:logGet(43)) - raft.server.log.queue.byte-limit = 2147483647 (custom)
2019-09-20 05:50:03,407 [pool-57-thread-1] INFO  server.RaftServerConfigKeys (ConfUtils.java:logGet(43)) - raft.server.log.queue.element-limit = 1024 (custom)
2019-09-20 05:50:03,407 [pool-57-thread-1] INFO  server.RaftServerConfigKeys (ConfUtils.java:logGet(43)) - raft.server.log.segment.size.max = 1048576 (custom)
2019-09-20 05:50:03,408 [pool-57-thread-1] INFO  server.RaftServerConfigKeys (ConfUtils.java:logGet(43)) - raft.server.log.preallocated.size = 16384 (custom)
2019-09-20 05:50:03,408 [pool-57-thread-1] INFO  server.RaftServerConfigKeys (ConfUtils.java:logGet(43)) - raft.server.log.write.buffer.size = 33554432 (custom)
2019-09-20 05:50:03,408 [pool-57-thread-1] INFO  server.RaftServerConfigKeys (ConfUtils.java:logGet(43)) - raft.server.log.force.sync.num = 128 (default)
2019-09-20 05:50:03,408 [pool-57-thread-1] INFO  server.RaftServerConfigKeys (ConfUtils.java:logGet(43)) - raft.server.log.statemachine.data.sync = true (default)
2019-09-20 05:50:03,408 [pool-57-thread-1] INFO  server.RaftServerConfigKeys (ConfUtils.java:logGet(43)) - raft.server.log.statemachine.data.sync.timeout = 10s (default)
2019-09-20 05:50:03,408 [pool-57-thread-1] INFO  server.RaftServerConfigKeys (ConfUtils.java:logGet(43)) - raft.server.log.statemachine.data.sync.timeout.retry = -1 (default)
2019-09-20 05:50:03,408 [pool-57-thread-1] INFO  server.RaftServerConfigKeys (ConfUtils.java:logGet(43)) - raft.server.log.statemachine.data.caching.enabled = true (custom)
2019-09-20 05:50:03,409 [pool-57-thread-1] INFO  segmented.SegmentedRaftLogWorker (SegmentedRaftLogWorker.java:lambda$new$0(132)) - 9b918566-8d2f-4f38-9ce1-65f5cd084216-SegmentedRaftLogWorker:Storage Directory /workdir/hadoop-ozone/integration-test/target/test-dir/MiniOzoneClusterImpl-29dd0c8c-da21-41d6-af77-5f0a65600fbb/datanode-0/data/ratis/b9b6c573-267a-4483-abcf-596d48322396: flushIndex: setUnconditionally 0 -> -1
2019-09-20 05:50:03,409 [pool-57-thread-1] INFO  server.RaftServerConfigKeys (ConfUtils.java:logGet(43)) - raft.server.snapshot.auto.trigger.enabled = true (custom)
2019-09-20 05:50:03,409 [pool-57-thread-1] INFO  server.RaftServerConfigKeys (ConfUtils.java:logGet(43)) - raft.server.snapshot.auto.trigger.threshold = 1 (custom)
2019-09-20 05:50:03,409 [pool-57-thread-1] INFO  server.RaftServerConfigKeys (ConfUtils.java:logGet(43)) - raft.server.retrycache.expirytime = 600000ms (custom)
2019-09-20 05:50:03,409 [pool-57-thread-1] INFO  impl.RaftServerImpl (RaftServerImpl.java:start(180)) - 9b918566-8d2f-4f38-9ce1-65f5cd084216: start group-596D48322396
2019-09-20 05:50:03,409 [pool-57-thread-1] INFO  impl.RaftServerImpl (RaftServerImpl.java:setRole(171)) - 9b918566-8d2f-4f38-9ce1-65f5cd084216:group-596D48322396 changes role from null to FOLLOWER at term 0 for startAsFollower
2019-09-20 05:50:03,410 [pool-57-thread-1] INFO  impl.RoleInfo (RoleInfo.java:updateAndGet(143)) - 9b918566-8d2f-4f38-9ce1-65f5cd084216: start FollowerState
2019-09-20 05:50:03,410 [pool-57-thread-1] INFO  util.JmxRegister (JmxRegister.java:tryRegister(44)) - Successfully registered JMX Bean with object name Ratis:service=RaftServer,group=group-596D48322396,id=9b918566-8d2f-4f38-9ce1-65f5cd084216
2019-09-20 05:50:03,411 [RatisPipelineUtilsThread] INFO  pipeline.PipelineStateManager (PipelineStateManager.java:addPipeline(56)) - Created pipeline Pipeline[ Id: b9b6c573-267a-4483-abcf-596d48322396, Nodes: 9b918566-8d2f-4f38-9ce1-65f5cd084216{ip: 192.168.36.79, host: pr-hdds-1569-s8kj2-2266485376, networkLocation: /default-rack, certSerialId: null}, Type:RATIS, Factor:ONE, State:OPEN]
2019-09-20 05:50:03,414 [grpc-default-executor-1] INFO  impl.RaftServerProxy (RaftServerProxy.java:addNew(89)) - 9b918566-8d2f-4f38-9ce1-65f5cd084216: addNew group-FB2ACB3823B3:[9b918566-8d2f-4f38-9ce1-65f5cd084216:192.168.36.79:46843] returns group-FB2ACB3823B3:java.util.concurrent.CompletableFuture@453059d6[Not completed]
2019-09-20 05:50:03,414 [9b918566-8d2f-4f38-9ce1-65f5cd084216-SegmentedRaftLogWorker:Storage Directory /workdir/hadoop-ozone/integration-test/target/test-dir/MiniOzoneClusterImpl-29dd0c8c-da21-41d6-af77-5f0a65600fbb/datanode-0/data/ratis/2c89f377-ff7e-4b86-8a14-080680e1a620] INFO  segmented.SegmentedRaftLogWorker (SegmentedRaftLogWorker.java:execute(569)) - 9b918566-8d2f-4f38-9ce1-65f5cd084216-SegmentedRaftLogWorker:Storage Directory /workdir/hadoop-ozone/integration-test/target/test-dir/MiniOzoneClusterImpl-29dd0c8c-da21-41d6-af77-5f0a65600fbb/datanode-0/data/ratis/2c89f377-ff7e-4b86-8a14-080680e1a620: created new log segment /workdir/hadoop-ozone/integration-test/target/test-dir/MiniOzoneClusterImpl-29dd0c8c-da21-41d6-af77-5f0a65600fbb/datanode-0/data/ratis/2c89f377-ff7e-4b86-8a14-080680e1a620/current/log_inprogress_0
2019-09-20 05:50:03,414 [9b918566-8d2f-4f38-9ce1-65f5cd084216-SegmentedRaftLogWorker:Storage Directory /workdir/hadoop-ozone/integration-test/target/test-dir/MiniOzoneClusterImpl-29dd0c8c-da21-41d6-af77-5f0a65600fbb/datanode-0/data/ratis/6c2b8946-3d74-425a-86fa-4759c94f7e67] INFO  segmented.SegmentedRaftLogWorker (SegmentedRaftLogWorker.java:execute(569)) - 9b918566-8d2f-4f38-9ce1-65f5cd084216-SegmentedRaftLogWorker:Storage Directory /workdir/hadoop-ozone/integration-test/target/test-dir/MiniOzoneClusterImpl-29dd0c8c-da21-41d6-af77-5f0a65600fbb/datanode-0/data/ratis/6c2b8946-3d74-425a-86fa-4759c94f7e67: created new log segment /workdir/hadoop-ozone/integration-test/target/test-dir/MiniOzoneClusterImpl-29dd0c8c-da21-41d6-af77-5f0a65600fbb/datanode-0/data/ratis/6c2b8946-3d74-425a-86fa-4759c94f7e67/current/log_inprogress_0
2019-09-20 05:50:03,414 [9b918566-8d2f-4f38-9ce1-65f5cd084216:group-0952B46FE5AA:LeaderElection437] INFO  impl.LeaderElection (LeaderElection.java:askForVotes(181)) - 9b918566-8d2f-4f38-9ce1-65f5cd084216:group-0952B46FE5AA:LeaderElection437: begin an election at term 1 for -1: [9b918566-8d2f-4f38-9ce1-65f5cd084216:192.168.36.79:46843], old=null
2019-09-20 05:50:03,415 [9b918566-8d2f-4f38-9ce1-65f5cd084216:group-0952B46FE5AA:LeaderElection437] INFO  impl.RoleInfo (RoleInfo.java:shutdownLeaderElection(134)) - 9b918566-8d2f-4f38-9ce1-65f5cd084216: shutdown LeaderElection
2019-09-20 05:50:03,415 [pool-57-thread-1] INFO  impl.RaftServerImpl (RaftServerImpl.java:<init>(93)) - 9b918566-8d2f-4f38-9ce1-65f5cd084216: new RaftServerImpl for group-FB2ACB3823B3:[9b918566-8d2f-4f38-9ce1-65f5cd084216:192.168.36.79:46843] with ContainerStateMachine:uninitialized
2019-09-20 05:50:03,415 [9b918566-8d2f-4f38-9ce1-65f5cd084216:group-0952B46FE5AA:LeaderElection437] INFO  impl.RaftServerImpl (RaftServerImpl.java:setRole(171)) - 9b918566-8d2f-4f38-9ce1-65f5cd084216:group-0952B46FE5AA changes role from CANDIDATE to LEADER at term 1 for changeToLeader
2019-09-20 05:50:03,415 [pool-57-thread-1] INFO  server.RaftServerConfigKeys (ConfUtils.java:logGet(43)) - raft.server.rpc.timeout.min = 5s (custom)
2019-09-20 05:50:03,415 [9b918566-8d2f-4f38-9ce1-65f5cd084216:group-0952B46FE5AA:LeaderElection437] INFO  impl.RaftServerImpl (ServerState.java:setLeader(263)) - 9b918566-8d2f-4f38-9ce1-65f5cd084216:group-0952B46FE5AA change Leader from null to 9b918566-8d2f-4f38-9ce1-65f5cd084216 at term 1 for becomeLeader, leader elected after 5230ms
2019-09-20 05:50:03,415 [pool-57-thread-1] INFO  server.RaftServerConfigKeys (ConfUtils.java:logGet(43)) - raft.server.rpc.timeout.max = 5200ms (custom)
2019-09-20 05:50:03,415 [9b918566-8d2f-4f38-9ce1-65f5cd084216:group-0952B46FE5AA:LeaderElection437] INFO  server.RaftServerConfigKeys (ConfUtils.java:logGet(43)) - raft.server.staging.catchup.gap = 1000 (default)
2019-09-20 05:50:03,415 [pool-57-thread-1] INFO  server.RaftServerConfigKeys (ConfUtils.java:logGet(43)) - raft.server.rpcslowness.timeout = 120s (custom)
2019-09-20 05:50:03,415 [9b918566-8d2f-4f38-9ce1-65f5cd084216:group-0952B46FE5AA:LeaderElection437] INFO  server.RaftServerConfigKeys (ConfUtils.java:logGet(43)) - raft.server.rpc.sleep.time = 25ms (default)
2019-09-20 05:50:03,415 [pool-57-thread-1] INFO  server.RaftServerConfigKeys (ConfUtils.java:logGet(43)) - raft.server.sleep.deviation.threshold = 300 (default)
2019-09-20 05:50:03,416 [pool-57-thread-1] INFO  server.RaftServerConfigKeys (ConfUtils.java:logGet(43)) - raft.server.log.appender.install.snapshot.enabled = false (custom)
2019-09-20 05:50:03,416 [9b918566-8d2f-4f38-9ce1-65f5cd084216:group-0952B46FE5AA:LeaderElection437] INFO  server.RaftServerConfigKeys (ConfUtils.java:logGet(43)) - raft.server.write.element-limit = 4096 (default)
2019-09-20 05:50:03,416 [pool-57-thread-1] INFO  impl.RaftServerImpl (ServerState.java:<init>(105)) - 9b918566-8d2f-4f38-9ce1-65f5cd084216:group-FB2ACB3823B3 ConfigurationManager, init=-1: [9b918566-8d2f-4f38-9ce1-65f5cd084216:192.168.36.79:46843], old=null, confs=<EMPTY_MAP>
2019-09-20 05:50:03,416 [9b918566-8d2f-4f38-9ce1-65f5cd084216:group-0952B46FE5AA:LeaderElection437] INFO  server.RaftServerConfigKeys (ConfUtils.java:logGet(43)) - raft.server.watch.timeout = 10s (default)
2019-09-20 05:50:03,416 [pool-57-thread-1] INFO  server.RaftServerConfigKeys (ConfUtils.java:logGet(43)) - raft.server.storage.dir = [/workdir/hadoop-ozone/integration-test/target/test-dir/MiniOzoneClusterImpl-29dd0c8c-da21-41d6-af77-5f0a65600fbb/datanode-0/data/ratis] (custom)
2019-09-20 05:50:03,416 [9b918566-8d2f-4f38-9ce1-65f5cd084216:group-0952B46FE5AA:LeaderElection437] INFO  server.RaftServerConfigKeys (ConfUtils.java:logGet(43)) - raft.server.watch.timeout.denomination = 1s (default)
2019-09-20 05:50:03,416 [9b918566-8d2f-4f38-9ce1-65f5cd084216:group-0952B46FE5AA:LeaderElection437] INFO  server.RaftServerConfigKeys (ConfUtils.java:logGet(43)) - raft.server.watch.element-limit = 65536 (default)
2019-09-20 05:50:03,416 [9b918566-8d2f-4f38-9ce1-65f5cd084216:group-0952B46FE5AA:LeaderElection437] INFO  impl.RoleInfo (RoleInfo.java:updateAndGet(143)) - 9b918566-8d2f-4f38-9ce1-65f5cd084216: start LeaderState
2019-09-20 05:50:03,417 [9b918566-8d2f-4f38-9ce1-65f5cd084216:group-0952B46FE5AA:LeaderElection437] INFO  segmented.SegmentedRaftLogWorker (SegmentedRaftLogWorker.java:startLogSegment(380)) - 9b918566-8d2f-4f38-9ce1-65f5cd084216-SegmentedRaftLogWorker:Storage Directory /workdir/hadoop-ozone/integration-test/target/test-dir/MiniOzoneClusterImpl-29dd0c8c-da21-41d6-af77-5f0a65600fbb/datanode-0/data/ratis/b30b0df1-74b3-4b78-8031-0952b46fe5aa: Starting segment from index:0
2019-09-20 05:50:03,417 [pool-57-thread-1] INFO  storage.RaftStorageDirectory (RaftStorageDirectory.java:analyzeStorage(246)) - The storage directory /workdir/hadoop-ozone/integration-test/target/test-dir/MiniOzoneClusterImpl-29dd0c8c-da21-41d6-af77-5f0a65600fbb/datanode-0/data/ratis/66a64cf4-0e13-40f0-8a50-fb2acb3823b3 does not exist. Creating ...
2019-09-20 05:50:03,417 [9b918566-8d2f-4f38-9ce1-65f5cd084216:group-0952B46FE5AA:LeaderElection437] INFO  impl.RaftServerImpl (ServerState.java:setRaftConf(361)) - 9b918566-8d2f-4f38-9ce1-65f5cd084216:group-0952B46FE5AA set configuration 0: [9b918566-8d2f-4f38-9ce1-65f5cd084216:192.168.36.79:46843], old=null at 0
2019-09-20 05:50:03,440 [pool-57-thread-1] INFO  storage.RaftStorageDirectory (RaftStorageDirectory.java:tryLock(328)) - Lock on /workdir/hadoop-ozone/integration-test/target/test-dir/MiniOzoneClusterImpl-29dd0c8c-da21-41d6-af77-5f0a65600fbb/datanode-0/data/ratis/66a64cf4-0e13-40f0-8a50-fb2acb3823b3/in_use.lock acquired by nodename 6907@pr-hdds-1569-s8kj2-2266485376
2019-09-20 05:50:03,466 [pool-57-thread-1] INFO  storage.RaftStorage (RaftStorage.java:format(72)) - Storage directory /workdir/hadoop-ozone/integration-test/target/test-dir/MiniOzoneClusterImpl-29dd0c8c-da21-41d6-af77-5f0a65600fbb/datanode-0/data/ratis/66a64cf4-0e13-40f0-8a50-fb2acb3823b3 has been successfully formatted.
2019-09-20 05:50:03,466 [9b918566-8d2f-4f38-9ce1-65f5cd084216-SegmentedRaftLogWorker:Storage Directory /workdir/hadoop-ozone/integration-test/target/test-dir/MiniOzoneClusterImpl-29dd0c8c-da21-41d6-af77-5f0a65600fbb/datanode-0/data/ratis/b30b0df1-74b3-4b78-8031-0952b46fe5aa] INFO  segmented.SegmentedRaftLogWorker (SegmentedRaftLogWorker.java:execute(569)) - 9b918566-8d2f-4f38-9ce1-65f5cd084216-SegmentedRaftLogWorker:Storage Directory /workdir/hadoop-ozone/integration-test/target/test-dir/MiniOzoneClusterImpl-29dd0c8c-da21-41d6-af77-5f0a65600fbb/datanode-0/data/ratis/b30b0df1-74b3-4b78-8031-0952b46fe5aa: created new log segment /workdir/hadoop-ozone/integration-test/target/test-dir/MiniOzoneClusterImpl-29dd0c8c-da21-41d6-af77-5f0a65600fbb/datanode-0/data/ratis/b30b0df1-74b3-4b78-8031-0952b46fe5aa/current/log_inprogress_0
2019-09-20 05:50:03,466 [pool-57-thread-1] INFO  ratis.ContainerStateMachine (ContainerStateMachine.java:loadSnapshot(226)) - group-FB2ACB3823B3: The snapshot info is null. Setting the last applied indexto:(t:0, i:~)
2019-09-20 05:50:03,467 [pool-57-thread-1] INFO  server.RaftServerConfigKeys (ConfUtils.java:logGet(43)) - raft.server.leader.election.timeout = 120s (custom)
2019-09-20 05:50:03,467 [pool-57-thread-1] INFO  server.RaftServerConfigKeys (ConfUtils.java:logGet(43)) - raft.server.log.use.memory = false (default)
2019-09-20 05:50:03,467 [pool-57-thread-1] INFO  server.RaftServerConfigKeys (ConfUtils.java:logGet(43)) - raft.server.log.purge.gap = 1000000 (custom)
2019-09-20 05:50:03,467 [pool-57-thread-1] INFO  server.RaftServerConfigKeys (ConfUtils.java:logGet(43)) - raft.server.log.appender.buffer.byte-limit = 33554432 (custom)
2019-09-20 05:50:03,467 [pool-57-thread-1] INFO  server.RaftServerConfigKeys (ConfUtils.java:logGet(43)) - raft.server.log.segment.size.max = 1048576 (custom)
2019-09-20 05:50:03,467 [pool-57-thread-1] INFO  server.RaftServerConfigKeys (ConfUtils.java:logGet(43)) - raft.server.log.segment.cache.num.max = 2 (custom)
2019-09-20 05:50:03,468 [pool-57-thread-1] INFO  segmented.SegmentedRaftLogWorker (SegmentedRaftLogWorker.java:<init>(172)) - new 9b918566-8d2f-4f38-9ce1-65f5cd084216-SegmentedRaftLogWorker:Storage Directory /workdir/hadoop-ozone/integration-test/target/test-dir/MiniOzoneClusterImpl-29dd0c8c-da21-41d6-af77-5f0a65600fbb/datanode-0/data/ratis/66a64cf4-0e13-40f0-8a50-fb2acb3823b3 for RaftStorage:Storage Directory /workdir/hadoop-ozone/integration-test/target/test-dir/MiniOzoneClusterImpl-29dd0c8c-da21-41d6-af77-5f0a65600fbb/datanode-0/data/ratis/66a64cf4-0e13-40f0-8a50-fb2acb3823b3
2019-09-20 05:50:03,468 [pool-57-thread-1] INFO  server.RaftServerConfigKeys (ConfUtils.java:logGet(43)) - raft.server.log.queue.byte-limit = 2147483647 (custom)
2019-09-20 05:50:03,468 [pool-57-thread-1] INFO  server.RaftServerConfigKeys (ConfUtils.java:logGet(43)) - raft.server.log.queue.element-limit = 1024 (custom)
2019-09-20 05:50:03,468 [pool-57-thread-1] INFO  server.RaftServerConfigKeys (ConfUtils.java:logGet(43)) - raft.server.log.segment.size.max = 1048576 (custom)
2019-09-20 05:50:03,468 [pool-57-thread-1] INFO  server.RaftServerConfigKeys (ConfUtils.java:logGet(43)) - raft.server.log.preallocated.size = 16384 (custom)
2019-09-20 05:50:03,468 [pool-57-thread-1] INFO  server.RaftServerConfigKeys (ConfUtils.java:logGet(43)) - raft.server.log.write.buffer.size = 33554432 (custom)
2019-09-20 05:50:03,468 [pool-57-thread-1] INFO  server.RaftServerConfigKeys (ConfUtils.java:logGet(43)) - raft.server.log.force.sync.num = 128 (default)
2019-09-20 05:50:03,468 [pool-57-thread-1] INFO  server.RaftServerConfigKeys (ConfUtils.java:logGet(43)) - raft.server.log.statemachine.data.sync = true (default)
2019-09-20 05:50:03,468 [pool-57-thread-1] INFO  server.RaftServerConfigKeys (ConfUtils.java:logGet(43)) - raft.server.log.statemachine.data.sync.timeout = 10s (default)
2019-09-20 05:50:03,469 [pool-57-thread-1] INFO  server.RaftServerConfigKeys (ConfUtils.java:logGet(43)) - raft.server.log.statemachine.data.sync.timeout.retry = -1 (default)
2019-09-20 05:50:03,469 [pool-57-thread-1] INFO  server.RaftServerConfigKeys (ConfUtils.java:logGet(43)) - raft.server.log.statemachine.data.caching.enabled = true (custom)
2019-09-20 05:50:03,469 [pool-57-thread-1] INFO  segmented.SegmentedRaftLogWorker (SegmentedRaftLogWorker.java:lambda$new$0(132)) - 9b918566-8d2f-4f38-9ce1-65f5cd084216-SegmentedRaftLogWorker:Storage Directory /workdir/hadoop-ozone/integration-test/target/test-dir/MiniOzoneClusterImpl-29dd0c8c-da21-41d6-af77-5f0a65600fbb/datanode-0/data/ratis/66a64cf4-0e13-40f0-8a50-fb2acb3823b3: flushIndex: setUnconditionally 0 -> -1
2019-09-20 05:50:03,469 [pool-57-thread-1] INFO  server.RaftServerConfigKeys (ConfUtils.java:logGet(43)) - raft.server.snapshot.auto.trigger.enabled = true (custom)
2019-09-20 05:50:03,469 [pool-57-thread-1] INFO  server.RaftServerConfigKeys (ConfUtils.java:logGet(43)) - raft.server.snapshot.auto.trigger.threshold = 1 (custom)
2019-09-20 05:50:03,469 [pool-57-thread-1] INFO  server.RaftServerConfigKeys (ConfUtils.java:logGet(43)) - raft.server.retrycache.expirytime = 600000ms (custom)
2019-09-20 05:50:03,470 [pool-57-thread-1] INFO  impl.RaftServerImpl (RaftServerImpl.java:start(180)) - 9b918566-8d2f-4f38-9ce1-65f5cd084216: start group-FB2ACB3823B3
2019-09-20 05:50:03,470 [pool-57-thread-1] INFO  impl.RaftServerImpl (RaftServerImpl.java:setRole(171)) - 9b918566-8d2f-4f38-9ce1-65f5cd084216:group-FB2ACB3823B3 changes role from null to FOLLOWER at term 0 for startAsFollower
2019-09-20 05:50:03,470 [pool-57-thread-1] INFO  impl.RoleInfo (RoleInfo.java:updateAndGet(143)) - 9b918566-8d2f-4f38-9ce1-65f5cd084216: start FollowerState
2019-09-20 05:50:03,470 [pool-57-thread-1] INFO  util.JmxRegister (JmxRegister.java:tryRegister(44)) - Successfully registered JMX Bean with object name Ratis:service=RaftServer,group=group-FB2ACB3823B3,id=9b918566-8d2f-4f38-9ce1-65f5cd084216
2019-09-20 05:50:03,472 [RatisPipelineUtilsThread] INFO  pipeline.PipelineStateManager (PipelineStateManager.java:addPipeline(56)) - Created pipeline Pipeline[ Id: 66a64cf4-0e13-40f0-8a50-fb2acb3823b3, Nodes: 9b918566-8d2f-4f38-9ce1-65f5cd084216{ip: 192.168.36.79, host: pr-hdds-1569-s8kj2-2266485376, networkLocation: /default-rack, certSerialId: null}, Type:RATIS, Factor:ONE, State:OPEN]
2019-09-20 05:50:03,473 [Thread-3323] INFO  impl.FollowerState (FollowerState.java:run(106)) - 9b918566-8d2f-4f38-9ce1-65f5cd084216:group-938BBD353E04 changes to CANDIDATE, lastRpcTime:5185, electionTimeout:5185ms
2019-09-20 05:50:03,473 [Thread-3323] INFO  impl.RoleInfo (RoleInfo.java:shutdownFollowerState(121)) - 9b918566-8d2f-4f38-9ce1-65f5cd084216: shutdown FollowerState
2019-09-20 05:50:03,474 [Thread-3323] INFO  impl.RaftServerImpl (RaftServerImpl.java:setRole(171)) - 9b918566-8d2f-4f38-9ce1-65f5cd084216:group-938BBD353E04 changes role from FOLLOWER to CANDIDATE at term 0 for changeToCandidate
2019-09-20 05:50:03,474 [Thread-3323] INFO  impl.RoleInfo (RoleInfo.java:updateAndGet(143)) - 9b918566-8d2f-4f38-9ce1-65f5cd084216: start LeaderElection
2019-09-20 05:50:03,475 [grpc-default-executor-1] INFO  impl.RaftServerProxy (RaftServerProxy.java:addNew(89)) - 9b918566-8d2f-4f38-9ce1-65f5cd084216: addNew group-A56C5B637ABD:[9b918566-8d2f-4f38-9ce1-65f5cd084216:192.168.36.79:46843] returns group-A56C5B637ABD:java.util.concurrent.CompletableFuture@25ed81d7[Not completed]
2019-09-20 05:50:03,475 [pool-57-thread-1] INFO  impl.RaftServerImpl (RaftServerImpl.java:<init>(93)) - 9b918566-8d2f-4f38-9ce1-65f5cd084216: new RaftServerImpl for group-A56C5B637ABD:[9b918566-8d2f-4f38-9ce1-65f5cd084216:192.168.36.79:46843] with ContainerStateMachine:uninitialized
2019-09-20 05:50:03,475 [pool-57-thread-1] INFO  server.RaftServerConfigKeys (ConfUtils.java:logGet(43)) - raft.server.rpc.timeout.min = 5s (custom)
2019-09-20 05:50:03,475 [pool-57-thread-1] INFO  server.RaftServerConfigKeys (ConfUtils.java:logGet(43)) - raft.server.rpc.timeout.max = 5200ms (custom)
2019-09-20 05:50:03,475 [pool-57-thread-1] INFO  server.RaftServerConfigKeys (ConfUtils.java:logGet(43)) - raft.server.rpcslowness.timeout = 120s (custom)
2019-09-20 05:50:03,475 [pool-57-thread-1] INFO  server.RaftServerConfigKeys (ConfUtils.java:logGet(43)) - raft.server.sleep.deviation.threshold = 300 (default)
2019-09-20 05:50:03,476 [pool-57-thread-1] INFO  server.RaftServerConfigKeys (ConfUtils.java:logGet(43)) - raft.server.log.appender.install.snapshot.enabled = false (custom)
2019-09-20 05:50:03,476 [pool-57-thread-1] INFO  impl.RaftServerImpl (ServerState.java:<init>(105)) - 9b918566-8d2f-4f38-9ce1-65f5cd084216:group-A56C5B637ABD ConfigurationManager, init=-1: [9b918566-8d2f-4f38-9ce1-65f5cd084216:192.168.36.79:46843], old=null, confs=<EMPTY_MAP>
2019-09-20 05:50:03,476 [pool-57-thread-1] INFO  server.RaftServerConfigKeys (ConfUtils.java:logGet(43)) - raft.server.storage.dir = [/workdir/hadoop-ozone/integration-test/target/test-dir/MiniOzoneClusterImpl-29dd0c8c-da21-41d6-af77-5f0a65600fbb/datanode-0/data/ratis] (custom)
2019-09-20 05:50:03,476 [pool-57-thread-1] INFO  storage.RaftStorageDirectory (RaftStorageDirectory.java:analyzeStorage(246)) - The storage directory /workdir/hadoop-ozone/integration-test/target/test-dir/MiniOzoneClusterImpl-29dd0c8c-da21-41d6-af77-5f0a65600fbb/datanode-0/data/ratis/4783a625-d12e-41db-98b1-a56c5b637abd does not exist. Creating ...
2019-09-20 05:50:03,495 | INFO  | SCMAudit | user=jenkins1000 | ip=192.168.36.79 | op=SEND_HEARTBEAT {datanodeUUID=9b918566-8d2f-4f38-9ce1-65f5cd084216, command=[]} | ret=SUCCESS |  
2019-09-20 05:50:03,508 [pool-57-thread-1] INFO  storage.RaftStorageDirectory (RaftStorageDirectory.java:tryLock(328)) - Lock on /workdir/hadoop-ozone/integration-test/target/test-dir/MiniOzoneClusterImpl-29dd0c8c-da21-41d6-af77-5f0a65600fbb/datanode-0/data/ratis/4783a625-d12e-41db-98b1-a56c5b637abd/in_use.lock acquired by nodename 6907@pr-hdds-1569-s8kj2-2266485376
2019-09-20 05:50:03,509 [9b918566-8d2f-4f38-9ce1-65f5cd084216:group-938BBD353E04:LeaderElection438] INFO  impl.LeaderElection (LeaderElection.java:askForVotes(181)) - 9b918566-8d2f-4f38-9ce1-65f5cd084216:group-938BBD353E04:LeaderElection438: begin an election at term 1 for -1: [9b918566-8d2f-4f38-9ce1-65f5cd084216:192.168.36.79:46843], old=null
2019-09-20 05:50:03,509 [9b918566-8d2f-4f38-9ce1-65f5cd084216:group-938BBD353E04:LeaderElection438] INFO  impl.RoleInfo (RoleInfo.java:shutdownLeaderElection(134)) - 9b918566-8d2f-4f38-9ce1-65f5cd084216: shutdown LeaderElection
2019-09-20 05:50:03,509 [9b918566-8d2f-4f38-9ce1-65f5cd084216:group-938BBD353E04:LeaderElection438] INFO  impl.RaftServerImpl (RaftServerImpl.java:setRole(171)) - 9b918566-8d2f-4f38-9ce1-65f5cd084216:group-938BBD353E04 changes role from CANDIDATE to LEADER at term 1 for changeToLeader
2019-09-20 05:50:03,509 [9b918566-8d2f-4f38-9ce1-65f5cd084216:group-938BBD353E04:LeaderElection438] INFO  impl.RaftServerImpl (ServerState.java:setLeader(263)) - 9b918566-8d2f-4f38-9ce1-65f5cd084216:group-938BBD353E04 change Leader from null to 9b918566-8d2f-4f38-9ce1-65f5cd084216 at term 1 for becomeLeader, leader elected after 5223ms
2019-09-20 05:50:03,509 [9b918566-8d2f-4f38-9ce1-65f5cd084216:group-938BBD353E04:LeaderElection438] INFO  server.RaftServerConfigKeys (ConfUtils.java:logGet(43)) - raft.server.staging.catchup.gap = 1000 (default)
2019-09-20 05:50:03,509 [9b918566-8d2f-4f38-9ce1-65f5cd084216:group-938BBD353E04:LeaderElection438] INFO  server.RaftServerConfigKeys (ConfUtils.java:logGet(43)) - raft.server.rpc.sleep.time = 25ms (default)
2019-09-20 05:50:03,509 [9b918566-8d2f-4f38-9ce1-65f5cd084216:group-938BBD353E04:LeaderElection438] INFO  server.RaftServerConfigKeys (ConfUtils.java:logGet(43)) - raft.server.write.element-limit = 4096 (default)
2019-09-20 05:50:03,510 [9b918566-8d2f-4f38-9ce1-65f5cd084216:group-938BBD353E04:LeaderElection438] INFO  server.RaftServerConfigKeys (ConfUtils.java:logGet(43)) - raft.server.watch.timeout = 10s (default)
2019-09-20 05:50:03,510 [9b918566-8d2f-4f38-9ce1-65f5cd084216:group-938BBD353E04:LeaderElection438] INFO  server.RaftServerConfigKeys (ConfUtils.java:logGet(43)) - raft.server.watch.timeout.denomination = 1s (default)
2019-09-20 05:50:03,510 [9b918566-8d2f-4f38-9ce1-65f5cd084216:group-938BBD353E04:LeaderElection438] INFO  server.RaftServerConfigKeys (ConfUtils.java:logGet(43)) - raft.server.watch.element-limit = 65536 (default)
2019-09-20 05:50:03,510 [9b918566-8d2f-4f38-9ce1-65f5cd084216:group-938BBD353E04:LeaderElection438] INFO  impl.RoleInfo (RoleInfo.java:updateAndGet(143)) - 9b918566-8d2f-4f38-9ce1-65f5cd084216: start LeaderState
2019-09-20 05:50:03,510 [9b918566-8d2f-4f38-9ce1-65f5cd084216:group-938BBD353E04:LeaderElection438] INFO  segmented.SegmentedRaftLogWorker (SegmentedRaftLogWorker.java:startLogSegment(380)) - 9b918566-8d2f-4f38-9ce1-65f5cd084216-SegmentedRaftLogWorker:Storage Directory /workdir/hadoop-ozone/integration-test/target/test-dir/MiniOzoneClusterImpl-29dd0c8c-da21-41d6-af77-5f0a65600fbb/datanode-0/data/ratis/a8b2e704-d6d7-45f9-8f47-938bbd353e04: Starting segment from index:0
2019-09-20 05:50:03,511 [9b918566-8d2f-4f38-9ce1-65f5cd084216:group-938BBD353E04:LeaderElection438] INFO  impl.RaftServerImpl (ServerState.java:setRaftConf(361)) - 9b918566-8d2f-4f38-9ce1-65f5cd084216:group-938BBD353E04 set configuration 0: [9b918566-8d2f-4f38-9ce1-65f5cd084216:192.168.36.79:46843], old=null at 0
2019-09-20 05:50:03,523 [Thread-3326] INFO  impl.FollowerState (FollowerState.java:run(106)) - 9b918566-8d2f-4f38-9ce1-65f5cd084216:group-C5FA315C3101 changes to CANDIDATE, lastRpcTime:5150, electionTimeout:5150ms
2019-09-20 05:50:03,523 [Thread-3326] INFO  impl.RoleInfo (RoleInfo.java:shutdownFollowerState(121)) - 9b918566-8d2f-4f38-9ce1-65f5cd084216: shutdown FollowerState
2019-09-20 05:50:03,523 [Thread-3326] INFO  impl.RaftServerImpl (RaftServerImpl.java:setRole(171)) - 9b918566-8d2f-4f38-9ce1-65f5cd084216:group-C5FA315C3101 changes role from FOLLOWER to CANDIDATE at term 0 for changeToCandidate
2019-09-20 05:50:03,523 [Thread-3326] INFO  impl.RoleInfo (RoleInfo.java:updateAndGet(143)) - 9b918566-8d2f-4f38-9ce1-65f5cd084216: start LeaderElection
2019-09-20 05:50:03,530 [Thread-3332] INFO  impl.FollowerState (FollowerState.java:run(106)) - 9b918566-8d2f-4f38-9ce1-65f5cd084216:group-20839FE4359D changes to CANDIDATE, lastRpcTime:5030, electionTimeout:5030ms
2019-09-20 05:50:03,530 [Thread-3332] INFO  impl.RoleInfo (RoleInfo.java:shutdownFollowerState(121)) - 9b918566-8d2f-4f38-9ce1-65f5cd084216: shutdown FollowerState
2019-09-20 05:50:03,530 [Thread-3332] INFO  impl.RaftServerImpl (RaftServerImpl.java:setRole(171)) - 9b918566-8d2f-4f38-9ce1-65f5cd084216:group-20839FE4359D changes role from FOLLOWER to CANDIDATE at term 0 for changeToCandidate
2019-09-20 05:50:03,531 [Thread-3332] INFO  impl.RoleInfo (RoleInfo.java:updateAndGet(143)) - 9b918566-8d2f-4f38-9ce1-65f5cd084216: start LeaderElection
2019-09-20 05:50:03,534 [pool-57-thread-1] INFO  storage.RaftStorage (RaftStorage.java:format(72)) - Storage directory /workdir/hadoop-ozone/integration-test/target/test-dir/MiniOzoneClusterImpl-29dd0c8c-da21-41d6-af77-5f0a65600fbb/datanode-0/data/ratis/4783a625-d12e-41db-98b1-a56c5b637abd has been successfully formatted.
2019-09-20 05:50:03,534 [pool-57-thread-1] INFO  ratis.ContainerStateMachine (ContainerStateMachine.java:loadSnapshot(226)) - group-A56C5B637ABD: The snapshot info is null. Setting the last applied indexto:(t:0, i:~)
2019-09-20 05:50:03,535 [pool-57-thread-1] INFO  server.RaftServerConfigKeys (ConfUtils.java:logGet(43)) - raft.server.leader.election.timeout = 120s (custom)
2019-09-20 05:50:03,535 [pool-57-thread-1] INFO  server.RaftServerConfigKeys (ConfUtils.java:logGet(43)) - raft.server.log.use.memory = false (default)
2019-09-20 05:50:03,535 [pool-57-thread-1] INFO  server.RaftServerConfigKeys (ConfUtils.java:logGet(43)) - raft.server.log.purge.gap = 1000000 (custom)
2019-09-20 05:50:03,535 [pool-57-thread-1] INFO  server.RaftServerConfigKeys (ConfUtils.java:logGet(43)) - raft.server.log.appender.buffer.byte-limit = 33554432 (custom)
2019-09-20 05:50:03,535 [pool-57-thread-1] INFO  server.RaftServerConfigKeys (ConfUtils.java:logGet(43)) - raft.server.log.segment.size.max = 1048576 (custom)
2019-09-20 05:50:03,535 [pool-57-thread-1] INFO  server.RaftServerConfigKeys (ConfUtils.java:logGet(43)) - raft.server.log.segment.cache.num.max = 2 (custom)
2019-09-20 05:50:03,536 [pool-57-thread-1] INFO  segmented.SegmentedRaftLogWorker (SegmentedRaftLogWorker.java:<init>(172)) - new 9b918566-8d2f-4f38-9ce1-65f5cd084216-SegmentedRaftLogWorker:Storage Directory /workdir/hadoop-ozone/integration-test/target/test-dir/MiniOzoneClusterImpl-29dd0c8c-da21-41d6-af77-5f0a65600fbb/datanode-0/data/ratis/4783a625-d12e-41db-98b1-a56c5b637abd for RaftStorage:Storage Directory /workdir/hadoop-ozone/integration-test/target/test-dir/MiniOzoneClusterImpl-29dd0c8c-da21-41d6-af77-5f0a65600fbb/datanode-0/data/ratis/4783a625-d12e-41db-98b1-a56c5b637abd
2019-09-20 05:50:03,536 [pool-57-thread-1] INFO  server.RaftServerConfigKeys (ConfUtils.java:logGet(43)) - raft.server.log.queue.byte-limit = 2147483647 (custom)
2019-09-20 05:50:03,536 [pool-57-thread-1] INFO  server.RaftServerConfigKeys (ConfUtils.java:logGet(43)) - raft.server.log.queue.element-limit = 1024 (custom)
2019-09-20 05:50:03,536 [pool-57-thread-1] INFO  server.RaftServerConfigKeys (ConfUtils.java:logGet(43)) - raft.server.log.segment.size.max = 1048576 (custom)
2019-09-20 05:50:03,536 [pool-57-thread-1] INFO  server.RaftServerConfigKeys (ConfUtils.java:logGet(43)) - raft.server.log.preallocated.size = 16384 (custom)
2019-09-20 05:50:03,536 [pool-57-thread-1] INFO  server.RaftServerConfigKeys (ConfUtils.java:logGet(43)) - raft.server.log.write.buffer.size = 33554432 (custom)
2019-09-20 05:50:03,537 [pool-57-thread-1] INFO  server.RaftServerConfigKeys (ConfUtils.java:logGet(43)) - raft.server.log.force.sync.num = 128 (default)
2019-09-20 05:50:03,537 [pool-57-thread-1] INFO  server.RaftServerConfigKeys (ConfUtils.java:logGet(43)) - raft.server.log.statemachine.data.sync = true (default)
2019-09-20 05:50:03,537 [pool-57-thread-1] INFO  server.RaftServerConfigKeys (ConfUtils.java:logGet(43)) - raft.server.log.statemachine.data.sync.timeout = 10s (default)
2019-09-20 05:50:03,537 [pool-57-thread-1] INFO  server.RaftServerConfigKeys (ConfUtils.java:logGet(43)) - raft.server.log.statemachine.data.sync.timeout.retry = -1 (default)
2019-09-20 05:50:03,537 [pool-57-thread-1] INFO  server.RaftServerConfigKeys (ConfUtils.java:logGet(43)) - raft.server.log.statemachine.data.caching.enabled = true (custom)
2019-09-20 05:50:03,543 [pool-57-thread-1] INFO  segmented.SegmentedRaftLogWorker (SegmentedRaftLogWorker.java:lambda$new$0(132)) - 9b918566-8d2f-4f38-9ce1-65f5cd084216-SegmentedRaftLogWorker:Storage Directory /workdir/hadoop-ozone/integration-test/target/test-dir/MiniOzoneClusterImpl-29dd0c8c-da21-41d6-af77-5f0a65600fbb/datanode-0/data/ratis/4783a625-d12e-41db-98b1-a56c5b637abd: flushIndex: setUnconditionally 0 -> -1
2019-09-20 05:50:03,543 [pool-57-thread-1] INFO  server.RaftServerConfigKeys (ConfUtils.java:logGet(43)) - raft.server.snapshot.auto.trigger.enabled = true (custom)
2019-09-20 05:50:03,543 [pool-57-thread-1] INFO  server.RaftServerConfigKeys (ConfUtils.java:logGet(43)) - raft.server.snapshot.auto.trigger.threshold = 1 (custom)
2019-09-20 05:50:03,543 [pool-57-thread-1] INFO  server.RaftServerConfigKeys (ConfUtils.java:logGet(43)) - raft.server.retrycache.expirytime = 600000ms (custom)
2019-09-20 05:50:03,544 [pool-57-thread-1] INFO  impl.RaftServerImpl (RaftServerImpl.java:start(180)) - 9b918566-8d2f-4f38-9ce1-65f5cd084216: start group-A56C5B637ABD
2019-09-20 05:50:03,544 [pool-57-thread-1] INFO  impl.RaftServerImpl (RaftServerImpl.java:setRole(171)) - 9b918566-8d2f-4f38-9ce1-65f5cd084216:group-A56C5B637ABD changes role from null to FOLLOWER at term 0 for startAsFollower
2019-09-20 05:50:03,544 [pool-57-thread-1] INFO  impl.RoleInfo (RoleInfo.java:updateAndGet(143)) - 9b918566-8d2f-4f38-9ce1-65f5cd084216: start FollowerState
2019-09-20 05:50:03,544 [pool-57-thread-1] INFO  util.JmxRegister (JmxRegister.java:tryRegister(44)) - Successfully registered JMX Bean with object name Ratis:service=RaftServer,group=group-A56C5B637ABD,id=9b918566-8d2f-4f38-9ce1-65f5cd084216
2019-09-20 05:50:03,546 [RatisPipelineUtilsThread] INFO  pipeline.PipelineStateManager (PipelineStateManager.java:addPipeline(56)) - Created pipeline Pipeline[ Id: 4783a625-d12e-41db-98b1-a56c5b637abd, Nodes: 9b918566-8d2f-4f38-9ce1-65f5cd084216{ip: 192.168.36.79, host: pr-hdds-1569-s8kj2-2266485376, networkLocation: /default-rack, certSerialId: null}, Type:RATIS, Factor:ONE, State:OPEN]
2019-09-20 05:50:03,549 [grpc-default-executor-1] INFO  impl.RaftServerProxy (RaftServerProxy.java:addNew(89)) - 9b918566-8d2f-4f38-9ce1-65f5cd084216: addNew group-CDCA2E7D92F9:[9b918566-8d2f-4f38-9ce1-65f5cd084216:192.168.36.79:46843] returns group-CDCA2E7D92F9:java.util.concurrent.CompletableFuture@41165e1a[Not completed]
2019-09-20 05:50:03,550 [pool-57-thread-1] INFO  impl.RaftServerImpl (RaftServerImpl.java:<init>(93)) - 9b918566-8d2f-4f38-9ce1-65f5cd084216: new RaftServerImpl for group-CDCA2E7D92F9:[9b918566-8d2f-4f38-9ce1-65f5cd084216:192.168.36.79:46843] with ContainerStateMachine:uninitialized
2019-09-20 05:50:03,550 [pool-57-thread-1] INFO  server.RaftServerConfigKeys (ConfUtils.java:logGet(43)) - raft.server.rpc.timeout.min = 5s (custom)
2019-09-20 05:50:03,550 [pool-57-thread-1] INFO  server.RaftServerConfigKeys (ConfUtils.java:logGet(43)) - raft.server.rpc.timeout.max = 5200ms (custom)
2019-09-20 05:50:03,550 [pool-57-thread-1] INFO  server.RaftServerConfigKeys (ConfUtils.java:logGet(43)) - raft.server.rpcslowness.timeout = 120s (custom)
2019-09-20 05:50:03,550 [pool-57-thread-1] INFO  server.RaftServerConfigKeys (ConfUtils.java:logGet(43)) - raft.server.sleep.deviation.threshold = 300 (default)
2019-09-20 05:50:03,550 [pool-57-thread-1] INFO  server.RaftServerConfigKeys (ConfUtils.java:logGet(43)) - raft.server.log.appender.install.snapshot.enabled = false (custom)
2019-09-20 05:50:03,550 [pool-57-thread-1] INFO  impl.RaftServerImpl (ServerState.java:<init>(105)) - 9b918566-8d2f-4f38-9ce1-65f5cd084216:group-CDCA2E7D92F9 ConfigurationManager, init=-1: [9b918566-8d2f-4f38-9ce1-65f5cd084216:192.168.36.79:46843], old=null, confs=<EMPTY_MAP>
2019-09-20 05:50:03,551 [pool-57-thread-1] INFO  server.RaftServerConfigKeys (ConfUtils.java:logGet(43)) - raft.server.storage.dir = [/workdir/hadoop-ozone/integration-test/target/test-dir/MiniOzoneClusterImpl-29dd0c8c-da21-41d6-af77-5f0a65600fbb/datanode-0/data/ratis] (custom)
2019-09-20 05:50:03,551 [pool-57-thread-1] INFO  storage.RaftStorageDirectory (RaftStorageDirectory.java:analyzeStorage(246)) - The storage directory /workdir/hadoop-ozone/integration-test/target/test-dir/MiniOzoneClusterImpl-29dd0c8c-da21-41d6-af77-5f0a65600fbb/datanode-0/data/ratis/3ae082a1-42e1-4b3a-9127-cdca2e7d92f9 does not exist. Creating ...
2019-09-20 05:50:03,559 [Thread-3329] INFO  impl.FollowerState (FollowerState.java:run(106)) - 9b918566-8d2f-4f38-9ce1-65f5cd084216:group-6A169ECCAA06 changes to CANDIDATE, lastRpcTime:5125, electionTimeout:5125ms
2019-09-20 05:50:03,559 [Thread-3329] INFO  impl.RoleInfo (RoleInfo.java:shutdownFollowerState(121)) - 9b918566-8d2f-4f38-9ce1-65f5cd084216: shutdown FollowerState
2019-09-20 05:50:03,559 [Thread-3329] INFO  impl.RaftServerImpl (RaftServerImpl.java:setRole(171)) - 9b918566-8d2f-4f38-9ce1-65f5cd084216:group-6A169ECCAA06 changes role from FOLLOWER to CANDIDATE at term 0 for changeToCandidate
2019-09-20 05:50:03,559 [Thread-3329] INFO  impl.RoleInfo (RoleInfo.java:updateAndGet(143)) - 9b918566-8d2f-4f38-9ce1-65f5cd084216: start LeaderElection
2019-09-20 05:50:03,560 [9b918566-8d2f-4f38-9ce1-65f5cd084216:group-C5FA315C3101:LeaderElection439] INFO  impl.LeaderElection (LeaderElection.java:askForVotes(181)) - 9b918566-8d2f-4f38-9ce1-65f5cd084216:group-C5FA315C3101:LeaderElection439: begin an election at term 1 for -1: [9b918566-8d2f-4f38-9ce1-65f5cd084216:192.168.36.79:46843], old=null
2019-09-20 05:50:03,560 [9b918566-8d2f-4f38-9ce1-65f5cd084216:group-20839FE4359D:LeaderElection440] INFO  impl.LeaderElection (LeaderElection.java:askForVotes(181)) - 9b918566-8d2f-4f38-9ce1-65f5cd084216:group-20839FE4359D:LeaderElection440: begin an election at term 1 for -1: [9b918566-8d2f-4f38-9ce1-65f5cd084216:192.168.36.79:46843], old=null
2019-09-20 05:50:03,560 [9b918566-8d2f-4f38-9ce1-65f5cd084216:group-C5FA315C3101:LeaderElection439] INFO  impl.RoleInfo (RoleInfo.java:shutdownLeaderElection(134)) - 9b918566-8d2f-4f38-9ce1-65f5cd084216: shutdown LeaderElection
2019-09-20 05:50:03,560 [9b918566-8d2f-4f38-9ce1-65f5cd084216:group-20839FE4359D:LeaderElection440] INFO  impl.RoleInfo (RoleInfo.java:shutdownLeaderElection(134)) - 9b918566-8d2f-4f38-9ce1-65f5cd084216: shutdown LeaderElection
2019-09-20 05:50:03,560 [9b918566-8d2f-4f38-9ce1-65f5cd084216:group-C5FA315C3101:LeaderElection439] INFO  impl.RaftServerImpl (RaftServerImpl.java:setRole(171)) - 9b918566-8d2f-4f38-9ce1-65f5cd084216:group-C5FA315C3101 changes role from CANDIDATE to LEADER at term 1 for changeToLeader
2019-09-20 05:50:03,560 [9b918566-8d2f-4f38-9ce1-65f5cd084216:group-20839FE4359D:LeaderElection440] INFO  impl.RaftServerImpl (RaftServerImpl.java:setRole(171)) - 9b918566-8d2f-4f38-9ce1-65f5cd084216:group-20839FE4359D changes role from CANDIDATE to LEADER at term 1 for changeToLeader
2019-09-20 05:50:03,560 [9b918566-8d2f-4f38-9ce1-65f5cd084216:group-C5FA315C3101:LeaderElection439] INFO  impl.RaftServerImpl (ServerState.java:setLeader(263)) - 9b918566-8d2f-4f38-9ce1-65f5cd084216:group-C5FA315C3101 change Leader from null to 9b918566-8d2f-4f38-9ce1-65f5cd084216 at term 1 for becomeLeader, leader elected after 5189ms
2019-09-20 05:50:03,560 [9b918566-8d2f-4f38-9ce1-65f5cd084216:group-20839FE4359D:LeaderElection440] INFO  impl.RaftServerImpl (ServerState.java:setLeader(263)) - 9b918566-8d2f-4f38-9ce1-65f5cd084216:group-20839FE4359D change Leader from null to 9b918566-8d2f-4f38-9ce1-65f5cd084216 at term 1 for becomeLeader, leader elected after 5062ms
2019-09-20 05:50:03,560 [9b918566-8d2f-4f38-9ce1-65f5cd084216:group-C5FA315C3101:LeaderElection439] INFO  server.RaftServerConfigKeys (ConfUtils.java:logGet(43)) - raft.server.staging.catchup.gap = 1000 (default)
2019-09-20 05:50:03,560 [9b918566-8d2f-4f38-9ce1-65f5cd084216:group-20839FE4359D:LeaderElection440] INFO  server.RaftServerConfigKeys (ConfUtils.java:logGet(43)) - raft.server.staging.catchup.gap = 1000 (default)
2019-09-20 05:50:03,560 [9b918566-8d2f-4f38-9ce1-65f5cd084216:group-C5FA315C3101:LeaderElection439] INFO  server.RaftServerConfigKeys (ConfUtils.java:logGet(43)) - raft.server.rpc.sleep.time = 25ms (default)
2019-09-20 05:50:03,561 [9b918566-8d2f-4f38-9ce1-65f5cd084216:group-20839FE4359D:LeaderElection440] INFO  server.RaftServerConfigKeys (ConfUtils.java:logGet(43)) - raft.server.rpc.sleep.time = 25ms (default)
2019-09-20 05:50:03,561 [9b918566-8d2f-4f38-9ce1-65f5cd084216:group-C5FA315C3101:LeaderElection439] INFO  server.RaftServerConfigKeys (ConfUtils.java:logGet(43)) - raft.server.write.element-limit = 4096 (default)
2019-09-20 05:50:03,561 [9b918566-8d2f-4f38-9ce1-65f5cd084216:group-C5FA315C3101:LeaderElection439] INFO  server.RaftServerConfigKeys (ConfUtils.java:logGet(43)) - raft.server.watch.timeout = 10s (default)
2019-09-20 05:50:03,561 [9b918566-8d2f-4f38-9ce1-65f5cd084216:group-20839FE4359D:LeaderElection440] INFO  server.RaftServerConfigKeys (ConfUtils.java:logGet(43)) - raft.server.write.element-limit = 4096 (default)
2019-09-20 05:50:03,561 [9b918566-8d2f-4f38-9ce1-65f5cd084216:group-C5FA315C3101:LeaderElection439] INFO  server.RaftServerConfigKeys (ConfUtils.java:logGet(43)) - raft.server.watch.timeout.denomination = 1s (default)
2019-09-20 05:50:03,561 [9b918566-8d2f-4f38-9ce1-65f5cd084216:group-20839FE4359D:LeaderElection440] INFO  server.RaftServerConfigKeys (ConfUtils.java:logGet(43)) - raft.server.watch.timeout = 10s (default)
2019-09-20 05:50:03,561 [9b918566-8d2f-4f38-9ce1-65f5cd084216:group-C5FA315C3101:LeaderElection439] INFO  server.RaftServerConfigKeys (ConfUtils.java:logGet(43)) - raft.server.watch.element-limit = 65536 (default)
2019-09-20 05:50:03,561 [9b918566-8d2f-4f38-9ce1-65f5cd084216:group-20839FE4359D:LeaderElection440] INFO  server.RaftServerConfigKeys (ConfUtils.java:logGet(43)) - raft.server.watch.timeout.denomination = 1s (default)
2019-09-20 05:50:03,561 [9b918566-8d2f-4f38-9ce1-65f5cd084216:group-C5FA315C3101:LeaderElection439] INFO  impl.RoleInfo (RoleInfo.java:updateAndGet(143)) - 9b918566-8d2f-4f38-9ce1-65f5cd084216: start LeaderState
2019-09-20 05:50:03,561 [9b918566-8d2f-4f38-9ce1-65f5cd084216:group-20839FE4359D:LeaderElection440] INFO  server.RaftServerConfigKeys (ConfUtils.java:logGet(43)) - raft.server.watch.element-limit = 65536 (default)
2019-09-20 05:50:03,562 [9b918566-8d2f-4f38-9ce1-65f5cd084216:group-C5FA315C3101:LeaderElection439] INFO  segmented.SegmentedRaftLogWorker (SegmentedRaftLogWorker.java:startLogSegment(380)) - 9b918566-8d2f-4f38-9ce1-65f5cd084216-SegmentedRaftLogWorker:Storage Directory /workdir/hadoop-ozone/integration-test/target/test-dir/MiniOzoneClusterImpl-29dd0c8c-da21-41d6-af77-5f0a65600fbb/datanode-0/data/ratis/5a79cb5b-df21-4b0c-b555-c5fa315c3101: Starting segment from index:0
2019-09-20 05:50:03,562 [9b918566-8d2f-4f38-9ce1-65f5cd084216:group-20839FE4359D:LeaderElection440] INFO  impl.RoleInfo (RoleInfo.java:updateAndGet(143)) - 9b918566-8d2f-4f38-9ce1-65f5cd084216: start LeaderState
2019-09-20 05:50:03,562 [9b918566-8d2f-4f38-9ce1-65f5cd084216:group-C5FA315C3101:LeaderElection439] INFO  impl.RaftServerImpl (ServerState.java:setRaftConf(361)) - 9b918566-8d2f-4f38-9ce1-65f5cd084216:group-C5FA315C3101 set configuration 0: [9b918566-8d2f-4f38-9ce1-65f5cd084216:192.168.36.79:46843], old=null at 0
2019-09-20 05:50:03,562 [9b918566-8d2f-4f38-9ce1-65f5cd084216:group-20839FE4359D:LeaderElection440] INFO  segmented.SegmentedRaftLogWorker (SegmentedRaftLogWorker.java:startLogSegment(380)) - 9b918566-8d2f-4f38-9ce1-65f5cd084216-SegmentedRaftLogWorker:Storage Directory /workdir/hadoop-ozone/integration-test/target/test-dir/MiniOzoneClusterImpl-29dd0c8c-da21-41d6-af77-5f0a65600fbb/datanode-0/data/ratis/57e49379-47e0-484b-acd5-20839fe4359d: Starting segment from index:0
2019-09-20 05:50:03,562 [9b918566-8d2f-4f38-9ce1-65f5cd084216:group-20839FE4359D:LeaderElection440] INFO  impl.RaftServerImpl (ServerState.java:setRaftConf(361)) - 9b918566-8d2f-4f38-9ce1-65f5cd084216:group-20839FE4359D set configuration 0: [9b918566-8d2f-4f38-9ce1-65f5cd084216:192.168.36.79:46843], old=null at 0
2019-09-20 05:50:03,568 [9b918566-8d2f-4f38-9ce1-65f5cd084216-SegmentedRaftLogWorker:Storage Directory /workdir/hadoop-ozone/integration-test/target/test-dir/MiniOzoneClusterImpl-29dd0c8c-da21-41d6-af77-5f0a65600fbb/datanode-0/data/ratis/a8b2e704-d6d7-45f9-8f47-938bbd353e04] INFO  segmented.SegmentedRaftLogWorker (SegmentedRaftLogWorker.java:execute(569)) - 9b918566-8d2f-4f38-9ce1-65f5cd084216-SegmentedRaftLogWorker:Storage Directory /workdir/hadoop-ozone/integration-test/target/test-dir/MiniOzoneClusterImpl-29dd0c8c-da21-41d6-af77-5f0a65600fbb/datanode-0/data/ratis/a8b2e704-d6d7-45f9-8f47-938bbd353e04: created new log segment /workdir/hadoop-ozone/integration-test/target/test-dir/MiniOzoneClusterImpl-29dd0c8c-da21-41d6-af77-5f0a65600fbb/datanode-0/data/ratis/a8b2e704-d6d7-45f9-8f47-938bbd353e04/current/log_inprogress_0
2019-09-20 05:50:03,585 [pool-57-thread-1] INFO  storage.RaftStorageDirectory (RaftStorageDirectory.java:tryLock(328)) - Lock on /workdir/hadoop-ozone/integration-test/target/test-dir/MiniOzoneClusterImpl-29dd0c8c-da21-41d6-af77-5f0a65600fbb/datanode-0/data/ratis/3ae082a1-42e1-4b3a-9127-cdca2e7d92f9/in_use.lock acquired by nodename 6907@pr-hdds-1569-s8kj2-2266485376
2019-09-20 05:50:03,585 [9b918566-8d2f-4f38-9ce1-65f5cd084216:group-6A169ECCAA06:LeaderElection441] INFO  impl.LeaderElection (LeaderElection.java:askForVotes(181)) - 9b918566-8d2f-4f38-9ce1-65f5cd084216:group-6A169ECCAA06:LeaderElection441: begin an election at term 1 for -1: [9b918566-8d2f-4f38-9ce1-65f5cd084216:192.168.36.79:46843], old=null
2019-09-20 05:50:03,586 [9b918566-8d2f-4f38-9ce1-65f5cd084216:group-6A169ECCAA06:LeaderElection441] INFO  impl.RoleInfo (RoleInfo.java:shutdownLeaderElection(134)) - 9b918566-8d2f-4f38-9ce1-65f5cd084216: shutdown LeaderElection
2019-09-20 05:50:03,586 [9b918566-8d2f-4f38-9ce1-65f5cd084216:group-6A169ECCAA06:LeaderElection441] INFO  impl.RaftServerImpl (RaftServerImpl.java:setRole(171)) - 9b918566-8d2f-4f38-9ce1-65f5cd084216:group-6A169ECCAA06 changes role from CANDIDATE to LEADER at term 1 for changeToLeader
2019-09-20 05:50:03,586 [9b918566-8d2f-4f38-9ce1-65f5cd084216:group-6A169ECCAA06:LeaderElection441] INFO  impl.RaftServerImpl (ServerState.java:setLeader(263)) - 9b918566-8d2f-4f38-9ce1-65f5cd084216:group-6A169ECCAA06 change Leader from null to 9b918566-8d2f-4f38-9ce1-65f5cd084216 at term 1 for becomeLeader, leader elected after 5154ms
2019-09-20 05:50:03,586 [9b918566-8d2f-4f38-9ce1-65f5cd084216:group-6A169ECCAA06:LeaderElection441] INFO  server.RaftServerConfigKeys (ConfUtils.java:logGet(43)) - raft.server.staging.catchup.gap = 1000 (default)
2019-09-20 05:50:03,586 [9b918566-8d2f-4f38-9ce1-65f5cd084216:group-6A169ECCAA06:LeaderElection441] INFO  server.RaftServerConfigKeys (ConfUtils.java:logGet(43)) - raft.server.rpc.sleep.time = 25ms (default)
2019-09-20 05:50:03,586 [9b918566-8d2f-4f38-9ce1-65f5cd084216:group-6A169ECCAA06:LeaderElection441] INFO  server.RaftServerConfigKeys (ConfUtils.java:logGet(43)) - raft.server.write.element-limit = 4096 (default)
2019-09-20 05:50:03,586 [9b918566-8d2f-4f38-9ce1-65f5cd084216:group-6A169ECCAA06:LeaderElection441] INFO  server.RaftServerConfigKeys (ConfUtils.java:logGet(43)) - raft.server.watch.timeout = 10s (default)
2019-09-20 05:50:03,586 [9b918566-8d2f-4f38-9ce1-65f5cd084216:group-6A169ECCAA06:LeaderElection441] INFO  server.RaftServerConfigKeys (ConfUtils.java:logGet(43)) - raft.server.watch.timeout.denomination = 1s (default)
2019-09-20 05:50:03,587 [9b918566-8d2f-4f38-9ce1-65f5cd084216:group-6A169ECCAA06:LeaderElection441] INFO  server.RaftServerConfigKeys (ConfUtils.java:logGet(43)) - raft.server.watch.element-limit = 65536 (default)
2019-09-20 05:50:03,587 [9b918566-8d2f-4f38-9ce1-65f5cd084216:group-6A169ECCAA06:LeaderElection441] INFO  impl.RoleInfo (RoleInfo.java:updateAndGet(143)) - 9b918566-8d2f-4f38-9ce1-65f5cd084216: start LeaderState
2019-09-20 05:50:03,587 [9b918566-8d2f-4f38-9ce1-65f5cd084216:group-6A169ECCAA06:LeaderElection441] INFO  segmented.SegmentedRaftLogWorker (SegmentedRaftLogWorker.java:startLogSegment(380)) - 9b918566-8d2f-4f38-9ce1-65f5cd084216-SegmentedRaftLogWorker:Storage Directory /workdir/hadoop-ozone/integration-test/target/test-dir/MiniOzoneClusterImpl-29dd0c8c-da21-41d6-af77-5f0a65600fbb/datanode-0/data/ratis/3334cfc7-b579-49c5-a5a6-6a169eccaa06: Starting segment from index:0
2019-09-20 05:50:03,587 [9b918566-8d2f-4f38-9ce1-65f5cd084216:group-6A169ECCAA06:LeaderElection441] INFO  impl.RaftServerImpl (ServerState.java:setRaftConf(361)) - 9b918566-8d2f-4f38-9ce1-65f5cd084216:group-6A169ECCAA06 set configuration 0: [9b918566-8d2f-4f38-9ce1-65f5cd084216:192.168.36.79:46843], old=null at 0
2019-09-20 05:50:03,619 [9b918566-8d2f-4f38-9ce1-65f5cd084216-SegmentedRaftLogWorker:Storage Directory /workdir/hadoop-ozone/integration-test/target/test-dir/MiniOzoneClusterImpl-29dd0c8c-da21-41d6-af77-5f0a65600fbb/datanode-0/data/ratis/5a79cb5b-df21-4b0c-b555-c5fa315c3101] INFO  segmented.SegmentedRaftLogWorker (SegmentedRaftLogWorker.java:execute(569)) - 9b918566-8d2f-4f38-9ce1-65f5cd084216-SegmentedRaftLogWorker:Storage Directory /workdir/hadoop-ozone/integration-test/target/test-dir/MiniOzoneClusterImpl-29dd0c8c-da21-41d6-af77-5f0a65600fbb/datanode-0/data/ratis/5a79cb5b-df21-4b0c-b555-c5fa315c3101: created new log segment /workdir/hadoop-ozone/integration-test/target/test-dir/MiniOzoneClusterImpl-29dd0c8c-da21-41d6-af77-5f0a65600fbb/datanode-0/data/ratis/5a79cb5b-df21-4b0c-b555-c5fa315c3101/current/log_inprogress_0
2019-09-20 05:50:03,619 [pool-57-thread-1] INFO  storage.RaftStorage (RaftStorage.java:format(72)) - Storage directory /workdir/hadoop-ozone/integration-test/target/test-dir/MiniOzoneClusterImpl-29dd0c8c-da21-41d6-af77-5f0a65600fbb/datanode-0/data/ratis/3ae082a1-42e1-4b3a-9127-cdca2e7d92f9 has been successfully formatted.
2019-09-20 05:50:03,619 [9b918566-8d2f-4f38-9ce1-65f5cd084216-SegmentedRaftLogWorker:Storage Directory /workdir/hadoop-ozone/integration-test/target/test-dir/MiniOzoneClusterImpl-29dd0c8c-da21-41d6-af77-5f0a65600fbb/datanode-0/data/ratis/57e49379-47e0-484b-acd5-20839fe4359d] INFO  segmented.SegmentedRaftLogWorker (SegmentedRaftLogWorker.java:execute(569)) - 9b918566-8d2f-4f38-9ce1-65f5cd084216-SegmentedRaftLogWorker:Storage Directory /workdir/hadoop-ozone/integration-test/target/test-dir/MiniOzoneClusterImpl-29dd0c8c-da21-41d6-af77-5f0a65600fbb/datanode-0/data/ratis/57e49379-47e0-484b-acd5-20839fe4359d: created new log segment /workdir/hadoop-ozone/integration-test/target/test-dir/MiniOzoneClusterImpl-29dd0c8c-da21-41d6-af77-5f0a65600fbb/datanode-0/data/ratis/57e49379-47e0-484b-acd5-20839fe4359d/current/log_inprogress_0
2019-09-20 05:50:03,620 [pool-57-thread-1] INFO  ratis.ContainerStateMachine (ContainerStateMachine.java:loadSnapshot(226)) - group-CDCA2E7D92F9: The snapshot info is null. Setting the last applied indexto:(t:0, i:~)
2019-09-20 05:50:03,620 [pool-57-thread-1] INFO  server.RaftServerConfigKeys (ConfUtils.java:logGet(43)) - raft.server.leader.election.timeout = 120s (custom)
2019-09-20 05:50:03,620 [pool-57-thread-1] INFO  server.RaftServerConfigKeys (ConfUtils.java:logGet(43)) - raft.server.log.use.memory = false (default)
2019-09-20 05:50:03,621 [pool-57-thread-1] INFO  server.RaftServerConfigKeys (ConfUtils.java:logGet(43)) - raft.server.log.purge.gap = 1000000 (custom)
2019-09-20 05:50:03,621 [pool-57-thread-1] INFO  server.RaftServerConfigKeys (ConfUtils.java:logGet(43)) - raft.server.log.appender.buffer.byte-limit = 33554432 (custom)
2019-09-20 05:50:03,621 [pool-57-thread-1] INFO  server.RaftServerConfigKeys (ConfUtils.java:logGet(43)) - raft.server.log.segment.size.max = 1048576 (custom)
2019-09-20 05:50:03,621 [pool-57-thread-1] INFO  server.RaftServerConfigKeys (ConfUtils.java:logGet(43)) - raft.server.log.segment.cache.num.max = 2 (custom)
2019-09-20 05:50:03,621 [pool-57-thread-1] INFO  segmented.SegmentedRaftLogWorker (SegmentedRaftLogWorker.java:<init>(172)) - new 9b918566-8d2f-4f38-9ce1-65f5cd084216-SegmentedRaftLogWorker:Storage Directory /workdir/hadoop-ozone/integration-test/target/test-dir/MiniOzoneClusterImpl-29dd0c8c-da21-41d6-af77-5f0a65600fbb/datanode-0/data/ratis/3ae082a1-42e1-4b3a-9127-cdca2e7d92f9 for RaftStorage:Storage Directory /workdir/hadoop-ozone/integration-test/target/test-dir/MiniOzoneClusterImpl-29dd0c8c-da21-41d6-af77-5f0a65600fbb/datanode-0/data/ratis/3ae082a1-42e1-4b3a-9127-cdca2e7d92f9
2019-09-20 05:50:03,621 [pool-57-thread-1] INFO  server.RaftServerConfigKeys (ConfUtils.java:logGet(43)) - raft.server.log.queue.byte-limit = 2147483647 (custom)
2019-09-20 05:50:03,621 [pool-57-thread-1] INFO  server.RaftServerConfigKeys (ConfUtils.java:logGet(43)) - raft.server.log.queue.element-limit = 1024 (custom)
2019-09-20 05:50:03,622 [pool-57-thread-1] INFO  server.RaftServerConfigKeys (ConfUtils.java:logGet(43)) - raft.server.log.segment.size.max = 1048576 (custom)
2019-09-20 05:50:03,622 [pool-57-thread-1] INFO  server.RaftServerConfigKeys (ConfUtils.java:logGet(43)) - raft.server.log.preallocated.size = 16384 (custom)
2019-09-20 05:50:03,622 [pool-57-thread-1] INFO  server.RaftServerConfigKeys (ConfUtils.java:logGet(43)) - raft.server.log.write.buffer.size = 33554432 (custom)
2019-09-20 05:50:03,622 [pool-57-thread-1] INFO  server.RaftServerConfigKeys (ConfUtils.java:logGet(43)) - raft.server.log.force.sync.num = 128 (default)
2019-09-20 05:50:03,622 [pool-57-thread-1] INFO  server.RaftServerConfigKeys (ConfUtils.java:logGet(43)) - raft.server.log.statemachine.data.sync = true (default)
2019-09-20 05:50:03,622 [pool-57-thread-1] INFO  server.RaftServerConfigKeys (ConfUtils.java:logGet(43)) - raft.server.log.statemachine.data.sync.timeout = 10s (default)
2019-09-20 05:50:03,622 [pool-57-thread-1] INFO  server.RaftServerConfigKeys (ConfUtils.java:logGet(43)) - raft.server.log.statemachine.data.sync.timeout.retry = -1 (default)
2019-09-20 05:50:03,622 [pool-57-thread-1] INFO  server.RaftServerConfigKeys (ConfUtils.java:logGet(43)) - raft.server.log.statemachine.data.caching.enabled = true (custom)
2019-09-20 05:50:03,623 [pool-57-thread-1] INFO  segmented.SegmentedRaftLogWorker (SegmentedRaftLogWorker.java:lambda$new$0(132)) - 9b918566-8d2f-4f38-9ce1-65f5cd084216-SegmentedRaftLogWorker:Storage Directory /workdir/hadoop-ozone/integration-test/target/test-dir/MiniOzoneClusterImpl-29dd0c8c-da21-41d6-af77-5f0a65600fbb/datanode-0/data/ratis/3ae082a1-42e1-4b3a-9127-cdca2e7d92f9: flushIndex: setUnconditionally 0 -> -1
2019-09-20 05:50:03,623 [pool-57-thread-1] INFO  server.RaftServerConfigKeys (ConfUtils.java:logGet(43)) - raft.server.snapshot.auto.trigger.enabled = true (custom)
2019-09-20 05:50:03,623 [pool-57-thread-1] INFO  server.RaftServerConfigKeys (ConfUtils.java:logGet(43)) - raft.server.snapshot.auto.trigger.threshold = 1 (custom)
2019-09-20 05:50:03,623 [pool-57-thread-1] INFO  server.RaftServerConfigKeys (ConfUtils.java:logGet(43)) - raft.server.retrycache.expirytime = 600000ms (custom)
2019-09-20 05:50:03,623 [pool-57-thread-1] INFO  impl.RaftServerImpl (RaftServerImpl.java:start(180)) - 9b918566-8d2f-4f38-9ce1-65f5cd084216: start group-CDCA2E7D92F9
2019-09-20 05:50:03,623 [pool-57-thread-1] INFO  impl.RaftServerImpl (RaftServerImpl.java:setRole(171)) - 9b918566-8d2f-4f38-9ce1-65f5cd084216:group-CDCA2E7D92F9 changes role from null to FOLLOWER at term 0 for startAsFollower
2019-09-20 05:50:03,624 [pool-57-thread-1] INFO  impl.RoleInfo (RoleInfo.java:updateAndGet(143)) - 9b918566-8d2f-4f38-9ce1-65f5cd084216: start FollowerState
2019-09-20 05:50:03,624 [pool-57-thread-1] INFO  util.JmxRegister (JmxRegister.java:tryRegister(44)) - Successfully registered JMX Bean with object name Ratis:service=RaftServer,group=group-CDCA2E7D92F9,id=9b918566-8d2f-4f38-9ce1-65f5cd084216
2019-09-20 05:50:03,625 [RatisPipelineUtilsThread] INFO  pipeline.PipelineStateManager (PipelineStateManager.java:addPipeline(56)) - Created pipeline Pipeline[ Id: 3ae082a1-42e1-4b3a-9127-cdca2e7d92f9, Nodes: 9b918566-8d2f-4f38-9ce1-65f5cd084216{ip: 192.168.36.79, host: pr-hdds-1569-s8kj2-2266485376, networkLocation: /default-rack, certSerialId: null}, Type:RATIS, Factor:ONE, State:OPEN]
2019-09-20 05:50:03,628 [grpc-default-executor-1] INFO  impl.RaftServerProxy (RaftServerProxy.java:addNew(89)) - 9b918566-8d2f-4f38-9ce1-65f5cd084216: addNew group-E9BD4F91ED26:[9b918566-8d2f-4f38-9ce1-65f5cd084216:192.168.36.79:46843] returns group-E9BD4F91ED26:java.util.concurrent.CompletableFuture@405563e0[Not completed]
2019-09-20 05:50:03,628 [pool-57-thread-1] INFO  impl.RaftServerImpl (RaftServerImpl.java:<init>(93)) - 9b918566-8d2f-4f38-9ce1-65f5cd084216: new RaftServerImpl for group-E9BD4F91ED26:[9b918566-8d2f-4f38-9ce1-65f5cd084216:192.168.36.79:46843] with ContainerStateMachine:uninitialized
2019-09-20 05:50:03,629 [pool-57-thread-1] INFO  server.RaftServerConfigKeys (ConfUtils.java:logGet(43)) - raft.server.rpc.timeout.min = 5s (custom)
2019-09-20 05:50:03,629 [pool-57-thread-1] INFO  server.RaftServerConfigKeys (ConfUtils.java:logGet(43)) - raft.server.rpc.timeout.max = 5200ms (custom)
2019-09-20 05:50:03,629 [pool-57-thread-1] INFO  server.RaftServerConfigKeys (ConfUtils.java:logGet(43)) - raft.server.rpcslowness.timeout = 120s (custom)
2019-09-20 05:50:03,629 [pool-57-thread-1] INFO  server.RaftServerConfigKeys (ConfUtils.java:logGet(43)) - raft.server.sleep.deviation.threshold = 300 (default)
2019-09-20 05:50:03,629 [pool-57-thread-1] INFO  server.RaftServerConfigKeys (ConfUtils.java:logGet(43)) - raft.server.log.appender.install.snapshot.enabled = false (custom)
2019-09-20 05:50:03,629 [pool-57-thread-1] INFO  impl.RaftServerImpl (ServerState.java:<init>(105)) - 9b918566-8d2f-4f38-9ce1-65f5cd084216:group-E9BD4F91ED26 ConfigurationManager, init=-1: [9b918566-8d2f-4f38-9ce1-65f5cd084216:192.168.36.79:46843], old=null, confs=<EMPTY_MAP>
2019-09-20 05:50:03,629 [pool-57-thread-1] INFO  server.RaftServerConfigKeys (ConfUtils.java:logGet(43)) - raft.server.storage.dir = [/workdir/hadoop-ozone/integration-test/target/test-dir/MiniOzoneClusterImpl-29dd0c8c-da21-41d6-af77-5f0a65600fbb/datanode-0/data/ratis] (custom)
2019-09-20 05:50:03,630 [pool-57-thread-1] INFO  storage.RaftStorageDirectory (RaftStorageDirectory.java:analyzeStorage(246)) - The storage directory /workdir/hadoop-ozone/integration-test/target/test-dir/MiniOzoneClusterImpl-29dd0c8c-da21-41d6-af77-5f0a65600fbb/datanode-0/data/ratis/64431419-e1f6-4f1e-98ad-e9bd4f91ed26 does not exist. Creating ...
2019-09-20 05:50:03,636 [9b918566-8d2f-4f38-9ce1-65f5cd084216-SegmentedRaftLogWorker:Storage Directory /workdir/hadoop-ozone/integration-test/target/test-dir/MiniOzoneClusterImpl-29dd0c8c-da21-41d6-af77-5f0a65600fbb/datanode-0/data/ratis/3334cfc7-b579-49c5-a5a6-6a169eccaa06] INFO  segmented.SegmentedRaftLogWorker (SegmentedRaftLogWorker.java:execute(569)) - 9b918566-8d2f-4f38-9ce1-65f5cd084216-SegmentedRaftLogWorker:Storage Directory /workdir/hadoop-ozone/integration-test/target/test-dir/MiniOzoneClusterImpl-29dd0c8c-da21-41d6-af77-5f0a65600fbb/datanode-0/data/ratis/3334cfc7-b579-49c5-a5a6-6a169eccaa06: created new log segment /workdir/hadoop-ozone/integration-test/target/test-dir/MiniOzoneClusterImpl-29dd0c8c-da21-41d6-af77-5f0a65600fbb/datanode-0/data/ratis/3334cfc7-b579-49c5-a5a6-6a169eccaa06/current/log_inprogress_0
2019-09-20 05:50:03,653 [pool-57-thread-1] INFO  storage.RaftStorageDirectory (RaftStorageDirectory.java:tryLock(328)) - Lock on /workdir/hadoop-ozone/integration-test/target/test-dir/MiniOzoneClusterImpl-29dd0c8c-da21-41d6-af77-5f0a65600fbb/datanode-0/data/ratis/64431419-e1f6-4f1e-98ad-e9bd4f91ed26/in_use.lock acquired by nodename 6907@pr-hdds-1569-s8kj2-2266485376
2019-09-20 05:50:03,671 [pool-57-thread-1] INFO  storage.RaftStorage (RaftStorage.java:format(72)) - Storage directory /workdir/hadoop-ozone/integration-test/target/test-dir/MiniOzoneClusterImpl-29dd0c8c-da21-41d6-af77-5f0a65600fbb/datanode-0/data/ratis/64431419-e1f6-4f1e-98ad-e9bd4f91ed26 has been successfully formatted.
2019-09-20 05:50:03,671 [pool-57-thread-1] INFO  ratis.ContainerStateMachine (ContainerStateMachine.java:loadSnapshot(226)) - group-E9BD4F91ED26: The snapshot info is null. Setting the last applied indexto:(t:0, i:~)
2019-09-20 05:50:03,671 [pool-57-thread-1] INFO  server.RaftServerConfigKeys (ConfUtils.java:logGet(43)) - raft.server.leader.election.timeout = 120s (custom)
2019-09-20 05:50:03,671 [pool-57-thread-1] INFO  server.RaftServerConfigKeys (ConfUtils.java:logGet(43)) - raft.server.log.use.memory = false (default)
2019-09-20 05:50:03,671 [pool-57-thread-1] INFO  server.RaftServerConfigKeys (ConfUtils.java:logGet(43)) - raft.server.log.purge.gap = 1000000 (custom)
2019-09-20 05:50:03,671 [pool-57-thread-1] INFO  server.RaftServerConfigKeys (ConfUtils.java:logGet(43)) - raft.server.log.appender.buffer.byte-limit = 33554432 (custom)
2019-09-20 05:50:03,672 [pool-57-thread-1] INFO  server.RaftServerConfigKeys (ConfUtils.java:logGet(43)) - raft.server.log.segment.size.max = 1048576 (custom)
2019-09-20 05:50:03,672 [pool-57-thread-1] INFO  server.RaftServerConfigKeys (ConfUtils.java:logGet(43)) - raft.server.log.segment.cache.num.max = 2 (custom)
2019-09-20 05:50:03,672 [pool-57-thread-1] INFO  segmented.SegmentedRaftLogWorker (SegmentedRaftLogWorker.java:<init>(172)) - new 9b918566-8d2f-4f38-9ce1-65f5cd084216-SegmentedRaftLogWorker:Storage Directory /workdir/hadoop-ozone/integration-test/target/test-dir/MiniOzoneClusterImpl-29dd0c8c-da21-41d6-af77-5f0a65600fbb/datanode-0/data/ratis/64431419-e1f6-4f1e-98ad-e9bd4f91ed26 for RaftStorage:Storage Directory /workdir/hadoop-ozone/integration-test/target/test-dir/MiniOzoneClusterImpl-29dd0c8c-da21-41d6-af77-5f0a65600fbb/datanode-0/data/ratis/64431419-e1f6-4f1e-98ad-e9bd4f91ed26
2019-09-20 05:50:03,672 [pool-57-thread-1] INFO  server.RaftServerConfigKeys (ConfUtils.java:logGet(43)) - raft.server.log.queue.byte-limit = 2147483647 (custom)
2019-09-20 05:50:03,672 [pool-57-thread-1] INFO  server.RaftServerConfigKeys (ConfUtils.java:logGet(43)) - raft.server.log.queue.element-limit = 1024 (custom)
2019-09-20 05:50:03,672 [pool-57-thread-1] INFO  server.RaftServerConfigKeys (ConfUtils.java:logGet(43)) - raft.server.log.segment.size.max = 1048576 (custom)
2019-09-20 05:50:03,672 [pool-57-thread-1] INFO  server.RaftServerConfigKeys (ConfUtils.java:logGet(43)) - raft.server.log.preallocated.size = 16384 (custom)
2019-09-20 05:50:03,673 [pool-57-thread-1] INFO  server.RaftServerConfigKeys (ConfUtils.java:logGet(43)) - raft.server.log.write.buffer.size = 33554432 (custom)
2019-09-20 05:50:03,673 [pool-57-thread-1] INFO  server.RaftServerConfigKeys (ConfUtils.java:logGet(43)) - raft.server.log.force.sync.num = 128 (default)
2019-09-20 05:50:03,673 [pool-57-thread-1] INFO  server.RaftServerConfigKeys (ConfUtils.java:logGet(43)) - raft.server.log.statemachine.data.sync = true (default)
2019-09-20 05:50:03,673 [pool-57-thread-1] INFO  server.RaftServerConfigKeys (ConfUtils.java:logGet(43)) - raft.server.log.statemachine.data.sync.timeout = 10s (default)
2019-09-20 05:50:03,673 [pool-57-thread-1] INFO  server.RaftServerConfigKeys (ConfUtils.java:logGet(43)) - raft.server.log.statemachine.data.sync.timeout.retry = -1 (default)
2019-09-20 05:50:03,673 [pool-57-thread-1] INFO  server.RaftServerConfigKeys (ConfUtils.java:logGet(43)) - raft.server.log.statemachine.data.caching.enabled = true (custom)
2019-09-20 05:50:03,673 [pool-57-thread-1] INFO  segmented.SegmentedRaftLogWorker (SegmentedRaftLogWorker.java:lambda$new$0(132)) - 9b918566-8d2f-4f38-9ce1-65f5cd084216-SegmentedRaftLogWorker:Storage Directory /workdir/hadoop-ozone/integration-test/target/test-dir/MiniOzoneClusterImpl-29dd0c8c-da21-41d6-af77-5f0a65600fbb/datanode-0/data/ratis/64431419-e1f6-4f1e-98ad-e9bd4f91ed26: flushIndex: setUnconditionally 0 -> -1
2019-09-20 05:50:03,674 [pool-57-thread-1] INFO  server.RaftServerConfigKeys (ConfUtils.java:logGet(43)) - raft.server.snapshot.auto.trigger.enabled = true (custom)
2019-09-20 05:50:03,674 [pool-57-thread-1] INFO  server.RaftServerConfigKeys (ConfUtils.java:logGet(43)) - raft.server.snapshot.auto.trigger.threshold = 1 (custom)
2019-09-20 05:50:03,674 [pool-57-thread-1] INFO  server.RaftServerConfigKeys (ConfUtils.java:logGet(43)) - raft.server.retrycache.expirytime = 600000ms (custom)
2019-09-20 05:50:03,674 [pool-57-thread-1] INFO  impl.RaftServerImpl (RaftServerImpl.java:start(180)) - 9b918566-8d2f-4f38-9ce1-65f5cd084216: start group-E9BD4F91ED26
2019-09-20 05:50:03,674 [pool-57-thread-1] INFO  impl.RaftServerImpl (RaftServerImpl.java:setRole(171)) - 9b918566-8d2f-4f38-9ce1-65f5cd084216:group-E9BD4F91ED26 changes role from null to FOLLOWER at term 0 for startAsFollower
2019-09-20 05:50:03,675 [pool-57-thread-1] INFO  impl.RoleInfo (RoleInfo.java:updateAndGet(143)) - 9b918566-8d2f-4f38-9ce1-65f5cd084216: start FollowerState
2019-09-20 05:50:03,675 [pool-57-thread-1] INFO  util.JmxRegister (JmxRegister.java:tryRegister(44)) - Successfully registered JMX Bean with object name Ratis:service=RaftServer,group=group-E9BD4F91ED26,id=9b918566-8d2f-4f38-9ce1-65f5cd084216
2019-09-20 05:50:03,676 [RatisPipelineUtilsThread] INFO  pipeline.PipelineStateManager (PipelineStateManager.java:addPipeline(56)) - Created pipeline Pipeline[ Id: 64431419-e1f6-4f1e-98ad-e9bd4f91ed26, Nodes: 9b918566-8d2f-4f38-9ce1-65f5cd084216{ip: 192.168.36.79, host: pr-hdds-1569-s8kj2-2266485376, networkLocation: /default-rack, certSerialId: null}, Type:RATIS, Factor:ONE, State:OPEN]
2019-09-20 05:50:03,679 [grpc-default-executor-1] INFO  impl.RaftServerProxy (RaftServerProxy.java:addNew(89)) - 9b918566-8d2f-4f38-9ce1-65f5cd084216: addNew group-8D5F95202CDA:[9b918566-8d2f-4f38-9ce1-65f5cd084216:192.168.36.79:46843] returns group-8D5F95202CDA:java.util.concurrent.CompletableFuture@4fdc2dde[Not completed]
2019-09-20 05:50:03,680 [pool-57-thread-1] INFO  impl.RaftServerImpl (RaftServerImpl.java:<init>(93)) - 9b918566-8d2f-4f38-9ce1-65f5cd084216: new RaftServerImpl for group-8D5F95202CDA:[9b918566-8d2f-4f38-9ce1-65f5cd084216:192.168.36.79:46843] with ContainerStateMachine:uninitialized
2019-09-20 05:50:03,680 [pool-57-thread-1] INFO  server.RaftServerConfigKeys (ConfUtils.java:logGet(43)) - raft.server.rpc.timeout.min = 5s (custom)
2019-09-20 05:50:03,680 [pool-57-thread-1] INFO  server.RaftServerConfigKeys (ConfUtils.java:logGet(43)) - raft.server.rpc.timeout.max = 5200ms (custom)
2019-09-20 05:50:03,680 [pool-57-thread-1] INFO  server.RaftServerConfigKeys (ConfUtils.java:logGet(43)) - raft.server.rpcslowness.timeout = 120s (custom)
2019-09-20 05:50:03,680 [pool-57-thread-1] INFO  server.RaftServerConfigKeys (ConfUtils.java:logGet(43)) - raft.server.sleep.deviation.threshold = 300 (default)
2019-09-20 05:50:03,680 [pool-57-thread-1] INFO  server.RaftServerConfigKeys (ConfUtils.java:logGet(43)) - raft.server.log.appender.install.snapshot.enabled = false (custom)
2019-09-20 05:50:03,680 [pool-57-thread-1] INFO  impl.RaftServerImpl (ServerState.java:<init>(105)) - 9b918566-8d2f-4f38-9ce1-65f5cd084216:group-8D5F95202CDA ConfigurationManager, init=-1: [9b918566-8d2f-4f38-9ce1-65f5cd084216:192.168.36.79:46843], old=null, confs=<EMPTY_MAP>
2019-09-20 05:50:03,680 [pool-57-thread-1] INFO  server.RaftServerConfigKeys (ConfUtils.java:logGet(43)) - raft.server.storage.dir = [/workdir/hadoop-ozone/integration-test/target/test-dir/MiniOzoneClusterImpl-29dd0c8c-da21-41d6-af77-5f0a65600fbb/datanode-0/data/ratis] (custom)
2019-09-20 05:50:03,681 [pool-57-thread-1] INFO  storage.RaftStorageDirectory (RaftStorageDirectory.java:analyzeStorage(246)) - The storage directory /workdir/hadoop-ozone/integration-test/target/test-dir/MiniOzoneClusterImpl-29dd0c8c-da21-41d6-af77-5f0a65600fbb/datanode-0/data/ratis/c289f90e-05f7-4e54-9ad5-8d5f95202cda does not exist. Creating ...
2019-09-20 05:50:03,696 | INFO  | SCMAudit | user=jenkins1000 | ip=192.168.36.79 | op=SEND_HEARTBEAT {datanodeUUID=9b918566-8d2f-4f38-9ce1-65f5cd084216, command=[]} | ret=SUCCESS |  
2019-09-20 05:50:03,721 [pool-57-thread-1] INFO  storage.RaftStorageDirectory (RaftStorageDirectory.java:tryLock(328)) - Lock on /workdir/hadoop-ozone/integration-test/target/test-dir/MiniOzoneClusterImpl-29dd0c8c-da21-41d6-af77-5f0a65600fbb/datanode-0/data/ratis/c289f90e-05f7-4e54-9ad5-8d5f95202cda/in_use.lock acquired by nodename 6907@pr-hdds-1569-s8kj2-2266485376
2019-09-20 05:50:03,896 | INFO  | SCMAudit | user=jenkins1000 | ip=192.168.36.79 | op=SEND_HEARTBEAT {datanodeUUID=9b918566-8d2f-4f38-9ce1-65f5cd084216, command=[]} | ret=SUCCESS |  
2019-09-20 05:50:04,091 [pool-57-thread-1] INFO  storage.RaftStorage (RaftStorage.java:format(72)) - Storage directory /workdir/hadoop-ozone/integration-test/target/test-dir/MiniOzoneClusterImpl-29dd0c8c-da21-41d6-af77-5f0a65600fbb/datanode-0/data/ratis/c289f90e-05f7-4e54-9ad5-8d5f95202cda has been successfully formatted.
2019-09-20 05:50:04,091 [pool-57-thread-1] INFO  ratis.ContainerStateMachine (ContainerStateMachine.java:loadSnapshot(226)) - group-8D5F95202CDA: The snapshot info is null. Setting the last applied indexto:(t:0, i:~)
2019-09-20 05:50:04,091 [pool-57-thread-1] INFO  server.RaftServerConfigKeys (ConfUtils.java:logGet(43)) - raft.server.leader.election.timeout = 120s (custom)
2019-09-20 05:50:04,091 [pool-57-thread-1] INFO  server.RaftServerConfigKeys (ConfUtils.java:logGet(43)) - raft.server.log.use.memory = false (default)
2019-09-20 05:50:04,091 [pool-57-thread-1] INFO  server.RaftServerConfigKeys (ConfUtils.java:logGet(43)) - raft.server.log.purge.gap = 1000000 (custom)
2019-09-20 05:50:04,091 [pool-57-thread-1] INFO  server.RaftServerConfigKeys (ConfUtils.java:logGet(43)) - raft.server.log.appender.buffer.byte-limit = 33554432 (custom)
2019-09-20 05:50:04,092 [pool-57-thread-1] INFO  server.RaftServerConfigKeys (ConfUtils.java:logGet(43)) - raft.server.log.segment.size.max = 1048576 (custom)
2019-09-20 05:50:04,092 [pool-57-thread-1] INFO  server.RaftServerConfigKeys (ConfUtils.java:logGet(43)) - raft.server.log.segment.cache.num.max = 2 (custom)
2019-09-20 05:50:04,092 [pool-57-thread-1] INFO  segmented.SegmentedRaftLogWorker (SegmentedRaftLogWorker.java:<init>(172)) - new 9b918566-8d2f-4f38-9ce1-65f5cd084216-SegmentedRaftLogWorker:Storage Directory /workdir/hadoop-ozone/integration-test/target/test-dir/MiniOzoneClusterImpl-29dd0c8c-da21-41d6-af77-5f0a65600fbb/datanode-0/data/ratis/c289f90e-05f7-4e54-9ad5-8d5f95202cda for RaftStorage:Storage Directory /workdir/hadoop-ozone/integration-test/target/test-dir/MiniOzoneClusterImpl-29dd0c8c-da21-41d6-af77-5f0a65600fbb/datanode-0/data/ratis/c289f90e-05f7-4e54-9ad5-8d5f95202cda
2019-09-20 05:50:04,092 [pool-57-thread-1] INFO  server.RaftServerConfigKeys (ConfUtils.java:logGet(43)) - raft.server.log.queue.byte-limit = 2147483647 (custom)
2019-09-20 05:50:04,092 [pool-57-thread-1] INFO  server.RaftServerConfigKeys (ConfUtils.java:logGet(43)) - raft.server.log.queue.element-limit = 1024 (custom)
2019-09-20 05:50:04,092 [pool-57-thread-1] INFO  server.RaftServerConfigKeys (ConfUtils.java:logGet(43)) - raft.server.log.segment.size.max = 1048576 (custom)
2019-09-20 05:50:04,092 [pool-57-thread-1] INFO  server.RaftServerConfigKeys (ConfUtils.java:logGet(43)) - raft.server.log.preallocated.size = 16384 (custom)
2019-09-20 05:50:04,093 [pool-57-thread-1] INFO  server.RaftServerConfigKeys (ConfUtils.java:logGet(43)) - raft.server.log.write.buffer.size = 33554432 (custom)
2019-09-20 05:50:04,093 [pool-57-thread-1] INFO  server.RaftServerConfigKeys (ConfUtils.java:logGet(43)) - raft.server.log.force.sync.num = 128 (default)
2019-09-20 05:50:04,093 [pool-57-thread-1] INFO  server.RaftServerConfigKeys (ConfUtils.java:logGet(43)) - raft.server.log.statemachine.data.sync = true (default)
2019-09-20 05:50:04,093 [pool-57-thread-1] INFO  server.RaftServerConfigKeys (ConfUtils.java:logGet(43)) - raft.server.log.statemachine.data.sync.timeout = 10s (default)
2019-09-20 05:50:04,093 [pool-57-thread-1] INFO  server.RaftServerConfigKeys (ConfUtils.java:logGet(43)) - raft.server.log.statemachine.data.sync.timeout.retry = -1 (default)
2019-09-20 05:50:04,093 [pool-57-thread-1] INFO  server.RaftServerConfigKeys (ConfUtils.java:logGet(43)) - raft.server.log.statemachine.data.caching.enabled = true (custom)
2019-09-20 05:50:04,094 [pool-57-thread-1] INFO  segmented.SegmentedRaftLogWorker (SegmentedRaftLogWorker.java:lambda$new$0(132)) - 9b918566-8d2f-4f38-9ce1-65f5cd084216-SegmentedRaftLogWorker:Storage Directory /workdir/hadoop-ozone/integration-test/target/test-dir/MiniOzoneClusterImpl-29dd0c8c-da21-41d6-af77-5f0a65600fbb/datanode-0/data/ratis/c289f90e-05f7-4e54-9ad5-8d5f95202cda: flushIndex: setUnconditionally 0 -> -1
2019-09-20 05:50:04,094 [pool-57-thread-1] INFO  server.RaftServerConfigKeys (ConfUtils.java:logGet(43)) - raft.server.snapshot.auto.trigger.enabled = true (custom)
2019-09-20 05:50:04,094 [pool-57-thread-1] INFO  server.RaftServerConfigKeys (ConfUtils.java:logGet(43)) - raft.server.snapshot.auto.trigger.threshold = 1 (custom)
2019-09-20 05:50:04,094 [pool-57-thread-1] INFO  server.RaftServerConfigKeys (ConfUtils.java:logGet(43)) - raft.server.retrycache.expirytime = 600000ms (custom)
2019-09-20 05:50:04,094 [pool-57-thread-1] INFO  impl.RaftServerImpl (RaftServerImpl.java:start(180)) - 9b918566-8d2f-4f38-9ce1-65f5cd084216: start group-8D5F95202CDA
2019-09-20 05:50:04,094 [pool-57-thread-1] INFO  impl.RaftServerImpl (RaftServerImpl.java:setRole(171)) - 9b918566-8d2f-4f38-9ce1-65f5cd084216:group-8D5F95202CDA changes role from null to FOLLOWER at term 0 for startAsFollower
2019-09-20 05:50:04,095 [pool-57-thread-1] INFO  impl.RoleInfo (RoleInfo.java:updateAndGet(143)) - 9b918566-8d2f-4f38-9ce1-65f5cd084216: start FollowerState
2019-09-20 05:50:04,095 [pool-57-thread-1] INFO  util.JmxRegister (JmxRegister.java:tryRegister(44)) - Successfully registered JMX Bean with object name Ratis:service=RaftServer,group=group-8D5F95202CDA,id=9b918566-8d2f-4f38-9ce1-65f5cd084216
2019-09-20 05:50:04,095 | INFO  | SCMAudit | user=jenkins1000 | ip=192.168.36.79 | op=SEND_HEARTBEAT {datanodeUUID=9b918566-8d2f-4f38-9ce1-65f5cd084216, command=[]} | ret=SUCCESS |  
2019-09-20 05:50:04,096 [RatisPipelineUtilsThread] INFO  pipeline.PipelineStateManager (PipelineStateManager.java:addPipeline(56)) - Created pipeline Pipeline[ Id: c289f90e-05f7-4e54-9ad5-8d5f95202cda, Nodes: 9b918566-8d2f-4f38-9ce1-65f5cd084216{ip: 192.168.36.79, host: pr-hdds-1569-s8kj2-2266485376, networkLocation: /default-rack, certSerialId: null}, Type:RATIS, Factor:ONE, State:OPEN]
2019-09-20 05:50:04,099 [grpc-default-executor-1] INFO  impl.RaftServerProxy (RaftServerProxy.java:addNew(89)) - 9b918566-8d2f-4f38-9ce1-65f5cd084216: addNew group-A0798ECA86D6:[9b918566-8d2f-4f38-9ce1-65f5cd084216:192.168.36.79:46843] returns group-A0798ECA86D6:java.util.concurrent.CompletableFuture@50b71445[Not completed]
2019-09-20 05:50:04,100 [pool-57-thread-1] INFO  impl.RaftServerImpl (RaftServerImpl.java:<init>(93)) - 9b918566-8d2f-4f38-9ce1-65f5cd084216: new RaftServerImpl for group-A0798ECA86D6:[9b918566-8d2f-4f38-9ce1-65f5cd084216:192.168.36.79:46843] with ContainerStateMachine:uninitialized
2019-09-20 05:50:04,100 [pool-57-thread-1] INFO  server.RaftServerConfigKeys (ConfUtils.java:logGet(43)) - raft.server.rpc.timeout.min = 5s (custom)
2019-09-20 05:50:04,100 [pool-57-thread-1] INFO  server.RaftServerConfigKeys (ConfUtils.java:logGet(43)) - raft.server.rpc.timeout.max = 5200ms (custom)
2019-09-20 05:50:04,101 [pool-57-thread-1] INFO  server.RaftServerConfigKeys (ConfUtils.java:logGet(43)) - raft.server.rpcslowness.timeout = 120s (custom)
2019-09-20 05:50:04,101 [pool-57-thread-1] INFO  server.RaftServerConfigKeys (ConfUtils.java:logGet(43)) - raft.server.sleep.deviation.threshold = 300 (default)
2019-09-20 05:50:04,101 [pool-57-thread-1] INFO  server.RaftServerConfigKeys (ConfUtils.java:logGet(43)) - raft.server.log.appender.install.snapshot.enabled = false (custom)
2019-09-20 05:50:04,101 [pool-57-thread-1] INFO  impl.RaftServerImpl (ServerState.java:<init>(105)) - 9b918566-8d2f-4f38-9ce1-65f5cd084216:group-A0798ECA86D6 ConfigurationManager, init=-1: [9b918566-8d2f-4f38-9ce1-65f5cd084216:192.168.36.79:46843], old=null, confs=<EMPTY_MAP>
2019-09-20 05:50:04,101 [pool-57-thread-1] INFO  server.RaftServerConfigKeys (ConfUtils.java:logGet(43)) - raft.server.storage.dir = [/workdir/hadoop-ozone/integration-test/target/test-dir/MiniOzoneClusterImpl-29dd0c8c-da21-41d6-af77-5f0a65600fbb/datanode-0/data/ratis] (custom)
2019-09-20 05:50:04,102 [pool-57-thread-1] INFO  storage.RaftStorageDirectory (RaftStorageDirectory.java:analyzeStorage(246)) - The storage directory /workdir/hadoop-ozone/integration-test/target/test-dir/MiniOzoneClusterImpl-29dd0c8c-da21-41d6-af77-5f0a65600fbb/datanode-0/data/ratis/9cd58e4d-ad99-4de7-b2e4-a0798eca86d6 does not exist. Creating ...
2019-09-20 05:50:04,207 [Thread-3335] INFO  impl.FollowerState (FollowerState.java:run(106)) - 9b918566-8d2f-4f38-9ce1-65f5cd084216:group-43ECE61C6805 changes to CANDIDATE, lastRpcTime:5071, electionTimeout:5071ms
2019-09-20 05:50:04,207 [Thread-3335] INFO  impl.RoleInfo (RoleInfo.java:shutdownFollowerState(121)) - 9b918566-8d2f-4f38-9ce1-65f5cd084216: shutdown FollowerState
2019-09-20 05:50:04,208 [Thread-3335] INFO  impl.RaftServerImpl (RaftServerImpl.java:setRole(171)) - 9b918566-8d2f-4f38-9ce1-65f5cd084216:group-43ECE61C6805 changes role from FOLLOWER to CANDIDATE at term 0 for changeToCandidate
2019-09-20 05:50:04,208 [Thread-3335] INFO  impl.RoleInfo (RoleInfo.java:updateAndGet(143)) - 9b918566-8d2f-4f38-9ce1-65f5cd084216: start LeaderElection
2019-09-20 05:50:04,221 [Thread-3338] INFO  impl.FollowerState (FollowerState.java:run(106)) - 9b918566-8d2f-4f38-9ce1-65f5cd084216:group-2122D3B7D5AD changes to CANDIDATE, lastRpcTime:5012, electionTimeout:5012ms
2019-09-20 05:50:04,222 [Thread-3338] INFO  impl.RoleInfo (RoleInfo.java:shutdownFollowerState(121)) - 9b918566-8d2f-4f38-9ce1-65f5cd084216: shutdown FollowerState
2019-09-20 05:50:04,222 [Thread-3338] INFO  impl.RaftServerImpl (RaftServerImpl.java:setRole(171)) - 9b918566-8d2f-4f38-9ce1-65f5cd084216:group-2122D3B7D5AD changes role from FOLLOWER to CANDIDATE at term 0 for changeToCandidate
2019-09-20 05:50:04,222 [Thread-3338] INFO  impl.RoleInfo (RoleInfo.java:updateAndGet(143)) - 9b918566-8d2f-4f38-9ce1-65f5cd084216: start LeaderElection
2019-09-20 05:50:04,296 | INFO  | SCMAudit | user=jenkins1000 | ip=192.168.36.79 | op=SEND_HEARTBEAT {datanodeUUID=9b918566-8d2f-4f38-9ce1-65f5cd084216, command=[]} | ret=SUCCESS |  
2019-09-20 05:50:04,338 [Thread-3341] INFO  impl.FollowerState (FollowerState.java:run(106)) - 9b918566-8d2f-4f38-9ce1-65f5cd084216:group-641E6D60B548 changes to CANDIDATE, lastRpcTime:5069, electionTimeout:5069ms
2019-09-20 05:50:04,338 [Thread-3341] INFO  impl.RoleInfo (RoleInfo.java:shutdownFollowerState(121)) - 9b918566-8d2f-4f38-9ce1-65f5cd084216: shutdown FollowerState
2019-09-20 05:50:04,338 [Thread-3341] INFO  impl.RaftServerImpl (RaftServerImpl.java:setRole(171)) - 9b918566-8d2f-4f38-9ce1-65f5cd084216:group-641E6D60B548 changes role from FOLLOWER to CANDIDATE at term 0 for changeToCandidate
2019-09-20 05:50:04,338 [Thread-3341] INFO  impl.RoleInfo (RoleInfo.java:updateAndGet(143)) - 9b918566-8d2f-4f38-9ce1-65f5cd084216: start LeaderElection
2019-09-20 05:50:04,404 [Thread-3344] INFO  impl.FollowerState (FollowerState.java:run(106)) - 9b918566-8d2f-4f38-9ce1-65f5cd084216:group-ED930E40D01E changes to CANDIDATE, lastRpcTime:5092, electionTimeout:5092ms
2019-09-20 05:50:04,404 [Thread-3344] INFO  impl.RoleInfo (RoleInfo.java:shutdownFollowerState(121)) - 9b918566-8d2f-4f38-9ce1-65f5cd084216: shutdown FollowerState
2019-09-20 05:50:04,404 [Thread-3344] INFO  impl.RaftServerImpl (RaftServerImpl.java:setRole(171)) - 9b918566-8d2f-4f38-9ce1-65f5cd084216:group-ED930E40D01E changes role from FOLLOWER to CANDIDATE at term 0 for changeToCandidate
2019-09-20 05:50:04,404 [Thread-3344] INFO  impl.RoleInfo (RoleInfo.java:updateAndGet(143)) - 9b918566-8d2f-4f38-9ce1-65f5cd084216: start LeaderElection
2019-09-20 05:50:04,496 | INFO  | SCMAudit | user=jenkins1000 | ip=192.168.36.79 | op=SEND_HEARTBEAT {datanodeUUID=9b918566-8d2f-4f38-9ce1-65f5cd084216, command=[]} | ret=SUCCESS |  
2019-09-20 05:50:04,548 [Thread-3347] INFO  impl.FollowerState (FollowerState.java:run(106)) - 9b918566-8d2f-4f38-9ce1-65f5cd084216:group-404A532F4CF2 changes to CANDIDATE, lastRpcTime:5186, electionTimeout:5186ms
2019-09-20 05:50:04,548 [Thread-3347] INFO  impl.RoleInfo (RoleInfo.java:shutdownFollowerState(121)) - 9b918566-8d2f-4f38-9ce1-65f5cd084216: shutdown FollowerState
2019-09-20 05:50:04,548 [Thread-3347] INFO  impl.RaftServerImpl (RaftServerImpl.java:setRole(171)) - 9b918566-8d2f-4f38-9ce1-65f5cd084216:group-404A532F4CF2 changes role from FOLLOWER to CANDIDATE at term 0 for changeToCandidate
2019-09-20 05:50:04,549 [Thread-3347] INFO  impl.RoleInfo (RoleInfo.java:updateAndGet(143)) - 9b918566-8d2f-4f38-9ce1-65f5cd084216: start LeaderElection
2019-09-20 05:50:04,552 [Thread-3353] INFO  impl.FollowerState (FollowerState.java:run(106)) - 9b918566-8d2f-4f38-9ce1-65f5cd084216:group-C677E0E9B046 changes to CANDIDATE, lastRpcTime:5011, electionTimeout:5011ms
2019-09-20 05:50:04,552 [Thread-3353] INFO  impl.RoleInfo (RoleInfo.java:shutdownFollowerState(121)) - 9b918566-8d2f-4f38-9ce1-65f5cd084216: shutdown FollowerState
2019-09-20 05:50:04,552 [Thread-3353] INFO  impl.RaftServerImpl (RaftServerImpl.java:setRole(171)) - 9b918566-8d2f-4f38-9ce1-65f5cd084216:group-C677E0E9B046 changes role from FOLLOWER to CANDIDATE at term 0 for changeToCandidate
2019-09-20 05:50:04,553 [Thread-3353] INFO  impl.RoleInfo (RoleInfo.java:updateAndGet(143)) - 9b918566-8d2f-4f38-9ce1-65f5cd084216: start LeaderElection
2019-09-20 05:50:04,569 [Thread-3350] INFO  impl.FollowerState (FollowerState.java:run(106)) - 9b918566-8d2f-4f38-9ce1-65f5cd084216:group-BF2ECB3FAE12 changes to CANDIDATE, lastRpcTime:5114, electionTimeout:5114ms
2019-09-20 05:50:04,570 [Thread-3350] INFO  impl.RoleInfo (RoleInfo.java:shutdownFollowerState(121)) - 9b918566-8d2f-4f38-9ce1-65f5cd084216: shutdown FollowerState
2019-09-20 05:50:04,570 [Thread-3350] INFO  impl.RaftServerImpl (RaftServerImpl.java:setRole(171)) - 9b918566-8d2f-4f38-9ce1-65f5cd084216:group-BF2ECB3FAE12 changes role from FOLLOWER to CANDIDATE at term 0 for changeToCandidate
2019-09-20 05:50:04,570 [Thread-3350] INFO  impl.RoleInfo (RoleInfo.java:updateAndGet(143)) - 9b918566-8d2f-4f38-9ce1-65f5cd084216: start LeaderElection
2019-09-20 05:50:04,695 | INFO  | SCMAudit | user=jenkins1000 | ip=192.168.36.79 | op=SEND_HEARTBEAT {datanodeUUID=9b918566-8d2f-4f38-9ce1-65f5cd084216, command=[]} | ret=SUCCESS |  
2019-09-20 05:50:04,706 [Thread-3359] INFO  impl.FollowerState (FollowerState.java:run(106)) - 9b918566-8d2f-4f38-9ce1-65f5cd084216:group-FB77BC12EDB3 changes to CANDIDATE, lastRpcTime:5022, electionTimeout:5022ms
2019-09-20 05:50:04,706 [Thread-3359] INFO  impl.RoleInfo (RoleInfo.java:shutdownFollowerState(121)) - 9b918566-8d2f-4f38-9ce1-65f5cd084216: shutdown FollowerState
2019-09-20 05:50:04,706 [Thread-3359] INFO  impl.RaftServerImpl (RaftServerImpl.java:setRole(171)) - 9b918566-8d2f-4f38-9ce1-65f5cd084216:group-FB77BC12EDB3 changes role from FOLLOWER to CANDIDATE at term 0 for changeToCandidate
2019-09-20 05:50:04,706 [Thread-3359] INFO  impl.RoleInfo (RoleInfo.java:updateAndGet(143)) - 9b918566-8d2f-4f38-9ce1-65f5cd084216: start LeaderElection
2019-09-20 05:50:04,714 [Thread-3356] INFO  impl.FollowerState (FollowerState.java:run(106)) - 9b918566-8d2f-4f38-9ce1-65f5cd084216:group-1C95247679E6 changes to CANDIDATE, lastRpcTime:5100, electionTimeout:5100ms
2019-09-20 05:50:04,714 [Thread-3356] INFO  impl.RoleInfo (RoleInfo.java:shutdownFollowerState(121)) - 9b918566-8d2f-4f38-9ce1-65f5cd084216: shutdown FollowerState
2019-09-20 05:50:04,714 [Thread-3356] INFO  impl.RaftServerImpl (RaftServerImpl.java:setRole(171)) - 9b918566-8d2f-4f38-9ce1-65f5cd084216:group-1C95247679E6 changes role from FOLLOWER to CANDIDATE at term 0 for changeToCandidate
2019-09-20 05:50:04,714 [Thread-3356] INFO  impl.RoleInfo (RoleInfo.java:updateAndGet(143)) - 9b918566-8d2f-4f38-9ce1-65f5cd084216: start LeaderElection
2019-09-20 05:50:04,776 [Thread-3362] INFO  impl.FollowerState (FollowerState.java:run(106)) - 9b918566-8d2f-4f38-9ce1-65f5cd084216:group-5DBE4C85E5E5 changes to CANDIDATE, lastRpcTime:5022, electionTimeout:5022ms
2019-09-20 05:50:04,776 [Thread-3362] INFO  impl.RoleInfo (RoleInfo.java:shutdownFollowerState(121)) - 9b918566-8d2f-4f38-9ce1-65f5cd084216: shutdown FollowerState
2019-09-20 05:50:04,776 [Thread-3362] INFO  impl.RaftServerImpl (RaftServerImpl.java:setRole(171)) - 9b918566-8d2f-4f38-9ce1-65f5cd084216:group-5DBE4C85E5E5 changes role from FOLLOWER to CANDIDATE at term 0 for changeToCandidate
2019-09-20 05:50:04,776 [Thread-3362] INFO  impl.RoleInfo (RoleInfo.java:updateAndGet(143)) - 9b918566-8d2f-4f38-9ce1-65f5cd084216: start LeaderElection
2019-09-20 05:50:04,817 [Thread-3365] INFO  impl.FollowerState (FollowerState.java:run(106)) - 9b918566-8d2f-4f38-9ce1-65f5cd084216:group-F7BB2564A246 changes to CANDIDATE, lastRpcTime:5002, electionTimeout:5002ms
2019-09-20 05:50:04,817 [Thread-3365] INFO  impl.RoleInfo (RoleInfo.java:shutdownFollowerState(121)) - 9b918566-8d2f-4f38-9ce1-65f5cd084216: shutdown FollowerState
2019-09-20 05:50:04,817 [Thread-3365] INFO  impl.RaftServerImpl (RaftServerImpl.java:setRole(171)) - 9b918566-8d2f-4f38-9ce1-65f5cd084216:group-F7BB2564A246 changes role from FOLLOWER to CANDIDATE at term 0 for changeToCandidate
2019-09-20 05:50:04,817 [Thread-3365] INFO  impl.RoleInfo (RoleInfo.java:updateAndGet(143)) - 9b918566-8d2f-4f38-9ce1-65f5cd084216: start LeaderElection
2019-09-20 05:50:04,888 [Thread-3368] INFO  impl.FollowerState (FollowerState.java:run(106)) - 9b918566-8d2f-4f38-9ce1-65f5cd084216:group-1FAB4902EBDA changes to CANDIDATE, lastRpcTime:5013, electionTimeout:5013ms
2019-09-20 05:50:04,888 [Thread-3368] INFO  impl.RoleInfo (RoleInfo.java:shutdownFollowerState(121)) - 9b918566-8d2f-4f38-9ce1-65f5cd084216: shutdown FollowerState
2019-09-20 05:50:04,888 [Thread-3368] INFO  impl.RaftServerImpl (RaftServerImpl.java:setRole(171)) - 9b918566-8d2f-4f38-9ce1-65f5cd084216:group-1FAB4902EBDA changes role from FOLLOWER to CANDIDATE at term 0 for changeToCandidate
2019-09-20 05:50:04,888 [Thread-3368] INFO  impl.RoleInfo (RoleInfo.java:updateAndGet(143)) - 9b918566-8d2f-4f38-9ce1-65f5cd084216: start LeaderElection
2019-09-20 05:50:04,896 | INFO  | SCMAudit | user=jenkins1000 | ip=192.168.36.79 | op=SEND_HEARTBEAT {datanodeUUID=9b918566-8d2f-4f38-9ce1-65f5cd084216, command=[]} | ret=SUCCESS |  
2019-09-20 05:50:05,045 [Thread-3371] INFO  impl.FollowerState (FollowerState.java:run(106)) - 9b918566-8d2f-4f38-9ce1-65f5cd084216:group-8766366C6DFB changes to CANDIDATE, lastRpcTime:5075, electionTimeout:5075ms
2019-09-20 05:50:05,045 [Thread-3371] INFO  impl.RoleInfo (RoleInfo.java:shutdownFollowerState(121)) - 9b918566-8d2f-4f38-9ce1-65f5cd084216: shutdown FollowerState
2019-09-20 05:50:05,045 [Thread-3371] INFO  impl.RaftServerImpl (RaftServerImpl.java:setRole(171)) - 9b918566-8d2f-4f38-9ce1-65f5cd084216:group-8766366C6DFB changes role from FOLLOWER to CANDIDATE at term 0 for changeToCandidate
2019-09-20 05:50:05,045 [Thread-3371] INFO  impl.RoleInfo (RoleInfo.java:updateAndGet(143)) - 9b918566-8d2f-4f38-9ce1-65f5cd084216: start LeaderElection
2019-09-20 05:50:05,095 | INFO  | SCMAudit | user=jenkins1000 | ip=192.168.36.79 | op=SEND_HEARTBEAT {datanodeUUID=9b918566-8d2f-4f38-9ce1-65f5cd084216, command=[]} | ret=SUCCESS |  
2019-09-20 05:50:05,243 [Thread-3374] INFO  impl.FollowerState (FollowerState.java:run(106)) - 9b918566-8d2f-4f38-9ce1-65f5cd084216:group-93887C2F4E7A changes to CANDIDATE, lastRpcTime:5196, electionTimeout:5196ms
2019-09-20 05:50:05,243 [Thread-3374] INFO  impl.RoleInfo (RoleInfo.java:shutdownFollowerState(121)) - 9b918566-8d2f-4f38-9ce1-65f5cd084216: shutdown FollowerState
2019-09-20 05:50:05,243 [Thread-3374] INFO  impl.RaftServerImpl (RaftServerImpl.java:setRole(171)) - 9b918566-8d2f-4f38-9ce1-65f5cd084216:group-93887C2F4E7A changes role from FOLLOWER to CANDIDATE at term 0 for changeToCandidate
2019-09-20 05:50:05,243 [Thread-3374] INFO  impl.RoleInfo (RoleInfo.java:updateAndGet(143)) - 9b918566-8d2f-4f38-9ce1-65f5cd084216: start LeaderElection
2019-09-20 05:50:05,255 [Thread-3377] INFO  impl.FollowerState (FollowerState.java:run(106)) - 9b918566-8d2f-4f38-9ce1-65f5cd084216:group-5E0425601D0E changes to CANDIDATE, lastRpcTime:5142, electionTimeout:5142ms
2019-09-20 05:50:05,256 [Thread-3377] INFO  impl.RoleInfo (RoleInfo.java:shutdownFollowerState(121)) - 9b918566-8d2f-4f38-9ce1-65f5cd084216: shutdown FollowerState
2019-09-20 05:50:05,256 [Thread-3377] INFO  impl.RaftServerImpl (RaftServerImpl.java:setRole(171)) - 9b918566-8d2f-4f38-9ce1-65f5cd084216:group-5E0425601D0E changes role from FOLLOWER to CANDIDATE at term 0 for changeToCandidate
2019-09-20 05:50:05,256 [Thread-3377] INFO  impl.RoleInfo (RoleInfo.java:updateAndGet(143)) - 9b918566-8d2f-4f38-9ce1-65f5cd084216: start LeaderElection
2019-09-20 05:50:05,296 | INFO  | SCMAudit | user=jenkins1000 | ip=192.168.36.79 | op=SEND_HEARTBEAT {datanodeUUID=9b918566-8d2f-4f38-9ce1-65f5cd084216, command=[]} | ret=SUCCESS |  
2019-09-20 05:50:05,366 [Thread-3380] INFO  impl.FollowerState (FollowerState.java:run(106)) - 9b918566-8d2f-4f38-9ce1-65f5cd084216:group-7D0C9681D055 changes to CANDIDATE, lastRpcTime:5152, electionTimeout:5152ms
2019-09-20 05:50:05,366 [Thread-3380] INFO  impl.RoleInfo (RoleInfo.java:shutdownFollowerState(121)) - 9b918566-8d2f-4f38-9ce1-65f5cd084216: shutdown FollowerState
2019-09-20 05:50:05,367 [Thread-3380] INFO  impl.RaftServerImpl (RaftServerImpl.java:setRole(171)) - 9b918566-8d2f-4f38-9ce1-65f5cd084216:group-7D0C9681D055 changes role from FOLLOWER to CANDIDATE at term 0 for changeToCandidate
2019-09-20 05:50:05,367 [Thread-3380] INFO  impl.RoleInfo (RoleInfo.java:updateAndGet(143)) - 9b918566-8d2f-4f38-9ce1-65f5cd084216: start LeaderElection
2019-09-20 05:50:05,496 | INFO  | SCMAudit | user=jenkins1000 | ip=192.168.36.79 | op=SEND_HEARTBEAT {datanodeUUID=9b918566-8d2f-4f38-9ce1-65f5cd084216, command=[]} | ret=SUCCESS |  
2019-09-20 05:50:05,695 | INFO  | SCMAudit | user=jenkins1000 | ip=192.168.36.79 | op=SEND_HEARTBEAT {datanodeUUID=9b918566-8d2f-4f38-9ce1-65f5cd084216, command=[]} | ret=SUCCESS |  
2019-09-20 05:50:05,896 | INFO  | SCMAudit | user=jenkins1000 | ip=192.168.36.79 | op=SEND_HEARTBEAT {datanodeUUID=9b918566-8d2f-4f38-9ce1-65f5cd084216, command=[]} | ret=SUCCESS |  
2019-09-20 05:50:05,938 [Thread-3186] INFO  impl.FollowerState (FollowerState.java:run(106)) - 9b918566-8d2f-4f38-9ce1-65f5cd084216:group-3854AA616451 changes to CANDIDATE, lastRpcTime:10464, electionTimeout:5038ms
2019-09-20 05:50:05,938 [Thread-3186] INFO  impl.RoleInfo (RoleInfo.java:shutdownFollowerState(121)) - 9b918566-8d2f-4f38-9ce1-65f5cd084216: shutdown FollowerState
2019-09-20 05:50:05,939 [Thread-3186] INFO  impl.RaftServerImpl (RaftServerImpl.java:setRole(171)) - 9b918566-8d2f-4f38-9ce1-65f5cd084216:group-3854AA616451 changes role from FOLLOWER to CANDIDATE at term 0 for changeToCandidate
2019-09-20 05:50:05,939 [Thread-3186] INFO  impl.RoleInfo (RoleInfo.java:updateAndGet(143)) - 9b918566-8d2f-4f38-9ce1-65f5cd084216: start LeaderElection
2019-09-20 05:50:05,947 [Thread-3180] INFO  impl.FollowerState (FollowerState.java:run(106)) - 9b918566-8d2f-4f38-9ce1-65f5cd084216:group-23D02FF0DE8A changes to CANDIDATE, lastRpcTime:10605, electionTimeout:5048ms
2019-09-20 05:50:05,947 [Thread-3180] INFO  impl.RoleInfo (RoleInfo.java:shutdownFollowerState(121)) - 9b918566-8d2f-4f38-9ce1-65f5cd084216: shutdown FollowerState
2019-09-20 05:50:05,947 [Thread-3180] INFO  impl.RaftServerImpl (RaftServerImpl.java:setRole(171)) - 9b918566-8d2f-4f38-9ce1-65f5cd084216:group-23D02FF0DE8A changes role from FOLLOWER to CANDIDATE at term 0 for changeToCandidate
2019-09-20 05:50:05,947 [Thread-3180] INFO  impl.RoleInfo (RoleInfo.java:updateAndGet(143)) - 9b918566-8d2f-4f38-9ce1-65f5cd084216: start LeaderElection
2019-09-20 05:50:05,969 [Thread-3189] INFO  impl.FollowerState (FollowerState.java:run(106)) - 9b918566-8d2f-4f38-9ce1-65f5cd084216:group-DA618FA1B8B2 changes to CANDIDATE, lastRpcTime:10438, electionTimeout:5069ms
2019-09-20 05:50:05,969 [Thread-3189] INFO  impl.RoleInfo (RoleInfo.java:shutdownFollowerState(121)) - 9b918566-8d2f-4f38-9ce1-65f5cd084216: shutdown FollowerState
2019-09-20 05:50:05,969 [Thread-3189] INFO  impl.RaftServerImpl (RaftServerImpl.java:setRole(171)) - 9b918566-8d2f-4f38-9ce1-65f5cd084216:group-DA618FA1B8B2 changes role from FOLLOWER to CANDIDATE at term 0 for changeToCandidate
2019-09-20 05:50:05,969 [Thread-3189] INFO  impl.RoleInfo (RoleInfo.java:updateAndGet(143)) - 9b918566-8d2f-4f38-9ce1-65f5cd084216: start LeaderElection
2019-09-20 05:50:06,014 [Thread-3183] INFO  impl.FollowerState (FollowerState.java:run(106)) - 9b918566-8d2f-4f38-9ce1-65f5cd084216:group-24473509D625 changes to CANDIDATE, lastRpcTime:10613, electionTimeout:5114ms
2019-09-20 05:50:06,014 [Thread-3183] INFO  impl.RoleInfo (RoleInfo.java:shutdownFollowerState(121)) - 9b918566-8d2f-4f38-9ce1-65f5cd084216: shutdown FollowerState
2019-09-20 05:50:06,014 [Thread-3183] INFO  impl.RaftServerImpl (RaftServerImpl.java:setRole(171)) - 9b918566-8d2f-4f38-9ce1-65f5cd084216:group-24473509D625 changes role from FOLLOWER to CANDIDATE at term 0 for changeToCandidate
2019-09-20 05:50:06,014 [Thread-3183] INFO  impl.RoleInfo (RoleInfo.java:updateAndGet(143)) - 9b918566-8d2f-4f38-9ce1-65f5cd084216: start LeaderElection
2019-09-20 05:50:06,089 [Thread-3177] INFO  impl.FollowerState (FollowerState.java:run(106)) - 9b918566-8d2f-4f38-9ce1-65f5cd084216:group-6F5157B4CF02 changes to CANDIDATE, lastRpcTime:10819, electionTimeout:5189ms
2019-09-20 05:50:06,089 [Thread-3177] INFO  impl.RoleInfo (RoleInfo.java:shutdownFollowerState(121)) - 9b918566-8d2f-4f38-9ce1-65f5cd084216: shutdown FollowerState
2019-09-20 05:50:06,089 [Thread-3177] INFO  impl.RaftServerImpl (RaftServerImpl.java:setRole(171)) - 9b918566-8d2f-4f38-9ce1-65f5cd084216:group-6F5157B4CF02 changes role from FOLLOWER to CANDIDATE at term 0 for changeToCandidate
2019-09-20 05:50:06,089 [Thread-3177] INFO  impl.RoleInfo (RoleInfo.java:updateAndGet(143)) - 9b918566-8d2f-4f38-9ce1-65f5cd084216: start LeaderElection
2019-09-20 05:50:06,096 | INFO  | SCMAudit | user=jenkins1000 | ip=192.168.36.79 | op=SEND_HEARTBEAT {datanodeUUID=9b918566-8d2f-4f38-9ce1-65f5cd084216, command=[]} | ret=SUCCESS |  
2019-09-20 05:50:06,293 [Thread-3398] INFO  impl.FollowerState (FollowerState.java:run(106)) - 9b918566-8d2f-4f38-9ce1-65f5cd084216:group-B51181B3E2D6 changes to CANDIDATE, lastRpcTime:5095, electionTimeout:5095ms
2019-09-20 05:50:06,293 [Thread-3398] INFO  impl.RoleInfo (RoleInfo.java:shutdownFollowerState(121)) - 9b918566-8d2f-4f38-9ce1-65f5cd084216: shutdown FollowerState
2019-09-20 05:50:06,293 [Thread-3398] INFO  impl.RaftServerImpl (RaftServerImpl.java:setRole(171)) - 9b918566-8d2f-4f38-9ce1-65f5cd084216:group-B51181B3E2D6 changes role from FOLLOWER to CANDIDATE at term 0 for changeToCandidate
2019-09-20 05:50:06,293 [Thread-3398] INFO  impl.RoleInfo (RoleInfo.java:updateAndGet(143)) - 9b918566-8d2f-4f38-9ce1-65f5cd084216: start LeaderElection
2019-09-20 05:50:06,295 | INFO  | SCMAudit | user=jenkins1000 | ip=192.168.36.79 | op=SEND_HEARTBEAT {datanodeUUID=9b918566-8d2f-4f38-9ce1-65f5cd084216, command=[]} | ret=SUCCESS |  
2019-09-20 05:50:06,347 [Thread-3406] INFO  impl.FollowerState (FollowerState.java:run(106)) - 9b918566-8d2f-4f38-9ce1-65f5cd084216:group-17246AB8CDB8 changes to CANDIDATE, lastRpcTime:5070, electionTimeout:5070ms
2019-09-20 05:50:06,347 [Thread-3406] INFO  impl.RoleInfo (RoleInfo.java:shutdownFollowerState(121)) - 9b918566-8d2f-4f38-9ce1-65f5cd084216: shutdown FollowerState
2019-09-20 05:50:06,347 [Thread-3406] INFO  impl.RaftServerImpl (RaftServerImpl.java:setRole(171)) - 9b918566-8d2f-4f38-9ce1-65f5cd084216:group-17246AB8CDB8 changes role from FOLLOWER to CANDIDATE at term 0 for changeToCandidate
2019-09-20 05:50:06,347 [Thread-3406] INFO  impl.RoleInfo (RoleInfo.java:updateAndGet(143)) - 9b918566-8d2f-4f38-9ce1-65f5cd084216: start LeaderElection
2019-09-20 05:50:06,432 [Thread-3411] INFO  impl.FollowerState (FollowerState.java:run(106)) - 9b918566-8d2f-4f38-9ce1-65f5cd084216:group-24326A8F7FB8 changes to CANDIDATE, lastRpcTime:5076, electionTimeout:5076ms
2019-09-20 05:50:06,432 [Thread-3411] INFO  impl.RoleInfo (RoleInfo.java:shutdownFollowerState(121)) - 9b918566-8d2f-4f38-9ce1-65f5cd084216: shutdown FollowerState
2019-09-20 05:50:06,432 [Thread-3411] INFO  impl.RaftServerImpl (RaftServerImpl.java:setRole(171)) - 9b918566-8d2f-4f38-9ce1-65f5cd084216:group-24326A8F7FB8 changes role from FOLLOWER to CANDIDATE at term 0 for changeToCandidate
2019-09-20 05:50:06,432 [Thread-3411] INFO  impl.RoleInfo (RoleInfo.java:updateAndGet(143)) - 9b918566-8d2f-4f38-9ce1-65f5cd084216: start LeaderElection
2019-09-20 05:50:06,496 | INFO  | SCMAudit | user=jenkins1000 | ip=192.168.36.79 | op=SEND_HEARTBEAT {datanodeUUID=9b918566-8d2f-4f38-9ce1-65f5cd084216, command=[]} | ret=SUCCESS |  
2019-09-20 05:50:06,529 [Thread-3417] INFO  impl.FollowerState (FollowerState.java:run(106)) - 9b918566-8d2f-4f38-9ce1-65f5cd084216:group-D2E3D1BC3C4A changes to CANDIDATE, lastRpcTime:5103, electionTimeout:5103ms
2019-09-20 05:50:06,529 [Thread-3417] INFO  impl.RoleInfo (RoleInfo.java:shutdownFollowerState(121)) - 9b918566-8d2f-4f38-9ce1-65f5cd084216: shutdown FollowerState
2019-09-20 05:50:06,529 [Thread-3417] INFO  impl.RaftServerImpl (RaftServerImpl.java:setRole(171)) - 9b918566-8d2f-4f38-9ce1-65f5cd084216:group-D2E3D1BC3C4A changes role from FOLLOWER to CANDIDATE at term 0 for changeToCandidate
2019-09-20 05:50:06,529 [Thread-3417] INFO  impl.RoleInfo (RoleInfo.java:updateAndGet(143)) - 9b918566-8d2f-4f38-9ce1-65f5cd084216: start LeaderElection
2019-09-20 05:50:06,634 [Thread-3423] INFO  impl.FollowerState (FollowerState.java:run(106)) - 9b918566-8d2f-4f38-9ce1-65f5cd084216:group-C0C96F94F210 changes to CANDIDATE, lastRpcTime:5106, electionTimeout:5106ms
2019-09-20 05:50:06,634 [Thread-3423] INFO  impl.RoleInfo (RoleInfo.java:shutdownFollowerState(121)) - 9b918566-8d2f-4f38-9ce1-65f5cd084216: shutdown FollowerState
2019-09-20 05:50:06,634 [Thread-3423] INFO  impl.RaftServerImpl (RaftServerImpl.java:setRole(171)) - 9b918566-8d2f-4f38-9ce1-65f5cd084216:group-C0C96F94F210 changes role from FOLLOWER to CANDIDATE at term 0 for changeToCandidate
2019-09-20 05:50:06,634 [Thread-3423] INFO  impl.RoleInfo (RoleInfo.java:updateAndGet(143)) - 9b918566-8d2f-4f38-9ce1-65f5cd084216: start LeaderElection
2019-09-20 05:50:06,696 | INFO  | SCMAudit | user=jenkins1000 | ip=192.168.36.79 | op=SEND_HEARTBEAT {datanodeUUID=9b918566-8d2f-4f38-9ce1-65f5cd084216, command=[]} | ret=SUCCESS |  
2019-09-20 05:50:06,697 [Thread-3431] INFO  impl.FollowerState (FollowerState.java:run(106)) - 9b918566-8d2f-4f38-9ce1-65f5cd084216:group-14C055A8E40F changes to CANDIDATE, lastRpcTime:5083, electionTimeout:5083ms
2019-09-20 05:50:06,697 [Thread-3431] INFO  impl.RoleInfo (RoleInfo.java:shutdownFollowerState(121)) - 9b918566-8d2f-4f38-9ce1-65f5cd084216: shutdown FollowerState
2019-09-20 05:50:06,697 [Thread-3431] INFO  impl.RaftServerImpl (RaftServerImpl.java:setRole(171)) - 9b918566-8d2f-4f38-9ce1-65f5cd084216:group-14C055A8E40F changes role from FOLLOWER to CANDIDATE at term 0 for changeToCandidate
2019-09-20 05:50:06,697 [Thread-3431] INFO  impl.RoleInfo (RoleInfo.java:updateAndGet(143)) - 9b918566-8d2f-4f38-9ce1-65f5cd084216: start LeaderElection
2019-09-20 05:50:06,760 [Thread-3441] INFO  impl.FollowerState (FollowerState.java:run(106)) - 9b918566-8d2f-4f38-9ce1-65f5cd084216:group-EBA770ADA936 changes to CANDIDATE, lastRpcTime:5012, electionTimeout:5012ms
2019-09-20 05:50:06,760 [Thread-3441] INFO  impl.RoleInfo (RoleInfo.java:shutdownFollowerState(121)) - 9b918566-8d2f-4f38-9ce1-65f5cd084216: shutdown FollowerState
2019-09-20 05:50:06,760 [Thread-3441] INFO  impl.RaftServerImpl (RaftServerImpl.java:setRole(171)) - 9b918566-8d2f-4f38-9ce1-65f5cd084216:group-EBA770ADA936 changes role from FOLLOWER to CANDIDATE at term 0 for changeToCandidate
2019-09-20 05:50:06,760 [Thread-3441] INFO  impl.RoleInfo (RoleInfo.java:updateAndGet(143)) - 9b918566-8d2f-4f38-9ce1-65f5cd084216: start LeaderElection
2019-09-20 05:50:06,852 [Thread-3436] INFO  impl.FollowerState (FollowerState.java:run(106)) - 9b918566-8d2f-4f38-9ce1-65f5cd084216:group-62DE59026CF0 changes to CANDIDATE, lastRpcTime:5173, electionTimeout:5173ms
2019-09-20 05:50:06,852 [Thread-3436] INFO  impl.RoleInfo (RoleInfo.java:shutdownFollowerState(121)) - 9b918566-8d2f-4f38-9ce1-65f5cd084216: shutdown FollowerState
2019-09-20 05:50:06,852 [Thread-3436] INFO  impl.RaftServerImpl (RaftServerImpl.java:setRole(171)) - 9b918566-8d2f-4f38-9ce1-65f5cd084216:group-62DE59026CF0 changes role from FOLLOWER to CANDIDATE at term 0 for changeToCandidate
2019-09-20 05:50:06,852 [Thread-3436] INFO  impl.RoleInfo (RoleInfo.java:updateAndGet(143)) - 9b918566-8d2f-4f38-9ce1-65f5cd084216: start LeaderElection
2019-09-20 05:50:06,896 | INFO  | SCMAudit | user=jenkins1000 | ip=192.168.36.79 | op=SEND_HEARTBEAT {datanodeUUID=9b918566-8d2f-4f38-9ce1-65f5cd084216, command=[]} | ret=SUCCESS |  
2019-09-20 05:50:06,964 [Thread-3445] INFO  impl.FollowerState (FollowerState.java:run(106)) - 9b918566-8d2f-4f38-9ce1-65f5cd084216:group-7312B38DB467 changes to CANDIDATE, lastRpcTime:5130, electionTimeout:5130ms
2019-09-20 05:50:06,964 [Thread-3445] INFO  impl.RoleInfo (RoleInfo.java:shutdownFollowerState(121)) - 9b918566-8d2f-4f38-9ce1-65f5cd084216: shutdown FollowerState
2019-09-20 05:50:06,964 [Thread-3445] INFO  impl.RaftServerImpl (RaftServerImpl.java:setRole(171)) - 9b918566-8d2f-4f38-9ce1-65f5cd084216:group-7312B38DB467 changes role from FOLLOWER to CANDIDATE at term 0 for changeToCandidate
2019-09-20 05:50:06,964 [Thread-3445] INFO  impl.RoleInfo (RoleInfo.java:updateAndGet(143)) - 9b918566-8d2f-4f38-9ce1-65f5cd084216: start LeaderElection
2019-09-20 05:50:07,029 [Thread-3453] INFO  impl.FollowerState (FollowerState.java:run(106)) - 9b918566-8d2f-4f38-9ce1-65f5cd084216:group-BDC32C52C7F7 changes to CANDIDATE, lastRpcTime:5084, electionTimeout:5084ms
2019-09-20 05:50:07,029 [Thread-3453] INFO  impl.RoleInfo (RoleInfo.java:shutdownFollowerState(121)) - 9b918566-8d2f-4f38-9ce1-65f5cd084216: shutdown FollowerState
2019-09-20 05:50:07,029 [Thread-3453] INFO  impl.RaftServerImpl (RaftServerImpl.java:setRole(171)) - 9b918566-8d2f-4f38-9ce1-65f5cd084216:group-BDC32C52C7F7 changes role from FOLLOWER to CANDIDATE at term 0 for changeToCandidate
2019-09-20 05:50:07,029 [Thread-3453] INFO  impl.RoleInfo (RoleInfo.java:updateAndGet(143)) - 9b918566-8d2f-4f38-9ce1-65f5cd084216: start LeaderElection
2019-09-20 05:50:07,062 [Thread-3459] INFO  impl.FollowerState (FollowerState.java:run(106)) - 9b918566-8d2f-4f38-9ce1-65f5cd084216:group-19D8F506A3B5 changes to CANDIDATE, lastRpcTime:5040, electionTimeout:5040ms
2019-09-20 05:50:07,062 [Thread-3459] INFO  impl.RoleInfo (RoleInfo.java:shutdownFollowerState(121)) - 9b918566-8d2f-4f38-9ce1-65f5cd084216: shutdown FollowerState
2019-09-20 05:50:07,062 [Thread-3459] INFO  impl.RaftServerImpl (RaftServerImpl.java:setRole(171)) - 9b918566-8d2f-4f38-9ce1-65f5cd084216:group-19D8F506A3B5 changes role from FOLLOWER to CANDIDATE at term 0 for changeToCandidate
2019-09-20 05:50:07,062 [Thread-3459] INFO  impl.RoleInfo (RoleInfo.java:updateAndGet(143)) - 9b918566-8d2f-4f38-9ce1-65f5cd084216: start LeaderElection
2019-09-20 05:50:07,097 | INFO  | SCMAudit | user=jenkins1000 | ip=192.168.36.79 | op=SEND_HEARTBEAT {datanodeUUID=9b918566-8d2f-4f38-9ce1-65f5cd084216, command=[]} | ret=SUCCESS |  
2019-09-20 05:50:07,101 [RATISCREATEPIPELINE2] ERROR pipeline.RatisPipelineProvider (RatisPipelineProvider.java:lambda$null$2(182)) - Failed invoke Ratis rpc org.apache.hadoop.hdds.scm.pipeline.RatisPipelineProvider$$Lambda$168/1079098072@23923a2b for 9b918566-8d2f-4f38-9ce1-65f5cd084216
org.apache.ratis.protocol.TimeoutIOException: deadline exceeded after 2999900742ns
	at org.apache.ratis.grpc.GrpcUtil.tryUnwrapException(GrpcUtil.java:82)
	at org.apache.ratis.grpc.GrpcUtil.unwrapException(GrpcUtil.java:75)
	at org.apache.ratis.grpc.client.GrpcClientProtocolClient.blockingCall(GrpcClientProtocolClient.java:169)
	at org.apache.ratis.grpc.client.GrpcClientProtocolClient.groupAdd(GrpcClientProtocolClient.java:138)
	at org.apache.ratis.grpc.client.GrpcClientRpc.sendRequest(GrpcClientRpc.java:94)
	at org.apache.ratis.client.impl.RaftClientImpl.sendRequest(RaftClientImpl.java:279)
	at org.apache.ratis.client.impl.RaftClientImpl.groupAdd(RaftClientImpl.java:206)
	at org.apache.hadoop.hdds.scm.pipeline.RatisPipelineProvider.lambda$initializePipeline$1(RatisPipelineProvider.java:141)
	at org.apache.hadoop.hdds.scm.pipeline.RatisPipelineProvider.lambda$null$2(RatisPipelineProvider.java:178)
	at java.util.stream.ForEachOps$ForEachOp$OfRef.accept(ForEachOps.java:184)
	at java.util.ArrayList$ArrayListSpliterator.forEachRemaining(ArrayList.java:1382)
	at java.util.stream.AbstractPipeline.copyInto(AbstractPipeline.java:482)
	at java.util.stream.ForEachOps$ForEachTask.compute(ForEachOps.java:291)
	at java.util.concurrent.CountedCompleter.exec(CountedCompleter.java:731)
	at java.util.concurrent.ForkJoinTask.doExec(ForkJoinTask.java:289)
	at java.util.concurrent.ForkJoinTask.doInvoke(ForkJoinTask.java:401)
	at java.util.concurrent.ForkJoinTask.invoke(ForkJoinTask.java:734)
	at java.util.stream.ForEachOps$ForEachOp.evaluateParallel(ForEachOps.java:160)
	at java.util.stream.ForEachOps$ForEachOp$OfRef.evaluateParallel(ForEachOps.java:174)
	at java.util.stream.AbstractPipeline.evaluate(AbstractPipeline.java:233)
	at java.util.stream.ReferencePipeline.forEach(ReferencePipeline.java:418)
	at java.util.stream.ReferencePipeline$Head.forEach(ReferencePipeline.java:583)
	at org.apache.hadoop.hdds.scm.pipeline.RatisPipelineProvider.lambda$callRatisRpc$3(RatisPipelineProvider.java:172)
	at java.util.concurrent.ForkJoinTask$AdaptedRunnableAction.exec(ForkJoinTask.java:1386)
	at java.util.concurrent.ForkJoinTask.doExec(ForkJoinTask.java:289)
	at java.util.concurrent.ForkJoinPool$WorkQueue.runTask(ForkJoinPool.java:1056)
	at java.util.concurrent.ForkJoinPool.runWorker(ForkJoinPool.java:1692)
	at java.util.concurrent.ForkJoinWorkerThread.run(ForkJoinWorkerThread.java:157)
Caused by: org.apache.ratis.thirdparty.io.grpc.StatusRuntimeException: DEADLINE_EXCEEDED: deadline exceeded after 2999900742ns
	at org.apache.ratis.thirdparty.io.grpc.stub.ClientCalls.toStatusRuntimeException(ClientCalls.java:233)
	at org.apache.ratis.thirdparty.io.grpc.stub.ClientCalls.getUnchecked(ClientCalls.java:214)
	at org.apache.ratis.thirdparty.io.grpc.stub.ClientCalls.blockingUnaryCall(ClientCalls.java:139)
	at org.apache.ratis.proto.grpc.AdminProtocolServiceGrpc$AdminProtocolServiceBlockingStub.groupManagement(AdminProtocolServiceGrpc.java:274)
	at org.apache.ratis.grpc.client.GrpcClientProtocolClient.lambda$groupAdd$3(GrpcClientProtocolClient.java:140)
	at org.apache.ratis.grpc.client.GrpcClientProtocolClient.blockingCall(GrpcClientProtocolClient.java:167)
	... 25 more
2019-09-20 05:50:07,104 [RatisPipelineUtilsThread] ERROR pipeline.SCMPipelineManager (SCMPipelineManager.java:createPipeline(161)) - Pipeline creation failed due to exception: Failed invoke Ratis rpc org.apache.hadoop.hdds.scm.pipeline.RatisPipelineProvider$$Lambda$168/1079098072@23923a2b for 9b918566-8d2f-4f38-9ce1-65f5cd084216
2019-09-20 05:50:07,104 [RatisPipelineUtilsThread] ERROR pipeline.PipelinePlacementPolicy (PipelinePlacementPolicy.java:filterViableNodes(131)) - Not enough healthy nodes to allocate pipeline. 3  datanodes required. Found 1
2019-09-20 05:50:07,104 [RatisPipelineUtilsThread] ERROR pipeline.SCMPipelineManager (SCMPipelineManager.java:createPipeline(161)) - Pipeline creation failed due to exception: Not enough healthy nodes to allocate pipeline. 3  datanodes required. Found 1
2019-09-20 05:50:07,105 | INFO  | SCMAudit | user=jenkins1000 | ip=192.168.36.79 | op=ALLOCATE_BLOCK {owner=9cff3dbd-c26a-4f95-9484-1b79a736b91f, size=4194304, type=RATIS, factor=ONE} | ret=SUCCESS |  
2019-09-20 05:50:07,107 | INFO  | OMAudit | user=jenkins1000 | ip=127.0.0.1 | op=ALLOCATE_KEY {volume=testcontainerstatemachinefailures, bucket=testcontainerstatemachinefailures, key=ratis, dataSize=1024, replicationType=RATIS, replicationFactor=ONE, keyLocationInfo=null} | ret=SUCCESS |  
2019-09-20 05:50:07,274 [Thread-3465] INFO  impl.FollowerState (FollowerState.java:run(106)) - 9b918566-8d2f-4f38-9ce1-65f5cd084216:group-356D5AA52196 changes to CANDIDATE, lastRpcTime:5105, electionTimeout:5105ms
2019-09-20 05:50:07,274 [Thread-3465] INFO  impl.RoleInfo (RoleInfo.java:shutdownFollowerState(121)) - 9b918566-8d2f-4f38-9ce1-65f5cd084216: shutdown FollowerState
2019-09-20 05:50:07,274 [Thread-3465] INFO  impl.RaftServerImpl (RaftServerImpl.java:setRole(171)) - 9b918566-8d2f-4f38-9ce1-65f5cd084216:group-356D5AA52196 changes role from FOLLOWER to CANDIDATE at term 0 for changeToCandidate
2019-09-20 05:50:07,274 [Thread-3465] INFO  impl.RoleInfo (RoleInfo.java:updateAndGet(143)) - 9b918566-8d2f-4f38-9ce1-65f5cd084216: start LeaderElection
2019-09-20 05:50:07,297 | INFO  | SCMAudit | user=jenkins1000 | ip=192.168.36.79 | op=SEND_HEARTBEAT {datanodeUUID=9b918566-8d2f-4f38-9ce1-65f5cd084216, command=[commandType: closeContainerCommand closeContainerCommandProto { containerID: 5 pipelineID { id: "6a05cb59-e495-4da4-ab97-4b04ec5091ec" } cmdId: 5 force: false } ]} | ret=SUCCESS |  
2019-09-20 05:50:07,498 | INFO  | SCMAudit | user=jenkins1000 | ip=192.168.36.79 | op=SEND_HEARTBEAT {datanodeUUID=9b918566-8d2f-4f38-9ce1-65f5cd084216, command=[]} | ret=SUCCESS |  
2019-09-20 05:50:07,510 [Thread-3471] INFO  impl.FollowerState (FollowerState.java:run(106)) - 9b918566-8d2f-4f38-9ce1-65f5cd084216:group-2451DD07C4FA changes to CANDIDATE, lastRpcTime:5200, electionTimeout:5200ms
2019-09-20 05:50:07,511 [Thread-3471] INFO  impl.RoleInfo (RoleInfo.java:shutdownFollowerState(121)) - 9b918566-8d2f-4f38-9ce1-65f5cd084216: shutdown FollowerState
2019-09-20 05:50:07,511 [Thread-3471] INFO  impl.RaftServerImpl (RaftServerImpl.java:setRole(171)) - 9b918566-8d2f-4f38-9ce1-65f5cd084216:group-2451DD07C4FA changes role from FOLLOWER to CANDIDATE at term 0 for changeToCandidate
2019-09-20 05:50:07,511 [Thread-3471] INFO  impl.RoleInfo (RoleInfo.java:updateAndGet(143)) - 9b918566-8d2f-4f38-9ce1-65f5cd084216: start LeaderElection
2019-09-20 05:50:07,548 [Thread-3478] INFO  impl.FollowerState (FollowerState.java:run(106)) - 9b918566-8d2f-4f38-9ce1-65f5cd084216:group-B4FA85BABDFE changes to CANDIDATE, lastRpcTime:5150, electionTimeout:5150ms
2019-09-20 05:50:07,548 [Thread-3478] INFO  impl.RoleInfo (RoleInfo.java:shutdownFollowerState(121)) - 9b918566-8d2f-4f38-9ce1-65f5cd084216: shutdown FollowerState
2019-09-20 05:50:07,549 [Thread-3478] INFO  impl.RaftServerImpl (RaftServerImpl.java:setRole(171)) - 9b918566-8d2f-4f38-9ce1-65f5cd084216:group-B4FA85BABDFE changes role from FOLLOWER to CANDIDATE at term 0 for changeToCandidate
2019-09-20 05:50:07,549 [Thread-3478] INFO  impl.RoleInfo (RoleInfo.java:updateAndGet(143)) - 9b918566-8d2f-4f38-9ce1-65f5cd084216: start LeaderElection
2019-09-20 05:50:07,562 [Thread-3485] INFO  impl.FollowerState (FollowerState.java:run(106)) - 9b918566-8d2f-4f38-9ce1-65f5cd084216:group-DDEEE97CADE4 changes to CANDIDATE, lastRpcTime:5094, electionTimeout:5094ms
2019-09-20 05:50:07,562 [Thread-3485] INFO  impl.RoleInfo (RoleInfo.java:shutdownFollowerState(121)) - 9b918566-8d2f-4f38-9ce1-65f5cd084216: shutdown FollowerState
2019-09-20 05:50:07,562 [Thread-3485] INFO  impl.RaftServerImpl (RaftServerImpl.java:setRole(171)) - 9b918566-8d2f-4f38-9ce1-65f5cd084216:group-DDEEE97CADE4 changes role from FOLLOWER to CANDIDATE at term 0 for changeToCandidate
2019-09-20 05:50:07,562 [Thread-3485] INFO  impl.RoleInfo (RoleInfo.java:updateAndGet(143)) - 9b918566-8d2f-4f38-9ce1-65f5cd084216: start LeaderElection
2019-09-20 05:50:07,675 [Thread-3494] INFO  impl.FollowerState (FollowerState.java:run(106)) - 9b918566-8d2f-4f38-9ce1-65f5cd084216:group-9E1ECF1EC588 changes to CANDIDATE, lastRpcTime:5061, electionTimeout:5061ms
2019-09-20 05:50:07,675 [Thread-3494] INFO  impl.RoleInfo (RoleInfo.java:shutdownFollowerState(121)) - 9b918566-8d2f-4f38-9ce1-65f5cd084216: shutdown FollowerState
2019-09-20 05:50:07,675 [Thread-3494] INFO  impl.RaftServerImpl (RaftServerImpl.java:setRole(171)) - 9b918566-8d2f-4f38-9ce1-65f5cd084216:group-9E1ECF1EC588 changes role from FOLLOWER to CANDIDATE at term 0 for changeToCandidate
2019-09-20 05:50:07,675 [Thread-3494] INFO  impl.RoleInfo (RoleInfo.java:updateAndGet(143)) - 9b918566-8d2f-4f38-9ce1-65f5cd084216: start LeaderElection
2019-09-20 05:50:07,676 [Thread-3488] INFO  impl.FollowerState (FollowerState.java:run(106)) - 9b918566-8d2f-4f38-9ce1-65f5cd084216:group-42B4861D9533 changes to CANDIDATE, lastRpcTime:5159, electionTimeout:5159ms
2019-09-20 05:50:07,676 [Thread-3488] INFO  impl.RoleInfo (RoleInfo.java:shutdownFollowerState(121)) - 9b918566-8d2f-4f38-9ce1-65f5cd084216: shutdown FollowerState
2019-09-20 05:50:07,676 [Thread-3488] INFO  impl.RaftServerImpl (RaftServerImpl.java:setRole(171)) - 9b918566-8d2f-4f38-9ce1-65f5cd084216:group-42B4861D9533 changes role from FOLLOWER to CANDIDATE at term 0 for changeToCandidate
2019-09-20 05:50:07,676 [Thread-3488] INFO  impl.RoleInfo (RoleInfo.java:updateAndGet(143)) - 9b918566-8d2f-4f38-9ce1-65f5cd084216: start LeaderElection
2019-09-20 05:50:07,698 | INFO  | SCMAudit | user=jenkins1000 | ip=192.168.36.79 | op=SEND_HEARTBEAT {datanodeUUID=9b918566-8d2f-4f38-9ce1-65f5cd084216, command=[]} | ret=SUCCESS |  
2019-09-20 05:50:07,719 [Thread-3500] INFO  impl.FollowerState (FollowerState.java:run(106)) - 9b918566-8d2f-4f38-9ce1-65f5cd084216:group-96622BF2F79B changes to CANDIDATE, lastRpcTime:5021, electionTimeout:5021ms
2019-09-20 05:50:07,719 [Thread-3500] INFO  impl.RoleInfo (RoleInfo.java:shutdownFollowerState(121)) - 9b918566-8d2f-4f38-9ce1-65f5cd084216: shutdown FollowerState
2019-09-20 05:50:07,719 [Thread-3500] INFO  impl.RaftServerImpl (RaftServerImpl.java:setRole(171)) - 9b918566-8d2f-4f38-9ce1-65f5cd084216:group-96622BF2F79B changes role from FOLLOWER to CANDIDATE at term 0 for changeToCandidate
2019-09-20 05:50:07,720 [Thread-3500] INFO  impl.RoleInfo (RoleInfo.java:updateAndGet(143)) - 9b918566-8d2f-4f38-9ce1-65f5cd084216: start LeaderElection
2019-09-20 05:50:07,809 [Thread-3509] INFO  impl.FollowerState (FollowerState.java:run(106)) - 9b918566-8d2f-4f38-9ce1-65f5cd084216:group-A25CACE966D3 changes to CANDIDATE, lastRpcTime:5015, electionTimeout:5015ms
2019-09-20 05:50:07,809 [Thread-3509] INFO  impl.RoleInfo (RoleInfo.java:shutdownFollowerState(121)) - 9b918566-8d2f-4f38-9ce1-65f5cd084216: shutdown FollowerState
2019-09-20 05:50:07,809 [Thread-3509] INFO  impl.RaftServerImpl (RaftServerImpl.java:setRole(171)) - 9b918566-8d2f-4f38-9ce1-65f5cd084216:group-A25CACE966D3 changes role from FOLLOWER to CANDIDATE at term 0 for changeToCandidate
2019-09-20 05:50:07,809 [Thread-3509] INFO  impl.RoleInfo (RoleInfo.java:updateAndGet(143)) - 9b918566-8d2f-4f38-9ce1-65f5cd084216: start LeaderElection
2019-09-20 05:50:07,898 | INFO  | SCMAudit | user=jenkins1000 | ip=192.168.36.79 | op=SEND_HEARTBEAT {datanodeUUID=9b918566-8d2f-4f38-9ce1-65f5cd084216, command=[]} | ret=SUCCESS |  
2019-09-20 05:50:07,954 [pool-57-thread-1] INFO  storage.RaftStorageDirectory (RaftStorageDirectory.java:tryLock(328)) - Lock on /workdir/hadoop-ozone/integration-test/target/test-dir/MiniOzoneClusterImpl-29dd0c8c-da21-41d6-af77-5f0a65600fbb/datanode-0/data/ratis/9cd58e4d-ad99-4de7-b2e4-a0798eca86d6/in_use.lock acquired by nodename 6907@pr-hdds-1569-s8kj2-2266485376
2019-09-20 05:50:07,954 [9b918566-8d2f-4f38-9ce1-65f5cd084216:group-3854AA616451:LeaderElection458] INFO  impl.LeaderElection (LeaderElection.java:askForVotes(181)) - 9b918566-8d2f-4f38-9ce1-65f5cd084216:group-3854AA616451:LeaderElection458: begin an election at term 1 for -1: [9b918566-8d2f-4f38-9ce1-65f5cd084216:192.168.36.79:46843], old=null
2019-09-20 05:50:07,954 [9b918566-8d2f-4f38-9ce1-65f5cd084216:group-6F5157B4CF02:LeaderElection462] INFO  impl.LeaderElection (LeaderElection.java:askForVotes(181)) - 9b918566-8d2f-4f38-9ce1-65f5cd084216:group-6F5157B4CF02:LeaderElection462: begin an election at term 1 for -1: [9b918566-8d2f-4f38-9ce1-65f5cd084216:192.168.36.79:46843], old=null
2019-09-20 05:50:07,954 [9b918566-8d2f-4f38-9ce1-65f5cd084216:group-ED930E40D01E:LeaderElection445] INFO  impl.LeaderElection (LeaderElection.java:askForVotes(181)) - 9b918566-8d2f-4f38-9ce1-65f5cd084216:group-ED930E40D01E:LeaderElection445: begin an election at term 1 for -1: [9b918566-8d2f-4f38-9ce1-65f5cd084216:192.168.36.79:46843], old=null
2019-09-20 05:50:07,954 [9b918566-8d2f-4f38-9ce1-65f5cd084216:group-F7BB2564A246:LeaderElection452] INFO  impl.LeaderElection (LeaderElection.java:askForVotes(181)) - 9b918566-8d2f-4f38-9ce1-65f5cd084216:group-F7BB2564A246:LeaderElection452: begin an election at term 1 for -1: [9b918566-8d2f-4f38-9ce1-65f5cd084216:192.168.36.79:46843], old=null
2019-09-20 05:50:07,954 [9b918566-8d2f-4f38-9ce1-65f5cd084216:group-23D02FF0DE8A:LeaderElection459] INFO  impl.LeaderElection (LeaderElection.java:askForVotes(181)) - 9b918566-8d2f-4f38-9ce1-65f5cd084216:group-23D02FF0DE8A:LeaderElection459: begin an election at term 1 for -1: [9b918566-8d2f-4f38-9ce1-65f5cd084216:192.168.36.79:46843], old=null
2019-09-20 05:50:07,954 [9b918566-8d2f-4f38-9ce1-65f5cd084216:group-24473509D625:LeaderElection461] INFO  impl.LeaderElection (LeaderElection.java:askForVotes(181)) - 9b918566-8d2f-4f38-9ce1-65f5cd084216:group-24473509D625:LeaderElection461: begin an election at term 1 for -1: [9b918566-8d2f-4f38-9ce1-65f5cd084216:192.168.36.79:46843], old=null
2019-09-20 05:50:07,954 [9b918566-8d2f-4f38-9ce1-65f5cd084216:group-43ECE61C6805:LeaderElection442] INFO  impl.LeaderElection (LeaderElection.java:askForVotes(181)) - 9b918566-8d2f-4f38-9ce1-65f5cd084216:group-43ECE61C6805:LeaderElection442: begin an election at term 1 for -1: [9b918566-8d2f-4f38-9ce1-65f5cd084216:192.168.36.79:46843], old=null
2019-09-20 05:50:07,954 [9b918566-8d2f-4f38-9ce1-65f5cd084216:group-1FAB4902EBDA:LeaderElection453] INFO  impl.LeaderElection (LeaderElection.java:askForVotes(181)) - 9b918566-8d2f-4f38-9ce1-65f5cd084216:group-1FAB4902EBDA:LeaderElection453: begin an election at term 1 for -1: [9b918566-8d2f-4f38-9ce1-65f5cd084216:192.168.36.79:46843], old=null
2019-09-20 05:50:07,954 [9b918566-8d2f-4f38-9ce1-65f5cd084216:group-5DBE4C85E5E5:LeaderElection451] INFO  impl.LeaderElection (LeaderElection.java:askForVotes(181)) - 9b918566-8d2f-4f38-9ce1-65f5cd084216:group-5DBE4C85E5E5:LeaderElection451: begin an election at term 1 for -1: [9b918566-8d2f-4f38-9ce1-65f5cd084216:192.168.36.79:46843], old=null
2019-09-20 05:50:07,955 [9b918566-8d2f-4f38-9ce1-65f5cd084216:group-5DBE4C85E5E5:LeaderElection451] INFO  impl.RoleInfo (RoleInfo.java:shutdownLeaderElection(134)) - 9b918566-8d2f-4f38-9ce1-65f5cd084216: shutdown LeaderElection
2019-09-20 05:50:07,954 [9b918566-8d2f-4f38-9ce1-65f5cd084216:group-C677E0E9B046:LeaderElection447] INFO  impl.LeaderElection (LeaderElection.java:askForVotes(181)) - 9b918566-8d2f-4f38-9ce1-65f5cd084216:group-C677E0E9B046:LeaderElection447: begin an election at term 1 for -1: [9b918566-8d2f-4f38-9ce1-65f5cd084216:192.168.36.79:46843], old=null
2019-09-20 05:50:07,956 [9b918566-8d2f-4f38-9ce1-65f5cd084216:group-C677E0E9B046:LeaderElection447] INFO  impl.RoleInfo (RoleInfo.java:shutdownLeaderElection(134)) - 9b918566-8d2f-4f38-9ce1-65f5cd084216: shutdown LeaderElection
2019-09-20 05:50:07,954 [9b918566-8d2f-4f38-9ce1-65f5cd084216:group-FB77BC12EDB3:LeaderElection449] INFO  impl.LeaderElection (LeaderElection.java:askForVotes(181)) - 9b918566-8d2f-4f38-9ce1-65f5cd084216:group-FB77BC12EDB3:LeaderElection449: begin an election at term 1 for -1: [9b918566-8d2f-4f38-9ce1-65f5cd084216:192.168.36.79:46843], old=null
2019-09-20 05:50:07,954 [9b918566-8d2f-4f38-9ce1-65f5cd084216:group-5E0425601D0E:LeaderElection456] INFO  impl.LeaderElection (LeaderElection.java:askForVotes(181)) - 9b918566-8d2f-4f38-9ce1-65f5cd084216:group-5E0425601D0E:LeaderElection456: begin an election at term 1 for -1: [9b918566-8d2f-4f38-9ce1-65f5cd084216:192.168.36.79:46843], old=null
2019-09-20 05:50:07,954 [9b918566-8d2f-4f38-9ce1-65f5cd084216:group-7D0C9681D055:LeaderElection457] INFO  impl.LeaderElection (LeaderElection.java:askForVotes(181)) - 9b918566-8d2f-4f38-9ce1-65f5cd084216:group-7D0C9681D055:LeaderElection457: begin an election at term 1 for -1: [9b918566-8d2f-4f38-9ce1-65f5cd084216:192.168.36.79:46843], old=null
2019-09-20 05:50:07,954 [9b918566-8d2f-4f38-9ce1-65f5cd084216:group-404A532F4CF2:LeaderElection446] INFO  impl.LeaderElection (LeaderElection.java:askForVotes(181)) - 9b918566-8d2f-4f38-9ce1-65f5cd084216:group-404A532F4CF2:LeaderElection446: begin an election at term 1 for -1: [9b918566-8d2f-4f38-9ce1-65f5cd084216:192.168.36.79:46843], old=null
2019-09-20 05:50:07,954 [9b918566-8d2f-4f38-9ce1-65f5cd084216:group-641E6D60B548:LeaderElection444] INFO  impl.LeaderElection (LeaderElection.java:askForVotes(181)) - 9b918566-8d2f-4f38-9ce1-65f5cd084216:group-641E6D60B548:LeaderElection444: begin an election at term 1 for -1: [9b918566-8d2f-4f38-9ce1-65f5cd084216:192.168.36.79:46843], old=null
2019-09-20 05:50:07,954 [9b918566-8d2f-4f38-9ce1-65f5cd084216:group-DA618FA1B8B2:LeaderElection460] INFO  impl.LeaderElection (LeaderElection.java:askForVotes(181)) - 9b918566-8d2f-4f38-9ce1-65f5cd084216:group-DA618FA1B8B2:LeaderElection460: begin an election at term 1 for -1: [9b918566-8d2f-4f38-9ce1-65f5cd084216:192.168.36.79:46843], old=null
2019-09-20 05:50:07,956 [9b918566-8d2f-4f38-9ce1-65f5cd084216:group-641E6D60B548:LeaderElection444] INFO  impl.RoleInfo (RoleInfo.java:shutdownLeaderElection(134)) - 9b918566-8d2f-4f38-9ce1-65f5cd084216: shutdown LeaderElection
2019-09-20 05:50:07,956 [9b918566-8d2f-4f38-9ce1-65f5cd084216:group-404A532F4CF2:LeaderElection446] INFO  impl.RoleInfo (RoleInfo.java:shutdownLeaderElection(134)) - 9b918566-8d2f-4f38-9ce1-65f5cd084216: shutdown LeaderElection
2019-09-20 05:50:07,957 [9b918566-8d2f-4f38-9ce1-65f5cd084216:group-404A532F4CF2:LeaderElection446] INFO  impl.RaftServerImpl (RaftServerImpl.java:setRole(171)) - 9b918566-8d2f-4f38-9ce1-65f5cd084216:group-404A532F4CF2 changes role from CANDIDATE to LEADER at term 1 for changeToLeader
2019-09-20 05:50:07,956 [9b918566-8d2f-4f38-9ce1-65f5cd084216:group-7D0C9681D055:LeaderElection457] INFO  impl.RoleInfo (RoleInfo.java:shutdownLeaderElection(134)) - 9b918566-8d2f-4f38-9ce1-65f5cd084216: shutdown LeaderElection
2019-09-20 05:50:07,956 [9b918566-8d2f-4f38-9ce1-65f5cd084216:group-5E0425601D0E:LeaderElection456] INFO  impl.RoleInfo (RoleInfo.java:shutdownLeaderElection(134)) - 9b918566-8d2f-4f38-9ce1-65f5cd084216: shutdown LeaderElection
2019-09-20 05:50:07,957 [9b918566-8d2f-4f38-9ce1-65f5cd084216:group-5E0425601D0E:LeaderElection456] INFO  impl.RaftServerImpl (RaftServerImpl.java:setRole(171)) - 9b918566-8d2f-4f38-9ce1-65f5cd084216:group-5E0425601D0E changes role from CANDIDATE to LEADER at term 1 for changeToLeader
2019-09-20 05:50:07,956 [9b918566-8d2f-4f38-9ce1-65f5cd084216:group-FB77BC12EDB3:LeaderElection449] INFO  impl.RoleInfo (RoleInfo.java:shutdownLeaderElection(134)) - 9b918566-8d2f-4f38-9ce1-65f5cd084216: shutdown LeaderElection
2019-09-20 05:50:07,957 [9b918566-8d2f-4f38-9ce1-65f5cd084216:group-FB77BC12EDB3:LeaderElection449] INFO  impl.RaftServerImpl (RaftServerImpl.java:setRole(171)) - 9b918566-8d2f-4f38-9ce1-65f5cd084216:group-FB77BC12EDB3 changes role from CANDIDATE to LEADER at term 1 for changeToLeader
2019-09-20 05:50:07,956 [9b918566-8d2f-4f38-9ce1-65f5cd084216:group-C677E0E9B046:LeaderElection447] INFO  impl.RaftServerImpl (RaftServerImpl.java:setRole(171)) - 9b918566-8d2f-4f38-9ce1-65f5cd084216:group-C677E0E9B046 changes role from CANDIDATE to LEADER at term 1 for changeToLeader
2019-09-20 05:50:07,955 [9b918566-8d2f-4f38-9ce1-65f5cd084216:group-5DBE4C85E5E5:LeaderElection451] INFO  impl.RaftServerImpl (RaftServerImpl.java:setRole(171)) - 9b918566-8d2f-4f38-9ce1-65f5cd084216:group-5DBE4C85E5E5 changes role from CANDIDATE to LEADER at term 1 for changeToLeader
2019-09-20 05:50:07,958 [9b918566-8d2f-4f38-9ce1-65f5cd084216:group-5DBE4C85E5E5:LeaderElection451] INFO  impl.RaftServerImpl (ServerState.java:setLeader(263)) - 9b918566-8d2f-4f38-9ce1-65f5cd084216:group-5DBE4C85E5E5 change Leader from null to 9b918566-8d2f-4f38-9ce1-65f5cd084216 at term 1 for becomeLeader, leader elected after 8207ms
2019-09-20 05:50:07,955 [9b918566-8d2f-4f38-9ce1-65f5cd084216:group-1FAB4902EBDA:LeaderElection453] INFO  impl.RoleInfo (RoleInfo.java:shutdownLeaderElection(134)) - 9b918566-8d2f-4f38-9ce1-65f5cd084216: shutdown LeaderElection
2019-09-20 05:50:07,955 [9b918566-8d2f-4f38-9ce1-65f5cd084216:group-43ECE61C6805:LeaderElection442] INFO  impl.RoleInfo (RoleInfo.java:shutdownLeaderElection(134)) - 9b918566-8d2f-4f38-9ce1-65f5cd084216: shutdown LeaderElection
2019-09-20 05:50:07,958 [9b918566-8d2f-4f38-9ce1-65f5cd084216:group-43ECE61C6805:LeaderElection442] INFO  impl.RaftServerImpl (RaftServerImpl.java:setRole(171)) - 9b918566-8d2f-4f38-9ce1-65f5cd084216:group-43ECE61C6805 changes role from CANDIDATE to LEADER at term 1 for changeToLeader
2019-09-20 05:50:07,955 [9b918566-8d2f-4f38-9ce1-65f5cd084216:group-24473509D625:LeaderElection461] INFO  impl.RoleInfo (RoleInfo.java:shutdownLeaderElection(134)) - 9b918566-8d2f-4f38-9ce1-65f5cd084216: shutdown LeaderElection
2019-09-20 05:50:07,958 [9b918566-8d2f-4f38-9ce1-65f5cd084216:group-24473509D625:LeaderElection461] INFO  impl.RaftServerImpl (RaftServerImpl.java:setRole(171)) - 9b918566-8d2f-4f38-9ce1-65f5cd084216:group-24473509D625 changes role from CANDIDATE to LEADER at term 1 for changeToLeader
2019-09-20 05:50:07,958 [9b918566-8d2f-4f38-9ce1-65f5cd084216:group-24473509D625:LeaderElection461] INFO  impl.RaftServerImpl (ServerState.java:setLeader(263)) - 9b918566-8d2f-4f38-9ce1-65f5cd084216:group-24473509D625 change Leader from null to 9b918566-8d2f-4f38-9ce1-65f5cd084216 at term 1 for becomeLeader, leader elected after 12560ms
2019-09-20 05:50:07,955 [9b918566-8d2f-4f38-9ce1-65f5cd084216:group-23D02FF0DE8A:LeaderElection459] INFO  impl.RoleInfo (RoleInfo.java:shutdownLeaderElection(134)) - 9b918566-8d2f-4f38-9ce1-65f5cd084216: shutdown LeaderElection
2019-09-20 05:50:07,958 [9b918566-8d2f-4f38-9ce1-65f5cd084216:group-23D02FF0DE8A:LeaderElection459] INFO  impl.RaftServerImpl (RaftServerImpl.java:setRole(171)) - 9b918566-8d2f-4f38-9ce1-65f5cd084216:group-23D02FF0DE8A changes role from CANDIDATE to LEADER at term 1 for changeToLeader
2019-09-20 05:50:07,955 [9b918566-8d2f-4f38-9ce1-65f5cd084216:group-F7BB2564A246:LeaderElection452] INFO  impl.RoleInfo (RoleInfo.java:shutdownLeaderElection(134)) - 9b918566-8d2f-4f38-9ce1-65f5cd084216: shutdown LeaderElection
2019-09-20 05:50:07,955 [9b918566-8d2f-4f38-9ce1-65f5cd084216:group-ED930E40D01E:LeaderElection445] INFO  impl.RoleInfo (RoleInfo.java:shutdownLeaderElection(134)) - 9b918566-8d2f-4f38-9ce1-65f5cd084216: shutdown LeaderElection
2019-09-20 05:50:07,959 [9b918566-8d2f-4f38-9ce1-65f5cd084216:group-ED930E40D01E:LeaderElection445] INFO  impl.RaftServerImpl (RaftServerImpl.java:setRole(171)) - 9b918566-8d2f-4f38-9ce1-65f5cd084216:group-ED930E40D01E changes role from CANDIDATE to LEADER at term 1 for changeToLeader
2019-09-20 05:50:07,954 [9b918566-8d2f-4f38-9ce1-65f5cd084216:group-BF2ECB3FAE12:LeaderElection448] INFO  impl.LeaderElection (LeaderElection.java:askForVotes(181)) - 9b918566-8d2f-4f38-9ce1-65f5cd084216:group-BF2ECB3FAE12:LeaderElection448: begin an election at term 1 for -1: [9b918566-8d2f-4f38-9ce1-65f5cd084216:192.168.36.79:46843], old=null
2019-09-20 05:50:07,959 [9b918566-8d2f-4f38-9ce1-65f5cd084216:group-BF2ECB3FAE12:LeaderElection448] INFO  impl.RoleInfo (RoleInfo.java:shutdownLeaderElection(134)) - 9b918566-8d2f-4f38-9ce1-65f5cd084216: shutdown LeaderElection
2019-09-20 05:50:07,954 [9b918566-8d2f-4f38-9ce1-65f5cd084216:group-6F5157B4CF02:LeaderElection462] INFO  impl.RoleInfo (RoleInfo.java:shutdownLeaderElection(134)) - 9b918566-8d2f-4f38-9ce1-65f5cd084216: shutdown LeaderElection
2019-09-20 05:50:07,954 [9b918566-8d2f-4f38-9ce1-65f5cd084216:group-1C95247679E6:LeaderElection450] INFO  impl.LeaderElection (LeaderElection.java:askForVotes(181)) - 9b918566-8d2f-4f38-9ce1-65f5cd084216:group-1C95247679E6:LeaderElection450: begin an election at term 1 for -1: [9b918566-8d2f-4f38-9ce1-65f5cd084216:192.168.36.79:46843], old=null
2019-09-20 05:50:07,954 [9b918566-8d2f-4f38-9ce1-65f5cd084216:group-2122D3B7D5AD:LeaderElection443] INFO  impl.LeaderElection (LeaderElection.java:askForVotes(181)) - 9b918566-8d2f-4f38-9ce1-65f5cd084216:group-2122D3B7D5AD:LeaderElection443: begin an election at term 1 for -1: [9b918566-8d2f-4f38-9ce1-65f5cd084216:192.168.36.79:46843], old=null
2019-09-20 05:50:07,954 [9b918566-8d2f-4f38-9ce1-65f5cd084216:group-93887C2F4E7A:LeaderElection455] INFO  impl.LeaderElection (LeaderElection.java:askForVotes(181)) - 9b918566-8d2f-4f38-9ce1-65f5cd084216:group-93887C2F4E7A:LeaderElection455: begin an election at term 1 for -1: [9b918566-8d2f-4f38-9ce1-65f5cd084216:192.168.36.79:46843], old=null
2019-09-20 05:50:07,954 [9b918566-8d2f-4f38-9ce1-65f5cd084216:group-8766366C6DFB:LeaderElection454] INFO  impl.LeaderElection (LeaderElection.java:askForVotes(181)) - 9b918566-8d2f-4f38-9ce1-65f5cd084216:group-8766366C6DFB:LeaderElection454: begin an election at term 1 for -1: [9b918566-8d2f-4f38-9ce1-65f5cd084216:192.168.36.79:46843], old=null
2019-09-20 05:50:07,954 [9b918566-8d2f-4f38-9ce1-65f5cd084216:group-3854AA616451:LeaderElection458] INFO  impl.RoleInfo (RoleInfo.java:shutdownLeaderElection(134)) - 9b918566-8d2f-4f38-9ce1-65f5cd084216: shutdown LeaderElection
2019-09-20 05:50:07,960 [9b918566-8d2f-4f38-9ce1-65f5cd084216:group-3854AA616451:LeaderElection458] INFO  impl.RaftServerImpl (RaftServerImpl.java:setRole(171)) - 9b918566-8d2f-4f38-9ce1-65f5cd084216:group-3854AA616451 changes role from CANDIDATE to LEADER at term 1 for changeToLeader
2019-09-20 05:50:07,960 [9b918566-8d2f-4f38-9ce1-65f5cd084216:group-3854AA616451:LeaderElection458] INFO  impl.RaftServerImpl (ServerState.java:setLeader(263)) - 9b918566-8d2f-4f38-9ce1-65f5cd084216:group-3854AA616451 change Leader from null to 9b918566-8d2f-4f38-9ce1-65f5cd084216 at term 1 for becomeLeader, leader elected after 12489ms
2019-09-20 05:50:07,960 [9b918566-8d2f-4f38-9ce1-65f5cd084216:group-8766366C6DFB:LeaderElection454] INFO  impl.RoleInfo (RoleInfo.java:shutdownLeaderElection(134)) - 9b918566-8d2f-4f38-9ce1-65f5cd084216: shutdown LeaderElection
2019-09-20 05:50:07,960 [9b918566-8d2f-4f38-9ce1-65f5cd084216:group-8766366C6DFB:LeaderElection454] INFO  impl.RaftServerImpl (RaftServerImpl.java:setRole(171)) - 9b918566-8d2f-4f38-9ce1-65f5cd084216:group-8766366C6DFB changes role from CANDIDATE to LEADER at term 1 for changeToLeader
2019-09-20 05:50:07,960 [9b918566-8d2f-4f38-9ce1-65f5cd084216:group-93887C2F4E7A:LeaderElection455] INFO  impl.RoleInfo (RoleInfo.java:shutdownLeaderElection(134)) - 9b918566-8d2f-4f38-9ce1-65f5cd084216: shutdown LeaderElection
2019-09-20 05:50:07,959 [9b918566-8d2f-4f38-9ce1-65f5cd084216:group-2122D3B7D5AD:LeaderElection443] INFO  impl.RoleInfo (RoleInfo.java:shutdownLeaderElection(134)) - 9b918566-8d2f-4f38-9ce1-65f5cd084216: shutdown LeaderElection
2019-09-20 05:50:07,960 [9b918566-8d2f-4f38-9ce1-65f5cd084216:group-2122D3B7D5AD:LeaderElection443] INFO  impl.RaftServerImpl (RaftServerImpl.java:setRole(171)) - 9b918566-8d2f-4f38-9ce1-65f5cd084216:group-2122D3B7D5AD changes role from CANDIDATE to LEADER at term 1 for changeToLeader
2019-09-20 05:50:07,959 [9b918566-8d2f-4f38-9ce1-65f5cd084216:group-1C95247679E6:LeaderElection450] INFO  impl.RoleInfo (RoleInfo.java:shutdownLeaderElection(134)) - 9b918566-8d2f-4f38-9ce1-65f5cd084216: shutdown LeaderElection
2019-09-20 05:50:07,961 [9b918566-8d2f-4f38-9ce1-65f5cd084216:group-1C95247679E6:LeaderElection450] INFO  impl.RaftServerImpl (RaftServerImpl.java:setRole(171)) - 9b918566-8d2f-4f38-9ce1-65f5cd084216:group-1C95247679E6 changes role from CANDIDATE to LEADER at term 1 for changeToLeader
2019-09-20 05:50:07,959 [9b918566-8d2f-4f38-9ce1-65f5cd084216:group-6F5157B4CF02:LeaderElection462] INFO  impl.RaftServerImpl (RaftServerImpl.java:setRole(171)) - 9b918566-8d2f-4f38-9ce1-65f5cd084216:group-6F5157B4CF02 changes role from CANDIDATE to LEADER at term 1 for changeToLeader
2019-09-20 05:50:07,961 [9b918566-8d2f-4f38-9ce1-65f5cd084216:group-6F5157B4CF02:LeaderElection462] INFO  impl.RaftServerImpl (ServerState.java:setLeader(263)) - 9b918566-8d2f-4f38-9ce1-65f5cd084216:group-6F5157B4CF02 change Leader from null to 9b918566-8d2f-4f38-9ce1-65f5cd084216 at term 1 for becomeLeader, leader elected after 12694ms
2019-09-20 05:50:07,959 [9b918566-8d2f-4f38-9ce1-65f5cd084216:group-BF2ECB3FAE12:LeaderElection448] INFO  impl.RaftServerImpl (RaftServerImpl.java:setRole(171)) - 9b918566-8d2f-4f38-9ce1-65f5cd084216:group-BF2ECB3FAE12 changes role from CANDIDATE to LEADER at term 1 for changeToLeader
2019-09-20 05:50:07,959 [9b918566-8d2f-4f38-9ce1-65f5cd084216:group-ED930E40D01E:LeaderElection445] INFO  impl.RaftServerImpl (ServerState.java:setLeader(263)) - 9b918566-8d2f-4f38-9ce1-65f5cd084216:group-ED930E40D01E change Leader from null to 9b918566-8d2f-4f38-9ce1-65f5cd084216 at term 1 for becomeLeader, leader elected after 8650ms
2019-09-20 05:50:07,959 [9b918566-8d2f-4f38-9ce1-65f5cd084216:group-F7BB2564A246:LeaderElection452] INFO  impl.RaftServerImpl (RaftServerImpl.java:setRole(171)) - 9b918566-8d2f-4f38-9ce1-65f5cd084216:group-F7BB2564A246 changes role from CANDIDATE to LEADER at term 1 for changeToLeader
2019-09-20 05:50:07,961 [9b918566-8d2f-4f38-9ce1-65f5cd084216:group-F7BB2564A246:LeaderElection452] INFO  impl.RaftServerImpl (ServerState.java:setLeader(263)) - 9b918566-8d2f-4f38-9ce1-65f5cd084216:group-F7BB2564A246 change Leader from null to 9b918566-8d2f-4f38-9ce1-65f5cd084216 at term 1 for becomeLeader, leader elected after 8150ms
2019-09-20 05:50:07,958 [9b918566-8d2f-4f38-9ce1-65f5cd084216:group-23D02FF0DE8A:LeaderElection459] INFO  impl.RaftServerImpl (ServerState.java:setLeader(263)) - 9b918566-8d2f-4f38-9ce1-65f5cd084216:group-23D02FF0DE8A change Leader from null to 9b918566-8d2f-4f38-9ce1-65f5cd084216 at term 1 for becomeLeader, leader elected after 12620ms
2019-09-20 05:50:07,962 [9b918566-8d2f-4f38-9ce1-65f5cd084216:group-23D02FF0DE8A:LeaderElection459] INFO  server.RaftServerConfigKeys (ConfUtils.java:logGet(43)) - raft.server.staging.catchup.gap = 1000 (default)
2019-09-20 05:50:07,958 [9b918566-8d2f-4f38-9ce1-65f5cd084216:group-24473509D625:LeaderElection461] INFO  server.RaftServerConfigKeys (ConfUtils.java:logGet(43)) - raft.server.staging.catchup.gap = 1000 (default)
2019-09-20 05:50:07,958 [9b918566-8d2f-4f38-9ce1-65f5cd084216:group-43ECE61C6805:LeaderElection442] INFO  impl.RaftServerImpl (ServerState.java:setLeader(263)) - 9b918566-8d2f-4f38-9ce1-65f5cd084216:group-43ECE61C6805 change Leader from null to 9b918566-8d2f-4f38-9ce1-65f5cd084216 at term 1 for becomeLeader, leader elected after 8825ms
2019-09-20 05:50:07,958 [9b918566-8d2f-4f38-9ce1-65f5cd084216:group-1FAB4902EBDA:LeaderElection453] INFO  impl.RaftServerImpl (RaftServerImpl.java:setRole(171)) - 9b918566-8d2f-4f38-9ce1-65f5cd084216:group-1FAB4902EBDA changes role from CANDIDATE to LEADER at term 1 for changeToLeader
2019-09-20 05:50:07,962 [9b918566-8d2f-4f38-9ce1-65f5cd084216:group-1FAB4902EBDA:LeaderElection453] INFO  impl.RaftServerImpl (ServerState.java:setLeader(263)) - 9b918566-8d2f-4f38-9ce1-65f5cd084216:group-1FAB4902EBDA change Leader from null to 9b918566-8d2f-4f38-9ce1-65f5cd084216 at term 1 for becomeLeader, leader elected after 8091ms
2019-09-20 05:50:07,958 [9b918566-8d2f-4f38-9ce1-65f5cd084216:group-5DBE4C85E5E5:LeaderElection451] INFO  server.RaftServerConfigKeys (ConfUtils.java:logGet(43)) - raft.server.staging.catchup.gap = 1000 (default)
2019-09-20 05:50:07,963 [9b918566-8d2f-4f38-9ce1-65f5cd084216:group-5DBE4C85E5E5:LeaderElection451] INFO  server.RaftServerConfigKeys (ConfUtils.java:logGet(43)) - raft.server.rpc.sleep.time = 25ms (default)
2019-09-20 05:50:07,957 [9b918566-8d2f-4f38-9ce1-65f5cd084216:group-C677E0E9B046:LeaderElection447] INFO  impl.RaftServerImpl (ServerState.java:setLeader(263)) - 9b918566-8d2f-4f38-9ce1-65f5cd084216:group-C677E0E9B046 change Leader from null to 9b918566-8d2f-4f38-9ce1-65f5cd084216 at term 1 for becomeLeader, leader elected after 8419ms
2019-09-20 05:50:07,957 [9b918566-8d2f-4f38-9ce1-65f5cd084216:group-FB77BC12EDB3:LeaderElection449] INFO  impl.RaftServerImpl (ServerState.java:setLeader(263)) - 9b918566-8d2f-4f38-9ce1-65f5cd084216:group-FB77BC12EDB3 change Leader from null to 9b918566-8d2f-4f38-9ce1-65f5cd084216 at term 1 for becomeLeader, leader elected after 8277ms
2019-09-20 05:50:07,957 [9b918566-8d2f-4f38-9ce1-65f5cd084216:group-5E0425601D0E:LeaderElection456] INFO  impl.RaftServerImpl (ServerState.java:setLeader(263)) - 9b918566-8d2f-4f38-9ce1-65f5cd084216:group-5E0425601D0E change Leader from null to 9b918566-8d2f-4f38-9ce1-65f5cd084216 at term 1 for becomeLeader, leader elected after 7847ms
2019-09-20 05:50:07,957 [9b918566-8d2f-4f38-9ce1-65f5cd084216:group-7D0C9681D055:LeaderElection457] INFO  impl.RaftServerImpl (RaftServerImpl.java:setRole(171)) - 9b918566-8d2f-4f38-9ce1-65f5cd084216:group-7D0C9681D055 changes role from CANDIDATE to LEADER at term 1 for changeToLeader
2019-09-20 05:50:07,957 [9b918566-8d2f-4f38-9ce1-65f5cd084216:group-404A532F4CF2:LeaderElection446] INFO  impl.RaftServerImpl (ServerState.java:setLeader(263)) - 9b918566-8d2f-4f38-9ce1-65f5cd084216:group-404A532F4CF2 change Leader from null to 9b918566-8d2f-4f38-9ce1-65f5cd084216 at term 1 for becomeLeader, leader elected after 8597ms
2019-09-20 05:50:07,957 [9b918566-8d2f-4f38-9ce1-65f5cd084216:group-641E6D60B548:LeaderElection444] INFO  impl.RaftServerImpl (RaftServerImpl.java:setRole(171)) - 9b918566-8d2f-4f38-9ce1-65f5cd084216:group-641E6D60B548 changes role from CANDIDATE to LEADER at term 1 for changeToLeader
2019-09-20 05:50:07,963 [9b918566-8d2f-4f38-9ce1-65f5cd084216:group-641E6D60B548:LeaderElection444] INFO  impl.RaftServerImpl (ServerState.java:setLeader(263)) - 9b918566-8d2f-4f38-9ce1-65f5cd084216:group-641E6D60B548 change Leader from null to 9b918566-8d2f-4f38-9ce1-65f5cd084216 at term 1 for becomeLeader, leader elected after 8698ms
2019-09-20 05:50:07,956 [9b918566-8d2f-4f38-9ce1-65f5cd084216:group-DA618FA1B8B2:LeaderElection460] INFO  impl.RoleInfo (RoleInfo.java:shutdownLeaderElection(134)) - 9b918566-8d2f-4f38-9ce1-65f5cd084216: shutdown LeaderElection
2019-09-20 05:50:07,963 [9b918566-8d2f-4f38-9ce1-65f5cd084216:group-641E6D60B548:LeaderElection444] INFO  server.RaftServerConfigKeys (ConfUtils.java:logGet(43)) - raft.server.staging.catchup.gap = 1000 (default)
2019-09-20 05:50:07,963 [9b918566-8d2f-4f38-9ce1-65f5cd084216:group-404A532F4CF2:LeaderElection446] INFO  server.RaftServerConfigKeys (ConfUtils.java:logGet(43)) - raft.server.staging.catchup.gap = 1000 (default)
2019-09-20 05:50:07,964 [9b918566-8d2f-4f38-9ce1-65f5cd084216:group-404A532F4CF2:LeaderElection446] INFO  server.RaftServerConfigKeys (ConfUtils.java:logGet(43)) - raft.server.rpc.sleep.time = 25ms (default)
2019-09-20 05:50:07,963 [9b918566-8d2f-4f38-9ce1-65f5cd084216:group-7D0C9681D055:LeaderElection457] INFO  impl.RaftServerImpl (ServerState.java:setLeader(263)) - 9b918566-8d2f-4f38-9ce1-65f5cd084216:group-7D0C9681D055 change Leader from null to 9b918566-8d2f-4f38-9ce1-65f5cd084216 at term 1 for becomeLeader, leader elected after 7752ms
2019-09-20 05:50:07,963 [9b918566-8d2f-4f38-9ce1-65f5cd084216:group-5E0425601D0E:LeaderElection456] INFO  server.RaftServerConfigKeys (ConfUtils.java:logGet(43)) - raft.server.staging.catchup.gap = 1000 (default)
2019-09-20 05:50:07,964 [9b918566-8d2f-4f38-9ce1-65f5cd084216:group-5E0425601D0E:LeaderElection456] INFO  server.RaftServerConfigKeys (ConfUtils.java:logGet(43)) - raft.server.rpc.sleep.time = 25ms (default)
2019-09-20 05:50:07,963 [9b918566-8d2f-4f38-9ce1-65f5cd084216:group-FB77BC12EDB3:LeaderElection449] INFO  server.RaftServerConfigKeys (ConfUtils.java:logGet(43)) - raft.server.staging.catchup.gap = 1000 (default)
2019-09-20 05:50:07,965 [9b918566-8d2f-4f38-9ce1-65f5cd084216:group-FB77BC12EDB3:LeaderElection449] INFO  server.RaftServerConfigKeys (ConfUtils.java:logGet(43)) - raft.server.rpc.sleep.time = 25ms (default)
2019-09-20 05:50:07,963 [9b918566-8d2f-4f38-9ce1-65f5cd084216:group-C677E0E9B046:LeaderElection447] INFO  server.RaftServerConfigKeys (ConfUtils.java:logGet(43)) - raft.server.staging.catchup.gap = 1000 (default)
2019-09-20 05:50:07,965 [9b918566-8d2f-4f38-9ce1-65f5cd084216:group-C677E0E9B046:LeaderElection447] INFO  server.RaftServerConfigKeys (ConfUtils.java:logGet(43)) - raft.server.rpc.sleep.time = 25ms (default)
2019-09-20 05:50:07,963 [9b918566-8d2f-4f38-9ce1-65f5cd084216:group-5DBE4C85E5E5:LeaderElection451] INFO  server.RaftServerConfigKeys (ConfUtils.java:logGet(43)) - raft.server.write.element-limit = 4096 (default)
2019-09-20 05:50:07,962 [9b918566-8d2f-4f38-9ce1-65f5cd084216:group-1FAB4902EBDA:LeaderElection453] INFO  server.RaftServerConfigKeys (ConfUtils.java:logGet(43)) - raft.server.staging.catchup.gap = 1000 (default)
2019-09-20 05:50:07,962 [9b918566-8d2f-4f38-9ce1-65f5cd084216:group-43ECE61C6805:LeaderElection442] INFO  server.RaftServerConfigKeys (ConfUtils.java:logGet(43)) - raft.server.staging.catchup.gap = 1000 (default)
2019-09-20 05:50:07,962 [9b918566-8d2f-4f38-9ce1-65f5cd084216:group-24473509D625:LeaderElection461] INFO  server.RaftServerConfigKeys (ConfUtils.java:logGet(43)) - raft.server.rpc.sleep.time = 25ms (default)
2019-09-20 05:50:07,962 [9b918566-8d2f-4f38-9ce1-65f5cd084216:group-23D02FF0DE8A:LeaderElection459] INFO  server.RaftServerConfigKeys (ConfUtils.java:logGet(43)) - raft.server.rpc.sleep.time = 25ms (default)
2019-09-20 05:50:07,966 [9b918566-8d2f-4f38-9ce1-65f5cd084216:group-23D02FF0DE8A:LeaderElection459] INFO  server.RaftServerConfigKeys (ConfUtils.java:logGet(43)) - raft.server.write.element-limit = 4096 (default)
2019-09-20 05:50:07,962 [9b918566-8d2f-4f38-9ce1-65f5cd084216:group-F7BB2564A246:LeaderElection452] INFO  server.RaftServerConfigKeys (ConfUtils.java:logGet(43)) - raft.server.staging.catchup.gap = 1000 (default)
2019-09-20 05:50:07,961 [9b918566-8d2f-4f38-9ce1-65f5cd084216:group-ED930E40D01E:LeaderElection445] INFO  server.RaftServerConfigKeys (ConfUtils.java:logGet(43)) - raft.server.staging.catchup.gap = 1000 (default)
2019-09-20 05:50:07,966 [9b918566-8d2f-4f38-9ce1-65f5cd084216:group-ED930E40D01E:LeaderElection445] INFO  server.RaftServerConfigKeys (ConfUtils.java:logGet(43)) - raft.server.rpc.sleep.time = 25ms (default)
2019-09-20 05:50:07,961 [9b918566-8d2f-4f38-9ce1-65f5cd084216:group-BF2ECB3FAE12:LeaderElection448] INFO  impl.RaftServerImpl (ServerState.java:setLeader(263)) - 9b918566-8d2f-4f38-9ce1-65f5cd084216:group-BF2ECB3FAE12 change Leader from null to 9b918566-8d2f-4f38-9ce1-65f5cd084216 at term 1 for becomeLeader, leader elected after 8510ms
2019-09-20 05:50:07,966 [9b918566-8d2f-4f38-9ce1-65f5cd084216:group-BF2ECB3FAE12:LeaderElection448] INFO  server.RaftServerConfigKeys (ConfUtils.java:logGet(43)) - raft.server.staging.catchup.gap = 1000 (default)
2019-09-20 05:50:07,961 [9b918566-8d2f-4f38-9ce1-65f5cd084216:group-6F5157B4CF02:LeaderElection462] INFO  server.RaftServerConfigKeys (ConfUtils.java:logGet(43)) - raft.server.staging.catchup.gap = 1000 (default)
2019-09-20 05:50:07,967 [9b918566-8d2f-4f38-9ce1-65f5cd084216:group-6F5157B4CF02:LeaderElection462] INFO  server.RaftServerConfigKeys (ConfUtils.java:logGet(43)) - raft.server.rpc.sleep.time = 25ms (default)
2019-09-20 05:50:07,961 [9b918566-8d2f-4f38-9ce1-65f5cd084216:group-1C95247679E6:LeaderElection450] INFO  impl.RaftServerImpl (ServerState.java:setLeader(263)) - 9b918566-8d2f-4f38-9ce1-65f5cd084216:group-1C95247679E6 change Leader from null to 9b918566-8d2f-4f38-9ce1-65f5cd084216 at term 1 for becomeLeader, leader elected after 8351ms
2019-09-20 05:50:07,961 [9b918566-8d2f-4f38-9ce1-65f5cd084216:group-2122D3B7D5AD:LeaderElection443] INFO  impl.RaftServerImpl (ServerState.java:setLeader(263)) - 9b918566-8d2f-4f38-9ce1-65f5cd084216:group-2122D3B7D5AD change Leader from null to 9b918566-8d2f-4f38-9ce1-65f5cd084216 at term 1 for becomeLeader, leader elected after 8754ms
2019-09-20 05:50:07,960 [9b918566-8d2f-4f38-9ce1-65f5cd084216:group-93887C2F4E7A:LeaderElection455] INFO  impl.RaftServerImpl (RaftServerImpl.java:setRole(171)) - 9b918566-8d2f-4f38-9ce1-65f5cd084216:group-93887C2F4E7A changes role from CANDIDATE to LEADER at term 1 for changeToLeader
2019-09-20 05:50:07,967 [9b918566-8d2f-4f38-9ce1-65f5cd084216:group-93887C2F4E7A:LeaderElection455] INFO  impl.RaftServerImpl (ServerState.java:setLeader(263)) - 9b918566-8d2f-4f38-9ce1-65f5cd084216:group-93887C2F4E7A change Leader from null to 9b918566-8d2f-4f38-9ce1-65f5cd084216 at term 1 for becomeLeader, leader elected after 7924ms
2019-09-20 05:50:07,960 [9b918566-8d2f-4f38-9ce1-65f5cd084216:group-8766366C6DFB:LeaderElection454] INFO  impl.RaftServerImpl (ServerState.java:setLeader(263)) - 9b918566-8d2f-4f38-9ce1-65f5cd084216:group-8766366C6DFB change Leader from null to 9b918566-8d2f-4f38-9ce1-65f5cd084216 at term 1 for becomeLeader, leader elected after 7993ms
2019-09-20 05:50:07,960 [9b918566-8d2f-4f38-9ce1-65f5cd084216:group-3854AA616451:LeaderElection458] INFO  server.RaftServerConfigKeys (ConfUtils.java:logGet(43)) - raft.server.staging.catchup.gap = 1000 (default)
2019-09-20 05:50:07,967 [9b918566-8d2f-4f38-9ce1-65f5cd084216:group-8766366C6DFB:LeaderElection454] INFO  server.RaftServerConfigKeys (ConfUtils.java:logGet(43)) - raft.server.staging.catchup.gap = 1000 (default)
2019-09-20 05:50:07,968 [9b918566-8d2f-4f38-9ce1-65f5cd084216:group-8766366C6DFB:LeaderElection454] INFO  server.RaftServerConfigKeys (ConfUtils.java:logGet(43)) - raft.server.rpc.sleep.time = 25ms (default)
2019-09-20 05:50:07,967 [9b918566-8d2f-4f38-9ce1-65f5cd084216:group-93887C2F4E7A:LeaderElection455] INFO  server.RaftServerConfigKeys (ConfUtils.java:logGet(43)) - raft.server.staging.catchup.gap = 1000 (default)
2019-09-20 05:50:07,967 [9b918566-8d2f-4f38-9ce1-65f5cd084216:group-2122D3B7D5AD:LeaderElection443] INFO  server.RaftServerConfigKeys (ConfUtils.java:logGet(43)) - raft.server.staging.catchup.gap = 1000 (default)
2019-09-20 05:50:07,968 [9b918566-8d2f-4f38-9ce1-65f5cd084216:group-2122D3B7D5AD:LeaderElection443] INFO  server.RaftServerConfigKeys (ConfUtils.java:logGet(43)) - raft.server.rpc.sleep.time = 25ms (default)
2019-09-20 05:50:07,967 [9b918566-8d2f-4f38-9ce1-65f5cd084216:group-1C95247679E6:LeaderElection450] INFO  server.RaftServerConfigKeys (ConfUtils.java:logGet(43)) - raft.server.staging.catchup.gap = 1000 (default)
2019-09-20 05:50:07,967 [9b918566-8d2f-4f38-9ce1-65f5cd084216:group-6F5157B4CF02:LeaderElection462] INFO  server.RaftServerConfigKeys (ConfUtils.java:logGet(43)) - raft.server.write.element-limit = 4096 (default)
2019-09-20 05:50:07,966 [9b918566-8d2f-4f38-9ce1-65f5cd084216:group-BF2ECB3FAE12:LeaderElection448] INFO  server.RaftServerConfigKeys (ConfUtils.java:logGet(43)) - raft.server.rpc.sleep.time = 25ms (default)
2019-09-20 05:50:07,966 [9b918566-8d2f-4f38-9ce1-65f5cd084216:group-ED930E40D01E:LeaderElection445] INFO  server.RaftServerConfigKeys (ConfUtils.java:logGet(43)) - raft.server.write.element-limit = 4096 (default)
2019-09-20 05:50:07,966 [9b918566-8d2f-4f38-9ce1-65f5cd084216:group-F7BB2564A246:LeaderElection452] INFO  server.RaftServerConfigKeys (ConfUtils.java:logGet(43)) - raft.server.rpc.sleep.time = 25ms (default)
2019-09-20 05:50:07,966 [9b918566-8d2f-4f38-9ce1-65f5cd084216:group-23D02FF0DE8A:LeaderElection459] INFO  server.RaftServerConfigKeys (ConfUtils.java:logGet(43)) - raft.server.watch.timeout = 10s (default)
2019-09-20 05:50:07,966 [9b918566-8d2f-4f38-9ce1-65f5cd084216:group-24473509D625:LeaderElection461] INFO  server.RaftServerConfigKeys (ConfUtils.java:logGet(43)) - raft.server.write.element-limit = 4096 (default)
2019-09-20 05:50:07,969 [9b918566-8d2f-4f38-9ce1-65f5cd084216:group-24473509D625:LeaderElection461] INFO  server.RaftServerConfigKeys (ConfUtils.java:logGet(43)) - raft.server.watch.timeout = 10s (default)
2019-09-20 05:50:07,965 [9b918566-8d2f-4f38-9ce1-65f5cd084216:group-43ECE61C6805:LeaderElection442] INFO  server.RaftServerConfigKeys (ConfUtils.java:logGet(43)) - raft.server.rpc.sleep.time = 25ms (default)
2019-09-20 05:50:07,965 [9b918566-8d2f-4f38-9ce1-65f5cd084216:group-1FAB4902EBDA:LeaderElection453] INFO  server.RaftServerConfigKeys (ConfUtils.java:logGet(43)) - raft.server.rpc.sleep.time = 25ms (default)
2019-09-20 05:50:07,965 [9b918566-8d2f-4f38-9ce1-65f5cd084216:group-5DBE4C85E5E5:LeaderElection451] INFO  server.RaftServerConfigKeys (ConfUtils.java:logGet(43)) - raft.server.watch.timeout = 10s (default)
2019-09-20 05:50:07,965 [9b918566-8d2f-4f38-9ce1-65f5cd084216:group-C677E0E9B046:LeaderElection447] INFO  server.RaftServerConfigKeys (ConfUtils.java:logGet(43)) - raft.server.write.element-limit = 4096 (default)
2019-09-20 05:50:07,970 [9b918566-8d2f-4f38-9ce1-65f5cd084216:group-C677E0E9B046:LeaderElection447] INFO  server.RaftServerConfigKeys (ConfUtils.java:logGet(43)) - raft.server.watch.timeout = 10s (default)
2019-09-20 05:50:07,965 [9b918566-8d2f-4f38-9ce1-65f5cd084216:group-FB77BC12EDB3:LeaderElection449] INFO  server.RaftServerConfigKeys (ConfUtils.java:logGet(43)) - raft.server.write.element-limit = 4096 (default)
2019-09-20 05:50:07,964 [9b918566-8d2f-4f38-9ce1-65f5cd084216:group-5E0425601D0E:LeaderElection456] INFO  server.RaftServerConfigKeys (ConfUtils.java:logGet(43)) - raft.server.write.element-limit = 4096 (default)
2019-09-20 05:50:07,964 [9b918566-8d2f-4f38-9ce1-65f5cd084216:group-7D0C9681D055:LeaderElection457] INFO  server.RaftServerConfigKeys (ConfUtils.java:logGet(43)) - raft.server.staging.catchup.gap = 1000 (default)
2019-09-20 05:50:07,964 [9b918566-8d2f-4f38-9ce1-65f5cd084216:group-404A532F4CF2:LeaderElection446] INFO  server.RaftServerConfigKeys (ConfUtils.java:logGet(43)) - raft.server.write.element-limit = 4096 (default)
2019-09-20 05:50:07,964 [9b918566-8d2f-4f38-9ce1-65f5cd084216:group-641E6D60B548:LeaderElection444] INFO  server.RaftServerConfigKeys (ConfUtils.java:logGet(43)) - raft.server.rpc.sleep.time = 25ms (default)
2019-09-20 05:50:07,964 [9b918566-8d2f-4f38-9ce1-65f5cd084216:group-DA618FA1B8B2:LeaderElection460] INFO  impl.RaftServerImpl (RaftServerImpl.java:setRole(171)) - 9b918566-8d2f-4f38-9ce1-65f5cd084216:group-DA618FA1B8B2 changes role from CANDIDATE to LEADER at term 1 for changeToLeader
2019-09-20 05:50:07,971 [9b918566-8d2f-4f38-9ce1-65f5cd084216:group-641E6D60B548:LeaderElection444] INFO  server.RaftServerConfigKeys (ConfUtils.java:logGet(43)) - raft.server.write.element-limit = 4096 (default)
2019-09-20 05:50:07,970 [9b918566-8d2f-4f38-9ce1-65f5cd084216:group-404A532F4CF2:LeaderElection446] INFO  server.RaftServerConfigKeys (ConfUtils.java:logGet(43)) - raft.server.watch.timeout = 10s (default)
2019-09-20 05:50:07,971 [9b918566-8d2f-4f38-9ce1-65f5cd084216:group-404A532F4CF2:LeaderElection446] INFO  server.RaftServerConfigKeys (ConfUtils.java:logGet(43)) - raft.server.watch.timeout.denomination = 1s (default)
2019-09-20 05:50:07,970 [9b918566-8d2f-4f38-9ce1-65f5cd084216:group-7D0C9681D055:LeaderElection457] INFO  server.RaftServerConfigKeys (ConfUtils.java:logGet(43)) - raft.server.rpc.sleep.time = 25ms (default)
2019-09-20 05:50:07,970 [9b918566-8d2f-4f38-9ce1-65f5cd084216:group-5E0425601D0E:LeaderElection456] INFO  server.RaftServerConfigKeys (ConfUtils.java:logGet(43)) - raft.server.watch.timeout = 10s (default)
2019-09-20 05:50:07,971 [9b918566-8d2f-4f38-9ce1-65f5cd084216:group-5E0425601D0E:LeaderElection456] INFO  server.RaftServerConfigKeys (ConfUtils.java:logGet(43)) - raft.server.watch.timeout.denomination = 1s (default)
2019-09-20 05:50:07,970 [9b918566-8d2f-4f38-9ce1-65f5cd084216:group-FB77BC12EDB3:LeaderElection449] INFO  server.RaftServerConfigKeys (ConfUtils.java:logGet(43)) - raft.server.watch.timeout = 10s (default)
2019-09-20 05:50:07,970 [9b918566-8d2f-4f38-9ce1-65f5cd084216:group-C677E0E9B046:LeaderElection447] INFO  server.RaftServerConfigKeys (ConfUtils.java:logGet(43)) - raft.server.watch.timeout.denomination = 1s (default)
2019-09-20 05:50:07,970 [9b918566-8d2f-4f38-9ce1-65f5cd084216:group-5DBE4C85E5E5:LeaderElection451] INFO  server.RaftServerConfigKeys (ConfUtils.java:logGet(43)) - raft.server.watch.timeout.denomination = 1s (default)
2019-09-20 05:50:07,969 [9b918566-8d2f-4f38-9ce1-65f5cd084216:group-1FAB4902EBDA:LeaderElection453] INFO  server.RaftServerConfigKeys (ConfUtils.java:logGet(43)) - raft.server.write.element-limit = 4096 (default)
2019-09-20 05:50:07,969 [9b918566-8d2f-4f38-9ce1-65f5cd084216:group-43ECE61C6805:LeaderElection442] INFO  server.RaftServerConfigKeys (ConfUtils.java:logGet(43)) - raft.server.write.element-limit = 4096 (default)
2019-09-20 05:50:07,969 [9b918566-8d2f-4f38-9ce1-65f5cd084216:group-24473509D625:LeaderElection461] INFO  server.RaftServerConfigKeys (ConfUtils.java:logGet(43)) - raft.server.watch.timeout.denomination = 1s (default)
2019-09-20 05:50:07,973 [9b918566-8d2f-4f38-9ce1-65f5cd084216:group-24473509D625:LeaderElection461] INFO  server.RaftServerConfigKeys (ConfUtils.java:logGet(43)) - raft.server.watch.element-limit = 65536 (default)
2019-09-20 05:50:07,969 [9b918566-8d2f-4f38-9ce1-65f5cd084216:group-23D02FF0DE8A:LeaderElection459] INFO  server.RaftServerConfigKeys (ConfUtils.java:logGet(43)) - raft.server.watch.timeout.denomination = 1s (default)
2019-09-20 05:50:07,969 [9b918566-8d2f-4f38-9ce1-65f5cd084216:group-F7BB2564A246:LeaderElection452] INFO  server.RaftServerConfigKeys (ConfUtils.java:logGet(43)) - raft.server.write.element-limit = 4096 (default)
2019-09-20 05:50:07,969 [9b918566-8d2f-4f38-9ce1-65f5cd084216:group-ED930E40D01E:LeaderElection445] INFO  server.RaftServerConfigKeys (ConfUtils.java:logGet(43)) - raft.server.watch.timeout = 10s (default)
2019-09-20 05:50:07,969 [9b918566-8d2f-4f38-9ce1-65f5cd084216:group-BF2ECB3FAE12:LeaderElection448] INFO  server.RaftServerConfigKeys (ConfUtils.java:logGet(43)) - raft.server.write.element-limit = 4096 (default)
2019-09-20 05:50:07,968 [9b918566-8d2f-4f38-9ce1-65f5cd084216:group-6F5157B4CF02:LeaderElection462] INFO  server.RaftServerConfigKeys (ConfUtils.java:logGet(43)) - raft.server.watch.timeout = 10s (default)
2019-09-20 05:50:07,968 [9b918566-8d2f-4f38-9ce1-65f5cd084216:group-1C95247679E6:LeaderElection450] INFO  server.RaftServerConfigKeys (ConfUtils.java:logGet(43)) - raft.server.rpc.sleep.time = 25ms (default)
2019-09-20 05:50:07,968 [9b918566-8d2f-4f38-9ce1-65f5cd084216:group-2122D3B7D5AD:LeaderElection443] INFO  server.RaftServerConfigKeys (ConfUtils.java:logGet(43)) - raft.server.write.element-limit = 4096 (default)
2019-09-20 05:50:07,974 [9b918566-8d2f-4f38-9ce1-65f5cd084216:group-1C95247679E6:LeaderElection450] INFO  server.RaftServerConfigKeys (ConfUtils.java:logGet(43)) - raft.server.write.element-limit = 4096 (default)
2019-09-20 05:50:07,968 [9b918566-8d2f-4f38-9ce1-65f5cd084216:group-93887C2F4E7A:LeaderElection455] INFO  server.RaftServerConfigKeys (ConfUtils.java:logGet(43)) - raft.server.rpc.sleep.time = 25ms (default)
2019-09-20 05:50:07,968 [9b918566-8d2f-4f38-9ce1-65f5cd084216:group-8766366C6DFB:LeaderElection454] INFO  server.RaftServerConfigKeys (ConfUtils.java:logGet(43)) - raft.server.write.element-limit = 4096 (default)
2019-09-20 05:50:07,967 [9b918566-8d2f-4f38-9ce1-65f5cd084216:group-3854AA616451:LeaderElection458] INFO  server.RaftServerConfigKeys (ConfUtils.java:logGet(43)) - raft.server.rpc.sleep.time = 25ms (default)
2019-09-20 05:50:07,974 [9b918566-8d2f-4f38-9ce1-65f5cd084216:group-8766366C6DFB:LeaderElection454] INFO  server.RaftServerConfigKeys (ConfUtils.java:logGet(43)) - raft.server.watch.timeout = 10s (default)
2019-09-20 05:50:07,974 [9b918566-8d2f-4f38-9ce1-65f5cd084216:group-93887C2F4E7A:LeaderElection455] INFO  server.RaftServerConfigKeys (ConfUtils.java:logGet(43)) - raft.server.write.element-limit = 4096 (default)
2019-09-20 05:50:07,974 [9b918566-8d2f-4f38-9ce1-65f5cd084216:group-1C95247679E6:LeaderElection450] INFO  server.RaftServerConfigKeys (ConfUtils.java:logGet(43)) - raft.server.watch.timeout = 10s (default)
2019-09-20 05:50:07,974 [9b918566-8d2f-4f38-9ce1-65f5cd084216:group-2122D3B7D5AD:LeaderElection443] INFO  server.RaftServerConfigKeys (ConfUtils.java:logGet(43)) - raft.server.watch.timeout = 10s (default)
2019-09-20 05:50:07,973 [9b918566-8d2f-4f38-9ce1-65f5cd084216:group-6F5157B4CF02:LeaderElection462] INFO  server.RaftServerConfigKeys (ConfUtils.java:logGet(43)) - raft.server.watch.timeout.denomination = 1s (default)
2019-09-20 05:50:07,973 [9b918566-8d2f-4f38-9ce1-65f5cd084216:group-BF2ECB3FAE12:LeaderElection448] INFO  server.RaftServerConfigKeys (ConfUtils.java:logGet(43)) - raft.server.watch.timeout = 10s (default)
2019-09-20 05:50:07,973 [9b918566-8d2f-4f38-9ce1-65f5cd084216:group-ED930E40D01E:LeaderElection445] INFO  server.RaftServerConfigKeys (ConfUtils.java:logGet(43)) - raft.server.watch.timeout.denomination = 1s (default)
2019-09-20 05:50:07,973 [9b918566-8d2f-4f38-9ce1-65f5cd084216:group-F7BB2564A246:LeaderElection452] INFO  server.RaftServerConfigKeys (ConfUtils.java:logGet(43)) - raft.server.watch.timeout = 10s (default)
2019-09-20 05:50:07,973 [9b918566-8d2f-4f38-9ce1-65f5cd084216:group-23D02FF0DE8A:LeaderElection459] INFO  server.RaftServerConfigKeys (ConfUtils.java:logGet(43)) - raft.server.watch.element-limit = 65536 (default)
2019-09-20 05:50:07,973 [9b918566-8d2f-4f38-9ce1-65f5cd084216:group-24473509D625:LeaderElection461] INFO  impl.RoleInfo (RoleInfo.java:updateAndGet(143)) - 9b918566-8d2f-4f38-9ce1-65f5cd084216: start LeaderState
2019-09-20 05:50:07,972 [9b918566-8d2f-4f38-9ce1-65f5cd084216:group-43ECE61C6805:LeaderElection442] INFO  server.RaftServerConfigKeys (ConfUtils.java:logGet(43)) - raft.server.watch.timeout = 10s (default)
2019-09-20 05:50:07,972 [9b918566-8d2f-4f38-9ce1-65f5cd084216:group-1FAB4902EBDA:LeaderElection453] INFO  server.RaftServerConfigKeys (ConfUtils.java:logGet(43)) - raft.server.watch.timeout = 10s (default)
2019-09-20 05:50:07,972 [9b918566-8d2f-4f38-9ce1-65f5cd084216:group-5DBE4C85E5E5:LeaderElection451] INFO  server.RaftServerConfigKeys (ConfUtils.java:logGet(43)) - raft.server.watch.element-limit = 65536 (default)
2019-09-20 05:50:07,972 [9b918566-8d2f-4f38-9ce1-65f5cd084216:group-C677E0E9B046:LeaderElection447] INFO  server.RaftServerConfigKeys (ConfUtils.java:logGet(43)) - raft.server.watch.element-limit = 65536 (default)
2019-09-20 05:50:07,972 [9b918566-8d2f-4f38-9ce1-65f5cd084216:group-FB77BC12EDB3:LeaderElection449] INFO  server.RaftServerConfigKeys (ConfUtils.java:logGet(43)) - raft.server.watch.timeout.denomination = 1s (default)
2019-09-20 05:50:07,971 [9b918566-8d2f-4f38-9ce1-65f5cd084216:group-5E0425601D0E:LeaderElection456] INFO  server.RaftServerConfigKeys (ConfUtils.java:logGet(43)) - raft.server.watch.element-limit = 65536 (default)
2019-09-20 05:50:07,971 [9b918566-8d2f-4f38-9ce1-65f5cd084216:group-7D0C9681D055:LeaderElection457] INFO  server.RaftServerConfigKeys (ConfUtils.java:logGet(43)) - raft.server.write.element-limit = 4096 (default)
2019-09-20 05:50:07,971 [9b918566-8d2f-4f38-9ce1-65f5cd084216:group-404A532F4CF2:LeaderElection446] INFO  server.RaftServerConfigKeys (ConfUtils.java:logGet(43)) - raft.server.watch.element-limit = 65536 (default)
2019-09-20 05:50:07,971 [9b918566-8d2f-4f38-9ce1-65f5cd084216:group-641E6D60B548:LeaderElection444] INFO  server.RaftServerConfigKeys (ConfUtils.java:logGet(43)) - raft.server.watch.timeout = 10s (default)
2019-09-20 05:50:07,971 [9b918566-8d2f-4f38-9ce1-65f5cd084216:group-DA618FA1B8B2:LeaderElection460] INFO  impl.RaftServerImpl (ServerState.java:setLeader(263)) - 9b918566-8d2f-4f38-9ce1-65f5cd084216:group-DA618FA1B8B2 change Leader from null to 9b918566-8d2f-4f38-9ce1-65f5cd084216 at term 1 for becomeLeader, leader elected after 12444ms
2019-09-20 05:50:07,977 [9b918566-8d2f-4f38-9ce1-65f5cd084216:group-641E6D60B548:LeaderElection444] INFO  server.RaftServerConfigKeys (ConfUtils.java:logGet(43)) - raft.server.watch.timeout.denomination = 1s (default)
2019-09-20 05:50:07,977 [9b918566-8d2f-4f38-9ce1-65f5cd084216:group-DA618FA1B8B2:LeaderElection460] INFO  server.RaftServerConfigKeys (ConfUtils.java:logGet(43)) - raft.server.staging.catchup.gap = 1000 (default)
2019-09-20 05:50:07,977 [9b918566-8d2f-4f38-9ce1-65f5cd084216:group-404A532F4CF2:LeaderElection446] INFO  impl.RoleInfo (RoleInfo.java:updateAndGet(143)) - 9b918566-8d2f-4f38-9ce1-65f5cd084216: start LeaderState
2019-09-20 05:50:07,977 [9b918566-8d2f-4f38-9ce1-65f5cd084216:group-7D0C9681D055:LeaderElection457] INFO  server.RaftServerConfigKeys (ConfUtils.java:logGet(43)) - raft.server.watch.timeout = 10s (default)
2019-09-20 05:50:07,976 [9b918566-8d2f-4f38-9ce1-65f5cd084216:group-5E0425601D0E:LeaderElection456] INFO  impl.RoleInfo (RoleInfo.java:updateAndGet(143)) - 9b918566-8d2f-4f38-9ce1-65f5cd084216: start LeaderState
2019-09-20 05:50:07,976 [9b918566-8d2f-4f38-9ce1-65f5cd084216:group-FB77BC12EDB3:LeaderElection449] INFO  server.RaftServerConfigKeys (ConfUtils.java:logGet(43)) - raft.server.watch.element-limit = 65536 (default)
2019-09-20 05:50:07,976 [9b918566-8d2f-4f38-9ce1-65f5cd084216:group-C677E0E9B046:LeaderElection447] INFO  impl.RoleInfo (RoleInfo.java:updateAndGet(143)) - 9b918566-8d2f-4f38-9ce1-65f5cd084216: start LeaderState
2019-09-20 05:50:07,976 [9b918566-8d2f-4f38-9ce1-65f5cd084216:group-5DBE4C85E5E5:LeaderElection451] INFO  impl.RoleInfo (RoleInfo.java:updateAndGet(143)) - 9b918566-8d2f-4f38-9ce1-65f5cd084216: start LeaderState
2019-09-20 05:50:07,976 [9b918566-8d2f-4f38-9ce1-65f5cd084216:group-1FAB4902EBDA:LeaderElection453] INFO  server.RaftServerConfigKeys (ConfUtils.java:logGet(43)) - raft.server.watch.timeout.denomination = 1s (default)
2019-09-20 05:50:07,976 [9b918566-8d2f-4f38-9ce1-65f5cd084216:group-43ECE61C6805:LeaderElection442] INFO  server.RaftServerConfigKeys (ConfUtils.java:logGet(43)) - raft.server.watch.timeout.denomination = 1s (default)
2019-09-20 05:50:07,976 [9b918566-8d2f-4f38-9ce1-65f5cd084216:group-24473509D625:LeaderElection461] INFO  segmented.SegmentedRaftLogWorker (SegmentedRaftLogWorker.java:startLogSegment(380)) - 9b918566-8d2f-4f38-9ce1-65f5cd084216-SegmentedRaftLogWorker:Storage Directory /workdir/hadoop-ozone/integration-test/target/test-dir/MiniOzoneClusterImpl-29dd0c8c-da21-41d6-af77-5f0a65600fbb/datanode-0/data/ratis/7c199daa-8ef1-4482-8ac4-24473509d625: Starting segment from index:0
2019-09-20 05:50:07,975 [9b918566-8d2f-4f38-9ce1-65f5cd084216:group-23D02FF0DE8A:LeaderElection459] INFO  impl.RoleInfo (RoleInfo.java:updateAndGet(143)) - 9b918566-8d2f-4f38-9ce1-65f5cd084216: start LeaderState
2019-09-20 05:50:07,975 [9b918566-8d2f-4f38-9ce1-65f5cd084216:group-F7BB2564A246:LeaderElection452] INFO  server.RaftServerConfigKeys (ConfUtils.java:logGet(43)) - raft.server.watch.timeout.denomination = 1s (default)
2019-09-20 05:50:07,979 [9b918566-8d2f-4f38-9ce1-65f5cd084216:group-24473509D625:LeaderElection461] INFO  impl.RaftServerImpl (ServerState.java:setRaftConf(361)) - 9b918566-8d2f-4f38-9ce1-65f5cd084216:group-24473509D625 set configuration 0: [9b918566-8d2f-4f38-9ce1-65f5cd084216:192.168.36.79:46843], old=null at 0
2019-09-20 05:50:07,975 [9b918566-8d2f-4f38-9ce1-65f5cd084216:group-ED930E40D01E:LeaderElection445] INFO  server.RaftServerConfigKeys (ConfUtils.java:logGet(43)) - raft.server.watch.element-limit = 65536 (default)
2019-09-20 05:50:07,975 [9b918566-8d2f-4f38-9ce1-65f5cd084216:group-BF2ECB3FAE12:LeaderElection448] INFO  server.RaftServerConfigKeys (ConfUtils.java:logGet(43)) - raft.server.watch.timeout.denomination = 1s (default)
2019-09-20 05:50:07,975 [9b918566-8d2f-4f38-9ce1-65f5cd084216:group-6F5157B4CF02:LeaderElection462] INFO  server.RaftServerConfigKeys (ConfUtils.java:logGet(43)) - raft.server.watch.element-limit = 65536 (default)
2019-09-20 05:50:07,975 [9b918566-8d2f-4f38-9ce1-65f5cd084216:group-2122D3B7D5AD:LeaderElection443] INFO  server.RaftServerConfigKeys (ConfUtils.java:logGet(43)) - raft.server.watch.timeout.denomination = 1s (default)
2019-09-20 05:50:07,975 [9b918566-8d2f-4f38-9ce1-65f5cd084216:group-1C95247679E6:LeaderElection450] INFO  server.RaftServerConfigKeys (ConfUtils.java:logGet(43)) - raft.server.watch.timeout.denomination = 1s (default)
2019-09-20 05:50:07,974 [9b918566-8d2f-4f38-9ce1-65f5cd084216:group-93887C2F4E7A:LeaderElection455] INFO  server.RaftServerConfigKeys (ConfUtils.java:logGet(43)) - raft.server.watch.timeout = 10s (default)
2019-09-20 05:50:07,974 [9b918566-8d2f-4f38-9ce1-65f5cd084216:group-8766366C6DFB:LeaderElection454] INFO  server.RaftServerConfigKeys (ConfUtils.java:logGet(43)) - raft.server.watch.timeout.denomination = 1s (default)
2019-09-20 05:50:07,974 [9b918566-8d2f-4f38-9ce1-65f5cd084216:group-3854AA616451:LeaderElection458] INFO  server.RaftServerConfigKeys (ConfUtils.java:logGet(43)) - raft.server.write.element-limit = 4096 (default)
2019-09-20 05:50:07,980 [9b918566-8d2f-4f38-9ce1-65f5cd084216:group-8766366C6DFB:LeaderElection454] INFO  server.RaftServerConfigKeys (ConfUtils.java:logGet(43)) - raft.server.watch.element-limit = 65536 (default)
2019-09-20 05:50:07,980 [9b918566-8d2f-4f38-9ce1-65f5cd084216:group-93887C2F4E7A:LeaderElection455] INFO  server.RaftServerConfigKeys (ConfUtils.java:logGet(43)) - raft.server.watch.timeout.denomination = 1s (default)
2019-09-20 05:50:07,980 [9b918566-8d2f-4f38-9ce1-65f5cd084216:group-1C95247679E6:LeaderElection450] INFO  server.RaftServerConfigKeys (ConfUtils.java:logGet(43)) - raft.server.watch.element-limit = 65536 (default)
2019-09-20 05:50:07,980 [9b918566-8d2f-4f38-9ce1-65f5cd084216:group-2122D3B7D5AD:LeaderElection443] INFO  server.RaftServerConfigKeys (ConfUtils.java:logGet(43)) - raft.server.watch.element-limit = 65536 (default)
2019-09-20 05:50:07,980 [9b918566-8d2f-4f38-9ce1-65f5cd084216:group-6F5157B4CF02:LeaderElection462] INFO  impl.RoleInfo (RoleInfo.java:updateAndGet(143)) - 9b918566-8d2f-4f38-9ce1-65f5cd084216: start LeaderState
2019-09-20 05:50:07,979 [9b918566-8d2f-4f38-9ce1-65f5cd084216:group-BF2ECB3FAE12:LeaderElection448] INFO  server.RaftServerConfigKeys (ConfUtils.java:logGet(43)) - raft.server.watch.element-limit = 65536 (default)
2019-09-20 05:50:07,979 [9b918566-8d2f-4f38-9ce1-65f5cd084216:group-ED930E40D01E:LeaderElection445] INFO  impl.RoleInfo (RoleInfo.java:updateAndGet(143)) - 9b918566-8d2f-4f38-9ce1-65f5cd084216: start LeaderState
2019-09-20 05:50:07,979 [9b918566-8d2f-4f38-9ce1-65f5cd084216:group-F7BB2564A246:LeaderElection452] INFO  server.RaftServerConfigKeys (ConfUtils.java:logGet(43)) - raft.server.watch.element-limit = 65536 (default)
2019-09-20 05:50:07,979 [9b918566-8d2f-4f38-9ce1-65f5cd084216:group-23D02FF0DE8A:LeaderElection459] INFO  segmented.SegmentedRaftLogWorker (SegmentedRaftLogWorker.java:startLogSegment(380)) - 9b918566-8d2f-4f38-9ce1-65f5cd084216-SegmentedRaftLogWorker:Storage Directory /workdir/hadoop-ozone/integration-test/target/test-dir/MiniOzoneClusterImpl-29dd0c8c-da21-41d6-af77-5f0a65600fbb/datanode-0/data/ratis/a2dbff88-25f5-444a-8d4e-23d02ff0de8a: Starting segment from index:0
2019-09-20 05:50:07,979 [9b918566-8d2f-4f38-9ce1-65f5cd084216:group-43ECE61C6805:LeaderElection442] INFO  server.RaftServerConfigKeys (ConfUtils.java:logGet(43)) - raft.server.watch.element-limit = 65536 (default)
2019-09-20 05:50:07,978 [9b918566-8d2f-4f38-9ce1-65f5cd084216:group-1FAB4902EBDA:LeaderElection453] INFO  server.RaftServerConfigKeys (ConfUtils.java:logGet(43)) - raft.server.watch.element-limit = 65536 (default)
2019-09-20 05:50:07,978 [9b918566-8d2f-4f38-9ce1-65f5cd084216:group-5DBE4C85E5E5:LeaderElection451] INFO  segmented.SegmentedRaftLogWorker (SegmentedRaftLogWorker.java:startLogSegment(380)) - 9b918566-8d2f-4f38-9ce1-65f5cd084216-SegmentedRaftLogWorker:Storage Directory /workdir/hadoop-ozone/integration-test/target/test-dir/MiniOzoneClusterImpl-29dd0c8c-da21-41d6-af77-5f0a65600fbb/datanode-0/data/ratis/8c33b40d-7fb0-4708-b473-5dbe4c85e5e5: Starting segment from index:0
2019-09-20 05:50:07,978 [9b918566-8d2f-4f38-9ce1-65f5cd084216:group-C677E0E9B046:LeaderElection447] INFO  segmented.SegmentedRaftLogWorker (SegmentedRaftLogWorker.java:startLogSegment(380)) - 9b918566-8d2f-4f38-9ce1-65f5cd084216-SegmentedRaftLogWorker:Storage Directory /workdir/hadoop-ozone/integration-test/target/test-dir/MiniOzoneClusterImpl-29dd0c8c-da21-41d6-af77-5f0a65600fbb/datanode-0/data/ratis/e9199be6-72bc-486c-b8fd-c677e0e9b046: Starting segment from index:0
2019-09-20 05:50:07,978 [9b918566-8d2f-4f38-9ce1-65f5cd084216:group-FB77BC12EDB3:LeaderElection449] INFO  impl.RoleInfo (RoleInfo.java:updateAndGet(143)) - 9b918566-8d2f-4f38-9ce1-65f5cd084216: start LeaderState
2019-09-20 05:50:07,978 [9b918566-8d2f-4f38-9ce1-65f5cd084216:group-5E0425601D0E:LeaderElection456] INFO  segmented.SegmentedRaftLogWorker (SegmentedRaftLogWorker.java:startLogSegment(380)) - 9b918566-8d2f-4f38-9ce1-65f5cd084216-SegmentedRaftLogWorker:Storage Directory /workdir/hadoop-ozone/integration-test/target/test-dir/MiniOzoneClusterImpl-29dd0c8c-da21-41d6-af77-5f0a65600fbb/datanode-0/data/ratis/636ee454-a0c0-43f7-b332-5e0425601d0e: Starting segment from index:0
2019-09-20 05:50:07,978 [9b918566-8d2f-4f38-9ce1-65f5cd084216:group-7D0C9681D055:LeaderElection457] INFO  server.RaftServerConfigKeys (ConfUtils.java:logGet(43)) - raft.server.watch.timeout.denomination = 1s (default)
2019-09-20 05:50:07,977 [9b918566-8d2f-4f38-9ce1-65f5cd084216:group-404A532F4CF2:LeaderElection446] INFO  segmented.SegmentedRaftLogWorker (SegmentedRaftLogWorker.java:startLogSegment(380)) - 9b918566-8d2f-4f38-9ce1-65f5cd084216-SegmentedRaftLogWorker:Storage Directory /workdir/hadoop-ozone/integration-test/target/test-dir/MiniOzoneClusterImpl-29dd0c8c-da21-41d6-af77-5f0a65600fbb/datanode-0/data/ratis/c4cef75e-04c2-4cbf-93d2-404a532f4cf2: Starting segment from index:0
2019-09-20 05:50:07,977 [9b918566-8d2f-4f38-9ce1-65f5cd084216:group-DA618FA1B8B2:LeaderElection460] INFO  server.RaftServerConfigKeys (ConfUtils.java:logGet(43)) - raft.server.rpc.sleep.time = 25ms (default)
2019-09-20 05:50:07,977 [9b918566-8d2f-4f38-9ce1-65f5cd084216:group-641E6D60B548:LeaderElection444] INFO  server.RaftServerConfigKeys (ConfUtils.java:logGet(43)) - raft.server.watch.element-limit = 65536 (default)
2019-09-20 05:50:07,983 [9b918566-8d2f-4f38-9ce1-65f5cd084216:group-404A532F4CF2:LeaderElection446] INFO  impl.RaftServerImpl (ServerState.java:setRaftConf(361)) - 9b918566-8d2f-4f38-9ce1-65f5cd084216:group-404A532F4CF2 set configuration 0: [9b918566-8d2f-4f38-9ce1-65f5cd084216:192.168.36.79:46843], old=null at 0
2019-09-20 05:50:07,983 [9b918566-8d2f-4f38-9ce1-65f5cd084216:group-DA618FA1B8B2:LeaderElection460] INFO  server.RaftServerConfigKeys (ConfUtils.java:logGet(43)) - raft.server.write.element-limit = 4096 (default)
2019-09-20 05:50:07,983 [9b918566-8d2f-4f38-9ce1-65f5cd084216:group-7D0C9681D055:LeaderElection457] INFO  server.RaftServerConfigKeys (ConfUtils.java:logGet(43)) - raft.server.watch.element-limit = 65536 (default)
2019-09-20 05:50:07,983 [9b918566-8d2f-4f38-9ce1-65f5cd084216:group-5E0425601D0E:LeaderElection456] INFO  impl.RaftServerImpl (ServerState.java:setRaftConf(361)) - 9b918566-8d2f-4f38-9ce1-65f5cd084216:group-5E0425601D0E set configuration 0: [9b918566-8d2f-4f38-9ce1-65f5cd084216:192.168.36.79:46843], old=null at 0
2019-09-20 05:50:07,982 [9b918566-8d2f-4f38-9ce1-65f5cd084216:group-C677E0E9B046:LeaderElection447] INFO  impl.RaftServerImpl (ServerState.java:setRaftConf(361)) - 9b918566-8d2f-4f38-9ce1-65f5cd084216:group-C677E0E9B046 set configuration 0: [9b918566-8d2f-4f38-9ce1-65f5cd084216:192.168.36.79:46843], old=null at 0
2019-09-20 05:50:07,982 [9b918566-8d2f-4f38-9ce1-65f5cd084216:group-FB77BC12EDB3:LeaderElection449] INFO  segmented.SegmentedRaftLogWorker (SegmentedRaftLogWorker.java:startLogSegment(380)) - 9b918566-8d2f-4f38-9ce1-65f5cd084216-SegmentedRaftLogWorker:Storage Directory /workdir/hadoop-ozone/integration-test/target/test-dir/MiniOzoneClusterImpl-29dd0c8c-da21-41d6-af77-5f0a65600fbb/datanode-0/data/ratis/607cddea-2a76-4cb7-be7c-fb77bc12edb3: Starting segment from index:0
2019-09-20 05:50:07,982 [9b918566-8d2f-4f38-9ce1-65f5cd084216:group-5DBE4C85E5E5:LeaderElection451] INFO  impl.RaftServerImpl (ServerState.java:setRaftConf(361)) - 9b918566-8d2f-4f38-9ce1-65f5cd084216:group-5DBE4C85E5E5 set configuration 0: [9b918566-8d2f-4f38-9ce1-65f5cd084216:192.168.36.79:46843], old=null at 0
2019-09-20 05:50:07,982 [9b918566-8d2f-4f38-9ce1-65f5cd084216:group-1FAB4902EBDA:LeaderElection453] INFO  impl.RoleInfo (RoleInfo.java:updateAndGet(143)) - 9b918566-8d2f-4f38-9ce1-65f5cd084216: start LeaderState
2019-09-20 05:50:07,982 [9b918566-8d2f-4f38-9ce1-65f5cd084216:group-23D02FF0DE8A:LeaderElection459] INFO  impl.RaftServerImpl (ServerState.java:setRaftConf(361)) - 9b918566-8d2f-4f38-9ce1-65f5cd084216:group-23D02FF0DE8A set configuration 0: [9b918566-8d2f-4f38-9ce1-65f5cd084216:192.168.36.79:46843], old=null at 0
2019-09-20 05:50:07,982 [9b918566-8d2f-4f38-9ce1-65f5cd084216:group-43ECE61C6805:LeaderElection442] INFO  impl.RoleInfo (RoleInfo.java:updateAndGet(143)) - 9b918566-8d2f-4f38-9ce1-65f5cd084216: start LeaderState
2019-09-20 05:50:07,981 [9b918566-8d2f-4f38-9ce1-65f5cd084216:group-F7BB2564A246:LeaderElection452] INFO  impl.RoleInfo (RoleInfo.java:updateAndGet(143)) - 9b918566-8d2f-4f38-9ce1-65f5cd084216: start LeaderState
2019-09-20 05:50:07,981 [9b918566-8d2f-4f38-9ce1-65f5cd084216:group-ED930E40D01E:LeaderElection445] INFO  segmented.SegmentedRaftLogWorker (SegmentedRaftLogWorker.java:startLogSegment(380)) - 9b918566-8d2f-4f38-9ce1-65f5cd084216-SegmentedRaftLogWorker:Storage Directory /workdir/hadoop-ozone/integration-test/target/test-dir/MiniOzoneClusterImpl-29dd0c8c-da21-41d6-af77-5f0a65600fbb/datanode-0/data/ratis/1e9d161b-152e-47f8-9b34-ed930e40d01e: Starting segment from index:0
2019-09-20 05:50:07,981 [9b918566-8d2f-4f38-9ce1-65f5cd084216:group-BF2ECB3FAE12:LeaderElection448] INFO  impl.RoleInfo (RoleInfo.java:updateAndGet(143)) - 9b918566-8d2f-4f38-9ce1-65f5cd084216: start LeaderState
2019-09-20 05:50:07,981 [9b918566-8d2f-4f38-9ce1-65f5cd084216:group-6F5157B4CF02:LeaderElection462] INFO  segmented.SegmentedRaftLogWorker (SegmentedRaftLogWorker.java:startLogSegment(380)) - 9b918566-8d2f-4f38-9ce1-65f5cd084216-SegmentedRaftLogWorker:Storage Directory /workdir/hadoop-ozone/integration-test/target/test-dir/MiniOzoneClusterImpl-29dd0c8c-da21-41d6-af77-5f0a65600fbb/datanode-0/data/ratis/3fdde56e-4faf-4cbf-9fba-6f5157b4cf02: Starting segment from index:0
2019-09-20 05:50:07,981 [9b918566-8d2f-4f38-9ce1-65f5cd084216:group-2122D3B7D5AD:LeaderElection443] INFO  impl.RoleInfo (RoleInfo.java:updateAndGet(143)) - 9b918566-8d2f-4f38-9ce1-65f5cd084216: start LeaderState
2019-09-20 05:50:07,981 [9b918566-8d2f-4f38-9ce1-65f5cd084216:group-1C95247679E6:LeaderElection450] INFO  impl.RoleInfo (RoleInfo.java:updateAndGet(143)) - 9b918566-8d2f-4f38-9ce1-65f5cd084216: start LeaderState
2019-09-20 05:50:07,981 [9b918566-8d2f-4f38-9ce1-65f5cd084216:group-93887C2F4E7A:LeaderElection455] INFO  server.RaftServerConfigKeys (ConfUtils.java:logGet(43)) - raft.server.watch.element-limit = 65536 (default)
2019-09-20 05:50:07,980 [9b918566-8d2f-4f38-9ce1-65f5cd084216:group-8766366C6DFB:LeaderElection454] INFO  impl.RoleInfo (RoleInfo.java:updateAndGet(143)) - 9b918566-8d2f-4f38-9ce1-65f5cd084216: start LeaderState
2019-09-20 05:50:07,980 [9b918566-8d2f-4f38-9ce1-65f5cd084216:group-3854AA616451:LeaderElection458] INFO  server.RaftServerConfigKeys (ConfUtils.java:logGet(43)) - raft.server.watch.timeout = 10s (default)
2019-09-20 05:50:07,986 [9b918566-8d2f-4f38-9ce1-65f5cd084216:group-8766366C6DFB:LeaderElection454] INFO  segmented.SegmentedRaftLogWorker (SegmentedRaftLogWorker.java:startLogSegment(380)) - 9b918566-8d2f-4f38-9ce1-65f5cd084216-SegmentedRaftLogWorker:Storage Directory /workdir/hadoop-ozone/integration-test/target/test-dir/MiniOzoneClusterImpl-29dd0c8c-da21-41d6-af77-5f0a65600fbb/datanode-0/data/ratis/b192b1d2-f8c3-4f74-9156-8766366c6dfb: Starting segment from index:0
2019-09-20 05:50:07,986 [9b918566-8d2f-4f38-9ce1-65f5cd084216:group-93887C2F4E7A:LeaderElection455] INFO  impl.RoleInfo (RoleInfo.java:updateAndGet(143)) - 9b918566-8d2f-4f38-9ce1-65f5cd084216: start LeaderState
2019-09-20 05:50:07,986 [9b918566-8d2f-4f38-9ce1-65f5cd084216:group-1C95247679E6:LeaderElection450] INFO  segmented.SegmentedRaftLogWorker (SegmentedRaftLogWorker.java:startLogSegment(380)) - 9b918566-8d2f-4f38-9ce1-65f5cd084216-SegmentedRaftLogWorker:Storage Directory /workdir/hadoop-ozone/integration-test/target/test-dir/MiniOzoneClusterImpl-29dd0c8c-da21-41d6-af77-5f0a65600fbb/datanode-0/data/ratis/0345eb9f-f0ff-4cb4-a43a-1c95247679e6: Starting segment from index:0
2019-09-20 05:50:07,986 [9b918566-8d2f-4f38-9ce1-65f5cd084216:group-6F5157B4CF02:LeaderElection462] INFO  impl.RaftServerImpl (ServerState.java:setRaftConf(361)) - 9b918566-8d2f-4f38-9ce1-65f5cd084216:group-6F5157B4CF02 set configuration 0: [9b918566-8d2f-4f38-9ce1-65f5cd084216:192.168.36.79:46843], old=null at 0
2019-09-20 05:50:07,986 [9b918566-8d2f-4f38-9ce1-65f5cd084216:group-2122D3B7D5AD:LeaderElection443] INFO  segmented.SegmentedRaftLogWorker (SegmentedRaftLogWorker.java:startLogSegment(380)) - 9b918566-8d2f-4f38-9ce1-65f5cd084216-SegmentedRaftLogWorker:Storage Directory /workdir/hadoop-ozone/integration-test/target/test-dir/MiniOzoneClusterImpl-29dd0c8c-da21-41d6-af77-5f0a65600fbb/datanode-0/data/ratis/b12902f7-797e-4e11-8d87-2122d3b7d5ad: Starting segment from index:0
2019-09-20 05:50:07,985 [9b918566-8d2f-4f38-9ce1-65f5cd084216:group-BF2ECB3FAE12:LeaderElection448] INFO  segmented.SegmentedRaftLogWorker (SegmentedRaftLogWorker.java:startLogSegment(380)) - 9b918566-8d2f-4f38-9ce1-65f5cd084216-SegmentedRaftLogWorker:Storage Directory /workdir/hadoop-ozone/integration-test/target/test-dir/MiniOzoneClusterImpl-29dd0c8c-da21-41d6-af77-5f0a65600fbb/datanode-0/data/ratis/5cd3fbe8-8d21-4e9d-bbb9-bf2ecb3fae12: Starting segment from index:0
2019-09-20 05:50:07,985 [9b918566-8d2f-4f38-9ce1-65f5cd084216:group-ED930E40D01E:LeaderElection445] INFO  impl.RaftServerImpl (ServerState.java:setRaftConf(361)) - 9b918566-8d2f-4f38-9ce1-65f5cd084216:group-ED930E40D01E set configuration 0: [9b918566-8d2f-4f38-9ce1-65f5cd084216:192.168.36.79:46843], old=null at 0
2019-09-20 05:50:07,985 [9b918566-8d2f-4f38-9ce1-65f5cd084216:group-F7BB2564A246:LeaderElection452] INFO  segmented.SegmentedRaftLogWorker (SegmentedRaftLogWorker.java:startLogSegment(380)) - 9b918566-8d2f-4f38-9ce1-65f5cd084216-SegmentedRaftLogWorker:Storage Directory /workdir/hadoop-ozone/integration-test/target/test-dir/MiniOzoneClusterImpl-29dd0c8c-da21-41d6-af77-5f0a65600fbb/datanode-0/data/ratis/a3e6f5cb-4c19-4d74-b355-f7bb2564a246: Starting segment from index:0
2019-09-20 05:50:07,985 [9b918566-8d2f-4f38-9ce1-65f5cd084216:group-43ECE61C6805:LeaderElection442] INFO  segmented.SegmentedRaftLogWorker (SegmentedRaftLogWorker.java:startLogSegment(380)) - 9b918566-8d2f-4f38-9ce1-65f5cd084216-SegmentedRaftLogWorker:Storage Directory /workdir/hadoop-ozone/integration-test/target/test-dir/MiniOzoneClusterImpl-29dd0c8c-da21-41d6-af77-5f0a65600fbb/datanode-0/data/ratis/865cbba9-fbbb-48b8-8040-43ece61c6805: Starting segment from index:0
2019-09-20 05:50:07,985 [9b918566-8d2f-4f38-9ce1-65f5cd084216:group-1FAB4902EBDA:LeaderElection453] INFO  segmented.SegmentedRaftLogWorker (SegmentedRaftLogWorker.java:startLogSegment(380)) - 9b918566-8d2f-4f38-9ce1-65f5cd084216-SegmentedRaftLogWorker:Storage Directory /workdir/hadoop-ozone/integration-test/target/test-dir/MiniOzoneClusterImpl-29dd0c8c-da21-41d6-af77-5f0a65600fbb/datanode-0/data/ratis/bab29984-1025-4abd-803b-1fab4902ebda: Starting segment from index:0
2019-09-20 05:50:07,984 [9b918566-8d2f-4f38-9ce1-65f5cd084216:group-FB77BC12EDB3:LeaderElection449] INFO  impl.RaftServerImpl (ServerState.java:setRaftConf(361)) - 9b918566-8d2f-4f38-9ce1-65f5cd084216:group-FB77BC12EDB3 set configuration 0: [9b918566-8d2f-4f38-9ce1-65f5cd084216:192.168.36.79:46843], old=null at 0
2019-09-20 05:50:07,984 [9b918566-8d2f-4f38-9ce1-65f5cd084216:group-7D0C9681D055:LeaderElection457] INFO  impl.RoleInfo (RoleInfo.java:updateAndGet(143)) - 9b918566-8d2f-4f38-9ce1-65f5cd084216: start LeaderState
2019-09-20 05:50:07,983 [9b918566-8d2f-4f38-9ce1-65f5cd084216:group-DA618FA1B8B2:LeaderElection460] INFO  server.RaftServerConfigKeys (ConfUtils.java:logGet(43)) - raft.server.watch.timeout = 10s (default)
2019-09-20 05:50:07,988 [9b918566-8d2f-4f38-9ce1-65f5cd084216:group-2122D3B7D5AD:LeaderElection443] INFO  impl.RaftServerImpl (ServerState.java:setRaftConf(361)) - 9b918566-8d2f-4f38-9ce1-65f5cd084216:group-2122D3B7D5AD set configuration 0: [9b918566-8d2f-4f38-9ce1-65f5cd084216:192.168.36.79:46843], old=null at 0
2019-09-20 05:50:07,983 [9b918566-8d2f-4f38-9ce1-65f5cd084216:group-641E6D60B548:LeaderElection444] INFO  impl.RoleInfo (RoleInfo.java:updateAndGet(143)) - 9b918566-8d2f-4f38-9ce1-65f5cd084216: start LeaderState
2019-09-20 05:50:07,990 [9b918566-8d2f-4f38-9ce1-65f5cd084216:group-43ECE61C6805:LeaderElection442] INFO  impl.RaftServerImpl (ServerState.java:setRaftConf(361)) - 9b918566-8d2f-4f38-9ce1-65f5cd084216:group-43ECE61C6805 set configuration 0: [9b918566-8d2f-4f38-9ce1-65f5cd084216:192.168.36.79:46843], old=null at 0
2019-09-20 05:50:07,988 [9b918566-8d2f-4f38-9ce1-65f5cd084216:group-7D0C9681D055:LeaderElection457] INFO  segmented.SegmentedRaftLogWorker (SegmentedRaftLogWorker.java:startLogSegment(380)) - 9b918566-8d2f-4f38-9ce1-65f5cd084216-SegmentedRaftLogWorker:Storage Directory /workdir/hadoop-ozone/integration-test/target/test-dir/MiniOzoneClusterImpl-29dd0c8c-da21-41d6-af77-5f0a65600fbb/datanode-0/data/ratis/877a390b-d7de-4a37-9853-7d0c9681d055: Starting segment from index:0
2019-09-20 05:50:07,988 [9b918566-8d2f-4f38-9ce1-65f5cd084216:group-DA618FA1B8B2:LeaderElection460] INFO  server.RaftServerConfigKeys (ConfUtils.java:logGet(43)) - raft.server.watch.timeout.denomination = 1s (default)
2019-09-20 05:50:07,988 [9b918566-8d2f-4f38-9ce1-65f5cd084216:group-BF2ECB3FAE12:LeaderElection448] INFO  impl.RaftServerImpl (ServerState.java:setRaftConf(361)) - 9b918566-8d2f-4f38-9ce1-65f5cd084216:group-BF2ECB3FAE12 set configuration 0: [9b918566-8d2f-4f38-9ce1-65f5cd084216:192.168.36.79:46843], old=null at 0
2019-09-20 05:50:07,987 [9b918566-8d2f-4f38-9ce1-65f5cd084216:group-1C95247679E6:LeaderElection450] INFO  impl.RaftServerImpl (ServerState.java:setRaftConf(361)) - 9b918566-8d2f-4f38-9ce1-65f5cd084216:group-1C95247679E6 set configuration 0: [9b918566-8d2f-4f38-9ce1-65f5cd084216:192.168.36.79:46843], old=null at 0
2019-09-20 05:50:07,986 [9b918566-8d2f-4f38-9ce1-65f5cd084216:group-8766366C6DFB:LeaderElection454] INFO  impl.RaftServerImpl (ServerState.java:setRaftConf(361)) - 9b918566-8d2f-4f38-9ce1-65f5cd084216:group-8766366C6DFB set configuration 0: [9b918566-8d2f-4f38-9ce1-65f5cd084216:192.168.36.79:46843], old=null at 0
2019-09-20 05:50:08,390 | INFO  | SCMAudit | user=jenkins1000 | ip=192.168.36.79 | op=SEND_HEARTBEAT {datanodeUUID=9b918566-8d2f-4f38-9ce1-65f5cd084216, command=[]} | ret=SUCCESS |  
2019-09-20 05:50:07,987 [9b918566-8d2f-4f38-9ce1-65f5cd084216:group-93887C2F4E7A:LeaderElection455] INFO  segmented.SegmentedRaftLogWorker (SegmentedRaftLogWorker.java:startLogSegment(380)) - 9b918566-8d2f-4f38-9ce1-65f5cd084216-SegmentedRaftLogWorker:Storage Directory /workdir/hadoop-ozone/integration-test/target/test-dir/MiniOzoneClusterImpl-29dd0c8c-da21-41d6-af77-5f0a65600fbb/datanode-0/data/ratis/e562f3f3-5a0d-4d26-993c-93887c2f4e7a: Starting segment from index:0
2019-09-20 05:50:07,986 [9b918566-8d2f-4f38-9ce1-65f5cd084216:group-3854AA616451:LeaderElection458] INFO  server.RaftServerConfigKeys (ConfUtils.java:logGet(43)) - raft.server.watch.timeout.denomination = 1s (default)
2019-09-20 05:50:08,390 [9b918566-8d2f-4f38-9ce1-65f5cd084216:group-17246AB8CDB8:LeaderElection464] INFO  impl.LeaderElection (LeaderElection.java:askForVotes(181)) - 9b918566-8d2f-4f38-9ce1-65f5cd084216:group-17246AB8CDB8:LeaderElection464: begin an election at term 1 for -1: [9b918566-8d2f-4f38-9ce1-65f5cd084216:192.168.36.79:46843], old=null
2019-09-20 05:50:08,390 [9b918566-8d2f-4f38-9ce1-65f5cd084216:group-B51181B3E2D6:LeaderElection463] INFO  impl.LeaderElection (LeaderElection.java:askForVotes(181)) - 9b918566-8d2f-4f38-9ce1-65f5cd084216:group-B51181B3E2D6:LeaderElection463: begin an election at term 1 for -1: [9b918566-8d2f-4f38-9ce1-65f5cd084216:192.168.36.79:46843], old=null
2019-09-20 05:50:08,390 [9b918566-8d2f-4f38-9ce1-65f5cd084216:group-7D0C9681D055:LeaderElection457] INFO  impl.RaftServerImpl (ServerState.java:setRaftConf(361)) - 9b918566-8d2f-4f38-9ce1-65f5cd084216:group-7D0C9681D055 set configuration 0: [9b918566-8d2f-4f38-9ce1-65f5cd084216:192.168.36.79:46843], old=null at 0
2019-09-20 05:50:08,390 [9b918566-8d2f-4f38-9ce1-65f5cd084216:group-1FAB4902EBDA:LeaderElection453] INFO  impl.RaftServerImpl (ServerState.java:setRaftConf(361)) - 9b918566-8d2f-4f38-9ce1-65f5cd084216:group-1FAB4902EBDA set configuration 0: [9b918566-8d2f-4f38-9ce1-65f5cd084216:192.168.36.79:46843], old=null at 0
2019-09-20 05:50:08,389 [9b918566-8d2f-4f38-9ce1-65f5cd084216:group-14C055A8E40F:LeaderElection468] INFO  impl.LeaderElection (LeaderElection.java:askForVotes(181)) - 9b918566-8d2f-4f38-9ce1-65f5cd084216:group-14C055A8E40F:LeaderElection468: begin an election at term 1 for -1: [9b918566-8d2f-4f38-9ce1-65f5cd084216:192.168.36.79:46843], old=null
2019-09-20 05:50:09,098 [9b918566-8d2f-4f38-9ce1-65f5cd084216:group-14C055A8E40F:LeaderElection468] INFO  impl.RoleInfo (RoleInfo.java:shutdownLeaderElection(134)) - 9b918566-8d2f-4f38-9ce1-65f5cd084216: shutdown LeaderElection
2019-09-20 05:50:09,098 | INFO  | SCMAudit | user=jenkins1000 | ip=192.168.36.79 | op=SEND_HEARTBEAT {datanodeUUID=9b918566-8d2f-4f38-9ce1-65f5cd084216, command=[]} | ret=SUCCESS |  
2019-09-20 05:50:09,099 [9b918566-8d2f-4f38-9ce1-65f5cd084216:group-14C055A8E40F:LeaderElection468] INFO  impl.RaftServerImpl (RaftServerImpl.java:setRole(171)) - 9b918566-8d2f-4f38-9ce1-65f5cd084216:group-14C055A8E40F changes role from CANDIDATE to LEADER at term 1 for changeToLeader
2019-09-20 05:50:08,389 [9b918566-8d2f-4f38-9ce1-65f5cd084216:group-A25CACE966D3:LeaderElection481] INFO  impl.LeaderElection (LeaderElection.java:askForVotes(181)) - 9b918566-8d2f-4f38-9ce1-65f5cd084216:group-A25CACE966D3:LeaderElection481: begin an election at term 1 for -1: [9b918566-8d2f-4f38-9ce1-65f5cd084216:192.168.36.79:46843], old=null
2019-09-20 05:50:08,389 [9b918566-8d2f-4f38-9ce1-65f5cd084216:group-2451DD07C4FA:LeaderElection475] INFO  impl.LeaderElection (LeaderElection.java:askForVotes(181)) - 9b918566-8d2f-4f38-9ce1-65f5cd084216:group-2451DD07C4FA:LeaderElection475: begin an election at term 1 for -1: [9b918566-8d2f-4f38-9ce1-65f5cd084216:192.168.36.79:46843], old=null
2019-09-20 05:50:08,388 [Command processor thread] ERROR commandhandler.CloseContainerCommandHandler (CloseContainerCommandHandler.java:handle(124)) - Can't close container #5
org.apache.hadoop.hdds.scm.container.common.helpers.StorageContainerException: Cannot quasi close container #5 while in UNHEALTHY state.
	at org.apache.hadoop.ozone.container.keyvalue.KeyValueHandler.quasiCloseContainer(KeyValueHandler.java:930)
	at org.apache.hadoop.ozone.container.ozoneimpl.ContainerController.quasiCloseContainer(ContainerController.java:107)
	at org.apache.hadoop.ozone.container.common.statemachine.commandhandler.CloseContainerCommandHandler.handle(CloseContainerCommandHandler.java:116)
	at org.apache.hadoop.ozone.container.common.statemachine.commandhandler.CommandDispatcher.handle(CommandDispatcher.java:93)
	at org.apache.hadoop.ozone.container.common.statemachine.DatanodeStateMachine.lambda$initCommandHandlerThread$1(DatanodeStateMachine.java:432)
	at java.lang.Thread.run(Thread.java:748)
2019-09-20 05:50:08,388 [9b918566-8d2f-4f38-9ce1-65f5cd084216:group-BDC32C52C7F7:LeaderElection472] INFO  impl.LeaderElection (LeaderElection.java:askForVotes(181)) - 9b918566-8d2f-4f38-9ce1-65f5cd084216:group-BDC32C52C7F7:LeaderElection472: begin an election at term 1 for -1: [9b918566-8d2f-4f38-9ce1-65f5cd084216:192.168.36.79:46843], old=null
2019-09-20 05:50:09,099 [9b918566-8d2f-4f38-9ce1-65f5cd084216:group-BDC32C52C7F7:LeaderElection472] INFO  impl.RoleInfo (RoleInfo.java:shutdownLeaderElection(134)) - 9b918566-8d2f-4f38-9ce1-65f5cd084216: shutdown LeaderElection
2019-09-20 05:50:09,099 [9b918566-8d2f-4f38-9ce1-65f5cd084216:group-BDC32C52C7F7:LeaderElection472] INFO  impl.RaftServerImpl (RaftServerImpl.java:setRole(171)) - 9b918566-8d2f-4f38-9ce1-65f5cd084216:group-BDC32C52C7F7 changes role from CANDIDATE to LEADER at term 1 for changeToLeader
2019-09-20 05:50:08,388 [9b918566-8d2f-4f38-9ce1-65f5cd084216:group-EBA770ADA936:LeaderElection469] INFO  impl.LeaderElection (LeaderElection.java:askForVotes(181)) - 9b918566-8d2f-4f38-9ce1-65f5cd084216:group-EBA770ADA936:LeaderElection469: begin an election at term 1 for -1: [9b918566-8d2f-4f38-9ce1-65f5cd084216:192.168.36.79:46843], old=null
2019-09-20 05:50:09,100 | INFO  | SCMAudit | user=jenkins1000 | ip=192.168.36.79 | op=SEND_HEARTBEAT {datanodeUUID=9b918566-8d2f-4f38-9ce1-65f5cd084216, command=[]} | ret=SUCCESS |  
2019-09-20 05:50:08,388 [9b918566-8d2f-4f38-9ce1-65f5cd084216:group-24326A8F7FB8:LeaderElection465] INFO  impl.LeaderElection (LeaderElection.java:askForVotes(181)) - 9b918566-8d2f-4f38-9ce1-65f5cd084216:group-24326A8F7FB8:LeaderElection465: begin an election at term 1 for -1: [9b918566-8d2f-4f38-9ce1-65f5cd084216:192.168.36.79:46843], old=null
2019-09-20 05:50:08,388 [9b918566-8d2f-4f38-9ce1-65f5cd084216:group-62DE59026CF0:LeaderElection470] INFO  impl.LeaderElection (LeaderElection.java:askForVotes(181)) - 9b918566-8d2f-4f38-9ce1-65f5cd084216:group-62DE59026CF0:LeaderElection470: begin an election at term 1 for -1: [9b918566-8d2f-4f38-9ce1-65f5cd084216:192.168.36.79:46843], old=null
2019-09-20 05:50:08,388 [9b918566-8d2f-4f38-9ce1-65f5cd084216:group-7312B38DB467:LeaderElection471] INFO  impl.LeaderElection (LeaderElection.java:askForVotes(181)) - 9b918566-8d2f-4f38-9ce1-65f5cd084216:group-7312B38DB467:LeaderElection471: begin an election at term 1 for -1: [9b918566-8d2f-4f38-9ce1-65f5cd084216:192.168.36.79:46843], old=null
2019-09-20 05:50:08,388 [9b918566-8d2f-4f38-9ce1-65f5cd084216:group-42B4861D9533:LeaderElection479] INFO  impl.LeaderElection (LeaderElection.java:askForVotes(181)) - 9b918566-8d2f-4f38-9ce1-65f5cd084216:group-42B4861D9533:LeaderElection479: begin an election at term 1 for -1: [9b918566-8d2f-4f38-9ce1-65f5cd084216:192.168.36.79:46843], old=null
2019-09-20 05:50:08,388 [9b918566-8d2f-4f38-9ce1-65f5cd084216:group-DDEEE97CADE4:LeaderElection477] INFO  impl.LeaderElection (LeaderElection.java:askForVotes(181)) - 9b918566-8d2f-4f38-9ce1-65f5cd084216:group-DDEEE97CADE4:LeaderElection477: begin an election at term 1 for -1: [9b918566-8d2f-4f38-9ce1-65f5cd084216:192.168.36.79:46843], old=null
2019-09-20 05:50:09,100 | INFO  | SCMAudit | user=jenkins1000 | ip=192.168.36.79 | op=SEND_HEARTBEAT {datanodeUUID=9b918566-8d2f-4f38-9ce1-65f5cd084216, command=[]} | ret=SUCCESS |  
2019-09-20 05:50:08,387 [9b918566-8d2f-4f38-9ce1-65f5cd084216:group-9E1ECF1EC588:LeaderElection478] INFO  impl.LeaderElection (LeaderElection.java:askForVotes(181)) - 9b918566-8d2f-4f38-9ce1-65f5cd084216:group-9E1ECF1EC588:LeaderElection478: begin an election at term 1 for -1: [9b918566-8d2f-4f38-9ce1-65f5cd084216:192.168.36.79:46843], old=null
2019-09-20 05:50:08,387 [9b918566-8d2f-4f38-9ce1-65f5cd084216:group-B4FA85BABDFE:LeaderElection476] INFO  impl.LeaderElection (LeaderElection.java:askForVotes(181)) - 9b918566-8d2f-4f38-9ce1-65f5cd084216:group-B4FA85BABDFE:LeaderElection476: begin an election at term 1 for -1: [9b918566-8d2f-4f38-9ce1-65f5cd084216:192.168.36.79:46843], old=null
2019-09-20 05:50:09,100 [9b918566-8d2f-4f38-9ce1-65f5cd084216:group-B4FA85BABDFE:LeaderElection476] INFO  impl.RoleInfo (RoleInfo.java:shutdownLeaderElection(134)) - 9b918566-8d2f-4f38-9ce1-65f5cd084216: shutdown LeaderElection
2019-09-20 05:50:09,100 [9b918566-8d2f-4f38-9ce1-65f5cd084216:group-B4FA85BABDFE:LeaderElection476] INFO  impl.RaftServerImpl (RaftServerImpl.java:setRole(171)) - 9b918566-8d2f-4f38-9ce1-65f5cd084216:group-B4FA85BABDFE changes role from CANDIDATE to LEADER at term 1 for changeToLeader
2019-09-20 05:50:09,100 [9b918566-8d2f-4f38-9ce1-65f5cd084216:group-B4FA85BABDFE:LeaderElection476] INFO  impl.RaftServerImpl (ServerState.java:setLeader(263)) - 9b918566-8d2f-4f38-9ce1-65f5cd084216:group-B4FA85BABDFE change Leader from null to 9b918566-8d2f-4f38-9ce1-65f5cd084216 at term 1 for becomeLeader, leader elected after 6708ms
2019-09-20 05:50:08,387 [9b918566-8d2f-4f38-9ce1-65f5cd084216:group-356D5AA52196:LeaderElection474] INFO  impl.LeaderElection (LeaderElection.java:askForVotes(181)) - 9b918566-8d2f-4f38-9ce1-65f5cd084216:group-356D5AA52196:LeaderElection474: begin an election at term 1 for -1: [9b918566-8d2f-4f38-9ce1-65f5cd084216:192.168.36.79:46843], old=null
2019-09-20 05:50:09,101 [9b918566-8d2f-4f38-9ce1-65f5cd084216:group-356D5AA52196:LeaderElection474] INFO  impl.RoleInfo (RoleInfo.java:shutdownLeaderElection(134)) - 9b918566-8d2f-4f38-9ce1-65f5cd084216: shutdown LeaderElection
2019-09-20 05:50:08,387 [9b918566-8d2f-4f38-9ce1-65f5cd084216:group-19D8F506A3B5:LeaderElection473] INFO  impl.LeaderElection (LeaderElection.java:askForVotes(181)) - 9b918566-8d2f-4f38-9ce1-65f5cd084216:group-19D8F506A3B5:LeaderElection473: begin an election at term 1 for -1: [9b918566-8d2f-4f38-9ce1-65f5cd084216:192.168.36.79:46843], old=null
2019-09-20 05:50:08,387 [9b918566-8d2f-4f38-9ce1-65f5cd084216:group-C0C96F94F210:LeaderElection467] INFO  impl.LeaderElection (LeaderElection.java:askForVotes(181)) - 9b918566-8d2f-4f38-9ce1-65f5cd084216:group-C0C96F94F210:LeaderElection467: begin an election at term 1 for -1: [9b918566-8d2f-4f38-9ce1-65f5cd084216:192.168.36.79:46843], old=null
2019-09-20 05:50:08,387 [9b918566-8d2f-4f38-9ce1-65f5cd084216:group-96622BF2F79B:LeaderElection480] INFO  impl.LeaderElection (LeaderElection.java:askForVotes(181)) - 9b918566-8d2f-4f38-9ce1-65f5cd084216:group-96622BF2F79B:LeaderElection480: begin an election at term 1 for -1: [9b918566-8d2f-4f38-9ce1-65f5cd084216:192.168.36.79:46843], old=null
2019-09-20 05:50:08,387 [9b918566-8d2f-4f38-9ce1-65f5cd084216:group-D2E3D1BC3C4A:LeaderElection466] INFO  impl.LeaderElection (LeaderElection.java:askForVotes(181)) - 9b918566-8d2f-4f38-9ce1-65f5cd084216:group-D2E3D1BC3C4A:LeaderElection466: begin an election at term 1 for -1: [9b918566-8d2f-4f38-9ce1-65f5cd084216:192.168.36.79:46843], old=null
2019-09-20 05:50:08,387 [Thread-3524] WARN  util.JavaUtils (JavaUtils.java:sleep(250)) - Unexpected long sleep: sleep(5021ms) actually took 5366ms which is over the threshold 300ms
2019-09-20 05:50:08,387 [Thread-3518] WARN  util.JavaUtils (JavaUtils.java:sleep(250)) - Unexpected long sleep: sleep(5098ms) actually took 5433ms which is over the threshold 300ms
2019-09-20 05:50:08,387 [pool-57-thread-1] INFO  storage.RaftStorage (RaftStorage.java:format(72)) - Storage directory /workdir/hadoop-ozone/integration-test/target/test-dir/MiniOzoneClusterImpl-29dd0c8c-da21-41d6-af77-5f0a65600fbb/datanode-0/data/ratis/9cd58e4d-ad99-4de7-b2e4-a0798eca86d6 has been successfully formatted.
2019-09-20 05:50:08,387 [Thread-3512] INFO  impl.FollowerState (FollowerState.java:run(106)) - 9b918566-8d2f-4f38-9ce1-65f5cd084216:group-1A7E6EC3BB63 changes to CANDIDATE, lastRpcTime:5493, electionTimeout:5196ms
2019-09-20 05:50:09,102 [Thread-3512] INFO  impl.RoleInfo (RoleInfo.java:shutdownFollowerState(121)) - 9b918566-8d2f-4f38-9ce1-65f5cd084216: shutdown FollowerState
2019-09-20 05:50:08,386 [Thread-3527] INFO  impl.FollowerState (FollowerState.java:run(106)) - 9b918566-8d2f-4f38-9ce1-65f5cd084216:group-17255EC37A1D changes to CANDIDATE, lastRpcTime:5288, electionTimeout:5108ms
2019-09-20 05:50:09,102 [Thread-3527] INFO  impl.RoleInfo (RoleInfo.java:shutdownFollowerState(121)) - 9b918566-8d2f-4f38-9ce1-65f5cd084216: shutdown FollowerState
2019-09-20 05:50:09,102 [Thread-3527] INFO  impl.RaftServerImpl (RaftServerImpl.java:setRole(171)) - 9b918566-8d2f-4f38-9ce1-65f5cd084216:group-17255EC37A1D changes role from FOLLOWER to CANDIDATE at term 0 for changeToCandidate
2019-09-20 05:50:08,385 [Thread-3531] INFO  impl.FollowerState (FollowerState.java:run(106)) - 9b918566-8d2f-4f38-9ce1-65f5cd084216:group-2515D093169F changes to CANDIDATE, lastRpcTime:5195, electionTimeout:5193ms
2019-09-20 05:50:09,102 [Thread-3531] INFO  impl.RoleInfo (RoleInfo.java:shutdownFollowerState(121)) - 9b918566-8d2f-4f38-9ce1-65f5cd084216: shutdown FollowerState
2019-09-20 05:50:07,991 [9b918566-8d2f-4f38-9ce1-65f5cd084216:group-DA618FA1B8B2:LeaderElection460] INFO  server.RaftServerConfigKeys (ConfUtils.java:logGet(43)) - raft.server.watch.element-limit = 65536 (default)
2019-09-20 05:50:07,991 [9b918566-8d2f-4f38-9ce1-65f5cd084216:group-F7BB2564A246:LeaderElection452] INFO  impl.RaftServerImpl (ServerState.java:setRaftConf(361)) - 9b918566-8d2f-4f38-9ce1-65f5cd084216:group-F7BB2564A246 set configuration 0: [9b918566-8d2f-4f38-9ce1-65f5cd084216:192.168.36.79:46843], old=null at 0
2019-09-20 05:50:07,990 [9b918566-8d2f-4f38-9ce1-65f5cd084216:group-641E6D60B548:LeaderElection444] INFO  segmented.SegmentedRaftLogWorker (SegmentedRaftLogWorker.java:startLogSegment(380)) - 9b918566-8d2f-4f38-9ce1-65f5cd084216-SegmentedRaftLogWorker:Storage Directory /workdir/hadoop-ozone/integration-test/target/test-dir/MiniOzoneClusterImpl-29dd0c8c-da21-41d6-af77-5f0a65600fbb/datanode-0/data/ratis/8d398347-5045-4661-9084-641e6d60b548: Starting segment from index:0
2019-09-20 05:50:09,102 [9b918566-8d2f-4f38-9ce1-65f5cd084216:group-DA618FA1B8B2:LeaderElection460] INFO  impl.RoleInfo (RoleInfo.java:updateAndGet(143)) - 9b918566-8d2f-4f38-9ce1-65f5cd084216: start LeaderState
2019-09-20 05:50:09,102 [Thread-3531] INFO  impl.RaftServerImpl (RaftServerImpl.java:setRole(171)) - 9b918566-8d2f-4f38-9ce1-65f5cd084216:group-2515D093169F changes role from FOLLOWER to CANDIDATE at term 0 for changeToCandidate
2019-09-20 05:50:09,102 [Thread-3527] INFO  impl.RoleInfo (RoleInfo.java:updateAndGet(143)) - 9b918566-8d2f-4f38-9ce1-65f5cd084216: start LeaderElection
2019-09-20 05:50:09,102 [Thread-3512] INFO  impl.RaftServerImpl (RaftServerImpl.java:setRole(171)) - 9b918566-8d2f-4f38-9ce1-65f5cd084216:group-1A7E6EC3BB63 changes role from FOLLOWER to CANDIDATE at term 0 for changeToCandidate
2019-09-20 05:50:09,102 [pool-57-thread-1] INFO  ratis.ContainerStateMachine (ContainerStateMachine.java:loadSnapshot(226)) - group-A0798ECA86D6: The snapshot info is null. Setting the last applied indexto:(t:0, i:~)
2019-09-20 05:50:09,101 [9b918566-8d2f-4f38-9ce1-65f5cd084216:group-D2E3D1BC3C4A:LeaderElection466] INFO  impl.RoleInfo (RoleInfo.java:shutdownLeaderElection(134)) - 9b918566-8d2f-4f38-9ce1-65f5cd084216: shutdown LeaderElection
2019-09-20 05:50:09,361 | INFO  | SCMAudit | user=jenkins1000 | ip=192.168.36.79 | op=SEND_HEARTBEAT {datanodeUUID=9b918566-8d2f-4f38-9ce1-65f5cd084216, command=[]} | ret=SUCCESS |  
2019-09-20 05:50:09,101 [9b918566-8d2f-4f38-9ce1-65f5cd084216:group-96622BF2F79B:LeaderElection480] INFO  impl.RoleInfo (RoleInfo.java:shutdownLeaderElection(134)) - 9b918566-8d2f-4f38-9ce1-65f5cd084216: shutdown LeaderElection
2019-09-20 05:50:09,101 [9b918566-8d2f-4f38-9ce1-65f5cd084216:group-C0C96F94F210:LeaderElection467] INFO  impl.RoleInfo (RoleInfo.java:shutdownLeaderElection(134)) - 9b918566-8d2f-4f38-9ce1-65f5cd084216: shutdown LeaderElection
2019-09-20 05:50:09,361 [9b918566-8d2f-4f38-9ce1-65f5cd084216:group-C0C96F94F210:LeaderElection467] INFO  impl.RaftServerImpl (RaftServerImpl.java:setRole(171)) - 9b918566-8d2f-4f38-9ce1-65f5cd084216:group-C0C96F94F210 changes role from CANDIDATE to LEADER at term 1 for changeToLeader
2019-09-20 05:50:09,362 | INFO  | DNAudit | user=null | ip=null | op=WRITE_CHUNK {blockData=conID: 7 locID: 102823271275233289 bcsId: 0} | ret=SUCCESS |  
2019-09-20 05:50:09,101 [9b918566-8d2f-4f38-9ce1-65f5cd084216:group-19D8F506A3B5:LeaderElection473] INFO  impl.RoleInfo (RoleInfo.java:shutdownLeaderElection(134)) - 9b918566-8d2f-4f38-9ce1-65f5cd084216: shutdown LeaderElection
2019-09-20 05:50:09,363 [9b918566-8d2f-4f38-9ce1-65f5cd084216:group-19D8F506A3B5:LeaderElection473] INFO  impl.RaftServerImpl (RaftServerImpl.java:setRole(171)) - 9b918566-8d2f-4f38-9ce1-65f5cd084216:group-19D8F506A3B5 changes role from CANDIDATE to LEADER at term 1 for changeToLeader
2019-09-20 05:50:09,101 [9b918566-8d2f-4f38-9ce1-65f5cd084216:group-356D5AA52196:LeaderElection474] INFO  impl.RaftServerImpl (RaftServerImpl.java:setRole(171)) - 9b918566-8d2f-4f38-9ce1-65f5cd084216:group-356D5AA52196 changes role from CANDIDATE to LEADER at term 1 for changeToLeader
2019-09-20 05:50:09,363 | INFO  | SCMAudit | user=jenkins1000 | ip=192.168.36.79 | op=SEND_HEARTBEAT {datanodeUUID=9b918566-8d2f-4f38-9ce1-65f5cd084216, command=[]} | ret=SUCCESS |  
2019-09-20 05:50:09,363 [9b918566-8d2f-4f38-9ce1-65f5cd084216:group-356D5AA52196:LeaderElection474] INFO  impl.RaftServerImpl (ServerState.java:setLeader(263)) - 9b918566-8d2f-4f38-9ce1-65f5cd084216:group-356D5AA52196 change Leader from null to 9b918566-8d2f-4f38-9ce1-65f5cd084216 at term 1 for becomeLeader, leader elected after 7198ms
2019-09-20 05:50:09,101 [9b918566-8d2f-4f38-9ce1-65f5cd084216:group-B4FA85BABDFE:LeaderElection476] INFO  server.RaftServerConfigKeys (ConfUtils.java:logGet(43)) - raft.server.staging.catchup.gap = 1000 (default)
2019-09-20 05:50:09,363 [9b918566-8d2f-4f38-9ce1-65f5cd084216:group-B4FA85BABDFE:LeaderElection476] INFO  server.RaftServerConfigKeys (ConfUtils.java:logGet(43)) - raft.server.rpc.sleep.time = 25ms (default)
2019-09-20 05:50:09,100 [9b918566-8d2f-4f38-9ce1-65f5cd084216:group-9E1ECF1EC588:LeaderElection478] INFO  impl.RoleInfo (RoleInfo.java:shutdownLeaderElection(134)) - 9b918566-8d2f-4f38-9ce1-65f5cd084216: shutdown LeaderElection
2019-09-20 05:50:09,363 [9b918566-8d2f-4f38-9ce1-65f5cd084216:group-9E1ECF1EC588:LeaderElection478] INFO  impl.RaftServerImpl (RaftServerImpl.java:setRole(171)) - 9b918566-8d2f-4f38-9ce1-65f5cd084216:group-9E1ECF1EC588 changes role from CANDIDATE to LEADER at term 1 for changeToLeader
2019-09-20 05:50:09,363 [9b918566-8d2f-4f38-9ce1-65f5cd084216:group-9E1ECF1EC588:LeaderElection478] INFO  impl.RaftServerImpl (ServerState.java:setLeader(263)) - 9b918566-8d2f-4f38-9ce1-65f5cd084216:group-9E1ECF1EC588 change Leader from null to 9b918566-8d2f-4f38-9ce1-65f5cd084216 at term 1 for becomeLeader, leader elected after 6753ms
2019-09-20 05:50:09,100 [9b918566-8d2f-4f38-9ce1-65f5cd084216:group-DDEEE97CADE4:LeaderElection477] INFO  impl.RoleInfo (RoleInfo.java:shutdownLeaderElection(134)) - 9b918566-8d2f-4f38-9ce1-65f5cd084216: shutdown LeaderElection
2019-09-20 05:50:09,100 [9b918566-8d2f-4f38-9ce1-65f5cd084216:group-42B4861D9533:LeaderElection479] INFO  impl.RoleInfo (RoleInfo.java:shutdownLeaderElection(134)) - 9b918566-8d2f-4f38-9ce1-65f5cd084216: shutdown LeaderElection
2019-09-20 05:50:09,364 [9b918566-8d2f-4f38-9ce1-65f5cd084216:group-42B4861D9533:LeaderElection479] INFO  impl.RaftServerImpl (RaftServerImpl.java:setRole(171)) - 9b918566-8d2f-4f38-9ce1-65f5cd084216:group-42B4861D9533 changes role from CANDIDATE to LEADER at term 1 for changeToLeader
2019-09-20 05:50:09,364 [9b918566-8d2f-4f38-9ce1-65f5cd084216:group-42B4861D9533:LeaderElection479] INFO  impl.RaftServerImpl (ServerState.java:setLeader(263)) - 9b918566-8d2f-4f38-9ce1-65f5cd084216:group-42B4861D9533 change Leader from null to 9b918566-8d2f-4f38-9ce1-65f5cd084216 at term 1 for becomeLeader, leader elected after 6850ms
2019-09-20 05:50:09,100 [9b918566-8d2f-4f38-9ce1-65f5cd084216:group-7312B38DB467:LeaderElection471] INFO  impl.RoleInfo (RoleInfo.java:shutdownLeaderElection(134)) - 9b918566-8d2f-4f38-9ce1-65f5cd084216: shutdown LeaderElection
2019-09-20 05:50:09,364 [9b918566-8d2f-4f38-9ce1-65f5cd084216:group-7312B38DB467:LeaderElection471] INFO  impl.RaftServerImpl (RaftServerImpl.java:setRole(171)) - 9b918566-8d2f-4f38-9ce1-65f5cd084216:group-7312B38DB467 changes role from CANDIDATE to LEADER at term 1 for changeToLeader
2019-09-20 05:50:09,100 [9b918566-8d2f-4f38-9ce1-65f5cd084216:group-62DE59026CF0:LeaderElection470] INFO  impl.RoleInfo (RoleInfo.java:shutdownLeaderElection(134)) - 9b918566-8d2f-4f38-9ce1-65f5cd084216: shutdown LeaderElection
2019-09-20 05:50:09,364 [9b918566-8d2f-4f38-9ce1-65f5cd084216:group-62DE59026CF0:LeaderElection470] INFO  impl.RaftServerImpl (RaftServerImpl.java:setRole(171)) - 9b918566-8d2f-4f38-9ce1-65f5cd084216:group-62DE59026CF0 changes role from CANDIDATE to LEADER at term 1 for changeToLeader
2019-09-20 05:50:09,100 [9b918566-8d2f-4f38-9ce1-65f5cd084216:group-24326A8F7FB8:LeaderElection465] INFO  impl.RoleInfo (RoleInfo.java:shutdownLeaderElection(134)) - 9b918566-8d2f-4f38-9ce1-65f5cd084216: shutdown LeaderElection
2019-09-20 05:50:09,364 [9b918566-8d2f-4f38-9ce1-65f5cd084216:group-24326A8F7FB8:LeaderElection465] INFO  impl.RaftServerImpl (RaftServerImpl.java:setRole(171)) - 9b918566-8d2f-4f38-9ce1-65f5cd084216:group-24326A8F7FB8 changes role from CANDIDATE to LEADER at term 1 for changeToLeader
2019-09-20 05:50:09,364 [9b918566-8d2f-4f38-9ce1-65f5cd084216:group-24326A8F7FB8:LeaderElection465] INFO  impl.RaftServerImpl (ServerState.java:setLeader(263)) - 9b918566-8d2f-4f38-9ce1-65f5cd084216:group-24326A8F7FB8 change Leader from null to 9b918566-8d2f-4f38-9ce1-65f5cd084216 at term 1 for becomeLeader, leader elected after 8011ms
2019-09-20 05:50:09,100 [9b918566-8d2f-4f38-9ce1-65f5cd084216:group-EBA770ADA936:LeaderElection469] INFO  impl.RoleInfo (RoleInfo.java:shutdownLeaderElection(134)) - 9b918566-8d2f-4f38-9ce1-65f5cd084216: shutdown LeaderElection
2019-09-20 05:50:09,365 [9b918566-8d2f-4f38-9ce1-65f5cd084216:group-EBA770ADA936:LeaderElection469] INFO  impl.RaftServerImpl (RaftServerImpl.java:setRole(171)) - 9b918566-8d2f-4f38-9ce1-65f5cd084216:group-EBA770ADA936 changes role from CANDIDATE to LEADER at term 1 for changeToLeader
2019-09-20 05:50:09,099 [9b918566-8d2f-4f38-9ce1-65f5cd084216:group-BDC32C52C7F7:LeaderElection472] INFO  impl.RaftServerImpl (ServerState.java:setLeader(263)) - 9b918566-8d2f-4f38-9ce1-65f5cd084216:group-BDC32C52C7F7 change Leader from null to 9b918566-8d2f-4f38-9ce1-65f5cd084216 at term 1 for becomeLeader, leader elected after 7159ms
2019-09-20 05:50:09,365 [9b918566-8d2f-4f38-9ce1-65f5cd084216:group-BDC32C52C7F7:LeaderElection472] INFO  server.RaftServerConfigKeys (ConfUtils.java:logGet(43)) - raft.server.staging.catchup.gap = 1000 (default)
2019-09-20 05:50:09,099 [9b918566-8d2f-4f38-9ce1-65f5cd084216:group-2451DD07C4FA:LeaderElection475] INFO  impl.RoleInfo (RoleInfo.java:shutdownLeaderElection(134)) - 9b918566-8d2f-4f38-9ce1-65f5cd084216: shutdown LeaderElection
2019-09-20 05:50:09,365 [9b918566-8d2f-4f38-9ce1-65f5cd084216:group-2451DD07C4FA:LeaderElection475] INFO  impl.RaftServerImpl (RaftServerImpl.java:setRole(171)) - 9b918566-8d2f-4f38-9ce1-65f5cd084216:group-2451DD07C4FA changes role from CANDIDATE to LEADER at term 1 for changeToLeader
2019-09-20 05:50:09,099 [9b918566-8d2f-4f38-9ce1-65f5cd084216:group-A25CACE966D3:LeaderElection481] INFO  impl.RoleInfo (RoleInfo.java:shutdownLeaderElection(134)) - 9b918566-8d2f-4f38-9ce1-65f5cd084216: shutdown LeaderElection
2019-09-20 05:50:09,365 [9b918566-8d2f-4f38-9ce1-65f5cd084216:group-A25CACE966D3:LeaderElection481] INFO  impl.RaftServerImpl (RaftServerImpl.java:setRole(171)) - 9b918566-8d2f-4f38-9ce1-65f5cd084216:group-A25CACE966D3 changes role from CANDIDATE to LEADER at term 1 for changeToLeader
2019-09-20 05:50:09,365 [9b918566-8d2f-4f38-9ce1-65f5cd084216:group-A25CACE966D3:LeaderElection481] INFO  impl.RaftServerImpl (ServerState.java:setLeader(263)) - 9b918566-8d2f-4f38-9ce1-65f5cd084216:group-A25CACE966D3 change Leader from null to 9b918566-8d2f-4f38-9ce1-65f5cd084216 at term 1 for becomeLeader, leader elected after 6577ms
2019-09-20 05:50:09,099 [9b918566-8d2f-4f38-9ce1-65f5cd084216:group-14C055A8E40F:LeaderElection468] INFO  impl.RaftServerImpl (ServerState.java:setLeader(263)) - 9b918566-8d2f-4f38-9ce1-65f5cd084216:group-14C055A8E40F change Leader from null to 9b918566-8d2f-4f38-9ce1-65f5cd084216 at term 1 for becomeLeader, leader elected after 7490ms
2019-09-20 05:50:09,098 [Thread-3566] WARN  util.JavaUtils (JavaUtils.java:sleep(250)) - Unexpected long sleep: sleep(5057ms) actually took 5423ms which is over the threshold 300ms
2019-09-20 05:50:09,098 [Thread-3563] INFO  impl.FollowerState (FollowerState.java:run(106)) - 9b918566-8d2f-4f38-9ce1-65f5cd084216:group-CDCA2E7D92F9 changes to CANDIDATE, lastRpcTime:5474, electionTimeout:5176ms
2019-09-20 05:50:09,366 [Thread-3563] INFO  impl.RoleInfo (RoleInfo.java:shutdownFollowerState(121)) - 9b918566-8d2f-4f38-9ce1-65f5cd084216: shutdown FollowerState
2019-09-20 05:50:08,651 [9b918566-8d2f-4f38-9ce1-65f5cd084216:group-B51181B3E2D6:LeaderElection463] INFO  impl.RoleInfo (RoleInfo.java:shutdownLeaderElection(134)) - 9b918566-8d2f-4f38-9ce1-65f5cd084216: shutdown LeaderElection
2019-09-20 05:50:09,366 [9b918566-8d2f-4f38-9ce1-65f5cd084216:group-B51181B3E2D6:LeaderElection463] INFO  impl.RaftServerImpl (RaftServerImpl.java:setRole(171)) - 9b918566-8d2f-4f38-9ce1-65f5cd084216:group-B51181B3E2D6 changes role from CANDIDATE to LEADER at term 1 for changeToLeader
2019-09-20 05:50:09,366 [9b918566-8d2f-4f38-9ce1-65f5cd084216:group-B51181B3E2D6:LeaderElection463] INFO  impl.RaftServerImpl (ServerState.java:setLeader(263)) - 9b918566-8d2f-4f38-9ce1-65f5cd084216:group-B51181B3E2D6 change Leader from null to 9b918566-8d2f-4f38-9ce1-65f5cd084216 at term 1 for becomeLeader, leader elected after 8466ms
2019-09-20 05:50:08,650 [9b918566-8d2f-4f38-9ce1-65f5cd084216:group-17246AB8CDB8:LeaderElection464] INFO  impl.RoleInfo (RoleInfo.java:shutdownLeaderElection(134)) - 9b918566-8d2f-4f38-9ce1-65f5cd084216: shutdown LeaderElection
2019-09-20 05:50:09,366 [9b918566-8d2f-4f38-9ce1-65f5cd084216:group-17246AB8CDB8:LeaderElection464] INFO  impl.RaftServerImpl (RaftServerImpl.java:setRole(171)) - 9b918566-8d2f-4f38-9ce1-65f5cd084216:group-17246AB8CDB8 changes role from CANDIDATE to LEADER at term 1 for changeToLeader
2019-09-20 05:50:09,366 [9b918566-8d2f-4f38-9ce1-65f5cd084216:group-17246AB8CDB8:LeaderElection464] INFO  impl.RaftServerImpl (ServerState.java:setLeader(263)) - 9b918566-8d2f-4f38-9ce1-65f5cd084216:group-17246AB8CDB8 change Leader from null to 9b918566-8d2f-4f38-9ce1-65f5cd084216 at term 1 for becomeLeader, leader elected after 8098ms
2019-09-20 05:50:08,650 [9b918566-8d2f-4f38-9ce1-65f5cd084216:group-3854AA616451:LeaderElection458] INFO  server.RaftServerConfigKeys (ConfUtils.java:logGet(43)) - raft.server.watch.element-limit = 65536 (default)
2019-09-20 05:50:08,390 [9b918566-8d2f-4f38-9ce1-65f5cd084216:group-93887C2F4E7A:LeaderElection455] INFO  impl.RaftServerImpl (ServerState.java:setRaftConf(361)) - 9b918566-8d2f-4f38-9ce1-65f5cd084216:group-93887C2F4E7A set configuration 0: [9b918566-8d2f-4f38-9ce1-65f5cd084216:192.168.36.79:46843], old=null at 0
2019-09-20 05:50:08,649 [Thread-3538] INFO  impl.FollowerState (FollowerState.java:run(106)) - 9b918566-8d2f-4f38-9ce1-65f5cd084216:group-133DA12773F6 changes to CANDIDATE, lastRpcTime:5364, electionTimeout:5141ms
2019-09-20 05:50:09,367 [Thread-3538] INFO  impl.RoleInfo (RoleInfo.java:shutdownFollowerState(121)) - 9b918566-8d2f-4f38-9ce1-65f5cd084216: shutdown FollowerState
2019-09-20 05:50:08,649 [9b918566-8d2f-4f38-9ce1-65f5cd084216-SegmentedRaftLogWorker:Storage Directory /workdir/hadoop-ozone/integration-test/target/test-dir/MiniOzoneClusterImpl-29dd0c8c-da21-41d6-af77-5f0a65600fbb/datanode-0/data/ratis/0345eb9f-f0ff-4cb4-a43a-1c95247679e6] INFO  segmented.SegmentedRaftLogWorker (SegmentedRaftLogWorker.java:execute(569)) - 9b918566-8d2f-4f38-9ce1-65f5cd084216-SegmentedRaftLogWorker:Storage Directory /workdir/hadoop-ozone/integration-test/target/test-dir/MiniOzoneClusterImpl-29dd0c8c-da21-41d6-af77-5f0a65600fbb/datanode-0/data/ratis/0345eb9f-f0ff-4cb4-a43a-1c95247679e6: created new log segment /workdir/hadoop-ozone/integration-test/target/test-dir/MiniOzoneClusterImpl-29dd0c8c-da21-41d6-af77-5f0a65600fbb/datanode-0/data/ratis/0345eb9f-f0ff-4cb4-a43a-1c95247679e6/current/log_inprogress_0
2019-09-20 05:50:08,649 [9b918566-8d2f-4f38-9ce1-65f5cd084216-SegmentedRaftLogWorker:Storage Directory /workdir/hadoop-ozone/integration-test/target/test-dir/MiniOzoneClusterImpl-29dd0c8c-da21-41d6-af77-5f0a65600fbb/datanode-0/data/ratis/b192b1d2-f8c3-4f74-9156-8766366c6dfb] INFO  segmented.SegmentedRaftLogWorker (SegmentedRaftLogWorker.java:execute(569)) - 9b918566-8d2f-4f38-9ce1-65f5cd084216-SegmentedRaftLogWorker:Storage Directory /workdir/hadoop-ozone/integration-test/target/test-dir/MiniOzoneClusterImpl-29dd0c8c-da21-41d6-af77-5f0a65600fbb/datanode-0/data/ratis/b192b1d2-f8c3-4f74-9156-8766366c6dfb: created new log segment /workdir/hadoop-ozone/integration-test/target/test-dir/MiniOzoneClusterImpl-29dd0c8c-da21-41d6-af77-5f0a65600fbb/datanode-0/data/ratis/b192b1d2-f8c3-4f74-9156-8766366c6dfb/current/log_inprogress_0
2019-09-20 05:50:08,649 [9b918566-8d2f-4f38-9ce1-65f5cd084216-SegmentedRaftLogWorker:Storage Directory /workdir/hadoop-ozone/integration-test/target/test-dir/MiniOzoneClusterImpl-29dd0c8c-da21-41d6-af77-5f0a65600fbb/datanode-0/data/ratis/c4cef75e-04c2-4cbf-93d2-404a532f4cf2] INFO  segmented.SegmentedRaftLogWorker (SegmentedRaftLogWorker.java:execute(569)) - 9b918566-8d2f-4f38-9ce1-65f5cd084216-SegmentedRaftLogWorker:Storage Directory /workdir/hadoop-ozone/integration-test/target/test-dir/MiniOzoneClusterImpl-29dd0c8c-da21-41d6-af77-5f0a65600fbb/datanode-0/data/ratis/c4cef75e-04c2-4cbf-93d2-404a532f4cf2: created new log segment /workdir/hadoop-ozone/integration-test/target/test-dir/MiniOzoneClusterImpl-29dd0c8c-da21-41d6-af77-5f0a65600fbb/datanode-0/data/ratis/c4cef75e-04c2-4cbf-93d2-404a532f4cf2/current/log_inprogress_0
2019-09-20 05:50:08,649 [9b918566-8d2f-4f38-9ce1-65f5cd084216-SegmentedRaftLogWorker:Storage Directory /workdir/hadoop-ozone/integration-test/target/test-dir/MiniOzoneClusterImpl-29dd0c8c-da21-41d6-af77-5f0a65600fbb/datanode-0/data/ratis/865cbba9-fbbb-48b8-8040-43ece61c6805] INFO  segmented.SegmentedRaftLogWorker (SegmentedRaftLogWorker.java:execute(569)) - 9b918566-8d2f-4f38-9ce1-65f5cd084216-SegmentedRaftLogWorker:Storage Directory /workdir/hadoop-ozone/integration-test/target/test-dir/MiniOzoneClusterImpl-29dd0c8c-da21-41d6-af77-5f0a65600fbb/datanode-0/data/ratis/865cbba9-fbbb-48b8-8040-43ece61c6805: created new log segment /workdir/hadoop-ozone/integration-test/target/test-dir/MiniOzoneClusterImpl-29dd0c8c-da21-41d6-af77-5f0a65600fbb/datanode-0/data/ratis/865cbba9-fbbb-48b8-8040-43ece61c6805/current/log_inprogress_0
2019-09-20 05:50:08,649 [9b918566-8d2f-4f38-9ce1-65f5cd084216-SegmentedRaftLogWorker:Storage Directory /workdir/hadoop-ozone/integration-test/target/test-dir/MiniOzoneClusterImpl-29dd0c8c-da21-41d6-af77-5f0a65600fbb/datanode-0/data/ratis/e9199be6-72bc-486c-b8fd-c677e0e9b046] INFO  segmented.SegmentedRaftLogWorker (SegmentedRaftLogWorker.java:execute(569)) - 9b918566-8d2f-4f38-9ce1-65f5cd084216-SegmentedRaftLogWorker:Storage Directory /workdir/hadoop-ozone/integration-test/target/test-dir/MiniOzoneClusterImpl-29dd0c8c-da21-41d6-af77-5f0a65600fbb/datanode-0/data/ratis/e9199be6-72bc-486c-b8fd-c677e0e9b046: created new log segment /workdir/hadoop-ozone/integration-test/target/test-dir/MiniOzoneClusterImpl-29dd0c8c-da21-41d6-af77-5f0a65600fbb/datanode-0/data/ratis/e9199be6-72bc-486c-b8fd-c677e0e9b046/current/log_inprogress_0
2019-09-20 05:50:08,649 [9b918566-8d2f-4f38-9ce1-65f5cd084216-SegmentedRaftLogWorker:Storage Directory /workdir/hadoop-ozone/integration-test/target/test-dir/MiniOzoneClusterImpl-29dd0c8c-da21-41d6-af77-5f0a65600fbb/datanode-0/data/ratis/607cddea-2a76-4cb7-be7c-fb77bc12edb3] INFO  segmented.SegmentedRaftLogWorker (SegmentedRaftLogWorker.java:execute(569)) - 9b918566-8d2f-4f38-9ce1-65f5cd084216-SegmentedRaftLogWorker:Storage Directory /workdir/hadoop-ozone/integration-test/target/test-dir/MiniOzoneClusterImpl-29dd0c8c-da21-41d6-af77-5f0a65600fbb/datanode-0/data/ratis/607cddea-2a76-4cb7-be7c-fb77bc12edb3: created new log segment /workdir/hadoop-ozone/integration-test/target/test-dir/MiniOzoneClusterImpl-29dd0c8c-da21-41d6-af77-5f0a65600fbb/datanode-0/data/ratis/607cddea-2a76-4cb7-be7c-fb77bc12edb3/current/log_inprogress_0
2019-09-20 05:50:08,649 [9b918566-8d2f-4f38-9ce1-65f5cd084216-SegmentedRaftLogWorker:Storage Directory /workdir/hadoop-ozone/integration-test/target/test-dir/MiniOzoneClusterImpl-29dd0c8c-da21-41d6-af77-5f0a65600fbb/datanode-0/data/ratis/5cd3fbe8-8d21-4e9d-bbb9-bf2ecb3fae12] INFO  segmented.SegmentedRaftLogWorker (SegmentedRaftLogWorker.java:execute(569)) - 9b918566-8d2f-4f38-9ce1-65f5cd084216-SegmentedRaftLogWorker:Storage Directory /workdir/hadoop-ozone/integration-test/target/test-dir/MiniOzoneClusterImpl-29dd0c8c-da21-41d6-af77-5f0a65600fbb/datanode-0/data/ratis/5cd3fbe8-8d21-4e9d-bbb9-bf2ecb3fae12: created new log segment /workdir/hadoop-ozone/integration-test/target/test-dir/MiniOzoneClusterImpl-29dd0c8c-da21-41d6-af77-5f0a65600fbb/datanode-0/data/ratis/5cd3fbe8-8d21-4e9d-bbb9-bf2ecb3fae12/current/log_inprogress_0
2019-09-20 05:50:08,649 [9b918566-8d2f-4f38-9ce1-65f5cd084216-SegmentedRaftLogWorker:Storage Directory /workdir/hadoop-ozone/integration-test/target/test-dir/MiniOzoneClusterImpl-29dd0c8c-da21-41d6-af77-5f0a65600fbb/datanode-0/data/ratis/636ee454-a0c0-43f7-b332-5e0425601d0e] INFO  segmented.SegmentedRaftLogWorker (SegmentedRaftLogWorker.java:execute(569)) - 9b918566-8d2f-4f38-9ce1-65f5cd084216-SegmentedRaftLogWorker:Storage Directory /workdir/hadoop-ozone/integration-test/target/test-dir/MiniOzoneClusterImpl-29dd0c8c-da21-41d6-af77-5f0a65600fbb/datanode-0/data/ratis/636ee454-a0c0-43f7-b332-5e0425601d0e: created new log segment /workdir/hadoop-ozone/integration-test/target/test-dir/MiniOzoneClusterImpl-29dd0c8c-da21-41d6-af77-5f0a65600fbb/datanode-0/data/ratis/636ee454-a0c0-43f7-b332-5e0425601d0e/current/log_inprogress_0
2019-09-20 05:50:08,649 [9b918566-8d2f-4f38-9ce1-65f5cd084216-SegmentedRaftLogWorker:Storage Directory /workdir/hadoop-ozone/integration-test/target/test-dir/MiniOzoneClusterImpl-29dd0c8c-da21-41d6-af77-5f0a65600fbb/datanode-0/data/ratis/7c199daa-8ef1-4482-8ac4-24473509d625] INFO  segmented.SegmentedRaftLogWorker (SegmentedRaftLogWorker.java:execute(569)) - 9b918566-8d2f-4f38-9ce1-65f5cd084216-SegmentedRaftLogWorker:Storage Directory /workdir/hadoop-ozone/integration-test/target/test-dir/MiniOzoneClusterImpl-29dd0c8c-da21-41d6-af77-5f0a65600fbb/datanode-0/data/ratis/7c199daa-8ef1-4482-8ac4-24473509d625: created new log segment /workdir/hadoop-ozone/integration-test/target/test-dir/MiniOzoneClusterImpl-29dd0c8c-da21-41d6-af77-5f0a65600fbb/datanode-0/data/ratis/7c199daa-8ef1-4482-8ac4-24473509d625/current/log_inprogress_0
2019-09-20 05:50:08,649 [9b918566-8d2f-4f38-9ce1-65f5cd084216-SegmentedRaftLogWorker:Storage Directory /workdir/hadoop-ozone/integration-test/target/test-dir/MiniOzoneClusterImpl-29dd0c8c-da21-41d6-af77-5f0a65600fbb/datanode-0/data/ratis/a2dbff88-25f5-444a-8d4e-23d02ff0de8a] INFO  segmented.SegmentedRaftLogWorker (SegmentedRaftLogWorker.java:execute(569)) - 9b918566-8d2f-4f38-9ce1-65f5cd084216-SegmentedRaftLogWorker:Storage Directory /workdir/hadoop-ozone/integration-test/target/test-dir/MiniOzoneClusterImpl-29dd0c8c-da21-41d6-af77-5f0a65600fbb/datanode-0/data/ratis/a2dbff88-25f5-444a-8d4e-23d02ff0de8a: created new log segment /workdir/hadoop-ozone/integration-test/target/test-dir/MiniOzoneClusterImpl-29dd0c8c-da21-41d6-af77-5f0a65600fbb/datanode-0/data/ratis/a2dbff88-25f5-444a-8d4e-23d02ff0de8a/current/log_inprogress_0
2019-09-20 05:50:08,649 [9b918566-8d2f-4f38-9ce1-65f5cd084216-SegmentedRaftLogWorker:Storage Directory /workdir/hadoop-ozone/integration-test/target/test-dir/MiniOzoneClusterImpl-29dd0c8c-da21-41d6-af77-5f0a65600fbb/datanode-0/data/ratis/8c33b40d-7fb0-4708-b473-5dbe4c85e5e5] INFO  segmented.SegmentedRaftLogWorker (SegmentedRaftLogWorker.java:execute(569)) - 9b918566-8d2f-4f38-9ce1-65f5cd084216-SegmentedRaftLogWorker:Storage Directory /workdir/hadoop-ozone/integration-test/target/test-dir/MiniOzoneClusterImpl-29dd0c8c-da21-41d6-af77-5f0a65600fbb/datanode-0/data/ratis/8c33b40d-7fb0-4708-b473-5dbe4c85e5e5: created new log segment /workdir/hadoop-ozone/integration-test/target/test-dir/MiniOzoneClusterImpl-29dd0c8c-da21-41d6-af77-5f0a65600fbb/datanode-0/data/ratis/8c33b40d-7fb0-4708-b473-5dbe4c85e5e5/current/log_inprogress_0
2019-09-20 05:50:08,649 [9b918566-8d2f-4f38-9ce1-65f5cd084216-SegmentedRaftLogWorker:Storage Directory /workdir/hadoop-ozone/integration-test/target/test-dir/MiniOzoneClusterImpl-29dd0c8c-da21-41d6-af77-5f0a65600fbb/datanode-0/data/ratis/3fdde56e-4faf-4cbf-9fba-6f5157b4cf02] INFO  segmented.SegmentedRaftLogWorker (SegmentedRaftLogWorker.java:execute(569)) - 9b918566-8d2f-4f38-9ce1-65f5cd084216-SegmentedRaftLogWorker:Storage Directory /workdir/hadoop-ozone/integration-test/target/test-dir/MiniOzoneClusterImpl-29dd0c8c-da21-41d6-af77-5f0a65600fbb/datanode-0/data/ratis/3fdde56e-4faf-4cbf-9fba-6f5157b4cf02: created new log segment /workdir/hadoop-ozone/integration-test/target/test-dir/MiniOzoneClusterImpl-29dd0c8c-da21-41d6-af77-5f0a65600fbb/datanode-0/data/ratis/3fdde56e-4faf-4cbf-9fba-6f5157b4cf02/current/log_inprogress_0
2019-09-20 05:50:08,649 [9b918566-8d2f-4f38-9ce1-65f5cd084216-SegmentedRaftLogWorker:Storage Directory /workdir/hadoop-ozone/integration-test/target/test-dir/MiniOzoneClusterImpl-29dd0c8c-da21-41d6-af77-5f0a65600fbb/datanode-0/data/ratis/1e9d161b-152e-47f8-9b34-ed930e40d01e] INFO  segmented.SegmentedRaftLogWorker (SegmentedRaftLogWorker.java:execute(569)) - 9b918566-8d2f-4f38-9ce1-65f5cd084216-SegmentedRaftLogWorker:Storage Directory /workdir/hadoop-ozone/integration-test/target/test-dir/MiniOzoneClusterImpl-29dd0c8c-da21-41d6-af77-5f0a65600fbb/datanode-0/data/ratis/1e9d161b-152e-47f8-9b34-ed930e40d01e: created new log segment /workdir/hadoop-ozone/integration-test/target/test-dir/MiniOzoneClusterImpl-29dd0c8c-da21-41d6-af77-5f0a65600fbb/datanode-0/data/ratis/1e9d161b-152e-47f8-9b34-ed930e40d01e/current/log_inprogress_0
2019-09-20 05:50:08,649 [Thread-3545] INFO  impl.FollowerState (FollowerState.java:run(106)) - 9b918566-8d2f-4f38-9ce1-65f5cd084216:group-596D48322396 changes to CANDIDATE, lastRpcTime:5239, electionTimeout:5124ms
2019-09-20 05:50:09,369 [Thread-3545] INFO  impl.RoleInfo (RoleInfo.java:shutdownFollowerState(121)) - 9b918566-8d2f-4f38-9ce1-65f5cd084216: shutdown FollowerState
2019-09-20 05:50:08,649 [Thread-3556] INFO  impl.FollowerState (FollowerState.java:run(106)) - 9b918566-8d2f-4f38-9ce1-65f5cd084216:group-A56C5B637ABD changes to CANDIDATE, lastRpcTime:5104, electionTimeout:5030ms
2019-09-20 05:50:09,369 [Thread-3556] INFO  impl.RoleInfo (RoleInfo.java:shutdownFollowerState(121)) - 9b918566-8d2f-4f38-9ce1-65f5cd084216: shutdown FollowerState
2019-09-20 05:50:08,649 [Thread-3549] INFO  impl.FollowerState (FollowerState.java:run(106)) - 9b918566-8d2f-4f38-9ce1-65f5cd084216:group-FB2ACB3823B3 changes to CANDIDATE, lastRpcTime:5178, electionTimeout:5160ms
2019-09-20 05:50:09,369 [Thread-3556] INFO  impl.RaftServerImpl (RaftServerImpl.java:setRole(171)) - 9b918566-8d2f-4f38-9ce1-65f5cd084216:group-A56C5B637ABD changes role from FOLLOWER to CANDIDATE at term 0 for changeToCandidate
2019-09-20 05:50:09,369 [Thread-3545] INFO  impl.RaftServerImpl (RaftServerImpl.java:setRole(171)) - 9b918566-8d2f-4f38-9ce1-65f5cd084216:group-596D48322396 changes role from FOLLOWER to CANDIDATE at term 0 for changeToCandidate
2019-09-20 05:50:09,367 [Thread-3538] INFO  impl.RaftServerImpl (RaftServerImpl.java:setRole(171)) - 9b918566-8d2f-4f38-9ce1-65f5cd084216:group-133DA12773F6 changes role from FOLLOWER to CANDIDATE at term 0 for changeToCandidate
2019-09-20 05:50:09,369 [Thread-3538] INFO  impl.RoleInfo (RoleInfo.java:updateAndGet(143)) - 9b918566-8d2f-4f38-9ce1-65f5cd084216: start LeaderElection
2019-09-20 05:50:09,367 [9b918566-8d2f-4f38-9ce1-65f5cd084216:group-3854AA616451:LeaderElection458] INFO  impl.RoleInfo (RoleInfo.java:updateAndGet(143)) - 9b918566-8d2f-4f38-9ce1-65f5cd084216: start LeaderState
2019-09-20 05:50:09,366 [9b918566-8d2f-4f38-9ce1-65f5cd084216:group-17246AB8CDB8:LeaderElection464] INFO  server.RaftServerConfigKeys (ConfUtils.java:logGet(43)) - raft.server.staging.catchup.gap = 1000 (default)
2019-09-20 05:50:09,370 [9b918566-8d2f-4f38-9ce1-65f5cd084216:group-3854AA616451:LeaderElection458] INFO  segmented.SegmentedRaftLogWorker (SegmentedRaftLogWorker.java:startLogSegment(380)) - 9b918566-8d2f-4f38-9ce1-65f5cd084216-SegmentedRaftLogWorker:Storage Directory /workdir/hadoop-ozone/integration-test/target/test-dir/MiniOzoneClusterImpl-29dd0c8c-da21-41d6-af77-5f0a65600fbb/datanode-0/data/ratis/90872afe-dcf8-4dbb-8a8d-3854aa616451: Starting segment from index:0
2019-09-20 05:50:09,366 [9b918566-8d2f-4f38-9ce1-65f5cd084216:group-B51181B3E2D6:LeaderElection463] INFO  server.RaftServerConfigKeys (ConfUtils.java:logGet(43)) - raft.server.staging.catchup.gap = 1000 (default)
2019-09-20 05:50:09,602 | INFO  | SCMAudit | user=jenkins1000 | ip=192.168.36.79 | op=SEND_HEARTBEAT {datanodeUUID=9b918566-8d2f-4f38-9ce1-65f5cd084216, command=[]} | ret=SUCCESS |  
2019-09-20 05:50:09,366 [Thread-3563] INFO  impl.RaftServerImpl (RaftServerImpl.java:setRole(171)) - 9b918566-8d2f-4f38-9ce1-65f5cd084216:group-CDCA2E7D92F9 changes role from FOLLOWER to CANDIDATE at term 0 for changeToCandidate
2019-09-20 05:50:09,365 [9b918566-8d2f-4f38-9ce1-65f5cd084216:group-14C055A8E40F:LeaderElection468] INFO  server.RaftServerConfigKeys (ConfUtils.java:logGet(43)) - raft.server.staging.catchup.gap = 1000 (default)
2019-09-20 05:50:09,365 [9b918566-8d2f-4f38-9ce1-65f5cd084216:group-A25CACE966D3:LeaderElection481] INFO  server.RaftServerConfigKeys (ConfUtils.java:logGet(43)) - raft.server.staging.catchup.gap = 1000 (default)
2019-09-20 05:50:09,365 [9b918566-8d2f-4f38-9ce1-65f5cd084216:group-2451DD07C4FA:LeaderElection475] INFO  impl.RaftServerImpl (ServerState.java:setLeader(263)) - 9b918566-8d2f-4f38-9ce1-65f5cd084216:group-2451DD07C4FA change Leader from null to 9b918566-8d2f-4f38-9ce1-65f5cd084216 at term 1 for becomeLeader, leader elected after 7057ms
2019-09-20 05:50:09,365 [9b918566-8d2f-4f38-9ce1-65f5cd084216:group-BDC32C52C7F7:LeaderElection472] INFO  server.RaftServerConfigKeys (ConfUtils.java:logGet(43)) - raft.server.rpc.sleep.time = 25ms (default)
2019-09-20 05:50:09,365 [9b918566-8d2f-4f38-9ce1-65f5cd084216:group-EBA770ADA936:LeaderElection469] INFO  impl.RaftServerImpl (ServerState.java:setLeader(263)) - 9b918566-8d2f-4f38-9ce1-65f5cd084216:group-EBA770ADA936 change Leader from null to 9b918566-8d2f-4f38-9ce1-65f5cd084216 at term 1 for becomeLeader, leader elected after 7619ms
2019-09-20 05:50:09,364 [9b918566-8d2f-4f38-9ce1-65f5cd084216:group-24326A8F7FB8:LeaderElection465] INFO  server.RaftServerConfigKeys (ConfUtils.java:logGet(43)) - raft.server.staging.catchup.gap = 1000 (default)
2019-09-20 05:50:09,605 | INFO  | DNAudit | user=null | ip=null | op=WRITE_CHUNK {blockData=conID: 7 locID: 102823271275233289 bcsId: 0} | ret=SUCCESS |  
2019-09-20 05:50:09,605 [9b918566-8d2f-4f38-9ce1-65f5cd084216:group-24326A8F7FB8:LeaderElection465] INFO  server.RaftServerConfigKeys (ConfUtils.java:logGet(43)) - raft.server.rpc.sleep.time = 25ms (default)
2019-09-20 05:50:09,364 [9b918566-8d2f-4f38-9ce1-65f5cd084216:group-62DE59026CF0:LeaderElection470] INFO  impl.RaftServerImpl (ServerState.java:setLeader(263)) - 9b918566-8d2f-4f38-9ce1-65f5cd084216:group-62DE59026CF0 change Leader from null to 9b918566-8d2f-4f38-9ce1-65f5cd084216 at term 1 for becomeLeader, leader elected after 7688ms
2019-09-20 05:50:09,364 [9b918566-8d2f-4f38-9ce1-65f5cd084216:group-7312B38DB467:LeaderElection471] INFO  impl.RaftServerImpl (ServerState.java:setLeader(263)) - 9b918566-8d2f-4f38-9ce1-65f5cd084216:group-7312B38DB467 change Leader from null to 9b918566-8d2f-4f38-9ce1-65f5cd084216 at term 1 for becomeLeader, leader elected after 7534ms
2019-09-20 05:50:09,364 [9b918566-8d2f-4f38-9ce1-65f5cd084216:group-42B4861D9533:LeaderElection479] INFO  server.RaftServerConfigKeys (ConfUtils.java:logGet(43)) - raft.server.staging.catchup.gap = 1000 (default)
2019-09-20 05:50:09,364 [9b918566-8d2f-4f38-9ce1-65f5cd084216:group-DDEEE97CADE4:LeaderElection477] INFO  impl.RaftServerImpl (RaftServerImpl.java:setRole(171)) - 9b918566-8d2f-4f38-9ce1-65f5cd084216:group-DDEEE97CADE4 changes role from CANDIDATE to LEADER at term 1 for changeToLeader
2019-09-20 05:50:09,363 [9b918566-8d2f-4f38-9ce1-65f5cd084216:group-9E1ECF1EC588:LeaderElection478] INFO  server.RaftServerConfigKeys (ConfUtils.java:logGet(43)) - raft.server.staging.catchup.gap = 1000 (default)
2019-09-20 05:50:09,609 [9b918566-8d2f-4f38-9ce1-65f5cd084216:group-9E1ECF1EC588:LeaderElection478] INFO  server.RaftServerConfigKeys (ConfUtils.java:logGet(43)) - raft.server.rpc.sleep.time = 25ms (default)
2019-09-20 05:50:09,363 [9b918566-8d2f-4f38-9ce1-65f5cd084216:group-B4FA85BABDFE:LeaderElection476] INFO  server.RaftServerConfigKeys (ConfUtils.java:logGet(43)) - raft.server.write.element-limit = 4096 (default)
2019-09-20 05:50:09,609 [9b918566-8d2f-4f38-9ce1-65f5cd084216:group-9E1ECF1EC588:LeaderElection478] INFO  server.RaftServerConfigKeys (ConfUtils.java:logGet(43)) - raft.server.write.element-limit = 4096 (default)
2019-09-20 05:50:09,363 [9b918566-8d2f-4f38-9ce1-65f5cd084216:group-356D5AA52196:LeaderElection474] INFO  server.RaftServerConfigKeys (ConfUtils.java:logGet(43)) - raft.server.staging.catchup.gap = 1000 (default)
2019-09-20 05:50:09,363 [9b918566-8d2f-4f38-9ce1-65f5cd084216:group-19D8F506A3B5:LeaderElection473] INFO  impl.RaftServerImpl (ServerState.java:setLeader(263)) - 9b918566-8d2f-4f38-9ce1-65f5cd084216:group-19D8F506A3B5 change Leader from null to 9b918566-8d2f-4f38-9ce1-65f5cd084216 at term 1 for becomeLeader, leader elected after 7345ms
2019-09-20 05:50:09,610 [9b918566-8d2f-4f38-9ce1-65f5cd084216:group-19D8F506A3B5:LeaderElection473] INFO  server.RaftServerConfigKeys (ConfUtils.java:logGet(43)) - raft.server.staging.catchup.gap = 1000 (default)
2019-09-20 05:50:09,362 [9b918566-8d2f-4f38-9ce1-65f5cd084216:group-C0C96F94F210:LeaderElection467] INFO  impl.RaftServerImpl (ServerState.java:setLeader(263)) - 9b918566-8d2f-4f38-9ce1-65f5cd084216:group-C0C96F94F210 change Leader from null to 9b918566-8d2f-4f38-9ce1-65f5cd084216 at term 1 for becomeLeader, leader elected after 7838ms
2019-09-20 05:50:09,361 [9b918566-8d2f-4f38-9ce1-65f5cd084216:group-96622BF2F79B:LeaderElection480] INFO  impl.RaftServerImpl (RaftServerImpl.java:setRole(171)) - 9b918566-8d2f-4f38-9ce1-65f5cd084216:group-96622BF2F79B changes role from CANDIDATE to LEADER at term 1 for changeToLeader
2019-09-20 05:50:09,361 [9b918566-8d2f-4f38-9ce1-65f5cd084216:group-D2E3D1BC3C4A:LeaderElection466] INFO  impl.RaftServerImpl (RaftServerImpl.java:setRole(171)) - 9b918566-8d2f-4f38-9ce1-65f5cd084216:group-D2E3D1BC3C4A changes role from CANDIDATE to LEADER at term 1 for changeToLeader
2019-09-20 05:50:09,610 [9b918566-8d2f-4f38-9ce1-65f5cd084216:group-D2E3D1BC3C4A:LeaderElection466] INFO  impl.RaftServerImpl (ServerState.java:setLeader(263)) - 9b918566-8d2f-4f38-9ce1-65f5cd084216:group-D2E3D1BC3C4A change Leader from null to 9b918566-8d2f-4f38-9ce1-65f5cd084216 at term 1 for becomeLeader, leader elected after 8188ms
2019-09-20 05:50:09,361 [pool-57-thread-1] INFO  server.RaftServerConfigKeys (ConfUtils.java:logGet(43)) - raft.server.leader.election.timeout = 120s (custom)
2019-09-20 05:50:09,610 [pool-57-thread-1] INFO  server.RaftServerConfigKeys (ConfUtils.java:logGet(43)) - raft.server.log.use.memory = false (default)
2019-09-20 05:50:09,360 [Thread-3512] INFO  impl.RoleInfo (RoleInfo.java:updateAndGet(143)) - 9b918566-8d2f-4f38-9ce1-65f5cd084216: start LeaderElection
2019-09-20 05:50:09,360 [Thread-3569] INFO  impl.FollowerState (FollowerState.java:run(106)) - 9b918566-8d2f-4f38-9ce1-65f5cd084216:group-8D5F95202CDA changes to CANDIDATE, lastRpcTime:5265, electionTimeout:5103ms
2019-09-20 05:50:09,103 [Thread-3531] INFO  impl.RoleInfo (RoleInfo.java:updateAndGet(143)) - 9b918566-8d2f-4f38-9ce1-65f5cd084216: start LeaderElection
2019-09-20 05:50:09,103 [9b918566-8d2f-4f38-9ce1-65f5cd084216:group-641E6D60B548:LeaderElection444] INFO  impl.RaftServerImpl (ServerState.java:setRaftConf(361)) - 9b918566-8d2f-4f38-9ce1-65f5cd084216:group-641E6D60B548 set configuration 0: [9b918566-8d2f-4f38-9ce1-65f5cd084216:192.168.36.79:46843], old=null at 0
2019-09-20 05:50:09,103 [9b918566-8d2f-4f38-9ce1-65f5cd084216:group-DA618FA1B8B2:LeaderElection460] INFO  segmented.SegmentedRaftLogWorker (SegmentedRaftLogWorker.java:startLogSegment(380)) - 9b918566-8d2f-4f38-9ce1-65f5cd084216-SegmentedRaftLogWorker:Storage Directory /workdir/hadoop-ozone/integration-test/target/test-dir/MiniOzoneClusterImpl-29dd0c8c-da21-41d6-af77-5f0a65600fbb/datanode-0/data/ratis/684f5ca1-7aa2-48c5-833a-da618fa1b8b2: Starting segment from index:0
2019-09-20 05:50:09,611 [Thread-3569] INFO  impl.RoleInfo (RoleInfo.java:shutdownFollowerState(121)) - 9b918566-8d2f-4f38-9ce1-65f5cd084216: shutdown FollowerState
2019-09-20 05:50:09,822 | INFO  | SCMAudit | user=jenkins1000 | ip=192.168.36.79 | op=SEND_HEARTBEAT {datanodeUUID=9b918566-8d2f-4f38-9ce1-65f5cd084216, command=[]} | ret=SUCCESS |  
2019-09-20 05:50:09,610 [pool-57-thread-1] INFO  server.RaftServerConfigKeys (ConfUtils.java:logGet(43)) - raft.server.log.purge.gap = 1000000 (custom)
2019-09-20 05:50:09,610 [9b918566-8d2f-4f38-9ce1-65f5cd084216:group-D2E3D1BC3C4A:LeaderElection466] INFO  server.RaftServerConfigKeys (ConfUtils.java:logGet(43)) - raft.server.staging.catchup.gap = 1000 (default)
2019-09-20 05:50:09,610 [9b918566-8d2f-4f38-9ce1-65f5cd084216:group-96622BF2F79B:LeaderElection480] INFO  impl.RaftServerImpl (ServerState.java:setLeader(263)) - 9b918566-8d2f-4f38-9ce1-65f5cd084216:group-96622BF2F79B change Leader from null to 9b918566-8d2f-4f38-9ce1-65f5cd084216 at term 1 for becomeLeader, leader elected after 6915ms
2019-09-20 05:50:09,610 [9b918566-8d2f-4f38-9ce1-65f5cd084216:group-C0C96F94F210:LeaderElection467] INFO  server.RaftServerConfigKeys (ConfUtils.java:logGet(43)) - raft.server.staging.catchup.gap = 1000 (default)
2019-09-20 05:50:09,610 [9b918566-8d2f-4f38-9ce1-65f5cd084216:group-19D8F506A3B5:LeaderElection473] INFO  server.RaftServerConfigKeys (ConfUtils.java:logGet(43)) - raft.server.rpc.sleep.time = 25ms (default)
2019-09-20 05:50:09,609 [9b918566-8d2f-4f38-9ce1-65f5cd084216:group-356D5AA52196:LeaderElection474] INFO  server.RaftServerConfigKeys (ConfUtils.java:logGet(43)) - raft.server.rpc.sleep.time = 25ms (default)
2019-09-20 05:50:09,609 [grpc-default-executor-2] INFO  client.GrpcClientProtocolClient (GrpcClientProtocolClient.java:onNext(255)) - client-23A6115AB560->9b918566-8d2f-4f38-9ce1-65f5cd084216: receive RaftClientReply:client-23A6115AB560->9b918566-8d2f-4f38-9ce1-65f5cd084216@group-6A169ECCAA06, cid=1291, SUCCESS, logIndex=1, commits[9b918566-8d2f-4f38-9ce1-65f5cd084216:c1]
2019-09-20 05:50:09,609 [9b918566-8d2f-4f38-9ce1-65f5cd084216:group-9E1ECF1EC588:LeaderElection478] INFO  server.RaftServerConfigKeys (ConfUtils.java:logGet(43)) - raft.server.watch.timeout = 10s (default)
2019-09-20 05:50:09,609 [9b918566-8d2f-4f38-9ce1-65f5cd084216:group-B4FA85BABDFE:LeaderElection476] INFO  server.RaftServerConfigKeys (ConfUtils.java:logGet(43)) - raft.server.watch.timeout = 10s (default)
2019-09-20 05:50:09,609 [9b918566-8d2f-4f38-9ce1-65f5cd084216:group-DDEEE97CADE4:LeaderElection477] INFO  impl.RaftServerImpl (ServerState.java:setLeader(263)) - 9b918566-8d2f-4f38-9ce1-65f5cd084216:group-DDEEE97CADE4 change Leader from null to 9b918566-8d2f-4f38-9ce1-65f5cd084216 at term 1 for becomeLeader, leader elected after 7144ms
2019-09-20 05:50:09,609 [9b918566-8d2f-4f38-9ce1-65f5cd084216:group-42B4861D9533:LeaderElection479] INFO  server.RaftServerConfigKeys (ConfUtils.java:logGet(43)) - raft.server.rpc.sleep.time = 25ms (default)
2019-09-20 05:50:09,608 [9b918566-8d2f-4f38-9ce1-65f5cd084216:group-7312B38DB467:LeaderElection471] INFO  server.RaftServerConfigKeys (ConfUtils.java:logGet(43)) - raft.server.staging.catchup.gap = 1000 (default)
2019-09-20 05:50:09,827 [9b918566-8d2f-4f38-9ce1-65f5cd084216:group-7312B38DB467:LeaderElection471] INFO  server.RaftServerConfigKeys (ConfUtils.java:logGet(43)) - raft.server.rpc.sleep.time = 25ms (default)
2019-09-20 05:50:09,607 [9b918566-8d2f-4f38-9ce1-65f5cd084216:group-24326A8F7FB8:LeaderElection465] INFO  server.RaftServerConfigKeys (ConfUtils.java:logGet(43)) - raft.server.write.element-limit = 4096 (default)
2019-09-20 05:50:09,607 [9b918566-8d2f-4f38-9ce1-65f5cd084216:group-62DE59026CF0:LeaderElection470] INFO  server.RaftServerConfigKeys (ConfUtils.java:logGet(43)) - raft.server.staging.catchup.gap = 1000 (default)
2019-09-20 05:50:09,829 [9b918566-8d2f-4f38-9ce1-65f5cd084216:group-7312B38DB467:LeaderElection471] INFO  server.RaftServerConfigKeys (ConfUtils.java:logGet(43)) - raft.server.write.element-limit = 4096 (default)
2019-09-20 05:50:09,605 [9b918566-8d2f-4f38-9ce1-65f5cd084216:group-EBA770ADA936:LeaderElection469] INFO  server.RaftServerConfigKeys (ConfUtils.java:logGet(43)) - raft.server.staging.catchup.gap = 1000 (default)
2019-09-20 05:50:09,605 [9b918566-8d2f-4f38-9ce1-65f5cd084216:group-BDC32C52C7F7:LeaderElection472] INFO  server.RaftServerConfigKeys (ConfUtils.java:logGet(43)) - raft.server.write.element-limit = 4096 (default)
2019-09-20 05:50:09,605 [9b918566-8d2f-4f38-9ce1-65f5cd084216:group-2451DD07C4FA:LeaderElection475] INFO  server.RaftServerConfigKeys (ConfUtils.java:logGet(43)) - raft.server.staging.catchup.gap = 1000 (default)
2019-09-20 05:50:09,605 [9b918566-8d2f-4f38-9ce1-65f5cd084216:group-A25CACE966D3:LeaderElection481] INFO  server.RaftServerConfigKeys (ConfUtils.java:logGet(43)) - raft.server.rpc.sleep.time = 25ms (default)
2019-09-20 05:50:09,605 [9b918566-8d2f-4f38-9ce1-65f5cd084216:group-14C055A8E40F:LeaderElection468] INFO  server.RaftServerConfigKeys (ConfUtils.java:logGet(43)) - raft.server.rpc.sleep.time = 25ms (default)
2019-09-20 05:50:09,605 [Thread-3563] INFO  impl.RoleInfo (RoleInfo.java:updateAndGet(143)) - 9b918566-8d2f-4f38-9ce1-65f5cd084216: start LeaderElection
2019-09-20 05:50:09,370 [9b918566-8d2f-4f38-9ce1-65f5cd084216:group-3854AA616451:LeaderElection458] INFO  impl.RaftServerImpl (ServerState.java:setRaftConf(361)) - 9b918566-8d2f-4f38-9ce1-65f5cd084216:group-3854AA616451 set configuration 0: [9b918566-8d2f-4f38-9ce1-65f5cd084216:192.168.36.79:46843], old=null at 0
2019-09-20 05:50:09,604 [9b918566-8d2f-4f38-9ce1-65f5cd084216:group-17255EC37A1D:LeaderElection482] INFO  impl.LeaderElection (LeaderElection.java:askForVotes(181)) - 9b918566-8d2f-4f38-9ce1-65f5cd084216:group-17255EC37A1D:LeaderElection482: begin an election at term 1 for -1: [9b918566-8d2f-4f38-9ce1-65f5cd084216:192.168.36.79:46843], old=null
2019-09-20 05:50:09,370 [9b918566-8d2f-4f38-9ce1-65f5cd084216:group-B51181B3E2D6:LeaderElection463] INFO  server.RaftServerConfigKeys (ConfUtils.java:logGet(43)) - raft.server.rpc.sleep.time = 25ms (default)
2019-09-20 05:50:09,370 [9b918566-8d2f-4f38-9ce1-65f5cd084216:group-17246AB8CDB8:LeaderElection464] INFO  server.RaftServerConfigKeys (ConfUtils.java:logGet(43)) - raft.server.rpc.sleep.time = 25ms (default)
2019-09-20 05:50:09,369 [Thread-3545] INFO  impl.RoleInfo (RoleInfo.java:updateAndGet(143)) - 9b918566-8d2f-4f38-9ce1-65f5cd084216: start LeaderElection
2019-09-20 05:50:09,831 [9b918566-8d2f-4f38-9ce1-65f5cd084216:group-17246AB8CDB8:LeaderElection464] INFO  server.RaftServerConfigKeys (ConfUtils.java:logGet(43)) - raft.server.write.element-limit = 4096 (default)
2019-09-20 05:50:09,369 [Thread-3556] INFO  impl.RoleInfo (RoleInfo.java:updateAndGet(143)) - 9b918566-8d2f-4f38-9ce1-65f5cd084216: start LeaderElection
2019-09-20 05:50:09,369 [Thread-3549] INFO  impl.RoleInfo (RoleInfo.java:shutdownFollowerState(121)) - 9b918566-8d2f-4f38-9ce1-65f5cd084216: shutdown FollowerState
2019-09-20 05:50:09,831 [9b918566-8d2f-4f38-9ce1-65f5cd084216:group-17246AB8CDB8:LeaderElection464] INFO  server.RaftServerConfigKeys (ConfUtils.java:logGet(43)) - raft.server.watch.timeout = 10s (default)
2019-09-20 05:50:09,831 [9b918566-8d2f-4f38-9ce1-65f5cd084216:group-B51181B3E2D6:LeaderElection463] INFO  server.RaftServerConfigKeys (ConfUtils.java:logGet(43)) - raft.server.write.element-limit = 4096 (default)
2019-09-20 05:50:09,831 [9b918566-8d2f-4f38-9ce1-65f5cd084216:group-17255EC37A1D:LeaderElection482] INFO  impl.RoleInfo (RoleInfo.java:shutdownLeaderElection(134)) - 9b918566-8d2f-4f38-9ce1-65f5cd084216: shutdown LeaderElection
2019-09-20 05:50:09,830 [9b918566-8d2f-4f38-9ce1-65f5cd084216:group-14C055A8E40F:LeaderElection468] INFO  server.RaftServerConfigKeys (ConfUtils.java:logGet(43)) - raft.server.write.element-limit = 4096 (default)
2019-09-20 05:50:09,830 [9b918566-8d2f-4f38-9ce1-65f5cd084216:group-A25CACE966D3:LeaderElection481] INFO  server.RaftServerConfigKeys (ConfUtils.java:logGet(43)) - raft.server.write.element-limit = 4096 (default)
2019-09-20 05:50:09,832 [9b918566-8d2f-4f38-9ce1-65f5cd084216:group-A25CACE966D3:LeaderElection481] INFO  server.RaftServerConfigKeys (ConfUtils.java:logGet(43)) - raft.server.watch.timeout = 10s (default)
2019-09-20 05:50:09,830 [9b918566-8d2f-4f38-9ce1-65f5cd084216:group-2451DD07C4FA:LeaderElection475] INFO  server.RaftServerConfigKeys (ConfUtils.java:logGet(43)) - raft.server.rpc.sleep.time = 25ms (default)
2019-09-20 05:50:09,829 [9b918566-8d2f-4f38-9ce1-65f5cd084216:group-BDC32C52C7F7:LeaderElection472] INFO  server.RaftServerConfigKeys (ConfUtils.java:logGet(43)) - raft.server.watch.timeout = 10s (default)
2019-09-20 05:50:09,829 [9b918566-8d2f-4f38-9ce1-65f5cd084216:group-EBA770ADA936:LeaderElection469] INFO  server.RaftServerConfigKeys (ConfUtils.java:logGet(43)) - raft.server.rpc.sleep.time = 25ms (default)
2019-09-20 05:50:09,829 [9b918566-8d2f-4f38-9ce1-65f5cd084216:group-7312B38DB467:LeaderElection471] INFO  server.RaftServerConfigKeys (ConfUtils.java:logGet(43)) - raft.server.watch.timeout = 10s (default)
2019-09-20 05:50:09,829 [9b918566-8d2f-4f38-9ce1-65f5cd084216:group-62DE59026CF0:LeaderElection470] INFO  server.RaftServerConfigKeys (ConfUtils.java:logGet(43)) - raft.server.rpc.sleep.time = 25ms (default)
2019-09-20 05:50:09,829 [9b918566-8d2f-4f38-9ce1-65f5cd084216:group-24326A8F7FB8:LeaderElection465] INFO  server.RaftServerConfigKeys (ConfUtils.java:logGet(43)) - raft.server.watch.timeout = 10s (default)
2019-09-20 05:50:09,827 [9b918566-8d2f-4f38-9ce1-65f5cd084216:group-42B4861D9533:LeaderElection479] INFO  server.RaftServerConfigKeys (ConfUtils.java:logGet(43)) - raft.server.write.element-limit = 4096 (default)
2019-09-20 05:50:09,826 [9b918566-8d2f-4f38-9ce1-65f5cd084216:group-DDEEE97CADE4:LeaderElection477] INFO  server.RaftServerConfigKeys (ConfUtils.java:logGet(43)) - raft.server.staging.catchup.gap = 1000 (default)
2019-09-20 05:50:09,825 [9b918566-8d2f-4f38-9ce1-65f5cd084216:group-B4FA85BABDFE:LeaderElection476] INFO  server.RaftServerConfigKeys (ConfUtils.java:logGet(43)) - raft.server.watch.timeout.denomination = 1s (default)
2019-09-20 05:50:09,825 [9b918566-8d2f-4f38-9ce1-65f5cd084216:group-9E1ECF1EC588:LeaderElection478] INFO  server.RaftServerConfigKeys (ConfUtils.java:logGet(43)) - raft.server.watch.timeout.denomination = 1s (default)
2019-09-20 05:50:09,823 [9b918566-8d2f-4f38-9ce1-65f5cd084216:group-356D5AA52196:LeaderElection474] INFO  server.RaftServerConfigKeys (ConfUtils.java:logGet(43)) - raft.server.write.element-limit = 4096 (default)
2019-09-20 05:50:09,823 [9b918566-8d2f-4f38-9ce1-65f5cd084216:group-19D8F506A3B5:LeaderElection473] INFO  server.RaftServerConfigKeys (ConfUtils.java:logGet(43)) - raft.server.write.element-limit = 4096 (default)
2019-09-20 05:50:09,823 [9b918566-8d2f-4f38-9ce1-65f5cd084216:group-C0C96F94F210:LeaderElection467] INFO  server.RaftServerConfigKeys (ConfUtils.java:logGet(43)) - raft.server.rpc.sleep.time = 25ms (default)
2019-09-20 05:50:09,823 [9b918566-8d2f-4f38-9ce1-65f5cd084216:group-96622BF2F79B:LeaderElection480] INFO  server.RaftServerConfigKeys (ConfUtils.java:logGet(43)) - raft.server.staging.catchup.gap = 1000 (default)
2019-09-20 05:50:09,823 [9b918566-8d2f-4f38-9ce1-65f5cd084216:group-D2E3D1BC3C4A:LeaderElection466] INFO  server.RaftServerConfigKeys (ConfUtils.java:logGet(43)) - raft.server.rpc.sleep.time = 25ms (default)
2019-09-20 05:50:09,822 [pool-57-thread-1] INFO  server.RaftServerConfigKeys (ConfUtils.java:logGet(43)) - raft.server.log.appender.buffer.byte-limit = 33554432 (custom)
2019-09-20 05:50:09,822 [9b918566-8d2f-4f38-9ce1-65f5cd084216:group-DA618FA1B8B2:LeaderElection460] INFO  impl.RaftServerImpl (ServerState.java:setRaftConf(361)) - 9b918566-8d2f-4f38-9ce1-65f5cd084216:group-DA618FA1B8B2 set configuration 0: [9b918566-8d2f-4f38-9ce1-65f5cd084216:192.168.36.79:46843], old=null at 0
2019-09-20 05:50:09,822 [StateMachineUpdater:9b918566-8d2f-4f38-9ce1-65f5cd084216:group-6A169ECCAA06] INFO  ratis.ContainerStateMachine (ContainerStateMachine.java:takeSnapshot(283)) - group-6A169ECCAA06: Taking a snapshot at:(t:1, i:1) file /workdir/hadoop-ozone/integration-test/target/test-dir/MiniOzoneClusterImpl-29dd0c8c-da21-41d6-af77-5f0a65600fbb/datanode-0/data/ratis/3334cfc7-b579-49c5-a5a6-6a169eccaa06/sm/snapshot.1_1
2019-09-20 05:50:09,822 [9b918566-8d2f-4f38-9ce1-65f5cd084216:group-133DA12773F6:LeaderElection487] INFO  impl.LeaderElection (LeaderElection.java:askForVotes(181)) - 9b918566-8d2f-4f38-9ce1-65f5cd084216:group-133DA12773F6:LeaderElection487: begin an election at term 1 for -1: [9b918566-8d2f-4f38-9ce1-65f5cd084216:192.168.36.79:46843], old=null
2019-09-20 05:50:09,822 [9b918566-8d2f-4f38-9ce1-65f5cd084216:group-1A7E6EC3BB63:LeaderElection484] INFO  impl.LeaderElection (LeaderElection.java:askForVotes(181)) - 9b918566-8d2f-4f38-9ce1-65f5cd084216:group-1A7E6EC3BB63:LeaderElection484: begin an election at term 1 for -1: [9b918566-8d2f-4f38-9ce1-65f5cd084216:192.168.36.79:46843], old=null
2019-09-20 05:50:09,834 [9b918566-8d2f-4f38-9ce1-65f5cd084216:group-1A7E6EC3BB63:LeaderElection484] INFO  impl.RoleInfo (RoleInfo.java:shutdownLeaderElection(134)) - 9b918566-8d2f-4f38-9ce1-65f5cd084216: shutdown LeaderElection
2019-09-20 05:50:09,611 [Thread-3569] INFO  impl.RaftServerImpl (RaftServerImpl.java:setRole(171)) - 9b918566-8d2f-4f38-9ce1-65f5cd084216:group-8D5F95202CDA changes role from FOLLOWER to CANDIDATE at term 0 for changeToCandidate
2019-09-20 05:50:09,834 [9b918566-8d2f-4f38-9ce1-65f5cd084216:group-1A7E6EC3BB63:LeaderElection484] INFO  impl.RaftServerImpl (RaftServerImpl.java:setRole(171)) - 9b918566-8d2f-4f38-9ce1-65f5cd084216:group-1A7E6EC3BB63 changes role from CANDIDATE to LEADER at term 1 for changeToLeader
2019-09-20 05:50:09,834 [9b918566-8d2f-4f38-9ce1-65f5cd084216:group-133DA12773F6:LeaderElection487] INFO  impl.RoleInfo (RoleInfo.java:shutdownLeaderElection(134)) - 9b918566-8d2f-4f38-9ce1-65f5cd084216: shutdown LeaderElection
2019-09-20 05:50:09,834 [9b918566-8d2f-4f38-9ce1-65f5cd084216:group-133DA12773F6:LeaderElection487] INFO  impl.RaftServerImpl (RaftServerImpl.java:setRole(171)) - 9b918566-8d2f-4f38-9ce1-65f5cd084216:group-133DA12773F6 changes role from CANDIDATE to LEADER at term 1 for changeToLeader
2019-09-20 05:50:09,834 [9b918566-8d2f-4f38-9ce1-65f5cd084216:group-133DA12773F6:LeaderElection487] INFO  impl.RaftServerImpl (ServerState.java:setLeader(263)) - 9b918566-8d2f-4f38-9ce1-65f5cd084216:group-133DA12773F6 change Leader from null to 9b918566-8d2f-4f38-9ce1-65f5cd084216 at term 1 for becomeLeader, leader elected after 6554ms
2019-09-20 05:50:09,833 [pool-57-thread-1] INFO  server.RaftServerConfigKeys (ConfUtils.java:logGet(43)) - raft.server.log.segment.size.max = 1048576 (custom)
2019-09-20 05:50:09,834 [pool-57-thread-1] INFO  server.RaftServerConfigKeys (ConfUtils.java:logGet(43)) - raft.server.log.segment.cache.num.max = 2 (custom)
2019-09-20 05:50:09,833 [9b918566-8d2f-4f38-9ce1-65f5cd084216:group-D2E3D1BC3C4A:LeaderElection466] INFO  server.RaftServerConfigKeys (ConfUtils.java:logGet(43)) - raft.server.write.element-limit = 4096 (default)
2019-09-20 05:50:09,833 [9b918566-8d2f-4f38-9ce1-65f5cd084216:group-96622BF2F79B:LeaderElection480] INFO  server.RaftServerConfigKeys (ConfUtils.java:logGet(43)) - raft.server.rpc.sleep.time = 25ms (default)
2019-09-20 05:50:09,833 [9b918566-8d2f-4f38-9ce1-65f5cd084216:group-C0C96F94F210:LeaderElection467] INFO  server.RaftServerConfigKeys (ConfUtils.java:logGet(43)) - raft.server.write.element-limit = 4096 (default)
2019-09-20 05:50:09,833 [9b918566-8d2f-4f38-9ce1-65f5cd084216:group-19D8F506A3B5:LeaderElection473] INFO  server.RaftServerConfigKeys (ConfUtils.java:logGet(43)) - raft.server.watch.timeout = 10s (default)
2019-09-20 05:50:09,833 [9b918566-8d2f-4f38-9ce1-65f5cd084216:group-356D5AA52196:LeaderElection474] INFO  server.RaftServerConfigKeys (ConfUtils.java:logGet(43)) - raft.server.watch.timeout = 10s (default)
2019-09-20 05:50:09,835 [9b918566-8d2f-4f38-9ce1-65f5cd084216:group-356D5AA52196:LeaderElection474] INFO  server.RaftServerConfigKeys (ConfUtils.java:logGet(43)) - raft.server.watch.timeout.denomination = 1s (default)
2019-09-20 05:50:09,833 [9b918566-8d2f-4f38-9ce1-65f5cd084216:group-9E1ECF1EC588:LeaderElection478] INFO  server.RaftServerConfigKeys (ConfUtils.java:logGet(43)) - raft.server.watch.element-limit = 65536 (default)
2019-09-20 05:50:09,833 [9b918566-8d2f-4f38-9ce1-65f5cd084216:group-B4FA85BABDFE:LeaderElection476] INFO  server.RaftServerConfigKeys (ConfUtils.java:logGet(43)) - raft.server.watch.element-limit = 65536 (default)
2019-09-20 05:50:09,833 [9b918566-8d2f-4f38-9ce1-65f5cd084216:group-DDEEE97CADE4:LeaderElection477] INFO  server.RaftServerConfigKeys (ConfUtils.java:logGet(43)) - raft.server.rpc.sleep.time = 25ms (default)
2019-09-20 05:50:09,832 [9b918566-8d2f-4f38-9ce1-65f5cd084216:group-42B4861D9533:LeaderElection479] INFO  server.RaftServerConfigKeys (ConfUtils.java:logGet(43)) - raft.server.watch.timeout = 10s (default)
2019-09-20 05:50:09,835 [9b918566-8d2f-4f38-9ce1-65f5cd084216:group-42B4861D9533:LeaderElection479] INFO  server.RaftServerConfigKeys (ConfUtils.java:logGet(43)) - raft.server.watch.timeout.denomination = 1s (default)
2019-09-20 05:50:09,832 [9b918566-8d2f-4f38-9ce1-65f5cd084216:group-24326A8F7FB8:LeaderElection465] INFO  server.RaftServerConfigKeys (ConfUtils.java:logGet(43)) - raft.server.watch.timeout.denomination = 1s (default)
2019-09-20 05:50:09,835 [9b918566-8d2f-4f38-9ce1-65f5cd084216:group-24326A8F7FB8:LeaderElection465] INFO  server.RaftServerConfigKeys (ConfUtils.java:logGet(43)) - raft.server.watch.element-limit = 65536 (default)
2019-09-20 05:50:09,832 [9b918566-8d2f-4f38-9ce1-65f5cd084216:group-62DE59026CF0:LeaderElection470] INFO  server.RaftServerConfigKeys (ConfUtils.java:logGet(43)) - raft.server.write.element-limit = 4096 (default)
2019-09-20 05:50:09,832 [9b918566-8d2f-4f38-9ce1-65f5cd084216:group-EBA770ADA936:LeaderElection469] INFO  server.RaftServerConfigKeys (ConfUtils.java:logGet(43)) - raft.server.write.element-limit = 4096 (default)
2019-09-20 05:50:09,832 [9b918566-8d2f-4f38-9ce1-65f5cd084216:group-7312B38DB467:LeaderElection471] INFO  server.RaftServerConfigKeys (ConfUtils.java:logGet(43)) - raft.server.watch.timeout.denomination = 1s (default)
2019-09-20 05:50:09,836 [9b918566-8d2f-4f38-9ce1-65f5cd084216:group-7312B38DB467:LeaderElection471] INFO  server.RaftServerConfigKeys (ConfUtils.java:logGet(43)) - raft.server.watch.element-limit = 65536 (default)
2019-09-20 05:50:09,832 [9b918566-8d2f-4f38-9ce1-65f5cd084216:group-BDC32C52C7F7:LeaderElection472] INFO  server.RaftServerConfigKeys (ConfUtils.java:logGet(43)) - raft.server.watch.timeout.denomination = 1s (default)
2019-09-20 05:50:09,836 [9b918566-8d2f-4f38-9ce1-65f5cd084216:group-BDC32C52C7F7:LeaderElection472] INFO  server.RaftServerConfigKeys (ConfUtils.java:logGet(43)) - raft.server.watch.element-limit = 65536 (default)
2019-09-20 05:50:09,832 [9b918566-8d2f-4f38-9ce1-65f5cd084216:group-2451DD07C4FA:LeaderElection475] INFO  server.RaftServerConfigKeys (ConfUtils.java:logGet(43)) - raft.server.write.element-limit = 4096 (default)
2019-09-20 05:50:09,832 [9b918566-8d2f-4f38-9ce1-65f5cd084216:group-A25CACE966D3:LeaderElection481] INFO  server.RaftServerConfigKeys (ConfUtils.java:logGet(43)) - raft.server.watch.timeout.denomination = 1s (default)
2019-09-20 05:50:09,836 [9b918566-8d2f-4f38-9ce1-65f5cd084216:group-A25CACE966D3:LeaderElection481] INFO  server.RaftServerConfigKeys (ConfUtils.java:logGet(43)) - raft.server.watch.element-limit = 65536 (default)
2019-09-20 05:50:09,832 [9b918566-8d2f-4f38-9ce1-65f5cd084216:group-14C055A8E40F:LeaderElection468] INFO  server.RaftServerConfigKeys (ConfUtils.java:logGet(43)) - raft.server.watch.timeout = 10s (default)
2019-09-20 05:50:09,832 [9b918566-8d2f-4f38-9ce1-65f5cd084216:group-17255EC37A1D:LeaderElection482] INFO  impl.RaftServerImpl (RaftServerImpl.java:setRole(171)) - 9b918566-8d2f-4f38-9ce1-65f5cd084216:group-17255EC37A1D changes role from CANDIDATE to LEADER at term 1 for changeToLeader
2019-09-20 05:50:09,831 [9b918566-8d2f-4f38-9ce1-65f5cd084216:group-B51181B3E2D6:LeaderElection463] INFO  server.RaftServerConfigKeys (ConfUtils.java:logGet(43)) - raft.server.watch.timeout = 10s (default)
2019-09-20 05:50:09,831 [9b918566-8d2f-4f38-9ce1-65f5cd084216:group-17246AB8CDB8:LeaderElection464] INFO  server.RaftServerConfigKeys (ConfUtils.java:logGet(43)) - raft.server.watch.timeout.denomination = 1s (default)
2019-09-20 05:50:09,831 [Thread-3549] INFO  impl.RaftServerImpl (RaftServerImpl.java:setRole(171)) - 9b918566-8d2f-4f38-9ce1-65f5cd084216:group-FB2ACB3823B3 changes role from FOLLOWER to CANDIDATE at term 0 for changeToCandidate
2019-09-20 05:50:09,837 [9b918566-8d2f-4f38-9ce1-65f5cd084216:group-17246AB8CDB8:LeaderElection464] INFO  server.RaftServerConfigKeys (ConfUtils.java:logGet(43)) - raft.server.watch.element-limit = 65536 (default)
2019-09-20 05:50:09,836 [9b918566-8d2f-4f38-9ce1-65f5cd084216:group-B51181B3E2D6:LeaderElection463] INFO  server.RaftServerConfigKeys (ConfUtils.java:logGet(43)) - raft.server.watch.timeout.denomination = 1s (default)
2019-09-20 05:50:09,836 [9b918566-8d2f-4f38-9ce1-65f5cd084216:group-17255EC37A1D:LeaderElection482] INFO  impl.RaftServerImpl (ServerState.java:setLeader(263)) - 9b918566-8d2f-4f38-9ce1-65f5cd084216:group-17255EC37A1D change Leader from null to 9b918566-8d2f-4f38-9ce1-65f5cd084216 at term 1 for becomeLeader, leader elected after 6742ms
2019-09-20 05:50:09,836 [9b918566-8d2f-4f38-9ce1-65f5cd084216:group-14C055A8E40F:LeaderElection468] INFO  server.RaftServerConfigKeys (ConfUtils.java:logGet(43)) - raft.server.watch.timeout.denomination = 1s (default)
2019-09-20 05:50:09,836 [9b918566-8d2f-4f38-9ce1-65f5cd084216:group-A25CACE966D3:LeaderElection481] INFO  impl.RoleInfo (RoleInfo.java:updateAndGet(143)) - 9b918566-8d2f-4f38-9ce1-65f5cd084216: start LeaderState
2019-09-20 05:50:09,836 [9b918566-8d2f-4f38-9ce1-65f5cd084216:group-2451DD07C4FA:LeaderElection475] INFO  server.RaftServerConfigKeys (ConfUtils.java:logGet(43)) - raft.server.watch.timeout = 10s (default)
2019-09-20 05:50:09,836 [9b918566-8d2f-4f38-9ce1-65f5cd084216:group-BDC32C52C7F7:LeaderElection472] INFO  impl.RoleInfo (RoleInfo.java:updateAndGet(143)) - 9b918566-8d2f-4f38-9ce1-65f5cd084216: start LeaderState
2019-09-20 05:50:09,836 [9b918566-8d2f-4f38-9ce1-65f5cd084216:group-7312B38DB467:LeaderElection471] INFO  impl.RoleInfo (RoleInfo.java:updateAndGet(143)) - 9b918566-8d2f-4f38-9ce1-65f5cd084216: start LeaderState
2019-09-20 05:50:09,836 [9b918566-8d2f-4f38-9ce1-65f5cd084216:group-EBA770ADA936:LeaderElection469] INFO  server.RaftServerConfigKeys (ConfUtils.java:logGet(43)) - raft.server.watch.timeout = 10s (default)
2019-09-20 05:50:09,835 [9b918566-8d2f-4f38-9ce1-65f5cd084216:group-62DE59026CF0:LeaderElection470] INFO  server.RaftServerConfigKeys (ConfUtils.java:logGet(43)) - raft.server.watch.timeout = 10s (default)
2019-09-20 05:50:09,835 [9b918566-8d2f-4f38-9ce1-65f5cd084216:group-24326A8F7FB8:LeaderElection465] INFO  impl.RoleInfo (RoleInfo.java:updateAndGet(143)) - 9b918566-8d2f-4f38-9ce1-65f5cd084216: start LeaderState
2019-09-20 05:50:09,835 [9b918566-8d2f-4f38-9ce1-65f5cd084216:group-42B4861D9533:LeaderElection479] INFO  server.RaftServerConfigKeys (ConfUtils.java:logGet(43)) - raft.server.watch.element-limit = 65536 (default)
2019-09-20 05:50:09,835 [9b918566-8d2f-4f38-9ce1-65f5cd084216:group-DDEEE97CADE4:LeaderElection477] INFO  server.RaftServerConfigKeys (ConfUtils.java:logGet(43)) - raft.server.write.element-limit = 4096 (default)
2019-09-20 05:50:09,835 [9b918566-8d2f-4f38-9ce1-65f5cd084216:group-B4FA85BABDFE:LeaderElection476] INFO  impl.RoleInfo (RoleInfo.java:updateAndGet(143)) - 9b918566-8d2f-4f38-9ce1-65f5cd084216: start LeaderState
2019-09-20 05:50:09,835 [9b918566-8d2f-4f38-9ce1-65f5cd084216:group-9E1ECF1EC588:LeaderElection478] INFO  impl.RoleInfo (RoleInfo.java:updateAndGet(143)) - 9b918566-8d2f-4f38-9ce1-65f5cd084216: start LeaderState
2019-09-20 05:50:09,835 [9b918566-8d2f-4f38-9ce1-65f5cd084216:group-356D5AA52196:LeaderElection474] INFO  server.RaftServerConfigKeys (ConfUtils.java:logGet(43)) - raft.server.watch.element-limit = 65536 (default)
2019-09-20 05:50:09,834 [9b918566-8d2f-4f38-9ce1-65f5cd084216:group-19D8F506A3B5:LeaderElection473] INFO  server.RaftServerConfigKeys (ConfUtils.java:logGet(43)) - raft.server.watch.timeout.denomination = 1s (default)
2019-09-20 05:50:09,838 [9b918566-8d2f-4f38-9ce1-65f5cd084216:group-19D8F506A3B5:LeaderElection473] INFO  server.RaftServerConfigKeys (ConfUtils.java:logGet(43)) - raft.server.watch.element-limit = 65536 (default)
2019-09-20 05:50:09,834 [9b918566-8d2f-4f38-9ce1-65f5cd084216:group-C0C96F94F210:LeaderElection467] INFO  server.RaftServerConfigKeys (ConfUtils.java:logGet(43)) - raft.server.watch.timeout = 10s (default)
2019-09-20 05:50:09,834 [9b918566-8d2f-4f38-9ce1-65f5cd084216:group-96622BF2F79B:LeaderElection480] INFO  server.RaftServerConfigKeys (ConfUtils.java:logGet(43)) - raft.server.write.element-limit = 4096 (default)
2019-09-20 05:50:09,834 [9b918566-8d2f-4f38-9ce1-65f5cd084216:group-D2E3D1BC3C4A:LeaderElection466] INFO  server.RaftServerConfigKeys (ConfUtils.java:logGet(43)) - raft.server.watch.timeout = 10s (default)
2019-09-20 05:50:09,834 [pool-57-thread-1] INFO  segmented.SegmentedRaftLogWorker (SegmentedRaftLogWorker.java:<init>(172)) - new 9b918566-8d2f-4f38-9ce1-65f5cd084216-SegmentedRaftLogWorker:Storage Directory /workdir/hadoop-ozone/integration-test/target/test-dir/MiniOzoneClusterImpl-29dd0c8c-da21-41d6-af77-5f0a65600fbb/datanode-0/data/ratis/9cd58e4d-ad99-4de7-b2e4-a0798eca86d6 for RaftStorage:Storage Directory /workdir/hadoop-ozone/integration-test/target/test-dir/MiniOzoneClusterImpl-29dd0c8c-da21-41d6-af77-5f0a65600fbb/datanode-0/data/ratis/9cd58e4d-ad99-4de7-b2e4-a0798eca86d6
2019-09-20 05:50:09,834 [9b918566-8d2f-4f38-9ce1-65f5cd084216:group-133DA12773F6:LeaderElection487] INFO  server.RaftServerConfigKeys (ConfUtils.java:logGet(43)) - raft.server.staging.catchup.gap = 1000 (default)
2019-09-20 05:50:09,834 [9b918566-8d2f-4f38-9ce1-65f5cd084216:group-1A7E6EC3BB63:LeaderElection484] INFO  impl.RaftServerImpl (ServerState.java:setLeader(263)) - 9b918566-8d2f-4f38-9ce1-65f5cd084216:group-1A7E6EC3BB63 change Leader from null to 9b918566-8d2f-4f38-9ce1-65f5cd084216 at term 1 for becomeLeader, leader elected after 6944ms
2019-09-20 05:50:09,834 [Thread-3569] INFO  impl.RoleInfo (RoleInfo.java:updateAndGet(143)) - 9b918566-8d2f-4f38-9ce1-65f5cd084216: start LeaderElection
2019-09-20 05:50:09,839 [9b918566-8d2f-4f38-9ce1-65f5cd084216:group-1A7E6EC3BB63:LeaderElection484] INFO  server.RaftServerConfigKeys (ConfUtils.java:logGet(43)) - raft.server.staging.catchup.gap = 1000 (default)
2019-09-20 05:50:09,839 [9b918566-8d2f-4f38-9ce1-65f5cd084216:group-133DA12773F6:LeaderElection487] INFO  server.RaftServerConfigKeys (ConfUtils.java:logGet(43)) - raft.server.rpc.sleep.time = 25ms (default)
2019-09-20 05:50:09,839 [pool-57-thread-1] INFO  server.RaftServerConfigKeys (ConfUtils.java:logGet(43)) - raft.server.log.queue.byte-limit = 2147483647 (custom)
2019-09-20 05:50:09,839 [9b918566-8d2f-4f38-9ce1-65f5cd084216:group-D2E3D1BC3C4A:LeaderElection466] INFO  server.RaftServerConfigKeys (ConfUtils.java:logGet(43)) - raft.server.watch.timeout.denomination = 1s (default)
2019-09-20 05:50:09,838 [9b918566-8d2f-4f38-9ce1-65f5cd084216:group-96622BF2F79B:LeaderElection480] INFO  server.RaftServerConfigKeys (ConfUtils.java:logGet(43)) - raft.server.watch.timeout = 10s (default)
2019-09-20 05:50:09,838 [9b918566-8d2f-4f38-9ce1-65f5cd084216:group-C0C96F94F210:LeaderElection467] INFO  server.RaftServerConfigKeys (ConfUtils.java:logGet(43)) - raft.server.watch.timeout.denomination = 1s (default)
2019-09-20 05:50:09,838 [9b918566-8d2f-4f38-9ce1-65f5cd084216:group-19D8F506A3B5:LeaderElection473] INFO  impl.RoleInfo (RoleInfo.java:updateAndGet(143)) - 9b918566-8d2f-4f38-9ce1-65f5cd084216: start LeaderState
2019-09-20 05:50:09,838 [9b918566-8d2f-4f38-9ce1-65f5cd084216:group-356D5AA52196:LeaderElection474] INFO  impl.RoleInfo (RoleInfo.java:updateAndGet(143)) - 9b918566-8d2f-4f38-9ce1-65f5cd084216: start LeaderState
2019-09-20 05:50:09,838 [9b918566-8d2f-4f38-9ce1-65f5cd084216:group-9E1ECF1EC588:LeaderElection478] INFO  segmented.SegmentedRaftLogWorker (SegmentedRaftLogWorker.java:startLogSegment(380)) - 9b918566-8d2f-4f38-9ce1-65f5cd084216-SegmentedRaftLogWorker:Storage Directory /workdir/hadoop-ozone/integration-test/target/test-dir/MiniOzoneClusterImpl-29dd0c8c-da21-41d6-af77-5f0a65600fbb/datanode-0/data/ratis/1b778a1e-82f3-4701-ba61-9e1ecf1ec588: Starting segment from index:0
2019-09-20 05:50:09,838 [9b918566-8d2f-4f38-9ce1-65f5cd084216:group-B4FA85BABDFE:LeaderElection476] INFO  segmented.SegmentedRaftLogWorker (SegmentedRaftLogWorker.java:startLogSegment(380)) - 9b918566-8d2f-4f38-9ce1-65f5cd084216-SegmentedRaftLogWorker:Storage Directory /workdir/hadoop-ozone/integration-test/target/test-dir/MiniOzoneClusterImpl-29dd0c8c-da21-41d6-af77-5f0a65600fbb/datanode-0/data/ratis/2cc6e233-34e4-4c22-9306-b4fa85babdfe: Starting segment from index:0
2019-09-20 05:50:09,838 [9b918566-8d2f-4f38-9ce1-65f5cd084216:group-DDEEE97CADE4:LeaderElection477] INFO  server.RaftServerConfigKeys (ConfUtils.java:logGet(43)) - raft.server.watch.timeout = 10s (default)
2019-09-20 05:50:09,838 [9b918566-8d2f-4f38-9ce1-65f5cd084216:group-42B4861D9533:LeaderElection479] INFO  impl.RoleInfo (RoleInfo.java:updateAndGet(143)) - 9b918566-8d2f-4f38-9ce1-65f5cd084216: start LeaderState
2019-09-20 05:50:09,838 [9b918566-8d2f-4f38-9ce1-65f5cd084216:group-24326A8F7FB8:LeaderElection465] INFO  segmented.SegmentedRaftLogWorker (SegmentedRaftLogWorker.java:startLogSegment(380)) - 9b918566-8d2f-4f38-9ce1-65f5cd084216-SegmentedRaftLogWorker:Storage Directory /workdir/hadoop-ozone/integration-test/target/test-dir/MiniOzoneClusterImpl-29dd0c8c-da21-41d6-af77-5f0a65600fbb/datanode-0/data/ratis/721097f0-d228-4b80-b6ae-24326a8f7fb8: Starting segment from index:0
2019-09-20 05:50:09,838 [9b918566-8d2f-4f38-9ce1-65f5cd084216:group-62DE59026CF0:LeaderElection470] INFO  server.RaftServerConfigKeys (ConfUtils.java:logGet(43)) - raft.server.watch.timeout.denomination = 1s (default)
2019-09-20 05:50:09,837 [9b918566-8d2f-4f38-9ce1-65f5cd084216:group-EBA770ADA936:LeaderElection469] INFO  server.RaftServerConfigKeys (ConfUtils.java:logGet(43)) - raft.server.watch.timeout.denomination = 1s (default)
2019-09-20 05:50:09,837 [9b918566-8d2f-4f38-9ce1-65f5cd084216:group-7312B38DB467:LeaderElection471] INFO  segmented.SegmentedRaftLogWorker (SegmentedRaftLogWorker.java:startLogSegment(380)) - 9b918566-8d2f-4f38-9ce1-65f5cd084216-SegmentedRaftLogWorker:Storage Directory /workdir/hadoop-ozone/integration-test/target/test-dir/MiniOzoneClusterImpl-29dd0c8c-da21-41d6-af77-5f0a65600fbb/datanode-0/data/ratis/1d18e2df-21f2-4442-9e7d-7312b38db467: Starting segment from index:0
2019-09-20 05:50:09,837 [9b918566-8d2f-4f38-9ce1-65f5cd084216:group-BDC32C52C7F7:LeaderElection472] INFO  segmented.SegmentedRaftLogWorker (SegmentedRaftLogWorker.java:startLogSegment(380)) - 9b918566-8d2f-4f38-9ce1-65f5cd084216-SegmentedRaftLogWorker:Storage Directory /workdir/hadoop-ozone/integration-test/target/test-dir/MiniOzoneClusterImpl-29dd0c8c-da21-41d6-af77-5f0a65600fbb/datanode-0/data/ratis/ded814f4-5630-4190-a880-bdc32c52c7f7: Starting segment from index:0
2019-09-20 05:50:10,584 | INFO  | SCMAudit | user=jenkins1000 | ip=192.168.36.79 | op=SEND_HEARTBEAT {datanodeUUID=9b918566-8d2f-4f38-9ce1-65f5cd084216, command=[]} | ret=SUCCESS |  
2019-09-20 05:50:09,837 [9b918566-8d2f-4f38-9ce1-65f5cd084216:group-2451DD07C4FA:LeaderElection475] INFO  server.RaftServerConfigKeys (ConfUtils.java:logGet(43)) - raft.server.watch.timeout.denomination = 1s (default)
2019-09-20 05:50:09,837 [9b918566-8d2f-4f38-9ce1-65f5cd084216:group-A25CACE966D3:LeaderElection481] INFO  segmented.SegmentedRaftLogWorker (SegmentedRaftLogWorker.java:startLogSegment(380)) - 9b918566-8d2f-4f38-9ce1-65f5cd084216-SegmentedRaftLogWorker:Storage Directory /workdir/hadoop-ozone/integration-test/target/test-dir/MiniOzoneClusterImpl-29dd0c8c-da21-41d6-af77-5f0a65600fbb/datanode-0/data/ratis/c3d49466-7916-42d9-a870-a25cace966d3: Starting segment from index:0
2019-09-20 05:50:09,837 [9b918566-8d2f-4f38-9ce1-65f5cd084216:group-14C055A8E40F:LeaderElection468] INFO  server.RaftServerConfigKeys (ConfUtils.java:logGet(43)) - raft.server.watch.element-limit = 65536 (default)
2019-09-20 05:50:09,837 [9b918566-8d2f-4f38-9ce1-65f5cd084216:group-17255EC37A1D:LeaderElection482] INFO  server.RaftServerConfigKeys (ConfUtils.java:logGet(43)) - raft.server.staging.catchup.gap = 1000 (default)
2019-09-20 05:50:09,837 [9b918566-8d2f-4f38-9ce1-65f5cd084216:group-B51181B3E2D6:LeaderElection463] INFO  server.RaftServerConfigKeys (ConfUtils.java:logGet(43)) - raft.server.watch.element-limit = 65536 (default)
2019-09-20 05:50:09,837 [9b918566-8d2f-4f38-9ce1-65f5cd084216:group-17246AB8CDB8:LeaderElection464] INFO  impl.RoleInfo (RoleInfo.java:updateAndGet(143)) - 9b918566-8d2f-4f38-9ce1-65f5cd084216: start LeaderState
2019-09-20 05:50:09,837 [Thread-3549] INFO  impl.RoleInfo (RoleInfo.java:updateAndGet(143)) - 9b918566-8d2f-4f38-9ce1-65f5cd084216: start LeaderElection
2019-09-20 05:50:11,252 | INFO  | SCMAudit | user=jenkins1000 | ip=192.168.36.79 | op=SEND_HEARTBEAT {datanodeUUID=9b918566-8d2f-4f38-9ce1-65f5cd084216, command=[]} | ret=SUCCESS |  
2019-09-20 05:50:11,251 [9b918566-8d2f-4f38-9ce1-65f5cd084216:group-17246AB8CDB8:LeaderElection464] INFO  segmented.SegmentedRaftLogWorker (SegmentedRaftLogWorker.java:startLogSegment(380)) - 9b918566-8d2f-4f38-9ce1-65f5cd084216-SegmentedRaftLogWorker:Storage Directory /workdir/hadoop-ozone/integration-test/target/test-dir/MiniOzoneClusterImpl-29dd0c8c-da21-41d6-af77-5f0a65600fbb/datanode-0/data/ratis/c579ba93-cbfe-47e8-a3c3-17246ab8cdb8: Starting segment from index:0
2019-09-20 05:50:11,251 [9b918566-8d2f-4f38-9ce1-65f5cd084216:group-B51181B3E2D6:LeaderElection463] INFO  impl.RoleInfo (RoleInfo.java:updateAndGet(143)) - 9b918566-8d2f-4f38-9ce1-65f5cd084216: start LeaderState
2019-09-20 05:50:11,251 [9b918566-8d2f-4f38-9ce1-65f5cd084216:group-17255EC37A1D:LeaderElection482] INFO  server.RaftServerConfigKeys (ConfUtils.java:logGet(43)) - raft.server.rpc.sleep.time = 25ms (default)
2019-09-20 05:50:11,252 [9b918566-8d2f-4f38-9ce1-65f5cd084216:group-B51181B3E2D6:LeaderElection463] INFO  segmented.SegmentedRaftLogWorker (SegmentedRaftLogWorker.java:startLogSegment(380)) - 9b918566-8d2f-4f38-9ce1-65f5cd084216-SegmentedRaftLogWorker:Storage Directory /workdir/hadoop-ozone/integration-test/target/test-dir/MiniOzoneClusterImpl-29dd0c8c-da21-41d6-af77-5f0a65600fbb/datanode-0/data/ratis/c03f9653-c16a-4b70-8b3b-b51181b3e2d6: Starting segment from index:0
2019-09-20 05:50:11,251 [9b918566-8d2f-4f38-9ce1-65f5cd084216:group-14C055A8E40F:LeaderElection468] INFO  impl.RoleInfo (RoleInfo.java:updateAndGet(143)) - 9b918566-8d2f-4f38-9ce1-65f5cd084216: start LeaderState
2019-09-20 05:50:11,251 [9b918566-8d2f-4f38-9ce1-65f5cd084216-SegmentedRaftLogWorker:Storage Directory /workdir/hadoop-ozone/integration-test/target/test-dir/MiniOzoneClusterImpl-29dd0c8c-da21-41d6-af77-5f0a65600fbb/datanode-0/data/ratis/e562f3f3-5a0d-4d26-993c-93887c2f4e7a] ERROR segmented.SegmentedRaftLogWorker (SegmentedRaftLogWorker.java:run(323)) - 9b918566-8d2f-4f38-9ce1-65f5cd084216-SegmentedRaftLogWorker:Storage Directory /workdir/hadoop-ozone/integration-test/target/test-dir/MiniOzoneClusterImpl-29dd0c8c-da21-41d6-af77-5f0a65600fbb/datanode-0/data/ratis/e562f3f3-5a0d-4d26-993c-93887c2f4e7a hit exception
java.lang.OutOfMemoryError: Direct buffer memory
	at java.nio.Bits.reserveMemory(Bits.java:666)
	at java.nio.DirectByteBuffer.<init>(DirectByteBuffer.java:123)
	at java.nio.ByteBuffer.allocateDirect(ByteBuffer.java:311)
	at org.apache.ratis.server.raftlog.segmented.BufferedWriteChannel.<init>(BufferedWriteChannel.java:41)
	at org.apache.ratis.server.raftlog.segmented.SegmentedRaftLogOutputStream.<init>(SegmentedRaftLogOutputStream.java:72)
	at org.apache.ratis.server.raftlog.segmented.SegmentedRaftLogWorker$StartLogSegment.execute(SegmentedRaftLogWorker.java:566)
	at org.apache.ratis.server.raftlog.segmented.SegmentedRaftLogWorker.run(SegmentedRaftLogWorker.java:289)
	at java.lang.Thread.run(Thread.java:748)
2019-09-20 05:50:11,668 | INFO  | SCMAudit | user=jenkins1000 | ip=192.168.36.79 | op=SEND_HEARTBEAT {datanodeUUID=9b918566-8d2f-4f38-9ce1-65f5cd084216, command=[]} | ret=SUCCESS |  
2019-09-20 05:50:11,668 [9b918566-8d2f-4f38-9ce1-65f5cd084216-SegmentedRaftLogWorker:Storage Directory /workdir/hadoop-ozone/integration-test/target/test-dir/MiniOzoneClusterImpl-29dd0c8c-da21-41d6-af77-5f0a65600fbb/datanode-0/data/ratis/e562f3f3-5a0d-4d26-993c-93887c2f4e7a] INFO  impl.RaftServerImpl (RaftServerImpl.java:lambda$shutdown$3(245)) - 9b918566-8d2f-4f38-9ce1-65f5cd084216: shutdown group-93887C2F4E7A
2019-09-20 05:50:11,251 [9b918566-8d2f-4f38-9ce1-65f5cd084216-SegmentedRaftLogWorker:Storage Directory /workdir/hadoop-ozone/integration-test/target/test-dir/MiniOzoneClusterImpl-29dd0c8c-da21-41d6-af77-5f0a65600fbb/datanode-0/data/ratis/90872afe-dcf8-4dbb-8a8d-3854aa616451] ERROR segmented.SegmentedRaftLogWorker (SegmentedRaftLogWorker.java:run(323)) - 9b918566-8d2f-4f38-9ce1-65f5cd084216-SegmentedRaftLogWorker:Storage Directory /workdir/hadoop-ozone/integration-test/target/test-dir/MiniOzoneClusterImpl-29dd0c8c-da21-41d6-af77-5f0a65600fbb/datanode-0/data/ratis/90872afe-dcf8-4dbb-8a8d-3854aa616451 hit exception
java.lang.OutOfMemoryError: Direct buffer memory
	at java.nio.Bits.reserveMemory(Bits.java:666)
	at java.nio.DirectByteBuffer.<init>(DirectByteBuffer.java:123)
	at java.nio.ByteBuffer.allocateDirect(ByteBuffer.java:311)
	at org.apache.ratis.server.raftlog.segmented.BufferedWriteChannel.<init>(BufferedWriteChannel.java:41)
	at org.apache.ratis.server.raftlog.segmented.SegmentedRaftLogOutputStream.<init>(SegmentedRaftLogOutputStream.java:72)
	at org.apache.ratis.server.raftlog.segmented.SegmentedRaftLogWorker$StartLogSegment.execute(SegmentedRaftLogWorker.java:566)
	at org.apache.ratis.server.raftlog.segmented.SegmentedRaftLogWorker.run(SegmentedRaftLogWorker.java:289)
	at java.lang.Thread.run(Thread.java:748)
2019-09-20 05:50:11,668 [9b918566-8d2f-4f38-9ce1-65f5cd084216-SegmentedRaftLogWorker:Storage Directory /workdir/hadoop-ozone/integration-test/target/test-dir/MiniOzoneClusterImpl-29dd0c8c-da21-41d6-af77-5f0a65600fbb/datanode-0/data/ratis/90872afe-dcf8-4dbb-8a8d-3854aa616451] INFO  impl.RaftServerImpl (RaftServerImpl.java:lambda$shutdown$3(245)) - 9b918566-8d2f-4f38-9ce1-65f5cd084216: shutdown group-3854AA616451
2019-09-20 05:50:11,251 [9b918566-8d2f-4f38-9ce1-65f5cd084216-SegmentedRaftLogWorker:Storage Directory /workdir/hadoop-ozone/integration-test/target/test-dir/MiniOzoneClusterImpl-29dd0c8c-da21-41d6-af77-5f0a65600fbb/datanode-0/data/ratis/8d398347-5045-4661-9084-641e6d60b548] ERROR segmented.SegmentedRaftLogWorker (SegmentedRaftLogWorker.java:run(323)) - 9b918566-8d2f-4f38-9ce1-65f5cd084216-SegmentedRaftLogWorker:Storage Directory /workdir/hadoop-ozone/integration-test/target/test-dir/MiniOzoneClusterImpl-29dd0c8c-da21-41d6-af77-5f0a65600fbb/datanode-0/data/ratis/8d398347-5045-4661-9084-641e6d60b548 hit exception
java.lang.OutOfMemoryError: Direct buffer memory
	at java.nio.Bits.reserveMemory(Bits.java:666)
	at java.nio.DirectByteBuffer.<init>(DirectByteBuffer.java:123)
	at java.nio.ByteBuffer.allocateDirect(ByteBuffer.java:311)
	at org.apache.ratis.server.raftlog.segmented.BufferedWriteChannel.<init>(BufferedWriteChannel.java:41)
	at org.apache.ratis.server.raftlog.segmented.SegmentedRaftLogOutputStream.<init>(SegmentedRaftLogOutputStream.java:72)
	at org.apache.ratis.server.raftlog.segmented.SegmentedRaftLogWorker$StartLogSegment.execute(SegmentedRaftLogWorker.java:566)
	at org.apache.ratis.server.raftlog.segmented.SegmentedRaftLogWorker.run(SegmentedRaftLogWorker.java:289)
	at java.lang.Thread.run(Thread.java:748)
2019-09-20 05:50:11,668 [9b918566-8d2f-4f38-9ce1-65f5cd084216-SegmentedRaftLogWorker:Storage Directory /workdir/hadoop-ozone/integration-test/target/test-dir/MiniOzoneClusterImpl-29dd0c8c-da21-41d6-af77-5f0a65600fbb/datanode-0/data/ratis/8d398347-5045-4661-9084-641e6d60b548] INFO  impl.RaftServerImpl (RaftServerImpl.java:lambda$shutdown$3(245)) - 9b918566-8d2f-4f38-9ce1-65f5cd084216: shutdown group-641E6D60B548
2019-09-20 05:50:11,042 [9b918566-8d2f-4f38-9ce1-65f5cd084216:group-A25CACE966D3:LeaderElection481] INFO  impl.RaftServerImpl (ServerState.java:setRaftConf(361)) - 9b918566-8d2f-4f38-9ce1-65f5cd084216:group-A25CACE966D3 set configuration 0: [9b918566-8d2f-4f38-9ce1-65f5cd084216:192.168.36.79:46843], old=null at 0
2019-09-20 05:50:10,829 [9b918566-8d2f-4f38-9ce1-65f5cd084216:group-2451DD07C4FA:LeaderElection475] INFO  server.RaftServerConfigKeys (ConfUtils.java:logGet(43)) - raft.server.watch.element-limit = 65536 (default)
2019-09-20 05:50:11,669 | INFO  | SCMAudit | user=jenkins1000 | ip=192.168.36.79 | op=SEND_HEARTBEAT {datanodeUUID=9b918566-8d2f-4f38-9ce1-65f5cd084216, command=[]} | ret=SUCCESS |  
2019-09-20 05:50:10,829 [9b918566-8d2f-4f38-9ce1-65f5cd084216:group-BDC32C52C7F7:LeaderElection472] INFO  impl.RaftServerImpl (ServerState.java:setRaftConf(361)) - 9b918566-8d2f-4f38-9ce1-65f5cd084216:group-BDC32C52C7F7 set configuration 0: [9b918566-8d2f-4f38-9ce1-65f5cd084216:192.168.36.79:46843], old=null at 0
2019-09-20 05:50:10,584 [9b918566-8d2f-4f38-9ce1-65f5cd084216:group-7312B38DB467:LeaderElection471] INFO  impl.RaftServerImpl (ServerState.java:setRaftConf(361)) - 9b918566-8d2f-4f38-9ce1-65f5cd084216:group-7312B38DB467 set configuration 0: [9b918566-8d2f-4f38-9ce1-65f5cd084216:192.168.36.79:46843], old=null at 0
2019-09-20 05:50:10,583 [9b918566-8d2f-4f38-9ce1-65f5cd084216-SegmentedRaftLogWorker:Storage Directory /workdir/hadoop-ozone/integration-test/target/test-dir/MiniOzoneClusterImpl-29dd0c8c-da21-41d6-af77-5f0a65600fbb/datanode-0/data/ratis/877a390b-d7de-4a37-9853-7d0c9681d055] ERROR segmented.SegmentedRaftLogWorker (SegmentedRaftLogWorker.java:run(323)) - 9b918566-8d2f-4f38-9ce1-65f5cd084216-SegmentedRaftLogWorker:Storage Directory /workdir/hadoop-ozone/integration-test/target/test-dir/MiniOzoneClusterImpl-29dd0c8c-da21-41d6-af77-5f0a65600fbb/datanode-0/data/ratis/877a390b-d7de-4a37-9853-7d0c9681d055 hit exception
java.lang.OutOfMemoryError: Direct buffer memory
	at java.nio.Bits.reserveMemory(Bits.java:666)
	at java.nio.DirectByteBuffer.<init>(DirectByteBuffer.java:123)
	at java.nio.ByteBuffer.allocateDirect(ByteBuffer.java:311)
	at org.apache.ratis.server.raftlog.segmented.BufferedWriteChannel.<init>(BufferedWriteChannel.java:41)
	at org.apache.ratis.server.raftlog.segmented.SegmentedRaftLogOutputStream.<init>(SegmentedRaftLogOutputStream.java:72)
	at org.apache.ratis.server.raftlog.segmented.SegmentedRaftLogWorker$StartLogSegment.execute(SegmentedRaftLogWorker.java:566)
	at org.apache.ratis.server.raftlog.segmented.SegmentedRaftLogWorker.run(SegmentedRaftLogWorker.java:289)
	at java.lang.Thread.run(Thread.java:748)
2019-09-20 05:50:11,670 [9b918566-8d2f-4f38-9ce1-65f5cd084216-SegmentedRaftLogWorker:Storage Directory /workdir/hadoop-ozone/integration-test/target/test-dir/MiniOzoneClusterImpl-29dd0c8c-da21-41d6-af77-5f0a65600fbb/datanode-0/data/ratis/877a390b-d7de-4a37-9853-7d0c9681d055] INFO  impl.RaftServerImpl (RaftServerImpl.java:lambda$shutdown$3(245)) - 9b918566-8d2f-4f38-9ce1-65f5cd084216: shutdown group-7D0C9681D055
2019-09-20 05:50:11,670 | INFO  | SCMAudit | user=jenkins1000 | ip=192.168.36.79 | op=SEND_HEARTBEAT {datanodeUUID=9b918566-8d2f-4f38-9ce1-65f5cd084216, command=[]} | ret=SUCCESS |  
2019-09-20 05:50:10,583 [9b918566-8d2f-4f38-9ce1-65f5cd084216-SegmentedRaftLogWorker:Storage Directory /workdir/hadoop-ozone/integration-test/target/test-dir/MiniOzoneClusterImpl-29dd0c8c-da21-41d6-af77-5f0a65600fbb/datanode-0/data/ratis/a3e6f5cb-4c19-4d74-b355-f7bb2564a246] ERROR segmented.SegmentedRaftLogWorker (SegmentedRaftLogWorker.java:run(323)) - 9b918566-8d2f-4f38-9ce1-65f5cd084216-SegmentedRaftLogWorker:Storage Directory /workdir/hadoop-ozone/integration-test/target/test-dir/MiniOzoneClusterImpl-29dd0c8c-da21-41d6-af77-5f0a65600fbb/datanode-0/data/ratis/a3e6f5cb-4c19-4d74-b355-f7bb2564a246 hit exception
java.lang.OutOfMemoryError: Direct buffer memory
	at java.nio.Bits.reserveMemory(Bits.java:666)
	at java.nio.DirectByteBuffer.<init>(DirectByteBuffer.java:123)
	at java.nio.ByteBuffer.allocateDirect(ByteBuffer.java:311)
	at org.apache.ratis.server.raftlog.segmented.BufferedWriteChannel.<init>(BufferedWriteChannel.java:41)
	at org.apache.ratis.server.raftlog.segmented.SegmentedRaftLogOutputStream.<init>(SegmentedRaftLogOutputStream.java:72)
	at org.apache.ratis.server.raftlog.segmented.SegmentedRaftLogWorker$StartLogSegment.execute(SegmentedRaftLogWorker.java:566)
	at org.apache.ratis.server.raftlog.segmented.SegmentedRaftLogWorker.run(SegmentedRaftLogWorker.java:289)
	at java.lang.Thread.run(Thread.java:748)
2019-09-20 05:50:11,670 [9b918566-8d2f-4f38-9ce1-65f5cd084216-SegmentedRaftLogWorker:Storage Directory /workdir/hadoop-ozone/integration-test/target/test-dir/MiniOzoneClusterImpl-29dd0c8c-da21-41d6-af77-5f0a65600fbb/datanode-0/data/ratis/a3e6f5cb-4c19-4d74-b355-f7bb2564a246] INFO  impl.RaftServerImpl (RaftServerImpl.java:lambda$shutdown$3(245)) - 9b918566-8d2f-4f38-9ce1-65f5cd084216: shutdown group-F7BB2564A246
2019-09-20 05:50:10,583 [9b918566-8d2f-4f38-9ce1-65f5cd084216-SegmentedRaftLogWorker:Storage Directory /workdir/hadoop-ozone/integration-test/target/test-dir/MiniOzoneClusterImpl-29dd0c8c-da21-41d6-af77-5f0a65600fbb/datanode-0/data/ratis/bab29984-1025-4abd-803b-1fab4902ebda] ERROR segmented.SegmentedRaftLogWorker (SegmentedRaftLogWorker.java:run(323)) - 9b918566-8d2f-4f38-9ce1-65f5cd084216-SegmentedRaftLogWorker:Storage Directory /workdir/hadoop-ozone/integration-test/target/test-dir/MiniOzoneClusterImpl-29dd0c8c-da21-41d6-af77-5f0a65600fbb/datanode-0/data/ratis/bab29984-1025-4abd-803b-1fab4902ebda hit exception
java.lang.OutOfMemoryError: Direct buffer memory
	at java.nio.Bits.reserveMemory(Bits.java:666)
	at java.nio.DirectByteBuffer.<init>(DirectByteBuffer.java:123)
	at java.nio.ByteBuffer.allocateDirect(ByteBuffer.java:311)
	at org.apache.ratis.server.raftlog.segmented.BufferedWriteChannel.<init>(BufferedWriteChannel.java:41)
	at org.apache.ratis.server.raftlog.segmented.SegmentedRaftLogOutputStream.<init>(SegmentedRaftLogOutputStream.java:72)
	at org.apache.ratis.server.raftlog.segmented.SegmentedRaftLogWorker$StartLogSegment.execute(SegmentedRaftLogWorker.java:566)
	at org.apache.ratis.server.raftlog.segmented.SegmentedRaftLogWorker.run(SegmentedRaftLogWorker.java:289)
	at java.lang.Thread.run(Thread.java:748)
2019-09-20 05:50:10,583 [9b918566-8d2f-4f38-9ce1-65f5cd084216-SegmentedRaftLogWorker:Storage Directory /workdir/hadoop-ozone/integration-test/target/test-dir/MiniOzoneClusterImpl-29dd0c8c-da21-41d6-af77-5f0a65600fbb/datanode-0/data/ratis/b12902f7-797e-4e11-8d87-2122d3b7d5ad] ERROR segmented.SegmentedRaftLogWorker (SegmentedRaftLogWorker.java:run(323)) - 9b918566-8d2f-4f38-9ce1-65f5cd084216-SegmentedRaftLogWorker:Storage Directory /workdir/hadoop-ozone/integration-test/target/test-dir/MiniOzoneClusterImpl-29dd0c8c-da21-41d6-af77-5f0a65600fbb/datanode-0/data/ratis/b12902f7-797e-4e11-8d87-2122d3b7d5ad hit exception
java.lang.OutOfMemoryError: Direct buffer memory
	at java.nio.Bits.reserveMemory(Bits.java:666)
	at java.nio.DirectByteBuffer.<init>(DirectByteBuffer.java:123)
	at java.nio.ByteBuffer.allocateDirect(ByteBuffer.java:311)
	at org.apache.ratis.server.raftlog.segmented.BufferedWriteChannel.<init>(BufferedWriteChannel.java:41)
	at org.apache.ratis.server.raftlog.segmented.SegmentedRaftLogOutputStream.<init>(SegmentedRaftLogOutputStream.java:72)
	at org.apache.ratis.server.raftlog.segmented.SegmentedRaftLogWorker$StartLogSegment.execute(SegmentedRaftLogWorker.java:566)
	at org.apache.ratis.server.raftlog.segmented.SegmentedRaftLogWorker.run(SegmentedRaftLogWorker.java:289)
	at java.lang.Thread.run(Thread.java:748)
2019-09-20 05:50:11,671 [9b918566-8d2f-4f38-9ce1-65f5cd084216-SegmentedRaftLogWorker:Storage Directory /workdir/hadoop-ozone/integration-test/target/test-dir/MiniOzoneClusterImpl-29dd0c8c-da21-41d6-af77-5f0a65600fbb/datanode-0/data/ratis/b12902f7-797e-4e11-8d87-2122d3b7d5ad] INFO  impl.RaftServerImpl (RaftServerImpl.java:lambda$shutdown$3(245)) - 9b918566-8d2f-4f38-9ce1-65f5cd084216: shutdown group-2122D3B7D5AD
2019-09-20 05:50:11,671 | INFO  | SCMAudit | user=jenkins1000 | ip=192.168.36.79 | op=SEND_HEARTBEAT {datanodeUUID=9b918566-8d2f-4f38-9ce1-65f5cd084216, command=[]} | ret=SUCCESS |  
2019-09-20 05:50:10,327 [9b918566-8d2f-4f38-9ce1-65f5cd084216:group-EBA770ADA936:LeaderElection469] INFO  server.RaftServerConfigKeys (ConfUtils.java:logGet(43)) - raft.server.watch.element-limit = 65536 (default)
2019-09-20 05:50:10,327 [9b918566-8d2f-4f38-9ce1-65f5cd084216:group-62DE59026CF0:LeaderElection470] INFO  server.RaftServerConfigKeys (ConfUtils.java:logGet(43)) - raft.server.watch.element-limit = 65536 (default)
2019-09-20 05:50:10,327 [9b918566-8d2f-4f38-9ce1-65f5cd084216:group-24326A8F7FB8:LeaderElection465] INFO  impl.RaftServerImpl (ServerState.java:setRaftConf(361)) - 9b918566-8d2f-4f38-9ce1-65f5cd084216:group-24326A8F7FB8 set configuration 0: [9b918566-8d2f-4f38-9ce1-65f5cd084216:192.168.36.79:46843], old=null at 0
2019-09-20 05:50:11,672 | INFO  | SCMAudit | user=jenkins1000 | ip=192.168.36.79 | op=SEND_HEARTBEAT {datanodeUUID=9b918566-8d2f-4f38-9ce1-65f5cd084216, command=[]} | ret=SUCCESS |  
2019-09-20 05:50:10,327 [9b918566-8d2f-4f38-9ce1-65f5cd084216:group-42B4861D9533:LeaderElection479] INFO  segmented.SegmentedRaftLogWorker (SegmentedRaftLogWorker.java:startLogSegment(380)) - 9b918566-8d2f-4f38-9ce1-65f5cd084216-SegmentedRaftLogWorker:Storage Directory /workdir/hadoop-ozone/integration-test/target/test-dir/MiniOzoneClusterImpl-29dd0c8c-da21-41d6-af77-5f0a65600fbb/datanode-0/data/ratis/0b36b6c2-aad6-4ef3-ac73-42b4861d9533: Starting segment from index:0
2019-09-20 05:50:10,327 [9b918566-8d2f-4f38-9ce1-65f5cd084216:group-9E1ECF1EC588:LeaderElection478] INFO  impl.RaftServerImpl (ServerState.java:setRaftConf(361)) - 9b918566-8d2f-4f38-9ce1-65f5cd084216:group-9E1ECF1EC588 set configuration 0: [9b918566-8d2f-4f38-9ce1-65f5cd084216:192.168.36.79:46843], old=null at 0
2019-09-20 05:50:10,327 [9b918566-8d2f-4f38-9ce1-65f5cd084216:group-2515D093169F:LeaderElection483] INFO  impl.LeaderElection (LeaderElection.java:askForVotes(181)) - 9b918566-8d2f-4f38-9ce1-65f5cd084216:group-2515D093169F:LeaderElection483: begin an election at term 1 for -1: [9b918566-8d2f-4f38-9ce1-65f5cd084216:192.168.36.79:46843], old=null
2019-09-20 05:50:11,899 | INFO  | SCMAudit | user=jenkins1000 | ip=192.168.36.79 | op=SEND_HEARTBEAT {datanodeUUID=9b918566-8d2f-4f38-9ce1-65f5cd084216, command=[]} | ret=SUCCESS |  
2019-09-20 05:50:10,326 [9b918566-8d2f-4f38-9ce1-65f5cd084216:group-596D48322396:LeaderElection486] INFO  impl.LeaderElection (LeaderElection.java:askForVotes(181)) - 9b918566-8d2f-4f38-9ce1-65f5cd084216:group-596D48322396:LeaderElection486: begin an election at term 1 for -1: [9b918566-8d2f-4f38-9ce1-65f5cd084216:192.168.36.79:46843], old=null
2019-09-20 05:50:10,326 [9b918566-8d2f-4f38-9ce1-65f5cd084216:group-A56C5B637ABD:LeaderElection485] INFO  impl.LeaderElection (LeaderElection.java:askForVotes(181)) - 9b918566-8d2f-4f38-9ce1-65f5cd084216:group-A56C5B637ABD:LeaderElection485: begin an election at term 1 for -1: [9b918566-8d2f-4f38-9ce1-65f5cd084216:192.168.36.79:46843], old=null
2019-09-20 05:50:10,326 [9b918566-8d2f-4f38-9ce1-65f5cd084216:group-8D5F95202CDA:LeaderElection489] INFO  impl.LeaderElection (LeaderElection.java:askForVotes(181)) - 9b918566-8d2f-4f38-9ce1-65f5cd084216:group-8D5F95202CDA:LeaderElection489: begin an election at term 1 for -1: [9b918566-8d2f-4f38-9ce1-65f5cd084216:192.168.36.79:46843], old=null
2019-09-20 05:50:10,326 [9b918566-8d2f-4f38-9ce1-65f5cd084216:group-CDCA2E7D92F9:LeaderElection488] INFO  impl.LeaderElection (LeaderElection.java:askForVotes(181)) - 9b918566-8d2f-4f38-9ce1-65f5cd084216:group-CDCA2E7D92F9:LeaderElection488: begin an election at term 1 for -1: [9b918566-8d2f-4f38-9ce1-65f5cd084216:192.168.36.79:46843], old=null
2019-09-20 05:50:10,326 [StateMachineUpdater:9b918566-8d2f-4f38-9ce1-65f5cd084216:group-6A169ECCAA06] INFO  ratis.ContainerStateMachine (ContainerStateMachine.java:takeSnapshot(294)) - group-6A169ECCAA06: Finished taking a snapshot at:(t:1, i:1) file:/workdir/hadoop-ozone/integration-test/target/test-dir/MiniOzoneClusterImpl-29dd0c8c-da21-41d6-af77-5f0a65600fbb/datanode-0/data/ratis/3334cfc7-b579-49c5-a5a6-6a169eccaa06/sm/snapshot.1_1 time:505
2019-09-20 05:50:11,901 [StateMachineUpdater:9b918566-8d2f-4f38-9ce1-65f5cd084216:group-6A169ECCAA06] INFO  impl.StateMachineUpdater (StateMachineUpdater.java:takeSnapshot(242)) - StateMachineUpdater:9b918566-8d2f-4f38-9ce1-65f5cd084216:group-6A169ECCAA06: Took a snapshot at index 1
2019-09-20 05:50:10,094 [9b918566-8d2f-4f38-9ce1-65f5cd084216:group-B4FA85BABDFE:LeaderElection476] INFO  impl.RaftServerImpl (ServerState.java:setRaftConf(361)) - 9b918566-8d2f-4f38-9ce1-65f5cd084216:group-B4FA85BABDFE set configuration 0: [9b918566-8d2f-4f38-9ce1-65f5cd084216:192.168.36.79:46843], old=null at 0
2019-09-20 05:50:09,840 [9b918566-8d2f-4f38-9ce1-65f5cd084216:group-DDEEE97CADE4:LeaderElection477] INFO  server.RaftServerConfigKeys (ConfUtils.java:logGet(43)) - raft.server.watch.timeout.denomination = 1s (default)
2019-09-20 05:50:09,840 [9b918566-8d2f-4f38-9ce1-65f5cd084216:group-356D5AA52196:LeaderElection474] INFO  segmented.SegmentedRaftLogWorker (SegmentedRaftLogWorker.java:startLogSegment(380)) - 9b918566-8d2f-4f38-9ce1-65f5cd084216-SegmentedRaftLogWorker:Storage Directory /workdir/hadoop-ozone/integration-test/target/test-dir/MiniOzoneClusterImpl-29dd0c8c-da21-41d6-af77-5f0a65600fbb/datanode-0/data/ratis/ebe4c888-99f4-483d-9cba-356d5aa52196: Starting segment from index:0
2019-09-20 05:50:09,840 [9b918566-8d2f-4f38-9ce1-65f5cd084216:group-19D8F506A3B5:LeaderElection473] INFO  segmented.SegmentedRaftLogWorker (SegmentedRaftLogWorker.java:startLogSegment(380)) - 9b918566-8d2f-4f38-9ce1-65f5cd084216-SegmentedRaftLogWorker:Storage Directory /workdir/hadoop-ozone/integration-test/target/test-dir/MiniOzoneClusterImpl-29dd0c8c-da21-41d6-af77-5f0a65600fbb/datanode-0/data/ratis/1c287769-70c5-497e-8726-19d8f506a3b5: Starting segment from index:0
2019-09-20 05:50:09,839 [9b918566-8d2f-4f38-9ce1-65f5cd084216:group-C0C96F94F210:LeaderElection467] INFO  server.RaftServerConfigKeys (ConfUtils.java:logGet(43)) - raft.server.watch.element-limit = 65536 (default)
2019-09-20 05:50:09,839 [9b918566-8d2f-4f38-9ce1-65f5cd084216:group-96622BF2F79B:LeaderElection480] INFO  server.RaftServerConfigKeys (ConfUtils.java:logGet(43)) - raft.server.watch.timeout.denomination = 1s (default)
2019-09-20 05:50:09,839 [9b918566-8d2f-4f38-9ce1-65f5cd084216:group-D2E3D1BC3C4A:LeaderElection466] INFO  server.RaftServerConfigKeys (ConfUtils.java:logGet(43)) - raft.server.watch.element-limit = 65536 (default)
2019-09-20 05:50:09,839 [pool-57-thread-1] INFO  server.RaftServerConfigKeys (ConfUtils.java:logGet(43)) - raft.server.log.queue.element-limit = 1024 (custom)
2019-09-20 05:50:09,839 [9b918566-8d2f-4f38-9ce1-65f5cd084216:group-133DA12773F6:LeaderElection487] INFO  server.RaftServerConfigKeys (ConfUtils.java:logGet(43)) - raft.server.write.element-limit = 4096 (default)
2019-09-20 05:50:12,378 | INFO  | SCMAudit | user=jenkins1000 | ip=192.168.36.79 | op=SEND_HEARTBEAT {datanodeUUID=9b918566-8d2f-4f38-9ce1-65f5cd084216, command=[]} | ret=SUCCESS |  
2019-09-20 05:50:09,839 [9b918566-8d2f-4f38-9ce1-65f5cd084216:group-1A7E6EC3BB63:LeaderElection484] INFO  server.RaftServerConfigKeys (ConfUtils.java:logGet(43)) - raft.server.rpc.sleep.time = 25ms (default)
2019-09-20 05:50:12,378 [9b918566-8d2f-4f38-9ce1-65f5cd084216:group-133DA12773F6:LeaderElection487] INFO  server.RaftServerConfigKeys (ConfUtils.java:logGet(43)) - raft.server.watch.timeout = 10s (default)
2019-09-20 05:50:12,379 [9b918566-8d2f-4f38-9ce1-65f5cd084216:group-133DA12773F6:LeaderElection487] INFO  server.RaftServerConfigKeys (ConfUtils.java:logGet(43)) - raft.server.watch.timeout.denomination = 1s (default)
2019-09-20 05:50:12,378 [pool-57-thread-1] INFO  server.RaftServerConfigKeys (ConfUtils.java:logGet(43)) - raft.server.log.segment.size.max = 1048576 (custom)
2019-09-20 05:50:12,378 [9b918566-8d2f-4f38-9ce1-65f5cd084216:group-D2E3D1BC3C4A:LeaderElection466] INFO  impl.RoleInfo (RoleInfo.java:updateAndGet(143)) - 9b918566-8d2f-4f38-9ce1-65f5cd084216: start LeaderState
2019-09-20 05:50:12,378 [9b918566-8d2f-4f38-9ce1-65f5cd084216:group-96622BF2F79B:LeaderElection480] INFO  server.RaftServerConfigKeys (ConfUtils.java:logGet(43)) - raft.server.watch.element-limit = 65536 (default)
2019-09-20 05:50:12,377 [9b918566-8d2f-4f38-9ce1-65f5cd084216-SegmentedRaftLogWorker:Storage Directory /workdir/hadoop-ozone/integration-test/target/test-dir/MiniOzoneClusterImpl-29dd0c8c-da21-41d6-af77-5f0a65600fbb/datanode-0/data/ratis/2cc6e233-34e4-4c22-9306-b4fa85babdfe] ERROR segmented.SegmentedRaftLogWorker (SegmentedRaftLogWorker.java:run(323)) - 9b918566-8d2f-4f38-9ce1-65f5cd084216-SegmentedRaftLogWorker:Storage Directory /workdir/hadoop-ozone/integration-test/target/test-dir/MiniOzoneClusterImpl-29dd0c8c-da21-41d6-af77-5f0a65600fbb/datanode-0/data/ratis/2cc6e233-34e4-4c22-9306-b4fa85babdfe hit exception
java.lang.OutOfMemoryError: Direct buffer memory
	at java.nio.Bits.reserveMemory(Bits.java:666)
	at java.nio.DirectByteBuffer.<init>(DirectByteBuffer.java:123)
	at java.nio.ByteBuffer.allocateDirect(ByteBuffer.java:311)
	at org.apache.ratis.server.raftlog.segmented.BufferedWriteChannel.<init>(BufferedWriteChannel.java:41)
	at org.apache.ratis.server.raftlog.segmented.SegmentedRaftLogOutputStream.<init>(SegmentedRaftLogOutputStream.java:72)
	at org.apache.ratis.server.raftlog.segmented.SegmentedRaftLogWorker$StartLogSegment.execute(SegmentedRaftLogWorker.java:566)
	at org.apache.ratis.server.raftlog.segmented.SegmentedRaftLogWorker.run(SegmentedRaftLogWorker.java:289)
	at java.lang.Thread.run(Thread.java:748)
2019-09-20 05:50:11,902 [9b918566-8d2f-4f38-9ce1-65f5cd084216:group-19D8F506A3B5:LeaderElection473] INFO  impl.RaftServerImpl (ServerState.java:setRaftConf(361)) - 9b918566-8d2f-4f38-9ce1-65f5cd084216:group-19D8F506A3B5 set configuration 0: [9b918566-8d2f-4f38-9ce1-65f5cd084216:192.168.36.79:46843], old=null at 0
2019-09-20 05:50:12,380 | INFO  | SCMAudit | user=jenkins1000 | ip=192.168.36.79 | op=SEND_HEARTBEAT {datanodeUUID=9b918566-8d2f-4f38-9ce1-65f5cd084216, command=[]} | ret=SUCCESS |  
2019-09-20 05:50:11,902 [9b918566-8d2f-4f38-9ce1-65f5cd084216:group-C0C96F94F210:LeaderElection467] INFO  impl.RoleInfo (RoleInfo.java:updateAndGet(143)) - 9b918566-8d2f-4f38-9ce1-65f5cd084216: start LeaderState
2019-09-20 05:50:11,902 [9b918566-8d2f-4f38-9ce1-65f5cd084216:group-356D5AA52196:LeaderElection474] INFO  impl.RaftServerImpl (ServerState.java:setRaftConf(361)) - 9b918566-8d2f-4f38-9ce1-65f5cd084216:group-356D5AA52196 set configuration 0: [9b918566-8d2f-4f38-9ce1-65f5cd084216:192.168.36.79:46843], old=null at 0
2019-09-20 05:50:11,902 [9b918566-8d2f-4f38-9ce1-65f5cd084216:group-DDEEE97CADE4:LeaderElection477] INFO  server.RaftServerConfigKeys (ConfUtils.java:logGet(43)) - raft.server.watch.element-limit = 65536 (default)
2019-09-20 05:50:11,901 [StateMachineUpdater:9b918566-8d2f-4f38-9ce1-65f5cd084216:group-6A169ECCAA06] INFO  impl.StateMachineUpdater (StateMachineUpdater.java:lambda$new$0(80)) - StateMachineUpdater:9b918566-8d2f-4f38-9ce1-65f5cd084216:group-6A169ECCAA06: snapshotIndex: updateIncreasingly -1 -> 1
2019-09-20 05:50:11,901 [9b918566-8d2f-4f38-9ce1-65f5cd084216:group-CDCA2E7D92F9:LeaderElection488] INFO  impl.RoleInfo (RoleInfo.java:shutdownLeaderElection(134)) - 9b918566-8d2f-4f38-9ce1-65f5cd084216: shutdown LeaderElection
2019-09-20 05:50:12,381 [9b918566-8d2f-4f38-9ce1-65f5cd084216:group-CDCA2E7D92F9:LeaderElection488] INFO  impl.RaftServerImpl (RaftServerImpl.java:setRole(171)) - 9b918566-8d2f-4f38-9ce1-65f5cd084216:group-CDCA2E7D92F9 changes role from CANDIDATE to LEADER at term 1 for changeToLeader
2019-09-20 05:50:11,901 [9b918566-8d2f-4f38-9ce1-65f5cd084216:group-8D5F95202CDA:LeaderElection489] INFO  impl.RoleInfo (RoleInfo.java:shutdownLeaderElection(134)) - 9b918566-8d2f-4f38-9ce1-65f5cd084216: shutdown LeaderElection
2019-09-20 05:50:11,901 [9b918566-8d2f-4f38-9ce1-65f5cd084216:group-A56C5B637ABD:LeaderElection485] INFO  impl.RoleInfo (RoleInfo.java:shutdownLeaderElection(134)) - 9b918566-8d2f-4f38-9ce1-65f5cd084216: shutdown LeaderElection
2019-09-20 05:50:12,381 [9b918566-8d2f-4f38-9ce1-65f5cd084216:group-A56C5B637ABD:LeaderElection485] INFO  impl.RaftServerImpl (RaftServerImpl.java:setRole(171)) - 9b918566-8d2f-4f38-9ce1-65f5cd084216:group-A56C5B637ABD changes role from CANDIDATE to LEADER at term 1 for changeToLeader
2019-09-20 05:50:11,901 [9b918566-8d2f-4f38-9ce1-65f5cd084216:group-596D48322396:LeaderElection486] INFO  impl.RoleInfo (RoleInfo.java:shutdownLeaderElection(134)) - 9b918566-8d2f-4f38-9ce1-65f5cd084216: shutdown LeaderElection
2019-09-20 05:50:12,381 [9b918566-8d2f-4f38-9ce1-65f5cd084216:group-596D48322396:LeaderElection486] INFO  impl.RaftServerImpl (RaftServerImpl.java:setRole(171)) - 9b918566-8d2f-4f38-9ce1-65f5cd084216:group-596D48322396 changes role from CANDIDATE to LEADER at term 1 for changeToLeader
2019-09-20 05:50:11,901 [9b918566-8d2f-4f38-9ce1-65f5cd084216:group-2515D093169F:LeaderElection483] INFO  impl.RoleInfo (RoleInfo.java:shutdownLeaderElection(134)) - 9b918566-8d2f-4f38-9ce1-65f5cd084216: shutdown LeaderElection
2019-09-20 05:50:12,382 [9b918566-8d2f-4f38-9ce1-65f5cd084216:group-2515D093169F:LeaderElection483] INFO  impl.RaftServerImpl (RaftServerImpl.java:setRole(171)) - 9b918566-8d2f-4f38-9ce1-65f5cd084216:group-2515D093169F changes role from CANDIDATE to LEADER at term 1 for changeToLeader
2019-09-20 05:50:11,672 [9b918566-8d2f-4f38-9ce1-65f5cd084216:group-42B4861D9533:LeaderElection479] INFO  impl.RaftServerImpl (ServerState.java:setRaftConf(361)) - 9b918566-8d2f-4f38-9ce1-65f5cd084216:group-42B4861D9533 set configuration 0: [9b918566-8d2f-4f38-9ce1-65f5cd084216:192.168.36.79:46843], old=null at 0
2019-09-20 05:50:11,671 [9b918566-8d2f-4f38-9ce1-65f5cd084216:group-62DE59026CF0:LeaderElection470] INFO  impl.RoleInfo (RoleInfo.java:updateAndGet(143)) - 9b918566-8d2f-4f38-9ce1-65f5cd084216: start LeaderState
2019-09-20 05:50:11,671 [9b918566-8d2f-4f38-9ce1-65f5cd084216:group-EBA770ADA936:LeaderElection469] INFO  impl.RoleInfo (RoleInfo.java:updateAndGet(143)) - 9b918566-8d2f-4f38-9ce1-65f5cd084216: start LeaderState
2019-09-20 05:50:11,671 [9b918566-8d2f-4f38-9ce1-65f5cd084216-SegmentedRaftLogWorker:Storage Directory /workdir/hadoop-ozone/integration-test/target/test-dir/MiniOzoneClusterImpl-29dd0c8c-da21-41d6-af77-5f0a65600fbb/datanode-0/data/ratis/b12902f7-797e-4e11-8d87-2122d3b7d5ad] INFO  util.JmxRegister (JmxRegister.java:unregister(73)) - Successfully un-registered JMX Bean with object name Ratis:service=RaftServer,group=group-2122D3B7D5AD,id=9b918566-8d2f-4f38-9ce1-65f5cd084216
2019-09-20 05:50:12,382 [9b918566-8d2f-4f38-9ce1-65f5cd084216-SegmentedRaftLogWorker:Storage Directory /workdir/hadoop-ozone/integration-test/target/test-dir/MiniOzoneClusterImpl-29dd0c8c-da21-41d6-af77-5f0a65600fbb/datanode-0/data/ratis/b12902f7-797e-4e11-8d87-2122d3b7d5ad] INFO  impl.RoleInfo (RoleInfo.java:shutdownLeaderState(104)) - 9b918566-8d2f-4f38-9ce1-65f5cd084216: shutdown LeaderState
2019-09-20 05:50:11,670 [9b918566-8d2f-4f38-9ce1-65f5cd084216-SegmentedRaftLogWorker:Storage Directory /workdir/hadoop-ozone/integration-test/target/test-dir/MiniOzoneClusterImpl-29dd0c8c-da21-41d6-af77-5f0a65600fbb/datanode-0/data/ratis/bab29984-1025-4abd-803b-1fab4902ebda] INFO  impl.RaftServerImpl (RaftServerImpl.java:lambda$shutdown$3(245)) - 9b918566-8d2f-4f38-9ce1-65f5cd084216: shutdown group-1FAB4902EBDA
2019-09-20 05:50:11,670 [9b918566-8d2f-4f38-9ce1-65f5cd084216-SegmentedRaftLogWorker:Storage Directory /workdir/hadoop-ozone/integration-test/target/test-dir/MiniOzoneClusterImpl-29dd0c8c-da21-41d6-af77-5f0a65600fbb/datanode-0/data/ratis/a3e6f5cb-4c19-4d74-b355-f7bb2564a246] INFO  util.JmxRegister (JmxRegister.java:unregister(73)) - Successfully un-registered JMX Bean with object name Ratis:service=RaftServer,group=group-F7BB2564A246,id=9b918566-8d2f-4f38-9ce1-65f5cd084216
2019-09-20 05:50:12,383 [9b918566-8d2f-4f38-9ce1-65f5cd084216-SegmentedRaftLogWorker:Storage Directory /workdir/hadoop-ozone/integration-test/target/test-dir/MiniOzoneClusterImpl-29dd0c8c-da21-41d6-af77-5f0a65600fbb/datanode-0/data/ratis/a3e6f5cb-4c19-4d74-b355-f7bb2564a246] INFO  impl.RoleInfo (RoleInfo.java:shutdownLeaderState(104)) - 9b918566-8d2f-4f38-9ce1-65f5cd084216: shutdown LeaderState
2019-09-20 05:50:11,670 [9b918566-8d2f-4f38-9ce1-65f5cd084216-SegmentedRaftLogWorker:Storage Directory /workdir/hadoop-ozone/integration-test/target/test-dir/MiniOzoneClusterImpl-29dd0c8c-da21-41d6-af77-5f0a65600fbb/datanode-0/data/ratis/877a390b-d7de-4a37-9853-7d0c9681d055] INFO  util.JmxRegister (JmxRegister.java:unregister(73)) - Successfully un-registered JMX Bean with object name Ratis:service=RaftServer,group=group-7D0C9681D055,id=9b918566-8d2f-4f38-9ce1-65f5cd084216
2019-09-20 05:50:12,383 [9b918566-8d2f-4f38-9ce1-65f5cd084216-SegmentedRaftLogWorker:Storage Directory /workdir/hadoop-ozone/integration-test/target/test-dir/MiniOzoneClusterImpl-29dd0c8c-da21-41d6-af77-5f0a65600fbb/datanode-0/data/ratis/877a390b-d7de-4a37-9853-7d0c9681d055] INFO  impl.RoleInfo (RoleInfo.java:shutdownLeaderState(104)) - 9b918566-8d2f-4f38-9ce1-65f5cd084216: shutdown LeaderState
2019-09-20 05:50:11,669 [9b918566-8d2f-4f38-9ce1-65f5cd084216:group-2451DD07C4FA:LeaderElection475] INFO  impl.RoleInfo (RoleInfo.java:updateAndGet(143)) - 9b918566-8d2f-4f38-9ce1-65f5cd084216: start LeaderState
2019-09-20 05:50:11,669 [9b918566-8d2f-4f38-9ce1-65f5cd084216-SegmentedRaftLogWorker:Storage Directory /workdir/hadoop-ozone/integration-test/target/test-dir/MiniOzoneClusterImpl-29dd0c8c-da21-41d6-af77-5f0a65600fbb/datanode-0/data/ratis/8d398347-5045-4661-9084-641e6d60b548] INFO  util.JmxRegister (JmxRegister.java:unregister(73)) - Successfully un-registered JMX Bean with object name Ratis:service=RaftServer,group=group-641E6D60B548,id=9b918566-8d2f-4f38-9ce1-65f5cd084216
2019-09-20 05:50:11,668 [9b918566-8d2f-4f38-9ce1-65f5cd084216-SegmentedRaftLogWorker:Storage Directory /workdir/hadoop-ozone/integration-test/target/test-dir/MiniOzoneClusterImpl-29dd0c8c-da21-41d6-af77-5f0a65600fbb/datanode-0/data/ratis/90872afe-dcf8-4dbb-8a8d-3854aa616451] INFO  util.JmxRegister (JmxRegister.java:unregister(73)) - Successfully un-registered JMX Bean with object name Ratis:service=RaftServer,group=group-3854AA616451,id=9b918566-8d2f-4f38-9ce1-65f5cd084216
2019-09-20 05:50:12,384 [9b918566-8d2f-4f38-9ce1-65f5cd084216-SegmentedRaftLogWorker:Storage Directory /workdir/hadoop-ozone/integration-test/target/test-dir/MiniOzoneClusterImpl-29dd0c8c-da21-41d6-af77-5f0a65600fbb/datanode-0/data/ratis/90872afe-dcf8-4dbb-8a8d-3854aa616451] INFO  impl.RoleInfo (RoleInfo.java:shutdownLeaderState(104)) - 9b918566-8d2f-4f38-9ce1-65f5cd084216: shutdown LeaderState
2019-09-20 05:50:11,668 [9b918566-8d2f-4f38-9ce1-65f5cd084216-SegmentedRaftLogWorker:Storage Directory /workdir/hadoop-ozone/integration-test/target/test-dir/MiniOzoneClusterImpl-29dd0c8c-da21-41d6-af77-5f0a65600fbb/datanode-0/data/ratis/e562f3f3-5a0d-4d26-993c-93887c2f4e7a] INFO  util.JmxRegister (JmxRegister.java:unregister(73)) - Successfully un-registered JMX Bean with object name Ratis:service=RaftServer,group=group-93887C2F4E7A,id=9b918566-8d2f-4f38-9ce1-65f5cd084216
2019-09-20 05:50:11,667 [9b918566-8d2f-4f38-9ce1-65f5cd084216:group-14C055A8E40F:LeaderElection468] INFO  segmented.SegmentedRaftLogWorker (SegmentedRaftLogWorker.java:startLogSegment(380)) - 9b918566-8d2f-4f38-9ce1-65f5cd084216-SegmentedRaftLogWorker:Storage Directory /workdir/hadoop-ozone/integration-test/target/test-dir/MiniOzoneClusterImpl-29dd0c8c-da21-41d6-af77-5f0a65600fbb/datanode-0/data/ratis/9bf3a391-91e4-4f41-bb16-14c055a8e40f: Starting segment from index:0
2019-09-20 05:50:11,667 [9b918566-8d2f-4f38-9ce1-65f5cd084216:group-B51181B3E2D6:LeaderElection463] INFO  impl.RaftServerImpl (ServerState.java:setRaftConf(361)) - 9b918566-8d2f-4f38-9ce1-65f5cd084216:group-B51181B3E2D6 set configuration 0: [9b918566-8d2f-4f38-9ce1-65f5cd084216:192.168.36.79:46843], old=null at 0
2019-09-20 05:50:11,667 [9b918566-8d2f-4f38-9ce1-65f5cd084216:group-FB2ACB3823B3:LeaderElection490] INFO  impl.LeaderElection (LeaderElection.java:askForVotes(181)) - 9b918566-8d2f-4f38-9ce1-65f5cd084216:group-FB2ACB3823B3:LeaderElection490: begin an election at term 1 for -1: [9b918566-8d2f-4f38-9ce1-65f5cd084216:192.168.36.79:46843], old=null
2019-09-20 05:50:12,384 [9b918566-8d2f-4f38-9ce1-65f5cd084216:group-FB2ACB3823B3:LeaderElection490] INFO  impl.RoleInfo (RoleInfo.java:shutdownLeaderElection(134)) - 9b918566-8d2f-4f38-9ce1-65f5cd084216: shutdown LeaderElection
2019-09-20 05:50:12,669 | INFO  | DNAudit | user=null | ip=null | op=PUT_BLOCK {blockData=[blockId=conID: 7 locID: 102823271275233289 bcsId: 0,size=5]} | ret=SUCCESS |  
2019-09-20 05:50:12,669 [9b918566-8d2f-4f38-9ce1-65f5cd084216:group-FB2ACB3823B3:LeaderElection490] INFO  impl.RaftServerImpl (RaftServerImpl.java:setRole(171)) - 9b918566-8d2f-4f38-9ce1-65f5cd084216:group-FB2ACB3823B3 changes role from CANDIDATE to LEADER at term 1 for changeToLeader
2019-09-20 05:50:12,667 | INFO  | SCMAudit | user=jenkins1000 | ip=192.168.36.79 | op=SEND_HEARTBEAT {datanodeUUID=9b918566-8d2f-4f38-9ce1-65f5cd084216, command=[]} | ret=SUCCESS |  
2019-09-20 05:50:11,448 [9b918566-8d2f-4f38-9ce1-65f5cd084216-SegmentedRaftLogWorker:Storage Directory /workdir/hadoop-ozone/integration-test/target/test-dir/MiniOzoneClusterImpl-29dd0c8c-da21-41d6-af77-5f0a65600fbb/datanode-0/data/ratis/684f5ca1-7aa2-48c5-833a-da618fa1b8b2] ERROR segmented.SegmentedRaftLogWorker (SegmentedRaftLogWorker.java:run(323)) - 9b918566-8d2f-4f38-9ce1-65f5cd084216-SegmentedRaftLogWorker:Storage Directory /workdir/hadoop-ozone/integration-test/target/test-dir/MiniOzoneClusterImpl-29dd0c8c-da21-41d6-af77-5f0a65600fbb/datanode-0/data/ratis/684f5ca1-7aa2-48c5-833a-da618fa1b8b2 hit exception
java.lang.OutOfMemoryError: Direct buffer memory
	at java.nio.Bits.reserveMemory(Bits.java:666)
	at java.nio.DirectByteBuffer.<init>(DirectByteBuffer.java:123)
	at java.nio.ByteBuffer.allocateDirect(ByteBuffer.java:311)
	at org.apache.ratis.server.raftlog.segmented.BufferedWriteChannel.<init>(BufferedWriteChannel.java:41)
	at org.apache.ratis.server.raftlog.segmented.SegmentedRaftLogOutputStream.<init>(SegmentedRaftLogOutputStream.java:72)
	at org.apache.ratis.server.raftlog.segmented.SegmentedRaftLogWorker$StartLogSegment.execute(SegmentedRaftLogWorker.java:566)
	at org.apache.ratis.server.raftlog.segmented.SegmentedRaftLogWorker.run(SegmentedRaftLogWorker.java:289)
	at java.lang.Thread.run(Thread.java:748)
2019-09-20 05:50:12,671 [9b918566-8d2f-4f38-9ce1-65f5cd084216-SegmentedRaftLogWorker:Storage Directory /workdir/hadoop-ozone/integration-test/target/test-dir/MiniOzoneClusterImpl-29dd0c8c-da21-41d6-af77-5f0a65600fbb/datanode-0/data/ratis/684f5ca1-7aa2-48c5-833a-da618fa1b8b2] INFO  impl.RaftServerImpl (RaftServerImpl.java:lambda$shutdown$3(245)) - 9b918566-8d2f-4f38-9ce1-65f5cd084216: shutdown group-DA618FA1B8B2
2019-09-20 05:50:11,252 [9b918566-8d2f-4f38-9ce1-65f5cd084216:group-17255EC37A1D:LeaderElection482] INFO  server.RaftServerConfigKeys (ConfUtils.java:logGet(43)) - raft.server.write.element-limit = 4096 (default)
2019-09-20 05:50:11,252 [9b918566-8d2f-4f38-9ce1-65f5cd084216:group-17246AB8CDB8:LeaderElection464] INFO  impl.RaftServerImpl (ServerState.java:setRaftConf(361)) - 9b918566-8d2f-4f38-9ce1-65f5cd084216:group-17246AB8CDB8 set configuration 0: [9b918566-8d2f-4f38-9ce1-65f5cd084216:192.168.36.79:46843], old=null at 0
2019-09-20 05:50:12,671 [9b918566-8d2f-4f38-9ce1-65f5cd084216-SegmentedRaftLogWorker:Storage Directory /workdir/hadoop-ozone/integration-test/target/test-dir/MiniOzoneClusterImpl-29dd0c8c-da21-41d6-af77-5f0a65600fbb/datanode-0/data/ratis/684f5ca1-7aa2-48c5-833a-da618fa1b8b2] INFO  util.JmxRegister (JmxRegister.java:unregister(73)) - Successfully un-registered JMX Bean with object name Ratis:service=RaftServer,group=group-DA618FA1B8B2,id=9b918566-8d2f-4f38-9ce1-65f5cd084216
2019-09-20 05:50:12,671 [StateMachineUpdater:9b918566-8d2f-4f38-9ce1-65f5cd084216:group-6A169ECCAA06] INFO  ratis.ContainerStateMachine (ContainerStateMachine.java:takeSnapshot(283)) - group-6A169ECCAA06: Taking a snapshot at:(t:1, i:4) file /workdir/hadoop-ozone/integration-test/target/test-dir/MiniOzoneClusterImpl-29dd0c8c-da21-41d6-af77-5f0a65600fbb/datanode-0/data/ratis/3334cfc7-b579-49c5-a5a6-6a169eccaa06/sm/snapshot.1_4
2019-09-20 05:50:12,673 [9b918566-8d2f-4f38-9ce1-65f5cd084216:group-17255EC37A1D:LeaderElection482] INFO  server.RaftServerConfigKeys (ConfUtils.java:logGet(43)) - raft.server.watch.timeout = 10s (default)
2019-09-20 05:50:12,670 [9b918566-8d2f-4f38-9ce1-65f5cd084216-SegmentedRaftLogWorker:Storage Directory /workdir/hadoop-ozone/integration-test/target/test-dir/MiniOzoneClusterImpl-29dd0c8c-da21-41d6-af77-5f0a65600fbb/datanode-0/data/ratis/721097f0-d228-4b80-b6ae-24326a8f7fb8] ERROR segmented.SegmentedRaftLogWorker (SegmentedRaftLogWorker.java:run(323)) - 9b918566-8d2f-4f38-9ce1-65f5cd084216-SegmentedRaftLogWorker:Storage Directory /workdir/hadoop-ozone/integration-test/target/test-dir/MiniOzoneClusterImpl-29dd0c8c-da21-41d6-af77-5f0a65600fbb/datanode-0/data/ratis/721097f0-d228-4b80-b6ae-24326a8f7fb8 hit exception
java.lang.OutOfMemoryError: Direct buffer memory
	at java.nio.Bits.reserveMemory(Bits.java:666)
	at java.nio.DirectByteBuffer.<init>(DirectByteBuffer.java:123)
	at java.nio.ByteBuffer.allocateDirect(ByteBuffer.java:311)
	at org.apache.ratis.server.raftlog.segmented.BufferedWriteChannel.<init>(BufferedWriteChannel.java:41)
	at org.apache.ratis.server.raftlog.segmented.SegmentedRaftLogOutputStream.<init>(SegmentedRaftLogOutputStream.java:72)
	at org.apache.ratis.server.raftlog.segmented.SegmentedRaftLogWorker$StartLogSegment.execute(SegmentedRaftLogWorker.java:566)
	at org.apache.ratis.server.raftlog.segmented.SegmentedRaftLogWorker.run(SegmentedRaftLogWorker.java:289)
	at java.lang.Thread.run(Thread.java:748)
2019-09-20 05:50:12,674 [9b918566-8d2f-4f38-9ce1-65f5cd084216-SegmentedRaftLogWorker:Storage Directory /workdir/hadoop-ozone/integration-test/target/test-dir/MiniOzoneClusterImpl-29dd0c8c-da21-41d6-af77-5f0a65600fbb/datanode-0/data/ratis/721097f0-d228-4b80-b6ae-24326a8f7fb8] INFO  impl.RaftServerImpl (RaftServerImpl.java:lambda$shutdown$3(245)) - 9b918566-8d2f-4f38-9ce1-65f5cd084216: shutdown group-24326A8F7FB8
2019-09-20 05:50:12,669 [9b918566-8d2f-4f38-9ce1-65f5cd084216-SegmentedRaftLogWorker:Storage Directory /workdir/hadoop-ozone/integration-test/target/test-dir/MiniOzoneClusterImpl-29dd0c8c-da21-41d6-af77-5f0a65600fbb/datanode-0/data/ratis/1b778a1e-82f3-4701-ba61-9e1ecf1ec588] ERROR segmented.SegmentedRaftLogWorker (SegmentedRaftLogWorker.java:run(323)) - 9b918566-8d2f-4f38-9ce1-65f5cd084216-SegmentedRaftLogWorker:Storage Directory /workdir/hadoop-ozone/integration-test/target/test-dir/MiniOzoneClusterImpl-29dd0c8c-da21-41d6-af77-5f0a65600fbb/datanode-0/data/ratis/1b778a1e-82f3-4701-ba61-9e1ecf1ec588 hit exception
java.lang.OutOfMemoryError: Direct buffer memory
	at java.nio.Bits.reserveMemory(Bits.java:666)
	at java.nio.DirectByteBuffer.<init>(DirectByteBuffer.java:123)
	at java.nio.ByteBuffer.allocateDirect(ByteBuffer.java:311)
	at org.apache.ratis.server.raftlog.segmented.BufferedWriteChannel.<init>(BufferedWriteChannel.java:41)
	at org.apache.ratis.server.raftlog.segmented.SegmentedRaftLogOutputStream.<init>(SegmentedRaftLogOutputStream.java:72)
	at org.apache.ratis.server.raftlog.segmented.SegmentedRaftLogWorker$StartLogSegment.execute(SegmentedRaftLogWorker.java:566)
	at org.apache.ratis.server.raftlog.segmented.SegmentedRaftLogWorker.run(SegmentedRaftLogWorker.java:289)
	at java.lang.Thread.run(Thread.java:748)
2019-09-20 05:50:12,674 [9b918566-8d2f-4f38-9ce1-65f5cd084216-SegmentedRaftLogWorker:Storage Directory /workdir/hadoop-ozone/integration-test/target/test-dir/MiniOzoneClusterImpl-29dd0c8c-da21-41d6-af77-5f0a65600fbb/datanode-0/data/ratis/1b778a1e-82f3-4701-ba61-9e1ecf1ec588] INFO  impl.RaftServerImpl (RaftServerImpl.java:lambda$shutdown$3(245)) - 9b918566-8d2f-4f38-9ce1-65f5cd084216: shutdown group-9E1ECF1EC588
2019-09-20 05:50:12,669 [9b918566-8d2f-4f38-9ce1-65f5cd084216:group-FB2ACB3823B3:LeaderElection490] INFO  impl.RaftServerImpl (ServerState.java:setLeader(263)) - 9b918566-8d2f-4f38-9ce1-65f5cd084216:group-FB2ACB3823B3 change Leader from null to 9b918566-8d2f-4f38-9ce1-65f5cd084216 at term 1 for becomeLeader, leader elected after 9202ms
2019-09-20 05:50:12,669 [9b918566-8d2f-4f38-9ce1-65f5cd084216:group-14C055A8E40F:LeaderElection468] INFO  impl.RaftServerImpl (ServerState.java:setRaftConf(361)) - 9b918566-8d2f-4f38-9ce1-65f5cd084216:group-14C055A8E40F set configuration 0: [9b918566-8d2f-4f38-9ce1-65f5cd084216:192.168.36.79:46843], old=null at 0
2019-09-20 05:50:12,666 [9b918566-8d2f-4f38-9ce1-65f5cd084216-SegmentedRaftLogWorker:Storage Directory /workdir/hadoop-ozone/integration-test/target/test-dir/MiniOzoneClusterImpl-29dd0c8c-da21-41d6-af77-5f0a65600fbb/datanode-0/data/ratis/1d18e2df-21f2-4442-9e7d-7312b38db467] ERROR segmented.SegmentedRaftLogWorker (SegmentedRaftLogWorker.java:run(323)) - 9b918566-8d2f-4f38-9ce1-65f5cd084216-SegmentedRaftLogWorker:Storage Directory /workdir/hadoop-ozone/integration-test/target/test-dir/MiniOzoneClusterImpl-29dd0c8c-da21-41d6-af77-5f0a65600fbb/datanode-0/data/ratis/1d18e2df-21f2-4442-9e7d-7312b38db467 hit exception
java.lang.OutOfMemoryError: Direct buffer memory
	at java.nio.Bits.reserveMemory(Bits.java:666)
	at java.nio.DirectByteBuffer.<init>(DirectByteBuffer.java:123)
	at java.nio.ByteBuffer.allocateDirect(ByteBuffer.java:311)
	at org.apache.ratis.server.raftlog.segmented.BufferedWriteChannel.<init>(BufferedWriteChannel.java:41)
	at org.apache.ratis.server.raftlog.segmented.SegmentedRaftLogOutputStream.<init>(SegmentedRaftLogOutputStream.java:72)
	at org.apache.ratis.server.raftlog.segmented.SegmentedRaftLogWorker$StartLogSegment.execute(SegmentedRaftLogWorker.java:566)
	at org.apache.ratis.server.raftlog.segmented.SegmentedRaftLogWorker.run(SegmentedRaftLogWorker.java:289)
	at java.lang.Thread.run(Thread.java:748)
2019-09-20 05:50:12,675 [9b918566-8d2f-4f38-9ce1-65f5cd084216-SegmentedRaftLogWorker:Storage Directory /workdir/hadoop-ozone/integration-test/target/test-dir/MiniOzoneClusterImpl-29dd0c8c-da21-41d6-af77-5f0a65600fbb/datanode-0/data/ratis/1d18e2df-21f2-4442-9e7d-7312b38db467] INFO  impl.RaftServerImpl (RaftServerImpl.java:lambda$shutdown$3(245)) - 9b918566-8d2f-4f38-9ce1-65f5cd084216: shutdown group-7312B38DB467
2019-09-20 05:50:12,384 [9b918566-8d2f-4f38-9ce1-65f5cd084216-SegmentedRaftLogWorker:Storage Directory /workdir/hadoop-ozone/integration-test/target/test-dir/MiniOzoneClusterImpl-29dd0c8c-da21-41d6-af77-5f0a65600fbb/datanode-0/data/ratis/e562f3f3-5a0d-4d26-993c-93887c2f4e7a] INFO  impl.RoleInfo (RoleInfo.java:shutdownLeaderState(104)) - 9b918566-8d2f-4f38-9ce1-65f5cd084216: shutdown LeaderState
2019-09-20 05:50:12,384 [9b918566-8d2f-4f38-9ce1-65f5cd084216-SegmentedRaftLogWorker:Storage Directory /workdir/hadoop-ozone/integration-test/target/test-dir/MiniOzoneClusterImpl-29dd0c8c-da21-41d6-af77-5f0a65600fbb/datanode-0/data/ratis/90872afe-dcf8-4dbb-8a8d-3854aa616451] INFO  impl.PendingRequests (PendingRequests.java:sendNotLeaderResponses(202)) - 9b918566-8d2f-4f38-9ce1-65f5cd084216-PendingRequests: sendNotLeaderResponses
2019-09-20 05:50:12,383 [9b918566-8d2f-4f38-9ce1-65f5cd084216-SegmentedRaftLogWorker:Storage Directory /workdir/hadoop-ozone/integration-test/target/test-dir/MiniOzoneClusterImpl-29dd0c8c-da21-41d6-af77-5f0a65600fbb/datanode-0/data/ratis/8d398347-5045-4661-9084-641e6d60b548] INFO  impl.RoleInfo (RoleInfo.java:shutdownLeaderState(104)) - 9b918566-8d2f-4f38-9ce1-65f5cd084216: shutdown LeaderState
2019-09-20 05:50:12,383 [9b918566-8d2f-4f38-9ce1-65f5cd084216:group-2451DD07C4FA:LeaderElection475] INFO  segmented.SegmentedRaftLogWorker (SegmentedRaftLogWorker.java:startLogSegment(380)) - 9b918566-8d2f-4f38-9ce1-65f5cd084216-SegmentedRaftLogWorker:Storage Directory /workdir/hadoop-ozone/integration-test/target/test-dir/MiniOzoneClusterImpl-29dd0c8c-da21-41d6-af77-5f0a65600fbb/datanode-0/data/ratis/90892a34-6097-49df-bc8a-2451dd07c4fa: Starting segment from index:0
2019-09-20 05:50:12,383 [9b918566-8d2f-4f38-9ce1-65f5cd084216-SegmentedRaftLogWorker:Storage Directory /workdir/hadoop-ozone/integration-test/target/test-dir/MiniOzoneClusterImpl-29dd0c8c-da21-41d6-af77-5f0a65600fbb/datanode-0/data/ratis/877a390b-d7de-4a37-9853-7d0c9681d055] INFO  impl.PendingRequests (PendingRequests.java:sendNotLeaderResponses(202)) - 9b918566-8d2f-4f38-9ce1-65f5cd084216-PendingRequests: sendNotLeaderResponses
2019-09-20 05:50:12,383 [9b918566-8d2f-4f38-9ce1-65f5cd084216-SegmentedRaftLogWorker:Storage Directory /workdir/hadoop-ozone/integration-test/target/test-dir/MiniOzoneClusterImpl-29dd0c8c-da21-41d6-af77-5f0a65600fbb/datanode-0/data/ratis/a3e6f5cb-4c19-4d74-b355-f7bb2564a246] INFO  impl.PendingRequests (PendingRequests.java:sendNotLeaderResponses(202)) - 9b918566-8d2f-4f38-9ce1-65f5cd084216-PendingRequests: sendNotLeaderResponses
2019-09-20 05:50:12,383 [9b918566-8d2f-4f38-9ce1-65f5cd084216-SegmentedRaftLogWorker:Storage Directory /workdir/hadoop-ozone/integration-test/target/test-dir/MiniOzoneClusterImpl-29dd0c8c-da21-41d6-af77-5f0a65600fbb/datanode-0/data/ratis/bab29984-1025-4abd-803b-1fab4902ebda] INFO  util.JmxRegister (JmxRegister.java:unregister(73)) - Successfully un-registered JMX Bean with object name Ratis:service=RaftServer,group=group-1FAB4902EBDA,id=9b918566-8d2f-4f38-9ce1-65f5cd084216
2019-09-20 05:50:12,383 [9b918566-8d2f-4f38-9ce1-65f5cd084216-SegmentedRaftLogWorker:Storage Directory /workdir/hadoop-ozone/integration-test/target/test-dir/MiniOzoneClusterImpl-29dd0c8c-da21-41d6-af77-5f0a65600fbb/datanode-0/data/ratis/b12902f7-797e-4e11-8d87-2122d3b7d5ad] INFO  impl.PendingRequests (PendingRequests.java:sendNotLeaderResponses(202)) - 9b918566-8d2f-4f38-9ce1-65f5cd084216-PendingRequests: sendNotLeaderResponses
2019-09-20 05:50:12,382 [9b918566-8d2f-4f38-9ce1-65f5cd084216:group-EBA770ADA936:LeaderElection469] INFO  segmented.SegmentedRaftLogWorker (SegmentedRaftLogWorker.java:startLogSegment(380)) - 9b918566-8d2f-4f38-9ce1-65f5cd084216-SegmentedRaftLogWorker:Storage Directory /workdir/hadoop-ozone/integration-test/target/test-dir/MiniOzoneClusterImpl-29dd0c8c-da21-41d6-af77-5f0a65600fbb/datanode-0/data/ratis/bcde6b08-c177-48b6-8f38-eba770ada936: Starting segment from index:0
2019-09-20 05:50:12,896 | INFO  | SCMAudit | user=jenkins1000 | ip=192.168.36.79 | op=SEND_HEARTBEAT {datanodeUUID=9b918566-8d2f-4f38-9ce1-65f5cd084216, command=[]} | ret=SUCCESS |  
2019-09-20 05:50:12,382 [9b918566-8d2f-4f38-9ce1-65f5cd084216:group-62DE59026CF0:LeaderElection470] INFO  segmented.SegmentedRaftLogWorker (SegmentedRaftLogWorker.java:startLogSegment(380)) - 9b918566-8d2f-4f38-9ce1-65f5cd084216-SegmentedRaftLogWorker:Storage Directory /workdir/hadoop-ozone/integration-test/target/test-dir/MiniOzoneClusterImpl-29dd0c8c-da21-41d6-af77-5f0a65600fbb/datanode-0/data/ratis/21943f24-2b99-41ab-af6b-62de59026cf0: Starting segment from index:0
2019-09-20 05:50:12,382 [9b918566-8d2f-4f38-9ce1-65f5cd084216:group-2515D093169F:LeaderElection483] INFO  impl.RaftServerImpl (ServerState.java:setLeader(263)) - 9b918566-8d2f-4f38-9ce1-65f5cd084216:group-2515D093169F change Leader from null to 9b918566-8d2f-4f38-9ce1-65f5cd084216 at term 1 for becomeLeader, leader elected after 9195ms
2019-09-20 05:50:12,897 [9b918566-8d2f-4f38-9ce1-65f5cd084216:group-EBA770ADA936:LeaderElection469] INFO  impl.RaftServerImpl (ServerState.java:setRaftConf(361)) - 9b918566-8d2f-4f38-9ce1-65f5cd084216:group-EBA770ADA936 set configuration 0: [9b918566-8d2f-4f38-9ce1-65f5cd084216:192.168.36.79:46843], old=null at 0
2019-09-20 05:50:12,381 [9b918566-8d2f-4f38-9ce1-65f5cd084216:group-596D48322396:LeaderElection486] INFO  impl.RaftServerImpl (ServerState.java:setLeader(263)) - 9b918566-8d2f-4f38-9ce1-65f5cd084216:group-596D48322396 change Leader from null to 9b918566-8d2f-4f38-9ce1-65f5cd084216 at term 1 for becomeLeader, leader elected after 8975ms
2019-09-20 05:50:13,419 [SCM Heartbeat Processing Thread - 0] ERROR node.NodeStateManager (NodeStateManager.java:checkNodesHealth(635)) - Total time spend processing datanode HB's is greater than configured values for datanode heartbeats. Please adjust the heartbeat configs. Time Spend on HB processing: 0 seconds Datanode heartbeat Interval: 100 seconds.
2019-09-20 05:50:12,381 [9b918566-8d2f-4f38-9ce1-65f5cd084216:group-A56C5B637ABD:LeaderElection485] INFO  impl.RaftServerImpl (ServerState.java:setLeader(263)) - 9b918566-8d2f-4f38-9ce1-65f5cd084216:group-A56C5B637ABD change Leader from null to 9b918566-8d2f-4f38-9ce1-65f5cd084216 at term 1 for becomeLeader, leader elected after 8846ms
2019-09-20 05:50:12,381 [9b918566-8d2f-4f38-9ce1-65f5cd084216:group-8D5F95202CDA:LeaderElection489] INFO  impl.RaftServerImpl (RaftServerImpl.java:setRole(171)) - 9b918566-8d2f-4f38-9ce1-65f5cd084216:group-8D5F95202CDA changes role from CANDIDATE to LEADER at term 1 for changeToLeader
2019-09-20 05:50:13,420 [9b918566-8d2f-4f38-9ce1-65f5cd084216:group-8D5F95202CDA:LeaderElection489] INFO  impl.RaftServerImpl (ServerState.java:setLeader(263)) - 9b918566-8d2f-4f38-9ce1-65f5cd084216:group-8D5F95202CDA change Leader from null to 9b918566-8d2f-4f38-9ce1-65f5cd084216 at term 1 for becomeLeader, leader elected after 9328ms
2019-09-20 05:50:13,420 | INFO  | SCMAudit | user=jenkins1000 | ip=192.168.36.79 | op=SEND_HEARTBEAT {datanodeUUID=9b918566-8d2f-4f38-9ce1-65f5cd084216, command=[]} | ret=SUCCESS |  
2019-09-20 05:50:12,381 [9b918566-8d2f-4f38-9ce1-65f5cd084216:group-CDCA2E7D92F9:LeaderElection488] INFO  impl.RaftServerImpl (ServerState.java:setLeader(263)) - 9b918566-8d2f-4f38-9ce1-65f5cd084216:group-CDCA2E7D92F9 change Leader from null to 9b918566-8d2f-4f38-9ce1-65f5cd084216 at term 1 for becomeLeader, leader elected after 8760ms
2019-09-20 05:50:12,381 [9b918566-8d2f-4f38-9ce1-65f5cd084216:group-DDEEE97CADE4:LeaderElection477] INFO  impl.RoleInfo (RoleInfo.java:updateAndGet(143)) - 9b918566-8d2f-4f38-9ce1-65f5cd084216: start LeaderState
2019-09-20 05:50:12,380 [9b918566-8d2f-4f38-9ce1-65f5cd084216:group-C0C96F94F210:LeaderElection467] INFO  segmented.SegmentedRaftLogWorker (SegmentedRaftLogWorker.java:startLogSegment(380)) - 9b918566-8d2f-4f38-9ce1-65f5cd084216-SegmentedRaftLogWorker:Storage Directory /workdir/hadoop-ozone/integration-test/target/test-dir/MiniOzoneClusterImpl-29dd0c8c-da21-41d6-af77-5f0a65600fbb/datanode-0/data/ratis/1b1e116c-2ce8-466a-a41b-c0c96f94f210: Starting segment from index:0
2019-09-20 05:50:12,380 [9b918566-8d2f-4f38-9ce1-65f5cd084216-SegmentedRaftLogWorker:Storage Directory /workdir/hadoop-ozone/integration-test/target/test-dir/MiniOzoneClusterImpl-29dd0c8c-da21-41d6-af77-5f0a65600fbb/datanode-0/data/ratis/2cc6e233-34e4-4c22-9306-b4fa85babdfe] INFO  impl.RaftServerImpl (RaftServerImpl.java:lambda$shutdown$3(245)) - 9b918566-8d2f-4f38-9ce1-65f5cd084216: shutdown group-B4FA85BABDFE
2019-09-20 05:50:12,379 [9b918566-8d2f-4f38-9ce1-65f5cd084216:group-96622BF2F79B:LeaderElection480] INFO  impl.RoleInfo (RoleInfo.java:updateAndGet(143)) - 9b918566-8d2f-4f38-9ce1-65f5cd084216: start LeaderState
2019-09-20 05:50:12,379 [9b918566-8d2f-4f38-9ce1-65f5cd084216:group-D2E3D1BC3C4A:LeaderElection466] INFO  segmented.SegmentedRaftLogWorker (SegmentedRaftLogWorker.java:startLogSegment(380)) - 9b918566-8d2f-4f38-9ce1-65f5cd084216-SegmentedRaftLogWorker:Storage Directory /workdir/hadoop-ozone/integration-test/target/test-dir/MiniOzoneClusterImpl-29dd0c8c-da21-41d6-af77-5f0a65600fbb/datanode-0/data/ratis/daa8b7bc-4f16-44c2-b288-d2e3d1bc3c4a: Starting segment from index:0
2019-09-20 05:50:12,379 [pool-57-thread-1] INFO  server.RaftServerConfigKeys (ConfUtils.java:logGet(43)) - raft.server.log.preallocated.size = 16384 (custom)
2019-09-20 05:50:13,421 | INFO  | SCMAudit | user=jenkins1000 | ip=192.168.36.79 | op=SEND_HEARTBEAT {datanodeUUID=9b918566-8d2f-4f38-9ce1-65f5cd084216, command=[]} | ret=SUCCESS |  
2019-09-20 05:50:13,421 [pool-57-thread-1] INFO  server.RaftServerConfigKeys (ConfUtils.java:logGet(43)) - raft.server.log.write.buffer.size = 33554432 (custom)
2019-09-20 05:50:12,379 [9b918566-8d2f-4f38-9ce1-65f5cd084216:group-133DA12773F6:LeaderElection487] INFO  server.RaftServerConfigKeys (ConfUtils.java:logGet(43)) - raft.server.watch.element-limit = 65536 (default)
2019-09-20 05:50:12,379 [9b918566-8d2f-4f38-9ce1-65f5cd084216:group-1A7E6EC3BB63:LeaderElection484] INFO  server.RaftServerConfigKeys (ConfUtils.java:logGet(43)) - raft.server.write.element-limit = 4096 (default)
2019-09-20 05:50:13,421 [9b918566-8d2f-4f38-9ce1-65f5cd084216:group-133DA12773F6:LeaderElection487] INFO  impl.RoleInfo (RoleInfo.java:updateAndGet(143)) - 9b918566-8d2f-4f38-9ce1-65f5cd084216: start LeaderState
2019-09-20 05:50:13,421 [pool-57-thread-1] INFO  server.RaftServerConfigKeys (ConfUtils.java:logGet(43)) - raft.server.log.force.sync.num = 128 (default)
2019-09-20 05:50:13,421 [9b918566-8d2f-4f38-9ce1-65f5cd084216:group-D2E3D1BC3C4A:LeaderElection466] INFO  impl.RaftServerImpl (ServerState.java:setRaftConf(361)) - 9b918566-8d2f-4f38-9ce1-65f5cd084216:group-D2E3D1BC3C4A set configuration 0: [9b918566-8d2f-4f38-9ce1-65f5cd084216:192.168.36.79:46843], old=null at 0
2019-09-20 05:50:13,420 [9b918566-8d2f-4f38-9ce1-65f5cd084216:group-96622BF2F79B:LeaderElection480] INFO  segmented.SegmentedRaftLogWorker (SegmentedRaftLogWorker.java:startLogSegment(380)) - 9b918566-8d2f-4f38-9ce1-65f5cd084216-SegmentedRaftLogWorker:Storage Directory /workdir/hadoop-ozone/integration-test/target/test-dir/MiniOzoneClusterImpl-29dd0c8c-da21-41d6-af77-5f0a65600fbb/datanode-0/data/ratis/3066cb0c-8537-41ff-b321-96622bf2f79b: Starting segment from index:0
2019-09-20 05:50:13,420 [9b918566-8d2f-4f38-9ce1-65f5cd084216:group-C0C96F94F210:LeaderElection467] INFO  impl.RaftServerImpl (ServerState.java:setRaftConf(361)) - 9b918566-8d2f-4f38-9ce1-65f5cd084216:group-C0C96F94F210 set configuration 0: [9b918566-8d2f-4f38-9ce1-65f5cd084216:192.168.36.79:46843], old=null at 0
2019-09-20 05:50:13,420 [9b918566-8d2f-4f38-9ce1-65f5cd084216-SegmentedRaftLogWorker:Storage Directory /workdir/hadoop-ozone/integration-test/target/test-dir/MiniOzoneClusterImpl-29dd0c8c-da21-41d6-af77-5f0a65600fbb/datanode-0/data/ratis/2cc6e233-34e4-4c22-9306-b4fa85babdfe] INFO  util.JmxRegister (JmxRegister.java:unregister(73)) - Successfully un-registered JMX Bean with object name Ratis:service=RaftServer,group=group-B4FA85BABDFE,id=9b918566-8d2f-4f38-9ce1-65f5cd084216
2019-09-20 05:50:13,420 [9b918566-8d2f-4f38-9ce1-65f5cd084216:group-DDEEE97CADE4:LeaderElection477] INFO  segmented.SegmentedRaftLogWorker (SegmentedRaftLogWorker.java:startLogSegment(380)) - 9b918566-8d2f-4f38-9ce1-65f5cd084216-SegmentedRaftLogWorker:Storage Directory /workdir/hadoop-ozone/integration-test/target/test-dir/MiniOzoneClusterImpl-29dd0c8c-da21-41d6-af77-5f0a65600fbb/datanode-0/data/ratis/afce9a65-b7eb-4d49-9748-ddeee97cade4: Starting segment from index:0
2019-09-20 05:50:13,420 [9b918566-8d2f-4f38-9ce1-65f5cd084216:group-CDCA2E7D92F9:LeaderElection488] INFO  server.RaftServerConfigKeys (ConfUtils.java:logGet(43)) - raft.server.staging.catchup.gap = 1000 (default)
2019-09-20 05:50:13,423 [9b918566-8d2f-4f38-9ce1-65f5cd084216:group-CDCA2E7D92F9:LeaderElection488] INFO  server.RaftServerConfigKeys (ConfUtils.java:logGet(43)) - raft.server.rpc.sleep.time = 25ms (default)
2019-09-20 05:50:13,420 [9b918566-8d2f-4f38-9ce1-65f5cd084216:group-8D5F95202CDA:LeaderElection489] INFO  server.RaftServerConfigKeys (ConfUtils.java:logGet(43)) - raft.server.staging.catchup.gap = 1000 (default)
2019-09-20 05:50:13,420 [9b918566-8d2f-4f38-9ce1-65f5cd084216:group-A56C5B637ABD:LeaderElection485] INFO  server.RaftServerConfigKeys (ConfUtils.java:logGet(43)) - raft.server.staging.catchup.gap = 1000 (default)
2019-09-20 05:50:13,423 [9b918566-8d2f-4f38-9ce1-65f5cd084216:group-A56C5B637ABD:LeaderElection485] INFO  server.RaftServerConfigKeys (ConfUtils.java:logGet(43)) - raft.server.rpc.sleep.time = 25ms (default)
2019-09-20 05:50:13,419 [9b918566-8d2f-4f38-9ce1-65f5cd084216:group-596D48322396:LeaderElection486] INFO  server.RaftServerConfigKeys (ConfUtils.java:logGet(43)) - raft.server.staging.catchup.gap = 1000 (default)
2019-09-20 05:50:13,424 [9b918566-8d2f-4f38-9ce1-65f5cd084216:group-596D48322396:LeaderElection486] INFO  server.RaftServerConfigKeys (ConfUtils.java:logGet(43)) - raft.server.rpc.sleep.time = 25ms (default)
2019-09-20 05:50:13,419 [9b918566-8d2f-4f38-9ce1-65f5cd084216-SegmentedRaftLogWorker:Storage Directory /workdir/hadoop-ozone/integration-test/target/test-dir/MiniOzoneClusterImpl-29dd0c8c-da21-41d6-af77-5f0a65600fbb/datanode-0/data/ratis/c3d49466-7916-42d9-a870-a25cace966d3] ERROR segmented.SegmentedRaftLogWorker (SegmentedRaftLogWorker.java:run(323)) - 9b918566-8d2f-4f38-9ce1-65f5cd084216-SegmentedRaftLogWorker:Storage Directory /workdir/hadoop-ozone/integration-test/target/test-dir/MiniOzoneClusterImpl-29dd0c8c-da21-41d6-af77-5f0a65600fbb/datanode-0/data/ratis/c3d49466-7916-42d9-a870-a25cace966d3 hit exception
java.lang.OutOfMemoryError: Direct buffer memory
	at java.nio.Bits.reserveMemory(Bits.java:666)
	at java.nio.DirectByteBuffer.<init>(DirectByteBuffer.java:123)
	at java.nio.ByteBuffer.allocateDirect(ByteBuffer.java:311)
	at org.apache.ratis.server.raftlog.segmented.BufferedWriteChannel.<init>(BufferedWriteChannel.java:41)
	at org.apache.ratis.server.raftlog.segmented.SegmentedRaftLogOutputStream.<init>(SegmentedRaftLogOutputStream.java:72)
	at org.apache.ratis.server.raftlog.segmented.SegmentedRaftLogWorker$StartLogSegment.execute(SegmentedRaftLogWorker.java:566)
	at org.apache.ratis.server.raftlog.segmented.SegmentedRaftLogWorker.run(SegmentedRaftLogWorker.java:289)
	at java.lang.Thread.run(Thread.java:748)
2019-09-20 05:50:13,419 [9b918566-8d2f-4f38-9ce1-65f5cd084216-SegmentedRaftLogWorker:Storage Directory /workdir/hadoop-ozone/integration-test/target/test-dir/MiniOzoneClusterImpl-29dd0c8c-da21-41d6-af77-5f0a65600fbb/datanode-0/data/ratis/ded814f4-5630-4190-a880-bdc32c52c7f7] ERROR segmented.SegmentedRaftLogWorker (SegmentedRaftLogWorker.java:run(323)) - 9b918566-8d2f-4f38-9ce1-65f5cd084216-SegmentedRaftLogWorker:Storage Directory /workdir/hadoop-ozone/integration-test/target/test-dir/MiniOzoneClusterImpl-29dd0c8c-da21-41d6-af77-5f0a65600fbb/datanode-0/data/ratis/ded814f4-5630-4190-a880-bdc32c52c7f7 hit exception
java.lang.OutOfMemoryError: Direct buffer memory
	at java.nio.Bits.reserveMemory(Bits.java:666)
	at java.nio.DirectByteBuffer.<init>(DirectByteBuffer.java:123)
	at java.nio.ByteBuffer.allocateDirect(ByteBuffer.java:311)
	at org.apache.ratis.server.raftlog.segmented.BufferedWriteChannel.<init>(BufferedWriteChannel.java:41)
	at org.apache.ratis.server.raftlog.segmented.SegmentedRaftLogOutputStream.<init>(SegmentedRaftLogOutputStream.java:72)
	at org.apache.ratis.server.raftlog.segmented.SegmentedRaftLogWorker$StartLogSegment.execute(SegmentedRaftLogWorker.java:566)
	at org.apache.ratis.server.raftlog.segmented.SegmentedRaftLogWorker.run(SegmentedRaftLogWorker.java:289)
	at java.lang.Thread.run(Thread.java:748)
2019-09-20 05:50:13,424 [9b918566-8d2f-4f38-9ce1-65f5cd084216-SegmentedRaftLogWorker:Storage Directory /workdir/hadoop-ozone/integration-test/target/test-dir/MiniOzoneClusterImpl-29dd0c8c-da21-41d6-af77-5f0a65600fbb/datanode-0/data/ratis/ded814f4-5630-4190-a880-bdc32c52c7f7] INFO  impl.RaftServerImpl (RaftServerImpl.java:lambda$shutdown$3(245)) - 9b918566-8d2f-4f38-9ce1-65f5cd084216: shutdown group-BDC32C52C7F7
2019-09-20 05:50:13,419 [9b918566-8d2f-4f38-9ce1-65f5cd084216-SegmentedRaftLogWorker:Storage Directory /workdir/hadoop-ozone/integration-test/target/test-dir/MiniOzoneClusterImpl-29dd0c8c-da21-41d6-af77-5f0a65600fbb/datanode-0/data/ratis/c579ba93-cbfe-47e8-a3c3-17246ab8cdb8] ERROR segmented.SegmentedRaftLogWorker (SegmentedRaftLogWorker.java:run(323)) - 9b918566-8d2f-4f38-9ce1-65f5cd084216-SegmentedRaftLogWorker:Storage Directory /workdir/hadoop-ozone/integration-test/target/test-dir/MiniOzoneClusterImpl-29dd0c8c-da21-41d6-af77-5f0a65600fbb/datanode-0/data/ratis/c579ba93-cbfe-47e8-a3c3-17246ab8cdb8 hit exception
java.lang.OutOfMemoryError: Direct buffer memory
	at java.nio.Bits.reserveMemory(Bits.java:666)
	at java.nio.DirectByteBuffer.<init>(DirectByteBuffer.java:123)
	at java.nio.ByteBuffer.allocateDirect(ByteBuffer.java:311)
	at org.apache.ratis.server.raftlog.segmented.BufferedWriteChannel.<init>(BufferedWriteChannel.java:41)
	at org.apache.ratis.server.raftlog.segmented.SegmentedRaftLogOutputStream.<init>(SegmentedRaftLogOutputStream.java:72)
	at org.apache.ratis.server.raftlog.segmented.SegmentedRaftLogWorker$StartLogSegment.execute(SegmentedRaftLogWorker.java:566)
	at org.apache.ratis.server.raftlog.segmented.SegmentedRaftLogWorker.run(SegmentedRaftLogWorker.java:289)
	at java.lang.Thread.run(Thread.java:748)
2019-09-20 05:50:13,425 [9b918566-8d2f-4f38-9ce1-65f5cd084216-SegmentedRaftLogWorker:Storage Directory /workdir/hadoop-ozone/integration-test/target/test-dir/MiniOzoneClusterImpl-29dd0c8c-da21-41d6-af77-5f0a65600fbb/datanode-0/data/ratis/c579ba93-cbfe-47e8-a3c3-17246ab8cdb8] INFO  impl.RaftServerImpl (RaftServerImpl.java:lambda$shutdown$3(245)) - 9b918566-8d2f-4f38-9ce1-65f5cd084216: shutdown group-17246AB8CDB8
2019-09-20 05:50:13,419 [9b918566-8d2f-4f38-9ce1-65f5cd084216-SegmentedRaftLogWorker:Storage Directory /workdir/hadoop-ozone/integration-test/target/test-dir/MiniOzoneClusterImpl-29dd0c8c-da21-41d6-af77-5f0a65600fbb/datanode-0/data/ratis/c03f9653-c16a-4b70-8b3b-b51181b3e2d6] ERROR segmented.SegmentedRaftLogWorker (SegmentedRaftLogWorker.java:run(323)) - 9b918566-8d2f-4f38-9ce1-65f5cd084216-SegmentedRaftLogWorker:Storage Directory /workdir/hadoop-ozone/integration-test/target/test-dir/MiniOzoneClusterImpl-29dd0c8c-da21-41d6-af77-5f0a65600fbb/datanode-0/data/ratis/c03f9653-c16a-4b70-8b3b-b51181b3e2d6 hit exception
java.lang.OutOfMemoryError: Direct buffer memory
	at java.nio.Bits.reserveMemory(Bits.java:666)
	at java.nio.DirectByteBuffer.<init>(DirectByteBuffer.java:123)
	at java.nio.ByteBuffer.allocateDirect(ByteBuffer.java:311)
	at org.apache.ratis.server.raftlog.segmented.BufferedWriteChannel.<init>(BufferedWriteChannel.java:41)
	at org.apache.ratis.server.raftlog.segmented.SegmentedRaftLogOutputStream.<init>(SegmentedRaftLogOutputStream.java:72)
	at org.apache.ratis.server.raftlog.segmented.SegmentedRaftLogWorker$StartLogSegment.execute(SegmentedRaftLogWorker.java:566)
	at org.apache.ratis.server.raftlog.segmented.SegmentedRaftLogWorker.run(SegmentedRaftLogWorker.java:289)
	at java.lang.Thread.run(Thread.java:748)
2019-09-20 05:50:12,897 [9b918566-8d2f-4f38-9ce1-65f5cd084216:group-62DE59026CF0:LeaderElection470] INFO  impl.RaftServerImpl (ServerState.java:setRaftConf(361)) - 9b918566-8d2f-4f38-9ce1-65f5cd084216:group-62DE59026CF0 set configuration 0: [9b918566-8d2f-4f38-9ce1-65f5cd084216:192.168.36.79:46843], old=null at 0
2019-09-20 05:50:12,897 [9b918566-8d2f-4f38-9ce1-65f5cd084216:group-2515D093169F:LeaderElection483] INFO  server.RaftServerConfigKeys (ConfUtils.java:logGet(43)) - raft.server.staging.catchup.gap = 1000 (default)
2019-09-20 05:50:12,896 [9b918566-8d2f-4f38-9ce1-65f5cd084216-SegmentedRaftLogWorker:Storage Directory /workdir/hadoop-ozone/integration-test/target/test-dir/MiniOzoneClusterImpl-29dd0c8c-da21-41d6-af77-5f0a65600fbb/datanode-0/data/ratis/b12902f7-797e-4e11-8d87-2122d3b7d5ad] INFO  impl.StateMachineUpdater (StateMachineUpdater.java:stopAndJoin(115)) - StateMachineUpdater:9b918566-8d2f-4f38-9ce1-65f5cd084216:group-2122D3B7D5AD: set stopIndex = -1
2019-09-20 05:50:12,896 [9b918566-8d2f-4f38-9ce1-65f5cd084216-SegmentedRaftLogWorker:Storage Directory /workdir/hadoop-ozone/integration-test/target/test-dir/MiniOzoneClusterImpl-29dd0c8c-da21-41d6-af77-5f0a65600fbb/datanode-0/data/ratis/bab29984-1025-4abd-803b-1fab4902ebda] INFO  impl.RoleInfo (RoleInfo.java:shutdownLeaderState(104)) - 9b918566-8d2f-4f38-9ce1-65f5cd084216: shutdown LeaderState
2019-09-20 05:50:12,896 [9b918566-8d2f-4f38-9ce1-65f5cd084216-SegmentedRaftLogWorker:Storage Directory /workdir/hadoop-ozone/integration-test/target/test-dir/MiniOzoneClusterImpl-29dd0c8c-da21-41d6-af77-5f0a65600fbb/datanode-0/data/ratis/a3e6f5cb-4c19-4d74-b355-f7bb2564a246] INFO  impl.StateMachineUpdater (StateMachineUpdater.java:stopAndJoin(115)) - StateMachineUpdater:9b918566-8d2f-4f38-9ce1-65f5cd084216:group-F7BB2564A246: set stopIndex = -1
2019-09-20 05:50:13,426 [9b918566-8d2f-4f38-9ce1-65f5cd084216-SegmentedRaftLogWorker:Storage Directory /workdir/hadoop-ozone/integration-test/target/test-dir/MiniOzoneClusterImpl-29dd0c8c-da21-41d6-af77-5f0a65600fbb/datanode-0/data/ratis/a3e6f5cb-4c19-4d74-b355-f7bb2564a246] INFO  impl.RaftServerImpl (ServerState.java:close(394)) - 9b918566-8d2f-4f38-9ce1-65f5cd084216:group-F7BB2564A246 closes. The last applied log index is -1
2019-09-20 05:50:12,676 [9b918566-8d2f-4f38-9ce1-65f5cd084216:group-2451DD07C4FA:LeaderElection475] INFO  impl.RaftServerImpl (ServerState.java:setRaftConf(361)) - 9b918566-8d2f-4f38-9ce1-65f5cd084216:group-2451DD07C4FA set configuration 0: [9b918566-8d2f-4f38-9ce1-65f5cd084216:192.168.36.79:46843], old=null at 0
2019-09-20 05:50:12,676 [9b918566-8d2f-4f38-9ce1-65f5cd084216-SegmentedRaftLogWorker:Storage Directory /workdir/hadoop-ozone/integration-test/target/test-dir/MiniOzoneClusterImpl-29dd0c8c-da21-41d6-af77-5f0a65600fbb/datanode-0/data/ratis/877a390b-d7de-4a37-9853-7d0c9681d055] INFO  impl.StateMachineUpdater (StateMachineUpdater.java:stopAndJoin(115)) - StateMachineUpdater:9b918566-8d2f-4f38-9ce1-65f5cd084216:group-7D0C9681D055: set stopIndex = -1
2019-09-20 05:50:13,426 [9b918566-8d2f-4f38-9ce1-65f5cd084216-SegmentedRaftLogWorker:Storage Directory /workdir/hadoop-ozone/integration-test/target/test-dir/MiniOzoneClusterImpl-29dd0c8c-da21-41d6-af77-5f0a65600fbb/datanode-0/data/ratis/877a390b-d7de-4a37-9853-7d0c9681d055] INFO  impl.RaftServerImpl (ServerState.java:close(394)) - 9b918566-8d2f-4f38-9ce1-65f5cd084216:group-7D0C9681D055 closes. The last applied log index is -1
2019-09-20 05:50:12,675 [9b918566-8d2f-4f38-9ce1-65f5cd084216-SegmentedRaftLogWorker:Storage Directory /workdir/hadoop-ozone/integration-test/target/test-dir/MiniOzoneClusterImpl-29dd0c8c-da21-41d6-af77-5f0a65600fbb/datanode-0/data/ratis/8d398347-5045-4661-9084-641e6d60b548] INFO  impl.PendingRequests (PendingRequests.java:sendNotLeaderResponses(202)) - 9b918566-8d2f-4f38-9ce1-65f5cd084216-PendingRequests: sendNotLeaderResponses
2019-09-20 05:50:12,675 [9b918566-8d2f-4f38-9ce1-65f5cd084216-SegmentedRaftLogWorker:Storage Directory /workdir/hadoop-ozone/integration-test/target/test-dir/MiniOzoneClusterImpl-29dd0c8c-da21-41d6-af77-5f0a65600fbb/datanode-0/data/ratis/90872afe-dcf8-4dbb-8a8d-3854aa616451] INFO  impl.StateMachineUpdater (StateMachineUpdater.java:stopAndJoin(115)) - StateMachineUpdater:9b918566-8d2f-4f38-9ce1-65f5cd084216:group-3854AA616451: set stopIndex = -1
2019-09-20 05:50:13,427 [9b918566-8d2f-4f38-9ce1-65f5cd084216-SegmentedRaftLogWorker:Storage Directory /workdir/hadoop-ozone/integration-test/target/test-dir/MiniOzoneClusterImpl-29dd0c8c-da21-41d6-af77-5f0a65600fbb/datanode-0/data/ratis/90872afe-dcf8-4dbb-8a8d-3854aa616451] INFO  impl.RaftServerImpl (ServerState.java:close(394)) - 9b918566-8d2f-4f38-9ce1-65f5cd084216:group-3854AA616451 closes. The last applied log index is -1
2019-09-20 05:50:12,675 [9b918566-8d2f-4f38-9ce1-65f5cd084216-SegmentedRaftLogWorker:Storage Directory /workdir/hadoop-ozone/integration-test/target/test-dir/MiniOzoneClusterImpl-29dd0c8c-da21-41d6-af77-5f0a65600fbb/datanode-0/data/ratis/e562f3f3-5a0d-4d26-993c-93887c2f4e7a] INFO  impl.PendingRequests (PendingRequests.java:sendNotLeaderResponses(202)) - 9b918566-8d2f-4f38-9ce1-65f5cd084216-PendingRequests: sendNotLeaderResponses
2019-09-20 05:50:12,675 [9b918566-8d2f-4f38-9ce1-65f5cd084216-SegmentedRaftLogWorker:Storage Directory /workdir/hadoop-ozone/integration-test/target/test-dir/MiniOzoneClusterImpl-29dd0c8c-da21-41d6-af77-5f0a65600fbb/datanode-0/data/ratis/1d18e2df-21f2-4442-9e7d-7312b38db467] INFO  util.JmxRegister (JmxRegister.java:unregister(73)) - Successfully un-registered JMX Bean with object name Ratis:service=RaftServer,group=group-7312B38DB467,id=9b918566-8d2f-4f38-9ce1-65f5cd084216
2019-09-20 05:50:12,674 [9b918566-8d2f-4f38-9ce1-65f5cd084216:group-FB2ACB3823B3:LeaderElection490] INFO  server.RaftServerConfigKeys (ConfUtils.java:logGet(43)) - raft.server.staging.catchup.gap = 1000 (default)
2019-09-20 05:50:12,674 [9b918566-8d2f-4f38-9ce1-65f5cd084216-SegmentedRaftLogWorker:Storage Directory /workdir/hadoop-ozone/integration-test/target/test-dir/MiniOzoneClusterImpl-29dd0c8c-da21-41d6-af77-5f0a65600fbb/datanode-0/data/ratis/1b778a1e-82f3-4701-ba61-9e1ecf1ec588] INFO  util.JmxRegister (JmxRegister.java:unregister(73)) - Successfully un-registered JMX Bean with object name Ratis:service=RaftServer,group=group-9E1ECF1EC588,id=9b918566-8d2f-4f38-9ce1-65f5cd084216
2019-09-20 05:50:13,428 [9b918566-8d2f-4f38-9ce1-65f5cd084216-SegmentedRaftLogWorker:Storage Directory /workdir/hadoop-ozone/integration-test/target/test-dir/MiniOzoneClusterImpl-29dd0c8c-da21-41d6-af77-5f0a65600fbb/datanode-0/data/ratis/1b778a1e-82f3-4701-ba61-9e1ecf1ec588] INFO  impl.RoleInfo (RoleInfo.java:shutdownLeaderState(104)) - 9b918566-8d2f-4f38-9ce1-65f5cd084216: shutdown LeaderState
2019-09-20 05:50:12,674 [9b918566-8d2f-4f38-9ce1-65f5cd084216-SegmentedRaftLogWorker:Storage Directory /workdir/hadoop-ozone/integration-test/target/test-dir/MiniOzoneClusterImpl-29dd0c8c-da21-41d6-af77-5f0a65600fbb/datanode-0/data/ratis/721097f0-d228-4b80-b6ae-24326a8f7fb8] INFO  util.JmxRegister (JmxRegister.java:unregister(73)) - Successfully un-registered JMX Bean with object name Ratis:service=RaftServer,group=group-24326A8F7FB8,id=9b918566-8d2f-4f38-9ce1-65f5cd084216
2019-09-20 05:50:13,428 [9b918566-8d2f-4f38-9ce1-65f5cd084216-SegmentedRaftLogWorker:Storage Directory /workdir/hadoop-ozone/integration-test/target/test-dir/MiniOzoneClusterImpl-29dd0c8c-da21-41d6-af77-5f0a65600fbb/datanode-0/data/ratis/721097f0-d228-4b80-b6ae-24326a8f7fb8] INFO  impl.RoleInfo (RoleInfo.java:shutdownLeaderState(104)) - 9b918566-8d2f-4f38-9ce1-65f5cd084216: shutdown LeaderState
2019-09-20 05:50:12,674 [grpc-default-executor-1] INFO  client.GrpcClientProtocolClient (GrpcClientProtocolClient.java:onNext(255)) - client-23A6115AB560->9b918566-8d2f-4f38-9ce1-65f5cd084216: receive RaftClientReply:client-23A6115AB560->9b918566-8d2f-4f38-9ce1-65f5cd084216@group-6A169ECCAA06, cid=1292, SUCCESS, logIndex=3, commits[9b918566-8d2f-4f38-9ce1-65f5cd084216:c4]
2019-09-20 05:50:12,673 [9b918566-8d2f-4f38-9ce1-65f5cd084216:group-17255EC37A1D:LeaderElection482] INFO  server.RaftServerConfigKeys (ConfUtils.java:logGet(43)) - raft.server.watch.timeout.denomination = 1s (default)
2019-09-20 05:50:12,673 [9b918566-8d2f-4f38-9ce1-65f5cd084216-SegmentedRaftLogWorker:Storage Directory /workdir/hadoop-ozone/integration-test/target/test-dir/MiniOzoneClusterImpl-29dd0c8c-da21-41d6-af77-5f0a65600fbb/datanode-0/data/ratis/684f5ca1-7aa2-48c5-833a-da618fa1b8b2] INFO  impl.RoleInfo (RoleInfo.java:shutdownLeaderState(104)) - 9b918566-8d2f-4f38-9ce1-65f5cd084216: shutdown LeaderState
2019-09-20 05:50:13,428 [9b918566-8d2f-4f38-9ce1-65f5cd084216:group-17255EC37A1D:LeaderElection482] INFO  server.RaftServerConfigKeys (ConfUtils.java:logGet(43)) - raft.server.watch.element-limit = 65536 (default)
2019-09-20 05:50:13,428 [9b918566-8d2f-4f38-9ce1-65f5cd084216-SegmentedRaftLogWorker:Storage Directory /workdir/hadoop-ozone/integration-test/target/test-dir/MiniOzoneClusterImpl-29dd0c8c-da21-41d6-af77-5f0a65600fbb/datanode-0/data/ratis/721097f0-d228-4b80-b6ae-24326a8f7fb8] INFO  impl.PendingRequests (PendingRequests.java:sendNotLeaderResponses(202)) - 9b918566-8d2f-4f38-9ce1-65f5cd084216-PendingRequests: sendNotLeaderResponses
2019-09-20 05:50:13,428 [9b918566-8d2f-4f38-9ce1-65f5cd084216-SegmentedRaftLogWorker:Storage Directory /workdir/hadoop-ozone/integration-test/target/test-dir/MiniOzoneClusterImpl-29dd0c8c-da21-41d6-af77-5f0a65600fbb/datanode-0/data/ratis/1b778a1e-82f3-4701-ba61-9e1ecf1ec588] INFO  impl.PendingRequests (PendingRequests.java:sendNotLeaderResponses(202)) - 9b918566-8d2f-4f38-9ce1-65f5cd084216-PendingRequests: sendNotLeaderResponses
2019-09-20 05:50:13,427 [9b918566-8d2f-4f38-9ce1-65f5cd084216:group-FB2ACB3823B3:LeaderElection490] INFO  server.RaftServerConfigKeys (ConfUtils.java:logGet(43)) - raft.server.rpc.sleep.time = 25ms (default)
2019-09-20 05:50:13,427 [9b918566-8d2f-4f38-9ce1-65f5cd084216-SegmentedRaftLogWorker:Storage Directory /workdir/hadoop-ozone/integration-test/target/test-dir/MiniOzoneClusterImpl-29dd0c8c-da21-41d6-af77-5f0a65600fbb/datanode-0/data/ratis/1d18e2df-21f2-4442-9e7d-7312b38db467] INFO  impl.RoleInfo (RoleInfo.java:shutdownLeaderState(104)) - 9b918566-8d2f-4f38-9ce1-65f5cd084216: shutdown LeaderState
2019-09-20 05:50:13,427 [9b918566-8d2f-4f38-9ce1-65f5cd084216-SegmentedRaftLogWorker:Storage Directory /workdir/hadoop-ozone/integration-test/target/test-dir/MiniOzoneClusterImpl-29dd0c8c-da21-41d6-af77-5f0a65600fbb/datanode-0/data/ratis/e562f3f3-5a0d-4d26-993c-93887c2f4e7a] INFO  impl.StateMachineUpdater (StateMachineUpdater.java:stopAndJoin(115)) - StateMachineUpdater:9b918566-8d2f-4f38-9ce1-65f5cd084216:group-93887C2F4E7A: set stopIndex = -1
2019-09-20 05:50:13,429 [9b918566-8d2f-4f38-9ce1-65f5cd084216-SegmentedRaftLogWorker:Storage Directory /workdir/hadoop-ozone/integration-test/target/test-dir/MiniOzoneClusterImpl-29dd0c8c-da21-41d6-af77-5f0a65600fbb/datanode-0/data/ratis/e562f3f3-5a0d-4d26-993c-93887c2f4e7a] INFO  impl.RaftServerImpl (ServerState.java:close(394)) - 9b918566-8d2f-4f38-9ce1-65f5cd084216:group-93887C2F4E7A closes. The last applied log index is -1
2019-09-20 05:50:13,427 [9b918566-8d2f-4f38-9ce1-65f5cd084216-SegmentedRaftLogWorker:Storage Directory /workdir/hadoop-ozone/integration-test/target/test-dir/MiniOzoneClusterImpl-29dd0c8c-da21-41d6-af77-5f0a65600fbb/datanode-0/data/ratis/90872afe-dcf8-4dbb-8a8d-3854aa616451] INFO  segmented.SegmentedRaftLogWorker (SegmentedRaftLogWorker.java:close(228)) - 9b918566-8d2f-4f38-9ce1-65f5cd084216-SegmentedRaftLogWorker:Storage Directory /workdir/hadoop-ozone/integration-test/target/test-dir/MiniOzoneClusterImpl-29dd0c8c-da21-41d6-af77-5f0a65600fbb/datanode-0/data/ratis/90872afe-dcf8-4dbb-8a8d-3854aa616451 close()
2019-09-20 05:50:13,427 [9b918566-8d2f-4f38-9ce1-65f5cd084216-SegmentedRaftLogWorker:Storage Directory /workdir/hadoop-ozone/integration-test/target/test-dir/MiniOzoneClusterImpl-29dd0c8c-da21-41d6-af77-5f0a65600fbb/datanode-0/data/ratis/8d398347-5045-4661-9084-641e6d60b548] INFO  impl.StateMachineUpdater (StateMachineUpdater.java:stopAndJoin(115)) - StateMachineUpdater:9b918566-8d2f-4f38-9ce1-65f5cd084216:group-641E6D60B548: set stopIndex = -1
2019-09-20 05:50:13,430 [9b918566-8d2f-4f38-9ce1-65f5cd084216-SegmentedRaftLogWorker:Storage Directory /workdir/hadoop-ozone/integration-test/target/test-dir/MiniOzoneClusterImpl-29dd0c8c-da21-41d6-af77-5f0a65600fbb/datanode-0/data/ratis/8d398347-5045-4661-9084-641e6d60b548] INFO  impl.RaftServerImpl (ServerState.java:close(394)) - 9b918566-8d2f-4f38-9ce1-65f5cd084216:group-641E6D60B548 closes. The last applied log index is -1
2019-09-20 05:50:13,426 [9b918566-8d2f-4f38-9ce1-65f5cd084216-SegmentedRaftLogWorker:Storage Directory /workdir/hadoop-ozone/integration-test/target/test-dir/MiniOzoneClusterImpl-29dd0c8c-da21-41d6-af77-5f0a65600fbb/datanode-0/data/ratis/877a390b-d7de-4a37-9853-7d0c9681d055] INFO  segmented.SegmentedRaftLogWorker (SegmentedRaftLogWorker.java:close(228)) - 9b918566-8d2f-4f38-9ce1-65f5cd084216-SegmentedRaftLogWorker:Storage Directory /workdir/hadoop-ozone/integration-test/target/test-dir/MiniOzoneClusterImpl-29dd0c8c-da21-41d6-af77-5f0a65600fbb/datanode-0/data/ratis/877a390b-d7de-4a37-9853-7d0c9681d055 close()
2019-09-20 05:50:13,426 [9b918566-8d2f-4f38-9ce1-65f5cd084216-SegmentedRaftLogWorker:Storage Directory /workdir/hadoop-ozone/integration-test/target/test-dir/MiniOzoneClusterImpl-29dd0c8c-da21-41d6-af77-5f0a65600fbb/datanode-0/data/ratis/a3e6f5cb-4c19-4d74-b355-f7bb2564a246] INFO  segmented.SegmentedRaftLogWorker (SegmentedRaftLogWorker.java:close(228)) - 9b918566-8d2f-4f38-9ce1-65f5cd084216-SegmentedRaftLogWorker:Storage Directory /workdir/hadoop-ozone/integration-test/target/test-dir/MiniOzoneClusterImpl-29dd0c8c-da21-41d6-af77-5f0a65600fbb/datanode-0/data/ratis/a3e6f5cb-4c19-4d74-b355-f7bb2564a246 close()
2019-09-20 05:50:13,426 [9b918566-8d2f-4f38-9ce1-65f5cd084216-SegmentedRaftLogWorker:Storage Directory /workdir/hadoop-ozone/integration-test/target/test-dir/MiniOzoneClusterImpl-29dd0c8c-da21-41d6-af77-5f0a65600fbb/datanode-0/data/ratis/bab29984-1025-4abd-803b-1fab4902ebda] INFO  impl.PendingRequests (PendingRequests.java:sendNotLeaderResponses(202)) - 9b918566-8d2f-4f38-9ce1-65f5cd084216-PendingRequests: sendNotLeaderResponses
2019-09-20 05:50:13,426 [9b918566-8d2f-4f38-9ce1-65f5cd084216-SegmentedRaftLogWorker:Storage Directory /workdir/hadoop-ozone/integration-test/target/test-dir/MiniOzoneClusterImpl-29dd0c8c-da21-41d6-af77-5f0a65600fbb/datanode-0/data/ratis/b12902f7-797e-4e11-8d87-2122d3b7d5ad] INFO  impl.RaftServerImpl (ServerState.java:close(394)) - 9b918566-8d2f-4f38-9ce1-65f5cd084216:group-2122D3B7D5AD closes. The last applied log index is -1
2019-09-20 05:50:13,425 [9b918566-8d2f-4f38-9ce1-65f5cd084216:group-2515D093169F:LeaderElection483] INFO  server.RaftServerConfigKeys (ConfUtils.java:logGet(43)) - raft.server.rpc.sleep.time = 25ms (default)
2019-09-20 05:50:13,425 [9b918566-8d2f-4f38-9ce1-65f5cd084216-SegmentedRaftLogWorker:Storage Directory /workdir/hadoop-ozone/integration-test/target/test-dir/MiniOzoneClusterImpl-29dd0c8c-da21-41d6-af77-5f0a65600fbb/datanode-0/data/ratis/c03f9653-c16a-4b70-8b3b-b51181b3e2d6] INFO  impl.RaftServerImpl (RaftServerImpl.java:lambda$shutdown$3(245)) - 9b918566-8d2f-4f38-9ce1-65f5cd084216: shutdown group-B51181B3E2D6
2019-09-20 05:50:13,431 [9b918566-8d2f-4f38-9ce1-65f5cd084216-SegmentedRaftLogWorker:Storage Directory /workdir/hadoop-ozone/integration-test/target/test-dir/MiniOzoneClusterImpl-29dd0c8c-da21-41d6-af77-5f0a65600fbb/datanode-0/data/ratis/c03f9653-c16a-4b70-8b3b-b51181b3e2d6] INFO  util.JmxRegister (JmxRegister.java:unregister(73)) - Successfully un-registered JMX Bean with object name Ratis:service=RaftServer,group=group-B51181B3E2D6,id=9b918566-8d2f-4f38-9ce1-65f5cd084216
2019-09-20 05:50:13,431 [9b918566-8d2f-4f38-9ce1-65f5cd084216-SegmentedRaftLogWorker:Storage Directory /workdir/hadoop-ozone/integration-test/target/test-dir/MiniOzoneClusterImpl-29dd0c8c-da21-41d6-af77-5f0a65600fbb/datanode-0/data/ratis/c03f9653-c16a-4b70-8b3b-b51181b3e2d6] INFO  impl.RoleInfo (RoleInfo.java:shutdownLeaderState(104)) - 9b918566-8d2f-4f38-9ce1-65f5cd084216: shutdown LeaderState
2019-09-20 05:50:13,425 [9b918566-8d2f-4f38-9ce1-65f5cd084216-SegmentedRaftLogWorker:Storage Directory /workdir/hadoop-ozone/integration-test/target/test-dir/MiniOzoneClusterImpl-29dd0c8c-da21-41d6-af77-5f0a65600fbb/datanode-0/data/ratis/c579ba93-cbfe-47e8-a3c3-17246ab8cdb8] INFO  util.JmxRegister (JmxRegister.java:unregister(73)) - Successfully un-registered JMX Bean with object name Ratis:service=RaftServer,group=group-17246AB8CDB8,id=9b918566-8d2f-4f38-9ce1-65f5cd084216
2019-09-20 05:50:13,431 [9b918566-8d2f-4f38-9ce1-65f5cd084216-SegmentedRaftLogWorker:Storage Directory /workdir/hadoop-ozone/integration-test/target/test-dir/MiniOzoneClusterImpl-29dd0c8c-da21-41d6-af77-5f0a65600fbb/datanode-0/data/ratis/c579ba93-cbfe-47e8-a3c3-17246ab8cdb8] INFO  impl.RoleInfo (RoleInfo.java:shutdownLeaderState(104)) - 9b918566-8d2f-4f38-9ce1-65f5cd084216: shutdown LeaderState
2019-09-20 05:50:13,424 [9b918566-8d2f-4f38-9ce1-65f5cd084216-SegmentedRaftLogWorker:Storage Directory /workdir/hadoop-ozone/integration-test/target/test-dir/MiniOzoneClusterImpl-29dd0c8c-da21-41d6-af77-5f0a65600fbb/datanode-0/data/ratis/ded814f4-5630-4190-a880-bdc32c52c7f7] INFO  util.JmxRegister (JmxRegister.java:unregister(73)) - Successfully un-registered JMX Bean with object name Ratis:service=RaftServer,group=group-BDC32C52C7F7,id=9b918566-8d2f-4f38-9ce1-65f5cd084216
2019-09-20 05:50:13,431 [9b918566-8d2f-4f38-9ce1-65f5cd084216-SegmentedRaftLogWorker:Storage Directory /workdir/hadoop-ozone/integration-test/target/test-dir/MiniOzoneClusterImpl-29dd0c8c-da21-41d6-af77-5f0a65600fbb/datanode-0/data/ratis/ded814f4-5630-4190-a880-bdc32c52c7f7] INFO  impl.RoleInfo (RoleInfo.java:shutdownLeaderState(104)) - 9b918566-8d2f-4f38-9ce1-65f5cd084216: shutdown LeaderState
2019-09-20 05:50:13,424 [9b918566-8d2f-4f38-9ce1-65f5cd084216-SegmentedRaftLogWorker:Storage Directory /workdir/hadoop-ozone/integration-test/target/test-dir/MiniOzoneClusterImpl-29dd0c8c-da21-41d6-af77-5f0a65600fbb/datanode-0/data/ratis/c3d49466-7916-42d9-a870-a25cace966d3] INFO  impl.RaftServerImpl (RaftServerImpl.java:lambda$shutdown$3(245)) - 9b918566-8d2f-4f38-9ce1-65f5cd084216: shutdown group-A25CACE966D3
2019-09-20 05:50:13,424 [9b918566-8d2f-4f38-9ce1-65f5cd084216:group-596D48322396:LeaderElection486] INFO  server.RaftServerConfigKeys (ConfUtils.java:logGet(43)) - raft.server.write.element-limit = 4096 (default)
2019-09-20 05:50:13,424 [9b918566-8d2f-4f38-9ce1-65f5cd084216:group-A56C5B637ABD:LeaderElection485] INFO  server.RaftServerConfigKeys (ConfUtils.java:logGet(43)) - raft.server.write.element-limit = 4096 (default)
2019-09-20 05:50:13,423 [9b918566-8d2f-4f38-9ce1-65f5cd084216:group-8D5F95202CDA:LeaderElection489] INFO  server.RaftServerConfigKeys (ConfUtils.java:logGet(43)) - raft.server.rpc.sleep.time = 25ms (default)
2019-09-20 05:50:13,423 [9b918566-8d2f-4f38-9ce1-65f5cd084216:group-CDCA2E7D92F9:LeaderElection488] INFO  server.RaftServerConfigKeys (ConfUtils.java:logGet(43)) - raft.server.write.element-limit = 4096 (default)
2019-09-20 05:50:13,423 [9b918566-8d2f-4f38-9ce1-65f5cd084216:group-DDEEE97CADE4:LeaderElection477] INFO  impl.RaftServerImpl (ServerState.java:setRaftConf(361)) - 9b918566-8d2f-4f38-9ce1-65f5cd084216:group-DDEEE97CADE4 set configuration 0: [9b918566-8d2f-4f38-9ce1-65f5cd084216:192.168.36.79:46843], old=null at 0
2019-09-20 05:50:13,422 [9b918566-8d2f-4f38-9ce1-65f5cd084216-SegmentedRaftLogWorker:Storage Directory /workdir/hadoop-ozone/integration-test/target/test-dir/MiniOzoneClusterImpl-29dd0c8c-da21-41d6-af77-5f0a65600fbb/datanode-0/data/ratis/2cc6e233-34e4-4c22-9306-b4fa85babdfe] INFO  impl.RoleInfo (RoleInfo.java:shutdownLeaderState(104)) - 9b918566-8d2f-4f38-9ce1-65f5cd084216: shutdown LeaderState
2019-09-20 05:50:13,422 [9b918566-8d2f-4f38-9ce1-65f5cd084216:group-96622BF2F79B:LeaderElection480] INFO  impl.RaftServerImpl (ServerState.java:setRaftConf(361)) - 9b918566-8d2f-4f38-9ce1-65f5cd084216:group-96622BF2F79B set configuration 0: [9b918566-8d2f-4f38-9ce1-65f5cd084216:192.168.36.79:46843], old=null at 0
2019-09-20 05:50:13,422 [pool-57-thread-1] INFO  server.RaftServerConfigKeys (ConfUtils.java:logGet(43)) - raft.server.log.statemachine.data.sync = true (default)
2019-09-20 05:50:13,422 [9b918566-8d2f-4f38-9ce1-65f5cd084216:group-133DA12773F6:LeaderElection487] INFO  segmented.SegmentedRaftLogWorker (SegmentedRaftLogWorker.java:startLogSegment(380)) - 9b918566-8d2f-4f38-9ce1-65f5cd084216-SegmentedRaftLogWorker:Storage Directory /workdir/hadoop-ozone/integration-test/target/test-dir/MiniOzoneClusterImpl-29dd0c8c-da21-41d6-af77-5f0a65600fbb/datanode-0/data/ratis/5d57c510-c5c7-462c-845a-133da12773f6: Starting segment from index:0
2019-09-20 05:50:13,422 [9b918566-8d2f-4f38-9ce1-65f5cd084216:group-1A7E6EC3BB63:LeaderElection484] INFO  server.RaftServerConfigKeys (ConfUtils.java:logGet(43)) - raft.server.watch.timeout = 10s (default)
2019-09-20 05:50:14,381 [pool-57-thread-1] INFO  server.RaftServerConfigKeys (ConfUtils.java:logGet(43)) - raft.server.log.statemachine.data.sync.timeout = 10s (default)
2019-09-20 05:50:14,631 | INFO  | SCMAudit | user=jenkins1000 | ip=192.168.36.79 | op=SEND_HEARTBEAT {datanodeUUID=9b918566-8d2f-4f38-9ce1-65f5cd084216, command=[]} | ret=SUCCESS |  
2019-09-20 05:50:14,381 [9b918566-8d2f-4f38-9ce1-65f5cd084216-SegmentedRaftLogWorker:Storage Directory /workdir/hadoop-ozone/integration-test/target/test-dir/MiniOzoneClusterImpl-29dd0c8c-da21-41d6-af77-5f0a65600fbb/datanode-0/data/ratis/2cc6e233-34e4-4c22-9306-b4fa85babdfe] INFO  impl.PendingRequests (PendingRequests.java:sendNotLeaderResponses(202)) - 9b918566-8d2f-4f38-9ce1-65f5cd084216-PendingRequests: sendNotLeaderResponses
2019-09-20 05:50:14,381 [9b918566-8d2f-4f38-9ce1-65f5cd084216:group-CDCA2E7D92F9:LeaderElection488] INFO  server.RaftServerConfigKeys (ConfUtils.java:logGet(43)) - raft.server.watch.timeout = 10s (default)
2019-09-20 05:50:14,633 [9b918566-8d2f-4f38-9ce1-65f5cd084216:group-CDCA2E7D92F9:LeaderElection488] INFO  server.RaftServerConfigKeys (ConfUtils.java:logGet(43)) - raft.server.watch.timeout.denomination = 1s (default)
2019-09-20 05:50:14,381 [9b918566-8d2f-4f38-9ce1-65f5cd084216:group-8D5F95202CDA:LeaderElection489] INFO  server.RaftServerConfigKeys (ConfUtils.java:logGet(43)) - raft.server.write.element-limit = 4096 (default)
2019-09-20 05:50:14,380 [9b918566-8d2f-4f38-9ce1-65f5cd084216:group-A56C5B637ABD:LeaderElection485] INFO  server.RaftServerConfigKeys (ConfUtils.java:logGet(43)) - raft.server.watch.timeout = 10s (default)
2019-09-20 05:50:14,380 [9b918566-8d2f-4f38-9ce1-65f5cd084216:group-596D48322396:LeaderElection486] INFO  server.RaftServerConfigKeys (ConfUtils.java:logGet(43)) - raft.server.watch.timeout = 10s (default)
2019-09-20 05:50:14,634 [9b918566-8d2f-4f38-9ce1-65f5cd084216:group-596D48322396:LeaderElection486] INFO  server.RaftServerConfigKeys (ConfUtils.java:logGet(43)) - raft.server.watch.timeout.denomination = 1s (default)
2019-09-20 05:50:14,380 [9b918566-8d2f-4f38-9ce1-65f5cd084216-SegmentedRaftLogWorker:Storage Directory /workdir/hadoop-ozone/integration-test/target/test-dir/MiniOzoneClusterImpl-29dd0c8c-da21-41d6-af77-5f0a65600fbb/datanode-0/data/ratis/c3d49466-7916-42d9-a870-a25cace966d3] INFO  util.JmxRegister (JmxRegister.java:unregister(73)) - Successfully un-registered JMX Bean with object name Ratis:service=RaftServer,group=group-A25CACE966D3,id=9b918566-8d2f-4f38-9ce1-65f5cd084216
2019-09-20 05:50:14,634 | INFO  | SCMAudit | user=jenkins1000 | ip=192.168.36.79 | op=SEND_HEARTBEAT {datanodeUUID=9b918566-8d2f-4f38-9ce1-65f5cd084216, command=[]} | ret=SUCCESS |  
2019-09-20 05:50:14,380 [Thread-3518] INFO  impl.FollowerState (FollowerState.java:run(106)) - 9b918566-8d2f-4f38-9ce1-65f5cd084216:group-CDACEDA68A92 changes to CANDIDATE, lastRpcTime:11426, electionTimeout:5104ms
2019-09-20 05:50:14,380 [9b918566-8d2f-4f38-9ce1-65f5cd084216-SegmentedRaftLogWorker:Storage Directory /workdir/hadoop-ozone/integration-test/target/test-dir/MiniOzoneClusterImpl-29dd0c8c-da21-41d6-af77-5f0a65600fbb/datanode-0/data/ratis/ded814f4-5630-4190-a880-bdc32c52c7f7] INFO  impl.PendingRequests (PendingRequests.java:sendNotLeaderResponses(202)) - 9b918566-8d2f-4f38-9ce1-65f5cd084216-PendingRequests: sendNotLeaderResponses
2019-09-20 05:50:13,431 [9b918566-8d2f-4f38-9ce1-65f5cd084216-SegmentedRaftLogWorker:Storage Directory /workdir/hadoop-ozone/integration-test/target/test-dir/MiniOzoneClusterImpl-29dd0c8c-da21-41d6-af77-5f0a65600fbb/datanode-0/data/ratis/c579ba93-cbfe-47e8-a3c3-17246ab8cdb8] INFO  impl.PendingRequests (PendingRequests.java:sendNotLeaderResponses(202)) - 9b918566-8d2f-4f38-9ce1-65f5cd084216-PendingRequests: sendNotLeaderResponses
2019-09-20 05:50:13,431 [9b918566-8d2f-4f38-9ce1-65f5cd084216-SegmentedRaftLogWorker:Storage Directory /workdir/hadoop-ozone/integration-test/target/test-dir/MiniOzoneClusterImpl-29dd0c8c-da21-41d6-af77-5f0a65600fbb/datanode-0/data/ratis/c03f9653-c16a-4b70-8b3b-b51181b3e2d6] INFO  impl.PendingRequests (PendingRequests.java:sendNotLeaderResponses(202)) - 9b918566-8d2f-4f38-9ce1-65f5cd084216-PendingRequests: sendNotLeaderResponses
2019-09-20 05:50:13,431 [9b918566-8d2f-4f38-9ce1-65f5cd084216:group-2515D093169F:LeaderElection483] INFO  server.RaftServerConfigKeys (ConfUtils.java:logGet(43)) - raft.server.write.element-limit = 4096 (default)
2019-09-20 05:50:13,430 [9b918566-8d2f-4f38-9ce1-65f5cd084216-SegmentedRaftLogWorker:Storage Directory /workdir/hadoop-ozone/integration-test/target/test-dir/MiniOzoneClusterImpl-29dd0c8c-da21-41d6-af77-5f0a65600fbb/datanode-0/data/ratis/b12902f7-797e-4e11-8d87-2122d3b7d5ad] INFO  segmented.SegmentedRaftLogWorker (SegmentedRaftLogWorker.java:close(228)) - 9b918566-8d2f-4f38-9ce1-65f5cd084216-SegmentedRaftLogWorker:Storage Directory /workdir/hadoop-ozone/integration-test/target/test-dir/MiniOzoneClusterImpl-29dd0c8c-da21-41d6-af77-5f0a65600fbb/datanode-0/data/ratis/b12902f7-797e-4e11-8d87-2122d3b7d5ad close()
2019-09-20 05:50:13,430 [9b918566-8d2f-4f38-9ce1-65f5cd084216-SegmentedRaftLogWorker:Storage Directory /workdir/hadoop-ozone/integration-test/target/test-dir/MiniOzoneClusterImpl-29dd0c8c-da21-41d6-af77-5f0a65600fbb/datanode-0/data/ratis/bab29984-1025-4abd-803b-1fab4902ebda] INFO  impl.StateMachineUpdater (StateMachineUpdater.java:stopAndJoin(115)) - StateMachineUpdater:9b918566-8d2f-4f38-9ce1-65f5cd084216:group-1FAB4902EBDA: set stopIndex = -1
2019-09-20 05:50:14,635 [9b918566-8d2f-4f38-9ce1-65f5cd084216-SegmentedRaftLogWorker:Storage Directory /workdir/hadoop-ozone/integration-test/target/test-dir/MiniOzoneClusterImpl-29dd0c8c-da21-41d6-af77-5f0a65600fbb/datanode-0/data/ratis/bab29984-1025-4abd-803b-1fab4902ebda] INFO  impl.RaftServerImpl (ServerState.java:close(394)) - 9b918566-8d2f-4f38-9ce1-65f5cd084216:group-1FAB4902EBDA closes. The last applied log index is -1
2019-09-20 05:50:13,430 [9b918566-8d2f-4f38-9ce1-65f5cd084216-SegmentedRaftLogWorker:Storage Directory /workdir/hadoop-ozone/integration-test/target/test-dir/MiniOzoneClusterImpl-29dd0c8c-da21-41d6-af77-5f0a65600fbb/datanode-0/data/ratis/8d398347-5045-4661-9084-641e6d60b548] INFO  segmented.SegmentedRaftLogWorker (SegmentedRaftLogWorker.java:close(228)) - 9b918566-8d2f-4f38-9ce1-65f5cd084216-SegmentedRaftLogWorker:Storage Directory /workdir/hadoop-ozone/integration-test/target/test-dir/MiniOzoneClusterImpl-29dd0c8c-da21-41d6-af77-5f0a65600fbb/datanode-0/data/ratis/8d398347-5045-4661-9084-641e6d60b548 close()
2019-09-20 05:50:13,430 [9b918566-8d2f-4f38-9ce1-65f5cd084216-SegmentedRaftLogWorker:Storage Directory /workdir/hadoop-ozone/integration-test/target/test-dir/MiniOzoneClusterImpl-29dd0c8c-da21-41d6-af77-5f0a65600fbb/datanode-0/data/ratis/e562f3f3-5a0d-4d26-993c-93887c2f4e7a] INFO  segmented.SegmentedRaftLogWorker (SegmentedRaftLogWorker.java:close(228)) - 9b918566-8d2f-4f38-9ce1-65f5cd084216-SegmentedRaftLogWorker:Storage Directory /workdir/hadoop-ozone/integration-test/target/test-dir/MiniOzoneClusterImpl-29dd0c8c-da21-41d6-af77-5f0a65600fbb/datanode-0/data/ratis/e562f3f3-5a0d-4d26-993c-93887c2f4e7a close()
2019-09-20 05:50:13,429 [9b918566-8d2f-4f38-9ce1-65f5cd084216:group-FB2ACB3823B3:LeaderElection490] INFO  server.RaftServerConfigKeys (ConfUtils.java:logGet(43)) - raft.server.write.element-limit = 4096 (default)
2019-09-20 05:50:13,429 [9b918566-8d2f-4f38-9ce1-65f5cd084216-SegmentedRaftLogWorker:Storage Directory /workdir/hadoop-ozone/integration-test/target/test-dir/MiniOzoneClusterImpl-29dd0c8c-da21-41d6-af77-5f0a65600fbb/datanode-0/data/ratis/1d18e2df-21f2-4442-9e7d-7312b38db467] INFO  impl.PendingRequests (PendingRequests.java:sendNotLeaderResponses(202)) - 9b918566-8d2f-4f38-9ce1-65f5cd084216-PendingRequests: sendNotLeaderResponses
2019-09-20 05:50:13,429 [9b918566-8d2f-4f38-9ce1-65f5cd084216-SegmentedRaftLogWorker:Storage Directory /workdir/hadoop-ozone/integration-test/target/test-dir/MiniOzoneClusterImpl-29dd0c8c-da21-41d6-af77-5f0a65600fbb/datanode-0/data/ratis/1b778a1e-82f3-4701-ba61-9e1ecf1ec588] INFO  impl.StateMachineUpdater (StateMachineUpdater.java:stopAndJoin(115)) - StateMachineUpdater:9b918566-8d2f-4f38-9ce1-65f5cd084216:group-9E1ECF1EC588: set stopIndex = -1
2019-09-20 05:50:14,636 [9b918566-8d2f-4f38-9ce1-65f5cd084216-SegmentedRaftLogWorker:Storage Directory /workdir/hadoop-ozone/integration-test/target/test-dir/MiniOzoneClusterImpl-29dd0c8c-da21-41d6-af77-5f0a65600fbb/datanode-0/data/ratis/1b778a1e-82f3-4701-ba61-9e1ecf1ec588] INFO  impl.RaftServerImpl (ServerState.java:close(394)) - 9b918566-8d2f-4f38-9ce1-65f5cd084216:group-9E1ECF1EC588 closes. The last applied log index is -1
2019-09-20 05:50:13,429 [9b918566-8d2f-4f38-9ce1-65f5cd084216-SegmentedRaftLogWorker:Storage Directory /workdir/hadoop-ozone/integration-test/target/test-dir/MiniOzoneClusterImpl-29dd0c8c-da21-41d6-af77-5f0a65600fbb/datanode-0/data/ratis/721097f0-d228-4b80-b6ae-24326a8f7fb8] INFO  impl.StateMachineUpdater (StateMachineUpdater.java:stopAndJoin(115)) - StateMachineUpdater:9b918566-8d2f-4f38-9ce1-65f5cd084216:group-24326A8F7FB8: set stopIndex = -1
2019-09-20 05:50:14,636 [9b918566-8d2f-4f38-9ce1-65f5cd084216-SegmentedRaftLogWorker:Storage Directory /workdir/hadoop-ozone/integration-test/target/test-dir/MiniOzoneClusterImpl-29dd0c8c-da21-41d6-af77-5f0a65600fbb/datanode-0/data/ratis/721097f0-d228-4b80-b6ae-24326a8f7fb8] INFO  impl.RaftServerImpl (ServerState.java:close(394)) - 9b918566-8d2f-4f38-9ce1-65f5cd084216:group-24326A8F7FB8 closes. The last applied log index is -1
2019-09-20 05:50:13,429 [9b918566-8d2f-4f38-9ce1-65f5cd084216:group-17255EC37A1D:LeaderElection482] INFO  impl.RoleInfo (RoleInfo.java:updateAndGet(143)) - 9b918566-8d2f-4f38-9ce1-65f5cd084216: start LeaderState
2019-09-20 05:50:13,429 [9b918566-8d2f-4f38-9ce1-65f5cd084216-SegmentedRaftLogWorker:Storage Directory /workdir/hadoop-ozone/integration-test/target/test-dir/MiniOzoneClusterImpl-29dd0c8c-da21-41d6-af77-5f0a65600fbb/datanode-0/data/ratis/684f5ca1-7aa2-48c5-833a-da618fa1b8b2] INFO  impl.PendingRequests (PendingRequests.java:sendNotLeaderResponses(202)) - 9b918566-8d2f-4f38-9ce1-65f5cd084216-PendingRequests: sendNotLeaderResponses
2019-09-20 05:50:14,636 [9b918566-8d2f-4f38-9ce1-65f5cd084216:group-17255EC37A1D:LeaderElection482] INFO  segmented.SegmentedRaftLogWorker (SegmentedRaftLogWorker.java:startLogSegment(380)) - 9b918566-8d2f-4f38-9ce1-65f5cd084216-SegmentedRaftLogWorker:Storage Directory /workdir/hadoop-ozone/integration-test/target/test-dir/MiniOzoneClusterImpl-29dd0c8c-da21-41d6-af77-5f0a65600fbb/datanode-0/data/ratis/c5d82524-4a25-4865-b534-17255ec37a1d: Starting segment from index:0
2019-09-20 05:50:14,636 [9b918566-8d2f-4f38-9ce1-65f5cd084216-SegmentedRaftLogWorker:Storage Directory /workdir/hadoop-ozone/integration-test/target/test-dir/MiniOzoneClusterImpl-29dd0c8c-da21-41d6-af77-5f0a65600fbb/datanode-0/data/ratis/721097f0-d228-4b80-b6ae-24326a8f7fb8] INFO  segmented.SegmentedRaftLogWorker (SegmentedRaftLogWorker.java:close(228)) - 9b918566-8d2f-4f38-9ce1-65f5cd084216-SegmentedRaftLogWorker:Storage Directory /workdir/hadoop-ozone/integration-test/target/test-dir/MiniOzoneClusterImpl-29dd0c8c-da21-41d6-af77-5f0a65600fbb/datanode-0/data/ratis/721097f0-d228-4b80-b6ae-24326a8f7fb8 close()
2019-09-20 05:50:14,636 [9b918566-8d2f-4f38-9ce1-65f5cd084216-SegmentedRaftLogWorker:Storage Directory /workdir/hadoop-ozone/integration-test/target/test-dir/MiniOzoneClusterImpl-29dd0c8c-da21-41d6-af77-5f0a65600fbb/datanode-0/data/ratis/1b778a1e-82f3-4701-ba61-9e1ecf1ec588] INFO  segmented.SegmentedRaftLogWorker (SegmentedRaftLogWorker.java:close(228)) - 9b918566-8d2f-4f38-9ce1-65f5cd084216-SegmentedRaftLogWorker:Storage Directory /workdir/hadoop-ozone/integration-test/target/test-dir/MiniOzoneClusterImpl-29dd0c8c-da21-41d6-af77-5f0a65600fbb/datanode-0/data/ratis/1b778a1e-82f3-4701-ba61-9e1ecf1ec588 close()
2019-09-20 05:50:14,885 | INFO  | SCMAudit | user=jenkins1000 | ip=192.168.36.79 | op=SEND_HEARTBEAT {datanodeUUID=9b918566-8d2f-4f38-9ce1-65f5cd084216, command=[]} | ret=SUCCESS |  
2019-09-20 05:50:14,636 [9b918566-8d2f-4f38-9ce1-65f5cd084216-SegmentedRaftLogWorker:Storage Directory /workdir/hadoop-ozone/integration-test/target/test-dir/MiniOzoneClusterImpl-29dd0c8c-da21-41d6-af77-5f0a65600fbb/datanode-0/data/ratis/ebe4c888-99f4-483d-9cba-356d5aa52196] ERROR segmented.SegmentedRaftLogWorker (SegmentedRaftLogWorker.java:run(323)) - 9b918566-8d2f-4f38-9ce1-65f5cd084216-SegmentedRaftLogWorker:Storage Directory /workdir/hadoop-ozone/integration-test/target/test-dir/MiniOzoneClusterImpl-29dd0c8c-da21-41d6-af77-5f0a65600fbb/datanode-0/data/ratis/ebe4c888-99f4-483d-9cba-356d5aa52196 hit exception
java.lang.OutOfMemoryError: Direct buffer memory
	at java.nio.Bits.reserveMemory(Bits.java:666)
	at java.nio.DirectByteBuffer.<init>(DirectByteBuffer.java:123)
	at java.nio.ByteBuffer.allocateDirect(ByteBuffer.java:311)
	at org.apache.ratis.server.raftlog.segmented.BufferedWriteChannel.<init>(BufferedWriteChannel.java:41)
	at org.apache.ratis.server.raftlog.segmented.SegmentedRaftLogOutputStream.<init>(SegmentedRaftLogOutputStream.java:72)
	at org.apache.ratis.server.raftlog.segmented.SegmentedRaftLogWorker$StartLogSegment.execute(SegmentedRaftLogWorker.java:566)
	at org.apache.ratis.server.raftlog.segmented.SegmentedRaftLogWorker.run(SegmentedRaftLogWorker.java:289)
	at java.lang.Thread.run(Thread.java:748)
2019-09-20 05:50:14,885 [9b918566-8d2f-4f38-9ce1-65f5cd084216-SegmentedRaftLogWorker:Storage Directory /workdir/hadoop-ozone/integration-test/target/test-dir/MiniOzoneClusterImpl-29dd0c8c-da21-41d6-af77-5f0a65600fbb/datanode-0/data/ratis/ebe4c888-99f4-483d-9cba-356d5aa52196] INFO  impl.RaftServerImpl (RaftServerImpl.java:lambda$shutdown$3(245)) - 9b918566-8d2f-4f38-9ce1-65f5cd084216: shutdown group-356D5AA52196
2019-09-20 05:50:14,636 [9b918566-8d2f-4f38-9ce1-65f5cd084216-SegmentedRaftLogWorker:Storage Directory /workdir/hadoop-ozone/integration-test/target/test-dir/MiniOzoneClusterImpl-29dd0c8c-da21-41d6-af77-5f0a65600fbb/datanode-0/data/ratis/1c287769-70c5-497e-8726-19d8f506a3b5] ERROR segmented.SegmentedRaftLogWorker (SegmentedRaftLogWorker.java:run(323)) - 9b918566-8d2f-4f38-9ce1-65f5cd084216-SegmentedRaftLogWorker:Storage Directory /workdir/hadoop-ozone/integration-test/target/test-dir/MiniOzoneClusterImpl-29dd0c8c-da21-41d6-af77-5f0a65600fbb/datanode-0/data/ratis/1c287769-70c5-497e-8726-19d8f506a3b5 hit exception
java.lang.OutOfMemoryError: Direct buffer memory
	at java.nio.Bits.reserveMemory(Bits.java:666)
	at java.nio.DirectByteBuffer.<init>(DirectByteBuffer.java:123)
	at java.nio.ByteBuffer.allocateDirect(ByteBuffer.java:311)
	at org.apache.ratis.server.raftlog.segmented.BufferedWriteChannel.<init>(BufferedWriteChannel.java:41)
	at org.apache.ratis.server.raftlog.segmented.SegmentedRaftLogOutputStream.<init>(SegmentedRaftLogOutputStream.java:72)
	at org.apache.ratis.server.raftlog.segmented.SegmentedRaftLogWorker$StartLogSegment.execute(SegmentedRaftLogWorker.java:566)
	at org.apache.ratis.server.raftlog.segmented.SegmentedRaftLogWorker.run(SegmentedRaftLogWorker.java:289)
	at java.lang.Thread.run(Thread.java:748)
2019-09-20 05:50:14,886 [9b918566-8d2f-4f38-9ce1-65f5cd084216-SegmentedRaftLogWorker:Storage Directory /workdir/hadoop-ozone/integration-test/target/test-dir/MiniOzoneClusterImpl-29dd0c8c-da21-41d6-af77-5f0a65600fbb/datanode-0/data/ratis/1c287769-70c5-497e-8726-19d8f506a3b5] INFO  impl.RaftServerImpl (RaftServerImpl.java:lambda$shutdown$3(245)) - 9b918566-8d2f-4f38-9ce1-65f5cd084216: shutdown group-19D8F506A3B5
2019-09-20 05:50:14,636 [9b918566-8d2f-4f38-9ce1-65f5cd084216-SegmentedRaftLogWorker:Storage Directory /workdir/hadoop-ozone/integration-test/target/test-dir/MiniOzoneClusterImpl-29dd0c8c-da21-41d6-af77-5f0a65600fbb/datanode-0/data/ratis/1d18e2df-21f2-4442-9e7d-7312b38db467] INFO  impl.StateMachineUpdater (StateMachineUpdater.java:stopAndJoin(115)) - StateMachineUpdater:9b918566-8d2f-4f38-9ce1-65f5cd084216:group-7312B38DB467: set stopIndex = -1
2019-09-20 05:50:14,636 [9b918566-8d2f-4f38-9ce1-65f5cd084216:group-FB2ACB3823B3:LeaderElection490] INFO  server.RaftServerConfigKeys (ConfUtils.java:logGet(43)) - raft.server.watch.timeout = 10s (default)
2019-09-20 05:50:14,635 [9b918566-8d2f-4f38-9ce1-65f5cd084216-SegmentedRaftLogWorker:Storage Directory /workdir/hadoop-ozone/integration-test/target/test-dir/MiniOzoneClusterImpl-29dd0c8c-da21-41d6-af77-5f0a65600fbb/datanode-0/data/ratis/bab29984-1025-4abd-803b-1fab4902ebda] INFO  segmented.SegmentedRaftLogWorker (SegmentedRaftLogWorker.java:close(228)) - 9b918566-8d2f-4f38-9ce1-65f5cd084216-SegmentedRaftLogWorker:Storage Directory /workdir/hadoop-ozone/integration-test/target/test-dir/MiniOzoneClusterImpl-29dd0c8c-da21-41d6-af77-5f0a65600fbb/datanode-0/data/ratis/bab29984-1025-4abd-803b-1fab4902ebda close()
2019-09-20 05:50:14,635 [9b918566-8d2f-4f38-9ce1-65f5cd084216:group-2515D093169F:LeaderElection483] INFO  server.RaftServerConfigKeys (ConfUtils.java:logGet(43)) - raft.server.watch.timeout = 10s (default)
2019-09-20 05:50:14,635 [9b918566-8d2f-4f38-9ce1-65f5cd084216-SegmentedRaftLogWorker:Storage Directory /workdir/hadoop-ozone/integration-test/target/test-dir/MiniOzoneClusterImpl-29dd0c8c-da21-41d6-af77-5f0a65600fbb/datanode-0/data/ratis/c03f9653-c16a-4b70-8b3b-b51181b3e2d6] INFO  impl.StateMachineUpdater (StateMachineUpdater.java:stopAndJoin(115)) - StateMachineUpdater:9b918566-8d2f-4f38-9ce1-65f5cd084216:group-B51181B3E2D6: set stopIndex = -1
2019-09-20 05:50:14,887 [9b918566-8d2f-4f38-9ce1-65f5cd084216-SegmentedRaftLogWorker:Storage Directory /workdir/hadoop-ozone/integration-test/target/test-dir/MiniOzoneClusterImpl-29dd0c8c-da21-41d6-af77-5f0a65600fbb/datanode-0/data/ratis/c03f9653-c16a-4b70-8b3b-b51181b3e2d6] INFO  impl.RaftServerImpl (ServerState.java:close(394)) - 9b918566-8d2f-4f38-9ce1-65f5cd084216:group-B51181B3E2D6 closes. The last applied log index is -1
2019-09-20 05:50:14,634 [9b918566-8d2f-4f38-9ce1-65f5cd084216-SegmentedRaftLogWorker:Storage Directory /workdir/hadoop-ozone/integration-test/target/test-dir/MiniOzoneClusterImpl-29dd0c8c-da21-41d6-af77-5f0a65600fbb/datanode-0/data/ratis/c579ba93-cbfe-47e8-a3c3-17246ab8cdb8] INFO  impl.StateMachineUpdater (StateMachineUpdater.java:stopAndJoin(115)) - StateMachineUpdater:9b918566-8d2f-4f38-9ce1-65f5cd084216:group-17246AB8CDB8: set stopIndex = -1
2019-09-20 05:50:14,887 [9b918566-8d2f-4f38-9ce1-65f5cd084216-SegmentedRaftLogWorker:Storage Directory /workdir/hadoop-ozone/integration-test/target/test-dir/MiniOzoneClusterImpl-29dd0c8c-da21-41d6-af77-5f0a65600fbb/datanode-0/data/ratis/c03f9653-c16a-4b70-8b3b-b51181b3e2d6] INFO  segmented.SegmentedRaftLogWorker (SegmentedRaftLogWorker.java:close(228)) - 9b918566-8d2f-4f38-9ce1-65f5cd084216-SegmentedRaftLogWorker:Storage Directory /workdir/hadoop-ozone/integration-test/target/test-dir/MiniOzoneClusterImpl-29dd0c8c-da21-41d6-af77-5f0a65600fbb/datanode-0/data/ratis/c03f9653-c16a-4b70-8b3b-b51181b3e2d6 close()
2019-09-20 05:50:14,887 [9b918566-8d2f-4f38-9ce1-65f5cd084216-SegmentedRaftLogWorker:Storage Directory /workdir/hadoop-ozone/integration-test/target/test-dir/MiniOzoneClusterImpl-29dd0c8c-da21-41d6-af77-5f0a65600fbb/datanode-0/data/ratis/9bf3a391-91e4-4f41-bb16-14c055a8e40f] ERROR segmented.SegmentedRaftLogWorker (SegmentedRaftLogWorker.java:run(323)) - 9b918566-8d2f-4f38-9ce1-65f5cd084216-SegmentedRaftLogWorker:Storage Directory /workdir/hadoop-ozone/integration-test/target/test-dir/MiniOzoneClusterImpl-29dd0c8c-da21-41d6-af77-5f0a65600fbb/datanode-0/data/ratis/9bf3a391-91e4-4f41-bb16-14c055a8e40f hit exception
java.lang.OutOfMemoryError: Direct buffer memory
	at java.nio.Bits.reserveMemory(Bits.java:666)
	at java.nio.DirectByteBuffer.<init>(DirectByteBuffer.java:123)
	at java.nio.ByteBuffer.allocateDirect(ByteBuffer.java:311)
	at org.apache.ratis.server.raftlog.segmented.BufferedWriteChannel.<init>(BufferedWriteChannel.java:41)
	at org.apache.ratis.server.raftlog.segmented.SegmentedRaftLogOutputStream.<init>(SegmentedRaftLogOutputStream.java:72)
	at org.apache.ratis.server.raftlog.segmented.SegmentedRaftLogWorker$StartLogSegment.execute(SegmentedRaftLogWorker.java:566)
	at org.apache.ratis.server.raftlog.segmented.SegmentedRaftLogWorker.run(SegmentedRaftLogWorker.java:289)
	at java.lang.Thread.run(Thread.java:748)
2019-09-20 05:50:14,634 [9b918566-8d2f-4f38-9ce1-65f5cd084216-SegmentedRaftLogWorker:Storage Directory /workdir/hadoop-ozone/integration-test/target/test-dir/MiniOzoneClusterImpl-29dd0c8c-da21-41d6-af77-5f0a65600fbb/datanode-0/data/ratis/ded814f4-5630-4190-a880-bdc32c52c7f7] INFO  impl.StateMachineUpdater (StateMachineUpdater.java:stopAndJoin(115)) - StateMachineUpdater:9b918566-8d2f-4f38-9ce1-65f5cd084216:group-BDC32C52C7F7: set stopIndex = -1
2019-09-20 05:50:14,887 [9b918566-8d2f-4f38-9ce1-65f5cd084216-SegmentedRaftLogWorker:Storage Directory /workdir/hadoop-ozone/integration-test/target/test-dir/MiniOzoneClusterImpl-29dd0c8c-da21-41d6-af77-5f0a65600fbb/datanode-0/data/ratis/ded814f4-5630-4190-a880-bdc32c52c7f7] INFO  impl.RaftServerImpl (ServerState.java:close(394)) - 9b918566-8d2f-4f38-9ce1-65f5cd084216:group-BDC32C52C7F7 closes. The last applied log index is -1
2019-09-20 05:50:14,634 [Thread-3518] INFO  impl.RoleInfo (RoleInfo.java:shutdownFollowerState(121)) - 9b918566-8d2f-4f38-9ce1-65f5cd084216: shutdown FollowerState
2019-09-20 05:50:14,634 [9b918566-8d2f-4f38-9ce1-65f5cd084216-SegmentedRaftLogWorker:Storage Directory /workdir/hadoop-ozone/integration-test/target/test-dir/MiniOzoneClusterImpl-29dd0c8c-da21-41d6-af77-5f0a65600fbb/datanode-0/data/ratis/c3d49466-7916-42d9-a870-a25cace966d3] INFO  impl.RoleInfo (RoleInfo.java:shutdownLeaderState(104)) - 9b918566-8d2f-4f38-9ce1-65f5cd084216: shutdown LeaderState
2019-09-20 05:50:14,634 [9b918566-8d2f-4f38-9ce1-65f5cd084216:group-596D48322396:LeaderElection486] INFO  server.RaftServerConfigKeys (ConfUtils.java:logGet(43)) - raft.server.watch.element-limit = 65536 (default)
2019-09-20 05:50:14,634 [9b918566-8d2f-4f38-9ce1-65f5cd084216:group-A56C5B637ABD:LeaderElection485] INFO  server.RaftServerConfigKeys (ConfUtils.java:logGet(43)) - raft.server.watch.timeout.denomination = 1s (default)
2019-09-20 05:50:14,634 [9b918566-8d2f-4f38-9ce1-65f5cd084216:group-8D5F95202CDA:LeaderElection489] INFO  server.RaftServerConfigKeys (ConfUtils.java:logGet(43)) - raft.server.watch.timeout = 10s (default)
2019-09-20 05:50:14,633 [9b918566-8d2f-4f38-9ce1-65f5cd084216:group-CDCA2E7D92F9:LeaderElection488] INFO  server.RaftServerConfigKeys (ConfUtils.java:logGet(43)) - raft.server.watch.element-limit = 65536 (default)
2019-09-20 05:50:14,631 [9b918566-8d2f-4f38-9ce1-65f5cd084216-SegmentedRaftLogWorker:Storage Directory /workdir/hadoop-ozone/integration-test/target/test-dir/MiniOzoneClusterImpl-29dd0c8c-da21-41d6-af77-5f0a65600fbb/datanode-0/data/ratis/2cc6e233-34e4-4c22-9306-b4fa85babdfe] INFO  impl.StateMachineUpdater (StateMachineUpdater.java:stopAndJoin(115)) - StateMachineUpdater:9b918566-8d2f-4f38-9ce1-65f5cd084216:group-B4FA85BABDFE: set stopIndex = -1
2019-09-20 05:50:14,888 [9b918566-8d2f-4f38-9ce1-65f5cd084216-SegmentedRaftLogWorker:Storage Directory /workdir/hadoop-ozone/integration-test/target/test-dir/MiniOzoneClusterImpl-29dd0c8c-da21-41d6-af77-5f0a65600fbb/datanode-0/data/ratis/2cc6e233-34e4-4c22-9306-b4fa85babdfe] INFO  impl.RaftServerImpl (ServerState.java:close(394)) - 9b918566-8d2f-4f38-9ce1-65f5cd084216:group-B4FA85BABDFE closes. The last applied log index is -1
2019-09-20 05:50:14,631 [pool-57-thread-1] INFO  server.RaftServerConfigKeys (ConfUtils.java:logGet(43)) - raft.server.log.statemachine.data.sync.timeout.retry = -1 (default)
2019-09-20 05:50:14,631 [Thread-3566] INFO  impl.FollowerState (FollowerState.java:run(106)) - 9b918566-8d2f-4f38-9ce1-65f5cd084216:group-E9BD4F91ED26 changes to CANDIDATE, lastRpcTime:10956, electionTimeout:5025ms
2019-09-20 05:50:14,889 [Thread-3566] INFO  impl.RoleInfo (RoleInfo.java:shutdownFollowerState(121)) - 9b918566-8d2f-4f38-9ce1-65f5cd084216: shutdown FollowerState
2019-09-20 05:50:14,631 [9b918566-8d2f-4f38-9ce1-65f5cd084216-SegmentedRaftLogWorker:Storage Directory /workdir/hadoop-ozone/integration-test/target/test-dir/MiniOzoneClusterImpl-29dd0c8c-da21-41d6-af77-5f0a65600fbb/datanode-0/data/ratis/0b36b6c2-aad6-4ef3-ac73-42b4861d9533] ERROR segmented.SegmentedRaftLogWorker (SegmentedRaftLogWorker.java:run(323)) - 9b918566-8d2f-4f38-9ce1-65f5cd084216-SegmentedRaftLogWorker:Storage Directory /workdir/hadoop-ozone/integration-test/target/test-dir/MiniOzoneClusterImpl-29dd0c8c-da21-41d6-af77-5f0a65600fbb/datanode-0/data/ratis/0b36b6c2-aad6-4ef3-ac73-42b4861d9533 hit exception
java.lang.OutOfMemoryError: Direct buffer memory
	at java.nio.Bits.reserveMemory(Bits.java:666)
	at java.nio.DirectByteBuffer.<init>(DirectByteBuffer.java:123)
	at java.nio.ByteBuffer.allocateDirect(ByteBuffer.java:311)
	at org.apache.ratis.server.raftlog.segmented.BufferedWriteChannel.<init>(BufferedWriteChannel.java:41)
	at org.apache.ratis.server.raftlog.segmented.SegmentedRaftLogOutputStream.<init>(SegmentedRaftLogOutputStream.java:72)
	at org.apache.ratis.server.raftlog.segmented.SegmentedRaftLogWorker$StartLogSegment.execute(SegmentedRaftLogWorker.java:566)
	at org.apache.ratis.server.raftlog.segmented.SegmentedRaftLogWorker.run(SegmentedRaftLogWorker.java:289)
	at java.lang.Thread.run(Thread.java:748)
2019-09-20 05:50:14,889 [9b918566-8d2f-4f38-9ce1-65f5cd084216-SegmentedRaftLogWorker:Storage Directory /workdir/hadoop-ozone/integration-test/target/test-dir/MiniOzoneClusterImpl-29dd0c8c-da21-41d6-af77-5f0a65600fbb/datanode-0/data/ratis/0b36b6c2-aad6-4ef3-ac73-42b4861d9533] INFO  impl.RaftServerImpl (RaftServerImpl.java:lambda$shutdown$3(245)) - 9b918566-8d2f-4f38-9ce1-65f5cd084216: shutdown group-42B4861D9533
2019-09-20 05:50:14,631 [StateMachineUpdater:9b918566-8d2f-4f38-9ce1-65f5cd084216:group-6A169ECCAA06] INFO  ratis.ContainerStateMachine (ContainerStateMachine.java:takeSnapshot(294)) - group-6A169ECCAA06: Finished taking a snapshot at:(t:1, i:4) file:/workdir/hadoop-ozone/integration-test/target/test-dir/MiniOzoneClusterImpl-29dd0c8c-da21-41d6-af77-5f0a65600fbb/datanode-0/data/ratis/3334cfc7-b579-49c5-a5a6-6a169eccaa06/sm/snapshot.1_4 time:1960
2019-09-20 05:50:14,889 [StateMachineUpdater:9b918566-8d2f-4f38-9ce1-65f5cd084216:group-6A169ECCAA06] INFO  impl.StateMachineUpdater (StateMachineUpdater.java:takeSnapshot(242)) - StateMachineUpdater:9b918566-8d2f-4f38-9ce1-65f5cd084216:group-6A169ECCAA06: Took a snapshot at index 4
2019-09-20 05:50:14,630 [Thread-3524] WARN  util.JavaUtils (JavaUtils.java:sleep(250)) - Unexpected long sleep: sleep(5013ms) actually took 5529ms which is over the threshold 300ms
2019-09-20 05:50:14,382 [9b918566-8d2f-4f38-9ce1-65f5cd084216:group-133DA12773F6:LeaderElection487] INFO  impl.RaftServerImpl (ServerState.java:setRaftConf(361)) - 9b918566-8d2f-4f38-9ce1-65f5cd084216:group-133DA12773F6 set configuration 0: [9b918566-8d2f-4f38-9ce1-65f5cd084216:192.168.36.79:46843], old=null at 0
2019-09-20 05:50:14,382 [9b918566-8d2f-4f38-9ce1-65f5cd084216:group-1A7E6EC3BB63:LeaderElection484] INFO  server.RaftServerConfigKeys (ConfUtils.java:logGet(43)) - raft.server.watch.timeout.denomination = 1s (default)
2019-09-20 05:50:14,890 [StateMachineUpdater:9b918566-8d2f-4f38-9ce1-65f5cd084216:group-6A169ECCAA06] INFO  impl.StateMachineUpdater (StateMachineUpdater.java:lambda$new$0(80)) - StateMachineUpdater:9b918566-8d2f-4f38-9ce1-65f5cd084216:group-6A169ECCAA06: snapshotIndex: updateIncreasingly 1 -> 4
2019-09-20 05:50:14,889 [9b918566-8d2f-4f38-9ce1-65f5cd084216-SegmentedRaftLogWorker:Storage Directory /workdir/hadoop-ozone/integration-test/target/test-dir/MiniOzoneClusterImpl-29dd0c8c-da21-41d6-af77-5f0a65600fbb/datanode-0/data/ratis/0b36b6c2-aad6-4ef3-ac73-42b4861d9533] INFO  util.JmxRegister (JmxRegister.java:unregister(73)) - Successfully un-registered JMX Bean with object name Ratis:service=RaftServer,group=group-42B4861D9533,id=9b918566-8d2f-4f38-9ce1-65f5cd084216
2019-09-20 05:50:14,890 [9b918566-8d2f-4f38-9ce1-65f5cd084216-SegmentedRaftLogWorker:Storage Directory /workdir/hadoop-ozone/integration-test/target/test-dir/MiniOzoneClusterImpl-29dd0c8c-da21-41d6-af77-5f0a65600fbb/datanode-0/data/ratis/0b36b6c2-aad6-4ef3-ac73-42b4861d9533] INFO  impl.RoleInfo (RoleInfo.java:shutdownLeaderState(104)) - 9b918566-8d2f-4f38-9ce1-65f5cd084216: shutdown LeaderState
2019-09-20 05:50:14,889 [Thread-3566] INFO  impl.RaftServerImpl (RaftServerImpl.java:setRole(171)) - 9b918566-8d2f-4f38-9ce1-65f5cd084216:group-E9BD4F91ED26 changes role from FOLLOWER to CANDIDATE at term 0 for changeToCandidate
2019-09-20 05:50:14,889 [pool-57-thread-1] INFO  server.RaftServerConfigKeys (ConfUtils.java:logGet(43)) - raft.server.log.statemachine.data.caching.enabled = true (custom)
2019-09-20 05:50:14,889 [9b918566-8d2f-4f38-9ce1-65f5cd084216-SegmentedRaftLogWorker:Storage Directory /workdir/hadoop-ozone/integration-test/target/test-dir/MiniOzoneClusterImpl-29dd0c8c-da21-41d6-af77-5f0a65600fbb/datanode-0/data/ratis/2cc6e233-34e4-4c22-9306-b4fa85babdfe] INFO  segmented.SegmentedRaftLogWorker (SegmentedRaftLogWorker.java:close(228)) - 9b918566-8d2f-4f38-9ce1-65f5cd084216-SegmentedRaftLogWorker:Storage Directory /workdir/hadoop-ozone/integration-test/target/test-dir/MiniOzoneClusterImpl-29dd0c8c-da21-41d6-af77-5f0a65600fbb/datanode-0/data/ratis/2cc6e233-34e4-4c22-9306-b4fa85babdfe close()
2019-09-20 05:50:14,891 [pool-57-thread-1] INFO  segmented.SegmentedRaftLogWorker (SegmentedRaftLogWorker.java:lambda$new$0(132)) - 9b918566-8d2f-4f38-9ce1-65f5cd084216-SegmentedRaftLogWorker:Storage Directory /workdir/hadoop-ozone/integration-test/target/test-dir/MiniOzoneClusterImpl-29dd0c8c-da21-41d6-af77-5f0a65600fbb/datanode-0/data/ratis/9cd58e4d-ad99-4de7-b2e4-a0798eca86d6: flushIndex: setUnconditionally 0 -> -1
2019-09-20 05:50:14,888 [9b918566-8d2f-4f38-9ce1-65f5cd084216:group-CDCA2E7D92F9:LeaderElection488] INFO  impl.RoleInfo (RoleInfo.java:updateAndGet(143)) - 9b918566-8d2f-4f38-9ce1-65f5cd084216: start LeaderState
2019-09-20 05:50:14,888 [9b918566-8d2f-4f38-9ce1-65f5cd084216:group-8D5F95202CDA:LeaderElection489] INFO  server.RaftServerConfigKeys (ConfUtils.java:logGet(43)) - raft.server.watch.timeout.denomination = 1s (default)
2019-09-20 05:50:14,888 [9b918566-8d2f-4f38-9ce1-65f5cd084216:group-A56C5B637ABD:LeaderElection485] INFO  server.RaftServerConfigKeys (ConfUtils.java:logGet(43)) - raft.server.watch.element-limit = 65536 (default)
2019-09-20 05:50:14,888 [9b918566-8d2f-4f38-9ce1-65f5cd084216:group-596D48322396:LeaderElection486] INFO  impl.RoleInfo (RoleInfo.java:updateAndGet(143)) - 9b918566-8d2f-4f38-9ce1-65f5cd084216: start LeaderState
2019-09-20 05:50:14,888 [9b918566-8d2f-4f38-9ce1-65f5cd084216-SegmentedRaftLogWorker:Storage Directory /workdir/hadoop-ozone/integration-test/target/test-dir/MiniOzoneClusterImpl-29dd0c8c-da21-41d6-af77-5f0a65600fbb/datanode-0/data/ratis/c3d49466-7916-42d9-a870-a25cace966d3] INFO  impl.PendingRequests (PendingRequests.java:sendNotLeaderResponses(202)) - 9b918566-8d2f-4f38-9ce1-65f5cd084216-PendingRequests: sendNotLeaderResponses
2019-09-20 05:50:14,888 [Thread-3518] INFO  impl.RaftServerImpl (RaftServerImpl.java:setRole(171)) - 9b918566-8d2f-4f38-9ce1-65f5cd084216:group-CDACEDA68A92 changes role from FOLLOWER to CANDIDATE at term 0 for changeToCandidate
2019-09-20 05:50:14,892 [Thread-3518] INFO  impl.RoleInfo (RoleInfo.java:updateAndGet(143)) - 9b918566-8d2f-4f38-9ce1-65f5cd084216: start LeaderElection
2019-09-20 05:50:14,888 [9b918566-8d2f-4f38-9ce1-65f5cd084216-SegmentedRaftLogWorker:Storage Directory /workdir/hadoop-ozone/integration-test/target/test-dir/MiniOzoneClusterImpl-29dd0c8c-da21-41d6-af77-5f0a65600fbb/datanode-0/data/ratis/ded814f4-5630-4190-a880-bdc32c52c7f7] INFO  segmented.SegmentedRaftLogWorker (SegmentedRaftLogWorker.java:close(228)) - 9b918566-8d2f-4f38-9ce1-65f5cd084216-SegmentedRaftLogWorker:Storage Directory /workdir/hadoop-ozone/integration-test/target/test-dir/MiniOzoneClusterImpl-29dd0c8c-da21-41d6-af77-5f0a65600fbb/datanode-0/data/ratis/ded814f4-5630-4190-a880-bdc32c52c7f7 close()
2019-09-20 05:50:14,887 [9b918566-8d2f-4f38-9ce1-65f5cd084216-SegmentedRaftLogWorker:Storage Directory /workdir/hadoop-ozone/integration-test/target/test-dir/MiniOzoneClusterImpl-29dd0c8c-da21-41d6-af77-5f0a65600fbb/datanode-0/data/ratis/9bf3a391-91e4-4f41-bb16-14c055a8e40f] INFO  impl.RaftServerImpl (RaftServerImpl.java:lambda$shutdown$3(245)) - 9b918566-8d2f-4f38-9ce1-65f5cd084216: shutdown group-14C055A8E40F
2019-09-20 05:50:14,892 [9b918566-8d2f-4f38-9ce1-65f5cd084216-SegmentedRaftLogWorker:Storage Directory /workdir/hadoop-ozone/integration-test/target/test-dir/MiniOzoneClusterImpl-29dd0c8c-da21-41d6-af77-5f0a65600fbb/datanode-0/data/ratis/9bf3a391-91e4-4f41-bb16-14c055a8e40f] INFO  util.JmxRegister (JmxRegister.java:unregister(73)) - Successfully un-registered JMX Bean with object name Ratis:service=RaftServer,group=group-14C055A8E40F,id=9b918566-8d2f-4f38-9ce1-65f5cd084216
2019-09-20 05:50:14,892 [9b918566-8d2f-4f38-9ce1-65f5cd084216-SegmentedRaftLogWorker:Storage Directory /workdir/hadoop-ozone/integration-test/target/test-dir/MiniOzoneClusterImpl-29dd0c8c-da21-41d6-af77-5f0a65600fbb/datanode-0/data/ratis/9bf3a391-91e4-4f41-bb16-14c055a8e40f] INFO  impl.RoleInfo (RoleInfo.java:shutdownLeaderState(104)) - 9b918566-8d2f-4f38-9ce1-65f5cd084216: shutdown LeaderState
2019-09-20 05:50:14,887 [9b918566-8d2f-4f38-9ce1-65f5cd084216-SegmentedRaftLogWorker:Storage Directory /workdir/hadoop-ozone/integration-test/target/test-dir/MiniOzoneClusterImpl-29dd0c8c-da21-41d6-af77-5f0a65600fbb/datanode-0/data/ratis/c579ba93-cbfe-47e8-a3c3-17246ab8cdb8] INFO  impl.RaftServerImpl (ServerState.java:close(394)) - 9b918566-8d2f-4f38-9ce1-65f5cd084216:group-17246AB8CDB8 closes. The last applied log index is -1
2019-09-20 05:50:14,887 [9b918566-8d2f-4f38-9ce1-65f5cd084216:group-2515D093169F:LeaderElection483] INFO  server.RaftServerConfigKeys (ConfUtils.java:logGet(43)) - raft.server.watch.timeout.denomination = 1s (default)
2019-09-20 05:50:14,886 [9b918566-8d2f-4f38-9ce1-65f5cd084216:group-FB2ACB3823B3:LeaderElection490] INFO  server.RaftServerConfigKeys (ConfUtils.java:logGet(43)) - raft.server.watch.timeout.denomination = 1s (default)
2019-09-20 05:50:14,886 [9b918566-8d2f-4f38-9ce1-65f5cd084216-SegmentedRaftLogWorker:Storage Directory /workdir/hadoop-ozone/integration-test/target/test-dir/MiniOzoneClusterImpl-29dd0c8c-da21-41d6-af77-5f0a65600fbb/datanode-0/data/ratis/1d18e2df-21f2-4442-9e7d-7312b38db467] INFO  impl.RaftServerImpl (ServerState.java:close(394)) - 9b918566-8d2f-4f38-9ce1-65f5cd084216:group-7312B38DB467 closes. The last applied log index is -1
2019-09-20 05:50:14,886 [9b918566-8d2f-4f38-9ce1-65f5cd084216-SegmentedRaftLogWorker:Storage Directory /workdir/hadoop-ozone/integration-test/target/test-dir/MiniOzoneClusterImpl-29dd0c8c-da21-41d6-af77-5f0a65600fbb/datanode-0/data/ratis/1c287769-70c5-497e-8726-19d8f506a3b5] INFO  util.JmxRegister (JmxRegister.java:unregister(73)) - Successfully un-registered JMX Bean with object name Ratis:service=RaftServer,group=group-19D8F506A3B5,id=9b918566-8d2f-4f38-9ce1-65f5cd084216
2019-09-20 05:50:14,885 [9b918566-8d2f-4f38-9ce1-65f5cd084216-SegmentedRaftLogWorker:Storage Directory /workdir/hadoop-ozone/integration-test/target/test-dir/MiniOzoneClusterImpl-29dd0c8c-da21-41d6-af77-5f0a65600fbb/datanode-0/data/ratis/ebe4c888-99f4-483d-9cba-356d5aa52196] INFO  util.JmxRegister (JmxRegister.java:unregister(73)) - Successfully un-registered JMX Bean with object name Ratis:service=RaftServer,group=group-356D5AA52196,id=9b918566-8d2f-4f38-9ce1-65f5cd084216
2019-09-20 05:50:14,637 [9b918566-8d2f-4f38-9ce1-65f5cd084216:group-17255EC37A1D:LeaderElection482] INFO  impl.RaftServerImpl (ServerState.java:setRaftConf(361)) - 9b918566-8d2f-4f38-9ce1-65f5cd084216:group-17255EC37A1D set configuration 0: [9b918566-8d2f-4f38-9ce1-65f5cd084216:192.168.36.79:46843], old=null at 0
2019-09-20 05:50:14,637 [9b918566-8d2f-4f38-9ce1-65f5cd084216-SegmentedRaftLogWorker:Storage Directory /workdir/hadoop-ozone/integration-test/target/test-dir/MiniOzoneClusterImpl-29dd0c8c-da21-41d6-af77-5f0a65600fbb/datanode-0/data/ratis/684f5ca1-7aa2-48c5-833a-da618fa1b8b2] INFO  impl.StateMachineUpdater (StateMachineUpdater.java:stopAndJoin(115)) - StateMachineUpdater:9b918566-8d2f-4f38-9ce1-65f5cd084216:group-DA618FA1B8B2: set stopIndex = -1
2019-09-20 05:50:14,893 [9b918566-8d2f-4f38-9ce1-65f5cd084216-SegmentedRaftLogWorker:Storage Directory /workdir/hadoop-ozone/integration-test/target/test-dir/MiniOzoneClusterImpl-29dd0c8c-da21-41d6-af77-5f0a65600fbb/datanode-0/data/ratis/ebe4c888-99f4-483d-9cba-356d5aa52196] INFO  impl.RoleInfo (RoleInfo.java:shutdownLeaderState(104)) - 9b918566-8d2f-4f38-9ce1-65f5cd084216: shutdown LeaderState
2019-09-20 05:50:14,894 [9b918566-8d2f-4f38-9ce1-65f5cd084216-SegmentedRaftLogWorker:Storage Directory /workdir/hadoop-ozone/integration-test/target/test-dir/MiniOzoneClusterImpl-29dd0c8c-da21-41d6-af77-5f0a65600fbb/datanode-0/data/ratis/ebe4c888-99f4-483d-9cba-356d5aa52196] INFO  impl.PendingRequests (PendingRequests.java:sendNotLeaderResponses(202)) - 9b918566-8d2f-4f38-9ce1-65f5cd084216-PendingRequests: sendNotLeaderResponses
2019-09-20 05:50:14,893 [9b918566-8d2f-4f38-9ce1-65f5cd084216-SegmentedRaftLogWorker:Storage Directory /workdir/hadoop-ozone/integration-test/target/test-dir/MiniOzoneClusterImpl-29dd0c8c-da21-41d6-af77-5f0a65600fbb/datanode-0/data/ratis/1c287769-70c5-497e-8726-19d8f506a3b5] INFO  impl.RoleInfo (RoleInfo.java:shutdownLeaderState(104)) - 9b918566-8d2f-4f38-9ce1-65f5cd084216: shutdown LeaderState
2019-09-20 05:50:14,893 [9b918566-8d2f-4f38-9ce1-65f5cd084216-SegmentedRaftLogWorker:Storage Directory /workdir/hadoop-ozone/integration-test/target/test-dir/MiniOzoneClusterImpl-29dd0c8c-da21-41d6-af77-5f0a65600fbb/datanode-0/data/ratis/1d18e2df-21f2-4442-9e7d-7312b38db467] INFO  segmented.SegmentedRaftLogWorker (SegmentedRaftLogWorker.java:close(228)) - 9b918566-8d2f-4f38-9ce1-65f5cd084216-SegmentedRaftLogWorker:Storage Directory /workdir/hadoop-ozone/integration-test/target/test-dir/MiniOzoneClusterImpl-29dd0c8c-da21-41d6-af77-5f0a65600fbb/datanode-0/data/ratis/1d18e2df-21f2-4442-9e7d-7312b38db467 close()
2019-09-20 05:50:14,893 [9b918566-8d2f-4f38-9ce1-65f5cd084216:group-FB2ACB3823B3:LeaderElection490] INFO  server.RaftServerConfigKeys (ConfUtils.java:logGet(43)) - raft.server.watch.element-limit = 65536 (default)
2019-09-20 05:50:14,893 [9b918566-8d2f-4f38-9ce1-65f5cd084216:group-2515D093169F:LeaderElection483] INFO  server.RaftServerConfigKeys (ConfUtils.java:logGet(43)) - raft.server.watch.element-limit = 65536 (default)
2019-09-20 05:50:14,892 [9b918566-8d2f-4f38-9ce1-65f5cd084216-SegmentedRaftLogWorker:Storage Directory /workdir/hadoop-ozone/integration-test/target/test-dir/MiniOzoneClusterImpl-29dd0c8c-da21-41d6-af77-5f0a65600fbb/datanode-0/data/ratis/c579ba93-cbfe-47e8-a3c3-17246ab8cdb8] INFO  segmented.SegmentedRaftLogWorker (SegmentedRaftLogWorker.java:close(228)) - 9b918566-8d2f-4f38-9ce1-65f5cd084216-SegmentedRaftLogWorker:Storage Directory /workdir/hadoop-ozone/integration-test/target/test-dir/MiniOzoneClusterImpl-29dd0c8c-da21-41d6-af77-5f0a65600fbb/datanode-0/data/ratis/c579ba93-cbfe-47e8-a3c3-17246ab8cdb8 close()
2019-09-20 05:50:14,892 [9b918566-8d2f-4f38-9ce1-65f5cd084216-SegmentedRaftLogWorker:Storage Directory /workdir/hadoop-ozone/integration-test/target/test-dir/MiniOzoneClusterImpl-29dd0c8c-da21-41d6-af77-5f0a65600fbb/datanode-0/data/ratis/9bf3a391-91e4-4f41-bb16-14c055a8e40f] INFO  impl.PendingRequests (PendingRequests.java:sendNotLeaderResponses(202)) - 9b918566-8d2f-4f38-9ce1-65f5cd084216-PendingRequests: sendNotLeaderResponses
2019-09-20 05:50:14,891 [9b918566-8d2f-4f38-9ce1-65f5cd084216-SegmentedRaftLogWorker:Storage Directory /workdir/hadoop-ozone/integration-test/target/test-dir/MiniOzoneClusterImpl-29dd0c8c-da21-41d6-af77-5f0a65600fbb/datanode-0/data/ratis/c3d49466-7916-42d9-a870-a25cace966d3] INFO  impl.StateMachineUpdater (StateMachineUpdater.java:stopAndJoin(115)) - StateMachineUpdater:9b918566-8d2f-4f38-9ce1-65f5cd084216:group-A25CACE966D3: set stopIndex = -1
2019-09-20 05:50:14,895 [9b918566-8d2f-4f38-9ce1-65f5cd084216-SegmentedRaftLogWorker:Storage Directory /workdir/hadoop-ozone/integration-test/target/test-dir/MiniOzoneClusterImpl-29dd0c8c-da21-41d6-af77-5f0a65600fbb/datanode-0/data/ratis/c3d49466-7916-42d9-a870-a25cace966d3] INFO  impl.RaftServerImpl (ServerState.java:close(394)) - 9b918566-8d2f-4f38-9ce1-65f5cd084216:group-A25CACE966D3 closes. The last applied log index is -1
2019-09-20 05:50:14,891 [9b918566-8d2f-4f38-9ce1-65f5cd084216:group-596D48322396:LeaderElection486] INFO  segmented.SegmentedRaftLogWorker (SegmentedRaftLogWorker.java:startLogSegment(380)) - 9b918566-8d2f-4f38-9ce1-65f5cd084216-SegmentedRaftLogWorker:Storage Directory /workdir/hadoop-ozone/integration-test/target/test-dir/MiniOzoneClusterImpl-29dd0c8c-da21-41d6-af77-5f0a65600fbb/datanode-0/data/ratis/b9b6c573-267a-4483-abcf-596d48322396: Starting segment from index:0
2019-09-20 05:50:14,891 [9b918566-8d2f-4f38-9ce1-65f5cd084216:group-A56C5B637ABD:LeaderElection485] INFO  impl.RoleInfo (RoleInfo.java:updateAndGet(143)) - 9b918566-8d2f-4f38-9ce1-65f5cd084216: start LeaderState
2019-09-20 05:50:14,891 [9b918566-8d2f-4f38-9ce1-65f5cd084216:group-8D5F95202CDA:LeaderElection489] INFO  server.RaftServerConfigKeys (ConfUtils.java:logGet(43)) - raft.server.watch.element-limit = 65536 (default)
2019-09-20 05:50:14,891 [9b918566-8d2f-4f38-9ce1-65f5cd084216:group-CDCA2E7D92F9:LeaderElection488] INFO  segmented.SegmentedRaftLogWorker (SegmentedRaftLogWorker.java:startLogSegment(380)) - 9b918566-8d2f-4f38-9ce1-65f5cd084216-SegmentedRaftLogWorker:Storage Directory /workdir/hadoop-ozone/integration-test/target/test-dir/MiniOzoneClusterImpl-29dd0c8c-da21-41d6-af77-5f0a65600fbb/datanode-0/data/ratis/3ae082a1-42e1-4b3a-9127-cdca2e7d92f9: Starting segment from index:0
2019-09-20 05:50:14,891 [pool-57-thread-1] INFO  server.RaftServerConfigKeys (ConfUtils.java:logGet(43)) - raft.server.snapshot.auto.trigger.enabled = true (custom)
2019-09-20 05:50:14,890 [Thread-3566] INFO  impl.RoleInfo (RoleInfo.java:updateAndGet(143)) - 9b918566-8d2f-4f38-9ce1-65f5cd084216: start LeaderElection
2019-09-20 05:50:15,439 | INFO  | SCMAudit | user=jenkins1000 | ip=192.168.36.79 | op=SEND_HEARTBEAT {datanodeUUID=9b918566-8d2f-4f38-9ce1-65f5cd084216, command=[]} | ret=SUCCESS |  
2019-09-20 05:50:14,890 [9b918566-8d2f-4f38-9ce1-65f5cd084216-SegmentedRaftLogWorker:Storage Directory /workdir/hadoop-ozone/integration-test/target/test-dir/MiniOzoneClusterImpl-29dd0c8c-da21-41d6-af77-5f0a65600fbb/datanode-0/data/ratis/0b36b6c2-aad6-4ef3-ac73-42b4861d9533] INFO  impl.PendingRequests (PendingRequests.java:sendNotLeaderResponses(202)) - 9b918566-8d2f-4f38-9ce1-65f5cd084216-PendingRequests: sendNotLeaderResponses
2019-09-20 05:50:14,890 [9b918566-8d2f-4f38-9ce1-65f5cd084216:group-1A7E6EC3BB63:LeaderElection484] INFO  server.RaftServerConfigKeys (ConfUtils.java:logGet(43)) - raft.server.watch.element-limit = 65536 (default)
2019-09-20 05:50:15,439 [9b918566-8d2f-4f38-9ce1-65f5cd084216-SegmentedRaftLogWorker:Storage Directory /workdir/hadoop-ozone/integration-test/target/test-dir/MiniOzoneClusterImpl-29dd0c8c-da21-41d6-af77-5f0a65600fbb/datanode-0/data/ratis/0b36b6c2-aad6-4ef3-ac73-42b4861d9533] INFO  impl.StateMachineUpdater (StateMachineUpdater.java:stopAndJoin(115)) - StateMachineUpdater:9b918566-8d2f-4f38-9ce1-65f5cd084216:group-42B4861D9533: set stopIndex = -1
2019-09-20 05:50:15,198 [pool-57-thread-1] INFO  server.RaftServerConfigKeys (ConfUtils.java:logGet(43)) - raft.server.snapshot.auto.trigger.threshold = 1 (custom)
2019-09-20 05:50:15,198 [9b918566-8d2f-4f38-9ce1-65f5cd084216:group-CDCA2E7D92F9:LeaderElection488] INFO  impl.RaftServerImpl (ServerState.java:setRaftConf(361)) - 9b918566-8d2f-4f38-9ce1-65f5cd084216:group-CDCA2E7D92F9 set configuration 0: [9b918566-8d2f-4f38-9ce1-65f5cd084216:192.168.36.79:46843], old=null at 0
2019-09-20 05:50:15,197 [9b918566-8d2f-4f38-9ce1-65f5cd084216:group-8D5F95202CDA:LeaderElection489] INFO  impl.RoleInfo (RoleInfo.java:updateAndGet(143)) - 9b918566-8d2f-4f38-9ce1-65f5cd084216: start LeaderState
2019-09-20 05:50:15,197 [9b918566-8d2f-4f38-9ce1-65f5cd084216:group-CDACEDA68A92:LeaderElection492] INFO  impl.LeaderElection (LeaderElection.java:askForVotes(181)) - 9b918566-8d2f-4f38-9ce1-65f5cd084216:group-CDACEDA68A92:LeaderElection492: begin an election at term 1 for -1: [9b918566-8d2f-4f38-9ce1-65f5cd084216:192.168.36.79:46843], old=null
2019-09-20 05:50:14,895 [9b918566-8d2f-4f38-9ce1-65f5cd084216:group-596D48322396:LeaderElection486] INFO  impl.RaftServerImpl (ServerState.java:setRaftConf(361)) - 9b918566-8d2f-4f38-9ce1-65f5cd084216:group-596D48322396 set configuration 0: [9b918566-8d2f-4f38-9ce1-65f5cd084216:192.168.36.79:46843], old=null at 0
2019-09-20 05:50:15,440 | INFO  | SCMAudit | user=jenkins1000 | ip=192.168.36.79 | op=SEND_HEARTBEAT {datanodeUUID=9b918566-8d2f-4f38-9ce1-65f5cd084216, command=[]} | ret=SUCCESS |  
2019-09-20 05:50:14,895 [9b918566-8d2f-4f38-9ce1-65f5cd084216:group-A56C5B637ABD:LeaderElection485] INFO  segmented.SegmentedRaftLogWorker (SegmentedRaftLogWorker.java:startLogSegment(380)) - 9b918566-8d2f-4f38-9ce1-65f5cd084216-SegmentedRaftLogWorker:Storage Directory /workdir/hadoop-ozone/integration-test/target/test-dir/MiniOzoneClusterImpl-29dd0c8c-da21-41d6-af77-5f0a65600fbb/datanode-0/data/ratis/4783a625-d12e-41db-98b1-a56c5b637abd: Starting segment from index:0
2019-09-20 05:50:14,895 [9b918566-8d2f-4f38-9ce1-65f5cd084216-SegmentedRaftLogWorker:Storage Directory /workdir/hadoop-ozone/integration-test/target/test-dir/MiniOzoneClusterImpl-29dd0c8c-da21-41d6-af77-5f0a65600fbb/datanode-0/data/ratis/c3d49466-7916-42d9-a870-a25cace966d3] INFO  segmented.SegmentedRaftLogWorker (SegmentedRaftLogWorker.java:close(228)) - 9b918566-8d2f-4f38-9ce1-65f5cd084216-SegmentedRaftLogWorker:Storage Directory /workdir/hadoop-ozone/integration-test/target/test-dir/MiniOzoneClusterImpl-29dd0c8c-da21-41d6-af77-5f0a65600fbb/datanode-0/data/ratis/c3d49466-7916-42d9-a870-a25cace966d3 close()
2019-09-20 05:50:14,895 [9b918566-8d2f-4f38-9ce1-65f5cd084216-SegmentedRaftLogWorker:Storage Directory /workdir/hadoop-ozone/integration-test/target/test-dir/MiniOzoneClusterImpl-29dd0c8c-da21-41d6-af77-5f0a65600fbb/datanode-0/data/ratis/9bf3a391-91e4-4f41-bb16-14c055a8e40f] INFO  impl.StateMachineUpdater (StateMachineUpdater.java:stopAndJoin(115)) - StateMachineUpdater:9b918566-8d2f-4f38-9ce1-65f5cd084216:group-14C055A8E40F: set stopIndex = -1
2019-09-20 05:50:15,441 [9b918566-8d2f-4f38-9ce1-65f5cd084216-SegmentedRaftLogWorker:Storage Directory /workdir/hadoop-ozone/integration-test/target/test-dir/MiniOzoneClusterImpl-29dd0c8c-da21-41d6-af77-5f0a65600fbb/datanode-0/data/ratis/9bf3a391-91e4-4f41-bb16-14c055a8e40f] INFO  impl.RaftServerImpl (ServerState.java:close(394)) - 9b918566-8d2f-4f38-9ce1-65f5cd084216:group-14C055A8E40F closes. The last applied log index is -1
2019-09-20 05:50:14,894 [9b918566-8d2f-4f38-9ce1-65f5cd084216:group-2515D093169F:LeaderElection483] INFO  impl.RoleInfo (RoleInfo.java:updateAndGet(143)) - 9b918566-8d2f-4f38-9ce1-65f5cd084216: start LeaderState
2019-09-20 05:50:15,670 | INFO  | SCMAudit | user=jenkins1000 | ip=192.168.36.79 | op=SEND_HEARTBEAT {datanodeUUID=9b918566-8d2f-4f38-9ce1-65f5cd084216, command=[]} | ret=SUCCESS |  
2019-09-20 05:50:14,894 [9b918566-8d2f-4f38-9ce1-65f5cd084216:group-FB2ACB3823B3:LeaderElection490] INFO  impl.RoleInfo (RoleInfo.java:updateAndGet(143)) - 9b918566-8d2f-4f38-9ce1-65f5cd084216: start LeaderState
2019-09-20 05:50:14,894 [9b918566-8d2f-4f38-9ce1-65f5cd084216-SegmentedRaftLogWorker:Storage Directory /workdir/hadoop-ozone/integration-test/target/test-dir/MiniOzoneClusterImpl-29dd0c8c-da21-41d6-af77-5f0a65600fbb/datanode-0/data/ratis/1c287769-70c5-497e-8726-19d8f506a3b5] INFO  impl.PendingRequests (PendingRequests.java:sendNotLeaderResponses(202)) - 9b918566-8d2f-4f38-9ce1-65f5cd084216-PendingRequests: sendNotLeaderResponses
2019-09-20 05:50:14,894 [9b918566-8d2f-4f38-9ce1-65f5cd084216-SegmentedRaftLogWorker:Storage Directory /workdir/hadoop-ozone/integration-test/target/test-dir/MiniOzoneClusterImpl-29dd0c8c-da21-41d6-af77-5f0a65600fbb/datanode-0/data/ratis/ebe4c888-99f4-483d-9cba-356d5aa52196] INFO  impl.StateMachineUpdater (StateMachineUpdater.java:stopAndJoin(115)) - StateMachineUpdater:9b918566-8d2f-4f38-9ce1-65f5cd084216:group-356D5AA52196: set stopIndex = -1
2019-09-20 05:50:14,893 [9b918566-8d2f-4f38-9ce1-65f5cd084216-SegmentedRaftLogWorker:Storage Directory /workdir/hadoop-ozone/integration-test/target/test-dir/MiniOzoneClusterImpl-29dd0c8c-da21-41d6-af77-5f0a65600fbb/datanode-0/data/ratis/684f5ca1-7aa2-48c5-833a-da618fa1b8b2] INFO  impl.RaftServerImpl (ServerState.java:close(394)) - 9b918566-8d2f-4f38-9ce1-65f5cd084216:group-DA618FA1B8B2 closes. The last applied log index is -1
2019-09-20 05:50:15,671 [9b918566-8d2f-4f38-9ce1-65f5cd084216-SegmentedRaftLogWorker:Storage Directory /workdir/hadoop-ozone/integration-test/target/test-dir/MiniOzoneClusterImpl-29dd0c8c-da21-41d6-af77-5f0a65600fbb/datanode-0/data/ratis/ebe4c888-99f4-483d-9cba-356d5aa52196] INFO  impl.RaftServerImpl (ServerState.java:close(394)) - 9b918566-8d2f-4f38-9ce1-65f5cd084216:group-356D5AA52196 closes. The last applied log index is -1
2019-09-20 05:50:15,670 [9b918566-8d2f-4f38-9ce1-65f5cd084216-SegmentedRaftLogWorker:Storage Directory /workdir/hadoop-ozone/integration-test/target/test-dir/MiniOzoneClusterImpl-29dd0c8c-da21-41d6-af77-5f0a65600fbb/datanode-0/data/ratis/1c287769-70c5-497e-8726-19d8f506a3b5] INFO  impl.StateMachineUpdater (StateMachineUpdater.java:stopAndJoin(115)) - StateMachineUpdater:9b918566-8d2f-4f38-9ce1-65f5cd084216:group-19D8F506A3B5: set stopIndex = -1
2019-09-20 05:50:15,671 [9b918566-8d2f-4f38-9ce1-65f5cd084216-SegmentedRaftLogWorker:Storage Directory /workdir/hadoop-ozone/integration-test/target/test-dir/MiniOzoneClusterImpl-29dd0c8c-da21-41d6-af77-5f0a65600fbb/datanode-0/data/ratis/1c287769-70c5-497e-8726-19d8f506a3b5] INFO  impl.RaftServerImpl (ServerState.java:close(394)) - 9b918566-8d2f-4f38-9ce1-65f5cd084216:group-19D8F506A3B5 closes. The last applied log index is -1
2019-09-20 05:50:15,670 [9b918566-8d2f-4f38-9ce1-65f5cd084216:group-FB2ACB3823B3:LeaderElection490] INFO  segmented.SegmentedRaftLogWorker (SegmentedRaftLogWorker.java:startLogSegment(380)) - 9b918566-8d2f-4f38-9ce1-65f5cd084216-SegmentedRaftLogWorker:Storage Directory /workdir/hadoop-ozone/integration-test/target/test-dir/MiniOzoneClusterImpl-29dd0c8c-da21-41d6-af77-5f0a65600fbb/datanode-0/data/ratis/66a64cf4-0e13-40f0-8a50-fb2acb3823b3: Starting segment from index:0
2019-09-20 05:50:15,670 [9b918566-8d2f-4f38-9ce1-65f5cd084216:group-2515D093169F:LeaderElection483] INFO  segmented.SegmentedRaftLogWorker (SegmentedRaftLogWorker.java:startLogSegment(380)) - 9b918566-8d2f-4f38-9ce1-65f5cd084216-SegmentedRaftLogWorker:Storage Directory /workdir/hadoop-ozone/integration-test/target/test-dir/MiniOzoneClusterImpl-29dd0c8c-da21-41d6-af77-5f0a65600fbb/datanode-0/data/ratis/85131a2a-0d28-4176-8c19-2515d093169f: Starting segment from index:0
2019-09-20 05:50:15,670 [9b918566-8d2f-4f38-9ce1-65f5cd084216-SegmentedRaftLogWorker:Storage Directory /workdir/hadoop-ozone/integration-test/target/test-dir/MiniOzoneClusterImpl-29dd0c8c-da21-41d6-af77-5f0a65600fbb/datanode-0/data/ratis/9bf3a391-91e4-4f41-bb16-14c055a8e40f] INFO  segmented.SegmentedRaftLogWorker (SegmentedRaftLogWorker.java:close(228)) - 9b918566-8d2f-4f38-9ce1-65f5cd084216-SegmentedRaftLogWorker:Storage Directory /workdir/hadoop-ozone/integration-test/target/test-dir/MiniOzoneClusterImpl-29dd0c8c-da21-41d6-af77-5f0a65600fbb/datanode-0/data/ratis/9bf3a391-91e4-4f41-bb16-14c055a8e40f close()
2019-09-20 05:50:15,670 [9b918566-8d2f-4f38-9ce1-65f5cd084216-SegmentedRaftLogWorker:Storage Directory /workdir/hadoop-ozone/integration-test/target/test-dir/MiniOzoneClusterImpl-29dd0c8c-da21-41d6-af77-5f0a65600fbb/datanode-0/data/ratis/90892a34-6097-49df-bc8a-2451dd07c4fa] ERROR segmented.SegmentedRaftLogWorker (SegmentedRaftLogWorker.java:run(323)) - 9b918566-8d2f-4f38-9ce1-65f5cd084216-SegmentedRaftLogWorker:Storage Directory /workdir/hadoop-ozone/integration-test/target/test-dir/MiniOzoneClusterImpl-29dd0c8c-da21-41d6-af77-5f0a65600fbb/datanode-0/data/ratis/90892a34-6097-49df-bc8a-2451dd07c4fa hit exception
java.lang.OutOfMemoryError: Direct buffer memory
	at java.nio.Bits.reserveMemory(Bits.java:666)
	at java.nio.DirectByteBuffer.<init>(DirectByteBuffer.java:123)
	at java.nio.ByteBuffer.allocateDirect(ByteBuffer.java:311)
	at org.apache.ratis.server.raftlog.segmented.BufferedWriteChannel.<init>(BufferedWriteChannel.java:41)
	at org.apache.ratis.server.raftlog.segmented.SegmentedRaftLogOutputStream.<init>(SegmentedRaftLogOutputStream.java:72)
	at org.apache.ratis.server.raftlog.segmented.SegmentedRaftLogWorker$StartLogSegment.execute(SegmentedRaftLogWorker.java:566)
	at org.apache.ratis.server.raftlog.segmented.SegmentedRaftLogWorker.run(SegmentedRaftLogWorker.java:289)
	at java.lang.Thread.run(Thread.java:748)
2019-09-20 05:50:15,670 [9b918566-8d2f-4f38-9ce1-65f5cd084216:group-E9BD4F91ED26:LeaderElection491] INFO  impl.LeaderElection (LeaderElection.java:askForVotes(181)) - 9b918566-8d2f-4f38-9ce1-65f5cd084216:group-E9BD4F91ED26:LeaderElection491: begin an election at term 1 for -1: [9b918566-8d2f-4f38-9ce1-65f5cd084216:192.168.36.79:46843], old=null
2019-09-20 05:50:15,441 [9b918566-8d2f-4f38-9ce1-65f5cd084216:group-A56C5B637ABD:LeaderElection485] INFO  impl.RaftServerImpl (ServerState.java:setRaftConf(361)) - 9b918566-8d2f-4f38-9ce1-65f5cd084216:group-A56C5B637ABD set configuration 0: [9b918566-8d2f-4f38-9ce1-65f5cd084216:192.168.36.79:46843], old=null at 0
2019-09-20 05:50:16,061 | INFO  | SCMAudit | user=jenkins1000 | ip=192.168.36.79 | op=SEND_HEARTBEAT {datanodeUUID=9b918566-8d2f-4f38-9ce1-65f5cd084216, command=[]} | ret=SUCCESS |  
2019-09-20 05:50:15,440 [9b918566-8d2f-4f38-9ce1-65f5cd084216:group-8D5F95202CDA:LeaderElection489] INFO  segmented.SegmentedRaftLogWorker (SegmentedRaftLogWorker.java:startLogSegment(380)) - 9b918566-8d2f-4f38-9ce1-65f5cd084216-SegmentedRaftLogWorker:Storage Directory /workdir/hadoop-ozone/integration-test/target/test-dir/MiniOzoneClusterImpl-29dd0c8c-da21-41d6-af77-5f0a65600fbb/datanode-0/data/ratis/c289f90e-05f7-4e54-9ad5-8d5f95202cda: Starting segment from index:0
2019-09-20 05:50:15,440 [9b918566-8d2f-4f38-9ce1-65f5cd084216:group-CDACEDA68A92:LeaderElection492] INFO  impl.RoleInfo (RoleInfo.java:shutdownLeaderElection(134)) - 9b918566-8d2f-4f38-9ce1-65f5cd084216: shutdown LeaderElection
2019-09-20 05:50:15,440 [pool-57-thread-1] INFO  server.RaftServerConfigKeys (ConfUtils.java:logGet(43)) - raft.server.retrycache.expirytime = 600000ms (custom)
2019-09-20 05:50:16,062 [9b918566-8d2f-4f38-9ce1-65f5cd084216:group-8D5F95202CDA:LeaderElection489] INFO  impl.RaftServerImpl (ServerState.java:setRaftConf(361)) - 9b918566-8d2f-4f38-9ce1-65f5cd084216:group-8D5F95202CDA set configuration 0: [9b918566-8d2f-4f38-9ce1-65f5cd084216:192.168.36.79:46843], old=null at 0
2019-09-20 05:50:15,440 [9b918566-8d2f-4f38-9ce1-65f5cd084216-SegmentedRaftLogWorker:Storage Directory /workdir/hadoop-ozone/integration-test/target/test-dir/MiniOzoneClusterImpl-29dd0c8c-da21-41d6-af77-5f0a65600fbb/datanode-0/data/ratis/0b36b6c2-aad6-4ef3-ac73-42b4861d9533] INFO  impl.RaftServerImpl (ServerState.java:close(394)) - 9b918566-8d2f-4f38-9ce1-65f5cd084216:group-42B4861D9533 closes. The last applied log index is -1
2019-09-20 05:50:15,440 [9b918566-8d2f-4f38-9ce1-65f5cd084216:group-1A7E6EC3BB63:LeaderElection484] INFO  impl.RoleInfo (RoleInfo.java:updateAndGet(143)) - 9b918566-8d2f-4f38-9ce1-65f5cd084216: start LeaderState
2019-09-20 05:50:16,253 [9b918566-8d2f-4f38-9ce1-65f5cd084216-SegmentedRaftLogWorker:Storage Directory /workdir/hadoop-ozone/integration-test/target/test-dir/MiniOzoneClusterImpl-29dd0c8c-da21-41d6-af77-5f0a65600fbb/datanode-0/data/ratis/0b36b6c2-aad6-4ef3-ac73-42b4861d9533] INFO  segmented.SegmentedRaftLogWorker (SegmentedRaftLogWorker.java:close(228)) - 9b918566-8d2f-4f38-9ce1-65f5cd084216-SegmentedRaftLogWorker:Storage Directory /workdir/hadoop-ozone/integration-test/target/test-dir/MiniOzoneClusterImpl-29dd0c8c-da21-41d6-af77-5f0a65600fbb/datanode-0/data/ratis/0b36b6c2-aad6-4ef3-ac73-42b4861d9533 close()
2019-09-20 05:50:16,253 [9b918566-8d2f-4f38-9ce1-65f5cd084216:group-1A7E6EC3BB63:LeaderElection484] INFO  segmented.SegmentedRaftLogWorker (SegmentedRaftLogWorker.java:startLogSegment(380)) - 9b918566-8d2f-4f38-9ce1-65f5cd084216-SegmentedRaftLogWorker:Storage Directory /workdir/hadoop-ozone/integration-test/target/test-dir/MiniOzoneClusterImpl-29dd0c8c-da21-41d6-af77-5f0a65600fbb/datanode-0/data/ratis/f68fc840-afc2-4cd9-a5dc-1a7e6ec3bb63: Starting segment from index:0
2019-09-20 05:50:16,252 [pool-57-thread-1] INFO  impl.RaftServerImpl (RaftServerImpl.java:start(180)) - 9b918566-8d2f-4f38-9ce1-65f5cd084216: start group-A0798ECA86D6
2019-09-20 05:50:16,252 [9b918566-8d2f-4f38-9ce1-65f5cd084216-SegmentedRaftLogWorker:Storage Directory /workdir/hadoop-ozone/integration-test/target/test-dir/MiniOzoneClusterImpl-29dd0c8c-da21-41d6-af77-5f0a65600fbb/datanode-0/data/ratis/5d57c510-c5c7-462c-845a-133da12773f6] ERROR segmented.SegmentedRaftLogWorker (SegmentedRaftLogWorker.java:run(323)) - 9b918566-8d2f-4f38-9ce1-65f5cd084216-SegmentedRaftLogWorker:Storage Directory /workdir/hadoop-ozone/integration-test/target/test-dir/MiniOzoneClusterImpl-29dd0c8c-da21-41d6-af77-5f0a65600fbb/datanode-0/data/ratis/5d57c510-c5c7-462c-845a-133da12773f6 hit exception
java.lang.OutOfMemoryError: Direct buffer memory
	at java.nio.Bits.reserveMemory(Bits.java:666)
	at java.nio.DirectByteBuffer.<init>(DirectByteBuffer.java:123)
	at java.nio.ByteBuffer.allocateDirect(ByteBuffer.java:311)
	at org.apache.ratis.server.raftlog.segmented.BufferedWriteChannel.<init>(BufferedWriteChannel.java:41)
	at org.apache.ratis.server.raftlog.segmented.SegmentedRaftLogOutputStream.<init>(SegmentedRaftLogOutputStream.java:72)
	at org.apache.ratis.server.raftlog.segmented.SegmentedRaftLogWorker$StartLogSegment.execute(SegmentedRaftLogWorker.java:566)
	at org.apache.ratis.server.raftlog.segmented.SegmentedRaftLogWorker.run(SegmentedRaftLogWorker.java:289)
	at java.lang.Thread.run(Thread.java:748)
2019-09-20 05:50:16,252 [9b918566-8d2f-4f38-9ce1-65f5cd084216-SegmentedRaftLogWorker:Storage Directory /workdir/hadoop-ozone/integration-test/target/test-dir/MiniOzoneClusterImpl-29dd0c8c-da21-41d6-af77-5f0a65600fbb/datanode-0/data/ratis/1b1e116c-2ce8-466a-a41b-c0c96f94f210] ERROR segmented.SegmentedRaftLogWorker (SegmentedRaftLogWorker.java:run(323)) - 9b918566-8d2f-4f38-9ce1-65f5cd084216-SegmentedRaftLogWorker:Storage Directory /workdir/hadoop-ozone/integration-test/target/test-dir/MiniOzoneClusterImpl-29dd0c8c-da21-41d6-af77-5f0a65600fbb/datanode-0/data/ratis/1b1e116c-2ce8-466a-a41b-c0c96f94f210 hit exception
java.lang.OutOfMemoryError: Direct buffer memory
	at java.nio.Bits.reserveMemory(Bits.java:666)
	at java.nio.DirectByteBuffer.<init>(DirectByteBuffer.java:123)
	at java.nio.ByteBuffer.allocateDirect(ByteBuffer.java:311)
	at org.apache.ratis.server.raftlog.segmented.BufferedWriteChannel.<init>(BufferedWriteChannel.java:41)
	at org.apache.ratis.server.raftlog.segmented.SegmentedRaftLogOutputStream.<init>(SegmentedRaftLogOutputStream.java:72)
	at org.apache.ratis.server.raftlog.segmented.SegmentedRaftLogWorker$StartLogSegment.execute(SegmentedRaftLogWorker.java:566)
	at org.apache.ratis.server.raftlog.segmented.SegmentedRaftLogWorker.run(SegmentedRaftLogWorker.java:289)
	at java.lang.Thread.run(Thread.java:748)
2019-09-20 05:50:16,459 [9b918566-8d2f-4f38-9ce1-65f5cd084216-SegmentedRaftLogWorker:Storage Directory /workdir/hadoop-ozone/integration-test/target/test-dir/MiniOzoneClusterImpl-29dd0c8c-da21-41d6-af77-5f0a65600fbb/datanode-0/data/ratis/1b1e116c-2ce8-466a-a41b-c0c96f94f210] INFO  impl.RaftServerImpl (RaftServerImpl.java:lambda$shutdown$3(245)) - 9b918566-8d2f-4f38-9ce1-65f5cd084216: shutdown group-C0C96F94F210
2019-09-20 05:50:16,252 [9b918566-8d2f-4f38-9ce1-65f5cd084216-SegmentedRaftLogWorker:Storage Directory /workdir/hadoop-ozone/integration-test/target/test-dir/MiniOzoneClusterImpl-29dd0c8c-da21-41d6-af77-5f0a65600fbb/datanode-0/data/ratis/afce9a65-b7eb-4d49-9748-ddeee97cade4] ERROR segmented.SegmentedRaftLogWorker (SegmentedRaftLogWorker.java:run(323)) - 9b918566-8d2f-4f38-9ce1-65f5cd084216-SegmentedRaftLogWorker:Storage Directory /workdir/hadoop-ozone/integration-test/target/test-dir/MiniOzoneClusterImpl-29dd0c8c-da21-41d6-af77-5f0a65600fbb/datanode-0/data/ratis/afce9a65-b7eb-4d49-9748-ddeee97cade4 hit exception
java.lang.OutOfMemoryError: Direct buffer memory
	at java.nio.Bits.reserveMemory(Bits.java:666)
	at java.nio.DirectByteBuffer.<init>(DirectByteBuffer.java:123)
	at java.nio.ByteBuffer.allocateDirect(ByteBuffer.java:311)
	at org.apache.ratis.server.raftlog.segmented.BufferedWriteChannel.<init>(BufferedWriteChannel.java:41)
	at org.apache.ratis.server.raftlog.segmented.SegmentedRaftLogOutputStream.<init>(SegmentedRaftLogOutputStream.java:72)
	at org.apache.ratis.server.raftlog.segmented.SegmentedRaftLogWorker$StartLogSegment.execute(SegmentedRaftLogWorker.java:566)
	at org.apache.ratis.server.raftlog.segmented.SegmentedRaftLogWorker.run(SegmentedRaftLogWorker.java:289)
	at java.lang.Thread.run(Thread.java:748)
2019-09-20 05:50:16,459 | INFO  | SCMAudit | user=jenkins1000 | ip=192.168.36.79 | op=SEND_HEARTBEAT {datanodeUUID=9b918566-8d2f-4f38-9ce1-65f5cd084216, command=[]} | ret=SUCCESS |  
2019-09-20 05:50:16,459 [9b918566-8d2f-4f38-9ce1-65f5cd084216-SegmentedRaftLogWorker:Storage Directory /workdir/hadoop-ozone/integration-test/target/test-dir/MiniOzoneClusterImpl-29dd0c8c-da21-41d6-af77-5f0a65600fbb/datanode-0/data/ratis/afce9a65-b7eb-4d49-9748-ddeee97cade4] INFO  impl.RaftServerImpl (RaftServerImpl.java:lambda$shutdown$3(245)) - 9b918566-8d2f-4f38-9ce1-65f5cd084216: shutdown group-DDEEE97CADE4
2019-09-20 05:50:16,252 [9b918566-8d2f-4f38-9ce1-65f5cd084216-SegmentedRaftLogWorker:Storage Directory /workdir/hadoop-ozone/integration-test/target/test-dir/MiniOzoneClusterImpl-29dd0c8c-da21-41d6-af77-5f0a65600fbb/datanode-0/data/ratis/3066cb0c-8537-41ff-b321-96622bf2f79b] ERROR segmented.SegmentedRaftLogWorker (SegmentedRaftLogWorker.java:run(323)) - 9b918566-8d2f-4f38-9ce1-65f5cd084216-SegmentedRaftLogWorker:Storage Directory /workdir/hadoop-ozone/integration-test/target/test-dir/MiniOzoneClusterImpl-29dd0c8c-da21-41d6-af77-5f0a65600fbb/datanode-0/data/ratis/3066cb0c-8537-41ff-b321-96622bf2f79b hit exception
java.lang.OutOfMemoryError: Direct buffer memory
	at java.nio.Bits.reserveMemory(Bits.java:666)
	at java.nio.DirectByteBuffer.<init>(DirectByteBuffer.java:123)
	at java.nio.ByteBuffer.allocateDirect(ByteBuffer.java:311)
	at org.apache.ratis.server.raftlog.segmented.BufferedWriteChannel.<init>(BufferedWriteChannel.java:41)
	at org.apache.ratis.server.raftlog.segmented.SegmentedRaftLogOutputStream.<init>(SegmentedRaftLogOutputStream.java:72)
	at org.apache.ratis.server.raftlog.segmented.SegmentedRaftLogWorker$StartLogSegment.execute(SegmentedRaftLogWorker.java:566)
	at org.apache.ratis.server.raftlog.segmented.SegmentedRaftLogWorker.run(SegmentedRaftLogWorker.java:289)
	at java.lang.Thread.run(Thread.java:748)
2019-09-20 05:50:16,459 [9b918566-8d2f-4f38-9ce1-65f5cd084216-SegmentedRaftLogWorker:Storage Directory /workdir/hadoop-ozone/integration-test/target/test-dir/MiniOzoneClusterImpl-29dd0c8c-da21-41d6-af77-5f0a65600fbb/datanode-0/data/ratis/3066cb0c-8537-41ff-b321-96622bf2f79b] INFO  impl.RaftServerImpl (RaftServerImpl.java:lambda$shutdown$3(245)) - 9b918566-8d2f-4f38-9ce1-65f5cd084216: shutdown group-96622BF2F79B
2019-09-20 05:50:16,252 [9b918566-8d2f-4f38-9ce1-65f5cd084216-SegmentedRaftLogWorker:Storage Directory /workdir/hadoop-ozone/integration-test/target/test-dir/MiniOzoneClusterImpl-29dd0c8c-da21-41d6-af77-5f0a65600fbb/datanode-0/data/ratis/daa8b7bc-4f16-44c2-b288-d2e3d1bc3c4a] ERROR segmented.SegmentedRaftLogWorker (SegmentedRaftLogWorker.java:run(323)) - 9b918566-8d2f-4f38-9ce1-65f5cd084216-SegmentedRaftLogWorker:Storage Directory /workdir/hadoop-ozone/integration-test/target/test-dir/MiniOzoneClusterImpl-29dd0c8c-da21-41d6-af77-5f0a65600fbb/datanode-0/data/ratis/daa8b7bc-4f16-44c2-b288-d2e3d1bc3c4a hit exception
java.lang.OutOfMemoryError: Direct buffer memory
	at java.nio.Bits.reserveMemory(Bits.java:666)
	at java.nio.DirectByteBuffer.<init>(DirectByteBuffer.java:123)
	at java.nio.ByteBuffer.allocateDirect(ByteBuffer.java:311)
	at org.apache.ratis.server.raftlog.segmented.BufferedWriteChannel.<init>(BufferedWriteChannel.java:41)
	at org.apache.ratis.server.raftlog.segmented.SegmentedRaftLogOutputStream.<init>(SegmentedRaftLogOutputStream.java:72)
	at org.apache.ratis.server.raftlog.segmented.SegmentedRaftLogWorker$StartLogSegment.execute(SegmentedRaftLogWorker.java:566)
	at org.apache.ratis.server.raftlog.segmented.SegmentedRaftLogWorker.run(SegmentedRaftLogWorker.java:289)
	at java.lang.Thread.run(Thread.java:748)
2019-09-20 05:50:16,062 [9b918566-8d2f-4f38-9ce1-65f5cd084216:group-CDACEDA68A92:LeaderElection492] INFO  impl.RaftServerImpl (RaftServerImpl.java:setRole(171)) - 9b918566-8d2f-4f38-9ce1-65f5cd084216:group-CDACEDA68A92 changes role from CANDIDATE to LEADER at term 1 for changeToLeader
2019-09-20 05:50:16,460 [9b918566-8d2f-4f38-9ce1-65f5cd084216:group-CDACEDA68A92:LeaderElection492] INFO  impl.RaftServerImpl (ServerState.java:setLeader(263)) - 9b918566-8d2f-4f38-9ce1-65f5cd084216:group-CDACEDA68A92 change Leader from null to 9b918566-8d2f-4f38-9ce1-65f5cd084216 at term 1 for becomeLeader, leader elected after 13510ms
2019-09-20 05:50:16,061 [9b918566-8d2f-4f38-9ce1-65f5cd084216:group-E9BD4F91ED26:LeaderElection491] INFO  impl.RoleInfo (RoleInfo.java:shutdownLeaderElection(134)) - 9b918566-8d2f-4f38-9ce1-65f5cd084216: shutdown LeaderElection
2019-09-20 05:50:16,460 [9b918566-8d2f-4f38-9ce1-65f5cd084216:group-E9BD4F91ED26:LeaderElection491] INFO  impl.RaftServerImpl (RaftServerImpl.java:setRole(171)) - 9b918566-8d2f-4f38-9ce1-65f5cd084216:group-E9BD4F91ED26 changes role from CANDIDATE to LEADER at term 1 for changeToLeader
2019-09-20 05:50:16,460 [9b918566-8d2f-4f38-9ce1-65f5cd084216:group-E9BD4F91ED26:LeaderElection491] INFO  impl.RaftServerImpl (ServerState.java:setLeader(263)) - 9b918566-8d2f-4f38-9ce1-65f5cd084216:group-E9BD4F91ED26 change Leader from null to 9b918566-8d2f-4f38-9ce1-65f5cd084216 at term 1 for becomeLeader, leader elected after 12789ms
2019-09-20 05:50:16,061 [9b918566-8d2f-4f38-9ce1-65f5cd084216-SegmentedRaftLogWorker:Storage Directory /workdir/hadoop-ozone/integration-test/target/test-dir/MiniOzoneClusterImpl-29dd0c8c-da21-41d6-af77-5f0a65600fbb/datanode-0/data/ratis/90892a34-6097-49df-bc8a-2451dd07c4fa] INFO  impl.RaftServerImpl (RaftServerImpl.java:lambda$shutdown$3(245)) - 9b918566-8d2f-4f38-9ce1-65f5cd084216: shutdown group-2451DD07C4FA
2019-09-20 05:50:16,061 [9b918566-8d2f-4f38-9ce1-65f5cd084216-SegmentedRaftLogWorker:Storage Directory /workdir/hadoop-ozone/integration-test/target/test-dir/MiniOzoneClusterImpl-29dd0c8c-da21-41d6-af77-5f0a65600fbb/datanode-0/data/ratis/bcde6b08-c177-48b6-8f38-eba770ada936] ERROR segmented.SegmentedRaftLogWorker (SegmentedRaftLogWorker.java:run(323)) - 9b918566-8d2f-4f38-9ce1-65f5cd084216-SegmentedRaftLogWorker:Storage Directory /workdir/hadoop-ozone/integration-test/target/test-dir/MiniOzoneClusterImpl-29dd0c8c-da21-41d6-af77-5f0a65600fbb/datanode-0/data/ratis/bcde6b08-c177-48b6-8f38-eba770ada936 hit exception
java.lang.OutOfMemoryError: Direct buffer memory
	at java.nio.Bits.reserveMemory(Bits.java:666)
	at java.nio.DirectByteBuffer.<init>(DirectByteBuffer.java:123)
	at java.nio.ByteBuffer.allocateDirect(ByteBuffer.java:311)
	at org.apache.ratis.server.raftlog.segmented.BufferedWriteChannel.<init>(BufferedWriteChannel.java:41)
	at org.apache.ratis.server.raftlog.segmented.SegmentedRaftLogOutputStream.<init>(SegmentedRaftLogOutputStream.java:72)
	at org.apache.ratis.server.raftlog.segmented.SegmentedRaftLogWorker$StartLogSegment.execute(SegmentedRaftLogWorker.java:566)
	at org.apache.ratis.server.raftlog.segmented.SegmentedRaftLogWorker.run(SegmentedRaftLogWorker.java:289)
	at java.lang.Thread.run(Thread.java:748)
2019-09-20 05:50:16,461 [9b918566-8d2f-4f38-9ce1-65f5cd084216-SegmentedRaftLogWorker:Storage Directory /workdir/hadoop-ozone/integration-test/target/test-dir/MiniOzoneClusterImpl-29dd0c8c-da21-41d6-af77-5f0a65600fbb/datanode-0/data/ratis/bcde6b08-c177-48b6-8f38-eba770ada936] INFO  impl.RaftServerImpl (RaftServerImpl.java:lambda$shutdown$3(245)) - 9b918566-8d2f-4f38-9ce1-65f5cd084216: shutdown group-EBA770ADA936
2019-09-20 05:50:15,869 [9b918566-8d2f-4f38-9ce1-65f5cd084216-SegmentedRaftLogWorker:Storage Directory /workdir/hadoop-ozone/integration-test/target/test-dir/MiniOzoneClusterImpl-29dd0c8c-da21-41d6-af77-5f0a65600fbb/datanode-0/data/ratis/21943f24-2b99-41ab-af6b-62de59026cf0] ERROR segmented.SegmentedRaftLogWorker (SegmentedRaftLogWorker.java:run(323)) - 9b918566-8d2f-4f38-9ce1-65f5cd084216-SegmentedRaftLogWorker:Storage Directory /workdir/hadoop-ozone/integration-test/target/test-dir/MiniOzoneClusterImpl-29dd0c8c-da21-41d6-af77-5f0a65600fbb/datanode-0/data/ratis/21943f24-2b99-41ab-af6b-62de59026cf0 hit exception
java.lang.OutOfMemoryError: Direct buffer memory
	at java.nio.Bits.reserveMemory(Bits.java:666)
	at java.nio.DirectByteBuffer.<init>(DirectByteBuffer.java:123)
	at java.nio.ByteBuffer.allocateDirect(ByteBuffer.java:311)
	at org.apache.ratis.server.raftlog.segmented.BufferedWriteChannel.<init>(BufferedWriteChannel.java:41)
	at org.apache.ratis.server.raftlog.segmented.SegmentedRaftLogOutputStream.<init>(SegmentedRaftLogOutputStream.java:72)
	at org.apache.ratis.server.raftlog.segmented.SegmentedRaftLogWorker$StartLogSegment.execute(SegmentedRaftLogWorker.java:566)
	at org.apache.ratis.server.raftlog.segmented.SegmentedRaftLogWorker.run(SegmentedRaftLogWorker.java:289)
	at java.lang.Thread.run(Thread.java:748)
2019-09-20 05:50:16,461 [9b918566-8d2f-4f38-9ce1-65f5cd084216-SegmentedRaftLogWorker:Storage Directory /workdir/hadoop-ozone/integration-test/target/test-dir/MiniOzoneClusterImpl-29dd0c8c-da21-41d6-af77-5f0a65600fbb/datanode-0/data/ratis/21943f24-2b99-41ab-af6b-62de59026cf0] INFO  impl.RaftServerImpl (RaftServerImpl.java:lambda$shutdown$3(245)) - 9b918566-8d2f-4f38-9ce1-65f5cd084216: shutdown group-62DE59026CF0
2019-09-20 05:50:15,671 [9b918566-8d2f-4f38-9ce1-65f5cd084216:group-FB2ACB3823B3:LeaderElection490] INFO  impl.RaftServerImpl (ServerState.java:setRaftConf(361)) - 9b918566-8d2f-4f38-9ce1-65f5cd084216:group-FB2ACB3823B3 set configuration 0: [9b918566-8d2f-4f38-9ce1-65f5cd084216:192.168.36.79:46843], old=null at 0
2019-09-20 05:50:15,869 [9b918566-8d2f-4f38-9ce1-65f5cd084216:group-2515D093169F:LeaderElection483] INFO  impl.RaftServerImpl (ServerState.java:setRaftConf(361)) - 9b918566-8d2f-4f38-9ce1-65f5cd084216:group-2515D093169F set configuration 0: [9b918566-8d2f-4f38-9ce1-65f5cd084216:192.168.36.79:46843], old=null at 0
2019-09-20 05:50:15,671 [9b918566-8d2f-4f38-9ce1-65f5cd084216-SegmentedRaftLogWorker:Storage Directory /workdir/hadoop-ozone/integration-test/target/test-dir/MiniOzoneClusterImpl-29dd0c8c-da21-41d6-af77-5f0a65600fbb/datanode-0/data/ratis/1c287769-70c5-497e-8726-19d8f506a3b5] INFO  segmented.SegmentedRaftLogWorker (SegmentedRaftLogWorker.java:close(228)) - 9b918566-8d2f-4f38-9ce1-65f5cd084216-SegmentedRaftLogWorker:Storage Directory /workdir/hadoop-ozone/integration-test/target/test-dir/MiniOzoneClusterImpl-29dd0c8c-da21-41d6-af77-5f0a65600fbb/datanode-0/data/ratis/1c287769-70c5-497e-8726-19d8f506a3b5 close()
2019-09-20 05:50:15,671 [9b918566-8d2f-4f38-9ce1-65f5cd084216-SegmentedRaftLogWorker:Storage Directory /workdir/hadoop-ozone/integration-test/target/test-dir/MiniOzoneClusterImpl-29dd0c8c-da21-41d6-af77-5f0a65600fbb/datanode-0/data/ratis/ebe4c888-99f4-483d-9cba-356d5aa52196] INFO  segmented.SegmentedRaftLogWorker (SegmentedRaftLogWorker.java:close(228)) - 9b918566-8d2f-4f38-9ce1-65f5cd084216-SegmentedRaftLogWorker:Storage Directory /workdir/hadoop-ozone/integration-test/target/test-dir/MiniOzoneClusterImpl-29dd0c8c-da21-41d6-af77-5f0a65600fbb/datanode-0/data/ratis/ebe4c888-99f4-483d-9cba-356d5aa52196 close()
2019-09-20 05:50:15,671 [9b918566-8d2f-4f38-9ce1-65f5cd084216-SegmentedRaftLogWorker:Storage Directory /workdir/hadoop-ozone/integration-test/target/test-dir/MiniOzoneClusterImpl-29dd0c8c-da21-41d6-af77-5f0a65600fbb/datanode-0/data/ratis/684f5ca1-7aa2-48c5-833a-da618fa1b8b2] INFO  segmented.SegmentedRaftLogWorker (SegmentedRaftLogWorker.java:close(228)) - 9b918566-8d2f-4f38-9ce1-65f5cd084216-SegmentedRaftLogWorker:Storage Directory /workdir/hadoop-ozone/integration-test/target/test-dir/MiniOzoneClusterImpl-29dd0c8c-da21-41d6-af77-5f0a65600fbb/datanode-0/data/ratis/684f5ca1-7aa2-48c5-833a-da618fa1b8b2 close()
2019-09-20 05:50:16,461 [9b918566-8d2f-4f38-9ce1-65f5cd084216-SegmentedRaftLogWorker:Storage Directory /workdir/hadoop-ozone/integration-test/target/test-dir/MiniOzoneClusterImpl-29dd0c8c-da21-41d6-af77-5f0a65600fbb/datanode-0/data/ratis/21943f24-2b99-41ab-af6b-62de59026cf0] INFO  util.JmxRegister (JmxRegister.java:unregister(73)) - Successfully un-registered JMX Bean with object name Ratis:service=RaftServer,group=group-62DE59026CF0,id=9b918566-8d2f-4f38-9ce1-65f5cd084216
2019-09-20 05:50:16,461 [9b918566-8d2f-4f38-9ce1-65f5cd084216-SegmentedRaftLogWorker:Storage Directory /workdir/hadoop-ozone/integration-test/target/test-dir/MiniOzoneClusterImpl-29dd0c8c-da21-41d6-af77-5f0a65600fbb/datanode-0/data/ratis/bcde6b08-c177-48b6-8f38-eba770ada936] INFO  util.JmxRegister (JmxRegister.java:unregister(73)) - Successfully un-registered JMX Bean with object name Ratis:service=RaftServer,group=group-EBA770ADA936,id=9b918566-8d2f-4f38-9ce1-65f5cd084216
2019-09-20 05:50:16,462 [9b918566-8d2f-4f38-9ce1-65f5cd084216-SegmentedRaftLogWorker:Storage Directory /workdir/hadoop-ozone/integration-test/target/test-dir/MiniOzoneClusterImpl-29dd0c8c-da21-41d6-af77-5f0a65600fbb/datanode-0/data/ratis/bcde6b08-c177-48b6-8f38-eba770ada936] INFO  impl.RoleInfo (RoleInfo.java:shutdownLeaderState(104)) - 9b918566-8d2f-4f38-9ce1-65f5cd084216: shutdown LeaderState
2019-09-20 05:50:16,460 [9b918566-8d2f-4f38-9ce1-65f5cd084216-SegmentedRaftLogWorker:Storage Directory /workdir/hadoop-ozone/integration-test/target/test-dir/MiniOzoneClusterImpl-29dd0c8c-da21-41d6-af77-5f0a65600fbb/datanode-0/data/ratis/90892a34-6097-49df-bc8a-2451dd07c4fa] INFO  util.JmxRegister (JmxRegister.java:unregister(73)) - Successfully un-registered JMX Bean with object name Ratis:service=RaftServer,group=group-2451DD07C4FA,id=9b918566-8d2f-4f38-9ce1-65f5cd084216
2019-09-20 05:50:16,460 [9b918566-8d2f-4f38-9ce1-65f5cd084216:group-E9BD4F91ED26:LeaderElection491] INFO  server.RaftServerConfigKeys (ConfUtils.java:logGet(43)) - raft.server.staging.catchup.gap = 1000 (default)
2019-09-20 05:50:16,462 [9b918566-8d2f-4f38-9ce1-65f5cd084216:group-E9BD4F91ED26:LeaderElection491] INFO  server.RaftServerConfigKeys (ConfUtils.java:logGet(43)) - raft.server.rpc.sleep.time = 25ms (default)
2019-09-20 05:50:16,460 [9b918566-8d2f-4f38-9ce1-65f5cd084216:group-CDACEDA68A92:LeaderElection492] INFO  server.RaftServerConfigKeys (ConfUtils.java:logGet(43)) - raft.server.staging.catchup.gap = 1000 (default)
2019-09-20 05:50:16,463 [9b918566-8d2f-4f38-9ce1-65f5cd084216:group-E9BD4F91ED26:LeaderElection491] INFO  server.RaftServerConfigKeys (ConfUtils.java:logGet(43)) - raft.server.write.element-limit = 4096 (default)
2019-09-20 05:50:16,460 [9b918566-8d2f-4f38-9ce1-65f5cd084216-SegmentedRaftLogWorker:Storage Directory /workdir/hadoop-ozone/integration-test/target/test-dir/MiniOzoneClusterImpl-29dd0c8c-da21-41d6-af77-5f0a65600fbb/datanode-0/data/ratis/daa8b7bc-4f16-44c2-b288-d2e3d1bc3c4a] INFO  impl.RaftServerImpl (RaftServerImpl.java:lambda$shutdown$3(245)) - 9b918566-8d2f-4f38-9ce1-65f5cd084216: shutdown group-D2E3D1BC3C4A
2019-09-20 05:50:16,460 [9b918566-8d2f-4f38-9ce1-65f5cd084216-SegmentedRaftLogWorker:Storage Directory /workdir/hadoop-ozone/integration-test/target/test-dir/MiniOzoneClusterImpl-29dd0c8c-da21-41d6-af77-5f0a65600fbb/datanode-0/data/ratis/3066cb0c-8537-41ff-b321-96622bf2f79b] INFO  util.JmxRegister (JmxRegister.java:unregister(73)) - Successfully un-registered JMX Bean with object name Ratis:service=RaftServer,group=group-96622BF2F79B,id=9b918566-8d2f-4f38-9ce1-65f5cd084216
2019-09-20 05:50:16,459 [9b918566-8d2f-4f38-9ce1-65f5cd084216-SegmentedRaftLogWorker:Storage Directory /workdir/hadoop-ozone/integration-test/target/test-dir/MiniOzoneClusterImpl-29dd0c8c-da21-41d6-af77-5f0a65600fbb/datanode-0/data/ratis/afce9a65-b7eb-4d49-9748-ddeee97cade4] INFO  util.JmxRegister (JmxRegister.java:unregister(73)) - Successfully un-registered JMX Bean with object name Ratis:service=RaftServer,group=group-DDEEE97CADE4,id=9b918566-8d2f-4f38-9ce1-65f5cd084216
2019-09-20 05:50:16,463 [9b918566-8d2f-4f38-9ce1-65f5cd084216-SegmentedRaftLogWorker:Storage Directory /workdir/hadoop-ozone/integration-test/target/test-dir/MiniOzoneClusterImpl-29dd0c8c-da21-41d6-af77-5f0a65600fbb/datanode-0/data/ratis/afce9a65-b7eb-4d49-9748-ddeee97cade4] INFO  impl.RoleInfo (RoleInfo.java:shutdownLeaderState(104)) - 9b918566-8d2f-4f38-9ce1-65f5cd084216: shutdown LeaderState
2019-09-20 05:50:16,459 [9b918566-8d2f-4f38-9ce1-65f5cd084216-SegmentedRaftLogWorker:Storage Directory /workdir/hadoop-ozone/integration-test/target/test-dir/MiniOzoneClusterImpl-29dd0c8c-da21-41d6-af77-5f0a65600fbb/datanode-0/data/ratis/1b1e116c-2ce8-466a-a41b-c0c96f94f210] INFO  util.JmxRegister (JmxRegister.java:unregister(73)) - Successfully un-registered JMX Bean with object name Ratis:service=RaftServer,group=group-C0C96F94F210,id=9b918566-8d2f-4f38-9ce1-65f5cd084216
2019-09-20 05:50:16,463 [9b918566-8d2f-4f38-9ce1-65f5cd084216-SegmentedRaftLogWorker:Storage Directory /workdir/hadoop-ozone/integration-test/target/test-dir/MiniOzoneClusterImpl-29dd0c8c-da21-41d6-af77-5f0a65600fbb/datanode-0/data/ratis/1b1e116c-2ce8-466a-a41b-c0c96f94f210] INFO  impl.RoleInfo (RoleInfo.java:shutdownLeaderState(104)) - 9b918566-8d2f-4f38-9ce1-65f5cd084216: shutdown LeaderState
2019-09-20 05:50:16,459 [9b918566-8d2f-4f38-9ce1-65f5cd084216-SegmentedRaftLogWorker:Storage Directory /workdir/hadoop-ozone/integration-test/target/test-dir/MiniOzoneClusterImpl-29dd0c8c-da21-41d6-af77-5f0a65600fbb/datanode-0/data/ratis/5d57c510-c5c7-462c-845a-133da12773f6] INFO  impl.RaftServerImpl (RaftServerImpl.java:lambda$shutdown$3(245)) - 9b918566-8d2f-4f38-9ce1-65f5cd084216: shutdown group-133DA12773F6
2019-09-20 05:50:16,458 [9b918566-8d2f-4f38-9ce1-65f5cd084216-SegmentedRaftLogWorker:Storage Directory /workdir/hadoop-ozone/integration-test/target/test-dir/MiniOzoneClusterImpl-29dd0c8c-da21-41d6-af77-5f0a65600fbb/datanode-0/data/ratis/c5d82524-4a25-4865-b534-17255ec37a1d] ERROR segmented.SegmentedRaftLogWorker (SegmentedRaftLogWorker.java:run(323)) - 9b918566-8d2f-4f38-9ce1-65f5cd084216-SegmentedRaftLogWorker:Storage Directory /workdir/hadoop-ozone/integration-test/target/test-dir/MiniOzoneClusterImpl-29dd0c8c-da21-41d6-af77-5f0a65600fbb/datanode-0/data/ratis/c5d82524-4a25-4865-b534-17255ec37a1d hit exception
java.lang.OutOfMemoryError: Direct buffer memory
	at java.nio.Bits.reserveMemory(Bits.java:666)
	at java.nio.DirectByteBuffer.<init>(DirectByteBuffer.java:123)
	at java.nio.ByteBuffer.allocateDirect(ByteBuffer.java:311)
	at org.apache.ratis.server.raftlog.segmented.BufferedWriteChannel.<init>(BufferedWriteChannel.java:41)
	at org.apache.ratis.server.raftlog.segmented.SegmentedRaftLogOutputStream.<init>(SegmentedRaftLogOutputStream.java:72)
	at org.apache.ratis.server.raftlog.segmented.SegmentedRaftLogWorker$StartLogSegment.execute(SegmentedRaftLogWorker.java:566)
	at org.apache.ratis.server.raftlog.segmented.SegmentedRaftLogWorker.run(SegmentedRaftLogWorker.java:289)
	at java.lang.Thread.run(Thread.java:748)
2019-09-20 05:50:16,463 [9b918566-8d2f-4f38-9ce1-65f5cd084216-SegmentedRaftLogWorker:Storage Directory /workdir/hadoop-ozone/integration-test/target/test-dir/MiniOzoneClusterImpl-29dd0c8c-da21-41d6-af77-5f0a65600fbb/datanode-0/data/ratis/c5d82524-4a25-4865-b534-17255ec37a1d] INFO  impl.RaftServerImpl (RaftServerImpl.java:lambda$shutdown$3(245)) - 9b918566-8d2f-4f38-9ce1-65f5cd084216: shutdown group-17255EC37A1D
2019-09-20 05:50:16,253 [9b918566-8d2f-4f38-9ce1-65f5cd084216:group-1A7E6EC3BB63:LeaderElection484] INFO  impl.RaftServerImpl (ServerState.java:setRaftConf(361)) - 9b918566-8d2f-4f38-9ce1-65f5cd084216:group-1A7E6EC3BB63 set configuration 0: [9b918566-8d2f-4f38-9ce1-65f5cd084216:192.168.36.79:46843], old=null at 0
2019-09-20 05:50:16,253 [pool-57-thread-1] INFO  impl.RaftServerImpl (RaftServerImpl.java:setRole(171)) - 9b918566-8d2f-4f38-9ce1-65f5cd084216:group-A0798ECA86D6 changes role from null to FOLLOWER at term 0 for startAsFollower
2019-09-20 05:50:16,464 [9b918566-8d2f-4f38-9ce1-65f5cd084216-SegmentedRaftLogWorker:Storage Directory /workdir/hadoop-ozone/integration-test/target/test-dir/MiniOzoneClusterImpl-29dd0c8c-da21-41d6-af77-5f0a65600fbb/datanode-0/data/ratis/c5d82524-4a25-4865-b534-17255ec37a1d] INFO  util.JmxRegister (JmxRegister.java:unregister(73)) - Successfully un-registered JMX Bean with object name Ratis:service=RaftServer,group=group-17255EC37A1D,id=9b918566-8d2f-4f38-9ce1-65f5cd084216
2019-09-20 05:50:16,464 [9b918566-8d2f-4f38-9ce1-65f5cd084216-SegmentedRaftLogWorker:Storage Directory /workdir/hadoop-ozone/integration-test/target/test-dir/MiniOzoneClusterImpl-29dd0c8c-da21-41d6-af77-5f0a65600fbb/datanode-0/data/ratis/c5d82524-4a25-4865-b534-17255ec37a1d] INFO  impl.RoleInfo (RoleInfo.java:shutdownLeaderState(104)) - 9b918566-8d2f-4f38-9ce1-65f5cd084216: shutdown LeaderState
2019-09-20 05:50:16,463 [9b918566-8d2f-4f38-9ce1-65f5cd084216-SegmentedRaftLogWorker:Storage Directory /workdir/hadoop-ozone/integration-test/target/test-dir/MiniOzoneClusterImpl-29dd0c8c-da21-41d6-af77-5f0a65600fbb/datanode-0/data/ratis/5d57c510-c5c7-462c-845a-133da12773f6] INFO  util.JmxRegister (JmxRegister.java:unregister(73)) - Successfully un-registered JMX Bean with object name Ratis:service=RaftServer,group=group-133DA12773F6,id=9b918566-8d2f-4f38-9ce1-65f5cd084216
2019-09-20 05:50:16,463 [9b918566-8d2f-4f38-9ce1-65f5cd084216-SegmentedRaftLogWorker:Storage Directory /workdir/hadoop-ozone/integration-test/target/test-dir/MiniOzoneClusterImpl-29dd0c8c-da21-41d6-af77-5f0a65600fbb/datanode-0/data/ratis/1b1e116c-2ce8-466a-a41b-c0c96f94f210] INFO  impl.PendingRequests (PendingRequests.java:sendNotLeaderResponses(202)) - 9b918566-8d2f-4f38-9ce1-65f5cd084216-PendingRequests: sendNotLeaderResponses
2019-09-20 05:50:16,463 [9b918566-8d2f-4f38-9ce1-65f5cd084216-SegmentedRaftLogWorker:Storage Directory /workdir/hadoop-ozone/integration-test/target/test-dir/MiniOzoneClusterImpl-29dd0c8c-da21-41d6-af77-5f0a65600fbb/datanode-0/data/ratis/afce9a65-b7eb-4d49-9748-ddeee97cade4] INFO  impl.PendingRequests (PendingRequests.java:sendNotLeaderResponses(202)) - 9b918566-8d2f-4f38-9ce1-65f5cd084216-PendingRequests: sendNotLeaderResponses
2019-09-20 05:50:16,463 [9b918566-8d2f-4f38-9ce1-65f5cd084216-SegmentedRaftLogWorker:Storage Directory /workdir/hadoop-ozone/integration-test/target/test-dir/MiniOzoneClusterImpl-29dd0c8c-da21-41d6-af77-5f0a65600fbb/datanode-0/data/ratis/3066cb0c-8537-41ff-b321-96622bf2f79b] INFO  impl.RoleInfo (RoleInfo.java:shutdownLeaderState(104)) - 9b918566-8d2f-4f38-9ce1-65f5cd084216: shutdown LeaderState
2019-09-20 05:50:16,463 [9b918566-8d2f-4f38-9ce1-65f5cd084216-SegmentedRaftLogWorker:Storage Directory /workdir/hadoop-ozone/integration-test/target/test-dir/MiniOzoneClusterImpl-29dd0c8c-da21-41d6-af77-5f0a65600fbb/datanode-0/data/ratis/daa8b7bc-4f16-44c2-b288-d2e3d1bc3c4a] INFO  util.JmxRegister (JmxRegister.java:unregister(73)) - Successfully un-registered JMX Bean with object name Ratis:service=RaftServer,group=group-D2E3D1BC3C4A,id=9b918566-8d2f-4f38-9ce1-65f5cd084216
2019-09-20 05:50:16,463 [9b918566-8d2f-4f38-9ce1-65f5cd084216:group-E9BD4F91ED26:LeaderElection491] INFO  server.RaftServerConfigKeys (ConfUtils.java:logGet(43)) - raft.server.watch.timeout = 10s (default)
2019-09-20 05:50:16,463 [9b918566-8d2f-4f38-9ce1-65f5cd084216:group-CDACEDA68A92:LeaderElection492] INFO  server.RaftServerConfigKeys (ConfUtils.java:logGet(43)) - raft.server.rpc.sleep.time = 25ms (default)
2019-09-20 05:50:16,462 [9b918566-8d2f-4f38-9ce1-65f5cd084216-SegmentedRaftLogWorker:Storage Directory /workdir/hadoop-ozone/integration-test/target/test-dir/MiniOzoneClusterImpl-29dd0c8c-da21-41d6-af77-5f0a65600fbb/datanode-0/data/ratis/90892a34-6097-49df-bc8a-2451dd07c4fa] INFO  impl.RoleInfo (RoleInfo.java:shutdownLeaderState(104)) - 9b918566-8d2f-4f38-9ce1-65f5cd084216: shutdown LeaderState
2019-09-20 05:50:16,462 [9b918566-8d2f-4f38-9ce1-65f5cd084216-SegmentedRaftLogWorker:Storage Directory /workdir/hadoop-ozone/integration-test/target/test-dir/MiniOzoneClusterImpl-29dd0c8c-da21-41d6-af77-5f0a65600fbb/datanode-0/data/ratis/bcde6b08-c177-48b6-8f38-eba770ada936] INFO  impl.PendingRequests (PendingRequests.java:sendNotLeaderResponses(202)) - 9b918566-8d2f-4f38-9ce1-65f5cd084216-PendingRequests: sendNotLeaderResponses
2019-09-20 05:50:16,462 [9b918566-8d2f-4f38-9ce1-65f5cd084216-SegmentedRaftLogWorker:Storage Directory /workdir/hadoop-ozone/integration-test/target/test-dir/MiniOzoneClusterImpl-29dd0c8c-da21-41d6-af77-5f0a65600fbb/datanode-0/data/ratis/21943f24-2b99-41ab-af6b-62de59026cf0] INFO  impl.RoleInfo (RoleInfo.java:shutdownLeaderState(104)) - 9b918566-8d2f-4f38-9ce1-65f5cd084216: shutdown LeaderState
2019-09-20 05:50:16,465 [9b918566-8d2f-4f38-9ce1-65f5cd084216-SegmentedRaftLogWorker:Storage Directory /workdir/hadoop-ozone/integration-test/target/test-dir/MiniOzoneClusterImpl-29dd0c8c-da21-41d6-af77-5f0a65600fbb/datanode-0/data/ratis/bcde6b08-c177-48b6-8f38-eba770ada936] INFO  impl.StateMachineUpdater (StateMachineUpdater.java:stopAndJoin(115)) - StateMachineUpdater:9b918566-8d2f-4f38-9ce1-65f5cd084216:group-EBA770ADA936: set stopIndex = -1
2019-09-20 05:50:16,465 [9b918566-8d2f-4f38-9ce1-65f5cd084216-SegmentedRaftLogWorker:Storage Directory /workdir/hadoop-ozone/integration-test/target/test-dir/MiniOzoneClusterImpl-29dd0c8c-da21-41d6-af77-5f0a65600fbb/datanode-0/data/ratis/bcde6b08-c177-48b6-8f38-eba770ada936] INFO  impl.RaftServerImpl (ServerState.java:close(394)) - 9b918566-8d2f-4f38-9ce1-65f5cd084216:group-EBA770ADA936 closes. The last applied log index is -1
2019-09-20 05:50:16,465 [9b918566-8d2f-4f38-9ce1-65f5cd084216-SegmentedRaftLogWorker:Storage Directory /workdir/hadoop-ozone/integration-test/target/test-dir/MiniOzoneClusterImpl-29dd0c8c-da21-41d6-af77-5f0a65600fbb/datanode-0/data/ratis/90892a34-6097-49df-bc8a-2451dd07c4fa] INFO  impl.PendingRequests (PendingRequests.java:sendNotLeaderResponses(202)) - 9b918566-8d2f-4f38-9ce1-65f5cd084216-PendingRequests: sendNotLeaderResponses
2019-09-20 05:50:16,465 [9b918566-8d2f-4f38-9ce1-65f5cd084216:group-CDACEDA68A92:LeaderElection492] INFO  server.RaftServerConfigKeys (ConfUtils.java:logGet(43)) - raft.server.write.element-limit = 4096 (default)
2019-09-20 05:50:16,464 [9b918566-8d2f-4f38-9ce1-65f5cd084216:group-E9BD4F91ED26:LeaderElection491] INFO  server.RaftServerConfigKeys (ConfUtils.java:logGet(43)) - raft.server.watch.timeout.denomination = 1s (default)
2019-09-20 05:50:16,464 [9b918566-8d2f-4f38-9ce1-65f5cd084216-SegmentedRaftLogWorker:Storage Directory /workdir/hadoop-ozone/integration-test/target/test-dir/MiniOzoneClusterImpl-29dd0c8c-da21-41d6-af77-5f0a65600fbb/datanode-0/data/ratis/daa8b7bc-4f16-44c2-b288-d2e3d1bc3c4a] INFO  impl.RoleInfo (RoleInfo.java:shutdownLeaderState(104)) - 9b918566-8d2f-4f38-9ce1-65f5cd084216: shutdown LeaderState
2019-09-20 05:50:16,464 [9b918566-8d2f-4f38-9ce1-65f5cd084216-SegmentedRaftLogWorker:Storage Directory /workdir/hadoop-ozone/integration-test/target/test-dir/MiniOzoneClusterImpl-29dd0c8c-da21-41d6-af77-5f0a65600fbb/datanode-0/data/ratis/3066cb0c-8537-41ff-b321-96622bf2f79b] INFO  impl.PendingRequests (PendingRequests.java:sendNotLeaderResponses(202)) - 9b918566-8d2f-4f38-9ce1-65f5cd084216-PendingRequests: sendNotLeaderResponses
2019-09-20 05:50:16,464 [9b918566-8d2f-4f38-9ce1-65f5cd084216-SegmentedRaftLogWorker:Storage Directory /workdir/hadoop-ozone/integration-test/target/test-dir/MiniOzoneClusterImpl-29dd0c8c-da21-41d6-af77-5f0a65600fbb/datanode-0/data/ratis/afce9a65-b7eb-4d49-9748-ddeee97cade4] INFO  impl.StateMachineUpdater (StateMachineUpdater.java:stopAndJoin(115)) - StateMachineUpdater:9b918566-8d2f-4f38-9ce1-65f5cd084216:group-DDEEE97CADE4: set stopIndex = -1
2019-09-20 05:50:16,466 [9b918566-8d2f-4f38-9ce1-65f5cd084216-SegmentedRaftLogWorker:Storage Directory /workdir/hadoop-ozone/integration-test/target/test-dir/MiniOzoneClusterImpl-29dd0c8c-da21-41d6-af77-5f0a65600fbb/datanode-0/data/ratis/afce9a65-b7eb-4d49-9748-ddeee97cade4] INFO  impl.RaftServerImpl (ServerState.java:close(394)) - 9b918566-8d2f-4f38-9ce1-65f5cd084216:group-DDEEE97CADE4 closes. The last applied log index is -1
2019-09-20 05:50:16,464 [9b918566-8d2f-4f38-9ce1-65f5cd084216-SegmentedRaftLogWorker:Storage Directory /workdir/hadoop-ozone/integration-test/target/test-dir/MiniOzoneClusterImpl-29dd0c8c-da21-41d6-af77-5f0a65600fbb/datanode-0/data/ratis/1b1e116c-2ce8-466a-a41b-c0c96f94f210] INFO  impl.StateMachineUpdater (StateMachineUpdater.java:stopAndJoin(115)) - StateMachineUpdater:9b918566-8d2f-4f38-9ce1-65f5cd084216:group-C0C96F94F210: set stopIndex = -1
2019-09-20 05:50:16,466 [9b918566-8d2f-4f38-9ce1-65f5cd084216-SegmentedRaftLogWorker:Storage Directory /workdir/hadoop-ozone/integration-test/target/test-dir/MiniOzoneClusterImpl-29dd0c8c-da21-41d6-af77-5f0a65600fbb/datanode-0/data/ratis/1b1e116c-2ce8-466a-a41b-c0c96f94f210] INFO  impl.RaftServerImpl (ServerState.java:close(394)) - 9b918566-8d2f-4f38-9ce1-65f5cd084216:group-C0C96F94F210 closes. The last applied log index is -1
2019-09-20 05:50:16,464 [9b918566-8d2f-4f38-9ce1-65f5cd084216-SegmentedRaftLogWorker:Storage Directory /workdir/hadoop-ozone/integration-test/target/test-dir/MiniOzoneClusterImpl-29dd0c8c-da21-41d6-af77-5f0a65600fbb/datanode-0/data/ratis/5d57c510-c5c7-462c-845a-133da12773f6] INFO  impl.RoleInfo (RoleInfo.java:shutdownLeaderState(104)) - 9b918566-8d2f-4f38-9ce1-65f5cd084216: shutdown LeaderState
2019-09-20 05:50:16,466 [9b918566-8d2f-4f38-9ce1-65f5cd084216-SegmentedRaftLogWorker:Storage Directory /workdir/hadoop-ozone/integration-test/target/test-dir/MiniOzoneClusterImpl-29dd0c8c-da21-41d6-af77-5f0a65600fbb/datanode-0/data/ratis/5d57c510-c5c7-462c-845a-133da12773f6] INFO  impl.PendingRequests (PendingRequests.java:sendNotLeaderResponses(202)) - 9b918566-8d2f-4f38-9ce1-65f5cd084216-PendingRequests: sendNotLeaderResponses
2019-09-20 05:50:16,464 [9b918566-8d2f-4f38-9ce1-65f5cd084216-SegmentedRaftLogWorker:Storage Directory /workdir/hadoop-ozone/integration-test/target/test-dir/MiniOzoneClusterImpl-29dd0c8c-da21-41d6-af77-5f0a65600fbb/datanode-0/data/ratis/c5d82524-4a25-4865-b534-17255ec37a1d] INFO  impl.PendingRequests (PendingRequests.java:sendNotLeaderResponses(202)) - 9b918566-8d2f-4f38-9ce1-65f5cd084216-PendingRequests: sendNotLeaderResponses
2019-09-20 05:50:16,464 [pool-57-thread-1] INFO  impl.RoleInfo (RoleInfo.java:updateAndGet(143)) - 9b918566-8d2f-4f38-9ce1-65f5cd084216: start FollowerState
2019-09-20 05:50:16,466 [9b918566-8d2f-4f38-9ce1-65f5cd084216-SegmentedRaftLogWorker:Storage Directory /workdir/hadoop-ozone/integration-test/target/test-dir/MiniOzoneClusterImpl-29dd0c8c-da21-41d6-af77-5f0a65600fbb/datanode-0/data/ratis/c5d82524-4a25-4865-b534-17255ec37a1d] INFO  impl.StateMachineUpdater (StateMachineUpdater.java:stopAndJoin(115)) - StateMachineUpdater:9b918566-8d2f-4f38-9ce1-65f5cd084216:group-17255EC37A1D: set stopIndex = -1
2019-09-20 05:50:16,467 [9b918566-8d2f-4f38-9ce1-65f5cd084216-SegmentedRaftLogWorker:Storage Directory /workdir/hadoop-ozone/integration-test/target/test-dir/MiniOzoneClusterImpl-29dd0c8c-da21-41d6-af77-5f0a65600fbb/datanode-0/data/ratis/c5d82524-4a25-4865-b534-17255ec37a1d] INFO  impl.RaftServerImpl (ServerState.java:close(394)) - 9b918566-8d2f-4f38-9ce1-65f5cd084216:group-17255EC37A1D closes. The last applied log index is -1
2019-09-20 05:50:16,466 [9b918566-8d2f-4f38-9ce1-65f5cd084216-SegmentedRaftLogWorker:Storage Directory /workdir/hadoop-ozone/integration-test/target/test-dir/MiniOzoneClusterImpl-29dd0c8c-da21-41d6-af77-5f0a65600fbb/datanode-0/data/ratis/5d57c510-c5c7-462c-845a-133da12773f6] INFO  impl.StateMachineUpdater (StateMachineUpdater.java:stopAndJoin(115)) - StateMachineUpdater:9b918566-8d2f-4f38-9ce1-65f5cd084216:group-133DA12773F6: set stopIndex = -1
2019-09-20 05:50:16,466 [9b918566-8d2f-4f38-9ce1-65f5cd084216-SegmentedRaftLogWorker:Storage Directory /workdir/hadoop-ozone/integration-test/target/test-dir/MiniOzoneClusterImpl-29dd0c8c-da21-41d6-af77-5f0a65600fbb/datanode-0/data/ratis/1b1e116c-2ce8-466a-a41b-c0c96f94f210] INFO  segmented.SegmentedRaftLogWorker (SegmentedRaftLogWorker.java:close(228)) - 9b918566-8d2f-4f38-9ce1-65f5cd084216-SegmentedRaftLogWorker:Storage Directory /workdir/hadoop-ozone/integration-test/target/test-dir/MiniOzoneClusterImpl-29dd0c8c-da21-41d6-af77-5f0a65600fbb/datanode-0/data/ratis/1b1e116c-2ce8-466a-a41b-c0c96f94f210 close()
2019-09-20 05:50:16,466 [9b918566-8d2f-4f38-9ce1-65f5cd084216-SegmentedRaftLogWorker:Storage Directory /workdir/hadoop-ozone/integration-test/target/test-dir/MiniOzoneClusterImpl-29dd0c8c-da21-41d6-af77-5f0a65600fbb/datanode-0/data/ratis/afce9a65-b7eb-4d49-9748-ddeee97cade4] INFO  segmented.SegmentedRaftLogWorker (SegmentedRaftLogWorker.java:close(228)) - 9b918566-8d2f-4f38-9ce1-65f5cd084216-SegmentedRaftLogWorker:Storage Directory /workdir/hadoop-ozone/integration-test/target/test-dir/MiniOzoneClusterImpl-29dd0c8c-da21-41d6-af77-5f0a65600fbb/datanode-0/data/ratis/afce9a65-b7eb-4d49-9748-ddeee97cade4 close()
2019-09-20 05:50:16,466 [9b918566-8d2f-4f38-9ce1-65f5cd084216-SegmentedRaftLogWorker:Storage Directory /workdir/hadoop-ozone/integration-test/target/test-dir/MiniOzoneClusterImpl-29dd0c8c-da21-41d6-af77-5f0a65600fbb/datanode-0/data/ratis/3066cb0c-8537-41ff-b321-96622bf2f79b] INFO  impl.StateMachineUpdater (StateMachineUpdater.java:stopAndJoin(115)) - StateMachineUpdater:9b918566-8d2f-4f38-9ce1-65f5cd084216:group-96622BF2F79B: set stopIndex = -1
2019-09-20 05:50:16,467 [9b918566-8d2f-4f38-9ce1-65f5cd084216-SegmentedRaftLogWorker:Storage Directory /workdir/hadoop-ozone/integration-test/target/test-dir/MiniOzoneClusterImpl-29dd0c8c-da21-41d6-af77-5f0a65600fbb/datanode-0/data/ratis/3066cb0c-8537-41ff-b321-96622bf2f79b] INFO  impl.RaftServerImpl (ServerState.java:close(394)) - 9b918566-8d2f-4f38-9ce1-65f5cd084216:group-96622BF2F79B closes. The last applied log index is -1
2019-09-20 05:50:16,466 [9b918566-8d2f-4f38-9ce1-65f5cd084216-SegmentedRaftLogWorker:Storage Directory /workdir/hadoop-ozone/integration-test/target/test-dir/MiniOzoneClusterImpl-29dd0c8c-da21-41d6-af77-5f0a65600fbb/datanode-0/data/ratis/daa8b7bc-4f16-44c2-b288-d2e3d1bc3c4a] INFO  impl.PendingRequests (PendingRequests.java:sendNotLeaderResponses(202)) - 9b918566-8d2f-4f38-9ce1-65f5cd084216-PendingRequests: sendNotLeaderResponses
2019-09-20 05:50:16,465 [9b918566-8d2f-4f38-9ce1-65f5cd084216:group-E9BD4F91ED26:LeaderElection491] INFO  server.RaftServerConfigKeys (ConfUtils.java:logGet(43)) - raft.server.watch.element-limit = 65536 (default)
2019-09-20 05:50:16,465 [9b918566-8d2f-4f38-9ce1-65f5cd084216:group-CDACEDA68A92:LeaderElection492] INFO  server.RaftServerConfigKeys (ConfUtils.java:logGet(43)) - raft.server.watch.timeout = 10s (default)
2019-09-20 05:50:16,465 [9b918566-8d2f-4f38-9ce1-65f5cd084216-SegmentedRaftLogWorker:Storage Directory /workdir/hadoop-ozone/integration-test/target/test-dir/MiniOzoneClusterImpl-29dd0c8c-da21-41d6-af77-5f0a65600fbb/datanode-0/data/ratis/90892a34-6097-49df-bc8a-2451dd07c4fa] INFO  impl.StateMachineUpdater (StateMachineUpdater.java:stopAndJoin(115)) - StateMachineUpdater:9b918566-8d2f-4f38-9ce1-65f5cd084216:group-2451DD07C4FA: set stopIndex = -1
2019-09-20 05:50:16,465 [9b918566-8d2f-4f38-9ce1-65f5cd084216-SegmentedRaftLogWorker:Storage Directory /workdir/hadoop-ozone/integration-test/target/test-dir/MiniOzoneClusterImpl-29dd0c8c-da21-41d6-af77-5f0a65600fbb/datanode-0/data/ratis/bcde6b08-c177-48b6-8f38-eba770ada936] INFO  segmented.SegmentedRaftLogWorker (SegmentedRaftLogWorker.java:close(228)) - 9b918566-8d2f-4f38-9ce1-65f5cd084216-SegmentedRaftLogWorker:Storage Directory /workdir/hadoop-ozone/integration-test/target/test-dir/MiniOzoneClusterImpl-29dd0c8c-da21-41d6-af77-5f0a65600fbb/datanode-0/data/ratis/bcde6b08-c177-48b6-8f38-eba770ada936 close()
2019-09-20 05:50:16,465 [9b918566-8d2f-4f38-9ce1-65f5cd084216-SegmentedRaftLogWorker:Storage Directory /workdir/hadoop-ozone/integration-test/target/test-dir/MiniOzoneClusterImpl-29dd0c8c-da21-41d6-af77-5f0a65600fbb/datanode-0/data/ratis/21943f24-2b99-41ab-af6b-62de59026cf0] INFO  impl.PendingRequests (PendingRequests.java:sendNotLeaderResponses(202)) - 9b918566-8d2f-4f38-9ce1-65f5cd084216-PendingRequests: sendNotLeaderResponses
2019-09-20 05:50:16,468 [9b918566-8d2f-4f38-9ce1-65f5cd084216-SegmentedRaftLogWorker:Storage Directory /workdir/hadoop-ozone/integration-test/target/test-dir/MiniOzoneClusterImpl-29dd0c8c-da21-41d6-af77-5f0a65600fbb/datanode-0/data/ratis/21943f24-2b99-41ab-af6b-62de59026cf0] INFO  impl.StateMachineUpdater (StateMachineUpdater.java:stopAndJoin(115)) - StateMachineUpdater:9b918566-8d2f-4f38-9ce1-65f5cd084216:group-62DE59026CF0: set stopIndex = -1
2019-09-20 05:50:16,468 [9b918566-8d2f-4f38-9ce1-65f5cd084216-SegmentedRaftLogWorker:Storage Directory /workdir/hadoop-ozone/integration-test/target/test-dir/MiniOzoneClusterImpl-29dd0c8c-da21-41d6-af77-5f0a65600fbb/datanode-0/data/ratis/21943f24-2b99-41ab-af6b-62de59026cf0] INFO  impl.RaftServerImpl (ServerState.java:close(394)) - 9b918566-8d2f-4f38-9ce1-65f5cd084216:group-62DE59026CF0 closes. The last applied log index is -1
2019-09-20 05:50:16,468 [9b918566-8d2f-4f38-9ce1-65f5cd084216-SegmentedRaftLogWorker:Storage Directory /workdir/hadoop-ozone/integration-test/target/test-dir/MiniOzoneClusterImpl-29dd0c8c-da21-41d6-af77-5f0a65600fbb/datanode-0/data/ratis/90892a34-6097-49df-bc8a-2451dd07c4fa] INFO  impl.RaftServerImpl (ServerState.java:close(394)) - 9b918566-8d2f-4f38-9ce1-65f5cd084216:group-2451DD07C4FA closes. The last applied log index is -1
2019-09-20 05:50:16,467 [9b918566-8d2f-4f38-9ce1-65f5cd084216:group-CDACEDA68A92:LeaderElection492] INFO  server.RaftServerConfigKeys (ConfUtils.java:logGet(43)) - raft.server.watch.timeout.denomination = 1s (default)
2019-09-20 05:50:16,467 [9b918566-8d2f-4f38-9ce1-65f5cd084216:group-E9BD4F91ED26:LeaderElection491] INFO  impl.RoleInfo (RoleInfo.java:updateAndGet(143)) - 9b918566-8d2f-4f38-9ce1-65f5cd084216: start LeaderState
2019-09-20 05:50:16,467 [9b918566-8d2f-4f38-9ce1-65f5cd084216-SegmentedRaftLogWorker:Storage Directory /workdir/hadoop-ozone/integration-test/target/test-dir/MiniOzoneClusterImpl-29dd0c8c-da21-41d6-af77-5f0a65600fbb/datanode-0/data/ratis/daa8b7bc-4f16-44c2-b288-d2e3d1bc3c4a] INFO  impl.StateMachineUpdater (StateMachineUpdater.java:stopAndJoin(115)) - StateMachineUpdater:9b918566-8d2f-4f38-9ce1-65f5cd084216:group-D2E3D1BC3C4A: set stopIndex = -1
2019-09-20 05:50:16,469 [9b918566-8d2f-4f38-9ce1-65f5cd084216-SegmentedRaftLogWorker:Storage Directory /workdir/hadoop-ozone/integration-test/target/test-dir/MiniOzoneClusterImpl-29dd0c8c-da21-41d6-af77-5f0a65600fbb/datanode-0/data/ratis/daa8b7bc-4f16-44c2-b288-d2e3d1bc3c4a] INFO  impl.RaftServerImpl (ServerState.java:close(394)) - 9b918566-8d2f-4f38-9ce1-65f5cd084216:group-D2E3D1BC3C4A closes. The last applied log index is -1
2019-09-20 05:50:16,467 [9b918566-8d2f-4f38-9ce1-65f5cd084216-SegmentedRaftLogWorker:Storage Directory /workdir/hadoop-ozone/integration-test/target/test-dir/MiniOzoneClusterImpl-29dd0c8c-da21-41d6-af77-5f0a65600fbb/datanode-0/data/ratis/3066cb0c-8537-41ff-b321-96622bf2f79b] INFO  segmented.SegmentedRaftLogWorker (SegmentedRaftLogWorker.java:close(228)) - 9b918566-8d2f-4f38-9ce1-65f5cd084216-SegmentedRaftLogWorker:Storage Directory /workdir/hadoop-ozone/integration-test/target/test-dir/MiniOzoneClusterImpl-29dd0c8c-da21-41d6-af77-5f0a65600fbb/datanode-0/data/ratis/3066cb0c-8537-41ff-b321-96622bf2f79b close()
2019-09-20 05:50:16,467 [9b918566-8d2f-4f38-9ce1-65f5cd084216-SegmentedRaftLogWorker:Storage Directory /workdir/hadoop-ozone/integration-test/target/test-dir/MiniOzoneClusterImpl-29dd0c8c-da21-41d6-af77-5f0a65600fbb/datanode-0/data/ratis/5d57c510-c5c7-462c-845a-133da12773f6] INFO  impl.RaftServerImpl (ServerState.java:close(394)) - 9b918566-8d2f-4f38-9ce1-65f5cd084216:group-133DA12773F6 closes. The last applied log index is -1
2019-09-20 05:50:16,467 [9b918566-8d2f-4f38-9ce1-65f5cd084216-SegmentedRaftLogWorker:Storage Directory /workdir/hadoop-ozone/integration-test/target/test-dir/MiniOzoneClusterImpl-29dd0c8c-da21-41d6-af77-5f0a65600fbb/datanode-0/data/ratis/c5d82524-4a25-4865-b534-17255ec37a1d] INFO  segmented.SegmentedRaftLogWorker (SegmentedRaftLogWorker.java:close(228)) - 9b918566-8d2f-4f38-9ce1-65f5cd084216-SegmentedRaftLogWorker:Storage Directory /workdir/hadoop-ozone/integration-test/target/test-dir/MiniOzoneClusterImpl-29dd0c8c-da21-41d6-af77-5f0a65600fbb/datanode-0/data/ratis/c5d82524-4a25-4865-b534-17255ec37a1d close()
2019-09-20 05:50:16,467 [pool-57-thread-1] INFO  util.JmxRegister (JmxRegister.java:tryRegister(44)) - Successfully registered JMX Bean with object name Ratis:service=RaftServer,group=group-A0798ECA86D6,id=9b918566-8d2f-4f38-9ce1-65f5cd084216
2019-09-20 05:50:16,469 [9b918566-8d2f-4f38-9ce1-65f5cd084216-SegmentedRaftLogWorker:Storage Directory /workdir/hadoop-ozone/integration-test/target/test-dir/MiniOzoneClusterImpl-29dd0c8c-da21-41d6-af77-5f0a65600fbb/datanode-0/data/ratis/5d57c510-c5c7-462c-845a-133da12773f6] INFO  segmented.SegmentedRaftLogWorker (SegmentedRaftLogWorker.java:close(228)) - 9b918566-8d2f-4f38-9ce1-65f5cd084216-SegmentedRaftLogWorker:Storage Directory /workdir/hadoop-ozone/integration-test/target/test-dir/MiniOzoneClusterImpl-29dd0c8c-da21-41d6-af77-5f0a65600fbb/datanode-0/data/ratis/5d57c510-c5c7-462c-845a-133da12773f6 close()
2019-09-20 05:50:16,469 [9b918566-8d2f-4f38-9ce1-65f5cd084216-SegmentedRaftLogWorker:Storage Directory /workdir/hadoop-ozone/integration-test/target/test-dir/MiniOzoneClusterImpl-29dd0c8c-da21-41d6-af77-5f0a65600fbb/datanode-0/data/ratis/daa8b7bc-4f16-44c2-b288-d2e3d1bc3c4a] INFO  segmented.SegmentedRaftLogWorker (SegmentedRaftLogWorker.java:close(228)) - 9b918566-8d2f-4f38-9ce1-65f5cd084216-SegmentedRaftLogWorker:Storage Directory /workdir/hadoop-ozone/integration-test/target/test-dir/MiniOzoneClusterImpl-29dd0c8c-da21-41d6-af77-5f0a65600fbb/datanode-0/data/ratis/daa8b7bc-4f16-44c2-b288-d2e3d1bc3c4a close()
2019-09-20 05:50:16,469 [9b918566-8d2f-4f38-9ce1-65f5cd084216:group-E9BD4F91ED26:LeaderElection491] INFO  segmented.SegmentedRaftLogWorker (SegmentedRaftLogWorker.java:startLogSegment(380)) - 9b918566-8d2f-4f38-9ce1-65f5cd084216-SegmentedRaftLogWorker:Storage Directory /workdir/hadoop-ozone/integration-test/target/test-dir/MiniOzoneClusterImpl-29dd0c8c-da21-41d6-af77-5f0a65600fbb/datanode-0/data/ratis/64431419-e1f6-4f1e-98ad-e9bd4f91ed26: Starting segment from index:0
2019-09-20 05:50:16,468 [9b918566-8d2f-4f38-9ce1-65f5cd084216:group-CDACEDA68A92:LeaderElection492] INFO  server.RaftServerConfigKeys (ConfUtils.java:logGet(43)) - raft.server.watch.element-limit = 65536 (default)
2019-09-20 05:50:16,468 [9b918566-8d2f-4f38-9ce1-65f5cd084216-SegmentedRaftLogWorker:Storage Directory /workdir/hadoop-ozone/integration-test/target/test-dir/MiniOzoneClusterImpl-29dd0c8c-da21-41d6-af77-5f0a65600fbb/datanode-0/data/ratis/90892a34-6097-49df-bc8a-2451dd07c4fa] INFO  segmented.SegmentedRaftLogWorker (SegmentedRaftLogWorker.java:close(228)) - 9b918566-8d2f-4f38-9ce1-65f5cd084216-SegmentedRaftLogWorker:Storage Directory /workdir/hadoop-ozone/integration-test/target/test-dir/MiniOzoneClusterImpl-29dd0c8c-da21-41d6-af77-5f0a65600fbb/datanode-0/data/ratis/90892a34-6097-49df-bc8a-2451dd07c4fa close()
2019-09-20 05:50:16,468 [9b918566-8d2f-4f38-9ce1-65f5cd084216-SegmentedRaftLogWorker:Storage Directory /workdir/hadoop-ozone/integration-test/target/test-dir/MiniOzoneClusterImpl-29dd0c8c-da21-41d6-af77-5f0a65600fbb/datanode-0/data/ratis/21943f24-2b99-41ab-af6b-62de59026cf0] INFO  segmented.SegmentedRaftLogWorker (SegmentedRaftLogWorker.java:close(228)) - 9b918566-8d2f-4f38-9ce1-65f5cd084216-SegmentedRaftLogWorker:Storage Directory /workdir/hadoop-ozone/integration-test/target/test-dir/MiniOzoneClusterImpl-29dd0c8c-da21-41d6-af77-5f0a65600fbb/datanode-0/data/ratis/21943f24-2b99-41ab-af6b-62de59026cf0 close()
2019-09-20 05:50:16,668 | INFO  | SCMAudit | user=jenkins1000 | ip=192.168.36.79 | op=SEND_HEARTBEAT {datanodeUUID=9b918566-8d2f-4f38-9ce1-65f5cd084216, command=[]} | ret=SUCCESS |  
2019-09-20 05:50:16,470 [9b918566-8d2f-4f38-9ce1-65f5cd084216:group-E9BD4F91ED26:LeaderElection491] INFO  impl.RaftServerImpl (ServerState.java:setRaftConf(361)) - 9b918566-8d2f-4f38-9ce1-65f5cd084216:group-E9BD4F91ED26 set configuration 0: [9b918566-8d2f-4f38-9ce1-65f5cd084216:192.168.36.79:46843], old=null at 0
2019-09-20 05:50:16,470 [9b918566-8d2f-4f38-9ce1-65f5cd084216:group-CDACEDA68A92:LeaderElection492] INFO  impl.RoleInfo (RoleInfo.java:updateAndGet(143)) - 9b918566-8d2f-4f38-9ce1-65f5cd084216: start LeaderState
2019-09-20 05:50:16,668 [9b918566-8d2f-4f38-9ce1-65f5cd084216:group-CDACEDA68A92:LeaderElection492] INFO  segmented.SegmentedRaftLogWorker (SegmentedRaftLogWorker.java:startLogSegment(380)) - 9b918566-8d2f-4f38-9ce1-65f5cd084216-SegmentedRaftLogWorker:Storage Directory /workdir/hadoop-ozone/integration-test/target/test-dir/MiniOzoneClusterImpl-29dd0c8c-da21-41d6-af77-5f0a65600fbb/datanode-0/data/ratis/4027f584-99c2-4d29-9a88-cdaceda68a92: Starting segment from index:0
2019-09-20 05:50:16,669 [9b918566-8d2f-4f38-9ce1-65f5cd084216:group-CDACEDA68A92:LeaderElection492] INFO  impl.RaftServerImpl (ServerState.java:setRaftConf(361)) - 9b918566-8d2f-4f38-9ce1-65f5cd084216:group-CDACEDA68A92 set configuration 0: [9b918566-8d2f-4f38-9ce1-65f5cd084216:192.168.36.79:46843], old=null at 0
2019-09-20 05:50:16,910 | INFO  | SCMAudit | user=jenkins1000 | ip=192.168.36.79 | op=SEND_HEARTBEAT {datanodeUUID=9b918566-8d2f-4f38-9ce1-65f5cd084216, command=[]} | ret=SUCCESS |  
2019-09-20 05:50:16,923 [9b918566-8d2f-4f38-9ce1-65f5cd084216-SegmentedRaftLogWorker:Storage Directory /workdir/hadoop-ozone/integration-test/target/test-dir/MiniOzoneClusterImpl-29dd0c8c-da21-41d6-af77-5f0a65600fbb/datanode-0/data/ratis/3ae082a1-42e1-4b3a-9127-cdca2e7d92f9] ERROR segmented.SegmentedRaftLogWorker (SegmentedRaftLogWorker.java:run(323)) - 9b918566-8d2f-4f38-9ce1-65f5cd084216-SegmentedRaftLogWorker:Storage Directory /workdir/hadoop-ozone/integration-test/target/test-dir/MiniOzoneClusterImpl-29dd0c8c-da21-41d6-af77-5f0a65600fbb/datanode-0/data/ratis/3ae082a1-42e1-4b3a-9127-cdca2e7d92f9 hit exception
java.lang.OutOfMemoryError: Direct buffer memory
	at java.nio.Bits.reserveMemory(Bits.java:666)
	at java.nio.DirectByteBuffer.<init>(DirectByteBuffer.java:123)
	at java.nio.ByteBuffer.allocateDirect(ByteBuffer.java:311)
	at org.apache.ratis.server.raftlog.segmented.BufferedWriteChannel.<init>(BufferedWriteChannel.java:41)
	at org.apache.ratis.server.raftlog.segmented.SegmentedRaftLogOutputStream.<init>(SegmentedRaftLogOutputStream.java:72)
	at org.apache.ratis.server.raftlog.segmented.SegmentedRaftLogWorker$StartLogSegment.execute(SegmentedRaftLogWorker.java:566)
	at org.apache.ratis.server.raftlog.segmented.SegmentedRaftLogWorker.run(SegmentedRaftLogWorker.java:289)
	at java.lang.Thread.run(Thread.java:748)
2019-09-20 05:50:16,923 [9b918566-8d2f-4f38-9ce1-65f5cd084216-SegmentedRaftLogWorker:Storage Directory /workdir/hadoop-ozone/integration-test/target/test-dir/MiniOzoneClusterImpl-29dd0c8c-da21-41d6-af77-5f0a65600fbb/datanode-0/data/ratis/b9b6c573-267a-4483-abcf-596d48322396] ERROR segmented.SegmentedRaftLogWorker (SegmentedRaftLogWorker.java:run(323)) - 9b918566-8d2f-4f38-9ce1-65f5cd084216-SegmentedRaftLogWorker:Storage Directory /workdir/hadoop-ozone/integration-test/target/test-dir/MiniOzoneClusterImpl-29dd0c8c-da21-41d6-af77-5f0a65600fbb/datanode-0/data/ratis/b9b6c573-267a-4483-abcf-596d48322396 hit exception
java.lang.OutOfMemoryError: Direct buffer memory
	at java.nio.Bits.reserveMemory(Bits.java:666)
	at java.nio.DirectByteBuffer.<init>(DirectByteBuffer.java:123)
	at java.nio.ByteBuffer.allocateDirect(ByteBuffer.java:311)
	at org.apache.ratis.server.raftlog.segmented.BufferedWriteChannel.<init>(BufferedWriteChannel.java:41)
	at org.apache.ratis.server.raftlog.segmented.SegmentedRaftLogOutputStream.<init>(SegmentedRaftLogOutputStream.java:72)
	at org.apache.ratis.server.raftlog.segmented.SegmentedRaftLogWorker$StartLogSegment.execute(SegmentedRaftLogWorker.java:566)
	at org.apache.ratis.server.raftlog.segmented.SegmentedRaftLogWorker.run(SegmentedRaftLogWorker.java:289)
	at java.lang.Thread.run(Thread.java:748)
2019-09-20 05:50:16,923 [9b918566-8d2f-4f38-9ce1-65f5cd084216-SegmentedRaftLogWorker:Storage Directory /workdir/hadoop-ozone/integration-test/target/test-dir/MiniOzoneClusterImpl-29dd0c8c-da21-41d6-af77-5f0a65600fbb/datanode-0/data/ratis/3ae082a1-42e1-4b3a-9127-cdca2e7d92f9] INFO  impl.RaftServerImpl (RaftServerImpl.java:lambda$shutdown$3(245)) - 9b918566-8d2f-4f38-9ce1-65f5cd084216: shutdown group-CDCA2E7D92F9
2019-09-20 05:50:16,924 [9b918566-8d2f-4f38-9ce1-65f5cd084216-SegmentedRaftLogWorker:Storage Directory /workdir/hadoop-ozone/integration-test/target/test-dir/MiniOzoneClusterImpl-29dd0c8c-da21-41d6-af77-5f0a65600fbb/datanode-0/data/ratis/b9b6c573-267a-4483-abcf-596d48322396] INFO  impl.RaftServerImpl (RaftServerImpl.java:lambda$shutdown$3(245)) - 9b918566-8d2f-4f38-9ce1-65f5cd084216: shutdown group-596D48322396
2019-09-20 05:50:16,924 [9b918566-8d2f-4f38-9ce1-65f5cd084216-SegmentedRaftLogWorker:Storage Directory /workdir/hadoop-ozone/integration-test/target/test-dir/MiniOzoneClusterImpl-29dd0c8c-da21-41d6-af77-5f0a65600fbb/datanode-0/data/ratis/3ae082a1-42e1-4b3a-9127-cdca2e7d92f9] INFO  util.JmxRegister (JmxRegister.java:unregister(73)) - Successfully un-registered JMX Bean with object name Ratis:service=RaftServer,group=group-CDCA2E7D92F9,id=9b918566-8d2f-4f38-9ce1-65f5cd084216
2019-09-20 05:50:16,924 [9b918566-8d2f-4f38-9ce1-65f5cd084216-SegmentedRaftLogWorker:Storage Directory /workdir/hadoop-ozone/integration-test/target/test-dir/MiniOzoneClusterImpl-29dd0c8c-da21-41d6-af77-5f0a65600fbb/datanode-0/data/ratis/b9b6c573-267a-4483-abcf-596d48322396] INFO  util.JmxRegister (JmxRegister.java:unregister(73)) - Successfully un-registered JMX Bean with object name Ratis:service=RaftServer,group=group-596D48322396,id=9b918566-8d2f-4f38-9ce1-65f5cd084216
2019-09-20 05:50:16,924 [9b918566-8d2f-4f38-9ce1-65f5cd084216-SegmentedRaftLogWorker:Storage Directory /workdir/hadoop-ozone/integration-test/target/test-dir/MiniOzoneClusterImpl-29dd0c8c-da21-41d6-af77-5f0a65600fbb/datanode-0/data/ratis/3ae082a1-42e1-4b3a-9127-cdca2e7d92f9] INFO  impl.RoleInfo (RoleInfo.java:shutdownLeaderState(104)) - 9b918566-8d2f-4f38-9ce1-65f5cd084216: shutdown LeaderState
2019-09-20 05:50:16,924 [9b918566-8d2f-4f38-9ce1-65f5cd084216-SegmentedRaftLogWorker:Storage Directory /workdir/hadoop-ozone/integration-test/target/test-dir/MiniOzoneClusterImpl-29dd0c8c-da21-41d6-af77-5f0a65600fbb/datanode-0/data/ratis/b9b6c573-267a-4483-abcf-596d48322396] INFO  impl.RoleInfo (RoleInfo.java:shutdownLeaderState(104)) - 9b918566-8d2f-4f38-9ce1-65f5cd084216: shutdown LeaderState
2019-09-20 05:50:16,924 [9b918566-8d2f-4f38-9ce1-65f5cd084216-SegmentedRaftLogWorker:Storage Directory /workdir/hadoop-ozone/integration-test/target/test-dir/MiniOzoneClusterImpl-29dd0c8c-da21-41d6-af77-5f0a65600fbb/datanode-0/data/ratis/3ae082a1-42e1-4b3a-9127-cdca2e7d92f9] INFO  impl.PendingRequests (PendingRequests.java:sendNotLeaderResponses(202)) - 9b918566-8d2f-4f38-9ce1-65f5cd084216-PendingRequests: sendNotLeaderResponses
2019-09-20 05:50:16,924 [9b918566-8d2f-4f38-9ce1-65f5cd084216-SegmentedRaftLogWorker:Storage Directory /workdir/hadoop-ozone/integration-test/target/test-dir/MiniOzoneClusterImpl-29dd0c8c-da21-41d6-af77-5f0a65600fbb/datanode-0/data/ratis/b9b6c573-267a-4483-abcf-596d48322396] INFO  impl.PendingRequests (PendingRequests.java:sendNotLeaderResponses(202)) - 9b918566-8d2f-4f38-9ce1-65f5cd084216-PendingRequests: sendNotLeaderResponses
2019-09-20 05:50:16,924 [9b918566-8d2f-4f38-9ce1-65f5cd084216-SegmentedRaftLogWorker:Storage Directory /workdir/hadoop-ozone/integration-test/target/test-dir/MiniOzoneClusterImpl-29dd0c8c-da21-41d6-af77-5f0a65600fbb/datanode-0/data/ratis/3ae082a1-42e1-4b3a-9127-cdca2e7d92f9] INFO  impl.StateMachineUpdater (StateMachineUpdater.java:stopAndJoin(115)) - StateMachineUpdater:9b918566-8d2f-4f38-9ce1-65f5cd084216:group-CDCA2E7D92F9: set stopIndex = -1
2019-09-20 05:50:16,924 [9b918566-8d2f-4f38-9ce1-65f5cd084216-SegmentedRaftLogWorker:Storage Directory /workdir/hadoop-ozone/integration-test/target/test-dir/MiniOzoneClusterImpl-29dd0c8c-da21-41d6-af77-5f0a65600fbb/datanode-0/data/ratis/3ae082a1-42e1-4b3a-9127-cdca2e7d92f9] INFO  impl.RaftServerImpl (ServerState.java:close(394)) - 9b918566-8d2f-4f38-9ce1-65f5cd084216:group-CDCA2E7D92F9 closes. The last applied log index is -1
2019-09-20 05:50:16,924 [9b918566-8d2f-4f38-9ce1-65f5cd084216-SegmentedRaftLogWorker:Storage Directory /workdir/hadoop-ozone/integration-test/target/test-dir/MiniOzoneClusterImpl-29dd0c8c-da21-41d6-af77-5f0a65600fbb/datanode-0/data/ratis/b9b6c573-267a-4483-abcf-596d48322396] INFO  impl.StateMachineUpdater (StateMachineUpdater.java:stopAndJoin(115)) - StateMachineUpdater:9b918566-8d2f-4f38-9ce1-65f5cd084216:group-596D48322396: set stopIndex = -1
2019-09-20 05:50:16,925 [9b918566-8d2f-4f38-9ce1-65f5cd084216-SegmentedRaftLogWorker:Storage Directory /workdir/hadoop-ozone/integration-test/target/test-dir/MiniOzoneClusterImpl-29dd0c8c-da21-41d6-af77-5f0a65600fbb/datanode-0/data/ratis/3ae082a1-42e1-4b3a-9127-cdca2e7d92f9] INFO  segmented.SegmentedRaftLogWorker (SegmentedRaftLogWorker.java:close(228)) - 9b918566-8d2f-4f38-9ce1-65f5cd084216-SegmentedRaftLogWorker:Storage Directory /workdir/hadoop-ozone/integration-test/target/test-dir/MiniOzoneClusterImpl-29dd0c8c-da21-41d6-af77-5f0a65600fbb/datanode-0/data/ratis/3ae082a1-42e1-4b3a-9127-cdca2e7d92f9 close()
2019-09-20 05:50:16,925 [9b918566-8d2f-4f38-9ce1-65f5cd084216-SegmentedRaftLogWorker:Storage Directory /workdir/hadoop-ozone/integration-test/target/test-dir/MiniOzoneClusterImpl-29dd0c8c-da21-41d6-af77-5f0a65600fbb/datanode-0/data/ratis/b9b6c573-267a-4483-abcf-596d48322396] INFO  impl.RaftServerImpl (ServerState.java:close(394)) - 9b918566-8d2f-4f38-9ce1-65f5cd084216:group-596D48322396 closes. The last applied log index is -1
2019-09-20 05:50:16,925 [9b918566-8d2f-4f38-9ce1-65f5cd084216-SegmentedRaftLogWorker:Storage Directory /workdir/hadoop-ozone/integration-test/target/test-dir/MiniOzoneClusterImpl-29dd0c8c-da21-41d6-af77-5f0a65600fbb/datanode-0/data/ratis/b9b6c573-267a-4483-abcf-596d48322396] INFO  segmented.SegmentedRaftLogWorker (SegmentedRaftLogWorker.java:close(228)) - 9b918566-8d2f-4f38-9ce1-65f5cd084216-SegmentedRaftLogWorker:Storage Directory /workdir/hadoop-ozone/integration-test/target/test-dir/MiniOzoneClusterImpl-29dd0c8c-da21-41d6-af77-5f0a65600fbb/datanode-0/data/ratis/b9b6c573-267a-4483-abcf-596d48322396 close()
2019-09-20 05:50:17,111 | INFO  | SCMAudit | user=jenkins1000 | ip=192.168.36.79 | op=SEND_HEARTBEAT {datanodeUUID=9b918566-8d2f-4f38-9ce1-65f5cd084216, command=[]} | ret=SUCCESS |  
2019-09-20 05:50:17,294 [9b918566-8d2f-4f38-9ce1-65f5cd084216-SegmentedRaftLogWorker:Storage Directory /workdir/hadoop-ozone/integration-test/target/test-dir/MiniOzoneClusterImpl-29dd0c8c-da21-41d6-af77-5f0a65600fbb/datanode-0/data/ratis/4783a625-d12e-41db-98b1-a56c5b637abd] ERROR segmented.SegmentedRaftLogWorker (SegmentedRaftLogWorker.java:run(323)) - 9b918566-8d2f-4f38-9ce1-65f5cd084216-SegmentedRaftLogWorker:Storage Directory /workdir/hadoop-ozone/integration-test/target/test-dir/MiniOzoneClusterImpl-29dd0c8c-da21-41d6-af77-5f0a65600fbb/datanode-0/data/ratis/4783a625-d12e-41db-98b1-a56c5b637abd hit exception
java.lang.OutOfMemoryError: Direct buffer memory
	at java.nio.Bits.reserveMemory(Bits.java:666)
	at java.nio.DirectByteBuffer.<init>(DirectByteBuffer.java:123)
	at java.nio.ByteBuffer.allocateDirect(ByteBuffer.java:311)
	at org.apache.ratis.server.raftlog.segmented.BufferedWriteChannel.<init>(BufferedWriteChannel.java:41)
	at org.apache.ratis.server.raftlog.segmented.SegmentedRaftLogOutputStream.<init>(SegmentedRaftLogOutputStream.java:72)
	at org.apache.ratis.server.raftlog.segmented.SegmentedRaftLogWorker$StartLogSegment.execute(SegmentedRaftLogWorker.java:566)
	at org.apache.ratis.server.raftlog.segmented.SegmentedRaftLogWorker.run(SegmentedRaftLogWorker.java:289)
	at java.lang.Thread.run(Thread.java:748)
2019-09-20 05:50:17,294 [9b918566-8d2f-4f38-9ce1-65f5cd084216-SegmentedRaftLogWorker:Storage Directory /workdir/hadoop-ozone/integration-test/target/test-dir/MiniOzoneClusterImpl-29dd0c8c-da21-41d6-af77-5f0a65600fbb/datanode-0/data/ratis/4783a625-d12e-41db-98b1-a56c5b637abd] INFO  impl.RaftServerImpl (RaftServerImpl.java:lambda$shutdown$3(245)) - 9b918566-8d2f-4f38-9ce1-65f5cd084216: shutdown group-A56C5B637ABD
2019-09-20 05:50:17,295 [9b918566-8d2f-4f38-9ce1-65f5cd084216-SegmentedRaftLogWorker:Storage Directory /workdir/hadoop-ozone/integration-test/target/test-dir/MiniOzoneClusterImpl-29dd0c8c-da21-41d6-af77-5f0a65600fbb/datanode-0/data/ratis/4783a625-d12e-41db-98b1-a56c5b637abd] INFO  util.JmxRegister (JmxRegister.java:unregister(73)) - Successfully un-registered JMX Bean with object name Ratis:service=RaftServer,group=group-A56C5B637ABD,id=9b918566-8d2f-4f38-9ce1-65f5cd084216
2019-09-20 05:50:17,295 [9b918566-8d2f-4f38-9ce1-65f5cd084216-SegmentedRaftLogWorker:Storage Directory /workdir/hadoop-ozone/integration-test/target/test-dir/MiniOzoneClusterImpl-29dd0c8c-da21-41d6-af77-5f0a65600fbb/datanode-0/data/ratis/4783a625-d12e-41db-98b1-a56c5b637abd] INFO  impl.RoleInfo (RoleInfo.java:shutdownLeaderState(104)) - 9b918566-8d2f-4f38-9ce1-65f5cd084216: shutdown LeaderState
2019-09-20 05:50:17,295 [9b918566-8d2f-4f38-9ce1-65f5cd084216-SegmentedRaftLogWorker:Storage Directory /workdir/hadoop-ozone/integration-test/target/test-dir/MiniOzoneClusterImpl-29dd0c8c-da21-41d6-af77-5f0a65600fbb/datanode-0/data/ratis/4783a625-d12e-41db-98b1-a56c5b637abd] INFO  impl.PendingRequests (PendingRequests.java:sendNotLeaderResponses(202)) - 9b918566-8d2f-4f38-9ce1-65f5cd084216-PendingRequests: sendNotLeaderResponses
2019-09-20 05:50:17,295 [9b918566-8d2f-4f38-9ce1-65f5cd084216-SegmentedRaftLogWorker:Storage Directory /workdir/hadoop-ozone/integration-test/target/test-dir/MiniOzoneClusterImpl-29dd0c8c-da21-41d6-af77-5f0a65600fbb/datanode-0/data/ratis/4783a625-d12e-41db-98b1-a56c5b637abd] INFO  impl.StateMachineUpdater (StateMachineUpdater.java:stopAndJoin(115)) - StateMachineUpdater:9b918566-8d2f-4f38-9ce1-65f5cd084216:group-A56C5B637ABD: set stopIndex = -1
2019-09-20 05:50:17,295 [9b918566-8d2f-4f38-9ce1-65f5cd084216-SegmentedRaftLogWorker:Storage Directory /workdir/hadoop-ozone/integration-test/target/test-dir/MiniOzoneClusterImpl-29dd0c8c-da21-41d6-af77-5f0a65600fbb/datanode-0/data/ratis/4783a625-d12e-41db-98b1-a56c5b637abd] INFO  impl.RaftServerImpl (ServerState.java:close(394)) - 9b918566-8d2f-4f38-9ce1-65f5cd084216:group-A56C5B637ABD closes. The last applied log index is -1
2019-09-20 05:50:17,295 [9b918566-8d2f-4f38-9ce1-65f5cd084216-SegmentedRaftLogWorker:Storage Directory /workdir/hadoop-ozone/integration-test/target/test-dir/MiniOzoneClusterImpl-29dd0c8c-da21-41d6-af77-5f0a65600fbb/datanode-0/data/ratis/4783a625-d12e-41db-98b1-a56c5b637abd] INFO  segmented.SegmentedRaftLogWorker (SegmentedRaftLogWorker.java:close(228)) - 9b918566-8d2f-4f38-9ce1-65f5cd084216-SegmentedRaftLogWorker:Storage Directory /workdir/hadoop-ozone/integration-test/target/test-dir/MiniOzoneClusterImpl-29dd0c8c-da21-41d6-af77-5f0a65600fbb/datanode-0/data/ratis/4783a625-d12e-41db-98b1-a56c5b637abd close()
2019-09-20 05:50:17,311 | INFO  | SCMAudit | user=jenkins1000 | ip=192.168.36.79 | op=SEND_HEARTBEAT {datanodeUUID=9b918566-8d2f-4f38-9ce1-65f5cd084216, command=[]} | ret=SUCCESS |  
2019-09-20 05:50:17,358 [9b918566-8d2f-4f38-9ce1-65f5cd084216-SegmentedRaftLogWorker:Storage Directory /workdir/hadoop-ozone/integration-test/target/test-dir/MiniOzoneClusterImpl-29dd0c8c-da21-41d6-af77-5f0a65600fbb/datanode-0/data/ratis/66a64cf4-0e13-40f0-8a50-fb2acb3823b3] ERROR segmented.SegmentedRaftLogWorker (SegmentedRaftLogWorker.java:run(323)) - 9b918566-8d2f-4f38-9ce1-65f5cd084216-SegmentedRaftLogWorker:Storage Directory /workdir/hadoop-ozone/integration-test/target/test-dir/MiniOzoneClusterImpl-29dd0c8c-da21-41d6-af77-5f0a65600fbb/datanode-0/data/ratis/66a64cf4-0e13-40f0-8a50-fb2acb3823b3 hit exception
java.lang.OutOfMemoryError: Direct buffer memory
	at java.nio.Bits.reserveMemory(Bits.java:666)
	at java.nio.DirectByteBuffer.<init>(DirectByteBuffer.java:123)
	at java.nio.ByteBuffer.allocateDirect(ByteBuffer.java:311)
	at org.apache.ratis.server.raftlog.segmented.BufferedWriteChannel.<init>(BufferedWriteChannel.java:41)
	at org.apache.ratis.server.raftlog.segmented.SegmentedRaftLogOutputStream.<init>(SegmentedRaftLogOutputStream.java:72)
	at org.apache.ratis.server.raftlog.segmented.SegmentedRaftLogWorker$StartLogSegment.execute(SegmentedRaftLogWorker.java:566)
	at org.apache.ratis.server.raftlog.segmented.SegmentedRaftLogWorker.run(SegmentedRaftLogWorker.java:289)
	at java.lang.Thread.run(Thread.java:748)
2019-09-20 05:50:17,358 [9b918566-8d2f-4f38-9ce1-65f5cd084216-SegmentedRaftLogWorker:Storage Directory /workdir/hadoop-ozone/integration-test/target/test-dir/MiniOzoneClusterImpl-29dd0c8c-da21-41d6-af77-5f0a65600fbb/datanode-0/data/ratis/66a64cf4-0e13-40f0-8a50-fb2acb3823b3] INFO  impl.RaftServerImpl (RaftServerImpl.java:lambda$shutdown$3(245)) - 9b918566-8d2f-4f38-9ce1-65f5cd084216: shutdown group-FB2ACB3823B3
2019-09-20 05:50:17,358 [9b918566-8d2f-4f38-9ce1-65f5cd084216-SegmentedRaftLogWorker:Storage Directory /workdir/hadoop-ozone/integration-test/target/test-dir/MiniOzoneClusterImpl-29dd0c8c-da21-41d6-af77-5f0a65600fbb/datanode-0/data/ratis/85131a2a-0d28-4176-8c19-2515d093169f] ERROR segmented.SegmentedRaftLogWorker (SegmentedRaftLogWorker.java:run(323)) - 9b918566-8d2f-4f38-9ce1-65f5cd084216-SegmentedRaftLogWorker:Storage Directory /workdir/hadoop-ozone/integration-test/target/test-dir/MiniOzoneClusterImpl-29dd0c8c-da21-41d6-af77-5f0a65600fbb/datanode-0/data/ratis/85131a2a-0d28-4176-8c19-2515d093169f hit exception
java.lang.OutOfMemoryError: Direct buffer memory
	at java.nio.Bits.reserveMemory(Bits.java:666)
	at java.nio.DirectByteBuffer.<init>(DirectByteBuffer.java:123)
	at java.nio.ByteBuffer.allocateDirect(ByteBuffer.java:311)
	at org.apache.ratis.server.raftlog.segmented.BufferedWriteChannel.<init>(BufferedWriteChannel.java:41)
	at org.apache.ratis.server.raftlog.segmented.SegmentedRaftLogOutputStream.<init>(SegmentedRaftLogOutputStream.java:72)
	at org.apache.ratis.server.raftlog.segmented.SegmentedRaftLogWorker$StartLogSegment.execute(SegmentedRaftLogWorker.java:566)
	at org.apache.ratis.server.raftlog.segmented.SegmentedRaftLogWorker.run(SegmentedRaftLogWorker.java:289)
	at java.lang.Thread.run(Thread.java:748)
2019-09-20 05:50:17,358 [9b918566-8d2f-4f38-9ce1-65f5cd084216-SegmentedRaftLogWorker:Storage Directory /workdir/hadoop-ozone/integration-test/target/test-dir/MiniOzoneClusterImpl-29dd0c8c-da21-41d6-af77-5f0a65600fbb/datanode-0/data/ratis/66a64cf4-0e13-40f0-8a50-fb2acb3823b3] INFO  util.JmxRegister (JmxRegister.java:unregister(73)) - Successfully un-registered JMX Bean with object name Ratis:service=RaftServer,group=group-FB2ACB3823B3,id=9b918566-8d2f-4f38-9ce1-65f5cd084216
2019-09-20 05:50:17,359 [9b918566-8d2f-4f38-9ce1-65f5cd084216-SegmentedRaftLogWorker:Storage Directory /workdir/hadoop-ozone/integration-test/target/test-dir/MiniOzoneClusterImpl-29dd0c8c-da21-41d6-af77-5f0a65600fbb/datanode-0/data/ratis/85131a2a-0d28-4176-8c19-2515d093169f] INFO  impl.RaftServerImpl (RaftServerImpl.java:lambda$shutdown$3(245)) - 9b918566-8d2f-4f38-9ce1-65f5cd084216: shutdown group-2515D093169F
2019-09-20 05:50:17,359 [9b918566-8d2f-4f38-9ce1-65f5cd084216-SegmentedRaftLogWorker:Storage Directory /workdir/hadoop-ozone/integration-test/target/test-dir/MiniOzoneClusterImpl-29dd0c8c-da21-41d6-af77-5f0a65600fbb/datanode-0/data/ratis/66a64cf4-0e13-40f0-8a50-fb2acb3823b3] INFO  impl.RoleInfo (RoleInfo.java:shutdownLeaderState(104)) - 9b918566-8d2f-4f38-9ce1-65f5cd084216: shutdown LeaderState
2019-09-20 05:50:17,359 [9b918566-8d2f-4f38-9ce1-65f5cd084216-SegmentedRaftLogWorker:Storage Directory /workdir/hadoop-ozone/integration-test/target/test-dir/MiniOzoneClusterImpl-29dd0c8c-da21-41d6-af77-5f0a65600fbb/datanode-0/data/ratis/85131a2a-0d28-4176-8c19-2515d093169f] INFO  util.JmxRegister (JmxRegister.java:unregister(73)) - Successfully un-registered JMX Bean with object name Ratis:service=RaftServer,group=group-2515D093169F,id=9b918566-8d2f-4f38-9ce1-65f5cd084216
2019-09-20 05:50:17,359 [9b918566-8d2f-4f38-9ce1-65f5cd084216-SegmentedRaftLogWorker:Storage Directory /workdir/hadoop-ozone/integration-test/target/test-dir/MiniOzoneClusterImpl-29dd0c8c-da21-41d6-af77-5f0a65600fbb/datanode-0/data/ratis/66a64cf4-0e13-40f0-8a50-fb2acb3823b3] INFO  impl.PendingRequests (PendingRequests.java:sendNotLeaderResponses(202)) - 9b918566-8d2f-4f38-9ce1-65f5cd084216-PendingRequests: sendNotLeaderResponses
2019-09-20 05:50:17,359 [9b918566-8d2f-4f38-9ce1-65f5cd084216-SegmentedRaftLogWorker:Storage Directory /workdir/hadoop-ozone/integration-test/target/test-dir/MiniOzoneClusterImpl-29dd0c8c-da21-41d6-af77-5f0a65600fbb/datanode-0/data/ratis/85131a2a-0d28-4176-8c19-2515d093169f] INFO  impl.RoleInfo (RoleInfo.java:shutdownLeaderState(104)) - 9b918566-8d2f-4f38-9ce1-65f5cd084216: shutdown LeaderState
2019-09-20 05:50:17,359 [9b918566-8d2f-4f38-9ce1-65f5cd084216-SegmentedRaftLogWorker:Storage Directory /workdir/hadoop-ozone/integration-test/target/test-dir/MiniOzoneClusterImpl-29dd0c8c-da21-41d6-af77-5f0a65600fbb/datanode-0/data/ratis/66a64cf4-0e13-40f0-8a50-fb2acb3823b3] INFO  impl.StateMachineUpdater (StateMachineUpdater.java:stopAndJoin(115)) - StateMachineUpdater:9b918566-8d2f-4f38-9ce1-65f5cd084216:group-FB2ACB3823B3: set stopIndex = -1
2019-09-20 05:50:17,359 [9b918566-8d2f-4f38-9ce1-65f5cd084216-SegmentedRaftLogWorker:Storage Directory /workdir/hadoop-ozone/integration-test/target/test-dir/MiniOzoneClusterImpl-29dd0c8c-da21-41d6-af77-5f0a65600fbb/datanode-0/data/ratis/85131a2a-0d28-4176-8c19-2515d093169f] INFO  impl.PendingRequests (PendingRequests.java:sendNotLeaderResponses(202)) - 9b918566-8d2f-4f38-9ce1-65f5cd084216-PendingRequests: sendNotLeaderResponses
2019-09-20 05:50:17,359 [9b918566-8d2f-4f38-9ce1-65f5cd084216-SegmentedRaftLogWorker:Storage Directory /workdir/hadoop-ozone/integration-test/target/test-dir/MiniOzoneClusterImpl-29dd0c8c-da21-41d6-af77-5f0a65600fbb/datanode-0/data/ratis/66a64cf4-0e13-40f0-8a50-fb2acb3823b3] INFO  impl.RaftServerImpl (ServerState.java:close(394)) - 9b918566-8d2f-4f38-9ce1-65f5cd084216:group-FB2ACB3823B3 closes. The last applied log index is -1
2019-09-20 05:50:17,359 [9b918566-8d2f-4f38-9ce1-65f5cd084216-SegmentedRaftLogWorker:Storage Directory /workdir/hadoop-ozone/integration-test/target/test-dir/MiniOzoneClusterImpl-29dd0c8c-da21-41d6-af77-5f0a65600fbb/datanode-0/data/ratis/85131a2a-0d28-4176-8c19-2515d093169f] INFO  impl.StateMachineUpdater (StateMachineUpdater.java:stopAndJoin(115)) - StateMachineUpdater:9b918566-8d2f-4f38-9ce1-65f5cd084216:group-2515D093169F: set stopIndex = -1
2019-09-20 05:50:17,359 [9b918566-8d2f-4f38-9ce1-65f5cd084216-SegmentedRaftLogWorker:Storage Directory /workdir/hadoop-ozone/integration-test/target/test-dir/MiniOzoneClusterImpl-29dd0c8c-da21-41d6-af77-5f0a65600fbb/datanode-0/data/ratis/66a64cf4-0e13-40f0-8a50-fb2acb3823b3] INFO  segmented.SegmentedRaftLogWorker (SegmentedRaftLogWorker.java:close(228)) - 9b918566-8d2f-4f38-9ce1-65f5cd084216-SegmentedRaftLogWorker:Storage Directory /workdir/hadoop-ozone/integration-test/target/test-dir/MiniOzoneClusterImpl-29dd0c8c-da21-41d6-af77-5f0a65600fbb/datanode-0/data/ratis/66a64cf4-0e13-40f0-8a50-fb2acb3823b3 close()
2019-09-20 05:50:17,360 [9b918566-8d2f-4f38-9ce1-65f5cd084216-SegmentedRaftLogWorker:Storage Directory /workdir/hadoop-ozone/integration-test/target/test-dir/MiniOzoneClusterImpl-29dd0c8c-da21-41d6-af77-5f0a65600fbb/datanode-0/data/ratis/85131a2a-0d28-4176-8c19-2515d093169f] INFO  impl.RaftServerImpl (ServerState.java:close(394)) - 9b918566-8d2f-4f38-9ce1-65f5cd084216:group-2515D093169F closes. The last applied log index is -1
2019-09-20 05:50:17,360 [9b918566-8d2f-4f38-9ce1-65f5cd084216-SegmentedRaftLogWorker:Storage Directory /workdir/hadoop-ozone/integration-test/target/test-dir/MiniOzoneClusterImpl-29dd0c8c-da21-41d6-af77-5f0a65600fbb/datanode-0/data/ratis/85131a2a-0d28-4176-8c19-2515d093169f] INFO  segmented.SegmentedRaftLogWorker (SegmentedRaftLogWorker.java:close(228)) - 9b918566-8d2f-4f38-9ce1-65f5cd084216-SegmentedRaftLogWorker:Storage Directory /workdir/hadoop-ozone/integration-test/target/test-dir/MiniOzoneClusterImpl-29dd0c8c-da21-41d6-af77-5f0a65600fbb/datanode-0/data/ratis/85131a2a-0d28-4176-8c19-2515d093169f close()
2019-09-20 05:50:17,390 [9b918566-8d2f-4f38-9ce1-65f5cd084216-SegmentedRaftLogWorker:Storage Directory /workdir/hadoop-ozone/integration-test/target/test-dir/MiniOzoneClusterImpl-29dd0c8c-da21-41d6-af77-5f0a65600fbb/datanode-0/data/ratis/f68fc840-afc2-4cd9-a5dc-1a7e6ec3bb63] ERROR segmented.SegmentedRaftLogWorker (SegmentedRaftLogWorker.java:run(323)) - 9b918566-8d2f-4f38-9ce1-65f5cd084216-SegmentedRaftLogWorker:Storage Directory /workdir/hadoop-ozone/integration-test/target/test-dir/MiniOzoneClusterImpl-29dd0c8c-da21-41d6-af77-5f0a65600fbb/datanode-0/data/ratis/f68fc840-afc2-4cd9-a5dc-1a7e6ec3bb63 hit exception
java.lang.OutOfMemoryError: Direct buffer memory
	at java.nio.Bits.reserveMemory(Bits.java:666)
	at java.nio.DirectByteBuffer.<init>(DirectByteBuffer.java:123)
	at java.nio.ByteBuffer.allocateDirect(ByteBuffer.java:311)
	at org.apache.ratis.server.raftlog.segmented.BufferedWriteChannel.<init>(BufferedWriteChannel.java:41)
	at org.apache.ratis.server.raftlog.segmented.SegmentedRaftLogOutputStream.<init>(SegmentedRaftLogOutputStream.java:72)
	at org.apache.ratis.server.raftlog.segmented.SegmentedRaftLogWorker$StartLogSegment.execute(SegmentedRaftLogWorker.java:566)
	at org.apache.ratis.server.raftlog.segmented.SegmentedRaftLogWorker.run(SegmentedRaftLogWorker.java:289)
	at java.lang.Thread.run(Thread.java:748)
2019-09-20 05:50:17,390 [9b918566-8d2f-4f38-9ce1-65f5cd084216-SegmentedRaftLogWorker:Storage Directory /workdir/hadoop-ozone/integration-test/target/test-dir/MiniOzoneClusterImpl-29dd0c8c-da21-41d6-af77-5f0a65600fbb/datanode-0/data/ratis/c289f90e-05f7-4e54-9ad5-8d5f95202cda] ERROR segmented.SegmentedRaftLogWorker (SegmentedRaftLogWorker.java:run(323)) - 9b918566-8d2f-4f38-9ce1-65f5cd084216-SegmentedRaftLogWorker:Storage Directory /workdir/hadoop-ozone/integration-test/target/test-dir/MiniOzoneClusterImpl-29dd0c8c-da21-41d6-af77-5f0a65600fbb/datanode-0/data/ratis/c289f90e-05f7-4e54-9ad5-8d5f95202cda hit exception
java.lang.OutOfMemoryError: Direct buffer memory
	at java.nio.Bits.reserveMemory(Bits.java:666)
	at java.nio.DirectByteBuffer.<init>(DirectByteBuffer.java:123)
	at java.nio.ByteBuffer.allocateDirect(ByteBuffer.java:311)
	at org.apache.ratis.server.raftlog.segmented.BufferedWriteChannel.<init>(BufferedWriteChannel.java:41)
	at org.apache.ratis.server.raftlog.segmented.SegmentedRaftLogOutputStream.<init>(SegmentedRaftLogOutputStream.java:72)
	at org.apache.ratis.server.raftlog.segmented.SegmentedRaftLogWorker$StartLogSegment.execute(SegmentedRaftLogWorker.java:566)
	at org.apache.ratis.server.raftlog.segmented.SegmentedRaftLogWorker.run(SegmentedRaftLogWorker.java:289)
	at java.lang.Thread.run(Thread.java:748)
2019-09-20 05:50:17,391 [9b918566-8d2f-4f38-9ce1-65f5cd084216-SegmentedRaftLogWorker:Storage Directory /workdir/hadoop-ozone/integration-test/target/test-dir/MiniOzoneClusterImpl-29dd0c8c-da21-41d6-af77-5f0a65600fbb/datanode-0/data/ratis/c289f90e-05f7-4e54-9ad5-8d5f95202cda] INFO  impl.RaftServerImpl (RaftServerImpl.java:lambda$shutdown$3(245)) - 9b918566-8d2f-4f38-9ce1-65f5cd084216: shutdown group-8D5F95202CDA
2019-09-20 05:50:17,390 [9b918566-8d2f-4f38-9ce1-65f5cd084216-SegmentedRaftLogWorker:Storage Directory /workdir/hadoop-ozone/integration-test/target/test-dir/MiniOzoneClusterImpl-29dd0c8c-da21-41d6-af77-5f0a65600fbb/datanode-0/data/ratis/f68fc840-afc2-4cd9-a5dc-1a7e6ec3bb63] INFO  impl.RaftServerImpl (RaftServerImpl.java:lambda$shutdown$3(245)) - 9b918566-8d2f-4f38-9ce1-65f5cd084216: shutdown group-1A7E6EC3BB63
2019-09-20 05:50:17,391 [9b918566-8d2f-4f38-9ce1-65f5cd084216-SegmentedRaftLogWorker:Storage Directory /workdir/hadoop-ozone/integration-test/target/test-dir/MiniOzoneClusterImpl-29dd0c8c-da21-41d6-af77-5f0a65600fbb/datanode-0/data/ratis/c289f90e-05f7-4e54-9ad5-8d5f95202cda] INFO  util.JmxRegister (JmxRegister.java:unregister(73)) - Successfully un-registered JMX Bean with object name Ratis:service=RaftServer,group=group-8D5F95202CDA,id=9b918566-8d2f-4f38-9ce1-65f5cd084216
2019-09-20 05:50:17,391 [9b918566-8d2f-4f38-9ce1-65f5cd084216-SegmentedRaftLogWorker:Storage Directory /workdir/hadoop-ozone/integration-test/target/test-dir/MiniOzoneClusterImpl-29dd0c8c-da21-41d6-af77-5f0a65600fbb/datanode-0/data/ratis/f68fc840-afc2-4cd9-a5dc-1a7e6ec3bb63] INFO  util.JmxRegister (JmxRegister.java:unregister(73)) - Successfully un-registered JMX Bean with object name Ratis:service=RaftServer,group=group-1A7E6EC3BB63,id=9b918566-8d2f-4f38-9ce1-65f5cd084216
2019-09-20 05:50:17,391 [9b918566-8d2f-4f38-9ce1-65f5cd084216-SegmentedRaftLogWorker:Storage Directory /workdir/hadoop-ozone/integration-test/target/test-dir/MiniOzoneClusterImpl-29dd0c8c-da21-41d6-af77-5f0a65600fbb/datanode-0/data/ratis/c289f90e-05f7-4e54-9ad5-8d5f95202cda] INFO  impl.RoleInfo (RoleInfo.java:shutdownLeaderState(104)) - 9b918566-8d2f-4f38-9ce1-65f5cd084216: shutdown LeaderState
2019-09-20 05:50:17,391 [9b918566-8d2f-4f38-9ce1-65f5cd084216-SegmentedRaftLogWorker:Storage Directory /workdir/hadoop-ozone/integration-test/target/test-dir/MiniOzoneClusterImpl-29dd0c8c-da21-41d6-af77-5f0a65600fbb/datanode-0/data/ratis/f68fc840-afc2-4cd9-a5dc-1a7e6ec3bb63] INFO  impl.RoleInfo (RoleInfo.java:shutdownLeaderState(104)) - 9b918566-8d2f-4f38-9ce1-65f5cd084216: shutdown LeaderState
2019-09-20 05:50:17,391 [9b918566-8d2f-4f38-9ce1-65f5cd084216-SegmentedRaftLogWorker:Storage Directory /workdir/hadoop-ozone/integration-test/target/test-dir/MiniOzoneClusterImpl-29dd0c8c-da21-41d6-af77-5f0a65600fbb/datanode-0/data/ratis/c289f90e-05f7-4e54-9ad5-8d5f95202cda] INFO  impl.PendingRequests (PendingRequests.java:sendNotLeaderResponses(202)) - 9b918566-8d2f-4f38-9ce1-65f5cd084216-PendingRequests: sendNotLeaderResponses
2019-09-20 05:50:17,391 [9b918566-8d2f-4f38-9ce1-65f5cd084216-SegmentedRaftLogWorker:Storage Directory /workdir/hadoop-ozone/integration-test/target/test-dir/MiniOzoneClusterImpl-29dd0c8c-da21-41d6-af77-5f0a65600fbb/datanode-0/data/ratis/f68fc840-afc2-4cd9-a5dc-1a7e6ec3bb63] INFO  impl.PendingRequests (PendingRequests.java:sendNotLeaderResponses(202)) - 9b918566-8d2f-4f38-9ce1-65f5cd084216-PendingRequests: sendNotLeaderResponses
2019-09-20 05:50:17,391 [9b918566-8d2f-4f38-9ce1-65f5cd084216-SegmentedRaftLogWorker:Storage Directory /workdir/hadoop-ozone/integration-test/target/test-dir/MiniOzoneClusterImpl-29dd0c8c-da21-41d6-af77-5f0a65600fbb/datanode-0/data/ratis/c289f90e-05f7-4e54-9ad5-8d5f95202cda] INFO  impl.StateMachineUpdater (StateMachineUpdater.java:stopAndJoin(115)) - StateMachineUpdater:9b918566-8d2f-4f38-9ce1-65f5cd084216:group-8D5F95202CDA: set stopIndex = -1
2019-09-20 05:50:17,391 [9b918566-8d2f-4f38-9ce1-65f5cd084216-SegmentedRaftLogWorker:Storage Directory /workdir/hadoop-ozone/integration-test/target/test-dir/MiniOzoneClusterImpl-29dd0c8c-da21-41d6-af77-5f0a65600fbb/datanode-0/data/ratis/c289f90e-05f7-4e54-9ad5-8d5f95202cda] INFO  impl.RaftServerImpl (ServerState.java:close(394)) - 9b918566-8d2f-4f38-9ce1-65f5cd084216:group-8D5F95202CDA closes. The last applied log index is -1
2019-09-20 05:50:17,391 [9b918566-8d2f-4f38-9ce1-65f5cd084216-SegmentedRaftLogWorker:Storage Directory /workdir/hadoop-ozone/integration-test/target/test-dir/MiniOzoneClusterImpl-29dd0c8c-da21-41d6-af77-5f0a65600fbb/datanode-0/data/ratis/f68fc840-afc2-4cd9-a5dc-1a7e6ec3bb63] INFO  impl.StateMachineUpdater (StateMachineUpdater.java:stopAndJoin(115)) - StateMachineUpdater:9b918566-8d2f-4f38-9ce1-65f5cd084216:group-1A7E6EC3BB63: set stopIndex = -1
2019-09-20 05:50:17,391 [9b918566-8d2f-4f38-9ce1-65f5cd084216-SegmentedRaftLogWorker:Storage Directory /workdir/hadoop-ozone/integration-test/target/test-dir/MiniOzoneClusterImpl-29dd0c8c-da21-41d6-af77-5f0a65600fbb/datanode-0/data/ratis/c289f90e-05f7-4e54-9ad5-8d5f95202cda] INFO  segmented.SegmentedRaftLogWorker (SegmentedRaftLogWorker.java:close(228)) - 9b918566-8d2f-4f38-9ce1-65f5cd084216-SegmentedRaftLogWorker:Storage Directory /workdir/hadoop-ozone/integration-test/target/test-dir/MiniOzoneClusterImpl-29dd0c8c-da21-41d6-af77-5f0a65600fbb/datanode-0/data/ratis/c289f90e-05f7-4e54-9ad5-8d5f95202cda close()
2019-09-20 05:50:17,391 [9b918566-8d2f-4f38-9ce1-65f5cd084216-SegmentedRaftLogWorker:Storage Directory /workdir/hadoop-ozone/integration-test/target/test-dir/MiniOzoneClusterImpl-29dd0c8c-da21-41d6-af77-5f0a65600fbb/datanode-0/data/ratis/f68fc840-afc2-4cd9-a5dc-1a7e6ec3bb63] INFO  impl.RaftServerImpl (ServerState.java:close(394)) - 9b918566-8d2f-4f38-9ce1-65f5cd084216:group-1A7E6EC3BB63 closes. The last applied log index is -1
2019-09-20 05:50:17,392 [9b918566-8d2f-4f38-9ce1-65f5cd084216-SegmentedRaftLogWorker:Storage Directory /workdir/hadoop-ozone/integration-test/target/test-dir/MiniOzoneClusterImpl-29dd0c8c-da21-41d6-af77-5f0a65600fbb/datanode-0/data/ratis/f68fc840-afc2-4cd9-a5dc-1a7e6ec3bb63] INFO  segmented.SegmentedRaftLogWorker (SegmentedRaftLogWorker.java:close(228)) - 9b918566-8d2f-4f38-9ce1-65f5cd084216-SegmentedRaftLogWorker:Storage Directory /workdir/hadoop-ozone/integration-test/target/test-dir/MiniOzoneClusterImpl-29dd0c8c-da21-41d6-af77-5f0a65600fbb/datanode-0/data/ratis/f68fc840-afc2-4cd9-a5dc-1a7e6ec3bb63 close()
2019-09-20 05:50:17,419 [9b918566-8d2f-4f38-9ce1-65f5cd084216-SegmentedRaftLogWorker:Storage Directory /workdir/hadoop-ozone/integration-test/target/test-dir/MiniOzoneClusterImpl-29dd0c8c-da21-41d6-af77-5f0a65600fbb/datanode-0/data/ratis/64431419-e1f6-4f1e-98ad-e9bd4f91ed26] ERROR segmented.SegmentedRaftLogWorker (SegmentedRaftLogWorker.java:run(323)) - 9b918566-8d2f-4f38-9ce1-65f5cd084216-SegmentedRaftLogWorker:Storage Directory /workdir/hadoop-ozone/integration-test/target/test-dir/MiniOzoneClusterImpl-29dd0c8c-da21-41d6-af77-5f0a65600fbb/datanode-0/data/ratis/64431419-e1f6-4f1e-98ad-e9bd4f91ed26 hit exception
java.lang.OutOfMemoryError: Direct buffer memory
	at java.nio.Bits.reserveMemory(Bits.java:666)
	at java.nio.DirectByteBuffer.<init>(DirectByteBuffer.java:123)
	at java.nio.ByteBuffer.allocateDirect(ByteBuffer.java:311)
	at org.apache.ratis.server.raftlog.segmented.BufferedWriteChannel.<init>(BufferedWriteChannel.java:41)
	at org.apache.ratis.server.raftlog.segmented.SegmentedRaftLogOutputStream.<init>(SegmentedRaftLogOutputStream.java:72)
	at org.apache.ratis.server.raftlog.segmented.SegmentedRaftLogWorker$StartLogSegment.execute(SegmentedRaftLogWorker.java:566)
	at org.apache.ratis.server.raftlog.segmented.SegmentedRaftLogWorker.run(SegmentedRaftLogWorker.java:289)
	at java.lang.Thread.run(Thread.java:748)
2019-09-20 05:50:17,419 [9b918566-8d2f-4f38-9ce1-65f5cd084216-SegmentedRaftLogWorker:Storage Directory /workdir/hadoop-ozone/integration-test/target/test-dir/MiniOzoneClusterImpl-29dd0c8c-da21-41d6-af77-5f0a65600fbb/datanode-0/data/ratis/64431419-e1f6-4f1e-98ad-e9bd4f91ed26] INFO  impl.RaftServerImpl (RaftServerImpl.java:lambda$shutdown$3(245)) - 9b918566-8d2f-4f38-9ce1-65f5cd084216: shutdown group-E9BD4F91ED26
2019-09-20 05:50:17,419 [9b918566-8d2f-4f38-9ce1-65f5cd084216-SegmentedRaftLogWorker:Storage Directory /workdir/hadoop-ozone/integration-test/target/test-dir/MiniOzoneClusterImpl-29dd0c8c-da21-41d6-af77-5f0a65600fbb/datanode-0/data/ratis/64431419-e1f6-4f1e-98ad-e9bd4f91ed26] INFO  util.JmxRegister (JmxRegister.java:unregister(73)) - Successfully un-registered JMX Bean with object name Ratis:service=RaftServer,group=group-E9BD4F91ED26,id=9b918566-8d2f-4f38-9ce1-65f5cd084216
2019-09-20 05:50:17,419 [9b918566-8d2f-4f38-9ce1-65f5cd084216-SegmentedRaftLogWorker:Storage Directory /workdir/hadoop-ozone/integration-test/target/test-dir/MiniOzoneClusterImpl-29dd0c8c-da21-41d6-af77-5f0a65600fbb/datanode-0/data/ratis/64431419-e1f6-4f1e-98ad-e9bd4f91ed26] INFO  impl.RoleInfo (RoleInfo.java:shutdownLeaderState(104)) - 9b918566-8d2f-4f38-9ce1-65f5cd084216: shutdown LeaderState
2019-09-20 05:50:17,419 [9b918566-8d2f-4f38-9ce1-65f5cd084216-SegmentedRaftLogWorker:Storage Directory /workdir/hadoop-ozone/integration-test/target/test-dir/MiniOzoneClusterImpl-29dd0c8c-da21-41d6-af77-5f0a65600fbb/datanode-0/data/ratis/64431419-e1f6-4f1e-98ad-e9bd4f91ed26] INFO  impl.PendingRequests (PendingRequests.java:sendNotLeaderResponses(202)) - 9b918566-8d2f-4f38-9ce1-65f5cd084216-PendingRequests: sendNotLeaderResponses
2019-09-20 05:50:17,419 [9b918566-8d2f-4f38-9ce1-65f5cd084216-SegmentedRaftLogWorker:Storage Directory /workdir/hadoop-ozone/integration-test/target/test-dir/MiniOzoneClusterImpl-29dd0c8c-da21-41d6-af77-5f0a65600fbb/datanode-0/data/ratis/64431419-e1f6-4f1e-98ad-e9bd4f91ed26] INFO  impl.StateMachineUpdater (StateMachineUpdater.java:stopAndJoin(115)) - StateMachineUpdater:9b918566-8d2f-4f38-9ce1-65f5cd084216:group-E9BD4F91ED26: set stopIndex = -1
2019-09-20 05:50:17,419 [9b918566-8d2f-4f38-9ce1-65f5cd084216-SegmentedRaftLogWorker:Storage Directory /workdir/hadoop-ozone/integration-test/target/test-dir/MiniOzoneClusterImpl-29dd0c8c-da21-41d6-af77-5f0a65600fbb/datanode-0/data/ratis/64431419-e1f6-4f1e-98ad-e9bd4f91ed26] INFO  impl.RaftServerImpl (ServerState.java:close(394)) - 9b918566-8d2f-4f38-9ce1-65f5cd084216:group-E9BD4F91ED26 closes. The last applied log index is -1
2019-09-20 05:50:17,420 [9b918566-8d2f-4f38-9ce1-65f5cd084216-SegmentedRaftLogWorker:Storage Directory /workdir/hadoop-ozone/integration-test/target/test-dir/MiniOzoneClusterImpl-29dd0c8c-da21-41d6-af77-5f0a65600fbb/datanode-0/data/ratis/64431419-e1f6-4f1e-98ad-e9bd4f91ed26] INFO  segmented.SegmentedRaftLogWorker (SegmentedRaftLogWorker.java:close(228)) - 9b918566-8d2f-4f38-9ce1-65f5cd084216-SegmentedRaftLogWorker:Storage Directory /workdir/hadoop-ozone/integration-test/target/test-dir/MiniOzoneClusterImpl-29dd0c8c-da21-41d6-af77-5f0a65600fbb/datanode-0/data/ratis/64431419-e1f6-4f1e-98ad-e9bd4f91ed26 close()
2019-09-20 05:50:17,421 [9b918566-8d2f-4f38-9ce1-65f5cd084216-SegmentedRaftLogWorker:Storage Directory /workdir/hadoop-ozone/integration-test/target/test-dir/MiniOzoneClusterImpl-29dd0c8c-da21-41d6-af77-5f0a65600fbb/datanode-0/data/ratis/4027f584-99c2-4d29-9a88-cdaceda68a92] ERROR segmented.SegmentedRaftLogWorker (SegmentedRaftLogWorker.java:run(323)) - 9b918566-8d2f-4f38-9ce1-65f5cd084216-SegmentedRaftLogWorker:Storage Directory /workdir/hadoop-ozone/integration-test/target/test-dir/MiniOzoneClusterImpl-29dd0c8c-da21-41d6-af77-5f0a65600fbb/datanode-0/data/ratis/4027f584-99c2-4d29-9a88-cdaceda68a92 hit exception
java.lang.OutOfMemoryError: Direct buffer memory
	at java.nio.Bits.reserveMemory(Bits.java:666)
	at java.nio.DirectByteBuffer.<init>(DirectByteBuffer.java:123)
	at java.nio.ByteBuffer.allocateDirect(ByteBuffer.java:311)
	at org.apache.ratis.server.raftlog.segmented.BufferedWriteChannel.<init>(BufferedWriteChannel.java:41)
	at org.apache.ratis.server.raftlog.segmented.SegmentedRaftLogOutputStream.<init>(SegmentedRaftLogOutputStream.java:72)
	at org.apache.ratis.server.raftlog.segmented.SegmentedRaftLogWorker$StartLogSegment.execute(SegmentedRaftLogWorker.java:566)
	at org.apache.ratis.server.raftlog.segmented.SegmentedRaftLogWorker.run(SegmentedRaftLogWorker.java:289)
	at java.lang.Thread.run(Thread.java:748)
2019-09-20 05:50:17,422 [9b918566-8d2f-4f38-9ce1-65f5cd084216-SegmentedRaftLogWorker:Storage Directory /workdir/hadoop-ozone/integration-test/target/test-dir/MiniOzoneClusterImpl-29dd0c8c-da21-41d6-af77-5f0a65600fbb/datanode-0/data/ratis/4027f584-99c2-4d29-9a88-cdaceda68a92] INFO  impl.RaftServerImpl (RaftServerImpl.java:lambda$shutdown$3(245)) - 9b918566-8d2f-4f38-9ce1-65f5cd084216: shutdown group-CDACEDA68A92
2019-09-20 05:50:17,422 [9b918566-8d2f-4f38-9ce1-65f5cd084216-SegmentedRaftLogWorker:Storage Directory /workdir/hadoop-ozone/integration-test/target/test-dir/MiniOzoneClusterImpl-29dd0c8c-da21-41d6-af77-5f0a65600fbb/datanode-0/data/ratis/4027f584-99c2-4d29-9a88-cdaceda68a92] INFO  util.JmxRegister (JmxRegister.java:unregister(73)) - Successfully un-registered JMX Bean with object name Ratis:service=RaftServer,group=group-CDACEDA68A92,id=9b918566-8d2f-4f38-9ce1-65f5cd084216
2019-09-20 05:50:17,422 [9b918566-8d2f-4f38-9ce1-65f5cd084216-SegmentedRaftLogWorker:Storage Directory /workdir/hadoop-ozone/integration-test/target/test-dir/MiniOzoneClusterImpl-29dd0c8c-da21-41d6-af77-5f0a65600fbb/datanode-0/data/ratis/4027f584-99c2-4d29-9a88-cdaceda68a92] INFO  impl.RoleInfo (RoleInfo.java:shutdownLeaderState(104)) - 9b918566-8d2f-4f38-9ce1-65f5cd084216: shutdown LeaderState
2019-09-20 05:50:17,422 [9b918566-8d2f-4f38-9ce1-65f5cd084216-SegmentedRaftLogWorker:Storage Directory /workdir/hadoop-ozone/integration-test/target/test-dir/MiniOzoneClusterImpl-29dd0c8c-da21-41d6-af77-5f0a65600fbb/datanode-0/data/ratis/4027f584-99c2-4d29-9a88-cdaceda68a92] INFO  impl.PendingRequests (PendingRequests.java:sendNotLeaderResponses(202)) - 9b918566-8d2f-4f38-9ce1-65f5cd084216-PendingRequests: sendNotLeaderResponses
2019-09-20 05:50:17,422 [9b918566-8d2f-4f38-9ce1-65f5cd084216-SegmentedRaftLogWorker:Storage Directory /workdir/hadoop-ozone/integration-test/target/test-dir/MiniOzoneClusterImpl-29dd0c8c-da21-41d6-af77-5f0a65600fbb/datanode-0/data/ratis/4027f584-99c2-4d29-9a88-cdaceda68a92] INFO  impl.StateMachineUpdater (StateMachineUpdater.java:stopAndJoin(115)) - StateMachineUpdater:9b918566-8d2f-4f38-9ce1-65f5cd084216:group-CDACEDA68A92: set stopIndex = -1
2019-09-20 05:50:17,422 [9b918566-8d2f-4f38-9ce1-65f5cd084216-SegmentedRaftLogWorker:Storage Directory /workdir/hadoop-ozone/integration-test/target/test-dir/MiniOzoneClusterImpl-29dd0c8c-da21-41d6-af77-5f0a65600fbb/datanode-0/data/ratis/4027f584-99c2-4d29-9a88-cdaceda68a92] INFO  impl.RaftServerImpl (ServerState.java:close(394)) - 9b918566-8d2f-4f38-9ce1-65f5cd084216:group-CDACEDA68A92 closes. The last applied log index is -1
2019-09-20 05:50:17,422 [9b918566-8d2f-4f38-9ce1-65f5cd084216-SegmentedRaftLogWorker:Storage Directory /workdir/hadoop-ozone/integration-test/target/test-dir/MiniOzoneClusterImpl-29dd0c8c-da21-41d6-af77-5f0a65600fbb/datanode-0/data/ratis/4027f584-99c2-4d29-9a88-cdaceda68a92] INFO  segmented.SegmentedRaftLogWorker (SegmentedRaftLogWorker.java:close(228)) - 9b918566-8d2f-4f38-9ce1-65f5cd084216-SegmentedRaftLogWorker:Storage Directory /workdir/hadoop-ozone/integration-test/target/test-dir/MiniOzoneClusterImpl-29dd0c8c-da21-41d6-af77-5f0a65600fbb/datanode-0/data/ratis/4027f584-99c2-4d29-9a88-cdaceda68a92 close()
2019-09-20 05:50:17,511 | INFO  | SCMAudit | user=jenkins1000 | ip=192.168.36.79 | op=SEND_HEARTBEAT {datanodeUUID=9b918566-8d2f-4f38-9ce1-65f5cd084216, command=[]} | ret=SUCCESS |  
2019-09-20 05:50:17,711 | INFO  | SCMAudit | user=jenkins1000 | ip=192.168.36.79 | op=SEND_HEARTBEAT {datanodeUUID=9b918566-8d2f-4f38-9ce1-65f5cd084216, command=[]} | ret=SUCCESS |  
2019-09-20 05:50:17,911 | INFO  | SCMAudit | user=jenkins1000 | ip=192.168.36.79 | op=SEND_HEARTBEAT {datanodeUUID=9b918566-8d2f-4f38-9ce1-65f5cd084216, command=[]} | ret=SUCCESS |  
2019-09-20 05:50:18,112 | INFO  | SCMAudit | user=jenkins1000 | ip=192.168.36.79 | op=SEND_HEARTBEAT {datanodeUUID=9b918566-8d2f-4f38-9ce1-65f5cd084216, command=[]} | ret=SUCCESS |  
2019-09-20 05:50:18,313 | INFO  | SCMAudit | user=jenkins1000 | ip=192.168.36.79 | op=SEND_HEARTBEAT {datanodeUUID=9b918566-8d2f-4f38-9ce1-65f5cd084216, command=[]} | ret=SUCCESS |  
2019-09-20 05:50:18,512 | INFO  | SCMAudit | user=jenkins1000 | ip=192.168.36.79 | op=SEND_HEARTBEAT {datanodeUUID=9b918566-8d2f-4f38-9ce1-65f5cd084216, command=[]} | ret=SUCCESS |  
2019-09-20 05:50:18,713 | INFO  | SCMAudit | user=jenkins1000 | ip=192.168.36.79 | op=SEND_HEARTBEAT {datanodeUUID=9b918566-8d2f-4f38-9ce1-65f5cd084216, command=[]} | ret=SUCCESS |  
2019-09-20 05:50:18,914 | INFO  | SCMAudit | user=jenkins1000 | ip=192.168.36.79 | op=SEND_HEARTBEAT {datanodeUUID=9b918566-8d2f-4f38-9ce1-65f5cd084216, command=[]} | ret=SUCCESS |  
2019-09-20 05:50:19,115 | INFO  | SCMAudit | user=jenkins1000 | ip=192.168.36.79 | op=SEND_HEARTBEAT {datanodeUUID=9b918566-8d2f-4f38-9ce1-65f5cd084216, command=[]} | ret=SUCCESS |  
2019-09-20 05:50:19,315 | INFO  | SCMAudit | user=jenkins1000 | ip=192.168.36.79 | op=SEND_HEARTBEAT {datanodeUUID=9b918566-8d2f-4f38-9ce1-65f5cd084216, command=[]} | ret=SUCCESS |  
2019-09-20 05:50:19,515 | INFO  | SCMAudit | user=jenkins1000 | ip=192.168.36.79 | op=SEND_HEARTBEAT {datanodeUUID=9b918566-8d2f-4f38-9ce1-65f5cd084216, command=[]} | ret=SUCCESS |  
2019-09-20 05:50:19,715 | INFO  | SCMAudit | user=jenkins1000 | ip=192.168.36.79 | op=SEND_HEARTBEAT {datanodeUUID=9b918566-8d2f-4f38-9ce1-65f5cd084216, command=[]} | ret=SUCCESS |  
2019-09-20 05:50:19,915 | INFO  | SCMAudit | user=jenkins1000 | ip=192.168.36.79 | op=SEND_HEARTBEAT {datanodeUUID=9b918566-8d2f-4f38-9ce1-65f5cd084216, command=[]} | ret=SUCCESS |  
2019-09-20 05:50:19,924 [Thread-3524] INFO  impl.FollowerState (FollowerState.java:run(106)) - 9b918566-8d2f-4f38-9ce1-65f5cd084216:group-4A48EDFDD0D9 changes to CANDIDATE, lastRpcTime:16902, electionTimeout:5034ms
2019-09-20 05:50:19,924 [Thread-3524] INFO  impl.RoleInfo (RoleInfo.java:shutdownFollowerState(121)) - 9b918566-8d2f-4f38-9ce1-65f5cd084216: shutdown FollowerState
2019-09-20 05:50:19,924 [Thread-3524] INFO  impl.RaftServerImpl (RaftServerImpl.java:setRole(171)) - 9b918566-8d2f-4f38-9ce1-65f5cd084216:group-4A48EDFDD0D9 changes role from FOLLOWER to CANDIDATE at term 0 for changeToCandidate
2019-09-20 05:50:19,924 [Thread-3524] INFO  impl.RoleInfo (RoleInfo.java:updateAndGet(143)) - 9b918566-8d2f-4f38-9ce1-65f5cd084216: start LeaderElection
2019-09-20 05:50:20,115 | INFO  | SCMAudit | user=jenkins1000 | ip=192.168.36.79 | op=SEND_HEARTBEAT {datanodeUUID=9b918566-8d2f-4f38-9ce1-65f5cd084216, command=[]} | ret=SUCCESS |  
2019-09-20 05:50:20,316 | INFO  | SCMAudit | user=jenkins1000 | ip=192.168.36.79 | op=SEND_HEARTBEAT {datanodeUUID=9b918566-8d2f-4f38-9ce1-65f5cd084216, command=[]} | ret=SUCCESS |  
2019-09-20 05:50:20,516 | INFO  | SCMAudit | user=jenkins1000 | ip=192.168.36.79 | op=SEND_HEARTBEAT {datanodeUUID=9b918566-8d2f-4f38-9ce1-65f5cd084216, command=[]} | ret=SUCCESS |  
2019-09-20 05:50:20,647 [grpc-default-executor-1] INFO  client.GrpcClientProtocolClient (GrpcClientProtocolClient.java:onNext(255)) - client-23A6115AB560->9b918566-8d2f-4f38-9ce1-65f5cd084216: receive RaftClientReply:client-23A6115AB560->9b918566-8d2f-4f38-9ce1-65f5cd084216@group-6A169ECCAA06, cid=1292, SUCCESS, logIndex=3, commits[9b918566-8d2f-4f38-9ce1-65f5cd084216:c4]
2019-09-20 05:50:20,655 | INFO  | DNAudit | user=null | ip=null | op=WRITE_CHUNK {blockData=conID: 7 locID: 102823271275233289 bcsId: 3} | ret=SUCCESS |  
2019-09-20 05:50:20,716 | INFO  | SCMAudit | user=jenkins1000 | ip=192.168.36.79 | op=SEND_HEARTBEAT {datanodeUUID=9b918566-8d2f-4f38-9ce1-65f5cd084216, command=[]} | ret=SUCCESS |  
2019-09-20 05:50:20,778 | INFO  | DNAudit | user=null | ip=null | op=WRITE_CHUNK {blockData=conID: 7 locID: 102823271275233289 bcsId: 3} | ret=SUCCESS |  
2019-09-20 05:50:20,779 | INFO  | DNAudit | user=null | ip=null | op=PUT_BLOCK {blockData=[blockId=conID: 7 locID: 102823271275233289 bcsId: 0,size=10]} | ret=SUCCESS |  
2019-09-20 05:50:20,779 [grpc-default-executor-1] INFO  client.GrpcClientProtocolClient (GrpcClientProtocolClient.java:onNext(255)) - client-23A6115AB560->9b918566-8d2f-4f38-9ce1-65f5cd084216: receive RaftClientReply:client-23A6115AB560->9b918566-8d2f-4f38-9ce1-65f5cd084216@group-6A169ECCAA06, cid=1293, SUCCESS, logIndex=5, commits[9b918566-8d2f-4f38-9ce1-65f5cd084216:c6]
2019-09-20 05:50:20,779 [StateMachineUpdater:9b918566-8d2f-4f38-9ce1-65f5cd084216:group-6A169ECCAA06] INFO  ratis.ContainerStateMachine (ContainerStateMachine.java:takeSnapshot(283)) - group-6A169ECCAA06: Taking a snapshot at:(t:1, i:6) file /workdir/hadoop-ozone/integration-test/target/test-dir/MiniOzoneClusterImpl-29dd0c8c-da21-41d6-af77-5f0a65600fbb/datanode-0/data/ratis/3334cfc7-b579-49c5-a5a6-6a169eccaa06/sm/snapshot.1_6
2019-09-20 05:50:20,781 [grpc-default-executor-1] INFO  client.GrpcClientProtocolClient (GrpcClientProtocolClient.java:onNext(255)) - client-23A6115AB560->9b918566-8d2f-4f38-9ce1-65f5cd084216: receive RaftClientReply:client-23A6115AB560->9b918566-8d2f-4f38-9ce1-65f5cd084216@group-6A169ECCAA06, cid=1294, SUCCESS, logIndex=6, commits[9b918566-8d2f-4f38-9ce1-65f5cd084216:c6]
2019-09-20 05:50:20,787 [9b918566-8d2f-4f38-9ce1-65f5cd084216:group-4A48EDFDD0D9:LeaderElection493] INFO  impl.LeaderElection (LeaderElection.java:askForVotes(181)) - 9b918566-8d2f-4f38-9ce1-65f5cd084216:group-4A48EDFDD0D9:LeaderElection493: begin an election at term 1 for -1: [9b918566-8d2f-4f38-9ce1-65f5cd084216:192.168.36.79:46843], old=null
2019-09-20 05:50:20,788 [9b918566-8d2f-4f38-9ce1-65f5cd084216:group-4A48EDFDD0D9:LeaderElection493] INFO  impl.RoleInfo (RoleInfo.java:shutdownLeaderElection(134)) - 9b918566-8d2f-4f38-9ce1-65f5cd084216: shutdown LeaderElection
2019-09-20 05:50:20,788 [9b918566-8d2f-4f38-9ce1-65f5cd084216:group-4A48EDFDD0D9:LeaderElection493] INFO  impl.RaftServerImpl (RaftServerImpl.java:setRole(171)) - 9b918566-8d2f-4f38-9ce1-65f5cd084216:group-4A48EDFDD0D9 changes role from CANDIDATE to LEADER at term 1 for changeToLeader
2019-09-20 05:50:20,788 [9b918566-8d2f-4f38-9ce1-65f5cd084216:group-4A48EDFDD0D9:LeaderElection493] INFO  impl.RaftServerImpl (ServerState.java:setLeader(263)) - 9b918566-8d2f-4f38-9ce1-65f5cd084216:group-4A48EDFDD0D9 change Leader from null to 9b918566-8d2f-4f38-9ce1-65f5cd084216 at term 1 for becomeLeader, leader elected after 17770ms
2019-09-20 05:50:20,788 [9b918566-8d2f-4f38-9ce1-65f5cd084216:group-4A48EDFDD0D9:LeaderElection493] INFO  server.RaftServerConfigKeys (ConfUtils.java:logGet(43)) - raft.server.staging.catchup.gap = 1000 (default)
2019-09-20 05:50:20,788 [9b918566-8d2f-4f38-9ce1-65f5cd084216:group-4A48EDFDD0D9:LeaderElection493] INFO  server.RaftServerConfigKeys (ConfUtils.java:logGet(43)) - raft.server.rpc.sleep.time = 25ms (default)
2019-09-20 05:50:20,788 [9b918566-8d2f-4f38-9ce1-65f5cd084216:group-4A48EDFDD0D9:LeaderElection493] INFO  server.RaftServerConfigKeys (ConfUtils.java:logGet(43)) - raft.server.write.element-limit = 4096 (default)
2019-09-20 05:50:20,789 [9b918566-8d2f-4f38-9ce1-65f5cd084216:group-4A48EDFDD0D9:LeaderElection493] INFO  server.RaftServerConfigKeys (ConfUtils.java:logGet(43)) - raft.server.watch.timeout = 10s (default)
2019-09-20 05:50:20,789 [9b918566-8d2f-4f38-9ce1-65f5cd084216:group-4A48EDFDD0D9:LeaderElection493] INFO  server.RaftServerConfigKeys (ConfUtils.java:logGet(43)) - raft.server.watch.timeout.denomination = 1s (default)
2019-09-20 05:50:20,789 [9b918566-8d2f-4f38-9ce1-65f5cd084216:group-4A48EDFDD0D9:LeaderElection493] INFO  server.RaftServerConfigKeys (ConfUtils.java:logGet(43)) - raft.server.watch.element-limit = 65536 (default)
2019-09-20 05:50:20,789 [9b918566-8d2f-4f38-9ce1-65f5cd084216:group-4A48EDFDD0D9:LeaderElection493] INFO  impl.RoleInfo (RoleInfo.java:updateAndGet(143)) - 9b918566-8d2f-4f38-9ce1-65f5cd084216: start LeaderState
2019-09-20 05:50:20,789 [9b918566-8d2f-4f38-9ce1-65f5cd084216:group-4A48EDFDD0D9:LeaderElection493] INFO  segmented.SegmentedRaftLogWorker (SegmentedRaftLogWorker.java:startLogSegment(380)) - 9b918566-8d2f-4f38-9ce1-65f5cd084216-SegmentedRaftLogWorker:Storage Directory /workdir/hadoop-ozone/integration-test/target/test-dir/MiniOzoneClusterImpl-29dd0c8c-da21-41d6-af77-5f0a65600fbb/datanode-0/data/ratis/71aca257-4996-46d1-912a-4a48edfdd0d9: Starting segment from index:0
2019-09-20 05:50:20,789 | INFO  | OMAudit | user=jenkins1000 | ip=127.0.0.1 | op=COMMIT_KEY {volume=testcontainerstatemachinefailures, bucket=testcontainerstatemachinefailures, key=ratis, dataSize=10, replicationType=null, replicationFactor=null, keyLocationInfo=[{blockID={containerID=7, localID=102823271275233289}, length=10, offset=0, token=null, pipeline=Pipeline[ Id: 3334cfc7-b579-49c5-a5a6-6a169eccaa06, Nodes: 9b918566-8d2f-4f38-9ce1-65f5cd084216{ip: 192.168.36.79, host: pr-hdds-1569-s8kj2-2266485376, networkLocation: /default-rack, certSerialId: null}, Type:RATIS, Factor:ONE, State:OPEN], createVersion=0}], clientID=102823270517702664} | ret=SUCCESS |  
2019-09-20 05:50:20,790 [9b918566-8d2f-4f38-9ce1-65f5cd084216:group-4A48EDFDD0D9:LeaderElection493] INFO  impl.RaftServerImpl (ServerState.java:setRaftConf(361)) - 9b918566-8d2f-4f38-9ce1-65f5cd084216:group-4A48EDFDD0D9 set configuration 0: [9b918566-8d2f-4f38-9ce1-65f5cd084216:192.168.36.79:46843], old=null at 0
2019-09-20 05:50:21,141 | INFO  | SCMAudit | user=jenkins1000 | ip=192.168.36.79 | op=SEND_HEARTBEAT {datanodeUUID=9b918566-8d2f-4f38-9ce1-65f5cd084216, command=[]} | ret=SUCCESS |  
2019-09-20 05:50:21,141 [StateMachineUpdater:9b918566-8d2f-4f38-9ce1-65f5cd084216:group-6A169ECCAA06] INFO  ratis.ContainerStateMachine (ContainerStateMachine.java:takeSnapshot(294)) - group-6A169ECCAA06: Finished taking a snapshot at:(t:1, i:6) file:/workdir/hadoop-ozone/integration-test/target/test-dir/MiniOzoneClusterImpl-29dd0c8c-da21-41d6-af77-5f0a65600fbb/datanode-0/data/ratis/3334cfc7-b579-49c5-a5a6-6a169eccaa06/sm/snapshot.1_6 time:361
2019-09-20 05:50:21,141 [StateMachineUpdater:9b918566-8d2f-4f38-9ce1-65f5cd084216:group-6A169ECCAA06] INFO  impl.StateMachineUpdater (StateMachineUpdater.java:takeSnapshot(242)) - StateMachineUpdater:9b918566-8d2f-4f38-9ce1-65f5cd084216:group-6A169ECCAA06: Took a snapshot at index 6
2019-09-20 05:50:21,141 [StateMachineUpdater:9b918566-8d2f-4f38-9ce1-65f5cd084216:group-6A169ECCAA06] INFO  impl.StateMachineUpdater (StateMachineUpdater.java:lambda$new$0(80)) - StateMachineUpdater:9b918566-8d2f-4f38-9ce1-65f5cd084216:group-6A169ECCAA06: snapshotIndex: updateIncreasingly 4 -> 6
2019-09-20 05:50:21,142 [StateMachineUpdater:9b918566-8d2f-4f38-9ce1-65f5cd084216:group-6A169ECCAA06] INFO  ratis.ContainerStateMachine (ContainerStateMachine.java:takeSnapshot(283)) - group-6A169ECCAA06: Taking a snapshot at:(t:1, i:6) file /workdir/hadoop-ozone/integration-test/target/test-dir/MiniOzoneClusterImpl-29dd0c8c-da21-41d6-af77-5f0a65600fbb/datanode-0/data/ratis/3334cfc7-b579-49c5-a5a6-6a169eccaa06/sm/snapshot.1_6
]]></system-out>
  </testcase>
</testsuite>