<?xml version="1.0" encoding="UTF-8"?>
<testsuite xmlns:xsi="http://www.w3.org/2001/XMLSchema-instance" xsi:noNamespaceSchemaLocation="https://maven.apache.org/surefire/maven-surefire-plugin/xsd/surefire-test-report.xsd" name="org.apache.hadoop.ozone.client.rpc.TestWatchForCommit" time="101.561" tests="5" errors="5" skipped="0" failures="0">
  <properties>
    <property name="awt.toolkit" value="sun.awt.X11.XToolkit"/>
    <property name="file.encoding.pkg" value="sun.io"/>
    <property name="java.specification.version" value="1.8"/>
    <property name="sun.cpu.isalist" value=""/>
    <property name="sun.jnu.encoding" value="UTF-8"/>
    <property name="java.class.path" value="/workdir/hadoop-ozone/integration-test/target/test-classes:/workdir/hadoop-ozone/integration-test/target/classes:/home/user/.m2/repository/org/apache/hadoop/hadoop-ozone-common/0.5.0-SNAPSHOT/hadoop-ozone-common-0.5.0-SNAPSHOT.jar:/home/user/.m2/repository/org/apache/commons/commons-compress/1.4.1/commons-compress-1.4.1.jar:/home/user/.m2/repository/org/tukaani/xz/1.0/xz-1.0.jar:/home/user/.m2/repository/org/apache/hadoop/hadoop-common/3.2.0/hadoop-common-3.2.0.jar:/home/user/.m2/repository/org/apache/hadoop/hadoop-hdfs/3.2.0/hadoop-hdfs-3.2.0.jar:/home/user/.m2/repository/org/apache/hadoop/hadoop-hdfs-client/3.2.0/hadoop-hdfs-client-3.2.0.jar:/home/user/.m2/repository/com/fasterxml/jackson/core/jackson-annotations/2.9.5/jackson-annotations-2.9.5.jar:/home/user/.m2/repository/org/apache/hadoop/hadoop-hdds-common/0.5.0-SNAPSHOT/hadoop-hdds-common-0.5.0-SNAPSHOT.jar:/home/user/.m2/repository/javax/annotation/javax.annotation-api/1.2/javax.annotation-api-1.2.jar:/home/user/.m2/repository/org/apache/ratis/ratis-server/0.4.0-2337318-SNAPSHOT/ratis-server-0.4.0-2337318-SNAPSHOT.jar:/home/user/.m2/repository/org/apache/ratis/ratis-thirdparty-misc/0.2.0/ratis-thirdparty-misc-0.2.0.jar:/home/user/.m2/repository/org/apache/ratis/ratis-proto/0.4.0-2337318-SNAPSHOT/ratis-proto-0.4.0-2337318-SNAPSHOT.jar:/home/user/.m2/repository/org/apache/ratis/ratis-common/0.4.0-2337318-SNAPSHOT/ratis-common-0.4.0-2337318-SNAPSHOT.jar:/home/user/.m2/repository/org/apache/ratis/ratis-client/0.4.0-2337318-SNAPSHOT/ratis-client-0.4.0-2337318-SNAPSHOT.jar:/home/user/.m2/repository/org/apache/ratis/ratis-metrics/0.4.0-2337318-SNAPSHOT/ratis-metrics-0.4.0-2337318-SNAPSHOT.jar:/home/user/.m2/repository/org/apache/ratis/ratis-netty/0.4.0-2337318-SNAPSHOT/ratis-netty-0.4.0-2337318-SNAPSHOT.jar:/home/user/.m2/repository/org/apache/ratis/ratis-grpc/0.4.0-2337318-SNAPSHOT/ratis-grpc-0.4.0-2337318-SNAPSHOT.jar:/home/user/.m2/repository/org/rocksdb/rocksdbjni/6.0.1/rocksdbjni-6.0.1.jar:/home/user/.m2/repository/org/apache/logging/log4j/log4j-api/2.11.0/log4j-api-2.11.0.jar:/home/user/.m2/repository/org/apache/logging/log4j/log4j-core/2.11.0/log4j-core-2.11.0.jar:/home/user/.m2/repository/com/lmax/disruptor/3.4.2/disruptor-3.4.2.jar:/home/user/.m2/repository/org/apache/commons/commons-pool2/2.6.0/commons-pool2-2.6.0.jar:/home/user/.m2/repository/org/bouncycastle/bcpkix-jdk15on/1.60/bcpkix-jdk15on-1.60.jar:/home/user/.m2/repository/commons-validator/commons-validator/1.6/commons-validator-1.6.jar:/home/user/.m2/repository/commons-digester/commons-digester/1.8.1/commons-digester-1.8.1.jar:/home/user/.m2/repository/io/jaegertracing/jaeger-client/0.33.1/jaeger-client-0.33.1.jar:/home/user/.m2/repository/io/jaegertracing/jaeger-thrift/0.33.1/jaeger-thrift-0.33.1.jar:/home/user/.m2/repository/org/apache/thrift/libthrift/0.11.0/libthrift-0.11.0.jar:/home/user/.m2/repository/com/squareup/okhttp3/okhttp/3.9.0/okhttp-3.9.0.jar:/home/user/.m2/repository/com/squareup/okio/okio/1.13.0/okio-1.13.0.jar:/home/user/.m2/repository/io/jaegertracing/jaeger-core/0.33.1/jaeger-core-0.33.1.jar:/home/user/.m2/repository/io/jaegertracing/jaeger-tracerresolver/0.33.1/jaeger-tracerresolver-0.33.1.jar:/home/user/.m2/repository/io/opentracing/contrib/opentracing-tracerresolver/0.1.5/opentracing-tracerresolver-0.1.5.jar:/home/user/.m2/repository/io/opentracing/opentracing-util/0.31.0/opentracing-util-0.31.0.jar:/home/user/.m2/repository/io/opentracing/opentracing-api/0.31.0/opentracing-api-0.31.0.jar:/home/user/.m2/repository/io/opentracing/opentracing-noop/0.31.0/opentracing-noop-0.31.0.jar:/home/user/.m2/repository/org/apache/hadoop/hadoop-hdds-server-framework/0.5.0-SNAPSHOT/hadoop-hdds-server-framework-0.5.0-SNAPSHOT.jar:/home/user/.m2/repository/org/apache/hadoop/hadoop-hdds-container-service/0.5.0-SNAPSHOT/hadoop-hdds-container-service-0.5.0-SNAPSHOT.jar:/home/user/.m2/repository/org/apache/hadoop/hadoop-hdds-client/0.5.0-SNAPSHOT/hadoop-hdds-client-0.5.0-SNAPSHOT.jar:/home/user/.m2/repository/org/apache/hadoop/hadoop-hdds-tools/0.5.0-SNAPSHOT/hadoop-hdds-tools-0.5.0-SNAPSHOT.jar:/home/user/.m2/repository/org/apache/hadoop/hadoop-hdds-server-scm/0.5.0-SNAPSHOT/hadoop-hdds-server-scm-0.5.0-SNAPSHOT.jar:/home/user/.m2/repository/org/apache/hadoop/hadoop-hdds-docs/0.5.0-SNAPSHOT/hadoop-hdds-docs-0.5.0-SNAPSHOT.jar:/home/user/.m2/repository/io/dropwizard/metrics/metrics-core/3.2.4/metrics-core-3.2.4.jar:/home/user/.m2/repository/org/hamcrest/hamcrest-all/1.3/hamcrest-all-1.3.jar:/home/user/.m2/repository/org/bouncycastle/bcprov-jdk15on/1.60/bcprov-jdk15on-1.60.jar:/home/user/.m2/repository/info/picocli/picocli/3.9.6/picocli-3.9.6.jar:/home/user/.m2/repository/com/google/protobuf/protobuf-java/2.5.0/protobuf-java-2.5.0.jar:/home/user/.m2/repository/com/google/guava/guava/11.0.2/guava-11.0.2.jar:/home/user/.m2/repository/org/apache/hadoop/hadoop-ozone-ozone-manager/0.5.0-SNAPSHOT/hadoop-ozone-ozone-manager-0.5.0-SNAPSHOT.jar:/home/user/.m2/repository/org/apache/hadoop/hadoop-minikdc/3.2.0/hadoop-minikdc-3.2.0.jar:/home/user/.m2/repository/commons-io/commons-io/2.5/commons-io-2.5.jar:/home/user/.m2/repository/org/apache/kerby/kerb-simplekdc/1.0.1/kerb-simplekdc-1.0.1.jar:/home/user/.m2/repository/org/apache/kerby/kerb-client/1.0.1/kerb-client-1.0.1.jar:/home/user/.m2/repository/org/apache/kerby/kerby-config/1.0.1/kerby-config-1.0.1.jar:/home/user/.m2/repository/org/apache/kerby/kerb-core/1.0.1/kerb-core-1.0.1.jar:/home/user/.m2/repository/org/apache/kerby/kerby-pkix/1.0.1/kerby-pkix-1.0.1.jar:/home/user/.m2/repository/org/apache/kerby/kerby-asn1/1.0.1/kerby-asn1-1.0.1.jar:/home/user/.m2/repository/org/apache/kerby/kerby-util/1.0.1/kerby-util-1.0.1.jar:/home/user/.m2/repository/org/apache/kerby/kerb-common/1.0.1/kerb-common-1.0.1.jar:/home/user/.m2/repository/org/apache/kerby/kerb-crypto/1.0.1/kerb-crypto-1.0.1.jar:/home/user/.m2/repository/org/apache/kerby/kerb-util/1.0.1/kerb-util-1.0.1.jar:/home/user/.m2/repository/org/apache/kerby/token-provider/1.0.1/token-provider-1.0.1.jar:/home/user/.m2/repository/org/apache/kerby/kerb-admin/1.0.1/kerb-admin-1.0.1.jar:/home/user/.m2/repository/org/apache/kerby/kerb-server/1.0.1/kerb-server-1.0.1.jar:/home/user/.m2/repository/org/apache/kerby/kerb-identity/1.0.1/kerb-identity-1.0.1.jar:/home/user/.m2/repository/org/apache/kerby/kerby-xdr/1.0.1/kerby-xdr-1.0.1.jar:/home/user/.m2/repository/org/slf4j/slf4j-log4j12/1.7.25/slf4j-log4j12-1.7.25.jar:/home/user/.m2/repository/org/apache/hadoop/hadoop-ozone-objectstore-service/0.5.0-SNAPSHOT/hadoop-ozone-objectstore-service-0.5.0-SNAPSHOT.jar:/home/user/.m2/repository/org/apache/hadoop/hadoop-ozone-s3gateway/0.5.0-SNAPSHOT/hadoop-ozone-s3gateway-0.5.0-SNAPSHOT.jar:/home/user/.m2/repository/org/jboss/weld/servlet/weld-servlet/2.4.7.Final/weld-servlet-2.4.7.Final.jar:/home/user/.m2/repository/org/glassfish/jersey/containers/jersey-container-servlet-core/2.27/jersey-container-servlet-core-2.27.jar:/home/user/.m2/repository/org/glassfish/hk2/external/javax.inject/2.5.0-b42/javax.inject-2.5.0-b42.jar:/home/user/.m2/repository/org/glassfish/jersey/core/jersey-common/2.27/jersey-common-2.27.jar:/home/user/.m2/repository/org/glassfish/hk2/osgi-resource-locator/1.0.1/osgi-resource-locator-1.0.1.jar:/home/user/.m2/repository/javax/ws/rs/javax.ws.rs-api/2.1/javax.ws.rs-api-2.1.jar:/home/user/.m2/repository/org/glassfish/jersey/ext/cdi/jersey-cdi1x/2.27/jersey-cdi1x-2.27.jar:/home/user/.m2/repository/org/glassfish/jersey/inject/jersey-hk2/2.27/jersey-hk2-2.27.jar:/home/user/.m2/repository/org/glassfish/hk2/hk2-locator/2.5.0-b42/hk2-locator-2.5.0-b42.jar:/home/user/.m2/repository/org/javassist/javassist/3.22.0-CR2/javassist-3.22.0-CR2.jar:/home/user/.m2/repository/org/glassfish/hk2/hk2-api/2.5.0/hk2-api-2.5.0.jar:/home/user/.m2/repository/org/glassfish/hk2/external/jakarta.inject/2.5.0/jakarta.inject-2.5.0.jar:/home/user/.m2/repository/org/glassfish/hk2/hk2-utils/2.5.0/hk2-utils-2.5.0.jar:/home/user/.m2/repository/jakarta/annotation/jakarta.annotation-api/1.3.4/jakarta.annotation-api-1.3.4.jar:/home/user/.m2/repository/org/glassfish/hk2/external/aopalliance-repackaged/2.5.0/aopalliance-repackaged-2.5.0.jar:/home/user/.m2/repository/com/fasterxml/jackson/dataformat/jackson-dataformat-xml/2.9.0/jackson-dataformat-xml-2.9.0.jar:/home/user/.m2/repository/com/fasterxml/jackson/core/jackson-core/2.9.5/jackson-core-2.9.5.jar:/home/user/.m2/repository/com/fasterxml/jackson/module/jackson-module-jaxb-annotations/2.9.5/jackson-module-jaxb-annotations-2.9.5.jar:/home/user/.m2/repository/javax/enterprise/cdi-api/1.2/cdi-api-1.2.jar:/home/user/.m2/repository/javax/el/javax.el-api/3.0.0/javax.el-api-3.0.0.jar:/home/user/.m2/repository/javax/interceptor/javax.interceptor-api/1.2/javax.interceptor-api-1.2.jar:/home/user/.m2/repository/javax/inject/javax.inject/1/javax.inject-1.jar:/home/user/.m2/repository/com/sun/xml/bind/jaxb-impl/2.3.0.1/jaxb-impl-2.3.0.1.jar:/home/user/.m2/repository/com/sun/xml/bind/jaxb-core/2.3.0.1/jaxb-core-2.3.0.1.jar:/home/user/.m2/repository/javax/xml/bind/jaxb-api/2.3.0/jaxb-api-2.3.0.jar:/home/user/.m2/repository/javax/activation/activation/1.1.1/activation-1.1.1.jar:/home/user/.m2/repository/org/apache/hadoop/hadoop-ozone-csi/0.5.0-SNAPSHOT/hadoop-ozone-csi-0.5.0-SNAPSHOT.jar:/home/user/.m2/repository/com/google/protobuf/protobuf-java-util/3.5.1/protobuf-java-util-3.5.1.jar:/home/user/.m2/repository/org/apache/hadoop/hadoop-hdds-config/0.5.0-SNAPSHOT/hadoop-hdds-config-0.5.0-SNAPSHOT.jar:/home/user/.m2/repository/io/grpc/grpc-netty/1.17.1/grpc-netty-1.17.1.jar:/home/user/.m2/repository/io/grpc/grpc-core/1.17.1/grpc-core-1.17.1.jar:/home/user/.m2/repository/io/grpc/grpc-context/1.17.1/grpc-context-1.17.1.jar:/home/user/.m2/repository/com/google/errorprone/error_prone_annotations/2.2.0/error_prone_annotations-2.2.0.jar:/home/user/.m2/repository/org/codehaus/mojo/animal-sniffer-annotations/1.17/animal-sniffer-annotations-1.17.jar:/home/user/.m2/repository/io/opencensus/opencensus-api/0.17.0/opencensus-api-0.17.0.jar:/home/user/.m2/repository/io/opencensus/opencensus-contrib-grpc-metrics/0.17.0/opencensus-contrib-grpc-metrics-0.17.0.jar:/home/user/.m2/repository/io/netty/netty-codec-http2/4.1.30.Final/netty-codec-http2-4.1.30.Final.jar:/home/user/.m2/repository/io/netty/netty-codec-http/4.1.30.Final/netty-codec-http-4.1.30.Final.jar:/home/user/.m2/repository/io/netty/netty-codec/4.1.30.Final/netty-codec-4.1.30.Final.jar:/home/user/.m2/repository/io/netty/netty-handler/4.1.30.Final/netty-handler-4.1.30.Final.jar:/home/user/.m2/repository/io/netty/netty-handler-proxy/4.1.30.Final/netty-handler-proxy-4.1.30.Final.jar:/home/user/.m2/repository/io/netty/netty-codec-socks/4.1.30.Final/netty-codec-socks-4.1.30.Final.jar:/home/user/.m2/repository/io/netty/netty-transport-native-epoll/4.1.30.Final/netty-transport-native-epoll-4.1.30.Final.jar:/home/user/.m2/repository/io/netty/netty-common/4.1.30.Final/netty-common-4.1.30.Final.jar:/home/user/.m2/repository/io/netty/netty-buffer/4.1.30.Final/netty-buffer-4.1.30.Final.jar:/home/user/.m2/repository/io/netty/netty-transport/4.1.30.Final/netty-transport-4.1.30.Final.jar:/home/user/.m2/repository/io/netty/netty-resolver/4.1.30.Final/netty-resolver-4.1.30.Final.jar:/home/user/.m2/repository/io/netty/netty-transport-native-unix-common/4.1.30.Final/netty-transport-native-unix-common-4.1.30.Final.jar:/home/user/.m2/repository/io/grpc/grpc-protobuf/1.17.1/grpc-protobuf-1.17.1.jar:/home/user/.m2/repository/com/google/api/grpc/proto-google-common-protos/1.0.0/proto-google-common-protos-1.0.0.jar:/home/user/.m2/repository/io/grpc/grpc-protobuf-lite/1.17.1/grpc-protobuf-lite-1.17.1.jar:/home/user/.m2/repository/io/grpc/grpc-stub/1.17.1/grpc-stub-1.17.1.jar:/home/user/.m2/repository/org/apache/hadoop/hadoop-ozone-recon/0.5.0-SNAPSHOT/hadoop-ozone-recon-0.5.0-SNAPSHOT.jar:/home/user/.m2/repository/org/apache/hadoop/hadoop-ozone-reconcodegen/0.5.0-SNAPSHOT/hadoop-ozone-reconcodegen-0.5.0-SNAPSHOT.jar:/home/user/.m2/repository/com/google/inject/extensions/guice-multibindings/4.0/guice-multibindings-4.0.jar:/home/user/.m2/repository/com/google/inject/guice/4.0/guice-4.0.jar:/home/user/.m2/repository/aopalliance/aopalliance/1.0/aopalliance-1.0.jar:/home/user/.m2/repository/com/google/inject/extensions/guice-servlet/4.0/guice-servlet-4.0.jar:/home/user/.m2/repository/org/glassfish/jersey/containers/jersey-container-servlet/2.27/jersey-container-servlet-2.27.jar:/home/user/.m2/repository/org/glassfish/hk2/guice-bridge/2.5.0/guice-bridge-2.5.0.jar:/home/user/.m2/repository/org/glassfish/jersey/core/jersey-server/2.27/jersey-server-2.27.jar:/home/user/.m2/repository/org/glassfish/jersey/core/jersey-client/2.27/jersey-client-2.27.jar:/home/user/.m2/repository/org/glassfish/jersey/media/jersey-media-jaxb/2.27/jersey-media-jaxb-2.27.jar:/home/user/.m2/repository/javax/validation/validation-api/1.1.0.Final/validation-api-1.1.0.Final.jar:/home/user/.m2/repository/org/glassfish/jersey/media/jersey-media-json-jackson/2.27/jersey-media-json-jackson-2.27.jar:/home/user/.m2/repository/org/glassfish/jersey/ext/jersey-entity-filtering/2.27/jersey-entity-filtering-2.27.jar:/home/user/.m2/repository/com/google/inject/extensions/guice-assistedinject/4.0/guice-assistedinject-4.0.jar:/home/user/.m2/repository/org/jooq/jooq/3.11.10/jooq-3.11.10.jar:/home/user/.m2/repository/org/jooq/jooq-meta/3.11.10/jooq-meta-3.11.10.jar:/home/user/.m2/repository/org/jooq/jooq-codegen/3.11.10/jooq-codegen-3.11.10.jar:/home/user/.m2/repository/com/jolbox/bonecp/0.8.0.RELEASE/bonecp-0.8.0.RELEASE.jar:/home/user/.m2/repository/org/xerial/sqlite-jdbc/3.25.2/sqlite-jdbc-3.25.2.jar:/home/user/.m2/repository/org/springframework/spring-jdbc/5.1.3.RELEASE/spring-jdbc-5.1.3.RELEASE.jar:/home/user/.m2/repository/org/springframework/spring-beans/5.1.3.RELEASE/spring-beans-5.1.3.RELEASE.jar:/home/user/.m2/repository/org/springframework/spring-core/5.1.3.RELEASE/spring-core-5.1.3.RELEASE.jar:/home/user/.m2/repository/org/springframework/spring-jcl/5.1.3.RELEASE/spring-jcl-5.1.3.RELEASE.jar:/home/user/.m2/repository/org/springframework/spring-tx/5.1.3.RELEASE/spring-tx-5.1.3.RELEASE.jar:/home/user/.m2/repository/org/apache/hadoop/hadoop-ozone-client/0.5.0-SNAPSHOT/hadoop-ozone-client-0.5.0-SNAPSHOT.jar:/home/user/.m2/repository/commons-lang/commons-lang/2.6/commons-lang-2.6.jar:/home/user/.m2/repository/org/apache/hadoop/hadoop-ozone-ozone-manager/0.5.0-SNAPSHOT/hadoop-ozone-ozone-manager-0.5.0-SNAPSHOT-tests.jar:/home/user/.m2/repository/junit/junit/4.11/junit-4.11.jar:/home/user/.m2/repository/org/hamcrest/hamcrest-core/1.3/hamcrest-core-1.3.jar:/home/user/.m2/repository/org/openjdk/jmh/jmh-core/1.19/jmh-core-1.19.jar:/home/user/.m2/repository/net/sf/jopt-simple/jopt-simple/4.6/jopt-simple-4.6.jar:/home/user/.m2/repository/org/apache/commons/commons-math3/3.1.1/commons-math3-3.1.1.jar:/home/user/.m2/repository/org/openjdk/jmh/jmh-generator-annprocess/1.19/jmh-generator-annprocess-1.19.jar:/home/user/.m2/repository/org/mockito/mockito-all/1.8.5/mockito-all-1.8.5.jar:/home/user/.m2/repository/org/apache/hadoop/hadoop-kms/3.2.0/hadoop-kms-3.2.0.jar:/home/user/.m2/repository/org/apache/hadoop/hadoop-auth/3.2.0/hadoop-auth-3.2.0.jar:/home/user/.m2/repository/com/nimbusds/nimbus-jose-jwt/4.41.1/nimbus-jose-jwt-4.41.1.jar:/home/user/.m2/repository/com/github/stephenc/jcip/jcip-annotations/1.0-1/jcip-annotations-1.0-1.jar:/home/user/.m2/repository/net/minidev/json-smart/2.3/json-smart-2.3.jar:/home/user/.m2/repository/net/minidev/accessors-smart/1.2/accessors-smart-1.2.jar:/home/user/.m2/repository/org/ow2/asm/asm/5.0.4/asm-5.0.4.jar:/home/user/.m2/repository/org/apache/curator/curator-framework/2.12.0/curator-framework-2.12.0.jar:/home/user/.m2/repository/com/sun/jersey/jersey-core/1.19/jersey-core-1.19.jar:/home/user/.m2/repository/javax/ws/rs/jsr311-api/1.1.1/jsr311-api-1.1.1.jar:/home/user/.m2/repository/com/sun/jersey/jersey-server/1.19/jersey-server-1.19.jar:/home/user/.m2/repository/javax/servlet/javax.servlet-api/3.1.0/javax.servlet-api-3.1.0.jar:/home/user/.m2/repository/org/eclipse/jetty/jetty-server/9.3.24.v20180605/jetty-server-9.3.24.v20180605.jar:/home/user/.m2/repository/org/eclipse/jetty/jetty-http/9.3.24.v20180605/jetty-http-9.3.24.v20180605.jar:/home/user/.m2/repository/org/eclipse/jetty/jetty-io/9.3.24.v20180605/jetty-io-9.3.24.v20180605.jar:/home/user/.m2/repository/org/eclipse/jetty/jetty-webapp/9.3.24.v20180605/jetty-webapp-9.3.24.v20180605.jar:/home/user/.m2/repository/org/eclipse/jetty/jetty-xml/9.3.24.v20180605/jetty-xml-9.3.24.v20180605.jar:/home/user/.m2/repository/log4j/log4j/1.2.17/log4j-1.2.17.jar:/home/user/.m2/repository/org/slf4j/slf4j-api/1.7.25/slf4j-api-1.7.25.jar:/home/user/.m2/repository/org/slf4j/jul-to-slf4j/1.7.25/jul-to-slf4j-1.7.25.jar:/home/user/.m2/repository/org/eclipse/jetty/jetty-util/9.3.24.v20180605/jetty-util-9.3.24.v20180605.jar:/home/user/.m2/repository/com/fasterxml/jackson/core/jackson-databind/2.9.5/jackson-databind-2.9.5.jar:/home/user/.m2/repository/org/apache/hadoop/hadoop-kms/3.2.0/hadoop-kms-3.2.0-tests.jar:/home/user/.m2/repository/org/apache/hadoop/hadoop-hdds-server-scm/0.5.0-SNAPSHOT/hadoop-hdds-server-scm-0.5.0-SNAPSHOT-tests.jar:/home/user/.m2/repository/org/apache/hadoop/hadoop-hdds-container-service/0.5.0-SNAPSHOT/hadoop-hdds-container-service-0.5.0-SNAPSHOT-tests.jar:/home/user/.m2/repository/org/yaml/snakeyaml/1.16/snakeyaml-1.16.jar:/home/user/.m2/repository/org/apache/hadoop/hadoop-common/3.2.0/hadoop-common-3.2.0-tests.jar:/home/user/.m2/repository/org/apache/hadoop/hadoop-annotations/3.2.0/hadoop-annotations-3.2.0.jar:/usr/lib/jvm/java-1.8-openjdk/jre/../lib/tools.jar:/home/user/.m2/repository/commons-cli/commons-cli/1.2/commons-cli-1.2.jar:/home/user/.m2/repository/org/apache/httpcomponents/httpclient/4.5.2/httpclient-4.5.2.jar:/home/user/.m2/repository/org/apache/httpcomponents/httpcore/4.4.4/httpcore-4.4.4.jar:/home/user/.m2/repository/commons-codec/commons-codec/1.11/commons-codec-1.11.jar:/home/user/.m2/repository/commons-net/commons-net/3.6/commons-net-3.6.jar:/home/user/.m2/repository/commons-collections/commons-collections/3.2.2/commons-collections-3.2.2.jar:/home/user/.m2/repository/org/eclipse/jetty/jetty-servlet/9.3.24.v20180605/jetty-servlet-9.3.24.v20180605.jar:/home/user/.m2/repository/org/eclipse/jetty/jetty-security/9.3.24.v20180605/jetty-security-9.3.24.v20180605.jar:/home/user/.m2/repository/javax/servlet/jsp/jsp-api/2.1/jsp-api-2.1.jar:/home/user/.m2/repository/com/sun/jersey/jersey-servlet/1.19/jersey-servlet-1.19.jar:/home/user/.m2/repository/com/sun/jersey/jersey-json/1.19/jersey-json-1.19.jar:/home/user/.m2/repository/org/codehaus/jettison/jettison/1.1/jettison-1.1.jar:/home/user/.m2/repository/org/codehaus/jackson/jackson-core-asl/1.9.13/jackson-core-asl-1.9.13.jar:/home/user/.m2/repository/org/codehaus/jackson/jackson-mapper-asl/1.9.13/jackson-mapper-asl-1.9.13.jar:/home/user/.m2/repository/org/codehaus/jackson/jackson-jaxrs/1.9.13/jackson-jaxrs-1.9.13.jar:/home/user/.m2/repository/org/codehaus/jackson/jackson-xc/1.9.13/jackson-xc-1.9.13.jar:/home/user/.m2/repository/commons-logging/commons-logging/1.1.3/commons-logging-1.1.3.jar:/home/user/.m2/repository/commons-beanutils/commons-beanutils/1.9.3/commons-beanutils-1.9.3.jar:/home/user/.m2/repository/org/apache/commons/commons-configuration2/2.1.1/commons-configuration2-2.1.1.jar:/home/user/.m2/repository/org/apache/commons/commons-lang3/3.7/commons-lang3-3.7.jar:/home/user/.m2/repository/org/apache/commons/commons-text/1.4/commons-text-1.4.jar:/home/user/.m2/repository/org/apache/avro/avro/1.7.7/avro-1.7.7.jar:/home/user/.m2/repository/com/thoughtworks/paranamer/paranamer/2.3/paranamer-2.3.jar:/home/user/.m2/repository/org/xerial/snappy/snappy-java/1.0.5/snappy-java-1.0.5.jar:/home/user/.m2/repository/com/google/re2j/re2j/1.1/re2j-1.1.jar:/home/user/.m2/repository/com/google/code/gson/gson/2.2.4/gson-2.2.4.jar:/home/user/.m2/repository/com/jcraft/jsch/0.1.54/jsch-0.1.54.jar:/home/user/.m2/repository/org/apache/curator/curator-client/2.12.0/curator-client-2.12.0.jar:/home/user/.m2/repository/org/apache/curator/curator-recipes/2.12.0/curator-recipes-2.12.0.jar:/home/user/.m2/repository/com/google/code/findbugs/jsr305/3.0.0/jsr305-3.0.0.jar:/home/user/.m2/repository/org/apache/htrace/htrace-core4/4.1.0-incubating/htrace-core4-4.1.0-incubating.jar:/home/user/.m2/repository/org/apache/zookeeper/zookeeper/3.4.13/zookeeper-3.4.13.jar:/home/user/.m2/repository/org/apache/yetus/audience-annotations/0.5.0/audience-annotations-0.5.0.jar:/home/user/.m2/repository/org/codehaus/woodstox/stax2-api/3.1.4/stax2-api-3.1.4.jar:/home/user/.m2/repository/com/fasterxml/woodstox/woodstox-core/5.0.3/woodstox-core-5.0.3.jar:/home/user/.m2/repository/dnsjava/dnsjava/2.1.7/dnsjava-2.1.7.jar:/home/user/.m2/repository/org/apache/hadoop/hadoop-hdfs/3.2.0/hadoop-hdfs-3.2.0-tests.jar:/home/user/.m2/repository/org/eclipse/jetty/jetty-util-ajax/9.3.24.v20180605/jetty-util-ajax-9.3.24.v20180605.jar:/home/user/.m2/repository/commons-daemon/commons-daemon/1.0.13/commons-daemon-1.0.13.jar:/home/user/.m2/repository/io/netty/netty/3.10.5.Final/netty-3.10.5.Final.jar:/home/user/.m2/repository/io/netty/netty-all/4.0.52.Final/netty-all-4.0.52.Final.jar:/home/user/.m2/repository/org/fusesource/leveldbjni/leveldbjni-all/1.8/leveldbjni-all-1.8.jar:"/>
    <property name="java.vm.vendor" value="IcedTea"/>
    <property name="sun.arch.data.model" value="64"/>
    <property name="test.build.dir" value="/workdir/hadoop-ozone/integration-test/target/test-dir"/>
    <property name="test.cache.data" value=""/>
    <property name="java.vendor.url" value="https://icedtea.classpath.org"/>
    <property name="user.timezone" value=""/>
    <property name="java.vm.specification.version" value="1.8"/>
    <property name="os.name" value="Linux"/>
    <property name="test.build.data" value="/workdir/hadoop-ozone/integration-test/target/test-dir"/>
    <property name="user.country" value="US"/>
    <property name="sun.java.launcher" value="SUN_STANDARD"/>
    <property name="sun.boot.library.path" value="/usr/lib/jvm/java-1.8-openjdk/jre/lib/amd64"/>
    <property name="sun.java.command" value="/workdir/hadoop-ozone/integration-test/target/surefire/surefirebooter5213962263640885876.jar /workdir/hadoop-ozone/integration-test/target/surefire 2019-09-20T03-51-17_086-jvmRun1 surefire5523776778397913505tmp surefire_182030119453496171480tmp"/>
    <property name="test" value="!TestMiniChaosOzoneCluster"/>
    <property name="surefire.test.class.path" value="/workdir/hadoop-ozone/integration-test/target/test-classes:/workdir/hadoop-ozone/integration-test/target/classes:/home/user/.m2/repository/org/apache/hadoop/hadoop-ozone-common/0.5.0-SNAPSHOT/hadoop-ozone-common-0.5.0-SNAPSHOT.jar:/home/user/.m2/repository/org/apache/commons/commons-compress/1.4.1/commons-compress-1.4.1.jar:/home/user/.m2/repository/org/tukaani/xz/1.0/xz-1.0.jar:/home/user/.m2/repository/org/apache/hadoop/hadoop-common/3.2.0/hadoop-common-3.2.0.jar:/home/user/.m2/repository/org/apache/hadoop/hadoop-hdfs/3.2.0/hadoop-hdfs-3.2.0.jar:/home/user/.m2/repository/org/apache/hadoop/hadoop-hdfs-client/3.2.0/hadoop-hdfs-client-3.2.0.jar:/home/user/.m2/repository/com/fasterxml/jackson/core/jackson-annotations/2.9.5/jackson-annotations-2.9.5.jar:/home/user/.m2/repository/org/apache/hadoop/hadoop-hdds-common/0.5.0-SNAPSHOT/hadoop-hdds-common-0.5.0-SNAPSHOT.jar:/home/user/.m2/repository/javax/annotation/javax.annotation-api/1.2/javax.annotation-api-1.2.jar:/home/user/.m2/repository/org/apache/ratis/ratis-server/0.4.0-2337318-SNAPSHOT/ratis-server-0.4.0-2337318-SNAPSHOT.jar:/home/user/.m2/repository/org/apache/ratis/ratis-thirdparty-misc/0.2.0/ratis-thirdparty-misc-0.2.0.jar:/home/user/.m2/repository/org/apache/ratis/ratis-proto/0.4.0-2337318-SNAPSHOT/ratis-proto-0.4.0-2337318-SNAPSHOT.jar:/home/user/.m2/repository/org/apache/ratis/ratis-common/0.4.0-2337318-SNAPSHOT/ratis-common-0.4.0-2337318-SNAPSHOT.jar:/home/user/.m2/repository/org/apache/ratis/ratis-client/0.4.0-2337318-SNAPSHOT/ratis-client-0.4.0-2337318-SNAPSHOT.jar:/home/user/.m2/repository/org/apache/ratis/ratis-metrics/0.4.0-2337318-SNAPSHOT/ratis-metrics-0.4.0-2337318-SNAPSHOT.jar:/home/user/.m2/repository/org/apache/ratis/ratis-netty/0.4.0-2337318-SNAPSHOT/ratis-netty-0.4.0-2337318-SNAPSHOT.jar:/home/user/.m2/repository/org/apache/ratis/ratis-grpc/0.4.0-2337318-SNAPSHOT/ratis-grpc-0.4.0-2337318-SNAPSHOT.jar:/home/user/.m2/repository/org/rocksdb/rocksdbjni/6.0.1/rocksdbjni-6.0.1.jar:/home/user/.m2/repository/org/apache/logging/log4j/log4j-api/2.11.0/log4j-api-2.11.0.jar:/home/user/.m2/repository/org/apache/logging/log4j/log4j-core/2.11.0/log4j-core-2.11.0.jar:/home/user/.m2/repository/com/lmax/disruptor/3.4.2/disruptor-3.4.2.jar:/home/user/.m2/repository/org/apache/commons/commons-pool2/2.6.0/commons-pool2-2.6.0.jar:/home/user/.m2/repository/org/bouncycastle/bcpkix-jdk15on/1.60/bcpkix-jdk15on-1.60.jar:/home/user/.m2/repository/commons-validator/commons-validator/1.6/commons-validator-1.6.jar:/home/user/.m2/repository/commons-digester/commons-digester/1.8.1/commons-digester-1.8.1.jar:/home/user/.m2/repository/io/jaegertracing/jaeger-client/0.33.1/jaeger-client-0.33.1.jar:/home/user/.m2/repository/io/jaegertracing/jaeger-thrift/0.33.1/jaeger-thrift-0.33.1.jar:/home/user/.m2/repository/org/apache/thrift/libthrift/0.11.0/libthrift-0.11.0.jar:/home/user/.m2/repository/com/squareup/okhttp3/okhttp/3.9.0/okhttp-3.9.0.jar:/home/user/.m2/repository/com/squareup/okio/okio/1.13.0/okio-1.13.0.jar:/home/user/.m2/repository/io/jaegertracing/jaeger-core/0.33.1/jaeger-core-0.33.1.jar:/home/user/.m2/repository/io/jaegertracing/jaeger-tracerresolver/0.33.1/jaeger-tracerresolver-0.33.1.jar:/home/user/.m2/repository/io/opentracing/contrib/opentracing-tracerresolver/0.1.5/opentracing-tracerresolver-0.1.5.jar:/home/user/.m2/repository/io/opentracing/opentracing-util/0.31.0/opentracing-util-0.31.0.jar:/home/user/.m2/repository/io/opentracing/opentracing-api/0.31.0/opentracing-api-0.31.0.jar:/home/user/.m2/repository/io/opentracing/opentracing-noop/0.31.0/opentracing-noop-0.31.0.jar:/home/user/.m2/repository/org/apache/hadoop/hadoop-hdds-server-framework/0.5.0-SNAPSHOT/hadoop-hdds-server-framework-0.5.0-SNAPSHOT.jar:/home/user/.m2/repository/org/apache/hadoop/hadoop-hdds-container-service/0.5.0-SNAPSHOT/hadoop-hdds-container-service-0.5.0-SNAPSHOT.jar:/home/user/.m2/repository/org/apache/hadoop/hadoop-hdds-client/0.5.0-SNAPSHOT/hadoop-hdds-client-0.5.0-SNAPSHOT.jar:/home/user/.m2/repository/org/apache/hadoop/hadoop-hdds-tools/0.5.0-SNAPSHOT/hadoop-hdds-tools-0.5.0-SNAPSHOT.jar:/home/user/.m2/repository/org/apache/hadoop/hadoop-hdds-server-scm/0.5.0-SNAPSHOT/hadoop-hdds-server-scm-0.5.0-SNAPSHOT.jar:/home/user/.m2/repository/org/apache/hadoop/hadoop-hdds-docs/0.5.0-SNAPSHOT/hadoop-hdds-docs-0.5.0-SNAPSHOT.jar:/home/user/.m2/repository/io/dropwizard/metrics/metrics-core/3.2.4/metrics-core-3.2.4.jar:/home/user/.m2/repository/org/hamcrest/hamcrest-all/1.3/hamcrest-all-1.3.jar:/home/user/.m2/repository/org/bouncycastle/bcprov-jdk15on/1.60/bcprov-jdk15on-1.60.jar:/home/user/.m2/repository/info/picocli/picocli/3.9.6/picocli-3.9.6.jar:/home/user/.m2/repository/com/google/protobuf/protobuf-java/2.5.0/protobuf-java-2.5.0.jar:/home/user/.m2/repository/com/google/guava/guava/11.0.2/guava-11.0.2.jar:/home/user/.m2/repository/org/apache/hadoop/hadoop-ozone-ozone-manager/0.5.0-SNAPSHOT/hadoop-ozone-ozone-manager-0.5.0-SNAPSHOT.jar:/home/user/.m2/repository/org/apache/hadoop/hadoop-minikdc/3.2.0/hadoop-minikdc-3.2.0.jar:/home/user/.m2/repository/commons-io/commons-io/2.5/commons-io-2.5.jar:/home/user/.m2/repository/org/apache/kerby/kerb-simplekdc/1.0.1/kerb-simplekdc-1.0.1.jar:/home/user/.m2/repository/org/apache/kerby/kerb-client/1.0.1/kerb-client-1.0.1.jar:/home/user/.m2/repository/org/apache/kerby/kerby-config/1.0.1/kerby-config-1.0.1.jar:/home/user/.m2/repository/org/apache/kerby/kerb-core/1.0.1/kerb-core-1.0.1.jar:/home/user/.m2/repository/org/apache/kerby/kerby-pkix/1.0.1/kerby-pkix-1.0.1.jar:/home/user/.m2/repository/org/apache/kerby/kerby-asn1/1.0.1/kerby-asn1-1.0.1.jar:/home/user/.m2/repository/org/apache/kerby/kerby-util/1.0.1/kerby-util-1.0.1.jar:/home/user/.m2/repository/org/apache/kerby/kerb-common/1.0.1/kerb-common-1.0.1.jar:/home/user/.m2/repository/org/apache/kerby/kerb-crypto/1.0.1/kerb-crypto-1.0.1.jar:/home/user/.m2/repository/org/apache/kerby/kerb-util/1.0.1/kerb-util-1.0.1.jar:/home/user/.m2/repository/org/apache/kerby/token-provider/1.0.1/token-provider-1.0.1.jar:/home/user/.m2/repository/org/apache/kerby/kerb-admin/1.0.1/kerb-admin-1.0.1.jar:/home/user/.m2/repository/org/apache/kerby/kerb-server/1.0.1/kerb-server-1.0.1.jar:/home/user/.m2/repository/org/apache/kerby/kerb-identity/1.0.1/kerb-identity-1.0.1.jar:/home/user/.m2/repository/org/apache/kerby/kerby-xdr/1.0.1/kerby-xdr-1.0.1.jar:/home/user/.m2/repository/org/slf4j/slf4j-log4j12/1.7.25/slf4j-log4j12-1.7.25.jar:/home/user/.m2/repository/org/apache/hadoop/hadoop-ozone-objectstore-service/0.5.0-SNAPSHOT/hadoop-ozone-objectstore-service-0.5.0-SNAPSHOT.jar:/home/user/.m2/repository/org/apache/hadoop/hadoop-ozone-s3gateway/0.5.0-SNAPSHOT/hadoop-ozone-s3gateway-0.5.0-SNAPSHOT.jar:/home/user/.m2/repository/org/jboss/weld/servlet/weld-servlet/2.4.7.Final/weld-servlet-2.4.7.Final.jar:/home/user/.m2/repository/org/glassfish/jersey/containers/jersey-container-servlet-core/2.27/jersey-container-servlet-core-2.27.jar:/home/user/.m2/repository/org/glassfish/hk2/external/javax.inject/2.5.0-b42/javax.inject-2.5.0-b42.jar:/home/user/.m2/repository/org/glassfish/jersey/core/jersey-common/2.27/jersey-common-2.27.jar:/home/user/.m2/repository/org/glassfish/hk2/osgi-resource-locator/1.0.1/osgi-resource-locator-1.0.1.jar:/home/user/.m2/repository/javax/ws/rs/javax.ws.rs-api/2.1/javax.ws.rs-api-2.1.jar:/home/user/.m2/repository/org/glassfish/jersey/ext/cdi/jersey-cdi1x/2.27/jersey-cdi1x-2.27.jar:/home/user/.m2/repository/org/glassfish/jersey/inject/jersey-hk2/2.27/jersey-hk2-2.27.jar:/home/user/.m2/repository/org/glassfish/hk2/hk2-locator/2.5.0-b42/hk2-locator-2.5.0-b42.jar:/home/user/.m2/repository/org/javassist/javassist/3.22.0-CR2/javassist-3.22.0-CR2.jar:/home/user/.m2/repository/org/glassfish/hk2/hk2-api/2.5.0/hk2-api-2.5.0.jar:/home/user/.m2/repository/org/glassfish/hk2/external/jakarta.inject/2.5.0/jakarta.inject-2.5.0.jar:/home/user/.m2/repository/org/glassfish/hk2/hk2-utils/2.5.0/hk2-utils-2.5.0.jar:/home/user/.m2/repository/jakarta/annotation/jakarta.annotation-api/1.3.4/jakarta.annotation-api-1.3.4.jar:/home/user/.m2/repository/org/glassfish/hk2/external/aopalliance-repackaged/2.5.0/aopalliance-repackaged-2.5.0.jar:/home/user/.m2/repository/com/fasterxml/jackson/dataformat/jackson-dataformat-xml/2.9.0/jackson-dataformat-xml-2.9.0.jar:/home/user/.m2/repository/com/fasterxml/jackson/core/jackson-core/2.9.5/jackson-core-2.9.5.jar:/home/user/.m2/repository/com/fasterxml/jackson/module/jackson-module-jaxb-annotations/2.9.5/jackson-module-jaxb-annotations-2.9.5.jar:/home/user/.m2/repository/javax/enterprise/cdi-api/1.2/cdi-api-1.2.jar:/home/user/.m2/repository/javax/el/javax.el-api/3.0.0/javax.el-api-3.0.0.jar:/home/user/.m2/repository/javax/interceptor/javax.interceptor-api/1.2/javax.interceptor-api-1.2.jar:/home/user/.m2/repository/javax/inject/javax.inject/1/javax.inject-1.jar:/home/user/.m2/repository/com/sun/xml/bind/jaxb-impl/2.3.0.1/jaxb-impl-2.3.0.1.jar:/home/user/.m2/repository/com/sun/xml/bind/jaxb-core/2.3.0.1/jaxb-core-2.3.0.1.jar:/home/user/.m2/repository/javax/xml/bind/jaxb-api/2.3.0/jaxb-api-2.3.0.jar:/home/user/.m2/repository/javax/activation/activation/1.1.1/activation-1.1.1.jar:/home/user/.m2/repository/org/apache/hadoop/hadoop-ozone-csi/0.5.0-SNAPSHOT/hadoop-ozone-csi-0.5.0-SNAPSHOT.jar:/home/user/.m2/repository/com/google/protobuf/protobuf-java-util/3.5.1/protobuf-java-util-3.5.1.jar:/home/user/.m2/repository/org/apache/hadoop/hadoop-hdds-config/0.5.0-SNAPSHOT/hadoop-hdds-config-0.5.0-SNAPSHOT.jar:/home/user/.m2/repository/io/grpc/grpc-netty/1.17.1/grpc-netty-1.17.1.jar:/home/user/.m2/repository/io/grpc/grpc-core/1.17.1/grpc-core-1.17.1.jar:/home/user/.m2/repository/io/grpc/grpc-context/1.17.1/grpc-context-1.17.1.jar:/home/user/.m2/repository/com/google/errorprone/error_prone_annotations/2.2.0/error_prone_annotations-2.2.0.jar:/home/user/.m2/repository/org/codehaus/mojo/animal-sniffer-annotations/1.17/animal-sniffer-annotations-1.17.jar:/home/user/.m2/repository/io/opencensus/opencensus-api/0.17.0/opencensus-api-0.17.0.jar:/home/user/.m2/repository/io/opencensus/opencensus-contrib-grpc-metrics/0.17.0/opencensus-contrib-grpc-metrics-0.17.0.jar:/home/user/.m2/repository/io/netty/netty-codec-http2/4.1.30.Final/netty-codec-http2-4.1.30.Final.jar:/home/user/.m2/repository/io/netty/netty-codec-http/4.1.30.Final/netty-codec-http-4.1.30.Final.jar:/home/user/.m2/repository/io/netty/netty-codec/4.1.30.Final/netty-codec-4.1.30.Final.jar:/home/user/.m2/repository/io/netty/netty-handler/4.1.30.Final/netty-handler-4.1.30.Final.jar:/home/user/.m2/repository/io/netty/netty-handler-proxy/4.1.30.Final/netty-handler-proxy-4.1.30.Final.jar:/home/user/.m2/repository/io/netty/netty-codec-socks/4.1.30.Final/netty-codec-socks-4.1.30.Final.jar:/home/user/.m2/repository/io/netty/netty-transport-native-epoll/4.1.30.Final/netty-transport-native-epoll-4.1.30.Final.jar:/home/user/.m2/repository/io/netty/netty-common/4.1.30.Final/netty-common-4.1.30.Final.jar:/home/user/.m2/repository/io/netty/netty-buffer/4.1.30.Final/netty-buffer-4.1.30.Final.jar:/home/user/.m2/repository/io/netty/netty-transport/4.1.30.Final/netty-transport-4.1.30.Final.jar:/home/user/.m2/repository/io/netty/netty-resolver/4.1.30.Final/netty-resolver-4.1.30.Final.jar:/home/user/.m2/repository/io/netty/netty-transport-native-unix-common/4.1.30.Final/netty-transport-native-unix-common-4.1.30.Final.jar:/home/user/.m2/repository/io/grpc/grpc-protobuf/1.17.1/grpc-protobuf-1.17.1.jar:/home/user/.m2/repository/com/google/api/grpc/proto-google-common-protos/1.0.0/proto-google-common-protos-1.0.0.jar:/home/user/.m2/repository/io/grpc/grpc-protobuf-lite/1.17.1/grpc-protobuf-lite-1.17.1.jar:/home/user/.m2/repository/io/grpc/grpc-stub/1.17.1/grpc-stub-1.17.1.jar:/home/user/.m2/repository/org/apache/hadoop/hadoop-ozone-recon/0.5.0-SNAPSHOT/hadoop-ozone-recon-0.5.0-SNAPSHOT.jar:/home/user/.m2/repository/org/apache/hadoop/hadoop-ozone-reconcodegen/0.5.0-SNAPSHOT/hadoop-ozone-reconcodegen-0.5.0-SNAPSHOT.jar:/home/user/.m2/repository/com/google/inject/extensions/guice-multibindings/4.0/guice-multibindings-4.0.jar:/home/user/.m2/repository/com/google/inject/guice/4.0/guice-4.0.jar:/home/user/.m2/repository/aopalliance/aopalliance/1.0/aopalliance-1.0.jar:/home/user/.m2/repository/com/google/inject/extensions/guice-servlet/4.0/guice-servlet-4.0.jar:/home/user/.m2/repository/org/glassfish/jersey/containers/jersey-container-servlet/2.27/jersey-container-servlet-2.27.jar:/home/user/.m2/repository/org/glassfish/hk2/guice-bridge/2.5.0/guice-bridge-2.5.0.jar:/home/user/.m2/repository/org/glassfish/jersey/core/jersey-server/2.27/jersey-server-2.27.jar:/home/user/.m2/repository/org/glassfish/jersey/core/jersey-client/2.27/jersey-client-2.27.jar:/home/user/.m2/repository/org/glassfish/jersey/media/jersey-media-jaxb/2.27/jersey-media-jaxb-2.27.jar:/home/user/.m2/repository/javax/validation/validation-api/1.1.0.Final/validation-api-1.1.0.Final.jar:/home/user/.m2/repository/org/glassfish/jersey/media/jersey-media-json-jackson/2.27/jersey-media-json-jackson-2.27.jar:/home/user/.m2/repository/org/glassfish/jersey/ext/jersey-entity-filtering/2.27/jersey-entity-filtering-2.27.jar:/home/user/.m2/repository/com/google/inject/extensions/guice-assistedinject/4.0/guice-assistedinject-4.0.jar:/home/user/.m2/repository/org/jooq/jooq/3.11.10/jooq-3.11.10.jar:/home/user/.m2/repository/org/jooq/jooq-meta/3.11.10/jooq-meta-3.11.10.jar:/home/user/.m2/repository/org/jooq/jooq-codegen/3.11.10/jooq-codegen-3.11.10.jar:/home/user/.m2/repository/com/jolbox/bonecp/0.8.0.RELEASE/bonecp-0.8.0.RELEASE.jar:/home/user/.m2/repository/org/xerial/sqlite-jdbc/3.25.2/sqlite-jdbc-3.25.2.jar:/home/user/.m2/repository/org/springframework/spring-jdbc/5.1.3.RELEASE/spring-jdbc-5.1.3.RELEASE.jar:/home/user/.m2/repository/org/springframework/spring-beans/5.1.3.RELEASE/spring-beans-5.1.3.RELEASE.jar:/home/user/.m2/repository/org/springframework/spring-core/5.1.3.RELEASE/spring-core-5.1.3.RELEASE.jar:/home/user/.m2/repository/org/springframework/spring-jcl/5.1.3.RELEASE/spring-jcl-5.1.3.RELEASE.jar:/home/user/.m2/repository/org/springframework/spring-tx/5.1.3.RELEASE/spring-tx-5.1.3.RELEASE.jar:/home/user/.m2/repository/org/apache/hadoop/hadoop-ozone-client/0.5.0-SNAPSHOT/hadoop-ozone-client-0.5.0-SNAPSHOT.jar:/home/user/.m2/repository/commons-lang/commons-lang/2.6/commons-lang-2.6.jar:/home/user/.m2/repository/org/apache/hadoop/hadoop-ozone-ozone-manager/0.5.0-SNAPSHOT/hadoop-ozone-ozone-manager-0.5.0-SNAPSHOT-tests.jar:/home/user/.m2/repository/junit/junit/4.11/junit-4.11.jar:/home/user/.m2/repository/org/hamcrest/hamcrest-core/1.3/hamcrest-core-1.3.jar:/home/user/.m2/repository/org/openjdk/jmh/jmh-core/1.19/jmh-core-1.19.jar:/home/user/.m2/repository/net/sf/jopt-simple/jopt-simple/4.6/jopt-simple-4.6.jar:/home/user/.m2/repository/org/apache/commons/commons-math3/3.1.1/commons-math3-3.1.1.jar:/home/user/.m2/repository/org/openjdk/jmh/jmh-generator-annprocess/1.19/jmh-generator-annprocess-1.19.jar:/home/user/.m2/repository/org/mockito/mockito-all/1.8.5/mockito-all-1.8.5.jar:/home/user/.m2/repository/org/apache/hadoop/hadoop-kms/3.2.0/hadoop-kms-3.2.0.jar:/home/user/.m2/repository/org/apache/hadoop/hadoop-auth/3.2.0/hadoop-auth-3.2.0.jar:/home/user/.m2/repository/com/nimbusds/nimbus-jose-jwt/4.41.1/nimbus-jose-jwt-4.41.1.jar:/home/user/.m2/repository/com/github/stephenc/jcip/jcip-annotations/1.0-1/jcip-annotations-1.0-1.jar:/home/user/.m2/repository/net/minidev/json-smart/2.3/json-smart-2.3.jar:/home/user/.m2/repository/net/minidev/accessors-smart/1.2/accessors-smart-1.2.jar:/home/user/.m2/repository/org/ow2/asm/asm/5.0.4/asm-5.0.4.jar:/home/user/.m2/repository/org/apache/curator/curator-framework/2.12.0/curator-framework-2.12.0.jar:/home/user/.m2/repository/com/sun/jersey/jersey-core/1.19/jersey-core-1.19.jar:/home/user/.m2/repository/javax/ws/rs/jsr311-api/1.1.1/jsr311-api-1.1.1.jar:/home/user/.m2/repository/com/sun/jersey/jersey-server/1.19/jersey-server-1.19.jar:/home/user/.m2/repository/javax/servlet/javax.servlet-api/3.1.0/javax.servlet-api-3.1.0.jar:/home/user/.m2/repository/org/eclipse/jetty/jetty-server/9.3.24.v20180605/jetty-server-9.3.24.v20180605.jar:/home/user/.m2/repository/org/eclipse/jetty/jetty-http/9.3.24.v20180605/jetty-http-9.3.24.v20180605.jar:/home/user/.m2/repository/org/eclipse/jetty/jetty-io/9.3.24.v20180605/jetty-io-9.3.24.v20180605.jar:/home/user/.m2/repository/org/eclipse/jetty/jetty-webapp/9.3.24.v20180605/jetty-webapp-9.3.24.v20180605.jar:/home/user/.m2/repository/org/eclipse/jetty/jetty-xml/9.3.24.v20180605/jetty-xml-9.3.24.v20180605.jar:/home/user/.m2/repository/log4j/log4j/1.2.17/log4j-1.2.17.jar:/home/user/.m2/repository/org/slf4j/slf4j-api/1.7.25/slf4j-api-1.7.25.jar:/home/user/.m2/repository/org/slf4j/jul-to-slf4j/1.7.25/jul-to-slf4j-1.7.25.jar:/home/user/.m2/repository/org/eclipse/jetty/jetty-util/9.3.24.v20180605/jetty-util-9.3.24.v20180605.jar:/home/user/.m2/repository/com/fasterxml/jackson/core/jackson-databind/2.9.5/jackson-databind-2.9.5.jar:/home/user/.m2/repository/org/apache/hadoop/hadoop-kms/3.2.0/hadoop-kms-3.2.0-tests.jar:/home/user/.m2/repository/org/apache/hadoop/hadoop-hdds-server-scm/0.5.0-SNAPSHOT/hadoop-hdds-server-scm-0.5.0-SNAPSHOT-tests.jar:/home/user/.m2/repository/org/apache/hadoop/hadoop-hdds-container-service/0.5.0-SNAPSHOT/hadoop-hdds-container-service-0.5.0-SNAPSHOT-tests.jar:/home/user/.m2/repository/org/yaml/snakeyaml/1.16/snakeyaml-1.16.jar:/home/user/.m2/repository/org/apache/hadoop/hadoop-common/3.2.0/hadoop-common-3.2.0-tests.jar:/home/user/.m2/repository/org/apache/hadoop/hadoop-annotations/3.2.0/hadoop-annotations-3.2.0.jar:/usr/lib/jvm/java-1.8-openjdk/jre/../lib/tools.jar:/home/user/.m2/repository/commons-cli/commons-cli/1.2/commons-cli-1.2.jar:/home/user/.m2/repository/org/apache/httpcomponents/httpclient/4.5.2/httpclient-4.5.2.jar:/home/user/.m2/repository/org/apache/httpcomponents/httpcore/4.4.4/httpcore-4.4.4.jar:/home/user/.m2/repository/commons-codec/commons-codec/1.11/commons-codec-1.11.jar:/home/user/.m2/repository/commons-net/commons-net/3.6/commons-net-3.6.jar:/home/user/.m2/repository/commons-collections/commons-collections/3.2.2/commons-collections-3.2.2.jar:/home/user/.m2/repository/org/eclipse/jetty/jetty-servlet/9.3.24.v20180605/jetty-servlet-9.3.24.v20180605.jar:/home/user/.m2/repository/org/eclipse/jetty/jetty-security/9.3.24.v20180605/jetty-security-9.3.24.v20180605.jar:/home/user/.m2/repository/javax/servlet/jsp/jsp-api/2.1/jsp-api-2.1.jar:/home/user/.m2/repository/com/sun/jersey/jersey-servlet/1.19/jersey-servlet-1.19.jar:/home/user/.m2/repository/com/sun/jersey/jersey-json/1.19/jersey-json-1.19.jar:/home/user/.m2/repository/org/codehaus/jettison/jettison/1.1/jettison-1.1.jar:/home/user/.m2/repository/org/codehaus/jackson/jackson-core-asl/1.9.13/jackson-core-asl-1.9.13.jar:/home/user/.m2/repository/org/codehaus/jackson/jackson-mapper-asl/1.9.13/jackson-mapper-asl-1.9.13.jar:/home/user/.m2/repository/org/codehaus/jackson/jackson-jaxrs/1.9.13/jackson-jaxrs-1.9.13.jar:/home/user/.m2/repository/org/codehaus/jackson/jackson-xc/1.9.13/jackson-xc-1.9.13.jar:/home/user/.m2/repository/commons-logging/commons-logging/1.1.3/commons-logging-1.1.3.jar:/home/user/.m2/repository/commons-beanutils/commons-beanutils/1.9.3/commons-beanutils-1.9.3.jar:/home/user/.m2/repository/org/apache/commons/commons-configuration2/2.1.1/commons-configuration2-2.1.1.jar:/home/user/.m2/repository/org/apache/commons/commons-lang3/3.7/commons-lang3-3.7.jar:/home/user/.m2/repository/org/apache/commons/commons-text/1.4/commons-text-1.4.jar:/home/user/.m2/repository/org/apache/avro/avro/1.7.7/avro-1.7.7.jar:/home/user/.m2/repository/com/thoughtworks/paranamer/paranamer/2.3/paranamer-2.3.jar:/home/user/.m2/repository/org/xerial/snappy/snappy-java/1.0.5/snappy-java-1.0.5.jar:/home/user/.m2/repository/com/google/re2j/re2j/1.1/re2j-1.1.jar:/home/user/.m2/repository/com/google/code/gson/gson/2.2.4/gson-2.2.4.jar:/home/user/.m2/repository/com/jcraft/jsch/0.1.54/jsch-0.1.54.jar:/home/user/.m2/repository/org/apache/curator/curator-client/2.12.0/curator-client-2.12.0.jar:/home/user/.m2/repository/org/apache/curator/curator-recipes/2.12.0/curator-recipes-2.12.0.jar:/home/user/.m2/repository/com/google/code/findbugs/jsr305/3.0.0/jsr305-3.0.0.jar:/home/user/.m2/repository/org/apache/htrace/htrace-core4/4.1.0-incubating/htrace-core4-4.1.0-incubating.jar:/home/user/.m2/repository/org/apache/zookeeper/zookeeper/3.4.13/zookeeper-3.4.13.jar:/home/user/.m2/repository/org/apache/yetus/audience-annotations/0.5.0/audience-annotations-0.5.0.jar:/home/user/.m2/repository/org/codehaus/woodstox/stax2-api/3.1.4/stax2-api-3.1.4.jar:/home/user/.m2/repository/com/fasterxml/woodstox/woodstox-core/5.0.3/woodstox-core-5.0.3.jar:/home/user/.m2/repository/dnsjava/dnsjava/2.1.7/dnsjava-2.1.7.jar:/home/user/.m2/repository/org/apache/hadoop/hadoop-hdfs/3.2.0/hadoop-hdfs-3.2.0-tests.jar:/home/user/.m2/repository/org/eclipse/jetty/jetty-util-ajax/9.3.24.v20180605/jetty-util-ajax-9.3.24.v20180605.jar:/home/user/.m2/repository/commons-daemon/commons-daemon/1.0.13/commons-daemon-1.0.13.jar:/home/user/.m2/repository/io/netty/netty/3.10.5.Final/netty-3.10.5.Final.jar:/home/user/.m2/repository/io/netty/netty-all/4.0.52.Final/netty-all-4.0.52.Final.jar:/home/user/.m2/repository/org/fusesource/leveldbjni/leveldbjni-all/1.8/leveldbjni-all-1.8.jar:"/>
    <property name="sun.cpu.endian" value="little"/>
    <property name="user.home" value="/home/user"/>
    <property name="user.language" value="en"/>
    <property name="java.specification.vendor" value="Oracle Corporation"/>
    <property name="java.home" value="/usr/lib/jvm/java-1.8-openjdk/jre"/>
    <property name="java.security.krb5.conf" value="/workdir/hadoop-ozone/integration-test/target/test-classes/krb5.conf"/>
    <property name="basedir" value="/workdir/hadoop-ozone/integration-test"/>
    <property name="file.separator" value="/"/>
    <property name="line.separator" value="&#10;"/>
    <property name="java.vm.specification.vendor" value="Oracle Corporation"/>
    <property name="java.specification.name" value="Java Platform API Specification"/>
    <property name="java.awt.graphicsenv" value="sun.awt.X11GraphicsEnvironment"/>
    <property name="surefire.real.class.path" value="/workdir/hadoop-ozone/integration-test/target/surefire/surefirebooter5213962263640885876.jar"/>
    <property name="hadoop.log.dir" value="/workdir/hadoop-ozone/integration-test/target/log"/>
    <property name="sun.boot.class.path" value="/usr/lib/jvm/java-1.8-openjdk/jre/lib/resources.jar:/usr/lib/jvm/java-1.8-openjdk/jre/lib/rt.jar:/usr/lib/jvm/java-1.8-openjdk/jre/lib/sunrsasign.jar:/usr/lib/jvm/java-1.8-openjdk/jre/lib/jsse.jar:/usr/lib/jvm/java-1.8-openjdk/jre/lib/jce.jar:/usr/lib/jvm/java-1.8-openjdk/jre/lib/charsets.jar:/usr/lib/jvm/java-1.8-openjdk/jre/lib/jfr.jar:/usr/lib/jvm/java-1.8-openjdk/jre/classes"/>
    <property name="sun.management.compiler" value="HotSpot 64-Bit Tiered Compilers"/>
    <property name="java.runtime.version" value="1.8.0_212-b04"/>
    <property name="java.net.preferIPv4Stack" value="true"/>
    <property name="user.name" value="jenkins1000"/>
    <property name="path.separator" value=":"/>
    <property name="java.security.egd" value="file:///dev/urandom"/>
    <property name="os.version" value="3.10.0-957.12.2.el7.x86_64"/>
    <property name="java.endorsed.dirs" value="/usr/lib/jvm/java-1.8-openjdk/jre/lib/endorsed"/>
    <property name="java.runtime.name" value="OpenJDK Runtime Environment"/>
    <property name="file.encoding" value="UTF-8"/>
    <property name="java.vm.name" value="OpenJDK 64-Bit Server VM"/>
    <property name="test.build.webapps" value=""/>
    <property name="localRepository" value="/home/user/.m2/repository"/>
    <property name="java.vendor.url.bug" value="https://icedtea.classpath.org/bugzilla"/>
    <property name="java.io.tmpdir" value="/tmp"/>
    <property name="require.test.libhadoop" value=""/>
    <property name="java.version" value="1.8.0_212"/>
    <property name="user.dir" value="/workdir/hadoop-ozone/integration-test"/>
    <property name="os.arch" value="amd64"/>
    <property name="java.vm.specification.name" value="Java Virtual Machine Specification"/>
    <property name="test.build.classes" value="/workdir/hadoop-ozone/integration-test/target/test-classes"/>
    <property name="java.awt.printerjob" value="sun.print.PSPrinterJob"/>
    <property name="sun.os.patch.level" value="unknown"/>
    <property name="hadoop.tmp.dir" value="/workdir/hadoop-ozone/integration-test/target/tmp"/>
    <property name="java.library.path" value="/usr/lib/jvm/java-1.8-openjdk/jre/lib/amd64/server:/usr/lib/jvm/java-1.8-openjdk/jre/lib/amd64:/usr/lib/jvm/java-1.8-openjdk/jre/../lib/amd64:/workdir/hadoop-ozone/integration-test/target/native/target/usr/local/lib:/workdir/hadoop-ozone/integration-test/../../hadoop-common-project/hadoop-common/target/native/target/usr/local/lib:/usr/java/packages/lib/amd64:/usr/lib64:/lib64:/lib:/usr/lib"/>
    <property name="java.vm.info" value="mixed mode"/>
    <property name="java.vendor" value="IcedTea"/>
    <property name="java.vm.version" value="25.212-b04"/>
    <property name="java.ext.dirs" value="/usr/lib/jvm/java-1.8-openjdk/jre/lib/ext:/usr/java/packages/lib/ext"/>
    <property name="sun.io.unicode.encoding" value="UnicodeLittle"/>
    <property name="java.class.version" value="52.0"/>
  </properties>
  <testcase name="testWatchForCommitWithKeyWrite" classname="org.apache.hadoop.ozone.client.rpc.TestWatchForCommit" time="15.878">
    <error message="Allocated 0 blocks. Requested 1 blocks" type="INTERNAL_ERROR org.apache.hadoop.ozone.om.exceptions.OMException">INTERNAL_ERROR org.apache.hadoop.ozone.om.exceptions.OMException: Allocated 0 blocks. Requested 1 blocks
	at org.apache.hadoop.ozone.om.protocolPB.OzoneManagerProtocolClientSideTranslatorPB.handleError(OzoneManagerProtocolClientSideTranslatorPB.java:725)
	at org.apache.hadoop.ozone.om.protocolPB.OzoneManagerProtocolClientSideTranslatorPB.openKey(OzoneManagerProtocolClientSideTranslatorPB.java:716)
	at org.apache.hadoop.ozone.client.rpc.RpcClient.createKey(RpcClient.java:615)
	at org.apache.hadoop.ozone.client.OzoneBucket.createKey(OzoneBucket.java:323)
	at org.apache.hadoop.ozone.container.ContainerTestHelper.createKey(ContainerTestHelper.java:694)
	at org.apache.hadoop.ozone.client.rpc.TestWatchForCommit.createKey(TestWatchForCommit.java:456)
	at org.apache.hadoop.ozone.client.rpc.TestWatchForCommit.testWatchForCommitWithKeyWrite(TestWatchForCommit.java:157)
	at sun.reflect.NativeMethodAccessorImpl.invoke0(Native Method)
	at sun.reflect.NativeMethodAccessorImpl.invoke(NativeMethodAccessorImpl.java:62)
	at sun.reflect.DelegatingMethodAccessorImpl.invoke(DelegatingMethodAccessorImpl.java:43)
	at java.lang.reflect.Method.invoke(Method.java:498)
	at org.junit.runners.model.FrameworkMethod$1.runReflectiveCall(FrameworkMethod.java:47)
	at org.junit.internal.runners.model.ReflectiveCallable.run(ReflectiveCallable.java:12)
	at org.junit.runners.model.FrameworkMethod.invokeExplosively(FrameworkMethod.java:44)
	at org.junit.internal.runners.statements.InvokeMethod.evaluate(InvokeMethod.java:17)
	at org.junit.runners.ParentRunner.runLeaf(ParentRunner.java:271)
	at org.junit.runners.BlockJUnit4ClassRunner.runChild(BlockJUnit4ClassRunner.java:70)
	at org.junit.runners.BlockJUnit4ClassRunner.runChild(BlockJUnit4ClassRunner.java:50)
	at org.junit.runners.ParentRunner$3.run(ParentRunner.java:238)
	at org.junit.runners.ParentRunner$1.schedule(ParentRunner.java:63)
	at org.junit.runners.ParentRunner.runChildren(ParentRunner.java:236)
	at org.junit.runners.ParentRunner.access$000(ParentRunner.java:53)
	at org.junit.runners.ParentRunner$2.evaluate(ParentRunner.java:229)
	at org.junit.runners.ParentRunner.run(ParentRunner.java:309)
	at org.apache.maven.surefire.junit4.JUnit4Provider.execute(JUnit4Provider.java:365)
	at org.apache.maven.surefire.junit4.JUnit4Provider.executeWithRerun(JUnit4Provider.java:273)
	at org.apache.maven.surefire.junit4.JUnit4Provider.executeTestSet(JUnit4Provider.java:238)
	at org.apache.maven.surefire.junit4.JUnit4Provider.invoke(JUnit4Provider.java:159)
	at org.apache.maven.surefire.booter.ForkedBooter.invokeProviderInSameClassLoader(ForkedBooter.java:384)
	at org.apache.maven.surefire.booter.ForkedBooter.runSuitesInProcess(ForkedBooter.java:345)
	at org.apache.maven.surefire.booter.ForkedBooter.execute(ForkedBooter.java:126)
	at org.apache.maven.surefire.booter.ForkedBooter.main(ForkedBooter.java:418)
</error>
    <system-out><![CDATA[2019-09-20 04:48:38,777 [main] WARN  server.ServerUtils (ServerUtils.java:getScmDbDir(145)) - ozone.scm.db.dirs is not configured. We recommend adding this setting. Falling back to ozone.metadata.dirs instead.
2019-09-20 04:48:38,902 [main] WARN  server.ServerUtils (ServerUtils.java:getScmDbDir(145)) - ozone.scm.db.dirs is not configured. We recommend adding this setting. Falling back to ozone.metadata.dirs instead.
2019-09-20 04:48:38,906 [main] WARN  server.ServerUtils (ServerUtils.java:getScmDbDir(145)) - ozone.scm.db.dirs is not configured. We recommend adding this setting. Falling back to ozone.metadata.dirs instead.
2019-09-20 04:48:38,924 [main] INFO  util.log (Log.java:initialized(192)) - Logging initialized @912ms
2019-09-20 04:48:39,030 [main] INFO  db.DBStoreBuilder (DBStoreBuilder.java:addTable(110)) - using custom profile for table: deletedBlocks
2019-09-20 04:48:39,031 [main] INFO  db.DBStoreBuilder (DBStoreBuilder.java:processTables(161)) - Using default column profile:DBProfile.DISK for Table:deletedBlocks
2019-09-20 04:48:39,031 [main] INFO  db.DBStoreBuilder (DBStoreBuilder.java:addTable(110)) - using custom profile for table: validCerts
2019-09-20 04:48:39,031 [main] INFO  db.DBStoreBuilder (DBStoreBuilder.java:processTables(161)) - Using default column profile:DBProfile.DISK for Table:validCerts
2019-09-20 04:48:39,032 [main] INFO  db.DBStoreBuilder (DBStoreBuilder.java:addTable(110)) - using custom profile for table: revokedCerts
2019-09-20 04:48:39,032 [main] INFO  db.DBStoreBuilder (DBStoreBuilder.java:processTables(161)) - Using default column profile:DBProfile.DISK for Table:revokedCerts
2019-09-20 04:48:39,044 [main] INFO  db.DBStoreBuilder (DBStoreBuilder.java:addTable(110)) - using custom profile for table: default
2019-09-20 04:48:39,044 [main] INFO  db.DBStoreBuilder (DBStoreBuilder.java:processTables(167)) - Using default column profile:DBProfile.DISK for Table:default
2019-09-20 04:48:39,045 [main] INFO  db.DBStoreBuilder (DBStoreBuilder.java:getDbProfile(198)) - Using default options. DBProfile.DISK
2019-09-20 04:48:39,359 [main] INFO  net.NodeSchemaLoader (NodeSchemaLoader.java:loadSchemaFromFile(125)) - Loading file from sun.misc.CompoundEnumeration@72057ecf
2019-09-20 04:48:39,362 [main] INFO  net.NodeSchemaLoader (NodeSchemaLoader.java:loadSchema(171)) - Loading network topology layer schema file
2019-09-20 04:48:39,450 [main] WARN  server.ServerUtils (ServerUtils.java:sanitizeUserArgs(70)) - ozone.scm.stale.node.interval value = 300000 is larger than max = 100000 based on the key value of ozone.scm.heartbeat.thread.interval, reset to the max value 100000.
2019-09-20 04:48:39,452 [main] WARN  server.ServerUtils (ServerUtils.java:sanitizeUserArgs(70)) - ozone.scm.stale.node.interval value = 300000 is larger than max = 100000 based on the key value of ozone.scm.heartbeat.thread.interval, reset to the max value 100000.
2019-09-20 04:48:39,454 [main] INFO  node.SCMNodeManager (SCMNodeManager.java:<init>(121)) - Entering startup safe mode.
2019-09-20 04:48:39,524 [main] INFO  algorithms.ContainerPlacementPolicyFactory (ContainerPlacementPolicyFactory.java:getPolicy(56)) - Create container placement policy of type org.apache.hadoop.hdds.scm.container.placement.algorithms.SCMContainerPlacementRandom
2019-09-20 04:48:39,539 [main] WARN  server.ServerUtils (ServerUtils.java:getScmDbDir(145)) - ozone.scm.db.dirs is not configured. We recommend adding this setting. Falling back to ozone.metadata.dirs instead.
2019-09-20 04:48:39,635 [main] INFO  pipeline.SCMPipelineManager (SCMPipelineManager.java:initializePipelineState(126)) - No pipeline exists in current db
2019-09-20 04:48:39,638 [main] WARN  server.ServerUtils (ServerUtils.java:getScmDbDir(145)) - ozone.scm.db.dirs is not configured. We recommend adding this setting. Falling back to ozone.metadata.dirs instead.
2019-09-20 04:48:39,824 [main] WARN  events.EventQueue (EventQueue.java:fireEvent(175)) - No event handler registered for event TypedEvent{payloadType=SafeModeStatus, name='SafeModeStatus'}
2019-09-20 04:48:40,310 [main] INFO  ipc.CallQueueManager (CallQueueManager.java:<init>(84)) - Using callQueue: class java.util.concurrent.LinkedBlockingQueue, queueCapacity: 2000, scheduler: class org.apache.hadoop.ipc.DefaultRpcScheduler, ipcBackoff: false.
2019-09-20 04:48:40,658 [Socket Reader #1 for port 46657] INFO  ipc.Server (Server.java:run(1074)) - Starting Socket Reader #1 for port 46657
2019-09-20 04:48:40,698 [main] INFO  ipc.CallQueueManager (CallQueueManager.java:<init>(84)) - Using callQueue: class java.util.concurrent.LinkedBlockingQueue, queueCapacity: 2000, scheduler: class org.apache.hadoop.ipc.DefaultRpcScheduler, ipcBackoff: false.
2019-09-20 04:48:40,699 [Socket Reader #1 for port 40622] INFO  ipc.Server (Server.java:run(1074)) - Starting Socket Reader #1 for port 40622
2019-09-20 04:48:40,709 [main] INFO  ipc.CallQueueManager (CallQueueManager.java:<init>(84)) - Using callQueue: class java.util.concurrent.LinkedBlockingQueue, queueCapacity: 2000, scheduler: class org.apache.hadoop.ipc.DefaultRpcScheduler, ipcBackoff: false.
2019-09-20 04:48:40,710 [Socket Reader #1 for port 38304] INFO  ipc.Server (Server.java:run(1074)) - Starting Socket Reader #1 for port 38304
2019-09-20 04:48:40,735 [main] INFO  hdfs.DFSUtil (DFSUtil.java:httpServerTemplateForNNAndJN(1641)) - Starting Web-server for scm at: http://0.0.0.0:0
2019-09-20 04:48:40,871 [main] INFO  server.AuthenticationFilter (AuthenticationFilter.java:constructSecretProvider(240)) - Unable to initialize FileSignerSecretProvider, falling back to use random secrets.
2019-09-20 04:48:40,879 [main] WARN  http.HttpRequestLog (HttpRequestLog.java:getRequestLog(97)) - Jetty request log can only be enabled using Log4j
2019-09-20 04:48:40,887 [main] INFO  http.HttpServer2 (HttpServer2.java:addGlobalFilter(975)) - Added global filter 'safety' (class=org.apache.hadoop.http.HttpServer2$QuotingInputFilter)
2019-09-20 04:48:40,889 [main] INFO  http.HttpServer2 (HttpServer2.java:addFilter(948)) - Added filter static_user_filter (class=org.apache.hadoop.http.lib.StaticUserWebFilter$StaticUserFilter) to context scm
2019-09-20 04:48:40,890 [main] INFO  http.HttpServer2 (HttpServer2.java:addFilter(958)) - Added filter static_user_filter (class=org.apache.hadoop.http.lib.StaticUserWebFilter$StaticUserFilter) to context static
2019-09-20 04:48:40,890 [main] INFO  http.HttpServer2 (HttpServer2.java:addFilter(958)) - Added filter static_user_filter (class=org.apache.hadoop.http.lib.StaticUserWebFilter$StaticUserFilter) to context logs
2019-09-20 04:48:40,918 [main] INFO  server.StorageContainerManager (StorageContainerManager.java:start(759)) - StorageContainerLocationProtocol RPC server is listening at /0.0.0.0:38304
2019-09-20 04:48:40,980 [main] WARN  impl.MetricsConfig (MetricsConfig.java:loadFirst(134)) - Cannot locate configuration: tried hadoop-metrics2-storagecontainermanager.properties,hadoop-metrics2.properties
2019-09-20 04:48:40,993 [main] INFO  impl.MetricsSystemImpl (MetricsSystemImpl.java:startTimer(374)) - Scheduled Metric snapshot period at 10 second(s).
2019-09-20 04:48:40,993 [main] INFO  impl.MetricsSystemImpl (MetricsSystemImpl.java:start(191)) - StorageContainerManager metrics system started
2019-09-20 04:48:41,222 [main] INFO  server.SCMClientProtocolServer (SCMClientProtocolServer.java:start(151)) - RPC server for Client  is listening at /0.0.0.0:38304
2019-09-20 04:48:41,223 [IPC Server listener on 38304] INFO  ipc.Server (Server.java:run(1153)) - IPC Server listener on 38304: starting
2019-09-20 04:48:41,223 [IPC Server Responder] INFO  ipc.Server (Server.java:run(1314)) - IPC Server Responder: starting
2019-09-20 04:48:41,225 [main] INFO  server.StorageContainerManager (StorageContainerManager.java:start(769)) - ScmBlockLocationProtocol RPC server is listening at /0.0.0.0:40622
2019-09-20 04:48:41,226 [main] INFO  server.SCMBlockProtocolServer (SCMBlockProtocolServer.java:start(140)) - RPC server for Block Protocol is listening at /0.0.0.0:40622
2019-09-20 04:48:41,226 [IPC Server Responder] INFO  ipc.Server (Server.java:run(1314)) - IPC Server Responder: starting
2019-09-20 04:48:41,226 [IPC Server listener on 40622] INFO  ipc.Server (Server.java:run(1153)) - IPC Server listener on 40622: starting
2019-09-20 04:48:41,228 [main] INFO  server.StorageContainerManager (StorageContainerManager.java:start(773)) - ScmDatanodeProtocl RPC server is listening at /0.0.0.0:46657
2019-09-20 04:48:41,228 [main] INFO  server.SCMDatanodeProtocolServer (SCMDatanodeProtocolServer.java:start(191)) - RPC server for DataNodes is listening at /0.0.0.0:46657
2019-09-20 04:48:41,228 [IPC Server Responder] INFO  ipc.Server (Server.java:run(1314)) - IPC Server Responder: starting
2019-09-20 04:48:41,228 [IPC Server listener on 46657] INFO  ipc.Server (Server.java:run(1153)) - IPC Server listener on 46657: starting
2019-09-20 04:48:41,232 [main] INFO  http.HttpServer2 (HttpServer2.java:bindListener(1191)) - Jetty bound to port 35722
2019-09-20 04:48:41,233 [main] INFO  server.Server (Server.java:doStart(351)) - jetty-9.3.24.v20180605, build timestamp: 2018-06-05T17:11:56Z, git hash: 84205aa28f11a4f31f2a3b86d1bba2cc8ab69827
2019-09-20 04:48:41,268 [main] INFO  handler.ContextHandler (ContextHandler.java:doStart(781)) - Started o.e.j.s.ServletContextHandler@5c530d1e{/logs,file:///workdir/hadoop-ozone/integration-test/target/log,AVAILABLE}
2019-09-20 04:48:41,269 [main] INFO  handler.ContextHandler (ContextHandler.java:doStart(781)) - Started o.e.j.s.ServletContextHandler@85e6769{/static,file:///workdir/hadoop-ozone/integration-test/target/test-classes/webapps/static,AVAILABLE}
2019-09-20 04:48:41,319 [main] INFO  handler.ContextHandler (ContextHandler.java:doStart(781)) - Started o.e.j.w.WebAppContext@5149f008{/,file:///workdir/hadoop-ozone/integration-test/target/test-classes/webapps/scm/,AVAILABLE}{/scm}
2019-09-20 04:48:41,326 [main] INFO  server.AbstractConnector (AbstractConnector.java:doStart(278)) - Started ServerConnector@40f33492{HTTP/1.1,[http/1.1]}{0.0.0.0:35722}
2019-09-20 04:48:41,327 [main] INFO  server.Server (Server.java:doStart(419)) - Started @3315ms
2019-09-20 04:48:41,328 [main] INFO  server.BaseHttpServer (BaseHttpServer.java:updateConnectorAddress(213)) - HTTP server of SCM is listening at http://0.0.0.0:35722
2019-09-20 04:48:41,337 [org.apache.hadoop.util.JvmPauseMonitor$Monitor@40bffbca] INFO  util.JvmPauseMonitor (JvmPauseMonitor.java:run(188)) - Starting JVM pause monitor
2019-09-20 04:48:41,342 [main] WARN  server.ServerUtils (ServerUtils.java:getDBPath(222)) - ozone.om.db.dirs is not configured. We recommend adding this setting. Falling back to ozone.metadata.dirs instead.
2019-09-20 04:48:41,436 [main] WARN  server.ServerUtils (ServerUtils.java:getDBPath(222)) - ozone.om.db.dirs is not configured. We recommend adding this setting. Falling back to ozone.metadata.dirs instead.
2019-09-20 04:48:41,436 [main] WARN  server.ServerUtils (ServerUtils.java:getDBPath(222)) - ozone.om.db.dirs is not configured. We recommend adding this setting. Falling back to ozone.metadata.dirs instead.
2019-09-20 04:48:41,437 [main] INFO  om.OzoneManager (OzoneManager.java:setOMNodeDetails(645)) - OM Service ID is not set. Setting it to the default ID: omServiceIdDefault
2019-09-20 04:48:41,437 [main] INFO  om.OzoneManager (OzoneManager.java:setOMNodeDetails(651)) - OM Node ID is not set. Setting it to the OmStorage's OmID: a4a57673-9700-4907-b4e8-b5bc2cee901f
2019-09-20 04:48:41,439 [main] INFO  om.OzoneManager (OzoneManager.java:loadOMHAConfigs(602)) - Found matching OM address with OMServiceId: null, OMNodeId: null, RPC Address: localhost:0 and Ratis port: 9872
2019-09-20 04:48:41,697 | INFO  | SCMAudit | user=jenkins1000 | ip=192.168.36.79 | op=GET_SCM_INFO null | ret=SUCCESS |  
2019-09-20 04:48:42,131 [main] WARN  server.ServerUtils (ServerUtils.java:getDBPath(222)) - ozone.om.db.dirs is not configured. We recommend adding this setting. Falling back to ozone.metadata.dirs instead.
2019-09-20 04:48:42,137 [main] INFO  db.DBStoreBuilder (DBStoreBuilder.java:addTable(110)) - using custom profile for table: userTable
2019-09-20 04:48:42,138 [main] INFO  db.DBStoreBuilder (DBStoreBuilder.java:processTables(161)) - Using default column profile:DBProfile.DISK for Table:userTable
2019-09-20 04:48:42,138 [main] INFO  db.DBStoreBuilder (DBStoreBuilder.java:addTable(110)) - using custom profile for table: volumeTable
2019-09-20 04:48:42,138 [main] INFO  db.DBStoreBuilder (DBStoreBuilder.java:processTables(161)) - Using default column profile:DBProfile.DISK for Table:volumeTable
2019-09-20 04:48:42,138 [main] INFO  db.DBStoreBuilder (DBStoreBuilder.java:addTable(110)) - using custom profile for table: bucketTable
2019-09-20 04:48:42,139 [main] INFO  db.DBStoreBuilder (DBStoreBuilder.java:processTables(161)) - Using default column profile:DBProfile.DISK for Table:bucketTable
2019-09-20 04:48:42,139 [main] INFO  db.DBStoreBuilder (DBStoreBuilder.java:addTable(110)) - using custom profile for table: keyTable
2019-09-20 04:48:42,139 [main] INFO  db.DBStoreBuilder (DBStoreBuilder.java:processTables(161)) - Using default column profile:DBProfile.DISK for Table:keyTable
2019-09-20 04:48:42,139 [main] INFO  db.DBStoreBuilder (DBStoreBuilder.java:addTable(110)) - using custom profile for table: deletedTable
2019-09-20 04:48:42,140 [main] INFO  db.DBStoreBuilder (DBStoreBuilder.java:processTables(161)) - Using default column profile:DBProfile.DISK for Table:deletedTable
2019-09-20 04:48:42,140 [main] INFO  db.DBStoreBuilder (DBStoreBuilder.java:addTable(110)) - using custom profile for table: openKeyTable
2019-09-20 04:48:42,140 [main] INFO  db.DBStoreBuilder (DBStoreBuilder.java:processTables(161)) - Using default column profile:DBProfile.DISK for Table:openKeyTable
2019-09-20 04:48:42,140 [main] INFO  db.DBStoreBuilder (DBStoreBuilder.java:addTable(110)) - using custom profile for table: s3Table
2019-09-20 04:48:42,140 [main] INFO  db.DBStoreBuilder (DBStoreBuilder.java:processTables(161)) - Using default column profile:DBProfile.DISK for Table:s3Table
2019-09-20 04:48:42,141 [main] INFO  db.DBStoreBuilder (DBStoreBuilder.java:addTable(110)) - using custom profile for table: multipartInfoTable
2019-09-20 04:48:42,141 [main] INFO  db.DBStoreBuilder (DBStoreBuilder.java:processTables(161)) - Using default column profile:DBProfile.DISK for Table:multipartInfoTable
2019-09-20 04:48:42,141 [main] INFO  db.DBStoreBuilder (DBStoreBuilder.java:addTable(110)) - using custom profile for table: dTokenTable
2019-09-20 04:48:42,141 [main] INFO  db.DBStoreBuilder (DBStoreBuilder.java:processTables(161)) - Using default column profile:DBProfile.DISK for Table:dTokenTable
2019-09-20 04:48:42,142 [main] INFO  db.DBStoreBuilder (DBStoreBuilder.java:addTable(110)) - using custom profile for table: s3SecretTable
2019-09-20 04:48:42,142 [main] INFO  db.DBStoreBuilder (DBStoreBuilder.java:processTables(161)) - Using default column profile:DBProfile.DISK for Table:s3SecretTable
2019-09-20 04:48:42,142 [main] INFO  db.DBStoreBuilder (DBStoreBuilder.java:addTable(110)) - using custom profile for table: prefixTable
2019-09-20 04:48:42,142 [main] INFO  db.DBStoreBuilder (DBStoreBuilder.java:processTables(161)) - Using default column profile:DBProfile.DISK for Table:prefixTable
2019-09-20 04:48:42,142 [main] INFO  db.DBStoreBuilder (DBStoreBuilder.java:addTable(110)) - using custom profile for table: default
2019-09-20 04:48:42,143 [main] INFO  db.DBStoreBuilder (DBStoreBuilder.java:processTables(167)) - Using default column profile:DBProfile.DISK for Table:default
2019-09-20 04:48:42,143 [main] INFO  db.DBStoreBuilder (DBStoreBuilder.java:getDbProfile(198)) - Using default options. DBProfile.DISK
2019-09-20 04:48:42,866 [main] INFO  ipc.CallQueueManager (CallQueueManager.java:<init>(84)) - Using callQueue: class java.util.concurrent.LinkedBlockingQueue, queueCapacity: 2000, scheduler: class org.apache.hadoop.ipc.DefaultRpcScheduler, ipcBackoff: false.
2019-09-20 04:48:42,867 [Socket Reader #1 for port 40866] INFO  ipc.Server (Server.java:run(1074)) - Starting Socket Reader #1 for port 40866
2019-09-20 04:48:42,884 [main] INFO  om.OzoneManager (OzoneManager.java:start(1256)) - OzoneManager RPC server is listening at localhost/127.0.0.1:40866
2019-09-20 04:48:42,884 [main] INFO  impl.MetricsSystemImpl (MetricsSystemImpl.java:init(158)) - OzoneManager metrics system started (again)
2019-09-20 04:48:42,885 [IPC Server Responder] INFO  ipc.Server (Server.java:run(1314)) - IPC Server Responder: starting
2019-09-20 04:48:42,885 [IPC Server listener on 40866] INFO  ipc.Server (Server.java:run(1153)) - IPC Server listener on 40866: starting
2019-09-20 04:48:42,891 [main] INFO  hdfs.DFSUtil (DFSUtil.java:httpServerTemplateForNNAndJN(1641)) - Starting Web-server for ozoneManager at: http://0.0.0.0:0
2019-09-20 04:48:42,892 [main] INFO  server.AuthenticationFilter (AuthenticationFilter.java:constructSecretProvider(240)) - Unable to initialize FileSignerSecretProvider, falling back to use random secrets.
2019-09-20 04:48:42,892 [main] WARN  http.HttpRequestLog (HttpRequestLog.java:getRequestLog(97)) - Jetty request log can only be enabled using Log4j
2019-09-20 04:48:42,894 [main] INFO  http.HttpServer2 (HttpServer2.java:addGlobalFilter(975)) - Added global filter 'safety' (class=org.apache.hadoop.http.HttpServer2$QuotingInputFilter)
2019-09-20 04:48:42,895 [main] INFO  http.HttpServer2 (HttpServer2.java:addFilter(948)) - Added filter static_user_filter (class=org.apache.hadoop.http.lib.StaticUserWebFilter$StaticUserFilter) to context ozoneManager
2019-09-20 04:48:42,895 [main] INFO  http.HttpServer2 (HttpServer2.java:addFilter(958)) - Added filter static_user_filter (class=org.apache.hadoop.http.lib.StaticUserWebFilter$StaticUserFilter) to context logs
2019-09-20 04:48:42,896 [main] INFO  http.HttpServer2 (HttpServer2.java:addFilter(958)) - Added filter static_user_filter (class=org.apache.hadoop.http.lib.StaticUserWebFilter$StaticUserFilter) to context static
2019-09-20 04:48:42,897 [main] INFO  http.HttpServer2 (HttpServer2.java:bindListener(1191)) - Jetty bound to port 35270
2019-09-20 04:48:42,897 [main] INFO  server.Server (Server.java:doStart(351)) - jetty-9.3.24.v20180605, build timestamp: 2018-06-05T17:11:56Z, git hash: 84205aa28f11a4f31f2a3b86d1bba2cc8ab69827
2019-09-20 04:48:42,899 [main] INFO  handler.ContextHandler (ContextHandler.java:doStart(781)) - Started o.e.j.s.ServletContextHandler@41c204a0{/logs,file:///workdir/hadoop-ozone/integration-test/target/log,AVAILABLE}
2019-09-20 04:48:42,900 [main] INFO  handler.ContextHandler (ContextHandler.java:doStart(781)) - Started o.e.j.s.ServletContextHandler@49dbaaf3{/static,file:///workdir/hadoop-ozone/integration-test/target/test-classes/webapps/static,AVAILABLE}
2019-09-20 04:48:43,096 [main] INFO  handler.ContextHandler (ContextHandler.java:doStart(781)) - Started o.e.j.w.WebAppContext@63da207f{/,file:///workdir/hadoop-ozone/integration-test/target/test-classes/webapps/ozoneManager/,AVAILABLE}{/ozoneManager}
2019-09-20 04:48:43,099 [main] INFO  server.AbstractConnector (AbstractConnector.java:doStart(278)) - Started ServerConnector@173373b4{HTTP/1.1,[http/1.1]}{0.0.0.0:35270}
2019-09-20 04:48:43,100 [main] INFO  server.Server (Server.java:doStart(419)) - Started @5088ms
2019-09-20 04:48:43,101 [main] INFO  server.BaseHttpServer (BaseHttpServer.java:updateConnectorAddress(213)) - HTTP server of OZONEMANAGER is listening at http://0.0.0.0:35270
2019-09-20 04:48:43,285 [main] INFO  impl.MetricsSystemImpl (MetricsSystemImpl.java:init(158)) - HddsDatanode metrics system started (again)
2019-09-20 04:48:43,380 [main] INFO  ozone.HddsDatanodeService (HddsDatanodeService.java:start(184)) - HddsDatanodeService host:pr-hdds-1569-s8kj2-2266485376 ip:192.168.36.79
2019-09-20 04:48:43,413 [main] INFO  volume.HddsVolume (HddsVolume.java:<init>(176)) - Creating Volume: /workdir/hadoop-ozone/integration-test/target/test-dir/MiniOzoneClusterImpl-c00aaa5b-d63b-4769-9462-6a4c88d2a8bf/datanode-0/data/containers/hdds of  storage type : DISK and capacity : 1482555576320
2019-09-20 04:48:43,416 [main] INFO  volume.VolumeSet (VolumeSet.java:initializeVolumeSet(170)) - Added Volume : /workdir/hadoop-ozone/integration-test/target/test-dir/MiniOzoneClusterImpl-c00aaa5b-d63b-4769-9462-6a4c88d2a8bf/datanode-0/data/containers/hdds to VolumeSet
2019-09-20 04:48:43,421 [main] INFO  volume.ThrottledAsyncChecker (ThrottledAsyncChecker.java:schedule(140)) - Scheduling a check for org.apache.hadoop.ozone.container.common.volume.HddsVolume@30d25c03
2019-09-20 04:48:43,447 [main] INFO  volume.HddsVolumeChecker (HddsVolumeChecker.java:checkAllVolumes(203)) - Scheduled health check for volume org.apache.hadoop.ozone.container.common.volume.HddsVolume@30d25c03
2019-09-20 04:48:43,565 [main] INFO  impl.RaftServerProxy (ConfUtils.java:logGet(43)) - raft.rpc.type = GRPC (default)
2019-09-20 04:48:43,627 [main] INFO  grpc.GrpcFactory (GrpcFactory.java:checkPooledByteBufAllocatorUseCacheForAllThreads(45)) - PERFORMANCE WARNING: useCacheForAllThreads is true that may cause Netty to create a lot garbage objects and, as a result, trigger GC.
	It is recommended to disable useCacheForAllThreads by setting -Dorg.apache.ratis.thirdparty.io.netty.allocator.useCacheForAllThreads=false in command line.
2019-09-20 04:48:43,635 [main] INFO  grpc.GrpcConfigKeys$Server (ConfUtils.java:logGet(43)) - raft.grpc.server.port = 0 (default)
2019-09-20 04:48:43,635 [main] INFO  server.GrpcService (ConfUtils.java:logGet(43)) - raft.grpc.message.size.max = 33570816 (custom)
2019-09-20 04:48:43,637 [main] INFO  server.RaftServerConfigKeys (ConfUtils.java:logGet(43)) - raft.server.log.appender.buffer.byte-limit = 33554432 (custom)
2019-09-20 04:48:43,638 [main] INFO  server.GrpcService (ConfUtils.java:logGet(43)) - raft.grpc.flow.control.window = 1MB (=1048576) (default)
2019-09-20 04:48:43,638 [main] INFO  server.RaftServerConfigKeys (ConfUtils.java:logGet(43)) - raft.server.rpc.request.timeout = 3000ms (default)
2019-09-20 04:48:43,791 [main] INFO  server.RaftServerConfigKeys (ConfUtils.java:logGet(43)) - raft.server.storage.dir = [/workdir/hadoop-ozone/integration-test/target/test-dir/MiniOzoneClusterImpl-c00aaa5b-d63b-4769-9462-6a4c88d2a8bf/datanode-0/data/ratis] (custom)
2019-09-20 04:48:43,827 [main] INFO  replication.SimpleContainerDownloader (SimpleContainerDownloader.java:<init>(72)) - Starting container downloader service to copy containers to replicate.
2019-09-20 04:48:43,839 [main] INFO  hdfs.DFSUtil (DFSUtil.java:httpServerTemplateForNNAndJN(1641)) - Starting Web-server for hddsDatanode at: http://0.0.0.0:0
2019-09-20 04:48:43,841 [main] INFO  server.AuthenticationFilter (AuthenticationFilter.java:constructSecretProvider(240)) - Unable to initialize FileSignerSecretProvider, falling back to use random secrets.
2019-09-20 04:48:43,842 [main] WARN  http.HttpRequestLog (HttpRequestLog.java:getRequestLog(97)) - Jetty request log can only be enabled using Log4j
2019-09-20 04:48:43,844 [main] INFO  http.HttpServer2 (HttpServer2.java:addGlobalFilter(975)) - Added global filter 'safety' (class=org.apache.hadoop.http.HttpServer2$QuotingInputFilter)
2019-09-20 04:48:43,844 [main] INFO  http.HttpServer2 (HttpServer2.java:addFilter(948)) - Added filter static_user_filter (class=org.apache.hadoop.http.lib.StaticUserWebFilter$StaticUserFilter) to context hddsDatanode
2019-09-20 04:48:43,845 [main] INFO  http.HttpServer2 (HttpServer2.java:addFilter(958)) - Added filter static_user_filter (class=org.apache.hadoop.http.lib.StaticUserWebFilter$StaticUserFilter) to context logs
2019-09-20 04:48:43,845 [main] INFO  http.HttpServer2 (HttpServer2.java:addFilter(958)) - Added filter static_user_filter (class=org.apache.hadoop.http.lib.StaticUserWebFilter$StaticUserFilter) to context static
2019-09-20 04:48:43,846 [main] INFO  http.HttpServer2 (HttpServer2.java:bindListener(1191)) - Jetty bound to port 36289
2019-09-20 04:48:43,846 [main] INFO  server.Server (Server.java:doStart(351)) - jetty-9.3.24.v20180605, build timestamp: 2018-06-05T17:11:56Z, git hash: 84205aa28f11a4f31f2a3b86d1bba2cc8ab69827
2019-09-20 04:48:43,848 [main] INFO  handler.ContextHandler (ContextHandler.java:doStart(781)) - Started o.e.j.s.ServletContextHandler@1457fde{/logs,file:///workdir/hadoop-ozone/integration-test/target/log,AVAILABLE}
2019-09-20 04:48:43,849 [main] INFO  handler.ContextHandler (ContextHandler.java:doStart(781)) - Started o.e.j.s.ServletContextHandler@17fa1336{/static,jar:file:/home/user/.m2/repository/org/apache/hadoop/hadoop-hdds-container-service/0.5.0-SNAPSHOT/hadoop-hdds-container-service-0.5.0-SNAPSHOT.jar!/webapps/static,AVAILABLE}
2019-09-20 04:48:43,880 [main] INFO  handler.ContextHandler (ContextHandler.java:doStart(781)) - Started o.e.j.w.WebAppContext@7b306b9f{/,file:///tmp/jetty-0.0.0.0-36289-hddsDatanode-_-any-7116745942556377379.dir/webapp/,AVAILABLE}{/hddsDatanode}
2019-09-20 04:48:43,881 [main] INFO  server.AbstractConnector (AbstractConnector.java:doStart(278)) - Started ServerConnector@142213d5{HTTP/1.1,[http/1.1]}{0.0.0.0:36289}
2019-09-20 04:48:43,882 [main] INFO  server.Server (Server.java:doStart(419)) - Started @5870ms
2019-09-20 04:48:43,883 [main] INFO  server.BaseHttpServer (BaseHttpServer.java:updateConnectorAddress(213)) - HTTP server of HDDSDATANODE is listening at http://0.0.0.0:36289
2019-09-20 04:48:44,876 | INFO  | ObjectStoreRestHttpServer | Listening HDDS REST traffic on /0.0.0.0:43398 |  
2019-09-20 04:48:44,877 [main] INFO  ozone.HddsDatanodeService (HddsDatanodeService.java:startPlugins(395)) - Started plug-in org.apache.hadoop.ozone.web.OzoneHddsDatanodeService@3375ebd3
2019-09-20 04:48:44,878 [main] INFO  impl.MetricsSystemImpl (MetricsSystemImpl.java:init(158)) - HddsDatanode metrics system started (again)
2019-09-20 04:48:44,881 [main] INFO  ozone.HddsDatanodeService (HddsDatanodeService.java:start(184)) - HddsDatanodeService host:pr-hdds-1569-s8kj2-2266485376 ip:192.168.36.79
2019-09-20 04:48:44,885 [org.apache.hadoop.util.JvmPauseMonitor$Monitor@6a9f1a2c] INFO  util.JvmPauseMonitor (JvmPauseMonitor.java:run(188)) - Starting JVM pause monitor
2019-09-20 04:48:44,895 [main] INFO  volume.HddsVolume (HddsVolume.java:<init>(176)) - Creating Volume: /workdir/hadoop-ozone/integration-test/target/test-dir/MiniOzoneClusterImpl-c00aaa5b-d63b-4769-9462-6a4c88d2a8bf/datanode-1/data/containers/hdds of  storage type : DISK and capacity : 1482555576320
2019-09-20 04:48:44,896 [main] INFO  volume.VolumeSet (VolumeSet.java:initializeVolumeSet(170)) - Added Volume : /workdir/hadoop-ozone/integration-test/target/test-dir/MiniOzoneClusterImpl-c00aaa5b-d63b-4769-9462-6a4c88d2a8bf/datanode-1/data/containers/hdds to VolumeSet
2019-09-20 04:48:44,897 [main] INFO  volume.ThrottledAsyncChecker (ThrottledAsyncChecker.java:schedule(140)) - Scheduling a check for org.apache.hadoop.ozone.container.common.volume.HddsVolume@27960b1e
2019-09-20 04:48:44,898 [main] INFO  volume.HddsVolumeChecker (HddsVolumeChecker.java:checkAllVolumes(203)) - Scheduled health check for volume org.apache.hadoop.ozone.container.common.volume.HddsVolume@27960b1e
2019-09-20 04:48:44,921 [main] INFO  impl.RaftServerProxy (ConfUtils.java:logGet(43)) - raft.rpc.type = GRPC (default)
2019-09-20 04:48:44,921 [main] INFO  grpc.GrpcFactory (GrpcFactory.java:checkPooledByteBufAllocatorUseCacheForAllThreads(45)) - PERFORMANCE WARNING: useCacheForAllThreads is true that may cause Netty to create a lot garbage objects and, as a result, trigger GC.
	It is recommended to disable useCacheForAllThreads by setting -Dorg.apache.ratis.thirdparty.io.netty.allocator.useCacheForAllThreads=false in command line.
2019-09-20 04:48:44,921 [main] INFO  grpc.GrpcConfigKeys$Server (ConfUtils.java:logGet(43)) - raft.grpc.server.port = 0 (default)
2019-09-20 04:48:44,922 [main] INFO  server.GrpcService (ConfUtils.java:logGet(43)) - raft.grpc.message.size.max = 33570816 (custom)
2019-09-20 04:48:44,922 [main] INFO  server.RaftServerConfigKeys (ConfUtils.java:logGet(43)) - raft.server.log.appender.buffer.byte-limit = 33554432 (custom)
2019-09-20 04:48:44,922 [main] INFO  server.GrpcService (ConfUtils.java:logGet(43)) - raft.grpc.flow.control.window = 1MB (=1048576) (default)
2019-09-20 04:48:44,923 [main] INFO  server.RaftServerConfigKeys (ConfUtils.java:logGet(43)) - raft.server.rpc.request.timeout = 3000ms (default)
2019-09-20 04:48:44,923 [main] INFO  server.RaftServerConfigKeys (ConfUtils.java:logGet(43)) - raft.server.storage.dir = [/workdir/hadoop-ozone/integration-test/target/test-dir/MiniOzoneClusterImpl-c00aaa5b-d63b-4769-9462-6a4c88d2a8bf/datanode-1/data/ratis] (custom)
2019-09-20 04:48:44,924 [main] INFO  replication.SimpleContainerDownloader (SimpleContainerDownloader.java:<init>(72)) - Starting container downloader service to copy containers to replicate.
2019-09-20 04:48:44,925 [main] INFO  hdfs.DFSUtil (DFSUtil.java:httpServerTemplateForNNAndJN(1641)) - Starting Web-server for hddsDatanode at: http://0.0.0.0:0
2019-09-20 04:48:44,927 [main] INFO  server.AuthenticationFilter (AuthenticationFilter.java:constructSecretProvider(240)) - Unable to initialize FileSignerSecretProvider, falling back to use random secrets.
2019-09-20 04:48:44,927 [main] WARN  http.HttpRequestLog (HttpRequestLog.java:getRequestLog(97)) - Jetty request log can only be enabled using Log4j
2019-09-20 04:48:44,929 [main] INFO  http.HttpServer2 (HttpServer2.java:addGlobalFilter(975)) - Added global filter 'safety' (class=org.apache.hadoop.http.HttpServer2$QuotingInputFilter)
2019-09-20 04:48:44,929 [main] INFO  http.HttpServer2 (HttpServer2.java:addFilter(948)) - Added filter static_user_filter (class=org.apache.hadoop.http.lib.StaticUserWebFilter$StaticUserFilter) to context hddsDatanode
2019-09-20 04:48:44,930 [main] INFO  http.HttpServer2 (HttpServer2.java:addFilter(958)) - Added filter static_user_filter (class=org.apache.hadoop.http.lib.StaticUserWebFilter$StaticUserFilter) to context static
2019-09-20 04:48:44,930 [main] INFO  http.HttpServer2 (HttpServer2.java:addFilter(958)) - Added filter static_user_filter (class=org.apache.hadoop.http.lib.StaticUserWebFilter$StaticUserFilter) to context logs
2019-09-20 04:48:44,930 [main] INFO  http.HttpServer2 (HttpServer2.java:bindListener(1191)) - Jetty bound to port 43044
2019-09-20 04:48:44,931 [main] INFO  server.Server (Server.java:doStart(351)) - jetty-9.3.24.v20180605, build timestamp: 2018-06-05T17:11:56Z, git hash: 84205aa28f11a4f31f2a3b86d1bba2cc8ab69827
2019-09-20 04:48:44,934 [main] INFO  handler.ContextHandler (ContextHandler.java:doStart(781)) - Started o.e.j.s.ServletContextHandler@44f0ff2b{/logs,file:///workdir/hadoop-ozone/integration-test/target/log,AVAILABLE}
2019-09-20 04:48:44,935 [main] INFO  handler.ContextHandler (ContextHandler.java:doStart(781)) - Started o.e.j.s.ServletContextHandler@68af87ad{/static,jar:file:/home/user/.m2/repository/org/apache/hadoop/hadoop-hdds-container-service/0.5.0-SNAPSHOT/hadoop-hdds-container-service-0.5.0-SNAPSHOT.jar!/webapps/static,AVAILABLE}
2019-09-20 04:48:44,964 [main] INFO  handler.ContextHandler (ContextHandler.java:doStart(781)) - Started o.e.j.w.WebAppContext@265a094b{/,file:///tmp/jetty-0.0.0.0-43044-hddsDatanode-_-any-111033572143678315.dir/webapp/,AVAILABLE}{/hddsDatanode}
2019-09-20 04:48:44,965 [main] INFO  server.AbstractConnector (AbstractConnector.java:doStart(278)) - Started ServerConnector@1f536481{HTTP/1.1,[http/1.1]}{0.0.0.0:43044}
2019-09-20 04:48:44,966 [main] INFO  server.Server (Server.java:doStart(419)) - Started @6954ms
2019-09-20 04:48:44,967 [main] INFO  server.BaseHttpServer (BaseHttpServer.java:updateConnectorAddress(213)) - HTTP server of HDDSDATANODE is listening at http://0.0.0.0:43044
2019-09-20 04:48:44,996 [Datanode State Machine Thread - 0] INFO  datanode.InitDatanodeState (InitDatanodeState.java:persistContainerDatanodeDetails(140)) - DatanodeDetails is persisted to /workdir/hadoop-ozone/integration-test/target/test-dir/MiniOzoneClusterImpl-c00aaa5b-d63b-4769-9462-6a4c88d2a8bf/datanode-0/meta/datanode.id
2019-09-20 04:48:45,118 | INFO  | ObjectStoreRestHttpServer | Listening HDDS REST traffic on /0.0.0.0:39507 |  
2019-09-20 04:48:45,118 [main] INFO  ozone.HddsDatanodeService (HddsDatanodeService.java:startPlugins(395)) - Started plug-in org.apache.hadoop.ozone.web.OzoneHddsDatanodeService@2faa55bb
2019-09-20 04:48:45,119 [main] INFO  impl.MetricsSystemImpl (MetricsSystemImpl.java:init(158)) - HddsDatanode metrics system started (again)
2019-09-20 04:48:45,121 [main] INFO  ozone.HddsDatanodeService (HddsDatanodeService.java:start(184)) - HddsDatanodeService host:pr-hdds-1569-s8kj2-2266485376 ip:192.168.36.79
2019-09-20 04:48:45,122 [org.apache.hadoop.util.JvmPauseMonitor$Monitor@31a05c4d] INFO  util.JvmPauseMonitor (JvmPauseMonitor.java:run(188)) - Starting JVM pause monitor
2019-09-20 04:48:45,127 [Datanode State Machine Thread - 0] INFO  datanode.InitDatanodeState (InitDatanodeState.java:persistContainerDatanodeDetails(140)) - DatanodeDetails is persisted to /workdir/hadoop-ozone/integration-test/target/test-dir/MiniOzoneClusterImpl-c00aaa5b-d63b-4769-9462-6a4c88d2a8bf/datanode-1/meta/datanode.id
2019-09-20 04:48:45,132 [main] INFO  volume.HddsVolume (HddsVolume.java:<init>(176)) - Creating Volume: /workdir/hadoop-ozone/integration-test/target/test-dir/MiniOzoneClusterImpl-c00aaa5b-d63b-4769-9462-6a4c88d2a8bf/datanode-2/data/containers/hdds of  storage type : DISK and capacity : 1482555576320
2019-09-20 04:48:45,132 [main] INFO  volume.VolumeSet (VolumeSet.java:initializeVolumeSet(170)) - Added Volume : /workdir/hadoop-ozone/integration-test/target/test-dir/MiniOzoneClusterImpl-c00aaa5b-d63b-4769-9462-6a4c88d2a8bf/datanode-2/data/containers/hdds to VolumeSet
2019-09-20 04:48:45,133 [main] INFO  volume.ThrottledAsyncChecker (ThrottledAsyncChecker.java:schedule(140)) - Scheduling a check for org.apache.hadoop.ozone.container.common.volume.HddsVolume@374c40ba
2019-09-20 04:48:45,133 [main] INFO  volume.HddsVolumeChecker (HddsVolumeChecker.java:checkAllVolumes(203)) - Scheduled health check for volume org.apache.hadoop.ozone.container.common.volume.HddsVolume@374c40ba
2019-09-20 04:48:45,149 [main] INFO  impl.RaftServerProxy (ConfUtils.java:logGet(43)) - raft.rpc.type = GRPC (default)
2019-09-20 04:48:45,149 [main] INFO  grpc.GrpcFactory (GrpcFactory.java:checkPooledByteBufAllocatorUseCacheForAllThreads(45)) - PERFORMANCE WARNING: useCacheForAllThreads is true that may cause Netty to create a lot garbage objects and, as a result, trigger GC.
	It is recommended to disable useCacheForAllThreads by setting -Dorg.apache.ratis.thirdparty.io.netty.allocator.useCacheForAllThreads=false in command line.
2019-09-20 04:48:45,150 [main] INFO  grpc.GrpcConfigKeys$Server (ConfUtils.java:logGet(43)) - raft.grpc.server.port = 0 (default)
2019-09-20 04:48:45,150 [main] INFO  server.GrpcService (ConfUtils.java:logGet(43)) - raft.grpc.message.size.max = 33570816 (custom)
2019-09-20 04:48:45,150 [main] INFO  server.RaftServerConfigKeys (ConfUtils.java:logGet(43)) - raft.server.log.appender.buffer.byte-limit = 33554432 (custom)
2019-09-20 04:48:45,150 [main] INFO  server.GrpcService (ConfUtils.java:logGet(43)) - raft.grpc.flow.control.window = 1MB (=1048576) (default)
2019-09-20 04:48:45,151 [main] INFO  server.RaftServerConfigKeys (ConfUtils.java:logGet(43)) - raft.server.rpc.request.timeout = 3000ms (default)
2019-09-20 04:48:45,151 [main] INFO  server.RaftServerConfigKeys (ConfUtils.java:logGet(43)) - raft.server.storage.dir = [/workdir/hadoop-ozone/integration-test/target/test-dir/MiniOzoneClusterImpl-c00aaa5b-d63b-4769-9462-6a4c88d2a8bf/datanode-2/data/ratis] (custom)
2019-09-20 04:48:45,152 [main] INFO  replication.SimpleContainerDownloader (SimpleContainerDownloader.java:<init>(72)) - Starting container downloader service to copy containers to replicate.
2019-09-20 04:48:45,153 [main] INFO  hdfs.DFSUtil (DFSUtil.java:httpServerTemplateForNNAndJN(1641)) - Starting Web-server for hddsDatanode at: http://0.0.0.0:0
2019-09-20 04:48:45,155 [main] INFO  server.AuthenticationFilter (AuthenticationFilter.java:constructSecretProvider(240)) - Unable to initialize FileSignerSecretProvider, falling back to use random secrets.
2019-09-20 04:48:45,155 [main] WARN  http.HttpRequestLog (HttpRequestLog.java:getRequestLog(97)) - Jetty request log can only be enabled using Log4j
2019-09-20 04:48:45,157 [main] INFO  http.HttpServer2 (HttpServer2.java:addGlobalFilter(975)) - Added global filter 'safety' (class=org.apache.hadoop.http.HttpServer2$QuotingInputFilter)
2019-09-20 04:48:45,158 [main] INFO  http.HttpServer2 (HttpServer2.java:addFilter(948)) - Added filter static_user_filter (class=org.apache.hadoop.http.lib.StaticUserWebFilter$StaticUserFilter) to context hddsDatanode
2019-09-20 04:48:45,158 [main] INFO  http.HttpServer2 (HttpServer2.java:addFilter(958)) - Added filter static_user_filter (class=org.apache.hadoop.http.lib.StaticUserWebFilter$StaticUserFilter) to context logs
2019-09-20 04:48:45,158 [main] INFO  http.HttpServer2 (HttpServer2.java:addFilter(958)) - Added filter static_user_filter (class=org.apache.hadoop.http.lib.StaticUserWebFilter$StaticUserFilter) to context static
2019-09-20 04:48:45,159 [main] INFO  http.HttpServer2 (HttpServer2.java:bindListener(1191)) - Jetty bound to port 44576
2019-09-20 04:48:45,159 [main] INFO  server.Server (Server.java:doStart(351)) - jetty-9.3.24.v20180605, build timestamp: 2018-06-05T17:11:56Z, git hash: 84205aa28f11a4f31f2a3b86d1bba2cc8ab69827
2019-09-20 04:48:45,161 [main] INFO  handler.ContextHandler (ContextHandler.java:doStart(781)) - Started o.e.j.s.ServletContextHandler@448c92fc{/logs,file:///workdir/hadoop-ozone/integration-test/target/log,AVAILABLE}
2019-09-20 04:48:45,161 [main] INFO  handler.ContextHandler (ContextHandler.java:doStart(781)) - Started o.e.j.s.ServletContextHandler@17c0274c{/static,jar:file:/home/user/.m2/repository/org/apache/hadoop/hadoop-hdds-container-service/0.5.0-SNAPSHOT/hadoop-hdds-container-service-0.5.0-SNAPSHOT.jar!/webapps/static,AVAILABLE}
2019-09-20 04:48:45,192 [main] INFO  handler.ContextHandler (ContextHandler.java:doStart(781)) - Started o.e.j.w.WebAppContext@6cc64028{/,file:///tmp/jetty-0.0.0.0-44576-hddsDatanode-_-any-6428205225771358517.dir/webapp/,AVAILABLE}{/hddsDatanode}
2019-09-20 04:48:45,193 [main] INFO  server.AbstractConnector (AbstractConnector.java:doStart(278)) - Started ServerConnector@291a4791{HTTP/1.1,[http/1.1]}{0.0.0.0:44576}
2019-09-20 04:48:45,195 [main] INFO  server.Server (Server.java:doStart(419)) - Started @7183ms
2019-09-20 04:48:45,196 [main] INFO  server.BaseHttpServer (BaseHttpServer.java:updateConnectorAddress(213)) - HTTP server of HDDSDATANODE is listening at http://0.0.0.0:44576
2019-09-20 04:48:45,329 | INFO  | ObjectStoreRestHttpServer | Listening HDDS REST traffic on /0.0.0.0:40730 |  
2019-09-20 04:48:45,329 [main] INFO  ozone.HddsDatanodeService (HddsDatanodeService.java:startPlugins(395)) - Started plug-in org.apache.hadoop.ozone.web.OzoneHddsDatanodeService@62a6674f
2019-09-20 04:48:45,330 [main] INFO  impl.MetricsSystemImpl (MetricsSystemImpl.java:init(158)) - HddsDatanode metrics system started (again)
2019-09-20 04:48:45,333 [main] INFO  ozone.HddsDatanodeService (HddsDatanodeService.java:start(184)) - HddsDatanodeService host:pr-hdds-1569-s8kj2-2266485376 ip:192.168.36.79
2019-09-20 04:48:45,334 [org.apache.hadoop.util.JvmPauseMonitor$Monitor@4785619f] INFO  util.JvmPauseMonitor (JvmPauseMonitor.java:run(188)) - Starting JVM pause monitor
2019-09-20 04:48:45,337 [Datanode State Machine Thread - 0] INFO  datanode.InitDatanodeState (InitDatanodeState.java:persistContainerDatanodeDetails(140)) - DatanodeDetails is persisted to /workdir/hadoop-ozone/integration-test/target/test-dir/MiniOzoneClusterImpl-c00aaa5b-d63b-4769-9462-6a4c88d2a8bf/datanode-2/meta/datanode.id
2019-09-20 04:48:45,340 [main] INFO  volume.HddsVolume (HddsVolume.java:<init>(176)) - Creating Volume: /workdir/hadoop-ozone/integration-test/target/test-dir/MiniOzoneClusterImpl-c00aaa5b-d63b-4769-9462-6a4c88d2a8bf/datanode-3/data/containers/hdds of  storage type : DISK and capacity : 1482555576320
2019-09-20 04:48:45,341 [main] INFO  volume.VolumeSet (VolumeSet.java:initializeVolumeSet(170)) - Added Volume : /workdir/hadoop-ozone/integration-test/target/test-dir/MiniOzoneClusterImpl-c00aaa5b-d63b-4769-9462-6a4c88d2a8bf/datanode-3/data/containers/hdds to VolumeSet
2019-09-20 04:48:45,341 [main] INFO  volume.ThrottledAsyncChecker (ThrottledAsyncChecker.java:schedule(140)) - Scheduling a check for org.apache.hadoop.ozone.container.common.volume.HddsVolume@476fde05
2019-09-20 04:48:45,341 [main] INFO  volume.HddsVolumeChecker (HddsVolumeChecker.java:checkAllVolumes(203)) - Scheduled health check for volume org.apache.hadoop.ozone.container.common.volume.HddsVolume@476fde05
2019-09-20 04:48:45,355 [main] INFO  impl.RaftServerProxy (ConfUtils.java:logGet(43)) - raft.rpc.type = GRPC (default)
2019-09-20 04:48:45,356 [main] INFO  grpc.GrpcFactory (GrpcFactory.java:checkPooledByteBufAllocatorUseCacheForAllThreads(45)) - PERFORMANCE WARNING: useCacheForAllThreads is true that may cause Netty to create a lot garbage objects and, as a result, trigger GC.
	It is recommended to disable useCacheForAllThreads by setting -Dorg.apache.ratis.thirdparty.io.netty.allocator.useCacheForAllThreads=false in command line.
2019-09-20 04:48:45,356 [main] INFO  grpc.GrpcConfigKeys$Server (ConfUtils.java:logGet(43)) - raft.grpc.server.port = 0 (default)
2019-09-20 04:48:45,356 [main] INFO  server.GrpcService (ConfUtils.java:logGet(43)) - raft.grpc.message.size.max = 33570816 (custom)
2019-09-20 04:48:45,356 [main] INFO  server.RaftServerConfigKeys (ConfUtils.java:logGet(43)) - raft.server.log.appender.buffer.byte-limit = 33554432 (custom)
2019-09-20 04:48:45,356 [main] INFO  server.GrpcService (ConfUtils.java:logGet(43)) - raft.grpc.flow.control.window = 1MB (=1048576) (default)
2019-09-20 04:48:45,357 [main] INFO  server.RaftServerConfigKeys (ConfUtils.java:logGet(43)) - raft.server.rpc.request.timeout = 3000ms (default)
2019-09-20 04:48:45,357 [main] INFO  server.RaftServerConfigKeys (ConfUtils.java:logGet(43)) - raft.server.storage.dir = [/workdir/hadoop-ozone/integration-test/target/test-dir/MiniOzoneClusterImpl-c00aaa5b-d63b-4769-9462-6a4c88d2a8bf/datanode-3/data/ratis] (custom)
2019-09-20 04:48:45,358 [main] INFO  replication.SimpleContainerDownloader (SimpleContainerDownloader.java:<init>(72)) - Starting container downloader service to copy containers to replicate.
2019-09-20 04:48:45,359 [main] INFO  hdfs.DFSUtil (DFSUtil.java:httpServerTemplateForNNAndJN(1641)) - Starting Web-server for hddsDatanode at: http://0.0.0.0:0
2019-09-20 04:48:45,360 [main] INFO  server.AuthenticationFilter (AuthenticationFilter.java:constructSecretProvider(240)) - Unable to initialize FileSignerSecretProvider, falling back to use random secrets.
2019-09-20 04:48:45,360 [main] WARN  http.HttpRequestLog (HttpRequestLog.java:getRequestLog(97)) - Jetty request log can only be enabled using Log4j
2019-09-20 04:48:45,362 [main] INFO  http.HttpServer2 (HttpServer2.java:addGlobalFilter(975)) - Added global filter 'safety' (class=org.apache.hadoop.http.HttpServer2$QuotingInputFilter)
2019-09-20 04:48:45,362 [main] INFO  http.HttpServer2 (HttpServer2.java:addFilter(948)) - Added filter static_user_filter (class=org.apache.hadoop.http.lib.StaticUserWebFilter$StaticUserFilter) to context hddsDatanode
2019-09-20 04:48:45,363 [main] INFO  http.HttpServer2 (HttpServer2.java:addFilter(958)) - Added filter static_user_filter (class=org.apache.hadoop.http.lib.StaticUserWebFilter$StaticUserFilter) to context logs
2019-09-20 04:48:45,363 [main] INFO  http.HttpServer2 (HttpServer2.java:addFilter(958)) - Added filter static_user_filter (class=org.apache.hadoop.http.lib.StaticUserWebFilter$StaticUserFilter) to context static
2019-09-20 04:48:45,363 [main] INFO  http.HttpServer2 (HttpServer2.java:bindListener(1191)) - Jetty bound to port 38819
2019-09-20 04:48:45,363 [main] INFO  server.Server (Server.java:doStart(351)) - jetty-9.3.24.v20180605, build timestamp: 2018-06-05T17:11:56Z, git hash: 84205aa28f11a4f31f2a3b86d1bba2cc8ab69827
2019-09-20 04:48:45,367 [main] INFO  handler.ContextHandler (ContextHandler.java:doStart(781)) - Started o.e.j.s.ServletContextHandler@4eeab3e{/logs,file:///workdir/hadoop-ozone/integration-test/target/log,AVAILABLE}
2019-09-20 04:48:45,368 [main] INFO  handler.ContextHandler (ContextHandler.java:doStart(781)) - Started o.e.j.s.ServletContextHandler@2eb0cefe{/static,jar:file:/home/user/.m2/repository/org/apache/hadoop/hadoop-hdds-container-service/0.5.0-SNAPSHOT/hadoop-hdds-container-service-0.5.0-SNAPSHOT.jar!/webapps/static,AVAILABLE}
2019-09-20 04:48:45,392 [main] INFO  handler.ContextHandler (ContextHandler.java:doStart(781)) - Started o.e.j.w.WebAppContext@544e3679{/,file:///tmp/jetty-0.0.0.0-38819-hddsDatanode-_-any-8283341482000506060.dir/webapp/,AVAILABLE}{/hddsDatanode}
2019-09-20 04:48:45,392 [main] INFO  server.AbstractConnector (AbstractConnector.java:doStart(278)) - Started ServerConnector@6889f56f{HTTP/1.1,[http/1.1]}{0.0.0.0:38819}
2019-09-20 04:48:45,393 [main] INFO  server.Server (Server.java:doStart(419)) - Started @7381ms
2019-09-20 04:48:45,394 [main] INFO  server.BaseHttpServer (BaseHttpServer.java:updateConnectorAddress(213)) - HTTP server of HDDSDATANODE is listening at http://0.0.0.0:38819
2019-09-20 04:48:45,538 | INFO  | ObjectStoreRestHttpServer | Listening HDDS REST traffic on /0.0.0.0:35502 |  
2019-09-20 04:48:45,538 [main] INFO  ozone.HddsDatanodeService (HddsDatanodeService.java:startPlugins(395)) - Started plug-in org.apache.hadoop.ozone.web.OzoneHddsDatanodeService@6af87130
2019-09-20 04:48:45,539 [main] INFO  impl.MetricsSystemImpl (MetricsSystemImpl.java:init(158)) - HddsDatanode metrics system started (again)
2019-09-20 04:48:45,542 [main] INFO  ozone.HddsDatanodeService (HddsDatanodeService.java:start(184)) - HddsDatanodeService host:pr-hdds-1569-s8kj2-2266485376 ip:192.168.36.79
2019-09-20 04:48:45,542 [org.apache.hadoop.util.JvmPauseMonitor$Monitor@3185dc81] INFO  util.JvmPauseMonitor (JvmPauseMonitor.java:run(188)) - Starting JVM pause monitor
2019-09-20 04:48:45,545 [Datanode State Machine Thread - 0] INFO  datanode.InitDatanodeState (InitDatanodeState.java:persistContainerDatanodeDetails(140)) - DatanodeDetails is persisted to /workdir/hadoop-ozone/integration-test/target/test-dir/MiniOzoneClusterImpl-c00aaa5b-d63b-4769-9462-6a4c88d2a8bf/datanode-3/meta/datanode.id
2019-09-20 04:48:45,549 [main] INFO  volume.HddsVolume (HddsVolume.java:<init>(176)) - Creating Volume: /workdir/hadoop-ozone/integration-test/target/test-dir/MiniOzoneClusterImpl-c00aaa5b-d63b-4769-9462-6a4c88d2a8bf/datanode-4/data/containers/hdds of  storage type : DISK and capacity : 1482555576320
2019-09-20 04:48:45,550 [main] INFO  volume.VolumeSet (VolumeSet.java:initializeVolumeSet(170)) - Added Volume : /workdir/hadoop-ozone/integration-test/target/test-dir/MiniOzoneClusterImpl-c00aaa5b-d63b-4769-9462-6a4c88d2a8bf/datanode-4/data/containers/hdds to VolumeSet
2019-09-20 04:48:45,550 [main] INFO  volume.ThrottledAsyncChecker (ThrottledAsyncChecker.java:schedule(140)) - Scheduling a check for org.apache.hadoop.ozone.container.common.volume.HddsVolume@34f7b44f
2019-09-20 04:48:45,551 [main] INFO  volume.HddsVolumeChecker (HddsVolumeChecker.java:checkAllVolumes(203)) - Scheduled health check for volume org.apache.hadoop.ozone.container.common.volume.HddsVolume@34f7b44f
2019-09-20 04:48:45,575 [main] INFO  impl.RaftServerProxy (ConfUtils.java:logGet(43)) - raft.rpc.type = GRPC (default)
2019-09-20 04:48:45,575 [main] INFO  grpc.GrpcFactory (GrpcFactory.java:checkPooledByteBufAllocatorUseCacheForAllThreads(45)) - PERFORMANCE WARNING: useCacheForAllThreads is true that may cause Netty to create a lot garbage objects and, as a result, trigger GC.
	It is recommended to disable useCacheForAllThreads by setting -Dorg.apache.ratis.thirdparty.io.netty.allocator.useCacheForAllThreads=false in command line.
2019-09-20 04:48:45,576 [main] INFO  grpc.GrpcConfigKeys$Server (ConfUtils.java:logGet(43)) - raft.grpc.server.port = 0 (default)
2019-09-20 04:48:45,576 [main] INFO  server.GrpcService (ConfUtils.java:logGet(43)) - raft.grpc.message.size.max = 33570816 (custom)
2019-09-20 04:48:45,577 [main] INFO  server.RaftServerConfigKeys (ConfUtils.java:logGet(43)) - raft.server.log.appender.buffer.byte-limit = 33554432 (custom)
2019-09-20 04:48:45,577 [main] INFO  server.GrpcService (ConfUtils.java:logGet(43)) - raft.grpc.flow.control.window = 1MB (=1048576) (default)
2019-09-20 04:48:45,577 [main] INFO  server.RaftServerConfigKeys (ConfUtils.java:logGet(43)) - raft.server.rpc.request.timeout = 3000ms (default)
2019-09-20 04:48:45,578 [main] INFO  server.RaftServerConfigKeys (ConfUtils.java:logGet(43)) - raft.server.storage.dir = [/workdir/hadoop-ozone/integration-test/target/test-dir/MiniOzoneClusterImpl-c00aaa5b-d63b-4769-9462-6a4c88d2a8bf/datanode-4/data/ratis] (custom)
2019-09-20 04:48:45,579 [main] INFO  replication.SimpleContainerDownloader (SimpleContainerDownloader.java:<init>(72)) - Starting container downloader service to copy containers to replicate.
2019-09-20 04:48:45,581 [main] INFO  hdfs.DFSUtil (DFSUtil.java:httpServerTemplateForNNAndJN(1641)) - Starting Web-server for hddsDatanode at: http://0.0.0.0:0
2019-09-20 04:48:45,582 [main] INFO  server.AuthenticationFilter (AuthenticationFilter.java:constructSecretProvider(240)) - Unable to initialize FileSignerSecretProvider, falling back to use random secrets.
2019-09-20 04:48:45,583 [main] WARN  http.HttpRequestLog (HttpRequestLog.java:getRequestLog(97)) - Jetty request log can only be enabled using Log4j
2019-09-20 04:48:45,584 [main] INFO  http.HttpServer2 (HttpServer2.java:addGlobalFilter(975)) - Added global filter 'safety' (class=org.apache.hadoop.http.HttpServer2$QuotingInputFilter)
2019-09-20 04:48:45,585 [main] INFO  http.HttpServer2 (HttpServer2.java:addFilter(948)) - Added filter static_user_filter (class=org.apache.hadoop.http.lib.StaticUserWebFilter$StaticUserFilter) to context hddsDatanode
2019-09-20 04:48:45,585 [main] INFO  http.HttpServer2 (HttpServer2.java:addFilter(958)) - Added filter static_user_filter (class=org.apache.hadoop.http.lib.StaticUserWebFilter$StaticUserFilter) to context logs
2019-09-20 04:48:45,585 [main] INFO  http.HttpServer2 (HttpServer2.java:addFilter(958)) - Added filter static_user_filter (class=org.apache.hadoop.http.lib.StaticUserWebFilter$StaticUserFilter) to context static
2019-09-20 04:48:45,586 [main] INFO  http.HttpServer2 (HttpServer2.java:bindListener(1191)) - Jetty bound to port 40360
2019-09-20 04:48:45,586 [main] INFO  server.Server (Server.java:doStart(351)) - jetty-9.3.24.v20180605, build timestamp: 2018-06-05T17:11:56Z, git hash: 84205aa28f11a4f31f2a3b86d1bba2cc8ab69827
2019-09-20 04:48:45,588 [main] INFO  handler.ContextHandler (ContextHandler.java:doStart(781)) - Started o.e.j.s.ServletContextHandler@191ec193{/logs,file:///workdir/hadoop-ozone/integration-test/target/log,AVAILABLE}
2019-09-20 04:48:45,588 [main] INFO  handler.ContextHandler (ContextHandler.java:doStart(781)) - Started o.e.j.s.ServletContextHandler@1c7f9861{/static,jar:file:/home/user/.m2/repository/org/apache/hadoop/hadoop-hdds-container-service/0.5.0-SNAPSHOT/hadoop-hdds-container-service-0.5.0-SNAPSHOT.jar!/webapps/static,AVAILABLE}
2019-09-20 04:48:45,613 [main] INFO  handler.ContextHandler (ContextHandler.java:doStart(781)) - Started o.e.j.w.WebAppContext@4eb9ae4d{/,file:///tmp/jetty-0.0.0.0-40360-hddsDatanode-_-any-7462816179745454723.dir/webapp/,AVAILABLE}{/hddsDatanode}
2019-09-20 04:48:45,614 [main] INFO  server.AbstractConnector (AbstractConnector.java:doStart(278)) - Started ServerConnector@5520f675{HTTP/1.1,[http/1.1]}{0.0.0.0:40360}
2019-09-20 04:48:45,615 [main] INFO  server.Server (Server.java:doStart(419)) - Started @7603ms
2019-09-20 04:48:45,616 [main] INFO  server.BaseHttpServer (BaseHttpServer.java:updateConnectorAddress(213)) - HTTP server of HDDSDATANODE is listening at http://0.0.0.0:40360
2019-09-20 04:48:45,745 | INFO  | ObjectStoreRestHttpServer | Listening HDDS REST traffic on /0.0.0.0:45176 |  
2019-09-20 04:48:45,746 [main] INFO  ozone.HddsDatanodeService (HddsDatanodeService.java:startPlugins(395)) - Started plug-in org.apache.hadoop.ozone.web.OzoneHddsDatanodeService@4662752a
2019-09-20 04:48:45,746 [main] INFO  impl.MetricsSystemImpl (MetricsSystemImpl.java:init(158)) - HddsDatanode metrics system started (again)
2019-09-20 04:48:45,749 [main] INFO  ozone.HddsDatanodeService (HddsDatanodeService.java:start(184)) - HddsDatanodeService host:pr-hdds-1569-s8kj2-2266485376 ip:192.168.36.79
2019-09-20 04:48:45,750 [org.apache.hadoop.util.JvmPauseMonitor$Monitor@c6191ec] INFO  util.JvmPauseMonitor (JvmPauseMonitor.java:run(188)) - Starting JVM pause monitor
2019-09-20 04:48:45,752 [Datanode State Machine Thread - 0] INFO  datanode.InitDatanodeState (InitDatanodeState.java:persistContainerDatanodeDetails(140)) - DatanodeDetails is persisted to /workdir/hadoop-ozone/integration-test/target/test-dir/MiniOzoneClusterImpl-c00aaa5b-d63b-4769-9462-6a4c88d2a8bf/datanode-4/meta/datanode.id
2019-09-20 04:48:45,756 [main] INFO  volume.HddsVolume (HddsVolume.java:<init>(176)) - Creating Volume: /workdir/hadoop-ozone/integration-test/target/test-dir/MiniOzoneClusterImpl-c00aaa5b-d63b-4769-9462-6a4c88d2a8bf/datanode-5/data/containers/hdds of  storage type : DISK and capacity : 1482555576320
2019-09-20 04:48:45,757 [main] INFO  volume.VolumeSet (VolumeSet.java:initializeVolumeSet(170)) - Added Volume : /workdir/hadoop-ozone/integration-test/target/test-dir/MiniOzoneClusterImpl-c00aaa5b-d63b-4769-9462-6a4c88d2a8bf/datanode-5/data/containers/hdds to VolumeSet
2019-09-20 04:48:45,757 [main] INFO  volume.ThrottledAsyncChecker (ThrottledAsyncChecker.java:schedule(140)) - Scheduling a check for org.apache.hadoop.ozone.container.common.volume.HddsVolume@10a907ec
2019-09-20 04:48:45,757 [main] INFO  volume.HddsVolumeChecker (HddsVolumeChecker.java:checkAllVolumes(203)) - Scheduled health check for volume org.apache.hadoop.ozone.container.common.volume.HddsVolume@10a907ec
2019-09-20 04:48:45,771 [main] INFO  impl.RaftServerProxy (ConfUtils.java:logGet(43)) - raft.rpc.type = GRPC (default)
2019-09-20 04:48:45,771 [main] INFO  grpc.GrpcFactory (GrpcFactory.java:checkPooledByteBufAllocatorUseCacheForAllThreads(45)) - PERFORMANCE WARNING: useCacheForAllThreads is true that may cause Netty to create a lot garbage objects and, as a result, trigger GC.
	It is recommended to disable useCacheForAllThreads by setting -Dorg.apache.ratis.thirdparty.io.netty.allocator.useCacheForAllThreads=false in command line.
2019-09-20 04:48:45,771 [main] INFO  grpc.GrpcConfigKeys$Server (ConfUtils.java:logGet(43)) - raft.grpc.server.port = 0 (default)
2019-09-20 04:48:45,771 [main] INFO  server.GrpcService (ConfUtils.java:logGet(43)) - raft.grpc.message.size.max = 33570816 (custom)
2019-09-20 04:48:45,772 [main] INFO  server.RaftServerConfigKeys (ConfUtils.java:logGet(43)) - raft.server.log.appender.buffer.byte-limit = 33554432 (custom)
2019-09-20 04:48:45,772 [main] INFO  server.GrpcService (ConfUtils.java:logGet(43)) - raft.grpc.flow.control.window = 1MB (=1048576) (default)
2019-09-20 04:48:45,772 [main] INFO  server.RaftServerConfigKeys (ConfUtils.java:logGet(43)) - raft.server.rpc.request.timeout = 3000ms (default)
2019-09-20 04:48:45,773 [main] INFO  server.RaftServerConfigKeys (ConfUtils.java:logGet(43)) - raft.server.storage.dir = [/workdir/hadoop-ozone/integration-test/target/test-dir/MiniOzoneClusterImpl-c00aaa5b-d63b-4769-9462-6a4c88d2a8bf/datanode-5/data/ratis] (custom)
2019-09-20 04:48:45,773 [main] INFO  replication.SimpleContainerDownloader (SimpleContainerDownloader.java:<init>(72)) - Starting container downloader service to copy containers to replicate.
2019-09-20 04:48:45,775 [main] INFO  hdfs.DFSUtil (DFSUtil.java:httpServerTemplateForNNAndJN(1641)) - Starting Web-server for hddsDatanode at: http://0.0.0.0:0
2019-09-20 04:48:45,777 [main] INFO  server.AuthenticationFilter (AuthenticationFilter.java:constructSecretProvider(240)) - Unable to initialize FileSignerSecretProvider, falling back to use random secrets.
2019-09-20 04:48:45,778 [main] WARN  http.HttpRequestLog (HttpRequestLog.java:getRequestLog(97)) - Jetty request log can only be enabled using Log4j
2019-09-20 04:48:45,780 [main] INFO  http.HttpServer2 (HttpServer2.java:addGlobalFilter(975)) - Added global filter 'safety' (class=org.apache.hadoop.http.HttpServer2$QuotingInputFilter)
2019-09-20 04:48:45,781 [main] INFO  http.HttpServer2 (HttpServer2.java:addFilter(948)) - Added filter static_user_filter (class=org.apache.hadoop.http.lib.StaticUserWebFilter$StaticUserFilter) to context hddsDatanode
2019-09-20 04:48:45,781 [main] INFO  http.HttpServer2 (HttpServer2.java:addFilter(958)) - Added filter static_user_filter (class=org.apache.hadoop.http.lib.StaticUserWebFilter$StaticUserFilter) to context static
2019-09-20 04:48:45,781 [main] INFO  http.HttpServer2 (HttpServer2.java:addFilter(958)) - Added filter static_user_filter (class=org.apache.hadoop.http.lib.StaticUserWebFilter$StaticUserFilter) to context logs
2019-09-20 04:48:45,782 [main] INFO  http.HttpServer2 (HttpServer2.java:bindListener(1191)) - Jetty bound to port 44995
2019-09-20 04:48:45,782 [main] INFO  server.Server (Server.java:doStart(351)) - jetty-9.3.24.v20180605, build timestamp: 2018-06-05T17:11:56Z, git hash: 84205aa28f11a4f31f2a3b86d1bba2cc8ab69827
2019-09-20 04:48:45,784 [main] INFO  handler.ContextHandler (ContextHandler.java:doStart(781)) - Started o.e.j.s.ServletContextHandler@4f5c30b1{/logs,file:///workdir/hadoop-ozone/integration-test/target/log,AVAILABLE}
2019-09-20 04:48:45,785 [main] INFO  handler.ContextHandler (ContextHandler.java:doStart(781)) - Started o.e.j.s.ServletContextHandler@5d7f8467{/static,jar:file:/home/user/.m2/repository/org/apache/hadoop/hadoop-hdds-container-service/0.5.0-SNAPSHOT/hadoop-hdds-container-service-0.5.0-SNAPSHOT.jar!/webapps/static,AVAILABLE}
2019-09-20 04:48:45,821 [main] INFO  handler.ContextHandler (ContextHandler.java:doStart(781)) - Started o.e.j.w.WebAppContext@2a484710{/,file:///tmp/jetty-0.0.0.0-44995-hddsDatanode-_-any-2046258999696012056.dir/webapp/,AVAILABLE}{/hddsDatanode}
2019-09-20 04:48:45,822 [main] INFO  server.AbstractConnector (AbstractConnector.java:doStart(278)) - Started ServerConnector@661e1399{HTTP/1.1,[http/1.1]}{0.0.0.0:44995}
2019-09-20 04:48:45,822 [main] INFO  server.Server (Server.java:doStart(419)) - Started @7811ms
2019-09-20 04:48:45,823 [main] INFO  server.BaseHttpServer (BaseHttpServer.java:updateConnectorAddress(213)) - HTTP server of HDDSDATANODE is listening at http://0.0.0.0:44995
2019-09-20 04:48:46,045 | INFO  | ObjectStoreRestHttpServer | Listening HDDS REST traffic on /0.0.0.0:35694 |  
2019-09-20 04:48:46,045 [main] INFO  ozone.HddsDatanodeService (HddsDatanodeService.java:startPlugins(395)) - Started plug-in org.apache.hadoop.ozone.web.OzoneHddsDatanodeService@6e8f2094
2019-09-20 04:48:46,045 [main] INFO  impl.MetricsSystemImpl (MetricsSystemImpl.java:init(158)) - HddsDatanode metrics system started (again)
2019-09-20 04:48:46,050 [main] INFO  ozone.HddsDatanodeService (HddsDatanodeService.java:start(184)) - HddsDatanodeService host:pr-hdds-1569-s8kj2-2266485376 ip:192.168.36.79
2019-09-20 04:48:46,050 [org.apache.hadoop.util.JvmPauseMonitor$Monitor@687f65cc] INFO  util.JvmPauseMonitor (JvmPauseMonitor.java:run(188)) - Starting JVM pause monitor
2019-09-20 04:48:46,052 [Datanode State Machine Thread - 0] INFO  datanode.InitDatanodeState (InitDatanodeState.java:persistContainerDatanodeDetails(140)) - DatanodeDetails is persisted to /workdir/hadoop-ozone/integration-test/target/test-dir/MiniOzoneClusterImpl-c00aaa5b-d63b-4769-9462-6a4c88d2a8bf/datanode-5/meta/datanode.id
2019-09-20 04:48:46,059 [main] INFO  volume.HddsVolume (HddsVolume.java:<init>(176)) - Creating Volume: /workdir/hadoop-ozone/integration-test/target/test-dir/MiniOzoneClusterImpl-c00aaa5b-d63b-4769-9462-6a4c88d2a8bf/datanode-6/data/containers/hdds of  storage type : DISK and capacity : 1482555576320
2019-09-20 04:48:46,060 [main] INFO  volume.VolumeSet (VolumeSet.java:initializeVolumeSet(170)) - Added Volume : /workdir/hadoop-ozone/integration-test/target/test-dir/MiniOzoneClusterImpl-c00aaa5b-d63b-4769-9462-6a4c88d2a8bf/datanode-6/data/containers/hdds to VolumeSet
2019-09-20 04:48:46,060 [main] INFO  volume.ThrottledAsyncChecker (ThrottledAsyncChecker.java:schedule(140)) - Scheduling a check for org.apache.hadoop.ozone.container.common.volume.HddsVolume@638afcaa
2019-09-20 04:48:46,061 [main] INFO  volume.HddsVolumeChecker (HddsVolumeChecker.java:checkAllVolumes(203)) - Scheduled health check for volume org.apache.hadoop.ozone.container.common.volume.HddsVolume@638afcaa
2019-09-20 04:48:46,076 [main] INFO  impl.RaftServerProxy (ConfUtils.java:logGet(43)) - raft.rpc.type = GRPC (default)
2019-09-20 04:48:46,076 [main] INFO  grpc.GrpcFactory (GrpcFactory.java:checkPooledByteBufAllocatorUseCacheForAllThreads(45)) - PERFORMANCE WARNING: useCacheForAllThreads is true that may cause Netty to create a lot garbage objects and, as a result, trigger GC.
	It is recommended to disable useCacheForAllThreads by setting -Dorg.apache.ratis.thirdparty.io.netty.allocator.useCacheForAllThreads=false in command line.
2019-09-20 04:48:46,076 [main] INFO  grpc.GrpcConfigKeys$Server (ConfUtils.java:logGet(43)) - raft.grpc.server.port = 0 (default)
2019-09-20 04:48:46,076 [main] INFO  server.GrpcService (ConfUtils.java:logGet(43)) - raft.grpc.message.size.max = 33570816 (custom)
2019-09-20 04:48:46,077 [main] INFO  server.RaftServerConfigKeys (ConfUtils.java:logGet(43)) - raft.server.log.appender.buffer.byte-limit = 33554432 (custom)
2019-09-20 04:48:46,077 [main] INFO  server.GrpcService (ConfUtils.java:logGet(43)) - raft.grpc.flow.control.window = 1MB (=1048576) (default)
2019-09-20 04:48:46,077 [main] INFO  server.RaftServerConfigKeys (ConfUtils.java:logGet(43)) - raft.server.rpc.request.timeout = 3000ms (default)
2019-09-20 04:48:46,078 [main] INFO  server.RaftServerConfigKeys (ConfUtils.java:logGet(43)) - raft.server.storage.dir = [/workdir/hadoop-ozone/integration-test/target/test-dir/MiniOzoneClusterImpl-c00aaa5b-d63b-4769-9462-6a4c88d2a8bf/datanode-6/data/ratis] (custom)
2019-09-20 04:48:46,078 [main] INFO  replication.SimpleContainerDownloader (SimpleContainerDownloader.java:<init>(72)) - Starting container downloader service to copy containers to replicate.
2019-09-20 04:48:46,079 [main] INFO  hdfs.DFSUtil (DFSUtil.java:httpServerTemplateForNNAndJN(1641)) - Starting Web-server for hddsDatanode at: http://0.0.0.0:0
2019-09-20 04:48:46,081 [main] INFO  server.AuthenticationFilter (AuthenticationFilter.java:constructSecretProvider(240)) - Unable to initialize FileSignerSecretProvider, falling back to use random secrets.
2019-09-20 04:48:46,081 [main] WARN  http.HttpRequestLog (HttpRequestLog.java:getRequestLog(97)) - Jetty request log can only be enabled using Log4j
2019-09-20 04:48:46,083 [main] INFO  http.HttpServer2 (HttpServer2.java:addGlobalFilter(975)) - Added global filter 'safety' (class=org.apache.hadoop.http.HttpServer2$QuotingInputFilter)
2019-09-20 04:48:46,083 [main] INFO  http.HttpServer2 (HttpServer2.java:addFilter(948)) - Added filter static_user_filter (class=org.apache.hadoop.http.lib.StaticUserWebFilter$StaticUserFilter) to context hddsDatanode
2019-09-20 04:48:46,084 [main] INFO  http.HttpServer2 (HttpServer2.java:addFilter(958)) - Added filter static_user_filter (class=org.apache.hadoop.http.lib.StaticUserWebFilter$StaticUserFilter) to context static
2019-09-20 04:48:46,084 [main] INFO  http.HttpServer2 (HttpServer2.java:addFilter(958)) - Added filter static_user_filter (class=org.apache.hadoop.http.lib.StaticUserWebFilter$StaticUserFilter) to context logs
2019-09-20 04:48:46,084 [main] INFO  http.HttpServer2 (HttpServer2.java:bindListener(1191)) - Jetty bound to port 44662
2019-09-20 04:48:46,084 [main] INFO  server.Server (Server.java:doStart(351)) - jetty-9.3.24.v20180605, build timestamp: 2018-06-05T17:11:56Z, git hash: 84205aa28f11a4f31f2a3b86d1bba2cc8ab69827
2019-09-20 04:48:46,086 [main] INFO  handler.ContextHandler (ContextHandler.java:doStart(781)) - Started o.e.j.s.ServletContextHandler@11bfffb3{/logs,file:///workdir/hadoop-ozone/integration-test/target/log,AVAILABLE}
2019-09-20 04:48:46,087 [main] INFO  handler.ContextHandler (ContextHandler.java:doStart(781)) - Started o.e.j.s.ServletContextHandler@1c6e3ff9{/static,jar:file:/home/user/.m2/repository/org/apache/hadoop/hadoop-hdds-container-service/0.5.0-SNAPSHOT/hadoop-hdds-container-service-0.5.0-SNAPSHOT.jar!/webapps/static,AVAILABLE}
2019-09-20 04:48:46,114 [main] INFO  handler.ContextHandler (ContextHandler.java:doStart(781)) - Started o.e.j.w.WebAppContext@2eebce87{/,file:///tmp/jetty-0.0.0.0-44662-hddsDatanode-_-any-570780368252569152.dir/webapp/,AVAILABLE}{/hddsDatanode}
2019-09-20 04:48:46,115 [main] INFO  server.AbstractConnector (AbstractConnector.java:doStart(278)) - Started ServerConnector@6ee37ca7{HTTP/1.1,[http/1.1]}{0.0.0.0:44662}
2019-09-20 04:48:46,116 [main] INFO  server.Server (Server.java:doStart(419)) - Started @8104ms
2019-09-20 04:48:46,117 [main] INFO  server.BaseHttpServer (BaseHttpServer.java:updateConnectorAddress(213)) - HTTP server of HDDSDATANODE is listening at http://0.0.0.0:44662
2019-09-20 04:48:46,245 | INFO  | ObjectStoreRestHttpServer | Listening HDDS REST traffic on /0.0.0.0:40664 |  
2019-09-20 04:48:46,245 [main] INFO  ozone.HddsDatanodeService (HddsDatanodeService.java:startPlugins(395)) - Started plug-in org.apache.hadoop.ozone.web.OzoneHddsDatanodeService@56ec6960
2019-09-20 04:48:46,248 [main] INFO  ozone.MiniOzoneClusterImpl (MiniOzoneClusterImpl.java:lambda$waitForClusterToBeReady$0(142)) - Waiting for cluster to be ready. Got 0 of 7 DN Heartbeats.
2019-09-20 04:48:46,248 [org.apache.hadoop.util.JvmPauseMonitor$Monitor@6e0b8209] INFO  util.JvmPauseMonitor (JvmPauseMonitor.java:run(188)) - Starting JVM pause monitor
2019-09-20 04:48:46,251 [Datanode State Machine Thread - 0] INFO  datanode.InitDatanodeState (InitDatanodeState.java:persistContainerDatanodeDetails(140)) - DatanodeDetails is persisted to /workdir/hadoop-ozone/integration-test/target/test-dir/MiniOzoneClusterImpl-c00aaa5b-d63b-4769-9462-6a4c88d2a8bf/datanode-6/meta/datanode.id
2019-09-20 04:48:46,917 | INFO  | SCMAudit | user=jenkins1000 | ip=192.168.36.79 | op=GET_VERSION null | ret=SUCCESS |  
2019-09-20 04:48:46,941 [Datanode State Machine Thread - 0] INFO  ozoneimpl.OzoneContainer (OzoneContainer.java:start(186)) - Attempting to start container services.
2019-09-20 04:48:46,942 [Datanode State Machine Thread - 0] INFO  ozoneimpl.OzoneContainer (OzoneContainer.java:startContainerScrub(160)) - Background container scrubber has been disabled by hdds.containerscrub.enabled
2019-09-20 04:48:46,943 [Datanode State Machine Thread - 0] INFO  ratis.XceiverServerRatis (XceiverServerRatis.java:start(404)) - Starting XceiverServerRatis ea71b9af-1075-4196-9693-aa14e10f536d at port 0
2019-09-20 04:48:46,961 [Datanode State Machine Thread - 0] INFO  impl.RaftServerProxy (RaftServerProxy.java:lambda$start$3(299)) - ea71b9af-1075-4196-9693-aa14e10f536d: start RPC server
2019-09-20 04:48:47,074 [Datanode State Machine Thread - 0] INFO  server.GrpcService (GrpcService.java:startImpl(149)) - ea71b9af-1075-4196-9693-aa14e10f536d: GrpcService started, listening on 0.0.0.0/0.0.0.0:41553
2019-09-20 04:48:47,075 [Datanode State Machine Thread - 0] INFO  ratis.XceiverServerRatis (XceiverServerRatis.java:start(414)) - XceiverServerRatis ea71b9af-1075-4196-9693-aa14e10f536d is started using port 41553
2019-09-20 04:48:47,077 [Datanode State Machine Thread - 0] INFO  server.XceiverServerGrpc (XceiverServerGrpc.java:start(163)) - XceiverServerGrpc ea71b9af-1075-4196-9693-aa14e10f536d is started using port 37024
2019-09-20 04:48:47,124 | INFO  | SCMAudit | user=jenkins1000 | ip=192.168.36.79 | op=GET_VERSION null | ret=SUCCESS |  
2019-09-20 04:48:47,146 [Datanode State Machine Thread - 0] INFO  ozoneimpl.OzoneContainer (OzoneContainer.java:start(186)) - Attempting to start container services.
2019-09-20 04:48:47,148 [Datanode State Machine Thread - 0] INFO  ozoneimpl.OzoneContainer (OzoneContainer.java:startContainerScrub(160)) - Background container scrubber has been disabled by hdds.containerscrub.enabled
2019-09-20 04:48:47,148 [Datanode State Machine Thread - 0] INFO  ratis.XceiverServerRatis (XceiverServerRatis.java:start(404)) - Starting XceiverServerRatis 42fc6e92-fcdd-4827-b621-9fc58a3d2315 at port 0
2019-09-20 04:48:47,155 [Datanode State Machine Thread - 0] INFO  impl.RaftServerProxy (RaftServerProxy.java:lambda$start$3(299)) - 42fc6e92-fcdd-4827-b621-9fc58a3d2315: start RPC server
2019-09-20 04:48:47,158 [Datanode State Machine Thread - 0] INFO  server.GrpcService (GrpcService.java:startImpl(149)) - 42fc6e92-fcdd-4827-b621-9fc58a3d2315: GrpcService started, listening on 0.0.0.0/0.0.0.0:44605
2019-09-20 04:48:47,159 [Datanode State Machine Thread - 0] INFO  ratis.XceiverServerRatis (XceiverServerRatis.java:start(414)) - XceiverServerRatis 42fc6e92-fcdd-4827-b621-9fc58a3d2315 is started using port 44605
2019-09-20 04:48:47,161 [Datanode State Machine Thread - 0] INFO  server.XceiverServerGrpc (XceiverServerGrpc.java:start(163)) - XceiverServerGrpc 42fc6e92-fcdd-4827-b621-9fc58a3d2315 is started using port 39865
2019-09-20 04:48:47,248 [main] INFO  ozone.MiniOzoneClusterImpl (MiniOzoneClusterImpl.java:lambda$waitForClusterToBeReady$0(142)) - Waiting for cluster to be ready. Got 0 of 7 DN Heartbeats.
2019-09-20 04:48:47,336 | INFO  | SCMAudit | user=jenkins1000 | ip=192.168.36.79 | op=GET_VERSION null | ret=SUCCESS |  
2019-09-20 04:48:47,359 [Datanode State Machine Thread - 0] INFO  ozoneimpl.OzoneContainer (OzoneContainer.java:start(186)) - Attempting to start container services.
2019-09-20 04:48:47,363 [Datanode State Machine Thread - 0] INFO  ozoneimpl.OzoneContainer (OzoneContainer.java:startContainerScrub(160)) - Background container scrubber has been disabled by hdds.containerscrub.enabled
2019-09-20 04:48:47,363 [Datanode State Machine Thread - 0] INFO  ratis.XceiverServerRatis (XceiverServerRatis.java:start(404)) - Starting XceiverServerRatis 2d6465ef-cffa-473a-a4c6-a9aa3f1a26c0 at port 0
2019-09-20 04:48:47,369 [Datanode State Machine Thread - 0] INFO  impl.RaftServerProxy (RaftServerProxy.java:lambda$start$3(299)) - 2d6465ef-cffa-473a-a4c6-a9aa3f1a26c0: start RPC server
2019-09-20 04:48:47,372 [Datanode State Machine Thread - 0] INFO  server.GrpcService (GrpcService.java:startImpl(149)) - 2d6465ef-cffa-473a-a4c6-a9aa3f1a26c0: GrpcService started, listening on 0.0.0.0/0.0.0.0:46837
2019-09-20 04:48:47,372 [Datanode State Machine Thread - 0] INFO  ratis.XceiverServerRatis (XceiverServerRatis.java:start(414)) - XceiverServerRatis 2d6465ef-cffa-473a-a4c6-a9aa3f1a26c0 is started using port 46837
2019-09-20 04:48:47,375 [Datanode State Machine Thread - 0] INFO  server.XceiverServerGrpc (XceiverServerGrpc.java:start(163)) - XceiverServerGrpc 2d6465ef-cffa-473a-a4c6-a9aa3f1a26c0 is started using port 45401
2019-09-20 04:48:47,545 | INFO  | SCMAudit | user=jenkins1000 | ip=192.168.36.79 | op=GET_VERSION null | ret=SUCCESS |  
2019-09-20 04:48:47,562 [Datanode State Machine Thread - 0] INFO  ozoneimpl.OzoneContainer (OzoneContainer.java:start(186)) - Attempting to start container services.
2019-09-20 04:48:47,562 [Datanode State Machine Thread - 0] INFO  ozoneimpl.OzoneContainer (OzoneContainer.java:startContainerScrub(160)) - Background container scrubber has been disabled by hdds.containerscrub.enabled
2019-09-20 04:48:47,562 [Datanode State Machine Thread - 0] INFO  ratis.XceiverServerRatis (XceiverServerRatis.java:start(404)) - Starting XceiverServerRatis 2702b462-69d8-4c1b-aae1-091a21fe08b8 at port 0
2019-09-20 04:48:47,569 [Datanode State Machine Thread - 0] INFO  impl.RaftServerProxy (RaftServerProxy.java:lambda$start$3(299)) - 2702b462-69d8-4c1b-aae1-091a21fe08b8: start RPC server
2019-09-20 04:48:47,571 [Datanode State Machine Thread - 0] INFO  server.GrpcService (GrpcService.java:startImpl(149)) - 2702b462-69d8-4c1b-aae1-091a21fe08b8: GrpcService started, listening on 0.0.0.0/0.0.0.0:42637
2019-09-20 04:48:47,572 [Datanode State Machine Thread - 0] INFO  ratis.XceiverServerRatis (XceiverServerRatis.java:start(414)) - XceiverServerRatis 2702b462-69d8-4c1b-aae1-091a21fe08b8 is started using port 42637
2019-09-20 04:48:47,574 [Datanode State Machine Thread - 0] INFO  server.XceiverServerGrpc (XceiverServerGrpc.java:start(163)) - XceiverServerGrpc 2702b462-69d8-4c1b-aae1-091a21fe08b8 is started using port 41308
2019-09-20 04:48:47,753 | INFO  | SCMAudit | user=jenkins1000 | ip=192.168.36.79 | op=GET_VERSION null | ret=SUCCESS |  
2019-09-20 04:48:47,774 [Datanode State Machine Thread - 0] INFO  ozoneimpl.OzoneContainer (OzoneContainer.java:start(186)) - Attempting to start container services.
2019-09-20 04:48:47,775 [Datanode State Machine Thread - 0] INFO  ozoneimpl.OzoneContainer (OzoneContainer.java:startContainerScrub(160)) - Background container scrubber has been disabled by hdds.containerscrub.enabled
2019-09-20 04:48:47,775 [Datanode State Machine Thread - 0] INFO  ratis.XceiverServerRatis (XceiverServerRatis.java:start(404)) - Starting XceiverServerRatis 1d91ad97-6666-4ee7-855a-8b5e944e7401 at port 0
2019-09-20 04:48:47,782 [Datanode State Machine Thread - 0] INFO  impl.RaftServerProxy (RaftServerProxy.java:lambda$start$3(299)) - 1d91ad97-6666-4ee7-855a-8b5e944e7401: start RPC server
2019-09-20 04:48:47,786 [Datanode State Machine Thread - 0] INFO  server.GrpcService (GrpcService.java:startImpl(149)) - 1d91ad97-6666-4ee7-855a-8b5e944e7401: GrpcService started, listening on 0.0.0.0/0.0.0.0:34447
2019-09-20 04:48:47,786 [Datanode State Machine Thread - 0] INFO  ratis.XceiverServerRatis (XceiverServerRatis.java:start(414)) - XceiverServerRatis 1d91ad97-6666-4ee7-855a-8b5e944e7401 is started using port 34447
2019-09-20 04:48:47,789 [Datanode State Machine Thread - 0] INFO  server.XceiverServerGrpc (XceiverServerGrpc.java:start(163)) - XceiverServerGrpc 1d91ad97-6666-4ee7-855a-8b5e944e7401 is started using port 45042
2019-09-20 04:48:48,053 | INFO  | SCMAudit | user=jenkins1000 | ip=192.168.36.79 | op=GET_VERSION null | ret=SUCCESS |  
2019-09-20 04:48:48,063 [Datanode State Machine Thread - 0] INFO  ozoneimpl.OzoneContainer (OzoneContainer.java:start(186)) - Attempting to start container services.
2019-09-20 04:48:48,063 [Datanode State Machine Thread - 0] INFO  ozoneimpl.OzoneContainer (OzoneContainer.java:startContainerScrub(160)) - Background container scrubber has been disabled by hdds.containerscrub.enabled
2019-09-20 04:48:48,064 [Datanode State Machine Thread - 0] INFO  ratis.XceiverServerRatis (XceiverServerRatis.java:start(404)) - Starting XceiverServerRatis eaf3ecbe-c3b1-4969-ad3a-e4de7fb04f81 at port 0
2019-09-20 04:48:48,070 [Datanode State Machine Thread - 0] INFO  impl.RaftServerProxy (RaftServerProxy.java:lambda$start$3(299)) - eaf3ecbe-c3b1-4969-ad3a-e4de7fb04f81: start RPC server
2019-09-20 04:48:48,074 [Datanode State Machine Thread - 0] INFO  server.GrpcService (GrpcService.java:startImpl(149)) - eaf3ecbe-c3b1-4969-ad3a-e4de7fb04f81: GrpcService started, listening on 0.0.0.0/0.0.0.0:35924
2019-09-20 04:48:48,074 [Datanode State Machine Thread - 0] INFO  ratis.XceiverServerRatis (XceiverServerRatis.java:start(414)) - XceiverServerRatis eaf3ecbe-c3b1-4969-ad3a-e4de7fb04f81 is started using port 35924
2019-09-20 04:48:48,076 [Datanode State Machine Thread - 0] INFO  server.XceiverServerGrpc (XceiverServerGrpc.java:start(163)) - XceiverServerGrpc eaf3ecbe-c3b1-4969-ad3a-e4de7fb04f81 is started using port 37065
2019-09-20 04:48:48,248 [main] INFO  ozone.MiniOzoneClusterImpl (MiniOzoneClusterImpl.java:lambda$waitForClusterToBeReady$0(142)) - Waiting for cluster to be ready. Got 0 of 7 DN Heartbeats.
2019-09-20 04:48:48,252 | INFO  | SCMAudit | user=jenkins1000 | ip=192.168.36.79 | op=GET_VERSION null | ret=SUCCESS |  
2019-09-20 04:48:48,268 [Datanode State Machine Thread - 0] INFO  ozoneimpl.OzoneContainer (OzoneContainer.java:start(186)) - Attempting to start container services.
2019-09-20 04:48:48,268 [Datanode State Machine Thread - 0] INFO  ozoneimpl.OzoneContainer (OzoneContainer.java:startContainerScrub(160)) - Background container scrubber has been disabled by hdds.containerscrub.enabled
2019-09-20 04:48:48,268 [Datanode State Machine Thread - 0] INFO  ratis.XceiverServerRatis (XceiverServerRatis.java:start(404)) - Starting XceiverServerRatis 8d97392c-5f4b-400a-94a1-fb61a3ebbc99 at port 0
2019-09-20 04:48:48,275 [Datanode State Machine Thread - 0] INFO  impl.RaftServerProxy (RaftServerProxy.java:lambda$start$3(299)) - 8d97392c-5f4b-400a-94a1-fb61a3ebbc99: start RPC server
2019-09-20 04:48:48,280 [Datanode State Machine Thread - 0] INFO  server.GrpcService (GrpcService.java:startImpl(149)) - 8d97392c-5f4b-400a-94a1-fb61a3ebbc99: GrpcService started, listening on 0.0.0.0/0.0.0.0:38885
2019-09-20 04:48:48,280 [Datanode State Machine Thread - 0] INFO  ratis.XceiverServerRatis (XceiverServerRatis.java:start(414)) - XceiverServerRatis 8d97392c-5f4b-400a-94a1-fb61a3ebbc99 is started using port 38885
2019-09-20 04:48:48,284 [Datanode State Machine Thread - 0] INFO  server.XceiverServerGrpc (XceiverServerGrpc.java:start(163)) - XceiverServerGrpc 8d97392c-5f4b-400a-94a1-fb61a3ebbc99 is started using port 40285
2019-09-20 04:48:48,917 [IPC Server handler 0 on 46657] INFO  net.NetworkTopology (NetworkTopologyImpl.java:add(110)) - Added a new node: /default-rack/ea71b9af-1075-4196-9693-aa14e10f536d
2019-09-20 04:48:48,918 [IPC Server handler 0 on 46657] INFO  node.SCMNodeManager (SCMNodeManager.java:register(273)) - Registered Data node : ea71b9af-1075-4196-9693-aa14e10f536d{ip: 192.168.36.79, host: pr-hdds-1569-s8kj2-2266485376, networkLocation: /default-rack, certSerialId: null}
2019-09-20 04:48:48,922 [EventQueue-NodeRegistrationContainerReportForDataNodeSafeModeRule] INFO  safemode.SCMSafeModeManager (DataNodeSafeModeRule.java:process(71)) - SCM in safe mode. 1 DataNodes registered, 1 required.
2019-09-20 04:48:48,922 [EventQueue-NodeRegistrationContainerReportForDataNodeSafeModeRule] INFO  safemode.SCMSafeModeManager (SCMSafeModeManager.java:validateSafeModeExitRules(177)) - ScmSafeModeManager, all rules are successfully validated
2019-09-20 04:48:48,923 [EventQueue-NodeRegistrationContainerReportForDataNodeSafeModeRule] INFO  safemode.SCMSafeModeManager (SCMSafeModeManager.java:exitSafeMode(193)) - SCM exiting safe mode.
2019-09-20 04:48:48,928 | INFO  | SCMAudit | user=jenkins1000 | ip=192.168.36.79 | op=REGISTER {datanodeDetails=ea71b9af-1075-4196-9693-aa14e10f536d{ip: 192.168.36.79, host: pr-hdds-1569-s8kj2-2266485376, networkLocation: /default-rack, certSerialId: null}} | ret=SUCCESS |  
2019-09-20 04:48:49,125 [IPC Server handler 6 on 46657] INFO  net.NetworkTopology (NetworkTopologyImpl.java:add(110)) - Added a new node: /default-rack/42fc6e92-fcdd-4827-b621-9fc58a3d2315
2019-09-20 04:48:49,126 [IPC Server handler 6 on 46657] INFO  node.SCMNodeManager (SCMNodeManager.java:register(273)) - Registered Data node : 42fc6e92-fcdd-4827-b621-9fc58a3d2315{ip: 192.168.36.79, host: pr-hdds-1569-s8kj2-2266485376, networkLocation: /default-rack, certSerialId: null}
2019-09-20 04:48:49,126 | INFO  | SCMAudit | user=jenkins1000 | ip=192.168.36.79 | op=REGISTER {datanodeDetails=42fc6e92-fcdd-4827-b621-9fc58a3d2315{ip: 192.168.36.79, host: pr-hdds-1569-s8kj2-2266485376, networkLocation: /default-rack, certSerialId: null}} | ret=SUCCESS |  
2019-09-20 04:48:49,646 [main] INFO  ozone.MiniOzoneClusterImpl (MiniOzoneClusterImpl.java:lambda$waitForClusterToBeReady$0(142)) - Waiting for cluster to be ready. Got 2 of 7 DN Heartbeats.
2019-09-20 04:48:49,657 [IPC Server handler 3 on 46657] INFO  net.NetworkTopology (NetworkTopologyImpl.java:add(110)) - Added a new node: /default-rack/2702b462-69d8-4c1b-aae1-091a21fe08b8
2019-09-20 04:48:49,657 [IPC Server handler 0 on 46657] INFO  net.NetworkTopology (NetworkTopologyImpl.java:add(110)) - Added a new node: /default-rack/2d6465ef-cffa-473a-a4c6-a9aa3f1a26c0
2019-09-20 04:48:49,657 [IPC Server handler 3 on 46657] INFO  node.SCMNodeManager (SCMNodeManager.java:register(273)) - Registered Data node : 2702b462-69d8-4c1b-aae1-091a21fe08b8{ip: 192.168.36.79, host: pr-hdds-1569-s8kj2-2266485376, networkLocation: /default-rack, certSerialId: null}
2019-09-20 04:48:49,657 [IPC Server handler 0 on 46657] INFO  node.SCMNodeManager (SCMNodeManager.java:register(273)) - Registered Data node : 2d6465ef-cffa-473a-a4c6-a9aa3f1a26c0{ip: 192.168.36.79, host: pr-hdds-1569-s8kj2-2266485376, networkLocation: /default-rack, certSerialId: null}
2019-09-20 04:48:49,678 | INFO  | SCMAudit | user=jenkins1000 | ip=192.168.36.79 | op=REGISTER {datanodeDetails=2d6465ef-cffa-473a-a4c6-a9aa3f1a26c0{ip: 192.168.36.79, host: pr-hdds-1569-s8kj2-2266485376, networkLocation: /default-rack, certSerialId: null}} | ret=SUCCESS |  
2019-09-20 04:48:49,678 | INFO  | SCMAudit | user=jenkins1000 | ip=192.168.36.79 | op=REGISTER {datanodeDetails=2702b462-69d8-4c1b-aae1-091a21fe08b8{ip: 192.168.36.79, host: pr-hdds-1569-s8kj2-2266485376, networkLocation: /default-rack, certSerialId: null}} | ret=SUCCESS |  
2019-09-20 04:48:49,753 [IPC Server handler 6 on 46657] INFO  net.NetworkTopology (NetworkTopologyImpl.java:add(110)) - Added a new node: /default-rack/1d91ad97-6666-4ee7-855a-8b5e944e7401
2019-09-20 04:48:49,753 [IPC Server handler 6 on 46657] INFO  node.SCMNodeManager (SCMNodeManager.java:register(273)) - Registered Data node : 1d91ad97-6666-4ee7-855a-8b5e944e7401{ip: 192.168.36.79, host: pr-hdds-1569-s8kj2-2266485376, networkLocation: /default-rack, certSerialId: null}
2019-09-20 04:48:49,754 | INFO  | SCMAudit | user=jenkins1000 | ip=192.168.36.79 | op=REGISTER {datanodeDetails=1d91ad97-6666-4ee7-855a-8b5e944e7401{ip: 192.168.36.79, host: pr-hdds-1569-s8kj2-2266485376, networkLocation: /default-rack, certSerialId: null}} | ret=SUCCESS |  
2019-09-20 04:48:49,860 [grpc-default-executor-0] INFO  impl.RaftServerProxy (RaftServerProxy.java:addNew(89)) - ea71b9af-1075-4196-9693-aa14e10f536d: addNew group-E7B07D9C0F85:[ea71b9af-1075-4196-9693-aa14e10f536d:192.168.36.79:41553] returns group-E7B07D9C0F85:java.util.concurrent.CompletableFuture@3960b993[Not completed]
2019-09-20 04:48:49,885 [pool-27-thread-1] INFO  impl.RaftServerImpl (RaftServerImpl.java:<init>(93)) - ea71b9af-1075-4196-9693-aa14e10f536d: new RaftServerImpl for group-E7B07D9C0F85:[ea71b9af-1075-4196-9693-aa14e10f536d:192.168.36.79:41553] with ContainerStateMachine:uninitialized
2019-09-20 04:48:49,887 [pool-27-thread-1] INFO  server.RaftServerConfigKeys (ConfUtils.java:logGet(43)) - raft.server.rpc.timeout.min = 1s (custom)
2019-09-20 04:48:49,889 [pool-27-thread-1] INFO  server.RaftServerConfigKeys (ConfUtils.java:logGet(43)) - raft.server.rpc.timeout.max = 1200ms (custom)
2019-09-20 04:48:49,889 [pool-27-thread-1] INFO  server.RaftServerConfigKeys (ConfUtils.java:logGet(43)) - raft.server.rpcslowness.timeout = 120s (custom)
2019-09-20 04:48:49,890 [pool-27-thread-1] INFO  server.RaftServerConfigKeys (ConfUtils.java:logGet(43)) - raft.server.sleep.deviation.threshold = 300 (default)
2019-09-20 04:48:49,891 [pool-27-thread-1] INFO  server.RaftServerConfigKeys (ConfUtils.java:logGet(43)) - raft.server.log.appender.install.snapshot.enabled = false (custom)
2019-09-20 04:48:49,900 [pool-27-thread-1] INFO  impl.RaftServerImpl (ServerState.java:<init>(105)) - ea71b9af-1075-4196-9693-aa14e10f536d:group-E7B07D9C0F85 ConfigurationManager, init=-1: [ea71b9af-1075-4196-9693-aa14e10f536d:192.168.36.79:41553], old=null, confs=<EMPTY_MAP>
2019-09-20 04:48:49,900 [pool-27-thread-1] INFO  server.RaftServerConfigKeys (ConfUtils.java:logGet(43)) - raft.server.storage.dir = [/workdir/hadoop-ozone/integration-test/target/test-dir/MiniOzoneClusterImpl-c00aaa5b-d63b-4769-9462-6a4c88d2a8bf/datanode-0/data/ratis] (custom)
2019-09-20 04:48:49,909 [pool-27-thread-1] INFO  storage.RaftStorageDirectory (RaftStorageDirectory.java:analyzeStorage(246)) - The storage directory /workdir/hadoop-ozone/integration-test/target/test-dir/MiniOzoneClusterImpl-c00aaa5b-d63b-4769-9462-6a4c88d2a8bf/datanode-0/data/ratis/930b9092-64f8-496d-a640-e7b07d9c0f85 does not exist. Creating ...
2019-09-20 04:48:49,929 [pool-27-thread-1] INFO  storage.RaftStorageDirectory (RaftStorageDirectory.java:tryLock(328)) - Lock on /workdir/hadoop-ozone/integration-test/target/test-dir/MiniOzoneClusterImpl-c00aaa5b-d63b-4769-9462-6a4c88d2a8bf/datanode-0/data/ratis/930b9092-64f8-496d-a640-e7b07d9c0f85/in_use.lock acquired by nodename 9457@pr-hdds-1569-s8kj2-2266485376
2019-09-20 04:48:49,950 [pool-27-thread-1] INFO  storage.RaftStorage (RaftStorage.java:format(72)) - Storage directory /workdir/hadoop-ozone/integration-test/target/test-dir/MiniOzoneClusterImpl-c00aaa5b-d63b-4769-9462-6a4c88d2a8bf/datanode-0/data/ratis/930b9092-64f8-496d-a640-e7b07d9c0f85 has been successfully formatted.
2019-09-20 04:48:49,952 [pool-27-thread-1] INFO  ratis.ContainerStateMachine (ContainerStateMachine.java:loadSnapshot(226)) - group-E7B07D9C0F85: The snapshot info is null. Setting the last applied indexto:(t:0, i:~)
2019-09-20 04:48:49,952 [pool-27-thread-1] INFO  server.RaftServerConfigKeys (ConfUtils.java:logGet(43)) - raft.server.leader.election.timeout = 120s (custom)
2019-09-20 04:48:49,954 [pool-27-thread-1] INFO  server.RaftServerConfigKeys (ConfUtils.java:logGet(43)) - raft.server.log.use.memory = false (default)
2019-09-20 04:48:49,959 [pool-27-thread-1] INFO  server.RaftServerConfigKeys (ConfUtils.java:logGet(43)) - raft.server.log.purge.gap = 1000000 (custom)
2019-09-20 04:48:49,959 [pool-27-thread-1] INFO  server.RaftServerConfigKeys (ConfUtils.java:logGet(43)) - raft.server.log.appender.buffer.byte-limit = 33554432 (custom)
2019-09-20 04:48:49,961 [pool-27-thread-1] INFO  server.RaftServerConfigKeys (ConfUtils.java:logGet(43)) - raft.server.log.segment.size.max = 1048576 (custom)
2019-09-20 04:48:49,965 [pool-27-thread-1] INFO  server.RaftServerConfigKeys (ConfUtils.java:logGet(43)) - raft.server.log.segment.cache.num.max = 2 (custom)
2019-09-20 04:48:49,970 [pool-27-thread-1] INFO  segmented.SegmentedRaftLogWorker (SegmentedRaftLogWorker.java:<init>(172)) - new ea71b9af-1075-4196-9693-aa14e10f536d-SegmentedRaftLogWorker:Storage Directory /workdir/hadoop-ozone/integration-test/target/test-dir/MiniOzoneClusterImpl-c00aaa5b-d63b-4769-9462-6a4c88d2a8bf/datanode-0/data/ratis/930b9092-64f8-496d-a640-e7b07d9c0f85 for RaftStorage:Storage Directory /workdir/hadoop-ozone/integration-test/target/test-dir/MiniOzoneClusterImpl-c00aaa5b-d63b-4769-9462-6a4c88d2a8bf/datanode-0/data/ratis/930b9092-64f8-496d-a640-e7b07d9c0f85
2019-09-20 04:48:49,981 [pool-27-thread-1] INFO  server.RaftServerConfigKeys (ConfUtils.java:logGet(43)) - raft.server.log.queue.byte-limit = 2147483647 (custom)
2019-09-20 04:48:49,981 [pool-27-thread-1] INFO  server.RaftServerConfigKeys (ConfUtils.java:logGet(43)) - raft.server.log.queue.element-limit = 1024 (custom)
2019-09-20 04:48:49,986 [pool-27-thread-1] INFO  server.RaftServerConfigKeys (ConfUtils.java:logGet(43)) - raft.server.log.segment.size.max = 1048576 (custom)
2019-09-20 04:48:49,986 [pool-27-thread-1] INFO  server.RaftServerConfigKeys (ConfUtils.java:logGet(43)) - raft.server.log.preallocated.size = 16384 (custom)
2019-09-20 04:48:49,986 [pool-27-thread-1] INFO  server.RaftServerConfigKeys (ConfUtils.java:logGet(43)) - raft.server.log.write.buffer.size = 33554432 (custom)
2019-09-20 04:48:49,987 [pool-27-thread-1] INFO  server.RaftServerConfigKeys (ConfUtils.java:logGet(43)) - raft.server.log.force.sync.num = 128 (default)
2019-09-20 04:48:49,988 [pool-27-thread-1] INFO  server.RaftServerConfigKeys (ConfUtils.java:logGet(43)) - raft.server.log.statemachine.data.sync = true (default)
2019-09-20 04:48:49,988 [pool-27-thread-1] INFO  server.RaftServerConfigKeys (ConfUtils.java:logGet(43)) - raft.server.log.statemachine.data.sync.timeout = 10s (default)
2019-09-20 04:48:49,989 [pool-27-thread-1] INFO  server.RaftServerConfigKeys (ConfUtils.java:logGet(43)) - raft.server.log.statemachine.data.sync.timeout.retry = -1 (default)
2019-09-20 04:48:49,996 [pool-27-thread-1] INFO  server.RaftServerConfigKeys (ConfUtils.java:logGet(43)) - raft.server.log.statemachine.data.caching.enabled = true (custom)
2019-09-20 04:48:50,001 [pool-27-thread-1] INFO  segmented.SegmentedRaftLogWorker (SegmentedRaftLogWorker.java:lambda$new$0(132)) - ea71b9af-1075-4196-9693-aa14e10f536d-SegmentedRaftLogWorker:Storage Directory /workdir/hadoop-ozone/integration-test/target/test-dir/MiniOzoneClusterImpl-c00aaa5b-d63b-4769-9462-6a4c88d2a8bf/datanode-0/data/ratis/930b9092-64f8-496d-a640-e7b07d9c0f85: flushIndex: setUnconditionally 0 -> -1
2019-09-20 04:48:50,005 [pool-27-thread-1] INFO  server.RaftServerConfigKeys (ConfUtils.java:logGet(43)) - raft.server.snapshot.auto.trigger.enabled = true (custom)
2019-09-20 04:48:50,006 [pool-27-thread-1] INFO  server.RaftServerConfigKeys (ConfUtils.java:logGet(43)) - raft.server.snapshot.auto.trigger.threshold = 10000 (custom)
2019-09-20 04:48:50,007 [pool-27-thread-1] INFO  server.RaftServerConfigKeys (ConfUtils.java:logGet(43)) - raft.server.retrycache.expirytime = 600000ms (custom)
2019-09-20 04:48:50,024 [pool-27-thread-1] INFO  impl.RaftServerImpl (RaftServerImpl.java:start(180)) - ea71b9af-1075-4196-9693-aa14e10f536d: start group-E7B07D9C0F85
2019-09-20 04:48:50,025 [pool-27-thread-1] INFO  impl.RaftServerImpl (RaftServerImpl.java:setRole(171)) - ea71b9af-1075-4196-9693-aa14e10f536d:group-E7B07D9C0F85 changes role from null to FOLLOWER at term 0 for startAsFollower
2019-09-20 04:48:50,026 [pool-27-thread-1] INFO  impl.RoleInfo (RoleInfo.java:updateAndGet(143)) - ea71b9af-1075-4196-9693-aa14e10f536d: start FollowerState
2019-09-20 04:48:50,028 [pool-27-thread-1] INFO  util.JmxRegister (JmxRegister.java:tryRegister(44)) - Successfully registered JMX Bean with object name Ratis:service=RaftServer,group=group-E7B07D9C0F85,id=ea71b9af-1075-4196-9693-aa14e10f536d
2019-09-20 04:48:50,054 [IPC Server handler 18 on 46657] INFO  net.NetworkTopology (NetworkTopologyImpl.java:add(110)) - Added a new node: /default-rack/eaf3ecbe-c3b1-4969-ad3a-e4de7fb04f81
2019-09-20 04:48:50,056 [IPC Server handler 18 on 46657] INFO  node.SCMNodeManager (SCMNodeManager.java:register(273)) - Registered Data node : eaf3ecbe-c3b1-4969-ad3a-e4de7fb04f81{ip: 192.168.36.79, host: pr-hdds-1569-s8kj2-2266485376, networkLocation: /default-rack, certSerialId: null}
2019-09-20 04:48:50,057 | INFO  | SCMAudit | user=jenkins1000 | ip=192.168.36.79 | op=REGISTER {datanodeDetails=eaf3ecbe-c3b1-4969-ad3a-e4de7fb04f81{ip: 192.168.36.79, host: pr-hdds-1569-s8kj2-2266485376, networkLocation: /default-rack, certSerialId: null}} | ret=SUCCESS |  
2019-09-20 04:48:50,103 [RatisPipelineUtilsThread] INFO  pipeline.PipelineStateManager (PipelineStateManager.java:addPipeline(56)) - Created pipeline Pipeline[ Id: 930b9092-64f8-496d-a640-e7b07d9c0f85, Nodes: ea71b9af-1075-4196-9693-aa14e10f536d{ip: 192.168.36.79, host: pr-hdds-1569-s8kj2-2266485376, networkLocation: /default-rack, certSerialId: null}, Type:RATIS, Factor:ONE, State:OPEN]
2019-09-20 04:48:50,128 [grpc-default-executor-0] INFO  impl.RaftServerProxy (RaftServerProxy.java:addNew(89)) - eaf3ecbe-c3b1-4969-ad3a-e4de7fb04f81: addNew group-FEEE01C9C7CE:[eaf3ecbe-c3b1-4969-ad3a-e4de7fb04f81:192.168.36.79:35924] returns group-FEEE01C9C7CE:java.util.concurrent.CompletableFuture@51e036f[Not completed]
2019-09-20 04:48:50,182 [pool-82-thread-1] INFO  impl.RaftServerImpl (RaftServerImpl.java:<init>(93)) - eaf3ecbe-c3b1-4969-ad3a-e4de7fb04f81: new RaftServerImpl for group-FEEE01C9C7CE:[eaf3ecbe-c3b1-4969-ad3a-e4de7fb04f81:192.168.36.79:35924] with ContainerStateMachine:uninitialized
2019-09-20 04:48:50,183 [pool-82-thread-1] INFO  server.RaftServerConfigKeys (ConfUtils.java:logGet(43)) - raft.server.rpc.timeout.min = 1s (custom)
2019-09-20 04:48:50,183 [pool-82-thread-1] INFO  server.RaftServerConfigKeys (ConfUtils.java:logGet(43)) - raft.server.rpc.timeout.max = 1200ms (custom)
2019-09-20 04:48:50,183 [pool-82-thread-1] INFO  server.RaftServerConfigKeys (ConfUtils.java:logGet(43)) - raft.server.rpcslowness.timeout = 120s (custom)
2019-09-20 04:48:50,183 [pool-82-thread-1] INFO  server.RaftServerConfigKeys (ConfUtils.java:logGet(43)) - raft.server.sleep.deviation.threshold = 300 (default)
2019-09-20 04:48:50,183 [pool-82-thread-1] INFO  server.RaftServerConfigKeys (ConfUtils.java:logGet(43)) - raft.server.log.appender.install.snapshot.enabled = false (custom)
2019-09-20 04:48:50,183 [pool-82-thread-1] INFO  impl.RaftServerImpl (ServerState.java:<init>(105)) - eaf3ecbe-c3b1-4969-ad3a-e4de7fb04f81:group-FEEE01C9C7CE ConfigurationManager, init=-1: [eaf3ecbe-c3b1-4969-ad3a-e4de7fb04f81:192.168.36.79:35924], old=null, confs=<EMPTY_MAP>
2019-09-20 04:48:50,184 [pool-82-thread-1] INFO  server.RaftServerConfigKeys (ConfUtils.java:logGet(43)) - raft.server.storage.dir = [/workdir/hadoop-ozone/integration-test/target/test-dir/MiniOzoneClusterImpl-c00aaa5b-d63b-4769-9462-6a4c88d2a8bf/datanode-5/data/ratis] (custom)
2019-09-20 04:48:50,184 [pool-82-thread-1] INFO  storage.RaftStorageDirectory (RaftStorageDirectory.java:analyzeStorage(246)) - The storage directory /workdir/hadoop-ozone/integration-test/target/test-dir/MiniOzoneClusterImpl-c00aaa5b-d63b-4769-9462-6a4c88d2a8bf/datanode-5/data/ratis/4e3bbc85-7a71-462e-9352-feee01c9c7ce does not exist. Creating ...
2019-09-20 04:48:50,209 [pool-82-thread-1] INFO  storage.RaftStorageDirectory (RaftStorageDirectory.java:tryLock(328)) - Lock on /workdir/hadoop-ozone/integration-test/target/test-dir/MiniOzoneClusterImpl-c00aaa5b-d63b-4769-9462-6a4c88d2a8bf/datanode-5/data/ratis/4e3bbc85-7a71-462e-9352-feee01c9c7ce/in_use.lock acquired by nodename 9457@pr-hdds-1569-s8kj2-2266485376
2019-09-20 04:48:50,223 [pool-82-thread-1] INFO  storage.RaftStorage (RaftStorage.java:format(72)) - Storage directory /workdir/hadoop-ozone/integration-test/target/test-dir/MiniOzoneClusterImpl-c00aaa5b-d63b-4769-9462-6a4c88d2a8bf/datanode-5/data/ratis/4e3bbc85-7a71-462e-9352-feee01c9c7ce has been successfully formatted.
2019-09-20 04:48:50,225 [pool-82-thread-1] INFO  ratis.ContainerStateMachine (ContainerStateMachine.java:loadSnapshot(226)) - group-FEEE01C9C7CE: The snapshot info is null. Setting the last applied indexto:(t:0, i:~)
2019-09-20 04:48:50,227 [pool-82-thread-1] INFO  server.RaftServerConfigKeys (ConfUtils.java:logGet(43)) - raft.server.leader.election.timeout = 120s (custom)
2019-09-20 04:48:50,227 [pool-82-thread-1] INFO  server.RaftServerConfigKeys (ConfUtils.java:logGet(43)) - raft.server.log.use.memory = false (default)
2019-09-20 04:48:50,227 [pool-82-thread-1] INFO  server.RaftServerConfigKeys (ConfUtils.java:logGet(43)) - raft.server.log.purge.gap = 1000000 (custom)
2019-09-20 04:48:50,227 [pool-82-thread-1] INFO  server.RaftServerConfigKeys (ConfUtils.java:logGet(43)) - raft.server.log.appender.buffer.byte-limit = 33554432 (custom)
2019-09-20 04:48:50,227 [pool-82-thread-1] INFO  server.RaftServerConfigKeys (ConfUtils.java:logGet(43)) - raft.server.log.segment.size.max = 1048576 (custom)
2019-09-20 04:48:50,227 [pool-82-thread-1] INFO  server.RaftServerConfigKeys (ConfUtils.java:logGet(43)) - raft.server.log.segment.cache.num.max = 2 (custom)
2019-09-20 04:48:50,228 [pool-82-thread-1] INFO  segmented.SegmentedRaftLogWorker (SegmentedRaftLogWorker.java:<init>(172)) - new eaf3ecbe-c3b1-4969-ad3a-e4de7fb04f81-SegmentedRaftLogWorker:Storage Directory /workdir/hadoop-ozone/integration-test/target/test-dir/MiniOzoneClusterImpl-c00aaa5b-d63b-4769-9462-6a4c88d2a8bf/datanode-5/data/ratis/4e3bbc85-7a71-462e-9352-feee01c9c7ce for RaftStorage:Storage Directory /workdir/hadoop-ozone/integration-test/target/test-dir/MiniOzoneClusterImpl-c00aaa5b-d63b-4769-9462-6a4c88d2a8bf/datanode-5/data/ratis/4e3bbc85-7a71-462e-9352-feee01c9c7ce
2019-09-20 04:48:50,230 [pool-82-thread-1] INFO  server.RaftServerConfigKeys (ConfUtils.java:logGet(43)) - raft.server.log.queue.byte-limit = 2147483647 (custom)
2019-09-20 04:48:50,230 [pool-82-thread-1] INFO  server.RaftServerConfigKeys (ConfUtils.java:logGet(43)) - raft.server.log.queue.element-limit = 1024 (custom)
2019-09-20 04:48:50,231 [pool-82-thread-1] INFO  server.RaftServerConfigKeys (ConfUtils.java:logGet(43)) - raft.server.log.segment.size.max = 1048576 (custom)
2019-09-20 04:48:50,231 [pool-82-thread-1] INFO  server.RaftServerConfigKeys (ConfUtils.java:logGet(43)) - raft.server.log.preallocated.size = 16384 (custom)
2019-09-20 04:48:50,231 [pool-82-thread-1] INFO  server.RaftServerConfigKeys (ConfUtils.java:logGet(43)) - raft.server.log.write.buffer.size = 33554432 (custom)
2019-09-20 04:48:50,231 [pool-82-thread-1] INFO  server.RaftServerConfigKeys (ConfUtils.java:logGet(43)) - raft.server.log.force.sync.num = 128 (default)
2019-09-20 04:48:50,232 [pool-82-thread-1] INFO  server.RaftServerConfigKeys (ConfUtils.java:logGet(43)) - raft.server.log.statemachine.data.sync = true (default)
2019-09-20 04:48:50,232 [pool-82-thread-1] INFO  server.RaftServerConfigKeys (ConfUtils.java:logGet(43)) - raft.server.log.statemachine.data.sync.timeout = 10s (default)
2019-09-20 04:48:50,232 [pool-82-thread-1] INFO  server.RaftServerConfigKeys (ConfUtils.java:logGet(43)) - raft.server.log.statemachine.data.sync.timeout.retry = -1 (default)
2019-09-20 04:48:50,233 [pool-82-thread-1] INFO  server.RaftServerConfigKeys (ConfUtils.java:logGet(43)) - raft.server.log.statemachine.data.caching.enabled = true (custom)
2019-09-20 04:48:50,234 [pool-82-thread-1] INFO  segmented.SegmentedRaftLogWorker (SegmentedRaftLogWorker.java:lambda$new$0(132)) - eaf3ecbe-c3b1-4969-ad3a-e4de7fb04f81-SegmentedRaftLogWorker:Storage Directory /workdir/hadoop-ozone/integration-test/target/test-dir/MiniOzoneClusterImpl-c00aaa5b-d63b-4769-9462-6a4c88d2a8bf/datanode-5/data/ratis/4e3bbc85-7a71-462e-9352-feee01c9c7ce: flushIndex: setUnconditionally 0 -> -1
2019-09-20 04:48:50,234 [pool-82-thread-1] INFO  server.RaftServerConfigKeys (ConfUtils.java:logGet(43)) - raft.server.snapshot.auto.trigger.enabled = true (custom)
2019-09-20 04:48:50,234 [pool-82-thread-1] INFO  server.RaftServerConfigKeys (ConfUtils.java:logGet(43)) - raft.server.snapshot.auto.trigger.threshold = 10000 (custom)
2019-09-20 04:48:50,235 [pool-82-thread-1] INFO  server.RaftServerConfigKeys (ConfUtils.java:logGet(43)) - raft.server.retrycache.expirytime = 600000ms (custom)
2019-09-20 04:48:50,235 [pool-82-thread-1] INFO  impl.RaftServerImpl (RaftServerImpl.java:start(180)) - eaf3ecbe-c3b1-4969-ad3a-e4de7fb04f81: start group-FEEE01C9C7CE
2019-09-20 04:48:50,235 [pool-82-thread-1] INFO  impl.RaftServerImpl (RaftServerImpl.java:setRole(171)) - eaf3ecbe-c3b1-4969-ad3a-e4de7fb04f81:group-FEEE01C9C7CE changes role from null to FOLLOWER at term 0 for startAsFollower
2019-09-20 04:48:50,235 [pool-82-thread-1] INFO  impl.RoleInfo (RoleInfo.java:updateAndGet(143)) - eaf3ecbe-c3b1-4969-ad3a-e4de7fb04f81: start FollowerState
2019-09-20 04:48:50,238 [pool-82-thread-1] INFO  util.JmxRegister (JmxRegister.java:tryRegister(44)) - Successfully registered JMX Bean with object name Ratis:service=RaftServer,group=group-FEEE01C9C7CE,id=eaf3ecbe-c3b1-4969-ad3a-e4de7fb04f81
2019-09-20 04:48:50,255 [RatisPipelineUtilsThread] INFO  pipeline.PipelineStateManager (PipelineStateManager.java:addPipeline(56)) - Created pipeline Pipeline[ Id: 4e3bbc85-7a71-462e-9352-feee01c9c7ce, Nodes: eaf3ecbe-c3b1-4969-ad3a-e4de7fb04f81{ip: 192.168.36.79, host: pr-hdds-1569-s8kj2-2266485376, networkLocation: /default-rack, certSerialId: null}, Type:RATIS, Factor:ONE, State:OPEN]
2019-09-20 04:48:50,257 [IPC Server handler 1 on 46657] INFO  net.NetworkTopology (NetworkTopologyImpl.java:add(110)) - Added a new node: /default-rack/8d97392c-5f4b-400a-94a1-fb61a3ebbc99
2019-09-20 04:48:50,257 [IPC Server handler 1 on 46657] INFO  node.SCMNodeManager (SCMNodeManager.java:register(273)) - Registered Data node : 8d97392c-5f4b-400a-94a1-fb61a3ebbc99{ip: 192.168.36.79, host: pr-hdds-1569-s8kj2-2266485376, networkLocation: /default-rack, certSerialId: null}
2019-09-20 04:48:50,257 | INFO  | SCMAudit | user=jenkins1000 | ip=192.168.36.79 | op=REGISTER {datanodeDetails=8d97392c-5f4b-400a-94a1-fb61a3ebbc99{ip: 192.168.36.79, host: pr-hdds-1569-s8kj2-2266485376, networkLocation: /default-rack, certSerialId: null}} | ret=SUCCESS |  
2019-09-20 04:48:50,283 [grpc-default-executor-0] INFO  impl.RaftServerProxy (RaftServerProxy.java:addNew(89)) - 2d6465ef-cffa-473a-a4c6-a9aa3f1a26c0: addNew group-44D57819CE09:[2d6465ef-cffa-473a-a4c6-a9aa3f1a26c0:192.168.36.79:46837] returns group-44D57819CE09:java.util.concurrent.CompletableFuture@4c861934[Not completed]
2019-09-20 04:48:50,298 [pool-49-thread-1] INFO  impl.RaftServerImpl (RaftServerImpl.java:<init>(93)) - 2d6465ef-cffa-473a-a4c6-a9aa3f1a26c0: new RaftServerImpl for group-44D57819CE09:[2d6465ef-cffa-473a-a4c6-a9aa3f1a26c0:192.168.36.79:46837] with ContainerStateMachine:uninitialized
2019-09-20 04:48:50,298 [pool-49-thread-1] INFO  server.RaftServerConfigKeys (ConfUtils.java:logGet(43)) - raft.server.rpc.timeout.min = 1s (custom)
2019-09-20 04:48:50,298 [pool-49-thread-1] INFO  server.RaftServerConfigKeys (ConfUtils.java:logGet(43)) - raft.server.rpc.timeout.max = 1200ms (custom)
2019-09-20 04:48:50,299 [pool-49-thread-1] INFO  server.RaftServerConfigKeys (ConfUtils.java:logGet(43)) - raft.server.rpcslowness.timeout = 120s (custom)
2019-09-20 04:48:50,299 [pool-49-thread-1] INFO  server.RaftServerConfigKeys (ConfUtils.java:logGet(43)) - raft.server.sleep.deviation.threshold = 300 (default)
2019-09-20 04:48:50,299 [pool-49-thread-1] INFO  server.RaftServerConfigKeys (ConfUtils.java:logGet(43)) - raft.server.log.appender.install.snapshot.enabled = false (custom)
2019-09-20 04:48:50,299 [pool-49-thread-1] INFO  impl.RaftServerImpl (ServerState.java:<init>(105)) - 2d6465ef-cffa-473a-a4c6-a9aa3f1a26c0:group-44D57819CE09 ConfigurationManager, init=-1: [2d6465ef-cffa-473a-a4c6-a9aa3f1a26c0:192.168.36.79:46837], old=null, confs=<EMPTY_MAP>
2019-09-20 04:48:50,299 [pool-49-thread-1] INFO  server.RaftServerConfigKeys (ConfUtils.java:logGet(43)) - raft.server.storage.dir = [/workdir/hadoop-ozone/integration-test/target/test-dir/MiniOzoneClusterImpl-c00aaa5b-d63b-4769-9462-6a4c88d2a8bf/datanode-2/data/ratis] (custom)
2019-09-20 04:48:50,300 [pool-49-thread-1] INFO  storage.RaftStorageDirectory (RaftStorageDirectory.java:analyzeStorage(246)) - The storage directory /workdir/hadoop-ozone/integration-test/target/test-dir/MiniOzoneClusterImpl-c00aaa5b-d63b-4769-9462-6a4c88d2a8bf/datanode-2/data/ratis/e21328e8-180e-4b1d-a09c-44d57819ce09 does not exist. Creating ...
2019-09-20 04:48:50,315 [pool-49-thread-1] INFO  storage.RaftStorageDirectory (RaftStorageDirectory.java:tryLock(328)) - Lock on /workdir/hadoop-ozone/integration-test/target/test-dir/MiniOzoneClusterImpl-c00aaa5b-d63b-4769-9462-6a4c88d2a8bf/datanode-2/data/ratis/e21328e8-180e-4b1d-a09c-44d57819ce09/in_use.lock acquired by nodename 9457@pr-hdds-1569-s8kj2-2266485376
2019-09-20 04:48:50,331 [pool-49-thread-1] INFO  storage.RaftStorage (RaftStorage.java:format(72)) - Storage directory /workdir/hadoop-ozone/integration-test/target/test-dir/MiniOzoneClusterImpl-c00aaa5b-d63b-4769-9462-6a4c88d2a8bf/datanode-2/data/ratis/e21328e8-180e-4b1d-a09c-44d57819ce09 has been successfully formatted.
2019-09-20 04:48:50,331 [pool-49-thread-1] INFO  ratis.ContainerStateMachine (ContainerStateMachine.java:loadSnapshot(226)) - group-44D57819CE09: The snapshot info is null. Setting the last applied indexto:(t:0, i:~)
2019-09-20 04:48:50,331 [pool-49-thread-1] INFO  server.RaftServerConfigKeys (ConfUtils.java:logGet(43)) - raft.server.leader.election.timeout = 120s (custom)
2019-09-20 04:48:50,332 [pool-49-thread-1] INFO  server.RaftServerConfigKeys (ConfUtils.java:logGet(43)) - raft.server.log.use.memory = false (default)
2019-09-20 04:48:50,332 [pool-49-thread-1] INFO  server.RaftServerConfigKeys (ConfUtils.java:logGet(43)) - raft.server.log.purge.gap = 1000000 (custom)
2019-09-20 04:48:50,332 [pool-49-thread-1] INFO  server.RaftServerConfigKeys (ConfUtils.java:logGet(43)) - raft.server.log.appender.buffer.byte-limit = 33554432 (custom)
2019-09-20 04:48:50,332 [pool-49-thread-1] INFO  server.RaftServerConfigKeys (ConfUtils.java:logGet(43)) - raft.server.log.segment.size.max = 1048576 (custom)
2019-09-20 04:48:50,332 [pool-49-thread-1] INFO  server.RaftServerConfigKeys (ConfUtils.java:logGet(43)) - raft.server.log.segment.cache.num.max = 2 (custom)
2019-09-20 04:48:50,333 [pool-49-thread-1] INFO  segmented.SegmentedRaftLogWorker (SegmentedRaftLogWorker.java:<init>(172)) - new 2d6465ef-cffa-473a-a4c6-a9aa3f1a26c0-SegmentedRaftLogWorker:Storage Directory /workdir/hadoop-ozone/integration-test/target/test-dir/MiniOzoneClusterImpl-c00aaa5b-d63b-4769-9462-6a4c88d2a8bf/datanode-2/data/ratis/e21328e8-180e-4b1d-a09c-44d57819ce09 for RaftStorage:Storage Directory /workdir/hadoop-ozone/integration-test/target/test-dir/MiniOzoneClusterImpl-c00aaa5b-d63b-4769-9462-6a4c88d2a8bf/datanode-2/data/ratis/e21328e8-180e-4b1d-a09c-44d57819ce09
2019-09-20 04:48:50,333 [pool-49-thread-1] INFO  server.RaftServerConfigKeys (ConfUtils.java:logGet(43)) - raft.server.log.queue.byte-limit = 2147483647 (custom)
2019-09-20 04:48:50,333 [pool-49-thread-1] INFO  server.RaftServerConfigKeys (ConfUtils.java:logGet(43)) - raft.server.log.queue.element-limit = 1024 (custom)
2019-09-20 04:48:50,334 [pool-49-thread-1] INFO  server.RaftServerConfigKeys (ConfUtils.java:logGet(43)) - raft.server.log.segment.size.max = 1048576 (custom)
2019-09-20 04:48:50,334 [pool-49-thread-1] INFO  server.RaftServerConfigKeys (ConfUtils.java:logGet(43)) - raft.server.log.preallocated.size = 16384 (custom)
2019-09-20 04:48:50,334 [pool-49-thread-1] INFO  server.RaftServerConfigKeys (ConfUtils.java:logGet(43)) - raft.server.log.write.buffer.size = 33554432 (custom)
2019-09-20 04:48:50,334 [pool-49-thread-1] INFO  server.RaftServerConfigKeys (ConfUtils.java:logGet(43)) - raft.server.log.force.sync.num = 128 (default)
2019-09-20 04:48:50,335 [pool-49-thread-1] INFO  server.RaftServerConfigKeys (ConfUtils.java:logGet(43)) - raft.server.log.statemachine.data.sync = true (default)
2019-09-20 04:48:50,335 [pool-49-thread-1] INFO  server.RaftServerConfigKeys (ConfUtils.java:logGet(43)) - raft.server.log.statemachine.data.sync.timeout = 10s (default)
2019-09-20 04:48:50,335 [pool-49-thread-1] INFO  server.RaftServerConfigKeys (ConfUtils.java:logGet(43)) - raft.server.log.statemachine.data.sync.timeout.retry = -1 (default)
2019-09-20 04:48:50,336 [pool-49-thread-1] INFO  server.RaftServerConfigKeys (ConfUtils.java:logGet(43)) - raft.server.log.statemachine.data.caching.enabled = true (custom)
2019-09-20 04:48:50,336 [pool-49-thread-1] INFO  segmented.SegmentedRaftLogWorker (SegmentedRaftLogWorker.java:lambda$new$0(132)) - 2d6465ef-cffa-473a-a4c6-a9aa3f1a26c0-SegmentedRaftLogWorker:Storage Directory /workdir/hadoop-ozone/integration-test/target/test-dir/MiniOzoneClusterImpl-c00aaa5b-d63b-4769-9462-6a4c88d2a8bf/datanode-2/data/ratis/e21328e8-180e-4b1d-a09c-44d57819ce09: flushIndex: setUnconditionally 0 -> -1
2019-09-20 04:48:50,336 [pool-49-thread-1] INFO  server.RaftServerConfigKeys (ConfUtils.java:logGet(43)) - raft.server.snapshot.auto.trigger.enabled = true (custom)
2019-09-20 04:48:50,337 [pool-49-thread-1] INFO  server.RaftServerConfigKeys (ConfUtils.java:logGet(43)) - raft.server.snapshot.auto.trigger.threshold = 10000 (custom)
2019-09-20 04:48:50,337 [pool-49-thread-1] INFO  server.RaftServerConfigKeys (ConfUtils.java:logGet(43)) - raft.server.retrycache.expirytime = 600000ms (custom)
2019-09-20 04:48:50,337 [pool-49-thread-1] INFO  impl.RaftServerImpl (RaftServerImpl.java:start(180)) - 2d6465ef-cffa-473a-a4c6-a9aa3f1a26c0: start group-44D57819CE09
2019-09-20 04:48:50,337 [pool-49-thread-1] INFO  impl.RaftServerImpl (RaftServerImpl.java:setRole(171)) - 2d6465ef-cffa-473a-a4c6-a9aa3f1a26c0:group-44D57819CE09 changes role from null to FOLLOWER at term 0 for startAsFollower
2019-09-20 04:48:50,337 [pool-49-thread-1] INFO  impl.RoleInfo (RoleInfo.java:updateAndGet(143)) - 2d6465ef-cffa-473a-a4c6-a9aa3f1a26c0: start FollowerState
2019-09-20 04:48:50,338 [pool-49-thread-1] INFO  util.JmxRegister (JmxRegister.java:tryRegister(44)) - Successfully registered JMX Bean with object name Ratis:service=RaftServer,group=group-44D57819CE09,id=2d6465ef-cffa-473a-a4c6-a9aa3f1a26c0
2019-09-20 04:48:50,352 [RatisPipelineUtilsThread] INFO  pipeline.PipelineStateManager (PipelineStateManager.java:addPipeline(56)) - Created pipeline Pipeline[ Id: e21328e8-180e-4b1d-a09c-44d57819ce09, Nodes: 2d6465ef-cffa-473a-a4c6-a9aa3f1a26c0{ip: 192.168.36.79, host: pr-hdds-1569-s8kj2-2266485376, networkLocation: /default-rack, certSerialId: null}, Type:RATIS, Factor:ONE, State:OPEN]
2019-09-20 04:48:50,376 [grpc-default-executor-0] INFO  impl.RaftServerProxy (RaftServerProxy.java:addNew(89)) - 42fc6e92-fcdd-4827-b621-9fc58a3d2315: addNew group-AC8AC767F08C:[42fc6e92-fcdd-4827-b621-9fc58a3d2315:192.168.36.79:44605] returns group-AC8AC767F08C:java.util.concurrent.CompletableFuture@4c469175[Not completed]
2019-09-20 04:48:50,378 [pool-38-thread-1] INFO  impl.RaftServerImpl (RaftServerImpl.java:<init>(93)) - 42fc6e92-fcdd-4827-b621-9fc58a3d2315: new RaftServerImpl for group-AC8AC767F08C:[42fc6e92-fcdd-4827-b621-9fc58a3d2315:192.168.36.79:44605] with ContainerStateMachine:uninitialized
2019-09-20 04:48:50,379 [pool-38-thread-1] INFO  server.RaftServerConfigKeys (ConfUtils.java:logGet(43)) - raft.server.rpc.timeout.min = 1s (custom)
2019-09-20 04:48:50,379 [pool-38-thread-1] INFO  server.RaftServerConfigKeys (ConfUtils.java:logGet(43)) - raft.server.rpc.timeout.max = 1200ms (custom)
2019-09-20 04:48:50,379 [pool-38-thread-1] INFO  server.RaftServerConfigKeys (ConfUtils.java:logGet(43)) - raft.server.rpcslowness.timeout = 120s (custom)
2019-09-20 04:48:50,379 [pool-38-thread-1] INFO  server.RaftServerConfigKeys (ConfUtils.java:logGet(43)) - raft.server.sleep.deviation.threshold = 300 (default)
2019-09-20 04:48:50,379 [pool-38-thread-1] INFO  server.RaftServerConfigKeys (ConfUtils.java:logGet(43)) - raft.server.log.appender.install.snapshot.enabled = false (custom)
2019-09-20 04:48:50,379 [pool-38-thread-1] INFO  impl.RaftServerImpl (ServerState.java:<init>(105)) - 42fc6e92-fcdd-4827-b621-9fc58a3d2315:group-AC8AC767F08C ConfigurationManager, init=-1: [42fc6e92-fcdd-4827-b621-9fc58a3d2315:192.168.36.79:44605], old=null, confs=<EMPTY_MAP>
2019-09-20 04:48:50,379 [pool-38-thread-1] INFO  server.RaftServerConfigKeys (ConfUtils.java:logGet(43)) - raft.server.storage.dir = [/workdir/hadoop-ozone/integration-test/target/test-dir/MiniOzoneClusterImpl-c00aaa5b-d63b-4769-9462-6a4c88d2a8bf/datanode-1/data/ratis] (custom)
2019-09-20 04:48:50,380 [pool-38-thread-1] INFO  storage.RaftStorageDirectory (RaftStorageDirectory.java:analyzeStorage(246)) - The storage directory /workdir/hadoop-ozone/integration-test/target/test-dir/MiniOzoneClusterImpl-c00aaa5b-d63b-4769-9462-6a4c88d2a8bf/datanode-1/data/ratis/553a60df-0054-4820-8f4c-ac8ac767f08c does not exist. Creating ...
2019-09-20 04:48:50,400 [pool-38-thread-1] INFO  storage.RaftStorageDirectory (RaftStorageDirectory.java:tryLock(328)) - Lock on /workdir/hadoop-ozone/integration-test/target/test-dir/MiniOzoneClusterImpl-c00aaa5b-d63b-4769-9462-6a4c88d2a8bf/datanode-1/data/ratis/553a60df-0054-4820-8f4c-ac8ac767f08c/in_use.lock acquired by nodename 9457@pr-hdds-1569-s8kj2-2266485376
2019-09-20 04:48:50,419 [pool-38-thread-1] INFO  storage.RaftStorage (RaftStorage.java:format(72)) - Storage directory /workdir/hadoop-ozone/integration-test/target/test-dir/MiniOzoneClusterImpl-c00aaa5b-d63b-4769-9462-6a4c88d2a8bf/datanode-1/data/ratis/553a60df-0054-4820-8f4c-ac8ac767f08c has been successfully formatted.
2019-09-20 04:48:50,420 [pool-38-thread-1] INFO  ratis.ContainerStateMachine (ContainerStateMachine.java:loadSnapshot(226)) - group-AC8AC767F08C: The snapshot info is null. Setting the last applied indexto:(t:0, i:~)
2019-09-20 04:48:50,420 [pool-38-thread-1] INFO  server.RaftServerConfigKeys (ConfUtils.java:logGet(43)) - raft.server.leader.election.timeout = 120s (custom)
2019-09-20 04:48:50,420 [pool-38-thread-1] INFO  server.RaftServerConfigKeys (ConfUtils.java:logGet(43)) - raft.server.log.use.memory = false (default)
2019-09-20 04:48:50,420 [pool-38-thread-1] INFO  server.RaftServerConfigKeys (ConfUtils.java:logGet(43)) - raft.server.log.purge.gap = 1000000 (custom)
2019-09-20 04:48:50,420 [pool-38-thread-1] INFO  server.RaftServerConfigKeys (ConfUtils.java:logGet(43)) - raft.server.log.appender.buffer.byte-limit = 33554432 (custom)
2019-09-20 04:48:50,420 [pool-38-thread-1] INFO  server.RaftServerConfigKeys (ConfUtils.java:logGet(43)) - raft.server.log.segment.size.max = 1048576 (custom)
2019-09-20 04:48:50,421 [pool-38-thread-1] INFO  server.RaftServerConfigKeys (ConfUtils.java:logGet(43)) - raft.server.log.segment.cache.num.max = 2 (custom)
2019-09-20 04:48:50,421 [pool-38-thread-1] INFO  segmented.SegmentedRaftLogWorker (SegmentedRaftLogWorker.java:<init>(172)) - new 42fc6e92-fcdd-4827-b621-9fc58a3d2315-SegmentedRaftLogWorker:Storage Directory /workdir/hadoop-ozone/integration-test/target/test-dir/MiniOzoneClusterImpl-c00aaa5b-d63b-4769-9462-6a4c88d2a8bf/datanode-1/data/ratis/553a60df-0054-4820-8f4c-ac8ac767f08c for RaftStorage:Storage Directory /workdir/hadoop-ozone/integration-test/target/test-dir/MiniOzoneClusterImpl-c00aaa5b-d63b-4769-9462-6a4c88d2a8bf/datanode-1/data/ratis/553a60df-0054-4820-8f4c-ac8ac767f08c
2019-09-20 04:48:50,421 [pool-38-thread-1] INFO  server.RaftServerConfigKeys (ConfUtils.java:logGet(43)) - raft.server.log.queue.byte-limit = 2147483647 (custom)
2019-09-20 04:48:50,421 [pool-38-thread-1] INFO  server.RaftServerConfigKeys (ConfUtils.java:logGet(43)) - raft.server.log.queue.element-limit = 1024 (custom)
2019-09-20 04:48:50,421 [pool-38-thread-1] INFO  server.RaftServerConfigKeys (ConfUtils.java:logGet(43)) - raft.server.log.segment.size.max = 1048576 (custom)
2019-09-20 04:48:50,422 [pool-38-thread-1] INFO  server.RaftServerConfigKeys (ConfUtils.java:logGet(43)) - raft.server.log.preallocated.size = 16384 (custom)
2019-09-20 04:48:50,422 [pool-38-thread-1] INFO  server.RaftServerConfigKeys (ConfUtils.java:logGet(43)) - raft.server.log.write.buffer.size = 33554432 (custom)
2019-09-20 04:48:50,422 [pool-38-thread-1] INFO  server.RaftServerConfigKeys (ConfUtils.java:logGet(43)) - raft.server.log.force.sync.num = 128 (default)
2019-09-20 04:48:50,422 [pool-38-thread-1] INFO  server.RaftServerConfigKeys (ConfUtils.java:logGet(43)) - raft.server.log.statemachine.data.sync = true (default)
2019-09-20 04:48:50,422 [pool-38-thread-1] INFO  server.RaftServerConfigKeys (ConfUtils.java:logGet(43)) - raft.server.log.statemachine.data.sync.timeout = 10s (default)
2019-09-20 04:48:50,422 [pool-38-thread-1] INFO  server.RaftServerConfigKeys (ConfUtils.java:logGet(43)) - raft.server.log.statemachine.data.sync.timeout.retry = -1 (default)
2019-09-20 04:48:50,423 [pool-38-thread-1] INFO  server.RaftServerConfigKeys (ConfUtils.java:logGet(43)) - raft.server.log.statemachine.data.caching.enabled = true (custom)
2019-09-20 04:48:50,423 [pool-38-thread-1] INFO  segmented.SegmentedRaftLogWorker (SegmentedRaftLogWorker.java:lambda$new$0(132)) - 42fc6e92-fcdd-4827-b621-9fc58a3d2315-SegmentedRaftLogWorker:Storage Directory /workdir/hadoop-ozone/integration-test/target/test-dir/MiniOzoneClusterImpl-c00aaa5b-d63b-4769-9462-6a4c88d2a8bf/datanode-1/data/ratis/553a60df-0054-4820-8f4c-ac8ac767f08c: flushIndex: setUnconditionally 0 -> -1
2019-09-20 04:48:50,423 [pool-38-thread-1] INFO  server.RaftServerConfigKeys (ConfUtils.java:logGet(43)) - raft.server.snapshot.auto.trigger.enabled = true (custom)
2019-09-20 04:48:50,424 [pool-38-thread-1] INFO  server.RaftServerConfigKeys (ConfUtils.java:logGet(43)) - raft.server.snapshot.auto.trigger.threshold = 10000 (custom)
2019-09-20 04:48:50,424 [pool-38-thread-1] INFO  server.RaftServerConfigKeys (ConfUtils.java:logGet(43)) - raft.server.retrycache.expirytime = 600000ms (custom)
2019-09-20 04:48:50,424 [pool-38-thread-1] INFO  impl.RaftServerImpl (RaftServerImpl.java:start(180)) - 42fc6e92-fcdd-4827-b621-9fc58a3d2315: start group-AC8AC767F08C
2019-09-20 04:48:50,424 [pool-38-thread-1] INFO  impl.RaftServerImpl (RaftServerImpl.java:setRole(171)) - 42fc6e92-fcdd-4827-b621-9fc58a3d2315:group-AC8AC767F08C changes role from null to FOLLOWER at term 0 for startAsFollower
2019-09-20 04:48:50,424 [pool-38-thread-1] INFO  impl.RoleInfo (RoleInfo.java:updateAndGet(143)) - 42fc6e92-fcdd-4827-b621-9fc58a3d2315: start FollowerState
2019-09-20 04:48:50,425 [pool-38-thread-1] INFO  util.JmxRegister (JmxRegister.java:tryRegister(44)) - Successfully registered JMX Bean with object name Ratis:service=RaftServer,group=group-AC8AC767F08C,id=42fc6e92-fcdd-4827-b621-9fc58a3d2315
2019-09-20 04:48:50,439 [RatisPipelineUtilsThread] INFO  pipeline.PipelineStateManager (PipelineStateManager.java:addPipeline(56)) - Created pipeline Pipeline[ Id: 553a60df-0054-4820-8f4c-ac8ac767f08c, Nodes: 42fc6e92-fcdd-4827-b621-9fc58a3d2315{ip: 192.168.36.79, host: pr-hdds-1569-s8kj2-2266485376, networkLocation: /default-rack, certSerialId: null}, Type:RATIS, Factor:ONE, State:OPEN]
2019-09-20 04:48:50,460 [grpc-default-executor-0] INFO  impl.RaftServerProxy (RaftServerProxy.java:addNew(89)) - 2702b462-69d8-4c1b-aae1-091a21fe08b8: addNew group-A0734F0E16D1:[2702b462-69d8-4c1b-aae1-091a21fe08b8:192.168.36.79:42637] returns group-A0734F0E16D1:java.util.concurrent.CompletableFuture@2adc9881[Not completed]
2019-09-20 04:48:50,465 [pool-60-thread-1] INFO  impl.RaftServerImpl (RaftServerImpl.java:<init>(93)) - 2702b462-69d8-4c1b-aae1-091a21fe08b8: new RaftServerImpl for group-A0734F0E16D1:[2702b462-69d8-4c1b-aae1-091a21fe08b8:192.168.36.79:42637] with ContainerStateMachine:uninitialized
2019-09-20 04:48:50,465 [pool-60-thread-1] INFO  server.RaftServerConfigKeys (ConfUtils.java:logGet(43)) - raft.server.rpc.timeout.min = 1s (custom)
2019-09-20 04:48:50,465 [pool-60-thread-1] INFO  server.RaftServerConfigKeys (ConfUtils.java:logGet(43)) - raft.server.rpc.timeout.max = 1200ms (custom)
2019-09-20 04:48:50,465 [pool-60-thread-1] INFO  server.RaftServerConfigKeys (ConfUtils.java:logGet(43)) - raft.server.rpcslowness.timeout = 120s (custom)
2019-09-20 04:48:50,465 [pool-60-thread-1] INFO  server.RaftServerConfigKeys (ConfUtils.java:logGet(43)) - raft.server.sleep.deviation.threshold = 300 (default)
2019-09-20 04:48:50,465 [pool-60-thread-1] INFO  server.RaftServerConfigKeys (ConfUtils.java:logGet(43)) - raft.server.log.appender.install.snapshot.enabled = false (custom)
2019-09-20 04:48:50,465 [pool-60-thread-1] INFO  impl.RaftServerImpl (ServerState.java:<init>(105)) - 2702b462-69d8-4c1b-aae1-091a21fe08b8:group-A0734F0E16D1 ConfigurationManager, init=-1: [2702b462-69d8-4c1b-aae1-091a21fe08b8:192.168.36.79:42637], old=null, confs=<EMPTY_MAP>
2019-09-20 04:48:50,466 [pool-60-thread-1] INFO  server.RaftServerConfigKeys (ConfUtils.java:logGet(43)) - raft.server.storage.dir = [/workdir/hadoop-ozone/integration-test/target/test-dir/MiniOzoneClusterImpl-c00aaa5b-d63b-4769-9462-6a4c88d2a8bf/datanode-3/data/ratis] (custom)
2019-09-20 04:48:50,466 [pool-60-thread-1] INFO  storage.RaftStorageDirectory (RaftStorageDirectory.java:analyzeStorage(246)) - The storage directory /workdir/hadoop-ozone/integration-test/target/test-dir/MiniOzoneClusterImpl-c00aaa5b-d63b-4769-9462-6a4c88d2a8bf/datanode-3/data/ratis/6216c28c-cc51-48b8-bb54-a0734f0e16d1 does not exist. Creating ...
2019-09-20 04:48:50,498 [pool-60-thread-1] INFO  storage.RaftStorageDirectory (RaftStorageDirectory.java:tryLock(328)) - Lock on /workdir/hadoop-ozone/integration-test/target/test-dir/MiniOzoneClusterImpl-c00aaa5b-d63b-4769-9462-6a4c88d2a8bf/datanode-3/data/ratis/6216c28c-cc51-48b8-bb54-a0734f0e16d1/in_use.lock acquired by nodename 9457@pr-hdds-1569-s8kj2-2266485376
2019-09-20 04:48:50,524 [pool-60-thread-1] INFO  storage.RaftStorage (RaftStorage.java:format(72)) - Storage directory /workdir/hadoop-ozone/integration-test/target/test-dir/MiniOzoneClusterImpl-c00aaa5b-d63b-4769-9462-6a4c88d2a8bf/datanode-3/data/ratis/6216c28c-cc51-48b8-bb54-a0734f0e16d1 has been successfully formatted.
2019-09-20 04:48:50,525 [pool-60-thread-1] INFO  ratis.ContainerStateMachine (ContainerStateMachine.java:loadSnapshot(226)) - group-A0734F0E16D1: The snapshot info is null. Setting the last applied indexto:(t:0, i:~)
2019-09-20 04:48:50,525 [pool-60-thread-1] INFO  server.RaftServerConfigKeys (ConfUtils.java:logGet(43)) - raft.server.leader.election.timeout = 120s (custom)
2019-09-20 04:48:50,525 [pool-60-thread-1] INFO  server.RaftServerConfigKeys (ConfUtils.java:logGet(43)) - raft.server.log.use.memory = false (default)
2019-09-20 04:48:50,525 [pool-60-thread-1] INFO  server.RaftServerConfigKeys (ConfUtils.java:logGet(43)) - raft.server.log.purge.gap = 1000000 (custom)
2019-09-20 04:48:50,525 [pool-60-thread-1] INFO  server.RaftServerConfigKeys (ConfUtils.java:logGet(43)) - raft.server.log.appender.buffer.byte-limit = 33554432 (custom)
2019-09-20 04:48:50,526 [pool-60-thread-1] INFO  server.RaftServerConfigKeys (ConfUtils.java:logGet(43)) - raft.server.log.segment.size.max = 1048576 (custom)
2019-09-20 04:48:50,526 [pool-60-thread-1] INFO  server.RaftServerConfigKeys (ConfUtils.java:logGet(43)) - raft.server.log.segment.cache.num.max = 2 (custom)
2019-09-20 04:48:50,526 [pool-60-thread-1] INFO  segmented.SegmentedRaftLogWorker (SegmentedRaftLogWorker.java:<init>(172)) - new 2702b462-69d8-4c1b-aae1-091a21fe08b8-SegmentedRaftLogWorker:Storage Directory /workdir/hadoop-ozone/integration-test/target/test-dir/MiniOzoneClusterImpl-c00aaa5b-d63b-4769-9462-6a4c88d2a8bf/datanode-3/data/ratis/6216c28c-cc51-48b8-bb54-a0734f0e16d1 for RaftStorage:Storage Directory /workdir/hadoop-ozone/integration-test/target/test-dir/MiniOzoneClusterImpl-c00aaa5b-d63b-4769-9462-6a4c88d2a8bf/datanode-3/data/ratis/6216c28c-cc51-48b8-bb54-a0734f0e16d1
2019-09-20 04:48:50,526 [pool-60-thread-1] INFO  server.RaftServerConfigKeys (ConfUtils.java:logGet(43)) - raft.server.log.queue.byte-limit = 2147483647 (custom)
2019-09-20 04:48:50,526 [pool-60-thread-1] INFO  server.RaftServerConfigKeys (ConfUtils.java:logGet(43)) - raft.server.log.queue.element-limit = 1024 (custom)
2019-09-20 04:48:50,527 [pool-60-thread-1] INFO  server.RaftServerConfigKeys (ConfUtils.java:logGet(43)) - raft.server.log.segment.size.max = 1048576 (custom)
2019-09-20 04:48:50,527 [pool-60-thread-1] INFO  server.RaftServerConfigKeys (ConfUtils.java:logGet(43)) - raft.server.log.preallocated.size = 16384 (custom)
2019-09-20 04:48:50,527 [pool-60-thread-1] INFO  server.RaftServerConfigKeys (ConfUtils.java:logGet(43)) - raft.server.log.write.buffer.size = 33554432 (custom)
2019-09-20 04:48:50,527 [pool-60-thread-1] INFO  server.RaftServerConfigKeys (ConfUtils.java:logGet(43)) - raft.server.log.force.sync.num = 128 (default)
2019-09-20 04:48:50,527 [pool-60-thread-1] INFO  server.RaftServerConfigKeys (ConfUtils.java:logGet(43)) - raft.server.log.statemachine.data.sync = true (default)
2019-09-20 04:48:50,527 [pool-60-thread-1] INFO  server.RaftServerConfigKeys (ConfUtils.java:logGet(43)) - raft.server.log.statemachine.data.sync.timeout = 10s (default)
2019-09-20 04:48:50,528 [pool-60-thread-1] INFO  server.RaftServerConfigKeys (ConfUtils.java:logGet(43)) - raft.server.log.statemachine.data.sync.timeout.retry = -1 (default)
2019-09-20 04:48:50,528 [pool-60-thread-1] INFO  server.RaftServerConfigKeys (ConfUtils.java:logGet(43)) - raft.server.log.statemachine.data.caching.enabled = true (custom)
2019-09-20 04:48:50,528 [pool-60-thread-1] INFO  segmented.SegmentedRaftLogWorker (SegmentedRaftLogWorker.java:lambda$new$0(132)) - 2702b462-69d8-4c1b-aae1-091a21fe08b8-SegmentedRaftLogWorker:Storage Directory /workdir/hadoop-ozone/integration-test/target/test-dir/MiniOzoneClusterImpl-c00aaa5b-d63b-4769-9462-6a4c88d2a8bf/datanode-3/data/ratis/6216c28c-cc51-48b8-bb54-a0734f0e16d1: flushIndex: setUnconditionally 0 -> -1
2019-09-20 04:48:50,529 [pool-60-thread-1] INFO  server.RaftServerConfigKeys (ConfUtils.java:logGet(43)) - raft.server.snapshot.auto.trigger.enabled = true (custom)
2019-09-20 04:48:50,529 [pool-60-thread-1] INFO  server.RaftServerConfigKeys (ConfUtils.java:logGet(43)) - raft.server.snapshot.auto.trigger.threshold = 10000 (custom)
2019-09-20 04:48:50,529 [pool-60-thread-1] INFO  server.RaftServerConfigKeys (ConfUtils.java:logGet(43)) - raft.server.retrycache.expirytime = 600000ms (custom)
2019-09-20 04:48:50,530 [pool-60-thread-1] INFO  impl.RaftServerImpl (RaftServerImpl.java:start(180)) - 2702b462-69d8-4c1b-aae1-091a21fe08b8: start group-A0734F0E16D1
2019-09-20 04:48:50,530 [pool-60-thread-1] INFO  impl.RaftServerImpl (RaftServerImpl.java:setRole(171)) - 2702b462-69d8-4c1b-aae1-091a21fe08b8:group-A0734F0E16D1 changes role from null to FOLLOWER at term 0 for startAsFollower
2019-09-20 04:48:50,530 [pool-60-thread-1] INFO  impl.RoleInfo (RoleInfo.java:updateAndGet(143)) - 2702b462-69d8-4c1b-aae1-091a21fe08b8: start FollowerState
2019-09-20 04:48:50,530 [pool-60-thread-1] INFO  util.JmxRegister (JmxRegister.java:tryRegister(44)) - Successfully registered JMX Bean with object name Ratis:service=RaftServer,group=group-A0734F0E16D1,id=2702b462-69d8-4c1b-aae1-091a21fe08b8
2019-09-20 04:48:50,544 [RatisPipelineUtilsThread] INFO  pipeline.PipelineStateManager (PipelineStateManager.java:addPipeline(56)) - Created pipeline Pipeline[ Id: 6216c28c-cc51-48b8-bb54-a0734f0e16d1, Nodes: 2702b462-69d8-4c1b-aae1-091a21fe08b8{ip: 192.168.36.79, host: pr-hdds-1569-s8kj2-2266485376, networkLocation: /default-rack, certSerialId: null}, Type:RATIS, Factor:ONE, State:OPEN]
2019-09-20 04:48:50,567 [grpc-default-executor-0] INFO  impl.RaftServerProxy (RaftServerProxy.java:addNew(89)) - 2d6465ef-cffa-473a-a4c6-a9aa3f1a26c0: addNew group-765367481936:[2d6465ef-cffa-473a-a4c6-a9aa3f1a26c0:192.168.36.79:46837] returns group-765367481936:java.util.concurrent.CompletableFuture@49f48b45[Not completed]
2019-09-20 04:48:50,569 [pool-49-thread-1] INFO  impl.RaftServerImpl (RaftServerImpl.java:<init>(93)) - 2d6465ef-cffa-473a-a4c6-a9aa3f1a26c0: new RaftServerImpl for group-765367481936:[2d6465ef-cffa-473a-a4c6-a9aa3f1a26c0:192.168.36.79:46837] with ContainerStateMachine:uninitialized
2019-09-20 04:48:50,569 [pool-49-thread-1] INFO  server.RaftServerConfigKeys (ConfUtils.java:logGet(43)) - raft.server.rpc.timeout.min = 1s (custom)
2019-09-20 04:48:50,569 [pool-49-thread-1] INFO  server.RaftServerConfigKeys (ConfUtils.java:logGet(43)) - raft.server.rpc.timeout.max = 1200ms (custom)
2019-09-20 04:48:50,569 [pool-49-thread-1] INFO  server.RaftServerConfigKeys (ConfUtils.java:logGet(43)) - raft.server.rpcslowness.timeout = 120s (custom)
2019-09-20 04:48:50,569 [pool-49-thread-1] INFO  server.RaftServerConfigKeys (ConfUtils.java:logGet(43)) - raft.server.sleep.deviation.threshold = 300 (default)
2019-09-20 04:48:50,570 [pool-49-thread-1] INFO  server.RaftServerConfigKeys (ConfUtils.java:logGet(43)) - raft.server.log.appender.install.snapshot.enabled = false (custom)
2019-09-20 04:48:50,570 [pool-49-thread-1] INFO  impl.RaftServerImpl (ServerState.java:<init>(105)) - 2d6465ef-cffa-473a-a4c6-a9aa3f1a26c0:group-765367481936 ConfigurationManager, init=-1: [2d6465ef-cffa-473a-a4c6-a9aa3f1a26c0:192.168.36.79:46837], old=null, confs=<EMPTY_MAP>
2019-09-20 04:48:50,570 [pool-49-thread-1] INFO  server.RaftServerConfigKeys (ConfUtils.java:logGet(43)) - raft.server.storage.dir = [/workdir/hadoop-ozone/integration-test/target/test-dir/MiniOzoneClusterImpl-c00aaa5b-d63b-4769-9462-6a4c88d2a8bf/datanode-2/data/ratis] (custom)
2019-09-20 04:48:50,570 [pool-49-thread-1] INFO  storage.RaftStorageDirectory (RaftStorageDirectory.java:analyzeStorage(246)) - The storage directory /workdir/hadoop-ozone/integration-test/target/test-dir/MiniOzoneClusterImpl-c00aaa5b-d63b-4769-9462-6a4c88d2a8bf/datanode-2/data/ratis/e783f2c2-444b-4eed-8f23-765367481936 does not exist. Creating ...
2019-09-20 04:48:50,591 [pool-49-thread-1] INFO  storage.RaftStorageDirectory (RaftStorageDirectory.java:tryLock(328)) - Lock on /workdir/hadoop-ozone/integration-test/target/test-dir/MiniOzoneClusterImpl-c00aaa5b-d63b-4769-9462-6a4c88d2a8bf/datanode-2/data/ratis/e783f2c2-444b-4eed-8f23-765367481936/in_use.lock acquired by nodename 9457@pr-hdds-1569-s8kj2-2266485376
2019-09-20 04:48:50,617 [pool-49-thread-1] INFO  storage.RaftStorage (RaftStorage.java:format(72)) - Storage directory /workdir/hadoop-ozone/integration-test/target/test-dir/MiniOzoneClusterImpl-c00aaa5b-d63b-4769-9462-6a4c88d2a8bf/datanode-2/data/ratis/e783f2c2-444b-4eed-8f23-765367481936 has been successfully formatted.
2019-09-20 04:48:50,617 [pool-49-thread-1] INFO  ratis.ContainerStateMachine (ContainerStateMachine.java:loadSnapshot(226)) - group-765367481936: The snapshot info is null. Setting the last applied indexto:(t:0, i:~)
2019-09-20 04:48:50,617 [pool-49-thread-1] INFO  server.RaftServerConfigKeys (ConfUtils.java:logGet(43)) - raft.server.leader.election.timeout = 120s (custom)
2019-09-20 04:48:50,617 [pool-49-thread-1] INFO  server.RaftServerConfigKeys (ConfUtils.java:logGet(43)) - raft.server.log.use.memory = false (default)
2019-09-20 04:48:50,618 [pool-49-thread-1] INFO  server.RaftServerConfigKeys (ConfUtils.java:logGet(43)) - raft.server.log.purge.gap = 1000000 (custom)
2019-09-20 04:48:50,618 [pool-49-thread-1] INFO  server.RaftServerConfigKeys (ConfUtils.java:logGet(43)) - raft.server.log.appender.buffer.byte-limit = 33554432 (custom)
2019-09-20 04:48:50,618 [pool-49-thread-1] INFO  server.RaftServerConfigKeys (ConfUtils.java:logGet(43)) - raft.server.log.segment.size.max = 1048576 (custom)
2019-09-20 04:48:50,618 [pool-49-thread-1] INFO  server.RaftServerConfigKeys (ConfUtils.java:logGet(43)) - raft.server.log.segment.cache.num.max = 2 (custom)
2019-09-20 04:48:50,618 [pool-49-thread-1] INFO  segmented.SegmentedRaftLogWorker (SegmentedRaftLogWorker.java:<init>(172)) - new 2d6465ef-cffa-473a-a4c6-a9aa3f1a26c0-SegmentedRaftLogWorker:Storage Directory /workdir/hadoop-ozone/integration-test/target/test-dir/MiniOzoneClusterImpl-c00aaa5b-d63b-4769-9462-6a4c88d2a8bf/datanode-2/data/ratis/e783f2c2-444b-4eed-8f23-765367481936 for RaftStorage:Storage Directory /workdir/hadoop-ozone/integration-test/target/test-dir/MiniOzoneClusterImpl-c00aaa5b-d63b-4769-9462-6a4c88d2a8bf/datanode-2/data/ratis/e783f2c2-444b-4eed-8f23-765367481936
2019-09-20 04:48:50,619 [pool-49-thread-1] INFO  server.RaftServerConfigKeys (ConfUtils.java:logGet(43)) - raft.server.log.queue.byte-limit = 2147483647 (custom)
2019-09-20 04:48:50,619 [pool-49-thread-1] INFO  server.RaftServerConfigKeys (ConfUtils.java:logGet(43)) - raft.server.log.queue.element-limit = 1024 (custom)
2019-09-20 04:48:50,619 [pool-49-thread-1] INFO  server.RaftServerConfigKeys (ConfUtils.java:logGet(43)) - raft.server.log.segment.size.max = 1048576 (custom)
2019-09-20 04:48:50,619 [pool-49-thread-1] INFO  server.RaftServerConfigKeys (ConfUtils.java:logGet(43)) - raft.server.log.preallocated.size = 16384 (custom)
2019-09-20 04:48:50,619 [pool-49-thread-1] INFO  server.RaftServerConfigKeys (ConfUtils.java:logGet(43)) - raft.server.log.write.buffer.size = 33554432 (custom)
2019-09-20 04:48:50,620 [pool-49-thread-1] INFO  server.RaftServerConfigKeys (ConfUtils.java:logGet(43)) - raft.server.log.force.sync.num = 128 (default)
2019-09-20 04:48:50,620 [pool-49-thread-1] INFO  server.RaftServerConfigKeys (ConfUtils.java:logGet(43)) - raft.server.log.statemachine.data.sync = true (default)
2019-09-20 04:48:50,620 [pool-49-thread-1] INFO  server.RaftServerConfigKeys (ConfUtils.java:logGet(43)) - raft.server.log.statemachine.data.sync.timeout = 10s (default)
2019-09-20 04:48:50,620 [pool-49-thread-1] INFO  server.RaftServerConfigKeys (ConfUtils.java:logGet(43)) - raft.server.log.statemachine.data.sync.timeout.retry = -1 (default)
2019-09-20 04:48:50,620 [pool-49-thread-1] INFO  server.RaftServerConfigKeys (ConfUtils.java:logGet(43)) - raft.server.log.statemachine.data.caching.enabled = true (custom)
2019-09-20 04:48:50,621 [pool-49-thread-1] INFO  segmented.SegmentedRaftLogWorker (SegmentedRaftLogWorker.java:lambda$new$0(132)) - 2d6465ef-cffa-473a-a4c6-a9aa3f1a26c0-SegmentedRaftLogWorker:Storage Directory /workdir/hadoop-ozone/integration-test/target/test-dir/MiniOzoneClusterImpl-c00aaa5b-d63b-4769-9462-6a4c88d2a8bf/datanode-2/data/ratis/e783f2c2-444b-4eed-8f23-765367481936: flushIndex: setUnconditionally 0 -> -1
2019-09-20 04:48:50,621 [pool-49-thread-1] INFO  server.RaftServerConfigKeys (ConfUtils.java:logGet(43)) - raft.server.snapshot.auto.trigger.enabled = true (custom)
2019-09-20 04:48:50,621 [pool-49-thread-1] INFO  server.RaftServerConfigKeys (ConfUtils.java:logGet(43)) - raft.server.snapshot.auto.trigger.threshold = 10000 (custom)
2019-09-20 04:48:50,622 [pool-49-thread-1] INFO  server.RaftServerConfigKeys (ConfUtils.java:logGet(43)) - raft.server.retrycache.expirytime = 600000ms (custom)
2019-09-20 04:48:50,622 [pool-49-thread-1] INFO  impl.RaftServerImpl (RaftServerImpl.java:start(180)) - 2d6465ef-cffa-473a-a4c6-a9aa3f1a26c0: start group-765367481936
2019-09-20 04:48:50,622 [pool-49-thread-1] INFO  impl.RaftServerImpl (RaftServerImpl.java:setRole(171)) - 2d6465ef-cffa-473a-a4c6-a9aa3f1a26c0:group-765367481936 changes role from null to FOLLOWER at term 0 for startAsFollower
2019-09-20 04:48:50,622 [pool-49-thread-1] INFO  impl.RoleInfo (RoleInfo.java:updateAndGet(143)) - 2d6465ef-cffa-473a-a4c6-a9aa3f1a26c0: start FollowerState
2019-09-20 04:48:50,623 [pool-49-thread-1] INFO  util.JmxRegister (JmxRegister.java:tryRegister(44)) - Successfully registered JMX Bean with object name Ratis:service=RaftServer,group=group-765367481936,id=2d6465ef-cffa-473a-a4c6-a9aa3f1a26c0
2019-09-20 04:48:50,635 [RatisPipelineUtilsThread] INFO  pipeline.PipelineStateManager (PipelineStateManager.java:addPipeline(56)) - Created pipeline Pipeline[ Id: e783f2c2-444b-4eed-8f23-765367481936, Nodes: 2d6465ef-cffa-473a-a4c6-a9aa3f1a26c0{ip: 192.168.36.79, host: pr-hdds-1569-s8kj2-2266485376, networkLocation: /default-rack, certSerialId: null}, Type:RATIS, Factor:ONE, State:OPEN]
2019-09-20 04:48:50,651 [main] INFO  ozone.MiniOzoneClusterImpl (MiniOzoneClusterImpl.java:lambda$waitForClusterToBeReady$0(142)) - Cluster is ready. Got 7 of 7 DN Heartbeats.
2019-09-20 04:48:50,651 [grpc-default-executor-0] INFO  impl.RaftServerProxy (RaftServerProxy.java:addNew(89)) - eaf3ecbe-c3b1-4969-ad3a-e4de7fb04f81: addNew group-2EE322C970EA:[eaf3ecbe-c3b1-4969-ad3a-e4de7fb04f81:192.168.36.79:35924] returns group-2EE322C970EA:java.util.concurrent.CompletableFuture@5d2d5830[Not completed]
2019-09-20 04:48:50,653 [pool-82-thread-1] INFO  impl.RaftServerImpl (RaftServerImpl.java:<init>(93)) - eaf3ecbe-c3b1-4969-ad3a-e4de7fb04f81: new RaftServerImpl for group-2EE322C970EA:[eaf3ecbe-c3b1-4969-ad3a-e4de7fb04f81:192.168.36.79:35924] with ContainerStateMachine:uninitialized
2019-09-20 04:48:50,653 [pool-82-thread-1] INFO  server.RaftServerConfigKeys (ConfUtils.java:logGet(43)) - raft.server.rpc.timeout.min = 1s (custom)
2019-09-20 04:48:50,653 [pool-82-thread-1] INFO  server.RaftServerConfigKeys (ConfUtils.java:logGet(43)) - raft.server.rpc.timeout.max = 1200ms (custom)
2019-09-20 04:48:50,653 [pool-82-thread-1] INFO  server.RaftServerConfigKeys (ConfUtils.java:logGet(43)) - raft.server.rpcslowness.timeout = 120s (custom)
2019-09-20 04:48:50,653 [pool-82-thread-1] INFO  server.RaftServerConfigKeys (ConfUtils.java:logGet(43)) - raft.server.sleep.deviation.threshold = 300 (default)
2019-09-20 04:48:50,654 [pool-82-thread-1] INFO  server.RaftServerConfigKeys (ConfUtils.java:logGet(43)) - raft.server.log.appender.install.snapshot.enabled = false (custom)
2019-09-20 04:48:50,654 [pool-82-thread-1] INFO  impl.RaftServerImpl (ServerState.java:<init>(105)) - eaf3ecbe-c3b1-4969-ad3a-e4de7fb04f81:group-2EE322C970EA ConfigurationManager, init=-1: [eaf3ecbe-c3b1-4969-ad3a-e4de7fb04f81:192.168.36.79:35924], old=null, confs=<EMPTY_MAP>
2019-09-20 04:48:50,654 [pool-82-thread-1] INFO  server.RaftServerConfigKeys (ConfUtils.java:logGet(43)) - raft.server.storage.dir = [/workdir/hadoop-ozone/integration-test/target/test-dir/MiniOzoneClusterImpl-c00aaa5b-d63b-4769-9462-6a4c88d2a8bf/datanode-5/data/ratis] (custom)
2019-09-20 04:48:50,654 [pool-82-thread-1] INFO  storage.RaftStorageDirectory (RaftStorageDirectory.java:analyzeStorage(246)) - The storage directory /workdir/hadoop-ozone/integration-test/target/test-dir/MiniOzoneClusterImpl-c00aaa5b-d63b-4769-9462-6a4c88d2a8bf/datanode-5/data/ratis/ff4cc1da-9419-4743-bb07-2ee322c970ea does not exist. Creating ...
2019-09-20 04:48:50,675 [pool-82-thread-1] INFO  storage.RaftStorageDirectory (RaftStorageDirectory.java:tryLock(328)) - Lock on /workdir/hadoop-ozone/integration-test/target/test-dir/MiniOzoneClusterImpl-c00aaa5b-d63b-4769-9462-6a4c88d2a8bf/datanode-5/data/ratis/ff4cc1da-9419-4743-bb07-2ee322c970ea/in_use.lock acquired by nodename 9457@pr-hdds-1569-s8kj2-2266485376
2019-09-20 04:48:50,692 [pool-82-thread-1] INFO  storage.RaftStorage (RaftStorage.java:format(72)) - Storage directory /workdir/hadoop-ozone/integration-test/target/test-dir/MiniOzoneClusterImpl-c00aaa5b-d63b-4769-9462-6a4c88d2a8bf/datanode-5/data/ratis/ff4cc1da-9419-4743-bb07-2ee322c970ea has been successfully formatted.
2019-09-20 04:48:50,693 [pool-82-thread-1] INFO  ratis.ContainerStateMachine (ContainerStateMachine.java:loadSnapshot(226)) - group-2EE322C970EA: The snapshot info is null. Setting the last applied indexto:(t:0, i:~)
2019-09-20 04:48:50,693 [pool-82-thread-1] INFO  server.RaftServerConfigKeys (ConfUtils.java:logGet(43)) - raft.server.leader.election.timeout = 120s (custom)
2019-09-20 04:48:50,693 [pool-82-thread-1] INFO  server.RaftServerConfigKeys (ConfUtils.java:logGet(43)) - raft.server.log.use.memory = false (default)
2019-09-20 04:48:50,693 [pool-82-thread-1] INFO  server.RaftServerConfigKeys (ConfUtils.java:logGet(43)) - raft.server.log.purge.gap = 1000000 (custom)
2019-09-20 04:48:50,693 [pool-82-thread-1] INFO  server.RaftServerConfigKeys (ConfUtils.java:logGet(43)) - raft.server.log.appender.buffer.byte-limit = 33554432 (custom)
2019-09-20 04:48:50,694 [pool-82-thread-1] INFO  server.RaftServerConfigKeys (ConfUtils.java:logGet(43)) - raft.server.log.segment.size.max = 1048576 (custom)
2019-09-20 04:48:50,694 [pool-82-thread-1] INFO  server.RaftServerConfigKeys (ConfUtils.java:logGet(43)) - raft.server.log.segment.cache.num.max = 2 (custom)
2019-09-20 04:48:50,696 [pool-82-thread-1] INFO  segmented.SegmentedRaftLogWorker (SegmentedRaftLogWorker.java:<init>(172)) - new eaf3ecbe-c3b1-4969-ad3a-e4de7fb04f81-SegmentedRaftLogWorker:Storage Directory /workdir/hadoop-ozone/integration-test/target/test-dir/MiniOzoneClusterImpl-c00aaa5b-d63b-4769-9462-6a4c88d2a8bf/datanode-5/data/ratis/ff4cc1da-9419-4743-bb07-2ee322c970ea for RaftStorage:Storage Directory /workdir/hadoop-ozone/integration-test/target/test-dir/MiniOzoneClusterImpl-c00aaa5b-d63b-4769-9462-6a4c88d2a8bf/datanode-5/data/ratis/ff4cc1da-9419-4743-bb07-2ee322c970ea
2019-09-20 04:48:50,701 [pool-82-thread-1] INFO  server.RaftServerConfigKeys (ConfUtils.java:logGet(43)) - raft.server.log.queue.byte-limit = 2147483647 (custom)
2019-09-20 04:48:50,701 [pool-82-thread-1] INFO  server.RaftServerConfigKeys (ConfUtils.java:logGet(43)) - raft.server.log.queue.element-limit = 1024 (custom)
2019-09-20 04:48:50,701 [pool-82-thread-1] INFO  server.RaftServerConfigKeys (ConfUtils.java:logGet(43)) - raft.server.log.segment.size.max = 1048576 (custom)
2019-09-20 04:48:50,701 [pool-82-thread-1] INFO  server.RaftServerConfigKeys (ConfUtils.java:logGet(43)) - raft.server.log.preallocated.size = 16384 (custom)
2019-09-20 04:48:50,701 [pool-82-thread-1] INFO  server.RaftServerConfigKeys (ConfUtils.java:logGet(43)) - raft.server.log.write.buffer.size = 33554432 (custom)
2019-09-20 04:48:50,702 [pool-82-thread-1] INFO  server.RaftServerConfigKeys (ConfUtils.java:logGet(43)) - raft.server.log.force.sync.num = 128 (default)
2019-09-20 04:48:50,702 [pool-82-thread-1] INFO  server.RaftServerConfigKeys (ConfUtils.java:logGet(43)) - raft.server.log.statemachine.data.sync = true (default)
2019-09-20 04:48:50,702 [pool-82-thread-1] INFO  server.RaftServerConfigKeys (ConfUtils.java:logGet(43)) - raft.server.log.statemachine.data.sync.timeout = 10s (default)
2019-09-20 04:48:50,702 [pool-82-thread-1] INFO  server.RaftServerConfigKeys (ConfUtils.java:logGet(43)) - raft.server.log.statemachine.data.sync.timeout.retry = -1 (default)
2019-09-20 04:48:50,702 [pool-82-thread-1] INFO  server.RaftServerConfigKeys (ConfUtils.java:logGet(43)) - raft.server.log.statemachine.data.caching.enabled = true (custom)
2019-09-20 04:48:50,703 [pool-82-thread-1] INFO  segmented.SegmentedRaftLogWorker (SegmentedRaftLogWorker.java:lambda$new$0(132)) - eaf3ecbe-c3b1-4969-ad3a-e4de7fb04f81-SegmentedRaftLogWorker:Storage Directory /workdir/hadoop-ozone/integration-test/target/test-dir/MiniOzoneClusterImpl-c00aaa5b-d63b-4769-9462-6a4c88d2a8bf/datanode-5/data/ratis/ff4cc1da-9419-4743-bb07-2ee322c970ea: flushIndex: setUnconditionally 0 -> -1
2019-09-20 04:48:50,703 [pool-82-thread-1] INFO  server.RaftServerConfigKeys (ConfUtils.java:logGet(43)) - raft.server.snapshot.auto.trigger.enabled = true (custom)
2019-09-20 04:48:50,703 [pool-82-thread-1] INFO  server.RaftServerConfigKeys (ConfUtils.java:logGet(43)) - raft.server.snapshot.auto.trigger.threshold = 10000 (custom)
2019-09-20 04:48:50,704 [pool-82-thread-1] INFO  server.RaftServerConfigKeys (ConfUtils.java:logGet(43)) - raft.server.retrycache.expirytime = 600000ms (custom)
2019-09-20 04:48:50,704 [pool-82-thread-1] INFO  impl.RaftServerImpl (RaftServerImpl.java:start(180)) - eaf3ecbe-c3b1-4969-ad3a-e4de7fb04f81: start group-2EE322C970EA
2019-09-20 04:48:50,704 [pool-82-thread-1] INFO  impl.RaftServerImpl (RaftServerImpl.java:setRole(171)) - eaf3ecbe-c3b1-4969-ad3a-e4de7fb04f81:group-2EE322C970EA changes role from null to FOLLOWER at term 0 for startAsFollower
2019-09-20 04:48:50,704 [pool-82-thread-1] INFO  impl.RoleInfo (RoleInfo.java:updateAndGet(143)) - eaf3ecbe-c3b1-4969-ad3a-e4de7fb04f81: start FollowerState
2019-09-20 04:48:50,705 [pool-82-thread-1] INFO  util.JmxRegister (JmxRegister.java:tryRegister(44)) - Successfully registered JMX Bean with object name Ratis:service=RaftServer,group=group-2EE322C970EA,id=eaf3ecbe-c3b1-4969-ad3a-e4de7fb04f81
2019-09-20 04:48:50,728 [RatisPipelineUtilsThread] INFO  pipeline.PipelineStateManager (PipelineStateManager.java:addPipeline(56)) - Created pipeline Pipeline[ Id: ff4cc1da-9419-4743-bb07-2ee322c970ea, Nodes: eaf3ecbe-c3b1-4969-ad3a-e4de7fb04f81{ip: 192.168.36.79, host: pr-hdds-1569-s8kj2-2266485376, networkLocation: /default-rack, certSerialId: null}, Type:RATIS, Factor:ONE, State:OPEN]
2019-09-20 04:48:50,742 [grpc-default-executor-1] INFO  impl.RaftServerProxy (RaftServerProxy.java:addNew(89)) - 42fc6e92-fcdd-4827-b621-9fc58a3d2315: addNew group-3565339F237F:[42fc6e92-fcdd-4827-b621-9fc58a3d2315:192.168.36.79:44605] returns group-3565339F237F:java.util.concurrent.CompletableFuture@79149168[Not completed]
2019-09-20 04:48:50,743 [pool-38-thread-1] INFO  impl.RaftServerImpl (RaftServerImpl.java:<init>(93)) - 42fc6e92-fcdd-4827-b621-9fc58a3d2315: new RaftServerImpl for group-3565339F237F:[42fc6e92-fcdd-4827-b621-9fc58a3d2315:192.168.36.79:44605] with ContainerStateMachine:uninitialized
2019-09-20 04:48:50,743 [pool-38-thread-1] INFO  server.RaftServerConfigKeys (ConfUtils.java:logGet(43)) - raft.server.rpc.timeout.min = 1s (custom)
2019-09-20 04:48:50,743 [pool-38-thread-1] INFO  server.RaftServerConfigKeys (ConfUtils.java:logGet(43)) - raft.server.rpc.timeout.max = 1200ms (custom)
2019-09-20 04:48:50,744 [pool-38-thread-1] INFO  server.RaftServerConfigKeys (ConfUtils.java:logGet(43)) - raft.server.rpcslowness.timeout = 120s (custom)
2019-09-20 04:48:50,744 [pool-38-thread-1] INFO  server.RaftServerConfigKeys (ConfUtils.java:logGet(43)) - raft.server.sleep.deviation.threshold = 300 (default)
2019-09-20 04:48:50,744 [pool-38-thread-1] INFO  server.RaftServerConfigKeys (ConfUtils.java:logGet(43)) - raft.server.log.appender.install.snapshot.enabled = false (custom)
2019-09-20 04:48:50,744 [pool-38-thread-1] INFO  impl.RaftServerImpl (ServerState.java:<init>(105)) - 42fc6e92-fcdd-4827-b621-9fc58a3d2315:group-3565339F237F ConfigurationManager, init=-1: [42fc6e92-fcdd-4827-b621-9fc58a3d2315:192.168.36.79:44605], old=null, confs=<EMPTY_MAP>
2019-09-20 04:48:50,744 [pool-38-thread-1] INFO  server.RaftServerConfigKeys (ConfUtils.java:logGet(43)) - raft.server.storage.dir = [/workdir/hadoop-ozone/integration-test/target/test-dir/MiniOzoneClusterImpl-c00aaa5b-d63b-4769-9462-6a4c88d2a8bf/datanode-1/data/ratis] (custom)
2019-09-20 04:48:50,744 [pool-38-thread-1] INFO  storage.RaftStorageDirectory (RaftStorageDirectory.java:analyzeStorage(246)) - The storage directory /workdir/hadoop-ozone/integration-test/target/test-dir/MiniOzoneClusterImpl-c00aaa5b-d63b-4769-9462-6a4c88d2a8bf/datanode-1/data/ratis/70202f09-97e1-4d89-bcfb-3565339f237f does not exist. Creating ...
2019-09-20 04:48:50,776 [pool-38-thread-1] INFO  storage.RaftStorageDirectory (RaftStorageDirectory.java:tryLock(328)) - Lock on /workdir/hadoop-ozone/integration-test/target/test-dir/MiniOzoneClusterImpl-c00aaa5b-d63b-4769-9462-6a4c88d2a8bf/datanode-1/data/ratis/70202f09-97e1-4d89-bcfb-3565339f237f/in_use.lock acquired by nodename 9457@pr-hdds-1569-s8kj2-2266485376
2019-09-20 04:48:50,793 [pool-38-thread-1] INFO  storage.RaftStorage (RaftStorage.java:format(72)) - Storage directory /workdir/hadoop-ozone/integration-test/target/test-dir/MiniOzoneClusterImpl-c00aaa5b-d63b-4769-9462-6a4c88d2a8bf/datanode-1/data/ratis/70202f09-97e1-4d89-bcfb-3565339f237f has been successfully formatted.
2019-09-20 04:48:50,793 [pool-38-thread-1] INFO  ratis.ContainerStateMachine (ContainerStateMachine.java:loadSnapshot(226)) - group-3565339F237F: The snapshot info is null. Setting the last applied indexto:(t:0, i:~)
2019-09-20 04:48:50,793 [pool-38-thread-1] INFO  server.RaftServerConfigKeys (ConfUtils.java:logGet(43)) - raft.server.leader.election.timeout = 120s (custom)
2019-09-20 04:48:50,793 [pool-38-thread-1] INFO  server.RaftServerConfigKeys (ConfUtils.java:logGet(43)) - raft.server.log.use.memory = false (default)
2019-09-20 04:48:50,794 [pool-38-thread-1] INFO  server.RaftServerConfigKeys (ConfUtils.java:logGet(43)) - raft.server.log.purge.gap = 1000000 (custom)
2019-09-20 04:48:50,794 [pool-38-thread-1] INFO  server.RaftServerConfigKeys (ConfUtils.java:logGet(43)) - raft.server.log.appender.buffer.byte-limit = 33554432 (custom)
2019-09-20 04:48:50,794 [pool-38-thread-1] INFO  server.RaftServerConfigKeys (ConfUtils.java:logGet(43)) - raft.server.log.segment.size.max = 1048576 (custom)
2019-09-20 04:48:50,794 [pool-38-thread-1] INFO  server.RaftServerConfigKeys (ConfUtils.java:logGet(43)) - raft.server.log.segment.cache.num.max = 2 (custom)
2019-09-20 04:48:50,794 [pool-38-thread-1] INFO  segmented.SegmentedRaftLogWorker (SegmentedRaftLogWorker.java:<init>(172)) - new 42fc6e92-fcdd-4827-b621-9fc58a3d2315-SegmentedRaftLogWorker:Storage Directory /workdir/hadoop-ozone/integration-test/target/test-dir/MiniOzoneClusterImpl-c00aaa5b-d63b-4769-9462-6a4c88d2a8bf/datanode-1/data/ratis/70202f09-97e1-4d89-bcfb-3565339f237f for RaftStorage:Storage Directory /workdir/hadoop-ozone/integration-test/target/test-dir/MiniOzoneClusterImpl-c00aaa5b-d63b-4769-9462-6a4c88d2a8bf/datanode-1/data/ratis/70202f09-97e1-4d89-bcfb-3565339f237f
2019-09-20 04:48:50,794 [pool-38-thread-1] INFO  server.RaftServerConfigKeys (ConfUtils.java:logGet(43)) - raft.server.log.queue.byte-limit = 2147483647 (custom)
2019-09-20 04:48:50,794 [pool-38-thread-1] INFO  server.RaftServerConfigKeys (ConfUtils.java:logGet(43)) - raft.server.log.queue.element-limit = 1024 (custom)
2019-09-20 04:48:50,794 [pool-38-thread-1] INFO  server.RaftServerConfigKeys (ConfUtils.java:logGet(43)) - raft.server.log.segment.size.max = 1048576 (custom)
2019-09-20 04:48:50,794 [pool-38-thread-1] INFO  server.RaftServerConfigKeys (ConfUtils.java:logGet(43)) - raft.server.log.preallocated.size = 16384 (custom)
2019-09-20 04:48:50,795 [pool-38-thread-1] INFO  server.RaftServerConfigKeys (ConfUtils.java:logGet(43)) - raft.server.log.write.buffer.size = 33554432 (custom)
2019-09-20 04:48:50,795 [pool-38-thread-1] INFO  server.RaftServerConfigKeys (ConfUtils.java:logGet(43)) - raft.server.log.force.sync.num = 128 (default)
2019-09-20 04:48:50,795 [pool-38-thread-1] INFO  server.RaftServerConfigKeys (ConfUtils.java:logGet(43)) - raft.server.log.statemachine.data.sync = true (default)
2019-09-20 04:48:50,795 [pool-38-thread-1] INFO  server.RaftServerConfigKeys (ConfUtils.java:logGet(43)) - raft.server.log.statemachine.data.sync.timeout = 10s (default)
2019-09-20 04:48:50,795 [pool-38-thread-1] INFO  server.RaftServerConfigKeys (ConfUtils.java:logGet(43)) - raft.server.log.statemachine.data.sync.timeout.retry = -1 (default)
2019-09-20 04:48:50,795 [pool-38-thread-1] INFO  server.RaftServerConfigKeys (ConfUtils.java:logGet(43)) - raft.server.log.statemachine.data.caching.enabled = true (custom)
2019-09-20 04:48:50,795 [pool-38-thread-1] INFO  segmented.SegmentedRaftLogWorker (SegmentedRaftLogWorker.java:lambda$new$0(132)) - 42fc6e92-fcdd-4827-b621-9fc58a3d2315-SegmentedRaftLogWorker:Storage Directory /workdir/hadoop-ozone/integration-test/target/test-dir/MiniOzoneClusterImpl-c00aaa5b-d63b-4769-9462-6a4c88d2a8bf/datanode-1/data/ratis/70202f09-97e1-4d89-bcfb-3565339f237f: flushIndex: setUnconditionally 0 -> -1
2019-09-20 04:48:50,796 [pool-38-thread-1] INFO  server.RaftServerConfigKeys (ConfUtils.java:logGet(43)) - raft.server.snapshot.auto.trigger.enabled = true (custom)
2019-09-20 04:48:50,796 [pool-38-thread-1] INFO  server.RaftServerConfigKeys (ConfUtils.java:logGet(43)) - raft.server.snapshot.auto.trigger.threshold = 10000 (custom)
2019-09-20 04:48:50,796 [pool-38-thread-1] INFO  server.RaftServerConfigKeys (ConfUtils.java:logGet(43)) - raft.server.retrycache.expirytime = 600000ms (custom)
2019-09-20 04:48:50,796 [pool-38-thread-1] INFO  impl.RaftServerImpl (RaftServerImpl.java:start(180)) - 42fc6e92-fcdd-4827-b621-9fc58a3d2315: start group-3565339F237F
2019-09-20 04:48:50,796 [pool-38-thread-1] INFO  impl.RaftServerImpl (RaftServerImpl.java:setRole(171)) - 42fc6e92-fcdd-4827-b621-9fc58a3d2315:group-3565339F237F changes role from null to FOLLOWER at term 0 for startAsFollower
2019-09-20 04:48:50,796 [pool-38-thread-1] INFO  impl.RoleInfo (RoleInfo.java:updateAndGet(143)) - 42fc6e92-fcdd-4827-b621-9fc58a3d2315: start FollowerState
2019-09-20 04:48:50,797 [pool-38-thread-1] INFO  util.JmxRegister (JmxRegister.java:tryRegister(44)) - Successfully registered JMX Bean with object name Ratis:service=RaftServer,group=group-3565339F237F,id=42fc6e92-fcdd-4827-b621-9fc58a3d2315
2019-09-20 04:48:50,810 [RatisPipelineUtilsThread] INFO  pipeline.PipelineStateManager (PipelineStateManager.java:addPipeline(56)) - Created pipeline Pipeline[ Id: 70202f09-97e1-4d89-bcfb-3565339f237f, Nodes: 42fc6e92-fcdd-4827-b621-9fc58a3d2315{ip: 192.168.36.79, host: pr-hdds-1569-s8kj2-2266485376, networkLocation: /default-rack, certSerialId: null}, Type:RATIS, Factor:ONE, State:OPEN]
2019-09-20 04:48:50,827 [grpc-default-executor-1] INFO  impl.RaftServerProxy (RaftServerProxy.java:addNew(89)) - 2d6465ef-cffa-473a-a4c6-a9aa3f1a26c0: addNew group-2B7B4E0646C6:[2d6465ef-cffa-473a-a4c6-a9aa3f1a26c0:192.168.36.79:46837] returns group-2B7B4E0646C6:java.util.concurrent.CompletableFuture@73ecfa18[Not completed]
2019-09-20 04:48:50,828 [pool-49-thread-1] INFO  impl.RaftServerImpl (RaftServerImpl.java:<init>(93)) - 2d6465ef-cffa-473a-a4c6-a9aa3f1a26c0: new RaftServerImpl for group-2B7B4E0646C6:[2d6465ef-cffa-473a-a4c6-a9aa3f1a26c0:192.168.36.79:46837] with ContainerStateMachine:uninitialized
2019-09-20 04:48:50,828 [pool-49-thread-1] INFO  server.RaftServerConfigKeys (ConfUtils.java:logGet(43)) - raft.server.rpc.timeout.min = 1s (custom)
2019-09-20 04:48:50,829 [pool-49-thread-1] INFO  server.RaftServerConfigKeys (ConfUtils.java:logGet(43)) - raft.server.rpc.timeout.max = 1200ms (custom)
2019-09-20 04:48:50,829 [pool-49-thread-1] INFO  server.RaftServerConfigKeys (ConfUtils.java:logGet(43)) - raft.server.rpcslowness.timeout = 120s (custom)
2019-09-20 04:48:50,829 [pool-49-thread-1] INFO  server.RaftServerConfigKeys (ConfUtils.java:logGet(43)) - raft.server.sleep.deviation.threshold = 300 (default)
2019-09-20 04:48:50,829 [pool-49-thread-1] INFO  server.RaftServerConfigKeys (ConfUtils.java:logGet(43)) - raft.server.log.appender.install.snapshot.enabled = false (custom)
2019-09-20 04:48:50,829 [pool-49-thread-1] INFO  impl.RaftServerImpl (ServerState.java:<init>(105)) - 2d6465ef-cffa-473a-a4c6-a9aa3f1a26c0:group-2B7B4E0646C6 ConfigurationManager, init=-1: [2d6465ef-cffa-473a-a4c6-a9aa3f1a26c0:192.168.36.79:46837], old=null, confs=<EMPTY_MAP>
2019-09-20 04:48:50,829 [pool-49-thread-1] INFO  server.RaftServerConfigKeys (ConfUtils.java:logGet(43)) - raft.server.storage.dir = [/workdir/hadoop-ozone/integration-test/target/test-dir/MiniOzoneClusterImpl-c00aaa5b-d63b-4769-9462-6a4c88d2a8bf/datanode-2/data/ratis] (custom)
2019-09-20 04:48:50,830 [pool-49-thread-1] INFO  storage.RaftStorageDirectory (RaftStorageDirectory.java:analyzeStorage(246)) - The storage directory /workdir/hadoop-ozone/integration-test/target/test-dir/MiniOzoneClusterImpl-c00aaa5b-d63b-4769-9462-6a4c88d2a8bf/datanode-2/data/ratis/9fa8d211-dc06-4f71-afe2-2b7b4e0646c6 does not exist. Creating ...
2019-09-20 04:48:50,852 [pool-49-thread-1] INFO  storage.RaftStorageDirectory (RaftStorageDirectory.java:tryLock(328)) - Lock on /workdir/hadoop-ozone/integration-test/target/test-dir/MiniOzoneClusterImpl-c00aaa5b-d63b-4769-9462-6a4c88d2a8bf/datanode-2/data/ratis/9fa8d211-dc06-4f71-afe2-2b7b4e0646c6/in_use.lock acquired by nodename 9457@pr-hdds-1569-s8kj2-2266485376
2019-09-20 04:48:50,869 [pool-49-thread-1] INFO  storage.RaftStorage (RaftStorage.java:format(72)) - Storage directory /workdir/hadoop-ozone/integration-test/target/test-dir/MiniOzoneClusterImpl-c00aaa5b-d63b-4769-9462-6a4c88d2a8bf/datanode-2/data/ratis/9fa8d211-dc06-4f71-afe2-2b7b4e0646c6 has been successfully formatted.
2019-09-20 04:48:50,869 [pool-49-thread-1] INFO  ratis.ContainerStateMachine (ContainerStateMachine.java:loadSnapshot(226)) - group-2B7B4E0646C6: The snapshot info is null. Setting the last applied indexto:(t:0, i:~)
2019-09-20 04:48:50,869 [pool-49-thread-1] INFO  server.RaftServerConfigKeys (ConfUtils.java:logGet(43)) - raft.server.leader.election.timeout = 120s (custom)
2019-09-20 04:48:50,869 [pool-49-thread-1] INFO  server.RaftServerConfigKeys (ConfUtils.java:logGet(43)) - raft.server.log.use.memory = false (default)
2019-09-20 04:48:50,870 [pool-49-thread-1] INFO  server.RaftServerConfigKeys (ConfUtils.java:logGet(43)) - raft.server.log.purge.gap = 1000000 (custom)
2019-09-20 04:48:50,870 [pool-49-thread-1] INFO  server.RaftServerConfigKeys (ConfUtils.java:logGet(43)) - raft.server.log.appender.buffer.byte-limit = 33554432 (custom)
2019-09-20 04:48:50,870 [pool-49-thread-1] INFO  server.RaftServerConfigKeys (ConfUtils.java:logGet(43)) - raft.server.log.segment.size.max = 1048576 (custom)
2019-09-20 04:48:50,870 [pool-49-thread-1] INFO  server.RaftServerConfigKeys (ConfUtils.java:logGet(43)) - raft.server.log.segment.cache.num.max = 2 (custom)
2019-09-20 04:48:50,870 [pool-49-thread-1] INFO  segmented.SegmentedRaftLogWorker (SegmentedRaftLogWorker.java:<init>(172)) - new 2d6465ef-cffa-473a-a4c6-a9aa3f1a26c0-SegmentedRaftLogWorker:Storage Directory /workdir/hadoop-ozone/integration-test/target/test-dir/MiniOzoneClusterImpl-c00aaa5b-d63b-4769-9462-6a4c88d2a8bf/datanode-2/data/ratis/9fa8d211-dc06-4f71-afe2-2b7b4e0646c6 for RaftStorage:Storage Directory /workdir/hadoop-ozone/integration-test/target/test-dir/MiniOzoneClusterImpl-c00aaa5b-d63b-4769-9462-6a4c88d2a8bf/datanode-2/data/ratis/9fa8d211-dc06-4f71-afe2-2b7b4e0646c6
2019-09-20 04:48:50,870 [pool-49-thread-1] INFO  server.RaftServerConfigKeys (ConfUtils.java:logGet(43)) - raft.server.log.queue.byte-limit = 2147483647 (custom)
2019-09-20 04:48:50,870 [pool-49-thread-1] INFO  server.RaftServerConfigKeys (ConfUtils.java:logGet(43)) - raft.server.log.queue.element-limit = 1024 (custom)
2019-09-20 04:48:50,871 [pool-49-thread-1] INFO  server.RaftServerConfigKeys (ConfUtils.java:logGet(43)) - raft.server.log.segment.size.max = 1048576 (custom)
2019-09-20 04:48:50,871 [pool-49-thread-1] INFO  server.RaftServerConfigKeys (ConfUtils.java:logGet(43)) - raft.server.log.preallocated.size = 16384 (custom)
2019-09-20 04:48:50,871 [pool-49-thread-1] INFO  server.RaftServerConfigKeys (ConfUtils.java:logGet(43)) - raft.server.log.write.buffer.size = 33554432 (custom)
2019-09-20 04:48:50,871 [pool-49-thread-1] INFO  server.RaftServerConfigKeys (ConfUtils.java:logGet(43)) - raft.server.log.force.sync.num = 128 (default)
2019-09-20 04:48:50,871 [pool-49-thread-1] INFO  server.RaftServerConfigKeys (ConfUtils.java:logGet(43)) - raft.server.log.statemachine.data.sync = true (default)
2019-09-20 04:48:50,871 [pool-49-thread-1] INFO  server.RaftServerConfigKeys (ConfUtils.java:logGet(43)) - raft.server.log.statemachine.data.sync.timeout = 10s (default)
2019-09-20 04:48:50,871 [pool-49-thread-1] INFO  server.RaftServerConfigKeys (ConfUtils.java:logGet(43)) - raft.server.log.statemachine.data.sync.timeout.retry = -1 (default)
2019-09-20 04:48:50,872 [pool-49-thread-1] INFO  server.RaftServerConfigKeys (ConfUtils.java:logGet(43)) - raft.server.log.statemachine.data.caching.enabled = true (custom)
2019-09-20 04:48:50,872 [pool-49-thread-1] INFO  segmented.SegmentedRaftLogWorker (SegmentedRaftLogWorker.java:lambda$new$0(132)) - 2d6465ef-cffa-473a-a4c6-a9aa3f1a26c0-SegmentedRaftLogWorker:Storage Directory /workdir/hadoop-ozone/integration-test/target/test-dir/MiniOzoneClusterImpl-c00aaa5b-d63b-4769-9462-6a4c88d2a8bf/datanode-2/data/ratis/9fa8d211-dc06-4f71-afe2-2b7b4e0646c6: flushIndex: setUnconditionally 0 -> -1
2019-09-20 04:48:50,872 [pool-49-thread-1] INFO  server.RaftServerConfigKeys (ConfUtils.java:logGet(43)) - raft.server.snapshot.auto.trigger.enabled = true (custom)
2019-09-20 04:48:50,873 [pool-49-thread-1] INFO  server.RaftServerConfigKeys (ConfUtils.java:logGet(43)) - raft.server.snapshot.auto.trigger.threshold = 10000 (custom)
2019-09-20 04:48:50,873 [pool-49-thread-1] INFO  server.RaftServerConfigKeys (ConfUtils.java:logGet(43)) - raft.server.retrycache.expirytime = 600000ms (custom)
2019-09-20 04:48:50,873 [pool-49-thread-1] INFO  impl.RaftServerImpl (RaftServerImpl.java:start(180)) - 2d6465ef-cffa-473a-a4c6-a9aa3f1a26c0: start group-2B7B4E0646C6
2019-09-20 04:48:50,873 [pool-49-thread-1] INFO  impl.RaftServerImpl (RaftServerImpl.java:setRole(171)) - 2d6465ef-cffa-473a-a4c6-a9aa3f1a26c0:group-2B7B4E0646C6 changes role from null to FOLLOWER at term 0 for startAsFollower
2019-09-20 04:48:50,873 [pool-49-thread-1] INFO  impl.RoleInfo (RoleInfo.java:updateAndGet(143)) - 2d6465ef-cffa-473a-a4c6-a9aa3f1a26c0: start FollowerState
2019-09-20 04:48:50,874 [pool-49-thread-1] INFO  util.JmxRegister (JmxRegister.java:tryRegister(44)) - Successfully registered JMX Bean with object name Ratis:service=RaftServer,group=group-2B7B4E0646C6,id=2d6465ef-cffa-473a-a4c6-a9aa3f1a26c0
2019-09-20 04:48:50,889 [RatisPipelineUtilsThread] INFO  pipeline.PipelineStateManager (PipelineStateManager.java:addPipeline(56)) - Created pipeline Pipeline[ Id: 9fa8d211-dc06-4f71-afe2-2b7b4e0646c6, Nodes: 2d6465ef-cffa-473a-a4c6-a9aa3f1a26c0{ip: 192.168.36.79, host: pr-hdds-1569-s8kj2-2266485376, networkLocation: /default-rack, certSerialId: null}, Type:RATIS, Factor:ONE, State:OPEN]
2019-09-20 04:48:50,907 [grpc-default-executor-1] INFO  impl.RaftServerProxy (RaftServerProxy.java:addNew(89)) - 2d6465ef-cffa-473a-a4c6-a9aa3f1a26c0: addNew group-339F762A74D8:[2d6465ef-cffa-473a-a4c6-a9aa3f1a26c0:192.168.36.79:46837] returns group-339F762A74D8:java.util.concurrent.CompletableFuture@6b2c3265[Not completed]
2019-09-20 04:48:50,909 [pool-49-thread-1] INFO  impl.RaftServerImpl (RaftServerImpl.java:<init>(93)) - 2d6465ef-cffa-473a-a4c6-a9aa3f1a26c0: new RaftServerImpl for group-339F762A74D8:[2d6465ef-cffa-473a-a4c6-a9aa3f1a26c0:192.168.36.79:46837] with ContainerStateMachine:uninitialized
2019-09-20 04:48:50,909 [pool-49-thread-1] INFO  server.RaftServerConfigKeys (ConfUtils.java:logGet(43)) - raft.server.rpc.timeout.min = 1s (custom)
2019-09-20 04:48:50,910 [pool-49-thread-1] INFO  server.RaftServerConfigKeys (ConfUtils.java:logGet(43)) - raft.server.rpc.timeout.max = 1200ms (custom)
2019-09-20 04:48:50,910 [pool-49-thread-1] INFO  server.RaftServerConfigKeys (ConfUtils.java:logGet(43)) - raft.server.rpcslowness.timeout = 120s (custom)
2019-09-20 04:48:50,910 [pool-49-thread-1] INFO  server.RaftServerConfigKeys (ConfUtils.java:logGet(43)) - raft.server.sleep.deviation.threshold = 300 (default)
2019-09-20 04:48:50,910 [pool-49-thread-1] INFO  server.RaftServerConfigKeys (ConfUtils.java:logGet(43)) - raft.server.log.appender.install.snapshot.enabled = false (custom)
2019-09-20 04:48:50,910 [pool-49-thread-1] INFO  impl.RaftServerImpl (ServerState.java:<init>(105)) - 2d6465ef-cffa-473a-a4c6-a9aa3f1a26c0:group-339F762A74D8 ConfigurationManager, init=-1: [2d6465ef-cffa-473a-a4c6-a9aa3f1a26c0:192.168.36.79:46837], old=null, confs=<EMPTY_MAP>
2019-09-20 04:48:50,911 [pool-49-thread-1] INFO  server.RaftServerConfigKeys (ConfUtils.java:logGet(43)) - raft.server.storage.dir = [/workdir/hadoop-ozone/integration-test/target/test-dir/MiniOzoneClusterImpl-c00aaa5b-d63b-4769-9462-6a4c88d2a8bf/datanode-2/data/ratis] (custom)
2019-09-20 04:48:50,911 [pool-49-thread-1] INFO  storage.RaftStorageDirectory (RaftStorageDirectory.java:analyzeStorage(246)) - The storage directory /workdir/hadoop-ozone/integration-test/target/test-dir/MiniOzoneClusterImpl-c00aaa5b-d63b-4769-9462-6a4c88d2a8bf/datanode-2/data/ratis/5e7f368f-a9b9-4100-8a00-339f762a74d8 does not exist. Creating ...
2019-09-20 04:48:50,912 | INFO  | SCMAudit | user=jenkins1000 | ip=192.168.36.79 | op=SEND_HEARTBEAT {datanodeUUID=ea71b9af-1075-4196-9693-aa14e10f536d, command=[]} | ret=SUCCESS |  
2019-09-20 04:48:50,929 [pool-49-thread-1] INFO  storage.RaftStorageDirectory (RaftStorageDirectory.java:tryLock(328)) - Lock on /workdir/hadoop-ozone/integration-test/target/test-dir/MiniOzoneClusterImpl-c00aaa5b-d63b-4769-9462-6a4c88d2a8bf/datanode-2/data/ratis/5e7f368f-a9b9-4100-8a00-339f762a74d8/in_use.lock acquired by nodename 9457@pr-hdds-1569-s8kj2-2266485376
2019-09-20 04:48:50,961 [pool-49-thread-1] INFO  storage.RaftStorage (RaftStorage.java:format(72)) - Storage directory /workdir/hadoop-ozone/integration-test/target/test-dir/MiniOzoneClusterImpl-c00aaa5b-d63b-4769-9462-6a4c88d2a8bf/datanode-2/data/ratis/5e7f368f-a9b9-4100-8a00-339f762a74d8 has been successfully formatted.
2019-09-20 04:48:50,962 [pool-49-thread-1] INFO  ratis.ContainerStateMachine (ContainerStateMachine.java:loadSnapshot(226)) - group-339F762A74D8: The snapshot info is null. Setting the last applied indexto:(t:0, i:~)
2019-09-20 04:48:50,962 [pool-49-thread-1] INFO  server.RaftServerConfigKeys (ConfUtils.java:logGet(43)) - raft.server.leader.election.timeout = 120s (custom)
2019-09-20 04:48:50,962 [pool-49-thread-1] INFO  server.RaftServerConfigKeys (ConfUtils.java:logGet(43)) - raft.server.log.use.memory = false (default)
2019-09-20 04:48:50,962 [pool-49-thread-1] INFO  server.RaftServerConfigKeys (ConfUtils.java:logGet(43)) - raft.server.log.purge.gap = 1000000 (custom)
2019-09-20 04:48:50,962 [pool-49-thread-1] INFO  server.RaftServerConfigKeys (ConfUtils.java:logGet(43)) - raft.server.log.appender.buffer.byte-limit = 33554432 (custom)
2019-09-20 04:48:50,962 [pool-49-thread-1] INFO  server.RaftServerConfigKeys (ConfUtils.java:logGet(43)) - raft.server.log.segment.size.max = 1048576 (custom)
2019-09-20 04:48:50,962 [pool-49-thread-1] INFO  server.RaftServerConfigKeys (ConfUtils.java:logGet(43)) - raft.server.log.segment.cache.num.max = 2 (custom)
2019-09-20 04:48:50,963 [pool-49-thread-1] INFO  segmented.SegmentedRaftLogWorker (SegmentedRaftLogWorker.java:<init>(172)) - new 2d6465ef-cffa-473a-a4c6-a9aa3f1a26c0-SegmentedRaftLogWorker:Storage Directory /workdir/hadoop-ozone/integration-test/target/test-dir/MiniOzoneClusterImpl-c00aaa5b-d63b-4769-9462-6a4c88d2a8bf/datanode-2/data/ratis/5e7f368f-a9b9-4100-8a00-339f762a74d8 for RaftStorage:Storage Directory /workdir/hadoop-ozone/integration-test/target/test-dir/MiniOzoneClusterImpl-c00aaa5b-d63b-4769-9462-6a4c88d2a8bf/datanode-2/data/ratis/5e7f368f-a9b9-4100-8a00-339f762a74d8
2019-09-20 04:48:50,963 [pool-49-thread-1] INFO  server.RaftServerConfigKeys (ConfUtils.java:logGet(43)) - raft.server.log.queue.byte-limit = 2147483647 (custom)
2019-09-20 04:48:50,963 [pool-49-thread-1] INFO  server.RaftServerConfigKeys (ConfUtils.java:logGet(43)) - raft.server.log.queue.element-limit = 1024 (custom)
2019-09-20 04:48:50,963 [pool-49-thread-1] INFO  server.RaftServerConfigKeys (ConfUtils.java:logGet(43)) - raft.server.log.segment.size.max = 1048576 (custom)
2019-09-20 04:48:50,963 [pool-49-thread-1] INFO  server.RaftServerConfigKeys (ConfUtils.java:logGet(43)) - raft.server.log.preallocated.size = 16384 (custom)
2019-09-20 04:48:50,963 [pool-49-thread-1] INFO  server.RaftServerConfigKeys (ConfUtils.java:logGet(43)) - raft.server.log.write.buffer.size = 33554432 (custom)
2019-09-20 04:48:50,963 [pool-49-thread-1] INFO  server.RaftServerConfigKeys (ConfUtils.java:logGet(43)) - raft.server.log.force.sync.num = 128 (default)
2019-09-20 04:48:50,964 [pool-49-thread-1] INFO  server.RaftServerConfigKeys (ConfUtils.java:logGet(43)) - raft.server.log.statemachine.data.sync = true (default)
2019-09-20 04:48:50,964 [pool-49-thread-1] INFO  server.RaftServerConfigKeys (ConfUtils.java:logGet(43)) - raft.server.log.statemachine.data.sync.timeout = 10s (default)
2019-09-20 04:48:50,964 [pool-49-thread-1] INFO  server.RaftServerConfigKeys (ConfUtils.java:logGet(43)) - raft.server.log.statemachine.data.sync.timeout.retry = -1 (default)
2019-09-20 04:48:50,964 [pool-49-thread-1] INFO  server.RaftServerConfigKeys (ConfUtils.java:logGet(43)) - raft.server.log.statemachine.data.caching.enabled = true (custom)
2019-09-20 04:48:50,964 [pool-49-thread-1] INFO  segmented.SegmentedRaftLogWorker (SegmentedRaftLogWorker.java:lambda$new$0(132)) - 2d6465ef-cffa-473a-a4c6-a9aa3f1a26c0-SegmentedRaftLogWorker:Storage Directory /workdir/hadoop-ozone/integration-test/target/test-dir/MiniOzoneClusterImpl-c00aaa5b-d63b-4769-9462-6a4c88d2a8bf/datanode-2/data/ratis/5e7f368f-a9b9-4100-8a00-339f762a74d8: flushIndex: setUnconditionally 0 -> -1
2019-09-20 04:48:50,965 [pool-49-thread-1] INFO  server.RaftServerConfigKeys (ConfUtils.java:logGet(43)) - raft.server.snapshot.auto.trigger.enabled = true (custom)
2019-09-20 04:48:50,965 [pool-49-thread-1] INFO  server.RaftServerConfigKeys (ConfUtils.java:logGet(43)) - raft.server.snapshot.auto.trigger.threshold = 10000 (custom)
2019-09-20 04:48:50,965 [pool-49-thread-1] INFO  server.RaftServerConfigKeys (ConfUtils.java:logGet(43)) - raft.server.retrycache.expirytime = 600000ms (custom)
2019-09-20 04:48:50,965 [pool-49-thread-1] INFO  impl.RaftServerImpl (RaftServerImpl.java:start(180)) - 2d6465ef-cffa-473a-a4c6-a9aa3f1a26c0: start group-339F762A74D8
2019-09-20 04:48:50,965 [pool-49-thread-1] INFO  impl.RaftServerImpl (RaftServerImpl.java:setRole(171)) - 2d6465ef-cffa-473a-a4c6-a9aa3f1a26c0:group-339F762A74D8 changes role from null to FOLLOWER at term 0 for startAsFollower
2019-09-20 04:48:50,966 [pool-49-thread-1] INFO  impl.RoleInfo (RoleInfo.java:updateAndGet(143)) - 2d6465ef-cffa-473a-a4c6-a9aa3f1a26c0: start FollowerState
2019-09-20 04:48:50,966 [pool-49-thread-1] INFO  util.JmxRegister (JmxRegister.java:tryRegister(44)) - Successfully registered JMX Bean with object name Ratis:service=RaftServer,group=group-339F762A74D8,id=2d6465ef-cffa-473a-a4c6-a9aa3f1a26c0
2019-09-20 04:48:50,974 [RatisPipelineUtilsThread] INFO  pipeline.PipelineStateManager (PipelineStateManager.java:addPipeline(56)) - Created pipeline Pipeline[ Id: 5e7f368f-a9b9-4100-8a00-339f762a74d8, Nodes: 2d6465ef-cffa-473a-a4c6-a9aa3f1a26c0{ip: 192.168.36.79, host: pr-hdds-1569-s8kj2-2266485376, networkLocation: /default-rack, certSerialId: null}, Type:RATIS, Factor:ONE, State:OPEN]
2019-09-20 04:48:50,988 [grpc-default-executor-1] INFO  impl.RaftServerProxy (RaftServerProxy.java:addNew(89)) - ea71b9af-1075-4196-9693-aa14e10f536d: addNew group-ED393AB07062:[ea71b9af-1075-4196-9693-aa14e10f536d:192.168.36.79:41553] returns group-ED393AB07062:java.util.concurrent.CompletableFuture@13badb4a[Not completed]
2019-09-20 04:48:50,989 [pool-27-thread-1] INFO  impl.RaftServerImpl (RaftServerImpl.java:<init>(93)) - ea71b9af-1075-4196-9693-aa14e10f536d: new RaftServerImpl for group-ED393AB07062:[ea71b9af-1075-4196-9693-aa14e10f536d:192.168.36.79:41553] with ContainerStateMachine:uninitialized
2019-09-20 04:48:50,990 [pool-27-thread-1] INFO  server.RaftServerConfigKeys (ConfUtils.java:logGet(43)) - raft.server.rpc.timeout.min = 1s (custom)
2019-09-20 04:48:50,990 [pool-27-thread-1] INFO  server.RaftServerConfigKeys (ConfUtils.java:logGet(43)) - raft.server.rpc.timeout.max = 1200ms (custom)
2019-09-20 04:48:50,990 [pool-27-thread-1] INFO  server.RaftServerConfigKeys (ConfUtils.java:logGet(43)) - raft.server.rpcslowness.timeout = 120s (custom)
2019-09-20 04:48:50,990 [pool-27-thread-1] INFO  server.RaftServerConfigKeys (ConfUtils.java:logGet(43)) - raft.server.sleep.deviation.threshold = 300 (default)
2019-09-20 04:48:50,990 [pool-27-thread-1] INFO  server.RaftServerConfigKeys (ConfUtils.java:logGet(43)) - raft.server.log.appender.install.snapshot.enabled = false (custom)
2019-09-20 04:48:50,990 [pool-27-thread-1] INFO  impl.RaftServerImpl (ServerState.java:<init>(105)) - ea71b9af-1075-4196-9693-aa14e10f536d:group-ED393AB07062 ConfigurationManager, init=-1: [ea71b9af-1075-4196-9693-aa14e10f536d:192.168.36.79:41553], old=null, confs=<EMPTY_MAP>
2019-09-20 04:48:50,990 [pool-27-thread-1] INFO  server.RaftServerConfigKeys (ConfUtils.java:logGet(43)) - raft.server.storage.dir = [/workdir/hadoop-ozone/integration-test/target/test-dir/MiniOzoneClusterImpl-c00aaa5b-d63b-4769-9462-6a4c88d2a8bf/datanode-0/data/ratis] (custom)
2019-09-20 04:48:50,991 [pool-27-thread-1] INFO  storage.RaftStorageDirectory (RaftStorageDirectory.java:analyzeStorage(246)) - The storage directory /workdir/hadoop-ozone/integration-test/target/test-dir/MiniOzoneClusterImpl-c00aaa5b-d63b-4769-9462-6a4c88d2a8bf/datanode-0/data/ratis/45c2f237-be72-4996-a59f-ed393ab07062 does not exist. Creating ...
2019-09-20 04:48:51,011 [pool-27-thread-1] INFO  storage.RaftStorageDirectory (RaftStorageDirectory.java:tryLock(328)) - Lock on /workdir/hadoop-ozone/integration-test/target/test-dir/MiniOzoneClusterImpl-c00aaa5b-d63b-4769-9462-6a4c88d2a8bf/datanode-0/data/ratis/45c2f237-be72-4996-a59f-ed393ab07062/in_use.lock acquired by nodename 9457@pr-hdds-1569-s8kj2-2266485376
2019-09-20 04:48:51,013 [main] INFO  rpc.RpcClient (RpcClient.java:createVolume(293)) - Creating Volume: watchforcommithandlingtest, with jenkins1000 as owner.
2019-09-20 04:48:51,035 | INFO  | OMAudit | user=jenkins1000 | ip=127.0.0.1 | op=CREATE_VOLUME {admin=jenkins1000, owner=jenkins1000, volume=watchforcommithandlingtest, creationTime=1568954931030, quotaInBytes=1152921504606846976} | ret=SUCCESS |  
2019-09-20 04:48:51,050 [pool-27-thread-1] INFO  storage.RaftStorage (RaftStorage.java:format(72)) - Storage directory /workdir/hadoop-ozone/integration-test/target/test-dir/MiniOzoneClusterImpl-c00aaa5b-d63b-4769-9462-6a4c88d2a8bf/datanode-0/data/ratis/45c2f237-be72-4996-a59f-ed393ab07062 has been successfully formatted.
2019-09-20 04:48:51,050 | INFO  | OMAudit | user=jenkins1000 | ip=127.0.0.1 | op=READ_VOLUME {volume=watchforcommithandlingtest} | ret=SUCCESS |  
2019-09-20 04:48:51,050 [pool-27-thread-1] INFO  ratis.ContainerStateMachine (ContainerStateMachine.java:loadSnapshot(226)) - group-ED393AB07062: The snapshot info is null. Setting the last applied indexto:(t:0, i:~)
2019-09-20 04:48:51,050 [pool-27-thread-1] INFO  server.RaftServerConfigKeys (ConfUtils.java:logGet(43)) - raft.server.leader.election.timeout = 120s (custom)
2019-09-20 04:48:51,050 [pool-27-thread-1] INFO  server.RaftServerConfigKeys (ConfUtils.java:logGet(43)) - raft.server.log.use.memory = false (default)
2019-09-20 04:48:51,050 [pool-27-thread-1] INFO  server.RaftServerConfigKeys (ConfUtils.java:logGet(43)) - raft.server.log.purge.gap = 1000000 (custom)
2019-09-20 04:48:51,050 [pool-27-thread-1] INFO  server.RaftServerConfigKeys (ConfUtils.java:logGet(43)) - raft.server.log.appender.buffer.byte-limit = 33554432 (custom)
2019-09-20 04:48:51,051 [pool-27-thread-1] INFO  server.RaftServerConfigKeys (ConfUtils.java:logGet(43)) - raft.server.log.segment.size.max = 1048576 (custom)
2019-09-20 04:48:51,051 [pool-27-thread-1] INFO  server.RaftServerConfigKeys (ConfUtils.java:logGet(43)) - raft.server.log.segment.cache.num.max = 2 (custom)
2019-09-20 04:48:51,051 [pool-27-thread-1] INFO  segmented.SegmentedRaftLogWorker (SegmentedRaftLogWorker.java:<init>(172)) - new ea71b9af-1075-4196-9693-aa14e10f536d-SegmentedRaftLogWorker:Storage Directory /workdir/hadoop-ozone/integration-test/target/test-dir/MiniOzoneClusterImpl-c00aaa5b-d63b-4769-9462-6a4c88d2a8bf/datanode-0/data/ratis/45c2f237-be72-4996-a59f-ed393ab07062 for RaftStorage:Storage Directory /workdir/hadoop-ozone/integration-test/target/test-dir/MiniOzoneClusterImpl-c00aaa5b-d63b-4769-9462-6a4c88d2a8bf/datanode-0/data/ratis/45c2f237-be72-4996-a59f-ed393ab07062
2019-09-20 04:48:51,051 [pool-27-thread-1] INFO  server.RaftServerConfigKeys (ConfUtils.java:logGet(43)) - raft.server.log.queue.byte-limit = 2147483647 (custom)
2019-09-20 04:48:51,051 [pool-27-thread-1] INFO  server.RaftServerConfigKeys (ConfUtils.java:logGet(43)) - raft.server.log.queue.element-limit = 1024 (custom)
2019-09-20 04:48:51,051 [pool-27-thread-1] INFO  server.RaftServerConfigKeys (ConfUtils.java:logGet(43)) - raft.server.log.segment.size.max = 1048576 (custom)
2019-09-20 04:48:51,051 [pool-27-thread-1] INFO  server.RaftServerConfigKeys (ConfUtils.java:logGet(43)) - raft.server.log.preallocated.size = 16384 (custom)
2019-09-20 04:48:51,052 [pool-27-thread-1] INFO  server.RaftServerConfigKeys (ConfUtils.java:logGet(43)) - raft.server.log.write.buffer.size = 33554432 (custom)
2019-09-20 04:48:51,052 [pool-27-thread-1] INFO  server.RaftServerConfigKeys (ConfUtils.java:logGet(43)) - raft.server.log.force.sync.num = 128 (default)
2019-09-20 04:48:51,052 [pool-27-thread-1] INFO  server.RaftServerConfigKeys (ConfUtils.java:logGet(43)) - raft.server.log.statemachine.data.sync = true (default)
2019-09-20 04:48:51,052 [pool-27-thread-1] INFO  server.RaftServerConfigKeys (ConfUtils.java:logGet(43)) - raft.server.log.statemachine.data.sync.timeout = 10s (default)
2019-09-20 04:48:51,052 [pool-27-thread-1] INFO  server.RaftServerConfigKeys (ConfUtils.java:logGet(43)) - raft.server.log.statemachine.data.sync.timeout.retry = -1 (default)
2019-09-20 04:48:51,052 [pool-27-thread-1] INFO  server.RaftServerConfigKeys (ConfUtils.java:logGet(43)) - raft.server.log.statemachine.data.caching.enabled = true (custom)
2019-09-20 04:48:51,053 [pool-27-thread-1] INFO  segmented.SegmentedRaftLogWorker (SegmentedRaftLogWorker.java:lambda$new$0(132)) - ea71b9af-1075-4196-9693-aa14e10f536d-SegmentedRaftLogWorker:Storage Directory /workdir/hadoop-ozone/integration-test/target/test-dir/MiniOzoneClusterImpl-c00aaa5b-d63b-4769-9462-6a4c88d2a8bf/datanode-0/data/ratis/45c2f237-be72-4996-a59f-ed393ab07062: flushIndex: setUnconditionally 0 -> -1
2019-09-20 04:48:51,053 [pool-27-thread-1] INFO  server.RaftServerConfigKeys (ConfUtils.java:logGet(43)) - raft.server.snapshot.auto.trigger.enabled = true (custom)
2019-09-20 04:48:51,053 [pool-27-thread-1] INFO  server.RaftServerConfigKeys (ConfUtils.java:logGet(43)) - raft.server.snapshot.auto.trigger.threshold = 10000 (custom)
2019-09-20 04:48:51,053 [pool-27-thread-1] INFO  server.RaftServerConfigKeys (ConfUtils.java:logGet(43)) - raft.server.retrycache.expirytime = 600000ms (custom)
2019-09-20 04:48:51,053 [pool-27-thread-1] INFO  impl.RaftServerImpl (RaftServerImpl.java:start(180)) - ea71b9af-1075-4196-9693-aa14e10f536d: start group-ED393AB07062
2019-09-20 04:48:51,054 [pool-27-thread-1] INFO  impl.RaftServerImpl (RaftServerImpl.java:setRole(171)) - ea71b9af-1075-4196-9693-aa14e10f536d:group-ED393AB07062 changes role from null to FOLLOWER at term 0 for startAsFollower
2019-09-20 04:48:51,054 [pool-27-thread-1] INFO  impl.RoleInfo (RoleInfo.java:updateAndGet(143)) - ea71b9af-1075-4196-9693-aa14e10f536d: start FollowerState
2019-09-20 04:48:51,054 [pool-27-thread-1] INFO  util.JmxRegister (JmxRegister.java:tryRegister(44)) - Successfully registered JMX Bean with object name Ratis:service=RaftServer,group=group-ED393AB07062,id=ea71b9af-1075-4196-9693-aa14e10f536d
2019-09-20 04:48:51,054 [main] INFO  rpc.RpcClient (RpcClient.java:createBucket(432)) - Creating Bucket: watchforcommithandlingtest/watchforcommithandlingtest, with Versioning false and Storage Type set to DISK and Encryption set to false 
2019-09-20 04:48:51,077 [RatisPipelineUtilsThread] INFO  pipeline.PipelineStateManager (PipelineStateManager.java:addPipeline(56)) - Created pipeline Pipeline[ Id: 45c2f237-be72-4996-a59f-ed393ab07062, Nodes: ea71b9af-1075-4196-9693-aa14e10f536d{ip: 192.168.36.79, host: pr-hdds-1569-s8kj2-2266485376, networkLocation: /default-rack, certSerialId: null}, Type:RATIS, Factor:ONE, State:OPEN]
2019-09-20 04:48:51,089 | INFO  | OMAudit | user=jenkins1000 | ip=127.0.0.1 | op=CREATE_BUCKET {volume=watchforcommithandlingtest, bucket=watchforcommithandlingtest, acls=[user:jenkins1000:a[ACCESS], group:default:a[ACCESS]], isVersionEnabled=false, storageType=DISK, creationTime=0} | ret=SUCCESS |  
2019-09-20 04:48:51,090 [main] INFO  ozone.MiniOzoneClusterImpl (MiniOzoneClusterImpl.java:getStorageContainerLocationClient(241)) - Creating StorageContainerLocationProtocol RPC client with address /0.0.0.0:38304
2019-09-20 04:48:51,093 [main] INFO  impl.MetricsSystemImpl (MetricsSystemImpl.java:init(158)) - XceiverClientMetrics metrics system started (again)
2019-09-20 04:48:51,093 [grpc-default-executor-1] INFO  impl.RaftServerProxy (RaftServerProxy.java:addNew(89)) - 2702b462-69d8-4c1b-aae1-091a21fe08b8: addNew group-E03A938F5135:[2702b462-69d8-4c1b-aae1-091a21fe08b8:192.168.36.79:42637] returns group-E03A938F5135:java.util.concurrent.CompletableFuture@5c743ae9[Not completed]
2019-09-20 04:48:51,095 [pool-60-thread-1] INFO  impl.RaftServerImpl (RaftServerImpl.java:<init>(93)) - 2702b462-69d8-4c1b-aae1-091a21fe08b8: new RaftServerImpl for group-E03A938F5135:[2702b462-69d8-4c1b-aae1-091a21fe08b8:192.168.36.79:42637] with ContainerStateMachine:uninitialized
2019-09-20 04:48:51,095 [pool-60-thread-1] INFO  server.RaftServerConfigKeys (ConfUtils.java:logGet(43)) - raft.server.rpc.timeout.min = 1s (custom)
2019-09-20 04:48:51,095 [pool-60-thread-1] INFO  server.RaftServerConfigKeys (ConfUtils.java:logGet(43)) - raft.server.rpc.timeout.max = 1200ms (custom)
2019-09-20 04:48:51,096 [pool-60-thread-1] INFO  server.RaftServerConfigKeys (ConfUtils.java:logGet(43)) - raft.server.rpcslowness.timeout = 120s (custom)
2019-09-20 04:48:51,096 [pool-60-thread-1] INFO  server.RaftServerConfigKeys (ConfUtils.java:logGet(43)) - raft.server.sleep.deviation.threshold = 300 (default)
2019-09-20 04:48:51,096 [pool-60-thread-1] INFO  server.RaftServerConfigKeys (ConfUtils.java:logGet(43)) - raft.server.log.appender.install.snapshot.enabled = false (custom)
2019-09-20 04:48:51,096 [pool-60-thread-1] INFO  impl.RaftServerImpl (ServerState.java:<init>(105)) - 2702b462-69d8-4c1b-aae1-091a21fe08b8:group-E03A938F5135 ConfigurationManager, init=-1: [2702b462-69d8-4c1b-aae1-091a21fe08b8:192.168.36.79:42637], old=null, confs=<EMPTY_MAP>
2019-09-20 04:48:51,096 [pool-60-thread-1] INFO  server.RaftServerConfigKeys (ConfUtils.java:logGet(43)) - raft.server.storage.dir = [/workdir/hadoop-ozone/integration-test/target/test-dir/MiniOzoneClusterImpl-c00aaa5b-d63b-4769-9462-6a4c88d2a8bf/datanode-3/data/ratis] (custom)
2019-09-20 04:48:51,097 [pool-60-thread-1] INFO  storage.RaftStorageDirectory (RaftStorageDirectory.java:analyzeStorage(246)) - The storage directory /workdir/hadoop-ozone/integration-test/target/test-dir/MiniOzoneClusterImpl-c00aaa5b-d63b-4769-9462-6a4c88d2a8bf/datanode-3/data/ratis/5522bc2d-33fe-45aa-866f-e03a938f5135 does not exist. Creating ...
2019-09-20 04:48:51,100 | INFO  | OMAudit | user=jenkins1000 | ip=127.0.0.1 | op=READ_VOLUME {volume=watchforcommithandlingtest} | ret=SUCCESS |  
2019-09-20 04:48:51,105 | INFO  | OMAudit | user=jenkins1000 | ip=127.0.0.1 | op=READ_BUCKET {volume=watchforcommithandlingtest, bucket=watchforcommithandlingtest} | ret=SUCCESS |  
2019-09-20 04:48:51,124 [pool-60-thread-1] INFO  storage.RaftStorageDirectory (RaftStorageDirectory.java:tryLock(328)) - Lock on /workdir/hadoop-ozone/integration-test/target/test-dir/MiniOzoneClusterImpl-c00aaa5b-d63b-4769-9462-6a4c88d2a8bf/datanode-3/data/ratis/5522bc2d-33fe-45aa-866f-e03a938f5135/in_use.lock acquired by nodename 9457@pr-hdds-1569-s8kj2-2266485376
2019-09-20 04:48:51,124 | INFO  | SCMAudit | user=jenkins1000 | ip=192.168.36.79 | op=SEND_HEARTBEAT {datanodeUUID=42fc6e92-fcdd-4827-b621-9fc58a3d2315, command=[]} | ret=SUCCESS |  
2019-09-20 04:48:51,145 [Thread-239] INFO  impl.FollowerState (FollowerState.java:run(106)) - ea71b9af-1075-4196-9693-aa14e10f536d:group-E7B07D9C0F85 changes to CANDIDATE, lastRpcTime:1119, electionTimeout:1118ms
2019-09-20 04:48:51,145 [Thread-239] INFO  impl.RoleInfo (RoleInfo.java:shutdownFollowerState(121)) - ea71b9af-1075-4196-9693-aa14e10f536d: shutdown FollowerState
2019-09-20 04:48:51,145 [Thread-239] INFO  impl.RaftServerImpl (RaftServerImpl.java:setRole(171)) - ea71b9af-1075-4196-9693-aa14e10f536d:group-E7B07D9C0F85 changes role from FOLLOWER to CANDIDATE at term 0 for changeToCandidate
2019-09-20 04:48:51,150 [pool-60-thread-1] INFO  storage.RaftStorage (RaftStorage.java:format(72)) - Storage directory /workdir/hadoop-ozone/integration-test/target/test-dir/MiniOzoneClusterImpl-c00aaa5b-d63b-4769-9462-6a4c88d2a8bf/datanode-3/data/ratis/5522bc2d-33fe-45aa-866f-e03a938f5135 has been successfully formatted.
2019-09-20 04:48:51,150 [Thread-239] INFO  impl.RoleInfo (RoleInfo.java:updateAndGet(143)) - ea71b9af-1075-4196-9693-aa14e10f536d: start LeaderElection
2019-09-20 04:48:51,150 [pool-60-thread-1] INFO  ratis.ContainerStateMachine (ContainerStateMachine.java:loadSnapshot(226)) - group-E03A938F5135: The snapshot info is null. Setting the last applied indexto:(t:0, i:~)
2019-09-20 04:48:51,150 [pool-60-thread-1] INFO  server.RaftServerConfigKeys (ConfUtils.java:logGet(43)) - raft.server.leader.election.timeout = 120s (custom)
2019-09-20 04:48:51,150 [pool-60-thread-1] INFO  server.RaftServerConfigKeys (ConfUtils.java:logGet(43)) - raft.server.log.use.memory = false (default)
2019-09-20 04:48:51,150 [pool-60-thread-1] INFO  server.RaftServerConfigKeys (ConfUtils.java:logGet(43)) - raft.server.log.purge.gap = 1000000 (custom)
2019-09-20 04:48:51,151 [pool-60-thread-1] INFO  server.RaftServerConfigKeys (ConfUtils.java:logGet(43)) - raft.server.log.appender.buffer.byte-limit = 33554432 (custom)
2019-09-20 04:48:51,155 [pool-60-thread-1] INFO  server.RaftServerConfigKeys (ConfUtils.java:logGet(43)) - raft.server.log.segment.size.max = 1048576 (custom)
2019-09-20 04:48:51,155 [pool-60-thread-1] INFO  server.RaftServerConfigKeys (ConfUtils.java:logGet(43)) - raft.server.log.segment.cache.num.max = 2 (custom)
2019-09-20 04:48:51,155 [pool-60-thread-1] INFO  segmented.SegmentedRaftLogWorker (SegmentedRaftLogWorker.java:<init>(172)) - new 2702b462-69d8-4c1b-aae1-091a21fe08b8-SegmentedRaftLogWorker:Storage Directory /workdir/hadoop-ozone/integration-test/target/test-dir/MiniOzoneClusterImpl-c00aaa5b-d63b-4769-9462-6a4c88d2a8bf/datanode-3/data/ratis/5522bc2d-33fe-45aa-866f-e03a938f5135 for RaftStorage:Storage Directory /workdir/hadoop-ozone/integration-test/target/test-dir/MiniOzoneClusterImpl-c00aaa5b-d63b-4769-9462-6a4c88d2a8bf/datanode-3/data/ratis/5522bc2d-33fe-45aa-866f-e03a938f5135
2019-09-20 04:48:51,155 [pool-60-thread-1] INFO  server.RaftServerConfigKeys (ConfUtils.java:logGet(43)) - raft.server.log.queue.byte-limit = 2147483647 (custom)
2019-09-20 04:48:51,155 [pool-60-thread-1] INFO  server.RaftServerConfigKeys (ConfUtils.java:logGet(43)) - raft.server.log.queue.element-limit = 1024 (custom)
2019-09-20 04:48:51,155 [pool-60-thread-1] INFO  server.RaftServerConfigKeys (ConfUtils.java:logGet(43)) - raft.server.log.segment.size.max = 1048576 (custom)
2019-09-20 04:48:51,156 [pool-60-thread-1] INFO  server.RaftServerConfigKeys (ConfUtils.java:logGet(43)) - raft.server.log.preallocated.size = 16384 (custom)
2019-09-20 04:48:51,156 [pool-60-thread-1] INFO  server.RaftServerConfigKeys (ConfUtils.java:logGet(43)) - raft.server.log.write.buffer.size = 33554432 (custom)
2019-09-20 04:48:51,156 [pool-60-thread-1] INFO  server.RaftServerConfigKeys (ConfUtils.java:logGet(43)) - raft.server.log.force.sync.num = 128 (default)
2019-09-20 04:48:51,156 [pool-60-thread-1] INFO  server.RaftServerConfigKeys (ConfUtils.java:logGet(43)) - raft.server.log.statemachine.data.sync = true (default)
2019-09-20 04:48:51,156 [pool-60-thread-1] INFO  server.RaftServerConfigKeys (ConfUtils.java:logGet(43)) - raft.server.log.statemachine.data.sync.timeout = 10s (default)
2019-09-20 04:48:51,156 [pool-60-thread-1] INFO  server.RaftServerConfigKeys (ConfUtils.java:logGet(43)) - raft.server.log.statemachine.data.sync.timeout.retry = -1 (default)
2019-09-20 04:48:51,156 [pool-60-thread-1] INFO  server.RaftServerConfigKeys (ConfUtils.java:logGet(43)) - raft.server.log.statemachine.data.caching.enabled = true (custom)
2019-09-20 04:48:51,157 [pool-60-thread-1] INFO  segmented.SegmentedRaftLogWorker (SegmentedRaftLogWorker.java:lambda$new$0(132)) - 2702b462-69d8-4c1b-aae1-091a21fe08b8-SegmentedRaftLogWorker:Storage Directory /workdir/hadoop-ozone/integration-test/target/test-dir/MiniOzoneClusterImpl-c00aaa5b-d63b-4769-9462-6a4c88d2a8bf/datanode-3/data/ratis/5522bc2d-33fe-45aa-866f-e03a938f5135: flushIndex: setUnconditionally 0 -> -1
2019-09-20 04:48:51,157 [pool-60-thread-1] INFO  server.RaftServerConfigKeys (ConfUtils.java:logGet(43)) - raft.server.snapshot.auto.trigger.enabled = true (custom)
2019-09-20 04:48:51,157 [pool-60-thread-1] INFO  server.RaftServerConfigKeys (ConfUtils.java:logGet(43)) - raft.server.snapshot.auto.trigger.threshold = 10000 (custom)
2019-09-20 04:48:51,157 [pool-60-thread-1] INFO  server.RaftServerConfigKeys (ConfUtils.java:logGet(43)) - raft.server.retrycache.expirytime = 600000ms (custom)
2019-09-20 04:48:51,157 [pool-60-thread-1] INFO  impl.RaftServerImpl (RaftServerImpl.java:start(180)) - 2702b462-69d8-4c1b-aae1-091a21fe08b8: start group-E03A938F5135
2019-09-20 04:48:51,157 [pool-60-thread-1] INFO  impl.RaftServerImpl (RaftServerImpl.java:setRole(171)) - 2702b462-69d8-4c1b-aae1-091a21fe08b8:group-E03A938F5135 changes role from null to FOLLOWER at term 0 for startAsFollower
2019-09-20 04:48:51,158 [pool-60-thread-1] INFO  impl.RoleInfo (RoleInfo.java:updateAndGet(143)) - 2702b462-69d8-4c1b-aae1-091a21fe08b8: start FollowerState
2019-09-20 04:48:51,158 [pool-60-thread-1] INFO  util.JmxRegister (JmxRegister.java:tryRegister(44)) - Successfully registered JMX Bean with object name Ratis:service=RaftServer,group=group-E03A938F5135,id=2702b462-69d8-4c1b-aae1-091a21fe08b8
2019-09-20 04:48:51,166 [RatisPipelineUtilsThread] INFO  pipeline.PipelineStateManager (PipelineStateManager.java:addPipeline(56)) - Created pipeline Pipeline[ Id: 5522bc2d-33fe-45aa-866f-e03a938f5135, Nodes: 2702b462-69d8-4c1b-aae1-091a21fe08b8{ip: 192.168.36.79, host: pr-hdds-1569-s8kj2-2266485376, networkLocation: /default-rack, certSerialId: null}, Type:RATIS, Factor:ONE, State:OPEN]
2019-09-20 04:48:51,179 [ea71b9af-1075-4196-9693-aa14e10f536d:group-E7B07D9C0F85:LeaderElection1] INFO  impl.LeaderElection (LeaderElection.java:askForVotes(181)) - ea71b9af-1075-4196-9693-aa14e10f536d:group-E7B07D9C0F85:LeaderElection1: begin an election at term 1 for -1: [ea71b9af-1075-4196-9693-aa14e10f536d:192.168.36.79:41553], old=null
2019-09-20 04:48:51,180 [ea71b9af-1075-4196-9693-aa14e10f536d:group-E7B07D9C0F85:LeaderElection1] INFO  impl.RoleInfo (RoleInfo.java:shutdownLeaderElection(134)) - ea71b9af-1075-4196-9693-aa14e10f536d: shutdown LeaderElection
2019-09-20 04:48:51,181 [ea71b9af-1075-4196-9693-aa14e10f536d:group-E7B07D9C0F85:LeaderElection1] INFO  impl.RaftServerImpl (RaftServerImpl.java:setRole(171)) - ea71b9af-1075-4196-9693-aa14e10f536d:group-E7B07D9C0F85 changes role from CANDIDATE to LEADER at term 1 for changeToLeader
2019-09-20 04:48:51,181 [ea71b9af-1075-4196-9693-aa14e10f536d:group-E7B07D9C0F85:LeaderElection1] INFO  impl.RaftServerImpl (ServerState.java:setLeader(263)) - ea71b9af-1075-4196-9693-aa14e10f536d:group-E7B07D9C0F85 change Leader from null to ea71b9af-1075-4196-9693-aa14e10f536d at term 1 for becomeLeader, leader elected after 1228ms
2019-09-20 04:48:51,184 [grpc-default-executor-1] INFO  impl.RaftServerProxy (RaftServerProxy.java:addNew(89)) - ea71b9af-1075-4196-9693-aa14e10f536d: addNew group-797EFAA2CF75:[ea71b9af-1075-4196-9693-aa14e10f536d:192.168.36.79:41553] returns group-797EFAA2CF75:java.util.concurrent.CompletableFuture@8be3092[Not completed]
2019-09-20 04:48:51,185 [pool-27-thread-1] INFO  impl.RaftServerImpl (RaftServerImpl.java:<init>(93)) - ea71b9af-1075-4196-9693-aa14e10f536d: new RaftServerImpl for group-797EFAA2CF75:[ea71b9af-1075-4196-9693-aa14e10f536d:192.168.36.79:41553] with ContainerStateMachine:uninitialized
2019-09-20 04:48:51,185 [pool-27-thread-1] INFO  server.RaftServerConfigKeys (ConfUtils.java:logGet(43)) - raft.server.rpc.timeout.min = 1s (custom)
2019-09-20 04:48:51,185 [pool-27-thread-1] INFO  server.RaftServerConfigKeys (ConfUtils.java:logGet(43)) - raft.server.rpc.timeout.max = 1200ms (custom)
2019-09-20 04:48:51,186 [pool-27-thread-1] INFO  server.RaftServerConfigKeys (ConfUtils.java:logGet(43)) - raft.server.rpcslowness.timeout = 120s (custom)
2019-09-20 04:48:51,186 [pool-27-thread-1] INFO  server.RaftServerConfigKeys (ConfUtils.java:logGet(43)) - raft.server.sleep.deviation.threshold = 300 (default)
2019-09-20 04:48:51,186 [pool-27-thread-1] INFO  server.RaftServerConfigKeys (ConfUtils.java:logGet(43)) - raft.server.log.appender.install.snapshot.enabled = false (custom)
2019-09-20 04:48:51,186 [pool-27-thread-1] INFO  impl.RaftServerImpl (ServerState.java:<init>(105)) - ea71b9af-1075-4196-9693-aa14e10f536d:group-797EFAA2CF75 ConfigurationManager, init=-1: [ea71b9af-1075-4196-9693-aa14e10f536d:192.168.36.79:41553], old=null, confs=<EMPTY_MAP>
2019-09-20 04:48:51,186 [pool-27-thread-1] INFO  server.RaftServerConfigKeys (ConfUtils.java:logGet(43)) - raft.server.storage.dir = [/workdir/hadoop-ozone/integration-test/target/test-dir/MiniOzoneClusterImpl-c00aaa5b-d63b-4769-9462-6a4c88d2a8bf/datanode-0/data/ratis] (custom)
2019-09-20 04:48:51,186 [pool-27-thread-1] INFO  storage.RaftStorageDirectory (RaftStorageDirectory.java:analyzeStorage(246)) - The storage directory /workdir/hadoop-ozone/integration-test/target/test-dir/MiniOzoneClusterImpl-c00aaa5b-d63b-4769-9462-6a4c88d2a8bf/datanode-0/data/ratis/0b48f9e8-0f7f-428c-b5df-797efaa2cf75 does not exist. Creating ...
2019-09-20 04:48:51,187 [ea71b9af-1075-4196-9693-aa14e10f536d:group-E7B07D9C0F85:LeaderElection1] INFO  server.RaftServerConfigKeys (ConfUtils.java:logGet(43)) - raft.server.staging.catchup.gap = 1000 (default)
2019-09-20 04:48:51,188 [ea71b9af-1075-4196-9693-aa14e10f536d:group-E7B07D9C0F85:LeaderElection1] INFO  server.RaftServerConfigKeys (ConfUtils.java:logGet(43)) - raft.server.rpc.sleep.time = 25ms (default)
2019-09-20 04:48:51,190 [ea71b9af-1075-4196-9693-aa14e10f536d:group-E7B07D9C0F85:LeaderElection1] INFO  server.RaftServerConfigKeys (ConfUtils.java:logGet(43)) - raft.server.write.element-limit = 4096 (default)
2019-09-20 04:48:51,192 [ea71b9af-1075-4196-9693-aa14e10f536d:group-E7B07D9C0F85:LeaderElection1] INFO  server.RaftServerConfigKeys (ConfUtils.java:logGet(43)) - raft.server.watch.timeout = 10s (default)
2019-09-20 04:48:51,192 [ea71b9af-1075-4196-9693-aa14e10f536d:group-E7B07D9C0F85:LeaderElection1] INFO  server.RaftServerConfigKeys (ConfUtils.java:logGet(43)) - raft.server.watch.timeout.denomination = 1s (default)
2019-09-20 04:48:51,193 [ea71b9af-1075-4196-9693-aa14e10f536d:group-E7B07D9C0F85:LeaderElection1] INFO  server.RaftServerConfigKeys (ConfUtils.java:logGet(43)) - raft.server.watch.element-limit = 65536 (default)
2019-09-20 04:48:51,199 [ea71b9af-1075-4196-9693-aa14e10f536d:group-E7B07D9C0F85:LeaderElection1] INFO  impl.RoleInfo (RoleInfo.java:updateAndGet(143)) - ea71b9af-1075-4196-9693-aa14e10f536d: start LeaderState
2019-09-20 04:48:51,210 [pool-27-thread-1] INFO  storage.RaftStorageDirectory (RaftStorageDirectory.java:tryLock(328)) - Lock on /workdir/hadoop-ozone/integration-test/target/test-dir/MiniOzoneClusterImpl-c00aaa5b-d63b-4769-9462-6a4c88d2a8bf/datanode-0/data/ratis/0b48f9e8-0f7f-428c-b5df-797efaa2cf75/in_use.lock acquired by nodename 9457@pr-hdds-1569-s8kj2-2266485376
2019-09-20 04:48:51,217 [ea71b9af-1075-4196-9693-aa14e10f536d:group-E7B07D9C0F85:LeaderElection1] INFO  segmented.SegmentedRaftLogWorker (SegmentedRaftLogWorker.java:startLogSegment(380)) - ea71b9af-1075-4196-9693-aa14e10f536d-SegmentedRaftLogWorker:Storage Directory /workdir/hadoop-ozone/integration-test/target/test-dir/MiniOzoneClusterImpl-c00aaa5b-d63b-4769-9462-6a4c88d2a8bf/datanode-0/data/ratis/930b9092-64f8-496d-a640-e7b07d9c0f85: Starting segment from index:0
2019-09-20 04:48:51,224 [ea71b9af-1075-4196-9693-aa14e10f536d:group-E7B07D9C0F85:LeaderElection1] INFO  impl.RaftServerImpl (ServerState.java:setRaftConf(361)) - ea71b9af-1075-4196-9693-aa14e10f536d:group-E7B07D9C0F85 set configuration 0: [ea71b9af-1075-4196-9693-aa14e10f536d:192.168.36.79:41553], old=null at 0
2019-09-20 04:48:51,234 [pool-27-thread-1] INFO  storage.RaftStorage (RaftStorage.java:format(72)) - Storage directory /workdir/hadoop-ozone/integration-test/target/test-dir/MiniOzoneClusterImpl-c00aaa5b-d63b-4769-9462-6a4c88d2a8bf/datanode-0/data/ratis/0b48f9e8-0f7f-428c-b5df-797efaa2cf75 has been successfully formatted.
2019-09-20 04:48:51,234 [pool-27-thread-1] INFO  ratis.ContainerStateMachine (ContainerStateMachine.java:loadSnapshot(226)) - group-797EFAA2CF75: The snapshot info is null. Setting the last applied indexto:(t:0, i:~)
2019-09-20 04:48:51,234 [pool-27-thread-1] INFO  server.RaftServerConfigKeys (ConfUtils.java:logGet(43)) - raft.server.leader.election.timeout = 120s (custom)
2019-09-20 04:48:51,234 [pool-27-thread-1] INFO  server.RaftServerConfigKeys (ConfUtils.java:logGet(43)) - raft.server.log.use.memory = false (default)
2019-09-20 04:48:51,234 [pool-27-thread-1] INFO  server.RaftServerConfigKeys (ConfUtils.java:logGet(43)) - raft.server.log.purge.gap = 1000000 (custom)
2019-09-20 04:48:51,235 [pool-27-thread-1] INFO  server.RaftServerConfigKeys (ConfUtils.java:logGet(43)) - raft.server.log.appender.buffer.byte-limit = 33554432 (custom)
2019-09-20 04:48:51,235 [pool-27-thread-1] INFO  server.RaftServerConfigKeys (ConfUtils.java:logGet(43)) - raft.server.log.segment.size.max = 1048576 (custom)
2019-09-20 04:48:51,235 [pool-27-thread-1] INFO  server.RaftServerConfigKeys (ConfUtils.java:logGet(43)) - raft.server.log.segment.cache.num.max = 2 (custom)
2019-09-20 04:48:51,235 [pool-27-thread-1] INFO  segmented.SegmentedRaftLogWorker (SegmentedRaftLogWorker.java:<init>(172)) - new ea71b9af-1075-4196-9693-aa14e10f536d-SegmentedRaftLogWorker:Storage Directory /workdir/hadoop-ozone/integration-test/target/test-dir/MiniOzoneClusterImpl-c00aaa5b-d63b-4769-9462-6a4c88d2a8bf/datanode-0/data/ratis/0b48f9e8-0f7f-428c-b5df-797efaa2cf75 for RaftStorage:Storage Directory /workdir/hadoop-ozone/integration-test/target/test-dir/MiniOzoneClusterImpl-c00aaa5b-d63b-4769-9462-6a4c88d2a8bf/datanode-0/data/ratis/0b48f9e8-0f7f-428c-b5df-797efaa2cf75
2019-09-20 04:48:51,235 [pool-27-thread-1] INFO  server.RaftServerConfigKeys (ConfUtils.java:logGet(43)) - raft.server.log.queue.byte-limit = 2147483647 (custom)
2019-09-20 04:48:51,235 [pool-27-thread-1] INFO  server.RaftServerConfigKeys (ConfUtils.java:logGet(43)) - raft.server.log.queue.element-limit = 1024 (custom)
2019-09-20 04:48:51,236 [pool-27-thread-1] INFO  server.RaftServerConfigKeys (ConfUtils.java:logGet(43)) - raft.server.log.segment.size.max = 1048576 (custom)
2019-09-20 04:48:51,236 [pool-27-thread-1] INFO  server.RaftServerConfigKeys (ConfUtils.java:logGet(43)) - raft.server.log.preallocated.size = 16384 (custom)
2019-09-20 04:48:51,236 [pool-27-thread-1] INFO  server.RaftServerConfigKeys (ConfUtils.java:logGet(43)) - raft.server.log.write.buffer.size = 33554432 (custom)
2019-09-20 04:48:51,236 [pool-27-thread-1] INFO  server.RaftServerConfigKeys (ConfUtils.java:logGet(43)) - raft.server.log.force.sync.num = 128 (default)
2019-09-20 04:48:51,236 [pool-27-thread-1] INFO  server.RaftServerConfigKeys (ConfUtils.java:logGet(43)) - raft.server.log.statemachine.data.sync = true (default)
2019-09-20 04:48:51,236 [pool-27-thread-1] INFO  server.RaftServerConfigKeys (ConfUtils.java:logGet(43)) - raft.server.log.statemachine.data.sync.timeout = 10s (default)
2019-09-20 04:48:51,236 [pool-27-thread-1] INFO  server.RaftServerConfigKeys (ConfUtils.java:logGet(43)) - raft.server.log.statemachine.data.sync.timeout.retry = -1 (default)
2019-09-20 04:48:51,237 [pool-27-thread-1] INFO  server.RaftServerConfigKeys (ConfUtils.java:logGet(43)) - raft.server.log.statemachine.data.caching.enabled = true (custom)
2019-09-20 04:48:51,237 [pool-27-thread-1] INFO  segmented.SegmentedRaftLogWorker (SegmentedRaftLogWorker.java:lambda$new$0(132)) - ea71b9af-1075-4196-9693-aa14e10f536d-SegmentedRaftLogWorker:Storage Directory /workdir/hadoop-ozone/integration-test/target/test-dir/MiniOzoneClusterImpl-c00aaa5b-d63b-4769-9462-6a4c88d2a8bf/datanode-0/data/ratis/0b48f9e8-0f7f-428c-b5df-797efaa2cf75: flushIndex: setUnconditionally 0 -> -1
2019-09-20 04:48:51,237 [pool-27-thread-1] INFO  server.RaftServerConfigKeys (ConfUtils.java:logGet(43)) - raft.server.snapshot.auto.trigger.enabled = true (custom)
2019-09-20 04:48:51,237 [pool-27-thread-1] INFO  server.RaftServerConfigKeys (ConfUtils.java:logGet(43)) - raft.server.snapshot.auto.trigger.threshold = 10000 (custom)
2019-09-20 04:48:51,238 [pool-27-thread-1] INFO  server.RaftServerConfigKeys (ConfUtils.java:logGet(43)) - raft.server.retrycache.expirytime = 600000ms (custom)
2019-09-20 04:48:51,238 [pool-27-thread-1] INFO  impl.RaftServerImpl (RaftServerImpl.java:start(180)) - ea71b9af-1075-4196-9693-aa14e10f536d: start group-797EFAA2CF75
2019-09-20 04:48:51,238 [pool-27-thread-1] INFO  impl.RaftServerImpl (RaftServerImpl.java:setRole(171)) - ea71b9af-1075-4196-9693-aa14e10f536d:group-797EFAA2CF75 changes role from null to FOLLOWER at term 0 for startAsFollower
2019-09-20 04:48:51,238 [pool-27-thread-1] INFO  impl.RoleInfo (RoleInfo.java:updateAndGet(143)) - ea71b9af-1075-4196-9693-aa14e10f536d: start FollowerState
2019-09-20 04:48:51,238 [pool-27-thread-1] INFO  util.JmxRegister (JmxRegister.java:tryRegister(44)) - Successfully registered JMX Bean with object name Ratis:service=RaftServer,group=group-797EFAA2CF75,id=ea71b9af-1075-4196-9693-aa14e10f536d
2019-09-20 04:48:51,247 [RatisPipelineUtilsThread] INFO  pipeline.PipelineStateManager (PipelineStateManager.java:addPipeline(56)) - Created pipeline Pipeline[ Id: 0b48f9e8-0f7f-428c-b5df-797efaa2cf75, Nodes: ea71b9af-1075-4196-9693-aa14e10f536d{ip: 192.168.36.79, host: pr-hdds-1569-s8kj2-2266485376, networkLocation: /default-rack, certSerialId: null}, Type:RATIS, Factor:ONE, State:OPEN]
2019-09-20 04:48:51,256 [grpc-default-executor-1] INFO  impl.RaftServerProxy (RaftServerProxy.java:addNew(89)) - 42fc6e92-fcdd-4827-b621-9fc58a3d2315: addNew group-9066C3E0AACA:[42fc6e92-fcdd-4827-b621-9fc58a3d2315:192.168.36.79:44605] returns group-9066C3E0AACA:java.util.concurrent.CompletableFuture@2f51e4f4[Not completed]
2019-09-20 04:48:51,258 [pool-38-thread-1] INFO  impl.RaftServerImpl (RaftServerImpl.java:<init>(93)) - 42fc6e92-fcdd-4827-b621-9fc58a3d2315: new RaftServerImpl for group-9066C3E0AACA:[42fc6e92-fcdd-4827-b621-9fc58a3d2315:192.168.36.79:44605] with ContainerStateMachine:uninitialized
2019-09-20 04:48:51,258 [pool-38-thread-1] INFO  server.RaftServerConfigKeys (ConfUtils.java:logGet(43)) - raft.server.rpc.timeout.min = 1s (custom)
2019-09-20 04:48:51,259 [pool-38-thread-1] INFO  server.RaftServerConfigKeys (ConfUtils.java:logGet(43)) - raft.server.rpc.timeout.max = 1200ms (custom)
2019-09-20 04:48:51,259 [pool-38-thread-1] INFO  server.RaftServerConfigKeys (ConfUtils.java:logGet(43)) - raft.server.rpcslowness.timeout = 120s (custom)
2019-09-20 04:48:51,259 [pool-38-thread-1] INFO  server.RaftServerConfigKeys (ConfUtils.java:logGet(43)) - raft.server.sleep.deviation.threshold = 300 (default)
2019-09-20 04:48:51,259 [pool-38-thread-1] INFO  server.RaftServerConfigKeys (ConfUtils.java:logGet(43)) - raft.server.log.appender.install.snapshot.enabled = false (custom)
2019-09-20 04:48:51,259 [pool-38-thread-1] INFO  impl.RaftServerImpl (ServerState.java:<init>(105)) - 42fc6e92-fcdd-4827-b621-9fc58a3d2315:group-9066C3E0AACA ConfigurationManager, init=-1: [42fc6e92-fcdd-4827-b621-9fc58a3d2315:192.168.36.79:44605], old=null, confs=<EMPTY_MAP>
2019-09-20 04:48:51,259 [pool-38-thread-1] INFO  server.RaftServerConfigKeys (ConfUtils.java:logGet(43)) - raft.server.storage.dir = [/workdir/hadoop-ozone/integration-test/target/test-dir/MiniOzoneClusterImpl-c00aaa5b-d63b-4769-9462-6a4c88d2a8bf/datanode-1/data/ratis] (custom)
2019-09-20 04:48:51,260 [pool-38-thread-1] INFO  storage.RaftStorageDirectory (RaftStorageDirectory.java:analyzeStorage(246)) - The storage directory /workdir/hadoop-ozone/integration-test/target/test-dir/MiniOzoneClusterImpl-c00aaa5b-d63b-4769-9462-6a4c88d2a8bf/datanode-1/data/ratis/e1263fd7-eecb-4063-81c7-9066c3e0aaca does not exist. Creating ...
2019-09-20 04:48:51,288 [pool-38-thread-1] INFO  storage.RaftStorageDirectory (RaftStorageDirectory.java:tryLock(328)) - Lock on /workdir/hadoop-ozone/integration-test/target/test-dir/MiniOzoneClusterImpl-c00aaa5b-d63b-4769-9462-6a4c88d2a8bf/datanode-1/data/ratis/e1263fd7-eecb-4063-81c7-9066c3e0aaca/in_use.lock acquired by nodename 9457@pr-hdds-1569-s8kj2-2266485376
2019-09-20 04:48:51,341 [pool-38-thread-1] INFO  storage.RaftStorage (RaftStorage.java:format(72)) - Storage directory /workdir/hadoop-ozone/integration-test/target/test-dir/MiniOzoneClusterImpl-c00aaa5b-d63b-4769-9462-6a4c88d2a8bf/datanode-1/data/ratis/e1263fd7-eecb-4063-81c7-9066c3e0aaca has been successfully formatted.
2019-09-20 04:48:51,341 [pool-38-thread-1] INFO  ratis.ContainerStateMachine (ContainerStateMachine.java:loadSnapshot(226)) - group-9066C3E0AACA: The snapshot info is null. Setting the last applied indexto:(t:0, i:~)
2019-09-20 04:48:51,341 [pool-38-thread-1] INFO  server.RaftServerConfigKeys (ConfUtils.java:logGet(43)) - raft.server.leader.election.timeout = 120s (custom)
2019-09-20 04:48:51,341 [pool-38-thread-1] INFO  server.RaftServerConfigKeys (ConfUtils.java:logGet(43)) - raft.server.log.use.memory = false (default)
2019-09-20 04:48:51,341 [pool-38-thread-1] INFO  server.RaftServerConfigKeys (ConfUtils.java:logGet(43)) - raft.server.log.purge.gap = 1000000 (custom)
2019-09-20 04:48:51,342 [pool-38-thread-1] INFO  server.RaftServerConfigKeys (ConfUtils.java:logGet(43)) - raft.server.log.appender.buffer.byte-limit = 33554432 (custom)
2019-09-20 04:48:51,342 [pool-38-thread-1] INFO  server.RaftServerConfigKeys (ConfUtils.java:logGet(43)) - raft.server.log.segment.size.max = 1048576 (custom)
2019-09-20 04:48:51,342 [pool-38-thread-1] INFO  server.RaftServerConfigKeys (ConfUtils.java:logGet(43)) - raft.server.log.segment.cache.num.max = 2 (custom)
2019-09-20 04:48:51,342 [pool-38-thread-1] INFO  segmented.SegmentedRaftLogWorker (SegmentedRaftLogWorker.java:<init>(172)) - new 42fc6e92-fcdd-4827-b621-9fc58a3d2315-SegmentedRaftLogWorker:Storage Directory /workdir/hadoop-ozone/integration-test/target/test-dir/MiniOzoneClusterImpl-c00aaa5b-d63b-4769-9462-6a4c88d2a8bf/datanode-1/data/ratis/e1263fd7-eecb-4063-81c7-9066c3e0aaca for RaftStorage:Storage Directory /workdir/hadoop-ozone/integration-test/target/test-dir/MiniOzoneClusterImpl-c00aaa5b-d63b-4769-9462-6a4c88d2a8bf/datanode-1/data/ratis/e1263fd7-eecb-4063-81c7-9066c3e0aaca
2019-09-20 04:48:51,342 [pool-38-thread-1] INFO  server.RaftServerConfigKeys (ConfUtils.java:logGet(43)) - raft.server.log.queue.byte-limit = 2147483647 (custom)
2019-09-20 04:48:51,342 [pool-38-thread-1] INFO  server.RaftServerConfigKeys (ConfUtils.java:logGet(43)) - raft.server.log.queue.element-limit = 1024 (custom)
2019-09-20 04:48:51,342 [pool-38-thread-1] INFO  server.RaftServerConfigKeys (ConfUtils.java:logGet(43)) - raft.server.log.segment.size.max = 1048576 (custom)
2019-09-20 04:48:51,342 [pool-38-thread-1] INFO  server.RaftServerConfigKeys (ConfUtils.java:logGet(43)) - raft.server.log.preallocated.size = 16384 (custom)
2019-09-20 04:48:51,343 [pool-38-thread-1] INFO  server.RaftServerConfigKeys (ConfUtils.java:logGet(43)) - raft.server.log.write.buffer.size = 33554432 (custom)
2019-09-20 04:48:51,343 [pool-38-thread-1] INFO  server.RaftServerConfigKeys (ConfUtils.java:logGet(43)) - raft.server.log.force.sync.num = 128 (default)
2019-09-20 04:48:51,343 [pool-38-thread-1] INFO  server.RaftServerConfigKeys (ConfUtils.java:logGet(43)) - raft.server.log.statemachine.data.sync = true (default)
2019-09-20 04:48:51,343 [pool-38-thread-1] INFO  server.RaftServerConfigKeys (ConfUtils.java:logGet(43)) - raft.server.log.statemachine.data.sync.timeout = 10s (default)
2019-09-20 04:48:51,343 [pool-38-thread-1] INFO  server.RaftServerConfigKeys (ConfUtils.java:logGet(43)) - raft.server.log.statemachine.data.sync.timeout.retry = -1 (default)
2019-09-20 04:48:51,343 [pool-38-thread-1] INFO  server.RaftServerConfigKeys (ConfUtils.java:logGet(43)) - raft.server.log.statemachine.data.caching.enabled = true (custom)
2019-09-20 04:48:51,344 [pool-38-thread-1] INFO  segmented.SegmentedRaftLogWorker (SegmentedRaftLogWorker.java:lambda$new$0(132)) - 42fc6e92-fcdd-4827-b621-9fc58a3d2315-SegmentedRaftLogWorker:Storage Directory /workdir/hadoop-ozone/integration-test/target/test-dir/MiniOzoneClusterImpl-c00aaa5b-d63b-4769-9462-6a4c88d2a8bf/datanode-1/data/ratis/e1263fd7-eecb-4063-81c7-9066c3e0aaca: flushIndex: setUnconditionally 0 -> -1
2019-09-20 04:48:51,344 [pool-38-thread-1] INFO  server.RaftServerConfigKeys (ConfUtils.java:logGet(43)) - raft.server.snapshot.auto.trigger.enabled = true (custom)
2019-09-20 04:48:51,344 [pool-38-thread-1] INFO  server.RaftServerConfigKeys (ConfUtils.java:logGet(43)) - raft.server.snapshot.auto.trigger.threshold = 10000 (custom)
2019-09-20 04:48:51,344 [pool-38-thread-1] INFO  server.RaftServerConfigKeys (ConfUtils.java:logGet(43)) - raft.server.retrycache.expirytime = 600000ms (custom)
2019-09-20 04:48:51,345 [pool-38-thread-1] INFO  impl.RaftServerImpl (RaftServerImpl.java:start(180)) - 42fc6e92-fcdd-4827-b621-9fc58a3d2315: start group-9066C3E0AACA
2019-09-20 04:48:51,345 [pool-38-thread-1] INFO  impl.RaftServerImpl (RaftServerImpl.java:setRole(171)) - 42fc6e92-fcdd-4827-b621-9fc58a3d2315:group-9066C3E0AACA changes role from null to FOLLOWER at term 0 for startAsFollower
2019-09-20 04:48:51,345 [pool-38-thread-1] INFO  impl.RoleInfo (RoleInfo.java:updateAndGet(143)) - 42fc6e92-fcdd-4827-b621-9fc58a3d2315: start FollowerState
2019-09-20 04:48:51,345 [pool-38-thread-1] INFO  util.JmxRegister (JmxRegister.java:tryRegister(44)) - Successfully registered JMX Bean with object name Ratis:service=RaftServer,group=group-9066C3E0AACA,id=42fc6e92-fcdd-4827-b621-9fc58a3d2315
2019-09-20 04:48:51,356 [RatisPipelineUtilsThread] INFO  pipeline.PipelineStateManager (PipelineStateManager.java:addPipeline(56)) - Created pipeline Pipeline[ Id: e1263fd7-eecb-4063-81c7-9066c3e0aaca, Nodes: 42fc6e92-fcdd-4827-b621-9fc58a3d2315{ip: 192.168.36.79, host: pr-hdds-1569-s8kj2-2266485376, networkLocation: /default-rack, certSerialId: null}, Type:RATIS, Factor:ONE, State:OPEN]
2019-09-20 04:48:51,366 [grpc-default-executor-1] INFO  impl.RaftServerProxy (RaftServerProxy.java:addNew(89)) - 42fc6e92-fcdd-4827-b621-9fc58a3d2315: addNew group-5187C5C0510E:[42fc6e92-fcdd-4827-b621-9fc58a3d2315:192.168.36.79:44605] returns group-5187C5C0510E:java.util.concurrent.CompletableFuture@458d3297[Not completed]
2019-09-20 04:48:51,368 [pool-38-thread-1] INFO  impl.RaftServerImpl (RaftServerImpl.java:<init>(93)) - 42fc6e92-fcdd-4827-b621-9fc58a3d2315: new RaftServerImpl for group-5187C5C0510E:[42fc6e92-fcdd-4827-b621-9fc58a3d2315:192.168.36.79:44605] with ContainerStateMachine:uninitialized
2019-09-20 04:48:51,368 [pool-38-thread-1] INFO  server.RaftServerConfigKeys (ConfUtils.java:logGet(43)) - raft.server.rpc.timeout.min = 1s (custom)
2019-09-20 04:48:51,368 [pool-38-thread-1] INFO  server.RaftServerConfigKeys (ConfUtils.java:logGet(43)) - raft.server.rpc.timeout.max = 1200ms (custom)
2019-09-20 04:48:51,368 [pool-38-thread-1] INFO  server.RaftServerConfigKeys (ConfUtils.java:logGet(43)) - raft.server.rpcslowness.timeout = 120s (custom)
2019-09-20 04:48:51,368 [pool-38-thread-1] INFO  server.RaftServerConfigKeys (ConfUtils.java:logGet(43)) - raft.server.sleep.deviation.threshold = 300 (default)
2019-09-20 04:48:51,368 [pool-38-thread-1] INFO  server.RaftServerConfigKeys (ConfUtils.java:logGet(43)) - raft.server.log.appender.install.snapshot.enabled = false (custom)
2019-09-20 04:48:51,368 [pool-38-thread-1] INFO  impl.RaftServerImpl (ServerState.java:<init>(105)) - 42fc6e92-fcdd-4827-b621-9fc58a3d2315:group-5187C5C0510E ConfigurationManager, init=-1: [42fc6e92-fcdd-4827-b621-9fc58a3d2315:192.168.36.79:44605], old=null, confs=<EMPTY_MAP>
2019-09-20 04:48:51,369 [pool-38-thread-1] INFO  server.RaftServerConfigKeys (ConfUtils.java:logGet(43)) - raft.server.storage.dir = [/workdir/hadoop-ozone/integration-test/target/test-dir/MiniOzoneClusterImpl-c00aaa5b-d63b-4769-9462-6a4c88d2a8bf/datanode-1/data/ratis] (custom)
2019-09-20 04:48:51,369 [pool-38-thread-1] INFO  storage.RaftStorageDirectory (RaftStorageDirectory.java:analyzeStorage(246)) - The storage directory /workdir/hadoop-ozone/integration-test/target/test-dir/MiniOzoneClusterImpl-c00aaa5b-d63b-4769-9462-6a4c88d2a8bf/datanode-1/data/ratis/b94d2779-5fd0-4691-bbef-5187c5c0510e does not exist. Creating ...
2019-09-20 04:48:51,387 [Thread-242] INFO  impl.FollowerState (FollowerState.java:run(106)) - eaf3ecbe-c3b1-4969-ad3a-e4de7fb04f81:group-FEEE01C9C7CE changes to CANDIDATE, lastRpcTime:1151, electionTimeout:1149ms
2019-09-20 04:48:51,399 [pool-38-thread-1] INFO  storage.RaftStorageDirectory (RaftStorageDirectory.java:tryLock(328)) - Lock on /workdir/hadoop-ozone/integration-test/target/test-dir/MiniOzoneClusterImpl-c00aaa5b-d63b-4769-9462-6a4c88d2a8bf/datanode-1/data/ratis/b94d2779-5fd0-4691-bbef-5187c5c0510e/in_use.lock acquired by nodename 9457@pr-hdds-1569-s8kj2-2266485376
2019-09-20 04:48:51,399 [Thread-242] INFO  impl.RoleInfo (RoleInfo.java:shutdownFollowerState(121)) - eaf3ecbe-c3b1-4969-ad3a-e4de7fb04f81: shutdown FollowerState
2019-09-20 04:48:51,400 [Thread-242] INFO  impl.RaftServerImpl (RaftServerImpl.java:setRole(171)) - eaf3ecbe-c3b1-4969-ad3a-e4de7fb04f81:group-FEEE01C9C7CE changes role from FOLLOWER to CANDIDATE at term 0 for changeToCandidate
2019-09-20 04:48:51,400 [Thread-242] INFO  impl.RoleInfo (RoleInfo.java:updateAndGet(143)) - eaf3ecbe-c3b1-4969-ad3a-e4de7fb04f81: start LeaderElection
2019-09-20 04:48:51,433 [pool-38-thread-1] INFO  storage.RaftStorage (RaftStorage.java:format(72)) - Storage directory /workdir/hadoop-ozone/integration-test/target/test-dir/MiniOzoneClusterImpl-c00aaa5b-d63b-4769-9462-6a4c88d2a8bf/datanode-1/data/ratis/b94d2779-5fd0-4691-bbef-5187c5c0510e has been successfully formatted.
2019-09-20 04:48:51,433 [ea71b9af-1075-4196-9693-aa14e10f536d-SegmentedRaftLogWorker:Storage Directory /workdir/hadoop-ozone/integration-test/target/test-dir/MiniOzoneClusterImpl-c00aaa5b-d63b-4769-9462-6a4c88d2a8bf/datanode-0/data/ratis/930b9092-64f8-496d-a640-e7b07d9c0f85] INFO  segmented.SegmentedRaftLogWorker (SegmentedRaftLogWorker.java:execute(569)) - ea71b9af-1075-4196-9693-aa14e10f536d-SegmentedRaftLogWorker:Storage Directory /workdir/hadoop-ozone/integration-test/target/test-dir/MiniOzoneClusterImpl-c00aaa5b-d63b-4769-9462-6a4c88d2a8bf/datanode-0/data/ratis/930b9092-64f8-496d-a640-e7b07d9c0f85: created new log segment /workdir/hadoop-ozone/integration-test/target/test-dir/MiniOzoneClusterImpl-c00aaa5b-d63b-4769-9462-6a4c88d2a8bf/datanode-0/data/ratis/930b9092-64f8-496d-a640-e7b07d9c0f85/current/log_inprogress_0
2019-09-20 04:48:51,433 [eaf3ecbe-c3b1-4969-ad3a-e4de7fb04f81:group-FEEE01C9C7CE:LeaderElection2] INFO  impl.LeaderElection (LeaderElection.java:askForVotes(181)) - eaf3ecbe-c3b1-4969-ad3a-e4de7fb04f81:group-FEEE01C9C7CE:LeaderElection2: begin an election at term 1 for -1: [eaf3ecbe-c3b1-4969-ad3a-e4de7fb04f81:192.168.36.79:35924], old=null
2019-09-20 04:48:51,436 [pool-38-thread-1] INFO  ratis.ContainerStateMachine (ContainerStateMachine.java:loadSnapshot(226)) - group-5187C5C0510E: The snapshot info is null. Setting the last applied indexto:(t:0, i:~)
2019-09-20 04:48:51,437 [eaf3ecbe-c3b1-4969-ad3a-e4de7fb04f81:group-FEEE01C9C7CE:LeaderElection2] INFO  impl.RoleInfo (RoleInfo.java:shutdownLeaderElection(134)) - eaf3ecbe-c3b1-4969-ad3a-e4de7fb04f81: shutdown LeaderElection
2019-09-20 04:48:51,437 [pool-38-thread-1] INFO  server.RaftServerConfigKeys (ConfUtils.java:logGet(43)) - raft.server.leader.election.timeout = 120s (custom)
2019-09-20 04:48:51,437 [eaf3ecbe-c3b1-4969-ad3a-e4de7fb04f81:group-FEEE01C9C7CE:LeaderElection2] INFO  impl.RaftServerImpl (RaftServerImpl.java:setRole(171)) - eaf3ecbe-c3b1-4969-ad3a-e4de7fb04f81:group-FEEE01C9C7CE changes role from CANDIDATE to LEADER at term 1 for changeToLeader
2019-09-20 04:48:51,437 [pool-38-thread-1] INFO  server.RaftServerConfigKeys (ConfUtils.java:logGet(43)) - raft.server.log.use.memory = false (default)
2019-09-20 04:48:51,437 [eaf3ecbe-c3b1-4969-ad3a-e4de7fb04f81:group-FEEE01C9C7CE:LeaderElection2] INFO  impl.RaftServerImpl (ServerState.java:setLeader(263)) - eaf3ecbe-c3b1-4969-ad3a-e4de7fb04f81:group-FEEE01C9C7CE change Leader from null to eaf3ecbe-c3b1-4969-ad3a-e4de7fb04f81 at term 1 for becomeLeader, leader elected after 1210ms
2019-09-20 04:48:51,438 [pool-38-thread-1] INFO  server.RaftServerConfigKeys (ConfUtils.java:logGet(43)) - raft.server.log.purge.gap = 1000000 (custom)
2019-09-20 04:48:51,439 [eaf3ecbe-c3b1-4969-ad3a-e4de7fb04f81:group-FEEE01C9C7CE:LeaderElection2] INFO  server.RaftServerConfigKeys (ConfUtils.java:logGet(43)) - raft.server.staging.catchup.gap = 1000 (default)
2019-09-20 04:48:51,439 [pool-38-thread-1] INFO  server.RaftServerConfigKeys (ConfUtils.java:logGet(43)) - raft.server.log.appender.buffer.byte-limit = 33554432 (custom)
2019-09-20 04:48:51,440 [eaf3ecbe-c3b1-4969-ad3a-e4de7fb04f81:group-FEEE01C9C7CE:LeaderElection2] INFO  server.RaftServerConfigKeys (ConfUtils.java:logGet(43)) - raft.server.rpc.sleep.time = 25ms (default)
2019-09-20 04:48:51,440 [pool-38-thread-1] INFO  server.RaftServerConfigKeys (ConfUtils.java:logGet(43)) - raft.server.log.segment.size.max = 1048576 (custom)
2019-09-20 04:48:51,440 [pool-38-thread-1] INFO  server.RaftServerConfigKeys (ConfUtils.java:logGet(43)) - raft.server.log.segment.cache.num.max = 2 (custom)
2019-09-20 04:48:51,440 [eaf3ecbe-c3b1-4969-ad3a-e4de7fb04f81:group-FEEE01C9C7CE:LeaderElection2] INFO  server.RaftServerConfigKeys (ConfUtils.java:logGet(43)) - raft.server.write.element-limit = 4096 (default)
2019-09-20 04:48:51,440 [pool-38-thread-1] INFO  segmented.SegmentedRaftLogWorker (SegmentedRaftLogWorker.java:<init>(172)) - new 42fc6e92-fcdd-4827-b621-9fc58a3d2315-SegmentedRaftLogWorker:Storage Directory /workdir/hadoop-ozone/integration-test/target/test-dir/MiniOzoneClusterImpl-c00aaa5b-d63b-4769-9462-6a4c88d2a8bf/datanode-1/data/ratis/b94d2779-5fd0-4691-bbef-5187c5c0510e for RaftStorage:Storage Directory /workdir/hadoop-ozone/integration-test/target/test-dir/MiniOzoneClusterImpl-c00aaa5b-d63b-4769-9462-6a4c88d2a8bf/datanode-1/data/ratis/b94d2779-5fd0-4691-bbef-5187c5c0510e
2019-09-20 04:48:51,440 [eaf3ecbe-c3b1-4969-ad3a-e4de7fb04f81:group-FEEE01C9C7CE:LeaderElection2] INFO  server.RaftServerConfigKeys (ConfUtils.java:logGet(43)) - raft.server.watch.timeout = 10s (default)
2019-09-20 04:48:51,440 [pool-38-thread-1] INFO  server.RaftServerConfigKeys (ConfUtils.java:logGet(43)) - raft.server.log.queue.byte-limit = 2147483647 (custom)
2019-09-20 04:48:51,441 [eaf3ecbe-c3b1-4969-ad3a-e4de7fb04f81:group-FEEE01C9C7CE:LeaderElection2] INFO  server.RaftServerConfigKeys (ConfUtils.java:logGet(43)) - raft.server.watch.timeout.denomination = 1s (default)
2019-09-20 04:48:51,442 [pool-38-thread-1] INFO  server.RaftServerConfigKeys (ConfUtils.java:logGet(43)) - raft.server.log.queue.element-limit = 1024 (custom)
2019-09-20 04:48:51,442 [eaf3ecbe-c3b1-4969-ad3a-e4de7fb04f81:group-FEEE01C9C7CE:LeaderElection2] INFO  server.RaftServerConfigKeys (ConfUtils.java:logGet(43)) - raft.server.watch.element-limit = 65536 (default)
2019-09-20 04:48:51,442 [pool-38-thread-1] INFO  server.RaftServerConfigKeys (ConfUtils.java:logGet(43)) - raft.server.log.segment.size.max = 1048576 (custom)
2019-09-20 04:48:51,442 [pool-38-thread-1] INFO  server.RaftServerConfigKeys (ConfUtils.java:logGet(43)) - raft.server.log.preallocated.size = 16384 (custom)
2019-09-20 04:48:51,442 [eaf3ecbe-c3b1-4969-ad3a-e4de7fb04f81:group-FEEE01C9C7CE:LeaderElection2] INFO  impl.RoleInfo (RoleInfo.java:updateAndGet(143)) - eaf3ecbe-c3b1-4969-ad3a-e4de7fb04f81: start LeaderState
2019-09-20 04:48:51,442 [pool-38-thread-1] INFO  server.RaftServerConfigKeys (ConfUtils.java:logGet(43)) - raft.server.log.write.buffer.size = 33554432 (custom)
2019-09-20 04:48:51,442 [pool-38-thread-1] INFO  server.RaftServerConfigKeys (ConfUtils.java:logGet(43)) - raft.server.log.force.sync.num = 128 (default)
2019-09-20 04:48:51,442 [eaf3ecbe-c3b1-4969-ad3a-e4de7fb04f81:group-FEEE01C9C7CE:LeaderElection2] INFO  segmented.SegmentedRaftLogWorker (SegmentedRaftLogWorker.java:startLogSegment(380)) - eaf3ecbe-c3b1-4969-ad3a-e4de7fb04f81-SegmentedRaftLogWorker:Storage Directory /workdir/hadoop-ozone/integration-test/target/test-dir/MiniOzoneClusterImpl-c00aaa5b-d63b-4769-9462-6a4c88d2a8bf/datanode-5/data/ratis/4e3bbc85-7a71-462e-9352-feee01c9c7ce: Starting segment from index:0
2019-09-20 04:48:51,442 [pool-38-thread-1] INFO  server.RaftServerConfigKeys (ConfUtils.java:logGet(43)) - raft.server.log.statemachine.data.sync = true (default)
2019-09-20 04:48:51,443 [pool-38-thread-1] INFO  server.RaftServerConfigKeys (ConfUtils.java:logGet(43)) - raft.server.log.statemachine.data.sync.timeout = 10s (default)
2019-09-20 04:48:51,443 [pool-38-thread-1] INFO  server.RaftServerConfigKeys (ConfUtils.java:logGet(43)) - raft.server.log.statemachine.data.sync.timeout.retry = -1 (default)
2019-09-20 04:48:51,443 [eaf3ecbe-c3b1-4969-ad3a-e4de7fb04f81:group-FEEE01C9C7CE:LeaderElection2] INFO  impl.RaftServerImpl (ServerState.java:setRaftConf(361)) - eaf3ecbe-c3b1-4969-ad3a-e4de7fb04f81:group-FEEE01C9C7CE set configuration 0: [eaf3ecbe-c3b1-4969-ad3a-e4de7fb04f81:192.168.36.79:35924], old=null at 0
2019-09-20 04:48:51,443 [pool-38-thread-1] INFO  server.RaftServerConfigKeys (ConfUtils.java:logGet(43)) - raft.server.log.statemachine.data.caching.enabled = true (custom)
2019-09-20 04:48:51,443 [Thread-248] INFO  impl.FollowerState (FollowerState.java:run(106)) - 42fc6e92-fcdd-4827-b621-9fc58a3d2315:group-AC8AC767F08C changes to CANDIDATE, lastRpcTime:1018, electionTimeout:1018ms
2019-09-20 04:48:51,471 [Thread-248] INFO  impl.RoleInfo (RoleInfo.java:shutdownFollowerState(121)) - 42fc6e92-fcdd-4827-b621-9fc58a3d2315: shutdown FollowerState
2019-09-20 04:48:51,471 [pool-38-thread-1] INFO  segmented.SegmentedRaftLogWorker (SegmentedRaftLogWorker.java:lambda$new$0(132)) - 42fc6e92-fcdd-4827-b621-9fc58a3d2315-SegmentedRaftLogWorker:Storage Directory /workdir/hadoop-ozone/integration-test/target/test-dir/MiniOzoneClusterImpl-c00aaa5b-d63b-4769-9462-6a4c88d2a8bf/datanode-1/data/ratis/b94d2779-5fd0-4691-bbef-5187c5c0510e: flushIndex: setUnconditionally 0 -> -1
2019-09-20 04:48:51,471 [Thread-248] INFO  impl.RaftServerImpl (RaftServerImpl.java:setRole(171)) - 42fc6e92-fcdd-4827-b621-9fc58a3d2315:group-AC8AC767F08C changes role from FOLLOWER to CANDIDATE at term 0 for changeToCandidate
2019-09-20 04:48:51,472 [Thread-248] INFO  impl.RoleInfo (RoleInfo.java:updateAndGet(143)) - 42fc6e92-fcdd-4827-b621-9fc58a3d2315: start LeaderElection
2019-09-20 04:48:51,472 [pool-38-thread-1] INFO  server.RaftServerConfigKeys (ConfUtils.java:logGet(43)) - raft.server.snapshot.auto.trigger.enabled = true (custom)
2019-09-20 04:48:51,472 [pool-38-thread-1] INFO  server.RaftServerConfigKeys (ConfUtils.java:logGet(43)) - raft.server.snapshot.auto.trigger.threshold = 10000 (custom)
2019-09-20 04:48:51,477 [pool-38-thread-1] INFO  server.RaftServerConfigKeys (ConfUtils.java:logGet(43)) - raft.server.retrycache.expirytime = 600000ms (custom)
2019-09-20 04:48:51,477 [pool-38-thread-1] INFO  impl.RaftServerImpl (RaftServerImpl.java:start(180)) - 42fc6e92-fcdd-4827-b621-9fc58a3d2315: start group-5187C5C0510E
2019-09-20 04:48:51,478 [pool-38-thread-1] INFO  impl.RaftServerImpl (RaftServerImpl.java:setRole(171)) - 42fc6e92-fcdd-4827-b621-9fc58a3d2315:group-5187C5C0510E changes role from null to FOLLOWER at term 0 for startAsFollower
2019-09-20 04:48:51,478 [pool-38-thread-1] INFO  impl.RoleInfo (RoleInfo.java:updateAndGet(143)) - 42fc6e92-fcdd-4827-b621-9fc58a3d2315: start FollowerState
2019-09-20 04:48:51,478 [pool-38-thread-1] INFO  util.JmxRegister (JmxRegister.java:tryRegister(44)) - Successfully registered JMX Bean with object name Ratis:service=RaftServer,group=group-5187C5C0510E,id=42fc6e92-fcdd-4827-b621-9fc58a3d2315
2019-09-20 04:48:51,484 [RatisPipelineUtilsThread] INFO  pipeline.PipelineStateManager (PipelineStateManager.java:addPipeline(56)) - Created pipeline Pipeline[ Id: b94d2779-5fd0-4691-bbef-5187c5c0510e, Nodes: 42fc6e92-fcdd-4827-b621-9fc58a3d2315{ip: 192.168.36.79, host: pr-hdds-1569-s8kj2-2266485376, networkLocation: /default-rack, certSerialId: null}, Type:RATIS, Factor:ONE, State:OPEN]
2019-09-20 04:48:51,487 [Thread-245] INFO  impl.FollowerState (FollowerState.java:run(106)) - 2d6465ef-cffa-473a-a4c6-a9aa3f1a26c0:group-44D57819CE09 changes to CANDIDATE, lastRpcTime:1149, electionTimeout:1149ms
2019-09-20 04:48:51,487 [Thread-245] INFO  impl.RoleInfo (RoleInfo.java:shutdownFollowerState(121)) - 2d6465ef-cffa-473a-a4c6-a9aa3f1a26c0: shutdown FollowerState
2019-09-20 04:48:51,488 [Thread-245] INFO  impl.RaftServerImpl (RaftServerImpl.java:setRole(171)) - 2d6465ef-cffa-473a-a4c6-a9aa3f1a26c0:group-44D57819CE09 changes role from FOLLOWER to CANDIDATE at term 0 for changeToCandidate
2019-09-20 04:48:51,488 [Thread-245] INFO  impl.RoleInfo (RoleInfo.java:updateAndGet(143)) - 2d6465ef-cffa-473a-a4c6-a9aa3f1a26c0: start LeaderElection
2019-09-20 04:48:51,498 [grpc-default-executor-1] INFO  impl.RaftServerProxy (RaftServerProxy.java:addNew(89)) - 2702b462-69d8-4c1b-aae1-091a21fe08b8: addNew group-8FADBB6A2728:[2702b462-69d8-4c1b-aae1-091a21fe08b8:192.168.36.79:42637] returns group-8FADBB6A2728:java.util.concurrent.CompletableFuture@2bcddeec[Not completed]
2019-09-20 04:48:51,500 [pool-60-thread-1] INFO  impl.RaftServerImpl (RaftServerImpl.java:<init>(93)) - 2702b462-69d8-4c1b-aae1-091a21fe08b8: new RaftServerImpl for group-8FADBB6A2728:[2702b462-69d8-4c1b-aae1-091a21fe08b8:192.168.36.79:42637] with ContainerStateMachine:uninitialized
2019-09-20 04:48:51,500 [pool-60-thread-1] INFO  server.RaftServerConfigKeys (ConfUtils.java:logGet(43)) - raft.server.rpc.timeout.min = 1s (custom)
2019-09-20 04:48:51,500 [pool-60-thread-1] INFO  server.RaftServerConfigKeys (ConfUtils.java:logGet(43)) - raft.server.rpc.timeout.max = 1200ms (custom)
2019-09-20 04:48:51,500 [pool-60-thread-1] INFO  server.RaftServerConfigKeys (ConfUtils.java:logGet(43)) - raft.server.rpcslowness.timeout = 120s (custom)
2019-09-20 04:48:51,500 [pool-60-thread-1] INFO  server.RaftServerConfigKeys (ConfUtils.java:logGet(43)) - raft.server.sleep.deviation.threshold = 300 (default)
2019-09-20 04:48:51,500 [pool-60-thread-1] INFO  server.RaftServerConfigKeys (ConfUtils.java:logGet(43)) - raft.server.log.appender.install.snapshot.enabled = false (custom)
2019-09-20 04:48:51,501 [pool-60-thread-1] INFO  impl.RaftServerImpl (ServerState.java:<init>(105)) - 2702b462-69d8-4c1b-aae1-091a21fe08b8:group-8FADBB6A2728 ConfigurationManager, init=-1: [2702b462-69d8-4c1b-aae1-091a21fe08b8:192.168.36.79:42637], old=null, confs=<EMPTY_MAP>
2019-09-20 04:48:51,501 [pool-60-thread-1] INFO  server.RaftServerConfigKeys (ConfUtils.java:logGet(43)) - raft.server.storage.dir = [/workdir/hadoop-ozone/integration-test/target/test-dir/MiniOzoneClusterImpl-c00aaa5b-d63b-4769-9462-6a4c88d2a8bf/datanode-3/data/ratis] (custom)
2019-09-20 04:48:51,501 [pool-60-thread-1] INFO  storage.RaftStorageDirectory (RaftStorageDirectory.java:analyzeStorage(246)) - The storage directory /workdir/hadoop-ozone/integration-test/target/test-dir/MiniOzoneClusterImpl-c00aaa5b-d63b-4769-9462-6a4c88d2a8bf/datanode-3/data/ratis/3a52056b-20f8-4e1a-8ab0-8fadbb6a2728 does not exist. Creating ...
2019-09-20 04:48:51,509 [eaf3ecbe-c3b1-4969-ad3a-e4de7fb04f81-SegmentedRaftLogWorker:Storage Directory /workdir/hadoop-ozone/integration-test/target/test-dir/MiniOzoneClusterImpl-c00aaa5b-d63b-4769-9462-6a4c88d2a8bf/datanode-5/data/ratis/4e3bbc85-7a71-462e-9352-feee01c9c7ce] INFO  segmented.SegmentedRaftLogWorker (SegmentedRaftLogWorker.java:execute(569)) - eaf3ecbe-c3b1-4969-ad3a-e4de7fb04f81-SegmentedRaftLogWorker:Storage Directory /workdir/hadoop-ozone/integration-test/target/test-dir/MiniOzoneClusterImpl-c00aaa5b-d63b-4769-9462-6a4c88d2a8bf/datanode-5/data/ratis/4e3bbc85-7a71-462e-9352-feee01c9c7ce: created new log segment /workdir/hadoop-ozone/integration-test/target/test-dir/MiniOzoneClusterImpl-c00aaa5b-d63b-4769-9462-6a4c88d2a8bf/datanode-5/data/ratis/4e3bbc85-7a71-462e-9352-feee01c9c7ce/current/log_inprogress_0
2019-09-20 04:48:51,509 [2d6465ef-cffa-473a-a4c6-a9aa3f1a26c0:group-44D57819CE09:LeaderElection4] INFO  impl.LeaderElection (LeaderElection.java:askForVotes(181)) - 2d6465ef-cffa-473a-a4c6-a9aa3f1a26c0:group-44D57819CE09:LeaderElection4: begin an election at term 1 for -1: [2d6465ef-cffa-473a-a4c6-a9aa3f1a26c0:192.168.36.79:46837], old=null
2019-09-20 04:48:51,509 [42fc6e92-fcdd-4827-b621-9fc58a3d2315:group-AC8AC767F08C:LeaderElection3] INFO  impl.LeaderElection (LeaderElection.java:askForVotes(181)) - 42fc6e92-fcdd-4827-b621-9fc58a3d2315:group-AC8AC767F08C:LeaderElection3: begin an election at term 1 for -1: [42fc6e92-fcdd-4827-b621-9fc58a3d2315:192.168.36.79:44605], old=null
2019-09-20 04:48:51,511 [2d6465ef-cffa-473a-a4c6-a9aa3f1a26c0:group-44D57819CE09:LeaderElection4] INFO  impl.RoleInfo (RoleInfo.java:shutdownLeaderElection(134)) - 2d6465ef-cffa-473a-a4c6-a9aa3f1a26c0: shutdown LeaderElection
2019-09-20 04:48:51,511 [42fc6e92-fcdd-4827-b621-9fc58a3d2315:group-AC8AC767F08C:LeaderElection3] INFO  impl.RoleInfo (RoleInfo.java:shutdownLeaderElection(134)) - 42fc6e92-fcdd-4827-b621-9fc58a3d2315: shutdown LeaderElection
2019-09-20 04:48:51,511 [2d6465ef-cffa-473a-a4c6-a9aa3f1a26c0:group-44D57819CE09:LeaderElection4] INFO  impl.RaftServerImpl (RaftServerImpl.java:setRole(171)) - 2d6465ef-cffa-473a-a4c6-a9aa3f1a26c0:group-44D57819CE09 changes role from CANDIDATE to LEADER at term 1 for changeToLeader
2019-09-20 04:48:51,511 [42fc6e92-fcdd-4827-b621-9fc58a3d2315:group-AC8AC767F08C:LeaderElection3] INFO  impl.RaftServerImpl (RaftServerImpl.java:setRole(171)) - 42fc6e92-fcdd-4827-b621-9fc58a3d2315:group-AC8AC767F08C changes role from CANDIDATE to LEADER at term 1 for changeToLeader
2019-09-20 04:48:51,511 [2d6465ef-cffa-473a-a4c6-a9aa3f1a26c0:group-44D57819CE09:LeaderElection4] INFO  impl.RaftServerImpl (ServerState.java:setLeader(263)) - 2d6465ef-cffa-473a-a4c6-a9aa3f1a26c0:group-44D57819CE09 change Leader from null to 2d6465ef-cffa-473a-a4c6-a9aa3f1a26c0 at term 1 for becomeLeader, leader elected after 1179ms
2019-09-20 04:48:51,511 [42fc6e92-fcdd-4827-b621-9fc58a3d2315:group-AC8AC767F08C:LeaderElection3] INFO  impl.RaftServerImpl (ServerState.java:setLeader(263)) - 42fc6e92-fcdd-4827-b621-9fc58a3d2315:group-AC8AC767F08C change Leader from null to 42fc6e92-fcdd-4827-b621-9fc58a3d2315 at term 1 for becomeLeader, leader elected after 1091ms
2019-09-20 04:48:51,513 [2d6465ef-cffa-473a-a4c6-a9aa3f1a26c0:group-44D57819CE09:LeaderElection4] INFO  server.RaftServerConfigKeys (ConfUtils.java:logGet(43)) - raft.server.staging.catchup.gap = 1000 (default)
2019-09-20 04:48:51,514 [42fc6e92-fcdd-4827-b621-9fc58a3d2315:group-AC8AC767F08C:LeaderElection3] INFO  server.RaftServerConfigKeys (ConfUtils.java:logGet(43)) - raft.server.staging.catchup.gap = 1000 (default)
2019-09-20 04:48:51,514 [2d6465ef-cffa-473a-a4c6-a9aa3f1a26c0:group-44D57819CE09:LeaderElection4] INFO  server.RaftServerConfigKeys (ConfUtils.java:logGet(43)) - raft.server.rpc.sleep.time = 25ms (default)
2019-09-20 04:48:51,514 [42fc6e92-fcdd-4827-b621-9fc58a3d2315:group-AC8AC767F08C:LeaderElection3] INFO  server.RaftServerConfigKeys (ConfUtils.java:logGet(43)) - raft.server.rpc.sleep.time = 25ms (default)
2019-09-20 04:48:51,514 [2d6465ef-cffa-473a-a4c6-a9aa3f1a26c0:group-44D57819CE09:LeaderElection4] INFO  server.RaftServerConfigKeys (ConfUtils.java:logGet(43)) - raft.server.write.element-limit = 4096 (default)
2019-09-20 04:48:51,515 [42fc6e92-fcdd-4827-b621-9fc58a3d2315:group-AC8AC767F08C:LeaderElection3] INFO  server.RaftServerConfigKeys (ConfUtils.java:logGet(43)) - raft.server.write.element-limit = 4096 (default)
2019-09-20 04:48:51,515 [2d6465ef-cffa-473a-a4c6-a9aa3f1a26c0:group-44D57819CE09:LeaderElection4] INFO  server.RaftServerConfigKeys (ConfUtils.java:logGet(43)) - raft.server.watch.timeout = 10s (default)
2019-09-20 04:48:51,515 [42fc6e92-fcdd-4827-b621-9fc58a3d2315:group-AC8AC767F08C:LeaderElection3] INFO  server.RaftServerConfigKeys (ConfUtils.java:logGet(43)) - raft.server.watch.timeout = 10s (default)
2019-09-20 04:48:51,515 [2d6465ef-cffa-473a-a4c6-a9aa3f1a26c0:group-44D57819CE09:LeaderElection4] INFO  server.RaftServerConfigKeys (ConfUtils.java:logGet(43)) - raft.server.watch.timeout.denomination = 1s (default)
2019-09-20 04:48:51,515 [42fc6e92-fcdd-4827-b621-9fc58a3d2315:group-AC8AC767F08C:LeaderElection3] INFO  server.RaftServerConfigKeys (ConfUtils.java:logGet(43)) - raft.server.watch.timeout.denomination = 1s (default)
2019-09-20 04:48:51,515 [2d6465ef-cffa-473a-a4c6-a9aa3f1a26c0:group-44D57819CE09:LeaderElection4] INFO  server.RaftServerConfigKeys (ConfUtils.java:logGet(43)) - raft.server.watch.element-limit = 65536 (default)
2019-09-20 04:48:51,515 [42fc6e92-fcdd-4827-b621-9fc58a3d2315:group-AC8AC767F08C:LeaderElection3] INFO  server.RaftServerConfigKeys (ConfUtils.java:logGet(43)) - raft.server.watch.element-limit = 65536 (default)
2019-09-20 04:48:51,515 [2d6465ef-cffa-473a-a4c6-a9aa3f1a26c0:group-44D57819CE09:LeaderElection4] INFO  impl.RoleInfo (RoleInfo.java:updateAndGet(143)) - 2d6465ef-cffa-473a-a4c6-a9aa3f1a26c0: start LeaderState
2019-09-20 04:48:51,515 [42fc6e92-fcdd-4827-b621-9fc58a3d2315:group-AC8AC767F08C:LeaderElection3] INFO  impl.RoleInfo (RoleInfo.java:updateAndGet(143)) - 42fc6e92-fcdd-4827-b621-9fc58a3d2315: start LeaderState
2019-09-20 04:48:51,515 [2d6465ef-cffa-473a-a4c6-a9aa3f1a26c0:group-44D57819CE09:LeaderElection4] INFO  segmented.SegmentedRaftLogWorker (SegmentedRaftLogWorker.java:startLogSegment(380)) - 2d6465ef-cffa-473a-a4c6-a9aa3f1a26c0-SegmentedRaftLogWorker:Storage Directory /workdir/hadoop-ozone/integration-test/target/test-dir/MiniOzoneClusterImpl-c00aaa5b-d63b-4769-9462-6a4c88d2a8bf/datanode-2/data/ratis/e21328e8-180e-4b1d-a09c-44d57819ce09: Starting segment from index:0
2019-09-20 04:48:51,516 [42fc6e92-fcdd-4827-b621-9fc58a3d2315:group-AC8AC767F08C:LeaderElection3] INFO  segmented.SegmentedRaftLogWorker (SegmentedRaftLogWorker.java:startLogSegment(380)) - 42fc6e92-fcdd-4827-b621-9fc58a3d2315-SegmentedRaftLogWorker:Storage Directory /workdir/hadoop-ozone/integration-test/target/test-dir/MiniOzoneClusterImpl-c00aaa5b-d63b-4769-9462-6a4c88d2a8bf/datanode-1/data/ratis/553a60df-0054-4820-8f4c-ac8ac767f08c: Starting segment from index:0
2019-09-20 04:48:51,516 [2d6465ef-cffa-473a-a4c6-a9aa3f1a26c0:group-44D57819CE09:LeaderElection4] INFO  impl.RaftServerImpl (ServerState.java:setRaftConf(361)) - 2d6465ef-cffa-473a-a4c6-a9aa3f1a26c0:group-44D57819CE09 set configuration 0: [2d6465ef-cffa-473a-a4c6-a9aa3f1a26c0:192.168.36.79:46837], old=null at 0
2019-09-20 04:48:51,517 [42fc6e92-fcdd-4827-b621-9fc58a3d2315:group-AC8AC767F08C:LeaderElection3] INFO  impl.RaftServerImpl (ServerState.java:setRaftConf(361)) - 42fc6e92-fcdd-4827-b621-9fc58a3d2315:group-AC8AC767F08C set configuration 0: [42fc6e92-fcdd-4827-b621-9fc58a3d2315:192.168.36.79:44605], old=null at 0
2019-09-20 04:48:51,526 [pool-60-thread-1] INFO  storage.RaftStorageDirectory (RaftStorageDirectory.java:tryLock(328)) - Lock on /workdir/hadoop-ozone/integration-test/target/test-dir/MiniOzoneClusterImpl-c00aaa5b-d63b-4769-9462-6a4c88d2a8bf/datanode-3/data/ratis/3a52056b-20f8-4e1a-8ab0-8fadbb6a2728/in_use.lock acquired by nodename 9457@pr-hdds-1569-s8kj2-2266485376
2019-09-20 04:48:51,552 [pool-60-thread-1] INFO  storage.RaftStorage (RaftStorage.java:format(72)) - Storage directory /workdir/hadoop-ozone/integration-test/target/test-dir/MiniOzoneClusterImpl-c00aaa5b-d63b-4769-9462-6a4c88d2a8bf/datanode-3/data/ratis/3a52056b-20f8-4e1a-8ab0-8fadbb6a2728 has been successfully formatted.
2019-09-20 04:48:51,552 [pool-60-thread-1] INFO  ratis.ContainerStateMachine (ContainerStateMachine.java:loadSnapshot(226)) - group-8FADBB6A2728: The snapshot info is null. Setting the last applied indexto:(t:0, i:~)
2019-09-20 04:48:51,552 [pool-60-thread-1] INFO  server.RaftServerConfigKeys (ConfUtils.java:logGet(43)) - raft.server.leader.election.timeout = 120s (custom)
2019-09-20 04:48:51,552 [pool-60-thread-1] INFO  server.RaftServerConfigKeys (ConfUtils.java:logGet(43)) - raft.server.log.use.memory = false (default)
2019-09-20 04:48:51,553 [pool-60-thread-1] INFO  server.RaftServerConfigKeys (ConfUtils.java:logGet(43)) - raft.server.log.purge.gap = 1000000 (custom)
2019-09-20 04:48:51,553 [pool-60-thread-1] INFO  server.RaftServerConfigKeys (ConfUtils.java:logGet(43)) - raft.server.log.appender.buffer.byte-limit = 33554432 (custom)
2019-09-20 04:48:51,553 [pool-60-thread-1] INFO  server.RaftServerConfigKeys (ConfUtils.java:logGet(43)) - raft.server.log.segment.size.max = 1048576 (custom)
2019-09-20 04:48:51,553 [pool-60-thread-1] INFO  server.RaftServerConfigKeys (ConfUtils.java:logGet(43)) - raft.server.log.segment.cache.num.max = 2 (custom)
2019-09-20 04:48:51,553 [pool-60-thread-1] INFO  segmented.SegmentedRaftLogWorker (SegmentedRaftLogWorker.java:<init>(172)) - new 2702b462-69d8-4c1b-aae1-091a21fe08b8-SegmentedRaftLogWorker:Storage Directory /workdir/hadoop-ozone/integration-test/target/test-dir/MiniOzoneClusterImpl-c00aaa5b-d63b-4769-9462-6a4c88d2a8bf/datanode-3/data/ratis/3a52056b-20f8-4e1a-8ab0-8fadbb6a2728 for RaftStorage:Storage Directory /workdir/hadoop-ozone/integration-test/target/test-dir/MiniOzoneClusterImpl-c00aaa5b-d63b-4769-9462-6a4c88d2a8bf/datanode-3/data/ratis/3a52056b-20f8-4e1a-8ab0-8fadbb6a2728
2019-09-20 04:48:51,553 [pool-60-thread-1] INFO  server.RaftServerConfigKeys (ConfUtils.java:logGet(43)) - raft.server.log.queue.byte-limit = 2147483647 (custom)
2019-09-20 04:48:51,554 [pool-60-thread-1] INFO  server.RaftServerConfigKeys (ConfUtils.java:logGet(43)) - raft.server.log.queue.element-limit = 1024 (custom)
2019-09-20 04:48:51,554 [pool-60-thread-1] INFO  server.RaftServerConfigKeys (ConfUtils.java:logGet(43)) - raft.server.log.segment.size.max = 1048576 (custom)
2019-09-20 04:48:51,554 [pool-60-thread-1] INFO  server.RaftServerConfigKeys (ConfUtils.java:logGet(43)) - raft.server.log.preallocated.size = 16384 (custom)
2019-09-20 04:48:51,554 [pool-60-thread-1] INFO  server.RaftServerConfigKeys (ConfUtils.java:logGet(43)) - raft.server.log.write.buffer.size = 33554432 (custom)
2019-09-20 04:48:51,554 [pool-60-thread-1] INFO  server.RaftServerConfigKeys (ConfUtils.java:logGet(43)) - raft.server.log.force.sync.num = 128 (default)
2019-09-20 04:48:51,554 [pool-60-thread-1] INFO  server.RaftServerConfigKeys (ConfUtils.java:logGet(43)) - raft.server.log.statemachine.data.sync = true (default)
2019-09-20 04:48:51,554 [pool-60-thread-1] INFO  server.RaftServerConfigKeys (ConfUtils.java:logGet(43)) - raft.server.log.statemachine.data.sync.timeout = 10s (default)
2019-09-20 04:48:51,555 [pool-60-thread-1] INFO  server.RaftServerConfigKeys (ConfUtils.java:logGet(43)) - raft.server.log.statemachine.data.sync.timeout.retry = -1 (default)
2019-09-20 04:48:51,555 [pool-60-thread-1] INFO  server.RaftServerConfigKeys (ConfUtils.java:logGet(43)) - raft.server.log.statemachine.data.caching.enabled = true (custom)
2019-09-20 04:48:51,555 [pool-60-thread-1] INFO  segmented.SegmentedRaftLogWorker (SegmentedRaftLogWorker.java:lambda$new$0(132)) - 2702b462-69d8-4c1b-aae1-091a21fe08b8-SegmentedRaftLogWorker:Storage Directory /workdir/hadoop-ozone/integration-test/target/test-dir/MiniOzoneClusterImpl-c00aaa5b-d63b-4769-9462-6a4c88d2a8bf/datanode-3/data/ratis/3a52056b-20f8-4e1a-8ab0-8fadbb6a2728: flushIndex: setUnconditionally 0 -> -1
2019-09-20 04:48:51,555 [pool-60-thread-1] INFO  server.RaftServerConfigKeys (ConfUtils.java:logGet(43)) - raft.server.snapshot.auto.trigger.enabled = true (custom)
2019-09-20 04:48:51,556 [pool-60-thread-1] INFO  server.RaftServerConfigKeys (ConfUtils.java:logGet(43)) - raft.server.snapshot.auto.trigger.threshold = 10000 (custom)
2019-09-20 04:48:51,556 [pool-60-thread-1] INFO  server.RaftServerConfigKeys (ConfUtils.java:logGet(43)) - raft.server.retrycache.expirytime = 600000ms (custom)
2019-09-20 04:48:51,556 [pool-60-thread-1] INFO  impl.RaftServerImpl (RaftServerImpl.java:start(180)) - 2702b462-69d8-4c1b-aae1-091a21fe08b8: start group-8FADBB6A2728
2019-09-20 04:48:51,556 [pool-60-thread-1] INFO  impl.RaftServerImpl (RaftServerImpl.java:setRole(171)) - 2702b462-69d8-4c1b-aae1-091a21fe08b8:group-8FADBB6A2728 changes role from null to FOLLOWER at term 0 for startAsFollower
2019-09-20 04:48:51,556 [pool-60-thread-1] INFO  impl.RoleInfo (RoleInfo.java:updateAndGet(143)) - 2702b462-69d8-4c1b-aae1-091a21fe08b8: start FollowerState
2019-09-20 04:48:51,557 [pool-60-thread-1] INFO  util.JmxRegister (JmxRegister.java:tryRegister(44)) - Successfully registered JMX Bean with object name Ratis:service=RaftServer,group=group-8FADBB6A2728,id=2702b462-69d8-4c1b-aae1-091a21fe08b8
2019-09-20 04:48:51,562 [RatisPipelineUtilsThread] INFO  pipeline.PipelineStateManager (PipelineStateManager.java:addPipeline(56)) - Created pipeline Pipeline[ Id: 3a52056b-20f8-4e1a-8ab0-8fadbb6a2728, Nodes: 2702b462-69d8-4c1b-aae1-091a21fe08b8{ip: 192.168.36.79, host: pr-hdds-1569-s8kj2-2266485376, networkLocation: /default-rack, certSerialId: null}, Type:RATIS, Factor:ONE, State:OPEN]
2019-09-20 04:48:51,572 [grpc-default-executor-1] INFO  impl.RaftServerProxy (RaftServerProxy.java:addNew(89)) - 42fc6e92-fcdd-4827-b621-9fc58a3d2315: addNew group-853976DD41B9:[42fc6e92-fcdd-4827-b621-9fc58a3d2315:192.168.36.79:44605] returns group-853976DD41B9:java.util.concurrent.CompletableFuture@3af181ad[Not completed]
2019-09-20 04:48:51,573 [pool-38-thread-1] INFO  impl.RaftServerImpl (RaftServerImpl.java:<init>(93)) - 42fc6e92-fcdd-4827-b621-9fc58a3d2315: new RaftServerImpl for group-853976DD41B9:[42fc6e92-fcdd-4827-b621-9fc58a3d2315:192.168.36.79:44605] with ContainerStateMachine:uninitialized
2019-09-20 04:48:51,573 [pool-38-thread-1] INFO  server.RaftServerConfigKeys (ConfUtils.java:logGet(43)) - raft.server.rpc.timeout.min = 1s (custom)
2019-09-20 04:48:51,573 [pool-38-thread-1] INFO  server.RaftServerConfigKeys (ConfUtils.java:logGet(43)) - raft.server.rpc.timeout.max = 1200ms (custom)
2019-09-20 04:48:51,574 [pool-38-thread-1] INFO  server.RaftServerConfigKeys (ConfUtils.java:logGet(43)) - raft.server.rpcslowness.timeout = 120s (custom)
2019-09-20 04:48:51,574 [pool-38-thread-1] INFO  server.RaftServerConfigKeys (ConfUtils.java:logGet(43)) - raft.server.sleep.deviation.threshold = 300 (default)
2019-09-20 04:48:51,574 [pool-38-thread-1] INFO  server.RaftServerConfigKeys (ConfUtils.java:logGet(43)) - raft.server.log.appender.install.snapshot.enabled = false (custom)
2019-09-20 04:48:51,574 [pool-38-thread-1] INFO  impl.RaftServerImpl (ServerState.java:<init>(105)) - 42fc6e92-fcdd-4827-b621-9fc58a3d2315:group-853976DD41B9 ConfigurationManager, init=-1: [42fc6e92-fcdd-4827-b621-9fc58a3d2315:192.168.36.79:44605], old=null, confs=<EMPTY_MAP>
2019-09-20 04:48:51,574 [pool-38-thread-1] INFO  server.RaftServerConfigKeys (ConfUtils.java:logGet(43)) - raft.server.storage.dir = [/workdir/hadoop-ozone/integration-test/target/test-dir/MiniOzoneClusterImpl-c00aaa5b-d63b-4769-9462-6a4c88d2a8bf/datanode-1/data/ratis] (custom)
2019-09-20 04:48:51,574 [pool-38-thread-1] INFO  storage.RaftStorageDirectory (RaftStorageDirectory.java:analyzeStorage(246)) - The storage directory /workdir/hadoop-ozone/integration-test/target/test-dir/MiniOzoneClusterImpl-c00aaa5b-d63b-4769-9462-6a4c88d2a8bf/datanode-1/data/ratis/90bff523-9d49-4e2d-86a0-853976dd41b9 does not exist. Creating ...
2019-09-20 04:48:51,577 [2d6465ef-cffa-473a-a4c6-a9aa3f1a26c0-SegmentedRaftLogWorker:Storage Directory /workdir/hadoop-ozone/integration-test/target/test-dir/MiniOzoneClusterImpl-c00aaa5b-d63b-4769-9462-6a4c88d2a8bf/datanode-2/data/ratis/e21328e8-180e-4b1d-a09c-44d57819ce09] INFO  segmented.SegmentedRaftLogWorker (SegmentedRaftLogWorker.java:execute(569)) - 2d6465ef-cffa-473a-a4c6-a9aa3f1a26c0-SegmentedRaftLogWorker:Storage Directory /workdir/hadoop-ozone/integration-test/target/test-dir/MiniOzoneClusterImpl-c00aaa5b-d63b-4769-9462-6a4c88d2a8bf/datanode-2/data/ratis/e21328e8-180e-4b1d-a09c-44d57819ce09: created new log segment /workdir/hadoop-ozone/integration-test/target/test-dir/MiniOzoneClusterImpl-c00aaa5b-d63b-4769-9462-6a4c88d2a8bf/datanode-2/data/ratis/e21328e8-180e-4b1d-a09c-44d57819ce09/current/log_inprogress_0
2019-09-20 04:48:51,577 [42fc6e92-fcdd-4827-b621-9fc58a3d2315-SegmentedRaftLogWorker:Storage Directory /workdir/hadoop-ozone/integration-test/target/test-dir/MiniOzoneClusterImpl-c00aaa5b-d63b-4769-9462-6a4c88d2a8bf/datanode-1/data/ratis/553a60df-0054-4820-8f4c-ac8ac767f08c] INFO  segmented.SegmentedRaftLogWorker (SegmentedRaftLogWorker.java:execute(569)) - 42fc6e92-fcdd-4827-b621-9fc58a3d2315-SegmentedRaftLogWorker:Storage Directory /workdir/hadoop-ozone/integration-test/target/test-dir/MiniOzoneClusterImpl-c00aaa5b-d63b-4769-9462-6a4c88d2a8bf/datanode-1/data/ratis/553a60df-0054-4820-8f4c-ac8ac767f08c: created new log segment /workdir/hadoop-ozone/integration-test/target/test-dir/MiniOzoneClusterImpl-c00aaa5b-d63b-4769-9462-6a4c88d2a8bf/datanode-1/data/ratis/553a60df-0054-4820-8f4c-ac8ac767f08c/current/log_inprogress_0
2019-09-20 04:48:51,602 [pool-38-thread-1] INFO  storage.RaftStorageDirectory (RaftStorageDirectory.java:tryLock(328)) - Lock on /workdir/hadoop-ozone/integration-test/target/test-dir/MiniOzoneClusterImpl-c00aaa5b-d63b-4769-9462-6a4c88d2a8bf/datanode-1/data/ratis/90bff523-9d49-4e2d-86a0-853976dd41b9/in_use.lock acquired by nodename 9457@pr-hdds-1569-s8kj2-2266485376
2019-09-20 04:48:51,628 [pool-38-thread-1] INFO  storage.RaftStorage (RaftStorage.java:format(72)) - Storage directory /workdir/hadoop-ozone/integration-test/target/test-dir/MiniOzoneClusterImpl-c00aaa5b-d63b-4769-9462-6a4c88d2a8bf/datanode-1/data/ratis/90bff523-9d49-4e2d-86a0-853976dd41b9 has been successfully formatted.
2019-09-20 04:48:51,628 [pool-38-thread-1] INFO  ratis.ContainerStateMachine (ContainerStateMachine.java:loadSnapshot(226)) - group-853976DD41B9: The snapshot info is null. Setting the last applied indexto:(t:0, i:~)
2019-09-20 04:48:51,628 [pool-38-thread-1] INFO  server.RaftServerConfigKeys (ConfUtils.java:logGet(43)) - raft.server.leader.election.timeout = 120s (custom)
2019-09-20 04:48:51,629 [pool-38-thread-1] INFO  server.RaftServerConfigKeys (ConfUtils.java:logGet(43)) - raft.server.log.use.memory = false (default)
2019-09-20 04:48:51,629 [pool-38-thread-1] INFO  server.RaftServerConfigKeys (ConfUtils.java:logGet(43)) - raft.server.log.purge.gap = 1000000 (custom)
2019-09-20 04:48:51,629 [pool-38-thread-1] INFO  server.RaftServerConfigKeys (ConfUtils.java:logGet(43)) - raft.server.log.appender.buffer.byte-limit = 33554432 (custom)
2019-09-20 04:48:51,629 [pool-38-thread-1] INFO  server.RaftServerConfigKeys (ConfUtils.java:logGet(43)) - raft.server.log.segment.size.max = 1048576 (custom)
2019-09-20 04:48:51,629 [pool-38-thread-1] INFO  server.RaftServerConfigKeys (ConfUtils.java:logGet(43)) - raft.server.log.segment.cache.num.max = 2 (custom)
2019-09-20 04:48:51,629 [pool-38-thread-1] INFO  segmented.SegmentedRaftLogWorker (SegmentedRaftLogWorker.java:<init>(172)) - new 42fc6e92-fcdd-4827-b621-9fc58a3d2315-SegmentedRaftLogWorker:Storage Directory /workdir/hadoop-ozone/integration-test/target/test-dir/MiniOzoneClusterImpl-c00aaa5b-d63b-4769-9462-6a4c88d2a8bf/datanode-1/data/ratis/90bff523-9d49-4e2d-86a0-853976dd41b9 for RaftStorage:Storage Directory /workdir/hadoop-ozone/integration-test/target/test-dir/MiniOzoneClusterImpl-c00aaa5b-d63b-4769-9462-6a4c88d2a8bf/datanode-1/data/ratis/90bff523-9d49-4e2d-86a0-853976dd41b9
2019-09-20 04:48:51,629 [pool-38-thread-1] INFO  server.RaftServerConfigKeys (ConfUtils.java:logGet(43)) - raft.server.log.queue.byte-limit = 2147483647 (custom)
2019-09-20 04:48:51,629 [pool-38-thread-1] INFO  server.RaftServerConfigKeys (ConfUtils.java:logGet(43)) - raft.server.log.queue.element-limit = 1024 (custom)
2019-09-20 04:48:51,630 [pool-38-thread-1] INFO  server.RaftServerConfigKeys (ConfUtils.java:logGet(43)) - raft.server.log.segment.size.max = 1048576 (custom)
2019-09-20 04:48:51,630 [pool-38-thread-1] INFO  server.RaftServerConfigKeys (ConfUtils.java:logGet(43)) - raft.server.log.preallocated.size = 16384 (custom)
2019-09-20 04:48:51,630 [pool-38-thread-1] INFO  server.RaftServerConfigKeys (ConfUtils.java:logGet(43)) - raft.server.log.write.buffer.size = 33554432 (custom)
2019-09-20 04:48:51,630 [pool-38-thread-1] INFO  server.RaftServerConfigKeys (ConfUtils.java:logGet(43)) - raft.server.log.force.sync.num = 128 (default)
2019-09-20 04:48:51,630 [pool-38-thread-1] INFO  server.RaftServerConfigKeys (ConfUtils.java:logGet(43)) - raft.server.log.statemachine.data.sync = true (default)
2019-09-20 04:48:51,630 [pool-38-thread-1] INFO  server.RaftServerConfigKeys (ConfUtils.java:logGet(43)) - raft.server.log.statemachine.data.sync.timeout = 10s (default)
2019-09-20 04:48:51,630 [pool-38-thread-1] INFO  server.RaftServerConfigKeys (ConfUtils.java:logGet(43)) - raft.server.log.statemachine.data.sync.timeout.retry = -1 (default)
2019-09-20 04:48:51,631 [pool-38-thread-1] INFO  server.RaftServerConfigKeys (ConfUtils.java:logGet(43)) - raft.server.log.statemachine.data.caching.enabled = true (custom)
2019-09-20 04:48:51,631 [pool-38-thread-1] INFO  segmented.SegmentedRaftLogWorker (SegmentedRaftLogWorker.java:lambda$new$0(132)) - 42fc6e92-fcdd-4827-b621-9fc58a3d2315-SegmentedRaftLogWorker:Storage Directory /workdir/hadoop-ozone/integration-test/target/test-dir/MiniOzoneClusterImpl-c00aaa5b-d63b-4769-9462-6a4c88d2a8bf/datanode-1/data/ratis/90bff523-9d49-4e2d-86a0-853976dd41b9: flushIndex: setUnconditionally 0 -> -1
2019-09-20 04:48:51,631 [pool-38-thread-1] INFO  server.RaftServerConfigKeys (ConfUtils.java:logGet(43)) - raft.server.snapshot.auto.trigger.enabled = true (custom)
2019-09-20 04:48:51,631 [pool-38-thread-1] INFO  server.RaftServerConfigKeys (ConfUtils.java:logGet(43)) - raft.server.snapshot.auto.trigger.threshold = 10000 (custom)
2019-09-20 04:48:51,632 [pool-38-thread-1] INFO  server.RaftServerConfigKeys (ConfUtils.java:logGet(43)) - raft.server.retrycache.expirytime = 600000ms (custom)
2019-09-20 04:48:51,632 [pool-38-thread-1] INFO  impl.RaftServerImpl (RaftServerImpl.java:start(180)) - 42fc6e92-fcdd-4827-b621-9fc58a3d2315: start group-853976DD41B9
2019-09-20 04:48:51,632 [pool-38-thread-1] INFO  impl.RaftServerImpl (RaftServerImpl.java:setRole(171)) - 42fc6e92-fcdd-4827-b621-9fc58a3d2315:group-853976DD41B9 changes role from null to FOLLOWER at term 0 for startAsFollower
2019-09-20 04:48:51,632 [pool-38-thread-1] INFO  impl.RoleInfo (RoleInfo.java:updateAndGet(143)) - 42fc6e92-fcdd-4827-b621-9fc58a3d2315: start FollowerState
2019-09-20 04:48:51,633 [pool-38-thread-1] INFO  util.JmxRegister (JmxRegister.java:tryRegister(44)) - Successfully registered JMX Bean with object name Ratis:service=RaftServer,group=group-853976DD41B9,id=42fc6e92-fcdd-4827-b621-9fc58a3d2315
2019-09-20 04:48:51,637 [RatisPipelineUtilsThread] INFO  pipeline.PipelineStateManager (PipelineStateManager.java:addPipeline(56)) - Created pipeline Pipeline[ Id: 90bff523-9d49-4e2d-86a0-853976dd41b9, Nodes: 42fc6e92-fcdd-4827-b621-9fc58a3d2315{ip: 192.168.36.79, host: pr-hdds-1569-s8kj2-2266485376, networkLocation: /default-rack, certSerialId: null}, Type:RATIS, Factor:ONE, State:OPEN]
2019-09-20 04:48:51,642 [Thread-251] INFO  impl.FollowerState (FollowerState.java:run(106)) - 2702b462-69d8-4c1b-aae1-091a21fe08b8:group-A0734F0E16D1 changes to CANDIDATE, lastRpcTime:1111, electionTimeout:1111ms
2019-09-20 04:48:51,643 [Thread-251] INFO  impl.RoleInfo (RoleInfo.java:shutdownFollowerState(121)) - 2702b462-69d8-4c1b-aae1-091a21fe08b8: shutdown FollowerState
2019-09-20 04:48:51,643 [Thread-251] INFO  impl.RaftServerImpl (RaftServerImpl.java:setRole(171)) - 2702b462-69d8-4c1b-aae1-091a21fe08b8:group-A0734F0E16D1 changes role from FOLLOWER to CANDIDATE at term 0 for changeToCandidate
2019-09-20 04:48:51,643 [Thread-251] INFO  impl.RoleInfo (RoleInfo.java:updateAndGet(143)) - 2702b462-69d8-4c1b-aae1-091a21fe08b8: start LeaderElection
2019-09-20 04:48:51,651 | INFO  | SCMAudit | user=jenkins1000 | ip=192.168.36.79 | op=SEND_HEARTBEAT {datanodeUUID=2702b462-69d8-4c1b-aae1-091a21fe08b8, command=[]} | ret=SUCCESS |  
2019-09-20 04:48:51,651 | INFO  | SCMAudit | user=jenkins1000 | ip=192.168.36.79 | op=SEND_HEARTBEAT {datanodeUUID=2d6465ef-cffa-473a-a4c6-a9aa3f1a26c0, command=[]} | ret=SUCCESS |  
2019-09-20 04:48:51,657 [grpc-default-executor-1] INFO  impl.RaftServerProxy (RaftServerProxy.java:addNew(89)) - 2d6465ef-cffa-473a-a4c6-a9aa3f1a26c0: addNew group-13B499A3F4E9:[2d6465ef-cffa-473a-a4c6-a9aa3f1a26c0:192.168.36.79:46837] returns group-13B499A3F4E9:java.util.concurrent.CompletableFuture@3a5b3076[Not completed]
2019-09-20 04:48:51,658 [pool-49-thread-1] INFO  impl.RaftServerImpl (RaftServerImpl.java:<init>(93)) - 2d6465ef-cffa-473a-a4c6-a9aa3f1a26c0: new RaftServerImpl for group-13B499A3F4E9:[2d6465ef-cffa-473a-a4c6-a9aa3f1a26c0:192.168.36.79:46837] with ContainerStateMachine:uninitialized
2019-09-20 04:48:51,658 [pool-49-thread-1] INFO  server.RaftServerConfigKeys (ConfUtils.java:logGet(43)) - raft.server.rpc.timeout.min = 1s (custom)
2019-09-20 04:48:51,658 [pool-49-thread-1] INFO  server.RaftServerConfigKeys (ConfUtils.java:logGet(43)) - raft.server.rpc.timeout.max = 1200ms (custom)
2019-09-20 04:48:51,658 [pool-49-thread-1] INFO  server.RaftServerConfigKeys (ConfUtils.java:logGet(43)) - raft.server.rpcslowness.timeout = 120s (custom)
2019-09-20 04:48:51,658 [pool-49-thread-1] INFO  server.RaftServerConfigKeys (ConfUtils.java:logGet(43)) - raft.server.sleep.deviation.threshold = 300 (default)
2019-09-20 04:48:51,658 [pool-49-thread-1] INFO  server.RaftServerConfigKeys (ConfUtils.java:logGet(43)) - raft.server.log.appender.install.snapshot.enabled = false (custom)
2019-09-20 04:48:51,658 [pool-49-thread-1] INFO  impl.RaftServerImpl (ServerState.java:<init>(105)) - 2d6465ef-cffa-473a-a4c6-a9aa3f1a26c0:group-13B499A3F4E9 ConfigurationManager, init=-1: [2d6465ef-cffa-473a-a4c6-a9aa3f1a26c0:192.168.36.79:46837], old=null, confs=<EMPTY_MAP>
2019-09-20 04:48:51,659 [pool-49-thread-1] INFO  server.RaftServerConfigKeys (ConfUtils.java:logGet(43)) - raft.server.storage.dir = [/workdir/hadoop-ozone/integration-test/target/test-dir/MiniOzoneClusterImpl-c00aaa5b-d63b-4769-9462-6a4c88d2a8bf/datanode-2/data/ratis] (custom)
2019-09-20 04:48:51,659 [pool-49-thread-1] INFO  storage.RaftStorageDirectory (RaftStorageDirectory.java:analyzeStorage(246)) - The storage directory /workdir/hadoop-ozone/integration-test/target/test-dir/MiniOzoneClusterImpl-c00aaa5b-d63b-4769-9462-6a4c88d2a8bf/datanode-2/data/ratis/0d4fbcfa-44f0-451b-adee-13b499a3f4e9 does not exist. Creating ...
2019-09-20 04:48:51,670 [2702b462-69d8-4c1b-aae1-091a21fe08b8:group-A0734F0E16D1:LeaderElection5] INFO  impl.LeaderElection (LeaderElection.java:askForVotes(181)) - 2702b462-69d8-4c1b-aae1-091a21fe08b8:group-A0734F0E16D1:LeaderElection5: begin an election at term 1 for -1: [2702b462-69d8-4c1b-aae1-091a21fe08b8:192.168.36.79:42637], old=null
2019-09-20 04:48:51,670 [2702b462-69d8-4c1b-aae1-091a21fe08b8:group-A0734F0E16D1:LeaderElection5] INFO  impl.RoleInfo (RoleInfo.java:shutdownLeaderElection(134)) - 2702b462-69d8-4c1b-aae1-091a21fe08b8: shutdown LeaderElection
2019-09-20 04:48:51,670 [2702b462-69d8-4c1b-aae1-091a21fe08b8:group-A0734F0E16D1:LeaderElection5] INFO  impl.RaftServerImpl (RaftServerImpl.java:setRole(171)) - 2702b462-69d8-4c1b-aae1-091a21fe08b8:group-A0734F0E16D1 changes role from CANDIDATE to LEADER at term 1 for changeToLeader
2019-09-20 04:48:51,670 [2702b462-69d8-4c1b-aae1-091a21fe08b8:group-A0734F0E16D1:LeaderElection5] INFO  impl.RaftServerImpl (ServerState.java:setLeader(263)) - 2702b462-69d8-4c1b-aae1-091a21fe08b8:group-A0734F0E16D1 change Leader from null to 2702b462-69d8-4c1b-aae1-091a21fe08b8 at term 1 for becomeLeader, leader elected after 1145ms
2019-09-20 04:48:51,671 [2702b462-69d8-4c1b-aae1-091a21fe08b8:group-A0734F0E16D1:LeaderElection5] INFO  server.RaftServerConfigKeys (ConfUtils.java:logGet(43)) - raft.server.staging.catchup.gap = 1000 (default)
2019-09-20 04:48:51,671 [2702b462-69d8-4c1b-aae1-091a21fe08b8:group-A0734F0E16D1:LeaderElection5] INFO  server.RaftServerConfigKeys (ConfUtils.java:logGet(43)) - raft.server.rpc.sleep.time = 25ms (default)
2019-09-20 04:48:51,672 [2702b462-69d8-4c1b-aae1-091a21fe08b8:group-A0734F0E16D1:LeaderElection5] INFO  server.RaftServerConfigKeys (ConfUtils.java:logGet(43)) - raft.server.write.element-limit = 4096 (default)
2019-09-20 04:48:51,672 [2702b462-69d8-4c1b-aae1-091a21fe08b8:group-A0734F0E16D1:LeaderElection5] INFO  server.RaftServerConfigKeys (ConfUtils.java:logGet(43)) - raft.server.watch.timeout = 10s (default)
2019-09-20 04:48:51,672 [2702b462-69d8-4c1b-aae1-091a21fe08b8:group-A0734F0E16D1:LeaderElection5] INFO  server.RaftServerConfigKeys (ConfUtils.java:logGet(43)) - raft.server.watch.timeout.denomination = 1s (default)
2019-09-20 04:48:51,672 [2702b462-69d8-4c1b-aae1-091a21fe08b8:group-A0734F0E16D1:LeaderElection5] INFO  server.RaftServerConfigKeys (ConfUtils.java:logGet(43)) - raft.server.watch.element-limit = 65536 (default)
2019-09-20 04:48:51,672 [2702b462-69d8-4c1b-aae1-091a21fe08b8:group-A0734F0E16D1:LeaderElection5] INFO  impl.RoleInfo (RoleInfo.java:updateAndGet(143)) - 2702b462-69d8-4c1b-aae1-091a21fe08b8: start LeaderState
2019-09-20 04:48:51,672 [2702b462-69d8-4c1b-aae1-091a21fe08b8:group-A0734F0E16D1:LeaderElection5] INFO  segmented.SegmentedRaftLogWorker (SegmentedRaftLogWorker.java:startLogSegment(380)) - 2702b462-69d8-4c1b-aae1-091a21fe08b8-SegmentedRaftLogWorker:Storage Directory /workdir/hadoop-ozone/integration-test/target/test-dir/MiniOzoneClusterImpl-c00aaa5b-d63b-4769-9462-6a4c88d2a8bf/datanode-3/data/ratis/6216c28c-cc51-48b8-bb54-a0734f0e16d1: Starting segment from index:0
2019-09-20 04:48:51,673 [2702b462-69d8-4c1b-aae1-091a21fe08b8:group-A0734F0E16D1:LeaderElection5] INFO  impl.RaftServerImpl (ServerState.java:setRaftConf(361)) - 2702b462-69d8-4c1b-aae1-091a21fe08b8:group-A0734F0E16D1 set configuration 0: [2702b462-69d8-4c1b-aae1-091a21fe08b8:192.168.36.79:42637], old=null at 0
2019-09-20 04:48:51,696 [pool-49-thread-1] INFO  storage.RaftStorageDirectory (RaftStorageDirectory.java:tryLock(328)) - Lock on /workdir/hadoop-ozone/integration-test/target/test-dir/MiniOzoneClusterImpl-c00aaa5b-d63b-4769-9462-6a4c88d2a8bf/datanode-2/data/ratis/0d4fbcfa-44f0-451b-adee-13b499a3f4e9/in_use.lock acquired by nodename 9457@pr-hdds-1569-s8kj2-2266485376
2019-09-20 04:48:51,721 [2702b462-69d8-4c1b-aae1-091a21fe08b8-SegmentedRaftLogWorker:Storage Directory /workdir/hadoop-ozone/integration-test/target/test-dir/MiniOzoneClusterImpl-c00aaa5b-d63b-4769-9462-6a4c88d2a8bf/datanode-3/data/ratis/6216c28c-cc51-48b8-bb54-a0734f0e16d1] INFO  segmented.SegmentedRaftLogWorker (SegmentedRaftLogWorker.java:execute(569)) - 2702b462-69d8-4c1b-aae1-091a21fe08b8-SegmentedRaftLogWorker:Storage Directory /workdir/hadoop-ozone/integration-test/target/test-dir/MiniOzoneClusterImpl-c00aaa5b-d63b-4769-9462-6a4c88d2a8bf/datanode-3/data/ratis/6216c28c-cc51-48b8-bb54-a0734f0e16d1: created new log segment /workdir/hadoop-ozone/integration-test/target/test-dir/MiniOzoneClusterImpl-c00aaa5b-d63b-4769-9462-6a4c88d2a8bf/datanode-3/data/ratis/6216c28c-cc51-48b8-bb54-a0734f0e16d1/current/log_inprogress_0
2019-09-20 04:48:51,721 [pool-49-thread-1] INFO  storage.RaftStorage (RaftStorage.java:format(72)) - Storage directory /workdir/hadoop-ozone/integration-test/target/test-dir/MiniOzoneClusterImpl-c00aaa5b-d63b-4769-9462-6a4c88d2a8bf/datanode-2/data/ratis/0d4fbcfa-44f0-451b-adee-13b499a3f4e9 has been successfully formatted.
2019-09-20 04:48:51,721 [pool-49-thread-1] INFO  ratis.ContainerStateMachine (ContainerStateMachine.java:loadSnapshot(226)) - group-13B499A3F4E9: The snapshot info is null. Setting the last applied indexto:(t:0, i:~)
2019-09-20 04:48:51,725 [pool-49-thread-1] INFO  server.RaftServerConfigKeys (ConfUtils.java:logGet(43)) - raft.server.leader.election.timeout = 120s (custom)
2019-09-20 04:48:51,726 [pool-49-thread-1] INFO  server.RaftServerConfigKeys (ConfUtils.java:logGet(43)) - raft.server.log.use.memory = false (default)
2019-09-20 04:48:51,726 [pool-49-thread-1] INFO  server.RaftServerConfigKeys (ConfUtils.java:logGet(43)) - raft.server.log.purge.gap = 1000000 (custom)
2019-09-20 04:48:51,726 [pool-49-thread-1] INFO  server.RaftServerConfigKeys (ConfUtils.java:logGet(43)) - raft.server.log.appender.buffer.byte-limit = 33554432 (custom)
2019-09-20 04:48:51,726 [pool-49-thread-1] INFO  server.RaftServerConfigKeys (ConfUtils.java:logGet(43)) - raft.server.log.segment.size.max = 1048576 (custom)
2019-09-20 04:48:51,726 [pool-49-thread-1] INFO  server.RaftServerConfigKeys (ConfUtils.java:logGet(43)) - raft.server.log.segment.cache.num.max = 2 (custom)
2019-09-20 04:48:51,726 [pool-49-thread-1] INFO  segmented.SegmentedRaftLogWorker (SegmentedRaftLogWorker.java:<init>(172)) - new 2d6465ef-cffa-473a-a4c6-a9aa3f1a26c0-SegmentedRaftLogWorker:Storage Directory /workdir/hadoop-ozone/integration-test/target/test-dir/MiniOzoneClusterImpl-c00aaa5b-d63b-4769-9462-6a4c88d2a8bf/datanode-2/data/ratis/0d4fbcfa-44f0-451b-adee-13b499a3f4e9 for RaftStorage:Storage Directory /workdir/hadoop-ozone/integration-test/target/test-dir/MiniOzoneClusterImpl-c00aaa5b-d63b-4769-9462-6a4c88d2a8bf/datanode-2/data/ratis/0d4fbcfa-44f0-451b-adee-13b499a3f4e9
2019-09-20 04:48:51,726 [pool-49-thread-1] INFO  server.RaftServerConfigKeys (ConfUtils.java:logGet(43)) - raft.server.log.queue.byte-limit = 2147483647 (custom)
2019-09-20 04:48:51,726 [pool-49-thread-1] INFO  server.RaftServerConfigKeys (ConfUtils.java:logGet(43)) - raft.server.log.queue.element-limit = 1024 (custom)
2019-09-20 04:48:51,727 [pool-49-thread-1] INFO  server.RaftServerConfigKeys (ConfUtils.java:logGet(43)) - raft.server.log.segment.size.max = 1048576 (custom)
2019-09-20 04:48:51,727 [pool-49-thread-1] INFO  server.RaftServerConfigKeys (ConfUtils.java:logGet(43)) - raft.server.log.preallocated.size = 16384 (custom)
2019-09-20 04:48:51,727 [pool-49-thread-1] INFO  server.RaftServerConfigKeys (ConfUtils.java:logGet(43)) - raft.server.log.write.buffer.size = 33554432 (custom)
2019-09-20 04:48:51,727 [pool-49-thread-1] INFO  server.RaftServerConfigKeys (ConfUtils.java:logGet(43)) - raft.server.log.force.sync.num = 128 (default)
2019-09-20 04:48:51,727 [pool-49-thread-1] INFO  server.RaftServerConfigKeys (ConfUtils.java:logGet(43)) - raft.server.log.statemachine.data.sync = true (default)
2019-09-20 04:48:51,727 [pool-49-thread-1] INFO  server.RaftServerConfigKeys (ConfUtils.java:logGet(43)) - raft.server.log.statemachine.data.sync.timeout = 10s (default)
2019-09-20 04:48:51,727 [pool-49-thread-1] INFO  server.RaftServerConfigKeys (ConfUtils.java:logGet(43)) - raft.server.log.statemachine.data.sync.timeout.retry = -1 (default)
2019-09-20 04:48:51,728 [pool-49-thread-1] INFO  server.RaftServerConfigKeys (ConfUtils.java:logGet(43)) - raft.server.log.statemachine.data.caching.enabled = true (custom)
2019-09-20 04:48:51,728 [pool-49-thread-1] INFO  segmented.SegmentedRaftLogWorker (SegmentedRaftLogWorker.java:lambda$new$0(132)) - 2d6465ef-cffa-473a-a4c6-a9aa3f1a26c0-SegmentedRaftLogWorker:Storage Directory /workdir/hadoop-ozone/integration-test/target/test-dir/MiniOzoneClusterImpl-c00aaa5b-d63b-4769-9462-6a4c88d2a8bf/datanode-2/data/ratis/0d4fbcfa-44f0-451b-adee-13b499a3f4e9: flushIndex: setUnconditionally 0 -> -1
2019-09-20 04:48:51,728 [pool-49-thread-1] INFO  server.RaftServerConfigKeys (ConfUtils.java:logGet(43)) - raft.server.snapshot.auto.trigger.enabled = true (custom)
2019-09-20 04:48:51,728 [pool-49-thread-1] INFO  server.RaftServerConfigKeys (ConfUtils.java:logGet(43)) - raft.server.snapshot.auto.trigger.threshold = 10000 (custom)
2019-09-20 04:48:51,729 [pool-49-thread-1] INFO  server.RaftServerConfigKeys (ConfUtils.java:logGet(43)) - raft.server.retrycache.expirytime = 600000ms (custom)
2019-09-20 04:48:51,729 [pool-49-thread-1] INFO  impl.RaftServerImpl (RaftServerImpl.java:start(180)) - 2d6465ef-cffa-473a-a4c6-a9aa3f1a26c0: start group-13B499A3F4E9
2019-09-20 04:48:51,729 [pool-49-thread-1] INFO  impl.RaftServerImpl (RaftServerImpl.java:setRole(171)) - 2d6465ef-cffa-473a-a4c6-a9aa3f1a26c0:group-13B499A3F4E9 changes role from null to FOLLOWER at term 0 for startAsFollower
2019-09-20 04:48:51,729 [pool-49-thread-1] INFO  impl.RoleInfo (RoleInfo.java:updateAndGet(143)) - 2d6465ef-cffa-473a-a4c6-a9aa3f1a26c0: start FollowerState
2019-09-20 04:48:51,729 [pool-49-thread-1] INFO  util.JmxRegister (JmxRegister.java:tryRegister(44)) - Successfully registered JMX Bean with object name Ratis:service=RaftServer,group=group-13B499A3F4E9,id=2d6465ef-cffa-473a-a4c6-a9aa3f1a26c0
2019-09-20 04:48:51,734 [RatisPipelineUtilsThread] INFO  pipeline.PipelineStateManager (PipelineStateManager.java:addPipeline(56)) - Created pipeline Pipeline[ Id: 0d4fbcfa-44f0-451b-adee-13b499a3f4e9, Nodes: 2d6465ef-cffa-473a-a4c6-a9aa3f1a26c0{ip: 192.168.36.79, host: pr-hdds-1569-s8kj2-2266485376, networkLocation: /default-rack, certSerialId: null}, Type:RATIS, Factor:ONE, State:OPEN]
2019-09-20 04:48:51,745 [grpc-default-executor-1] INFO  impl.RaftServerProxy (RaftServerProxy.java:addNew(89)) - 2702b462-69d8-4c1b-aae1-091a21fe08b8: addNew group-65DC4E79FA5E:[2702b462-69d8-4c1b-aae1-091a21fe08b8:192.168.36.79:42637] returns group-65DC4E79FA5E:java.util.concurrent.CompletableFuture@483c8bf[Not completed]
2019-09-20 04:48:51,746 [pool-60-thread-1] INFO  impl.RaftServerImpl (RaftServerImpl.java:<init>(93)) - 2702b462-69d8-4c1b-aae1-091a21fe08b8: new RaftServerImpl for group-65DC4E79FA5E:[2702b462-69d8-4c1b-aae1-091a21fe08b8:192.168.36.79:42637] with ContainerStateMachine:uninitialized
2019-09-20 04:48:51,747 [pool-60-thread-1] INFO  server.RaftServerConfigKeys (ConfUtils.java:logGet(43)) - raft.server.rpc.timeout.min = 1s (custom)
2019-09-20 04:48:51,747 [pool-60-thread-1] INFO  server.RaftServerConfigKeys (ConfUtils.java:logGet(43)) - raft.server.rpc.timeout.max = 1200ms (custom)
2019-09-20 04:48:51,747 [pool-60-thread-1] INFO  server.RaftServerConfigKeys (ConfUtils.java:logGet(43)) - raft.server.rpcslowness.timeout = 120s (custom)
2019-09-20 04:48:51,747 [pool-60-thread-1] INFO  server.RaftServerConfigKeys (ConfUtils.java:logGet(43)) - raft.server.sleep.deviation.threshold = 300 (default)
2019-09-20 04:48:51,747 [pool-60-thread-1] INFO  server.RaftServerConfigKeys (ConfUtils.java:logGet(43)) - raft.server.log.appender.install.snapshot.enabled = false (custom)
2019-09-20 04:48:51,748 [pool-60-thread-1] INFO  impl.RaftServerImpl (ServerState.java:<init>(105)) - 2702b462-69d8-4c1b-aae1-091a21fe08b8:group-65DC4E79FA5E ConfigurationManager, init=-1: [2702b462-69d8-4c1b-aae1-091a21fe08b8:192.168.36.79:42637], old=null, confs=<EMPTY_MAP>
2019-09-20 04:48:51,748 [pool-60-thread-1] INFO  server.RaftServerConfigKeys (ConfUtils.java:logGet(43)) - raft.server.storage.dir = [/workdir/hadoop-ozone/integration-test/target/test-dir/MiniOzoneClusterImpl-c00aaa5b-d63b-4769-9462-6a4c88d2a8bf/datanode-3/data/ratis] (custom)
2019-09-20 04:48:51,748 [pool-60-thread-1] INFO  storage.RaftStorageDirectory (RaftStorageDirectory.java:analyzeStorage(246)) - The storage directory /workdir/hadoop-ozone/integration-test/target/test-dir/MiniOzoneClusterImpl-c00aaa5b-d63b-4769-9462-6a4c88d2a8bf/datanode-3/data/ratis/3b3e26c8-5f91-4be5-aab8-65dc4e79fa5e does not exist. Creating ...
2019-09-20 04:48:51,752 | INFO  | SCMAudit | user=jenkins1000 | ip=192.168.36.79 | op=SEND_HEARTBEAT {datanodeUUID=1d91ad97-6666-4ee7-855a-8b5e944e7401, command=[]} | ret=SUCCESS |  
2019-09-20 04:48:51,763 [pool-60-thread-1] INFO  storage.RaftStorageDirectory (RaftStorageDirectory.java:tryLock(328)) - Lock on /workdir/hadoop-ozone/integration-test/target/test-dir/MiniOzoneClusterImpl-c00aaa5b-d63b-4769-9462-6a4c88d2a8bf/datanode-3/data/ratis/3b3e26c8-5f91-4be5-aab8-65dc4e79fa5e/in_use.lock acquired by nodename 9457@pr-hdds-1569-s8kj2-2266485376
2019-09-20 04:48:51,788 [pool-60-thread-1] INFO  storage.RaftStorage (RaftStorage.java:format(72)) - Storage directory /workdir/hadoop-ozone/integration-test/target/test-dir/MiniOzoneClusterImpl-c00aaa5b-d63b-4769-9462-6a4c88d2a8bf/datanode-3/data/ratis/3b3e26c8-5f91-4be5-aab8-65dc4e79fa5e has been successfully formatted.
2019-09-20 04:48:51,789 [pool-60-thread-1] INFO  ratis.ContainerStateMachine (ContainerStateMachine.java:loadSnapshot(226)) - group-65DC4E79FA5E: The snapshot info is null. Setting the last applied indexto:(t:0, i:~)
2019-09-20 04:48:51,789 [pool-60-thread-1] INFO  server.RaftServerConfigKeys (ConfUtils.java:logGet(43)) - raft.server.leader.election.timeout = 120s (custom)
2019-09-20 04:48:51,789 [pool-60-thread-1] INFO  server.RaftServerConfigKeys (ConfUtils.java:logGet(43)) - raft.server.log.use.memory = false (default)
2019-09-20 04:48:51,789 [pool-60-thread-1] INFO  server.RaftServerConfigKeys (ConfUtils.java:logGet(43)) - raft.server.log.purge.gap = 1000000 (custom)
2019-09-20 04:48:51,789 [pool-60-thread-1] INFO  server.RaftServerConfigKeys (ConfUtils.java:logGet(43)) - raft.server.log.appender.buffer.byte-limit = 33554432 (custom)
2019-09-20 04:48:51,790 [pool-60-thread-1] INFO  server.RaftServerConfigKeys (ConfUtils.java:logGet(43)) - raft.server.log.segment.size.max = 1048576 (custom)
2019-09-20 04:48:51,790 [pool-60-thread-1] INFO  server.RaftServerConfigKeys (ConfUtils.java:logGet(43)) - raft.server.log.segment.cache.num.max = 2 (custom)
2019-09-20 04:48:51,790 [pool-60-thread-1] INFO  segmented.SegmentedRaftLogWorker (SegmentedRaftLogWorker.java:<init>(172)) - new 2702b462-69d8-4c1b-aae1-091a21fe08b8-SegmentedRaftLogWorker:Storage Directory /workdir/hadoop-ozone/integration-test/target/test-dir/MiniOzoneClusterImpl-c00aaa5b-d63b-4769-9462-6a4c88d2a8bf/datanode-3/data/ratis/3b3e26c8-5f91-4be5-aab8-65dc4e79fa5e for RaftStorage:Storage Directory /workdir/hadoop-ozone/integration-test/target/test-dir/MiniOzoneClusterImpl-c00aaa5b-d63b-4769-9462-6a4c88d2a8bf/datanode-3/data/ratis/3b3e26c8-5f91-4be5-aab8-65dc4e79fa5e
2019-09-20 04:48:51,790 [pool-60-thread-1] INFO  server.RaftServerConfigKeys (ConfUtils.java:logGet(43)) - raft.server.log.queue.byte-limit = 2147483647 (custom)
2019-09-20 04:48:51,790 [pool-60-thread-1] INFO  server.RaftServerConfigKeys (ConfUtils.java:logGet(43)) - raft.server.log.queue.element-limit = 1024 (custom)
2019-09-20 04:48:51,790 [pool-60-thread-1] INFO  server.RaftServerConfigKeys (ConfUtils.java:logGet(43)) - raft.server.log.segment.size.max = 1048576 (custom)
2019-09-20 04:48:51,790 [pool-60-thread-1] INFO  server.RaftServerConfigKeys (ConfUtils.java:logGet(43)) - raft.server.log.preallocated.size = 16384 (custom)
2019-09-20 04:48:51,791 [pool-60-thread-1] INFO  server.RaftServerConfigKeys (ConfUtils.java:logGet(43)) - raft.server.log.write.buffer.size = 33554432 (custom)
2019-09-20 04:48:51,791 [pool-60-thread-1] INFO  server.RaftServerConfigKeys (ConfUtils.java:logGet(43)) - raft.server.log.force.sync.num = 128 (default)
2019-09-20 04:48:51,791 [pool-60-thread-1] INFO  server.RaftServerConfigKeys (ConfUtils.java:logGet(43)) - raft.server.log.statemachine.data.sync = true (default)
2019-09-20 04:48:51,791 [pool-60-thread-1] INFO  server.RaftServerConfigKeys (ConfUtils.java:logGet(43)) - raft.server.log.statemachine.data.sync.timeout = 10s (default)
2019-09-20 04:48:51,791 [pool-60-thread-1] INFO  server.RaftServerConfigKeys (ConfUtils.java:logGet(43)) - raft.server.log.statemachine.data.sync.timeout.retry = -1 (default)
2019-09-20 04:48:51,791 [pool-60-thread-1] INFO  server.RaftServerConfigKeys (ConfUtils.java:logGet(43)) - raft.server.log.statemachine.data.caching.enabled = true (custom)
2019-09-20 04:48:51,792 [pool-60-thread-1] INFO  segmented.SegmentedRaftLogWorker (SegmentedRaftLogWorker.java:lambda$new$0(132)) - 2702b462-69d8-4c1b-aae1-091a21fe08b8-SegmentedRaftLogWorker:Storage Directory /workdir/hadoop-ozone/integration-test/target/test-dir/MiniOzoneClusterImpl-c00aaa5b-d63b-4769-9462-6a4c88d2a8bf/datanode-3/data/ratis/3b3e26c8-5f91-4be5-aab8-65dc4e79fa5e: flushIndex: setUnconditionally 0 -> -1
2019-09-20 04:48:51,793 [pool-60-thread-1] INFO  server.RaftServerConfigKeys (ConfUtils.java:logGet(43)) - raft.server.snapshot.auto.trigger.enabled = true (custom)
2019-09-20 04:48:51,794 [pool-60-thread-1] INFO  server.RaftServerConfigKeys (ConfUtils.java:logGet(43)) - raft.server.snapshot.auto.trigger.threshold = 10000 (custom)
2019-09-20 04:48:51,794 [pool-60-thread-1] INFO  server.RaftServerConfigKeys (ConfUtils.java:logGet(43)) - raft.server.retrycache.expirytime = 600000ms (custom)
2019-09-20 04:48:51,794 [pool-60-thread-1] INFO  impl.RaftServerImpl (RaftServerImpl.java:start(180)) - 2702b462-69d8-4c1b-aae1-091a21fe08b8: start group-65DC4E79FA5E
2019-09-20 04:48:51,794 [pool-60-thread-1] INFO  impl.RaftServerImpl (RaftServerImpl.java:setRole(171)) - 2702b462-69d8-4c1b-aae1-091a21fe08b8:group-65DC4E79FA5E changes role from null to FOLLOWER at term 0 for startAsFollower
2019-09-20 04:48:51,794 [pool-60-thread-1] INFO  impl.RoleInfo (RoleInfo.java:updateAndGet(143)) - 2702b462-69d8-4c1b-aae1-091a21fe08b8: start FollowerState
2019-09-20 04:48:51,795 [pool-60-thread-1] INFO  util.JmxRegister (JmxRegister.java:tryRegister(44)) - Successfully registered JMX Bean with object name Ratis:service=RaftServer,group=group-65DC4E79FA5E,id=2702b462-69d8-4c1b-aae1-091a21fe08b8
2019-09-20 04:48:51,809 [RatisPipelineUtilsThread] INFO  pipeline.PipelineStateManager (PipelineStateManager.java:addPipeline(56)) - Created pipeline Pipeline[ Id: 3b3e26c8-5f91-4be5-aab8-65dc4e79fa5e, Nodes: 2702b462-69d8-4c1b-aae1-091a21fe08b8{ip: 192.168.36.79, host: pr-hdds-1569-s8kj2-2266485376, networkLocation: /default-rack, certSerialId: null}, Type:RATIS, Factor:ONE, State:OPEN]
2019-09-20 04:48:51,815 [Thread-254] INFO  impl.FollowerState (FollowerState.java:run(106)) - 2d6465ef-cffa-473a-a4c6-a9aa3f1a26c0:group-765367481936 changes to CANDIDATE, lastRpcTime:1192, electionTimeout:1192ms
2019-09-20 04:48:51,815 [Thread-254] INFO  impl.RoleInfo (RoleInfo.java:shutdownFollowerState(121)) - 2d6465ef-cffa-473a-a4c6-a9aa3f1a26c0: shutdown FollowerState
2019-09-20 04:48:51,816 [Thread-254] INFO  impl.RaftServerImpl (RaftServerImpl.java:setRole(171)) - 2d6465ef-cffa-473a-a4c6-a9aa3f1a26c0:group-765367481936 changes role from FOLLOWER to CANDIDATE at term 0 for changeToCandidate
2019-09-20 04:48:51,816 [Thread-254] INFO  impl.RoleInfo (RoleInfo.java:updateAndGet(143)) - 2d6465ef-cffa-473a-a4c6-a9aa3f1a26c0: start LeaderElection
2019-09-20 04:48:51,833 [Thread-258] INFO  impl.FollowerState (FollowerState.java:run(106)) - eaf3ecbe-c3b1-4969-ad3a-e4de7fb04f81:group-2EE322C970EA changes to CANDIDATE, lastRpcTime:1128, electionTimeout:1127ms
2019-09-20 04:48:51,833 [Thread-261] INFO  impl.FollowerState (FollowerState.java:run(106)) - 42fc6e92-fcdd-4827-b621-9fc58a3d2315:group-3565339F237F changes to CANDIDATE, lastRpcTime:1036, electionTimeout:1035ms
2019-09-20 04:48:51,833 [Thread-258] INFO  impl.RoleInfo (RoleInfo.java:shutdownFollowerState(121)) - eaf3ecbe-c3b1-4969-ad3a-e4de7fb04f81: shutdown FollowerState
2019-09-20 04:48:51,834 [Thread-261] INFO  impl.RoleInfo (RoleInfo.java:shutdownFollowerState(121)) - 42fc6e92-fcdd-4827-b621-9fc58a3d2315: shutdown FollowerState
2019-09-20 04:48:51,839 [Thread-258] INFO  impl.RaftServerImpl (RaftServerImpl.java:setRole(171)) - eaf3ecbe-c3b1-4969-ad3a-e4de7fb04f81:group-2EE322C970EA changes role from FOLLOWER to CANDIDATE at term 0 for changeToCandidate
2019-09-20 04:48:51,839 [Thread-261] INFO  impl.RaftServerImpl (RaftServerImpl.java:setRole(171)) - 42fc6e92-fcdd-4827-b621-9fc58a3d2315:group-3565339F237F changes role from FOLLOWER to CANDIDATE at term 0 for changeToCandidate
2019-09-20 04:48:51,839 [Thread-258] INFO  impl.RoleInfo (RoleInfo.java:updateAndGet(143)) - eaf3ecbe-c3b1-4969-ad3a-e4de7fb04f81: start LeaderElection
2019-09-20 04:48:51,839 [Thread-261] INFO  impl.RoleInfo (RoleInfo.java:updateAndGet(143)) - 42fc6e92-fcdd-4827-b621-9fc58a3d2315: start LeaderElection
2019-09-20 04:48:51,855 [grpc-default-executor-1] INFO  impl.RaftServerProxy (RaftServerProxy.java:addNew(89)) - 2d6465ef-cffa-473a-a4c6-a9aa3f1a26c0: addNew group-6F2260788BBB:[2d6465ef-cffa-473a-a4c6-a9aa3f1a26c0:192.168.36.79:46837] returns group-6F2260788BBB:java.util.concurrent.CompletableFuture@3d985af6[Not completed]
2019-09-20 04:48:51,856 [pool-49-thread-1] INFO  impl.RaftServerImpl (RaftServerImpl.java:<init>(93)) - 2d6465ef-cffa-473a-a4c6-a9aa3f1a26c0: new RaftServerImpl for group-6F2260788BBB:[2d6465ef-cffa-473a-a4c6-a9aa3f1a26c0:192.168.36.79:46837] with ContainerStateMachine:uninitialized
2019-09-20 04:48:51,856 [pool-49-thread-1] INFO  server.RaftServerConfigKeys (ConfUtils.java:logGet(43)) - raft.server.rpc.timeout.min = 1s (custom)
2019-09-20 04:48:51,856 [pool-49-thread-1] INFO  server.RaftServerConfigKeys (ConfUtils.java:logGet(43)) - raft.server.rpc.timeout.max = 1200ms (custom)
2019-09-20 04:48:51,856 [pool-49-thread-1] INFO  server.RaftServerConfigKeys (ConfUtils.java:logGet(43)) - raft.server.rpcslowness.timeout = 120s (custom)
2019-09-20 04:48:51,857 [pool-49-thread-1] INFO  server.RaftServerConfigKeys (ConfUtils.java:logGet(43)) - raft.server.sleep.deviation.threshold = 300 (default)
2019-09-20 04:48:51,857 [pool-49-thread-1] INFO  server.RaftServerConfigKeys (ConfUtils.java:logGet(43)) - raft.server.log.appender.install.snapshot.enabled = false (custom)
2019-09-20 04:48:51,857 [pool-49-thread-1] INFO  impl.RaftServerImpl (ServerState.java:<init>(105)) - 2d6465ef-cffa-473a-a4c6-a9aa3f1a26c0:group-6F2260788BBB ConfigurationManager, init=-1: [2d6465ef-cffa-473a-a4c6-a9aa3f1a26c0:192.168.36.79:46837], old=null, confs=<EMPTY_MAP>
2019-09-20 04:48:51,857 [pool-49-thread-1] INFO  server.RaftServerConfigKeys (ConfUtils.java:logGet(43)) - raft.server.storage.dir = [/workdir/hadoop-ozone/integration-test/target/test-dir/MiniOzoneClusterImpl-c00aaa5b-d63b-4769-9462-6a4c88d2a8bf/datanode-2/data/ratis] (custom)
2019-09-20 04:48:51,857 [pool-49-thread-1] INFO  storage.RaftStorageDirectory (RaftStorageDirectory.java:analyzeStorage(246)) - The storage directory /workdir/hadoop-ozone/integration-test/target/test-dir/MiniOzoneClusterImpl-c00aaa5b-d63b-4769-9462-6a4c88d2a8bf/datanode-2/data/ratis/81739daf-d830-4750-8b53-6f2260788bbb does not exist. Creating ...
2019-09-20 04:48:51,872 [2d6465ef-cffa-473a-a4c6-a9aa3f1a26c0:group-765367481936:LeaderElection6] INFO  impl.LeaderElection (LeaderElection.java:askForVotes(181)) - 2d6465ef-cffa-473a-a4c6-a9aa3f1a26c0:group-765367481936:LeaderElection6: begin an election at term 1 for -1: [2d6465ef-cffa-473a-a4c6-a9aa3f1a26c0:192.168.36.79:46837], old=null
2019-09-20 04:48:51,872 [eaf3ecbe-c3b1-4969-ad3a-e4de7fb04f81:group-2EE322C970EA:LeaderElection7] INFO  impl.LeaderElection (LeaderElection.java:askForVotes(181)) - eaf3ecbe-c3b1-4969-ad3a-e4de7fb04f81:group-2EE322C970EA:LeaderElection7: begin an election at term 1 for -1: [eaf3ecbe-c3b1-4969-ad3a-e4de7fb04f81:192.168.36.79:35924], old=null
2019-09-20 04:48:51,872 [42fc6e92-fcdd-4827-b621-9fc58a3d2315:group-3565339F237F:LeaderElection8] INFO  impl.LeaderElection (LeaderElection.java:askForVotes(181)) - 42fc6e92-fcdd-4827-b621-9fc58a3d2315:group-3565339F237F:LeaderElection8: begin an election at term 1 for -1: [42fc6e92-fcdd-4827-b621-9fc58a3d2315:192.168.36.79:44605], old=null
2019-09-20 04:48:51,872 [eaf3ecbe-c3b1-4969-ad3a-e4de7fb04f81:group-2EE322C970EA:LeaderElection7] INFO  impl.RoleInfo (RoleInfo.java:shutdownLeaderElection(134)) - eaf3ecbe-c3b1-4969-ad3a-e4de7fb04f81: shutdown LeaderElection
2019-09-20 04:48:51,872 [2d6465ef-cffa-473a-a4c6-a9aa3f1a26c0:group-765367481936:LeaderElection6] INFO  impl.RoleInfo (RoleInfo.java:shutdownLeaderElection(134)) - 2d6465ef-cffa-473a-a4c6-a9aa3f1a26c0: shutdown LeaderElection
2019-09-20 04:48:51,873 [eaf3ecbe-c3b1-4969-ad3a-e4de7fb04f81:group-2EE322C970EA:LeaderElection7] INFO  impl.RaftServerImpl (RaftServerImpl.java:setRole(171)) - eaf3ecbe-c3b1-4969-ad3a-e4de7fb04f81:group-2EE322C970EA changes role from CANDIDATE to LEADER at term 1 for changeToLeader
2019-09-20 04:48:51,873 [42fc6e92-fcdd-4827-b621-9fc58a3d2315:group-3565339F237F:LeaderElection8] INFO  impl.RoleInfo (RoleInfo.java:shutdownLeaderElection(134)) - 42fc6e92-fcdd-4827-b621-9fc58a3d2315: shutdown LeaderElection
2019-09-20 04:48:51,873 [eaf3ecbe-c3b1-4969-ad3a-e4de7fb04f81:group-2EE322C970EA:LeaderElection7] INFO  impl.RaftServerImpl (ServerState.java:setLeader(263)) - eaf3ecbe-c3b1-4969-ad3a-e4de7fb04f81:group-2EE322C970EA change Leader from null to eaf3ecbe-c3b1-4969-ad3a-e4de7fb04f81 at term 1 for becomeLeader, leader elected after 1179ms
2019-09-20 04:48:51,873 [2d6465ef-cffa-473a-a4c6-a9aa3f1a26c0:group-765367481936:LeaderElection6] INFO  impl.RaftServerImpl (RaftServerImpl.java:setRole(171)) - 2d6465ef-cffa-473a-a4c6-a9aa3f1a26c0:group-765367481936 changes role from CANDIDATE to LEADER at term 1 for changeToLeader
2019-09-20 04:48:51,873 [42fc6e92-fcdd-4827-b621-9fc58a3d2315:group-3565339F237F:LeaderElection8] INFO  impl.RaftServerImpl (RaftServerImpl.java:setRole(171)) - 42fc6e92-fcdd-4827-b621-9fc58a3d2315:group-3565339F237F changes role from CANDIDATE to LEADER at term 1 for changeToLeader
2019-09-20 04:48:51,873 [eaf3ecbe-c3b1-4969-ad3a-e4de7fb04f81:group-2EE322C970EA:LeaderElection7] INFO  server.RaftServerConfigKeys (ConfUtils.java:logGet(43)) - raft.server.staging.catchup.gap = 1000 (default)
2019-09-20 04:48:51,873 [2d6465ef-cffa-473a-a4c6-a9aa3f1a26c0:group-765367481936:LeaderElection6] INFO  impl.RaftServerImpl (ServerState.java:setLeader(263)) - 2d6465ef-cffa-473a-a4c6-a9aa3f1a26c0:group-765367481936 change Leader from null to 2d6465ef-cffa-473a-a4c6-a9aa3f1a26c0 at term 1 for becomeLeader, leader elected after 1255ms
2019-09-20 04:48:51,873 [eaf3ecbe-c3b1-4969-ad3a-e4de7fb04f81:group-2EE322C970EA:LeaderElection7] INFO  server.RaftServerConfigKeys (ConfUtils.java:logGet(43)) - raft.server.rpc.sleep.time = 25ms (default)
2019-09-20 04:48:51,873 [42fc6e92-fcdd-4827-b621-9fc58a3d2315:group-3565339F237F:LeaderElection8] INFO  impl.RaftServerImpl (ServerState.java:setLeader(263)) - 42fc6e92-fcdd-4827-b621-9fc58a3d2315:group-3565339F237F change Leader from null to 42fc6e92-fcdd-4827-b621-9fc58a3d2315 at term 1 for becomeLeader, leader elected after 1079ms
2019-09-20 04:48:51,873 [2d6465ef-cffa-473a-a4c6-a9aa3f1a26c0:group-765367481936:LeaderElection6] INFO  server.RaftServerConfigKeys (ConfUtils.java:logGet(43)) - raft.server.staging.catchup.gap = 1000 (default)
2019-09-20 04:48:51,873 [42fc6e92-fcdd-4827-b621-9fc58a3d2315:group-3565339F237F:LeaderElection8] INFO  server.RaftServerConfigKeys (ConfUtils.java:logGet(43)) - raft.server.staging.catchup.gap = 1000 (default)
2019-09-20 04:48:51,873 [eaf3ecbe-c3b1-4969-ad3a-e4de7fb04f81:group-2EE322C970EA:LeaderElection7] INFO  server.RaftServerConfigKeys (ConfUtils.java:logGet(43)) - raft.server.write.element-limit = 4096 (default)
2019-09-20 04:48:51,874 [42fc6e92-fcdd-4827-b621-9fc58a3d2315:group-3565339F237F:LeaderElection8] INFO  server.RaftServerConfigKeys (ConfUtils.java:logGet(43)) - raft.server.rpc.sleep.time = 25ms (default)
2019-09-20 04:48:51,873 [2d6465ef-cffa-473a-a4c6-a9aa3f1a26c0:group-765367481936:LeaderElection6] INFO  server.RaftServerConfigKeys (ConfUtils.java:logGet(43)) - raft.server.rpc.sleep.time = 25ms (default)
2019-09-20 04:48:51,874 [42fc6e92-fcdd-4827-b621-9fc58a3d2315:group-3565339F237F:LeaderElection8] INFO  server.RaftServerConfigKeys (ConfUtils.java:logGet(43)) - raft.server.write.element-limit = 4096 (default)
2019-09-20 04:48:51,874 [eaf3ecbe-c3b1-4969-ad3a-e4de7fb04f81:group-2EE322C970EA:LeaderElection7] INFO  server.RaftServerConfigKeys (ConfUtils.java:logGet(43)) - raft.server.watch.timeout = 10s (default)
2019-09-20 04:48:51,874 [42fc6e92-fcdd-4827-b621-9fc58a3d2315:group-3565339F237F:LeaderElection8] INFO  server.RaftServerConfigKeys (ConfUtils.java:logGet(43)) - raft.server.watch.timeout = 10s (default)
2019-09-20 04:48:51,874 [2d6465ef-cffa-473a-a4c6-a9aa3f1a26c0:group-765367481936:LeaderElection6] INFO  server.RaftServerConfigKeys (ConfUtils.java:logGet(43)) - raft.server.write.element-limit = 4096 (default)
2019-09-20 04:48:51,874 [42fc6e92-fcdd-4827-b621-9fc58a3d2315:group-3565339F237F:LeaderElection8] INFO  server.RaftServerConfigKeys (ConfUtils.java:logGet(43)) - raft.server.watch.timeout.denomination = 1s (default)
2019-09-20 04:48:51,874 [eaf3ecbe-c3b1-4969-ad3a-e4de7fb04f81:group-2EE322C970EA:LeaderElection7] INFO  server.RaftServerConfigKeys (ConfUtils.java:logGet(43)) - raft.server.watch.timeout.denomination = 1s (default)
2019-09-20 04:48:51,874 [42fc6e92-fcdd-4827-b621-9fc58a3d2315:group-3565339F237F:LeaderElection8] INFO  server.RaftServerConfigKeys (ConfUtils.java:logGet(43)) - raft.server.watch.element-limit = 65536 (default)
2019-09-20 04:48:51,874 [2d6465ef-cffa-473a-a4c6-a9aa3f1a26c0:group-765367481936:LeaderElection6] INFO  server.RaftServerConfigKeys (ConfUtils.java:logGet(43)) - raft.server.watch.timeout = 10s (default)
2019-09-20 04:48:51,874 [eaf3ecbe-c3b1-4969-ad3a-e4de7fb04f81:group-2EE322C970EA:LeaderElection7] INFO  server.RaftServerConfigKeys (ConfUtils.java:logGet(43)) - raft.server.watch.element-limit = 65536 (default)
2019-09-20 04:48:51,874 [2d6465ef-cffa-473a-a4c6-a9aa3f1a26c0:group-765367481936:LeaderElection6] INFO  server.RaftServerConfigKeys (ConfUtils.java:logGet(43)) - raft.server.watch.timeout.denomination = 1s (default)
2019-09-20 04:48:51,875 [42fc6e92-fcdd-4827-b621-9fc58a3d2315:group-3565339F237F:LeaderElection8] INFO  impl.RoleInfo (RoleInfo.java:updateAndGet(143)) - 42fc6e92-fcdd-4827-b621-9fc58a3d2315: start LeaderState
2019-09-20 04:48:51,875 [eaf3ecbe-c3b1-4969-ad3a-e4de7fb04f81:group-2EE322C970EA:LeaderElection7] INFO  impl.RoleInfo (RoleInfo.java:updateAndGet(143)) - eaf3ecbe-c3b1-4969-ad3a-e4de7fb04f81: start LeaderState
2019-09-20 04:48:51,875 [2d6465ef-cffa-473a-a4c6-a9aa3f1a26c0:group-765367481936:LeaderElection6] INFO  server.RaftServerConfigKeys (ConfUtils.java:logGet(43)) - raft.server.watch.element-limit = 65536 (default)
2019-09-20 04:48:51,875 [42fc6e92-fcdd-4827-b621-9fc58a3d2315:group-3565339F237F:LeaderElection8] INFO  segmented.SegmentedRaftLogWorker (SegmentedRaftLogWorker.java:startLogSegment(380)) - 42fc6e92-fcdd-4827-b621-9fc58a3d2315-SegmentedRaftLogWorker:Storage Directory /workdir/hadoop-ozone/integration-test/target/test-dir/MiniOzoneClusterImpl-c00aaa5b-d63b-4769-9462-6a4c88d2a8bf/datanode-1/data/ratis/70202f09-97e1-4d89-bcfb-3565339f237f: Starting segment from index:0
2019-09-20 04:48:51,875 [2d6465ef-cffa-473a-a4c6-a9aa3f1a26c0:group-765367481936:LeaderElection6] INFO  impl.RoleInfo (RoleInfo.java:updateAndGet(143)) - 2d6465ef-cffa-473a-a4c6-a9aa3f1a26c0: start LeaderState
2019-09-20 04:48:51,875 [eaf3ecbe-c3b1-4969-ad3a-e4de7fb04f81:group-2EE322C970EA:LeaderElection7] INFO  segmented.SegmentedRaftLogWorker (SegmentedRaftLogWorker.java:startLogSegment(380)) - eaf3ecbe-c3b1-4969-ad3a-e4de7fb04f81-SegmentedRaftLogWorker:Storage Directory /workdir/hadoop-ozone/integration-test/target/test-dir/MiniOzoneClusterImpl-c00aaa5b-d63b-4769-9462-6a4c88d2a8bf/datanode-5/data/ratis/ff4cc1da-9419-4743-bb07-2ee322c970ea: Starting segment from index:0
2019-09-20 04:48:51,875 [2d6465ef-cffa-473a-a4c6-a9aa3f1a26c0:group-765367481936:LeaderElection6] INFO  segmented.SegmentedRaftLogWorker (SegmentedRaftLogWorker.java:startLogSegment(380)) - 2d6465ef-cffa-473a-a4c6-a9aa3f1a26c0-SegmentedRaftLogWorker:Storage Directory /workdir/hadoop-ozone/integration-test/target/test-dir/MiniOzoneClusterImpl-c00aaa5b-d63b-4769-9462-6a4c88d2a8bf/datanode-2/data/ratis/e783f2c2-444b-4eed-8f23-765367481936: Starting segment from index:0
2019-09-20 04:48:51,875 [42fc6e92-fcdd-4827-b621-9fc58a3d2315:group-3565339F237F:LeaderElection8] INFO  impl.RaftServerImpl (ServerState.java:setRaftConf(361)) - 42fc6e92-fcdd-4827-b621-9fc58a3d2315:group-3565339F237F set configuration 0: [42fc6e92-fcdd-4827-b621-9fc58a3d2315:192.168.36.79:44605], old=null at 0
2019-09-20 04:48:51,875 [eaf3ecbe-c3b1-4969-ad3a-e4de7fb04f81:group-2EE322C970EA:LeaderElection7] INFO  impl.RaftServerImpl (ServerState.java:setRaftConf(361)) - eaf3ecbe-c3b1-4969-ad3a-e4de7fb04f81:group-2EE322C970EA set configuration 0: [eaf3ecbe-c3b1-4969-ad3a-e4de7fb04f81:192.168.36.79:35924], old=null at 0
2019-09-20 04:48:51,900 [pool-49-thread-1] INFO  storage.RaftStorageDirectory (RaftStorageDirectory.java:tryLock(328)) - Lock on /workdir/hadoop-ozone/integration-test/target/test-dir/MiniOzoneClusterImpl-c00aaa5b-d63b-4769-9462-6a4c88d2a8bf/datanode-2/data/ratis/81739daf-d830-4750-8b53-6f2260788bbb/in_use.lock acquired by nodename 9457@pr-hdds-1569-s8kj2-2266485376
2019-09-20 04:48:51,901 [2d6465ef-cffa-473a-a4c6-a9aa3f1a26c0:group-765367481936:LeaderElection6] INFO  impl.RaftServerImpl (ServerState.java:setRaftConf(361)) - 2d6465ef-cffa-473a-a4c6-a9aa3f1a26c0:group-765367481936 set configuration 0: [2d6465ef-cffa-473a-a4c6-a9aa3f1a26c0:192.168.36.79:46837], old=null at 0
2019-09-20 04:48:51,925 [42fc6e92-fcdd-4827-b621-9fc58a3d2315-SegmentedRaftLogWorker:Storage Directory /workdir/hadoop-ozone/integration-test/target/test-dir/MiniOzoneClusterImpl-c00aaa5b-d63b-4769-9462-6a4c88d2a8bf/datanode-1/data/ratis/70202f09-97e1-4d89-bcfb-3565339f237f] INFO  segmented.SegmentedRaftLogWorker (SegmentedRaftLogWorker.java:execute(569)) - 42fc6e92-fcdd-4827-b621-9fc58a3d2315-SegmentedRaftLogWorker:Storage Directory /workdir/hadoop-ozone/integration-test/target/test-dir/MiniOzoneClusterImpl-c00aaa5b-d63b-4769-9462-6a4c88d2a8bf/datanode-1/data/ratis/70202f09-97e1-4d89-bcfb-3565339f237f: created new log segment /workdir/hadoop-ozone/integration-test/target/test-dir/MiniOzoneClusterImpl-c00aaa5b-d63b-4769-9462-6a4c88d2a8bf/datanode-1/data/ratis/70202f09-97e1-4d89-bcfb-3565339f237f/current/log_inprogress_0
2019-09-20 04:48:51,925 [Thread-237] INFO  container.ReplicationManager (ReplicationManager.java:start(151)) - Starting Replication Monitor Thread.
2019-09-20 04:48:51,925 [eaf3ecbe-c3b1-4969-ad3a-e4de7fb04f81-SegmentedRaftLogWorker:Storage Directory /workdir/hadoop-ozone/integration-test/target/test-dir/MiniOzoneClusterImpl-c00aaa5b-d63b-4769-9462-6a4c88d2a8bf/datanode-5/data/ratis/ff4cc1da-9419-4743-bb07-2ee322c970ea] INFO  segmented.SegmentedRaftLogWorker (SegmentedRaftLogWorker.java:execute(569)) - eaf3ecbe-c3b1-4969-ad3a-e4de7fb04f81-SegmentedRaftLogWorker:Storage Directory /workdir/hadoop-ozone/integration-test/target/test-dir/MiniOzoneClusterImpl-c00aaa5b-d63b-4769-9462-6a4c88d2a8bf/datanode-5/data/ratis/ff4cc1da-9419-4743-bb07-2ee322c970ea: created new log segment /workdir/hadoop-ozone/integration-test/target/test-dir/MiniOzoneClusterImpl-c00aaa5b-d63b-4769-9462-6a4c88d2a8bf/datanode-5/data/ratis/ff4cc1da-9419-4743-bb07-2ee322c970ea/current/log_inprogress_0
2019-09-20 04:48:51,930 | INFO  | SCMAudit | user=jenkins1000 | ip=192.168.36.79 | op=SEND_HEARTBEAT {datanodeUUID=ea71b9af-1075-4196-9693-aa14e10f536d, command=[]} | ret=SUCCESS |  
2019-09-20 04:48:51,931 [ReplicationMonitor] INFO  container.ReplicationManager (ReplicationManager.java:run(214)) - Replication Monitor Thread took 1 milliseconds for processing 0 containers.
2019-09-20 04:48:51,941 [2d6465ef-cffa-473a-a4c6-a9aa3f1a26c0-SegmentedRaftLogWorker:Storage Directory /workdir/hadoop-ozone/integration-test/target/test-dir/MiniOzoneClusterImpl-c00aaa5b-d63b-4769-9462-6a4c88d2a8bf/datanode-2/data/ratis/e783f2c2-444b-4eed-8f23-765367481936] INFO  segmented.SegmentedRaftLogWorker (SegmentedRaftLogWorker.java:execute(569)) - 2d6465ef-cffa-473a-a4c6-a9aa3f1a26c0-SegmentedRaftLogWorker:Storage Directory /workdir/hadoop-ozone/integration-test/target/test-dir/MiniOzoneClusterImpl-c00aaa5b-d63b-4769-9462-6a4c88d2a8bf/datanode-2/data/ratis/e783f2c2-444b-4eed-8f23-765367481936: created new log segment /workdir/hadoop-ozone/integration-test/target/test-dir/MiniOzoneClusterImpl-c00aaa5b-d63b-4769-9462-6a4c88d2a8bf/datanode-2/data/ratis/e783f2c2-444b-4eed-8f23-765367481936/current/log_inprogress_0
2019-09-20 04:48:51,941 [pool-49-thread-1] INFO  storage.RaftStorage (RaftStorage.java:format(72)) - Storage directory /workdir/hadoop-ozone/integration-test/target/test-dir/MiniOzoneClusterImpl-c00aaa5b-d63b-4769-9462-6a4c88d2a8bf/datanode-2/data/ratis/81739daf-d830-4750-8b53-6f2260788bbb has been successfully formatted.
2019-09-20 04:48:51,942 [pool-49-thread-1] INFO  ratis.ContainerStateMachine (ContainerStateMachine.java:loadSnapshot(226)) - group-6F2260788BBB: The snapshot info is null. Setting the last applied indexto:(t:0, i:~)
2019-09-20 04:48:51,942 [pool-49-thread-1] INFO  server.RaftServerConfigKeys (ConfUtils.java:logGet(43)) - raft.server.leader.election.timeout = 120s (custom)
2019-09-20 04:48:51,942 [pool-49-thread-1] INFO  server.RaftServerConfigKeys (ConfUtils.java:logGet(43)) - raft.server.log.use.memory = false (default)
2019-09-20 04:48:51,942 [pool-49-thread-1] INFO  server.RaftServerConfigKeys (ConfUtils.java:logGet(43)) - raft.server.log.purge.gap = 1000000 (custom)
2019-09-20 04:48:51,943 [pool-49-thread-1] INFO  server.RaftServerConfigKeys (ConfUtils.java:logGet(43)) - raft.server.log.appender.buffer.byte-limit = 33554432 (custom)
2019-09-20 04:48:51,943 [pool-49-thread-1] INFO  server.RaftServerConfigKeys (ConfUtils.java:logGet(43)) - raft.server.log.segment.size.max = 1048576 (custom)
2019-09-20 04:48:51,943 [pool-49-thread-1] INFO  server.RaftServerConfigKeys (ConfUtils.java:logGet(43)) - raft.server.log.segment.cache.num.max = 2 (custom)
2019-09-20 04:48:51,943 [pool-49-thread-1] INFO  segmented.SegmentedRaftLogWorker (SegmentedRaftLogWorker.java:<init>(172)) - new 2d6465ef-cffa-473a-a4c6-a9aa3f1a26c0-SegmentedRaftLogWorker:Storage Directory /workdir/hadoop-ozone/integration-test/target/test-dir/MiniOzoneClusterImpl-c00aaa5b-d63b-4769-9462-6a4c88d2a8bf/datanode-2/data/ratis/81739daf-d830-4750-8b53-6f2260788bbb for RaftStorage:Storage Directory /workdir/hadoop-ozone/integration-test/target/test-dir/MiniOzoneClusterImpl-c00aaa5b-d63b-4769-9462-6a4c88d2a8bf/datanode-2/data/ratis/81739daf-d830-4750-8b53-6f2260788bbb
2019-09-20 04:48:51,943 [pool-49-thread-1] INFO  server.RaftServerConfigKeys (ConfUtils.java:logGet(43)) - raft.server.log.queue.byte-limit = 2147483647 (custom)
2019-09-20 04:48:51,943 [pool-49-thread-1] INFO  server.RaftServerConfigKeys (ConfUtils.java:logGet(43)) - raft.server.log.queue.element-limit = 1024 (custom)
2019-09-20 04:48:51,943 [pool-49-thread-1] INFO  server.RaftServerConfigKeys (ConfUtils.java:logGet(43)) - raft.server.log.segment.size.max = 1048576 (custom)
2019-09-20 04:48:51,943 [pool-49-thread-1] INFO  server.RaftServerConfigKeys (ConfUtils.java:logGet(43)) - raft.server.log.preallocated.size = 16384 (custom)
2019-09-20 04:48:51,943 [pool-49-thread-1] INFO  server.RaftServerConfigKeys (ConfUtils.java:logGet(43)) - raft.server.log.write.buffer.size = 33554432 (custom)
2019-09-20 04:48:51,944 [pool-49-thread-1] INFO  server.RaftServerConfigKeys (ConfUtils.java:logGet(43)) - raft.server.log.force.sync.num = 128 (default)
2019-09-20 04:48:51,944 [pool-49-thread-1] INFO  server.RaftServerConfigKeys (ConfUtils.java:logGet(43)) - raft.server.log.statemachine.data.sync = true (default)
2019-09-20 04:48:51,944 [pool-49-thread-1] INFO  server.RaftServerConfigKeys (ConfUtils.java:logGet(43)) - raft.server.log.statemachine.data.sync.timeout = 10s (default)
2019-09-20 04:48:51,944 [pool-49-thread-1] INFO  server.RaftServerConfigKeys (ConfUtils.java:logGet(43)) - raft.server.log.statemachine.data.sync.timeout.retry = -1 (default)
2019-09-20 04:48:51,944 [pool-49-thread-1] INFO  server.RaftServerConfigKeys (ConfUtils.java:logGet(43)) - raft.server.log.statemachine.data.caching.enabled = true (custom)
2019-09-20 04:48:51,944 [pool-49-thread-1] INFO  segmented.SegmentedRaftLogWorker (SegmentedRaftLogWorker.java:lambda$new$0(132)) - 2d6465ef-cffa-473a-a4c6-a9aa3f1a26c0-SegmentedRaftLogWorker:Storage Directory /workdir/hadoop-ozone/integration-test/target/test-dir/MiniOzoneClusterImpl-c00aaa5b-d63b-4769-9462-6a4c88d2a8bf/datanode-2/data/ratis/81739daf-d830-4750-8b53-6f2260788bbb: flushIndex: setUnconditionally 0 -> -1
2019-09-20 04:48:51,945 [pool-49-thread-1] INFO  server.RaftServerConfigKeys (ConfUtils.java:logGet(43)) - raft.server.snapshot.auto.trigger.enabled = true (custom)
2019-09-20 04:48:51,945 [pool-49-thread-1] INFO  server.RaftServerConfigKeys (ConfUtils.java:logGet(43)) - raft.server.snapshot.auto.trigger.threshold = 10000 (custom)
2019-09-20 04:48:51,945 [pool-49-thread-1] INFO  server.RaftServerConfigKeys (ConfUtils.java:logGet(43)) - raft.server.retrycache.expirytime = 600000ms (custom)
2019-09-20 04:48:51,945 [pool-49-thread-1] INFO  impl.RaftServerImpl (RaftServerImpl.java:start(180)) - 2d6465ef-cffa-473a-a4c6-a9aa3f1a26c0: start group-6F2260788BBB
2019-09-20 04:48:51,945 [pool-49-thread-1] INFO  impl.RaftServerImpl (RaftServerImpl.java:setRole(171)) - 2d6465ef-cffa-473a-a4c6-a9aa3f1a26c0:group-6F2260788BBB changes role from null to FOLLOWER at term 0 for startAsFollower
2019-09-20 04:48:51,945 [pool-49-thread-1] INFO  impl.RoleInfo (RoleInfo.java:updateAndGet(143)) - 2d6465ef-cffa-473a-a4c6-a9aa3f1a26c0: start FollowerState
2019-09-20 04:48:51,950 [pool-49-thread-1] INFO  util.JmxRegister (JmxRegister.java:tryRegister(44)) - Successfully registered JMX Bean with object name Ratis:service=RaftServer,group=group-6F2260788BBB,id=2d6465ef-cffa-473a-a4c6-a9aa3f1a26c0
2019-09-20 04:48:51,962 [RatisPipelineUtilsThread] INFO  pipeline.PipelineStateManager (PipelineStateManager.java:addPipeline(56)) - Created pipeline Pipeline[ Id: 81739daf-d830-4750-8b53-6f2260788bbb, Nodes: 2d6465ef-cffa-473a-a4c6-a9aa3f1a26c0{ip: 192.168.36.79, host: pr-hdds-1569-s8kj2-2266485376, networkLocation: /default-rack, certSerialId: null}, Type:RATIS, Factor:ONE, State:OPEN]
2019-09-20 04:48:51,963 [RatisPipelineUtilsThread] INFO  pipeline.PipelinePlacementPolicy (PipelinePlacementPolicy.java:meetCriteria(91)) - Pipeline Placement: Doesn't meet the criteria to be viable node： 2d6465ef-cffa-473a-a4c6-a9aa3f1a26c0 Heaviness: 6 limit: 5
2019-09-20 04:48:51,971 [grpc-default-executor-1] INFO  impl.RaftServerProxy (RaftServerProxy.java:addNew(89)) - 42fc6e92-fcdd-4827-b621-9fc58a3d2315: addNew group-2CE5433AA614:[42fc6e92-fcdd-4827-b621-9fc58a3d2315:192.168.36.79:44605] returns group-2CE5433AA614:java.util.concurrent.CompletableFuture@5bac7c1d[Not completed]
2019-09-20 04:48:51,972 [pool-38-thread-1] INFO  impl.RaftServerImpl (RaftServerImpl.java:<init>(93)) - 42fc6e92-fcdd-4827-b621-9fc58a3d2315: new RaftServerImpl for group-2CE5433AA614:[42fc6e92-fcdd-4827-b621-9fc58a3d2315:192.168.36.79:44605] with ContainerStateMachine:uninitialized
2019-09-20 04:48:51,972 [pool-38-thread-1] INFO  server.RaftServerConfigKeys (ConfUtils.java:logGet(43)) - raft.server.rpc.timeout.min = 1s (custom)
2019-09-20 04:48:51,972 [pool-38-thread-1] INFO  server.RaftServerConfigKeys (ConfUtils.java:logGet(43)) - raft.server.rpc.timeout.max = 1200ms (custom)
2019-09-20 04:48:51,972 [pool-38-thread-1] INFO  server.RaftServerConfigKeys (ConfUtils.java:logGet(43)) - raft.server.rpcslowness.timeout = 120s (custom)
2019-09-20 04:48:51,972 [pool-38-thread-1] INFO  server.RaftServerConfigKeys (ConfUtils.java:logGet(43)) - raft.server.sleep.deviation.threshold = 300 (default)
2019-09-20 04:48:51,972 [pool-38-thread-1] INFO  server.RaftServerConfigKeys (ConfUtils.java:logGet(43)) - raft.server.log.appender.install.snapshot.enabled = false (custom)
2019-09-20 04:48:51,972 [pool-38-thread-1] INFO  impl.RaftServerImpl (ServerState.java:<init>(105)) - 42fc6e92-fcdd-4827-b621-9fc58a3d2315:group-2CE5433AA614 ConfigurationManager, init=-1: [42fc6e92-fcdd-4827-b621-9fc58a3d2315:192.168.36.79:44605], old=null, confs=<EMPTY_MAP>
2019-09-20 04:48:51,972 [pool-38-thread-1] INFO  server.RaftServerConfigKeys (ConfUtils.java:logGet(43)) - raft.server.storage.dir = [/workdir/hadoop-ozone/integration-test/target/test-dir/MiniOzoneClusterImpl-c00aaa5b-d63b-4769-9462-6a4c88d2a8bf/datanode-1/data/ratis] (custom)
2019-09-20 04:48:51,973 [pool-38-thread-1] INFO  storage.RaftStorageDirectory (RaftStorageDirectory.java:analyzeStorage(246)) - The storage directory /workdir/hadoop-ozone/integration-test/target/test-dir/MiniOzoneClusterImpl-c00aaa5b-d63b-4769-9462-6a4c88d2a8bf/datanode-1/data/ratis/373db292-b7a1-466a-bc68-2ce5433aa614 does not exist. Creating ...
2019-09-20 04:48:51,997 [Thread-264] INFO  impl.FollowerState (FollowerState.java:run(106)) - 2d6465ef-cffa-473a-a4c6-a9aa3f1a26c0:group-2B7B4E0646C6 changes to CANDIDATE, lastRpcTime:1123, electionTimeout:1123ms
2019-09-20 04:48:51,997 [Thread-264] INFO  impl.RoleInfo (RoleInfo.java:shutdownFollowerState(121)) - 2d6465ef-cffa-473a-a4c6-a9aa3f1a26c0: shutdown FollowerState
2019-09-20 04:48:51,997 [Thread-264] INFO  impl.RaftServerImpl (RaftServerImpl.java:setRole(171)) - 2d6465ef-cffa-473a-a4c6-a9aa3f1a26c0:group-2B7B4E0646C6 changes role from FOLLOWER to CANDIDATE at term 0 for changeToCandidate
2019-09-20 04:48:51,997 [Thread-264] INFO  impl.RoleInfo (RoleInfo.java:updateAndGet(143)) - 2d6465ef-cffa-473a-a4c6-a9aa3f1a26c0: start LeaderElection
2019-09-20 04:48:52,000 [pool-38-thread-1] INFO  storage.RaftStorageDirectory (RaftStorageDirectory.java:tryLock(328)) - Lock on /workdir/hadoop-ozone/integration-test/target/test-dir/MiniOzoneClusterImpl-c00aaa5b-d63b-4769-9462-6a4c88d2a8bf/datanode-1/data/ratis/373db292-b7a1-466a-bc68-2ce5433aa614/in_use.lock acquired by nodename 9457@pr-hdds-1569-s8kj2-2266485376
2019-09-20 04:48:52,025 [pool-38-thread-1] INFO  storage.RaftStorage (RaftStorage.java:format(72)) - Storage directory /workdir/hadoop-ozone/integration-test/target/test-dir/MiniOzoneClusterImpl-c00aaa5b-d63b-4769-9462-6a4c88d2a8bf/datanode-1/data/ratis/373db292-b7a1-466a-bc68-2ce5433aa614 has been successfully formatted.
2019-09-20 04:48:52,025 [2d6465ef-cffa-473a-a4c6-a9aa3f1a26c0:group-2B7B4E0646C6:LeaderElection9] INFO  impl.LeaderElection (LeaderElection.java:askForVotes(181)) - 2d6465ef-cffa-473a-a4c6-a9aa3f1a26c0:group-2B7B4E0646C6:LeaderElection9: begin an election at term 1 for -1: [2d6465ef-cffa-473a-a4c6-a9aa3f1a26c0:192.168.36.79:46837], old=null
2019-09-20 04:48:52,025 [pool-38-thread-1] INFO  ratis.ContainerStateMachine (ContainerStateMachine.java:loadSnapshot(226)) - group-2CE5433AA614: The snapshot info is null. Setting the last applied indexto:(t:0, i:~)
2019-09-20 04:48:52,025 [2d6465ef-cffa-473a-a4c6-a9aa3f1a26c0:group-2B7B4E0646C6:LeaderElection9] INFO  impl.RoleInfo (RoleInfo.java:shutdownLeaderElection(134)) - 2d6465ef-cffa-473a-a4c6-a9aa3f1a26c0: shutdown LeaderElection
2019-09-20 04:48:52,025 [pool-38-thread-1] INFO  server.RaftServerConfigKeys (ConfUtils.java:logGet(43)) - raft.server.leader.election.timeout = 120s (custom)
2019-09-20 04:48:52,026 [2d6465ef-cffa-473a-a4c6-a9aa3f1a26c0:group-2B7B4E0646C6:LeaderElection9] INFO  impl.RaftServerImpl (RaftServerImpl.java:setRole(171)) - 2d6465ef-cffa-473a-a4c6-a9aa3f1a26c0:group-2B7B4E0646C6 changes role from CANDIDATE to LEADER at term 1 for changeToLeader
2019-09-20 04:48:52,026 [pool-38-thread-1] INFO  server.RaftServerConfigKeys (ConfUtils.java:logGet(43)) - raft.server.log.use.memory = false (default)
2019-09-20 04:48:52,026 [2d6465ef-cffa-473a-a4c6-a9aa3f1a26c0:group-2B7B4E0646C6:LeaderElection9] INFO  impl.RaftServerImpl (ServerState.java:setLeader(263)) - 2d6465ef-cffa-473a-a4c6-a9aa3f1a26c0:group-2B7B4E0646C6 change Leader from null to 2d6465ef-cffa-473a-a4c6-a9aa3f1a26c0 at term 1 for becomeLeader, leader elected after 1156ms
2019-09-20 04:48:52,026 [pool-38-thread-1] INFO  server.RaftServerConfigKeys (ConfUtils.java:logGet(43)) - raft.server.log.purge.gap = 1000000 (custom)
2019-09-20 04:48:52,026 [2d6465ef-cffa-473a-a4c6-a9aa3f1a26c0:group-2B7B4E0646C6:LeaderElection9] INFO  server.RaftServerConfigKeys (ConfUtils.java:logGet(43)) - raft.server.staging.catchup.gap = 1000 (default)
2019-09-20 04:48:52,026 [pool-38-thread-1] INFO  server.RaftServerConfigKeys (ConfUtils.java:logGet(43)) - raft.server.log.appender.buffer.byte-limit = 33554432 (custom)
2019-09-20 04:48:52,026 [2d6465ef-cffa-473a-a4c6-a9aa3f1a26c0:group-2B7B4E0646C6:LeaderElection9] INFO  server.RaftServerConfigKeys (ConfUtils.java:logGet(43)) - raft.server.rpc.sleep.time = 25ms (default)
2019-09-20 04:48:52,026 [pool-38-thread-1] INFO  server.RaftServerConfigKeys (ConfUtils.java:logGet(43)) - raft.server.log.segment.size.max = 1048576 (custom)
2019-09-20 04:48:52,026 [2d6465ef-cffa-473a-a4c6-a9aa3f1a26c0:group-2B7B4E0646C6:LeaderElection9] INFO  server.RaftServerConfigKeys (ConfUtils.java:logGet(43)) - raft.server.write.element-limit = 4096 (default)
2019-09-20 04:48:52,026 [pool-38-thread-1] INFO  server.RaftServerConfigKeys (ConfUtils.java:logGet(43)) - raft.server.log.segment.cache.num.max = 2 (custom)
2019-09-20 04:48:52,026 [2d6465ef-cffa-473a-a4c6-a9aa3f1a26c0:group-2B7B4E0646C6:LeaderElection9] INFO  server.RaftServerConfigKeys (ConfUtils.java:logGet(43)) - raft.server.watch.timeout = 10s (default)
2019-09-20 04:48:52,027 [pool-38-thread-1] INFO  segmented.SegmentedRaftLogWorker (SegmentedRaftLogWorker.java:<init>(172)) - new 42fc6e92-fcdd-4827-b621-9fc58a3d2315-SegmentedRaftLogWorker:Storage Directory /workdir/hadoop-ozone/integration-test/target/test-dir/MiniOzoneClusterImpl-c00aaa5b-d63b-4769-9462-6a4c88d2a8bf/datanode-1/data/ratis/373db292-b7a1-466a-bc68-2ce5433aa614 for RaftStorage:Storage Directory /workdir/hadoop-ozone/integration-test/target/test-dir/MiniOzoneClusterImpl-c00aaa5b-d63b-4769-9462-6a4c88d2a8bf/datanode-1/data/ratis/373db292-b7a1-466a-bc68-2ce5433aa614
2019-09-20 04:48:52,027 [2d6465ef-cffa-473a-a4c6-a9aa3f1a26c0:group-2B7B4E0646C6:LeaderElection9] INFO  server.RaftServerConfigKeys (ConfUtils.java:logGet(43)) - raft.server.watch.timeout.denomination = 1s (default)
2019-09-20 04:48:52,027 [pool-38-thread-1] INFO  server.RaftServerConfigKeys (ConfUtils.java:logGet(43)) - raft.server.log.queue.byte-limit = 2147483647 (custom)
2019-09-20 04:48:52,027 [2d6465ef-cffa-473a-a4c6-a9aa3f1a26c0:group-2B7B4E0646C6:LeaderElection9] INFO  server.RaftServerConfigKeys (ConfUtils.java:logGet(43)) - raft.server.watch.element-limit = 65536 (default)
2019-09-20 04:48:52,029 [pool-38-thread-1] INFO  server.RaftServerConfigKeys (ConfUtils.java:logGet(43)) - raft.server.log.queue.element-limit = 1024 (custom)
2019-09-20 04:48:52,030 [2d6465ef-cffa-473a-a4c6-a9aa3f1a26c0:group-2B7B4E0646C6:LeaderElection9] INFO  impl.RoleInfo (RoleInfo.java:updateAndGet(143)) - 2d6465ef-cffa-473a-a4c6-a9aa3f1a26c0: start LeaderState
2019-09-20 04:48:52,030 [pool-38-thread-1] INFO  server.RaftServerConfigKeys (ConfUtils.java:logGet(43)) - raft.server.log.segment.size.max = 1048576 (custom)
2019-09-20 04:48:52,030 [2d6465ef-cffa-473a-a4c6-a9aa3f1a26c0:group-2B7B4E0646C6:LeaderElection9] INFO  segmented.SegmentedRaftLogWorker (SegmentedRaftLogWorker.java:startLogSegment(380)) - 2d6465ef-cffa-473a-a4c6-a9aa3f1a26c0-SegmentedRaftLogWorker:Storage Directory /workdir/hadoop-ozone/integration-test/target/test-dir/MiniOzoneClusterImpl-c00aaa5b-d63b-4769-9462-6a4c88d2a8bf/datanode-2/data/ratis/9fa8d211-dc06-4f71-afe2-2b7b4e0646c6: Starting segment from index:0
2019-09-20 04:48:52,030 [pool-38-thread-1] INFO  server.RaftServerConfigKeys (ConfUtils.java:logGet(43)) - raft.server.log.preallocated.size = 16384 (custom)
2019-09-20 04:48:52,030 [pool-38-thread-1] INFO  server.RaftServerConfigKeys (ConfUtils.java:logGet(43)) - raft.server.log.write.buffer.size = 33554432 (custom)
2019-09-20 04:48:52,030 [pool-38-thread-1] INFO  server.RaftServerConfigKeys (ConfUtils.java:logGet(43)) - raft.server.log.force.sync.num = 128 (default)
2019-09-20 04:48:52,030 [2d6465ef-cffa-473a-a4c6-a9aa3f1a26c0:group-2B7B4E0646C6:LeaderElection9] INFO  impl.RaftServerImpl (ServerState.java:setRaftConf(361)) - 2d6465ef-cffa-473a-a4c6-a9aa3f1a26c0:group-2B7B4E0646C6 set configuration 0: [2d6465ef-cffa-473a-a4c6-a9aa3f1a26c0:192.168.36.79:46837], old=null at 0
2019-09-20 04:48:52,030 [pool-38-thread-1] INFO  server.RaftServerConfigKeys (ConfUtils.java:logGet(43)) - raft.server.log.statemachine.data.sync = true (default)
2019-09-20 04:48:52,065 [pool-38-thread-1] INFO  server.RaftServerConfigKeys (ConfUtils.java:logGet(43)) - raft.server.log.statemachine.data.sync.timeout = 10s (default)
2019-09-20 04:48:52,065 [pool-38-thread-1] INFO  server.RaftServerConfigKeys (ConfUtils.java:logGet(43)) - raft.server.log.statemachine.data.sync.timeout.retry = -1 (default)
2019-09-20 04:48:52,067 [pool-38-thread-1] INFO  server.RaftServerConfigKeys (ConfUtils.java:logGet(43)) - raft.server.log.statemachine.data.caching.enabled = true (custom)
2019-09-20 04:48:52,068 [pool-38-thread-1] INFO  segmented.SegmentedRaftLogWorker (SegmentedRaftLogWorker.java:lambda$new$0(132)) - 42fc6e92-fcdd-4827-b621-9fc58a3d2315-SegmentedRaftLogWorker:Storage Directory /workdir/hadoop-ozone/integration-test/target/test-dir/MiniOzoneClusterImpl-c00aaa5b-d63b-4769-9462-6a4c88d2a8bf/datanode-1/data/ratis/373db292-b7a1-466a-bc68-2ce5433aa614: flushIndex: setUnconditionally 0 -> -1
2019-09-20 04:48:52,068 | INFO  | SCMAudit | user=jenkins1000 | ip=192.168.36.79 | op=SEND_HEARTBEAT {datanodeUUID=eaf3ecbe-c3b1-4969-ad3a-e4de7fb04f81, command=[]} | ret=SUCCESS |  
2019-09-20 04:48:52,068 [pool-38-thread-1] INFO  server.RaftServerConfigKeys (ConfUtils.java:logGet(43)) - raft.server.snapshot.auto.trigger.enabled = true (custom)
2019-09-20 04:48:52,068 [pool-38-thread-1] INFO  server.RaftServerConfigKeys (ConfUtils.java:logGet(43)) - raft.server.snapshot.auto.trigger.threshold = 10000 (custom)
2019-09-20 04:48:52,068 [pool-38-thread-1] INFO  server.RaftServerConfigKeys (ConfUtils.java:logGet(43)) - raft.server.retrycache.expirytime = 600000ms (custom)
2019-09-20 04:48:52,068 [pool-38-thread-1] INFO  impl.RaftServerImpl (RaftServerImpl.java:start(180)) - 42fc6e92-fcdd-4827-b621-9fc58a3d2315: start group-2CE5433AA614
2019-09-20 04:48:52,068 [pool-38-thread-1] INFO  impl.RaftServerImpl (RaftServerImpl.java:setRole(171)) - 42fc6e92-fcdd-4827-b621-9fc58a3d2315:group-2CE5433AA614 changes role from null to FOLLOWER at term 0 for startAsFollower
2019-09-20 04:48:52,069 [pool-38-thread-1] INFO  impl.RoleInfo (RoleInfo.java:updateAndGet(143)) - 42fc6e92-fcdd-4827-b621-9fc58a3d2315: start FollowerState
2019-09-20 04:48:52,069 [pool-38-thread-1] INFO  util.JmxRegister (JmxRegister.java:tryRegister(44)) - Successfully registered JMX Bean with object name Ratis:service=RaftServer,group=group-2CE5433AA614,id=42fc6e92-fcdd-4827-b621-9fc58a3d2315
2019-09-20 04:48:52,074 [RatisPipelineUtilsThread] INFO  pipeline.PipelineStateManager (PipelineStateManager.java:addPipeline(56)) - Created pipeline Pipeline[ Id: 373db292-b7a1-466a-bc68-2ce5433aa614, Nodes: 42fc6e92-fcdd-4827-b621-9fc58a3d2315{ip: 192.168.36.79, host: pr-hdds-1569-s8kj2-2266485376, networkLocation: /default-rack, certSerialId: null}, Type:RATIS, Factor:ONE, State:OPEN]
2019-09-20 04:48:52,075 [RatisPipelineUtilsThread] INFO  pipeline.PipelinePlacementPolicy (PipelinePlacementPolicy.java:meetCriteria(91)) - Pipeline Placement: Doesn't meet the criteria to be viable node： 42fc6e92-fcdd-4827-b621-9fc58a3d2315 Heaviness: 6 limit: 5
2019-09-20 04:48:52,075 [RatisPipelineUtilsThread] INFO  pipeline.PipelinePlacementPolicy (PipelinePlacementPolicy.java:meetCriteria(91)) - Pipeline Placement: Doesn't meet the criteria to be viable node： 2d6465ef-cffa-473a-a4c6-a9aa3f1a26c0 Heaviness: 6 limit: 5
2019-09-20 04:48:52,086 [grpc-default-executor-1] INFO  impl.RaftServerProxy (RaftServerProxy.java:addNew(89)) - 2702b462-69d8-4c1b-aae1-091a21fe08b8: addNew group-7A4BDE156831:[2702b462-69d8-4c1b-aae1-091a21fe08b8:192.168.36.79:42637] returns group-7A4BDE156831:java.util.concurrent.CompletableFuture@62b715b9[Not completed]
2019-09-20 04:48:52,087 [pool-60-thread-1] INFO  impl.RaftServerImpl (RaftServerImpl.java:<init>(93)) - 2702b462-69d8-4c1b-aae1-091a21fe08b8: new RaftServerImpl for group-7A4BDE156831:[2702b462-69d8-4c1b-aae1-091a21fe08b8:192.168.36.79:42637] with ContainerStateMachine:uninitialized
2019-09-20 04:48:52,087 [pool-60-thread-1] INFO  server.RaftServerConfigKeys (ConfUtils.java:logGet(43)) - raft.server.rpc.timeout.min = 1s (custom)
2019-09-20 04:48:52,088 [pool-60-thread-1] INFO  server.RaftServerConfigKeys (ConfUtils.java:logGet(43)) - raft.server.rpc.timeout.max = 1200ms (custom)
2019-09-20 04:48:52,088 [pool-60-thread-1] INFO  server.RaftServerConfigKeys (ConfUtils.java:logGet(43)) - raft.server.rpcslowness.timeout = 120s (custom)
2019-09-20 04:48:52,088 [pool-60-thread-1] INFO  server.RaftServerConfigKeys (ConfUtils.java:logGet(43)) - raft.server.sleep.deviation.threshold = 300 (default)
2019-09-20 04:48:52,088 [pool-60-thread-1] INFO  server.RaftServerConfigKeys (ConfUtils.java:logGet(43)) - raft.server.log.appender.install.snapshot.enabled = false (custom)
2019-09-20 04:48:52,088 [pool-60-thread-1] INFO  impl.RaftServerImpl (ServerState.java:<init>(105)) - 2702b462-69d8-4c1b-aae1-091a21fe08b8:group-7A4BDE156831 ConfigurationManager, init=-1: [2702b462-69d8-4c1b-aae1-091a21fe08b8:192.168.36.79:42637], old=null, confs=<EMPTY_MAP>
2019-09-20 04:48:52,088 [pool-60-thread-1] INFO  server.RaftServerConfigKeys (ConfUtils.java:logGet(43)) - raft.server.storage.dir = [/workdir/hadoop-ozone/integration-test/target/test-dir/MiniOzoneClusterImpl-c00aaa5b-d63b-4769-9462-6a4c88d2a8bf/datanode-3/data/ratis] (custom)
2019-09-20 04:48:52,089 [pool-60-thread-1] INFO  storage.RaftStorageDirectory (RaftStorageDirectory.java:analyzeStorage(246)) - The storage directory /workdir/hadoop-ozone/integration-test/target/test-dir/MiniOzoneClusterImpl-c00aaa5b-d63b-4769-9462-6a4c88d2a8bf/datanode-3/data/ratis/f9bda543-5e4e-4830-82df-7a4bde156831 does not exist. Creating ...
2019-09-20 04:48:52,092 [2d6465ef-cffa-473a-a4c6-a9aa3f1a26c0-SegmentedRaftLogWorker:Storage Directory /workdir/hadoop-ozone/integration-test/target/test-dir/MiniOzoneClusterImpl-c00aaa5b-d63b-4769-9462-6a4c88d2a8bf/datanode-2/data/ratis/9fa8d211-dc06-4f71-afe2-2b7b4e0646c6] INFO  segmented.SegmentedRaftLogWorker (SegmentedRaftLogWorker.java:execute(569)) - 2d6465ef-cffa-473a-a4c6-a9aa3f1a26c0-SegmentedRaftLogWorker:Storage Directory /workdir/hadoop-ozone/integration-test/target/test-dir/MiniOzoneClusterImpl-c00aaa5b-d63b-4769-9462-6a4c88d2a8bf/datanode-2/data/ratis/9fa8d211-dc06-4f71-afe2-2b7b4e0646c6: created new log segment /workdir/hadoop-ozone/integration-test/target/test-dir/MiniOzoneClusterImpl-c00aaa5b-d63b-4769-9462-6a4c88d2a8bf/datanode-2/data/ratis/9fa8d211-dc06-4f71-afe2-2b7b4e0646c6/current/log_inprogress_0
2019-09-20 04:48:52,117 [pool-60-thread-1] INFO  storage.RaftStorageDirectory (RaftStorageDirectory.java:tryLock(328)) - Lock on /workdir/hadoop-ozone/integration-test/target/test-dir/MiniOzoneClusterImpl-c00aaa5b-d63b-4769-9462-6a4c88d2a8bf/datanode-3/data/ratis/f9bda543-5e4e-4830-82df-7a4bde156831/in_use.lock acquired by nodename 9457@pr-hdds-1569-s8kj2-2266485376
2019-09-20 04:48:52,126 | INFO  | SCMAudit | user=jenkins1000 | ip=192.168.36.79 | op=SEND_HEARTBEAT {datanodeUUID=42fc6e92-fcdd-4827-b621-9fc58a3d2315, command=[]} | ret=SUCCESS |  
2019-09-20 04:48:52,151 [Thread-268] INFO  impl.FollowerState (FollowerState.java:run(106)) - 2d6465ef-cffa-473a-a4c6-a9aa3f1a26c0:group-339F762A74D8 changes to CANDIDATE, lastRpcTime:1185, electionTimeout:1185ms
2019-09-20 04:48:52,153 [Thread-268] INFO  impl.RoleInfo (RoleInfo.java:shutdownFollowerState(121)) - 2d6465ef-cffa-473a-a4c6-a9aa3f1a26c0: shutdown FollowerState
2019-09-20 04:48:52,153 [pool-60-thread-1] INFO  storage.RaftStorage (RaftStorage.java:format(72)) - Storage directory /workdir/hadoop-ozone/integration-test/target/test-dir/MiniOzoneClusterImpl-c00aaa5b-d63b-4769-9462-6a4c88d2a8bf/datanode-3/data/ratis/f9bda543-5e4e-4830-82df-7a4bde156831 has been successfully formatted.
2019-09-20 04:48:52,153 [Thread-268] INFO  impl.RaftServerImpl (RaftServerImpl.java:setRole(171)) - 2d6465ef-cffa-473a-a4c6-a9aa3f1a26c0:group-339F762A74D8 changes role from FOLLOWER to CANDIDATE at term 0 for changeToCandidate
2019-09-20 04:48:52,154 [pool-60-thread-1] INFO  ratis.ContainerStateMachine (ContainerStateMachine.java:loadSnapshot(226)) - group-7A4BDE156831: The snapshot info is null. Setting the last applied indexto:(t:0, i:~)
2019-09-20 04:48:52,154 [Thread-268] INFO  impl.RoleInfo (RoleInfo.java:updateAndGet(143)) - 2d6465ef-cffa-473a-a4c6-a9aa3f1a26c0: start LeaderElection
2019-09-20 04:48:52,154 [pool-60-thread-1] INFO  server.RaftServerConfigKeys (ConfUtils.java:logGet(43)) - raft.server.leader.election.timeout = 120s (custom)
2019-09-20 04:48:52,154 [pool-60-thread-1] INFO  server.RaftServerConfigKeys (ConfUtils.java:logGet(43)) - raft.server.log.use.memory = false (default)
2019-09-20 04:48:52,158 [pool-60-thread-1] INFO  server.RaftServerConfigKeys (ConfUtils.java:logGet(43)) - raft.server.log.purge.gap = 1000000 (custom)
2019-09-20 04:48:52,159 [pool-60-thread-1] INFO  server.RaftServerConfigKeys (ConfUtils.java:logGet(43)) - raft.server.log.appender.buffer.byte-limit = 33554432 (custom)
2019-09-20 04:48:52,159 [pool-60-thread-1] INFO  server.RaftServerConfigKeys (ConfUtils.java:logGet(43)) - raft.server.log.segment.size.max = 1048576 (custom)
2019-09-20 04:48:52,159 [pool-60-thread-1] INFO  server.RaftServerConfigKeys (ConfUtils.java:logGet(43)) - raft.server.log.segment.cache.num.max = 2 (custom)
2019-09-20 04:48:52,159 [pool-60-thread-1] INFO  segmented.SegmentedRaftLogWorker (SegmentedRaftLogWorker.java:<init>(172)) - new 2702b462-69d8-4c1b-aae1-091a21fe08b8-SegmentedRaftLogWorker:Storage Directory /workdir/hadoop-ozone/integration-test/target/test-dir/MiniOzoneClusterImpl-c00aaa5b-d63b-4769-9462-6a4c88d2a8bf/datanode-3/data/ratis/f9bda543-5e4e-4830-82df-7a4bde156831 for RaftStorage:Storage Directory /workdir/hadoop-ozone/integration-test/target/test-dir/MiniOzoneClusterImpl-c00aaa5b-d63b-4769-9462-6a4c88d2a8bf/datanode-3/data/ratis/f9bda543-5e4e-4830-82df-7a4bde156831
2019-09-20 04:48:52,159 [pool-60-thread-1] INFO  server.RaftServerConfigKeys (ConfUtils.java:logGet(43)) - raft.server.log.queue.byte-limit = 2147483647 (custom)
2019-09-20 04:48:52,159 [pool-60-thread-1] INFO  server.RaftServerConfigKeys (ConfUtils.java:logGet(43)) - raft.server.log.queue.element-limit = 1024 (custom)
2019-09-20 04:48:52,160 [pool-60-thread-1] INFO  server.RaftServerConfigKeys (ConfUtils.java:logGet(43)) - raft.server.log.segment.size.max = 1048576 (custom)
2019-09-20 04:48:52,160 [pool-60-thread-1] INFO  server.RaftServerConfigKeys (ConfUtils.java:logGet(43)) - raft.server.log.preallocated.size = 16384 (custom)
2019-09-20 04:48:52,160 [pool-60-thread-1] INFO  server.RaftServerConfigKeys (ConfUtils.java:logGet(43)) - raft.server.log.write.buffer.size = 33554432 (custom)
2019-09-20 04:48:52,160 [pool-60-thread-1] INFO  server.RaftServerConfigKeys (ConfUtils.java:logGet(43)) - raft.server.log.force.sync.num = 128 (default)
2019-09-20 04:48:52,160 [pool-60-thread-1] INFO  server.RaftServerConfigKeys (ConfUtils.java:logGet(43)) - raft.server.log.statemachine.data.sync = true (default)
2019-09-20 04:48:52,160 [pool-60-thread-1] INFO  server.RaftServerConfigKeys (ConfUtils.java:logGet(43)) - raft.server.log.statemachine.data.sync.timeout = 10s (default)
2019-09-20 04:48:52,160 [pool-60-thread-1] INFO  server.RaftServerConfigKeys (ConfUtils.java:logGet(43)) - raft.server.log.statemachine.data.sync.timeout.retry = -1 (default)
2019-09-20 04:48:52,161 [pool-60-thread-1] INFO  server.RaftServerConfigKeys (ConfUtils.java:logGet(43)) - raft.server.log.statemachine.data.caching.enabled = true (custom)
2019-09-20 04:48:52,161 [pool-60-thread-1] INFO  segmented.SegmentedRaftLogWorker (SegmentedRaftLogWorker.java:lambda$new$0(132)) - 2702b462-69d8-4c1b-aae1-091a21fe08b8-SegmentedRaftLogWorker:Storage Directory /workdir/hadoop-ozone/integration-test/target/test-dir/MiniOzoneClusterImpl-c00aaa5b-d63b-4769-9462-6a4c88d2a8bf/datanode-3/data/ratis/f9bda543-5e4e-4830-82df-7a4bde156831: flushIndex: setUnconditionally 0 -> -1
2019-09-20 04:48:52,161 [pool-60-thread-1] INFO  server.RaftServerConfigKeys (ConfUtils.java:logGet(43)) - raft.server.snapshot.auto.trigger.enabled = true (custom)
2019-09-20 04:48:52,162 [pool-60-thread-1] INFO  server.RaftServerConfigKeys (ConfUtils.java:logGet(43)) - raft.server.snapshot.auto.trigger.threshold = 10000 (custom)
2019-09-20 04:48:52,162 [pool-60-thread-1] INFO  server.RaftServerConfigKeys (ConfUtils.java:logGet(43)) - raft.server.retrycache.expirytime = 600000ms (custom)
2019-09-20 04:48:52,162 [pool-60-thread-1] INFO  impl.RaftServerImpl (RaftServerImpl.java:start(180)) - 2702b462-69d8-4c1b-aae1-091a21fe08b8: start group-7A4BDE156831
2019-09-20 04:48:52,162 [pool-60-thread-1] INFO  impl.RaftServerImpl (RaftServerImpl.java:setRole(171)) - 2702b462-69d8-4c1b-aae1-091a21fe08b8:group-7A4BDE156831 changes role from null to FOLLOWER at term 0 for startAsFollower
2019-09-20 04:48:52,162 [pool-60-thread-1] INFO  impl.RoleInfo (RoleInfo.java:updateAndGet(143)) - 2702b462-69d8-4c1b-aae1-091a21fe08b8: start FollowerState
2019-09-20 04:48:52,163 [pool-60-thread-1] INFO  util.JmxRegister (JmxRegister.java:tryRegister(44)) - Successfully registered JMX Bean with object name Ratis:service=RaftServer,group=group-7A4BDE156831,id=2702b462-69d8-4c1b-aae1-091a21fe08b8
2019-09-20 04:48:52,168 [RatisPipelineUtilsThread] INFO  pipeline.PipelineStateManager (PipelineStateManager.java:addPipeline(56)) - Created pipeline Pipeline[ Id: f9bda543-5e4e-4830-82df-7a4bde156831, Nodes: 2702b462-69d8-4c1b-aae1-091a21fe08b8{ip: 192.168.36.79, host: pr-hdds-1569-s8kj2-2266485376, networkLocation: /default-rack, certSerialId: null}, Type:RATIS, Factor:ONE, State:OPEN]
2019-09-20 04:48:52,169 [RatisPipelineUtilsThread] INFO  pipeline.PipelinePlacementPolicy (PipelinePlacementPolicy.java:meetCriteria(91)) - Pipeline Placement: Doesn't meet the criteria to be viable node： 42fc6e92-fcdd-4827-b621-9fc58a3d2315 Heaviness: 6 limit: 5
2019-09-20 04:48:52,169 [RatisPipelineUtilsThread] INFO  pipeline.PipelinePlacementPolicy (PipelinePlacementPolicy.java:meetCriteria(91)) - Pipeline Placement: Doesn't meet the criteria to be viable node： 2d6465ef-cffa-473a-a4c6-a9aa3f1a26c0 Heaviness: 6 limit: 5
2019-09-20 04:48:52,179 [grpc-default-executor-1] INFO  impl.RaftServerProxy (RaftServerProxy.java:addNew(89)) - ea71b9af-1075-4196-9693-aa14e10f536d: addNew group-A865C5B6E9F6:[ea71b9af-1075-4196-9693-aa14e10f536d:192.168.36.79:41553] returns group-A865C5B6E9F6:java.util.concurrent.CompletableFuture@1f63d25a[Not completed]
2019-09-20 04:48:52,180 [pool-27-thread-1] INFO  impl.RaftServerImpl (RaftServerImpl.java:<init>(93)) - ea71b9af-1075-4196-9693-aa14e10f536d: new RaftServerImpl for group-A865C5B6E9F6:[ea71b9af-1075-4196-9693-aa14e10f536d:192.168.36.79:41553] with ContainerStateMachine:uninitialized
2019-09-20 04:48:52,181 [pool-27-thread-1] INFO  server.RaftServerConfigKeys (ConfUtils.java:logGet(43)) - raft.server.rpc.timeout.min = 1s (custom)
2019-09-20 04:48:52,181 [pool-27-thread-1] INFO  server.RaftServerConfigKeys (ConfUtils.java:logGet(43)) - raft.server.rpc.timeout.max = 1200ms (custom)
2019-09-20 04:48:52,181 [pool-27-thread-1] INFO  server.RaftServerConfigKeys (ConfUtils.java:logGet(43)) - raft.server.rpcslowness.timeout = 120s (custom)
2019-09-20 04:48:52,181 [pool-27-thread-1] INFO  server.RaftServerConfigKeys (ConfUtils.java:logGet(43)) - raft.server.sleep.deviation.threshold = 300 (default)
2019-09-20 04:48:52,181 [pool-27-thread-1] INFO  server.RaftServerConfigKeys (ConfUtils.java:logGet(43)) - raft.server.log.appender.install.snapshot.enabled = false (custom)
2019-09-20 04:48:52,181 [pool-27-thread-1] INFO  impl.RaftServerImpl (ServerState.java:<init>(105)) - ea71b9af-1075-4196-9693-aa14e10f536d:group-A865C5B6E9F6 ConfigurationManager, init=-1: [ea71b9af-1075-4196-9693-aa14e10f536d:192.168.36.79:41553], old=null, confs=<EMPTY_MAP>
2019-09-20 04:48:52,181 [pool-27-thread-1] INFO  server.RaftServerConfigKeys (ConfUtils.java:logGet(43)) - raft.server.storage.dir = [/workdir/hadoop-ozone/integration-test/target/test-dir/MiniOzoneClusterImpl-c00aaa5b-d63b-4769-9462-6a4c88d2a8bf/datanode-0/data/ratis] (custom)
2019-09-20 04:48:52,183 [pool-27-thread-1] INFO  storage.RaftStorageDirectory (RaftStorageDirectory.java:analyzeStorage(246)) - The storage directory /workdir/hadoop-ozone/integration-test/target/test-dir/MiniOzoneClusterImpl-c00aaa5b-d63b-4769-9462-6a4c88d2a8bf/datanode-0/data/ratis/3a175501-87f1-4253-8811-a865c5b6e9f6 does not exist. Creating ...
2019-09-20 04:48:52,185 [2d6465ef-cffa-473a-a4c6-a9aa3f1a26c0:group-339F762A74D8:LeaderElection10] INFO  impl.LeaderElection (LeaderElection.java:askForVotes(181)) - 2d6465ef-cffa-473a-a4c6-a9aa3f1a26c0:group-339F762A74D8:LeaderElection10: begin an election at term 1 for -1: [2d6465ef-cffa-473a-a4c6-a9aa3f1a26c0:192.168.36.79:46837], old=null
2019-09-20 04:48:52,185 [2d6465ef-cffa-473a-a4c6-a9aa3f1a26c0:group-339F762A74D8:LeaderElection10] INFO  impl.RoleInfo (RoleInfo.java:shutdownLeaderElection(134)) - 2d6465ef-cffa-473a-a4c6-a9aa3f1a26c0: shutdown LeaderElection
2019-09-20 04:48:52,185 [2d6465ef-cffa-473a-a4c6-a9aa3f1a26c0:group-339F762A74D8:LeaderElection10] INFO  impl.RaftServerImpl (RaftServerImpl.java:setRole(171)) - 2d6465ef-cffa-473a-a4c6-a9aa3f1a26c0:group-339F762A74D8 changes role from CANDIDATE to LEADER at term 1 for changeToLeader
2019-09-20 04:48:52,185 [2d6465ef-cffa-473a-a4c6-a9aa3f1a26c0:group-339F762A74D8:LeaderElection10] INFO  impl.RaftServerImpl (ServerState.java:setLeader(263)) - 2d6465ef-cffa-473a-a4c6-a9aa3f1a26c0:group-339F762A74D8 change Leader from null to 2d6465ef-cffa-473a-a4c6-a9aa3f1a26c0 at term 1 for becomeLeader, leader elected after 1223ms
2019-09-20 04:48:52,185 [2d6465ef-cffa-473a-a4c6-a9aa3f1a26c0:group-339F762A74D8:LeaderElection10] INFO  server.RaftServerConfigKeys (ConfUtils.java:logGet(43)) - raft.server.staging.catchup.gap = 1000 (default)
2019-09-20 04:48:52,186 [2d6465ef-cffa-473a-a4c6-a9aa3f1a26c0:group-339F762A74D8:LeaderElection10] INFO  server.RaftServerConfigKeys (ConfUtils.java:logGet(43)) - raft.server.rpc.sleep.time = 25ms (default)
2019-09-20 04:48:52,186 [2d6465ef-cffa-473a-a4c6-a9aa3f1a26c0:group-339F762A74D8:LeaderElection10] INFO  server.RaftServerConfigKeys (ConfUtils.java:logGet(43)) - raft.server.write.element-limit = 4096 (default)
2019-09-20 04:48:52,186 [2d6465ef-cffa-473a-a4c6-a9aa3f1a26c0:group-339F762A74D8:LeaderElection10] INFO  server.RaftServerConfigKeys (ConfUtils.java:logGet(43)) - raft.server.watch.timeout = 10s (default)
2019-09-20 04:48:52,186 [2d6465ef-cffa-473a-a4c6-a9aa3f1a26c0:group-339F762A74D8:LeaderElection10] INFO  server.RaftServerConfigKeys (ConfUtils.java:logGet(43)) - raft.server.watch.timeout.denomination = 1s (default)
2019-09-20 04:48:52,186 [2d6465ef-cffa-473a-a4c6-a9aa3f1a26c0:group-339F762A74D8:LeaderElection10] INFO  server.RaftServerConfigKeys (ConfUtils.java:logGet(43)) - raft.server.watch.element-limit = 65536 (default)
2019-09-20 04:48:52,187 [2d6465ef-cffa-473a-a4c6-a9aa3f1a26c0:group-339F762A74D8:LeaderElection10] INFO  impl.RoleInfo (RoleInfo.java:updateAndGet(143)) - 2d6465ef-cffa-473a-a4c6-a9aa3f1a26c0: start LeaderState
2019-09-20 04:48:52,187 [2d6465ef-cffa-473a-a4c6-a9aa3f1a26c0:group-339F762A74D8:LeaderElection10] INFO  segmented.SegmentedRaftLogWorker (SegmentedRaftLogWorker.java:startLogSegment(380)) - 2d6465ef-cffa-473a-a4c6-a9aa3f1a26c0-SegmentedRaftLogWorker:Storage Directory /workdir/hadoop-ozone/integration-test/target/test-dir/MiniOzoneClusterImpl-c00aaa5b-d63b-4769-9462-6a4c88d2a8bf/datanode-2/data/ratis/5e7f368f-a9b9-4100-8a00-339f762a74d8: Starting segment from index:0
2019-09-20 04:48:52,187 [2d6465ef-cffa-473a-a4c6-a9aa3f1a26c0:group-339F762A74D8:LeaderElection10] INFO  impl.RaftServerImpl (ServerState.java:setRaftConf(361)) - 2d6465ef-cffa-473a-a4c6-a9aa3f1a26c0:group-339F762A74D8 set configuration 0: [2d6465ef-cffa-473a-a4c6-a9aa3f1a26c0:192.168.36.79:46837], old=null at 0
2019-09-20 04:48:52,223 [pool-27-thread-1] INFO  storage.RaftStorageDirectory (RaftStorageDirectory.java:tryLock(328)) - Lock on /workdir/hadoop-ozone/integration-test/target/test-dir/MiniOzoneClusterImpl-c00aaa5b-d63b-4769-9462-6a4c88d2a8bf/datanode-0/data/ratis/3a175501-87f1-4253-8811-a865c5b6e9f6/in_use.lock acquired by nodename 9457@pr-hdds-1569-s8kj2-2266485376
2019-09-20 04:48:52,224 [Thread-272] INFO  impl.FollowerState (FollowerState.java:run(106)) - ea71b9af-1075-4196-9693-aa14e10f536d:group-ED393AB07062 changes to CANDIDATE, lastRpcTime:1169, electionTimeout:1164ms
2019-09-20 04:48:52,224 [Thread-272] INFO  impl.RoleInfo (RoleInfo.java:shutdownFollowerState(121)) - ea71b9af-1075-4196-9693-aa14e10f536d: shutdown FollowerState
2019-09-20 04:48:52,224 [Thread-272] INFO  impl.RaftServerImpl (RaftServerImpl.java:setRole(171)) - ea71b9af-1075-4196-9693-aa14e10f536d:group-ED393AB07062 changes role from FOLLOWER to CANDIDATE at term 0 for changeToCandidate
2019-09-20 04:48:52,224 [Thread-272] INFO  impl.RoleInfo (RoleInfo.java:updateAndGet(143)) - ea71b9af-1075-4196-9693-aa14e10f536d: start LeaderElection
2019-09-20 04:48:52,254 | INFO  | SCMAudit | user=jenkins1000 | ip=192.168.36.79 | op=SEND_HEARTBEAT {datanodeUUID=8d97392c-5f4b-400a-94a1-fb61a3ebbc99, command=[]} | ret=SUCCESS |  
2019-09-20 04:48:52,263 [2d6465ef-cffa-473a-a4c6-a9aa3f1a26c0-SegmentedRaftLogWorker:Storage Directory /workdir/hadoop-ozone/integration-test/target/test-dir/MiniOzoneClusterImpl-c00aaa5b-d63b-4769-9462-6a4c88d2a8bf/datanode-2/data/ratis/5e7f368f-a9b9-4100-8a00-339f762a74d8] INFO  segmented.SegmentedRaftLogWorker (SegmentedRaftLogWorker.java:execute(569)) - 2d6465ef-cffa-473a-a4c6-a9aa3f1a26c0-SegmentedRaftLogWorker:Storage Directory /workdir/hadoop-ozone/integration-test/target/test-dir/MiniOzoneClusterImpl-c00aaa5b-d63b-4769-9462-6a4c88d2a8bf/datanode-2/data/ratis/5e7f368f-a9b9-4100-8a00-339f762a74d8: created new log segment /workdir/hadoop-ozone/integration-test/target/test-dir/MiniOzoneClusterImpl-c00aaa5b-d63b-4769-9462-6a4c88d2a8bf/datanode-2/data/ratis/5e7f368f-a9b9-4100-8a00-339f762a74d8/current/log_inprogress_0
2019-09-20 04:48:52,263 [pool-27-thread-1] INFO  storage.RaftStorage (RaftStorage.java:format(72)) - Storage directory /workdir/hadoop-ozone/integration-test/target/test-dir/MiniOzoneClusterImpl-c00aaa5b-d63b-4769-9462-6a4c88d2a8bf/datanode-0/data/ratis/3a175501-87f1-4253-8811-a865c5b6e9f6 has been successfully formatted.
2019-09-20 04:48:52,263 [ea71b9af-1075-4196-9693-aa14e10f536d:group-ED393AB07062:LeaderElection11] INFO  impl.LeaderElection (LeaderElection.java:askForVotes(181)) - ea71b9af-1075-4196-9693-aa14e10f536d:group-ED393AB07062:LeaderElection11: begin an election at term 1 for -1: [ea71b9af-1075-4196-9693-aa14e10f536d:192.168.36.79:41553], old=null
2019-09-20 04:48:52,266 [pool-27-thread-1] INFO  ratis.ContainerStateMachine (ContainerStateMachine.java:loadSnapshot(226)) - group-A865C5B6E9F6: The snapshot info is null. Setting the last applied indexto:(t:0, i:~)
2019-09-20 04:48:52,266 [ea71b9af-1075-4196-9693-aa14e10f536d:group-ED393AB07062:LeaderElection11] INFO  impl.RoleInfo (RoleInfo.java:shutdownLeaderElection(134)) - ea71b9af-1075-4196-9693-aa14e10f536d: shutdown LeaderElection
2019-09-20 04:48:52,266 [pool-27-thread-1] INFO  server.RaftServerConfigKeys (ConfUtils.java:logGet(43)) - raft.server.leader.election.timeout = 120s (custom)
2019-09-20 04:48:52,266 [ea71b9af-1075-4196-9693-aa14e10f536d:group-ED393AB07062:LeaderElection11] INFO  impl.RaftServerImpl (RaftServerImpl.java:setRole(171)) - ea71b9af-1075-4196-9693-aa14e10f536d:group-ED393AB07062 changes role from CANDIDATE to LEADER at term 1 for changeToLeader
2019-09-20 04:48:52,266 [pool-27-thread-1] INFO  server.RaftServerConfigKeys (ConfUtils.java:logGet(43)) - raft.server.log.use.memory = false (default)
2019-09-20 04:48:52,266 [ea71b9af-1075-4196-9693-aa14e10f536d:group-ED393AB07062:LeaderElection11] INFO  impl.RaftServerImpl (ServerState.java:setLeader(263)) - ea71b9af-1075-4196-9693-aa14e10f536d:group-ED393AB07062 change Leader from null to ea71b9af-1075-4196-9693-aa14e10f536d at term 1 for becomeLeader, leader elected after 1216ms
2019-09-20 04:48:52,267 [pool-27-thread-1] INFO  server.RaftServerConfigKeys (ConfUtils.java:logGet(43)) - raft.server.log.purge.gap = 1000000 (custom)
2019-09-20 04:48:52,267 [ea71b9af-1075-4196-9693-aa14e10f536d:group-ED393AB07062:LeaderElection11] INFO  server.RaftServerConfigKeys (ConfUtils.java:logGet(43)) - raft.server.staging.catchup.gap = 1000 (default)
2019-09-20 04:48:52,267 [pool-27-thread-1] INFO  server.RaftServerConfigKeys (ConfUtils.java:logGet(43)) - raft.server.log.appender.buffer.byte-limit = 33554432 (custom)
2019-09-20 04:48:52,267 [ea71b9af-1075-4196-9693-aa14e10f536d:group-ED393AB07062:LeaderElection11] INFO  server.RaftServerConfigKeys (ConfUtils.java:logGet(43)) - raft.server.rpc.sleep.time = 25ms (default)
2019-09-20 04:48:52,267 [pool-27-thread-1] INFO  server.RaftServerConfigKeys (ConfUtils.java:logGet(43)) - raft.server.log.segment.size.max = 1048576 (custom)
2019-09-20 04:48:52,267 [ea71b9af-1075-4196-9693-aa14e10f536d:group-ED393AB07062:LeaderElection11] INFO  server.RaftServerConfigKeys (ConfUtils.java:logGet(43)) - raft.server.write.element-limit = 4096 (default)
2019-09-20 04:48:52,267 [pool-27-thread-1] INFO  server.RaftServerConfigKeys (ConfUtils.java:logGet(43)) - raft.server.log.segment.cache.num.max = 2 (custom)
2019-09-20 04:48:52,268 [ea71b9af-1075-4196-9693-aa14e10f536d:group-ED393AB07062:LeaderElection11] INFO  server.RaftServerConfigKeys (ConfUtils.java:logGet(43)) - raft.server.watch.timeout = 10s (default)
2019-09-20 04:48:52,268 [pool-27-thread-1] INFO  segmented.SegmentedRaftLogWorker (SegmentedRaftLogWorker.java:<init>(172)) - new ea71b9af-1075-4196-9693-aa14e10f536d-SegmentedRaftLogWorker:Storage Directory /workdir/hadoop-ozone/integration-test/target/test-dir/MiniOzoneClusterImpl-c00aaa5b-d63b-4769-9462-6a4c88d2a8bf/datanode-0/data/ratis/3a175501-87f1-4253-8811-a865c5b6e9f6 for RaftStorage:Storage Directory /workdir/hadoop-ozone/integration-test/target/test-dir/MiniOzoneClusterImpl-c00aaa5b-d63b-4769-9462-6a4c88d2a8bf/datanode-0/data/ratis/3a175501-87f1-4253-8811-a865c5b6e9f6
2019-09-20 04:48:52,268 [ea71b9af-1075-4196-9693-aa14e10f536d:group-ED393AB07062:LeaderElection11] INFO  server.RaftServerConfigKeys (ConfUtils.java:logGet(43)) - raft.server.watch.timeout.denomination = 1s (default)
2019-09-20 04:48:52,268 [pool-27-thread-1] INFO  server.RaftServerConfigKeys (ConfUtils.java:logGet(43)) - raft.server.log.queue.byte-limit = 2147483647 (custom)
2019-09-20 04:48:52,268 [ea71b9af-1075-4196-9693-aa14e10f536d:group-ED393AB07062:LeaderElection11] INFO  server.RaftServerConfigKeys (ConfUtils.java:logGet(43)) - raft.server.watch.element-limit = 65536 (default)
2019-09-20 04:48:52,270 [pool-27-thread-1] INFO  server.RaftServerConfigKeys (ConfUtils.java:logGet(43)) - raft.server.log.queue.element-limit = 1024 (custom)
2019-09-20 04:48:52,270 [ea71b9af-1075-4196-9693-aa14e10f536d:group-ED393AB07062:LeaderElection11] INFO  impl.RoleInfo (RoleInfo.java:updateAndGet(143)) - ea71b9af-1075-4196-9693-aa14e10f536d: start LeaderState
2019-09-20 04:48:52,270 [pool-27-thread-1] INFO  server.RaftServerConfigKeys (ConfUtils.java:logGet(43)) - raft.server.log.segment.size.max = 1048576 (custom)
2019-09-20 04:48:52,271 [ea71b9af-1075-4196-9693-aa14e10f536d:group-ED393AB07062:LeaderElection11] INFO  segmented.SegmentedRaftLogWorker (SegmentedRaftLogWorker.java:startLogSegment(380)) - ea71b9af-1075-4196-9693-aa14e10f536d-SegmentedRaftLogWorker:Storage Directory /workdir/hadoop-ozone/integration-test/target/test-dir/MiniOzoneClusterImpl-c00aaa5b-d63b-4769-9462-6a4c88d2a8bf/datanode-0/data/ratis/45c2f237-be72-4996-a59f-ed393ab07062: Starting segment from index:0
2019-09-20 04:48:52,271 [pool-27-thread-1] INFO  server.RaftServerConfigKeys (ConfUtils.java:logGet(43)) - raft.server.log.preallocated.size = 16384 (custom)
2019-09-20 04:48:52,271 [pool-27-thread-1] INFO  server.RaftServerConfigKeys (ConfUtils.java:logGet(43)) - raft.server.log.write.buffer.size = 33554432 (custom)
2019-09-20 04:48:52,271 [ea71b9af-1075-4196-9693-aa14e10f536d:group-ED393AB07062:LeaderElection11] INFO  impl.RaftServerImpl (ServerState.java:setRaftConf(361)) - ea71b9af-1075-4196-9693-aa14e10f536d:group-ED393AB07062 set configuration 0: [ea71b9af-1075-4196-9693-aa14e10f536d:192.168.36.79:41553], old=null at 0
2019-09-20 04:48:52,271 [pool-27-thread-1] INFO  server.RaftServerConfigKeys (ConfUtils.java:logGet(43)) - raft.server.log.force.sync.num = 128 (default)
2019-09-20 04:48:52,306 [Thread-276] INFO  impl.FollowerState (FollowerState.java:run(106)) - 2702b462-69d8-4c1b-aae1-091a21fe08b8:group-E03A938F5135 changes to CANDIDATE, lastRpcTime:1148, electionTimeout:1116ms
2019-09-20 04:48:52,306 [pool-27-thread-1] INFO  server.RaftServerConfigKeys (ConfUtils.java:logGet(43)) - raft.server.log.statemachine.data.sync = true (default)
2019-09-20 04:48:52,307 [Thread-276] INFO  impl.RoleInfo (RoleInfo.java:shutdownFollowerState(121)) - 2702b462-69d8-4c1b-aae1-091a21fe08b8: shutdown FollowerState
2019-09-20 04:48:52,307 [pool-27-thread-1] INFO  server.RaftServerConfigKeys (ConfUtils.java:logGet(43)) - raft.server.log.statemachine.data.sync.timeout = 10s (default)
2019-09-20 04:48:52,307 [Thread-276] INFO  impl.RaftServerImpl (RaftServerImpl.java:setRole(171)) - 2702b462-69d8-4c1b-aae1-091a21fe08b8:group-E03A938F5135 changes role from FOLLOWER to CANDIDATE at term 0 for changeToCandidate
2019-09-20 04:48:52,307 [pool-27-thread-1] INFO  server.RaftServerConfigKeys (ConfUtils.java:logGet(43)) - raft.server.log.statemachine.data.sync.timeout.retry = -1 (default)
2019-09-20 04:48:52,307 [Thread-276] INFO  impl.RoleInfo (RoleInfo.java:updateAndGet(143)) - 2702b462-69d8-4c1b-aae1-091a21fe08b8: start LeaderElection
2019-09-20 04:48:52,308 [pool-27-thread-1] INFO  server.RaftServerConfigKeys (ConfUtils.java:logGet(43)) - raft.server.log.statemachine.data.caching.enabled = true (custom)
2019-09-20 04:48:52,314 [pool-27-thread-1] INFO  segmented.SegmentedRaftLogWorker (SegmentedRaftLogWorker.java:lambda$new$0(132)) - ea71b9af-1075-4196-9693-aa14e10f536d-SegmentedRaftLogWorker:Storage Directory /workdir/hadoop-ozone/integration-test/target/test-dir/MiniOzoneClusterImpl-c00aaa5b-d63b-4769-9462-6a4c88d2a8bf/datanode-0/data/ratis/3a175501-87f1-4253-8811-a865c5b6e9f6: flushIndex: setUnconditionally 0 -> -1
2019-09-20 04:48:52,314 [pool-27-thread-1] INFO  server.RaftServerConfigKeys (ConfUtils.java:logGet(43)) - raft.server.snapshot.auto.trigger.enabled = true (custom)
2019-09-20 04:48:52,314 [pool-27-thread-1] INFO  server.RaftServerConfigKeys (ConfUtils.java:logGet(43)) - raft.server.snapshot.auto.trigger.threshold = 10000 (custom)
2019-09-20 04:48:52,314 [pool-27-thread-1] INFO  server.RaftServerConfigKeys (ConfUtils.java:logGet(43)) - raft.server.retrycache.expirytime = 600000ms (custom)
2019-09-20 04:48:52,315 [pool-27-thread-1] INFO  impl.RaftServerImpl (RaftServerImpl.java:start(180)) - ea71b9af-1075-4196-9693-aa14e10f536d: start group-A865C5B6E9F6
2019-09-20 04:48:52,315 [pool-27-thread-1] INFO  impl.RaftServerImpl (RaftServerImpl.java:setRole(171)) - ea71b9af-1075-4196-9693-aa14e10f536d:group-A865C5B6E9F6 changes role from null to FOLLOWER at term 0 for startAsFollower
2019-09-20 04:48:52,315 [pool-27-thread-1] INFO  impl.RoleInfo (RoleInfo.java:updateAndGet(143)) - ea71b9af-1075-4196-9693-aa14e10f536d: start FollowerState
2019-09-20 04:48:52,316 [pool-27-thread-1] INFO  util.JmxRegister (JmxRegister.java:tryRegister(44)) - Successfully registered JMX Bean with object name Ratis:service=RaftServer,group=group-A865C5B6E9F6,id=ea71b9af-1075-4196-9693-aa14e10f536d
2019-09-20 04:48:52,321 [RatisPipelineUtilsThread] INFO  pipeline.PipelineStateManager (PipelineStateManager.java:addPipeline(56)) - Created pipeline Pipeline[ Id: 3a175501-87f1-4253-8811-a865c5b6e9f6, Nodes: ea71b9af-1075-4196-9693-aa14e10f536d{ip: 192.168.36.79, host: pr-hdds-1569-s8kj2-2266485376, networkLocation: /default-rack, certSerialId: null}, Type:RATIS, Factor:ONE, State:OPEN]
2019-09-20 04:48:52,321 [RatisPipelineUtilsThread] INFO  pipeline.PipelinePlacementPolicy (PipelinePlacementPolicy.java:meetCriteria(91)) - Pipeline Placement: Doesn't meet the criteria to be viable node： 42fc6e92-fcdd-4827-b621-9fc58a3d2315 Heaviness: 6 limit: 5
2019-09-20 04:48:52,321 [RatisPipelineUtilsThread] INFO  pipeline.PipelinePlacementPolicy (PipelinePlacementPolicy.java:meetCriteria(91)) - Pipeline Placement: Doesn't meet the criteria to be viable node： 2d6465ef-cffa-473a-a4c6-a9aa3f1a26c0 Heaviness: 6 limit: 5
2019-09-20 04:48:52,330 [grpc-default-executor-1] INFO  impl.RaftServerProxy (RaftServerProxy.java:addNew(89)) - 2702b462-69d8-4c1b-aae1-091a21fe08b8: addNew group-9BB83BEFD318:[2702b462-69d8-4c1b-aae1-091a21fe08b8:192.168.36.79:42637] returns group-9BB83BEFD318:java.util.concurrent.CompletableFuture@651c95a7[Not completed]
2019-09-20 04:48:52,332 [pool-60-thread-1] INFO  impl.RaftServerImpl (RaftServerImpl.java:<init>(93)) - 2702b462-69d8-4c1b-aae1-091a21fe08b8: new RaftServerImpl for group-9BB83BEFD318:[2702b462-69d8-4c1b-aae1-091a21fe08b8:192.168.36.79:42637] with ContainerStateMachine:uninitialized
2019-09-20 04:48:52,332 [pool-60-thread-1] INFO  server.RaftServerConfigKeys (ConfUtils.java:logGet(43)) - raft.server.rpc.timeout.min = 1s (custom)
2019-09-20 04:48:52,332 [pool-60-thread-1] INFO  server.RaftServerConfigKeys (ConfUtils.java:logGet(43)) - raft.server.rpc.timeout.max = 1200ms (custom)
2019-09-20 04:48:52,332 [pool-60-thread-1] INFO  server.RaftServerConfigKeys (ConfUtils.java:logGet(43)) - raft.server.rpcslowness.timeout = 120s (custom)
2019-09-20 04:48:52,332 [pool-60-thread-1] INFO  server.RaftServerConfigKeys (ConfUtils.java:logGet(43)) - raft.server.sleep.deviation.threshold = 300 (default)
2019-09-20 04:48:52,332 [pool-60-thread-1] INFO  server.RaftServerConfigKeys (ConfUtils.java:logGet(43)) - raft.server.log.appender.install.snapshot.enabled = false (custom)
2019-09-20 04:48:52,332 [pool-60-thread-1] INFO  impl.RaftServerImpl (ServerState.java:<init>(105)) - 2702b462-69d8-4c1b-aae1-091a21fe08b8:group-9BB83BEFD318 ConfigurationManager, init=-1: [2702b462-69d8-4c1b-aae1-091a21fe08b8:192.168.36.79:42637], old=null, confs=<EMPTY_MAP>
2019-09-20 04:48:52,333 [pool-60-thread-1] INFO  server.RaftServerConfigKeys (ConfUtils.java:logGet(43)) - raft.server.storage.dir = [/workdir/hadoop-ozone/integration-test/target/test-dir/MiniOzoneClusterImpl-c00aaa5b-d63b-4769-9462-6a4c88d2a8bf/datanode-3/data/ratis] (custom)
2019-09-20 04:48:52,333 [pool-60-thread-1] INFO  storage.RaftStorageDirectory (RaftStorageDirectory.java:analyzeStorage(246)) - The storage directory /workdir/hadoop-ozone/integration-test/target/test-dir/MiniOzoneClusterImpl-c00aaa5b-d63b-4769-9462-6a4c88d2a8bf/datanode-3/data/ratis/ba2adbf9-ebd0-40b4-be3a-9bb83befd318 does not exist. Creating ...
2019-09-20 04:48:52,359 [pool-60-thread-1] INFO  storage.RaftStorageDirectory (RaftStorageDirectory.java:tryLock(328)) - Lock on /workdir/hadoop-ozone/integration-test/target/test-dir/MiniOzoneClusterImpl-c00aaa5b-d63b-4769-9462-6a4c88d2a8bf/datanode-3/data/ratis/ba2adbf9-ebd0-40b4-be3a-9bb83befd318/in_use.lock acquired by nodename 9457@pr-hdds-1569-s8kj2-2266485376
2019-09-20 04:48:52,359 [ea71b9af-1075-4196-9693-aa14e10f536d-SegmentedRaftLogWorker:Storage Directory /workdir/hadoop-ozone/integration-test/target/test-dir/MiniOzoneClusterImpl-c00aaa5b-d63b-4769-9462-6a4c88d2a8bf/datanode-0/data/ratis/45c2f237-be72-4996-a59f-ed393ab07062] INFO  segmented.SegmentedRaftLogWorker (SegmentedRaftLogWorker.java:execute(569)) - ea71b9af-1075-4196-9693-aa14e10f536d-SegmentedRaftLogWorker:Storage Directory /workdir/hadoop-ozone/integration-test/target/test-dir/MiniOzoneClusterImpl-c00aaa5b-d63b-4769-9462-6a4c88d2a8bf/datanode-0/data/ratis/45c2f237-be72-4996-a59f-ed393ab07062: created new log segment /workdir/hadoop-ozone/integration-test/target/test-dir/MiniOzoneClusterImpl-c00aaa5b-d63b-4769-9462-6a4c88d2a8bf/datanode-0/data/ratis/45c2f237-be72-4996-a59f-ed393ab07062/current/log_inprogress_0
2019-09-20 04:48:52,359 [2702b462-69d8-4c1b-aae1-091a21fe08b8:group-E03A938F5135:LeaderElection12] INFO  impl.LeaderElection (LeaderElection.java:askForVotes(181)) - 2702b462-69d8-4c1b-aae1-091a21fe08b8:group-E03A938F5135:LeaderElection12: begin an election at term 1 for -1: [2702b462-69d8-4c1b-aae1-091a21fe08b8:192.168.36.79:42637], old=null
2019-09-20 04:48:52,360 [2702b462-69d8-4c1b-aae1-091a21fe08b8:group-E03A938F5135:LeaderElection12] INFO  impl.RoleInfo (RoleInfo.java:shutdownLeaderElection(134)) - 2702b462-69d8-4c1b-aae1-091a21fe08b8: shutdown LeaderElection
2019-09-20 04:48:52,360 [2702b462-69d8-4c1b-aae1-091a21fe08b8:group-E03A938F5135:LeaderElection12] INFO  impl.RaftServerImpl (RaftServerImpl.java:setRole(171)) - 2702b462-69d8-4c1b-aae1-091a21fe08b8:group-E03A938F5135 changes role from CANDIDATE to LEADER at term 1 for changeToLeader
2019-09-20 04:48:52,360 [2702b462-69d8-4c1b-aae1-091a21fe08b8:group-E03A938F5135:LeaderElection12] INFO  impl.RaftServerImpl (ServerState.java:setLeader(263)) - 2702b462-69d8-4c1b-aae1-091a21fe08b8:group-E03A938F5135 change Leader from null to 2702b462-69d8-4c1b-aae1-091a21fe08b8 at term 1 for becomeLeader, leader elected after 1209ms
2019-09-20 04:48:52,360 [2702b462-69d8-4c1b-aae1-091a21fe08b8:group-E03A938F5135:LeaderElection12] INFO  server.RaftServerConfigKeys (ConfUtils.java:logGet(43)) - raft.server.staging.catchup.gap = 1000 (default)
2019-09-20 04:48:52,360 [2702b462-69d8-4c1b-aae1-091a21fe08b8:group-E03A938F5135:LeaderElection12] INFO  server.RaftServerConfigKeys (ConfUtils.java:logGet(43)) - raft.server.rpc.sleep.time = 25ms (default)
2019-09-20 04:48:52,360 [2702b462-69d8-4c1b-aae1-091a21fe08b8:group-E03A938F5135:LeaderElection12] INFO  server.RaftServerConfigKeys (ConfUtils.java:logGet(43)) - raft.server.write.element-limit = 4096 (default)
2019-09-20 04:48:52,360 [2702b462-69d8-4c1b-aae1-091a21fe08b8:group-E03A938F5135:LeaderElection12] INFO  server.RaftServerConfigKeys (ConfUtils.java:logGet(43)) - raft.server.watch.timeout = 10s (default)
2019-09-20 04:48:52,360 [2702b462-69d8-4c1b-aae1-091a21fe08b8:group-E03A938F5135:LeaderElection12] INFO  server.RaftServerConfigKeys (ConfUtils.java:logGet(43)) - raft.server.watch.timeout.denomination = 1s (default)
2019-09-20 04:48:52,360 [2702b462-69d8-4c1b-aae1-091a21fe08b8:group-E03A938F5135:LeaderElection12] INFO  server.RaftServerConfigKeys (ConfUtils.java:logGet(43)) - raft.server.watch.element-limit = 65536 (default)
2019-09-20 04:48:52,361 [2702b462-69d8-4c1b-aae1-091a21fe08b8:group-E03A938F5135:LeaderElection12] INFO  impl.RoleInfo (RoleInfo.java:updateAndGet(143)) - 2702b462-69d8-4c1b-aae1-091a21fe08b8: start LeaderState
2019-09-20 04:48:52,361 [2702b462-69d8-4c1b-aae1-091a21fe08b8:group-E03A938F5135:LeaderElection12] INFO  segmented.SegmentedRaftLogWorker (SegmentedRaftLogWorker.java:startLogSegment(380)) - 2702b462-69d8-4c1b-aae1-091a21fe08b8-SegmentedRaftLogWorker:Storage Directory /workdir/hadoop-ozone/integration-test/target/test-dir/MiniOzoneClusterImpl-c00aaa5b-d63b-4769-9462-6a4c88d2a8bf/datanode-3/data/ratis/5522bc2d-33fe-45aa-866f-e03a938f5135: Starting segment from index:0
2019-09-20 04:48:52,361 [2702b462-69d8-4c1b-aae1-091a21fe08b8:group-E03A938F5135:LeaderElection12] INFO  impl.RaftServerImpl (ServerState.java:setRaftConf(361)) - 2702b462-69d8-4c1b-aae1-091a21fe08b8:group-E03A938F5135 set configuration 0: [2702b462-69d8-4c1b-aae1-091a21fe08b8:192.168.36.79:42637], old=null at 0
2019-09-20 04:48:52,397 [pool-60-thread-1] INFO  storage.RaftStorage (RaftStorage.java:format(72)) - Storage directory /workdir/hadoop-ozone/integration-test/target/test-dir/MiniOzoneClusterImpl-c00aaa5b-d63b-4769-9462-6a4c88d2a8bf/datanode-3/data/ratis/ba2adbf9-ebd0-40b4-be3a-9bb83befd318 has been successfully formatted.
2019-09-20 04:48:52,399 [pool-60-thread-1] INFO  ratis.ContainerStateMachine (ContainerStateMachine.java:loadSnapshot(226)) - group-9BB83BEFD318: The snapshot info is null. Setting the last applied indexto:(t:0, i:~)
2019-09-20 04:48:52,400 [pool-60-thread-1] INFO  server.RaftServerConfigKeys (ConfUtils.java:logGet(43)) - raft.server.leader.election.timeout = 120s (custom)
2019-09-20 04:48:52,400 [pool-60-thread-1] INFO  server.RaftServerConfigKeys (ConfUtils.java:logGet(43)) - raft.server.log.use.memory = false (default)
2019-09-20 04:48:52,400 [pool-60-thread-1] INFO  server.RaftServerConfigKeys (ConfUtils.java:logGet(43)) - raft.server.log.purge.gap = 1000000 (custom)
2019-09-20 04:48:52,400 [pool-60-thread-1] INFO  server.RaftServerConfigKeys (ConfUtils.java:logGet(43)) - raft.server.log.appender.buffer.byte-limit = 33554432 (custom)
2019-09-20 04:48:52,400 [pool-60-thread-1] INFO  server.RaftServerConfigKeys (ConfUtils.java:logGet(43)) - raft.server.log.segment.size.max = 1048576 (custom)
2019-09-20 04:48:52,400 [pool-60-thread-1] INFO  server.RaftServerConfigKeys (ConfUtils.java:logGet(43)) - raft.server.log.segment.cache.num.max = 2 (custom)
2019-09-20 04:48:52,400 [pool-60-thread-1] INFO  segmented.SegmentedRaftLogWorker (SegmentedRaftLogWorker.java:<init>(172)) - new 2702b462-69d8-4c1b-aae1-091a21fe08b8-SegmentedRaftLogWorker:Storage Directory /workdir/hadoop-ozone/integration-test/target/test-dir/MiniOzoneClusterImpl-c00aaa5b-d63b-4769-9462-6a4c88d2a8bf/datanode-3/data/ratis/ba2adbf9-ebd0-40b4-be3a-9bb83befd318 for RaftStorage:Storage Directory /workdir/hadoop-ozone/integration-test/target/test-dir/MiniOzoneClusterImpl-c00aaa5b-d63b-4769-9462-6a4c88d2a8bf/datanode-3/data/ratis/ba2adbf9-ebd0-40b4-be3a-9bb83befd318
2019-09-20 04:48:52,401 [pool-60-thread-1] INFO  server.RaftServerConfigKeys (ConfUtils.java:logGet(43)) - raft.server.log.queue.byte-limit = 2147483647 (custom)
2019-09-20 04:48:52,401 [pool-60-thread-1] INFO  server.RaftServerConfigKeys (ConfUtils.java:logGet(43)) - raft.server.log.queue.element-limit = 1024 (custom)
2019-09-20 04:48:52,401 [pool-60-thread-1] INFO  server.RaftServerConfigKeys (ConfUtils.java:logGet(43)) - raft.server.log.segment.size.max = 1048576 (custom)
2019-09-20 04:48:52,401 [pool-60-thread-1] INFO  server.RaftServerConfigKeys (ConfUtils.java:logGet(43)) - raft.server.log.preallocated.size = 16384 (custom)
2019-09-20 04:48:52,401 [pool-60-thread-1] INFO  server.RaftServerConfigKeys (ConfUtils.java:logGet(43)) - raft.server.log.write.buffer.size = 33554432 (custom)
2019-09-20 04:48:52,401 [pool-60-thread-1] INFO  server.RaftServerConfigKeys (ConfUtils.java:logGet(43)) - raft.server.log.force.sync.num = 128 (default)
2019-09-20 04:48:52,401 [pool-60-thread-1] INFO  server.RaftServerConfigKeys (ConfUtils.java:logGet(43)) - raft.server.log.statemachine.data.sync = true (default)
2019-09-20 04:48:52,402 [pool-60-thread-1] INFO  server.RaftServerConfigKeys (ConfUtils.java:logGet(43)) - raft.server.log.statemachine.data.sync.timeout = 10s (default)
2019-09-20 04:48:52,402 [pool-60-thread-1] INFO  server.RaftServerConfigKeys (ConfUtils.java:logGet(43)) - raft.server.log.statemachine.data.sync.timeout.retry = -1 (default)
2019-09-20 04:48:52,402 [pool-60-thread-1] INFO  server.RaftServerConfigKeys (ConfUtils.java:logGet(43)) - raft.server.log.statemachine.data.caching.enabled = true (custom)
2019-09-20 04:48:52,402 [pool-60-thread-1] INFO  segmented.SegmentedRaftLogWorker (SegmentedRaftLogWorker.java:lambda$new$0(132)) - 2702b462-69d8-4c1b-aae1-091a21fe08b8-SegmentedRaftLogWorker:Storage Directory /workdir/hadoop-ozone/integration-test/target/test-dir/MiniOzoneClusterImpl-c00aaa5b-d63b-4769-9462-6a4c88d2a8bf/datanode-3/data/ratis/ba2adbf9-ebd0-40b4-be3a-9bb83befd318: flushIndex: setUnconditionally 0 -> -1
2019-09-20 04:48:52,403 [pool-60-thread-1] INFO  server.RaftServerConfigKeys (ConfUtils.java:logGet(43)) - raft.server.snapshot.auto.trigger.enabled = true (custom)
2019-09-20 04:48:52,403 [pool-60-thread-1] INFO  server.RaftServerConfigKeys (ConfUtils.java:logGet(43)) - raft.server.snapshot.auto.trigger.threshold = 10000 (custom)
2019-09-20 04:48:52,403 [pool-60-thread-1] INFO  server.RaftServerConfigKeys (ConfUtils.java:logGet(43)) - raft.server.retrycache.expirytime = 600000ms (custom)
2019-09-20 04:48:52,403 [pool-60-thread-1] INFO  impl.RaftServerImpl (RaftServerImpl.java:start(180)) - 2702b462-69d8-4c1b-aae1-091a21fe08b8: start group-9BB83BEFD318
2019-09-20 04:48:52,404 [pool-60-thread-1] INFO  impl.RaftServerImpl (RaftServerImpl.java:setRole(171)) - 2702b462-69d8-4c1b-aae1-091a21fe08b8:group-9BB83BEFD318 changes role from null to FOLLOWER at term 0 for startAsFollower
2019-09-20 04:48:52,404 [pool-60-thread-1] INFO  impl.RoleInfo (RoleInfo.java:updateAndGet(143)) - 2702b462-69d8-4c1b-aae1-091a21fe08b8: start FollowerState
2019-09-20 04:48:52,404 [pool-60-thread-1] INFO  util.JmxRegister (JmxRegister.java:tryRegister(44)) - Successfully registered JMX Bean with object name Ratis:service=RaftServer,group=group-9BB83BEFD318,id=2702b462-69d8-4c1b-aae1-091a21fe08b8
2019-09-20 04:48:52,405 [Thread-280] INFO  impl.FollowerState (FollowerState.java:run(106)) - ea71b9af-1075-4196-9693-aa14e10f536d:group-797EFAA2CF75 changes to CANDIDATE, lastRpcTime:1167, electionTimeout:1167ms
2019-09-20 04:48:52,408 [Thread-280] INFO  impl.RoleInfo (RoleInfo.java:shutdownFollowerState(121)) - ea71b9af-1075-4196-9693-aa14e10f536d: shutdown FollowerState
2019-09-20 04:48:52,411 [Thread-280] INFO  impl.RaftServerImpl (RaftServerImpl.java:setRole(171)) - ea71b9af-1075-4196-9693-aa14e10f536d:group-797EFAA2CF75 changes role from FOLLOWER to CANDIDATE at term 0 for changeToCandidate
2019-09-20 04:48:52,411 [Thread-280] INFO  impl.RoleInfo (RoleInfo.java:updateAndGet(143)) - ea71b9af-1075-4196-9693-aa14e10f536d: start LeaderElection
2019-09-20 04:48:52,418 [RatisPipelineUtilsThread] INFO  pipeline.PipelineStateManager (PipelineStateManager.java:addPipeline(56)) - Created pipeline Pipeline[ Id: ba2adbf9-ebd0-40b4-be3a-9bb83befd318, Nodes: 2702b462-69d8-4c1b-aae1-091a21fe08b8{ip: 192.168.36.79, host: pr-hdds-1569-s8kj2-2266485376, networkLocation: /default-rack, certSerialId: null}, Type:RATIS, Factor:ONE, State:OPEN]
2019-09-20 04:48:52,418 [RatisPipelineUtilsThread] INFO  pipeline.PipelinePlacementPolicy (PipelinePlacementPolicy.java:meetCriteria(91)) - Pipeline Placement: Doesn't meet the criteria to be viable node： 42fc6e92-fcdd-4827-b621-9fc58a3d2315 Heaviness: 6 limit: 5
2019-09-20 04:48:52,418 [RatisPipelineUtilsThread] INFO  pipeline.PipelinePlacementPolicy (PipelinePlacementPolicy.java:meetCriteria(91)) - Pipeline Placement: Doesn't meet the criteria to be viable node： 2d6465ef-cffa-473a-a4c6-a9aa3f1a26c0 Heaviness: 6 limit: 5
2019-09-20 04:48:52,418 [RatisPipelineUtilsThread] INFO  pipeline.PipelinePlacementPolicy (PipelinePlacementPolicy.java:meetCriteria(91)) - Pipeline Placement: Doesn't meet the criteria to be viable node： 2702b462-69d8-4c1b-aae1-091a21fe08b8 Heaviness: 6 limit: 5
2019-09-20 04:48:52,422 [2702b462-69d8-4c1b-aae1-091a21fe08b8-SegmentedRaftLogWorker:Storage Directory /workdir/hadoop-ozone/integration-test/target/test-dir/MiniOzoneClusterImpl-c00aaa5b-d63b-4769-9462-6a4c88d2a8bf/datanode-3/data/ratis/5522bc2d-33fe-45aa-866f-e03a938f5135] INFO  segmented.SegmentedRaftLogWorker (SegmentedRaftLogWorker.java:execute(569)) - 2702b462-69d8-4c1b-aae1-091a21fe08b8-SegmentedRaftLogWorker:Storage Directory /workdir/hadoop-ozone/integration-test/target/test-dir/MiniOzoneClusterImpl-c00aaa5b-d63b-4769-9462-6a4c88d2a8bf/datanode-3/data/ratis/5522bc2d-33fe-45aa-866f-e03a938f5135: created new log segment /workdir/hadoop-ozone/integration-test/target/test-dir/MiniOzoneClusterImpl-c00aaa5b-d63b-4769-9462-6a4c88d2a8bf/datanode-3/data/ratis/5522bc2d-33fe-45aa-866f-e03a938f5135/current/log_inprogress_0
2019-09-20 04:48:52,428 [grpc-default-executor-1] INFO  impl.RaftServerProxy (RaftServerProxy.java:addNew(89)) - ea71b9af-1075-4196-9693-aa14e10f536d: addNew group-AE1F839E9FB1:[ea71b9af-1075-4196-9693-aa14e10f536d:192.168.36.79:41553] returns group-AE1F839E9FB1:java.util.concurrent.CompletableFuture@7b9515a7[Not completed]
2019-09-20 04:48:52,430 [pool-27-thread-1] INFO  impl.RaftServerImpl (RaftServerImpl.java:<init>(93)) - ea71b9af-1075-4196-9693-aa14e10f536d: new RaftServerImpl for group-AE1F839E9FB1:[ea71b9af-1075-4196-9693-aa14e10f536d:192.168.36.79:41553] with ContainerStateMachine:uninitialized
2019-09-20 04:48:52,431 [pool-27-thread-1] INFO  server.RaftServerConfigKeys (ConfUtils.java:logGet(43)) - raft.server.rpc.timeout.min = 1s (custom)
2019-09-20 04:48:52,432 [pool-27-thread-1] INFO  server.RaftServerConfigKeys (ConfUtils.java:logGet(43)) - raft.server.rpc.timeout.max = 1200ms (custom)
2019-09-20 04:48:52,432 [pool-27-thread-1] INFO  server.RaftServerConfigKeys (ConfUtils.java:logGet(43)) - raft.server.rpcslowness.timeout = 120s (custom)
2019-09-20 04:48:52,432 [pool-27-thread-1] INFO  server.RaftServerConfigKeys (ConfUtils.java:logGet(43)) - raft.server.sleep.deviation.threshold = 300 (default)
2019-09-20 04:48:52,432 [pool-27-thread-1] INFO  server.RaftServerConfigKeys (ConfUtils.java:logGet(43)) - raft.server.log.appender.install.snapshot.enabled = false (custom)
2019-09-20 04:48:52,432 [pool-27-thread-1] INFO  impl.RaftServerImpl (ServerState.java:<init>(105)) - ea71b9af-1075-4196-9693-aa14e10f536d:group-AE1F839E9FB1 ConfigurationManager, init=-1: [ea71b9af-1075-4196-9693-aa14e10f536d:192.168.36.79:41553], old=null, confs=<EMPTY_MAP>
2019-09-20 04:48:52,432 [pool-27-thread-1] INFO  server.RaftServerConfigKeys (ConfUtils.java:logGet(43)) - raft.server.storage.dir = [/workdir/hadoop-ozone/integration-test/target/test-dir/MiniOzoneClusterImpl-c00aaa5b-d63b-4769-9462-6a4c88d2a8bf/datanode-0/data/ratis] (custom)
2019-09-20 04:48:52,433 [pool-27-thread-1] INFO  storage.RaftStorageDirectory (RaftStorageDirectory.java:analyzeStorage(246)) - The storage directory /workdir/hadoop-ozone/integration-test/target/test-dir/MiniOzoneClusterImpl-c00aaa5b-d63b-4769-9462-6a4c88d2a8bf/datanode-0/data/ratis/43110924-5bb9-46f5-9a28-ae1f839e9fb1 does not exist. Creating ...
2019-09-20 04:48:52,438 [ea71b9af-1075-4196-9693-aa14e10f536d:group-797EFAA2CF75:LeaderElection13] INFO  impl.LeaderElection (LeaderElection.java:askForVotes(181)) - ea71b9af-1075-4196-9693-aa14e10f536d:group-797EFAA2CF75:LeaderElection13: begin an election at term 1 for -1: [ea71b9af-1075-4196-9693-aa14e10f536d:192.168.36.79:41553], old=null
2019-09-20 04:48:52,438 [ea71b9af-1075-4196-9693-aa14e10f536d:group-797EFAA2CF75:LeaderElection13] INFO  impl.RoleInfo (RoleInfo.java:shutdownLeaderElection(134)) - ea71b9af-1075-4196-9693-aa14e10f536d: shutdown LeaderElection
2019-09-20 04:48:52,438 [ea71b9af-1075-4196-9693-aa14e10f536d:group-797EFAA2CF75:LeaderElection13] INFO  impl.RaftServerImpl (RaftServerImpl.java:setRole(171)) - ea71b9af-1075-4196-9693-aa14e10f536d:group-797EFAA2CF75 changes role from CANDIDATE to LEADER at term 1 for changeToLeader
2019-09-20 04:48:52,438 [ea71b9af-1075-4196-9693-aa14e10f536d:group-797EFAA2CF75:LeaderElection13] INFO  impl.RaftServerImpl (ServerState.java:setLeader(263)) - ea71b9af-1075-4196-9693-aa14e10f536d:group-797EFAA2CF75 change Leader from null to ea71b9af-1075-4196-9693-aa14e10f536d at term 1 for becomeLeader, leader elected after 1204ms
2019-09-20 04:48:52,439 [ea71b9af-1075-4196-9693-aa14e10f536d:group-797EFAA2CF75:LeaderElection13] INFO  server.RaftServerConfigKeys (ConfUtils.java:logGet(43)) - raft.server.staging.catchup.gap = 1000 (default)
2019-09-20 04:48:52,439 [ea71b9af-1075-4196-9693-aa14e10f536d:group-797EFAA2CF75:LeaderElection13] INFO  server.RaftServerConfigKeys (ConfUtils.java:logGet(43)) - raft.server.rpc.sleep.time = 25ms (default)
2019-09-20 04:48:52,439 [ea71b9af-1075-4196-9693-aa14e10f536d:group-797EFAA2CF75:LeaderElection13] INFO  server.RaftServerConfigKeys (ConfUtils.java:logGet(43)) - raft.server.write.element-limit = 4096 (default)
2019-09-20 04:48:52,439 [ea71b9af-1075-4196-9693-aa14e10f536d:group-797EFAA2CF75:LeaderElection13] INFO  server.RaftServerConfigKeys (ConfUtils.java:logGet(43)) - raft.server.watch.timeout = 10s (default)
2019-09-20 04:48:52,439 [ea71b9af-1075-4196-9693-aa14e10f536d:group-797EFAA2CF75:LeaderElection13] INFO  server.RaftServerConfigKeys (ConfUtils.java:logGet(43)) - raft.server.watch.timeout.denomination = 1s (default)
2019-09-20 04:48:52,439 [ea71b9af-1075-4196-9693-aa14e10f536d:group-797EFAA2CF75:LeaderElection13] INFO  server.RaftServerConfigKeys (ConfUtils.java:logGet(43)) - raft.server.watch.element-limit = 65536 (default)
2019-09-20 04:48:52,440 [ea71b9af-1075-4196-9693-aa14e10f536d:group-797EFAA2CF75:LeaderElection13] INFO  impl.RoleInfo (RoleInfo.java:updateAndGet(143)) - ea71b9af-1075-4196-9693-aa14e10f536d: start LeaderState
2019-09-20 04:48:52,440 [ea71b9af-1075-4196-9693-aa14e10f536d:group-797EFAA2CF75:LeaderElection13] INFO  segmented.SegmentedRaftLogWorker (SegmentedRaftLogWorker.java:startLogSegment(380)) - ea71b9af-1075-4196-9693-aa14e10f536d-SegmentedRaftLogWorker:Storage Directory /workdir/hadoop-ozone/integration-test/target/test-dir/MiniOzoneClusterImpl-c00aaa5b-d63b-4769-9462-6a4c88d2a8bf/datanode-0/data/ratis/0b48f9e8-0f7f-428c-b5df-797efaa2cf75: Starting segment from index:0
2019-09-20 04:48:52,440 [ea71b9af-1075-4196-9693-aa14e10f536d:group-797EFAA2CF75:LeaderElection13] INFO  impl.RaftServerImpl (ServerState.java:setRaftConf(361)) - ea71b9af-1075-4196-9693-aa14e10f536d:group-797EFAA2CF75 set configuration 0: [ea71b9af-1075-4196-9693-aa14e10f536d:192.168.36.79:41553], old=null at 0
2019-09-20 04:48:52,470 [pool-27-thread-1] INFO  storage.RaftStorageDirectory (RaftStorageDirectory.java:tryLock(328)) - Lock on /workdir/hadoop-ozone/integration-test/target/test-dir/MiniOzoneClusterImpl-c00aaa5b-d63b-4769-9462-6a4c88d2a8bf/datanode-0/data/ratis/43110924-5bb9-46f5-9a28-ae1f839e9fb1/in_use.lock acquired by nodename 9457@pr-hdds-1569-s8kj2-2266485376
2019-09-20 04:48:52,514 [ea71b9af-1075-4196-9693-aa14e10f536d-SegmentedRaftLogWorker:Storage Directory /workdir/hadoop-ozone/integration-test/target/test-dir/MiniOzoneClusterImpl-c00aaa5b-d63b-4769-9462-6a4c88d2a8bf/datanode-0/data/ratis/0b48f9e8-0f7f-428c-b5df-797efaa2cf75] INFO  segmented.SegmentedRaftLogWorker (SegmentedRaftLogWorker.java:execute(569)) - ea71b9af-1075-4196-9693-aa14e10f536d-SegmentedRaftLogWorker:Storage Directory /workdir/hadoop-ozone/integration-test/target/test-dir/MiniOzoneClusterImpl-c00aaa5b-d63b-4769-9462-6a4c88d2a8bf/datanode-0/data/ratis/0b48f9e8-0f7f-428c-b5df-797efaa2cf75: created new log segment /workdir/hadoop-ozone/integration-test/target/test-dir/MiniOzoneClusterImpl-c00aaa5b-d63b-4769-9462-6a4c88d2a8bf/datanode-0/data/ratis/0b48f9e8-0f7f-428c-b5df-797efaa2cf75/current/log_inprogress_0
2019-09-20 04:48:52,514 [pool-27-thread-1] INFO  storage.RaftStorage (RaftStorage.java:format(72)) - Storage directory /workdir/hadoop-ozone/integration-test/target/test-dir/MiniOzoneClusterImpl-c00aaa5b-d63b-4769-9462-6a4c88d2a8bf/datanode-0/data/ratis/43110924-5bb9-46f5-9a28-ae1f839e9fb1 has been successfully formatted.
2019-09-20 04:48:52,515 [pool-27-thread-1] INFO  ratis.ContainerStateMachine (ContainerStateMachine.java:loadSnapshot(226)) - group-AE1F839E9FB1: The snapshot info is null. Setting the last applied indexto:(t:0, i:~)
2019-09-20 04:48:52,515 [pool-27-thread-1] INFO  server.RaftServerConfigKeys (ConfUtils.java:logGet(43)) - raft.server.leader.election.timeout = 120s (custom)
2019-09-20 04:48:52,515 [pool-27-thread-1] INFO  server.RaftServerConfigKeys (ConfUtils.java:logGet(43)) - raft.server.log.use.memory = false (default)
2019-09-20 04:48:52,516 [pool-27-thread-1] INFO  server.RaftServerConfigKeys (ConfUtils.java:logGet(43)) - raft.server.log.purge.gap = 1000000 (custom)
2019-09-20 04:48:52,516 [pool-27-thread-1] INFO  server.RaftServerConfigKeys (ConfUtils.java:logGet(43)) - raft.server.log.appender.buffer.byte-limit = 33554432 (custom)
2019-09-20 04:48:52,516 [pool-27-thread-1] INFO  server.RaftServerConfigKeys (ConfUtils.java:logGet(43)) - raft.server.log.segment.size.max = 1048576 (custom)
2019-09-20 04:48:52,516 [pool-27-thread-1] INFO  server.RaftServerConfigKeys (ConfUtils.java:logGet(43)) - raft.server.log.segment.cache.num.max = 2 (custom)
2019-09-20 04:48:52,516 [pool-27-thread-1] INFO  segmented.SegmentedRaftLogWorker (SegmentedRaftLogWorker.java:<init>(172)) - new ea71b9af-1075-4196-9693-aa14e10f536d-SegmentedRaftLogWorker:Storage Directory /workdir/hadoop-ozone/integration-test/target/test-dir/MiniOzoneClusterImpl-c00aaa5b-d63b-4769-9462-6a4c88d2a8bf/datanode-0/data/ratis/43110924-5bb9-46f5-9a28-ae1f839e9fb1 for RaftStorage:Storage Directory /workdir/hadoop-ozone/integration-test/target/test-dir/MiniOzoneClusterImpl-c00aaa5b-d63b-4769-9462-6a4c88d2a8bf/datanode-0/data/ratis/43110924-5bb9-46f5-9a28-ae1f839e9fb1
2019-09-20 04:48:52,517 [pool-27-thread-1] INFO  server.RaftServerConfigKeys (ConfUtils.java:logGet(43)) - raft.server.log.queue.byte-limit = 2147483647 (custom)
2019-09-20 04:48:52,517 [pool-27-thread-1] INFO  server.RaftServerConfigKeys (ConfUtils.java:logGet(43)) - raft.server.log.queue.element-limit = 1024 (custom)
2019-09-20 04:48:52,517 [pool-27-thread-1] INFO  server.RaftServerConfigKeys (ConfUtils.java:logGet(43)) - raft.server.log.segment.size.max = 1048576 (custom)
2019-09-20 04:48:52,517 [pool-27-thread-1] INFO  server.RaftServerConfigKeys (ConfUtils.java:logGet(43)) - raft.server.log.preallocated.size = 16384 (custom)
2019-09-20 04:48:52,517 [pool-27-thread-1] INFO  server.RaftServerConfigKeys (ConfUtils.java:logGet(43)) - raft.server.log.write.buffer.size = 33554432 (custom)
2019-09-20 04:48:52,517 [pool-27-thread-1] INFO  server.RaftServerConfigKeys (ConfUtils.java:logGet(43)) - raft.server.log.force.sync.num = 128 (default)
2019-09-20 04:48:52,518 [pool-27-thread-1] INFO  server.RaftServerConfigKeys (ConfUtils.java:logGet(43)) - raft.server.log.statemachine.data.sync = true (default)
2019-09-20 04:48:52,518 [pool-27-thread-1] INFO  server.RaftServerConfigKeys (ConfUtils.java:logGet(43)) - raft.server.log.statemachine.data.sync.timeout = 10s (default)
2019-09-20 04:48:52,518 [pool-27-thread-1] INFO  server.RaftServerConfigKeys (ConfUtils.java:logGet(43)) - raft.server.log.statemachine.data.sync.timeout.retry = -1 (default)
2019-09-20 04:48:52,518 [pool-27-thread-1] INFO  server.RaftServerConfigKeys (ConfUtils.java:logGet(43)) - raft.server.log.statemachine.data.caching.enabled = true (custom)
2019-09-20 04:48:52,519 [pool-27-thread-1] INFO  segmented.SegmentedRaftLogWorker (SegmentedRaftLogWorker.java:lambda$new$0(132)) - ea71b9af-1075-4196-9693-aa14e10f536d-SegmentedRaftLogWorker:Storage Directory /workdir/hadoop-ozone/integration-test/target/test-dir/MiniOzoneClusterImpl-c00aaa5b-d63b-4769-9462-6a4c88d2a8bf/datanode-0/data/ratis/43110924-5bb9-46f5-9a28-ae1f839e9fb1: flushIndex: setUnconditionally 0 -> -1
2019-09-20 04:48:52,519 [pool-27-thread-1] INFO  server.RaftServerConfigKeys (ConfUtils.java:logGet(43)) - raft.server.snapshot.auto.trigger.enabled = true (custom)
2019-09-20 04:48:52,519 [pool-27-thread-1] INFO  server.RaftServerConfigKeys (ConfUtils.java:logGet(43)) - raft.server.snapshot.auto.trigger.threshold = 10000 (custom)
2019-09-20 04:48:52,519 [pool-27-thread-1] INFO  server.RaftServerConfigKeys (ConfUtils.java:logGet(43)) - raft.server.retrycache.expirytime = 600000ms (custom)
2019-09-20 04:48:52,520 [pool-27-thread-1] INFO  impl.RaftServerImpl (RaftServerImpl.java:start(180)) - ea71b9af-1075-4196-9693-aa14e10f536d: start group-AE1F839E9FB1
2019-09-20 04:48:52,520 [pool-27-thread-1] INFO  impl.RaftServerImpl (RaftServerImpl.java:setRole(171)) - ea71b9af-1075-4196-9693-aa14e10f536d:group-AE1F839E9FB1 changes role from null to FOLLOWER at term 0 for startAsFollower
2019-09-20 04:48:52,520 [pool-27-thread-1] INFO  impl.RoleInfo (RoleInfo.java:updateAndGet(143)) - ea71b9af-1075-4196-9693-aa14e10f536d: start FollowerState
2019-09-20 04:48:52,521 [pool-27-thread-1] INFO  util.JmxRegister (JmxRegister.java:tryRegister(44)) - Successfully registered JMX Bean with object name Ratis:service=RaftServer,group=group-AE1F839E9FB1,id=ea71b9af-1075-4196-9693-aa14e10f536d
2019-09-20 04:48:52,527 [RatisPipelineUtilsThread] INFO  pipeline.PipelineStateManager (PipelineStateManager.java:addPipeline(56)) - Created pipeline Pipeline[ Id: 43110924-5bb9-46f5-9a28-ae1f839e9fb1, Nodes: ea71b9af-1075-4196-9693-aa14e10f536d{ip: 192.168.36.79, host: pr-hdds-1569-s8kj2-2266485376, networkLocation: /default-rack, certSerialId: null}, Type:RATIS, Factor:ONE, State:OPEN]
2019-09-20 04:48:52,530 [RatisPipelineUtilsThread] INFO  pipeline.PipelinePlacementPolicy (PipelinePlacementPolicy.java:meetCriteria(91)) - Pipeline Placement: Doesn't meet the criteria to be viable node： 42fc6e92-fcdd-4827-b621-9fc58a3d2315 Heaviness: 6 limit: 5
2019-09-20 04:48:52,530 [RatisPipelineUtilsThread] INFO  pipeline.PipelinePlacementPolicy (PipelinePlacementPolicy.java:meetCriteria(91)) - Pipeline Placement: Doesn't meet the criteria to be viable node： 2d6465ef-cffa-473a-a4c6-a9aa3f1a26c0 Heaviness: 6 limit: 5
2019-09-20 04:48:52,530 [RatisPipelineUtilsThread] INFO  pipeline.PipelinePlacementPolicy (PipelinePlacementPolicy.java:meetCriteria(91)) - Pipeline Placement: Doesn't meet the criteria to be viable node： 2702b462-69d8-4c1b-aae1-091a21fe08b8 Heaviness: 6 limit: 5
2019-09-20 04:48:52,535 [Thread-289] INFO  impl.FollowerState (FollowerState.java:run(106)) - 42fc6e92-fcdd-4827-b621-9fc58a3d2315:group-5187C5C0510E changes to CANDIDATE, lastRpcTime:1057, electionTimeout:1057ms
2019-09-20 04:48:52,535 [Thread-289] INFO  impl.RoleInfo (RoleInfo.java:shutdownFollowerState(121)) - 42fc6e92-fcdd-4827-b621-9fc58a3d2315: shutdown FollowerState
2019-09-20 04:48:52,535 [Thread-289] INFO  impl.RaftServerImpl (RaftServerImpl.java:setRole(171)) - 42fc6e92-fcdd-4827-b621-9fc58a3d2315:group-5187C5C0510E changes role from FOLLOWER to CANDIDATE at term 0 for changeToCandidate
2019-09-20 04:48:52,536 [Thread-289] INFO  impl.RoleInfo (RoleInfo.java:updateAndGet(143)) - 42fc6e92-fcdd-4827-b621-9fc58a3d2315: start LeaderElection
2019-09-20 04:48:52,545 [grpc-default-executor-1] INFO  impl.RaftServerProxy (RaftServerProxy.java:addNew(89)) - eaf3ecbe-c3b1-4969-ad3a-e4de7fb04f81: addNew group-F1D71DB64ED4:[eaf3ecbe-c3b1-4969-ad3a-e4de7fb04f81:192.168.36.79:35924] returns group-F1D71DB64ED4:java.util.concurrent.CompletableFuture@278df2b5[Not completed]
2019-09-20 04:48:52,545 [Thread-283] INFO  impl.FollowerState (FollowerState.java:run(106)) - 42fc6e92-fcdd-4827-b621-9fc58a3d2315:group-9066C3E0AACA changes to CANDIDATE, lastRpcTime:1200, electionTimeout:1200ms
2019-09-20 04:48:52,545 [Thread-283] INFO  impl.RoleInfo (RoleInfo.java:shutdownFollowerState(121)) - 42fc6e92-fcdd-4827-b621-9fc58a3d2315: shutdown FollowerState
2019-09-20 04:48:52,545 [Thread-283] INFO  impl.RaftServerImpl (RaftServerImpl.java:setRole(171)) - 42fc6e92-fcdd-4827-b621-9fc58a3d2315:group-9066C3E0AACA changes role from FOLLOWER to CANDIDATE at term 0 for changeToCandidate
2019-09-20 04:48:52,545 [Thread-283] INFO  impl.RoleInfo (RoleInfo.java:updateAndGet(143)) - 42fc6e92-fcdd-4827-b621-9fc58a3d2315: start LeaderElection
2019-09-20 04:48:52,551 [pool-82-thread-1] INFO  impl.RaftServerImpl (RaftServerImpl.java:<init>(93)) - eaf3ecbe-c3b1-4969-ad3a-e4de7fb04f81: new RaftServerImpl for group-F1D71DB64ED4:[eaf3ecbe-c3b1-4969-ad3a-e4de7fb04f81:192.168.36.79:35924] with ContainerStateMachine:uninitialized
2019-09-20 04:48:52,552 [pool-82-thread-1] INFO  server.RaftServerConfigKeys (ConfUtils.java:logGet(43)) - raft.server.rpc.timeout.min = 1s (custom)
2019-09-20 04:48:52,552 [pool-82-thread-1] INFO  server.RaftServerConfigKeys (ConfUtils.java:logGet(43)) - raft.server.rpc.timeout.max = 1200ms (custom)
2019-09-20 04:48:52,552 [pool-82-thread-1] INFO  server.RaftServerConfigKeys (ConfUtils.java:logGet(43)) - raft.server.rpcslowness.timeout = 120s (custom)
2019-09-20 04:48:52,552 [pool-82-thread-1] INFO  server.RaftServerConfigKeys (ConfUtils.java:logGet(43)) - raft.server.sleep.deviation.threshold = 300 (default)
2019-09-20 04:48:52,552 [pool-82-thread-1] INFO  server.RaftServerConfigKeys (ConfUtils.java:logGet(43)) - raft.server.log.appender.install.snapshot.enabled = false (custom)
2019-09-20 04:48:52,552 [pool-82-thread-1] INFO  impl.RaftServerImpl (ServerState.java:<init>(105)) - eaf3ecbe-c3b1-4969-ad3a-e4de7fb04f81:group-F1D71DB64ED4 ConfigurationManager, init=-1: [eaf3ecbe-c3b1-4969-ad3a-e4de7fb04f81:192.168.36.79:35924], old=null, confs=<EMPTY_MAP>
2019-09-20 04:48:52,552 [pool-82-thread-1] INFO  server.RaftServerConfigKeys (ConfUtils.java:logGet(43)) - raft.server.storage.dir = [/workdir/hadoop-ozone/integration-test/target/test-dir/MiniOzoneClusterImpl-c00aaa5b-d63b-4769-9462-6a4c88d2a8bf/datanode-5/data/ratis] (custom)
2019-09-20 04:48:52,553 [pool-82-thread-1] INFO  storage.RaftStorageDirectory (RaftStorageDirectory.java:analyzeStorage(246)) - The storage directory /workdir/hadoop-ozone/integration-test/target/test-dir/MiniOzoneClusterImpl-c00aaa5b-d63b-4769-9462-6a4c88d2a8bf/datanode-5/data/ratis/8d26a647-6e4b-4dc1-8b15-f1d71db64ed4 does not exist. Creating ...
2019-09-20 04:48:52,573 [pool-82-thread-1] INFO  storage.RaftStorageDirectory (RaftStorageDirectory.java:tryLock(328)) - Lock on /workdir/hadoop-ozone/integration-test/target/test-dir/MiniOzoneClusterImpl-c00aaa5b-d63b-4769-9462-6a4c88d2a8bf/datanode-5/data/ratis/8d26a647-6e4b-4dc1-8b15-f1d71db64ed4/in_use.lock acquired by nodename 9457@pr-hdds-1569-s8kj2-2266485376
2019-09-20 04:48:52,573 [42fc6e92-fcdd-4827-b621-9fc58a3d2315:group-9066C3E0AACA:LeaderElection15] INFO  impl.LeaderElection (LeaderElection.java:askForVotes(181)) - 42fc6e92-fcdd-4827-b621-9fc58a3d2315:group-9066C3E0AACA:LeaderElection15: begin an election at term 1 for -1: [42fc6e92-fcdd-4827-b621-9fc58a3d2315:192.168.36.79:44605], old=null
2019-09-20 04:48:52,573 [42fc6e92-fcdd-4827-b621-9fc58a3d2315:group-5187C5C0510E:LeaderElection14] INFO  impl.LeaderElection (LeaderElection.java:askForVotes(181)) - 42fc6e92-fcdd-4827-b621-9fc58a3d2315:group-5187C5C0510E:LeaderElection14: begin an election at term 1 for -1: [42fc6e92-fcdd-4827-b621-9fc58a3d2315:192.168.36.79:44605], old=null
2019-09-20 04:48:52,574 [42fc6e92-fcdd-4827-b621-9fc58a3d2315:group-9066C3E0AACA:LeaderElection15] INFO  impl.RoleInfo (RoleInfo.java:shutdownLeaderElection(134)) - 42fc6e92-fcdd-4827-b621-9fc58a3d2315: shutdown LeaderElection
2019-09-20 04:48:52,574 [42fc6e92-fcdd-4827-b621-9fc58a3d2315:group-5187C5C0510E:LeaderElection14] INFO  impl.RoleInfo (RoleInfo.java:shutdownLeaderElection(134)) - 42fc6e92-fcdd-4827-b621-9fc58a3d2315: shutdown LeaderElection
2019-09-20 04:48:52,574 [42fc6e92-fcdd-4827-b621-9fc58a3d2315:group-9066C3E0AACA:LeaderElection15] INFO  impl.RaftServerImpl (RaftServerImpl.java:setRole(171)) - 42fc6e92-fcdd-4827-b621-9fc58a3d2315:group-9066C3E0AACA changes role from CANDIDATE to LEADER at term 1 for changeToLeader
2019-09-20 04:48:52,574 [42fc6e92-fcdd-4827-b621-9fc58a3d2315:group-5187C5C0510E:LeaderElection14] INFO  impl.RaftServerImpl (RaftServerImpl.java:setRole(171)) - 42fc6e92-fcdd-4827-b621-9fc58a3d2315:group-5187C5C0510E changes role from CANDIDATE to LEADER at term 1 for changeToLeader
2019-09-20 04:48:52,574 [42fc6e92-fcdd-4827-b621-9fc58a3d2315:group-9066C3E0AACA:LeaderElection15] INFO  impl.RaftServerImpl (ServerState.java:setLeader(263)) - 42fc6e92-fcdd-4827-b621-9fc58a3d2315:group-9066C3E0AACA change Leader from null to 42fc6e92-fcdd-4827-b621-9fc58a3d2315 at term 1 for becomeLeader, leader elected after 1233ms
2019-09-20 04:48:52,574 [42fc6e92-fcdd-4827-b621-9fc58a3d2315:group-5187C5C0510E:LeaderElection14] INFO  impl.RaftServerImpl (ServerState.java:setLeader(263)) - 42fc6e92-fcdd-4827-b621-9fc58a3d2315:group-5187C5C0510E change Leader from null to 42fc6e92-fcdd-4827-b621-9fc58a3d2315 at term 1 for becomeLeader, leader elected after 1137ms
2019-09-20 04:48:52,575 [42fc6e92-fcdd-4827-b621-9fc58a3d2315:group-9066C3E0AACA:LeaderElection15] INFO  server.RaftServerConfigKeys (ConfUtils.java:logGet(43)) - raft.server.staging.catchup.gap = 1000 (default)
2019-09-20 04:48:52,575 [42fc6e92-fcdd-4827-b621-9fc58a3d2315:group-5187C5C0510E:LeaderElection14] INFO  server.RaftServerConfigKeys (ConfUtils.java:logGet(43)) - raft.server.staging.catchup.gap = 1000 (default)
2019-09-20 04:48:52,575 [42fc6e92-fcdd-4827-b621-9fc58a3d2315:group-9066C3E0AACA:LeaderElection15] INFO  server.RaftServerConfigKeys (ConfUtils.java:logGet(43)) - raft.server.rpc.sleep.time = 25ms (default)
2019-09-20 04:48:52,575 [42fc6e92-fcdd-4827-b621-9fc58a3d2315:group-5187C5C0510E:LeaderElection14] INFO  server.RaftServerConfigKeys (ConfUtils.java:logGet(43)) - raft.server.rpc.sleep.time = 25ms (default)
2019-09-20 04:48:52,575 [42fc6e92-fcdd-4827-b621-9fc58a3d2315:group-9066C3E0AACA:LeaderElection15] INFO  server.RaftServerConfigKeys (ConfUtils.java:logGet(43)) - raft.server.write.element-limit = 4096 (default)
2019-09-20 04:48:52,575 [42fc6e92-fcdd-4827-b621-9fc58a3d2315:group-5187C5C0510E:LeaderElection14] INFO  server.RaftServerConfigKeys (ConfUtils.java:logGet(43)) - raft.server.write.element-limit = 4096 (default)
2019-09-20 04:48:52,575 [42fc6e92-fcdd-4827-b621-9fc58a3d2315:group-9066C3E0AACA:LeaderElection15] INFO  server.RaftServerConfigKeys (ConfUtils.java:logGet(43)) - raft.server.watch.timeout = 10s (default)
2019-09-20 04:48:52,576 [42fc6e92-fcdd-4827-b621-9fc58a3d2315:group-5187C5C0510E:LeaderElection14] INFO  server.RaftServerConfigKeys (ConfUtils.java:logGet(43)) - raft.server.watch.timeout = 10s (default)
2019-09-20 04:48:52,576 [42fc6e92-fcdd-4827-b621-9fc58a3d2315:group-9066C3E0AACA:LeaderElection15] INFO  server.RaftServerConfigKeys (ConfUtils.java:logGet(43)) - raft.server.watch.timeout.denomination = 1s (default)
2019-09-20 04:48:52,576 [42fc6e92-fcdd-4827-b621-9fc58a3d2315:group-5187C5C0510E:LeaderElection14] INFO  server.RaftServerConfigKeys (ConfUtils.java:logGet(43)) - raft.server.watch.timeout.denomination = 1s (default)
2019-09-20 04:48:52,576 [42fc6e92-fcdd-4827-b621-9fc58a3d2315:group-9066C3E0AACA:LeaderElection15] INFO  server.RaftServerConfigKeys (ConfUtils.java:logGet(43)) - raft.server.watch.element-limit = 65536 (default)
2019-09-20 04:48:52,576 [42fc6e92-fcdd-4827-b621-9fc58a3d2315:group-5187C5C0510E:LeaderElection14] INFO  server.RaftServerConfigKeys (ConfUtils.java:logGet(43)) - raft.server.watch.element-limit = 65536 (default)
2019-09-20 04:48:52,576 [42fc6e92-fcdd-4827-b621-9fc58a3d2315:group-9066C3E0AACA:LeaderElection15] INFO  impl.RoleInfo (RoleInfo.java:updateAndGet(143)) - 42fc6e92-fcdd-4827-b621-9fc58a3d2315: start LeaderState
2019-09-20 04:48:52,576 [42fc6e92-fcdd-4827-b621-9fc58a3d2315:group-5187C5C0510E:LeaderElection14] INFO  impl.RoleInfo (RoleInfo.java:updateAndGet(143)) - 42fc6e92-fcdd-4827-b621-9fc58a3d2315: start LeaderState
2019-09-20 04:48:52,576 [42fc6e92-fcdd-4827-b621-9fc58a3d2315:group-9066C3E0AACA:LeaderElection15] INFO  segmented.SegmentedRaftLogWorker (SegmentedRaftLogWorker.java:startLogSegment(380)) - 42fc6e92-fcdd-4827-b621-9fc58a3d2315-SegmentedRaftLogWorker:Storage Directory /workdir/hadoop-ozone/integration-test/target/test-dir/MiniOzoneClusterImpl-c00aaa5b-d63b-4769-9462-6a4c88d2a8bf/datanode-1/data/ratis/e1263fd7-eecb-4063-81c7-9066c3e0aaca: Starting segment from index:0
2019-09-20 04:48:52,577 [42fc6e92-fcdd-4827-b621-9fc58a3d2315:group-5187C5C0510E:LeaderElection14] INFO  segmented.SegmentedRaftLogWorker (SegmentedRaftLogWorker.java:startLogSegment(380)) - 42fc6e92-fcdd-4827-b621-9fc58a3d2315-SegmentedRaftLogWorker:Storage Directory /workdir/hadoop-ozone/integration-test/target/test-dir/MiniOzoneClusterImpl-c00aaa5b-d63b-4769-9462-6a4c88d2a8bf/datanode-1/data/ratis/b94d2779-5fd0-4691-bbef-5187c5c0510e: Starting segment from index:0
2019-09-20 04:48:52,577 [42fc6e92-fcdd-4827-b621-9fc58a3d2315:group-9066C3E0AACA:LeaderElection15] INFO  impl.RaftServerImpl (ServerState.java:setRaftConf(361)) - 42fc6e92-fcdd-4827-b621-9fc58a3d2315:group-9066C3E0AACA set configuration 0: [42fc6e92-fcdd-4827-b621-9fc58a3d2315:192.168.36.79:44605], old=null at 0
2019-09-20 04:48:52,610 [pool-82-thread-1] INFO  storage.RaftStorage (RaftStorage.java:format(72)) - Storage directory /workdir/hadoop-ozone/integration-test/target/test-dir/MiniOzoneClusterImpl-c00aaa5b-d63b-4769-9462-6a4c88d2a8bf/datanode-5/data/ratis/8d26a647-6e4b-4dc1-8b15-f1d71db64ed4 has been successfully formatted.
2019-09-20 04:48:52,610 [42fc6e92-fcdd-4827-b621-9fc58a3d2315:group-5187C5C0510E:LeaderElection14] INFO  impl.RaftServerImpl (ServerState.java:setRaftConf(361)) - 42fc6e92-fcdd-4827-b621-9fc58a3d2315:group-5187C5C0510E set configuration 0: [42fc6e92-fcdd-4827-b621-9fc58a3d2315:192.168.36.79:44605], old=null at 0
2019-09-20 04:48:52,610 [pool-82-thread-1] INFO  ratis.ContainerStateMachine (ContainerStateMachine.java:loadSnapshot(226)) - group-F1D71DB64ED4: The snapshot info is null. Setting the last applied indexto:(t:0, i:~)
2019-09-20 04:48:52,612 [pool-82-thread-1] INFO  server.RaftServerConfigKeys (ConfUtils.java:logGet(43)) - raft.server.leader.election.timeout = 120s (custom)
2019-09-20 04:48:52,613 [pool-82-thread-1] INFO  server.RaftServerConfigKeys (ConfUtils.java:logGet(43)) - raft.server.log.use.memory = false (default)
2019-09-20 04:48:52,613 [pool-82-thread-1] INFO  server.RaftServerConfigKeys (ConfUtils.java:logGet(43)) - raft.server.log.purge.gap = 1000000 (custom)
2019-09-20 04:48:52,613 [pool-82-thread-1] INFO  server.RaftServerConfigKeys (ConfUtils.java:logGet(43)) - raft.server.log.appender.buffer.byte-limit = 33554432 (custom)
2019-09-20 04:48:52,613 [pool-82-thread-1] INFO  server.RaftServerConfigKeys (ConfUtils.java:logGet(43)) - raft.server.log.segment.size.max = 1048576 (custom)
2019-09-20 04:48:52,613 [pool-82-thread-1] INFO  server.RaftServerConfigKeys (ConfUtils.java:logGet(43)) - raft.server.log.segment.cache.num.max = 2 (custom)
2019-09-20 04:48:52,613 [pool-82-thread-1] INFO  segmented.SegmentedRaftLogWorker (SegmentedRaftLogWorker.java:<init>(172)) - new eaf3ecbe-c3b1-4969-ad3a-e4de7fb04f81-SegmentedRaftLogWorker:Storage Directory /workdir/hadoop-ozone/integration-test/target/test-dir/MiniOzoneClusterImpl-c00aaa5b-d63b-4769-9462-6a4c88d2a8bf/datanode-5/data/ratis/8d26a647-6e4b-4dc1-8b15-f1d71db64ed4 for RaftStorage:Storage Directory /workdir/hadoop-ozone/integration-test/target/test-dir/MiniOzoneClusterImpl-c00aaa5b-d63b-4769-9462-6a4c88d2a8bf/datanode-5/data/ratis/8d26a647-6e4b-4dc1-8b15-f1d71db64ed4
2019-09-20 04:48:52,613 [pool-82-thread-1] INFO  server.RaftServerConfigKeys (ConfUtils.java:logGet(43)) - raft.server.log.queue.byte-limit = 2147483647 (custom)
2019-09-20 04:48:52,613 [pool-82-thread-1] INFO  server.RaftServerConfigKeys (ConfUtils.java:logGet(43)) - raft.server.log.queue.element-limit = 1024 (custom)
2019-09-20 04:48:52,613 [pool-82-thread-1] INFO  server.RaftServerConfigKeys (ConfUtils.java:logGet(43)) - raft.server.log.segment.size.max = 1048576 (custom)
2019-09-20 04:48:52,614 [pool-82-thread-1] INFO  server.RaftServerConfigKeys (ConfUtils.java:logGet(43)) - raft.server.log.preallocated.size = 16384 (custom)
2019-09-20 04:48:52,614 [pool-82-thread-1] INFO  server.RaftServerConfigKeys (ConfUtils.java:logGet(43)) - raft.server.log.write.buffer.size = 33554432 (custom)
2019-09-20 04:48:52,614 [pool-82-thread-1] INFO  server.RaftServerConfigKeys (ConfUtils.java:logGet(43)) - raft.server.log.force.sync.num = 128 (default)
2019-09-20 04:48:52,614 [pool-82-thread-1] INFO  server.RaftServerConfigKeys (ConfUtils.java:logGet(43)) - raft.server.log.statemachine.data.sync = true (default)
2019-09-20 04:48:52,614 [pool-82-thread-1] INFO  server.RaftServerConfigKeys (ConfUtils.java:logGet(43)) - raft.server.log.statemachine.data.sync.timeout = 10s (default)
2019-09-20 04:48:52,614 [pool-82-thread-1] INFO  server.RaftServerConfigKeys (ConfUtils.java:logGet(43)) - raft.server.log.statemachine.data.sync.timeout.retry = -1 (default)
2019-09-20 04:48:52,614 [pool-82-thread-1] INFO  server.RaftServerConfigKeys (ConfUtils.java:logGet(43)) - raft.server.log.statemachine.data.caching.enabled = true (custom)
2019-09-20 04:48:52,617 [pool-82-thread-1] INFO  segmented.SegmentedRaftLogWorker (SegmentedRaftLogWorker.java:lambda$new$0(132)) - eaf3ecbe-c3b1-4969-ad3a-e4de7fb04f81-SegmentedRaftLogWorker:Storage Directory /workdir/hadoop-ozone/integration-test/target/test-dir/MiniOzoneClusterImpl-c00aaa5b-d63b-4769-9462-6a4c88d2a8bf/datanode-5/data/ratis/8d26a647-6e4b-4dc1-8b15-f1d71db64ed4: flushIndex: setUnconditionally 0 -> -1
2019-09-20 04:48:52,617 [pool-82-thread-1] INFO  server.RaftServerConfigKeys (ConfUtils.java:logGet(43)) - raft.server.snapshot.auto.trigger.enabled = true (custom)
2019-09-20 04:48:52,617 [pool-82-thread-1] INFO  server.RaftServerConfigKeys (ConfUtils.java:logGet(43)) - raft.server.snapshot.auto.trigger.threshold = 10000 (custom)
2019-09-20 04:48:52,617 [pool-82-thread-1] INFO  server.RaftServerConfigKeys (ConfUtils.java:logGet(43)) - raft.server.retrycache.expirytime = 600000ms (custom)
2019-09-20 04:48:52,618 [pool-82-thread-1] INFO  impl.RaftServerImpl (RaftServerImpl.java:start(180)) - eaf3ecbe-c3b1-4969-ad3a-e4de7fb04f81: start group-F1D71DB64ED4
2019-09-20 04:48:52,618 [pool-82-thread-1] INFO  impl.RaftServerImpl (RaftServerImpl.java:setRole(171)) - eaf3ecbe-c3b1-4969-ad3a-e4de7fb04f81:group-F1D71DB64ED4 changes role from null to FOLLOWER at term 0 for startAsFollower
2019-09-20 04:48:52,618 [pool-82-thread-1] INFO  impl.RoleInfo (RoleInfo.java:updateAndGet(143)) - eaf3ecbe-c3b1-4969-ad3a-e4de7fb04f81: start FollowerState
2019-09-20 04:48:52,619 [pool-82-thread-1] INFO  util.JmxRegister (JmxRegister.java:tryRegister(44)) - Successfully registered JMX Bean with object name Ratis:service=RaftServer,group=group-F1D71DB64ED4,id=eaf3ecbe-c3b1-4969-ad3a-e4de7fb04f81
2019-09-20 04:48:52,624 [RatisPipelineUtilsThread] INFO  pipeline.PipelineStateManager (PipelineStateManager.java:addPipeline(56)) - Created pipeline Pipeline[ Id: 8d26a647-6e4b-4dc1-8b15-f1d71db64ed4, Nodes: eaf3ecbe-c3b1-4969-ad3a-e4de7fb04f81{ip: 192.168.36.79, host: pr-hdds-1569-s8kj2-2266485376, networkLocation: /default-rack, certSerialId: null}, Type:RATIS, Factor:ONE, State:OPEN]
2019-09-20 04:48:52,626 [42fc6e92-fcdd-4827-b621-9fc58a3d2315-SegmentedRaftLogWorker:Storage Directory /workdir/hadoop-ozone/integration-test/target/test-dir/MiniOzoneClusterImpl-c00aaa5b-d63b-4769-9462-6a4c88d2a8bf/datanode-1/data/ratis/e1263fd7-eecb-4063-81c7-9066c3e0aaca] INFO  segmented.SegmentedRaftLogWorker (SegmentedRaftLogWorker.java:execute(569)) - 42fc6e92-fcdd-4827-b621-9fc58a3d2315-SegmentedRaftLogWorker:Storage Directory /workdir/hadoop-ozone/integration-test/target/test-dir/MiniOzoneClusterImpl-c00aaa5b-d63b-4769-9462-6a4c88d2a8bf/datanode-1/data/ratis/e1263fd7-eecb-4063-81c7-9066c3e0aaca: created new log segment /workdir/hadoop-ozone/integration-test/target/test-dir/MiniOzoneClusterImpl-c00aaa5b-d63b-4769-9462-6a4c88d2a8bf/datanode-1/data/ratis/e1263fd7-eecb-4063-81c7-9066c3e0aaca/current/log_inprogress_0
2019-09-20 04:48:52,627 [RatisPipelineUtilsThread] INFO  pipeline.PipelinePlacementPolicy (PipelinePlacementPolicy.java:meetCriteria(91)) - Pipeline Placement: Doesn't meet the criteria to be viable node： 42fc6e92-fcdd-4827-b621-9fc58a3d2315 Heaviness: 6 limit: 5
2019-09-20 04:48:52,626 [42fc6e92-fcdd-4827-b621-9fc58a3d2315-SegmentedRaftLogWorker:Storage Directory /workdir/hadoop-ozone/integration-test/target/test-dir/MiniOzoneClusterImpl-c00aaa5b-d63b-4769-9462-6a4c88d2a8bf/datanode-1/data/ratis/b94d2779-5fd0-4691-bbef-5187c5c0510e] INFO  segmented.SegmentedRaftLogWorker (SegmentedRaftLogWorker.java:execute(569)) - 42fc6e92-fcdd-4827-b621-9fc58a3d2315-SegmentedRaftLogWorker:Storage Directory /workdir/hadoop-ozone/integration-test/target/test-dir/MiniOzoneClusterImpl-c00aaa5b-d63b-4769-9462-6a4c88d2a8bf/datanode-1/data/ratis/b94d2779-5fd0-4691-bbef-5187c5c0510e: created new log segment /workdir/hadoop-ozone/integration-test/target/test-dir/MiniOzoneClusterImpl-c00aaa5b-d63b-4769-9462-6a4c88d2a8bf/datanode-1/data/ratis/b94d2779-5fd0-4691-bbef-5187c5c0510e/current/log_inprogress_0
2019-09-20 04:48:52,629 [RatisPipelineUtilsThread] INFO  pipeline.PipelinePlacementPolicy (PipelinePlacementPolicy.java:meetCriteria(91)) - Pipeline Placement: Doesn't meet the criteria to be viable node： 2d6465ef-cffa-473a-a4c6-a9aa3f1a26c0 Heaviness: 6 limit: 5
2019-09-20 04:48:52,629 [RatisPipelineUtilsThread] INFO  pipeline.PipelinePlacementPolicy (PipelinePlacementPolicy.java:meetCriteria(91)) - Pipeline Placement: Doesn't meet the criteria to be viable node： 2702b462-69d8-4c1b-aae1-091a21fe08b8 Heaviness: 6 limit: 5
2019-09-20 04:48:52,641 [grpc-default-executor-1] INFO  impl.RaftServerProxy (RaftServerProxy.java:addNew(89)) - 1d91ad97-6666-4ee7-855a-8b5e944e7401: addNew group-D3DE3AE74571:[1d91ad97-6666-4ee7-855a-8b5e944e7401:192.168.36.79:34447] returns group-D3DE3AE74571:java.util.concurrent.CompletableFuture@683cf4b3[Not completed]
2019-09-20 04:48:52,647 [pool-71-thread-1] INFO  impl.RaftServerImpl (RaftServerImpl.java:<init>(93)) - 1d91ad97-6666-4ee7-855a-8b5e944e7401: new RaftServerImpl for group-D3DE3AE74571:[1d91ad97-6666-4ee7-855a-8b5e944e7401:192.168.36.79:34447] with ContainerStateMachine:uninitialized
2019-09-20 04:48:52,647 [pool-71-thread-1] INFO  server.RaftServerConfigKeys (ConfUtils.java:logGet(43)) - raft.server.rpc.timeout.min = 1s (custom)
2019-09-20 04:48:52,647 [pool-71-thread-1] INFO  server.RaftServerConfigKeys (ConfUtils.java:logGet(43)) - raft.server.rpc.timeout.max = 1200ms (custom)
2019-09-20 04:48:52,647 [pool-71-thread-1] INFO  server.RaftServerConfigKeys (ConfUtils.java:logGet(43)) - raft.server.rpcslowness.timeout = 120s (custom)
2019-09-20 04:48:52,647 [pool-71-thread-1] INFO  server.RaftServerConfigKeys (ConfUtils.java:logGet(43)) - raft.server.sleep.deviation.threshold = 300 (default)
2019-09-20 04:48:52,647 [pool-71-thread-1] INFO  server.RaftServerConfigKeys (ConfUtils.java:logGet(43)) - raft.server.log.appender.install.snapshot.enabled = false (custom)
2019-09-20 04:48:52,647 [pool-71-thread-1] INFO  impl.RaftServerImpl (ServerState.java:<init>(105)) - 1d91ad97-6666-4ee7-855a-8b5e944e7401:group-D3DE3AE74571 ConfigurationManager, init=-1: [1d91ad97-6666-4ee7-855a-8b5e944e7401:192.168.36.79:34447], old=null, confs=<EMPTY_MAP>
2019-09-20 04:48:52,649 [pool-71-thread-1] INFO  server.RaftServerConfigKeys (ConfUtils.java:logGet(43)) - raft.server.storage.dir = [/workdir/hadoop-ozone/integration-test/target/test-dir/MiniOzoneClusterImpl-c00aaa5b-d63b-4769-9462-6a4c88d2a8bf/datanode-4/data/ratis] (custom)
2019-09-20 04:48:52,651 [pool-71-thread-1] INFO  storage.RaftStorageDirectory (RaftStorageDirectory.java:analyzeStorage(246)) - The storage directory /workdir/hadoop-ozone/integration-test/target/test-dir/MiniOzoneClusterImpl-c00aaa5b-d63b-4769-9462-6a4c88d2a8bf/datanode-4/data/ratis/f29639bd-24f7-4391-9fa7-d3de3ae74571 does not exist. Creating ...
2019-09-20 04:48:52,651 | INFO  | SCMAudit | user=jenkins1000 | ip=192.168.36.79 | op=SEND_HEARTBEAT {datanodeUUID=2d6465ef-cffa-473a-a4c6-a9aa3f1a26c0, command=[]} | ret=SUCCESS |  
2019-09-20 04:48:52,651 | INFO  | SCMAudit | user=jenkins1000 | ip=192.168.36.79 | op=SEND_HEARTBEAT {datanodeUUID=2702b462-69d8-4c1b-aae1-091a21fe08b8, command=[]} | ret=SUCCESS |  
2019-09-20 04:48:52,692 [pool-71-thread-1] INFO  storage.RaftStorageDirectory (RaftStorageDirectory.java:tryLock(328)) - Lock on /workdir/hadoop-ozone/integration-test/target/test-dir/MiniOzoneClusterImpl-c00aaa5b-d63b-4769-9462-6a4c88d2a8bf/datanode-4/data/ratis/f29639bd-24f7-4391-9fa7-d3de3ae74571/in_use.lock acquired by nodename 9457@pr-hdds-1569-s8kj2-2266485376
2019-09-20 04:48:52,726 [pool-71-thread-1] INFO  storage.RaftStorage (RaftStorage.java:format(72)) - Storage directory /workdir/hadoop-ozone/integration-test/target/test-dir/MiniOzoneClusterImpl-c00aaa5b-d63b-4769-9462-6a4c88d2a8bf/datanode-4/data/ratis/f29639bd-24f7-4391-9fa7-d3de3ae74571 has been successfully formatted.
2019-09-20 04:48:52,726 [pool-71-thread-1] INFO  ratis.ContainerStateMachine (ContainerStateMachine.java:loadSnapshot(226)) - group-D3DE3AE74571: The snapshot info is null. Setting the last applied indexto:(t:0, i:~)
2019-09-20 04:48:52,726 [pool-71-thread-1] INFO  server.RaftServerConfigKeys (ConfUtils.java:logGet(43)) - raft.server.leader.election.timeout = 120s (custom)
2019-09-20 04:48:52,727 [pool-71-thread-1] INFO  server.RaftServerConfigKeys (ConfUtils.java:logGet(43)) - raft.server.log.use.memory = false (default)
2019-09-20 04:48:52,727 [pool-71-thread-1] INFO  server.RaftServerConfigKeys (ConfUtils.java:logGet(43)) - raft.server.log.purge.gap = 1000000 (custom)
2019-09-20 04:48:52,727 [pool-71-thread-1] INFO  server.RaftServerConfigKeys (ConfUtils.java:logGet(43)) - raft.server.log.appender.buffer.byte-limit = 33554432 (custom)
2019-09-20 04:48:52,727 [pool-71-thread-1] INFO  server.RaftServerConfigKeys (ConfUtils.java:logGet(43)) - raft.server.log.segment.size.max = 1048576 (custom)
2019-09-20 04:48:52,727 [pool-71-thread-1] INFO  server.RaftServerConfigKeys (ConfUtils.java:logGet(43)) - raft.server.log.segment.cache.num.max = 2 (custom)
2019-09-20 04:48:52,727 [pool-71-thread-1] INFO  segmented.SegmentedRaftLogWorker (SegmentedRaftLogWorker.java:<init>(172)) - new 1d91ad97-6666-4ee7-855a-8b5e944e7401-SegmentedRaftLogWorker:Storage Directory /workdir/hadoop-ozone/integration-test/target/test-dir/MiniOzoneClusterImpl-c00aaa5b-d63b-4769-9462-6a4c88d2a8bf/datanode-4/data/ratis/f29639bd-24f7-4391-9fa7-d3de3ae74571 for RaftStorage:Storage Directory /workdir/hadoop-ozone/integration-test/target/test-dir/MiniOzoneClusterImpl-c00aaa5b-d63b-4769-9462-6a4c88d2a8bf/datanode-4/data/ratis/f29639bd-24f7-4391-9fa7-d3de3ae74571
2019-09-20 04:48:52,728 [pool-71-thread-1] INFO  server.RaftServerConfigKeys (ConfUtils.java:logGet(43)) - raft.server.log.queue.byte-limit = 2147483647 (custom)
2019-09-20 04:48:52,728 [pool-71-thread-1] INFO  server.RaftServerConfigKeys (ConfUtils.java:logGet(43)) - raft.server.log.queue.element-limit = 1024 (custom)
2019-09-20 04:48:52,728 [pool-71-thread-1] INFO  server.RaftServerConfigKeys (ConfUtils.java:logGet(43)) - raft.server.log.segment.size.max = 1048576 (custom)
2019-09-20 04:48:52,728 [pool-71-thread-1] INFO  server.RaftServerConfigKeys (ConfUtils.java:logGet(43)) - raft.server.log.preallocated.size = 16384 (custom)
2019-09-20 04:48:52,728 [pool-71-thread-1] INFO  server.RaftServerConfigKeys (ConfUtils.java:logGet(43)) - raft.server.log.write.buffer.size = 33554432 (custom)
2019-09-20 04:48:52,728 [pool-71-thread-1] INFO  server.RaftServerConfigKeys (ConfUtils.java:logGet(43)) - raft.server.log.force.sync.num = 128 (default)
2019-09-20 04:48:52,728 [pool-71-thread-1] INFO  server.RaftServerConfigKeys (ConfUtils.java:logGet(43)) - raft.server.log.statemachine.data.sync = true (default)
2019-09-20 04:48:52,728 [pool-71-thread-1] INFO  server.RaftServerConfigKeys (ConfUtils.java:logGet(43)) - raft.server.log.statemachine.data.sync.timeout = 10s (default)
2019-09-20 04:48:52,729 [pool-71-thread-1] INFO  server.RaftServerConfigKeys (ConfUtils.java:logGet(43)) - raft.server.log.statemachine.data.sync.timeout.retry = -1 (default)
2019-09-20 04:48:52,729 [pool-71-thread-1] INFO  server.RaftServerConfigKeys (ConfUtils.java:logGet(43)) - raft.server.log.statemachine.data.caching.enabled = true (custom)
2019-09-20 04:48:52,729 [pool-71-thread-1] INFO  segmented.SegmentedRaftLogWorker (SegmentedRaftLogWorker.java:lambda$new$0(132)) - 1d91ad97-6666-4ee7-855a-8b5e944e7401-SegmentedRaftLogWorker:Storage Directory /workdir/hadoop-ozone/integration-test/target/test-dir/MiniOzoneClusterImpl-c00aaa5b-d63b-4769-9462-6a4c88d2a8bf/datanode-4/data/ratis/f29639bd-24f7-4391-9fa7-d3de3ae74571: flushIndex: setUnconditionally 0 -> -1
2019-09-20 04:48:52,729 [pool-71-thread-1] INFO  server.RaftServerConfigKeys (ConfUtils.java:logGet(43)) - raft.server.snapshot.auto.trigger.enabled = true (custom)
2019-09-20 04:48:52,730 [pool-71-thread-1] INFO  server.RaftServerConfigKeys (ConfUtils.java:logGet(43)) - raft.server.snapshot.auto.trigger.threshold = 10000 (custom)
2019-09-20 04:48:52,730 [pool-71-thread-1] INFO  server.RaftServerConfigKeys (ConfUtils.java:logGet(43)) - raft.server.retrycache.expirytime = 600000ms (custom)
2019-09-20 04:48:52,730 [pool-71-thread-1] INFO  impl.RaftServerImpl (RaftServerImpl.java:start(180)) - 1d91ad97-6666-4ee7-855a-8b5e944e7401: start group-D3DE3AE74571
2019-09-20 04:48:52,730 [pool-71-thread-1] INFO  impl.RaftServerImpl (RaftServerImpl.java:setRole(171)) - 1d91ad97-6666-4ee7-855a-8b5e944e7401:group-D3DE3AE74571 changes role from null to FOLLOWER at term 0 for startAsFollower
2019-09-20 04:48:52,730 [pool-71-thread-1] INFO  impl.RoleInfo (RoleInfo.java:updateAndGet(143)) - 1d91ad97-6666-4ee7-855a-8b5e944e7401: start FollowerState
2019-09-20 04:48:52,730 [pool-71-thread-1] INFO  util.JmxRegister (JmxRegister.java:tryRegister(44)) - Successfully registered JMX Bean with object name Ratis:service=RaftServer,group=group-D3DE3AE74571,id=1d91ad97-6666-4ee7-855a-8b5e944e7401
2019-09-20 04:48:52,738 [Thread-298] INFO  impl.FollowerState (FollowerState.java:run(106)) - 42fc6e92-fcdd-4827-b621-9fc58a3d2315:group-853976DD41B9 changes to CANDIDATE, lastRpcTime:1105, electionTimeout:1104ms
2019-09-20 04:48:52,743 [Thread-303] INFO  impl.FollowerState (FollowerState.java:run(106)) - 2d6465ef-cffa-473a-a4c6-a9aa3f1a26c0:group-13B499A3F4E9 changes to CANDIDATE, lastRpcTime:1013, electionTimeout:1010ms
2019-09-20 04:48:52,744 [Thread-298] INFO  impl.RoleInfo (RoleInfo.java:shutdownFollowerState(121)) - 42fc6e92-fcdd-4827-b621-9fc58a3d2315: shutdown FollowerState
2019-09-20 04:48:52,744 [Thread-303] INFO  impl.RoleInfo (RoleInfo.java:shutdownFollowerState(121)) - 2d6465ef-cffa-473a-a4c6-a9aa3f1a26c0: shutdown FollowerState
2019-09-20 04:48:52,744 [Thread-298] INFO  impl.RaftServerImpl (RaftServerImpl.java:setRole(171)) - 42fc6e92-fcdd-4827-b621-9fc58a3d2315:group-853976DD41B9 changes role from FOLLOWER to CANDIDATE at term 0 for changeToCandidate
2019-09-20 04:48:52,744 [Thread-303] INFO  impl.RaftServerImpl (RaftServerImpl.java:setRole(171)) - 2d6465ef-cffa-473a-a4c6-a9aa3f1a26c0:group-13B499A3F4E9 changes role from FOLLOWER to CANDIDATE at term 0 for changeToCandidate
2019-09-20 04:48:52,745 [Thread-298] INFO  impl.RoleInfo (RoleInfo.java:updateAndGet(143)) - 42fc6e92-fcdd-4827-b621-9fc58a3d2315: start LeaderElection
2019-09-20 04:48:52,745 [Thread-303] INFO  impl.RoleInfo (RoleInfo.java:updateAndGet(143)) - 2d6465ef-cffa-473a-a4c6-a9aa3f1a26c0: start LeaderElection
2019-09-20 04:48:52,745 [Thread-295] INFO  impl.FollowerState (FollowerState.java:run(106)) - 2702b462-69d8-4c1b-aae1-091a21fe08b8:group-8FADBB6A2728 changes to CANDIDATE, lastRpcTime:1188, electionTimeout:1188ms
2019-09-20 04:48:52,747 [Thread-295] INFO  impl.RoleInfo (RoleInfo.java:shutdownFollowerState(121)) - 2702b462-69d8-4c1b-aae1-091a21fe08b8: shutdown FollowerState
2019-09-20 04:48:52,750 [Thread-295] INFO  impl.RaftServerImpl (RaftServerImpl.java:setRole(171)) - 2702b462-69d8-4c1b-aae1-091a21fe08b8:group-8FADBB6A2728 changes role from FOLLOWER to CANDIDATE at term 0 for changeToCandidate
2019-09-20 04:48:52,752 [Thread-295] INFO  impl.RoleInfo (RoleInfo.java:updateAndGet(143)) - 2702b462-69d8-4c1b-aae1-091a21fe08b8: start LeaderElection
2019-09-20 04:48:52,756 | INFO  | SCMAudit | user=jenkins1000 | ip=192.168.36.79 | op=SEND_HEARTBEAT {datanodeUUID=1d91ad97-6666-4ee7-855a-8b5e944e7401, command=[]} | ret=SUCCESS |  
2019-09-20 04:48:52,756 [RatisPipelineUtilsThread] INFO  pipeline.PipelineStateManager (PipelineStateManager.java:addPipeline(56)) - Created pipeline Pipeline[ Id: f29639bd-24f7-4391-9fa7-d3de3ae74571, Nodes: 1d91ad97-6666-4ee7-855a-8b5e944e7401{ip: 192.168.36.79, host: pr-hdds-1569-s8kj2-2266485376, networkLocation: /default-rack, certSerialId: null}, Type:RATIS, Factor:ONE, State:OPEN]
2019-09-20 04:48:52,756 [RatisPipelineUtilsThread] INFO  pipeline.PipelinePlacementPolicy (PipelinePlacementPolicy.java:meetCriteria(91)) - Pipeline Placement: Doesn't meet the criteria to be viable node： 42fc6e92-fcdd-4827-b621-9fc58a3d2315 Heaviness: 6 limit: 5
2019-09-20 04:48:52,757 [RatisPipelineUtilsThread] INFO  pipeline.PipelinePlacementPolicy (PipelinePlacementPolicy.java:meetCriteria(91)) - Pipeline Placement: Doesn't meet the criteria to be viable node： 2d6465ef-cffa-473a-a4c6-a9aa3f1a26c0 Heaviness: 6 limit: 5
2019-09-20 04:48:52,757 [RatisPipelineUtilsThread] INFO  pipeline.PipelinePlacementPolicy (PipelinePlacementPolicy.java:meetCriteria(91)) - Pipeline Placement: Doesn't meet the criteria to be viable node： 2702b462-69d8-4c1b-aae1-091a21fe08b8 Heaviness: 6 limit: 5
2019-09-20 04:48:52,764 [grpc-default-executor-0] INFO  impl.RaftServerProxy (RaftServerProxy.java:addNew(89)) - 1d91ad97-6666-4ee7-855a-8b5e944e7401: addNew group-4642546FD472:[1d91ad97-6666-4ee7-855a-8b5e944e7401:192.168.36.79:34447] returns group-4642546FD472:java.util.concurrent.CompletableFuture@29d2aabe[Not completed]
2019-09-20 04:48:52,765 [pool-71-thread-1] INFO  impl.RaftServerImpl (RaftServerImpl.java:<init>(93)) - 1d91ad97-6666-4ee7-855a-8b5e944e7401: new RaftServerImpl for group-4642546FD472:[1d91ad97-6666-4ee7-855a-8b5e944e7401:192.168.36.79:34447] with ContainerStateMachine:uninitialized
2019-09-20 04:48:52,765 [pool-71-thread-1] INFO  server.RaftServerConfigKeys (ConfUtils.java:logGet(43)) - raft.server.rpc.timeout.min = 1s (custom)
2019-09-20 04:48:52,765 [pool-71-thread-1] INFO  server.RaftServerConfigKeys (ConfUtils.java:logGet(43)) - raft.server.rpc.timeout.max = 1200ms (custom)
2019-09-20 04:48:52,765 [pool-71-thread-1] INFO  server.RaftServerConfigKeys (ConfUtils.java:logGet(43)) - raft.server.rpcslowness.timeout = 120s (custom)
2019-09-20 04:48:52,766 [pool-71-thread-1] INFO  server.RaftServerConfigKeys (ConfUtils.java:logGet(43)) - raft.server.sleep.deviation.threshold = 300 (default)
2019-09-20 04:48:52,766 [pool-71-thread-1] INFO  server.RaftServerConfigKeys (ConfUtils.java:logGet(43)) - raft.server.log.appender.install.snapshot.enabled = false (custom)
2019-09-20 04:48:52,766 [pool-71-thread-1] INFO  impl.RaftServerImpl (ServerState.java:<init>(105)) - 1d91ad97-6666-4ee7-855a-8b5e944e7401:group-4642546FD472 ConfigurationManager, init=-1: [1d91ad97-6666-4ee7-855a-8b5e944e7401:192.168.36.79:34447], old=null, confs=<EMPTY_MAP>
2019-09-20 04:48:52,766 [pool-71-thread-1] INFO  server.RaftServerConfigKeys (ConfUtils.java:logGet(43)) - raft.server.storage.dir = [/workdir/hadoop-ozone/integration-test/target/test-dir/MiniOzoneClusterImpl-c00aaa5b-d63b-4769-9462-6a4c88d2a8bf/datanode-4/data/ratis] (custom)
2019-09-20 04:48:52,766 [pool-71-thread-1] INFO  storage.RaftStorageDirectory (RaftStorageDirectory.java:analyzeStorage(246)) - The storage directory /workdir/hadoop-ozone/integration-test/target/test-dir/MiniOzoneClusterImpl-c00aaa5b-d63b-4769-9462-6a4c88d2a8bf/datanode-4/data/ratis/9a480842-eb85-49d1-966c-4642546fd472 does not exist. Creating ...
2019-09-20 04:48:52,776 [42fc6e92-fcdd-4827-b621-9fc58a3d2315:group-853976DD41B9:LeaderElection16] INFO  impl.LeaderElection (LeaderElection.java:askForVotes(181)) - 42fc6e92-fcdd-4827-b621-9fc58a3d2315:group-853976DD41B9:LeaderElection16: begin an election at term 1 for -1: [42fc6e92-fcdd-4827-b621-9fc58a3d2315:192.168.36.79:44605], old=null
2019-09-20 04:48:52,776 [2702b462-69d8-4c1b-aae1-091a21fe08b8:group-8FADBB6A2728:LeaderElection18] INFO  impl.LeaderElection (LeaderElection.java:askForVotes(181)) - 2702b462-69d8-4c1b-aae1-091a21fe08b8:group-8FADBB6A2728:LeaderElection18: begin an election at term 1 for -1: [2702b462-69d8-4c1b-aae1-091a21fe08b8:192.168.36.79:42637], old=null
2019-09-20 04:48:52,776 [42fc6e92-fcdd-4827-b621-9fc58a3d2315:group-853976DD41B9:LeaderElection16] INFO  impl.RoleInfo (RoleInfo.java:shutdownLeaderElection(134)) - 42fc6e92-fcdd-4827-b621-9fc58a3d2315: shutdown LeaderElection
2019-09-20 04:48:52,776 [2d6465ef-cffa-473a-a4c6-a9aa3f1a26c0:group-13B499A3F4E9:LeaderElection17] INFO  impl.LeaderElection (LeaderElection.java:askForVotes(181)) - 2d6465ef-cffa-473a-a4c6-a9aa3f1a26c0:group-13B499A3F4E9:LeaderElection17: begin an election at term 1 for -1: [2d6465ef-cffa-473a-a4c6-a9aa3f1a26c0:192.168.36.79:46837], old=null
2019-09-20 04:48:52,777 [42fc6e92-fcdd-4827-b621-9fc58a3d2315:group-853976DD41B9:LeaderElection16] INFO  impl.RaftServerImpl (RaftServerImpl.java:setRole(171)) - 42fc6e92-fcdd-4827-b621-9fc58a3d2315:group-853976DD41B9 changes role from CANDIDATE to LEADER at term 1 for changeToLeader
2019-09-20 04:48:52,777 [2702b462-69d8-4c1b-aae1-091a21fe08b8:group-8FADBB6A2728:LeaderElection18] INFO  impl.RoleInfo (RoleInfo.java:shutdownLeaderElection(134)) - 2702b462-69d8-4c1b-aae1-091a21fe08b8: shutdown LeaderElection
2019-09-20 04:48:52,777 [42fc6e92-fcdd-4827-b621-9fc58a3d2315:group-853976DD41B9:LeaderElection16] INFO  impl.RaftServerImpl (ServerState.java:setLeader(263)) - 42fc6e92-fcdd-4827-b621-9fc58a3d2315:group-853976DD41B9 change Leader from null to 42fc6e92-fcdd-4827-b621-9fc58a3d2315 at term 1 for becomeLeader, leader elected after 1148ms
2019-09-20 04:48:52,777 [2d6465ef-cffa-473a-a4c6-a9aa3f1a26c0:group-13B499A3F4E9:LeaderElection17] INFO  impl.RoleInfo (RoleInfo.java:shutdownLeaderElection(134)) - 2d6465ef-cffa-473a-a4c6-a9aa3f1a26c0: shutdown LeaderElection
2019-09-20 04:48:52,777 [42fc6e92-fcdd-4827-b621-9fc58a3d2315:group-853976DD41B9:LeaderElection16] INFO  server.RaftServerConfigKeys (ConfUtils.java:logGet(43)) - raft.server.staging.catchup.gap = 1000 (default)
2019-09-20 04:48:52,777 [2702b462-69d8-4c1b-aae1-091a21fe08b8:group-8FADBB6A2728:LeaderElection18] INFO  impl.RaftServerImpl (RaftServerImpl.java:setRole(171)) - 2702b462-69d8-4c1b-aae1-091a21fe08b8:group-8FADBB6A2728 changes role from CANDIDATE to LEADER at term 1 for changeToLeader
2019-09-20 04:48:52,777 [42fc6e92-fcdd-4827-b621-9fc58a3d2315:group-853976DD41B9:LeaderElection16] INFO  server.RaftServerConfigKeys (ConfUtils.java:logGet(43)) - raft.server.rpc.sleep.time = 25ms (default)
2019-09-20 04:48:52,777 [2d6465ef-cffa-473a-a4c6-a9aa3f1a26c0:group-13B499A3F4E9:LeaderElection17] INFO  impl.RaftServerImpl (RaftServerImpl.java:setRole(171)) - 2d6465ef-cffa-473a-a4c6-a9aa3f1a26c0:group-13B499A3F4E9 changes role from CANDIDATE to LEADER at term 1 for changeToLeader
2019-09-20 04:48:52,777 [2702b462-69d8-4c1b-aae1-091a21fe08b8:group-8FADBB6A2728:LeaderElection18] INFO  impl.RaftServerImpl (ServerState.java:setLeader(263)) - 2702b462-69d8-4c1b-aae1-091a21fe08b8:group-8FADBB6A2728 change Leader from null to 2702b462-69d8-4c1b-aae1-091a21fe08b8 at term 1 for becomeLeader, leader elected after 1224ms
2019-09-20 04:48:52,777 [2d6465ef-cffa-473a-a4c6-a9aa3f1a26c0:group-13B499A3F4E9:LeaderElection17] INFO  impl.RaftServerImpl (ServerState.java:setLeader(263)) - 2d6465ef-cffa-473a-a4c6-a9aa3f1a26c0:group-13B499A3F4E9 change Leader from null to 2d6465ef-cffa-473a-a4c6-a9aa3f1a26c0 at term 1 for becomeLeader, leader elected after 1052ms
2019-09-20 04:48:52,777 [42fc6e92-fcdd-4827-b621-9fc58a3d2315:group-853976DD41B9:LeaderElection16] INFO  server.RaftServerConfigKeys (ConfUtils.java:logGet(43)) - raft.server.write.element-limit = 4096 (default)
2019-09-20 04:48:52,778 [2d6465ef-cffa-473a-a4c6-a9aa3f1a26c0:group-13B499A3F4E9:LeaderElection17] INFO  server.RaftServerConfigKeys (ConfUtils.java:logGet(43)) - raft.server.staging.catchup.gap = 1000 (default)
2019-09-20 04:48:52,778 [2702b462-69d8-4c1b-aae1-091a21fe08b8:group-8FADBB6A2728:LeaderElection18] INFO  server.RaftServerConfigKeys (ConfUtils.java:logGet(43)) - raft.server.staging.catchup.gap = 1000 (default)
2019-09-20 04:48:52,778 [2d6465ef-cffa-473a-a4c6-a9aa3f1a26c0:group-13B499A3F4E9:LeaderElection17] INFO  server.RaftServerConfigKeys (ConfUtils.java:logGet(43)) - raft.server.rpc.sleep.time = 25ms (default)
2019-09-20 04:48:52,778 [42fc6e92-fcdd-4827-b621-9fc58a3d2315:group-853976DD41B9:LeaderElection16] INFO  server.RaftServerConfigKeys (ConfUtils.java:logGet(43)) - raft.server.watch.timeout = 10s (default)
2019-09-20 04:48:52,778 [2d6465ef-cffa-473a-a4c6-a9aa3f1a26c0:group-13B499A3F4E9:LeaderElection17] INFO  server.RaftServerConfigKeys (ConfUtils.java:logGet(43)) - raft.server.write.element-limit = 4096 (default)
2019-09-20 04:48:52,778 [2702b462-69d8-4c1b-aae1-091a21fe08b8:group-8FADBB6A2728:LeaderElection18] INFO  server.RaftServerConfigKeys (ConfUtils.java:logGet(43)) - raft.server.rpc.sleep.time = 25ms (default)
2019-09-20 04:48:52,778 [2d6465ef-cffa-473a-a4c6-a9aa3f1a26c0:group-13B499A3F4E9:LeaderElection17] INFO  server.RaftServerConfigKeys (ConfUtils.java:logGet(43)) - raft.server.watch.timeout = 10s (default)
2019-09-20 04:48:52,778 [42fc6e92-fcdd-4827-b621-9fc58a3d2315:group-853976DD41B9:LeaderElection16] INFO  server.RaftServerConfigKeys (ConfUtils.java:logGet(43)) - raft.server.watch.timeout.denomination = 1s (default)
2019-09-20 04:48:52,778 [2d6465ef-cffa-473a-a4c6-a9aa3f1a26c0:group-13B499A3F4E9:LeaderElection17] INFO  server.RaftServerConfigKeys (ConfUtils.java:logGet(43)) - raft.server.watch.timeout.denomination = 1s (default)
2019-09-20 04:48:52,778 [2702b462-69d8-4c1b-aae1-091a21fe08b8:group-8FADBB6A2728:LeaderElection18] INFO  server.RaftServerConfigKeys (ConfUtils.java:logGet(43)) - raft.server.write.element-limit = 4096 (default)
2019-09-20 04:48:52,778 [2d6465ef-cffa-473a-a4c6-a9aa3f1a26c0:group-13B499A3F4E9:LeaderElection17] INFO  server.RaftServerConfigKeys (ConfUtils.java:logGet(43)) - raft.server.watch.element-limit = 65536 (default)
2019-09-20 04:48:52,778 [42fc6e92-fcdd-4827-b621-9fc58a3d2315:group-853976DD41B9:LeaderElection16] INFO  server.RaftServerConfigKeys (ConfUtils.java:logGet(43)) - raft.server.watch.element-limit = 65536 (default)
2019-09-20 04:48:52,779 [2702b462-69d8-4c1b-aae1-091a21fe08b8:group-8FADBB6A2728:LeaderElection18] INFO  server.RaftServerConfigKeys (ConfUtils.java:logGet(43)) - raft.server.watch.timeout = 10s (default)
2019-09-20 04:48:52,779 [42fc6e92-fcdd-4827-b621-9fc58a3d2315:group-853976DD41B9:LeaderElection16] INFO  impl.RoleInfo (RoleInfo.java:updateAndGet(143)) - 42fc6e92-fcdd-4827-b621-9fc58a3d2315: start LeaderState
2019-09-20 04:48:52,779 [2d6465ef-cffa-473a-a4c6-a9aa3f1a26c0:group-13B499A3F4E9:LeaderElection17] INFO  impl.RoleInfo (RoleInfo.java:updateAndGet(143)) - 2d6465ef-cffa-473a-a4c6-a9aa3f1a26c0: start LeaderState
2019-09-20 04:48:52,779 [2702b462-69d8-4c1b-aae1-091a21fe08b8:group-8FADBB6A2728:LeaderElection18] INFO  server.RaftServerConfigKeys (ConfUtils.java:logGet(43)) - raft.server.watch.timeout.denomination = 1s (default)
2019-09-20 04:48:52,779 [2d6465ef-cffa-473a-a4c6-a9aa3f1a26c0:group-13B499A3F4E9:LeaderElection17] INFO  segmented.SegmentedRaftLogWorker (SegmentedRaftLogWorker.java:startLogSegment(380)) - 2d6465ef-cffa-473a-a4c6-a9aa3f1a26c0-SegmentedRaftLogWorker:Storage Directory /workdir/hadoop-ozone/integration-test/target/test-dir/MiniOzoneClusterImpl-c00aaa5b-d63b-4769-9462-6a4c88d2a8bf/datanode-2/data/ratis/0d4fbcfa-44f0-451b-adee-13b499a3f4e9: Starting segment from index:0
2019-09-20 04:48:52,779 [42fc6e92-fcdd-4827-b621-9fc58a3d2315:group-853976DD41B9:LeaderElection16] INFO  segmented.SegmentedRaftLogWorker (SegmentedRaftLogWorker.java:startLogSegment(380)) - 42fc6e92-fcdd-4827-b621-9fc58a3d2315-SegmentedRaftLogWorker:Storage Directory /workdir/hadoop-ozone/integration-test/target/test-dir/MiniOzoneClusterImpl-c00aaa5b-d63b-4769-9462-6a4c88d2a8bf/datanode-1/data/ratis/90bff523-9d49-4e2d-86a0-853976dd41b9: Starting segment from index:0
2019-09-20 04:48:52,779 [2702b462-69d8-4c1b-aae1-091a21fe08b8:group-8FADBB6A2728:LeaderElection18] INFO  server.RaftServerConfigKeys (ConfUtils.java:logGet(43)) - raft.server.watch.element-limit = 65536 (default)
2019-09-20 04:48:52,779 [2d6465ef-cffa-473a-a4c6-a9aa3f1a26c0:group-13B499A3F4E9:LeaderElection17] INFO  impl.RaftServerImpl (ServerState.java:setRaftConf(361)) - 2d6465ef-cffa-473a-a4c6-a9aa3f1a26c0:group-13B499A3F4E9 set configuration 0: [2d6465ef-cffa-473a-a4c6-a9aa3f1a26c0:192.168.36.79:46837], old=null at 0
2019-09-20 04:48:52,779 [2702b462-69d8-4c1b-aae1-091a21fe08b8:group-8FADBB6A2728:LeaderElection18] INFO  impl.RoleInfo (RoleInfo.java:updateAndGet(143)) - 2702b462-69d8-4c1b-aae1-091a21fe08b8: start LeaderState
2019-09-20 04:48:52,784 [42fc6e92-fcdd-4827-b621-9fc58a3d2315:group-853976DD41B9:LeaderElection16] INFO  impl.RaftServerImpl (ServerState.java:setRaftConf(361)) - 42fc6e92-fcdd-4827-b621-9fc58a3d2315:group-853976DD41B9 set configuration 0: [42fc6e92-fcdd-4827-b621-9fc58a3d2315:192.168.36.79:44605], old=null at 0
2019-09-20 04:48:52,786 [2702b462-69d8-4c1b-aae1-091a21fe08b8:group-8FADBB6A2728:LeaderElection18] INFO  segmented.SegmentedRaftLogWorker (SegmentedRaftLogWorker.java:startLogSegment(380)) - 2702b462-69d8-4c1b-aae1-091a21fe08b8-SegmentedRaftLogWorker:Storage Directory /workdir/hadoop-ozone/integration-test/target/test-dir/MiniOzoneClusterImpl-c00aaa5b-d63b-4769-9462-6a4c88d2a8bf/datanode-3/data/ratis/3a52056b-20f8-4e1a-8ab0-8fadbb6a2728: Starting segment from index:0
2019-09-20 04:48:52,787 [2702b462-69d8-4c1b-aae1-091a21fe08b8:group-8FADBB6A2728:LeaderElection18] INFO  impl.RaftServerImpl (ServerState.java:setRaftConf(361)) - 2702b462-69d8-4c1b-aae1-091a21fe08b8:group-8FADBB6A2728 set configuration 0: [2702b462-69d8-4c1b-aae1-091a21fe08b8:192.168.36.79:42637], old=null at 0
2019-09-20 04:48:52,822 [pool-71-thread-1] INFO  storage.RaftStorageDirectory (RaftStorageDirectory.java:tryLock(328)) - Lock on /workdir/hadoop-ozone/integration-test/target/test-dir/MiniOzoneClusterImpl-c00aaa5b-d63b-4769-9462-6a4c88d2a8bf/datanode-4/data/ratis/9a480842-eb85-49d1-966c-4642546fd472/in_use.lock acquired by nodename 9457@pr-hdds-1569-s8kj2-2266485376
2019-09-20 04:48:52,844 [42fc6e92-fcdd-4827-b621-9fc58a3d2315-SegmentedRaftLogWorker:Storage Directory /workdir/hadoop-ozone/integration-test/target/test-dir/MiniOzoneClusterImpl-c00aaa5b-d63b-4769-9462-6a4c88d2a8bf/datanode-1/data/ratis/90bff523-9d49-4e2d-86a0-853976dd41b9] INFO  segmented.SegmentedRaftLogWorker (SegmentedRaftLogWorker.java:execute(569)) - 42fc6e92-fcdd-4827-b621-9fc58a3d2315-SegmentedRaftLogWorker:Storage Directory /workdir/hadoop-ozone/integration-test/target/test-dir/MiniOzoneClusterImpl-c00aaa5b-d63b-4769-9462-6a4c88d2a8bf/datanode-1/data/ratis/90bff523-9d49-4e2d-86a0-853976dd41b9: created new log segment /workdir/hadoop-ozone/integration-test/target/test-dir/MiniOzoneClusterImpl-c00aaa5b-d63b-4769-9462-6a4c88d2a8bf/datanode-1/data/ratis/90bff523-9d49-4e2d-86a0-853976dd41b9/current/log_inprogress_0
2019-09-20 04:48:52,844 [2d6465ef-cffa-473a-a4c6-a9aa3f1a26c0-SegmentedRaftLogWorker:Storage Directory /workdir/hadoop-ozone/integration-test/target/test-dir/MiniOzoneClusterImpl-c00aaa5b-d63b-4769-9462-6a4c88d2a8bf/datanode-2/data/ratis/0d4fbcfa-44f0-451b-adee-13b499a3f4e9] INFO  segmented.SegmentedRaftLogWorker (SegmentedRaftLogWorker.java:execute(569)) - 2d6465ef-cffa-473a-a4c6-a9aa3f1a26c0-SegmentedRaftLogWorker:Storage Directory /workdir/hadoop-ozone/integration-test/target/test-dir/MiniOzoneClusterImpl-c00aaa5b-d63b-4769-9462-6a4c88d2a8bf/datanode-2/data/ratis/0d4fbcfa-44f0-451b-adee-13b499a3f4e9: created new log segment /workdir/hadoop-ozone/integration-test/target/test-dir/MiniOzoneClusterImpl-c00aaa5b-d63b-4769-9462-6a4c88d2a8bf/datanode-2/data/ratis/0d4fbcfa-44f0-451b-adee-13b499a3f4e9/current/log_inprogress_0
2019-09-20 04:48:52,844 [pool-71-thread-1] INFO  storage.RaftStorage (RaftStorage.java:format(72)) - Storage directory /workdir/hadoop-ozone/integration-test/target/test-dir/MiniOzoneClusterImpl-c00aaa5b-d63b-4769-9462-6a4c88d2a8bf/datanode-4/data/ratis/9a480842-eb85-49d1-966c-4642546fd472 has been successfully formatted.
2019-09-20 04:48:52,844 [2702b462-69d8-4c1b-aae1-091a21fe08b8-SegmentedRaftLogWorker:Storage Directory /workdir/hadoop-ozone/integration-test/target/test-dir/MiniOzoneClusterImpl-c00aaa5b-d63b-4769-9462-6a4c88d2a8bf/datanode-3/data/ratis/3a52056b-20f8-4e1a-8ab0-8fadbb6a2728] INFO  segmented.SegmentedRaftLogWorker (SegmentedRaftLogWorker.java:execute(569)) - 2702b462-69d8-4c1b-aae1-091a21fe08b8-SegmentedRaftLogWorker:Storage Directory /workdir/hadoop-ozone/integration-test/target/test-dir/MiniOzoneClusterImpl-c00aaa5b-d63b-4769-9462-6a4c88d2a8bf/datanode-3/data/ratis/3a52056b-20f8-4e1a-8ab0-8fadbb6a2728: created new log segment /workdir/hadoop-ozone/integration-test/target/test-dir/MiniOzoneClusterImpl-c00aaa5b-d63b-4769-9462-6a4c88d2a8bf/datanode-3/data/ratis/3a52056b-20f8-4e1a-8ab0-8fadbb6a2728/current/log_inprogress_0
2019-09-20 04:48:52,851 [pool-71-thread-1] INFO  ratis.ContainerStateMachine (ContainerStateMachine.java:loadSnapshot(226)) - group-4642546FD472: The snapshot info is null. Setting the last applied indexto:(t:0, i:~)
2019-09-20 04:48:52,851 [pool-71-thread-1] INFO  server.RaftServerConfigKeys (ConfUtils.java:logGet(43)) - raft.server.leader.election.timeout = 120s (custom)
2019-09-20 04:48:52,852 [pool-71-thread-1] INFO  server.RaftServerConfigKeys (ConfUtils.java:logGet(43)) - raft.server.log.use.memory = false (default)
2019-09-20 04:48:52,852 [pool-71-thread-1] INFO  server.RaftServerConfigKeys (ConfUtils.java:logGet(43)) - raft.server.log.purge.gap = 1000000 (custom)
2019-09-20 04:48:52,852 [pool-71-thread-1] INFO  server.RaftServerConfigKeys (ConfUtils.java:logGet(43)) - raft.server.log.appender.buffer.byte-limit = 33554432 (custom)
2019-09-20 04:48:52,852 [pool-71-thread-1] INFO  server.RaftServerConfigKeys (ConfUtils.java:logGet(43)) - raft.server.log.segment.size.max = 1048576 (custom)
2019-09-20 04:48:52,852 [pool-71-thread-1] INFO  server.RaftServerConfigKeys (ConfUtils.java:logGet(43)) - raft.server.log.segment.cache.num.max = 2 (custom)
2019-09-20 04:48:52,852 [pool-71-thread-1] INFO  segmented.SegmentedRaftLogWorker (SegmentedRaftLogWorker.java:<init>(172)) - new 1d91ad97-6666-4ee7-855a-8b5e944e7401-SegmentedRaftLogWorker:Storage Directory /workdir/hadoop-ozone/integration-test/target/test-dir/MiniOzoneClusterImpl-c00aaa5b-d63b-4769-9462-6a4c88d2a8bf/datanode-4/data/ratis/9a480842-eb85-49d1-966c-4642546fd472 for RaftStorage:Storage Directory /workdir/hadoop-ozone/integration-test/target/test-dir/MiniOzoneClusterImpl-c00aaa5b-d63b-4769-9462-6a4c88d2a8bf/datanode-4/data/ratis/9a480842-eb85-49d1-966c-4642546fd472
2019-09-20 04:48:52,853 [pool-71-thread-1] INFO  server.RaftServerConfigKeys (ConfUtils.java:logGet(43)) - raft.server.log.queue.byte-limit = 2147483647 (custom)
2019-09-20 04:48:52,853 [pool-71-thread-1] INFO  server.RaftServerConfigKeys (ConfUtils.java:logGet(43)) - raft.server.log.queue.element-limit = 1024 (custom)
2019-09-20 04:48:52,853 [pool-71-thread-1] INFO  server.RaftServerConfigKeys (ConfUtils.java:logGet(43)) - raft.server.log.segment.size.max = 1048576 (custom)
2019-09-20 04:48:52,853 [pool-71-thread-1] INFO  server.RaftServerConfigKeys (ConfUtils.java:logGet(43)) - raft.server.log.preallocated.size = 16384 (custom)
2019-09-20 04:48:52,853 [pool-71-thread-1] INFO  server.RaftServerConfigKeys (ConfUtils.java:logGet(43)) - raft.server.log.write.buffer.size = 33554432 (custom)
2019-09-20 04:48:52,853 [pool-71-thread-1] INFO  server.RaftServerConfigKeys (ConfUtils.java:logGet(43)) - raft.server.log.force.sync.num = 128 (default)
2019-09-20 04:48:52,853 [pool-71-thread-1] INFO  server.RaftServerConfigKeys (ConfUtils.java:logGet(43)) - raft.server.log.statemachine.data.sync = true (default)
2019-09-20 04:48:52,854 [pool-71-thread-1] INFO  server.RaftServerConfigKeys (ConfUtils.java:logGet(43)) - raft.server.log.statemachine.data.sync.timeout = 10s (default)
2019-09-20 04:48:52,854 [pool-71-thread-1] INFO  server.RaftServerConfigKeys (ConfUtils.java:logGet(43)) - raft.server.log.statemachine.data.sync.timeout.retry = -1 (default)
2019-09-20 04:48:52,854 [pool-71-thread-1] INFO  server.RaftServerConfigKeys (ConfUtils.java:logGet(43)) - raft.server.log.statemachine.data.caching.enabled = true (custom)
2019-09-20 04:48:52,854 [pool-71-thread-1] INFO  segmented.SegmentedRaftLogWorker (SegmentedRaftLogWorker.java:lambda$new$0(132)) - 1d91ad97-6666-4ee7-855a-8b5e944e7401-SegmentedRaftLogWorker:Storage Directory /workdir/hadoop-ozone/integration-test/target/test-dir/MiniOzoneClusterImpl-c00aaa5b-d63b-4769-9462-6a4c88d2a8bf/datanode-4/data/ratis/9a480842-eb85-49d1-966c-4642546fd472: flushIndex: setUnconditionally 0 -> -1
2019-09-20 04:48:52,855 [pool-71-thread-1] INFO  server.RaftServerConfigKeys (ConfUtils.java:logGet(43)) - raft.server.snapshot.auto.trigger.enabled = true (custom)
2019-09-20 04:48:52,855 [pool-71-thread-1] INFO  server.RaftServerConfigKeys (ConfUtils.java:logGet(43)) - raft.server.snapshot.auto.trigger.threshold = 10000 (custom)
2019-09-20 04:48:52,855 [pool-71-thread-1] INFO  server.RaftServerConfigKeys (ConfUtils.java:logGet(43)) - raft.server.retrycache.expirytime = 600000ms (custom)
2019-09-20 04:48:52,855 [pool-71-thread-1] INFO  impl.RaftServerImpl (RaftServerImpl.java:start(180)) - 1d91ad97-6666-4ee7-855a-8b5e944e7401: start group-4642546FD472
2019-09-20 04:48:52,855 [pool-71-thread-1] INFO  impl.RaftServerImpl (RaftServerImpl.java:setRole(171)) - 1d91ad97-6666-4ee7-855a-8b5e944e7401:group-4642546FD472 changes role from null to FOLLOWER at term 0 for startAsFollower
2019-09-20 04:48:52,855 [pool-71-thread-1] INFO  impl.RoleInfo (RoleInfo.java:updateAndGet(143)) - 1d91ad97-6666-4ee7-855a-8b5e944e7401: start FollowerState
2019-09-20 04:48:52,856 [pool-71-thread-1] INFO  util.JmxRegister (JmxRegister.java:tryRegister(44)) - Successfully registered JMX Bean with object name Ratis:service=RaftServer,group=group-4642546FD472,id=1d91ad97-6666-4ee7-855a-8b5e944e7401
2019-09-20 04:48:52,860 [RatisPipelineUtilsThread] INFO  pipeline.PipelineStateManager (PipelineStateManager.java:addPipeline(56)) - Created pipeline Pipeline[ Id: 9a480842-eb85-49d1-966c-4642546fd472, Nodes: 1d91ad97-6666-4ee7-855a-8b5e944e7401{ip: 192.168.36.79, host: pr-hdds-1569-s8kj2-2266485376, networkLocation: /default-rack, certSerialId: null}, Type:RATIS, Factor:ONE, State:OPEN]
2019-09-20 04:48:52,860 [RatisPipelineUtilsThread] INFO  pipeline.PipelinePlacementPolicy (PipelinePlacementPolicy.java:meetCriteria(91)) - Pipeline Placement: Doesn't meet the criteria to be viable node： 42fc6e92-fcdd-4827-b621-9fc58a3d2315 Heaviness: 6 limit: 5
2019-09-20 04:48:52,860 [RatisPipelineUtilsThread] INFO  pipeline.PipelinePlacementPolicy (PipelinePlacementPolicy.java:meetCriteria(91)) - Pipeline Placement: Doesn't meet the criteria to be viable node： 2d6465ef-cffa-473a-a4c6-a9aa3f1a26c0 Heaviness: 6 limit: 5
2019-09-20 04:48:52,861 [RatisPipelineUtilsThread] INFO  pipeline.PipelinePlacementPolicy (PipelinePlacementPolicy.java:meetCriteria(91)) - Pipeline Placement: Doesn't meet the criteria to be viable node： 2702b462-69d8-4c1b-aae1-091a21fe08b8 Heaviness: 6 limit: 5
2019-09-20 04:48:52,868 [grpc-default-executor-0] INFO  impl.RaftServerProxy (RaftServerProxy.java:addNew(89)) - ea71b9af-1075-4196-9693-aa14e10f536d: addNew group-FB07807E3B59:[ea71b9af-1075-4196-9693-aa14e10f536d:192.168.36.79:41553] returns group-FB07807E3B59:java.util.concurrent.CompletableFuture@53ad4c8e[Not completed]
2019-09-20 04:48:52,869 [pool-27-thread-1] INFO  impl.RaftServerImpl (RaftServerImpl.java:<init>(93)) - ea71b9af-1075-4196-9693-aa14e10f536d: new RaftServerImpl for group-FB07807E3B59:[ea71b9af-1075-4196-9693-aa14e10f536d:192.168.36.79:41553] with ContainerStateMachine:uninitialized
2019-09-20 04:48:52,869 [pool-27-thread-1] INFO  server.RaftServerConfigKeys (ConfUtils.java:logGet(43)) - raft.server.rpc.timeout.min = 1s (custom)
2019-09-20 04:48:52,870 [pool-27-thread-1] INFO  server.RaftServerConfigKeys (ConfUtils.java:logGet(43)) - raft.server.rpc.timeout.max = 1200ms (custom)
2019-09-20 04:48:52,870 [pool-27-thread-1] INFO  server.RaftServerConfigKeys (ConfUtils.java:logGet(43)) - raft.server.rpcslowness.timeout = 120s (custom)
2019-09-20 04:48:52,870 [pool-27-thread-1] INFO  server.RaftServerConfigKeys (ConfUtils.java:logGet(43)) - raft.server.sleep.deviation.threshold = 300 (default)
2019-09-20 04:48:52,870 [pool-27-thread-1] INFO  server.RaftServerConfigKeys (ConfUtils.java:logGet(43)) - raft.server.log.appender.install.snapshot.enabled = false (custom)
2019-09-20 04:48:52,870 [pool-27-thread-1] INFO  impl.RaftServerImpl (ServerState.java:<init>(105)) - ea71b9af-1075-4196-9693-aa14e10f536d:group-FB07807E3B59 ConfigurationManager, init=-1: [ea71b9af-1075-4196-9693-aa14e10f536d:192.168.36.79:41553], old=null, confs=<EMPTY_MAP>
2019-09-20 04:48:52,870 [pool-27-thread-1] INFO  server.RaftServerConfigKeys (ConfUtils.java:logGet(43)) - raft.server.storage.dir = [/workdir/hadoop-ozone/integration-test/target/test-dir/MiniOzoneClusterImpl-c00aaa5b-d63b-4769-9462-6a4c88d2a8bf/datanode-0/data/ratis] (custom)
2019-09-20 04:48:52,871 [pool-27-thread-1] INFO  storage.RaftStorageDirectory (RaftStorageDirectory.java:analyzeStorage(246)) - The storage directory /workdir/hadoop-ozone/integration-test/target/test-dir/MiniOzoneClusterImpl-c00aaa5b-d63b-4769-9462-6a4c88d2a8bf/datanode-0/data/ratis/9398c842-f0d9-467a-b822-fb07807e3b59 does not exist. Creating ...
2019-09-20 04:48:52,895 [pool-27-thread-1] INFO  storage.RaftStorageDirectory (RaftStorageDirectory.java:tryLock(328)) - Lock on /workdir/hadoop-ozone/integration-test/target/test-dir/MiniOzoneClusterImpl-c00aaa5b-d63b-4769-9462-6a4c88d2a8bf/datanode-0/data/ratis/9398c842-f0d9-467a-b822-fb07807e3b59/in_use.lock acquired by nodename 9457@pr-hdds-1569-s8kj2-2266485376
2019-09-20 04:48:52,903 | INFO  | SCMAudit | user=jenkins1000 | ip=192.168.36.79 | op=SEND_HEARTBEAT {datanodeUUID=ea71b9af-1075-4196-9693-aa14e10f536d, command=[]} | ret=SUCCESS |  
2019-09-20 04:48:52,928 [pool-27-thread-1] INFO  storage.RaftStorage (RaftStorage.java:format(72)) - Storage directory /workdir/hadoop-ozone/integration-test/target/test-dir/MiniOzoneClusterImpl-c00aaa5b-d63b-4769-9462-6a4c88d2a8bf/datanode-0/data/ratis/9398c842-f0d9-467a-b822-fb07807e3b59 has been successfully formatted.
2019-09-20 04:48:52,929 [pool-27-thread-1] INFO  ratis.ContainerStateMachine (ContainerStateMachine.java:loadSnapshot(226)) - group-FB07807E3B59: The snapshot info is null. Setting the last applied indexto:(t:0, i:~)
2019-09-20 04:48:52,929 [pool-27-thread-1] INFO  server.RaftServerConfigKeys (ConfUtils.java:logGet(43)) - raft.server.leader.election.timeout = 120s (custom)
2019-09-20 04:48:52,929 [pool-27-thread-1] INFO  server.RaftServerConfigKeys (ConfUtils.java:logGet(43)) - raft.server.log.use.memory = false (default)
2019-09-20 04:48:52,929 [pool-27-thread-1] INFO  server.RaftServerConfigKeys (ConfUtils.java:logGet(43)) - raft.server.log.purge.gap = 1000000 (custom)
2019-09-20 04:48:52,930 [pool-27-thread-1] INFO  server.RaftServerConfigKeys (ConfUtils.java:logGet(43)) - raft.server.log.appender.buffer.byte-limit = 33554432 (custom)
2019-09-20 04:48:52,930 [pool-27-thread-1] INFO  server.RaftServerConfigKeys (ConfUtils.java:logGet(43)) - raft.server.log.segment.size.max = 1048576 (custom)
2019-09-20 04:48:52,930 [pool-27-thread-1] INFO  server.RaftServerConfigKeys (ConfUtils.java:logGet(43)) - raft.server.log.segment.cache.num.max = 2 (custom)
2019-09-20 04:48:52,930 [pool-27-thread-1] INFO  segmented.SegmentedRaftLogWorker (SegmentedRaftLogWorker.java:<init>(172)) - new ea71b9af-1075-4196-9693-aa14e10f536d-SegmentedRaftLogWorker:Storage Directory /workdir/hadoop-ozone/integration-test/target/test-dir/MiniOzoneClusterImpl-c00aaa5b-d63b-4769-9462-6a4c88d2a8bf/datanode-0/data/ratis/9398c842-f0d9-467a-b822-fb07807e3b59 for RaftStorage:Storage Directory /workdir/hadoop-ozone/integration-test/target/test-dir/MiniOzoneClusterImpl-c00aaa5b-d63b-4769-9462-6a4c88d2a8bf/datanode-0/data/ratis/9398c842-f0d9-467a-b822-fb07807e3b59
2019-09-20 04:48:52,930 [pool-27-thread-1] INFO  server.RaftServerConfigKeys (ConfUtils.java:logGet(43)) - raft.server.log.queue.byte-limit = 2147483647 (custom)
2019-09-20 04:48:52,930 [pool-27-thread-1] INFO  server.RaftServerConfigKeys (ConfUtils.java:logGet(43)) - raft.server.log.queue.element-limit = 1024 (custom)
2019-09-20 04:48:52,931 [pool-27-thread-1] INFO  server.RaftServerConfigKeys (ConfUtils.java:logGet(43)) - raft.server.log.segment.size.max = 1048576 (custom)
2019-09-20 04:48:52,931 [pool-27-thread-1] INFO  server.RaftServerConfigKeys (ConfUtils.java:logGet(43)) - raft.server.log.preallocated.size = 16384 (custom)
2019-09-20 04:48:52,931 [pool-27-thread-1] INFO  server.RaftServerConfigKeys (ConfUtils.java:logGet(43)) - raft.server.log.write.buffer.size = 33554432 (custom)
2019-09-20 04:48:52,931 [pool-27-thread-1] INFO  server.RaftServerConfigKeys (ConfUtils.java:logGet(43)) - raft.server.log.force.sync.num = 128 (default)
2019-09-20 04:48:52,931 [pool-27-thread-1] INFO  server.RaftServerConfigKeys (ConfUtils.java:logGet(43)) - raft.server.log.statemachine.data.sync = true (default)
2019-09-20 04:48:52,931 [pool-27-thread-1] INFO  server.RaftServerConfigKeys (ConfUtils.java:logGet(43)) - raft.server.log.statemachine.data.sync.timeout = 10s (default)
2019-09-20 04:48:52,932 [pool-27-thread-1] INFO  server.RaftServerConfigKeys (ConfUtils.java:logGet(43)) - raft.server.log.statemachine.data.sync.timeout.retry = -1 (default)
2019-09-20 04:48:52,932 [pool-27-thread-1] INFO  server.RaftServerConfigKeys (ConfUtils.java:logGet(43)) - raft.server.log.statemachine.data.caching.enabled = true (custom)
2019-09-20 04:48:52,932 [pool-27-thread-1] INFO  segmented.SegmentedRaftLogWorker (SegmentedRaftLogWorker.java:lambda$new$0(132)) - ea71b9af-1075-4196-9693-aa14e10f536d-SegmentedRaftLogWorker:Storage Directory /workdir/hadoop-ozone/integration-test/target/test-dir/MiniOzoneClusterImpl-c00aaa5b-d63b-4769-9462-6a4c88d2a8bf/datanode-0/data/ratis/9398c842-f0d9-467a-b822-fb07807e3b59: flushIndex: setUnconditionally 0 -> -1
2019-09-20 04:48:52,933 [pool-27-thread-1] INFO  server.RaftServerConfigKeys (ConfUtils.java:logGet(43)) - raft.server.snapshot.auto.trigger.enabled = true (custom)
2019-09-20 04:48:52,933 [pool-27-thread-1] INFO  server.RaftServerConfigKeys (ConfUtils.java:logGet(43)) - raft.server.snapshot.auto.trigger.threshold = 10000 (custom)
2019-09-20 04:48:52,933 [pool-27-thread-1] INFO  server.RaftServerConfigKeys (ConfUtils.java:logGet(43)) - raft.server.retrycache.expirytime = 600000ms (custom)
2019-09-20 04:48:52,934 [pool-27-thread-1] INFO  impl.RaftServerImpl (RaftServerImpl.java:start(180)) - ea71b9af-1075-4196-9693-aa14e10f536d: start group-FB07807E3B59
2019-09-20 04:48:52,934 [pool-27-thread-1] INFO  impl.RaftServerImpl (RaftServerImpl.java:setRole(171)) - ea71b9af-1075-4196-9693-aa14e10f536d:group-FB07807E3B59 changes role from null to FOLLOWER at term 0 for startAsFollower
2019-09-20 04:48:52,934 [pool-27-thread-1] INFO  impl.RoleInfo (RoleInfo.java:updateAndGet(143)) - ea71b9af-1075-4196-9693-aa14e10f536d: start FollowerState
2019-09-20 04:48:52,934 [pool-27-thread-1] INFO  util.JmxRegister (JmxRegister.java:tryRegister(44)) - Successfully registered JMX Bean with object name Ratis:service=RaftServer,group=group-FB07807E3B59,id=ea71b9af-1075-4196-9693-aa14e10f536d
2019-09-20 04:48:52,938 [RatisPipelineUtilsThread] INFO  pipeline.PipelineStateManager (PipelineStateManager.java:addPipeline(56)) - Created pipeline Pipeline[ Id: 9398c842-f0d9-467a-b822-fb07807e3b59, Nodes: ea71b9af-1075-4196-9693-aa14e10f536d{ip: 192.168.36.79, host: pr-hdds-1569-s8kj2-2266485376, networkLocation: /default-rack, certSerialId: null}, Type:RATIS, Factor:ONE, State:OPEN]
2019-09-20 04:48:52,938 [RatisPipelineUtilsThread] INFO  pipeline.PipelinePlacementPolicy (PipelinePlacementPolicy.java:meetCriteria(91)) - Pipeline Placement: Doesn't meet the criteria to be viable node： ea71b9af-1075-4196-9693-aa14e10f536d Heaviness: 6 limit: 5
2019-09-20 04:48:52,939 [RatisPipelineUtilsThread] INFO  pipeline.PipelinePlacementPolicy (PipelinePlacementPolicy.java:meetCriteria(91)) - Pipeline Placement: Doesn't meet the criteria to be viable node： 42fc6e92-fcdd-4827-b621-9fc58a3d2315 Heaviness: 6 limit: 5
2019-09-20 04:48:52,939 [RatisPipelineUtilsThread] INFO  pipeline.PipelinePlacementPolicy (PipelinePlacementPolicy.java:meetCriteria(91)) - Pipeline Placement: Doesn't meet the criteria to be viable node： 2d6465ef-cffa-473a-a4c6-a9aa3f1a26c0 Heaviness: 6 limit: 5
2019-09-20 04:48:52,939 [RatisPipelineUtilsThread] INFO  pipeline.PipelinePlacementPolicy (PipelinePlacementPolicy.java:meetCriteria(91)) - Pipeline Placement: Doesn't meet the criteria to be viable node： 2702b462-69d8-4c1b-aae1-091a21fe08b8 Heaviness: 6 limit: 5
2019-09-20 04:48:52,943 [Thread-306] INFO  impl.FollowerState (FollowerState.java:run(106)) - 2702b462-69d8-4c1b-aae1-091a21fe08b8:group-65DC4E79FA5E changes to CANDIDATE, lastRpcTime:1148, electionTimeout:1148ms
2019-09-20 04:48:52,943 [Thread-306] INFO  impl.RoleInfo (RoleInfo.java:shutdownFollowerState(121)) - 2702b462-69d8-4c1b-aae1-091a21fe08b8: shutdown FollowerState
2019-09-20 04:48:52,943 [Thread-306] INFO  impl.RaftServerImpl (RaftServerImpl.java:setRole(171)) - 2702b462-69d8-4c1b-aae1-091a21fe08b8:group-65DC4E79FA5E changes role from FOLLOWER to CANDIDATE at term 0 for changeToCandidate
2019-09-20 04:48:52,943 [Thread-306] INFO  impl.RoleInfo (RoleInfo.java:updateAndGet(143)) - 2702b462-69d8-4c1b-aae1-091a21fe08b8: start LeaderElection
2019-09-20 04:48:52,950 [grpc-default-executor-0] INFO  impl.RaftServerProxy (RaftServerProxy.java:addNew(89)) - 1d91ad97-6666-4ee7-855a-8b5e944e7401: addNew group-946457135FD9:[1d91ad97-6666-4ee7-855a-8b5e944e7401:192.168.36.79:34447] returns group-946457135FD9:java.util.concurrent.CompletableFuture@263098fb[Not completed]
2019-09-20 04:48:52,951 [pool-71-thread-1] INFO  impl.RaftServerImpl (RaftServerImpl.java:<init>(93)) - 1d91ad97-6666-4ee7-855a-8b5e944e7401: new RaftServerImpl for group-946457135FD9:[1d91ad97-6666-4ee7-855a-8b5e944e7401:192.168.36.79:34447] with ContainerStateMachine:uninitialized
2019-09-20 04:48:52,951 [pool-71-thread-1] INFO  server.RaftServerConfigKeys (ConfUtils.java:logGet(43)) - raft.server.rpc.timeout.min = 1s (custom)
2019-09-20 04:48:52,951 [pool-71-thread-1] INFO  server.RaftServerConfigKeys (ConfUtils.java:logGet(43)) - raft.server.rpc.timeout.max = 1200ms (custom)
2019-09-20 04:48:52,951 [pool-71-thread-1] INFO  server.RaftServerConfigKeys (ConfUtils.java:logGet(43)) - raft.server.rpcslowness.timeout = 120s (custom)
2019-09-20 04:48:52,951 [pool-71-thread-1] INFO  server.RaftServerConfigKeys (ConfUtils.java:logGet(43)) - raft.server.sleep.deviation.threshold = 300 (default)
2019-09-20 04:48:52,951 [pool-71-thread-1] INFO  server.RaftServerConfigKeys (ConfUtils.java:logGet(43)) - raft.server.log.appender.install.snapshot.enabled = false (custom)
2019-09-20 04:48:52,951 [pool-71-thread-1] INFO  impl.RaftServerImpl (ServerState.java:<init>(105)) - 1d91ad97-6666-4ee7-855a-8b5e944e7401:group-946457135FD9 ConfigurationManager, init=-1: [1d91ad97-6666-4ee7-855a-8b5e944e7401:192.168.36.79:34447], old=null, confs=<EMPTY_MAP>
2019-09-20 04:48:52,951 [pool-71-thread-1] INFO  server.RaftServerConfigKeys (ConfUtils.java:logGet(43)) - raft.server.storage.dir = [/workdir/hadoop-ozone/integration-test/target/test-dir/MiniOzoneClusterImpl-c00aaa5b-d63b-4769-9462-6a4c88d2a8bf/datanode-4/data/ratis] (custom)
2019-09-20 04:48:52,952 [pool-71-thread-1] INFO  storage.RaftStorageDirectory (RaftStorageDirectory.java:analyzeStorage(246)) - The storage directory /workdir/hadoop-ozone/integration-test/target/test-dir/MiniOzoneClusterImpl-c00aaa5b-d63b-4769-9462-6a4c88d2a8bf/datanode-4/data/ratis/012ca717-d3a4-4ed8-a697-946457135fd9 does not exist. Creating ...
2019-09-20 04:48:52,971 [pool-71-thread-1] INFO  storage.RaftStorageDirectory (RaftStorageDirectory.java:tryLock(328)) - Lock on /workdir/hadoop-ozone/integration-test/target/test-dir/MiniOzoneClusterImpl-c00aaa5b-d63b-4769-9462-6a4c88d2a8bf/datanode-4/data/ratis/012ca717-d3a4-4ed8-a697-946457135fd9/in_use.lock acquired by nodename 9457@pr-hdds-1569-s8kj2-2266485376
2019-09-20 04:48:52,971 [2702b462-69d8-4c1b-aae1-091a21fe08b8:group-65DC4E79FA5E:LeaderElection19] INFO  impl.LeaderElection (LeaderElection.java:askForVotes(181)) - 2702b462-69d8-4c1b-aae1-091a21fe08b8:group-65DC4E79FA5E:LeaderElection19: begin an election at term 1 for -1: [2702b462-69d8-4c1b-aae1-091a21fe08b8:192.168.36.79:42637], old=null
2019-09-20 04:48:52,971 [2702b462-69d8-4c1b-aae1-091a21fe08b8:group-65DC4E79FA5E:LeaderElection19] INFO  impl.RoleInfo (RoleInfo.java:shutdownLeaderElection(134)) - 2702b462-69d8-4c1b-aae1-091a21fe08b8: shutdown LeaderElection
2019-09-20 04:48:52,971 [2702b462-69d8-4c1b-aae1-091a21fe08b8:group-65DC4E79FA5E:LeaderElection19] INFO  impl.RaftServerImpl (RaftServerImpl.java:setRole(171)) - 2702b462-69d8-4c1b-aae1-091a21fe08b8:group-65DC4E79FA5E changes role from CANDIDATE to LEADER at term 1 for changeToLeader
2019-09-20 04:48:52,971 [2702b462-69d8-4c1b-aae1-091a21fe08b8:group-65DC4E79FA5E:LeaderElection19] INFO  impl.RaftServerImpl (ServerState.java:setLeader(263)) - 2702b462-69d8-4c1b-aae1-091a21fe08b8:group-65DC4E79FA5E change Leader from null to 2702b462-69d8-4c1b-aae1-091a21fe08b8 at term 1 for becomeLeader, leader elected after 1182ms
2019-09-20 04:48:52,972 [2702b462-69d8-4c1b-aae1-091a21fe08b8:group-65DC4E79FA5E:LeaderElection19] INFO  server.RaftServerConfigKeys (ConfUtils.java:logGet(43)) - raft.server.staging.catchup.gap = 1000 (default)
2019-09-20 04:48:52,972 [2702b462-69d8-4c1b-aae1-091a21fe08b8:group-65DC4E79FA5E:LeaderElection19] INFO  server.RaftServerConfigKeys (ConfUtils.java:logGet(43)) - raft.server.rpc.sleep.time = 25ms (default)
2019-09-20 04:48:52,972 [2702b462-69d8-4c1b-aae1-091a21fe08b8:group-65DC4E79FA5E:LeaderElection19] INFO  server.RaftServerConfigKeys (ConfUtils.java:logGet(43)) - raft.server.write.element-limit = 4096 (default)
2019-09-20 04:48:52,972 [2702b462-69d8-4c1b-aae1-091a21fe08b8:group-65DC4E79FA5E:LeaderElection19] INFO  server.RaftServerConfigKeys (ConfUtils.java:logGet(43)) - raft.server.watch.timeout = 10s (default)
2019-09-20 04:48:52,972 [2702b462-69d8-4c1b-aae1-091a21fe08b8:group-65DC4E79FA5E:LeaderElection19] INFO  server.RaftServerConfigKeys (ConfUtils.java:logGet(43)) - raft.server.watch.timeout.denomination = 1s (default)
2019-09-20 04:48:52,972 [2702b462-69d8-4c1b-aae1-091a21fe08b8:group-65DC4E79FA5E:LeaderElection19] INFO  server.RaftServerConfigKeys (ConfUtils.java:logGet(43)) - raft.server.watch.element-limit = 65536 (default)
2019-09-20 04:48:52,973 [2702b462-69d8-4c1b-aae1-091a21fe08b8:group-65DC4E79FA5E:LeaderElection19] INFO  impl.RoleInfo (RoleInfo.java:updateAndGet(143)) - 2702b462-69d8-4c1b-aae1-091a21fe08b8: start LeaderState
2019-09-20 04:48:52,973 [2702b462-69d8-4c1b-aae1-091a21fe08b8:group-65DC4E79FA5E:LeaderElection19] INFO  segmented.SegmentedRaftLogWorker (SegmentedRaftLogWorker.java:startLogSegment(380)) - 2702b462-69d8-4c1b-aae1-091a21fe08b8-SegmentedRaftLogWorker:Storage Directory /workdir/hadoop-ozone/integration-test/target/test-dir/MiniOzoneClusterImpl-c00aaa5b-d63b-4769-9462-6a4c88d2a8bf/datanode-3/data/ratis/3b3e26c8-5f91-4be5-aab8-65dc4e79fa5e: Starting segment from index:0
2019-09-20 04:48:52,973 [2702b462-69d8-4c1b-aae1-091a21fe08b8:group-65DC4E79FA5E:LeaderElection19] INFO  impl.RaftServerImpl (ServerState.java:setRaftConf(361)) - 2702b462-69d8-4c1b-aae1-091a21fe08b8:group-65DC4E79FA5E set configuration 0: [2702b462-69d8-4c1b-aae1-091a21fe08b8:192.168.36.79:42637], old=null at 0
2019-09-20 04:48:53,004 [pool-71-thread-1] INFO  storage.RaftStorage (RaftStorage.java:format(72)) - Storage directory /workdir/hadoop-ozone/integration-test/target/test-dir/MiniOzoneClusterImpl-c00aaa5b-d63b-4769-9462-6a4c88d2a8bf/datanode-4/data/ratis/012ca717-d3a4-4ed8-a697-946457135fd9 has been successfully formatted.
2019-09-20 04:48:53,005 [pool-71-thread-1] INFO  ratis.ContainerStateMachine (ContainerStateMachine.java:loadSnapshot(226)) - group-946457135FD9: The snapshot info is null. Setting the last applied indexto:(t:0, i:~)
2019-09-20 04:48:53,005 [pool-71-thread-1] INFO  server.RaftServerConfigKeys (ConfUtils.java:logGet(43)) - raft.server.leader.election.timeout = 120s (custom)
2019-09-20 04:48:53,005 [pool-71-thread-1] INFO  server.RaftServerConfigKeys (ConfUtils.java:logGet(43)) - raft.server.log.use.memory = false (default)
2019-09-20 04:48:53,005 [pool-71-thread-1] INFO  server.RaftServerConfigKeys (ConfUtils.java:logGet(43)) - raft.server.log.purge.gap = 1000000 (custom)
2019-09-20 04:48:53,006 [pool-71-thread-1] INFO  server.RaftServerConfigKeys (ConfUtils.java:logGet(43)) - raft.server.log.appender.buffer.byte-limit = 33554432 (custom)
2019-09-20 04:48:53,006 [pool-71-thread-1] INFO  server.RaftServerConfigKeys (ConfUtils.java:logGet(43)) - raft.server.log.segment.size.max = 1048576 (custom)
2019-09-20 04:48:53,006 [pool-71-thread-1] INFO  server.RaftServerConfigKeys (ConfUtils.java:logGet(43)) - raft.server.log.segment.cache.num.max = 2 (custom)
2019-09-20 04:48:53,006 [pool-71-thread-1] INFO  segmented.SegmentedRaftLogWorker (SegmentedRaftLogWorker.java:<init>(172)) - new 1d91ad97-6666-4ee7-855a-8b5e944e7401-SegmentedRaftLogWorker:Storage Directory /workdir/hadoop-ozone/integration-test/target/test-dir/MiniOzoneClusterImpl-c00aaa5b-d63b-4769-9462-6a4c88d2a8bf/datanode-4/data/ratis/012ca717-d3a4-4ed8-a697-946457135fd9 for RaftStorage:Storage Directory /workdir/hadoop-ozone/integration-test/target/test-dir/MiniOzoneClusterImpl-c00aaa5b-d63b-4769-9462-6a4c88d2a8bf/datanode-4/data/ratis/012ca717-d3a4-4ed8-a697-946457135fd9
2019-09-20 04:48:53,006 [pool-71-thread-1] INFO  server.RaftServerConfigKeys (ConfUtils.java:logGet(43)) - raft.server.log.queue.byte-limit = 2147483647 (custom)
2019-09-20 04:48:53,006 [pool-71-thread-1] INFO  server.RaftServerConfigKeys (ConfUtils.java:logGet(43)) - raft.server.log.queue.element-limit = 1024 (custom)
2019-09-20 04:48:53,006 [pool-71-thread-1] INFO  server.RaftServerConfigKeys (ConfUtils.java:logGet(43)) - raft.server.log.segment.size.max = 1048576 (custom)
2019-09-20 04:48:53,006 [pool-71-thread-1] INFO  server.RaftServerConfigKeys (ConfUtils.java:logGet(43)) - raft.server.log.preallocated.size = 16384 (custom)
2019-09-20 04:48:53,006 [pool-71-thread-1] INFO  server.RaftServerConfigKeys (ConfUtils.java:logGet(43)) - raft.server.log.write.buffer.size = 33554432 (custom)
2019-09-20 04:48:53,007 [pool-71-thread-1] INFO  server.RaftServerConfigKeys (ConfUtils.java:logGet(43)) - raft.server.log.force.sync.num = 128 (default)
2019-09-20 04:48:53,007 [pool-71-thread-1] INFO  server.RaftServerConfigKeys (ConfUtils.java:logGet(43)) - raft.server.log.statemachine.data.sync = true (default)
2019-09-20 04:48:53,007 [pool-71-thread-1] INFO  server.RaftServerConfigKeys (ConfUtils.java:logGet(43)) - raft.server.log.statemachine.data.sync.timeout = 10s (default)
2019-09-20 04:48:53,007 [pool-71-thread-1] INFO  server.RaftServerConfigKeys (ConfUtils.java:logGet(43)) - raft.server.log.statemachine.data.sync.timeout.retry = -1 (default)
2019-09-20 04:48:53,007 [pool-71-thread-1] INFO  server.RaftServerConfigKeys (ConfUtils.java:logGet(43)) - raft.server.log.statemachine.data.caching.enabled = true (custom)
2019-09-20 04:48:53,013 [pool-71-thread-1] INFO  segmented.SegmentedRaftLogWorker (SegmentedRaftLogWorker.java:lambda$new$0(132)) - 1d91ad97-6666-4ee7-855a-8b5e944e7401-SegmentedRaftLogWorker:Storage Directory /workdir/hadoop-ozone/integration-test/target/test-dir/MiniOzoneClusterImpl-c00aaa5b-d63b-4769-9462-6a4c88d2a8bf/datanode-4/data/ratis/012ca717-d3a4-4ed8-a697-946457135fd9: flushIndex: setUnconditionally 0 -> -1
2019-09-20 04:48:53,013 [pool-71-thread-1] INFO  server.RaftServerConfigKeys (ConfUtils.java:logGet(43)) - raft.server.snapshot.auto.trigger.enabled = true (custom)
2019-09-20 04:48:53,014 [pool-71-thread-1] INFO  server.RaftServerConfigKeys (ConfUtils.java:logGet(43)) - raft.server.snapshot.auto.trigger.threshold = 10000 (custom)
2019-09-20 04:48:53,014 [pool-71-thread-1] INFO  server.RaftServerConfigKeys (ConfUtils.java:logGet(43)) - raft.server.retrycache.expirytime = 600000ms (custom)
2019-09-20 04:48:53,014 [pool-71-thread-1] INFO  impl.RaftServerImpl (RaftServerImpl.java:start(180)) - 1d91ad97-6666-4ee7-855a-8b5e944e7401: start group-946457135FD9
2019-09-20 04:48:53,014 [pool-71-thread-1] INFO  impl.RaftServerImpl (RaftServerImpl.java:setRole(171)) - 1d91ad97-6666-4ee7-855a-8b5e944e7401:group-946457135FD9 changes role from null to FOLLOWER at term 0 for startAsFollower
2019-09-20 04:48:53,014 [pool-71-thread-1] INFO  impl.RoleInfo (RoleInfo.java:updateAndGet(143)) - 1d91ad97-6666-4ee7-855a-8b5e944e7401: start FollowerState
2019-09-20 04:48:53,014 [pool-71-thread-1] INFO  util.JmxRegister (JmxRegister.java:tryRegister(44)) - Successfully registered JMX Bean with object name Ratis:service=RaftServer,group=group-946457135FD9,id=1d91ad97-6666-4ee7-855a-8b5e944e7401
2019-09-20 04:48:53,019 [RatisPipelineUtilsThread] INFO  pipeline.PipelineStateManager (PipelineStateManager.java:addPipeline(56)) - Created pipeline Pipeline[ Id: 012ca717-d3a4-4ed8-a697-946457135fd9, Nodes: 1d91ad97-6666-4ee7-855a-8b5e944e7401{ip: 192.168.36.79, host: pr-hdds-1569-s8kj2-2266485376, networkLocation: /default-rack, certSerialId: null}, Type:RATIS, Factor:ONE, State:OPEN]
2019-09-20 04:48:53,019 [RatisPipelineUtilsThread] INFO  pipeline.PipelinePlacementPolicy (PipelinePlacementPolicy.java:meetCriteria(91)) - Pipeline Placement: Doesn't meet the criteria to be viable node： ea71b9af-1075-4196-9693-aa14e10f536d Heaviness: 6 limit: 5
2019-09-20 04:48:53,019 [RatisPipelineUtilsThread] INFO  pipeline.PipelinePlacementPolicy (PipelinePlacementPolicy.java:meetCriteria(91)) - Pipeline Placement: Doesn't meet the criteria to be viable node： 42fc6e92-fcdd-4827-b621-9fc58a3d2315 Heaviness: 6 limit: 5
2019-09-20 04:48:53,019 [RatisPipelineUtilsThread] INFO  pipeline.PipelinePlacementPolicy (PipelinePlacementPolicy.java:meetCriteria(91)) - Pipeline Placement: Doesn't meet the criteria to be viable node： 2d6465ef-cffa-473a-a4c6-a9aa3f1a26c0 Heaviness: 6 limit: 5
2019-09-20 04:48:53,019 [RatisPipelineUtilsThread] INFO  pipeline.PipelinePlacementPolicy (PipelinePlacementPolicy.java:meetCriteria(91)) - Pipeline Placement: Doesn't meet the criteria to be viable node： 2702b462-69d8-4c1b-aae1-091a21fe08b8 Heaviness: 6 limit: 5
2019-09-20 04:48:53,022 [2702b462-69d8-4c1b-aae1-091a21fe08b8-SegmentedRaftLogWorker:Storage Directory /workdir/hadoop-ozone/integration-test/target/test-dir/MiniOzoneClusterImpl-c00aaa5b-d63b-4769-9462-6a4c88d2a8bf/datanode-3/data/ratis/3b3e26c8-5f91-4be5-aab8-65dc4e79fa5e] INFO  segmented.SegmentedRaftLogWorker (SegmentedRaftLogWorker.java:execute(569)) - 2702b462-69d8-4c1b-aae1-091a21fe08b8-SegmentedRaftLogWorker:Storage Directory /workdir/hadoop-ozone/integration-test/target/test-dir/MiniOzoneClusterImpl-c00aaa5b-d63b-4769-9462-6a4c88d2a8bf/datanode-3/data/ratis/3b3e26c8-5f91-4be5-aab8-65dc4e79fa5e: created new log segment /workdir/hadoop-ozone/integration-test/target/test-dir/MiniOzoneClusterImpl-c00aaa5b-d63b-4769-9462-6a4c88d2a8bf/datanode-3/data/ratis/3b3e26c8-5f91-4be5-aab8-65dc4e79fa5e/current/log_inprogress_0
2019-09-20 04:48:53,027 [grpc-default-executor-0] INFO  impl.RaftServerProxy (RaftServerProxy.java:addNew(89)) - 1d91ad97-6666-4ee7-855a-8b5e944e7401: addNew group-03A19E62C426:[1d91ad97-6666-4ee7-855a-8b5e944e7401:192.168.36.79:34447] returns group-03A19E62C426:java.util.concurrent.CompletableFuture@48c69275[Not completed]
2019-09-20 04:48:53,028 [pool-71-thread-1] INFO  impl.RaftServerImpl (RaftServerImpl.java:<init>(93)) - 1d91ad97-6666-4ee7-855a-8b5e944e7401: new RaftServerImpl for group-03A19E62C426:[1d91ad97-6666-4ee7-855a-8b5e944e7401:192.168.36.79:34447] with ContainerStateMachine:uninitialized
2019-09-20 04:48:53,028 [pool-71-thread-1] INFO  server.RaftServerConfigKeys (ConfUtils.java:logGet(43)) - raft.server.rpc.timeout.min = 1s (custom)
2019-09-20 04:48:53,028 [pool-71-thread-1] INFO  server.RaftServerConfigKeys (ConfUtils.java:logGet(43)) - raft.server.rpc.timeout.max = 1200ms (custom)
2019-09-20 04:48:53,028 [pool-71-thread-1] INFO  server.RaftServerConfigKeys (ConfUtils.java:logGet(43)) - raft.server.rpcslowness.timeout = 120s (custom)
2019-09-20 04:48:53,028 [pool-71-thread-1] INFO  server.RaftServerConfigKeys (ConfUtils.java:logGet(43)) - raft.server.sleep.deviation.threshold = 300 (default)
2019-09-20 04:48:53,028 [pool-71-thread-1] INFO  server.RaftServerConfigKeys (ConfUtils.java:logGet(43)) - raft.server.log.appender.install.snapshot.enabled = false (custom)
2019-09-20 04:48:53,028 [pool-71-thread-1] INFO  impl.RaftServerImpl (ServerState.java:<init>(105)) - 1d91ad97-6666-4ee7-855a-8b5e944e7401:group-03A19E62C426 ConfigurationManager, init=-1: [1d91ad97-6666-4ee7-855a-8b5e944e7401:192.168.36.79:34447], old=null, confs=<EMPTY_MAP>
2019-09-20 04:48:53,028 [pool-71-thread-1] INFO  server.RaftServerConfigKeys (ConfUtils.java:logGet(43)) - raft.server.storage.dir = [/workdir/hadoop-ozone/integration-test/target/test-dir/MiniOzoneClusterImpl-c00aaa5b-d63b-4769-9462-6a4c88d2a8bf/datanode-4/data/ratis] (custom)
2019-09-20 04:48:53,029 [pool-71-thread-1] INFO  storage.RaftStorageDirectory (RaftStorageDirectory.java:analyzeStorage(246)) - The storage directory /workdir/hadoop-ozone/integration-test/target/test-dir/MiniOzoneClusterImpl-c00aaa5b-d63b-4769-9462-6a4c88d2a8bf/datanode-4/data/ratis/2b4622dd-5bd0-4c74-b081-03a19e62c426 does not exist. Creating ...
2019-09-20 04:48:53,047 [pool-71-thread-1] INFO  storage.RaftStorageDirectory (RaftStorageDirectory.java:tryLock(328)) - Lock on /workdir/hadoop-ozone/integration-test/target/test-dir/MiniOzoneClusterImpl-c00aaa5b-d63b-4769-9462-6a4c88d2a8bf/datanode-4/data/ratis/2b4622dd-5bd0-4c74-b081-03a19e62c426/in_use.lock acquired by nodename 9457@pr-hdds-1569-s8kj2-2266485376
2019-09-20 04:48:53,064 [pool-71-thread-1] INFO  storage.RaftStorage (RaftStorage.java:format(72)) - Storage directory /workdir/hadoop-ozone/integration-test/target/test-dir/MiniOzoneClusterImpl-c00aaa5b-d63b-4769-9462-6a4c88d2a8bf/datanode-4/data/ratis/2b4622dd-5bd0-4c74-b081-03a19e62c426 has been successfully formatted.
2019-09-20 04:48:53,064 [pool-71-thread-1] INFO  ratis.ContainerStateMachine (ContainerStateMachine.java:loadSnapshot(226)) - group-03A19E62C426: The snapshot info is null. Setting the last applied indexto:(t:0, i:~)
2019-09-20 04:48:53,064 [pool-71-thread-1] INFO  server.RaftServerConfigKeys (ConfUtils.java:logGet(43)) - raft.server.leader.election.timeout = 120s (custom)
2019-09-20 04:48:53,064 [pool-71-thread-1] INFO  server.RaftServerConfigKeys (ConfUtils.java:logGet(43)) - raft.server.log.use.memory = false (default)
2019-09-20 04:48:53,064 [pool-71-thread-1] INFO  server.RaftServerConfigKeys (ConfUtils.java:logGet(43)) - raft.server.log.purge.gap = 1000000 (custom)
2019-09-20 04:48:53,064 [pool-71-thread-1] INFO  server.RaftServerConfigKeys (ConfUtils.java:logGet(43)) - raft.server.log.appender.buffer.byte-limit = 33554432 (custom)
2019-09-20 04:48:53,065 [pool-71-thread-1] INFO  server.RaftServerConfigKeys (ConfUtils.java:logGet(43)) - raft.server.log.segment.size.max = 1048576 (custom)
2019-09-20 04:48:53,065 [pool-71-thread-1] INFO  server.RaftServerConfigKeys (ConfUtils.java:logGet(43)) - raft.server.log.segment.cache.num.max = 2 (custom)
2019-09-20 04:48:53,065 [pool-71-thread-1] INFO  segmented.SegmentedRaftLogWorker (SegmentedRaftLogWorker.java:<init>(172)) - new 1d91ad97-6666-4ee7-855a-8b5e944e7401-SegmentedRaftLogWorker:Storage Directory /workdir/hadoop-ozone/integration-test/target/test-dir/MiniOzoneClusterImpl-c00aaa5b-d63b-4769-9462-6a4c88d2a8bf/datanode-4/data/ratis/2b4622dd-5bd0-4c74-b081-03a19e62c426 for RaftStorage:Storage Directory /workdir/hadoop-ozone/integration-test/target/test-dir/MiniOzoneClusterImpl-c00aaa5b-d63b-4769-9462-6a4c88d2a8bf/datanode-4/data/ratis/2b4622dd-5bd0-4c74-b081-03a19e62c426
2019-09-20 04:48:53,065 [pool-71-thread-1] INFO  server.RaftServerConfigKeys (ConfUtils.java:logGet(43)) - raft.server.log.queue.byte-limit = 2147483647 (custom)
2019-09-20 04:48:53,065 [pool-71-thread-1] INFO  server.RaftServerConfigKeys (ConfUtils.java:logGet(43)) - raft.server.log.queue.element-limit = 1024 (custom)
2019-09-20 04:48:53,065 [pool-71-thread-1] INFO  server.RaftServerConfigKeys (ConfUtils.java:logGet(43)) - raft.server.log.segment.size.max = 1048576 (custom)
2019-09-20 04:48:53,067 [pool-71-thread-1] INFO  server.RaftServerConfigKeys (ConfUtils.java:logGet(43)) - raft.server.log.preallocated.size = 16384 (custom)
2019-09-20 04:48:53,067 [pool-71-thread-1] INFO  server.RaftServerConfigKeys (ConfUtils.java:logGet(43)) - raft.server.log.write.buffer.size = 33554432 (custom)
2019-09-20 04:48:53,068 [pool-71-thread-1] INFO  server.RaftServerConfigKeys (ConfUtils.java:logGet(43)) - raft.server.log.force.sync.num = 128 (default)
2019-09-20 04:48:53,068 [pool-71-thread-1] INFO  server.RaftServerConfigKeys (ConfUtils.java:logGet(43)) - raft.server.log.statemachine.data.sync = true (default)
2019-09-20 04:48:53,068 [pool-71-thread-1] INFO  server.RaftServerConfigKeys (ConfUtils.java:logGet(43)) - raft.server.log.statemachine.data.sync.timeout = 10s (default)
2019-09-20 04:48:53,068 | INFO  | SCMAudit | user=jenkins1000 | ip=192.168.36.79 | op=SEND_HEARTBEAT {datanodeUUID=eaf3ecbe-c3b1-4969-ad3a-e4de7fb04f81, command=[]} | ret=SUCCESS |  
2019-09-20 04:48:53,068 [pool-71-thread-1] INFO  server.RaftServerConfigKeys (ConfUtils.java:logGet(43)) - raft.server.log.statemachine.data.sync.timeout.retry = -1 (default)
2019-09-20 04:48:53,068 [pool-71-thread-1] INFO  server.RaftServerConfigKeys (ConfUtils.java:logGet(43)) - raft.server.log.statemachine.data.caching.enabled = true (custom)
2019-09-20 04:48:53,068 [pool-71-thread-1] INFO  segmented.SegmentedRaftLogWorker (SegmentedRaftLogWorker.java:lambda$new$0(132)) - 1d91ad97-6666-4ee7-855a-8b5e944e7401-SegmentedRaftLogWorker:Storage Directory /workdir/hadoop-ozone/integration-test/target/test-dir/MiniOzoneClusterImpl-c00aaa5b-d63b-4769-9462-6a4c88d2a8bf/datanode-4/data/ratis/2b4622dd-5bd0-4c74-b081-03a19e62c426: flushIndex: setUnconditionally 0 -> -1
2019-09-20 04:48:53,069 [pool-71-thread-1] INFO  server.RaftServerConfigKeys (ConfUtils.java:logGet(43)) - raft.server.snapshot.auto.trigger.enabled = true (custom)
2019-09-20 04:48:53,069 [pool-71-thread-1] INFO  server.RaftServerConfigKeys (ConfUtils.java:logGet(43)) - raft.server.snapshot.auto.trigger.threshold = 10000 (custom)
2019-09-20 04:48:53,069 [pool-71-thread-1] INFO  server.RaftServerConfigKeys (ConfUtils.java:logGet(43)) - raft.server.retrycache.expirytime = 600000ms (custom)
2019-09-20 04:48:53,069 [pool-71-thread-1] INFO  impl.RaftServerImpl (RaftServerImpl.java:start(180)) - 1d91ad97-6666-4ee7-855a-8b5e944e7401: start group-03A19E62C426
2019-09-20 04:48:53,069 [pool-71-thread-1] INFO  impl.RaftServerImpl (RaftServerImpl.java:setRole(171)) - 1d91ad97-6666-4ee7-855a-8b5e944e7401:group-03A19E62C426 changes role from null to FOLLOWER at term 0 for startAsFollower
2019-09-20 04:48:53,069 [pool-71-thread-1] INFO  impl.RoleInfo (RoleInfo.java:updateAndGet(143)) - 1d91ad97-6666-4ee7-855a-8b5e944e7401: start FollowerState
2019-09-20 04:48:53,069 [pool-71-thread-1] INFO  util.JmxRegister (JmxRegister.java:tryRegister(44)) - Successfully registered JMX Bean with object name Ratis:service=RaftServer,group=group-03A19E62C426,id=1d91ad97-6666-4ee7-855a-8b5e944e7401
2019-09-20 04:48:53,074 [RatisPipelineUtilsThread] INFO  pipeline.PipelineStateManager (PipelineStateManager.java:addPipeline(56)) - Created pipeline Pipeline[ Id: 2b4622dd-5bd0-4c74-b081-03a19e62c426, Nodes: 1d91ad97-6666-4ee7-855a-8b5e944e7401{ip: 192.168.36.79, host: pr-hdds-1569-s8kj2-2266485376, networkLocation: /default-rack, certSerialId: null}, Type:RATIS, Factor:ONE, State:OPEN]
2019-09-20 04:48:53,074 [RatisPipelineUtilsThread] INFO  pipeline.PipelinePlacementPolicy (PipelinePlacementPolicy.java:meetCriteria(91)) - Pipeline Placement: Doesn't meet the criteria to be viable node： ea71b9af-1075-4196-9693-aa14e10f536d Heaviness: 6 limit: 5
2019-09-20 04:48:53,074 [RatisPipelineUtilsThread] INFO  pipeline.PipelinePlacementPolicy (PipelinePlacementPolicy.java:meetCriteria(91)) - Pipeline Placement: Doesn't meet the criteria to be viable node： 42fc6e92-fcdd-4827-b621-9fc58a3d2315 Heaviness: 6 limit: 5
2019-09-20 04:48:53,074 [RatisPipelineUtilsThread] INFO  pipeline.PipelinePlacementPolicy (PipelinePlacementPolicy.java:meetCriteria(91)) - Pipeline Placement: Doesn't meet the criteria to be viable node： 2d6465ef-cffa-473a-a4c6-a9aa3f1a26c0 Heaviness: 6 limit: 5
2019-09-20 04:48:53,075 [RatisPipelineUtilsThread] INFO  pipeline.PipelinePlacementPolicy (PipelinePlacementPolicy.java:meetCriteria(91)) - Pipeline Placement: Doesn't meet the criteria to be viable node： 2702b462-69d8-4c1b-aae1-091a21fe08b8 Heaviness: 6 limit: 5
2019-09-20 04:48:53,083 [grpc-default-executor-0] INFO  impl.RaftServerProxy (RaftServerProxy.java:addNew(89)) - 1d91ad97-6666-4ee7-855a-8b5e944e7401: addNew group-8E33A19EABF3:[1d91ad97-6666-4ee7-855a-8b5e944e7401:192.168.36.79:34447] returns group-8E33A19EABF3:java.util.concurrent.CompletableFuture@2aea2239[Not completed]
2019-09-20 04:48:53,084 [pool-71-thread-1] INFO  impl.RaftServerImpl (RaftServerImpl.java:<init>(93)) - 1d91ad97-6666-4ee7-855a-8b5e944e7401: new RaftServerImpl for group-8E33A19EABF3:[1d91ad97-6666-4ee7-855a-8b5e944e7401:192.168.36.79:34447] with ContainerStateMachine:uninitialized
2019-09-20 04:48:53,084 [pool-71-thread-1] INFO  server.RaftServerConfigKeys (ConfUtils.java:logGet(43)) - raft.server.rpc.timeout.min = 1s (custom)
2019-09-20 04:48:53,084 [pool-71-thread-1] INFO  server.RaftServerConfigKeys (ConfUtils.java:logGet(43)) - raft.server.rpc.timeout.max = 1200ms (custom)
2019-09-20 04:48:53,084 [pool-71-thread-1] INFO  server.RaftServerConfigKeys (ConfUtils.java:logGet(43)) - raft.server.rpcslowness.timeout = 120s (custom)
2019-09-20 04:48:53,085 [pool-71-thread-1] INFO  server.RaftServerConfigKeys (ConfUtils.java:logGet(43)) - raft.server.sleep.deviation.threshold = 300 (default)
2019-09-20 04:48:53,085 [Thread-316] INFO  impl.FollowerState (FollowerState.java:run(106)) - 2d6465ef-cffa-473a-a4c6-a9aa3f1a26c0:group-6F2260788BBB changes to CANDIDATE, lastRpcTime:1139, electionTimeout:1139ms
2019-09-20 04:48:53,085 [pool-71-thread-1] INFO  server.RaftServerConfigKeys (ConfUtils.java:logGet(43)) - raft.server.log.appender.install.snapshot.enabled = false (custom)
2019-09-20 04:48:53,085 [Thread-316] INFO  impl.RoleInfo (RoleInfo.java:shutdownFollowerState(121)) - 2d6465ef-cffa-473a-a4c6-a9aa3f1a26c0: shutdown FollowerState
2019-09-20 04:48:53,085 [pool-71-thread-1] INFO  impl.RaftServerImpl (ServerState.java:<init>(105)) - 1d91ad97-6666-4ee7-855a-8b5e944e7401:group-8E33A19EABF3 ConfigurationManager, init=-1: [1d91ad97-6666-4ee7-855a-8b5e944e7401:192.168.36.79:34447], old=null, confs=<EMPTY_MAP>
2019-09-20 04:48:53,085 [Thread-316] INFO  impl.RaftServerImpl (RaftServerImpl.java:setRole(171)) - 2d6465ef-cffa-473a-a4c6-a9aa3f1a26c0:group-6F2260788BBB changes role from FOLLOWER to CANDIDATE at term 0 for changeToCandidate
2019-09-20 04:48:53,085 [pool-71-thread-1] INFO  server.RaftServerConfigKeys (ConfUtils.java:logGet(43)) - raft.server.storage.dir = [/workdir/hadoop-ozone/integration-test/target/test-dir/MiniOzoneClusterImpl-c00aaa5b-d63b-4769-9462-6a4c88d2a8bf/datanode-4/data/ratis] (custom)
2019-09-20 04:48:53,085 [Thread-316] INFO  impl.RoleInfo (RoleInfo.java:updateAndGet(143)) - 2d6465ef-cffa-473a-a4c6-a9aa3f1a26c0: start LeaderElection
2019-09-20 04:48:53,085 [pool-71-thread-1] INFO  storage.RaftStorageDirectory (RaftStorageDirectory.java:analyzeStorage(246)) - The storage directory /workdir/hadoop-ozone/integration-test/target/test-dir/MiniOzoneClusterImpl-c00aaa5b-d63b-4769-9462-6a4c88d2a8bf/datanode-4/data/ratis/36bf8310-1152-41ef-be73-8e33a19eabf3 does not exist. Creating ...
2019-09-20 04:48:53,123 [pool-71-thread-1] INFO  storage.RaftStorageDirectory (RaftStorageDirectory.java:tryLock(328)) - Lock on /workdir/hadoop-ozone/integration-test/target/test-dir/MiniOzoneClusterImpl-c00aaa5b-d63b-4769-9462-6a4c88d2a8bf/datanode-4/data/ratis/36bf8310-1152-41ef-be73-8e33a19eabf3/in_use.lock acquired by nodename 9457@pr-hdds-1569-s8kj2-2266485376
2019-09-20 04:48:53,124 [2d6465ef-cffa-473a-a4c6-a9aa3f1a26c0:group-6F2260788BBB:LeaderElection20] INFO  impl.LeaderElection (LeaderElection.java:askForVotes(181)) - 2d6465ef-cffa-473a-a4c6-a9aa3f1a26c0:group-6F2260788BBB:LeaderElection20: begin an election at term 1 for -1: [2d6465ef-cffa-473a-a4c6-a9aa3f1a26c0:192.168.36.79:46837], old=null
2019-09-20 04:48:53,124 [2d6465ef-cffa-473a-a4c6-a9aa3f1a26c0:group-6F2260788BBB:LeaderElection20] INFO  impl.RoleInfo (RoleInfo.java:shutdownLeaderElection(134)) - 2d6465ef-cffa-473a-a4c6-a9aa3f1a26c0: shutdown LeaderElection
2019-09-20 04:48:53,124 [2d6465ef-cffa-473a-a4c6-a9aa3f1a26c0:group-6F2260788BBB:LeaderElection20] INFO  impl.RaftServerImpl (RaftServerImpl.java:setRole(171)) - 2d6465ef-cffa-473a-a4c6-a9aa3f1a26c0:group-6F2260788BBB changes role from CANDIDATE to LEADER at term 1 for changeToLeader
2019-09-20 04:48:53,124 [2d6465ef-cffa-473a-a4c6-a9aa3f1a26c0:group-6F2260788BBB:LeaderElection20] INFO  impl.RaftServerImpl (ServerState.java:setLeader(263)) - 2d6465ef-cffa-473a-a4c6-a9aa3f1a26c0:group-6F2260788BBB change Leader from null to 2d6465ef-cffa-473a-a4c6-a9aa3f1a26c0 at term 1 for becomeLeader, leader elected after 1182ms
2019-09-20 04:48:53,124 | INFO  | SCMAudit | user=jenkins1000 | ip=192.168.36.79 | op=SEND_HEARTBEAT {datanodeUUID=42fc6e92-fcdd-4827-b621-9fc58a3d2315, command=[]} | ret=SUCCESS |  
2019-09-20 04:48:53,124 [2d6465ef-cffa-473a-a4c6-a9aa3f1a26c0:group-6F2260788BBB:LeaderElection20] INFO  server.RaftServerConfigKeys (ConfUtils.java:logGet(43)) - raft.server.staging.catchup.gap = 1000 (default)
2019-09-20 04:48:53,125 [2d6465ef-cffa-473a-a4c6-a9aa3f1a26c0:group-6F2260788BBB:LeaderElection20] INFO  server.RaftServerConfigKeys (ConfUtils.java:logGet(43)) - raft.server.rpc.sleep.time = 25ms (default)
2019-09-20 04:48:53,125 [2d6465ef-cffa-473a-a4c6-a9aa3f1a26c0:group-6F2260788BBB:LeaderElection20] INFO  server.RaftServerConfigKeys (ConfUtils.java:logGet(43)) - raft.server.write.element-limit = 4096 (default)
2019-09-20 04:48:53,125 [2d6465ef-cffa-473a-a4c6-a9aa3f1a26c0:group-6F2260788BBB:LeaderElection20] INFO  server.RaftServerConfigKeys (ConfUtils.java:logGet(43)) - raft.server.watch.timeout = 10s (default)
2019-09-20 04:48:53,125 [2d6465ef-cffa-473a-a4c6-a9aa3f1a26c0:group-6F2260788BBB:LeaderElection20] INFO  server.RaftServerConfigKeys (ConfUtils.java:logGet(43)) - raft.server.watch.timeout.denomination = 1s (default)
2019-09-20 04:48:53,125 [2d6465ef-cffa-473a-a4c6-a9aa3f1a26c0:group-6F2260788BBB:LeaderElection20] INFO  server.RaftServerConfigKeys (ConfUtils.java:logGet(43)) - raft.server.watch.element-limit = 65536 (default)
2019-09-20 04:48:53,126 [2d6465ef-cffa-473a-a4c6-a9aa3f1a26c0:group-6F2260788BBB:LeaderElection20] INFO  impl.RoleInfo (RoleInfo.java:updateAndGet(143)) - 2d6465ef-cffa-473a-a4c6-a9aa3f1a26c0: start LeaderState
2019-09-20 04:48:53,126 [2d6465ef-cffa-473a-a4c6-a9aa3f1a26c0:group-6F2260788BBB:LeaderElection20] INFO  segmented.SegmentedRaftLogWorker (SegmentedRaftLogWorker.java:startLogSegment(380)) - 2d6465ef-cffa-473a-a4c6-a9aa3f1a26c0-SegmentedRaftLogWorker:Storage Directory /workdir/hadoop-ozone/integration-test/target/test-dir/MiniOzoneClusterImpl-c00aaa5b-d63b-4769-9462-6a4c88d2a8bf/datanode-2/data/ratis/81739daf-d830-4750-8b53-6f2260788bbb: Starting segment from index:0
2019-09-20 04:48:53,126 [2d6465ef-cffa-473a-a4c6-a9aa3f1a26c0:group-6F2260788BBB:LeaderElection20] INFO  impl.RaftServerImpl (ServerState.java:setRaftConf(361)) - 2d6465ef-cffa-473a-a4c6-a9aa3f1a26c0:group-6F2260788BBB set configuration 0: [2d6465ef-cffa-473a-a4c6-a9aa3f1a26c0:192.168.36.79:46837], old=null at 0
2019-09-20 04:48:53,155 [Thread-321] INFO  impl.FollowerState (FollowerState.java:run(106)) - 42fc6e92-fcdd-4827-b621-9fc58a3d2315:group-2CE5433AA614 changes to CANDIDATE, lastRpcTime:1086, electionTimeout:1075ms
2019-09-20 04:48:53,164 [Thread-321] INFO  impl.RoleInfo (RoleInfo.java:shutdownFollowerState(121)) - 42fc6e92-fcdd-4827-b621-9fc58a3d2315: shutdown FollowerState
2019-09-20 04:48:53,164 [Thread-321] INFO  impl.RaftServerImpl (RaftServerImpl.java:setRole(171)) - 42fc6e92-fcdd-4827-b621-9fc58a3d2315:group-2CE5433AA614 changes role from FOLLOWER to CANDIDATE at term 0 for changeToCandidate
2019-09-20 04:48:53,164 [Thread-321] INFO  impl.RoleInfo (RoleInfo.java:updateAndGet(143)) - 42fc6e92-fcdd-4827-b621-9fc58a3d2315: start LeaderElection
2019-09-20 04:48:53,173 [2d6465ef-cffa-473a-a4c6-a9aa3f1a26c0-SegmentedRaftLogWorker:Storage Directory /workdir/hadoop-ozone/integration-test/target/test-dir/MiniOzoneClusterImpl-c00aaa5b-d63b-4769-9462-6a4c88d2a8bf/datanode-2/data/ratis/81739daf-d830-4750-8b53-6f2260788bbb] INFO  segmented.SegmentedRaftLogWorker (SegmentedRaftLogWorker.java:execute(569)) - 2d6465ef-cffa-473a-a4c6-a9aa3f1a26c0-SegmentedRaftLogWorker:Storage Directory /workdir/hadoop-ozone/integration-test/target/test-dir/MiniOzoneClusterImpl-c00aaa5b-d63b-4769-9462-6a4c88d2a8bf/datanode-2/data/ratis/81739daf-d830-4750-8b53-6f2260788bbb: created new log segment /workdir/hadoop-ozone/integration-test/target/test-dir/MiniOzoneClusterImpl-c00aaa5b-d63b-4769-9462-6a4c88d2a8bf/datanode-2/data/ratis/81739daf-d830-4750-8b53-6f2260788bbb/current/log_inprogress_0
2019-09-20 04:48:53,182 [pool-71-thread-1] INFO  storage.RaftStorage (RaftStorage.java:format(72)) - Storage directory /workdir/hadoop-ozone/integration-test/target/test-dir/MiniOzoneClusterImpl-c00aaa5b-d63b-4769-9462-6a4c88d2a8bf/datanode-4/data/ratis/36bf8310-1152-41ef-be73-8e33a19eabf3 has been successfully formatted.
2019-09-20 04:48:53,182 [pool-71-thread-1] INFO  ratis.ContainerStateMachine (ContainerStateMachine.java:loadSnapshot(226)) - group-8E33A19EABF3: The snapshot info is null. Setting the last applied indexto:(t:0, i:~)
2019-09-20 04:48:53,183 [pool-71-thread-1] INFO  server.RaftServerConfigKeys (ConfUtils.java:logGet(43)) - raft.server.leader.election.timeout = 120s (custom)
2019-09-20 04:48:53,183 [pool-71-thread-1] INFO  server.RaftServerConfigKeys (ConfUtils.java:logGet(43)) - raft.server.log.use.memory = false (default)
2019-09-20 04:48:53,183 [pool-71-thread-1] INFO  server.RaftServerConfigKeys (ConfUtils.java:logGet(43)) - raft.server.log.purge.gap = 1000000 (custom)
2019-09-20 04:48:53,183 [pool-71-thread-1] INFO  server.RaftServerConfigKeys (ConfUtils.java:logGet(43)) - raft.server.log.appender.buffer.byte-limit = 33554432 (custom)
2019-09-20 04:48:53,183 [pool-71-thread-1] INFO  server.RaftServerConfigKeys (ConfUtils.java:logGet(43)) - raft.server.log.segment.size.max = 1048576 (custom)
2019-09-20 04:48:53,184 [pool-71-thread-1] INFO  server.RaftServerConfigKeys (ConfUtils.java:logGet(43)) - raft.server.log.segment.cache.num.max = 2 (custom)
2019-09-20 04:48:53,184 [pool-71-thread-1] INFO  segmented.SegmentedRaftLogWorker (SegmentedRaftLogWorker.java:<init>(172)) - new 1d91ad97-6666-4ee7-855a-8b5e944e7401-SegmentedRaftLogWorker:Storage Directory /workdir/hadoop-ozone/integration-test/target/test-dir/MiniOzoneClusterImpl-c00aaa5b-d63b-4769-9462-6a4c88d2a8bf/datanode-4/data/ratis/36bf8310-1152-41ef-be73-8e33a19eabf3 for RaftStorage:Storage Directory /workdir/hadoop-ozone/integration-test/target/test-dir/MiniOzoneClusterImpl-c00aaa5b-d63b-4769-9462-6a4c88d2a8bf/datanode-4/data/ratis/36bf8310-1152-41ef-be73-8e33a19eabf3
2019-09-20 04:48:53,184 [pool-71-thread-1] INFO  server.RaftServerConfigKeys (ConfUtils.java:logGet(43)) - raft.server.log.queue.byte-limit = 2147483647 (custom)
2019-09-20 04:48:53,184 [pool-71-thread-1] INFO  server.RaftServerConfigKeys (ConfUtils.java:logGet(43)) - raft.server.log.queue.element-limit = 1024 (custom)
2019-09-20 04:48:53,184 [pool-71-thread-1] INFO  server.RaftServerConfigKeys (ConfUtils.java:logGet(43)) - raft.server.log.segment.size.max = 1048576 (custom)
2019-09-20 04:48:53,185 [pool-71-thread-1] INFO  server.RaftServerConfigKeys (ConfUtils.java:logGet(43)) - raft.server.log.preallocated.size = 16384 (custom)
2019-09-20 04:48:53,185 [pool-71-thread-1] INFO  server.RaftServerConfigKeys (ConfUtils.java:logGet(43)) - raft.server.log.write.buffer.size = 33554432 (custom)
2019-09-20 04:48:53,185 [pool-71-thread-1] INFO  server.RaftServerConfigKeys (ConfUtils.java:logGet(43)) - raft.server.log.force.sync.num = 128 (default)
2019-09-20 04:48:53,185 [pool-71-thread-1] INFO  server.RaftServerConfigKeys (ConfUtils.java:logGet(43)) - raft.server.log.statemachine.data.sync = true (default)
2019-09-20 04:48:53,185 [pool-71-thread-1] INFO  server.RaftServerConfigKeys (ConfUtils.java:logGet(43)) - raft.server.log.statemachine.data.sync.timeout = 10s (default)
2019-09-20 04:48:53,185 [pool-71-thread-1] INFO  server.RaftServerConfigKeys (ConfUtils.java:logGet(43)) - raft.server.log.statemachine.data.sync.timeout.retry = -1 (default)
2019-09-20 04:48:53,185 [pool-71-thread-1] INFO  server.RaftServerConfigKeys (ConfUtils.java:logGet(43)) - raft.server.log.statemachine.data.caching.enabled = true (custom)
2019-09-20 04:48:53,186 [pool-71-thread-1] INFO  segmented.SegmentedRaftLogWorker (SegmentedRaftLogWorker.java:lambda$new$0(132)) - 1d91ad97-6666-4ee7-855a-8b5e944e7401-SegmentedRaftLogWorker:Storage Directory /workdir/hadoop-ozone/integration-test/target/test-dir/MiniOzoneClusterImpl-c00aaa5b-d63b-4769-9462-6a4c88d2a8bf/datanode-4/data/ratis/36bf8310-1152-41ef-be73-8e33a19eabf3: flushIndex: setUnconditionally 0 -> -1
2019-09-20 04:48:53,186 [pool-71-thread-1] INFO  server.RaftServerConfigKeys (ConfUtils.java:logGet(43)) - raft.server.snapshot.auto.trigger.enabled = true (custom)
2019-09-20 04:48:53,186 [pool-71-thread-1] INFO  server.RaftServerConfigKeys (ConfUtils.java:logGet(43)) - raft.server.snapshot.auto.trigger.threshold = 10000 (custom)
2019-09-20 04:48:53,186 [pool-71-thread-1] INFO  server.RaftServerConfigKeys (ConfUtils.java:logGet(43)) - raft.server.retrycache.expirytime = 600000ms (custom)
2019-09-20 04:48:53,186 [pool-71-thread-1] INFO  impl.RaftServerImpl (RaftServerImpl.java:start(180)) - 1d91ad97-6666-4ee7-855a-8b5e944e7401: start group-8E33A19EABF3
2019-09-20 04:48:53,187 [pool-71-thread-1] INFO  impl.RaftServerImpl (RaftServerImpl.java:setRole(171)) - 1d91ad97-6666-4ee7-855a-8b5e944e7401:group-8E33A19EABF3 changes role from null to FOLLOWER at term 0 for startAsFollower
2019-09-20 04:48:53,187 [pool-71-thread-1] INFO  impl.RoleInfo (RoleInfo.java:updateAndGet(143)) - 1d91ad97-6666-4ee7-855a-8b5e944e7401: start FollowerState
2019-09-20 04:48:53,187 [pool-71-thread-1] INFO  util.JmxRegister (JmxRegister.java:tryRegister(44)) - Successfully registered JMX Bean with object name Ratis:service=RaftServer,group=group-8E33A19EABF3,id=1d91ad97-6666-4ee7-855a-8b5e944e7401
2019-09-20 04:48:53,190 [42fc6e92-fcdd-4827-b621-9fc58a3d2315:group-2CE5433AA614:LeaderElection21] INFO  impl.LeaderElection (LeaderElection.java:askForVotes(181)) - 42fc6e92-fcdd-4827-b621-9fc58a3d2315:group-2CE5433AA614:LeaderElection21: begin an election at term 1 for -1: [42fc6e92-fcdd-4827-b621-9fc58a3d2315:192.168.36.79:44605], old=null
2019-09-20 04:48:53,191 [42fc6e92-fcdd-4827-b621-9fc58a3d2315:group-2CE5433AA614:LeaderElection21] INFO  impl.RoleInfo (RoleInfo.java:shutdownLeaderElection(134)) - 42fc6e92-fcdd-4827-b621-9fc58a3d2315: shutdown LeaderElection
2019-09-20 04:48:53,191 [42fc6e92-fcdd-4827-b621-9fc58a3d2315:group-2CE5433AA614:LeaderElection21] INFO  impl.RaftServerImpl (RaftServerImpl.java:setRole(171)) - 42fc6e92-fcdd-4827-b621-9fc58a3d2315:group-2CE5433AA614 changes role from CANDIDATE to LEADER at term 1 for changeToLeader
2019-09-20 04:48:53,191 [42fc6e92-fcdd-4827-b621-9fc58a3d2315:group-2CE5433AA614:LeaderElection21] INFO  impl.RaftServerImpl (ServerState.java:setLeader(263)) - 42fc6e92-fcdd-4827-b621-9fc58a3d2315:group-2CE5433AA614 change Leader from null to 42fc6e92-fcdd-4827-b621-9fc58a3d2315 at term 1 for becomeLeader, leader elected after 1165ms
2019-09-20 04:48:53,191 [42fc6e92-fcdd-4827-b621-9fc58a3d2315:group-2CE5433AA614:LeaderElection21] INFO  server.RaftServerConfigKeys (ConfUtils.java:logGet(43)) - raft.server.staging.catchup.gap = 1000 (default)
2019-09-20 04:48:53,191 [42fc6e92-fcdd-4827-b621-9fc58a3d2315:group-2CE5433AA614:LeaderElection21] INFO  server.RaftServerConfigKeys (ConfUtils.java:logGet(43)) - raft.server.rpc.sleep.time = 25ms (default)
2019-09-20 04:48:53,191 [42fc6e92-fcdd-4827-b621-9fc58a3d2315:group-2CE5433AA614:LeaderElection21] INFO  server.RaftServerConfigKeys (ConfUtils.java:logGet(43)) - raft.server.write.element-limit = 4096 (default)
2019-09-20 04:48:53,191 [42fc6e92-fcdd-4827-b621-9fc58a3d2315:group-2CE5433AA614:LeaderElection21] INFO  server.RaftServerConfigKeys (ConfUtils.java:logGet(43)) - raft.server.watch.timeout = 10s (default)
2019-09-20 04:48:53,191 [42fc6e92-fcdd-4827-b621-9fc58a3d2315:group-2CE5433AA614:LeaderElection21] INFO  server.RaftServerConfigKeys (ConfUtils.java:logGet(43)) - raft.server.watch.timeout.denomination = 1s (default)
2019-09-20 04:48:53,191 [42fc6e92-fcdd-4827-b621-9fc58a3d2315:group-2CE5433AA614:LeaderElection21] INFO  server.RaftServerConfigKeys (ConfUtils.java:logGet(43)) - raft.server.watch.element-limit = 65536 (default)
2019-09-20 04:48:53,192 [RatisPipelineUtilsThread] INFO  pipeline.PipelineStateManager (PipelineStateManager.java:addPipeline(56)) - Created pipeline Pipeline[ Id: 36bf8310-1152-41ef-be73-8e33a19eabf3, Nodes: 1d91ad97-6666-4ee7-855a-8b5e944e7401{ip: 192.168.36.79, host: pr-hdds-1569-s8kj2-2266485376, networkLocation: /default-rack, certSerialId: null}, Type:RATIS, Factor:ONE, State:OPEN]
2019-09-20 04:48:53,192 [42fc6e92-fcdd-4827-b621-9fc58a3d2315:group-2CE5433AA614:LeaderElection21] INFO  impl.RoleInfo (RoleInfo.java:updateAndGet(143)) - 42fc6e92-fcdd-4827-b621-9fc58a3d2315: start LeaderState
2019-09-20 04:48:53,192 [RatisPipelineUtilsThread] INFO  pipeline.PipelinePlacementPolicy (PipelinePlacementPolicy.java:meetCriteria(91)) - Pipeline Placement: Doesn't meet the criteria to be viable node： ea71b9af-1075-4196-9693-aa14e10f536d Heaviness: 6 limit: 5
2019-09-20 04:48:53,192 [42fc6e92-fcdd-4827-b621-9fc58a3d2315:group-2CE5433AA614:LeaderElection21] INFO  segmented.SegmentedRaftLogWorker (SegmentedRaftLogWorker.java:startLogSegment(380)) - 42fc6e92-fcdd-4827-b621-9fc58a3d2315-SegmentedRaftLogWorker:Storage Directory /workdir/hadoop-ozone/integration-test/target/test-dir/MiniOzoneClusterImpl-c00aaa5b-d63b-4769-9462-6a4c88d2a8bf/datanode-1/data/ratis/373db292-b7a1-466a-bc68-2ce5433aa614: Starting segment from index:0
2019-09-20 04:48:53,192 [RatisPipelineUtilsThread] INFO  pipeline.PipelinePlacementPolicy (PipelinePlacementPolicy.java:meetCriteria(91)) - Pipeline Placement: Doesn't meet the criteria to be viable node： 42fc6e92-fcdd-4827-b621-9fc58a3d2315 Heaviness: 6 limit: 5
2019-09-20 04:48:53,192 [RatisPipelineUtilsThread] INFO  pipeline.PipelinePlacementPolicy (PipelinePlacementPolicy.java:meetCriteria(91)) - Pipeline Placement: Doesn't meet the criteria to be viable node： 2d6465ef-cffa-473a-a4c6-a9aa3f1a26c0 Heaviness: 6 limit: 5
2019-09-20 04:48:53,193 [42fc6e92-fcdd-4827-b621-9fc58a3d2315:group-2CE5433AA614:LeaderElection21] INFO  impl.RaftServerImpl (ServerState.java:setRaftConf(361)) - 42fc6e92-fcdd-4827-b621-9fc58a3d2315:group-2CE5433AA614 set configuration 0: [42fc6e92-fcdd-4827-b621-9fc58a3d2315:192.168.36.79:44605], old=null at 0
2019-09-20 04:48:53,193 [RatisPipelineUtilsThread] INFO  pipeline.PipelinePlacementPolicy (PipelinePlacementPolicy.java:meetCriteria(91)) - Pipeline Placement: Doesn't meet the criteria to be viable node： 2702b462-69d8-4c1b-aae1-091a21fe08b8 Heaviness: 6 limit: 5
2019-09-20 04:48:53,229 [grpc-default-executor-0] INFO  impl.RaftServerProxy (RaftServerProxy.java:addNew(89)) - 8d97392c-5f4b-400a-94a1-fb61a3ebbc99: addNew group-341CE46B840C:[8d97392c-5f4b-400a-94a1-fb61a3ebbc99:192.168.36.79:38885] returns group-341CE46B840C:java.util.concurrent.CompletableFuture@6017e887[Not completed]
2019-09-20 04:48:53,234 [pool-93-thread-1] INFO  impl.RaftServerImpl (RaftServerImpl.java:<init>(93)) - 8d97392c-5f4b-400a-94a1-fb61a3ebbc99: new RaftServerImpl for group-341CE46B840C:[8d97392c-5f4b-400a-94a1-fb61a3ebbc99:192.168.36.79:38885] with ContainerStateMachine:uninitialized
2019-09-20 04:48:53,234 [pool-93-thread-1] INFO  server.RaftServerConfigKeys (ConfUtils.java:logGet(43)) - raft.server.rpc.timeout.min = 1s (custom)
2019-09-20 04:48:53,234 [pool-93-thread-1] INFO  server.RaftServerConfigKeys (ConfUtils.java:logGet(43)) - raft.server.rpc.timeout.max = 1200ms (custom)
2019-09-20 04:48:53,234 [pool-93-thread-1] INFO  server.RaftServerConfigKeys (ConfUtils.java:logGet(43)) - raft.server.rpcslowness.timeout = 120s (custom)
2019-09-20 04:48:53,234 [pool-93-thread-1] INFO  server.RaftServerConfigKeys (ConfUtils.java:logGet(43)) - raft.server.sleep.deviation.threshold = 300 (default)
2019-09-20 04:48:53,234 [pool-93-thread-1] INFO  server.RaftServerConfigKeys (ConfUtils.java:logGet(43)) - raft.server.log.appender.install.snapshot.enabled = false (custom)
2019-09-20 04:48:53,234 [pool-93-thread-1] INFO  impl.RaftServerImpl (ServerState.java:<init>(105)) - 8d97392c-5f4b-400a-94a1-fb61a3ebbc99:group-341CE46B840C ConfigurationManager, init=-1: [8d97392c-5f4b-400a-94a1-fb61a3ebbc99:192.168.36.79:38885], old=null, confs=<EMPTY_MAP>
2019-09-20 04:48:53,235 [pool-93-thread-1] INFO  server.RaftServerConfigKeys (ConfUtils.java:logGet(43)) - raft.server.storage.dir = [/workdir/hadoop-ozone/integration-test/target/test-dir/MiniOzoneClusterImpl-c00aaa5b-d63b-4769-9462-6a4c88d2a8bf/datanode-6/data/ratis] (custom)
2019-09-20 04:48:53,235 [pool-93-thread-1] INFO  storage.RaftStorageDirectory (RaftStorageDirectory.java:analyzeStorage(246)) - The storage directory /workdir/hadoop-ozone/integration-test/target/test-dir/MiniOzoneClusterImpl-c00aaa5b-d63b-4769-9462-6a4c88d2a8bf/datanode-6/data/ratis/6f0efaff-2fbb-49b3-a09f-341ce46b840c does not exist. Creating ...
2019-09-20 04:48:53,248 [Thread-325] INFO  impl.FollowerState (FollowerState.java:run(106)) - 2702b462-69d8-4c1b-aae1-091a21fe08b8:group-7A4BDE156831 changes to CANDIDATE, lastRpcTime:1085, electionTimeout:1085ms
2019-09-20 04:48:53,248 [Thread-325] INFO  impl.RoleInfo (RoleInfo.java:shutdownFollowerState(121)) - 2702b462-69d8-4c1b-aae1-091a21fe08b8: shutdown FollowerState
2019-09-20 04:48:53,248 [Thread-325] INFO  impl.RaftServerImpl (RaftServerImpl.java:setRole(171)) - 2702b462-69d8-4c1b-aae1-091a21fe08b8:group-7A4BDE156831 changes role from FOLLOWER to CANDIDATE at term 0 for changeToCandidate
2019-09-20 04:48:53,249 [Thread-325] INFO  impl.RoleInfo (RoleInfo.java:updateAndGet(143)) - 2702b462-69d8-4c1b-aae1-091a21fe08b8: start LeaderElection
2019-09-20 04:48:53,250 [42fc6e92-fcdd-4827-b621-9fc58a3d2315-SegmentedRaftLogWorker:Storage Directory /workdir/hadoop-ozone/integration-test/target/test-dir/MiniOzoneClusterImpl-c00aaa5b-d63b-4769-9462-6a4c88d2a8bf/datanode-1/data/ratis/373db292-b7a1-466a-bc68-2ce5433aa614] INFO  segmented.SegmentedRaftLogWorker (SegmentedRaftLogWorker.java:execute(569)) - 42fc6e92-fcdd-4827-b621-9fc58a3d2315-SegmentedRaftLogWorker:Storage Directory /workdir/hadoop-ozone/integration-test/target/test-dir/MiniOzoneClusterImpl-c00aaa5b-d63b-4769-9462-6a4c88d2a8bf/datanode-1/data/ratis/373db292-b7a1-466a-bc68-2ce5433aa614: created new log segment /workdir/hadoop-ozone/integration-test/target/test-dir/MiniOzoneClusterImpl-c00aaa5b-d63b-4769-9462-6a4c88d2a8bf/datanode-1/data/ratis/373db292-b7a1-466a-bc68-2ce5433aa614/current/log_inprogress_0
2019-09-20 04:48:53,253 | INFO  | SCMAudit | user=jenkins1000 | ip=192.168.36.79 | op=SEND_HEARTBEAT {datanodeUUID=8d97392c-5f4b-400a-94a1-fb61a3ebbc99, command=[]} | ret=SUCCESS |  
2019-09-20 04:48:53,266 [pool-93-thread-1] INFO  storage.RaftStorageDirectory (RaftStorageDirectory.java:tryLock(328)) - Lock on /workdir/hadoop-ozone/integration-test/target/test-dir/MiniOzoneClusterImpl-c00aaa5b-d63b-4769-9462-6a4c88d2a8bf/datanode-6/data/ratis/6f0efaff-2fbb-49b3-a09f-341ce46b840c/in_use.lock acquired by nodename 9457@pr-hdds-1569-s8kj2-2266485376
2019-09-20 04:48:53,293 [pool-93-thread-1] INFO  storage.RaftStorage (RaftStorage.java:format(72)) - Storage directory /workdir/hadoop-ozone/integration-test/target/test-dir/MiniOzoneClusterImpl-c00aaa5b-d63b-4769-9462-6a4c88d2a8bf/datanode-6/data/ratis/6f0efaff-2fbb-49b3-a09f-341ce46b840c has been successfully formatted.
2019-09-20 04:48:53,293 [2702b462-69d8-4c1b-aae1-091a21fe08b8:group-7A4BDE156831:LeaderElection22] INFO  impl.LeaderElection (LeaderElection.java:askForVotes(181)) - 2702b462-69d8-4c1b-aae1-091a21fe08b8:group-7A4BDE156831:LeaderElection22: begin an election at term 1 for -1: [2702b462-69d8-4c1b-aae1-091a21fe08b8:192.168.36.79:42637], old=null
2019-09-20 04:48:53,293 [2702b462-69d8-4c1b-aae1-091a21fe08b8:group-7A4BDE156831:LeaderElection22] INFO  impl.RoleInfo (RoleInfo.java:shutdownLeaderElection(134)) - 2702b462-69d8-4c1b-aae1-091a21fe08b8: shutdown LeaderElection
2019-09-20 04:48:53,293 [pool-93-thread-1] INFO  ratis.ContainerStateMachine (ContainerStateMachine.java:loadSnapshot(226)) - group-341CE46B840C: The snapshot info is null. Setting the last applied indexto:(t:0, i:~)
2019-09-20 04:48:53,293 [2702b462-69d8-4c1b-aae1-091a21fe08b8:group-7A4BDE156831:LeaderElection22] INFO  impl.RaftServerImpl (RaftServerImpl.java:setRole(171)) - 2702b462-69d8-4c1b-aae1-091a21fe08b8:group-7A4BDE156831 changes role from CANDIDATE to LEADER at term 1 for changeToLeader
2019-09-20 04:48:53,293 [pool-93-thread-1] INFO  server.RaftServerConfigKeys (ConfUtils.java:logGet(43)) - raft.server.leader.election.timeout = 120s (custom)
2019-09-20 04:48:53,293 [2702b462-69d8-4c1b-aae1-091a21fe08b8:group-7A4BDE156831:LeaderElection22] INFO  impl.RaftServerImpl (ServerState.java:setLeader(263)) - 2702b462-69d8-4c1b-aae1-091a21fe08b8:group-7A4BDE156831 change Leader from null to 2702b462-69d8-4c1b-aae1-091a21fe08b8 at term 1 for becomeLeader, leader elected after 1139ms
2019-09-20 04:48:53,293 [pool-93-thread-1] INFO  server.RaftServerConfigKeys (ConfUtils.java:logGet(43)) - raft.server.log.use.memory = false (default)
2019-09-20 04:48:53,293 [2702b462-69d8-4c1b-aae1-091a21fe08b8:group-7A4BDE156831:LeaderElection22] INFO  server.RaftServerConfigKeys (ConfUtils.java:logGet(43)) - raft.server.staging.catchup.gap = 1000 (default)
2019-09-20 04:48:53,294 [pool-93-thread-1] INFO  server.RaftServerConfigKeys (ConfUtils.java:logGet(43)) - raft.server.log.purge.gap = 1000000 (custom)
2019-09-20 04:48:53,294 [2702b462-69d8-4c1b-aae1-091a21fe08b8:group-7A4BDE156831:LeaderElection22] INFO  server.RaftServerConfigKeys (ConfUtils.java:logGet(43)) - raft.server.rpc.sleep.time = 25ms (default)
2019-09-20 04:48:53,294 [pool-93-thread-1] INFO  server.RaftServerConfigKeys (ConfUtils.java:logGet(43)) - raft.server.log.appender.buffer.byte-limit = 33554432 (custom)
2019-09-20 04:48:53,294 [2702b462-69d8-4c1b-aae1-091a21fe08b8:group-7A4BDE156831:LeaderElection22] INFO  server.RaftServerConfigKeys (ConfUtils.java:logGet(43)) - raft.server.write.element-limit = 4096 (default)
2019-09-20 04:48:53,294 [pool-93-thread-1] INFO  server.RaftServerConfigKeys (ConfUtils.java:logGet(43)) - raft.server.log.segment.size.max = 1048576 (custom)
2019-09-20 04:48:53,294 [2702b462-69d8-4c1b-aae1-091a21fe08b8:group-7A4BDE156831:LeaderElection22] INFO  server.RaftServerConfigKeys (ConfUtils.java:logGet(43)) - raft.server.watch.timeout = 10s (default)
2019-09-20 04:48:53,294 [pool-93-thread-1] INFO  server.RaftServerConfigKeys (ConfUtils.java:logGet(43)) - raft.server.log.segment.cache.num.max = 2 (custom)
2019-09-20 04:48:53,294 [2702b462-69d8-4c1b-aae1-091a21fe08b8:group-7A4BDE156831:LeaderElection22] INFO  server.RaftServerConfigKeys (ConfUtils.java:logGet(43)) - raft.server.watch.timeout.denomination = 1s (default)
2019-09-20 04:48:53,294 [pool-93-thread-1] INFO  segmented.SegmentedRaftLogWorker (SegmentedRaftLogWorker.java:<init>(172)) - new 8d97392c-5f4b-400a-94a1-fb61a3ebbc99-SegmentedRaftLogWorker:Storage Directory /workdir/hadoop-ozone/integration-test/target/test-dir/MiniOzoneClusterImpl-c00aaa5b-d63b-4769-9462-6a4c88d2a8bf/datanode-6/data/ratis/6f0efaff-2fbb-49b3-a09f-341ce46b840c for RaftStorage:Storage Directory /workdir/hadoop-ozone/integration-test/target/test-dir/MiniOzoneClusterImpl-c00aaa5b-d63b-4769-9462-6a4c88d2a8bf/datanode-6/data/ratis/6f0efaff-2fbb-49b3-a09f-341ce46b840c
2019-09-20 04:48:53,294 [2702b462-69d8-4c1b-aae1-091a21fe08b8:group-7A4BDE156831:LeaderElection22] INFO  server.RaftServerConfigKeys (ConfUtils.java:logGet(43)) - raft.server.watch.element-limit = 65536 (default)
2019-09-20 04:48:53,295 [pool-93-thread-1] INFO  server.RaftServerConfigKeys (ConfUtils.java:logGet(43)) - raft.server.log.queue.byte-limit = 2147483647 (custom)
2019-09-20 04:48:53,295 [2702b462-69d8-4c1b-aae1-091a21fe08b8:group-7A4BDE156831:LeaderElection22] INFO  impl.RoleInfo (RoleInfo.java:updateAndGet(143)) - 2702b462-69d8-4c1b-aae1-091a21fe08b8: start LeaderState
2019-09-20 04:48:53,295 [pool-93-thread-1] INFO  server.RaftServerConfigKeys (ConfUtils.java:logGet(43)) - raft.server.log.queue.element-limit = 1024 (custom)
2019-09-20 04:48:53,295 [2702b462-69d8-4c1b-aae1-091a21fe08b8:group-7A4BDE156831:LeaderElection22] INFO  segmented.SegmentedRaftLogWorker (SegmentedRaftLogWorker.java:startLogSegment(380)) - 2702b462-69d8-4c1b-aae1-091a21fe08b8-SegmentedRaftLogWorker:Storage Directory /workdir/hadoop-ozone/integration-test/target/test-dir/MiniOzoneClusterImpl-c00aaa5b-d63b-4769-9462-6a4c88d2a8bf/datanode-3/data/ratis/f9bda543-5e4e-4830-82df-7a4bde156831: Starting segment from index:0
2019-09-20 04:48:53,295 [pool-93-thread-1] INFO  server.RaftServerConfigKeys (ConfUtils.java:logGet(43)) - raft.server.log.segment.size.max = 1048576 (custom)
2019-09-20 04:48:53,295 [pool-93-thread-1] INFO  server.RaftServerConfigKeys (ConfUtils.java:logGet(43)) - raft.server.log.preallocated.size = 16384 (custom)
2019-09-20 04:48:53,295 [2702b462-69d8-4c1b-aae1-091a21fe08b8:group-7A4BDE156831:LeaderElection22] INFO  impl.RaftServerImpl (ServerState.java:setRaftConf(361)) - 2702b462-69d8-4c1b-aae1-091a21fe08b8:group-7A4BDE156831 set configuration 0: [2702b462-69d8-4c1b-aae1-091a21fe08b8:192.168.36.79:42637], old=null at 0
2019-09-20 04:48:53,295 [pool-93-thread-1] INFO  server.RaftServerConfigKeys (ConfUtils.java:logGet(43)) - raft.server.log.write.buffer.size = 33554432 (custom)
2019-09-20 04:48:53,319 [pool-93-thread-1] INFO  server.RaftServerConfigKeys (ConfUtils.java:logGet(43)) - raft.server.log.force.sync.num = 128 (default)
2019-09-20 04:48:53,319 [pool-93-thread-1] INFO  server.RaftServerConfigKeys (ConfUtils.java:logGet(43)) - raft.server.log.statemachine.data.sync = true (default)
2019-09-20 04:48:53,320 [pool-93-thread-1] INFO  server.RaftServerConfigKeys (ConfUtils.java:logGet(43)) - raft.server.log.statemachine.data.sync.timeout = 10s (default)
2019-09-20 04:48:53,320 [pool-93-thread-1] INFO  server.RaftServerConfigKeys (ConfUtils.java:logGet(43)) - raft.server.log.statemachine.data.sync.timeout.retry = -1 (default)
2019-09-20 04:48:53,320 [pool-93-thread-1] INFO  server.RaftServerConfigKeys (ConfUtils.java:logGet(43)) - raft.server.log.statemachine.data.caching.enabled = true (custom)
2019-09-20 04:48:53,320 [pool-93-thread-1] INFO  segmented.SegmentedRaftLogWorker (SegmentedRaftLogWorker.java:lambda$new$0(132)) - 8d97392c-5f4b-400a-94a1-fb61a3ebbc99-SegmentedRaftLogWorker:Storage Directory /workdir/hadoop-ozone/integration-test/target/test-dir/MiniOzoneClusterImpl-c00aaa5b-d63b-4769-9462-6a4c88d2a8bf/datanode-6/data/ratis/6f0efaff-2fbb-49b3-a09f-341ce46b840c: flushIndex: setUnconditionally 0 -> -1
2019-09-20 04:48:53,321 [pool-93-thread-1] INFO  server.RaftServerConfigKeys (ConfUtils.java:logGet(43)) - raft.server.snapshot.auto.trigger.enabled = true (custom)
2019-09-20 04:48:53,321 [pool-93-thread-1] INFO  server.RaftServerConfigKeys (ConfUtils.java:logGet(43)) - raft.server.snapshot.auto.trigger.threshold = 10000 (custom)
2019-09-20 04:48:53,321 [pool-93-thread-1] INFO  server.RaftServerConfigKeys (ConfUtils.java:logGet(43)) - raft.server.retrycache.expirytime = 600000ms (custom)
2019-09-20 04:48:53,321 [pool-93-thread-1] INFO  impl.RaftServerImpl (RaftServerImpl.java:start(180)) - 8d97392c-5f4b-400a-94a1-fb61a3ebbc99: start group-341CE46B840C
2019-09-20 04:48:53,321 [pool-93-thread-1] INFO  impl.RaftServerImpl (RaftServerImpl.java:setRole(171)) - 8d97392c-5f4b-400a-94a1-fb61a3ebbc99:group-341CE46B840C changes role from null to FOLLOWER at term 0 for startAsFollower
2019-09-20 04:48:53,321 [pool-93-thread-1] INFO  impl.RoleInfo (RoleInfo.java:updateAndGet(143)) - 8d97392c-5f4b-400a-94a1-fb61a3ebbc99: start FollowerState
2019-09-20 04:48:53,322 [pool-93-thread-1] INFO  util.JmxRegister (JmxRegister.java:tryRegister(44)) - Successfully registered JMX Bean with object name Ratis:service=RaftServer,group=group-341CE46B840C,id=8d97392c-5f4b-400a-94a1-fb61a3ebbc99
2019-09-20 04:48:53,326 [RatisPipelineUtilsThread] INFO  pipeline.PipelineStateManager (PipelineStateManager.java:addPipeline(56)) - Created pipeline Pipeline[ Id: 6f0efaff-2fbb-49b3-a09f-341ce46b840c, Nodes: 8d97392c-5f4b-400a-94a1-fb61a3ebbc99{ip: 192.168.36.79, host: pr-hdds-1569-s8kj2-2266485376, networkLocation: /default-rack, certSerialId: null}, Type:RATIS, Factor:ONE, State:OPEN]
2019-09-20 04:48:53,326 [RatisPipelineUtilsThread] INFO  pipeline.PipelinePlacementPolicy (PipelinePlacementPolicy.java:meetCriteria(91)) - Pipeline Placement: Doesn't meet the criteria to be viable node： ea71b9af-1075-4196-9693-aa14e10f536d Heaviness: 6 limit: 5
2019-09-20 04:48:53,326 [RatisPipelineUtilsThread] INFO  pipeline.PipelinePlacementPolicy (PipelinePlacementPolicy.java:meetCriteria(91)) - Pipeline Placement: Doesn't meet the criteria to be viable node： 42fc6e92-fcdd-4827-b621-9fc58a3d2315 Heaviness: 6 limit: 5
2019-09-20 04:48:53,327 [RatisPipelineUtilsThread] INFO  pipeline.PipelinePlacementPolicy (PipelinePlacementPolicy.java:meetCriteria(91)) - Pipeline Placement: Doesn't meet the criteria to be viable node： 2d6465ef-cffa-473a-a4c6-a9aa3f1a26c0 Heaviness: 6 limit: 5
2019-09-20 04:48:53,327 [RatisPipelineUtilsThread] INFO  pipeline.PipelinePlacementPolicy (PipelinePlacementPolicy.java:meetCriteria(91)) - Pipeline Placement: Doesn't meet the criteria to be viable node： 2702b462-69d8-4c1b-aae1-091a21fe08b8 Heaviness: 6 limit: 5
2019-09-20 04:48:53,334 [grpc-default-executor-0] INFO  impl.RaftServerProxy (RaftServerProxy.java:addNew(89)) - 1d91ad97-6666-4ee7-855a-8b5e944e7401: addNew group-D54590351634:[1d91ad97-6666-4ee7-855a-8b5e944e7401:192.168.36.79:34447] returns group-D54590351634:java.util.concurrent.CompletableFuture@7edc57df[Not completed]
2019-09-20 04:48:53,336 [pool-71-thread-1] INFO  impl.RaftServerImpl (RaftServerImpl.java:<init>(93)) - 1d91ad97-6666-4ee7-855a-8b5e944e7401: new RaftServerImpl for group-D54590351634:[1d91ad97-6666-4ee7-855a-8b5e944e7401:192.168.36.79:34447] with ContainerStateMachine:uninitialized
2019-09-20 04:48:53,336 [pool-71-thread-1] INFO  server.RaftServerConfigKeys (ConfUtils.java:logGet(43)) - raft.server.rpc.timeout.min = 1s (custom)
2019-09-20 04:48:53,336 [pool-71-thread-1] INFO  server.RaftServerConfigKeys (ConfUtils.java:logGet(43)) - raft.server.rpc.timeout.max = 1200ms (custom)
2019-09-20 04:48:53,336 [pool-71-thread-1] INFO  server.RaftServerConfigKeys (ConfUtils.java:logGet(43)) - raft.server.rpcslowness.timeout = 120s (custom)
2019-09-20 04:48:53,336 [pool-71-thread-1] INFO  server.RaftServerConfigKeys (ConfUtils.java:logGet(43)) - raft.server.sleep.deviation.threshold = 300 (default)
2019-09-20 04:48:53,336 [pool-71-thread-1] INFO  server.RaftServerConfigKeys (ConfUtils.java:logGet(43)) - raft.server.log.appender.install.snapshot.enabled = false (custom)
2019-09-20 04:48:53,336 [pool-71-thread-1] INFO  impl.RaftServerImpl (ServerState.java:<init>(105)) - 1d91ad97-6666-4ee7-855a-8b5e944e7401:group-D54590351634 ConfigurationManager, init=-1: [1d91ad97-6666-4ee7-855a-8b5e944e7401:192.168.36.79:34447], old=null, confs=<EMPTY_MAP>
2019-09-20 04:48:53,337 [pool-71-thread-1] INFO  server.RaftServerConfigKeys (ConfUtils.java:logGet(43)) - raft.server.storage.dir = [/workdir/hadoop-ozone/integration-test/target/test-dir/MiniOzoneClusterImpl-c00aaa5b-d63b-4769-9462-6a4c88d2a8bf/datanode-4/data/ratis] (custom)
2019-09-20 04:48:53,337 [pool-71-thread-1] INFO  storage.RaftStorageDirectory (RaftStorageDirectory.java:analyzeStorage(246)) - The storage directory /workdir/hadoop-ozone/integration-test/target/test-dir/MiniOzoneClusterImpl-c00aaa5b-d63b-4769-9462-6a4c88d2a8bf/datanode-4/data/ratis/f9e41168-a4df-4ef1-b723-d54590351634 does not exist. Creating ...
2019-09-20 04:48:53,344 [2702b462-69d8-4c1b-aae1-091a21fe08b8-SegmentedRaftLogWorker:Storage Directory /workdir/hadoop-ozone/integration-test/target/test-dir/MiniOzoneClusterImpl-c00aaa5b-d63b-4769-9462-6a4c88d2a8bf/datanode-3/data/ratis/f9bda543-5e4e-4830-82df-7a4bde156831] INFO  segmented.SegmentedRaftLogWorker (SegmentedRaftLogWorker.java:execute(569)) - 2702b462-69d8-4c1b-aae1-091a21fe08b8-SegmentedRaftLogWorker:Storage Directory /workdir/hadoop-ozone/integration-test/target/test-dir/MiniOzoneClusterImpl-c00aaa5b-d63b-4769-9462-6a4c88d2a8bf/datanode-3/data/ratis/f9bda543-5e4e-4830-82df-7a4bde156831: created new log segment /workdir/hadoop-ozone/integration-test/target/test-dir/MiniOzoneClusterImpl-c00aaa5b-d63b-4769-9462-6a4c88d2a8bf/datanode-3/data/ratis/f9bda543-5e4e-4830-82df-7a4bde156831/current/log_inprogress_0
2019-09-20 04:48:53,361 [pool-71-thread-1] INFO  storage.RaftStorageDirectory (RaftStorageDirectory.java:tryLock(328)) - Lock on /workdir/hadoop-ozone/integration-test/target/test-dir/MiniOzoneClusterImpl-c00aaa5b-d63b-4769-9462-6a4c88d2a8bf/datanode-4/data/ratis/f9e41168-a4df-4ef1-b723-d54590351634/in_use.lock acquired by nodename 9457@pr-hdds-1569-s8kj2-2266485376
2019-09-20 04:48:53,394 [pool-71-thread-1] INFO  storage.RaftStorage (RaftStorage.java:format(72)) - Storage directory /workdir/hadoop-ozone/integration-test/target/test-dir/MiniOzoneClusterImpl-c00aaa5b-d63b-4769-9462-6a4c88d2a8bf/datanode-4/data/ratis/f9e41168-a4df-4ef1-b723-d54590351634 has been successfully formatted.
2019-09-20 04:48:53,395 [pool-71-thread-1] INFO  ratis.ContainerStateMachine (ContainerStateMachine.java:loadSnapshot(226)) - group-D54590351634: The snapshot info is null. Setting the last applied indexto:(t:0, i:~)
2019-09-20 04:48:53,395 [pool-71-thread-1] INFO  server.RaftServerConfigKeys (ConfUtils.java:logGet(43)) - raft.server.leader.election.timeout = 120s (custom)
2019-09-20 04:48:53,395 [pool-71-thread-1] INFO  server.RaftServerConfigKeys (ConfUtils.java:logGet(43)) - raft.server.log.use.memory = false (default)
2019-09-20 04:48:53,395 [pool-71-thread-1] INFO  server.RaftServerConfigKeys (ConfUtils.java:logGet(43)) - raft.server.log.purge.gap = 1000000 (custom)
2019-09-20 04:48:53,395 [pool-71-thread-1] INFO  server.RaftServerConfigKeys (ConfUtils.java:logGet(43)) - raft.server.log.appender.buffer.byte-limit = 33554432 (custom)
2019-09-20 04:48:53,395 [pool-71-thread-1] INFO  server.RaftServerConfigKeys (ConfUtils.java:logGet(43)) - raft.server.log.segment.size.max = 1048576 (custom)
2019-09-20 04:48:53,396 [pool-71-thread-1] INFO  server.RaftServerConfigKeys (ConfUtils.java:logGet(43)) - raft.server.log.segment.cache.num.max = 2 (custom)
2019-09-20 04:48:53,396 [pool-71-thread-1] INFO  segmented.SegmentedRaftLogWorker (SegmentedRaftLogWorker.java:<init>(172)) - new 1d91ad97-6666-4ee7-855a-8b5e944e7401-SegmentedRaftLogWorker:Storage Directory /workdir/hadoop-ozone/integration-test/target/test-dir/MiniOzoneClusterImpl-c00aaa5b-d63b-4769-9462-6a4c88d2a8bf/datanode-4/data/ratis/f9e41168-a4df-4ef1-b723-d54590351634 for RaftStorage:Storage Directory /workdir/hadoop-ozone/integration-test/target/test-dir/MiniOzoneClusterImpl-c00aaa5b-d63b-4769-9462-6a4c88d2a8bf/datanode-4/data/ratis/f9e41168-a4df-4ef1-b723-d54590351634
2019-09-20 04:48:53,396 [pool-71-thread-1] INFO  server.RaftServerConfigKeys (ConfUtils.java:logGet(43)) - raft.server.log.queue.byte-limit = 2147483647 (custom)
2019-09-20 04:48:53,396 [pool-71-thread-1] INFO  server.RaftServerConfigKeys (ConfUtils.java:logGet(43)) - raft.server.log.queue.element-limit = 1024 (custom)
2019-09-20 04:48:53,396 [pool-71-thread-1] INFO  server.RaftServerConfigKeys (ConfUtils.java:logGet(43)) - raft.server.log.segment.size.max = 1048576 (custom)
2019-09-20 04:48:53,396 [pool-71-thread-1] INFO  server.RaftServerConfigKeys (ConfUtils.java:logGet(43)) - raft.server.log.preallocated.size = 16384 (custom)
2019-09-20 04:48:53,397 [pool-71-thread-1] INFO  server.RaftServerConfigKeys (ConfUtils.java:logGet(43)) - raft.server.log.write.buffer.size = 33554432 (custom)
2019-09-20 04:48:53,397 [pool-71-thread-1] INFO  server.RaftServerConfigKeys (ConfUtils.java:logGet(43)) - raft.server.log.force.sync.num = 128 (default)
2019-09-20 04:48:53,397 [pool-71-thread-1] INFO  server.RaftServerConfigKeys (ConfUtils.java:logGet(43)) - raft.server.log.statemachine.data.sync = true (default)
2019-09-20 04:48:53,397 [pool-71-thread-1] INFO  server.RaftServerConfigKeys (ConfUtils.java:logGet(43)) - raft.server.log.statemachine.data.sync.timeout = 10s (default)
2019-09-20 04:48:53,397 [pool-71-thread-1] INFO  server.RaftServerConfigKeys (ConfUtils.java:logGet(43)) - raft.server.log.statemachine.data.sync.timeout.retry = -1 (default)
2019-09-20 04:48:53,397 [pool-71-thread-1] INFO  server.RaftServerConfigKeys (ConfUtils.java:logGet(43)) - raft.server.log.statemachine.data.caching.enabled = true (custom)
2019-09-20 04:48:53,398 [pool-71-thread-1] INFO  segmented.SegmentedRaftLogWorker (SegmentedRaftLogWorker.java:lambda$new$0(132)) - 1d91ad97-6666-4ee7-855a-8b5e944e7401-SegmentedRaftLogWorker:Storage Directory /workdir/hadoop-ozone/integration-test/target/test-dir/MiniOzoneClusterImpl-c00aaa5b-d63b-4769-9462-6a4c88d2a8bf/datanode-4/data/ratis/f9e41168-a4df-4ef1-b723-d54590351634: flushIndex: setUnconditionally 0 -> -1
2019-09-20 04:48:53,398 [pool-71-thread-1] INFO  server.RaftServerConfigKeys (ConfUtils.java:logGet(43)) - raft.server.snapshot.auto.trigger.enabled = true (custom)
2019-09-20 04:48:53,398 [pool-71-thread-1] INFO  server.RaftServerConfigKeys (ConfUtils.java:logGet(43)) - raft.server.snapshot.auto.trigger.threshold = 10000 (custom)
2019-09-20 04:48:53,398 [pool-71-thread-1] INFO  server.RaftServerConfigKeys (ConfUtils.java:logGet(43)) - raft.server.retrycache.expirytime = 600000ms (custom)
2019-09-20 04:48:53,399 [pool-71-thread-1] INFO  impl.RaftServerImpl (RaftServerImpl.java:start(180)) - 1d91ad97-6666-4ee7-855a-8b5e944e7401: start group-D54590351634
2019-09-20 04:48:53,399 [pool-71-thread-1] INFO  impl.RaftServerImpl (RaftServerImpl.java:setRole(171)) - 1d91ad97-6666-4ee7-855a-8b5e944e7401:group-D54590351634 changes role from null to FOLLOWER at term 0 for startAsFollower
2019-09-20 04:48:53,399 [pool-71-thread-1] INFO  impl.RoleInfo (RoleInfo.java:updateAndGet(143)) - 1d91ad97-6666-4ee7-855a-8b5e944e7401: start FollowerState
2019-09-20 04:48:53,399 [pool-71-thread-1] INFO  util.JmxRegister (JmxRegister.java:tryRegister(44)) - Successfully registered JMX Bean with object name Ratis:service=RaftServer,group=group-D54590351634,id=1d91ad97-6666-4ee7-855a-8b5e944e7401
2019-09-20 04:48:53,405 [RatisPipelineUtilsThread] INFO  pipeline.PipelineStateManager (PipelineStateManager.java:addPipeline(56)) - Created pipeline Pipeline[ Id: f9e41168-a4df-4ef1-b723-d54590351634, Nodes: 1d91ad97-6666-4ee7-855a-8b5e944e7401{ip: 192.168.36.79, host: pr-hdds-1569-s8kj2-2266485376, networkLocation: /default-rack, certSerialId: null}, Type:RATIS, Factor:ONE, State:OPEN]
2019-09-20 04:48:53,406 [RatisPipelineUtilsThread] INFO  pipeline.PipelinePlacementPolicy (PipelinePlacementPolicy.java:meetCriteria(91)) - Pipeline Placement: Doesn't meet the criteria to be viable node： ea71b9af-1075-4196-9693-aa14e10f536d Heaviness: 6 limit: 5
2019-09-20 04:48:53,406 [RatisPipelineUtilsThread] INFO  pipeline.PipelinePlacementPolicy (PipelinePlacementPolicy.java:meetCriteria(91)) - Pipeline Placement: Doesn't meet the criteria to be viable node： 42fc6e92-fcdd-4827-b621-9fc58a3d2315 Heaviness: 6 limit: 5
2019-09-20 04:48:53,406 [RatisPipelineUtilsThread] INFO  pipeline.PipelinePlacementPolicy (PipelinePlacementPolicy.java:meetCriteria(91)) - Pipeline Placement: Doesn't meet the criteria to be viable node： 1d91ad97-6666-4ee7-855a-8b5e944e7401 Heaviness: 6 limit: 5
2019-09-20 04:48:53,407 [RatisPipelineUtilsThread] INFO  pipeline.PipelinePlacementPolicy (PipelinePlacementPolicy.java:meetCriteria(91)) - Pipeline Placement: Doesn't meet the criteria to be viable node： 2d6465ef-cffa-473a-a4c6-a9aa3f1a26c0 Heaviness: 6 limit: 5
2019-09-20 04:48:53,407 [RatisPipelineUtilsThread] INFO  pipeline.PipelinePlacementPolicy (PipelinePlacementPolicy.java:meetCriteria(91)) - Pipeline Placement: Doesn't meet the criteria to be viable node： 2702b462-69d8-4c1b-aae1-091a21fe08b8 Heaviness: 6 limit: 5
2019-09-20 04:48:53,417 [Thread-332] INFO  impl.FollowerState (FollowerState.java:run(106)) - ea71b9af-1075-4196-9693-aa14e10f536d:group-A865C5B6E9F6 changes to CANDIDATE, lastRpcTime:1101, electionTimeout:1101ms
2019-09-20 04:48:53,417 [Thread-332] INFO  impl.RoleInfo (RoleInfo.java:shutdownFollowerState(121)) - ea71b9af-1075-4196-9693-aa14e10f536d: shutdown FollowerState
2019-09-20 04:48:53,417 [Thread-332] INFO  impl.RaftServerImpl (RaftServerImpl.java:setRole(171)) - ea71b9af-1075-4196-9693-aa14e10f536d:group-A865C5B6E9F6 changes role from FOLLOWER to CANDIDATE at term 0 for changeToCandidate
2019-09-20 04:48:53,417 [grpc-default-executor-0] INFO  impl.RaftServerProxy (RaftServerProxy.java:addNew(89)) - eaf3ecbe-c3b1-4969-ad3a-e4de7fb04f81: addNew group-A7599BC117D0:[eaf3ecbe-c3b1-4969-ad3a-e4de7fb04f81:192.168.36.79:35924] returns group-A7599BC117D0:java.util.concurrent.CompletableFuture@73971e34[Not completed]
2019-09-20 04:48:53,417 [Thread-332] INFO  impl.RoleInfo (RoleInfo.java:updateAndGet(143)) - ea71b9af-1075-4196-9693-aa14e10f536d: start LeaderElection
2019-09-20 04:48:53,421 [pool-82-thread-1] INFO  impl.RaftServerImpl (RaftServerImpl.java:<init>(93)) - eaf3ecbe-c3b1-4969-ad3a-e4de7fb04f81: new RaftServerImpl for group-A7599BC117D0:[eaf3ecbe-c3b1-4969-ad3a-e4de7fb04f81:192.168.36.79:35924] with ContainerStateMachine:uninitialized
2019-09-20 04:48:53,421 [pool-82-thread-1] INFO  server.RaftServerConfigKeys (ConfUtils.java:logGet(43)) - raft.server.rpc.timeout.min = 1s (custom)
2019-09-20 04:48:53,422 [pool-82-thread-1] INFO  server.RaftServerConfigKeys (ConfUtils.java:logGet(43)) - raft.server.rpc.timeout.max = 1200ms (custom)
2019-09-20 04:48:53,422 [pool-82-thread-1] INFO  server.RaftServerConfigKeys (ConfUtils.java:logGet(43)) - raft.server.rpcslowness.timeout = 120s (custom)
2019-09-20 04:48:53,422 [pool-82-thread-1] INFO  server.RaftServerConfigKeys (ConfUtils.java:logGet(43)) - raft.server.sleep.deviation.threshold = 300 (default)
2019-09-20 04:48:53,422 [pool-82-thread-1] INFO  server.RaftServerConfigKeys (ConfUtils.java:logGet(43)) - raft.server.log.appender.install.snapshot.enabled = false (custom)
2019-09-20 04:48:53,422 [pool-82-thread-1] INFO  impl.RaftServerImpl (ServerState.java:<init>(105)) - eaf3ecbe-c3b1-4969-ad3a-e4de7fb04f81:group-A7599BC117D0 ConfigurationManager, init=-1: [eaf3ecbe-c3b1-4969-ad3a-e4de7fb04f81:192.168.36.79:35924], old=null, confs=<EMPTY_MAP>
2019-09-20 04:48:53,423 [pool-82-thread-1] INFO  server.RaftServerConfigKeys (ConfUtils.java:logGet(43)) - raft.server.storage.dir = [/workdir/hadoop-ozone/integration-test/target/test-dir/MiniOzoneClusterImpl-c00aaa5b-d63b-4769-9462-6a4c88d2a8bf/datanode-5/data/ratis] (custom)
2019-09-20 04:48:53,423 [pool-82-thread-1] INFO  storage.RaftStorageDirectory (RaftStorageDirectory.java:analyzeStorage(246)) - The storage directory /workdir/hadoop-ozone/integration-test/target/test-dir/MiniOzoneClusterImpl-c00aaa5b-d63b-4769-9462-6a4c88d2a8bf/datanode-5/data/ratis/3b054cc3-9fa9-4e5a-abbb-a7599bc117d0 does not exist. Creating ...
2019-09-20 04:48:53,445 [ea71b9af-1075-4196-9693-aa14e10f536d:group-A865C5B6E9F6:LeaderElection23] INFO  impl.LeaderElection (LeaderElection.java:askForVotes(181)) - ea71b9af-1075-4196-9693-aa14e10f536d:group-A865C5B6E9F6:LeaderElection23: begin an election at term 1 for -1: [ea71b9af-1075-4196-9693-aa14e10f536d:192.168.36.79:41553], old=null
2019-09-20 04:48:53,445 [ea71b9af-1075-4196-9693-aa14e10f536d:group-A865C5B6E9F6:LeaderElection23] INFO  impl.RoleInfo (RoleInfo.java:shutdownLeaderElection(134)) - ea71b9af-1075-4196-9693-aa14e10f536d: shutdown LeaderElection
2019-09-20 04:48:53,445 [ea71b9af-1075-4196-9693-aa14e10f536d:group-A865C5B6E9F6:LeaderElection23] INFO  impl.RaftServerImpl (RaftServerImpl.java:setRole(171)) - ea71b9af-1075-4196-9693-aa14e10f536d:group-A865C5B6E9F6 changes role from CANDIDATE to LEADER at term 1 for changeToLeader
2019-09-20 04:48:53,445 [ea71b9af-1075-4196-9693-aa14e10f536d:group-A865C5B6E9F6:LeaderElection23] INFO  impl.RaftServerImpl (ServerState.java:setLeader(263)) - ea71b9af-1075-4196-9693-aa14e10f536d:group-A865C5B6E9F6 change Leader from null to ea71b9af-1075-4196-9693-aa14e10f536d at term 1 for becomeLeader, leader elected after 1179ms
2019-09-20 04:48:53,446 [ea71b9af-1075-4196-9693-aa14e10f536d:group-A865C5B6E9F6:LeaderElection23] INFO  server.RaftServerConfigKeys (ConfUtils.java:logGet(43)) - raft.server.staging.catchup.gap = 1000 (default)
2019-09-20 04:48:53,446 [ea71b9af-1075-4196-9693-aa14e10f536d:group-A865C5B6E9F6:LeaderElection23] INFO  server.RaftServerConfigKeys (ConfUtils.java:logGet(43)) - raft.server.rpc.sleep.time = 25ms (default)
2019-09-20 04:48:53,446 [ea71b9af-1075-4196-9693-aa14e10f536d:group-A865C5B6E9F6:LeaderElection23] INFO  server.RaftServerConfigKeys (ConfUtils.java:logGet(43)) - raft.server.write.element-limit = 4096 (default)
2019-09-20 04:48:53,446 [ea71b9af-1075-4196-9693-aa14e10f536d:group-A865C5B6E9F6:LeaderElection23] INFO  server.RaftServerConfigKeys (ConfUtils.java:logGet(43)) - raft.server.watch.timeout = 10s (default)
2019-09-20 04:48:53,446 [ea71b9af-1075-4196-9693-aa14e10f536d:group-A865C5B6E9F6:LeaderElection23] INFO  server.RaftServerConfigKeys (ConfUtils.java:logGet(43)) - raft.server.watch.timeout.denomination = 1s (default)
2019-09-20 04:48:53,446 [ea71b9af-1075-4196-9693-aa14e10f536d:group-A865C5B6E9F6:LeaderElection23] INFO  server.RaftServerConfigKeys (ConfUtils.java:logGet(43)) - raft.server.watch.element-limit = 65536 (default)
2019-09-20 04:48:53,447 [ea71b9af-1075-4196-9693-aa14e10f536d:group-A865C5B6E9F6:LeaderElection23] INFO  impl.RoleInfo (RoleInfo.java:updateAndGet(143)) - ea71b9af-1075-4196-9693-aa14e10f536d: start LeaderState
2019-09-20 04:48:53,447 [ea71b9af-1075-4196-9693-aa14e10f536d:group-A865C5B6E9F6:LeaderElection23] INFO  segmented.SegmentedRaftLogWorker (SegmentedRaftLogWorker.java:startLogSegment(380)) - ea71b9af-1075-4196-9693-aa14e10f536d-SegmentedRaftLogWorker:Storage Directory /workdir/hadoop-ozone/integration-test/target/test-dir/MiniOzoneClusterImpl-c00aaa5b-d63b-4769-9462-6a4c88d2a8bf/datanode-0/data/ratis/3a175501-87f1-4253-8811-a865c5b6e9f6: Starting segment from index:0
2019-09-20 04:48:53,447 [ea71b9af-1075-4196-9693-aa14e10f536d:group-A865C5B6E9F6:LeaderElection23] INFO  impl.RaftServerImpl (ServerState.java:setRaftConf(361)) - ea71b9af-1075-4196-9693-aa14e10f536d:group-A865C5B6E9F6 set configuration 0: [ea71b9af-1075-4196-9693-aa14e10f536d:192.168.36.79:41553], old=null at 0
2019-09-20 04:48:53,477 [pool-82-thread-1] INFO  storage.RaftStorageDirectory (RaftStorageDirectory.java:tryLock(328)) - Lock on /workdir/hadoop-ozone/integration-test/target/test-dir/MiniOzoneClusterImpl-c00aaa5b-d63b-4769-9462-6a4c88d2a8bf/datanode-5/data/ratis/3b054cc3-9fa9-4e5a-abbb-a7599bc117d0/in_use.lock acquired by nodename 9457@pr-hdds-1569-s8kj2-2266485376
2019-09-20 04:48:53,521 [ea71b9af-1075-4196-9693-aa14e10f536d-SegmentedRaftLogWorker:Storage Directory /workdir/hadoop-ozone/integration-test/target/test-dir/MiniOzoneClusterImpl-c00aaa5b-d63b-4769-9462-6a4c88d2a8bf/datanode-0/data/ratis/3a175501-87f1-4253-8811-a865c5b6e9f6] INFO  segmented.SegmentedRaftLogWorker (SegmentedRaftLogWorker.java:execute(569)) - ea71b9af-1075-4196-9693-aa14e10f536d-SegmentedRaftLogWorker:Storage Directory /workdir/hadoop-ozone/integration-test/target/test-dir/MiniOzoneClusterImpl-c00aaa5b-d63b-4769-9462-6a4c88d2a8bf/datanode-0/data/ratis/3a175501-87f1-4253-8811-a865c5b6e9f6: created new log segment /workdir/hadoop-ozone/integration-test/target/test-dir/MiniOzoneClusterImpl-c00aaa5b-d63b-4769-9462-6a4c88d2a8bf/datanode-0/data/ratis/3a175501-87f1-4253-8811-a865c5b6e9f6/current/log_inprogress_0
2019-09-20 04:48:53,521 [pool-82-thread-1] INFO  storage.RaftStorage (RaftStorage.java:format(72)) - Storage directory /workdir/hadoop-ozone/integration-test/target/test-dir/MiniOzoneClusterImpl-c00aaa5b-d63b-4769-9462-6a4c88d2a8bf/datanode-5/data/ratis/3b054cc3-9fa9-4e5a-abbb-a7599bc117d0 has been successfully formatted.
2019-09-20 04:48:53,521 [pool-82-thread-1] INFO  ratis.ContainerStateMachine (ContainerStateMachine.java:loadSnapshot(226)) - group-A7599BC117D0: The snapshot info is null. Setting the last applied indexto:(t:0, i:~)
2019-09-20 04:48:53,521 [pool-82-thread-1] INFO  server.RaftServerConfigKeys (ConfUtils.java:logGet(43)) - raft.server.leader.election.timeout = 120s (custom)
2019-09-20 04:48:53,522 [pool-82-thread-1] INFO  server.RaftServerConfigKeys (ConfUtils.java:logGet(43)) - raft.server.log.use.memory = false (default)
2019-09-20 04:48:53,522 [pool-82-thread-1] INFO  server.RaftServerConfigKeys (ConfUtils.java:logGet(43)) - raft.server.log.purge.gap = 1000000 (custom)
2019-09-20 04:48:53,522 [pool-82-thread-1] INFO  server.RaftServerConfigKeys (ConfUtils.java:logGet(43)) - raft.server.log.appender.buffer.byte-limit = 33554432 (custom)
2019-09-20 04:48:53,522 [pool-82-thread-1] INFO  server.RaftServerConfigKeys (ConfUtils.java:logGet(43)) - raft.server.log.segment.size.max = 1048576 (custom)
2019-09-20 04:48:53,522 [pool-82-thread-1] INFO  server.RaftServerConfigKeys (ConfUtils.java:logGet(43)) - raft.server.log.segment.cache.num.max = 2 (custom)
2019-09-20 04:48:53,523 [pool-82-thread-1] INFO  segmented.SegmentedRaftLogWorker (SegmentedRaftLogWorker.java:<init>(172)) - new eaf3ecbe-c3b1-4969-ad3a-e4de7fb04f81-SegmentedRaftLogWorker:Storage Directory /workdir/hadoop-ozone/integration-test/target/test-dir/MiniOzoneClusterImpl-c00aaa5b-d63b-4769-9462-6a4c88d2a8bf/datanode-5/data/ratis/3b054cc3-9fa9-4e5a-abbb-a7599bc117d0 for RaftStorage:Storage Directory /workdir/hadoop-ozone/integration-test/target/test-dir/MiniOzoneClusterImpl-c00aaa5b-d63b-4769-9462-6a4c88d2a8bf/datanode-5/data/ratis/3b054cc3-9fa9-4e5a-abbb-a7599bc117d0
2019-09-20 04:48:53,523 [pool-82-thread-1] INFO  server.RaftServerConfigKeys (ConfUtils.java:logGet(43)) - raft.server.log.queue.byte-limit = 2147483647 (custom)
2019-09-20 04:48:53,523 [pool-82-thread-1] INFO  server.RaftServerConfigKeys (ConfUtils.java:logGet(43)) - raft.server.log.queue.element-limit = 1024 (custom)
2019-09-20 04:48:53,523 [pool-82-thread-1] INFO  server.RaftServerConfigKeys (ConfUtils.java:logGet(43)) - raft.server.log.segment.size.max = 1048576 (custom)
2019-09-20 04:48:53,524 [pool-82-thread-1] INFO  server.RaftServerConfigKeys (ConfUtils.java:logGet(43)) - raft.server.log.preallocated.size = 16384 (custom)
2019-09-20 04:48:53,524 [pool-82-thread-1] INFO  server.RaftServerConfigKeys (ConfUtils.java:logGet(43)) - raft.server.log.write.buffer.size = 33554432 (custom)
2019-09-20 04:48:53,524 [pool-82-thread-1] INFO  server.RaftServerConfigKeys (ConfUtils.java:logGet(43)) - raft.server.log.force.sync.num = 128 (default)
2019-09-20 04:48:53,524 [pool-82-thread-1] INFO  server.RaftServerConfigKeys (ConfUtils.java:logGet(43)) - raft.server.log.statemachine.data.sync = true (default)
2019-09-20 04:48:53,524 [pool-82-thread-1] INFO  server.RaftServerConfigKeys (ConfUtils.java:logGet(43)) - raft.server.log.statemachine.data.sync.timeout = 10s (default)
2019-09-20 04:48:53,524 [pool-82-thread-1] INFO  server.RaftServerConfigKeys (ConfUtils.java:logGet(43)) - raft.server.log.statemachine.data.sync.timeout.retry = -1 (default)
2019-09-20 04:48:53,525 [pool-82-thread-1] INFO  server.RaftServerConfigKeys (ConfUtils.java:logGet(43)) - raft.server.log.statemachine.data.caching.enabled = true (custom)
2019-09-20 04:48:53,525 [pool-82-thread-1] INFO  segmented.SegmentedRaftLogWorker (SegmentedRaftLogWorker.java:lambda$new$0(132)) - eaf3ecbe-c3b1-4969-ad3a-e4de7fb04f81-SegmentedRaftLogWorker:Storage Directory /workdir/hadoop-ozone/integration-test/target/test-dir/MiniOzoneClusterImpl-c00aaa5b-d63b-4769-9462-6a4c88d2a8bf/datanode-5/data/ratis/3b054cc3-9fa9-4e5a-abbb-a7599bc117d0: flushIndex: setUnconditionally 0 -> -1
2019-09-20 04:48:53,525 [pool-82-thread-1] INFO  server.RaftServerConfigKeys (ConfUtils.java:logGet(43)) - raft.server.snapshot.auto.trigger.enabled = true (custom)
2019-09-20 04:48:53,526 [pool-82-thread-1] INFO  server.RaftServerConfigKeys (ConfUtils.java:logGet(43)) - raft.server.snapshot.auto.trigger.threshold = 10000 (custom)
2019-09-20 04:48:53,526 [pool-82-thread-1] INFO  server.RaftServerConfigKeys (ConfUtils.java:logGet(43)) - raft.server.retrycache.expirytime = 600000ms (custom)
2019-09-20 04:48:53,526 [pool-82-thread-1] INFO  impl.RaftServerImpl (RaftServerImpl.java:start(180)) - eaf3ecbe-c3b1-4969-ad3a-e4de7fb04f81: start group-A7599BC117D0
2019-09-20 04:48:53,526 [pool-82-thread-1] INFO  impl.RaftServerImpl (RaftServerImpl.java:setRole(171)) - eaf3ecbe-c3b1-4969-ad3a-e4de7fb04f81:group-A7599BC117D0 changes role from null to FOLLOWER at term 0 for startAsFollower
2019-09-20 04:48:53,527 [pool-82-thread-1] INFO  impl.RoleInfo (RoleInfo.java:updateAndGet(143)) - eaf3ecbe-c3b1-4969-ad3a-e4de7fb04f81: start FollowerState
2019-09-20 04:48:53,527 [pool-82-thread-1] INFO  util.JmxRegister (JmxRegister.java:tryRegister(44)) - Successfully registered JMX Bean with object name Ratis:service=RaftServer,group=group-A7599BC117D0,id=eaf3ecbe-c3b1-4969-ad3a-e4de7fb04f81
2019-09-20 04:48:53,533 [RatisPipelineUtilsThread] INFO  pipeline.PipelineStateManager (PipelineStateManager.java:addPipeline(56)) - Created pipeline Pipeline[ Id: 3b054cc3-9fa9-4e5a-abbb-a7599bc117d0, Nodes: eaf3ecbe-c3b1-4969-ad3a-e4de7fb04f81{ip: 192.168.36.79, host: pr-hdds-1569-s8kj2-2266485376, networkLocation: /default-rack, certSerialId: null}, Type:RATIS, Factor:ONE, State:OPEN]
2019-09-20 04:48:53,534 [RatisPipelineUtilsThread] INFO  pipeline.PipelinePlacementPolicy (PipelinePlacementPolicy.java:meetCriteria(91)) - Pipeline Placement: Doesn't meet the criteria to be viable node： ea71b9af-1075-4196-9693-aa14e10f536d Heaviness: 6 limit: 5
2019-09-20 04:48:53,534 [RatisPipelineUtilsThread] INFO  pipeline.PipelinePlacementPolicy (PipelinePlacementPolicy.java:meetCriteria(91)) - Pipeline Placement: Doesn't meet the criteria to be viable node： 42fc6e92-fcdd-4827-b621-9fc58a3d2315 Heaviness: 6 limit: 5
2019-09-20 04:48:53,534 [RatisPipelineUtilsThread] INFO  pipeline.PipelinePlacementPolicy (PipelinePlacementPolicy.java:meetCriteria(91)) - Pipeline Placement: Doesn't meet the criteria to be viable node： 1d91ad97-6666-4ee7-855a-8b5e944e7401 Heaviness: 6 limit: 5
2019-09-20 04:48:53,534 [RatisPipelineUtilsThread] INFO  pipeline.PipelinePlacementPolicy (PipelinePlacementPolicy.java:meetCriteria(91)) - Pipeline Placement: Doesn't meet the criteria to be viable node： 2d6465ef-cffa-473a-a4c6-a9aa3f1a26c0 Heaviness: 6 limit: 5
2019-09-20 04:48:53,534 [RatisPipelineUtilsThread] INFO  pipeline.PipelinePlacementPolicy (PipelinePlacementPolicy.java:meetCriteria(91)) - Pipeline Placement: Doesn't meet the criteria to be viable node： 2702b462-69d8-4c1b-aae1-091a21fe08b8 Heaviness: 6 limit: 5
2019-09-20 04:48:53,544 [grpc-default-executor-0] INFO  impl.RaftServerProxy (RaftServerProxy.java:addNew(89)) - eaf3ecbe-c3b1-4969-ad3a-e4de7fb04f81: addNew group-23802CDCA1BC:[eaf3ecbe-c3b1-4969-ad3a-e4de7fb04f81:192.168.36.79:35924] returns group-23802CDCA1BC:java.util.concurrent.CompletableFuture@4bf0afd4[Not completed]
2019-09-20 04:48:53,546 [pool-82-thread-1] INFO  impl.RaftServerImpl (RaftServerImpl.java:<init>(93)) - eaf3ecbe-c3b1-4969-ad3a-e4de7fb04f81: new RaftServerImpl for group-23802CDCA1BC:[eaf3ecbe-c3b1-4969-ad3a-e4de7fb04f81:192.168.36.79:35924] with ContainerStateMachine:uninitialized
2019-09-20 04:48:53,546 [pool-82-thread-1] INFO  server.RaftServerConfigKeys (ConfUtils.java:logGet(43)) - raft.server.rpc.timeout.min = 1s (custom)
2019-09-20 04:48:53,546 [pool-82-thread-1] INFO  server.RaftServerConfigKeys (ConfUtils.java:logGet(43)) - raft.server.rpc.timeout.max = 1200ms (custom)
2019-09-20 04:48:53,547 [pool-82-thread-1] INFO  server.RaftServerConfigKeys (ConfUtils.java:logGet(43)) - raft.server.rpcslowness.timeout = 120s (custom)
2019-09-20 04:48:53,547 [pool-82-thread-1] INFO  server.RaftServerConfigKeys (ConfUtils.java:logGet(43)) - raft.server.sleep.deviation.threshold = 300 (default)
2019-09-20 04:48:53,547 [pool-82-thread-1] INFO  server.RaftServerConfigKeys (ConfUtils.java:logGet(43)) - raft.server.log.appender.install.snapshot.enabled = false (custom)
2019-09-20 04:48:53,547 [pool-82-thread-1] INFO  impl.RaftServerImpl (ServerState.java:<init>(105)) - eaf3ecbe-c3b1-4969-ad3a-e4de7fb04f81:group-23802CDCA1BC ConfigurationManager, init=-1: [eaf3ecbe-c3b1-4969-ad3a-e4de7fb04f81:192.168.36.79:35924], old=null, confs=<EMPTY_MAP>
2019-09-20 04:48:53,547 [pool-82-thread-1] INFO  server.RaftServerConfigKeys (ConfUtils.java:logGet(43)) - raft.server.storage.dir = [/workdir/hadoop-ozone/integration-test/target/test-dir/MiniOzoneClusterImpl-c00aaa5b-d63b-4769-9462-6a4c88d2a8bf/datanode-5/data/ratis] (custom)
2019-09-20 04:48:53,548 [pool-82-thread-1] INFO  storage.RaftStorageDirectory (RaftStorageDirectory.java:analyzeStorage(246)) - The storage directory /workdir/hadoop-ozone/integration-test/target/test-dir/MiniOzoneClusterImpl-c00aaa5b-d63b-4769-9462-6a4c88d2a8bf/datanode-5/data/ratis/d5a2673f-3cbe-40cf-814d-23802cdca1bc does not exist. Creating ...
2019-09-20 04:48:53,571 [pool-82-thread-1] INFO  storage.RaftStorageDirectory (RaftStorageDirectory.java:tryLock(328)) - Lock on /workdir/hadoop-ozone/integration-test/target/test-dir/MiniOzoneClusterImpl-c00aaa5b-d63b-4769-9462-6a4c88d2a8bf/datanode-5/data/ratis/d5a2673f-3cbe-40cf-814d-23802cdca1bc/in_use.lock acquired by nodename 9457@pr-hdds-1569-s8kj2-2266485376
2019-09-20 04:48:53,590 [Thread-336] INFO  impl.FollowerState (FollowerState.java:run(106)) - 2702b462-69d8-4c1b-aae1-091a21fe08b8:group-9BB83BEFD318 changes to CANDIDATE, lastRpcTime:1186, electionTimeout:1186ms
2019-09-20 04:48:53,590 [Thread-336] INFO  impl.RoleInfo (RoleInfo.java:shutdownFollowerState(121)) - 2702b462-69d8-4c1b-aae1-091a21fe08b8: shutdown FollowerState
2019-09-20 04:48:53,590 [Thread-336] INFO  impl.RaftServerImpl (RaftServerImpl.java:setRole(171)) - 2702b462-69d8-4c1b-aae1-091a21fe08b8:group-9BB83BEFD318 changes role from FOLLOWER to CANDIDATE at term 0 for changeToCandidate
2019-09-20 04:48:53,591 [Thread-336] INFO  impl.RoleInfo (RoleInfo.java:updateAndGet(143)) - 2702b462-69d8-4c1b-aae1-091a21fe08b8: start LeaderElection
2019-09-20 04:48:53,596 [pool-82-thread-1] INFO  storage.RaftStorage (RaftStorage.java:format(72)) - Storage directory /workdir/hadoop-ozone/integration-test/target/test-dir/MiniOzoneClusterImpl-c00aaa5b-d63b-4769-9462-6a4c88d2a8bf/datanode-5/data/ratis/d5a2673f-3cbe-40cf-814d-23802cdca1bc has been successfully formatted.
2019-09-20 04:48:53,597 [pool-82-thread-1] INFO  ratis.ContainerStateMachine (ContainerStateMachine.java:loadSnapshot(226)) - group-23802CDCA1BC: The snapshot info is null. Setting the last applied indexto:(t:0, i:~)
2019-09-20 04:48:53,597 [pool-82-thread-1] INFO  server.RaftServerConfigKeys (ConfUtils.java:logGet(43)) - raft.server.leader.election.timeout = 120s (custom)
2019-09-20 04:48:53,597 [pool-82-thread-1] INFO  server.RaftServerConfigKeys (ConfUtils.java:logGet(43)) - raft.server.log.use.memory = false (default)
2019-09-20 04:48:53,597 [pool-82-thread-1] INFO  server.RaftServerConfigKeys (ConfUtils.java:logGet(43)) - raft.server.log.purge.gap = 1000000 (custom)
2019-09-20 04:48:53,598 [pool-82-thread-1] INFO  server.RaftServerConfigKeys (ConfUtils.java:logGet(43)) - raft.server.log.appender.buffer.byte-limit = 33554432 (custom)
2019-09-20 04:48:53,598 [pool-82-thread-1] INFO  server.RaftServerConfigKeys (ConfUtils.java:logGet(43)) - raft.server.log.segment.size.max = 1048576 (custom)
2019-09-20 04:48:53,598 [pool-82-thread-1] INFO  server.RaftServerConfigKeys (ConfUtils.java:logGet(43)) - raft.server.log.segment.cache.num.max = 2 (custom)
2019-09-20 04:48:53,598 [pool-82-thread-1] INFO  segmented.SegmentedRaftLogWorker (SegmentedRaftLogWorker.java:<init>(172)) - new eaf3ecbe-c3b1-4969-ad3a-e4de7fb04f81-SegmentedRaftLogWorker:Storage Directory /workdir/hadoop-ozone/integration-test/target/test-dir/MiniOzoneClusterImpl-c00aaa5b-d63b-4769-9462-6a4c88d2a8bf/datanode-5/data/ratis/d5a2673f-3cbe-40cf-814d-23802cdca1bc for RaftStorage:Storage Directory /workdir/hadoop-ozone/integration-test/target/test-dir/MiniOzoneClusterImpl-c00aaa5b-d63b-4769-9462-6a4c88d2a8bf/datanode-5/data/ratis/d5a2673f-3cbe-40cf-814d-23802cdca1bc
2019-09-20 04:48:53,598 [pool-82-thread-1] INFO  server.RaftServerConfigKeys (ConfUtils.java:logGet(43)) - raft.server.log.queue.byte-limit = 2147483647 (custom)
2019-09-20 04:48:53,598 [pool-82-thread-1] INFO  server.RaftServerConfigKeys (ConfUtils.java:logGet(43)) - raft.server.log.queue.element-limit = 1024 (custom)
2019-09-20 04:48:53,599 [pool-82-thread-1] INFO  server.RaftServerConfigKeys (ConfUtils.java:logGet(43)) - raft.server.log.segment.size.max = 1048576 (custom)
2019-09-20 04:48:53,599 [pool-82-thread-1] INFO  server.RaftServerConfigKeys (ConfUtils.java:logGet(43)) - raft.server.log.preallocated.size = 16384 (custom)
2019-09-20 04:48:53,599 [pool-82-thread-1] INFO  server.RaftServerConfigKeys (ConfUtils.java:logGet(43)) - raft.server.log.write.buffer.size = 33554432 (custom)
2019-09-20 04:48:53,599 [pool-82-thread-1] INFO  server.RaftServerConfigKeys (ConfUtils.java:logGet(43)) - raft.server.log.force.sync.num = 128 (default)
2019-09-20 04:48:53,599 [pool-82-thread-1] INFO  server.RaftServerConfigKeys (ConfUtils.java:logGet(43)) - raft.server.log.statemachine.data.sync = true (default)
2019-09-20 04:48:53,599 [pool-82-thread-1] INFO  server.RaftServerConfigKeys (ConfUtils.java:logGet(43)) - raft.server.log.statemachine.data.sync.timeout = 10s (default)
2019-09-20 04:48:53,600 [pool-82-thread-1] INFO  server.RaftServerConfigKeys (ConfUtils.java:logGet(43)) - raft.server.log.statemachine.data.sync.timeout.retry = -1 (default)
2019-09-20 04:48:53,600 [pool-82-thread-1] INFO  server.RaftServerConfigKeys (ConfUtils.java:logGet(43)) - raft.server.log.statemachine.data.caching.enabled = true (custom)
2019-09-20 04:48:53,605 [pool-82-thread-1] INFO  segmented.SegmentedRaftLogWorker (SegmentedRaftLogWorker.java:lambda$new$0(132)) - eaf3ecbe-c3b1-4969-ad3a-e4de7fb04f81-SegmentedRaftLogWorker:Storage Directory /workdir/hadoop-ozone/integration-test/target/test-dir/MiniOzoneClusterImpl-c00aaa5b-d63b-4769-9462-6a4c88d2a8bf/datanode-5/data/ratis/d5a2673f-3cbe-40cf-814d-23802cdca1bc: flushIndex: setUnconditionally 0 -> -1
2019-09-20 04:48:53,606 [pool-82-thread-1] INFO  server.RaftServerConfigKeys (ConfUtils.java:logGet(43)) - raft.server.snapshot.auto.trigger.enabled = true (custom)
2019-09-20 04:48:53,606 [pool-82-thread-1] INFO  server.RaftServerConfigKeys (ConfUtils.java:logGet(43)) - raft.server.snapshot.auto.trigger.threshold = 10000 (custom)
2019-09-20 04:48:53,606 [pool-82-thread-1] INFO  server.RaftServerConfigKeys (ConfUtils.java:logGet(43)) - raft.server.retrycache.expirytime = 600000ms (custom)
2019-09-20 04:48:53,606 [pool-82-thread-1] INFO  impl.RaftServerImpl (RaftServerImpl.java:start(180)) - eaf3ecbe-c3b1-4969-ad3a-e4de7fb04f81: start group-23802CDCA1BC
2019-09-20 04:48:53,606 [pool-82-thread-1] INFO  impl.RaftServerImpl (RaftServerImpl.java:setRole(171)) - eaf3ecbe-c3b1-4969-ad3a-e4de7fb04f81:group-23802CDCA1BC changes role from null to FOLLOWER at term 0 for startAsFollower
2019-09-20 04:48:53,607 [pool-82-thread-1] INFO  impl.RoleInfo (RoleInfo.java:updateAndGet(143)) - eaf3ecbe-c3b1-4969-ad3a-e4de7fb04f81: start FollowerState
2019-09-20 04:48:53,607 [pool-82-thread-1] INFO  util.JmxRegister (JmxRegister.java:tryRegister(44)) - Successfully registered JMX Bean with object name Ratis:service=RaftServer,group=group-23802CDCA1BC,id=eaf3ecbe-c3b1-4969-ad3a-e4de7fb04f81
2019-09-20 04:48:53,613 [RatisPipelineUtilsThread] INFO  pipeline.PipelineStateManager (PipelineStateManager.java:addPipeline(56)) - Created pipeline Pipeline[ Id: d5a2673f-3cbe-40cf-814d-23802cdca1bc, Nodes: eaf3ecbe-c3b1-4969-ad3a-e4de7fb04f81{ip: 192.168.36.79, host: pr-hdds-1569-s8kj2-2266485376, networkLocation: /default-rack, certSerialId: null}, Type:RATIS, Factor:ONE, State:OPEN]
2019-09-20 04:48:53,613 [RatisPipelineUtilsThread] INFO  pipeline.PipelinePlacementPolicy (PipelinePlacementPolicy.java:meetCriteria(91)) - Pipeline Placement: Doesn't meet the criteria to be viable node： ea71b9af-1075-4196-9693-aa14e10f536d Heaviness: 6 limit: 5
2019-09-20 04:48:53,613 [RatisPipelineUtilsThread] INFO  pipeline.PipelinePlacementPolicy (PipelinePlacementPolicy.java:meetCriteria(91)) - Pipeline Placement: Doesn't meet the criteria to be viable node： 42fc6e92-fcdd-4827-b621-9fc58a3d2315 Heaviness: 6 limit: 5
2019-09-20 04:48:53,613 [2702b462-69d8-4c1b-aae1-091a21fe08b8:group-9BB83BEFD318:LeaderElection24] INFO  impl.LeaderElection (LeaderElection.java:askForVotes(181)) - 2702b462-69d8-4c1b-aae1-091a21fe08b8:group-9BB83BEFD318:LeaderElection24: begin an election at term 1 for -1: [2702b462-69d8-4c1b-aae1-091a21fe08b8:192.168.36.79:42637], old=null
2019-09-20 04:48:53,614 [RatisPipelineUtilsThread] INFO  pipeline.PipelinePlacementPolicy (PipelinePlacementPolicy.java:meetCriteria(91)) - Pipeline Placement: Doesn't meet the criteria to be viable node： 1d91ad97-6666-4ee7-855a-8b5e944e7401 Heaviness: 6 limit: 5
2019-09-20 04:48:53,614 [2702b462-69d8-4c1b-aae1-091a21fe08b8:group-9BB83BEFD318:LeaderElection24] INFO  impl.RoleInfo (RoleInfo.java:shutdownLeaderElection(134)) - 2702b462-69d8-4c1b-aae1-091a21fe08b8: shutdown LeaderElection
2019-09-20 04:48:53,614 [RatisPipelineUtilsThread] INFO  pipeline.PipelinePlacementPolicy (PipelinePlacementPolicy.java:meetCriteria(91)) - Pipeline Placement: Doesn't meet the criteria to be viable node： 2d6465ef-cffa-473a-a4c6-a9aa3f1a26c0 Heaviness: 6 limit: 5
2019-09-20 04:48:53,614 [2702b462-69d8-4c1b-aae1-091a21fe08b8:group-9BB83BEFD318:LeaderElection24] INFO  impl.RaftServerImpl (RaftServerImpl.java:setRole(171)) - 2702b462-69d8-4c1b-aae1-091a21fe08b8:group-9BB83BEFD318 changes role from CANDIDATE to LEADER at term 1 for changeToLeader
2019-09-20 04:48:53,615 [RatisPipelineUtilsThread] INFO  pipeline.PipelinePlacementPolicy (PipelinePlacementPolicy.java:meetCriteria(91)) - Pipeline Placement: Doesn't meet the criteria to be viable node： 2702b462-69d8-4c1b-aae1-091a21fe08b8 Heaviness: 6 limit: 5
2019-09-20 04:48:53,615 [2702b462-69d8-4c1b-aae1-091a21fe08b8:group-9BB83BEFD318:LeaderElection24] INFO  impl.RaftServerImpl (ServerState.java:setLeader(263)) - 2702b462-69d8-4c1b-aae1-091a21fe08b8:group-9BB83BEFD318 change Leader from null to 2702b462-69d8-4c1b-aae1-091a21fe08b8 at term 1 for becomeLeader, leader elected after 1215ms
2019-09-20 04:48:53,615 [2702b462-69d8-4c1b-aae1-091a21fe08b8:group-9BB83BEFD318:LeaderElection24] INFO  server.RaftServerConfigKeys (ConfUtils.java:logGet(43)) - raft.server.staging.catchup.gap = 1000 (default)
2019-09-20 04:48:53,616 [2702b462-69d8-4c1b-aae1-091a21fe08b8:group-9BB83BEFD318:LeaderElection24] INFO  server.RaftServerConfigKeys (ConfUtils.java:logGet(43)) - raft.server.rpc.sleep.time = 25ms (default)
2019-09-20 04:48:53,616 [2702b462-69d8-4c1b-aae1-091a21fe08b8:group-9BB83BEFD318:LeaderElection24] INFO  server.RaftServerConfigKeys (ConfUtils.java:logGet(43)) - raft.server.write.element-limit = 4096 (default)
2019-09-20 04:48:53,616 [2702b462-69d8-4c1b-aae1-091a21fe08b8:group-9BB83BEFD318:LeaderElection24] INFO  server.RaftServerConfigKeys (ConfUtils.java:logGet(43)) - raft.server.watch.timeout = 10s (default)
2019-09-20 04:48:53,616 [2702b462-69d8-4c1b-aae1-091a21fe08b8:group-9BB83BEFD318:LeaderElection24] INFO  server.RaftServerConfigKeys (ConfUtils.java:logGet(43)) - raft.server.watch.timeout.denomination = 1s (default)
2019-09-20 04:48:53,616 [2702b462-69d8-4c1b-aae1-091a21fe08b8:group-9BB83BEFD318:LeaderElection24] INFO  server.RaftServerConfigKeys (ConfUtils.java:logGet(43)) - raft.server.watch.element-limit = 65536 (default)
2019-09-20 04:48:53,617 [2702b462-69d8-4c1b-aae1-091a21fe08b8:group-9BB83BEFD318:LeaderElection24] INFO  impl.RoleInfo (RoleInfo.java:updateAndGet(143)) - 2702b462-69d8-4c1b-aae1-091a21fe08b8: start LeaderState
2019-09-20 04:48:53,619 [2702b462-69d8-4c1b-aae1-091a21fe08b8:group-9BB83BEFD318:LeaderElection24] INFO  segmented.SegmentedRaftLogWorker (SegmentedRaftLogWorker.java:startLogSegment(380)) - 2702b462-69d8-4c1b-aae1-091a21fe08b8-SegmentedRaftLogWorker:Storage Directory /workdir/hadoop-ozone/integration-test/target/test-dir/MiniOzoneClusterImpl-c00aaa5b-d63b-4769-9462-6a4c88d2a8bf/datanode-3/data/ratis/ba2adbf9-ebd0-40b4-be3a-9bb83befd318: Starting segment from index:0
2019-09-20 04:48:53,619 [2702b462-69d8-4c1b-aae1-091a21fe08b8:group-9BB83BEFD318:LeaderElection24] INFO  impl.RaftServerImpl (ServerState.java:setRaftConf(361)) - 2702b462-69d8-4c1b-aae1-091a21fe08b8:group-9BB83BEFD318 set configuration 0: [2702b462-69d8-4c1b-aae1-091a21fe08b8:192.168.36.79:42637], old=null at 0
2019-09-20 04:48:53,655 [Thread-341] INFO  impl.FollowerState (FollowerState.java:run(106)) - ea71b9af-1075-4196-9693-aa14e10f536d:group-AE1F839E9FB1 changes to CANDIDATE, lastRpcTime:1134, electionTimeout:1111ms
2019-09-20 04:48:53,655 [Thread-341] INFO  impl.RoleInfo (RoleInfo.java:shutdownFollowerState(121)) - ea71b9af-1075-4196-9693-aa14e10f536d: shutdown FollowerState
2019-09-20 04:48:53,668 [Thread-341] INFO  impl.RaftServerImpl (RaftServerImpl.java:setRole(171)) - ea71b9af-1075-4196-9693-aa14e10f536d:group-AE1F839E9FB1 changes role from FOLLOWER to CANDIDATE at term 0 for changeToCandidate
2019-09-20 04:48:53,668 [Thread-341] INFO  impl.RoleInfo (RoleInfo.java:updateAndGet(143)) - ea71b9af-1075-4196-9693-aa14e10f536d: start LeaderElection
2019-09-20 04:48:53,668 | INFO  | SCMAudit | user=jenkins1000 | ip=192.168.36.79 | op=SEND_HEARTBEAT {datanodeUUID=2702b462-69d8-4c1b-aae1-091a21fe08b8, command=[]} | ret=SUCCESS |  
2019-09-20 04:48:53,668 | INFO  | SCMAudit | user=jenkins1000 | ip=192.168.36.79 | op=SEND_HEARTBEAT {datanodeUUID=2d6465ef-cffa-473a-a4c6-a9aa3f1a26c0, command=[]} | ret=SUCCESS |  
2019-09-20 04:48:53,672 [2702b462-69d8-4c1b-aae1-091a21fe08b8-SegmentedRaftLogWorker:Storage Directory /workdir/hadoop-ozone/integration-test/target/test-dir/MiniOzoneClusterImpl-c00aaa5b-d63b-4769-9462-6a4c88d2a8bf/datanode-3/data/ratis/ba2adbf9-ebd0-40b4-be3a-9bb83befd318] INFO  segmented.SegmentedRaftLogWorker (SegmentedRaftLogWorker.java:execute(569)) - 2702b462-69d8-4c1b-aae1-091a21fe08b8-SegmentedRaftLogWorker:Storage Directory /workdir/hadoop-ozone/integration-test/target/test-dir/MiniOzoneClusterImpl-c00aaa5b-d63b-4769-9462-6a4c88d2a8bf/datanode-3/data/ratis/ba2adbf9-ebd0-40b4-be3a-9bb83befd318: created new log segment /workdir/hadoop-ozone/integration-test/target/test-dir/MiniOzoneClusterImpl-c00aaa5b-d63b-4769-9462-6a4c88d2a8bf/datanode-3/data/ratis/ba2adbf9-ebd0-40b4-be3a-9bb83befd318/current/log_inprogress_0
2019-09-20 04:48:53,675 [grpc-default-executor-0] INFO  impl.RaftServerProxy (RaftServerProxy.java:addNew(89)) - eaf3ecbe-c3b1-4969-ad3a-e4de7fb04f81: addNew group-B54B44EF3E3C:[eaf3ecbe-c3b1-4969-ad3a-e4de7fb04f81:192.168.36.79:35924] returns group-B54B44EF3E3C:java.util.concurrent.CompletableFuture@7071adb3[Not completed]
2019-09-20 04:48:53,677 [pool-82-thread-1] INFO  impl.RaftServerImpl (RaftServerImpl.java:<init>(93)) - eaf3ecbe-c3b1-4969-ad3a-e4de7fb04f81: new RaftServerImpl for group-B54B44EF3E3C:[eaf3ecbe-c3b1-4969-ad3a-e4de7fb04f81:192.168.36.79:35924] with ContainerStateMachine:uninitialized
2019-09-20 04:48:53,677 [pool-82-thread-1] INFO  server.RaftServerConfigKeys (ConfUtils.java:logGet(43)) - raft.server.rpc.timeout.min = 1s (custom)
2019-09-20 04:48:53,677 [pool-82-thread-1] INFO  server.RaftServerConfigKeys (ConfUtils.java:logGet(43)) - raft.server.rpc.timeout.max = 1200ms (custom)
2019-09-20 04:48:53,677 [pool-82-thread-1] INFO  server.RaftServerConfigKeys (ConfUtils.java:logGet(43)) - raft.server.rpcslowness.timeout = 120s (custom)
2019-09-20 04:48:53,677 [pool-82-thread-1] INFO  server.RaftServerConfigKeys (ConfUtils.java:logGet(43)) - raft.server.sleep.deviation.threshold = 300 (default)
2019-09-20 04:48:53,677 [pool-82-thread-1] INFO  server.RaftServerConfigKeys (ConfUtils.java:logGet(43)) - raft.server.log.appender.install.snapshot.enabled = false (custom)
2019-09-20 04:48:53,678 [pool-82-thread-1] INFO  impl.RaftServerImpl (ServerState.java:<init>(105)) - eaf3ecbe-c3b1-4969-ad3a-e4de7fb04f81:group-B54B44EF3E3C ConfigurationManager, init=-1: [eaf3ecbe-c3b1-4969-ad3a-e4de7fb04f81:192.168.36.79:35924], old=null, confs=<EMPTY_MAP>
2019-09-20 04:48:53,678 [pool-82-thread-1] INFO  server.RaftServerConfigKeys (ConfUtils.java:logGet(43)) - raft.server.storage.dir = [/workdir/hadoop-ozone/integration-test/target/test-dir/MiniOzoneClusterImpl-c00aaa5b-d63b-4769-9462-6a4c88d2a8bf/datanode-5/data/ratis] (custom)
2019-09-20 04:48:53,678 [pool-82-thread-1] INFO  storage.RaftStorageDirectory (RaftStorageDirectory.java:analyzeStorage(246)) - The storage directory /workdir/hadoop-ozone/integration-test/target/test-dir/MiniOzoneClusterImpl-c00aaa5b-d63b-4769-9462-6a4c88d2a8bf/datanode-5/data/ratis/9c880a90-482b-402b-aa87-b54b44ef3e3c does not exist. Creating ...
2019-09-20 04:48:53,714 [pool-82-thread-1] INFO  storage.RaftStorageDirectory (RaftStorageDirectory.java:tryLock(328)) - Lock on /workdir/hadoop-ozone/integration-test/target/test-dir/MiniOzoneClusterImpl-c00aaa5b-d63b-4769-9462-6a4c88d2a8bf/datanode-5/data/ratis/9c880a90-482b-402b-aa87-b54b44ef3e3c/in_use.lock acquired by nodename 9457@pr-hdds-1569-s8kj2-2266485376
2019-09-20 04:48:53,714 [ea71b9af-1075-4196-9693-aa14e10f536d:group-AE1F839E9FB1:LeaderElection25] INFO  impl.LeaderElection (LeaderElection.java:askForVotes(181)) - ea71b9af-1075-4196-9693-aa14e10f536d:group-AE1F839E9FB1:LeaderElection25: begin an election at term 1 for -1: [ea71b9af-1075-4196-9693-aa14e10f536d:192.168.36.79:41553], old=null
2019-09-20 04:48:53,715 [ea71b9af-1075-4196-9693-aa14e10f536d:group-AE1F839E9FB1:LeaderElection25] INFO  impl.RoleInfo (RoleInfo.java:shutdownLeaderElection(134)) - ea71b9af-1075-4196-9693-aa14e10f536d: shutdown LeaderElection
2019-09-20 04:48:53,715 [ea71b9af-1075-4196-9693-aa14e10f536d:group-AE1F839E9FB1:LeaderElection25] INFO  impl.RaftServerImpl (RaftServerImpl.java:setRole(171)) - ea71b9af-1075-4196-9693-aa14e10f536d:group-AE1F839E9FB1 changes role from CANDIDATE to LEADER at term 1 for changeToLeader
2019-09-20 04:48:53,715 [ea71b9af-1075-4196-9693-aa14e10f536d:group-AE1F839E9FB1:LeaderElection25] INFO  impl.RaftServerImpl (ServerState.java:setLeader(263)) - ea71b9af-1075-4196-9693-aa14e10f536d:group-AE1F839E9FB1 change Leader from null to ea71b9af-1075-4196-9693-aa14e10f536d at term 1 for becomeLeader, leader elected after 1199ms
2019-09-20 04:48:53,715 [ea71b9af-1075-4196-9693-aa14e10f536d:group-AE1F839E9FB1:LeaderElection25] INFO  server.RaftServerConfigKeys (ConfUtils.java:logGet(43)) - raft.server.staging.catchup.gap = 1000 (default)
2019-09-20 04:48:53,715 [ea71b9af-1075-4196-9693-aa14e10f536d:group-AE1F839E9FB1:LeaderElection25] INFO  server.RaftServerConfigKeys (ConfUtils.java:logGet(43)) - raft.server.rpc.sleep.time = 25ms (default)
2019-09-20 04:48:53,715 [ea71b9af-1075-4196-9693-aa14e10f536d:group-AE1F839E9FB1:LeaderElection25] INFO  server.RaftServerConfigKeys (ConfUtils.java:logGet(43)) - raft.server.write.element-limit = 4096 (default)
2019-09-20 04:48:53,716 [ea71b9af-1075-4196-9693-aa14e10f536d:group-AE1F839E9FB1:LeaderElection25] INFO  server.RaftServerConfigKeys (ConfUtils.java:logGet(43)) - raft.server.watch.timeout = 10s (default)
2019-09-20 04:48:53,716 [ea71b9af-1075-4196-9693-aa14e10f536d:group-AE1F839E9FB1:LeaderElection25] INFO  server.RaftServerConfigKeys (ConfUtils.java:logGet(43)) - raft.server.watch.timeout.denomination = 1s (default)
2019-09-20 04:48:53,716 [ea71b9af-1075-4196-9693-aa14e10f536d:group-AE1F839E9FB1:LeaderElection25] INFO  server.RaftServerConfigKeys (ConfUtils.java:logGet(43)) - raft.server.watch.element-limit = 65536 (default)
2019-09-20 04:48:53,716 [ea71b9af-1075-4196-9693-aa14e10f536d:group-AE1F839E9FB1:LeaderElection25] INFO  impl.RoleInfo (RoleInfo.java:updateAndGet(143)) - ea71b9af-1075-4196-9693-aa14e10f536d: start LeaderState
2019-09-20 04:48:53,717 [ea71b9af-1075-4196-9693-aa14e10f536d:group-AE1F839E9FB1:LeaderElection25] INFO  segmented.SegmentedRaftLogWorker (SegmentedRaftLogWorker.java:startLogSegment(380)) - ea71b9af-1075-4196-9693-aa14e10f536d-SegmentedRaftLogWorker:Storage Directory /workdir/hadoop-ozone/integration-test/target/test-dir/MiniOzoneClusterImpl-c00aaa5b-d63b-4769-9462-6a4c88d2a8bf/datanode-0/data/ratis/43110924-5bb9-46f5-9a28-ae1f839e9fb1: Starting segment from index:0
2019-09-20 04:48:53,717 [ea71b9af-1075-4196-9693-aa14e10f536d:group-AE1F839E9FB1:LeaderElection25] INFO  impl.RaftServerImpl (ServerState.java:setRaftConf(361)) - ea71b9af-1075-4196-9693-aa14e10f536d:group-AE1F839E9FB1 set configuration 0: [ea71b9af-1075-4196-9693-aa14e10f536d:192.168.36.79:41553], old=null at 0
2019-09-20 04:48:53,753 [pool-82-thread-1] INFO  storage.RaftStorage (RaftStorage.java:format(72)) - Storage directory /workdir/hadoop-ozone/integration-test/target/test-dir/MiniOzoneClusterImpl-c00aaa5b-d63b-4769-9462-6a4c88d2a8bf/datanode-5/data/ratis/9c880a90-482b-402b-aa87-b54b44ef3e3c has been successfully formatted.
2019-09-20 04:48:53,753 [pool-82-thread-1] INFO  ratis.ContainerStateMachine (ContainerStateMachine.java:loadSnapshot(226)) - group-B54B44EF3E3C: The snapshot info is null. Setting the last applied indexto:(t:0, i:~)
2019-09-20 04:48:53,753 [pool-82-thread-1] INFO  server.RaftServerConfigKeys (ConfUtils.java:logGet(43)) - raft.server.leader.election.timeout = 120s (custom)
2019-09-20 04:48:53,753 [pool-82-thread-1] INFO  server.RaftServerConfigKeys (ConfUtils.java:logGet(43)) - raft.server.log.use.memory = false (default)
2019-09-20 04:48:53,754 | INFO  | SCMAudit | user=jenkins1000 | ip=192.168.36.79 | op=SEND_HEARTBEAT {datanodeUUID=1d91ad97-6666-4ee7-855a-8b5e944e7401, command=[]} | ret=SUCCESS |  
2019-09-20 04:48:53,754 [pool-82-thread-1] INFO  server.RaftServerConfigKeys (ConfUtils.java:logGet(43)) - raft.server.log.purge.gap = 1000000 (custom)
2019-09-20 04:48:53,754 [pool-82-thread-1] INFO  server.RaftServerConfigKeys (ConfUtils.java:logGet(43)) - raft.server.log.appender.buffer.byte-limit = 33554432 (custom)
2019-09-20 04:48:53,754 [pool-82-thread-1] INFO  server.RaftServerConfigKeys (ConfUtils.java:logGet(43)) - raft.server.log.segment.size.max = 1048576 (custom)
2019-09-20 04:48:53,754 [pool-82-thread-1] INFO  server.RaftServerConfigKeys (ConfUtils.java:logGet(43)) - raft.server.log.segment.cache.num.max = 2 (custom)
2019-09-20 04:48:53,754 [pool-82-thread-1] INFO  segmented.SegmentedRaftLogWorker (SegmentedRaftLogWorker.java:<init>(172)) - new eaf3ecbe-c3b1-4969-ad3a-e4de7fb04f81-SegmentedRaftLogWorker:Storage Directory /workdir/hadoop-ozone/integration-test/target/test-dir/MiniOzoneClusterImpl-c00aaa5b-d63b-4769-9462-6a4c88d2a8bf/datanode-5/data/ratis/9c880a90-482b-402b-aa87-b54b44ef3e3c for RaftStorage:Storage Directory /workdir/hadoop-ozone/integration-test/target/test-dir/MiniOzoneClusterImpl-c00aaa5b-d63b-4769-9462-6a4c88d2a8bf/datanode-5/data/ratis/9c880a90-482b-402b-aa87-b54b44ef3e3c
2019-09-20 04:48:53,755 [pool-82-thread-1] INFO  server.RaftServerConfigKeys (ConfUtils.java:logGet(43)) - raft.server.log.queue.byte-limit = 2147483647 (custom)
2019-09-20 04:48:53,755 [pool-82-thread-1] INFO  server.RaftServerConfigKeys (ConfUtils.java:logGet(43)) - raft.server.log.queue.element-limit = 1024 (custom)
2019-09-20 04:48:53,755 [pool-82-thread-1] INFO  server.RaftServerConfigKeys (ConfUtils.java:logGet(43)) - raft.server.log.segment.size.max = 1048576 (custom)
2019-09-20 04:48:53,755 [pool-82-thread-1] INFO  server.RaftServerConfigKeys (ConfUtils.java:logGet(43)) - raft.server.log.preallocated.size = 16384 (custom)
2019-09-20 04:48:53,755 [pool-82-thread-1] INFO  server.RaftServerConfigKeys (ConfUtils.java:logGet(43)) - raft.server.log.write.buffer.size = 33554432 (custom)
2019-09-20 04:48:53,755 [pool-82-thread-1] INFO  server.RaftServerConfigKeys (ConfUtils.java:logGet(43)) - raft.server.log.force.sync.num = 128 (default)
2019-09-20 04:48:53,756 [pool-82-thread-1] INFO  server.RaftServerConfigKeys (ConfUtils.java:logGet(43)) - raft.server.log.statemachine.data.sync = true (default)
2019-09-20 04:48:53,756 [pool-82-thread-1] INFO  server.RaftServerConfigKeys (ConfUtils.java:logGet(43)) - raft.server.log.statemachine.data.sync.timeout = 10s (default)
2019-09-20 04:48:53,756 [pool-82-thread-1] INFO  server.RaftServerConfigKeys (ConfUtils.java:logGet(43)) - raft.server.log.statemachine.data.sync.timeout.retry = -1 (default)
2019-09-20 04:48:53,756 [pool-82-thread-1] INFO  server.RaftServerConfigKeys (ConfUtils.java:logGet(43)) - raft.server.log.statemachine.data.caching.enabled = true (custom)
2019-09-20 04:48:53,757 [pool-82-thread-1] INFO  segmented.SegmentedRaftLogWorker (SegmentedRaftLogWorker.java:lambda$new$0(132)) - eaf3ecbe-c3b1-4969-ad3a-e4de7fb04f81-SegmentedRaftLogWorker:Storage Directory /workdir/hadoop-ozone/integration-test/target/test-dir/MiniOzoneClusterImpl-c00aaa5b-d63b-4769-9462-6a4c88d2a8bf/datanode-5/data/ratis/9c880a90-482b-402b-aa87-b54b44ef3e3c: flushIndex: setUnconditionally 0 -> -1
2019-09-20 04:48:53,757 [pool-82-thread-1] INFO  server.RaftServerConfigKeys (ConfUtils.java:logGet(43)) - raft.server.snapshot.auto.trigger.enabled = true (custom)
2019-09-20 04:48:53,757 [pool-82-thread-1] INFO  server.RaftServerConfigKeys (ConfUtils.java:logGet(43)) - raft.server.snapshot.auto.trigger.threshold = 10000 (custom)
2019-09-20 04:48:53,757 [pool-82-thread-1] INFO  server.RaftServerConfigKeys (ConfUtils.java:logGet(43)) - raft.server.retrycache.expirytime = 600000ms (custom)
2019-09-20 04:48:53,758 [pool-82-thread-1] INFO  impl.RaftServerImpl (RaftServerImpl.java:start(180)) - eaf3ecbe-c3b1-4969-ad3a-e4de7fb04f81: start group-B54B44EF3E3C
2019-09-20 04:48:53,758 [pool-82-thread-1] INFO  impl.RaftServerImpl (RaftServerImpl.java:setRole(171)) - eaf3ecbe-c3b1-4969-ad3a-e4de7fb04f81:group-B54B44EF3E3C changes role from null to FOLLOWER at term 0 for startAsFollower
2019-09-20 04:48:53,758 [pool-82-thread-1] INFO  impl.RoleInfo (RoleInfo.java:updateAndGet(143)) - eaf3ecbe-c3b1-4969-ad3a-e4de7fb04f81: start FollowerState
2019-09-20 04:48:53,759 [pool-82-thread-1] INFO  util.JmxRegister (JmxRegister.java:tryRegister(44)) - Successfully registered JMX Bean with object name Ratis:service=RaftServer,group=group-B54B44EF3E3C,id=eaf3ecbe-c3b1-4969-ad3a-e4de7fb04f81
2019-09-20 04:48:53,777 [ea71b9af-1075-4196-9693-aa14e10f536d-SegmentedRaftLogWorker:Storage Directory /workdir/hadoop-ozone/integration-test/target/test-dir/MiniOzoneClusterImpl-c00aaa5b-d63b-4769-9462-6a4c88d2a8bf/datanode-0/data/ratis/43110924-5bb9-46f5-9a28-ae1f839e9fb1] INFO  segmented.SegmentedRaftLogWorker (SegmentedRaftLogWorker.java:execute(569)) - ea71b9af-1075-4196-9693-aa14e10f536d-SegmentedRaftLogWorker:Storage Directory /workdir/hadoop-ozone/integration-test/target/test-dir/MiniOzoneClusterImpl-c00aaa5b-d63b-4769-9462-6a4c88d2a8bf/datanode-0/data/ratis/43110924-5bb9-46f5-9a28-ae1f839e9fb1: created new log segment /workdir/hadoop-ozone/integration-test/target/test-dir/MiniOzoneClusterImpl-c00aaa5b-d63b-4769-9462-6a4c88d2a8bf/datanode-0/data/ratis/43110924-5bb9-46f5-9a28-ae1f839e9fb1/current/log_inprogress_0
2019-09-20 04:48:53,779 [RatisPipelineUtilsThread] INFO  pipeline.PipelineStateManager (PipelineStateManager.java:addPipeline(56)) - Created pipeline Pipeline[ Id: 9c880a90-482b-402b-aa87-b54b44ef3e3c, Nodes: eaf3ecbe-c3b1-4969-ad3a-e4de7fb04f81{ip: 192.168.36.79, host: pr-hdds-1569-s8kj2-2266485376, networkLocation: /default-rack, certSerialId: null}, Type:RATIS, Factor:ONE, State:OPEN]
2019-09-20 04:48:53,779 [RatisPipelineUtilsThread] INFO  pipeline.PipelinePlacementPolicy (PipelinePlacementPolicy.java:meetCriteria(91)) - Pipeline Placement: Doesn't meet the criteria to be viable node： eaf3ecbe-c3b1-4969-ad3a-e4de7fb04f81 Heaviness: 6 limit: 5
2019-09-20 04:48:53,779 [RatisPipelineUtilsThread] INFO  pipeline.PipelinePlacementPolicy (PipelinePlacementPolicy.java:meetCriteria(91)) - Pipeline Placement: Doesn't meet the criteria to be viable node： ea71b9af-1075-4196-9693-aa14e10f536d Heaviness: 6 limit: 5
2019-09-20 04:48:53,780 [RatisPipelineUtilsThread] INFO  pipeline.PipelinePlacementPolicy (PipelinePlacementPolicy.java:meetCriteria(91)) - Pipeline Placement: Doesn't meet the criteria to be viable node： 42fc6e92-fcdd-4827-b621-9fc58a3d2315 Heaviness: 6 limit: 5
2019-09-20 04:48:53,780 [RatisPipelineUtilsThread] INFO  pipeline.PipelinePlacementPolicy (PipelinePlacementPolicy.java:meetCriteria(91)) - Pipeline Placement: Doesn't meet the criteria to be viable node： 1d91ad97-6666-4ee7-855a-8b5e944e7401 Heaviness: 6 limit: 5
2019-09-20 04:48:53,780 [RatisPipelineUtilsThread] INFO  pipeline.PipelinePlacementPolicy (PipelinePlacementPolicy.java:meetCriteria(91)) - Pipeline Placement: Doesn't meet the criteria to be viable node： 2d6465ef-cffa-473a-a4c6-a9aa3f1a26c0 Heaviness: 6 limit: 5
2019-09-20 04:48:53,780 [RatisPipelineUtilsThread] INFO  pipeline.PipelinePlacementPolicy (PipelinePlacementPolicy.java:meetCriteria(91)) - Pipeline Placement: Doesn't meet the criteria to be viable node： 2702b462-69d8-4c1b-aae1-091a21fe08b8 Heaviness: 6 limit: 5
2019-09-20 04:48:53,789 [Thread-348] INFO  impl.FollowerState (FollowerState.java:run(106)) - eaf3ecbe-c3b1-4969-ad3a-e4de7fb04f81:group-F1D71DB64ED4 changes to CANDIDATE, lastRpcTime:1171, electionTimeout:1170ms
2019-09-20 04:48:53,789 [Thread-348] INFO  impl.RoleInfo (RoleInfo.java:shutdownFollowerState(121)) - eaf3ecbe-c3b1-4969-ad3a-e4de7fb04f81: shutdown FollowerState
2019-09-20 04:48:53,790 [Thread-348] INFO  impl.RaftServerImpl (RaftServerImpl.java:setRole(171)) - eaf3ecbe-c3b1-4969-ad3a-e4de7fb04f81:group-F1D71DB64ED4 changes role from FOLLOWER to CANDIDATE at term 0 for changeToCandidate
2019-09-20 04:48:53,790 [Thread-348] INFO  impl.RoleInfo (RoleInfo.java:updateAndGet(143)) - eaf3ecbe-c3b1-4969-ad3a-e4de7fb04f81: start LeaderElection
2019-09-20 04:48:53,790 [grpc-default-executor-0] INFO  impl.RaftServerProxy (RaftServerProxy.java:addNew(89)) - 8d97392c-5f4b-400a-94a1-fb61a3ebbc99: addNew group-D774F34CD941:[8d97392c-5f4b-400a-94a1-fb61a3ebbc99:192.168.36.79:38885] returns group-D774F34CD941:java.util.concurrent.CompletableFuture@1ad924e0[Not completed]
2019-09-20 04:48:53,794 [pool-93-thread-1] INFO  impl.RaftServerImpl (RaftServerImpl.java:<init>(93)) - 8d97392c-5f4b-400a-94a1-fb61a3ebbc99: new RaftServerImpl for group-D774F34CD941:[8d97392c-5f4b-400a-94a1-fb61a3ebbc99:192.168.36.79:38885] with ContainerStateMachine:uninitialized
2019-09-20 04:48:53,794 [pool-93-thread-1] INFO  server.RaftServerConfigKeys (ConfUtils.java:logGet(43)) - raft.server.rpc.timeout.min = 1s (custom)
2019-09-20 04:48:53,794 [pool-93-thread-1] INFO  server.RaftServerConfigKeys (ConfUtils.java:logGet(43)) - raft.server.rpc.timeout.max = 1200ms (custom)
2019-09-20 04:48:53,794 [pool-93-thread-1] INFO  server.RaftServerConfigKeys (ConfUtils.java:logGet(43)) - raft.server.rpcslowness.timeout = 120s (custom)
2019-09-20 04:48:53,795 [pool-93-thread-1] INFO  server.RaftServerConfigKeys (ConfUtils.java:logGet(43)) - raft.server.sleep.deviation.threshold = 300 (default)
2019-09-20 04:48:53,795 [pool-93-thread-1] INFO  server.RaftServerConfigKeys (ConfUtils.java:logGet(43)) - raft.server.log.appender.install.snapshot.enabled = false (custom)
2019-09-20 04:48:53,795 [pool-93-thread-1] INFO  impl.RaftServerImpl (ServerState.java:<init>(105)) - 8d97392c-5f4b-400a-94a1-fb61a3ebbc99:group-D774F34CD941 ConfigurationManager, init=-1: [8d97392c-5f4b-400a-94a1-fb61a3ebbc99:192.168.36.79:38885], old=null, confs=<EMPTY_MAP>
2019-09-20 04:48:53,795 [pool-93-thread-1] INFO  server.RaftServerConfigKeys (ConfUtils.java:logGet(43)) - raft.server.storage.dir = [/workdir/hadoop-ozone/integration-test/target/test-dir/MiniOzoneClusterImpl-c00aaa5b-d63b-4769-9462-6a4c88d2a8bf/datanode-6/data/ratis] (custom)
2019-09-20 04:48:53,796 [pool-93-thread-1] INFO  storage.RaftStorageDirectory (RaftStorageDirectory.java:analyzeStorage(246)) - The storage directory /workdir/hadoop-ozone/integration-test/target/test-dir/MiniOzoneClusterImpl-c00aaa5b-d63b-4769-9462-6a4c88d2a8bf/datanode-6/data/ratis/9bf0491d-ae7b-43cd-81fc-d774f34cd941 does not exist. Creating ...
2019-09-20 04:48:53,816 [pool-93-thread-1] INFO  storage.RaftStorageDirectory (RaftStorageDirectory.java:tryLock(328)) - Lock on /workdir/hadoop-ozone/integration-test/target/test-dir/MiniOzoneClusterImpl-c00aaa5b-d63b-4769-9462-6a4c88d2a8bf/datanode-6/data/ratis/9bf0491d-ae7b-43cd-81fc-d774f34cd941/in_use.lock acquired by nodename 9457@pr-hdds-1569-s8kj2-2266485376
2019-09-20 04:48:53,816 [eaf3ecbe-c3b1-4969-ad3a-e4de7fb04f81:group-F1D71DB64ED4:LeaderElection26] INFO  impl.LeaderElection (LeaderElection.java:askForVotes(181)) - eaf3ecbe-c3b1-4969-ad3a-e4de7fb04f81:group-F1D71DB64ED4:LeaderElection26: begin an election at term 1 for -1: [eaf3ecbe-c3b1-4969-ad3a-e4de7fb04f81:192.168.36.79:35924], old=null
2019-09-20 04:48:53,816 [eaf3ecbe-c3b1-4969-ad3a-e4de7fb04f81:group-F1D71DB64ED4:LeaderElection26] INFO  impl.RoleInfo (RoleInfo.java:shutdownLeaderElection(134)) - eaf3ecbe-c3b1-4969-ad3a-e4de7fb04f81: shutdown LeaderElection
2019-09-20 04:48:53,816 [eaf3ecbe-c3b1-4969-ad3a-e4de7fb04f81:group-F1D71DB64ED4:LeaderElection26] INFO  impl.RaftServerImpl (RaftServerImpl.java:setRole(171)) - eaf3ecbe-c3b1-4969-ad3a-e4de7fb04f81:group-F1D71DB64ED4 changes role from CANDIDATE to LEADER at term 1 for changeToLeader
2019-09-20 04:48:53,816 [eaf3ecbe-c3b1-4969-ad3a-e4de7fb04f81:group-F1D71DB64ED4:LeaderElection26] INFO  impl.RaftServerImpl (ServerState.java:setLeader(263)) - eaf3ecbe-c3b1-4969-ad3a-e4de7fb04f81:group-F1D71DB64ED4 change Leader from null to eaf3ecbe-c3b1-4969-ad3a-e4de7fb04f81 at term 1 for becomeLeader, leader elected after 1205ms
2019-09-20 04:48:53,817 [eaf3ecbe-c3b1-4969-ad3a-e4de7fb04f81:group-F1D71DB64ED4:LeaderElection26] INFO  server.RaftServerConfigKeys (ConfUtils.java:logGet(43)) - raft.server.staging.catchup.gap = 1000 (default)
2019-09-20 04:48:53,817 [eaf3ecbe-c3b1-4969-ad3a-e4de7fb04f81:group-F1D71DB64ED4:LeaderElection26] INFO  server.RaftServerConfigKeys (ConfUtils.java:logGet(43)) - raft.server.rpc.sleep.time = 25ms (default)
2019-09-20 04:48:53,817 [eaf3ecbe-c3b1-4969-ad3a-e4de7fb04f81:group-F1D71DB64ED4:LeaderElection26] INFO  server.RaftServerConfigKeys (ConfUtils.java:logGet(43)) - raft.server.write.element-limit = 4096 (default)
2019-09-20 04:48:53,817 [eaf3ecbe-c3b1-4969-ad3a-e4de7fb04f81:group-F1D71DB64ED4:LeaderElection26] INFO  server.RaftServerConfigKeys (ConfUtils.java:logGet(43)) - raft.server.watch.timeout = 10s (default)
2019-09-20 04:48:53,817 [eaf3ecbe-c3b1-4969-ad3a-e4de7fb04f81:group-F1D71DB64ED4:LeaderElection26] INFO  server.RaftServerConfigKeys (ConfUtils.java:logGet(43)) - raft.server.watch.timeout.denomination = 1s (default)
2019-09-20 04:48:53,818 [eaf3ecbe-c3b1-4969-ad3a-e4de7fb04f81:group-F1D71DB64ED4:LeaderElection26] INFO  server.RaftServerConfigKeys (ConfUtils.java:logGet(43)) - raft.server.watch.element-limit = 65536 (default)
2019-09-20 04:48:53,818 [eaf3ecbe-c3b1-4969-ad3a-e4de7fb04f81:group-F1D71DB64ED4:LeaderElection26] INFO  impl.RoleInfo (RoleInfo.java:updateAndGet(143)) - eaf3ecbe-c3b1-4969-ad3a-e4de7fb04f81: start LeaderState
2019-09-20 04:48:53,818 [eaf3ecbe-c3b1-4969-ad3a-e4de7fb04f81:group-F1D71DB64ED4:LeaderElection26] INFO  segmented.SegmentedRaftLogWorker (SegmentedRaftLogWorker.java:startLogSegment(380)) - eaf3ecbe-c3b1-4969-ad3a-e4de7fb04f81-SegmentedRaftLogWorker:Storage Directory /workdir/hadoop-ozone/integration-test/target/test-dir/MiniOzoneClusterImpl-c00aaa5b-d63b-4769-9462-6a4c88d2a8bf/datanode-5/data/ratis/8d26a647-6e4b-4dc1-8b15-f1d71db64ed4: Starting segment from index:0
2019-09-20 04:48:53,819 [eaf3ecbe-c3b1-4969-ad3a-e4de7fb04f81:group-F1D71DB64ED4:LeaderElection26] INFO  impl.RaftServerImpl (ServerState.java:setRaftConf(361)) - eaf3ecbe-c3b1-4969-ad3a-e4de7fb04f81:group-F1D71DB64ED4 set configuration 0: [eaf3ecbe-c3b1-4969-ad3a-e4de7fb04f81:192.168.36.79:35924], old=null at 0
2019-09-20 04:48:53,850 [pool-93-thread-1] INFO  storage.RaftStorage (RaftStorage.java:format(72)) - Storage directory /workdir/hadoop-ozone/integration-test/target/test-dir/MiniOzoneClusterImpl-c00aaa5b-d63b-4769-9462-6a4c88d2a8bf/datanode-6/data/ratis/9bf0491d-ae7b-43cd-81fc-d774f34cd941 has been successfully formatted.
2019-09-20 04:48:53,850 [pool-93-thread-1] INFO  ratis.ContainerStateMachine (ContainerStateMachine.java:loadSnapshot(226)) - group-D774F34CD941: The snapshot info is null. Setting the last applied indexto:(t:0, i:~)
2019-09-20 04:48:53,851 [pool-93-thread-1] INFO  server.RaftServerConfigKeys (ConfUtils.java:logGet(43)) - raft.server.leader.election.timeout = 120s (custom)
2019-09-20 04:48:53,851 [pool-93-thread-1] INFO  server.RaftServerConfigKeys (ConfUtils.java:logGet(43)) - raft.server.log.use.memory = false (default)
2019-09-20 04:48:53,851 [pool-93-thread-1] INFO  server.RaftServerConfigKeys (ConfUtils.java:logGet(43)) - raft.server.log.purge.gap = 1000000 (custom)
2019-09-20 04:48:53,851 [pool-93-thread-1] INFO  server.RaftServerConfigKeys (ConfUtils.java:logGet(43)) - raft.server.log.appender.buffer.byte-limit = 33554432 (custom)
2019-09-20 04:48:53,851 [pool-93-thread-1] INFO  server.RaftServerConfigKeys (ConfUtils.java:logGet(43)) - raft.server.log.segment.size.max = 1048576 (custom)
2019-09-20 04:48:53,852 [pool-93-thread-1] INFO  server.RaftServerConfigKeys (ConfUtils.java:logGet(43)) - raft.server.log.segment.cache.num.max = 2 (custom)
2019-09-20 04:48:53,852 [pool-93-thread-1] INFO  segmented.SegmentedRaftLogWorker (SegmentedRaftLogWorker.java:<init>(172)) - new 8d97392c-5f4b-400a-94a1-fb61a3ebbc99-SegmentedRaftLogWorker:Storage Directory /workdir/hadoop-ozone/integration-test/target/test-dir/MiniOzoneClusterImpl-c00aaa5b-d63b-4769-9462-6a4c88d2a8bf/datanode-6/data/ratis/9bf0491d-ae7b-43cd-81fc-d774f34cd941 for RaftStorage:Storage Directory /workdir/hadoop-ozone/integration-test/target/test-dir/MiniOzoneClusterImpl-c00aaa5b-d63b-4769-9462-6a4c88d2a8bf/datanode-6/data/ratis/9bf0491d-ae7b-43cd-81fc-d774f34cd941
2019-09-20 04:48:53,852 [pool-93-thread-1] INFO  server.RaftServerConfigKeys (ConfUtils.java:logGet(43)) - raft.server.log.queue.byte-limit = 2147483647 (custom)
2019-09-20 04:48:53,852 [pool-93-thread-1] INFO  server.RaftServerConfigKeys (ConfUtils.java:logGet(43)) - raft.server.log.queue.element-limit = 1024 (custom)
2019-09-20 04:48:53,852 [pool-93-thread-1] INFO  server.RaftServerConfigKeys (ConfUtils.java:logGet(43)) - raft.server.log.segment.size.max = 1048576 (custom)
2019-09-20 04:48:53,853 [pool-93-thread-1] INFO  server.RaftServerConfigKeys (ConfUtils.java:logGet(43)) - raft.server.log.preallocated.size = 16384 (custom)
2019-09-20 04:48:53,853 [pool-93-thread-1] INFO  server.RaftServerConfigKeys (ConfUtils.java:logGet(43)) - raft.server.log.write.buffer.size = 33554432 (custom)
2019-09-20 04:48:53,853 [pool-93-thread-1] INFO  server.RaftServerConfigKeys (ConfUtils.java:logGet(43)) - raft.server.log.force.sync.num = 128 (default)
2019-09-20 04:48:53,853 [pool-93-thread-1] INFO  server.RaftServerConfigKeys (ConfUtils.java:logGet(43)) - raft.server.log.statemachine.data.sync = true (default)
2019-09-20 04:48:53,853 [pool-93-thread-1] INFO  server.RaftServerConfigKeys (ConfUtils.java:logGet(43)) - raft.server.log.statemachine.data.sync.timeout = 10s (default)
2019-09-20 04:48:53,854 [pool-93-thread-1] INFO  server.RaftServerConfigKeys (ConfUtils.java:logGet(43)) - raft.server.log.statemachine.data.sync.timeout.retry = -1 (default)
2019-09-20 04:48:53,854 [pool-93-thread-1] INFO  server.RaftServerConfigKeys (ConfUtils.java:logGet(43)) - raft.server.log.statemachine.data.caching.enabled = true (custom)
2019-09-20 04:48:53,858 [pool-93-thread-1] INFO  segmented.SegmentedRaftLogWorker (SegmentedRaftLogWorker.java:lambda$new$0(132)) - 8d97392c-5f4b-400a-94a1-fb61a3ebbc99-SegmentedRaftLogWorker:Storage Directory /workdir/hadoop-ozone/integration-test/target/test-dir/MiniOzoneClusterImpl-c00aaa5b-d63b-4769-9462-6a4c88d2a8bf/datanode-6/data/ratis/9bf0491d-ae7b-43cd-81fc-d774f34cd941: flushIndex: setUnconditionally 0 -> -1
2019-09-20 04:48:53,858 [pool-93-thread-1] INFO  server.RaftServerConfigKeys (ConfUtils.java:logGet(43)) - raft.server.snapshot.auto.trigger.enabled = true (custom)
2019-09-20 04:48:53,859 [pool-93-thread-1] INFO  server.RaftServerConfigKeys (ConfUtils.java:logGet(43)) - raft.server.snapshot.auto.trigger.threshold = 10000 (custom)
2019-09-20 04:48:53,859 [pool-93-thread-1] INFO  server.RaftServerConfigKeys (ConfUtils.java:logGet(43)) - raft.server.retrycache.expirytime = 600000ms (custom)
2019-09-20 04:48:53,859 [pool-93-thread-1] INFO  impl.RaftServerImpl (RaftServerImpl.java:start(180)) - 8d97392c-5f4b-400a-94a1-fb61a3ebbc99: start group-D774F34CD941
2019-09-20 04:48:53,859 [pool-93-thread-1] INFO  impl.RaftServerImpl (RaftServerImpl.java:setRole(171)) - 8d97392c-5f4b-400a-94a1-fb61a3ebbc99:group-D774F34CD941 changes role from null to FOLLOWER at term 0 for startAsFollower
2019-09-20 04:48:53,860 [pool-93-thread-1] INFO  impl.RoleInfo (RoleInfo.java:updateAndGet(143)) - 8d97392c-5f4b-400a-94a1-fb61a3ebbc99: start FollowerState
2019-09-20 04:48:53,860 [pool-93-thread-1] INFO  util.JmxRegister (JmxRegister.java:tryRegister(44)) - Successfully registered JMX Bean with object name Ratis:service=RaftServer,group=group-D774F34CD941,id=8d97392c-5f4b-400a-94a1-fb61a3ebbc99
2019-09-20 04:48:53,866 [RatisPipelineUtilsThread] INFO  pipeline.PipelineStateManager (PipelineStateManager.java:addPipeline(56)) - Created pipeline Pipeline[ Id: 9bf0491d-ae7b-43cd-81fc-d774f34cd941, Nodes: 8d97392c-5f4b-400a-94a1-fb61a3ebbc99{ip: 192.168.36.79, host: pr-hdds-1569-s8kj2-2266485376, networkLocation: /default-rack, certSerialId: null}, Type:RATIS, Factor:ONE, State:OPEN]
2019-09-20 04:48:53,866 [RatisPipelineUtilsThread] INFO  pipeline.PipelinePlacementPolicy (PipelinePlacementPolicy.java:meetCriteria(91)) - Pipeline Placement: Doesn't meet the criteria to be viable node： eaf3ecbe-c3b1-4969-ad3a-e4de7fb04f81 Heaviness: 6 limit: 5
2019-09-20 04:48:53,866 [eaf3ecbe-c3b1-4969-ad3a-e4de7fb04f81-SegmentedRaftLogWorker:Storage Directory /workdir/hadoop-ozone/integration-test/target/test-dir/MiniOzoneClusterImpl-c00aaa5b-d63b-4769-9462-6a4c88d2a8bf/datanode-5/data/ratis/8d26a647-6e4b-4dc1-8b15-f1d71db64ed4] INFO  segmented.SegmentedRaftLogWorker (SegmentedRaftLogWorker.java:execute(569)) - eaf3ecbe-c3b1-4969-ad3a-e4de7fb04f81-SegmentedRaftLogWorker:Storage Directory /workdir/hadoop-ozone/integration-test/target/test-dir/MiniOzoneClusterImpl-c00aaa5b-d63b-4769-9462-6a4c88d2a8bf/datanode-5/data/ratis/8d26a647-6e4b-4dc1-8b15-f1d71db64ed4: created new log segment /workdir/hadoop-ozone/integration-test/target/test-dir/MiniOzoneClusterImpl-c00aaa5b-d63b-4769-9462-6a4c88d2a8bf/datanode-5/data/ratis/8d26a647-6e4b-4dc1-8b15-f1d71db64ed4/current/log_inprogress_0
2019-09-20 04:48:53,866 [RatisPipelineUtilsThread] INFO  pipeline.PipelinePlacementPolicy (PipelinePlacementPolicy.java:meetCriteria(91)) - Pipeline Placement: Doesn't meet the criteria to be viable node： ea71b9af-1075-4196-9693-aa14e10f536d Heaviness: 6 limit: 5
2019-09-20 04:48:53,867 [RatisPipelineUtilsThread] INFO  pipeline.PipelinePlacementPolicy (PipelinePlacementPolicy.java:meetCriteria(91)) - Pipeline Placement: Doesn't meet the criteria to be viable node： 42fc6e92-fcdd-4827-b621-9fc58a3d2315 Heaviness: 6 limit: 5
2019-09-20 04:48:53,867 [RatisPipelineUtilsThread] INFO  pipeline.PipelinePlacementPolicy (PipelinePlacementPolicy.java:meetCriteria(91)) - Pipeline Placement: Doesn't meet the criteria to be viable node： 1d91ad97-6666-4ee7-855a-8b5e944e7401 Heaviness: 6 limit: 5
2019-09-20 04:48:53,867 [RatisPipelineUtilsThread] INFO  pipeline.PipelinePlacementPolicy (PipelinePlacementPolicy.java:meetCriteria(91)) - Pipeline Placement: Doesn't meet the criteria to be viable node： 2d6465ef-cffa-473a-a4c6-a9aa3f1a26c0 Heaviness: 6 limit: 5
2019-09-20 04:48:53,868 [RatisPipelineUtilsThread] INFO  pipeline.PipelinePlacementPolicy (PipelinePlacementPolicy.java:meetCriteria(91)) - Pipeline Placement: Doesn't meet the criteria to be viable node： 2702b462-69d8-4c1b-aae1-091a21fe08b8 Heaviness: 6 limit: 5
2019-09-20 04:48:53,883 [grpc-default-executor-0] INFO  impl.RaftServerProxy (RaftServerProxy.java:addNew(89)) - 8d97392c-5f4b-400a-94a1-fb61a3ebbc99: addNew group-8278269BF7C6:[8d97392c-5f4b-400a-94a1-fb61a3ebbc99:192.168.36.79:38885] returns group-8278269BF7C6:java.util.concurrent.CompletableFuture@3faebac4[Not completed]
2019-09-20 04:48:53,885 [pool-93-thread-1] INFO  impl.RaftServerImpl (RaftServerImpl.java:<init>(93)) - 8d97392c-5f4b-400a-94a1-fb61a3ebbc99: new RaftServerImpl for group-8278269BF7C6:[8d97392c-5f4b-400a-94a1-fb61a3ebbc99:192.168.36.79:38885] with ContainerStateMachine:uninitialized
2019-09-20 04:48:53,885 [pool-93-thread-1] INFO  server.RaftServerConfigKeys (ConfUtils.java:logGet(43)) - raft.server.rpc.timeout.min = 1s (custom)
2019-09-20 04:48:53,886 [pool-93-thread-1] INFO  server.RaftServerConfigKeys (ConfUtils.java:logGet(43)) - raft.server.rpc.timeout.max = 1200ms (custom)
2019-09-20 04:48:53,886 [pool-93-thread-1] INFO  server.RaftServerConfigKeys (ConfUtils.java:logGet(43)) - raft.server.rpcslowness.timeout = 120s (custom)
2019-09-20 04:48:53,886 [pool-93-thread-1] INFO  server.RaftServerConfigKeys (ConfUtils.java:logGet(43)) - raft.server.sleep.deviation.threshold = 300 (default)
2019-09-20 04:48:53,886 [pool-93-thread-1] INFO  server.RaftServerConfigKeys (ConfUtils.java:logGet(43)) - raft.server.log.appender.install.snapshot.enabled = false (custom)
2019-09-20 04:48:53,886 [pool-93-thread-1] INFO  impl.RaftServerImpl (ServerState.java:<init>(105)) - 8d97392c-5f4b-400a-94a1-fb61a3ebbc99:group-8278269BF7C6 ConfigurationManager, init=-1: [8d97392c-5f4b-400a-94a1-fb61a3ebbc99:192.168.36.79:38885], old=null, confs=<EMPTY_MAP>
2019-09-20 04:48:53,886 [pool-93-thread-1] INFO  server.RaftServerConfigKeys (ConfUtils.java:logGet(43)) - raft.server.storage.dir = [/workdir/hadoop-ozone/integration-test/target/test-dir/MiniOzoneClusterImpl-c00aaa5b-d63b-4769-9462-6a4c88d2a8bf/datanode-6/data/ratis] (custom)
2019-09-20 04:48:53,887 [pool-93-thread-1] INFO  storage.RaftStorageDirectory (RaftStorageDirectory.java:analyzeStorage(246)) - The storage directory /workdir/hadoop-ozone/integration-test/target/test-dir/MiniOzoneClusterImpl-c00aaa5b-d63b-4769-9462-6a4c88d2a8bf/datanode-6/data/ratis/1ff1fb97-f34f-4656-a804-8278269bf7c6 does not exist. Creating ...
2019-09-20 04:48:53,891 [Thread-351] INFO  impl.FollowerState (FollowerState.java:run(106)) - 1d91ad97-6666-4ee7-855a-8b5e944e7401:group-D3DE3AE74571 changes to CANDIDATE, lastRpcTime:1160, electionTimeout:1160ms
2019-09-20 04:48:53,891 [Thread-351] INFO  impl.RoleInfo (RoleInfo.java:shutdownFollowerState(121)) - 1d91ad97-6666-4ee7-855a-8b5e944e7401: shutdown FollowerState
2019-09-20 04:48:53,891 [Thread-351] INFO  impl.RaftServerImpl (RaftServerImpl.java:setRole(171)) - 1d91ad97-6666-4ee7-855a-8b5e944e7401:group-D3DE3AE74571 changes role from FOLLOWER to CANDIDATE at term 0 for changeToCandidate
2019-09-20 04:48:53,891 [Thread-351] INFO  impl.RoleInfo (RoleInfo.java:updateAndGet(143)) - 1d91ad97-6666-4ee7-855a-8b5e944e7401: start LeaderElection
2019-09-20 04:48:53,902 | INFO  | SCMAudit | user=jenkins1000 | ip=192.168.36.79 | op=SEND_HEARTBEAT {datanodeUUID=ea71b9af-1075-4196-9693-aa14e10f536d, command=[]} | ret=SUCCESS |  
2019-09-20 04:48:53,929 [Thread-360] INFO  impl.FollowerState (FollowerState.java:run(106)) - 1d91ad97-6666-4ee7-855a-8b5e944e7401:group-4642546FD472 changes to CANDIDATE, lastRpcTime:1073, electionTimeout:1073ms
2019-09-20 04:48:53,929 [Thread-360] INFO  impl.RoleInfo (RoleInfo.java:shutdownFollowerState(121)) - 1d91ad97-6666-4ee7-855a-8b5e944e7401: shutdown FollowerState
2019-09-20 04:48:53,929 [Thread-360] INFO  impl.RaftServerImpl (RaftServerImpl.java:setRole(171)) - 1d91ad97-6666-4ee7-855a-8b5e944e7401:group-4642546FD472 changes role from FOLLOWER to CANDIDATE at term 0 for changeToCandidate
2019-09-20 04:48:53,929 [Thread-360] INFO  impl.RoleInfo (RoleInfo.java:updateAndGet(143)) - 1d91ad97-6666-4ee7-855a-8b5e944e7401: start LeaderElection
2019-09-20 04:48:53,933 [pool-93-thread-1] INFO  storage.RaftStorageDirectory (RaftStorageDirectory.java:tryLock(328)) - Lock on /workdir/hadoop-ozone/integration-test/target/test-dir/MiniOzoneClusterImpl-c00aaa5b-d63b-4769-9462-6a4c88d2a8bf/datanode-6/data/ratis/1ff1fb97-f34f-4656-a804-8278269bf7c6/in_use.lock acquired by nodename 9457@pr-hdds-1569-s8kj2-2266485376
2019-09-20 04:48:53,934 [1d91ad97-6666-4ee7-855a-8b5e944e7401:group-D3DE3AE74571:LeaderElection27] INFO  impl.LeaderElection (LeaderElection.java:askForVotes(181)) - 1d91ad97-6666-4ee7-855a-8b5e944e7401:group-D3DE3AE74571:LeaderElection27: begin an election at term 1 for -1: [1d91ad97-6666-4ee7-855a-8b5e944e7401:192.168.36.79:34447], old=null
2019-09-20 04:48:53,934 [1d91ad97-6666-4ee7-855a-8b5e944e7401:group-D3DE3AE74571:LeaderElection27] INFO  impl.RoleInfo (RoleInfo.java:shutdownLeaderElection(134)) - 1d91ad97-6666-4ee7-855a-8b5e944e7401: shutdown LeaderElection
2019-09-20 04:48:53,934 [1d91ad97-6666-4ee7-855a-8b5e944e7401:group-D3DE3AE74571:LeaderElection27] INFO  impl.RaftServerImpl (RaftServerImpl.java:setRole(171)) - 1d91ad97-6666-4ee7-855a-8b5e944e7401:group-D3DE3AE74571 changes role from CANDIDATE to LEADER at term 1 for changeToLeader
2019-09-20 04:48:53,934 [1d91ad97-6666-4ee7-855a-8b5e944e7401:group-D3DE3AE74571:LeaderElection27] INFO  impl.RaftServerImpl (ServerState.java:setLeader(263)) - 1d91ad97-6666-4ee7-855a-8b5e944e7401:group-D3DE3AE74571 change Leader from null to 1d91ad97-6666-4ee7-855a-8b5e944e7401 at term 1 for becomeLeader, leader elected after 1207ms
2019-09-20 04:48:53,936 [1d91ad97-6666-4ee7-855a-8b5e944e7401:group-D3DE3AE74571:LeaderElection27] INFO  server.RaftServerConfigKeys (ConfUtils.java:logGet(43)) - raft.server.staging.catchup.gap = 1000 (default)
2019-09-20 04:48:53,936 [1d91ad97-6666-4ee7-855a-8b5e944e7401:group-D3DE3AE74571:LeaderElection27] INFO  server.RaftServerConfigKeys (ConfUtils.java:logGet(43)) - raft.server.rpc.sleep.time = 25ms (default)
2019-09-20 04:48:53,936 [1d91ad97-6666-4ee7-855a-8b5e944e7401:group-D3DE3AE74571:LeaderElection27] INFO  server.RaftServerConfigKeys (ConfUtils.java:logGet(43)) - raft.server.write.element-limit = 4096 (default)
2019-09-20 04:48:53,937 [1d91ad97-6666-4ee7-855a-8b5e944e7401:group-D3DE3AE74571:LeaderElection27] INFO  server.RaftServerConfigKeys (ConfUtils.java:logGet(43)) - raft.server.watch.timeout = 10s (default)
2019-09-20 04:48:53,937 [1d91ad97-6666-4ee7-855a-8b5e944e7401:group-D3DE3AE74571:LeaderElection27] INFO  server.RaftServerConfigKeys (ConfUtils.java:logGet(43)) - raft.server.watch.timeout.denomination = 1s (default)
2019-09-20 04:48:53,937 [1d91ad97-6666-4ee7-855a-8b5e944e7401:group-D3DE3AE74571:LeaderElection27] INFO  server.RaftServerConfigKeys (ConfUtils.java:logGet(43)) - raft.server.watch.element-limit = 65536 (default)
2019-09-20 04:48:53,937 [1d91ad97-6666-4ee7-855a-8b5e944e7401:group-D3DE3AE74571:LeaderElection27] INFO  impl.RoleInfo (RoleInfo.java:updateAndGet(143)) - 1d91ad97-6666-4ee7-855a-8b5e944e7401: start LeaderState
2019-09-20 04:48:53,937 [1d91ad97-6666-4ee7-855a-8b5e944e7401:group-D3DE3AE74571:LeaderElection27] INFO  segmented.SegmentedRaftLogWorker (SegmentedRaftLogWorker.java:startLogSegment(380)) - 1d91ad97-6666-4ee7-855a-8b5e944e7401-SegmentedRaftLogWorker:Storage Directory /workdir/hadoop-ozone/integration-test/target/test-dir/MiniOzoneClusterImpl-c00aaa5b-d63b-4769-9462-6a4c88d2a8bf/datanode-4/data/ratis/f29639bd-24f7-4391-9fa7-d3de3ae74571: Starting segment from index:0
2019-09-20 04:48:53,938 [1d91ad97-6666-4ee7-855a-8b5e944e7401:group-D3DE3AE74571:LeaderElection27] INFO  impl.RaftServerImpl (ServerState.java:setRaftConf(361)) - 1d91ad97-6666-4ee7-855a-8b5e944e7401:group-D3DE3AE74571 set configuration 0: [1d91ad97-6666-4ee7-855a-8b5e944e7401:192.168.36.79:34447], old=null at 0
2019-09-20 04:48:53,973 [pool-93-thread-1] INFO  storage.RaftStorage (RaftStorage.java:format(72)) - Storage directory /workdir/hadoop-ozone/integration-test/target/test-dir/MiniOzoneClusterImpl-c00aaa5b-d63b-4769-9462-6a4c88d2a8bf/datanode-6/data/ratis/1ff1fb97-f34f-4656-a804-8278269bf7c6 has been successfully formatted.
2019-09-20 04:48:53,973 [1d91ad97-6666-4ee7-855a-8b5e944e7401:group-4642546FD472:LeaderElection28] INFO  impl.LeaderElection (LeaderElection.java:askForVotes(181)) - 1d91ad97-6666-4ee7-855a-8b5e944e7401:group-4642546FD472:LeaderElection28: begin an election at term 1 for -1: [1d91ad97-6666-4ee7-855a-8b5e944e7401:192.168.36.79:34447], old=null
2019-09-20 04:48:53,973 [1d91ad97-6666-4ee7-855a-8b5e944e7401:group-4642546FD472:LeaderElection28] INFO  impl.RoleInfo (RoleInfo.java:shutdownLeaderElection(134)) - 1d91ad97-6666-4ee7-855a-8b5e944e7401: shutdown LeaderElection
2019-09-20 04:48:53,973 [pool-93-thread-1] INFO  ratis.ContainerStateMachine (ContainerStateMachine.java:loadSnapshot(226)) - group-8278269BF7C6: The snapshot info is null. Setting the last applied indexto:(t:0, i:~)
2019-09-20 04:48:53,973 [1d91ad97-6666-4ee7-855a-8b5e944e7401:group-4642546FD472:LeaderElection28] INFO  impl.RaftServerImpl (RaftServerImpl.java:setRole(171)) - 1d91ad97-6666-4ee7-855a-8b5e944e7401:group-4642546FD472 changes role from CANDIDATE to LEADER at term 1 for changeToLeader
2019-09-20 04:48:53,973 [pool-93-thread-1] INFO  server.RaftServerConfigKeys (ConfUtils.java:logGet(43)) - raft.server.leader.election.timeout = 120s (custom)
2019-09-20 04:48:53,973 [1d91ad97-6666-4ee7-855a-8b5e944e7401:group-4642546FD472:LeaderElection28] INFO  impl.RaftServerImpl (ServerState.java:setLeader(263)) - 1d91ad97-6666-4ee7-855a-8b5e944e7401:group-4642546FD472 change Leader from null to 1d91ad97-6666-4ee7-855a-8b5e944e7401 at term 1 for becomeLeader, leader elected after 1121ms
2019-09-20 04:48:53,974 [pool-93-thread-1] INFO  server.RaftServerConfigKeys (ConfUtils.java:logGet(43)) - raft.server.log.use.memory = false (default)
2019-09-20 04:48:53,974 [1d91ad97-6666-4ee7-855a-8b5e944e7401:group-4642546FD472:LeaderElection28] INFO  server.RaftServerConfigKeys (ConfUtils.java:logGet(43)) - raft.server.staging.catchup.gap = 1000 (default)
2019-09-20 04:48:53,974 [pool-93-thread-1] INFO  server.RaftServerConfigKeys (ConfUtils.java:logGet(43)) - raft.server.log.purge.gap = 1000000 (custom)
2019-09-20 04:48:53,974 [1d91ad97-6666-4ee7-855a-8b5e944e7401:group-4642546FD472:LeaderElection28] INFO  server.RaftServerConfigKeys (ConfUtils.java:logGet(43)) - raft.server.rpc.sleep.time = 25ms (default)
2019-09-20 04:48:53,974 [pool-93-thread-1] INFO  server.RaftServerConfigKeys (ConfUtils.java:logGet(43)) - raft.server.log.appender.buffer.byte-limit = 33554432 (custom)
2019-09-20 04:48:53,974 [1d91ad97-6666-4ee7-855a-8b5e944e7401:group-4642546FD472:LeaderElection28] INFO  server.RaftServerConfigKeys (ConfUtils.java:logGet(43)) - raft.server.write.element-limit = 4096 (default)
2019-09-20 04:48:53,975 [pool-93-thread-1] INFO  server.RaftServerConfigKeys (ConfUtils.java:logGet(43)) - raft.server.log.segment.size.max = 1048576 (custom)
2019-09-20 04:48:53,975 [1d91ad97-6666-4ee7-855a-8b5e944e7401:group-4642546FD472:LeaderElection28] INFO  server.RaftServerConfigKeys (ConfUtils.java:logGet(43)) - raft.server.watch.timeout = 10s (default)
2019-09-20 04:48:53,975 [pool-93-thread-1] INFO  server.RaftServerConfigKeys (ConfUtils.java:logGet(43)) - raft.server.log.segment.cache.num.max = 2 (custom)
2019-09-20 04:48:53,975 [1d91ad97-6666-4ee7-855a-8b5e944e7401:group-4642546FD472:LeaderElection28] INFO  server.RaftServerConfigKeys (ConfUtils.java:logGet(43)) - raft.server.watch.timeout.denomination = 1s (default)
2019-09-20 04:48:53,975 [pool-93-thread-1] INFO  segmented.SegmentedRaftLogWorker (SegmentedRaftLogWorker.java:<init>(172)) - new 8d97392c-5f4b-400a-94a1-fb61a3ebbc99-SegmentedRaftLogWorker:Storage Directory /workdir/hadoop-ozone/integration-test/target/test-dir/MiniOzoneClusterImpl-c00aaa5b-d63b-4769-9462-6a4c88d2a8bf/datanode-6/data/ratis/1ff1fb97-f34f-4656-a804-8278269bf7c6 for RaftStorage:Storage Directory /workdir/hadoop-ozone/integration-test/target/test-dir/MiniOzoneClusterImpl-c00aaa5b-d63b-4769-9462-6a4c88d2a8bf/datanode-6/data/ratis/1ff1fb97-f34f-4656-a804-8278269bf7c6
2019-09-20 04:48:53,975 [1d91ad97-6666-4ee7-855a-8b5e944e7401:group-4642546FD472:LeaderElection28] INFO  server.RaftServerConfigKeys (ConfUtils.java:logGet(43)) - raft.server.watch.element-limit = 65536 (default)
2019-09-20 04:48:53,976 [pool-93-thread-1] INFO  server.RaftServerConfigKeys (ConfUtils.java:logGet(43)) - raft.server.log.queue.byte-limit = 2147483647 (custom)
2019-09-20 04:48:53,976 [1d91ad97-6666-4ee7-855a-8b5e944e7401:group-4642546FD472:LeaderElection28] INFO  impl.RoleInfo (RoleInfo.java:updateAndGet(143)) - 1d91ad97-6666-4ee7-855a-8b5e944e7401: start LeaderState
2019-09-20 04:48:53,976 [pool-93-thread-1] INFO  server.RaftServerConfigKeys (ConfUtils.java:logGet(43)) - raft.server.log.queue.element-limit = 1024 (custom)
2019-09-20 04:48:53,976 [1d91ad97-6666-4ee7-855a-8b5e944e7401:group-4642546FD472:LeaderElection28] INFO  segmented.SegmentedRaftLogWorker (SegmentedRaftLogWorker.java:startLogSegment(380)) - 1d91ad97-6666-4ee7-855a-8b5e944e7401-SegmentedRaftLogWorker:Storage Directory /workdir/hadoop-ozone/integration-test/target/test-dir/MiniOzoneClusterImpl-c00aaa5b-d63b-4769-9462-6a4c88d2a8bf/datanode-4/data/ratis/9a480842-eb85-49d1-966c-4642546fd472: Starting segment from index:0
2019-09-20 04:48:53,976 [pool-93-thread-1] INFO  server.RaftServerConfigKeys (ConfUtils.java:logGet(43)) - raft.server.log.segment.size.max = 1048576 (custom)
2019-09-20 04:48:53,977 [pool-93-thread-1] INFO  server.RaftServerConfigKeys (ConfUtils.java:logGet(43)) - raft.server.log.preallocated.size = 16384 (custom)
2019-09-20 04:48:53,977 [1d91ad97-6666-4ee7-855a-8b5e944e7401:group-4642546FD472:LeaderElection28] INFO  impl.RaftServerImpl (ServerState.java:setRaftConf(361)) - 1d91ad97-6666-4ee7-855a-8b5e944e7401:group-4642546FD472 set configuration 0: [1d91ad97-6666-4ee7-855a-8b5e944e7401:192.168.36.79:34447], old=null at 0
2019-09-20 04:48:53,977 [pool-93-thread-1] INFO  server.RaftServerConfigKeys (ConfUtils.java:logGet(43)) - raft.server.log.write.buffer.size = 33554432 (custom)
2019-09-20 04:48:54,007 [1d91ad97-6666-4ee7-855a-8b5e944e7401-SegmentedRaftLogWorker:Storage Directory /workdir/hadoop-ozone/integration-test/target/test-dir/MiniOzoneClusterImpl-c00aaa5b-d63b-4769-9462-6a4c88d2a8bf/datanode-4/data/ratis/f29639bd-24f7-4391-9fa7-d3de3ae74571] INFO  segmented.SegmentedRaftLogWorker (SegmentedRaftLogWorker.java:execute(569)) - 1d91ad97-6666-4ee7-855a-8b5e944e7401-SegmentedRaftLogWorker:Storage Directory /workdir/hadoop-ozone/integration-test/target/test-dir/MiniOzoneClusterImpl-c00aaa5b-d63b-4769-9462-6a4c88d2a8bf/datanode-4/data/ratis/f29639bd-24f7-4391-9fa7-d3de3ae74571: created new log segment /workdir/hadoop-ozone/integration-test/target/test-dir/MiniOzoneClusterImpl-c00aaa5b-d63b-4769-9462-6a4c88d2a8bf/datanode-4/data/ratis/f29639bd-24f7-4391-9fa7-d3de3ae74571/current/log_inprogress_0
2019-09-20 04:48:54,007 [pool-93-thread-1] INFO  server.RaftServerConfigKeys (ConfUtils.java:logGet(43)) - raft.server.log.force.sync.num = 128 (default)
2019-09-20 04:48:54,008 [pool-93-thread-1] INFO  server.RaftServerConfigKeys (ConfUtils.java:logGet(43)) - raft.server.log.statemachine.data.sync = true (default)
2019-09-20 04:48:54,008 [pool-93-thread-1] INFO  server.RaftServerConfigKeys (ConfUtils.java:logGet(43)) - raft.server.log.statemachine.data.sync.timeout = 10s (default)
2019-09-20 04:48:54,008 [pool-93-thread-1] INFO  server.RaftServerConfigKeys (ConfUtils.java:logGet(43)) - raft.server.log.statemachine.data.sync.timeout.retry = -1 (default)
2019-09-20 04:48:54,009 [pool-93-thread-1] INFO  server.RaftServerConfigKeys (ConfUtils.java:logGet(43)) - raft.server.log.statemachine.data.caching.enabled = true (custom)
2019-09-20 04:48:54,009 [pool-93-thread-1] INFO  segmented.SegmentedRaftLogWorker (SegmentedRaftLogWorker.java:lambda$new$0(132)) - 8d97392c-5f4b-400a-94a1-fb61a3ebbc99-SegmentedRaftLogWorker:Storage Directory /workdir/hadoop-ozone/integration-test/target/test-dir/MiniOzoneClusterImpl-c00aaa5b-d63b-4769-9462-6a4c88d2a8bf/datanode-6/data/ratis/1ff1fb97-f34f-4656-a804-8278269bf7c6: flushIndex: setUnconditionally 0 -> -1
2019-09-20 04:48:54,009 [pool-93-thread-1] INFO  server.RaftServerConfigKeys (ConfUtils.java:logGet(43)) - raft.server.snapshot.auto.trigger.enabled = true (custom)
2019-09-20 04:48:54,010 [pool-93-thread-1] INFO  server.RaftServerConfigKeys (ConfUtils.java:logGet(43)) - raft.server.snapshot.auto.trigger.threshold = 10000 (custom)
2019-09-20 04:48:54,010 [pool-93-thread-1] INFO  server.RaftServerConfigKeys (ConfUtils.java:logGet(43)) - raft.server.retrycache.expirytime = 600000ms (custom)
2019-09-20 04:48:54,010 [pool-93-thread-1] INFO  impl.RaftServerImpl (RaftServerImpl.java:start(180)) - 8d97392c-5f4b-400a-94a1-fb61a3ebbc99: start group-8278269BF7C6
2019-09-20 04:48:54,010 [pool-93-thread-1] INFO  impl.RaftServerImpl (RaftServerImpl.java:setRole(171)) - 8d97392c-5f4b-400a-94a1-fb61a3ebbc99:group-8278269BF7C6 changes role from null to FOLLOWER at term 0 for startAsFollower
2019-09-20 04:48:54,011 [pool-93-thread-1] INFO  impl.RoleInfo (RoleInfo.java:updateAndGet(143)) - 8d97392c-5f4b-400a-94a1-fb61a3ebbc99: start FollowerState
2019-09-20 04:48:54,011 [pool-93-thread-1] INFO  util.JmxRegister (JmxRegister.java:tryRegister(44)) - Successfully registered JMX Bean with object name Ratis:service=RaftServer,group=group-8278269BF7C6,id=8d97392c-5f4b-400a-94a1-fb61a3ebbc99
2019-09-20 04:48:54,017 [RatisPipelineUtilsThread] INFO  pipeline.PipelineStateManager (PipelineStateManager.java:addPipeline(56)) - Created pipeline Pipeline[ Id: 1ff1fb97-f34f-4656-a804-8278269bf7c6, Nodes: 8d97392c-5f4b-400a-94a1-fb61a3ebbc99{ip: 192.168.36.79, host: pr-hdds-1569-s8kj2-2266485376, networkLocation: /default-rack, certSerialId: null}, Type:RATIS, Factor:ONE, State:OPEN]
2019-09-20 04:48:54,017 [RatisPipelineUtilsThread] INFO  pipeline.PipelinePlacementPolicy (PipelinePlacementPolicy.java:meetCriteria(91)) - Pipeline Placement: Doesn't meet the criteria to be viable node： eaf3ecbe-c3b1-4969-ad3a-e4de7fb04f81 Heaviness: 6 limit: 5
2019-09-20 04:48:54,018 [RatisPipelineUtilsThread] INFO  pipeline.PipelinePlacementPolicy (PipelinePlacementPolicy.java:meetCriteria(91)) - Pipeline Placement: Doesn't meet the criteria to be viable node： ea71b9af-1075-4196-9693-aa14e10f536d Heaviness: 6 limit: 5
2019-09-20 04:48:54,018 [RatisPipelineUtilsThread] INFO  pipeline.PipelinePlacementPolicy (PipelinePlacementPolicy.java:meetCriteria(91)) - Pipeline Placement: Doesn't meet the criteria to be viable node： 42fc6e92-fcdd-4827-b621-9fc58a3d2315 Heaviness: 6 limit: 5
2019-09-20 04:48:54,018 [RatisPipelineUtilsThread] INFO  pipeline.PipelinePlacementPolicy (PipelinePlacementPolicy.java:meetCriteria(91)) - Pipeline Placement: Doesn't meet the criteria to be viable node： 1d91ad97-6666-4ee7-855a-8b5e944e7401 Heaviness: 6 limit: 5
2019-09-20 04:48:54,018 [RatisPipelineUtilsThread] INFO  pipeline.PipelinePlacementPolicy (PipelinePlacementPolicy.java:meetCriteria(91)) - Pipeline Placement: Doesn't meet the criteria to be viable node： 2d6465ef-cffa-473a-a4c6-a9aa3f1a26c0 Heaviness: 6 limit: 5
2019-09-20 04:48:54,019 [RatisPipelineUtilsThread] INFO  pipeline.PipelinePlacementPolicy (PipelinePlacementPolicy.java:meetCriteria(91)) - Pipeline Placement: Doesn't meet the criteria to be viable node： 2702b462-69d8-4c1b-aae1-091a21fe08b8 Heaviness: 6 limit: 5
2019-09-20 04:48:54,027 [1d91ad97-6666-4ee7-855a-8b5e944e7401-SegmentedRaftLogWorker:Storage Directory /workdir/hadoop-ozone/integration-test/target/test-dir/MiniOzoneClusterImpl-c00aaa5b-d63b-4769-9462-6a4c88d2a8bf/datanode-4/data/ratis/9a480842-eb85-49d1-966c-4642546fd472] INFO  segmented.SegmentedRaftLogWorker (SegmentedRaftLogWorker.java:execute(569)) - 1d91ad97-6666-4ee7-855a-8b5e944e7401-SegmentedRaftLogWorker:Storage Directory /workdir/hadoop-ozone/integration-test/target/test-dir/MiniOzoneClusterImpl-c00aaa5b-d63b-4769-9462-6a4c88d2a8bf/datanode-4/data/ratis/9a480842-eb85-49d1-966c-4642546fd472: created new log segment /workdir/hadoop-ozone/integration-test/target/test-dir/MiniOzoneClusterImpl-c00aaa5b-d63b-4769-9462-6a4c88d2a8bf/datanode-4/data/ratis/9a480842-eb85-49d1-966c-4642546fd472/current/log_inprogress_0
2019-09-20 04:48:54,039 [grpc-default-executor-0] INFO  impl.RaftServerProxy (RaftServerProxy.java:addNew(89)) - 8d97392c-5f4b-400a-94a1-fb61a3ebbc99: addNew group-04A770B09B67:[8d97392c-5f4b-400a-94a1-fb61a3ebbc99:192.168.36.79:38885] returns group-04A770B09B67:java.util.concurrent.CompletableFuture@75fef8f8[Not completed]
2019-09-20 04:48:54,041 [pool-93-thread-1] INFO  impl.RaftServerImpl (RaftServerImpl.java:<init>(93)) - 8d97392c-5f4b-400a-94a1-fb61a3ebbc99: new RaftServerImpl for group-04A770B09B67:[8d97392c-5f4b-400a-94a1-fb61a3ebbc99:192.168.36.79:38885] with ContainerStateMachine:uninitialized
2019-09-20 04:48:54,041 [pool-93-thread-1] INFO  server.RaftServerConfigKeys (ConfUtils.java:logGet(43)) - raft.server.rpc.timeout.min = 1s (custom)
2019-09-20 04:48:54,042 [pool-93-thread-1] INFO  server.RaftServerConfigKeys (ConfUtils.java:logGet(43)) - raft.server.rpc.timeout.max = 1200ms (custom)
2019-09-20 04:48:54,042 [pool-93-thread-1] INFO  server.RaftServerConfigKeys (ConfUtils.java:logGet(43)) - raft.server.rpcslowness.timeout = 120s (custom)
2019-09-20 04:48:54,042 [pool-93-thread-1] INFO  server.RaftServerConfigKeys (ConfUtils.java:logGet(43)) - raft.server.sleep.deviation.threshold = 300 (default)
2019-09-20 04:48:54,042 [pool-93-thread-1] INFO  server.RaftServerConfigKeys (ConfUtils.java:logGet(43)) - raft.server.log.appender.install.snapshot.enabled = false (custom)
2019-09-20 04:48:54,042 [pool-93-thread-1] INFO  impl.RaftServerImpl (ServerState.java:<init>(105)) - 8d97392c-5f4b-400a-94a1-fb61a3ebbc99:group-04A770B09B67 ConfigurationManager, init=-1: [8d97392c-5f4b-400a-94a1-fb61a3ebbc99:192.168.36.79:38885], old=null, confs=<EMPTY_MAP>
2019-09-20 04:48:54,042 [pool-93-thread-1] INFO  server.RaftServerConfigKeys (ConfUtils.java:logGet(43)) - raft.server.storage.dir = [/workdir/hadoop-ozone/integration-test/target/test-dir/MiniOzoneClusterImpl-c00aaa5b-d63b-4769-9462-6a4c88d2a8bf/datanode-6/data/ratis] (custom)
2019-09-20 04:48:54,043 [pool-93-thread-1] INFO  storage.RaftStorageDirectory (RaftStorageDirectory.java:analyzeStorage(246)) - The storage directory /workdir/hadoop-ozone/integration-test/target/test-dir/MiniOzoneClusterImpl-c00aaa5b-d63b-4769-9462-6a4c88d2a8bf/datanode-6/data/ratis/ff381620-3785-45a2-b193-04a770b09b67 does not exist. Creating ...
2019-09-20 04:48:54,066 | INFO  | SCMAudit | user=jenkins1000 | ip=192.168.36.79 | op=SEND_HEARTBEAT {datanodeUUID=eaf3ecbe-c3b1-4969-ad3a-e4de7fb04f81, command=[]} | ret=SUCCESS |  
2019-09-20 04:48:54,069 [pool-93-thread-1] INFO  storage.RaftStorageDirectory (RaftStorageDirectory.java:tryLock(328)) - Lock on /workdir/hadoop-ozone/integration-test/target/test-dir/MiniOzoneClusterImpl-c00aaa5b-d63b-4769-9462-6a4c88d2a8bf/datanode-6/data/ratis/ff381620-3785-45a2-b193-04a770b09b67/in_use.lock acquired by nodename 9457@pr-hdds-1569-s8kj2-2266485376
2019-09-20 04:48:54,086 [pool-93-thread-1] INFO  storage.RaftStorage (RaftStorage.java:format(72)) - Storage directory /workdir/hadoop-ozone/integration-test/target/test-dir/MiniOzoneClusterImpl-c00aaa5b-d63b-4769-9462-6a4c88d2a8bf/datanode-6/data/ratis/ff381620-3785-45a2-b193-04a770b09b67 has been successfully formatted.
2019-09-20 04:48:54,087 [pool-93-thread-1] INFO  ratis.ContainerStateMachine (ContainerStateMachine.java:loadSnapshot(226)) - group-04A770B09B67: The snapshot info is null. Setting the last applied indexto:(t:0, i:~)
2019-09-20 04:48:54,087 [pool-93-thread-1] INFO  server.RaftServerConfigKeys (ConfUtils.java:logGet(43)) - raft.server.leader.election.timeout = 120s (custom)
2019-09-20 04:48:54,087 [pool-93-thread-1] INFO  server.RaftServerConfigKeys (ConfUtils.java:logGet(43)) - raft.server.log.use.memory = false (default)
2019-09-20 04:48:54,087 [pool-93-thread-1] INFO  server.RaftServerConfigKeys (ConfUtils.java:logGet(43)) - raft.server.log.purge.gap = 1000000 (custom)
2019-09-20 04:48:54,087 [pool-93-thread-1] INFO  server.RaftServerConfigKeys (ConfUtils.java:logGet(43)) - raft.server.log.appender.buffer.byte-limit = 33554432 (custom)
2019-09-20 04:48:54,088 [pool-93-thread-1] INFO  server.RaftServerConfigKeys (ConfUtils.java:logGet(43)) - raft.server.log.segment.size.max = 1048576 (custom)
2019-09-20 04:48:54,088 [pool-93-thread-1] INFO  server.RaftServerConfigKeys (ConfUtils.java:logGet(43)) - raft.server.log.segment.cache.num.max = 2 (custom)
2019-09-20 04:48:54,088 [pool-93-thread-1] INFO  segmented.SegmentedRaftLogWorker (SegmentedRaftLogWorker.java:<init>(172)) - new 8d97392c-5f4b-400a-94a1-fb61a3ebbc99-SegmentedRaftLogWorker:Storage Directory /workdir/hadoop-ozone/integration-test/target/test-dir/MiniOzoneClusterImpl-c00aaa5b-d63b-4769-9462-6a4c88d2a8bf/datanode-6/data/ratis/ff381620-3785-45a2-b193-04a770b09b67 for RaftStorage:Storage Directory /workdir/hadoop-ozone/integration-test/target/test-dir/MiniOzoneClusterImpl-c00aaa5b-d63b-4769-9462-6a4c88d2a8bf/datanode-6/data/ratis/ff381620-3785-45a2-b193-04a770b09b67
2019-09-20 04:48:54,088 [pool-93-thread-1] INFO  server.RaftServerConfigKeys (ConfUtils.java:logGet(43)) - raft.server.log.queue.byte-limit = 2147483647 (custom)
2019-09-20 04:48:54,088 [pool-93-thread-1] INFO  server.RaftServerConfigKeys (ConfUtils.java:logGet(43)) - raft.server.log.queue.element-limit = 1024 (custom)
2019-09-20 04:48:54,088 [pool-93-thread-1] INFO  server.RaftServerConfigKeys (ConfUtils.java:logGet(43)) - raft.server.log.segment.size.max = 1048576 (custom)
2019-09-20 04:48:54,088 [pool-93-thread-1] INFO  server.RaftServerConfigKeys (ConfUtils.java:logGet(43)) - raft.server.log.preallocated.size = 16384 (custom)
2019-09-20 04:48:54,089 [pool-93-thread-1] INFO  server.RaftServerConfigKeys (ConfUtils.java:logGet(43)) - raft.server.log.write.buffer.size = 33554432 (custom)
2019-09-20 04:48:54,089 [pool-93-thread-1] INFO  server.RaftServerConfigKeys (ConfUtils.java:logGet(43)) - raft.server.log.force.sync.num = 128 (default)
2019-09-20 04:48:54,089 [pool-93-thread-1] INFO  server.RaftServerConfigKeys (ConfUtils.java:logGet(43)) - raft.server.log.statemachine.data.sync = true (default)
2019-09-20 04:48:54,089 [pool-93-thread-1] INFO  server.RaftServerConfigKeys (ConfUtils.java:logGet(43)) - raft.server.log.statemachine.data.sync.timeout = 10s (default)
2019-09-20 04:48:54,089 [pool-93-thread-1] INFO  server.RaftServerConfigKeys (ConfUtils.java:logGet(43)) - raft.server.log.statemachine.data.sync.timeout.retry = -1 (default)
2019-09-20 04:48:54,089 [pool-93-thread-1] INFO  server.RaftServerConfigKeys (ConfUtils.java:logGet(43)) - raft.server.log.statemachine.data.caching.enabled = true (custom)
2019-09-20 04:48:54,090 [pool-93-thread-1] INFO  segmented.SegmentedRaftLogWorker (SegmentedRaftLogWorker.java:lambda$new$0(132)) - 8d97392c-5f4b-400a-94a1-fb61a3ebbc99-SegmentedRaftLogWorker:Storage Directory /workdir/hadoop-ozone/integration-test/target/test-dir/MiniOzoneClusterImpl-c00aaa5b-d63b-4769-9462-6a4c88d2a8bf/datanode-6/data/ratis/ff381620-3785-45a2-b193-04a770b09b67: flushIndex: setUnconditionally 0 -> -1
2019-09-20 04:48:54,090 [pool-93-thread-1] INFO  server.RaftServerConfigKeys (ConfUtils.java:logGet(43)) - raft.server.snapshot.auto.trigger.enabled = true (custom)
2019-09-20 04:48:54,090 [pool-93-thread-1] INFO  server.RaftServerConfigKeys (ConfUtils.java:logGet(43)) - raft.server.snapshot.auto.trigger.threshold = 10000 (custom)
2019-09-20 04:48:54,090 [pool-93-thread-1] INFO  server.RaftServerConfigKeys (ConfUtils.java:logGet(43)) - raft.server.retrycache.expirytime = 600000ms (custom)
2019-09-20 04:48:54,091 [pool-93-thread-1] INFO  impl.RaftServerImpl (RaftServerImpl.java:start(180)) - 8d97392c-5f4b-400a-94a1-fb61a3ebbc99: start group-04A770B09B67
2019-09-20 04:48:54,091 [pool-93-thread-1] INFO  impl.RaftServerImpl (RaftServerImpl.java:setRole(171)) - 8d97392c-5f4b-400a-94a1-fb61a3ebbc99:group-04A770B09B67 changes role from null to FOLLOWER at term 0 for startAsFollower
2019-09-20 04:48:54,091 [pool-93-thread-1] INFO  impl.RoleInfo (RoleInfo.java:updateAndGet(143)) - 8d97392c-5f4b-400a-94a1-fb61a3ebbc99: start FollowerState
2019-09-20 04:48:54,100 [pool-93-thread-1] INFO  util.JmxRegister (JmxRegister.java:tryRegister(44)) - Successfully registered JMX Bean with object name Ratis:service=RaftServer,group=group-04A770B09B67,id=8d97392c-5f4b-400a-94a1-fb61a3ebbc99
2019-09-20 04:48:54,107 [Thread-363] INFO  impl.FollowerState (FollowerState.java:run(106)) - ea71b9af-1075-4196-9693-aa14e10f536d:group-FB07807E3B59 changes to CANDIDATE, lastRpcTime:1173, electionTimeout:1169ms
2019-09-20 04:48:54,107 [Thread-363] INFO  impl.RoleInfo (RoleInfo.java:shutdownFollowerState(121)) - ea71b9af-1075-4196-9693-aa14e10f536d: shutdown FollowerState
2019-09-20 04:48:54,107 [Thread-363] INFO  impl.RaftServerImpl (RaftServerImpl.java:setRole(171)) - ea71b9af-1075-4196-9693-aa14e10f536d:group-FB07807E3B59 changes role from FOLLOWER to CANDIDATE at term 0 for changeToCandidate
2019-09-20 04:48:54,108 [Thread-363] INFO  impl.RoleInfo (RoleInfo.java:updateAndGet(143)) - ea71b9af-1075-4196-9693-aa14e10f536d: start LeaderElection
2019-09-20 04:48:54,119 [RatisPipelineUtilsThread] INFO  pipeline.PipelineStateManager (PipelineStateManager.java:addPipeline(56)) - Created pipeline Pipeline[ Id: ff381620-3785-45a2-b193-04a770b09b67, Nodes: 8d97392c-5f4b-400a-94a1-fb61a3ebbc99{ip: 192.168.36.79, host: pr-hdds-1569-s8kj2-2266485376, networkLocation: /default-rack, certSerialId: null}, Type:RATIS, Factor:ONE, State:OPEN]
2019-09-20 04:48:54,119 [RatisPipelineUtilsThread] INFO  pipeline.PipelinePlacementPolicy (PipelinePlacementPolicy.java:meetCriteria(91)) - Pipeline Placement: Doesn't meet the criteria to be viable node： eaf3ecbe-c3b1-4969-ad3a-e4de7fb04f81 Heaviness: 6 limit: 5
2019-09-20 04:48:54,119 [RatisPipelineUtilsThread] INFO  pipeline.PipelinePlacementPolicy (PipelinePlacementPolicy.java:meetCriteria(91)) - Pipeline Placement: Doesn't meet the criteria to be viable node： ea71b9af-1075-4196-9693-aa14e10f536d Heaviness: 6 limit: 5
2019-09-20 04:48:54,120 [RatisPipelineUtilsThread] INFO  pipeline.PipelinePlacementPolicy (PipelinePlacementPolicy.java:meetCriteria(91)) - Pipeline Placement: Doesn't meet the criteria to be viable node： 42fc6e92-fcdd-4827-b621-9fc58a3d2315 Heaviness: 6 limit: 5
2019-09-20 04:48:54,120 [RatisPipelineUtilsThread] INFO  pipeline.PipelinePlacementPolicy (PipelinePlacementPolicy.java:meetCriteria(91)) - Pipeline Placement: Doesn't meet the criteria to be viable node： 1d91ad97-6666-4ee7-855a-8b5e944e7401 Heaviness: 6 limit: 5
2019-09-20 04:48:54,120 [RatisPipelineUtilsThread] INFO  pipeline.PipelinePlacementPolicy (PipelinePlacementPolicy.java:meetCriteria(91)) - Pipeline Placement: Doesn't meet the criteria to be viable node： 2d6465ef-cffa-473a-a4c6-a9aa3f1a26c0 Heaviness: 6 limit: 5
2019-09-20 04:48:54,120 [RatisPipelineUtilsThread] INFO  pipeline.PipelinePlacementPolicy (PipelinePlacementPolicy.java:meetCriteria(91)) - Pipeline Placement: Doesn't meet the criteria to be viable node： 2702b462-69d8-4c1b-aae1-091a21fe08b8 Heaviness: 6 limit: 5
2019-09-20 04:48:54,123 | INFO  | SCMAudit | user=jenkins1000 | ip=192.168.36.79 | op=SEND_HEARTBEAT {datanodeUUID=42fc6e92-fcdd-4827-b621-9fc58a3d2315, command=[]} | ret=SUCCESS |  
2019-09-20 04:48:54,126 [grpc-default-executor-0] INFO  impl.RaftServerProxy (RaftServerProxy.java:addNew(89)) - 8d97392c-5f4b-400a-94a1-fb61a3ebbc99: addNew group-E2FD5C9F0CEC:[8d97392c-5f4b-400a-94a1-fb61a3ebbc99:192.168.36.79:38885] returns group-E2FD5C9F0CEC:java.util.concurrent.CompletableFuture@165c92b[Not completed]
2019-09-20 04:48:54,127 [pool-93-thread-1] INFO  impl.RaftServerImpl (RaftServerImpl.java:<init>(93)) - 8d97392c-5f4b-400a-94a1-fb61a3ebbc99: new RaftServerImpl for group-E2FD5C9F0CEC:[8d97392c-5f4b-400a-94a1-fb61a3ebbc99:192.168.36.79:38885] with ContainerStateMachine:uninitialized
2019-09-20 04:48:54,127 [pool-93-thread-1] INFO  server.RaftServerConfigKeys (ConfUtils.java:logGet(43)) - raft.server.rpc.timeout.min = 1s (custom)
2019-09-20 04:48:54,127 [pool-93-thread-1] INFO  server.RaftServerConfigKeys (ConfUtils.java:logGet(43)) - raft.server.rpc.timeout.max = 1200ms (custom)
2019-09-20 04:48:54,127 [pool-93-thread-1] INFO  server.RaftServerConfigKeys (ConfUtils.java:logGet(43)) - raft.server.rpcslowness.timeout = 120s (custom)
2019-09-20 04:48:54,128 [pool-93-thread-1] INFO  server.RaftServerConfigKeys (ConfUtils.java:logGet(43)) - raft.server.sleep.deviation.threshold = 300 (default)
2019-09-20 04:48:54,128 [pool-93-thread-1] INFO  server.RaftServerConfigKeys (ConfUtils.java:logGet(43)) - raft.server.log.appender.install.snapshot.enabled = false (custom)
2019-09-20 04:48:54,128 [pool-93-thread-1] INFO  impl.RaftServerImpl (ServerState.java:<init>(105)) - 8d97392c-5f4b-400a-94a1-fb61a3ebbc99:group-E2FD5C9F0CEC ConfigurationManager, init=-1: [8d97392c-5f4b-400a-94a1-fb61a3ebbc99:192.168.36.79:38885], old=null, confs=<EMPTY_MAP>
2019-09-20 04:48:54,128 [pool-93-thread-1] INFO  server.RaftServerConfigKeys (ConfUtils.java:logGet(43)) - raft.server.storage.dir = [/workdir/hadoop-ozone/integration-test/target/test-dir/MiniOzoneClusterImpl-c00aaa5b-d63b-4769-9462-6a4c88d2a8bf/datanode-6/data/ratis] (custom)
2019-09-20 04:48:54,128 [pool-93-thread-1] INFO  storage.RaftStorageDirectory (RaftStorageDirectory.java:analyzeStorage(246)) - The storage directory /workdir/hadoop-ozone/integration-test/target/test-dir/MiniOzoneClusterImpl-c00aaa5b-d63b-4769-9462-6a4c88d2a8bf/datanode-6/data/ratis/559f9b94-a2bd-46e9-8692-e2fd5c9f0cec does not exist. Creating ...
2019-09-20 04:48:54,128 [ea71b9af-1075-4196-9693-aa14e10f536d:group-FB07807E3B59:LeaderElection29] INFO  impl.LeaderElection (LeaderElection.java:askForVotes(181)) - ea71b9af-1075-4196-9693-aa14e10f536d:group-FB07807E3B59:LeaderElection29: begin an election at term 1 for -1: [ea71b9af-1075-4196-9693-aa14e10f536d:192.168.36.79:41553], old=null
2019-09-20 04:48:54,129 [ea71b9af-1075-4196-9693-aa14e10f536d:group-FB07807E3B59:LeaderElection29] INFO  impl.RoleInfo (RoleInfo.java:shutdownLeaderElection(134)) - ea71b9af-1075-4196-9693-aa14e10f536d: shutdown LeaderElection
2019-09-20 04:48:54,129 [ea71b9af-1075-4196-9693-aa14e10f536d:group-FB07807E3B59:LeaderElection29] INFO  impl.RaftServerImpl (RaftServerImpl.java:setRole(171)) - ea71b9af-1075-4196-9693-aa14e10f536d:group-FB07807E3B59 changes role from CANDIDATE to LEADER at term 1 for changeToLeader
2019-09-20 04:48:54,129 [ea71b9af-1075-4196-9693-aa14e10f536d:group-FB07807E3B59:LeaderElection29] INFO  impl.RaftServerImpl (ServerState.java:setLeader(263)) - ea71b9af-1075-4196-9693-aa14e10f536d:group-FB07807E3B59 change Leader from null to ea71b9af-1075-4196-9693-aa14e10f536d at term 1 for becomeLeader, leader elected after 1199ms
2019-09-20 04:48:54,129 [ea71b9af-1075-4196-9693-aa14e10f536d:group-FB07807E3B59:LeaderElection29] INFO  server.RaftServerConfigKeys (ConfUtils.java:logGet(43)) - raft.server.staging.catchup.gap = 1000 (default)
2019-09-20 04:48:54,129 [ea71b9af-1075-4196-9693-aa14e10f536d:group-FB07807E3B59:LeaderElection29] INFO  server.RaftServerConfigKeys (ConfUtils.java:logGet(43)) - raft.server.rpc.sleep.time = 25ms (default)
2019-09-20 04:48:54,129 [ea71b9af-1075-4196-9693-aa14e10f536d:group-FB07807E3B59:LeaderElection29] INFO  server.RaftServerConfigKeys (ConfUtils.java:logGet(43)) - raft.server.write.element-limit = 4096 (default)
2019-09-20 04:48:54,129 [ea71b9af-1075-4196-9693-aa14e10f536d:group-FB07807E3B59:LeaderElection29] INFO  server.RaftServerConfigKeys (ConfUtils.java:logGet(43)) - raft.server.watch.timeout = 10s (default)
2019-09-20 04:48:54,129 [ea71b9af-1075-4196-9693-aa14e10f536d:group-FB07807E3B59:LeaderElection29] INFO  server.RaftServerConfigKeys (ConfUtils.java:logGet(43)) - raft.server.watch.timeout.denomination = 1s (default)
2019-09-20 04:48:54,130 [ea71b9af-1075-4196-9693-aa14e10f536d:group-FB07807E3B59:LeaderElection29] INFO  server.RaftServerConfigKeys (ConfUtils.java:logGet(43)) - raft.server.watch.element-limit = 65536 (default)
2019-09-20 04:48:54,130 [ea71b9af-1075-4196-9693-aa14e10f536d:group-FB07807E3B59:LeaderElection29] INFO  impl.RoleInfo (RoleInfo.java:updateAndGet(143)) - ea71b9af-1075-4196-9693-aa14e10f536d: start LeaderState
2019-09-20 04:48:54,130 [ea71b9af-1075-4196-9693-aa14e10f536d:group-FB07807E3B59:LeaderElection29] INFO  segmented.SegmentedRaftLogWorker (SegmentedRaftLogWorker.java:startLogSegment(380)) - ea71b9af-1075-4196-9693-aa14e10f536d-SegmentedRaftLogWorker:Storage Directory /workdir/hadoop-ozone/integration-test/target/test-dir/MiniOzoneClusterImpl-c00aaa5b-d63b-4769-9462-6a4c88d2a8bf/datanode-0/data/ratis/9398c842-f0d9-467a-b822-fb07807e3b59: Starting segment from index:0
2019-09-20 04:48:54,130 [ea71b9af-1075-4196-9693-aa14e10f536d:group-FB07807E3B59:LeaderElection29] INFO  impl.RaftServerImpl (ServerState.java:setRaftConf(361)) - ea71b9af-1075-4196-9693-aa14e10f536d:group-FB07807E3B59 set configuration 0: [ea71b9af-1075-4196-9693-aa14e10f536d:192.168.36.79:41553], old=null at 0
2019-09-20 04:48:54,145 [pool-93-thread-1] INFO  storage.RaftStorageDirectory (RaftStorageDirectory.java:tryLock(328)) - Lock on /workdir/hadoop-ozone/integration-test/target/test-dir/MiniOzoneClusterImpl-c00aaa5b-d63b-4769-9462-6a4c88d2a8bf/datanode-6/data/ratis/559f9b94-a2bd-46e9-8692-e2fd5c9f0cec/in_use.lock acquired by nodename 9457@pr-hdds-1569-s8kj2-2266485376
2019-09-20 04:48:54,150 [Thread-371] INFO  impl.FollowerState (FollowerState.java:run(106)) - 1d91ad97-6666-4ee7-855a-8b5e944e7401:group-03A19E62C426 changes to CANDIDATE, lastRpcTime:1080, electionTimeout:1080ms
2019-09-20 04:48:54,150 [Thread-371] INFO  impl.RoleInfo (RoleInfo.java:shutdownFollowerState(121)) - 1d91ad97-6666-4ee7-855a-8b5e944e7401: shutdown FollowerState
2019-09-20 04:48:54,150 [Thread-371] INFO  impl.RaftServerImpl (RaftServerImpl.java:setRole(171)) - 1d91ad97-6666-4ee7-855a-8b5e944e7401:group-03A19E62C426 changes role from FOLLOWER to CANDIDATE at term 0 for changeToCandidate
2019-09-20 04:48:54,150 [Thread-371] INFO  impl.RoleInfo (RoleInfo.java:updateAndGet(143)) - 1d91ad97-6666-4ee7-855a-8b5e944e7401: start LeaderElection
2019-09-20 04:48:54,179 [pool-93-thread-1] INFO  storage.RaftStorage (RaftStorage.java:format(72)) - Storage directory /workdir/hadoop-ozone/integration-test/target/test-dir/MiniOzoneClusterImpl-c00aaa5b-d63b-4769-9462-6a4c88d2a8bf/datanode-6/data/ratis/559f9b94-a2bd-46e9-8692-e2fd5c9f0cec has been successfully formatted.
2019-09-20 04:48:54,179 [1d91ad97-6666-4ee7-855a-8b5e944e7401:group-03A19E62C426:LeaderElection30] INFO  impl.LeaderElection (LeaderElection.java:askForVotes(181)) - 1d91ad97-6666-4ee7-855a-8b5e944e7401:group-03A19E62C426:LeaderElection30: begin an election at term 1 for -1: [1d91ad97-6666-4ee7-855a-8b5e944e7401:192.168.36.79:34447], old=null
2019-09-20 04:48:54,179 [ea71b9af-1075-4196-9693-aa14e10f536d-SegmentedRaftLogWorker:Storage Directory /workdir/hadoop-ozone/integration-test/target/test-dir/MiniOzoneClusterImpl-c00aaa5b-d63b-4769-9462-6a4c88d2a8bf/datanode-0/data/ratis/9398c842-f0d9-467a-b822-fb07807e3b59] INFO  segmented.SegmentedRaftLogWorker (SegmentedRaftLogWorker.java:execute(569)) - ea71b9af-1075-4196-9693-aa14e10f536d-SegmentedRaftLogWorker:Storage Directory /workdir/hadoop-ozone/integration-test/target/test-dir/MiniOzoneClusterImpl-c00aaa5b-d63b-4769-9462-6a4c88d2a8bf/datanode-0/data/ratis/9398c842-f0d9-467a-b822-fb07807e3b59: created new log segment /workdir/hadoop-ozone/integration-test/target/test-dir/MiniOzoneClusterImpl-c00aaa5b-d63b-4769-9462-6a4c88d2a8bf/datanode-0/data/ratis/9398c842-f0d9-467a-b822-fb07807e3b59/current/log_inprogress_0
2019-09-20 04:48:54,180 [pool-93-thread-1] INFO  ratis.ContainerStateMachine (ContainerStateMachine.java:loadSnapshot(226)) - group-E2FD5C9F0CEC: The snapshot info is null. Setting the last applied indexto:(t:0, i:~)
2019-09-20 04:48:54,180 [1d91ad97-6666-4ee7-855a-8b5e944e7401:group-03A19E62C426:LeaderElection30] INFO  impl.RoleInfo (RoleInfo.java:shutdownLeaderElection(134)) - 1d91ad97-6666-4ee7-855a-8b5e944e7401: shutdown LeaderElection
2019-09-20 04:48:54,180 [pool-93-thread-1] INFO  server.RaftServerConfigKeys (ConfUtils.java:logGet(43)) - raft.server.leader.election.timeout = 120s (custom)
2019-09-20 04:48:54,180 [1d91ad97-6666-4ee7-855a-8b5e944e7401:group-03A19E62C426:LeaderElection30] INFO  impl.RaftServerImpl (RaftServerImpl.java:setRole(171)) - 1d91ad97-6666-4ee7-855a-8b5e944e7401:group-03A19E62C426 changes role from CANDIDATE to LEADER at term 1 for changeToLeader
2019-09-20 04:48:54,180 [pool-93-thread-1] INFO  server.RaftServerConfigKeys (ConfUtils.java:logGet(43)) - raft.server.log.use.memory = false (default)
2019-09-20 04:48:54,180 [1d91ad97-6666-4ee7-855a-8b5e944e7401:group-03A19E62C426:LeaderElection30] INFO  impl.RaftServerImpl (ServerState.java:setLeader(263)) - 1d91ad97-6666-4ee7-855a-8b5e944e7401:group-03A19E62C426 change Leader from null to 1d91ad97-6666-4ee7-855a-8b5e944e7401 at term 1 for becomeLeader, leader elected after 1116ms
2019-09-20 04:48:54,181 [pool-93-thread-1] INFO  server.RaftServerConfigKeys (ConfUtils.java:logGet(43)) - raft.server.log.purge.gap = 1000000 (custom)
2019-09-20 04:48:54,181 [1d91ad97-6666-4ee7-855a-8b5e944e7401:group-03A19E62C426:LeaderElection30] INFO  server.RaftServerConfigKeys (ConfUtils.java:logGet(43)) - raft.server.staging.catchup.gap = 1000 (default)
2019-09-20 04:48:54,181 [pool-93-thread-1] INFO  server.RaftServerConfigKeys (ConfUtils.java:logGet(43)) - raft.server.log.appender.buffer.byte-limit = 33554432 (custom)
2019-09-20 04:48:54,181 [1d91ad97-6666-4ee7-855a-8b5e944e7401:group-03A19E62C426:LeaderElection30] INFO  server.RaftServerConfigKeys (ConfUtils.java:logGet(43)) - raft.server.rpc.sleep.time = 25ms (default)
2019-09-20 04:48:54,181 [pool-93-thread-1] INFO  server.RaftServerConfigKeys (ConfUtils.java:logGet(43)) - raft.server.log.segment.size.max = 1048576 (custom)
2019-09-20 04:48:54,181 [1d91ad97-6666-4ee7-855a-8b5e944e7401:group-03A19E62C426:LeaderElection30] INFO  server.RaftServerConfigKeys (ConfUtils.java:logGet(43)) - raft.server.write.element-limit = 4096 (default)
2019-09-20 04:48:54,181 [pool-93-thread-1] INFO  server.RaftServerConfigKeys (ConfUtils.java:logGet(43)) - raft.server.log.segment.cache.num.max = 2 (custom)
2019-09-20 04:48:54,182 [pool-93-thread-1] INFO  segmented.SegmentedRaftLogWorker (SegmentedRaftLogWorker.java:<init>(172)) - new 8d97392c-5f4b-400a-94a1-fb61a3ebbc99-SegmentedRaftLogWorker:Storage Directory /workdir/hadoop-ozone/integration-test/target/test-dir/MiniOzoneClusterImpl-c00aaa5b-d63b-4769-9462-6a4c88d2a8bf/datanode-6/data/ratis/559f9b94-a2bd-46e9-8692-e2fd5c9f0cec for RaftStorage:Storage Directory /workdir/hadoop-ozone/integration-test/target/test-dir/MiniOzoneClusterImpl-c00aaa5b-d63b-4769-9462-6a4c88d2a8bf/datanode-6/data/ratis/559f9b94-a2bd-46e9-8692-e2fd5c9f0cec
2019-09-20 04:48:54,182 [1d91ad97-6666-4ee7-855a-8b5e944e7401:group-03A19E62C426:LeaderElection30] INFO  server.RaftServerConfigKeys (ConfUtils.java:logGet(43)) - raft.server.watch.timeout = 10s (default)
2019-09-20 04:48:54,182 [pool-93-thread-1] INFO  server.RaftServerConfigKeys (ConfUtils.java:logGet(43)) - raft.server.log.queue.byte-limit = 2147483647 (custom)
2019-09-20 04:48:54,182 [1d91ad97-6666-4ee7-855a-8b5e944e7401:group-03A19E62C426:LeaderElection30] INFO  server.RaftServerConfigKeys (ConfUtils.java:logGet(43)) - raft.server.watch.timeout.denomination = 1s (default)
2019-09-20 04:48:54,182 [pool-93-thread-1] INFO  server.RaftServerConfigKeys (ConfUtils.java:logGet(43)) - raft.server.log.queue.element-limit = 1024 (custom)
2019-09-20 04:48:54,182 [1d91ad97-6666-4ee7-855a-8b5e944e7401:group-03A19E62C426:LeaderElection30] INFO  server.RaftServerConfigKeys (ConfUtils.java:logGet(43)) - raft.server.watch.element-limit = 65536 (default)
2019-09-20 04:48:54,182 [pool-93-thread-1] INFO  server.RaftServerConfigKeys (ConfUtils.java:logGet(43)) - raft.server.log.segment.size.max = 1048576 (custom)
2019-09-20 04:48:54,183 [1d91ad97-6666-4ee7-855a-8b5e944e7401:group-03A19E62C426:LeaderElection30] INFO  impl.RoleInfo (RoleInfo.java:updateAndGet(143)) - 1d91ad97-6666-4ee7-855a-8b5e944e7401: start LeaderState
2019-09-20 04:48:54,183 [pool-93-thread-1] INFO  server.RaftServerConfigKeys (ConfUtils.java:logGet(43)) - raft.server.log.preallocated.size = 16384 (custom)
2019-09-20 04:48:54,183 [1d91ad97-6666-4ee7-855a-8b5e944e7401:group-03A19E62C426:LeaderElection30] INFO  segmented.SegmentedRaftLogWorker (SegmentedRaftLogWorker.java:startLogSegment(380)) - 1d91ad97-6666-4ee7-855a-8b5e944e7401-SegmentedRaftLogWorker:Storage Directory /workdir/hadoop-ozone/integration-test/target/test-dir/MiniOzoneClusterImpl-c00aaa5b-d63b-4769-9462-6a4c88d2a8bf/datanode-4/data/ratis/2b4622dd-5bd0-4c74-b081-03a19e62c426: Starting segment from index:0
2019-09-20 04:48:54,183 [pool-93-thread-1] INFO  server.RaftServerConfigKeys (ConfUtils.java:logGet(43)) - raft.server.log.write.buffer.size = 33554432 (custom)
2019-09-20 04:48:54,183 [pool-93-thread-1] INFO  server.RaftServerConfigKeys (ConfUtils.java:logGet(43)) - raft.server.log.force.sync.num = 128 (default)
2019-09-20 04:48:54,183 [pool-93-thread-1] INFO  server.RaftServerConfigKeys (ConfUtils.java:logGet(43)) - raft.server.log.statemachine.data.sync = true (default)
2019-09-20 04:48:54,183 [1d91ad97-6666-4ee7-855a-8b5e944e7401:group-03A19E62C426:LeaderElection30] INFO  impl.RaftServerImpl (ServerState.java:setRaftConf(361)) - 1d91ad97-6666-4ee7-855a-8b5e944e7401:group-03A19E62C426 set configuration 0: [1d91ad97-6666-4ee7-855a-8b5e944e7401:192.168.36.79:34447], old=null at 0
2019-09-20 04:48:54,184 [pool-93-thread-1] INFO  server.RaftServerConfigKeys (ConfUtils.java:logGet(43)) - raft.server.log.statemachine.data.sync.timeout = 10s (default)
2019-09-20 04:48:54,213 [Thread-368] INFO  impl.FollowerState (FollowerState.java:run(106)) - 1d91ad97-6666-4ee7-855a-8b5e944e7401:group-946457135FD9 changes to CANDIDATE, lastRpcTime:1198, electionTimeout:1184ms
2019-09-20 04:48:54,213 [pool-93-thread-1] INFO  server.RaftServerConfigKeys (ConfUtils.java:logGet(43)) - raft.server.log.statemachine.data.sync.timeout.retry = -1 (default)
2019-09-20 04:48:54,213 [Thread-368] INFO  impl.RoleInfo (RoleInfo.java:shutdownFollowerState(121)) - 1d91ad97-6666-4ee7-855a-8b5e944e7401: shutdown FollowerState
2019-09-20 04:48:54,213 [pool-93-thread-1] INFO  server.RaftServerConfigKeys (ConfUtils.java:logGet(43)) - raft.server.log.statemachine.data.caching.enabled = true (custom)
2019-09-20 04:48:54,213 [Thread-368] INFO  impl.RaftServerImpl (RaftServerImpl.java:setRole(171)) - 1d91ad97-6666-4ee7-855a-8b5e944e7401:group-946457135FD9 changes role from FOLLOWER to CANDIDATE at term 0 for changeToCandidate
2019-09-20 04:48:54,214 [Thread-368] INFO  impl.RoleInfo (RoleInfo.java:updateAndGet(143)) - 1d91ad97-6666-4ee7-855a-8b5e944e7401: start LeaderElection
2019-09-20 04:48:54,214 [pool-93-thread-1] INFO  segmented.SegmentedRaftLogWorker (SegmentedRaftLogWorker.java:lambda$new$0(132)) - 8d97392c-5f4b-400a-94a1-fb61a3ebbc99-SegmentedRaftLogWorker:Storage Directory /workdir/hadoop-ozone/integration-test/target/test-dir/MiniOzoneClusterImpl-c00aaa5b-d63b-4769-9462-6a4c88d2a8bf/datanode-6/data/ratis/559f9b94-a2bd-46e9-8692-e2fd5c9f0cec: flushIndex: setUnconditionally 0 -> -1
2019-09-20 04:48:54,216 [pool-93-thread-1] INFO  server.RaftServerConfigKeys (ConfUtils.java:logGet(43)) - raft.server.snapshot.auto.trigger.enabled = true (custom)
2019-09-20 04:48:54,216 [pool-93-thread-1] INFO  server.RaftServerConfigKeys (ConfUtils.java:logGet(43)) - raft.server.snapshot.auto.trigger.threshold = 10000 (custom)
2019-09-20 04:48:54,216 [pool-93-thread-1] INFO  server.RaftServerConfigKeys (ConfUtils.java:logGet(43)) - raft.server.retrycache.expirytime = 600000ms (custom)
2019-09-20 04:48:54,216 [pool-93-thread-1] INFO  impl.RaftServerImpl (RaftServerImpl.java:start(180)) - 8d97392c-5f4b-400a-94a1-fb61a3ebbc99: start group-E2FD5C9F0CEC
2019-09-20 04:48:54,217 [pool-93-thread-1] INFO  impl.RaftServerImpl (RaftServerImpl.java:setRole(171)) - 8d97392c-5f4b-400a-94a1-fb61a3ebbc99:group-E2FD5C9F0CEC changes role from null to FOLLOWER at term 0 for startAsFollower
2019-09-20 04:48:54,217 [pool-93-thread-1] INFO  impl.RoleInfo (RoleInfo.java:updateAndGet(143)) - 8d97392c-5f4b-400a-94a1-fb61a3ebbc99: start FollowerState
2019-09-20 04:48:54,217 [pool-93-thread-1] INFO  util.JmxRegister (JmxRegister.java:tryRegister(44)) - Successfully registered JMX Bean with object name Ratis:service=RaftServer,group=group-E2FD5C9F0CEC,id=8d97392c-5f4b-400a-94a1-fb61a3ebbc99
2019-09-20 04:48:54,220 [RatisPipelineUtilsThread] INFO  pipeline.PipelineStateManager (PipelineStateManager.java:addPipeline(56)) - Created pipeline Pipeline[ Id: 559f9b94-a2bd-46e9-8692-e2fd5c9f0cec, Nodes: 8d97392c-5f4b-400a-94a1-fb61a3ebbc99{ip: 192.168.36.79, host: pr-hdds-1569-s8kj2-2266485376, networkLocation: /default-rack, certSerialId: null}, Type:RATIS, Factor:ONE, State:OPEN]
2019-09-20 04:48:54,220 [RatisPipelineUtilsThread] INFO  pipeline.PipelinePlacementPolicy (PipelinePlacementPolicy.java:meetCriteria(91)) - Pipeline Placement: Doesn't meet the criteria to be viable node： eaf3ecbe-c3b1-4969-ad3a-e4de7fb04f81 Heaviness: 6 limit: 5
2019-09-20 04:48:54,221 [RatisPipelineUtilsThread] INFO  pipeline.PipelinePlacementPolicy (PipelinePlacementPolicy.java:meetCriteria(91)) - Pipeline Placement: Doesn't meet the criteria to be viable node： ea71b9af-1075-4196-9693-aa14e10f536d Heaviness: 6 limit: 5
2019-09-20 04:48:54,221 [RatisPipelineUtilsThread] INFO  pipeline.PipelinePlacementPolicy (PipelinePlacementPolicy.java:meetCriteria(91)) - Pipeline Placement: Doesn't meet the criteria to be viable node： 42fc6e92-fcdd-4827-b621-9fc58a3d2315 Heaviness: 6 limit: 5
2019-09-20 04:48:54,221 [RatisPipelineUtilsThread] INFO  pipeline.PipelinePlacementPolicy (PipelinePlacementPolicy.java:meetCriteria(91)) - Pipeline Placement: Doesn't meet the criteria to be viable node： 1d91ad97-6666-4ee7-855a-8b5e944e7401 Heaviness: 6 limit: 5
2019-09-20 04:48:54,221 [RatisPipelineUtilsThread] INFO  pipeline.PipelinePlacementPolicy (PipelinePlacementPolicy.java:meetCriteria(91)) - Pipeline Placement: Doesn't meet the criteria to be viable node： 2d6465ef-cffa-473a-a4c6-a9aa3f1a26c0 Heaviness: 6 limit: 5
2019-09-20 04:48:54,221 [RatisPipelineUtilsThread] INFO  pipeline.PipelinePlacementPolicy (PipelinePlacementPolicy.java:meetCriteria(91)) - Pipeline Placement: Doesn't meet the criteria to be viable node： 2702b462-69d8-4c1b-aae1-091a21fe08b8 Heaviness: 6 limit: 5
2019-09-20 04:48:54,227 [grpc-default-executor-0] INFO  impl.RaftServerProxy (RaftServerProxy.java:addNew(89)) - 8d97392c-5f4b-400a-94a1-fb61a3ebbc99: addNew group-E24A53DF05E3:[8d97392c-5f4b-400a-94a1-fb61a3ebbc99:192.168.36.79:38885] returns group-E24A53DF05E3:java.util.concurrent.CompletableFuture@3c85ad60[Not completed]
2019-09-20 04:48:54,229 [pool-93-thread-1] INFO  impl.RaftServerImpl (RaftServerImpl.java:<init>(93)) - 8d97392c-5f4b-400a-94a1-fb61a3ebbc99: new RaftServerImpl for group-E24A53DF05E3:[8d97392c-5f4b-400a-94a1-fb61a3ebbc99:192.168.36.79:38885] with ContainerStateMachine:uninitialized
2019-09-20 04:48:54,229 [pool-93-thread-1] INFO  server.RaftServerConfigKeys (ConfUtils.java:logGet(43)) - raft.server.rpc.timeout.min = 1s (custom)
2019-09-20 04:48:54,229 [pool-93-thread-1] INFO  server.RaftServerConfigKeys (ConfUtils.java:logGet(43)) - raft.server.rpc.timeout.max = 1200ms (custom)
2019-09-20 04:48:54,229 [pool-93-thread-1] INFO  server.RaftServerConfigKeys (ConfUtils.java:logGet(43)) - raft.server.rpcslowness.timeout = 120s (custom)
2019-09-20 04:48:54,229 [pool-93-thread-1] INFO  server.RaftServerConfigKeys (ConfUtils.java:logGet(43)) - raft.server.sleep.deviation.threshold = 300 (default)
2019-09-20 04:48:54,229 [pool-93-thread-1] INFO  server.RaftServerConfigKeys (ConfUtils.java:logGet(43)) - raft.server.log.appender.install.snapshot.enabled = false (custom)
2019-09-20 04:48:54,229 [pool-93-thread-1] INFO  impl.RaftServerImpl (ServerState.java:<init>(105)) - 8d97392c-5f4b-400a-94a1-fb61a3ebbc99:group-E24A53DF05E3 ConfigurationManager, init=-1: [8d97392c-5f4b-400a-94a1-fb61a3ebbc99:192.168.36.79:38885], old=null, confs=<EMPTY_MAP>
2019-09-20 04:48:54,230 [pool-93-thread-1] INFO  server.RaftServerConfigKeys (ConfUtils.java:logGet(43)) - raft.server.storage.dir = [/workdir/hadoop-ozone/integration-test/target/test-dir/MiniOzoneClusterImpl-c00aaa5b-d63b-4769-9462-6a4c88d2a8bf/datanode-6/data/ratis] (custom)
2019-09-20 04:48:54,230 [1d91ad97-6666-4ee7-855a-8b5e944e7401-SegmentedRaftLogWorker:Storage Directory /workdir/hadoop-ozone/integration-test/target/test-dir/MiniOzoneClusterImpl-c00aaa5b-d63b-4769-9462-6a4c88d2a8bf/datanode-4/data/ratis/2b4622dd-5bd0-4c74-b081-03a19e62c426] INFO  segmented.SegmentedRaftLogWorker (SegmentedRaftLogWorker.java:execute(569)) - 1d91ad97-6666-4ee7-855a-8b5e944e7401-SegmentedRaftLogWorker:Storage Directory /workdir/hadoop-ozone/integration-test/target/test-dir/MiniOzoneClusterImpl-c00aaa5b-d63b-4769-9462-6a4c88d2a8bf/datanode-4/data/ratis/2b4622dd-5bd0-4c74-b081-03a19e62c426: created new log segment /workdir/hadoop-ozone/integration-test/target/test-dir/MiniOzoneClusterImpl-c00aaa5b-d63b-4769-9462-6a4c88d2a8bf/datanode-4/data/ratis/2b4622dd-5bd0-4c74-b081-03a19e62c426/current/log_inprogress_0
2019-09-20 04:48:54,230 [pool-93-thread-1] INFO  storage.RaftStorageDirectory (RaftStorageDirectory.java:analyzeStorage(246)) - The storage directory /workdir/hadoop-ozone/integration-test/target/test-dir/MiniOzoneClusterImpl-c00aaa5b-d63b-4769-9462-6a4c88d2a8bf/datanode-6/data/ratis/f8101806-4b1c-4666-ae67-e24a53df05e3 does not exist. Creating ...
2019-09-20 04:48:54,230 [1d91ad97-6666-4ee7-855a-8b5e944e7401:group-946457135FD9:LeaderElection31] INFO  impl.LeaderElection (LeaderElection.java:askForVotes(181)) - 1d91ad97-6666-4ee7-855a-8b5e944e7401:group-946457135FD9:LeaderElection31: begin an election at term 1 for -1: [1d91ad97-6666-4ee7-855a-8b5e944e7401:192.168.36.79:34447], old=null
2019-09-20 04:48:54,230 [1d91ad97-6666-4ee7-855a-8b5e944e7401:group-946457135FD9:LeaderElection31] INFO  impl.RoleInfo (RoleInfo.java:shutdownLeaderElection(134)) - 1d91ad97-6666-4ee7-855a-8b5e944e7401: shutdown LeaderElection
2019-09-20 04:48:54,230 [1d91ad97-6666-4ee7-855a-8b5e944e7401:group-946457135FD9:LeaderElection31] INFO  impl.RaftServerImpl (RaftServerImpl.java:setRole(171)) - 1d91ad97-6666-4ee7-855a-8b5e944e7401:group-946457135FD9 changes role from CANDIDATE to LEADER at term 1 for changeToLeader
2019-09-20 04:48:54,230 [1d91ad97-6666-4ee7-855a-8b5e944e7401:group-946457135FD9:LeaderElection31] INFO  impl.RaftServerImpl (ServerState.java:setLeader(263)) - 1d91ad97-6666-4ee7-855a-8b5e944e7401:group-946457135FD9 change Leader from null to 1d91ad97-6666-4ee7-855a-8b5e944e7401 at term 1 for becomeLeader, leader elected after 1225ms
2019-09-20 04:48:54,231 [1d91ad97-6666-4ee7-855a-8b5e944e7401:group-946457135FD9:LeaderElection31] INFO  server.RaftServerConfigKeys (ConfUtils.java:logGet(43)) - raft.server.staging.catchup.gap = 1000 (default)
2019-09-20 04:48:54,231 [1d91ad97-6666-4ee7-855a-8b5e944e7401:group-946457135FD9:LeaderElection31] INFO  server.RaftServerConfigKeys (ConfUtils.java:logGet(43)) - raft.server.rpc.sleep.time = 25ms (default)
2019-09-20 04:48:54,231 [1d91ad97-6666-4ee7-855a-8b5e944e7401:group-946457135FD9:LeaderElection31] INFO  server.RaftServerConfigKeys (ConfUtils.java:logGet(43)) - raft.server.write.element-limit = 4096 (default)
2019-09-20 04:48:54,231 [1d91ad97-6666-4ee7-855a-8b5e944e7401:group-946457135FD9:LeaderElection31] INFO  server.RaftServerConfigKeys (ConfUtils.java:logGet(43)) - raft.server.watch.timeout = 10s (default)
2019-09-20 04:48:54,231 [1d91ad97-6666-4ee7-855a-8b5e944e7401:group-946457135FD9:LeaderElection31] INFO  server.RaftServerConfigKeys (ConfUtils.java:logGet(43)) - raft.server.watch.timeout.denomination = 1s (default)
2019-09-20 04:48:54,231 [1d91ad97-6666-4ee7-855a-8b5e944e7401:group-946457135FD9:LeaderElection31] INFO  server.RaftServerConfigKeys (ConfUtils.java:logGet(43)) - raft.server.watch.element-limit = 65536 (default)
2019-09-20 04:48:54,232 [1d91ad97-6666-4ee7-855a-8b5e944e7401:group-946457135FD9:LeaderElection31] INFO  impl.RoleInfo (RoleInfo.java:updateAndGet(143)) - 1d91ad97-6666-4ee7-855a-8b5e944e7401: start LeaderState
2019-09-20 04:48:54,232 [1d91ad97-6666-4ee7-855a-8b5e944e7401:group-946457135FD9:LeaderElection31] INFO  segmented.SegmentedRaftLogWorker (SegmentedRaftLogWorker.java:startLogSegment(380)) - 1d91ad97-6666-4ee7-855a-8b5e944e7401-SegmentedRaftLogWorker:Storage Directory /workdir/hadoop-ozone/integration-test/target/test-dir/MiniOzoneClusterImpl-c00aaa5b-d63b-4769-9462-6a4c88d2a8bf/datanode-4/data/ratis/012ca717-d3a4-4ed8-a697-946457135fd9: Starting segment from index:0
2019-09-20 04:48:54,232 [1d91ad97-6666-4ee7-855a-8b5e944e7401:group-946457135FD9:LeaderElection31] INFO  impl.RaftServerImpl (ServerState.java:setRaftConf(361)) - 1d91ad97-6666-4ee7-855a-8b5e944e7401:group-946457135FD9 set configuration 0: [1d91ad97-6666-4ee7-855a-8b5e944e7401:192.168.36.79:34447], old=null at 0
2019-09-20 04:48:54,266 [pool-93-thread-1] INFO  storage.RaftStorageDirectory (RaftStorageDirectory.java:tryLock(328)) - Lock on /workdir/hadoop-ozone/integration-test/target/test-dir/MiniOzoneClusterImpl-c00aaa5b-d63b-4769-9462-6a4c88d2a8bf/datanode-6/data/ratis/f8101806-4b1c-4666-ae67-e24a53df05e3/in_use.lock acquired by nodename 9457@pr-hdds-1569-s8kj2-2266485376
2019-09-20 04:48:54,267 | INFO  | SCMAudit | user=jenkins1000 | ip=192.168.36.79 | op=SEND_HEARTBEAT {datanodeUUID=8d97392c-5f4b-400a-94a1-fb61a3ebbc99, command=[]} | ret=SUCCESS |  
2019-09-20 04:48:54,289 [1d91ad97-6666-4ee7-855a-8b5e944e7401-SegmentedRaftLogWorker:Storage Directory /workdir/hadoop-ozone/integration-test/target/test-dir/MiniOzoneClusterImpl-c00aaa5b-d63b-4769-9462-6a4c88d2a8bf/datanode-4/data/ratis/012ca717-d3a4-4ed8-a697-946457135fd9] INFO  segmented.SegmentedRaftLogWorker (SegmentedRaftLogWorker.java:execute(569)) - 1d91ad97-6666-4ee7-855a-8b5e944e7401-SegmentedRaftLogWorker:Storage Directory /workdir/hadoop-ozone/integration-test/target/test-dir/MiniOzoneClusterImpl-c00aaa5b-d63b-4769-9462-6a4c88d2a8bf/datanode-4/data/ratis/012ca717-d3a4-4ed8-a697-946457135fd9: created new log segment /workdir/hadoop-ozone/integration-test/target/test-dir/MiniOzoneClusterImpl-c00aaa5b-d63b-4769-9462-6a4c88d2a8bf/datanode-4/data/ratis/012ca717-d3a4-4ed8-a697-946457135fd9/current/log_inprogress_0
2019-09-20 04:48:54,289 [pool-93-thread-1] INFO  storage.RaftStorage (RaftStorage.java:format(72)) - Storage directory /workdir/hadoop-ozone/integration-test/target/test-dir/MiniOzoneClusterImpl-c00aaa5b-d63b-4769-9462-6a4c88d2a8bf/datanode-6/data/ratis/f8101806-4b1c-4666-ae67-e24a53df05e3 has been successfully formatted.
2019-09-20 04:48:54,290 [pool-93-thread-1] INFO  ratis.ContainerStateMachine (ContainerStateMachine.java:loadSnapshot(226)) - group-E24A53DF05E3: The snapshot info is null. Setting the last applied indexto:(t:0, i:~)
2019-09-20 04:48:54,290 [pool-93-thread-1] INFO  server.RaftServerConfigKeys (ConfUtils.java:logGet(43)) - raft.server.leader.election.timeout = 120s (custom)
2019-09-20 04:48:54,290 [pool-93-thread-1] INFO  server.RaftServerConfigKeys (ConfUtils.java:logGet(43)) - raft.server.log.use.memory = false (default)
2019-09-20 04:48:54,290 [pool-93-thread-1] INFO  server.RaftServerConfigKeys (ConfUtils.java:logGet(43)) - raft.server.log.purge.gap = 1000000 (custom)
2019-09-20 04:48:54,291 [pool-93-thread-1] INFO  server.RaftServerConfigKeys (ConfUtils.java:logGet(43)) - raft.server.log.appender.buffer.byte-limit = 33554432 (custom)
2019-09-20 04:48:54,291 [pool-93-thread-1] INFO  server.RaftServerConfigKeys (ConfUtils.java:logGet(43)) - raft.server.log.segment.size.max = 1048576 (custom)
2019-09-20 04:48:54,291 [pool-93-thread-1] INFO  server.RaftServerConfigKeys (ConfUtils.java:logGet(43)) - raft.server.log.segment.cache.num.max = 2 (custom)
2019-09-20 04:48:54,291 [pool-93-thread-1] INFO  segmented.SegmentedRaftLogWorker (SegmentedRaftLogWorker.java:<init>(172)) - new 8d97392c-5f4b-400a-94a1-fb61a3ebbc99-SegmentedRaftLogWorker:Storage Directory /workdir/hadoop-ozone/integration-test/target/test-dir/MiniOzoneClusterImpl-c00aaa5b-d63b-4769-9462-6a4c88d2a8bf/datanode-6/data/ratis/f8101806-4b1c-4666-ae67-e24a53df05e3 for RaftStorage:Storage Directory /workdir/hadoop-ozone/integration-test/target/test-dir/MiniOzoneClusterImpl-c00aaa5b-d63b-4769-9462-6a4c88d2a8bf/datanode-6/data/ratis/f8101806-4b1c-4666-ae67-e24a53df05e3
2019-09-20 04:48:54,291 [pool-93-thread-1] INFO  server.RaftServerConfigKeys (ConfUtils.java:logGet(43)) - raft.server.log.queue.byte-limit = 2147483647 (custom)
2019-09-20 04:48:54,291 [pool-93-thread-1] INFO  server.RaftServerConfigKeys (ConfUtils.java:logGet(43)) - raft.server.log.queue.element-limit = 1024 (custom)
2019-09-20 04:48:54,292 [pool-93-thread-1] INFO  server.RaftServerConfigKeys (ConfUtils.java:logGet(43)) - raft.server.log.segment.size.max = 1048576 (custom)
2019-09-20 04:48:54,292 [pool-93-thread-1] INFO  server.RaftServerConfigKeys (ConfUtils.java:logGet(43)) - raft.server.log.preallocated.size = 16384 (custom)
2019-09-20 04:48:54,292 [pool-93-thread-1] INFO  server.RaftServerConfigKeys (ConfUtils.java:logGet(43)) - raft.server.log.write.buffer.size = 33554432 (custom)
2019-09-20 04:48:54,292 [pool-93-thread-1] INFO  server.RaftServerConfigKeys (ConfUtils.java:logGet(43)) - raft.server.log.force.sync.num = 128 (default)
2019-09-20 04:48:54,292 [pool-93-thread-1] INFO  server.RaftServerConfigKeys (ConfUtils.java:logGet(43)) - raft.server.log.statemachine.data.sync = true (default)
2019-09-20 04:48:54,292 [pool-93-thread-1] INFO  server.RaftServerConfigKeys (ConfUtils.java:logGet(43)) - raft.server.log.statemachine.data.sync.timeout = 10s (default)
2019-09-20 04:48:54,293 [pool-93-thread-1] INFO  server.RaftServerConfigKeys (ConfUtils.java:logGet(43)) - raft.server.log.statemachine.data.sync.timeout.retry = -1 (default)
2019-09-20 04:48:54,293 [pool-93-thread-1] INFO  server.RaftServerConfigKeys (ConfUtils.java:logGet(43)) - raft.server.log.statemachine.data.caching.enabled = true (custom)
2019-09-20 04:48:54,293 [pool-93-thread-1] INFO  segmented.SegmentedRaftLogWorker (SegmentedRaftLogWorker.java:lambda$new$0(132)) - 8d97392c-5f4b-400a-94a1-fb61a3ebbc99-SegmentedRaftLogWorker:Storage Directory /workdir/hadoop-ozone/integration-test/target/test-dir/MiniOzoneClusterImpl-c00aaa5b-d63b-4769-9462-6a4c88d2a8bf/datanode-6/data/ratis/f8101806-4b1c-4666-ae67-e24a53df05e3: flushIndex: setUnconditionally 0 -> -1
2019-09-20 04:48:54,294 [pool-93-thread-1] INFO  server.RaftServerConfigKeys (ConfUtils.java:logGet(43)) - raft.server.snapshot.auto.trigger.enabled = true (custom)
2019-09-20 04:48:54,294 [pool-93-thread-1] INFO  server.RaftServerConfigKeys (ConfUtils.java:logGet(43)) - raft.server.snapshot.auto.trigger.threshold = 10000 (custom)
2019-09-20 04:48:54,294 [pool-93-thread-1] INFO  server.RaftServerConfigKeys (ConfUtils.java:logGet(43)) - raft.server.retrycache.expirytime = 600000ms (custom)
2019-09-20 04:48:54,294 [pool-93-thread-1] INFO  impl.RaftServerImpl (RaftServerImpl.java:start(180)) - 8d97392c-5f4b-400a-94a1-fb61a3ebbc99: start group-E24A53DF05E3
2019-09-20 04:48:54,294 [pool-93-thread-1] INFO  impl.RaftServerImpl (RaftServerImpl.java:setRole(171)) - 8d97392c-5f4b-400a-94a1-fb61a3ebbc99:group-E24A53DF05E3 changes role from null to FOLLOWER at term 0 for startAsFollower
2019-09-20 04:48:54,295 [pool-93-thread-1] INFO  impl.RoleInfo (RoleInfo.java:updateAndGet(143)) - 8d97392c-5f4b-400a-94a1-fb61a3ebbc99: start FollowerState
2019-09-20 04:48:54,295 [pool-93-thread-1] INFO  util.JmxRegister (JmxRegister.java:tryRegister(44)) - Successfully registered JMX Bean with object name Ratis:service=RaftServer,group=group-E24A53DF05E3,id=8d97392c-5f4b-400a-94a1-fb61a3ebbc99
2019-09-20 04:48:54,298 [RatisPipelineUtilsThread] INFO  pipeline.PipelineStateManager (PipelineStateManager.java:addPipeline(56)) - Created pipeline Pipeline[ Id: f8101806-4b1c-4666-ae67-e24a53df05e3, Nodes: 8d97392c-5f4b-400a-94a1-fb61a3ebbc99{ip: 192.168.36.79, host: pr-hdds-1569-s8kj2-2266485376, networkLocation: /default-rack, certSerialId: null}, Type:RATIS, Factor:ONE, State:OPEN]
2019-09-20 04:48:54,298 [RatisPipelineUtilsThread] INFO  pipeline.PipelinePlacementPolicy (PipelinePlacementPolicy.java:meetCriteria(91)) - Pipeline Placement: Doesn't meet the criteria to be viable node： eaf3ecbe-c3b1-4969-ad3a-e4de7fb04f81 Heaviness: 6 limit: 5
2019-09-20 04:48:54,299 [RatisPipelineUtilsThread] INFO  pipeline.PipelinePlacementPolicy (PipelinePlacementPolicy.java:meetCriteria(91)) - Pipeline Placement: Doesn't meet the criteria to be viable node： ea71b9af-1075-4196-9693-aa14e10f536d Heaviness: 6 limit: 5
2019-09-20 04:48:54,299 [RatisPipelineUtilsThread] INFO  pipeline.PipelinePlacementPolicy (PipelinePlacementPolicy.java:meetCriteria(91)) - Pipeline Placement: Doesn't meet the criteria to be viable node： 42fc6e92-fcdd-4827-b621-9fc58a3d2315 Heaviness: 6 limit: 5
2019-09-20 04:48:54,299 [RatisPipelineUtilsThread] INFO  pipeline.PipelinePlacementPolicy (PipelinePlacementPolicy.java:meetCriteria(91)) - Pipeline Placement: Doesn't meet the criteria to be viable node： 8d97392c-5f4b-400a-94a1-fb61a3ebbc99 Heaviness: 6 limit: 5
2019-09-20 04:48:54,299 [RatisPipelineUtilsThread] INFO  pipeline.PipelinePlacementPolicy (PipelinePlacementPolicy.java:meetCriteria(91)) - Pipeline Placement: Doesn't meet the criteria to be viable node： 1d91ad97-6666-4ee7-855a-8b5e944e7401 Heaviness: 6 limit: 5
2019-09-20 04:48:54,299 [RatisPipelineUtilsThread] INFO  pipeline.PipelinePlacementPolicy (PipelinePlacementPolicy.java:meetCriteria(91)) - Pipeline Placement: Doesn't meet the criteria to be viable node： 2d6465ef-cffa-473a-a4c6-a9aa3f1a26c0 Heaviness: 6 limit: 5
2019-09-20 04:48:54,300 [RatisPipelineUtilsThread] INFO  pipeline.PipelinePlacementPolicy (PipelinePlacementPolicy.java:meetCriteria(91)) - Pipeline Placement: Doesn't meet the criteria to be viable node： 2702b462-69d8-4c1b-aae1-091a21fe08b8 Heaviness: 6 limit: 5
2019-09-20 04:48:54,300 [RatisPipelineUtilsThread] ERROR pipeline.PipelinePlacementPolicy (PipelinePlacementPolicy.java:filterViableNodes(148)) - Unable to find enough nodes that meet the criteria that cannot engage in more than 5 pipelines. Nodes required: 1 Found: 0, healthy nodes count inNodeManager: 7.
2019-09-20 04:48:54,302 [RatisPipelineUtilsThread] ERROR pipeline.SCMPipelineManager (SCMPipelineManager.java:createPipeline(161)) - Pipeline creation failed due to exception: Unable to find enough nodes that meet the criteria that cannot engage in more than 5 pipelines. Nodes required: 1 Found: 0, healthy nodes count inNodeManager: 7.
2019-09-20 04:48:54,302 [RatisPipelineUtilsThread] INFO  pipeline.PipelinePlacementPolicy (PipelinePlacementPolicy.java:meetCriteria(91)) - Pipeline Placement: Doesn't meet the criteria to be viable node： eaf3ecbe-c3b1-4969-ad3a-e4de7fb04f81 Heaviness: 6 limit: 5
2019-09-20 04:48:54,302 [RatisPipelineUtilsThread] INFO  pipeline.PipelinePlacementPolicy (PipelinePlacementPolicy.java:meetCriteria(91)) - Pipeline Placement: Doesn't meet the criteria to be viable node： ea71b9af-1075-4196-9693-aa14e10f536d Heaviness: 6 limit: 5
2019-09-20 04:48:54,302 [RatisPipelineUtilsThread] INFO  pipeline.PipelinePlacementPolicy (PipelinePlacementPolicy.java:meetCriteria(91)) - Pipeline Placement: Doesn't meet the criteria to be viable node： 42fc6e92-fcdd-4827-b621-9fc58a3d2315 Heaviness: 6 limit: 5
2019-09-20 04:48:54,302 [RatisPipelineUtilsThread] INFO  pipeline.PipelinePlacementPolicy (PipelinePlacementPolicy.java:meetCriteria(91)) - Pipeline Placement: Doesn't meet the criteria to be viable node： 8d97392c-5f4b-400a-94a1-fb61a3ebbc99 Heaviness: 6 limit: 5
2019-09-20 04:48:54,303 [RatisPipelineUtilsThread] INFO  pipeline.PipelinePlacementPolicy (PipelinePlacementPolicy.java:meetCriteria(91)) - Pipeline Placement: Doesn't meet the criteria to be viable node： 1d91ad97-6666-4ee7-855a-8b5e944e7401 Heaviness: 6 limit: 5
2019-09-20 04:48:54,303 [RatisPipelineUtilsThread] INFO  pipeline.PipelinePlacementPolicy (PipelinePlacementPolicy.java:meetCriteria(91)) - Pipeline Placement: Doesn't meet the criteria to be viable node： 2d6465ef-cffa-473a-a4c6-a9aa3f1a26c0 Heaviness: 6 limit: 5
2019-09-20 04:48:54,303 [RatisPipelineUtilsThread] INFO  pipeline.PipelinePlacementPolicy (PipelinePlacementPolicy.java:meetCriteria(91)) - Pipeline Placement: Doesn't meet the criteria to be viable node： 2702b462-69d8-4c1b-aae1-091a21fe08b8 Heaviness: 6 limit: 5
2019-09-20 04:48:54,303 [RatisPipelineUtilsThread] ERROR pipeline.PipelinePlacementPolicy (PipelinePlacementPolicy.java:filterViableNodes(148)) - Unable to find enough nodes that meet the criteria that cannot engage in more than 5 pipelines. Nodes required: 3 Found: 0, healthy nodes count inNodeManager: 7.
2019-09-20 04:48:54,304 [RatisPipelineUtilsThread] ERROR pipeline.SCMPipelineManager (SCMPipelineManager.java:createPipeline(161)) - Pipeline creation failed due to exception: Unable to find enough nodes that meet the criteria that cannot engage in more than 5 pipelines. Nodes required: 3 Found: 0, healthy nodes count inNodeManager: 7.
2019-09-20 04:48:54,305 [RatisPipelineUtilsThread] INFO  pipeline.PipelinePlacementPolicy (PipelinePlacementPolicy.java:meetCriteria(91)) - Pipeline Placement: Doesn't meet the criteria to be viable node： eaf3ecbe-c3b1-4969-ad3a-e4de7fb04f81 Heaviness: 6 limit: 5
2019-09-20 04:48:54,305 [RatisPipelineUtilsThread] INFO  pipeline.PipelinePlacementPolicy (PipelinePlacementPolicy.java:meetCriteria(91)) - Pipeline Placement: Doesn't meet the criteria to be viable node： ea71b9af-1075-4196-9693-aa14e10f536d Heaviness: 6 limit: 5
2019-09-20 04:48:54,305 [RatisPipelineUtilsThread] INFO  pipeline.PipelinePlacementPolicy (PipelinePlacementPolicy.java:meetCriteria(91)) - Pipeline Placement: Doesn't meet the criteria to be viable node： 42fc6e92-fcdd-4827-b621-9fc58a3d2315 Heaviness: 6 limit: 5
2019-09-20 04:48:54,305 [RatisPipelineUtilsThread] INFO  pipeline.PipelinePlacementPolicy (PipelinePlacementPolicy.java:meetCriteria(91)) - Pipeline Placement: Doesn't meet the criteria to be viable node： 8d97392c-5f4b-400a-94a1-fb61a3ebbc99 Heaviness: 6 limit: 5
2019-09-20 04:48:54,305 [RatisPipelineUtilsThread] INFO  pipeline.PipelinePlacementPolicy (PipelinePlacementPolicy.java:meetCriteria(91)) - Pipeline Placement: Doesn't meet the criteria to be viable node： 1d91ad97-6666-4ee7-855a-8b5e944e7401 Heaviness: 6 limit: 5
2019-09-20 04:48:54,306 [RatisPipelineUtilsThread] INFO  pipeline.PipelinePlacementPolicy (PipelinePlacementPolicy.java:meetCriteria(91)) - Pipeline Placement: Doesn't meet the criteria to be viable node： 2d6465ef-cffa-473a-a4c6-a9aa3f1a26c0 Heaviness: 6 limit: 5
2019-09-20 04:48:54,306 [RatisPipelineUtilsThread] INFO  pipeline.PipelinePlacementPolicy (PipelinePlacementPolicy.java:meetCriteria(91)) - Pipeline Placement: Doesn't meet the criteria to be viable node： 2702b462-69d8-4c1b-aae1-091a21fe08b8 Heaviness: 6 limit: 5
2019-09-20 04:48:54,306 [RatisPipelineUtilsThread] ERROR pipeline.PipelinePlacementPolicy (PipelinePlacementPolicy.java:filterViableNodes(148)) - Unable to find enough nodes that meet the criteria that cannot engage in more than 5 pipelines. Nodes required: 1 Found: 0, healthy nodes count inNodeManager: 7.
2019-09-20 04:48:54,306 [RatisPipelineUtilsThread] ERROR pipeline.SCMPipelineManager (SCMPipelineManager.java:createPipeline(161)) - Pipeline creation failed due to exception: Unable to find enough nodes that meet the criteria that cannot engage in more than 5 pipelines. Nodes required: 1 Found: 0, healthy nodes count inNodeManager: 7.
2019-09-20 04:48:54,306 [RatisPipelineUtilsThread] INFO  pipeline.PipelinePlacementPolicy (PipelinePlacementPolicy.java:meetCriteria(91)) - Pipeline Placement: Doesn't meet the criteria to be viable node： eaf3ecbe-c3b1-4969-ad3a-e4de7fb04f81 Heaviness: 6 limit: 5
2019-09-20 04:48:54,307 [RatisPipelineUtilsThread] INFO  pipeline.PipelinePlacementPolicy (PipelinePlacementPolicy.java:meetCriteria(91)) - Pipeline Placement: Doesn't meet the criteria to be viable node： ea71b9af-1075-4196-9693-aa14e10f536d Heaviness: 6 limit: 5
2019-09-20 04:48:54,307 [RatisPipelineUtilsThread] INFO  pipeline.PipelinePlacementPolicy (PipelinePlacementPolicy.java:meetCriteria(91)) - Pipeline Placement: Doesn't meet the criteria to be viable node： 42fc6e92-fcdd-4827-b621-9fc58a3d2315 Heaviness: 6 limit: 5
2019-09-20 04:48:54,307 [RatisPipelineUtilsThread] INFO  pipeline.PipelinePlacementPolicy (PipelinePlacementPolicy.java:meetCriteria(91)) - Pipeline Placement: Doesn't meet the criteria to be viable node： 8d97392c-5f4b-400a-94a1-fb61a3ebbc99 Heaviness: 6 limit: 5
2019-09-20 04:48:54,307 [RatisPipelineUtilsThread] INFO  pipeline.PipelinePlacementPolicy (PipelinePlacementPolicy.java:meetCriteria(91)) - Pipeline Placement: Doesn't meet the criteria to be viable node： 1d91ad97-6666-4ee7-855a-8b5e944e7401 Heaviness: 6 limit: 5
2019-09-20 04:48:54,307 [RatisPipelineUtilsThread] INFO  pipeline.PipelinePlacementPolicy (PipelinePlacementPolicy.java:meetCriteria(91)) - Pipeline Placement: Doesn't meet the criteria to be viable node： 2d6465ef-cffa-473a-a4c6-a9aa3f1a26c0 Heaviness: 6 limit: 5
2019-09-20 04:48:54,308 [RatisPipelineUtilsThread] INFO  pipeline.PipelinePlacementPolicy (PipelinePlacementPolicy.java:meetCriteria(91)) - Pipeline Placement: Doesn't meet the criteria to be viable node： 2702b462-69d8-4c1b-aae1-091a21fe08b8 Heaviness: 6 limit: 5
2019-09-20 04:48:54,308 [RatisPipelineUtilsThread] ERROR pipeline.PipelinePlacementPolicy (PipelinePlacementPolicy.java:filterViableNodes(148)) - Unable to find enough nodes that meet the criteria that cannot engage in more than 5 pipelines. Nodes required: 3 Found: 0, healthy nodes count inNodeManager: 7.
2019-09-20 04:48:54,308 [RatisPipelineUtilsThread] ERROR pipeline.SCMPipelineManager (SCMPipelineManager.java:createPipeline(161)) - Pipeline creation failed due to exception: Unable to find enough nodes that meet the criteria that cannot engage in more than 5 pipelines. Nodes required: 3 Found: 0, healthy nodes count inNodeManager: 7.
2019-09-20 04:48:54,308 [IPC Server handler 1 on 40622] INFO  pipeline.PipelinePlacementPolicy (PipelinePlacementPolicy.java:meetCriteria(91)) - Pipeline Placement: Doesn't meet the criteria to be viable node： eaf3ecbe-c3b1-4969-ad3a-e4de7fb04f81 Heaviness: 6 limit: 5
2019-09-20 04:48:54,308 [IPC Server handler 1 on 40622] INFO  pipeline.PipelinePlacementPolicy (PipelinePlacementPolicy.java:meetCriteria(91)) - Pipeline Placement: Doesn't meet the criteria to be viable node： ea71b9af-1075-4196-9693-aa14e10f536d Heaviness: 6 limit: 5
2019-09-20 04:48:54,309 [IPC Server handler 1 on 40622] INFO  pipeline.PipelinePlacementPolicy (PipelinePlacementPolicy.java:meetCriteria(91)) - Pipeline Placement: Doesn't meet the criteria to be viable node： 42fc6e92-fcdd-4827-b621-9fc58a3d2315 Heaviness: 6 limit: 5
2019-09-20 04:48:54,309 [IPC Server handler 1 on 40622] INFO  pipeline.PipelinePlacementPolicy (PipelinePlacementPolicy.java:meetCriteria(91)) - Pipeline Placement: Doesn't meet the criteria to be viable node： 8d97392c-5f4b-400a-94a1-fb61a3ebbc99 Heaviness: 6 limit: 5
2019-09-20 04:48:54,309 [IPC Server handler 1 on 40622] INFO  pipeline.PipelinePlacementPolicy (PipelinePlacementPolicy.java:meetCriteria(91)) - Pipeline Placement: Doesn't meet the criteria to be viable node： 1d91ad97-6666-4ee7-855a-8b5e944e7401 Heaviness: 6 limit: 5
2019-09-20 04:48:54,309 [IPC Server handler 1 on 40622] INFO  pipeline.PipelinePlacementPolicy (PipelinePlacementPolicy.java:meetCriteria(91)) - Pipeline Placement: Doesn't meet the criteria to be viable node： 2d6465ef-cffa-473a-a4c6-a9aa3f1a26c0 Heaviness: 6 limit: 5
2019-09-20 04:48:54,309 [IPC Server handler 1 on 40622] INFO  pipeline.PipelinePlacementPolicy (PipelinePlacementPolicy.java:meetCriteria(91)) - Pipeline Placement: Doesn't meet the criteria to be viable node： 2702b462-69d8-4c1b-aae1-091a21fe08b8 Heaviness: 6 limit: 5
2019-09-20 04:48:54,309 [IPC Server handler 1 on 40622] ERROR pipeline.PipelinePlacementPolicy (PipelinePlacementPolicy.java:filterViableNodes(148)) - Unable to find enough nodes that meet the criteria that cannot engage in more than 5 pipelines. Nodes required: 3 Found: 0, healthy nodes count inNodeManager: 7.
2019-09-20 04:48:54,309 [IPC Server handler 1 on 40622] ERROR pipeline.SCMPipelineManager (SCMPipelineManager.java:createPipeline(161)) - Pipeline creation failed due to exception: Unable to find enough nodes that meet the criteria that cannot engage in more than 5 pipelines. Nodes required: 3 Found: 0, healthy nodes count inNodeManager: 7.
2019-09-20 04:48:54,310 [IPC Server handler 1 on 40622] WARN  block.BlockManagerImpl (BlockManagerImpl.java:allocateBlock(192)) - Pipeline creation failed for type:RATIS factor:THREE. Retrying get pipelines call once.
org.apache.hadoop.hdds.scm.exceptions.SCMException: Unable to find enough nodes that meet the criteria that cannot engage in more than 5 pipelines. Nodes required: 3 Found: 0, healthy nodes count inNodeManager: 7.
	at org.apache.hadoop.hdds.scm.pipeline.PipelinePlacementPolicy.filterViableNodes(PipelinePlacementPolicy.java:149)
	at org.apache.hadoop.hdds.scm.pipeline.PipelinePlacementPolicy.chooseDatanodes(PipelinePlacementPolicy.java:172)
	at org.apache.hadoop.hdds.scm.pipeline.RatisPipelineProvider.create(RatisPipelineProvider.java:92)
	at org.apache.hadoop.hdds.scm.pipeline.PipelineFactory.create(PipelineFactory.java:57)
	at org.apache.hadoop.hdds.scm.pipeline.SCMPipelineManager.createPipeline(SCMPipelineManager.java:149)
	at org.apache.hadoop.hdds.scm.block.BlockManagerImpl.allocateBlock(BlockManagerImpl.java:190)
	at org.apache.hadoop.hdds.scm.server.SCMBlockProtocolServer.allocateBlock(SCMBlockProtocolServer.java:175)
	at org.apache.hadoop.ozone.protocolPB.ScmBlockLocationProtocolServerSideTranslatorPB.allocateScmBlock(ScmBlockLocationProtocolServerSideTranslatorPB.java:153)
	at org.apache.hadoop.ozone.protocolPB.ScmBlockLocationProtocolServerSideTranslatorPB.send(ScmBlockLocationProtocolServerSideTranslatorPB.java:112)
	at org.apache.hadoop.hdds.protocol.proto.ScmBlockLocationProtocolProtos$ScmBlockLocationProtocolService$2.callBlockingMethod(ScmBlockLocationProtocolProtos.java:13157)
	at org.apache.hadoop.ipc.ProtobufRpcEngine$Server$ProtoBufRpcInvoker.call(ProtobufRpcEngine.java:524)
	at org.apache.hadoop.ipc.RPC$Server.call(RPC.java:1025)
	at org.apache.hadoop.ipc.Server$RpcCall.run(Server.java:876)
	at org.apache.hadoop.ipc.Server$RpcCall.run(Server.java:822)
	at java.security.AccessController.doPrivileged(Native Method)
	at javax.security.auth.Subject.doAs(Subject.java:422)
	at org.apache.hadoop.security.UserGroupInformation.doAs(UserGroupInformation.java:1730)
	at org.apache.hadoop.ipc.Server$Handler.run(Server.java:2682)
2019-09-20 04:48:54,312 [IPC Server handler 1 on 40622] INFO  block.BlockManagerImpl (BlockManagerImpl.java:allocateBlock(198)) - Could not find available pipeline of type:RATIS and factor:THREE even after retrying
2019-09-20 04:48:54,312 [IPC Server handler 1 on 40622] ERROR block.BlockManagerImpl (BlockManagerImpl.java:allocateBlock(222)) - Unable to allocate a block for the size: 800, type: RATIS, factor: THREE
2019-09-20 04:48:54,312 | INFO  | SCMAudit | user=jenkins1000 | ip=192.168.36.79 | op=ALLOCATE_BLOCK {owner=a4a57673-9700-4907-b4e8-b5bc2cee901f, size=800, type=RATIS, factor=THREE} | ret=SUCCESS |  
2019-09-20 04:48:54,316 | ERROR | OMAudit | user=jenkins1000 | ip=127.0.0.1 | op=ALLOCATE_KEY {volume=watchforcommithandlingtest, bucket=watchforcommithandlingtest, key=aa167616-305d-4289-af5d-1c0bc7e150ec, dataSize=0, replicationType=RATIS, replicationFactor=THREE, keyLocationInfo=null} | ret=FAILURE | org.apache.hadoop.hdds.scm.exceptions.SCMException: Allocated 0 blocks. Requested 1 blocks
	at org.apache.hadoop.hdds.scm.protocolPB.ScmBlockLocationProtocolClientSideTranslatorPB.handleError(ScmBlockLocationProtocolClientSideTranslatorPB.java:118)
	at org.apache.hadoop.hdds.scm.protocolPB.ScmBlockLocationProtocolClientSideTranslatorPB.allocateBlock(ScmBlockLocationProtocolClientSideTranslatorPB.java:156) 
]]></system-out>
    <system-err><![CDATA[Sep 20, 2019 4:48:44 AM com.sun.jersey.server.impl.application.WebApplicationImpl _initiate
INFO: Initiating Jersey application, version 'Jersey: 1.19 02/11/2015 03:25 AM'
Sep 20, 2019 4:48:44 AM com.sun.jersey.server.impl.application.WebApplicationImpl _initiate
INFO: Initiating Jersey application, version 'Jersey: 1.19 02/11/2015 03:25 AM'
Sep 20, 2019 4:48:45 AM com.sun.jersey.server.impl.application.WebApplicationImpl _initiate
INFO: Initiating Jersey application, version 'Jersey: 1.19 02/11/2015 03:25 AM'
Sep 20, 2019 4:48:45 AM com.sun.jersey.server.impl.application.WebApplicationImpl _initiate
INFO: Initiating Jersey application, version 'Jersey: 1.19 02/11/2015 03:25 AM'
Sep 20, 2019 4:48:45 AM com.sun.jersey.server.impl.application.WebApplicationImpl _initiate
INFO: Initiating Jersey application, version 'Jersey: 1.19 02/11/2015 03:25 AM'
Sep 20, 2019 4:48:45 AM com.sun.jersey.server.impl.application.WebApplicationImpl _initiate
INFO: Initiating Jersey application, version 'Jersey: 1.19 02/11/2015 03:25 AM'
Sep 20, 2019 4:48:46 AM com.sun.jersey.server.impl.application.WebApplicationImpl _initiate
INFO: Initiating Jersey application, version 'Jersey: 1.19 02/11/2015 03:25 AM'
]]></system-err>
  </testcase>
  <testcase name="testWatchForCommitWithSmallerTimeoutValue" classname="org.apache.hadoop.ozone.client.rpc.TestWatchForCommit" time="8.907">
    <error message="Could not allocate container. Cannot get any matching pipeline for Type:RATIS, Factor:THREE, State:PipelineState.OPEN&#10;	at org.apache.hadoop.hdds.scm.container.ContainerStateManager.allocateContainer(ContainerStateManager.java:260)&#10;	at org.apache.hadoop.hdds.scm.container.SCMContainerManager.allocateContainer(SCMContainerManager.java:247)&#10;	at org.apache.hadoop.hdds.scm.server.SCMClientProtocolServer.allocateContainer(SCMClientProtocolServer.java:186)&#10;	at org.apache.hadoop.ozone.protocolPB.StorageContainerLocationProtocolServerSideTranslatorPB.allocateContainer(StorageContainerLocationProtocolServerSideTranslatorPB.java:115)&#10;	at org.apache.hadoop.hdds.protocol.proto.StorageContainerLocationProtocolProtos$StorageContainerLocationProtocolService$2.callBlockingMethod(StorageContainerLocationProtocolProtos.java:19079)&#10;	at org.apache.hadoop.ipc.ProtobufRpcEngine$Server$ProtoBufRpcInvoker.call(ProtobufRpcEngine.java:524)&#10;	at org.apache.hadoop.ipc.RPC$Server.call(RPC.java:1025)&#10;	at org.apache.hadoop.ipc.Server$RpcCall.run(Server.java:876)&#10;	at org.apache.hadoop.ipc.Server$RpcCall.run(Server.java:822)&#10;	at java.security.AccessController.doPrivileged(Native Method)&#10;	at javax.security.auth.Subject.doAs(Subject.java:422)&#10;	at org.apache.hadoop.security.UserGroupInformation.doAs(UserGroupInformation.java:1730)&#10;	at org.apache.hadoop.ipc.Server$Handler.run(Server.java:2682)&#10;" type="org.apache.hadoop.ipc.RemoteException(java.io.IOException)">org.apache.hadoop.ipc.RemoteException(java.io.IOException): Could not allocate container. Cannot get any matching pipeline for Type:RATIS, Factor:THREE, State:PipelineState.OPEN
	at org.apache.hadoop.hdds.scm.container.ContainerStateManager.allocateContainer(ContainerStateManager.java:260)
	at org.apache.hadoop.hdds.scm.container.SCMContainerManager.allocateContainer(SCMContainerManager.java:247)
	at org.apache.hadoop.hdds.scm.server.SCMClientProtocolServer.allocateContainer(SCMClientProtocolServer.java:186)
	at org.apache.hadoop.ozone.protocolPB.StorageContainerLocationProtocolServerSideTranslatorPB.allocateContainer(StorageContainerLocationProtocolServerSideTranslatorPB.java:115)
	at org.apache.hadoop.hdds.protocol.proto.StorageContainerLocationProtocolProtos$StorageContainerLocationProtocolService$2.callBlockingMethod(StorageContainerLocationProtocolProtos.java:19079)
	at org.apache.hadoop.ipc.ProtobufRpcEngine$Server$ProtoBufRpcInvoker.call(ProtobufRpcEngine.java:524)
	at org.apache.hadoop.ipc.RPC$Server.call(RPC.java:1025)
	at org.apache.hadoop.ipc.Server$RpcCall.run(Server.java:876)
	at org.apache.hadoop.ipc.Server$RpcCall.run(Server.java:822)
	at java.security.AccessController.doPrivileged(Native Method)
	at javax.security.auth.Subject.doAs(Subject.java:422)
	at org.apache.hadoop.security.UserGroupInformation.doAs(UserGroupInformation.java:1730)
	at org.apache.hadoop.ipc.Server$Handler.run(Server.java:2682)

	at org.apache.hadoop.ipc.Client.getRpcResponse(Client.java:1511)
	at org.apache.hadoop.ipc.Client.call(Client.java:1457)
	at org.apache.hadoop.ipc.Client.call(Client.java:1367)
	at org.apache.hadoop.ipc.ProtobufRpcEngine$Invoker.invoke(ProtobufRpcEngine.java:228)
	at org.apache.hadoop.ipc.ProtobufRpcEngine$Invoker.invoke(ProtobufRpcEngine.java:116)
	at com.sun.proxy.$Proxy34.allocateContainer(Unknown Source)
	at org.apache.hadoop.hdds.scm.protocolPB.StorageContainerLocationProtocolClientSideTranslatorPB.allocateContainer(StorageContainerLocationProtocolClientSideTranslatorPB.java:125)
	at org.apache.hadoop.ozone.client.rpc.TestWatchForCommit.testWatchForCommitWithSmallerTimeoutValue(TestWatchForCommit.java:281)
	at sun.reflect.NativeMethodAccessorImpl.invoke0(Native Method)
	at sun.reflect.NativeMethodAccessorImpl.invoke(NativeMethodAccessorImpl.java:62)
	at sun.reflect.DelegatingMethodAccessorImpl.invoke(DelegatingMethodAccessorImpl.java:43)
	at java.lang.reflect.Method.invoke(Method.java:498)
	at org.junit.runners.model.FrameworkMethod$1.runReflectiveCall(FrameworkMethod.java:47)
	at org.junit.internal.runners.model.ReflectiveCallable.run(ReflectiveCallable.java:12)
	at org.junit.runners.model.FrameworkMethod.invokeExplosively(FrameworkMethod.java:44)
	at org.junit.internal.runners.statements.InvokeMethod.evaluate(InvokeMethod.java:17)
	at org.junit.runners.ParentRunner.runLeaf(ParentRunner.java:271)
	at org.junit.runners.BlockJUnit4ClassRunner.runChild(BlockJUnit4ClassRunner.java:70)
	at org.junit.runners.BlockJUnit4ClassRunner.runChild(BlockJUnit4ClassRunner.java:50)
	at org.junit.runners.ParentRunner$3.run(ParentRunner.java:238)
	at org.junit.runners.ParentRunner$1.schedule(ParentRunner.java:63)
	at org.junit.runners.ParentRunner.runChildren(ParentRunner.java:236)
	at org.junit.runners.ParentRunner.access$000(ParentRunner.java:53)
	at org.junit.runners.ParentRunner$2.evaluate(ParentRunner.java:229)
	at org.junit.runners.ParentRunner.run(ParentRunner.java:309)
	at org.apache.maven.surefire.junit4.JUnit4Provider.execute(JUnit4Provider.java:365)
	at org.apache.maven.surefire.junit4.JUnit4Provider.executeWithRerun(JUnit4Provider.java:273)
	at org.apache.maven.surefire.junit4.JUnit4Provider.executeTestSet(JUnit4Provider.java:238)
	at org.apache.maven.surefire.junit4.JUnit4Provider.invoke(JUnit4Provider.java:159)
	at org.apache.maven.surefire.booter.ForkedBooter.invokeProviderInSameClassLoader(ForkedBooter.java:384)
	at org.apache.maven.surefire.booter.ForkedBooter.runSuitesInProcess(ForkedBooter.java:345)
	at org.apache.maven.surefire.booter.ForkedBooter.execute(ForkedBooter.java:126)
	at org.apache.maven.surefire.booter.ForkedBooter.main(ForkedBooter.java:418)
</error>
    <system-out><![CDATA[2019-09-20 04:48:54,339 [main] WARN  server.ServerUtils (ServerUtils.java:getScmDbDir(145)) - ozone.scm.db.dirs is not configured. We recommend adding this setting. Falling back to ozone.metadata.dirs instead.
2019-09-20 04:48:54,357 [main] WARN  server.ServerUtils (ServerUtils.java:getScmDbDir(145)) - ozone.scm.db.dirs is not configured. We recommend adding this setting. Falling back to ozone.metadata.dirs instead.
2019-09-20 04:48:54,358 [main] WARN  server.ServerUtils (ServerUtils.java:getScmDbDir(145)) - ozone.scm.db.dirs is not configured. We recommend adding this setting. Falling back to ozone.metadata.dirs instead.
2019-09-20 04:48:54,358 [main] INFO  db.DBStoreBuilder (DBStoreBuilder.java:addTable(110)) - using custom profile for table: deletedBlocks
2019-09-20 04:48:54,358 [main] INFO  db.DBStoreBuilder (DBStoreBuilder.java:processTables(161)) - Using default column profile:DBProfile.DISK for Table:deletedBlocks
2019-09-20 04:48:54,358 [main] INFO  db.DBStoreBuilder (DBStoreBuilder.java:addTable(110)) - using custom profile for table: validCerts
2019-09-20 04:48:54,358 [main] INFO  db.DBStoreBuilder (DBStoreBuilder.java:processTables(161)) - Using default column profile:DBProfile.DISK for Table:validCerts
2019-09-20 04:48:54,359 [main] INFO  db.DBStoreBuilder (DBStoreBuilder.java:addTable(110)) - using custom profile for table: revokedCerts
2019-09-20 04:48:54,359 [main] INFO  db.DBStoreBuilder (DBStoreBuilder.java:processTables(161)) - Using default column profile:DBProfile.DISK for Table:revokedCerts
2019-09-20 04:48:54,359 [main] INFO  db.DBStoreBuilder (DBStoreBuilder.java:addTable(110)) - using custom profile for table: default
2019-09-20 04:48:54,359 [main] INFO  db.DBStoreBuilder (DBStoreBuilder.java:processTables(167)) - Using default column profile:DBProfile.DISK for Table:default
2019-09-20 04:48:54,359 [main] INFO  db.DBStoreBuilder (DBStoreBuilder.java:getDbProfile(198)) - Using default options. DBProfile.DISK
2019-09-20 04:48:54,376 [Thread-377] INFO  impl.FollowerState (FollowerState.java:run(106)) - 1d91ad97-6666-4ee7-855a-8b5e944e7401:group-8E33A19EABF3 changes to CANDIDATE, lastRpcTime:1189, electionTimeout:1189ms
2019-09-20 04:48:54,376 [Thread-377] INFO  impl.RoleInfo (RoleInfo.java:shutdownFollowerState(121)) - 1d91ad97-6666-4ee7-855a-8b5e944e7401: shutdown FollowerState
2019-09-20 04:48:54,376 [Thread-377] INFO  impl.RaftServerImpl (RaftServerImpl.java:setRole(171)) - 1d91ad97-6666-4ee7-855a-8b5e944e7401:group-8E33A19EABF3 changes role from FOLLOWER to CANDIDATE at term 0 for changeToCandidate
2019-09-20 04:48:54,376 [Thread-377] INFO  impl.RoleInfo (RoleInfo.java:updateAndGet(143)) - 1d91ad97-6666-4ee7-855a-8b5e944e7401: start LeaderElection
2019-09-20 04:48:54,402 [Thread-383] INFO  impl.FollowerState (FollowerState.java:run(106)) - 8d97392c-5f4b-400a-94a1-fb61a3ebbc99:group-341CE46B840C changes to CANDIDATE, lastRpcTime:1080, electionTimeout:1080ms
2019-09-20 04:48:54,402 [Thread-383] INFO  impl.RoleInfo (RoleInfo.java:shutdownFollowerState(121)) - 8d97392c-5f4b-400a-94a1-fb61a3ebbc99: shutdown FollowerState
2019-09-20 04:48:54,402 [Thread-383] INFO  impl.RaftServerImpl (RaftServerImpl.java:setRole(171)) - 8d97392c-5f4b-400a-94a1-fb61a3ebbc99:group-341CE46B840C changes role from FOLLOWER to CANDIDATE at term 0 for changeToCandidate
2019-09-20 04:48:54,402 [Thread-383] INFO  impl.RoleInfo (RoleInfo.java:updateAndGet(143)) - 8d97392c-5f4b-400a-94a1-fb61a3ebbc99: start LeaderElection
2019-09-20 04:48:54,408 [1d91ad97-6666-4ee7-855a-8b5e944e7401:group-8E33A19EABF3:LeaderElection32] INFO  impl.LeaderElection (LeaderElection.java:askForVotes(181)) - 1d91ad97-6666-4ee7-855a-8b5e944e7401:group-8E33A19EABF3:LeaderElection32: begin an election at term 1 for -1: [1d91ad97-6666-4ee7-855a-8b5e944e7401:192.168.36.79:34447], old=null
2019-09-20 04:48:54,408 [1d91ad97-6666-4ee7-855a-8b5e944e7401:group-8E33A19EABF3:LeaderElection32] INFO  impl.RoleInfo (RoleInfo.java:shutdownLeaderElection(134)) - 1d91ad97-6666-4ee7-855a-8b5e944e7401: shutdown LeaderElection
2019-09-20 04:48:54,408 [1d91ad97-6666-4ee7-855a-8b5e944e7401:group-8E33A19EABF3:LeaderElection32] INFO  impl.RaftServerImpl (RaftServerImpl.java:setRole(171)) - 1d91ad97-6666-4ee7-855a-8b5e944e7401:group-8E33A19EABF3 changes role from CANDIDATE to LEADER at term 1 for changeToLeader
2019-09-20 04:48:54,408 [1d91ad97-6666-4ee7-855a-8b5e944e7401:group-8E33A19EABF3:LeaderElection32] INFO  impl.RaftServerImpl (ServerState.java:setLeader(263)) - 1d91ad97-6666-4ee7-855a-8b5e944e7401:group-8E33A19EABF3 change Leader from null to 1d91ad97-6666-4ee7-855a-8b5e944e7401 at term 1 for becomeLeader, leader elected after 1225ms
2019-09-20 04:48:54,408 [1d91ad97-6666-4ee7-855a-8b5e944e7401:group-8E33A19EABF3:LeaderElection32] INFO  server.RaftServerConfigKeys (ConfUtils.java:logGet(43)) - raft.server.staging.catchup.gap = 1000 (default)
2019-09-20 04:48:54,409 [1d91ad97-6666-4ee7-855a-8b5e944e7401:group-8E33A19EABF3:LeaderElection32] INFO  server.RaftServerConfigKeys (ConfUtils.java:logGet(43)) - raft.server.rpc.sleep.time = 25ms (default)
2019-09-20 04:48:54,409 [1d91ad97-6666-4ee7-855a-8b5e944e7401:group-8E33A19EABF3:LeaderElection32] INFO  server.RaftServerConfigKeys (ConfUtils.java:logGet(43)) - raft.server.write.element-limit = 4096 (default)
2019-09-20 04:48:54,409 [1d91ad97-6666-4ee7-855a-8b5e944e7401:group-8E33A19EABF3:LeaderElection32] INFO  server.RaftServerConfigKeys (ConfUtils.java:logGet(43)) - raft.server.watch.timeout = 10s (default)
2019-09-20 04:48:54,409 [1d91ad97-6666-4ee7-855a-8b5e944e7401:group-8E33A19EABF3:LeaderElection32] INFO  server.RaftServerConfigKeys (ConfUtils.java:logGet(43)) - raft.server.watch.timeout.denomination = 1s (default)
2019-09-20 04:48:54,409 [1d91ad97-6666-4ee7-855a-8b5e944e7401:group-8E33A19EABF3:LeaderElection32] INFO  server.RaftServerConfigKeys (ConfUtils.java:logGet(43)) - raft.server.watch.element-limit = 65536 (default)
2019-09-20 04:48:54,409 [1d91ad97-6666-4ee7-855a-8b5e944e7401:group-8E33A19EABF3:LeaderElection32] INFO  impl.RoleInfo (RoleInfo.java:updateAndGet(143)) - 1d91ad97-6666-4ee7-855a-8b5e944e7401: start LeaderState
2019-09-20 04:48:54,409 [1d91ad97-6666-4ee7-855a-8b5e944e7401:group-8E33A19EABF3:LeaderElection32] INFO  segmented.SegmentedRaftLogWorker (SegmentedRaftLogWorker.java:startLogSegment(380)) - 1d91ad97-6666-4ee7-855a-8b5e944e7401-SegmentedRaftLogWorker:Storage Directory /workdir/hadoop-ozone/integration-test/target/test-dir/MiniOzoneClusterImpl-c00aaa5b-d63b-4769-9462-6a4c88d2a8bf/datanode-4/data/ratis/36bf8310-1152-41ef-be73-8e33a19eabf3: Starting segment from index:0
2019-09-20 04:48:54,410 [1d91ad97-6666-4ee7-855a-8b5e944e7401:group-8E33A19EABF3:LeaderElection32] INFO  impl.RaftServerImpl (ServerState.java:setRaftConf(361)) - 1d91ad97-6666-4ee7-855a-8b5e944e7401:group-8E33A19EABF3 set configuration 0: [1d91ad97-6666-4ee7-855a-8b5e944e7401:192.168.36.79:34447], old=null at 0
2019-09-20 04:48:54,443 [8d97392c-5f4b-400a-94a1-fb61a3ebbc99:group-341CE46B840C:LeaderElection33] INFO  impl.LeaderElection (LeaderElection.java:askForVotes(181)) - 8d97392c-5f4b-400a-94a1-fb61a3ebbc99:group-341CE46B840C:LeaderElection33: begin an election at term 1 for -1: [8d97392c-5f4b-400a-94a1-fb61a3ebbc99:192.168.36.79:38885], old=null
2019-09-20 04:48:54,443 [8d97392c-5f4b-400a-94a1-fb61a3ebbc99:group-341CE46B840C:LeaderElection33] INFO  impl.RoleInfo (RoleInfo.java:shutdownLeaderElection(134)) - 8d97392c-5f4b-400a-94a1-fb61a3ebbc99: shutdown LeaderElection
2019-09-20 04:48:54,443 [8d97392c-5f4b-400a-94a1-fb61a3ebbc99:group-341CE46B840C:LeaderElection33] INFO  impl.RaftServerImpl (RaftServerImpl.java:setRole(171)) - 8d97392c-5f4b-400a-94a1-fb61a3ebbc99:group-341CE46B840C changes role from CANDIDATE to LEADER at term 1 for changeToLeader
2019-09-20 04:48:54,443 [8d97392c-5f4b-400a-94a1-fb61a3ebbc99:group-341CE46B840C:LeaderElection33] INFO  impl.RaftServerImpl (ServerState.java:setLeader(263)) - 8d97392c-5f4b-400a-94a1-fb61a3ebbc99:group-341CE46B840C change Leader from null to 8d97392c-5f4b-400a-94a1-fb61a3ebbc99 at term 1 for becomeLeader, leader elected after 1150ms
2019-09-20 04:48:54,446 [8d97392c-5f4b-400a-94a1-fb61a3ebbc99:group-341CE46B840C:LeaderElection33] INFO  server.RaftServerConfigKeys (ConfUtils.java:logGet(43)) - raft.server.staging.catchup.gap = 1000 (default)
2019-09-20 04:48:54,446 [8d97392c-5f4b-400a-94a1-fb61a3ebbc99:group-341CE46B840C:LeaderElection33] INFO  server.RaftServerConfigKeys (ConfUtils.java:logGet(43)) - raft.server.rpc.sleep.time = 25ms (default)
2019-09-20 04:48:54,447 [8d97392c-5f4b-400a-94a1-fb61a3ebbc99:group-341CE46B840C:LeaderElection33] INFO  server.RaftServerConfigKeys (ConfUtils.java:logGet(43)) - raft.server.write.element-limit = 4096 (default)
2019-09-20 04:48:54,447 [8d97392c-5f4b-400a-94a1-fb61a3ebbc99:group-341CE46B840C:LeaderElection33] INFO  server.RaftServerConfigKeys (ConfUtils.java:logGet(43)) - raft.server.watch.timeout = 10s (default)
2019-09-20 04:48:54,447 [8d97392c-5f4b-400a-94a1-fb61a3ebbc99:group-341CE46B840C:LeaderElection33] INFO  server.RaftServerConfigKeys (ConfUtils.java:logGet(43)) - raft.server.watch.timeout.denomination = 1s (default)
2019-09-20 04:48:54,447 [8d97392c-5f4b-400a-94a1-fb61a3ebbc99:group-341CE46B840C:LeaderElection33] INFO  server.RaftServerConfigKeys (ConfUtils.java:logGet(43)) - raft.server.watch.element-limit = 65536 (default)
2019-09-20 04:48:54,447 [8d97392c-5f4b-400a-94a1-fb61a3ebbc99:group-341CE46B840C:LeaderElection33] INFO  impl.RoleInfo (RoleInfo.java:updateAndGet(143)) - 8d97392c-5f4b-400a-94a1-fb61a3ebbc99: start LeaderState
2019-09-20 04:48:54,447 [8d97392c-5f4b-400a-94a1-fb61a3ebbc99:group-341CE46B840C:LeaderElection33] INFO  segmented.SegmentedRaftLogWorker (SegmentedRaftLogWorker.java:startLogSegment(380)) - 8d97392c-5f4b-400a-94a1-fb61a3ebbc99-SegmentedRaftLogWorker:Storage Directory /workdir/hadoop-ozone/integration-test/target/test-dir/MiniOzoneClusterImpl-c00aaa5b-d63b-4769-9462-6a4c88d2a8bf/datanode-6/data/ratis/6f0efaff-2fbb-49b3-a09f-341ce46b840c: Starting segment from index:0
2019-09-20 04:48:54,448 [8d97392c-5f4b-400a-94a1-fb61a3ebbc99:group-341CE46B840C:LeaderElection33] INFO  impl.RaftServerImpl (ServerState.java:setRaftConf(361)) - 8d97392c-5f4b-400a-94a1-fb61a3ebbc99:group-341CE46B840C set configuration 0: [8d97392c-5f4b-400a-94a1-fb61a3ebbc99:192.168.36.79:38885], old=null at 0
2019-09-20 04:48:54,473 [1d91ad97-6666-4ee7-855a-8b5e944e7401-SegmentedRaftLogWorker:Storage Directory /workdir/hadoop-ozone/integration-test/target/test-dir/MiniOzoneClusterImpl-c00aaa5b-d63b-4769-9462-6a4c88d2a8bf/datanode-4/data/ratis/36bf8310-1152-41ef-be73-8e33a19eabf3] INFO  segmented.SegmentedRaftLogWorker (SegmentedRaftLogWorker.java:execute(569)) - 1d91ad97-6666-4ee7-855a-8b5e944e7401-SegmentedRaftLogWorker:Storage Directory /workdir/hadoop-ozone/integration-test/target/test-dir/MiniOzoneClusterImpl-c00aaa5b-d63b-4769-9462-6a4c88d2a8bf/datanode-4/data/ratis/36bf8310-1152-41ef-be73-8e33a19eabf3: created new log segment /workdir/hadoop-ozone/integration-test/target/test-dir/MiniOzoneClusterImpl-c00aaa5b-d63b-4769-9462-6a4c88d2a8bf/datanode-4/data/ratis/36bf8310-1152-41ef-be73-8e33a19eabf3/current/log_inprogress_0
2019-09-20 04:48:54,483 [8d97392c-5f4b-400a-94a1-fb61a3ebbc99-SegmentedRaftLogWorker:Storage Directory /workdir/hadoop-ozone/integration-test/target/test-dir/MiniOzoneClusterImpl-c00aaa5b-d63b-4769-9462-6a4c88d2a8bf/datanode-6/data/ratis/6f0efaff-2fbb-49b3-a09f-341ce46b840c] INFO  segmented.SegmentedRaftLogWorker (SegmentedRaftLogWorker.java:execute(569)) - 8d97392c-5f4b-400a-94a1-fb61a3ebbc99-SegmentedRaftLogWorker:Storage Directory /workdir/hadoop-ozone/integration-test/target/test-dir/MiniOzoneClusterImpl-c00aaa5b-d63b-4769-9462-6a4c88d2a8bf/datanode-6/data/ratis/6f0efaff-2fbb-49b3-a09f-341ce46b840c: created new log segment /workdir/hadoop-ozone/integration-test/target/test-dir/MiniOzoneClusterImpl-c00aaa5b-d63b-4769-9462-6a4c88d2a8bf/datanode-6/data/ratis/6f0efaff-2fbb-49b3-a09f-341ce46b840c/current/log_inprogress_0
2019-09-20 04:48:54,575 [Thread-391] INFO  impl.FollowerState (FollowerState.java:run(106)) - eaf3ecbe-c3b1-4969-ad3a-e4de7fb04f81:group-A7599BC117D0 changes to CANDIDATE, lastRpcTime:1048, electionTimeout:1048ms
2019-09-20 04:48:54,575 [Thread-391] INFO  impl.RoleInfo (RoleInfo.java:shutdownFollowerState(121)) - eaf3ecbe-c3b1-4969-ad3a-e4de7fb04f81: shutdown FollowerState
2019-09-20 04:48:54,576 [Thread-391] INFO  impl.RaftServerImpl (RaftServerImpl.java:setRole(171)) - eaf3ecbe-c3b1-4969-ad3a-e4de7fb04f81:group-A7599BC117D0 changes role from FOLLOWER to CANDIDATE at term 0 for changeToCandidate
2019-09-20 04:48:54,576 [Thread-391] INFO  impl.RoleInfo (RoleInfo.java:updateAndGet(143)) - eaf3ecbe-c3b1-4969-ad3a-e4de7fb04f81: start LeaderElection
2019-09-20 04:48:54,578 [Thread-386] INFO  impl.FollowerState (FollowerState.java:run(106)) - 1d91ad97-6666-4ee7-855a-8b5e944e7401:group-D54590351634 changes to CANDIDATE, lastRpcTime:1179, electionTimeout:1178ms
2019-09-20 04:48:54,578 [Thread-386] INFO  impl.RoleInfo (RoleInfo.java:shutdownFollowerState(121)) - 1d91ad97-6666-4ee7-855a-8b5e944e7401: shutdown FollowerState
2019-09-20 04:48:54,578 [Thread-386] INFO  impl.RaftServerImpl (RaftServerImpl.java:setRole(171)) - 1d91ad97-6666-4ee7-855a-8b5e944e7401:group-D54590351634 changes role from FOLLOWER to CANDIDATE at term 0 for changeToCandidate
2019-09-20 04:48:54,581 [Thread-386] INFO  impl.RoleInfo (RoleInfo.java:updateAndGet(143)) - 1d91ad97-6666-4ee7-855a-8b5e944e7401: start LeaderElection
2019-09-20 04:48:54,605 [1d91ad97-6666-4ee7-855a-8b5e944e7401:group-D54590351634:LeaderElection35] INFO  impl.LeaderElection (LeaderElection.java:askForVotes(181)) - 1d91ad97-6666-4ee7-855a-8b5e944e7401:group-D54590351634:LeaderElection35: begin an election at term 1 for -1: [1d91ad97-6666-4ee7-855a-8b5e944e7401:192.168.36.79:34447], old=null
2019-09-20 04:48:54,606 [1d91ad97-6666-4ee7-855a-8b5e944e7401:group-D54590351634:LeaderElection35] INFO  impl.RoleInfo (RoleInfo.java:shutdownLeaderElection(134)) - 1d91ad97-6666-4ee7-855a-8b5e944e7401: shutdown LeaderElection
2019-09-20 04:48:54,606 [eaf3ecbe-c3b1-4969-ad3a-e4de7fb04f81:group-A7599BC117D0:LeaderElection34] INFO  impl.LeaderElection (LeaderElection.java:askForVotes(181)) - eaf3ecbe-c3b1-4969-ad3a-e4de7fb04f81:group-A7599BC117D0:LeaderElection34: begin an election at term 1 for -1: [eaf3ecbe-c3b1-4969-ad3a-e4de7fb04f81:192.168.36.79:35924], old=null
2019-09-20 04:48:54,606 [1d91ad97-6666-4ee7-855a-8b5e944e7401:group-D54590351634:LeaderElection35] INFO  impl.RaftServerImpl (RaftServerImpl.java:setRole(171)) - 1d91ad97-6666-4ee7-855a-8b5e944e7401:group-D54590351634 changes role from CANDIDATE to LEADER at term 1 for changeToLeader
2019-09-20 04:48:54,606 [1d91ad97-6666-4ee7-855a-8b5e944e7401:group-D54590351634:LeaderElection35] INFO  impl.RaftServerImpl (ServerState.java:setLeader(263)) - 1d91ad97-6666-4ee7-855a-8b5e944e7401:group-D54590351634 change Leader from null to 1d91ad97-6666-4ee7-855a-8b5e944e7401 at term 1 for becomeLeader, leader elected after 1211ms
2019-09-20 04:48:54,606 [eaf3ecbe-c3b1-4969-ad3a-e4de7fb04f81:group-A7599BC117D0:LeaderElection34] INFO  impl.RoleInfo (RoleInfo.java:shutdownLeaderElection(134)) - eaf3ecbe-c3b1-4969-ad3a-e4de7fb04f81: shutdown LeaderElection
2019-09-20 04:48:54,606 [1d91ad97-6666-4ee7-855a-8b5e944e7401:group-D54590351634:LeaderElection35] INFO  server.RaftServerConfigKeys (ConfUtils.java:logGet(43)) - raft.server.staging.catchup.gap = 1000 (default)
2019-09-20 04:48:54,606 [eaf3ecbe-c3b1-4969-ad3a-e4de7fb04f81:group-A7599BC117D0:LeaderElection34] INFO  impl.RaftServerImpl (RaftServerImpl.java:setRole(171)) - eaf3ecbe-c3b1-4969-ad3a-e4de7fb04f81:group-A7599BC117D0 changes role from CANDIDATE to LEADER at term 1 for changeToLeader
2019-09-20 04:48:54,606 [1d91ad97-6666-4ee7-855a-8b5e944e7401:group-D54590351634:LeaderElection35] INFO  server.RaftServerConfigKeys (ConfUtils.java:logGet(43)) - raft.server.rpc.sleep.time = 25ms (default)
2019-09-20 04:48:54,606 [eaf3ecbe-c3b1-4969-ad3a-e4de7fb04f81:group-A7599BC117D0:LeaderElection34] INFO  impl.RaftServerImpl (ServerState.java:setLeader(263)) - eaf3ecbe-c3b1-4969-ad3a-e4de7fb04f81:group-A7599BC117D0 change Leader from null to eaf3ecbe-c3b1-4969-ad3a-e4de7fb04f81 at term 1 for becomeLeader, leader elected after 1085ms
2019-09-20 04:48:54,606 [1d91ad97-6666-4ee7-855a-8b5e944e7401:group-D54590351634:LeaderElection35] INFO  server.RaftServerConfigKeys (ConfUtils.java:logGet(43)) - raft.server.write.element-limit = 4096 (default)
2019-09-20 04:48:54,607 [eaf3ecbe-c3b1-4969-ad3a-e4de7fb04f81:group-A7599BC117D0:LeaderElection34] INFO  server.RaftServerConfigKeys (ConfUtils.java:logGet(43)) - raft.server.staging.catchup.gap = 1000 (default)
2019-09-20 04:48:54,607 [1d91ad97-6666-4ee7-855a-8b5e944e7401:group-D54590351634:LeaderElection35] INFO  server.RaftServerConfigKeys (ConfUtils.java:logGet(43)) - raft.server.watch.timeout = 10s (default)
2019-09-20 04:48:54,607 [eaf3ecbe-c3b1-4969-ad3a-e4de7fb04f81:group-A7599BC117D0:LeaderElection34] INFO  server.RaftServerConfigKeys (ConfUtils.java:logGet(43)) - raft.server.rpc.sleep.time = 25ms (default)
2019-09-20 04:48:54,607 [1d91ad97-6666-4ee7-855a-8b5e944e7401:group-D54590351634:LeaderElection35] INFO  server.RaftServerConfigKeys (ConfUtils.java:logGet(43)) - raft.server.watch.timeout.denomination = 1s (default)
2019-09-20 04:48:54,607 [1d91ad97-6666-4ee7-855a-8b5e944e7401:group-D54590351634:LeaderElection35] INFO  server.RaftServerConfigKeys (ConfUtils.java:logGet(43)) - raft.server.watch.element-limit = 65536 (default)
2019-09-20 04:48:54,607 [eaf3ecbe-c3b1-4969-ad3a-e4de7fb04f81:group-A7599BC117D0:LeaderElection34] INFO  server.RaftServerConfigKeys (ConfUtils.java:logGet(43)) - raft.server.write.element-limit = 4096 (default)
2019-09-20 04:48:54,607 [1d91ad97-6666-4ee7-855a-8b5e944e7401:group-D54590351634:LeaderElection35] INFO  impl.RoleInfo (RoleInfo.java:updateAndGet(143)) - 1d91ad97-6666-4ee7-855a-8b5e944e7401: start LeaderState
2019-09-20 04:48:54,607 [eaf3ecbe-c3b1-4969-ad3a-e4de7fb04f81:group-A7599BC117D0:LeaderElection34] INFO  server.RaftServerConfigKeys (ConfUtils.java:logGet(43)) - raft.server.watch.timeout = 10s (default)
2019-09-20 04:48:54,607 [1d91ad97-6666-4ee7-855a-8b5e944e7401:group-D54590351634:LeaderElection35] INFO  segmented.SegmentedRaftLogWorker (SegmentedRaftLogWorker.java:startLogSegment(380)) - 1d91ad97-6666-4ee7-855a-8b5e944e7401-SegmentedRaftLogWorker:Storage Directory /workdir/hadoop-ozone/integration-test/target/test-dir/MiniOzoneClusterImpl-c00aaa5b-d63b-4769-9462-6a4c88d2a8bf/datanode-4/data/ratis/f9e41168-a4df-4ef1-b723-d54590351634: Starting segment from index:0
2019-09-20 04:48:54,608 [eaf3ecbe-c3b1-4969-ad3a-e4de7fb04f81:group-A7599BC117D0:LeaderElection34] INFO  server.RaftServerConfigKeys (ConfUtils.java:logGet(43)) - raft.server.watch.timeout.denomination = 1s (default)
2019-09-20 04:48:54,608 [eaf3ecbe-c3b1-4969-ad3a-e4de7fb04f81:group-A7599BC117D0:LeaderElection34] INFO  server.RaftServerConfigKeys (ConfUtils.java:logGet(43)) - raft.server.watch.element-limit = 65536 (default)
2019-09-20 04:48:54,608 [1d91ad97-6666-4ee7-855a-8b5e944e7401:group-D54590351634:LeaderElection35] INFO  impl.RaftServerImpl (ServerState.java:setRaftConf(361)) - 1d91ad97-6666-4ee7-855a-8b5e944e7401:group-D54590351634 set configuration 0: [1d91ad97-6666-4ee7-855a-8b5e944e7401:192.168.36.79:34447], old=null at 0
2019-09-20 04:48:54,634 [eaf3ecbe-c3b1-4969-ad3a-e4de7fb04f81:group-A7599BC117D0:LeaderElection34] INFO  impl.RoleInfo (RoleInfo.java:updateAndGet(143)) - eaf3ecbe-c3b1-4969-ad3a-e4de7fb04f81: start LeaderState
2019-09-20 04:48:54,634 [eaf3ecbe-c3b1-4969-ad3a-e4de7fb04f81:group-A7599BC117D0:LeaderElection34] INFO  segmented.SegmentedRaftLogWorker (SegmentedRaftLogWorker.java:startLogSegment(380)) - eaf3ecbe-c3b1-4969-ad3a-e4de7fb04f81-SegmentedRaftLogWorker:Storage Directory /workdir/hadoop-ozone/integration-test/target/test-dir/MiniOzoneClusterImpl-c00aaa5b-d63b-4769-9462-6a4c88d2a8bf/datanode-5/data/ratis/3b054cc3-9fa9-4e5a-abbb-a7599bc117d0: Starting segment from index:0
2019-09-20 04:48:54,635 [eaf3ecbe-c3b1-4969-ad3a-e4de7fb04f81:group-A7599BC117D0:LeaderElection34] INFO  impl.RaftServerImpl (ServerState.java:setRaftConf(361)) - eaf3ecbe-c3b1-4969-ad3a-e4de7fb04f81:group-A7599BC117D0 set configuration 0: [eaf3ecbe-c3b1-4969-ad3a-e4de7fb04f81:192.168.36.79:35924], old=null at 0
2019-09-20 04:48:54,638 [main] INFO  net.NodeSchemaLoader (NodeSchemaLoader.java:loadSchemaFromFile(125)) - Loading file from sun.misc.CompoundEnumeration@67b5e613
2019-09-20 04:48:54,638 [main] INFO  net.NodeSchemaLoader (NodeSchemaLoader.java:loadSchema(171)) - Loading network topology layer schema file
2019-09-20 04:48:54,641 [main] WARN  server.ServerUtils (ServerUtils.java:sanitizeUserArgs(70)) - ozone.scm.stale.node.interval value = 300000 is larger than max = 100000 based on the key value of ozone.scm.heartbeat.thread.interval, reset to the max value 100000.
2019-09-20 04:48:54,642 [main] WARN  server.ServerUtils (ServerUtils.java:sanitizeUserArgs(70)) - ozone.scm.stale.node.interval value = 300000 is larger than max = 100000 based on the key value of ozone.scm.heartbeat.thread.interval, reset to the max value 100000.
2019-09-20 04:48:54,642 [main] INFO  node.SCMNodeManager (SCMNodeManager.java:<init>(121)) - Entering startup safe mode.
2019-09-20 04:48:54,643 [main] INFO  algorithms.ContainerPlacementPolicyFactory (ContainerPlacementPolicyFactory.java:getPolicy(56)) - Create container placement policy of type org.apache.hadoop.hdds.scm.container.placement.algorithms.SCMContainerPlacementRandom
2019-09-20 04:48:54,643 [main] WARN  server.ServerUtils (ServerUtils.java:getScmDbDir(145)) - ozone.scm.db.dirs is not configured. We recommend adding this setting. Falling back to ozone.metadata.dirs instead.
2019-09-20 04:48:54,656 | INFO  | SCMAudit | user=jenkins1000 | ip=192.168.36.79 | op=SEND_HEARTBEAT {datanodeUUID=2702b462-69d8-4c1b-aae1-091a21fe08b8, command=[]} | ret=SUCCESS |  
2019-09-20 04:48:54,656 | INFO  | SCMAudit | user=jenkins1000 | ip=192.168.36.79 | op=SEND_HEARTBEAT {datanodeUUID=2d6465ef-cffa-473a-a4c6-a9aa3f1a26c0, command=[]} | ret=SUCCESS |  
2019-09-20 04:48:54,666 [1d91ad97-6666-4ee7-855a-8b5e944e7401-SegmentedRaftLogWorker:Storage Directory /workdir/hadoop-ozone/integration-test/target/test-dir/MiniOzoneClusterImpl-c00aaa5b-d63b-4769-9462-6a4c88d2a8bf/datanode-4/data/ratis/f9e41168-a4df-4ef1-b723-d54590351634] INFO  segmented.SegmentedRaftLogWorker (SegmentedRaftLogWorker.java:execute(569)) - 1d91ad97-6666-4ee7-855a-8b5e944e7401-SegmentedRaftLogWorker:Storage Directory /workdir/hadoop-ozone/integration-test/target/test-dir/MiniOzoneClusterImpl-c00aaa5b-d63b-4769-9462-6a4c88d2a8bf/datanode-4/data/ratis/f9e41168-a4df-4ef1-b723-d54590351634: created new log segment /workdir/hadoop-ozone/integration-test/target/test-dir/MiniOzoneClusterImpl-c00aaa5b-d63b-4769-9462-6a4c88d2a8bf/datanode-4/data/ratis/f9e41168-a4df-4ef1-b723-d54590351634/current/log_inprogress_0
2019-09-20 04:48:54,697 [eaf3ecbe-c3b1-4969-ad3a-e4de7fb04f81-SegmentedRaftLogWorker:Storage Directory /workdir/hadoop-ozone/integration-test/target/test-dir/MiniOzoneClusterImpl-c00aaa5b-d63b-4769-9462-6a4c88d2a8bf/datanode-5/data/ratis/3b054cc3-9fa9-4e5a-abbb-a7599bc117d0] INFO  segmented.SegmentedRaftLogWorker (SegmentedRaftLogWorker.java:execute(569)) - eaf3ecbe-c3b1-4969-ad3a-e4de7fb04f81-SegmentedRaftLogWorker:Storage Directory /workdir/hadoop-ozone/integration-test/target/test-dir/MiniOzoneClusterImpl-c00aaa5b-d63b-4769-9462-6a4c88d2a8bf/datanode-5/data/ratis/3b054cc3-9fa9-4e5a-abbb-a7599bc117d0: created new log segment /workdir/hadoop-ozone/integration-test/target/test-dir/MiniOzoneClusterImpl-c00aaa5b-d63b-4769-9462-6a4c88d2a8bf/datanode-5/data/ratis/3b054cc3-9fa9-4e5a-abbb-a7599bc117d0/current/log_inprogress_0
2019-09-20 04:48:54,755 | INFO  | SCMAudit | user=jenkins1000 | ip=192.168.36.79 | op=SEND_HEARTBEAT {datanodeUUID=1d91ad97-6666-4ee7-855a-8b5e944e7401, command=[]} | ret=SUCCESS |  
2019-09-20 04:48:54,792 [Thread-401] INFO  impl.FollowerState (FollowerState.java:run(106)) - eaf3ecbe-c3b1-4969-ad3a-e4de7fb04f81:group-B54B44EF3E3C changes to CANDIDATE, lastRpcTime:1034, electionTimeout:1033ms
2019-09-20 04:48:54,792 [Thread-401] INFO  impl.RoleInfo (RoleInfo.java:shutdownFollowerState(121)) - eaf3ecbe-c3b1-4969-ad3a-e4de7fb04f81: shutdown FollowerState
2019-09-20 04:48:54,793 [Thread-401] INFO  impl.RaftServerImpl (RaftServerImpl.java:setRole(171)) - eaf3ecbe-c3b1-4969-ad3a-e4de7fb04f81:group-B54B44EF3E3C changes role from FOLLOWER to CANDIDATE at term 0 for changeToCandidate
2019-09-20 04:48:54,793 [Thread-401] INFO  impl.RoleInfo (RoleInfo.java:updateAndGet(143)) - eaf3ecbe-c3b1-4969-ad3a-e4de7fb04f81: start LeaderElection
2019-09-20 04:48:54,803 [main] INFO  pipeline.SCMPipelineManager (SCMPipelineManager.java:initializePipelineState(126)) - No pipeline exists in current db
2019-09-20 04:48:54,803 [main] WARN  server.ServerUtils (ServerUtils.java:getScmDbDir(145)) - ozone.scm.db.dirs is not configured. We recommend adding this setting. Falling back to ozone.metadata.dirs instead.
2019-09-20 04:48:54,803 [Thread-395] INFO  impl.FollowerState (FollowerState.java:run(106)) - eaf3ecbe-c3b1-4969-ad3a-e4de7fb04f81:group-23802CDCA1BC changes to CANDIDATE, lastRpcTime:1196, electionTimeout:1196ms
2019-09-20 04:48:54,803 [Thread-395] INFO  impl.RoleInfo (RoleInfo.java:shutdownFollowerState(121)) - eaf3ecbe-c3b1-4969-ad3a-e4de7fb04f81: shutdown FollowerState
2019-09-20 04:48:54,803 [Thread-395] INFO  impl.RaftServerImpl (RaftServerImpl.java:setRole(171)) - eaf3ecbe-c3b1-4969-ad3a-e4de7fb04f81:group-23802CDCA1BC changes role from FOLLOWER to CANDIDATE at term 0 for changeToCandidate
2019-09-20 04:48:54,804 [Thread-395] INFO  impl.RoleInfo (RoleInfo.java:updateAndGet(143)) - eaf3ecbe-c3b1-4969-ad3a-e4de7fb04f81: start LeaderElection
2019-09-20 04:48:54,817 [eaf3ecbe-c3b1-4969-ad3a-e4de7fb04f81:group-23802CDCA1BC:LeaderElection37] INFO  impl.LeaderElection (LeaderElection.java:askForVotes(181)) - eaf3ecbe-c3b1-4969-ad3a-e4de7fb04f81:group-23802CDCA1BC:LeaderElection37: begin an election at term 1 for -1: [eaf3ecbe-c3b1-4969-ad3a-e4de7fb04f81:192.168.36.79:35924], old=null
2019-09-20 04:48:54,817 [eaf3ecbe-c3b1-4969-ad3a-e4de7fb04f81:group-B54B44EF3E3C:LeaderElection36] INFO  impl.LeaderElection (LeaderElection.java:askForVotes(181)) - eaf3ecbe-c3b1-4969-ad3a-e4de7fb04f81:group-B54B44EF3E3C:LeaderElection36: begin an election at term 1 for -1: [eaf3ecbe-c3b1-4969-ad3a-e4de7fb04f81:192.168.36.79:35924], old=null
2019-09-20 04:48:54,817 [eaf3ecbe-c3b1-4969-ad3a-e4de7fb04f81:group-23802CDCA1BC:LeaderElection37] INFO  impl.RoleInfo (RoleInfo.java:shutdownLeaderElection(134)) - eaf3ecbe-c3b1-4969-ad3a-e4de7fb04f81: shutdown LeaderElection
2019-09-20 04:48:54,817 [eaf3ecbe-c3b1-4969-ad3a-e4de7fb04f81:group-B54B44EF3E3C:LeaderElection36] INFO  impl.RoleInfo (RoleInfo.java:shutdownLeaderElection(134)) - eaf3ecbe-c3b1-4969-ad3a-e4de7fb04f81: shutdown LeaderElection
2019-09-20 04:48:54,817 [eaf3ecbe-c3b1-4969-ad3a-e4de7fb04f81:group-23802CDCA1BC:LeaderElection37] INFO  impl.RaftServerImpl (RaftServerImpl.java:setRole(171)) - eaf3ecbe-c3b1-4969-ad3a-e4de7fb04f81:group-23802CDCA1BC changes role from CANDIDATE to LEADER at term 1 for changeToLeader
2019-09-20 04:48:54,817 [eaf3ecbe-c3b1-4969-ad3a-e4de7fb04f81:group-B54B44EF3E3C:LeaderElection36] INFO  impl.RaftServerImpl (RaftServerImpl.java:setRole(171)) - eaf3ecbe-c3b1-4969-ad3a-e4de7fb04f81:group-B54B44EF3E3C changes role from CANDIDATE to LEADER at term 1 for changeToLeader
2019-09-20 04:48:54,817 [eaf3ecbe-c3b1-4969-ad3a-e4de7fb04f81:group-23802CDCA1BC:LeaderElection37] INFO  impl.RaftServerImpl (ServerState.java:setLeader(263)) - eaf3ecbe-c3b1-4969-ad3a-e4de7fb04f81:group-23802CDCA1BC change Leader from null to eaf3ecbe-c3b1-4969-ad3a-e4de7fb04f81 at term 1 for becomeLeader, leader elected after 1220ms
2019-09-20 04:48:54,818 [eaf3ecbe-c3b1-4969-ad3a-e4de7fb04f81:group-B54B44EF3E3C:LeaderElection36] INFO  impl.RaftServerImpl (ServerState.java:setLeader(263)) - eaf3ecbe-c3b1-4969-ad3a-e4de7fb04f81:group-B54B44EF3E3C change Leader from null to eaf3ecbe-c3b1-4969-ad3a-e4de7fb04f81 at term 1 for becomeLeader, leader elected after 1064ms
2019-09-20 04:48:54,818 [eaf3ecbe-c3b1-4969-ad3a-e4de7fb04f81:group-23802CDCA1BC:LeaderElection37] INFO  server.RaftServerConfigKeys (ConfUtils.java:logGet(43)) - raft.server.staging.catchup.gap = 1000 (default)
2019-09-20 04:48:54,818 [eaf3ecbe-c3b1-4969-ad3a-e4de7fb04f81:group-B54B44EF3E3C:LeaderElection36] INFO  server.RaftServerConfigKeys (ConfUtils.java:logGet(43)) - raft.server.staging.catchup.gap = 1000 (default)
2019-09-20 04:48:54,818 [eaf3ecbe-c3b1-4969-ad3a-e4de7fb04f81:group-23802CDCA1BC:LeaderElection37] INFO  server.RaftServerConfigKeys (ConfUtils.java:logGet(43)) - raft.server.rpc.sleep.time = 25ms (default)
2019-09-20 04:48:54,818 [eaf3ecbe-c3b1-4969-ad3a-e4de7fb04f81:group-B54B44EF3E3C:LeaderElection36] INFO  server.RaftServerConfigKeys (ConfUtils.java:logGet(43)) - raft.server.rpc.sleep.time = 25ms (default)
2019-09-20 04:48:54,818 [eaf3ecbe-c3b1-4969-ad3a-e4de7fb04f81:group-23802CDCA1BC:LeaderElection37] INFO  server.RaftServerConfigKeys (ConfUtils.java:logGet(43)) - raft.server.write.element-limit = 4096 (default)
2019-09-20 04:48:54,818 [eaf3ecbe-c3b1-4969-ad3a-e4de7fb04f81:group-B54B44EF3E3C:LeaderElection36] INFO  server.RaftServerConfigKeys (ConfUtils.java:logGet(43)) - raft.server.write.element-limit = 4096 (default)
2019-09-20 04:48:54,818 [eaf3ecbe-c3b1-4969-ad3a-e4de7fb04f81:group-23802CDCA1BC:LeaderElection37] INFO  server.RaftServerConfigKeys (ConfUtils.java:logGet(43)) - raft.server.watch.timeout = 10s (default)
2019-09-20 04:48:54,819 [eaf3ecbe-c3b1-4969-ad3a-e4de7fb04f81:group-B54B44EF3E3C:LeaderElection36] INFO  server.RaftServerConfigKeys (ConfUtils.java:logGet(43)) - raft.server.watch.timeout = 10s (default)
2019-09-20 04:48:54,819 [eaf3ecbe-c3b1-4969-ad3a-e4de7fb04f81:group-23802CDCA1BC:LeaderElection37] INFO  server.RaftServerConfigKeys (ConfUtils.java:logGet(43)) - raft.server.watch.timeout.denomination = 1s (default)
2019-09-20 04:48:54,819 [eaf3ecbe-c3b1-4969-ad3a-e4de7fb04f81:group-B54B44EF3E3C:LeaderElection36] INFO  server.RaftServerConfigKeys (ConfUtils.java:logGet(43)) - raft.server.watch.timeout.denomination = 1s (default)
2019-09-20 04:48:54,819 [eaf3ecbe-c3b1-4969-ad3a-e4de7fb04f81:group-23802CDCA1BC:LeaderElection37] INFO  server.RaftServerConfigKeys (ConfUtils.java:logGet(43)) - raft.server.watch.element-limit = 65536 (default)
2019-09-20 04:48:54,819 [eaf3ecbe-c3b1-4969-ad3a-e4de7fb04f81:group-B54B44EF3E3C:LeaderElection36] INFO  server.RaftServerConfigKeys (ConfUtils.java:logGet(43)) - raft.server.watch.element-limit = 65536 (default)
2019-09-20 04:48:54,819 [eaf3ecbe-c3b1-4969-ad3a-e4de7fb04f81:group-23802CDCA1BC:LeaderElection37] INFO  impl.RoleInfo (RoleInfo.java:updateAndGet(143)) - eaf3ecbe-c3b1-4969-ad3a-e4de7fb04f81: start LeaderState
2019-09-20 04:48:54,819 [eaf3ecbe-c3b1-4969-ad3a-e4de7fb04f81:group-B54B44EF3E3C:LeaderElection36] INFO  impl.RoleInfo (RoleInfo.java:updateAndGet(143)) - eaf3ecbe-c3b1-4969-ad3a-e4de7fb04f81: start LeaderState
2019-09-20 04:48:54,819 [eaf3ecbe-c3b1-4969-ad3a-e4de7fb04f81:group-23802CDCA1BC:LeaderElection37] INFO  segmented.SegmentedRaftLogWorker (SegmentedRaftLogWorker.java:startLogSegment(380)) - eaf3ecbe-c3b1-4969-ad3a-e4de7fb04f81-SegmentedRaftLogWorker:Storage Directory /workdir/hadoop-ozone/integration-test/target/test-dir/MiniOzoneClusterImpl-c00aaa5b-d63b-4769-9462-6a4c88d2a8bf/datanode-5/data/ratis/d5a2673f-3cbe-40cf-814d-23802cdca1bc: Starting segment from index:0
2019-09-20 04:48:54,820 [eaf3ecbe-c3b1-4969-ad3a-e4de7fb04f81:group-B54B44EF3E3C:LeaderElection36] INFO  segmented.SegmentedRaftLogWorker (SegmentedRaftLogWorker.java:startLogSegment(380)) - eaf3ecbe-c3b1-4969-ad3a-e4de7fb04f81-SegmentedRaftLogWorker:Storage Directory /workdir/hadoop-ozone/integration-test/target/test-dir/MiniOzoneClusterImpl-c00aaa5b-d63b-4769-9462-6a4c88d2a8bf/datanode-5/data/ratis/9c880a90-482b-402b-aa87-b54b44ef3e3c: Starting segment from index:0
2019-09-20 04:48:54,820 [eaf3ecbe-c3b1-4969-ad3a-e4de7fb04f81:group-23802CDCA1BC:LeaderElection37] INFO  impl.RaftServerImpl (ServerState.java:setRaftConf(361)) - eaf3ecbe-c3b1-4969-ad3a-e4de7fb04f81:group-23802CDCA1BC set configuration 0: [eaf3ecbe-c3b1-4969-ad3a-e4de7fb04f81:192.168.36.79:35924], old=null at 0
2019-09-20 04:48:54,851 [eaf3ecbe-c3b1-4969-ad3a-e4de7fb04f81:group-B54B44EF3E3C:LeaderElection36] INFO  impl.RaftServerImpl (ServerState.java:setRaftConf(361)) - eaf3ecbe-c3b1-4969-ad3a-e4de7fb04f81:group-B54B44EF3E3C set configuration 0: [eaf3ecbe-c3b1-4969-ad3a-e4de7fb04f81:192.168.36.79:35924], old=null at 0
2019-09-20 04:48:54,871 [eaf3ecbe-c3b1-4969-ad3a-e4de7fb04f81-SegmentedRaftLogWorker:Storage Directory /workdir/hadoop-ozone/integration-test/target/test-dir/MiniOzoneClusterImpl-c00aaa5b-d63b-4769-9462-6a4c88d2a8bf/datanode-5/data/ratis/d5a2673f-3cbe-40cf-814d-23802cdca1bc] INFO  segmented.SegmentedRaftLogWorker (SegmentedRaftLogWorker.java:execute(569)) - eaf3ecbe-c3b1-4969-ad3a-e4de7fb04f81-SegmentedRaftLogWorker:Storage Directory /workdir/hadoop-ozone/integration-test/target/test-dir/MiniOzoneClusterImpl-c00aaa5b-d63b-4769-9462-6a4c88d2a8bf/datanode-5/data/ratis/d5a2673f-3cbe-40cf-814d-23802cdca1bc: created new log segment /workdir/hadoop-ozone/integration-test/target/test-dir/MiniOzoneClusterImpl-c00aaa5b-d63b-4769-9462-6a4c88d2a8bf/datanode-5/data/ratis/d5a2673f-3cbe-40cf-814d-23802cdca1bc/current/log_inprogress_0
2019-09-20 04:48:54,871 [eaf3ecbe-c3b1-4969-ad3a-e4de7fb04f81-SegmentedRaftLogWorker:Storage Directory /workdir/hadoop-ozone/integration-test/target/test-dir/MiniOzoneClusterImpl-c00aaa5b-d63b-4769-9462-6a4c88d2a8bf/datanode-5/data/ratis/9c880a90-482b-402b-aa87-b54b44ef3e3c] INFO  segmented.SegmentedRaftLogWorker (SegmentedRaftLogWorker.java:execute(569)) - eaf3ecbe-c3b1-4969-ad3a-e4de7fb04f81-SegmentedRaftLogWorker:Storage Directory /workdir/hadoop-ozone/integration-test/target/test-dir/MiniOzoneClusterImpl-c00aaa5b-d63b-4769-9462-6a4c88d2a8bf/datanode-5/data/ratis/9c880a90-482b-402b-aa87-b54b44ef3e3c: created new log segment /workdir/hadoop-ozone/integration-test/target/test-dir/MiniOzoneClusterImpl-c00aaa5b-d63b-4769-9462-6a4c88d2a8bf/datanode-5/data/ratis/9c880a90-482b-402b-aa87-b54b44ef3e3c/current/log_inprogress_0
2019-09-20 04:48:54,894 [main] WARN  events.EventQueue (EventQueue.java:fireEvent(175)) - No event handler registered for event TypedEvent{payloadType=SafeModeStatus, name='SafeModeStatus'}
2019-09-20 04:48:54,895 [main] INFO  ipc.CallQueueManager (CallQueueManager.java:<init>(84)) - Using callQueue: class java.util.concurrent.LinkedBlockingQueue, queueCapacity: 2000, scheduler: class org.apache.hadoop.ipc.DefaultRpcScheduler, ipcBackoff: false.
2019-09-20 04:48:54,897 [Socket Reader #1 for port 40543] INFO  ipc.Server (Server.java:run(1074)) - Starting Socket Reader #1 for port 40543
2019-09-20 04:48:54,901 [main] INFO  ipc.CallQueueManager (CallQueueManager.java:<init>(84)) - Using callQueue: class java.util.concurrent.LinkedBlockingQueue, queueCapacity: 2000, scheduler: class org.apache.hadoop.ipc.DefaultRpcScheduler, ipcBackoff: false.
2019-09-20 04:48:54,902 [Socket Reader #1 for port 34169] INFO  ipc.Server (Server.java:run(1074)) - Starting Socket Reader #1 for port 34169
2019-09-20 04:48:54,904 | INFO  | SCMAudit | user=jenkins1000 | ip=192.168.36.79 | op=SEND_HEARTBEAT {datanodeUUID=ea71b9af-1075-4196-9693-aa14e10f536d, command=[]} | ret=SUCCESS |  
2019-09-20 04:48:54,905 [main] INFO  ipc.CallQueueManager (CallQueueManager.java:<init>(84)) - Using callQueue: class java.util.concurrent.LinkedBlockingQueue, queueCapacity: 2000, scheduler: class org.apache.hadoop.ipc.DefaultRpcScheduler, ipcBackoff: false.
2019-09-20 04:48:54,906 [Socket Reader #1 for port 46814] INFO  ipc.Server (Server.java:run(1074)) - Starting Socket Reader #1 for port 46814
2019-09-20 04:48:54,910 [main] INFO  hdfs.DFSUtil (DFSUtil.java:httpServerTemplateForNNAndJN(1641)) - Starting Web-server for scm at: http://0.0.0.0:0
2019-09-20 04:48:54,911 [main] INFO  server.AuthenticationFilter (AuthenticationFilter.java:constructSecretProvider(240)) - Unable to initialize FileSignerSecretProvider, falling back to use random secrets.
2019-09-20 04:48:54,912 [main] WARN  http.HttpRequestLog (HttpRequestLog.java:getRequestLog(97)) - Jetty request log can only be enabled using Log4j
2019-09-20 04:48:54,913 [main] INFO  http.HttpServer2 (HttpServer2.java:addGlobalFilter(975)) - Added global filter 'safety' (class=org.apache.hadoop.http.HttpServer2$QuotingInputFilter)
2019-09-20 04:48:54,916 [main] INFO  http.HttpServer2 (HttpServer2.java:addFilter(948)) - Added filter static_user_filter (class=org.apache.hadoop.http.lib.StaticUserWebFilter$StaticUserFilter) to context scm
2019-09-20 04:48:54,916 [main] INFO  http.HttpServer2 (HttpServer2.java:addFilter(958)) - Added filter static_user_filter (class=org.apache.hadoop.http.lib.StaticUserWebFilter$StaticUserFilter) to context static
2019-09-20 04:48:54,916 [main] INFO  http.HttpServer2 (HttpServer2.java:addFilter(958)) - Added filter static_user_filter (class=org.apache.hadoop.http.lib.StaticUserWebFilter$StaticUserFilter) to context logs
2019-09-20 04:48:54,921 [main] INFO  server.StorageContainerManager (StorageContainerManager.java:start(759)) - StorageContainerLocationProtocol RPC server is listening at /0.0.0.0:46814
2019-09-20 04:48:54,921 [main] INFO  impl.MetricsSystemImpl (MetricsSystemImpl.java:init(158)) - StorageContainerManager metrics system started (again)
2019-09-20 04:48:54,935 [main] INFO  server.SCMClientProtocolServer (SCMClientProtocolServer.java:start(151)) - RPC server for Client  is listening at /0.0.0.0:46814
2019-09-20 04:48:54,935 [IPC Server Responder] INFO  ipc.Server (Server.java:run(1314)) - IPC Server Responder: starting
2019-09-20 04:48:54,936 [IPC Server listener on 46814] INFO  ipc.Server (Server.java:run(1153)) - IPC Server listener on 46814: starting
2019-09-20 04:48:54,943 [main] INFO  server.StorageContainerManager (StorageContainerManager.java:start(769)) - ScmBlockLocationProtocol RPC server is listening at /0.0.0.0:34169
2019-09-20 04:48:54,943 [main] INFO  server.SCMBlockProtocolServer (SCMBlockProtocolServer.java:start(140)) - RPC server for Block Protocol is listening at /0.0.0.0:34169
2019-09-20 04:48:54,944 [IPC Server Responder] INFO  ipc.Server (Server.java:run(1314)) - IPC Server Responder: starting
2019-09-20 04:48:54,944 [IPC Server listener on 34169] INFO  ipc.Server (Server.java:run(1153)) - IPC Server listener on 34169: starting
2019-09-20 04:48:54,950 [main] INFO  server.StorageContainerManager (StorageContainerManager.java:start(773)) - ScmDatanodeProtocl RPC server is listening at /0.0.0.0:40543
2019-09-20 04:48:54,950 [main] INFO  server.SCMDatanodeProtocolServer (SCMDatanodeProtocolServer.java:start(191)) - RPC server for DataNodes is listening at /0.0.0.0:40543
2019-09-20 04:48:54,950 [IPC Server Responder] INFO  ipc.Server (Server.java:run(1314)) - IPC Server Responder: starting
2019-09-20 04:48:54,950 [IPC Server listener on 40543] INFO  ipc.Server (Server.java:run(1153)) - IPC Server listener on 40543: starting
2019-09-20 04:48:54,955 [main] INFO  http.HttpServer2 (HttpServer2.java:bindListener(1191)) - Jetty bound to port 42523
2019-09-20 04:48:54,955 [main] INFO  server.Server (Server.java:doStart(351)) - jetty-9.3.24.v20180605, build timestamp: 2018-06-05T17:11:56Z, git hash: 84205aa28f11a4f31f2a3b86d1bba2cc8ab69827
2019-09-20 04:48:54,957 [main] INFO  handler.ContextHandler (ContextHandler.java:doStart(781)) - Started o.e.j.s.ServletContextHandler@6f0a4e30{/logs,file:///workdir/hadoop-ozone/integration-test/target/log,AVAILABLE}
2019-09-20 04:48:54,957 [main] INFO  handler.ContextHandler (ContextHandler.java:doStart(781)) - Started o.e.j.s.ServletContextHandler@67a8bcbb{/static,file:///workdir/hadoop-ozone/integration-test/target/test-classes/webapps/static,AVAILABLE}
2019-09-20 04:48:54,961 [main] INFO  handler.ContextHandler (ContextHandler.java:doStart(781)) - Started o.e.j.w.WebAppContext@7e3ee128{/,file:///workdir/hadoop-ozone/integration-test/target/test-classes/webapps/scm/,AVAILABLE}{/scm}
2019-09-20 04:48:54,961 [main] INFO  server.AbstractConnector (AbstractConnector.java:doStart(278)) - Started ServerConnector@7d64a960{HTTP/1.1,[http/1.1]}{0.0.0.0:42523}
2019-09-20 04:48:54,963 [main] INFO  server.Server (Server.java:doStart(419)) - Started @16951ms
2019-09-20 04:48:54,963 [main] INFO  server.BaseHttpServer (BaseHttpServer.java:updateConnectorAddress(213)) - HTTP server of SCM is listening at http://0.0.0.0:42523
2019-09-20 04:48:54,964 [main] WARN  server.ServerUtils (ServerUtils.java:getDBPath(222)) - ozone.om.db.dirs is not configured. We recommend adding this setting. Falling back to ozone.metadata.dirs instead.
2019-09-20 04:48:54,965 [org.apache.hadoop.util.JvmPauseMonitor$Monitor@5d92e8e2] INFO  util.JvmPauseMonitor (JvmPauseMonitor.java:run(188)) - Starting JVM pause monitor
2019-09-20 04:48:54,979 [Thread-406] INFO  impl.FollowerState (FollowerState.java:run(106)) - 8d97392c-5f4b-400a-94a1-fb61a3ebbc99:group-D774F34CD941 changes to CANDIDATE, lastRpcTime:1119, electionTimeout:1119ms
2019-09-20 04:48:54,979 [Thread-406] INFO  impl.RoleInfo (RoleInfo.java:shutdownFollowerState(121)) - 8d97392c-5f4b-400a-94a1-fb61a3ebbc99: shutdown FollowerState
2019-09-20 04:48:54,979 [Thread-406] INFO  impl.RaftServerImpl (RaftServerImpl.java:setRole(171)) - 8d97392c-5f4b-400a-94a1-fb61a3ebbc99:group-D774F34CD941 changes role from FOLLOWER to CANDIDATE at term 0 for changeToCandidate
2019-09-20 04:48:54,979 [Thread-406] INFO  impl.RoleInfo (RoleInfo.java:updateAndGet(143)) - 8d97392c-5f4b-400a-94a1-fb61a3ebbc99: start LeaderElection
2019-09-20 04:48:54,983 [main] WARN  server.ServerUtils (ServerUtils.java:getDBPath(222)) - ozone.om.db.dirs is not configured. We recommend adding this setting. Falling back to ozone.metadata.dirs instead.
2019-09-20 04:48:54,984 [main] WARN  server.ServerUtils (ServerUtils.java:getDBPath(222)) - ozone.om.db.dirs is not configured. We recommend adding this setting. Falling back to ozone.metadata.dirs instead.
2019-09-20 04:48:54,984 [main] INFO  om.OzoneManager (OzoneManager.java:setOMNodeDetails(645)) - OM Service ID is not set. Setting it to the default ID: omServiceIdDefault
2019-09-20 04:48:54,984 [main] INFO  om.OzoneManager (OzoneManager.java:setOMNodeDetails(651)) - OM Node ID is not set. Setting it to the OmStorage's OmID: 5f04cfef-0c7f-484c-abdd-cbc92ae46e09
2019-09-20 04:48:54,984 [main] INFO  om.OzoneManager (OzoneManager.java:loadOMHAConfigs(602)) - Found matching OM address with OMServiceId: null, OMNodeId: null, RPC Address: localhost:0 and Ratis port: 9872
2019-09-20 04:48:54,990 | INFO  | SCMAudit | user=jenkins1000 | ip=192.168.36.79 | op=GET_SCM_INFO null | ret=SUCCESS |  
2019-09-20 04:48:54,995 [main] WARN  server.ServerUtils (ServerUtils.java:getDBPath(222)) - ozone.om.db.dirs is not configured. We recommend adding this setting. Falling back to ozone.metadata.dirs instead.
2019-09-20 04:48:54,995 [main] INFO  db.DBStoreBuilder (DBStoreBuilder.java:addTable(110)) - using custom profile for table: userTable
2019-09-20 04:48:54,996 [main] INFO  db.DBStoreBuilder (DBStoreBuilder.java:processTables(161)) - Using default column profile:DBProfile.DISK for Table:userTable
2019-09-20 04:48:54,996 [main] INFO  db.DBStoreBuilder (DBStoreBuilder.java:addTable(110)) - using custom profile for table: volumeTable
2019-09-20 04:48:54,996 [main] INFO  db.DBStoreBuilder (DBStoreBuilder.java:processTables(161)) - Using default column profile:DBProfile.DISK for Table:volumeTable
2019-09-20 04:48:54,996 [main] INFO  db.DBStoreBuilder (DBStoreBuilder.java:addTable(110)) - using custom profile for table: bucketTable
2019-09-20 04:48:54,996 [main] INFO  db.DBStoreBuilder (DBStoreBuilder.java:processTables(161)) - Using default column profile:DBProfile.DISK for Table:bucketTable
2019-09-20 04:48:54,996 [main] INFO  db.DBStoreBuilder (DBStoreBuilder.java:addTable(110)) - using custom profile for table: keyTable
2019-09-20 04:48:54,997 [main] INFO  db.DBStoreBuilder (DBStoreBuilder.java:processTables(161)) - Using default column profile:DBProfile.DISK for Table:keyTable
2019-09-20 04:48:54,997 [main] INFO  db.DBStoreBuilder (DBStoreBuilder.java:addTable(110)) - using custom profile for table: deletedTable
2019-09-20 04:48:54,997 [main] INFO  db.DBStoreBuilder (DBStoreBuilder.java:processTables(161)) - Using default column profile:DBProfile.DISK for Table:deletedTable
2019-09-20 04:48:54,997 [main] INFO  db.DBStoreBuilder (DBStoreBuilder.java:addTable(110)) - using custom profile for table: openKeyTable
2019-09-20 04:48:54,997 [main] INFO  db.DBStoreBuilder (DBStoreBuilder.java:processTables(161)) - Using default column profile:DBProfile.DISK for Table:openKeyTable
2019-09-20 04:48:54,997 [main] INFO  db.DBStoreBuilder (DBStoreBuilder.java:addTable(110)) - using custom profile for table: s3Table
2019-09-20 04:48:54,998 [main] INFO  db.DBStoreBuilder (DBStoreBuilder.java:processTables(161)) - Using default column profile:DBProfile.DISK for Table:s3Table
2019-09-20 04:48:54,998 [main] INFO  db.DBStoreBuilder (DBStoreBuilder.java:addTable(110)) - using custom profile for table: multipartInfoTable
2019-09-20 04:48:54,998 [main] INFO  db.DBStoreBuilder (DBStoreBuilder.java:processTables(161)) - Using default column profile:DBProfile.DISK for Table:multipartInfoTable
2019-09-20 04:48:54,998 [main] INFO  db.DBStoreBuilder (DBStoreBuilder.java:addTable(110)) - using custom profile for table: dTokenTable
2019-09-20 04:48:54,998 [main] INFO  db.DBStoreBuilder (DBStoreBuilder.java:processTables(161)) - Using default column profile:DBProfile.DISK for Table:dTokenTable
2019-09-20 04:48:54,998 [main] INFO  db.DBStoreBuilder (DBStoreBuilder.java:addTable(110)) - using custom profile for table: s3SecretTable
2019-09-20 04:48:54,998 [main] INFO  db.DBStoreBuilder (DBStoreBuilder.java:processTables(161)) - Using default column profile:DBProfile.DISK for Table:s3SecretTable
2019-09-20 04:48:54,999 [main] INFO  db.DBStoreBuilder (DBStoreBuilder.java:addTable(110)) - using custom profile for table: prefixTable
2019-09-20 04:48:54,999 [main] INFO  db.DBStoreBuilder (DBStoreBuilder.java:processTables(161)) - Using default column profile:DBProfile.DISK for Table:prefixTable
2019-09-20 04:48:54,999 [main] INFO  db.DBStoreBuilder (DBStoreBuilder.java:addTable(110)) - using custom profile for table: default
2019-09-20 04:48:54,999 [main] INFO  db.DBStoreBuilder (DBStoreBuilder.java:processTables(167)) - Using default column profile:DBProfile.DISK for Table:default
2019-09-20 04:48:54,999 [main] INFO  db.DBStoreBuilder (DBStoreBuilder.java:getDbProfile(198)) - Using default options. DBProfile.DISK
2019-09-20 04:48:55,003 [8d97392c-5f4b-400a-94a1-fb61a3ebbc99:group-D774F34CD941:LeaderElection38] INFO  impl.LeaderElection (LeaderElection.java:askForVotes(181)) - 8d97392c-5f4b-400a-94a1-fb61a3ebbc99:group-D774F34CD941:LeaderElection38: begin an election at term 1 for -1: [8d97392c-5f4b-400a-94a1-fb61a3ebbc99:192.168.36.79:38885], old=null
2019-09-20 04:48:55,003 [8d97392c-5f4b-400a-94a1-fb61a3ebbc99:group-D774F34CD941:LeaderElection38] INFO  impl.RoleInfo (RoleInfo.java:shutdownLeaderElection(134)) - 8d97392c-5f4b-400a-94a1-fb61a3ebbc99: shutdown LeaderElection
2019-09-20 04:48:55,003 [8d97392c-5f4b-400a-94a1-fb61a3ebbc99:group-D774F34CD941:LeaderElection38] INFO  impl.RaftServerImpl (RaftServerImpl.java:setRole(171)) - 8d97392c-5f4b-400a-94a1-fb61a3ebbc99:group-D774F34CD941 changes role from CANDIDATE to LEADER at term 1 for changeToLeader
2019-09-20 04:48:55,003 [8d97392c-5f4b-400a-94a1-fb61a3ebbc99:group-D774F34CD941:LeaderElection38] INFO  impl.RaftServerImpl (ServerState.java:setLeader(263)) - 8d97392c-5f4b-400a-94a1-fb61a3ebbc99:group-D774F34CD941 change Leader from null to 8d97392c-5f4b-400a-94a1-fb61a3ebbc99 at term 1 for becomeLeader, leader elected after 1152ms
2019-09-20 04:48:55,003 [8d97392c-5f4b-400a-94a1-fb61a3ebbc99:group-D774F34CD941:LeaderElection38] INFO  server.RaftServerConfigKeys (ConfUtils.java:logGet(43)) - raft.server.staging.catchup.gap = 1000 (default)
2019-09-20 04:48:55,003 [8d97392c-5f4b-400a-94a1-fb61a3ebbc99:group-D774F34CD941:LeaderElection38] INFO  server.RaftServerConfigKeys (ConfUtils.java:logGet(43)) - raft.server.rpc.sleep.time = 25ms (default)
2019-09-20 04:48:55,003 [8d97392c-5f4b-400a-94a1-fb61a3ebbc99:group-D774F34CD941:LeaderElection38] INFO  server.RaftServerConfigKeys (ConfUtils.java:logGet(43)) - raft.server.write.element-limit = 4096 (default)
2019-09-20 04:48:55,004 [8d97392c-5f4b-400a-94a1-fb61a3ebbc99:group-D774F34CD941:LeaderElection38] INFO  server.RaftServerConfigKeys (ConfUtils.java:logGet(43)) - raft.server.watch.timeout = 10s (default)
2019-09-20 04:48:55,004 [8d97392c-5f4b-400a-94a1-fb61a3ebbc99:group-D774F34CD941:LeaderElection38] INFO  server.RaftServerConfigKeys (ConfUtils.java:logGet(43)) - raft.server.watch.timeout.denomination = 1s (default)
2019-09-20 04:48:55,004 [8d97392c-5f4b-400a-94a1-fb61a3ebbc99:group-D774F34CD941:LeaderElection38] INFO  server.RaftServerConfigKeys (ConfUtils.java:logGet(43)) - raft.server.watch.element-limit = 65536 (default)
2019-09-20 04:48:55,004 [8d97392c-5f4b-400a-94a1-fb61a3ebbc99:group-D774F34CD941:LeaderElection38] INFO  impl.RoleInfo (RoleInfo.java:updateAndGet(143)) - 8d97392c-5f4b-400a-94a1-fb61a3ebbc99: start LeaderState
2019-09-20 04:48:55,004 [8d97392c-5f4b-400a-94a1-fb61a3ebbc99:group-D774F34CD941:LeaderElection38] INFO  segmented.SegmentedRaftLogWorker (SegmentedRaftLogWorker.java:startLogSegment(380)) - 8d97392c-5f4b-400a-94a1-fb61a3ebbc99-SegmentedRaftLogWorker:Storage Directory /workdir/hadoop-ozone/integration-test/target/test-dir/MiniOzoneClusterImpl-c00aaa5b-d63b-4769-9462-6a4c88d2a8bf/datanode-6/data/ratis/9bf0491d-ae7b-43cd-81fc-d774f34cd941: Starting segment from index:0
2019-09-20 04:48:55,005 [8d97392c-5f4b-400a-94a1-fb61a3ebbc99:group-D774F34CD941:LeaderElection38] INFO  impl.RaftServerImpl (ServerState.java:setRaftConf(361)) - 8d97392c-5f4b-400a-94a1-fb61a3ebbc99:group-D774F34CD941 set configuration 0: [8d97392c-5f4b-400a-94a1-fb61a3ebbc99:192.168.36.79:38885], old=null at 0
2019-09-20 04:48:55,032 [Thread-413] INFO  impl.FollowerState (FollowerState.java:run(106)) - 8d97392c-5f4b-400a-94a1-fb61a3ebbc99:group-8278269BF7C6 changes to CANDIDATE, lastRpcTime:1021, electionTimeout:1002ms
2019-09-20 04:48:55,032 [Thread-413] INFO  impl.RoleInfo (RoleInfo.java:shutdownFollowerState(121)) - 8d97392c-5f4b-400a-94a1-fb61a3ebbc99: shutdown FollowerState
2019-09-20 04:48:55,033 [Thread-413] INFO  impl.RaftServerImpl (RaftServerImpl.java:setRole(171)) - 8d97392c-5f4b-400a-94a1-fb61a3ebbc99:group-8278269BF7C6 changes role from FOLLOWER to CANDIDATE at term 0 for changeToCandidate
2019-09-20 04:48:55,033 [Thread-413] INFO  impl.RoleInfo (RoleInfo.java:updateAndGet(143)) - 8d97392c-5f4b-400a-94a1-fb61a3ebbc99: start LeaderElection
2019-09-20 04:48:55,052 [8d97392c-5f4b-400a-94a1-fb61a3ebbc99-SegmentedRaftLogWorker:Storage Directory /workdir/hadoop-ozone/integration-test/target/test-dir/MiniOzoneClusterImpl-c00aaa5b-d63b-4769-9462-6a4c88d2a8bf/datanode-6/data/ratis/9bf0491d-ae7b-43cd-81fc-d774f34cd941] INFO  segmented.SegmentedRaftLogWorker (SegmentedRaftLogWorker.java:execute(569)) - 8d97392c-5f4b-400a-94a1-fb61a3ebbc99-SegmentedRaftLogWorker:Storage Directory /workdir/hadoop-ozone/integration-test/target/test-dir/MiniOzoneClusterImpl-c00aaa5b-d63b-4769-9462-6a4c88d2a8bf/datanode-6/data/ratis/9bf0491d-ae7b-43cd-81fc-d774f34cd941: created new log segment /workdir/hadoop-ozone/integration-test/target/test-dir/MiniOzoneClusterImpl-c00aaa5b-d63b-4769-9462-6a4c88d2a8bf/datanode-6/data/ratis/9bf0491d-ae7b-43cd-81fc-d774f34cd941/current/log_inprogress_0
2019-09-20 04:48:55,064 [8d97392c-5f4b-400a-94a1-fb61a3ebbc99:group-8278269BF7C6:LeaderElection39] INFO  impl.LeaderElection (LeaderElection.java:askForVotes(181)) - 8d97392c-5f4b-400a-94a1-fb61a3ebbc99:group-8278269BF7C6:LeaderElection39: begin an election at term 1 for -1: [8d97392c-5f4b-400a-94a1-fb61a3ebbc99:192.168.36.79:38885], old=null
2019-09-20 04:48:55,064 [8d97392c-5f4b-400a-94a1-fb61a3ebbc99:group-8278269BF7C6:LeaderElection39] INFO  impl.RoleInfo (RoleInfo.java:shutdownLeaderElection(134)) - 8d97392c-5f4b-400a-94a1-fb61a3ebbc99: shutdown LeaderElection
2019-09-20 04:48:55,064 [8d97392c-5f4b-400a-94a1-fb61a3ebbc99:group-8278269BF7C6:LeaderElection39] INFO  impl.RaftServerImpl (RaftServerImpl.java:setRole(171)) - 8d97392c-5f4b-400a-94a1-fb61a3ebbc99:group-8278269BF7C6 changes role from CANDIDATE to LEADER at term 1 for changeToLeader
2019-09-20 04:48:55,064 [8d97392c-5f4b-400a-94a1-fb61a3ebbc99:group-8278269BF7C6:LeaderElection39] INFO  impl.RaftServerImpl (ServerState.java:setLeader(263)) - 8d97392c-5f4b-400a-94a1-fb61a3ebbc99:group-8278269BF7C6 change Leader from null to 8d97392c-5f4b-400a-94a1-fb61a3ebbc99 at term 1 for becomeLeader, leader elected after 1091ms
2019-09-20 04:48:55,065 [8d97392c-5f4b-400a-94a1-fb61a3ebbc99:group-8278269BF7C6:LeaderElection39] INFO  server.RaftServerConfigKeys (ConfUtils.java:logGet(43)) - raft.server.staging.catchup.gap = 1000 (default)
2019-09-20 04:48:55,065 [8d97392c-5f4b-400a-94a1-fb61a3ebbc99:group-8278269BF7C6:LeaderElection39] INFO  server.RaftServerConfigKeys (ConfUtils.java:logGet(43)) - raft.server.rpc.sleep.time = 25ms (default)
2019-09-20 04:48:55,065 [8d97392c-5f4b-400a-94a1-fb61a3ebbc99:group-8278269BF7C6:LeaderElection39] INFO  server.RaftServerConfigKeys (ConfUtils.java:logGet(43)) - raft.server.write.element-limit = 4096 (default)
2019-09-20 04:48:55,065 [8d97392c-5f4b-400a-94a1-fb61a3ebbc99:group-8278269BF7C6:LeaderElection39] INFO  server.RaftServerConfigKeys (ConfUtils.java:logGet(43)) - raft.server.watch.timeout = 10s (default)
2019-09-20 04:48:55,065 [8d97392c-5f4b-400a-94a1-fb61a3ebbc99:group-8278269BF7C6:LeaderElection39] INFO  server.RaftServerConfigKeys (ConfUtils.java:logGet(43)) - raft.server.watch.timeout.denomination = 1s (default)
2019-09-20 04:48:55,065 [8d97392c-5f4b-400a-94a1-fb61a3ebbc99:group-8278269BF7C6:LeaderElection39] INFO  server.RaftServerConfigKeys (ConfUtils.java:logGet(43)) - raft.server.watch.element-limit = 65536 (default)
2019-09-20 04:48:55,065 [8d97392c-5f4b-400a-94a1-fb61a3ebbc99:group-8278269BF7C6:LeaderElection39] INFO  impl.RoleInfo (RoleInfo.java:updateAndGet(143)) - 8d97392c-5f4b-400a-94a1-fb61a3ebbc99: start LeaderState
2019-09-20 04:48:55,066 [8d97392c-5f4b-400a-94a1-fb61a3ebbc99:group-8278269BF7C6:LeaderElection39] INFO  segmented.SegmentedRaftLogWorker (SegmentedRaftLogWorker.java:startLogSegment(380)) - 8d97392c-5f4b-400a-94a1-fb61a3ebbc99-SegmentedRaftLogWorker:Storage Directory /workdir/hadoop-ozone/integration-test/target/test-dir/MiniOzoneClusterImpl-c00aaa5b-d63b-4769-9462-6a4c88d2a8bf/datanode-6/data/ratis/1ff1fb97-f34f-4656-a804-8278269bf7c6: Starting segment from index:0
2019-09-20 04:48:55,066 | INFO  | SCMAudit | user=jenkins1000 | ip=192.168.36.79 | op=SEND_HEARTBEAT {datanodeUUID=eaf3ecbe-c3b1-4969-ad3a-e4de7fb04f81, command=[]} | ret=SUCCESS |  
2019-09-20 04:48:55,067 [8d97392c-5f4b-400a-94a1-fb61a3ebbc99:group-8278269BF7C6:LeaderElection39] INFO  impl.RaftServerImpl (ServerState.java:setRaftConf(361)) - 8d97392c-5f4b-400a-94a1-fb61a3ebbc99:group-8278269BF7C6 set configuration 0: [8d97392c-5f4b-400a-94a1-fb61a3ebbc99:192.168.36.79:38885], old=null at 0
2019-09-20 04:48:55,092 [Thread-416] INFO  impl.FollowerState (FollowerState.java:run(106)) - 8d97392c-5f4b-400a-94a1-fb61a3ebbc99:group-04A770B09B67 changes to CANDIDATE, lastRpcTime:1001, electionTimeout:1000ms
2019-09-20 04:48:55,092 [Thread-416] INFO  impl.RoleInfo (RoleInfo.java:shutdownFollowerState(121)) - 8d97392c-5f4b-400a-94a1-fb61a3ebbc99: shutdown FollowerState
2019-09-20 04:48:55,093 [Thread-416] INFO  impl.RaftServerImpl (RaftServerImpl.java:setRole(171)) - 8d97392c-5f4b-400a-94a1-fb61a3ebbc99:group-04A770B09B67 changes role from FOLLOWER to CANDIDATE at term 0 for changeToCandidate
2019-09-20 04:48:55,093 [Thread-416] INFO  impl.RoleInfo (RoleInfo.java:updateAndGet(143)) - 8d97392c-5f4b-400a-94a1-fb61a3ebbc99: start LeaderElection
2019-09-20 04:48:55,108 [8d97392c-5f4b-400a-94a1-fb61a3ebbc99-SegmentedRaftLogWorker:Storage Directory /workdir/hadoop-ozone/integration-test/target/test-dir/MiniOzoneClusterImpl-c00aaa5b-d63b-4769-9462-6a4c88d2a8bf/datanode-6/data/ratis/1ff1fb97-f34f-4656-a804-8278269bf7c6] INFO  segmented.SegmentedRaftLogWorker (SegmentedRaftLogWorker.java:execute(569)) - 8d97392c-5f4b-400a-94a1-fb61a3ebbc99-SegmentedRaftLogWorker:Storage Directory /workdir/hadoop-ozone/integration-test/target/test-dir/MiniOzoneClusterImpl-c00aaa5b-d63b-4769-9462-6a4c88d2a8bf/datanode-6/data/ratis/1ff1fb97-f34f-4656-a804-8278269bf7c6: created new log segment /workdir/hadoop-ozone/integration-test/target/test-dir/MiniOzoneClusterImpl-c00aaa5b-d63b-4769-9462-6a4c88d2a8bf/datanode-6/data/ratis/1ff1fb97-f34f-4656-a804-8278269bf7c6/current/log_inprogress_0
2019-09-20 04:48:55,108 [8d97392c-5f4b-400a-94a1-fb61a3ebbc99:group-04A770B09B67:LeaderElection40] INFO  impl.LeaderElection (LeaderElection.java:askForVotes(181)) - 8d97392c-5f4b-400a-94a1-fb61a3ebbc99:group-04A770B09B67:LeaderElection40: begin an election at term 1 for -1: [8d97392c-5f4b-400a-94a1-fb61a3ebbc99:192.168.36.79:38885], old=null
2019-09-20 04:48:55,109 [8d97392c-5f4b-400a-94a1-fb61a3ebbc99:group-04A770B09B67:LeaderElection40] INFO  impl.RoleInfo (RoleInfo.java:shutdownLeaderElection(134)) - 8d97392c-5f4b-400a-94a1-fb61a3ebbc99: shutdown LeaderElection
2019-09-20 04:48:55,109 [8d97392c-5f4b-400a-94a1-fb61a3ebbc99:group-04A770B09B67:LeaderElection40] INFO  impl.RaftServerImpl (RaftServerImpl.java:setRole(171)) - 8d97392c-5f4b-400a-94a1-fb61a3ebbc99:group-04A770B09B67 changes role from CANDIDATE to LEADER at term 1 for changeToLeader
2019-09-20 04:48:55,109 [8d97392c-5f4b-400a-94a1-fb61a3ebbc99:group-04A770B09B67:LeaderElection40] INFO  impl.RaftServerImpl (ServerState.java:setLeader(263)) - 8d97392c-5f4b-400a-94a1-fb61a3ebbc99:group-04A770B09B67 change Leader from null to 8d97392c-5f4b-400a-94a1-fb61a3ebbc99 at term 1 for becomeLeader, leader elected after 1021ms
2019-09-20 04:48:55,109 [8d97392c-5f4b-400a-94a1-fb61a3ebbc99:group-04A770B09B67:LeaderElection40] INFO  server.RaftServerConfigKeys (ConfUtils.java:logGet(43)) - raft.server.staging.catchup.gap = 1000 (default)
2019-09-20 04:48:55,109 [8d97392c-5f4b-400a-94a1-fb61a3ebbc99:group-04A770B09B67:LeaderElection40] INFO  server.RaftServerConfigKeys (ConfUtils.java:logGet(43)) - raft.server.rpc.sleep.time = 25ms (default)
2019-09-20 04:48:55,109 [8d97392c-5f4b-400a-94a1-fb61a3ebbc99:group-04A770B09B67:LeaderElection40] INFO  server.RaftServerConfigKeys (ConfUtils.java:logGet(43)) - raft.server.write.element-limit = 4096 (default)
2019-09-20 04:48:55,110 [8d97392c-5f4b-400a-94a1-fb61a3ebbc99:group-04A770B09B67:LeaderElection40] INFO  server.RaftServerConfigKeys (ConfUtils.java:logGet(43)) - raft.server.watch.timeout = 10s (default)
2019-09-20 04:48:55,110 [8d97392c-5f4b-400a-94a1-fb61a3ebbc99:group-04A770B09B67:LeaderElection40] INFO  server.RaftServerConfigKeys (ConfUtils.java:logGet(43)) - raft.server.watch.timeout.denomination = 1s (default)
2019-09-20 04:48:55,110 [8d97392c-5f4b-400a-94a1-fb61a3ebbc99:group-04A770B09B67:LeaderElection40] INFO  server.RaftServerConfigKeys (ConfUtils.java:logGet(43)) - raft.server.watch.element-limit = 65536 (default)
2019-09-20 04:48:55,110 [8d97392c-5f4b-400a-94a1-fb61a3ebbc99:group-04A770B09B67:LeaderElection40] INFO  impl.RoleInfo (RoleInfo.java:updateAndGet(143)) - 8d97392c-5f4b-400a-94a1-fb61a3ebbc99: start LeaderState
2019-09-20 04:48:55,111 [8d97392c-5f4b-400a-94a1-fb61a3ebbc99:group-04A770B09B67:LeaderElection40] INFO  segmented.SegmentedRaftLogWorker (SegmentedRaftLogWorker.java:startLogSegment(380)) - 8d97392c-5f4b-400a-94a1-fb61a3ebbc99-SegmentedRaftLogWorker:Storage Directory /workdir/hadoop-ozone/integration-test/target/test-dir/MiniOzoneClusterImpl-c00aaa5b-d63b-4769-9462-6a4c88d2a8bf/datanode-6/data/ratis/ff381620-3785-45a2-b193-04a770b09b67: Starting segment from index:0
2019-09-20 04:48:55,111 [8d97392c-5f4b-400a-94a1-fb61a3ebbc99:group-04A770B09B67:LeaderElection40] INFO  impl.RaftServerImpl (ServerState.java:setRaftConf(361)) - 8d97392c-5f4b-400a-94a1-fb61a3ebbc99:group-04A770B09B67 set configuration 0: [8d97392c-5f4b-400a-94a1-fb61a3ebbc99:192.168.36.79:38885], old=null at 0
2019-09-20 04:48:55,153 | INFO  | SCMAudit | user=jenkins1000 | ip=192.168.36.79 | op=SEND_HEARTBEAT {datanodeUUID=42fc6e92-fcdd-4827-b621-9fc58a3d2315, command=[]} | ret=SUCCESS |  
2019-09-20 04:48:55,185 [8d97392c-5f4b-400a-94a1-fb61a3ebbc99-SegmentedRaftLogWorker:Storage Directory /workdir/hadoop-ozone/integration-test/target/test-dir/MiniOzoneClusterImpl-c00aaa5b-d63b-4769-9462-6a4c88d2a8bf/datanode-6/data/ratis/ff381620-3785-45a2-b193-04a770b09b67] INFO  segmented.SegmentedRaftLogWorker (SegmentedRaftLogWorker.java:execute(569)) - 8d97392c-5f4b-400a-94a1-fb61a3ebbc99-SegmentedRaftLogWorker:Storage Directory /workdir/hadoop-ozone/integration-test/target/test-dir/MiniOzoneClusterImpl-c00aaa5b-d63b-4769-9462-6a4c88d2a8bf/datanode-6/data/ratis/ff381620-3785-45a2-b193-04a770b09b67: created new log segment /workdir/hadoop-ozone/integration-test/target/test-dir/MiniOzoneClusterImpl-c00aaa5b-d63b-4769-9462-6a4c88d2a8bf/datanode-6/data/ratis/ff381620-3785-45a2-b193-04a770b09b67/current/log_inprogress_0
2019-09-20 04:48:55,267 | INFO  | SCMAudit | user=jenkins1000 | ip=192.168.36.79 | op=SEND_HEARTBEAT {datanodeUUID=8d97392c-5f4b-400a-94a1-fb61a3ebbc99, command=[]} | ret=SUCCESS |  
2019-09-20 04:48:55,279 [Thread-424] INFO  impl.FollowerState (FollowerState.java:run(106)) - 8d97392c-5f4b-400a-94a1-fb61a3ebbc99:group-E2FD5C9F0CEC changes to CANDIDATE, lastRpcTime:1062, electionTimeout:1062ms
2019-09-20 04:48:55,279 [Thread-424] INFO  impl.RoleInfo (RoleInfo.java:shutdownFollowerState(121)) - 8d97392c-5f4b-400a-94a1-fb61a3ebbc99: shutdown FollowerState
2019-09-20 04:48:55,279 [Thread-424] INFO  impl.RaftServerImpl (RaftServerImpl.java:setRole(171)) - 8d97392c-5f4b-400a-94a1-fb61a3ebbc99:group-E2FD5C9F0CEC changes role from FOLLOWER to CANDIDATE at term 0 for changeToCandidate
2019-09-20 04:48:55,280 [Thread-424] INFO  impl.RoleInfo (RoleInfo.java:updateAndGet(143)) - 8d97392c-5f4b-400a-94a1-fb61a3ebbc99: start LeaderElection
2019-09-20 04:48:55,299 [8d97392c-5f4b-400a-94a1-fb61a3ebbc99:group-E2FD5C9F0CEC:LeaderElection41] INFO  impl.LeaderElection (LeaderElection.java:askForVotes(181)) - 8d97392c-5f4b-400a-94a1-fb61a3ebbc99:group-E2FD5C9F0CEC:LeaderElection41: begin an election at term 1 for -1: [8d97392c-5f4b-400a-94a1-fb61a3ebbc99:192.168.36.79:38885], old=null
2019-09-20 04:48:55,299 [8d97392c-5f4b-400a-94a1-fb61a3ebbc99:group-E2FD5C9F0CEC:LeaderElection41] INFO  impl.RoleInfo (RoleInfo.java:shutdownLeaderElection(134)) - 8d97392c-5f4b-400a-94a1-fb61a3ebbc99: shutdown LeaderElection
2019-09-20 04:48:55,299 [8d97392c-5f4b-400a-94a1-fb61a3ebbc99:group-E2FD5C9F0CEC:LeaderElection41] INFO  impl.RaftServerImpl (RaftServerImpl.java:setRole(171)) - 8d97392c-5f4b-400a-94a1-fb61a3ebbc99:group-E2FD5C9F0CEC changes role from CANDIDATE to LEADER at term 1 for changeToLeader
2019-09-20 04:48:55,299 [8d97392c-5f4b-400a-94a1-fb61a3ebbc99:group-E2FD5C9F0CEC:LeaderElection41] INFO  impl.RaftServerImpl (ServerState.java:setLeader(263)) - 8d97392c-5f4b-400a-94a1-fb61a3ebbc99:group-E2FD5C9F0CEC change Leader from null to 8d97392c-5f4b-400a-94a1-fb61a3ebbc99 at term 1 for becomeLeader, leader elected after 1118ms
2019-09-20 04:48:55,299 [8d97392c-5f4b-400a-94a1-fb61a3ebbc99:group-E2FD5C9F0CEC:LeaderElection41] INFO  server.RaftServerConfigKeys (ConfUtils.java:logGet(43)) - raft.server.staging.catchup.gap = 1000 (default)
2019-09-20 04:48:55,299 [8d97392c-5f4b-400a-94a1-fb61a3ebbc99:group-E2FD5C9F0CEC:LeaderElection41] INFO  server.RaftServerConfigKeys (ConfUtils.java:logGet(43)) - raft.server.rpc.sleep.time = 25ms (default)
2019-09-20 04:48:55,300 [8d97392c-5f4b-400a-94a1-fb61a3ebbc99:group-E2FD5C9F0CEC:LeaderElection41] INFO  server.RaftServerConfigKeys (ConfUtils.java:logGet(43)) - raft.server.write.element-limit = 4096 (default)
2019-09-20 04:48:55,300 [8d97392c-5f4b-400a-94a1-fb61a3ebbc99:group-E2FD5C9F0CEC:LeaderElection41] INFO  server.RaftServerConfigKeys (ConfUtils.java:logGet(43)) - raft.server.watch.timeout = 10s (default)
2019-09-20 04:48:55,300 [8d97392c-5f4b-400a-94a1-fb61a3ebbc99:group-E2FD5C9F0CEC:LeaderElection41] INFO  server.RaftServerConfigKeys (ConfUtils.java:logGet(43)) - raft.server.watch.timeout.denomination = 1s (default)
2019-09-20 04:48:55,300 [8d97392c-5f4b-400a-94a1-fb61a3ebbc99:group-E2FD5C9F0CEC:LeaderElection41] INFO  server.RaftServerConfigKeys (ConfUtils.java:logGet(43)) - raft.server.watch.element-limit = 65536 (default)
2019-09-20 04:48:55,300 [8d97392c-5f4b-400a-94a1-fb61a3ebbc99:group-E2FD5C9F0CEC:LeaderElection41] INFO  impl.RoleInfo (RoleInfo.java:updateAndGet(143)) - 8d97392c-5f4b-400a-94a1-fb61a3ebbc99: start LeaderState
2019-09-20 04:48:55,301 [8d97392c-5f4b-400a-94a1-fb61a3ebbc99:group-E2FD5C9F0CEC:LeaderElection41] INFO  segmented.SegmentedRaftLogWorker (SegmentedRaftLogWorker.java:startLogSegment(380)) - 8d97392c-5f4b-400a-94a1-fb61a3ebbc99-SegmentedRaftLogWorker:Storage Directory /workdir/hadoop-ozone/integration-test/target/test-dir/MiniOzoneClusterImpl-c00aaa5b-d63b-4769-9462-6a4c88d2a8bf/datanode-6/data/ratis/559f9b94-a2bd-46e9-8692-e2fd5c9f0cec: Starting segment from index:0
2019-09-20 04:48:55,301 [8d97392c-5f4b-400a-94a1-fb61a3ebbc99:group-E2FD5C9F0CEC:LeaderElection41] INFO  impl.RaftServerImpl (ServerState.java:setRaftConf(361)) - 8d97392c-5f4b-400a-94a1-fb61a3ebbc99:group-E2FD5C9F0CEC set configuration 0: [8d97392c-5f4b-400a-94a1-fb61a3ebbc99:192.168.36.79:38885], old=null at 0
2019-09-20 04:48:55,343 [8d97392c-5f4b-400a-94a1-fb61a3ebbc99-SegmentedRaftLogWorker:Storage Directory /workdir/hadoop-ozone/integration-test/target/test-dir/MiniOzoneClusterImpl-c00aaa5b-d63b-4769-9462-6a4c88d2a8bf/datanode-6/data/ratis/559f9b94-a2bd-46e9-8692-e2fd5c9f0cec] INFO  segmented.SegmentedRaftLogWorker (SegmentedRaftLogWorker.java:execute(569)) - 8d97392c-5f4b-400a-94a1-fb61a3ebbc99-SegmentedRaftLogWorker:Storage Directory /workdir/hadoop-ozone/integration-test/target/test-dir/MiniOzoneClusterImpl-c00aaa5b-d63b-4769-9462-6a4c88d2a8bf/datanode-6/data/ratis/559f9b94-a2bd-46e9-8692-e2fd5c9f0cec: created new log segment /workdir/hadoop-ozone/integration-test/target/test-dir/MiniOzoneClusterImpl-c00aaa5b-d63b-4769-9462-6a4c88d2a8bf/datanode-6/data/ratis/559f9b94-a2bd-46e9-8692-e2fd5c9f0cec/current/log_inprogress_0
2019-09-20 04:48:55,478 [Thread-428] INFO  impl.FollowerState (FollowerState.java:run(106)) - 8d97392c-5f4b-400a-94a1-fb61a3ebbc99:group-E24A53DF05E3 changes to CANDIDATE, lastRpcTime:1183, electionTimeout:1183ms
2019-09-20 04:48:55,478 [Thread-428] INFO  impl.RoleInfo (RoleInfo.java:shutdownFollowerState(121)) - 8d97392c-5f4b-400a-94a1-fb61a3ebbc99: shutdown FollowerState
2019-09-20 04:48:55,479 [Thread-428] INFO  impl.RaftServerImpl (RaftServerImpl.java:setRole(171)) - 8d97392c-5f4b-400a-94a1-fb61a3ebbc99:group-E24A53DF05E3 changes role from FOLLOWER to CANDIDATE at term 0 for changeToCandidate
2019-09-20 04:48:55,479 [Thread-428] INFO  impl.RoleInfo (RoleInfo.java:updateAndGet(143)) - 8d97392c-5f4b-400a-94a1-fb61a3ebbc99: start LeaderElection
2019-09-20 04:48:55,514 [8d97392c-5f4b-400a-94a1-fb61a3ebbc99:group-E24A53DF05E3:LeaderElection42] INFO  impl.LeaderElection (LeaderElection.java:askForVotes(181)) - 8d97392c-5f4b-400a-94a1-fb61a3ebbc99:group-E24A53DF05E3:LeaderElection42: begin an election at term 1 for -1: [8d97392c-5f4b-400a-94a1-fb61a3ebbc99:192.168.36.79:38885], old=null
2019-09-20 04:48:55,514 [8d97392c-5f4b-400a-94a1-fb61a3ebbc99:group-E24A53DF05E3:LeaderElection42] INFO  impl.RoleInfo (RoleInfo.java:shutdownLeaderElection(134)) - 8d97392c-5f4b-400a-94a1-fb61a3ebbc99: shutdown LeaderElection
2019-09-20 04:48:55,514 [8d97392c-5f4b-400a-94a1-fb61a3ebbc99:group-E24A53DF05E3:LeaderElection42] INFO  impl.RaftServerImpl (RaftServerImpl.java:setRole(171)) - 8d97392c-5f4b-400a-94a1-fb61a3ebbc99:group-E24A53DF05E3 changes role from CANDIDATE to LEADER at term 1 for changeToLeader
2019-09-20 04:48:55,514 [8d97392c-5f4b-400a-94a1-fb61a3ebbc99:group-E24A53DF05E3:LeaderElection42] INFO  impl.RaftServerImpl (ServerState.java:setLeader(263)) - 8d97392c-5f4b-400a-94a1-fb61a3ebbc99:group-E24A53DF05E3 change Leader from null to 8d97392c-5f4b-400a-94a1-fb61a3ebbc99 at term 1 for becomeLeader, leader elected after 1224ms
2019-09-20 04:48:55,514 [8d97392c-5f4b-400a-94a1-fb61a3ebbc99:group-E24A53DF05E3:LeaderElection42] INFO  server.RaftServerConfigKeys (ConfUtils.java:logGet(43)) - raft.server.staging.catchup.gap = 1000 (default)
2019-09-20 04:48:55,515 [8d97392c-5f4b-400a-94a1-fb61a3ebbc99:group-E24A53DF05E3:LeaderElection42] INFO  server.RaftServerConfigKeys (ConfUtils.java:logGet(43)) - raft.server.rpc.sleep.time = 25ms (default)
2019-09-20 04:48:55,515 [8d97392c-5f4b-400a-94a1-fb61a3ebbc99:group-E24A53DF05E3:LeaderElection42] INFO  server.RaftServerConfigKeys (ConfUtils.java:logGet(43)) - raft.server.write.element-limit = 4096 (default)
2019-09-20 04:48:55,515 [8d97392c-5f4b-400a-94a1-fb61a3ebbc99:group-E24A53DF05E3:LeaderElection42] INFO  server.RaftServerConfigKeys (ConfUtils.java:logGet(43)) - raft.server.watch.timeout = 10s (default)
2019-09-20 04:48:55,515 [8d97392c-5f4b-400a-94a1-fb61a3ebbc99:group-E24A53DF05E3:LeaderElection42] INFO  server.RaftServerConfigKeys (ConfUtils.java:logGet(43)) - raft.server.watch.timeout.denomination = 1s (default)
2019-09-20 04:48:55,515 [8d97392c-5f4b-400a-94a1-fb61a3ebbc99:group-E24A53DF05E3:LeaderElection42] INFO  server.RaftServerConfigKeys (ConfUtils.java:logGet(43)) - raft.server.watch.element-limit = 65536 (default)
2019-09-20 04:48:55,515 [8d97392c-5f4b-400a-94a1-fb61a3ebbc99:group-E24A53DF05E3:LeaderElection42] INFO  impl.RoleInfo (RoleInfo.java:updateAndGet(143)) - 8d97392c-5f4b-400a-94a1-fb61a3ebbc99: start LeaderState
2019-09-20 04:48:55,516 [8d97392c-5f4b-400a-94a1-fb61a3ebbc99:group-E24A53DF05E3:LeaderElection42] INFO  segmented.SegmentedRaftLogWorker (SegmentedRaftLogWorker.java:startLogSegment(380)) - 8d97392c-5f4b-400a-94a1-fb61a3ebbc99-SegmentedRaftLogWorker:Storage Directory /workdir/hadoop-ozone/integration-test/target/test-dir/MiniOzoneClusterImpl-c00aaa5b-d63b-4769-9462-6a4c88d2a8bf/datanode-6/data/ratis/f8101806-4b1c-4666-ae67-e24a53df05e3: Starting segment from index:0
2019-09-20 04:48:55,516 [8d97392c-5f4b-400a-94a1-fb61a3ebbc99:group-E24A53DF05E3:LeaderElection42] INFO  impl.RaftServerImpl (ServerState.java:setRaftConf(361)) - 8d97392c-5f4b-400a-94a1-fb61a3ebbc99:group-E24A53DF05E3 set configuration 0: [8d97392c-5f4b-400a-94a1-fb61a3ebbc99:192.168.36.79:38885], old=null at 0
2019-09-20 04:48:55,578 [8d97392c-5f4b-400a-94a1-fb61a3ebbc99-SegmentedRaftLogWorker:Storage Directory /workdir/hadoop-ozone/integration-test/target/test-dir/MiniOzoneClusterImpl-c00aaa5b-d63b-4769-9462-6a4c88d2a8bf/datanode-6/data/ratis/f8101806-4b1c-4666-ae67-e24a53df05e3] INFO  segmented.SegmentedRaftLogWorker (SegmentedRaftLogWorker.java:execute(569)) - 8d97392c-5f4b-400a-94a1-fb61a3ebbc99-SegmentedRaftLogWorker:Storage Directory /workdir/hadoop-ozone/integration-test/target/test-dir/MiniOzoneClusterImpl-c00aaa5b-d63b-4769-9462-6a4c88d2a8bf/datanode-6/data/ratis/f8101806-4b1c-4666-ae67-e24a53df05e3: created new log segment /workdir/hadoop-ozone/integration-test/target/test-dir/MiniOzoneClusterImpl-c00aaa5b-d63b-4769-9462-6a4c88d2a8bf/datanode-6/data/ratis/f8101806-4b1c-4666-ae67-e24a53df05e3/current/log_inprogress_0
2019-09-20 04:48:55,658 | INFO  | SCMAudit | user=jenkins1000 | ip=192.168.36.79 | op=SEND_HEARTBEAT {datanodeUUID=2d6465ef-cffa-473a-a4c6-a9aa3f1a26c0, command=[]} | ret=SUCCESS |  
2019-09-20 04:48:55,657 [main] INFO  ipc.CallQueueManager (CallQueueManager.java:<init>(84)) - Using callQueue: class java.util.concurrent.LinkedBlockingQueue, queueCapacity: 2000, scheduler: class org.apache.hadoop.ipc.DefaultRpcScheduler, ipcBackoff: false.
2019-09-20 04:48:55,658 | INFO  | SCMAudit | user=jenkins1000 | ip=192.168.36.79 | op=SEND_HEARTBEAT {datanodeUUID=2702b462-69d8-4c1b-aae1-091a21fe08b8, command=[]} | ret=SUCCESS |  
2019-09-20 04:48:55,658 [Socket Reader #1 for port 33711] INFO  ipc.Server (Server.java:run(1074)) - Starting Socket Reader #1 for port 33711
2019-09-20 04:48:55,671 [main] INFO  om.OzoneManager (OzoneManager.java:start(1256)) - OzoneManager RPC server is listening at localhost/127.0.0.1:33711
2019-09-20 04:48:55,671 [main] INFO  impl.MetricsSystemImpl (MetricsSystemImpl.java:init(158)) - OzoneManager metrics system started (again)
2019-09-20 04:48:55,672 [IPC Server listener on 33711] INFO  ipc.Server (Server.java:run(1153)) - IPC Server listener on 33711: starting
2019-09-20 04:48:55,672 [IPC Server Responder] INFO  ipc.Server (Server.java:run(1314)) - IPC Server Responder: starting
2019-09-20 04:48:55,682 [main] INFO  hdfs.DFSUtil (DFSUtil.java:httpServerTemplateForNNAndJN(1641)) - Starting Web-server for ozoneManager at: http://0.0.0.0:0
2019-09-20 04:48:55,684 [main] INFO  server.AuthenticationFilter (AuthenticationFilter.java:constructSecretProvider(240)) - Unable to initialize FileSignerSecretProvider, falling back to use random secrets.
2019-09-20 04:48:55,684 [main] WARN  http.HttpRequestLog (HttpRequestLog.java:getRequestLog(97)) - Jetty request log can only be enabled using Log4j
2019-09-20 04:48:55,687 [main] INFO  http.HttpServer2 (HttpServer2.java:addGlobalFilter(975)) - Added global filter 'safety' (class=org.apache.hadoop.http.HttpServer2$QuotingInputFilter)
2019-09-20 04:48:55,687 [main] INFO  http.HttpServer2 (HttpServer2.java:addFilter(948)) - Added filter static_user_filter (class=org.apache.hadoop.http.lib.StaticUserWebFilter$StaticUserFilter) to context ozoneManager
2019-09-20 04:48:55,687 [main] INFO  http.HttpServer2 (HttpServer2.java:addFilter(958)) - Added filter static_user_filter (class=org.apache.hadoop.http.lib.StaticUserWebFilter$StaticUserFilter) to context logs
2019-09-20 04:48:55,688 [main] INFO  http.HttpServer2 (HttpServer2.java:addFilter(958)) - Added filter static_user_filter (class=org.apache.hadoop.http.lib.StaticUserWebFilter$StaticUserFilter) to context static
2019-09-20 04:48:55,689 [main] INFO  http.HttpServer2 (HttpServer2.java:bindListener(1191)) - Jetty bound to port 41967
2019-09-20 04:48:55,689 [main] INFO  server.Server (Server.java:doStart(351)) - jetty-9.3.24.v20180605, build timestamp: 2018-06-05T17:11:56Z, git hash: 84205aa28f11a4f31f2a3b86d1bba2cc8ab69827
2019-09-20 04:48:55,690 [main] INFO  handler.ContextHandler (ContextHandler.java:doStart(781)) - Started o.e.j.s.ServletContextHandler@709d86a2{/logs,file:///workdir/hadoop-ozone/integration-test/target/log,AVAILABLE}
2019-09-20 04:48:55,691 [main] INFO  handler.ContextHandler (ContextHandler.java:doStart(781)) - Started o.e.j.s.ServletContextHandler@ce655b9{/static,file:///workdir/hadoop-ozone/integration-test/target/test-classes/webapps/static,AVAILABLE}
2019-09-20 04:48:55,697 [main] INFO  handler.ContextHandler (ContextHandler.java:doStart(781)) - Started o.e.j.w.WebAppContext@62108cd3{/,file:///workdir/hadoop-ozone/integration-test/target/test-classes/webapps/ozoneManager/,AVAILABLE}{/ozoneManager}
2019-09-20 04:48:55,697 [main] INFO  server.AbstractConnector (AbstractConnector.java:doStart(278)) - Started ServerConnector@7cd1ec54{HTTP/1.1,[http/1.1]}{0.0.0.0:41967}
2019-09-20 04:48:55,700 [main] INFO  server.Server (Server.java:doStart(419)) - Started @17688ms
2019-09-20 04:48:55,701 [main] INFO  server.BaseHttpServer (BaseHttpServer.java:updateConnectorAddress(213)) - HTTP server of OZONEMANAGER is listening at http://0.0.0.0:41967
2019-09-20 04:48:55,718 [main] INFO  impl.MetricsSystemImpl (MetricsSystemImpl.java:init(158)) - HddsDatanode metrics system started (again)
2019-09-20 04:48:55,736 [main] INFO  ozone.HddsDatanodeService (HddsDatanodeService.java:start(184)) - HddsDatanodeService host:pr-hdds-1569-s8kj2-2266485376 ip:192.168.36.79
2019-09-20 04:48:55,752 [main] INFO  volume.HddsVolume (HddsVolume.java:<init>(176)) - Creating Volume: /workdir/hadoop-ozone/integration-test/target/test-dir/MiniOzoneClusterImpl-cd85f641-6806-455e-b969-480e50aec385/datanode-0/data/containers/hdds of  storage type : DISK and capacity : 1482555576320
2019-09-20 04:48:55,753 [main] INFO  volume.VolumeSet (VolumeSet.java:initializeVolumeSet(170)) - Added Volume : /workdir/hadoop-ozone/integration-test/target/test-dir/MiniOzoneClusterImpl-cd85f641-6806-455e-b969-480e50aec385/datanode-0/data/containers/hdds to VolumeSet
2019-09-20 04:48:55,753 [main] INFO  volume.ThrottledAsyncChecker (ThrottledAsyncChecker.java:schedule(140)) - Scheduling a check for org.apache.hadoop.ozone.container.common.volume.HddsVolume@696174d3
2019-09-20 04:48:55,753 [main] INFO  volume.HddsVolumeChecker (HddsVolumeChecker.java:checkAllVolumes(203)) - Scheduled health check for volume org.apache.hadoop.ozone.container.common.volume.HddsVolume@696174d3
2019-09-20 04:48:55,757 | INFO  | SCMAudit | user=jenkins1000 | ip=192.168.36.79 | op=SEND_HEARTBEAT {datanodeUUID=1d91ad97-6666-4ee7-855a-8b5e944e7401, command=[]} | ret=SUCCESS |  
2019-09-20 04:48:55,769 [main] INFO  impl.RaftServerProxy (ConfUtils.java:logGet(43)) - raft.rpc.type = GRPC (default)
2019-09-20 04:48:55,769 [main] INFO  grpc.GrpcFactory (GrpcFactory.java:checkPooledByteBufAllocatorUseCacheForAllThreads(45)) - PERFORMANCE WARNING: useCacheForAllThreads is true that may cause Netty to create a lot garbage objects and, as a result, trigger GC.
	It is recommended to disable useCacheForAllThreads by setting -Dorg.apache.ratis.thirdparty.io.netty.allocator.useCacheForAllThreads=false in command line.
2019-09-20 04:48:55,769 [main] INFO  grpc.GrpcConfigKeys$Server (ConfUtils.java:logGet(43)) - raft.grpc.server.port = 0 (default)
2019-09-20 04:48:55,769 [main] INFO  server.GrpcService (ConfUtils.java:logGet(43)) - raft.grpc.message.size.max = 33570816 (custom)
2019-09-20 04:48:55,770 [main] INFO  server.RaftServerConfigKeys (ConfUtils.java:logGet(43)) - raft.server.log.appender.buffer.byte-limit = 33554432 (custom)
2019-09-20 04:48:55,770 [main] INFO  server.GrpcService (ConfUtils.java:logGet(43)) - raft.grpc.flow.control.window = 1MB (=1048576) (default)
2019-09-20 04:48:55,770 [main] INFO  server.RaftServerConfigKeys (ConfUtils.java:logGet(43)) - raft.server.rpc.request.timeout = 3000ms (default)
2019-09-20 04:48:55,770 [main] INFO  server.RaftServerConfigKeys (ConfUtils.java:logGet(43)) - raft.server.storage.dir = [/workdir/hadoop-ozone/integration-test/target/test-dir/MiniOzoneClusterImpl-cd85f641-6806-455e-b969-480e50aec385/datanode-0/data/ratis] (custom)
2019-09-20 04:48:55,771 [main] INFO  replication.SimpleContainerDownloader (SimpleContainerDownloader.java:<init>(72)) - Starting container downloader service to copy containers to replicate.
2019-09-20 04:48:55,772 [main] INFO  hdfs.DFSUtil (DFSUtil.java:httpServerTemplateForNNAndJN(1641)) - Starting Web-server for hddsDatanode at: http://0.0.0.0:0
2019-09-20 04:48:55,774 [main] INFO  server.AuthenticationFilter (AuthenticationFilter.java:constructSecretProvider(240)) - Unable to initialize FileSignerSecretProvider, falling back to use random secrets.
2019-09-20 04:48:55,775 [main] WARN  http.HttpRequestLog (HttpRequestLog.java:getRequestLog(97)) - Jetty request log can only be enabled using Log4j
2019-09-20 04:48:55,777 [main] INFO  http.HttpServer2 (HttpServer2.java:addGlobalFilter(975)) - Added global filter 'safety' (class=org.apache.hadoop.http.HttpServer2$QuotingInputFilter)
2019-09-20 04:48:55,778 [main] INFO  http.HttpServer2 (HttpServer2.java:addFilter(948)) - Added filter static_user_filter (class=org.apache.hadoop.http.lib.StaticUserWebFilter$StaticUserFilter) to context hddsDatanode
2019-09-20 04:48:55,778 [main] INFO  http.HttpServer2 (HttpServer2.java:addFilter(958)) - Added filter static_user_filter (class=org.apache.hadoop.http.lib.StaticUserWebFilter$StaticUserFilter) to context static
2019-09-20 04:48:55,778 [main] INFO  http.HttpServer2 (HttpServer2.java:addFilter(958)) - Added filter static_user_filter (class=org.apache.hadoop.http.lib.StaticUserWebFilter$StaticUserFilter) to context logs
2019-09-20 04:48:55,779 [main] INFO  http.HttpServer2 (HttpServer2.java:bindListener(1191)) - Jetty bound to port 36908
2019-09-20 04:48:55,779 [main] INFO  server.Server (Server.java:doStart(351)) - jetty-9.3.24.v20180605, build timestamp: 2018-06-05T17:11:56Z, git hash: 84205aa28f11a4f31f2a3b86d1bba2cc8ab69827
2019-09-20 04:48:55,782 [main] INFO  handler.ContextHandler (ContextHandler.java:doStart(781)) - Started o.e.j.s.ServletContextHandler@58aa5c94{/logs,file:///workdir/hadoop-ozone/integration-test/target/log,AVAILABLE}
2019-09-20 04:48:55,782 [main] INFO  handler.ContextHandler (ContextHandler.java:doStart(781)) - Started o.e.j.s.ServletContextHandler@50df37eb{/static,jar:file:/home/user/.m2/repository/org/apache/hadoop/hadoop-hdds-container-service/0.5.0-SNAPSHOT/hadoop-hdds-container-service-0.5.0-SNAPSHOT.jar!/webapps/static,AVAILABLE}
2019-09-20 04:48:55,832 [main] INFO  handler.ContextHandler (ContextHandler.java:doStart(781)) - Started o.e.j.w.WebAppContext@30eedaa4{/,file:///tmp/jetty-0.0.0.0-36908-hddsDatanode-_-any-4561433528137907154.dir/webapp/,AVAILABLE}{/hddsDatanode}
2019-09-20 04:48:55,833 [main] INFO  server.AbstractConnector (AbstractConnector.java:doStart(278)) - Started ServerConnector@52b30054{HTTP/1.1,[http/1.1]}{0.0.0.0:36908}
2019-09-20 04:48:55,835 [main] INFO  server.Server (Server.java:doStart(419)) - Started @17823ms
2019-09-20 04:48:55,836 [main] INFO  server.BaseHttpServer (BaseHttpServer.java:updateConnectorAddress(213)) - HTTP server of HDDSDATANODE is listening at http://0.0.0.0:36908
2019-09-20 04:48:55,902 | INFO  | SCMAudit | user=jenkins1000 | ip=192.168.36.79 | op=SEND_HEARTBEAT {datanodeUUID=ea71b9af-1075-4196-9693-aa14e10f536d, command=[]} | ret=SUCCESS |  
2019-09-20 04:48:55,965 | INFO  | ObjectStoreRestHttpServer | Listening HDDS REST traffic on /0.0.0.0:46143 |  
2019-09-20 04:48:55,965 [main] INFO  ozone.HddsDatanodeService (HddsDatanodeService.java:startPlugins(395)) - Started plug-in org.apache.hadoop.ozone.web.OzoneHddsDatanodeService@58f7215c
2019-09-20 04:48:55,965 [main] INFO  impl.MetricsSystemImpl (MetricsSystemImpl.java:init(158)) - HddsDatanode metrics system started (again)
2019-09-20 04:48:55,992 [org.apache.hadoop.util.JvmPauseMonitor$Monitor@1760b515] INFO  util.JvmPauseMonitor (JvmPauseMonitor.java:run(188)) - Starting JVM pause monitor
2019-09-20 04:48:55,993 [main] INFO  ozone.HddsDatanodeService (HddsDatanodeService.java:start(184)) - HddsDatanodeService host:pr-hdds-1569-s8kj2-2266485376 ip:192.168.36.79
2019-09-20 04:48:55,994 [Datanode State Machine Thread - 0] INFO  datanode.InitDatanodeState (InitDatanodeState.java:persistContainerDatanodeDetails(140)) - DatanodeDetails is persisted to /workdir/hadoop-ozone/integration-test/target/test-dir/MiniOzoneClusterImpl-cd85f641-6806-455e-b969-480e50aec385/datanode-0/meta/datanode.id
2019-09-20 04:48:56,018 [main] INFO  volume.HddsVolume (HddsVolume.java:<init>(176)) - Creating Volume: /workdir/hadoop-ozone/integration-test/target/test-dir/MiniOzoneClusterImpl-cd85f641-6806-455e-b969-480e50aec385/datanode-1/data/containers/hdds of  storage type : DISK and capacity : 1482555576320
2019-09-20 04:48:56,019 [main] INFO  volume.VolumeSet (VolumeSet.java:initializeVolumeSet(170)) - Added Volume : /workdir/hadoop-ozone/integration-test/target/test-dir/MiniOzoneClusterImpl-cd85f641-6806-455e-b969-480e50aec385/datanode-1/data/containers/hdds to VolumeSet
2019-09-20 04:48:56,019 [main] INFO  volume.ThrottledAsyncChecker (ThrottledAsyncChecker.java:schedule(140)) - Scheduling a check for org.apache.hadoop.ozone.container.common.volume.HddsVolume@4a833595
2019-09-20 04:48:56,019 [main] INFO  volume.HddsVolumeChecker (HddsVolumeChecker.java:checkAllVolumes(203)) - Scheduled health check for volume org.apache.hadoop.ozone.container.common.volume.HddsVolume@4a833595
2019-09-20 04:48:56,036 [main] INFO  impl.RaftServerProxy (ConfUtils.java:logGet(43)) - raft.rpc.type = GRPC (default)
2019-09-20 04:48:56,036 [main] INFO  grpc.GrpcFactory (GrpcFactory.java:checkPooledByteBufAllocatorUseCacheForAllThreads(45)) - PERFORMANCE WARNING: useCacheForAllThreads is true that may cause Netty to create a lot garbage objects and, as a result, trigger GC.
	It is recommended to disable useCacheForAllThreads by setting -Dorg.apache.ratis.thirdparty.io.netty.allocator.useCacheForAllThreads=false in command line.
2019-09-20 04:48:56,036 [main] INFO  grpc.GrpcConfigKeys$Server (ConfUtils.java:logGet(43)) - raft.grpc.server.port = 0 (default)
2019-09-20 04:48:56,036 [main] INFO  server.GrpcService (ConfUtils.java:logGet(43)) - raft.grpc.message.size.max = 33570816 (custom)
2019-09-20 04:48:56,037 [main] INFO  server.RaftServerConfigKeys (ConfUtils.java:logGet(43)) - raft.server.log.appender.buffer.byte-limit = 33554432 (custom)
2019-09-20 04:48:56,037 [main] INFO  server.GrpcService (ConfUtils.java:logGet(43)) - raft.grpc.flow.control.window = 1MB (=1048576) (default)
2019-09-20 04:48:56,037 [main] INFO  server.RaftServerConfigKeys (ConfUtils.java:logGet(43)) - raft.server.rpc.request.timeout = 3000ms (default)
2019-09-20 04:48:56,037 [main] INFO  server.RaftServerConfigKeys (ConfUtils.java:logGet(43)) - raft.server.storage.dir = [/workdir/hadoop-ozone/integration-test/target/test-dir/MiniOzoneClusterImpl-cd85f641-6806-455e-b969-480e50aec385/datanode-1/data/ratis] (custom)
2019-09-20 04:48:56,038 [main] INFO  replication.SimpleContainerDownloader (SimpleContainerDownloader.java:<init>(72)) - Starting container downloader service to copy containers to replicate.
2019-09-20 04:48:56,039 [main] INFO  hdfs.DFSUtil (DFSUtil.java:httpServerTemplateForNNAndJN(1641)) - Starting Web-server for hddsDatanode at: http://0.0.0.0:0
2019-09-20 04:48:56,040 [main] INFO  server.AuthenticationFilter (AuthenticationFilter.java:constructSecretProvider(240)) - Unable to initialize FileSignerSecretProvider, falling back to use random secrets.
2019-09-20 04:48:56,041 [main] WARN  http.HttpRequestLog (HttpRequestLog.java:getRequestLog(97)) - Jetty request log can only be enabled using Log4j
2019-09-20 04:48:56,042 [main] INFO  http.HttpServer2 (HttpServer2.java:addGlobalFilter(975)) - Added global filter 'safety' (class=org.apache.hadoop.http.HttpServer2$QuotingInputFilter)
2019-09-20 04:48:56,042 [main] INFO  http.HttpServer2 (HttpServer2.java:addFilter(948)) - Added filter static_user_filter (class=org.apache.hadoop.http.lib.StaticUserWebFilter$StaticUserFilter) to context hddsDatanode
2019-09-20 04:48:56,042 [main] INFO  http.HttpServer2 (HttpServer2.java:addFilter(958)) - Added filter static_user_filter (class=org.apache.hadoop.http.lib.StaticUserWebFilter$StaticUserFilter) to context logs
2019-09-20 04:48:56,043 [main] INFO  http.HttpServer2 (HttpServer2.java:addFilter(958)) - Added filter static_user_filter (class=org.apache.hadoop.http.lib.StaticUserWebFilter$StaticUserFilter) to context static
2019-09-20 04:48:56,043 [main] INFO  http.HttpServer2 (HttpServer2.java:bindListener(1191)) - Jetty bound to port 45723
2019-09-20 04:48:56,043 [main] INFO  server.Server (Server.java:doStart(351)) - jetty-9.3.24.v20180605, build timestamp: 2018-06-05T17:11:56Z, git hash: 84205aa28f11a4f31f2a3b86d1bba2cc8ab69827
2019-09-20 04:48:56,045 [main] INFO  handler.ContextHandler (ContextHandler.java:doStart(781)) - Started o.e.j.s.ServletContextHandler@25fa6889{/logs,file:///workdir/hadoop-ozone/integration-test/target/log,AVAILABLE}
2019-09-20 04:48:56,045 [main] INFO  handler.ContextHandler (ContextHandler.java:doStart(781)) - Started o.e.j.s.ServletContextHandler@31693a86{/static,jar:file:/home/user/.m2/repository/org/apache/hadoop/hadoop-hdds-container-service/0.5.0-SNAPSHOT/hadoop-hdds-container-service-0.5.0-SNAPSHOT.jar!/webapps/static,AVAILABLE}
2019-09-20 04:48:56,066 | INFO  | SCMAudit | user=jenkins1000 | ip=192.168.36.79 | op=SEND_HEARTBEAT {datanodeUUID=eaf3ecbe-c3b1-4969-ad3a-e4de7fb04f81, command=[]} | ret=SUCCESS |  
2019-09-20 04:48:56,073 [main] INFO  handler.ContextHandler (ContextHandler.java:doStart(781)) - Started o.e.j.w.WebAppContext@504b8705{/,file:///tmp/jetty-0.0.0.0-45723-hddsDatanode-_-any-1297510641412843065.dir/webapp/,AVAILABLE}{/hddsDatanode}
2019-09-20 04:48:56,073 [main] INFO  server.AbstractConnector (AbstractConnector.java:doStart(278)) - Started ServerConnector@24a8e40d{HTTP/1.1,[http/1.1]}{0.0.0.0:45723}
2019-09-20 04:48:56,076 [main] INFO  server.Server (Server.java:doStart(419)) - Started @18064ms
2019-09-20 04:48:56,077 [main] INFO  server.BaseHttpServer (BaseHttpServer.java:updateConnectorAddress(213)) - HTTP server of HDDSDATANODE is listening at http://0.0.0.0:45723
2019-09-20 04:48:56,153 | INFO  | SCMAudit | user=jenkins1000 | ip=192.168.36.79 | op=SEND_HEARTBEAT {datanodeUUID=42fc6e92-fcdd-4827-b621-9fc58a3d2315, command=[]} | ret=SUCCESS |  
2019-09-20 04:48:56,221 | INFO  | ObjectStoreRestHttpServer | Listening HDDS REST traffic on /0.0.0.0:39115 |  
2019-09-20 04:48:56,221 [main] INFO  ozone.HddsDatanodeService (HddsDatanodeService.java:startPlugins(395)) - Started plug-in org.apache.hadoop.ozone.web.OzoneHddsDatanodeService@54daf8f9
2019-09-20 04:48:56,222 [main] INFO  impl.MetricsSystemImpl (MetricsSystemImpl.java:init(158)) - HddsDatanode metrics system started (again)
2019-09-20 04:48:56,240 [org.apache.hadoop.util.JvmPauseMonitor$Monitor@2482fd51] INFO  util.JvmPauseMonitor (JvmPauseMonitor.java:run(188)) - Starting JVM pause monitor
2019-09-20 04:48:56,242 [main] INFO  ozone.HddsDatanodeService (HddsDatanodeService.java:start(184)) - HddsDatanodeService host:pr-hdds-1569-s8kj2-2266485376 ip:192.168.36.79
2019-09-20 04:48:56,243 [Datanode State Machine Thread - 0] INFO  datanode.InitDatanodeState (InitDatanodeState.java:persistContainerDatanodeDetails(140)) - DatanodeDetails is persisted to /workdir/hadoop-ozone/integration-test/target/test-dir/MiniOzoneClusterImpl-cd85f641-6806-455e-b969-480e50aec385/datanode-1/meta/datanode.id
2019-09-20 04:48:56,258 [main] INFO  volume.HddsVolume (HddsVolume.java:<init>(176)) - Creating Volume: /workdir/hadoop-ozone/integration-test/target/test-dir/MiniOzoneClusterImpl-cd85f641-6806-455e-b969-480e50aec385/datanode-2/data/containers/hdds of  storage type : DISK and capacity : 1482555576320
2019-09-20 04:48:56,258 [main] INFO  volume.VolumeSet (VolumeSet.java:initializeVolumeSet(170)) - Added Volume : /workdir/hadoop-ozone/integration-test/target/test-dir/MiniOzoneClusterImpl-cd85f641-6806-455e-b969-480e50aec385/datanode-2/data/containers/hdds to VolumeSet
2019-09-20 04:48:56,259 [main] INFO  volume.ThrottledAsyncChecker (ThrottledAsyncChecker.java:schedule(140)) - Scheduling a check for org.apache.hadoop.ozone.container.common.volume.HddsVolume@1958c0d9
2019-09-20 04:48:56,259 [main] INFO  volume.HddsVolumeChecker (HddsVolumeChecker.java:checkAllVolumes(203)) - Scheduled health check for volume org.apache.hadoop.ozone.container.common.volume.HddsVolume@1958c0d9
2019-09-20 04:48:56,267 | INFO  | SCMAudit | user=jenkins1000 | ip=192.168.36.79 | op=SEND_HEARTBEAT {datanodeUUID=8d97392c-5f4b-400a-94a1-fb61a3ebbc99, command=[]} | ret=SUCCESS |  
2019-09-20 04:48:56,284 [main] INFO  impl.RaftServerProxy (ConfUtils.java:logGet(43)) - raft.rpc.type = GRPC (default)
2019-09-20 04:48:56,284 [main] INFO  grpc.GrpcFactory (GrpcFactory.java:checkPooledByteBufAllocatorUseCacheForAllThreads(45)) - PERFORMANCE WARNING: useCacheForAllThreads is true that may cause Netty to create a lot garbage objects and, as a result, trigger GC.
	It is recommended to disable useCacheForAllThreads by setting -Dorg.apache.ratis.thirdparty.io.netty.allocator.useCacheForAllThreads=false in command line.
2019-09-20 04:48:56,285 [main] INFO  grpc.GrpcConfigKeys$Server (ConfUtils.java:logGet(43)) - raft.grpc.server.port = 0 (default)
2019-09-20 04:48:56,285 [main] INFO  server.GrpcService (ConfUtils.java:logGet(43)) - raft.grpc.message.size.max = 33570816 (custom)
2019-09-20 04:48:56,285 [main] INFO  server.RaftServerConfigKeys (ConfUtils.java:logGet(43)) - raft.server.log.appender.buffer.byte-limit = 33554432 (custom)
2019-09-20 04:48:56,285 [main] INFO  server.GrpcService (ConfUtils.java:logGet(43)) - raft.grpc.flow.control.window = 1MB (=1048576) (default)
2019-09-20 04:48:56,286 [main] INFO  server.RaftServerConfigKeys (ConfUtils.java:logGet(43)) - raft.server.rpc.request.timeout = 3000ms (default)
2019-09-20 04:48:56,286 [main] INFO  server.RaftServerConfigKeys (ConfUtils.java:logGet(43)) - raft.server.storage.dir = [/workdir/hadoop-ozone/integration-test/target/test-dir/MiniOzoneClusterImpl-cd85f641-6806-455e-b969-480e50aec385/datanode-2/data/ratis] (custom)
2019-09-20 04:48:56,287 [main] INFO  replication.SimpleContainerDownloader (SimpleContainerDownloader.java:<init>(72)) - Starting container downloader service to copy containers to replicate.
2019-09-20 04:48:56,288 [main] INFO  hdfs.DFSUtil (DFSUtil.java:httpServerTemplateForNNAndJN(1641)) - Starting Web-server for hddsDatanode at: http://0.0.0.0:0
2019-09-20 04:48:56,290 [main] INFO  server.AuthenticationFilter (AuthenticationFilter.java:constructSecretProvider(240)) - Unable to initialize FileSignerSecretProvider, falling back to use random secrets.
2019-09-20 04:48:56,290 [main] WARN  http.HttpRequestLog (HttpRequestLog.java:getRequestLog(97)) - Jetty request log can only be enabled using Log4j
2019-09-20 04:48:56,291 [main] INFO  http.HttpServer2 (HttpServer2.java:addGlobalFilter(975)) - Added global filter 'safety' (class=org.apache.hadoop.http.HttpServer2$QuotingInputFilter)
2019-09-20 04:48:56,292 [main] INFO  http.HttpServer2 (HttpServer2.java:addFilter(948)) - Added filter static_user_filter (class=org.apache.hadoop.http.lib.StaticUserWebFilter$StaticUserFilter) to context hddsDatanode
2019-09-20 04:48:56,292 [main] INFO  http.HttpServer2 (HttpServer2.java:addFilter(958)) - Added filter static_user_filter (class=org.apache.hadoop.http.lib.StaticUserWebFilter$StaticUserFilter) to context logs
2019-09-20 04:48:56,292 [main] INFO  http.HttpServer2 (HttpServer2.java:addFilter(958)) - Added filter static_user_filter (class=org.apache.hadoop.http.lib.StaticUserWebFilter$StaticUserFilter) to context static
2019-09-20 04:48:56,293 [main] INFO  http.HttpServer2 (HttpServer2.java:bindListener(1191)) - Jetty bound to port 45922
2019-09-20 04:48:56,293 [main] INFO  server.Server (Server.java:doStart(351)) - jetty-9.3.24.v20180605, build timestamp: 2018-06-05T17:11:56Z, git hash: 84205aa28f11a4f31f2a3b86d1bba2cc8ab69827
2019-09-20 04:48:56,294 [main] INFO  handler.ContextHandler (ContextHandler.java:doStart(781)) - Started o.e.j.s.ServletContextHandler@727453a3{/logs,file:///workdir/hadoop-ozone/integration-test/target/log,AVAILABLE}
2019-09-20 04:48:56,295 [main] INFO  handler.ContextHandler (ContextHandler.java:doStart(781)) - Started o.e.j.s.ServletContextHandler@57f2e67{/static,jar:file:/home/user/.m2/repository/org/apache/hadoop/hadoop-hdds-container-service/0.5.0-SNAPSHOT/hadoop-hdds-container-service-0.5.0-SNAPSHOT.jar!/webapps/static,AVAILABLE}
2019-09-20 04:48:56,323 [main] INFO  handler.ContextHandler (ContextHandler.java:doStart(781)) - Started o.e.j.w.WebAppContext@702f4124{/,file:///tmp/jetty-0.0.0.0-45922-hddsDatanode-_-any-1080181574943044551.dir/webapp/,AVAILABLE}{/hddsDatanode}
2019-09-20 04:48:56,324 [main] INFO  server.AbstractConnector (AbstractConnector.java:doStart(278)) - Started ServerConnector@10166230{HTTP/1.1,[http/1.1]}{0.0.0.0:45922}
2019-09-20 04:48:56,327 [main] INFO  server.Server (Server.java:doStart(419)) - Started @18315ms
2019-09-20 04:48:56,328 [main] INFO  server.BaseHttpServer (BaseHttpServer.java:updateConnectorAddress(213)) - HTTP server of HDDSDATANODE is listening at http://0.0.0.0:45922
2019-09-20 04:48:56,460 | INFO  | ObjectStoreRestHttpServer | Listening HDDS REST traffic on /0.0.0.0:37088 |  
2019-09-20 04:48:56,460 [main] INFO  ozone.HddsDatanodeService (HddsDatanodeService.java:startPlugins(395)) - Started plug-in org.apache.hadoop.ozone.web.OzoneHddsDatanodeService@3722f39d
2019-09-20 04:48:56,461 [main] INFO  impl.MetricsSystemImpl (MetricsSystemImpl.java:init(158)) - HddsDatanode metrics system started (again)
2019-09-20 04:48:56,481 [org.apache.hadoop.util.JvmPauseMonitor$Monitor@76b05810] INFO  util.JvmPauseMonitor (JvmPauseMonitor.java:run(188)) - Starting JVM pause monitor
2019-09-20 04:48:56,482 [main] INFO  ozone.HddsDatanodeService (HddsDatanodeService.java:start(184)) - HddsDatanodeService host:pr-hdds-1569-s8kj2-2266485376 ip:192.168.36.79
2019-09-20 04:48:56,483 [Datanode State Machine Thread - 0] INFO  datanode.InitDatanodeState (InitDatanodeState.java:persistContainerDatanodeDetails(140)) - DatanodeDetails is persisted to /workdir/hadoop-ozone/integration-test/target/test-dir/MiniOzoneClusterImpl-cd85f641-6806-455e-b969-480e50aec385/datanode-2/meta/datanode.id
2019-09-20 04:48:56,498 [main] INFO  volume.HddsVolume (HddsVolume.java:<init>(176)) - Creating Volume: /workdir/hadoop-ozone/integration-test/target/test-dir/MiniOzoneClusterImpl-cd85f641-6806-455e-b969-480e50aec385/datanode-3/data/containers/hdds of  storage type : DISK and capacity : 1482555576320
2019-09-20 04:48:56,498 [main] INFO  volume.VolumeSet (VolumeSet.java:initializeVolumeSet(170)) - Added Volume : /workdir/hadoop-ozone/integration-test/target/test-dir/MiniOzoneClusterImpl-cd85f641-6806-455e-b969-480e50aec385/datanode-3/data/containers/hdds to VolumeSet
2019-09-20 04:48:56,499 [main] INFO  volume.ThrottledAsyncChecker (ThrottledAsyncChecker.java:schedule(140)) - Scheduling a check for org.apache.hadoop.ozone.container.common.volume.HddsVolume@35b3c1f6
2019-09-20 04:48:56,500 [main] INFO  volume.HddsVolumeChecker (HddsVolumeChecker.java:checkAllVolumes(203)) - Scheduled health check for volume org.apache.hadoop.ozone.container.common.volume.HddsVolume@35b3c1f6
2019-09-20 04:48:56,524 [main] INFO  impl.RaftServerProxy (ConfUtils.java:logGet(43)) - raft.rpc.type = GRPC (default)
2019-09-20 04:48:56,524 [main] INFO  grpc.GrpcFactory (GrpcFactory.java:checkPooledByteBufAllocatorUseCacheForAllThreads(45)) - PERFORMANCE WARNING: useCacheForAllThreads is true that may cause Netty to create a lot garbage objects and, as a result, trigger GC.
	It is recommended to disable useCacheForAllThreads by setting -Dorg.apache.ratis.thirdparty.io.netty.allocator.useCacheForAllThreads=false in command line.
2019-09-20 04:48:56,524 [main] INFO  grpc.GrpcConfigKeys$Server (ConfUtils.java:logGet(43)) - raft.grpc.server.port = 0 (default)
2019-09-20 04:48:56,525 [main] INFO  server.GrpcService (ConfUtils.java:logGet(43)) - raft.grpc.message.size.max = 33570816 (custom)
2019-09-20 04:48:56,525 [main] INFO  server.RaftServerConfigKeys (ConfUtils.java:logGet(43)) - raft.server.log.appender.buffer.byte-limit = 33554432 (custom)
2019-09-20 04:48:56,525 [main] INFO  server.GrpcService (ConfUtils.java:logGet(43)) - raft.grpc.flow.control.window = 1MB (=1048576) (default)
2019-09-20 04:48:56,525 [main] INFO  server.RaftServerConfigKeys (ConfUtils.java:logGet(43)) - raft.server.rpc.request.timeout = 3000ms (default)
2019-09-20 04:48:56,526 [main] INFO  server.RaftServerConfigKeys (ConfUtils.java:logGet(43)) - raft.server.storage.dir = [/workdir/hadoop-ozone/integration-test/target/test-dir/MiniOzoneClusterImpl-cd85f641-6806-455e-b969-480e50aec385/datanode-3/data/ratis] (custom)
2019-09-20 04:48:56,527 [main] INFO  replication.SimpleContainerDownloader (SimpleContainerDownloader.java:<init>(72)) - Starting container downloader service to copy containers to replicate.
2019-09-20 04:48:56,528 [main] INFO  hdfs.DFSUtil (DFSUtil.java:httpServerTemplateForNNAndJN(1641)) - Starting Web-server for hddsDatanode at: http://0.0.0.0:0
2019-09-20 04:48:56,530 [main] INFO  server.AuthenticationFilter (AuthenticationFilter.java:constructSecretProvider(240)) - Unable to initialize FileSignerSecretProvider, falling back to use random secrets.
2019-09-20 04:48:56,531 [main] WARN  http.HttpRequestLog (HttpRequestLog.java:getRequestLog(97)) - Jetty request log can only be enabled using Log4j
2019-09-20 04:48:56,533 [main] INFO  http.HttpServer2 (HttpServer2.java:addGlobalFilter(975)) - Added global filter 'safety' (class=org.apache.hadoop.http.HttpServer2$QuotingInputFilter)
2019-09-20 04:48:56,534 [main] INFO  http.HttpServer2 (HttpServer2.java:addFilter(948)) - Added filter static_user_filter (class=org.apache.hadoop.http.lib.StaticUserWebFilter$StaticUserFilter) to context hddsDatanode
2019-09-20 04:48:56,535 [main] INFO  http.HttpServer2 (HttpServer2.java:addFilter(958)) - Added filter static_user_filter (class=org.apache.hadoop.http.lib.StaticUserWebFilter$StaticUserFilter) to context logs
2019-09-20 04:48:56,535 [main] INFO  http.HttpServer2 (HttpServer2.java:addFilter(958)) - Added filter static_user_filter (class=org.apache.hadoop.http.lib.StaticUserWebFilter$StaticUserFilter) to context static
2019-09-20 04:48:56,536 [main] INFO  http.HttpServer2 (HttpServer2.java:bindListener(1191)) - Jetty bound to port 46001
2019-09-20 04:48:56,536 [main] INFO  server.Server (Server.java:doStart(351)) - jetty-9.3.24.v20180605, build timestamp: 2018-06-05T17:11:56Z, git hash: 84205aa28f11a4f31f2a3b86d1bba2cc8ab69827
2019-09-20 04:48:56,538 [main] INFO  handler.ContextHandler (ContextHandler.java:doStart(781)) - Started o.e.j.s.ServletContextHandler@4cc4d454{/logs,file:///workdir/hadoop-ozone/integration-test/target/log,AVAILABLE}
2019-09-20 04:48:56,539 [main] INFO  handler.ContextHandler (ContextHandler.java:doStart(781)) - Started o.e.j.s.ServletContextHandler@1c58d7be{/static,jar:file:/home/user/.m2/repository/org/apache/hadoop/hadoop-hdds-container-service/0.5.0-SNAPSHOT/hadoop-hdds-container-service-0.5.0-SNAPSHOT.jar!/webapps/static,AVAILABLE}
2019-09-20 04:48:56,578 [main] INFO  handler.ContextHandler (ContextHandler.java:doStart(781)) - Started o.e.j.w.WebAppContext@18513c23{/,file:///tmp/jetty-0.0.0.0-46001-hddsDatanode-_-any-7669709628914075410.dir/webapp/,AVAILABLE}{/hddsDatanode}
2019-09-20 04:48:56,578 [main] INFO  server.AbstractConnector (AbstractConnector.java:doStart(278)) - Started ServerConnector@6be50b35{HTTP/1.1,[http/1.1]}{0.0.0.0:46001}
2019-09-20 04:48:56,582 [main] INFO  server.Server (Server.java:doStart(419)) - Started @18570ms
2019-09-20 04:48:56,582 [main] INFO  server.BaseHttpServer (BaseHttpServer.java:updateConnectorAddress(213)) - HTTP server of HDDSDATANODE is listening at http://0.0.0.0:46001
2019-09-20 04:48:56,658 | INFO  | SCMAudit | user=jenkins1000 | ip=192.168.36.79 | op=SEND_HEARTBEAT {datanodeUUID=2d6465ef-cffa-473a-a4c6-a9aa3f1a26c0, command=[]} | ret=SUCCESS |  
2019-09-20 04:48:56,658 | INFO  | SCMAudit | user=jenkins1000 | ip=192.168.36.79 | op=SEND_HEARTBEAT {datanodeUUID=2702b462-69d8-4c1b-aae1-091a21fe08b8, command=[]} | ret=SUCCESS |  
2019-09-20 04:48:56,716 | INFO  | ObjectStoreRestHttpServer | Listening HDDS REST traffic on /0.0.0.0:35159 |  
2019-09-20 04:48:56,716 [main] INFO  ozone.HddsDatanodeService (HddsDatanodeService.java:startPlugins(395)) - Started plug-in org.apache.hadoop.ozone.web.OzoneHddsDatanodeService@13b29b34
2019-09-20 04:48:56,716 [main] INFO  impl.MetricsSystemImpl (MetricsSystemImpl.java:init(158)) - HddsDatanode metrics system started (again)
2019-09-20 04:48:56,737 [org.apache.hadoop.util.JvmPauseMonitor$Monitor@502f22ce] INFO  util.JvmPauseMonitor (JvmPauseMonitor.java:run(188)) - Starting JVM pause monitor
2019-09-20 04:48:56,739 [main] INFO  ozone.HddsDatanodeService (HddsDatanodeService.java:start(184)) - HddsDatanodeService host:pr-hdds-1569-s8kj2-2266485376 ip:192.168.36.79
2019-09-20 04:48:56,740 [Datanode State Machine Thread - 0] INFO  datanode.InitDatanodeState (InitDatanodeState.java:persistContainerDatanodeDetails(140)) - DatanodeDetails is persisted to /workdir/hadoop-ozone/integration-test/target/test-dir/MiniOzoneClusterImpl-cd85f641-6806-455e-b969-480e50aec385/datanode-3/meta/datanode.id
2019-09-20 04:48:56,765 [main] INFO  volume.HddsVolume (HddsVolume.java:<init>(176)) - Creating Volume: /workdir/hadoop-ozone/integration-test/target/test-dir/MiniOzoneClusterImpl-cd85f641-6806-455e-b969-480e50aec385/datanode-4/data/containers/hdds of  storage type : DISK and capacity : 1482555576320
2019-09-20 04:48:56,765 [main] INFO  volume.VolumeSet (VolumeSet.java:initializeVolumeSet(170)) - Added Volume : /workdir/hadoop-ozone/integration-test/target/test-dir/MiniOzoneClusterImpl-cd85f641-6806-455e-b969-480e50aec385/datanode-4/data/containers/hdds to VolumeSet
2019-09-20 04:48:56,765 [main] INFO  volume.ThrottledAsyncChecker (ThrottledAsyncChecker.java:schedule(140)) - Scheduling a check for org.apache.hadoop.ozone.container.common.volume.HddsVolume@4b50c21
2019-09-20 04:48:56,766 [main] INFO  volume.HddsVolumeChecker (HddsVolumeChecker.java:checkAllVolumes(203)) - Scheduled health check for volume org.apache.hadoop.ozone.container.common.volume.HddsVolume@4b50c21
2019-09-20 04:48:56,766 | INFO  | SCMAudit | user=jenkins1000 | ip=192.168.36.79 | op=SEND_HEARTBEAT {datanodeUUID=1d91ad97-6666-4ee7-855a-8b5e944e7401, command=[]} | ret=SUCCESS |  
2019-09-20 04:48:56,782 [main] INFO  impl.RaftServerProxy (ConfUtils.java:logGet(43)) - raft.rpc.type = GRPC (default)
2019-09-20 04:48:56,783 [main] INFO  grpc.GrpcFactory (GrpcFactory.java:checkPooledByteBufAllocatorUseCacheForAllThreads(45)) - PERFORMANCE WARNING: useCacheForAllThreads is true that may cause Netty to create a lot garbage objects and, as a result, trigger GC.
	It is recommended to disable useCacheForAllThreads by setting -Dorg.apache.ratis.thirdparty.io.netty.allocator.useCacheForAllThreads=false in command line.
2019-09-20 04:48:56,783 [main] INFO  grpc.GrpcConfigKeys$Server (ConfUtils.java:logGet(43)) - raft.grpc.server.port = 0 (default)
2019-09-20 04:48:56,783 [main] INFO  server.GrpcService (ConfUtils.java:logGet(43)) - raft.grpc.message.size.max = 33570816 (custom)
2019-09-20 04:48:56,783 [main] INFO  server.RaftServerConfigKeys (ConfUtils.java:logGet(43)) - raft.server.log.appender.buffer.byte-limit = 33554432 (custom)
2019-09-20 04:48:56,783 [main] INFO  server.GrpcService (ConfUtils.java:logGet(43)) - raft.grpc.flow.control.window = 1MB (=1048576) (default)
2019-09-20 04:48:56,783 [main] INFO  server.RaftServerConfigKeys (ConfUtils.java:logGet(43)) - raft.server.rpc.request.timeout = 3000ms (default)
2019-09-20 04:48:56,784 [main] INFO  server.RaftServerConfigKeys (ConfUtils.java:logGet(43)) - raft.server.storage.dir = [/workdir/hadoop-ozone/integration-test/target/test-dir/MiniOzoneClusterImpl-cd85f641-6806-455e-b969-480e50aec385/datanode-4/data/ratis] (custom)
2019-09-20 04:48:56,784 [main] INFO  replication.SimpleContainerDownloader (SimpleContainerDownloader.java:<init>(72)) - Starting container downloader service to copy containers to replicate.
2019-09-20 04:48:56,785 [main] INFO  hdfs.DFSUtil (DFSUtil.java:httpServerTemplateForNNAndJN(1641)) - Starting Web-server for hddsDatanode at: http://0.0.0.0:0
2019-09-20 04:48:56,788 [main] INFO  server.AuthenticationFilter (AuthenticationFilter.java:constructSecretProvider(240)) - Unable to initialize FileSignerSecretProvider, falling back to use random secrets.
2019-09-20 04:48:56,789 [main] WARN  http.HttpRequestLog (HttpRequestLog.java:getRequestLog(97)) - Jetty request log can only be enabled using Log4j
2019-09-20 04:48:56,791 [main] INFO  http.HttpServer2 (HttpServer2.java:addGlobalFilter(975)) - Added global filter 'safety' (class=org.apache.hadoop.http.HttpServer2$QuotingInputFilter)
2019-09-20 04:48:56,792 [main] INFO  http.HttpServer2 (HttpServer2.java:addFilter(948)) - Added filter static_user_filter (class=org.apache.hadoop.http.lib.StaticUserWebFilter$StaticUserFilter) to context hddsDatanode
2019-09-20 04:48:56,792 [main] INFO  http.HttpServer2 (HttpServer2.java:addFilter(958)) - Added filter static_user_filter (class=org.apache.hadoop.http.lib.StaticUserWebFilter$StaticUserFilter) to context logs
2019-09-20 04:48:56,792 [main] INFO  http.HttpServer2 (HttpServer2.java:addFilter(958)) - Added filter static_user_filter (class=org.apache.hadoop.http.lib.StaticUserWebFilter$StaticUserFilter) to context static
2019-09-20 04:48:56,793 [main] INFO  http.HttpServer2 (HttpServer2.java:bindListener(1191)) - Jetty bound to port 43618
2019-09-20 04:48:56,793 [main] INFO  server.Server (Server.java:doStart(351)) - jetty-9.3.24.v20180605, build timestamp: 2018-06-05T17:11:56Z, git hash: 84205aa28f11a4f31f2a3b86d1bba2cc8ab69827
2019-09-20 04:48:56,796 [main] INFO  handler.ContextHandler (ContextHandler.java:doStart(781)) - Started o.e.j.s.ServletContextHandler@690ed13a{/logs,file:///workdir/hadoop-ozone/integration-test/target/log,AVAILABLE}
2019-09-20 04:48:56,796 [main] INFO  handler.ContextHandler (ContextHandler.java:doStart(781)) - Started o.e.j.s.ServletContextHandler@2c7375da{/static,jar:file:/home/user/.m2/repository/org/apache/hadoop/hadoop-hdds-container-service/0.5.0-SNAPSHOT/hadoop-hdds-container-service-0.5.0-SNAPSHOT.jar!/webapps/static,AVAILABLE}
2019-09-20 04:48:56,837 [main] INFO  handler.ContextHandler (ContextHandler.java:doStart(781)) - Started o.e.j.w.WebAppContext@45dc7be{/,file:///tmp/jetty-0.0.0.0-43618-hddsDatanode-_-any-2398337716000355873.dir/webapp/,AVAILABLE}{/hddsDatanode}
2019-09-20 04:48:56,837 [main] INFO  server.AbstractConnector (AbstractConnector.java:doStart(278)) - Started ServerConnector@2d459bda{HTTP/1.1,[http/1.1]}{0.0.0.0:43618}
2019-09-20 04:48:56,840 [main] INFO  server.Server (Server.java:doStart(419)) - Started @18828ms
2019-09-20 04:48:56,841 [main] INFO  server.BaseHttpServer (BaseHttpServer.java:updateConnectorAddress(213)) - HTTP server of HDDSDATANODE is listening at http://0.0.0.0:43618
2019-09-20 04:48:56,903 | INFO  | SCMAudit | user=jenkins1000 | ip=192.168.36.79 | op=SEND_HEARTBEAT {datanodeUUID=ea71b9af-1075-4196-9693-aa14e10f536d, command=[]} | ret=SUCCESS |  
2019-09-20 04:48:56,977 | INFO  | ObjectStoreRestHttpServer | Listening HDDS REST traffic on /0.0.0.0:40850 |  
2019-09-20 04:48:56,977 [main] INFO  ozone.HddsDatanodeService (HddsDatanodeService.java:startPlugins(395)) - Started plug-in org.apache.hadoop.ozone.web.OzoneHddsDatanodeService@5b88af70
2019-09-20 04:48:56,978 [main] INFO  impl.MetricsSystemImpl (MetricsSystemImpl.java:init(158)) - HddsDatanode metrics system started (again)
2019-09-20 04:48:56,979 [org.apache.hadoop.util.JvmPauseMonitor$Monitor@34600a6c] INFO  util.JvmPauseMonitor (JvmPauseMonitor.java:run(188)) - Starting JVM pause monitor
2019-09-20 04:48:57,003 [Datanode State Machine Thread - 0] INFO  datanode.InitDatanodeState (InitDatanodeState.java:persistContainerDatanodeDetails(140)) - DatanodeDetails is persisted to /workdir/hadoop-ozone/integration-test/target/test-dir/MiniOzoneClusterImpl-cd85f641-6806-455e-b969-480e50aec385/datanode-4/meta/datanode.id
2019-09-20 04:48:57,003 [main] INFO  ozone.HddsDatanodeService (HddsDatanodeService.java:start(184)) - HddsDatanodeService host:pr-hdds-1569-s8kj2-2266485376 ip:192.168.36.79
2019-09-20 04:48:57,018 [main] INFO  volume.HddsVolume (HddsVolume.java:<init>(176)) - Creating Volume: /workdir/hadoop-ozone/integration-test/target/test-dir/MiniOzoneClusterImpl-cd85f641-6806-455e-b969-480e50aec385/datanode-5/data/containers/hdds of  storage type : DISK and capacity : 1482555576320
2019-09-20 04:48:57,018 [main] INFO  volume.VolumeSet (VolumeSet.java:initializeVolumeSet(170)) - Added Volume : /workdir/hadoop-ozone/integration-test/target/test-dir/MiniOzoneClusterImpl-cd85f641-6806-455e-b969-480e50aec385/datanode-5/data/containers/hdds to VolumeSet
2019-09-20 04:48:57,018 [main] INFO  volume.ThrottledAsyncChecker (ThrottledAsyncChecker.java:schedule(140)) - Scheduling a check for org.apache.hadoop.ozone.container.common.volume.HddsVolume@377e90b0
2019-09-20 04:48:57,019 [main] INFO  volume.HddsVolumeChecker (HddsVolumeChecker.java:checkAllVolumes(203)) - Scheduled health check for volume org.apache.hadoop.ozone.container.common.volume.HddsVolume@377e90b0
2019-09-20 04:48:57,038 [main] INFO  impl.RaftServerProxy (ConfUtils.java:logGet(43)) - raft.rpc.type = GRPC (default)
2019-09-20 04:48:57,038 [main] INFO  grpc.GrpcFactory (GrpcFactory.java:checkPooledByteBufAllocatorUseCacheForAllThreads(45)) - PERFORMANCE WARNING: useCacheForAllThreads is true that may cause Netty to create a lot garbage objects and, as a result, trigger GC.
	It is recommended to disable useCacheForAllThreads by setting -Dorg.apache.ratis.thirdparty.io.netty.allocator.useCacheForAllThreads=false in command line.
2019-09-20 04:48:57,039 [main] INFO  grpc.GrpcConfigKeys$Server (ConfUtils.java:logGet(43)) - raft.grpc.server.port = 0 (default)
2019-09-20 04:48:57,039 [main] INFO  server.GrpcService (ConfUtils.java:logGet(43)) - raft.grpc.message.size.max = 33570816 (custom)
2019-09-20 04:48:57,039 [main] INFO  server.RaftServerConfigKeys (ConfUtils.java:logGet(43)) - raft.server.log.appender.buffer.byte-limit = 33554432 (custom)
2019-09-20 04:48:57,039 [main] INFO  server.GrpcService (ConfUtils.java:logGet(43)) - raft.grpc.flow.control.window = 1MB (=1048576) (default)
2019-09-20 04:48:57,040 [main] INFO  server.RaftServerConfigKeys (ConfUtils.java:logGet(43)) - raft.server.rpc.request.timeout = 3000ms (default)
2019-09-20 04:48:57,041 [main] INFO  server.RaftServerConfigKeys (ConfUtils.java:logGet(43)) - raft.server.storage.dir = [/workdir/hadoop-ozone/integration-test/target/test-dir/MiniOzoneClusterImpl-cd85f641-6806-455e-b969-480e50aec385/datanode-5/data/ratis] (custom)
2019-09-20 04:48:57,041 [main] INFO  replication.SimpleContainerDownloader (SimpleContainerDownloader.java:<init>(72)) - Starting container downloader service to copy containers to replicate.
2019-09-20 04:48:57,043 [main] INFO  hdfs.DFSUtil (DFSUtil.java:httpServerTemplateForNNAndJN(1641)) - Starting Web-server for hddsDatanode at: http://0.0.0.0:0
2019-09-20 04:48:57,045 [main] INFO  server.AuthenticationFilter (AuthenticationFilter.java:constructSecretProvider(240)) - Unable to initialize FileSignerSecretProvider, falling back to use random secrets.
2019-09-20 04:48:57,045 [main] WARN  http.HttpRequestLog (HttpRequestLog.java:getRequestLog(97)) - Jetty request log can only be enabled using Log4j
2019-09-20 04:48:57,047 [main] INFO  http.HttpServer2 (HttpServer2.java:addGlobalFilter(975)) - Added global filter 'safety' (class=org.apache.hadoop.http.HttpServer2$QuotingInputFilter)
2019-09-20 04:48:57,048 [main] INFO  http.HttpServer2 (HttpServer2.java:addFilter(948)) - Added filter static_user_filter (class=org.apache.hadoop.http.lib.StaticUserWebFilter$StaticUserFilter) to context hddsDatanode
2019-09-20 04:48:57,048 [main] INFO  http.HttpServer2 (HttpServer2.java:addFilter(958)) - Added filter static_user_filter (class=org.apache.hadoop.http.lib.StaticUserWebFilter$StaticUserFilter) to context static
2019-09-20 04:48:57,048 [main] INFO  http.HttpServer2 (HttpServer2.java:addFilter(958)) - Added filter static_user_filter (class=org.apache.hadoop.http.lib.StaticUserWebFilter$StaticUserFilter) to context logs
2019-09-20 04:48:57,049 [main] INFO  http.HttpServer2 (HttpServer2.java:bindListener(1191)) - Jetty bound to port 44630
2019-09-20 04:48:57,050 [main] INFO  server.Server (Server.java:doStart(351)) - jetty-9.3.24.v20180605, build timestamp: 2018-06-05T17:11:56Z, git hash: 84205aa28f11a4f31f2a3b86d1bba2cc8ab69827
2019-09-20 04:48:57,052 [main] INFO  handler.ContextHandler (ContextHandler.java:doStart(781)) - Started o.e.j.s.ServletContextHandler@8b1202a{/logs,file:///workdir/hadoop-ozone/integration-test/target/log,AVAILABLE}
2019-09-20 04:48:57,052 [main] INFO  handler.ContextHandler (ContextHandler.java:doStart(781)) - Started o.e.j.s.ServletContextHandler@57839834{/static,jar:file:/home/user/.m2/repository/org/apache/hadoop/hadoop-hdds-container-service/0.5.0-SNAPSHOT/hadoop-hdds-container-service-0.5.0-SNAPSHOT.jar!/webapps/static,AVAILABLE}
2019-09-20 04:48:57,066 | INFO  | SCMAudit | user=jenkins1000 | ip=192.168.36.79 | op=SEND_HEARTBEAT {datanodeUUID=eaf3ecbe-c3b1-4969-ad3a-e4de7fb04f81, command=[]} | ret=SUCCESS |  
2019-09-20 04:48:57,082 [main] INFO  handler.ContextHandler (ContextHandler.java:doStart(781)) - Started o.e.j.w.WebAppContext@413eaf5d{/,file:///tmp/jetty-0.0.0.0-44630-hddsDatanode-_-any-3503640669627123413.dir/webapp/,AVAILABLE}{/hddsDatanode}
2019-09-20 04:48:57,083 [main] INFO  server.AbstractConnector (AbstractConnector.java:doStart(278)) - Started ServerConnector@3e28af44{HTTP/1.1,[http/1.1]}{0.0.0.0:44630}
2019-09-20 04:48:57,086 [main] INFO  server.Server (Server.java:doStart(419)) - Started @19074ms
2019-09-20 04:48:57,087 [main] INFO  server.BaseHttpServer (BaseHttpServer.java:updateConnectorAddress(213)) - HTTP server of HDDSDATANODE is listening at http://0.0.0.0:44630
2019-09-20 04:48:57,154 | INFO  | SCMAudit | user=jenkins1000 | ip=192.168.36.79 | op=SEND_HEARTBEAT {datanodeUUID=42fc6e92-fcdd-4827-b621-9fc58a3d2315, command=[]} | ret=SUCCESS |  
2019-09-20 04:48:57,226 | INFO  | ObjectStoreRestHttpServer | Listening HDDS REST traffic on /0.0.0.0:35518 |  
2019-09-20 04:48:57,226 [main] INFO  ozone.HddsDatanodeService (HddsDatanodeService.java:startPlugins(395)) - Started plug-in org.apache.hadoop.ozone.web.OzoneHddsDatanodeService@41f90b10
2019-09-20 04:48:57,226 [main] INFO  impl.MetricsSystemImpl (MetricsSystemImpl.java:init(158)) - HddsDatanode metrics system started (again)
2019-09-20 04:48:57,249 [org.apache.hadoop.util.JvmPauseMonitor$Monitor@16ab0f08] INFO  util.JvmPauseMonitor (JvmPauseMonitor.java:run(188)) - Starting JVM pause monitor
2019-09-20 04:48:57,251 [main] INFO  ozone.HddsDatanodeService (HddsDatanodeService.java:start(184)) - HddsDatanodeService host:pr-hdds-1569-s8kj2-2266485376 ip:192.168.36.79
2019-09-20 04:48:57,251 [Datanode State Machine Thread - 0] INFO  datanode.InitDatanodeState (InitDatanodeState.java:persistContainerDatanodeDetails(140)) - DatanodeDetails is persisted to /workdir/hadoop-ozone/integration-test/target/test-dir/MiniOzoneClusterImpl-cd85f641-6806-455e-b969-480e50aec385/datanode-5/meta/datanode.id
2019-09-20 04:48:57,262 [main] INFO  volume.HddsVolume (HddsVolume.java:<init>(176)) - Creating Volume: /workdir/hadoop-ozone/integration-test/target/test-dir/MiniOzoneClusterImpl-cd85f641-6806-455e-b969-480e50aec385/datanode-6/data/containers/hdds of  storage type : DISK and capacity : 1482555576320
2019-09-20 04:48:57,262 [main] INFO  volume.VolumeSet (VolumeSet.java:initializeVolumeSet(170)) - Added Volume : /workdir/hadoop-ozone/integration-test/target/test-dir/MiniOzoneClusterImpl-cd85f641-6806-455e-b969-480e50aec385/datanode-6/data/containers/hdds to VolumeSet
2019-09-20 04:48:57,262 [main] INFO  volume.ThrottledAsyncChecker (ThrottledAsyncChecker.java:schedule(140)) - Scheduling a check for org.apache.hadoop.ozone.container.common.volume.HddsVolume@45790cb
2019-09-20 04:48:57,263 [main] INFO  volume.HddsVolumeChecker (HddsVolumeChecker.java:checkAllVolumes(203)) - Scheduled health check for volume org.apache.hadoop.ozone.container.common.volume.HddsVolume@45790cb
2019-09-20 04:48:57,267 | INFO  | SCMAudit | user=jenkins1000 | ip=192.168.36.79 | op=SEND_HEARTBEAT {datanodeUUID=8d97392c-5f4b-400a-94a1-fb61a3ebbc99, command=[]} | ret=SUCCESS |  
2019-09-20 04:48:57,280 [main] INFO  impl.RaftServerProxy (ConfUtils.java:logGet(43)) - raft.rpc.type = GRPC (default)
2019-09-20 04:48:57,280 [main] INFO  grpc.GrpcFactory (GrpcFactory.java:checkPooledByteBufAllocatorUseCacheForAllThreads(45)) - PERFORMANCE WARNING: useCacheForAllThreads is true that may cause Netty to create a lot garbage objects and, as a result, trigger GC.
	It is recommended to disable useCacheForAllThreads by setting -Dorg.apache.ratis.thirdparty.io.netty.allocator.useCacheForAllThreads=false in command line.
2019-09-20 04:48:57,280 [main] INFO  grpc.GrpcConfigKeys$Server (ConfUtils.java:logGet(43)) - raft.grpc.server.port = 0 (default)
2019-09-20 04:48:57,280 [main] INFO  server.GrpcService (ConfUtils.java:logGet(43)) - raft.grpc.message.size.max = 33570816 (custom)
2019-09-20 04:48:57,281 [main] INFO  server.RaftServerConfigKeys (ConfUtils.java:logGet(43)) - raft.server.log.appender.buffer.byte-limit = 33554432 (custom)
2019-09-20 04:48:57,281 [main] INFO  server.GrpcService (ConfUtils.java:logGet(43)) - raft.grpc.flow.control.window = 1MB (=1048576) (default)
2019-09-20 04:48:57,281 [main] INFO  server.RaftServerConfigKeys (ConfUtils.java:logGet(43)) - raft.server.rpc.request.timeout = 3000ms (default)
2019-09-20 04:48:57,281 [main] INFO  server.RaftServerConfigKeys (ConfUtils.java:logGet(43)) - raft.server.storage.dir = [/workdir/hadoop-ozone/integration-test/target/test-dir/MiniOzoneClusterImpl-cd85f641-6806-455e-b969-480e50aec385/datanode-6/data/ratis] (custom)
2019-09-20 04:48:57,282 [main] INFO  replication.SimpleContainerDownloader (SimpleContainerDownloader.java:<init>(72)) - Starting container downloader service to copy containers to replicate.
2019-09-20 04:48:57,283 [main] INFO  hdfs.DFSUtil (DFSUtil.java:httpServerTemplateForNNAndJN(1641)) - Starting Web-server for hddsDatanode at: http://0.0.0.0:0
2019-09-20 04:48:57,284 [main] INFO  server.AuthenticationFilter (AuthenticationFilter.java:constructSecretProvider(240)) - Unable to initialize FileSignerSecretProvider, falling back to use random secrets.
2019-09-20 04:48:57,285 [main] WARN  http.HttpRequestLog (HttpRequestLog.java:getRequestLog(97)) - Jetty request log can only be enabled using Log4j
2019-09-20 04:48:57,286 [main] INFO  http.HttpServer2 (HttpServer2.java:addGlobalFilter(975)) - Added global filter 'safety' (class=org.apache.hadoop.http.HttpServer2$QuotingInputFilter)
2019-09-20 04:48:57,286 [main] INFO  http.HttpServer2 (HttpServer2.java:addFilter(948)) - Added filter static_user_filter (class=org.apache.hadoop.http.lib.StaticUserWebFilter$StaticUserFilter) to context hddsDatanode
2019-09-20 04:48:57,287 [main] INFO  http.HttpServer2 (HttpServer2.java:addFilter(958)) - Added filter static_user_filter (class=org.apache.hadoop.http.lib.StaticUserWebFilter$StaticUserFilter) to context logs
2019-09-20 04:48:57,287 [main] INFO  http.HttpServer2 (HttpServer2.java:addFilter(958)) - Added filter static_user_filter (class=org.apache.hadoop.http.lib.StaticUserWebFilter$StaticUserFilter) to context static
2019-09-20 04:48:57,287 [main] INFO  http.HttpServer2 (HttpServer2.java:bindListener(1191)) - Jetty bound to port 43121
2019-09-20 04:48:57,288 [main] INFO  server.Server (Server.java:doStart(351)) - jetty-9.3.24.v20180605, build timestamp: 2018-06-05T17:11:56Z, git hash: 84205aa28f11a4f31f2a3b86d1bba2cc8ab69827
2019-09-20 04:48:57,289 [main] INFO  handler.ContextHandler (ContextHandler.java:doStart(781)) - Started o.e.j.s.ServletContextHandler@7109b603{/logs,file:///workdir/hadoop-ozone/integration-test/target/log,AVAILABLE}
2019-09-20 04:48:57,289 [main] INFO  handler.ContextHandler (ContextHandler.java:doStart(781)) - Started o.e.j.s.ServletContextHandler@29b5e7db{/static,jar:file:/home/user/.m2/repository/org/apache/hadoop/hadoop-hdds-container-service/0.5.0-SNAPSHOT/hadoop-hdds-container-service-0.5.0-SNAPSHOT.jar!/webapps/static,AVAILABLE}
2019-09-20 04:48:57,317 [main] INFO  handler.ContextHandler (ContextHandler.java:doStart(781)) - Started o.e.j.w.WebAppContext@26712838{/,file:///tmp/jetty-0.0.0.0-43121-hddsDatanode-_-any-5194985788309166777.dir/webapp/,AVAILABLE}{/hddsDatanode}
2019-09-20 04:48:57,317 [main] INFO  server.AbstractConnector (AbstractConnector.java:doStart(278)) - Started ServerConnector@249a45fd{HTTP/1.1,[http/1.1]}{0.0.0.0:43121}
2019-09-20 04:48:57,322 [main] INFO  server.Server (Server.java:doStart(419)) - Started @19310ms
2019-09-20 04:48:57,322 [main] INFO  server.BaseHttpServer (BaseHttpServer.java:updateConnectorAddress(213)) - HTTP server of HDDSDATANODE is listening at http://0.0.0.0:43121
2019-09-20 04:48:57,445 | INFO  | ObjectStoreRestHttpServer | Listening HDDS REST traffic on /0.0.0.0:37362 |  
2019-09-20 04:48:57,445 [main] INFO  ozone.HddsDatanodeService (HddsDatanodeService.java:startPlugins(395)) - Started plug-in org.apache.hadoop.ozone.web.OzoneHddsDatanodeService@50d666a2
2019-09-20 04:48:57,445 [main] INFO  ozone.MiniOzoneClusterImpl (MiniOzoneClusterImpl.java:lambda$waitForClusterToBeReady$0(142)) - Waiting for cluster to be ready. Got 0 of 7 DN Heartbeats.
2019-09-20 04:48:57,446 [org.apache.hadoop.util.JvmPauseMonitor$Monitor@5e8a41d1] INFO  util.JvmPauseMonitor (JvmPauseMonitor.java:run(188)) - Starting JVM pause monitor
2019-09-20 04:48:57,448 [Datanode State Machine Thread - 0] INFO  datanode.InitDatanodeState (InitDatanodeState.java:persistContainerDatanodeDetails(140)) - DatanodeDetails is persisted to /workdir/hadoop-ozone/integration-test/target/test-dir/MiniOzoneClusterImpl-cd85f641-6806-455e-b969-480e50aec385/datanode-6/meta/datanode.id
2019-09-20 04:48:57,658 | INFO  | SCMAudit | user=jenkins1000 | ip=192.168.36.79 | op=SEND_HEARTBEAT {datanodeUUID=2d6465ef-cffa-473a-a4c6-a9aa3f1a26c0, command=[]} | ret=SUCCESS |  
2019-09-20 04:48:57,659 | INFO  | SCMAudit | user=jenkins1000 | ip=192.168.36.79 | op=SEND_HEARTBEAT {datanodeUUID=2702b462-69d8-4c1b-aae1-091a21fe08b8, command=[]} | ret=SUCCESS |  
2019-09-20 04:48:57,766 | INFO  | SCMAudit | user=jenkins1000 | ip=192.168.36.79 | op=SEND_HEARTBEAT {datanodeUUID=1d91ad97-6666-4ee7-855a-8b5e944e7401, command=[]} | ret=SUCCESS |  
2019-09-20 04:48:57,902 | INFO  | SCMAudit | user=jenkins1000 | ip=192.168.36.79 | op=SEND_HEARTBEAT {datanodeUUID=ea71b9af-1075-4196-9693-aa14e10f536d, command=[]} | ret=SUCCESS |  
2019-09-20 04:48:58,002 | INFO  | SCMAudit | user=jenkins1000 | ip=192.168.36.79 | op=GET_VERSION null | ret=SUCCESS |  
2019-09-20 04:48:58,026 [Datanode State Machine Thread - 0] INFO  ozoneimpl.OzoneContainer (OzoneContainer.java:start(186)) - Attempting to start container services.
2019-09-20 04:48:58,027 [Datanode State Machine Thread - 0] INFO  ozoneimpl.OzoneContainer (OzoneContainer.java:startContainerScrub(160)) - Background container scrubber has been disabled by hdds.containerscrub.enabled
2019-09-20 04:48:58,027 [Datanode State Machine Thread - 0] INFO  ratis.XceiverServerRatis (XceiverServerRatis.java:start(404)) - Starting XceiverServerRatis 236eed40-dd97-4fdc-a0ae-ab99685a426b at port 0
2019-09-20 04:48:58,034 [Datanode State Machine Thread - 0] INFO  impl.RaftServerProxy (RaftServerProxy.java:lambda$start$3(299)) - 236eed40-dd97-4fdc-a0ae-ab99685a426b: start RPC server
2019-09-20 04:48:58,035 [Datanode State Machine Thread - 0] INFO  server.GrpcService (GrpcService.java:startImpl(149)) - 236eed40-dd97-4fdc-a0ae-ab99685a426b: GrpcService started, listening on 0.0.0.0/0.0.0.0:38705
2019-09-20 04:48:58,035 [Datanode State Machine Thread - 0] INFO  ratis.XceiverServerRatis (XceiverServerRatis.java:start(414)) - XceiverServerRatis 236eed40-dd97-4fdc-a0ae-ab99685a426b is started using port 38705
2019-09-20 04:48:58,036 [Datanode State Machine Thread - 0] INFO  server.XceiverServerGrpc (XceiverServerGrpc.java:start(163)) - XceiverServerGrpc 236eed40-dd97-4fdc-a0ae-ab99685a426b is started using port 37583
2019-09-20 04:48:58,066 | INFO  | SCMAudit | user=jenkins1000 | ip=192.168.36.79 | op=SEND_HEARTBEAT {datanodeUUID=eaf3ecbe-c3b1-4969-ad3a-e4de7fb04f81, command=[]} | ret=SUCCESS |  
2019-09-20 04:48:58,155 | INFO  | SCMAudit | user=jenkins1000 | ip=192.168.36.79 | op=SEND_HEARTBEAT {datanodeUUID=42fc6e92-fcdd-4827-b621-9fc58a3d2315, command=[]} | ret=SUCCESS |  
2019-09-20 04:48:58,242 | INFO  | SCMAudit | user=jenkins1000 | ip=192.168.36.79 | op=GET_VERSION null | ret=SUCCESS |  
2019-09-20 04:48:58,265 [Datanode State Machine Thread - 0] INFO  ozoneimpl.OzoneContainer (OzoneContainer.java:start(186)) - Attempting to start container services.
2019-09-20 04:48:58,266 [Datanode State Machine Thread - 0] INFO  ozoneimpl.OzoneContainer (OzoneContainer.java:startContainerScrub(160)) - Background container scrubber has been disabled by hdds.containerscrub.enabled
2019-09-20 04:48:58,266 [Datanode State Machine Thread - 0] INFO  ratis.XceiverServerRatis (XceiverServerRatis.java:start(404)) - Starting XceiverServerRatis ba95d636-ac34-4b74-a102-dec8d0f377c6 at port 0
2019-09-20 04:48:58,267 | INFO  | SCMAudit | user=jenkins1000 | ip=192.168.36.79 | op=SEND_HEARTBEAT {datanodeUUID=8d97392c-5f4b-400a-94a1-fb61a3ebbc99, command=[]} | ret=SUCCESS |  
2019-09-20 04:48:58,273 [Datanode State Machine Thread - 0] INFO  impl.RaftServerProxy (RaftServerProxy.java:lambda$start$3(299)) - ba95d636-ac34-4b74-a102-dec8d0f377c6: start RPC server
2019-09-20 04:48:58,274 [Datanode State Machine Thread - 0] INFO  server.GrpcService (GrpcService.java:startImpl(149)) - ba95d636-ac34-4b74-a102-dec8d0f377c6: GrpcService started, listening on 0.0.0.0/0.0.0.0:41662
2019-09-20 04:48:58,274 [Datanode State Machine Thread - 0] INFO  ratis.XceiverServerRatis (XceiverServerRatis.java:start(414)) - XceiverServerRatis ba95d636-ac34-4b74-a102-dec8d0f377c6 is started using port 41662
2019-09-20 04:48:58,275 [Datanode State Machine Thread - 0] INFO  server.XceiverServerGrpc (XceiverServerGrpc.java:start(163)) - XceiverServerGrpc ba95d636-ac34-4b74-a102-dec8d0f377c6 is started using port 37266
2019-09-20 04:48:58,445 [main] INFO  ozone.MiniOzoneClusterImpl (MiniOzoneClusterImpl.java:lambda$waitForClusterToBeReady$0(142)) - Waiting for cluster to be ready. Got 0 of 7 DN Heartbeats.
2019-09-20 04:48:58,482 | INFO  | SCMAudit | user=jenkins1000 | ip=192.168.36.79 | op=GET_VERSION null | ret=SUCCESS |  
2019-09-20 04:48:58,516 [Datanode State Machine Thread - 0] INFO  ozoneimpl.OzoneContainer (OzoneContainer.java:start(186)) - Attempting to start container services.
2019-09-20 04:48:58,516 [Datanode State Machine Thread - 0] INFO  ozoneimpl.OzoneContainer (OzoneContainer.java:startContainerScrub(160)) - Background container scrubber has been disabled by hdds.containerscrub.enabled
2019-09-20 04:48:58,516 [Datanode State Machine Thread - 0] INFO  ratis.XceiverServerRatis (XceiverServerRatis.java:start(404)) - Starting XceiverServerRatis c4f6294c-eda3-4afd-81f7-e69ed14da69f at port 0
2019-09-20 04:48:58,528 [Datanode State Machine Thread - 0] INFO  impl.RaftServerProxy (RaftServerProxy.java:lambda$start$3(299)) - c4f6294c-eda3-4afd-81f7-e69ed14da69f: start RPC server
2019-09-20 04:48:58,529 [Datanode State Machine Thread - 0] INFO  server.GrpcService (GrpcService.java:startImpl(149)) - c4f6294c-eda3-4afd-81f7-e69ed14da69f: GrpcService started, listening on 0.0.0.0/0.0.0.0:34480
2019-09-20 04:48:58,529 [Datanode State Machine Thread - 0] INFO  ratis.XceiverServerRatis (XceiverServerRatis.java:start(414)) - XceiverServerRatis c4f6294c-eda3-4afd-81f7-e69ed14da69f is started using port 34480
2019-09-20 04:48:58,560 [Datanode State Machine Thread - 0] INFO  server.XceiverServerGrpc (XceiverServerGrpc.java:start(163)) - XceiverServerGrpc c4f6294c-eda3-4afd-81f7-e69ed14da69f is started using port 46154
2019-09-20 04:48:58,658 | INFO  | SCMAudit | user=jenkins1000 | ip=192.168.36.79 | op=SEND_HEARTBEAT {datanodeUUID=2d6465ef-cffa-473a-a4c6-a9aa3f1a26c0, command=[]} | ret=SUCCESS |  
2019-09-20 04:48:58,659 | INFO  | SCMAudit | user=jenkins1000 | ip=192.168.36.79 | op=SEND_HEARTBEAT {datanodeUUID=2702b462-69d8-4c1b-aae1-091a21fe08b8, command=[]} | ret=SUCCESS |  
2019-09-20 04:48:58,738 | INFO  | SCMAudit | user=jenkins1000 | ip=192.168.36.79 | op=GET_VERSION null | ret=SUCCESS |  
2019-09-20 04:48:58,758 [Datanode State Machine Thread - 0] INFO  ozoneimpl.OzoneContainer (OzoneContainer.java:start(186)) - Attempting to start container services.
2019-09-20 04:48:58,758 [Datanode State Machine Thread - 0] INFO  ozoneimpl.OzoneContainer (OzoneContainer.java:startContainerScrub(160)) - Background container scrubber has been disabled by hdds.containerscrub.enabled
2019-09-20 04:48:58,758 [Datanode State Machine Thread - 0] INFO  ratis.XceiverServerRatis (XceiverServerRatis.java:start(404)) - Starting XceiverServerRatis fdbc37f2-9e58-4bac-a5d5-a78839d012e9 at port 0
2019-09-20 04:48:58,764 [Datanode State Machine Thread - 0] INFO  impl.RaftServerProxy (RaftServerProxy.java:lambda$start$3(299)) - fdbc37f2-9e58-4bac-a5d5-a78839d012e9: start RPC server
2019-09-20 04:48:58,765 [Datanode State Machine Thread - 0] INFO  server.GrpcService (GrpcService.java:startImpl(149)) - fdbc37f2-9e58-4bac-a5d5-a78839d012e9: GrpcService started, listening on 0.0.0.0/0.0.0.0:32937
2019-09-20 04:48:58,765 [Datanode State Machine Thread - 0] INFO  ratis.XceiverServerRatis (XceiverServerRatis.java:start(414)) - XceiverServerRatis fdbc37f2-9e58-4bac-a5d5-a78839d012e9 is started using port 32937
2019-09-20 04:48:58,765 [Datanode State Machine Thread - 0] INFO  server.XceiverServerGrpc (XceiverServerGrpc.java:start(163)) - XceiverServerGrpc fdbc37f2-9e58-4bac-a5d5-a78839d012e9 is started using port 40615
2019-09-20 04:48:58,765 | INFO  | SCMAudit | user=jenkins1000 | ip=192.168.36.79 | op=SEND_HEARTBEAT {datanodeUUID=1d91ad97-6666-4ee7-855a-8b5e944e7401, command=[]} | ret=SUCCESS |  
2019-09-20 04:48:58,902 | INFO  | SCMAudit | user=jenkins1000 | ip=192.168.36.79 | op=SEND_HEARTBEAT {datanodeUUID=ea71b9af-1075-4196-9693-aa14e10f536d, command=[]} | ret=SUCCESS |  
2019-09-20 04:48:58,979 | INFO  | SCMAudit | user=jenkins1000 | ip=192.168.36.79 | op=GET_VERSION null | ret=SUCCESS |  
2019-09-20 04:48:59,000 [Datanode State Machine Thread - 0] INFO  ozoneimpl.OzoneContainer (OzoneContainer.java:start(186)) - Attempting to start container services.
2019-09-20 04:48:59,000 [Datanode State Machine Thread - 0] INFO  ozoneimpl.OzoneContainer (OzoneContainer.java:startContainerScrub(160)) - Background container scrubber has been disabled by hdds.containerscrub.enabled
2019-09-20 04:48:59,001 [Datanode State Machine Thread - 0] INFO  ratis.XceiverServerRatis (XceiverServerRatis.java:start(404)) - Starting XceiverServerRatis 3c2a6bfe-f5c5-4e23-89b0-850dab17697d at port 0
2019-09-20 04:48:59,007 [Datanode State Machine Thread - 0] INFO  impl.RaftServerProxy (RaftServerProxy.java:lambda$start$3(299)) - 3c2a6bfe-f5c5-4e23-89b0-850dab17697d: start RPC server
2019-09-20 04:48:59,008 [Datanode State Machine Thread - 0] INFO  server.GrpcService (GrpcService.java:startImpl(149)) - 3c2a6bfe-f5c5-4e23-89b0-850dab17697d: GrpcService started, listening on 0.0.0.0/0.0.0.0:38430
2019-09-20 04:48:59,008 [Datanode State Machine Thread - 0] INFO  ratis.XceiverServerRatis (XceiverServerRatis.java:start(414)) - XceiverServerRatis 3c2a6bfe-f5c5-4e23-89b0-850dab17697d is started using port 38430
2019-09-20 04:48:59,013 [Datanode State Machine Thread - 0] INFO  server.XceiverServerGrpc (XceiverServerGrpc.java:start(163)) - XceiverServerGrpc 3c2a6bfe-f5c5-4e23-89b0-850dab17697d is started using port 46217
2019-09-20 04:48:59,066 | INFO  | SCMAudit | user=jenkins1000 | ip=192.168.36.79 | op=SEND_HEARTBEAT {datanodeUUID=eaf3ecbe-c3b1-4969-ad3a-e4de7fb04f81, command=[]} | ret=SUCCESS |  
2019-09-20 04:48:59,154 | INFO  | SCMAudit | user=jenkins1000 | ip=192.168.36.79 | op=SEND_HEARTBEAT {datanodeUUID=42fc6e92-fcdd-4827-b621-9fc58a3d2315, command=[]} | ret=SUCCESS |  
2019-09-20 04:48:59,250 | INFO  | SCMAudit | user=jenkins1000 | ip=192.168.36.79 | op=GET_VERSION null | ret=SUCCESS |  
2019-09-20 04:48:59,268 | INFO  | SCMAudit | user=jenkins1000 | ip=192.168.36.79 | op=SEND_HEARTBEAT {datanodeUUID=8d97392c-5f4b-400a-94a1-fb61a3ebbc99, command=[]} | ret=SUCCESS |  
2019-09-20 04:48:59,281 [Datanode State Machine Thread - 0] INFO  ozoneimpl.OzoneContainer (OzoneContainer.java:start(186)) - Attempting to start container services.
2019-09-20 04:48:59,281 [Datanode State Machine Thread - 0] INFO  ozoneimpl.OzoneContainer (OzoneContainer.java:startContainerScrub(160)) - Background container scrubber has been disabled by hdds.containerscrub.enabled
2019-09-20 04:48:59,281 [Datanode State Machine Thread - 0] INFO  ratis.XceiverServerRatis (XceiverServerRatis.java:start(404)) - Starting XceiverServerRatis bd1a845e-f2ed-4713-9516-9ccc20139040 at port 0
2019-09-20 04:48:59,286 [Datanode State Machine Thread - 0] INFO  impl.RaftServerProxy (RaftServerProxy.java:lambda$start$3(299)) - bd1a845e-f2ed-4713-9516-9ccc20139040: start RPC server
2019-09-20 04:48:59,286 [Datanode State Machine Thread - 0] INFO  server.GrpcService (GrpcService.java:startImpl(149)) - bd1a845e-f2ed-4713-9516-9ccc20139040: GrpcService started, listening on 0.0.0.0/0.0.0.0:45373
2019-09-20 04:48:59,287 [Datanode State Machine Thread - 0] INFO  ratis.XceiverServerRatis (XceiverServerRatis.java:start(414)) - XceiverServerRatis bd1a845e-f2ed-4713-9516-9ccc20139040 is started using port 45373
2019-09-20 04:48:59,287 [Datanode State Machine Thread - 0] INFO  server.XceiverServerGrpc (XceiverServerGrpc.java:start(163)) - XceiverServerGrpc bd1a845e-f2ed-4713-9516-9ccc20139040 is started using port 38190
2019-09-20 04:48:59,446 [main] INFO  ozone.MiniOzoneClusterImpl (MiniOzoneClusterImpl.java:lambda$waitForClusterToBeReady$0(142)) - Waiting for cluster to be ready. Got 0 of 7 DN Heartbeats.
2019-09-20 04:48:59,447 | INFO  | SCMAudit | user=jenkins1000 | ip=192.168.36.79 | op=GET_VERSION null | ret=SUCCESS |  
2019-09-20 04:48:59,462 [Datanode State Machine Thread - 0] INFO  ozoneimpl.OzoneContainer (OzoneContainer.java:start(186)) - Attempting to start container services.
2019-09-20 04:48:59,462 [Datanode State Machine Thread - 0] INFO  ozoneimpl.OzoneContainer (OzoneContainer.java:startContainerScrub(160)) - Background container scrubber has been disabled by hdds.containerscrub.enabled
2019-09-20 04:48:59,462 [Datanode State Machine Thread - 0] INFO  ratis.XceiverServerRatis (XceiverServerRatis.java:start(404)) - Starting XceiverServerRatis dba845b8-ea76-4e09-ab03-0883d354e493 at port 0
2019-09-20 04:48:59,467 [Datanode State Machine Thread - 0] INFO  impl.RaftServerProxy (RaftServerProxy.java:lambda$start$3(299)) - dba845b8-ea76-4e09-ab03-0883d354e493: start RPC server
2019-09-20 04:48:59,467 [Datanode State Machine Thread - 0] INFO  server.GrpcService (GrpcService.java:startImpl(149)) - dba845b8-ea76-4e09-ab03-0883d354e493: GrpcService started, listening on 0.0.0.0/0.0.0.0:39392
2019-09-20 04:48:59,467 [Datanode State Machine Thread - 0] INFO  ratis.XceiverServerRatis (XceiverServerRatis.java:start(414)) - XceiverServerRatis dba845b8-ea76-4e09-ab03-0883d354e493 is started using port 39392
2019-09-20 04:48:59,468 [Datanode State Machine Thread - 0] INFO  server.XceiverServerGrpc (XceiverServerGrpc.java:start(163)) - XceiverServerGrpc dba845b8-ea76-4e09-ab03-0883d354e493 is started using port 43748
2019-09-20 04:48:59,658 | INFO  | SCMAudit | user=jenkins1000 | ip=192.168.36.79 | op=SEND_HEARTBEAT {datanodeUUID=2d6465ef-cffa-473a-a4c6-a9aa3f1a26c0, command=[]} | ret=SUCCESS |  
2019-09-20 04:48:59,659 | INFO  | SCMAudit | user=jenkins1000 | ip=192.168.36.79 | op=SEND_HEARTBEAT {datanodeUUID=2702b462-69d8-4c1b-aae1-091a21fe08b8, command=[]} | ret=SUCCESS |  
2019-09-20 04:48:59,766 | INFO  | SCMAudit | user=jenkins1000 | ip=192.168.36.79 | op=SEND_HEARTBEAT {datanodeUUID=1d91ad97-6666-4ee7-855a-8b5e944e7401, command=[]} | ret=SUCCESS |  
2019-09-20 04:48:59,902 | INFO  | SCMAudit | user=jenkins1000 | ip=192.168.36.79 | op=SEND_HEARTBEAT {datanodeUUID=ea71b9af-1075-4196-9693-aa14e10f536d, command=[]} | ret=SUCCESS |  
2019-09-20 04:48:59,998 [IPC Server handler 1 on 40543] INFO  net.NetworkTopology (NetworkTopologyImpl.java:add(110)) - Added a new node: /default-rack/236eed40-dd97-4fdc-a0ae-ab99685a426b
2019-09-20 04:48:59,999 [IPC Server handler 1 on 40543] INFO  node.SCMNodeManager (SCMNodeManager.java:register(273)) - Registered Data node : 236eed40-dd97-4fdc-a0ae-ab99685a426b{ip: 192.168.36.79, host: pr-hdds-1569-s8kj2-2266485376, networkLocation: /default-rack, certSerialId: null}
2019-09-20 04:49:00,003 | INFO  | SCMAudit | user=jenkins1000 | ip=192.168.36.79 | op=REGISTER {datanodeDetails=236eed40-dd97-4fdc-a0ae-ab99685a426b{ip: 192.168.36.79, host: pr-hdds-1569-s8kj2-2266485376, networkLocation: /default-rack, certSerialId: null}} | ret=SUCCESS |  
2019-09-20 04:49:00,003 [EventQueue-NodeRegistrationContainerReportForDataNodeSafeModeRule] INFO  safemode.SCMSafeModeManager (DataNodeSafeModeRule.java:process(71)) - SCM in safe mode. 1 DataNodes registered, 1 required.
2019-09-20 04:49:00,007 [EventQueue-NodeRegistrationContainerReportForDataNodeSafeModeRule] INFO  safemode.SCMSafeModeManager (SCMSafeModeManager.java:validateSafeModeExitRules(177)) - ScmSafeModeManager, all rules are successfully validated
2019-09-20 04:49:00,007 [EventQueue-NodeRegistrationContainerReportForDataNodeSafeModeRule] INFO  safemode.SCMSafeModeManager (SCMSafeModeManager.java:exitSafeMode(193)) - SCM exiting safe mode.
2019-09-20 04:49:00,020 [grpc-default-executor-0] INFO  impl.RaftServerProxy (RaftServerProxy.java:addNew(89)) - 236eed40-dd97-4fdc-a0ae-ab99685a426b: addNew group-68E34F26C5F9:[236eed40-dd97-4fdc-a0ae-ab99685a426b:192.168.36.79:38705] returns group-68E34F26C5F9:java.util.concurrent.CompletableFuture@2a1de99b[Not completed]
2019-09-20 04:49:00,022 [pool-123-thread-1] INFO  impl.RaftServerImpl (RaftServerImpl.java:<init>(93)) - 236eed40-dd97-4fdc-a0ae-ab99685a426b: new RaftServerImpl for group-68E34F26C5F9:[236eed40-dd97-4fdc-a0ae-ab99685a426b:192.168.36.79:38705] with ContainerStateMachine:uninitialized
2019-09-20 04:49:00,022 [pool-123-thread-1] INFO  server.RaftServerConfigKeys (ConfUtils.java:logGet(43)) - raft.server.rpc.timeout.min = 5s (custom)
2019-09-20 04:49:00,022 [pool-123-thread-1] INFO  server.RaftServerConfigKeys (ConfUtils.java:logGet(43)) - raft.server.rpc.timeout.max = 5200ms (custom)
2019-09-20 04:49:00,022 [pool-123-thread-1] INFO  server.RaftServerConfigKeys (ConfUtils.java:logGet(43)) - raft.server.rpcslowness.timeout = 120s (custom)
2019-09-20 04:49:00,023 [pool-123-thread-1] INFO  server.RaftServerConfigKeys (ConfUtils.java:logGet(43)) - raft.server.sleep.deviation.threshold = 300 (default)
2019-09-20 04:49:00,023 [pool-123-thread-1] INFO  server.RaftServerConfigKeys (ConfUtils.java:logGet(43)) - raft.server.log.appender.install.snapshot.enabled = false (custom)
2019-09-20 04:49:00,023 [pool-123-thread-1] INFO  impl.RaftServerImpl (ServerState.java:<init>(105)) - 236eed40-dd97-4fdc-a0ae-ab99685a426b:group-68E34F26C5F9 ConfigurationManager, init=-1: [236eed40-dd97-4fdc-a0ae-ab99685a426b:192.168.36.79:38705], old=null, confs=<EMPTY_MAP>
2019-09-20 04:49:00,023 [pool-123-thread-1] INFO  server.RaftServerConfigKeys (ConfUtils.java:logGet(43)) - raft.server.storage.dir = [/workdir/hadoop-ozone/integration-test/target/test-dir/MiniOzoneClusterImpl-cd85f641-6806-455e-b969-480e50aec385/datanode-0/data/ratis] (custom)
2019-09-20 04:49:00,023 [pool-123-thread-1] INFO  storage.RaftStorageDirectory (RaftStorageDirectory.java:analyzeStorage(246)) - The storage directory /workdir/hadoop-ozone/integration-test/target/test-dir/MiniOzoneClusterImpl-cd85f641-6806-455e-b969-480e50aec385/datanode-0/data/ratis/6d104b68-c10f-4884-823f-68e34f26c5f9 does not exist. Creating ...
2019-09-20 04:49:00,040 [pool-123-thread-1] INFO  storage.RaftStorageDirectory (RaftStorageDirectory.java:tryLock(328)) - Lock on /workdir/hadoop-ozone/integration-test/target/test-dir/MiniOzoneClusterImpl-cd85f641-6806-455e-b969-480e50aec385/datanode-0/data/ratis/6d104b68-c10f-4884-823f-68e34f26c5f9/in_use.lock acquired by nodename 9457@pr-hdds-1569-s8kj2-2266485376
2019-09-20 04:49:00,059 [pool-123-thread-1] INFO  storage.RaftStorage (RaftStorage.java:format(72)) - Storage directory /workdir/hadoop-ozone/integration-test/target/test-dir/MiniOzoneClusterImpl-cd85f641-6806-455e-b969-480e50aec385/datanode-0/data/ratis/6d104b68-c10f-4884-823f-68e34f26c5f9 has been successfully formatted.
2019-09-20 04:49:00,060 [pool-123-thread-1] INFO  ratis.ContainerStateMachine (ContainerStateMachine.java:loadSnapshot(226)) - group-68E34F26C5F9: The snapshot info is null. Setting the last applied indexto:(t:0, i:~)
2019-09-20 04:49:00,060 [pool-123-thread-1] INFO  server.RaftServerConfigKeys (ConfUtils.java:logGet(43)) - raft.server.leader.election.timeout = 120s (custom)
2019-09-20 04:49:00,060 [pool-123-thread-1] INFO  server.RaftServerConfigKeys (ConfUtils.java:logGet(43)) - raft.server.log.use.memory = false (default)
2019-09-20 04:49:00,060 [pool-123-thread-1] INFO  server.RaftServerConfigKeys (ConfUtils.java:logGet(43)) - raft.server.log.purge.gap = 1000000 (custom)
2019-09-20 04:49:00,060 [pool-123-thread-1] INFO  server.RaftServerConfigKeys (ConfUtils.java:logGet(43)) - raft.server.log.appender.buffer.byte-limit = 33554432 (custom)
2019-09-20 04:49:00,060 [pool-123-thread-1] INFO  server.RaftServerConfigKeys (ConfUtils.java:logGet(43)) - raft.server.log.segment.size.max = 1048576 (custom)
2019-09-20 04:49:00,061 [pool-123-thread-1] INFO  server.RaftServerConfigKeys (ConfUtils.java:logGet(43)) - raft.server.log.segment.cache.num.max = 2 (custom)
2019-09-20 04:49:00,061 [pool-123-thread-1] INFO  segmented.SegmentedRaftLogWorker (SegmentedRaftLogWorker.java:<init>(172)) - new 236eed40-dd97-4fdc-a0ae-ab99685a426b-SegmentedRaftLogWorker:Storage Directory /workdir/hadoop-ozone/integration-test/target/test-dir/MiniOzoneClusterImpl-cd85f641-6806-455e-b969-480e50aec385/datanode-0/data/ratis/6d104b68-c10f-4884-823f-68e34f26c5f9 for RaftStorage:Storage Directory /workdir/hadoop-ozone/integration-test/target/test-dir/MiniOzoneClusterImpl-cd85f641-6806-455e-b969-480e50aec385/datanode-0/data/ratis/6d104b68-c10f-4884-823f-68e34f26c5f9
2019-09-20 04:49:00,061 [pool-123-thread-1] INFO  server.RaftServerConfigKeys (ConfUtils.java:logGet(43)) - raft.server.log.queue.byte-limit = 2147483647 (custom)
2019-09-20 04:49:00,061 [pool-123-thread-1] INFO  server.RaftServerConfigKeys (ConfUtils.java:logGet(43)) - raft.server.log.queue.element-limit = 1024 (custom)
2019-09-20 04:49:00,061 [pool-123-thread-1] INFO  server.RaftServerConfigKeys (ConfUtils.java:logGet(43)) - raft.server.log.segment.size.max = 1048576 (custom)
2019-09-20 04:49:00,062 [pool-123-thread-1] INFO  server.RaftServerConfigKeys (ConfUtils.java:logGet(43)) - raft.server.log.preallocated.size = 16384 (custom)
2019-09-20 04:49:00,062 [pool-123-thread-1] INFO  server.RaftServerConfigKeys (ConfUtils.java:logGet(43)) - raft.server.log.write.buffer.size = 33554432 (custom)
2019-09-20 04:49:00,062 [pool-123-thread-1] INFO  server.RaftServerConfigKeys (ConfUtils.java:logGet(43)) - raft.server.log.force.sync.num = 128 (default)
2019-09-20 04:49:00,062 [pool-123-thread-1] INFO  server.RaftServerConfigKeys (ConfUtils.java:logGet(43)) - raft.server.log.statemachine.data.sync = true (default)
2019-09-20 04:49:00,062 [pool-123-thread-1] INFO  server.RaftServerConfigKeys (ConfUtils.java:logGet(43)) - raft.server.log.statemachine.data.sync.timeout = 10s (default)
2019-09-20 04:49:00,062 [pool-123-thread-1] INFO  server.RaftServerConfigKeys (ConfUtils.java:logGet(43)) - raft.server.log.statemachine.data.sync.timeout.retry = -1 (default)
2019-09-20 04:49:00,063 [pool-123-thread-1] INFO  server.RaftServerConfigKeys (ConfUtils.java:logGet(43)) - raft.server.log.statemachine.data.caching.enabled = true (custom)
2019-09-20 04:49:00,063 [pool-123-thread-1] INFO  segmented.SegmentedRaftLogWorker (SegmentedRaftLogWorker.java:lambda$new$0(132)) - 236eed40-dd97-4fdc-a0ae-ab99685a426b-SegmentedRaftLogWorker:Storage Directory /workdir/hadoop-ozone/integration-test/target/test-dir/MiniOzoneClusterImpl-cd85f641-6806-455e-b969-480e50aec385/datanode-0/data/ratis/6d104b68-c10f-4884-823f-68e34f26c5f9: flushIndex: setUnconditionally 0 -> -1
2019-09-20 04:49:00,063 [pool-123-thread-1] INFO  server.RaftServerConfigKeys (ConfUtils.java:logGet(43)) - raft.server.snapshot.auto.trigger.enabled = true (custom)
2019-09-20 04:49:00,063 [pool-123-thread-1] INFO  server.RaftServerConfigKeys (ConfUtils.java:logGet(43)) - raft.server.snapshot.auto.trigger.threshold = 10000 (custom)
2019-09-20 04:49:00,064 [pool-123-thread-1] INFO  server.RaftServerConfigKeys (ConfUtils.java:logGet(43)) - raft.server.retrycache.expirytime = 600000ms (custom)
2019-09-20 04:49:00,064 [pool-123-thread-1] INFO  impl.RaftServerImpl (RaftServerImpl.java:start(180)) - 236eed40-dd97-4fdc-a0ae-ab99685a426b: start group-68E34F26C5F9
2019-09-20 04:49:00,064 [pool-123-thread-1] INFO  impl.RaftServerImpl (RaftServerImpl.java:setRole(171)) - 236eed40-dd97-4fdc-a0ae-ab99685a426b:group-68E34F26C5F9 changes role from null to FOLLOWER at term 0 for startAsFollower
2019-09-20 04:49:00,064 [pool-123-thread-1] INFO  impl.RoleInfo (RoleInfo.java:updateAndGet(143)) - 236eed40-dd97-4fdc-a0ae-ab99685a426b: start FollowerState
2019-09-20 04:49:00,065 [pool-123-thread-1] INFO  util.JmxRegister (JmxRegister.java:tryRegister(44)) - Successfully registered JMX Bean with object name Ratis:service=RaftServer,group=group-68E34F26C5F9,id=236eed40-dd97-4fdc-a0ae-ab99685a426b
2019-09-20 04:49:00,066 | INFO  | SCMAudit | user=jenkins1000 | ip=192.168.36.79 | op=SEND_HEARTBEAT {datanodeUUID=eaf3ecbe-c3b1-4969-ad3a-e4de7fb04f81, command=[]} | ret=SUCCESS |  
2019-09-20 04:49:00,069 [RatisPipelineUtilsThread] INFO  pipeline.PipelineStateManager (PipelineStateManager.java:addPipeline(56)) - Created pipeline Pipeline[ Id: 6d104b68-c10f-4884-823f-68e34f26c5f9, Nodes: 236eed40-dd97-4fdc-a0ae-ab99685a426b{ip: 192.168.36.79, host: pr-hdds-1569-s8kj2-2266485376, networkLocation: /default-rack, certSerialId: null}, Type:RATIS, Factor:ONE, State:OPEN]
2019-09-20 04:49:00,075 [grpc-default-executor-0] INFO  impl.RaftServerProxy (RaftServerProxy.java:addNew(89)) - 236eed40-dd97-4fdc-a0ae-ab99685a426b: addNew group-A13A9962570E:[236eed40-dd97-4fdc-a0ae-ab99685a426b:192.168.36.79:38705] returns group-A13A9962570E:java.util.concurrent.CompletableFuture@74203ad3[Not completed]
2019-09-20 04:49:00,076 [pool-123-thread-1] INFO  impl.RaftServerImpl (RaftServerImpl.java:<init>(93)) - 236eed40-dd97-4fdc-a0ae-ab99685a426b: new RaftServerImpl for group-A13A9962570E:[236eed40-dd97-4fdc-a0ae-ab99685a426b:192.168.36.79:38705] with ContainerStateMachine:uninitialized
2019-09-20 04:49:00,076 [pool-123-thread-1] INFO  server.RaftServerConfigKeys (ConfUtils.java:logGet(43)) - raft.server.rpc.timeout.min = 5s (custom)
2019-09-20 04:49:00,077 [pool-123-thread-1] INFO  server.RaftServerConfigKeys (ConfUtils.java:logGet(43)) - raft.server.rpc.timeout.max = 5200ms (custom)
2019-09-20 04:49:00,077 [pool-123-thread-1] INFO  server.RaftServerConfigKeys (ConfUtils.java:logGet(43)) - raft.server.rpcslowness.timeout = 120s (custom)
2019-09-20 04:49:00,077 [pool-123-thread-1] INFO  server.RaftServerConfigKeys (ConfUtils.java:logGet(43)) - raft.server.sleep.deviation.threshold = 300 (default)
2019-09-20 04:49:00,077 [pool-123-thread-1] INFO  server.RaftServerConfigKeys (ConfUtils.java:logGet(43)) - raft.server.log.appender.install.snapshot.enabled = false (custom)
2019-09-20 04:49:00,077 [pool-123-thread-1] INFO  impl.RaftServerImpl (ServerState.java:<init>(105)) - 236eed40-dd97-4fdc-a0ae-ab99685a426b:group-A13A9962570E ConfigurationManager, init=-1: [236eed40-dd97-4fdc-a0ae-ab99685a426b:192.168.36.79:38705], old=null, confs=<EMPTY_MAP>
2019-09-20 04:49:00,077 [pool-123-thread-1] INFO  server.RaftServerConfigKeys (ConfUtils.java:logGet(43)) - raft.server.storage.dir = [/workdir/hadoop-ozone/integration-test/target/test-dir/MiniOzoneClusterImpl-cd85f641-6806-455e-b969-480e50aec385/datanode-0/data/ratis] (custom)
2019-09-20 04:49:00,077 [pool-123-thread-1] INFO  storage.RaftStorageDirectory (RaftStorageDirectory.java:analyzeStorage(246)) - The storage directory /workdir/hadoop-ozone/integration-test/target/test-dir/MiniOzoneClusterImpl-cd85f641-6806-455e-b969-480e50aec385/datanode-0/data/ratis/e7d9ab58-ce5a-4b5e-995c-a13a9962570e does not exist. Creating ...
2019-09-20 04:49:00,098 [pool-123-thread-1] INFO  storage.RaftStorageDirectory (RaftStorageDirectory.java:tryLock(328)) - Lock on /workdir/hadoop-ozone/integration-test/target/test-dir/MiniOzoneClusterImpl-cd85f641-6806-455e-b969-480e50aec385/datanode-0/data/ratis/e7d9ab58-ce5a-4b5e-995c-a13a9962570e/in_use.lock acquired by nodename 9457@pr-hdds-1569-s8kj2-2266485376
2019-09-20 04:49:00,115 [pool-123-thread-1] INFO  storage.RaftStorage (RaftStorage.java:format(72)) - Storage directory /workdir/hadoop-ozone/integration-test/target/test-dir/MiniOzoneClusterImpl-cd85f641-6806-455e-b969-480e50aec385/datanode-0/data/ratis/e7d9ab58-ce5a-4b5e-995c-a13a9962570e has been successfully formatted.
2019-09-20 04:49:00,116 [pool-123-thread-1] INFO  ratis.ContainerStateMachine (ContainerStateMachine.java:loadSnapshot(226)) - group-A13A9962570E: The snapshot info is null. Setting the last applied indexto:(t:0, i:~)
2019-09-20 04:49:00,116 [pool-123-thread-1] INFO  server.RaftServerConfigKeys (ConfUtils.java:logGet(43)) - raft.server.leader.election.timeout = 120s (custom)
2019-09-20 04:49:00,116 [pool-123-thread-1] INFO  server.RaftServerConfigKeys (ConfUtils.java:logGet(43)) - raft.server.log.use.memory = false (default)
2019-09-20 04:49:00,116 [pool-123-thread-1] INFO  server.RaftServerConfigKeys (ConfUtils.java:logGet(43)) - raft.server.log.purge.gap = 1000000 (custom)
2019-09-20 04:49:00,116 [pool-123-thread-1] INFO  server.RaftServerConfigKeys (ConfUtils.java:logGet(43)) - raft.server.log.appender.buffer.byte-limit = 33554432 (custom)
2019-09-20 04:49:00,116 [pool-123-thread-1] INFO  server.RaftServerConfigKeys (ConfUtils.java:logGet(43)) - raft.server.log.segment.size.max = 1048576 (custom)
2019-09-20 04:49:00,116 [pool-123-thread-1] INFO  server.RaftServerConfigKeys (ConfUtils.java:logGet(43)) - raft.server.log.segment.cache.num.max = 2 (custom)
2019-09-20 04:49:00,116 [pool-123-thread-1] INFO  segmented.SegmentedRaftLogWorker (SegmentedRaftLogWorker.java:<init>(172)) - new 236eed40-dd97-4fdc-a0ae-ab99685a426b-SegmentedRaftLogWorker:Storage Directory /workdir/hadoop-ozone/integration-test/target/test-dir/MiniOzoneClusterImpl-cd85f641-6806-455e-b969-480e50aec385/datanode-0/data/ratis/e7d9ab58-ce5a-4b5e-995c-a13a9962570e for RaftStorage:Storage Directory /workdir/hadoop-ozone/integration-test/target/test-dir/MiniOzoneClusterImpl-cd85f641-6806-455e-b969-480e50aec385/datanode-0/data/ratis/e7d9ab58-ce5a-4b5e-995c-a13a9962570e
2019-09-20 04:49:00,116 [pool-123-thread-1] INFO  server.RaftServerConfigKeys (ConfUtils.java:logGet(43)) - raft.server.log.queue.byte-limit = 2147483647 (custom)
2019-09-20 04:49:00,117 [pool-123-thread-1] INFO  server.RaftServerConfigKeys (ConfUtils.java:logGet(43)) - raft.server.log.queue.element-limit = 1024 (custom)
2019-09-20 04:49:00,117 [pool-123-thread-1] INFO  server.RaftServerConfigKeys (ConfUtils.java:logGet(43)) - raft.server.log.segment.size.max = 1048576 (custom)
2019-09-20 04:49:00,117 [pool-123-thread-1] INFO  server.RaftServerConfigKeys (ConfUtils.java:logGet(43)) - raft.server.log.preallocated.size = 16384 (custom)
2019-09-20 04:49:00,117 [pool-123-thread-1] INFO  server.RaftServerConfigKeys (ConfUtils.java:logGet(43)) - raft.server.log.write.buffer.size = 33554432 (custom)
2019-09-20 04:49:00,117 [pool-123-thread-1] INFO  server.RaftServerConfigKeys (ConfUtils.java:logGet(43)) - raft.server.log.force.sync.num = 128 (default)
2019-09-20 04:49:00,117 [pool-123-thread-1] INFO  server.RaftServerConfigKeys (ConfUtils.java:logGet(43)) - raft.server.log.statemachine.data.sync = true (default)
2019-09-20 04:49:00,117 [pool-123-thread-1] INFO  server.RaftServerConfigKeys (ConfUtils.java:logGet(43)) - raft.server.log.statemachine.data.sync.timeout = 10s (default)
2019-09-20 04:49:00,117 [pool-123-thread-1] INFO  server.RaftServerConfigKeys (ConfUtils.java:logGet(43)) - raft.server.log.statemachine.data.sync.timeout.retry = -1 (default)
2019-09-20 04:49:00,118 [pool-123-thread-1] INFO  server.RaftServerConfigKeys (ConfUtils.java:logGet(43)) - raft.server.log.statemachine.data.caching.enabled = true (custom)
2019-09-20 04:49:00,118 [pool-123-thread-1] INFO  segmented.SegmentedRaftLogWorker (SegmentedRaftLogWorker.java:lambda$new$0(132)) - 236eed40-dd97-4fdc-a0ae-ab99685a426b-SegmentedRaftLogWorker:Storage Directory /workdir/hadoop-ozone/integration-test/target/test-dir/MiniOzoneClusterImpl-cd85f641-6806-455e-b969-480e50aec385/datanode-0/data/ratis/e7d9ab58-ce5a-4b5e-995c-a13a9962570e: flushIndex: setUnconditionally 0 -> -1
2019-09-20 04:49:00,118 [pool-123-thread-1] INFO  server.RaftServerConfigKeys (ConfUtils.java:logGet(43)) - raft.server.snapshot.auto.trigger.enabled = true (custom)
2019-09-20 04:49:00,118 [pool-123-thread-1] INFO  server.RaftServerConfigKeys (ConfUtils.java:logGet(43)) - raft.server.snapshot.auto.trigger.threshold = 10000 (custom)
2019-09-20 04:49:00,118 [pool-123-thread-1] INFO  server.RaftServerConfigKeys (ConfUtils.java:logGet(43)) - raft.server.retrycache.expirytime = 600000ms (custom)
2019-09-20 04:49:00,118 [pool-123-thread-1] INFO  impl.RaftServerImpl (RaftServerImpl.java:start(180)) - 236eed40-dd97-4fdc-a0ae-ab99685a426b: start group-A13A9962570E
2019-09-20 04:49:00,119 [pool-123-thread-1] INFO  impl.RaftServerImpl (RaftServerImpl.java:setRole(171)) - 236eed40-dd97-4fdc-a0ae-ab99685a426b:group-A13A9962570E changes role from null to FOLLOWER at term 0 for startAsFollower
2019-09-20 04:49:00,119 [pool-123-thread-1] INFO  impl.RoleInfo (RoleInfo.java:updateAndGet(143)) - 236eed40-dd97-4fdc-a0ae-ab99685a426b: start FollowerState
2019-09-20 04:49:00,119 [pool-123-thread-1] INFO  util.JmxRegister (JmxRegister.java:tryRegister(44)) - Successfully registered JMX Bean with object name Ratis:service=RaftServer,group=group-A13A9962570E,id=236eed40-dd97-4fdc-a0ae-ab99685a426b
2019-09-20 04:49:00,122 [RatisPipelineUtilsThread] INFO  pipeline.PipelineStateManager (PipelineStateManager.java:addPipeline(56)) - Created pipeline Pipeline[ Id: e7d9ab58-ce5a-4b5e-995c-a13a9962570e, Nodes: 236eed40-dd97-4fdc-a0ae-ab99685a426b{ip: 192.168.36.79, host: pr-hdds-1569-s8kj2-2266485376, networkLocation: /default-rack, certSerialId: null}, Type:RATIS, Factor:ONE, State:OPEN]
2019-09-20 04:49:00,127 [grpc-default-executor-0] INFO  impl.RaftServerProxy (RaftServerProxy.java:addNew(89)) - 236eed40-dd97-4fdc-a0ae-ab99685a426b: addNew group-2F6F5A502508:[236eed40-dd97-4fdc-a0ae-ab99685a426b:192.168.36.79:38705] returns group-2F6F5A502508:java.util.concurrent.CompletableFuture@4ce423d1[Not completed]
2019-09-20 04:49:00,128 [pool-123-thread-1] INFO  impl.RaftServerImpl (RaftServerImpl.java:<init>(93)) - 236eed40-dd97-4fdc-a0ae-ab99685a426b: new RaftServerImpl for group-2F6F5A502508:[236eed40-dd97-4fdc-a0ae-ab99685a426b:192.168.36.79:38705] with ContainerStateMachine:uninitialized
2019-09-20 04:49:00,128 [pool-123-thread-1] INFO  server.RaftServerConfigKeys (ConfUtils.java:logGet(43)) - raft.server.rpc.timeout.min = 5s (custom)
2019-09-20 04:49:00,128 [pool-123-thread-1] INFO  server.RaftServerConfigKeys (ConfUtils.java:logGet(43)) - raft.server.rpc.timeout.max = 5200ms (custom)
2019-09-20 04:49:00,129 [pool-123-thread-1] INFO  server.RaftServerConfigKeys (ConfUtils.java:logGet(43)) - raft.server.rpcslowness.timeout = 120s (custom)
2019-09-20 04:49:00,129 [pool-123-thread-1] INFO  server.RaftServerConfigKeys (ConfUtils.java:logGet(43)) - raft.server.sleep.deviation.threshold = 300 (default)
2019-09-20 04:49:00,129 [pool-123-thread-1] INFO  server.RaftServerConfigKeys (ConfUtils.java:logGet(43)) - raft.server.log.appender.install.snapshot.enabled = false (custom)
2019-09-20 04:49:00,129 [pool-123-thread-1] INFO  impl.RaftServerImpl (ServerState.java:<init>(105)) - 236eed40-dd97-4fdc-a0ae-ab99685a426b:group-2F6F5A502508 ConfigurationManager, init=-1: [236eed40-dd97-4fdc-a0ae-ab99685a426b:192.168.36.79:38705], old=null, confs=<EMPTY_MAP>
2019-09-20 04:49:00,129 [pool-123-thread-1] INFO  server.RaftServerConfigKeys (ConfUtils.java:logGet(43)) - raft.server.storage.dir = [/workdir/hadoop-ozone/integration-test/target/test-dir/MiniOzoneClusterImpl-cd85f641-6806-455e-b969-480e50aec385/datanode-0/data/ratis] (custom)
2019-09-20 04:49:00,129 [pool-123-thread-1] INFO  storage.RaftStorageDirectory (RaftStorageDirectory.java:analyzeStorage(246)) - The storage directory /workdir/hadoop-ozone/integration-test/target/test-dir/MiniOzoneClusterImpl-cd85f641-6806-455e-b969-480e50aec385/datanode-0/data/ratis/a8cd9328-32be-4741-bcbe-2f6f5a502508 does not exist. Creating ...
2019-09-20 04:49:00,151 [pool-123-thread-1] INFO  storage.RaftStorageDirectory (RaftStorageDirectory.java:tryLock(328)) - Lock on /workdir/hadoop-ozone/integration-test/target/test-dir/MiniOzoneClusterImpl-cd85f641-6806-455e-b969-480e50aec385/datanode-0/data/ratis/a8cd9328-32be-4741-bcbe-2f6f5a502508/in_use.lock acquired by nodename 9457@pr-hdds-1569-s8kj2-2266485376
2019-09-20 04:49:00,155 | INFO  | SCMAudit | user=jenkins1000 | ip=192.168.36.79 | op=SEND_HEARTBEAT {datanodeUUID=42fc6e92-fcdd-4827-b621-9fc58a3d2315, command=[]} | ret=SUCCESS |  
2019-09-20 04:49:00,170 [pool-123-thread-1] INFO  storage.RaftStorage (RaftStorage.java:format(72)) - Storage directory /workdir/hadoop-ozone/integration-test/target/test-dir/MiniOzoneClusterImpl-cd85f641-6806-455e-b969-480e50aec385/datanode-0/data/ratis/a8cd9328-32be-4741-bcbe-2f6f5a502508 has been successfully formatted.
2019-09-20 04:49:00,170 [pool-123-thread-1] INFO  ratis.ContainerStateMachine (ContainerStateMachine.java:loadSnapshot(226)) - group-2F6F5A502508: The snapshot info is null. Setting the last applied indexto:(t:0, i:~)
2019-09-20 04:49:00,170 [pool-123-thread-1] INFO  server.RaftServerConfigKeys (ConfUtils.java:logGet(43)) - raft.server.leader.election.timeout = 120s (custom)
2019-09-20 04:49:00,170 [pool-123-thread-1] INFO  server.RaftServerConfigKeys (ConfUtils.java:logGet(43)) - raft.server.log.use.memory = false (default)
2019-09-20 04:49:00,170 [pool-123-thread-1] INFO  server.RaftServerConfigKeys (ConfUtils.java:logGet(43)) - raft.server.log.purge.gap = 1000000 (custom)
2019-09-20 04:49:00,170 [pool-123-thread-1] INFO  server.RaftServerConfigKeys (ConfUtils.java:logGet(43)) - raft.server.log.appender.buffer.byte-limit = 33554432 (custom)
2019-09-20 04:49:00,170 [pool-123-thread-1] INFO  server.RaftServerConfigKeys (ConfUtils.java:logGet(43)) - raft.server.log.segment.size.max = 1048576 (custom)
2019-09-20 04:49:00,170 [pool-123-thread-1] INFO  server.RaftServerConfigKeys (ConfUtils.java:logGet(43)) - raft.server.log.segment.cache.num.max = 2 (custom)
2019-09-20 04:49:00,171 [pool-123-thread-1] INFO  segmented.SegmentedRaftLogWorker (SegmentedRaftLogWorker.java:<init>(172)) - new 236eed40-dd97-4fdc-a0ae-ab99685a426b-SegmentedRaftLogWorker:Storage Directory /workdir/hadoop-ozone/integration-test/target/test-dir/MiniOzoneClusterImpl-cd85f641-6806-455e-b969-480e50aec385/datanode-0/data/ratis/a8cd9328-32be-4741-bcbe-2f6f5a502508 for RaftStorage:Storage Directory /workdir/hadoop-ozone/integration-test/target/test-dir/MiniOzoneClusterImpl-cd85f641-6806-455e-b969-480e50aec385/datanode-0/data/ratis/a8cd9328-32be-4741-bcbe-2f6f5a502508
2019-09-20 04:49:00,171 [pool-123-thread-1] INFO  server.RaftServerConfigKeys (ConfUtils.java:logGet(43)) - raft.server.log.queue.byte-limit = 2147483647 (custom)
2019-09-20 04:49:00,171 [pool-123-thread-1] INFO  server.RaftServerConfigKeys (ConfUtils.java:logGet(43)) - raft.server.log.queue.element-limit = 1024 (custom)
2019-09-20 04:49:00,171 [pool-123-thread-1] INFO  server.RaftServerConfigKeys (ConfUtils.java:logGet(43)) - raft.server.log.segment.size.max = 1048576 (custom)
2019-09-20 04:49:00,171 [pool-123-thread-1] INFO  server.RaftServerConfigKeys (ConfUtils.java:logGet(43)) - raft.server.log.preallocated.size = 16384 (custom)
2019-09-20 04:49:00,171 [pool-123-thread-1] INFO  server.RaftServerConfigKeys (ConfUtils.java:logGet(43)) - raft.server.log.write.buffer.size = 33554432 (custom)
2019-09-20 04:49:00,171 [pool-123-thread-1] INFO  server.RaftServerConfigKeys (ConfUtils.java:logGet(43)) - raft.server.log.force.sync.num = 128 (default)
2019-09-20 04:49:00,171 [pool-123-thread-1] INFO  server.RaftServerConfigKeys (ConfUtils.java:logGet(43)) - raft.server.log.statemachine.data.sync = true (default)
2019-09-20 04:49:00,171 [pool-123-thread-1] INFO  server.RaftServerConfigKeys (ConfUtils.java:logGet(43)) - raft.server.log.statemachine.data.sync.timeout = 10s (default)
2019-09-20 04:49:00,171 [pool-123-thread-1] INFO  server.RaftServerConfigKeys (ConfUtils.java:logGet(43)) - raft.server.log.statemachine.data.sync.timeout.retry = -1 (default)
2019-09-20 04:49:00,172 [pool-123-thread-1] INFO  server.RaftServerConfigKeys (ConfUtils.java:logGet(43)) - raft.server.log.statemachine.data.caching.enabled = true (custom)
2019-09-20 04:49:00,172 [pool-123-thread-1] INFO  segmented.SegmentedRaftLogWorker (SegmentedRaftLogWorker.java:lambda$new$0(132)) - 236eed40-dd97-4fdc-a0ae-ab99685a426b-SegmentedRaftLogWorker:Storage Directory /workdir/hadoop-ozone/integration-test/target/test-dir/MiniOzoneClusterImpl-cd85f641-6806-455e-b969-480e50aec385/datanode-0/data/ratis/a8cd9328-32be-4741-bcbe-2f6f5a502508: flushIndex: setUnconditionally 0 -> -1
2019-09-20 04:49:00,172 [pool-123-thread-1] INFO  server.RaftServerConfigKeys (ConfUtils.java:logGet(43)) - raft.server.snapshot.auto.trigger.enabled = true (custom)
2019-09-20 04:49:00,172 [pool-123-thread-1] INFO  server.RaftServerConfigKeys (ConfUtils.java:logGet(43)) - raft.server.snapshot.auto.trigger.threshold = 10000 (custom)
2019-09-20 04:49:00,172 [pool-123-thread-1] INFO  server.RaftServerConfigKeys (ConfUtils.java:logGet(43)) - raft.server.retrycache.expirytime = 600000ms (custom)
2019-09-20 04:49:00,172 [pool-123-thread-1] INFO  impl.RaftServerImpl (RaftServerImpl.java:start(180)) - 236eed40-dd97-4fdc-a0ae-ab99685a426b: start group-2F6F5A502508
2019-09-20 04:49:00,173 [pool-123-thread-1] INFO  impl.RaftServerImpl (RaftServerImpl.java:setRole(171)) - 236eed40-dd97-4fdc-a0ae-ab99685a426b:group-2F6F5A502508 changes role from null to FOLLOWER at term 0 for startAsFollower
2019-09-20 04:49:00,173 [pool-123-thread-1] INFO  impl.RoleInfo (RoleInfo.java:updateAndGet(143)) - 236eed40-dd97-4fdc-a0ae-ab99685a426b: start FollowerState
2019-09-20 04:49:00,173 [pool-123-thread-1] INFO  util.JmxRegister (JmxRegister.java:tryRegister(44)) - Successfully registered JMX Bean with object name Ratis:service=RaftServer,group=group-2F6F5A502508,id=236eed40-dd97-4fdc-a0ae-ab99685a426b
2019-09-20 04:49:00,175 [RatisPipelineUtilsThread] INFO  pipeline.PipelineStateManager (PipelineStateManager.java:addPipeline(56)) - Created pipeline Pipeline[ Id: a8cd9328-32be-4741-bcbe-2f6f5a502508, Nodes: 236eed40-dd97-4fdc-a0ae-ab99685a426b{ip: 192.168.36.79, host: pr-hdds-1569-s8kj2-2266485376, networkLocation: /default-rack, certSerialId: null}, Type:RATIS, Factor:ONE, State:OPEN]
2019-09-20 04:49:00,180 [grpc-default-executor-0] INFO  impl.RaftServerProxy (RaftServerProxy.java:addNew(89)) - 236eed40-dd97-4fdc-a0ae-ab99685a426b: addNew group-8FC35334B087:[236eed40-dd97-4fdc-a0ae-ab99685a426b:192.168.36.79:38705] returns group-8FC35334B087:java.util.concurrent.CompletableFuture@1753ff74[Not completed]
2019-09-20 04:49:00,181 [pool-123-thread-1] INFO  impl.RaftServerImpl (RaftServerImpl.java:<init>(93)) - 236eed40-dd97-4fdc-a0ae-ab99685a426b: new RaftServerImpl for group-8FC35334B087:[236eed40-dd97-4fdc-a0ae-ab99685a426b:192.168.36.79:38705] with ContainerStateMachine:uninitialized
2019-09-20 04:49:00,181 [pool-123-thread-1] INFO  server.RaftServerConfigKeys (ConfUtils.java:logGet(43)) - raft.server.rpc.timeout.min = 5s (custom)
2019-09-20 04:49:00,181 [pool-123-thread-1] INFO  server.RaftServerConfigKeys (ConfUtils.java:logGet(43)) - raft.server.rpc.timeout.max = 5200ms (custom)
2019-09-20 04:49:00,181 [pool-123-thread-1] INFO  server.RaftServerConfigKeys (ConfUtils.java:logGet(43)) - raft.server.rpcslowness.timeout = 120s (custom)
2019-09-20 04:49:00,181 [pool-123-thread-1] INFO  server.RaftServerConfigKeys (ConfUtils.java:logGet(43)) - raft.server.sleep.deviation.threshold = 300 (default)
2019-09-20 04:49:00,181 [pool-123-thread-1] INFO  server.RaftServerConfigKeys (ConfUtils.java:logGet(43)) - raft.server.log.appender.install.snapshot.enabled = false (custom)
2019-09-20 04:49:00,181 [pool-123-thread-1] INFO  impl.RaftServerImpl (ServerState.java:<init>(105)) - 236eed40-dd97-4fdc-a0ae-ab99685a426b:group-8FC35334B087 ConfigurationManager, init=-1: [236eed40-dd97-4fdc-a0ae-ab99685a426b:192.168.36.79:38705], old=null, confs=<EMPTY_MAP>
2019-09-20 04:49:00,182 [pool-123-thread-1] INFO  server.RaftServerConfigKeys (ConfUtils.java:logGet(43)) - raft.server.storage.dir = [/workdir/hadoop-ozone/integration-test/target/test-dir/MiniOzoneClusterImpl-cd85f641-6806-455e-b969-480e50aec385/datanode-0/data/ratis] (custom)
2019-09-20 04:49:00,182 [pool-123-thread-1] INFO  storage.RaftStorageDirectory (RaftStorageDirectory.java:analyzeStorage(246)) - The storage directory /workdir/hadoop-ozone/integration-test/target/test-dir/MiniOzoneClusterImpl-cd85f641-6806-455e-b969-480e50aec385/datanode-0/data/ratis/fc57dfb8-287e-469a-9f7b-8fc35334b087 does not exist. Creating ...
2019-09-20 04:49:00,199 [pool-123-thread-1] INFO  storage.RaftStorageDirectory (RaftStorageDirectory.java:tryLock(328)) - Lock on /workdir/hadoop-ozone/integration-test/target/test-dir/MiniOzoneClusterImpl-cd85f641-6806-455e-b969-480e50aec385/datanode-0/data/ratis/fc57dfb8-287e-469a-9f7b-8fc35334b087/in_use.lock acquired by nodename 9457@pr-hdds-1569-s8kj2-2266485376
2019-09-20 04:49:00,218 [pool-123-thread-1] INFO  storage.RaftStorage (RaftStorage.java:format(72)) - Storage directory /workdir/hadoop-ozone/integration-test/target/test-dir/MiniOzoneClusterImpl-cd85f641-6806-455e-b969-480e50aec385/datanode-0/data/ratis/fc57dfb8-287e-469a-9f7b-8fc35334b087 has been successfully formatted.
2019-09-20 04:49:00,218 [pool-123-thread-1] INFO  ratis.ContainerStateMachine (ContainerStateMachine.java:loadSnapshot(226)) - group-8FC35334B087: The snapshot info is null. Setting the last applied indexto:(t:0, i:~)
2019-09-20 04:49:00,218 [pool-123-thread-1] INFO  server.RaftServerConfigKeys (ConfUtils.java:logGet(43)) - raft.server.leader.election.timeout = 120s (custom)
2019-09-20 04:49:00,218 [pool-123-thread-1] INFO  server.RaftServerConfigKeys (ConfUtils.java:logGet(43)) - raft.server.log.use.memory = false (default)
2019-09-20 04:49:00,219 [pool-123-thread-1] INFO  server.RaftServerConfigKeys (ConfUtils.java:logGet(43)) - raft.server.log.purge.gap = 1000000 (custom)
2019-09-20 04:49:00,219 [pool-123-thread-1] INFO  server.RaftServerConfigKeys (ConfUtils.java:logGet(43)) - raft.server.log.appender.buffer.byte-limit = 33554432 (custom)
2019-09-20 04:49:00,219 [pool-123-thread-1] INFO  server.RaftServerConfigKeys (ConfUtils.java:logGet(43)) - raft.server.log.segment.size.max = 1048576 (custom)
2019-09-20 04:49:00,219 [pool-123-thread-1] INFO  server.RaftServerConfigKeys (ConfUtils.java:logGet(43)) - raft.server.log.segment.cache.num.max = 2 (custom)
2019-09-20 04:49:00,219 [pool-123-thread-1] INFO  segmented.SegmentedRaftLogWorker (SegmentedRaftLogWorker.java:<init>(172)) - new 236eed40-dd97-4fdc-a0ae-ab99685a426b-SegmentedRaftLogWorker:Storage Directory /workdir/hadoop-ozone/integration-test/target/test-dir/MiniOzoneClusterImpl-cd85f641-6806-455e-b969-480e50aec385/datanode-0/data/ratis/fc57dfb8-287e-469a-9f7b-8fc35334b087 for RaftStorage:Storage Directory /workdir/hadoop-ozone/integration-test/target/test-dir/MiniOzoneClusterImpl-cd85f641-6806-455e-b969-480e50aec385/datanode-0/data/ratis/fc57dfb8-287e-469a-9f7b-8fc35334b087
2019-09-20 04:49:00,219 [pool-123-thread-1] INFO  server.RaftServerConfigKeys (ConfUtils.java:logGet(43)) - raft.server.log.queue.byte-limit = 2147483647 (custom)
2019-09-20 04:49:00,219 [pool-123-thread-1] INFO  server.RaftServerConfigKeys (ConfUtils.java:logGet(43)) - raft.server.log.queue.element-limit = 1024 (custom)
2019-09-20 04:49:00,220 [pool-123-thread-1] INFO  server.RaftServerConfigKeys (ConfUtils.java:logGet(43)) - raft.server.log.segment.size.max = 1048576 (custom)
2019-09-20 04:49:00,220 [pool-123-thread-1] INFO  server.RaftServerConfigKeys (ConfUtils.java:logGet(43)) - raft.server.log.preallocated.size = 16384 (custom)
2019-09-20 04:49:00,220 [pool-123-thread-1] INFO  server.RaftServerConfigKeys (ConfUtils.java:logGet(43)) - raft.server.log.write.buffer.size = 33554432 (custom)
2019-09-20 04:49:00,220 [pool-123-thread-1] INFO  server.RaftServerConfigKeys (ConfUtils.java:logGet(43)) - raft.server.log.force.sync.num = 128 (default)
2019-09-20 04:49:00,220 [pool-123-thread-1] INFO  server.RaftServerConfigKeys (ConfUtils.java:logGet(43)) - raft.server.log.statemachine.data.sync = true (default)
2019-09-20 04:49:00,220 [pool-123-thread-1] INFO  server.RaftServerConfigKeys (ConfUtils.java:logGet(43)) - raft.server.log.statemachine.data.sync.timeout = 10s (default)
2019-09-20 04:49:00,220 [pool-123-thread-1] INFO  server.RaftServerConfigKeys (ConfUtils.java:logGet(43)) - raft.server.log.statemachine.data.sync.timeout.retry = -1 (default)
2019-09-20 04:49:00,221 [pool-123-thread-1] INFO  server.RaftServerConfigKeys (ConfUtils.java:logGet(43)) - raft.server.log.statemachine.data.caching.enabled = true (custom)
2019-09-20 04:49:00,221 [pool-123-thread-1] INFO  segmented.SegmentedRaftLogWorker (SegmentedRaftLogWorker.java:lambda$new$0(132)) - 236eed40-dd97-4fdc-a0ae-ab99685a426b-SegmentedRaftLogWorker:Storage Directory /workdir/hadoop-ozone/integration-test/target/test-dir/MiniOzoneClusterImpl-cd85f641-6806-455e-b969-480e50aec385/datanode-0/data/ratis/fc57dfb8-287e-469a-9f7b-8fc35334b087: flushIndex: setUnconditionally 0 -> -1
2019-09-20 04:49:00,221 [pool-123-thread-1] INFO  server.RaftServerConfigKeys (ConfUtils.java:logGet(43)) - raft.server.snapshot.auto.trigger.enabled = true (custom)
2019-09-20 04:49:00,221 [pool-123-thread-1] INFO  server.RaftServerConfigKeys (ConfUtils.java:logGet(43)) - raft.server.snapshot.auto.trigger.threshold = 10000 (custom)
2019-09-20 04:49:00,222 [pool-123-thread-1] INFO  server.RaftServerConfigKeys (ConfUtils.java:logGet(43)) - raft.server.retrycache.expirytime = 600000ms (custom)
2019-09-20 04:49:00,222 [pool-123-thread-1] INFO  impl.RaftServerImpl (RaftServerImpl.java:start(180)) - 236eed40-dd97-4fdc-a0ae-ab99685a426b: start group-8FC35334B087
2019-09-20 04:49:00,222 [pool-123-thread-1] INFO  impl.RaftServerImpl (RaftServerImpl.java:setRole(171)) - 236eed40-dd97-4fdc-a0ae-ab99685a426b:group-8FC35334B087 changes role from null to FOLLOWER at term 0 for startAsFollower
2019-09-20 04:49:00,222 [pool-123-thread-1] INFO  impl.RoleInfo (RoleInfo.java:updateAndGet(143)) - 236eed40-dd97-4fdc-a0ae-ab99685a426b: start FollowerState
2019-09-20 04:49:00,222 [pool-123-thread-1] INFO  util.JmxRegister (JmxRegister.java:tryRegister(44)) - Successfully registered JMX Bean with object name Ratis:service=RaftServer,group=group-8FC35334B087,id=236eed40-dd97-4fdc-a0ae-ab99685a426b
2019-09-20 04:49:00,225 [RatisPipelineUtilsThread] INFO  pipeline.PipelineStateManager (PipelineStateManager.java:addPipeline(56)) - Created pipeline Pipeline[ Id: fc57dfb8-287e-469a-9f7b-8fc35334b087, Nodes: 236eed40-dd97-4fdc-a0ae-ab99685a426b{ip: 192.168.36.79, host: pr-hdds-1569-s8kj2-2266485376, networkLocation: /default-rack, certSerialId: null}, Type:RATIS, Factor:ONE, State:OPEN]
2019-09-20 04:49:00,230 [grpc-default-executor-0] INFO  impl.RaftServerProxy (RaftServerProxy.java:addNew(89)) - 236eed40-dd97-4fdc-a0ae-ab99685a426b: addNew group-CECCCFEE5C71:[236eed40-dd97-4fdc-a0ae-ab99685a426b:192.168.36.79:38705] returns group-CECCCFEE5C71:java.util.concurrent.CompletableFuture@712db75c[Not completed]
2019-09-20 04:49:00,231 [pool-123-thread-1] INFO  impl.RaftServerImpl (RaftServerImpl.java:<init>(93)) - 236eed40-dd97-4fdc-a0ae-ab99685a426b: new RaftServerImpl for group-CECCCFEE5C71:[236eed40-dd97-4fdc-a0ae-ab99685a426b:192.168.36.79:38705] with ContainerStateMachine:uninitialized
2019-09-20 04:49:00,231 [pool-123-thread-1] INFO  server.RaftServerConfigKeys (ConfUtils.java:logGet(43)) - raft.server.rpc.timeout.min = 5s (custom)
2019-09-20 04:49:00,231 [pool-123-thread-1] INFO  server.RaftServerConfigKeys (ConfUtils.java:logGet(43)) - raft.server.rpc.timeout.max = 5200ms (custom)
2019-09-20 04:49:00,231 [pool-123-thread-1] INFO  server.RaftServerConfigKeys (ConfUtils.java:logGet(43)) - raft.server.rpcslowness.timeout = 120s (custom)
2019-09-20 04:49:00,232 [pool-123-thread-1] INFO  server.RaftServerConfigKeys (ConfUtils.java:logGet(43)) - raft.server.sleep.deviation.threshold = 300 (default)
2019-09-20 04:49:00,232 [pool-123-thread-1] INFO  server.RaftServerConfigKeys (ConfUtils.java:logGet(43)) - raft.server.log.appender.install.snapshot.enabled = false (custom)
2019-09-20 04:49:00,232 [pool-123-thread-1] INFO  impl.RaftServerImpl (ServerState.java:<init>(105)) - 236eed40-dd97-4fdc-a0ae-ab99685a426b:group-CECCCFEE5C71 ConfigurationManager, init=-1: [236eed40-dd97-4fdc-a0ae-ab99685a426b:192.168.36.79:38705], old=null, confs=<EMPTY_MAP>
2019-09-20 04:49:00,232 [pool-123-thread-1] INFO  server.RaftServerConfigKeys (ConfUtils.java:logGet(43)) - raft.server.storage.dir = [/workdir/hadoop-ozone/integration-test/target/test-dir/MiniOzoneClusterImpl-cd85f641-6806-455e-b969-480e50aec385/datanode-0/data/ratis] (custom)
2019-09-20 04:49:00,232 [pool-123-thread-1] INFO  storage.RaftStorageDirectory (RaftStorageDirectory.java:analyzeStorage(246)) - The storage directory /workdir/hadoop-ozone/integration-test/target/test-dir/MiniOzoneClusterImpl-cd85f641-6806-455e-b969-480e50aec385/datanode-0/data/ratis/9fdecfef-0809-4d47-919d-cecccfee5c71 does not exist. Creating ...
2019-09-20 04:49:00,242 [IPC Server handler 2 on 40543] INFO  net.NetworkTopology (NetworkTopologyImpl.java:add(110)) - Added a new node: /default-rack/ba95d636-ac34-4b74-a102-dec8d0f377c6
2019-09-20 04:49:00,242 [IPC Server handler 2 on 40543] INFO  node.SCMNodeManager (SCMNodeManager.java:register(273)) - Registered Data node : ba95d636-ac34-4b74-a102-dec8d0f377c6{ip: 192.168.36.79, host: pr-hdds-1569-s8kj2-2266485376, networkLocation: /default-rack, certSerialId: null}
2019-09-20 04:49:00,243 | INFO  | SCMAudit | user=jenkins1000 | ip=192.168.36.79 | op=REGISTER {datanodeDetails=ba95d636-ac34-4b74-a102-dec8d0f377c6{ip: 192.168.36.79, host: pr-hdds-1569-s8kj2-2266485376, networkLocation: /default-rack, certSerialId: null}} | ret=SUCCESS |  
2019-09-20 04:49:00,248 [pool-123-thread-1] INFO  storage.RaftStorageDirectory (RaftStorageDirectory.java:tryLock(328)) - Lock on /workdir/hadoop-ozone/integration-test/target/test-dir/MiniOzoneClusterImpl-cd85f641-6806-455e-b969-480e50aec385/datanode-0/data/ratis/9fdecfef-0809-4d47-919d-cecccfee5c71/in_use.lock acquired by nodename 9457@pr-hdds-1569-s8kj2-2266485376
2019-09-20 04:49:00,268 | INFO  | SCMAudit | user=jenkins1000 | ip=192.168.36.79 | op=SEND_HEARTBEAT {datanodeUUID=8d97392c-5f4b-400a-94a1-fb61a3ebbc99, command=[]} | ret=SUCCESS |  
2019-09-20 04:49:00,281 [pool-123-thread-1] INFO  storage.RaftStorage (RaftStorage.java:format(72)) - Storage directory /workdir/hadoop-ozone/integration-test/target/test-dir/MiniOzoneClusterImpl-cd85f641-6806-455e-b969-480e50aec385/datanode-0/data/ratis/9fdecfef-0809-4d47-919d-cecccfee5c71 has been successfully formatted.
2019-09-20 04:49:00,281 [pool-123-thread-1] INFO  ratis.ContainerStateMachine (ContainerStateMachine.java:loadSnapshot(226)) - group-CECCCFEE5C71: The snapshot info is null. Setting the last applied indexto:(t:0, i:~)
2019-09-20 04:49:00,281 [pool-123-thread-1] INFO  server.RaftServerConfigKeys (ConfUtils.java:logGet(43)) - raft.server.leader.election.timeout = 120s (custom)
2019-09-20 04:49:00,282 [pool-123-thread-1] INFO  server.RaftServerConfigKeys (ConfUtils.java:logGet(43)) - raft.server.log.use.memory = false (default)
2019-09-20 04:49:00,282 [pool-123-thread-1] INFO  server.RaftServerConfigKeys (ConfUtils.java:logGet(43)) - raft.server.log.purge.gap = 1000000 (custom)
2019-09-20 04:49:00,282 [pool-123-thread-1] INFO  server.RaftServerConfigKeys (ConfUtils.java:logGet(43)) - raft.server.log.appender.buffer.byte-limit = 33554432 (custom)
2019-09-20 04:49:00,282 [pool-123-thread-1] INFO  server.RaftServerConfigKeys (ConfUtils.java:logGet(43)) - raft.server.log.segment.size.max = 1048576 (custom)
2019-09-20 04:49:00,282 [pool-123-thread-1] INFO  server.RaftServerConfigKeys (ConfUtils.java:logGet(43)) - raft.server.log.segment.cache.num.max = 2 (custom)
2019-09-20 04:49:00,282 [pool-123-thread-1] INFO  segmented.SegmentedRaftLogWorker (SegmentedRaftLogWorker.java:<init>(172)) - new 236eed40-dd97-4fdc-a0ae-ab99685a426b-SegmentedRaftLogWorker:Storage Directory /workdir/hadoop-ozone/integration-test/target/test-dir/MiniOzoneClusterImpl-cd85f641-6806-455e-b969-480e50aec385/datanode-0/data/ratis/9fdecfef-0809-4d47-919d-cecccfee5c71 for RaftStorage:Storage Directory /workdir/hadoop-ozone/integration-test/target/test-dir/MiniOzoneClusterImpl-cd85f641-6806-455e-b969-480e50aec385/datanode-0/data/ratis/9fdecfef-0809-4d47-919d-cecccfee5c71
2019-09-20 04:49:00,282 [pool-123-thread-1] INFO  server.RaftServerConfigKeys (ConfUtils.java:logGet(43)) - raft.server.log.queue.byte-limit = 2147483647 (custom)
2019-09-20 04:49:00,282 [pool-123-thread-1] INFO  server.RaftServerConfigKeys (ConfUtils.java:logGet(43)) - raft.server.log.queue.element-limit = 1024 (custom)
2019-09-20 04:49:00,282 [pool-123-thread-1] INFO  server.RaftServerConfigKeys (ConfUtils.java:logGet(43)) - raft.server.log.segment.size.max = 1048576 (custom)
2019-09-20 04:49:00,283 [pool-123-thread-1] INFO  server.RaftServerConfigKeys (ConfUtils.java:logGet(43)) - raft.server.log.preallocated.size = 16384 (custom)
2019-09-20 04:49:00,283 [pool-123-thread-1] INFO  server.RaftServerConfigKeys (ConfUtils.java:logGet(43)) - raft.server.log.write.buffer.size = 33554432 (custom)
2019-09-20 04:49:00,283 [pool-123-thread-1] INFO  server.RaftServerConfigKeys (ConfUtils.java:logGet(43)) - raft.server.log.force.sync.num = 128 (default)
2019-09-20 04:49:00,283 [pool-123-thread-1] INFO  server.RaftServerConfigKeys (ConfUtils.java:logGet(43)) - raft.server.log.statemachine.data.sync = true (default)
2019-09-20 04:49:00,283 [pool-123-thread-1] INFO  server.RaftServerConfigKeys (ConfUtils.java:logGet(43)) - raft.server.log.statemachine.data.sync.timeout = 10s (default)
2019-09-20 04:49:00,283 [pool-123-thread-1] INFO  server.RaftServerConfigKeys (ConfUtils.java:logGet(43)) - raft.server.log.statemachine.data.sync.timeout.retry = -1 (default)
2019-09-20 04:49:00,283 [pool-123-thread-1] INFO  server.RaftServerConfigKeys (ConfUtils.java:logGet(43)) - raft.server.log.statemachine.data.caching.enabled = true (custom)
2019-09-20 04:49:00,283 [pool-123-thread-1] INFO  segmented.SegmentedRaftLogWorker (SegmentedRaftLogWorker.java:lambda$new$0(132)) - 236eed40-dd97-4fdc-a0ae-ab99685a426b-SegmentedRaftLogWorker:Storage Directory /workdir/hadoop-ozone/integration-test/target/test-dir/MiniOzoneClusterImpl-cd85f641-6806-455e-b969-480e50aec385/datanode-0/data/ratis/9fdecfef-0809-4d47-919d-cecccfee5c71: flushIndex: setUnconditionally 0 -> -1
2019-09-20 04:49:00,284 [pool-123-thread-1] INFO  server.RaftServerConfigKeys (ConfUtils.java:logGet(43)) - raft.server.snapshot.auto.trigger.enabled = true (custom)
2019-09-20 04:49:00,284 [pool-123-thread-1] INFO  server.RaftServerConfigKeys (ConfUtils.java:logGet(43)) - raft.server.snapshot.auto.trigger.threshold = 10000 (custom)
2019-09-20 04:49:00,284 [pool-123-thread-1] INFO  server.RaftServerConfigKeys (ConfUtils.java:logGet(43)) - raft.server.retrycache.expirytime = 600000ms (custom)
2019-09-20 04:49:00,284 [pool-123-thread-1] INFO  impl.RaftServerImpl (RaftServerImpl.java:start(180)) - 236eed40-dd97-4fdc-a0ae-ab99685a426b: start group-CECCCFEE5C71
2019-09-20 04:49:00,284 [pool-123-thread-1] INFO  impl.RaftServerImpl (RaftServerImpl.java:setRole(171)) - 236eed40-dd97-4fdc-a0ae-ab99685a426b:group-CECCCFEE5C71 changes role from null to FOLLOWER at term 0 for startAsFollower
2019-09-20 04:49:00,284 [pool-123-thread-1] INFO  impl.RoleInfo (RoleInfo.java:updateAndGet(143)) - 236eed40-dd97-4fdc-a0ae-ab99685a426b: start FollowerState
2019-09-20 04:49:00,285 [pool-123-thread-1] INFO  util.JmxRegister (JmxRegister.java:tryRegister(44)) - Successfully registered JMX Bean with object name Ratis:service=RaftServer,group=group-CECCCFEE5C71,id=236eed40-dd97-4fdc-a0ae-ab99685a426b
2019-09-20 04:49:00,287 [RatisPipelineUtilsThread] INFO  pipeline.PipelineStateManager (PipelineStateManager.java:addPipeline(56)) - Created pipeline Pipeline[ Id: 9fdecfef-0809-4d47-919d-cecccfee5c71, Nodes: 236eed40-dd97-4fdc-a0ae-ab99685a426b{ip: 192.168.36.79, host: pr-hdds-1569-s8kj2-2266485376, networkLocation: /default-rack, certSerialId: null}, Type:RATIS, Factor:ONE, State:OPEN]
2019-09-20 04:49:00,292 [grpc-default-executor-0] INFO  impl.RaftServerProxy (RaftServerProxy.java:addNew(89)) - 236eed40-dd97-4fdc-a0ae-ab99685a426b: addNew group-70E4DC9BB45C:[236eed40-dd97-4fdc-a0ae-ab99685a426b:192.168.36.79:38705] returns group-70E4DC9BB45C:java.util.concurrent.CompletableFuture@1e806906[Not completed]
2019-09-20 04:49:00,293 [pool-123-thread-1] INFO  impl.RaftServerImpl (RaftServerImpl.java:<init>(93)) - 236eed40-dd97-4fdc-a0ae-ab99685a426b: new RaftServerImpl for group-70E4DC9BB45C:[236eed40-dd97-4fdc-a0ae-ab99685a426b:192.168.36.79:38705] with ContainerStateMachine:uninitialized
2019-09-20 04:49:00,293 [pool-123-thread-1] INFO  server.RaftServerConfigKeys (ConfUtils.java:logGet(43)) - raft.server.rpc.timeout.min = 5s (custom)
2019-09-20 04:49:00,293 [pool-123-thread-1] INFO  server.RaftServerConfigKeys (ConfUtils.java:logGet(43)) - raft.server.rpc.timeout.max = 5200ms (custom)
2019-09-20 04:49:00,293 [pool-123-thread-1] INFO  server.RaftServerConfigKeys (ConfUtils.java:logGet(43)) - raft.server.rpcslowness.timeout = 120s (custom)
2019-09-20 04:49:00,294 [pool-123-thread-1] INFO  server.RaftServerConfigKeys (ConfUtils.java:logGet(43)) - raft.server.sleep.deviation.threshold = 300 (default)
2019-09-20 04:49:00,294 [pool-123-thread-1] INFO  server.RaftServerConfigKeys (ConfUtils.java:logGet(43)) - raft.server.log.appender.install.snapshot.enabled = false (custom)
2019-09-20 04:49:00,294 [pool-123-thread-1] INFO  impl.RaftServerImpl (ServerState.java:<init>(105)) - 236eed40-dd97-4fdc-a0ae-ab99685a426b:group-70E4DC9BB45C ConfigurationManager, init=-1: [236eed40-dd97-4fdc-a0ae-ab99685a426b:192.168.36.79:38705], old=null, confs=<EMPTY_MAP>
2019-09-20 04:49:00,294 [pool-123-thread-1] INFO  server.RaftServerConfigKeys (ConfUtils.java:logGet(43)) - raft.server.storage.dir = [/workdir/hadoop-ozone/integration-test/target/test-dir/MiniOzoneClusterImpl-cd85f641-6806-455e-b969-480e50aec385/datanode-0/data/ratis] (custom)
2019-09-20 04:49:00,294 [pool-123-thread-1] INFO  storage.RaftStorageDirectory (RaftStorageDirectory.java:analyzeStorage(246)) - The storage directory /workdir/hadoop-ozone/integration-test/target/test-dir/MiniOzoneClusterImpl-cd85f641-6806-455e-b969-480e50aec385/datanode-0/data/ratis/d56fb6dd-9cba-451e-925f-70e4dc9bb45c does not exist. Creating ...
2019-09-20 04:49:00,323 [pool-123-thread-1] INFO  storage.RaftStorageDirectory (RaftStorageDirectory.java:tryLock(328)) - Lock on /workdir/hadoop-ozone/integration-test/target/test-dir/MiniOzoneClusterImpl-cd85f641-6806-455e-b969-480e50aec385/datanode-0/data/ratis/d56fb6dd-9cba-451e-925f-70e4dc9bb45c/in_use.lock acquired by nodename 9457@pr-hdds-1569-s8kj2-2266485376
2019-09-20 04:49:00,340 [pool-123-thread-1] INFO  storage.RaftStorage (RaftStorage.java:format(72)) - Storage directory /workdir/hadoop-ozone/integration-test/target/test-dir/MiniOzoneClusterImpl-cd85f641-6806-455e-b969-480e50aec385/datanode-0/data/ratis/d56fb6dd-9cba-451e-925f-70e4dc9bb45c has been successfully formatted.
2019-09-20 04:49:00,340 [pool-123-thread-1] INFO  ratis.ContainerStateMachine (ContainerStateMachine.java:loadSnapshot(226)) - group-70E4DC9BB45C: The snapshot info is null. Setting the last applied indexto:(t:0, i:~)
2019-09-20 04:49:00,340 [pool-123-thread-1] INFO  server.RaftServerConfigKeys (ConfUtils.java:logGet(43)) - raft.server.leader.election.timeout = 120s (custom)
2019-09-20 04:49:00,340 [pool-123-thread-1] INFO  server.RaftServerConfigKeys (ConfUtils.java:logGet(43)) - raft.server.log.use.memory = false (default)
2019-09-20 04:49:00,341 [pool-123-thread-1] INFO  server.RaftServerConfigKeys (ConfUtils.java:logGet(43)) - raft.server.log.purge.gap = 1000000 (custom)
2019-09-20 04:49:00,341 [pool-123-thread-1] INFO  server.RaftServerConfigKeys (ConfUtils.java:logGet(43)) - raft.server.log.appender.buffer.byte-limit = 33554432 (custom)
2019-09-20 04:49:00,341 [pool-123-thread-1] INFO  server.RaftServerConfigKeys (ConfUtils.java:logGet(43)) - raft.server.log.segment.size.max = 1048576 (custom)
2019-09-20 04:49:00,341 [pool-123-thread-1] INFO  server.RaftServerConfigKeys (ConfUtils.java:logGet(43)) - raft.server.log.segment.cache.num.max = 2 (custom)
2019-09-20 04:49:00,341 [pool-123-thread-1] INFO  segmented.SegmentedRaftLogWorker (SegmentedRaftLogWorker.java:<init>(172)) - new 236eed40-dd97-4fdc-a0ae-ab99685a426b-SegmentedRaftLogWorker:Storage Directory /workdir/hadoop-ozone/integration-test/target/test-dir/MiniOzoneClusterImpl-cd85f641-6806-455e-b969-480e50aec385/datanode-0/data/ratis/d56fb6dd-9cba-451e-925f-70e4dc9bb45c for RaftStorage:Storage Directory /workdir/hadoop-ozone/integration-test/target/test-dir/MiniOzoneClusterImpl-cd85f641-6806-455e-b969-480e50aec385/datanode-0/data/ratis/d56fb6dd-9cba-451e-925f-70e4dc9bb45c
2019-09-20 04:49:00,341 [pool-123-thread-1] INFO  server.RaftServerConfigKeys (ConfUtils.java:logGet(43)) - raft.server.log.queue.byte-limit = 2147483647 (custom)
2019-09-20 04:49:00,341 [pool-123-thread-1] INFO  server.RaftServerConfigKeys (ConfUtils.java:logGet(43)) - raft.server.log.queue.element-limit = 1024 (custom)
2019-09-20 04:49:00,341 [pool-123-thread-1] INFO  server.RaftServerConfigKeys (ConfUtils.java:logGet(43)) - raft.server.log.segment.size.max = 1048576 (custom)
2019-09-20 04:49:00,341 [pool-123-thread-1] INFO  server.RaftServerConfigKeys (ConfUtils.java:logGet(43)) - raft.server.log.preallocated.size = 16384 (custom)
2019-09-20 04:49:00,341 [pool-123-thread-1] INFO  server.RaftServerConfigKeys (ConfUtils.java:logGet(43)) - raft.server.log.write.buffer.size = 33554432 (custom)
2019-09-20 04:49:00,342 [pool-123-thread-1] INFO  server.RaftServerConfigKeys (ConfUtils.java:logGet(43)) - raft.server.log.force.sync.num = 128 (default)
2019-09-20 04:49:00,342 [pool-123-thread-1] INFO  server.RaftServerConfigKeys (ConfUtils.java:logGet(43)) - raft.server.log.statemachine.data.sync = true (default)
2019-09-20 04:49:00,342 [pool-123-thread-1] INFO  server.RaftServerConfigKeys (ConfUtils.java:logGet(43)) - raft.server.log.statemachine.data.sync.timeout = 10s (default)
2019-09-20 04:49:00,342 [pool-123-thread-1] INFO  server.RaftServerConfigKeys (ConfUtils.java:logGet(43)) - raft.server.log.statemachine.data.sync.timeout.retry = -1 (default)
2019-09-20 04:49:00,342 [pool-123-thread-1] INFO  server.RaftServerConfigKeys (ConfUtils.java:logGet(43)) - raft.server.log.statemachine.data.caching.enabled = true (custom)
2019-09-20 04:49:00,342 [pool-123-thread-1] INFO  segmented.SegmentedRaftLogWorker (SegmentedRaftLogWorker.java:lambda$new$0(132)) - 236eed40-dd97-4fdc-a0ae-ab99685a426b-SegmentedRaftLogWorker:Storage Directory /workdir/hadoop-ozone/integration-test/target/test-dir/MiniOzoneClusterImpl-cd85f641-6806-455e-b969-480e50aec385/datanode-0/data/ratis/d56fb6dd-9cba-451e-925f-70e4dc9bb45c: flushIndex: setUnconditionally 0 -> -1
2019-09-20 04:49:00,342 [pool-123-thread-1] INFO  server.RaftServerConfigKeys (ConfUtils.java:logGet(43)) - raft.server.snapshot.auto.trigger.enabled = true (custom)
2019-09-20 04:49:00,343 [pool-123-thread-1] INFO  server.RaftServerConfigKeys (ConfUtils.java:logGet(43)) - raft.server.snapshot.auto.trigger.threshold = 10000 (custom)
2019-09-20 04:49:00,343 [pool-123-thread-1] INFO  server.RaftServerConfigKeys (ConfUtils.java:logGet(43)) - raft.server.retrycache.expirytime = 600000ms (custom)
2019-09-20 04:49:00,343 [pool-123-thread-1] INFO  impl.RaftServerImpl (RaftServerImpl.java:start(180)) - 236eed40-dd97-4fdc-a0ae-ab99685a426b: start group-70E4DC9BB45C
2019-09-20 04:49:00,343 [pool-123-thread-1] INFO  impl.RaftServerImpl (RaftServerImpl.java:setRole(171)) - 236eed40-dd97-4fdc-a0ae-ab99685a426b:group-70E4DC9BB45C changes role from null to FOLLOWER at term 0 for startAsFollower
2019-09-20 04:49:00,343 [pool-123-thread-1] INFO  impl.RoleInfo (RoleInfo.java:updateAndGet(143)) - 236eed40-dd97-4fdc-a0ae-ab99685a426b: start FollowerState
2019-09-20 04:49:00,344 [pool-123-thread-1] INFO  util.JmxRegister (JmxRegister.java:tryRegister(44)) - Successfully registered JMX Bean with object name Ratis:service=RaftServer,group=group-70E4DC9BB45C,id=236eed40-dd97-4fdc-a0ae-ab99685a426b
2019-09-20 04:49:00,347 [RatisPipelineUtilsThread] INFO  pipeline.PipelineStateManager (PipelineStateManager.java:addPipeline(56)) - Created pipeline Pipeline[ Id: d56fb6dd-9cba-451e-925f-70e4dc9bb45c, Nodes: 236eed40-dd97-4fdc-a0ae-ab99685a426b{ip: 192.168.36.79, host: pr-hdds-1569-s8kj2-2266485376, networkLocation: /default-rack, certSerialId: null}, Type:RATIS, Factor:ONE, State:OPEN]
2019-09-20 04:49:00,347 [RatisPipelineUtilsThread] INFO  pipeline.PipelinePlacementPolicy (PipelinePlacementPolicy.java:meetCriteria(91)) - Pipeline Placement: Doesn't meet the criteria to be viable node： 236eed40-dd97-4fdc-a0ae-ab99685a426b Heaviness: 6 limit: 5
2019-09-20 04:49:00,357 [grpc-default-executor-0] INFO  impl.RaftServerProxy (RaftServerProxy.java:addNew(89)) - ba95d636-ac34-4b74-a102-dec8d0f377c6: addNew group-ECAFFAEE0E48:[ba95d636-ac34-4b74-a102-dec8d0f377c6:192.168.36.79:41662] returns group-ECAFFAEE0E48:java.util.concurrent.CompletableFuture@5b02c0ad[Not completed]
2019-09-20 04:49:00,359 [pool-134-thread-1] INFO  impl.RaftServerImpl (RaftServerImpl.java:<init>(93)) - ba95d636-ac34-4b74-a102-dec8d0f377c6: new RaftServerImpl for group-ECAFFAEE0E48:[ba95d636-ac34-4b74-a102-dec8d0f377c6:192.168.36.79:41662] with ContainerStateMachine:uninitialized
2019-09-20 04:49:00,359 [pool-134-thread-1] INFO  server.RaftServerConfigKeys (ConfUtils.java:logGet(43)) - raft.server.rpc.timeout.min = 5s (custom)
2019-09-20 04:49:00,360 [pool-134-thread-1] INFO  server.RaftServerConfigKeys (ConfUtils.java:logGet(43)) - raft.server.rpc.timeout.max = 5200ms (custom)
2019-09-20 04:49:00,360 [pool-134-thread-1] INFO  server.RaftServerConfigKeys (ConfUtils.java:logGet(43)) - raft.server.rpcslowness.timeout = 120s (custom)
2019-09-20 04:49:00,360 [pool-134-thread-1] INFO  server.RaftServerConfigKeys (ConfUtils.java:logGet(43)) - raft.server.sleep.deviation.threshold = 300 (default)
2019-09-20 04:49:00,360 [pool-134-thread-1] INFO  server.RaftServerConfigKeys (ConfUtils.java:logGet(43)) - raft.server.log.appender.install.snapshot.enabled = false (custom)
2019-09-20 04:49:00,360 [pool-134-thread-1] INFO  impl.RaftServerImpl (ServerState.java:<init>(105)) - ba95d636-ac34-4b74-a102-dec8d0f377c6:group-ECAFFAEE0E48 ConfigurationManager, init=-1: [ba95d636-ac34-4b74-a102-dec8d0f377c6:192.168.36.79:41662], old=null, confs=<EMPTY_MAP>
2019-09-20 04:49:00,360 [pool-134-thread-1] INFO  server.RaftServerConfigKeys (ConfUtils.java:logGet(43)) - raft.server.storage.dir = [/workdir/hadoop-ozone/integration-test/target/test-dir/MiniOzoneClusterImpl-cd85f641-6806-455e-b969-480e50aec385/datanode-1/data/ratis] (custom)
2019-09-20 04:49:00,361 [pool-134-thread-1] INFO  storage.RaftStorageDirectory (RaftStorageDirectory.java:analyzeStorage(246)) - The storage directory /workdir/hadoop-ozone/integration-test/target/test-dir/MiniOzoneClusterImpl-cd85f641-6806-455e-b969-480e50aec385/datanode-1/data/ratis/abc9c710-4cd6-4119-b04e-ecaffaee0e48 does not exist. Creating ...
2019-09-20 04:49:00,382 [pool-134-thread-1] INFO  storage.RaftStorageDirectory (RaftStorageDirectory.java:tryLock(328)) - Lock on /workdir/hadoop-ozone/integration-test/target/test-dir/MiniOzoneClusterImpl-cd85f641-6806-455e-b969-480e50aec385/datanode-1/data/ratis/abc9c710-4cd6-4119-b04e-ecaffaee0e48/in_use.lock acquired by nodename 9457@pr-hdds-1569-s8kj2-2266485376
2019-09-20 04:49:00,408 [pool-134-thread-1] INFO  storage.RaftStorage (RaftStorage.java:format(72)) - Storage directory /workdir/hadoop-ozone/integration-test/target/test-dir/MiniOzoneClusterImpl-cd85f641-6806-455e-b969-480e50aec385/datanode-1/data/ratis/abc9c710-4cd6-4119-b04e-ecaffaee0e48 has been successfully formatted.
2019-09-20 04:49:00,408 [pool-134-thread-1] INFO  ratis.ContainerStateMachine (ContainerStateMachine.java:loadSnapshot(226)) - group-ECAFFAEE0E48: The snapshot info is null. Setting the last applied indexto:(t:0, i:~)
2019-09-20 04:49:00,408 [pool-134-thread-1] INFO  server.RaftServerConfigKeys (ConfUtils.java:logGet(43)) - raft.server.leader.election.timeout = 120s (custom)
2019-09-20 04:49:00,408 [pool-134-thread-1] INFO  server.RaftServerConfigKeys (ConfUtils.java:logGet(43)) - raft.server.log.use.memory = false (default)
2019-09-20 04:49:00,409 [pool-134-thread-1] INFO  server.RaftServerConfigKeys (ConfUtils.java:logGet(43)) - raft.server.log.purge.gap = 1000000 (custom)
2019-09-20 04:49:00,409 [pool-134-thread-1] INFO  server.RaftServerConfigKeys (ConfUtils.java:logGet(43)) - raft.server.log.appender.buffer.byte-limit = 33554432 (custom)
2019-09-20 04:49:00,409 [pool-134-thread-1] INFO  server.RaftServerConfigKeys (ConfUtils.java:logGet(43)) - raft.server.log.segment.size.max = 1048576 (custom)
2019-09-20 04:49:00,409 [pool-134-thread-1] INFO  server.RaftServerConfigKeys (ConfUtils.java:logGet(43)) - raft.server.log.segment.cache.num.max = 2 (custom)
2019-09-20 04:49:00,410 [pool-134-thread-1] INFO  segmented.SegmentedRaftLogWorker (SegmentedRaftLogWorker.java:<init>(172)) - new ba95d636-ac34-4b74-a102-dec8d0f377c6-SegmentedRaftLogWorker:Storage Directory /workdir/hadoop-ozone/integration-test/target/test-dir/MiniOzoneClusterImpl-cd85f641-6806-455e-b969-480e50aec385/datanode-1/data/ratis/abc9c710-4cd6-4119-b04e-ecaffaee0e48 for RaftStorage:Storage Directory /workdir/hadoop-ozone/integration-test/target/test-dir/MiniOzoneClusterImpl-cd85f641-6806-455e-b969-480e50aec385/datanode-1/data/ratis/abc9c710-4cd6-4119-b04e-ecaffaee0e48
2019-09-20 04:49:00,410 [pool-134-thread-1] INFO  server.RaftServerConfigKeys (ConfUtils.java:logGet(43)) - raft.server.log.queue.byte-limit = 2147483647 (custom)
2019-09-20 04:49:00,410 [pool-134-thread-1] INFO  server.RaftServerConfigKeys (ConfUtils.java:logGet(43)) - raft.server.log.queue.element-limit = 1024 (custom)
2019-09-20 04:49:00,411 [pool-134-thread-1] INFO  server.RaftServerConfigKeys (ConfUtils.java:logGet(43)) - raft.server.log.segment.size.max = 1048576 (custom)
2019-09-20 04:49:00,411 [pool-134-thread-1] INFO  server.RaftServerConfigKeys (ConfUtils.java:logGet(43)) - raft.server.log.preallocated.size = 16384 (custom)
2019-09-20 04:49:00,411 [pool-134-thread-1] INFO  server.RaftServerConfigKeys (ConfUtils.java:logGet(43)) - raft.server.log.write.buffer.size = 33554432 (custom)
2019-09-20 04:49:00,411 [pool-134-thread-1] INFO  server.RaftServerConfigKeys (ConfUtils.java:logGet(43)) - raft.server.log.force.sync.num = 128 (default)
2019-09-20 04:49:00,411 [pool-134-thread-1] INFO  server.RaftServerConfigKeys (ConfUtils.java:logGet(43)) - raft.server.log.statemachine.data.sync = true (default)
2019-09-20 04:49:00,412 [pool-134-thread-1] INFO  server.RaftServerConfigKeys (ConfUtils.java:logGet(43)) - raft.server.log.statemachine.data.sync.timeout = 10s (default)
2019-09-20 04:49:00,412 [pool-134-thread-1] INFO  server.RaftServerConfigKeys (ConfUtils.java:logGet(43)) - raft.server.log.statemachine.data.sync.timeout.retry = -1 (default)
2019-09-20 04:49:00,412 [pool-134-thread-1] INFO  server.RaftServerConfigKeys (ConfUtils.java:logGet(43)) - raft.server.log.statemachine.data.caching.enabled = true (custom)
2019-09-20 04:49:00,413 [pool-134-thread-1] INFO  segmented.SegmentedRaftLogWorker (SegmentedRaftLogWorker.java:lambda$new$0(132)) - ba95d636-ac34-4b74-a102-dec8d0f377c6-SegmentedRaftLogWorker:Storage Directory /workdir/hadoop-ozone/integration-test/target/test-dir/MiniOzoneClusterImpl-cd85f641-6806-455e-b969-480e50aec385/datanode-1/data/ratis/abc9c710-4cd6-4119-b04e-ecaffaee0e48: flushIndex: setUnconditionally 0 -> -1
2019-09-20 04:49:00,424 [pool-134-thread-1] INFO  server.RaftServerConfigKeys (ConfUtils.java:logGet(43)) - raft.server.snapshot.auto.trigger.enabled = true (custom)
2019-09-20 04:49:00,424 [pool-134-thread-1] INFO  server.RaftServerConfigKeys (ConfUtils.java:logGet(43)) - raft.server.snapshot.auto.trigger.threshold = 10000 (custom)
2019-09-20 04:49:00,424 [pool-134-thread-1] INFO  server.RaftServerConfigKeys (ConfUtils.java:logGet(43)) - raft.server.retrycache.expirytime = 600000ms (custom)
2019-09-20 04:49:00,425 [pool-134-thread-1] INFO  impl.RaftServerImpl (RaftServerImpl.java:start(180)) - ba95d636-ac34-4b74-a102-dec8d0f377c6: start group-ECAFFAEE0E48
2019-09-20 04:49:00,425 [pool-134-thread-1] INFO  impl.RaftServerImpl (RaftServerImpl.java:setRole(171)) - ba95d636-ac34-4b74-a102-dec8d0f377c6:group-ECAFFAEE0E48 changes role from null to FOLLOWER at term 0 for startAsFollower
2019-09-20 04:49:00,425 [pool-134-thread-1] INFO  impl.RoleInfo (RoleInfo.java:updateAndGet(143)) - ba95d636-ac34-4b74-a102-dec8d0f377c6: start FollowerState
2019-09-20 04:49:00,426 [pool-134-thread-1] INFO  util.JmxRegister (JmxRegister.java:tryRegister(44)) - Successfully registered JMX Bean with object name Ratis:service=RaftServer,group=group-ECAFFAEE0E48,id=ba95d636-ac34-4b74-a102-dec8d0f377c6
2019-09-20 04:49:00,428 [RatisPipelineUtilsThread] INFO  pipeline.PipelineStateManager (PipelineStateManager.java:addPipeline(56)) - Created pipeline Pipeline[ Id: abc9c710-4cd6-4119-b04e-ecaffaee0e48, Nodes: ba95d636-ac34-4b74-a102-dec8d0f377c6{ip: 192.168.36.79, host: pr-hdds-1569-s8kj2-2266485376, networkLocation: /default-rack, certSerialId: null}, Type:RATIS, Factor:ONE, State:OPEN]
2019-09-20 04:49:00,429 [RatisPipelineUtilsThread] INFO  pipeline.PipelinePlacementPolicy (PipelinePlacementPolicy.java:meetCriteria(91)) - Pipeline Placement: Doesn't meet the criteria to be viable node： 236eed40-dd97-4fdc-a0ae-ab99685a426b Heaviness: 6 limit: 5
2019-09-20 04:49:00,434 [grpc-default-executor-0] INFO  impl.RaftServerProxy (RaftServerProxy.java:addNew(89)) - ba95d636-ac34-4b74-a102-dec8d0f377c6: addNew group-DC146CE5DD8C:[ba95d636-ac34-4b74-a102-dec8d0f377c6:192.168.36.79:41662] returns group-DC146CE5DD8C:java.util.concurrent.CompletableFuture@773eca92[Not completed]
2019-09-20 04:49:00,436 [pool-134-thread-1] INFO  impl.RaftServerImpl (RaftServerImpl.java:<init>(93)) - ba95d636-ac34-4b74-a102-dec8d0f377c6: new RaftServerImpl for group-DC146CE5DD8C:[ba95d636-ac34-4b74-a102-dec8d0f377c6:192.168.36.79:41662] with ContainerStateMachine:uninitialized
2019-09-20 04:49:00,436 [pool-134-thread-1] INFO  server.RaftServerConfigKeys (ConfUtils.java:logGet(43)) - raft.server.rpc.timeout.min = 5s (custom)
2019-09-20 04:49:00,436 [pool-134-thread-1] INFO  server.RaftServerConfigKeys (ConfUtils.java:logGet(43)) - raft.server.rpc.timeout.max = 5200ms (custom)
2019-09-20 04:49:00,436 [pool-134-thread-1] INFO  server.RaftServerConfigKeys (ConfUtils.java:logGet(43)) - raft.server.rpcslowness.timeout = 120s (custom)
2019-09-20 04:49:00,436 [pool-134-thread-1] INFO  server.RaftServerConfigKeys (ConfUtils.java:logGet(43)) - raft.server.sleep.deviation.threshold = 300 (default)
2019-09-20 04:49:00,436 [pool-134-thread-1] INFO  server.RaftServerConfigKeys (ConfUtils.java:logGet(43)) - raft.server.log.appender.install.snapshot.enabled = false (custom)
2019-09-20 04:49:00,436 [pool-134-thread-1] INFO  impl.RaftServerImpl (ServerState.java:<init>(105)) - ba95d636-ac34-4b74-a102-dec8d0f377c6:group-DC146CE5DD8C ConfigurationManager, init=-1: [ba95d636-ac34-4b74-a102-dec8d0f377c6:192.168.36.79:41662], old=null, confs=<EMPTY_MAP>
2019-09-20 04:49:00,437 [pool-134-thread-1] INFO  server.RaftServerConfigKeys (ConfUtils.java:logGet(43)) - raft.server.storage.dir = [/workdir/hadoop-ozone/integration-test/target/test-dir/MiniOzoneClusterImpl-cd85f641-6806-455e-b969-480e50aec385/datanode-1/data/ratis] (custom)
2019-09-20 04:49:00,437 [pool-134-thread-1] INFO  storage.RaftStorageDirectory (RaftStorageDirectory.java:analyzeStorage(246)) - The storage directory /workdir/hadoop-ozone/integration-test/target/test-dir/MiniOzoneClusterImpl-cd85f641-6806-455e-b969-480e50aec385/datanode-1/data/ratis/c18f2795-e6c2-4d73-a7e7-dc146ce5dd8c does not exist. Creating ...
2019-09-20 04:49:00,446 [main] INFO  ozone.MiniOzoneClusterImpl (MiniOzoneClusterImpl.java:lambda$waitForClusterToBeReady$0(142)) - Waiting for cluster to be ready. Got 2 of 7 DN Heartbeats.
2019-09-20 04:49:00,458 [pool-134-thread-1] INFO  storage.RaftStorageDirectory (RaftStorageDirectory.java:tryLock(328)) - Lock on /workdir/hadoop-ozone/integration-test/target/test-dir/MiniOzoneClusterImpl-cd85f641-6806-455e-b969-480e50aec385/datanode-1/data/ratis/c18f2795-e6c2-4d73-a7e7-dc146ce5dd8c/in_use.lock acquired by nodename 9457@pr-hdds-1569-s8kj2-2266485376
2019-09-20 04:49:00,476 [pool-134-thread-1] INFO  storage.RaftStorage (RaftStorage.java:format(72)) - Storage directory /workdir/hadoop-ozone/integration-test/target/test-dir/MiniOzoneClusterImpl-cd85f641-6806-455e-b969-480e50aec385/datanode-1/data/ratis/c18f2795-e6c2-4d73-a7e7-dc146ce5dd8c has been successfully formatted.
2019-09-20 04:49:00,476 [pool-134-thread-1] INFO  ratis.ContainerStateMachine (ContainerStateMachine.java:loadSnapshot(226)) - group-DC146CE5DD8C: The snapshot info is null. Setting the last applied indexto:(t:0, i:~)
2019-09-20 04:49:00,476 [pool-134-thread-1] INFO  server.RaftServerConfigKeys (ConfUtils.java:logGet(43)) - raft.server.leader.election.timeout = 120s (custom)
2019-09-20 04:49:00,476 [pool-134-thread-1] INFO  server.RaftServerConfigKeys (ConfUtils.java:logGet(43)) - raft.server.log.use.memory = false (default)
2019-09-20 04:49:00,476 [pool-134-thread-1] INFO  server.RaftServerConfigKeys (ConfUtils.java:logGet(43)) - raft.server.log.purge.gap = 1000000 (custom)
2019-09-20 04:49:00,477 [pool-134-thread-1] INFO  server.RaftServerConfigKeys (ConfUtils.java:logGet(43)) - raft.server.log.appender.buffer.byte-limit = 33554432 (custom)
2019-09-20 04:49:00,477 [pool-134-thread-1] INFO  server.RaftServerConfigKeys (ConfUtils.java:logGet(43)) - raft.server.log.segment.size.max = 1048576 (custom)
2019-09-20 04:49:00,477 [pool-134-thread-1] INFO  server.RaftServerConfigKeys (ConfUtils.java:logGet(43)) - raft.server.log.segment.cache.num.max = 2 (custom)
2019-09-20 04:49:00,477 [pool-134-thread-1] INFO  segmented.SegmentedRaftLogWorker (SegmentedRaftLogWorker.java:<init>(172)) - new ba95d636-ac34-4b74-a102-dec8d0f377c6-SegmentedRaftLogWorker:Storage Directory /workdir/hadoop-ozone/integration-test/target/test-dir/MiniOzoneClusterImpl-cd85f641-6806-455e-b969-480e50aec385/datanode-1/data/ratis/c18f2795-e6c2-4d73-a7e7-dc146ce5dd8c for RaftStorage:Storage Directory /workdir/hadoop-ozone/integration-test/target/test-dir/MiniOzoneClusterImpl-cd85f641-6806-455e-b969-480e50aec385/datanode-1/data/ratis/c18f2795-e6c2-4d73-a7e7-dc146ce5dd8c
2019-09-20 04:49:00,477 [pool-134-thread-1] INFO  server.RaftServerConfigKeys (ConfUtils.java:logGet(43)) - raft.server.log.queue.byte-limit = 2147483647 (custom)
2019-09-20 04:49:00,477 [pool-134-thread-1] INFO  server.RaftServerConfigKeys (ConfUtils.java:logGet(43)) - raft.server.log.queue.element-limit = 1024 (custom)
2019-09-20 04:49:00,477 [pool-134-thread-1] INFO  server.RaftServerConfigKeys (ConfUtils.java:logGet(43)) - raft.server.log.segment.size.max = 1048576 (custom)
2019-09-20 04:49:00,478 [pool-134-thread-1] INFO  server.RaftServerConfigKeys (ConfUtils.java:logGet(43)) - raft.server.log.preallocated.size = 16384 (custom)
2019-09-20 04:49:00,478 [pool-134-thread-1] INFO  server.RaftServerConfigKeys (ConfUtils.java:logGet(43)) - raft.server.log.write.buffer.size = 33554432 (custom)
2019-09-20 04:49:00,478 [pool-134-thread-1] INFO  server.RaftServerConfigKeys (ConfUtils.java:logGet(43)) - raft.server.log.force.sync.num = 128 (default)
2019-09-20 04:49:00,478 [pool-134-thread-1] INFO  server.RaftServerConfigKeys (ConfUtils.java:logGet(43)) - raft.server.log.statemachine.data.sync = true (default)
2019-09-20 04:49:00,478 [pool-134-thread-1] INFO  server.RaftServerConfigKeys (ConfUtils.java:logGet(43)) - raft.server.log.statemachine.data.sync.timeout = 10s (default)
2019-09-20 04:49:00,478 [pool-134-thread-1] INFO  server.RaftServerConfigKeys (ConfUtils.java:logGet(43)) - raft.server.log.statemachine.data.sync.timeout.retry = -1 (default)
2019-09-20 04:49:00,478 [pool-134-thread-1] INFO  server.RaftServerConfigKeys (ConfUtils.java:logGet(43)) - raft.server.log.statemachine.data.caching.enabled = true (custom)
2019-09-20 04:49:00,479 [pool-134-thread-1] INFO  segmented.SegmentedRaftLogWorker (SegmentedRaftLogWorker.java:lambda$new$0(132)) - ba95d636-ac34-4b74-a102-dec8d0f377c6-SegmentedRaftLogWorker:Storage Directory /workdir/hadoop-ozone/integration-test/target/test-dir/MiniOzoneClusterImpl-cd85f641-6806-455e-b969-480e50aec385/datanode-1/data/ratis/c18f2795-e6c2-4d73-a7e7-dc146ce5dd8c: flushIndex: setUnconditionally 0 -> -1
2019-09-20 04:49:00,479 [pool-134-thread-1] INFO  server.RaftServerConfigKeys (ConfUtils.java:logGet(43)) - raft.server.snapshot.auto.trigger.enabled = true (custom)
2019-09-20 04:49:00,479 [pool-134-thread-1] INFO  server.RaftServerConfigKeys (ConfUtils.java:logGet(43)) - raft.server.snapshot.auto.trigger.threshold = 10000 (custom)
2019-09-20 04:49:00,479 [pool-134-thread-1] INFO  server.RaftServerConfigKeys (ConfUtils.java:logGet(43)) - raft.server.retrycache.expirytime = 600000ms (custom)
2019-09-20 04:49:00,479 [pool-134-thread-1] INFO  impl.RaftServerImpl (RaftServerImpl.java:start(180)) - ba95d636-ac34-4b74-a102-dec8d0f377c6: start group-DC146CE5DD8C
2019-09-20 04:49:00,480 [pool-134-thread-1] INFO  impl.RaftServerImpl (RaftServerImpl.java:setRole(171)) - ba95d636-ac34-4b74-a102-dec8d0f377c6:group-DC146CE5DD8C changes role from null to FOLLOWER at term 0 for startAsFollower
2019-09-20 04:49:00,480 [pool-134-thread-1] INFO  impl.RoleInfo (RoleInfo.java:updateAndGet(143)) - ba95d636-ac34-4b74-a102-dec8d0f377c6: start FollowerState
2019-09-20 04:49:00,480 [pool-134-thread-1] INFO  util.JmxRegister (JmxRegister.java:tryRegister(44)) - Successfully registered JMX Bean with object name Ratis:service=RaftServer,group=group-DC146CE5DD8C,id=ba95d636-ac34-4b74-a102-dec8d0f377c6
2019-09-20 04:49:00,642 [IPC Server handler 5 on 40543] INFO  net.NetworkTopology (NetworkTopologyImpl.java:add(110)) - Added a new node: /default-rack/c4f6294c-eda3-4afd-81f7-e69ed14da69f
2019-09-20 04:49:00,642 [IPC Server handler 5 on 40543] INFO  node.SCMNodeManager (SCMNodeManager.java:register(273)) - Registered Data node : c4f6294c-eda3-4afd-81f7-e69ed14da69f{ip: 192.168.36.79, host: pr-hdds-1569-s8kj2-2266485376, networkLocation: /default-rack, certSerialId: null}
2019-09-20 04:49:00,642 | INFO  | SCMAudit | user=jenkins1000 | ip=192.168.36.79 | op=REGISTER {datanodeDetails=c4f6294c-eda3-4afd-81f7-e69ed14da69f{ip: 192.168.36.79, host: pr-hdds-1569-s8kj2-2266485376, networkLocation: /default-rack, certSerialId: null}} | ret=SUCCESS |  
2019-09-20 04:49:00,644 [RatisPipelineUtilsThread] INFO  pipeline.PipelineStateManager (PipelineStateManager.java:addPipeline(56)) - Created pipeline Pipeline[ Id: c18f2795-e6c2-4d73-a7e7-dc146ce5dd8c, Nodes: ba95d636-ac34-4b74-a102-dec8d0f377c6{ip: 192.168.36.79, host: pr-hdds-1569-s8kj2-2266485376, networkLocation: /default-rack, certSerialId: null}, Type:RATIS, Factor:ONE, State:OPEN]
2019-09-20 04:49:00,644 [RatisPipelineUtilsThread] INFO  pipeline.PipelinePlacementPolicy (PipelinePlacementPolicy.java:meetCriteria(91)) - Pipeline Placement: Doesn't meet the criteria to be viable node： 236eed40-dd97-4fdc-a0ae-ab99685a426b Heaviness: 6 limit: 5
2019-09-20 04:49:00,650 [grpc-default-executor-0] INFO  impl.RaftServerProxy (RaftServerProxy.java:addNew(89)) - ba95d636-ac34-4b74-a102-dec8d0f377c6: addNew group-F8942C8F5E0D:[ba95d636-ac34-4b74-a102-dec8d0f377c6:192.168.36.79:41662] returns group-F8942C8F5E0D:java.util.concurrent.CompletableFuture@4901e749[Not completed]
2019-09-20 04:49:00,651 [pool-134-thread-1] INFO  impl.RaftServerImpl (RaftServerImpl.java:<init>(93)) - ba95d636-ac34-4b74-a102-dec8d0f377c6: new RaftServerImpl for group-F8942C8F5E0D:[ba95d636-ac34-4b74-a102-dec8d0f377c6:192.168.36.79:41662] with ContainerStateMachine:uninitialized
2019-09-20 04:49:00,651 [pool-134-thread-1] INFO  server.RaftServerConfigKeys (ConfUtils.java:logGet(43)) - raft.server.rpc.timeout.min = 5s (custom)
2019-09-20 04:49:00,651 [pool-134-thread-1] INFO  server.RaftServerConfigKeys (ConfUtils.java:logGet(43)) - raft.server.rpc.timeout.max = 5200ms (custom)
2019-09-20 04:49:00,651 [pool-134-thread-1] INFO  server.RaftServerConfigKeys (ConfUtils.java:logGet(43)) - raft.server.rpcslowness.timeout = 120s (custom)
2019-09-20 04:49:00,652 [pool-134-thread-1] INFO  server.RaftServerConfigKeys (ConfUtils.java:logGet(43)) - raft.server.sleep.deviation.threshold = 300 (default)
2019-09-20 04:49:00,652 [pool-134-thread-1] INFO  server.RaftServerConfigKeys (ConfUtils.java:logGet(43)) - raft.server.log.appender.install.snapshot.enabled = false (custom)
2019-09-20 04:49:00,652 [pool-134-thread-1] INFO  impl.RaftServerImpl (ServerState.java:<init>(105)) - ba95d636-ac34-4b74-a102-dec8d0f377c6:group-F8942C8F5E0D ConfigurationManager, init=-1: [ba95d636-ac34-4b74-a102-dec8d0f377c6:192.168.36.79:41662], old=null, confs=<EMPTY_MAP>
2019-09-20 04:49:00,652 [pool-134-thread-1] INFO  server.RaftServerConfigKeys (ConfUtils.java:logGet(43)) - raft.server.storage.dir = [/workdir/hadoop-ozone/integration-test/target/test-dir/MiniOzoneClusterImpl-cd85f641-6806-455e-b969-480e50aec385/datanode-1/data/ratis] (custom)
2019-09-20 04:49:00,652 [pool-134-thread-1] INFO  storage.RaftStorageDirectory (RaftStorageDirectory.java:analyzeStorage(246)) - The storage directory /workdir/hadoop-ozone/integration-test/target/test-dir/MiniOzoneClusterImpl-cd85f641-6806-455e-b969-480e50aec385/datanode-1/data/ratis/b2136ffd-8da2-477f-a227-f8942c8f5e0d does not exist. Creating ...
2019-09-20 04:49:00,658 | INFO  | SCMAudit | user=jenkins1000 | ip=192.168.36.79 | op=SEND_HEARTBEAT {datanodeUUID=2d6465ef-cffa-473a-a4c6-a9aa3f1a26c0, command=[]} | ret=SUCCESS |  
2019-09-20 04:49:00,659 | INFO  | SCMAudit | user=jenkins1000 | ip=192.168.36.79 | op=SEND_HEARTBEAT {datanodeUUID=2702b462-69d8-4c1b-aae1-091a21fe08b8, command=[]} | ret=SUCCESS |  
2019-09-20 04:49:00,685 [pool-134-thread-1] INFO  storage.RaftStorageDirectory (RaftStorageDirectory.java:tryLock(328)) - Lock on /workdir/hadoop-ozone/integration-test/target/test-dir/MiniOzoneClusterImpl-cd85f641-6806-455e-b969-480e50aec385/datanode-1/data/ratis/b2136ffd-8da2-477f-a227-f8942c8f5e0d/in_use.lock acquired by nodename 9457@pr-hdds-1569-s8kj2-2266485376
2019-09-20 04:49:00,710 [pool-134-thread-1] INFO  storage.RaftStorage (RaftStorage.java:format(72)) - Storage directory /workdir/hadoop-ozone/integration-test/target/test-dir/MiniOzoneClusterImpl-cd85f641-6806-455e-b969-480e50aec385/datanode-1/data/ratis/b2136ffd-8da2-477f-a227-f8942c8f5e0d has been successfully formatted.
2019-09-20 04:49:00,711 [pool-134-thread-1] INFO  ratis.ContainerStateMachine (ContainerStateMachine.java:loadSnapshot(226)) - group-F8942C8F5E0D: The snapshot info is null. Setting the last applied indexto:(t:0, i:~)
2019-09-20 04:49:00,711 [pool-134-thread-1] INFO  server.RaftServerConfigKeys (ConfUtils.java:logGet(43)) - raft.server.leader.election.timeout = 120s (custom)
2019-09-20 04:49:00,711 [pool-134-thread-1] INFO  server.RaftServerConfigKeys (ConfUtils.java:logGet(43)) - raft.server.log.use.memory = false (default)
2019-09-20 04:49:00,712 [pool-134-thread-1] INFO  server.RaftServerConfigKeys (ConfUtils.java:logGet(43)) - raft.server.log.purge.gap = 1000000 (custom)
2019-09-20 04:49:00,712 [pool-134-thread-1] INFO  server.RaftServerConfigKeys (ConfUtils.java:logGet(43)) - raft.server.log.appender.buffer.byte-limit = 33554432 (custom)
2019-09-20 04:49:00,712 [pool-134-thread-1] INFO  server.RaftServerConfigKeys (ConfUtils.java:logGet(43)) - raft.server.log.segment.size.max = 1048576 (custom)
2019-09-20 04:49:00,712 [pool-134-thread-1] INFO  server.RaftServerConfigKeys (ConfUtils.java:logGet(43)) - raft.server.log.segment.cache.num.max = 2 (custom)
2019-09-20 04:49:00,712 [pool-134-thread-1] INFO  segmented.SegmentedRaftLogWorker (SegmentedRaftLogWorker.java:<init>(172)) - new ba95d636-ac34-4b74-a102-dec8d0f377c6-SegmentedRaftLogWorker:Storage Directory /workdir/hadoop-ozone/integration-test/target/test-dir/MiniOzoneClusterImpl-cd85f641-6806-455e-b969-480e50aec385/datanode-1/data/ratis/b2136ffd-8da2-477f-a227-f8942c8f5e0d for RaftStorage:Storage Directory /workdir/hadoop-ozone/integration-test/target/test-dir/MiniOzoneClusterImpl-cd85f641-6806-455e-b969-480e50aec385/datanode-1/data/ratis/b2136ffd-8da2-477f-a227-f8942c8f5e0d
2019-09-20 04:49:00,713 [pool-134-thread-1] INFO  server.RaftServerConfigKeys (ConfUtils.java:logGet(43)) - raft.server.log.queue.byte-limit = 2147483647 (custom)
2019-09-20 04:49:00,713 [pool-134-thread-1] INFO  server.RaftServerConfigKeys (ConfUtils.java:logGet(43)) - raft.server.log.queue.element-limit = 1024 (custom)
2019-09-20 04:49:00,713 [pool-134-thread-1] INFO  server.RaftServerConfigKeys (ConfUtils.java:logGet(43)) - raft.server.log.segment.size.max = 1048576 (custom)
2019-09-20 04:49:00,713 [pool-134-thread-1] INFO  server.RaftServerConfigKeys (ConfUtils.java:logGet(43)) - raft.server.log.preallocated.size = 16384 (custom)
2019-09-20 04:49:00,713 [pool-134-thread-1] INFO  server.RaftServerConfigKeys (ConfUtils.java:logGet(43)) - raft.server.log.write.buffer.size = 33554432 (custom)
2019-09-20 04:49:00,713 [pool-134-thread-1] INFO  server.RaftServerConfigKeys (ConfUtils.java:logGet(43)) - raft.server.log.force.sync.num = 128 (default)
2019-09-20 04:49:00,714 [pool-134-thread-1] INFO  server.RaftServerConfigKeys (ConfUtils.java:logGet(43)) - raft.server.log.statemachine.data.sync = true (default)
2019-09-20 04:49:00,714 [pool-134-thread-1] INFO  server.RaftServerConfigKeys (ConfUtils.java:logGet(43)) - raft.server.log.statemachine.data.sync.timeout = 10s (default)
2019-09-20 04:49:00,714 [pool-134-thread-1] INFO  server.RaftServerConfigKeys (ConfUtils.java:logGet(43)) - raft.server.log.statemachine.data.sync.timeout.retry = -1 (default)
2019-09-20 04:49:00,714 [pool-134-thread-1] INFO  server.RaftServerConfigKeys (ConfUtils.java:logGet(43)) - raft.server.log.statemachine.data.caching.enabled = true (custom)
2019-09-20 04:49:00,715 [pool-134-thread-1] INFO  segmented.SegmentedRaftLogWorker (SegmentedRaftLogWorker.java:lambda$new$0(132)) - ba95d636-ac34-4b74-a102-dec8d0f377c6-SegmentedRaftLogWorker:Storage Directory /workdir/hadoop-ozone/integration-test/target/test-dir/MiniOzoneClusterImpl-cd85f641-6806-455e-b969-480e50aec385/datanode-1/data/ratis/b2136ffd-8da2-477f-a227-f8942c8f5e0d: flushIndex: setUnconditionally 0 -> -1
2019-09-20 04:49:00,715 [pool-134-thread-1] INFO  server.RaftServerConfigKeys (ConfUtils.java:logGet(43)) - raft.server.snapshot.auto.trigger.enabled = true (custom)
2019-09-20 04:49:00,715 [pool-134-thread-1] INFO  server.RaftServerConfigKeys (ConfUtils.java:logGet(43)) - raft.server.snapshot.auto.trigger.threshold = 10000 (custom)
2019-09-20 04:49:00,715 [pool-134-thread-1] INFO  server.RaftServerConfigKeys (ConfUtils.java:logGet(43)) - raft.server.retrycache.expirytime = 600000ms (custom)
2019-09-20 04:49:00,716 [pool-134-thread-1] INFO  impl.RaftServerImpl (RaftServerImpl.java:start(180)) - ba95d636-ac34-4b74-a102-dec8d0f377c6: start group-F8942C8F5E0D
2019-09-20 04:49:00,716 [pool-134-thread-1] INFO  impl.RaftServerImpl (RaftServerImpl.java:setRole(171)) - ba95d636-ac34-4b74-a102-dec8d0f377c6:group-F8942C8F5E0D changes role from null to FOLLOWER at term 0 for startAsFollower
2019-09-20 04:49:00,716 [pool-134-thread-1] INFO  impl.RoleInfo (RoleInfo.java:updateAndGet(143)) - ba95d636-ac34-4b74-a102-dec8d0f377c6: start FollowerState
2019-09-20 04:49:00,717 [pool-134-thread-1] INFO  util.JmxRegister (JmxRegister.java:tryRegister(44)) - Successfully registered JMX Bean with object name Ratis:service=RaftServer,group=group-F8942C8F5E0D,id=ba95d636-ac34-4b74-a102-dec8d0f377c6
2019-09-20 04:49:00,720 [RatisPipelineUtilsThread] INFO  pipeline.PipelineStateManager (PipelineStateManager.java:addPipeline(56)) - Created pipeline Pipeline[ Id: b2136ffd-8da2-477f-a227-f8942c8f5e0d, Nodes: ba95d636-ac34-4b74-a102-dec8d0f377c6{ip: 192.168.36.79, host: pr-hdds-1569-s8kj2-2266485376, networkLocation: /default-rack, certSerialId: null}, Type:RATIS, Factor:ONE, State:OPEN]
2019-09-20 04:49:00,721 [RatisPipelineUtilsThread] INFO  pipeline.PipelinePlacementPolicy (PipelinePlacementPolicy.java:meetCriteria(91)) - Pipeline Placement: Doesn't meet the criteria to be viable node： 236eed40-dd97-4fdc-a0ae-ab99685a426b Heaviness: 6 limit: 5
2019-09-20 04:49:00,727 [grpc-default-executor-0] INFO  impl.RaftServerProxy (RaftServerProxy.java:addNew(89)) - ba95d636-ac34-4b74-a102-dec8d0f377c6: addNew group-B466CBC069E0:[ba95d636-ac34-4b74-a102-dec8d0f377c6:192.168.36.79:41662] returns group-B466CBC069E0:java.util.concurrent.CompletableFuture@34958156[Not completed]
2019-09-20 04:49:00,728 [pool-134-thread-1] INFO  impl.RaftServerImpl (RaftServerImpl.java:<init>(93)) - ba95d636-ac34-4b74-a102-dec8d0f377c6: new RaftServerImpl for group-B466CBC069E0:[ba95d636-ac34-4b74-a102-dec8d0f377c6:192.168.36.79:41662] with ContainerStateMachine:uninitialized
2019-09-20 04:49:00,729 [pool-134-thread-1] INFO  server.RaftServerConfigKeys (ConfUtils.java:logGet(43)) - raft.server.rpc.timeout.min = 5s (custom)
2019-09-20 04:49:00,729 [pool-134-thread-1] INFO  server.RaftServerConfigKeys (ConfUtils.java:logGet(43)) - raft.server.rpc.timeout.max = 5200ms (custom)
2019-09-20 04:49:00,729 [pool-134-thread-1] INFO  server.RaftServerConfigKeys (ConfUtils.java:logGet(43)) - raft.server.rpcslowness.timeout = 120s (custom)
2019-09-20 04:49:00,729 [pool-134-thread-1] INFO  server.RaftServerConfigKeys (ConfUtils.java:logGet(43)) - raft.server.sleep.deviation.threshold = 300 (default)
2019-09-20 04:49:00,729 [pool-134-thread-1] INFO  server.RaftServerConfigKeys (ConfUtils.java:logGet(43)) - raft.server.log.appender.install.snapshot.enabled = false (custom)
2019-09-20 04:49:00,729 [pool-134-thread-1] INFO  impl.RaftServerImpl (ServerState.java:<init>(105)) - ba95d636-ac34-4b74-a102-dec8d0f377c6:group-B466CBC069E0 ConfigurationManager, init=-1: [ba95d636-ac34-4b74-a102-dec8d0f377c6:192.168.36.79:41662], old=null, confs=<EMPTY_MAP>
2019-09-20 04:49:00,729 [pool-134-thread-1] INFO  server.RaftServerConfigKeys (ConfUtils.java:logGet(43)) - raft.server.storage.dir = [/workdir/hadoop-ozone/integration-test/target/test-dir/MiniOzoneClusterImpl-cd85f641-6806-455e-b969-480e50aec385/datanode-1/data/ratis] (custom)
2019-09-20 04:49:00,730 [pool-134-thread-1] INFO  storage.RaftStorageDirectory (RaftStorageDirectory.java:analyzeStorage(246)) - The storage directory /workdir/hadoop-ozone/integration-test/target/test-dir/MiniOzoneClusterImpl-cd85f641-6806-455e-b969-480e50aec385/datanode-1/data/ratis/9321c722-8d6d-4c27-a1f4-b466cbc069e0 does not exist. Creating ...
2019-09-20 04:49:00,738 [IPC Server handler 4 on 40543] INFO  net.NetworkTopology (NetworkTopologyImpl.java:add(110)) - Added a new node: /default-rack/fdbc37f2-9e58-4bac-a5d5-a78839d012e9
2019-09-20 04:49:00,738 [IPC Server handler 4 on 40543] INFO  node.SCMNodeManager (SCMNodeManager.java:register(273)) - Registered Data node : fdbc37f2-9e58-4bac-a5d5-a78839d012e9{ip: 192.168.36.79, host: pr-hdds-1569-s8kj2-2266485376, networkLocation: /default-rack, certSerialId: null}
2019-09-20 04:49:00,738 | INFO  | SCMAudit | user=jenkins1000 | ip=192.168.36.79 | op=REGISTER {datanodeDetails=fdbc37f2-9e58-4bac-a5d5-a78839d012e9{ip: 192.168.36.79, host: pr-hdds-1569-s8kj2-2266485376, networkLocation: /default-rack, certSerialId: null}} | ret=SUCCESS |  
2019-09-20 04:49:00,752 [pool-134-thread-1] INFO  storage.RaftStorageDirectory (RaftStorageDirectory.java:tryLock(328)) - Lock on /workdir/hadoop-ozone/integration-test/target/test-dir/MiniOzoneClusterImpl-cd85f641-6806-455e-b969-480e50aec385/datanode-1/data/ratis/9321c722-8d6d-4c27-a1f4-b466cbc069e0/in_use.lock acquired by nodename 9457@pr-hdds-1569-s8kj2-2266485376
2019-09-20 04:49:00,766 | INFO  | SCMAudit | user=jenkins1000 | ip=192.168.36.79 | op=SEND_HEARTBEAT {datanodeUUID=1d91ad97-6666-4ee7-855a-8b5e944e7401, command=[]} | ret=SUCCESS |  
2019-09-20 04:49:00,777 [pool-134-thread-1] INFO  storage.RaftStorage (RaftStorage.java:format(72)) - Storage directory /workdir/hadoop-ozone/integration-test/target/test-dir/MiniOzoneClusterImpl-cd85f641-6806-455e-b969-480e50aec385/datanode-1/data/ratis/9321c722-8d6d-4c27-a1f4-b466cbc069e0 has been successfully formatted.
2019-09-20 04:49:00,778 [pool-134-thread-1] INFO  ratis.ContainerStateMachine (ContainerStateMachine.java:loadSnapshot(226)) - group-B466CBC069E0: The snapshot info is null. Setting the last applied indexto:(t:0, i:~)
2019-09-20 04:49:00,778 [pool-134-thread-1] INFO  server.RaftServerConfigKeys (ConfUtils.java:logGet(43)) - raft.server.leader.election.timeout = 120s (custom)
2019-09-20 04:49:00,778 [pool-134-thread-1] INFO  server.RaftServerConfigKeys (ConfUtils.java:logGet(43)) - raft.server.log.use.memory = false (default)
2019-09-20 04:49:00,778 [pool-134-thread-1] INFO  server.RaftServerConfigKeys (ConfUtils.java:logGet(43)) - raft.server.log.purge.gap = 1000000 (custom)
2019-09-20 04:49:00,778 [pool-134-thread-1] INFO  server.RaftServerConfigKeys (ConfUtils.java:logGet(43)) - raft.server.log.appender.buffer.byte-limit = 33554432 (custom)
2019-09-20 04:49:00,779 [pool-134-thread-1] INFO  server.RaftServerConfigKeys (ConfUtils.java:logGet(43)) - raft.server.log.segment.size.max = 1048576 (custom)
2019-09-20 04:49:00,779 [pool-134-thread-1] INFO  server.RaftServerConfigKeys (ConfUtils.java:logGet(43)) - raft.server.log.segment.cache.num.max = 2 (custom)
2019-09-20 04:49:00,779 [pool-134-thread-1] INFO  segmented.SegmentedRaftLogWorker (SegmentedRaftLogWorker.java:<init>(172)) - new ba95d636-ac34-4b74-a102-dec8d0f377c6-SegmentedRaftLogWorker:Storage Directory /workdir/hadoop-ozone/integration-test/target/test-dir/MiniOzoneClusterImpl-cd85f641-6806-455e-b969-480e50aec385/datanode-1/data/ratis/9321c722-8d6d-4c27-a1f4-b466cbc069e0 for RaftStorage:Storage Directory /workdir/hadoop-ozone/integration-test/target/test-dir/MiniOzoneClusterImpl-cd85f641-6806-455e-b969-480e50aec385/datanode-1/data/ratis/9321c722-8d6d-4c27-a1f4-b466cbc069e0
2019-09-20 04:49:00,779 [pool-134-thread-1] INFO  server.RaftServerConfigKeys (ConfUtils.java:logGet(43)) - raft.server.log.queue.byte-limit = 2147483647 (custom)
2019-09-20 04:49:00,779 [pool-134-thread-1] INFO  server.RaftServerConfigKeys (ConfUtils.java:logGet(43)) - raft.server.log.queue.element-limit = 1024 (custom)
2019-09-20 04:49:00,779 [pool-134-thread-1] INFO  server.RaftServerConfigKeys (ConfUtils.java:logGet(43)) - raft.server.log.segment.size.max = 1048576 (custom)
2019-09-20 04:49:00,779 [pool-134-thread-1] INFO  server.RaftServerConfigKeys (ConfUtils.java:logGet(43)) - raft.server.log.preallocated.size = 16384 (custom)
2019-09-20 04:49:00,779 [pool-134-thread-1] INFO  server.RaftServerConfigKeys (ConfUtils.java:logGet(43)) - raft.server.log.write.buffer.size = 33554432 (custom)
2019-09-20 04:49:00,780 [pool-134-thread-1] INFO  server.RaftServerConfigKeys (ConfUtils.java:logGet(43)) - raft.server.log.force.sync.num = 128 (default)
2019-09-20 04:49:00,780 [pool-134-thread-1] INFO  server.RaftServerConfigKeys (ConfUtils.java:logGet(43)) - raft.server.log.statemachine.data.sync = true (default)
2019-09-20 04:49:00,780 [pool-134-thread-1] INFO  server.RaftServerConfigKeys (ConfUtils.java:logGet(43)) - raft.server.log.statemachine.data.sync.timeout = 10s (default)
2019-09-20 04:49:00,780 [pool-134-thread-1] INFO  server.RaftServerConfigKeys (ConfUtils.java:logGet(43)) - raft.server.log.statemachine.data.sync.timeout.retry = -1 (default)
2019-09-20 04:49:00,780 [pool-134-thread-1] INFO  server.RaftServerConfigKeys (ConfUtils.java:logGet(43)) - raft.server.log.statemachine.data.caching.enabled = true (custom)
2019-09-20 04:49:00,781 [pool-134-thread-1] INFO  segmented.SegmentedRaftLogWorker (SegmentedRaftLogWorker.java:lambda$new$0(132)) - ba95d636-ac34-4b74-a102-dec8d0f377c6-SegmentedRaftLogWorker:Storage Directory /workdir/hadoop-ozone/integration-test/target/test-dir/MiniOzoneClusterImpl-cd85f641-6806-455e-b969-480e50aec385/datanode-1/data/ratis/9321c722-8d6d-4c27-a1f4-b466cbc069e0: flushIndex: setUnconditionally 0 -> -1
2019-09-20 04:49:00,781 [pool-134-thread-1] INFO  server.RaftServerConfigKeys (ConfUtils.java:logGet(43)) - raft.server.snapshot.auto.trigger.enabled = true (custom)
2019-09-20 04:49:00,781 [pool-134-thread-1] INFO  server.RaftServerConfigKeys (ConfUtils.java:logGet(43)) - raft.server.snapshot.auto.trigger.threshold = 10000 (custom)
2019-09-20 04:49:00,781 [pool-134-thread-1] INFO  server.RaftServerConfigKeys (ConfUtils.java:logGet(43)) - raft.server.retrycache.expirytime = 600000ms (custom)
2019-09-20 04:49:00,781 [pool-134-thread-1] INFO  impl.RaftServerImpl (RaftServerImpl.java:start(180)) - ba95d636-ac34-4b74-a102-dec8d0f377c6: start group-B466CBC069E0
2019-09-20 04:49:00,781 [pool-134-thread-1] INFO  impl.RaftServerImpl (RaftServerImpl.java:setRole(171)) - ba95d636-ac34-4b74-a102-dec8d0f377c6:group-B466CBC069E0 changes role from null to FOLLOWER at term 0 for startAsFollower
2019-09-20 04:49:00,782 [pool-134-thread-1] INFO  impl.RoleInfo (RoleInfo.java:updateAndGet(143)) - ba95d636-ac34-4b74-a102-dec8d0f377c6: start FollowerState
2019-09-20 04:49:00,782 [pool-134-thread-1] INFO  util.JmxRegister (JmxRegister.java:tryRegister(44)) - Successfully registered JMX Bean with object name Ratis:service=RaftServer,group=group-B466CBC069E0,id=ba95d636-ac34-4b74-a102-dec8d0f377c6
2019-09-20 04:49:00,785 [RatisPipelineUtilsThread] INFO  pipeline.PipelineStateManager (PipelineStateManager.java:addPipeline(56)) - Created pipeline Pipeline[ Id: 9321c722-8d6d-4c27-a1f4-b466cbc069e0, Nodes: ba95d636-ac34-4b74-a102-dec8d0f377c6{ip: 192.168.36.79, host: pr-hdds-1569-s8kj2-2266485376, networkLocation: /default-rack, certSerialId: null}, Type:RATIS, Factor:ONE, State:OPEN]
2019-09-20 04:49:00,786 [RatisPipelineUtilsThread] INFO  pipeline.PipelinePlacementPolicy (PipelinePlacementPolicy.java:meetCriteria(91)) - Pipeline Placement: Doesn't meet the criteria to be viable node： 236eed40-dd97-4fdc-a0ae-ab99685a426b Heaviness: 6 limit: 5
2019-09-20 04:49:00,791 [grpc-default-executor-0] INFO  impl.RaftServerProxy (RaftServerProxy.java:addNew(89)) - ba95d636-ac34-4b74-a102-dec8d0f377c6: addNew group-DFDE0B4E9007:[ba95d636-ac34-4b74-a102-dec8d0f377c6:192.168.36.79:41662] returns group-DFDE0B4E9007:java.util.concurrent.CompletableFuture@2cbb735f[Not completed]
2019-09-20 04:49:00,792 [pool-134-thread-1] INFO  impl.RaftServerImpl (RaftServerImpl.java:<init>(93)) - ba95d636-ac34-4b74-a102-dec8d0f377c6: new RaftServerImpl for group-DFDE0B4E9007:[ba95d636-ac34-4b74-a102-dec8d0f377c6:192.168.36.79:41662] with ContainerStateMachine:uninitialized
2019-09-20 04:49:00,792 [pool-134-thread-1] INFO  server.RaftServerConfigKeys (ConfUtils.java:logGet(43)) - raft.server.rpc.timeout.min = 5s (custom)
2019-09-20 04:49:00,792 [pool-134-thread-1] INFO  server.RaftServerConfigKeys (ConfUtils.java:logGet(43)) - raft.server.rpc.timeout.max = 5200ms (custom)
2019-09-20 04:49:00,793 [pool-134-thread-1] INFO  server.RaftServerConfigKeys (ConfUtils.java:logGet(43)) - raft.server.rpcslowness.timeout = 120s (custom)
2019-09-20 04:49:00,793 [pool-134-thread-1] INFO  server.RaftServerConfigKeys (ConfUtils.java:logGet(43)) - raft.server.sleep.deviation.threshold = 300 (default)
2019-09-20 04:49:00,793 [pool-134-thread-1] INFO  server.RaftServerConfigKeys (ConfUtils.java:logGet(43)) - raft.server.log.appender.install.snapshot.enabled = false (custom)
2019-09-20 04:49:00,793 [pool-134-thread-1] INFO  impl.RaftServerImpl (ServerState.java:<init>(105)) - ba95d636-ac34-4b74-a102-dec8d0f377c6:group-DFDE0B4E9007 ConfigurationManager, init=-1: [ba95d636-ac34-4b74-a102-dec8d0f377c6:192.168.36.79:41662], old=null, confs=<EMPTY_MAP>
2019-09-20 04:49:00,793 [pool-134-thread-1] INFO  server.RaftServerConfigKeys (ConfUtils.java:logGet(43)) - raft.server.storage.dir = [/workdir/hadoop-ozone/integration-test/target/test-dir/MiniOzoneClusterImpl-cd85f641-6806-455e-b969-480e50aec385/datanode-1/data/ratis] (custom)
2019-09-20 04:49:00,793 [pool-134-thread-1] INFO  storage.RaftStorageDirectory (RaftStorageDirectory.java:analyzeStorage(246)) - The storage directory /workdir/hadoop-ozone/integration-test/target/test-dir/MiniOzoneClusterImpl-cd85f641-6806-455e-b969-480e50aec385/datanode-1/data/ratis/c5078946-ddd6-4b2c-8048-dfde0b4e9007 does not exist. Creating ...
2019-09-20 04:49:00,820 [pool-134-thread-1] INFO  storage.RaftStorageDirectory (RaftStorageDirectory.java:tryLock(328)) - Lock on /workdir/hadoop-ozone/integration-test/target/test-dir/MiniOzoneClusterImpl-cd85f641-6806-455e-b969-480e50aec385/datanode-1/data/ratis/c5078946-ddd6-4b2c-8048-dfde0b4e9007/in_use.lock acquired by nodename 9457@pr-hdds-1569-s8kj2-2266485376
2019-09-20 04:49:00,853 [pool-134-thread-1] INFO  storage.RaftStorage (RaftStorage.java:format(72)) - Storage directory /workdir/hadoop-ozone/integration-test/target/test-dir/MiniOzoneClusterImpl-cd85f641-6806-455e-b969-480e50aec385/datanode-1/data/ratis/c5078946-ddd6-4b2c-8048-dfde0b4e9007 has been successfully formatted.
2019-09-20 04:49:00,864 [pool-134-thread-1] INFO  ratis.ContainerStateMachine (ContainerStateMachine.java:loadSnapshot(226)) - group-DFDE0B4E9007: The snapshot info is null. Setting the last applied indexto:(t:0, i:~)
2019-09-20 04:49:00,865 [pool-134-thread-1] INFO  server.RaftServerConfigKeys (ConfUtils.java:logGet(43)) - raft.server.leader.election.timeout = 120s (custom)
2019-09-20 04:49:00,865 [pool-134-thread-1] INFO  server.RaftServerConfigKeys (ConfUtils.java:logGet(43)) - raft.server.log.use.memory = false (default)
2019-09-20 04:49:00,865 [pool-134-thread-1] INFO  server.RaftServerConfigKeys (ConfUtils.java:logGet(43)) - raft.server.log.purge.gap = 1000000 (custom)
2019-09-20 04:49:00,865 [pool-134-thread-1] INFO  server.RaftServerConfigKeys (ConfUtils.java:logGet(43)) - raft.server.log.appender.buffer.byte-limit = 33554432 (custom)
2019-09-20 04:49:00,865 [pool-134-thread-1] INFO  server.RaftServerConfigKeys (ConfUtils.java:logGet(43)) - raft.server.log.segment.size.max = 1048576 (custom)
2019-09-20 04:49:00,866 [pool-134-thread-1] INFO  server.RaftServerConfigKeys (ConfUtils.java:logGet(43)) - raft.server.log.segment.cache.num.max = 2 (custom)
2019-09-20 04:49:00,866 [pool-134-thread-1] INFO  segmented.SegmentedRaftLogWorker (SegmentedRaftLogWorker.java:<init>(172)) - new ba95d636-ac34-4b74-a102-dec8d0f377c6-SegmentedRaftLogWorker:Storage Directory /workdir/hadoop-ozone/integration-test/target/test-dir/MiniOzoneClusterImpl-cd85f641-6806-455e-b969-480e50aec385/datanode-1/data/ratis/c5078946-ddd6-4b2c-8048-dfde0b4e9007 for RaftStorage:Storage Directory /workdir/hadoop-ozone/integration-test/target/test-dir/MiniOzoneClusterImpl-cd85f641-6806-455e-b969-480e50aec385/datanode-1/data/ratis/c5078946-ddd6-4b2c-8048-dfde0b4e9007
2019-09-20 04:49:00,866 [pool-134-thread-1] INFO  server.RaftServerConfigKeys (ConfUtils.java:logGet(43)) - raft.server.log.queue.byte-limit = 2147483647 (custom)
2019-09-20 04:49:00,866 [pool-134-thread-1] INFO  server.RaftServerConfigKeys (ConfUtils.java:logGet(43)) - raft.server.log.queue.element-limit = 1024 (custom)
2019-09-20 04:49:00,866 [pool-134-thread-1] INFO  server.RaftServerConfigKeys (ConfUtils.java:logGet(43)) - raft.server.log.segment.size.max = 1048576 (custom)
2019-09-20 04:49:00,867 [pool-134-thread-1] INFO  server.RaftServerConfigKeys (ConfUtils.java:logGet(43)) - raft.server.log.preallocated.size = 16384 (custom)
2019-09-20 04:49:00,867 [pool-134-thread-1] INFO  server.RaftServerConfigKeys (ConfUtils.java:logGet(43)) - raft.server.log.write.buffer.size = 33554432 (custom)
2019-09-20 04:49:00,867 [pool-134-thread-1] INFO  server.RaftServerConfigKeys (ConfUtils.java:logGet(43)) - raft.server.log.force.sync.num = 128 (default)
2019-09-20 04:49:00,867 [pool-134-thread-1] INFO  server.RaftServerConfigKeys (ConfUtils.java:logGet(43)) - raft.server.log.statemachine.data.sync = true (default)
2019-09-20 04:49:00,867 [pool-134-thread-1] INFO  server.RaftServerConfigKeys (ConfUtils.java:logGet(43)) - raft.server.log.statemachine.data.sync.timeout = 10s (default)
2019-09-20 04:49:00,868 [pool-134-thread-1] INFO  server.RaftServerConfigKeys (ConfUtils.java:logGet(43)) - raft.server.log.statemachine.data.sync.timeout.retry = -1 (default)
2019-09-20 04:49:00,868 [pool-134-thread-1] INFO  server.RaftServerConfigKeys (ConfUtils.java:logGet(43)) - raft.server.log.statemachine.data.caching.enabled = true (custom)
2019-09-20 04:49:00,868 [pool-134-thread-1] INFO  segmented.SegmentedRaftLogWorker (SegmentedRaftLogWorker.java:lambda$new$0(132)) - ba95d636-ac34-4b74-a102-dec8d0f377c6-SegmentedRaftLogWorker:Storage Directory /workdir/hadoop-ozone/integration-test/target/test-dir/MiniOzoneClusterImpl-cd85f641-6806-455e-b969-480e50aec385/datanode-1/data/ratis/c5078946-ddd6-4b2c-8048-dfde0b4e9007: flushIndex: setUnconditionally 0 -> -1
2019-09-20 04:49:00,869 [pool-134-thread-1] INFO  server.RaftServerConfigKeys (ConfUtils.java:logGet(43)) - raft.server.snapshot.auto.trigger.enabled = true (custom)
2019-09-20 04:49:00,869 [pool-134-thread-1] INFO  server.RaftServerConfigKeys (ConfUtils.java:logGet(43)) - raft.server.snapshot.auto.trigger.threshold = 10000 (custom)
2019-09-20 04:49:00,869 [pool-134-thread-1] INFO  server.RaftServerConfigKeys (ConfUtils.java:logGet(43)) - raft.server.retrycache.expirytime = 600000ms (custom)
2019-09-20 04:49:00,869 [pool-134-thread-1] INFO  impl.RaftServerImpl (RaftServerImpl.java:start(180)) - ba95d636-ac34-4b74-a102-dec8d0f377c6: start group-DFDE0B4E9007
2019-09-20 04:49:00,869 [pool-134-thread-1] INFO  impl.RaftServerImpl (RaftServerImpl.java:setRole(171)) - ba95d636-ac34-4b74-a102-dec8d0f377c6:group-DFDE0B4E9007 changes role from null to FOLLOWER at term 0 for startAsFollower
2019-09-20 04:49:00,870 [pool-134-thread-1] INFO  impl.RoleInfo (RoleInfo.java:updateAndGet(143)) - ba95d636-ac34-4b74-a102-dec8d0f377c6: start FollowerState
2019-09-20 04:49:00,870 [pool-134-thread-1] INFO  util.JmxRegister (JmxRegister.java:tryRegister(44)) - Successfully registered JMX Bean with object name Ratis:service=RaftServer,group=group-DFDE0B4E9007,id=ba95d636-ac34-4b74-a102-dec8d0f377c6
2019-09-20 04:49:00,873 [RatisPipelineUtilsThread] INFO  pipeline.PipelineStateManager (PipelineStateManager.java:addPipeline(56)) - Created pipeline Pipeline[ Id: c5078946-ddd6-4b2c-8048-dfde0b4e9007, Nodes: ba95d636-ac34-4b74-a102-dec8d0f377c6{ip: 192.168.36.79, host: pr-hdds-1569-s8kj2-2266485376, networkLocation: /default-rack, certSerialId: null}, Type:RATIS, Factor:ONE, State:OPEN]
2019-09-20 04:49:00,873 [RatisPipelineUtilsThread] INFO  pipeline.PipelinePlacementPolicy (PipelinePlacementPolicy.java:meetCriteria(91)) - Pipeline Placement: Doesn't meet the criteria to be viable node： 236eed40-dd97-4fdc-a0ae-ab99685a426b Heaviness: 6 limit: 5
2019-09-20 04:49:00,878 [grpc-default-executor-0] INFO  impl.RaftServerProxy (RaftServerProxy.java:addNew(89)) - ba95d636-ac34-4b74-a102-dec8d0f377c6: addNew group-AC6F32A9A06E:[ba95d636-ac34-4b74-a102-dec8d0f377c6:192.168.36.79:41662] returns group-AC6F32A9A06E:java.util.concurrent.CompletableFuture@74bbbda6[Not completed]
2019-09-20 04:49:00,880 [pool-134-thread-1] INFO  impl.RaftServerImpl (RaftServerImpl.java:<init>(93)) - ba95d636-ac34-4b74-a102-dec8d0f377c6: new RaftServerImpl for group-AC6F32A9A06E:[ba95d636-ac34-4b74-a102-dec8d0f377c6:192.168.36.79:41662] with ContainerStateMachine:uninitialized
2019-09-20 04:49:00,880 [pool-134-thread-1] INFO  server.RaftServerConfigKeys (ConfUtils.java:logGet(43)) - raft.server.rpc.timeout.min = 5s (custom)
2019-09-20 04:49:00,880 [pool-134-thread-1] INFO  server.RaftServerConfigKeys (ConfUtils.java:logGet(43)) - raft.server.rpc.timeout.max = 5200ms (custom)
2019-09-20 04:49:00,880 [pool-134-thread-1] INFO  server.RaftServerConfigKeys (ConfUtils.java:logGet(43)) - raft.server.rpcslowness.timeout = 120s (custom)
2019-09-20 04:49:00,880 [pool-134-thread-1] INFO  server.RaftServerConfigKeys (ConfUtils.java:logGet(43)) - raft.server.sleep.deviation.threshold = 300 (default)
2019-09-20 04:49:00,881 [pool-134-thread-1] INFO  server.RaftServerConfigKeys (ConfUtils.java:logGet(43)) - raft.server.log.appender.install.snapshot.enabled = false (custom)
2019-09-20 04:49:00,881 [pool-134-thread-1] INFO  impl.RaftServerImpl (ServerState.java:<init>(105)) - ba95d636-ac34-4b74-a102-dec8d0f377c6:group-AC6F32A9A06E ConfigurationManager, init=-1: [ba95d636-ac34-4b74-a102-dec8d0f377c6:192.168.36.79:41662], old=null, confs=<EMPTY_MAP>
2019-09-20 04:49:00,881 [pool-134-thread-1] INFO  server.RaftServerConfigKeys (ConfUtils.java:logGet(43)) - raft.server.storage.dir = [/workdir/hadoop-ozone/integration-test/target/test-dir/MiniOzoneClusterImpl-cd85f641-6806-455e-b969-480e50aec385/datanode-1/data/ratis] (custom)
2019-09-20 04:49:00,881 [pool-134-thread-1] INFO  storage.RaftStorageDirectory (RaftStorageDirectory.java:analyzeStorage(246)) - The storage directory /workdir/hadoop-ozone/integration-test/target/test-dir/MiniOzoneClusterImpl-cd85f641-6806-455e-b969-480e50aec385/datanode-1/data/ratis/df361bcd-7d01-4305-aab0-ac6f32a9a06e does not exist. Creating ...
2019-09-20 04:49:00,903 | INFO  | SCMAudit | user=jenkins1000 | ip=192.168.36.79 | op=SEND_HEARTBEAT {datanodeUUID=ea71b9af-1075-4196-9693-aa14e10f536d, command=[]} | ret=SUCCESS |  
2019-09-20 04:49:00,904 [pool-134-thread-1] INFO  storage.RaftStorageDirectory (RaftStorageDirectory.java:tryLock(328)) - Lock on /workdir/hadoop-ozone/integration-test/target/test-dir/MiniOzoneClusterImpl-cd85f641-6806-455e-b969-480e50aec385/datanode-1/data/ratis/df361bcd-7d01-4305-aab0-ac6f32a9a06e/in_use.lock acquired by nodename 9457@pr-hdds-1569-s8kj2-2266485376
2019-09-20 04:49:00,929 [pool-134-thread-1] INFO  storage.RaftStorage (RaftStorage.java:format(72)) - Storage directory /workdir/hadoop-ozone/integration-test/target/test-dir/MiniOzoneClusterImpl-cd85f641-6806-455e-b969-480e50aec385/datanode-1/data/ratis/df361bcd-7d01-4305-aab0-ac6f32a9a06e has been successfully formatted.
2019-09-20 04:49:00,929 [pool-134-thread-1] INFO  ratis.ContainerStateMachine (ContainerStateMachine.java:loadSnapshot(226)) - group-AC6F32A9A06E: The snapshot info is null. Setting the last applied indexto:(t:0, i:~)
2019-09-20 04:49:00,929 [pool-134-thread-1] INFO  server.RaftServerConfigKeys (ConfUtils.java:logGet(43)) - raft.server.leader.election.timeout = 120s (custom)
2019-09-20 04:49:00,930 [pool-134-thread-1] INFO  server.RaftServerConfigKeys (ConfUtils.java:logGet(43)) - raft.server.log.use.memory = false (default)
2019-09-20 04:49:00,930 [pool-134-thread-1] INFO  server.RaftServerConfigKeys (ConfUtils.java:logGet(43)) - raft.server.log.purge.gap = 1000000 (custom)
2019-09-20 04:49:00,930 [pool-134-thread-1] INFO  server.RaftServerConfigKeys (ConfUtils.java:logGet(43)) - raft.server.log.appender.buffer.byte-limit = 33554432 (custom)
2019-09-20 04:49:00,930 [pool-134-thread-1] INFO  server.RaftServerConfigKeys (ConfUtils.java:logGet(43)) - raft.server.log.segment.size.max = 1048576 (custom)
2019-09-20 04:49:00,930 [pool-134-thread-1] INFO  server.RaftServerConfigKeys (ConfUtils.java:logGet(43)) - raft.server.log.segment.cache.num.max = 2 (custom)
2019-09-20 04:49:00,930 [pool-134-thread-1] INFO  segmented.SegmentedRaftLogWorker (SegmentedRaftLogWorker.java:<init>(172)) - new ba95d636-ac34-4b74-a102-dec8d0f377c6-SegmentedRaftLogWorker:Storage Directory /workdir/hadoop-ozone/integration-test/target/test-dir/MiniOzoneClusterImpl-cd85f641-6806-455e-b969-480e50aec385/datanode-1/data/ratis/df361bcd-7d01-4305-aab0-ac6f32a9a06e for RaftStorage:Storage Directory /workdir/hadoop-ozone/integration-test/target/test-dir/MiniOzoneClusterImpl-cd85f641-6806-455e-b969-480e50aec385/datanode-1/data/ratis/df361bcd-7d01-4305-aab0-ac6f32a9a06e
2019-09-20 04:49:00,931 [pool-134-thread-1] INFO  server.RaftServerConfigKeys (ConfUtils.java:logGet(43)) - raft.server.log.queue.byte-limit = 2147483647 (custom)
2019-09-20 04:49:00,931 [pool-134-thread-1] INFO  server.RaftServerConfigKeys (ConfUtils.java:logGet(43)) - raft.server.log.queue.element-limit = 1024 (custom)
2019-09-20 04:49:00,931 [pool-134-thread-1] INFO  server.RaftServerConfigKeys (ConfUtils.java:logGet(43)) - raft.server.log.segment.size.max = 1048576 (custom)
2019-09-20 04:49:00,931 [pool-134-thread-1] INFO  server.RaftServerConfigKeys (ConfUtils.java:logGet(43)) - raft.server.log.preallocated.size = 16384 (custom)
2019-09-20 04:49:00,931 [pool-134-thread-1] INFO  server.RaftServerConfigKeys (ConfUtils.java:logGet(43)) - raft.server.log.write.buffer.size = 33554432 (custom)
2019-09-20 04:49:00,931 [pool-134-thread-1] INFO  server.RaftServerConfigKeys (ConfUtils.java:logGet(43)) - raft.server.log.force.sync.num = 128 (default)
2019-09-20 04:49:00,931 [pool-134-thread-1] INFO  server.RaftServerConfigKeys (ConfUtils.java:logGet(43)) - raft.server.log.statemachine.data.sync = true (default)
2019-09-20 04:49:00,932 [pool-134-thread-1] INFO  server.RaftServerConfigKeys (ConfUtils.java:logGet(43)) - raft.server.log.statemachine.data.sync.timeout = 10s (default)
2019-09-20 04:49:00,932 [pool-134-thread-1] INFO  server.RaftServerConfigKeys (ConfUtils.java:logGet(43)) - raft.server.log.statemachine.data.sync.timeout.retry = -1 (default)
2019-09-20 04:49:00,932 [pool-134-thread-1] INFO  server.RaftServerConfigKeys (ConfUtils.java:logGet(43)) - raft.server.log.statemachine.data.caching.enabled = true (custom)
2019-09-20 04:49:00,932 [pool-134-thread-1] INFO  segmented.SegmentedRaftLogWorker (SegmentedRaftLogWorker.java:lambda$new$0(132)) - ba95d636-ac34-4b74-a102-dec8d0f377c6-SegmentedRaftLogWorker:Storage Directory /workdir/hadoop-ozone/integration-test/target/test-dir/MiniOzoneClusterImpl-cd85f641-6806-455e-b969-480e50aec385/datanode-1/data/ratis/df361bcd-7d01-4305-aab0-ac6f32a9a06e: flushIndex: setUnconditionally 0 -> -1
2019-09-20 04:49:00,933 [pool-134-thread-1] INFO  server.RaftServerConfigKeys (ConfUtils.java:logGet(43)) - raft.server.snapshot.auto.trigger.enabled = true (custom)
2019-09-20 04:49:00,933 [pool-134-thread-1] INFO  server.RaftServerConfigKeys (ConfUtils.java:logGet(43)) - raft.server.snapshot.auto.trigger.threshold = 10000 (custom)
2019-09-20 04:49:00,933 [pool-134-thread-1] INFO  server.RaftServerConfigKeys (ConfUtils.java:logGet(43)) - raft.server.retrycache.expirytime = 600000ms (custom)
2019-09-20 04:49:00,933 [pool-134-thread-1] INFO  impl.RaftServerImpl (RaftServerImpl.java:start(180)) - ba95d636-ac34-4b74-a102-dec8d0f377c6: start group-AC6F32A9A06E
2019-09-20 04:49:00,933 [pool-134-thread-1] INFO  impl.RaftServerImpl (RaftServerImpl.java:setRole(171)) - ba95d636-ac34-4b74-a102-dec8d0f377c6:group-AC6F32A9A06E changes role from null to FOLLOWER at term 0 for startAsFollower
2019-09-20 04:49:00,933 [pool-134-thread-1] INFO  impl.RoleInfo (RoleInfo.java:updateAndGet(143)) - ba95d636-ac34-4b74-a102-dec8d0f377c6: start FollowerState
2019-09-20 04:49:00,934 [pool-134-thread-1] INFO  util.JmxRegister (JmxRegister.java:tryRegister(44)) - Successfully registered JMX Bean with object name Ratis:service=RaftServer,group=group-AC6F32A9A06E,id=ba95d636-ac34-4b74-a102-dec8d0f377c6
2019-09-20 04:49:00,937 [RatisPipelineUtilsThread] INFO  pipeline.PipelineStateManager (PipelineStateManager.java:addPipeline(56)) - Created pipeline Pipeline[ Id: df361bcd-7d01-4305-aab0-ac6f32a9a06e, Nodes: ba95d636-ac34-4b74-a102-dec8d0f377c6{ip: 192.168.36.79, host: pr-hdds-1569-s8kj2-2266485376, networkLocation: /default-rack, certSerialId: null}, Type:RATIS, Factor:ONE, State:OPEN]
2019-09-20 04:49:00,937 [RatisPipelineUtilsThread] INFO  pipeline.PipelinePlacementPolicy (PipelinePlacementPolicy.java:meetCriteria(91)) - Pipeline Placement: Doesn't meet the criteria to be viable node： 236eed40-dd97-4fdc-a0ae-ab99685a426b Heaviness: 6 limit: 5
2019-09-20 04:49:00,937 [RatisPipelineUtilsThread] INFO  pipeline.PipelinePlacementPolicy (PipelinePlacementPolicy.java:meetCriteria(91)) - Pipeline Placement: Doesn't meet the criteria to be viable node： ba95d636-ac34-4b74-a102-dec8d0f377c6 Heaviness: 6 limit: 5
2019-09-20 04:49:00,946 [grpc-default-executor-0] INFO  impl.RaftServerProxy (RaftServerProxy.java:addNew(89)) - fdbc37f2-9e58-4bac-a5d5-a78839d012e9: addNew group-59D81D3A3ED1:[fdbc37f2-9e58-4bac-a5d5-a78839d012e9:192.168.36.79:32937] returns group-59D81D3A3ED1:java.util.concurrent.CompletableFuture@526304f4[Not completed]
2019-09-20 04:49:00,947 [pool-156-thread-1] INFO  impl.RaftServerImpl (RaftServerImpl.java:<init>(93)) - fdbc37f2-9e58-4bac-a5d5-a78839d012e9: new RaftServerImpl for group-59D81D3A3ED1:[fdbc37f2-9e58-4bac-a5d5-a78839d012e9:192.168.36.79:32937] with ContainerStateMachine:uninitialized
2019-09-20 04:49:00,947 [pool-156-thread-1] INFO  server.RaftServerConfigKeys (ConfUtils.java:logGet(43)) - raft.server.rpc.timeout.min = 5s (custom)
2019-09-20 04:49:00,948 [pool-156-thread-1] INFO  server.RaftServerConfigKeys (ConfUtils.java:logGet(43)) - raft.server.rpc.timeout.max = 5200ms (custom)
2019-09-20 04:49:00,948 [pool-156-thread-1] INFO  server.RaftServerConfigKeys (ConfUtils.java:logGet(43)) - raft.server.rpcslowness.timeout = 120s (custom)
2019-09-20 04:49:00,948 [pool-156-thread-1] INFO  server.RaftServerConfigKeys (ConfUtils.java:logGet(43)) - raft.server.sleep.deviation.threshold = 300 (default)
2019-09-20 04:49:00,948 [pool-156-thread-1] INFO  server.RaftServerConfigKeys (ConfUtils.java:logGet(43)) - raft.server.log.appender.install.snapshot.enabled = false (custom)
2019-09-20 04:49:00,948 [pool-156-thread-1] INFO  impl.RaftServerImpl (ServerState.java:<init>(105)) - fdbc37f2-9e58-4bac-a5d5-a78839d012e9:group-59D81D3A3ED1 ConfigurationManager, init=-1: [fdbc37f2-9e58-4bac-a5d5-a78839d012e9:192.168.36.79:32937], old=null, confs=<EMPTY_MAP>
2019-09-20 04:49:00,948 [pool-156-thread-1] INFO  server.RaftServerConfigKeys (ConfUtils.java:logGet(43)) - raft.server.storage.dir = [/workdir/hadoop-ozone/integration-test/target/test-dir/MiniOzoneClusterImpl-cd85f641-6806-455e-b969-480e50aec385/datanode-3/data/ratis] (custom)
2019-09-20 04:49:00,948 [pool-156-thread-1] INFO  storage.RaftStorageDirectory (RaftStorageDirectory.java:analyzeStorage(246)) - The storage directory /workdir/hadoop-ozone/integration-test/target/test-dir/MiniOzoneClusterImpl-cd85f641-6806-455e-b969-480e50aec385/datanode-3/data/ratis/993826a9-c4db-4136-9a42-59d81d3a3ed1 does not exist. Creating ...
2019-09-20 04:49:00,971 [pool-156-thread-1] INFO  storage.RaftStorageDirectory (RaftStorageDirectory.java:tryLock(328)) - Lock on /workdir/hadoop-ozone/integration-test/target/test-dir/MiniOzoneClusterImpl-cd85f641-6806-455e-b969-480e50aec385/datanode-3/data/ratis/993826a9-c4db-4136-9a42-59d81d3a3ed1/in_use.lock acquired by nodename 9457@pr-hdds-1569-s8kj2-2266485376
2019-09-20 04:49:00,980 [IPC Server handler 0 on 40543] INFO  net.NetworkTopology (NetworkTopologyImpl.java:add(110)) - Added a new node: /default-rack/3c2a6bfe-f5c5-4e23-89b0-850dab17697d
2019-09-20 04:49:00,980 [IPC Server handler 0 on 40543] INFO  node.SCMNodeManager (SCMNodeManager.java:register(273)) - Registered Data node : 3c2a6bfe-f5c5-4e23-89b0-850dab17697d{ip: 192.168.36.79, host: pr-hdds-1569-s8kj2-2266485376, networkLocation: /default-rack, certSerialId: null}
2019-09-20 04:49:00,980 | INFO  | SCMAudit | user=jenkins1000 | ip=192.168.36.79 | op=REGISTER {datanodeDetails=3c2a6bfe-f5c5-4e23-89b0-850dab17697d{ip: 192.168.36.79, host: pr-hdds-1569-s8kj2-2266485376, networkLocation: /default-rack, certSerialId: null}} | ret=SUCCESS |  
2019-09-20 04:49:00,988 [pool-156-thread-1] INFO  storage.RaftStorage (RaftStorage.java:format(72)) - Storage directory /workdir/hadoop-ozone/integration-test/target/test-dir/MiniOzoneClusterImpl-cd85f641-6806-455e-b969-480e50aec385/datanode-3/data/ratis/993826a9-c4db-4136-9a42-59d81d3a3ed1 has been successfully formatted.
2019-09-20 04:49:00,988 [pool-156-thread-1] INFO  ratis.ContainerStateMachine (ContainerStateMachine.java:loadSnapshot(226)) - group-59D81D3A3ED1: The snapshot info is null. Setting the last applied indexto:(t:0, i:~)
2019-09-20 04:49:00,988 [pool-156-thread-1] INFO  server.RaftServerConfigKeys (ConfUtils.java:logGet(43)) - raft.server.leader.election.timeout = 120s (custom)
2019-09-20 04:49:00,988 [pool-156-thread-1] INFO  server.RaftServerConfigKeys (ConfUtils.java:logGet(43)) - raft.server.log.use.memory = false (default)
2019-09-20 04:49:00,989 [pool-156-thread-1] INFO  server.RaftServerConfigKeys (ConfUtils.java:logGet(43)) - raft.server.log.purge.gap = 1000000 (custom)
2019-09-20 04:49:00,989 [pool-156-thread-1] INFO  server.RaftServerConfigKeys (ConfUtils.java:logGet(43)) - raft.server.log.appender.buffer.byte-limit = 33554432 (custom)
2019-09-20 04:49:00,989 [pool-156-thread-1] INFO  server.RaftServerConfigKeys (ConfUtils.java:logGet(43)) - raft.server.log.segment.size.max = 1048576 (custom)
2019-09-20 04:49:00,989 [pool-156-thread-1] INFO  server.RaftServerConfigKeys (ConfUtils.java:logGet(43)) - raft.server.log.segment.cache.num.max = 2 (custom)
2019-09-20 04:49:00,989 [pool-156-thread-1] INFO  segmented.SegmentedRaftLogWorker (SegmentedRaftLogWorker.java:<init>(172)) - new fdbc37f2-9e58-4bac-a5d5-a78839d012e9-SegmentedRaftLogWorker:Storage Directory /workdir/hadoop-ozone/integration-test/target/test-dir/MiniOzoneClusterImpl-cd85f641-6806-455e-b969-480e50aec385/datanode-3/data/ratis/993826a9-c4db-4136-9a42-59d81d3a3ed1 for RaftStorage:Storage Directory /workdir/hadoop-ozone/integration-test/target/test-dir/MiniOzoneClusterImpl-cd85f641-6806-455e-b969-480e50aec385/datanode-3/data/ratis/993826a9-c4db-4136-9a42-59d81d3a3ed1
2019-09-20 04:49:00,989 [pool-156-thread-1] INFO  server.RaftServerConfigKeys (ConfUtils.java:logGet(43)) - raft.server.log.queue.byte-limit = 2147483647 (custom)
2019-09-20 04:49:00,989 [pool-156-thread-1] INFO  server.RaftServerConfigKeys (ConfUtils.java:logGet(43)) - raft.server.log.queue.element-limit = 1024 (custom)
2019-09-20 04:49:00,989 [pool-156-thread-1] INFO  server.RaftServerConfigKeys (ConfUtils.java:logGet(43)) - raft.server.log.segment.size.max = 1048576 (custom)
2019-09-20 04:49:00,989 [pool-156-thread-1] INFO  server.RaftServerConfigKeys (ConfUtils.java:logGet(43)) - raft.server.log.preallocated.size = 16384 (custom)
2019-09-20 04:49:00,990 [pool-156-thread-1] INFO  server.RaftServerConfigKeys (ConfUtils.java:logGet(43)) - raft.server.log.write.buffer.size = 33554432 (custom)
2019-09-20 04:49:00,990 [pool-156-thread-1] INFO  server.RaftServerConfigKeys (ConfUtils.java:logGet(43)) - raft.server.log.force.sync.num = 128 (default)
2019-09-20 04:49:00,990 [pool-156-thread-1] INFO  server.RaftServerConfigKeys (ConfUtils.java:logGet(43)) - raft.server.log.statemachine.data.sync = true (default)
2019-09-20 04:49:00,990 [pool-156-thread-1] INFO  server.RaftServerConfigKeys (ConfUtils.java:logGet(43)) - raft.server.log.statemachine.data.sync.timeout = 10s (default)
2019-09-20 04:49:00,990 [pool-156-thread-1] INFO  server.RaftServerConfigKeys (ConfUtils.java:logGet(43)) - raft.server.log.statemachine.data.sync.timeout.retry = -1 (default)
2019-09-20 04:49:00,990 [pool-156-thread-1] INFO  server.RaftServerConfigKeys (ConfUtils.java:logGet(43)) - raft.server.log.statemachine.data.caching.enabled = true (custom)
2019-09-20 04:49:00,990 [pool-156-thread-1] INFO  segmented.SegmentedRaftLogWorker (SegmentedRaftLogWorker.java:lambda$new$0(132)) - fdbc37f2-9e58-4bac-a5d5-a78839d012e9-SegmentedRaftLogWorker:Storage Directory /workdir/hadoop-ozone/integration-test/target/test-dir/MiniOzoneClusterImpl-cd85f641-6806-455e-b969-480e50aec385/datanode-3/data/ratis/993826a9-c4db-4136-9a42-59d81d3a3ed1: flushIndex: setUnconditionally 0 -> -1
2019-09-20 04:49:00,991 [pool-156-thread-1] INFO  server.RaftServerConfigKeys (ConfUtils.java:logGet(43)) - raft.server.snapshot.auto.trigger.enabled = true (custom)
2019-09-20 04:49:00,991 [pool-156-thread-1] INFO  server.RaftServerConfigKeys (ConfUtils.java:logGet(43)) - raft.server.snapshot.auto.trigger.threshold = 10000 (custom)
2019-09-20 04:49:00,991 [pool-156-thread-1] INFO  server.RaftServerConfigKeys (ConfUtils.java:logGet(43)) - raft.server.retrycache.expirytime = 600000ms (custom)
2019-09-20 04:49:00,991 [pool-156-thread-1] INFO  impl.RaftServerImpl (RaftServerImpl.java:start(180)) - fdbc37f2-9e58-4bac-a5d5-a78839d012e9: start group-59D81D3A3ED1
2019-09-20 04:49:00,991 [pool-156-thread-1] INFO  impl.RaftServerImpl (RaftServerImpl.java:setRole(171)) - fdbc37f2-9e58-4bac-a5d5-a78839d012e9:group-59D81D3A3ED1 changes role from null to FOLLOWER at term 0 for startAsFollower
2019-09-20 04:49:00,991 [pool-156-thread-1] INFO  impl.RoleInfo (RoleInfo.java:updateAndGet(143)) - fdbc37f2-9e58-4bac-a5d5-a78839d012e9: start FollowerState
2019-09-20 04:49:00,991 [pool-156-thread-1] INFO  util.JmxRegister (JmxRegister.java:tryRegister(44)) - Successfully registered JMX Bean with object name Ratis:service=RaftServer,group=group-59D81D3A3ED1,id=fdbc37f2-9e58-4bac-a5d5-a78839d012e9
2019-09-20 04:49:00,994 [RatisPipelineUtilsThread] INFO  pipeline.PipelineStateManager (PipelineStateManager.java:addPipeline(56)) - Created pipeline Pipeline[ Id: 993826a9-c4db-4136-9a42-59d81d3a3ed1, Nodes: fdbc37f2-9e58-4bac-a5d5-a78839d012e9{ip: 192.168.36.79, host: pr-hdds-1569-s8kj2-2266485376, networkLocation: /default-rack, certSerialId: null}, Type:RATIS, Factor:ONE, State:OPEN]
2019-09-20 04:49:00,994 [RatisPipelineUtilsThread] INFO  pipeline.PipelinePlacementPolicy (PipelinePlacementPolicy.java:meetCriteria(91)) - Pipeline Placement: Doesn't meet the criteria to be viable node： 236eed40-dd97-4fdc-a0ae-ab99685a426b Heaviness: 6 limit: 5
2019-09-20 04:49:00,994 [RatisPipelineUtilsThread] INFO  pipeline.PipelinePlacementPolicy (PipelinePlacementPolicy.java:meetCriteria(91)) - Pipeline Placement: Doesn't meet the criteria to be viable node： ba95d636-ac34-4b74-a102-dec8d0f377c6 Heaviness: 6 limit: 5
2019-09-20 04:49:01,007 [grpc-default-executor-0] INFO  impl.RaftServerProxy (RaftServerProxy.java:addNew(89)) - c4f6294c-eda3-4afd-81f7-e69ed14da69f: addNew group-CF7341EFEC26:[c4f6294c-eda3-4afd-81f7-e69ed14da69f:192.168.36.79:34480] returns group-CF7341EFEC26:java.util.concurrent.CompletableFuture@39f701fa[Not completed]
2019-09-20 04:49:01,008 [pool-145-thread-1] INFO  impl.RaftServerImpl (RaftServerImpl.java:<init>(93)) - c4f6294c-eda3-4afd-81f7-e69ed14da69f: new RaftServerImpl for group-CF7341EFEC26:[c4f6294c-eda3-4afd-81f7-e69ed14da69f:192.168.36.79:34480] with ContainerStateMachine:uninitialized
2019-09-20 04:49:01,008 [pool-145-thread-1] INFO  server.RaftServerConfigKeys (ConfUtils.java:logGet(43)) - raft.server.rpc.timeout.min = 5s (custom)
2019-09-20 04:49:01,008 [pool-145-thread-1] INFO  server.RaftServerConfigKeys (ConfUtils.java:logGet(43)) - raft.server.rpc.timeout.max = 5200ms (custom)
2019-09-20 04:49:01,008 [pool-145-thread-1] INFO  server.RaftServerConfigKeys (ConfUtils.java:logGet(43)) - raft.server.rpcslowness.timeout = 120s (custom)
2019-09-20 04:49:01,008 [pool-145-thread-1] INFO  server.RaftServerConfigKeys (ConfUtils.java:logGet(43)) - raft.server.sleep.deviation.threshold = 300 (default)
2019-09-20 04:49:01,008 [pool-145-thread-1] INFO  server.RaftServerConfigKeys (ConfUtils.java:logGet(43)) - raft.server.log.appender.install.snapshot.enabled = false (custom)
2019-09-20 04:49:01,009 [pool-145-thread-1] INFO  impl.RaftServerImpl (ServerState.java:<init>(105)) - c4f6294c-eda3-4afd-81f7-e69ed14da69f:group-CF7341EFEC26 ConfigurationManager, init=-1: [c4f6294c-eda3-4afd-81f7-e69ed14da69f:192.168.36.79:34480], old=null, confs=<EMPTY_MAP>
2019-09-20 04:49:01,009 [pool-145-thread-1] INFO  server.RaftServerConfigKeys (ConfUtils.java:logGet(43)) - raft.server.storage.dir = [/workdir/hadoop-ozone/integration-test/target/test-dir/MiniOzoneClusterImpl-cd85f641-6806-455e-b969-480e50aec385/datanode-2/data/ratis] (custom)
2019-09-20 04:49:01,009 [pool-145-thread-1] INFO  storage.RaftStorageDirectory (RaftStorageDirectory.java:analyzeStorage(246)) - The storage directory /workdir/hadoop-ozone/integration-test/target/test-dir/MiniOzoneClusterImpl-cd85f641-6806-455e-b969-480e50aec385/datanode-2/data/ratis/7bd75fb1-dbb6-4d42-a84d-cf7341efec26 does not exist. Creating ...
2019-09-20 04:49:01,030 [pool-145-thread-1] INFO  storage.RaftStorageDirectory (RaftStorageDirectory.java:tryLock(328)) - Lock on /workdir/hadoop-ozone/integration-test/target/test-dir/MiniOzoneClusterImpl-cd85f641-6806-455e-b969-480e50aec385/datanode-2/data/ratis/7bd75fb1-dbb6-4d42-a84d-cf7341efec26/in_use.lock acquired by nodename 9457@pr-hdds-1569-s8kj2-2266485376
2019-09-20 04:49:01,048 [pool-145-thread-1] INFO  storage.RaftStorage (RaftStorage.java:format(72)) - Storage directory /workdir/hadoop-ozone/integration-test/target/test-dir/MiniOzoneClusterImpl-cd85f641-6806-455e-b969-480e50aec385/datanode-2/data/ratis/7bd75fb1-dbb6-4d42-a84d-cf7341efec26 has been successfully formatted.
2019-09-20 04:49:01,048 [pool-145-thread-1] INFO  ratis.ContainerStateMachine (ContainerStateMachine.java:loadSnapshot(226)) - group-CF7341EFEC26: The snapshot info is null. Setting the last applied indexto:(t:0, i:~)
2019-09-20 04:49:01,049 [pool-145-thread-1] INFO  server.RaftServerConfigKeys (ConfUtils.java:logGet(43)) - raft.server.leader.election.timeout = 120s (custom)
2019-09-20 04:49:01,049 [pool-145-thread-1] INFO  server.RaftServerConfigKeys (ConfUtils.java:logGet(43)) - raft.server.log.use.memory = false (default)
2019-09-20 04:49:01,049 [pool-145-thread-1] INFO  server.RaftServerConfigKeys (ConfUtils.java:logGet(43)) - raft.server.log.purge.gap = 1000000 (custom)
2019-09-20 04:49:01,049 [pool-145-thread-1] INFO  server.RaftServerConfigKeys (ConfUtils.java:logGet(43)) - raft.server.log.appender.buffer.byte-limit = 33554432 (custom)
2019-09-20 04:49:01,049 [pool-145-thread-1] INFO  server.RaftServerConfigKeys (ConfUtils.java:logGet(43)) - raft.server.log.segment.size.max = 1048576 (custom)
2019-09-20 04:49:01,049 [pool-145-thread-1] INFO  server.RaftServerConfigKeys (ConfUtils.java:logGet(43)) - raft.server.log.segment.cache.num.max = 2 (custom)
2019-09-20 04:49:01,049 [pool-145-thread-1] INFO  segmented.SegmentedRaftLogWorker (SegmentedRaftLogWorker.java:<init>(172)) - new c4f6294c-eda3-4afd-81f7-e69ed14da69f-SegmentedRaftLogWorker:Storage Directory /workdir/hadoop-ozone/integration-test/target/test-dir/MiniOzoneClusterImpl-cd85f641-6806-455e-b969-480e50aec385/datanode-2/data/ratis/7bd75fb1-dbb6-4d42-a84d-cf7341efec26 for RaftStorage:Storage Directory /workdir/hadoop-ozone/integration-test/target/test-dir/MiniOzoneClusterImpl-cd85f641-6806-455e-b969-480e50aec385/datanode-2/data/ratis/7bd75fb1-dbb6-4d42-a84d-cf7341efec26
2019-09-20 04:49:01,050 [pool-145-thread-1] INFO  server.RaftServerConfigKeys (ConfUtils.java:logGet(43)) - raft.server.log.queue.byte-limit = 2147483647 (custom)
2019-09-20 04:49:01,050 [pool-145-thread-1] INFO  server.RaftServerConfigKeys (ConfUtils.java:logGet(43)) - raft.server.log.queue.element-limit = 1024 (custom)
2019-09-20 04:49:01,050 [pool-145-thread-1] INFO  server.RaftServerConfigKeys (ConfUtils.java:logGet(43)) - raft.server.log.segment.size.max = 1048576 (custom)
2019-09-20 04:49:01,050 [pool-145-thread-1] INFO  server.RaftServerConfigKeys (ConfUtils.java:logGet(43)) - raft.server.log.preallocated.size = 16384 (custom)
2019-09-20 04:49:01,050 [pool-145-thread-1] INFO  server.RaftServerConfigKeys (ConfUtils.java:logGet(43)) - raft.server.log.write.buffer.size = 33554432 (custom)
2019-09-20 04:49:01,050 [pool-145-thread-1] INFO  server.RaftServerConfigKeys (ConfUtils.java:logGet(43)) - raft.server.log.force.sync.num = 128 (default)
2019-09-20 04:49:01,051 [pool-145-thread-1] INFO  server.RaftServerConfigKeys (ConfUtils.java:logGet(43)) - raft.server.log.statemachine.data.sync = true (default)
2019-09-20 04:49:01,051 [pool-145-thread-1] INFO  server.RaftServerConfigKeys (ConfUtils.java:logGet(43)) - raft.server.log.statemachine.data.sync.timeout = 10s (default)
2019-09-20 04:49:01,051 [pool-145-thread-1] INFO  server.RaftServerConfigKeys (ConfUtils.java:logGet(43)) - raft.server.log.statemachine.data.sync.timeout.retry = -1 (default)
2019-09-20 04:49:01,051 [pool-145-thread-1] INFO  server.RaftServerConfigKeys (ConfUtils.java:logGet(43)) - raft.server.log.statemachine.data.caching.enabled = true (custom)
2019-09-20 04:49:01,052 [pool-145-thread-1] INFO  segmented.SegmentedRaftLogWorker (SegmentedRaftLogWorker.java:lambda$new$0(132)) - c4f6294c-eda3-4afd-81f7-e69ed14da69f-SegmentedRaftLogWorker:Storage Directory /workdir/hadoop-ozone/integration-test/target/test-dir/MiniOzoneClusterImpl-cd85f641-6806-455e-b969-480e50aec385/datanode-2/data/ratis/7bd75fb1-dbb6-4d42-a84d-cf7341efec26: flushIndex: setUnconditionally 0 -> -1
2019-09-20 04:49:01,052 [pool-145-thread-1] INFO  server.RaftServerConfigKeys (ConfUtils.java:logGet(43)) - raft.server.snapshot.auto.trigger.enabled = true (custom)
2019-09-20 04:49:01,052 [pool-145-thread-1] INFO  server.RaftServerConfigKeys (ConfUtils.java:logGet(43)) - raft.server.snapshot.auto.trigger.threshold = 10000 (custom)
2019-09-20 04:49:01,052 [pool-145-thread-1] INFO  server.RaftServerConfigKeys (ConfUtils.java:logGet(43)) - raft.server.retrycache.expirytime = 600000ms (custom)
2019-09-20 04:49:01,053 [pool-145-thread-1] INFO  impl.RaftServerImpl (RaftServerImpl.java:start(180)) - c4f6294c-eda3-4afd-81f7-e69ed14da69f: start group-CF7341EFEC26
2019-09-20 04:49:01,053 [pool-145-thread-1] INFO  impl.RaftServerImpl (RaftServerImpl.java:setRole(171)) - c4f6294c-eda3-4afd-81f7-e69ed14da69f:group-CF7341EFEC26 changes role from null to FOLLOWER at term 0 for startAsFollower
2019-09-20 04:49:01,053 [pool-145-thread-1] INFO  impl.RoleInfo (RoleInfo.java:updateAndGet(143)) - c4f6294c-eda3-4afd-81f7-e69ed14da69f: start FollowerState
2019-09-20 04:49:01,054 [pool-145-thread-1] INFO  util.JmxRegister (JmxRegister.java:tryRegister(44)) - Successfully registered JMX Bean with object name Ratis:service=RaftServer,group=group-CF7341EFEC26,id=c4f6294c-eda3-4afd-81f7-e69ed14da69f
2019-09-20 04:49:01,056 [RatisPipelineUtilsThread] INFO  pipeline.PipelineStateManager (PipelineStateManager.java:addPipeline(56)) - Created pipeline Pipeline[ Id: 7bd75fb1-dbb6-4d42-a84d-cf7341efec26, Nodes: c4f6294c-eda3-4afd-81f7-e69ed14da69f{ip: 192.168.36.79, host: pr-hdds-1569-s8kj2-2266485376, networkLocation: /default-rack, certSerialId: null}, Type:RATIS, Factor:ONE, State:OPEN]
2019-09-20 04:49:01,057 [RatisPipelineUtilsThread] INFO  pipeline.PipelinePlacementPolicy (PipelinePlacementPolicy.java:meetCriteria(91)) - Pipeline Placement: Doesn't meet the criteria to be viable node： 236eed40-dd97-4fdc-a0ae-ab99685a426b Heaviness: 6 limit: 5
2019-09-20 04:49:01,057 [RatisPipelineUtilsThread] INFO  pipeline.PipelinePlacementPolicy (PipelinePlacementPolicy.java:meetCriteria(91)) - Pipeline Placement: Doesn't meet the criteria to be viable node： ba95d636-ac34-4b74-a102-dec8d0f377c6 Heaviness: 6 limit: 5
2019-09-20 04:49:01,062 [grpc-default-executor-0] INFO  impl.RaftServerProxy (RaftServerProxy.java:addNew(89)) - c4f6294c-eda3-4afd-81f7-e69ed14da69f: addNew group-29CD8FE167CA:[c4f6294c-eda3-4afd-81f7-e69ed14da69f:192.168.36.79:34480] returns group-29CD8FE167CA:java.util.concurrent.CompletableFuture@6e541535[Not completed]
2019-09-20 04:49:01,064 [pool-145-thread-1] INFO  impl.RaftServerImpl (RaftServerImpl.java:<init>(93)) - c4f6294c-eda3-4afd-81f7-e69ed14da69f: new RaftServerImpl for group-29CD8FE167CA:[c4f6294c-eda3-4afd-81f7-e69ed14da69f:192.168.36.79:34480] with ContainerStateMachine:uninitialized
2019-09-20 04:49:01,064 [pool-145-thread-1] INFO  server.RaftServerConfigKeys (ConfUtils.java:logGet(43)) - raft.server.rpc.timeout.min = 5s (custom)
2019-09-20 04:49:01,064 [pool-145-thread-1] INFO  server.RaftServerConfigKeys (ConfUtils.java:logGet(43)) - raft.server.rpc.timeout.max = 5200ms (custom)
2019-09-20 04:49:01,065 [pool-145-thread-1] INFO  server.RaftServerConfigKeys (ConfUtils.java:logGet(43)) - raft.server.rpcslowness.timeout = 120s (custom)
2019-09-20 04:49:01,065 [pool-145-thread-1] INFO  server.RaftServerConfigKeys (ConfUtils.java:logGet(43)) - raft.server.sleep.deviation.threshold = 300 (default)
2019-09-20 04:49:01,065 [pool-145-thread-1] INFO  server.RaftServerConfigKeys (ConfUtils.java:logGet(43)) - raft.server.log.appender.install.snapshot.enabled = false (custom)
2019-09-20 04:49:01,065 [pool-145-thread-1] INFO  impl.RaftServerImpl (ServerState.java:<init>(105)) - c4f6294c-eda3-4afd-81f7-e69ed14da69f:group-29CD8FE167CA ConfigurationManager, init=-1: [c4f6294c-eda3-4afd-81f7-e69ed14da69f:192.168.36.79:34480], old=null, confs=<EMPTY_MAP>
2019-09-20 04:49:01,065 [pool-145-thread-1] INFO  server.RaftServerConfigKeys (ConfUtils.java:logGet(43)) - raft.server.storage.dir = [/workdir/hadoop-ozone/integration-test/target/test-dir/MiniOzoneClusterImpl-cd85f641-6806-455e-b969-480e50aec385/datanode-2/data/ratis] (custom)
2019-09-20 04:49:01,066 | INFO  | SCMAudit | user=jenkins1000 | ip=192.168.36.79 | op=SEND_HEARTBEAT {datanodeUUID=eaf3ecbe-c3b1-4969-ad3a-e4de7fb04f81, command=[]} | ret=SUCCESS |  
2019-09-20 04:49:01,066 [pool-145-thread-1] INFO  storage.RaftStorageDirectory (RaftStorageDirectory.java:analyzeStorage(246)) - The storage directory /workdir/hadoop-ozone/integration-test/target/test-dir/MiniOzoneClusterImpl-cd85f641-6806-455e-b969-480e50aec385/datanode-2/data/ratis/601a5f00-7dc3-46a7-b432-29cd8fe167ca does not exist. Creating ...
2019-09-20 04:49:01,090 [pool-145-thread-1] INFO  storage.RaftStorageDirectory (RaftStorageDirectory.java:tryLock(328)) - Lock on /workdir/hadoop-ozone/integration-test/target/test-dir/MiniOzoneClusterImpl-cd85f641-6806-455e-b969-480e50aec385/datanode-2/data/ratis/601a5f00-7dc3-46a7-b432-29cd8fe167ca/in_use.lock acquired by nodename 9457@pr-hdds-1569-s8kj2-2266485376
2019-09-20 04:49:01,132 [pool-145-thread-1] INFO  storage.RaftStorage (RaftStorage.java:format(72)) - Storage directory /workdir/hadoop-ozone/integration-test/target/test-dir/MiniOzoneClusterImpl-cd85f641-6806-455e-b969-480e50aec385/datanode-2/data/ratis/601a5f00-7dc3-46a7-b432-29cd8fe167ca has been successfully formatted.
2019-09-20 04:49:01,133 [pool-145-thread-1] INFO  ratis.ContainerStateMachine (ContainerStateMachine.java:loadSnapshot(226)) - group-29CD8FE167CA: The snapshot info is null. Setting the last applied indexto:(t:0, i:~)
2019-09-20 04:49:01,133 [pool-145-thread-1] INFO  server.RaftServerConfigKeys (ConfUtils.java:logGet(43)) - raft.server.leader.election.timeout = 120s (custom)
2019-09-20 04:49:01,133 [pool-145-thread-1] INFO  server.RaftServerConfigKeys (ConfUtils.java:logGet(43)) - raft.server.log.use.memory = false (default)
2019-09-20 04:49:01,133 [pool-145-thread-1] INFO  server.RaftServerConfigKeys (ConfUtils.java:logGet(43)) - raft.server.log.purge.gap = 1000000 (custom)
2019-09-20 04:49:01,133 [pool-145-thread-1] INFO  server.RaftServerConfigKeys (ConfUtils.java:logGet(43)) - raft.server.log.appender.buffer.byte-limit = 33554432 (custom)
2019-09-20 04:49:01,134 [pool-145-thread-1] INFO  server.RaftServerConfigKeys (ConfUtils.java:logGet(43)) - raft.server.log.segment.size.max = 1048576 (custom)
2019-09-20 04:49:01,134 [pool-145-thread-1] INFO  server.RaftServerConfigKeys (ConfUtils.java:logGet(43)) - raft.server.log.segment.cache.num.max = 2 (custom)
2019-09-20 04:49:01,134 [pool-145-thread-1] INFO  segmented.SegmentedRaftLogWorker (SegmentedRaftLogWorker.java:<init>(172)) - new c4f6294c-eda3-4afd-81f7-e69ed14da69f-SegmentedRaftLogWorker:Storage Directory /workdir/hadoop-ozone/integration-test/target/test-dir/MiniOzoneClusterImpl-cd85f641-6806-455e-b969-480e50aec385/datanode-2/data/ratis/601a5f00-7dc3-46a7-b432-29cd8fe167ca for RaftStorage:Storage Directory /workdir/hadoop-ozone/integration-test/target/test-dir/MiniOzoneClusterImpl-cd85f641-6806-455e-b969-480e50aec385/datanode-2/data/ratis/601a5f00-7dc3-46a7-b432-29cd8fe167ca
2019-09-20 04:49:01,134 [pool-145-thread-1] INFO  server.RaftServerConfigKeys (ConfUtils.java:logGet(43)) - raft.server.log.queue.byte-limit = 2147483647 (custom)
2019-09-20 04:49:01,134 [pool-145-thread-1] INFO  server.RaftServerConfigKeys (ConfUtils.java:logGet(43)) - raft.server.log.queue.element-limit = 1024 (custom)
2019-09-20 04:49:01,134 [pool-145-thread-1] INFO  server.RaftServerConfigKeys (ConfUtils.java:logGet(43)) - raft.server.log.segment.size.max = 1048576 (custom)
2019-09-20 04:49:01,134 [pool-145-thread-1] INFO  server.RaftServerConfigKeys (ConfUtils.java:logGet(43)) - raft.server.log.preallocated.size = 16384 (custom)
2019-09-20 04:49:01,134 [pool-145-thread-1] INFO  server.RaftServerConfigKeys (ConfUtils.java:logGet(43)) - raft.server.log.write.buffer.size = 33554432 (custom)
2019-09-20 04:49:01,134 [pool-145-thread-1] INFO  server.RaftServerConfigKeys (ConfUtils.java:logGet(43)) - raft.server.log.force.sync.num = 128 (default)
2019-09-20 04:49:01,134 [pool-145-thread-1] INFO  server.RaftServerConfigKeys (ConfUtils.java:logGet(43)) - raft.server.log.statemachine.data.sync = true (default)
2019-09-20 04:49:01,134 [pool-145-thread-1] INFO  server.RaftServerConfigKeys (ConfUtils.java:logGet(43)) - raft.server.log.statemachine.data.sync.timeout = 10s (default)
2019-09-20 04:49:01,135 [pool-145-thread-1] INFO  server.RaftServerConfigKeys (ConfUtils.java:logGet(43)) - raft.server.log.statemachine.data.sync.timeout.retry = -1 (default)
2019-09-20 04:49:01,135 [pool-145-thread-1] INFO  server.RaftServerConfigKeys (ConfUtils.java:logGet(43)) - raft.server.log.statemachine.data.caching.enabled = true (custom)
2019-09-20 04:49:01,135 [pool-145-thread-1] INFO  segmented.SegmentedRaftLogWorker (SegmentedRaftLogWorker.java:lambda$new$0(132)) - c4f6294c-eda3-4afd-81f7-e69ed14da69f-SegmentedRaftLogWorker:Storage Directory /workdir/hadoop-ozone/integration-test/target/test-dir/MiniOzoneClusterImpl-cd85f641-6806-455e-b969-480e50aec385/datanode-2/data/ratis/601a5f00-7dc3-46a7-b432-29cd8fe167ca: flushIndex: setUnconditionally 0 -> -1
2019-09-20 04:49:01,135 [pool-145-thread-1] INFO  server.RaftServerConfigKeys (ConfUtils.java:logGet(43)) - raft.server.snapshot.auto.trigger.enabled = true (custom)
2019-09-20 04:49:01,135 [pool-145-thread-1] INFO  server.RaftServerConfigKeys (ConfUtils.java:logGet(43)) - raft.server.snapshot.auto.trigger.threshold = 10000 (custom)
2019-09-20 04:49:01,136 [pool-145-thread-1] INFO  server.RaftServerConfigKeys (ConfUtils.java:logGet(43)) - raft.server.retrycache.expirytime = 600000ms (custom)
2019-09-20 04:49:01,136 [pool-145-thread-1] INFO  impl.RaftServerImpl (RaftServerImpl.java:start(180)) - c4f6294c-eda3-4afd-81f7-e69ed14da69f: start group-29CD8FE167CA
2019-09-20 04:49:01,136 [pool-145-thread-1] INFO  impl.RaftServerImpl (RaftServerImpl.java:setRole(171)) - c4f6294c-eda3-4afd-81f7-e69ed14da69f:group-29CD8FE167CA changes role from null to FOLLOWER at term 0 for startAsFollower
2019-09-20 04:49:01,136 [pool-145-thread-1] INFO  impl.RoleInfo (RoleInfo.java:updateAndGet(143)) - c4f6294c-eda3-4afd-81f7-e69ed14da69f: start FollowerState
2019-09-20 04:49:01,136 [pool-145-thread-1] INFO  util.JmxRegister (JmxRegister.java:tryRegister(44)) - Successfully registered JMX Bean with object name Ratis:service=RaftServer,group=group-29CD8FE167CA,id=c4f6294c-eda3-4afd-81f7-e69ed14da69f
2019-09-20 04:49:01,139 [RatisPipelineUtilsThread] INFO  pipeline.PipelineStateManager (PipelineStateManager.java:addPipeline(56)) - Created pipeline Pipeline[ Id: 601a5f00-7dc3-46a7-b432-29cd8fe167ca, Nodes: c4f6294c-eda3-4afd-81f7-e69ed14da69f{ip: 192.168.36.79, host: pr-hdds-1569-s8kj2-2266485376, networkLocation: /default-rack, certSerialId: null}, Type:RATIS, Factor:ONE, State:OPEN]
2019-09-20 04:49:01,139 [RatisPipelineUtilsThread] INFO  pipeline.PipelinePlacementPolicy (PipelinePlacementPolicy.java:meetCriteria(91)) - Pipeline Placement: Doesn't meet the criteria to be viable node： 236eed40-dd97-4fdc-a0ae-ab99685a426b Heaviness: 6 limit: 5
2019-09-20 04:49:01,140 [RatisPipelineUtilsThread] INFO  pipeline.PipelinePlacementPolicy (PipelinePlacementPolicy.java:meetCriteria(91)) - Pipeline Placement: Doesn't meet the criteria to be viable node： ba95d636-ac34-4b74-a102-dec8d0f377c6 Heaviness: 6 limit: 5
2019-09-20 04:49:01,145 [grpc-default-executor-0] INFO  impl.RaftServerProxy (RaftServerProxy.java:addNew(89)) - c4f6294c-eda3-4afd-81f7-e69ed14da69f: addNew group-0F1F9ED86965:[c4f6294c-eda3-4afd-81f7-e69ed14da69f:192.168.36.79:34480] returns group-0F1F9ED86965:java.util.concurrent.CompletableFuture@6c97fd13[Not completed]
2019-09-20 04:49:01,146 [pool-145-thread-1] INFO  impl.RaftServerImpl (RaftServerImpl.java:<init>(93)) - c4f6294c-eda3-4afd-81f7-e69ed14da69f: new RaftServerImpl for group-0F1F9ED86965:[c4f6294c-eda3-4afd-81f7-e69ed14da69f:192.168.36.79:34480] with ContainerStateMachine:uninitialized
2019-09-20 04:49:01,147 [pool-145-thread-1] INFO  server.RaftServerConfigKeys (ConfUtils.java:logGet(43)) - raft.server.rpc.timeout.min = 5s (custom)
2019-09-20 04:49:01,147 [pool-145-thread-1] INFO  server.RaftServerConfigKeys (ConfUtils.java:logGet(43)) - raft.server.rpc.timeout.max = 5200ms (custom)
2019-09-20 04:49:01,147 [pool-145-thread-1] INFO  server.RaftServerConfigKeys (ConfUtils.java:logGet(43)) - raft.server.rpcslowness.timeout = 120s (custom)
2019-09-20 04:49:01,147 [pool-145-thread-1] INFO  server.RaftServerConfigKeys (ConfUtils.java:logGet(43)) - raft.server.sleep.deviation.threshold = 300 (default)
2019-09-20 04:49:01,147 [pool-145-thread-1] INFO  server.RaftServerConfigKeys (ConfUtils.java:logGet(43)) - raft.server.log.appender.install.snapshot.enabled = false (custom)
2019-09-20 04:49:01,147 [pool-145-thread-1] INFO  impl.RaftServerImpl (ServerState.java:<init>(105)) - c4f6294c-eda3-4afd-81f7-e69ed14da69f:group-0F1F9ED86965 ConfigurationManager, init=-1: [c4f6294c-eda3-4afd-81f7-e69ed14da69f:192.168.36.79:34480], old=null, confs=<EMPTY_MAP>
2019-09-20 04:49:01,147 [pool-145-thread-1] INFO  server.RaftServerConfigKeys (ConfUtils.java:logGet(43)) - raft.server.storage.dir = [/workdir/hadoop-ozone/integration-test/target/test-dir/MiniOzoneClusterImpl-cd85f641-6806-455e-b969-480e50aec385/datanode-2/data/ratis] (custom)
2019-09-20 04:49:01,147 [pool-145-thread-1] INFO  storage.RaftStorageDirectory (RaftStorageDirectory.java:analyzeStorage(246)) - The storage directory /workdir/hadoop-ozone/integration-test/target/test-dir/MiniOzoneClusterImpl-cd85f641-6806-455e-b969-480e50aec385/datanode-2/data/ratis/81719d83-c23d-4b40-98b3-0f1f9ed86965 does not exist. Creating ...
2019-09-20 04:49:01,155 | INFO  | SCMAudit | user=jenkins1000 | ip=192.168.36.79 | op=SEND_HEARTBEAT {datanodeUUID=42fc6e92-fcdd-4827-b621-9fc58a3d2315, command=[]} | ret=SUCCESS |  
2019-09-20 04:49:01,167 [pool-145-thread-1] INFO  storage.RaftStorageDirectory (RaftStorageDirectory.java:tryLock(328)) - Lock on /workdir/hadoop-ozone/integration-test/target/test-dir/MiniOzoneClusterImpl-cd85f641-6806-455e-b969-480e50aec385/datanode-2/data/ratis/81719d83-c23d-4b40-98b3-0f1f9ed86965/in_use.lock acquired by nodename 9457@pr-hdds-1569-s8kj2-2266485376
2019-09-20 04:49:01,184 [pool-145-thread-1] INFO  storage.RaftStorage (RaftStorage.java:format(72)) - Storage directory /workdir/hadoop-ozone/integration-test/target/test-dir/MiniOzoneClusterImpl-cd85f641-6806-455e-b969-480e50aec385/datanode-2/data/ratis/81719d83-c23d-4b40-98b3-0f1f9ed86965 has been successfully formatted.
2019-09-20 04:49:01,184 [pool-145-thread-1] INFO  ratis.ContainerStateMachine (ContainerStateMachine.java:loadSnapshot(226)) - group-0F1F9ED86965: The snapshot info is null. Setting the last applied indexto:(t:0, i:~)
2019-09-20 04:49:01,184 [pool-145-thread-1] INFO  server.RaftServerConfigKeys (ConfUtils.java:logGet(43)) - raft.server.leader.election.timeout = 120s (custom)
2019-09-20 04:49:01,184 [pool-145-thread-1] INFO  server.RaftServerConfigKeys (ConfUtils.java:logGet(43)) - raft.server.log.use.memory = false (default)
2019-09-20 04:49:01,184 [pool-145-thread-1] INFO  server.RaftServerConfigKeys (ConfUtils.java:logGet(43)) - raft.server.log.purge.gap = 1000000 (custom)
2019-09-20 04:49:01,184 [pool-145-thread-1] INFO  server.RaftServerConfigKeys (ConfUtils.java:logGet(43)) - raft.server.log.appender.buffer.byte-limit = 33554432 (custom)
2019-09-20 04:49:01,184 [pool-145-thread-1] INFO  server.RaftServerConfigKeys (ConfUtils.java:logGet(43)) - raft.server.log.segment.size.max = 1048576 (custom)
2019-09-20 04:49:01,184 [pool-145-thread-1] INFO  server.RaftServerConfigKeys (ConfUtils.java:logGet(43)) - raft.server.log.segment.cache.num.max = 2 (custom)
2019-09-20 04:49:01,185 [pool-145-thread-1] INFO  segmented.SegmentedRaftLogWorker (SegmentedRaftLogWorker.java:<init>(172)) - new c4f6294c-eda3-4afd-81f7-e69ed14da69f-SegmentedRaftLogWorker:Storage Directory /workdir/hadoop-ozone/integration-test/target/test-dir/MiniOzoneClusterImpl-cd85f641-6806-455e-b969-480e50aec385/datanode-2/data/ratis/81719d83-c23d-4b40-98b3-0f1f9ed86965 for RaftStorage:Storage Directory /workdir/hadoop-ozone/integration-test/target/test-dir/MiniOzoneClusterImpl-cd85f641-6806-455e-b969-480e50aec385/datanode-2/data/ratis/81719d83-c23d-4b40-98b3-0f1f9ed86965
2019-09-20 04:49:01,185 [pool-145-thread-1] INFO  server.RaftServerConfigKeys (ConfUtils.java:logGet(43)) - raft.server.log.queue.byte-limit = 2147483647 (custom)
2019-09-20 04:49:01,185 [pool-145-thread-1] INFO  server.RaftServerConfigKeys (ConfUtils.java:logGet(43)) - raft.server.log.queue.element-limit = 1024 (custom)
2019-09-20 04:49:01,185 [pool-145-thread-1] INFO  server.RaftServerConfigKeys (ConfUtils.java:logGet(43)) - raft.server.log.segment.size.max = 1048576 (custom)
2019-09-20 04:49:01,185 [pool-145-thread-1] INFO  server.RaftServerConfigKeys (ConfUtils.java:logGet(43)) - raft.server.log.preallocated.size = 16384 (custom)
2019-09-20 04:49:01,185 [pool-145-thread-1] INFO  server.RaftServerConfigKeys (ConfUtils.java:logGet(43)) - raft.server.log.write.buffer.size = 33554432 (custom)
2019-09-20 04:49:01,185 [pool-145-thread-1] INFO  server.RaftServerConfigKeys (ConfUtils.java:logGet(43)) - raft.server.log.force.sync.num = 128 (default)
2019-09-20 04:49:01,185 [pool-145-thread-1] INFO  server.RaftServerConfigKeys (ConfUtils.java:logGet(43)) - raft.server.log.statemachine.data.sync = true (default)
2019-09-20 04:49:01,185 [pool-145-thread-1] INFO  server.RaftServerConfigKeys (ConfUtils.java:logGet(43)) - raft.server.log.statemachine.data.sync.timeout = 10s (default)
2019-09-20 04:49:01,185 [pool-145-thread-1] INFO  server.RaftServerConfigKeys (ConfUtils.java:logGet(43)) - raft.server.log.statemachine.data.sync.timeout.retry = -1 (default)
2019-09-20 04:49:01,186 [pool-145-thread-1] INFO  server.RaftServerConfigKeys (ConfUtils.java:logGet(43)) - raft.server.log.statemachine.data.caching.enabled = true (custom)
2019-09-20 04:49:01,186 [pool-145-thread-1] INFO  segmented.SegmentedRaftLogWorker (SegmentedRaftLogWorker.java:lambda$new$0(132)) - c4f6294c-eda3-4afd-81f7-e69ed14da69f-SegmentedRaftLogWorker:Storage Directory /workdir/hadoop-ozone/integration-test/target/test-dir/MiniOzoneClusterImpl-cd85f641-6806-455e-b969-480e50aec385/datanode-2/data/ratis/81719d83-c23d-4b40-98b3-0f1f9ed86965: flushIndex: setUnconditionally 0 -> -1
2019-09-20 04:49:01,186 [pool-145-thread-1] INFO  server.RaftServerConfigKeys (ConfUtils.java:logGet(43)) - raft.server.snapshot.auto.trigger.enabled = true (custom)
2019-09-20 04:49:01,186 [pool-145-thread-1] INFO  server.RaftServerConfigKeys (ConfUtils.java:logGet(43)) - raft.server.snapshot.auto.trigger.threshold = 10000 (custom)
2019-09-20 04:49:01,186 [pool-145-thread-1] INFO  server.RaftServerConfigKeys (ConfUtils.java:logGet(43)) - raft.server.retrycache.expirytime = 600000ms (custom)
2019-09-20 04:49:01,187 [pool-145-thread-1] INFO  impl.RaftServerImpl (RaftServerImpl.java:start(180)) - c4f6294c-eda3-4afd-81f7-e69ed14da69f: start group-0F1F9ED86965
2019-09-20 04:49:01,187 [pool-145-thread-1] INFO  impl.RaftServerImpl (RaftServerImpl.java:setRole(171)) - c4f6294c-eda3-4afd-81f7-e69ed14da69f:group-0F1F9ED86965 changes role from null to FOLLOWER at term 0 for startAsFollower
2019-09-20 04:49:01,187 [pool-145-thread-1] INFO  impl.RoleInfo (RoleInfo.java:updateAndGet(143)) - c4f6294c-eda3-4afd-81f7-e69ed14da69f: start FollowerState
2019-09-20 04:49:01,187 [pool-145-thread-1] INFO  util.JmxRegister (JmxRegister.java:tryRegister(44)) - Successfully registered JMX Bean with object name Ratis:service=RaftServer,group=group-0F1F9ED86965,id=c4f6294c-eda3-4afd-81f7-e69ed14da69f
2019-09-20 04:49:01,190 [RatisPipelineUtilsThread] INFO  pipeline.PipelineStateManager (PipelineStateManager.java:addPipeline(56)) - Created pipeline Pipeline[ Id: 81719d83-c23d-4b40-98b3-0f1f9ed86965, Nodes: c4f6294c-eda3-4afd-81f7-e69ed14da69f{ip: 192.168.36.79, host: pr-hdds-1569-s8kj2-2266485376, networkLocation: /default-rack, certSerialId: null}, Type:RATIS, Factor:ONE, State:OPEN]
2019-09-20 04:49:01,191 [RatisPipelineUtilsThread] INFO  pipeline.PipelinePlacementPolicy (PipelinePlacementPolicy.java:meetCriteria(91)) - Pipeline Placement: Doesn't meet the criteria to be viable node： 236eed40-dd97-4fdc-a0ae-ab99685a426b Heaviness: 6 limit: 5
2019-09-20 04:49:01,191 [RatisPipelineUtilsThread] INFO  pipeline.PipelinePlacementPolicy (PipelinePlacementPolicy.java:meetCriteria(91)) - Pipeline Placement: Doesn't meet the criteria to be viable node： ba95d636-ac34-4b74-a102-dec8d0f377c6 Heaviness: 6 limit: 5
2019-09-20 04:49:01,205 [grpc-default-executor-0] INFO  impl.RaftServerProxy (RaftServerProxy.java:addNew(89)) - fdbc37f2-9e58-4bac-a5d5-a78839d012e9: addNew group-C6B8D561D3A6:[fdbc37f2-9e58-4bac-a5d5-a78839d012e9:192.168.36.79:32937] returns group-C6B8D561D3A6:java.util.concurrent.CompletableFuture@1ed5b1c7[Not completed]
2019-09-20 04:49:01,206 [pool-156-thread-1] INFO  impl.RaftServerImpl (RaftServerImpl.java:<init>(93)) - fdbc37f2-9e58-4bac-a5d5-a78839d012e9: new RaftServerImpl for group-C6B8D561D3A6:[fdbc37f2-9e58-4bac-a5d5-a78839d012e9:192.168.36.79:32937] with ContainerStateMachine:uninitialized
2019-09-20 04:49:01,207 [pool-156-thread-1] INFO  server.RaftServerConfigKeys (ConfUtils.java:logGet(43)) - raft.server.rpc.timeout.min = 5s (custom)
2019-09-20 04:49:01,207 [pool-156-thread-1] INFO  server.RaftServerConfigKeys (ConfUtils.java:logGet(43)) - raft.server.rpc.timeout.max = 5200ms (custom)
2019-09-20 04:49:01,207 [pool-156-thread-1] INFO  server.RaftServerConfigKeys (ConfUtils.java:logGet(43)) - raft.server.rpcslowness.timeout = 120s (custom)
2019-09-20 04:49:01,207 [pool-156-thread-1] INFO  server.RaftServerConfigKeys (ConfUtils.java:logGet(43)) - raft.server.sleep.deviation.threshold = 300 (default)
2019-09-20 04:49:01,207 [pool-156-thread-1] INFO  server.RaftServerConfigKeys (ConfUtils.java:logGet(43)) - raft.server.log.appender.install.snapshot.enabled = false (custom)
2019-09-20 04:49:01,207 [pool-156-thread-1] INFO  impl.RaftServerImpl (ServerState.java:<init>(105)) - fdbc37f2-9e58-4bac-a5d5-a78839d012e9:group-C6B8D561D3A6 ConfigurationManager, init=-1: [fdbc37f2-9e58-4bac-a5d5-a78839d012e9:192.168.36.79:32937], old=null, confs=<EMPTY_MAP>
2019-09-20 04:49:01,208 [pool-156-thread-1] INFO  server.RaftServerConfigKeys (ConfUtils.java:logGet(43)) - raft.server.storage.dir = [/workdir/hadoop-ozone/integration-test/target/test-dir/MiniOzoneClusterImpl-cd85f641-6806-455e-b969-480e50aec385/datanode-3/data/ratis] (custom)
2019-09-20 04:49:01,208 [pool-156-thread-1] INFO  storage.RaftStorageDirectory (RaftStorageDirectory.java:analyzeStorage(246)) - The storage directory /workdir/hadoop-ozone/integration-test/target/test-dir/MiniOzoneClusterImpl-cd85f641-6806-455e-b969-480e50aec385/datanode-3/data/ratis/e82a2563-5658-48ab-8b86-c6b8d561d3a6 does not exist. Creating ...
2019-09-20 04:49:01,226 [pool-156-thread-1] INFO  storage.RaftStorageDirectory (RaftStorageDirectory.java:tryLock(328)) - Lock on /workdir/hadoop-ozone/integration-test/target/test-dir/MiniOzoneClusterImpl-cd85f641-6806-455e-b969-480e50aec385/datanode-3/data/ratis/e82a2563-5658-48ab-8b86-c6b8d561d3a6/in_use.lock acquired by nodename 9457@pr-hdds-1569-s8kj2-2266485376
2019-09-20 04:49:01,243 [pool-156-thread-1] INFO  storage.RaftStorage (RaftStorage.java:format(72)) - Storage directory /workdir/hadoop-ozone/integration-test/target/test-dir/MiniOzoneClusterImpl-cd85f641-6806-455e-b969-480e50aec385/datanode-3/data/ratis/e82a2563-5658-48ab-8b86-c6b8d561d3a6 has been successfully formatted.
2019-09-20 04:49:01,243 [pool-156-thread-1] INFO  ratis.ContainerStateMachine (ContainerStateMachine.java:loadSnapshot(226)) - group-C6B8D561D3A6: The snapshot info is null. Setting the last applied indexto:(t:0, i:~)
2019-09-20 04:49:01,243 [pool-156-thread-1] INFO  server.RaftServerConfigKeys (ConfUtils.java:logGet(43)) - raft.server.leader.election.timeout = 120s (custom)
2019-09-20 04:49:01,243 [pool-156-thread-1] INFO  server.RaftServerConfigKeys (ConfUtils.java:logGet(43)) - raft.server.log.use.memory = false (default)
2019-09-20 04:49:01,243 [pool-156-thread-1] INFO  server.RaftServerConfigKeys (ConfUtils.java:logGet(43)) - raft.server.log.purge.gap = 1000000 (custom)
2019-09-20 04:49:01,244 [pool-156-thread-1] INFO  server.RaftServerConfigKeys (ConfUtils.java:logGet(43)) - raft.server.log.appender.buffer.byte-limit = 33554432 (custom)
2019-09-20 04:49:01,244 [pool-156-thread-1] INFO  server.RaftServerConfigKeys (ConfUtils.java:logGet(43)) - raft.server.log.segment.size.max = 1048576 (custom)
2019-09-20 04:49:01,244 [pool-156-thread-1] INFO  server.RaftServerConfigKeys (ConfUtils.java:logGet(43)) - raft.server.log.segment.cache.num.max = 2 (custom)
2019-09-20 04:49:01,244 [pool-156-thread-1] INFO  segmented.SegmentedRaftLogWorker (SegmentedRaftLogWorker.java:<init>(172)) - new fdbc37f2-9e58-4bac-a5d5-a78839d012e9-SegmentedRaftLogWorker:Storage Directory /workdir/hadoop-ozone/integration-test/target/test-dir/MiniOzoneClusterImpl-cd85f641-6806-455e-b969-480e50aec385/datanode-3/data/ratis/e82a2563-5658-48ab-8b86-c6b8d561d3a6 for RaftStorage:Storage Directory /workdir/hadoop-ozone/integration-test/target/test-dir/MiniOzoneClusterImpl-cd85f641-6806-455e-b969-480e50aec385/datanode-3/data/ratis/e82a2563-5658-48ab-8b86-c6b8d561d3a6
2019-09-20 04:49:01,244 [pool-156-thread-1] INFO  server.RaftServerConfigKeys (ConfUtils.java:logGet(43)) - raft.server.log.queue.byte-limit = 2147483647 (custom)
2019-09-20 04:49:01,244 [pool-156-thread-1] INFO  server.RaftServerConfigKeys (ConfUtils.java:logGet(43)) - raft.server.log.queue.element-limit = 1024 (custom)
2019-09-20 04:49:01,244 [pool-156-thread-1] INFO  server.RaftServerConfigKeys (ConfUtils.java:logGet(43)) - raft.server.log.segment.size.max = 1048576 (custom)
2019-09-20 04:49:01,244 [pool-156-thread-1] INFO  server.RaftServerConfigKeys (ConfUtils.java:logGet(43)) - raft.server.log.preallocated.size = 16384 (custom)
2019-09-20 04:49:01,244 [pool-156-thread-1] INFO  server.RaftServerConfigKeys (ConfUtils.java:logGet(43)) - raft.server.log.write.buffer.size = 33554432 (custom)
2019-09-20 04:49:01,245 [pool-156-thread-1] INFO  server.RaftServerConfigKeys (ConfUtils.java:logGet(43)) - raft.server.log.force.sync.num = 128 (default)
2019-09-20 04:49:01,245 [pool-156-thread-1] INFO  server.RaftServerConfigKeys (ConfUtils.java:logGet(43)) - raft.server.log.statemachine.data.sync = true (default)
2019-09-20 04:49:01,245 [pool-156-thread-1] INFO  server.RaftServerConfigKeys (ConfUtils.java:logGet(43)) - raft.server.log.statemachine.data.sync.timeout = 10s (default)
2019-09-20 04:49:01,245 [pool-156-thread-1] INFO  server.RaftServerConfigKeys (ConfUtils.java:logGet(43)) - raft.server.log.statemachine.data.sync.timeout.retry = -1 (default)
2019-09-20 04:49:01,245 [pool-156-thread-1] INFO  server.RaftServerConfigKeys (ConfUtils.java:logGet(43)) - raft.server.log.statemachine.data.caching.enabled = true (custom)
2019-09-20 04:49:01,245 [pool-156-thread-1] INFO  segmented.SegmentedRaftLogWorker (SegmentedRaftLogWorker.java:lambda$new$0(132)) - fdbc37f2-9e58-4bac-a5d5-a78839d012e9-SegmentedRaftLogWorker:Storage Directory /workdir/hadoop-ozone/integration-test/target/test-dir/MiniOzoneClusterImpl-cd85f641-6806-455e-b969-480e50aec385/datanode-3/data/ratis/e82a2563-5658-48ab-8b86-c6b8d561d3a6: flushIndex: setUnconditionally 0 -> -1
2019-09-20 04:49:01,245 [pool-156-thread-1] INFO  server.RaftServerConfigKeys (ConfUtils.java:logGet(43)) - raft.server.snapshot.auto.trigger.enabled = true (custom)
2019-09-20 04:49:01,246 [pool-156-thread-1] INFO  server.RaftServerConfigKeys (ConfUtils.java:logGet(43)) - raft.server.snapshot.auto.trigger.threshold = 10000 (custom)
2019-09-20 04:49:01,246 [pool-156-thread-1] INFO  server.RaftServerConfigKeys (ConfUtils.java:logGet(43)) - raft.server.retrycache.expirytime = 600000ms (custom)
2019-09-20 04:49:01,246 [pool-156-thread-1] INFO  impl.RaftServerImpl (RaftServerImpl.java:start(180)) - fdbc37f2-9e58-4bac-a5d5-a78839d012e9: start group-C6B8D561D3A6
2019-09-20 04:49:01,246 [pool-156-thread-1] INFO  impl.RaftServerImpl (RaftServerImpl.java:setRole(171)) - fdbc37f2-9e58-4bac-a5d5-a78839d012e9:group-C6B8D561D3A6 changes role from null to FOLLOWER at term 0 for startAsFollower
2019-09-20 04:49:01,246 [pool-156-thread-1] INFO  impl.RoleInfo (RoleInfo.java:updateAndGet(143)) - fdbc37f2-9e58-4bac-a5d5-a78839d012e9: start FollowerState
2019-09-20 04:49:01,247 [pool-156-thread-1] INFO  util.JmxRegister (JmxRegister.java:tryRegister(44)) - Successfully registered JMX Bean with object name Ratis:service=RaftServer,group=group-C6B8D561D3A6,id=fdbc37f2-9e58-4bac-a5d5-a78839d012e9
2019-09-20 04:49:01,249 [RatisPipelineUtilsThread] INFO  pipeline.PipelineStateManager (PipelineStateManager.java:addPipeline(56)) - Created pipeline Pipeline[ Id: e82a2563-5658-48ab-8b86-c6b8d561d3a6, Nodes: fdbc37f2-9e58-4bac-a5d5-a78839d012e9{ip: 192.168.36.79, host: pr-hdds-1569-s8kj2-2266485376, networkLocation: /default-rack, certSerialId: null}, Type:RATIS, Factor:ONE, State:OPEN]
2019-09-20 04:49:01,249 [RatisPipelineUtilsThread] INFO  pipeline.PipelinePlacementPolicy (PipelinePlacementPolicy.java:meetCriteria(91)) - Pipeline Placement: Doesn't meet the criteria to be viable node： 236eed40-dd97-4fdc-a0ae-ab99685a426b Heaviness: 6 limit: 5
2019-09-20 04:49:01,249 [RatisPipelineUtilsThread] INFO  pipeline.PipelinePlacementPolicy (PipelinePlacementPolicy.java:meetCriteria(91)) - Pipeline Placement: Doesn't meet the criteria to be viable node： ba95d636-ac34-4b74-a102-dec8d0f377c6 Heaviness: 6 limit: 5
2019-09-20 04:49:01,251 [IPC Server handler 3 on 40543] INFO  net.NetworkTopology (NetworkTopologyImpl.java:add(110)) - Added a new node: /default-rack/bd1a845e-f2ed-4713-9516-9ccc20139040
2019-09-20 04:49:01,251 [IPC Server handler 3 on 40543] INFO  node.SCMNodeManager (SCMNodeManager.java:register(273)) - Registered Data node : bd1a845e-f2ed-4713-9516-9ccc20139040{ip: 192.168.36.79, host: pr-hdds-1569-s8kj2-2266485376, networkLocation: /default-rack, certSerialId: null}
2019-09-20 04:49:01,252 | INFO  | SCMAudit | user=jenkins1000 | ip=192.168.36.79 | op=REGISTER {datanodeDetails=bd1a845e-f2ed-4713-9516-9ccc20139040{ip: 192.168.36.79, host: pr-hdds-1569-s8kj2-2266485376, networkLocation: /default-rack, certSerialId: null}} | ret=SUCCESS |  
2019-09-20 04:49:01,258 [grpc-default-executor-0] INFO  impl.RaftServerProxy (RaftServerProxy.java:addNew(89)) - 3c2a6bfe-f5c5-4e23-89b0-850dab17697d: addNew group-9267777E2DAD:[3c2a6bfe-f5c5-4e23-89b0-850dab17697d:192.168.36.79:38430] returns group-9267777E2DAD:java.util.concurrent.CompletableFuture@311bbe4a[Not completed]
2019-09-20 04:49:01,259 [pool-167-thread-1] INFO  impl.RaftServerImpl (RaftServerImpl.java:<init>(93)) - 3c2a6bfe-f5c5-4e23-89b0-850dab17697d: new RaftServerImpl for group-9267777E2DAD:[3c2a6bfe-f5c5-4e23-89b0-850dab17697d:192.168.36.79:38430] with ContainerStateMachine:uninitialized
2019-09-20 04:49:01,259 [pool-167-thread-1] INFO  server.RaftServerConfigKeys (ConfUtils.java:logGet(43)) - raft.server.rpc.timeout.min = 5s (custom)
2019-09-20 04:49:01,259 [pool-167-thread-1] INFO  server.RaftServerConfigKeys (ConfUtils.java:logGet(43)) - raft.server.rpc.timeout.max = 5200ms (custom)
2019-09-20 04:49:01,259 [pool-167-thread-1] INFO  server.RaftServerConfigKeys (ConfUtils.java:logGet(43)) - raft.server.rpcslowness.timeout = 120s (custom)
2019-09-20 04:49:01,259 [pool-167-thread-1] INFO  server.RaftServerConfigKeys (ConfUtils.java:logGet(43)) - raft.server.sleep.deviation.threshold = 300 (default)
2019-09-20 04:49:01,259 [pool-167-thread-1] INFO  server.RaftServerConfigKeys (ConfUtils.java:logGet(43)) - raft.server.log.appender.install.snapshot.enabled = false (custom)
2019-09-20 04:49:01,260 [pool-167-thread-1] INFO  impl.RaftServerImpl (ServerState.java:<init>(105)) - 3c2a6bfe-f5c5-4e23-89b0-850dab17697d:group-9267777E2DAD ConfigurationManager, init=-1: [3c2a6bfe-f5c5-4e23-89b0-850dab17697d:192.168.36.79:38430], old=null, confs=<EMPTY_MAP>
2019-09-20 04:49:01,260 [pool-167-thread-1] INFO  server.RaftServerConfigKeys (ConfUtils.java:logGet(43)) - raft.server.storage.dir = [/workdir/hadoop-ozone/integration-test/target/test-dir/MiniOzoneClusterImpl-cd85f641-6806-455e-b969-480e50aec385/datanode-4/data/ratis] (custom)
2019-09-20 04:49:01,260 [pool-167-thread-1] INFO  storage.RaftStorageDirectory (RaftStorageDirectory.java:analyzeStorage(246)) - The storage directory /workdir/hadoop-ozone/integration-test/target/test-dir/MiniOzoneClusterImpl-cd85f641-6806-455e-b969-480e50aec385/datanode-4/data/ratis/b8b7d2e3-05f7-422e-b7c9-9267777e2dad does not exist. Creating ...
2019-09-20 04:49:01,267 | INFO  | SCMAudit | user=jenkins1000 | ip=192.168.36.79 | op=SEND_HEARTBEAT {datanodeUUID=8d97392c-5f4b-400a-94a1-fb61a3ebbc99, command=[]} | ret=SUCCESS |  
2019-09-20 04:49:01,276 [pool-167-thread-1] INFO  storage.RaftStorageDirectory (RaftStorageDirectory.java:tryLock(328)) - Lock on /workdir/hadoop-ozone/integration-test/target/test-dir/MiniOzoneClusterImpl-cd85f641-6806-455e-b969-480e50aec385/datanode-4/data/ratis/b8b7d2e3-05f7-422e-b7c9-9267777e2dad/in_use.lock acquired by nodename 9457@pr-hdds-1569-s8kj2-2266485376
2019-09-20 04:49:01,293 [pool-167-thread-1] INFO  storage.RaftStorage (RaftStorage.java:format(72)) - Storage directory /workdir/hadoop-ozone/integration-test/target/test-dir/MiniOzoneClusterImpl-cd85f641-6806-455e-b969-480e50aec385/datanode-4/data/ratis/b8b7d2e3-05f7-422e-b7c9-9267777e2dad has been successfully formatted.
2019-09-20 04:49:01,294 [pool-167-thread-1] INFO  ratis.ContainerStateMachine (ContainerStateMachine.java:loadSnapshot(226)) - group-9267777E2DAD: The snapshot info is null. Setting the last applied indexto:(t:0, i:~)
2019-09-20 04:49:01,294 [pool-167-thread-1] INFO  server.RaftServerConfigKeys (ConfUtils.java:logGet(43)) - raft.server.leader.election.timeout = 120s (custom)
2019-09-20 04:49:01,294 [pool-167-thread-1] INFO  server.RaftServerConfigKeys (ConfUtils.java:logGet(43)) - raft.server.log.use.memory = false (default)
2019-09-20 04:49:01,294 [pool-167-thread-1] INFO  server.RaftServerConfigKeys (ConfUtils.java:logGet(43)) - raft.server.log.purge.gap = 1000000 (custom)
2019-09-20 04:49:01,294 [pool-167-thread-1] INFO  server.RaftServerConfigKeys (ConfUtils.java:logGet(43)) - raft.server.log.appender.buffer.byte-limit = 33554432 (custom)
2019-09-20 04:49:01,294 [pool-167-thread-1] INFO  server.RaftServerConfigKeys (ConfUtils.java:logGet(43)) - raft.server.log.segment.size.max = 1048576 (custom)
2019-09-20 04:49:01,295 [pool-167-thread-1] INFO  server.RaftServerConfigKeys (ConfUtils.java:logGet(43)) - raft.server.log.segment.cache.num.max = 2 (custom)
2019-09-20 04:49:01,295 [pool-167-thread-1] INFO  segmented.SegmentedRaftLogWorker (SegmentedRaftLogWorker.java:<init>(172)) - new 3c2a6bfe-f5c5-4e23-89b0-850dab17697d-SegmentedRaftLogWorker:Storage Directory /workdir/hadoop-ozone/integration-test/target/test-dir/MiniOzoneClusterImpl-cd85f641-6806-455e-b969-480e50aec385/datanode-4/data/ratis/b8b7d2e3-05f7-422e-b7c9-9267777e2dad for RaftStorage:Storage Directory /workdir/hadoop-ozone/integration-test/target/test-dir/MiniOzoneClusterImpl-cd85f641-6806-455e-b969-480e50aec385/datanode-4/data/ratis/b8b7d2e3-05f7-422e-b7c9-9267777e2dad
2019-09-20 04:49:01,295 [pool-167-thread-1] INFO  server.RaftServerConfigKeys (ConfUtils.java:logGet(43)) - raft.server.log.queue.byte-limit = 2147483647 (custom)
2019-09-20 04:49:01,295 [pool-167-thread-1] INFO  server.RaftServerConfigKeys (ConfUtils.java:logGet(43)) - raft.server.log.queue.element-limit = 1024 (custom)
2019-09-20 04:49:01,295 [pool-167-thread-1] INFO  server.RaftServerConfigKeys (ConfUtils.java:logGet(43)) - raft.server.log.segment.size.max = 1048576 (custom)
2019-09-20 04:49:01,295 [pool-167-thread-1] INFO  server.RaftServerConfigKeys (ConfUtils.java:logGet(43)) - raft.server.log.preallocated.size = 16384 (custom)
2019-09-20 04:49:01,296 [pool-167-thread-1] INFO  server.RaftServerConfigKeys (ConfUtils.java:logGet(43)) - raft.server.log.write.buffer.size = 33554432 (custom)
2019-09-20 04:49:01,296 [pool-167-thread-1] INFO  server.RaftServerConfigKeys (ConfUtils.java:logGet(43)) - raft.server.log.force.sync.num = 128 (default)
2019-09-20 04:49:01,296 [pool-167-thread-1] INFO  server.RaftServerConfigKeys (ConfUtils.java:logGet(43)) - raft.server.log.statemachine.data.sync = true (default)
2019-09-20 04:49:01,296 [pool-167-thread-1] INFO  server.RaftServerConfigKeys (ConfUtils.java:logGet(43)) - raft.server.log.statemachine.data.sync.timeout = 10s (default)
2019-09-20 04:49:01,296 [pool-167-thread-1] INFO  server.RaftServerConfigKeys (ConfUtils.java:logGet(43)) - raft.server.log.statemachine.data.sync.timeout.retry = -1 (default)
2019-09-20 04:49:01,296 [pool-167-thread-1] INFO  server.RaftServerConfigKeys (ConfUtils.java:logGet(43)) - raft.server.log.statemachine.data.caching.enabled = true (custom)
2019-09-20 04:49:01,297 [pool-167-thread-1] INFO  segmented.SegmentedRaftLogWorker (SegmentedRaftLogWorker.java:lambda$new$0(132)) - 3c2a6bfe-f5c5-4e23-89b0-850dab17697d-SegmentedRaftLogWorker:Storage Directory /workdir/hadoop-ozone/integration-test/target/test-dir/MiniOzoneClusterImpl-cd85f641-6806-455e-b969-480e50aec385/datanode-4/data/ratis/b8b7d2e3-05f7-422e-b7c9-9267777e2dad: flushIndex: setUnconditionally 0 -> -1
2019-09-20 04:49:01,297 [pool-167-thread-1] INFO  server.RaftServerConfigKeys (ConfUtils.java:logGet(43)) - raft.server.snapshot.auto.trigger.enabled = true (custom)
2019-09-20 04:49:01,297 [pool-167-thread-1] INFO  server.RaftServerConfigKeys (ConfUtils.java:logGet(43)) - raft.server.snapshot.auto.trigger.threshold = 10000 (custom)
2019-09-20 04:49:01,297 [pool-167-thread-1] INFO  server.RaftServerConfigKeys (ConfUtils.java:logGet(43)) - raft.server.retrycache.expirytime = 600000ms (custom)
2019-09-20 04:49:01,298 [pool-167-thread-1] INFO  impl.RaftServerImpl (RaftServerImpl.java:start(180)) - 3c2a6bfe-f5c5-4e23-89b0-850dab17697d: start group-9267777E2DAD
2019-09-20 04:49:01,298 [pool-167-thread-1] INFO  impl.RaftServerImpl (RaftServerImpl.java:setRole(171)) - 3c2a6bfe-f5c5-4e23-89b0-850dab17697d:group-9267777E2DAD changes role from null to FOLLOWER at term 0 for startAsFollower
2019-09-20 04:49:01,298 [pool-167-thread-1] INFO  impl.RoleInfo (RoleInfo.java:updateAndGet(143)) - 3c2a6bfe-f5c5-4e23-89b0-850dab17697d: start FollowerState
2019-09-20 04:49:01,298 [pool-167-thread-1] INFO  util.JmxRegister (JmxRegister.java:tryRegister(44)) - Successfully registered JMX Bean with object name Ratis:service=RaftServer,group=group-9267777E2DAD,id=3c2a6bfe-f5c5-4e23-89b0-850dab17697d
2019-09-20 04:49:01,301 [RatisPipelineUtilsThread] INFO  pipeline.PipelineStateManager (PipelineStateManager.java:addPipeline(56)) - Created pipeline Pipeline[ Id: b8b7d2e3-05f7-422e-b7c9-9267777e2dad, Nodes: 3c2a6bfe-f5c5-4e23-89b0-850dab17697d{ip: 192.168.36.79, host: pr-hdds-1569-s8kj2-2266485376, networkLocation: /default-rack, certSerialId: null}, Type:RATIS, Factor:ONE, State:OPEN]
2019-09-20 04:49:01,301 [RatisPipelineUtilsThread] INFO  pipeline.PipelinePlacementPolicy (PipelinePlacementPolicy.java:meetCriteria(91)) - Pipeline Placement: Doesn't meet the criteria to be viable node： 236eed40-dd97-4fdc-a0ae-ab99685a426b Heaviness: 6 limit: 5
2019-09-20 04:49:01,301 [RatisPipelineUtilsThread] INFO  pipeline.PipelinePlacementPolicy (PipelinePlacementPolicy.java:meetCriteria(91)) - Pipeline Placement: Doesn't meet the criteria to be viable node： ba95d636-ac34-4b74-a102-dec8d0f377c6 Heaviness: 6 limit: 5
2019-09-20 04:49:01,306 [grpc-default-executor-0] INFO  impl.RaftServerProxy (RaftServerProxy.java:addNew(89)) - fdbc37f2-9e58-4bac-a5d5-a78839d012e9: addNew group-9FDDABA26CAF:[fdbc37f2-9e58-4bac-a5d5-a78839d012e9:192.168.36.79:32937] returns group-9FDDABA26CAF:java.util.concurrent.CompletableFuture@60f6a439[Not completed]
2019-09-20 04:49:01,308 [pool-156-thread-1] INFO  impl.RaftServerImpl (RaftServerImpl.java:<init>(93)) - fdbc37f2-9e58-4bac-a5d5-a78839d012e9: new RaftServerImpl for group-9FDDABA26CAF:[fdbc37f2-9e58-4bac-a5d5-a78839d012e9:192.168.36.79:32937] with ContainerStateMachine:uninitialized
2019-09-20 04:49:01,308 [pool-156-thread-1] INFO  server.RaftServerConfigKeys (ConfUtils.java:logGet(43)) - raft.server.rpc.timeout.min = 5s (custom)
2019-09-20 04:49:01,308 [pool-156-thread-1] INFO  server.RaftServerConfigKeys (ConfUtils.java:logGet(43)) - raft.server.rpc.timeout.max = 5200ms (custom)
2019-09-20 04:49:01,308 [pool-156-thread-1] INFO  server.RaftServerConfigKeys (ConfUtils.java:logGet(43)) - raft.server.rpcslowness.timeout = 120s (custom)
2019-09-20 04:49:01,308 [pool-156-thread-1] INFO  server.RaftServerConfigKeys (ConfUtils.java:logGet(43)) - raft.server.sleep.deviation.threshold = 300 (default)
2019-09-20 04:49:01,308 [pool-156-thread-1] INFO  server.RaftServerConfigKeys (ConfUtils.java:logGet(43)) - raft.server.log.appender.install.snapshot.enabled = false (custom)
2019-09-20 04:49:01,308 [pool-156-thread-1] INFO  impl.RaftServerImpl (ServerState.java:<init>(105)) - fdbc37f2-9e58-4bac-a5d5-a78839d012e9:group-9FDDABA26CAF ConfigurationManager, init=-1: [fdbc37f2-9e58-4bac-a5d5-a78839d012e9:192.168.36.79:32937], old=null, confs=<EMPTY_MAP>
2019-09-20 04:49:01,309 [pool-156-thread-1] INFO  server.RaftServerConfigKeys (ConfUtils.java:logGet(43)) - raft.server.storage.dir = [/workdir/hadoop-ozone/integration-test/target/test-dir/MiniOzoneClusterImpl-cd85f641-6806-455e-b969-480e50aec385/datanode-3/data/ratis] (custom)
2019-09-20 04:49:01,309 [pool-156-thread-1] INFO  storage.RaftStorageDirectory (RaftStorageDirectory.java:analyzeStorage(246)) - The storage directory /workdir/hadoop-ozone/integration-test/target/test-dir/MiniOzoneClusterImpl-cd85f641-6806-455e-b969-480e50aec385/datanode-3/data/ratis/4f6ec537-00e7-498c-8f87-9fddaba26caf does not exist. Creating ...
2019-09-20 04:49:01,327 [pool-156-thread-1] INFO  storage.RaftStorageDirectory (RaftStorageDirectory.java:tryLock(328)) - Lock on /workdir/hadoop-ozone/integration-test/target/test-dir/MiniOzoneClusterImpl-cd85f641-6806-455e-b969-480e50aec385/datanode-3/data/ratis/4f6ec537-00e7-498c-8f87-9fddaba26caf/in_use.lock acquired by nodename 9457@pr-hdds-1569-s8kj2-2266485376
2019-09-20 04:49:01,369 [pool-156-thread-1] INFO  storage.RaftStorage (RaftStorage.java:format(72)) - Storage directory /workdir/hadoop-ozone/integration-test/target/test-dir/MiniOzoneClusterImpl-cd85f641-6806-455e-b969-480e50aec385/datanode-3/data/ratis/4f6ec537-00e7-498c-8f87-9fddaba26caf has been successfully formatted.
2019-09-20 04:49:01,370 [pool-156-thread-1] INFO  ratis.ContainerStateMachine (ContainerStateMachine.java:loadSnapshot(226)) - group-9FDDABA26CAF: The snapshot info is null. Setting the last applied indexto:(t:0, i:~)
2019-09-20 04:49:01,370 [pool-156-thread-1] INFO  server.RaftServerConfigKeys (ConfUtils.java:logGet(43)) - raft.server.leader.election.timeout = 120s (custom)
2019-09-20 04:49:01,370 [pool-156-thread-1] INFO  server.RaftServerConfigKeys (ConfUtils.java:logGet(43)) - raft.server.log.use.memory = false (default)
2019-09-20 04:49:01,370 [pool-156-thread-1] INFO  server.RaftServerConfigKeys (ConfUtils.java:logGet(43)) - raft.server.log.purge.gap = 1000000 (custom)
2019-09-20 04:49:01,370 [pool-156-thread-1] INFO  server.RaftServerConfigKeys (ConfUtils.java:logGet(43)) - raft.server.log.appender.buffer.byte-limit = 33554432 (custom)
2019-09-20 04:49:01,370 [pool-156-thread-1] INFO  server.RaftServerConfigKeys (ConfUtils.java:logGet(43)) - raft.server.log.segment.size.max = 1048576 (custom)
2019-09-20 04:49:01,371 [pool-156-thread-1] INFO  server.RaftServerConfigKeys (ConfUtils.java:logGet(43)) - raft.server.log.segment.cache.num.max = 2 (custom)
2019-09-20 04:49:01,371 [pool-156-thread-1] INFO  segmented.SegmentedRaftLogWorker (SegmentedRaftLogWorker.java:<init>(172)) - new fdbc37f2-9e58-4bac-a5d5-a78839d012e9-SegmentedRaftLogWorker:Storage Directory /workdir/hadoop-ozone/integration-test/target/test-dir/MiniOzoneClusterImpl-cd85f641-6806-455e-b969-480e50aec385/datanode-3/data/ratis/4f6ec537-00e7-498c-8f87-9fddaba26caf for RaftStorage:Storage Directory /workdir/hadoop-ozone/integration-test/target/test-dir/MiniOzoneClusterImpl-cd85f641-6806-455e-b969-480e50aec385/datanode-3/data/ratis/4f6ec537-00e7-498c-8f87-9fddaba26caf
2019-09-20 04:49:01,371 [pool-156-thread-1] INFO  server.RaftServerConfigKeys (ConfUtils.java:logGet(43)) - raft.server.log.queue.byte-limit = 2147483647 (custom)
2019-09-20 04:49:01,371 [pool-156-thread-1] INFO  server.RaftServerConfigKeys (ConfUtils.java:logGet(43)) - raft.server.log.queue.element-limit = 1024 (custom)
2019-09-20 04:49:01,371 [pool-156-thread-1] INFO  server.RaftServerConfigKeys (ConfUtils.java:logGet(43)) - raft.server.log.segment.size.max = 1048576 (custom)
2019-09-20 04:49:01,371 [pool-156-thread-1] INFO  server.RaftServerConfigKeys (ConfUtils.java:logGet(43)) - raft.server.log.preallocated.size = 16384 (custom)
2019-09-20 04:49:01,371 [pool-156-thread-1] INFO  server.RaftServerConfigKeys (ConfUtils.java:logGet(43)) - raft.server.log.write.buffer.size = 33554432 (custom)
2019-09-20 04:49:01,371 [pool-156-thread-1] INFO  server.RaftServerConfigKeys (ConfUtils.java:logGet(43)) - raft.server.log.force.sync.num = 128 (default)
2019-09-20 04:49:01,372 [pool-156-thread-1] INFO  server.RaftServerConfigKeys (ConfUtils.java:logGet(43)) - raft.server.log.statemachine.data.sync = true (default)
2019-09-20 04:49:01,372 [pool-156-thread-1] INFO  server.RaftServerConfigKeys (ConfUtils.java:logGet(43)) - raft.server.log.statemachine.data.sync.timeout = 10s (default)
2019-09-20 04:49:01,372 [pool-156-thread-1] INFO  server.RaftServerConfigKeys (ConfUtils.java:logGet(43)) - raft.server.log.statemachine.data.sync.timeout.retry = -1 (default)
2019-09-20 04:49:01,372 [pool-156-thread-1] INFO  server.RaftServerConfigKeys (ConfUtils.java:logGet(43)) - raft.server.log.statemachine.data.caching.enabled = true (custom)
2019-09-20 04:49:01,372 [pool-156-thread-1] INFO  segmented.SegmentedRaftLogWorker (SegmentedRaftLogWorker.java:lambda$new$0(132)) - fdbc37f2-9e58-4bac-a5d5-a78839d012e9-SegmentedRaftLogWorker:Storage Directory /workdir/hadoop-ozone/integration-test/target/test-dir/MiniOzoneClusterImpl-cd85f641-6806-455e-b969-480e50aec385/datanode-3/data/ratis/4f6ec537-00e7-498c-8f87-9fddaba26caf: flushIndex: setUnconditionally 0 -> -1
2019-09-20 04:49:01,373 [pool-156-thread-1] INFO  server.RaftServerConfigKeys (ConfUtils.java:logGet(43)) - raft.server.snapshot.auto.trigger.enabled = true (custom)
2019-09-20 04:49:01,373 [pool-156-thread-1] INFO  server.RaftServerConfigKeys (ConfUtils.java:logGet(43)) - raft.server.snapshot.auto.trigger.threshold = 10000 (custom)
2019-09-20 04:49:01,373 [pool-156-thread-1] INFO  server.RaftServerConfigKeys (ConfUtils.java:logGet(43)) - raft.server.retrycache.expirytime = 600000ms (custom)
2019-09-20 04:49:01,373 [pool-156-thread-1] INFO  impl.RaftServerImpl (RaftServerImpl.java:start(180)) - fdbc37f2-9e58-4bac-a5d5-a78839d012e9: start group-9FDDABA26CAF
2019-09-20 04:49:01,373 [pool-156-thread-1] INFO  impl.RaftServerImpl (RaftServerImpl.java:setRole(171)) - fdbc37f2-9e58-4bac-a5d5-a78839d012e9:group-9FDDABA26CAF changes role from null to FOLLOWER at term 0 for startAsFollower
2019-09-20 04:49:01,374 [pool-156-thread-1] INFO  impl.RoleInfo (RoleInfo.java:updateAndGet(143)) - fdbc37f2-9e58-4bac-a5d5-a78839d012e9: start FollowerState
2019-09-20 04:49:01,374 [pool-156-thread-1] INFO  util.JmxRegister (JmxRegister.java:tryRegister(44)) - Successfully registered JMX Bean with object name Ratis:service=RaftServer,group=group-9FDDABA26CAF,id=fdbc37f2-9e58-4bac-a5d5-a78839d012e9
2019-09-20 04:49:01,376 [RatisPipelineUtilsThread] INFO  pipeline.PipelineStateManager (PipelineStateManager.java:addPipeline(56)) - Created pipeline Pipeline[ Id: 4f6ec537-00e7-498c-8f87-9fddaba26caf, Nodes: fdbc37f2-9e58-4bac-a5d5-a78839d012e9{ip: 192.168.36.79, host: pr-hdds-1569-s8kj2-2266485376, networkLocation: /default-rack, certSerialId: null}, Type:RATIS, Factor:ONE, State:OPEN]
2019-09-20 04:49:01,377 [RatisPipelineUtilsThread] INFO  pipeline.PipelinePlacementPolicy (PipelinePlacementPolicy.java:meetCriteria(91)) - Pipeline Placement: Doesn't meet the criteria to be viable node： 236eed40-dd97-4fdc-a0ae-ab99685a426b Heaviness: 6 limit: 5
2019-09-20 04:49:01,377 [RatisPipelineUtilsThread] INFO  pipeline.PipelinePlacementPolicy (PipelinePlacementPolicy.java:meetCriteria(91)) - Pipeline Placement: Doesn't meet the criteria to be viable node： ba95d636-ac34-4b74-a102-dec8d0f377c6 Heaviness: 6 limit: 5
2019-09-20 04:49:01,381 [grpc-default-executor-0] INFO  impl.RaftServerProxy (RaftServerProxy.java:addNew(89)) - c4f6294c-eda3-4afd-81f7-e69ed14da69f: addNew group-B6FDE1D0F5A9:[c4f6294c-eda3-4afd-81f7-e69ed14da69f:192.168.36.79:34480] returns group-B6FDE1D0F5A9:java.util.concurrent.CompletableFuture@5d3f4f6d[Not completed]
2019-09-20 04:49:01,383 [pool-145-thread-1] INFO  impl.RaftServerImpl (RaftServerImpl.java:<init>(93)) - c4f6294c-eda3-4afd-81f7-e69ed14da69f: new RaftServerImpl for group-B6FDE1D0F5A9:[c4f6294c-eda3-4afd-81f7-e69ed14da69f:192.168.36.79:34480] with ContainerStateMachine:uninitialized
2019-09-20 04:49:01,383 [pool-145-thread-1] INFO  server.RaftServerConfigKeys (ConfUtils.java:logGet(43)) - raft.server.rpc.timeout.min = 5s (custom)
2019-09-20 04:49:01,383 [pool-145-thread-1] INFO  server.RaftServerConfigKeys (ConfUtils.java:logGet(43)) - raft.server.rpc.timeout.max = 5200ms (custom)
2019-09-20 04:49:01,384 [pool-145-thread-1] INFO  server.RaftServerConfigKeys (ConfUtils.java:logGet(43)) - raft.server.rpcslowness.timeout = 120s (custom)
2019-09-20 04:49:01,384 [pool-145-thread-1] INFO  server.RaftServerConfigKeys (ConfUtils.java:logGet(43)) - raft.server.sleep.deviation.threshold = 300 (default)
2019-09-20 04:49:01,384 [pool-145-thread-1] INFO  server.RaftServerConfigKeys (ConfUtils.java:logGet(43)) - raft.server.log.appender.install.snapshot.enabled = false (custom)
2019-09-20 04:49:01,384 [pool-145-thread-1] INFO  impl.RaftServerImpl (ServerState.java:<init>(105)) - c4f6294c-eda3-4afd-81f7-e69ed14da69f:group-B6FDE1D0F5A9 ConfigurationManager, init=-1: [c4f6294c-eda3-4afd-81f7-e69ed14da69f:192.168.36.79:34480], old=null, confs=<EMPTY_MAP>
2019-09-20 04:49:01,384 [pool-145-thread-1] INFO  server.RaftServerConfigKeys (ConfUtils.java:logGet(43)) - raft.server.storage.dir = [/workdir/hadoop-ozone/integration-test/target/test-dir/MiniOzoneClusterImpl-cd85f641-6806-455e-b969-480e50aec385/datanode-2/data/ratis] (custom)
2019-09-20 04:49:01,385 [pool-145-thread-1] INFO  storage.RaftStorageDirectory (RaftStorageDirectory.java:analyzeStorage(246)) - The storage directory /workdir/hadoop-ozone/integration-test/target/test-dir/MiniOzoneClusterImpl-cd85f641-6806-455e-b969-480e50aec385/datanode-2/data/ratis/18971554-338b-4ad7-ac0a-b6fde1d0f5a9 does not exist. Creating ...
2019-09-20 04:49:01,403 [pool-145-thread-1] INFO  storage.RaftStorageDirectory (RaftStorageDirectory.java:tryLock(328)) - Lock on /workdir/hadoop-ozone/integration-test/target/test-dir/MiniOzoneClusterImpl-cd85f641-6806-455e-b969-480e50aec385/datanode-2/data/ratis/18971554-338b-4ad7-ac0a-b6fde1d0f5a9/in_use.lock acquired by nodename 9457@pr-hdds-1569-s8kj2-2266485376
2019-09-20 04:49:01,428 [pool-145-thread-1] INFO  storage.RaftStorage (RaftStorage.java:format(72)) - Storage directory /workdir/hadoop-ozone/integration-test/target/test-dir/MiniOzoneClusterImpl-cd85f641-6806-455e-b969-480e50aec385/datanode-2/data/ratis/18971554-338b-4ad7-ac0a-b6fde1d0f5a9 has been successfully formatted.
2019-09-20 04:49:01,429 [pool-145-thread-1] INFO  ratis.ContainerStateMachine (ContainerStateMachine.java:loadSnapshot(226)) - group-B6FDE1D0F5A9: The snapshot info is null. Setting the last applied indexto:(t:0, i:~)
2019-09-20 04:49:01,429 [pool-145-thread-1] INFO  server.RaftServerConfigKeys (ConfUtils.java:logGet(43)) - raft.server.leader.election.timeout = 120s (custom)
2019-09-20 04:49:01,429 [pool-145-thread-1] INFO  server.RaftServerConfigKeys (ConfUtils.java:logGet(43)) - raft.server.log.use.memory = false (default)
2019-09-20 04:49:01,429 [pool-145-thread-1] INFO  server.RaftServerConfigKeys (ConfUtils.java:logGet(43)) - raft.server.log.purge.gap = 1000000 (custom)
2019-09-20 04:49:01,429 [pool-145-thread-1] INFO  server.RaftServerConfigKeys (ConfUtils.java:logGet(43)) - raft.server.log.appender.buffer.byte-limit = 33554432 (custom)
2019-09-20 04:49:01,429 [pool-145-thread-1] INFO  server.RaftServerConfigKeys (ConfUtils.java:logGet(43)) - raft.server.log.segment.size.max = 1048576 (custom)
2019-09-20 04:49:01,429 [pool-145-thread-1] INFO  server.RaftServerConfigKeys (ConfUtils.java:logGet(43)) - raft.server.log.segment.cache.num.max = 2 (custom)
2019-09-20 04:49:01,429 [pool-145-thread-1] INFO  segmented.SegmentedRaftLogWorker (SegmentedRaftLogWorker.java:<init>(172)) - new c4f6294c-eda3-4afd-81f7-e69ed14da69f-SegmentedRaftLogWorker:Storage Directory /workdir/hadoop-ozone/integration-test/target/test-dir/MiniOzoneClusterImpl-cd85f641-6806-455e-b969-480e50aec385/datanode-2/data/ratis/18971554-338b-4ad7-ac0a-b6fde1d0f5a9 for RaftStorage:Storage Directory /workdir/hadoop-ozone/integration-test/target/test-dir/MiniOzoneClusterImpl-cd85f641-6806-455e-b969-480e50aec385/datanode-2/data/ratis/18971554-338b-4ad7-ac0a-b6fde1d0f5a9
2019-09-20 04:49:01,430 [pool-145-thread-1] INFO  server.RaftServerConfigKeys (ConfUtils.java:logGet(43)) - raft.server.log.queue.byte-limit = 2147483647 (custom)
2019-09-20 04:49:01,430 [pool-145-thread-1] INFO  server.RaftServerConfigKeys (ConfUtils.java:logGet(43)) - raft.server.log.queue.element-limit = 1024 (custom)
2019-09-20 04:49:01,430 [pool-145-thread-1] INFO  server.RaftServerConfigKeys (ConfUtils.java:logGet(43)) - raft.server.log.segment.size.max = 1048576 (custom)
2019-09-20 04:49:01,430 [pool-145-thread-1] INFO  server.RaftServerConfigKeys (ConfUtils.java:logGet(43)) - raft.server.log.preallocated.size = 16384 (custom)
2019-09-20 04:49:01,430 [pool-145-thread-1] INFO  server.RaftServerConfigKeys (ConfUtils.java:logGet(43)) - raft.server.log.write.buffer.size = 33554432 (custom)
2019-09-20 04:49:01,430 [pool-145-thread-1] INFO  server.RaftServerConfigKeys (ConfUtils.java:logGet(43)) - raft.server.log.force.sync.num = 128 (default)
2019-09-20 04:49:01,430 [pool-145-thread-1] INFO  server.RaftServerConfigKeys (ConfUtils.java:logGet(43)) - raft.server.log.statemachine.data.sync = true (default)
2019-09-20 04:49:01,430 [pool-145-thread-1] INFO  server.RaftServerConfigKeys (ConfUtils.java:logGet(43)) - raft.server.log.statemachine.data.sync.timeout = 10s (default)
2019-09-20 04:49:01,430 [pool-145-thread-1] INFO  server.RaftServerConfigKeys (ConfUtils.java:logGet(43)) - raft.server.log.statemachine.data.sync.timeout.retry = -1 (default)
2019-09-20 04:49:01,430 [pool-145-thread-1] INFO  server.RaftServerConfigKeys (ConfUtils.java:logGet(43)) - raft.server.log.statemachine.data.caching.enabled = true (custom)
2019-09-20 04:49:01,431 [pool-145-thread-1] INFO  segmented.SegmentedRaftLogWorker (SegmentedRaftLogWorker.java:lambda$new$0(132)) - c4f6294c-eda3-4afd-81f7-e69ed14da69f-SegmentedRaftLogWorker:Storage Directory /workdir/hadoop-ozone/integration-test/target/test-dir/MiniOzoneClusterImpl-cd85f641-6806-455e-b969-480e50aec385/datanode-2/data/ratis/18971554-338b-4ad7-ac0a-b6fde1d0f5a9: flushIndex: setUnconditionally 0 -> -1
2019-09-20 04:49:01,431 [pool-145-thread-1] INFO  server.RaftServerConfigKeys (ConfUtils.java:logGet(43)) - raft.server.snapshot.auto.trigger.enabled = true (custom)
2019-09-20 04:49:01,431 [pool-145-thread-1] INFO  server.RaftServerConfigKeys (ConfUtils.java:logGet(43)) - raft.server.snapshot.auto.trigger.threshold = 10000 (custom)
2019-09-20 04:49:01,431 [pool-145-thread-1] INFO  server.RaftServerConfigKeys (ConfUtils.java:logGet(43)) - raft.server.retrycache.expirytime = 600000ms (custom)
2019-09-20 04:49:01,431 [pool-145-thread-1] INFO  impl.RaftServerImpl (RaftServerImpl.java:start(180)) - c4f6294c-eda3-4afd-81f7-e69ed14da69f: start group-B6FDE1D0F5A9
2019-09-20 04:49:01,432 [pool-145-thread-1] INFO  impl.RaftServerImpl (RaftServerImpl.java:setRole(171)) - c4f6294c-eda3-4afd-81f7-e69ed14da69f:group-B6FDE1D0F5A9 changes role from null to FOLLOWER at term 0 for startAsFollower
2019-09-20 04:49:01,432 [pool-145-thread-1] INFO  impl.RoleInfo (RoleInfo.java:updateAndGet(143)) - c4f6294c-eda3-4afd-81f7-e69ed14da69f: start FollowerState
2019-09-20 04:49:01,432 [pool-145-thread-1] INFO  util.JmxRegister (JmxRegister.java:tryRegister(44)) - Successfully registered JMX Bean with object name Ratis:service=RaftServer,group=group-B6FDE1D0F5A9,id=c4f6294c-eda3-4afd-81f7-e69ed14da69f
2019-09-20 04:49:01,435 [RatisPipelineUtilsThread] INFO  pipeline.PipelineStateManager (PipelineStateManager.java:addPipeline(56)) - Created pipeline Pipeline[ Id: 18971554-338b-4ad7-ac0a-b6fde1d0f5a9, Nodes: c4f6294c-eda3-4afd-81f7-e69ed14da69f{ip: 192.168.36.79, host: pr-hdds-1569-s8kj2-2266485376, networkLocation: /default-rack, certSerialId: null}, Type:RATIS, Factor:ONE, State:OPEN]
2019-09-20 04:49:01,436 [RatisPipelineUtilsThread] INFO  pipeline.PipelinePlacementPolicy (PipelinePlacementPolicy.java:meetCriteria(91)) - Pipeline Placement: Doesn't meet the criteria to be viable node： 236eed40-dd97-4fdc-a0ae-ab99685a426b Heaviness: 6 limit: 5
2019-09-20 04:49:01,436 [RatisPipelineUtilsThread] INFO  pipeline.PipelinePlacementPolicy (PipelinePlacementPolicy.java:meetCriteria(91)) - Pipeline Placement: Doesn't meet the criteria to be viable node： ba95d636-ac34-4b74-a102-dec8d0f377c6 Heaviness: 6 limit: 5
2019-09-20 04:49:01,441 [grpc-default-executor-0] INFO  impl.RaftServerProxy (RaftServerProxy.java:addNew(89)) - 3c2a6bfe-f5c5-4e23-89b0-850dab17697d: addNew group-9B431E59F634:[3c2a6bfe-f5c5-4e23-89b0-850dab17697d:192.168.36.79:38430] returns group-9B431E59F634:java.util.concurrent.CompletableFuture@1106176a[Not completed]
2019-09-20 04:49:01,443 [pool-167-thread-1] INFO  impl.RaftServerImpl (RaftServerImpl.java:<init>(93)) - 3c2a6bfe-f5c5-4e23-89b0-850dab17697d: new RaftServerImpl for group-9B431E59F634:[3c2a6bfe-f5c5-4e23-89b0-850dab17697d:192.168.36.79:38430] with ContainerStateMachine:uninitialized
2019-09-20 04:49:01,443 [pool-167-thread-1] INFO  server.RaftServerConfigKeys (ConfUtils.java:logGet(43)) - raft.server.rpc.timeout.min = 5s (custom)
2019-09-20 04:49:01,443 [pool-167-thread-1] INFO  server.RaftServerConfigKeys (ConfUtils.java:logGet(43)) - raft.server.rpc.timeout.max = 5200ms (custom)
2019-09-20 04:49:01,443 [pool-167-thread-1] INFO  server.RaftServerConfigKeys (ConfUtils.java:logGet(43)) - raft.server.rpcslowness.timeout = 120s (custom)
2019-09-20 04:49:01,443 [pool-167-thread-1] INFO  server.RaftServerConfigKeys (ConfUtils.java:logGet(43)) - raft.server.sleep.deviation.threshold = 300 (default)
2019-09-20 04:49:01,443 [pool-167-thread-1] INFO  server.RaftServerConfigKeys (ConfUtils.java:logGet(43)) - raft.server.log.appender.install.snapshot.enabled = false (custom)
2019-09-20 04:49:01,444 [pool-167-thread-1] INFO  impl.RaftServerImpl (ServerState.java:<init>(105)) - 3c2a6bfe-f5c5-4e23-89b0-850dab17697d:group-9B431E59F634 ConfigurationManager, init=-1: [3c2a6bfe-f5c5-4e23-89b0-850dab17697d:192.168.36.79:38430], old=null, confs=<EMPTY_MAP>
2019-09-20 04:49:01,444 [pool-167-thread-1] INFO  server.RaftServerConfigKeys (ConfUtils.java:logGet(43)) - raft.server.storage.dir = [/workdir/hadoop-ozone/integration-test/target/test-dir/MiniOzoneClusterImpl-cd85f641-6806-455e-b969-480e50aec385/datanode-4/data/ratis] (custom)
2019-09-20 04:49:01,444 [pool-167-thread-1] INFO  storage.RaftStorageDirectory (RaftStorageDirectory.java:analyzeStorage(246)) - The storage directory /workdir/hadoop-ozone/integration-test/target/test-dir/MiniOzoneClusterImpl-cd85f641-6806-455e-b969-480e50aec385/datanode-4/data/ratis/0e2d4eb6-0cf6-4423-b3bb-9b431e59f634 does not exist. Creating ...
2019-09-20 04:49:01,447 [main] INFO  ozone.MiniOzoneClusterImpl (MiniOzoneClusterImpl.java:lambda$waitForClusterToBeReady$0(142)) - Waiting for cluster to be ready. Got 6 of 7 DN Heartbeats.
2019-09-20 04:49:01,447 [IPC Server handler 5 on 40543] INFO  net.NetworkTopology (NetworkTopologyImpl.java:add(110)) - Added a new node: /default-rack/dba845b8-ea76-4e09-ab03-0883d354e493
2019-09-20 04:49:01,448 [IPC Server handler 5 on 40543] INFO  node.SCMNodeManager (SCMNodeManager.java:register(273)) - Registered Data node : dba845b8-ea76-4e09-ab03-0883d354e493{ip: 192.168.36.79, host: pr-hdds-1569-s8kj2-2266485376, networkLocation: /default-rack, certSerialId: null}
2019-09-20 04:49:01,448 | INFO  | SCMAudit | user=jenkins1000 | ip=192.168.36.79 | op=REGISTER {datanodeDetails=dba845b8-ea76-4e09-ab03-0883d354e493{ip: 192.168.36.79, host: pr-hdds-1569-s8kj2-2266485376, networkLocation: /default-rack, certSerialId: null}} | ret=SUCCESS |  
2019-09-20 04:49:01,470 [pool-167-thread-1] INFO  storage.RaftStorageDirectory (RaftStorageDirectory.java:tryLock(328)) - Lock on /workdir/hadoop-ozone/integration-test/target/test-dir/MiniOzoneClusterImpl-cd85f641-6806-455e-b969-480e50aec385/datanode-4/data/ratis/0e2d4eb6-0cf6-4423-b3bb-9b431e59f634/in_use.lock acquired by nodename 9457@pr-hdds-1569-s8kj2-2266485376
2019-09-20 04:49:01,496 [pool-167-thread-1] INFO  storage.RaftStorage (RaftStorage.java:format(72)) - Storage directory /workdir/hadoop-ozone/integration-test/target/test-dir/MiniOzoneClusterImpl-cd85f641-6806-455e-b969-480e50aec385/datanode-4/data/ratis/0e2d4eb6-0cf6-4423-b3bb-9b431e59f634 has been successfully formatted.
2019-09-20 04:49:01,496 [pool-167-thread-1] INFO  ratis.ContainerStateMachine (ContainerStateMachine.java:loadSnapshot(226)) - group-9B431E59F634: The snapshot info is null. Setting the last applied indexto:(t:0, i:~)
2019-09-20 04:49:01,496 [pool-167-thread-1] INFO  server.RaftServerConfigKeys (ConfUtils.java:logGet(43)) - raft.server.leader.election.timeout = 120s (custom)
2019-09-20 04:49:01,496 [pool-167-thread-1] INFO  server.RaftServerConfigKeys (ConfUtils.java:logGet(43)) - raft.server.log.use.memory = false (default)
2019-09-20 04:49:01,496 [pool-167-thread-1] INFO  server.RaftServerConfigKeys (ConfUtils.java:logGet(43)) - raft.server.log.purge.gap = 1000000 (custom)
2019-09-20 04:49:01,497 [pool-167-thread-1] INFO  server.RaftServerConfigKeys (ConfUtils.java:logGet(43)) - raft.server.log.appender.buffer.byte-limit = 33554432 (custom)
2019-09-20 04:49:01,497 [pool-167-thread-1] INFO  server.RaftServerConfigKeys (ConfUtils.java:logGet(43)) - raft.server.log.segment.size.max = 1048576 (custom)
2019-09-20 04:49:01,497 [pool-167-thread-1] INFO  server.RaftServerConfigKeys (ConfUtils.java:logGet(43)) - raft.server.log.segment.cache.num.max = 2 (custom)
2019-09-20 04:49:01,497 [pool-167-thread-1] INFO  segmented.SegmentedRaftLogWorker (SegmentedRaftLogWorker.java:<init>(172)) - new 3c2a6bfe-f5c5-4e23-89b0-850dab17697d-SegmentedRaftLogWorker:Storage Directory /workdir/hadoop-ozone/integration-test/target/test-dir/MiniOzoneClusterImpl-cd85f641-6806-455e-b969-480e50aec385/datanode-4/data/ratis/0e2d4eb6-0cf6-4423-b3bb-9b431e59f634 for RaftStorage:Storage Directory /workdir/hadoop-ozone/integration-test/target/test-dir/MiniOzoneClusterImpl-cd85f641-6806-455e-b969-480e50aec385/datanode-4/data/ratis/0e2d4eb6-0cf6-4423-b3bb-9b431e59f634
2019-09-20 04:49:01,497 [pool-167-thread-1] INFO  server.RaftServerConfigKeys (ConfUtils.java:logGet(43)) - raft.server.log.queue.byte-limit = 2147483647 (custom)
2019-09-20 04:49:01,497 [pool-167-thread-1] INFO  server.RaftServerConfigKeys (ConfUtils.java:logGet(43)) - raft.server.log.queue.element-limit = 1024 (custom)
2019-09-20 04:49:01,497 [pool-167-thread-1] INFO  server.RaftServerConfigKeys (ConfUtils.java:logGet(43)) - raft.server.log.segment.size.max = 1048576 (custom)
2019-09-20 04:49:01,498 [pool-167-thread-1] INFO  server.RaftServerConfigKeys (ConfUtils.java:logGet(43)) - raft.server.log.preallocated.size = 16384 (custom)
2019-09-20 04:49:01,498 [pool-167-thread-1] INFO  server.RaftServerConfigKeys (ConfUtils.java:logGet(43)) - raft.server.log.write.buffer.size = 33554432 (custom)
2019-09-20 04:49:01,498 [pool-167-thread-1] INFO  server.RaftServerConfigKeys (ConfUtils.java:logGet(43)) - raft.server.log.force.sync.num = 128 (default)
2019-09-20 04:49:01,498 [pool-167-thread-1] INFO  server.RaftServerConfigKeys (ConfUtils.java:logGet(43)) - raft.server.log.statemachine.data.sync = true (default)
2019-09-20 04:49:01,498 [pool-167-thread-1] INFO  server.RaftServerConfigKeys (ConfUtils.java:logGet(43)) - raft.server.log.statemachine.data.sync.timeout = 10s (default)
2019-09-20 04:49:01,498 [pool-167-thread-1] INFO  server.RaftServerConfigKeys (ConfUtils.java:logGet(43)) - raft.server.log.statemachine.data.sync.timeout.retry = -1 (default)
2019-09-20 04:49:01,498 [pool-167-thread-1] INFO  server.RaftServerConfigKeys (ConfUtils.java:logGet(43)) - raft.server.log.statemachine.data.caching.enabled = true (custom)
2019-09-20 04:49:01,499 [pool-167-thread-1] INFO  segmented.SegmentedRaftLogWorker (SegmentedRaftLogWorker.java:lambda$new$0(132)) - 3c2a6bfe-f5c5-4e23-89b0-850dab17697d-SegmentedRaftLogWorker:Storage Directory /workdir/hadoop-ozone/integration-test/target/test-dir/MiniOzoneClusterImpl-cd85f641-6806-455e-b969-480e50aec385/datanode-4/data/ratis/0e2d4eb6-0cf6-4423-b3bb-9b431e59f634: flushIndex: setUnconditionally 0 -> -1
2019-09-20 04:49:01,499 [pool-167-thread-1] INFO  server.RaftServerConfigKeys (ConfUtils.java:logGet(43)) - raft.server.snapshot.auto.trigger.enabled = true (custom)
2019-09-20 04:49:01,499 [pool-167-thread-1] INFO  server.RaftServerConfigKeys (ConfUtils.java:logGet(43)) - raft.server.snapshot.auto.trigger.threshold = 10000 (custom)
2019-09-20 04:49:01,499 [pool-167-thread-1] INFO  server.RaftServerConfigKeys (ConfUtils.java:logGet(43)) - raft.server.retrycache.expirytime = 600000ms (custom)
2019-09-20 04:49:01,500 [pool-167-thread-1] INFO  impl.RaftServerImpl (RaftServerImpl.java:start(180)) - 3c2a6bfe-f5c5-4e23-89b0-850dab17697d: start group-9B431E59F634
2019-09-20 04:49:01,500 [pool-167-thread-1] INFO  impl.RaftServerImpl (RaftServerImpl.java:setRole(171)) - 3c2a6bfe-f5c5-4e23-89b0-850dab17697d:group-9B431E59F634 changes role from null to FOLLOWER at term 0 for startAsFollower
2019-09-20 04:49:01,500 [pool-167-thread-1] INFO  impl.RoleInfo (RoleInfo.java:updateAndGet(143)) - 3c2a6bfe-f5c5-4e23-89b0-850dab17697d: start FollowerState
2019-09-20 04:49:01,500 [pool-167-thread-1] INFO  util.JmxRegister (JmxRegister.java:tryRegister(44)) - Successfully registered JMX Bean with object name Ratis:service=RaftServer,group=group-9B431E59F634,id=3c2a6bfe-f5c5-4e23-89b0-850dab17697d
2019-09-20 04:49:01,503 [RatisPipelineUtilsThread] INFO  pipeline.PipelineStateManager (PipelineStateManager.java:addPipeline(56)) - Created pipeline Pipeline[ Id: 0e2d4eb6-0cf6-4423-b3bb-9b431e59f634, Nodes: 3c2a6bfe-f5c5-4e23-89b0-850dab17697d{ip: 192.168.36.79, host: pr-hdds-1569-s8kj2-2266485376, networkLocation: /default-rack, certSerialId: null}, Type:RATIS, Factor:ONE, State:OPEN]
2019-09-20 04:49:01,503 [RatisPipelineUtilsThread] INFO  pipeline.PipelinePlacementPolicy (PipelinePlacementPolicy.java:meetCriteria(91)) - Pipeline Placement: Doesn't meet the criteria to be viable node： 236eed40-dd97-4fdc-a0ae-ab99685a426b Heaviness: 6 limit: 5
2019-09-20 04:49:01,503 [RatisPipelineUtilsThread] INFO  pipeline.PipelinePlacementPolicy (PipelinePlacementPolicy.java:meetCriteria(91)) - Pipeline Placement: Doesn't meet the criteria to be viable node： ba95d636-ac34-4b74-a102-dec8d0f377c6 Heaviness: 6 limit: 5
2019-09-20 04:49:01,510 [grpc-default-executor-0] INFO  impl.RaftServerProxy (RaftServerProxy.java:addNew(89)) - fdbc37f2-9e58-4bac-a5d5-a78839d012e9: addNew group-7097719757E2:[fdbc37f2-9e58-4bac-a5d5-a78839d012e9:192.168.36.79:32937] returns group-7097719757E2:java.util.concurrent.CompletableFuture@55cb1b05[Not completed]
2019-09-20 04:49:01,511 [pool-156-thread-1] INFO  impl.RaftServerImpl (RaftServerImpl.java:<init>(93)) - fdbc37f2-9e58-4bac-a5d5-a78839d012e9: new RaftServerImpl for group-7097719757E2:[fdbc37f2-9e58-4bac-a5d5-a78839d012e9:192.168.36.79:32937] with ContainerStateMachine:uninitialized
2019-09-20 04:49:01,511 [pool-156-thread-1] INFO  server.RaftServerConfigKeys (ConfUtils.java:logGet(43)) - raft.server.rpc.timeout.min = 5s (custom)
2019-09-20 04:49:01,512 [pool-156-thread-1] INFO  server.RaftServerConfigKeys (ConfUtils.java:logGet(43)) - raft.server.rpc.timeout.max = 5200ms (custom)
2019-09-20 04:49:01,512 [pool-156-thread-1] INFO  server.RaftServerConfigKeys (ConfUtils.java:logGet(43)) - raft.server.rpcslowness.timeout = 120s (custom)
2019-09-20 04:49:01,512 [pool-156-thread-1] INFO  server.RaftServerConfigKeys (ConfUtils.java:logGet(43)) - raft.server.sleep.deviation.threshold = 300 (default)
2019-09-20 04:49:01,512 [pool-156-thread-1] INFO  server.RaftServerConfigKeys (ConfUtils.java:logGet(43)) - raft.server.log.appender.install.snapshot.enabled = false (custom)
2019-09-20 04:49:01,512 [pool-156-thread-1] INFO  impl.RaftServerImpl (ServerState.java:<init>(105)) - fdbc37f2-9e58-4bac-a5d5-a78839d012e9:group-7097719757E2 ConfigurationManager, init=-1: [fdbc37f2-9e58-4bac-a5d5-a78839d012e9:192.168.36.79:32937], old=null, confs=<EMPTY_MAP>
2019-09-20 04:49:01,512 [pool-156-thread-1] INFO  server.RaftServerConfigKeys (ConfUtils.java:logGet(43)) - raft.server.storage.dir = [/workdir/hadoop-ozone/integration-test/target/test-dir/MiniOzoneClusterImpl-cd85f641-6806-455e-b969-480e50aec385/datanode-3/data/ratis] (custom)
2019-09-20 04:49:01,513 [pool-156-thread-1] INFO  storage.RaftStorageDirectory (RaftStorageDirectory.java:analyzeStorage(246)) - The storage directory /workdir/hadoop-ozone/integration-test/target/test-dir/MiniOzoneClusterImpl-cd85f641-6806-455e-b969-480e50aec385/datanode-3/data/ratis/08ac8d70-3bac-4c8c-8744-7097719757e2 does not exist. Creating ...
2019-09-20 04:49:01,538 [pool-156-thread-1] INFO  storage.RaftStorageDirectory (RaftStorageDirectory.java:tryLock(328)) - Lock on /workdir/hadoop-ozone/integration-test/target/test-dir/MiniOzoneClusterImpl-cd85f641-6806-455e-b969-480e50aec385/datanode-3/data/ratis/08ac8d70-3bac-4c8c-8744-7097719757e2/in_use.lock acquired by nodename 9457@pr-hdds-1569-s8kj2-2266485376
2019-09-20 04:49:01,563 [pool-156-thread-1] INFO  storage.RaftStorage (RaftStorage.java:format(72)) - Storage directory /workdir/hadoop-ozone/integration-test/target/test-dir/MiniOzoneClusterImpl-cd85f641-6806-455e-b969-480e50aec385/datanode-3/data/ratis/08ac8d70-3bac-4c8c-8744-7097719757e2 has been successfully formatted.
2019-09-20 04:49:01,563 [pool-156-thread-1] INFO  ratis.ContainerStateMachine (ContainerStateMachine.java:loadSnapshot(226)) - group-7097719757E2: The snapshot info is null. Setting the last applied indexto:(t:0, i:~)
2019-09-20 04:49:01,564 [pool-156-thread-1] INFO  server.RaftServerConfigKeys (ConfUtils.java:logGet(43)) - raft.server.leader.election.timeout = 120s (custom)
2019-09-20 04:49:01,564 [pool-156-thread-1] INFO  server.RaftServerConfigKeys (ConfUtils.java:logGet(43)) - raft.server.log.use.memory = false (default)
2019-09-20 04:49:01,564 [pool-156-thread-1] INFO  server.RaftServerConfigKeys (ConfUtils.java:logGet(43)) - raft.server.log.purge.gap = 1000000 (custom)
2019-09-20 04:49:01,564 [pool-156-thread-1] INFO  server.RaftServerConfigKeys (ConfUtils.java:logGet(43)) - raft.server.log.appender.buffer.byte-limit = 33554432 (custom)
2019-09-20 04:49:01,564 [pool-156-thread-1] INFO  server.RaftServerConfigKeys (ConfUtils.java:logGet(43)) - raft.server.log.segment.size.max = 1048576 (custom)
2019-09-20 04:49:01,564 [pool-156-thread-1] INFO  server.RaftServerConfigKeys (ConfUtils.java:logGet(43)) - raft.server.log.segment.cache.num.max = 2 (custom)
2019-09-20 04:49:01,565 [pool-156-thread-1] INFO  segmented.SegmentedRaftLogWorker (SegmentedRaftLogWorker.java:<init>(172)) - new fdbc37f2-9e58-4bac-a5d5-a78839d012e9-SegmentedRaftLogWorker:Storage Directory /workdir/hadoop-ozone/integration-test/target/test-dir/MiniOzoneClusterImpl-cd85f641-6806-455e-b969-480e50aec385/datanode-3/data/ratis/08ac8d70-3bac-4c8c-8744-7097719757e2 for RaftStorage:Storage Directory /workdir/hadoop-ozone/integration-test/target/test-dir/MiniOzoneClusterImpl-cd85f641-6806-455e-b969-480e50aec385/datanode-3/data/ratis/08ac8d70-3bac-4c8c-8744-7097719757e2
2019-09-20 04:49:01,565 [pool-156-thread-1] INFO  server.RaftServerConfigKeys (ConfUtils.java:logGet(43)) - raft.server.log.queue.byte-limit = 2147483647 (custom)
2019-09-20 04:49:01,565 [pool-156-thread-1] INFO  server.RaftServerConfigKeys (ConfUtils.java:logGet(43)) - raft.server.log.queue.element-limit = 1024 (custom)
2019-09-20 04:49:01,565 [pool-156-thread-1] INFO  server.RaftServerConfigKeys (ConfUtils.java:logGet(43)) - raft.server.log.segment.size.max = 1048576 (custom)
2019-09-20 04:49:01,565 [pool-156-thread-1] INFO  server.RaftServerConfigKeys (ConfUtils.java:logGet(43)) - raft.server.log.preallocated.size = 16384 (custom)
2019-09-20 04:49:01,565 [pool-156-thread-1] INFO  server.RaftServerConfigKeys (ConfUtils.java:logGet(43)) - raft.server.log.write.buffer.size = 33554432 (custom)
2019-09-20 04:49:01,565 [pool-156-thread-1] INFO  server.RaftServerConfigKeys (ConfUtils.java:logGet(43)) - raft.server.log.force.sync.num = 128 (default)
2019-09-20 04:49:01,566 [pool-156-thread-1] INFO  server.RaftServerConfigKeys (ConfUtils.java:logGet(43)) - raft.server.log.statemachine.data.sync = true (default)
2019-09-20 04:49:01,566 [pool-156-thread-1] INFO  server.RaftServerConfigKeys (ConfUtils.java:logGet(43)) - raft.server.log.statemachine.data.sync.timeout = 10s (default)
2019-09-20 04:49:01,566 [pool-156-thread-1] INFO  server.RaftServerConfigKeys (ConfUtils.java:logGet(43)) - raft.server.log.statemachine.data.sync.timeout.retry = -1 (default)
2019-09-20 04:49:01,566 [pool-156-thread-1] INFO  server.RaftServerConfigKeys (ConfUtils.java:logGet(43)) - raft.server.log.statemachine.data.caching.enabled = true (custom)
2019-09-20 04:49:01,566 [pool-156-thread-1] INFO  segmented.SegmentedRaftLogWorker (SegmentedRaftLogWorker.java:lambda$new$0(132)) - fdbc37f2-9e58-4bac-a5d5-a78839d012e9-SegmentedRaftLogWorker:Storage Directory /workdir/hadoop-ozone/integration-test/target/test-dir/MiniOzoneClusterImpl-cd85f641-6806-455e-b969-480e50aec385/datanode-3/data/ratis/08ac8d70-3bac-4c8c-8744-7097719757e2: flushIndex: setUnconditionally 0 -> -1
2019-09-20 04:49:01,567 [pool-156-thread-1] INFO  server.RaftServerConfigKeys (ConfUtils.java:logGet(43)) - raft.server.snapshot.auto.trigger.enabled = true (custom)
2019-09-20 04:49:01,567 [pool-156-thread-1] INFO  server.RaftServerConfigKeys (ConfUtils.java:logGet(43)) - raft.server.snapshot.auto.trigger.threshold = 10000 (custom)
2019-09-20 04:49:01,567 [pool-156-thread-1] INFO  server.RaftServerConfigKeys (ConfUtils.java:logGet(43)) - raft.server.retrycache.expirytime = 600000ms (custom)
2019-09-20 04:49:01,567 [pool-156-thread-1] INFO  impl.RaftServerImpl (RaftServerImpl.java:start(180)) - fdbc37f2-9e58-4bac-a5d5-a78839d012e9: start group-7097719757E2
2019-09-20 04:49:01,567 [pool-156-thread-1] INFO  impl.RaftServerImpl (RaftServerImpl.java:setRole(171)) - fdbc37f2-9e58-4bac-a5d5-a78839d012e9:group-7097719757E2 changes role from null to FOLLOWER at term 0 for startAsFollower
2019-09-20 04:49:01,567 [pool-156-thread-1] INFO  impl.RoleInfo (RoleInfo.java:updateAndGet(143)) - fdbc37f2-9e58-4bac-a5d5-a78839d012e9: start FollowerState
2019-09-20 04:49:01,568 [pool-156-thread-1] INFO  util.JmxRegister (JmxRegister.java:tryRegister(44)) - Successfully registered JMX Bean with object name Ratis:service=RaftServer,group=group-7097719757E2,id=fdbc37f2-9e58-4bac-a5d5-a78839d012e9
2019-09-20 04:49:01,572 [RatisPipelineUtilsThread] INFO  pipeline.PipelineStateManager (PipelineStateManager.java:addPipeline(56)) - Created pipeline Pipeline[ Id: 08ac8d70-3bac-4c8c-8744-7097719757e2, Nodes: fdbc37f2-9e58-4bac-a5d5-a78839d012e9{ip: 192.168.36.79, host: pr-hdds-1569-s8kj2-2266485376, networkLocation: /default-rack, certSerialId: null}, Type:RATIS, Factor:ONE, State:OPEN]
2019-09-20 04:49:01,572 [RatisPipelineUtilsThread] INFO  pipeline.PipelinePlacementPolicy (PipelinePlacementPolicy.java:meetCriteria(91)) - Pipeline Placement: Doesn't meet the criteria to be viable node： 236eed40-dd97-4fdc-a0ae-ab99685a426b Heaviness: 6 limit: 5
2019-09-20 04:49:01,572 [RatisPipelineUtilsThread] INFO  pipeline.PipelinePlacementPolicy (PipelinePlacementPolicy.java:meetCriteria(91)) - Pipeline Placement: Doesn't meet the criteria to be viable node： ba95d636-ac34-4b74-a102-dec8d0f377c6 Heaviness: 6 limit: 5
2019-09-20 04:49:01,578 [grpc-default-executor-0] INFO  impl.RaftServerProxy (RaftServerProxy.java:addNew(89)) - fdbc37f2-9e58-4bac-a5d5-a78839d012e9: addNew group-44FF265F9AFF:[fdbc37f2-9e58-4bac-a5d5-a78839d012e9:192.168.36.79:32937] returns group-44FF265F9AFF:java.util.concurrent.CompletableFuture@15979063[Not completed]
2019-09-20 04:49:01,579 [pool-156-thread-1] INFO  impl.RaftServerImpl (RaftServerImpl.java:<init>(93)) - fdbc37f2-9e58-4bac-a5d5-a78839d012e9: new RaftServerImpl for group-44FF265F9AFF:[fdbc37f2-9e58-4bac-a5d5-a78839d012e9:192.168.36.79:32937] with ContainerStateMachine:uninitialized
2019-09-20 04:49:01,579 [pool-156-thread-1] INFO  server.RaftServerConfigKeys (ConfUtils.java:logGet(43)) - raft.server.rpc.timeout.min = 5s (custom)
2019-09-20 04:49:01,579 [pool-156-thread-1] INFO  server.RaftServerConfigKeys (ConfUtils.java:logGet(43)) - raft.server.rpc.timeout.max = 5200ms (custom)
2019-09-20 04:49:01,579 [pool-156-thread-1] INFO  server.RaftServerConfigKeys (ConfUtils.java:logGet(43)) - raft.server.rpcslowness.timeout = 120s (custom)
2019-09-20 04:49:01,580 [pool-156-thread-1] INFO  server.RaftServerConfigKeys (ConfUtils.java:logGet(43)) - raft.server.sleep.deviation.threshold = 300 (default)
2019-09-20 04:49:01,580 [pool-156-thread-1] INFO  server.RaftServerConfigKeys (ConfUtils.java:logGet(43)) - raft.server.log.appender.install.snapshot.enabled = false (custom)
2019-09-20 04:49:01,580 [pool-156-thread-1] INFO  impl.RaftServerImpl (ServerState.java:<init>(105)) - fdbc37f2-9e58-4bac-a5d5-a78839d012e9:group-44FF265F9AFF ConfigurationManager, init=-1: [fdbc37f2-9e58-4bac-a5d5-a78839d012e9:192.168.36.79:32937], old=null, confs=<EMPTY_MAP>
2019-09-20 04:49:01,580 [pool-156-thread-1] INFO  server.RaftServerConfigKeys (ConfUtils.java:logGet(43)) - raft.server.storage.dir = [/workdir/hadoop-ozone/integration-test/target/test-dir/MiniOzoneClusterImpl-cd85f641-6806-455e-b969-480e50aec385/datanode-3/data/ratis] (custom)
2019-09-20 04:49:01,580 [pool-156-thread-1] INFO  storage.RaftStorageDirectory (RaftStorageDirectory.java:analyzeStorage(246)) - The storage directory /workdir/hadoop-ozone/integration-test/target/test-dir/MiniOzoneClusterImpl-cd85f641-6806-455e-b969-480e50aec385/datanode-3/data/ratis/23bc1d4d-c2f1-409e-9ba6-44ff265f9aff does not exist. Creating ...
2019-09-20 04:49:01,605 [pool-156-thread-1] INFO  storage.RaftStorageDirectory (RaftStorageDirectory.java:tryLock(328)) - Lock on /workdir/hadoop-ozone/integration-test/target/test-dir/MiniOzoneClusterImpl-cd85f641-6806-455e-b969-480e50aec385/datanode-3/data/ratis/23bc1d4d-c2f1-409e-9ba6-44ff265f9aff/in_use.lock acquired by nodename 9457@pr-hdds-1569-s8kj2-2266485376
2019-09-20 04:49:01,622 [pool-156-thread-1] INFO  storage.RaftStorage (RaftStorage.java:format(72)) - Storage directory /workdir/hadoop-ozone/integration-test/target/test-dir/MiniOzoneClusterImpl-cd85f641-6806-455e-b969-480e50aec385/datanode-3/data/ratis/23bc1d4d-c2f1-409e-9ba6-44ff265f9aff has been successfully formatted.
2019-09-20 04:49:01,622 [pool-156-thread-1] INFO  ratis.ContainerStateMachine (ContainerStateMachine.java:loadSnapshot(226)) - group-44FF265F9AFF: The snapshot info is null. Setting the last applied indexto:(t:0, i:~)
2019-09-20 04:49:01,623 [pool-156-thread-1] INFO  server.RaftServerConfigKeys (ConfUtils.java:logGet(43)) - raft.server.leader.election.timeout = 120s (custom)
2019-09-20 04:49:01,623 [pool-156-thread-1] INFO  server.RaftServerConfigKeys (ConfUtils.java:logGet(43)) - raft.server.log.use.memory = false (default)
2019-09-20 04:49:01,623 [pool-156-thread-1] INFO  server.RaftServerConfigKeys (ConfUtils.java:logGet(43)) - raft.server.log.purge.gap = 1000000 (custom)
2019-09-20 04:49:01,623 [pool-156-thread-1] INFO  server.RaftServerConfigKeys (ConfUtils.java:logGet(43)) - raft.server.log.appender.buffer.byte-limit = 33554432 (custom)
2019-09-20 04:49:01,623 [pool-156-thread-1] INFO  server.RaftServerConfigKeys (ConfUtils.java:logGet(43)) - raft.server.log.segment.size.max = 1048576 (custom)
2019-09-20 04:49:01,623 [pool-156-thread-1] INFO  server.RaftServerConfigKeys (ConfUtils.java:logGet(43)) - raft.server.log.segment.cache.num.max = 2 (custom)
2019-09-20 04:49:01,623 [pool-156-thread-1] INFO  segmented.SegmentedRaftLogWorker (SegmentedRaftLogWorker.java:<init>(172)) - new fdbc37f2-9e58-4bac-a5d5-a78839d012e9-SegmentedRaftLogWorker:Storage Directory /workdir/hadoop-ozone/integration-test/target/test-dir/MiniOzoneClusterImpl-cd85f641-6806-455e-b969-480e50aec385/datanode-3/data/ratis/23bc1d4d-c2f1-409e-9ba6-44ff265f9aff for RaftStorage:Storage Directory /workdir/hadoop-ozone/integration-test/target/test-dir/MiniOzoneClusterImpl-cd85f641-6806-455e-b969-480e50aec385/datanode-3/data/ratis/23bc1d4d-c2f1-409e-9ba6-44ff265f9aff
2019-09-20 04:49:01,624 [pool-156-thread-1] INFO  server.RaftServerConfigKeys (ConfUtils.java:logGet(43)) - raft.server.log.queue.byte-limit = 2147483647 (custom)
2019-09-20 04:49:01,624 [pool-156-thread-1] INFO  server.RaftServerConfigKeys (ConfUtils.java:logGet(43)) - raft.server.log.queue.element-limit = 1024 (custom)
2019-09-20 04:49:01,624 [pool-156-thread-1] INFO  server.RaftServerConfigKeys (ConfUtils.java:logGet(43)) - raft.server.log.segment.size.max = 1048576 (custom)
2019-09-20 04:49:01,624 [pool-156-thread-1] INFO  server.RaftServerConfigKeys (ConfUtils.java:logGet(43)) - raft.server.log.preallocated.size = 16384 (custom)
2019-09-20 04:49:01,624 [pool-156-thread-1] INFO  server.RaftServerConfigKeys (ConfUtils.java:logGet(43)) - raft.server.log.write.buffer.size = 33554432 (custom)
2019-09-20 04:49:01,624 [pool-156-thread-1] INFO  server.RaftServerConfigKeys (ConfUtils.java:logGet(43)) - raft.server.log.force.sync.num = 128 (default)
2019-09-20 04:49:01,624 [pool-156-thread-1] INFO  server.RaftServerConfigKeys (ConfUtils.java:logGet(43)) - raft.server.log.statemachine.data.sync = true (default)
2019-09-20 04:49:01,625 [pool-156-thread-1] INFO  server.RaftServerConfigKeys (ConfUtils.java:logGet(43)) - raft.server.log.statemachine.data.sync.timeout = 10s (default)
2019-09-20 04:49:01,625 [pool-156-thread-1] INFO  server.RaftServerConfigKeys (ConfUtils.java:logGet(43)) - raft.server.log.statemachine.data.sync.timeout.retry = -1 (default)
2019-09-20 04:49:01,625 [pool-156-thread-1] INFO  server.RaftServerConfigKeys (ConfUtils.java:logGet(43)) - raft.server.log.statemachine.data.caching.enabled = true (custom)
2019-09-20 04:49:01,625 [pool-156-thread-1] INFO  segmented.SegmentedRaftLogWorker (SegmentedRaftLogWorker.java:lambda$new$0(132)) - fdbc37f2-9e58-4bac-a5d5-a78839d012e9-SegmentedRaftLogWorker:Storage Directory /workdir/hadoop-ozone/integration-test/target/test-dir/MiniOzoneClusterImpl-cd85f641-6806-455e-b969-480e50aec385/datanode-3/data/ratis/23bc1d4d-c2f1-409e-9ba6-44ff265f9aff: flushIndex: setUnconditionally 0 -> -1
2019-09-20 04:49:01,626 [pool-156-thread-1] INFO  server.RaftServerConfigKeys (ConfUtils.java:logGet(43)) - raft.server.snapshot.auto.trigger.enabled = true (custom)
2019-09-20 04:49:01,626 [pool-156-thread-1] INFO  server.RaftServerConfigKeys (ConfUtils.java:logGet(43)) - raft.server.snapshot.auto.trigger.threshold = 10000 (custom)
2019-09-20 04:49:01,626 [pool-156-thread-1] INFO  server.RaftServerConfigKeys (ConfUtils.java:logGet(43)) - raft.server.retrycache.expirytime = 600000ms (custom)
2019-09-20 04:49:01,626 [pool-156-thread-1] INFO  impl.RaftServerImpl (RaftServerImpl.java:start(180)) - fdbc37f2-9e58-4bac-a5d5-a78839d012e9: start group-44FF265F9AFF
2019-09-20 04:49:01,626 [pool-156-thread-1] INFO  impl.RaftServerImpl (RaftServerImpl.java:setRole(171)) - fdbc37f2-9e58-4bac-a5d5-a78839d012e9:group-44FF265F9AFF changes role from null to FOLLOWER at term 0 for startAsFollower
2019-09-20 04:49:01,626 [pool-156-thread-1] INFO  impl.RoleInfo (RoleInfo.java:updateAndGet(143)) - fdbc37f2-9e58-4bac-a5d5-a78839d012e9: start FollowerState
2019-09-20 04:49:01,627 [pool-156-thread-1] INFO  util.JmxRegister (JmxRegister.java:tryRegister(44)) - Successfully registered JMX Bean with object name Ratis:service=RaftServer,group=group-44FF265F9AFF,id=fdbc37f2-9e58-4bac-a5d5-a78839d012e9
2019-09-20 04:49:01,630 [RatisPipelineUtilsThread] INFO  pipeline.PipelineStateManager (PipelineStateManager.java:addPipeline(56)) - Created pipeline Pipeline[ Id: 23bc1d4d-c2f1-409e-9ba6-44ff265f9aff, Nodes: fdbc37f2-9e58-4bac-a5d5-a78839d012e9{ip: 192.168.36.79, host: pr-hdds-1569-s8kj2-2266485376, networkLocation: /default-rack, certSerialId: null}, Type:RATIS, Factor:ONE, State:OPEN]
2019-09-20 04:49:01,630 [RatisPipelineUtilsThread] INFO  pipeline.PipelinePlacementPolicy (PipelinePlacementPolicy.java:meetCriteria(91)) - Pipeline Placement: Doesn't meet the criteria to be viable node： 236eed40-dd97-4fdc-a0ae-ab99685a426b Heaviness: 6 limit: 5
2019-09-20 04:49:01,630 [RatisPipelineUtilsThread] INFO  pipeline.PipelinePlacementPolicy (PipelinePlacementPolicy.java:meetCriteria(91)) - Pipeline Placement: Doesn't meet the criteria to be viable node： ba95d636-ac34-4b74-a102-dec8d0f377c6 Heaviness: 6 limit: 5
2019-09-20 04:49:01,636 [grpc-default-executor-0] INFO  impl.RaftServerProxy (RaftServerProxy.java:addNew(89)) - fdbc37f2-9e58-4bac-a5d5-a78839d012e9: addNew group-B90CB52C206A:[fdbc37f2-9e58-4bac-a5d5-a78839d012e9:192.168.36.79:32937] returns group-B90CB52C206A:java.util.concurrent.CompletableFuture@2920885c[Not completed]
2019-09-20 04:49:01,637 [pool-156-thread-1] INFO  impl.RaftServerImpl (RaftServerImpl.java:<init>(93)) - fdbc37f2-9e58-4bac-a5d5-a78839d012e9: new RaftServerImpl for group-B90CB52C206A:[fdbc37f2-9e58-4bac-a5d5-a78839d012e9:192.168.36.79:32937] with ContainerStateMachine:uninitialized
2019-09-20 04:49:01,637 [pool-156-thread-1] INFO  server.RaftServerConfigKeys (ConfUtils.java:logGet(43)) - raft.server.rpc.timeout.min = 5s (custom)
2019-09-20 04:49:01,637 [pool-156-thread-1] INFO  server.RaftServerConfigKeys (ConfUtils.java:logGet(43)) - raft.server.rpc.timeout.max = 5200ms (custom)
2019-09-20 04:49:01,637 [pool-156-thread-1] INFO  server.RaftServerConfigKeys (ConfUtils.java:logGet(43)) - raft.server.rpcslowness.timeout = 120s (custom)
2019-09-20 04:49:01,637 [pool-156-thread-1] INFO  server.RaftServerConfigKeys (ConfUtils.java:logGet(43)) - raft.server.sleep.deviation.threshold = 300 (default)
2019-09-20 04:49:01,637 [pool-156-thread-1] INFO  server.RaftServerConfigKeys (ConfUtils.java:logGet(43)) - raft.server.log.appender.install.snapshot.enabled = false (custom)
2019-09-20 04:49:01,638 [pool-156-thread-1] INFO  impl.RaftServerImpl (ServerState.java:<init>(105)) - fdbc37f2-9e58-4bac-a5d5-a78839d012e9:group-B90CB52C206A ConfigurationManager, init=-1: [fdbc37f2-9e58-4bac-a5d5-a78839d012e9:192.168.36.79:32937], old=null, confs=<EMPTY_MAP>
2019-09-20 04:49:01,638 [pool-156-thread-1] INFO  server.RaftServerConfigKeys (ConfUtils.java:logGet(43)) - raft.server.storage.dir = [/workdir/hadoop-ozone/integration-test/target/test-dir/MiniOzoneClusterImpl-cd85f641-6806-455e-b969-480e50aec385/datanode-3/data/ratis] (custom)
2019-09-20 04:49:01,638 [pool-156-thread-1] INFO  storage.RaftStorageDirectory (RaftStorageDirectory.java:analyzeStorage(246)) - The storage directory /workdir/hadoop-ozone/integration-test/target/test-dir/MiniOzoneClusterImpl-cd85f641-6806-455e-b969-480e50aec385/datanode-3/data/ratis/1329c938-e6e1-47f0-a810-b90cb52c206a does not exist. Creating ...
2019-09-20 04:49:01,658 | INFO  | SCMAudit | user=jenkins1000 | ip=192.168.36.79 | op=SEND_HEARTBEAT {datanodeUUID=2d6465ef-cffa-473a-a4c6-a9aa3f1a26c0, command=[]} | ret=SUCCESS |  
2019-09-20 04:49:01,658 | INFO  | SCMAudit | user=jenkins1000 | ip=192.168.36.79 | op=SEND_HEARTBEAT {datanodeUUID=2702b462-69d8-4c1b-aae1-091a21fe08b8, command=[]} | ret=SUCCESS |  
2019-09-20 04:49:01,664 [pool-156-thread-1] INFO  storage.RaftStorageDirectory (RaftStorageDirectory.java:tryLock(328)) - Lock on /workdir/hadoop-ozone/integration-test/target/test-dir/MiniOzoneClusterImpl-cd85f641-6806-455e-b969-480e50aec385/datanode-3/data/ratis/1329c938-e6e1-47f0-a810-b90cb52c206a/in_use.lock acquired by nodename 9457@pr-hdds-1569-s8kj2-2266485376
2019-09-20 04:49:01,690 [pool-156-thread-1] INFO  storage.RaftStorage (RaftStorage.java:format(72)) - Storage directory /workdir/hadoop-ozone/integration-test/target/test-dir/MiniOzoneClusterImpl-cd85f641-6806-455e-b969-480e50aec385/datanode-3/data/ratis/1329c938-e6e1-47f0-a810-b90cb52c206a has been successfully formatted.
2019-09-20 04:49:01,691 [pool-156-thread-1] INFO  ratis.ContainerStateMachine (ContainerStateMachine.java:loadSnapshot(226)) - group-B90CB52C206A: The snapshot info is null. Setting the last applied indexto:(t:0, i:~)
2019-09-20 04:49:01,691 [pool-156-thread-1] INFO  server.RaftServerConfigKeys (ConfUtils.java:logGet(43)) - raft.server.leader.election.timeout = 120s (custom)
2019-09-20 04:49:01,691 [pool-156-thread-1] INFO  server.RaftServerConfigKeys (ConfUtils.java:logGet(43)) - raft.server.log.use.memory = false (default)
2019-09-20 04:49:01,691 [pool-156-thread-1] INFO  server.RaftServerConfigKeys (ConfUtils.java:logGet(43)) - raft.server.log.purge.gap = 1000000 (custom)
2019-09-20 04:49:01,691 [pool-156-thread-1] INFO  server.RaftServerConfigKeys (ConfUtils.java:logGet(43)) - raft.server.log.appender.buffer.byte-limit = 33554432 (custom)
2019-09-20 04:49:01,692 [pool-156-thread-1] INFO  server.RaftServerConfigKeys (ConfUtils.java:logGet(43)) - raft.server.log.segment.size.max = 1048576 (custom)
2019-09-20 04:49:01,692 [pool-156-thread-1] INFO  server.RaftServerConfigKeys (ConfUtils.java:logGet(43)) - raft.server.log.segment.cache.num.max = 2 (custom)
2019-09-20 04:49:01,692 [pool-156-thread-1] INFO  segmented.SegmentedRaftLogWorker (SegmentedRaftLogWorker.java:<init>(172)) - new fdbc37f2-9e58-4bac-a5d5-a78839d012e9-SegmentedRaftLogWorker:Storage Directory /workdir/hadoop-ozone/integration-test/target/test-dir/MiniOzoneClusterImpl-cd85f641-6806-455e-b969-480e50aec385/datanode-3/data/ratis/1329c938-e6e1-47f0-a810-b90cb52c206a for RaftStorage:Storage Directory /workdir/hadoop-ozone/integration-test/target/test-dir/MiniOzoneClusterImpl-cd85f641-6806-455e-b969-480e50aec385/datanode-3/data/ratis/1329c938-e6e1-47f0-a810-b90cb52c206a
2019-09-20 04:49:01,692 [pool-156-thread-1] INFO  server.RaftServerConfigKeys (ConfUtils.java:logGet(43)) - raft.server.log.queue.byte-limit = 2147483647 (custom)
2019-09-20 04:49:01,692 [pool-156-thread-1] INFO  server.RaftServerConfigKeys (ConfUtils.java:logGet(43)) - raft.server.log.queue.element-limit = 1024 (custom)
2019-09-20 04:49:01,692 [pool-156-thread-1] INFO  server.RaftServerConfigKeys (ConfUtils.java:logGet(43)) - raft.server.log.segment.size.max = 1048576 (custom)
2019-09-20 04:49:01,692 [pool-156-thread-1] INFO  server.RaftServerConfigKeys (ConfUtils.java:logGet(43)) - raft.server.log.preallocated.size = 16384 (custom)
2019-09-20 04:49:01,693 [pool-156-thread-1] INFO  server.RaftServerConfigKeys (ConfUtils.java:logGet(43)) - raft.server.log.write.buffer.size = 33554432 (custom)
2019-09-20 04:49:01,693 [pool-156-thread-1] INFO  server.RaftServerConfigKeys (ConfUtils.java:logGet(43)) - raft.server.log.force.sync.num = 128 (default)
2019-09-20 04:49:01,693 [pool-156-thread-1] INFO  server.RaftServerConfigKeys (ConfUtils.java:logGet(43)) - raft.server.log.statemachine.data.sync = true (default)
2019-09-20 04:49:01,693 [pool-156-thread-1] INFO  server.RaftServerConfigKeys (ConfUtils.java:logGet(43)) - raft.server.log.statemachine.data.sync.timeout = 10s (default)
2019-09-20 04:49:01,693 [pool-156-thread-1] INFO  server.RaftServerConfigKeys (ConfUtils.java:logGet(43)) - raft.server.log.statemachine.data.sync.timeout.retry = -1 (default)
2019-09-20 04:49:01,693 [pool-156-thread-1] INFO  server.RaftServerConfigKeys (ConfUtils.java:logGet(43)) - raft.server.log.statemachine.data.caching.enabled = true (custom)
2019-09-20 04:49:01,694 [pool-156-thread-1] INFO  segmented.SegmentedRaftLogWorker (SegmentedRaftLogWorker.java:lambda$new$0(132)) - fdbc37f2-9e58-4bac-a5d5-a78839d012e9-SegmentedRaftLogWorker:Storage Directory /workdir/hadoop-ozone/integration-test/target/test-dir/MiniOzoneClusterImpl-cd85f641-6806-455e-b969-480e50aec385/datanode-3/data/ratis/1329c938-e6e1-47f0-a810-b90cb52c206a: flushIndex: setUnconditionally 0 -> -1
2019-09-20 04:49:01,694 [pool-156-thread-1] INFO  server.RaftServerConfigKeys (ConfUtils.java:logGet(43)) - raft.server.snapshot.auto.trigger.enabled = true (custom)
2019-09-20 04:49:01,694 [pool-156-thread-1] INFO  server.RaftServerConfigKeys (ConfUtils.java:logGet(43)) - raft.server.snapshot.auto.trigger.threshold = 10000 (custom)
2019-09-20 04:49:01,694 [pool-156-thread-1] INFO  server.RaftServerConfigKeys (ConfUtils.java:logGet(43)) - raft.server.retrycache.expirytime = 600000ms (custom)
2019-09-20 04:49:01,694 [pool-156-thread-1] INFO  impl.RaftServerImpl (RaftServerImpl.java:start(180)) - fdbc37f2-9e58-4bac-a5d5-a78839d012e9: start group-B90CB52C206A
2019-09-20 04:49:01,695 [pool-156-thread-1] INFO  impl.RaftServerImpl (RaftServerImpl.java:setRole(171)) - fdbc37f2-9e58-4bac-a5d5-a78839d012e9:group-B90CB52C206A changes role from null to FOLLOWER at term 0 for startAsFollower
2019-09-20 04:49:01,695 [pool-156-thread-1] INFO  impl.RoleInfo (RoleInfo.java:updateAndGet(143)) - fdbc37f2-9e58-4bac-a5d5-a78839d012e9: start FollowerState
2019-09-20 04:49:01,695 [pool-156-thread-1] INFO  util.JmxRegister (JmxRegister.java:tryRegister(44)) - Successfully registered JMX Bean with object name Ratis:service=RaftServer,group=group-B90CB52C206A,id=fdbc37f2-9e58-4bac-a5d5-a78839d012e9
2019-09-20 04:49:01,698 [RatisPipelineUtilsThread] INFO  pipeline.PipelineStateManager (PipelineStateManager.java:addPipeline(56)) - Created pipeline Pipeline[ Id: 1329c938-e6e1-47f0-a810-b90cb52c206a, Nodes: fdbc37f2-9e58-4bac-a5d5-a78839d012e9{ip: 192.168.36.79, host: pr-hdds-1569-s8kj2-2266485376, networkLocation: /default-rack, certSerialId: null}, Type:RATIS, Factor:ONE, State:OPEN]
2019-09-20 04:49:01,698 [RatisPipelineUtilsThread] INFO  pipeline.PipelinePlacementPolicy (PipelinePlacementPolicy.java:meetCriteria(91)) - Pipeline Placement: Doesn't meet the criteria to be viable node： 236eed40-dd97-4fdc-a0ae-ab99685a426b Heaviness: 6 limit: 5
2019-09-20 04:49:01,698 [RatisPipelineUtilsThread] INFO  pipeline.PipelinePlacementPolicy (PipelinePlacementPolicy.java:meetCriteria(91)) - Pipeline Placement: Doesn't meet the criteria to be viable node： ba95d636-ac34-4b74-a102-dec8d0f377c6 Heaviness: 6 limit: 5
2019-09-20 04:49:01,698 [RatisPipelineUtilsThread] INFO  pipeline.PipelinePlacementPolicy (PipelinePlacementPolicy.java:meetCriteria(91)) - Pipeline Placement: Doesn't meet the criteria to be viable node： fdbc37f2-9e58-4bac-a5d5-a78839d012e9 Heaviness: 6 limit: 5
2019-09-20 04:49:01,704 [grpc-default-executor-0] INFO  impl.RaftServerProxy (RaftServerProxy.java:addNew(89)) - 3c2a6bfe-f5c5-4e23-89b0-850dab17697d: addNew group-FCC62B6230BC:[3c2a6bfe-f5c5-4e23-89b0-850dab17697d:192.168.36.79:38430] returns group-FCC62B6230BC:java.util.concurrent.CompletableFuture@6f9f608c[Not completed]
2019-09-20 04:49:01,705 [pool-167-thread-1] INFO  impl.RaftServerImpl (RaftServerImpl.java:<init>(93)) - 3c2a6bfe-f5c5-4e23-89b0-850dab17697d: new RaftServerImpl for group-FCC62B6230BC:[3c2a6bfe-f5c5-4e23-89b0-850dab17697d:192.168.36.79:38430] with ContainerStateMachine:uninitialized
2019-09-20 04:49:01,705 [pool-167-thread-1] INFO  server.RaftServerConfigKeys (ConfUtils.java:logGet(43)) - raft.server.rpc.timeout.min = 5s (custom)
2019-09-20 04:49:01,705 [pool-167-thread-1] INFO  server.RaftServerConfigKeys (ConfUtils.java:logGet(43)) - raft.server.rpc.timeout.max = 5200ms (custom)
2019-09-20 04:49:01,705 [pool-167-thread-1] INFO  server.RaftServerConfigKeys (ConfUtils.java:logGet(43)) - raft.server.rpcslowness.timeout = 120s (custom)
2019-09-20 04:49:01,705 [pool-167-thread-1] INFO  server.RaftServerConfigKeys (ConfUtils.java:logGet(43)) - raft.server.sleep.deviation.threshold = 300 (default)
2019-09-20 04:49:01,705 [pool-167-thread-1] INFO  server.RaftServerConfigKeys (ConfUtils.java:logGet(43)) - raft.server.log.appender.install.snapshot.enabled = false (custom)
2019-09-20 04:49:01,705 [pool-167-thread-1] INFO  impl.RaftServerImpl (ServerState.java:<init>(105)) - 3c2a6bfe-f5c5-4e23-89b0-850dab17697d:group-FCC62B6230BC ConfigurationManager, init=-1: [3c2a6bfe-f5c5-4e23-89b0-850dab17697d:192.168.36.79:38430], old=null, confs=<EMPTY_MAP>
2019-09-20 04:49:01,705 [pool-167-thread-1] INFO  server.RaftServerConfigKeys (ConfUtils.java:logGet(43)) - raft.server.storage.dir = [/workdir/hadoop-ozone/integration-test/target/test-dir/MiniOzoneClusterImpl-cd85f641-6806-455e-b969-480e50aec385/datanode-4/data/ratis] (custom)
2019-09-20 04:49:01,706 [pool-167-thread-1] INFO  storage.RaftStorageDirectory (RaftStorageDirectory.java:analyzeStorage(246)) - The storage directory /workdir/hadoop-ozone/integration-test/target/test-dir/MiniOzoneClusterImpl-cd85f641-6806-455e-b969-480e50aec385/datanode-4/data/ratis/58b379fe-66d5-400f-884d-fcc62b6230bc does not exist. Creating ...
2019-09-20 04:49:01,733 [pool-167-thread-1] INFO  storage.RaftStorageDirectory (RaftStorageDirectory.java:tryLock(328)) - Lock on /workdir/hadoop-ozone/integration-test/target/test-dir/MiniOzoneClusterImpl-cd85f641-6806-455e-b969-480e50aec385/datanode-4/data/ratis/58b379fe-66d5-400f-884d-fcc62b6230bc/in_use.lock acquired by nodename 9457@pr-hdds-1569-s8kj2-2266485376
2019-09-20 04:49:01,758 [pool-167-thread-1] INFO  storage.RaftStorage (RaftStorage.java:format(72)) - Storage directory /workdir/hadoop-ozone/integration-test/target/test-dir/MiniOzoneClusterImpl-cd85f641-6806-455e-b969-480e50aec385/datanode-4/data/ratis/58b379fe-66d5-400f-884d-fcc62b6230bc has been successfully formatted.
2019-09-20 04:49:01,758 [pool-167-thread-1] INFO  ratis.ContainerStateMachine (ContainerStateMachine.java:loadSnapshot(226)) - group-FCC62B6230BC: The snapshot info is null. Setting the last applied indexto:(t:0, i:~)
2019-09-20 04:49:01,759 [pool-167-thread-1] INFO  server.RaftServerConfigKeys (ConfUtils.java:logGet(43)) - raft.server.leader.election.timeout = 120s (custom)
2019-09-20 04:49:01,759 [pool-167-thread-1] INFO  server.RaftServerConfigKeys (ConfUtils.java:logGet(43)) - raft.server.log.use.memory = false (default)
2019-09-20 04:49:01,759 [pool-167-thread-1] INFO  server.RaftServerConfigKeys (ConfUtils.java:logGet(43)) - raft.server.log.purge.gap = 1000000 (custom)
2019-09-20 04:49:01,759 [pool-167-thread-1] INFO  server.RaftServerConfigKeys (ConfUtils.java:logGet(43)) - raft.server.log.appender.buffer.byte-limit = 33554432 (custom)
2019-09-20 04:49:01,759 [pool-167-thread-1] INFO  server.RaftServerConfigKeys (ConfUtils.java:logGet(43)) - raft.server.log.segment.size.max = 1048576 (custom)
2019-09-20 04:49:01,759 [pool-167-thread-1] INFO  server.RaftServerConfigKeys (ConfUtils.java:logGet(43)) - raft.server.log.segment.cache.num.max = 2 (custom)
2019-09-20 04:49:01,760 [pool-167-thread-1] INFO  segmented.SegmentedRaftLogWorker (SegmentedRaftLogWorker.java:<init>(172)) - new 3c2a6bfe-f5c5-4e23-89b0-850dab17697d-SegmentedRaftLogWorker:Storage Directory /workdir/hadoop-ozone/integration-test/target/test-dir/MiniOzoneClusterImpl-cd85f641-6806-455e-b969-480e50aec385/datanode-4/data/ratis/58b379fe-66d5-400f-884d-fcc62b6230bc for RaftStorage:Storage Directory /workdir/hadoop-ozone/integration-test/target/test-dir/MiniOzoneClusterImpl-cd85f641-6806-455e-b969-480e50aec385/datanode-4/data/ratis/58b379fe-66d5-400f-884d-fcc62b6230bc
2019-09-20 04:49:01,760 [pool-167-thread-1] INFO  server.RaftServerConfigKeys (ConfUtils.java:logGet(43)) - raft.server.log.queue.byte-limit = 2147483647 (custom)
2019-09-20 04:49:01,760 [pool-167-thread-1] INFO  server.RaftServerConfigKeys (ConfUtils.java:logGet(43)) - raft.server.log.queue.element-limit = 1024 (custom)
2019-09-20 04:49:01,760 [pool-167-thread-1] INFO  server.RaftServerConfigKeys (ConfUtils.java:logGet(43)) - raft.server.log.segment.size.max = 1048576 (custom)
2019-09-20 04:49:01,760 [pool-167-thread-1] INFO  server.RaftServerConfigKeys (ConfUtils.java:logGet(43)) - raft.server.log.preallocated.size = 16384 (custom)
2019-09-20 04:49:01,760 [pool-167-thread-1] INFO  server.RaftServerConfigKeys (ConfUtils.java:logGet(43)) - raft.server.log.write.buffer.size = 33554432 (custom)
2019-09-20 04:49:01,761 [pool-167-thread-1] INFO  server.RaftServerConfigKeys (ConfUtils.java:logGet(43)) - raft.server.log.force.sync.num = 128 (default)
2019-09-20 04:49:01,761 [pool-167-thread-1] INFO  server.RaftServerConfigKeys (ConfUtils.java:logGet(43)) - raft.server.log.statemachine.data.sync = true (default)
2019-09-20 04:49:01,761 [pool-167-thread-1] INFO  server.RaftServerConfigKeys (ConfUtils.java:logGet(43)) - raft.server.log.statemachine.data.sync.timeout = 10s (default)
2019-09-20 04:49:01,761 [pool-167-thread-1] INFO  server.RaftServerConfigKeys (ConfUtils.java:logGet(43)) - raft.server.log.statemachine.data.sync.timeout.retry = -1 (default)
2019-09-20 04:49:01,761 [pool-167-thread-1] INFO  server.RaftServerConfigKeys (ConfUtils.java:logGet(43)) - raft.server.log.statemachine.data.caching.enabled = true (custom)
2019-09-20 04:49:01,762 [pool-167-thread-1] INFO  segmented.SegmentedRaftLogWorker (SegmentedRaftLogWorker.java:lambda$new$0(132)) - 3c2a6bfe-f5c5-4e23-89b0-850dab17697d-SegmentedRaftLogWorker:Storage Directory /workdir/hadoop-ozone/integration-test/target/test-dir/MiniOzoneClusterImpl-cd85f641-6806-455e-b969-480e50aec385/datanode-4/data/ratis/58b379fe-66d5-400f-884d-fcc62b6230bc: flushIndex: setUnconditionally 0 -> -1
2019-09-20 04:49:01,762 [pool-167-thread-1] INFO  server.RaftServerConfigKeys (ConfUtils.java:logGet(43)) - raft.server.snapshot.auto.trigger.enabled = true (custom)
2019-09-20 04:49:01,762 [pool-167-thread-1] INFO  server.RaftServerConfigKeys (ConfUtils.java:logGet(43)) - raft.server.snapshot.auto.trigger.threshold = 10000 (custom)
2019-09-20 04:49:01,762 [pool-167-thread-1] INFO  server.RaftServerConfigKeys (ConfUtils.java:logGet(43)) - raft.server.retrycache.expirytime = 600000ms (custom)
2019-09-20 04:49:01,762 [pool-167-thread-1] INFO  impl.RaftServerImpl (RaftServerImpl.java:start(180)) - 3c2a6bfe-f5c5-4e23-89b0-850dab17697d: start group-FCC62B6230BC
2019-09-20 04:49:01,763 [pool-167-thread-1] INFO  impl.RaftServerImpl (RaftServerImpl.java:setRole(171)) - 3c2a6bfe-f5c5-4e23-89b0-850dab17697d:group-FCC62B6230BC changes role from null to FOLLOWER at term 0 for startAsFollower
2019-09-20 04:49:01,763 [pool-167-thread-1] INFO  impl.RoleInfo (RoleInfo.java:updateAndGet(143)) - 3c2a6bfe-f5c5-4e23-89b0-850dab17697d: start FollowerState
2019-09-20 04:49:01,763 [pool-167-thread-1] INFO  util.JmxRegister (JmxRegister.java:tryRegister(44)) - Successfully registered JMX Bean with object name Ratis:service=RaftServer,group=group-FCC62B6230BC,id=3c2a6bfe-f5c5-4e23-89b0-850dab17697d
2019-09-20 04:49:01,766 | INFO  | SCMAudit | user=jenkins1000 | ip=192.168.36.79 | op=SEND_HEARTBEAT {datanodeUUID=1d91ad97-6666-4ee7-855a-8b5e944e7401, command=[]} | ret=SUCCESS |  
2019-09-20 04:49:01,766 [RatisPipelineUtilsThread] INFO  pipeline.PipelineStateManager (PipelineStateManager.java:addPipeline(56)) - Created pipeline Pipeline[ Id: 58b379fe-66d5-400f-884d-fcc62b6230bc, Nodes: 3c2a6bfe-f5c5-4e23-89b0-850dab17697d{ip: 192.168.36.79, host: pr-hdds-1569-s8kj2-2266485376, networkLocation: /default-rack, certSerialId: null}, Type:RATIS, Factor:ONE, State:OPEN]
2019-09-20 04:49:01,766 [RatisPipelineUtilsThread] INFO  pipeline.PipelinePlacementPolicy (PipelinePlacementPolicy.java:meetCriteria(91)) - Pipeline Placement: Doesn't meet the criteria to be viable node： 236eed40-dd97-4fdc-a0ae-ab99685a426b Heaviness: 6 limit: 5
2019-09-20 04:49:01,767 [RatisPipelineUtilsThread] INFO  pipeline.PipelinePlacementPolicy (PipelinePlacementPolicy.java:meetCriteria(91)) - Pipeline Placement: Doesn't meet the criteria to be viable node： ba95d636-ac34-4b74-a102-dec8d0f377c6 Heaviness: 6 limit: 5
2019-09-20 04:49:01,767 [RatisPipelineUtilsThread] INFO  pipeline.PipelinePlacementPolicy (PipelinePlacementPolicy.java:meetCriteria(91)) - Pipeline Placement: Doesn't meet the criteria to be viable node： fdbc37f2-9e58-4bac-a5d5-a78839d012e9 Heaviness: 6 limit: 5
2019-09-20 04:49:01,772 [grpc-default-executor-0] INFO  impl.RaftServerProxy (RaftServerProxy.java:addNew(89)) - 3c2a6bfe-f5c5-4e23-89b0-850dab17697d: addNew group-993ED3A05D0C:[3c2a6bfe-f5c5-4e23-89b0-850dab17697d:192.168.36.79:38430] returns group-993ED3A05D0C:java.util.concurrent.CompletableFuture@13d86db0[Not completed]
2019-09-20 04:49:01,774 [pool-167-thread-1] INFO  impl.RaftServerImpl (RaftServerImpl.java:<init>(93)) - 3c2a6bfe-f5c5-4e23-89b0-850dab17697d: new RaftServerImpl for group-993ED3A05D0C:[3c2a6bfe-f5c5-4e23-89b0-850dab17697d:192.168.36.79:38430] with ContainerStateMachine:uninitialized
2019-09-20 04:49:01,774 [pool-167-thread-1] INFO  server.RaftServerConfigKeys (ConfUtils.java:logGet(43)) - raft.server.rpc.timeout.min = 5s (custom)
2019-09-20 04:49:01,774 [pool-167-thread-1] INFO  server.RaftServerConfigKeys (ConfUtils.java:logGet(43)) - raft.server.rpc.timeout.max = 5200ms (custom)
2019-09-20 04:49:01,774 [pool-167-thread-1] INFO  server.RaftServerConfigKeys (ConfUtils.java:logGet(43)) - raft.server.rpcslowness.timeout = 120s (custom)
2019-09-20 04:49:01,774 [pool-167-thread-1] INFO  server.RaftServerConfigKeys (ConfUtils.java:logGet(43)) - raft.server.sleep.deviation.threshold = 300 (default)
2019-09-20 04:49:01,774 [pool-167-thread-1] INFO  server.RaftServerConfigKeys (ConfUtils.java:logGet(43)) - raft.server.log.appender.install.snapshot.enabled = false (custom)
2019-09-20 04:49:01,775 [pool-167-thread-1] INFO  impl.RaftServerImpl (ServerState.java:<init>(105)) - 3c2a6bfe-f5c5-4e23-89b0-850dab17697d:group-993ED3A05D0C ConfigurationManager, init=-1: [3c2a6bfe-f5c5-4e23-89b0-850dab17697d:192.168.36.79:38430], old=null, confs=<EMPTY_MAP>
2019-09-20 04:49:01,775 [pool-167-thread-1] INFO  server.RaftServerConfigKeys (ConfUtils.java:logGet(43)) - raft.server.storage.dir = [/workdir/hadoop-ozone/integration-test/target/test-dir/MiniOzoneClusterImpl-cd85f641-6806-455e-b969-480e50aec385/datanode-4/data/ratis] (custom)
2019-09-20 04:49:01,775 [pool-167-thread-1] INFO  storage.RaftStorageDirectory (RaftStorageDirectory.java:analyzeStorage(246)) - The storage directory /workdir/hadoop-ozone/integration-test/target/test-dir/MiniOzoneClusterImpl-cd85f641-6806-455e-b969-480e50aec385/datanode-4/data/ratis/820de21a-41fa-4680-ae56-993ed3a05d0c does not exist. Creating ...
2019-09-20 04:49:01,800 [pool-167-thread-1] INFO  storage.RaftStorageDirectory (RaftStorageDirectory.java:tryLock(328)) - Lock on /workdir/hadoop-ozone/integration-test/target/test-dir/MiniOzoneClusterImpl-cd85f641-6806-455e-b969-480e50aec385/datanode-4/data/ratis/820de21a-41fa-4680-ae56-993ed3a05d0c/in_use.lock acquired by nodename 9457@pr-hdds-1569-s8kj2-2266485376
2019-09-20 04:49:01,826 [pool-167-thread-1] INFO  storage.RaftStorage (RaftStorage.java:format(72)) - Storage directory /workdir/hadoop-ozone/integration-test/target/test-dir/MiniOzoneClusterImpl-cd85f641-6806-455e-b969-480e50aec385/datanode-4/data/ratis/820de21a-41fa-4680-ae56-993ed3a05d0c has been successfully formatted.
2019-09-20 04:49:01,826 [pool-167-thread-1] INFO  ratis.ContainerStateMachine (ContainerStateMachine.java:loadSnapshot(226)) - group-993ED3A05D0C: The snapshot info is null. Setting the last applied indexto:(t:0, i:~)
2019-09-20 04:49:01,826 [pool-167-thread-1] INFO  server.RaftServerConfigKeys (ConfUtils.java:logGet(43)) - raft.server.leader.election.timeout = 120s (custom)
2019-09-20 04:49:01,826 [pool-167-thread-1] INFO  server.RaftServerConfigKeys (ConfUtils.java:logGet(43)) - raft.server.log.use.memory = false (default)
2019-09-20 04:49:01,826 [pool-167-thread-1] INFO  server.RaftServerConfigKeys (ConfUtils.java:logGet(43)) - raft.server.log.purge.gap = 1000000 (custom)
2019-09-20 04:49:01,827 [pool-167-thread-1] INFO  server.RaftServerConfigKeys (ConfUtils.java:logGet(43)) - raft.server.log.appender.buffer.byte-limit = 33554432 (custom)
2019-09-20 04:49:01,827 [pool-167-thread-1] INFO  server.RaftServerConfigKeys (ConfUtils.java:logGet(43)) - raft.server.log.segment.size.max = 1048576 (custom)
2019-09-20 04:49:01,827 [pool-167-thread-1] INFO  server.RaftServerConfigKeys (ConfUtils.java:logGet(43)) - raft.server.log.segment.cache.num.max = 2 (custom)
2019-09-20 04:49:01,827 [pool-167-thread-1] INFO  segmented.SegmentedRaftLogWorker (SegmentedRaftLogWorker.java:<init>(172)) - new 3c2a6bfe-f5c5-4e23-89b0-850dab17697d-SegmentedRaftLogWorker:Storage Directory /workdir/hadoop-ozone/integration-test/target/test-dir/MiniOzoneClusterImpl-cd85f641-6806-455e-b969-480e50aec385/datanode-4/data/ratis/820de21a-41fa-4680-ae56-993ed3a05d0c for RaftStorage:Storage Directory /workdir/hadoop-ozone/integration-test/target/test-dir/MiniOzoneClusterImpl-cd85f641-6806-455e-b969-480e50aec385/datanode-4/data/ratis/820de21a-41fa-4680-ae56-993ed3a05d0c
2019-09-20 04:49:01,827 [pool-167-thread-1] INFO  server.RaftServerConfigKeys (ConfUtils.java:logGet(43)) - raft.server.log.queue.byte-limit = 2147483647 (custom)
2019-09-20 04:49:01,827 [pool-167-thread-1] INFO  server.RaftServerConfigKeys (ConfUtils.java:logGet(43)) - raft.server.log.queue.element-limit = 1024 (custom)
2019-09-20 04:49:01,828 [pool-167-thread-1] INFO  server.RaftServerConfigKeys (ConfUtils.java:logGet(43)) - raft.server.log.segment.size.max = 1048576 (custom)
2019-09-20 04:49:01,828 [pool-167-thread-1] INFO  server.RaftServerConfigKeys (ConfUtils.java:logGet(43)) - raft.server.log.preallocated.size = 16384 (custom)
2019-09-20 04:49:01,828 [pool-167-thread-1] INFO  server.RaftServerConfigKeys (ConfUtils.java:logGet(43)) - raft.server.log.write.buffer.size = 33554432 (custom)
2019-09-20 04:49:01,828 [pool-167-thread-1] INFO  server.RaftServerConfigKeys (ConfUtils.java:logGet(43)) - raft.server.log.force.sync.num = 128 (default)
2019-09-20 04:49:01,828 [pool-167-thread-1] INFO  server.RaftServerConfigKeys (ConfUtils.java:logGet(43)) - raft.server.log.statemachine.data.sync = true (default)
2019-09-20 04:49:01,828 [pool-167-thread-1] INFO  server.RaftServerConfigKeys (ConfUtils.java:logGet(43)) - raft.server.log.statemachine.data.sync.timeout = 10s (default)
2019-09-20 04:49:01,829 [pool-167-thread-1] INFO  server.RaftServerConfigKeys (ConfUtils.java:logGet(43)) - raft.server.log.statemachine.data.sync.timeout.retry = -1 (default)
2019-09-20 04:49:01,829 [pool-167-thread-1] INFO  server.RaftServerConfigKeys (ConfUtils.java:logGet(43)) - raft.server.log.statemachine.data.caching.enabled = true (custom)
2019-09-20 04:49:01,829 [pool-167-thread-1] INFO  segmented.SegmentedRaftLogWorker (SegmentedRaftLogWorker.java:lambda$new$0(132)) - 3c2a6bfe-f5c5-4e23-89b0-850dab17697d-SegmentedRaftLogWorker:Storage Directory /workdir/hadoop-ozone/integration-test/target/test-dir/MiniOzoneClusterImpl-cd85f641-6806-455e-b969-480e50aec385/datanode-4/data/ratis/820de21a-41fa-4680-ae56-993ed3a05d0c: flushIndex: setUnconditionally 0 -> -1
2019-09-20 04:49:01,829 [pool-167-thread-1] INFO  server.RaftServerConfigKeys (ConfUtils.java:logGet(43)) - raft.server.snapshot.auto.trigger.enabled = true (custom)
2019-09-20 04:49:01,830 [pool-167-thread-1] INFO  server.RaftServerConfigKeys (ConfUtils.java:logGet(43)) - raft.server.snapshot.auto.trigger.threshold = 10000 (custom)
2019-09-20 04:49:01,830 [pool-167-thread-1] INFO  server.RaftServerConfigKeys (ConfUtils.java:logGet(43)) - raft.server.retrycache.expirytime = 600000ms (custom)
2019-09-20 04:49:01,830 [pool-167-thread-1] INFO  impl.RaftServerImpl (RaftServerImpl.java:start(180)) - 3c2a6bfe-f5c5-4e23-89b0-850dab17697d: start group-993ED3A05D0C
2019-09-20 04:49:01,830 [pool-167-thread-1] INFO  impl.RaftServerImpl (RaftServerImpl.java:setRole(171)) - 3c2a6bfe-f5c5-4e23-89b0-850dab17697d:group-993ED3A05D0C changes role from null to FOLLOWER at term 0 for startAsFollower
2019-09-20 04:49:01,830 [pool-167-thread-1] INFO  impl.RoleInfo (RoleInfo.java:updateAndGet(143)) - 3c2a6bfe-f5c5-4e23-89b0-850dab17697d: start FollowerState
2019-09-20 04:49:01,831 [pool-167-thread-1] INFO  util.JmxRegister (JmxRegister.java:tryRegister(44)) - Successfully registered JMX Bean with object name Ratis:service=RaftServer,group=group-993ED3A05D0C,id=3c2a6bfe-f5c5-4e23-89b0-850dab17697d
2019-09-20 04:49:01,833 [RatisPipelineUtilsThread] INFO  pipeline.PipelineStateManager (PipelineStateManager.java:addPipeline(56)) - Created pipeline Pipeline[ Id: 820de21a-41fa-4680-ae56-993ed3a05d0c, Nodes: 3c2a6bfe-f5c5-4e23-89b0-850dab17697d{ip: 192.168.36.79, host: pr-hdds-1569-s8kj2-2266485376, networkLocation: /default-rack, certSerialId: null}, Type:RATIS, Factor:ONE, State:OPEN]
2019-09-20 04:49:01,834 [RatisPipelineUtilsThread] INFO  pipeline.PipelinePlacementPolicy (PipelinePlacementPolicy.java:meetCriteria(91)) - Pipeline Placement: Doesn't meet the criteria to be viable node： 236eed40-dd97-4fdc-a0ae-ab99685a426b Heaviness: 6 limit: 5
2019-09-20 04:49:01,834 [RatisPipelineUtilsThread] INFO  pipeline.PipelinePlacementPolicy (PipelinePlacementPolicy.java:meetCriteria(91)) - Pipeline Placement: Doesn't meet the criteria to be viable node： ba95d636-ac34-4b74-a102-dec8d0f377c6 Heaviness: 6 limit: 5
2019-09-20 04:49:01,834 [RatisPipelineUtilsThread] INFO  pipeline.PipelinePlacementPolicy (PipelinePlacementPolicy.java:meetCriteria(91)) - Pipeline Placement: Doesn't meet the criteria to be viable node： fdbc37f2-9e58-4bac-a5d5-a78839d012e9 Heaviness: 6 limit: 5
2019-09-20 04:49:01,839 [grpc-default-executor-0] INFO  impl.RaftServerProxy (RaftServerProxy.java:addNew(89)) - c4f6294c-eda3-4afd-81f7-e69ed14da69f: addNew group-44EB19D97933:[c4f6294c-eda3-4afd-81f7-e69ed14da69f:192.168.36.79:34480] returns group-44EB19D97933:java.util.concurrent.CompletableFuture@56011759[Not completed]
2019-09-20 04:49:01,840 [pool-145-thread-1] INFO  impl.RaftServerImpl (RaftServerImpl.java:<init>(93)) - c4f6294c-eda3-4afd-81f7-e69ed14da69f: new RaftServerImpl for group-44EB19D97933:[c4f6294c-eda3-4afd-81f7-e69ed14da69f:192.168.36.79:34480] with ContainerStateMachine:uninitialized
2019-09-20 04:49:01,841 [pool-145-thread-1] INFO  server.RaftServerConfigKeys (ConfUtils.java:logGet(43)) - raft.server.rpc.timeout.min = 5s (custom)
2019-09-20 04:49:01,841 [pool-145-thread-1] INFO  server.RaftServerConfigKeys (ConfUtils.java:logGet(43)) - raft.server.rpc.timeout.max = 5200ms (custom)
2019-09-20 04:49:01,841 [pool-145-thread-1] INFO  server.RaftServerConfigKeys (ConfUtils.java:logGet(43)) - raft.server.rpcslowness.timeout = 120s (custom)
2019-09-20 04:49:01,841 [pool-145-thread-1] INFO  server.RaftServerConfigKeys (ConfUtils.java:logGet(43)) - raft.server.sleep.deviation.threshold = 300 (default)
2019-09-20 04:49:01,841 [pool-145-thread-1] INFO  server.RaftServerConfigKeys (ConfUtils.java:logGet(43)) - raft.server.log.appender.install.snapshot.enabled = false (custom)
2019-09-20 04:49:01,841 [pool-145-thread-1] INFO  impl.RaftServerImpl (ServerState.java:<init>(105)) - c4f6294c-eda3-4afd-81f7-e69ed14da69f:group-44EB19D97933 ConfigurationManager, init=-1: [c4f6294c-eda3-4afd-81f7-e69ed14da69f:192.168.36.79:34480], old=null, confs=<EMPTY_MAP>
2019-09-20 04:49:01,841 [pool-145-thread-1] INFO  server.RaftServerConfigKeys (ConfUtils.java:logGet(43)) - raft.server.storage.dir = [/workdir/hadoop-ozone/integration-test/target/test-dir/MiniOzoneClusterImpl-cd85f641-6806-455e-b969-480e50aec385/datanode-2/data/ratis] (custom)
2019-09-20 04:49:01,841 [pool-145-thread-1] INFO  storage.RaftStorageDirectory (RaftStorageDirectory.java:analyzeStorage(246)) - The storage directory /workdir/hadoop-ozone/integration-test/target/test-dir/MiniOzoneClusterImpl-cd85f641-6806-455e-b969-480e50aec385/datanode-2/data/ratis/567a068f-1dae-4eec-b264-44eb19d97933 does not exist. Creating ...
2019-09-20 04:49:01,867 [pool-145-thread-1] INFO  storage.RaftStorageDirectory (RaftStorageDirectory.java:tryLock(328)) - Lock on /workdir/hadoop-ozone/integration-test/target/test-dir/MiniOzoneClusterImpl-cd85f641-6806-455e-b969-480e50aec385/datanode-2/data/ratis/567a068f-1dae-4eec-b264-44eb19d97933/in_use.lock acquired by nodename 9457@pr-hdds-1569-s8kj2-2266485376
2019-09-20 04:49:01,901 [pool-145-thread-1] INFO  storage.RaftStorage (RaftStorage.java:format(72)) - Storage directory /workdir/hadoop-ozone/integration-test/target/test-dir/MiniOzoneClusterImpl-cd85f641-6806-455e-b969-480e50aec385/datanode-2/data/ratis/567a068f-1dae-4eec-b264-44eb19d97933 has been successfully formatted.
2019-09-20 04:49:01,902 [pool-145-thread-1] INFO  ratis.ContainerStateMachine (ContainerStateMachine.java:loadSnapshot(226)) - group-44EB19D97933: The snapshot info is null. Setting the last applied indexto:(t:0, i:~)
2019-09-20 04:49:01,902 [pool-145-thread-1] INFO  server.RaftServerConfigKeys (ConfUtils.java:logGet(43)) - raft.server.leader.election.timeout = 120s (custom)
2019-09-20 04:49:01,902 [pool-145-thread-1] INFO  server.RaftServerConfigKeys (ConfUtils.java:logGet(43)) - raft.server.log.use.memory = false (default)
2019-09-20 04:49:01,902 [pool-145-thread-1] INFO  server.RaftServerConfigKeys (ConfUtils.java:logGet(43)) - raft.server.log.purge.gap = 1000000 (custom)
2019-09-20 04:49:01,902 [pool-145-thread-1] INFO  server.RaftServerConfigKeys (ConfUtils.java:logGet(43)) - raft.server.log.appender.buffer.byte-limit = 33554432 (custom)
2019-09-20 04:49:01,902 [pool-145-thread-1] INFO  server.RaftServerConfigKeys (ConfUtils.java:logGet(43)) - raft.server.log.segment.size.max = 1048576 (custom)
2019-09-20 04:49:01,902 [pool-145-thread-1] INFO  server.RaftServerConfigKeys (ConfUtils.java:logGet(43)) - raft.server.log.segment.cache.num.max = 2 (custom)
2019-09-20 04:49:01,903 [pool-145-thread-1] INFO  segmented.SegmentedRaftLogWorker (SegmentedRaftLogWorker.java:<init>(172)) - new c4f6294c-eda3-4afd-81f7-e69ed14da69f-SegmentedRaftLogWorker:Storage Directory /workdir/hadoop-ozone/integration-test/target/test-dir/MiniOzoneClusterImpl-cd85f641-6806-455e-b969-480e50aec385/datanode-2/data/ratis/567a068f-1dae-4eec-b264-44eb19d97933 for RaftStorage:Storage Directory /workdir/hadoop-ozone/integration-test/target/test-dir/MiniOzoneClusterImpl-cd85f641-6806-455e-b969-480e50aec385/datanode-2/data/ratis/567a068f-1dae-4eec-b264-44eb19d97933
2019-09-20 04:49:01,903 [pool-145-thread-1] INFO  server.RaftServerConfigKeys (ConfUtils.java:logGet(43)) - raft.server.log.queue.byte-limit = 2147483647 (custom)
2019-09-20 04:49:01,903 [pool-145-thread-1] INFO  server.RaftServerConfigKeys (ConfUtils.java:logGet(43)) - raft.server.log.queue.element-limit = 1024 (custom)
2019-09-20 04:49:01,903 [pool-145-thread-1] INFO  server.RaftServerConfigKeys (ConfUtils.java:logGet(43)) - raft.server.log.segment.size.max = 1048576 (custom)
2019-09-20 04:49:01,903 | INFO  | SCMAudit | user=jenkins1000 | ip=192.168.36.79 | op=SEND_HEARTBEAT {datanodeUUID=ea71b9af-1075-4196-9693-aa14e10f536d, command=[]} | ret=SUCCESS |  
2019-09-20 04:49:01,903 [pool-145-thread-1] INFO  server.RaftServerConfigKeys (ConfUtils.java:logGet(43)) - raft.server.log.preallocated.size = 16384 (custom)
2019-09-20 04:49:01,904 [pool-145-thread-1] INFO  server.RaftServerConfigKeys (ConfUtils.java:logGet(43)) - raft.server.log.write.buffer.size = 33554432 (custom)
2019-09-20 04:49:01,904 [pool-145-thread-1] INFO  server.RaftServerConfigKeys (ConfUtils.java:logGet(43)) - raft.server.log.force.sync.num = 128 (default)
2019-09-20 04:49:01,904 [pool-145-thread-1] INFO  server.RaftServerConfigKeys (ConfUtils.java:logGet(43)) - raft.server.log.statemachine.data.sync = true (default)
2019-09-20 04:49:01,904 [pool-145-thread-1] INFO  server.RaftServerConfigKeys (ConfUtils.java:logGet(43)) - raft.server.log.statemachine.data.sync.timeout = 10s (default)
2019-09-20 04:49:01,904 [pool-145-thread-1] INFO  server.RaftServerConfigKeys (ConfUtils.java:logGet(43)) - raft.server.log.statemachine.data.sync.timeout.retry = -1 (default)
2019-09-20 04:49:01,904 [pool-145-thread-1] INFO  server.RaftServerConfigKeys (ConfUtils.java:logGet(43)) - raft.server.log.statemachine.data.caching.enabled = true (custom)
2019-09-20 04:49:01,905 [pool-145-thread-1] INFO  segmented.SegmentedRaftLogWorker (SegmentedRaftLogWorker.java:lambda$new$0(132)) - c4f6294c-eda3-4afd-81f7-e69ed14da69f-SegmentedRaftLogWorker:Storage Directory /workdir/hadoop-ozone/integration-test/target/test-dir/MiniOzoneClusterImpl-cd85f641-6806-455e-b969-480e50aec385/datanode-2/data/ratis/567a068f-1dae-4eec-b264-44eb19d97933: flushIndex: setUnconditionally 0 -> -1
2019-09-20 04:49:01,905 [pool-145-thread-1] INFO  server.RaftServerConfigKeys (ConfUtils.java:logGet(43)) - raft.server.snapshot.auto.trigger.enabled = true (custom)
2019-09-20 04:49:01,905 [pool-145-thread-1] INFO  server.RaftServerConfigKeys (ConfUtils.java:logGet(43)) - raft.server.snapshot.auto.trigger.threshold = 10000 (custom)
2019-09-20 04:49:01,906 [pool-145-thread-1] INFO  server.RaftServerConfigKeys (ConfUtils.java:logGet(43)) - raft.server.retrycache.expirytime = 600000ms (custom)
2019-09-20 04:49:01,906 [pool-145-thread-1] INFO  impl.RaftServerImpl (RaftServerImpl.java:start(180)) - c4f6294c-eda3-4afd-81f7-e69ed14da69f: start group-44EB19D97933
2019-09-20 04:49:01,906 [pool-145-thread-1] INFO  impl.RaftServerImpl (RaftServerImpl.java:setRole(171)) - c4f6294c-eda3-4afd-81f7-e69ed14da69f:group-44EB19D97933 changes role from null to FOLLOWER at term 0 for startAsFollower
2019-09-20 04:49:01,906 [pool-145-thread-1] INFO  impl.RoleInfo (RoleInfo.java:updateAndGet(143)) - c4f6294c-eda3-4afd-81f7-e69ed14da69f: start FollowerState
2019-09-20 04:49:01,907 [pool-145-thread-1] INFO  util.JmxRegister (JmxRegister.java:tryRegister(44)) - Successfully registered JMX Bean with object name Ratis:service=RaftServer,group=group-44EB19D97933,id=c4f6294c-eda3-4afd-81f7-e69ed14da69f
2019-09-20 04:49:01,909 [RatisPipelineUtilsThread] INFO  pipeline.PipelineStateManager (PipelineStateManager.java:addPipeline(56)) - Created pipeline Pipeline[ Id: 567a068f-1dae-4eec-b264-44eb19d97933, Nodes: c4f6294c-eda3-4afd-81f7-e69ed14da69f{ip: 192.168.36.79, host: pr-hdds-1569-s8kj2-2266485376, networkLocation: /default-rack, certSerialId: null}, Type:RATIS, Factor:ONE, State:OPEN]
2019-09-20 04:49:01,910 [RatisPipelineUtilsThread] INFO  pipeline.PipelinePlacementPolicy (PipelinePlacementPolicy.java:meetCriteria(91)) - Pipeline Placement: Doesn't meet the criteria to be viable node： 236eed40-dd97-4fdc-a0ae-ab99685a426b Heaviness: 6 limit: 5
2019-09-20 04:49:01,910 [RatisPipelineUtilsThread] INFO  pipeline.PipelinePlacementPolicy (PipelinePlacementPolicy.java:meetCriteria(91)) - Pipeline Placement: Doesn't meet the criteria to be viable node： ba95d636-ac34-4b74-a102-dec8d0f377c6 Heaviness: 6 limit: 5
2019-09-20 04:49:01,910 [RatisPipelineUtilsThread] INFO  pipeline.PipelinePlacementPolicy (PipelinePlacementPolicy.java:meetCriteria(91)) - Pipeline Placement: Doesn't meet the criteria to be viable node： fdbc37f2-9e58-4bac-a5d5-a78839d012e9 Heaviness: 6 limit: 5
2019-09-20 04:49:01,916 [grpc-default-executor-0] INFO  impl.RaftServerProxy (RaftServerProxy.java:addNew(89)) - 3c2a6bfe-f5c5-4e23-89b0-850dab17697d: addNew group-EB1044BA374C:[3c2a6bfe-f5c5-4e23-89b0-850dab17697d:192.168.36.79:38430] returns group-EB1044BA374C:java.util.concurrent.CompletableFuture@3741aa0[Not completed]
2019-09-20 04:49:01,917 [pool-167-thread-1] INFO  impl.RaftServerImpl (RaftServerImpl.java:<init>(93)) - 3c2a6bfe-f5c5-4e23-89b0-850dab17697d: new RaftServerImpl for group-EB1044BA374C:[3c2a6bfe-f5c5-4e23-89b0-850dab17697d:192.168.36.79:38430] with ContainerStateMachine:uninitialized
2019-09-20 04:49:01,917 [pool-167-thread-1] INFO  server.RaftServerConfigKeys (ConfUtils.java:logGet(43)) - raft.server.rpc.timeout.min = 5s (custom)
2019-09-20 04:49:01,917 [pool-167-thread-1] INFO  server.RaftServerConfigKeys (ConfUtils.java:logGet(43)) - raft.server.rpc.timeout.max = 5200ms (custom)
2019-09-20 04:49:01,917 [pool-167-thread-1] INFO  server.RaftServerConfigKeys (ConfUtils.java:logGet(43)) - raft.server.rpcslowness.timeout = 120s (custom)
2019-09-20 04:49:01,917 [pool-167-thread-1] INFO  server.RaftServerConfigKeys (ConfUtils.java:logGet(43)) - raft.server.sleep.deviation.threshold = 300 (default)
2019-09-20 04:49:01,918 [pool-167-thread-1] INFO  server.RaftServerConfigKeys (ConfUtils.java:logGet(43)) - raft.server.log.appender.install.snapshot.enabled = false (custom)
2019-09-20 04:49:01,918 [pool-167-thread-1] INFO  impl.RaftServerImpl (ServerState.java:<init>(105)) - 3c2a6bfe-f5c5-4e23-89b0-850dab17697d:group-EB1044BA374C ConfigurationManager, init=-1: [3c2a6bfe-f5c5-4e23-89b0-850dab17697d:192.168.36.79:38430], old=null, confs=<EMPTY_MAP>
2019-09-20 04:49:01,918 [pool-167-thread-1] INFO  server.RaftServerConfigKeys (ConfUtils.java:logGet(43)) - raft.server.storage.dir = [/workdir/hadoop-ozone/integration-test/target/test-dir/MiniOzoneClusterImpl-cd85f641-6806-455e-b969-480e50aec385/datanode-4/data/ratis] (custom)
2019-09-20 04:49:01,918 [pool-167-thread-1] INFO  storage.RaftStorageDirectory (RaftStorageDirectory.java:analyzeStorage(246)) - The storage directory /workdir/hadoop-ozone/integration-test/target/test-dir/MiniOzoneClusterImpl-cd85f641-6806-455e-b969-480e50aec385/datanode-4/data/ratis/9b67f4ea-0d0a-4943-8974-eb1044ba374c does not exist. Creating ...
2019-09-20 04:49:01,943 [pool-167-thread-1] INFO  storage.RaftStorageDirectory (RaftStorageDirectory.java:tryLock(328)) - Lock on /workdir/hadoop-ozone/integration-test/target/test-dir/MiniOzoneClusterImpl-cd85f641-6806-455e-b969-480e50aec385/datanode-4/data/ratis/9b67f4ea-0d0a-4943-8974-eb1044ba374c/in_use.lock acquired by nodename 9457@pr-hdds-1569-s8kj2-2266485376
2019-09-20 04:49:01,968 [pool-167-thread-1] INFO  storage.RaftStorage (RaftStorage.java:format(72)) - Storage directory /workdir/hadoop-ozone/integration-test/target/test-dir/MiniOzoneClusterImpl-cd85f641-6806-455e-b969-480e50aec385/datanode-4/data/ratis/9b67f4ea-0d0a-4943-8974-eb1044ba374c has been successfully formatted.
2019-09-20 04:49:01,969 [pool-167-thread-1] INFO  ratis.ContainerStateMachine (ContainerStateMachine.java:loadSnapshot(226)) - group-EB1044BA374C: The snapshot info is null. Setting the last applied indexto:(t:0, i:~)
2019-09-20 04:49:01,969 [pool-167-thread-1] INFO  server.RaftServerConfigKeys (ConfUtils.java:logGet(43)) - raft.server.leader.election.timeout = 120s (custom)
2019-09-20 04:49:01,969 [pool-167-thread-1] INFO  server.RaftServerConfigKeys (ConfUtils.java:logGet(43)) - raft.server.log.use.memory = false (default)
2019-09-20 04:49:01,970 [pool-167-thread-1] INFO  server.RaftServerConfigKeys (ConfUtils.java:logGet(43)) - raft.server.log.purge.gap = 1000000 (custom)
2019-09-20 04:49:01,970 [pool-167-thread-1] INFO  server.RaftServerConfigKeys (ConfUtils.java:logGet(43)) - raft.server.log.appender.buffer.byte-limit = 33554432 (custom)
2019-09-20 04:49:01,970 [pool-167-thread-1] INFO  server.RaftServerConfigKeys (ConfUtils.java:logGet(43)) - raft.server.log.segment.size.max = 1048576 (custom)
2019-09-20 04:49:01,970 [pool-167-thread-1] INFO  server.RaftServerConfigKeys (ConfUtils.java:logGet(43)) - raft.server.log.segment.cache.num.max = 2 (custom)
2019-09-20 04:49:01,971 [pool-167-thread-1] INFO  segmented.SegmentedRaftLogWorker (SegmentedRaftLogWorker.java:<init>(172)) - new 3c2a6bfe-f5c5-4e23-89b0-850dab17697d-SegmentedRaftLogWorker:Storage Directory /workdir/hadoop-ozone/integration-test/target/test-dir/MiniOzoneClusterImpl-cd85f641-6806-455e-b969-480e50aec385/datanode-4/data/ratis/9b67f4ea-0d0a-4943-8974-eb1044ba374c for RaftStorage:Storage Directory /workdir/hadoop-ozone/integration-test/target/test-dir/MiniOzoneClusterImpl-cd85f641-6806-455e-b969-480e50aec385/datanode-4/data/ratis/9b67f4ea-0d0a-4943-8974-eb1044ba374c
2019-09-20 04:49:01,971 [pool-167-thread-1] INFO  server.RaftServerConfigKeys (ConfUtils.java:logGet(43)) - raft.server.log.queue.byte-limit = 2147483647 (custom)
2019-09-20 04:49:01,971 [pool-167-thread-1] INFO  server.RaftServerConfigKeys (ConfUtils.java:logGet(43)) - raft.server.log.queue.element-limit = 1024 (custom)
2019-09-20 04:49:01,971 [pool-167-thread-1] INFO  server.RaftServerConfigKeys (ConfUtils.java:logGet(43)) - raft.server.log.segment.size.max = 1048576 (custom)
2019-09-20 04:49:01,971 [pool-167-thread-1] INFO  server.RaftServerConfigKeys (ConfUtils.java:logGet(43)) - raft.server.log.preallocated.size = 16384 (custom)
2019-09-20 04:49:01,971 [pool-167-thread-1] INFO  server.RaftServerConfigKeys (ConfUtils.java:logGet(43)) - raft.server.log.write.buffer.size = 33554432 (custom)
2019-09-20 04:49:01,971 [pool-167-thread-1] INFO  server.RaftServerConfigKeys (ConfUtils.java:logGet(43)) - raft.server.log.force.sync.num = 128 (default)
2019-09-20 04:49:01,972 [pool-167-thread-1] INFO  server.RaftServerConfigKeys (ConfUtils.java:logGet(43)) - raft.server.log.statemachine.data.sync = true (default)
2019-09-20 04:49:01,972 [pool-167-thread-1] INFO  server.RaftServerConfigKeys (ConfUtils.java:logGet(43)) - raft.server.log.statemachine.data.sync.timeout = 10s (default)
2019-09-20 04:49:01,972 [pool-167-thread-1] INFO  server.RaftServerConfigKeys (ConfUtils.java:logGet(43)) - raft.server.log.statemachine.data.sync.timeout.retry = -1 (default)
2019-09-20 04:49:01,972 [pool-167-thread-1] INFO  server.RaftServerConfigKeys (ConfUtils.java:logGet(43)) - raft.server.log.statemachine.data.caching.enabled = true (custom)
2019-09-20 04:49:01,972 [pool-167-thread-1] INFO  segmented.SegmentedRaftLogWorker (SegmentedRaftLogWorker.java:lambda$new$0(132)) - 3c2a6bfe-f5c5-4e23-89b0-850dab17697d-SegmentedRaftLogWorker:Storage Directory /workdir/hadoop-ozone/integration-test/target/test-dir/MiniOzoneClusterImpl-cd85f641-6806-455e-b969-480e50aec385/datanode-4/data/ratis/9b67f4ea-0d0a-4943-8974-eb1044ba374c: flushIndex: setUnconditionally 0 -> -1
2019-09-20 04:49:01,973 [pool-167-thread-1] INFO  server.RaftServerConfigKeys (ConfUtils.java:logGet(43)) - raft.server.snapshot.auto.trigger.enabled = true (custom)
2019-09-20 04:49:01,973 [pool-167-thread-1] INFO  server.RaftServerConfigKeys (ConfUtils.java:logGet(43)) - raft.server.snapshot.auto.trigger.threshold = 10000 (custom)
2019-09-20 04:49:01,973 [pool-167-thread-1] INFO  server.RaftServerConfigKeys (ConfUtils.java:logGet(43)) - raft.server.retrycache.expirytime = 600000ms (custom)
2019-09-20 04:49:01,973 [pool-167-thread-1] INFO  impl.RaftServerImpl (RaftServerImpl.java:start(180)) - 3c2a6bfe-f5c5-4e23-89b0-850dab17697d: start group-EB1044BA374C
2019-09-20 04:49:01,973 [pool-167-thread-1] INFO  impl.RaftServerImpl (RaftServerImpl.java:setRole(171)) - 3c2a6bfe-f5c5-4e23-89b0-850dab17697d:group-EB1044BA374C changes role from null to FOLLOWER at term 0 for startAsFollower
2019-09-20 04:49:01,973 [pool-167-thread-1] INFO  impl.RoleInfo (RoleInfo.java:updateAndGet(143)) - 3c2a6bfe-f5c5-4e23-89b0-850dab17697d: start FollowerState
2019-09-20 04:49:01,974 [pool-167-thread-1] INFO  util.JmxRegister (JmxRegister.java:tryRegister(44)) - Successfully registered JMX Bean with object name Ratis:service=RaftServer,group=group-EB1044BA374C,id=3c2a6bfe-f5c5-4e23-89b0-850dab17697d
2019-09-20 04:49:01,977 [RatisPipelineUtilsThread] INFO  pipeline.PipelineStateManager (PipelineStateManager.java:addPipeline(56)) - Created pipeline Pipeline[ Id: 9b67f4ea-0d0a-4943-8974-eb1044ba374c, Nodes: 3c2a6bfe-f5c5-4e23-89b0-850dab17697d{ip: 192.168.36.79, host: pr-hdds-1569-s8kj2-2266485376, networkLocation: /default-rack, certSerialId: null}, Type:RATIS, Factor:ONE, State:OPEN]
2019-09-20 04:49:01,977 [RatisPipelineUtilsThread] INFO  pipeline.PipelinePlacementPolicy (PipelinePlacementPolicy.java:meetCriteria(91)) - Pipeline Placement: Doesn't meet the criteria to be viable node： 236eed40-dd97-4fdc-a0ae-ab99685a426b Heaviness: 6 limit: 5
2019-09-20 04:49:01,977 [RatisPipelineUtilsThread] INFO  pipeline.PipelinePlacementPolicy (PipelinePlacementPolicy.java:meetCriteria(91)) - Pipeline Placement: Doesn't meet the criteria to be viable node： ba95d636-ac34-4b74-a102-dec8d0f377c6 Heaviness: 6 limit: 5
2019-09-20 04:49:01,978 [RatisPipelineUtilsThread] INFO  pipeline.PipelinePlacementPolicy (PipelinePlacementPolicy.java:meetCriteria(91)) - Pipeline Placement: Doesn't meet the criteria to be viable node： fdbc37f2-9e58-4bac-a5d5-a78839d012e9 Heaviness: 6 limit: 5
2019-09-20 04:49:01,989 [grpc-default-executor-0] INFO  impl.RaftServerProxy (RaftServerProxy.java:addNew(89)) - bd1a845e-f2ed-4713-9516-9ccc20139040: addNew group-C2AE75F8F8E7:[bd1a845e-f2ed-4713-9516-9ccc20139040:192.168.36.79:45373] returns group-C2AE75F8F8E7:java.util.concurrent.CompletableFuture@32018e8b[Not completed]
2019-09-20 04:49:01,991 [pool-178-thread-1] INFO  impl.RaftServerImpl (RaftServerImpl.java:<init>(93)) - bd1a845e-f2ed-4713-9516-9ccc20139040: new RaftServerImpl for group-C2AE75F8F8E7:[bd1a845e-f2ed-4713-9516-9ccc20139040:192.168.36.79:45373] with ContainerStateMachine:uninitialized
2019-09-20 04:49:01,991 [pool-178-thread-1] INFO  server.RaftServerConfigKeys (ConfUtils.java:logGet(43)) - raft.server.rpc.timeout.min = 5s (custom)
2019-09-20 04:49:01,991 [pool-178-thread-1] INFO  server.RaftServerConfigKeys (ConfUtils.java:logGet(43)) - raft.server.rpc.timeout.max = 5200ms (custom)
2019-09-20 04:49:01,991 [pool-178-thread-1] INFO  server.RaftServerConfigKeys (ConfUtils.java:logGet(43)) - raft.server.rpcslowness.timeout = 120s (custom)
2019-09-20 04:49:01,991 [pool-178-thread-1] INFO  server.RaftServerConfigKeys (ConfUtils.java:logGet(43)) - raft.server.sleep.deviation.threshold = 300 (default)
2019-09-20 04:49:01,991 [pool-178-thread-1] INFO  server.RaftServerConfigKeys (ConfUtils.java:logGet(43)) - raft.server.log.appender.install.snapshot.enabled = false (custom)
2019-09-20 04:49:01,991 [pool-178-thread-1] INFO  impl.RaftServerImpl (ServerState.java:<init>(105)) - bd1a845e-f2ed-4713-9516-9ccc20139040:group-C2AE75F8F8E7 ConfigurationManager, init=-1: [bd1a845e-f2ed-4713-9516-9ccc20139040:192.168.36.79:45373], old=null, confs=<EMPTY_MAP>
2019-09-20 04:49:01,992 [pool-178-thread-1] INFO  server.RaftServerConfigKeys (ConfUtils.java:logGet(43)) - raft.server.storage.dir = [/workdir/hadoop-ozone/integration-test/target/test-dir/MiniOzoneClusterImpl-cd85f641-6806-455e-b969-480e50aec385/datanode-5/data/ratis] (custom)
2019-09-20 04:49:01,992 [pool-178-thread-1] INFO  storage.RaftStorageDirectory (RaftStorageDirectory.java:analyzeStorage(246)) - The storage directory /workdir/hadoop-ozone/integration-test/target/test-dir/MiniOzoneClusterImpl-cd85f641-6806-455e-b969-480e50aec385/datanode-5/data/ratis/85407ae7-1698-4431-b3fb-c2ae75f8f8e7 does not exist. Creating ...
2019-09-20 04:49:01,993 | INFO  | SCMAudit | user=jenkins1000 | ip=192.168.36.79 | op=SEND_HEARTBEAT {datanodeUUID=236eed40-dd97-4fdc-a0ae-ab99685a426b, command=[]} | ret=SUCCESS |  
2019-09-20 04:49:02,019 [pool-178-thread-1] INFO  storage.RaftStorageDirectory (RaftStorageDirectory.java:tryLock(328)) - Lock on /workdir/hadoop-ozone/integration-test/target/test-dir/MiniOzoneClusterImpl-cd85f641-6806-455e-b969-480e50aec385/datanode-5/data/ratis/85407ae7-1698-4431-b3fb-c2ae75f8f8e7/in_use.lock acquired by nodename 9457@pr-hdds-1569-s8kj2-2266485376
2019-09-20 04:49:02,044 [pool-178-thread-1] INFO  storage.RaftStorage (RaftStorage.java:format(72)) - Storage directory /workdir/hadoop-ozone/integration-test/target/test-dir/MiniOzoneClusterImpl-cd85f641-6806-455e-b969-480e50aec385/datanode-5/data/ratis/85407ae7-1698-4431-b3fb-c2ae75f8f8e7 has been successfully formatted.
2019-09-20 04:49:02,045 [pool-178-thread-1] INFO  ratis.ContainerStateMachine (ContainerStateMachine.java:loadSnapshot(226)) - group-C2AE75F8F8E7: The snapshot info is null. Setting the last applied indexto:(t:0, i:~)
2019-09-20 04:49:02,045 [pool-178-thread-1] INFO  server.RaftServerConfigKeys (ConfUtils.java:logGet(43)) - raft.server.leader.election.timeout = 120s (custom)
2019-09-20 04:49:02,045 [pool-178-thread-1] INFO  server.RaftServerConfigKeys (ConfUtils.java:logGet(43)) - raft.server.log.use.memory = false (default)
2019-09-20 04:49:02,045 [pool-178-thread-1] INFO  server.RaftServerConfigKeys (ConfUtils.java:logGet(43)) - raft.server.log.purge.gap = 1000000 (custom)
2019-09-20 04:49:02,045 [pool-178-thread-1] INFO  server.RaftServerConfigKeys (ConfUtils.java:logGet(43)) - raft.server.log.appender.buffer.byte-limit = 33554432 (custom)
2019-09-20 04:49:02,045 [pool-178-thread-1] INFO  server.RaftServerConfigKeys (ConfUtils.java:logGet(43)) - raft.server.log.segment.size.max = 1048576 (custom)
2019-09-20 04:49:02,045 [pool-178-thread-1] INFO  server.RaftServerConfigKeys (ConfUtils.java:logGet(43)) - raft.server.log.segment.cache.num.max = 2 (custom)
2019-09-20 04:49:02,046 [pool-178-thread-1] INFO  segmented.SegmentedRaftLogWorker (SegmentedRaftLogWorker.java:<init>(172)) - new bd1a845e-f2ed-4713-9516-9ccc20139040-SegmentedRaftLogWorker:Storage Directory /workdir/hadoop-ozone/integration-test/target/test-dir/MiniOzoneClusterImpl-cd85f641-6806-455e-b969-480e50aec385/datanode-5/data/ratis/85407ae7-1698-4431-b3fb-c2ae75f8f8e7 for RaftStorage:Storage Directory /workdir/hadoop-ozone/integration-test/target/test-dir/MiniOzoneClusterImpl-cd85f641-6806-455e-b969-480e50aec385/datanode-5/data/ratis/85407ae7-1698-4431-b3fb-c2ae75f8f8e7
2019-09-20 04:49:02,046 [pool-178-thread-1] INFO  server.RaftServerConfigKeys (ConfUtils.java:logGet(43)) - raft.server.log.queue.byte-limit = 2147483647 (custom)
2019-09-20 04:49:02,046 [pool-178-thread-1] INFO  server.RaftServerConfigKeys (ConfUtils.java:logGet(43)) - raft.server.log.queue.element-limit = 1024 (custom)
2019-09-20 04:49:02,046 [pool-178-thread-1] INFO  server.RaftServerConfigKeys (ConfUtils.java:logGet(43)) - raft.server.log.segment.size.max = 1048576 (custom)
2019-09-20 04:49:02,046 [pool-178-thread-1] INFO  server.RaftServerConfigKeys (ConfUtils.java:logGet(43)) - raft.server.log.preallocated.size = 16384 (custom)
2019-09-20 04:49:02,046 [pool-178-thread-1] INFO  server.RaftServerConfigKeys (ConfUtils.java:logGet(43)) - raft.server.log.write.buffer.size = 33554432 (custom)
2019-09-20 04:49:02,046 [pool-178-thread-1] INFO  server.RaftServerConfigKeys (ConfUtils.java:logGet(43)) - raft.server.log.force.sync.num = 128 (default)
2019-09-20 04:49:02,047 [pool-178-thread-1] INFO  server.RaftServerConfigKeys (ConfUtils.java:logGet(43)) - raft.server.log.statemachine.data.sync = true (default)
2019-09-20 04:49:02,047 [pool-178-thread-1] INFO  server.RaftServerConfigKeys (ConfUtils.java:logGet(43)) - raft.server.log.statemachine.data.sync.timeout = 10s (default)
2019-09-20 04:49:02,047 [pool-178-thread-1] INFO  server.RaftServerConfigKeys (ConfUtils.java:logGet(43)) - raft.server.log.statemachine.data.sync.timeout.retry = -1 (default)
2019-09-20 04:49:02,047 [pool-178-thread-1] INFO  server.RaftServerConfigKeys (ConfUtils.java:logGet(43)) - raft.server.log.statemachine.data.caching.enabled = true (custom)
2019-09-20 04:49:02,047 [pool-178-thread-1] INFO  segmented.SegmentedRaftLogWorker (SegmentedRaftLogWorker.java:lambda$new$0(132)) - bd1a845e-f2ed-4713-9516-9ccc20139040-SegmentedRaftLogWorker:Storage Directory /workdir/hadoop-ozone/integration-test/target/test-dir/MiniOzoneClusterImpl-cd85f641-6806-455e-b969-480e50aec385/datanode-5/data/ratis/85407ae7-1698-4431-b3fb-c2ae75f8f8e7: flushIndex: setUnconditionally 0 -> -1
2019-09-20 04:49:02,048 [pool-178-thread-1] INFO  server.RaftServerConfigKeys (ConfUtils.java:logGet(43)) - raft.server.snapshot.auto.trigger.enabled = true (custom)
2019-09-20 04:49:02,048 [pool-178-thread-1] INFO  server.RaftServerConfigKeys (ConfUtils.java:logGet(43)) - raft.server.snapshot.auto.trigger.threshold = 10000 (custom)
2019-09-20 04:49:02,048 [pool-178-thread-1] INFO  server.RaftServerConfigKeys (ConfUtils.java:logGet(43)) - raft.server.retrycache.expirytime = 600000ms (custom)
2019-09-20 04:49:02,048 [pool-178-thread-1] INFO  impl.RaftServerImpl (RaftServerImpl.java:start(180)) - bd1a845e-f2ed-4713-9516-9ccc20139040: start group-C2AE75F8F8E7
2019-09-20 04:49:02,048 [pool-178-thread-1] INFO  impl.RaftServerImpl (RaftServerImpl.java:setRole(171)) - bd1a845e-f2ed-4713-9516-9ccc20139040:group-C2AE75F8F8E7 changes role from null to FOLLOWER at term 0 for startAsFollower
2019-09-20 04:49:02,048 [pool-178-thread-1] INFO  impl.RoleInfo (RoleInfo.java:updateAndGet(143)) - bd1a845e-f2ed-4713-9516-9ccc20139040: start FollowerState
2019-09-20 04:49:02,049 [pool-178-thread-1] INFO  util.JmxRegister (JmxRegister.java:tryRegister(44)) - Successfully registered JMX Bean with object name Ratis:service=RaftServer,group=group-C2AE75F8F8E7,id=bd1a845e-f2ed-4713-9516-9ccc20139040
2019-09-20 04:49:02,052 [RatisPipelineUtilsThread] INFO  pipeline.PipelineStateManager (PipelineStateManager.java:addPipeline(56)) - Created pipeline Pipeline[ Id: 85407ae7-1698-4431-b3fb-c2ae75f8f8e7, Nodes: bd1a845e-f2ed-4713-9516-9ccc20139040{ip: 192.168.36.79, host: pr-hdds-1569-s8kj2-2266485376, networkLocation: /default-rack, certSerialId: null}, Type:RATIS, Factor:ONE, State:OPEN]
2019-09-20 04:49:02,052 [RatisPipelineUtilsThread] INFO  pipeline.PipelinePlacementPolicy (PipelinePlacementPolicy.java:meetCriteria(91)) - Pipeline Placement: Doesn't meet the criteria to be viable node： 236eed40-dd97-4fdc-a0ae-ab99685a426b Heaviness: 6 limit: 5
2019-09-20 04:49:02,052 [RatisPipelineUtilsThread] INFO  pipeline.PipelinePlacementPolicy (PipelinePlacementPolicy.java:meetCriteria(91)) - Pipeline Placement: Doesn't meet the criteria to be viable node： ba95d636-ac34-4b74-a102-dec8d0f377c6 Heaviness: 6 limit: 5
2019-09-20 04:49:02,052 [RatisPipelineUtilsThread] INFO  pipeline.PipelinePlacementPolicy (PipelinePlacementPolicy.java:meetCriteria(91)) - Pipeline Placement: Doesn't meet the criteria to be viable node： fdbc37f2-9e58-4bac-a5d5-a78839d012e9 Heaviness: 6 limit: 5
2019-09-20 04:49:02,057 [grpc-default-executor-0] INFO  impl.RaftServerProxy (RaftServerProxy.java:addNew(89)) - c4f6294c-eda3-4afd-81f7-e69ed14da69f: addNew group-1A1B717AD336:[c4f6294c-eda3-4afd-81f7-e69ed14da69f:192.168.36.79:34480] returns group-1A1B717AD336:java.util.concurrent.CompletableFuture@64bd0ecb[Not completed]
2019-09-20 04:49:02,059 [pool-145-thread-1] INFO  impl.RaftServerImpl (RaftServerImpl.java:<init>(93)) - c4f6294c-eda3-4afd-81f7-e69ed14da69f: new RaftServerImpl for group-1A1B717AD336:[c4f6294c-eda3-4afd-81f7-e69ed14da69f:192.168.36.79:34480] with ContainerStateMachine:uninitialized
2019-09-20 04:49:02,059 [pool-145-thread-1] INFO  server.RaftServerConfigKeys (ConfUtils.java:logGet(43)) - raft.server.rpc.timeout.min = 5s (custom)
2019-09-20 04:49:02,059 [pool-145-thread-1] INFO  server.RaftServerConfigKeys (ConfUtils.java:logGet(43)) - raft.server.rpc.timeout.max = 5200ms (custom)
2019-09-20 04:49:02,059 [pool-145-thread-1] INFO  server.RaftServerConfigKeys (ConfUtils.java:logGet(43)) - raft.server.rpcslowness.timeout = 120s (custom)
2019-09-20 04:49:02,059 [pool-145-thread-1] INFO  server.RaftServerConfigKeys (ConfUtils.java:logGet(43)) - raft.server.sleep.deviation.threshold = 300 (default)
2019-09-20 04:49:02,059 [pool-145-thread-1] INFO  server.RaftServerConfigKeys (ConfUtils.java:logGet(43)) - raft.server.log.appender.install.snapshot.enabled = false (custom)
2019-09-20 04:49:02,060 [pool-145-thread-1] INFO  impl.RaftServerImpl (ServerState.java:<init>(105)) - c4f6294c-eda3-4afd-81f7-e69ed14da69f:group-1A1B717AD336 ConfigurationManager, init=-1: [c4f6294c-eda3-4afd-81f7-e69ed14da69f:192.168.36.79:34480], old=null, confs=<EMPTY_MAP>
2019-09-20 04:49:02,060 [pool-145-thread-1] INFO  server.RaftServerConfigKeys (ConfUtils.java:logGet(43)) - raft.server.storage.dir = [/workdir/hadoop-ozone/integration-test/target/test-dir/MiniOzoneClusterImpl-cd85f641-6806-455e-b969-480e50aec385/datanode-2/data/ratis] (custom)
2019-09-20 04:49:02,060 [pool-145-thread-1] INFO  storage.RaftStorageDirectory (RaftStorageDirectory.java:analyzeStorage(246)) - The storage directory /workdir/hadoop-ozone/integration-test/target/test-dir/MiniOzoneClusterImpl-cd85f641-6806-455e-b969-480e50aec385/datanode-2/data/ratis/44bc599d-ff66-408f-94d6-1a1b717ad336 does not exist. Creating ...
2019-09-20 04:49:02,066 | INFO  | SCMAudit | user=jenkins1000 | ip=192.168.36.79 | op=SEND_HEARTBEAT {datanodeUUID=eaf3ecbe-c3b1-4969-ad3a-e4de7fb04f81, command=[]} | ret=SUCCESS |  
2019-09-20 04:49:02,086 [pool-145-thread-1] INFO  storage.RaftStorageDirectory (RaftStorageDirectory.java:tryLock(328)) - Lock on /workdir/hadoop-ozone/integration-test/target/test-dir/MiniOzoneClusterImpl-cd85f641-6806-455e-b969-480e50aec385/datanode-2/data/ratis/44bc599d-ff66-408f-94d6-1a1b717ad336/in_use.lock acquired by nodename 9457@pr-hdds-1569-s8kj2-2266485376
2019-09-20 04:49:02,112 [pool-145-thread-1] INFO  storage.RaftStorage (RaftStorage.java:format(72)) - Storage directory /workdir/hadoop-ozone/integration-test/target/test-dir/MiniOzoneClusterImpl-cd85f641-6806-455e-b969-480e50aec385/datanode-2/data/ratis/44bc599d-ff66-408f-94d6-1a1b717ad336 has been successfully formatted.
2019-09-20 04:49:02,112 [pool-145-thread-1] INFO  ratis.ContainerStateMachine (ContainerStateMachine.java:loadSnapshot(226)) - group-1A1B717AD336: The snapshot info is null. Setting the last applied indexto:(t:0, i:~)
2019-09-20 04:49:02,112 [pool-145-thread-1] INFO  server.RaftServerConfigKeys (ConfUtils.java:logGet(43)) - raft.server.leader.election.timeout = 120s (custom)
2019-09-20 04:49:02,112 [pool-145-thread-1] INFO  server.RaftServerConfigKeys (ConfUtils.java:logGet(43)) - raft.server.log.use.memory = false (default)
2019-09-20 04:49:02,113 [pool-145-thread-1] INFO  server.RaftServerConfigKeys (ConfUtils.java:logGet(43)) - raft.server.log.purge.gap = 1000000 (custom)
2019-09-20 04:49:02,113 [pool-145-thread-1] INFO  server.RaftServerConfigKeys (ConfUtils.java:logGet(43)) - raft.server.log.appender.buffer.byte-limit = 33554432 (custom)
2019-09-20 04:49:02,113 [pool-145-thread-1] INFO  server.RaftServerConfigKeys (ConfUtils.java:logGet(43)) - raft.server.log.segment.size.max = 1048576 (custom)
2019-09-20 04:49:02,113 [pool-145-thread-1] INFO  server.RaftServerConfigKeys (ConfUtils.java:logGet(43)) - raft.server.log.segment.cache.num.max = 2 (custom)
2019-09-20 04:49:02,113 [pool-145-thread-1] INFO  segmented.SegmentedRaftLogWorker (SegmentedRaftLogWorker.java:<init>(172)) - new c4f6294c-eda3-4afd-81f7-e69ed14da69f-SegmentedRaftLogWorker:Storage Directory /workdir/hadoop-ozone/integration-test/target/test-dir/MiniOzoneClusterImpl-cd85f641-6806-455e-b969-480e50aec385/datanode-2/data/ratis/44bc599d-ff66-408f-94d6-1a1b717ad336 for RaftStorage:Storage Directory /workdir/hadoop-ozone/integration-test/target/test-dir/MiniOzoneClusterImpl-cd85f641-6806-455e-b969-480e50aec385/datanode-2/data/ratis/44bc599d-ff66-408f-94d6-1a1b717ad336
2019-09-20 04:49:02,114 [pool-145-thread-1] INFO  server.RaftServerConfigKeys (ConfUtils.java:logGet(43)) - raft.server.log.queue.byte-limit = 2147483647 (custom)
2019-09-20 04:49:02,114 [pool-145-thread-1] INFO  server.RaftServerConfigKeys (ConfUtils.java:logGet(43)) - raft.server.log.queue.element-limit = 1024 (custom)
2019-09-20 04:49:02,114 [pool-145-thread-1] INFO  server.RaftServerConfigKeys (ConfUtils.java:logGet(43)) - raft.server.log.segment.size.max = 1048576 (custom)
2019-09-20 04:49:02,114 [pool-145-thread-1] INFO  server.RaftServerConfigKeys (ConfUtils.java:logGet(43)) - raft.server.log.preallocated.size = 16384 (custom)
2019-09-20 04:49:02,114 [pool-145-thread-1] INFO  server.RaftServerConfigKeys (ConfUtils.java:logGet(43)) - raft.server.log.write.buffer.size = 33554432 (custom)
2019-09-20 04:49:02,114 [pool-145-thread-1] INFO  server.RaftServerConfigKeys (ConfUtils.java:logGet(43)) - raft.server.log.force.sync.num = 128 (default)
2019-09-20 04:49:02,114 [pool-145-thread-1] INFO  server.RaftServerConfigKeys (ConfUtils.java:logGet(43)) - raft.server.log.statemachine.data.sync = true (default)
2019-09-20 04:49:02,115 [pool-145-thread-1] INFO  server.RaftServerConfigKeys (ConfUtils.java:logGet(43)) - raft.server.log.statemachine.data.sync.timeout = 10s (default)
2019-09-20 04:49:02,115 [pool-145-thread-1] INFO  server.RaftServerConfigKeys (ConfUtils.java:logGet(43)) - raft.server.log.statemachine.data.sync.timeout.retry = -1 (default)
2019-09-20 04:49:02,115 [pool-145-thread-1] INFO  server.RaftServerConfigKeys (ConfUtils.java:logGet(43)) - raft.server.log.statemachine.data.caching.enabled = true (custom)
2019-09-20 04:49:02,115 [pool-145-thread-1] INFO  segmented.SegmentedRaftLogWorker (SegmentedRaftLogWorker.java:lambda$new$0(132)) - c4f6294c-eda3-4afd-81f7-e69ed14da69f-SegmentedRaftLogWorker:Storage Directory /workdir/hadoop-ozone/integration-test/target/test-dir/MiniOzoneClusterImpl-cd85f641-6806-455e-b969-480e50aec385/datanode-2/data/ratis/44bc599d-ff66-408f-94d6-1a1b717ad336: flushIndex: setUnconditionally 0 -> -1
2019-09-20 04:49:02,116 [pool-145-thread-1] INFO  server.RaftServerConfigKeys (ConfUtils.java:logGet(43)) - raft.server.snapshot.auto.trigger.enabled = true (custom)
2019-09-20 04:49:02,116 [pool-145-thread-1] INFO  server.RaftServerConfigKeys (ConfUtils.java:logGet(43)) - raft.server.snapshot.auto.trigger.threshold = 10000 (custom)
2019-09-20 04:49:02,116 [pool-145-thread-1] INFO  server.RaftServerConfigKeys (ConfUtils.java:logGet(43)) - raft.server.retrycache.expirytime = 600000ms (custom)
2019-09-20 04:49:02,116 [pool-145-thread-1] INFO  impl.RaftServerImpl (RaftServerImpl.java:start(180)) - c4f6294c-eda3-4afd-81f7-e69ed14da69f: start group-1A1B717AD336
2019-09-20 04:49:02,116 [pool-145-thread-1] INFO  impl.RaftServerImpl (RaftServerImpl.java:setRole(171)) - c4f6294c-eda3-4afd-81f7-e69ed14da69f:group-1A1B717AD336 changes role from null to FOLLOWER at term 0 for startAsFollower
2019-09-20 04:49:02,117 [pool-145-thread-1] INFO  impl.RoleInfo (RoleInfo.java:updateAndGet(143)) - c4f6294c-eda3-4afd-81f7-e69ed14da69f: start FollowerState
2019-09-20 04:49:02,117 [pool-145-thread-1] INFO  util.JmxRegister (JmxRegister.java:tryRegister(44)) - Successfully registered JMX Bean with object name Ratis:service=RaftServer,group=group-1A1B717AD336,id=c4f6294c-eda3-4afd-81f7-e69ed14da69f
2019-09-20 04:49:02,120 [RatisPipelineUtilsThread] INFO  pipeline.PipelineStateManager (PipelineStateManager.java:addPipeline(56)) - Created pipeline Pipeline[ Id: 44bc599d-ff66-408f-94d6-1a1b717ad336, Nodes: c4f6294c-eda3-4afd-81f7-e69ed14da69f{ip: 192.168.36.79, host: pr-hdds-1569-s8kj2-2266485376, networkLocation: /default-rack, certSerialId: null}, Type:RATIS, Factor:ONE, State:OPEN]
2019-09-20 04:49:02,121 [RatisPipelineUtilsThread] INFO  pipeline.PipelinePlacementPolicy (PipelinePlacementPolicy.java:meetCriteria(91)) - Pipeline Placement: Doesn't meet the criteria to be viable node： 236eed40-dd97-4fdc-a0ae-ab99685a426b Heaviness: 6 limit: 5
2019-09-20 04:49:02,121 [RatisPipelineUtilsThread] INFO  pipeline.PipelinePlacementPolicy (PipelinePlacementPolicy.java:meetCriteria(91)) - Pipeline Placement: Doesn't meet the criteria to be viable node： ba95d636-ac34-4b74-a102-dec8d0f377c6 Heaviness: 6 limit: 5
2019-09-20 04:49:02,121 [RatisPipelineUtilsThread] INFO  pipeline.PipelinePlacementPolicy (PipelinePlacementPolicy.java:meetCriteria(91)) - Pipeline Placement: Doesn't meet the criteria to be viable node： fdbc37f2-9e58-4bac-a5d5-a78839d012e9 Heaviness: 6 limit: 5
2019-09-20 04:49:02,121 [RatisPipelineUtilsThread] INFO  pipeline.PipelinePlacementPolicy (PipelinePlacementPolicy.java:meetCriteria(91)) - Pipeline Placement: Doesn't meet the criteria to be viable node： c4f6294c-eda3-4afd-81f7-e69ed14da69f Heaviness: 6 limit: 5
2019-09-20 04:49:02,127 [grpc-default-executor-0] INFO  impl.RaftServerProxy (RaftServerProxy.java:addNew(89)) - 3c2a6bfe-f5c5-4e23-89b0-850dab17697d: addNew group-90D72DBC01DC:[3c2a6bfe-f5c5-4e23-89b0-850dab17697d:192.168.36.79:38430] returns group-90D72DBC01DC:java.util.concurrent.CompletableFuture@5ac9dc1a[Not completed]
2019-09-20 04:49:02,129 [pool-167-thread-1] INFO  impl.RaftServerImpl (RaftServerImpl.java:<init>(93)) - 3c2a6bfe-f5c5-4e23-89b0-850dab17697d: new RaftServerImpl for group-90D72DBC01DC:[3c2a6bfe-f5c5-4e23-89b0-850dab17697d:192.168.36.79:38430] with ContainerStateMachine:uninitialized
2019-09-20 04:49:02,129 [pool-167-thread-1] INFO  server.RaftServerConfigKeys (ConfUtils.java:logGet(43)) - raft.server.rpc.timeout.min = 5s (custom)
2019-09-20 04:49:02,129 [pool-167-thread-1] INFO  server.RaftServerConfigKeys (ConfUtils.java:logGet(43)) - raft.server.rpc.timeout.max = 5200ms (custom)
2019-09-20 04:49:02,129 [pool-167-thread-1] INFO  server.RaftServerConfigKeys (ConfUtils.java:logGet(43)) - raft.server.rpcslowness.timeout = 120s (custom)
2019-09-20 04:49:02,129 [pool-167-thread-1] INFO  server.RaftServerConfigKeys (ConfUtils.java:logGet(43)) - raft.server.sleep.deviation.threshold = 300 (default)
2019-09-20 04:49:02,129 [pool-167-thread-1] INFO  server.RaftServerConfigKeys (ConfUtils.java:logGet(43)) - raft.server.log.appender.install.snapshot.enabled = false (custom)
2019-09-20 04:49:02,130 [pool-167-thread-1] INFO  impl.RaftServerImpl (ServerState.java:<init>(105)) - 3c2a6bfe-f5c5-4e23-89b0-850dab17697d:group-90D72DBC01DC ConfigurationManager, init=-1: [3c2a6bfe-f5c5-4e23-89b0-850dab17697d:192.168.36.79:38430], old=null, confs=<EMPTY_MAP>
2019-09-20 04:49:02,130 [pool-167-thread-1] INFO  server.RaftServerConfigKeys (ConfUtils.java:logGet(43)) - raft.server.storage.dir = [/workdir/hadoop-ozone/integration-test/target/test-dir/MiniOzoneClusterImpl-cd85f641-6806-455e-b969-480e50aec385/datanode-4/data/ratis] (custom)
2019-09-20 04:49:02,130 [pool-167-thread-1] INFO  storage.RaftStorageDirectory (RaftStorageDirectory.java:analyzeStorage(246)) - The storage directory /workdir/hadoop-ozone/integration-test/target/test-dir/MiniOzoneClusterImpl-cd85f641-6806-455e-b969-480e50aec385/datanode-4/data/ratis/13dbdbeb-874e-4979-861f-90d72dbc01dc does not exist. Creating ...
2019-09-20 04:49:02,156 | INFO  | SCMAudit | user=jenkins1000 | ip=192.168.36.79 | op=SEND_HEARTBEAT {datanodeUUID=42fc6e92-fcdd-4827-b621-9fc58a3d2315, command=[]} | ret=SUCCESS |  
2019-09-20 04:49:02,162 [pool-167-thread-1] INFO  storage.RaftStorageDirectory (RaftStorageDirectory.java:tryLock(328)) - Lock on /workdir/hadoop-ozone/integration-test/target/test-dir/MiniOzoneClusterImpl-cd85f641-6806-455e-b969-480e50aec385/datanode-4/data/ratis/13dbdbeb-874e-4979-861f-90d72dbc01dc/in_use.lock acquired by nodename 9457@pr-hdds-1569-s8kj2-2266485376
2019-09-20 04:49:02,196 [pool-167-thread-1] INFO  storage.RaftStorage (RaftStorage.java:format(72)) - Storage directory /workdir/hadoop-ozone/integration-test/target/test-dir/MiniOzoneClusterImpl-cd85f641-6806-455e-b969-480e50aec385/datanode-4/data/ratis/13dbdbeb-874e-4979-861f-90d72dbc01dc has been successfully formatted.
2019-09-20 04:49:02,196 [pool-167-thread-1] INFO  ratis.ContainerStateMachine (ContainerStateMachine.java:loadSnapshot(226)) - group-90D72DBC01DC: The snapshot info is null. Setting the last applied indexto:(t:0, i:~)
2019-09-20 04:49:02,196 [pool-167-thread-1] INFO  server.RaftServerConfigKeys (ConfUtils.java:logGet(43)) - raft.server.leader.election.timeout = 120s (custom)
2019-09-20 04:49:02,196 [pool-167-thread-1] INFO  server.RaftServerConfigKeys (ConfUtils.java:logGet(43)) - raft.server.log.use.memory = false (default)
2019-09-20 04:49:02,196 [pool-167-thread-1] INFO  server.RaftServerConfigKeys (ConfUtils.java:logGet(43)) - raft.server.log.purge.gap = 1000000 (custom)
2019-09-20 04:49:02,197 [pool-167-thread-1] INFO  server.RaftServerConfigKeys (ConfUtils.java:logGet(43)) - raft.server.log.appender.buffer.byte-limit = 33554432 (custom)
2019-09-20 04:49:02,197 [pool-167-thread-1] INFO  server.RaftServerConfigKeys (ConfUtils.java:logGet(43)) - raft.server.log.segment.size.max = 1048576 (custom)
2019-09-20 04:49:02,197 [pool-167-thread-1] INFO  server.RaftServerConfigKeys (ConfUtils.java:logGet(43)) - raft.server.log.segment.cache.num.max = 2 (custom)
2019-09-20 04:49:02,197 [pool-167-thread-1] INFO  segmented.SegmentedRaftLogWorker (SegmentedRaftLogWorker.java:<init>(172)) - new 3c2a6bfe-f5c5-4e23-89b0-850dab17697d-SegmentedRaftLogWorker:Storage Directory /workdir/hadoop-ozone/integration-test/target/test-dir/MiniOzoneClusterImpl-cd85f641-6806-455e-b969-480e50aec385/datanode-4/data/ratis/13dbdbeb-874e-4979-861f-90d72dbc01dc for RaftStorage:Storage Directory /workdir/hadoop-ozone/integration-test/target/test-dir/MiniOzoneClusterImpl-cd85f641-6806-455e-b969-480e50aec385/datanode-4/data/ratis/13dbdbeb-874e-4979-861f-90d72dbc01dc
2019-09-20 04:49:02,197 [pool-167-thread-1] INFO  server.RaftServerConfigKeys (ConfUtils.java:logGet(43)) - raft.server.log.queue.byte-limit = 2147483647 (custom)
2019-09-20 04:49:02,197 [pool-167-thread-1] INFO  server.RaftServerConfigKeys (ConfUtils.java:logGet(43)) - raft.server.log.queue.element-limit = 1024 (custom)
2019-09-20 04:49:02,197 [pool-167-thread-1] INFO  server.RaftServerConfigKeys (ConfUtils.java:logGet(43)) - raft.server.log.segment.size.max = 1048576 (custom)
2019-09-20 04:49:02,197 [pool-167-thread-1] INFO  server.RaftServerConfigKeys (ConfUtils.java:logGet(43)) - raft.server.log.preallocated.size = 16384 (custom)
2019-09-20 04:49:02,198 [pool-167-thread-1] INFO  server.RaftServerConfigKeys (ConfUtils.java:logGet(43)) - raft.server.log.write.buffer.size = 33554432 (custom)
2019-09-20 04:49:02,198 [pool-167-thread-1] INFO  server.RaftServerConfigKeys (ConfUtils.java:logGet(43)) - raft.server.log.force.sync.num = 128 (default)
2019-09-20 04:49:02,198 [pool-167-thread-1] INFO  server.RaftServerConfigKeys (ConfUtils.java:logGet(43)) - raft.server.log.statemachine.data.sync = true (default)
2019-09-20 04:49:02,198 [pool-167-thread-1] INFO  server.RaftServerConfigKeys (ConfUtils.java:logGet(43)) - raft.server.log.statemachine.data.sync.timeout = 10s (default)
2019-09-20 04:49:02,198 [pool-167-thread-1] INFO  server.RaftServerConfigKeys (ConfUtils.java:logGet(43)) - raft.server.log.statemachine.data.sync.timeout.retry = -1 (default)
2019-09-20 04:49:02,198 [pool-167-thread-1] INFO  server.RaftServerConfigKeys (ConfUtils.java:logGet(43)) - raft.server.log.statemachine.data.caching.enabled = true (custom)
2019-09-20 04:49:02,199 [pool-167-thread-1] INFO  segmented.SegmentedRaftLogWorker (SegmentedRaftLogWorker.java:lambda$new$0(132)) - 3c2a6bfe-f5c5-4e23-89b0-850dab17697d-SegmentedRaftLogWorker:Storage Directory /workdir/hadoop-ozone/integration-test/target/test-dir/MiniOzoneClusterImpl-cd85f641-6806-455e-b969-480e50aec385/datanode-4/data/ratis/13dbdbeb-874e-4979-861f-90d72dbc01dc: flushIndex: setUnconditionally 0 -> -1
2019-09-20 04:49:02,199 [pool-167-thread-1] INFO  server.RaftServerConfigKeys (ConfUtils.java:logGet(43)) - raft.server.snapshot.auto.trigger.enabled = true (custom)
2019-09-20 04:49:02,199 [pool-167-thread-1] INFO  server.RaftServerConfigKeys (ConfUtils.java:logGet(43)) - raft.server.snapshot.auto.trigger.threshold = 10000 (custom)
2019-09-20 04:49:02,199 [pool-167-thread-1] INFO  server.RaftServerConfigKeys (ConfUtils.java:logGet(43)) - raft.server.retrycache.expirytime = 600000ms (custom)
2019-09-20 04:49:02,199 [pool-167-thread-1] INFO  impl.RaftServerImpl (RaftServerImpl.java:start(180)) - 3c2a6bfe-f5c5-4e23-89b0-850dab17697d: start group-90D72DBC01DC
2019-09-20 04:49:02,199 [pool-167-thread-1] INFO  impl.RaftServerImpl (RaftServerImpl.java:setRole(171)) - 3c2a6bfe-f5c5-4e23-89b0-850dab17697d:group-90D72DBC01DC changes role from null to FOLLOWER at term 0 for startAsFollower
2019-09-20 04:49:02,199 [pool-167-thread-1] INFO  impl.RoleInfo (RoleInfo.java:updateAndGet(143)) - 3c2a6bfe-f5c5-4e23-89b0-850dab17697d: start FollowerState
2019-09-20 04:49:02,200 [pool-167-thread-1] INFO  util.JmxRegister (JmxRegister.java:tryRegister(44)) - Successfully registered JMX Bean with object name Ratis:service=RaftServer,group=group-90D72DBC01DC,id=3c2a6bfe-f5c5-4e23-89b0-850dab17697d
2019-09-20 04:49:02,223 [RatisPipelineUtilsThread] INFO  pipeline.PipelineStateManager (PipelineStateManager.java:addPipeline(56)) - Created pipeline Pipeline[ Id: 13dbdbeb-874e-4979-861f-90d72dbc01dc, Nodes: 3c2a6bfe-f5c5-4e23-89b0-850dab17697d{ip: 192.168.36.79, host: pr-hdds-1569-s8kj2-2266485376, networkLocation: /default-rack, certSerialId: null}, Type:RATIS, Factor:ONE, State:OPEN]
2019-09-20 04:49:02,224 [RatisPipelineUtilsThread] INFO  pipeline.PipelinePlacementPolicy (PipelinePlacementPolicy.java:meetCriteria(91)) - Pipeline Placement: Doesn't meet the criteria to be viable node： 236eed40-dd97-4fdc-a0ae-ab99685a426b Heaviness: 6 limit: 5
2019-09-20 04:49:02,224 [RatisPipelineUtilsThread] INFO  pipeline.PipelinePlacementPolicy (PipelinePlacementPolicy.java:meetCriteria(91)) - Pipeline Placement: Doesn't meet the criteria to be viable node： 3c2a6bfe-f5c5-4e23-89b0-850dab17697d Heaviness: 6 limit: 5
2019-09-20 04:49:02,224 [RatisPipelineUtilsThread] INFO  pipeline.PipelinePlacementPolicy (PipelinePlacementPolicy.java:meetCriteria(91)) - Pipeline Placement: Doesn't meet the criteria to be viable node： ba95d636-ac34-4b74-a102-dec8d0f377c6 Heaviness: 6 limit: 5
2019-09-20 04:49:02,224 [RatisPipelineUtilsThread] INFO  pipeline.PipelinePlacementPolicy (PipelinePlacementPolicy.java:meetCriteria(91)) - Pipeline Placement: Doesn't meet the criteria to be viable node： fdbc37f2-9e58-4bac-a5d5-a78839d012e9 Heaviness: 6 limit: 5
2019-09-20 04:49:02,224 [RatisPipelineUtilsThread] INFO  pipeline.PipelinePlacementPolicy (PipelinePlacementPolicy.java:meetCriteria(91)) - Pipeline Placement: Doesn't meet the criteria to be viable node： c4f6294c-eda3-4afd-81f7-e69ed14da69f Heaviness: 6 limit: 5
2019-09-20 04:49:02,229 [grpc-default-executor-0] INFO  impl.RaftServerProxy (RaftServerProxy.java:addNew(89)) - bd1a845e-f2ed-4713-9516-9ccc20139040: addNew group-6DA10368C7E2:[bd1a845e-f2ed-4713-9516-9ccc20139040:192.168.36.79:45373] returns group-6DA10368C7E2:java.util.concurrent.CompletableFuture@5e1e734f[Not completed]
2019-09-20 04:49:02,230 [pool-178-thread-1] INFO  impl.RaftServerImpl (RaftServerImpl.java:<init>(93)) - bd1a845e-f2ed-4713-9516-9ccc20139040: new RaftServerImpl for group-6DA10368C7E2:[bd1a845e-f2ed-4713-9516-9ccc20139040:192.168.36.79:45373] with ContainerStateMachine:uninitialized
2019-09-20 04:49:02,231 [pool-178-thread-1] INFO  server.RaftServerConfigKeys (ConfUtils.java:logGet(43)) - raft.server.rpc.timeout.min = 5s (custom)
2019-09-20 04:49:02,231 [pool-178-thread-1] INFO  server.RaftServerConfigKeys (ConfUtils.java:logGet(43)) - raft.server.rpc.timeout.max = 5200ms (custom)
2019-09-20 04:49:02,231 [pool-178-thread-1] INFO  server.RaftServerConfigKeys (ConfUtils.java:logGet(43)) - raft.server.rpcslowness.timeout = 120s (custom)
2019-09-20 04:49:02,231 [pool-178-thread-1] INFO  server.RaftServerConfigKeys (ConfUtils.java:logGet(43)) - raft.server.sleep.deviation.threshold = 300 (default)
2019-09-20 04:49:02,231 [pool-178-thread-1] INFO  server.RaftServerConfigKeys (ConfUtils.java:logGet(43)) - raft.server.log.appender.install.snapshot.enabled = false (custom)
2019-09-20 04:49:02,231 [pool-178-thread-1] INFO  impl.RaftServerImpl (ServerState.java:<init>(105)) - bd1a845e-f2ed-4713-9516-9ccc20139040:group-6DA10368C7E2 ConfigurationManager, init=-1: [bd1a845e-f2ed-4713-9516-9ccc20139040:192.168.36.79:45373], old=null, confs=<EMPTY_MAP>
2019-09-20 04:49:02,231 [pool-178-thread-1] INFO  server.RaftServerConfigKeys (ConfUtils.java:logGet(43)) - raft.server.storage.dir = [/workdir/hadoop-ozone/integration-test/target/test-dir/MiniOzoneClusterImpl-cd85f641-6806-455e-b969-480e50aec385/datanode-5/data/ratis] (custom)
2019-09-20 04:49:02,242 | INFO  | SCMAudit | user=jenkins1000 | ip=192.168.36.79 | op=SEND_HEARTBEAT {datanodeUUID=ba95d636-ac34-4b74-a102-dec8d0f377c6, command=[]} | ret=SUCCESS |  
2019-09-20 04:49:02,246 [pool-178-thread-1] INFO  storage.RaftStorageDirectory (RaftStorageDirectory.java:analyzeStorage(246)) - The storage directory /workdir/hadoop-ozone/integration-test/target/test-dir/MiniOzoneClusterImpl-cd85f641-6806-455e-b969-480e50aec385/datanode-5/data/ratis/0a8b4f40-6dc4-45f7-876d-6da10368c7e2 does not exist. Creating ...
2019-09-20 04:49:02,268 | INFO  | SCMAudit | user=jenkins1000 | ip=192.168.36.79 | op=SEND_HEARTBEAT {datanodeUUID=8d97392c-5f4b-400a-94a1-fb61a3ebbc99, command=[]} | ret=SUCCESS |  
2019-09-20 04:49:02,301 [pool-178-thread-1] INFO  storage.RaftStorageDirectory (RaftStorageDirectory.java:tryLock(328)) - Lock on /workdir/hadoop-ozone/integration-test/target/test-dir/MiniOzoneClusterImpl-cd85f641-6806-455e-b969-480e50aec385/datanode-5/data/ratis/0a8b4f40-6dc4-45f7-876d-6da10368c7e2/in_use.lock acquired by nodename 9457@pr-hdds-1569-s8kj2-2266485376
2019-09-20 04:49:02,326 [pool-178-thread-1] INFO  storage.RaftStorage (RaftStorage.java:format(72)) - Storage directory /workdir/hadoop-ozone/integration-test/target/test-dir/MiniOzoneClusterImpl-cd85f641-6806-455e-b969-480e50aec385/datanode-5/data/ratis/0a8b4f40-6dc4-45f7-876d-6da10368c7e2 has been successfully formatted.
2019-09-20 04:49:02,326 [pool-178-thread-1] INFO  ratis.ContainerStateMachine (ContainerStateMachine.java:loadSnapshot(226)) - group-6DA10368C7E2: The snapshot info is null. Setting the last applied indexto:(t:0, i:~)
2019-09-20 04:49:02,327 [pool-178-thread-1] INFO  server.RaftServerConfigKeys (ConfUtils.java:logGet(43)) - raft.server.leader.election.timeout = 120s (custom)
2019-09-20 04:49:02,327 [pool-178-thread-1] INFO  server.RaftServerConfigKeys (ConfUtils.java:logGet(43)) - raft.server.log.use.memory = false (default)
2019-09-20 04:49:02,327 [pool-178-thread-1] INFO  server.RaftServerConfigKeys (ConfUtils.java:logGet(43)) - raft.server.log.purge.gap = 1000000 (custom)
2019-09-20 04:49:02,327 [pool-178-thread-1] INFO  server.RaftServerConfigKeys (ConfUtils.java:logGet(43)) - raft.server.log.appender.buffer.byte-limit = 33554432 (custom)
2019-09-20 04:49:02,327 [pool-178-thread-1] INFO  server.RaftServerConfigKeys (ConfUtils.java:logGet(43)) - raft.server.log.segment.size.max = 1048576 (custom)
2019-09-20 04:49:02,327 [pool-178-thread-1] INFO  server.RaftServerConfigKeys (ConfUtils.java:logGet(43)) - raft.server.log.segment.cache.num.max = 2 (custom)
2019-09-20 04:49:02,328 [pool-178-thread-1] INFO  segmented.SegmentedRaftLogWorker (SegmentedRaftLogWorker.java:<init>(172)) - new bd1a845e-f2ed-4713-9516-9ccc20139040-SegmentedRaftLogWorker:Storage Directory /workdir/hadoop-ozone/integration-test/target/test-dir/MiniOzoneClusterImpl-cd85f641-6806-455e-b969-480e50aec385/datanode-5/data/ratis/0a8b4f40-6dc4-45f7-876d-6da10368c7e2 for RaftStorage:Storage Directory /workdir/hadoop-ozone/integration-test/target/test-dir/MiniOzoneClusterImpl-cd85f641-6806-455e-b969-480e50aec385/datanode-5/data/ratis/0a8b4f40-6dc4-45f7-876d-6da10368c7e2
2019-09-20 04:49:02,328 [pool-178-thread-1] INFO  server.RaftServerConfigKeys (ConfUtils.java:logGet(43)) - raft.server.log.queue.byte-limit = 2147483647 (custom)
2019-09-20 04:49:02,328 [pool-178-thread-1] INFO  server.RaftServerConfigKeys (ConfUtils.java:logGet(43)) - raft.server.log.queue.element-limit = 1024 (custom)
2019-09-20 04:49:02,328 [pool-178-thread-1] INFO  server.RaftServerConfigKeys (ConfUtils.java:logGet(43)) - raft.server.log.segment.size.max = 1048576 (custom)
2019-09-20 04:49:02,328 [pool-178-thread-1] INFO  server.RaftServerConfigKeys (ConfUtils.java:logGet(43)) - raft.server.log.preallocated.size = 16384 (custom)
2019-09-20 04:49:02,328 [pool-178-thread-1] INFO  server.RaftServerConfigKeys (ConfUtils.java:logGet(43)) - raft.server.log.write.buffer.size = 33554432 (custom)
2019-09-20 04:49:02,329 [pool-178-thread-1] INFO  server.RaftServerConfigKeys (ConfUtils.java:logGet(43)) - raft.server.log.force.sync.num = 128 (default)
2019-09-20 04:49:02,329 [pool-178-thread-1] INFO  server.RaftServerConfigKeys (ConfUtils.java:logGet(43)) - raft.server.log.statemachine.data.sync = true (default)
2019-09-20 04:49:02,329 [pool-178-thread-1] INFO  server.RaftServerConfigKeys (ConfUtils.java:logGet(43)) - raft.server.log.statemachine.data.sync.timeout = 10s (default)
2019-09-20 04:49:02,329 [pool-178-thread-1] INFO  server.RaftServerConfigKeys (ConfUtils.java:logGet(43)) - raft.server.log.statemachine.data.sync.timeout.retry = -1 (default)
2019-09-20 04:49:02,329 [pool-178-thread-1] INFO  server.RaftServerConfigKeys (ConfUtils.java:logGet(43)) - raft.server.log.statemachine.data.caching.enabled = true (custom)
2019-09-20 04:49:02,330 [pool-178-thread-1] INFO  segmented.SegmentedRaftLogWorker (SegmentedRaftLogWorker.java:lambda$new$0(132)) - bd1a845e-f2ed-4713-9516-9ccc20139040-SegmentedRaftLogWorker:Storage Directory /workdir/hadoop-ozone/integration-test/target/test-dir/MiniOzoneClusterImpl-cd85f641-6806-455e-b969-480e50aec385/datanode-5/data/ratis/0a8b4f40-6dc4-45f7-876d-6da10368c7e2: flushIndex: setUnconditionally 0 -> -1
2019-09-20 04:49:02,330 [pool-178-thread-1] INFO  server.RaftServerConfigKeys (ConfUtils.java:logGet(43)) - raft.server.snapshot.auto.trigger.enabled = true (custom)
2019-09-20 04:49:02,330 [pool-178-thread-1] INFO  server.RaftServerConfigKeys (ConfUtils.java:logGet(43)) - raft.server.snapshot.auto.trigger.threshold = 10000 (custom)
2019-09-20 04:49:02,330 [pool-178-thread-1] INFO  server.RaftServerConfigKeys (ConfUtils.java:logGet(43)) - raft.server.retrycache.expirytime = 600000ms (custom)
2019-09-20 04:49:02,330 [pool-178-thread-1] INFO  impl.RaftServerImpl (RaftServerImpl.java:start(180)) - bd1a845e-f2ed-4713-9516-9ccc20139040: start group-6DA10368C7E2
2019-09-20 04:49:02,331 [pool-178-thread-1] INFO  impl.RaftServerImpl (RaftServerImpl.java:setRole(171)) - bd1a845e-f2ed-4713-9516-9ccc20139040:group-6DA10368C7E2 changes role from null to FOLLOWER at term 0 for startAsFollower
2019-09-20 04:49:02,331 [pool-178-thread-1] INFO  impl.RoleInfo (RoleInfo.java:updateAndGet(143)) - bd1a845e-f2ed-4713-9516-9ccc20139040: start FollowerState
2019-09-20 04:49:02,331 [pool-178-thread-1] INFO  util.JmxRegister (JmxRegister.java:tryRegister(44)) - Successfully registered JMX Bean with object name Ratis:service=RaftServer,group=group-6DA10368C7E2,id=bd1a845e-f2ed-4713-9516-9ccc20139040
2019-09-20 04:49:02,334 [RatisPipelineUtilsThread] INFO  pipeline.PipelineStateManager (PipelineStateManager.java:addPipeline(56)) - Created pipeline Pipeline[ Id: 0a8b4f40-6dc4-45f7-876d-6da10368c7e2, Nodes: bd1a845e-f2ed-4713-9516-9ccc20139040{ip: 192.168.36.79, host: pr-hdds-1569-s8kj2-2266485376, networkLocation: /default-rack, certSerialId: null}, Type:RATIS, Factor:ONE, State:OPEN]
2019-09-20 04:49:02,334 [RatisPipelineUtilsThread] INFO  pipeline.PipelinePlacementPolicy (PipelinePlacementPolicy.java:meetCriteria(91)) - Pipeline Placement: Doesn't meet the criteria to be viable node： 236eed40-dd97-4fdc-a0ae-ab99685a426b Heaviness: 6 limit: 5
2019-09-20 04:49:02,334 [RatisPipelineUtilsThread] INFO  pipeline.PipelinePlacementPolicy (PipelinePlacementPolicy.java:meetCriteria(91)) - Pipeline Placement: Doesn't meet the criteria to be viable node： 3c2a6bfe-f5c5-4e23-89b0-850dab17697d Heaviness: 6 limit: 5
2019-09-20 04:49:02,335 [RatisPipelineUtilsThread] INFO  pipeline.PipelinePlacementPolicy (PipelinePlacementPolicy.java:meetCriteria(91)) - Pipeline Placement: Doesn't meet the criteria to be viable node： ba95d636-ac34-4b74-a102-dec8d0f377c6 Heaviness: 6 limit: 5
2019-09-20 04:49:02,335 [RatisPipelineUtilsThread] INFO  pipeline.PipelinePlacementPolicy (PipelinePlacementPolicy.java:meetCriteria(91)) - Pipeline Placement: Doesn't meet the criteria to be viable node： fdbc37f2-9e58-4bac-a5d5-a78839d012e9 Heaviness: 6 limit: 5
2019-09-20 04:49:02,335 [RatisPipelineUtilsThread] INFO  pipeline.PipelinePlacementPolicy (PipelinePlacementPolicy.java:meetCriteria(91)) - Pipeline Placement: Doesn't meet the criteria to be viable node： c4f6294c-eda3-4afd-81f7-e69ed14da69f Heaviness: 6 limit: 5
2019-09-20 04:49:02,347 [grpc-default-executor-0] INFO  impl.RaftServerProxy (RaftServerProxy.java:addNew(89)) - dba845b8-ea76-4e09-ab03-0883d354e493: addNew group-B5C4591E30FB:[dba845b8-ea76-4e09-ab03-0883d354e493:192.168.36.79:39392] returns group-B5C4591E30FB:java.util.concurrent.CompletableFuture@20285934[Not completed]
2019-09-20 04:49:02,348 [pool-189-thread-1] INFO  impl.RaftServerImpl (RaftServerImpl.java:<init>(93)) - dba845b8-ea76-4e09-ab03-0883d354e493: new RaftServerImpl for group-B5C4591E30FB:[dba845b8-ea76-4e09-ab03-0883d354e493:192.168.36.79:39392] with ContainerStateMachine:uninitialized
2019-09-20 04:49:02,348 [pool-189-thread-1] INFO  server.RaftServerConfigKeys (ConfUtils.java:logGet(43)) - raft.server.rpc.timeout.min = 5s (custom)
2019-09-20 04:49:02,348 [pool-189-thread-1] INFO  server.RaftServerConfigKeys (ConfUtils.java:logGet(43)) - raft.server.rpc.timeout.max = 5200ms (custom)
2019-09-20 04:49:02,348 [pool-189-thread-1] INFO  server.RaftServerConfigKeys (ConfUtils.java:logGet(43)) - raft.server.rpcslowness.timeout = 120s (custom)
2019-09-20 04:49:02,348 [pool-189-thread-1] INFO  server.RaftServerConfigKeys (ConfUtils.java:logGet(43)) - raft.server.sleep.deviation.threshold = 300 (default)
2019-09-20 04:49:02,349 [pool-189-thread-1] INFO  server.RaftServerConfigKeys (ConfUtils.java:logGet(43)) - raft.server.log.appender.install.snapshot.enabled = false (custom)
2019-09-20 04:49:02,349 [pool-189-thread-1] INFO  impl.RaftServerImpl (ServerState.java:<init>(105)) - dba845b8-ea76-4e09-ab03-0883d354e493:group-B5C4591E30FB ConfigurationManager, init=-1: [dba845b8-ea76-4e09-ab03-0883d354e493:192.168.36.79:39392], old=null, confs=<EMPTY_MAP>
2019-09-20 04:49:02,349 [pool-189-thread-1] INFO  server.RaftServerConfigKeys (ConfUtils.java:logGet(43)) - raft.server.storage.dir = [/workdir/hadoop-ozone/integration-test/target/test-dir/MiniOzoneClusterImpl-cd85f641-6806-455e-b969-480e50aec385/datanode-6/data/ratis] (custom)
2019-09-20 04:49:02,349 [pool-189-thread-1] INFO  storage.RaftStorageDirectory (RaftStorageDirectory.java:analyzeStorage(246)) - The storage directory /workdir/hadoop-ozone/integration-test/target/test-dir/MiniOzoneClusterImpl-cd85f641-6806-455e-b969-480e50aec385/datanode-6/data/ratis/91e28771-7cd2-4955-aa84-b5c4591e30fb does not exist. Creating ...
2019-09-20 04:49:02,364 [pool-189-thread-1] INFO  storage.RaftStorageDirectory (RaftStorageDirectory.java:tryLock(328)) - Lock on /workdir/hadoop-ozone/integration-test/target/test-dir/MiniOzoneClusterImpl-cd85f641-6806-455e-b969-480e50aec385/datanode-6/data/ratis/91e28771-7cd2-4955-aa84-b5c4591e30fb/in_use.lock acquired by nodename 9457@pr-hdds-1569-s8kj2-2266485376
2019-09-20 04:49:02,388 [pool-189-thread-1] INFO  storage.RaftStorage (RaftStorage.java:format(72)) - Storage directory /workdir/hadoop-ozone/integration-test/target/test-dir/MiniOzoneClusterImpl-cd85f641-6806-455e-b969-480e50aec385/datanode-6/data/ratis/91e28771-7cd2-4955-aa84-b5c4591e30fb has been successfully formatted.
2019-09-20 04:49:02,388 [pool-189-thread-1] INFO  ratis.ContainerStateMachine (ContainerStateMachine.java:loadSnapshot(226)) - group-B5C4591E30FB: The snapshot info is null. Setting the last applied indexto:(t:0, i:~)
2019-09-20 04:49:02,389 [pool-189-thread-1] INFO  server.RaftServerConfigKeys (ConfUtils.java:logGet(43)) - raft.server.leader.election.timeout = 120s (custom)
2019-09-20 04:49:02,389 [pool-189-thread-1] INFO  server.RaftServerConfigKeys (ConfUtils.java:logGet(43)) - raft.server.log.use.memory = false (default)
2019-09-20 04:49:02,389 [pool-189-thread-1] INFO  server.RaftServerConfigKeys (ConfUtils.java:logGet(43)) - raft.server.log.purge.gap = 1000000 (custom)
2019-09-20 04:49:02,389 [pool-189-thread-1] INFO  server.RaftServerConfigKeys (ConfUtils.java:logGet(43)) - raft.server.log.appender.buffer.byte-limit = 33554432 (custom)
2019-09-20 04:49:02,389 [pool-189-thread-1] INFO  server.RaftServerConfigKeys (ConfUtils.java:logGet(43)) - raft.server.log.segment.size.max = 1048576 (custom)
2019-09-20 04:49:02,389 [pool-189-thread-1] INFO  server.RaftServerConfigKeys (ConfUtils.java:logGet(43)) - raft.server.log.segment.cache.num.max = 2 (custom)
2019-09-20 04:49:02,389 [pool-189-thread-1] INFO  segmented.SegmentedRaftLogWorker (SegmentedRaftLogWorker.java:<init>(172)) - new dba845b8-ea76-4e09-ab03-0883d354e493-SegmentedRaftLogWorker:Storage Directory /workdir/hadoop-ozone/integration-test/target/test-dir/MiniOzoneClusterImpl-cd85f641-6806-455e-b969-480e50aec385/datanode-6/data/ratis/91e28771-7cd2-4955-aa84-b5c4591e30fb for RaftStorage:Storage Directory /workdir/hadoop-ozone/integration-test/target/test-dir/MiniOzoneClusterImpl-cd85f641-6806-455e-b969-480e50aec385/datanode-6/data/ratis/91e28771-7cd2-4955-aa84-b5c4591e30fb
2019-09-20 04:49:02,389 [pool-189-thread-1] INFO  server.RaftServerConfigKeys (ConfUtils.java:logGet(43)) - raft.server.log.queue.byte-limit = 2147483647 (custom)
2019-09-20 04:49:02,390 [pool-189-thread-1] INFO  server.RaftServerConfigKeys (ConfUtils.java:logGet(43)) - raft.server.log.queue.element-limit = 1024 (custom)
2019-09-20 04:49:02,390 [pool-189-thread-1] INFO  server.RaftServerConfigKeys (ConfUtils.java:logGet(43)) - raft.server.log.segment.size.max = 1048576 (custom)
2019-09-20 04:49:02,390 [pool-189-thread-1] INFO  server.RaftServerConfigKeys (ConfUtils.java:logGet(43)) - raft.server.log.preallocated.size = 16384 (custom)
2019-09-20 04:49:02,390 [pool-189-thread-1] INFO  server.RaftServerConfigKeys (ConfUtils.java:logGet(43)) - raft.server.log.write.buffer.size = 33554432 (custom)
2019-09-20 04:49:02,390 [pool-189-thread-1] INFO  server.RaftServerConfigKeys (ConfUtils.java:logGet(43)) - raft.server.log.force.sync.num = 128 (default)
2019-09-20 04:49:02,390 [pool-189-thread-1] INFO  server.RaftServerConfigKeys (ConfUtils.java:logGet(43)) - raft.server.log.statemachine.data.sync = true (default)
2019-09-20 04:49:02,390 [pool-189-thread-1] INFO  server.RaftServerConfigKeys (ConfUtils.java:logGet(43)) - raft.server.log.statemachine.data.sync.timeout = 10s (default)
2019-09-20 04:49:02,390 [pool-189-thread-1] INFO  server.RaftServerConfigKeys (ConfUtils.java:logGet(43)) - raft.server.log.statemachine.data.sync.timeout.retry = -1 (default)
2019-09-20 04:49:02,391 [pool-189-thread-1] INFO  server.RaftServerConfigKeys (ConfUtils.java:logGet(43)) - raft.server.log.statemachine.data.caching.enabled = true (custom)
2019-09-20 04:49:02,391 [pool-189-thread-1] INFO  segmented.SegmentedRaftLogWorker (SegmentedRaftLogWorker.java:lambda$new$0(132)) - dba845b8-ea76-4e09-ab03-0883d354e493-SegmentedRaftLogWorker:Storage Directory /workdir/hadoop-ozone/integration-test/target/test-dir/MiniOzoneClusterImpl-cd85f641-6806-455e-b969-480e50aec385/datanode-6/data/ratis/91e28771-7cd2-4955-aa84-b5c4591e30fb: flushIndex: setUnconditionally 0 -> -1
2019-09-20 04:49:02,391 [pool-189-thread-1] INFO  server.RaftServerConfigKeys (ConfUtils.java:logGet(43)) - raft.server.snapshot.auto.trigger.enabled = true (custom)
2019-09-20 04:49:02,391 [pool-189-thread-1] INFO  server.RaftServerConfigKeys (ConfUtils.java:logGet(43)) - raft.server.snapshot.auto.trigger.threshold = 10000 (custom)
2019-09-20 04:49:02,392 [pool-189-thread-1] INFO  server.RaftServerConfigKeys (ConfUtils.java:logGet(43)) - raft.server.retrycache.expirytime = 600000ms (custom)
2019-09-20 04:49:02,392 [pool-189-thread-1] INFO  impl.RaftServerImpl (RaftServerImpl.java:start(180)) - dba845b8-ea76-4e09-ab03-0883d354e493: start group-B5C4591E30FB
2019-09-20 04:49:02,392 [pool-189-thread-1] INFO  impl.RaftServerImpl (RaftServerImpl.java:setRole(171)) - dba845b8-ea76-4e09-ab03-0883d354e493:group-B5C4591E30FB changes role from null to FOLLOWER at term 0 for startAsFollower
2019-09-20 04:49:02,392 [pool-189-thread-1] INFO  impl.RoleInfo (RoleInfo.java:updateAndGet(143)) - dba845b8-ea76-4e09-ab03-0883d354e493: start FollowerState
2019-09-20 04:49:02,392 [pool-189-thread-1] INFO  util.JmxRegister (JmxRegister.java:tryRegister(44)) - Successfully registered JMX Bean with object name Ratis:service=RaftServer,group=group-B5C4591E30FB,id=dba845b8-ea76-4e09-ab03-0883d354e493
2019-09-20 04:49:02,506 [main] INFO  ozone.MiniOzoneClusterImpl (MiniOzoneClusterImpl.java:lambda$waitForClusterToBeReady$0(142)) - Cluster is ready. Got 7 of 7 DN Heartbeats.
2019-09-20 04:49:02,507 | INFO  | SCMAudit | user=jenkins1000 | ip=192.168.36.79 | op=SEND_HEARTBEAT {datanodeUUID=c4f6294c-eda3-4afd-81f7-e69ed14da69f, command=[]} | ret=SUCCESS |  
2019-09-20 04:49:02,509 [RatisPipelineUtilsThread] INFO  pipeline.PipelineStateManager (PipelineStateManager.java:addPipeline(56)) - Created pipeline Pipeline[ Id: 91e28771-7cd2-4955-aa84-b5c4591e30fb, Nodes: dba845b8-ea76-4e09-ab03-0883d354e493{ip: 192.168.36.79, host: pr-hdds-1569-s8kj2-2266485376, networkLocation: /default-rack, certSerialId: null}, Type:RATIS, Factor:ONE, State:OPEN]
2019-09-20 04:49:02,518 [RatisPipelineUtilsThread] INFO  pipeline.PipelinePlacementPolicy (PipelinePlacementPolicy.java:meetCriteria(91)) - Pipeline Placement: Doesn't meet the criteria to be viable node： 236eed40-dd97-4fdc-a0ae-ab99685a426b Heaviness: 6 limit: 5
2019-09-20 04:49:02,518 [RatisPipelineUtilsThread] INFO  pipeline.PipelinePlacementPolicy (PipelinePlacementPolicy.java:meetCriteria(91)) - Pipeline Placement: Doesn't meet the criteria to be viable node： 3c2a6bfe-f5c5-4e23-89b0-850dab17697d Heaviness: 6 limit: 5
2019-09-20 04:49:02,519 [RatisPipelineUtilsThread] INFO  pipeline.PipelinePlacementPolicy (PipelinePlacementPolicy.java:meetCriteria(91)) - Pipeline Placement: Doesn't meet the criteria to be viable node： ba95d636-ac34-4b74-a102-dec8d0f377c6 Heaviness: 6 limit: 5
2019-09-20 04:49:02,519 [RatisPipelineUtilsThread] INFO  pipeline.PipelinePlacementPolicy (PipelinePlacementPolicy.java:meetCriteria(91)) - Pipeline Placement: Doesn't meet the criteria to be viable node： fdbc37f2-9e58-4bac-a5d5-a78839d012e9 Heaviness: 6 limit: 5
2019-09-20 04:49:02,519 [RatisPipelineUtilsThread] INFO  pipeline.PipelinePlacementPolicy (PipelinePlacementPolicy.java:meetCriteria(91)) - Pipeline Placement: Doesn't meet the criteria to be viable node： c4f6294c-eda3-4afd-81f7-e69ed14da69f Heaviness: 6 limit: 5
2019-09-20 04:49:02,562 [main] INFO  rpc.RpcClient (RpcClient.java:createVolume(293)) - Creating Volume: watchforcommithandlingtest, with jenkins1000 as owner.
2019-09-20 04:49:02,562 [grpc-default-executor-0] INFO  impl.RaftServerProxy (RaftServerProxy.java:addNew(89)) - dba845b8-ea76-4e09-ab03-0883d354e493: addNew group-70B1A3DC31DA:[dba845b8-ea76-4e09-ab03-0883d354e493:192.168.36.79:39392] returns group-70B1A3DC31DA:java.util.concurrent.CompletableFuture@90c656a[Not completed]
2019-09-20 04:49:02,563 [pool-189-thread-1] INFO  impl.RaftServerImpl (RaftServerImpl.java:<init>(93)) - dba845b8-ea76-4e09-ab03-0883d354e493: new RaftServerImpl for group-70B1A3DC31DA:[dba845b8-ea76-4e09-ab03-0883d354e493:192.168.36.79:39392] with ContainerStateMachine:uninitialized
2019-09-20 04:49:02,563 [pool-189-thread-1] INFO  server.RaftServerConfigKeys (ConfUtils.java:logGet(43)) - raft.server.rpc.timeout.min = 5s (custom)
2019-09-20 04:49:02,563 [pool-189-thread-1] INFO  server.RaftServerConfigKeys (ConfUtils.java:logGet(43)) - raft.server.rpc.timeout.max = 5200ms (custom)
2019-09-20 04:49:02,563 [pool-189-thread-1] INFO  server.RaftServerConfigKeys (ConfUtils.java:logGet(43)) - raft.server.rpcslowness.timeout = 120s (custom)
2019-09-20 04:49:02,564 [pool-189-thread-1] INFO  server.RaftServerConfigKeys (ConfUtils.java:logGet(43)) - raft.server.sleep.deviation.threshold = 300 (default)
2019-09-20 04:49:02,564 [pool-189-thread-1] INFO  server.RaftServerConfigKeys (ConfUtils.java:logGet(43)) - raft.server.log.appender.install.snapshot.enabled = false (custom)
2019-09-20 04:49:02,564 | INFO  | OMAudit | user=jenkins1000 | ip=127.0.0.1 | op=CREATE_VOLUME {admin=jenkins1000, owner=jenkins1000, volume=watchforcommithandlingtest, creationTime=1568954942563, quotaInBytes=1152921504606846976} | ret=SUCCESS |  
2019-09-20 04:49:02,564 [pool-189-thread-1] INFO  impl.RaftServerImpl (ServerState.java:<init>(105)) - dba845b8-ea76-4e09-ab03-0883d354e493:group-70B1A3DC31DA ConfigurationManager, init=-1: [dba845b8-ea76-4e09-ab03-0883d354e493:192.168.36.79:39392], old=null, confs=<EMPTY_MAP>
2019-09-20 04:49:02,564 [pool-189-thread-1] INFO  server.RaftServerConfigKeys (ConfUtils.java:logGet(43)) - raft.server.storage.dir = [/workdir/hadoop-ozone/integration-test/target/test-dir/MiniOzoneClusterImpl-cd85f641-6806-455e-b969-480e50aec385/datanode-6/data/ratis] (custom)
2019-09-20 04:49:02,567 [pool-189-thread-1] INFO  storage.RaftStorageDirectory (RaftStorageDirectory.java:analyzeStorage(246)) - The storage directory /workdir/hadoop-ozone/integration-test/target/test-dir/MiniOzoneClusterImpl-cd85f641-6806-455e-b969-480e50aec385/datanode-6/data/ratis/b6278fde-a18a-4a63-9480-70b1a3dc31da does not exist. Creating ...
2019-09-20 04:49:02,577 | INFO  | OMAudit | user=jenkins1000 | ip=127.0.0.1 | op=READ_VOLUME {volume=watchforcommithandlingtest} | ret=SUCCESS |  
2019-09-20 04:49:02,578 [main] INFO  rpc.RpcClient (RpcClient.java:createBucket(432)) - Creating Bucket: watchforcommithandlingtest/watchforcommithandlingtest, with Versioning false and Storage Type set to DISK and Encryption set to false 
2019-09-20 04:49:02,590 | INFO  | OMAudit | user=jenkins1000 | ip=127.0.0.1 | op=CREATE_BUCKET {volume=watchforcommithandlingtest, bucket=watchforcommithandlingtest, acls=[user:jenkins1000:a[ACCESS], group:default:a[ACCESS]], isVersionEnabled=false, storageType=DISK, creationTime=0} | ret=SUCCESS |  
2019-09-20 04:49:02,591 [pool-189-thread-1] INFO  storage.RaftStorageDirectory (RaftStorageDirectory.java:tryLock(328)) - Lock on /workdir/hadoop-ozone/integration-test/target/test-dir/MiniOzoneClusterImpl-cd85f641-6806-455e-b969-480e50aec385/datanode-6/data/ratis/b6278fde-a18a-4a63-9480-70b1a3dc31da/in_use.lock acquired by nodename 9457@pr-hdds-1569-s8kj2-2266485376
2019-09-20 04:49:02,591 [main] INFO  ozone.MiniOzoneClusterImpl (MiniOzoneClusterImpl.java:getStorageContainerLocationClient(241)) - Creating StorageContainerLocationProtocol RPC client with address /0.0.0.0:46814
2019-09-20 04:49:02,607 [pool-189-thread-1] INFO  storage.RaftStorage (RaftStorage.java:format(72)) - Storage directory /workdir/hadoop-ozone/integration-test/target/test-dir/MiniOzoneClusterImpl-cd85f641-6806-455e-b969-480e50aec385/datanode-6/data/ratis/b6278fde-a18a-4a63-9480-70b1a3dc31da has been successfully formatted.
2019-09-20 04:49:02,608 [pool-189-thread-1] INFO  ratis.ContainerStateMachine (ContainerStateMachine.java:loadSnapshot(226)) - group-70B1A3DC31DA: The snapshot info is null. Setting the last applied indexto:(t:0, i:~)
2019-09-20 04:49:02,608 [pool-189-thread-1] INFO  server.RaftServerConfigKeys (ConfUtils.java:logGet(43)) - raft.server.leader.election.timeout = 120s (custom)
2019-09-20 04:49:02,608 [pool-189-thread-1] INFO  server.RaftServerConfigKeys (ConfUtils.java:logGet(43)) - raft.server.log.use.memory = false (default)
2019-09-20 04:49:02,608 [pool-189-thread-1] INFO  server.RaftServerConfigKeys (ConfUtils.java:logGet(43)) - raft.server.log.purge.gap = 1000000 (custom)
2019-09-20 04:49:02,608 [pool-189-thread-1] INFO  server.RaftServerConfigKeys (ConfUtils.java:logGet(43)) - raft.server.log.appender.buffer.byte-limit = 33554432 (custom)
2019-09-20 04:49:02,608 [pool-189-thread-1] INFO  server.RaftServerConfigKeys (ConfUtils.java:logGet(43)) - raft.server.log.segment.size.max = 1048576 (custom)
2019-09-20 04:49:02,609 [pool-189-thread-1] INFO  server.RaftServerConfigKeys (ConfUtils.java:logGet(43)) - raft.server.log.segment.cache.num.max = 2 (custom)
2019-09-20 04:49:02,609 [pool-189-thread-1] INFO  segmented.SegmentedRaftLogWorker (SegmentedRaftLogWorker.java:<init>(172)) - new dba845b8-ea76-4e09-ab03-0883d354e493-SegmentedRaftLogWorker:Storage Directory /workdir/hadoop-ozone/integration-test/target/test-dir/MiniOzoneClusterImpl-cd85f641-6806-455e-b969-480e50aec385/datanode-6/data/ratis/b6278fde-a18a-4a63-9480-70b1a3dc31da for RaftStorage:Storage Directory /workdir/hadoop-ozone/integration-test/target/test-dir/MiniOzoneClusterImpl-cd85f641-6806-455e-b969-480e50aec385/datanode-6/data/ratis/b6278fde-a18a-4a63-9480-70b1a3dc31da
2019-09-20 04:49:02,609 [pool-189-thread-1] INFO  server.RaftServerConfigKeys (ConfUtils.java:logGet(43)) - raft.server.log.queue.byte-limit = 2147483647 (custom)
2019-09-20 04:49:02,609 [pool-189-thread-1] INFO  server.RaftServerConfigKeys (ConfUtils.java:logGet(43)) - raft.server.log.queue.element-limit = 1024 (custom)
2019-09-20 04:49:02,609 [pool-189-thread-1] INFO  server.RaftServerConfigKeys (ConfUtils.java:logGet(43)) - raft.server.log.segment.size.max = 1048576 (custom)
2019-09-20 04:49:02,609 [pool-189-thread-1] INFO  server.RaftServerConfigKeys (ConfUtils.java:logGet(43)) - raft.server.log.preallocated.size = 16384 (custom)
2019-09-20 04:49:02,609 [pool-189-thread-1] INFO  server.RaftServerConfigKeys (ConfUtils.java:logGet(43)) - raft.server.log.write.buffer.size = 33554432 (custom)
2019-09-20 04:49:02,610 [pool-189-thread-1] INFO  server.RaftServerConfigKeys (ConfUtils.java:logGet(43)) - raft.server.log.force.sync.num = 128 (default)
2019-09-20 04:49:02,610 [pool-189-thread-1] INFO  server.RaftServerConfigKeys (ConfUtils.java:logGet(43)) - raft.server.log.statemachine.data.sync = true (default)
2019-09-20 04:49:02,610 [pool-189-thread-1] INFO  server.RaftServerConfigKeys (ConfUtils.java:logGet(43)) - raft.server.log.statemachine.data.sync.timeout = 10s (default)
2019-09-20 04:49:02,610 [pool-189-thread-1] INFO  server.RaftServerConfigKeys (ConfUtils.java:logGet(43)) - raft.server.log.statemachine.data.sync.timeout.retry = -1 (default)
2019-09-20 04:49:02,610 [pool-189-thread-1] INFO  server.RaftServerConfigKeys (ConfUtils.java:logGet(43)) - raft.server.log.statemachine.data.caching.enabled = true (custom)
2019-09-20 04:49:02,610 [pool-189-thread-1] INFO  segmented.SegmentedRaftLogWorker (SegmentedRaftLogWorker.java:lambda$new$0(132)) - dba845b8-ea76-4e09-ab03-0883d354e493-SegmentedRaftLogWorker:Storage Directory /workdir/hadoop-ozone/integration-test/target/test-dir/MiniOzoneClusterImpl-cd85f641-6806-455e-b969-480e50aec385/datanode-6/data/ratis/b6278fde-a18a-4a63-9480-70b1a3dc31da: flushIndex: setUnconditionally 0 -> -1
2019-09-20 04:49:02,611 [pool-189-thread-1] INFO  server.RaftServerConfigKeys (ConfUtils.java:logGet(43)) - raft.server.snapshot.auto.trigger.enabled = true (custom)
2019-09-20 04:49:02,611 [pool-189-thread-1] INFO  server.RaftServerConfigKeys (ConfUtils.java:logGet(43)) - raft.server.snapshot.auto.trigger.threshold = 10000 (custom)
2019-09-20 04:49:02,611 [pool-189-thread-1] INFO  server.RaftServerConfigKeys (ConfUtils.java:logGet(43)) - raft.server.retrycache.expirytime = 600000ms (custom)
2019-09-20 04:49:02,611 [pool-189-thread-1] INFO  impl.RaftServerImpl (RaftServerImpl.java:start(180)) - dba845b8-ea76-4e09-ab03-0883d354e493: start group-70B1A3DC31DA
2019-09-20 04:49:02,612 [pool-189-thread-1] INFO  impl.RaftServerImpl (RaftServerImpl.java:setRole(171)) - dba845b8-ea76-4e09-ab03-0883d354e493:group-70B1A3DC31DA changes role from null to FOLLOWER at term 0 for startAsFollower
2019-09-20 04:49:02,612 [pool-189-thread-1] INFO  impl.RoleInfo (RoleInfo.java:updateAndGet(143)) - dba845b8-ea76-4e09-ab03-0883d354e493: start FollowerState
2019-09-20 04:49:02,612 [pool-189-thread-1] INFO  util.JmxRegister (JmxRegister.java:tryRegister(44)) - Successfully registered JMX Bean with object name Ratis:service=RaftServer,group=group-70B1A3DC31DA,id=dba845b8-ea76-4e09-ab03-0883d354e493
2019-09-20 04:49:02,614 [RatisPipelineUtilsThread] INFO  pipeline.PipelineStateManager (PipelineStateManager.java:addPipeline(56)) - Created pipeline Pipeline[ Id: b6278fde-a18a-4a63-9480-70b1a3dc31da, Nodes: dba845b8-ea76-4e09-ab03-0883d354e493{ip: 192.168.36.79, host: pr-hdds-1569-s8kj2-2266485376, networkLocation: /default-rack, certSerialId: null}, Type:RATIS, Factor:ONE, State:OPEN]
2019-09-20 04:49:02,615 [RatisPipelineUtilsThread] INFO  pipeline.PipelinePlacementPolicy (PipelinePlacementPolicy.java:meetCriteria(91)) - Pipeline Placement: Doesn't meet the criteria to be viable node： 236eed40-dd97-4fdc-a0ae-ab99685a426b Heaviness: 6 limit: 5
2019-09-20 04:49:02,615 [RatisPipelineUtilsThread] INFO  pipeline.PipelinePlacementPolicy (PipelinePlacementPolicy.java:meetCriteria(91)) - Pipeline Placement: Doesn't meet the criteria to be viable node： 3c2a6bfe-f5c5-4e23-89b0-850dab17697d Heaviness: 6 limit: 5
2019-09-20 04:49:02,615 [RatisPipelineUtilsThread] INFO  pipeline.PipelinePlacementPolicy (PipelinePlacementPolicy.java:meetCriteria(91)) - Pipeline Placement: Doesn't meet the criteria to be viable node： ba95d636-ac34-4b74-a102-dec8d0f377c6 Heaviness: 6 limit: 5
2019-09-20 04:49:02,615 [RatisPipelineUtilsThread] INFO  pipeline.PipelinePlacementPolicy (PipelinePlacementPolicy.java:meetCriteria(91)) - Pipeline Placement: Doesn't meet the criteria to be viable node： fdbc37f2-9e58-4bac-a5d5-a78839d012e9 Heaviness: 6 limit: 5
2019-09-20 04:49:02,615 [RatisPipelineUtilsThread] INFO  pipeline.PipelinePlacementPolicy (PipelinePlacementPolicy.java:meetCriteria(91)) - Pipeline Placement: Doesn't meet the criteria to be viable node： c4f6294c-eda3-4afd-81f7-e69ed14da69f Heaviness: 6 limit: 5
2019-09-20 04:49:02,620 [grpc-default-executor-0] INFO  impl.RaftServerProxy (RaftServerProxy.java:addNew(89)) - bd1a845e-f2ed-4713-9516-9ccc20139040: addNew group-FC8F2E007A42:[bd1a845e-f2ed-4713-9516-9ccc20139040:192.168.36.79:45373] returns group-FC8F2E007A42:java.util.concurrent.CompletableFuture@12c398f9[Not completed]
2019-09-20 04:49:02,621 [pool-178-thread-1] INFO  impl.RaftServerImpl (RaftServerImpl.java:<init>(93)) - bd1a845e-f2ed-4713-9516-9ccc20139040: new RaftServerImpl for group-FC8F2E007A42:[bd1a845e-f2ed-4713-9516-9ccc20139040:192.168.36.79:45373] with ContainerStateMachine:uninitialized
2019-09-20 04:49:02,622 [pool-178-thread-1] INFO  server.RaftServerConfigKeys (ConfUtils.java:logGet(43)) - raft.server.rpc.timeout.min = 5s (custom)
2019-09-20 04:49:02,622 [pool-178-thread-1] INFO  server.RaftServerConfigKeys (ConfUtils.java:logGet(43)) - raft.server.rpc.timeout.max = 5200ms (custom)
2019-09-20 04:49:02,622 [pool-178-thread-1] INFO  server.RaftServerConfigKeys (ConfUtils.java:logGet(43)) - raft.server.rpcslowness.timeout = 120s (custom)
2019-09-20 04:49:02,622 [pool-178-thread-1] INFO  server.RaftServerConfigKeys (ConfUtils.java:logGet(43)) - raft.server.sleep.deviation.threshold = 300 (default)
2019-09-20 04:49:02,622 [pool-178-thread-1] INFO  server.RaftServerConfigKeys (ConfUtils.java:logGet(43)) - raft.server.log.appender.install.snapshot.enabled = false (custom)
2019-09-20 04:49:02,622 [pool-178-thread-1] INFO  impl.RaftServerImpl (ServerState.java:<init>(105)) - bd1a845e-f2ed-4713-9516-9ccc20139040:group-FC8F2E007A42 ConfigurationManager, init=-1: [bd1a845e-f2ed-4713-9516-9ccc20139040:192.168.36.79:45373], old=null, confs=<EMPTY_MAP>
2019-09-20 04:49:02,622 [pool-178-thread-1] INFO  server.RaftServerConfigKeys (ConfUtils.java:logGet(43)) - raft.server.storage.dir = [/workdir/hadoop-ozone/integration-test/target/test-dir/MiniOzoneClusterImpl-cd85f641-6806-455e-b969-480e50aec385/datanode-5/data/ratis] (custom)
2019-09-20 04:49:02,623 [pool-178-thread-1] INFO  storage.RaftStorageDirectory (RaftStorageDirectory.java:analyzeStorage(246)) - The storage directory /workdir/hadoop-ozone/integration-test/target/test-dir/MiniOzoneClusterImpl-cd85f641-6806-455e-b969-480e50aec385/datanode-5/data/ratis/83ca4007-5456-4e7f-b31d-fc8f2e007a42 does not exist. Creating ...
2019-09-20 04:49:02,654 [pool-178-thread-1] INFO  storage.RaftStorageDirectory (RaftStorageDirectory.java:tryLock(328)) - Lock on /workdir/hadoop-ozone/integration-test/target/test-dir/MiniOzoneClusterImpl-cd85f641-6806-455e-b969-480e50aec385/datanode-5/data/ratis/83ca4007-5456-4e7f-b31d-fc8f2e007a42/in_use.lock acquired by nodename 9457@pr-hdds-1569-s8kj2-2266485376
2019-09-20 04:49:02,658 | INFO  | SCMAudit | user=jenkins1000 | ip=192.168.36.79 | op=SEND_HEARTBEAT {datanodeUUID=2d6465ef-cffa-473a-a4c6-a9aa3f1a26c0, command=[]} | ret=SUCCESS |  
2019-09-20 04:49:02,659 | INFO  | SCMAudit | user=jenkins1000 | ip=192.168.36.79 | op=SEND_HEARTBEAT {datanodeUUID=2702b462-69d8-4c1b-aae1-091a21fe08b8, command=[]} | ret=SUCCESS |  
2019-09-20 04:49:02,692 [pool-178-thread-1] INFO  storage.RaftStorage (RaftStorage.java:format(72)) - Storage directory /workdir/hadoop-ozone/integration-test/target/test-dir/MiniOzoneClusterImpl-cd85f641-6806-455e-b969-480e50aec385/datanode-5/data/ratis/83ca4007-5456-4e7f-b31d-fc8f2e007a42 has been successfully formatted.
2019-09-20 04:49:02,693 [pool-178-thread-1] INFO  ratis.ContainerStateMachine (ContainerStateMachine.java:loadSnapshot(226)) - group-FC8F2E007A42: The snapshot info is null. Setting the last applied indexto:(t:0, i:~)
2019-09-20 04:49:02,693 [pool-178-thread-1] INFO  server.RaftServerConfigKeys (ConfUtils.java:logGet(43)) - raft.server.leader.election.timeout = 120s (custom)
2019-09-20 04:49:02,693 [pool-178-thread-1] INFO  server.RaftServerConfigKeys (ConfUtils.java:logGet(43)) - raft.server.log.use.memory = false (default)
2019-09-20 04:49:02,693 [pool-178-thread-1] INFO  server.RaftServerConfigKeys (ConfUtils.java:logGet(43)) - raft.server.log.purge.gap = 1000000 (custom)
2019-09-20 04:49:02,693 [pool-178-thread-1] INFO  server.RaftServerConfigKeys (ConfUtils.java:logGet(43)) - raft.server.log.appender.buffer.byte-limit = 33554432 (custom)
2019-09-20 04:49:02,694 [pool-178-thread-1] INFO  server.RaftServerConfigKeys (ConfUtils.java:logGet(43)) - raft.server.log.segment.size.max = 1048576 (custom)
2019-09-20 04:49:02,694 [pool-178-thread-1] INFO  server.RaftServerConfigKeys (ConfUtils.java:logGet(43)) - raft.server.log.segment.cache.num.max = 2 (custom)
2019-09-20 04:49:02,694 [pool-178-thread-1] INFO  segmented.SegmentedRaftLogWorker (SegmentedRaftLogWorker.java:<init>(172)) - new bd1a845e-f2ed-4713-9516-9ccc20139040-SegmentedRaftLogWorker:Storage Directory /workdir/hadoop-ozone/integration-test/target/test-dir/MiniOzoneClusterImpl-cd85f641-6806-455e-b969-480e50aec385/datanode-5/data/ratis/83ca4007-5456-4e7f-b31d-fc8f2e007a42 for RaftStorage:Storage Directory /workdir/hadoop-ozone/integration-test/target/test-dir/MiniOzoneClusterImpl-cd85f641-6806-455e-b969-480e50aec385/datanode-5/data/ratis/83ca4007-5456-4e7f-b31d-fc8f2e007a42
2019-09-20 04:49:02,694 [pool-178-thread-1] INFO  server.RaftServerConfigKeys (ConfUtils.java:logGet(43)) - raft.server.log.queue.byte-limit = 2147483647 (custom)
2019-09-20 04:49:02,694 [pool-178-thread-1] INFO  server.RaftServerConfigKeys (ConfUtils.java:logGet(43)) - raft.server.log.queue.element-limit = 1024 (custom)
2019-09-20 04:49:02,694 [pool-178-thread-1] INFO  server.RaftServerConfigKeys (ConfUtils.java:logGet(43)) - raft.server.log.segment.size.max = 1048576 (custom)
2019-09-20 04:49:02,695 [pool-178-thread-1] INFO  server.RaftServerConfigKeys (ConfUtils.java:logGet(43)) - raft.server.log.preallocated.size = 16384 (custom)
2019-09-20 04:49:02,695 [pool-178-thread-1] INFO  server.RaftServerConfigKeys (ConfUtils.java:logGet(43)) - raft.server.log.write.buffer.size = 33554432 (custom)
2019-09-20 04:49:02,695 [pool-178-thread-1] INFO  server.RaftServerConfigKeys (ConfUtils.java:logGet(43)) - raft.server.log.force.sync.num = 128 (default)
2019-09-20 04:49:02,695 [pool-178-thread-1] INFO  server.RaftServerConfigKeys (ConfUtils.java:logGet(43)) - raft.server.log.statemachine.data.sync = true (default)
2019-09-20 04:49:02,695 [pool-178-thread-1] INFO  server.RaftServerConfigKeys (ConfUtils.java:logGet(43)) - raft.server.log.statemachine.data.sync.timeout = 10s (default)
2019-09-20 04:49:02,695 [pool-178-thread-1] INFO  server.RaftServerConfigKeys (ConfUtils.java:logGet(43)) - raft.server.log.statemachine.data.sync.timeout.retry = -1 (default)
2019-09-20 04:49:02,696 [pool-178-thread-1] INFO  server.RaftServerConfigKeys (ConfUtils.java:logGet(43)) - raft.server.log.statemachine.data.caching.enabled = true (custom)
2019-09-20 04:49:02,696 [pool-178-thread-1] INFO  segmented.SegmentedRaftLogWorker (SegmentedRaftLogWorker.java:lambda$new$0(132)) - bd1a845e-f2ed-4713-9516-9ccc20139040-SegmentedRaftLogWorker:Storage Directory /workdir/hadoop-ozone/integration-test/target/test-dir/MiniOzoneClusterImpl-cd85f641-6806-455e-b969-480e50aec385/datanode-5/data/ratis/83ca4007-5456-4e7f-b31d-fc8f2e007a42: flushIndex: setUnconditionally 0 -> -1
2019-09-20 04:49:02,696 [pool-178-thread-1] INFO  server.RaftServerConfigKeys (ConfUtils.java:logGet(43)) - raft.server.snapshot.auto.trigger.enabled = true (custom)
2019-09-20 04:49:02,697 [pool-178-thread-1] INFO  server.RaftServerConfigKeys (ConfUtils.java:logGet(43)) - raft.server.snapshot.auto.trigger.threshold = 10000 (custom)
2019-09-20 04:49:02,697 [pool-178-thread-1] INFO  server.RaftServerConfigKeys (ConfUtils.java:logGet(43)) - raft.server.retrycache.expirytime = 600000ms (custom)
2019-09-20 04:49:02,697 [pool-178-thread-1] INFO  impl.RaftServerImpl (RaftServerImpl.java:start(180)) - bd1a845e-f2ed-4713-9516-9ccc20139040: start group-FC8F2E007A42
2019-09-20 04:49:02,697 [pool-178-thread-1] INFO  impl.RaftServerImpl (RaftServerImpl.java:setRole(171)) - bd1a845e-f2ed-4713-9516-9ccc20139040:group-FC8F2E007A42 changes role from null to FOLLOWER at term 0 for startAsFollower
2019-09-20 04:49:02,697 [pool-178-thread-1] INFO  impl.RoleInfo (RoleInfo.java:updateAndGet(143)) - bd1a845e-f2ed-4713-9516-9ccc20139040: start FollowerState
2019-09-20 04:49:02,698 [pool-178-thread-1] INFO  util.JmxRegister (JmxRegister.java:tryRegister(44)) - Successfully registered JMX Bean with object name Ratis:service=RaftServer,group=group-FC8F2E007A42,id=bd1a845e-f2ed-4713-9516-9ccc20139040
2019-09-20 04:49:02,701 [RatisPipelineUtilsThread] INFO  pipeline.PipelineStateManager (PipelineStateManager.java:addPipeline(56)) - Created pipeline Pipeline[ Id: 83ca4007-5456-4e7f-b31d-fc8f2e007a42, Nodes: bd1a845e-f2ed-4713-9516-9ccc20139040{ip: 192.168.36.79, host: pr-hdds-1569-s8kj2-2266485376, networkLocation: /default-rack, certSerialId: null}, Type:RATIS, Factor:ONE, State:OPEN]
2019-09-20 04:49:02,701 [RatisPipelineUtilsThread] INFO  pipeline.PipelinePlacementPolicy (PipelinePlacementPolicy.java:meetCriteria(91)) - Pipeline Placement: Doesn't meet the criteria to be viable node： 236eed40-dd97-4fdc-a0ae-ab99685a426b Heaviness: 6 limit: 5
2019-09-20 04:49:02,701 [RatisPipelineUtilsThread] INFO  pipeline.PipelinePlacementPolicy (PipelinePlacementPolicy.java:meetCriteria(91)) - Pipeline Placement: Doesn't meet the criteria to be viable node： 3c2a6bfe-f5c5-4e23-89b0-850dab17697d Heaviness: 6 limit: 5
2019-09-20 04:49:02,701 [RatisPipelineUtilsThread] INFO  pipeline.PipelinePlacementPolicy (PipelinePlacementPolicy.java:meetCriteria(91)) - Pipeline Placement: Doesn't meet the criteria to be viable node： ba95d636-ac34-4b74-a102-dec8d0f377c6 Heaviness: 6 limit: 5
2019-09-20 04:49:02,701 [RatisPipelineUtilsThread] INFO  pipeline.PipelinePlacementPolicy (PipelinePlacementPolicy.java:meetCriteria(91)) - Pipeline Placement: Doesn't meet the criteria to be viable node： fdbc37f2-9e58-4bac-a5d5-a78839d012e9 Heaviness: 6 limit: 5
2019-09-20 04:49:02,702 [RatisPipelineUtilsThread] INFO  pipeline.PipelinePlacementPolicy (PipelinePlacementPolicy.java:meetCriteria(91)) - Pipeline Placement: Doesn't meet the criteria to be viable node： c4f6294c-eda3-4afd-81f7-e69ed14da69f Heaviness: 6 limit: 5
2019-09-20 04:49:02,708 [grpc-default-executor-0] INFO  impl.RaftServerProxy (RaftServerProxy.java:addNew(89)) - dba845b8-ea76-4e09-ab03-0883d354e493: addNew group-BA79495F1C9A:[dba845b8-ea76-4e09-ab03-0883d354e493:192.168.36.79:39392] returns group-BA79495F1C9A:java.util.concurrent.CompletableFuture@7b1f62db[Not completed]
2019-09-20 04:49:02,709 [pool-189-thread-1] INFO  impl.RaftServerImpl (RaftServerImpl.java:<init>(93)) - dba845b8-ea76-4e09-ab03-0883d354e493: new RaftServerImpl for group-BA79495F1C9A:[dba845b8-ea76-4e09-ab03-0883d354e493:192.168.36.79:39392] with ContainerStateMachine:uninitialized
2019-09-20 04:49:02,709 [pool-189-thread-1] INFO  server.RaftServerConfigKeys (ConfUtils.java:logGet(43)) - raft.server.rpc.timeout.min = 5s (custom)
2019-09-20 04:49:02,709 [pool-189-thread-1] INFO  server.RaftServerConfigKeys (ConfUtils.java:logGet(43)) - raft.server.rpc.timeout.max = 5200ms (custom)
2019-09-20 04:49:02,709 [pool-189-thread-1] INFO  server.RaftServerConfigKeys (ConfUtils.java:logGet(43)) - raft.server.rpcslowness.timeout = 120s (custom)
2019-09-20 04:49:02,709 [pool-189-thread-1] INFO  server.RaftServerConfigKeys (ConfUtils.java:logGet(43)) - raft.server.sleep.deviation.threshold = 300 (default)
2019-09-20 04:49:02,709 [pool-189-thread-1] INFO  server.RaftServerConfigKeys (ConfUtils.java:logGet(43)) - raft.server.log.appender.install.snapshot.enabled = false (custom)
2019-09-20 04:49:02,710 [pool-189-thread-1] INFO  impl.RaftServerImpl (ServerState.java:<init>(105)) - dba845b8-ea76-4e09-ab03-0883d354e493:group-BA79495F1C9A ConfigurationManager, init=-1: [dba845b8-ea76-4e09-ab03-0883d354e493:192.168.36.79:39392], old=null, confs=<EMPTY_MAP>
2019-09-20 04:49:02,710 [pool-189-thread-1] INFO  server.RaftServerConfigKeys (ConfUtils.java:logGet(43)) - raft.server.storage.dir = [/workdir/hadoop-ozone/integration-test/target/test-dir/MiniOzoneClusterImpl-cd85f641-6806-455e-b969-480e50aec385/datanode-6/data/ratis] (custom)
2019-09-20 04:49:02,710 [pool-189-thread-1] INFO  storage.RaftStorageDirectory (RaftStorageDirectory.java:analyzeStorage(246)) - The storage directory /workdir/hadoop-ozone/integration-test/target/test-dir/MiniOzoneClusterImpl-cd85f641-6806-455e-b969-480e50aec385/datanode-6/data/ratis/c591313b-b74e-4b38-a51c-ba79495f1c9a does not exist. Creating ...
2019-09-20 04:49:02,734 [pool-189-thread-1] INFO  storage.RaftStorageDirectory (RaftStorageDirectory.java:tryLock(328)) - Lock on /workdir/hadoop-ozone/integration-test/target/test-dir/MiniOzoneClusterImpl-cd85f641-6806-455e-b969-480e50aec385/datanode-6/data/ratis/c591313b-b74e-4b38-a51c-ba79495f1c9a/in_use.lock acquired by nodename 9457@pr-hdds-1569-s8kj2-2266485376
2019-09-20 04:49:02,738 | INFO  | SCMAudit | user=jenkins1000 | ip=192.168.36.79 | op=SEND_HEARTBEAT {datanodeUUID=fdbc37f2-9e58-4bac-a5d5-a78839d012e9, command=[]} | ret=SUCCESS |  
2019-09-20 04:49:02,760 [pool-189-thread-1] INFO  storage.RaftStorage (RaftStorage.java:format(72)) - Storage directory /workdir/hadoop-ozone/integration-test/target/test-dir/MiniOzoneClusterImpl-cd85f641-6806-455e-b969-480e50aec385/datanode-6/data/ratis/c591313b-b74e-4b38-a51c-ba79495f1c9a has been successfully formatted.
2019-09-20 04:49:02,760 [pool-189-thread-1] INFO  ratis.ContainerStateMachine (ContainerStateMachine.java:loadSnapshot(226)) - group-BA79495F1C9A: The snapshot info is null. Setting the last applied indexto:(t:0, i:~)
2019-09-20 04:49:02,760 [pool-189-thread-1] INFO  server.RaftServerConfigKeys (ConfUtils.java:logGet(43)) - raft.server.leader.election.timeout = 120s (custom)
2019-09-20 04:49:02,760 [pool-189-thread-1] INFO  server.RaftServerConfigKeys (ConfUtils.java:logGet(43)) - raft.server.log.use.memory = false (default)
2019-09-20 04:49:02,761 [pool-189-thread-1] INFO  server.RaftServerConfigKeys (ConfUtils.java:logGet(43)) - raft.server.log.purge.gap = 1000000 (custom)
2019-09-20 04:49:02,761 [pool-189-thread-1] INFO  server.RaftServerConfigKeys (ConfUtils.java:logGet(43)) - raft.server.log.appender.buffer.byte-limit = 33554432 (custom)
2019-09-20 04:49:02,761 [pool-189-thread-1] INFO  server.RaftServerConfigKeys (ConfUtils.java:logGet(43)) - raft.server.log.segment.size.max = 1048576 (custom)
2019-09-20 04:49:02,761 [pool-189-thread-1] INFO  server.RaftServerConfigKeys (ConfUtils.java:logGet(43)) - raft.server.log.segment.cache.num.max = 2 (custom)
2019-09-20 04:49:02,761 [pool-189-thread-1] INFO  segmented.SegmentedRaftLogWorker (SegmentedRaftLogWorker.java:<init>(172)) - new dba845b8-ea76-4e09-ab03-0883d354e493-SegmentedRaftLogWorker:Storage Directory /workdir/hadoop-ozone/integration-test/target/test-dir/MiniOzoneClusterImpl-cd85f641-6806-455e-b969-480e50aec385/datanode-6/data/ratis/c591313b-b74e-4b38-a51c-ba79495f1c9a for RaftStorage:Storage Directory /workdir/hadoop-ozone/integration-test/target/test-dir/MiniOzoneClusterImpl-cd85f641-6806-455e-b969-480e50aec385/datanode-6/data/ratis/c591313b-b74e-4b38-a51c-ba79495f1c9a
2019-09-20 04:49:02,761 [pool-189-thread-1] INFO  server.RaftServerConfigKeys (ConfUtils.java:logGet(43)) - raft.server.log.queue.byte-limit = 2147483647 (custom)
2019-09-20 04:49:02,762 [pool-189-thread-1] INFO  server.RaftServerConfigKeys (ConfUtils.java:logGet(43)) - raft.server.log.queue.element-limit = 1024 (custom)
2019-09-20 04:49:02,762 [pool-189-thread-1] INFO  server.RaftServerConfigKeys (ConfUtils.java:logGet(43)) - raft.server.log.segment.size.max = 1048576 (custom)
2019-09-20 04:49:02,762 [pool-189-thread-1] INFO  server.RaftServerConfigKeys (ConfUtils.java:logGet(43)) - raft.server.log.preallocated.size = 16384 (custom)
2019-09-20 04:49:02,762 [pool-189-thread-1] INFO  server.RaftServerConfigKeys (ConfUtils.java:logGet(43)) - raft.server.log.write.buffer.size = 33554432 (custom)
2019-09-20 04:49:02,762 [pool-189-thread-1] INFO  server.RaftServerConfigKeys (ConfUtils.java:logGet(43)) - raft.server.log.force.sync.num = 128 (default)
2019-09-20 04:49:02,762 [pool-189-thread-1] INFO  server.RaftServerConfigKeys (ConfUtils.java:logGet(43)) - raft.server.log.statemachine.data.sync = true (default)
2019-09-20 04:49:02,762 [pool-189-thread-1] INFO  server.RaftServerConfigKeys (ConfUtils.java:logGet(43)) - raft.server.log.statemachine.data.sync.timeout = 10s (default)
2019-09-20 04:49:02,763 [pool-189-thread-1] INFO  server.RaftServerConfigKeys (ConfUtils.java:logGet(43)) - raft.server.log.statemachine.data.sync.timeout.retry = -1 (default)
2019-09-20 04:49:02,763 [pool-189-thread-1] INFO  server.RaftServerConfigKeys (ConfUtils.java:logGet(43)) - raft.server.log.statemachine.data.caching.enabled = true (custom)
2019-09-20 04:49:02,763 [pool-189-thread-1] INFO  segmented.SegmentedRaftLogWorker (SegmentedRaftLogWorker.java:lambda$new$0(132)) - dba845b8-ea76-4e09-ab03-0883d354e493-SegmentedRaftLogWorker:Storage Directory /workdir/hadoop-ozone/integration-test/target/test-dir/MiniOzoneClusterImpl-cd85f641-6806-455e-b969-480e50aec385/datanode-6/data/ratis/c591313b-b74e-4b38-a51c-ba79495f1c9a: flushIndex: setUnconditionally 0 -> -1
2019-09-20 04:49:02,763 [pool-189-thread-1] INFO  server.RaftServerConfigKeys (ConfUtils.java:logGet(43)) - raft.server.snapshot.auto.trigger.enabled = true (custom)
2019-09-20 04:49:02,764 [pool-189-thread-1] INFO  server.RaftServerConfigKeys (ConfUtils.java:logGet(43)) - raft.server.snapshot.auto.trigger.threshold = 10000 (custom)
2019-09-20 04:49:02,764 [pool-189-thread-1] INFO  server.RaftServerConfigKeys (ConfUtils.java:logGet(43)) - raft.server.retrycache.expirytime = 600000ms (custom)
2019-09-20 04:49:02,764 [pool-189-thread-1] INFO  impl.RaftServerImpl (RaftServerImpl.java:start(180)) - dba845b8-ea76-4e09-ab03-0883d354e493: start group-BA79495F1C9A
2019-09-20 04:49:02,764 [pool-189-thread-1] INFO  impl.RaftServerImpl (RaftServerImpl.java:setRole(171)) - dba845b8-ea76-4e09-ab03-0883d354e493:group-BA79495F1C9A changes role from null to FOLLOWER at term 0 for startAsFollower
2019-09-20 04:49:02,764 [pool-189-thread-1] INFO  impl.RoleInfo (RoleInfo.java:updateAndGet(143)) - dba845b8-ea76-4e09-ab03-0883d354e493: start FollowerState
2019-09-20 04:49:02,765 [pool-189-thread-1] INFO  util.JmxRegister (JmxRegister.java:tryRegister(44)) - Successfully registered JMX Bean with object name Ratis:service=RaftServer,group=group-BA79495F1C9A,id=dba845b8-ea76-4e09-ab03-0883d354e493
2019-09-20 04:49:02,766 | INFO  | SCMAudit | user=jenkins1000 | ip=192.168.36.79 | op=SEND_HEARTBEAT {datanodeUUID=1d91ad97-6666-4ee7-855a-8b5e944e7401, command=[]} | ret=SUCCESS |  
2019-09-20 04:49:02,767 [RatisPipelineUtilsThread] INFO  pipeline.PipelineStateManager (PipelineStateManager.java:addPipeline(56)) - Created pipeline Pipeline[ Id: c591313b-b74e-4b38-a51c-ba79495f1c9a, Nodes: dba845b8-ea76-4e09-ab03-0883d354e493{ip: 192.168.36.79, host: pr-hdds-1569-s8kj2-2266485376, networkLocation: /default-rack, certSerialId: null}, Type:RATIS, Factor:ONE, State:OPEN]
2019-09-20 04:49:02,768 [RatisPipelineUtilsThread] INFO  pipeline.PipelinePlacementPolicy (PipelinePlacementPolicy.java:meetCriteria(91)) - Pipeline Placement: Doesn't meet the criteria to be viable node： 236eed40-dd97-4fdc-a0ae-ab99685a426b Heaviness: 6 limit: 5
2019-09-20 04:49:02,768 [RatisPipelineUtilsThread] INFO  pipeline.PipelinePlacementPolicy (PipelinePlacementPolicy.java:meetCriteria(91)) - Pipeline Placement: Doesn't meet the criteria to be viable node： 3c2a6bfe-f5c5-4e23-89b0-850dab17697d Heaviness: 6 limit: 5
2019-09-20 04:49:02,768 [RatisPipelineUtilsThread] INFO  pipeline.PipelinePlacementPolicy (PipelinePlacementPolicy.java:meetCriteria(91)) - Pipeline Placement: Doesn't meet the criteria to be viable node： ba95d636-ac34-4b74-a102-dec8d0f377c6 Heaviness: 6 limit: 5
2019-09-20 04:49:02,768 [RatisPipelineUtilsThread] INFO  pipeline.PipelinePlacementPolicy (PipelinePlacementPolicy.java:meetCriteria(91)) - Pipeline Placement: Doesn't meet the criteria to be viable node： fdbc37f2-9e58-4bac-a5d5-a78839d012e9 Heaviness: 6 limit: 5
2019-09-20 04:49:02,768 [RatisPipelineUtilsThread] INFO  pipeline.PipelinePlacementPolicy (PipelinePlacementPolicy.java:meetCriteria(91)) - Pipeline Placement: Doesn't meet the criteria to be viable node： c4f6294c-eda3-4afd-81f7-e69ed14da69f Heaviness: 6 limit: 5
2019-09-20 04:49:02,773 [grpc-default-executor-0] INFO  impl.RaftServerProxy (RaftServerProxy.java:addNew(89)) - bd1a845e-f2ed-4713-9516-9ccc20139040: addNew group-50BD40651027:[bd1a845e-f2ed-4713-9516-9ccc20139040:192.168.36.79:45373] returns group-50BD40651027:java.util.concurrent.CompletableFuture@1506728[Not completed]
2019-09-20 04:49:02,774 [pool-178-thread-1] INFO  impl.RaftServerImpl (RaftServerImpl.java:<init>(93)) - bd1a845e-f2ed-4713-9516-9ccc20139040: new RaftServerImpl for group-50BD40651027:[bd1a845e-f2ed-4713-9516-9ccc20139040:192.168.36.79:45373] with ContainerStateMachine:uninitialized
2019-09-20 04:49:02,774 [pool-178-thread-1] INFO  server.RaftServerConfigKeys (ConfUtils.java:logGet(43)) - raft.server.rpc.timeout.min = 5s (custom)
2019-09-20 04:49:02,775 [pool-178-thread-1] INFO  server.RaftServerConfigKeys (ConfUtils.java:logGet(43)) - raft.server.rpc.timeout.max = 5200ms (custom)
2019-09-20 04:49:02,775 [pool-178-thread-1] INFO  server.RaftServerConfigKeys (ConfUtils.java:logGet(43)) - raft.server.rpcslowness.timeout = 120s (custom)
2019-09-20 04:49:02,775 [pool-178-thread-1] INFO  server.RaftServerConfigKeys (ConfUtils.java:logGet(43)) - raft.server.sleep.deviation.threshold = 300 (default)
2019-09-20 04:49:02,775 [pool-178-thread-1] INFO  server.RaftServerConfigKeys (ConfUtils.java:logGet(43)) - raft.server.log.appender.install.snapshot.enabled = false (custom)
2019-09-20 04:49:02,775 [pool-178-thread-1] INFO  impl.RaftServerImpl (ServerState.java:<init>(105)) - bd1a845e-f2ed-4713-9516-9ccc20139040:group-50BD40651027 ConfigurationManager, init=-1: [bd1a845e-f2ed-4713-9516-9ccc20139040:192.168.36.79:45373], old=null, confs=<EMPTY_MAP>
2019-09-20 04:49:02,775 [pool-178-thread-1] INFO  server.RaftServerConfigKeys (ConfUtils.java:logGet(43)) - raft.server.storage.dir = [/workdir/hadoop-ozone/integration-test/target/test-dir/MiniOzoneClusterImpl-cd85f641-6806-455e-b969-480e50aec385/datanode-5/data/ratis] (custom)
2019-09-20 04:49:02,776 [pool-178-thread-1] INFO  storage.RaftStorageDirectory (RaftStorageDirectory.java:analyzeStorage(246)) - The storage directory /workdir/hadoop-ozone/integration-test/target/test-dir/MiniOzoneClusterImpl-cd85f641-6806-455e-b969-480e50aec385/datanode-5/data/ratis/64e93914-c8cf-406f-9cd6-50bd40651027 does not exist. Creating ...
2019-09-20 04:49:02,810 [pool-178-thread-1] INFO  storage.RaftStorageDirectory (RaftStorageDirectory.java:tryLock(328)) - Lock on /workdir/hadoop-ozone/integration-test/target/test-dir/MiniOzoneClusterImpl-cd85f641-6806-455e-b969-480e50aec385/datanode-5/data/ratis/64e93914-c8cf-406f-9cd6-50bd40651027/in_use.lock acquired by nodename 9457@pr-hdds-1569-s8kj2-2266485376
2019-09-20 04:49:02,835 [pool-178-thread-1] INFO  storage.RaftStorage (RaftStorage.java:format(72)) - Storage directory /workdir/hadoop-ozone/integration-test/target/test-dir/MiniOzoneClusterImpl-cd85f641-6806-455e-b969-480e50aec385/datanode-5/data/ratis/64e93914-c8cf-406f-9cd6-50bd40651027 has been successfully formatted.
2019-09-20 04:49:02,836 [pool-178-thread-1] INFO  ratis.ContainerStateMachine (ContainerStateMachine.java:loadSnapshot(226)) - group-50BD40651027: The snapshot info is null. Setting the last applied indexto:(t:0, i:~)
2019-09-20 04:49:02,836 [pool-178-thread-1] INFO  server.RaftServerConfigKeys (ConfUtils.java:logGet(43)) - raft.server.leader.election.timeout = 120s (custom)
2019-09-20 04:49:02,836 [pool-178-thread-1] INFO  server.RaftServerConfigKeys (ConfUtils.java:logGet(43)) - raft.server.log.use.memory = false (default)
2019-09-20 04:49:02,836 [pool-178-thread-1] INFO  server.RaftServerConfigKeys (ConfUtils.java:logGet(43)) - raft.server.log.purge.gap = 1000000 (custom)
2019-09-20 04:49:02,836 [pool-178-thread-1] INFO  server.RaftServerConfigKeys (ConfUtils.java:logGet(43)) - raft.server.log.appender.buffer.byte-limit = 33554432 (custom)
2019-09-20 04:49:02,836 [pool-178-thread-1] INFO  server.RaftServerConfigKeys (ConfUtils.java:logGet(43)) - raft.server.log.segment.size.max = 1048576 (custom)
2019-09-20 04:49:02,837 [pool-178-thread-1] INFO  server.RaftServerConfigKeys (ConfUtils.java:logGet(43)) - raft.server.log.segment.cache.num.max = 2 (custom)
2019-09-20 04:49:02,837 [pool-178-thread-1] INFO  segmented.SegmentedRaftLogWorker (SegmentedRaftLogWorker.java:<init>(172)) - new bd1a845e-f2ed-4713-9516-9ccc20139040-SegmentedRaftLogWorker:Storage Directory /workdir/hadoop-ozone/integration-test/target/test-dir/MiniOzoneClusterImpl-cd85f641-6806-455e-b969-480e50aec385/datanode-5/data/ratis/64e93914-c8cf-406f-9cd6-50bd40651027 for RaftStorage:Storage Directory /workdir/hadoop-ozone/integration-test/target/test-dir/MiniOzoneClusterImpl-cd85f641-6806-455e-b969-480e50aec385/datanode-5/data/ratis/64e93914-c8cf-406f-9cd6-50bd40651027
2019-09-20 04:49:02,837 [pool-178-thread-1] INFO  server.RaftServerConfigKeys (ConfUtils.java:logGet(43)) - raft.server.log.queue.byte-limit = 2147483647 (custom)
2019-09-20 04:49:02,837 [pool-178-thread-1] INFO  server.RaftServerConfigKeys (ConfUtils.java:logGet(43)) - raft.server.log.queue.element-limit = 1024 (custom)
2019-09-20 04:49:02,837 [pool-178-thread-1] INFO  server.RaftServerConfigKeys (ConfUtils.java:logGet(43)) - raft.server.log.segment.size.max = 1048576 (custom)
2019-09-20 04:49:02,837 [pool-178-thread-1] INFO  server.RaftServerConfigKeys (ConfUtils.java:logGet(43)) - raft.server.log.preallocated.size = 16384 (custom)
2019-09-20 04:49:02,837 [pool-178-thread-1] INFO  server.RaftServerConfigKeys (ConfUtils.java:logGet(43)) - raft.server.log.write.buffer.size = 33554432 (custom)
2019-09-20 04:49:02,837 [pool-178-thread-1] INFO  server.RaftServerConfigKeys (ConfUtils.java:logGet(43)) - raft.server.log.force.sync.num = 128 (default)
2019-09-20 04:49:02,838 [pool-178-thread-1] INFO  server.RaftServerConfigKeys (ConfUtils.java:logGet(43)) - raft.server.log.statemachine.data.sync = true (default)
2019-09-20 04:49:02,838 [pool-178-thread-1] INFO  server.RaftServerConfigKeys (ConfUtils.java:logGet(43)) - raft.server.log.statemachine.data.sync.timeout = 10s (default)
2019-09-20 04:49:02,838 [pool-178-thread-1] INFO  server.RaftServerConfigKeys (ConfUtils.java:logGet(43)) - raft.server.log.statemachine.data.sync.timeout.retry = -1 (default)
2019-09-20 04:49:02,838 [pool-178-thread-1] INFO  server.RaftServerConfigKeys (ConfUtils.java:logGet(43)) - raft.server.log.statemachine.data.caching.enabled = true (custom)
2019-09-20 04:49:02,838 [pool-178-thread-1] INFO  segmented.SegmentedRaftLogWorker (SegmentedRaftLogWorker.java:lambda$new$0(132)) - bd1a845e-f2ed-4713-9516-9ccc20139040-SegmentedRaftLogWorker:Storage Directory /workdir/hadoop-ozone/integration-test/target/test-dir/MiniOzoneClusterImpl-cd85f641-6806-455e-b969-480e50aec385/datanode-5/data/ratis/64e93914-c8cf-406f-9cd6-50bd40651027: flushIndex: setUnconditionally 0 -> -1
2019-09-20 04:49:02,839 [pool-178-thread-1] INFO  server.RaftServerConfigKeys (ConfUtils.java:logGet(43)) - raft.server.snapshot.auto.trigger.enabled = true (custom)
2019-09-20 04:49:02,839 [pool-178-thread-1] INFO  server.RaftServerConfigKeys (ConfUtils.java:logGet(43)) - raft.server.snapshot.auto.trigger.threshold = 10000 (custom)
2019-09-20 04:49:02,839 [pool-178-thread-1] INFO  server.RaftServerConfigKeys (ConfUtils.java:logGet(43)) - raft.server.retrycache.expirytime = 600000ms (custom)
2019-09-20 04:49:02,839 [pool-178-thread-1] INFO  impl.RaftServerImpl (RaftServerImpl.java:start(180)) - bd1a845e-f2ed-4713-9516-9ccc20139040: start group-50BD40651027
2019-09-20 04:49:02,839 [pool-178-thread-1] INFO  impl.RaftServerImpl (RaftServerImpl.java:setRole(171)) - bd1a845e-f2ed-4713-9516-9ccc20139040:group-50BD40651027 changes role from null to FOLLOWER at term 0 for startAsFollower
2019-09-20 04:49:02,839 [pool-178-thread-1] INFO  impl.RoleInfo (RoleInfo.java:updateAndGet(143)) - bd1a845e-f2ed-4713-9516-9ccc20139040: start FollowerState
2019-09-20 04:49:02,840 [pool-178-thread-1] INFO  util.JmxRegister (JmxRegister.java:tryRegister(44)) - Successfully registered JMX Bean with object name Ratis:service=RaftServer,group=group-50BD40651027,id=bd1a845e-f2ed-4713-9516-9ccc20139040
2019-09-20 04:49:02,842 [RatisPipelineUtilsThread] INFO  pipeline.PipelineStateManager (PipelineStateManager.java:addPipeline(56)) - Created pipeline Pipeline[ Id: 64e93914-c8cf-406f-9cd6-50bd40651027, Nodes: bd1a845e-f2ed-4713-9516-9ccc20139040{ip: 192.168.36.79, host: pr-hdds-1569-s8kj2-2266485376, networkLocation: /default-rack, certSerialId: null}, Type:RATIS, Factor:ONE, State:OPEN]
2019-09-20 04:49:02,843 [RatisPipelineUtilsThread] INFO  pipeline.PipelinePlacementPolicy (PipelinePlacementPolicy.java:meetCriteria(91)) - Pipeline Placement: Doesn't meet the criteria to be viable node： 236eed40-dd97-4fdc-a0ae-ab99685a426b Heaviness: 6 limit: 5
2019-09-20 04:49:02,843 [RatisPipelineUtilsThread] INFO  pipeline.PipelinePlacementPolicy (PipelinePlacementPolicy.java:meetCriteria(91)) - Pipeline Placement: Doesn't meet the criteria to be viable node： 3c2a6bfe-f5c5-4e23-89b0-850dab17697d Heaviness: 6 limit: 5
2019-09-20 04:49:02,843 [RatisPipelineUtilsThread] INFO  pipeline.PipelinePlacementPolicy (PipelinePlacementPolicy.java:meetCriteria(91)) - Pipeline Placement: Doesn't meet the criteria to be viable node： ba95d636-ac34-4b74-a102-dec8d0f377c6 Heaviness: 6 limit: 5
2019-09-20 04:49:02,843 [RatisPipelineUtilsThread] INFO  pipeline.PipelinePlacementPolicy (PipelinePlacementPolicy.java:meetCriteria(91)) - Pipeline Placement: Doesn't meet the criteria to be viable node： fdbc37f2-9e58-4bac-a5d5-a78839d012e9 Heaviness: 6 limit: 5
2019-09-20 04:49:02,843 [RatisPipelineUtilsThread] INFO  pipeline.PipelinePlacementPolicy (PipelinePlacementPolicy.java:meetCriteria(91)) - Pipeline Placement: Doesn't meet the criteria to be viable node： c4f6294c-eda3-4afd-81f7-e69ed14da69f Heaviness: 6 limit: 5
2019-09-20 04:49:02,849 [grpc-default-executor-0] INFO  impl.RaftServerProxy (RaftServerProxy.java:addNew(89)) - dba845b8-ea76-4e09-ab03-0883d354e493: addNew group-96EC027CD53C:[dba845b8-ea76-4e09-ab03-0883d354e493:192.168.36.79:39392] returns group-96EC027CD53C:java.util.concurrent.CompletableFuture@39c012d[Not completed]
2019-09-20 04:49:02,850 [pool-189-thread-1] INFO  impl.RaftServerImpl (RaftServerImpl.java:<init>(93)) - dba845b8-ea76-4e09-ab03-0883d354e493: new RaftServerImpl for group-96EC027CD53C:[dba845b8-ea76-4e09-ab03-0883d354e493:192.168.36.79:39392] with ContainerStateMachine:uninitialized
2019-09-20 04:49:02,850 [pool-189-thread-1] INFO  server.RaftServerConfigKeys (ConfUtils.java:logGet(43)) - raft.server.rpc.timeout.min = 5s (custom)
2019-09-20 04:49:02,851 [pool-189-thread-1] INFO  server.RaftServerConfigKeys (ConfUtils.java:logGet(43)) - raft.server.rpc.timeout.max = 5200ms (custom)
2019-09-20 04:49:02,851 [pool-189-thread-1] INFO  server.RaftServerConfigKeys (ConfUtils.java:logGet(43)) - raft.server.rpcslowness.timeout = 120s (custom)
2019-09-20 04:49:02,851 [pool-189-thread-1] INFO  server.RaftServerConfigKeys (ConfUtils.java:logGet(43)) - raft.server.sleep.deviation.threshold = 300 (default)
2019-09-20 04:49:02,851 [pool-189-thread-1] INFO  server.RaftServerConfigKeys (ConfUtils.java:logGet(43)) - raft.server.log.appender.install.snapshot.enabled = false (custom)
2019-09-20 04:49:02,851 [pool-189-thread-1] INFO  impl.RaftServerImpl (ServerState.java:<init>(105)) - dba845b8-ea76-4e09-ab03-0883d354e493:group-96EC027CD53C ConfigurationManager, init=-1: [dba845b8-ea76-4e09-ab03-0883d354e493:192.168.36.79:39392], old=null, confs=<EMPTY_MAP>
2019-09-20 04:49:02,851 [pool-189-thread-1] INFO  server.RaftServerConfigKeys (ConfUtils.java:logGet(43)) - raft.server.storage.dir = [/workdir/hadoop-ozone/integration-test/target/test-dir/MiniOzoneClusterImpl-cd85f641-6806-455e-b969-480e50aec385/datanode-6/data/ratis] (custom)
2019-09-20 04:49:02,852 [pool-189-thread-1] INFO  storage.RaftStorageDirectory (RaftStorageDirectory.java:analyzeStorage(246)) - The storage directory /workdir/hadoop-ozone/integration-test/target/test-dir/MiniOzoneClusterImpl-cd85f641-6806-455e-b969-480e50aec385/datanode-6/data/ratis/36c9a981-6a65-4c7d-a68f-96ec027cd53c does not exist. Creating ...
2019-09-20 04:49:02,877 [pool-189-thread-1] INFO  storage.RaftStorageDirectory (RaftStorageDirectory.java:tryLock(328)) - Lock on /workdir/hadoop-ozone/integration-test/target/test-dir/MiniOzoneClusterImpl-cd85f641-6806-455e-b969-480e50aec385/datanode-6/data/ratis/36c9a981-6a65-4c7d-a68f-96ec027cd53c/in_use.lock acquired by nodename 9457@pr-hdds-1569-s8kj2-2266485376
2019-09-20 04:49:02,903 | INFO  | SCMAudit | user=jenkins1000 | ip=192.168.36.79 | op=SEND_HEARTBEAT {datanodeUUID=ea71b9af-1075-4196-9693-aa14e10f536d, command=[]} | ret=SUCCESS |  
2019-09-20 04:49:02,920 [pool-189-thread-1] INFO  storage.RaftStorage (RaftStorage.java:format(72)) - Storage directory /workdir/hadoop-ozone/integration-test/target/test-dir/MiniOzoneClusterImpl-cd85f641-6806-455e-b969-480e50aec385/datanode-6/data/ratis/36c9a981-6a65-4c7d-a68f-96ec027cd53c has been successfully formatted.
2019-09-20 04:49:02,920 [pool-189-thread-1] INFO  ratis.ContainerStateMachine (ContainerStateMachine.java:loadSnapshot(226)) - group-96EC027CD53C: The snapshot info is null. Setting the last applied indexto:(t:0, i:~)
2019-09-20 04:49:02,920 [pool-189-thread-1] INFO  server.RaftServerConfigKeys (ConfUtils.java:logGet(43)) - raft.server.leader.election.timeout = 120s (custom)
2019-09-20 04:49:02,920 [pool-189-thread-1] INFO  server.RaftServerConfigKeys (ConfUtils.java:logGet(43)) - raft.server.log.use.memory = false (default)
2019-09-20 04:49:02,920 [pool-189-thread-1] INFO  server.RaftServerConfigKeys (ConfUtils.java:logGet(43)) - raft.server.log.purge.gap = 1000000 (custom)
2019-09-20 04:49:02,921 [pool-189-thread-1] INFO  server.RaftServerConfigKeys (ConfUtils.java:logGet(43)) - raft.server.log.appender.buffer.byte-limit = 33554432 (custom)
2019-09-20 04:49:02,921 [pool-189-thread-1] INFO  server.RaftServerConfigKeys (ConfUtils.java:logGet(43)) - raft.server.log.segment.size.max = 1048576 (custom)
2019-09-20 04:49:02,921 [pool-189-thread-1] INFO  server.RaftServerConfigKeys (ConfUtils.java:logGet(43)) - raft.server.log.segment.cache.num.max = 2 (custom)
2019-09-20 04:49:02,921 [pool-189-thread-1] INFO  segmented.SegmentedRaftLogWorker (SegmentedRaftLogWorker.java:<init>(172)) - new dba845b8-ea76-4e09-ab03-0883d354e493-SegmentedRaftLogWorker:Storage Directory /workdir/hadoop-ozone/integration-test/target/test-dir/MiniOzoneClusterImpl-cd85f641-6806-455e-b969-480e50aec385/datanode-6/data/ratis/36c9a981-6a65-4c7d-a68f-96ec027cd53c for RaftStorage:Storage Directory /workdir/hadoop-ozone/integration-test/target/test-dir/MiniOzoneClusterImpl-cd85f641-6806-455e-b969-480e50aec385/datanode-6/data/ratis/36c9a981-6a65-4c7d-a68f-96ec027cd53c
2019-09-20 04:49:02,921 [pool-189-thread-1] INFO  server.RaftServerConfigKeys (ConfUtils.java:logGet(43)) - raft.server.log.queue.byte-limit = 2147483647 (custom)
2019-09-20 04:49:02,921 [pool-189-thread-1] INFO  server.RaftServerConfigKeys (ConfUtils.java:logGet(43)) - raft.server.log.queue.element-limit = 1024 (custom)
2019-09-20 04:49:02,921 [pool-189-thread-1] INFO  server.RaftServerConfigKeys (ConfUtils.java:logGet(43)) - raft.server.log.segment.size.max = 1048576 (custom)
2019-09-20 04:49:02,922 [pool-189-thread-1] INFO  server.RaftServerConfigKeys (ConfUtils.java:logGet(43)) - raft.server.log.preallocated.size = 16384 (custom)
2019-09-20 04:49:02,922 [pool-189-thread-1] INFO  server.RaftServerConfigKeys (ConfUtils.java:logGet(43)) - raft.server.log.write.buffer.size = 33554432 (custom)
2019-09-20 04:49:02,922 [pool-189-thread-1] INFO  server.RaftServerConfigKeys (ConfUtils.java:logGet(43)) - raft.server.log.force.sync.num = 128 (default)
2019-09-20 04:49:02,922 [pool-189-thread-1] INFO  server.RaftServerConfigKeys (ConfUtils.java:logGet(43)) - raft.server.log.statemachine.data.sync = true (default)
2019-09-20 04:49:02,922 [pool-189-thread-1] INFO  server.RaftServerConfigKeys (ConfUtils.java:logGet(43)) - raft.server.log.statemachine.data.sync.timeout = 10s (default)
2019-09-20 04:49:02,922 [pool-189-thread-1] INFO  server.RaftServerConfigKeys (ConfUtils.java:logGet(43)) - raft.server.log.statemachine.data.sync.timeout.retry = -1 (default)
2019-09-20 04:49:02,922 [pool-189-thread-1] INFO  server.RaftServerConfigKeys (ConfUtils.java:logGet(43)) - raft.server.log.statemachine.data.caching.enabled = true (custom)
2019-09-20 04:49:02,923 [pool-189-thread-1] INFO  segmented.SegmentedRaftLogWorker (SegmentedRaftLogWorker.java:lambda$new$0(132)) - dba845b8-ea76-4e09-ab03-0883d354e493-SegmentedRaftLogWorker:Storage Directory /workdir/hadoop-ozone/integration-test/target/test-dir/MiniOzoneClusterImpl-cd85f641-6806-455e-b969-480e50aec385/datanode-6/data/ratis/36c9a981-6a65-4c7d-a68f-96ec027cd53c: flushIndex: setUnconditionally 0 -> -1
2019-09-20 04:49:02,923 [pool-189-thread-1] INFO  server.RaftServerConfigKeys (ConfUtils.java:logGet(43)) - raft.server.snapshot.auto.trigger.enabled = true (custom)
2019-09-20 04:49:02,923 [pool-189-thread-1] INFO  server.RaftServerConfigKeys (ConfUtils.java:logGet(43)) - raft.server.snapshot.auto.trigger.threshold = 10000 (custom)
2019-09-20 04:49:02,923 [pool-189-thread-1] INFO  server.RaftServerConfigKeys (ConfUtils.java:logGet(43)) - raft.server.retrycache.expirytime = 600000ms (custom)
2019-09-20 04:49:02,924 [pool-189-thread-1] INFO  impl.RaftServerImpl (RaftServerImpl.java:start(180)) - dba845b8-ea76-4e09-ab03-0883d354e493: start group-96EC027CD53C
2019-09-20 04:49:02,924 [pool-189-thread-1] INFO  impl.RaftServerImpl (RaftServerImpl.java:setRole(171)) - dba845b8-ea76-4e09-ab03-0883d354e493:group-96EC027CD53C changes role from null to FOLLOWER at term 0 for startAsFollower
2019-09-20 04:49:02,924 [pool-189-thread-1] INFO  impl.RoleInfo (RoleInfo.java:updateAndGet(143)) - dba845b8-ea76-4e09-ab03-0883d354e493: start FollowerState
2019-09-20 04:49:02,924 [pool-189-thread-1] INFO  util.JmxRegister (JmxRegister.java:tryRegister(44)) - Successfully registered JMX Bean with object name Ratis:service=RaftServer,group=group-96EC027CD53C,id=dba845b8-ea76-4e09-ab03-0883d354e493
2019-09-20 04:49:02,928 [RatisPipelineUtilsThread] INFO  pipeline.PipelineStateManager (PipelineStateManager.java:addPipeline(56)) - Created pipeline Pipeline[ Id: 36c9a981-6a65-4c7d-a68f-96ec027cd53c, Nodes: dba845b8-ea76-4e09-ab03-0883d354e493{ip: 192.168.36.79, host: pr-hdds-1569-s8kj2-2266485376, networkLocation: /default-rack, certSerialId: null}, Type:RATIS, Factor:ONE, State:OPEN]
2019-09-20 04:49:02,928 [RatisPipelineUtilsThread] INFO  pipeline.PipelinePlacementPolicy (PipelinePlacementPolicy.java:meetCriteria(91)) - Pipeline Placement: Doesn't meet the criteria to be viable node： 236eed40-dd97-4fdc-a0ae-ab99685a426b Heaviness: 6 limit: 5
2019-09-20 04:49:02,928 [RatisPipelineUtilsThread] INFO  pipeline.PipelinePlacementPolicy (PipelinePlacementPolicy.java:meetCriteria(91)) - Pipeline Placement: Doesn't meet the criteria to be viable node： 3c2a6bfe-f5c5-4e23-89b0-850dab17697d Heaviness: 6 limit: 5
2019-09-20 04:49:02,928 [RatisPipelineUtilsThread] INFO  pipeline.PipelinePlacementPolicy (PipelinePlacementPolicy.java:meetCriteria(91)) - Pipeline Placement: Doesn't meet the criteria to be viable node： ba95d636-ac34-4b74-a102-dec8d0f377c6 Heaviness: 6 limit: 5
2019-09-20 04:49:02,928 [RatisPipelineUtilsThread] INFO  pipeline.PipelinePlacementPolicy (PipelinePlacementPolicy.java:meetCriteria(91)) - Pipeline Placement: Doesn't meet the criteria to be viable node： fdbc37f2-9e58-4bac-a5d5-a78839d012e9 Heaviness: 6 limit: 5
2019-09-20 04:49:02,928 [RatisPipelineUtilsThread] INFO  pipeline.PipelinePlacementPolicy (PipelinePlacementPolicy.java:meetCriteria(91)) - Pipeline Placement: Doesn't meet the criteria to be viable node： c4f6294c-eda3-4afd-81f7-e69ed14da69f Heaviness: 6 limit: 5
2019-09-20 04:49:02,934 [grpc-default-executor-0] INFO  impl.RaftServerProxy (RaftServerProxy.java:addNew(89)) - bd1a845e-f2ed-4713-9516-9ccc20139040: addNew group-C696892C060F:[bd1a845e-f2ed-4713-9516-9ccc20139040:192.168.36.79:45373] returns group-C696892C060F:java.util.concurrent.CompletableFuture@5fe07f78[Not completed]
2019-09-20 04:49:02,935 [pool-178-thread-1] INFO  impl.RaftServerImpl (RaftServerImpl.java:<init>(93)) - bd1a845e-f2ed-4713-9516-9ccc20139040: new RaftServerImpl for group-C696892C060F:[bd1a845e-f2ed-4713-9516-9ccc20139040:192.168.36.79:45373] with ContainerStateMachine:uninitialized
2019-09-20 04:49:02,935 [pool-178-thread-1] INFO  server.RaftServerConfigKeys (ConfUtils.java:logGet(43)) - raft.server.rpc.timeout.min = 5s (custom)
2019-09-20 04:49:02,935 [pool-178-thread-1] INFO  server.RaftServerConfigKeys (ConfUtils.java:logGet(43)) - raft.server.rpc.timeout.max = 5200ms (custom)
2019-09-20 04:49:02,935 [pool-178-thread-1] INFO  server.RaftServerConfigKeys (ConfUtils.java:logGet(43)) - raft.server.rpcslowness.timeout = 120s (custom)
2019-09-20 04:49:02,935 [pool-178-thread-1] INFO  server.RaftServerConfigKeys (ConfUtils.java:logGet(43)) - raft.server.sleep.deviation.threshold = 300 (default)
2019-09-20 04:49:02,936 [pool-178-thread-1] INFO  server.RaftServerConfigKeys (ConfUtils.java:logGet(43)) - raft.server.log.appender.install.snapshot.enabled = false (custom)
2019-09-20 04:49:02,936 [pool-178-thread-1] INFO  impl.RaftServerImpl (ServerState.java:<init>(105)) - bd1a845e-f2ed-4713-9516-9ccc20139040:group-C696892C060F ConfigurationManager, init=-1: [bd1a845e-f2ed-4713-9516-9ccc20139040:192.168.36.79:45373], old=null, confs=<EMPTY_MAP>
2019-09-20 04:49:02,936 [pool-178-thread-1] INFO  server.RaftServerConfigKeys (ConfUtils.java:logGet(43)) - raft.server.storage.dir = [/workdir/hadoop-ozone/integration-test/target/test-dir/MiniOzoneClusterImpl-cd85f641-6806-455e-b969-480e50aec385/datanode-5/data/ratis] (custom)
2019-09-20 04:49:02,936 [pool-178-thread-1] INFO  storage.RaftStorageDirectory (RaftStorageDirectory.java:analyzeStorage(246)) - The storage directory /workdir/hadoop-ozone/integration-test/target/test-dir/MiniOzoneClusterImpl-cd85f641-6806-455e-b969-480e50aec385/datanode-5/data/ratis/1a520076-d23a-499c-8fc7-c696892c060f does not exist. Creating ...
2019-09-20 04:49:02,978 [pool-178-thread-1] INFO  storage.RaftStorageDirectory (RaftStorageDirectory.java:tryLock(328)) - Lock on /workdir/hadoop-ozone/integration-test/target/test-dir/MiniOzoneClusterImpl-cd85f641-6806-455e-b969-480e50aec385/datanode-5/data/ratis/1a520076-d23a-499c-8fc7-c696892c060f/in_use.lock acquired by nodename 9457@pr-hdds-1569-s8kj2-2266485376
2019-09-20 04:49:02,980 | INFO  | SCMAudit | user=jenkins1000 | ip=192.168.36.79 | op=SEND_HEARTBEAT {datanodeUUID=3c2a6bfe-f5c5-4e23-89b0-850dab17697d, command=[]} | ret=SUCCESS |  
2019-09-20 04:49:02,992 | INFO  | SCMAudit | user=jenkins1000 | ip=192.168.36.79 | op=SEND_HEARTBEAT {datanodeUUID=236eed40-dd97-4fdc-a0ae-ab99685a426b, command=[]} | ret=SUCCESS |  
2019-09-20 04:49:03,004 [pool-178-thread-1] INFO  storage.RaftStorage (RaftStorage.java:format(72)) - Storage directory /workdir/hadoop-ozone/integration-test/target/test-dir/MiniOzoneClusterImpl-cd85f641-6806-455e-b969-480e50aec385/datanode-5/data/ratis/1a520076-d23a-499c-8fc7-c696892c060f has been successfully formatted.
2019-09-20 04:49:03,004 [pool-178-thread-1] INFO  ratis.ContainerStateMachine (ContainerStateMachine.java:loadSnapshot(226)) - group-C696892C060F: The snapshot info is null. Setting the last applied indexto:(t:0, i:~)
2019-09-20 04:49:03,004 [pool-178-thread-1] INFO  server.RaftServerConfigKeys (ConfUtils.java:logGet(43)) - raft.server.leader.election.timeout = 120s (custom)
2019-09-20 04:49:03,004 [pool-178-thread-1] INFO  server.RaftServerConfigKeys (ConfUtils.java:logGet(43)) - raft.server.log.use.memory = false (default)
2019-09-20 04:49:03,004 [pool-178-thread-1] INFO  server.RaftServerConfigKeys (ConfUtils.java:logGet(43)) - raft.server.log.purge.gap = 1000000 (custom)
2019-09-20 04:49:03,004 [pool-178-thread-1] INFO  server.RaftServerConfigKeys (ConfUtils.java:logGet(43)) - raft.server.log.appender.buffer.byte-limit = 33554432 (custom)
2019-09-20 04:49:03,005 [pool-178-thread-1] INFO  server.RaftServerConfigKeys (ConfUtils.java:logGet(43)) - raft.server.log.segment.size.max = 1048576 (custom)
2019-09-20 04:49:03,005 [pool-178-thread-1] INFO  server.RaftServerConfigKeys (ConfUtils.java:logGet(43)) - raft.server.log.segment.cache.num.max = 2 (custom)
2019-09-20 04:49:03,005 [pool-178-thread-1] INFO  segmented.SegmentedRaftLogWorker (SegmentedRaftLogWorker.java:<init>(172)) - new bd1a845e-f2ed-4713-9516-9ccc20139040-SegmentedRaftLogWorker:Storage Directory /workdir/hadoop-ozone/integration-test/target/test-dir/MiniOzoneClusterImpl-cd85f641-6806-455e-b969-480e50aec385/datanode-5/data/ratis/1a520076-d23a-499c-8fc7-c696892c060f for RaftStorage:Storage Directory /workdir/hadoop-ozone/integration-test/target/test-dir/MiniOzoneClusterImpl-cd85f641-6806-455e-b969-480e50aec385/datanode-5/data/ratis/1a520076-d23a-499c-8fc7-c696892c060f
2019-09-20 04:49:03,005 [pool-178-thread-1] INFO  server.RaftServerConfigKeys (ConfUtils.java:logGet(43)) - raft.server.log.queue.byte-limit = 2147483647 (custom)
2019-09-20 04:49:03,005 [pool-178-thread-1] INFO  server.RaftServerConfigKeys (ConfUtils.java:logGet(43)) - raft.server.log.queue.element-limit = 1024 (custom)
2019-09-20 04:49:03,005 [pool-178-thread-1] INFO  server.RaftServerConfigKeys (ConfUtils.java:logGet(43)) - raft.server.log.segment.size.max = 1048576 (custom)
2019-09-20 04:49:03,006 [pool-178-thread-1] INFO  server.RaftServerConfigKeys (ConfUtils.java:logGet(43)) - raft.server.log.preallocated.size = 16384 (custom)
2019-09-20 04:49:03,006 [pool-178-thread-1] INFO  server.RaftServerConfigKeys (ConfUtils.java:logGet(43)) - raft.server.log.write.buffer.size = 33554432 (custom)
2019-09-20 04:49:03,006 [pool-178-thread-1] INFO  server.RaftServerConfigKeys (ConfUtils.java:logGet(43)) - raft.server.log.force.sync.num = 128 (default)
2019-09-20 04:49:03,006 [pool-178-thread-1] INFO  server.RaftServerConfigKeys (ConfUtils.java:logGet(43)) - raft.server.log.statemachine.data.sync = true (default)
2019-09-20 04:49:03,006 [pool-178-thread-1] INFO  server.RaftServerConfigKeys (ConfUtils.java:logGet(43)) - raft.server.log.statemachine.data.sync.timeout = 10s (default)
2019-09-20 04:49:03,006 [pool-178-thread-1] INFO  server.RaftServerConfigKeys (ConfUtils.java:logGet(43)) - raft.server.log.statemachine.data.sync.timeout.retry = -1 (default)
2019-09-20 04:49:03,006 [pool-178-thread-1] INFO  server.RaftServerConfigKeys (ConfUtils.java:logGet(43)) - raft.server.log.statemachine.data.caching.enabled = true (custom)
2019-09-20 04:49:03,007 [pool-178-thread-1] INFO  segmented.SegmentedRaftLogWorker (SegmentedRaftLogWorker.java:lambda$new$0(132)) - bd1a845e-f2ed-4713-9516-9ccc20139040-SegmentedRaftLogWorker:Storage Directory /workdir/hadoop-ozone/integration-test/target/test-dir/MiniOzoneClusterImpl-cd85f641-6806-455e-b969-480e50aec385/datanode-5/data/ratis/1a520076-d23a-499c-8fc7-c696892c060f: flushIndex: setUnconditionally 0 -> -1
2019-09-20 04:49:03,007 [pool-178-thread-1] INFO  server.RaftServerConfigKeys (ConfUtils.java:logGet(43)) - raft.server.snapshot.auto.trigger.enabled = true (custom)
2019-09-20 04:49:03,007 [pool-178-thread-1] INFO  server.RaftServerConfigKeys (ConfUtils.java:logGet(43)) - raft.server.snapshot.auto.trigger.threshold = 10000 (custom)
2019-09-20 04:49:03,007 [pool-178-thread-1] INFO  server.RaftServerConfigKeys (ConfUtils.java:logGet(43)) - raft.server.retrycache.expirytime = 600000ms (custom)
2019-09-20 04:49:03,008 [pool-178-thread-1] INFO  impl.RaftServerImpl (RaftServerImpl.java:start(180)) - bd1a845e-f2ed-4713-9516-9ccc20139040: start group-C696892C060F
2019-09-20 04:49:03,008 [pool-178-thread-1] INFO  impl.RaftServerImpl (RaftServerImpl.java:setRole(171)) - bd1a845e-f2ed-4713-9516-9ccc20139040:group-C696892C060F changes role from null to FOLLOWER at term 0 for startAsFollower
2019-09-20 04:49:03,008 [Thread-682] INFO  container.ReplicationManager (ReplicationManager.java:start(151)) - Starting Replication Monitor Thread.
2019-09-20 04:49:03,008 [pool-178-thread-1] INFO  impl.RoleInfo (RoleInfo.java:updateAndGet(143)) - bd1a845e-f2ed-4713-9516-9ccc20139040: start FollowerState
2019-09-20 04:49:03,014 [pool-178-thread-1] INFO  util.JmxRegister (JmxRegister.java:tryRegister(44)) - Successfully registered JMX Bean with object name Ratis:service=RaftServer,group=group-C696892C060F,id=bd1a845e-f2ed-4713-9516-9ccc20139040
2019-09-20 04:49:03,017 [RatisPipelineUtilsThread] INFO  pipeline.PipelineStateManager (PipelineStateManager.java:addPipeline(56)) - Created pipeline Pipeline[ Id: 1a520076-d23a-499c-8fc7-c696892c060f, Nodes: bd1a845e-f2ed-4713-9516-9ccc20139040{ip: 192.168.36.79, host: pr-hdds-1569-s8kj2-2266485376, networkLocation: /default-rack, certSerialId: null}, Type:RATIS, Factor:ONE, State:OPEN]
2019-09-20 04:49:03,017 [RatisPipelineUtilsThread] INFO  pipeline.PipelinePlacementPolicy (PipelinePlacementPolicy.java:meetCriteria(91)) - Pipeline Placement: Doesn't meet the criteria to be viable node： 236eed40-dd97-4fdc-a0ae-ab99685a426b Heaviness: 6 limit: 5
2019-09-20 04:49:03,017 [RatisPipelineUtilsThread] INFO  pipeline.PipelinePlacementPolicy (PipelinePlacementPolicy.java:meetCriteria(91)) - Pipeline Placement: Doesn't meet the criteria to be viable node： 3c2a6bfe-f5c5-4e23-89b0-850dab17697d Heaviness: 6 limit: 5
2019-09-20 04:49:03,017 [RatisPipelineUtilsThread] INFO  pipeline.PipelinePlacementPolicy (PipelinePlacementPolicy.java:meetCriteria(91)) - Pipeline Placement: Doesn't meet the criteria to be viable node： ba95d636-ac34-4b74-a102-dec8d0f377c6 Heaviness: 6 limit: 5
2019-09-20 04:49:03,018 [RatisPipelineUtilsThread] INFO  pipeline.PipelinePlacementPolicy (PipelinePlacementPolicy.java:meetCriteria(91)) - Pipeline Placement: Doesn't meet the criteria to be viable node： fdbc37f2-9e58-4bac-a5d5-a78839d012e9 Heaviness: 6 limit: 5
2019-09-20 04:49:03,018 [RatisPipelineUtilsThread] INFO  pipeline.PipelinePlacementPolicy (PipelinePlacementPolicy.java:meetCriteria(91)) - Pipeline Placement: Doesn't meet the criteria to be viable node： c4f6294c-eda3-4afd-81f7-e69ed14da69f Heaviness: 6 limit: 5
2019-09-20 04:49:03,023 [grpc-default-executor-0] INFO  impl.RaftServerProxy (RaftServerProxy.java:addNew(89)) - bd1a845e-f2ed-4713-9516-9ccc20139040: addNew group-3C7298291CA1:[bd1a845e-f2ed-4713-9516-9ccc20139040:192.168.36.79:45373] returns group-3C7298291CA1:java.util.concurrent.CompletableFuture@12bc5085[Not completed]
2019-09-20 04:49:03,024 [pool-178-thread-1] INFO  impl.RaftServerImpl (RaftServerImpl.java:<init>(93)) - bd1a845e-f2ed-4713-9516-9ccc20139040: new RaftServerImpl for group-3C7298291CA1:[bd1a845e-f2ed-4713-9516-9ccc20139040:192.168.36.79:45373] with ContainerStateMachine:uninitialized
2019-09-20 04:49:03,024 [pool-178-thread-1] INFO  server.RaftServerConfigKeys (ConfUtils.java:logGet(43)) - raft.server.rpc.timeout.min = 5s (custom)
2019-09-20 04:49:03,024 [pool-178-thread-1] INFO  server.RaftServerConfigKeys (ConfUtils.java:logGet(43)) - raft.server.rpc.timeout.max = 5200ms (custom)
2019-09-20 04:49:03,024 [pool-178-thread-1] INFO  server.RaftServerConfigKeys (ConfUtils.java:logGet(43)) - raft.server.rpcslowness.timeout = 120s (custom)
2019-09-20 04:49:03,025 [pool-178-thread-1] INFO  server.RaftServerConfigKeys (ConfUtils.java:logGet(43)) - raft.server.sleep.deviation.threshold = 300 (default)
2019-09-20 04:49:03,025 [pool-178-thread-1] INFO  server.RaftServerConfigKeys (ConfUtils.java:logGet(43)) - raft.server.log.appender.install.snapshot.enabled = false (custom)
2019-09-20 04:49:03,025 [pool-178-thread-1] INFO  impl.RaftServerImpl (ServerState.java:<init>(105)) - bd1a845e-f2ed-4713-9516-9ccc20139040:group-3C7298291CA1 ConfigurationManager, init=-1: [bd1a845e-f2ed-4713-9516-9ccc20139040:192.168.36.79:45373], old=null, confs=<EMPTY_MAP>
2019-09-20 04:49:03,025 [pool-178-thread-1] INFO  server.RaftServerConfigKeys (ConfUtils.java:logGet(43)) - raft.server.storage.dir = [/workdir/hadoop-ozone/integration-test/target/test-dir/MiniOzoneClusterImpl-cd85f641-6806-455e-b969-480e50aec385/datanode-5/data/ratis] (custom)
2019-09-20 04:49:03,025 [pool-178-thread-1] INFO  storage.RaftStorageDirectory (RaftStorageDirectory.java:analyzeStorage(246)) - The storage directory /workdir/hadoop-ozone/integration-test/target/test-dir/MiniOzoneClusterImpl-cd85f641-6806-455e-b969-480e50aec385/datanode-5/data/ratis/f8b856db-2b3c-4811-966c-3c7298291ca1 does not exist. Creating ...
2019-09-20 04:49:03,046 [pool-178-thread-1] INFO  storage.RaftStorageDirectory (RaftStorageDirectory.java:tryLock(328)) - Lock on /workdir/hadoop-ozone/integration-test/target/test-dir/MiniOzoneClusterImpl-cd85f641-6806-455e-b969-480e50aec385/datanode-5/data/ratis/f8b856db-2b3c-4811-966c-3c7298291ca1/in_use.lock acquired by nodename 9457@pr-hdds-1569-s8kj2-2266485376
2019-09-20 04:49:03,066 | INFO  | SCMAudit | user=jenkins1000 | ip=192.168.36.79 | op=SEND_HEARTBEAT {datanodeUUID=eaf3ecbe-c3b1-4969-ad3a-e4de7fb04f81, command=[]} | ret=SUCCESS |  
2019-09-20 04:49:03,071 [pool-178-thread-1] INFO  storage.RaftStorage (RaftStorage.java:format(72)) - Storage directory /workdir/hadoop-ozone/integration-test/target/test-dir/MiniOzoneClusterImpl-cd85f641-6806-455e-b969-480e50aec385/datanode-5/data/ratis/f8b856db-2b3c-4811-966c-3c7298291ca1 has been successfully formatted.
2019-09-20 04:49:03,071 [pool-178-thread-1] INFO  ratis.ContainerStateMachine (ContainerStateMachine.java:loadSnapshot(226)) - group-3C7298291CA1: The snapshot info is null. Setting the last applied indexto:(t:0, i:~)
2019-09-20 04:49:03,071 [pool-178-thread-1] INFO  server.RaftServerConfigKeys (ConfUtils.java:logGet(43)) - raft.server.leader.election.timeout = 120s (custom)
2019-09-20 04:49:03,072 [pool-178-thread-1] INFO  server.RaftServerConfigKeys (ConfUtils.java:logGet(43)) - raft.server.log.use.memory = false (default)
2019-09-20 04:49:03,072 [pool-178-thread-1] INFO  server.RaftServerConfigKeys (ConfUtils.java:logGet(43)) - raft.server.log.purge.gap = 1000000 (custom)
2019-09-20 04:49:03,072 [pool-178-thread-1] INFO  server.RaftServerConfigKeys (ConfUtils.java:logGet(43)) - raft.server.log.appender.buffer.byte-limit = 33554432 (custom)
2019-09-20 04:49:03,072 [pool-178-thread-1] INFO  server.RaftServerConfigKeys (ConfUtils.java:logGet(43)) - raft.server.log.segment.size.max = 1048576 (custom)
2019-09-20 04:49:03,072 [pool-178-thread-1] INFO  server.RaftServerConfigKeys (ConfUtils.java:logGet(43)) - raft.server.log.segment.cache.num.max = 2 (custom)
2019-09-20 04:49:03,072 [pool-178-thread-1] INFO  segmented.SegmentedRaftLogWorker (SegmentedRaftLogWorker.java:<init>(172)) - new bd1a845e-f2ed-4713-9516-9ccc20139040-SegmentedRaftLogWorker:Storage Directory /workdir/hadoop-ozone/integration-test/target/test-dir/MiniOzoneClusterImpl-cd85f641-6806-455e-b969-480e50aec385/datanode-5/data/ratis/f8b856db-2b3c-4811-966c-3c7298291ca1 for RaftStorage:Storage Directory /workdir/hadoop-ozone/integration-test/target/test-dir/MiniOzoneClusterImpl-cd85f641-6806-455e-b969-480e50aec385/datanode-5/data/ratis/f8b856db-2b3c-4811-966c-3c7298291ca1
2019-09-20 04:49:03,072 [pool-178-thread-1] INFO  server.RaftServerConfigKeys (ConfUtils.java:logGet(43)) - raft.server.log.queue.byte-limit = 2147483647 (custom)
2019-09-20 04:49:03,073 [pool-178-thread-1] INFO  server.RaftServerConfigKeys (ConfUtils.java:logGet(43)) - raft.server.log.queue.element-limit = 1024 (custom)
2019-09-20 04:49:03,073 [pool-178-thread-1] INFO  server.RaftServerConfigKeys (ConfUtils.java:logGet(43)) - raft.server.log.segment.size.max = 1048576 (custom)
2019-09-20 04:49:03,073 [pool-178-thread-1] INFO  server.RaftServerConfigKeys (ConfUtils.java:logGet(43)) - raft.server.log.preallocated.size = 16384 (custom)
2019-09-20 04:49:03,073 [pool-178-thread-1] INFO  server.RaftServerConfigKeys (ConfUtils.java:logGet(43)) - raft.server.log.write.buffer.size = 33554432 (custom)
2019-09-20 04:49:03,073 [pool-178-thread-1] INFO  server.RaftServerConfigKeys (ConfUtils.java:logGet(43)) - raft.server.log.force.sync.num = 128 (default)
2019-09-20 04:49:03,073 [pool-178-thread-1] INFO  server.RaftServerConfigKeys (ConfUtils.java:logGet(43)) - raft.server.log.statemachine.data.sync = true (default)
2019-09-20 04:49:03,073 [pool-178-thread-1] INFO  server.RaftServerConfigKeys (ConfUtils.java:logGet(43)) - raft.server.log.statemachine.data.sync.timeout = 10s (default)
2019-09-20 04:49:03,073 [pool-178-thread-1] INFO  server.RaftServerConfigKeys (ConfUtils.java:logGet(43)) - raft.server.log.statemachine.data.sync.timeout.retry = -1 (default)
2019-09-20 04:49:03,074 [pool-178-thread-1] INFO  server.RaftServerConfigKeys (ConfUtils.java:logGet(43)) - raft.server.log.statemachine.data.caching.enabled = true (custom)
2019-09-20 04:49:03,074 [pool-178-thread-1] INFO  segmented.SegmentedRaftLogWorker (SegmentedRaftLogWorker.java:lambda$new$0(132)) - bd1a845e-f2ed-4713-9516-9ccc20139040-SegmentedRaftLogWorker:Storage Directory /workdir/hadoop-ozone/integration-test/target/test-dir/MiniOzoneClusterImpl-cd85f641-6806-455e-b969-480e50aec385/datanode-5/data/ratis/f8b856db-2b3c-4811-966c-3c7298291ca1: flushIndex: setUnconditionally 0 -> -1
2019-09-20 04:49:03,074 [pool-178-thread-1] INFO  server.RaftServerConfigKeys (ConfUtils.java:logGet(43)) - raft.server.snapshot.auto.trigger.enabled = true (custom)
2019-09-20 04:49:03,074 [pool-178-thread-1] INFO  server.RaftServerConfigKeys (ConfUtils.java:logGet(43)) - raft.server.snapshot.auto.trigger.threshold = 10000 (custom)
2019-09-20 04:49:03,075 [pool-178-thread-1] INFO  server.RaftServerConfigKeys (ConfUtils.java:logGet(43)) - raft.server.retrycache.expirytime = 600000ms (custom)
2019-09-20 04:49:03,075 [pool-178-thread-1] INFO  impl.RaftServerImpl (RaftServerImpl.java:start(180)) - bd1a845e-f2ed-4713-9516-9ccc20139040: start group-3C7298291CA1
2019-09-20 04:49:03,075 [pool-178-thread-1] INFO  impl.RaftServerImpl (RaftServerImpl.java:setRole(171)) - bd1a845e-f2ed-4713-9516-9ccc20139040:group-3C7298291CA1 changes role from null to FOLLOWER at term 0 for startAsFollower
2019-09-20 04:49:03,075 [pool-178-thread-1] INFO  impl.RoleInfo (RoleInfo.java:updateAndGet(143)) - bd1a845e-f2ed-4713-9516-9ccc20139040: start FollowerState
2019-09-20 04:49:03,075 [pool-178-thread-1] INFO  util.JmxRegister (JmxRegister.java:tryRegister(44)) - Successfully registered JMX Bean with object name Ratis:service=RaftServer,group=group-3C7298291CA1,id=bd1a845e-f2ed-4713-9516-9ccc20139040
2019-09-20 04:49:03,078 [RatisPipelineUtilsThread] INFO  pipeline.PipelineStateManager (PipelineStateManager.java:addPipeline(56)) - Created pipeline Pipeline[ Id: f8b856db-2b3c-4811-966c-3c7298291ca1, Nodes: bd1a845e-f2ed-4713-9516-9ccc20139040{ip: 192.168.36.79, host: pr-hdds-1569-s8kj2-2266485376, networkLocation: /default-rack, certSerialId: null}, Type:RATIS, Factor:ONE, State:OPEN]
2019-09-20 04:49:03,078 [RatisPipelineUtilsThread] INFO  pipeline.PipelinePlacementPolicy (PipelinePlacementPolicy.java:meetCriteria(91)) - Pipeline Placement: Doesn't meet the criteria to be viable node： 236eed40-dd97-4fdc-a0ae-ab99685a426b Heaviness: 6 limit: 5
2019-09-20 04:49:03,078 [RatisPipelineUtilsThread] INFO  pipeline.PipelinePlacementPolicy (PipelinePlacementPolicy.java:meetCriteria(91)) - Pipeline Placement: Doesn't meet the criteria to be viable node： bd1a845e-f2ed-4713-9516-9ccc20139040 Heaviness: 6 limit: 5
2019-09-20 04:49:03,078 [RatisPipelineUtilsThread] INFO  pipeline.PipelinePlacementPolicy (PipelinePlacementPolicy.java:meetCriteria(91)) - Pipeline Placement: Doesn't meet the criteria to be viable node： 3c2a6bfe-f5c5-4e23-89b0-850dab17697d Heaviness: 6 limit: 5
2019-09-20 04:49:03,078 [RatisPipelineUtilsThread] INFO  pipeline.PipelinePlacementPolicy (PipelinePlacementPolicy.java:meetCriteria(91)) - Pipeline Placement: Doesn't meet the criteria to be viable node： ba95d636-ac34-4b74-a102-dec8d0f377c6 Heaviness: 6 limit: 5
2019-09-20 04:49:03,079 [RatisPipelineUtilsThread] INFO  pipeline.PipelinePlacementPolicy (PipelinePlacementPolicy.java:meetCriteria(91)) - Pipeline Placement: Doesn't meet the criteria to be viable node： fdbc37f2-9e58-4bac-a5d5-a78839d012e9 Heaviness: 6 limit: 5
2019-09-20 04:49:03,079 [RatisPipelineUtilsThread] INFO  pipeline.PipelinePlacementPolicy (PipelinePlacementPolicy.java:meetCriteria(91)) - Pipeline Placement: Doesn't meet the criteria to be viable node： c4f6294c-eda3-4afd-81f7-e69ed14da69f Heaviness: 6 limit: 5
2019-09-20 04:49:03,084 [grpc-default-executor-0] INFO  impl.RaftServerProxy (RaftServerProxy.java:addNew(89)) - dba845b8-ea76-4e09-ab03-0883d354e493: addNew group-EA3F72DDB3CE:[dba845b8-ea76-4e09-ab03-0883d354e493:192.168.36.79:39392] returns group-EA3F72DDB3CE:java.util.concurrent.CompletableFuture@4a222395[Not completed]
2019-09-20 04:49:03,085 [pool-189-thread-1] INFO  impl.RaftServerImpl (RaftServerImpl.java:<init>(93)) - dba845b8-ea76-4e09-ab03-0883d354e493: new RaftServerImpl for group-EA3F72DDB3CE:[dba845b8-ea76-4e09-ab03-0883d354e493:192.168.36.79:39392] with ContainerStateMachine:uninitialized
2019-09-20 04:49:03,085 [pool-189-thread-1] INFO  server.RaftServerConfigKeys (ConfUtils.java:logGet(43)) - raft.server.rpc.timeout.min = 5s (custom)
2019-09-20 04:49:03,085 [pool-189-thread-1] INFO  server.RaftServerConfigKeys (ConfUtils.java:logGet(43)) - raft.server.rpc.timeout.max = 5200ms (custom)
2019-09-20 04:49:03,085 [pool-189-thread-1] INFO  server.RaftServerConfigKeys (ConfUtils.java:logGet(43)) - raft.server.rpcslowness.timeout = 120s (custom)
2019-09-20 04:49:03,085 [pool-189-thread-1] INFO  server.RaftServerConfigKeys (ConfUtils.java:logGet(43)) - raft.server.sleep.deviation.threshold = 300 (default)
2019-09-20 04:49:03,085 [pool-189-thread-1] INFO  server.RaftServerConfigKeys (ConfUtils.java:logGet(43)) - raft.server.log.appender.install.snapshot.enabled = false (custom)
2019-09-20 04:49:03,086 [pool-189-thread-1] INFO  impl.RaftServerImpl (ServerState.java:<init>(105)) - dba845b8-ea76-4e09-ab03-0883d354e493:group-EA3F72DDB3CE ConfigurationManager, init=-1: [dba845b8-ea76-4e09-ab03-0883d354e493:192.168.36.79:39392], old=null, confs=<EMPTY_MAP>
2019-09-20 04:49:03,086 [pool-189-thread-1] INFO  server.RaftServerConfigKeys (ConfUtils.java:logGet(43)) - raft.server.storage.dir = [/workdir/hadoop-ozone/integration-test/target/test-dir/MiniOzoneClusterImpl-cd85f641-6806-455e-b969-480e50aec385/datanode-6/data/ratis] (custom)
2019-09-20 04:49:03,086 [pool-189-thread-1] INFO  storage.RaftStorageDirectory (RaftStorageDirectory.java:analyzeStorage(246)) - The storage directory /workdir/hadoop-ozone/integration-test/target/test-dir/MiniOzoneClusterImpl-cd85f641-6806-455e-b969-480e50aec385/datanode-6/data/ratis/f89a8d0e-569b-4e40-8a09-ea3f72ddb3ce does not exist. Creating ...
2019-09-20 04:49:03,105 [pool-189-thread-1] INFO  storage.RaftStorageDirectory (RaftStorageDirectory.java:tryLock(328)) - Lock on /workdir/hadoop-ozone/integration-test/target/test-dir/MiniOzoneClusterImpl-cd85f641-6806-455e-b969-480e50aec385/datanode-6/data/ratis/f89a8d0e-569b-4e40-8a09-ea3f72ddb3ce/in_use.lock acquired by nodename 9457@pr-hdds-1569-s8kj2-2266485376
2019-09-20 04:49:03,138 [pool-189-thread-1] INFO  storage.RaftStorage (RaftStorage.java:format(72)) - Storage directory /workdir/hadoop-ozone/integration-test/target/test-dir/MiniOzoneClusterImpl-cd85f641-6806-455e-b969-480e50aec385/datanode-6/data/ratis/f89a8d0e-569b-4e40-8a09-ea3f72ddb3ce has been successfully formatted.
2019-09-20 04:49:03,139 [pool-189-thread-1] INFO  ratis.ContainerStateMachine (ContainerStateMachine.java:loadSnapshot(226)) - group-EA3F72DDB3CE: The snapshot info is null. Setting the last applied indexto:(t:0, i:~)
2019-09-20 04:49:03,139 [pool-189-thread-1] INFO  server.RaftServerConfigKeys (ConfUtils.java:logGet(43)) - raft.server.leader.election.timeout = 120s (custom)
2019-09-20 04:49:03,139 [pool-189-thread-1] INFO  server.RaftServerConfigKeys (ConfUtils.java:logGet(43)) - raft.server.log.use.memory = false (default)
2019-09-20 04:49:03,139 [pool-189-thread-1] INFO  server.RaftServerConfigKeys (ConfUtils.java:logGet(43)) - raft.server.log.purge.gap = 1000000 (custom)
2019-09-20 04:49:03,139 [pool-189-thread-1] INFO  server.RaftServerConfigKeys (ConfUtils.java:logGet(43)) - raft.server.log.appender.buffer.byte-limit = 33554432 (custom)
2019-09-20 04:49:03,139 [pool-189-thread-1] INFO  server.RaftServerConfigKeys (ConfUtils.java:logGet(43)) - raft.server.log.segment.size.max = 1048576 (custom)
2019-09-20 04:49:03,139 [pool-189-thread-1] INFO  server.RaftServerConfigKeys (ConfUtils.java:logGet(43)) - raft.server.log.segment.cache.num.max = 2 (custom)
2019-09-20 04:49:03,139 [pool-189-thread-1] INFO  segmented.SegmentedRaftLogWorker (SegmentedRaftLogWorker.java:<init>(172)) - new dba845b8-ea76-4e09-ab03-0883d354e493-SegmentedRaftLogWorker:Storage Directory /workdir/hadoop-ozone/integration-test/target/test-dir/MiniOzoneClusterImpl-cd85f641-6806-455e-b969-480e50aec385/datanode-6/data/ratis/f89a8d0e-569b-4e40-8a09-ea3f72ddb3ce for RaftStorage:Storage Directory /workdir/hadoop-ozone/integration-test/target/test-dir/MiniOzoneClusterImpl-cd85f641-6806-455e-b969-480e50aec385/datanode-6/data/ratis/f89a8d0e-569b-4e40-8a09-ea3f72ddb3ce
2019-09-20 04:49:03,139 [pool-189-thread-1] INFO  server.RaftServerConfigKeys (ConfUtils.java:logGet(43)) - raft.server.log.queue.byte-limit = 2147483647 (custom)
2019-09-20 04:49:03,140 [pool-189-thread-1] INFO  server.RaftServerConfigKeys (ConfUtils.java:logGet(43)) - raft.server.log.queue.element-limit = 1024 (custom)
2019-09-20 04:49:03,140 [pool-189-thread-1] INFO  server.RaftServerConfigKeys (ConfUtils.java:logGet(43)) - raft.server.log.segment.size.max = 1048576 (custom)
2019-09-20 04:49:03,140 [pool-189-thread-1] INFO  server.RaftServerConfigKeys (ConfUtils.java:logGet(43)) - raft.server.log.preallocated.size = 16384 (custom)
2019-09-20 04:49:03,140 [pool-189-thread-1] INFO  server.RaftServerConfigKeys (ConfUtils.java:logGet(43)) - raft.server.log.write.buffer.size = 33554432 (custom)
2019-09-20 04:49:03,140 [pool-189-thread-1] INFO  server.RaftServerConfigKeys (ConfUtils.java:logGet(43)) - raft.server.log.force.sync.num = 128 (default)
2019-09-20 04:49:03,140 [pool-189-thread-1] INFO  server.RaftServerConfigKeys (ConfUtils.java:logGet(43)) - raft.server.log.statemachine.data.sync = true (default)
2019-09-20 04:49:03,140 [pool-189-thread-1] INFO  server.RaftServerConfigKeys (ConfUtils.java:logGet(43)) - raft.server.log.statemachine.data.sync.timeout = 10s (default)
2019-09-20 04:49:03,140 [pool-189-thread-1] INFO  server.RaftServerConfigKeys (ConfUtils.java:logGet(43)) - raft.server.log.statemachine.data.sync.timeout.retry = -1 (default)
2019-09-20 04:49:03,140 [pool-189-thread-1] INFO  server.RaftServerConfigKeys (ConfUtils.java:logGet(43)) - raft.server.log.statemachine.data.caching.enabled = true (custom)
2019-09-20 04:49:03,141 [pool-189-thread-1] INFO  segmented.SegmentedRaftLogWorker (SegmentedRaftLogWorker.java:lambda$new$0(132)) - dba845b8-ea76-4e09-ab03-0883d354e493-SegmentedRaftLogWorker:Storage Directory /workdir/hadoop-ozone/integration-test/target/test-dir/MiniOzoneClusterImpl-cd85f641-6806-455e-b969-480e50aec385/datanode-6/data/ratis/f89a8d0e-569b-4e40-8a09-ea3f72ddb3ce: flushIndex: setUnconditionally 0 -> -1
2019-09-20 04:49:03,141 [pool-189-thread-1] INFO  server.RaftServerConfigKeys (ConfUtils.java:logGet(43)) - raft.server.snapshot.auto.trigger.enabled = true (custom)
2019-09-20 04:49:03,141 [pool-189-thread-1] INFO  server.RaftServerConfigKeys (ConfUtils.java:logGet(43)) - raft.server.snapshot.auto.trigger.threshold = 10000 (custom)
2019-09-20 04:49:03,141 [pool-189-thread-1] INFO  server.RaftServerConfigKeys (ConfUtils.java:logGet(43)) - raft.server.retrycache.expirytime = 600000ms (custom)
2019-09-20 04:49:03,141 [pool-189-thread-1] INFO  impl.RaftServerImpl (RaftServerImpl.java:start(180)) - dba845b8-ea76-4e09-ab03-0883d354e493: start group-EA3F72DDB3CE
2019-09-20 04:49:03,141 [pool-189-thread-1] INFO  impl.RaftServerImpl (RaftServerImpl.java:setRole(171)) - dba845b8-ea76-4e09-ab03-0883d354e493:group-EA3F72DDB3CE changes role from null to FOLLOWER at term 0 for startAsFollower
2019-09-20 04:49:03,142 [pool-189-thread-1] INFO  impl.RoleInfo (RoleInfo.java:updateAndGet(143)) - dba845b8-ea76-4e09-ab03-0883d354e493: start FollowerState
2019-09-20 04:49:03,142 [pool-189-thread-1] INFO  util.JmxRegister (JmxRegister.java:tryRegister(44)) - Successfully registered JMX Bean with object name Ratis:service=RaftServer,group=group-EA3F72DDB3CE,id=dba845b8-ea76-4e09-ab03-0883d354e493
2019-09-20 04:49:03,144 [RatisPipelineUtilsThread] INFO  pipeline.PipelineStateManager (PipelineStateManager.java:addPipeline(56)) - Created pipeline Pipeline[ Id: f89a8d0e-569b-4e40-8a09-ea3f72ddb3ce, Nodes: dba845b8-ea76-4e09-ab03-0883d354e493{ip: 192.168.36.79, host: pr-hdds-1569-s8kj2-2266485376, networkLocation: /default-rack, certSerialId: null}, Type:RATIS, Factor:ONE, State:OPEN]
2019-09-20 04:49:03,144 [RatisPipelineUtilsThread] INFO  pipeline.PipelinePlacementPolicy (PipelinePlacementPolicy.java:meetCriteria(91)) - Pipeline Placement: Doesn't meet the criteria to be viable node： 236eed40-dd97-4fdc-a0ae-ab99685a426b Heaviness: 6 limit: 5
2019-09-20 04:49:03,144 [RatisPipelineUtilsThread] INFO  pipeline.PipelinePlacementPolicy (PipelinePlacementPolicy.java:meetCriteria(91)) - Pipeline Placement: Doesn't meet the criteria to be viable node： bd1a845e-f2ed-4713-9516-9ccc20139040 Heaviness: 6 limit: 5
2019-09-20 04:49:03,144 [RatisPipelineUtilsThread] INFO  pipeline.PipelinePlacementPolicy (PipelinePlacementPolicy.java:meetCriteria(91)) - Pipeline Placement: Doesn't meet the criteria to be viable node： 3c2a6bfe-f5c5-4e23-89b0-850dab17697d Heaviness: 6 limit: 5
2019-09-20 04:49:03,144 [RatisPipelineUtilsThread] INFO  pipeline.PipelinePlacementPolicy (PipelinePlacementPolicy.java:meetCriteria(91)) - Pipeline Placement: Doesn't meet the criteria to be viable node： ba95d636-ac34-4b74-a102-dec8d0f377c6 Heaviness: 6 limit: 5
2019-09-20 04:49:03,145 [RatisPipelineUtilsThread] INFO  pipeline.PipelinePlacementPolicy (PipelinePlacementPolicy.java:meetCriteria(91)) - Pipeline Placement: Doesn't meet the criteria to be viable node： fdbc37f2-9e58-4bac-a5d5-a78839d012e9 Heaviness: 6 limit: 5
2019-09-20 04:49:03,145 [RatisPipelineUtilsThread] INFO  pipeline.PipelinePlacementPolicy (PipelinePlacementPolicy.java:meetCriteria(91)) - Pipeline Placement: Doesn't meet the criteria to be viable node： c4f6294c-eda3-4afd-81f7-e69ed14da69f Heaviness: 6 limit: 5
2019-09-20 04:49:03,149 [grpc-default-executor-0] INFO  impl.RaftServerProxy (RaftServerProxy.java:addNew(89)) - dba845b8-ea76-4e09-ab03-0883d354e493: addNew group-B12F52E3B071:[dba845b8-ea76-4e09-ab03-0883d354e493:192.168.36.79:39392] returns group-B12F52E3B071:java.util.concurrent.CompletableFuture@1e93d8ed[Not completed]
2019-09-20 04:49:03,150 [pool-189-thread-1] INFO  impl.RaftServerImpl (RaftServerImpl.java:<init>(93)) - dba845b8-ea76-4e09-ab03-0883d354e493: new RaftServerImpl for group-B12F52E3B071:[dba845b8-ea76-4e09-ab03-0883d354e493:192.168.36.79:39392] with ContainerStateMachine:uninitialized
2019-09-20 04:49:03,150 [pool-189-thread-1] INFO  server.RaftServerConfigKeys (ConfUtils.java:logGet(43)) - raft.server.rpc.timeout.min = 5s (custom)
2019-09-20 04:49:03,150 [pool-189-thread-1] INFO  server.RaftServerConfigKeys (ConfUtils.java:logGet(43)) - raft.server.rpc.timeout.max = 5200ms (custom)
2019-09-20 04:49:03,150 [pool-189-thread-1] INFO  server.RaftServerConfigKeys (ConfUtils.java:logGet(43)) - raft.server.rpcslowness.timeout = 120s (custom)
2019-09-20 04:49:03,150 [pool-189-thread-1] INFO  server.RaftServerConfigKeys (ConfUtils.java:logGet(43)) - raft.server.sleep.deviation.threshold = 300 (default)
2019-09-20 04:49:03,151 [pool-189-thread-1] INFO  server.RaftServerConfigKeys (ConfUtils.java:logGet(43)) - raft.server.log.appender.install.snapshot.enabled = false (custom)
2019-09-20 04:49:03,151 [pool-189-thread-1] INFO  impl.RaftServerImpl (ServerState.java:<init>(105)) - dba845b8-ea76-4e09-ab03-0883d354e493:group-B12F52E3B071 ConfigurationManager, init=-1: [dba845b8-ea76-4e09-ab03-0883d354e493:192.168.36.79:39392], old=null, confs=<EMPTY_MAP>
2019-09-20 04:49:03,151 [pool-189-thread-1] INFO  server.RaftServerConfigKeys (ConfUtils.java:logGet(43)) - raft.server.storage.dir = [/workdir/hadoop-ozone/integration-test/target/test-dir/MiniOzoneClusterImpl-cd85f641-6806-455e-b969-480e50aec385/datanode-6/data/ratis] (custom)
2019-09-20 04:49:03,151 [pool-189-thread-1] INFO  storage.RaftStorageDirectory (RaftStorageDirectory.java:analyzeStorage(246)) - The storage directory /workdir/hadoop-ozone/integration-test/target/test-dir/MiniOzoneClusterImpl-cd85f641-6806-455e-b969-480e50aec385/datanode-6/data/ratis/4146dea1-d3f6-4b67-8303-b12f52e3b071 does not exist. Creating ...
2019-09-20 04:49:03,155 | INFO  | SCMAudit | user=jenkins1000 | ip=192.168.36.79 | op=SEND_HEARTBEAT {datanodeUUID=42fc6e92-fcdd-4827-b621-9fc58a3d2315, command=[]} | ret=SUCCESS |  
2019-09-20 04:49:03,180 [pool-189-thread-1] INFO  storage.RaftStorageDirectory (RaftStorageDirectory.java:tryLock(328)) - Lock on /workdir/hadoop-ozone/integration-test/target/test-dir/MiniOzoneClusterImpl-cd85f641-6806-455e-b969-480e50aec385/datanode-6/data/ratis/4146dea1-d3f6-4b67-8303-b12f52e3b071/in_use.lock acquired by nodename 9457@pr-hdds-1569-s8kj2-2266485376
2019-09-20 04:49:03,206 [pool-189-thread-1] INFO  storage.RaftStorage (RaftStorage.java:format(72)) - Storage directory /workdir/hadoop-ozone/integration-test/target/test-dir/MiniOzoneClusterImpl-cd85f641-6806-455e-b969-480e50aec385/datanode-6/data/ratis/4146dea1-d3f6-4b67-8303-b12f52e3b071 has been successfully formatted.
2019-09-20 04:49:03,206 [pool-189-thread-1] INFO  ratis.ContainerStateMachine (ContainerStateMachine.java:loadSnapshot(226)) - group-B12F52E3B071: The snapshot info is null. Setting the last applied indexto:(t:0, i:~)
2019-09-20 04:49:03,206 [pool-189-thread-1] INFO  server.RaftServerConfigKeys (ConfUtils.java:logGet(43)) - raft.server.leader.election.timeout = 120s (custom)
2019-09-20 04:49:03,206 [pool-189-thread-1] INFO  server.RaftServerConfigKeys (ConfUtils.java:logGet(43)) - raft.server.log.use.memory = false (default)
2019-09-20 04:49:03,206 [pool-189-thread-1] INFO  server.RaftServerConfigKeys (ConfUtils.java:logGet(43)) - raft.server.log.purge.gap = 1000000 (custom)
2019-09-20 04:49:03,206 [pool-189-thread-1] INFO  server.RaftServerConfigKeys (ConfUtils.java:logGet(43)) - raft.server.log.appender.buffer.byte-limit = 33554432 (custom)
2019-09-20 04:49:03,207 [pool-189-thread-1] INFO  server.RaftServerConfigKeys (ConfUtils.java:logGet(43)) - raft.server.log.segment.size.max = 1048576 (custom)
2019-09-20 04:49:03,207 [pool-189-thread-1] INFO  server.RaftServerConfigKeys (ConfUtils.java:logGet(43)) - raft.server.log.segment.cache.num.max = 2 (custom)
2019-09-20 04:49:03,207 [pool-189-thread-1] INFO  segmented.SegmentedRaftLogWorker (SegmentedRaftLogWorker.java:<init>(172)) - new dba845b8-ea76-4e09-ab03-0883d354e493-SegmentedRaftLogWorker:Storage Directory /workdir/hadoop-ozone/integration-test/target/test-dir/MiniOzoneClusterImpl-cd85f641-6806-455e-b969-480e50aec385/datanode-6/data/ratis/4146dea1-d3f6-4b67-8303-b12f52e3b071 for RaftStorage:Storage Directory /workdir/hadoop-ozone/integration-test/target/test-dir/MiniOzoneClusterImpl-cd85f641-6806-455e-b969-480e50aec385/datanode-6/data/ratis/4146dea1-d3f6-4b67-8303-b12f52e3b071
2019-09-20 04:49:03,207 [pool-189-thread-1] INFO  server.RaftServerConfigKeys (ConfUtils.java:logGet(43)) - raft.server.log.queue.byte-limit = 2147483647 (custom)
2019-09-20 04:49:03,207 [pool-189-thread-1] INFO  server.RaftServerConfigKeys (ConfUtils.java:logGet(43)) - raft.server.log.queue.element-limit = 1024 (custom)
2019-09-20 04:49:03,207 [pool-189-thread-1] INFO  server.RaftServerConfigKeys (ConfUtils.java:logGet(43)) - raft.server.log.segment.size.max = 1048576 (custom)
2019-09-20 04:49:03,207 [pool-189-thread-1] INFO  server.RaftServerConfigKeys (ConfUtils.java:logGet(43)) - raft.server.log.preallocated.size = 16384 (custom)
2019-09-20 04:49:03,207 [pool-189-thread-1] INFO  server.RaftServerConfigKeys (ConfUtils.java:logGet(43)) - raft.server.log.write.buffer.size = 33554432 (custom)
2019-09-20 04:49:03,207 [pool-189-thread-1] INFO  server.RaftServerConfigKeys (ConfUtils.java:logGet(43)) - raft.server.log.force.sync.num = 128 (default)
2019-09-20 04:49:03,207 [pool-189-thread-1] INFO  server.RaftServerConfigKeys (ConfUtils.java:logGet(43)) - raft.server.log.statemachine.data.sync = true (default)
2019-09-20 04:49:03,208 [pool-189-thread-1] INFO  server.RaftServerConfigKeys (ConfUtils.java:logGet(43)) - raft.server.log.statemachine.data.sync.timeout = 10s (default)
2019-09-20 04:49:03,208 [pool-189-thread-1] INFO  server.RaftServerConfigKeys (ConfUtils.java:logGet(43)) - raft.server.log.statemachine.data.sync.timeout.retry = -1 (default)
2019-09-20 04:49:03,208 [pool-189-thread-1] INFO  server.RaftServerConfigKeys (ConfUtils.java:logGet(43)) - raft.server.log.statemachine.data.caching.enabled = true (custom)
2019-09-20 04:49:03,208 [pool-189-thread-1] INFO  segmented.SegmentedRaftLogWorker (SegmentedRaftLogWorker.java:lambda$new$0(132)) - dba845b8-ea76-4e09-ab03-0883d354e493-SegmentedRaftLogWorker:Storage Directory /workdir/hadoop-ozone/integration-test/target/test-dir/MiniOzoneClusterImpl-cd85f641-6806-455e-b969-480e50aec385/datanode-6/data/ratis/4146dea1-d3f6-4b67-8303-b12f52e3b071: flushIndex: setUnconditionally 0 -> -1
2019-09-20 04:49:03,208 [pool-189-thread-1] INFO  server.RaftServerConfigKeys (ConfUtils.java:logGet(43)) - raft.server.snapshot.auto.trigger.enabled = true (custom)
2019-09-20 04:49:03,208 [pool-189-thread-1] INFO  server.RaftServerConfigKeys (ConfUtils.java:logGet(43)) - raft.server.snapshot.auto.trigger.threshold = 10000 (custom)
2019-09-20 04:49:03,208 [pool-189-thread-1] INFO  server.RaftServerConfigKeys (ConfUtils.java:logGet(43)) - raft.server.retrycache.expirytime = 600000ms (custom)
2019-09-20 04:49:03,209 [pool-189-thread-1] INFO  impl.RaftServerImpl (RaftServerImpl.java:start(180)) - dba845b8-ea76-4e09-ab03-0883d354e493: start group-B12F52E3B071
2019-09-20 04:49:03,209 [pool-189-thread-1] INFO  impl.RaftServerImpl (RaftServerImpl.java:setRole(171)) - dba845b8-ea76-4e09-ab03-0883d354e493:group-B12F52E3B071 changes role from null to FOLLOWER at term 0 for startAsFollower
2019-09-20 04:49:03,209 [pool-189-thread-1] INFO  impl.RoleInfo (RoleInfo.java:updateAndGet(143)) - dba845b8-ea76-4e09-ab03-0883d354e493: start FollowerState
2019-09-20 04:49:03,209 [pool-189-thread-1] INFO  util.JmxRegister (JmxRegister.java:tryRegister(44)) - Successfully registered JMX Bean with object name Ratis:service=RaftServer,group=group-B12F52E3B071,id=dba845b8-ea76-4e09-ab03-0883d354e493
2019-09-20 04:49:03,211 [RatisPipelineUtilsThread] INFO  pipeline.PipelineStateManager (PipelineStateManager.java:addPipeline(56)) - Created pipeline Pipeline[ Id: 4146dea1-d3f6-4b67-8303-b12f52e3b071, Nodes: dba845b8-ea76-4e09-ab03-0883d354e493{ip: 192.168.36.79, host: pr-hdds-1569-s8kj2-2266485376, networkLocation: /default-rack, certSerialId: null}, Type:RATIS, Factor:ONE, State:OPEN]
2019-09-20 04:49:03,211 [RatisPipelineUtilsThread] INFO  pipeline.PipelinePlacementPolicy (PipelinePlacementPolicy.java:meetCriteria(91)) - Pipeline Placement: Doesn't meet the criteria to be viable node： 236eed40-dd97-4fdc-a0ae-ab99685a426b Heaviness: 6 limit: 5
2019-09-20 04:49:03,211 [RatisPipelineUtilsThread] INFO  pipeline.PipelinePlacementPolicy (PipelinePlacementPolicy.java:meetCriteria(91)) - Pipeline Placement: Doesn't meet the criteria to be viable node： bd1a845e-f2ed-4713-9516-9ccc20139040 Heaviness: 6 limit: 5
2019-09-20 04:49:03,212 [RatisPipelineUtilsThread] INFO  pipeline.PipelinePlacementPolicy (PipelinePlacementPolicy.java:meetCriteria(91)) - Pipeline Placement: Doesn't meet the criteria to be viable node： 3c2a6bfe-f5c5-4e23-89b0-850dab17697d Heaviness: 6 limit: 5
2019-09-20 04:49:03,212 [RatisPipelineUtilsThread] INFO  pipeline.PipelinePlacementPolicy (PipelinePlacementPolicy.java:meetCriteria(91)) - Pipeline Placement: Doesn't meet the criteria to be viable node： dba845b8-ea76-4e09-ab03-0883d354e493 Heaviness: 6 limit: 5
2019-09-20 04:49:03,212 [RatisPipelineUtilsThread] INFO  pipeline.PipelinePlacementPolicy (PipelinePlacementPolicy.java:meetCriteria(91)) - Pipeline Placement: Doesn't meet the criteria to be viable node： ba95d636-ac34-4b74-a102-dec8d0f377c6 Heaviness: 6 limit: 5
2019-09-20 04:49:03,212 [RatisPipelineUtilsThread] INFO  pipeline.PipelinePlacementPolicy (PipelinePlacementPolicy.java:meetCriteria(91)) - Pipeline Placement: Doesn't meet the criteria to be viable node： fdbc37f2-9e58-4bac-a5d5-a78839d012e9 Heaviness: 6 limit: 5
2019-09-20 04:49:03,212 [RatisPipelineUtilsThread] INFO  pipeline.PipelinePlacementPolicy (PipelinePlacementPolicy.java:meetCriteria(91)) - Pipeline Placement: Doesn't meet the criteria to be viable node： c4f6294c-eda3-4afd-81f7-e69ed14da69f Heaviness: 6 limit: 5
2019-09-20 04:49:03,212 [RatisPipelineUtilsThread] ERROR pipeline.PipelinePlacementPolicy (PipelinePlacementPolicy.java:filterViableNodes(148)) - Unable to find enough nodes that meet the criteria that cannot engage in more than 5 pipelines. Nodes required: 1 Found: 0, healthy nodes count inNodeManager: 7.
2019-09-20 04:49:03,212 [RatisPipelineUtilsThread] ERROR pipeline.SCMPipelineManager (SCMPipelineManager.java:createPipeline(161)) - Pipeline creation failed due to exception: Unable to find enough nodes that meet the criteria that cannot engage in more than 5 pipelines. Nodes required: 1 Found: 0, healthy nodes count inNodeManager: 7.
2019-09-20 04:49:03,212 [RatisPipelineUtilsThread] INFO  pipeline.PipelinePlacementPolicy (PipelinePlacementPolicy.java:meetCriteria(91)) - Pipeline Placement: Doesn't meet the criteria to be viable node： 236eed40-dd97-4fdc-a0ae-ab99685a426b Heaviness: 6 limit: 5
2019-09-20 04:49:03,212 [RatisPipelineUtilsThread] INFO  pipeline.PipelinePlacementPolicy (PipelinePlacementPolicy.java:meetCriteria(91)) - Pipeline Placement: Doesn't meet the criteria to be viable node： bd1a845e-f2ed-4713-9516-9ccc20139040 Heaviness: 6 limit: 5
2019-09-20 04:49:03,212 [RatisPipelineUtilsThread] INFO  pipeline.PipelinePlacementPolicy (PipelinePlacementPolicy.java:meetCriteria(91)) - Pipeline Placement: Doesn't meet the criteria to be viable node： 3c2a6bfe-f5c5-4e23-89b0-850dab17697d Heaviness: 6 limit: 5
2019-09-20 04:49:03,213 [RatisPipelineUtilsThread] INFO  pipeline.PipelinePlacementPolicy (PipelinePlacementPolicy.java:meetCriteria(91)) - Pipeline Placement: Doesn't meet the criteria to be viable node： dba845b8-ea76-4e09-ab03-0883d354e493 Heaviness: 6 limit: 5
2019-09-20 04:49:03,213 [RatisPipelineUtilsThread] INFO  pipeline.PipelinePlacementPolicy (PipelinePlacementPolicy.java:meetCriteria(91)) - Pipeline Placement: Doesn't meet the criteria to be viable node： ba95d636-ac34-4b74-a102-dec8d0f377c6 Heaviness: 6 limit: 5
2019-09-20 04:49:03,213 [RatisPipelineUtilsThread] INFO  pipeline.PipelinePlacementPolicy (PipelinePlacementPolicy.java:meetCriteria(91)) - Pipeline Placement: Doesn't meet the criteria to be viable node： fdbc37f2-9e58-4bac-a5d5-a78839d012e9 Heaviness: 6 limit: 5
2019-09-20 04:49:03,213 [RatisPipelineUtilsThread] INFO  pipeline.PipelinePlacementPolicy (PipelinePlacementPolicy.java:meetCriteria(91)) - Pipeline Placement: Doesn't meet the criteria to be viable node： c4f6294c-eda3-4afd-81f7-e69ed14da69f Heaviness: 6 limit: 5
2019-09-20 04:49:03,213 [RatisPipelineUtilsThread] ERROR pipeline.PipelinePlacementPolicy (PipelinePlacementPolicy.java:filterViableNodes(148)) - Unable to find enough nodes that meet the criteria that cannot engage in more than 5 pipelines. Nodes required: 3 Found: 0, healthy nodes count inNodeManager: 7.
2019-09-20 04:49:03,213 [RatisPipelineUtilsThread] ERROR pipeline.SCMPipelineManager (SCMPipelineManager.java:createPipeline(161)) - Pipeline creation failed due to exception: Unable to find enough nodes that meet the criteria that cannot engage in more than 5 pipelines. Nodes required: 3 Found: 0, healthy nodes count inNodeManager: 7.
2019-09-20 04:49:03,213 [IPC Server handler 1 on 46814] INFO  pipeline.PipelinePlacementPolicy (PipelinePlacementPolicy.java:meetCriteria(91)) - Pipeline Placement: Doesn't meet the criteria to be viable node： 236eed40-dd97-4fdc-a0ae-ab99685a426b Heaviness: 6 limit: 5
2019-09-20 04:49:03,213 [IPC Server handler 1 on 46814] INFO  pipeline.PipelinePlacementPolicy (PipelinePlacementPolicy.java:meetCriteria(91)) - Pipeline Placement: Doesn't meet the criteria to be viable node： bd1a845e-f2ed-4713-9516-9ccc20139040 Heaviness: 6 limit: 5
2019-09-20 04:49:03,214 [IPC Server handler 1 on 46814] INFO  pipeline.PipelinePlacementPolicy (PipelinePlacementPolicy.java:meetCriteria(91)) - Pipeline Placement: Doesn't meet the criteria to be viable node： 3c2a6bfe-f5c5-4e23-89b0-850dab17697d Heaviness: 6 limit: 5
2019-09-20 04:49:03,214 [IPC Server handler 1 on 46814] INFO  pipeline.PipelinePlacementPolicy (PipelinePlacementPolicy.java:meetCriteria(91)) - Pipeline Placement: Doesn't meet the criteria to be viable node： dba845b8-ea76-4e09-ab03-0883d354e493 Heaviness: 6 limit: 5
2019-09-20 04:49:03,214 [IPC Server handler 1 on 46814] INFO  pipeline.PipelinePlacementPolicy (PipelinePlacementPolicy.java:meetCriteria(91)) - Pipeline Placement: Doesn't meet the criteria to be viable node： ba95d636-ac34-4b74-a102-dec8d0f377c6 Heaviness: 6 limit: 5
2019-09-20 04:49:03,214 [IPC Server handler 1 on 46814] INFO  pipeline.PipelinePlacementPolicy (PipelinePlacementPolicy.java:meetCriteria(91)) - Pipeline Placement: Doesn't meet the criteria to be viable node： fdbc37f2-9e58-4bac-a5d5-a78839d012e9 Heaviness: 6 limit: 5
2019-09-20 04:49:03,214 [IPC Server handler 1 on 46814] INFO  pipeline.PipelinePlacementPolicy (PipelinePlacementPolicy.java:meetCriteria(91)) - Pipeline Placement: Doesn't meet the criteria to be viable node： c4f6294c-eda3-4afd-81f7-e69ed14da69f Heaviness: 6 limit: 5
2019-09-20 04:49:03,214 [IPC Server handler 1 on 46814] ERROR pipeline.PipelinePlacementPolicy (PipelinePlacementPolicy.java:filterViableNodes(148)) - Unable to find enough nodes that meet the criteria that cannot engage in more than 5 pipelines. Nodes required: 3 Found: 0, healthy nodes count inNodeManager: 7.
2019-09-20 04:49:03,215 [IPC Server handler 1 on 46814] ERROR pipeline.SCMPipelineManager (SCMPipelineManager.java:createPipeline(161)) - Pipeline creation failed due to exception: Unable to find enough nodes that meet the criteria that cannot engage in more than 5 pipelines. Nodes required: 3 Found: 0, healthy nodes count inNodeManager: 7.
2019-09-20 04:49:03,215 [RatisPipelineUtilsThread] INFO  pipeline.PipelinePlacementPolicy (PipelinePlacementPolicy.java:meetCriteria(91)) - Pipeline Placement: Doesn't meet the criteria to be viable node： 236eed40-dd97-4fdc-a0ae-ab99685a426b Heaviness: 6 limit: 5
2019-09-20 04:49:03,215 [RatisPipelineUtilsThread] INFO  pipeline.PipelinePlacementPolicy (PipelinePlacementPolicy.java:meetCriteria(91)) - Pipeline Placement: Doesn't meet the criteria to be viable node： bd1a845e-f2ed-4713-9516-9ccc20139040 Heaviness: 6 limit: 5
2019-09-20 04:49:03,215 [RatisPipelineUtilsThread] INFO  pipeline.PipelinePlacementPolicy (PipelinePlacementPolicy.java:meetCriteria(91)) - Pipeline Placement: Doesn't meet the criteria to be viable node： 3c2a6bfe-f5c5-4e23-89b0-850dab17697d Heaviness: 6 limit: 5
2019-09-20 04:49:03,215 [RatisPipelineUtilsThread] INFO  pipeline.PipelinePlacementPolicy (PipelinePlacementPolicy.java:meetCriteria(91)) - Pipeline Placement: Doesn't meet the criteria to be viable node： dba845b8-ea76-4e09-ab03-0883d354e493 Heaviness: 6 limit: 5
2019-09-20 04:49:03,215 [RatisPipelineUtilsThread] INFO  pipeline.PipelinePlacementPolicy (PipelinePlacementPolicy.java:meetCriteria(91)) - Pipeline Placement: Doesn't meet the criteria to be viable node： ba95d636-ac34-4b74-a102-dec8d0f377c6 Heaviness: 6 limit: 5
2019-09-20 04:49:03,215 [RatisPipelineUtilsThread] INFO  pipeline.PipelinePlacementPolicy (PipelinePlacementPolicy.java:meetCriteria(91)) - Pipeline Placement: Doesn't meet the criteria to be viable node： fdbc37f2-9e58-4bac-a5d5-a78839d012e9 Heaviness: 6 limit: 5
2019-09-20 04:49:03,215 [RatisPipelineUtilsThread] INFO  pipeline.PipelinePlacementPolicy (PipelinePlacementPolicy.java:meetCriteria(91)) - Pipeline Placement: Doesn't meet the criteria to be viable node： c4f6294c-eda3-4afd-81f7-e69ed14da69f Heaviness: 6 limit: 5
2019-09-20 04:49:03,215 [RatisPipelineUtilsThread] ERROR pipeline.PipelinePlacementPolicy (PipelinePlacementPolicy.java:filterViableNodes(148)) - Unable to find enough nodes that meet the criteria that cannot engage in more than 5 pipelines. Nodes required: 1 Found: 0, healthy nodes count inNodeManager: 7.
2019-09-20 04:49:03,216 [RatisPipelineUtilsThread] ERROR pipeline.SCMPipelineManager (SCMPipelineManager.java:createPipeline(161)) - Pipeline creation failed due to exception: Unable to find enough nodes that meet the criteria that cannot engage in more than 5 pipelines. Nodes required: 1 Found: 0, healthy nodes count inNodeManager: 7.
2019-09-20 04:49:03,216 [RatisPipelineUtilsThread] INFO  pipeline.PipelinePlacementPolicy (PipelinePlacementPolicy.java:meetCriteria(91)) - Pipeline Placement: Doesn't meet the criteria to be viable node： 236eed40-dd97-4fdc-a0ae-ab99685a426b Heaviness: 6 limit: 5
2019-09-20 04:49:03,216 [RatisPipelineUtilsThread] INFO  pipeline.PipelinePlacementPolicy (PipelinePlacementPolicy.java:meetCriteria(91)) - Pipeline Placement: Doesn't meet the criteria to be viable node： bd1a845e-f2ed-4713-9516-9ccc20139040 Heaviness: 6 limit: 5
2019-09-20 04:49:03,216 [RatisPipelineUtilsThread] INFO  pipeline.PipelinePlacementPolicy (PipelinePlacementPolicy.java:meetCriteria(91)) - Pipeline Placement: Doesn't meet the criteria to be viable node： 3c2a6bfe-f5c5-4e23-89b0-850dab17697d Heaviness: 6 limit: 5
2019-09-20 04:49:03,216 [RatisPipelineUtilsThread] INFO  pipeline.PipelinePlacementPolicy (PipelinePlacementPolicy.java:meetCriteria(91)) - Pipeline Placement: Doesn't meet the criteria to be viable node： dba845b8-ea76-4e09-ab03-0883d354e493 Heaviness: 6 limit: 5
2019-09-20 04:49:03,216 [RatisPipelineUtilsThread] INFO  pipeline.PipelinePlacementPolicy (PipelinePlacementPolicy.java:meetCriteria(91)) - Pipeline Placement: Doesn't meet the criteria to be viable node： ba95d636-ac34-4b74-a102-dec8d0f377c6 Heaviness: 6 limit: 5
2019-09-20 04:49:03,216 [RatisPipelineUtilsThread] INFO  pipeline.PipelinePlacementPolicy (PipelinePlacementPolicy.java:meetCriteria(91)) - Pipeline Placement: Doesn't meet the criteria to be viable node： fdbc37f2-9e58-4bac-a5d5-a78839d012e9 Heaviness: 6 limit: 5
2019-09-20 04:49:03,216 [RatisPipelineUtilsThread] INFO  pipeline.PipelinePlacementPolicy (PipelinePlacementPolicy.java:meetCriteria(91)) - Pipeline Placement: Doesn't meet the criteria to be viable node： c4f6294c-eda3-4afd-81f7-e69ed14da69f Heaviness: 6 limit: 5
2019-09-20 04:49:03,216 [RatisPipelineUtilsThread] ERROR pipeline.PipelinePlacementPolicy (PipelinePlacementPolicy.java:filterViableNodes(148)) - Unable to find enough nodes that meet the criteria that cannot engage in more than 5 pipelines. Nodes required: 3 Found: 0, healthy nodes count inNodeManager: 7.
2019-09-20 04:49:03,216 [RatisPipelineUtilsThread] ERROR pipeline.SCMPipelineManager (SCMPipelineManager.java:createPipeline(161)) - Pipeline creation failed due to exception: Unable to find enough nodes that meet the criteria that cannot engage in more than 5 pipelines. Nodes required: 3 Found: 0, healthy nodes count inNodeManager: 7.
2019-09-20 04:49:03,217 [ReplicationMonitor] INFO  container.ReplicationManager (ReplicationManager.java:run(214)) - Replication Monitor Thread took 203 milliseconds for processing 0 containers.
2019-09-20 04:49:03,217 [IPC Server handler 1 on 46814] INFO  ipc.Server (Server.java:logException(2726)) - IPC Server handler 1 on 46814, call Call#126 Retry#0 org.apache.hadoop.hdds.scm.protocol.StorageContainerLocationProtocol.allocateContainer from 192.168.36.79:51564
java.io.IOException: Could not allocate container. Cannot get any matching pipeline for Type:RATIS, Factor:THREE, State:PipelineState.OPEN
	at org.apache.hadoop.hdds.scm.container.ContainerStateManager.allocateContainer(ContainerStateManager.java:260)
	at org.apache.hadoop.hdds.scm.container.SCMContainerManager.allocateContainer(SCMContainerManager.java:247)
	at org.apache.hadoop.hdds.scm.server.SCMClientProtocolServer.allocateContainer(SCMClientProtocolServer.java:186)
	at org.apache.hadoop.ozone.protocolPB.StorageContainerLocationProtocolServerSideTranslatorPB.allocateContainer(StorageContainerLocationProtocolServerSideTranslatorPB.java:115)
	at org.apache.hadoop.hdds.protocol.proto.StorageContainerLocationProtocolProtos$StorageContainerLocationProtocolService$2.callBlockingMethod(StorageContainerLocationProtocolProtos.java:19079)
	at org.apache.hadoop.ipc.ProtobufRpcEngine$Server$ProtoBufRpcInvoker.call(ProtobufRpcEngine.java:524)
	at org.apache.hadoop.ipc.RPC$Server.call(RPC.java:1025)
	at org.apache.hadoop.ipc.Server$RpcCall.run(Server.java:876)
	at org.apache.hadoop.ipc.Server$RpcCall.run(Server.java:822)
	at java.security.AccessController.doPrivileged(Native Method)
	at javax.security.auth.Subject.doAs(Subject.java:422)
	at org.apache.hadoop.security.UserGroupInformation.doAs(UserGroupInformation.java:1730)
	at org.apache.hadoop.ipc.Server$Handler.run(Server.java:2682)
]]></system-out>
    <system-err><![CDATA[Sep 20, 2019 4:48:55 AM com.sun.jersey.server.impl.application.WebApplicationImpl _initiate
INFO: Initiating Jersey application, version 'Jersey: 1.19 02/11/2015 03:25 AM'
Sep 20, 2019 4:48:56 AM com.sun.jersey.server.impl.application.WebApplicationImpl _initiate
INFO: Initiating Jersey application, version 'Jersey: 1.19 02/11/2015 03:25 AM'
Sep 20, 2019 4:48:56 AM com.sun.jersey.server.impl.application.WebApplicationImpl _initiate
INFO: Initiating Jersey application, version 'Jersey: 1.19 02/11/2015 03:25 AM'
Sep 20, 2019 4:48:56 AM com.sun.jersey.server.impl.application.WebApplicationImpl _initiate
INFO: Initiating Jersey application, version 'Jersey: 1.19 02/11/2015 03:25 AM'
Sep 20, 2019 4:48:56 AM com.sun.jersey.server.impl.application.WebApplicationImpl _initiate
INFO: Initiating Jersey application, version 'Jersey: 1.19 02/11/2015 03:25 AM'
Sep 20, 2019 4:48:57 AM com.sun.jersey.server.impl.application.WebApplicationImpl _initiate
INFO: Initiating Jersey application, version 'Jersey: 1.19 02/11/2015 03:25 AM'
Sep 20, 2019 4:48:57 AM com.sun.jersey.server.impl.application.WebApplicationImpl _initiate
INFO: Initiating Jersey application, version 'Jersey: 1.19 02/11/2015 03:25 AM'
]]></system-err>
  </testcase>
  <testcase name="testWatchForCommitForRetryfailure" classname="org.apache.hadoop.ozone.client.rpc.TestWatchForCommit" time="42.645">
    <error message="org.apache.ratis.protocol.RaftRetryFailureException: Failed RaftClientRequest:client-4B9F346F76BE-&gt;a9bc59c4-b792-48d5-9db2-4e71770477b1@group-F325FBB9CFF9, cid=123, seq=1*, RW, org.apache.hadoop.hdds.scm.XceiverClientRatis$$Lambda$387/1749299393@4fbb4caa for 20 attempts with RetryLimited(maxAttempts=20, sleepTime=1000ms)" type="java.util.concurrent.ExecutionException">java.util.concurrent.ExecutionException: org.apache.ratis.protocol.RaftRetryFailureException: Failed RaftClientRequest:client-4B9F346F76BE->a9bc59c4-b792-48d5-9db2-4e71770477b1@group-F325FBB9CFF9, cid=123, seq=1*, RW, org.apache.hadoop.hdds.scm.XceiverClientRatis$$Lambda$387/1749299393@4fbb4caa for 20 attempts with RetryLimited(maxAttempts=20, sleepTime=1000ms)
	at java.util.concurrent.CompletableFuture.reportGet(CompletableFuture.java:357)
	at java.util.concurrent.CompletableFuture.get(CompletableFuture.java:1895)
	at org.apache.hadoop.ozone.client.rpc.TestWatchForCommit.testWatchForCommitForRetryfailure(TestWatchForCommit.java:335)
	at sun.reflect.NativeMethodAccessorImpl.invoke0(Native Method)
	at sun.reflect.NativeMethodAccessorImpl.invoke(NativeMethodAccessorImpl.java:62)
	at sun.reflect.DelegatingMethodAccessorImpl.invoke(DelegatingMethodAccessorImpl.java:43)
	at java.lang.reflect.Method.invoke(Method.java:498)
	at org.junit.runners.model.FrameworkMethod$1.runReflectiveCall(FrameworkMethod.java:47)
	at org.junit.internal.runners.model.ReflectiveCallable.run(ReflectiveCallable.java:12)
	at org.junit.runners.model.FrameworkMethod.invokeExplosively(FrameworkMethod.java:44)
	at org.junit.internal.runners.statements.InvokeMethod.evaluate(InvokeMethod.java:17)
	at org.junit.runners.ParentRunner.runLeaf(ParentRunner.java:271)
	at org.junit.runners.BlockJUnit4ClassRunner.runChild(BlockJUnit4ClassRunner.java:70)
	at org.junit.runners.BlockJUnit4ClassRunner.runChild(BlockJUnit4ClassRunner.java:50)
	at org.junit.runners.ParentRunner$3.run(ParentRunner.java:238)
	at org.junit.runners.ParentRunner$1.schedule(ParentRunner.java:63)
	at org.junit.runners.ParentRunner.runChildren(ParentRunner.java:236)
	at org.junit.runners.ParentRunner.access$000(ParentRunner.java:53)
	at org.junit.runners.ParentRunner$2.evaluate(ParentRunner.java:229)
	at org.junit.runners.ParentRunner.run(ParentRunner.java:309)
	at org.apache.maven.surefire.junit4.JUnit4Provider.execute(JUnit4Provider.java:365)
	at org.apache.maven.surefire.junit4.JUnit4Provider.executeWithRerun(JUnit4Provider.java:273)
	at org.apache.maven.surefire.junit4.JUnit4Provider.executeTestSet(JUnit4Provider.java:238)
	at org.apache.maven.surefire.junit4.JUnit4Provider.invoke(JUnit4Provider.java:159)
	at org.apache.maven.surefire.booter.ForkedBooter.invokeProviderInSameClassLoader(ForkedBooter.java:384)
	at org.apache.maven.surefire.booter.ForkedBooter.runSuitesInProcess(ForkedBooter.java:345)
	at org.apache.maven.surefire.booter.ForkedBooter.execute(ForkedBooter.java:126)
	at org.apache.maven.surefire.booter.ForkedBooter.main(ForkedBooter.java:418)
Caused by: org.apache.ratis.protocol.RaftRetryFailureException: Failed RaftClientRequest:client-4B9F346F76BE->a9bc59c4-b792-48d5-9db2-4e71770477b1@group-F325FBB9CFF9, cid=123, seq=1*, RW, org.apache.hadoop.hdds.scm.XceiverClientRatis$$Lambda$387/1749299393@4fbb4caa for 20 attempts with RetryLimited(maxAttempts=20, sleepTime=1000ms)
	at org.apache.ratis.client.impl.RaftClientImpl.noMoreRetries(RaftClientImpl.java:272)
	at org.apache.ratis.client.impl.OrderedAsync.handleAsyncRetryFailure(OrderedAsync.java:138)
	at org.apache.ratis.client.impl.OrderedAsync.lambda$sendRequest$10(OrderedAsync.java:230)
	at java.util.concurrent.CompletableFuture.uniExceptionally(CompletableFuture.java:870)
	at java.util.concurrent.CompletableFuture$UniExceptionally.tryFire(CompletableFuture.java:852)
	at java.util.concurrent.CompletableFuture.postComplete(CompletableFuture.java:474)
	at java.util.concurrent.CompletableFuture.completeExceptionally(CompletableFuture.java:1977)
	at org.apache.ratis.grpc.client.GrpcClientProtocolClient$AsyncStreamObservers.completeReplyExceptionally(GrpcClientProtocolClient.java:330)
	at org.apache.ratis.grpc.client.GrpcClientProtocolClient$AsyncStreamObservers.access$000(GrpcClientProtocolClient.java:246)
	at org.apache.ratis.grpc.client.GrpcClientProtocolClient$AsyncStreamObservers$1.onError(GrpcClientProtocolClient.java:275)
	at org.apache.ratis.thirdparty.io.grpc.stub.ClientCalls$StreamObserverToCallListenerAdapter.onClose(ClientCalls.java:434)
	at org.apache.ratis.thirdparty.io.grpc.PartialForwardingClientCallListener.onClose(PartialForwardingClientCallListener.java:39)
	at org.apache.ratis.thirdparty.io.grpc.ForwardingClientCallListener.onClose(ForwardingClientCallListener.java:23)
	at org.apache.ratis.thirdparty.io.grpc.ForwardingClientCallListener$SimpleForwardingClientCallListener.onClose(ForwardingClientCallListener.java:40)
	at org.apache.ratis.thirdparty.io.grpc.internal.CensusStatsModule$StatsClientInterceptor$1$1.onClose(CensusStatsModule.java:678)
	at org.apache.ratis.thirdparty.io.grpc.PartialForwardingClientCallListener.onClose(PartialForwardingClientCallListener.java:39)
	at org.apache.ratis.thirdparty.io.grpc.ForwardingClientCallListener.onClose(ForwardingClientCallListener.java:23)
	at org.apache.ratis.thirdparty.io.grpc.ForwardingClientCallListener$SimpleForwardingClientCallListener.onClose(ForwardingClientCallListener.java:40)
	at org.apache.ratis.thirdparty.io.grpc.internal.CensusTracingModule$TracingClientInterceptor$1$1.onClose(CensusTracingModule.java:397)
	at org.apache.ratis.thirdparty.io.grpc.internal.ClientCallImpl.closeObserver(ClientCallImpl.java:459)
	at org.apache.ratis.thirdparty.io.grpc.internal.ClientCallImpl.access$300(ClientCallImpl.java:63)
	at org.apache.ratis.thirdparty.io.grpc.internal.ClientCallImpl$ClientStreamListenerImpl.close(ClientCallImpl.java:546)
	at org.apache.ratis.thirdparty.io.grpc.internal.ClientCallImpl$ClientStreamListenerImpl.access$600(ClientCallImpl.java:467)
	at org.apache.ratis.thirdparty.io.grpc.internal.ClientCallImpl$ClientStreamListenerImpl$1StreamClosed.runInContext(ClientCallImpl.java:584)
	at org.apache.ratis.thirdparty.io.grpc.internal.ContextRunnable.run(ContextRunnable.java:37)
	at org.apache.ratis.thirdparty.io.grpc.internal.SerializingExecutor.run(SerializingExecutor.java:123)
	at java.util.concurrent.ThreadPoolExecutor.runWorker(ThreadPoolExecutor.java:1149)
	at java.util.concurrent.ThreadPoolExecutor$Worker.run(ThreadPoolExecutor.java:624)
	at java.lang.Thread.run(Thread.java:748)
Caused by: org.apache.ratis.protocol.ServerNotReadyException: Server a9bc59c4-b792-48d5-9db2-4e71770477b1 is not [RUNNING]: current state is CLOSED
	at org.apache.ratis.server.impl.RaftServerImpl.lambda$assertLifeCycleState$10(RaftServerImpl.java:466)
	at org.apache.ratis.util.LifeCycle.assertCurrentState(LifeCycle.java:185)
	at org.apache.ratis.server.impl.RaftServerImpl.assertLifeCycleState(RaftServerImpl.java:465)
	at org.apache.ratis.server.impl.RaftServerImpl.submitClientRequestAsync(RaftServerImpl.java:529)
	at org.apache.ratis.server.impl.RaftServerProxy.lambda$submitClientRequestAsync$7(RaftServerProxy.java:333)
	at org.apache.ratis.server.impl.RaftServerProxy.lambda$null$5(RaftServerProxy.java:328)
	at org.apache.ratis.util.JavaUtils.callAsUnchecked(JavaUtils.java:109)
	at org.apache.ratis.server.impl.RaftServerProxy.lambda$submitRequest$6(RaftServerProxy.java:328)
	at java.util.concurrent.CompletableFuture.uniComposeStage(CompletableFuture.java:981)
	at java.util.concurrent.CompletableFuture.thenCompose(CompletableFuture.java:2124)
	at org.apache.ratis.server.impl.RaftServerProxy.submitRequest(RaftServerProxy.java:327)
	at org.apache.ratis.server.impl.RaftServerProxy.submitClientRequestAsync(RaftServerProxy.java:333)
	at org.apache.ratis.grpc.client.GrpcClientProtocolService$RequestStreamObserver.processClientRequest(GrpcClientProtocolService.java:220)
	at org.apache.ratis.grpc.client.GrpcClientProtocolService$OrderedRequestStreamObserver.processClientRequest(GrpcClientProtocolService.java:326)
	at org.apache.ratis.util.SlidingWindow$Server.processRequestsFromHead(SlidingWindow.java:429)
	at org.apache.ratis.util.SlidingWindow$Server.receivedRequest(SlidingWindow.java:421)
	at org.apache.ratis.grpc.client.GrpcClientProtocolService$OrderedRequestStreamObserver.processClientRequest(GrpcClientProtocolService.java:345)
	at org.apache.ratis.grpc.client.GrpcClientProtocolService$RequestStreamObserver.onNext(GrpcClientProtocolService.java:240)
	at org.apache.ratis.grpc.client.GrpcClientProtocolService$RequestStreamObserver.onNext(GrpcClientProtocolService.java:168)
	at org.apache.ratis.thirdparty.io.grpc.stub.ServerCalls$StreamingServerCallHandler$StreamingServerCallListener.onMessage(ServerCalls.java:248)
	at org.apache.ratis.thirdparty.io.grpc.internal.ServerCallImpl$ServerStreamListenerImpl.messagesAvailable(ServerCallImpl.java:263)
	at org.apache.ratis.thirdparty.io.grpc.internal.ServerImpl$JumpToApplicationThreadServerStreamListener$1MessagesAvailable.runInContext(ServerImpl.java:686)
	... 5 more
</error>
    <system-out><![CDATA[2019-09-20 04:49:03,242 | INFO  | SCMAudit | user=jenkins1000 | ip=192.168.36.79 | op=SEND_HEARTBEAT {datanodeUUID=ba95d636-ac34-4b74-a102-dec8d0f377c6, command=[]} | ret=SUCCESS |  
2019-09-20 04:49:03,251 | INFO  | SCMAudit | user=jenkins1000 | ip=192.168.36.79 | op=SEND_HEARTBEAT {datanodeUUID=bd1a845e-f2ed-4713-9516-9ccc20139040, command=[]} | ret=SUCCESS |  
2019-09-20 04:49:03,252 [main] WARN  server.ServerUtils (ServerUtils.java:getScmDbDir(145)) - ozone.scm.db.dirs is not configured. We recommend adding this setting. Falling back to ozone.metadata.dirs instead.
2019-09-20 04:49:03,267 | INFO  | SCMAudit | user=jenkins1000 | ip=192.168.36.79 | op=SEND_HEARTBEAT {datanodeUUID=8d97392c-5f4b-400a-94a1-fb61a3ebbc99, command=[]} | ret=SUCCESS |  
2019-09-20 04:49:03,274 [main] WARN  server.ServerUtils (ServerUtils.java:getScmDbDir(145)) - ozone.scm.db.dirs is not configured. We recommend adding this setting. Falling back to ozone.metadata.dirs instead.
2019-09-20 04:49:03,274 [main] WARN  server.ServerUtils (ServerUtils.java:getScmDbDir(145)) - ozone.scm.db.dirs is not configured. We recommend adding this setting. Falling back to ozone.metadata.dirs instead.
2019-09-20 04:49:03,275 [main] INFO  db.DBStoreBuilder (DBStoreBuilder.java:addTable(110)) - using custom profile for table: deletedBlocks
2019-09-20 04:49:03,275 [main] INFO  db.DBStoreBuilder (DBStoreBuilder.java:processTables(161)) - Using default column profile:DBProfile.DISK for Table:deletedBlocks
2019-09-20 04:49:03,275 [main] INFO  db.DBStoreBuilder (DBStoreBuilder.java:addTable(110)) - using custom profile for table: validCerts
2019-09-20 04:49:03,276 [main] INFO  db.DBStoreBuilder (DBStoreBuilder.java:processTables(161)) - Using default column profile:DBProfile.DISK for Table:validCerts
2019-09-20 04:49:03,276 [main] INFO  db.DBStoreBuilder (DBStoreBuilder.java:addTable(110)) - using custom profile for table: revokedCerts
2019-09-20 04:49:03,276 [main] INFO  db.DBStoreBuilder (DBStoreBuilder.java:processTables(161)) - Using default column profile:DBProfile.DISK for Table:revokedCerts
2019-09-20 04:49:03,276 [main] INFO  db.DBStoreBuilder (DBStoreBuilder.java:addTable(110)) - using custom profile for table: default
2019-09-20 04:49:03,277 [main] INFO  db.DBStoreBuilder (DBStoreBuilder.java:processTables(167)) - Using default column profile:DBProfile.DISK for Table:default
2019-09-20 04:49:03,277 [main] INFO  db.DBStoreBuilder (DBStoreBuilder.java:getDbProfile(198)) - Using default options. DBProfile.DISK
2019-09-20 04:49:03,447 | INFO  | SCMAudit | user=jenkins1000 | ip=192.168.36.79 | op=SEND_HEARTBEAT {datanodeUUID=dba845b8-ea76-4e09-ab03-0883d354e493, command=[]} | ret=SUCCESS |  
2019-09-20 04:49:03,500 | INFO  | SCMAudit | user=jenkins1000 | ip=192.168.36.79 | op=SEND_HEARTBEAT {datanodeUUID=c4f6294c-eda3-4afd-81f7-e69ed14da69f, command=[]} | ret=SUCCESS |  
2019-09-20 04:49:03,523 [main] INFO  net.NodeSchemaLoader (NodeSchemaLoader.java:loadSchemaFromFile(125)) - Loading file from sun.misc.CompoundEnumeration@4e030feb
2019-09-20 04:49:03,523 [main] INFO  net.NodeSchemaLoader (NodeSchemaLoader.java:loadSchema(171)) - Loading network topology layer schema file
2019-09-20 04:49:03,526 [main] WARN  server.ServerUtils (ServerUtils.java:sanitizeUserArgs(70)) - ozone.scm.stale.node.interval value = 300000 is larger than max = 100000 based on the key value of ozone.scm.heartbeat.thread.interval, reset to the max value 100000.
2019-09-20 04:49:03,527 [main] WARN  server.ServerUtils (ServerUtils.java:sanitizeUserArgs(70)) - ozone.scm.stale.node.interval value = 300000 is larger than max = 100000 based on the key value of ozone.scm.heartbeat.thread.interval, reset to the max value 100000.
2019-09-20 04:49:03,527 [main] INFO  node.SCMNodeManager (SCMNodeManager.java:<init>(121)) - Entering startup safe mode.
2019-09-20 04:49:03,528 [main] INFO  algorithms.ContainerPlacementPolicyFactory (ContainerPlacementPolicyFactory.java:getPolicy(56)) - Create container placement policy of type org.apache.hadoop.hdds.scm.container.placement.algorithms.SCMContainerPlacementRandom
2019-09-20 04:49:03,528 [main] WARN  server.ServerUtils (ServerUtils.java:getScmDbDir(145)) - ozone.scm.db.dirs is not configured. We recommend adding this setting. Falling back to ozone.metadata.dirs instead.
2019-09-20 04:49:03,617 [main] INFO  pipeline.SCMPipelineManager (SCMPipelineManager.java:initializePipelineState(126)) - No pipeline exists in current db
2019-09-20 04:49:03,617 [main] WARN  server.ServerUtils (ServerUtils.java:getScmDbDir(145)) - ozone.scm.db.dirs is not configured. We recommend adding this setting. Falling back to ozone.metadata.dirs instead.
2019-09-20 04:49:03,658 | INFO  | SCMAudit | user=jenkins1000 | ip=192.168.36.79 | op=SEND_HEARTBEAT {datanodeUUID=2702b462-69d8-4c1b-aae1-091a21fe08b8, command=[]} | ret=SUCCESS |  
2019-09-20 04:49:03,658 | INFO  | SCMAudit | user=jenkins1000 | ip=192.168.36.79 | op=SEND_HEARTBEAT {datanodeUUID=2d6465ef-cffa-473a-a4c6-a9aa3f1a26c0, command=[]} | ret=SUCCESS |  
2019-09-20 04:49:03,729 [main] WARN  events.EventQueue (EventQueue.java:fireEvent(175)) - No event handler registered for event TypedEvent{payloadType=SafeModeStatus, name='SafeModeStatus'}
2019-09-20 04:49:03,730 [main] INFO  ipc.CallQueueManager (CallQueueManager.java:<init>(84)) - Using callQueue: class java.util.concurrent.LinkedBlockingQueue, queueCapacity: 2000, scheduler: class org.apache.hadoop.ipc.DefaultRpcScheduler, ipcBackoff: false.
2019-09-20 04:49:03,731 [Socket Reader #1 for port 46304] INFO  ipc.Server (Server.java:run(1074)) - Starting Socket Reader #1 for port 46304
2019-09-20 04:49:03,738 | INFO  | SCMAudit | user=jenkins1000 | ip=192.168.36.79 | op=SEND_HEARTBEAT {datanodeUUID=fdbc37f2-9e58-4bac-a5d5-a78839d012e9, command=[]} | ret=SUCCESS |  
2019-09-20 04:49:03,738 [main] INFO  ipc.CallQueueManager (CallQueueManager.java:<init>(84)) - Using callQueue: class java.util.concurrent.LinkedBlockingQueue, queueCapacity: 2000, scheduler: class org.apache.hadoop.ipc.DefaultRpcScheduler, ipcBackoff: false.
2019-09-20 04:49:03,739 [Socket Reader #1 for port 44936] INFO  ipc.Server (Server.java:run(1074)) - Starting Socket Reader #1 for port 44936
2019-09-20 04:49:03,743 [main] INFO  ipc.CallQueueManager (CallQueueManager.java:<init>(84)) - Using callQueue: class java.util.concurrent.LinkedBlockingQueue, queueCapacity: 2000, scheduler: class org.apache.hadoop.ipc.DefaultRpcScheduler, ipcBackoff: false.
2019-09-20 04:49:03,744 [Socket Reader #1 for port 46277] INFO  ipc.Server (Server.java:run(1074)) - Starting Socket Reader #1 for port 46277
2019-09-20 04:49:03,749 [main] INFO  hdfs.DFSUtil (DFSUtil.java:httpServerTemplateForNNAndJN(1641)) - Starting Web-server for scm at: http://0.0.0.0:0
2019-09-20 04:49:03,751 [main] INFO  server.AuthenticationFilter (AuthenticationFilter.java:constructSecretProvider(240)) - Unable to initialize FileSignerSecretProvider, falling back to use random secrets.
2019-09-20 04:49:03,752 [main] WARN  http.HttpRequestLog (HttpRequestLog.java:getRequestLog(97)) - Jetty request log can only be enabled using Log4j
2019-09-20 04:49:03,755 [main] INFO  http.HttpServer2 (HttpServer2.java:addGlobalFilter(975)) - Added global filter 'safety' (class=org.apache.hadoop.http.HttpServer2$QuotingInputFilter)
2019-09-20 04:49:03,756 [main] INFO  http.HttpServer2 (HttpServer2.java:addFilter(948)) - Added filter static_user_filter (class=org.apache.hadoop.http.lib.StaticUserWebFilter$StaticUserFilter) to context scm
2019-09-20 04:49:03,756 [main] INFO  http.HttpServer2 (HttpServer2.java:addFilter(958)) - Added filter static_user_filter (class=org.apache.hadoop.http.lib.StaticUserWebFilter$StaticUserFilter) to context static
2019-09-20 04:49:03,756 [main] INFO  http.HttpServer2 (HttpServer2.java:addFilter(958)) - Added filter static_user_filter (class=org.apache.hadoop.http.lib.StaticUserWebFilter$StaticUserFilter) to context logs
2019-09-20 04:49:03,762 [main] INFO  server.StorageContainerManager (StorageContainerManager.java:start(759)) - StorageContainerLocationProtocol RPC server is listening at /0.0.0.0:46277
2019-09-20 04:49:03,762 [main] INFO  impl.MetricsSystemImpl (MetricsSystemImpl.java:init(158)) - StorageContainerManager metrics system started (again)
2019-09-20 04:49:03,766 | INFO  | SCMAudit | user=jenkins1000 | ip=192.168.36.79 | op=SEND_HEARTBEAT {datanodeUUID=1d91ad97-6666-4ee7-855a-8b5e944e7401, command=[]} | ret=SUCCESS |  
2019-09-20 04:49:03,828 [main] INFO  server.SCMClientProtocolServer (SCMClientProtocolServer.java:start(151)) - RPC server for Client  is listening at /0.0.0.0:46277
2019-09-20 04:49:03,828 [IPC Server Responder] INFO  ipc.Server (Server.java:run(1314)) - IPC Server Responder: starting
2019-09-20 04:49:03,828 [IPC Server listener on 46277] INFO  ipc.Server (Server.java:run(1153)) - IPC Server listener on 46277: starting
2019-09-20 04:49:03,840 [main] INFO  server.StorageContainerManager (StorageContainerManager.java:start(769)) - ScmBlockLocationProtocol RPC server is listening at /0.0.0.0:44936
2019-09-20 04:49:03,840 [main] INFO  server.SCMBlockProtocolServer (SCMBlockProtocolServer.java:start(140)) - RPC server for Block Protocol is listening at /0.0.0.0:44936
2019-09-20 04:49:03,841 [IPC Server Responder] INFO  ipc.Server (Server.java:run(1314)) - IPC Server Responder: starting
2019-09-20 04:49:03,841 [IPC Server listener on 44936] INFO  ipc.Server (Server.java:run(1153)) - IPC Server listener on 44936: starting
2019-09-20 04:49:03,850 [main] INFO  server.StorageContainerManager (StorageContainerManager.java:start(773)) - ScmDatanodeProtocl RPC server is listening at /0.0.0.0:46304
2019-09-20 04:49:03,850 [main] INFO  server.SCMDatanodeProtocolServer (SCMDatanodeProtocolServer.java:start(191)) - RPC server for DataNodes is listening at /0.0.0.0:46304
2019-09-20 04:49:03,850 [IPC Server Responder] INFO  ipc.Server (Server.java:run(1314)) - IPC Server Responder: starting
2019-09-20 04:49:03,850 [IPC Server listener on 46304] INFO  ipc.Server (Server.java:run(1153)) - IPC Server listener on 46304: starting
2019-09-20 04:49:03,859 [main] INFO  http.HttpServer2 (HttpServer2.java:bindListener(1191)) - Jetty bound to port 45508
2019-09-20 04:49:03,859 [main] INFO  server.Server (Server.java:doStart(351)) - jetty-9.3.24.v20180605, build timestamp: 2018-06-05T17:11:56Z, git hash: 84205aa28f11a4f31f2a3b86d1bba2cc8ab69827
2019-09-20 04:49:03,879 [main] INFO  handler.ContextHandler (ContextHandler.java:doStart(781)) - Started o.e.j.s.ServletContextHandler@c1f0c7b{/logs,file:///workdir/hadoop-ozone/integration-test/target/log,AVAILABLE}
2019-09-20 04:49:03,879 [main] INFO  handler.ContextHandler (ContextHandler.java:doStart(781)) - Started o.e.j.s.ServletContextHandler@4e79c25{/static,file:///workdir/hadoop-ozone/integration-test/target/test-classes/webapps/static,AVAILABLE}
2019-09-20 04:49:03,884 [main] INFO  handler.ContextHandler (ContextHandler.java:doStart(781)) - Started o.e.j.w.WebAppContext@400008bf{/,file:///workdir/hadoop-ozone/integration-test/target/test-classes/webapps/scm/,AVAILABLE}{/scm}
2019-09-20 04:49:03,884 [main] INFO  server.AbstractConnector (AbstractConnector.java:doStart(278)) - Started ServerConnector@72b1df49{HTTP/1.1,[http/1.1]}{0.0.0.0:45508}
2019-09-20 04:49:03,889 [main] INFO  server.Server (Server.java:doStart(419)) - Started @25877ms
2019-09-20 04:49:03,889 [main] INFO  server.BaseHttpServer (BaseHttpServer.java:updateConnectorAddress(213)) - HTTP server of SCM is listening at http://0.0.0.0:45508
2019-09-20 04:49:03,890 [main] WARN  server.ServerUtils (ServerUtils.java:getDBPath(222)) - ozone.om.db.dirs is not configured. We recommend adding this setting. Falling back to ozone.metadata.dirs instead.
2019-09-20 04:49:03,890 [org.apache.hadoop.util.JvmPauseMonitor$Monitor@3d05435c] INFO  util.JvmPauseMonitor (JvmPauseMonitor.java:run(188)) - Starting JVM pause monitor
2019-09-20 04:49:03,903 | INFO  | SCMAudit | user=jenkins1000 | ip=192.168.36.79 | op=SEND_HEARTBEAT {datanodeUUID=ea71b9af-1075-4196-9693-aa14e10f536d, command=[]} | ret=SUCCESS |  
2019-09-20 04:49:03,912 [main] WARN  server.ServerUtils (ServerUtils.java:getDBPath(222)) - ozone.om.db.dirs is not configured. We recommend adding this setting. Falling back to ozone.metadata.dirs instead.
2019-09-20 04:49:03,912 [main] WARN  server.ServerUtils (ServerUtils.java:getDBPath(222)) - ozone.om.db.dirs is not configured. We recommend adding this setting. Falling back to ozone.metadata.dirs instead.
2019-09-20 04:49:03,913 [main] INFO  om.OzoneManager (OzoneManager.java:setOMNodeDetails(645)) - OM Service ID is not set. Setting it to the default ID: omServiceIdDefault
2019-09-20 04:49:03,913 [main] INFO  om.OzoneManager (OzoneManager.java:setOMNodeDetails(651)) - OM Node ID is not set. Setting it to the OmStorage's OmID: f0c59d4e-f40c-4a46-a008-4f9382d4a4a9
2019-09-20 04:49:03,913 [main] INFO  om.OzoneManager (OzoneManager.java:loadOMHAConfigs(602)) - Found matching OM address with OMServiceId: null, OMNodeId: null, RPC Address: localhost:0 and Ratis port: 9872
2019-09-20 04:49:03,922 | INFO  | SCMAudit | user=jenkins1000 | ip=192.168.36.79 | op=GET_SCM_INFO null | ret=SUCCESS |  
2019-09-20 04:49:03,929 [main] WARN  server.ServerUtils (ServerUtils.java:getDBPath(222)) - ozone.om.db.dirs is not configured. We recommend adding this setting. Falling back to ozone.metadata.dirs instead.
2019-09-20 04:49:03,930 [main] INFO  db.DBStoreBuilder (DBStoreBuilder.java:addTable(110)) - using custom profile for table: userTable
2019-09-20 04:49:03,930 [main] INFO  db.DBStoreBuilder (DBStoreBuilder.java:processTables(161)) - Using default column profile:DBProfile.DISK for Table:userTable
2019-09-20 04:49:03,930 [main] INFO  db.DBStoreBuilder (DBStoreBuilder.java:addTable(110)) - using custom profile for table: volumeTable
2019-09-20 04:49:03,930 [main] INFO  db.DBStoreBuilder (DBStoreBuilder.java:processTables(161)) - Using default column profile:DBProfile.DISK for Table:volumeTable
2019-09-20 04:49:03,930 [main] INFO  db.DBStoreBuilder (DBStoreBuilder.java:addTable(110)) - using custom profile for table: bucketTable
2019-09-20 04:49:03,931 [main] INFO  db.DBStoreBuilder (DBStoreBuilder.java:processTables(161)) - Using default column profile:DBProfile.DISK for Table:bucketTable
2019-09-20 04:49:03,931 [main] INFO  db.DBStoreBuilder (DBStoreBuilder.java:addTable(110)) - using custom profile for table: keyTable
2019-09-20 04:49:03,931 [main] INFO  db.DBStoreBuilder (DBStoreBuilder.java:processTables(161)) - Using default column profile:DBProfile.DISK for Table:keyTable
2019-09-20 04:49:03,931 [main] INFO  db.DBStoreBuilder (DBStoreBuilder.java:addTable(110)) - using custom profile for table: deletedTable
2019-09-20 04:49:03,931 [main] INFO  db.DBStoreBuilder (DBStoreBuilder.java:processTables(161)) - Using default column profile:DBProfile.DISK for Table:deletedTable
2019-09-20 04:49:03,931 [main] INFO  db.DBStoreBuilder (DBStoreBuilder.java:addTable(110)) - using custom profile for table: openKeyTable
2019-09-20 04:49:03,932 [main] INFO  db.DBStoreBuilder (DBStoreBuilder.java:processTables(161)) - Using default column profile:DBProfile.DISK for Table:openKeyTable
2019-09-20 04:49:03,932 [main] INFO  db.DBStoreBuilder (DBStoreBuilder.java:addTable(110)) - using custom profile for table: s3Table
2019-09-20 04:49:03,932 [main] INFO  db.DBStoreBuilder (DBStoreBuilder.java:processTables(161)) - Using default column profile:DBProfile.DISK for Table:s3Table
2019-09-20 04:49:03,932 [main] INFO  db.DBStoreBuilder (DBStoreBuilder.java:addTable(110)) - using custom profile for table: multipartInfoTable
2019-09-20 04:49:03,932 [main] INFO  db.DBStoreBuilder (DBStoreBuilder.java:processTables(161)) - Using default column profile:DBProfile.DISK for Table:multipartInfoTable
2019-09-20 04:49:03,933 [main] INFO  db.DBStoreBuilder (DBStoreBuilder.java:addTable(110)) - using custom profile for table: dTokenTable
2019-09-20 04:49:03,933 [main] INFO  db.DBStoreBuilder (DBStoreBuilder.java:processTables(161)) - Using default column profile:DBProfile.DISK for Table:dTokenTable
2019-09-20 04:49:03,933 [main] INFO  db.DBStoreBuilder (DBStoreBuilder.java:addTable(110)) - using custom profile for table: s3SecretTable
2019-09-20 04:49:03,933 [main] INFO  db.DBStoreBuilder (DBStoreBuilder.java:processTables(161)) - Using default column profile:DBProfile.DISK for Table:s3SecretTable
2019-09-20 04:49:03,933 [main] INFO  db.DBStoreBuilder (DBStoreBuilder.java:addTable(110)) - using custom profile for table: prefixTable
2019-09-20 04:49:03,933 [main] INFO  db.DBStoreBuilder (DBStoreBuilder.java:processTables(161)) - Using default column profile:DBProfile.DISK for Table:prefixTable
2019-09-20 04:49:03,934 [main] INFO  db.DBStoreBuilder (DBStoreBuilder.java:addTable(110)) - using custom profile for table: default
2019-09-20 04:49:03,934 [main] INFO  db.DBStoreBuilder (DBStoreBuilder.java:processTables(167)) - Using default column profile:DBProfile.DISK for Table:default
2019-09-20 04:49:03,934 [main] INFO  db.DBStoreBuilder (DBStoreBuilder.java:getDbProfile(198)) - Using default options. DBProfile.DISK
2019-09-20 04:49:03,980 | INFO  | SCMAudit | user=jenkins1000 | ip=192.168.36.79 | op=SEND_HEARTBEAT {datanodeUUID=3c2a6bfe-f5c5-4e23-89b0-850dab17697d, command=[]} | ret=SUCCESS |  
2019-09-20 04:49:03,994 | INFO  | SCMAudit | user=jenkins1000 | ip=192.168.36.79 | op=SEND_HEARTBEAT {datanodeUUID=236eed40-dd97-4fdc-a0ae-ab99685a426b, command=[]} | ret=SUCCESS |  
2019-09-20 04:49:04,066 | INFO  | SCMAudit | user=jenkins1000 | ip=192.168.36.79 | op=SEND_HEARTBEAT {datanodeUUID=eaf3ecbe-c3b1-4969-ad3a-e4de7fb04f81, command=[]} | ret=SUCCESS |  
2019-09-20 04:49:04,154 | INFO  | SCMAudit | user=jenkins1000 | ip=192.168.36.79 | op=SEND_HEARTBEAT {datanodeUUID=42fc6e92-fcdd-4827-b621-9fc58a3d2315, command=[]} | ret=SUCCESS |  
2019-09-20 04:49:04,241 | INFO  | SCMAudit | user=jenkins1000 | ip=192.168.36.79 | op=SEND_HEARTBEAT {datanodeUUID=ba95d636-ac34-4b74-a102-dec8d0f377c6, command=[]} | ret=SUCCESS |  
2019-09-20 04:49:04,251 | INFO  | SCMAudit | user=jenkins1000 | ip=192.168.36.79 | op=SEND_HEARTBEAT {datanodeUUID=bd1a845e-f2ed-4713-9516-9ccc20139040, command=[]} | ret=SUCCESS |  
2019-09-20 04:49:04,268 | INFO  | SCMAudit | user=jenkins1000 | ip=192.168.36.79 | op=SEND_HEARTBEAT {datanodeUUID=8d97392c-5f4b-400a-94a1-fb61a3ebbc99, command=[]} | ret=SUCCESS |  
2019-09-20 04:49:04,447 | INFO  | SCMAudit | user=jenkins1000 | ip=192.168.36.79 | op=SEND_HEARTBEAT {datanodeUUID=dba845b8-ea76-4e09-ab03-0883d354e493, command=[]} | ret=SUCCESS |  
2019-09-20 04:49:04,500 | INFO  | SCMAudit | user=jenkins1000 | ip=192.168.36.79 | op=SEND_HEARTBEAT {datanodeUUID=c4f6294c-eda3-4afd-81f7-e69ed14da69f, command=[]} | ret=SUCCESS |  
2019-09-20 04:49:04,580 [main] INFO  ipc.CallQueueManager (CallQueueManager.java:<init>(84)) - Using callQueue: class java.util.concurrent.LinkedBlockingQueue, queueCapacity: 2000, scheduler: class org.apache.hadoop.ipc.DefaultRpcScheduler, ipcBackoff: false.
2019-09-20 04:49:04,581 [Socket Reader #1 for port 44061] INFO  ipc.Server (Server.java:run(1074)) - Starting Socket Reader #1 for port 44061
2019-09-20 04:49:04,599 [main] INFO  om.OzoneManager (OzoneManager.java:start(1256)) - OzoneManager RPC server is listening at localhost/127.0.0.1:44061
2019-09-20 04:49:04,599 [main] INFO  impl.MetricsSystemImpl (MetricsSystemImpl.java:init(158)) - OzoneManager metrics system started (again)
2019-09-20 04:49:04,600 [IPC Server Responder] INFO  ipc.Server (Server.java:run(1314)) - IPC Server Responder: starting
2019-09-20 04:49:04,600 [IPC Server listener on 44061] INFO  ipc.Server (Server.java:run(1153)) - IPC Server listener on 44061: starting
2019-09-20 04:49:04,612 [main] INFO  hdfs.DFSUtil (DFSUtil.java:httpServerTemplateForNNAndJN(1641)) - Starting Web-server for ozoneManager at: http://0.0.0.0:0
2019-09-20 04:49:04,614 [main] INFO  server.AuthenticationFilter (AuthenticationFilter.java:constructSecretProvider(240)) - Unable to initialize FileSignerSecretProvider, falling back to use random secrets.
2019-09-20 04:49:04,614 [main] WARN  http.HttpRequestLog (HttpRequestLog.java:getRequestLog(97)) - Jetty request log can only be enabled using Log4j
2019-09-20 04:49:04,616 [main] INFO  http.HttpServer2 (HttpServer2.java:addGlobalFilter(975)) - Added global filter 'safety' (class=org.apache.hadoop.http.HttpServer2$QuotingInputFilter)
2019-09-20 04:49:04,617 [main] INFO  http.HttpServer2 (HttpServer2.java:addFilter(948)) - Added filter static_user_filter (class=org.apache.hadoop.http.lib.StaticUserWebFilter$StaticUserFilter) to context ozoneManager
2019-09-20 04:49:04,617 [main] INFO  http.HttpServer2 (HttpServer2.java:addFilter(958)) - Added filter static_user_filter (class=org.apache.hadoop.http.lib.StaticUserWebFilter$StaticUserFilter) to context logs
2019-09-20 04:49:04,617 [main] INFO  http.HttpServer2 (HttpServer2.java:addFilter(958)) - Added filter static_user_filter (class=org.apache.hadoop.http.lib.StaticUserWebFilter$StaticUserFilter) to context static
2019-09-20 04:49:04,618 [main] INFO  http.HttpServer2 (HttpServer2.java:bindListener(1191)) - Jetty bound to port 41704
2019-09-20 04:49:04,618 [main] INFO  server.Server (Server.java:doStart(351)) - jetty-9.3.24.v20180605, build timestamp: 2018-06-05T17:11:56Z, git hash: 84205aa28f11a4f31f2a3b86d1bba2cc8ab69827
2019-09-20 04:49:04,620 [main] INFO  handler.ContextHandler (ContextHandler.java:doStart(781)) - Started o.e.j.s.ServletContextHandler@14499b52{/logs,file:///workdir/hadoop-ozone/integration-test/target/log,AVAILABLE}
2019-09-20 04:49:04,621 [main] INFO  handler.ContextHandler (ContextHandler.java:doStart(781)) - Started o.e.j.s.ServletContextHandler@3164d5aa{/static,file:///workdir/hadoop-ozone/integration-test/target/test-classes/webapps/static,AVAILABLE}
2019-09-20 04:49:04,636 [main] INFO  handler.ContextHandler (ContextHandler.java:doStart(781)) - Started o.e.j.w.WebAppContext@50c2ef56{/,file:///workdir/hadoop-ozone/integration-test/target/test-classes/webapps/ozoneManager/,AVAILABLE}{/ozoneManager}
2019-09-20 04:49:04,637 [main] INFO  server.AbstractConnector (AbstractConnector.java:doStart(278)) - Started ServerConnector@560d6d2{HTTP/1.1,[http/1.1]}{0.0.0.0:41704}
2019-09-20 04:49:04,642 [main] INFO  server.Server (Server.java:doStart(419)) - Started @26630ms
2019-09-20 04:49:04,643 [main] INFO  server.BaseHttpServer (BaseHttpServer.java:updateConnectorAddress(213)) - HTTP server of OZONEMANAGER is listening at http://0.0.0.0:41704
2019-09-20 04:49:04,658 | INFO  | SCMAudit | user=jenkins1000 | ip=192.168.36.79 | op=SEND_HEARTBEAT {datanodeUUID=2d6465ef-cffa-473a-a4c6-a9aa3f1a26c0, command=[]} | ret=SUCCESS |  
2019-09-20 04:49:04,658 | INFO  | SCMAudit | user=jenkins1000 | ip=192.168.36.79 | op=SEND_HEARTBEAT {datanodeUUID=2702b462-69d8-4c1b-aae1-091a21fe08b8, command=[]} | ret=SUCCESS |  
2019-09-20 04:49:04,670 [main] INFO  impl.MetricsSystemImpl (MetricsSystemImpl.java:init(158)) - HddsDatanode metrics system started (again)
2019-09-20 04:49:04,737 [main] INFO  ozone.HddsDatanodeService (HddsDatanodeService.java:start(184)) - HddsDatanodeService host:pr-hdds-1569-s8kj2-2266485376 ip:192.168.36.79
2019-09-20 04:49:04,738 | INFO  | SCMAudit | user=jenkins1000 | ip=192.168.36.79 | op=SEND_HEARTBEAT {datanodeUUID=fdbc37f2-9e58-4bac-a5d5-a78839d012e9, command=[]} | ret=SUCCESS |  
2019-09-20 04:49:04,757 [main] INFO  volume.HddsVolume (HddsVolume.java:<init>(176)) - Creating Volume: /workdir/hadoop-ozone/integration-test/target/test-dir/MiniOzoneClusterImpl-bb3956c2-c4d1-403a-b406-f8ec73b3905b/datanode-0/data/containers/hdds of  storage type : DISK and capacity : 1482555576320
2019-09-20 04:49:04,758 [main] INFO  volume.VolumeSet (VolumeSet.java:initializeVolumeSet(170)) - Added Volume : /workdir/hadoop-ozone/integration-test/target/test-dir/MiniOzoneClusterImpl-bb3956c2-c4d1-403a-b406-f8ec73b3905b/datanode-0/data/containers/hdds to VolumeSet
2019-09-20 04:49:04,758 [main] INFO  volume.ThrottledAsyncChecker (ThrottledAsyncChecker.java:schedule(140)) - Scheduling a check for org.apache.hadoop.ozone.container.common.volume.HddsVolume@bff764c
2019-09-20 04:49:04,759 [main] INFO  volume.HddsVolumeChecker (HddsVolumeChecker.java:checkAllVolumes(203)) - Scheduled health check for volume org.apache.hadoop.ozone.container.common.volume.HddsVolume@bff764c
2019-09-20 04:49:04,787 | INFO  | SCMAudit | user=jenkins1000 | ip=192.168.36.79 | op=SEND_HEARTBEAT {datanodeUUID=1d91ad97-6666-4ee7-855a-8b5e944e7401, command=[]} | ret=SUCCESS |  
2019-09-20 04:49:04,815 [main] INFO  impl.RaftServerProxy (ConfUtils.java:logGet(43)) - raft.rpc.type = GRPC (default)
2019-09-20 04:49:04,816 [main] INFO  grpc.GrpcFactory (GrpcFactory.java:checkPooledByteBufAllocatorUseCacheForAllThreads(45)) - PERFORMANCE WARNING: useCacheForAllThreads is true that may cause Netty to create a lot garbage objects and, as a result, trigger GC.
	It is recommended to disable useCacheForAllThreads by setting -Dorg.apache.ratis.thirdparty.io.netty.allocator.useCacheForAllThreads=false in command line.
2019-09-20 04:49:04,816 [main] INFO  grpc.GrpcConfigKeys$Server (ConfUtils.java:logGet(43)) - raft.grpc.server.port = 0 (default)
2019-09-20 04:49:04,816 [main] INFO  server.GrpcService (ConfUtils.java:logGet(43)) - raft.grpc.message.size.max = 33570816 (custom)
2019-09-20 04:49:04,817 [main] INFO  server.RaftServerConfigKeys (ConfUtils.java:logGet(43)) - raft.server.log.appender.buffer.byte-limit = 33554432 (custom)
2019-09-20 04:49:04,817 [main] INFO  server.GrpcService (ConfUtils.java:logGet(43)) - raft.grpc.flow.control.window = 1MB (=1048576) (default)
2019-09-20 04:49:04,817 [main] INFO  server.RaftServerConfigKeys (ConfUtils.java:logGet(43)) - raft.server.rpc.request.timeout = 3000ms (default)
2019-09-20 04:49:04,818 [main] INFO  server.RaftServerConfigKeys (ConfUtils.java:logGet(43)) - raft.server.storage.dir = [/workdir/hadoop-ozone/integration-test/target/test-dir/MiniOzoneClusterImpl-bb3956c2-c4d1-403a-b406-f8ec73b3905b/datanode-0/data/ratis] (custom)
2019-09-20 04:49:04,818 [main] INFO  replication.SimpleContainerDownloader (SimpleContainerDownloader.java:<init>(72)) - Starting container downloader service to copy containers to replicate.
2019-09-20 04:49:04,820 [main] INFO  hdfs.DFSUtil (DFSUtil.java:httpServerTemplateForNNAndJN(1641)) - Starting Web-server for hddsDatanode at: http://0.0.0.0:0
2019-09-20 04:49:04,833 [main] INFO  server.AuthenticationFilter (AuthenticationFilter.java:constructSecretProvider(240)) - Unable to initialize FileSignerSecretProvider, falling back to use random secrets.
2019-09-20 04:49:04,833 [main] WARN  http.HttpRequestLog (HttpRequestLog.java:getRequestLog(97)) - Jetty request log can only be enabled using Log4j
2019-09-20 04:49:04,835 [main] INFO  http.HttpServer2 (HttpServer2.java:addGlobalFilter(975)) - Added global filter 'safety' (class=org.apache.hadoop.http.HttpServer2$QuotingInputFilter)
2019-09-20 04:49:04,836 [main] INFO  http.HttpServer2 (HttpServer2.java:addFilter(948)) - Added filter static_user_filter (class=org.apache.hadoop.http.lib.StaticUserWebFilter$StaticUserFilter) to context hddsDatanode
2019-09-20 04:49:04,836 [main] INFO  http.HttpServer2 (HttpServer2.java:addFilter(958)) - Added filter static_user_filter (class=org.apache.hadoop.http.lib.StaticUserWebFilter$StaticUserFilter) to context logs
2019-09-20 04:49:04,836 [main] INFO  http.HttpServer2 (HttpServer2.java:addFilter(958)) - Added filter static_user_filter (class=org.apache.hadoop.http.lib.StaticUserWebFilter$StaticUserFilter) to context static
2019-09-20 04:49:04,837 [main] INFO  http.HttpServer2 (HttpServer2.java:bindListener(1191)) - Jetty bound to port 35477
2019-09-20 04:49:04,837 [main] INFO  server.Server (Server.java:doStart(351)) - jetty-9.3.24.v20180605, build timestamp: 2018-06-05T17:11:56Z, git hash: 84205aa28f11a4f31f2a3b86d1bba2cc8ab69827
2019-09-20 04:49:04,839 [main] INFO  handler.ContextHandler (ContextHandler.java:doStart(781)) - Started o.e.j.s.ServletContextHandler@6a116354{/logs,file:///workdir/hadoop-ozone/integration-test/target/log,AVAILABLE}
2019-09-20 04:49:04,840 [main] INFO  handler.ContextHandler (ContextHandler.java:doStart(781)) - Started o.e.j.s.ServletContextHandler@34e07e65{/static,jar:file:/home/user/.m2/repository/org/apache/hadoop/hadoop-hdds-container-service/0.5.0-SNAPSHOT/hadoop-hdds-container-service-0.5.0-SNAPSHOT.jar!/webapps/static,AVAILABLE}
2019-09-20 04:49:04,871 [main] INFO  handler.ContextHandler (ContextHandler.java:doStart(781)) - Started o.e.j.w.WebAppContext@1a8e44fe{/,file:///tmp/jetty-0.0.0.0-35477-hddsDatanode-_-any-582822508787439473.dir/webapp/,AVAILABLE}{/hddsDatanode}
2019-09-20 04:49:04,872 [main] INFO  server.AbstractConnector (AbstractConnector.java:doStart(278)) - Started ServerConnector@287317df{HTTP/1.1,[http/1.1]}{0.0.0.0:35477}
2019-09-20 04:49:04,888 [main] INFO  server.Server (Server.java:doStart(419)) - Started @26876ms
2019-09-20 04:49:04,889 [main] INFO  server.BaseHttpServer (BaseHttpServer.java:updateConnectorAddress(213)) - HTTP server of HDDSDATANODE is listening at http://0.0.0.0:35477
2019-09-20 04:49:04,903 | INFO  | SCMAudit | user=jenkins1000 | ip=192.168.36.79 | op=SEND_HEARTBEAT {datanodeUUID=ea71b9af-1075-4196-9693-aa14e10f536d, command=[]} | ret=SUCCESS |  
2019-09-20 04:49:04,980 | INFO  | SCMAudit | user=jenkins1000 | ip=192.168.36.79 | op=SEND_HEARTBEAT {datanodeUUID=3c2a6bfe-f5c5-4e23-89b0-850dab17697d, command=[]} | ret=SUCCESS |  
2019-09-20 04:49:04,993 | INFO  | SCMAudit | user=jenkins1000 | ip=192.168.36.79 | op=SEND_HEARTBEAT {datanodeUUID=236eed40-dd97-4fdc-a0ae-ab99685a426b, command=[]} | ret=SUCCESS |  
2019-09-20 04:49:05,034 | INFO  | ObjectStoreRestHttpServer | Listening HDDS REST traffic on /0.0.0.0:41750 |  
2019-09-20 04:49:05,034 [main] INFO  ozone.HddsDatanodeService (HddsDatanodeService.java:startPlugins(395)) - Started plug-in org.apache.hadoop.ozone.web.OzoneHddsDatanodeService@1fd0ae78
2019-09-20 04:49:05,035 [main] INFO  impl.MetricsSystemImpl (MetricsSystemImpl.java:init(158)) - HddsDatanode metrics system started (again)
2019-09-20 04:49:05,066 | INFO  | SCMAudit | user=jenkins1000 | ip=192.168.36.79 | op=SEND_HEARTBEAT {datanodeUUID=eaf3ecbe-c3b1-4969-ad3a-e4de7fb04f81, command=[]} | ret=SUCCESS |  
2019-09-20 04:49:05,095 [org.apache.hadoop.util.JvmPauseMonitor$Monitor@5f84a356] INFO  util.JvmPauseMonitor (JvmPauseMonitor.java:run(188)) - Starting JVM pause monitor
2019-09-20 04:49:05,098 [main] INFO  ozone.HddsDatanodeService (HddsDatanodeService.java:start(184)) - HddsDatanodeService host:pr-hdds-1569-s8kj2-2266485376 ip:192.168.36.79
2019-09-20 04:49:05,098 [Datanode State Machine Thread - 0] INFO  datanode.InitDatanodeState (InitDatanodeState.java:persistContainerDatanodeDetails(140)) - DatanodeDetails is persisted to /workdir/hadoop-ozone/integration-test/target/test-dir/MiniOzoneClusterImpl-bb3956c2-c4d1-403a-b406-f8ec73b3905b/datanode-0/meta/datanode.id
2019-09-20 04:49:05,128 [main] INFO  volume.HddsVolume (HddsVolume.java:<init>(176)) - Creating Volume: /workdir/hadoop-ozone/integration-test/target/test-dir/MiniOzoneClusterImpl-bb3956c2-c4d1-403a-b406-f8ec73b3905b/datanode-1/data/containers/hdds of  storage type : DISK and capacity : 1482555576320
2019-09-20 04:49:05,128 [main] INFO  volume.VolumeSet (VolumeSet.java:initializeVolumeSet(170)) - Added Volume : /workdir/hadoop-ozone/integration-test/target/test-dir/MiniOzoneClusterImpl-bb3956c2-c4d1-403a-b406-f8ec73b3905b/datanode-1/data/containers/hdds to VolumeSet
2019-09-20 04:49:05,128 [main] INFO  volume.ThrottledAsyncChecker (ThrottledAsyncChecker.java:schedule(140)) - Scheduling a check for org.apache.hadoop.ozone.container.common.volume.HddsVolume@4fbc516f
2019-09-20 04:49:05,129 [main] INFO  volume.HddsVolumeChecker (HddsVolumeChecker.java:checkAllVolumes(203)) - Scheduled health check for volume org.apache.hadoop.ozone.container.common.volume.HddsVolume@4fbc516f
2019-09-20 04:49:05,151 [Thread-684] INFO  impl.FollowerState (FollowerState.java:run(106)) - 236eed40-dd97-4fdc-a0ae-ab99685a426b:group-68E34F26C5F9 changes to CANDIDATE, lastRpcTime:5086, electionTimeout:5086ms
2019-09-20 04:49:05,151 [Thread-684] INFO  impl.RoleInfo (RoleInfo.java:shutdownFollowerState(121)) - 236eed40-dd97-4fdc-a0ae-ab99685a426b: shutdown FollowerState
2019-09-20 04:49:05,151 [Thread-684] INFO  impl.RaftServerImpl (RaftServerImpl.java:setRole(171)) - 236eed40-dd97-4fdc-a0ae-ab99685a426b:group-68E34F26C5F9 changes role from FOLLOWER to CANDIDATE at term 0 for changeToCandidate
2019-09-20 04:49:05,152 [main] INFO  impl.RaftServerProxy (ConfUtils.java:logGet(43)) - raft.rpc.type = GRPC (default)
2019-09-20 04:49:05,152 [main] INFO  grpc.GrpcFactory (GrpcFactory.java:checkPooledByteBufAllocatorUseCacheForAllThreads(45)) - PERFORMANCE WARNING: useCacheForAllThreads is true that may cause Netty to create a lot garbage objects and, as a result, trigger GC.
	It is recommended to disable useCacheForAllThreads by setting -Dorg.apache.ratis.thirdparty.io.netty.allocator.useCacheForAllThreads=false in command line.
2019-09-20 04:49:05,152 [main] INFO  grpc.GrpcConfigKeys$Server (ConfUtils.java:logGet(43)) - raft.grpc.server.port = 0 (default)
2019-09-20 04:49:05,152 [main] INFO  server.GrpcService (ConfUtils.java:logGet(43)) - raft.grpc.message.size.max = 33570816 (custom)
2019-09-20 04:49:05,152 [Thread-684] INFO  impl.RoleInfo (RoleInfo.java:updateAndGet(143)) - 236eed40-dd97-4fdc-a0ae-ab99685a426b: start LeaderElection
2019-09-20 04:49:05,153 [main] INFO  server.RaftServerConfigKeys (ConfUtils.java:logGet(43)) - raft.server.log.appender.buffer.byte-limit = 33554432 (custom)
2019-09-20 04:49:05,158 [main] INFO  server.GrpcService (ConfUtils.java:logGet(43)) - raft.grpc.flow.control.window = 1MB (=1048576) (default)
2019-09-20 04:49:05,158 [main] INFO  server.RaftServerConfigKeys (ConfUtils.java:logGet(43)) - raft.server.rpc.request.timeout = 3000ms (default)
2019-09-20 04:49:05,158 | INFO  | SCMAudit | user=jenkins1000 | ip=192.168.36.79 | op=SEND_HEARTBEAT {datanodeUUID=42fc6e92-fcdd-4827-b621-9fc58a3d2315, command=[]} | ret=SUCCESS |  
2019-09-20 04:49:05,158 [main] INFO  server.RaftServerConfigKeys (ConfUtils.java:logGet(43)) - raft.server.storage.dir = [/workdir/hadoop-ozone/integration-test/target/test-dir/MiniOzoneClusterImpl-bb3956c2-c4d1-403a-b406-f8ec73b3905b/datanode-1/data/ratis] (custom)
2019-09-20 04:49:05,159 [main] INFO  replication.SimpleContainerDownloader (SimpleContainerDownloader.java:<init>(72)) - Starting container downloader service to copy containers to replicate.
2019-09-20 04:49:05,161 [main] INFO  hdfs.DFSUtil (DFSUtil.java:httpServerTemplateForNNAndJN(1641)) - Starting Web-server for hddsDatanode at: http://0.0.0.0:0
2019-09-20 04:49:05,163 [main] INFO  server.AuthenticationFilter (AuthenticationFilter.java:constructSecretProvider(240)) - Unable to initialize FileSignerSecretProvider, falling back to use random secrets.
2019-09-20 04:49:05,170 [main] WARN  http.HttpRequestLog (HttpRequestLog.java:getRequestLog(97)) - Jetty request log can only be enabled using Log4j
2019-09-20 04:49:05,172 [main] INFO  http.HttpServer2 (HttpServer2.java:addGlobalFilter(975)) - Added global filter 'safety' (class=org.apache.hadoop.http.HttpServer2$QuotingInputFilter)
2019-09-20 04:49:05,172 [main] INFO  http.HttpServer2 (HttpServer2.java:addFilter(948)) - Added filter static_user_filter (class=org.apache.hadoop.http.lib.StaticUserWebFilter$StaticUserFilter) to context hddsDatanode
2019-09-20 04:49:05,172 [main] INFO  http.HttpServer2 (HttpServer2.java:addFilter(958)) - Added filter static_user_filter (class=org.apache.hadoop.http.lib.StaticUserWebFilter$StaticUserFilter) to context static
2019-09-20 04:49:05,173 [main] INFO  http.HttpServer2 (HttpServer2.java:addFilter(958)) - Added filter static_user_filter (class=org.apache.hadoop.http.lib.StaticUserWebFilter$StaticUserFilter) to context logs
2019-09-20 04:49:05,173 [main] INFO  http.HttpServer2 (HttpServer2.java:bindListener(1191)) - Jetty bound to port 34658
2019-09-20 04:49:05,174 [main] INFO  server.Server (Server.java:doStart(351)) - jetty-9.3.24.v20180605, build timestamp: 2018-06-05T17:11:56Z, git hash: 84205aa28f11a4f31f2a3b86d1bba2cc8ab69827
2019-09-20 04:49:05,175 [main] INFO  handler.ContextHandler (ContextHandler.java:doStart(781)) - Started o.e.j.s.ServletContextHandler@e2f6e13{/logs,file:///workdir/hadoop-ozone/integration-test/target/log,AVAILABLE}
2019-09-20 04:49:05,176 [main] INFO  handler.ContextHandler (ContextHandler.java:doStart(781)) - Started o.e.j.s.ServletContextHandler@48f4264e{/static,jar:file:/home/user/.m2/repository/org/apache/hadoop/hadoop-hdds-container-service/0.5.0-SNAPSHOT/hadoop-hdds-container-service-0.5.0-SNAPSHOT.jar!/webapps/static,AVAILABLE}
2019-09-20 04:49:05,178 [Thread-690] INFO  impl.FollowerState (FollowerState.java:run(106)) - 236eed40-dd97-4fdc-a0ae-ab99685a426b:group-2F6F5A502508 changes to CANDIDATE, lastRpcTime:5005, electionTimeout:5005ms
2019-09-20 04:49:05,178 [Thread-690] INFO  impl.RoleInfo (RoleInfo.java:shutdownFollowerState(121)) - 236eed40-dd97-4fdc-a0ae-ab99685a426b: shutdown FollowerState
2019-09-20 04:49:05,178 [Thread-690] INFO  impl.RaftServerImpl (RaftServerImpl.java:setRole(171)) - 236eed40-dd97-4fdc-a0ae-ab99685a426b:group-2F6F5A502508 changes role from FOLLOWER to CANDIDATE at term 0 for changeToCandidate
2019-09-20 04:49:05,179 [Thread-690] INFO  impl.RoleInfo (RoleInfo.java:updateAndGet(143)) - 236eed40-dd97-4fdc-a0ae-ab99685a426b: start LeaderElection
2019-09-20 04:49:05,186 [236eed40-dd97-4fdc-a0ae-ab99685a426b:group-68E34F26C5F9:LeaderElection43] INFO  impl.LeaderElection (LeaderElection.java:askForVotes(181)) - 236eed40-dd97-4fdc-a0ae-ab99685a426b:group-68E34F26C5F9:LeaderElection43: begin an election at term 1 for -1: [236eed40-dd97-4fdc-a0ae-ab99685a426b:192.168.36.79:38705], old=null
2019-09-20 04:49:05,186 [236eed40-dd97-4fdc-a0ae-ab99685a426b:group-68E34F26C5F9:LeaderElection43] INFO  impl.RoleInfo (RoleInfo.java:shutdownLeaderElection(134)) - 236eed40-dd97-4fdc-a0ae-ab99685a426b: shutdown LeaderElection
2019-09-20 04:49:05,187 [236eed40-dd97-4fdc-a0ae-ab99685a426b:group-68E34F26C5F9:LeaderElection43] INFO  impl.RaftServerImpl (RaftServerImpl.java:setRole(171)) - 236eed40-dd97-4fdc-a0ae-ab99685a426b:group-68E34F26C5F9 changes role from CANDIDATE to LEADER at term 1 for changeToLeader
2019-09-20 04:49:05,187 [236eed40-dd97-4fdc-a0ae-ab99685a426b:group-68E34F26C5F9:LeaderElection43] INFO  impl.RaftServerImpl (ServerState.java:setLeader(263)) - 236eed40-dd97-4fdc-a0ae-ab99685a426b:group-68E34F26C5F9 change Leader from null to 236eed40-dd97-4fdc-a0ae-ab99685a426b at term 1 for becomeLeader, leader elected after 5126ms
2019-09-20 04:49:05,187 [236eed40-dd97-4fdc-a0ae-ab99685a426b:group-68E34F26C5F9:LeaderElection43] INFO  server.RaftServerConfigKeys (ConfUtils.java:logGet(43)) - raft.server.staging.catchup.gap = 1000 (default)
2019-09-20 04:49:05,187 [236eed40-dd97-4fdc-a0ae-ab99685a426b:group-68E34F26C5F9:LeaderElection43] INFO  server.RaftServerConfigKeys (ConfUtils.java:logGet(43)) - raft.server.rpc.sleep.time = 25ms (default)
2019-09-20 04:49:05,187 [236eed40-dd97-4fdc-a0ae-ab99685a426b:group-68E34F26C5F9:LeaderElection43] INFO  server.RaftServerConfigKeys (ConfUtils.java:logGet(43)) - raft.server.write.element-limit = 4096 (default)
2019-09-20 04:49:05,187 [236eed40-dd97-4fdc-a0ae-ab99685a426b:group-68E34F26C5F9:LeaderElection43] INFO  server.RaftServerConfigKeys (ConfUtils.java:logGet(43)) - raft.server.watch.timeout = 10s (default)
2019-09-20 04:49:05,187 [236eed40-dd97-4fdc-a0ae-ab99685a426b:group-68E34F26C5F9:LeaderElection43] INFO  server.RaftServerConfigKeys (ConfUtils.java:logGet(43)) - raft.server.watch.timeout.denomination = 1s (default)
2019-09-20 04:49:05,187 [236eed40-dd97-4fdc-a0ae-ab99685a426b:group-68E34F26C5F9:LeaderElection43] INFO  server.RaftServerConfigKeys (ConfUtils.java:logGet(43)) - raft.server.watch.element-limit = 65536 (default)
2019-09-20 04:49:05,188 [236eed40-dd97-4fdc-a0ae-ab99685a426b:group-68E34F26C5F9:LeaderElection43] INFO  impl.RoleInfo (RoleInfo.java:updateAndGet(143)) - 236eed40-dd97-4fdc-a0ae-ab99685a426b: start LeaderState
2019-09-20 04:49:05,188 [236eed40-dd97-4fdc-a0ae-ab99685a426b:group-68E34F26C5F9:LeaderElection43] INFO  segmented.SegmentedRaftLogWorker (SegmentedRaftLogWorker.java:startLogSegment(380)) - 236eed40-dd97-4fdc-a0ae-ab99685a426b-SegmentedRaftLogWorker:Storage Directory /workdir/hadoop-ozone/integration-test/target/test-dir/MiniOzoneClusterImpl-cd85f641-6806-455e-b969-480e50aec385/datanode-0/data/ratis/6d104b68-c10f-4884-823f-68e34f26c5f9: Starting segment from index:0
2019-09-20 04:49:05,189 [236eed40-dd97-4fdc-a0ae-ab99685a426b:group-68E34F26C5F9:LeaderElection43] INFO  impl.RaftServerImpl (ServerState.java:setRaftConf(361)) - 236eed40-dd97-4fdc-a0ae-ab99685a426b:group-68E34F26C5F9 set configuration 0: [236eed40-dd97-4fdc-a0ae-ab99685a426b:192.168.36.79:38705], old=null at 0
2019-09-20 04:49:05,203 [236eed40-dd97-4fdc-a0ae-ab99685a426b:group-2F6F5A502508:LeaderElection44] INFO  impl.LeaderElection (LeaderElection.java:askForVotes(181)) - 236eed40-dd97-4fdc-a0ae-ab99685a426b:group-2F6F5A502508:LeaderElection44: begin an election at term 1 for -1: [236eed40-dd97-4fdc-a0ae-ab99685a426b:192.168.36.79:38705], old=null
2019-09-20 04:49:05,204 [236eed40-dd97-4fdc-a0ae-ab99685a426b:group-2F6F5A502508:LeaderElection44] INFO  impl.RoleInfo (RoleInfo.java:shutdownLeaderElection(134)) - 236eed40-dd97-4fdc-a0ae-ab99685a426b: shutdown LeaderElection
2019-09-20 04:49:05,204 [236eed40-dd97-4fdc-a0ae-ab99685a426b:group-2F6F5A502508:LeaderElection44] INFO  impl.RaftServerImpl (RaftServerImpl.java:setRole(171)) - 236eed40-dd97-4fdc-a0ae-ab99685a426b:group-2F6F5A502508 changes role from CANDIDATE to LEADER at term 1 for changeToLeader
2019-09-20 04:49:05,204 [236eed40-dd97-4fdc-a0ae-ab99685a426b:group-2F6F5A502508:LeaderElection44] INFO  impl.RaftServerImpl (ServerState.java:setLeader(263)) - 236eed40-dd97-4fdc-a0ae-ab99685a426b:group-2F6F5A502508 change Leader from null to 236eed40-dd97-4fdc-a0ae-ab99685a426b at term 1 for becomeLeader, leader elected after 5033ms
2019-09-20 04:49:05,204 [236eed40-dd97-4fdc-a0ae-ab99685a426b:group-2F6F5A502508:LeaderElection44] INFO  server.RaftServerConfigKeys (ConfUtils.java:logGet(43)) - raft.server.staging.catchup.gap = 1000 (default)
2019-09-20 04:49:05,204 [236eed40-dd97-4fdc-a0ae-ab99685a426b:group-2F6F5A502508:LeaderElection44] INFO  server.RaftServerConfigKeys (ConfUtils.java:logGet(43)) - raft.server.rpc.sleep.time = 25ms (default)
2019-09-20 04:49:05,204 [236eed40-dd97-4fdc-a0ae-ab99685a426b:group-2F6F5A502508:LeaderElection44] INFO  server.RaftServerConfigKeys (ConfUtils.java:logGet(43)) - raft.server.write.element-limit = 4096 (default)
2019-09-20 04:49:05,205 [236eed40-dd97-4fdc-a0ae-ab99685a426b:group-2F6F5A502508:LeaderElection44] INFO  server.RaftServerConfigKeys (ConfUtils.java:logGet(43)) - raft.server.watch.timeout = 10s (default)
2019-09-20 04:49:05,205 [236eed40-dd97-4fdc-a0ae-ab99685a426b:group-2F6F5A502508:LeaderElection44] INFO  server.RaftServerConfigKeys (ConfUtils.java:logGet(43)) - raft.server.watch.timeout.denomination = 1s (default)
2019-09-20 04:49:05,205 [236eed40-dd97-4fdc-a0ae-ab99685a426b:group-2F6F5A502508:LeaderElection44] INFO  server.RaftServerConfigKeys (ConfUtils.java:logGet(43)) - raft.server.watch.element-limit = 65536 (default)
2019-09-20 04:49:05,205 [236eed40-dd97-4fdc-a0ae-ab99685a426b:group-2F6F5A502508:LeaderElection44] INFO  impl.RoleInfo (RoleInfo.java:updateAndGet(143)) - 236eed40-dd97-4fdc-a0ae-ab99685a426b: start LeaderState
2019-09-20 04:49:05,206 [236eed40-dd97-4fdc-a0ae-ab99685a426b:group-2F6F5A502508:LeaderElection44] INFO  segmented.SegmentedRaftLogWorker (SegmentedRaftLogWorker.java:startLogSegment(380)) - 236eed40-dd97-4fdc-a0ae-ab99685a426b-SegmentedRaftLogWorker:Storage Directory /workdir/hadoop-ozone/integration-test/target/test-dir/MiniOzoneClusterImpl-cd85f641-6806-455e-b969-480e50aec385/datanode-0/data/ratis/a8cd9328-32be-4741-bcbe-2f6f5a502508: Starting segment from index:0
2019-09-20 04:49:05,206 [236eed40-dd97-4fdc-a0ae-ab99685a426b:group-2F6F5A502508:LeaderElection44] INFO  impl.RaftServerImpl (ServerState.java:setRaftConf(361)) - 236eed40-dd97-4fdc-a0ae-ab99685a426b:group-2F6F5A502508 set configuration 0: [236eed40-dd97-4fdc-a0ae-ab99685a426b:192.168.36.79:38705], old=null at 0
2019-09-20 04:49:05,213 [main] INFO  handler.ContextHandler (ContextHandler.java:doStart(781)) - Started o.e.j.w.WebAppContext@3df6494f{/,file:///tmp/jetty-0.0.0.0-34658-hddsDatanode-_-any-8279822627772123505.dir/webapp/,AVAILABLE}{/hddsDatanode}
2019-09-20 04:49:05,214 [main] INFO  server.AbstractConnector (AbstractConnector.java:doStart(278)) - Started ServerConnector@1b5f960a{HTTP/1.1,[http/1.1]}{0.0.0.0:34658}
2019-09-20 04:49:05,235 [Thread-687] INFO  impl.FollowerState (FollowerState.java:run(106)) - 236eed40-dd97-4fdc-a0ae-ab99685a426b:group-A13A9962570E changes to CANDIDATE, lastRpcTime:5116, electionTimeout:5097ms
2019-09-20 04:49:05,235 [main] INFO  server.Server (Server.java:doStart(419)) - Started @27223ms
2019-09-20 04:49:05,235 [Thread-687] INFO  impl.RoleInfo (RoleInfo.java:shutdownFollowerState(121)) - 236eed40-dd97-4fdc-a0ae-ab99685a426b: shutdown FollowerState
2019-09-20 04:49:05,236 [Thread-687] INFO  impl.RaftServerImpl (RaftServerImpl.java:setRole(171)) - 236eed40-dd97-4fdc-a0ae-ab99685a426b:group-A13A9962570E changes role from FOLLOWER to CANDIDATE at term 0 for changeToCandidate
2019-09-20 04:49:05,236 [Thread-687] INFO  impl.RoleInfo (RoleInfo.java:updateAndGet(143)) - 236eed40-dd97-4fdc-a0ae-ab99685a426b: start LeaderElection
2019-09-20 04:49:05,240 [main] INFO  server.BaseHttpServer (BaseHttpServer.java:updateConnectorAddress(213)) - HTTP server of HDDSDATANODE is listening at http://0.0.0.0:34658
2019-09-20 04:49:05,242 | INFO  | SCMAudit | user=jenkins1000 | ip=192.168.36.79 | op=SEND_HEARTBEAT {datanodeUUID=ba95d636-ac34-4b74-a102-dec8d0f377c6, command=[]} | ret=SUCCESS |  
2019-09-20 04:49:05,251 | INFO  | SCMAudit | user=jenkins1000 | ip=192.168.36.79 | op=SEND_HEARTBEAT {datanodeUUID=bd1a845e-f2ed-4713-9516-9ccc20139040, command=[]} | ret=SUCCESS |  
2019-09-20 04:49:05,254 [236eed40-dd97-4fdc-a0ae-ab99685a426b-SegmentedRaftLogWorker:Storage Directory /workdir/hadoop-ozone/integration-test/target/test-dir/MiniOzoneClusterImpl-cd85f641-6806-455e-b969-480e50aec385/datanode-0/data/ratis/6d104b68-c10f-4884-823f-68e34f26c5f9] INFO  segmented.SegmentedRaftLogWorker (SegmentedRaftLogWorker.java:execute(569)) - 236eed40-dd97-4fdc-a0ae-ab99685a426b-SegmentedRaftLogWorker:Storage Directory /workdir/hadoop-ozone/integration-test/target/test-dir/MiniOzoneClusterImpl-cd85f641-6806-455e-b969-480e50aec385/datanode-0/data/ratis/6d104b68-c10f-4884-823f-68e34f26c5f9: created new log segment /workdir/hadoop-ozone/integration-test/target/test-dir/MiniOzoneClusterImpl-cd85f641-6806-455e-b969-480e50aec385/datanode-0/data/ratis/6d104b68-c10f-4884-823f-68e34f26c5f9/current/log_inprogress_0
2019-09-20 04:49:05,254 [236eed40-dd97-4fdc-a0ae-ab99685a426b-SegmentedRaftLogWorker:Storage Directory /workdir/hadoop-ozone/integration-test/target/test-dir/MiniOzoneClusterImpl-cd85f641-6806-455e-b969-480e50aec385/datanode-0/data/ratis/a8cd9328-32be-4741-bcbe-2f6f5a502508] INFO  segmented.SegmentedRaftLogWorker (SegmentedRaftLogWorker.java:execute(569)) - 236eed40-dd97-4fdc-a0ae-ab99685a426b-SegmentedRaftLogWorker:Storage Directory /workdir/hadoop-ozone/integration-test/target/test-dir/MiniOzoneClusterImpl-cd85f641-6806-455e-b969-480e50aec385/datanode-0/data/ratis/a8cd9328-32be-4741-bcbe-2f6f5a502508: created new log segment /workdir/hadoop-ozone/integration-test/target/test-dir/MiniOzoneClusterImpl-cd85f641-6806-455e-b969-480e50aec385/datanode-0/data/ratis/a8cd9328-32be-4741-bcbe-2f6f5a502508/current/log_inprogress_0
2019-09-20 04:49:05,267 | INFO  | SCMAudit | user=jenkins1000 | ip=192.168.36.79 | op=SEND_HEARTBEAT {datanodeUUID=8d97392c-5f4b-400a-94a1-fb61a3ebbc99, command=[]} | ret=SUCCESS |  
2019-09-20 04:49:05,271 [236eed40-dd97-4fdc-a0ae-ab99685a426b:group-A13A9962570E:LeaderElection45] INFO  impl.LeaderElection (LeaderElection.java:askForVotes(181)) - 236eed40-dd97-4fdc-a0ae-ab99685a426b:group-A13A9962570E:LeaderElection45: begin an election at term 1 for -1: [236eed40-dd97-4fdc-a0ae-ab99685a426b:192.168.36.79:38705], old=null
2019-09-20 04:49:05,271 [236eed40-dd97-4fdc-a0ae-ab99685a426b:group-A13A9962570E:LeaderElection45] INFO  impl.RoleInfo (RoleInfo.java:shutdownLeaderElection(134)) - 236eed40-dd97-4fdc-a0ae-ab99685a426b: shutdown LeaderElection
2019-09-20 04:49:05,271 [236eed40-dd97-4fdc-a0ae-ab99685a426b:group-A13A9962570E:LeaderElection45] INFO  impl.RaftServerImpl (RaftServerImpl.java:setRole(171)) - 236eed40-dd97-4fdc-a0ae-ab99685a426b:group-A13A9962570E changes role from CANDIDATE to LEADER at term 1 for changeToLeader
2019-09-20 04:49:05,271 [236eed40-dd97-4fdc-a0ae-ab99685a426b:group-A13A9962570E:LeaderElection45] INFO  impl.RaftServerImpl (ServerState.java:setLeader(263)) - 236eed40-dd97-4fdc-a0ae-ab99685a426b:group-A13A9962570E change Leader from null to 236eed40-dd97-4fdc-a0ae-ab99685a426b at term 1 for becomeLeader, leader elected after 5155ms
2019-09-20 04:49:05,271 [236eed40-dd97-4fdc-a0ae-ab99685a426b:group-A13A9962570E:LeaderElection45] INFO  server.RaftServerConfigKeys (ConfUtils.java:logGet(43)) - raft.server.staging.catchup.gap = 1000 (default)
2019-09-20 04:49:05,271 [236eed40-dd97-4fdc-a0ae-ab99685a426b:group-A13A9962570E:LeaderElection45] INFO  server.RaftServerConfigKeys (ConfUtils.java:logGet(43)) - raft.server.rpc.sleep.time = 25ms (default)
2019-09-20 04:49:05,271 [236eed40-dd97-4fdc-a0ae-ab99685a426b:group-A13A9962570E:LeaderElection45] INFO  server.RaftServerConfigKeys (ConfUtils.java:logGet(43)) - raft.server.write.element-limit = 4096 (default)
2019-09-20 04:49:05,271 [236eed40-dd97-4fdc-a0ae-ab99685a426b:group-A13A9962570E:LeaderElection45] INFO  server.RaftServerConfigKeys (ConfUtils.java:logGet(43)) - raft.server.watch.timeout = 10s (default)
2019-09-20 04:49:05,271 [236eed40-dd97-4fdc-a0ae-ab99685a426b:group-A13A9962570E:LeaderElection45] INFO  server.RaftServerConfigKeys (ConfUtils.java:logGet(43)) - raft.server.watch.timeout.denomination = 1s (default)
2019-09-20 04:49:05,271 [236eed40-dd97-4fdc-a0ae-ab99685a426b:group-A13A9962570E:LeaderElection45] INFO  server.RaftServerConfigKeys (ConfUtils.java:logGet(43)) - raft.server.watch.element-limit = 65536 (default)
2019-09-20 04:49:05,272 [236eed40-dd97-4fdc-a0ae-ab99685a426b:group-A13A9962570E:LeaderElection45] INFO  impl.RoleInfo (RoleInfo.java:updateAndGet(143)) - 236eed40-dd97-4fdc-a0ae-ab99685a426b: start LeaderState
2019-09-20 04:49:05,272 [236eed40-dd97-4fdc-a0ae-ab99685a426b:group-A13A9962570E:LeaderElection45] INFO  segmented.SegmentedRaftLogWorker (SegmentedRaftLogWorker.java:startLogSegment(380)) - 236eed40-dd97-4fdc-a0ae-ab99685a426b-SegmentedRaftLogWorker:Storage Directory /workdir/hadoop-ozone/integration-test/target/test-dir/MiniOzoneClusterImpl-cd85f641-6806-455e-b969-480e50aec385/datanode-0/data/ratis/e7d9ab58-ce5a-4b5e-995c-a13a9962570e: Starting segment from index:0
2019-09-20 04:49:05,272 [236eed40-dd97-4fdc-a0ae-ab99685a426b:group-A13A9962570E:LeaderElection45] INFO  impl.RaftServerImpl (ServerState.java:setRaftConf(361)) - 236eed40-dd97-4fdc-a0ae-ab99685a426b:group-A13A9962570E set configuration 0: [236eed40-dd97-4fdc-a0ae-ab99685a426b:192.168.36.79:38705], old=null at 0
2019-09-20 04:49:05,313 [236eed40-dd97-4fdc-a0ae-ab99685a426b-SegmentedRaftLogWorker:Storage Directory /workdir/hadoop-ozone/integration-test/target/test-dir/MiniOzoneClusterImpl-cd85f641-6806-455e-b969-480e50aec385/datanode-0/data/ratis/e7d9ab58-ce5a-4b5e-995c-a13a9962570e] INFO  segmented.SegmentedRaftLogWorker (SegmentedRaftLogWorker.java:execute(569)) - 236eed40-dd97-4fdc-a0ae-ab99685a426b-SegmentedRaftLogWorker:Storage Directory /workdir/hadoop-ozone/integration-test/target/test-dir/MiniOzoneClusterImpl-cd85f641-6806-455e-b969-480e50aec385/datanode-0/data/ratis/e7d9ab58-ce5a-4b5e-995c-a13a9962570e: created new log segment /workdir/hadoop-ozone/integration-test/target/test-dir/MiniOzoneClusterImpl-cd85f641-6806-455e-b969-480e50aec385/datanode-0/data/ratis/e7d9ab58-ce5a-4b5e-995c-a13a9962570e/current/log_inprogress_0
2019-09-20 04:49:05,369 [Thread-699] INFO  impl.FollowerState (FollowerState.java:run(106)) - 236eed40-dd97-4fdc-a0ae-ab99685a426b:group-70E4DC9BB45C changes to CANDIDATE, lastRpcTime:5025, electionTimeout:5025ms
2019-09-20 04:49:05,369 [Thread-699] INFO  impl.RoleInfo (RoleInfo.java:shutdownFollowerState(121)) - 236eed40-dd97-4fdc-a0ae-ab99685a426b: shutdown FollowerState
2019-09-20 04:49:05,369 [Thread-699] INFO  impl.RaftServerImpl (RaftServerImpl.java:setRole(171)) - 236eed40-dd97-4fdc-a0ae-ab99685a426b:group-70E4DC9BB45C changes role from FOLLOWER to CANDIDATE at term 0 for changeToCandidate
2019-09-20 04:49:05,369 [Thread-699] INFO  impl.RoleInfo (RoleInfo.java:updateAndGet(143)) - 236eed40-dd97-4fdc-a0ae-ab99685a426b: start LeaderElection
2019-09-20 04:49:05,396 [236eed40-dd97-4fdc-a0ae-ab99685a426b:group-70E4DC9BB45C:LeaderElection46] INFO  impl.LeaderElection (LeaderElection.java:askForVotes(181)) - 236eed40-dd97-4fdc-a0ae-ab99685a426b:group-70E4DC9BB45C:LeaderElection46: begin an election at term 1 for -1: [236eed40-dd97-4fdc-a0ae-ab99685a426b:192.168.36.79:38705], old=null
2019-09-20 04:49:05,397 [236eed40-dd97-4fdc-a0ae-ab99685a426b:group-70E4DC9BB45C:LeaderElection46] INFO  impl.RoleInfo (RoleInfo.java:shutdownLeaderElection(134)) - 236eed40-dd97-4fdc-a0ae-ab99685a426b: shutdown LeaderElection
2019-09-20 04:49:05,397 [236eed40-dd97-4fdc-a0ae-ab99685a426b:group-70E4DC9BB45C:LeaderElection46] INFO  impl.RaftServerImpl (RaftServerImpl.java:setRole(171)) - 236eed40-dd97-4fdc-a0ae-ab99685a426b:group-70E4DC9BB45C changes role from CANDIDATE to LEADER at term 1 for changeToLeader
2019-09-20 04:49:05,397 [236eed40-dd97-4fdc-a0ae-ab99685a426b:group-70E4DC9BB45C:LeaderElection46] INFO  impl.RaftServerImpl (ServerState.java:setLeader(263)) - 236eed40-dd97-4fdc-a0ae-ab99685a426b:group-70E4DC9BB45C change Leader from null to 236eed40-dd97-4fdc-a0ae-ab99685a426b at term 1 for becomeLeader, leader elected after 5056ms
2019-09-20 04:49:05,397 [236eed40-dd97-4fdc-a0ae-ab99685a426b:group-70E4DC9BB45C:LeaderElection46] INFO  server.RaftServerConfigKeys (ConfUtils.java:logGet(43)) - raft.server.staging.catchup.gap = 1000 (default)
2019-09-20 04:49:05,397 [236eed40-dd97-4fdc-a0ae-ab99685a426b:group-70E4DC9BB45C:LeaderElection46] INFO  server.RaftServerConfigKeys (ConfUtils.java:logGet(43)) - raft.server.rpc.sleep.time = 25ms (default)
2019-09-20 04:49:05,397 [236eed40-dd97-4fdc-a0ae-ab99685a426b:group-70E4DC9BB45C:LeaderElection46] INFO  server.RaftServerConfigKeys (ConfUtils.java:logGet(43)) - raft.server.write.element-limit = 4096 (default)
2019-09-20 04:49:05,398 [236eed40-dd97-4fdc-a0ae-ab99685a426b:group-70E4DC9BB45C:LeaderElection46] INFO  server.RaftServerConfigKeys (ConfUtils.java:logGet(43)) - raft.server.watch.timeout = 10s (default)
2019-09-20 04:49:05,398 [236eed40-dd97-4fdc-a0ae-ab99685a426b:group-70E4DC9BB45C:LeaderElection46] INFO  server.RaftServerConfigKeys (ConfUtils.java:logGet(43)) - raft.server.watch.timeout.denomination = 1s (default)
2019-09-20 04:49:05,398 [236eed40-dd97-4fdc-a0ae-ab99685a426b:group-70E4DC9BB45C:LeaderElection46] INFO  server.RaftServerConfigKeys (ConfUtils.java:logGet(43)) - raft.server.watch.element-limit = 65536 (default)
2019-09-20 04:49:05,398 [236eed40-dd97-4fdc-a0ae-ab99685a426b:group-70E4DC9BB45C:LeaderElection46] INFO  impl.RoleInfo (RoleInfo.java:updateAndGet(143)) - 236eed40-dd97-4fdc-a0ae-ab99685a426b: start LeaderState
2019-09-20 04:49:05,398 [236eed40-dd97-4fdc-a0ae-ab99685a426b:group-70E4DC9BB45C:LeaderElection46] INFO  segmented.SegmentedRaftLogWorker (SegmentedRaftLogWorker.java:startLogSegment(380)) - 236eed40-dd97-4fdc-a0ae-ab99685a426b-SegmentedRaftLogWorker:Storage Directory /workdir/hadoop-ozone/integration-test/target/test-dir/MiniOzoneClusterImpl-cd85f641-6806-455e-b969-480e50aec385/datanode-0/data/ratis/d56fb6dd-9cba-451e-925f-70e4dc9bb45c: Starting segment from index:0
2019-09-20 04:49:05,399 [236eed40-dd97-4fdc-a0ae-ab99685a426b:group-70E4DC9BB45C:LeaderElection46] INFO  impl.RaftServerImpl (ServerState.java:setRaftConf(361)) - 236eed40-dd97-4fdc-a0ae-ab99685a426b:group-70E4DC9BB45C set configuration 0: [236eed40-dd97-4fdc-a0ae-ab99685a426b:192.168.36.79:38705], old=null at 0
2019-09-20 04:49:05,413 [Thread-693] INFO  impl.FollowerState (FollowerState.java:run(106)) - 236eed40-dd97-4fdc-a0ae-ab99685a426b:group-8FC35334B087 changes to CANDIDATE, lastRpcTime:5191, electionTimeout:5191ms
2019-09-20 04:49:05,414 [Thread-693] INFO  impl.RoleInfo (RoleInfo.java:shutdownFollowerState(121)) - 236eed40-dd97-4fdc-a0ae-ab99685a426b: shutdown FollowerState
2019-09-20 04:49:05,414 [Thread-693] INFO  impl.RaftServerImpl (RaftServerImpl.java:setRole(171)) - 236eed40-dd97-4fdc-a0ae-ab99685a426b:group-8FC35334B087 changes role from FOLLOWER to CANDIDATE at term 0 for changeToCandidate
2019-09-20 04:49:05,414 [Thread-693] INFO  impl.RoleInfo (RoleInfo.java:updateAndGet(143)) - 236eed40-dd97-4fdc-a0ae-ab99685a426b: start LeaderElection
2019-09-20 04:49:05,438 | INFO  | ObjectStoreRestHttpServer | Listening HDDS REST traffic on /0.0.0.0:33887 |  
2019-09-20 04:49:05,438 [main] INFO  ozone.HddsDatanodeService (HddsDatanodeService.java:startPlugins(395)) - Started plug-in org.apache.hadoop.ozone.web.OzoneHddsDatanodeService@5ced0537
2019-09-20 04:49:05,439 [main] INFO  impl.MetricsSystemImpl (MetricsSystemImpl.java:init(158)) - HddsDatanode metrics system started (again)
2019-09-20 04:49:05,440 [org.apache.hadoop.util.JvmPauseMonitor$Monitor@25e90bca] INFO  util.JvmPauseMonitor (JvmPauseMonitor.java:run(188)) - Starting JVM pause monitor
2019-09-20 04:49:05,442 [Datanode State Machine Thread - 0] INFO  datanode.InitDatanodeState (InitDatanodeState.java:persistContainerDatanodeDetails(140)) - DatanodeDetails is persisted to /workdir/hadoop-ozone/integration-test/target/test-dir/MiniOzoneClusterImpl-bb3956c2-c4d1-403a-b406-f8ec73b3905b/datanode-1/meta/datanode.id
2019-09-20 04:49:05,447 | INFO  | SCMAudit | user=jenkins1000 | ip=192.168.36.79 | op=SEND_HEARTBEAT {datanodeUUID=dba845b8-ea76-4e09-ab03-0883d354e493, command=[]} | ret=SUCCESS |  
2019-09-20 04:49:05,447 [236eed40-dd97-4fdc-a0ae-ab99685a426b-SegmentedRaftLogWorker:Storage Directory /workdir/hadoop-ozone/integration-test/target/test-dir/MiniOzoneClusterImpl-cd85f641-6806-455e-b969-480e50aec385/datanode-0/data/ratis/d56fb6dd-9cba-451e-925f-70e4dc9bb45c] INFO  segmented.SegmentedRaftLogWorker (SegmentedRaftLogWorker.java:execute(569)) - 236eed40-dd97-4fdc-a0ae-ab99685a426b-SegmentedRaftLogWorker:Storage Directory /workdir/hadoop-ozone/integration-test/target/test-dir/MiniOzoneClusterImpl-cd85f641-6806-455e-b969-480e50aec385/datanode-0/data/ratis/d56fb6dd-9cba-451e-925f-70e4dc9bb45c: created new log segment /workdir/hadoop-ozone/integration-test/target/test-dir/MiniOzoneClusterImpl-cd85f641-6806-455e-b969-480e50aec385/datanode-0/data/ratis/d56fb6dd-9cba-451e-925f-70e4dc9bb45c/current/log_inprogress_0
2019-09-20 04:49:05,447 [236eed40-dd97-4fdc-a0ae-ab99685a426b:group-8FC35334B087:LeaderElection47] INFO  impl.LeaderElection (LeaderElection.java:askForVotes(181)) - 236eed40-dd97-4fdc-a0ae-ab99685a426b:group-8FC35334B087:LeaderElection47: begin an election at term 1 for -1: [236eed40-dd97-4fdc-a0ae-ab99685a426b:192.168.36.79:38705], old=null
2019-09-20 04:49:05,447 [236eed40-dd97-4fdc-a0ae-ab99685a426b:group-8FC35334B087:LeaderElection47] INFO  impl.RoleInfo (RoleInfo.java:shutdownLeaderElection(134)) - 236eed40-dd97-4fdc-a0ae-ab99685a426b: shutdown LeaderElection
2019-09-20 04:49:05,447 [236eed40-dd97-4fdc-a0ae-ab99685a426b:group-8FC35334B087:LeaderElection47] INFO  impl.RaftServerImpl (RaftServerImpl.java:setRole(171)) - 236eed40-dd97-4fdc-a0ae-ab99685a426b:group-8FC35334B087 changes role from CANDIDATE to LEADER at term 1 for changeToLeader
2019-09-20 04:49:05,447 [236eed40-dd97-4fdc-a0ae-ab99685a426b:group-8FC35334B087:LeaderElection47] INFO  impl.RaftServerImpl (ServerState.java:setLeader(263)) - 236eed40-dd97-4fdc-a0ae-ab99685a426b:group-8FC35334B087 change Leader from null to 236eed40-dd97-4fdc-a0ae-ab99685a426b at term 1 for becomeLeader, leader elected after 5229ms
2019-09-20 04:49:05,447 [236eed40-dd97-4fdc-a0ae-ab99685a426b:group-8FC35334B087:LeaderElection47] INFO  server.RaftServerConfigKeys (ConfUtils.java:logGet(43)) - raft.server.staging.catchup.gap = 1000 (default)
2019-09-20 04:49:05,448 [236eed40-dd97-4fdc-a0ae-ab99685a426b:group-8FC35334B087:LeaderElection47] INFO  server.RaftServerConfigKeys (ConfUtils.java:logGet(43)) - raft.server.rpc.sleep.time = 25ms (default)
2019-09-20 04:49:05,460 [Thread-696] INFO  impl.FollowerState (FollowerState.java:run(106)) - 236eed40-dd97-4fdc-a0ae-ab99685a426b:group-CECCCFEE5C71 changes to CANDIDATE, lastRpcTime:5175, electionTimeout:5175ms
2019-09-20 04:49:05,460 [Thread-696] INFO  impl.RoleInfo (RoleInfo.java:shutdownFollowerState(121)) - 236eed40-dd97-4fdc-a0ae-ab99685a426b: shutdown FollowerState
2019-09-20 04:49:05,460 [Thread-696] INFO  impl.RaftServerImpl (RaftServerImpl.java:setRole(171)) - 236eed40-dd97-4fdc-a0ae-ab99685a426b:group-CECCCFEE5C71 changes role from FOLLOWER to CANDIDATE at term 0 for changeToCandidate
2019-09-20 04:49:05,484 [Thread-702] INFO  impl.FollowerState (FollowerState.java:run(106)) - ba95d636-ac34-4b74-a102-dec8d0f377c6:group-ECAFFAEE0E48 changes to CANDIDATE, lastRpcTime:5058, electionTimeout:5058ms
2019-09-20 04:49:05,484 [Thread-702] INFO  impl.RoleInfo (RoleInfo.java:shutdownFollowerState(121)) - ba95d636-ac34-4b74-a102-dec8d0f377c6: shutdown FollowerState
2019-09-20 04:49:05,484 [Thread-702] INFO  impl.RaftServerImpl (RaftServerImpl.java:setRole(171)) - ba95d636-ac34-4b74-a102-dec8d0f377c6:group-ECAFFAEE0E48 changes role from FOLLOWER to CANDIDATE at term 0 for changeToCandidate
2019-09-20 04:49:05,501 | INFO  | SCMAudit | user=jenkins1000 | ip=192.168.36.79 | op=SEND_HEARTBEAT {datanodeUUID=c4f6294c-eda3-4afd-81f7-e69ed14da69f, command=[]} | ret=SUCCESS |  
2019-09-20 04:49:05,503 [Thread-702] INFO  impl.RoleInfo (RoleInfo.java:updateAndGet(143)) - ba95d636-ac34-4b74-a102-dec8d0f377c6: start LeaderElection
2019-09-20 04:49:05,503 [Thread-696] INFO  impl.RoleInfo (RoleInfo.java:updateAndGet(143)) - 236eed40-dd97-4fdc-a0ae-ab99685a426b: start LeaderElection
2019-09-20 04:49:05,503 [236eed40-dd97-4fdc-a0ae-ab99685a426b:group-8FC35334B087:LeaderElection47] INFO  server.RaftServerConfigKeys (ConfUtils.java:logGet(43)) - raft.server.write.element-limit = 4096 (default)
2019-09-20 04:49:05,511 [236eed40-dd97-4fdc-a0ae-ab99685a426b:group-8FC35334B087:LeaderElection47] INFO  server.RaftServerConfigKeys (ConfUtils.java:logGet(43)) - raft.server.watch.timeout = 10s (default)
2019-09-20 04:49:05,511 [236eed40-dd97-4fdc-a0ae-ab99685a426b:group-8FC35334B087:LeaderElection47] INFO  server.RaftServerConfigKeys (ConfUtils.java:logGet(43)) - raft.server.watch.timeout.denomination = 1s (default)
2019-09-20 04:49:05,511 [236eed40-dd97-4fdc-a0ae-ab99685a426b:group-8FC35334B087:LeaderElection47] INFO  server.RaftServerConfigKeys (ConfUtils.java:logGet(43)) - raft.server.watch.element-limit = 65536 (default)
2019-09-20 04:49:05,512 [236eed40-dd97-4fdc-a0ae-ab99685a426b:group-8FC35334B087:LeaderElection47] INFO  impl.RoleInfo (RoleInfo.java:updateAndGet(143)) - 236eed40-dd97-4fdc-a0ae-ab99685a426b: start LeaderState
2019-09-20 04:49:05,512 [236eed40-dd97-4fdc-a0ae-ab99685a426b:group-8FC35334B087:LeaderElection47] INFO  segmented.SegmentedRaftLogWorker (SegmentedRaftLogWorker.java:startLogSegment(380)) - 236eed40-dd97-4fdc-a0ae-ab99685a426b-SegmentedRaftLogWorker:Storage Directory /workdir/hadoop-ozone/integration-test/target/test-dir/MiniOzoneClusterImpl-cd85f641-6806-455e-b969-480e50aec385/datanode-0/data/ratis/fc57dfb8-287e-469a-9f7b-8fc35334b087: Starting segment from index:0
2019-09-20 04:49:05,513 [236eed40-dd97-4fdc-a0ae-ab99685a426b:group-8FC35334B087:LeaderElection47] INFO  impl.RaftServerImpl (ServerState.java:setRaftConf(361)) - 236eed40-dd97-4fdc-a0ae-ab99685a426b:group-8FC35334B087 set configuration 0: [236eed40-dd97-4fdc-a0ae-ab99685a426b:192.168.36.79:38705], old=null at 0
2019-09-20 04:49:05,515 [main] INFO  ozone.HddsDatanodeService (HddsDatanodeService.java:start(184)) - HddsDatanodeService host:pr-hdds-1569-s8kj2-2266485376 ip:192.168.36.79
2019-09-20 04:49:05,544 [236eed40-dd97-4fdc-a0ae-ab99685a426b:group-CECCCFEE5C71:LeaderElection48] INFO  impl.LeaderElection (LeaderElection.java:askForVotes(181)) - 236eed40-dd97-4fdc-a0ae-ab99685a426b:group-CECCCFEE5C71:LeaderElection48: begin an election at term 1 for -1: [236eed40-dd97-4fdc-a0ae-ab99685a426b:192.168.36.79:38705], old=null
2019-09-20 04:49:05,544 [ba95d636-ac34-4b74-a102-dec8d0f377c6:group-ECAFFAEE0E48:LeaderElection49] INFO  impl.LeaderElection (LeaderElection.java:askForVotes(181)) - ba95d636-ac34-4b74-a102-dec8d0f377c6:group-ECAFFAEE0E48:LeaderElection49: begin an election at term 1 for -1: [ba95d636-ac34-4b74-a102-dec8d0f377c6:192.168.36.79:41662], old=null
2019-09-20 04:49:05,544 [236eed40-dd97-4fdc-a0ae-ab99685a426b:group-CECCCFEE5C71:LeaderElection48] INFO  impl.RoleInfo (RoleInfo.java:shutdownLeaderElection(134)) - 236eed40-dd97-4fdc-a0ae-ab99685a426b: shutdown LeaderElection
2019-09-20 04:49:05,547 [ba95d636-ac34-4b74-a102-dec8d0f377c6:group-ECAFFAEE0E48:LeaderElection49] INFO  impl.RoleInfo (RoleInfo.java:shutdownLeaderElection(134)) - ba95d636-ac34-4b74-a102-dec8d0f377c6: shutdown LeaderElection
2019-09-20 04:49:05,547 [main] INFO  volume.HddsVolume (HddsVolume.java:<init>(176)) - Creating Volume: /workdir/hadoop-ozone/integration-test/target/test-dir/MiniOzoneClusterImpl-bb3956c2-c4d1-403a-b406-f8ec73b3905b/datanode-2/data/containers/hdds of  storage type : DISK and capacity : 1482555576320
2019-09-20 04:49:05,547 [236eed40-dd97-4fdc-a0ae-ab99685a426b:group-CECCCFEE5C71:LeaderElection48] INFO  impl.RaftServerImpl (RaftServerImpl.java:setRole(171)) - 236eed40-dd97-4fdc-a0ae-ab99685a426b:group-CECCCFEE5C71 changes role from CANDIDATE to LEADER at term 1 for changeToLeader
2019-09-20 04:49:05,547 [ba95d636-ac34-4b74-a102-dec8d0f377c6:group-ECAFFAEE0E48:LeaderElection49] INFO  impl.RaftServerImpl (RaftServerImpl.java:setRole(171)) - ba95d636-ac34-4b74-a102-dec8d0f377c6:group-ECAFFAEE0E48 changes role from CANDIDATE to LEADER at term 1 for changeToLeader
2019-09-20 04:49:05,548 [236eed40-dd97-4fdc-a0ae-ab99685a426b:group-CECCCFEE5C71:LeaderElection48] INFO  impl.RaftServerImpl (ServerState.java:setLeader(263)) - 236eed40-dd97-4fdc-a0ae-ab99685a426b:group-CECCCFEE5C71 change Leader from null to 236eed40-dd97-4fdc-a0ae-ab99685a426b at term 1 for becomeLeader, leader elected after 5266ms
2019-09-20 04:49:05,548 [ba95d636-ac34-4b74-a102-dec8d0f377c6:group-ECAFFAEE0E48:LeaderElection49] INFO  impl.RaftServerImpl (ServerState.java:setLeader(263)) - ba95d636-ac34-4b74-a102-dec8d0f377c6:group-ECAFFAEE0E48 change Leader from null to ba95d636-ac34-4b74-a102-dec8d0f377c6 at term 1 for becomeLeader, leader elected after 5139ms
2019-09-20 04:49:05,548 [236eed40-dd97-4fdc-a0ae-ab99685a426b:group-CECCCFEE5C71:LeaderElection48] INFO  server.RaftServerConfigKeys (ConfUtils.java:logGet(43)) - raft.server.staging.catchup.gap = 1000 (default)
2019-09-20 04:49:05,548 [ba95d636-ac34-4b74-a102-dec8d0f377c6:group-ECAFFAEE0E48:LeaderElection49] INFO  server.RaftServerConfigKeys (ConfUtils.java:logGet(43)) - raft.server.staging.catchup.gap = 1000 (default)
2019-09-20 04:49:05,548 [236eed40-dd97-4fdc-a0ae-ab99685a426b:group-CECCCFEE5C71:LeaderElection48] INFO  server.RaftServerConfigKeys (ConfUtils.java:logGet(43)) - raft.server.rpc.sleep.time = 25ms (default)
2019-09-20 04:49:05,548 [ba95d636-ac34-4b74-a102-dec8d0f377c6:group-ECAFFAEE0E48:LeaderElection49] INFO  server.RaftServerConfigKeys (ConfUtils.java:logGet(43)) - raft.server.rpc.sleep.time = 25ms (default)
2019-09-20 04:49:05,548 [236eed40-dd97-4fdc-a0ae-ab99685a426b:group-CECCCFEE5C71:LeaderElection48] INFO  server.RaftServerConfigKeys (ConfUtils.java:logGet(43)) - raft.server.write.element-limit = 4096 (default)
2019-09-20 04:49:05,548 [ba95d636-ac34-4b74-a102-dec8d0f377c6:group-ECAFFAEE0E48:LeaderElection49] INFO  server.RaftServerConfigKeys (ConfUtils.java:logGet(43)) - raft.server.write.element-limit = 4096 (default)
2019-09-20 04:49:05,548 [236eed40-dd97-4fdc-a0ae-ab99685a426b:group-CECCCFEE5C71:LeaderElection48] INFO  server.RaftServerConfigKeys (ConfUtils.java:logGet(43)) - raft.server.watch.timeout = 10s (default)
2019-09-20 04:49:05,549 [ba95d636-ac34-4b74-a102-dec8d0f377c6:group-ECAFFAEE0E48:LeaderElection49] INFO  server.RaftServerConfigKeys (ConfUtils.java:logGet(43)) - raft.server.watch.timeout = 10s (default)
2019-09-20 04:49:05,549 [236eed40-dd97-4fdc-a0ae-ab99685a426b:group-CECCCFEE5C71:LeaderElection48] INFO  server.RaftServerConfigKeys (ConfUtils.java:logGet(43)) - raft.server.watch.timeout.denomination = 1s (default)
2019-09-20 04:49:05,549 [ba95d636-ac34-4b74-a102-dec8d0f377c6:group-ECAFFAEE0E48:LeaderElection49] INFO  server.RaftServerConfigKeys (ConfUtils.java:logGet(43)) - raft.server.watch.timeout.denomination = 1s (default)
2019-09-20 04:49:05,549 [236eed40-dd97-4fdc-a0ae-ab99685a426b:group-CECCCFEE5C71:LeaderElection48] INFO  server.RaftServerConfigKeys (ConfUtils.java:logGet(43)) - raft.server.watch.element-limit = 65536 (default)
2019-09-20 04:49:05,549 [ba95d636-ac34-4b74-a102-dec8d0f377c6:group-ECAFFAEE0E48:LeaderElection49] INFO  server.RaftServerConfigKeys (ConfUtils.java:logGet(43)) - raft.server.watch.element-limit = 65536 (default)
2019-09-20 04:49:05,549 [236eed40-dd97-4fdc-a0ae-ab99685a426b:group-CECCCFEE5C71:LeaderElection48] INFO  impl.RoleInfo (RoleInfo.java:updateAndGet(143)) - 236eed40-dd97-4fdc-a0ae-ab99685a426b: start LeaderState
2019-09-20 04:49:05,549 [ba95d636-ac34-4b74-a102-dec8d0f377c6:group-ECAFFAEE0E48:LeaderElection49] INFO  impl.RoleInfo (RoleInfo.java:updateAndGet(143)) - ba95d636-ac34-4b74-a102-dec8d0f377c6: start LeaderState
2019-09-20 04:49:05,549 [236eed40-dd97-4fdc-a0ae-ab99685a426b:group-CECCCFEE5C71:LeaderElection48] INFO  segmented.SegmentedRaftLogWorker (SegmentedRaftLogWorker.java:startLogSegment(380)) - 236eed40-dd97-4fdc-a0ae-ab99685a426b-SegmentedRaftLogWorker:Storage Directory /workdir/hadoop-ozone/integration-test/target/test-dir/MiniOzoneClusterImpl-cd85f641-6806-455e-b969-480e50aec385/datanode-0/data/ratis/9fdecfef-0809-4d47-919d-cecccfee5c71: Starting segment from index:0
2019-09-20 04:49:05,549 [ba95d636-ac34-4b74-a102-dec8d0f377c6:group-ECAFFAEE0E48:LeaderElection49] INFO  segmented.SegmentedRaftLogWorker (SegmentedRaftLogWorker.java:startLogSegment(380)) - ba95d636-ac34-4b74-a102-dec8d0f377c6-SegmentedRaftLogWorker:Storage Directory /workdir/hadoop-ozone/integration-test/target/test-dir/MiniOzoneClusterImpl-cd85f641-6806-455e-b969-480e50aec385/datanode-1/data/ratis/abc9c710-4cd6-4119-b04e-ecaffaee0e48: Starting segment from index:0
2019-09-20 04:49:05,550 [236eed40-dd97-4fdc-a0ae-ab99685a426b:group-CECCCFEE5C71:LeaderElection48] INFO  impl.RaftServerImpl (ServerState.java:setRaftConf(361)) - 236eed40-dd97-4fdc-a0ae-ab99685a426b:group-CECCCFEE5C71 set configuration 0: [236eed40-dd97-4fdc-a0ae-ab99685a426b:192.168.36.79:38705], old=null at 0
2019-09-20 04:49:05,550 [ba95d636-ac34-4b74-a102-dec8d0f377c6:group-ECAFFAEE0E48:LeaderElection49] INFO  impl.RaftServerImpl (ServerState.java:setRaftConf(361)) - ba95d636-ac34-4b74-a102-dec8d0f377c6:group-ECAFFAEE0E48 set configuration 0: [ba95d636-ac34-4b74-a102-dec8d0f377c6:192.168.36.79:41662], old=null at 0
2019-09-20 04:49:05,556 [main] INFO  volume.VolumeSet (VolumeSet.java:initializeVolumeSet(170)) - Added Volume : /workdir/hadoop-ozone/integration-test/target/test-dir/MiniOzoneClusterImpl-bb3956c2-c4d1-403a-b406-f8ec73b3905b/datanode-2/data/containers/hdds to VolumeSet
2019-09-20 04:49:05,556 [main] INFO  volume.ThrottledAsyncChecker (ThrottledAsyncChecker.java:schedule(140)) - Scheduling a check for org.apache.hadoop.ozone.container.common.volume.HddsVolume@5e34a84b
2019-09-20 04:49:05,557 [main] INFO  volume.HddsVolumeChecker (HddsVolumeChecker.java:checkAllVolumes(203)) - Scheduled health check for volume org.apache.hadoop.ozone.container.common.volume.HddsVolume@5e34a84b
2019-09-20 04:49:05,596 [236eed40-dd97-4fdc-a0ae-ab99685a426b-SegmentedRaftLogWorker:Storage Directory /workdir/hadoop-ozone/integration-test/target/test-dir/MiniOzoneClusterImpl-cd85f641-6806-455e-b969-480e50aec385/datanode-0/data/ratis/fc57dfb8-287e-469a-9f7b-8fc35334b087] INFO  segmented.SegmentedRaftLogWorker (SegmentedRaftLogWorker.java:execute(569)) - 236eed40-dd97-4fdc-a0ae-ab99685a426b-SegmentedRaftLogWorker:Storage Directory /workdir/hadoop-ozone/integration-test/target/test-dir/MiniOzoneClusterImpl-cd85f641-6806-455e-b969-480e50aec385/datanode-0/data/ratis/fc57dfb8-287e-469a-9f7b-8fc35334b087: created new log segment /workdir/hadoop-ozone/integration-test/target/test-dir/MiniOzoneClusterImpl-cd85f641-6806-455e-b969-480e50aec385/datanode-0/data/ratis/fc57dfb8-287e-469a-9f7b-8fc35334b087/current/log_inprogress_0
2019-09-20 04:49:05,621 [main] INFO  impl.RaftServerProxy (ConfUtils.java:logGet(43)) - raft.rpc.type = GRPC (default)
2019-09-20 04:49:05,621 [main] INFO  grpc.GrpcFactory (GrpcFactory.java:checkPooledByteBufAllocatorUseCacheForAllThreads(45)) - PERFORMANCE WARNING: useCacheForAllThreads is true that may cause Netty to create a lot garbage objects and, as a result, trigger GC.
	It is recommended to disable useCacheForAllThreads by setting -Dorg.apache.ratis.thirdparty.io.netty.allocator.useCacheForAllThreads=false in command line.
2019-09-20 04:49:05,621 [main] INFO  grpc.GrpcConfigKeys$Server (ConfUtils.java:logGet(43)) - raft.grpc.server.port = 0 (default)
2019-09-20 04:49:05,622 [main] INFO  server.GrpcService (ConfUtils.java:logGet(43)) - raft.grpc.message.size.max = 33570816 (custom)
2019-09-20 04:49:05,622 [main] INFO  server.RaftServerConfigKeys (ConfUtils.java:logGet(43)) - raft.server.log.appender.buffer.byte-limit = 33554432 (custom)
2019-09-20 04:49:05,622 [main] INFO  server.GrpcService (ConfUtils.java:logGet(43)) - raft.grpc.flow.control.window = 1MB (=1048576) (default)
2019-09-20 04:49:05,622 [main] INFO  server.RaftServerConfigKeys (ConfUtils.java:logGet(43)) - raft.server.rpc.request.timeout = 3000ms (default)
2019-09-20 04:49:05,623 [main] INFO  server.RaftServerConfigKeys (ConfUtils.java:logGet(43)) - raft.server.storage.dir = [/workdir/hadoop-ozone/integration-test/target/test-dir/MiniOzoneClusterImpl-bb3956c2-c4d1-403a-b406-f8ec73b3905b/datanode-2/data/ratis] (custom)
2019-09-20 04:49:05,623 [236eed40-dd97-4fdc-a0ae-ab99685a426b-SegmentedRaftLogWorker:Storage Directory /workdir/hadoop-ozone/integration-test/target/test-dir/MiniOzoneClusterImpl-cd85f641-6806-455e-b969-480e50aec385/datanode-0/data/ratis/9fdecfef-0809-4d47-919d-cecccfee5c71] INFO  segmented.SegmentedRaftLogWorker (SegmentedRaftLogWorker.java:execute(569)) - 236eed40-dd97-4fdc-a0ae-ab99685a426b-SegmentedRaftLogWorker:Storage Directory /workdir/hadoop-ozone/integration-test/target/test-dir/MiniOzoneClusterImpl-cd85f641-6806-455e-b969-480e50aec385/datanode-0/data/ratis/9fdecfef-0809-4d47-919d-cecccfee5c71: created new log segment /workdir/hadoop-ozone/integration-test/target/test-dir/MiniOzoneClusterImpl-cd85f641-6806-455e-b969-480e50aec385/datanode-0/data/ratis/9fdecfef-0809-4d47-919d-cecccfee5c71/current/log_inprogress_0
2019-09-20 04:49:05,623 [ba95d636-ac34-4b74-a102-dec8d0f377c6-SegmentedRaftLogWorker:Storage Directory /workdir/hadoop-ozone/integration-test/target/test-dir/MiniOzoneClusterImpl-cd85f641-6806-455e-b969-480e50aec385/datanode-1/data/ratis/abc9c710-4cd6-4119-b04e-ecaffaee0e48] INFO  segmented.SegmentedRaftLogWorker (SegmentedRaftLogWorker.java:execute(569)) - ba95d636-ac34-4b74-a102-dec8d0f377c6-SegmentedRaftLogWorker:Storage Directory /workdir/hadoop-ozone/integration-test/target/test-dir/MiniOzoneClusterImpl-cd85f641-6806-455e-b969-480e50aec385/datanode-1/data/ratis/abc9c710-4cd6-4119-b04e-ecaffaee0e48: created new log segment /workdir/hadoop-ozone/integration-test/target/test-dir/MiniOzoneClusterImpl-cd85f641-6806-455e-b969-480e50aec385/datanode-1/data/ratis/abc9c710-4cd6-4119-b04e-ecaffaee0e48/current/log_inprogress_0
2019-09-20 04:49:05,624 [main] INFO  replication.SimpleContainerDownloader (SimpleContainerDownloader.java:<init>(72)) - Starting container downloader service to copy containers to replicate.
2019-09-20 04:49:05,625 [main] INFO  hdfs.DFSUtil (DFSUtil.java:httpServerTemplateForNNAndJN(1641)) - Starting Web-server for hddsDatanode at: http://0.0.0.0:0
2019-09-20 04:49:05,627 [main] INFO  server.AuthenticationFilter (AuthenticationFilter.java:constructSecretProvider(240)) - Unable to initialize FileSignerSecretProvider, falling back to use random secrets.
2019-09-20 04:49:05,627 [main] WARN  http.HttpRequestLog (HttpRequestLog.java:getRequestLog(97)) - Jetty request log can only be enabled using Log4j
2019-09-20 04:49:05,629 [main] INFO  http.HttpServer2 (HttpServer2.java:addGlobalFilter(975)) - Added global filter 'safety' (class=org.apache.hadoop.http.HttpServer2$QuotingInputFilter)
2019-09-20 04:49:05,630 [main] INFO  http.HttpServer2 (HttpServer2.java:addFilter(948)) - Added filter static_user_filter (class=org.apache.hadoop.http.lib.StaticUserWebFilter$StaticUserFilter) to context hddsDatanode
2019-09-20 04:49:05,630 [main] INFO  http.HttpServer2 (HttpServer2.java:addFilter(958)) - Added filter static_user_filter (class=org.apache.hadoop.http.lib.StaticUserWebFilter$StaticUserFilter) to context logs
2019-09-20 04:49:05,630 [main] INFO  http.HttpServer2 (HttpServer2.java:addFilter(958)) - Added filter static_user_filter (class=org.apache.hadoop.http.lib.StaticUserWebFilter$StaticUserFilter) to context static
2019-09-20 04:49:05,631 [main] INFO  http.HttpServer2 (HttpServer2.java:bindListener(1191)) - Jetty bound to port 39807
2019-09-20 04:49:05,631 [main] INFO  server.Server (Server.java:doStart(351)) - jetty-9.3.24.v20180605, build timestamp: 2018-06-05T17:11:56Z, git hash: 84205aa28f11a4f31f2a3b86d1bba2cc8ab69827
2019-09-20 04:49:05,633 [main] INFO  handler.ContextHandler (ContextHandler.java:doStart(781)) - Started o.e.j.s.ServletContextHandler@38f63756{/logs,file:///workdir/hadoop-ozone/integration-test/target/log,AVAILABLE}
2019-09-20 04:49:05,634 [main] INFO  handler.ContextHandler (ContextHandler.java:doStart(781)) - Started o.e.j.s.ServletContextHandler@4e26040f{/static,jar:file:/home/user/.m2/repository/org/apache/hadoop/hadoop-hdds-container-service/0.5.0-SNAPSHOT/hadoop-hdds-container-service-0.5.0-SNAPSHOT.jar!/webapps/static,AVAILABLE}
2019-09-20 04:49:05,641 [Thread-705] INFO  impl.FollowerState (FollowerState.java:run(106)) - ba95d636-ac34-4b74-a102-dec8d0f377c6:group-DC146CE5DD8C changes to CANDIDATE, lastRpcTime:5161, electionTimeout:5161ms
2019-09-20 04:49:05,641 [Thread-705] INFO  impl.RoleInfo (RoleInfo.java:shutdownFollowerState(121)) - ba95d636-ac34-4b74-a102-dec8d0f377c6: shutdown FollowerState
2019-09-20 04:49:05,641 [Thread-705] INFO  impl.RaftServerImpl (RaftServerImpl.java:setRole(171)) - ba95d636-ac34-4b74-a102-dec8d0f377c6:group-DC146CE5DD8C changes role from FOLLOWER to CANDIDATE at term 0 for changeToCandidate
2019-09-20 04:49:05,641 [Thread-705] INFO  impl.RoleInfo (RoleInfo.java:updateAndGet(143)) - ba95d636-ac34-4b74-a102-dec8d0f377c6: start LeaderElection
2019-09-20 04:49:05,658 | INFO  | SCMAudit | user=jenkins1000 | ip=192.168.36.79 | op=SEND_HEARTBEAT {datanodeUUID=2d6465ef-cffa-473a-a4c6-a9aa3f1a26c0, command=[]} | ret=SUCCESS |  
2019-09-20 04:49:05,658 | INFO  | SCMAudit | user=jenkins1000 | ip=192.168.36.79 | op=SEND_HEARTBEAT {datanodeUUID=2702b462-69d8-4c1b-aae1-091a21fe08b8, command=[]} | ret=SUCCESS |  
2019-09-20 04:49:05,675 [main] INFO  handler.ContextHandler (ContextHandler.java:doStart(781)) - Started o.e.j.w.WebAppContext@36fe83d{/,file:///tmp/jetty-0.0.0.0-39807-hddsDatanode-_-any-7459152048493740391.dir/webapp/,AVAILABLE}{/hddsDatanode}
2019-09-20 04:49:05,675 [main] INFO  server.AbstractConnector (AbstractConnector.java:doStart(278)) - Started ServerConnector@310f8a05{HTTP/1.1,[http/1.1]}{0.0.0.0:39807}
2019-09-20 04:49:05,681 [main] INFO  server.Server (Server.java:doStart(419)) - Started @27669ms
2019-09-20 04:49:05,682 [main] INFO  server.BaseHttpServer (BaseHttpServer.java:updateConnectorAddress(213)) - HTTP server of HDDSDATANODE is listening at http://0.0.0.0:39807
2019-09-20 04:49:05,691 [ba95d636-ac34-4b74-a102-dec8d0f377c6:group-DC146CE5DD8C:LeaderElection50] INFO  impl.LeaderElection (LeaderElection.java:askForVotes(181)) - ba95d636-ac34-4b74-a102-dec8d0f377c6:group-DC146CE5DD8C:LeaderElection50: begin an election at term 1 for -1: [ba95d636-ac34-4b74-a102-dec8d0f377c6:192.168.36.79:41662], old=null
2019-09-20 04:49:05,691 [ba95d636-ac34-4b74-a102-dec8d0f377c6:group-DC146CE5DD8C:LeaderElection50] INFO  impl.RoleInfo (RoleInfo.java:shutdownLeaderElection(134)) - ba95d636-ac34-4b74-a102-dec8d0f377c6: shutdown LeaderElection
2019-09-20 04:49:05,691 [ba95d636-ac34-4b74-a102-dec8d0f377c6:group-DC146CE5DD8C:LeaderElection50] INFO  impl.RaftServerImpl (RaftServerImpl.java:setRole(171)) - ba95d636-ac34-4b74-a102-dec8d0f377c6:group-DC146CE5DD8C changes role from CANDIDATE to LEADER at term 1 for changeToLeader
2019-09-20 04:49:05,691 [ba95d636-ac34-4b74-a102-dec8d0f377c6:group-DC146CE5DD8C:LeaderElection50] INFO  impl.RaftServerImpl (ServerState.java:setLeader(263)) - ba95d636-ac34-4b74-a102-dec8d0f377c6:group-DC146CE5DD8C change Leader from null to ba95d636-ac34-4b74-a102-dec8d0f377c6 at term 1 for becomeLeader, leader elected after 5214ms
2019-09-20 04:49:05,691 [ba95d636-ac34-4b74-a102-dec8d0f377c6:group-DC146CE5DD8C:LeaderElection50] INFO  server.RaftServerConfigKeys (ConfUtils.java:logGet(43)) - raft.server.staging.catchup.gap = 1000 (default)
2019-09-20 04:49:05,691 [ba95d636-ac34-4b74-a102-dec8d0f377c6:group-DC146CE5DD8C:LeaderElection50] INFO  server.RaftServerConfigKeys (ConfUtils.java:logGet(43)) - raft.server.rpc.sleep.time = 25ms (default)
2019-09-20 04:49:05,691 [ba95d636-ac34-4b74-a102-dec8d0f377c6:group-DC146CE5DD8C:LeaderElection50] INFO  server.RaftServerConfigKeys (ConfUtils.java:logGet(43)) - raft.server.write.element-limit = 4096 (default)
2019-09-20 04:49:05,692 [ba95d636-ac34-4b74-a102-dec8d0f377c6:group-DC146CE5DD8C:LeaderElection50] INFO  server.RaftServerConfigKeys (ConfUtils.java:logGet(43)) - raft.server.watch.timeout = 10s (default)
2019-09-20 04:49:05,692 [ba95d636-ac34-4b74-a102-dec8d0f377c6:group-DC146CE5DD8C:LeaderElection50] INFO  server.RaftServerConfigKeys (ConfUtils.java:logGet(43)) - raft.server.watch.timeout.denomination = 1s (default)
2019-09-20 04:49:05,692 [ba95d636-ac34-4b74-a102-dec8d0f377c6:group-DC146CE5DD8C:LeaderElection50] INFO  server.RaftServerConfigKeys (ConfUtils.java:logGet(43)) - raft.server.watch.element-limit = 65536 (default)
2019-09-20 04:49:05,692 [ba95d636-ac34-4b74-a102-dec8d0f377c6:group-DC146CE5DD8C:LeaderElection50] INFO  impl.RoleInfo (RoleInfo.java:updateAndGet(143)) - ba95d636-ac34-4b74-a102-dec8d0f377c6: start LeaderState
2019-09-20 04:49:05,692 [ba95d636-ac34-4b74-a102-dec8d0f377c6:group-DC146CE5DD8C:LeaderElection50] INFO  segmented.SegmentedRaftLogWorker (SegmentedRaftLogWorker.java:startLogSegment(380)) - ba95d636-ac34-4b74-a102-dec8d0f377c6-SegmentedRaftLogWorker:Storage Directory /workdir/hadoop-ozone/integration-test/target/test-dir/MiniOzoneClusterImpl-cd85f641-6806-455e-b969-480e50aec385/datanode-1/data/ratis/c18f2795-e6c2-4d73-a7e7-dc146ce5dd8c: Starting segment from index:0
2019-09-20 04:49:05,693 [ba95d636-ac34-4b74-a102-dec8d0f377c6:group-DC146CE5DD8C:LeaderElection50] INFO  impl.RaftServerImpl (ServerState.java:setRaftConf(361)) - ba95d636-ac34-4b74-a102-dec8d0f377c6:group-DC146CE5DD8C set configuration 0: [ba95d636-ac34-4b74-a102-dec8d0f377c6:192.168.36.79:41662], old=null at 0
2019-09-20 04:49:05,738 | INFO  | SCMAudit | user=jenkins1000 | ip=192.168.36.79 | op=SEND_HEARTBEAT {datanodeUUID=fdbc37f2-9e58-4bac-a5d5-a78839d012e9, command=[]} | ret=SUCCESS |  
2019-09-20 04:49:05,741 [ba95d636-ac34-4b74-a102-dec8d0f377c6-SegmentedRaftLogWorker:Storage Directory /workdir/hadoop-ozone/integration-test/target/test-dir/MiniOzoneClusterImpl-cd85f641-6806-455e-b969-480e50aec385/datanode-1/data/ratis/c18f2795-e6c2-4d73-a7e7-dc146ce5dd8c] INFO  segmented.SegmentedRaftLogWorker (SegmentedRaftLogWorker.java:execute(569)) - ba95d636-ac34-4b74-a102-dec8d0f377c6-SegmentedRaftLogWorker:Storage Directory /workdir/hadoop-ozone/integration-test/target/test-dir/MiniOzoneClusterImpl-cd85f641-6806-455e-b969-480e50aec385/datanode-1/data/ratis/c18f2795-e6c2-4d73-a7e7-dc146ce5dd8c: created new log segment /workdir/hadoop-ozone/integration-test/target/test-dir/MiniOzoneClusterImpl-cd85f641-6806-455e-b969-480e50aec385/datanode-1/data/ratis/c18f2795-e6c2-4d73-a7e7-dc146ce5dd8c/current/log_inprogress_0
2019-09-20 04:49:05,768 [Thread-708] INFO  impl.FollowerState (FollowerState.java:run(106)) - ba95d636-ac34-4b74-a102-dec8d0f377c6:group-F8942C8F5E0D changes to CANDIDATE, lastRpcTime:5052, electionTimeout:5052ms
2019-09-20 04:49:05,769 [Thread-708] INFO  impl.RoleInfo (RoleInfo.java:shutdownFollowerState(121)) - ba95d636-ac34-4b74-a102-dec8d0f377c6: shutdown FollowerState
2019-09-20 04:49:05,769 [Thread-708] INFO  impl.RaftServerImpl (RaftServerImpl.java:setRole(171)) - ba95d636-ac34-4b74-a102-dec8d0f377c6:group-F8942C8F5E0D changes role from FOLLOWER to CANDIDATE at term 0 for changeToCandidate
2019-09-20 04:49:05,769 [Thread-708] INFO  impl.RoleInfo (RoleInfo.java:updateAndGet(143)) - ba95d636-ac34-4b74-a102-dec8d0f377c6: start LeaderElection
2019-09-20 04:49:05,792 | INFO  | SCMAudit | user=jenkins1000 | ip=192.168.36.79 | op=SEND_HEARTBEAT {datanodeUUID=1d91ad97-6666-4ee7-855a-8b5e944e7401, command=[]} | ret=SUCCESS |  
2019-09-20 04:49:05,808 [ba95d636-ac34-4b74-a102-dec8d0f377c6:group-F8942C8F5E0D:LeaderElection51] INFO  impl.LeaderElection (LeaderElection.java:askForVotes(181)) - ba95d636-ac34-4b74-a102-dec8d0f377c6:group-F8942C8F5E0D:LeaderElection51: begin an election at term 1 for -1: [ba95d636-ac34-4b74-a102-dec8d0f377c6:192.168.36.79:41662], old=null
2019-09-20 04:49:05,808 [ba95d636-ac34-4b74-a102-dec8d0f377c6:group-F8942C8F5E0D:LeaderElection51] INFO  impl.RoleInfo (RoleInfo.java:shutdownLeaderElection(134)) - ba95d636-ac34-4b74-a102-dec8d0f377c6: shutdown LeaderElection
2019-09-20 04:49:05,808 [ba95d636-ac34-4b74-a102-dec8d0f377c6:group-F8942C8F5E0D:LeaderElection51] INFO  impl.RaftServerImpl (RaftServerImpl.java:setRole(171)) - ba95d636-ac34-4b74-a102-dec8d0f377c6:group-F8942C8F5E0D changes role from CANDIDATE to LEADER at term 1 for changeToLeader
2019-09-20 04:49:05,808 [Thread-711] INFO  impl.FollowerState (FollowerState.java:run(106)) - ba95d636-ac34-4b74-a102-dec8d0f377c6:group-B466CBC069E0 changes to CANDIDATE, lastRpcTime:5026, electionTimeout:5026ms
2019-09-20 04:49:05,808 [ba95d636-ac34-4b74-a102-dec8d0f377c6:group-F8942C8F5E0D:LeaderElection51] INFO  impl.RaftServerImpl (ServerState.java:setLeader(263)) - ba95d636-ac34-4b74-a102-dec8d0f377c6:group-F8942C8F5E0D change Leader from null to ba95d636-ac34-4b74-a102-dec8d0f377c6 at term 1 for becomeLeader, leader elected after 5096ms
2019-09-20 04:49:05,808 [Thread-711] INFO  impl.RoleInfo (RoleInfo.java:shutdownFollowerState(121)) - ba95d636-ac34-4b74-a102-dec8d0f377c6: shutdown FollowerState
2019-09-20 04:49:05,808 [ba95d636-ac34-4b74-a102-dec8d0f377c6:group-F8942C8F5E0D:LeaderElection51] INFO  server.RaftServerConfigKeys (ConfUtils.java:logGet(43)) - raft.server.staging.catchup.gap = 1000 (default)
2019-09-20 04:49:05,809 [Thread-711] INFO  impl.RaftServerImpl (RaftServerImpl.java:setRole(171)) - ba95d636-ac34-4b74-a102-dec8d0f377c6:group-B466CBC069E0 changes role from FOLLOWER to CANDIDATE at term 0 for changeToCandidate
2019-09-20 04:49:05,809 [ba95d636-ac34-4b74-a102-dec8d0f377c6:group-F8942C8F5E0D:LeaderElection51] INFO  server.RaftServerConfigKeys (ConfUtils.java:logGet(43)) - raft.server.rpc.sleep.time = 25ms (default)
2019-09-20 04:49:05,809 [Thread-711] INFO  impl.RoleInfo (RoleInfo.java:updateAndGet(143)) - ba95d636-ac34-4b74-a102-dec8d0f377c6: start LeaderElection
2019-09-20 04:49:05,809 [ba95d636-ac34-4b74-a102-dec8d0f377c6:group-F8942C8F5E0D:LeaderElection51] INFO  server.RaftServerConfigKeys (ConfUtils.java:logGet(43)) - raft.server.write.element-limit = 4096 (default)
2019-09-20 04:49:05,809 [ba95d636-ac34-4b74-a102-dec8d0f377c6:group-F8942C8F5E0D:LeaderElection51] INFO  server.RaftServerConfigKeys (ConfUtils.java:logGet(43)) - raft.server.watch.timeout = 10s (default)
2019-09-20 04:49:05,809 [ba95d636-ac34-4b74-a102-dec8d0f377c6:group-F8942C8F5E0D:LeaderElection51] INFO  server.RaftServerConfigKeys (ConfUtils.java:logGet(43)) - raft.server.watch.timeout.denomination = 1s (default)
2019-09-20 04:49:05,809 [ba95d636-ac34-4b74-a102-dec8d0f377c6:group-F8942C8F5E0D:LeaderElection51] INFO  server.RaftServerConfigKeys (ConfUtils.java:logGet(43)) - raft.server.watch.element-limit = 65536 (default)
2019-09-20 04:49:05,809 [ba95d636-ac34-4b74-a102-dec8d0f377c6:group-F8942C8F5E0D:LeaderElection51] INFO  impl.RoleInfo (RoleInfo.java:updateAndGet(143)) - ba95d636-ac34-4b74-a102-dec8d0f377c6: start LeaderState
2019-09-20 04:49:05,810 [ba95d636-ac34-4b74-a102-dec8d0f377c6:group-F8942C8F5E0D:LeaderElection51] INFO  segmented.SegmentedRaftLogWorker (SegmentedRaftLogWorker.java:startLogSegment(380)) - ba95d636-ac34-4b74-a102-dec8d0f377c6-SegmentedRaftLogWorker:Storage Directory /workdir/hadoop-ozone/integration-test/target/test-dir/MiniOzoneClusterImpl-cd85f641-6806-455e-b969-480e50aec385/datanode-1/data/ratis/b2136ffd-8da2-477f-a227-f8942c8f5e0d: Starting segment from index:0
2019-09-20 04:49:05,810 [ba95d636-ac34-4b74-a102-dec8d0f377c6:group-F8942C8F5E0D:LeaderElection51] INFO  impl.RaftServerImpl (ServerState.java:setRaftConf(361)) - ba95d636-ac34-4b74-a102-dec8d0f377c6:group-F8942C8F5E0D set configuration 0: [ba95d636-ac34-4b74-a102-dec8d0f377c6:192.168.36.79:41662], old=null at 0
2019-09-20 04:49:05,843 [ba95d636-ac34-4b74-a102-dec8d0f377c6:group-B466CBC069E0:LeaderElection52] INFO  impl.LeaderElection (LeaderElection.java:askForVotes(181)) - ba95d636-ac34-4b74-a102-dec8d0f377c6:group-B466CBC069E0:LeaderElection52: begin an election at term 1 for -1: [ba95d636-ac34-4b74-a102-dec8d0f377c6:192.168.36.79:41662], old=null
2019-09-20 04:49:05,843 | INFO  | ObjectStoreRestHttpServer | Listening HDDS REST traffic on /0.0.0.0:38236 |  
2019-09-20 04:49:05,843 [ba95d636-ac34-4b74-a102-dec8d0f377c6:group-B466CBC069E0:LeaderElection52] INFO  impl.RoleInfo (RoleInfo.java:shutdownLeaderElection(134)) - ba95d636-ac34-4b74-a102-dec8d0f377c6: shutdown LeaderElection
2019-09-20 04:49:05,843 [main] INFO  ozone.HddsDatanodeService (HddsDatanodeService.java:startPlugins(395)) - Started plug-in org.apache.hadoop.ozone.web.OzoneHddsDatanodeService@45635ae1
2019-09-20 04:49:05,843 [ba95d636-ac34-4b74-a102-dec8d0f377c6:group-B466CBC069E0:LeaderElection52] INFO  impl.RaftServerImpl (RaftServerImpl.java:setRole(171)) - ba95d636-ac34-4b74-a102-dec8d0f377c6:group-B466CBC069E0 changes role from CANDIDATE to LEADER at term 1 for changeToLeader
2019-09-20 04:49:05,843 [ba95d636-ac34-4b74-a102-dec8d0f377c6:group-B466CBC069E0:LeaderElection52] INFO  impl.RaftServerImpl (ServerState.java:setLeader(263)) - ba95d636-ac34-4b74-a102-dec8d0f377c6:group-B466CBC069E0 change Leader from null to ba95d636-ac34-4b74-a102-dec8d0f377c6 at term 1 for becomeLeader, leader elected after 5065ms
2019-09-20 04:49:05,843 [main] INFO  impl.MetricsSystemImpl (MetricsSystemImpl.java:init(158)) - HddsDatanode metrics system started (again)
2019-09-20 04:49:05,844 [ba95d636-ac34-4b74-a102-dec8d0f377c6:group-B466CBC069E0:LeaderElection52] INFO  server.RaftServerConfigKeys (ConfUtils.java:logGet(43)) - raft.server.staging.catchup.gap = 1000 (default)
2019-09-20 04:49:05,844 [ba95d636-ac34-4b74-a102-dec8d0f377c6:group-B466CBC069E0:LeaderElection52] INFO  server.RaftServerConfigKeys (ConfUtils.java:logGet(43)) - raft.server.rpc.sleep.time = 25ms (default)
2019-09-20 04:49:05,844 [org.apache.hadoop.util.JvmPauseMonitor$Monitor@4e6a4b09] INFO  util.JvmPauseMonitor (JvmPauseMonitor.java:run(188)) - Starting JVM pause monitor
2019-09-20 04:49:05,844 [ba95d636-ac34-4b74-a102-dec8d0f377c6:group-B466CBC069E0:LeaderElection52] INFO  server.RaftServerConfigKeys (ConfUtils.java:logGet(43)) - raft.server.write.element-limit = 4096 (default)
2019-09-20 04:49:05,845 [ba95d636-ac34-4b74-a102-dec8d0f377c6:group-B466CBC069E0:LeaderElection52] INFO  server.RaftServerConfigKeys (ConfUtils.java:logGet(43)) - raft.server.watch.timeout = 10s (default)
2019-09-20 04:49:05,845 [ba95d636-ac34-4b74-a102-dec8d0f377c6:group-B466CBC069E0:LeaderElection52] INFO  server.RaftServerConfigKeys (ConfUtils.java:logGet(43)) - raft.server.watch.timeout.denomination = 1s (default)
2019-09-20 04:49:05,845 [ba95d636-ac34-4b74-a102-dec8d0f377c6:group-B466CBC069E0:LeaderElection52] INFO  server.RaftServerConfigKeys (ConfUtils.java:logGet(43)) - raft.server.watch.element-limit = 65536 (default)
2019-09-20 04:49:05,845 [ba95d636-ac34-4b74-a102-dec8d0f377c6:group-B466CBC069E0:LeaderElection52] INFO  impl.RoleInfo (RoleInfo.java:updateAndGet(143)) - ba95d636-ac34-4b74-a102-dec8d0f377c6: start LeaderState
2019-09-20 04:49:05,845 [ba95d636-ac34-4b74-a102-dec8d0f377c6:group-B466CBC069E0:LeaderElection52] INFO  segmented.SegmentedRaftLogWorker (SegmentedRaftLogWorker.java:startLogSegment(380)) - ba95d636-ac34-4b74-a102-dec8d0f377c6-SegmentedRaftLogWorker:Storage Directory /workdir/hadoop-ozone/integration-test/target/test-dir/MiniOzoneClusterImpl-cd85f641-6806-455e-b969-480e50aec385/datanode-1/data/ratis/9321c722-8d6d-4c27-a1f4-b466cbc069e0: Starting segment from index:0
2019-09-20 04:49:05,846 [Datanode State Machine Thread - 0] INFO  datanode.InitDatanodeState (InitDatanodeState.java:persistContainerDatanodeDetails(140)) - DatanodeDetails is persisted to /workdir/hadoop-ozone/integration-test/target/test-dir/MiniOzoneClusterImpl-bb3956c2-c4d1-403a-b406-f8ec73b3905b/datanode-2/meta/datanode.id
2019-09-20 04:49:05,867 [ba95d636-ac34-4b74-a102-dec8d0f377c6-SegmentedRaftLogWorker:Storage Directory /workdir/hadoop-ozone/integration-test/target/test-dir/MiniOzoneClusterImpl-cd85f641-6806-455e-b969-480e50aec385/datanode-1/data/ratis/b2136ffd-8da2-477f-a227-f8942c8f5e0d] INFO  segmented.SegmentedRaftLogWorker (SegmentedRaftLogWorker.java:execute(569)) - ba95d636-ac34-4b74-a102-dec8d0f377c6-SegmentedRaftLogWorker:Storage Directory /workdir/hadoop-ozone/integration-test/target/test-dir/MiniOzoneClusterImpl-cd85f641-6806-455e-b969-480e50aec385/datanode-1/data/ratis/b2136ffd-8da2-477f-a227-f8942c8f5e0d: created new log segment /workdir/hadoop-ozone/integration-test/target/test-dir/MiniOzoneClusterImpl-cd85f641-6806-455e-b969-480e50aec385/datanode-1/data/ratis/b2136ffd-8da2-477f-a227-f8942c8f5e0d/current/log_inprogress_0
2019-09-20 04:49:05,902 | INFO  | SCMAudit | user=jenkins1000 | ip=192.168.36.79 | op=SEND_HEARTBEAT {datanodeUUID=ea71b9af-1075-4196-9693-aa14e10f536d, command=[]} | ret=SUCCESS |  
2019-09-20 04:49:05,907 [ba95d636-ac34-4b74-a102-dec8d0f377c6:group-B466CBC069E0:LeaderElection52] INFO  impl.RaftServerImpl (ServerState.java:setRaftConf(361)) - ba95d636-ac34-4b74-a102-dec8d0f377c6:group-B466CBC069E0 set configuration 0: [ba95d636-ac34-4b74-a102-dec8d0f377c6:192.168.36.79:41662], old=null at 0
2019-09-20 04:49:05,912 [main] INFO  ozone.HddsDatanodeService (HddsDatanodeService.java:start(184)) - HddsDatanodeService host:pr-hdds-1569-s8kj2-2266485376 ip:192.168.36.79
2019-09-20 04:49:05,937 [Thread-714] INFO  impl.FollowerState (FollowerState.java:run(106)) - ba95d636-ac34-4b74-a102-dec8d0f377c6:group-DFDE0B4E9007 changes to CANDIDATE, lastRpcTime:5067, electionTimeout:5059ms
2019-09-20 04:49:05,937 [Thread-714] INFO  impl.RoleInfo (RoleInfo.java:shutdownFollowerState(121)) - ba95d636-ac34-4b74-a102-dec8d0f377c6: shutdown FollowerState
2019-09-20 04:49:05,938 [Thread-714] INFO  impl.RaftServerImpl (RaftServerImpl.java:setRole(171)) - ba95d636-ac34-4b74-a102-dec8d0f377c6:group-DFDE0B4E9007 changes role from FOLLOWER to CANDIDATE at term 0 for changeToCandidate
2019-09-20 04:49:05,950 [ba95d636-ac34-4b74-a102-dec8d0f377c6-SegmentedRaftLogWorker:Storage Directory /workdir/hadoop-ozone/integration-test/target/test-dir/MiniOzoneClusterImpl-cd85f641-6806-455e-b969-480e50aec385/datanode-1/data/ratis/9321c722-8d6d-4c27-a1f4-b466cbc069e0] INFO  segmented.SegmentedRaftLogWorker (SegmentedRaftLogWorker.java:execute(569)) - ba95d636-ac34-4b74-a102-dec8d0f377c6-SegmentedRaftLogWorker:Storage Directory /workdir/hadoop-ozone/integration-test/target/test-dir/MiniOzoneClusterImpl-cd85f641-6806-455e-b969-480e50aec385/datanode-1/data/ratis/9321c722-8d6d-4c27-a1f4-b466cbc069e0: created new log segment /workdir/hadoop-ozone/integration-test/target/test-dir/MiniOzoneClusterImpl-cd85f641-6806-455e-b969-480e50aec385/datanode-1/data/ratis/9321c722-8d6d-4c27-a1f4-b466cbc069e0/current/log_inprogress_0
2019-09-20 04:49:05,950 [main] INFO  volume.HddsVolume (HddsVolume.java:<init>(176)) - Creating Volume: /workdir/hadoop-ozone/integration-test/target/test-dir/MiniOzoneClusterImpl-bb3956c2-c4d1-403a-b406-f8ec73b3905b/datanode-3/data/containers/hdds of  storage type : DISK and capacity : 1482555576320
2019-09-20 04:49:05,951 [Thread-714] INFO  impl.RoleInfo (RoleInfo.java:updateAndGet(143)) - ba95d636-ac34-4b74-a102-dec8d0f377c6: start LeaderElection
2019-09-20 04:49:05,951 [main] INFO  volume.VolumeSet (VolumeSet.java:initializeVolumeSet(170)) - Added Volume : /workdir/hadoop-ozone/integration-test/target/test-dir/MiniOzoneClusterImpl-bb3956c2-c4d1-403a-b406-f8ec73b3905b/datanode-3/data/containers/hdds to VolumeSet
2019-09-20 04:49:05,951 [main] INFO  volume.ThrottledAsyncChecker (ThrottledAsyncChecker.java:schedule(140)) - Scheduling a check for org.apache.hadoop.ozone.container.common.volume.HddsVolume@20f6b6e0
2019-09-20 04:49:05,958 [main] INFO  volume.HddsVolumeChecker (HddsVolumeChecker.java:checkAllVolumes(203)) - Scheduled health check for volume org.apache.hadoop.ozone.container.common.volume.HddsVolume@20f6b6e0
2019-09-20 04:49:05,981 [main] INFO  impl.RaftServerProxy (ConfUtils.java:logGet(43)) - raft.rpc.type = GRPC (default)
2019-09-20 04:49:05,981 [main] INFO  grpc.GrpcFactory (GrpcFactory.java:checkPooledByteBufAllocatorUseCacheForAllThreads(45)) - PERFORMANCE WARNING: useCacheForAllThreads is true that may cause Netty to create a lot garbage objects and, as a result, trigger GC.
	It is recommended to disable useCacheForAllThreads by setting -Dorg.apache.ratis.thirdparty.io.netty.allocator.useCacheForAllThreads=false in command line.
2019-09-20 04:49:05,981 [main] INFO  grpc.GrpcConfigKeys$Server (ConfUtils.java:logGet(43)) - raft.grpc.server.port = 0 (default)
2019-09-20 04:49:05,981 [main] INFO  server.GrpcService (ConfUtils.java:logGet(43)) - raft.grpc.message.size.max = 33570816 (custom)
2019-09-20 04:49:05,981 | INFO  | SCMAudit | user=jenkins1000 | ip=192.168.36.79 | op=SEND_HEARTBEAT {datanodeUUID=3c2a6bfe-f5c5-4e23-89b0-850dab17697d, command=[]} | ret=SUCCESS |  
2019-09-20 04:49:05,982 [main] INFO  server.RaftServerConfigKeys (ConfUtils.java:logGet(43)) - raft.server.log.appender.buffer.byte-limit = 33554432 (custom)
2019-09-20 04:49:05,982 [main] INFO  server.GrpcService (ConfUtils.java:logGet(43)) - raft.grpc.flow.control.window = 1MB (=1048576) (default)
2019-09-20 04:49:05,982 [main] INFO  server.RaftServerConfigKeys (ConfUtils.java:logGet(43)) - raft.server.rpc.request.timeout = 3000ms (default)
2019-09-20 04:49:05,982 [main] INFO  server.RaftServerConfigKeys (ConfUtils.java:logGet(43)) - raft.server.storage.dir = [/workdir/hadoop-ozone/integration-test/target/test-dir/MiniOzoneClusterImpl-bb3956c2-c4d1-403a-b406-f8ec73b3905b/datanode-3/data/ratis] (custom)
2019-09-20 04:49:05,983 [main] INFO  replication.SimpleContainerDownloader (SimpleContainerDownloader.java:<init>(72)) - Starting container downloader service to copy containers to replicate.
2019-09-20 04:49:05,984 [main] INFO  hdfs.DFSUtil (DFSUtil.java:httpServerTemplateForNNAndJN(1641)) - Starting Web-server for hddsDatanode at: http://0.0.0.0:0
2019-09-20 04:49:05,984 [ba95d636-ac34-4b74-a102-dec8d0f377c6:group-DFDE0B4E9007:LeaderElection53] INFO  impl.LeaderElection (LeaderElection.java:askForVotes(181)) - ba95d636-ac34-4b74-a102-dec8d0f377c6:group-DFDE0B4E9007:LeaderElection53: begin an election at term 1 for -1: [ba95d636-ac34-4b74-a102-dec8d0f377c6:192.168.36.79:41662], old=null
2019-09-20 04:49:05,984 [ba95d636-ac34-4b74-a102-dec8d0f377c6:group-DFDE0B4E9007:LeaderElection53] INFO  impl.RoleInfo (RoleInfo.java:shutdownLeaderElection(134)) - ba95d636-ac34-4b74-a102-dec8d0f377c6: shutdown LeaderElection
2019-09-20 04:49:05,985 [ba95d636-ac34-4b74-a102-dec8d0f377c6:group-DFDE0B4E9007:LeaderElection53] INFO  impl.RaftServerImpl (RaftServerImpl.java:setRole(171)) - ba95d636-ac34-4b74-a102-dec8d0f377c6:group-DFDE0B4E9007 changes role from CANDIDATE to LEADER at term 1 for changeToLeader
2019-09-20 04:49:05,985 [ba95d636-ac34-4b74-a102-dec8d0f377c6:group-DFDE0B4E9007:LeaderElection53] INFO  impl.RaftServerImpl (ServerState.java:setLeader(263)) - ba95d636-ac34-4b74-a102-dec8d0f377c6:group-DFDE0B4E9007 change Leader from null to ba95d636-ac34-4b74-a102-dec8d0f377c6 at term 1 for becomeLeader, leader elected after 5120ms
2019-09-20 04:49:05,985 [ba95d636-ac34-4b74-a102-dec8d0f377c6:group-DFDE0B4E9007:LeaderElection53] INFO  server.RaftServerConfigKeys (ConfUtils.java:logGet(43)) - raft.server.staging.catchup.gap = 1000 (default)
2019-09-20 04:49:05,985 [ba95d636-ac34-4b74-a102-dec8d0f377c6:group-DFDE0B4E9007:LeaderElection53] INFO  server.RaftServerConfigKeys (ConfUtils.java:logGet(43)) - raft.server.rpc.sleep.time = 25ms (default)
2019-09-20 04:49:05,985 [ba95d636-ac34-4b74-a102-dec8d0f377c6:group-DFDE0B4E9007:LeaderElection53] INFO  server.RaftServerConfigKeys (ConfUtils.java:logGet(43)) - raft.server.write.element-limit = 4096 (default)
2019-09-20 04:49:05,985 [ba95d636-ac34-4b74-a102-dec8d0f377c6:group-DFDE0B4E9007:LeaderElection53] INFO  server.RaftServerConfigKeys (ConfUtils.java:logGet(43)) - raft.server.watch.timeout = 10s (default)
2019-09-20 04:49:05,985 [ba95d636-ac34-4b74-a102-dec8d0f377c6:group-DFDE0B4E9007:LeaderElection53] INFO  server.RaftServerConfigKeys (ConfUtils.java:logGet(43)) - raft.server.watch.timeout.denomination = 1s (default)
2019-09-20 04:49:05,985 [ba95d636-ac34-4b74-a102-dec8d0f377c6:group-DFDE0B4E9007:LeaderElection53] INFO  server.RaftServerConfigKeys (ConfUtils.java:logGet(43)) - raft.server.watch.element-limit = 65536 (default)
2019-09-20 04:49:05,985 [main] INFO  server.AuthenticationFilter (AuthenticationFilter.java:constructSecretProvider(240)) - Unable to initialize FileSignerSecretProvider, falling back to use random secrets.
2019-09-20 04:49:05,985 [ba95d636-ac34-4b74-a102-dec8d0f377c6:group-DFDE0B4E9007:LeaderElection53] INFO  impl.RoleInfo (RoleInfo.java:updateAndGet(143)) - ba95d636-ac34-4b74-a102-dec8d0f377c6: start LeaderState
2019-09-20 04:49:05,986 [ba95d636-ac34-4b74-a102-dec8d0f377c6:group-DFDE0B4E9007:LeaderElection53] INFO  segmented.SegmentedRaftLogWorker (SegmentedRaftLogWorker.java:startLogSegment(380)) - ba95d636-ac34-4b74-a102-dec8d0f377c6-SegmentedRaftLogWorker:Storage Directory /workdir/hadoop-ozone/integration-test/target/test-dir/MiniOzoneClusterImpl-cd85f641-6806-455e-b969-480e50aec385/datanode-1/data/ratis/c5078946-ddd6-4b2c-8048-dfde0b4e9007: Starting segment from index:0
2019-09-20 04:49:05,986 [main] WARN  http.HttpRequestLog (HttpRequestLog.java:getRequestLog(97)) - Jetty request log can only be enabled using Log4j
2019-09-20 04:49:05,986 [ba95d636-ac34-4b74-a102-dec8d0f377c6:group-DFDE0B4E9007:LeaderElection53] INFO  impl.RaftServerImpl (ServerState.java:setRaftConf(361)) - ba95d636-ac34-4b74-a102-dec8d0f377c6:group-DFDE0B4E9007 set configuration 0: [ba95d636-ac34-4b74-a102-dec8d0f377c6:192.168.36.79:41662], old=null at 0
2019-09-20 04:49:05,987 [main] INFO  http.HttpServer2 (HttpServer2.java:addGlobalFilter(975)) - Added global filter 'safety' (class=org.apache.hadoop.http.HttpServer2$QuotingInputFilter)
2019-09-20 04:49:05,988 [main] INFO  http.HttpServer2 (HttpServer2.java:addFilter(948)) - Added filter static_user_filter (class=org.apache.hadoop.http.lib.StaticUserWebFilter$StaticUserFilter) to context hddsDatanode
2019-09-20 04:49:05,988 [main] INFO  http.HttpServer2 (HttpServer2.java:addFilter(958)) - Added filter static_user_filter (class=org.apache.hadoop.http.lib.StaticUserWebFilter$StaticUserFilter) to context static
2019-09-20 04:49:05,988 [main] INFO  http.HttpServer2 (HttpServer2.java:addFilter(958)) - Added filter static_user_filter (class=org.apache.hadoop.http.lib.StaticUserWebFilter$StaticUserFilter) to context logs
2019-09-20 04:49:05,989 [main] INFO  http.HttpServer2 (HttpServer2.java:bindListener(1191)) - Jetty bound to port 43834
2019-09-20 04:49:05,989 [main] INFO  server.Server (Server.java:doStart(351)) - jetty-9.3.24.v20180605, build timestamp: 2018-06-05T17:11:56Z, git hash: 84205aa28f11a4f31f2a3b86d1bba2cc8ab69827
2019-09-20 04:49:05,992 | INFO  | SCMAudit | user=jenkins1000 | ip=192.168.36.79 | op=SEND_HEARTBEAT {datanodeUUID=236eed40-dd97-4fdc-a0ae-ab99685a426b, command=[]} | ret=SUCCESS |  
2019-09-20 04:49:06,002 [main] INFO  handler.ContextHandler (ContextHandler.java:doStart(781)) - Started o.e.j.s.ServletContextHandler@44e4cf8a{/logs,file:///workdir/hadoop-ozone/integration-test/target/log,AVAILABLE}
2019-09-20 04:49:06,003 [main] INFO  handler.ContextHandler (ContextHandler.java:doStart(781)) - Started o.e.j.s.ServletContextHandler@296bfddb{/static,jar:file:/home/user/.m2/repository/org/apache/hadoop/hadoop-hdds-container-service/0.5.0-SNAPSHOT/hadoop-hdds-container-service-0.5.0-SNAPSHOT.jar!/webapps/static,AVAILABLE}
2019-09-20 04:49:06,032 [main] INFO  handler.ContextHandler (ContextHandler.java:doStart(781)) - Started o.e.j.w.WebAppContext@22ab1b8a{/,file:///tmp/jetty-0.0.0.0-43834-hddsDatanode-_-any-6095902761190406415.dir/webapp/,AVAILABLE}{/hddsDatanode}
2019-09-20 04:49:06,033 [main] INFO  server.AbstractConnector (AbstractConnector.java:doStart(278)) - Started ServerConnector@320770d7{HTTP/1.1,[http/1.1]}{0.0.0.0:43834}
2019-09-20 04:49:06,037 [ba95d636-ac34-4b74-a102-dec8d0f377c6-SegmentedRaftLogWorker:Storage Directory /workdir/hadoop-ozone/integration-test/target/test-dir/MiniOzoneClusterImpl-cd85f641-6806-455e-b969-480e50aec385/datanode-1/data/ratis/c5078946-ddd6-4b2c-8048-dfde0b4e9007] INFO  segmented.SegmentedRaftLogWorker (SegmentedRaftLogWorker.java:execute(569)) - ba95d636-ac34-4b74-a102-dec8d0f377c6-SegmentedRaftLogWorker:Storage Directory /workdir/hadoop-ozone/integration-test/target/test-dir/MiniOzoneClusterImpl-cd85f641-6806-455e-b969-480e50aec385/datanode-1/data/ratis/c5078946-ddd6-4b2c-8048-dfde0b4e9007: created new log segment /workdir/hadoop-ozone/integration-test/target/test-dir/MiniOzoneClusterImpl-cd85f641-6806-455e-b969-480e50aec385/datanode-1/data/ratis/c5078946-ddd6-4b2c-8048-dfde0b4e9007/current/log_inprogress_0
2019-09-20 04:49:06,038 [main] INFO  server.Server (Server.java:doStart(419)) - Started @28026ms
2019-09-20 04:49:06,038 [main] INFO  server.BaseHttpServer (BaseHttpServer.java:updateConnectorAddress(213)) - HTTP server of HDDSDATANODE is listening at http://0.0.0.0:43834
2019-09-20 04:49:06,067 | INFO  | SCMAudit | user=jenkins1000 | ip=192.168.36.79 | op=SEND_HEARTBEAT {datanodeUUID=eaf3ecbe-c3b1-4969-ad3a-e4de7fb04f81, command=[]} | ret=SUCCESS |  
2019-09-20 04:49:06,068 [Thread-723] INFO  impl.FollowerState (FollowerState.java:run(106)) - c4f6294c-eda3-4afd-81f7-e69ed14da69f:group-CF7341EFEC26 changes to CANDIDATE, lastRpcTime:5014, electionTimeout:5014ms
2019-09-20 04:49:06,068 [Thread-723] INFO  impl.RoleInfo (RoleInfo.java:shutdownFollowerState(121)) - c4f6294c-eda3-4afd-81f7-e69ed14da69f: shutdown FollowerState
2019-09-20 04:49:06,068 [Thread-723] INFO  impl.RaftServerImpl (RaftServerImpl.java:setRole(171)) - c4f6294c-eda3-4afd-81f7-e69ed14da69f:group-CF7341EFEC26 changes role from FOLLOWER to CANDIDATE at term 0 for changeToCandidate
2019-09-20 04:49:06,068 [Thread-723] INFO  impl.RoleInfo (RoleInfo.java:updateAndGet(143)) - c4f6294c-eda3-4afd-81f7-e69ed14da69f: start LeaderElection
2019-09-20 04:49:06,075 [Thread-717] INFO  impl.FollowerState (FollowerState.java:run(106)) - ba95d636-ac34-4b74-a102-dec8d0f377c6:group-AC6F32A9A06E changes to CANDIDATE, lastRpcTime:5141, electionTimeout:5141ms
2019-09-20 04:49:06,075 [Thread-717] INFO  impl.RoleInfo (RoleInfo.java:shutdownFollowerState(121)) - ba95d636-ac34-4b74-a102-dec8d0f377c6: shutdown FollowerState
2019-09-20 04:49:06,075 [Thread-717] INFO  impl.RaftServerImpl (RaftServerImpl.java:setRole(171)) - ba95d636-ac34-4b74-a102-dec8d0f377c6:group-AC6F32A9A06E changes role from FOLLOWER to CANDIDATE at term 0 for changeToCandidate
2019-09-20 04:49:06,075 [Thread-717] INFO  impl.RoleInfo (RoleInfo.java:updateAndGet(143)) - ba95d636-ac34-4b74-a102-dec8d0f377c6: start LeaderElection
2019-09-20 04:49:06,102 [c4f6294c-eda3-4afd-81f7-e69ed14da69f:group-CF7341EFEC26:LeaderElection54] INFO  impl.LeaderElection (LeaderElection.java:askForVotes(181)) - c4f6294c-eda3-4afd-81f7-e69ed14da69f:group-CF7341EFEC26:LeaderElection54: begin an election at term 1 for -1: [c4f6294c-eda3-4afd-81f7-e69ed14da69f:192.168.36.79:34480], old=null
2019-09-20 04:49:06,102 [c4f6294c-eda3-4afd-81f7-e69ed14da69f:group-CF7341EFEC26:LeaderElection54] INFO  impl.RoleInfo (RoleInfo.java:shutdownLeaderElection(134)) - c4f6294c-eda3-4afd-81f7-e69ed14da69f: shutdown LeaderElection
2019-09-20 04:49:06,102 [c4f6294c-eda3-4afd-81f7-e69ed14da69f:group-CF7341EFEC26:LeaderElection54] INFO  impl.RaftServerImpl (RaftServerImpl.java:setRole(171)) - c4f6294c-eda3-4afd-81f7-e69ed14da69f:group-CF7341EFEC26 changes role from CANDIDATE to LEADER at term 1 for changeToLeader
2019-09-20 04:49:06,102 [c4f6294c-eda3-4afd-81f7-e69ed14da69f:group-CF7341EFEC26:LeaderElection54] INFO  impl.RaftServerImpl (ServerState.java:setLeader(263)) - c4f6294c-eda3-4afd-81f7-e69ed14da69f:group-CF7341EFEC26 change Leader from null to c4f6294c-eda3-4afd-81f7-e69ed14da69f at term 1 for becomeLeader, leader elected after 5053ms
2019-09-20 04:49:06,103 [c4f6294c-eda3-4afd-81f7-e69ed14da69f:group-CF7341EFEC26:LeaderElection54] INFO  server.RaftServerConfigKeys (ConfUtils.java:logGet(43)) - raft.server.staging.catchup.gap = 1000 (default)
2019-09-20 04:49:06,103 [c4f6294c-eda3-4afd-81f7-e69ed14da69f:group-CF7341EFEC26:LeaderElection54] INFO  server.RaftServerConfigKeys (ConfUtils.java:logGet(43)) - raft.server.rpc.sleep.time = 25ms (default)
2019-09-20 04:49:06,103 [c4f6294c-eda3-4afd-81f7-e69ed14da69f:group-CF7341EFEC26:LeaderElection54] INFO  server.RaftServerConfigKeys (ConfUtils.java:logGet(43)) - raft.server.write.element-limit = 4096 (default)
2019-09-20 04:49:06,103 [c4f6294c-eda3-4afd-81f7-e69ed14da69f:group-CF7341EFEC26:LeaderElection54] INFO  server.RaftServerConfigKeys (ConfUtils.java:logGet(43)) - raft.server.watch.timeout = 10s (default)
2019-09-20 04:49:06,103 [c4f6294c-eda3-4afd-81f7-e69ed14da69f:group-CF7341EFEC26:LeaderElection54] INFO  server.RaftServerConfigKeys (ConfUtils.java:logGet(43)) - raft.server.watch.timeout.denomination = 1s (default)
2019-09-20 04:49:06,103 [c4f6294c-eda3-4afd-81f7-e69ed14da69f:group-CF7341EFEC26:LeaderElection54] INFO  server.RaftServerConfigKeys (ConfUtils.java:logGet(43)) - raft.server.watch.element-limit = 65536 (default)
2019-09-20 04:49:06,104 [c4f6294c-eda3-4afd-81f7-e69ed14da69f:group-CF7341EFEC26:LeaderElection54] INFO  impl.RoleInfo (RoleInfo.java:updateAndGet(143)) - c4f6294c-eda3-4afd-81f7-e69ed14da69f: start LeaderState
2019-09-20 04:49:06,104 [c4f6294c-eda3-4afd-81f7-e69ed14da69f:group-CF7341EFEC26:LeaderElection54] INFO  segmented.SegmentedRaftLogWorker (SegmentedRaftLogWorker.java:startLogSegment(380)) - c4f6294c-eda3-4afd-81f7-e69ed14da69f-SegmentedRaftLogWorker:Storage Directory /workdir/hadoop-ozone/integration-test/target/test-dir/MiniOzoneClusterImpl-cd85f641-6806-455e-b969-480e50aec385/datanode-2/data/ratis/7bd75fb1-dbb6-4d42-a84d-cf7341efec26: Starting segment from index:0
2019-09-20 04:49:06,104 [c4f6294c-eda3-4afd-81f7-e69ed14da69f:group-CF7341EFEC26:LeaderElection54] INFO  impl.RaftServerImpl (ServerState.java:setRaftConf(361)) - c4f6294c-eda3-4afd-81f7-e69ed14da69f:group-CF7341EFEC26 set configuration 0: [c4f6294c-eda3-4afd-81f7-e69ed14da69f:192.168.36.79:34480], old=null at 0
2019-09-20 04:49:06,110 [ba95d636-ac34-4b74-a102-dec8d0f377c6:group-AC6F32A9A06E:LeaderElection55] INFO  impl.LeaderElection (LeaderElection.java:askForVotes(181)) - ba95d636-ac34-4b74-a102-dec8d0f377c6:group-AC6F32A9A06E:LeaderElection55: begin an election at term 1 for -1: [ba95d636-ac34-4b74-a102-dec8d0f377c6:192.168.36.79:41662], old=null
2019-09-20 04:49:06,111 [ba95d636-ac34-4b74-a102-dec8d0f377c6:group-AC6F32A9A06E:LeaderElection55] INFO  impl.RoleInfo (RoleInfo.java:shutdownLeaderElection(134)) - ba95d636-ac34-4b74-a102-dec8d0f377c6: shutdown LeaderElection
2019-09-20 04:49:06,111 [ba95d636-ac34-4b74-a102-dec8d0f377c6:group-AC6F32A9A06E:LeaderElection55] INFO  impl.RaftServerImpl (RaftServerImpl.java:setRole(171)) - ba95d636-ac34-4b74-a102-dec8d0f377c6:group-AC6F32A9A06E changes role from CANDIDATE to LEADER at term 1 for changeToLeader
2019-09-20 04:49:06,111 [ba95d636-ac34-4b74-a102-dec8d0f377c6:group-AC6F32A9A06E:LeaderElection55] INFO  impl.RaftServerImpl (ServerState.java:setLeader(263)) - ba95d636-ac34-4b74-a102-dec8d0f377c6:group-AC6F32A9A06E change Leader from null to ba95d636-ac34-4b74-a102-dec8d0f377c6 at term 1 for becomeLeader, leader elected after 5181ms
2019-09-20 04:49:06,111 [ba95d636-ac34-4b74-a102-dec8d0f377c6:group-AC6F32A9A06E:LeaderElection55] INFO  server.RaftServerConfigKeys (ConfUtils.java:logGet(43)) - raft.server.staging.catchup.gap = 1000 (default)
2019-09-20 04:49:06,111 [ba95d636-ac34-4b74-a102-dec8d0f377c6:group-AC6F32A9A06E:LeaderElection55] INFO  server.RaftServerConfigKeys (ConfUtils.java:logGet(43)) - raft.server.rpc.sleep.time = 25ms (default)
2019-09-20 04:49:06,111 [ba95d636-ac34-4b74-a102-dec8d0f377c6:group-AC6F32A9A06E:LeaderElection55] INFO  server.RaftServerConfigKeys (ConfUtils.java:logGet(43)) - raft.server.write.element-limit = 4096 (default)
2019-09-20 04:49:06,111 [ba95d636-ac34-4b74-a102-dec8d0f377c6:group-AC6F32A9A06E:LeaderElection55] INFO  server.RaftServerConfigKeys (ConfUtils.java:logGet(43)) - raft.server.watch.timeout = 10s (default)
2019-09-20 04:49:06,111 [ba95d636-ac34-4b74-a102-dec8d0f377c6:group-AC6F32A9A06E:LeaderElection55] INFO  server.RaftServerConfigKeys (ConfUtils.java:logGet(43)) - raft.server.watch.timeout.denomination = 1s (default)
2019-09-20 04:49:06,112 [ba95d636-ac34-4b74-a102-dec8d0f377c6:group-AC6F32A9A06E:LeaderElection55] INFO  server.RaftServerConfigKeys (ConfUtils.java:logGet(43)) - raft.server.watch.element-limit = 65536 (default)
2019-09-20 04:49:06,112 [ba95d636-ac34-4b74-a102-dec8d0f377c6:group-AC6F32A9A06E:LeaderElection55] INFO  impl.RoleInfo (RoleInfo.java:updateAndGet(143)) - ba95d636-ac34-4b74-a102-dec8d0f377c6: start LeaderState
2019-09-20 04:49:06,112 [ba95d636-ac34-4b74-a102-dec8d0f377c6:group-AC6F32A9A06E:LeaderElection55] INFO  segmented.SegmentedRaftLogWorker (SegmentedRaftLogWorker.java:startLogSegment(380)) - ba95d636-ac34-4b74-a102-dec8d0f377c6-SegmentedRaftLogWorker:Storage Directory /workdir/hadoop-ozone/integration-test/target/test-dir/MiniOzoneClusterImpl-cd85f641-6806-455e-b969-480e50aec385/datanode-1/data/ratis/df361bcd-7d01-4305-aab0-ac6f32a9a06e: Starting segment from index:0
2019-09-20 04:49:06,113 [ba95d636-ac34-4b74-a102-dec8d0f377c6:group-AC6F32A9A06E:LeaderElection55] INFO  impl.RaftServerImpl (ServerState.java:setRaftConf(361)) - ba95d636-ac34-4b74-a102-dec8d0f377c6:group-AC6F32A9A06E set configuration 0: [ba95d636-ac34-4b74-a102-dec8d0f377c6:192.168.36.79:41662], old=null at 0
2019-09-20 04:49:06,130 [Thread-720] INFO  impl.FollowerState (FollowerState.java:run(106)) - fdbc37f2-9e58-4bac-a5d5-a78839d012e9:group-59D81D3A3ED1 changes to CANDIDATE, lastRpcTime:5139, electionTimeout:5139ms
2019-09-20 04:49:06,131 [Thread-720] INFO  impl.RoleInfo (RoleInfo.java:shutdownFollowerState(121)) - fdbc37f2-9e58-4bac-a5d5-a78839d012e9: shutdown FollowerState
2019-09-20 04:49:06,131 [Thread-720] INFO  impl.RaftServerImpl (RaftServerImpl.java:setRole(171)) - fdbc37f2-9e58-4bac-a5d5-a78839d012e9:group-59D81D3A3ED1 changes role from FOLLOWER to CANDIDATE at term 0 for changeToCandidate
2019-09-20 04:49:06,131 [Thread-720] INFO  impl.RoleInfo (RoleInfo.java:updateAndGet(143)) - fdbc37f2-9e58-4bac-a5d5-a78839d012e9: start LeaderElection
2019-09-20 04:49:06,159 | INFO  | SCMAudit | user=jenkins1000 | ip=192.168.36.79 | op=SEND_HEARTBEAT {datanodeUUID=42fc6e92-fcdd-4827-b621-9fc58a3d2315, command=[]} | ret=SUCCESS |  
2019-09-20 04:49:06,161 [c4f6294c-eda3-4afd-81f7-e69ed14da69f-SegmentedRaftLogWorker:Storage Directory /workdir/hadoop-ozone/integration-test/target/test-dir/MiniOzoneClusterImpl-cd85f641-6806-455e-b969-480e50aec385/datanode-2/data/ratis/7bd75fb1-dbb6-4d42-a84d-cf7341efec26] INFO  segmented.SegmentedRaftLogWorker (SegmentedRaftLogWorker.java:execute(569)) - c4f6294c-eda3-4afd-81f7-e69ed14da69f-SegmentedRaftLogWorker:Storage Directory /workdir/hadoop-ozone/integration-test/target/test-dir/MiniOzoneClusterImpl-cd85f641-6806-455e-b969-480e50aec385/datanode-2/data/ratis/7bd75fb1-dbb6-4d42-a84d-cf7341efec26: created new log segment /workdir/hadoop-ozone/integration-test/target/test-dir/MiniOzoneClusterImpl-cd85f641-6806-455e-b969-480e50aec385/datanode-2/data/ratis/7bd75fb1-dbb6-4d42-a84d-cf7341efec26/current/log_inprogress_0
2019-09-20 04:49:06,161 [fdbc37f2-9e58-4bac-a5d5-a78839d012e9:group-59D81D3A3ED1:LeaderElection56] INFO  impl.LeaderElection (LeaderElection.java:askForVotes(181)) - fdbc37f2-9e58-4bac-a5d5-a78839d012e9:group-59D81D3A3ED1:LeaderElection56: begin an election at term 1 for -1: [fdbc37f2-9e58-4bac-a5d5-a78839d012e9:192.168.36.79:32937], old=null
2019-09-20 04:49:06,161 [ba95d636-ac34-4b74-a102-dec8d0f377c6-SegmentedRaftLogWorker:Storage Directory /workdir/hadoop-ozone/integration-test/target/test-dir/MiniOzoneClusterImpl-cd85f641-6806-455e-b969-480e50aec385/datanode-1/data/ratis/df361bcd-7d01-4305-aab0-ac6f32a9a06e] INFO  segmented.SegmentedRaftLogWorker (SegmentedRaftLogWorker.java:execute(569)) - ba95d636-ac34-4b74-a102-dec8d0f377c6-SegmentedRaftLogWorker:Storage Directory /workdir/hadoop-ozone/integration-test/target/test-dir/MiniOzoneClusterImpl-cd85f641-6806-455e-b969-480e50aec385/datanode-1/data/ratis/df361bcd-7d01-4305-aab0-ac6f32a9a06e: created new log segment /workdir/hadoop-ozone/integration-test/target/test-dir/MiniOzoneClusterImpl-cd85f641-6806-455e-b969-480e50aec385/datanode-1/data/ratis/df361bcd-7d01-4305-aab0-ac6f32a9a06e/current/log_inprogress_0
2019-09-20 04:49:06,161 [fdbc37f2-9e58-4bac-a5d5-a78839d012e9:group-59D81D3A3ED1:LeaderElection56] INFO  impl.RoleInfo (RoleInfo.java:shutdownLeaderElection(134)) - fdbc37f2-9e58-4bac-a5d5-a78839d012e9: shutdown LeaderElection
2019-09-20 04:49:06,161 [fdbc37f2-9e58-4bac-a5d5-a78839d012e9:group-59D81D3A3ED1:LeaderElection56] INFO  impl.RaftServerImpl (RaftServerImpl.java:setRole(171)) - fdbc37f2-9e58-4bac-a5d5-a78839d012e9:group-59D81D3A3ED1 changes role from CANDIDATE to LEADER at term 1 for changeToLeader
2019-09-20 04:49:06,161 [fdbc37f2-9e58-4bac-a5d5-a78839d012e9:group-59D81D3A3ED1:LeaderElection56] INFO  impl.RaftServerImpl (ServerState.java:setLeader(263)) - fdbc37f2-9e58-4bac-a5d5-a78839d012e9:group-59D81D3A3ED1 change Leader from null to fdbc37f2-9e58-4bac-a5d5-a78839d012e9 at term 1 for becomeLeader, leader elected after 5172ms
2019-09-20 04:49:06,161 [fdbc37f2-9e58-4bac-a5d5-a78839d012e9:group-59D81D3A3ED1:LeaderElection56] INFO  server.RaftServerConfigKeys (ConfUtils.java:logGet(43)) - raft.server.staging.catchup.gap = 1000 (default)
2019-09-20 04:49:06,162 [fdbc37f2-9e58-4bac-a5d5-a78839d012e9:group-59D81D3A3ED1:LeaderElection56] INFO  server.RaftServerConfigKeys (ConfUtils.java:logGet(43)) - raft.server.rpc.sleep.time = 25ms (default)
2019-09-20 04:49:06,162 [fdbc37f2-9e58-4bac-a5d5-a78839d012e9:group-59D81D3A3ED1:LeaderElection56] INFO  server.RaftServerConfigKeys (ConfUtils.java:logGet(43)) - raft.server.write.element-limit = 4096 (default)
2019-09-20 04:49:06,162 [fdbc37f2-9e58-4bac-a5d5-a78839d012e9:group-59D81D3A3ED1:LeaderElection56] INFO  server.RaftServerConfigKeys (ConfUtils.java:logGet(43)) - raft.server.watch.timeout = 10s (default)
2019-09-20 04:49:06,162 [fdbc37f2-9e58-4bac-a5d5-a78839d012e9:group-59D81D3A3ED1:LeaderElection56] INFO  server.RaftServerConfigKeys (ConfUtils.java:logGet(43)) - raft.server.watch.timeout.denomination = 1s (default)
2019-09-20 04:49:06,162 [fdbc37f2-9e58-4bac-a5d5-a78839d012e9:group-59D81D3A3ED1:LeaderElection56] INFO  server.RaftServerConfigKeys (ConfUtils.java:logGet(43)) - raft.server.watch.element-limit = 65536 (default)
2019-09-20 04:49:06,162 [fdbc37f2-9e58-4bac-a5d5-a78839d012e9:group-59D81D3A3ED1:LeaderElection56] INFO  impl.RoleInfo (RoleInfo.java:updateAndGet(143)) - fdbc37f2-9e58-4bac-a5d5-a78839d012e9: start LeaderState
2019-09-20 04:49:06,162 [fdbc37f2-9e58-4bac-a5d5-a78839d012e9:group-59D81D3A3ED1:LeaderElection56] INFO  segmented.SegmentedRaftLogWorker (SegmentedRaftLogWorker.java:startLogSegment(380)) - fdbc37f2-9e58-4bac-a5d5-a78839d012e9-SegmentedRaftLogWorker:Storage Directory /workdir/hadoop-ozone/integration-test/target/test-dir/MiniOzoneClusterImpl-cd85f641-6806-455e-b969-480e50aec385/datanode-3/data/ratis/993826a9-c4db-4136-9a42-59d81d3a3ed1: Starting segment from index:0
2019-09-20 04:49:06,163 [fdbc37f2-9e58-4bac-a5d5-a78839d012e9:group-59D81D3A3ED1:LeaderElection56] INFO  impl.RaftServerImpl (ServerState.java:setRaftConf(361)) - fdbc37f2-9e58-4bac-a5d5-a78839d012e9:group-59D81D3A3ED1 set configuration 0: [fdbc37f2-9e58-4bac-a5d5-a78839d012e9:192.168.36.79:32937], old=null at 0
2019-09-20 04:49:06,198 | INFO  | ObjectStoreRestHttpServer | Listening HDDS REST traffic on /0.0.0.0:46125 |  
2019-09-20 04:49:06,198 [main] INFO  ozone.HddsDatanodeService (HddsDatanodeService.java:startPlugins(395)) - Started plug-in org.apache.hadoop.ozone.web.OzoneHddsDatanodeService@7169d668
2019-09-20 04:49:06,199 [main] INFO  impl.MetricsSystemImpl (MetricsSystemImpl.java:init(158)) - HddsDatanode metrics system started (again)
2019-09-20 04:49:06,200 [org.apache.hadoop.util.JvmPauseMonitor$Monitor@313cf20b] INFO  util.JvmPauseMonitor (JvmPauseMonitor.java:run(188)) - Starting JVM pause monitor
2019-09-20 04:49:06,212 [fdbc37f2-9e58-4bac-a5d5-a78839d012e9-SegmentedRaftLogWorker:Storage Directory /workdir/hadoop-ozone/integration-test/target/test-dir/MiniOzoneClusterImpl-cd85f641-6806-455e-b969-480e50aec385/datanode-3/data/ratis/993826a9-c4db-4136-9a42-59d81d3a3ed1] INFO  segmented.SegmentedRaftLogWorker (SegmentedRaftLogWorker.java:execute(569)) - fdbc37f2-9e58-4bac-a5d5-a78839d012e9-SegmentedRaftLogWorker:Storage Directory /workdir/hadoop-ozone/integration-test/target/test-dir/MiniOzoneClusterImpl-cd85f641-6806-455e-b969-480e50aec385/datanode-3/data/ratis/993826a9-c4db-4136-9a42-59d81d3a3ed1: created new log segment /workdir/hadoop-ozone/integration-test/target/test-dir/MiniOzoneClusterImpl-cd85f641-6806-455e-b969-480e50aec385/datanode-3/data/ratis/993826a9-c4db-4136-9a42-59d81d3a3ed1/current/log_inprogress_0
2019-09-20 04:49:06,241 | INFO  | SCMAudit | user=jenkins1000 | ip=192.168.36.79 | op=SEND_HEARTBEAT {datanodeUUID=ba95d636-ac34-4b74-a102-dec8d0f377c6, command=[]} | ret=SUCCESS |  
2019-09-20 04:49:06,251 | INFO  | SCMAudit | user=jenkins1000 | ip=192.168.36.79 | op=SEND_HEARTBEAT {datanodeUUID=bd1a845e-f2ed-4713-9516-9ccc20139040, command=[]} | ret=SUCCESS |  
2019-09-20 04:49:06,267 | INFO  | SCMAudit | user=jenkins1000 | ip=192.168.36.79 | op=SEND_HEARTBEAT {datanodeUUID=8d97392c-5f4b-400a-94a1-fb61a3ebbc99, command=[]} | ret=SUCCESS |  
2019-09-20 04:49:06,287 [Datanode State Machine Thread - 0] INFO  datanode.InitDatanodeState (InitDatanodeState.java:persistContainerDatanodeDetails(140)) - DatanodeDetails is persisted to /workdir/hadoop-ozone/integration-test/target/test-dir/MiniOzoneClusterImpl-bb3956c2-c4d1-403a-b406-f8ec73b3905b/datanode-3/meta/datanode.id
2019-09-20 04:49:06,288 [main] INFO  ozone.HddsDatanodeService (HddsDatanodeService.java:start(184)) - HddsDatanodeService host:pr-hdds-1569-s8kj2-2266485376 ip:192.168.36.79
2019-09-20 04:49:06,324 [main] INFO  volume.HddsVolume (HddsVolume.java:<init>(176)) - Creating Volume: /workdir/hadoop-ozone/integration-test/target/test-dir/MiniOzoneClusterImpl-bb3956c2-c4d1-403a-b406-f8ec73b3905b/datanode-4/data/containers/hdds of  storage type : DISK and capacity : 1482555576320
2019-09-20 04:49:06,324 [main] INFO  volume.VolumeSet (VolumeSet.java:initializeVolumeSet(170)) - Added Volume : /workdir/hadoop-ozone/integration-test/target/test-dir/MiniOzoneClusterImpl-bb3956c2-c4d1-403a-b406-f8ec73b3905b/datanode-4/data/containers/hdds to VolumeSet
2019-09-20 04:49:06,325 [main] INFO  volume.ThrottledAsyncChecker (ThrottledAsyncChecker.java:schedule(140)) - Scheduling a check for org.apache.hadoop.ozone.container.common.volume.HddsVolume@629de8
2019-09-20 04:49:06,325 [main] INFO  volume.HddsVolumeChecker (HddsVolumeChecker.java:checkAllVolumes(203)) - Scheduled health check for volume org.apache.hadoop.ozone.container.common.volume.HddsVolume@629de8
2019-09-20 04:49:06,337 [Thread-726] INFO  impl.FollowerState (FollowerState.java:run(106)) - c4f6294c-eda3-4afd-81f7-e69ed14da69f:group-29CD8FE167CA changes to CANDIDATE, lastRpcTime:5200, electionTimeout:5200ms
2019-09-20 04:49:06,337 [Thread-726] INFO  impl.RoleInfo (RoleInfo.java:shutdownFollowerState(121)) - c4f6294c-eda3-4afd-81f7-e69ed14da69f: shutdown FollowerState
2019-09-20 04:49:06,337 [Thread-726] INFO  impl.RaftServerImpl (RaftServerImpl.java:setRole(171)) - c4f6294c-eda3-4afd-81f7-e69ed14da69f:group-29CD8FE167CA changes role from FOLLOWER to CANDIDATE at term 0 for changeToCandidate
2019-09-20 04:49:06,337 [Thread-726] INFO  impl.RoleInfo (RoleInfo.java:updateAndGet(143)) - c4f6294c-eda3-4afd-81f7-e69ed14da69f: start LeaderElection
2019-09-20 04:49:06,354 [c4f6294c-eda3-4afd-81f7-e69ed14da69f:group-29CD8FE167CA:LeaderElection57] INFO  impl.LeaderElection (LeaderElection.java:askForVotes(181)) - c4f6294c-eda3-4afd-81f7-e69ed14da69f:group-29CD8FE167CA:LeaderElection57: begin an election at term 1 for -1: [c4f6294c-eda3-4afd-81f7-e69ed14da69f:192.168.36.79:34480], old=null
2019-09-20 04:49:06,355 [c4f6294c-eda3-4afd-81f7-e69ed14da69f:group-29CD8FE167CA:LeaderElection57] INFO  impl.RoleInfo (RoleInfo.java:shutdownLeaderElection(134)) - c4f6294c-eda3-4afd-81f7-e69ed14da69f: shutdown LeaderElection
2019-09-20 04:49:06,355 [c4f6294c-eda3-4afd-81f7-e69ed14da69f:group-29CD8FE167CA:LeaderElection57] INFO  impl.RaftServerImpl (RaftServerImpl.java:setRole(171)) - c4f6294c-eda3-4afd-81f7-e69ed14da69f:group-29CD8FE167CA changes role from CANDIDATE to LEADER at term 1 for changeToLeader
2019-09-20 04:49:06,355 [c4f6294c-eda3-4afd-81f7-e69ed14da69f:group-29CD8FE167CA:LeaderElection57] INFO  impl.RaftServerImpl (ServerState.java:setLeader(263)) - c4f6294c-eda3-4afd-81f7-e69ed14da69f:group-29CD8FE167CA change Leader from null to c4f6294c-eda3-4afd-81f7-e69ed14da69f at term 1 for becomeLeader, leader elected after 5221ms
2019-09-20 04:49:06,355 [c4f6294c-eda3-4afd-81f7-e69ed14da69f:group-29CD8FE167CA:LeaderElection57] INFO  server.RaftServerConfigKeys (ConfUtils.java:logGet(43)) - raft.server.staging.catchup.gap = 1000 (default)
2019-09-20 04:49:06,355 [c4f6294c-eda3-4afd-81f7-e69ed14da69f:group-29CD8FE167CA:LeaderElection57] INFO  server.RaftServerConfigKeys (ConfUtils.java:logGet(43)) - raft.server.rpc.sleep.time = 25ms (default)
2019-09-20 04:49:06,370 [Thread-732] INFO  impl.FollowerState (FollowerState.java:run(106)) - fdbc37f2-9e58-4bac-a5d5-a78839d012e9:group-C6B8D561D3A6 changes to CANDIDATE, lastRpcTime:5123, electionTimeout:5123ms
2019-09-20 04:49:06,370 [Thread-732] INFO  impl.RoleInfo (RoleInfo.java:shutdownFollowerState(121)) - fdbc37f2-9e58-4bac-a5d5-a78839d012e9: shutdown FollowerState
2019-09-20 04:49:06,370 [Thread-732] INFO  impl.RaftServerImpl (RaftServerImpl.java:setRole(171)) - fdbc37f2-9e58-4bac-a5d5-a78839d012e9:group-C6B8D561D3A6 changes role from FOLLOWER to CANDIDATE at term 0 for changeToCandidate
2019-09-20 04:49:06,381 [Thread-729] INFO  impl.FollowerState (FollowerState.java:run(106)) - c4f6294c-eda3-4afd-81f7-e69ed14da69f:group-0F1F9ED86965 changes to CANDIDATE, lastRpcTime:5194, electionTimeout:5194ms
2019-09-20 04:49:06,381 [Thread-729] INFO  impl.RoleInfo (RoleInfo.java:shutdownFollowerState(121)) - c4f6294c-eda3-4afd-81f7-e69ed14da69f: shutdown FollowerState
2019-09-20 04:49:06,381 [Thread-729] INFO  impl.RaftServerImpl (RaftServerImpl.java:setRole(171)) - c4f6294c-eda3-4afd-81f7-e69ed14da69f:group-0F1F9ED86965 changes role from FOLLOWER to CANDIDATE at term 0 for changeToCandidate
2019-09-20 04:49:06,418 [Thread-735] INFO  impl.FollowerState (FollowerState.java:run(106)) - 3c2a6bfe-f5c5-4e23-89b0-850dab17697d:group-9267777E2DAD changes to CANDIDATE, lastRpcTime:5120, electionTimeout:5120ms
2019-09-20 04:49:06,419 [Thread-735] INFO  impl.RoleInfo (RoleInfo.java:shutdownFollowerState(121)) - 3c2a6bfe-f5c5-4e23-89b0-850dab17697d: shutdown FollowerState
2019-09-20 04:49:06,419 [Thread-735] INFO  impl.RaftServerImpl (RaftServerImpl.java:setRole(171)) - 3c2a6bfe-f5c5-4e23-89b0-850dab17697d:group-9267777E2DAD changes role from FOLLOWER to CANDIDATE at term 0 for changeToCandidate
2019-09-20 04:49:06,447 | INFO  | SCMAudit | user=jenkins1000 | ip=192.168.36.79 | op=SEND_HEARTBEAT {datanodeUUID=dba845b8-ea76-4e09-ab03-0883d354e493, command=[]} | ret=SUCCESS |  
2019-09-20 04:49:06,491 [Thread-738] INFO  impl.FollowerState (FollowerState.java:run(106)) - fdbc37f2-9e58-4bac-a5d5-a78839d012e9:group-9FDDABA26CAF changes to CANDIDATE, lastRpcTime:5117, electionTimeout:5117ms
2019-09-20 04:49:06,491 [Thread-738] INFO  impl.RoleInfo (RoleInfo.java:shutdownFollowerState(121)) - fdbc37f2-9e58-4bac-a5d5-a78839d012e9: shutdown FollowerState
2019-09-20 04:49:06,491 [Thread-738] INFO  impl.RaftServerImpl (RaftServerImpl.java:setRole(171)) - fdbc37f2-9e58-4bac-a5d5-a78839d012e9:group-9FDDABA26CAF changes role from FOLLOWER to CANDIDATE at term 0 for changeToCandidate
2019-09-20 04:49:06,501 | INFO  | SCMAudit | user=jenkins1000 | ip=192.168.36.79 | op=SEND_HEARTBEAT {datanodeUUID=c4f6294c-eda3-4afd-81f7-e69ed14da69f, command=[]} | ret=SUCCESS |  
2019-09-20 04:49:06,519 [Thread-741] INFO  impl.FollowerState (FollowerState.java:run(106)) - c4f6294c-eda3-4afd-81f7-e69ed14da69f:group-B6FDE1D0F5A9 changes to CANDIDATE, lastRpcTime:5087, electionTimeout:5087ms
2019-09-20 04:49:06,519 [Thread-741] INFO  impl.RoleInfo (RoleInfo.java:shutdownFollowerState(121)) - c4f6294c-eda3-4afd-81f7-e69ed14da69f: shutdown FollowerState
2019-09-20 04:49:06,519 [Thread-741] INFO  impl.RaftServerImpl (RaftServerImpl.java:setRole(171)) - c4f6294c-eda3-4afd-81f7-e69ed14da69f:group-B6FDE1D0F5A9 changes role from FOLLOWER to CANDIDATE at term 0 for changeToCandidate
2019-09-20 04:49:06,594 [Thread-741] INFO  impl.RoleInfo (RoleInfo.java:updateAndGet(143)) - c4f6294c-eda3-4afd-81f7-e69ed14da69f: start LeaderElection
2019-09-20 04:49:06,594 [Thread-729] INFO  impl.RoleInfo (RoleInfo.java:updateAndGet(143)) - c4f6294c-eda3-4afd-81f7-e69ed14da69f: start LeaderElection
2019-09-20 04:49:06,594 [Thread-735] INFO  impl.RoleInfo (RoleInfo.java:updateAndGet(143)) - 3c2a6bfe-f5c5-4e23-89b0-850dab17697d: start LeaderElection
2019-09-20 04:49:06,594 [c4f6294c-eda3-4afd-81f7-e69ed14da69f:group-29CD8FE167CA:LeaderElection57] INFO  server.RaftServerConfigKeys (ConfUtils.java:logGet(43)) - raft.server.write.element-limit = 4096 (default)
2019-09-20 04:49:06,594 [Thread-738] INFO  impl.RoleInfo (RoleInfo.java:updateAndGet(143)) - fdbc37f2-9e58-4bac-a5d5-a78839d012e9: start LeaderElection
2019-09-20 04:49:06,594 [Thread-732] INFO  impl.RoleInfo (RoleInfo.java:updateAndGet(143)) - fdbc37f2-9e58-4bac-a5d5-a78839d012e9: start LeaderElection
2019-09-20 04:49:06,601 [c4f6294c-eda3-4afd-81f7-e69ed14da69f:group-29CD8FE167CA:LeaderElection57] INFO  server.RaftServerConfigKeys (ConfUtils.java:logGet(43)) - raft.server.watch.timeout = 10s (default)
2019-09-20 04:49:06,601 [main] INFO  impl.RaftServerProxy (ConfUtils.java:logGet(43)) - raft.rpc.type = GRPC (default)
2019-09-20 04:49:06,601 [c4f6294c-eda3-4afd-81f7-e69ed14da69f:group-29CD8FE167CA:LeaderElection57] INFO  server.RaftServerConfigKeys (ConfUtils.java:logGet(43)) - raft.server.watch.timeout.denomination = 1s (default)
2019-09-20 04:49:06,601 [main] INFO  grpc.GrpcFactory (GrpcFactory.java:checkPooledByteBufAllocatorUseCacheForAllThreads(45)) - PERFORMANCE WARNING: useCacheForAllThreads is true that may cause Netty to create a lot garbage objects and, as a result, trigger GC.
	It is recommended to disable useCacheForAllThreads by setting -Dorg.apache.ratis.thirdparty.io.netty.allocator.useCacheForAllThreads=false in command line.
2019-09-20 04:49:06,602 [c4f6294c-eda3-4afd-81f7-e69ed14da69f:group-29CD8FE167CA:LeaderElection57] INFO  server.RaftServerConfigKeys (ConfUtils.java:logGet(43)) - raft.server.watch.element-limit = 65536 (default)
2019-09-20 04:49:06,602 [main] INFO  grpc.GrpcConfigKeys$Server (ConfUtils.java:logGet(43)) - raft.grpc.server.port = 0 (default)
2019-09-20 04:49:06,602 [c4f6294c-eda3-4afd-81f7-e69ed14da69f:group-29CD8FE167CA:LeaderElection57] INFO  impl.RoleInfo (RoleInfo.java:updateAndGet(143)) - c4f6294c-eda3-4afd-81f7-e69ed14da69f: start LeaderState
2019-09-20 04:49:06,602 [main] INFO  server.GrpcService (ConfUtils.java:logGet(43)) - raft.grpc.message.size.max = 33570816 (custom)
2019-09-20 04:49:06,602 [c4f6294c-eda3-4afd-81f7-e69ed14da69f:group-29CD8FE167CA:LeaderElection57] INFO  segmented.SegmentedRaftLogWorker (SegmentedRaftLogWorker.java:startLogSegment(380)) - c4f6294c-eda3-4afd-81f7-e69ed14da69f-SegmentedRaftLogWorker:Storage Directory /workdir/hadoop-ozone/integration-test/target/test-dir/MiniOzoneClusterImpl-cd85f641-6806-455e-b969-480e50aec385/datanode-2/data/ratis/601a5f00-7dc3-46a7-b432-29cd8fe167ca: Starting segment from index:0
2019-09-20 04:49:06,602 [main] INFO  server.RaftServerConfigKeys (ConfUtils.java:logGet(43)) - raft.server.log.appender.buffer.byte-limit = 33554432 (custom)
2019-09-20 04:49:06,602 [main] INFO  server.GrpcService (ConfUtils.java:logGet(43)) - raft.grpc.flow.control.window = 1MB (=1048576) (default)
2019-09-20 04:49:06,602 [c4f6294c-eda3-4afd-81f7-e69ed14da69f:group-29CD8FE167CA:LeaderElection57] INFO  impl.RaftServerImpl (ServerState.java:setRaftConf(361)) - c4f6294c-eda3-4afd-81f7-e69ed14da69f:group-29CD8FE167CA set configuration 0: [c4f6294c-eda3-4afd-81f7-e69ed14da69f:192.168.36.79:34480], old=null at 0
2019-09-20 04:49:06,603 [main] INFO  server.RaftServerConfigKeys (ConfUtils.java:logGet(43)) - raft.server.rpc.request.timeout = 3000ms (default)
2019-09-20 04:49:06,603 [main] INFO  server.RaftServerConfigKeys (ConfUtils.java:logGet(43)) - raft.server.storage.dir = [/workdir/hadoop-ozone/integration-test/target/test-dir/MiniOzoneClusterImpl-bb3956c2-c4d1-403a-b406-f8ec73b3905b/datanode-4/data/ratis] (custom)
2019-09-20 04:49:06,604 [main] INFO  replication.SimpleContainerDownloader (SimpleContainerDownloader.java:<init>(72)) - Starting container downloader service to copy containers to replicate.
2019-09-20 04:49:06,605 [main] INFO  hdfs.DFSUtil (DFSUtil.java:httpServerTemplateForNNAndJN(1641)) - Starting Web-server for hddsDatanode at: http://0.0.0.0:0
2019-09-20 04:49:06,606 [main] INFO  server.AuthenticationFilter (AuthenticationFilter.java:constructSecretProvider(240)) - Unable to initialize FileSignerSecretProvider, falling back to use random secrets.
2019-09-20 04:49:06,606 [main] WARN  http.HttpRequestLog (HttpRequestLog.java:getRequestLog(97)) - Jetty request log can only be enabled using Log4j
2019-09-20 04:49:06,607 [main] INFO  http.HttpServer2 (HttpServer2.java:addGlobalFilter(975)) - Added global filter 'safety' (class=org.apache.hadoop.http.HttpServer2$QuotingInputFilter)
2019-09-20 04:49:06,608 [main] INFO  http.HttpServer2 (HttpServer2.java:addFilter(948)) - Added filter static_user_filter (class=org.apache.hadoop.http.lib.StaticUserWebFilter$StaticUserFilter) to context hddsDatanode
2019-09-20 04:49:06,608 [main] INFO  http.HttpServer2 (HttpServer2.java:addFilter(958)) - Added filter static_user_filter (class=org.apache.hadoop.http.lib.StaticUserWebFilter$StaticUserFilter) to context static
2019-09-20 04:49:06,608 [main] INFO  http.HttpServer2 (HttpServer2.java:addFilter(958)) - Added filter static_user_filter (class=org.apache.hadoop.http.lib.StaticUserWebFilter$StaticUserFilter) to context logs
2019-09-20 04:49:06,609 [main] INFO  http.HttpServer2 (HttpServer2.java:bindListener(1191)) - Jetty bound to port 33663
2019-09-20 04:49:06,609 [main] INFO  server.Server (Server.java:doStart(351)) - jetty-9.3.24.v20180605, build timestamp: 2018-06-05T17:11:56Z, git hash: 84205aa28f11a4f31f2a3b86d1bba2cc8ab69827
2019-09-20 04:49:06,618 [c4f6294c-eda3-4afd-81f7-e69ed14da69f:group-B6FDE1D0F5A9:LeaderElection62] INFO  impl.LeaderElection (LeaderElection.java:askForVotes(181)) - c4f6294c-eda3-4afd-81f7-e69ed14da69f:group-B6FDE1D0F5A9:LeaderElection62: begin an election at term 1 for -1: [c4f6294c-eda3-4afd-81f7-e69ed14da69f:192.168.36.79:34480], old=null
2019-09-20 04:49:06,618 [c4f6294c-eda3-4afd-81f7-e69ed14da69f:group-0F1F9ED86965:LeaderElection59] INFO  impl.LeaderElection (LeaderElection.java:askForVotes(181)) - c4f6294c-eda3-4afd-81f7-e69ed14da69f:group-0F1F9ED86965:LeaderElection59: begin an election at term 1 for -1: [c4f6294c-eda3-4afd-81f7-e69ed14da69f:192.168.36.79:34480], old=null
2019-09-20 04:49:06,618 [fdbc37f2-9e58-4bac-a5d5-a78839d012e9:group-9FDDABA26CAF:LeaderElection61] INFO  impl.LeaderElection (LeaderElection.java:askForVotes(181)) - fdbc37f2-9e58-4bac-a5d5-a78839d012e9:group-9FDDABA26CAF:LeaderElection61: begin an election at term 1 for -1: [fdbc37f2-9e58-4bac-a5d5-a78839d012e9:192.168.36.79:32937], old=null
2019-09-20 04:49:06,618 [3c2a6bfe-f5c5-4e23-89b0-850dab17697d:group-9267777E2DAD:LeaderElection60] INFO  impl.LeaderElection (LeaderElection.java:askForVotes(181)) - 3c2a6bfe-f5c5-4e23-89b0-850dab17697d:group-9267777E2DAD:LeaderElection60: begin an election at term 1 for -1: [3c2a6bfe-f5c5-4e23-89b0-850dab17697d:192.168.36.79:38430], old=null
2019-09-20 04:49:06,618 [fdbc37f2-9e58-4bac-a5d5-a78839d012e9:group-C6B8D561D3A6:LeaderElection58] INFO  impl.LeaderElection (LeaderElection.java:askForVotes(181)) - fdbc37f2-9e58-4bac-a5d5-a78839d012e9:group-C6B8D561D3A6:LeaderElection58: begin an election at term 1 for -1: [fdbc37f2-9e58-4bac-a5d5-a78839d012e9:192.168.36.79:32937], old=null
2019-09-20 04:49:06,619 [3c2a6bfe-f5c5-4e23-89b0-850dab17697d:group-9267777E2DAD:LeaderElection60] INFO  impl.RoleInfo (RoleInfo.java:shutdownLeaderElection(134)) - 3c2a6bfe-f5c5-4e23-89b0-850dab17697d: shutdown LeaderElection
2019-09-20 04:49:06,619 [fdbc37f2-9e58-4bac-a5d5-a78839d012e9:group-9FDDABA26CAF:LeaderElection61] INFO  impl.RoleInfo (RoleInfo.java:shutdownLeaderElection(134)) - fdbc37f2-9e58-4bac-a5d5-a78839d012e9: shutdown LeaderElection
2019-09-20 04:49:06,618 [c4f6294c-eda3-4afd-81f7-e69ed14da69f:group-0F1F9ED86965:LeaderElection59] INFO  impl.RoleInfo (RoleInfo.java:shutdownLeaderElection(134)) - c4f6294c-eda3-4afd-81f7-e69ed14da69f: shutdown LeaderElection
2019-09-20 04:49:06,618 [c4f6294c-eda3-4afd-81f7-e69ed14da69f:group-B6FDE1D0F5A9:LeaderElection62] INFO  impl.RoleInfo (RoleInfo.java:shutdownLeaderElection(134)) - c4f6294c-eda3-4afd-81f7-e69ed14da69f: shutdown LeaderElection
2019-09-20 04:49:06,619 [c4f6294c-eda3-4afd-81f7-e69ed14da69f:group-B6FDE1D0F5A9:LeaderElection62] INFO  impl.RaftServerImpl (RaftServerImpl.java:setRole(171)) - c4f6294c-eda3-4afd-81f7-e69ed14da69f:group-B6FDE1D0F5A9 changes role from CANDIDATE to LEADER at term 1 for changeToLeader
2019-09-20 04:49:06,619 [c4f6294c-eda3-4afd-81f7-e69ed14da69f:group-0F1F9ED86965:LeaderElection59] INFO  impl.RaftServerImpl (RaftServerImpl.java:setRole(171)) - c4f6294c-eda3-4afd-81f7-e69ed14da69f:group-0F1F9ED86965 changes role from CANDIDATE to LEADER at term 1 for changeToLeader
2019-09-20 04:49:06,619 [fdbc37f2-9e58-4bac-a5d5-a78839d012e9:group-9FDDABA26CAF:LeaderElection61] INFO  impl.RaftServerImpl (RaftServerImpl.java:setRole(171)) - fdbc37f2-9e58-4bac-a5d5-a78839d012e9:group-9FDDABA26CAF changes role from CANDIDATE to LEADER at term 1 for changeToLeader
2019-09-20 04:49:06,619 [3c2a6bfe-f5c5-4e23-89b0-850dab17697d:group-9267777E2DAD:LeaderElection60] INFO  impl.RaftServerImpl (RaftServerImpl.java:setRole(171)) - 3c2a6bfe-f5c5-4e23-89b0-850dab17697d:group-9267777E2DAD changes role from CANDIDATE to LEADER at term 1 for changeToLeader
2019-09-20 04:49:06,619 [fdbc37f2-9e58-4bac-a5d5-a78839d012e9:group-C6B8D561D3A6:LeaderElection58] INFO  impl.RoleInfo (RoleInfo.java:shutdownLeaderElection(134)) - fdbc37f2-9e58-4bac-a5d5-a78839d012e9: shutdown LeaderElection
2019-09-20 04:49:06,619 [3c2a6bfe-f5c5-4e23-89b0-850dab17697d:group-9267777E2DAD:LeaderElection60] INFO  impl.RaftServerImpl (ServerState.java:setLeader(263)) - 3c2a6bfe-f5c5-4e23-89b0-850dab17697d:group-9267777E2DAD change Leader from null to 3c2a6bfe-f5c5-4e23-89b0-850dab17697d at term 1 for becomeLeader, leader elected after 5325ms
2019-09-20 04:49:06,619 [fdbc37f2-9e58-4bac-a5d5-a78839d012e9:group-9FDDABA26CAF:LeaderElection61] INFO  impl.RaftServerImpl (ServerState.java:setLeader(263)) - fdbc37f2-9e58-4bac-a5d5-a78839d012e9:group-9FDDABA26CAF change Leader from null to fdbc37f2-9e58-4bac-a5d5-a78839d012e9 at term 1 for becomeLeader, leader elected after 5249ms
2019-09-20 04:49:06,619 [c4f6294c-eda3-4afd-81f7-e69ed14da69f:group-0F1F9ED86965:LeaderElection59] INFO  impl.RaftServerImpl (ServerState.java:setLeader(263)) - c4f6294c-eda3-4afd-81f7-e69ed14da69f:group-0F1F9ED86965 change Leader from null to c4f6294c-eda3-4afd-81f7-e69ed14da69f at term 1 for becomeLeader, leader elected after 5435ms
2019-09-20 04:49:06,619 [c4f6294c-eda3-4afd-81f7-e69ed14da69f:group-B6FDE1D0F5A9:LeaderElection62] INFO  impl.RaftServerImpl (ServerState.java:setLeader(263)) - c4f6294c-eda3-4afd-81f7-e69ed14da69f:group-B6FDE1D0F5A9 change Leader from null to c4f6294c-eda3-4afd-81f7-e69ed14da69f at term 1 for becomeLeader, leader elected after 5190ms
2019-09-20 04:49:06,620 [c4f6294c-eda3-4afd-81f7-e69ed14da69f:group-0F1F9ED86965:LeaderElection59] INFO  server.RaftServerConfigKeys (ConfUtils.java:logGet(43)) - raft.server.staging.catchup.gap = 1000 (default)
2019-09-20 04:49:06,620 [fdbc37f2-9e58-4bac-a5d5-a78839d012e9:group-9FDDABA26CAF:LeaderElection61] INFO  server.RaftServerConfigKeys (ConfUtils.java:logGet(43)) - raft.server.staging.catchup.gap = 1000 (default)
2019-09-20 04:49:06,619 [3c2a6bfe-f5c5-4e23-89b0-850dab17697d:group-9267777E2DAD:LeaderElection60] INFO  server.RaftServerConfigKeys (ConfUtils.java:logGet(43)) - raft.server.staging.catchup.gap = 1000 (default)
2019-09-20 04:49:06,619 [fdbc37f2-9e58-4bac-a5d5-a78839d012e9:group-C6B8D561D3A6:LeaderElection58] INFO  impl.RaftServerImpl (RaftServerImpl.java:setRole(171)) - fdbc37f2-9e58-4bac-a5d5-a78839d012e9:group-C6B8D561D3A6 changes role from CANDIDATE to LEADER at term 1 for changeToLeader
2019-09-20 04:49:06,620 [3c2a6bfe-f5c5-4e23-89b0-850dab17697d:group-9267777E2DAD:LeaderElection60] INFO  server.RaftServerConfigKeys (ConfUtils.java:logGet(43)) - raft.server.rpc.sleep.time = 25ms (default)
2019-09-20 04:49:06,620 [fdbc37f2-9e58-4bac-a5d5-a78839d012e9:group-9FDDABA26CAF:LeaderElection61] INFO  server.RaftServerConfigKeys (ConfUtils.java:logGet(43)) - raft.server.rpc.sleep.time = 25ms (default)
2019-09-20 04:49:06,620 [c4f6294c-eda3-4afd-81f7-e69ed14da69f:group-0F1F9ED86965:LeaderElection59] INFO  server.RaftServerConfigKeys (ConfUtils.java:logGet(43)) - raft.server.rpc.sleep.time = 25ms (default)
2019-09-20 04:49:06,620 [c4f6294c-eda3-4afd-81f7-e69ed14da69f:group-B6FDE1D0F5A9:LeaderElection62] INFO  server.RaftServerConfigKeys (ConfUtils.java:logGet(43)) - raft.server.staging.catchup.gap = 1000 (default)
2019-09-20 04:49:06,620 [fdbc37f2-9e58-4bac-a5d5-a78839d012e9:group-C6B8D561D3A6:LeaderElection58] INFO  impl.RaftServerImpl (ServerState.java:setLeader(263)) - fdbc37f2-9e58-4bac-a5d5-a78839d012e9:group-C6B8D561D3A6 change Leader from null to fdbc37f2-9e58-4bac-a5d5-a78839d012e9 at term 1 for becomeLeader, leader elected after 5376ms
2019-09-20 04:49:06,620 [c4f6294c-eda3-4afd-81f7-e69ed14da69f:group-B6FDE1D0F5A9:LeaderElection62] INFO  server.RaftServerConfigKeys (ConfUtils.java:logGet(43)) - raft.server.rpc.sleep.time = 25ms (default)
2019-09-20 04:49:06,621 [fdbc37f2-9e58-4bac-a5d5-a78839d012e9:group-C6B8D561D3A6:LeaderElection58] INFO  server.RaftServerConfigKeys (ConfUtils.java:logGet(43)) - raft.server.staging.catchup.gap = 1000 (default)
2019-09-20 04:49:06,621 [fdbc37f2-9e58-4bac-a5d5-a78839d012e9:group-C6B8D561D3A6:LeaderElection58] INFO  server.RaftServerConfigKeys (ConfUtils.java:logGet(43)) - raft.server.rpc.sleep.time = 25ms (default)
2019-09-20 04:49:06,625 [c4f6294c-eda3-4afd-81f7-e69ed14da69f:group-B6FDE1D0F5A9:LeaderElection62] INFO  server.RaftServerConfigKeys (ConfUtils.java:logGet(43)) - raft.server.write.element-limit = 4096 (default)
2019-09-20 04:49:06,625 [c4f6294c-eda3-4afd-81f7-e69ed14da69f:group-0F1F9ED86965:LeaderElection59] INFO  server.RaftServerConfigKeys (ConfUtils.java:logGet(43)) - raft.server.write.element-limit = 4096 (default)
2019-09-20 04:49:06,625 [fdbc37f2-9e58-4bac-a5d5-a78839d012e9:group-C6B8D561D3A6:LeaderElection58] INFO  server.RaftServerConfigKeys (ConfUtils.java:logGet(43)) - raft.server.write.element-limit = 4096 (default)
2019-09-20 04:49:06,625 [c4f6294c-eda3-4afd-81f7-e69ed14da69f:group-0F1F9ED86965:LeaderElection59] INFO  server.RaftServerConfigKeys (ConfUtils.java:logGet(43)) - raft.server.watch.timeout = 10s (default)
2019-09-20 04:49:06,625 [c4f6294c-eda3-4afd-81f7-e69ed14da69f:group-B6FDE1D0F5A9:LeaderElection62] INFO  server.RaftServerConfigKeys (ConfUtils.java:logGet(43)) - raft.server.watch.timeout = 10s (default)
2019-09-20 04:49:06,625 [c4f6294c-eda3-4afd-81f7-e69ed14da69f:group-0F1F9ED86965:LeaderElection59] INFO  server.RaftServerConfigKeys (ConfUtils.java:logGet(43)) - raft.server.watch.timeout.denomination = 1s (default)
2019-09-20 04:49:06,625 [fdbc37f2-9e58-4bac-a5d5-a78839d012e9:group-C6B8D561D3A6:LeaderElection58] INFO  server.RaftServerConfigKeys (ConfUtils.java:logGet(43)) - raft.server.watch.timeout = 10s (default)
2019-09-20 04:49:06,625 [c4f6294c-eda3-4afd-81f7-e69ed14da69f:group-0F1F9ED86965:LeaderElection59] INFO  server.RaftServerConfigKeys (ConfUtils.java:logGet(43)) - raft.server.watch.element-limit = 65536 (default)
2019-09-20 04:49:06,625 [c4f6294c-eda3-4afd-81f7-e69ed14da69f:group-B6FDE1D0F5A9:LeaderElection62] INFO  server.RaftServerConfigKeys (ConfUtils.java:logGet(43)) - raft.server.watch.timeout.denomination = 1s (default)
2019-09-20 04:49:06,626 [fdbc37f2-9e58-4bac-a5d5-a78839d012e9:group-C6B8D561D3A6:LeaderElection58] INFO  server.RaftServerConfigKeys (ConfUtils.java:logGet(43)) - raft.server.watch.timeout.denomination = 1s (default)
2019-09-20 04:49:06,626 [c4f6294c-eda3-4afd-81f7-e69ed14da69f:group-B6FDE1D0F5A9:LeaderElection62] INFO  server.RaftServerConfigKeys (ConfUtils.java:logGet(43)) - raft.server.watch.element-limit = 65536 (default)
2019-09-20 04:49:06,626 [c4f6294c-eda3-4afd-81f7-e69ed14da69f:group-0F1F9ED86965:LeaderElection59] INFO  impl.RoleInfo (RoleInfo.java:updateAndGet(143)) - c4f6294c-eda3-4afd-81f7-e69ed14da69f: start LeaderState
2019-09-20 04:49:06,626 [c4f6294c-eda3-4afd-81f7-e69ed14da69f:group-B6FDE1D0F5A9:LeaderElection62] INFO  impl.RoleInfo (RoleInfo.java:updateAndGet(143)) - c4f6294c-eda3-4afd-81f7-e69ed14da69f: start LeaderState
2019-09-20 04:49:06,626 [fdbc37f2-9e58-4bac-a5d5-a78839d012e9:group-C6B8D561D3A6:LeaderElection58] INFO  server.RaftServerConfigKeys (ConfUtils.java:logGet(43)) - raft.server.watch.element-limit = 65536 (default)
2019-09-20 04:49:06,626 [c4f6294c-eda3-4afd-81f7-e69ed14da69f:group-0F1F9ED86965:LeaderElection59] INFO  segmented.SegmentedRaftLogWorker (SegmentedRaftLogWorker.java:startLogSegment(380)) - c4f6294c-eda3-4afd-81f7-e69ed14da69f-SegmentedRaftLogWorker:Storage Directory /workdir/hadoop-ozone/integration-test/target/test-dir/MiniOzoneClusterImpl-cd85f641-6806-455e-b969-480e50aec385/datanode-2/data/ratis/81719d83-c23d-4b40-98b3-0f1f9ed86965: Starting segment from index:0
2019-09-20 04:49:06,626 [c4f6294c-eda3-4afd-81f7-e69ed14da69f:group-B6FDE1D0F5A9:LeaderElection62] INFO  segmented.SegmentedRaftLogWorker (SegmentedRaftLogWorker.java:startLogSegment(380)) - c4f6294c-eda3-4afd-81f7-e69ed14da69f-SegmentedRaftLogWorker:Storage Directory /workdir/hadoop-ozone/integration-test/target/test-dir/MiniOzoneClusterImpl-cd85f641-6806-455e-b969-480e50aec385/datanode-2/data/ratis/18971554-338b-4ad7-ac0a-b6fde1d0f5a9: Starting segment from index:0
2019-09-20 04:49:06,626 [fdbc37f2-9e58-4bac-a5d5-a78839d012e9:group-C6B8D561D3A6:LeaderElection58] INFO  impl.RoleInfo (RoleInfo.java:updateAndGet(143)) - fdbc37f2-9e58-4bac-a5d5-a78839d012e9: start LeaderState
2019-09-20 04:49:06,626 [fdbc37f2-9e58-4bac-a5d5-a78839d012e9:group-C6B8D561D3A6:LeaderElection58] INFO  segmented.SegmentedRaftLogWorker (SegmentedRaftLogWorker.java:startLogSegment(380)) - fdbc37f2-9e58-4bac-a5d5-a78839d012e9-SegmentedRaftLogWorker:Storage Directory /workdir/hadoop-ozone/integration-test/target/test-dir/MiniOzoneClusterImpl-cd85f641-6806-455e-b969-480e50aec385/datanode-3/data/ratis/e82a2563-5658-48ab-8b86-c6b8d561d3a6: Starting segment from index:0
2019-09-20 04:49:06,632 [fdbc37f2-9e58-4bac-a5d5-a78839d012e9:group-9FDDABA26CAF:LeaderElection61] INFO  server.RaftServerConfigKeys (ConfUtils.java:logGet(43)) - raft.server.write.element-limit = 4096 (default)
2019-09-20 04:49:06,632 [3c2a6bfe-f5c5-4e23-89b0-850dab17697d:group-9267777E2DAD:LeaderElection60] INFO  server.RaftServerConfigKeys (ConfUtils.java:logGet(43)) - raft.server.write.element-limit = 4096 (default)
2019-09-20 04:49:06,632 [fdbc37f2-9e58-4bac-a5d5-a78839d012e9:group-9FDDABA26CAF:LeaderElection61] INFO  server.RaftServerConfigKeys (ConfUtils.java:logGet(43)) - raft.server.watch.timeout = 10s (default)
2019-09-20 04:49:06,633 [3c2a6bfe-f5c5-4e23-89b0-850dab17697d:group-9267777E2DAD:LeaderElection60] INFO  server.RaftServerConfigKeys (ConfUtils.java:logGet(43)) - raft.server.watch.timeout = 10s (default)
2019-09-20 04:49:06,633 [fdbc37f2-9e58-4bac-a5d5-a78839d012e9:group-9FDDABA26CAF:LeaderElection61] INFO  server.RaftServerConfigKeys (ConfUtils.java:logGet(43)) - raft.server.watch.timeout.denomination = 1s (default)
2019-09-20 04:49:06,633 [3c2a6bfe-f5c5-4e23-89b0-850dab17697d:group-9267777E2DAD:LeaderElection60] INFO  server.RaftServerConfigKeys (ConfUtils.java:logGet(43)) - raft.server.watch.timeout.denomination = 1s (default)
2019-09-20 04:49:06,633 [fdbc37f2-9e58-4bac-a5d5-a78839d012e9:group-9FDDABA26CAF:LeaderElection61] INFO  server.RaftServerConfigKeys (ConfUtils.java:logGet(43)) - raft.server.watch.element-limit = 65536 (default)
2019-09-20 04:49:06,633 [3c2a6bfe-f5c5-4e23-89b0-850dab17697d:group-9267777E2DAD:LeaderElection60] INFO  server.RaftServerConfigKeys (ConfUtils.java:logGet(43)) - raft.server.watch.element-limit = 65536 (default)
2019-09-20 04:49:06,633 [fdbc37f2-9e58-4bac-a5d5-a78839d012e9:group-9FDDABA26CAF:LeaderElection61] INFO  impl.RoleInfo (RoleInfo.java:updateAndGet(143)) - fdbc37f2-9e58-4bac-a5d5-a78839d012e9: start LeaderState
2019-09-20 04:49:06,633 [3c2a6bfe-f5c5-4e23-89b0-850dab17697d:group-9267777E2DAD:LeaderElection60] INFO  impl.RoleInfo (RoleInfo.java:updateAndGet(143)) - 3c2a6bfe-f5c5-4e23-89b0-850dab17697d: start LeaderState
2019-09-20 04:49:06,633 [fdbc37f2-9e58-4bac-a5d5-a78839d012e9:group-9FDDABA26CAF:LeaderElection61] INFO  segmented.SegmentedRaftLogWorker (SegmentedRaftLogWorker.java:startLogSegment(380)) - fdbc37f2-9e58-4bac-a5d5-a78839d012e9-SegmentedRaftLogWorker:Storage Directory /workdir/hadoop-ozone/integration-test/target/test-dir/MiniOzoneClusterImpl-cd85f641-6806-455e-b969-480e50aec385/datanode-3/data/ratis/4f6ec537-00e7-498c-8f87-9fddaba26caf: Starting segment from index:0
2019-09-20 04:49:06,633 [3c2a6bfe-f5c5-4e23-89b0-850dab17697d:group-9267777E2DAD:LeaderElection60] INFO  segmented.SegmentedRaftLogWorker (SegmentedRaftLogWorker.java:startLogSegment(380)) - 3c2a6bfe-f5c5-4e23-89b0-850dab17697d-SegmentedRaftLogWorker:Storage Directory /workdir/hadoop-ozone/integration-test/target/test-dir/MiniOzoneClusterImpl-cd85f641-6806-455e-b969-480e50aec385/datanode-4/data/ratis/b8b7d2e3-05f7-422e-b7c9-9267777e2dad: Starting segment from index:0
2019-09-20 04:49:06,645 [fdbc37f2-9e58-4bac-a5d5-a78839d012e9:group-C6B8D561D3A6:LeaderElection58] INFO  impl.RaftServerImpl (ServerState.java:setRaftConf(361)) - fdbc37f2-9e58-4bac-a5d5-a78839d012e9:group-C6B8D561D3A6 set configuration 0: [fdbc37f2-9e58-4bac-a5d5-a78839d012e9:192.168.36.79:32937], old=null at 0
2019-09-20 04:49:07,203 | INFO  | SCMAudit | user=jenkins1000 | ip=192.168.36.79 | op=SEND_HEARTBEAT {datanodeUUID=236eed40-dd97-4fdc-a0ae-ab99685a426b, command=[]} | ret=SUCCESS |  
2019-09-20 04:49:07,204 [c4f6294c-eda3-4afd-81f7-e69ed14da69f:group-B6FDE1D0F5A9:LeaderElection62] INFO  impl.RaftServerImpl (ServerState.java:setRaftConf(361)) - c4f6294c-eda3-4afd-81f7-e69ed14da69f:group-B6FDE1D0F5A9 set configuration 0: [c4f6294c-eda3-4afd-81f7-e69ed14da69f:192.168.36.79:34480], old=null at 0
2019-09-20 04:49:07,204 | INFO  | SCMAudit | user=jenkins1000 | ip=192.168.36.79 | op=SEND_HEARTBEAT {datanodeUUID=42fc6e92-fcdd-4827-b621-9fc58a3d2315, command=[]} | ret=SUCCESS |  
2019-09-20 04:49:07,204 [c4f6294c-eda3-4afd-81f7-e69ed14da69f-SegmentedRaftLogWorker:Storage Directory /workdir/hadoop-ozone/integration-test/target/test-dir/MiniOzoneClusterImpl-cd85f641-6806-455e-b969-480e50aec385/datanode-2/data/ratis/601a5f00-7dc3-46a7-b432-29cd8fe167ca] INFO  segmented.SegmentedRaftLogWorker (SegmentedRaftLogWorker.java:execute(569)) - c4f6294c-eda3-4afd-81f7-e69ed14da69f-SegmentedRaftLogWorker:Storage Directory /workdir/hadoop-ozone/integration-test/target/test-dir/MiniOzoneClusterImpl-cd85f641-6806-455e-b969-480e50aec385/datanode-2/data/ratis/601a5f00-7dc3-46a7-b432-29cd8fe167ca: created new log segment /workdir/hadoop-ozone/integration-test/target/test-dir/MiniOzoneClusterImpl-cd85f641-6806-455e-b969-480e50aec385/datanode-2/data/ratis/601a5f00-7dc3-46a7-b432-29cd8fe167ca/current/log_inprogress_0
2019-09-20 04:49:07,203 [Thread-744] WARN  util.JavaUtils (JavaUtils.java:sleep(250)) - Unexpected long sleep: sleep(5194ms) actually took 5703ms which is over the threshold 300ms
2019-09-20 04:49:07,203 [Thread-750] WARN  util.JavaUtils (JavaUtils.java:sleep(250)) - Unexpected long sleep: sleep(5068ms) actually took 5576ms which is over the threshold 300ms
2019-09-20 04:49:07,205 [fdbc37f2-9e58-4bac-a5d5-a78839d012e9:group-9FDDABA26CAF:LeaderElection61] INFO  impl.RaftServerImpl (ServerState.java:setRaftConf(361)) - fdbc37f2-9e58-4bac-a5d5-a78839d012e9:group-9FDDABA26CAF set configuration 0: [fdbc37f2-9e58-4bac-a5d5-a78839d012e9:192.168.36.79:32937], old=null at 0
2019-09-20 04:49:07,205 | INFO  | SCMAudit | user=jenkins1000 | ip=192.168.36.79 | op=SEND_HEARTBEAT {datanodeUUID=eaf3ecbe-c3b1-4969-ad3a-e4de7fb04f81, command=[]} | ret=SUCCESS |  
2019-09-20 04:49:07,203 [Thread-747] WARN  util.JavaUtils (JavaUtils.java:sleep(250)) - Unexpected long sleep: sleep(5153ms) actually took 5635ms which is over the threshold 300ms
2019-09-20 04:49:07,203 [Thread-753] WARN  util.JavaUtils (JavaUtils.java:sleep(250)) - Unexpected long sleep: sleep(5032ms) actually took 5508ms which is over the threshold 300ms
2019-09-20 04:49:07,200 [Thread-756] WARN  util.JavaUtils (JavaUtils.java:sleep(250)) - Unexpected long sleep: sleep(5017ms) actually took 5437ms which is over the threshold 300ms
2019-09-20 04:49:07,205 | INFO  | SCMAudit | user=jenkins1000 | ip=192.168.36.79 | op=SEND_HEARTBEAT {datanodeUUID=2d6465ef-cffa-473a-a4c6-a9aa3f1a26c0, command=[]} | ret=SUCCESS |  
2019-09-20 04:49:07,205 | INFO  | SCMAudit | user=jenkins1000 | ip=192.168.36.79 | op=SEND_HEARTBEAT {datanodeUUID=ea71b9af-1075-4196-9693-aa14e10f536d, command=[]} | ret=SUCCESS |  
2019-09-20 04:49:07,200 [Thread-759] WARN  util.JavaUtils (JavaUtils.java:sleep(250)) - Unexpected long sleep: sleep(5021ms) actually took 5369ms which is over the threshold 300ms
2019-09-20 04:49:07,185 [Thread-762] INFO  impl.FollowerState (FollowerState.java:run(106)) - c4f6294c-eda3-4afd-81f7-e69ed14da69f:group-44EB19D97933 changes to CANDIDATE, lastRpcTime:5278, electionTimeout:5126ms
2019-09-20 04:49:07,205 [Thread-762] INFO  impl.RoleInfo (RoleInfo.java:shutdownFollowerState(121)) - c4f6294c-eda3-4afd-81f7-e69ed14da69f: shutdown FollowerState
2019-09-20 04:49:07,206 | INFO  | SCMAudit | user=jenkins1000 | ip=192.168.36.79 | op=SEND_HEARTBEAT {datanodeUUID=1d91ad97-6666-4ee7-855a-8b5e944e7401, command=[]} | ret=SUCCESS |  
2019-09-20 04:49:07,206 | INFO  | SCMAudit | user=jenkins1000 | ip=192.168.36.79 | op=SEND_HEARTBEAT {datanodeUUID=2702b462-69d8-4c1b-aae1-091a21fe08b8, command=[]} | ret=SUCCESS |  
2019-09-20 04:49:07,185 [Thread-765] INFO  impl.FollowerState (FollowerState.java:run(106)) - 3c2a6bfe-f5c5-4e23-89b0-850dab17697d:group-EB1044BA374C changes to CANDIDATE, lastRpcTime:5211, electionTimeout:5067ms
2019-09-20 04:49:07,184 [Thread-771] INFO  impl.FollowerState (FollowerState.java:run(106)) - c4f6294c-eda3-4afd-81f7-e69ed14da69f:group-1A1B717AD336 changes to CANDIDATE, lastRpcTime:5067, electionTimeout:5045ms
2019-09-20 04:49:07,184 [Thread-768] INFO  impl.FollowerState (FollowerState.java:run(106)) - bd1a845e-f2ed-4713-9516-9ccc20139040:group-C2AE75F8F8E7 changes to CANDIDATE, lastRpcTime:5135, electionTimeout:5115ms
2019-09-20 04:49:06,645 [3c2a6bfe-f5c5-4e23-89b0-850dab17697d:group-9267777E2DAD:LeaderElection60] INFO  impl.RaftServerImpl (ServerState.java:setRaftConf(361)) - 3c2a6bfe-f5c5-4e23-89b0-850dab17697d:group-9267777E2DAD set configuration 0: [3c2a6bfe-f5c5-4e23-89b0-850dab17697d:192.168.36.79:38430], old=null at 0
2019-09-20 04:49:07,206 [Thread-768] INFO  impl.RoleInfo (RoleInfo.java:shutdownFollowerState(121)) - bd1a845e-f2ed-4713-9516-9ccc20139040: shutdown FollowerState
2019-09-20 04:49:07,206 [Thread-771] INFO  impl.RoleInfo (RoleInfo.java:shutdownFollowerState(121)) - c4f6294c-eda3-4afd-81f7-e69ed14da69f: shutdown FollowerState
2019-09-20 04:49:07,206 [Thread-765] INFO  impl.RoleInfo (RoleInfo.java:shutdownFollowerState(121)) - 3c2a6bfe-f5c5-4e23-89b0-850dab17697d: shutdown FollowerState
2019-09-20 04:49:07,206 [Thread-762] INFO  impl.RaftServerImpl (RaftServerImpl.java:setRole(171)) - c4f6294c-eda3-4afd-81f7-e69ed14da69f:group-44EB19D97933 changes role from FOLLOWER to CANDIDATE at term 0 for changeToCandidate
2019-09-20 04:49:07,206 [Thread-765] INFO  impl.RaftServerImpl (RaftServerImpl.java:setRole(171)) - 3c2a6bfe-f5c5-4e23-89b0-850dab17697d:group-EB1044BA374C changes role from FOLLOWER to CANDIDATE at term 0 for changeToCandidate
2019-09-20 04:49:07,206 [Thread-771] INFO  impl.RaftServerImpl (RaftServerImpl.java:setRole(171)) - c4f6294c-eda3-4afd-81f7-e69ed14da69f:group-1A1B717AD336 changes role from FOLLOWER to CANDIDATE at term 0 for changeToCandidate
2019-09-20 04:49:07,206 [Thread-768] INFO  impl.RaftServerImpl (RaftServerImpl.java:setRole(171)) - bd1a845e-f2ed-4713-9516-9ccc20139040:group-C2AE75F8F8E7 changes role from FOLLOWER to CANDIDATE at term 0 for changeToCandidate
2019-09-20 04:49:07,221 [3c2a6bfe-f5c5-4e23-89b0-850dab17697d-SegmentedRaftLogWorker:Storage Directory /workdir/hadoop-ozone/integration-test/target/test-dir/MiniOzoneClusterImpl-cd85f641-6806-455e-b969-480e50aec385/datanode-4/data/ratis/b8b7d2e3-05f7-422e-b7c9-9267777e2dad] INFO  segmented.SegmentedRaftLogWorker (SegmentedRaftLogWorker.java:execute(569)) - 3c2a6bfe-f5c5-4e23-89b0-850dab17697d-SegmentedRaftLogWorker:Storage Directory /workdir/hadoop-ozone/integration-test/target/test-dir/MiniOzoneClusterImpl-cd85f641-6806-455e-b969-480e50aec385/datanode-4/data/ratis/b8b7d2e3-05f7-422e-b7c9-9267777e2dad: created new log segment /workdir/hadoop-ozone/integration-test/target/test-dir/MiniOzoneClusterImpl-cd85f641-6806-455e-b969-480e50aec385/datanode-4/data/ratis/b8b7d2e3-05f7-422e-b7c9-9267777e2dad/current/log_inprogress_0
2019-09-20 04:49:07,221 [c4f6294c-eda3-4afd-81f7-e69ed14da69f-SegmentedRaftLogWorker:Storage Directory /workdir/hadoop-ozone/integration-test/target/test-dir/MiniOzoneClusterImpl-cd85f641-6806-455e-b969-480e50aec385/datanode-2/data/ratis/81719d83-c23d-4b40-98b3-0f1f9ed86965] INFO  segmented.SegmentedRaftLogWorker (SegmentedRaftLogWorker.java:execute(569)) - c4f6294c-eda3-4afd-81f7-e69ed14da69f-SegmentedRaftLogWorker:Storage Directory /workdir/hadoop-ozone/integration-test/target/test-dir/MiniOzoneClusterImpl-cd85f641-6806-455e-b969-480e50aec385/datanode-2/data/ratis/81719d83-c23d-4b40-98b3-0f1f9ed86965: created new log segment /workdir/hadoop-ozone/integration-test/target/test-dir/MiniOzoneClusterImpl-cd85f641-6806-455e-b969-480e50aec385/datanode-2/data/ratis/81719d83-c23d-4b40-98b3-0f1f9ed86965/current/log_inprogress_0
2019-09-20 04:49:07,221 [c4f6294c-eda3-4afd-81f7-e69ed14da69f-SegmentedRaftLogWorker:Storage Directory /workdir/hadoop-ozone/integration-test/target/test-dir/MiniOzoneClusterImpl-cd85f641-6806-455e-b969-480e50aec385/datanode-2/data/ratis/18971554-338b-4ad7-ac0a-b6fde1d0f5a9] INFO  segmented.SegmentedRaftLogWorker (SegmentedRaftLogWorker.java:execute(569)) - c4f6294c-eda3-4afd-81f7-e69ed14da69f-SegmentedRaftLogWorker:Storage Directory /workdir/hadoop-ozone/integration-test/target/test-dir/MiniOzoneClusterImpl-cd85f641-6806-455e-b969-480e50aec385/datanode-2/data/ratis/18971554-338b-4ad7-ac0a-b6fde1d0f5a9: created new log segment /workdir/hadoop-ozone/integration-test/target/test-dir/MiniOzoneClusterImpl-cd85f641-6806-455e-b969-480e50aec385/datanode-2/data/ratis/18971554-338b-4ad7-ac0a-b6fde1d0f5a9/current/log_inprogress_0
2019-09-20 04:49:07,221 [fdbc37f2-9e58-4bac-a5d5-a78839d012e9-SegmentedRaftLogWorker:Storage Directory /workdir/hadoop-ozone/integration-test/target/test-dir/MiniOzoneClusterImpl-cd85f641-6806-455e-b969-480e50aec385/datanode-3/data/ratis/e82a2563-5658-48ab-8b86-c6b8d561d3a6] INFO  segmented.SegmentedRaftLogWorker (SegmentedRaftLogWorker.java:execute(569)) - fdbc37f2-9e58-4bac-a5d5-a78839d012e9-SegmentedRaftLogWorker:Storage Directory /workdir/hadoop-ozone/integration-test/target/test-dir/MiniOzoneClusterImpl-cd85f641-6806-455e-b969-480e50aec385/datanode-3/data/ratis/e82a2563-5658-48ab-8b86-c6b8d561d3a6: created new log segment /workdir/hadoop-ozone/integration-test/target/test-dir/MiniOzoneClusterImpl-cd85f641-6806-455e-b969-480e50aec385/datanode-3/data/ratis/e82a2563-5658-48ab-8b86-c6b8d561d3a6/current/log_inprogress_0
2019-09-20 04:49:07,232 [Thread-768] INFO  impl.RoleInfo (RoleInfo.java:updateAndGet(143)) - bd1a845e-f2ed-4713-9516-9ccc20139040: start LeaderElection
2019-09-20 04:49:07,235 [c4f6294c-eda3-4afd-81f7-e69ed14da69f:group-0F1F9ED86965:LeaderElection59] INFO  impl.RaftServerImpl (ServerState.java:setRaftConf(361)) - c4f6294c-eda3-4afd-81f7-e69ed14da69f:group-0F1F9ED86965 set configuration 0: [c4f6294c-eda3-4afd-81f7-e69ed14da69f:192.168.36.79:34480], old=null at 0
2019-09-20 04:49:07,236 [main] INFO  handler.ContextHandler (ContextHandler.java:doStart(781)) - Started o.e.j.s.ServletContextHandler@293ecff6{/logs,file:///workdir/hadoop-ozone/integration-test/target/log,AVAILABLE}
2019-09-20 04:49:07,239 | INFO  | SCMAudit | user=jenkins1000 | ip=192.168.36.79 | op=SEND_HEARTBEAT {datanodeUUID=3c2a6bfe-f5c5-4e23-89b0-850dab17697d, command=[]} | ret=SUCCESS |  
2019-09-20 04:49:07,235 [Thread-765] INFO  impl.RoleInfo (RoleInfo.java:updateAndGet(143)) - 3c2a6bfe-f5c5-4e23-89b0-850dab17697d: start LeaderElection
2019-09-20 04:49:07,239 | INFO  | SCMAudit | user=jenkins1000 | ip=192.168.36.79 | op=GET_VERSION null | ret=SUCCESS |  
2019-09-20 04:49:07,240 | INFO  | SCMAudit | user=jenkins1000 | ip=192.168.36.79 | op=SEND_HEARTBEAT {datanodeUUID=fdbc37f2-9e58-4bac-a5d5-a78839d012e9, command=[]} | ret=SUCCESS |  
2019-09-20 04:49:07,235 [Thread-762] INFO  impl.RoleInfo (RoleInfo.java:updateAndGet(143)) - c4f6294c-eda3-4afd-81f7-e69ed14da69f: start LeaderElection
2019-09-20 04:49:07,248 [main] INFO  handler.ContextHandler (ContextHandler.java:doStart(781)) - Started o.e.j.s.ServletContextHandler@34d72f06{/static,jar:file:/home/user/.m2/repository/org/apache/hadoop/hadoop-hdds-container-service/0.5.0-SNAPSHOT/hadoop-hdds-container-service-0.5.0-SNAPSHOT.jar!/webapps/static,AVAILABLE}
2019-09-20 04:49:07,235 [Thread-771] INFO  impl.RoleInfo (RoleInfo.java:updateAndGet(143)) - c4f6294c-eda3-4afd-81f7-e69ed14da69f: start LeaderElection
2019-09-20 04:49:07,248 | INFO  | SCMAudit | user=jenkins1000 | ip=192.168.36.79 | op=SEND_HEARTBEAT {datanodeUUID=ba95d636-ac34-4b74-a102-dec8d0f377c6, command=[]} | ret=SUCCESS |  
2019-09-20 04:49:07,251 | INFO  | SCMAudit | user=jenkins1000 | ip=192.168.36.79 | op=SEND_HEARTBEAT {datanodeUUID=bd1a845e-f2ed-4713-9516-9ccc20139040, command=[]} | ret=SUCCESS |  
2019-09-20 04:49:07,263 [bd1a845e-f2ed-4713-9516-9ccc20139040:group-C2AE75F8F8E7:LeaderElection66] INFO  impl.LeaderElection (LeaderElection.java:askForVotes(181)) - bd1a845e-f2ed-4713-9516-9ccc20139040:group-C2AE75F8F8E7:LeaderElection66: begin an election at term 1 for -1: [bd1a845e-f2ed-4713-9516-9ccc20139040:192.168.36.79:45373], old=null
2019-09-20 04:49:07,263 [Datanode State Machine Thread - 0] INFO  ozoneimpl.OzoneContainer (OzoneContainer.java:start(186)) - Attempting to start container services.
2019-09-20 04:49:07,263 [bd1a845e-f2ed-4713-9516-9ccc20139040:group-C2AE75F8F8E7:LeaderElection66] INFO  impl.RoleInfo (RoleInfo.java:shutdownLeaderElection(134)) - bd1a845e-f2ed-4713-9516-9ccc20139040: shutdown LeaderElection
2019-09-20 04:49:07,267 [Datanode State Machine Thread - 0] INFO  ozoneimpl.OzoneContainer (OzoneContainer.java:startContainerScrub(160)) - Background container scrubber has been disabled by hdds.containerscrub.enabled
2019-09-20 04:49:07,267 [bd1a845e-f2ed-4713-9516-9ccc20139040:group-C2AE75F8F8E7:LeaderElection66] INFO  impl.RaftServerImpl (RaftServerImpl.java:setRole(171)) - bd1a845e-f2ed-4713-9516-9ccc20139040:group-C2AE75F8F8E7 changes role from CANDIDATE to LEADER at term 1 for changeToLeader
2019-09-20 04:49:07,267 [Datanode State Machine Thread - 0] INFO  ratis.XceiverServerRatis (XceiverServerRatis.java:start(404)) - Starting XceiverServerRatis eb30d72f-c0a8-4ecb-bfee-9120a9a6cddf at port 0
2019-09-20 04:49:07,267 [bd1a845e-f2ed-4713-9516-9ccc20139040:group-C2AE75F8F8E7:LeaderElection66] INFO  impl.RaftServerImpl (ServerState.java:setLeader(263)) - bd1a845e-f2ed-4713-9516-9ccc20139040:group-C2AE75F8F8E7 change Leader from null to bd1a845e-f2ed-4713-9516-9ccc20139040 at term 1 for becomeLeader, leader elected after 5222ms
2019-09-20 04:49:07,268 [bd1a845e-f2ed-4713-9516-9ccc20139040:group-C2AE75F8F8E7:LeaderElection66] INFO  server.RaftServerConfigKeys (ConfUtils.java:logGet(43)) - raft.server.staging.catchup.gap = 1000 (default)
2019-09-20 04:49:07,268 [bd1a845e-f2ed-4713-9516-9ccc20139040:group-C2AE75F8F8E7:LeaderElection66] INFO  server.RaftServerConfigKeys (ConfUtils.java:logGet(43)) - raft.server.rpc.sleep.time = 25ms (default)
2019-09-20 04:49:07,268 | INFO  | SCMAudit | user=jenkins1000 | ip=192.168.36.79 | op=SEND_HEARTBEAT {datanodeUUID=8d97392c-5f4b-400a-94a1-fb61a3ebbc99, command=[]} | ret=SUCCESS |  
2019-09-20 04:49:07,268 [bd1a845e-f2ed-4713-9516-9ccc20139040:group-C2AE75F8F8E7:LeaderElection66] INFO  server.RaftServerConfigKeys (ConfUtils.java:logGet(43)) - raft.server.write.element-limit = 4096 (default)
2019-09-20 04:49:07,268 [bd1a845e-f2ed-4713-9516-9ccc20139040:group-C2AE75F8F8E7:LeaderElection66] INFO  server.RaftServerConfigKeys (ConfUtils.java:logGet(43)) - raft.server.watch.timeout = 10s (default)
2019-09-20 04:49:07,268 [bd1a845e-f2ed-4713-9516-9ccc20139040:group-C2AE75F8F8E7:LeaderElection66] INFO  server.RaftServerConfigKeys (ConfUtils.java:logGet(43)) - raft.server.watch.timeout.denomination = 1s (default)
2019-09-20 04:49:07,268 [bd1a845e-f2ed-4713-9516-9ccc20139040:group-C2AE75F8F8E7:LeaderElection66] INFO  server.RaftServerConfigKeys (ConfUtils.java:logGet(43)) - raft.server.watch.element-limit = 65536 (default)
2019-09-20 04:49:07,269 [bd1a845e-f2ed-4713-9516-9ccc20139040:group-C2AE75F8F8E7:LeaderElection66] INFO  impl.RoleInfo (RoleInfo.java:updateAndGet(143)) - bd1a845e-f2ed-4713-9516-9ccc20139040: start LeaderState
2019-09-20 04:49:07,269 [bd1a845e-f2ed-4713-9516-9ccc20139040:group-C2AE75F8F8E7:LeaderElection66] INFO  segmented.SegmentedRaftLogWorker (SegmentedRaftLogWorker.java:startLogSegment(380)) - bd1a845e-f2ed-4713-9516-9ccc20139040-SegmentedRaftLogWorker:Storage Directory /workdir/hadoop-ozone/integration-test/target/test-dir/MiniOzoneClusterImpl-cd85f641-6806-455e-b969-480e50aec385/datanode-5/data/ratis/85407ae7-1698-4431-b3fb-c2ae75f8f8e7: Starting segment from index:0
2019-09-20 04:49:07,273 [bd1a845e-f2ed-4713-9516-9ccc20139040:group-C2AE75F8F8E7:LeaderElection66] INFO  impl.RaftServerImpl (ServerState.java:setRaftConf(361)) - bd1a845e-f2ed-4713-9516-9ccc20139040:group-C2AE75F8F8E7 set configuration 0: [bd1a845e-f2ed-4713-9516-9ccc20139040:192.168.36.79:45373], old=null at 0
2019-09-20 04:49:07,294 [c4f6294c-eda3-4afd-81f7-e69ed14da69f:group-1A1B717AD336:LeaderElection65] INFO  impl.LeaderElection (LeaderElection.java:askForVotes(181)) - c4f6294c-eda3-4afd-81f7-e69ed14da69f:group-1A1B717AD336:LeaderElection65: begin an election at term 1 for -1: [c4f6294c-eda3-4afd-81f7-e69ed14da69f:192.168.36.79:34480], old=null
2019-09-20 04:49:07,294 [c4f6294c-eda3-4afd-81f7-e69ed14da69f:group-44EB19D97933:LeaderElection63] INFO  impl.LeaderElection (LeaderElection.java:askForVotes(181)) - c4f6294c-eda3-4afd-81f7-e69ed14da69f:group-44EB19D97933:LeaderElection63: begin an election at term 1 for -1: [c4f6294c-eda3-4afd-81f7-e69ed14da69f:192.168.36.79:34480], old=null
2019-09-20 04:49:07,294 [c4f6294c-eda3-4afd-81f7-e69ed14da69f:group-1A1B717AD336:LeaderElection65] INFO  impl.RoleInfo (RoleInfo.java:shutdownLeaderElection(134)) - c4f6294c-eda3-4afd-81f7-e69ed14da69f: shutdown LeaderElection
2019-09-20 04:49:07,294 [3c2a6bfe-f5c5-4e23-89b0-850dab17697d:group-EB1044BA374C:LeaderElection64] INFO  impl.LeaderElection (LeaderElection.java:askForVotes(181)) - 3c2a6bfe-f5c5-4e23-89b0-850dab17697d:group-EB1044BA374C:LeaderElection64: begin an election at term 1 for -1: [3c2a6bfe-f5c5-4e23-89b0-850dab17697d:192.168.36.79:38430], old=null
2019-09-20 04:49:07,294 [c4f6294c-eda3-4afd-81f7-e69ed14da69f:group-1A1B717AD336:LeaderElection65] INFO  impl.RaftServerImpl (RaftServerImpl.java:setRole(171)) - c4f6294c-eda3-4afd-81f7-e69ed14da69f:group-1A1B717AD336 changes role from CANDIDATE to LEADER at term 1 for changeToLeader
2019-09-20 04:49:07,294 [c4f6294c-eda3-4afd-81f7-e69ed14da69f:group-44EB19D97933:LeaderElection63] INFO  impl.RoleInfo (RoleInfo.java:shutdownLeaderElection(134)) - c4f6294c-eda3-4afd-81f7-e69ed14da69f: shutdown LeaderElection
2019-09-20 04:49:07,294 [c4f6294c-eda3-4afd-81f7-e69ed14da69f:group-1A1B717AD336:LeaderElection65] INFO  impl.RaftServerImpl (ServerState.java:setLeader(263)) - c4f6294c-eda3-4afd-81f7-e69ed14da69f:group-1A1B717AD336 change Leader from null to c4f6294c-eda3-4afd-81f7-e69ed14da69f at term 1 for becomeLeader, leader elected after 5181ms
2019-09-20 04:49:07,294 [3c2a6bfe-f5c5-4e23-89b0-850dab17697d:group-EB1044BA374C:LeaderElection64] INFO  impl.RoleInfo (RoleInfo.java:shutdownLeaderElection(134)) - 3c2a6bfe-f5c5-4e23-89b0-850dab17697d: shutdown LeaderElection
2019-09-20 04:49:07,294 [c4f6294c-eda3-4afd-81f7-e69ed14da69f:group-1A1B717AD336:LeaderElection65] INFO  server.RaftServerConfigKeys (ConfUtils.java:logGet(43)) - raft.server.staging.catchup.gap = 1000 (default)
2019-09-20 04:49:07,294 [c4f6294c-eda3-4afd-81f7-e69ed14da69f:group-44EB19D97933:LeaderElection63] INFO  impl.RaftServerImpl (RaftServerImpl.java:setRole(171)) - c4f6294c-eda3-4afd-81f7-e69ed14da69f:group-44EB19D97933 changes role from CANDIDATE to LEADER at term 1 for changeToLeader
2019-09-20 04:49:07,294 [c4f6294c-eda3-4afd-81f7-e69ed14da69f:group-1A1B717AD336:LeaderElection65] INFO  server.RaftServerConfigKeys (ConfUtils.java:logGet(43)) - raft.server.rpc.sleep.time = 25ms (default)
2019-09-20 04:49:07,294 [3c2a6bfe-f5c5-4e23-89b0-850dab17697d:group-EB1044BA374C:LeaderElection64] INFO  impl.RaftServerImpl (RaftServerImpl.java:setRole(171)) - 3c2a6bfe-f5c5-4e23-89b0-850dab17697d:group-EB1044BA374C changes role from CANDIDATE to LEADER at term 1 for changeToLeader
2019-09-20 04:49:07,295 [c4f6294c-eda3-4afd-81f7-e69ed14da69f:group-44EB19D97933:LeaderElection63] INFO  impl.RaftServerImpl (ServerState.java:setLeader(263)) - c4f6294c-eda3-4afd-81f7-e69ed14da69f:group-44EB19D97933 change Leader from null to c4f6294c-eda3-4afd-81f7-e69ed14da69f at term 1 for becomeLeader, leader elected after 5392ms
2019-09-20 04:49:07,295 [c4f6294c-eda3-4afd-81f7-e69ed14da69f:group-1A1B717AD336:LeaderElection65] INFO  server.RaftServerConfigKeys (ConfUtils.java:logGet(43)) - raft.server.write.element-limit = 4096 (default)
2019-09-20 04:49:07,295 [3c2a6bfe-f5c5-4e23-89b0-850dab17697d:group-EB1044BA374C:LeaderElection64] INFO  impl.RaftServerImpl (ServerState.java:setLeader(263)) - 3c2a6bfe-f5c5-4e23-89b0-850dab17697d:group-EB1044BA374C change Leader from null to 3c2a6bfe-f5c5-4e23-89b0-850dab17697d at term 1 for becomeLeader, leader elected after 5325ms
2019-09-20 04:49:07,295 [c4f6294c-eda3-4afd-81f7-e69ed14da69f:group-1A1B717AD336:LeaderElection65] INFO  server.RaftServerConfigKeys (ConfUtils.java:logGet(43)) - raft.server.watch.timeout = 10s (default)
2019-09-20 04:49:07,295 [c4f6294c-eda3-4afd-81f7-e69ed14da69f:group-44EB19D97933:LeaderElection63] INFO  server.RaftServerConfigKeys (ConfUtils.java:logGet(43)) - raft.server.staging.catchup.gap = 1000 (default)
2019-09-20 04:49:07,295 [c4f6294c-eda3-4afd-81f7-e69ed14da69f:group-1A1B717AD336:LeaderElection65] INFO  server.RaftServerConfigKeys (ConfUtils.java:logGet(43)) - raft.server.watch.timeout.denomination = 1s (default)
2019-09-20 04:49:07,295 [3c2a6bfe-f5c5-4e23-89b0-850dab17697d:group-EB1044BA374C:LeaderElection64] INFO  server.RaftServerConfigKeys (ConfUtils.java:logGet(43)) - raft.server.staging.catchup.gap = 1000 (default)
2019-09-20 04:49:07,295 [c4f6294c-eda3-4afd-81f7-e69ed14da69f:group-1A1B717AD336:LeaderElection65] INFO  server.RaftServerConfigKeys (ConfUtils.java:logGet(43)) - raft.server.watch.element-limit = 65536 (default)
2019-09-20 04:49:07,295 [c4f6294c-eda3-4afd-81f7-e69ed14da69f:group-44EB19D97933:LeaderElection63] INFO  server.RaftServerConfigKeys (ConfUtils.java:logGet(43)) - raft.server.rpc.sleep.time = 25ms (default)
2019-09-20 04:49:07,295 [3c2a6bfe-f5c5-4e23-89b0-850dab17697d:group-EB1044BA374C:LeaderElection64] INFO  server.RaftServerConfigKeys (ConfUtils.java:logGet(43)) - raft.server.rpc.sleep.time = 25ms (default)
2019-09-20 04:49:07,296 [c4f6294c-eda3-4afd-81f7-e69ed14da69f:group-44EB19D97933:LeaderElection63] INFO  server.RaftServerConfigKeys (ConfUtils.java:logGet(43)) - raft.server.write.element-limit = 4096 (default)
2019-09-20 04:49:07,295 [c4f6294c-eda3-4afd-81f7-e69ed14da69f:group-1A1B717AD336:LeaderElection65] INFO  impl.RoleInfo (RoleInfo.java:updateAndGet(143)) - c4f6294c-eda3-4afd-81f7-e69ed14da69f: start LeaderState
2019-09-20 04:49:07,296 [c4f6294c-eda3-4afd-81f7-e69ed14da69f:group-44EB19D97933:LeaderElection63] INFO  server.RaftServerConfigKeys (ConfUtils.java:logGet(43)) - raft.server.watch.timeout = 10s (default)
2019-09-20 04:49:07,296 [3c2a6bfe-f5c5-4e23-89b0-850dab17697d:group-EB1044BA374C:LeaderElection64] INFO  server.RaftServerConfigKeys (ConfUtils.java:logGet(43)) - raft.server.write.element-limit = 4096 (default)
2019-09-20 04:49:07,296 [c4f6294c-eda3-4afd-81f7-e69ed14da69f:group-1A1B717AD336:LeaderElection65] INFO  segmented.SegmentedRaftLogWorker (SegmentedRaftLogWorker.java:startLogSegment(380)) - c4f6294c-eda3-4afd-81f7-e69ed14da69f-SegmentedRaftLogWorker:Storage Directory /workdir/hadoop-ozone/integration-test/target/test-dir/MiniOzoneClusterImpl-cd85f641-6806-455e-b969-480e50aec385/datanode-2/data/ratis/44bc599d-ff66-408f-94d6-1a1b717ad336: Starting segment from index:0
2019-09-20 04:49:07,296 [c4f6294c-eda3-4afd-81f7-e69ed14da69f:group-44EB19D97933:LeaderElection63] INFO  server.RaftServerConfigKeys (ConfUtils.java:logGet(43)) - raft.server.watch.timeout.denomination = 1s (default)
2019-09-20 04:49:07,296 [3c2a6bfe-f5c5-4e23-89b0-850dab17697d:group-EB1044BA374C:LeaderElection64] INFO  server.RaftServerConfigKeys (ConfUtils.java:logGet(43)) - raft.server.watch.timeout = 10s (default)
2019-09-20 04:49:07,296 [c4f6294c-eda3-4afd-81f7-e69ed14da69f:group-44EB19D97933:LeaderElection63] INFO  server.RaftServerConfigKeys (ConfUtils.java:logGet(43)) - raft.server.watch.element-limit = 65536 (default)
2019-09-20 04:49:07,296 [3c2a6bfe-f5c5-4e23-89b0-850dab17697d:group-EB1044BA374C:LeaderElection64] INFO  server.RaftServerConfigKeys (ConfUtils.java:logGet(43)) - raft.server.watch.timeout.denomination = 1s (default)
2019-09-20 04:49:07,303 [c4f6294c-eda3-4afd-81f7-e69ed14da69f:group-1A1B717AD336:LeaderElection65] INFO  impl.RaftServerImpl (ServerState.java:setRaftConf(361)) - c4f6294c-eda3-4afd-81f7-e69ed14da69f:group-1A1B717AD336 set configuration 0: [c4f6294c-eda3-4afd-81f7-e69ed14da69f:192.168.36.79:34480], old=null at 0
2019-09-20 04:49:07,303 [c4f6294c-eda3-4afd-81f7-e69ed14da69f:group-44EB19D97933:LeaderElection63] INFO  impl.RoleInfo (RoleInfo.java:updateAndGet(143)) - c4f6294c-eda3-4afd-81f7-e69ed14da69f: start LeaderState
2019-09-20 04:49:07,304 [3c2a6bfe-f5c5-4e23-89b0-850dab17697d:group-EB1044BA374C:LeaderElection64] INFO  server.RaftServerConfigKeys (ConfUtils.java:logGet(43)) - raft.server.watch.element-limit = 65536 (default)
2019-09-20 04:49:07,322 [Datanode State Machine Thread - 0] INFO  impl.RaftServerProxy (RaftServerProxy.java:lambda$start$3(299)) - eb30d72f-c0a8-4ecb-bfee-9120a9a6cddf: start RPC server
2019-09-20 04:49:07,322 [3c2a6bfe-f5c5-4e23-89b0-850dab17697d:group-EB1044BA374C:LeaderElection64] INFO  impl.RoleInfo (RoleInfo.java:updateAndGet(143)) - 3c2a6bfe-f5c5-4e23-89b0-850dab17697d: start LeaderState
2019-09-20 04:49:07,322 [c4f6294c-eda3-4afd-81f7-e69ed14da69f:group-44EB19D97933:LeaderElection63] INFO  segmented.SegmentedRaftLogWorker (SegmentedRaftLogWorker.java:startLogSegment(380)) - c4f6294c-eda3-4afd-81f7-e69ed14da69f-SegmentedRaftLogWorker:Storage Directory /workdir/hadoop-ozone/integration-test/target/test-dir/MiniOzoneClusterImpl-cd85f641-6806-455e-b969-480e50aec385/datanode-2/data/ratis/567a068f-1dae-4eec-b264-44eb19d97933: Starting segment from index:0
2019-09-20 04:49:07,323 [3c2a6bfe-f5c5-4e23-89b0-850dab17697d:group-EB1044BA374C:LeaderElection64] INFO  segmented.SegmentedRaftLogWorker (SegmentedRaftLogWorker.java:startLogSegment(380)) - 3c2a6bfe-f5c5-4e23-89b0-850dab17697d-SegmentedRaftLogWorker:Storage Directory /workdir/hadoop-ozone/integration-test/target/test-dir/MiniOzoneClusterImpl-cd85f641-6806-455e-b969-480e50aec385/datanode-4/data/ratis/9b67f4ea-0d0a-4943-8974-eb1044ba374c: Starting segment from index:0
2019-09-20 04:49:07,323 [c4f6294c-eda3-4afd-81f7-e69ed14da69f:group-44EB19D97933:LeaderElection63] INFO  impl.RaftServerImpl (ServerState.java:setRaftConf(361)) - c4f6294c-eda3-4afd-81f7-e69ed14da69f:group-44EB19D97933 set configuration 0: [c4f6294c-eda3-4afd-81f7-e69ed14da69f:192.168.36.79:34480], old=null at 0
2019-09-20 04:49:07,327 [3c2a6bfe-f5c5-4e23-89b0-850dab17697d:group-EB1044BA374C:LeaderElection64] INFO  impl.RaftServerImpl (ServerState.java:setRaftConf(361)) - 3c2a6bfe-f5c5-4e23-89b0-850dab17697d:group-EB1044BA374C set configuration 0: [3c2a6bfe-f5c5-4e23-89b0-850dab17697d:192.168.36.79:38430], old=null at 0
2019-09-20 04:49:07,341 [Thread-777] INFO  impl.FollowerState (FollowerState.java:run(106)) - bd1a845e-f2ed-4713-9516-9ccc20139040:group-6DA10368C7E2 changes to CANDIDATE, lastRpcTime:5010, electionTimeout:5007ms
2019-09-20 04:49:07,350 [Thread-777] INFO  impl.RoleInfo (RoleInfo.java:shutdownFollowerState(121)) - bd1a845e-f2ed-4713-9516-9ccc20139040: shutdown FollowerState
2019-09-20 04:49:07,350 [Thread-777] INFO  impl.RaftServerImpl (RaftServerImpl.java:setRole(171)) - bd1a845e-f2ed-4713-9516-9ccc20139040:group-6DA10368C7E2 changes role from FOLLOWER to CANDIDATE at term 0 for changeToCandidate
2019-09-20 04:49:07,350 [Datanode State Machine Thread - 0] INFO  server.GrpcService (GrpcService.java:startImpl(149)) - eb30d72f-c0a8-4ecb-bfee-9120a9a6cddf: GrpcService started, listening on 0.0.0.0/0.0.0.0:41740
2019-09-20 04:49:07,350 [Thread-777] INFO  impl.RoleInfo (RoleInfo.java:updateAndGet(143)) - bd1a845e-f2ed-4713-9516-9ccc20139040: start LeaderElection
2019-09-20 04:49:07,350 [Datanode State Machine Thread - 0] INFO  ratis.XceiverServerRatis (XceiverServerRatis.java:start(414)) - XceiverServerRatis eb30d72f-c0a8-4ecb-bfee-9120a9a6cddf is started using port 41740
2019-09-20 04:49:07,351 [Datanode State Machine Thread - 0] INFO  server.XceiverServerGrpc (XceiverServerGrpc.java:start(163)) - XceiverServerGrpc eb30d72f-c0a8-4ecb-bfee-9120a9a6cddf is started using port 43968
2019-09-20 04:49:07,354 [Thread-774] INFO  impl.FollowerState (FollowerState.java:run(106)) - 3c2a6bfe-f5c5-4e23-89b0-850dab17697d:group-90D72DBC01DC changes to CANDIDATE, lastRpcTime:5154, electionTimeout:5154ms
2019-09-20 04:49:07,354 [Thread-774] INFO  impl.RoleInfo (RoleInfo.java:shutdownFollowerState(121)) - 3c2a6bfe-f5c5-4e23-89b0-850dab17697d: shutdown FollowerState
2019-09-20 04:49:07,354 [Thread-774] INFO  impl.RaftServerImpl (RaftServerImpl.java:setRole(171)) - 3c2a6bfe-f5c5-4e23-89b0-850dab17697d:group-90D72DBC01DC changes role from FOLLOWER to CANDIDATE at term 0 for changeToCandidate
2019-09-20 04:49:07,354 [Thread-774] INFO  impl.RoleInfo (RoleInfo.java:updateAndGet(143)) - 3c2a6bfe-f5c5-4e23-89b0-850dab17697d: start LeaderElection
2019-09-20 04:49:07,366 [main] INFO  handler.ContextHandler (ContextHandler.java:doStart(781)) - Started o.e.j.w.WebAppContext@5274830e{/,file:///tmp/jetty-0.0.0.0-33663-hddsDatanode-_-any-4769131655672597117.dir/webapp/,AVAILABLE}{/hddsDatanode}
2019-09-20 04:49:07,366 [main] INFO  server.AbstractConnector (AbstractConnector.java:doStart(278)) - Started ServerConnector@6a0ee80{HTTP/1.1,[http/1.1]}{0.0.0.0:33663}
2019-09-20 04:49:07,370 [3c2a6bfe-f5c5-4e23-89b0-850dab17697d:group-90D72DBC01DC:LeaderElection68] INFO  impl.LeaderElection (LeaderElection.java:askForVotes(181)) - 3c2a6bfe-f5c5-4e23-89b0-850dab17697d:group-90D72DBC01DC:LeaderElection68: begin an election at term 1 for -1: [3c2a6bfe-f5c5-4e23-89b0-850dab17697d:192.168.36.79:38430], old=null
2019-09-20 04:49:07,370 [bd1a845e-f2ed-4713-9516-9ccc20139040:group-6DA10368C7E2:LeaderElection67] INFO  impl.LeaderElection (LeaderElection.java:askForVotes(181)) - bd1a845e-f2ed-4713-9516-9ccc20139040:group-6DA10368C7E2:LeaderElection67: begin an election at term 1 for -1: [bd1a845e-f2ed-4713-9516-9ccc20139040:192.168.36.79:45373], old=null
2019-09-20 04:49:07,371 [3c2a6bfe-f5c5-4e23-89b0-850dab17697d:group-90D72DBC01DC:LeaderElection68] INFO  impl.RoleInfo (RoleInfo.java:shutdownLeaderElection(134)) - 3c2a6bfe-f5c5-4e23-89b0-850dab17697d: shutdown LeaderElection
2019-09-20 04:49:07,370 [main] INFO  server.Server (Server.java:doStart(419)) - Started @29359ms
2019-09-20 04:49:07,371 [3c2a6bfe-f5c5-4e23-89b0-850dab17697d:group-90D72DBC01DC:LeaderElection68] INFO  impl.RaftServerImpl (RaftServerImpl.java:setRole(171)) - 3c2a6bfe-f5c5-4e23-89b0-850dab17697d:group-90D72DBC01DC changes role from CANDIDATE to LEADER at term 1 for changeToLeader
2019-09-20 04:49:07,371 [bd1a845e-f2ed-4713-9516-9ccc20139040:group-6DA10368C7E2:LeaderElection67] INFO  impl.RoleInfo (RoleInfo.java:shutdownLeaderElection(134)) - bd1a845e-f2ed-4713-9516-9ccc20139040: shutdown LeaderElection
2019-09-20 04:49:07,371 [3c2a6bfe-f5c5-4e23-89b0-850dab17697d:group-90D72DBC01DC:LeaderElection68] INFO  impl.RaftServerImpl (ServerState.java:setLeader(263)) - 3c2a6bfe-f5c5-4e23-89b0-850dab17697d:group-90D72DBC01DC change Leader from null to 3c2a6bfe-f5c5-4e23-89b0-850dab17697d at term 1 for becomeLeader, leader elected after 5174ms
2019-09-20 04:49:07,371 [bd1a845e-f2ed-4713-9516-9ccc20139040:group-6DA10368C7E2:LeaderElection67] INFO  impl.RaftServerImpl (RaftServerImpl.java:setRole(171)) - bd1a845e-f2ed-4713-9516-9ccc20139040:group-6DA10368C7E2 changes role from CANDIDATE to LEADER at term 1 for changeToLeader
2019-09-20 04:49:07,371 [3c2a6bfe-f5c5-4e23-89b0-850dab17697d:group-90D72DBC01DC:LeaderElection68] INFO  server.RaftServerConfigKeys (ConfUtils.java:logGet(43)) - raft.server.staging.catchup.gap = 1000 (default)
2019-09-20 04:49:07,371 [bd1a845e-f2ed-4713-9516-9ccc20139040:group-6DA10368C7E2:LeaderElection67] INFO  impl.RaftServerImpl (ServerState.java:setLeader(263)) - bd1a845e-f2ed-4713-9516-9ccc20139040:group-6DA10368C7E2 change Leader from null to bd1a845e-f2ed-4713-9516-9ccc20139040 at term 1 for becomeLeader, leader elected after 5044ms
2019-09-20 04:49:07,371 [3c2a6bfe-f5c5-4e23-89b0-850dab17697d:group-90D72DBC01DC:LeaderElection68] INFO  server.RaftServerConfigKeys (ConfUtils.java:logGet(43)) - raft.server.rpc.sleep.time = 25ms (default)
2019-09-20 04:49:07,371 [bd1a845e-f2ed-4713-9516-9ccc20139040:group-6DA10368C7E2:LeaderElection67] INFO  server.RaftServerConfigKeys (ConfUtils.java:logGet(43)) - raft.server.staging.catchup.gap = 1000 (default)
2019-09-20 04:49:07,371 [3c2a6bfe-f5c5-4e23-89b0-850dab17697d:group-90D72DBC01DC:LeaderElection68] INFO  server.RaftServerConfigKeys (ConfUtils.java:logGet(43)) - raft.server.write.element-limit = 4096 (default)
2019-09-20 04:49:07,371 [bd1a845e-f2ed-4713-9516-9ccc20139040:group-6DA10368C7E2:LeaderElection67] INFO  server.RaftServerConfigKeys (ConfUtils.java:logGet(43)) - raft.server.rpc.sleep.time = 25ms (default)
2019-09-20 04:49:07,371 [3c2a6bfe-f5c5-4e23-89b0-850dab17697d:group-90D72DBC01DC:LeaderElection68] INFO  server.RaftServerConfigKeys (ConfUtils.java:logGet(43)) - raft.server.watch.timeout = 10s (default)
2019-09-20 04:49:07,372 [bd1a845e-f2ed-4713-9516-9ccc20139040:group-6DA10368C7E2:LeaderElection67] INFO  server.RaftServerConfigKeys (ConfUtils.java:logGet(43)) - raft.server.write.element-limit = 4096 (default)
2019-09-20 04:49:07,372 [main] INFO  server.BaseHttpServer (BaseHttpServer.java:updateConnectorAddress(213)) - HTTP server of HDDSDATANODE is listening at http://0.0.0.0:33663
2019-09-20 04:49:07,372 [bd1a845e-f2ed-4713-9516-9ccc20139040:group-6DA10368C7E2:LeaderElection67] INFO  server.RaftServerConfigKeys (ConfUtils.java:logGet(43)) - raft.server.watch.timeout = 10s (default)
2019-09-20 04:49:07,372 [3c2a6bfe-f5c5-4e23-89b0-850dab17697d:group-90D72DBC01DC:LeaderElection68] INFO  server.RaftServerConfigKeys (ConfUtils.java:logGet(43)) - raft.server.watch.timeout.denomination = 1s (default)
2019-09-20 04:49:07,372 [bd1a845e-f2ed-4713-9516-9ccc20139040:group-6DA10368C7E2:LeaderElection67] INFO  server.RaftServerConfigKeys (ConfUtils.java:logGet(43)) - raft.server.watch.timeout.denomination = 1s (default)
2019-09-20 04:49:07,372 [3c2a6bfe-f5c5-4e23-89b0-850dab17697d:group-90D72DBC01DC:LeaderElection68] INFO  server.RaftServerConfigKeys (ConfUtils.java:logGet(43)) - raft.server.watch.element-limit = 65536 (default)
2019-09-20 04:49:07,372 [bd1a845e-f2ed-4713-9516-9ccc20139040:group-6DA10368C7E2:LeaderElection67] INFO  server.RaftServerConfigKeys (ConfUtils.java:logGet(43)) - raft.server.watch.element-limit = 65536 (default)
2019-09-20 04:49:07,372 [3c2a6bfe-f5c5-4e23-89b0-850dab17697d:group-90D72DBC01DC:LeaderElection68] INFO  impl.RoleInfo (RoleInfo.java:updateAndGet(143)) - 3c2a6bfe-f5c5-4e23-89b0-850dab17697d: start LeaderState
2019-09-20 04:49:07,372 [bd1a845e-f2ed-4713-9516-9ccc20139040:group-6DA10368C7E2:LeaderElection67] INFO  impl.RoleInfo (RoleInfo.java:updateAndGet(143)) - bd1a845e-f2ed-4713-9516-9ccc20139040: start LeaderState
2019-09-20 04:49:07,372 [3c2a6bfe-f5c5-4e23-89b0-850dab17697d:group-90D72DBC01DC:LeaderElection68] INFO  segmented.SegmentedRaftLogWorker (SegmentedRaftLogWorker.java:startLogSegment(380)) - 3c2a6bfe-f5c5-4e23-89b0-850dab17697d-SegmentedRaftLogWorker:Storage Directory /workdir/hadoop-ozone/integration-test/target/test-dir/MiniOzoneClusterImpl-cd85f641-6806-455e-b969-480e50aec385/datanode-4/data/ratis/13dbdbeb-874e-4979-861f-90d72dbc01dc: Starting segment from index:0
2019-09-20 04:49:07,372 [bd1a845e-f2ed-4713-9516-9ccc20139040:group-6DA10368C7E2:LeaderElection67] INFO  segmented.SegmentedRaftLogWorker (SegmentedRaftLogWorker.java:startLogSegment(380)) - bd1a845e-f2ed-4713-9516-9ccc20139040-SegmentedRaftLogWorker:Storage Directory /workdir/hadoop-ozone/integration-test/target/test-dir/MiniOzoneClusterImpl-cd85f641-6806-455e-b969-480e50aec385/datanode-5/data/ratis/0a8b4f40-6dc4-45f7-876d-6da10368c7e2: Starting segment from index:0
2019-09-20 04:49:07,373 [3c2a6bfe-f5c5-4e23-89b0-850dab17697d:group-90D72DBC01DC:LeaderElection68] INFO  impl.RaftServerImpl (ServerState.java:setRaftConf(361)) - 3c2a6bfe-f5c5-4e23-89b0-850dab17697d:group-90D72DBC01DC set configuration 0: [3c2a6bfe-f5c5-4e23-89b0-850dab17697d:192.168.36.79:38430], old=null at 0
2019-09-20 04:49:07,964 [Thread-791] INFO  impl.FollowerState (FollowerState.java:run(106)) - dba845b8-ea76-4e09-ab03-0883d354e493:group-BA79495F1C9A changes to CANDIDATE, lastRpcTime:5199, electionTimeout:5005ms
2019-09-20 04:49:07,964 [Thread-788] INFO  impl.FollowerState (FollowerState.java:run(106)) - bd1a845e-f2ed-4713-9516-9ccc20139040:group-FC8F2E007A42 changes to CANDIDATE, lastRpcTime:5266, electionTimeout:5199ms
2019-09-20 04:49:07,962 [Thread-780] WARN  util.JavaUtils (JavaUtils.java:sleep(250)) - Unexpected long sleep: sleep(5169ms) actually took 5570ms which is over the threshold 300ms
2019-09-20 04:49:07,964 | INFO  | SCMAudit | user=jenkins1000 | ip=192.168.36.79 | op=SEND_HEARTBEAT {datanodeUUID=c4f6294c-eda3-4afd-81f7-e69ed14da69f, command=[]} | ret=SUCCESS |  
2019-09-20 04:49:07,964 | INFO  | SCMAudit | user=jenkins1000 | ip=192.168.36.79 | op=SEND_HEARTBEAT {datanodeUUID=dba845b8-ea76-4e09-ab03-0883d354e493, command=[]} | ret=SUCCESS |  
2019-09-20 04:49:07,962 [Thread-785] INFO  impl.FollowerState (FollowerState.java:run(106)) - dba845b8-ea76-4e09-ab03-0883d354e493:group-70B1A3DC31DA changes to CANDIDATE, lastRpcTime:5350, electionTimeout:5070ms
2019-09-20 04:49:07,965 | INFO  | SCMAudit | user=jenkins1000 | ip=192.168.36.79 | op=GET_VERSION null | ret=SUCCESS |  
2019-09-20 04:49:07,965 [Thread-785] INFO  impl.RoleInfo (RoleInfo.java:shutdownFollowerState(121)) - dba845b8-ea76-4e09-ab03-0883d354e493: shutdown FollowerState
2019-09-20 04:49:07,965 | INFO  | SCMAudit | user=jenkins1000 | ip=192.168.36.79 | op=GET_VERSION null | ret=SUCCESS |  
2019-09-20 04:49:07,965 [Thread-785] INFO  impl.RaftServerImpl (RaftServerImpl.java:setRole(171)) - dba845b8-ea76-4e09-ab03-0883d354e493:group-70B1A3DC31DA changes role from FOLLOWER to CANDIDATE at term 0 for changeToCandidate
2019-09-20 04:49:07,964 [Thread-788] INFO  impl.RoleInfo (RoleInfo.java:shutdownFollowerState(121)) - bd1a845e-f2ed-4713-9516-9ccc20139040: shutdown FollowerState
2019-09-20 04:49:07,964 [Thread-791] INFO  impl.RoleInfo (RoleInfo.java:shutdownFollowerState(121)) - dba845b8-ea76-4e09-ab03-0883d354e493: shutdown FollowerState
2019-09-20 04:49:07,973 [Thread-791] INFO  impl.RaftServerImpl (RaftServerImpl.java:setRole(171)) - dba845b8-ea76-4e09-ab03-0883d354e493:group-BA79495F1C9A changes role from FOLLOWER to CANDIDATE at term 0 for changeToCandidate
2019-09-20 04:49:07,973 [Thread-791] INFO  impl.RoleInfo (RoleInfo.java:updateAndGet(143)) - dba845b8-ea76-4e09-ab03-0883d354e493: start LeaderElection
2019-09-20 04:49:07,964 [bd1a845e-f2ed-4713-9516-9ccc20139040:group-6DA10368C7E2:LeaderElection67] INFO  impl.RaftServerImpl (ServerState.java:setRaftConf(361)) - bd1a845e-f2ed-4713-9516-9ccc20139040:group-6DA10368C7E2 set configuration 0: [bd1a845e-f2ed-4713-9516-9ccc20139040:192.168.36.79:45373], old=null at 0
2019-09-20 04:49:07,973 [Thread-788] INFO  impl.RaftServerImpl (RaftServerImpl.java:setRole(171)) - bd1a845e-f2ed-4713-9516-9ccc20139040:group-FC8F2E007A42 changes role from FOLLOWER to CANDIDATE at term 0 for changeToCandidate
2019-09-20 04:49:07,974 [Thread-788] INFO  impl.RoleInfo (RoleInfo.java:updateAndGet(143)) - bd1a845e-f2ed-4713-9516-9ccc20139040: start LeaderElection
2019-09-20 04:49:07,973 [Thread-785] INFO  impl.RoleInfo (RoleInfo.java:updateAndGet(143)) - dba845b8-ea76-4e09-ab03-0883d354e493: start LeaderElection
2019-09-20 04:49:07,991 [bd1a845e-f2ed-4713-9516-9ccc20139040:group-FC8F2E007A42:LeaderElection71] INFO  impl.LeaderElection (LeaderElection.java:askForVotes(181)) - bd1a845e-f2ed-4713-9516-9ccc20139040:group-FC8F2E007A42:LeaderElection71: begin an election at term 1 for -1: [bd1a845e-f2ed-4713-9516-9ccc20139040:192.168.36.79:45373], old=null
2019-09-20 04:49:07,991 [dba845b8-ea76-4e09-ab03-0883d354e493:group-BA79495F1C9A:LeaderElection70] INFO  impl.LeaderElection (LeaderElection.java:askForVotes(181)) - dba845b8-ea76-4e09-ab03-0883d354e493:group-BA79495F1C9A:LeaderElection70: begin an election at term 1 for -1: [dba845b8-ea76-4e09-ab03-0883d354e493:192.168.36.79:39392], old=null
2019-09-20 04:49:07,991 [Datanode State Machine Thread - 0] INFO  ozoneimpl.OzoneContainer (OzoneContainer.java:start(186)) - Attempting to start container services.
2019-09-20 04:49:07,991 [Datanode State Machine Thread - 0] INFO  ozoneimpl.OzoneContainer (OzoneContainer.java:start(186)) - Attempting to start container services.
2019-09-20 04:49:07,991 [dba845b8-ea76-4e09-ab03-0883d354e493:group-70B1A3DC31DA:LeaderElection69] INFO  impl.LeaderElection (LeaderElection.java:askForVotes(181)) - dba845b8-ea76-4e09-ab03-0883d354e493:group-70B1A3DC31DA:LeaderElection69: begin an election at term 1 for -1: [dba845b8-ea76-4e09-ab03-0883d354e493:192.168.36.79:39392], old=null
2019-09-20 04:49:07,991 [Datanode State Machine Thread - 0] INFO  ozoneimpl.OzoneContainer (OzoneContainer.java:startContainerScrub(160)) - Background container scrubber has been disabled by hdds.containerscrub.enabled
2019-09-20 04:49:07,991 [Datanode State Machine Thread - 0] INFO  ozoneimpl.OzoneContainer (OzoneContainer.java:startContainerScrub(160)) - Background container scrubber has been disabled by hdds.containerscrub.enabled
2019-09-20 04:49:07,991 [dba845b8-ea76-4e09-ab03-0883d354e493:group-BA79495F1C9A:LeaderElection70] INFO  impl.RoleInfo (RoleInfo.java:shutdownLeaderElection(134)) - dba845b8-ea76-4e09-ab03-0883d354e493: shutdown LeaderElection
2019-09-20 04:49:07,992 [dba845b8-ea76-4e09-ab03-0883d354e493:group-BA79495F1C9A:LeaderElection70] INFO  impl.RaftServerImpl (RaftServerImpl.java:setRole(171)) - dba845b8-ea76-4e09-ab03-0883d354e493:group-BA79495F1C9A changes role from CANDIDATE to LEADER at term 1 for changeToLeader
2019-09-20 04:49:07,991 [bd1a845e-f2ed-4713-9516-9ccc20139040:group-FC8F2E007A42:LeaderElection71] INFO  impl.RoleInfo (RoleInfo.java:shutdownLeaderElection(134)) - bd1a845e-f2ed-4713-9516-9ccc20139040: shutdown LeaderElection
2019-09-20 04:49:07,992 [dba845b8-ea76-4e09-ab03-0883d354e493:group-BA79495F1C9A:LeaderElection70] INFO  impl.RaftServerImpl (ServerState.java:setLeader(263)) - dba845b8-ea76-4e09-ab03-0883d354e493:group-BA79495F1C9A change Leader from null to dba845b8-ea76-4e09-ab03-0883d354e493 at term 1 for becomeLeader, leader elected after 5231ms
2019-09-20 04:49:07,992 [Datanode State Machine Thread - 0] INFO  ratis.XceiverServerRatis (XceiverServerRatis.java:start(404)) - Starting XceiverServerRatis f4e549ee-a6fa-4eb9-8541-129d0566fdf5 at port 0
2019-09-20 04:49:07,992 [Datanode State Machine Thread - 0] INFO  ratis.XceiverServerRatis (XceiverServerRatis.java:start(404)) - Starting XceiverServerRatis 8538cd65-7926-426b-8bad-fbd0f0550f9a at port 0
2019-09-20 04:49:07,991 [dba845b8-ea76-4e09-ab03-0883d354e493:group-70B1A3DC31DA:LeaderElection69] INFO  impl.RoleInfo (RoleInfo.java:shutdownLeaderElection(134)) - dba845b8-ea76-4e09-ab03-0883d354e493: shutdown LeaderElection
2019-09-20 04:49:07,992 [dba845b8-ea76-4e09-ab03-0883d354e493:group-BA79495F1C9A:LeaderElection70] INFO  server.RaftServerConfigKeys (ConfUtils.java:logGet(43)) - raft.server.staging.catchup.gap = 1000 (default)
2019-09-20 04:49:07,992 [bd1a845e-f2ed-4713-9516-9ccc20139040:group-FC8F2E007A42:LeaderElection71] INFO  impl.RaftServerImpl (RaftServerImpl.java:setRole(171)) - bd1a845e-f2ed-4713-9516-9ccc20139040:group-FC8F2E007A42 changes role from CANDIDATE to LEADER at term 1 for changeToLeader
2019-09-20 04:49:07,992 [dba845b8-ea76-4e09-ab03-0883d354e493:group-BA79495F1C9A:LeaderElection70] INFO  server.RaftServerConfigKeys (ConfUtils.java:logGet(43)) - raft.server.rpc.sleep.time = 25ms (default)
2019-09-20 04:49:07,992 [dba845b8-ea76-4e09-ab03-0883d354e493:group-70B1A3DC31DA:LeaderElection69] INFO  impl.RaftServerImpl (RaftServerImpl.java:setRole(171)) - dba845b8-ea76-4e09-ab03-0883d354e493:group-70B1A3DC31DA changes role from CANDIDATE to LEADER at term 1 for changeToLeader
2019-09-20 04:49:07,993 [bd1a845e-f2ed-4713-9516-9ccc20139040:group-FC8F2E007A42:LeaderElection71] INFO  impl.RaftServerImpl (ServerState.java:setLeader(263)) - bd1a845e-f2ed-4713-9516-9ccc20139040:group-FC8F2E007A42 change Leader from null to bd1a845e-f2ed-4713-9516-9ccc20139040 at term 1 for becomeLeader, leader elected after 5299ms
2019-09-20 04:49:07,993 [dba845b8-ea76-4e09-ab03-0883d354e493:group-BA79495F1C9A:LeaderElection70] INFO  server.RaftServerConfigKeys (ConfUtils.java:logGet(43)) - raft.server.write.element-limit = 4096 (default)
2019-09-20 04:49:07,993 [dba845b8-ea76-4e09-ab03-0883d354e493:group-70B1A3DC31DA:LeaderElection69] INFO  impl.RaftServerImpl (ServerState.java:setLeader(263)) - dba845b8-ea76-4e09-ab03-0883d354e493:group-70B1A3DC31DA change Leader from null to dba845b8-ea76-4e09-ab03-0883d354e493 at term 1 for becomeLeader, leader elected after 5385ms
2019-09-20 04:49:07,993 [dba845b8-ea76-4e09-ab03-0883d354e493:group-BA79495F1C9A:LeaderElection70] INFO  server.RaftServerConfigKeys (ConfUtils.java:logGet(43)) - raft.server.watch.timeout = 10s (default)
2019-09-20 04:49:07,993 [dba845b8-ea76-4e09-ab03-0883d354e493:group-70B1A3DC31DA:LeaderElection69] INFO  server.RaftServerConfigKeys (ConfUtils.java:logGet(43)) - raft.server.staging.catchup.gap = 1000 (default)
2019-09-20 04:49:07,993 [bd1a845e-f2ed-4713-9516-9ccc20139040:group-FC8F2E007A42:LeaderElection71] INFO  server.RaftServerConfigKeys (ConfUtils.java:logGet(43)) - raft.server.staging.catchup.gap = 1000 (default)
2019-09-20 04:49:07,993 [dba845b8-ea76-4e09-ab03-0883d354e493:group-70B1A3DC31DA:LeaderElection69] INFO  server.RaftServerConfigKeys (ConfUtils.java:logGet(43)) - raft.server.rpc.sleep.time = 25ms (default)
2019-09-20 04:49:07,993 [dba845b8-ea76-4e09-ab03-0883d354e493:group-BA79495F1C9A:LeaderElection70] INFO  server.RaftServerConfigKeys (ConfUtils.java:logGet(43)) - raft.server.watch.timeout.denomination = 1s (default)
2019-09-20 04:49:07,994 [dba845b8-ea76-4e09-ab03-0883d354e493:group-70B1A3DC31DA:LeaderElection69] INFO  server.RaftServerConfigKeys (ConfUtils.java:logGet(43)) - raft.server.write.element-limit = 4096 (default)
2019-09-20 04:49:07,994 [bd1a845e-f2ed-4713-9516-9ccc20139040:group-FC8F2E007A42:LeaderElection71] INFO  server.RaftServerConfigKeys (ConfUtils.java:logGet(43)) - raft.server.rpc.sleep.time = 25ms (default)
2019-09-20 04:49:07,994 [dba845b8-ea76-4e09-ab03-0883d354e493:group-70B1A3DC31DA:LeaderElection69] INFO  server.RaftServerConfigKeys (ConfUtils.java:logGet(43)) - raft.server.watch.timeout = 10s (default)
2019-09-20 04:49:07,994 [dba845b8-ea76-4e09-ab03-0883d354e493:group-BA79495F1C9A:LeaderElection70] INFO  server.RaftServerConfigKeys (ConfUtils.java:logGet(43)) - raft.server.watch.element-limit = 65536 (default)
2019-09-20 04:49:07,994 [dba845b8-ea76-4e09-ab03-0883d354e493:group-70B1A3DC31DA:LeaderElection69] INFO  server.RaftServerConfigKeys (ConfUtils.java:logGet(43)) - raft.server.watch.timeout.denomination = 1s (default)
2019-09-20 04:49:07,994 [bd1a845e-f2ed-4713-9516-9ccc20139040:group-FC8F2E007A42:LeaderElection71] INFO  server.RaftServerConfigKeys (ConfUtils.java:logGet(43)) - raft.server.write.element-limit = 4096 (default)
2019-09-20 04:49:07,994 [dba845b8-ea76-4e09-ab03-0883d354e493:group-BA79495F1C9A:LeaderElection70] INFO  impl.RoleInfo (RoleInfo.java:updateAndGet(143)) - dba845b8-ea76-4e09-ab03-0883d354e493: start LeaderState
2019-09-20 04:49:07,994 [dba845b8-ea76-4e09-ab03-0883d354e493:group-70B1A3DC31DA:LeaderElection69] INFO  server.RaftServerConfigKeys (ConfUtils.java:logGet(43)) - raft.server.watch.element-limit = 65536 (default)
2019-09-20 04:49:07,995 [bd1a845e-f2ed-4713-9516-9ccc20139040:group-FC8F2E007A42:LeaderElection71] INFO  server.RaftServerConfigKeys (ConfUtils.java:logGet(43)) - raft.server.watch.timeout = 10s (default)
2019-09-20 04:49:07,995 [dba845b8-ea76-4e09-ab03-0883d354e493:group-70B1A3DC31DA:LeaderElection69] INFO  impl.RoleInfo (RoleInfo.java:updateAndGet(143)) - dba845b8-ea76-4e09-ab03-0883d354e493: start LeaderState
2019-09-20 04:49:07,995 [dba845b8-ea76-4e09-ab03-0883d354e493:group-BA79495F1C9A:LeaderElection70] INFO  segmented.SegmentedRaftLogWorker (SegmentedRaftLogWorker.java:startLogSegment(380)) - dba845b8-ea76-4e09-ab03-0883d354e493-SegmentedRaftLogWorker:Storage Directory /workdir/hadoop-ozone/integration-test/target/test-dir/MiniOzoneClusterImpl-cd85f641-6806-455e-b969-480e50aec385/datanode-6/data/ratis/c591313b-b74e-4b38-a51c-ba79495f1c9a: Starting segment from index:0
2019-09-20 04:49:07,995 [dba845b8-ea76-4e09-ab03-0883d354e493:group-70B1A3DC31DA:LeaderElection69] INFO  segmented.SegmentedRaftLogWorker (SegmentedRaftLogWorker.java:startLogSegment(380)) - dba845b8-ea76-4e09-ab03-0883d354e493-SegmentedRaftLogWorker:Storage Directory /workdir/hadoop-ozone/integration-test/target/test-dir/MiniOzoneClusterImpl-cd85f641-6806-455e-b969-480e50aec385/datanode-6/data/ratis/b6278fde-a18a-4a63-9480-70b1a3dc31da: Starting segment from index:0
2019-09-20 04:49:07,995 [bd1a845e-f2ed-4713-9516-9ccc20139040:group-FC8F2E007A42:LeaderElection71] INFO  server.RaftServerConfigKeys (ConfUtils.java:logGet(43)) - raft.server.watch.timeout.denomination = 1s (default)
2019-09-20 04:49:07,995 [bd1a845e-f2ed-4713-9516-9ccc20139040:group-FC8F2E007A42:LeaderElection71] INFO  server.RaftServerConfigKeys (ConfUtils.java:logGet(43)) - raft.server.watch.element-limit = 65536 (default)
2019-09-20 04:49:07,996 [bd1a845e-f2ed-4713-9516-9ccc20139040:group-FC8F2E007A42:LeaderElection71] INFO  impl.RoleInfo (RoleInfo.java:updateAndGet(143)) - bd1a845e-f2ed-4713-9516-9ccc20139040: start LeaderState
2019-09-20 04:49:07,996 [dba845b8-ea76-4e09-ab03-0883d354e493:group-BA79495F1C9A:LeaderElection70] INFO  impl.RaftServerImpl (ServerState.java:setRaftConf(361)) - dba845b8-ea76-4e09-ab03-0883d354e493:group-BA79495F1C9A set configuration 0: [dba845b8-ea76-4e09-ab03-0883d354e493:192.168.36.79:39392], old=null at 0
2019-09-20 04:49:08,550 | INFO  | SCMAudit | user=jenkins1000 | ip=192.168.36.79 | op=GET_VERSION null | ret=SUCCESS |  
2019-09-20 04:49:08,551 | INFO  | SCMAudit | user=jenkins1000 | ip=192.168.36.79 | op=SEND_HEARTBEAT {datanodeUUID=bd1a845e-f2ed-4713-9516-9ccc20139040, command=[]} | ret=SUCCESS |  
2019-09-20 04:49:08,551 | INFO  | SCMAudit | user=jenkins1000 | ip=192.168.36.79 | op=SEND_HEARTBEAT {datanodeUUID=ba95d636-ac34-4b74-a102-dec8d0f377c6, command=[]} | ret=SUCCESS |  
2019-09-20 04:49:08,551 | INFO  | SCMAudit | user=jenkins1000 | ip=192.168.36.79 | op=SEND_HEARTBEAT {datanodeUUID=fdbc37f2-9e58-4bac-a5d5-a78839d012e9, command=[]} | ret=SUCCESS |  
2019-09-20 04:49:07,996 [bd1a845e-f2ed-4713-9516-9ccc20139040:group-FC8F2E007A42:LeaderElection71] INFO  segmented.SegmentedRaftLogWorker (SegmentedRaftLogWorker.java:startLogSegment(380)) - bd1a845e-f2ed-4713-9516-9ccc20139040-SegmentedRaftLogWorker:Storage Directory /workdir/hadoop-ozone/integration-test/target/test-dir/MiniOzoneClusterImpl-cd85f641-6806-455e-b969-480e50aec385/datanode-5/data/ratis/83ca4007-5456-4e7f-b31d-fc8f2e007a42: Starting segment from index:0
2019-09-20 04:49:08,551 | INFO  | SCMAudit | user=jenkins1000 | ip=192.168.36.79 | op=SEND_HEARTBEAT {datanodeUUID=236eed40-dd97-4fdc-a0ae-ab99685a426b, command=[]} | ret=SUCCESS |  
2019-09-20 04:49:08,551 | INFO  | SCMAudit | user=jenkins1000 | ip=192.168.36.79 | op=SEND_HEARTBEAT {datanodeUUID=1d91ad97-6666-4ee7-855a-8b5e944e7401, command=[]} | ret=SUCCESS |  
2019-09-20 04:49:08,551 | INFO  | SCMAudit | user=jenkins1000 | ip=192.168.36.79 | op=SEND_HEARTBEAT {datanodeUUID=8d97392c-5f4b-400a-94a1-fb61a3ebbc99, command=[]} | ret=SUCCESS |  
2019-09-20 04:49:08,551 | INFO  | SCMAudit | user=jenkins1000 | ip=192.168.36.79 | op=SEND_HEARTBEAT {datanodeUUID=2d6465ef-cffa-473a-a4c6-a9aa3f1a26c0, command=[]} | ret=SUCCESS |  
2019-09-20 04:49:08,551 | INFO  | SCMAudit | user=jenkins1000 | ip=192.168.36.79 | op=SEND_HEARTBEAT {datanodeUUID=2702b462-69d8-4c1b-aae1-091a21fe08b8, command=[]} | ret=SUCCESS |  
2019-09-20 04:49:08,551 [Thread-794] WARN  util.JavaUtils (JavaUtils.java:sleep(250)) - Unexpected long sleep: sleep(5193ms) actually took 5711ms which is over the threshold 300ms
2019-09-20 04:49:08,551 | INFO  | SCMAudit | user=jenkins1000 | ip=192.168.36.79 | op=SEND_HEARTBEAT {datanodeUUID=ea71b9af-1075-4196-9693-aa14e10f536d, command=[]} | ret=SUCCESS |  
2019-09-20 04:49:08,551 [Thread-797] WARN  util.JavaUtils (JavaUtils.java:sleep(250)) - Unexpected long sleep: sleep(5181ms) actually took 5626ms which is over the threshold 300ms
2019-09-20 04:49:08,551 [Thread-804] WARN  util.JavaUtils (JavaUtils.java:sleep(250)) - Unexpected long sleep: sleep(5082ms) actually took 5475ms which is over the threshold 300ms
2019-09-20 04:49:08,551 [Thread-800] WARN  util.JavaUtils (JavaUtils.java:sleep(250)) - Unexpected long sleep: sleep(5150ms) actually took 5536ms which is over the threshold 300ms
2019-09-20 04:49:08,550 [Thread-807] WARN  util.JavaUtils (JavaUtils.java:sleep(250)) - Unexpected long sleep: sleep(5045ms) actually took 5407ms which is over the threshold 300ms
2019-09-20 04:49:08,552 [bd1a845e-f2ed-4713-9516-9ccc20139040:group-FC8F2E007A42:LeaderElection71] INFO  impl.RaftServerImpl (ServerState.java:setRaftConf(361)) - bd1a845e-f2ed-4713-9516-9ccc20139040:group-FC8F2E007A42 set configuration 0: [bd1a845e-f2ed-4713-9516-9ccc20139040:192.168.36.79:45373], old=null at 0
2019-09-20 04:49:08,551 [dba845b8-ea76-4e09-ab03-0883d354e493:group-70B1A3DC31DA:LeaderElection69] INFO  impl.RaftServerImpl (ServerState.java:setRaftConf(361)) - dba845b8-ea76-4e09-ab03-0883d354e493:group-70B1A3DC31DA set configuration 0: [dba845b8-ea76-4e09-ab03-0883d354e493:192.168.36.79:39392], old=null at 0
2019-09-20 04:49:08,552 [Thread-810] INFO  impl.FollowerState (FollowerState.java:run(106)) - dba845b8-ea76-4e09-ab03-0883d354e493:group-B12F52E3B071 changes to CANDIDATE, lastRpcTime:5343, electionTimeout:5127ms
2019-09-20 04:49:08,553 [Thread-810] INFO  impl.RoleInfo (RoleInfo.java:shutdownFollowerState(121)) - dba845b8-ea76-4e09-ab03-0883d354e493: shutdown FollowerState
2019-09-20 04:49:08,553 [Thread-810] INFO  impl.RaftServerImpl (RaftServerImpl.java:setRole(171)) - dba845b8-ea76-4e09-ab03-0883d354e493:group-B12F52E3B071 changes role from FOLLOWER to CANDIDATE at term 0 for changeToCandidate
2019-09-20 04:49:08,553 | INFO  | SCMAudit | user=jenkins1000 | ip=192.168.36.79 | op=SEND_HEARTBEAT {datanodeUUID=eaf3ecbe-c3b1-4969-ad3a-e4de7fb04f81, command=[]} | ret=SUCCESS |  
2019-09-20 04:49:08,554 | INFO  | SCMAudit | user=jenkins1000 | ip=192.168.36.79 | op=SEND_HEARTBEAT {datanodeUUID=3c2a6bfe-f5c5-4e23-89b0-850dab17697d, command=[]} | ret=SUCCESS |  
2019-09-20 04:49:08,554 [Thread-810] INFO  impl.RoleInfo (RoleInfo.java:updateAndGet(143)) - dba845b8-ea76-4e09-ab03-0883d354e493: start LeaderElection
2019-09-20 04:49:08,872 | INFO  | SCMAudit | user=jenkins1000 | ip=192.168.36.79 | op=SEND_HEARTBEAT {datanodeUUID=42fc6e92-fcdd-4827-b621-9fc58a3d2315, command=[]} | ret=SUCCESS |  
2019-09-20 04:49:08,871 [fdbc37f2-9e58-4bac-a5d5-a78839d012e9-SegmentedRaftLogWorker:Storage Directory /workdir/hadoop-ozone/integration-test/target/test-dir/MiniOzoneClusterImpl-cd85f641-6806-455e-b969-480e50aec385/datanode-3/data/ratis/4f6ec537-00e7-498c-8f87-9fddaba26caf] ERROR segmented.SegmentedRaftLogWorker (SegmentedRaftLogWorker.java:run(323)) - fdbc37f2-9e58-4bac-a5d5-a78839d012e9-SegmentedRaftLogWorker:Storage Directory /workdir/hadoop-ozone/integration-test/target/test-dir/MiniOzoneClusterImpl-cd85f641-6806-455e-b969-480e50aec385/datanode-3/data/ratis/4f6ec537-00e7-498c-8f87-9fddaba26caf hit exception
java.lang.OutOfMemoryError: Direct buffer memory
	at java.nio.Bits.reserveMemory(Bits.java:666)
	at java.nio.DirectByteBuffer.<init>(DirectByteBuffer.java:123)
	at java.nio.ByteBuffer.allocateDirect(ByteBuffer.java:311)
	at org.apache.ratis.server.raftlog.segmented.BufferedWriteChannel.<init>(BufferedWriteChannel.java:41)
	at org.apache.ratis.server.raftlog.segmented.SegmentedRaftLogOutputStream.<init>(SegmentedRaftLogOutputStream.java:72)
	at org.apache.ratis.server.raftlog.segmented.SegmentedRaftLogWorker$StartLogSegment.execute(SegmentedRaftLogWorker.java:566)
	at org.apache.ratis.server.raftlog.segmented.SegmentedRaftLogWorker.run(SegmentedRaftLogWorker.java:289)
	at java.lang.Thread.run(Thread.java:748)
2019-09-20 04:49:08,872 [Datanode State Machine Thread - 0] INFO  ozoneimpl.OzoneContainer (OzoneContainer.java:start(186)) - Attempting to start container services.
2019-09-20 04:49:08,872 [Datanode State Machine Thread - 0] INFO  ozoneimpl.OzoneContainer (OzoneContainer.java:startContainerScrub(160)) - Background container scrubber has been disabled by hdds.containerscrub.enabled
2019-09-20 04:49:08,871 [bd1a845e-f2ed-4713-9516-9ccc20139040-SegmentedRaftLogWorker:Storage Directory /workdir/hadoop-ozone/integration-test/target/test-dir/MiniOzoneClusterImpl-cd85f641-6806-455e-b969-480e50aec385/datanode-5/data/ratis/85407ae7-1698-4431-b3fb-c2ae75f8f8e7] ERROR segmented.SegmentedRaftLogWorker (SegmentedRaftLogWorker.java:run(323)) - bd1a845e-f2ed-4713-9516-9ccc20139040-SegmentedRaftLogWorker:Storage Directory /workdir/hadoop-ozone/integration-test/target/test-dir/MiniOzoneClusterImpl-cd85f641-6806-455e-b969-480e50aec385/datanode-5/data/ratis/85407ae7-1698-4431-b3fb-c2ae75f8f8e7 hit exception
java.lang.OutOfMemoryError: Direct buffer memory
	at java.nio.Bits.reserveMemory(Bits.java:666)
	at java.nio.DirectByteBuffer.<init>(DirectByteBuffer.java:123)
	at java.nio.ByteBuffer.allocateDirect(ByteBuffer.java:311)
	at org.apache.ratis.server.raftlog.segmented.BufferedWriteChannel.<init>(BufferedWriteChannel.java:41)
	at org.apache.ratis.server.raftlog.segmented.SegmentedRaftLogOutputStream.<init>(SegmentedRaftLogOutputStream.java:72)
	at org.apache.ratis.server.raftlog.segmented.SegmentedRaftLogWorker$StartLogSegment.execute(SegmentedRaftLogWorker.java:566)
	at org.apache.ratis.server.raftlog.segmented.SegmentedRaftLogWorker.run(SegmentedRaftLogWorker.java:289)
	at java.lang.Thread.run(Thread.java:748)
2019-09-20 04:49:08,872 [Datanode State Machine Thread - 0] INFO  ratis.XceiverServerRatis (XceiverServerRatis.java:start(404)) - Starting XceiverServerRatis 5ea19b84-5385-4ae9-8412-c4cfa929b172 at port 0
2019-09-20 04:49:08,873 [fdbc37f2-9e58-4bac-a5d5-a78839d012e9-SegmentedRaftLogWorker:Storage Directory /workdir/hadoop-ozone/integration-test/target/test-dir/MiniOzoneClusterImpl-cd85f641-6806-455e-b969-480e50aec385/datanode-3/data/ratis/4f6ec537-00e7-498c-8f87-9fddaba26caf] INFO  impl.RaftServerImpl (RaftServerImpl.java:lambda$shutdown$3(245)) - fdbc37f2-9e58-4bac-a5d5-a78839d012e9: shutdown group-9FDDABA26CAF
2019-09-20 04:49:08,873 [bd1a845e-f2ed-4713-9516-9ccc20139040-SegmentedRaftLogWorker:Storage Directory /workdir/hadoop-ozone/integration-test/target/test-dir/MiniOzoneClusterImpl-cd85f641-6806-455e-b969-480e50aec385/datanode-5/data/ratis/85407ae7-1698-4431-b3fb-c2ae75f8f8e7] INFO  impl.RaftServerImpl (RaftServerImpl.java:lambda$shutdown$3(245)) - bd1a845e-f2ed-4713-9516-9ccc20139040: shutdown group-C2AE75F8F8E7
2019-09-20 04:49:08,874 [fdbc37f2-9e58-4bac-a5d5-a78839d012e9-SegmentedRaftLogWorker:Storage Directory /workdir/hadoop-ozone/integration-test/target/test-dir/MiniOzoneClusterImpl-cd85f641-6806-455e-b969-480e50aec385/datanode-3/data/ratis/4f6ec537-00e7-498c-8f87-9fddaba26caf] INFO  util.JmxRegister (JmxRegister.java:unregister(73)) - Successfully un-registered JMX Bean with object name Ratis:service=RaftServer,group=group-9FDDABA26CAF,id=fdbc37f2-9e58-4bac-a5d5-a78839d012e9
2019-09-20 04:49:08,874 [bd1a845e-f2ed-4713-9516-9ccc20139040-SegmentedRaftLogWorker:Storage Directory /workdir/hadoop-ozone/integration-test/target/test-dir/MiniOzoneClusterImpl-cd85f641-6806-455e-b969-480e50aec385/datanode-5/data/ratis/85407ae7-1698-4431-b3fb-c2ae75f8f8e7] INFO  util.JmxRegister (JmxRegister.java:unregister(73)) - Successfully un-registered JMX Bean with object name Ratis:service=RaftServer,group=group-C2AE75F8F8E7,id=bd1a845e-f2ed-4713-9516-9ccc20139040
2019-09-20 04:49:08,874 [fdbc37f2-9e58-4bac-a5d5-a78839d012e9-SegmentedRaftLogWorker:Storage Directory /workdir/hadoop-ozone/integration-test/target/test-dir/MiniOzoneClusterImpl-cd85f641-6806-455e-b969-480e50aec385/datanode-3/data/ratis/4f6ec537-00e7-498c-8f87-9fddaba26caf] INFO  impl.RoleInfo (RoleInfo.java:shutdownLeaderState(104)) - fdbc37f2-9e58-4bac-a5d5-a78839d012e9: shutdown LeaderState
2019-09-20 04:49:08,874 [bd1a845e-f2ed-4713-9516-9ccc20139040-SegmentedRaftLogWorker:Storage Directory /workdir/hadoop-ozone/integration-test/target/test-dir/MiniOzoneClusterImpl-cd85f641-6806-455e-b969-480e50aec385/datanode-5/data/ratis/85407ae7-1698-4431-b3fb-c2ae75f8f8e7] INFO  impl.RoleInfo (RoleInfo.java:shutdownLeaderState(104)) - bd1a845e-f2ed-4713-9516-9ccc20139040: shutdown LeaderState
2019-09-20 04:49:08,875 [fdbc37f2-9e58-4bac-a5d5-a78839d012e9-SegmentedRaftLogWorker:Storage Directory /workdir/hadoop-ozone/integration-test/target/test-dir/MiniOzoneClusterImpl-cd85f641-6806-455e-b969-480e50aec385/datanode-3/data/ratis/4f6ec537-00e7-498c-8f87-9fddaba26caf] INFO  impl.PendingRequests (PendingRequests.java:sendNotLeaderResponses(202)) - fdbc37f2-9e58-4bac-a5d5-a78839d012e9-PendingRequests: sendNotLeaderResponses
2019-09-20 04:49:08,875 [bd1a845e-f2ed-4713-9516-9ccc20139040-SegmentedRaftLogWorker:Storage Directory /workdir/hadoop-ozone/integration-test/target/test-dir/MiniOzoneClusterImpl-cd85f641-6806-455e-b969-480e50aec385/datanode-5/data/ratis/85407ae7-1698-4431-b3fb-c2ae75f8f8e7] INFO  impl.PendingRequests (PendingRequests.java:sendNotLeaderResponses(202)) - bd1a845e-f2ed-4713-9516-9ccc20139040-PendingRequests: sendNotLeaderResponses
2019-09-20 04:49:08,881 [fdbc37f2-9e58-4bac-a5d5-a78839d012e9-SegmentedRaftLogWorker:Storage Directory /workdir/hadoop-ozone/integration-test/target/test-dir/MiniOzoneClusterImpl-cd85f641-6806-455e-b969-480e50aec385/datanode-3/data/ratis/4f6ec537-00e7-498c-8f87-9fddaba26caf] INFO  impl.StateMachineUpdater (StateMachineUpdater.java:stopAndJoin(115)) - StateMachineUpdater:fdbc37f2-9e58-4bac-a5d5-a78839d012e9:group-9FDDABA26CAF: set stopIndex = -1
2019-09-20 04:49:08,881 [bd1a845e-f2ed-4713-9516-9ccc20139040-SegmentedRaftLogWorker:Storage Directory /workdir/hadoop-ozone/integration-test/target/test-dir/MiniOzoneClusterImpl-cd85f641-6806-455e-b969-480e50aec385/datanode-5/data/ratis/85407ae7-1698-4431-b3fb-c2ae75f8f8e7] INFO  impl.StateMachineUpdater (StateMachineUpdater.java:stopAndJoin(115)) - StateMachineUpdater:bd1a845e-f2ed-4713-9516-9ccc20139040:group-C2AE75F8F8E7: set stopIndex = -1
2019-09-20 04:49:08,884 [Datanode State Machine Thread - 0] INFO  impl.RaftServerProxy (RaftServerProxy.java:lambda$start$3(299)) - 8538cd65-7926-426b-8bad-fbd0f0550f9a: start RPC server
2019-09-20 04:49:08,884 [fdbc37f2-9e58-4bac-a5d5-a78839d012e9-SegmentedRaftLogWorker:Storage Directory /workdir/hadoop-ozone/integration-test/target/test-dir/MiniOzoneClusterImpl-cd85f641-6806-455e-b969-480e50aec385/datanode-3/data/ratis/4f6ec537-00e7-498c-8f87-9fddaba26caf] INFO  impl.RaftServerImpl (ServerState.java:close(394)) - fdbc37f2-9e58-4bac-a5d5-a78839d012e9:group-9FDDABA26CAF closes. The last applied log index is -1
2019-09-20 04:49:08,884 [bd1a845e-f2ed-4713-9516-9ccc20139040-SegmentedRaftLogWorker:Storage Directory /workdir/hadoop-ozone/integration-test/target/test-dir/MiniOzoneClusterImpl-cd85f641-6806-455e-b969-480e50aec385/datanode-5/data/ratis/85407ae7-1698-4431-b3fb-c2ae75f8f8e7] INFO  impl.RaftServerImpl (ServerState.java:close(394)) - bd1a845e-f2ed-4713-9516-9ccc20139040:group-C2AE75F8F8E7 closes. The last applied log index is -1
2019-09-20 04:49:08,886 [Datanode State Machine Thread - 0] INFO  server.GrpcService (GrpcService.java:startImpl(149)) - 8538cd65-7926-426b-8bad-fbd0f0550f9a: GrpcService started, listening on 0.0.0.0/0.0.0.0:37381
2019-09-20 04:49:08,886 [Datanode State Machine Thread - 0] INFO  ratis.XceiverServerRatis (XceiverServerRatis.java:start(414)) - XceiverServerRatis 8538cd65-7926-426b-8bad-fbd0f0550f9a is started using port 37381
2019-09-20 04:49:08,886 [bd1a845e-f2ed-4713-9516-9ccc20139040-SegmentedRaftLogWorker:Storage Directory /workdir/hadoop-ozone/integration-test/target/test-dir/MiniOzoneClusterImpl-cd85f641-6806-455e-b969-480e50aec385/datanode-5/data/ratis/85407ae7-1698-4431-b3fb-c2ae75f8f8e7] INFO  segmented.SegmentedRaftLogWorker (SegmentedRaftLogWorker.java:close(228)) - bd1a845e-f2ed-4713-9516-9ccc20139040-SegmentedRaftLogWorker:Storage Directory /workdir/hadoop-ozone/integration-test/target/test-dir/MiniOzoneClusterImpl-cd85f641-6806-455e-b969-480e50aec385/datanode-5/data/ratis/85407ae7-1698-4431-b3fb-c2ae75f8f8e7 close()
2019-09-20 04:49:08,886 [fdbc37f2-9e58-4bac-a5d5-a78839d012e9-SegmentedRaftLogWorker:Storage Directory /workdir/hadoop-ozone/integration-test/target/test-dir/MiniOzoneClusterImpl-cd85f641-6806-455e-b969-480e50aec385/datanode-3/data/ratis/4f6ec537-00e7-498c-8f87-9fddaba26caf] INFO  segmented.SegmentedRaftLogWorker (SegmentedRaftLogWorker.java:close(228)) - fdbc37f2-9e58-4bac-a5d5-a78839d012e9-SegmentedRaftLogWorker:Storage Directory /workdir/hadoop-ozone/integration-test/target/test-dir/MiniOzoneClusterImpl-cd85f641-6806-455e-b969-480e50aec385/datanode-3/data/ratis/4f6ec537-00e7-498c-8f87-9fddaba26caf close()
2019-09-20 04:49:08,890 [Datanode State Machine Thread - 0] INFO  server.XceiverServerGrpc (XceiverServerGrpc.java:start(163)) - XceiverServerGrpc 8538cd65-7926-426b-8bad-fbd0f0550f9a is started using port 33913
2019-09-20 04:49:08,894 [Datanode State Machine Thread - 0] INFO  impl.RaftServerProxy (RaftServerProxy.java:lambda$start$3(299)) - f4e549ee-a6fa-4eb9-8541-129d0566fdf5: start RPC server
2019-09-20 04:49:08,894 [Datanode State Machine Thread - 0] INFO  server.GrpcService (GrpcService.java:startImpl(149)) - f4e549ee-a6fa-4eb9-8541-129d0566fdf5: GrpcService started, listening on 0.0.0.0/0.0.0.0:40144
2019-09-20 04:49:08,895 [Datanode State Machine Thread - 0] INFO  ratis.XceiverServerRatis (XceiverServerRatis.java:start(414)) - XceiverServerRatis f4e549ee-a6fa-4eb9-8541-129d0566fdf5 is started using port 40144
2019-09-20 04:49:08,895 [Datanode State Machine Thread - 0] INFO  server.XceiverServerGrpc (XceiverServerGrpc.java:start(163)) - XceiverServerGrpc f4e549ee-a6fa-4eb9-8541-129d0566fdf5 is started using port 41656
2019-09-20 04:49:08,896 [Datanode State Machine Thread - 0] INFO  impl.RaftServerProxy (RaftServerProxy.java:lambda$start$3(299)) - 5ea19b84-5385-4ae9-8412-c4cfa929b172: start RPC server
2019-09-20 04:49:08,896 [Datanode State Machine Thread - 0] INFO  server.GrpcService (GrpcService.java:startImpl(149)) - 5ea19b84-5385-4ae9-8412-c4cfa929b172: GrpcService started, listening on 0.0.0.0/0.0.0.0:33428
2019-09-20 04:49:08,896 [Datanode State Machine Thread - 0] INFO  ratis.XceiverServerRatis (XceiverServerRatis.java:start(414)) - XceiverServerRatis 5ea19b84-5385-4ae9-8412-c4cfa929b172 is started using port 33428
2019-09-20 04:49:08,896 [Datanode State Machine Thread - 0] INFO  server.XceiverServerGrpc (XceiverServerGrpc.java:start(163)) - XceiverServerGrpc 5ea19b84-5385-4ae9-8412-c4cfa929b172 is started using port 36485
2019-09-20 04:49:08,916 [dba845b8-ea76-4e09-ab03-0883d354e493:group-B12F52E3B071:LeaderElection72] INFO  impl.LeaderElection (LeaderElection.java:askForVotes(181)) - dba845b8-ea76-4e09-ab03-0883d354e493:group-B12F52E3B071:LeaderElection72: begin an election at term 1 for -1: [dba845b8-ea76-4e09-ab03-0883d354e493:192.168.36.79:39392], old=null
2019-09-20 04:49:08,916 [dba845b8-ea76-4e09-ab03-0883d354e493:group-B12F52E3B071:LeaderElection72] INFO  impl.RoleInfo (RoleInfo.java:shutdownLeaderElection(134)) - dba845b8-ea76-4e09-ab03-0883d354e493: shutdown LeaderElection
2019-09-20 04:49:08,916 [dba845b8-ea76-4e09-ab03-0883d354e493:group-B12F52E3B071:LeaderElection72] INFO  impl.RaftServerImpl (RaftServerImpl.java:setRole(171)) - dba845b8-ea76-4e09-ab03-0883d354e493:group-B12F52E3B071 changes role from CANDIDATE to LEADER at term 1 for changeToLeader
2019-09-20 04:49:08,916 [dba845b8-ea76-4e09-ab03-0883d354e493:group-B12F52E3B071:LeaderElection72] INFO  impl.RaftServerImpl (ServerState.java:setLeader(263)) - dba845b8-ea76-4e09-ab03-0883d354e493:group-B12F52E3B071 change Leader from null to dba845b8-ea76-4e09-ab03-0883d354e493 at term 1 for becomeLeader, leader elected after 5710ms
2019-09-20 04:49:08,916 [dba845b8-ea76-4e09-ab03-0883d354e493:group-B12F52E3B071:LeaderElection72] INFO  server.RaftServerConfigKeys (ConfUtils.java:logGet(43)) - raft.server.staging.catchup.gap = 1000 (default)
2019-09-20 04:49:08,917 [dba845b8-ea76-4e09-ab03-0883d354e493:group-B12F52E3B071:LeaderElection72] INFO  server.RaftServerConfigKeys (ConfUtils.java:logGet(43)) - raft.server.rpc.sleep.time = 25ms (default)
2019-09-20 04:49:08,917 [dba845b8-ea76-4e09-ab03-0883d354e493:group-B12F52E3B071:LeaderElection72] INFO  server.RaftServerConfigKeys (ConfUtils.java:logGet(43)) - raft.server.write.element-limit = 4096 (default)
2019-09-20 04:49:08,917 [dba845b8-ea76-4e09-ab03-0883d354e493:group-B12F52E3B071:LeaderElection72] INFO  server.RaftServerConfigKeys (ConfUtils.java:logGet(43)) - raft.server.watch.timeout = 10s (default)
2019-09-20 04:49:08,917 [dba845b8-ea76-4e09-ab03-0883d354e493:group-B12F52E3B071:LeaderElection72] INFO  server.RaftServerConfigKeys (ConfUtils.java:logGet(43)) - raft.server.watch.timeout.denomination = 1s (default)
2019-09-20 04:49:08,917 [dba845b8-ea76-4e09-ab03-0883d354e493:group-B12F52E3B071:LeaderElection72] INFO  server.RaftServerConfigKeys (ConfUtils.java:logGet(43)) - raft.server.watch.element-limit = 65536 (default)
2019-09-20 04:49:08,917 [dba845b8-ea76-4e09-ab03-0883d354e493:group-B12F52E3B071:LeaderElection72] INFO  impl.RoleInfo (RoleInfo.java:updateAndGet(143)) - dba845b8-ea76-4e09-ab03-0883d354e493: start LeaderState
2019-09-20 04:49:08,917 [dba845b8-ea76-4e09-ab03-0883d354e493:group-B12F52E3B071:LeaderElection72] INFO  segmented.SegmentedRaftLogWorker (SegmentedRaftLogWorker.java:startLogSegment(380)) - dba845b8-ea76-4e09-ab03-0883d354e493-SegmentedRaftLogWorker:Storage Directory /workdir/hadoop-ozone/integration-test/target/test-dir/MiniOzoneClusterImpl-cd85f641-6806-455e-b969-480e50aec385/datanode-6/data/ratis/4146dea1-d3f6-4b67-8303-b12f52e3b071: Starting segment from index:0
2019-09-20 04:49:08,918 [dba845b8-ea76-4e09-ab03-0883d354e493:group-B12F52E3B071:LeaderElection72] INFO  impl.RaftServerImpl (ServerState.java:setRaftConf(361)) - dba845b8-ea76-4e09-ab03-0883d354e493:group-B12F52E3B071 set configuration 0: [dba845b8-ea76-4e09-ab03-0883d354e493:192.168.36.79:39392], old=null at 0
2019-09-20 04:49:09,201 [c4f6294c-eda3-4afd-81f7-e69ed14da69f-SegmentedRaftLogWorker:Storage Directory /workdir/hadoop-ozone/integration-test/target/test-dir/MiniOzoneClusterImpl-cd85f641-6806-455e-b969-480e50aec385/datanode-2/data/ratis/44bc599d-ff66-408f-94d6-1a1b717ad336] ERROR segmented.SegmentedRaftLogWorker (SegmentedRaftLogWorker.java:run(323)) - c4f6294c-eda3-4afd-81f7-e69ed14da69f-SegmentedRaftLogWorker:Storage Directory /workdir/hadoop-ozone/integration-test/target/test-dir/MiniOzoneClusterImpl-cd85f641-6806-455e-b969-480e50aec385/datanode-2/data/ratis/44bc599d-ff66-408f-94d6-1a1b717ad336 hit exception
java.lang.OutOfMemoryError: Direct buffer memory
	at java.nio.Bits.reserveMemory(Bits.java:666)
	at java.nio.DirectByteBuffer.<init>(DirectByteBuffer.java:123)
	at java.nio.ByteBuffer.allocateDirect(ByteBuffer.java:311)
	at org.apache.ratis.server.raftlog.segmented.BufferedWriteChannel.<init>(BufferedWriteChannel.java:41)
	at org.apache.ratis.server.raftlog.segmented.SegmentedRaftLogOutputStream.<init>(SegmentedRaftLogOutputStream.java:72)
	at org.apache.ratis.server.raftlog.segmented.SegmentedRaftLogWorker$StartLogSegment.execute(SegmentedRaftLogWorker.java:566)
	at org.apache.ratis.server.raftlog.segmented.SegmentedRaftLogWorker.run(SegmentedRaftLogWorker.java:289)
	at java.lang.Thread.run(Thread.java:748)
2019-09-20 04:49:09,207 | INFO  | SCMAudit | user=jenkins1000 | ip=192.168.36.79 | op=SEND_HEARTBEAT {datanodeUUID=c4f6294c-eda3-4afd-81f7-e69ed14da69f, command=[]} | ret=SUCCESS |  
2019-09-20 04:49:09,207 | INFO  | SCMAudit | user=jenkins1000 | ip=192.168.36.79 | op=SEND_HEARTBEAT {datanodeUUID=dba845b8-ea76-4e09-ab03-0883d354e493, command=[]} | ret=SUCCESS |  
2019-09-20 04:49:09,207 [c4f6294c-eda3-4afd-81f7-e69ed14da69f-SegmentedRaftLogWorker:Storage Directory /workdir/hadoop-ozone/integration-test/target/test-dir/MiniOzoneClusterImpl-cd85f641-6806-455e-b969-480e50aec385/datanode-2/data/ratis/44bc599d-ff66-408f-94d6-1a1b717ad336] INFO  impl.RaftServerImpl (RaftServerImpl.java:lambda$shutdown$3(245)) - c4f6294c-eda3-4afd-81f7-e69ed14da69f: shutdown group-1A1B717AD336
2019-09-20 04:49:09,208 [c4f6294c-eda3-4afd-81f7-e69ed14da69f-SegmentedRaftLogWorker:Storage Directory /workdir/hadoop-ozone/integration-test/target/test-dir/MiniOzoneClusterImpl-cd85f641-6806-455e-b969-480e50aec385/datanode-2/data/ratis/44bc599d-ff66-408f-94d6-1a1b717ad336] INFO  util.JmxRegister (JmxRegister.java:unregister(73)) - Successfully un-registered JMX Bean with object name Ratis:service=RaftServer,group=group-1A1B717AD336,id=c4f6294c-eda3-4afd-81f7-e69ed14da69f
2019-09-20 04:49:09,208 [IPC Server handler 18 on 46304] INFO  net.NetworkTopology (NetworkTopologyImpl.java:add(110)) - Added a new node: /default-rack/eb30d72f-c0a8-4ecb-bfee-9120a9a6cddf
2019-09-20 04:49:09,208 [c4f6294c-eda3-4afd-81f7-e69ed14da69f-SegmentedRaftLogWorker:Storage Directory /workdir/hadoop-ozone/integration-test/target/test-dir/MiniOzoneClusterImpl-cd85f641-6806-455e-b969-480e50aec385/datanode-2/data/ratis/44bc599d-ff66-408f-94d6-1a1b717ad336] INFO  impl.RoleInfo (RoleInfo.java:shutdownLeaderState(104)) - c4f6294c-eda3-4afd-81f7-e69ed14da69f: shutdown LeaderState
2019-09-20 04:49:09,214 [IPC Server handler 18 on 46304] INFO  node.SCMNodeManager (SCMNodeManager.java:register(273)) - Registered Data node : eb30d72f-c0a8-4ecb-bfee-9120a9a6cddf{ip: 192.168.36.79, host: pr-hdds-1569-s8kj2-2266485376, networkLocation: /default-rack, certSerialId: null}
2019-09-20 04:49:09,214 [c4f6294c-eda3-4afd-81f7-e69ed14da69f-SegmentedRaftLogWorker:Storage Directory /workdir/hadoop-ozone/integration-test/target/test-dir/MiniOzoneClusterImpl-cd85f641-6806-455e-b969-480e50aec385/datanode-2/data/ratis/44bc599d-ff66-408f-94d6-1a1b717ad336] INFO  impl.PendingRequests (PendingRequests.java:sendNotLeaderResponses(202)) - c4f6294c-eda3-4afd-81f7-e69ed14da69f-PendingRequests: sendNotLeaderResponses
2019-09-20 04:49:09,215 [c4f6294c-eda3-4afd-81f7-e69ed14da69f-SegmentedRaftLogWorker:Storage Directory /workdir/hadoop-ozone/integration-test/target/test-dir/MiniOzoneClusterImpl-cd85f641-6806-455e-b969-480e50aec385/datanode-2/data/ratis/44bc599d-ff66-408f-94d6-1a1b717ad336] INFO  impl.StateMachineUpdater (StateMachineUpdater.java:stopAndJoin(115)) - StateMachineUpdater:c4f6294c-eda3-4afd-81f7-e69ed14da69f:group-1A1B717AD336: set stopIndex = -1
2019-09-20 04:49:09,215 [c4f6294c-eda3-4afd-81f7-e69ed14da69f-SegmentedRaftLogWorker:Storage Directory /workdir/hadoop-ozone/integration-test/target/test-dir/MiniOzoneClusterImpl-cd85f641-6806-455e-b969-480e50aec385/datanode-2/data/ratis/44bc599d-ff66-408f-94d6-1a1b717ad336] INFO  impl.RaftServerImpl (ServerState.java:close(394)) - c4f6294c-eda3-4afd-81f7-e69ed14da69f:group-1A1B717AD336 closes. The last applied log index is -1
2019-09-20 04:49:09,215 [EventQueue-NodeRegistrationContainerReportForDataNodeSafeModeRule] INFO  safemode.SCMSafeModeManager (DataNodeSafeModeRule.java:process(71)) - SCM in safe mode. 1 DataNodes registered, 1 required.
2019-09-20 04:49:09,215 [c4f6294c-eda3-4afd-81f7-e69ed14da69f-SegmentedRaftLogWorker:Storage Directory /workdir/hadoop-ozone/integration-test/target/test-dir/MiniOzoneClusterImpl-cd85f641-6806-455e-b969-480e50aec385/datanode-2/data/ratis/44bc599d-ff66-408f-94d6-1a1b717ad336] INFO  segmented.SegmentedRaftLogWorker (SegmentedRaftLogWorker.java:close(228)) - c4f6294c-eda3-4afd-81f7-e69ed14da69f-SegmentedRaftLogWorker:Storage Directory /workdir/hadoop-ozone/integration-test/target/test-dir/MiniOzoneClusterImpl-cd85f641-6806-455e-b969-480e50aec385/datanode-2/data/ratis/44bc599d-ff66-408f-94d6-1a1b717ad336 close()
2019-09-20 04:49:09,215 | INFO  | SCMAudit | user=jenkins1000 | ip=192.168.36.79 | op=REGISTER {datanodeDetails=eb30d72f-c0a8-4ecb-bfee-9120a9a6cddf{ip: 192.168.36.79, host: pr-hdds-1569-s8kj2-2266485376, networkLocation: /default-rack, certSerialId: null}} | ret=SUCCESS |  
2019-09-20 04:49:09,224 [EventQueue-NodeRegistrationContainerReportForContainerSafeModeRule] INFO  safemode.SCMSafeModeManager (SCMSafeModeManager.java:validateSafeModeExitRules(177)) - ScmSafeModeManager, all rules are successfully validated
2019-09-20 04:49:09,224 [EventQueue-NodeRegistrationContainerReportForContainerSafeModeRule] INFO  safemode.SCMSafeModeManager (SCMSafeModeManager.java:exitSafeMode(193)) - SCM exiting safe mode.
2019-09-20 04:49:09,241 [grpc-default-executor-0] INFO  impl.RaftServerProxy (RaftServerProxy.java:addNew(89)) - eb30d72f-c0a8-4ecb-bfee-9120a9a6cddf: addNew group-13071E6999E3:[eb30d72f-c0a8-4ecb-bfee-9120a9a6cddf:192.168.36.79:41740] returns group-13071E6999E3:java.util.concurrent.CompletableFuture@4d42f120[Not completed]
2019-09-20 04:49:09,242 [pool-218-thread-1] INFO  impl.RaftServerImpl (RaftServerImpl.java:<init>(93)) - eb30d72f-c0a8-4ecb-bfee-9120a9a6cddf: new RaftServerImpl for group-13071E6999E3:[eb30d72f-c0a8-4ecb-bfee-9120a9a6cddf:192.168.36.79:41740] with ContainerStateMachine:uninitialized
2019-09-20 04:49:09,242 [pool-218-thread-1] INFO  server.RaftServerConfigKeys (ConfUtils.java:logGet(43)) - raft.server.rpc.timeout.min = 5s (custom)
2019-09-20 04:49:09,242 [pool-218-thread-1] INFO  server.RaftServerConfigKeys (ConfUtils.java:logGet(43)) - raft.server.rpc.timeout.max = 5200ms (custom)
2019-09-20 04:49:09,242 [pool-218-thread-1] INFO  server.RaftServerConfigKeys (ConfUtils.java:logGet(43)) - raft.server.rpcslowness.timeout = 120s (custom)
2019-09-20 04:49:09,242 [pool-218-thread-1] INFO  server.RaftServerConfigKeys (ConfUtils.java:logGet(43)) - raft.server.sleep.deviation.threshold = 300 (default)
2019-09-20 04:49:09,242 [pool-218-thread-1] INFO  server.RaftServerConfigKeys (ConfUtils.java:logGet(43)) - raft.server.log.appender.install.snapshot.enabled = false (custom)
2019-09-20 04:49:09,242 [pool-218-thread-1] INFO  impl.RaftServerImpl (ServerState.java:<init>(105)) - eb30d72f-c0a8-4ecb-bfee-9120a9a6cddf:group-13071E6999E3 ConfigurationManager, init=-1: [eb30d72f-c0a8-4ecb-bfee-9120a9a6cddf:192.168.36.79:41740], old=null, confs=<EMPTY_MAP>
2019-09-20 04:49:09,242 [pool-218-thread-1] INFO  server.RaftServerConfigKeys (ConfUtils.java:logGet(43)) - raft.server.storage.dir = [/workdir/hadoop-ozone/integration-test/target/test-dir/MiniOzoneClusterImpl-bb3956c2-c4d1-403a-b406-f8ec73b3905b/datanode-0/data/ratis] (custom)
2019-09-20 04:49:09,243 [pool-218-thread-1] INFO  storage.RaftStorageDirectory (RaftStorageDirectory.java:analyzeStorage(246)) - The storage directory /workdir/hadoop-ozone/integration-test/target/test-dir/MiniOzoneClusterImpl-bb3956c2-c4d1-403a-b406-f8ec73b3905b/datanode-0/data/ratis/b878318d-387d-4125-b83e-13071e6999e3 does not exist. Creating ...
2019-09-20 04:49:09,266 [pool-218-thread-1] INFO  storage.RaftStorageDirectory (RaftStorageDirectory.java:tryLock(328)) - Lock on /workdir/hadoop-ozone/integration-test/target/test-dir/MiniOzoneClusterImpl-bb3956c2-c4d1-403a-b406-f8ec73b3905b/datanode-0/data/ratis/b878318d-387d-4125-b83e-13071e6999e3/in_use.lock acquired by nodename 9457@pr-hdds-1569-s8kj2-2266485376
2019-09-20 04:49:09,283 [pool-218-thread-1] INFO  storage.RaftStorage (RaftStorage.java:format(72)) - Storage directory /workdir/hadoop-ozone/integration-test/target/test-dir/MiniOzoneClusterImpl-bb3956c2-c4d1-403a-b406-f8ec73b3905b/datanode-0/data/ratis/b878318d-387d-4125-b83e-13071e6999e3 has been successfully formatted.
2019-09-20 04:49:09,284 [pool-218-thread-1] INFO  ratis.ContainerStateMachine (ContainerStateMachine.java:loadSnapshot(226)) - group-13071E6999E3: The snapshot info is null. Setting the last applied indexto:(t:0, i:~)
2019-09-20 04:49:09,284 [pool-218-thread-1] INFO  server.RaftServerConfigKeys (ConfUtils.java:logGet(43)) - raft.server.leader.election.timeout = 120s (custom)
2019-09-20 04:49:09,284 [pool-218-thread-1] INFO  server.RaftServerConfigKeys (ConfUtils.java:logGet(43)) - raft.server.log.use.memory = false (default)
2019-09-20 04:49:09,284 [pool-218-thread-1] INFO  server.RaftServerConfigKeys (ConfUtils.java:logGet(43)) - raft.server.log.purge.gap = 1000000 (custom)
2019-09-20 04:49:09,284 [pool-218-thread-1] INFO  server.RaftServerConfigKeys (ConfUtils.java:logGet(43)) - raft.server.log.appender.buffer.byte-limit = 33554432 (custom)
2019-09-20 04:49:09,284 [pool-218-thread-1] INFO  server.RaftServerConfigKeys (ConfUtils.java:logGet(43)) - raft.server.log.segment.size.max = 1048576 (custom)
2019-09-20 04:49:09,284 [pool-218-thread-1] INFO  server.RaftServerConfigKeys (ConfUtils.java:logGet(43)) - raft.server.log.segment.cache.num.max = 2 (custom)
2019-09-20 04:49:09,284 [pool-218-thread-1] INFO  segmented.SegmentedRaftLogWorker (SegmentedRaftLogWorker.java:<init>(172)) - new eb30d72f-c0a8-4ecb-bfee-9120a9a6cddf-SegmentedRaftLogWorker:Storage Directory /workdir/hadoop-ozone/integration-test/target/test-dir/MiniOzoneClusterImpl-bb3956c2-c4d1-403a-b406-f8ec73b3905b/datanode-0/data/ratis/b878318d-387d-4125-b83e-13071e6999e3 for RaftStorage:Storage Directory /workdir/hadoop-ozone/integration-test/target/test-dir/MiniOzoneClusterImpl-bb3956c2-c4d1-403a-b406-f8ec73b3905b/datanode-0/data/ratis/b878318d-387d-4125-b83e-13071e6999e3
2019-09-20 04:49:09,284 [pool-218-thread-1] INFO  server.RaftServerConfigKeys (ConfUtils.java:logGet(43)) - raft.server.log.queue.byte-limit = 2147483647 (custom)
2019-09-20 04:49:09,284 [pool-218-thread-1] INFO  server.RaftServerConfigKeys (ConfUtils.java:logGet(43)) - raft.server.log.queue.element-limit = 1024 (custom)
2019-09-20 04:49:09,285 [pool-218-thread-1] INFO  server.RaftServerConfigKeys (ConfUtils.java:logGet(43)) - raft.server.log.segment.size.max = 1048576 (custom)
2019-09-20 04:49:09,285 [pool-218-thread-1] INFO  server.RaftServerConfigKeys (ConfUtils.java:logGet(43)) - raft.server.log.preallocated.size = 16384 (custom)
2019-09-20 04:49:09,285 [pool-218-thread-1] INFO  server.RaftServerConfigKeys (ConfUtils.java:logGet(43)) - raft.server.log.write.buffer.size = 33554432 (custom)
2019-09-20 04:49:09,285 [pool-218-thread-1] INFO  server.RaftServerConfigKeys (ConfUtils.java:logGet(43)) - raft.server.log.force.sync.num = 128 (default)
2019-09-20 04:49:09,285 [pool-218-thread-1] INFO  server.RaftServerConfigKeys (ConfUtils.java:logGet(43)) - raft.server.log.statemachine.data.sync = true (default)
2019-09-20 04:49:09,285 [pool-218-thread-1] INFO  server.RaftServerConfigKeys (ConfUtils.java:logGet(43)) - raft.server.log.statemachine.data.sync.timeout = 10s (default)
2019-09-20 04:49:09,285 [pool-218-thread-1] INFO  server.RaftServerConfigKeys (ConfUtils.java:logGet(43)) - raft.server.log.statemachine.data.sync.timeout.retry = -1 (default)
2019-09-20 04:49:09,285 [pool-218-thread-1] INFO  server.RaftServerConfigKeys (ConfUtils.java:logGet(43)) - raft.server.log.statemachine.data.caching.enabled = true (custom)
2019-09-20 04:49:09,285 [pool-218-thread-1] INFO  segmented.SegmentedRaftLogWorker (SegmentedRaftLogWorker.java:lambda$new$0(132)) - eb30d72f-c0a8-4ecb-bfee-9120a9a6cddf-SegmentedRaftLogWorker:Storage Directory /workdir/hadoop-ozone/integration-test/target/test-dir/MiniOzoneClusterImpl-bb3956c2-c4d1-403a-b406-f8ec73b3905b/datanode-0/data/ratis/b878318d-387d-4125-b83e-13071e6999e3: flushIndex: setUnconditionally 0 -> -1
2019-09-20 04:49:09,286 [pool-218-thread-1] INFO  server.RaftServerConfigKeys (ConfUtils.java:logGet(43)) - raft.server.snapshot.auto.trigger.enabled = true (custom)
2019-09-20 04:49:09,286 [pool-218-thread-1] INFO  server.RaftServerConfigKeys (ConfUtils.java:logGet(43)) - raft.server.snapshot.auto.trigger.threshold = 10000 (custom)
2019-09-20 04:49:09,286 [pool-218-thread-1] INFO  server.RaftServerConfigKeys (ConfUtils.java:logGet(43)) - raft.server.retrycache.expirytime = 600000ms (custom)
2019-09-20 04:49:09,286 [pool-218-thread-1] INFO  impl.RaftServerImpl (RaftServerImpl.java:start(180)) - eb30d72f-c0a8-4ecb-bfee-9120a9a6cddf: start group-13071E6999E3
2019-09-20 04:49:09,286 [pool-218-thread-1] INFO  impl.RaftServerImpl (RaftServerImpl.java:setRole(171)) - eb30d72f-c0a8-4ecb-bfee-9120a9a6cddf:group-13071E6999E3 changes role from null to FOLLOWER at term 0 for startAsFollower
2019-09-20 04:49:09,286 [pool-218-thread-1] INFO  impl.RoleInfo (RoleInfo.java:updateAndGet(143)) - eb30d72f-c0a8-4ecb-bfee-9120a9a6cddf: start FollowerState
2019-09-20 04:49:09,286 [pool-218-thread-1] INFO  util.JmxRegister (JmxRegister.java:tryRegister(44)) - Successfully registered JMX Bean with object name Ratis:service=RaftServer,group=group-13071E6999E3,id=eb30d72f-c0a8-4ecb-bfee-9120a9a6cddf
2019-09-20 04:49:09,290 [RatisPipelineUtilsThread] INFO  pipeline.PipelineStateManager (PipelineStateManager.java:addPipeline(56)) - Created pipeline Pipeline[ Id: b878318d-387d-4125-b83e-13071e6999e3, Nodes: eb30d72f-c0a8-4ecb-bfee-9120a9a6cddf{ip: 192.168.36.79, host: pr-hdds-1569-s8kj2-2266485376, networkLocation: /default-rack, certSerialId: null}, Type:RATIS, Factor:ONE, State:OPEN]
2019-09-20 04:49:09,295 [grpc-default-executor-0] INFO  impl.RaftServerProxy (RaftServerProxy.java:addNew(89)) - eb30d72f-c0a8-4ecb-bfee-9120a9a6cddf: addNew group-F55D25781E97:[eb30d72f-c0a8-4ecb-bfee-9120a9a6cddf:192.168.36.79:41740] returns group-F55D25781E97:java.util.concurrent.CompletableFuture@6a6f0cf4[Not completed]
2019-09-20 04:49:09,296 [pool-218-thread-1] INFO  impl.RaftServerImpl (RaftServerImpl.java:<init>(93)) - eb30d72f-c0a8-4ecb-bfee-9120a9a6cddf: new RaftServerImpl for group-F55D25781E97:[eb30d72f-c0a8-4ecb-bfee-9120a9a6cddf:192.168.36.79:41740] with ContainerStateMachine:uninitialized
2019-09-20 04:49:09,296 [pool-218-thread-1] INFO  server.RaftServerConfigKeys (ConfUtils.java:logGet(43)) - raft.server.rpc.timeout.min = 5s (custom)
2019-09-20 04:49:09,296 [pool-218-thread-1] INFO  server.RaftServerConfigKeys (ConfUtils.java:logGet(43)) - raft.server.rpc.timeout.max = 5200ms (custom)
2019-09-20 04:49:09,297 [pool-218-thread-1] INFO  server.RaftServerConfigKeys (ConfUtils.java:logGet(43)) - raft.server.rpcslowness.timeout = 120s (custom)
2019-09-20 04:49:09,297 [pool-218-thread-1] INFO  server.RaftServerConfigKeys (ConfUtils.java:logGet(43)) - raft.server.sleep.deviation.threshold = 300 (default)
2019-09-20 04:49:09,297 [pool-218-thread-1] INFO  server.RaftServerConfigKeys (ConfUtils.java:logGet(43)) - raft.server.log.appender.install.snapshot.enabled = false (custom)
2019-09-20 04:49:09,297 [pool-218-thread-1] INFO  impl.RaftServerImpl (ServerState.java:<init>(105)) - eb30d72f-c0a8-4ecb-bfee-9120a9a6cddf:group-F55D25781E97 ConfigurationManager, init=-1: [eb30d72f-c0a8-4ecb-bfee-9120a9a6cddf:192.168.36.79:41740], old=null, confs=<EMPTY_MAP>
2019-09-20 04:49:09,297 [pool-218-thread-1] INFO  server.RaftServerConfigKeys (ConfUtils.java:logGet(43)) - raft.server.storage.dir = [/workdir/hadoop-ozone/integration-test/target/test-dir/MiniOzoneClusterImpl-bb3956c2-c4d1-403a-b406-f8ec73b3905b/datanode-0/data/ratis] (custom)
2019-09-20 04:49:09,298 [pool-218-thread-1] INFO  storage.RaftStorageDirectory (RaftStorageDirectory.java:analyzeStorage(246)) - The storage directory /workdir/hadoop-ozone/integration-test/target/test-dir/MiniOzoneClusterImpl-bb3956c2-c4d1-403a-b406-f8ec73b3905b/datanode-0/data/ratis/60ccd2a5-54cc-4ed3-9f21-f55d25781e97 does not exist. Creating ...
2019-09-20 04:49:09,317 [pool-218-thread-1] INFO  storage.RaftStorageDirectory (RaftStorageDirectory.java:tryLock(328)) - Lock on /workdir/hadoop-ozone/integration-test/target/test-dir/MiniOzoneClusterImpl-bb3956c2-c4d1-403a-b406-f8ec73b3905b/datanode-0/data/ratis/60ccd2a5-54cc-4ed3-9f21-f55d25781e97/in_use.lock acquired by nodename 9457@pr-hdds-1569-s8kj2-2266485376
2019-09-20 04:49:09,343 [pool-218-thread-1] INFO  storage.RaftStorage (RaftStorage.java:format(72)) - Storage directory /workdir/hadoop-ozone/integration-test/target/test-dir/MiniOzoneClusterImpl-bb3956c2-c4d1-403a-b406-f8ec73b3905b/datanode-0/data/ratis/60ccd2a5-54cc-4ed3-9f21-f55d25781e97 has been successfully formatted.
2019-09-20 04:49:09,343 | INFO  | ObjectStoreRestHttpServer | Listening HDDS REST traffic on /0.0.0.0:38483 |  
2019-09-20 04:49:09,343 [main] INFO  ozone.HddsDatanodeService (HddsDatanodeService.java:startPlugins(395)) - Started plug-in org.apache.hadoop.ozone.web.OzoneHddsDatanodeService@66d6e50b
2019-09-20 04:49:09,343 [pool-218-thread-1] INFO  ratis.ContainerStateMachine (ContainerStateMachine.java:loadSnapshot(226)) - group-F55D25781E97: The snapshot info is null. Setting the last applied indexto:(t:0, i:~)
2019-09-20 04:49:09,344 [main] INFO  impl.MetricsSystemImpl (MetricsSystemImpl.java:init(158)) - HddsDatanode metrics system started (again)
2019-09-20 04:49:09,344 [pool-218-thread-1] INFO  server.RaftServerConfigKeys (ConfUtils.java:logGet(43)) - raft.server.leader.election.timeout = 120s (custom)
2019-09-20 04:49:09,344 [pool-218-thread-1] INFO  server.RaftServerConfigKeys (ConfUtils.java:logGet(43)) - raft.server.log.use.memory = false (default)
2019-09-20 04:49:09,344 [pool-218-thread-1] INFO  server.RaftServerConfigKeys (ConfUtils.java:logGet(43)) - raft.server.log.purge.gap = 1000000 (custom)
2019-09-20 04:49:09,344 [pool-218-thread-1] INFO  server.RaftServerConfigKeys (ConfUtils.java:logGet(43)) - raft.server.log.appender.buffer.byte-limit = 33554432 (custom)
2019-09-20 04:49:09,344 [pool-218-thread-1] INFO  server.RaftServerConfigKeys (ConfUtils.java:logGet(43)) - raft.server.log.segment.size.max = 1048576 (custom)
2019-09-20 04:49:09,345 [pool-218-thread-1] INFO  server.RaftServerConfigKeys (ConfUtils.java:logGet(43)) - raft.server.log.segment.cache.num.max = 2 (custom)
2019-09-20 04:49:09,345 [pool-218-thread-1] INFO  segmented.SegmentedRaftLogWorker (SegmentedRaftLogWorker.java:<init>(172)) - new eb30d72f-c0a8-4ecb-bfee-9120a9a6cddf-SegmentedRaftLogWorker:Storage Directory /workdir/hadoop-ozone/integration-test/target/test-dir/MiniOzoneClusterImpl-bb3956c2-c4d1-403a-b406-f8ec73b3905b/datanode-0/data/ratis/60ccd2a5-54cc-4ed3-9f21-f55d25781e97 for RaftStorage:Storage Directory /workdir/hadoop-ozone/integration-test/target/test-dir/MiniOzoneClusterImpl-bb3956c2-c4d1-403a-b406-f8ec73b3905b/datanode-0/data/ratis/60ccd2a5-54cc-4ed3-9f21-f55d25781e97
2019-09-20 04:49:09,345 [pool-218-thread-1] INFO  server.RaftServerConfigKeys (ConfUtils.java:logGet(43)) - raft.server.log.queue.byte-limit = 2147483647 (custom)
2019-09-20 04:49:09,345 [pool-218-thread-1] INFO  server.RaftServerConfigKeys (ConfUtils.java:logGet(43)) - raft.server.log.queue.element-limit = 1024 (custom)
2019-09-20 04:49:09,345 [pool-218-thread-1] INFO  server.RaftServerConfigKeys (ConfUtils.java:logGet(43)) - raft.server.log.segment.size.max = 1048576 (custom)
2019-09-20 04:49:09,345 [pool-218-thread-1] INFO  server.RaftServerConfigKeys (ConfUtils.java:logGet(43)) - raft.server.log.preallocated.size = 16384 (custom)
2019-09-20 04:49:09,346 [pool-218-thread-1] INFO  server.RaftServerConfigKeys (ConfUtils.java:logGet(43)) - raft.server.log.write.buffer.size = 33554432 (custom)
2019-09-20 04:49:09,346 [pool-218-thread-1] INFO  server.RaftServerConfigKeys (ConfUtils.java:logGet(43)) - raft.server.log.force.sync.num = 128 (default)
2019-09-20 04:49:09,346 [pool-218-thread-1] INFO  server.RaftServerConfigKeys (ConfUtils.java:logGet(43)) - raft.server.log.statemachine.data.sync = true (default)
2019-09-20 04:49:09,346 [pool-218-thread-1] INFO  server.RaftServerConfigKeys (ConfUtils.java:logGet(43)) - raft.server.log.statemachine.data.sync.timeout = 10s (default)
2019-09-20 04:49:09,346 [pool-218-thread-1] INFO  server.RaftServerConfigKeys (ConfUtils.java:logGet(43)) - raft.server.log.statemachine.data.sync.timeout.retry = -1 (default)
2019-09-20 04:49:09,427 [pool-218-thread-1] INFO  server.RaftServerConfigKeys (ConfUtils.java:logGet(43)) - raft.server.log.statemachine.data.caching.enabled = true (custom)
2019-09-20 04:49:09,428 [org.apache.hadoop.util.JvmPauseMonitor$Monitor@4f6ae528] INFO  util.JvmPauseMonitor (JvmPauseMonitor.java:run(188)) - Starting JVM pause monitor
2019-09-20 04:49:09,428 [pool-218-thread-1] INFO  segmented.SegmentedRaftLogWorker (SegmentedRaftLogWorker.java:lambda$new$0(132)) - eb30d72f-c0a8-4ecb-bfee-9120a9a6cddf-SegmentedRaftLogWorker:Storage Directory /workdir/hadoop-ozone/integration-test/target/test-dir/MiniOzoneClusterImpl-bb3956c2-c4d1-403a-b406-f8ec73b3905b/datanode-0/data/ratis/60ccd2a5-54cc-4ed3-9f21-f55d25781e97: flushIndex: setUnconditionally 0 -> -1
2019-09-20 04:49:09,428 [pool-218-thread-1] INFO  server.RaftServerConfigKeys (ConfUtils.java:logGet(43)) - raft.server.snapshot.auto.trigger.enabled = true (custom)
2019-09-20 04:49:09,428 [pool-218-thread-1] INFO  server.RaftServerConfigKeys (ConfUtils.java:logGet(43)) - raft.server.snapshot.auto.trigger.threshold = 10000 (custom)
2019-09-20 04:49:09,429 [pool-218-thread-1] INFO  server.RaftServerConfigKeys (ConfUtils.java:logGet(43)) - raft.server.retrycache.expirytime = 600000ms (custom)
2019-09-20 04:49:09,429 [pool-218-thread-1] INFO  impl.RaftServerImpl (RaftServerImpl.java:start(180)) - eb30d72f-c0a8-4ecb-bfee-9120a9a6cddf: start group-F55D25781E97
2019-09-20 04:49:09,429 [pool-218-thread-1] INFO  impl.RaftServerImpl (RaftServerImpl.java:setRole(171)) - eb30d72f-c0a8-4ecb-bfee-9120a9a6cddf:group-F55D25781E97 changes role from null to FOLLOWER at term 0 for startAsFollower
2019-09-20 04:49:09,429 [Datanode State Machine Thread - 0] INFO  datanode.InitDatanodeState (InitDatanodeState.java:persistContainerDatanodeDetails(140)) - DatanodeDetails is persisted to /workdir/hadoop-ozone/integration-test/target/test-dir/MiniOzoneClusterImpl-bb3956c2-c4d1-403a-b406-f8ec73b3905b/datanode-4/meta/datanode.id
2019-09-20 04:49:09,429 [pool-218-thread-1] INFO  impl.RoleInfo (RoleInfo.java:updateAndGet(143)) - eb30d72f-c0a8-4ecb-bfee-9120a9a6cddf: start FollowerState
2019-09-20 04:49:09,430 [pool-218-thread-1] INFO  util.JmxRegister (JmxRegister.java:tryRegister(44)) - Successfully registered JMX Bean with object name Ratis:service=RaftServer,group=group-F55D25781E97,id=eb30d72f-c0a8-4ecb-bfee-9120a9a6cddf
2019-09-20 04:49:09,432 [RatisPipelineUtilsThread] INFO  pipeline.PipelineStateManager (PipelineStateManager.java:addPipeline(56)) - Created pipeline Pipeline[ Id: 60ccd2a5-54cc-4ed3-9f21-f55d25781e97, Nodes: eb30d72f-c0a8-4ecb-bfee-9120a9a6cddf{ip: 192.168.36.79, host: pr-hdds-1569-s8kj2-2266485376, networkLocation: /default-rack, certSerialId: null}, Type:RATIS, Factor:ONE, State:OPEN]
2019-09-20 04:49:09,433 [main] INFO  ozone.HddsDatanodeService (HddsDatanodeService.java:start(184)) - HddsDatanodeService host:pr-hdds-1569-s8kj2-2266485376 ip:192.168.36.79
2019-09-20 04:49:09,437 [grpc-default-executor-0] INFO  impl.RaftServerProxy (RaftServerProxy.java:addNew(89)) - eb30d72f-c0a8-4ecb-bfee-9120a9a6cddf: addNew group-56065ABA910B:[eb30d72f-c0a8-4ecb-bfee-9120a9a6cddf:192.168.36.79:41740] returns group-56065ABA910B:java.util.concurrent.CompletableFuture@61186db9[Not completed]
2019-09-20 04:49:09,438 [pool-218-thread-1] INFO  impl.RaftServerImpl (RaftServerImpl.java:<init>(93)) - eb30d72f-c0a8-4ecb-bfee-9120a9a6cddf: new RaftServerImpl for group-56065ABA910B:[eb30d72f-c0a8-4ecb-bfee-9120a9a6cddf:192.168.36.79:41740] with ContainerStateMachine:uninitialized
2019-09-20 04:49:09,438 [pool-218-thread-1] INFO  server.RaftServerConfigKeys (ConfUtils.java:logGet(43)) - raft.server.rpc.timeout.min = 5s (custom)
2019-09-20 04:49:09,439 [pool-218-thread-1] INFO  server.RaftServerConfigKeys (ConfUtils.java:logGet(43)) - raft.server.rpc.timeout.max = 5200ms (custom)
2019-09-20 04:49:09,439 [pool-218-thread-1] INFO  server.RaftServerConfigKeys (ConfUtils.java:logGet(43)) - raft.server.rpcslowness.timeout = 120s (custom)
2019-09-20 04:49:09,439 [pool-218-thread-1] INFO  server.RaftServerConfigKeys (ConfUtils.java:logGet(43)) - raft.server.sleep.deviation.threshold = 300 (default)
2019-09-20 04:49:09,439 [pool-218-thread-1] INFO  server.RaftServerConfigKeys (ConfUtils.java:logGet(43)) - raft.server.log.appender.install.snapshot.enabled = false (custom)
2019-09-20 04:49:09,439 [pool-218-thread-1] INFO  impl.RaftServerImpl (ServerState.java:<init>(105)) - eb30d72f-c0a8-4ecb-bfee-9120a9a6cddf:group-56065ABA910B ConfigurationManager, init=-1: [eb30d72f-c0a8-4ecb-bfee-9120a9a6cddf:192.168.36.79:41740], old=null, confs=<EMPTY_MAP>
2019-09-20 04:49:09,439 [pool-218-thread-1] INFO  server.RaftServerConfigKeys (ConfUtils.java:logGet(43)) - raft.server.storage.dir = [/workdir/hadoop-ozone/integration-test/target/test-dir/MiniOzoneClusterImpl-bb3956c2-c4d1-403a-b406-f8ec73b3905b/datanode-0/data/ratis] (custom)
2019-09-20 04:49:09,440 [pool-218-thread-1] INFO  storage.RaftStorageDirectory (RaftStorageDirectory.java:analyzeStorage(246)) - The storage directory /workdir/hadoop-ozone/integration-test/target/test-dir/MiniOzoneClusterImpl-bb3956c2-c4d1-403a-b406-f8ec73b3905b/datanode-0/data/ratis/41a5c070-d930-4254-8d2e-56065aba910b does not exist. Creating ...
2019-09-20 04:49:09,452 [main] INFO  volume.HddsVolume (HddsVolume.java:<init>(176)) - Creating Volume: /workdir/hadoop-ozone/integration-test/target/test-dir/MiniOzoneClusterImpl-bb3956c2-c4d1-403a-b406-f8ec73b3905b/datanode-5/data/containers/hdds of  storage type : DISK and capacity : 1482555576320
2019-09-20 04:49:09,455 [main] INFO  volume.VolumeSet (VolumeSet.java:initializeVolumeSet(170)) - Added Volume : /workdir/hadoop-ozone/integration-test/target/test-dir/MiniOzoneClusterImpl-bb3956c2-c4d1-403a-b406-f8ec73b3905b/datanode-5/data/containers/hdds to VolumeSet
2019-09-20 04:49:09,456 [main] INFO  volume.ThrottledAsyncChecker (ThrottledAsyncChecker.java:schedule(140)) - Scheduling a check for org.apache.hadoop.ozone.container.common.volume.HddsVolume@7615666e
2019-09-20 04:49:09,456 [main] INFO  volume.HddsVolumeChecker (HddsVolumeChecker.java:checkAllVolumes(203)) - Scheduled health check for volume org.apache.hadoop.ozone.container.common.volume.HddsVolume@7615666e
2019-09-20 04:49:09,456 [pool-218-thread-1] INFO  storage.RaftStorageDirectory (RaftStorageDirectory.java:tryLock(328)) - Lock on /workdir/hadoop-ozone/integration-test/target/test-dir/MiniOzoneClusterImpl-bb3956c2-c4d1-403a-b406-f8ec73b3905b/datanode-0/data/ratis/41a5c070-d930-4254-8d2e-56065aba910b/in_use.lock acquired by nodename 9457@pr-hdds-1569-s8kj2-2266485376
2019-09-20 04:49:09,461 [3c2a6bfe-f5c5-4e23-89b0-850dab17697d-SegmentedRaftLogWorker:Storage Directory /workdir/hadoop-ozone/integration-test/target/test-dir/MiniOzoneClusterImpl-cd85f641-6806-455e-b969-480e50aec385/datanode-4/data/ratis/9b67f4ea-0d0a-4943-8974-eb1044ba374c] ERROR segmented.SegmentedRaftLogWorker (SegmentedRaftLogWorker.java:run(323)) - 3c2a6bfe-f5c5-4e23-89b0-850dab17697d-SegmentedRaftLogWorker:Storage Directory /workdir/hadoop-ozone/integration-test/target/test-dir/MiniOzoneClusterImpl-cd85f641-6806-455e-b969-480e50aec385/datanode-4/data/ratis/9b67f4ea-0d0a-4943-8974-eb1044ba374c hit exception
java.lang.OutOfMemoryError: Direct buffer memory
	at java.nio.Bits.reserveMemory(Bits.java:666)
	at java.nio.DirectByteBuffer.<init>(DirectByteBuffer.java:123)
	at java.nio.ByteBuffer.allocateDirect(ByteBuffer.java:311)
	at org.apache.ratis.server.raftlog.segmented.BufferedWriteChannel.<init>(BufferedWriteChannel.java:41)
	at org.apache.ratis.server.raftlog.segmented.SegmentedRaftLogOutputStream.<init>(SegmentedRaftLogOutputStream.java:72)
	at org.apache.ratis.server.raftlog.segmented.SegmentedRaftLogWorker$StartLogSegment.execute(SegmentedRaftLogWorker.java:566)
	at org.apache.ratis.server.raftlog.segmented.SegmentedRaftLogWorker.run(SegmentedRaftLogWorker.java:289)
	at java.lang.Thread.run(Thread.java:748)
2019-09-20 04:49:09,461 [c4f6294c-eda3-4afd-81f7-e69ed14da69f-SegmentedRaftLogWorker:Storage Directory /workdir/hadoop-ozone/integration-test/target/test-dir/MiniOzoneClusterImpl-cd85f641-6806-455e-b969-480e50aec385/datanode-2/data/ratis/567a068f-1dae-4eec-b264-44eb19d97933] ERROR segmented.SegmentedRaftLogWorker (SegmentedRaftLogWorker.java:run(323)) - c4f6294c-eda3-4afd-81f7-e69ed14da69f-SegmentedRaftLogWorker:Storage Directory /workdir/hadoop-ozone/integration-test/target/test-dir/MiniOzoneClusterImpl-cd85f641-6806-455e-b969-480e50aec385/datanode-2/data/ratis/567a068f-1dae-4eec-b264-44eb19d97933 hit exception
java.lang.OutOfMemoryError: Direct buffer memory
	at java.nio.Bits.reserveMemory(Bits.java:666)
	at java.nio.DirectByteBuffer.<init>(DirectByteBuffer.java:123)
	at java.nio.ByteBuffer.allocateDirect(ByteBuffer.java:311)
	at org.apache.ratis.server.raftlog.segmented.BufferedWriteChannel.<init>(BufferedWriteChannel.java:41)
	at org.apache.ratis.server.raftlog.segmented.SegmentedRaftLogOutputStream.<init>(SegmentedRaftLogOutputStream.java:72)
	at org.apache.ratis.server.raftlog.segmented.SegmentedRaftLogWorker$StartLogSegment.execute(SegmentedRaftLogWorker.java:566)
	at org.apache.ratis.server.raftlog.segmented.SegmentedRaftLogWorker.run(SegmentedRaftLogWorker.java:289)
	at java.lang.Thread.run(Thread.java:748)
2019-09-20 04:49:09,461 [3c2a6bfe-f5c5-4e23-89b0-850dab17697d-SegmentedRaftLogWorker:Storage Directory /workdir/hadoop-ozone/integration-test/target/test-dir/MiniOzoneClusterImpl-cd85f641-6806-455e-b969-480e50aec385/datanode-4/data/ratis/9b67f4ea-0d0a-4943-8974-eb1044ba374c] INFO  impl.RaftServerImpl (RaftServerImpl.java:lambda$shutdown$3(245)) - 3c2a6bfe-f5c5-4e23-89b0-850dab17697d: shutdown group-EB1044BA374C
2019-09-20 04:49:09,462 [c4f6294c-eda3-4afd-81f7-e69ed14da69f-SegmentedRaftLogWorker:Storage Directory /workdir/hadoop-ozone/integration-test/target/test-dir/MiniOzoneClusterImpl-cd85f641-6806-455e-b969-480e50aec385/datanode-2/data/ratis/567a068f-1dae-4eec-b264-44eb19d97933] INFO  impl.RaftServerImpl (RaftServerImpl.java:lambda$shutdown$3(245)) - c4f6294c-eda3-4afd-81f7-e69ed14da69f: shutdown group-44EB19D97933
2019-09-20 04:49:09,462 [3c2a6bfe-f5c5-4e23-89b0-850dab17697d-SegmentedRaftLogWorker:Storage Directory /workdir/hadoop-ozone/integration-test/target/test-dir/MiniOzoneClusterImpl-cd85f641-6806-455e-b969-480e50aec385/datanode-4/data/ratis/9b67f4ea-0d0a-4943-8974-eb1044ba374c] INFO  util.JmxRegister (JmxRegister.java:unregister(73)) - Successfully un-registered JMX Bean with object name Ratis:service=RaftServer,group=group-EB1044BA374C,id=3c2a6bfe-f5c5-4e23-89b0-850dab17697d
2019-09-20 04:49:09,462 [c4f6294c-eda3-4afd-81f7-e69ed14da69f-SegmentedRaftLogWorker:Storage Directory /workdir/hadoop-ozone/integration-test/target/test-dir/MiniOzoneClusterImpl-cd85f641-6806-455e-b969-480e50aec385/datanode-2/data/ratis/567a068f-1dae-4eec-b264-44eb19d97933] INFO  util.JmxRegister (JmxRegister.java:unregister(73)) - Successfully un-registered JMX Bean with object name Ratis:service=RaftServer,group=group-44EB19D97933,id=c4f6294c-eda3-4afd-81f7-e69ed14da69f
2019-09-20 04:49:09,462 [3c2a6bfe-f5c5-4e23-89b0-850dab17697d-SegmentedRaftLogWorker:Storage Directory /workdir/hadoop-ozone/integration-test/target/test-dir/MiniOzoneClusterImpl-cd85f641-6806-455e-b969-480e50aec385/datanode-4/data/ratis/9b67f4ea-0d0a-4943-8974-eb1044ba374c] INFO  impl.RoleInfo (RoleInfo.java:shutdownLeaderState(104)) - 3c2a6bfe-f5c5-4e23-89b0-850dab17697d: shutdown LeaderState
2019-09-20 04:49:09,462 [c4f6294c-eda3-4afd-81f7-e69ed14da69f-SegmentedRaftLogWorker:Storage Directory /workdir/hadoop-ozone/integration-test/target/test-dir/MiniOzoneClusterImpl-cd85f641-6806-455e-b969-480e50aec385/datanode-2/data/ratis/567a068f-1dae-4eec-b264-44eb19d97933] INFO  impl.RoleInfo (RoleInfo.java:shutdownLeaderState(104)) - c4f6294c-eda3-4afd-81f7-e69ed14da69f: shutdown LeaderState
2019-09-20 04:49:09,462 [3c2a6bfe-f5c5-4e23-89b0-850dab17697d-SegmentedRaftLogWorker:Storage Directory /workdir/hadoop-ozone/integration-test/target/test-dir/MiniOzoneClusterImpl-cd85f641-6806-455e-b969-480e50aec385/datanode-4/data/ratis/9b67f4ea-0d0a-4943-8974-eb1044ba374c] INFO  impl.PendingRequests (PendingRequests.java:sendNotLeaderResponses(202)) - 3c2a6bfe-f5c5-4e23-89b0-850dab17697d-PendingRequests: sendNotLeaderResponses
2019-09-20 04:49:09,462 [c4f6294c-eda3-4afd-81f7-e69ed14da69f-SegmentedRaftLogWorker:Storage Directory /workdir/hadoop-ozone/integration-test/target/test-dir/MiniOzoneClusterImpl-cd85f641-6806-455e-b969-480e50aec385/datanode-2/data/ratis/567a068f-1dae-4eec-b264-44eb19d97933] INFO  impl.PendingRequests (PendingRequests.java:sendNotLeaderResponses(202)) - c4f6294c-eda3-4afd-81f7-e69ed14da69f-PendingRequests: sendNotLeaderResponses
2019-09-20 04:49:09,463 [3c2a6bfe-f5c5-4e23-89b0-850dab17697d-SegmentedRaftLogWorker:Storage Directory /workdir/hadoop-ozone/integration-test/target/test-dir/MiniOzoneClusterImpl-cd85f641-6806-455e-b969-480e50aec385/datanode-4/data/ratis/9b67f4ea-0d0a-4943-8974-eb1044ba374c] INFO  impl.StateMachineUpdater (StateMachineUpdater.java:stopAndJoin(115)) - StateMachineUpdater:3c2a6bfe-f5c5-4e23-89b0-850dab17697d:group-EB1044BA374C: set stopIndex = -1
2019-09-20 04:49:09,463 [c4f6294c-eda3-4afd-81f7-e69ed14da69f-SegmentedRaftLogWorker:Storage Directory /workdir/hadoop-ozone/integration-test/target/test-dir/MiniOzoneClusterImpl-cd85f641-6806-455e-b969-480e50aec385/datanode-2/data/ratis/567a068f-1dae-4eec-b264-44eb19d97933] INFO  impl.StateMachineUpdater (StateMachineUpdater.java:stopAndJoin(115)) - StateMachineUpdater:c4f6294c-eda3-4afd-81f7-e69ed14da69f:group-44EB19D97933: set stopIndex = -1
2019-09-20 04:49:09,463 [3c2a6bfe-f5c5-4e23-89b0-850dab17697d-SegmentedRaftLogWorker:Storage Directory /workdir/hadoop-ozone/integration-test/target/test-dir/MiniOzoneClusterImpl-cd85f641-6806-455e-b969-480e50aec385/datanode-4/data/ratis/9b67f4ea-0d0a-4943-8974-eb1044ba374c] INFO  impl.RaftServerImpl (ServerState.java:close(394)) - 3c2a6bfe-f5c5-4e23-89b0-850dab17697d:group-EB1044BA374C closes. The last applied log index is -1
2019-09-20 04:49:09,463 [c4f6294c-eda3-4afd-81f7-e69ed14da69f-SegmentedRaftLogWorker:Storage Directory /workdir/hadoop-ozone/integration-test/target/test-dir/MiniOzoneClusterImpl-cd85f641-6806-455e-b969-480e50aec385/datanode-2/data/ratis/567a068f-1dae-4eec-b264-44eb19d97933] INFO  impl.RaftServerImpl (ServerState.java:close(394)) - c4f6294c-eda3-4afd-81f7-e69ed14da69f:group-44EB19D97933 closes. The last applied log index is -1
2019-09-20 04:49:09,463 [3c2a6bfe-f5c5-4e23-89b0-850dab17697d-SegmentedRaftLogWorker:Storage Directory /workdir/hadoop-ozone/integration-test/target/test-dir/MiniOzoneClusterImpl-cd85f641-6806-455e-b969-480e50aec385/datanode-4/data/ratis/9b67f4ea-0d0a-4943-8974-eb1044ba374c] INFO  segmented.SegmentedRaftLogWorker (SegmentedRaftLogWorker.java:close(228)) - 3c2a6bfe-f5c5-4e23-89b0-850dab17697d-SegmentedRaftLogWorker:Storage Directory /workdir/hadoop-ozone/integration-test/target/test-dir/MiniOzoneClusterImpl-cd85f641-6806-455e-b969-480e50aec385/datanode-4/data/ratis/9b67f4ea-0d0a-4943-8974-eb1044ba374c close()
2019-09-20 04:49:09,463 [c4f6294c-eda3-4afd-81f7-e69ed14da69f-SegmentedRaftLogWorker:Storage Directory /workdir/hadoop-ozone/integration-test/target/test-dir/MiniOzoneClusterImpl-cd85f641-6806-455e-b969-480e50aec385/datanode-2/data/ratis/567a068f-1dae-4eec-b264-44eb19d97933] INFO  segmented.SegmentedRaftLogWorker (SegmentedRaftLogWorker.java:close(228)) - c4f6294c-eda3-4afd-81f7-e69ed14da69f-SegmentedRaftLogWorker:Storage Directory /workdir/hadoop-ozone/integration-test/target/test-dir/MiniOzoneClusterImpl-cd85f641-6806-455e-b969-480e50aec385/datanode-2/data/ratis/567a068f-1dae-4eec-b264-44eb19d97933 close()
2019-09-20 04:49:09,480 [pool-218-thread-1] INFO  storage.RaftStorage (RaftStorage.java:format(72)) - Storage directory /workdir/hadoop-ozone/integration-test/target/test-dir/MiniOzoneClusterImpl-bb3956c2-c4d1-403a-b406-f8ec73b3905b/datanode-0/data/ratis/41a5c070-d930-4254-8d2e-56065aba910b has been successfully formatted.
2019-09-20 04:49:09,481 [pool-218-thread-1] INFO  ratis.ContainerStateMachine (ContainerStateMachine.java:loadSnapshot(226)) - group-56065ABA910B: The snapshot info is null. Setting the last applied indexto:(t:0, i:~)
2019-09-20 04:49:09,481 [pool-218-thread-1] INFO  server.RaftServerConfigKeys (ConfUtils.java:logGet(43)) - raft.server.leader.election.timeout = 120s (custom)
2019-09-20 04:49:09,481 [pool-218-thread-1] INFO  server.RaftServerConfigKeys (ConfUtils.java:logGet(43)) - raft.server.log.use.memory = false (default)
2019-09-20 04:49:09,481 [pool-218-thread-1] INFO  server.RaftServerConfigKeys (ConfUtils.java:logGet(43)) - raft.server.log.purge.gap = 1000000 (custom)
2019-09-20 04:49:09,481 [pool-218-thread-1] INFO  server.RaftServerConfigKeys (ConfUtils.java:logGet(43)) - raft.server.log.appender.buffer.byte-limit = 33554432 (custom)
2019-09-20 04:49:09,482 [pool-218-thread-1] INFO  server.RaftServerConfigKeys (ConfUtils.java:logGet(43)) - raft.server.log.segment.size.max = 1048576 (custom)
2019-09-20 04:49:09,482 [pool-218-thread-1] INFO  server.RaftServerConfigKeys (ConfUtils.java:logGet(43)) - raft.server.log.segment.cache.num.max = 2 (custom)
2019-09-20 04:49:09,482 [pool-218-thread-1] INFO  segmented.SegmentedRaftLogWorker (SegmentedRaftLogWorker.java:<init>(172)) - new eb30d72f-c0a8-4ecb-bfee-9120a9a6cddf-SegmentedRaftLogWorker:Storage Directory /workdir/hadoop-ozone/integration-test/target/test-dir/MiniOzoneClusterImpl-bb3956c2-c4d1-403a-b406-f8ec73b3905b/datanode-0/data/ratis/41a5c070-d930-4254-8d2e-56065aba910b for RaftStorage:Storage Directory /workdir/hadoop-ozone/integration-test/target/test-dir/MiniOzoneClusterImpl-bb3956c2-c4d1-403a-b406-f8ec73b3905b/datanode-0/data/ratis/41a5c070-d930-4254-8d2e-56065aba910b
2019-09-20 04:49:09,482 [pool-218-thread-1] INFO  server.RaftServerConfigKeys (ConfUtils.java:logGet(43)) - raft.server.log.queue.byte-limit = 2147483647 (custom)
2019-09-20 04:49:09,482 [pool-218-thread-1] INFO  server.RaftServerConfigKeys (ConfUtils.java:logGet(43)) - raft.server.log.queue.element-limit = 1024 (custom)
2019-09-20 04:49:09,482 [pool-218-thread-1] INFO  server.RaftServerConfigKeys (ConfUtils.java:logGet(43)) - raft.server.log.segment.size.max = 1048576 (custom)
2019-09-20 04:49:09,483 [pool-218-thread-1] INFO  server.RaftServerConfigKeys (ConfUtils.java:logGet(43)) - raft.server.log.preallocated.size = 16384 (custom)
2019-09-20 04:49:09,483 [pool-218-thread-1] INFO  server.RaftServerConfigKeys (ConfUtils.java:logGet(43)) - raft.server.log.write.buffer.size = 33554432 (custom)
2019-09-20 04:49:09,483 [pool-218-thread-1] INFO  server.RaftServerConfigKeys (ConfUtils.java:logGet(43)) - raft.server.log.force.sync.num = 128 (default)
2019-09-20 04:49:09,483 [pool-218-thread-1] INFO  server.RaftServerConfigKeys (ConfUtils.java:logGet(43)) - raft.server.log.statemachine.data.sync = true (default)
2019-09-20 04:49:09,483 [pool-218-thread-1] INFO  server.RaftServerConfigKeys (ConfUtils.java:logGet(43)) - raft.server.log.statemachine.data.sync.timeout = 10s (default)
2019-09-20 04:49:09,483 [pool-218-thread-1] INFO  server.RaftServerConfigKeys (ConfUtils.java:logGet(43)) - raft.server.log.statemachine.data.sync.timeout.retry = -1 (default)
2019-09-20 04:49:09,483 [pool-218-thread-1] INFO  server.RaftServerConfigKeys (ConfUtils.java:logGet(43)) - raft.server.log.statemachine.data.caching.enabled = true (custom)
2019-09-20 04:49:09,484 [pool-218-thread-1] INFO  segmented.SegmentedRaftLogWorker (SegmentedRaftLogWorker.java:lambda$new$0(132)) - eb30d72f-c0a8-4ecb-bfee-9120a9a6cddf-SegmentedRaftLogWorker:Storage Directory /workdir/hadoop-ozone/integration-test/target/test-dir/MiniOzoneClusterImpl-bb3956c2-c4d1-403a-b406-f8ec73b3905b/datanode-0/data/ratis/41a5c070-d930-4254-8d2e-56065aba910b: flushIndex: setUnconditionally 0 -> -1
2019-09-20 04:49:09,484 [pool-218-thread-1] INFO  server.RaftServerConfigKeys (ConfUtils.java:logGet(43)) - raft.server.snapshot.auto.trigger.enabled = true (custom)
2019-09-20 04:49:09,484 [pool-218-thread-1] INFO  server.RaftServerConfigKeys (ConfUtils.java:logGet(43)) - raft.server.snapshot.auto.trigger.threshold = 10000 (custom)
2019-09-20 04:49:09,485 [pool-218-thread-1] INFO  server.RaftServerConfigKeys (ConfUtils.java:logGet(43)) - raft.server.retrycache.expirytime = 600000ms (custom)
2019-09-20 04:49:09,485 [pool-218-thread-1] INFO  impl.RaftServerImpl (RaftServerImpl.java:start(180)) - eb30d72f-c0a8-4ecb-bfee-9120a9a6cddf: start group-56065ABA910B
2019-09-20 04:49:09,485 [pool-218-thread-1] INFO  impl.RaftServerImpl (RaftServerImpl.java:setRole(171)) - eb30d72f-c0a8-4ecb-bfee-9120a9a6cddf:group-56065ABA910B changes role from null to FOLLOWER at term 0 for startAsFollower
2019-09-20 04:49:09,485 [pool-218-thread-1] INFO  impl.RoleInfo (RoleInfo.java:updateAndGet(143)) - eb30d72f-c0a8-4ecb-bfee-9120a9a6cddf: start FollowerState
2019-09-20 04:49:09,486 [pool-218-thread-1] INFO  util.JmxRegister (JmxRegister.java:tryRegister(44)) - Successfully registered JMX Bean with object name Ratis:service=RaftServer,group=group-56065ABA910B,id=eb30d72f-c0a8-4ecb-bfee-9120a9a6cddf
2019-09-20 04:49:09,488 [RatisPipelineUtilsThread] INFO  pipeline.PipelineStateManager (PipelineStateManager.java:addPipeline(56)) - Created pipeline Pipeline[ Id: 41a5c070-d930-4254-8d2e-56065aba910b, Nodes: eb30d72f-c0a8-4ecb-bfee-9120a9a6cddf{ip: 192.168.36.79, host: pr-hdds-1569-s8kj2-2266485376, networkLocation: /default-rack, certSerialId: null}, Type:RATIS, Factor:ONE, State:OPEN]
2019-09-20 04:49:09,496 [main] INFO  impl.RaftServerProxy (ConfUtils.java:logGet(43)) - raft.rpc.type = GRPC (default)
2019-09-20 04:49:09,496 [main] INFO  grpc.GrpcFactory (GrpcFactory.java:checkPooledByteBufAllocatorUseCacheForAllThreads(45)) - PERFORMANCE WARNING: useCacheForAllThreads is true that may cause Netty to create a lot garbage objects and, as a result, trigger GC.
	It is recommended to disable useCacheForAllThreads by setting -Dorg.apache.ratis.thirdparty.io.netty.allocator.useCacheForAllThreads=false in command line.
2019-09-20 04:49:09,496 [main] INFO  grpc.GrpcConfigKeys$Server (ConfUtils.java:logGet(43)) - raft.grpc.server.port = 0 (default)
2019-09-20 04:49:09,496 [main] INFO  server.GrpcService (ConfUtils.java:logGet(43)) - raft.grpc.message.size.max = 33570816 (custom)
2019-09-20 04:49:09,497 [main] INFO  server.RaftServerConfigKeys (ConfUtils.java:logGet(43)) - raft.server.log.appender.buffer.byte-limit = 33554432 (custom)
2019-09-20 04:49:09,497 [main] INFO  server.GrpcService (ConfUtils.java:logGet(43)) - raft.grpc.flow.control.window = 1MB (=1048576) (default)
2019-09-20 04:49:09,497 [main] INFO  server.RaftServerConfigKeys (ConfUtils.java:logGet(43)) - raft.server.rpc.request.timeout = 3000ms (default)
2019-09-20 04:49:09,498 [main] INFO  server.RaftServerConfigKeys (ConfUtils.java:logGet(43)) - raft.server.storage.dir = [/workdir/hadoop-ozone/integration-test/target/test-dir/MiniOzoneClusterImpl-bb3956c2-c4d1-403a-b406-f8ec73b3905b/datanode-5/data/ratis] (custom)
2019-09-20 04:49:09,498 [main] INFO  replication.SimpleContainerDownloader (SimpleContainerDownloader.java:<init>(72)) - Starting container downloader service to copy containers to replicate.
2019-09-20 04:49:09,498 [grpc-default-executor-0] INFO  impl.RaftServerProxy (RaftServerProxy.java:addNew(89)) - eb30d72f-c0a8-4ecb-bfee-9120a9a6cddf: addNew group-FCE453CDE994:[eb30d72f-c0a8-4ecb-bfee-9120a9a6cddf:192.168.36.79:41740] returns group-FCE453CDE994:java.util.concurrent.CompletableFuture@e0f0221[Not completed]
2019-09-20 04:49:09,499 [main] INFO  hdfs.DFSUtil (DFSUtil.java:httpServerTemplateForNNAndJN(1641)) - Starting Web-server for hddsDatanode at: http://0.0.0.0:0
2019-09-20 04:49:09,499 [pool-218-thread-1] INFO  impl.RaftServerImpl (RaftServerImpl.java:<init>(93)) - eb30d72f-c0a8-4ecb-bfee-9120a9a6cddf: new RaftServerImpl for group-FCE453CDE994:[eb30d72f-c0a8-4ecb-bfee-9120a9a6cddf:192.168.36.79:41740] with ContainerStateMachine:uninitialized
2019-09-20 04:49:09,499 [pool-218-thread-1] INFO  server.RaftServerConfigKeys (ConfUtils.java:logGet(43)) - raft.server.rpc.timeout.min = 5s (custom)
2019-09-20 04:49:09,500 [pool-218-thread-1] INFO  server.RaftServerConfigKeys (ConfUtils.java:logGet(43)) - raft.server.rpc.timeout.max = 5200ms (custom)
2019-09-20 04:49:09,500 [pool-218-thread-1] INFO  server.RaftServerConfigKeys (ConfUtils.java:logGet(43)) - raft.server.rpcslowness.timeout = 120s (custom)
2019-09-20 04:49:09,500 [pool-218-thread-1] INFO  server.RaftServerConfigKeys (ConfUtils.java:logGet(43)) - raft.server.sleep.deviation.threshold = 300 (default)
2019-09-20 04:49:09,500 [pool-218-thread-1] INFO  server.RaftServerConfigKeys (ConfUtils.java:logGet(43)) - raft.server.log.appender.install.snapshot.enabled = false (custom)
2019-09-20 04:49:09,500 [pool-218-thread-1] INFO  impl.RaftServerImpl (ServerState.java:<init>(105)) - eb30d72f-c0a8-4ecb-bfee-9120a9a6cddf:group-FCE453CDE994 ConfigurationManager, init=-1: [eb30d72f-c0a8-4ecb-bfee-9120a9a6cddf:192.168.36.79:41740], old=null, confs=<EMPTY_MAP>
2019-09-20 04:49:09,500 [main] INFO  server.AuthenticationFilter (AuthenticationFilter.java:constructSecretProvider(240)) - Unable to initialize FileSignerSecretProvider, falling back to use random secrets.
2019-09-20 04:49:09,500 [pool-218-thread-1] INFO  server.RaftServerConfigKeys (ConfUtils.java:logGet(43)) - raft.server.storage.dir = [/workdir/hadoop-ozone/integration-test/target/test-dir/MiniOzoneClusterImpl-bb3956c2-c4d1-403a-b406-f8ec73b3905b/datanode-0/data/ratis] (custom)
2019-09-20 04:49:09,501 [main] WARN  http.HttpRequestLog (HttpRequestLog.java:getRequestLog(97)) - Jetty request log can only be enabled using Log4j
2019-09-20 04:49:09,501 [pool-218-thread-1] INFO  storage.RaftStorageDirectory (RaftStorageDirectory.java:analyzeStorage(246)) - The storage directory /workdir/hadoop-ozone/integration-test/target/test-dir/MiniOzoneClusterImpl-bb3956c2-c4d1-403a-b406-f8ec73b3905b/datanode-0/data/ratis/3b7d842a-3a2c-4136-9350-fce453cde994 does not exist. Creating ...
2019-09-20 04:49:09,502 [main] INFO  http.HttpServer2 (HttpServer2.java:addGlobalFilter(975)) - Added global filter 'safety' (class=org.apache.hadoop.http.HttpServer2$QuotingInputFilter)
2019-09-20 04:49:09,502 [main] INFO  http.HttpServer2 (HttpServer2.java:addFilter(948)) - Added filter static_user_filter (class=org.apache.hadoop.http.lib.StaticUserWebFilter$StaticUserFilter) to context hddsDatanode
2019-09-20 04:49:09,503 [main] INFO  http.HttpServer2 (HttpServer2.java:addFilter(958)) - Added filter static_user_filter (class=org.apache.hadoop.http.lib.StaticUserWebFilter$StaticUserFilter) to context logs
2019-09-20 04:49:09,503 [main] INFO  http.HttpServer2 (HttpServer2.java:addFilter(958)) - Added filter static_user_filter (class=org.apache.hadoop.http.lib.StaticUserWebFilter$StaticUserFilter) to context static
2019-09-20 04:49:09,503 [main] INFO  http.HttpServer2 (HttpServer2.java:bindListener(1191)) - Jetty bound to port 39516
2019-09-20 04:49:09,503 [main] INFO  server.Server (Server.java:doStart(351)) - jetty-9.3.24.v20180605, build timestamp: 2018-06-05T17:11:56Z, git hash: 84205aa28f11a4f31f2a3b86d1bba2cc8ab69827
2019-09-20 04:49:09,505 [main] INFO  handler.ContextHandler (ContextHandler.java:doStart(781)) - Started o.e.j.s.ServletContextHandler@6c25123e{/logs,file:///workdir/hadoop-ozone/integration-test/target/log,AVAILABLE}
2019-09-20 04:49:09,505 [main] INFO  handler.ContextHandler (ContextHandler.java:doStart(781)) - Started o.e.j.s.ServletContextHandler@5e66733b{/static,jar:file:/home/user/.m2/repository/org/apache/hadoop/hadoop-hdds-container-service/0.5.0-SNAPSHOT/hadoop-hdds-container-service-0.5.0-SNAPSHOT.jar!/webapps/static,AVAILABLE}
2019-09-20 04:49:09,520 [pool-218-thread-1] INFO  storage.RaftStorageDirectory (RaftStorageDirectory.java:tryLock(328)) - Lock on /workdir/hadoop-ozone/integration-test/target/test-dir/MiniOzoneClusterImpl-bb3956c2-c4d1-403a-b406-f8ec73b3905b/datanode-0/data/ratis/3b7d842a-3a2c-4136-9350-fce453cde994/in_use.lock acquired by nodename 9457@pr-hdds-1569-s8kj2-2266485376
2019-09-20 04:49:09,534 [main] INFO  handler.ContextHandler (ContextHandler.java:doStart(781)) - Started o.e.j.w.WebAppContext@33239d72{/,file:///tmp/jetty-0.0.0.0-39516-hddsDatanode-_-any-4121496207390812536.dir/webapp/,AVAILABLE}{/hddsDatanode}
2019-09-20 04:49:09,535 [main] INFO  server.AbstractConnector (AbstractConnector.java:doStart(278)) - Started ServerConnector@19c24321{HTTP/1.1,[http/1.1]}{0.0.0.0:39516}
2019-09-20 04:49:09,540 [main] INFO  server.Server (Server.java:doStart(419)) - Started @31528ms
2019-09-20 04:49:09,541 [main] INFO  server.BaseHttpServer (BaseHttpServer.java:updateConnectorAddress(213)) - HTTP server of HDDSDATANODE is listening at http://0.0.0.0:39516
2019-09-20 04:49:09,542 [pool-218-thread-1] INFO  storage.RaftStorage (RaftStorage.java:format(72)) - Storage directory /workdir/hadoop-ozone/integration-test/target/test-dir/MiniOzoneClusterImpl-bb3956c2-c4d1-403a-b406-f8ec73b3905b/datanode-0/data/ratis/3b7d842a-3a2c-4136-9350-fce453cde994 has been successfully formatted.
2019-09-20 04:49:09,543 [pool-218-thread-1] INFO  ratis.ContainerStateMachine (ContainerStateMachine.java:loadSnapshot(226)) - group-FCE453CDE994: The snapshot info is null. Setting the last applied indexto:(t:0, i:~)
2019-09-20 04:49:09,543 [pool-218-thread-1] INFO  server.RaftServerConfigKeys (ConfUtils.java:logGet(43)) - raft.server.leader.election.timeout = 120s (custom)
2019-09-20 04:49:09,543 [pool-218-thread-1] INFO  server.RaftServerConfigKeys (ConfUtils.java:logGet(43)) - raft.server.log.use.memory = false (default)
2019-09-20 04:49:09,543 [pool-218-thread-1] INFO  server.RaftServerConfigKeys (ConfUtils.java:logGet(43)) - raft.server.log.purge.gap = 1000000 (custom)
2019-09-20 04:49:09,543 [pool-218-thread-1] INFO  server.RaftServerConfigKeys (ConfUtils.java:logGet(43)) - raft.server.log.appender.buffer.byte-limit = 33554432 (custom)
2019-09-20 04:49:09,543 [pool-218-thread-1] INFO  server.RaftServerConfigKeys (ConfUtils.java:logGet(43)) - raft.server.log.segment.size.max = 1048576 (custom)
2019-09-20 04:49:09,543 [pool-218-thread-1] INFO  server.RaftServerConfigKeys (ConfUtils.java:logGet(43)) - raft.server.log.segment.cache.num.max = 2 (custom)
2019-09-20 04:49:09,544 [pool-218-thread-1] INFO  segmented.SegmentedRaftLogWorker (SegmentedRaftLogWorker.java:<init>(172)) - new eb30d72f-c0a8-4ecb-bfee-9120a9a6cddf-SegmentedRaftLogWorker:Storage Directory /workdir/hadoop-ozone/integration-test/target/test-dir/MiniOzoneClusterImpl-bb3956c2-c4d1-403a-b406-f8ec73b3905b/datanode-0/data/ratis/3b7d842a-3a2c-4136-9350-fce453cde994 for RaftStorage:Storage Directory /workdir/hadoop-ozone/integration-test/target/test-dir/MiniOzoneClusterImpl-bb3956c2-c4d1-403a-b406-f8ec73b3905b/datanode-0/data/ratis/3b7d842a-3a2c-4136-9350-fce453cde994
2019-09-20 04:49:09,544 [pool-218-thread-1] INFO  server.RaftServerConfigKeys (ConfUtils.java:logGet(43)) - raft.server.log.queue.byte-limit = 2147483647 (custom)
2019-09-20 04:49:09,544 [pool-218-thread-1] INFO  server.RaftServerConfigKeys (ConfUtils.java:logGet(43)) - raft.server.log.queue.element-limit = 1024 (custom)
2019-09-20 04:49:09,544 [pool-218-thread-1] INFO  server.RaftServerConfigKeys (ConfUtils.java:logGet(43)) - raft.server.log.segment.size.max = 1048576 (custom)
2019-09-20 04:49:09,544 [pool-218-thread-1] INFO  server.RaftServerConfigKeys (ConfUtils.java:logGet(43)) - raft.server.log.preallocated.size = 16384 (custom)
2019-09-20 04:49:09,544 [pool-218-thread-1] INFO  server.RaftServerConfigKeys (ConfUtils.java:logGet(43)) - raft.server.log.write.buffer.size = 33554432 (custom)
2019-09-20 04:49:09,544 [pool-218-thread-1] INFO  server.RaftServerConfigKeys (ConfUtils.java:logGet(43)) - raft.server.log.force.sync.num = 128 (default)
2019-09-20 04:49:09,544 [pool-218-thread-1] INFO  server.RaftServerConfigKeys (ConfUtils.java:logGet(43)) - raft.server.log.statemachine.data.sync = true (default)
2019-09-20 04:49:09,544 [pool-218-thread-1] INFO  server.RaftServerConfigKeys (ConfUtils.java:logGet(43)) - raft.server.log.statemachine.data.sync.timeout = 10s (default)
2019-09-20 04:49:09,545 [pool-218-thread-1] INFO  server.RaftServerConfigKeys (ConfUtils.java:logGet(43)) - raft.server.log.statemachine.data.sync.timeout.retry = -1 (default)
2019-09-20 04:49:09,545 [pool-218-thread-1] INFO  server.RaftServerConfigKeys (ConfUtils.java:logGet(43)) - raft.server.log.statemachine.data.caching.enabled = true (custom)
2019-09-20 04:49:09,545 [pool-218-thread-1] INFO  segmented.SegmentedRaftLogWorker (SegmentedRaftLogWorker.java:lambda$new$0(132)) - eb30d72f-c0a8-4ecb-bfee-9120a9a6cddf-SegmentedRaftLogWorker:Storage Directory /workdir/hadoop-ozone/integration-test/target/test-dir/MiniOzoneClusterImpl-bb3956c2-c4d1-403a-b406-f8ec73b3905b/datanode-0/data/ratis/3b7d842a-3a2c-4136-9350-fce453cde994: flushIndex: setUnconditionally 0 -> -1
2019-09-20 04:49:09,545 [pool-218-thread-1] INFO  server.RaftServerConfigKeys (ConfUtils.java:logGet(43)) - raft.server.snapshot.auto.trigger.enabled = true (custom)
2019-09-20 04:49:09,545 [pool-218-thread-1] INFO  server.RaftServerConfigKeys (ConfUtils.java:logGet(43)) - raft.server.snapshot.auto.trigger.threshold = 10000 (custom)
2019-09-20 04:49:09,545 [pool-218-thread-1] INFO  server.RaftServerConfigKeys (ConfUtils.java:logGet(43)) - raft.server.retrycache.expirytime = 600000ms (custom)
2019-09-20 04:49:09,546 [pool-218-thread-1] INFO  impl.RaftServerImpl (RaftServerImpl.java:start(180)) - eb30d72f-c0a8-4ecb-bfee-9120a9a6cddf: start group-FCE453CDE994
2019-09-20 04:49:09,546 [pool-218-thread-1] INFO  impl.RaftServerImpl (RaftServerImpl.java:setRole(171)) - eb30d72f-c0a8-4ecb-bfee-9120a9a6cddf:group-FCE453CDE994 changes role from null to FOLLOWER at term 0 for startAsFollower
2019-09-20 04:49:09,546 [pool-218-thread-1] INFO  impl.RoleInfo (RoleInfo.java:updateAndGet(143)) - eb30d72f-c0a8-4ecb-bfee-9120a9a6cddf: start FollowerState
2019-09-20 04:49:09,546 [pool-218-thread-1] INFO  util.JmxRegister (JmxRegister.java:tryRegister(44)) - Successfully registered JMX Bean with object name Ratis:service=RaftServer,group=group-FCE453CDE994,id=eb30d72f-c0a8-4ecb-bfee-9120a9a6cddf
2019-09-20 04:49:09,548 | INFO  | SCMAudit | user=jenkins1000 | ip=192.168.36.79 | op=SEND_HEARTBEAT {datanodeUUID=8d97392c-5f4b-400a-94a1-fb61a3ebbc99, command=[]} | ret=SUCCESS |  
2019-09-20 04:49:09,548 | INFO  | SCMAudit | user=jenkins1000 | ip=192.168.36.79 | op=SEND_HEARTBEAT {datanodeUUID=bd1a845e-f2ed-4713-9516-9ccc20139040, command=[]} | ret=SUCCESS |  
2019-09-20 04:49:09,548 | INFO  | SCMAudit | user=jenkins1000 | ip=192.168.36.79 | op=SEND_HEARTBEAT {datanodeUUID=ba95d636-ac34-4b74-a102-dec8d0f377c6, command=[]} | ret=SUCCESS |  
2019-09-20 04:49:09,548 [RatisPipelineUtilsThread] INFO  pipeline.PipelineStateManager (PipelineStateManager.java:addPipeline(56)) - Created pipeline Pipeline[ Id: 3b7d842a-3a2c-4136-9350-fce453cde994, Nodes: eb30d72f-c0a8-4ecb-bfee-9120a9a6cddf{ip: 192.168.36.79, host: pr-hdds-1569-s8kj2-2266485376, networkLocation: /default-rack, certSerialId: null}, Type:RATIS, Factor:ONE, State:OPEN]
2019-09-20 04:49:09,549 | INFO  | SCMAudit | user=jenkins1000 | ip=192.168.36.79 | op=SEND_HEARTBEAT {datanodeUUID=fdbc37f2-9e58-4bac-a5d5-a78839d012e9, command=[]} | ret=SUCCESS |  
2019-09-20 04:49:09,549 | INFO  | SCMAudit | user=jenkins1000 | ip=192.168.36.79 | op=SEND_HEARTBEAT {datanodeUUID=1d91ad97-6666-4ee7-855a-8b5e944e7401, command=[]} | ret=SUCCESS |  
2019-09-20 04:49:09,550 | INFO  | SCMAudit | user=jenkins1000 | ip=192.168.36.79 | op=SEND_HEARTBEAT {datanodeUUID=2702b462-69d8-4c1b-aae1-091a21fe08b8, command=[]} | ret=SUCCESS |  
2019-09-20 04:49:09,550 | INFO  | SCMAudit | user=jenkins1000 | ip=192.168.36.79 | op=SEND_HEARTBEAT {datanodeUUID=2d6465ef-cffa-473a-a4c6-a9aa3f1a26c0, command=[]} | ret=SUCCESS |  
2019-09-20 04:49:09,551 | INFO  | SCMAudit | user=jenkins1000 | ip=192.168.36.79 | op=SEND_HEARTBEAT {datanodeUUID=ea71b9af-1075-4196-9693-aa14e10f536d, command=[]} | ret=SUCCESS |  
2019-09-20 04:49:09,551 | INFO  | SCMAudit | user=jenkins1000 | ip=192.168.36.79 | op=SEND_HEARTBEAT {datanodeUUID=42fc6e92-fcdd-4827-b621-9fc58a3d2315, command=[]} | ret=SUCCESS |  
2019-09-20 04:49:09,551 | INFO  | SCMAudit | user=jenkins1000 | ip=192.168.36.79 | op=SEND_HEARTBEAT {datanodeUUID=236eed40-dd97-4fdc-a0ae-ab99685a426b, command=[]} | ret=SUCCESS |  
2019-09-20 04:49:09,551 | INFO  | SCMAudit | user=jenkins1000 | ip=192.168.36.79 | op=SEND_HEARTBEAT {datanodeUUID=3c2a6bfe-f5c5-4e23-89b0-850dab17697d, command=[]} | ret=SUCCESS |  
2019-09-20 04:49:09,552 | INFO  | SCMAudit | user=jenkins1000 | ip=192.168.36.79 | op=SEND_HEARTBEAT {datanodeUUID=eaf3ecbe-c3b1-4969-ad3a-e4de7fb04f81, command=[]} | ret=SUCCESS |  
2019-09-20 04:49:09,553 [grpc-default-executor-0] INFO  impl.RaftServerProxy (RaftServerProxy.java:addNew(89)) - eb30d72f-c0a8-4ecb-bfee-9120a9a6cddf: addNew group-454778ADBE45:[eb30d72f-c0a8-4ecb-bfee-9120a9a6cddf:192.168.36.79:41740] returns group-454778ADBE45:java.util.concurrent.CompletableFuture@5da04d93[Not completed]
2019-09-20 04:49:09,554 [pool-218-thread-1] INFO  impl.RaftServerImpl (RaftServerImpl.java:<init>(93)) - eb30d72f-c0a8-4ecb-bfee-9120a9a6cddf: new RaftServerImpl for group-454778ADBE45:[eb30d72f-c0a8-4ecb-bfee-9120a9a6cddf:192.168.36.79:41740] with ContainerStateMachine:uninitialized
2019-09-20 04:49:09,554 [pool-218-thread-1] INFO  server.RaftServerConfigKeys (ConfUtils.java:logGet(43)) - raft.server.rpc.timeout.min = 5s (custom)
2019-09-20 04:49:09,554 [pool-218-thread-1] INFO  server.RaftServerConfigKeys (ConfUtils.java:logGet(43)) - raft.server.rpc.timeout.max = 5200ms (custom)
2019-09-20 04:49:09,554 [pool-218-thread-1] INFO  server.RaftServerConfigKeys (ConfUtils.java:logGet(43)) - raft.server.rpcslowness.timeout = 120s (custom)
2019-09-20 04:49:09,554 [pool-218-thread-1] INFO  server.RaftServerConfigKeys (ConfUtils.java:logGet(43)) - raft.server.sleep.deviation.threshold = 300 (default)
2019-09-20 04:49:09,554 [pool-218-thread-1] INFO  server.RaftServerConfigKeys (ConfUtils.java:logGet(43)) - raft.server.log.appender.install.snapshot.enabled = false (custom)
2019-09-20 04:49:09,555 [pool-218-thread-1] INFO  impl.RaftServerImpl (ServerState.java:<init>(105)) - eb30d72f-c0a8-4ecb-bfee-9120a9a6cddf:group-454778ADBE45 ConfigurationManager, init=-1: [eb30d72f-c0a8-4ecb-bfee-9120a9a6cddf:192.168.36.79:41740], old=null, confs=<EMPTY_MAP>
2019-09-20 04:49:09,555 [pool-218-thread-1] INFO  server.RaftServerConfigKeys (ConfUtils.java:logGet(43)) - raft.server.storage.dir = [/workdir/hadoop-ozone/integration-test/target/test-dir/MiniOzoneClusterImpl-bb3956c2-c4d1-403a-b406-f8ec73b3905b/datanode-0/data/ratis] (custom)
2019-09-20 04:49:09,555 [pool-218-thread-1] INFO  storage.RaftStorageDirectory (RaftStorageDirectory.java:analyzeStorage(246)) - The storage directory /workdir/hadoop-ozone/integration-test/target/test-dir/MiniOzoneClusterImpl-bb3956c2-c4d1-403a-b406-f8ec73b3905b/datanode-0/data/ratis/1720bea1-d3de-49d0-9baa-454778adbe45 does not exist. Creating ...
2019-09-20 04:49:09,571 [pool-218-thread-1] INFO  storage.RaftStorageDirectory (RaftStorageDirectory.java:tryLock(328)) - Lock on /workdir/hadoop-ozone/integration-test/target/test-dir/MiniOzoneClusterImpl-bb3956c2-c4d1-403a-b406-f8ec73b3905b/datanode-0/data/ratis/1720bea1-d3de-49d0-9baa-454778adbe45/in_use.lock acquired by nodename 9457@pr-hdds-1569-s8kj2-2266485376
2019-09-20 04:49:09,586 [bd1a845e-f2ed-4713-9516-9ccc20139040-SegmentedRaftLogWorker:Storage Directory /workdir/hadoop-ozone/integration-test/target/test-dir/MiniOzoneClusterImpl-cd85f641-6806-455e-b969-480e50aec385/datanode-5/data/ratis/0a8b4f40-6dc4-45f7-876d-6da10368c7e2] ERROR segmented.SegmentedRaftLogWorker (SegmentedRaftLogWorker.java:run(323)) - bd1a845e-f2ed-4713-9516-9ccc20139040-SegmentedRaftLogWorker:Storage Directory /workdir/hadoop-ozone/integration-test/target/test-dir/MiniOzoneClusterImpl-cd85f641-6806-455e-b969-480e50aec385/datanode-5/data/ratis/0a8b4f40-6dc4-45f7-876d-6da10368c7e2 hit exception
java.lang.OutOfMemoryError: Direct buffer memory
	at java.nio.Bits.reserveMemory(Bits.java:666)
	at java.nio.DirectByteBuffer.<init>(DirectByteBuffer.java:123)
	at java.nio.ByteBuffer.allocateDirect(ByteBuffer.java:311)
	at org.apache.ratis.server.raftlog.segmented.BufferedWriteChannel.<init>(BufferedWriteChannel.java:41)
	at org.apache.ratis.server.raftlog.segmented.SegmentedRaftLogOutputStream.<init>(SegmentedRaftLogOutputStream.java:72)
	at org.apache.ratis.server.raftlog.segmented.SegmentedRaftLogWorker$StartLogSegment.execute(SegmentedRaftLogWorker.java:566)
	at org.apache.ratis.server.raftlog.segmented.SegmentedRaftLogWorker.run(SegmentedRaftLogWorker.java:289)
	at java.lang.Thread.run(Thread.java:748)
2019-09-20 04:49:09,586 [3c2a6bfe-f5c5-4e23-89b0-850dab17697d-SegmentedRaftLogWorker:Storage Directory /workdir/hadoop-ozone/integration-test/target/test-dir/MiniOzoneClusterImpl-cd85f641-6806-455e-b969-480e50aec385/datanode-4/data/ratis/13dbdbeb-874e-4979-861f-90d72dbc01dc] ERROR segmented.SegmentedRaftLogWorker (SegmentedRaftLogWorker.java:run(323)) - 3c2a6bfe-f5c5-4e23-89b0-850dab17697d-SegmentedRaftLogWorker:Storage Directory /workdir/hadoop-ozone/integration-test/target/test-dir/MiniOzoneClusterImpl-cd85f641-6806-455e-b969-480e50aec385/datanode-4/data/ratis/13dbdbeb-874e-4979-861f-90d72dbc01dc hit exception
java.lang.OutOfMemoryError: Direct buffer memory
	at java.nio.Bits.reserveMemory(Bits.java:666)
	at java.nio.DirectByteBuffer.<init>(DirectByteBuffer.java:123)
	at java.nio.ByteBuffer.allocateDirect(ByteBuffer.java:311)
	at org.apache.ratis.server.raftlog.segmented.BufferedWriteChannel.<init>(BufferedWriteChannel.java:41)
	at org.apache.ratis.server.raftlog.segmented.SegmentedRaftLogOutputStream.<init>(SegmentedRaftLogOutputStream.java:72)
	at org.apache.ratis.server.raftlog.segmented.SegmentedRaftLogWorker$StartLogSegment.execute(SegmentedRaftLogWorker.java:566)
	at org.apache.ratis.server.raftlog.segmented.SegmentedRaftLogWorker.run(SegmentedRaftLogWorker.java:289)
	at java.lang.Thread.run(Thread.java:748)
2019-09-20 04:49:09,586 [bd1a845e-f2ed-4713-9516-9ccc20139040-SegmentedRaftLogWorker:Storage Directory /workdir/hadoop-ozone/integration-test/target/test-dir/MiniOzoneClusterImpl-cd85f641-6806-455e-b969-480e50aec385/datanode-5/data/ratis/0a8b4f40-6dc4-45f7-876d-6da10368c7e2] INFO  impl.RaftServerImpl (RaftServerImpl.java:lambda$shutdown$3(245)) - bd1a845e-f2ed-4713-9516-9ccc20139040: shutdown group-6DA10368C7E2
2019-09-20 04:49:09,587 [3c2a6bfe-f5c5-4e23-89b0-850dab17697d-SegmentedRaftLogWorker:Storage Directory /workdir/hadoop-ozone/integration-test/target/test-dir/MiniOzoneClusterImpl-cd85f641-6806-455e-b969-480e50aec385/datanode-4/data/ratis/13dbdbeb-874e-4979-861f-90d72dbc01dc] INFO  impl.RaftServerImpl (RaftServerImpl.java:lambda$shutdown$3(245)) - 3c2a6bfe-f5c5-4e23-89b0-850dab17697d: shutdown group-90D72DBC01DC
2019-09-20 04:49:09,587 [bd1a845e-f2ed-4713-9516-9ccc20139040-SegmentedRaftLogWorker:Storage Directory /workdir/hadoop-ozone/integration-test/target/test-dir/MiniOzoneClusterImpl-cd85f641-6806-455e-b969-480e50aec385/datanode-5/data/ratis/0a8b4f40-6dc4-45f7-876d-6da10368c7e2] INFO  util.JmxRegister (JmxRegister.java:unregister(73)) - Successfully un-registered JMX Bean with object name Ratis:service=RaftServer,group=group-6DA10368C7E2,id=bd1a845e-f2ed-4713-9516-9ccc20139040
2019-09-20 04:49:09,587 [3c2a6bfe-f5c5-4e23-89b0-850dab17697d-SegmentedRaftLogWorker:Storage Directory /workdir/hadoop-ozone/integration-test/target/test-dir/MiniOzoneClusterImpl-cd85f641-6806-455e-b969-480e50aec385/datanode-4/data/ratis/13dbdbeb-874e-4979-861f-90d72dbc01dc] INFO  util.JmxRegister (JmxRegister.java:unregister(73)) - Successfully un-registered JMX Bean with object name Ratis:service=RaftServer,group=group-90D72DBC01DC,id=3c2a6bfe-f5c5-4e23-89b0-850dab17697d
2019-09-20 04:49:09,587 [bd1a845e-f2ed-4713-9516-9ccc20139040-SegmentedRaftLogWorker:Storage Directory /workdir/hadoop-ozone/integration-test/target/test-dir/MiniOzoneClusterImpl-cd85f641-6806-455e-b969-480e50aec385/datanode-5/data/ratis/0a8b4f40-6dc4-45f7-876d-6da10368c7e2] INFO  impl.RoleInfo (RoleInfo.java:shutdownLeaderState(104)) - bd1a845e-f2ed-4713-9516-9ccc20139040: shutdown LeaderState
2019-09-20 04:49:09,587 [3c2a6bfe-f5c5-4e23-89b0-850dab17697d-SegmentedRaftLogWorker:Storage Directory /workdir/hadoop-ozone/integration-test/target/test-dir/MiniOzoneClusterImpl-cd85f641-6806-455e-b969-480e50aec385/datanode-4/data/ratis/13dbdbeb-874e-4979-861f-90d72dbc01dc] INFO  impl.RoleInfo (RoleInfo.java:shutdownLeaderState(104)) - 3c2a6bfe-f5c5-4e23-89b0-850dab17697d: shutdown LeaderState
2019-09-20 04:49:09,587 [bd1a845e-f2ed-4713-9516-9ccc20139040-SegmentedRaftLogWorker:Storage Directory /workdir/hadoop-ozone/integration-test/target/test-dir/MiniOzoneClusterImpl-cd85f641-6806-455e-b969-480e50aec385/datanode-5/data/ratis/0a8b4f40-6dc4-45f7-876d-6da10368c7e2] INFO  impl.PendingRequests (PendingRequests.java:sendNotLeaderResponses(202)) - bd1a845e-f2ed-4713-9516-9ccc20139040-PendingRequests: sendNotLeaderResponses
2019-09-20 04:49:09,587 [3c2a6bfe-f5c5-4e23-89b0-850dab17697d-SegmentedRaftLogWorker:Storage Directory /workdir/hadoop-ozone/integration-test/target/test-dir/MiniOzoneClusterImpl-cd85f641-6806-455e-b969-480e50aec385/datanode-4/data/ratis/13dbdbeb-874e-4979-861f-90d72dbc01dc] INFO  impl.PendingRequests (PendingRequests.java:sendNotLeaderResponses(202)) - 3c2a6bfe-f5c5-4e23-89b0-850dab17697d-PendingRequests: sendNotLeaderResponses
2019-09-20 04:49:09,587 [bd1a845e-f2ed-4713-9516-9ccc20139040-SegmentedRaftLogWorker:Storage Directory /workdir/hadoop-ozone/integration-test/target/test-dir/MiniOzoneClusterImpl-cd85f641-6806-455e-b969-480e50aec385/datanode-5/data/ratis/0a8b4f40-6dc4-45f7-876d-6da10368c7e2] INFO  impl.StateMachineUpdater (StateMachineUpdater.java:stopAndJoin(115)) - StateMachineUpdater:bd1a845e-f2ed-4713-9516-9ccc20139040:group-6DA10368C7E2: set stopIndex = -1
2019-09-20 04:49:09,587 [3c2a6bfe-f5c5-4e23-89b0-850dab17697d-SegmentedRaftLogWorker:Storage Directory /workdir/hadoop-ozone/integration-test/target/test-dir/MiniOzoneClusterImpl-cd85f641-6806-455e-b969-480e50aec385/datanode-4/data/ratis/13dbdbeb-874e-4979-861f-90d72dbc01dc] INFO  impl.StateMachineUpdater (StateMachineUpdater.java:stopAndJoin(115)) - StateMachineUpdater:3c2a6bfe-f5c5-4e23-89b0-850dab17697d:group-90D72DBC01DC: set stopIndex = -1
2019-09-20 04:49:09,587 [bd1a845e-f2ed-4713-9516-9ccc20139040-SegmentedRaftLogWorker:Storage Directory /workdir/hadoop-ozone/integration-test/target/test-dir/MiniOzoneClusterImpl-cd85f641-6806-455e-b969-480e50aec385/datanode-5/data/ratis/0a8b4f40-6dc4-45f7-876d-6da10368c7e2] INFO  impl.RaftServerImpl (ServerState.java:close(394)) - bd1a845e-f2ed-4713-9516-9ccc20139040:group-6DA10368C7E2 closes. The last applied log index is -1
2019-09-20 04:49:09,587 [3c2a6bfe-f5c5-4e23-89b0-850dab17697d-SegmentedRaftLogWorker:Storage Directory /workdir/hadoop-ozone/integration-test/target/test-dir/MiniOzoneClusterImpl-cd85f641-6806-455e-b969-480e50aec385/datanode-4/data/ratis/13dbdbeb-874e-4979-861f-90d72dbc01dc] INFO  impl.RaftServerImpl (ServerState.java:close(394)) - 3c2a6bfe-f5c5-4e23-89b0-850dab17697d:group-90D72DBC01DC closes. The last applied log index is -1
2019-09-20 04:49:09,588 [bd1a845e-f2ed-4713-9516-9ccc20139040-SegmentedRaftLogWorker:Storage Directory /workdir/hadoop-ozone/integration-test/target/test-dir/MiniOzoneClusterImpl-cd85f641-6806-455e-b969-480e50aec385/datanode-5/data/ratis/0a8b4f40-6dc4-45f7-876d-6da10368c7e2] INFO  segmented.SegmentedRaftLogWorker (SegmentedRaftLogWorker.java:close(228)) - bd1a845e-f2ed-4713-9516-9ccc20139040-SegmentedRaftLogWorker:Storage Directory /workdir/hadoop-ozone/integration-test/target/test-dir/MiniOzoneClusterImpl-cd85f641-6806-455e-b969-480e50aec385/datanode-5/data/ratis/0a8b4f40-6dc4-45f7-876d-6da10368c7e2 close()
2019-09-20 04:49:09,588 [3c2a6bfe-f5c5-4e23-89b0-850dab17697d-SegmentedRaftLogWorker:Storage Directory /workdir/hadoop-ozone/integration-test/target/test-dir/MiniOzoneClusterImpl-cd85f641-6806-455e-b969-480e50aec385/datanode-4/data/ratis/13dbdbeb-874e-4979-861f-90d72dbc01dc] INFO  segmented.SegmentedRaftLogWorker (SegmentedRaftLogWorker.java:close(228)) - 3c2a6bfe-f5c5-4e23-89b0-850dab17697d-SegmentedRaftLogWorker:Storage Directory /workdir/hadoop-ozone/integration-test/target/test-dir/MiniOzoneClusterImpl-cd85f641-6806-455e-b969-480e50aec385/datanode-4/data/ratis/13dbdbeb-874e-4979-861f-90d72dbc01dc close()
2019-09-20 04:49:09,609 [pool-218-thread-1] INFO  storage.RaftStorage (RaftStorage.java:format(72)) - Storage directory /workdir/hadoop-ozone/integration-test/target/test-dir/MiniOzoneClusterImpl-bb3956c2-c4d1-403a-b406-f8ec73b3905b/datanode-0/data/ratis/1720bea1-d3de-49d0-9baa-454778adbe45 has been successfully formatted.
2019-09-20 04:49:09,609 [pool-218-thread-1] INFO  ratis.ContainerStateMachine (ContainerStateMachine.java:loadSnapshot(226)) - group-454778ADBE45: The snapshot info is null. Setting the last applied indexto:(t:0, i:~)
2019-09-20 04:49:09,609 [pool-218-thread-1] INFO  server.RaftServerConfigKeys (ConfUtils.java:logGet(43)) - raft.server.leader.election.timeout = 120s (custom)
2019-09-20 04:49:09,610 [pool-218-thread-1] INFO  server.RaftServerConfigKeys (ConfUtils.java:logGet(43)) - raft.server.log.use.memory = false (default)
2019-09-20 04:49:09,610 [pool-218-thread-1] INFO  server.RaftServerConfigKeys (ConfUtils.java:logGet(43)) - raft.server.log.purge.gap = 1000000 (custom)
2019-09-20 04:49:09,610 [pool-218-thread-1] INFO  server.RaftServerConfigKeys (ConfUtils.java:logGet(43)) - raft.server.log.appender.buffer.byte-limit = 33554432 (custom)
2019-09-20 04:49:09,610 [pool-218-thread-1] INFO  server.RaftServerConfigKeys (ConfUtils.java:logGet(43)) - raft.server.log.segment.size.max = 1048576 (custom)
2019-09-20 04:49:09,610 [pool-218-thread-1] INFO  server.RaftServerConfigKeys (ConfUtils.java:logGet(43)) - raft.server.log.segment.cache.num.max = 2 (custom)
2019-09-20 04:49:09,610 [pool-218-thread-1] INFO  segmented.SegmentedRaftLogWorker (SegmentedRaftLogWorker.java:<init>(172)) - new eb30d72f-c0a8-4ecb-bfee-9120a9a6cddf-SegmentedRaftLogWorker:Storage Directory /workdir/hadoop-ozone/integration-test/target/test-dir/MiniOzoneClusterImpl-bb3956c2-c4d1-403a-b406-f8ec73b3905b/datanode-0/data/ratis/1720bea1-d3de-49d0-9baa-454778adbe45 for RaftStorage:Storage Directory /workdir/hadoop-ozone/integration-test/target/test-dir/MiniOzoneClusterImpl-bb3956c2-c4d1-403a-b406-f8ec73b3905b/datanode-0/data/ratis/1720bea1-d3de-49d0-9baa-454778adbe45
2019-09-20 04:49:09,610 [pool-218-thread-1] INFO  server.RaftServerConfigKeys (ConfUtils.java:logGet(43)) - raft.server.log.queue.byte-limit = 2147483647 (custom)
2019-09-20 04:49:09,610 [pool-218-thread-1] INFO  server.RaftServerConfigKeys (ConfUtils.java:logGet(43)) - raft.server.log.queue.element-limit = 1024 (custom)
2019-09-20 04:49:09,610 [pool-218-thread-1] INFO  server.RaftServerConfigKeys (ConfUtils.java:logGet(43)) - raft.server.log.segment.size.max = 1048576 (custom)
2019-09-20 04:49:09,610 [pool-218-thread-1] INFO  server.RaftServerConfigKeys (ConfUtils.java:logGet(43)) - raft.server.log.preallocated.size = 16384 (custom)
2019-09-20 04:49:09,610 [pool-218-thread-1] INFO  server.RaftServerConfigKeys (ConfUtils.java:logGet(43)) - raft.server.log.write.buffer.size = 33554432 (custom)
2019-09-20 04:49:09,611 [pool-218-thread-1] INFO  server.RaftServerConfigKeys (ConfUtils.java:logGet(43)) - raft.server.log.force.sync.num = 128 (default)
2019-09-20 04:49:09,611 [pool-218-thread-1] INFO  server.RaftServerConfigKeys (ConfUtils.java:logGet(43)) - raft.server.log.statemachine.data.sync = true (default)
2019-09-20 04:49:09,611 [pool-218-thread-1] INFO  server.RaftServerConfigKeys (ConfUtils.java:logGet(43)) - raft.server.log.statemachine.data.sync.timeout = 10s (default)
2019-09-20 04:49:09,611 [pool-218-thread-1] INFO  server.RaftServerConfigKeys (ConfUtils.java:logGet(43)) - raft.server.log.statemachine.data.sync.timeout.retry = -1 (default)
2019-09-20 04:49:09,611 [pool-218-thread-1] INFO  server.RaftServerConfigKeys (ConfUtils.java:logGet(43)) - raft.server.log.statemachine.data.caching.enabled = true (custom)
2019-09-20 04:49:09,612 [pool-218-thread-1] INFO  segmented.SegmentedRaftLogWorker (SegmentedRaftLogWorker.java:lambda$new$0(132)) - eb30d72f-c0a8-4ecb-bfee-9120a9a6cddf-SegmentedRaftLogWorker:Storage Directory /workdir/hadoop-ozone/integration-test/target/test-dir/MiniOzoneClusterImpl-bb3956c2-c4d1-403a-b406-f8ec73b3905b/datanode-0/data/ratis/1720bea1-d3de-49d0-9baa-454778adbe45: flushIndex: setUnconditionally 0 -> -1
2019-09-20 04:49:09,612 [pool-218-thread-1] INFO  server.RaftServerConfigKeys (ConfUtils.java:logGet(43)) - raft.server.snapshot.auto.trigger.enabled = true (custom)
2019-09-20 04:49:09,612 [pool-218-thread-1] INFO  server.RaftServerConfigKeys (ConfUtils.java:logGet(43)) - raft.server.snapshot.auto.trigger.threshold = 10000 (custom)
2019-09-20 04:49:09,612 [pool-218-thread-1] INFO  server.RaftServerConfigKeys (ConfUtils.java:logGet(43)) - raft.server.retrycache.expirytime = 600000ms (custom)
2019-09-20 04:49:09,612 [pool-218-thread-1] INFO  impl.RaftServerImpl (RaftServerImpl.java:start(180)) - eb30d72f-c0a8-4ecb-bfee-9120a9a6cddf: start group-454778ADBE45
2019-09-20 04:49:09,613 [pool-218-thread-1] INFO  impl.RaftServerImpl (RaftServerImpl.java:setRole(171)) - eb30d72f-c0a8-4ecb-bfee-9120a9a6cddf:group-454778ADBE45 changes role from null to FOLLOWER at term 0 for startAsFollower
2019-09-20 04:49:09,613 [pool-218-thread-1] INFO  impl.RoleInfo (RoleInfo.java:updateAndGet(143)) - eb30d72f-c0a8-4ecb-bfee-9120a9a6cddf: start FollowerState
2019-09-20 04:49:09,613 [pool-218-thread-1] INFO  util.JmxRegister (JmxRegister.java:tryRegister(44)) - Successfully registered JMX Bean with object name Ratis:service=RaftServer,group=group-454778ADBE45,id=eb30d72f-c0a8-4ecb-bfee-9120a9a6cddf
2019-09-20 04:49:09,615 [RatisPipelineUtilsThread] INFO  pipeline.PipelineStateManager (PipelineStateManager.java:addPipeline(56)) - Created pipeline Pipeline[ Id: 1720bea1-d3de-49d0-9baa-454778adbe45, Nodes: eb30d72f-c0a8-4ecb-bfee-9120a9a6cddf{ip: 192.168.36.79, host: pr-hdds-1569-s8kj2-2266485376, networkLocation: /default-rack, certSerialId: null}, Type:RATIS, Factor:ONE, State:OPEN]
2019-09-20 04:49:09,619 [grpc-default-executor-0] INFO  impl.RaftServerProxy (RaftServerProxy.java:addNew(89)) - eb30d72f-c0a8-4ecb-bfee-9120a9a6cddf: addNew group-6C272A5B19D4:[eb30d72f-c0a8-4ecb-bfee-9120a9a6cddf:192.168.36.79:41740] returns group-6C272A5B19D4:java.util.concurrent.CompletableFuture@1a43080f[Not completed]
2019-09-20 04:49:09,620 [pool-218-thread-1] INFO  impl.RaftServerImpl (RaftServerImpl.java:<init>(93)) - eb30d72f-c0a8-4ecb-bfee-9120a9a6cddf: new RaftServerImpl for group-6C272A5B19D4:[eb30d72f-c0a8-4ecb-bfee-9120a9a6cddf:192.168.36.79:41740] with ContainerStateMachine:uninitialized
2019-09-20 04:49:09,620 [pool-218-thread-1] INFO  server.RaftServerConfigKeys (ConfUtils.java:logGet(43)) - raft.server.rpc.timeout.min = 5s (custom)
2019-09-20 04:49:09,620 [pool-218-thread-1] INFO  server.RaftServerConfigKeys (ConfUtils.java:logGet(43)) - raft.server.rpc.timeout.max = 5200ms (custom)
2019-09-20 04:49:09,620 [pool-218-thread-1] INFO  server.RaftServerConfigKeys (ConfUtils.java:logGet(43)) - raft.server.rpcslowness.timeout = 120s (custom)
2019-09-20 04:49:09,620 [pool-218-thread-1] INFO  server.RaftServerConfigKeys (ConfUtils.java:logGet(43)) - raft.server.sleep.deviation.threshold = 300 (default)
2019-09-20 04:49:09,620 [pool-218-thread-1] INFO  server.RaftServerConfigKeys (ConfUtils.java:logGet(43)) - raft.server.log.appender.install.snapshot.enabled = false (custom)
2019-09-20 04:49:09,620 [pool-218-thread-1] INFO  impl.RaftServerImpl (ServerState.java:<init>(105)) - eb30d72f-c0a8-4ecb-bfee-9120a9a6cddf:group-6C272A5B19D4 ConfigurationManager, init=-1: [eb30d72f-c0a8-4ecb-bfee-9120a9a6cddf:192.168.36.79:41740], old=null, confs=<EMPTY_MAP>
2019-09-20 04:49:09,621 [pool-218-thread-1] INFO  server.RaftServerConfigKeys (ConfUtils.java:logGet(43)) - raft.server.storage.dir = [/workdir/hadoop-ozone/integration-test/target/test-dir/MiniOzoneClusterImpl-bb3956c2-c4d1-403a-b406-f8ec73b3905b/datanode-0/data/ratis] (custom)
2019-09-20 04:49:09,621 [pool-218-thread-1] INFO  storage.RaftStorageDirectory (RaftStorageDirectory.java:analyzeStorage(246)) - The storage directory /workdir/hadoop-ozone/integration-test/target/test-dir/MiniOzoneClusterImpl-bb3956c2-c4d1-403a-b406-f8ec73b3905b/datanode-0/data/ratis/b95572b3-eaa8-4c64-8803-6c272a5b19d4 does not exist. Creating ...
2019-09-20 04:49:09,645 [pool-218-thread-1] INFO  storage.RaftStorageDirectory (RaftStorageDirectory.java:tryLock(328)) - Lock on /workdir/hadoop-ozone/integration-test/target/test-dir/MiniOzoneClusterImpl-bb3956c2-c4d1-403a-b406-f8ec73b3905b/datanode-0/data/ratis/b95572b3-eaa8-4c64-8803-6c272a5b19d4/in_use.lock acquired by nodename 9457@pr-hdds-1569-s8kj2-2266485376
2019-09-20 04:49:09,650 [dba845b8-ea76-4e09-ab03-0883d354e493-SegmentedRaftLogWorker:Storage Directory /workdir/hadoop-ozone/integration-test/target/test-dir/MiniOzoneClusterImpl-cd85f641-6806-455e-b969-480e50aec385/datanode-6/data/ratis/b6278fde-a18a-4a63-9480-70b1a3dc31da] ERROR segmented.SegmentedRaftLogWorker (SegmentedRaftLogWorker.java:run(323)) - dba845b8-ea76-4e09-ab03-0883d354e493-SegmentedRaftLogWorker:Storage Directory /workdir/hadoop-ozone/integration-test/target/test-dir/MiniOzoneClusterImpl-cd85f641-6806-455e-b969-480e50aec385/datanode-6/data/ratis/b6278fde-a18a-4a63-9480-70b1a3dc31da hit exception
java.lang.OutOfMemoryError: Direct buffer memory
	at java.nio.Bits.reserveMemory(Bits.java:666)
	at java.nio.DirectByteBuffer.<init>(DirectByteBuffer.java:123)
	at java.nio.ByteBuffer.allocateDirect(ByteBuffer.java:311)
	at org.apache.ratis.server.raftlog.segmented.BufferedWriteChannel.<init>(BufferedWriteChannel.java:41)
	at org.apache.ratis.server.raftlog.segmented.SegmentedRaftLogOutputStream.<init>(SegmentedRaftLogOutputStream.java:72)
	at org.apache.ratis.server.raftlog.segmented.SegmentedRaftLogWorker$StartLogSegment.execute(SegmentedRaftLogWorker.java:566)
	at org.apache.ratis.server.raftlog.segmented.SegmentedRaftLogWorker.run(SegmentedRaftLogWorker.java:289)
	at java.lang.Thread.run(Thread.java:748)
2019-09-20 04:49:09,650 [dba845b8-ea76-4e09-ab03-0883d354e493-SegmentedRaftLogWorker:Storage Directory /workdir/hadoop-ozone/integration-test/target/test-dir/MiniOzoneClusterImpl-cd85f641-6806-455e-b969-480e50aec385/datanode-6/data/ratis/c591313b-b74e-4b38-a51c-ba79495f1c9a] ERROR segmented.SegmentedRaftLogWorker (SegmentedRaftLogWorker.java:run(323)) - dba845b8-ea76-4e09-ab03-0883d354e493-SegmentedRaftLogWorker:Storage Directory /workdir/hadoop-ozone/integration-test/target/test-dir/MiniOzoneClusterImpl-cd85f641-6806-455e-b969-480e50aec385/datanode-6/data/ratis/c591313b-b74e-4b38-a51c-ba79495f1c9a hit exception
java.lang.OutOfMemoryError: Direct buffer memory
	at java.nio.Bits.reserveMemory(Bits.java:666)
	at java.nio.DirectByteBuffer.<init>(DirectByteBuffer.java:123)
	at java.nio.ByteBuffer.allocateDirect(ByteBuffer.java:311)
	at org.apache.ratis.server.raftlog.segmented.BufferedWriteChannel.<init>(BufferedWriteChannel.java:41)
	at org.apache.ratis.server.raftlog.segmented.SegmentedRaftLogOutputStream.<init>(SegmentedRaftLogOutputStream.java:72)
	at org.apache.ratis.server.raftlog.segmented.SegmentedRaftLogWorker$StartLogSegment.execute(SegmentedRaftLogWorker.java:566)
	at org.apache.ratis.server.raftlog.segmented.SegmentedRaftLogWorker.run(SegmentedRaftLogWorker.java:289)
	at java.lang.Thread.run(Thread.java:748)
2019-09-20 04:49:09,650 [bd1a845e-f2ed-4713-9516-9ccc20139040-SegmentedRaftLogWorker:Storage Directory /workdir/hadoop-ozone/integration-test/target/test-dir/MiniOzoneClusterImpl-cd85f641-6806-455e-b969-480e50aec385/datanode-5/data/ratis/83ca4007-5456-4e7f-b31d-fc8f2e007a42] ERROR segmented.SegmentedRaftLogWorker (SegmentedRaftLogWorker.java:run(323)) - bd1a845e-f2ed-4713-9516-9ccc20139040-SegmentedRaftLogWorker:Storage Directory /workdir/hadoop-ozone/integration-test/target/test-dir/MiniOzoneClusterImpl-cd85f641-6806-455e-b969-480e50aec385/datanode-5/data/ratis/83ca4007-5456-4e7f-b31d-fc8f2e007a42 hit exception
java.lang.OutOfMemoryError: Direct buffer memory
	at java.nio.Bits.reserveMemory(Bits.java:666)
	at java.nio.DirectByteBuffer.<init>(DirectByteBuffer.java:123)
	at java.nio.ByteBuffer.allocateDirect(ByteBuffer.java:311)
	at org.apache.ratis.server.raftlog.segmented.BufferedWriteChannel.<init>(BufferedWriteChannel.java:41)
	at org.apache.ratis.server.raftlog.segmented.SegmentedRaftLogOutputStream.<init>(SegmentedRaftLogOutputStream.java:72)
	at org.apache.ratis.server.raftlog.segmented.SegmentedRaftLogWorker$StartLogSegment.execute(SegmentedRaftLogWorker.java:566)
	at org.apache.ratis.server.raftlog.segmented.SegmentedRaftLogWorker.run(SegmentedRaftLogWorker.java:289)
	at java.lang.Thread.run(Thread.java:748)
2019-09-20 04:49:09,651 [dba845b8-ea76-4e09-ab03-0883d354e493-SegmentedRaftLogWorker:Storage Directory /workdir/hadoop-ozone/integration-test/target/test-dir/MiniOzoneClusterImpl-cd85f641-6806-455e-b969-480e50aec385/datanode-6/data/ratis/c591313b-b74e-4b38-a51c-ba79495f1c9a] INFO  impl.RaftServerImpl (RaftServerImpl.java:lambda$shutdown$3(245)) - dba845b8-ea76-4e09-ab03-0883d354e493: shutdown group-BA79495F1C9A
2019-09-20 04:49:09,651 [dba845b8-ea76-4e09-ab03-0883d354e493-SegmentedRaftLogWorker:Storage Directory /workdir/hadoop-ozone/integration-test/target/test-dir/MiniOzoneClusterImpl-cd85f641-6806-455e-b969-480e50aec385/datanode-6/data/ratis/b6278fde-a18a-4a63-9480-70b1a3dc31da] INFO  impl.RaftServerImpl (RaftServerImpl.java:lambda$shutdown$3(245)) - dba845b8-ea76-4e09-ab03-0883d354e493: shutdown group-70B1A3DC31DA
2019-09-20 04:49:09,651 [bd1a845e-f2ed-4713-9516-9ccc20139040-SegmentedRaftLogWorker:Storage Directory /workdir/hadoop-ozone/integration-test/target/test-dir/MiniOzoneClusterImpl-cd85f641-6806-455e-b969-480e50aec385/datanode-5/data/ratis/83ca4007-5456-4e7f-b31d-fc8f2e007a42] INFO  impl.RaftServerImpl (RaftServerImpl.java:lambda$shutdown$3(245)) - bd1a845e-f2ed-4713-9516-9ccc20139040: shutdown group-FC8F2E007A42
2019-09-20 04:49:09,652 [dba845b8-ea76-4e09-ab03-0883d354e493-SegmentedRaftLogWorker:Storage Directory /workdir/hadoop-ozone/integration-test/target/test-dir/MiniOzoneClusterImpl-cd85f641-6806-455e-b969-480e50aec385/datanode-6/data/ratis/b6278fde-a18a-4a63-9480-70b1a3dc31da] INFO  util.JmxRegister (JmxRegister.java:unregister(73)) - Successfully un-registered JMX Bean with object name Ratis:service=RaftServer,group=group-70B1A3DC31DA,id=dba845b8-ea76-4e09-ab03-0883d354e493
2019-09-20 04:49:09,652 [dba845b8-ea76-4e09-ab03-0883d354e493-SegmentedRaftLogWorker:Storage Directory /workdir/hadoop-ozone/integration-test/target/test-dir/MiniOzoneClusterImpl-cd85f641-6806-455e-b969-480e50aec385/datanode-6/data/ratis/c591313b-b74e-4b38-a51c-ba79495f1c9a] INFO  util.JmxRegister (JmxRegister.java:unregister(73)) - Successfully un-registered JMX Bean with object name Ratis:service=RaftServer,group=group-BA79495F1C9A,id=dba845b8-ea76-4e09-ab03-0883d354e493
2019-09-20 04:49:09,652 [dba845b8-ea76-4e09-ab03-0883d354e493-SegmentedRaftLogWorker:Storage Directory /workdir/hadoop-ozone/integration-test/target/test-dir/MiniOzoneClusterImpl-cd85f641-6806-455e-b969-480e50aec385/datanode-6/data/ratis/c591313b-b74e-4b38-a51c-ba79495f1c9a] INFO  impl.RoleInfo (RoleInfo.java:shutdownLeaderState(104)) - dba845b8-ea76-4e09-ab03-0883d354e493: shutdown LeaderState
2019-09-20 04:49:09,652 [dba845b8-ea76-4e09-ab03-0883d354e493-SegmentedRaftLogWorker:Storage Directory /workdir/hadoop-ozone/integration-test/target/test-dir/MiniOzoneClusterImpl-cd85f641-6806-455e-b969-480e50aec385/datanode-6/data/ratis/c591313b-b74e-4b38-a51c-ba79495f1c9a] INFO  impl.PendingRequests (PendingRequests.java:sendNotLeaderResponses(202)) - dba845b8-ea76-4e09-ab03-0883d354e493-PendingRequests: sendNotLeaderResponses
2019-09-20 04:49:09,653 [dba845b8-ea76-4e09-ab03-0883d354e493-SegmentedRaftLogWorker:Storage Directory /workdir/hadoop-ozone/integration-test/target/test-dir/MiniOzoneClusterImpl-cd85f641-6806-455e-b969-480e50aec385/datanode-6/data/ratis/c591313b-b74e-4b38-a51c-ba79495f1c9a] INFO  impl.StateMachineUpdater (StateMachineUpdater.java:stopAndJoin(115)) - StateMachineUpdater:dba845b8-ea76-4e09-ab03-0883d354e493:group-BA79495F1C9A: set stopIndex = -1
2019-09-20 04:49:09,653 [dba845b8-ea76-4e09-ab03-0883d354e493-SegmentedRaftLogWorker:Storage Directory /workdir/hadoop-ozone/integration-test/target/test-dir/MiniOzoneClusterImpl-cd85f641-6806-455e-b969-480e50aec385/datanode-6/data/ratis/c591313b-b74e-4b38-a51c-ba79495f1c9a] INFO  impl.RaftServerImpl (ServerState.java:close(394)) - dba845b8-ea76-4e09-ab03-0883d354e493:group-BA79495F1C9A closes. The last applied log index is -1
2019-09-20 04:49:09,653 [dba845b8-ea76-4e09-ab03-0883d354e493-SegmentedRaftLogWorker:Storage Directory /workdir/hadoop-ozone/integration-test/target/test-dir/MiniOzoneClusterImpl-cd85f641-6806-455e-b969-480e50aec385/datanode-6/data/ratis/c591313b-b74e-4b38-a51c-ba79495f1c9a] INFO  segmented.SegmentedRaftLogWorker (SegmentedRaftLogWorker.java:close(228)) - dba845b8-ea76-4e09-ab03-0883d354e493-SegmentedRaftLogWorker:Storage Directory /workdir/hadoop-ozone/integration-test/target/test-dir/MiniOzoneClusterImpl-cd85f641-6806-455e-b969-480e50aec385/datanode-6/data/ratis/c591313b-b74e-4b38-a51c-ba79495f1c9a close()
2019-09-20 04:49:09,652 [dba845b8-ea76-4e09-ab03-0883d354e493-SegmentedRaftLogWorker:Storage Directory /workdir/hadoop-ozone/integration-test/target/test-dir/MiniOzoneClusterImpl-cd85f641-6806-455e-b969-480e50aec385/datanode-6/data/ratis/b6278fde-a18a-4a63-9480-70b1a3dc31da] INFO  impl.RoleInfo (RoleInfo.java:shutdownLeaderState(104)) - dba845b8-ea76-4e09-ab03-0883d354e493: shutdown LeaderState
2019-09-20 04:49:09,664 [pool-218-thread-1] INFO  storage.RaftStorage (RaftStorage.java:format(72)) - Storage directory /workdir/hadoop-ozone/integration-test/target/test-dir/MiniOzoneClusterImpl-bb3956c2-c4d1-403a-b406-f8ec73b3905b/datanode-0/data/ratis/b95572b3-eaa8-4c64-8803-6c272a5b19d4 has been successfully formatted.
2019-09-20 04:49:09,652 [bd1a845e-f2ed-4713-9516-9ccc20139040-SegmentedRaftLogWorker:Storage Directory /workdir/hadoop-ozone/integration-test/target/test-dir/MiniOzoneClusterImpl-cd85f641-6806-455e-b969-480e50aec385/datanode-5/data/ratis/83ca4007-5456-4e7f-b31d-fc8f2e007a42] INFO  util.JmxRegister (JmxRegister.java:unregister(73)) - Successfully un-registered JMX Bean with object name Ratis:service=RaftServer,group=group-FC8F2E007A42,id=bd1a845e-f2ed-4713-9516-9ccc20139040
2019-09-20 04:49:09,664 [pool-218-thread-1] INFO  ratis.ContainerStateMachine (ContainerStateMachine.java:loadSnapshot(226)) - group-6C272A5B19D4: The snapshot info is null. Setting the last applied indexto:(t:0, i:~)
2019-09-20 04:49:09,664 [dba845b8-ea76-4e09-ab03-0883d354e493-SegmentedRaftLogWorker:Storage Directory /workdir/hadoop-ozone/integration-test/target/test-dir/MiniOzoneClusterImpl-cd85f641-6806-455e-b969-480e50aec385/datanode-6/data/ratis/b6278fde-a18a-4a63-9480-70b1a3dc31da] INFO  impl.PendingRequests (PendingRequests.java:sendNotLeaderResponses(202)) - dba845b8-ea76-4e09-ab03-0883d354e493-PendingRequests: sendNotLeaderResponses
2019-09-20 04:49:09,664 [pool-218-thread-1] INFO  server.RaftServerConfigKeys (ConfUtils.java:logGet(43)) - raft.server.leader.election.timeout = 120s (custom)
2019-09-20 04:49:09,664 [pool-218-thread-1] INFO  server.RaftServerConfigKeys (ConfUtils.java:logGet(43)) - raft.server.log.use.memory = false (default)
2019-09-20 04:49:09,664 [bd1a845e-f2ed-4713-9516-9ccc20139040-SegmentedRaftLogWorker:Storage Directory /workdir/hadoop-ozone/integration-test/target/test-dir/MiniOzoneClusterImpl-cd85f641-6806-455e-b969-480e50aec385/datanode-5/data/ratis/83ca4007-5456-4e7f-b31d-fc8f2e007a42] INFO  impl.RoleInfo (RoleInfo.java:shutdownLeaderState(104)) - bd1a845e-f2ed-4713-9516-9ccc20139040: shutdown LeaderState
2019-09-20 04:49:09,665 [pool-218-thread-1] INFO  server.RaftServerConfigKeys (ConfUtils.java:logGet(43)) - raft.server.log.purge.gap = 1000000 (custom)
2019-09-20 04:49:09,664 [dba845b8-ea76-4e09-ab03-0883d354e493-SegmentedRaftLogWorker:Storage Directory /workdir/hadoop-ozone/integration-test/target/test-dir/MiniOzoneClusterImpl-cd85f641-6806-455e-b969-480e50aec385/datanode-6/data/ratis/b6278fde-a18a-4a63-9480-70b1a3dc31da] INFO  impl.StateMachineUpdater (StateMachineUpdater.java:stopAndJoin(115)) - StateMachineUpdater:dba845b8-ea76-4e09-ab03-0883d354e493:group-70B1A3DC31DA: set stopIndex = -1
2019-09-20 04:49:09,665 [pool-218-thread-1] INFO  server.RaftServerConfigKeys (ConfUtils.java:logGet(43)) - raft.server.log.appender.buffer.byte-limit = 33554432 (custom)
2019-09-20 04:49:09,665 [bd1a845e-f2ed-4713-9516-9ccc20139040-SegmentedRaftLogWorker:Storage Directory /workdir/hadoop-ozone/integration-test/target/test-dir/MiniOzoneClusterImpl-cd85f641-6806-455e-b969-480e50aec385/datanode-5/data/ratis/83ca4007-5456-4e7f-b31d-fc8f2e007a42] INFO  impl.PendingRequests (PendingRequests.java:sendNotLeaderResponses(202)) - bd1a845e-f2ed-4713-9516-9ccc20139040-PendingRequests: sendNotLeaderResponses
2019-09-20 04:49:09,665 [pool-218-thread-1] INFO  server.RaftServerConfigKeys (ConfUtils.java:logGet(43)) - raft.server.log.segment.size.max = 1048576 (custom)
2019-09-20 04:49:09,665 [pool-218-thread-1] INFO  server.RaftServerConfigKeys (ConfUtils.java:logGet(43)) - raft.server.log.segment.cache.num.max = 2 (custom)
2019-09-20 04:49:09,665 [dba845b8-ea76-4e09-ab03-0883d354e493-SegmentedRaftLogWorker:Storage Directory /workdir/hadoop-ozone/integration-test/target/test-dir/MiniOzoneClusterImpl-cd85f641-6806-455e-b969-480e50aec385/datanode-6/data/ratis/b6278fde-a18a-4a63-9480-70b1a3dc31da] INFO  impl.RaftServerImpl (ServerState.java:close(394)) - dba845b8-ea76-4e09-ab03-0883d354e493:group-70B1A3DC31DA closes. The last applied log index is -1
2019-09-20 04:49:09,666 [pool-218-thread-1] INFO  segmented.SegmentedRaftLogWorker (SegmentedRaftLogWorker.java:<init>(172)) - new eb30d72f-c0a8-4ecb-bfee-9120a9a6cddf-SegmentedRaftLogWorker:Storage Directory /workdir/hadoop-ozone/integration-test/target/test-dir/MiniOzoneClusterImpl-bb3956c2-c4d1-403a-b406-f8ec73b3905b/datanode-0/data/ratis/b95572b3-eaa8-4c64-8803-6c272a5b19d4 for RaftStorage:Storage Directory /workdir/hadoop-ozone/integration-test/target/test-dir/MiniOzoneClusterImpl-bb3956c2-c4d1-403a-b406-f8ec73b3905b/datanode-0/data/ratis/b95572b3-eaa8-4c64-8803-6c272a5b19d4
2019-09-20 04:49:09,665 [bd1a845e-f2ed-4713-9516-9ccc20139040-SegmentedRaftLogWorker:Storage Directory /workdir/hadoop-ozone/integration-test/target/test-dir/MiniOzoneClusterImpl-cd85f641-6806-455e-b969-480e50aec385/datanode-5/data/ratis/83ca4007-5456-4e7f-b31d-fc8f2e007a42] INFO  impl.StateMachineUpdater (StateMachineUpdater.java:stopAndJoin(115)) - StateMachineUpdater:bd1a845e-f2ed-4713-9516-9ccc20139040:group-FC8F2E007A42: set stopIndex = -1
2019-09-20 04:49:09,666 [pool-218-thread-1] INFO  server.RaftServerConfigKeys (ConfUtils.java:logGet(43)) - raft.server.log.queue.byte-limit = 2147483647 (custom)
2019-09-20 04:49:09,666 [pool-218-thread-1] INFO  server.RaftServerConfigKeys (ConfUtils.java:logGet(43)) - raft.server.log.queue.element-limit = 1024 (custom)
2019-09-20 04:49:09,666 [dba845b8-ea76-4e09-ab03-0883d354e493-SegmentedRaftLogWorker:Storage Directory /workdir/hadoop-ozone/integration-test/target/test-dir/MiniOzoneClusterImpl-cd85f641-6806-455e-b969-480e50aec385/datanode-6/data/ratis/b6278fde-a18a-4a63-9480-70b1a3dc31da] INFO  segmented.SegmentedRaftLogWorker (SegmentedRaftLogWorker.java:close(228)) - dba845b8-ea76-4e09-ab03-0883d354e493-SegmentedRaftLogWorker:Storage Directory /workdir/hadoop-ozone/integration-test/target/test-dir/MiniOzoneClusterImpl-cd85f641-6806-455e-b969-480e50aec385/datanode-6/data/ratis/b6278fde-a18a-4a63-9480-70b1a3dc31da close()
2019-09-20 04:49:09,666 [pool-218-thread-1] INFO  server.RaftServerConfigKeys (ConfUtils.java:logGet(43)) - raft.server.log.segment.size.max = 1048576 (custom)
2019-09-20 04:49:09,673 [pool-218-thread-1] INFO  server.RaftServerConfigKeys (ConfUtils.java:logGet(43)) - raft.server.log.preallocated.size = 16384 (custom)
2019-09-20 04:49:09,666 [bd1a845e-f2ed-4713-9516-9ccc20139040-SegmentedRaftLogWorker:Storage Directory /workdir/hadoop-ozone/integration-test/target/test-dir/MiniOzoneClusterImpl-cd85f641-6806-455e-b969-480e50aec385/datanode-5/data/ratis/83ca4007-5456-4e7f-b31d-fc8f2e007a42] INFO  impl.RaftServerImpl (ServerState.java:close(394)) - bd1a845e-f2ed-4713-9516-9ccc20139040:group-FC8F2E007A42 closes. The last applied log index is -1
2019-09-20 04:49:09,673 [pool-218-thread-1] INFO  server.RaftServerConfigKeys (ConfUtils.java:logGet(43)) - raft.server.log.write.buffer.size = 33554432 (custom)
2019-09-20 04:49:09,674 [bd1a845e-f2ed-4713-9516-9ccc20139040-SegmentedRaftLogWorker:Storage Directory /workdir/hadoop-ozone/integration-test/target/test-dir/MiniOzoneClusterImpl-cd85f641-6806-455e-b969-480e50aec385/datanode-5/data/ratis/83ca4007-5456-4e7f-b31d-fc8f2e007a42] INFO  segmented.SegmentedRaftLogWorker (SegmentedRaftLogWorker.java:close(228)) - bd1a845e-f2ed-4713-9516-9ccc20139040-SegmentedRaftLogWorker:Storage Directory /workdir/hadoop-ozone/integration-test/target/test-dir/MiniOzoneClusterImpl-cd85f641-6806-455e-b969-480e50aec385/datanode-5/data/ratis/83ca4007-5456-4e7f-b31d-fc8f2e007a42 close()
2019-09-20 04:49:09,674 [pool-218-thread-1] INFO  server.RaftServerConfigKeys (ConfUtils.java:logGet(43)) - raft.server.log.force.sync.num = 128 (default)
2019-09-20 04:49:09,680 [pool-218-thread-1] INFO  server.RaftServerConfigKeys (ConfUtils.java:logGet(43)) - raft.server.log.statemachine.data.sync = true (default)
2019-09-20 04:49:09,680 [pool-218-thread-1] INFO  server.RaftServerConfigKeys (ConfUtils.java:logGet(43)) - raft.server.log.statemachine.data.sync.timeout = 10s (default)
2019-09-20 04:49:09,680 [pool-218-thread-1] INFO  server.RaftServerConfigKeys (ConfUtils.java:logGet(43)) - raft.server.log.statemachine.data.sync.timeout.retry = -1 (default)
2019-09-20 04:49:09,680 [pool-218-thread-1] INFO  server.RaftServerConfigKeys (ConfUtils.java:logGet(43)) - raft.server.log.statemachine.data.caching.enabled = true (custom)
2019-09-20 04:49:09,681 [pool-218-thread-1] INFO  segmented.SegmentedRaftLogWorker (SegmentedRaftLogWorker.java:lambda$new$0(132)) - eb30d72f-c0a8-4ecb-bfee-9120a9a6cddf-SegmentedRaftLogWorker:Storage Directory /workdir/hadoop-ozone/integration-test/target/test-dir/MiniOzoneClusterImpl-bb3956c2-c4d1-403a-b406-f8ec73b3905b/datanode-0/data/ratis/b95572b3-eaa8-4c64-8803-6c272a5b19d4: flushIndex: setUnconditionally 0 -> -1
2019-09-20 04:49:09,681 [pool-218-thread-1] INFO  server.RaftServerConfigKeys (ConfUtils.java:logGet(43)) - raft.server.snapshot.auto.trigger.enabled = true (custom)
2019-09-20 04:49:09,681 [pool-218-thread-1] INFO  server.RaftServerConfigKeys (ConfUtils.java:logGet(43)) - raft.server.snapshot.auto.trigger.threshold = 10000 (custom)
2019-09-20 04:49:09,681 [pool-218-thread-1] INFO  server.RaftServerConfigKeys (ConfUtils.java:logGet(43)) - raft.server.retrycache.expirytime = 600000ms (custom)
2019-09-20 04:49:09,681 [pool-218-thread-1] INFO  impl.RaftServerImpl (RaftServerImpl.java:start(180)) - eb30d72f-c0a8-4ecb-bfee-9120a9a6cddf: start group-6C272A5B19D4
2019-09-20 04:49:09,681 [pool-218-thread-1] INFO  impl.RaftServerImpl (RaftServerImpl.java:setRole(171)) - eb30d72f-c0a8-4ecb-bfee-9120a9a6cddf:group-6C272A5B19D4 changes role from null to FOLLOWER at term 0 for startAsFollower
2019-09-20 04:49:09,681 [pool-218-thread-1] INFO  impl.RoleInfo (RoleInfo.java:updateAndGet(143)) - eb30d72f-c0a8-4ecb-bfee-9120a9a6cddf: start FollowerState
2019-09-20 04:49:09,682 [pool-218-thread-1] INFO  util.JmxRegister (JmxRegister.java:tryRegister(44)) - Successfully registered JMX Bean with object name Ratis:service=RaftServer,group=group-6C272A5B19D4,id=eb30d72f-c0a8-4ecb-bfee-9120a9a6cddf
2019-09-20 04:49:09,684 [RatisPipelineUtilsThread] INFO  pipeline.PipelineStateManager (PipelineStateManager.java:addPipeline(56)) - Created pipeline Pipeline[ Id: b95572b3-eaa8-4c64-8803-6c272a5b19d4, Nodes: eb30d72f-c0a8-4ecb-bfee-9120a9a6cddf{ip: 192.168.36.79, host: pr-hdds-1569-s8kj2-2266485376, networkLocation: /default-rack, certSerialId: null}, Type:RATIS, Factor:ONE, State:OPEN]
2019-09-20 04:49:09,684 [RatisPipelineUtilsThread] INFO  pipeline.PipelinePlacementPolicy (PipelinePlacementPolicy.java:meetCriteria(91)) - Pipeline Placement: Doesn't meet the criteria to be viable node： eb30d72f-c0a8-4ecb-bfee-9120a9a6cddf Heaviness: 6 limit: 5
2019-09-20 04:49:09,684 [RatisPipelineUtilsThread] ERROR pipeline.PipelinePlacementPolicy (PipelinePlacementPolicy.java:filterViableNodes(148)) - Unable to find enough nodes that meet the criteria that cannot engage in more than 5 pipelines. Nodes required: 1 Found: 0, healthy nodes count inNodeManager: 1.
2019-09-20 04:49:09,684 [RatisPipelineUtilsThread] ERROR pipeline.SCMPipelineManager (SCMPipelineManager.java:createPipeline(161)) - Pipeline creation failed due to exception: Unable to find enough nodes that meet the criteria that cannot engage in more than 5 pipelines. Nodes required: 1 Found: 0, healthy nodes count inNodeManager: 1.
2019-09-20 04:49:09,684 [RatisPipelineUtilsThread] ERROR pipeline.PipelinePlacementPolicy (PipelinePlacementPolicy.java:filterViableNodes(131)) - Not enough healthy nodes to allocate pipeline. 3  datanodes required. Found 1
2019-09-20 04:49:09,685 [RatisPipelineUtilsThread] ERROR pipeline.SCMPipelineManager (SCMPipelineManager.java:createPipeline(161)) - Pipeline creation failed due to exception: Not enough healthy nodes to allocate pipeline. 3  datanodes required. Found 1
2019-09-20 04:49:09,685 [RatisPipelineUtilsThread] INFO  pipeline.PipelinePlacementPolicy (PipelinePlacementPolicy.java:meetCriteria(91)) - Pipeline Placement: Doesn't meet the criteria to be viable node： eb30d72f-c0a8-4ecb-bfee-9120a9a6cddf Heaviness: 6 limit: 5
2019-09-20 04:49:09,685 [RatisPipelineUtilsThread] ERROR pipeline.PipelinePlacementPolicy (PipelinePlacementPolicy.java:filterViableNodes(148)) - Unable to find enough nodes that meet the criteria that cannot engage in more than 5 pipelines. Nodes required: 1 Found: 0, healthy nodes count inNodeManager: 1.
2019-09-20 04:49:09,685 [RatisPipelineUtilsThread] ERROR pipeline.SCMPipelineManager (SCMPipelineManager.java:createPipeline(161)) - Pipeline creation failed due to exception: Unable to find enough nodes that meet the criteria that cannot engage in more than 5 pipelines. Nodes required: 1 Found: 0, healthy nodes count inNodeManager: 1.
2019-09-20 04:49:09,685 [RatisPipelineUtilsThread] ERROR pipeline.PipelinePlacementPolicy (PipelinePlacementPolicy.java:filterViableNodes(131)) - Not enough healthy nodes to allocate pipeline. 3  datanodes required. Found 1
2019-09-20 04:49:09,685 [RatisPipelineUtilsThread] ERROR pipeline.SCMPipelineManager (SCMPipelineManager.java:createPipeline(161)) - Pipeline creation failed due to exception: Not enough healthy nodes to allocate pipeline. 3  datanodes required. Found 1
2019-09-20 04:49:09,728 [dba845b8-ea76-4e09-ab03-0883d354e493-SegmentedRaftLogWorker:Storage Directory /workdir/hadoop-ozone/integration-test/target/test-dir/MiniOzoneClusterImpl-cd85f641-6806-455e-b969-480e50aec385/datanode-6/data/ratis/4146dea1-d3f6-4b67-8303-b12f52e3b071] ERROR segmented.SegmentedRaftLogWorker (SegmentedRaftLogWorker.java:run(323)) - dba845b8-ea76-4e09-ab03-0883d354e493-SegmentedRaftLogWorker:Storage Directory /workdir/hadoop-ozone/integration-test/target/test-dir/MiniOzoneClusterImpl-cd85f641-6806-455e-b969-480e50aec385/datanode-6/data/ratis/4146dea1-d3f6-4b67-8303-b12f52e3b071 hit exception
java.lang.OutOfMemoryError: Direct buffer memory
	at java.nio.Bits.reserveMemory(Bits.java:666)
	at java.nio.DirectByteBuffer.<init>(DirectByteBuffer.java:123)
	at java.nio.ByteBuffer.allocateDirect(ByteBuffer.java:311)
	at org.apache.ratis.server.raftlog.segmented.BufferedWriteChannel.<init>(BufferedWriteChannel.java:41)
	at org.apache.ratis.server.raftlog.segmented.SegmentedRaftLogOutputStream.<init>(SegmentedRaftLogOutputStream.java:72)
	at org.apache.ratis.server.raftlog.segmented.SegmentedRaftLogWorker$StartLogSegment.execute(SegmentedRaftLogWorker.java:566)
	at org.apache.ratis.server.raftlog.segmented.SegmentedRaftLogWorker.run(SegmentedRaftLogWorker.java:289)
	at java.lang.Thread.run(Thread.java:748)
2019-09-20 04:49:09,742 [dba845b8-ea76-4e09-ab03-0883d354e493-SegmentedRaftLogWorker:Storage Directory /workdir/hadoop-ozone/integration-test/target/test-dir/MiniOzoneClusterImpl-cd85f641-6806-455e-b969-480e50aec385/datanode-6/data/ratis/4146dea1-d3f6-4b67-8303-b12f52e3b071] INFO  impl.RaftServerImpl (RaftServerImpl.java:lambda$shutdown$3(245)) - dba845b8-ea76-4e09-ab03-0883d354e493: shutdown group-B12F52E3B071
2019-09-20 04:49:09,742 | INFO  | ObjectStoreRestHttpServer | Listening HDDS REST traffic on /0.0.0.0:45449 |  
2019-09-20 04:49:09,742 [dba845b8-ea76-4e09-ab03-0883d354e493-SegmentedRaftLogWorker:Storage Directory /workdir/hadoop-ozone/integration-test/target/test-dir/MiniOzoneClusterImpl-cd85f641-6806-455e-b969-480e50aec385/datanode-6/data/ratis/4146dea1-d3f6-4b67-8303-b12f52e3b071] INFO  util.JmxRegister (JmxRegister.java:unregister(73)) - Successfully un-registered JMX Bean with object name Ratis:service=RaftServer,group=group-B12F52E3B071,id=dba845b8-ea76-4e09-ab03-0883d354e493
2019-09-20 04:49:09,742 [dba845b8-ea76-4e09-ab03-0883d354e493-SegmentedRaftLogWorker:Storage Directory /workdir/hadoop-ozone/integration-test/target/test-dir/MiniOzoneClusterImpl-cd85f641-6806-455e-b969-480e50aec385/datanode-6/data/ratis/4146dea1-d3f6-4b67-8303-b12f52e3b071] INFO  impl.RoleInfo (RoleInfo.java:shutdownLeaderState(104)) - dba845b8-ea76-4e09-ab03-0883d354e493: shutdown LeaderState
2019-09-20 04:49:09,742 [main] INFO  ozone.HddsDatanodeService (HddsDatanodeService.java:startPlugins(395)) - Started plug-in org.apache.hadoop.ozone.web.OzoneHddsDatanodeService@2fd8b081
2019-09-20 04:49:09,742 [dba845b8-ea76-4e09-ab03-0883d354e493-SegmentedRaftLogWorker:Storage Directory /workdir/hadoop-ozone/integration-test/target/test-dir/MiniOzoneClusterImpl-cd85f641-6806-455e-b969-480e50aec385/datanode-6/data/ratis/4146dea1-d3f6-4b67-8303-b12f52e3b071] INFO  impl.PendingRequests (PendingRequests.java:sendNotLeaderResponses(202)) - dba845b8-ea76-4e09-ab03-0883d354e493-PendingRequests: sendNotLeaderResponses
2019-09-20 04:49:09,743 [dba845b8-ea76-4e09-ab03-0883d354e493-SegmentedRaftLogWorker:Storage Directory /workdir/hadoop-ozone/integration-test/target/test-dir/MiniOzoneClusterImpl-cd85f641-6806-455e-b969-480e50aec385/datanode-6/data/ratis/4146dea1-d3f6-4b67-8303-b12f52e3b071] INFO  impl.StateMachineUpdater (StateMachineUpdater.java:stopAndJoin(115)) - StateMachineUpdater:dba845b8-ea76-4e09-ab03-0883d354e493:group-B12F52E3B071: set stopIndex = -1
2019-09-20 04:49:09,743 [main] INFO  impl.MetricsSystemImpl (MetricsSystemImpl.java:init(158)) - HddsDatanode metrics system started (again)
2019-09-20 04:49:09,743 [dba845b8-ea76-4e09-ab03-0883d354e493-SegmentedRaftLogWorker:Storage Directory /workdir/hadoop-ozone/integration-test/target/test-dir/MiniOzoneClusterImpl-cd85f641-6806-455e-b969-480e50aec385/datanode-6/data/ratis/4146dea1-d3f6-4b67-8303-b12f52e3b071] INFO  impl.RaftServerImpl (ServerState.java:close(394)) - dba845b8-ea76-4e09-ab03-0883d354e493:group-B12F52E3B071 closes. The last applied log index is -1
2019-09-20 04:49:09,743 [dba845b8-ea76-4e09-ab03-0883d354e493-SegmentedRaftLogWorker:Storage Directory /workdir/hadoop-ozone/integration-test/target/test-dir/MiniOzoneClusterImpl-cd85f641-6806-455e-b969-480e50aec385/datanode-6/data/ratis/4146dea1-d3f6-4b67-8303-b12f52e3b071] INFO  segmented.SegmentedRaftLogWorker (SegmentedRaftLogWorker.java:close(228)) - dba845b8-ea76-4e09-ab03-0883d354e493-SegmentedRaftLogWorker:Storage Directory /workdir/hadoop-ozone/integration-test/target/test-dir/MiniOzoneClusterImpl-cd85f641-6806-455e-b969-480e50aec385/datanode-6/data/ratis/4146dea1-d3f6-4b67-8303-b12f52e3b071 close()
2019-09-20 04:49:09,761 [org.apache.hadoop.util.JvmPauseMonitor$Monitor@421d1720] INFO  util.JvmPauseMonitor (JvmPauseMonitor.java:run(188)) - Starting JVM pause monitor
2019-09-20 04:49:09,851 [main] INFO  ozone.HddsDatanodeService (HddsDatanodeService.java:start(184)) - HddsDatanodeService host:pr-hdds-1569-s8kj2-2266485376 ip:192.168.36.79
2019-09-20 04:49:09,857 [Datanode State Machine Thread - 0] INFO  datanode.InitDatanodeState (InitDatanodeState.java:persistContainerDatanodeDetails(140)) - DatanodeDetails is persisted to /workdir/hadoop-ozone/integration-test/target/test-dir/MiniOzoneClusterImpl-bb3956c2-c4d1-403a-b406-f8ec73b3905b/datanode-5/meta/datanode.id
2019-09-20 04:49:09,875 [main] INFO  volume.HddsVolume (HddsVolume.java:<init>(176)) - Creating Volume: /workdir/hadoop-ozone/integration-test/target/test-dir/MiniOzoneClusterImpl-bb3956c2-c4d1-403a-b406-f8ec73b3905b/datanode-6/data/containers/hdds of  storage type : DISK and capacity : 1482555576320
2019-09-20 04:49:09,875 [main] INFO  volume.VolumeSet (VolumeSet.java:initializeVolumeSet(170)) - Added Volume : /workdir/hadoop-ozone/integration-test/target/test-dir/MiniOzoneClusterImpl-bb3956c2-c4d1-403a-b406-f8ec73b3905b/datanode-6/data/containers/hdds to VolumeSet
2019-09-20 04:49:09,875 [main] INFO  volume.ThrottledAsyncChecker (ThrottledAsyncChecker.java:schedule(140)) - Scheduling a check for org.apache.hadoop.ozone.container.common.volume.HddsVolume@34fcc5e3
2019-09-20 04:49:09,876 [main] INFO  volume.HddsVolumeChecker (HddsVolumeChecker.java:checkAllVolumes(203)) - Scheduled health check for volume org.apache.hadoop.ozone.container.common.volume.HddsVolume@34fcc5e3
2019-09-20 04:49:09,901 [main] INFO  impl.RaftServerProxy (ConfUtils.java:logGet(43)) - raft.rpc.type = GRPC (default)
2019-09-20 04:49:09,901 [main] INFO  grpc.GrpcFactory (GrpcFactory.java:checkPooledByteBufAllocatorUseCacheForAllThreads(45)) - PERFORMANCE WARNING: useCacheForAllThreads is true that may cause Netty to create a lot garbage objects and, as a result, trigger GC.
	It is recommended to disable useCacheForAllThreads by setting -Dorg.apache.ratis.thirdparty.io.netty.allocator.useCacheForAllThreads=false in command line.
2019-09-20 04:49:09,901 [main] INFO  grpc.GrpcConfigKeys$Server (ConfUtils.java:logGet(43)) - raft.grpc.server.port = 0 (default)
2019-09-20 04:49:09,901 [main] INFO  server.GrpcService (ConfUtils.java:logGet(43)) - raft.grpc.message.size.max = 33570816 (custom)
2019-09-20 04:49:09,902 [main] INFO  server.RaftServerConfigKeys (ConfUtils.java:logGet(43)) - raft.server.log.appender.buffer.byte-limit = 33554432 (custom)
2019-09-20 04:49:09,902 [main] INFO  server.GrpcService (ConfUtils.java:logGet(43)) - raft.grpc.flow.control.window = 1MB (=1048576) (default)
2019-09-20 04:49:09,902 [main] INFO  server.RaftServerConfigKeys (ConfUtils.java:logGet(43)) - raft.server.rpc.request.timeout = 3000ms (default)
2019-09-20 04:49:09,902 [main] INFO  server.RaftServerConfigKeys (ConfUtils.java:logGet(43)) - raft.server.storage.dir = [/workdir/hadoop-ozone/integration-test/target/test-dir/MiniOzoneClusterImpl-bb3956c2-c4d1-403a-b406-f8ec73b3905b/datanode-6/data/ratis] (custom)
2019-09-20 04:49:09,903 [main] INFO  replication.SimpleContainerDownloader (SimpleContainerDownloader.java:<init>(72)) - Starting container downloader service to copy containers to replicate.
2019-09-20 04:49:09,904 [main] INFO  hdfs.DFSUtil (DFSUtil.java:httpServerTemplateForNNAndJN(1641)) - Starting Web-server for hddsDatanode at: http://0.0.0.0:0
2019-09-20 04:49:09,905 [main] INFO  server.AuthenticationFilter (AuthenticationFilter.java:constructSecretProvider(240)) - Unable to initialize FileSignerSecretProvider, falling back to use random secrets.
2019-09-20 04:49:09,905 [main] WARN  http.HttpRequestLog (HttpRequestLog.java:getRequestLog(97)) - Jetty request log can only be enabled using Log4j
2019-09-20 04:49:09,907 [main] INFO  http.HttpServer2 (HttpServer2.java:addGlobalFilter(975)) - Added global filter 'safety' (class=org.apache.hadoop.http.HttpServer2$QuotingInputFilter)
2019-09-20 04:49:09,907 [main] INFO  http.HttpServer2 (HttpServer2.java:addFilter(948)) - Added filter static_user_filter (class=org.apache.hadoop.http.lib.StaticUserWebFilter$StaticUserFilter) to context hddsDatanode
2019-09-20 04:49:09,907 [main] INFO  http.HttpServer2 (HttpServer2.java:addFilter(958)) - Added filter static_user_filter (class=org.apache.hadoop.http.lib.StaticUserWebFilter$StaticUserFilter) to context logs
2019-09-20 04:49:09,907 [main] INFO  http.HttpServer2 (HttpServer2.java:addFilter(958)) - Added filter static_user_filter (class=org.apache.hadoop.http.lib.StaticUserWebFilter$StaticUserFilter) to context static
2019-09-20 04:49:09,908 [main] INFO  http.HttpServer2 (HttpServer2.java:bindListener(1191)) - Jetty bound to port 35667
2019-09-20 04:49:09,908 [main] INFO  server.Server (Server.java:doStart(351)) - jetty-9.3.24.v20180605, build timestamp: 2018-06-05T17:11:56Z, git hash: 84205aa28f11a4f31f2a3b86d1bba2cc8ab69827
2019-09-20 04:49:09,909 [main] INFO  handler.ContextHandler (ContextHandler.java:doStart(781)) - Started o.e.j.s.ServletContextHandler@48126a17{/logs,file:///workdir/hadoop-ozone/integration-test/target/log,AVAILABLE}
2019-09-20 04:49:09,910 [main] INFO  handler.ContextHandler (ContextHandler.java:doStart(781)) - Started o.e.j.s.ServletContextHandler@6f695077{/static,jar:file:/home/user/.m2/repository/org/apache/hadoop/hadoop-hdds-container-service/0.5.0-SNAPSHOT/hadoop-hdds-container-service-0.5.0-SNAPSHOT.jar!/webapps/static,AVAILABLE}
2019-09-20 04:49:09,965 [IPC Server handler 19 on 46304] INFO  net.NetworkTopology (NetworkTopologyImpl.java:add(110)) - Added a new node: /default-rack/8538cd65-7926-426b-8bad-fbd0f0550f9a
2019-09-20 04:49:09,965 [IPC Server handler 18 on 46304] INFO  net.NetworkTopology (NetworkTopologyImpl.java:add(110)) - Added a new node: /default-rack/f4e549ee-a6fa-4eb9-8541-129d0566fdf5
2019-09-20 04:49:09,965 [IPC Server handler 19 on 46304] INFO  node.SCMNodeManager (SCMNodeManager.java:register(273)) - Registered Data node : 8538cd65-7926-426b-8bad-fbd0f0550f9a{ip: 192.168.36.79, host: pr-hdds-1569-s8kj2-2266485376, networkLocation: /default-rack, certSerialId: null}
2019-09-20 04:49:09,965 [RatisPipelineUtilsThread] INFO  pipeline.PipelinePlacementPolicy (PipelinePlacementPolicy.java:meetCriteria(91)) - Pipeline Placement: Doesn't meet the criteria to be viable node： eb30d72f-c0a8-4ecb-bfee-9120a9a6cddf Heaviness: 6 limit: 5
2019-09-20 04:49:09,966 | INFO  | SCMAudit | user=jenkins1000 | ip=192.168.36.79 | op=REGISTER {datanodeDetails=8538cd65-7926-426b-8bad-fbd0f0550f9a{ip: 192.168.36.79, host: pr-hdds-1569-s8kj2-2266485376, networkLocation: /default-rack, certSerialId: null}} | ret=SUCCESS |  
2019-09-20 04:49:09,966 [IPC Server handler 18 on 46304] INFO  node.SCMNodeManager (SCMNodeManager.java:register(273)) - Registered Data node : f4e549ee-a6fa-4eb9-8541-129d0566fdf5{ip: 192.168.36.79, host: pr-hdds-1569-s8kj2-2266485376, networkLocation: /default-rack, certSerialId: null}
2019-09-20 04:49:09,966 | INFO  | SCMAudit | user=jenkins1000 | ip=192.168.36.79 | op=REGISTER {datanodeDetails=f4e549ee-a6fa-4eb9-8541-129d0566fdf5{ip: 192.168.36.79, host: pr-hdds-1569-s8kj2-2266485376, networkLocation: /default-rack, certSerialId: null}} | ret=SUCCESS |  
2019-09-20 04:49:09,970 [main] INFO  handler.ContextHandler (ContextHandler.java:doStart(781)) - Started o.e.j.w.WebAppContext@5b74bb75{/,file:///tmp/jetty-0.0.0.0-35667-hddsDatanode-_-any-5394567768169259422.dir/webapp/,AVAILABLE}{/hddsDatanode}
2019-09-20 04:49:09,976 [grpc-default-executor-0] INFO  impl.RaftServerProxy (RaftServerProxy.java:addNew(89)) - 8538cd65-7926-426b-8bad-fbd0f0550f9a: addNew group-0FD9AE1148B1:[8538cd65-7926-426b-8bad-fbd0f0550f9a:192.168.36.79:37381] returns group-0FD9AE1148B1:java.util.concurrent.CompletableFuture@32e5c8a0[Not completed]
2019-09-20 04:49:09,976 [main] INFO  server.AbstractConnector (AbstractConnector.java:doStart(278)) - Started ServerConnector@675bf541{HTTP/1.1,[http/1.1]}{0.0.0.0:35667}
2019-09-20 04:49:09,981 [main] INFO  server.Server (Server.java:doStart(419)) - Started @31969ms
2019-09-20 04:49:09,981 [pool-240-thread-1] INFO  impl.RaftServerImpl (RaftServerImpl.java:<init>(93)) - 8538cd65-7926-426b-8bad-fbd0f0550f9a: new RaftServerImpl for group-0FD9AE1148B1:[8538cd65-7926-426b-8bad-fbd0f0550f9a:192.168.36.79:37381] with ContainerStateMachine:uninitialized
2019-09-20 04:49:09,981 [pool-240-thread-1] INFO  server.RaftServerConfigKeys (ConfUtils.java:logGet(43)) - raft.server.rpc.timeout.min = 5s (custom)
2019-09-20 04:49:09,981 [pool-240-thread-1] INFO  server.RaftServerConfigKeys (ConfUtils.java:logGet(43)) - raft.server.rpc.timeout.max = 5200ms (custom)
2019-09-20 04:49:09,981 [pool-240-thread-1] INFO  server.RaftServerConfigKeys (ConfUtils.java:logGet(43)) - raft.server.rpcslowness.timeout = 120s (custom)
2019-09-20 04:49:09,982 [main] INFO  server.BaseHttpServer (BaseHttpServer.java:updateConnectorAddress(213)) - HTTP server of HDDSDATANODE is listening at http://0.0.0.0:35667
2019-09-20 04:49:09,982 [pool-240-thread-1] INFO  server.RaftServerConfigKeys (ConfUtils.java:logGet(43)) - raft.server.sleep.deviation.threshold = 300 (default)
2019-09-20 04:49:09,982 [pool-240-thread-1] INFO  server.RaftServerConfigKeys (ConfUtils.java:logGet(43)) - raft.server.log.appender.install.snapshot.enabled = false (custom)
2019-09-20 04:49:09,982 [pool-240-thread-1] INFO  impl.RaftServerImpl (ServerState.java:<init>(105)) - 8538cd65-7926-426b-8bad-fbd0f0550f9a:group-0FD9AE1148B1 ConfigurationManager, init=-1: [8538cd65-7926-426b-8bad-fbd0f0550f9a:192.168.36.79:37381], old=null, confs=<EMPTY_MAP>
2019-09-20 04:49:09,982 [pool-240-thread-1] INFO  server.RaftServerConfigKeys (ConfUtils.java:logGet(43)) - raft.server.storage.dir = [/workdir/hadoop-ozone/integration-test/target/test-dir/MiniOzoneClusterImpl-bb3956c2-c4d1-403a-b406-f8ec73b3905b/datanode-2/data/ratis] (custom)
2019-09-20 04:49:09,983 [pool-240-thread-1] INFO  storage.RaftStorageDirectory (RaftStorageDirectory.java:analyzeStorage(246)) - The storage directory /workdir/hadoop-ozone/integration-test/target/test-dir/MiniOzoneClusterImpl-bb3956c2-c4d1-403a-b406-f8ec73b3905b/datanode-2/data/ratis/f7b190a2-62be-4e4e-8e56-0fd9ae1148b1 does not exist. Creating ...
2019-09-20 04:49:10,006 [pool-240-thread-1] INFO  storage.RaftStorageDirectory (RaftStorageDirectory.java:tryLock(328)) - Lock on /workdir/hadoop-ozone/integration-test/target/test-dir/MiniOzoneClusterImpl-bb3956c2-c4d1-403a-b406-f8ec73b3905b/datanode-2/data/ratis/f7b190a2-62be-4e4e-8e56-0fd9ae1148b1/in_use.lock acquired by nodename 9457@pr-hdds-1569-s8kj2-2266485376
2019-09-20 04:49:10,031 [pool-240-thread-1] INFO  storage.RaftStorage (RaftStorage.java:format(72)) - Storage directory /workdir/hadoop-ozone/integration-test/target/test-dir/MiniOzoneClusterImpl-bb3956c2-c4d1-403a-b406-f8ec73b3905b/datanode-2/data/ratis/f7b190a2-62be-4e4e-8e56-0fd9ae1148b1 has been successfully formatted.
2019-09-20 04:49:10,031 [pool-240-thread-1] INFO  ratis.ContainerStateMachine (ContainerStateMachine.java:loadSnapshot(226)) - group-0FD9AE1148B1: The snapshot info is null. Setting the last applied indexto:(t:0, i:~)
2019-09-20 04:49:10,031 [pool-240-thread-1] INFO  server.RaftServerConfigKeys (ConfUtils.java:logGet(43)) - raft.server.leader.election.timeout = 120s (custom)
2019-09-20 04:49:10,031 [pool-240-thread-1] INFO  server.RaftServerConfigKeys (ConfUtils.java:logGet(43)) - raft.server.log.use.memory = false (default)
2019-09-20 04:49:10,032 [pool-240-thread-1] INFO  server.RaftServerConfigKeys (ConfUtils.java:logGet(43)) - raft.server.log.purge.gap = 1000000 (custom)
2019-09-20 04:49:10,032 [pool-240-thread-1] INFO  server.RaftServerConfigKeys (ConfUtils.java:logGet(43)) - raft.server.log.appender.buffer.byte-limit = 33554432 (custom)
2019-09-20 04:49:10,032 [pool-240-thread-1] INFO  server.RaftServerConfigKeys (ConfUtils.java:logGet(43)) - raft.server.log.segment.size.max = 1048576 (custom)
2019-09-20 04:49:10,032 [pool-240-thread-1] INFO  server.RaftServerConfigKeys (ConfUtils.java:logGet(43)) - raft.server.log.segment.cache.num.max = 2 (custom)
2019-09-20 04:49:10,032 [pool-240-thread-1] INFO  segmented.SegmentedRaftLogWorker (SegmentedRaftLogWorker.java:<init>(172)) - new 8538cd65-7926-426b-8bad-fbd0f0550f9a-SegmentedRaftLogWorker:Storage Directory /workdir/hadoop-ozone/integration-test/target/test-dir/MiniOzoneClusterImpl-bb3956c2-c4d1-403a-b406-f8ec73b3905b/datanode-2/data/ratis/f7b190a2-62be-4e4e-8e56-0fd9ae1148b1 for RaftStorage:Storage Directory /workdir/hadoop-ozone/integration-test/target/test-dir/MiniOzoneClusterImpl-bb3956c2-c4d1-403a-b406-f8ec73b3905b/datanode-2/data/ratis/f7b190a2-62be-4e4e-8e56-0fd9ae1148b1
2019-09-20 04:49:10,032 [pool-240-thread-1] INFO  server.RaftServerConfigKeys (ConfUtils.java:logGet(43)) - raft.server.log.queue.byte-limit = 2147483647 (custom)
2019-09-20 04:49:10,032 [pool-240-thread-1] INFO  server.RaftServerConfigKeys (ConfUtils.java:logGet(43)) - raft.server.log.queue.element-limit = 1024 (custom)
2019-09-20 04:49:10,032 [pool-240-thread-1] INFO  server.RaftServerConfigKeys (ConfUtils.java:logGet(43)) - raft.server.log.segment.size.max = 1048576 (custom)
2019-09-20 04:49:10,032 [pool-240-thread-1] INFO  server.RaftServerConfigKeys (ConfUtils.java:logGet(43)) - raft.server.log.preallocated.size = 16384 (custom)
2019-09-20 04:49:10,032 [pool-240-thread-1] INFO  server.RaftServerConfigKeys (ConfUtils.java:logGet(43)) - raft.server.log.write.buffer.size = 33554432 (custom)
2019-09-20 04:49:10,033 [pool-240-thread-1] INFO  server.RaftServerConfigKeys (ConfUtils.java:logGet(43)) - raft.server.log.force.sync.num = 128 (default)
2019-09-20 04:49:10,033 [pool-240-thread-1] INFO  server.RaftServerConfigKeys (ConfUtils.java:logGet(43)) - raft.server.log.statemachine.data.sync = true (default)
2019-09-20 04:49:10,033 [pool-240-thread-1] INFO  server.RaftServerConfigKeys (ConfUtils.java:logGet(43)) - raft.server.log.statemachine.data.sync.timeout = 10s (default)
2019-09-20 04:49:10,033 [pool-240-thread-1] INFO  server.RaftServerConfigKeys (ConfUtils.java:logGet(43)) - raft.server.log.statemachine.data.sync.timeout.retry = -1 (default)
2019-09-20 04:49:10,033 [pool-240-thread-1] INFO  server.RaftServerConfigKeys (ConfUtils.java:logGet(43)) - raft.server.log.statemachine.data.caching.enabled = true (custom)
2019-09-20 04:49:10,033 [pool-240-thread-1] INFO  segmented.SegmentedRaftLogWorker (SegmentedRaftLogWorker.java:lambda$new$0(132)) - 8538cd65-7926-426b-8bad-fbd0f0550f9a-SegmentedRaftLogWorker:Storage Directory /workdir/hadoop-ozone/integration-test/target/test-dir/MiniOzoneClusterImpl-bb3956c2-c4d1-403a-b406-f8ec73b3905b/datanode-2/data/ratis/f7b190a2-62be-4e4e-8e56-0fd9ae1148b1: flushIndex: setUnconditionally 0 -> -1
2019-09-20 04:49:10,033 [pool-240-thread-1] INFO  server.RaftServerConfigKeys (ConfUtils.java:logGet(43)) - raft.server.snapshot.auto.trigger.enabled = true (custom)
2019-09-20 04:49:10,033 [pool-240-thread-1] INFO  server.RaftServerConfigKeys (ConfUtils.java:logGet(43)) - raft.server.snapshot.auto.trigger.threshold = 10000 (custom)
2019-09-20 04:49:10,034 [pool-240-thread-1] INFO  server.RaftServerConfigKeys (ConfUtils.java:logGet(43)) - raft.server.retrycache.expirytime = 600000ms (custom)
2019-09-20 04:49:10,034 [pool-240-thread-1] INFO  impl.RaftServerImpl (RaftServerImpl.java:start(180)) - 8538cd65-7926-426b-8bad-fbd0f0550f9a: start group-0FD9AE1148B1
2019-09-20 04:49:10,034 [pool-240-thread-1] INFO  impl.RaftServerImpl (RaftServerImpl.java:setRole(171)) - 8538cd65-7926-426b-8bad-fbd0f0550f9a:group-0FD9AE1148B1 changes role from null to FOLLOWER at term 0 for startAsFollower
2019-09-20 04:49:10,034 [pool-240-thread-1] INFO  impl.RoleInfo (RoleInfo.java:updateAndGet(143)) - 8538cd65-7926-426b-8bad-fbd0f0550f9a: start FollowerState
2019-09-20 04:49:10,034 [pool-240-thread-1] INFO  util.JmxRegister (JmxRegister.java:tryRegister(44)) - Successfully registered JMX Bean with object name Ratis:service=RaftServer,group=group-0FD9AE1148B1,id=8538cd65-7926-426b-8bad-fbd0f0550f9a
2019-09-20 04:49:10,037 [RatisPipelineUtilsThread] INFO  pipeline.PipelineStateManager (PipelineStateManager.java:addPipeline(56)) - Created pipeline Pipeline[ Id: f7b190a2-62be-4e4e-8e56-0fd9ae1148b1, Nodes: 8538cd65-7926-426b-8bad-fbd0f0550f9a{ip: 192.168.36.79, host: pr-hdds-1569-s8kj2-2266485376, networkLocation: /default-rack, certSerialId: null}, Type:RATIS, Factor:ONE, State:OPEN]
2019-09-20 04:49:10,037 [RatisPipelineUtilsThread] INFO  pipeline.PipelinePlacementPolicy (PipelinePlacementPolicy.java:meetCriteria(91)) - Pipeline Placement: Doesn't meet the criteria to be viable node： eb30d72f-c0a8-4ecb-bfee-9120a9a6cddf Heaviness: 6 limit: 5
2019-09-20 04:49:10,042 [grpc-default-executor-0] INFO  impl.RaftServerProxy (RaftServerProxy.java:addNew(89)) - 8538cd65-7926-426b-8bad-fbd0f0550f9a: addNew group-F3715B7B99DC:[8538cd65-7926-426b-8bad-fbd0f0550f9a:192.168.36.79:37381] returns group-F3715B7B99DC:java.util.concurrent.CompletableFuture@4ad7e7b6[Not completed]
2019-09-20 04:49:10,043 [pool-240-thread-1] INFO  impl.RaftServerImpl (RaftServerImpl.java:<init>(93)) - 8538cd65-7926-426b-8bad-fbd0f0550f9a: new RaftServerImpl for group-F3715B7B99DC:[8538cd65-7926-426b-8bad-fbd0f0550f9a:192.168.36.79:37381] with ContainerStateMachine:uninitialized
2019-09-20 04:49:10,043 [pool-240-thread-1] INFO  server.RaftServerConfigKeys (ConfUtils.java:logGet(43)) - raft.server.rpc.timeout.min = 5s (custom)
2019-09-20 04:49:10,043 [pool-240-thread-1] INFO  server.RaftServerConfigKeys (ConfUtils.java:logGet(43)) - raft.server.rpc.timeout.max = 5200ms (custom)
2019-09-20 04:49:10,043 [pool-240-thread-1] INFO  server.RaftServerConfigKeys (ConfUtils.java:logGet(43)) - raft.server.rpcslowness.timeout = 120s (custom)
2019-09-20 04:49:10,043 [pool-240-thread-1] INFO  server.RaftServerConfigKeys (ConfUtils.java:logGet(43)) - raft.server.sleep.deviation.threshold = 300 (default)
2019-09-20 04:49:10,043 [pool-240-thread-1] INFO  server.RaftServerConfigKeys (ConfUtils.java:logGet(43)) - raft.server.log.appender.install.snapshot.enabled = false (custom)
2019-09-20 04:49:10,043 [pool-240-thread-1] INFO  impl.RaftServerImpl (ServerState.java:<init>(105)) - 8538cd65-7926-426b-8bad-fbd0f0550f9a:group-F3715B7B99DC ConfigurationManager, init=-1: [8538cd65-7926-426b-8bad-fbd0f0550f9a:192.168.36.79:37381], old=null, confs=<EMPTY_MAP>
2019-09-20 04:49:10,044 [pool-240-thread-1] INFO  server.RaftServerConfigKeys (ConfUtils.java:logGet(43)) - raft.server.storage.dir = [/workdir/hadoop-ozone/integration-test/target/test-dir/MiniOzoneClusterImpl-bb3956c2-c4d1-403a-b406-f8ec73b3905b/datanode-2/data/ratis] (custom)
2019-09-20 04:49:10,044 [pool-240-thread-1] INFO  storage.RaftStorageDirectory (RaftStorageDirectory.java:analyzeStorage(246)) - The storage directory /workdir/hadoop-ozone/integration-test/target/test-dir/MiniOzoneClusterImpl-bb3956c2-c4d1-403a-b406-f8ec73b3905b/datanode-2/data/ratis/2896fb55-a264-4caf-bb49-f3715b7b99dc does not exist. Creating ...
2019-09-20 04:49:10,065 [pool-240-thread-1] INFO  storage.RaftStorageDirectory (RaftStorageDirectory.java:tryLock(328)) - Lock on /workdir/hadoop-ozone/integration-test/target/test-dir/MiniOzoneClusterImpl-bb3956c2-c4d1-403a-b406-f8ec73b3905b/datanode-2/data/ratis/2896fb55-a264-4caf-bb49-f3715b7b99dc/in_use.lock acquired by nodename 9457@pr-hdds-1569-s8kj2-2266485376
2019-09-20 04:49:10,082 [pool-240-thread-1] INFO  storage.RaftStorage (RaftStorage.java:format(72)) - Storage directory /workdir/hadoop-ozone/integration-test/target/test-dir/MiniOzoneClusterImpl-bb3956c2-c4d1-403a-b406-f8ec73b3905b/datanode-2/data/ratis/2896fb55-a264-4caf-bb49-f3715b7b99dc has been successfully formatted.
2019-09-20 04:49:10,082 [pool-240-thread-1] INFO  ratis.ContainerStateMachine (ContainerStateMachine.java:loadSnapshot(226)) - group-F3715B7B99DC: The snapshot info is null. Setting the last applied indexto:(t:0, i:~)
2019-09-20 04:49:10,082 [pool-240-thread-1] INFO  server.RaftServerConfigKeys (ConfUtils.java:logGet(43)) - raft.server.leader.election.timeout = 120s (custom)
2019-09-20 04:49:10,082 [pool-240-thread-1] INFO  server.RaftServerConfigKeys (ConfUtils.java:logGet(43)) - raft.server.log.use.memory = false (default)
2019-09-20 04:49:10,083 [pool-240-thread-1] INFO  server.RaftServerConfigKeys (ConfUtils.java:logGet(43)) - raft.server.log.purge.gap = 1000000 (custom)
2019-09-20 04:49:10,083 [pool-240-thread-1] INFO  server.RaftServerConfigKeys (ConfUtils.java:logGet(43)) - raft.server.log.appender.buffer.byte-limit = 33554432 (custom)
2019-09-20 04:49:10,083 [pool-240-thread-1] INFO  server.RaftServerConfigKeys (ConfUtils.java:logGet(43)) - raft.server.log.segment.size.max = 1048576 (custom)
2019-09-20 04:49:10,083 [pool-240-thread-1] INFO  server.RaftServerConfigKeys (ConfUtils.java:logGet(43)) - raft.server.log.segment.cache.num.max = 2 (custom)
2019-09-20 04:49:10,083 [pool-240-thread-1] INFO  segmented.SegmentedRaftLogWorker (SegmentedRaftLogWorker.java:<init>(172)) - new 8538cd65-7926-426b-8bad-fbd0f0550f9a-SegmentedRaftLogWorker:Storage Directory /workdir/hadoop-ozone/integration-test/target/test-dir/MiniOzoneClusterImpl-bb3956c2-c4d1-403a-b406-f8ec73b3905b/datanode-2/data/ratis/2896fb55-a264-4caf-bb49-f3715b7b99dc for RaftStorage:Storage Directory /workdir/hadoop-ozone/integration-test/target/test-dir/MiniOzoneClusterImpl-bb3956c2-c4d1-403a-b406-f8ec73b3905b/datanode-2/data/ratis/2896fb55-a264-4caf-bb49-f3715b7b99dc
2019-09-20 04:49:10,083 [pool-240-thread-1] INFO  server.RaftServerConfigKeys (ConfUtils.java:logGet(43)) - raft.server.log.queue.byte-limit = 2147483647 (custom)
2019-09-20 04:49:10,084 [pool-240-thread-1] INFO  server.RaftServerConfigKeys (ConfUtils.java:logGet(43)) - raft.server.log.queue.element-limit = 1024 (custom)
2019-09-20 04:49:10,084 [pool-240-thread-1] INFO  server.RaftServerConfigKeys (ConfUtils.java:logGet(43)) - raft.server.log.segment.size.max = 1048576 (custom)
2019-09-20 04:49:10,084 [pool-240-thread-1] INFO  server.RaftServerConfigKeys (ConfUtils.java:logGet(43)) - raft.server.log.preallocated.size = 16384 (custom)
2019-09-20 04:49:10,084 [pool-240-thread-1] INFO  server.RaftServerConfigKeys (ConfUtils.java:logGet(43)) - raft.server.log.write.buffer.size = 33554432 (custom)
2019-09-20 04:49:10,084 [pool-240-thread-1] INFO  server.RaftServerConfigKeys (ConfUtils.java:logGet(43)) - raft.server.log.force.sync.num = 128 (default)
2019-09-20 04:49:10,084 [pool-240-thread-1] INFO  server.RaftServerConfigKeys (ConfUtils.java:logGet(43)) - raft.server.log.statemachine.data.sync = true (default)
2019-09-20 04:49:10,084 [pool-240-thread-1] INFO  server.RaftServerConfigKeys (ConfUtils.java:logGet(43)) - raft.server.log.statemachine.data.sync.timeout = 10s (default)
2019-09-20 04:49:10,085 [pool-240-thread-1] INFO  server.RaftServerConfigKeys (ConfUtils.java:logGet(43)) - raft.server.log.statemachine.data.sync.timeout.retry = -1 (default)
2019-09-20 04:49:10,085 [pool-240-thread-1] INFO  server.RaftServerConfigKeys (ConfUtils.java:logGet(43)) - raft.server.log.statemachine.data.caching.enabled = true (custom)
2019-09-20 04:49:10,085 [pool-240-thread-1] INFO  segmented.SegmentedRaftLogWorker (SegmentedRaftLogWorker.java:lambda$new$0(132)) - 8538cd65-7926-426b-8bad-fbd0f0550f9a-SegmentedRaftLogWorker:Storage Directory /workdir/hadoop-ozone/integration-test/target/test-dir/MiniOzoneClusterImpl-bb3956c2-c4d1-403a-b406-f8ec73b3905b/datanode-2/data/ratis/2896fb55-a264-4caf-bb49-f3715b7b99dc: flushIndex: setUnconditionally 0 -> -1
2019-09-20 04:49:10,085 [pool-240-thread-1] INFO  server.RaftServerConfigKeys (ConfUtils.java:logGet(43)) - raft.server.snapshot.auto.trigger.enabled = true (custom)
2019-09-20 04:49:10,085 [pool-240-thread-1] INFO  server.RaftServerConfigKeys (ConfUtils.java:logGet(43)) - raft.server.snapshot.auto.trigger.threshold = 10000 (custom)
2019-09-20 04:49:10,086 [pool-240-thread-1] INFO  server.RaftServerConfigKeys (ConfUtils.java:logGet(43)) - raft.server.retrycache.expirytime = 600000ms (custom)
2019-09-20 04:49:10,086 [pool-240-thread-1] INFO  impl.RaftServerImpl (RaftServerImpl.java:start(180)) - 8538cd65-7926-426b-8bad-fbd0f0550f9a: start group-F3715B7B99DC
2019-09-20 04:49:10,086 [pool-240-thread-1] INFO  impl.RaftServerImpl (RaftServerImpl.java:setRole(171)) - 8538cd65-7926-426b-8bad-fbd0f0550f9a:group-F3715B7B99DC changes role from null to FOLLOWER at term 0 for startAsFollower
2019-09-20 04:49:10,086 [pool-240-thread-1] INFO  impl.RoleInfo (RoleInfo.java:updateAndGet(143)) - 8538cd65-7926-426b-8bad-fbd0f0550f9a: start FollowerState
2019-09-20 04:49:10,086 [pool-240-thread-1] INFO  util.JmxRegister (JmxRegister.java:tryRegister(44)) - Successfully registered JMX Bean with object name Ratis:service=RaftServer,group=group-F3715B7B99DC,id=8538cd65-7926-426b-8bad-fbd0f0550f9a
2019-09-20 04:49:10,088 [RatisPipelineUtilsThread] INFO  pipeline.PipelineStateManager (PipelineStateManager.java:addPipeline(56)) - Created pipeline Pipeline[ Id: 2896fb55-a264-4caf-bb49-f3715b7b99dc, Nodes: 8538cd65-7926-426b-8bad-fbd0f0550f9a{ip: 192.168.36.79, host: pr-hdds-1569-s8kj2-2266485376, networkLocation: /default-rack, certSerialId: null}, Type:RATIS, Factor:ONE, State:OPEN]
2019-09-20 04:49:10,089 [RatisPipelineUtilsThread] INFO  pipeline.PipelinePlacementPolicy (PipelinePlacementPolicy.java:meetCriteria(91)) - Pipeline Placement: Doesn't meet the criteria to be viable node： eb30d72f-c0a8-4ecb-bfee-9120a9a6cddf Heaviness: 6 limit: 5
2019-09-20 04:49:10,099 [grpc-default-executor-0] INFO  impl.RaftServerProxy (RaftServerProxy.java:addNew(89)) - f4e549ee-a6fa-4eb9-8541-129d0566fdf5: addNew group-2F9ACABBF226:[f4e549ee-a6fa-4eb9-8541-129d0566fdf5:192.168.36.79:40144] returns group-2F9ACABBF226:java.util.concurrent.CompletableFuture@7e023624[Not completed]
2019-09-20 04:49:10,100 [pool-229-thread-1] INFO  impl.RaftServerImpl (RaftServerImpl.java:<init>(93)) - f4e549ee-a6fa-4eb9-8541-129d0566fdf5: new RaftServerImpl for group-2F9ACABBF226:[f4e549ee-a6fa-4eb9-8541-129d0566fdf5:192.168.36.79:40144] with ContainerStateMachine:uninitialized
2019-09-20 04:49:10,100 [pool-229-thread-1] INFO  server.RaftServerConfigKeys (ConfUtils.java:logGet(43)) - raft.server.rpc.timeout.min = 5s (custom)
2019-09-20 04:49:10,101 [pool-229-thread-1] INFO  server.RaftServerConfigKeys (ConfUtils.java:logGet(43)) - raft.server.rpc.timeout.max = 5200ms (custom)
2019-09-20 04:49:10,101 [pool-229-thread-1] INFO  server.RaftServerConfigKeys (ConfUtils.java:logGet(43)) - raft.server.rpcslowness.timeout = 120s (custom)
2019-09-20 04:49:10,101 [pool-229-thread-1] INFO  server.RaftServerConfigKeys (ConfUtils.java:logGet(43)) - raft.server.sleep.deviation.threshold = 300 (default)
2019-09-20 04:49:10,101 [pool-229-thread-1] INFO  server.RaftServerConfigKeys (ConfUtils.java:logGet(43)) - raft.server.log.appender.install.snapshot.enabled = false (custom)
2019-09-20 04:49:10,101 [pool-229-thread-1] INFO  impl.RaftServerImpl (ServerState.java:<init>(105)) - f4e549ee-a6fa-4eb9-8541-129d0566fdf5:group-2F9ACABBF226 ConfigurationManager, init=-1: [f4e549ee-a6fa-4eb9-8541-129d0566fdf5:192.168.36.79:40144], old=null, confs=<EMPTY_MAP>
2019-09-20 04:49:10,101 [pool-229-thread-1] INFO  server.RaftServerConfigKeys (ConfUtils.java:logGet(43)) - raft.server.storage.dir = [/workdir/hadoop-ozone/integration-test/target/test-dir/MiniOzoneClusterImpl-bb3956c2-c4d1-403a-b406-f8ec73b3905b/datanode-1/data/ratis] (custom)
2019-09-20 04:49:10,102 [pool-229-thread-1] INFO  storage.RaftStorageDirectory (RaftStorageDirectory.java:analyzeStorage(246)) - The storage directory /workdir/hadoop-ozone/integration-test/target/test-dir/MiniOzoneClusterImpl-bb3956c2-c4d1-403a-b406-f8ec73b3905b/datanode-1/data/ratis/b7304d56-e6d1-4fd5-a25d-2f9acabbf226 does not exist. Creating ...
2019-09-20 04:49:10,120 | INFO  | ObjectStoreRestHttpServer | Listening HDDS REST traffic on /0.0.0.0:45112 |  
2019-09-20 04:49:10,121 [main] INFO  ozone.HddsDatanodeService (HddsDatanodeService.java:startPlugins(395)) - Started plug-in org.apache.hadoop.ozone.web.OzoneHddsDatanodeService@4f0cdd0f
2019-09-20 04:49:10,121 [main] INFO  ozone.MiniOzoneClusterImpl (MiniOzoneClusterImpl.java:lambda$waitForClusterToBeReady$0(142)) - Waiting for cluster to be ready. Got 3 of 7 DN Heartbeats.
2019-09-20 04:49:10,122 [org.apache.hadoop.util.JvmPauseMonitor$Monitor@55d61fac] INFO  util.JvmPauseMonitor (JvmPauseMonitor.java:run(188)) - Starting JVM pause monitor
2019-09-20 04:49:10,123 [Datanode State Machine Thread - 0] INFO  datanode.InitDatanodeState (InitDatanodeState.java:persistContainerDatanodeDetails(140)) - DatanodeDetails is persisted to /workdir/hadoop-ozone/integration-test/target/test-dir/MiniOzoneClusterImpl-bb3956c2-c4d1-403a-b406-f8ec73b3905b/datanode-6/meta/datanode.id
2019-09-20 04:49:10,124 [pool-229-thread-1] INFO  storage.RaftStorageDirectory (RaftStorageDirectory.java:tryLock(328)) - Lock on /workdir/hadoop-ozone/integration-test/target/test-dir/MiniOzoneClusterImpl-bb3956c2-c4d1-403a-b406-f8ec73b3905b/datanode-1/data/ratis/b7304d56-e6d1-4fd5-a25d-2f9acabbf226/in_use.lock acquired by nodename 9457@pr-hdds-1569-s8kj2-2266485376
2019-09-20 04:49:10,152 [pool-229-thread-1] INFO  storage.RaftStorage (RaftStorage.java:format(72)) - Storage directory /workdir/hadoop-ozone/integration-test/target/test-dir/MiniOzoneClusterImpl-bb3956c2-c4d1-403a-b406-f8ec73b3905b/datanode-1/data/ratis/b7304d56-e6d1-4fd5-a25d-2f9acabbf226 has been successfully formatted.
2019-09-20 04:49:10,152 [pool-229-thread-1] INFO  ratis.ContainerStateMachine (ContainerStateMachine.java:loadSnapshot(226)) - group-2F9ACABBF226: The snapshot info is null. Setting the last applied indexto:(t:0, i:~)
2019-09-20 04:49:10,153 [pool-229-thread-1] INFO  server.RaftServerConfigKeys (ConfUtils.java:logGet(43)) - raft.server.leader.election.timeout = 120s (custom)
2019-09-20 04:49:10,153 [pool-229-thread-1] INFO  server.RaftServerConfigKeys (ConfUtils.java:logGet(43)) - raft.server.log.use.memory = false (default)
2019-09-20 04:49:10,153 [pool-229-thread-1] INFO  server.RaftServerConfigKeys (ConfUtils.java:logGet(43)) - raft.server.log.purge.gap = 1000000 (custom)
2019-09-20 04:49:10,153 [pool-229-thread-1] INFO  server.RaftServerConfigKeys (ConfUtils.java:logGet(43)) - raft.server.log.appender.buffer.byte-limit = 33554432 (custom)
2019-09-20 04:49:10,153 [pool-229-thread-1] INFO  server.RaftServerConfigKeys (ConfUtils.java:logGet(43)) - raft.server.log.segment.size.max = 1048576 (custom)
2019-09-20 04:49:10,153 [pool-229-thread-1] INFO  server.RaftServerConfigKeys (ConfUtils.java:logGet(43)) - raft.server.log.segment.cache.num.max = 2 (custom)
2019-09-20 04:49:10,153 [pool-229-thread-1] INFO  segmented.SegmentedRaftLogWorker (SegmentedRaftLogWorker.java:<init>(172)) - new f4e549ee-a6fa-4eb9-8541-129d0566fdf5-SegmentedRaftLogWorker:Storage Directory /workdir/hadoop-ozone/integration-test/target/test-dir/MiniOzoneClusterImpl-bb3956c2-c4d1-403a-b406-f8ec73b3905b/datanode-1/data/ratis/b7304d56-e6d1-4fd5-a25d-2f9acabbf226 for RaftStorage:Storage Directory /workdir/hadoop-ozone/integration-test/target/test-dir/MiniOzoneClusterImpl-bb3956c2-c4d1-403a-b406-f8ec73b3905b/datanode-1/data/ratis/b7304d56-e6d1-4fd5-a25d-2f9acabbf226
2019-09-20 04:49:10,153 [pool-229-thread-1] INFO  server.RaftServerConfigKeys (ConfUtils.java:logGet(43)) - raft.server.log.queue.byte-limit = 2147483647 (custom)
2019-09-20 04:49:10,154 [pool-229-thread-1] INFO  server.RaftServerConfigKeys (ConfUtils.java:logGet(43)) - raft.server.log.queue.element-limit = 1024 (custom)
2019-09-20 04:49:10,154 [pool-229-thread-1] INFO  server.RaftServerConfigKeys (ConfUtils.java:logGet(43)) - raft.server.log.segment.size.max = 1048576 (custom)
2019-09-20 04:49:10,154 [pool-229-thread-1] INFO  server.RaftServerConfigKeys (ConfUtils.java:logGet(43)) - raft.server.log.preallocated.size = 16384 (custom)
2019-09-20 04:49:10,154 [pool-229-thread-1] INFO  server.RaftServerConfigKeys (ConfUtils.java:logGet(43)) - raft.server.log.write.buffer.size = 33554432 (custom)
2019-09-20 04:49:10,154 [pool-229-thread-1] INFO  server.RaftServerConfigKeys (ConfUtils.java:logGet(43)) - raft.server.log.force.sync.num = 128 (default)
2019-09-20 04:49:10,154 [pool-229-thread-1] INFO  server.RaftServerConfigKeys (ConfUtils.java:logGet(43)) - raft.server.log.statemachine.data.sync = true (default)
2019-09-20 04:49:10,154 [pool-229-thread-1] INFO  server.RaftServerConfigKeys (ConfUtils.java:logGet(43)) - raft.server.log.statemachine.data.sync.timeout = 10s (default)
2019-09-20 04:49:10,154 [pool-229-thread-1] INFO  server.RaftServerConfigKeys (ConfUtils.java:logGet(43)) - raft.server.log.statemachine.data.sync.timeout.retry = -1 (default)
2019-09-20 04:49:10,155 [pool-229-thread-1] INFO  server.RaftServerConfigKeys (ConfUtils.java:logGet(43)) - raft.server.log.statemachine.data.caching.enabled = true (custom)
2019-09-20 04:49:10,155 [pool-229-thread-1] INFO  segmented.SegmentedRaftLogWorker (SegmentedRaftLogWorker.java:lambda$new$0(132)) - f4e549ee-a6fa-4eb9-8541-129d0566fdf5-SegmentedRaftLogWorker:Storage Directory /workdir/hadoop-ozone/integration-test/target/test-dir/MiniOzoneClusterImpl-bb3956c2-c4d1-403a-b406-f8ec73b3905b/datanode-1/data/ratis/b7304d56-e6d1-4fd5-a25d-2f9acabbf226: flushIndex: setUnconditionally 0 -> -1
2019-09-20 04:49:10,155 [pool-229-thread-1] INFO  server.RaftServerConfigKeys (ConfUtils.java:logGet(43)) - raft.server.snapshot.auto.trigger.enabled = true (custom)
2019-09-20 04:49:10,155 [pool-229-thread-1] INFO  server.RaftServerConfigKeys (ConfUtils.java:logGet(43)) - raft.server.snapshot.auto.trigger.threshold = 10000 (custom)
2019-09-20 04:49:10,156 [pool-229-thread-1] INFO  server.RaftServerConfigKeys (ConfUtils.java:logGet(43)) - raft.server.retrycache.expirytime = 600000ms (custom)
2019-09-20 04:49:10,156 [pool-229-thread-1] INFO  impl.RaftServerImpl (RaftServerImpl.java:start(180)) - f4e549ee-a6fa-4eb9-8541-129d0566fdf5: start group-2F9ACABBF226
2019-09-20 04:49:10,156 [pool-229-thread-1] INFO  impl.RaftServerImpl (RaftServerImpl.java:setRole(171)) - f4e549ee-a6fa-4eb9-8541-129d0566fdf5:group-2F9ACABBF226 changes role from null to FOLLOWER at term 0 for startAsFollower
2019-09-20 04:49:10,156 [pool-229-thread-1] INFO  impl.RoleInfo (RoleInfo.java:updateAndGet(143)) - f4e549ee-a6fa-4eb9-8541-129d0566fdf5: start FollowerState
2019-09-20 04:49:10,156 [pool-229-thread-1] INFO  util.JmxRegister (JmxRegister.java:tryRegister(44)) - Successfully registered JMX Bean with object name Ratis:service=RaftServer,group=group-2F9ACABBF226,id=f4e549ee-a6fa-4eb9-8541-129d0566fdf5
2019-09-20 04:49:10,158 [RatisPipelineUtilsThread] INFO  pipeline.PipelineStateManager (PipelineStateManager.java:addPipeline(56)) - Created pipeline Pipeline[ Id: b7304d56-e6d1-4fd5-a25d-2f9acabbf226, Nodes: f4e549ee-a6fa-4eb9-8541-129d0566fdf5{ip: 192.168.36.79, host: pr-hdds-1569-s8kj2-2266485376, networkLocation: /default-rack, certSerialId: null}, Type:RATIS, Factor:ONE, State:OPEN]
2019-09-20 04:49:10,158 [RatisPipelineUtilsThread] INFO  pipeline.PipelinePlacementPolicy (PipelinePlacementPolicy.java:meetCriteria(91)) - Pipeline Placement: Doesn't meet the criteria to be viable node： eb30d72f-c0a8-4ecb-bfee-9120a9a6cddf Heaviness: 6 limit: 5
2019-09-20 04:49:10,162 [grpc-default-executor-0] INFO  impl.RaftServerProxy (RaftServerProxy.java:addNew(89)) - f4e549ee-a6fa-4eb9-8541-129d0566fdf5: addNew group-B8D35009723B:[f4e549ee-a6fa-4eb9-8541-129d0566fdf5:192.168.36.79:40144] returns group-B8D35009723B:java.util.concurrent.CompletableFuture@63d1b993[Not completed]
2019-09-20 04:49:10,163 [pool-229-thread-1] INFO  impl.RaftServerImpl (RaftServerImpl.java:<init>(93)) - f4e549ee-a6fa-4eb9-8541-129d0566fdf5: new RaftServerImpl for group-B8D35009723B:[f4e549ee-a6fa-4eb9-8541-129d0566fdf5:192.168.36.79:40144] with ContainerStateMachine:uninitialized
2019-09-20 04:49:10,163 [pool-229-thread-1] INFO  server.RaftServerConfigKeys (ConfUtils.java:logGet(43)) - raft.server.rpc.timeout.min = 5s (custom)
2019-09-20 04:49:10,164 [pool-229-thread-1] INFO  server.RaftServerConfigKeys (ConfUtils.java:logGet(43)) - raft.server.rpc.timeout.max = 5200ms (custom)
2019-09-20 04:49:10,164 [pool-229-thread-1] INFO  server.RaftServerConfigKeys (ConfUtils.java:logGet(43)) - raft.server.rpcslowness.timeout = 120s (custom)
2019-09-20 04:49:10,164 [pool-229-thread-1] INFO  server.RaftServerConfigKeys (ConfUtils.java:logGet(43)) - raft.server.sleep.deviation.threshold = 300 (default)
2019-09-20 04:49:10,164 [pool-229-thread-1] INFO  server.RaftServerConfigKeys (ConfUtils.java:logGet(43)) - raft.server.log.appender.install.snapshot.enabled = false (custom)
2019-09-20 04:49:10,164 [pool-229-thread-1] INFO  impl.RaftServerImpl (ServerState.java:<init>(105)) - f4e549ee-a6fa-4eb9-8541-129d0566fdf5:group-B8D35009723B ConfigurationManager, init=-1: [f4e549ee-a6fa-4eb9-8541-129d0566fdf5:192.168.36.79:40144], old=null, confs=<EMPTY_MAP>
2019-09-20 04:49:10,164 [pool-229-thread-1] INFO  server.RaftServerConfigKeys (ConfUtils.java:logGet(43)) - raft.server.storage.dir = [/workdir/hadoop-ozone/integration-test/target/test-dir/MiniOzoneClusterImpl-bb3956c2-c4d1-403a-b406-f8ec73b3905b/datanode-1/data/ratis] (custom)
2019-09-20 04:49:10,164 [pool-229-thread-1] INFO  storage.RaftStorageDirectory (RaftStorageDirectory.java:analyzeStorage(246)) - The storage directory /workdir/hadoop-ozone/integration-test/target/test-dir/MiniOzoneClusterImpl-bb3956c2-c4d1-403a-b406-f8ec73b3905b/datanode-1/data/ratis/5d268bd6-8c89-4bad-a48a-b8d35009723b does not exist. Creating ...
2019-09-20 04:49:10,198 [pool-229-thread-1] INFO  storage.RaftStorageDirectory (RaftStorageDirectory.java:tryLock(328)) - Lock on /workdir/hadoop-ozone/integration-test/target/test-dir/MiniOzoneClusterImpl-bb3956c2-c4d1-403a-b406-f8ec73b3905b/datanode-1/data/ratis/5d268bd6-8c89-4bad-a48a-b8d35009723b/in_use.lock acquired by nodename 9457@pr-hdds-1569-s8kj2-2266485376
2019-09-20 04:49:10,202 | INFO  | SCMAudit | user=jenkins1000 | ip=192.168.36.79 | op=SEND_HEARTBEAT {datanodeUUID=c4f6294c-eda3-4afd-81f7-e69ed14da69f, command=[]} | ret=SUCCESS |  
2019-09-20 04:49:10,202 | INFO  | SCMAudit | user=jenkins1000 | ip=192.168.36.79 | op=SEND_HEARTBEAT {datanodeUUID=dba845b8-ea76-4e09-ab03-0883d354e493, command=[]} | ret=SUCCESS |  
2019-09-20 04:49:10,233 [pool-229-thread-1] INFO  storage.RaftStorage (RaftStorage.java:format(72)) - Storage directory /workdir/hadoop-ozone/integration-test/target/test-dir/MiniOzoneClusterImpl-bb3956c2-c4d1-403a-b406-f8ec73b3905b/datanode-1/data/ratis/5d268bd6-8c89-4bad-a48a-b8d35009723b has been successfully formatted.
2019-09-20 04:49:10,233 [pool-229-thread-1] INFO  ratis.ContainerStateMachine (ContainerStateMachine.java:loadSnapshot(226)) - group-B8D35009723B: The snapshot info is null. Setting the last applied indexto:(t:0, i:~)
2019-09-20 04:49:10,233 [pool-229-thread-1] INFO  server.RaftServerConfigKeys (ConfUtils.java:logGet(43)) - raft.server.leader.election.timeout = 120s (custom)
2019-09-20 04:49:10,234 [pool-229-thread-1] INFO  server.RaftServerConfigKeys (ConfUtils.java:logGet(43)) - raft.server.log.use.memory = false (default)
2019-09-20 04:49:10,234 [pool-229-thread-1] INFO  server.RaftServerConfigKeys (ConfUtils.java:logGet(43)) - raft.server.log.purge.gap = 1000000 (custom)
2019-09-20 04:49:10,234 [pool-229-thread-1] INFO  server.RaftServerConfigKeys (ConfUtils.java:logGet(43)) - raft.server.log.appender.buffer.byte-limit = 33554432 (custom)
2019-09-20 04:49:10,234 [pool-229-thread-1] INFO  server.RaftServerConfigKeys (ConfUtils.java:logGet(43)) - raft.server.log.segment.size.max = 1048576 (custom)
2019-09-20 04:49:10,234 [pool-229-thread-1] INFO  server.RaftServerConfigKeys (ConfUtils.java:logGet(43)) - raft.server.log.segment.cache.num.max = 2 (custom)
2019-09-20 04:49:10,234 [pool-229-thread-1] INFO  segmented.SegmentedRaftLogWorker (SegmentedRaftLogWorker.java:<init>(172)) - new f4e549ee-a6fa-4eb9-8541-129d0566fdf5-SegmentedRaftLogWorker:Storage Directory /workdir/hadoop-ozone/integration-test/target/test-dir/MiniOzoneClusterImpl-bb3956c2-c4d1-403a-b406-f8ec73b3905b/datanode-1/data/ratis/5d268bd6-8c89-4bad-a48a-b8d35009723b for RaftStorage:Storage Directory /workdir/hadoop-ozone/integration-test/target/test-dir/MiniOzoneClusterImpl-bb3956c2-c4d1-403a-b406-f8ec73b3905b/datanode-1/data/ratis/5d268bd6-8c89-4bad-a48a-b8d35009723b
2019-09-20 04:49:10,234 [pool-229-thread-1] INFO  server.RaftServerConfigKeys (ConfUtils.java:logGet(43)) - raft.server.log.queue.byte-limit = 2147483647 (custom)
2019-09-20 04:49:10,234 [pool-229-thread-1] INFO  server.RaftServerConfigKeys (ConfUtils.java:logGet(43)) - raft.server.log.queue.element-limit = 1024 (custom)
2019-09-20 04:49:10,235 [pool-229-thread-1] INFO  server.RaftServerConfigKeys (ConfUtils.java:logGet(43)) - raft.server.log.segment.size.max = 1048576 (custom)
2019-09-20 04:49:10,235 [pool-229-thread-1] INFO  server.RaftServerConfigKeys (ConfUtils.java:logGet(43)) - raft.server.log.preallocated.size = 16384 (custom)
2019-09-20 04:49:10,235 [pool-229-thread-1] INFO  server.RaftServerConfigKeys (ConfUtils.java:logGet(43)) - raft.server.log.write.buffer.size = 33554432 (custom)
2019-09-20 04:49:10,235 [pool-229-thread-1] INFO  server.RaftServerConfigKeys (ConfUtils.java:logGet(43)) - raft.server.log.force.sync.num = 128 (default)
2019-09-20 04:49:10,235 [pool-229-thread-1] INFO  server.RaftServerConfigKeys (ConfUtils.java:logGet(43)) - raft.server.log.statemachine.data.sync = true (default)
2019-09-20 04:49:10,235 [pool-229-thread-1] INFO  server.RaftServerConfigKeys (ConfUtils.java:logGet(43)) - raft.server.log.statemachine.data.sync.timeout = 10s (default)
2019-09-20 04:49:10,235 [pool-229-thread-1] INFO  server.RaftServerConfigKeys (ConfUtils.java:logGet(43)) - raft.server.log.statemachine.data.sync.timeout.retry = -1 (default)
2019-09-20 04:49:10,235 [pool-229-thread-1] INFO  server.RaftServerConfigKeys (ConfUtils.java:logGet(43)) - raft.server.log.statemachine.data.caching.enabled = true (custom)
2019-09-20 04:49:10,235 [pool-229-thread-1] INFO  segmented.SegmentedRaftLogWorker (SegmentedRaftLogWorker.java:lambda$new$0(132)) - f4e549ee-a6fa-4eb9-8541-129d0566fdf5-SegmentedRaftLogWorker:Storage Directory /workdir/hadoop-ozone/integration-test/target/test-dir/MiniOzoneClusterImpl-bb3956c2-c4d1-403a-b406-f8ec73b3905b/datanode-1/data/ratis/5d268bd6-8c89-4bad-a48a-b8d35009723b: flushIndex: setUnconditionally 0 -> -1
2019-09-20 04:49:10,236 [pool-229-thread-1] INFO  server.RaftServerConfigKeys (ConfUtils.java:logGet(43)) - raft.server.snapshot.auto.trigger.enabled = true (custom)
2019-09-20 04:49:10,236 [pool-229-thread-1] INFO  server.RaftServerConfigKeys (ConfUtils.java:logGet(43)) - raft.server.snapshot.auto.trigger.threshold = 10000 (custom)
2019-09-20 04:49:10,236 [pool-229-thread-1] INFO  server.RaftServerConfigKeys (ConfUtils.java:logGet(43)) - raft.server.retrycache.expirytime = 600000ms (custom)
2019-09-20 04:49:10,236 [pool-229-thread-1] INFO  impl.RaftServerImpl (RaftServerImpl.java:start(180)) - f4e549ee-a6fa-4eb9-8541-129d0566fdf5: start group-B8D35009723B
2019-09-20 04:49:10,236 [pool-229-thread-1] INFO  impl.RaftServerImpl (RaftServerImpl.java:setRole(171)) - f4e549ee-a6fa-4eb9-8541-129d0566fdf5:group-B8D35009723B changes role from null to FOLLOWER at term 0 for startAsFollower
2019-09-20 04:49:10,236 [pool-229-thread-1] INFO  impl.RoleInfo (RoleInfo.java:updateAndGet(143)) - f4e549ee-a6fa-4eb9-8541-129d0566fdf5: start FollowerState
2019-09-20 04:49:10,237 [pool-229-thread-1] INFO  util.JmxRegister (JmxRegister.java:tryRegister(44)) - Successfully registered JMX Bean with object name Ratis:service=RaftServer,group=group-B8D35009723B,id=f4e549ee-a6fa-4eb9-8541-129d0566fdf5
2019-09-20 04:49:10,239 [RatisPipelineUtilsThread] INFO  pipeline.PipelineStateManager (PipelineStateManager.java:addPipeline(56)) - Created pipeline Pipeline[ Id: 5d268bd6-8c89-4bad-a48a-b8d35009723b, Nodes: f4e549ee-a6fa-4eb9-8541-129d0566fdf5{ip: 192.168.36.79, host: pr-hdds-1569-s8kj2-2266485376, networkLocation: /default-rack, certSerialId: null}, Type:RATIS, Factor:ONE, State:OPEN]
2019-09-20 04:49:10,239 [RatisPipelineUtilsThread] INFO  pipeline.PipelinePlacementPolicy (PipelinePlacementPolicy.java:meetCriteria(91)) - Pipeline Placement: Doesn't meet the criteria to be viable node： eb30d72f-c0a8-4ecb-bfee-9120a9a6cddf Heaviness: 6 limit: 5
2019-09-20 04:49:10,243 [grpc-default-executor-0] INFO  impl.RaftServerProxy (RaftServerProxy.java:addNew(89)) - f4e549ee-a6fa-4eb9-8541-129d0566fdf5: addNew group-A7A58BAA9DB7:[f4e549ee-a6fa-4eb9-8541-129d0566fdf5:192.168.36.79:40144] returns group-A7A58BAA9DB7:java.util.concurrent.CompletableFuture@1b363cb9[Not completed]
2019-09-20 04:49:10,244 [pool-229-thread-1] INFO  impl.RaftServerImpl (RaftServerImpl.java:<init>(93)) - f4e549ee-a6fa-4eb9-8541-129d0566fdf5: new RaftServerImpl for group-A7A58BAA9DB7:[f4e549ee-a6fa-4eb9-8541-129d0566fdf5:192.168.36.79:40144] with ContainerStateMachine:uninitialized
2019-09-20 04:49:10,244 [pool-229-thread-1] INFO  server.RaftServerConfigKeys (ConfUtils.java:logGet(43)) - raft.server.rpc.timeout.min = 5s (custom)
2019-09-20 04:49:10,244 [pool-229-thread-1] INFO  server.RaftServerConfigKeys (ConfUtils.java:logGet(43)) - raft.server.rpc.timeout.max = 5200ms (custom)
2019-09-20 04:49:10,244 [pool-229-thread-1] INFO  server.RaftServerConfigKeys (ConfUtils.java:logGet(43)) - raft.server.rpcslowness.timeout = 120s (custom)
2019-09-20 04:49:10,244 [pool-229-thread-1] INFO  server.RaftServerConfigKeys (ConfUtils.java:logGet(43)) - raft.server.sleep.deviation.threshold = 300 (default)
2019-09-20 04:49:10,244 [pool-229-thread-1] INFO  server.RaftServerConfigKeys (ConfUtils.java:logGet(43)) - raft.server.log.appender.install.snapshot.enabled = false (custom)
2019-09-20 04:49:10,245 [pool-229-thread-1] INFO  impl.RaftServerImpl (ServerState.java:<init>(105)) - f4e549ee-a6fa-4eb9-8541-129d0566fdf5:group-A7A58BAA9DB7 ConfigurationManager, init=-1: [f4e549ee-a6fa-4eb9-8541-129d0566fdf5:192.168.36.79:40144], old=null, confs=<EMPTY_MAP>
2019-09-20 04:49:10,245 [pool-229-thread-1] INFO  server.RaftServerConfigKeys (ConfUtils.java:logGet(43)) - raft.server.storage.dir = [/workdir/hadoop-ozone/integration-test/target/test-dir/MiniOzoneClusterImpl-bb3956c2-c4d1-403a-b406-f8ec73b3905b/datanode-1/data/ratis] (custom)
2019-09-20 04:49:10,245 [pool-229-thread-1] INFO  storage.RaftStorageDirectory (RaftStorageDirectory.java:analyzeStorage(246)) - The storage directory /workdir/hadoop-ozone/integration-test/target/test-dir/MiniOzoneClusterImpl-bb3956c2-c4d1-403a-b406-f8ec73b3905b/datanode-1/data/ratis/d25b7440-bec0-4bb2-b353-a7a58baa9db7 does not exist. Creating ...
2019-09-20 04:49:10,262 [pool-229-thread-1] INFO  storage.RaftStorageDirectory (RaftStorageDirectory.java:tryLock(328)) - Lock on /workdir/hadoop-ozone/integration-test/target/test-dir/MiniOzoneClusterImpl-bb3956c2-c4d1-403a-b406-f8ec73b3905b/datanode-1/data/ratis/d25b7440-bec0-4bb2-b353-a7a58baa9db7/in_use.lock acquired by nodename 9457@pr-hdds-1569-s8kj2-2266485376
2019-09-20 04:49:10,277 [pool-229-thread-1] INFO  storage.RaftStorage (RaftStorage.java:format(72)) - Storage directory /workdir/hadoop-ozone/integration-test/target/test-dir/MiniOzoneClusterImpl-bb3956c2-c4d1-403a-b406-f8ec73b3905b/datanode-1/data/ratis/d25b7440-bec0-4bb2-b353-a7a58baa9db7 has been successfully formatted.
2019-09-20 04:49:10,277 [pool-229-thread-1] INFO  ratis.ContainerStateMachine (ContainerStateMachine.java:loadSnapshot(226)) - group-A7A58BAA9DB7: The snapshot info is null. Setting the last applied indexto:(t:0, i:~)
2019-09-20 04:49:10,277 [pool-229-thread-1] INFO  server.RaftServerConfigKeys (ConfUtils.java:logGet(43)) - raft.server.leader.election.timeout = 120s (custom)
2019-09-20 04:49:10,278 [pool-229-thread-1] INFO  server.RaftServerConfigKeys (ConfUtils.java:logGet(43)) - raft.server.log.use.memory = false (default)
2019-09-20 04:49:10,278 [pool-229-thread-1] INFO  server.RaftServerConfigKeys (ConfUtils.java:logGet(43)) - raft.server.log.purge.gap = 1000000 (custom)
2019-09-20 04:49:10,278 [pool-229-thread-1] INFO  server.RaftServerConfigKeys (ConfUtils.java:logGet(43)) - raft.server.log.appender.buffer.byte-limit = 33554432 (custom)
2019-09-20 04:49:10,278 [pool-229-thread-1] INFO  server.RaftServerConfigKeys (ConfUtils.java:logGet(43)) - raft.server.log.segment.size.max = 1048576 (custom)
2019-09-20 04:49:10,278 [pool-229-thread-1] INFO  server.RaftServerConfigKeys (ConfUtils.java:logGet(43)) - raft.server.log.segment.cache.num.max = 2 (custom)
2019-09-20 04:49:10,278 [pool-229-thread-1] INFO  segmented.SegmentedRaftLogWorker (SegmentedRaftLogWorker.java:<init>(172)) - new f4e549ee-a6fa-4eb9-8541-129d0566fdf5-SegmentedRaftLogWorker:Storage Directory /workdir/hadoop-ozone/integration-test/target/test-dir/MiniOzoneClusterImpl-bb3956c2-c4d1-403a-b406-f8ec73b3905b/datanode-1/data/ratis/d25b7440-bec0-4bb2-b353-a7a58baa9db7 for RaftStorage:Storage Directory /workdir/hadoop-ozone/integration-test/target/test-dir/MiniOzoneClusterImpl-bb3956c2-c4d1-403a-b406-f8ec73b3905b/datanode-1/data/ratis/d25b7440-bec0-4bb2-b353-a7a58baa9db7
2019-09-20 04:49:10,278 [pool-229-thread-1] INFO  server.RaftServerConfigKeys (ConfUtils.java:logGet(43)) - raft.server.log.queue.byte-limit = 2147483647 (custom)
2019-09-20 04:49:10,278 [pool-229-thread-1] INFO  server.RaftServerConfigKeys (ConfUtils.java:logGet(43)) - raft.server.log.queue.element-limit = 1024 (custom)
2019-09-20 04:49:10,278 [pool-229-thread-1] INFO  server.RaftServerConfigKeys (ConfUtils.java:logGet(43)) - raft.server.log.segment.size.max = 1048576 (custom)
2019-09-20 04:49:10,279 [pool-229-thread-1] INFO  server.RaftServerConfigKeys (ConfUtils.java:logGet(43)) - raft.server.log.preallocated.size = 16384 (custom)
2019-09-20 04:49:10,279 [pool-229-thread-1] INFO  server.RaftServerConfigKeys (ConfUtils.java:logGet(43)) - raft.server.log.write.buffer.size = 33554432 (custom)
2019-09-20 04:49:10,279 [pool-229-thread-1] INFO  server.RaftServerConfigKeys (ConfUtils.java:logGet(43)) - raft.server.log.force.sync.num = 128 (default)
2019-09-20 04:49:10,279 [pool-229-thread-1] INFO  server.RaftServerConfigKeys (ConfUtils.java:logGet(43)) - raft.server.log.statemachine.data.sync = true (default)
2019-09-20 04:49:10,279 [pool-229-thread-1] INFO  server.RaftServerConfigKeys (ConfUtils.java:logGet(43)) - raft.server.log.statemachine.data.sync.timeout = 10s (default)
2019-09-20 04:49:10,279 [pool-229-thread-1] INFO  server.RaftServerConfigKeys (ConfUtils.java:logGet(43)) - raft.server.log.statemachine.data.sync.timeout.retry = -1 (default)
2019-09-20 04:49:10,279 [pool-229-thread-1] INFO  server.RaftServerConfigKeys (ConfUtils.java:logGet(43)) - raft.server.log.statemachine.data.caching.enabled = true (custom)
2019-09-20 04:49:10,279 [pool-229-thread-1] INFO  segmented.SegmentedRaftLogWorker (SegmentedRaftLogWorker.java:lambda$new$0(132)) - f4e549ee-a6fa-4eb9-8541-129d0566fdf5-SegmentedRaftLogWorker:Storage Directory /workdir/hadoop-ozone/integration-test/target/test-dir/MiniOzoneClusterImpl-bb3956c2-c4d1-403a-b406-f8ec73b3905b/datanode-1/data/ratis/d25b7440-bec0-4bb2-b353-a7a58baa9db7: flushIndex: setUnconditionally 0 -> -1
2019-09-20 04:49:10,280 [pool-229-thread-1] INFO  server.RaftServerConfigKeys (ConfUtils.java:logGet(43)) - raft.server.snapshot.auto.trigger.enabled = true (custom)
2019-09-20 04:49:10,280 [pool-229-thread-1] INFO  server.RaftServerConfigKeys (ConfUtils.java:logGet(43)) - raft.server.snapshot.auto.trigger.threshold = 10000 (custom)
2019-09-20 04:49:10,280 [pool-229-thread-1] INFO  server.RaftServerConfigKeys (ConfUtils.java:logGet(43)) - raft.server.retrycache.expirytime = 600000ms (custom)
2019-09-20 04:49:10,280 [pool-229-thread-1] INFO  impl.RaftServerImpl (RaftServerImpl.java:start(180)) - f4e549ee-a6fa-4eb9-8541-129d0566fdf5: start group-A7A58BAA9DB7
2019-09-20 04:49:10,280 [pool-229-thread-1] INFO  impl.RaftServerImpl (RaftServerImpl.java:setRole(171)) - f4e549ee-a6fa-4eb9-8541-129d0566fdf5:group-A7A58BAA9DB7 changes role from null to FOLLOWER at term 0 for startAsFollower
2019-09-20 04:49:10,280 [pool-229-thread-1] INFO  impl.RoleInfo (RoleInfo.java:updateAndGet(143)) - f4e549ee-a6fa-4eb9-8541-129d0566fdf5: start FollowerState
2019-09-20 04:49:10,281 [pool-229-thread-1] INFO  util.JmxRegister (JmxRegister.java:tryRegister(44)) - Successfully registered JMX Bean with object name Ratis:service=RaftServer,group=group-A7A58BAA9DB7,id=f4e549ee-a6fa-4eb9-8541-129d0566fdf5
2019-09-20 04:49:10,283 [RatisPipelineUtilsThread] INFO  pipeline.PipelineStateManager (PipelineStateManager.java:addPipeline(56)) - Created pipeline Pipeline[ Id: d25b7440-bec0-4bb2-b353-a7a58baa9db7, Nodes: f4e549ee-a6fa-4eb9-8541-129d0566fdf5{ip: 192.168.36.79, host: pr-hdds-1569-s8kj2-2266485376, networkLocation: /default-rack, certSerialId: null}, Type:RATIS, Factor:ONE, State:OPEN]
2019-09-20 04:49:10,283 [RatisPipelineUtilsThread] INFO  pipeline.PipelinePlacementPolicy (PipelinePlacementPolicy.java:meetCriteria(91)) - Pipeline Placement: Doesn't meet the criteria to be viable node： eb30d72f-c0a8-4ecb-bfee-9120a9a6cddf Heaviness: 6 limit: 5
2019-09-20 04:49:10,286 [grpc-default-executor-0] INFO  impl.RaftServerProxy (RaftServerProxy.java:addNew(89)) - 8538cd65-7926-426b-8bad-fbd0f0550f9a: addNew group-89DD9C3A796B:[8538cd65-7926-426b-8bad-fbd0f0550f9a:192.168.36.79:37381] returns group-89DD9C3A796B:java.util.concurrent.CompletableFuture@129f0d49[Not completed]
2019-09-20 04:49:10,287 [pool-240-thread-1] INFO  impl.RaftServerImpl (RaftServerImpl.java:<init>(93)) - 8538cd65-7926-426b-8bad-fbd0f0550f9a: new RaftServerImpl for group-89DD9C3A796B:[8538cd65-7926-426b-8bad-fbd0f0550f9a:192.168.36.79:37381] with ContainerStateMachine:uninitialized
2019-09-20 04:49:10,287 [pool-240-thread-1] INFO  server.RaftServerConfigKeys (ConfUtils.java:logGet(43)) - raft.server.rpc.timeout.min = 5s (custom)
2019-09-20 04:49:10,287 [pool-240-thread-1] INFO  server.RaftServerConfigKeys (ConfUtils.java:logGet(43)) - raft.server.rpc.timeout.max = 5200ms (custom)
2019-09-20 04:49:10,287 [pool-240-thread-1] INFO  server.RaftServerConfigKeys (ConfUtils.java:logGet(43)) - raft.server.rpcslowness.timeout = 120s (custom)
2019-09-20 04:49:10,288 [pool-240-thread-1] INFO  server.RaftServerConfigKeys (ConfUtils.java:logGet(43)) - raft.server.sleep.deviation.threshold = 300 (default)
2019-09-20 04:49:10,288 [pool-240-thread-1] INFO  server.RaftServerConfigKeys (ConfUtils.java:logGet(43)) - raft.server.log.appender.install.snapshot.enabled = false (custom)
2019-09-20 04:49:10,288 [pool-240-thread-1] INFO  impl.RaftServerImpl (ServerState.java:<init>(105)) - 8538cd65-7926-426b-8bad-fbd0f0550f9a:group-89DD9C3A796B ConfigurationManager, init=-1: [8538cd65-7926-426b-8bad-fbd0f0550f9a:192.168.36.79:37381], old=null, confs=<EMPTY_MAP>
2019-09-20 04:49:10,288 [pool-240-thread-1] INFO  server.RaftServerConfigKeys (ConfUtils.java:logGet(43)) - raft.server.storage.dir = [/workdir/hadoop-ozone/integration-test/target/test-dir/MiniOzoneClusterImpl-bb3956c2-c4d1-403a-b406-f8ec73b3905b/datanode-2/data/ratis] (custom)
2019-09-20 04:49:10,288 [pool-240-thread-1] INFO  storage.RaftStorageDirectory (RaftStorageDirectory.java:analyzeStorage(246)) - The storage directory /workdir/hadoop-ozone/integration-test/target/test-dir/MiniOzoneClusterImpl-bb3956c2-c4d1-403a-b406-f8ec73b3905b/datanode-2/data/ratis/ab0cc724-7d17-44ae-a200-89dd9c3a796b does not exist. Creating ...
2019-09-20 04:49:10,311 [pool-240-thread-1] INFO  storage.RaftStorageDirectory (RaftStorageDirectory.java:tryLock(328)) - Lock on /workdir/hadoop-ozone/integration-test/target/test-dir/MiniOzoneClusterImpl-bb3956c2-c4d1-403a-b406-f8ec73b3905b/datanode-2/data/ratis/ab0cc724-7d17-44ae-a200-89dd9c3a796b/in_use.lock acquired by nodename 9457@pr-hdds-1569-s8kj2-2266485376
2019-09-20 04:49:10,325 [pool-240-thread-1] INFO  storage.RaftStorage (RaftStorage.java:format(72)) - Storage directory /workdir/hadoop-ozone/integration-test/target/test-dir/MiniOzoneClusterImpl-bb3956c2-c4d1-403a-b406-f8ec73b3905b/datanode-2/data/ratis/ab0cc724-7d17-44ae-a200-89dd9c3a796b has been successfully formatted.
2019-09-20 04:49:10,326 [pool-240-thread-1] INFO  ratis.ContainerStateMachine (ContainerStateMachine.java:loadSnapshot(226)) - group-89DD9C3A796B: The snapshot info is null. Setting the last applied indexto:(t:0, i:~)
2019-09-20 04:49:10,326 [pool-240-thread-1] INFO  server.RaftServerConfigKeys (ConfUtils.java:logGet(43)) - raft.server.leader.election.timeout = 120s (custom)
2019-09-20 04:49:10,326 [pool-240-thread-1] INFO  server.RaftServerConfigKeys (ConfUtils.java:logGet(43)) - raft.server.log.use.memory = false (default)
2019-09-20 04:49:10,326 [pool-240-thread-1] INFO  server.RaftServerConfigKeys (ConfUtils.java:logGet(43)) - raft.server.log.purge.gap = 1000000 (custom)
2019-09-20 04:49:10,326 [pool-240-thread-1] INFO  server.RaftServerConfigKeys (ConfUtils.java:logGet(43)) - raft.server.log.appender.buffer.byte-limit = 33554432 (custom)
2019-09-20 04:49:10,326 [pool-240-thread-1] INFO  server.RaftServerConfigKeys (ConfUtils.java:logGet(43)) - raft.server.log.segment.size.max = 1048576 (custom)
2019-09-20 04:49:10,326 [pool-240-thread-1] INFO  server.RaftServerConfigKeys (ConfUtils.java:logGet(43)) - raft.server.log.segment.cache.num.max = 2 (custom)
2019-09-20 04:49:10,327 [pool-240-thread-1] INFO  segmented.SegmentedRaftLogWorker (SegmentedRaftLogWorker.java:<init>(172)) - new 8538cd65-7926-426b-8bad-fbd0f0550f9a-SegmentedRaftLogWorker:Storage Directory /workdir/hadoop-ozone/integration-test/target/test-dir/MiniOzoneClusterImpl-bb3956c2-c4d1-403a-b406-f8ec73b3905b/datanode-2/data/ratis/ab0cc724-7d17-44ae-a200-89dd9c3a796b for RaftStorage:Storage Directory /workdir/hadoop-ozone/integration-test/target/test-dir/MiniOzoneClusterImpl-bb3956c2-c4d1-403a-b406-f8ec73b3905b/datanode-2/data/ratis/ab0cc724-7d17-44ae-a200-89dd9c3a796b
2019-09-20 04:49:10,327 [pool-240-thread-1] INFO  server.RaftServerConfigKeys (ConfUtils.java:logGet(43)) - raft.server.log.queue.byte-limit = 2147483647 (custom)
2019-09-20 04:49:10,327 [pool-240-thread-1] INFO  server.RaftServerConfigKeys (ConfUtils.java:logGet(43)) - raft.server.log.queue.element-limit = 1024 (custom)
2019-09-20 04:49:10,327 [pool-240-thread-1] INFO  server.RaftServerConfigKeys (ConfUtils.java:logGet(43)) - raft.server.log.segment.size.max = 1048576 (custom)
2019-09-20 04:49:10,327 [pool-240-thread-1] INFO  server.RaftServerConfigKeys (ConfUtils.java:logGet(43)) - raft.server.log.preallocated.size = 16384 (custom)
2019-09-20 04:49:10,327 [pool-240-thread-1] INFO  server.RaftServerConfigKeys (ConfUtils.java:logGet(43)) - raft.server.log.write.buffer.size = 33554432 (custom)
2019-09-20 04:49:10,327 [pool-240-thread-1] INFO  server.RaftServerConfigKeys (ConfUtils.java:logGet(43)) - raft.server.log.force.sync.num = 128 (default)
2019-09-20 04:49:10,328 [pool-240-thread-1] INFO  server.RaftServerConfigKeys (ConfUtils.java:logGet(43)) - raft.server.log.statemachine.data.sync = true (default)
2019-09-20 04:49:10,328 [pool-240-thread-1] INFO  server.RaftServerConfigKeys (ConfUtils.java:logGet(43)) - raft.server.log.statemachine.data.sync.timeout = 10s (default)
2019-09-20 04:49:10,328 [pool-240-thread-1] INFO  server.RaftServerConfigKeys (ConfUtils.java:logGet(43)) - raft.server.log.statemachine.data.sync.timeout.retry = -1 (default)
2019-09-20 04:49:10,328 [pool-240-thread-1] INFO  server.RaftServerConfigKeys (ConfUtils.java:logGet(43)) - raft.server.log.statemachine.data.caching.enabled = true (custom)
2019-09-20 04:49:10,328 [pool-240-thread-1] INFO  segmented.SegmentedRaftLogWorker (SegmentedRaftLogWorker.java:lambda$new$0(132)) - 8538cd65-7926-426b-8bad-fbd0f0550f9a-SegmentedRaftLogWorker:Storage Directory /workdir/hadoop-ozone/integration-test/target/test-dir/MiniOzoneClusterImpl-bb3956c2-c4d1-403a-b406-f8ec73b3905b/datanode-2/data/ratis/ab0cc724-7d17-44ae-a200-89dd9c3a796b: flushIndex: setUnconditionally 0 -> -1
2019-09-20 04:49:10,329 [pool-240-thread-1] INFO  server.RaftServerConfigKeys (ConfUtils.java:logGet(43)) - raft.server.snapshot.auto.trigger.enabled = true (custom)
2019-09-20 04:49:10,329 [pool-240-thread-1] INFO  server.RaftServerConfigKeys (ConfUtils.java:logGet(43)) - raft.server.snapshot.auto.trigger.threshold = 10000 (custom)
2019-09-20 04:49:10,329 [pool-240-thread-1] INFO  server.RaftServerConfigKeys (ConfUtils.java:logGet(43)) - raft.server.retrycache.expirytime = 600000ms (custom)
2019-09-20 04:49:10,329 [pool-240-thread-1] INFO  impl.RaftServerImpl (RaftServerImpl.java:start(180)) - 8538cd65-7926-426b-8bad-fbd0f0550f9a: start group-89DD9C3A796B
2019-09-20 04:49:10,329 [pool-240-thread-1] INFO  impl.RaftServerImpl (RaftServerImpl.java:setRole(171)) - 8538cd65-7926-426b-8bad-fbd0f0550f9a:group-89DD9C3A796B changes role from null to FOLLOWER at term 0 for startAsFollower
2019-09-20 04:49:10,330 [pool-240-thread-1] INFO  impl.RoleInfo (RoleInfo.java:updateAndGet(143)) - 8538cd65-7926-426b-8bad-fbd0f0550f9a: start FollowerState
2019-09-20 04:49:10,330 [pool-240-thread-1] INFO  util.JmxRegister (JmxRegister.java:tryRegister(44)) - Successfully registered JMX Bean with object name Ratis:service=RaftServer,group=group-89DD9C3A796B,id=8538cd65-7926-426b-8bad-fbd0f0550f9a
2019-09-20 04:49:10,332 [RatisPipelineUtilsThread] INFO  pipeline.PipelineStateManager (PipelineStateManager.java:addPipeline(56)) - Created pipeline Pipeline[ Id: ab0cc724-7d17-44ae-a200-89dd9c3a796b, Nodes: 8538cd65-7926-426b-8bad-fbd0f0550f9a{ip: 192.168.36.79, host: pr-hdds-1569-s8kj2-2266485376, networkLocation: /default-rack, certSerialId: null}, Type:RATIS, Factor:ONE, State:OPEN]
2019-09-20 04:49:10,332 [RatisPipelineUtilsThread] INFO  pipeline.PipelinePlacementPolicy (PipelinePlacementPolicy.java:meetCriteria(91)) - Pipeline Placement: Doesn't meet the criteria to be viable node： eb30d72f-c0a8-4ecb-bfee-9120a9a6cddf Heaviness: 6 limit: 5
2019-09-20 04:49:10,337 [grpc-default-executor-0] INFO  impl.RaftServerProxy (RaftServerProxy.java:addNew(89)) - f4e549ee-a6fa-4eb9-8541-129d0566fdf5: addNew group-2C693F1F04D2:[f4e549ee-a6fa-4eb9-8541-129d0566fdf5:192.168.36.79:40144] returns group-2C693F1F04D2:java.util.concurrent.CompletableFuture@1814db2b[Not completed]
2019-09-20 04:49:10,338 [pool-229-thread-1] INFO  impl.RaftServerImpl (RaftServerImpl.java:<init>(93)) - f4e549ee-a6fa-4eb9-8541-129d0566fdf5: new RaftServerImpl for group-2C693F1F04D2:[f4e549ee-a6fa-4eb9-8541-129d0566fdf5:192.168.36.79:40144] with ContainerStateMachine:uninitialized
2019-09-20 04:49:10,338 [pool-229-thread-1] INFO  server.RaftServerConfigKeys (ConfUtils.java:logGet(43)) - raft.server.rpc.timeout.min = 5s (custom)
2019-09-20 04:49:10,338 [pool-229-thread-1] INFO  server.RaftServerConfigKeys (ConfUtils.java:logGet(43)) - raft.server.rpc.timeout.max = 5200ms (custom)
2019-09-20 04:49:10,338 [pool-229-thread-1] INFO  server.RaftServerConfigKeys (ConfUtils.java:logGet(43)) - raft.server.rpcslowness.timeout = 120s (custom)
2019-09-20 04:49:10,338 [pool-229-thread-1] INFO  server.RaftServerConfigKeys (ConfUtils.java:logGet(43)) - raft.server.sleep.deviation.threshold = 300 (default)
2019-09-20 04:49:10,339 [pool-229-thread-1] INFO  server.RaftServerConfigKeys (ConfUtils.java:logGet(43)) - raft.server.log.appender.install.snapshot.enabled = false (custom)
2019-09-20 04:49:10,339 [pool-229-thread-1] INFO  impl.RaftServerImpl (ServerState.java:<init>(105)) - f4e549ee-a6fa-4eb9-8541-129d0566fdf5:group-2C693F1F04D2 ConfigurationManager, init=-1: [f4e549ee-a6fa-4eb9-8541-129d0566fdf5:192.168.36.79:40144], old=null, confs=<EMPTY_MAP>
2019-09-20 04:49:10,339 [pool-229-thread-1] INFO  server.RaftServerConfigKeys (ConfUtils.java:logGet(43)) - raft.server.storage.dir = [/workdir/hadoop-ozone/integration-test/target/test-dir/MiniOzoneClusterImpl-bb3956c2-c4d1-403a-b406-f8ec73b3905b/datanode-1/data/ratis] (custom)
2019-09-20 04:49:10,339 [pool-229-thread-1] INFO  storage.RaftStorageDirectory (RaftStorageDirectory.java:analyzeStorage(246)) - The storage directory /workdir/hadoop-ozone/integration-test/target/test-dir/MiniOzoneClusterImpl-bb3956c2-c4d1-403a-b406-f8ec73b3905b/datanode-1/data/ratis/0bf6c8fa-a7dd-4f3a-8689-2c693f1f04d2 does not exist. Creating ...
2019-09-20 04:49:10,355 [pool-229-thread-1] INFO  storage.RaftStorageDirectory (RaftStorageDirectory.java:tryLock(328)) - Lock on /workdir/hadoop-ozone/integration-test/target/test-dir/MiniOzoneClusterImpl-bb3956c2-c4d1-403a-b406-f8ec73b3905b/datanode-1/data/ratis/0bf6c8fa-a7dd-4f3a-8689-2c693f1f04d2/in_use.lock acquired by nodename 9457@pr-hdds-1569-s8kj2-2266485376
2019-09-20 04:49:10,394 [pool-229-thread-1] INFO  storage.RaftStorage (RaftStorage.java:format(72)) - Storage directory /workdir/hadoop-ozone/integration-test/target/test-dir/MiniOzoneClusterImpl-bb3956c2-c4d1-403a-b406-f8ec73b3905b/datanode-1/data/ratis/0bf6c8fa-a7dd-4f3a-8689-2c693f1f04d2 has been successfully formatted.
2019-09-20 04:49:10,394 [pool-229-thread-1] INFO  ratis.ContainerStateMachine (ContainerStateMachine.java:loadSnapshot(226)) - group-2C693F1F04D2: The snapshot info is null. Setting the last applied indexto:(t:0, i:~)
2019-09-20 04:49:10,394 [pool-229-thread-1] INFO  server.RaftServerConfigKeys (ConfUtils.java:logGet(43)) - raft.server.leader.election.timeout = 120s (custom)
2019-09-20 04:49:10,394 [pool-229-thread-1] INFO  server.RaftServerConfigKeys (ConfUtils.java:logGet(43)) - raft.server.log.use.memory = false (default)
2019-09-20 04:49:10,394 [pool-229-thread-1] INFO  server.RaftServerConfigKeys (ConfUtils.java:logGet(43)) - raft.server.log.purge.gap = 1000000 (custom)
2019-09-20 04:49:10,395 [pool-229-thread-1] INFO  server.RaftServerConfigKeys (ConfUtils.java:logGet(43)) - raft.server.log.appender.buffer.byte-limit = 33554432 (custom)
2019-09-20 04:49:10,395 [pool-229-thread-1] INFO  server.RaftServerConfigKeys (ConfUtils.java:logGet(43)) - raft.server.log.segment.size.max = 1048576 (custom)
2019-09-20 04:49:10,395 [pool-229-thread-1] INFO  server.RaftServerConfigKeys (ConfUtils.java:logGet(43)) - raft.server.log.segment.cache.num.max = 2 (custom)
2019-09-20 04:49:10,395 [pool-229-thread-1] INFO  segmented.SegmentedRaftLogWorker (SegmentedRaftLogWorker.java:<init>(172)) - new f4e549ee-a6fa-4eb9-8541-129d0566fdf5-SegmentedRaftLogWorker:Storage Directory /workdir/hadoop-ozone/integration-test/target/test-dir/MiniOzoneClusterImpl-bb3956c2-c4d1-403a-b406-f8ec73b3905b/datanode-1/data/ratis/0bf6c8fa-a7dd-4f3a-8689-2c693f1f04d2 for RaftStorage:Storage Directory /workdir/hadoop-ozone/integration-test/target/test-dir/MiniOzoneClusterImpl-bb3956c2-c4d1-403a-b406-f8ec73b3905b/datanode-1/data/ratis/0bf6c8fa-a7dd-4f3a-8689-2c693f1f04d2
2019-09-20 04:49:10,395 [pool-229-thread-1] INFO  server.RaftServerConfigKeys (ConfUtils.java:logGet(43)) - raft.server.log.queue.byte-limit = 2147483647 (custom)
2019-09-20 04:49:10,395 [pool-229-thread-1] INFO  server.RaftServerConfigKeys (ConfUtils.java:logGet(43)) - raft.server.log.queue.element-limit = 1024 (custom)
2019-09-20 04:49:10,395 [pool-229-thread-1] INFO  server.RaftServerConfigKeys (ConfUtils.java:logGet(43)) - raft.server.log.segment.size.max = 1048576 (custom)
2019-09-20 04:49:10,396 [pool-229-thread-1] INFO  server.RaftServerConfigKeys (ConfUtils.java:logGet(43)) - raft.server.log.preallocated.size = 16384 (custom)
2019-09-20 04:49:10,396 [pool-229-thread-1] INFO  server.RaftServerConfigKeys (ConfUtils.java:logGet(43)) - raft.server.log.write.buffer.size = 33554432 (custom)
2019-09-20 04:49:10,396 [pool-229-thread-1] INFO  server.RaftServerConfigKeys (ConfUtils.java:logGet(43)) - raft.server.log.force.sync.num = 128 (default)
2019-09-20 04:49:10,396 [pool-229-thread-1] INFO  server.RaftServerConfigKeys (ConfUtils.java:logGet(43)) - raft.server.log.statemachine.data.sync = true (default)
2019-09-20 04:49:10,396 [pool-229-thread-1] INFO  server.RaftServerConfigKeys (ConfUtils.java:logGet(43)) - raft.server.log.statemachine.data.sync.timeout = 10s (default)
2019-09-20 04:49:10,396 [pool-229-thread-1] INFO  server.RaftServerConfigKeys (ConfUtils.java:logGet(43)) - raft.server.log.statemachine.data.sync.timeout.retry = -1 (default)
2019-09-20 04:49:10,396 [pool-229-thread-1] INFO  server.RaftServerConfigKeys (ConfUtils.java:logGet(43)) - raft.server.log.statemachine.data.caching.enabled = true (custom)
2019-09-20 04:49:10,397 [pool-229-thread-1] INFO  segmented.SegmentedRaftLogWorker (SegmentedRaftLogWorker.java:lambda$new$0(132)) - f4e549ee-a6fa-4eb9-8541-129d0566fdf5-SegmentedRaftLogWorker:Storage Directory /workdir/hadoop-ozone/integration-test/target/test-dir/MiniOzoneClusterImpl-bb3956c2-c4d1-403a-b406-f8ec73b3905b/datanode-1/data/ratis/0bf6c8fa-a7dd-4f3a-8689-2c693f1f04d2: flushIndex: setUnconditionally 0 -> -1
2019-09-20 04:49:10,397 [pool-229-thread-1] INFO  server.RaftServerConfigKeys (ConfUtils.java:logGet(43)) - raft.server.snapshot.auto.trigger.enabled = true (custom)
2019-09-20 04:49:10,397 [pool-229-thread-1] INFO  server.RaftServerConfigKeys (ConfUtils.java:logGet(43)) - raft.server.snapshot.auto.trigger.threshold = 10000 (custom)
2019-09-20 04:49:10,397 [pool-229-thread-1] INFO  server.RaftServerConfigKeys (ConfUtils.java:logGet(43)) - raft.server.retrycache.expirytime = 600000ms (custom)
2019-09-20 04:49:10,397 [pool-229-thread-1] INFO  impl.RaftServerImpl (RaftServerImpl.java:start(180)) - f4e549ee-a6fa-4eb9-8541-129d0566fdf5: start group-2C693F1F04D2
2019-09-20 04:49:10,397 [pool-229-thread-1] INFO  impl.RaftServerImpl (RaftServerImpl.java:setRole(171)) - f4e549ee-a6fa-4eb9-8541-129d0566fdf5:group-2C693F1F04D2 changes role from null to FOLLOWER at term 0 for startAsFollower
2019-09-20 04:49:10,398 [pool-229-thread-1] INFO  impl.RoleInfo (RoleInfo.java:updateAndGet(143)) - f4e549ee-a6fa-4eb9-8541-129d0566fdf5: start FollowerState
2019-09-20 04:49:10,398 [pool-229-thread-1] INFO  util.JmxRegister (JmxRegister.java:tryRegister(44)) - Successfully registered JMX Bean with object name Ratis:service=RaftServer,group=group-2C693F1F04D2,id=f4e549ee-a6fa-4eb9-8541-129d0566fdf5
2019-09-20 04:49:10,400 [RatisPipelineUtilsThread] INFO  pipeline.PipelineStateManager (PipelineStateManager.java:addPipeline(56)) - Created pipeline Pipeline[ Id: 0bf6c8fa-a7dd-4f3a-8689-2c693f1f04d2, Nodes: f4e549ee-a6fa-4eb9-8541-129d0566fdf5{ip: 192.168.36.79, host: pr-hdds-1569-s8kj2-2266485376, networkLocation: /default-rack, certSerialId: null}, Type:RATIS, Factor:ONE, State:OPEN]
2019-09-20 04:49:10,400 [RatisPipelineUtilsThread] INFO  pipeline.PipelinePlacementPolicy (PipelinePlacementPolicy.java:meetCriteria(91)) - Pipeline Placement: Doesn't meet the criteria to be viable node： eb30d72f-c0a8-4ecb-bfee-9120a9a6cddf Heaviness: 6 limit: 5
2019-09-20 04:49:10,404 [grpc-default-executor-0] INFO  impl.RaftServerProxy (RaftServerProxy.java:addNew(89)) - 8538cd65-7926-426b-8bad-fbd0f0550f9a: addNew group-E20EA59B318E:[8538cd65-7926-426b-8bad-fbd0f0550f9a:192.168.36.79:37381] returns group-E20EA59B318E:java.util.concurrent.CompletableFuture@6f09796f[Not completed]
2019-09-20 04:49:10,405 [pool-240-thread-1] INFO  impl.RaftServerImpl (RaftServerImpl.java:<init>(93)) - 8538cd65-7926-426b-8bad-fbd0f0550f9a: new RaftServerImpl for group-E20EA59B318E:[8538cd65-7926-426b-8bad-fbd0f0550f9a:192.168.36.79:37381] with ContainerStateMachine:uninitialized
2019-09-20 04:49:10,405 [pool-240-thread-1] INFO  server.RaftServerConfigKeys (ConfUtils.java:logGet(43)) - raft.server.rpc.timeout.min = 5s (custom)
2019-09-20 04:49:10,406 [pool-240-thread-1] INFO  server.RaftServerConfigKeys (ConfUtils.java:logGet(43)) - raft.server.rpc.timeout.max = 5200ms (custom)
2019-09-20 04:49:10,406 [pool-240-thread-1] INFO  server.RaftServerConfigKeys (ConfUtils.java:logGet(43)) - raft.server.rpcslowness.timeout = 120s (custom)
2019-09-20 04:49:10,406 [pool-240-thread-1] INFO  server.RaftServerConfigKeys (ConfUtils.java:logGet(43)) - raft.server.sleep.deviation.threshold = 300 (default)
2019-09-20 04:49:10,406 [pool-240-thread-1] INFO  server.RaftServerConfigKeys (ConfUtils.java:logGet(43)) - raft.server.log.appender.install.snapshot.enabled = false (custom)
2019-09-20 04:49:10,406 [pool-240-thread-1] INFO  impl.RaftServerImpl (ServerState.java:<init>(105)) - 8538cd65-7926-426b-8bad-fbd0f0550f9a:group-E20EA59B318E ConfigurationManager, init=-1: [8538cd65-7926-426b-8bad-fbd0f0550f9a:192.168.36.79:37381], old=null, confs=<EMPTY_MAP>
2019-09-20 04:49:10,406 [pool-240-thread-1] INFO  server.RaftServerConfigKeys (ConfUtils.java:logGet(43)) - raft.server.storage.dir = [/workdir/hadoop-ozone/integration-test/target/test-dir/MiniOzoneClusterImpl-bb3956c2-c4d1-403a-b406-f8ec73b3905b/datanode-2/data/ratis] (custom)
2019-09-20 04:49:10,407 [pool-240-thread-1] INFO  storage.RaftStorageDirectory (RaftStorageDirectory.java:analyzeStorage(246)) - The storage directory /workdir/hadoop-ozone/integration-test/target/test-dir/MiniOzoneClusterImpl-bb3956c2-c4d1-403a-b406-f8ec73b3905b/datanode-2/data/ratis/a2e51e51-9600-4027-a6b4-e20ea59b318e does not exist. Creating ...
2019-09-20 04:49:10,444 [pool-240-thread-1] INFO  storage.RaftStorageDirectory (RaftStorageDirectory.java:tryLock(328)) - Lock on /workdir/hadoop-ozone/integration-test/target/test-dir/MiniOzoneClusterImpl-bb3956c2-c4d1-403a-b406-f8ec73b3905b/datanode-2/data/ratis/a2e51e51-9600-4027-a6b4-e20ea59b318e/in_use.lock acquired by nodename 9457@pr-hdds-1569-s8kj2-2266485376
2019-09-20 04:49:10,495 [pool-240-thread-1] INFO  storage.RaftStorage (RaftStorage.java:format(72)) - Storage directory /workdir/hadoop-ozone/integration-test/target/test-dir/MiniOzoneClusterImpl-bb3956c2-c4d1-403a-b406-f8ec73b3905b/datanode-2/data/ratis/a2e51e51-9600-4027-a6b4-e20ea59b318e has been successfully formatted.
2019-09-20 04:49:10,495 [pool-240-thread-1] INFO  ratis.ContainerStateMachine (ContainerStateMachine.java:loadSnapshot(226)) - group-E20EA59B318E: The snapshot info is null. Setting the last applied indexto:(t:0, i:~)
2019-09-20 04:49:10,495 [pool-240-thread-1] INFO  server.RaftServerConfigKeys (ConfUtils.java:logGet(43)) - raft.server.leader.election.timeout = 120s (custom)
2019-09-20 04:49:10,495 [pool-240-thread-1] INFO  server.RaftServerConfigKeys (ConfUtils.java:logGet(43)) - raft.server.log.use.memory = false (default)
2019-09-20 04:49:10,495 [pool-240-thread-1] INFO  server.RaftServerConfigKeys (ConfUtils.java:logGet(43)) - raft.server.log.purge.gap = 1000000 (custom)
2019-09-20 04:49:10,496 [pool-240-thread-1] INFO  server.RaftServerConfigKeys (ConfUtils.java:logGet(43)) - raft.server.log.appender.buffer.byte-limit = 33554432 (custom)
2019-09-20 04:49:10,496 [pool-240-thread-1] INFO  server.RaftServerConfigKeys (ConfUtils.java:logGet(43)) - raft.server.log.segment.size.max = 1048576 (custom)
2019-09-20 04:49:10,496 [pool-240-thread-1] INFO  server.RaftServerConfigKeys (ConfUtils.java:logGet(43)) - raft.server.log.segment.cache.num.max = 2 (custom)
2019-09-20 04:49:10,496 [pool-240-thread-1] INFO  segmented.SegmentedRaftLogWorker (SegmentedRaftLogWorker.java:<init>(172)) - new 8538cd65-7926-426b-8bad-fbd0f0550f9a-SegmentedRaftLogWorker:Storage Directory /workdir/hadoop-ozone/integration-test/target/test-dir/MiniOzoneClusterImpl-bb3956c2-c4d1-403a-b406-f8ec73b3905b/datanode-2/data/ratis/a2e51e51-9600-4027-a6b4-e20ea59b318e for RaftStorage:Storage Directory /workdir/hadoop-ozone/integration-test/target/test-dir/MiniOzoneClusterImpl-bb3956c2-c4d1-403a-b406-f8ec73b3905b/datanode-2/data/ratis/a2e51e51-9600-4027-a6b4-e20ea59b318e
2019-09-20 04:49:10,496 [pool-240-thread-1] INFO  server.RaftServerConfigKeys (ConfUtils.java:logGet(43)) - raft.server.log.queue.byte-limit = 2147483647 (custom)
2019-09-20 04:49:10,496 [pool-240-thread-1] INFO  server.RaftServerConfigKeys (ConfUtils.java:logGet(43)) - raft.server.log.queue.element-limit = 1024 (custom)
2019-09-20 04:49:10,496 [pool-240-thread-1] INFO  server.RaftServerConfigKeys (ConfUtils.java:logGet(43)) - raft.server.log.segment.size.max = 1048576 (custom)
2019-09-20 04:49:10,497 [pool-240-thread-1] INFO  server.RaftServerConfigKeys (ConfUtils.java:logGet(43)) - raft.server.log.preallocated.size = 16384 (custom)
2019-09-20 04:49:10,497 [pool-240-thread-1] INFO  server.RaftServerConfigKeys (ConfUtils.java:logGet(43)) - raft.server.log.write.buffer.size = 33554432 (custom)
2019-09-20 04:49:10,497 [pool-240-thread-1] INFO  server.RaftServerConfigKeys (ConfUtils.java:logGet(43)) - raft.server.log.force.sync.num = 128 (default)
2019-09-20 04:49:10,497 [pool-240-thread-1] INFO  server.RaftServerConfigKeys (ConfUtils.java:logGet(43)) - raft.server.log.statemachine.data.sync = true (default)
2019-09-20 04:49:10,497 [pool-240-thread-1] INFO  server.RaftServerConfigKeys (ConfUtils.java:logGet(43)) - raft.server.log.statemachine.data.sync.timeout = 10s (default)
2019-09-20 04:49:10,497 [pool-240-thread-1] INFO  server.RaftServerConfigKeys (ConfUtils.java:logGet(43)) - raft.server.log.statemachine.data.sync.timeout.retry = -1 (default)
2019-09-20 04:49:10,498 [pool-240-thread-1] INFO  server.RaftServerConfigKeys (ConfUtils.java:logGet(43)) - raft.server.log.statemachine.data.caching.enabled = true (custom)
2019-09-20 04:49:10,498 [pool-240-thread-1] INFO  segmented.SegmentedRaftLogWorker (SegmentedRaftLogWorker.java:lambda$new$0(132)) - 8538cd65-7926-426b-8bad-fbd0f0550f9a-SegmentedRaftLogWorker:Storage Directory /workdir/hadoop-ozone/integration-test/target/test-dir/MiniOzoneClusterImpl-bb3956c2-c4d1-403a-b406-f8ec73b3905b/datanode-2/data/ratis/a2e51e51-9600-4027-a6b4-e20ea59b318e: flushIndex: setUnconditionally 0 -> -1
2019-09-20 04:49:10,498 [pool-240-thread-1] INFO  server.RaftServerConfigKeys (ConfUtils.java:logGet(43)) - raft.server.snapshot.auto.trigger.enabled = true (custom)
2019-09-20 04:49:10,498 [pool-240-thread-1] INFO  server.RaftServerConfigKeys (ConfUtils.java:logGet(43)) - raft.server.snapshot.auto.trigger.threshold = 10000 (custom)
2019-09-20 04:49:10,499 [pool-240-thread-1] INFO  server.RaftServerConfigKeys (ConfUtils.java:logGet(43)) - raft.server.retrycache.expirytime = 600000ms (custom)
2019-09-20 04:49:10,499 [pool-240-thread-1] INFO  impl.RaftServerImpl (RaftServerImpl.java:start(180)) - 8538cd65-7926-426b-8bad-fbd0f0550f9a: start group-E20EA59B318E
2019-09-20 04:49:10,499 [pool-240-thread-1] INFO  impl.RaftServerImpl (RaftServerImpl.java:setRole(171)) - 8538cd65-7926-426b-8bad-fbd0f0550f9a:group-E20EA59B318E changes role from null to FOLLOWER at term 0 for startAsFollower
2019-09-20 04:49:10,499 [pool-240-thread-1] INFO  impl.RoleInfo (RoleInfo.java:updateAndGet(143)) - 8538cd65-7926-426b-8bad-fbd0f0550f9a: start FollowerState
2019-09-20 04:49:10,499 [pool-240-thread-1] INFO  util.JmxRegister (JmxRegister.java:tryRegister(44)) - Successfully registered JMX Bean with object name Ratis:service=RaftServer,group=group-E20EA59B318E,id=8538cd65-7926-426b-8bad-fbd0f0550f9a
2019-09-20 04:49:10,502 [RatisPipelineUtilsThread] INFO  pipeline.PipelineStateManager (PipelineStateManager.java:addPipeline(56)) - Created pipeline Pipeline[ Id: a2e51e51-9600-4027-a6b4-e20ea59b318e, Nodes: 8538cd65-7926-426b-8bad-fbd0f0550f9a{ip: 192.168.36.79, host: pr-hdds-1569-s8kj2-2266485376, networkLocation: /default-rack, certSerialId: null}, Type:RATIS, Factor:ONE, State:OPEN]
2019-09-20 04:49:10,502 [RatisPipelineUtilsThread] INFO  pipeline.PipelinePlacementPolicy (PipelinePlacementPolicy.java:meetCriteria(91)) - Pipeline Placement: Doesn't meet the criteria to be viable node： eb30d72f-c0a8-4ecb-bfee-9120a9a6cddf Heaviness: 6 limit: 5
2019-09-20 04:49:10,507 [grpc-default-executor-0] INFO  impl.RaftServerProxy (RaftServerProxy.java:addNew(89)) - f4e549ee-a6fa-4eb9-8541-129d0566fdf5: addNew group-3E3C2EBF4898:[f4e549ee-a6fa-4eb9-8541-129d0566fdf5:192.168.36.79:40144] returns group-3E3C2EBF4898:java.util.concurrent.CompletableFuture@c1b2272[Not completed]
2019-09-20 04:49:10,508 [pool-229-thread-1] INFO  impl.RaftServerImpl (RaftServerImpl.java:<init>(93)) - f4e549ee-a6fa-4eb9-8541-129d0566fdf5: new RaftServerImpl for group-3E3C2EBF4898:[f4e549ee-a6fa-4eb9-8541-129d0566fdf5:192.168.36.79:40144] with ContainerStateMachine:uninitialized
2019-09-20 04:49:10,508 [pool-229-thread-1] INFO  server.RaftServerConfigKeys (ConfUtils.java:logGet(43)) - raft.server.rpc.timeout.min = 5s (custom)
2019-09-20 04:49:10,509 [pool-229-thread-1] INFO  server.RaftServerConfigKeys (ConfUtils.java:logGet(43)) - raft.server.rpc.timeout.max = 5200ms (custom)
2019-09-20 04:49:10,509 [pool-229-thread-1] INFO  server.RaftServerConfigKeys (ConfUtils.java:logGet(43)) - raft.server.rpcslowness.timeout = 120s (custom)
2019-09-20 04:49:10,509 [pool-229-thread-1] INFO  server.RaftServerConfigKeys (ConfUtils.java:logGet(43)) - raft.server.sleep.deviation.threshold = 300 (default)
2019-09-20 04:49:10,509 [pool-229-thread-1] INFO  server.RaftServerConfigKeys (ConfUtils.java:logGet(43)) - raft.server.log.appender.install.snapshot.enabled = false (custom)
2019-09-20 04:49:10,509 [pool-229-thread-1] INFO  impl.RaftServerImpl (ServerState.java:<init>(105)) - f4e549ee-a6fa-4eb9-8541-129d0566fdf5:group-3E3C2EBF4898 ConfigurationManager, init=-1: [f4e549ee-a6fa-4eb9-8541-129d0566fdf5:192.168.36.79:40144], old=null, confs=<EMPTY_MAP>
2019-09-20 04:49:10,509 [pool-229-thread-1] INFO  server.RaftServerConfigKeys (ConfUtils.java:logGet(43)) - raft.server.storage.dir = [/workdir/hadoop-ozone/integration-test/target/test-dir/MiniOzoneClusterImpl-bb3956c2-c4d1-403a-b406-f8ec73b3905b/datanode-1/data/ratis] (custom)
2019-09-20 04:49:10,510 [pool-229-thread-1] INFO  storage.RaftStorageDirectory (RaftStorageDirectory.java:analyzeStorage(246)) - The storage directory /workdir/hadoop-ozone/integration-test/target/test-dir/MiniOzoneClusterImpl-bb3956c2-c4d1-403a-b406-f8ec73b3905b/datanode-1/data/ratis/e73619b1-246f-4601-8093-3e3c2ebf4898 does not exist. Creating ...
2019-09-20 04:49:10,528 [pool-229-thread-1] INFO  storage.RaftStorageDirectory (RaftStorageDirectory.java:tryLock(328)) - Lock on /workdir/hadoop-ozone/integration-test/target/test-dir/MiniOzoneClusterImpl-bb3956c2-c4d1-403a-b406-f8ec73b3905b/datanode-1/data/ratis/e73619b1-246f-4601-8093-3e3c2ebf4898/in_use.lock acquired by nodename 9457@pr-hdds-1569-s8kj2-2266485376
2019-09-20 04:49:10,549 | INFO  | SCMAudit | user=jenkins1000 | ip=192.168.36.79 | op=SEND_HEARTBEAT {datanodeUUID=bd1a845e-f2ed-4713-9516-9ccc20139040, command=[]} | ret=SUCCESS |  
2019-09-20 04:49:10,549 | INFO  | SCMAudit | user=jenkins1000 | ip=192.168.36.79 | op=SEND_HEARTBEAT {datanodeUUID=ba95d636-ac34-4b74-a102-dec8d0f377c6, command=[]} | ret=SUCCESS |  
2019-09-20 04:49:10,549 | INFO  | SCMAudit | user=jenkins1000 | ip=192.168.36.79 | op=SEND_HEARTBEAT {datanodeUUID=8d97392c-5f4b-400a-94a1-fb61a3ebbc99, command=[]} | ret=SUCCESS |  
2019-09-20 04:49:10,549 | INFO  | SCMAudit | user=jenkins1000 | ip=192.168.36.79 | op=SEND_HEARTBEAT {datanodeUUID=1d91ad97-6666-4ee7-855a-8b5e944e7401, command=[]} | ret=SUCCESS |  
2019-09-20 04:49:10,550 | INFO  | SCMAudit | user=jenkins1000 | ip=192.168.36.79 | op=SEND_HEARTBEAT {datanodeUUID=fdbc37f2-9e58-4bac-a5d5-a78839d012e9, command=[]} | ret=SUCCESS |  
2019-09-20 04:49:10,550 | INFO  | SCMAudit | user=jenkins1000 | ip=192.168.36.79 | op=SEND_HEARTBEAT {datanodeUUID=2702b462-69d8-4c1b-aae1-091a21fe08b8, command=[]} | ret=SUCCESS |  
2019-09-20 04:49:10,550 | INFO  | SCMAudit | user=jenkins1000 | ip=192.168.36.79 | op=SEND_HEARTBEAT {datanodeUUID=2d6465ef-cffa-473a-a4c6-a9aa3f1a26c0, command=[]} | ret=SUCCESS |  
2019-09-20 04:49:10,550 [IPC Server handler 3 on 46304] INFO  net.NetworkTopology (NetworkTopologyImpl.java:add(110)) - Added a new node: /default-rack/5ea19b84-5385-4ae9-8412-c4cfa929b172
2019-09-20 04:49:10,550 [IPC Server handler 3 on 46304] INFO  node.SCMNodeManager (SCMNodeManager.java:register(273)) - Registered Data node : 5ea19b84-5385-4ae9-8412-c4cfa929b172{ip: 192.168.36.79, host: pr-hdds-1569-s8kj2-2266485376, networkLocation: /default-rack, certSerialId: null}
2019-09-20 04:49:10,550 | INFO  | SCMAudit | user=jenkins1000 | ip=192.168.36.79 | op=SEND_HEARTBEAT {datanodeUUID=ea71b9af-1075-4196-9693-aa14e10f536d, command=[]} | ret=SUCCESS |  
2019-09-20 04:49:10,550 | INFO  | SCMAudit | user=jenkins1000 | ip=192.168.36.79 | op=REGISTER {datanodeDetails=5ea19b84-5385-4ae9-8412-c4cfa929b172{ip: 192.168.36.79, host: pr-hdds-1569-s8kj2-2266485376, networkLocation: /default-rack, certSerialId: null}} | ret=SUCCESS |  
2019-09-20 04:49:10,551 | INFO  | SCMAudit | user=jenkins1000 | ip=192.168.36.79 | op=SEND_HEARTBEAT {datanodeUUID=42fc6e92-fcdd-4827-b621-9fc58a3d2315, command=[]} | ret=SUCCESS |  
2019-09-20 04:49:10,551 | INFO  | SCMAudit | user=jenkins1000 | ip=192.168.36.79 | op=SEND_HEARTBEAT {datanodeUUID=236eed40-dd97-4fdc-a0ae-ab99685a426b, command=[]} | ret=SUCCESS |  
2019-09-20 04:49:10,552 | INFO  | SCMAudit | user=jenkins1000 | ip=192.168.36.79 | op=SEND_HEARTBEAT {datanodeUUID=3c2a6bfe-f5c5-4e23-89b0-850dab17697d, command=[]} | ret=SUCCESS |  
2019-09-20 04:49:10,552 | INFO  | SCMAudit | user=jenkins1000 | ip=192.168.36.79 | op=SEND_HEARTBEAT {datanodeUUID=eaf3ecbe-c3b1-4969-ad3a-e4de7fb04f81, command=[]} | ret=SUCCESS |  
2019-09-20 04:49:10,554 [pool-229-thread-1] INFO  storage.RaftStorage (RaftStorage.java:format(72)) - Storage directory /workdir/hadoop-ozone/integration-test/target/test-dir/MiniOzoneClusterImpl-bb3956c2-c4d1-403a-b406-f8ec73b3905b/datanode-1/data/ratis/e73619b1-246f-4601-8093-3e3c2ebf4898 has been successfully formatted.
2019-09-20 04:49:10,554 [pool-229-thread-1] INFO  ratis.ContainerStateMachine (ContainerStateMachine.java:loadSnapshot(226)) - group-3E3C2EBF4898: The snapshot info is null. Setting the last applied indexto:(t:0, i:~)
2019-09-20 04:49:10,554 [pool-229-thread-1] INFO  server.RaftServerConfigKeys (ConfUtils.java:logGet(43)) - raft.server.leader.election.timeout = 120s (custom)
2019-09-20 04:49:10,554 [pool-229-thread-1] INFO  server.RaftServerConfigKeys (ConfUtils.java:logGet(43)) - raft.server.log.use.memory = false (default)
2019-09-20 04:49:10,554 [pool-229-thread-1] INFO  server.RaftServerConfigKeys (ConfUtils.java:logGet(43)) - raft.server.log.purge.gap = 1000000 (custom)
2019-09-20 04:49:10,554 [pool-229-thread-1] INFO  server.RaftServerConfigKeys (ConfUtils.java:logGet(43)) - raft.server.log.appender.buffer.byte-limit = 33554432 (custom)
2019-09-20 04:49:10,554 [pool-229-thread-1] INFO  server.RaftServerConfigKeys (ConfUtils.java:logGet(43)) - raft.server.log.segment.size.max = 1048576 (custom)
2019-09-20 04:49:10,554 [pool-229-thread-1] INFO  server.RaftServerConfigKeys (ConfUtils.java:logGet(43)) - raft.server.log.segment.cache.num.max = 2 (custom)
2019-09-20 04:49:10,555 [pool-229-thread-1] INFO  segmented.SegmentedRaftLogWorker (SegmentedRaftLogWorker.java:<init>(172)) - new f4e549ee-a6fa-4eb9-8541-129d0566fdf5-SegmentedRaftLogWorker:Storage Directory /workdir/hadoop-ozone/integration-test/target/test-dir/MiniOzoneClusterImpl-bb3956c2-c4d1-403a-b406-f8ec73b3905b/datanode-1/data/ratis/e73619b1-246f-4601-8093-3e3c2ebf4898 for RaftStorage:Storage Directory /workdir/hadoop-ozone/integration-test/target/test-dir/MiniOzoneClusterImpl-bb3956c2-c4d1-403a-b406-f8ec73b3905b/datanode-1/data/ratis/e73619b1-246f-4601-8093-3e3c2ebf4898
2019-09-20 04:49:10,555 [pool-229-thread-1] INFO  server.RaftServerConfigKeys (ConfUtils.java:logGet(43)) - raft.server.log.queue.byte-limit = 2147483647 (custom)
2019-09-20 04:49:10,555 [pool-229-thread-1] INFO  server.RaftServerConfigKeys (ConfUtils.java:logGet(43)) - raft.server.log.queue.element-limit = 1024 (custom)
2019-09-20 04:49:10,555 [pool-229-thread-1] INFO  server.RaftServerConfigKeys (ConfUtils.java:logGet(43)) - raft.server.log.segment.size.max = 1048576 (custom)
2019-09-20 04:49:10,555 [pool-229-thread-1] INFO  server.RaftServerConfigKeys (ConfUtils.java:logGet(43)) - raft.server.log.preallocated.size = 16384 (custom)
2019-09-20 04:49:10,555 [pool-229-thread-1] INFO  server.RaftServerConfigKeys (ConfUtils.java:logGet(43)) - raft.server.log.write.buffer.size = 33554432 (custom)
2019-09-20 04:49:10,555 [pool-229-thread-1] INFO  server.RaftServerConfigKeys (ConfUtils.java:logGet(43)) - raft.server.log.force.sync.num = 128 (default)
2019-09-20 04:49:10,555 [pool-229-thread-1] INFO  server.RaftServerConfigKeys (ConfUtils.java:logGet(43)) - raft.server.log.statemachine.data.sync = true (default)
2019-09-20 04:49:10,555 [pool-229-thread-1] INFO  server.RaftServerConfigKeys (ConfUtils.java:logGet(43)) - raft.server.log.statemachine.data.sync.timeout = 10s (default)
2019-09-20 04:49:10,555 [pool-229-thread-1] INFO  server.RaftServerConfigKeys (ConfUtils.java:logGet(43)) - raft.server.log.statemachine.data.sync.timeout.retry = -1 (default)
2019-09-20 04:49:10,556 [pool-229-thread-1] INFO  server.RaftServerConfigKeys (ConfUtils.java:logGet(43)) - raft.server.log.statemachine.data.caching.enabled = true (custom)
2019-09-20 04:49:10,556 [pool-229-thread-1] INFO  segmented.SegmentedRaftLogWorker (SegmentedRaftLogWorker.java:lambda$new$0(132)) - f4e549ee-a6fa-4eb9-8541-129d0566fdf5-SegmentedRaftLogWorker:Storage Directory /workdir/hadoop-ozone/integration-test/target/test-dir/MiniOzoneClusterImpl-bb3956c2-c4d1-403a-b406-f8ec73b3905b/datanode-1/data/ratis/e73619b1-246f-4601-8093-3e3c2ebf4898: flushIndex: setUnconditionally 0 -> -1
2019-09-20 04:49:10,556 [pool-229-thread-1] INFO  server.RaftServerConfigKeys (ConfUtils.java:logGet(43)) - raft.server.snapshot.auto.trigger.enabled = true (custom)
2019-09-20 04:49:10,556 [pool-229-thread-1] INFO  server.RaftServerConfigKeys (ConfUtils.java:logGet(43)) - raft.server.snapshot.auto.trigger.threshold = 10000 (custom)
2019-09-20 04:49:10,556 [pool-229-thread-1] INFO  server.RaftServerConfigKeys (ConfUtils.java:logGet(43)) - raft.server.retrycache.expirytime = 600000ms (custom)
2019-09-20 04:49:10,556 [pool-229-thread-1] INFO  impl.RaftServerImpl (RaftServerImpl.java:start(180)) - f4e549ee-a6fa-4eb9-8541-129d0566fdf5: start group-3E3C2EBF4898
2019-09-20 04:49:10,557 [pool-229-thread-1] INFO  impl.RaftServerImpl (RaftServerImpl.java:setRole(171)) - f4e549ee-a6fa-4eb9-8541-129d0566fdf5:group-3E3C2EBF4898 changes role from null to FOLLOWER at term 0 for startAsFollower
2019-09-20 04:49:10,557 [pool-229-thread-1] INFO  impl.RoleInfo (RoleInfo.java:updateAndGet(143)) - f4e549ee-a6fa-4eb9-8541-129d0566fdf5: start FollowerState
2019-09-20 04:49:10,557 [pool-229-thread-1] INFO  util.JmxRegister (JmxRegister.java:tryRegister(44)) - Successfully registered JMX Bean with object name Ratis:service=RaftServer,group=group-3E3C2EBF4898,id=f4e549ee-a6fa-4eb9-8541-129d0566fdf5
2019-09-20 04:49:10,559 [RatisPipelineUtilsThread] INFO  pipeline.PipelineStateManager (PipelineStateManager.java:addPipeline(56)) - Created pipeline Pipeline[ Id: e73619b1-246f-4601-8093-3e3c2ebf4898, Nodes: f4e549ee-a6fa-4eb9-8541-129d0566fdf5{ip: 192.168.36.79, host: pr-hdds-1569-s8kj2-2266485376, networkLocation: /default-rack, certSerialId: null}, Type:RATIS, Factor:ONE, State:OPEN]
2019-09-20 04:49:10,559 [RatisPipelineUtilsThread] INFO  pipeline.PipelinePlacementPolicy (PipelinePlacementPolicy.java:meetCriteria(91)) - Pipeline Placement: Doesn't meet the criteria to be viable node： eb30d72f-c0a8-4ecb-bfee-9120a9a6cddf Heaviness: 6 limit: 5
2019-09-20 04:49:10,564 [grpc-default-executor-0] INFO  impl.RaftServerProxy (RaftServerProxy.java:addNew(89)) - f4e549ee-a6fa-4eb9-8541-129d0566fdf5: addNew group-4976C8D399E6:[f4e549ee-a6fa-4eb9-8541-129d0566fdf5:192.168.36.79:40144] returns group-4976C8D399E6:java.util.concurrent.CompletableFuture@1b966ee1[Not completed]
2019-09-20 04:49:10,565 [pool-229-thread-1] INFO  impl.RaftServerImpl (RaftServerImpl.java:<init>(93)) - f4e549ee-a6fa-4eb9-8541-129d0566fdf5: new RaftServerImpl for group-4976C8D399E6:[f4e549ee-a6fa-4eb9-8541-129d0566fdf5:192.168.36.79:40144] with ContainerStateMachine:uninitialized
2019-09-20 04:49:10,565 [pool-229-thread-1] INFO  server.RaftServerConfigKeys (ConfUtils.java:logGet(43)) - raft.server.rpc.timeout.min = 5s (custom)
2019-09-20 04:49:10,565 [pool-229-thread-1] INFO  server.RaftServerConfigKeys (ConfUtils.java:logGet(43)) - raft.server.rpc.timeout.max = 5200ms (custom)
2019-09-20 04:49:10,565 [pool-229-thread-1] INFO  server.RaftServerConfigKeys (ConfUtils.java:logGet(43)) - raft.server.rpcslowness.timeout = 120s (custom)
2019-09-20 04:49:10,565 [pool-229-thread-1] INFO  server.RaftServerConfigKeys (ConfUtils.java:logGet(43)) - raft.server.sleep.deviation.threshold = 300 (default)
2019-09-20 04:49:10,565 [pool-229-thread-1] INFO  server.RaftServerConfigKeys (ConfUtils.java:logGet(43)) - raft.server.log.appender.install.snapshot.enabled = false (custom)
2019-09-20 04:49:10,565 [pool-229-thread-1] INFO  impl.RaftServerImpl (ServerState.java:<init>(105)) - f4e549ee-a6fa-4eb9-8541-129d0566fdf5:group-4976C8D399E6 ConfigurationManager, init=-1: [f4e549ee-a6fa-4eb9-8541-129d0566fdf5:192.168.36.79:40144], old=null, confs=<EMPTY_MAP>
2019-09-20 04:49:10,565 [pool-229-thread-1] INFO  server.RaftServerConfigKeys (ConfUtils.java:logGet(43)) - raft.server.storage.dir = [/workdir/hadoop-ozone/integration-test/target/test-dir/MiniOzoneClusterImpl-bb3956c2-c4d1-403a-b406-f8ec73b3905b/datanode-1/data/ratis] (custom)
2019-09-20 04:49:10,566 [pool-229-thread-1] INFO  storage.RaftStorageDirectory (RaftStorageDirectory.java:analyzeStorage(246)) - The storage directory /workdir/hadoop-ozone/integration-test/target/test-dir/MiniOzoneClusterImpl-bb3956c2-c4d1-403a-b406-f8ec73b3905b/datanode-1/data/ratis/6f4561aa-1612-488e-9a4e-4976c8d399e6 does not exist. Creating ...
2019-09-20 04:49:10,596 [pool-229-thread-1] INFO  storage.RaftStorageDirectory (RaftStorageDirectory.java:tryLock(328)) - Lock on /workdir/hadoop-ozone/integration-test/target/test-dir/MiniOzoneClusterImpl-bb3956c2-c4d1-403a-b406-f8ec73b3905b/datanode-1/data/ratis/6f4561aa-1612-488e-9a4e-4976c8d399e6/in_use.lock acquired by nodename 9457@pr-hdds-1569-s8kj2-2266485376
2019-09-20 04:49:10,629 [pool-229-thread-1] INFO  storage.RaftStorage (RaftStorage.java:format(72)) - Storage directory /workdir/hadoop-ozone/integration-test/target/test-dir/MiniOzoneClusterImpl-bb3956c2-c4d1-403a-b406-f8ec73b3905b/datanode-1/data/ratis/6f4561aa-1612-488e-9a4e-4976c8d399e6 has been successfully formatted.
2019-09-20 04:49:10,629 [pool-229-thread-1] INFO  ratis.ContainerStateMachine (ContainerStateMachine.java:loadSnapshot(226)) - group-4976C8D399E6: The snapshot info is null. Setting the last applied indexto:(t:0, i:~)
2019-09-20 04:49:10,630 [pool-229-thread-1] INFO  server.RaftServerConfigKeys (ConfUtils.java:logGet(43)) - raft.server.leader.election.timeout = 120s (custom)
2019-09-20 04:49:10,630 [pool-229-thread-1] INFO  server.RaftServerConfigKeys (ConfUtils.java:logGet(43)) - raft.server.log.use.memory = false (default)
2019-09-20 04:49:10,630 [pool-229-thread-1] INFO  server.RaftServerConfigKeys (ConfUtils.java:logGet(43)) - raft.server.log.purge.gap = 1000000 (custom)
2019-09-20 04:49:10,630 [pool-229-thread-1] INFO  server.RaftServerConfigKeys (ConfUtils.java:logGet(43)) - raft.server.log.appender.buffer.byte-limit = 33554432 (custom)
2019-09-20 04:49:10,630 [pool-229-thread-1] INFO  server.RaftServerConfigKeys (ConfUtils.java:logGet(43)) - raft.server.log.segment.size.max = 1048576 (custom)
2019-09-20 04:49:10,630 [pool-229-thread-1] INFO  server.RaftServerConfigKeys (ConfUtils.java:logGet(43)) - raft.server.log.segment.cache.num.max = 2 (custom)
2019-09-20 04:49:10,630 [pool-229-thread-1] INFO  segmented.SegmentedRaftLogWorker (SegmentedRaftLogWorker.java:<init>(172)) - new f4e549ee-a6fa-4eb9-8541-129d0566fdf5-SegmentedRaftLogWorker:Storage Directory /workdir/hadoop-ozone/integration-test/target/test-dir/MiniOzoneClusterImpl-bb3956c2-c4d1-403a-b406-f8ec73b3905b/datanode-1/data/ratis/6f4561aa-1612-488e-9a4e-4976c8d399e6 for RaftStorage:Storage Directory /workdir/hadoop-ozone/integration-test/target/test-dir/MiniOzoneClusterImpl-bb3956c2-c4d1-403a-b406-f8ec73b3905b/datanode-1/data/ratis/6f4561aa-1612-488e-9a4e-4976c8d399e6
2019-09-20 04:49:10,630 [pool-229-thread-1] INFO  server.RaftServerConfigKeys (ConfUtils.java:logGet(43)) - raft.server.log.queue.byte-limit = 2147483647 (custom)
2019-09-20 04:49:10,630 [pool-229-thread-1] INFO  server.RaftServerConfigKeys (ConfUtils.java:logGet(43)) - raft.server.log.queue.element-limit = 1024 (custom)
2019-09-20 04:49:10,630 [pool-229-thread-1] INFO  server.RaftServerConfigKeys (ConfUtils.java:logGet(43)) - raft.server.log.segment.size.max = 1048576 (custom)
2019-09-20 04:49:10,630 [pool-229-thread-1] INFO  server.RaftServerConfigKeys (ConfUtils.java:logGet(43)) - raft.server.log.preallocated.size = 16384 (custom)
2019-09-20 04:49:10,631 [pool-229-thread-1] INFO  server.RaftServerConfigKeys (ConfUtils.java:logGet(43)) - raft.server.log.write.buffer.size = 33554432 (custom)
2019-09-20 04:49:10,631 [pool-229-thread-1] INFO  server.RaftServerConfigKeys (ConfUtils.java:logGet(43)) - raft.server.log.force.sync.num = 128 (default)
2019-09-20 04:49:10,631 [pool-229-thread-1] INFO  server.RaftServerConfigKeys (ConfUtils.java:logGet(43)) - raft.server.log.statemachine.data.sync = true (default)
2019-09-20 04:49:10,631 [pool-229-thread-1] INFO  server.RaftServerConfigKeys (ConfUtils.java:logGet(43)) - raft.server.log.statemachine.data.sync.timeout = 10s (default)
2019-09-20 04:49:10,631 [pool-229-thread-1] INFO  server.RaftServerConfigKeys (ConfUtils.java:logGet(43)) - raft.server.log.statemachine.data.sync.timeout.retry = -1 (default)
2019-09-20 04:49:10,631 [pool-229-thread-1] INFO  server.RaftServerConfigKeys (ConfUtils.java:logGet(43)) - raft.server.log.statemachine.data.caching.enabled = true (custom)
2019-09-20 04:49:10,631 [pool-229-thread-1] INFO  segmented.SegmentedRaftLogWorker (SegmentedRaftLogWorker.java:lambda$new$0(132)) - f4e549ee-a6fa-4eb9-8541-129d0566fdf5-SegmentedRaftLogWorker:Storage Directory /workdir/hadoop-ozone/integration-test/target/test-dir/MiniOzoneClusterImpl-bb3956c2-c4d1-403a-b406-f8ec73b3905b/datanode-1/data/ratis/6f4561aa-1612-488e-9a4e-4976c8d399e6: flushIndex: setUnconditionally 0 -> -1
2019-09-20 04:49:10,631 [pool-229-thread-1] INFO  server.RaftServerConfigKeys (ConfUtils.java:logGet(43)) - raft.server.snapshot.auto.trigger.enabled = true (custom)
2019-09-20 04:49:10,632 [pool-229-thread-1] INFO  server.RaftServerConfigKeys (ConfUtils.java:logGet(43)) - raft.server.snapshot.auto.trigger.threshold = 10000 (custom)
2019-09-20 04:49:10,632 [pool-229-thread-1] INFO  server.RaftServerConfigKeys (ConfUtils.java:logGet(43)) - raft.server.retrycache.expirytime = 600000ms (custom)
2019-09-20 04:49:10,632 [pool-229-thread-1] INFO  impl.RaftServerImpl (RaftServerImpl.java:start(180)) - f4e549ee-a6fa-4eb9-8541-129d0566fdf5: start group-4976C8D399E6
2019-09-20 04:49:10,632 [pool-229-thread-1] INFO  impl.RaftServerImpl (RaftServerImpl.java:setRole(171)) - f4e549ee-a6fa-4eb9-8541-129d0566fdf5:group-4976C8D399E6 changes role from null to FOLLOWER at term 0 for startAsFollower
2019-09-20 04:49:10,632 [pool-229-thread-1] INFO  impl.RoleInfo (RoleInfo.java:updateAndGet(143)) - f4e549ee-a6fa-4eb9-8541-129d0566fdf5: start FollowerState
2019-09-20 04:49:10,632 [pool-229-thread-1] INFO  util.JmxRegister (JmxRegister.java:tryRegister(44)) - Successfully registered JMX Bean with object name Ratis:service=RaftServer,group=group-4976C8D399E6,id=f4e549ee-a6fa-4eb9-8541-129d0566fdf5
2019-09-20 04:49:10,634 [RatisPipelineUtilsThread] INFO  pipeline.PipelineStateManager (PipelineStateManager.java:addPipeline(56)) - Created pipeline Pipeline[ Id: 6f4561aa-1612-488e-9a4e-4976c8d399e6, Nodes: f4e549ee-a6fa-4eb9-8541-129d0566fdf5{ip: 192.168.36.79, host: pr-hdds-1569-s8kj2-2266485376, networkLocation: /default-rack, certSerialId: null}, Type:RATIS, Factor:ONE, State:OPEN]
2019-09-20 04:49:10,635 [RatisPipelineUtilsThread] INFO  pipeline.PipelinePlacementPolicy (PipelinePlacementPolicy.java:meetCriteria(91)) - Pipeline Placement: Doesn't meet the criteria to be viable node： f4e549ee-a6fa-4eb9-8541-129d0566fdf5 Heaviness: 6 limit: 5
2019-09-20 04:49:10,635 [RatisPipelineUtilsThread] INFO  pipeline.PipelinePlacementPolicy (PipelinePlacementPolicy.java:meetCriteria(91)) - Pipeline Placement: Doesn't meet the criteria to be viable node： eb30d72f-c0a8-4ecb-bfee-9120a9a6cddf Heaviness: 6 limit: 5
2019-09-20 04:49:10,640 [grpc-default-executor-0] INFO  impl.RaftServerProxy (RaftServerProxy.java:addNew(89)) - 8538cd65-7926-426b-8bad-fbd0f0550f9a: addNew group-E6F4F4AF1066:[8538cd65-7926-426b-8bad-fbd0f0550f9a:192.168.36.79:37381] returns group-E6F4F4AF1066:java.util.concurrent.CompletableFuture@3f86344d[Not completed]
2019-09-20 04:49:10,641 [pool-240-thread-1] INFO  impl.RaftServerImpl (RaftServerImpl.java:<init>(93)) - 8538cd65-7926-426b-8bad-fbd0f0550f9a: new RaftServerImpl for group-E6F4F4AF1066:[8538cd65-7926-426b-8bad-fbd0f0550f9a:192.168.36.79:37381] with ContainerStateMachine:uninitialized
2019-09-20 04:49:10,641 [pool-240-thread-1] INFO  server.RaftServerConfigKeys (ConfUtils.java:logGet(43)) - raft.server.rpc.timeout.min = 5s (custom)
2019-09-20 04:49:10,641 [pool-240-thread-1] INFO  server.RaftServerConfigKeys (ConfUtils.java:logGet(43)) - raft.server.rpc.timeout.max = 5200ms (custom)
2019-09-20 04:49:10,641 [pool-240-thread-1] INFO  server.RaftServerConfigKeys (ConfUtils.java:logGet(43)) - raft.server.rpcslowness.timeout = 120s (custom)
2019-09-20 04:49:10,641 [pool-240-thread-1] INFO  server.RaftServerConfigKeys (ConfUtils.java:logGet(43)) - raft.server.sleep.deviation.threshold = 300 (default)
2019-09-20 04:49:10,642 [pool-240-thread-1] INFO  server.RaftServerConfigKeys (ConfUtils.java:logGet(43)) - raft.server.log.appender.install.snapshot.enabled = false (custom)
2019-09-20 04:49:10,642 [pool-240-thread-1] INFO  impl.RaftServerImpl (ServerState.java:<init>(105)) - 8538cd65-7926-426b-8bad-fbd0f0550f9a:group-E6F4F4AF1066 ConfigurationManager, init=-1: [8538cd65-7926-426b-8bad-fbd0f0550f9a:192.168.36.79:37381], old=null, confs=<EMPTY_MAP>
2019-09-20 04:49:10,642 [pool-240-thread-1] INFO  server.RaftServerConfigKeys (ConfUtils.java:logGet(43)) - raft.server.storage.dir = [/workdir/hadoop-ozone/integration-test/target/test-dir/MiniOzoneClusterImpl-bb3956c2-c4d1-403a-b406-f8ec73b3905b/datanode-2/data/ratis] (custom)
2019-09-20 04:49:10,642 [pool-240-thread-1] INFO  storage.RaftStorageDirectory (RaftStorageDirectory.java:analyzeStorage(246)) - The storage directory /workdir/hadoop-ozone/integration-test/target/test-dir/MiniOzoneClusterImpl-bb3956c2-c4d1-403a-b406-f8ec73b3905b/datanode-2/data/ratis/23dffffd-bb97-4de8-9f5f-e6f4f4af1066 does not exist. Creating ...
2019-09-20 04:49:10,663 [pool-240-thread-1] INFO  storage.RaftStorageDirectory (RaftStorageDirectory.java:tryLock(328)) - Lock on /workdir/hadoop-ozone/integration-test/target/test-dir/MiniOzoneClusterImpl-bb3956c2-c4d1-403a-b406-f8ec73b3905b/datanode-2/data/ratis/23dffffd-bb97-4de8-9f5f-e6f4f4af1066/in_use.lock acquired by nodename 9457@pr-hdds-1569-s8kj2-2266485376
2019-09-20 04:49:10,705 [pool-240-thread-1] INFO  storage.RaftStorage (RaftStorage.java:format(72)) - Storage directory /workdir/hadoop-ozone/integration-test/target/test-dir/MiniOzoneClusterImpl-bb3956c2-c4d1-403a-b406-f8ec73b3905b/datanode-2/data/ratis/23dffffd-bb97-4de8-9f5f-e6f4f4af1066 has been successfully formatted.
2019-09-20 04:49:10,705 [pool-240-thread-1] INFO  ratis.ContainerStateMachine (ContainerStateMachine.java:loadSnapshot(226)) - group-E6F4F4AF1066: The snapshot info is null. Setting the last applied indexto:(t:0, i:~)
2019-09-20 04:49:10,706 [pool-240-thread-1] INFO  server.RaftServerConfigKeys (ConfUtils.java:logGet(43)) - raft.server.leader.election.timeout = 120s (custom)
2019-09-20 04:49:10,706 [pool-240-thread-1] INFO  server.RaftServerConfigKeys (ConfUtils.java:logGet(43)) - raft.server.log.use.memory = false (default)
2019-09-20 04:49:10,706 [pool-240-thread-1] INFO  server.RaftServerConfigKeys (ConfUtils.java:logGet(43)) - raft.server.log.purge.gap = 1000000 (custom)
2019-09-20 04:49:10,706 [pool-240-thread-1] INFO  server.RaftServerConfigKeys (ConfUtils.java:logGet(43)) - raft.server.log.appender.buffer.byte-limit = 33554432 (custom)
2019-09-20 04:49:10,706 [pool-240-thread-1] INFO  server.RaftServerConfigKeys (ConfUtils.java:logGet(43)) - raft.server.log.segment.size.max = 1048576 (custom)
2019-09-20 04:49:10,706 [pool-240-thread-1] INFO  server.RaftServerConfigKeys (ConfUtils.java:logGet(43)) - raft.server.log.segment.cache.num.max = 2 (custom)
2019-09-20 04:49:10,707 [pool-240-thread-1] INFO  segmented.SegmentedRaftLogWorker (SegmentedRaftLogWorker.java:<init>(172)) - new 8538cd65-7926-426b-8bad-fbd0f0550f9a-SegmentedRaftLogWorker:Storage Directory /workdir/hadoop-ozone/integration-test/target/test-dir/MiniOzoneClusterImpl-bb3956c2-c4d1-403a-b406-f8ec73b3905b/datanode-2/data/ratis/23dffffd-bb97-4de8-9f5f-e6f4f4af1066 for RaftStorage:Storage Directory /workdir/hadoop-ozone/integration-test/target/test-dir/MiniOzoneClusterImpl-bb3956c2-c4d1-403a-b406-f8ec73b3905b/datanode-2/data/ratis/23dffffd-bb97-4de8-9f5f-e6f4f4af1066
2019-09-20 04:49:10,707 [pool-240-thread-1] INFO  server.RaftServerConfigKeys (ConfUtils.java:logGet(43)) - raft.server.log.queue.byte-limit = 2147483647 (custom)
2019-09-20 04:49:10,707 [pool-240-thread-1] INFO  server.RaftServerConfigKeys (ConfUtils.java:logGet(43)) - raft.server.log.queue.element-limit = 1024 (custom)
2019-09-20 04:49:10,707 [pool-240-thread-1] INFO  server.RaftServerConfigKeys (ConfUtils.java:logGet(43)) - raft.server.log.segment.size.max = 1048576 (custom)
2019-09-20 04:49:10,707 [pool-240-thread-1] INFO  server.RaftServerConfigKeys (ConfUtils.java:logGet(43)) - raft.server.log.preallocated.size = 16384 (custom)
2019-09-20 04:49:10,707 [pool-240-thread-1] INFO  server.RaftServerConfigKeys (ConfUtils.java:logGet(43)) - raft.server.log.write.buffer.size = 33554432 (custom)
2019-09-20 04:49:10,707 [pool-240-thread-1] INFO  server.RaftServerConfigKeys (ConfUtils.java:logGet(43)) - raft.server.log.force.sync.num = 128 (default)
2019-09-20 04:49:10,707 [pool-240-thread-1] INFO  server.RaftServerConfigKeys (ConfUtils.java:logGet(43)) - raft.server.log.statemachine.data.sync = true (default)
2019-09-20 04:49:10,708 [pool-240-thread-1] INFO  server.RaftServerConfigKeys (ConfUtils.java:logGet(43)) - raft.server.log.statemachine.data.sync.timeout = 10s (default)
2019-09-20 04:49:10,708 [pool-240-thread-1] INFO  server.RaftServerConfigKeys (ConfUtils.java:logGet(43)) - raft.server.log.statemachine.data.sync.timeout.retry = -1 (default)
2019-09-20 04:49:10,708 [pool-240-thread-1] INFO  server.RaftServerConfigKeys (ConfUtils.java:logGet(43)) - raft.server.log.statemachine.data.caching.enabled = true (custom)
2019-09-20 04:49:10,708 [pool-240-thread-1] INFO  segmented.SegmentedRaftLogWorker (SegmentedRaftLogWorker.java:lambda$new$0(132)) - 8538cd65-7926-426b-8bad-fbd0f0550f9a-SegmentedRaftLogWorker:Storage Directory /workdir/hadoop-ozone/integration-test/target/test-dir/MiniOzoneClusterImpl-bb3956c2-c4d1-403a-b406-f8ec73b3905b/datanode-2/data/ratis/23dffffd-bb97-4de8-9f5f-e6f4f4af1066: flushIndex: setUnconditionally 0 -> -1
2019-09-20 04:49:10,709 [pool-240-thread-1] INFO  server.RaftServerConfigKeys (ConfUtils.java:logGet(43)) - raft.server.snapshot.auto.trigger.enabled = true (custom)
2019-09-20 04:49:10,709 [pool-240-thread-1] INFO  server.RaftServerConfigKeys (ConfUtils.java:logGet(43)) - raft.server.snapshot.auto.trigger.threshold = 10000 (custom)
2019-09-20 04:49:10,709 [pool-240-thread-1] INFO  server.RaftServerConfigKeys (ConfUtils.java:logGet(43)) - raft.server.retrycache.expirytime = 600000ms (custom)
2019-09-20 04:49:10,709 [pool-240-thread-1] INFO  impl.RaftServerImpl (RaftServerImpl.java:start(180)) - 8538cd65-7926-426b-8bad-fbd0f0550f9a: start group-E6F4F4AF1066
2019-09-20 04:49:10,709 [pool-240-thread-1] INFO  impl.RaftServerImpl (RaftServerImpl.java:setRole(171)) - 8538cd65-7926-426b-8bad-fbd0f0550f9a:group-E6F4F4AF1066 changes role from null to FOLLOWER at term 0 for startAsFollower
2019-09-20 04:49:10,709 [pool-240-thread-1] INFO  impl.RoleInfo (RoleInfo.java:updateAndGet(143)) - 8538cd65-7926-426b-8bad-fbd0f0550f9a: start FollowerState
2019-09-20 04:49:10,710 [pool-240-thread-1] INFO  util.JmxRegister (JmxRegister.java:tryRegister(44)) - Successfully registered JMX Bean with object name Ratis:service=RaftServer,group=group-E6F4F4AF1066,id=8538cd65-7926-426b-8bad-fbd0f0550f9a
2019-09-20 04:49:10,712 [RatisPipelineUtilsThread] INFO  pipeline.PipelineStateManager (PipelineStateManager.java:addPipeline(56)) - Created pipeline Pipeline[ Id: 23dffffd-bb97-4de8-9f5f-e6f4f4af1066, Nodes: 8538cd65-7926-426b-8bad-fbd0f0550f9a{ip: 192.168.36.79, host: pr-hdds-1569-s8kj2-2266485376, networkLocation: /default-rack, certSerialId: null}, Type:RATIS, Factor:ONE, State:OPEN]
2019-09-20 04:49:10,712 [RatisPipelineUtilsThread] INFO  pipeline.PipelinePlacementPolicy (PipelinePlacementPolicy.java:meetCriteria(91)) - Pipeline Placement: Doesn't meet the criteria to be viable node： f4e549ee-a6fa-4eb9-8541-129d0566fdf5 Heaviness: 6 limit: 5
2019-09-20 04:49:10,712 [RatisPipelineUtilsThread] INFO  pipeline.PipelinePlacementPolicy (PipelinePlacementPolicy.java:meetCriteria(91)) - Pipeline Placement: Doesn't meet the criteria to be viable node： eb30d72f-c0a8-4ecb-bfee-9120a9a6cddf Heaviness: 6 limit: 5
2019-09-20 04:49:10,717 [grpc-default-executor-0] INFO  impl.RaftServerProxy (RaftServerProxy.java:addNew(89)) - 8538cd65-7926-426b-8bad-fbd0f0550f9a: addNew group-D8CA85E292D5:[8538cd65-7926-426b-8bad-fbd0f0550f9a:192.168.36.79:37381] returns group-D8CA85E292D5:java.util.concurrent.CompletableFuture@2d56255a[Not completed]
2019-09-20 04:49:10,717 [pool-240-thread-1] INFO  impl.RaftServerImpl (RaftServerImpl.java:<init>(93)) - 8538cd65-7926-426b-8bad-fbd0f0550f9a: new RaftServerImpl for group-D8CA85E292D5:[8538cd65-7926-426b-8bad-fbd0f0550f9a:192.168.36.79:37381] with ContainerStateMachine:uninitialized
2019-09-20 04:49:10,718 [pool-240-thread-1] INFO  server.RaftServerConfigKeys (ConfUtils.java:logGet(43)) - raft.server.rpc.timeout.min = 5s (custom)
2019-09-20 04:49:10,718 [pool-240-thread-1] INFO  server.RaftServerConfigKeys (ConfUtils.java:logGet(43)) - raft.server.rpc.timeout.max = 5200ms (custom)
2019-09-20 04:49:10,718 [pool-240-thread-1] INFO  server.RaftServerConfigKeys (ConfUtils.java:logGet(43)) - raft.server.rpcslowness.timeout = 120s (custom)
2019-09-20 04:49:10,718 [pool-240-thread-1] INFO  server.RaftServerConfigKeys (ConfUtils.java:logGet(43)) - raft.server.sleep.deviation.threshold = 300 (default)
2019-09-20 04:49:10,718 [pool-240-thread-1] INFO  server.RaftServerConfigKeys (ConfUtils.java:logGet(43)) - raft.server.log.appender.install.snapshot.enabled = false (custom)
2019-09-20 04:49:10,718 [pool-240-thread-1] INFO  impl.RaftServerImpl (ServerState.java:<init>(105)) - 8538cd65-7926-426b-8bad-fbd0f0550f9a:group-D8CA85E292D5 ConfigurationManager, init=-1: [8538cd65-7926-426b-8bad-fbd0f0550f9a:192.168.36.79:37381], old=null, confs=<EMPTY_MAP>
2019-09-20 04:49:10,718 [pool-240-thread-1] INFO  server.RaftServerConfigKeys (ConfUtils.java:logGet(43)) - raft.server.storage.dir = [/workdir/hadoop-ozone/integration-test/target/test-dir/MiniOzoneClusterImpl-bb3956c2-c4d1-403a-b406-f8ec73b3905b/datanode-2/data/ratis] (custom)
2019-09-20 04:49:10,719 [pool-240-thread-1] INFO  storage.RaftStorageDirectory (RaftStorageDirectory.java:analyzeStorage(246)) - The storage directory /workdir/hadoop-ozone/integration-test/target/test-dir/MiniOzoneClusterImpl-bb3956c2-c4d1-403a-b406-f8ec73b3905b/datanode-2/data/ratis/51dc7eba-fdfd-48e3-a995-d8ca85e292d5 does not exist. Creating ...
2019-09-20 04:49:10,765 [pool-240-thread-1] INFO  storage.RaftStorageDirectory (RaftStorageDirectory.java:tryLock(328)) - Lock on /workdir/hadoop-ozone/integration-test/target/test-dir/MiniOzoneClusterImpl-bb3956c2-c4d1-403a-b406-f8ec73b3905b/datanode-2/data/ratis/51dc7eba-fdfd-48e3-a995-d8ca85e292d5/in_use.lock acquired by nodename 9457@pr-hdds-1569-s8kj2-2266485376
2019-09-20 04:49:10,782 [pool-240-thread-1] INFO  storage.RaftStorage (RaftStorage.java:format(72)) - Storage directory /workdir/hadoop-ozone/integration-test/target/test-dir/MiniOzoneClusterImpl-bb3956c2-c4d1-403a-b406-f8ec73b3905b/datanode-2/data/ratis/51dc7eba-fdfd-48e3-a995-d8ca85e292d5 has been successfully formatted.
2019-09-20 04:49:10,782 [pool-240-thread-1] INFO  ratis.ContainerStateMachine (ContainerStateMachine.java:loadSnapshot(226)) - group-D8CA85E292D5: The snapshot info is null. Setting the last applied indexto:(t:0, i:~)
2019-09-20 04:49:10,782 [pool-240-thread-1] INFO  server.RaftServerConfigKeys (ConfUtils.java:logGet(43)) - raft.server.leader.election.timeout = 120s (custom)
2019-09-20 04:49:10,782 [pool-240-thread-1] INFO  server.RaftServerConfigKeys (ConfUtils.java:logGet(43)) - raft.server.log.use.memory = false (default)
2019-09-20 04:49:10,783 [pool-240-thread-1] INFO  server.RaftServerConfigKeys (ConfUtils.java:logGet(43)) - raft.server.log.purge.gap = 1000000 (custom)
2019-09-20 04:49:10,783 [pool-240-thread-1] INFO  server.RaftServerConfigKeys (ConfUtils.java:logGet(43)) - raft.server.log.appender.buffer.byte-limit = 33554432 (custom)
2019-09-20 04:49:10,783 [pool-240-thread-1] INFO  server.RaftServerConfigKeys (ConfUtils.java:logGet(43)) - raft.server.log.segment.size.max = 1048576 (custom)
2019-09-20 04:49:10,783 [pool-240-thread-1] INFO  server.RaftServerConfigKeys (ConfUtils.java:logGet(43)) - raft.server.log.segment.cache.num.max = 2 (custom)
2019-09-20 04:49:10,783 [pool-240-thread-1] INFO  segmented.SegmentedRaftLogWorker (SegmentedRaftLogWorker.java:<init>(172)) - new 8538cd65-7926-426b-8bad-fbd0f0550f9a-SegmentedRaftLogWorker:Storage Directory /workdir/hadoop-ozone/integration-test/target/test-dir/MiniOzoneClusterImpl-bb3956c2-c4d1-403a-b406-f8ec73b3905b/datanode-2/data/ratis/51dc7eba-fdfd-48e3-a995-d8ca85e292d5 for RaftStorage:Storage Directory /workdir/hadoop-ozone/integration-test/target/test-dir/MiniOzoneClusterImpl-bb3956c2-c4d1-403a-b406-f8ec73b3905b/datanode-2/data/ratis/51dc7eba-fdfd-48e3-a995-d8ca85e292d5
2019-09-20 04:49:10,783 [pool-240-thread-1] INFO  server.RaftServerConfigKeys (ConfUtils.java:logGet(43)) - raft.server.log.queue.byte-limit = 2147483647 (custom)
2019-09-20 04:49:10,783 [pool-240-thread-1] INFO  server.RaftServerConfigKeys (ConfUtils.java:logGet(43)) - raft.server.log.queue.element-limit = 1024 (custom)
2019-09-20 04:49:10,784 [pool-240-thread-1] INFO  server.RaftServerConfigKeys (ConfUtils.java:logGet(43)) - raft.server.log.segment.size.max = 1048576 (custom)
2019-09-20 04:49:10,784 [pool-240-thread-1] INFO  server.RaftServerConfigKeys (ConfUtils.java:logGet(43)) - raft.server.log.preallocated.size = 16384 (custom)
2019-09-20 04:49:10,784 [pool-240-thread-1] INFO  server.RaftServerConfigKeys (ConfUtils.java:logGet(43)) - raft.server.log.write.buffer.size = 33554432 (custom)
2019-09-20 04:49:10,784 [pool-240-thread-1] INFO  server.RaftServerConfigKeys (ConfUtils.java:logGet(43)) - raft.server.log.force.sync.num = 128 (default)
2019-09-20 04:49:10,784 [pool-240-thread-1] INFO  server.RaftServerConfigKeys (ConfUtils.java:logGet(43)) - raft.server.log.statemachine.data.sync = true (default)
2019-09-20 04:49:10,784 [pool-240-thread-1] INFO  server.RaftServerConfigKeys (ConfUtils.java:logGet(43)) - raft.server.log.statemachine.data.sync.timeout = 10s (default)
2019-09-20 04:49:10,784 [pool-240-thread-1] INFO  server.RaftServerConfigKeys (ConfUtils.java:logGet(43)) - raft.server.log.statemachine.data.sync.timeout.retry = -1 (default)
2019-09-20 04:49:10,785 [pool-240-thread-1] INFO  server.RaftServerConfigKeys (ConfUtils.java:logGet(43)) - raft.server.log.statemachine.data.caching.enabled = true (custom)
2019-09-20 04:49:10,785 [pool-240-thread-1] INFO  segmented.SegmentedRaftLogWorker (SegmentedRaftLogWorker.java:lambda$new$0(132)) - 8538cd65-7926-426b-8bad-fbd0f0550f9a-SegmentedRaftLogWorker:Storage Directory /workdir/hadoop-ozone/integration-test/target/test-dir/MiniOzoneClusterImpl-bb3956c2-c4d1-403a-b406-f8ec73b3905b/datanode-2/data/ratis/51dc7eba-fdfd-48e3-a995-d8ca85e292d5: flushIndex: setUnconditionally 0 -> -1
2019-09-20 04:49:10,785 [pool-240-thread-1] INFO  server.RaftServerConfigKeys (ConfUtils.java:logGet(43)) - raft.server.snapshot.auto.trigger.enabled = true (custom)
2019-09-20 04:49:10,785 [pool-240-thread-1] INFO  server.RaftServerConfigKeys (ConfUtils.java:logGet(43)) - raft.server.snapshot.auto.trigger.threshold = 10000 (custom)
2019-09-20 04:49:10,785 [pool-240-thread-1] INFO  server.RaftServerConfigKeys (ConfUtils.java:logGet(43)) - raft.server.retrycache.expirytime = 600000ms (custom)
2019-09-20 04:49:10,786 [pool-240-thread-1] INFO  impl.RaftServerImpl (RaftServerImpl.java:start(180)) - 8538cd65-7926-426b-8bad-fbd0f0550f9a: start group-D8CA85E292D5
2019-09-20 04:49:10,786 [pool-240-thread-1] INFO  impl.RaftServerImpl (RaftServerImpl.java:setRole(171)) - 8538cd65-7926-426b-8bad-fbd0f0550f9a:group-D8CA85E292D5 changes role from null to FOLLOWER at term 0 for startAsFollower
2019-09-20 04:49:10,786 [pool-240-thread-1] INFO  impl.RoleInfo (RoleInfo.java:updateAndGet(143)) - 8538cd65-7926-426b-8bad-fbd0f0550f9a: start FollowerState
2019-09-20 04:49:10,786 [pool-240-thread-1] INFO  util.JmxRegister (JmxRegister.java:tryRegister(44)) - Successfully registered JMX Bean with object name Ratis:service=RaftServer,group=group-D8CA85E292D5,id=8538cd65-7926-426b-8bad-fbd0f0550f9a
2019-09-20 04:49:10,788 [RatisPipelineUtilsThread] INFO  pipeline.PipelineStateManager (PipelineStateManager.java:addPipeline(56)) - Created pipeline Pipeline[ Id: 51dc7eba-fdfd-48e3-a995-d8ca85e292d5, Nodes: 8538cd65-7926-426b-8bad-fbd0f0550f9a{ip: 192.168.36.79, host: pr-hdds-1569-s8kj2-2266485376, networkLocation: /default-rack, certSerialId: null}, Type:RATIS, Factor:ONE, State:OPEN]
2019-09-20 04:49:10,789 [RatisPipelineUtilsThread] INFO  pipeline.PipelinePlacementPolicy (PipelinePlacementPolicy.java:meetCriteria(91)) - Pipeline Placement: Doesn't meet the criteria to be viable node： 8538cd65-7926-426b-8bad-fbd0f0550f9a Heaviness: 6 limit: 5
2019-09-20 04:49:10,789 [RatisPipelineUtilsThread] INFO  pipeline.PipelinePlacementPolicy (PipelinePlacementPolicy.java:meetCriteria(91)) - Pipeline Placement: Doesn't meet the criteria to be viable node： f4e549ee-a6fa-4eb9-8541-129d0566fdf5 Heaviness: 6 limit: 5
2019-09-20 04:49:10,789 [RatisPipelineUtilsThread] INFO  pipeline.PipelinePlacementPolicy (PipelinePlacementPolicy.java:meetCriteria(91)) - Pipeline Placement: Doesn't meet the criteria to be viable node： eb30d72f-c0a8-4ecb-bfee-9120a9a6cddf Heaviness: 6 limit: 5
2019-09-20 04:49:10,804 [grpc-default-executor-0] INFO  impl.RaftServerProxy (RaftServerProxy.java:addNew(89)) - 5ea19b84-5385-4ae9-8412-c4cfa929b172: addNew group-D3671F3B1CB0:[5ea19b84-5385-4ae9-8412-c4cfa929b172:192.168.36.79:33428] returns group-D3671F3B1CB0:java.util.concurrent.CompletableFuture@6dfb61fd[Not completed]
2019-09-20 04:49:10,805 [pool-251-thread-1] INFO  impl.RaftServerImpl (RaftServerImpl.java:<init>(93)) - 5ea19b84-5385-4ae9-8412-c4cfa929b172: new RaftServerImpl for group-D3671F3B1CB0:[5ea19b84-5385-4ae9-8412-c4cfa929b172:192.168.36.79:33428] with ContainerStateMachine:uninitialized
2019-09-20 04:49:10,805 [pool-251-thread-1] INFO  server.RaftServerConfigKeys (ConfUtils.java:logGet(43)) - raft.server.rpc.timeout.min = 5s (custom)
2019-09-20 04:49:10,805 [pool-251-thread-1] INFO  server.RaftServerConfigKeys (ConfUtils.java:logGet(43)) - raft.server.rpc.timeout.max = 5200ms (custom)
2019-09-20 04:49:10,805 [pool-251-thread-1] INFO  server.RaftServerConfigKeys (ConfUtils.java:logGet(43)) - raft.server.rpcslowness.timeout = 120s (custom)
2019-09-20 04:49:10,806 [pool-251-thread-1] INFO  server.RaftServerConfigKeys (ConfUtils.java:logGet(43)) - raft.server.sleep.deviation.threshold = 300 (default)
2019-09-20 04:49:10,806 [pool-251-thread-1] INFO  server.RaftServerConfigKeys (ConfUtils.java:logGet(43)) - raft.server.log.appender.install.snapshot.enabled = false (custom)
2019-09-20 04:49:10,806 [pool-251-thread-1] INFO  impl.RaftServerImpl (ServerState.java:<init>(105)) - 5ea19b84-5385-4ae9-8412-c4cfa929b172:group-D3671F3B1CB0 ConfigurationManager, init=-1: [5ea19b84-5385-4ae9-8412-c4cfa929b172:192.168.36.79:33428], old=null, confs=<EMPTY_MAP>
2019-09-20 04:49:10,806 [pool-251-thread-1] INFO  server.RaftServerConfigKeys (ConfUtils.java:logGet(43)) - raft.server.storage.dir = [/workdir/hadoop-ozone/integration-test/target/test-dir/MiniOzoneClusterImpl-bb3956c2-c4d1-403a-b406-f8ec73b3905b/datanode-3/data/ratis] (custom)
2019-09-20 04:49:10,806 [pool-251-thread-1] INFO  storage.RaftStorageDirectory (RaftStorageDirectory.java:analyzeStorage(246)) - The storage directory /workdir/hadoop-ozone/integration-test/target/test-dir/MiniOzoneClusterImpl-bb3956c2-c4d1-403a-b406-f8ec73b3905b/datanode-3/data/ratis/dac2ddd9-aa49-4b25-b9f4-d3671f3b1cb0 does not exist. Creating ...
2019-09-20 04:49:10,832 [pool-251-thread-1] INFO  storage.RaftStorageDirectory (RaftStorageDirectory.java:tryLock(328)) - Lock on /workdir/hadoop-ozone/integration-test/target/test-dir/MiniOzoneClusterImpl-bb3956c2-c4d1-403a-b406-f8ec73b3905b/datanode-3/data/ratis/dac2ddd9-aa49-4b25-b9f4-d3671f3b1cb0/in_use.lock acquired by nodename 9457@pr-hdds-1569-s8kj2-2266485376
2019-09-20 04:49:10,849 [pool-251-thread-1] INFO  storage.RaftStorage (RaftStorage.java:format(72)) - Storage directory /workdir/hadoop-ozone/integration-test/target/test-dir/MiniOzoneClusterImpl-bb3956c2-c4d1-403a-b406-f8ec73b3905b/datanode-3/data/ratis/dac2ddd9-aa49-4b25-b9f4-d3671f3b1cb0 has been successfully formatted.
2019-09-20 04:49:10,849 [pool-251-thread-1] INFO  ratis.ContainerStateMachine (ContainerStateMachine.java:loadSnapshot(226)) - group-D3671F3B1CB0: The snapshot info is null. Setting the last applied indexto:(t:0, i:~)
2019-09-20 04:49:10,849 [pool-251-thread-1] INFO  server.RaftServerConfigKeys (ConfUtils.java:logGet(43)) - raft.server.leader.election.timeout = 120s (custom)
2019-09-20 04:49:10,849 [pool-251-thread-1] INFO  server.RaftServerConfigKeys (ConfUtils.java:logGet(43)) - raft.server.log.use.memory = false (default)
2019-09-20 04:49:10,850 [pool-251-thread-1] INFO  server.RaftServerConfigKeys (ConfUtils.java:logGet(43)) - raft.server.log.purge.gap = 1000000 (custom)
2019-09-20 04:49:10,850 [pool-251-thread-1] INFO  server.RaftServerConfigKeys (ConfUtils.java:logGet(43)) - raft.server.log.appender.buffer.byte-limit = 33554432 (custom)
2019-09-20 04:49:10,850 [pool-251-thread-1] INFO  server.RaftServerConfigKeys (ConfUtils.java:logGet(43)) - raft.server.log.segment.size.max = 1048576 (custom)
2019-09-20 04:49:10,850 [pool-251-thread-1] INFO  server.RaftServerConfigKeys (ConfUtils.java:logGet(43)) - raft.server.log.segment.cache.num.max = 2 (custom)
2019-09-20 04:49:10,850 [pool-251-thread-1] INFO  segmented.SegmentedRaftLogWorker (SegmentedRaftLogWorker.java:<init>(172)) - new 5ea19b84-5385-4ae9-8412-c4cfa929b172-SegmentedRaftLogWorker:Storage Directory /workdir/hadoop-ozone/integration-test/target/test-dir/MiniOzoneClusterImpl-bb3956c2-c4d1-403a-b406-f8ec73b3905b/datanode-3/data/ratis/dac2ddd9-aa49-4b25-b9f4-d3671f3b1cb0 for RaftStorage:Storage Directory /workdir/hadoop-ozone/integration-test/target/test-dir/MiniOzoneClusterImpl-bb3956c2-c4d1-403a-b406-f8ec73b3905b/datanode-3/data/ratis/dac2ddd9-aa49-4b25-b9f4-d3671f3b1cb0
2019-09-20 04:49:10,850 [pool-251-thread-1] INFO  server.RaftServerConfigKeys (ConfUtils.java:logGet(43)) - raft.server.log.queue.byte-limit = 2147483647 (custom)
2019-09-20 04:49:10,850 [pool-251-thread-1] INFO  server.RaftServerConfigKeys (ConfUtils.java:logGet(43)) - raft.server.log.queue.element-limit = 1024 (custom)
2019-09-20 04:49:10,850 [pool-251-thread-1] INFO  server.RaftServerConfigKeys (ConfUtils.java:logGet(43)) - raft.server.log.segment.size.max = 1048576 (custom)
2019-09-20 04:49:10,850 [pool-251-thread-1] INFO  server.RaftServerConfigKeys (ConfUtils.java:logGet(43)) - raft.server.log.preallocated.size = 16384 (custom)
2019-09-20 04:49:10,851 [pool-251-thread-1] INFO  server.RaftServerConfigKeys (ConfUtils.java:logGet(43)) - raft.server.log.write.buffer.size = 33554432 (custom)
2019-09-20 04:49:10,851 [pool-251-thread-1] INFO  server.RaftServerConfigKeys (ConfUtils.java:logGet(43)) - raft.server.log.force.sync.num = 128 (default)
2019-09-20 04:49:10,851 [pool-251-thread-1] INFO  server.RaftServerConfigKeys (ConfUtils.java:logGet(43)) - raft.server.log.statemachine.data.sync = true (default)
2019-09-20 04:49:10,851 [pool-251-thread-1] INFO  server.RaftServerConfigKeys (ConfUtils.java:logGet(43)) - raft.server.log.statemachine.data.sync.timeout = 10s (default)
2019-09-20 04:49:10,851 [pool-251-thread-1] INFO  server.RaftServerConfigKeys (ConfUtils.java:logGet(43)) - raft.server.log.statemachine.data.sync.timeout.retry = -1 (default)
2019-09-20 04:49:10,851 [pool-251-thread-1] INFO  server.RaftServerConfigKeys (ConfUtils.java:logGet(43)) - raft.server.log.statemachine.data.caching.enabled = true (custom)
2019-09-20 04:49:10,851 [pool-251-thread-1] INFO  segmented.SegmentedRaftLogWorker (SegmentedRaftLogWorker.java:lambda$new$0(132)) - 5ea19b84-5385-4ae9-8412-c4cfa929b172-SegmentedRaftLogWorker:Storage Directory /workdir/hadoop-ozone/integration-test/target/test-dir/MiniOzoneClusterImpl-bb3956c2-c4d1-403a-b406-f8ec73b3905b/datanode-3/data/ratis/dac2ddd9-aa49-4b25-b9f4-d3671f3b1cb0: flushIndex: setUnconditionally 0 -> -1
2019-09-20 04:49:10,852 [pool-251-thread-1] INFO  server.RaftServerConfigKeys (ConfUtils.java:logGet(43)) - raft.server.snapshot.auto.trigger.enabled = true (custom)
2019-09-20 04:49:10,852 [pool-251-thread-1] INFO  server.RaftServerConfigKeys (ConfUtils.java:logGet(43)) - raft.server.snapshot.auto.trigger.threshold = 10000 (custom)
2019-09-20 04:49:10,852 [pool-251-thread-1] INFO  server.RaftServerConfigKeys (ConfUtils.java:logGet(43)) - raft.server.retrycache.expirytime = 600000ms (custom)
2019-09-20 04:49:10,852 [pool-251-thread-1] INFO  impl.RaftServerImpl (RaftServerImpl.java:start(180)) - 5ea19b84-5385-4ae9-8412-c4cfa929b172: start group-D3671F3B1CB0
2019-09-20 04:49:10,852 [pool-251-thread-1] INFO  impl.RaftServerImpl (RaftServerImpl.java:setRole(171)) - 5ea19b84-5385-4ae9-8412-c4cfa929b172:group-D3671F3B1CB0 changes role from null to FOLLOWER at term 0 for startAsFollower
2019-09-20 04:49:10,852 [pool-251-thread-1] INFO  impl.RoleInfo (RoleInfo.java:updateAndGet(143)) - 5ea19b84-5385-4ae9-8412-c4cfa929b172: start FollowerState
2019-09-20 04:49:10,852 [pool-251-thread-1] INFO  util.JmxRegister (JmxRegister.java:tryRegister(44)) - Successfully registered JMX Bean with object name Ratis:service=RaftServer,group=group-D3671F3B1CB0,id=5ea19b84-5385-4ae9-8412-c4cfa929b172
2019-09-20 04:49:10,855 [RatisPipelineUtilsThread] INFO  pipeline.PipelineStateManager (PipelineStateManager.java:addPipeline(56)) - Created pipeline Pipeline[ Id: dac2ddd9-aa49-4b25-b9f4-d3671f3b1cb0, Nodes: 5ea19b84-5385-4ae9-8412-c4cfa929b172{ip: 192.168.36.79, host: pr-hdds-1569-s8kj2-2266485376, networkLocation: /default-rack, certSerialId: null}, Type:RATIS, Factor:ONE, State:OPEN]
2019-09-20 04:49:10,855 [RatisPipelineUtilsThread] INFO  pipeline.PipelinePlacementPolicy (PipelinePlacementPolicy.java:meetCriteria(91)) - Pipeline Placement: Doesn't meet the criteria to be viable node： 8538cd65-7926-426b-8bad-fbd0f0550f9a Heaviness: 6 limit: 5
2019-09-20 04:49:10,855 [RatisPipelineUtilsThread] INFO  pipeline.PipelinePlacementPolicy (PipelinePlacementPolicy.java:meetCriteria(91)) - Pipeline Placement: Doesn't meet the criteria to be viable node： f4e549ee-a6fa-4eb9-8541-129d0566fdf5 Heaviness: 6 limit: 5
2019-09-20 04:49:10,856 [RatisPipelineUtilsThread] INFO  pipeline.PipelinePlacementPolicy (PipelinePlacementPolicy.java:meetCriteria(91)) - Pipeline Placement: Doesn't meet the criteria to be viable node： eb30d72f-c0a8-4ecb-bfee-9120a9a6cddf Heaviness: 6 limit: 5
2019-09-20 04:49:10,860 [grpc-default-executor-0] INFO  impl.RaftServerProxy (RaftServerProxy.java:addNew(89)) - 5ea19b84-5385-4ae9-8412-c4cfa929b172: addNew group-18888425844F:[5ea19b84-5385-4ae9-8412-c4cfa929b172:192.168.36.79:33428] returns group-18888425844F:java.util.concurrent.CompletableFuture@443b10a5[Not completed]
2019-09-20 04:49:10,861 [pool-251-thread-1] INFO  impl.RaftServerImpl (RaftServerImpl.java:<init>(93)) - 5ea19b84-5385-4ae9-8412-c4cfa929b172: new RaftServerImpl for group-18888425844F:[5ea19b84-5385-4ae9-8412-c4cfa929b172:192.168.36.79:33428] with ContainerStateMachine:uninitialized
2019-09-20 04:49:10,861 [pool-251-thread-1] INFO  server.RaftServerConfigKeys (ConfUtils.java:logGet(43)) - raft.server.rpc.timeout.min = 5s (custom)
2019-09-20 04:49:10,861 [pool-251-thread-1] INFO  server.RaftServerConfigKeys (ConfUtils.java:logGet(43)) - raft.server.rpc.timeout.max = 5200ms (custom)
2019-09-20 04:49:10,861 [pool-251-thread-1] INFO  server.RaftServerConfigKeys (ConfUtils.java:logGet(43)) - raft.server.rpcslowness.timeout = 120s (custom)
2019-09-20 04:49:10,861 [pool-251-thread-1] INFO  server.RaftServerConfigKeys (ConfUtils.java:logGet(43)) - raft.server.sleep.deviation.threshold = 300 (default)
2019-09-20 04:49:10,861 [pool-251-thread-1] INFO  server.RaftServerConfigKeys (ConfUtils.java:logGet(43)) - raft.server.log.appender.install.snapshot.enabled = false (custom)
2019-09-20 04:49:10,861 [pool-251-thread-1] INFO  impl.RaftServerImpl (ServerState.java:<init>(105)) - 5ea19b84-5385-4ae9-8412-c4cfa929b172:group-18888425844F ConfigurationManager, init=-1: [5ea19b84-5385-4ae9-8412-c4cfa929b172:192.168.36.79:33428], old=null, confs=<EMPTY_MAP>
2019-09-20 04:49:10,862 [pool-251-thread-1] INFO  server.RaftServerConfigKeys (ConfUtils.java:logGet(43)) - raft.server.storage.dir = [/workdir/hadoop-ozone/integration-test/target/test-dir/MiniOzoneClusterImpl-bb3956c2-c4d1-403a-b406-f8ec73b3905b/datanode-3/data/ratis] (custom)
2019-09-20 04:49:10,862 [pool-251-thread-1] INFO  storage.RaftStorageDirectory (RaftStorageDirectory.java:analyzeStorage(246)) - The storage directory /workdir/hadoop-ozone/integration-test/target/test-dir/MiniOzoneClusterImpl-bb3956c2-c4d1-403a-b406-f8ec73b3905b/datanode-3/data/ratis/1476a581-b3a6-4053-aee0-18888425844f does not exist. Creating ...
2019-09-20 04:49:10,883 [pool-251-thread-1] INFO  storage.RaftStorageDirectory (RaftStorageDirectory.java:tryLock(328)) - Lock on /workdir/hadoop-ozone/integration-test/target/test-dir/MiniOzoneClusterImpl-bb3956c2-c4d1-403a-b406-f8ec73b3905b/datanode-3/data/ratis/1476a581-b3a6-4053-aee0-18888425844f/in_use.lock acquired by nodename 9457@pr-hdds-1569-s8kj2-2266485376
2019-09-20 04:49:10,908 [pool-251-thread-1] INFO  storage.RaftStorage (RaftStorage.java:format(72)) - Storage directory /workdir/hadoop-ozone/integration-test/target/test-dir/MiniOzoneClusterImpl-bb3956c2-c4d1-403a-b406-f8ec73b3905b/datanode-3/data/ratis/1476a581-b3a6-4053-aee0-18888425844f has been successfully formatted.
2019-09-20 04:49:10,908 [pool-251-thread-1] INFO  ratis.ContainerStateMachine (ContainerStateMachine.java:loadSnapshot(226)) - group-18888425844F: The snapshot info is null. Setting the last applied indexto:(t:0, i:~)
2019-09-20 04:49:10,908 [pool-251-thread-1] INFO  server.RaftServerConfigKeys (ConfUtils.java:logGet(43)) - raft.server.leader.election.timeout = 120s (custom)
2019-09-20 04:49:10,908 [pool-251-thread-1] INFO  server.RaftServerConfigKeys (ConfUtils.java:logGet(43)) - raft.server.log.use.memory = false (default)
2019-09-20 04:49:10,909 [pool-251-thread-1] INFO  server.RaftServerConfigKeys (ConfUtils.java:logGet(43)) - raft.server.log.purge.gap = 1000000 (custom)
2019-09-20 04:49:10,909 [pool-251-thread-1] INFO  server.RaftServerConfigKeys (ConfUtils.java:logGet(43)) - raft.server.log.appender.buffer.byte-limit = 33554432 (custom)
2019-09-20 04:49:10,909 [pool-251-thread-1] INFO  server.RaftServerConfigKeys (ConfUtils.java:logGet(43)) - raft.server.log.segment.size.max = 1048576 (custom)
2019-09-20 04:49:10,909 [pool-251-thread-1] INFO  server.RaftServerConfigKeys (ConfUtils.java:logGet(43)) - raft.server.log.segment.cache.num.max = 2 (custom)
2019-09-20 04:49:10,909 [pool-251-thread-1] INFO  segmented.SegmentedRaftLogWorker (SegmentedRaftLogWorker.java:<init>(172)) - new 5ea19b84-5385-4ae9-8412-c4cfa929b172-SegmentedRaftLogWorker:Storage Directory /workdir/hadoop-ozone/integration-test/target/test-dir/MiniOzoneClusterImpl-bb3956c2-c4d1-403a-b406-f8ec73b3905b/datanode-3/data/ratis/1476a581-b3a6-4053-aee0-18888425844f for RaftStorage:Storage Directory /workdir/hadoop-ozone/integration-test/target/test-dir/MiniOzoneClusterImpl-bb3956c2-c4d1-403a-b406-f8ec73b3905b/datanode-3/data/ratis/1476a581-b3a6-4053-aee0-18888425844f
2019-09-20 04:49:10,909 [pool-251-thread-1] INFO  server.RaftServerConfigKeys (ConfUtils.java:logGet(43)) - raft.server.log.queue.byte-limit = 2147483647 (custom)
2019-09-20 04:49:10,909 [pool-251-thread-1] INFO  server.RaftServerConfigKeys (ConfUtils.java:logGet(43)) - raft.server.log.queue.element-limit = 1024 (custom)
2019-09-20 04:49:10,909 [pool-251-thread-1] INFO  server.RaftServerConfigKeys (ConfUtils.java:logGet(43)) - raft.server.log.segment.size.max = 1048576 (custom)
2019-09-20 04:49:10,909 [pool-251-thread-1] INFO  server.RaftServerConfigKeys (ConfUtils.java:logGet(43)) - raft.server.log.preallocated.size = 16384 (custom)
2019-09-20 04:49:10,909 [pool-251-thread-1] INFO  server.RaftServerConfigKeys (ConfUtils.java:logGet(43)) - raft.server.log.write.buffer.size = 33554432 (custom)
2019-09-20 04:49:10,909 [pool-251-thread-1] INFO  server.RaftServerConfigKeys (ConfUtils.java:logGet(43)) - raft.server.log.force.sync.num = 128 (default)
2019-09-20 04:49:10,910 [pool-251-thread-1] INFO  server.RaftServerConfigKeys (ConfUtils.java:logGet(43)) - raft.server.log.statemachine.data.sync = true (default)
2019-09-20 04:49:10,910 [pool-251-thread-1] INFO  server.RaftServerConfigKeys (ConfUtils.java:logGet(43)) - raft.server.log.statemachine.data.sync.timeout = 10s (default)
2019-09-20 04:49:10,910 [pool-251-thread-1] INFO  server.RaftServerConfigKeys (ConfUtils.java:logGet(43)) - raft.server.log.statemachine.data.sync.timeout.retry = -1 (default)
2019-09-20 04:49:10,910 [pool-251-thread-1] INFO  server.RaftServerConfigKeys (ConfUtils.java:logGet(43)) - raft.server.log.statemachine.data.caching.enabled = true (custom)
2019-09-20 04:49:10,910 [pool-251-thread-1] INFO  segmented.SegmentedRaftLogWorker (SegmentedRaftLogWorker.java:lambda$new$0(132)) - 5ea19b84-5385-4ae9-8412-c4cfa929b172-SegmentedRaftLogWorker:Storage Directory /workdir/hadoop-ozone/integration-test/target/test-dir/MiniOzoneClusterImpl-bb3956c2-c4d1-403a-b406-f8ec73b3905b/datanode-3/data/ratis/1476a581-b3a6-4053-aee0-18888425844f: flushIndex: setUnconditionally 0 -> -1
2019-09-20 04:49:10,910 [pool-251-thread-1] INFO  server.RaftServerConfigKeys (ConfUtils.java:logGet(43)) - raft.server.snapshot.auto.trigger.enabled = true (custom)
2019-09-20 04:49:10,910 [pool-251-thread-1] INFO  server.RaftServerConfigKeys (ConfUtils.java:logGet(43)) - raft.server.snapshot.auto.trigger.threshold = 10000 (custom)
2019-09-20 04:49:10,910 [pool-251-thread-1] INFO  server.RaftServerConfigKeys (ConfUtils.java:logGet(43)) - raft.server.retrycache.expirytime = 600000ms (custom)
2019-09-20 04:49:10,911 [pool-251-thread-1] INFO  impl.RaftServerImpl (RaftServerImpl.java:start(180)) - 5ea19b84-5385-4ae9-8412-c4cfa929b172: start group-18888425844F
2019-09-20 04:49:10,911 [pool-251-thread-1] INFO  impl.RaftServerImpl (RaftServerImpl.java:setRole(171)) - 5ea19b84-5385-4ae9-8412-c4cfa929b172:group-18888425844F changes role from null to FOLLOWER at term 0 for startAsFollower
2019-09-20 04:49:10,911 [pool-251-thread-1] INFO  impl.RoleInfo (RoleInfo.java:updateAndGet(143)) - 5ea19b84-5385-4ae9-8412-c4cfa929b172: start FollowerState
2019-09-20 04:49:10,911 [pool-251-thread-1] INFO  util.JmxRegister (JmxRegister.java:tryRegister(44)) - Successfully registered JMX Bean with object name Ratis:service=RaftServer,group=group-18888425844F,id=5ea19b84-5385-4ae9-8412-c4cfa929b172
2019-09-20 04:49:10,913 [RatisPipelineUtilsThread] INFO  pipeline.PipelineStateManager (PipelineStateManager.java:addPipeline(56)) - Created pipeline Pipeline[ Id: 1476a581-b3a6-4053-aee0-18888425844f, Nodes: 5ea19b84-5385-4ae9-8412-c4cfa929b172{ip: 192.168.36.79, host: pr-hdds-1569-s8kj2-2266485376, networkLocation: /default-rack, certSerialId: null}, Type:RATIS, Factor:ONE, State:OPEN]
2019-09-20 04:49:10,913 [RatisPipelineUtilsThread] INFO  pipeline.PipelinePlacementPolicy (PipelinePlacementPolicy.java:meetCriteria(91)) - Pipeline Placement: Doesn't meet the criteria to be viable node： 8538cd65-7926-426b-8bad-fbd0f0550f9a Heaviness: 6 limit: 5
2019-09-20 04:49:10,913 [RatisPipelineUtilsThread] INFO  pipeline.PipelinePlacementPolicy (PipelinePlacementPolicy.java:meetCriteria(91)) - Pipeline Placement: Doesn't meet the criteria to be viable node： f4e549ee-a6fa-4eb9-8541-129d0566fdf5 Heaviness: 6 limit: 5
2019-09-20 04:49:10,914 [RatisPipelineUtilsThread] INFO  pipeline.PipelinePlacementPolicy (PipelinePlacementPolicy.java:meetCriteria(91)) - Pipeline Placement: Doesn't meet the criteria to be viable node： eb30d72f-c0a8-4ecb-bfee-9120a9a6cddf Heaviness: 6 limit: 5
2019-09-20 04:49:10,918 [grpc-default-executor-0] INFO  impl.RaftServerProxy (RaftServerProxy.java:addNew(89)) - 5ea19b84-5385-4ae9-8412-c4cfa929b172: addNew group-3F6F94B8F0AF:[5ea19b84-5385-4ae9-8412-c4cfa929b172:192.168.36.79:33428] returns group-3F6F94B8F0AF:java.util.concurrent.CompletableFuture@1af5290d[Not completed]
2019-09-20 04:49:10,918 [pool-251-thread-1] INFO  impl.RaftServerImpl (RaftServerImpl.java:<init>(93)) - 5ea19b84-5385-4ae9-8412-c4cfa929b172: new RaftServerImpl for group-3F6F94B8F0AF:[5ea19b84-5385-4ae9-8412-c4cfa929b172:192.168.36.79:33428] with ContainerStateMachine:uninitialized
2019-09-20 04:49:10,918 [pool-251-thread-1] INFO  server.RaftServerConfigKeys (ConfUtils.java:logGet(43)) - raft.server.rpc.timeout.min = 5s (custom)
2019-09-20 04:49:10,918 [pool-251-thread-1] INFO  server.RaftServerConfigKeys (ConfUtils.java:logGet(43)) - raft.server.rpc.timeout.max = 5200ms (custom)
2019-09-20 04:49:10,919 [pool-251-thread-1] INFO  server.RaftServerConfigKeys (ConfUtils.java:logGet(43)) - raft.server.rpcslowness.timeout = 120s (custom)
2019-09-20 04:49:10,919 [pool-251-thread-1] INFO  server.RaftServerConfigKeys (ConfUtils.java:logGet(43)) - raft.server.sleep.deviation.threshold = 300 (default)
2019-09-20 04:49:10,919 [pool-251-thread-1] INFO  server.RaftServerConfigKeys (ConfUtils.java:logGet(43)) - raft.server.log.appender.install.snapshot.enabled = false (custom)
2019-09-20 04:49:10,919 [pool-251-thread-1] INFO  impl.RaftServerImpl (ServerState.java:<init>(105)) - 5ea19b84-5385-4ae9-8412-c4cfa929b172:group-3F6F94B8F0AF ConfigurationManager, init=-1: [5ea19b84-5385-4ae9-8412-c4cfa929b172:192.168.36.79:33428], old=null, confs=<EMPTY_MAP>
2019-09-20 04:49:10,919 [pool-251-thread-1] INFO  server.RaftServerConfigKeys (ConfUtils.java:logGet(43)) - raft.server.storage.dir = [/workdir/hadoop-ozone/integration-test/target/test-dir/MiniOzoneClusterImpl-bb3956c2-c4d1-403a-b406-f8ec73b3905b/datanode-3/data/ratis] (custom)
2019-09-20 04:49:10,919 [pool-251-thread-1] INFO  storage.RaftStorageDirectory (RaftStorageDirectory.java:analyzeStorage(246)) - The storage directory /workdir/hadoop-ozone/integration-test/target/test-dir/MiniOzoneClusterImpl-bb3956c2-c4d1-403a-b406-f8ec73b3905b/datanode-3/data/ratis/69752324-5e5e-4993-82a9-3f6f94b8f0af does not exist. Creating ...
2019-09-20 04:49:10,950 [pool-251-thread-1] INFO  storage.RaftStorageDirectory (RaftStorageDirectory.java:tryLock(328)) - Lock on /workdir/hadoop-ozone/integration-test/target/test-dir/MiniOzoneClusterImpl-bb3956c2-c4d1-403a-b406-f8ec73b3905b/datanode-3/data/ratis/69752324-5e5e-4993-82a9-3f6f94b8f0af/in_use.lock acquired by nodename 9457@pr-hdds-1569-s8kj2-2266485376
2019-09-20 04:49:10,984 [pool-251-thread-1] INFO  storage.RaftStorage (RaftStorage.java:format(72)) - Storage directory /workdir/hadoop-ozone/integration-test/target/test-dir/MiniOzoneClusterImpl-bb3956c2-c4d1-403a-b406-f8ec73b3905b/datanode-3/data/ratis/69752324-5e5e-4993-82a9-3f6f94b8f0af has been successfully formatted.
2019-09-20 04:49:10,984 [pool-251-thread-1] INFO  ratis.ContainerStateMachine (ContainerStateMachine.java:loadSnapshot(226)) - group-3F6F94B8F0AF: The snapshot info is null. Setting the last applied indexto:(t:0, i:~)
2019-09-20 04:49:10,984 [pool-251-thread-1] INFO  server.RaftServerConfigKeys (ConfUtils.java:logGet(43)) - raft.server.leader.election.timeout = 120s (custom)
2019-09-20 04:49:10,984 [pool-251-thread-1] INFO  server.RaftServerConfigKeys (ConfUtils.java:logGet(43)) - raft.server.log.use.memory = false (default)
2019-09-20 04:49:10,984 [pool-251-thread-1] INFO  server.RaftServerConfigKeys (ConfUtils.java:logGet(43)) - raft.server.log.purge.gap = 1000000 (custom)
2019-09-20 04:49:10,985 [pool-251-thread-1] INFO  server.RaftServerConfigKeys (ConfUtils.java:logGet(43)) - raft.server.log.appender.buffer.byte-limit = 33554432 (custom)
2019-09-20 04:49:10,985 [pool-251-thread-1] INFO  server.RaftServerConfigKeys (ConfUtils.java:logGet(43)) - raft.server.log.segment.size.max = 1048576 (custom)
2019-09-20 04:49:10,985 [pool-251-thread-1] INFO  server.RaftServerConfigKeys (ConfUtils.java:logGet(43)) - raft.server.log.segment.cache.num.max = 2 (custom)
2019-09-20 04:49:10,985 [pool-251-thread-1] INFO  segmented.SegmentedRaftLogWorker (SegmentedRaftLogWorker.java:<init>(172)) - new 5ea19b84-5385-4ae9-8412-c4cfa929b172-SegmentedRaftLogWorker:Storage Directory /workdir/hadoop-ozone/integration-test/target/test-dir/MiniOzoneClusterImpl-bb3956c2-c4d1-403a-b406-f8ec73b3905b/datanode-3/data/ratis/69752324-5e5e-4993-82a9-3f6f94b8f0af for RaftStorage:Storage Directory /workdir/hadoop-ozone/integration-test/target/test-dir/MiniOzoneClusterImpl-bb3956c2-c4d1-403a-b406-f8ec73b3905b/datanode-3/data/ratis/69752324-5e5e-4993-82a9-3f6f94b8f0af
2019-09-20 04:49:10,985 [pool-251-thread-1] INFO  server.RaftServerConfigKeys (ConfUtils.java:logGet(43)) - raft.server.log.queue.byte-limit = 2147483647 (custom)
2019-09-20 04:49:10,985 [pool-251-thread-1] INFO  server.RaftServerConfigKeys (ConfUtils.java:logGet(43)) - raft.server.log.queue.element-limit = 1024 (custom)
2019-09-20 04:49:10,985 [pool-251-thread-1] INFO  server.RaftServerConfigKeys (ConfUtils.java:logGet(43)) - raft.server.log.segment.size.max = 1048576 (custom)
2019-09-20 04:49:10,986 [pool-251-thread-1] INFO  server.RaftServerConfigKeys (ConfUtils.java:logGet(43)) - raft.server.log.preallocated.size = 16384 (custom)
2019-09-20 04:49:10,986 [pool-251-thread-1] INFO  server.RaftServerConfigKeys (ConfUtils.java:logGet(43)) - raft.server.log.write.buffer.size = 33554432 (custom)
2019-09-20 04:49:10,986 [pool-251-thread-1] INFO  server.RaftServerConfigKeys (ConfUtils.java:logGet(43)) - raft.server.log.force.sync.num = 128 (default)
2019-09-20 04:49:10,986 [pool-251-thread-1] INFO  server.RaftServerConfigKeys (ConfUtils.java:logGet(43)) - raft.server.log.statemachine.data.sync = true (default)
2019-09-20 04:49:10,986 [pool-251-thread-1] INFO  server.RaftServerConfigKeys (ConfUtils.java:logGet(43)) - raft.server.log.statemachine.data.sync.timeout = 10s (default)
2019-09-20 04:49:10,986 [pool-251-thread-1] INFO  server.RaftServerConfigKeys (ConfUtils.java:logGet(43)) - raft.server.log.statemachine.data.sync.timeout.retry = -1 (default)
2019-09-20 04:49:10,986 [pool-251-thread-1] INFO  server.RaftServerConfigKeys (ConfUtils.java:logGet(43)) - raft.server.log.statemachine.data.caching.enabled = true (custom)
2019-09-20 04:49:10,987 [pool-251-thread-1] INFO  segmented.SegmentedRaftLogWorker (SegmentedRaftLogWorker.java:lambda$new$0(132)) - 5ea19b84-5385-4ae9-8412-c4cfa929b172-SegmentedRaftLogWorker:Storage Directory /workdir/hadoop-ozone/integration-test/target/test-dir/MiniOzoneClusterImpl-bb3956c2-c4d1-403a-b406-f8ec73b3905b/datanode-3/data/ratis/69752324-5e5e-4993-82a9-3f6f94b8f0af: flushIndex: setUnconditionally 0 -> -1
2019-09-20 04:49:10,987 [pool-251-thread-1] INFO  server.RaftServerConfigKeys (ConfUtils.java:logGet(43)) - raft.server.snapshot.auto.trigger.enabled = true (custom)
2019-09-20 04:49:10,987 [pool-251-thread-1] INFO  server.RaftServerConfigKeys (ConfUtils.java:logGet(43)) - raft.server.snapshot.auto.trigger.threshold = 10000 (custom)
2019-09-20 04:49:10,987 [pool-251-thread-1] INFO  server.RaftServerConfigKeys (ConfUtils.java:logGet(43)) - raft.server.retrycache.expirytime = 600000ms (custom)
2019-09-20 04:49:10,987 [pool-251-thread-1] INFO  impl.RaftServerImpl (RaftServerImpl.java:start(180)) - 5ea19b84-5385-4ae9-8412-c4cfa929b172: start group-3F6F94B8F0AF
2019-09-20 04:49:10,987 [pool-251-thread-1] INFO  impl.RaftServerImpl (RaftServerImpl.java:setRole(171)) - 5ea19b84-5385-4ae9-8412-c4cfa929b172:group-3F6F94B8F0AF changes role from null to FOLLOWER at term 0 for startAsFollower
2019-09-20 04:49:10,988 [pool-251-thread-1] INFO  impl.RoleInfo (RoleInfo.java:updateAndGet(143)) - 5ea19b84-5385-4ae9-8412-c4cfa929b172: start FollowerState
2019-09-20 04:49:10,988 [pool-251-thread-1] INFO  util.JmxRegister (JmxRegister.java:tryRegister(44)) - Successfully registered JMX Bean with object name Ratis:service=RaftServer,group=group-3F6F94B8F0AF,id=5ea19b84-5385-4ae9-8412-c4cfa929b172
2019-09-20 04:49:10,990 [RatisPipelineUtilsThread] INFO  pipeline.PipelineStateManager (PipelineStateManager.java:addPipeline(56)) - Created pipeline Pipeline[ Id: 69752324-5e5e-4993-82a9-3f6f94b8f0af, Nodes: 5ea19b84-5385-4ae9-8412-c4cfa929b172{ip: 192.168.36.79, host: pr-hdds-1569-s8kj2-2266485376, networkLocation: /default-rack, certSerialId: null}, Type:RATIS, Factor:ONE, State:OPEN]
2019-09-20 04:49:10,990 [RatisPipelineUtilsThread] INFO  pipeline.PipelinePlacementPolicy (PipelinePlacementPolicy.java:meetCriteria(91)) - Pipeline Placement: Doesn't meet the criteria to be viable node： 8538cd65-7926-426b-8bad-fbd0f0550f9a Heaviness: 6 limit: 5
2019-09-20 04:49:10,990 [RatisPipelineUtilsThread] INFO  pipeline.PipelinePlacementPolicy (PipelinePlacementPolicy.java:meetCriteria(91)) - Pipeline Placement: Doesn't meet the criteria to be viable node： f4e549ee-a6fa-4eb9-8541-129d0566fdf5 Heaviness: 6 limit: 5
2019-09-20 04:49:10,991 [RatisPipelineUtilsThread] INFO  pipeline.PipelinePlacementPolicy (PipelinePlacementPolicy.java:meetCriteria(91)) - Pipeline Placement: Doesn't meet the criteria to be viable node： eb30d72f-c0a8-4ecb-bfee-9120a9a6cddf Heaviness: 6 limit: 5
2019-09-20 04:49:10,995 [grpc-default-executor-0] INFO  impl.RaftServerProxy (RaftServerProxy.java:addNew(89)) - 5ea19b84-5385-4ae9-8412-c4cfa929b172: addNew group-CE8C03EEB81D:[5ea19b84-5385-4ae9-8412-c4cfa929b172:192.168.36.79:33428] returns group-CE8C03EEB81D:java.util.concurrent.CompletableFuture@284d9323[Not completed]
2019-09-20 04:49:10,996 [pool-251-thread-1] INFO  impl.RaftServerImpl (RaftServerImpl.java:<init>(93)) - 5ea19b84-5385-4ae9-8412-c4cfa929b172: new RaftServerImpl for group-CE8C03EEB81D:[5ea19b84-5385-4ae9-8412-c4cfa929b172:192.168.36.79:33428] with ContainerStateMachine:uninitialized
2019-09-20 04:49:10,996 [pool-251-thread-1] INFO  server.RaftServerConfigKeys (ConfUtils.java:logGet(43)) - raft.server.rpc.timeout.min = 5s (custom)
2019-09-20 04:49:10,996 [pool-251-thread-1] INFO  server.RaftServerConfigKeys (ConfUtils.java:logGet(43)) - raft.server.rpc.timeout.max = 5200ms (custom)
2019-09-20 04:49:10,996 [pool-251-thread-1] INFO  server.RaftServerConfigKeys (ConfUtils.java:logGet(43)) - raft.server.rpcslowness.timeout = 120s (custom)
2019-09-20 04:49:10,997 [pool-251-thread-1] INFO  server.RaftServerConfigKeys (ConfUtils.java:logGet(43)) - raft.server.sleep.deviation.threshold = 300 (default)
2019-09-20 04:49:10,997 [pool-251-thread-1] INFO  server.RaftServerConfigKeys (ConfUtils.java:logGet(43)) - raft.server.log.appender.install.snapshot.enabled = false (custom)
2019-09-20 04:49:10,997 [pool-251-thread-1] INFO  impl.RaftServerImpl (ServerState.java:<init>(105)) - 5ea19b84-5385-4ae9-8412-c4cfa929b172:group-CE8C03EEB81D ConfigurationManager, init=-1: [5ea19b84-5385-4ae9-8412-c4cfa929b172:192.168.36.79:33428], old=null, confs=<EMPTY_MAP>
2019-09-20 04:49:10,997 [pool-251-thread-1] INFO  server.RaftServerConfigKeys (ConfUtils.java:logGet(43)) - raft.server.storage.dir = [/workdir/hadoop-ozone/integration-test/target/test-dir/MiniOzoneClusterImpl-bb3956c2-c4d1-403a-b406-f8ec73b3905b/datanode-3/data/ratis] (custom)
2019-09-20 04:49:10,997 [pool-251-thread-1] INFO  storage.RaftStorageDirectory (RaftStorageDirectory.java:analyzeStorage(246)) - The storage directory /workdir/hadoop-ozone/integration-test/target/test-dir/MiniOzoneClusterImpl-bb3956c2-c4d1-403a-b406-f8ec73b3905b/datanode-3/data/ratis/3a14126c-ccff-4a2f-9039-ce8c03eeb81d does not exist. Creating ...
2019-09-20 04:49:11,018 [pool-251-thread-1] INFO  storage.RaftStorageDirectory (RaftStorageDirectory.java:tryLock(328)) - Lock on /workdir/hadoop-ozone/integration-test/target/test-dir/MiniOzoneClusterImpl-bb3956c2-c4d1-403a-b406-f8ec73b3905b/datanode-3/data/ratis/3a14126c-ccff-4a2f-9039-ce8c03eeb81d/in_use.lock acquired by nodename 9457@pr-hdds-1569-s8kj2-2266485376
2019-09-20 04:49:11,043 [pool-251-thread-1] INFO  storage.RaftStorage (RaftStorage.java:format(72)) - Storage directory /workdir/hadoop-ozone/integration-test/target/test-dir/MiniOzoneClusterImpl-bb3956c2-c4d1-403a-b406-f8ec73b3905b/datanode-3/data/ratis/3a14126c-ccff-4a2f-9039-ce8c03eeb81d has been successfully formatted.
2019-09-20 04:49:11,043 [pool-251-thread-1] INFO  ratis.ContainerStateMachine (ContainerStateMachine.java:loadSnapshot(226)) - group-CE8C03EEB81D: The snapshot info is null. Setting the last applied indexto:(t:0, i:~)
2019-09-20 04:49:11,044 [pool-251-thread-1] INFO  server.RaftServerConfigKeys (ConfUtils.java:logGet(43)) - raft.server.leader.election.timeout = 120s (custom)
2019-09-20 04:49:11,044 [pool-251-thread-1] INFO  server.RaftServerConfigKeys (ConfUtils.java:logGet(43)) - raft.server.log.use.memory = false (default)
2019-09-20 04:49:11,044 [pool-251-thread-1] INFO  server.RaftServerConfigKeys (ConfUtils.java:logGet(43)) - raft.server.log.purge.gap = 1000000 (custom)
2019-09-20 04:49:11,044 [pool-251-thread-1] INFO  server.RaftServerConfigKeys (ConfUtils.java:logGet(43)) - raft.server.log.appender.buffer.byte-limit = 33554432 (custom)
2019-09-20 04:49:11,044 [pool-251-thread-1] INFO  server.RaftServerConfigKeys (ConfUtils.java:logGet(43)) - raft.server.log.segment.size.max = 1048576 (custom)
2019-09-20 04:49:11,044 [pool-251-thread-1] INFO  server.RaftServerConfigKeys (ConfUtils.java:logGet(43)) - raft.server.log.segment.cache.num.max = 2 (custom)
2019-09-20 04:49:11,044 [pool-251-thread-1] INFO  segmented.SegmentedRaftLogWorker (SegmentedRaftLogWorker.java:<init>(172)) - new 5ea19b84-5385-4ae9-8412-c4cfa929b172-SegmentedRaftLogWorker:Storage Directory /workdir/hadoop-ozone/integration-test/target/test-dir/MiniOzoneClusterImpl-bb3956c2-c4d1-403a-b406-f8ec73b3905b/datanode-3/data/ratis/3a14126c-ccff-4a2f-9039-ce8c03eeb81d for RaftStorage:Storage Directory /workdir/hadoop-ozone/integration-test/target/test-dir/MiniOzoneClusterImpl-bb3956c2-c4d1-403a-b406-f8ec73b3905b/datanode-3/data/ratis/3a14126c-ccff-4a2f-9039-ce8c03eeb81d
2019-09-20 04:49:11,045 [pool-251-thread-1] INFO  server.RaftServerConfigKeys (ConfUtils.java:logGet(43)) - raft.server.log.queue.byte-limit = 2147483647 (custom)
2019-09-20 04:49:11,045 [pool-251-thread-1] INFO  server.RaftServerConfigKeys (ConfUtils.java:logGet(43)) - raft.server.log.queue.element-limit = 1024 (custom)
2019-09-20 04:49:11,045 [pool-251-thread-1] INFO  server.RaftServerConfigKeys (ConfUtils.java:logGet(43)) - raft.server.log.segment.size.max = 1048576 (custom)
2019-09-20 04:49:11,045 [pool-251-thread-1] INFO  server.RaftServerConfigKeys (ConfUtils.java:logGet(43)) - raft.server.log.preallocated.size = 16384 (custom)
2019-09-20 04:49:11,045 [pool-251-thread-1] INFO  server.RaftServerConfigKeys (ConfUtils.java:logGet(43)) - raft.server.log.write.buffer.size = 33554432 (custom)
2019-09-20 04:49:11,045 [pool-251-thread-1] INFO  server.RaftServerConfigKeys (ConfUtils.java:logGet(43)) - raft.server.log.force.sync.num = 128 (default)
2019-09-20 04:49:11,045 [pool-251-thread-1] INFO  server.RaftServerConfigKeys (ConfUtils.java:logGet(43)) - raft.server.log.statemachine.data.sync = true (default)
2019-09-20 04:49:11,045 [pool-251-thread-1] INFO  server.RaftServerConfigKeys (ConfUtils.java:logGet(43)) - raft.server.log.statemachine.data.sync.timeout = 10s (default)
2019-09-20 04:49:11,045 [pool-251-thread-1] INFO  server.RaftServerConfigKeys (ConfUtils.java:logGet(43)) - raft.server.log.statemachine.data.sync.timeout.retry = -1 (default)
2019-09-20 04:49:11,046 [pool-251-thread-1] INFO  server.RaftServerConfigKeys (ConfUtils.java:logGet(43)) - raft.server.log.statemachine.data.caching.enabled = true (custom)
2019-09-20 04:49:11,046 [pool-251-thread-1] INFO  segmented.SegmentedRaftLogWorker (SegmentedRaftLogWorker.java:lambda$new$0(132)) - 5ea19b84-5385-4ae9-8412-c4cfa929b172-SegmentedRaftLogWorker:Storage Directory /workdir/hadoop-ozone/integration-test/target/test-dir/MiniOzoneClusterImpl-bb3956c2-c4d1-403a-b406-f8ec73b3905b/datanode-3/data/ratis/3a14126c-ccff-4a2f-9039-ce8c03eeb81d: flushIndex: setUnconditionally 0 -> -1
2019-09-20 04:49:11,046 [pool-251-thread-1] INFO  server.RaftServerConfigKeys (ConfUtils.java:logGet(43)) - raft.server.snapshot.auto.trigger.enabled = true (custom)
2019-09-20 04:49:11,046 [pool-251-thread-1] INFO  server.RaftServerConfigKeys (ConfUtils.java:logGet(43)) - raft.server.snapshot.auto.trigger.threshold = 10000 (custom)
2019-09-20 04:49:11,046 [pool-251-thread-1] INFO  server.RaftServerConfigKeys (ConfUtils.java:logGet(43)) - raft.server.retrycache.expirytime = 600000ms (custom)
2019-09-20 04:49:11,047 [pool-251-thread-1] INFO  impl.RaftServerImpl (RaftServerImpl.java:start(180)) - 5ea19b84-5385-4ae9-8412-c4cfa929b172: start group-CE8C03EEB81D
2019-09-20 04:49:11,047 [pool-251-thread-1] INFO  impl.RaftServerImpl (RaftServerImpl.java:setRole(171)) - 5ea19b84-5385-4ae9-8412-c4cfa929b172:group-CE8C03EEB81D changes role from null to FOLLOWER at term 0 for startAsFollower
2019-09-20 04:49:11,047 [pool-251-thread-1] INFO  impl.RoleInfo (RoleInfo.java:updateAndGet(143)) - 5ea19b84-5385-4ae9-8412-c4cfa929b172: start FollowerState
2019-09-20 04:49:11,047 [pool-251-thread-1] INFO  util.JmxRegister (JmxRegister.java:tryRegister(44)) - Successfully registered JMX Bean with object name Ratis:service=RaftServer,group=group-CE8C03EEB81D,id=5ea19b84-5385-4ae9-8412-c4cfa929b172
2019-09-20 04:49:11,050 [RatisPipelineUtilsThread] INFO  pipeline.PipelineStateManager (PipelineStateManager.java:addPipeline(56)) - Created pipeline Pipeline[ Id: 3a14126c-ccff-4a2f-9039-ce8c03eeb81d, Nodes: 5ea19b84-5385-4ae9-8412-c4cfa929b172{ip: 192.168.36.79, host: pr-hdds-1569-s8kj2-2266485376, networkLocation: /default-rack, certSerialId: null}, Type:RATIS, Factor:ONE, State:OPEN]
2019-09-20 04:49:11,050 [RatisPipelineUtilsThread] INFO  pipeline.PipelinePlacementPolicy (PipelinePlacementPolicy.java:meetCriteria(91)) - Pipeline Placement: Doesn't meet the criteria to be viable node： 8538cd65-7926-426b-8bad-fbd0f0550f9a Heaviness: 6 limit: 5
2019-09-20 04:49:11,050 [RatisPipelineUtilsThread] INFO  pipeline.PipelinePlacementPolicy (PipelinePlacementPolicy.java:meetCriteria(91)) - Pipeline Placement: Doesn't meet the criteria to be viable node： f4e549ee-a6fa-4eb9-8541-129d0566fdf5 Heaviness: 6 limit: 5
2019-09-20 04:49:11,050 [RatisPipelineUtilsThread] INFO  pipeline.PipelinePlacementPolicy (PipelinePlacementPolicy.java:meetCriteria(91)) - Pipeline Placement: Doesn't meet the criteria to be viable node： eb30d72f-c0a8-4ecb-bfee-9120a9a6cddf Heaviness: 6 limit: 5
2019-09-20 04:49:11,055 [grpc-default-executor-0] INFO  impl.RaftServerProxy (RaftServerProxy.java:addNew(89)) - 5ea19b84-5385-4ae9-8412-c4cfa929b172: addNew group-63AC9BD7AD41:[5ea19b84-5385-4ae9-8412-c4cfa929b172:192.168.36.79:33428] returns group-63AC9BD7AD41:java.util.concurrent.CompletableFuture@d6d6cfc[Not completed]
2019-09-20 04:49:11,056 [pool-251-thread-1] INFO  impl.RaftServerImpl (RaftServerImpl.java:<init>(93)) - 5ea19b84-5385-4ae9-8412-c4cfa929b172: new RaftServerImpl for group-63AC9BD7AD41:[5ea19b84-5385-4ae9-8412-c4cfa929b172:192.168.36.79:33428] with ContainerStateMachine:uninitialized
2019-09-20 04:49:11,056 [pool-251-thread-1] INFO  server.RaftServerConfigKeys (ConfUtils.java:logGet(43)) - raft.server.rpc.timeout.min = 5s (custom)
2019-09-20 04:49:11,056 [pool-251-thread-1] INFO  server.RaftServerConfigKeys (ConfUtils.java:logGet(43)) - raft.server.rpc.timeout.max = 5200ms (custom)
2019-09-20 04:49:11,056 [pool-251-thread-1] INFO  server.RaftServerConfigKeys (ConfUtils.java:logGet(43)) - raft.server.rpcslowness.timeout = 120s (custom)
2019-09-20 04:49:11,057 [pool-251-thread-1] INFO  server.RaftServerConfigKeys (ConfUtils.java:logGet(43)) - raft.server.sleep.deviation.threshold = 300 (default)
2019-09-20 04:49:11,057 [pool-251-thread-1] INFO  server.RaftServerConfigKeys (ConfUtils.java:logGet(43)) - raft.server.log.appender.install.snapshot.enabled = false (custom)
2019-09-20 04:49:11,057 [pool-251-thread-1] INFO  impl.RaftServerImpl (ServerState.java:<init>(105)) - 5ea19b84-5385-4ae9-8412-c4cfa929b172:group-63AC9BD7AD41 ConfigurationManager, init=-1: [5ea19b84-5385-4ae9-8412-c4cfa929b172:192.168.36.79:33428], old=null, confs=<EMPTY_MAP>
2019-09-20 04:49:11,057 [pool-251-thread-1] INFO  server.RaftServerConfigKeys (ConfUtils.java:logGet(43)) - raft.server.storage.dir = [/workdir/hadoop-ozone/integration-test/target/test-dir/MiniOzoneClusterImpl-bb3956c2-c4d1-403a-b406-f8ec73b3905b/datanode-3/data/ratis] (custom)
2019-09-20 04:49:11,057 [pool-251-thread-1] INFO  storage.RaftStorageDirectory (RaftStorageDirectory.java:analyzeStorage(246)) - The storage directory /workdir/hadoop-ozone/integration-test/target/test-dir/MiniOzoneClusterImpl-bb3956c2-c4d1-403a-b406-f8ec73b3905b/datanode-3/data/ratis/ee041880-3620-41c9-938f-63ac9bd7ad41 does not exist. Creating ...
2019-09-20 04:49:11,077 [pool-251-thread-1] INFO  storage.RaftStorageDirectory (RaftStorageDirectory.java:tryLock(328)) - Lock on /workdir/hadoop-ozone/integration-test/target/test-dir/MiniOzoneClusterImpl-bb3956c2-c4d1-403a-b406-f8ec73b3905b/datanode-3/data/ratis/ee041880-3620-41c9-938f-63ac9bd7ad41/in_use.lock acquired by nodename 9457@pr-hdds-1569-s8kj2-2266485376
2019-09-20 04:49:11,102 [pool-251-thread-1] INFO  storage.RaftStorage (RaftStorage.java:format(72)) - Storage directory /workdir/hadoop-ozone/integration-test/target/test-dir/MiniOzoneClusterImpl-bb3956c2-c4d1-403a-b406-f8ec73b3905b/datanode-3/data/ratis/ee041880-3620-41c9-938f-63ac9bd7ad41 has been successfully formatted.
2019-09-20 04:49:11,102 [pool-251-thread-1] INFO  ratis.ContainerStateMachine (ContainerStateMachine.java:loadSnapshot(226)) - group-63AC9BD7AD41: The snapshot info is null. Setting the last applied indexto:(t:0, i:~)
2019-09-20 04:49:11,102 [pool-251-thread-1] INFO  server.RaftServerConfigKeys (ConfUtils.java:logGet(43)) - raft.server.leader.election.timeout = 120s (custom)
2019-09-20 04:49:11,102 [pool-251-thread-1] INFO  server.RaftServerConfigKeys (ConfUtils.java:logGet(43)) - raft.server.log.use.memory = false (default)
2019-09-20 04:49:11,103 [pool-251-thread-1] INFO  server.RaftServerConfigKeys (ConfUtils.java:logGet(43)) - raft.server.log.purge.gap = 1000000 (custom)
2019-09-20 04:49:11,103 [pool-251-thread-1] INFO  server.RaftServerConfigKeys (ConfUtils.java:logGet(43)) - raft.server.log.appender.buffer.byte-limit = 33554432 (custom)
2019-09-20 04:49:11,103 [pool-251-thread-1] INFO  server.RaftServerConfigKeys (ConfUtils.java:logGet(43)) - raft.server.log.segment.size.max = 1048576 (custom)
2019-09-20 04:49:11,103 [pool-251-thread-1] INFO  server.RaftServerConfigKeys (ConfUtils.java:logGet(43)) - raft.server.log.segment.cache.num.max = 2 (custom)
2019-09-20 04:49:11,103 [pool-251-thread-1] INFO  segmented.SegmentedRaftLogWorker (SegmentedRaftLogWorker.java:<init>(172)) - new 5ea19b84-5385-4ae9-8412-c4cfa929b172-SegmentedRaftLogWorker:Storage Directory /workdir/hadoop-ozone/integration-test/target/test-dir/MiniOzoneClusterImpl-bb3956c2-c4d1-403a-b406-f8ec73b3905b/datanode-3/data/ratis/ee041880-3620-41c9-938f-63ac9bd7ad41 for RaftStorage:Storage Directory /workdir/hadoop-ozone/integration-test/target/test-dir/MiniOzoneClusterImpl-bb3956c2-c4d1-403a-b406-f8ec73b3905b/datanode-3/data/ratis/ee041880-3620-41c9-938f-63ac9bd7ad41
2019-09-20 04:49:11,103 [pool-251-thread-1] INFO  server.RaftServerConfigKeys (ConfUtils.java:logGet(43)) - raft.server.log.queue.byte-limit = 2147483647 (custom)
2019-09-20 04:49:11,103 [pool-251-thread-1] INFO  server.RaftServerConfigKeys (ConfUtils.java:logGet(43)) - raft.server.log.queue.element-limit = 1024 (custom)
2019-09-20 04:49:11,103 [pool-251-thread-1] INFO  server.RaftServerConfigKeys (ConfUtils.java:logGet(43)) - raft.server.log.segment.size.max = 1048576 (custom)
2019-09-20 04:49:11,103 [pool-251-thread-1] INFO  server.RaftServerConfigKeys (ConfUtils.java:logGet(43)) - raft.server.log.preallocated.size = 16384 (custom)
2019-09-20 04:49:11,104 [pool-251-thread-1] INFO  server.RaftServerConfigKeys (ConfUtils.java:logGet(43)) - raft.server.log.write.buffer.size = 33554432 (custom)
2019-09-20 04:49:11,104 [pool-251-thread-1] INFO  server.RaftServerConfigKeys (ConfUtils.java:logGet(43)) - raft.server.log.force.sync.num = 128 (default)
2019-09-20 04:49:11,104 [pool-251-thread-1] INFO  server.RaftServerConfigKeys (ConfUtils.java:logGet(43)) - raft.server.log.statemachine.data.sync = true (default)
2019-09-20 04:49:11,104 [pool-251-thread-1] INFO  server.RaftServerConfigKeys (ConfUtils.java:logGet(43)) - raft.server.log.statemachine.data.sync.timeout = 10s (default)
2019-09-20 04:49:11,104 [pool-251-thread-1] INFO  server.RaftServerConfigKeys (ConfUtils.java:logGet(43)) - raft.server.log.statemachine.data.sync.timeout.retry = -1 (default)
2019-09-20 04:49:11,104 [pool-251-thread-1] INFO  server.RaftServerConfigKeys (ConfUtils.java:logGet(43)) - raft.server.log.statemachine.data.caching.enabled = true (custom)
2019-09-20 04:49:11,104 [pool-251-thread-1] INFO  segmented.SegmentedRaftLogWorker (SegmentedRaftLogWorker.java:lambda$new$0(132)) - 5ea19b84-5385-4ae9-8412-c4cfa929b172-SegmentedRaftLogWorker:Storage Directory /workdir/hadoop-ozone/integration-test/target/test-dir/MiniOzoneClusterImpl-bb3956c2-c4d1-403a-b406-f8ec73b3905b/datanode-3/data/ratis/ee041880-3620-41c9-938f-63ac9bd7ad41: flushIndex: setUnconditionally 0 -> -1
2019-09-20 04:49:11,105 [pool-251-thread-1] INFO  server.RaftServerConfigKeys (ConfUtils.java:logGet(43)) - raft.server.snapshot.auto.trigger.enabled = true (custom)
2019-09-20 04:49:11,105 [pool-251-thread-1] INFO  server.RaftServerConfigKeys (ConfUtils.java:logGet(43)) - raft.server.snapshot.auto.trigger.threshold = 10000 (custom)
2019-09-20 04:49:11,105 [pool-251-thread-1] INFO  server.RaftServerConfigKeys (ConfUtils.java:logGet(43)) - raft.server.retrycache.expirytime = 600000ms (custom)
2019-09-20 04:49:11,105 [pool-251-thread-1] INFO  impl.RaftServerImpl (RaftServerImpl.java:start(180)) - 5ea19b84-5385-4ae9-8412-c4cfa929b172: start group-63AC9BD7AD41
2019-09-20 04:49:11,105 [pool-251-thread-1] INFO  impl.RaftServerImpl (RaftServerImpl.java:setRole(171)) - 5ea19b84-5385-4ae9-8412-c4cfa929b172:group-63AC9BD7AD41 changes role from null to FOLLOWER at term 0 for startAsFollower
2019-09-20 04:49:11,105 [pool-251-thread-1] INFO  impl.RoleInfo (RoleInfo.java:updateAndGet(143)) - 5ea19b84-5385-4ae9-8412-c4cfa929b172: start FollowerState
2019-09-20 04:49:11,105 [pool-251-thread-1] INFO  util.JmxRegister (JmxRegister.java:tryRegister(44)) - Successfully registered JMX Bean with object name Ratis:service=RaftServer,group=group-63AC9BD7AD41,id=5ea19b84-5385-4ae9-8412-c4cfa929b172
2019-09-20 04:49:11,108 [RatisPipelineUtilsThread] INFO  pipeline.PipelineStateManager (PipelineStateManager.java:addPipeline(56)) - Created pipeline Pipeline[ Id: ee041880-3620-41c9-938f-63ac9bd7ad41, Nodes: 5ea19b84-5385-4ae9-8412-c4cfa929b172{ip: 192.168.36.79, host: pr-hdds-1569-s8kj2-2266485376, networkLocation: /default-rack, certSerialId: null}, Type:RATIS, Factor:ONE, State:OPEN]
2019-09-20 04:49:11,108 [RatisPipelineUtilsThread] INFO  pipeline.PipelinePlacementPolicy (PipelinePlacementPolicy.java:meetCriteria(91)) - Pipeline Placement: Doesn't meet the criteria to be viable node： 8538cd65-7926-426b-8bad-fbd0f0550f9a Heaviness: 6 limit: 5
2019-09-20 04:49:11,108 [RatisPipelineUtilsThread] INFO  pipeline.PipelinePlacementPolicy (PipelinePlacementPolicy.java:meetCriteria(91)) - Pipeline Placement: Doesn't meet the criteria to be viable node： f4e549ee-a6fa-4eb9-8541-129d0566fdf5 Heaviness: 6 limit: 5
2019-09-20 04:49:11,108 [RatisPipelineUtilsThread] INFO  pipeline.PipelinePlacementPolicy (PipelinePlacementPolicy.java:meetCriteria(91)) - Pipeline Placement: Doesn't meet the criteria to be viable node： eb30d72f-c0a8-4ecb-bfee-9120a9a6cddf Heaviness: 6 limit: 5
2019-09-20 04:49:11,112 [grpc-default-executor-0] INFO  impl.RaftServerProxy (RaftServerProxy.java:addNew(89)) - 5ea19b84-5385-4ae9-8412-c4cfa929b172: addNew group-4200AF398C62:[5ea19b84-5385-4ae9-8412-c4cfa929b172:192.168.36.79:33428] returns group-4200AF398C62:java.util.concurrent.CompletableFuture@547c7eb[Not completed]
2019-09-20 04:49:11,113 [pool-251-thread-1] INFO  impl.RaftServerImpl (RaftServerImpl.java:<init>(93)) - 5ea19b84-5385-4ae9-8412-c4cfa929b172: new RaftServerImpl for group-4200AF398C62:[5ea19b84-5385-4ae9-8412-c4cfa929b172:192.168.36.79:33428] with ContainerStateMachine:uninitialized
2019-09-20 04:49:11,113 [pool-251-thread-1] INFO  server.RaftServerConfigKeys (ConfUtils.java:logGet(43)) - raft.server.rpc.timeout.min = 5s (custom)
2019-09-20 04:49:11,113 [pool-251-thread-1] INFO  server.RaftServerConfigKeys (ConfUtils.java:logGet(43)) - raft.server.rpc.timeout.max = 5200ms (custom)
2019-09-20 04:49:11,113 [pool-251-thread-1] INFO  server.RaftServerConfigKeys (ConfUtils.java:logGet(43)) - raft.server.rpcslowness.timeout = 120s (custom)
2019-09-20 04:49:11,113 [pool-251-thread-1] INFO  server.RaftServerConfigKeys (ConfUtils.java:logGet(43)) - raft.server.sleep.deviation.threshold = 300 (default)
2019-09-20 04:49:11,113 [pool-251-thread-1] INFO  server.RaftServerConfigKeys (ConfUtils.java:logGet(43)) - raft.server.log.appender.install.snapshot.enabled = false (custom)
2019-09-20 04:49:11,114 [pool-251-thread-1] INFO  impl.RaftServerImpl (ServerState.java:<init>(105)) - 5ea19b84-5385-4ae9-8412-c4cfa929b172:group-4200AF398C62 ConfigurationManager, init=-1: [5ea19b84-5385-4ae9-8412-c4cfa929b172:192.168.36.79:33428], old=null, confs=<EMPTY_MAP>
2019-09-20 04:49:11,114 [pool-251-thread-1] INFO  server.RaftServerConfigKeys (ConfUtils.java:logGet(43)) - raft.server.storage.dir = [/workdir/hadoop-ozone/integration-test/target/test-dir/MiniOzoneClusterImpl-bb3956c2-c4d1-403a-b406-f8ec73b3905b/datanode-3/data/ratis] (custom)
2019-09-20 04:49:11,114 [pool-251-thread-1] INFO  storage.RaftStorageDirectory (RaftStorageDirectory.java:analyzeStorage(246)) - The storage directory /workdir/hadoop-ozone/integration-test/target/test-dir/MiniOzoneClusterImpl-bb3956c2-c4d1-403a-b406-f8ec73b3905b/datanode-3/data/ratis/6bbdd35d-ebe8-4c45-a33f-4200af398c62 does not exist. Creating ...
2019-09-20 04:49:11,121 [main] INFO  ozone.MiniOzoneClusterImpl (MiniOzoneClusterImpl.java:lambda$waitForClusterToBeReady$0(142)) - Waiting for cluster to be ready. Got 4 of 7 DN Heartbeats.
2019-09-20 04:49:11,144 [pool-251-thread-1] INFO  storage.RaftStorageDirectory (RaftStorageDirectory.java:tryLock(328)) - Lock on /workdir/hadoop-ozone/integration-test/target/test-dir/MiniOzoneClusterImpl-bb3956c2-c4d1-403a-b406-f8ec73b3905b/datanode-3/data/ratis/6bbdd35d-ebe8-4c45-a33f-4200af398c62/in_use.lock acquired by nodename 9457@pr-hdds-1569-s8kj2-2266485376
2019-09-20 04:49:11,161 [pool-251-thread-1] INFO  storage.RaftStorage (RaftStorage.java:format(72)) - Storage directory /workdir/hadoop-ozone/integration-test/target/test-dir/MiniOzoneClusterImpl-bb3956c2-c4d1-403a-b406-f8ec73b3905b/datanode-3/data/ratis/6bbdd35d-ebe8-4c45-a33f-4200af398c62 has been successfully formatted.
2019-09-20 04:49:11,161 [pool-251-thread-1] INFO  ratis.ContainerStateMachine (ContainerStateMachine.java:loadSnapshot(226)) - group-4200AF398C62: The snapshot info is null. Setting the last applied indexto:(t:0, i:~)
2019-09-20 04:49:11,161 [pool-251-thread-1] INFO  server.RaftServerConfigKeys (ConfUtils.java:logGet(43)) - raft.server.leader.election.timeout = 120s (custom)
2019-09-20 04:49:11,161 [pool-251-thread-1] INFO  server.RaftServerConfigKeys (ConfUtils.java:logGet(43)) - raft.server.log.use.memory = false (default)
2019-09-20 04:49:11,161 [pool-251-thread-1] INFO  server.RaftServerConfigKeys (ConfUtils.java:logGet(43)) - raft.server.log.purge.gap = 1000000 (custom)
2019-09-20 04:49:11,162 [pool-251-thread-1] INFO  server.RaftServerConfigKeys (ConfUtils.java:logGet(43)) - raft.server.log.appender.buffer.byte-limit = 33554432 (custom)
2019-09-20 04:49:11,162 [pool-251-thread-1] INFO  server.RaftServerConfigKeys (ConfUtils.java:logGet(43)) - raft.server.log.segment.size.max = 1048576 (custom)
2019-09-20 04:49:11,162 [pool-251-thread-1] INFO  server.RaftServerConfigKeys (ConfUtils.java:logGet(43)) - raft.server.log.segment.cache.num.max = 2 (custom)
2019-09-20 04:49:11,162 [pool-251-thread-1] INFO  segmented.SegmentedRaftLogWorker (SegmentedRaftLogWorker.java:<init>(172)) - new 5ea19b84-5385-4ae9-8412-c4cfa929b172-SegmentedRaftLogWorker:Storage Directory /workdir/hadoop-ozone/integration-test/target/test-dir/MiniOzoneClusterImpl-bb3956c2-c4d1-403a-b406-f8ec73b3905b/datanode-3/data/ratis/6bbdd35d-ebe8-4c45-a33f-4200af398c62 for RaftStorage:Storage Directory /workdir/hadoop-ozone/integration-test/target/test-dir/MiniOzoneClusterImpl-bb3956c2-c4d1-403a-b406-f8ec73b3905b/datanode-3/data/ratis/6bbdd35d-ebe8-4c45-a33f-4200af398c62
2019-09-20 04:49:11,162 [pool-251-thread-1] INFO  server.RaftServerConfigKeys (ConfUtils.java:logGet(43)) - raft.server.log.queue.byte-limit = 2147483647 (custom)
2019-09-20 04:49:11,162 [pool-251-thread-1] INFO  server.RaftServerConfigKeys (ConfUtils.java:logGet(43)) - raft.server.log.queue.element-limit = 1024 (custom)
2019-09-20 04:49:11,162 [pool-251-thread-1] INFO  server.RaftServerConfigKeys (ConfUtils.java:logGet(43)) - raft.server.log.segment.size.max = 1048576 (custom)
2019-09-20 04:49:11,162 [pool-251-thread-1] INFO  server.RaftServerConfigKeys (ConfUtils.java:logGet(43)) - raft.server.log.preallocated.size = 16384 (custom)
2019-09-20 04:49:11,162 [pool-251-thread-1] INFO  server.RaftServerConfigKeys (ConfUtils.java:logGet(43)) - raft.server.log.write.buffer.size = 33554432 (custom)
2019-09-20 04:49:11,162 [pool-251-thread-1] INFO  server.RaftServerConfigKeys (ConfUtils.java:logGet(43)) - raft.server.log.force.sync.num = 128 (default)
2019-09-20 04:49:11,162 [pool-251-thread-1] INFO  server.RaftServerConfigKeys (ConfUtils.java:logGet(43)) - raft.server.log.statemachine.data.sync = true (default)
2019-09-20 04:49:11,163 [pool-251-thread-1] INFO  server.RaftServerConfigKeys (ConfUtils.java:logGet(43)) - raft.server.log.statemachine.data.sync.timeout = 10s (default)
2019-09-20 04:49:11,163 [pool-251-thread-1] INFO  server.RaftServerConfigKeys (ConfUtils.java:logGet(43)) - raft.server.log.statemachine.data.sync.timeout.retry = -1 (default)
2019-09-20 04:49:11,163 [pool-251-thread-1] INFO  server.RaftServerConfigKeys (ConfUtils.java:logGet(43)) - raft.server.log.statemachine.data.caching.enabled = true (custom)
2019-09-20 04:49:11,163 [pool-251-thread-1] INFO  segmented.SegmentedRaftLogWorker (SegmentedRaftLogWorker.java:lambda$new$0(132)) - 5ea19b84-5385-4ae9-8412-c4cfa929b172-SegmentedRaftLogWorker:Storage Directory /workdir/hadoop-ozone/integration-test/target/test-dir/MiniOzoneClusterImpl-bb3956c2-c4d1-403a-b406-f8ec73b3905b/datanode-3/data/ratis/6bbdd35d-ebe8-4c45-a33f-4200af398c62: flushIndex: setUnconditionally 0 -> -1
2019-09-20 04:49:11,163 [pool-251-thread-1] INFO  server.RaftServerConfigKeys (ConfUtils.java:logGet(43)) - raft.server.snapshot.auto.trigger.enabled = true (custom)
2019-09-20 04:49:11,163 [pool-251-thread-1] INFO  server.RaftServerConfigKeys (ConfUtils.java:logGet(43)) - raft.server.snapshot.auto.trigger.threshold = 10000 (custom)
2019-09-20 04:49:11,163 [pool-251-thread-1] INFO  server.RaftServerConfigKeys (ConfUtils.java:logGet(43)) - raft.server.retrycache.expirytime = 600000ms (custom)
2019-09-20 04:49:11,163 [pool-251-thread-1] INFO  impl.RaftServerImpl (RaftServerImpl.java:start(180)) - 5ea19b84-5385-4ae9-8412-c4cfa929b172: start group-4200AF398C62
2019-09-20 04:49:11,163 [pool-251-thread-1] INFO  impl.RaftServerImpl (RaftServerImpl.java:setRole(171)) - 5ea19b84-5385-4ae9-8412-c4cfa929b172:group-4200AF398C62 changes role from null to FOLLOWER at term 0 for startAsFollower
2019-09-20 04:49:11,164 [pool-251-thread-1] INFO  impl.RoleInfo (RoleInfo.java:updateAndGet(143)) - 5ea19b84-5385-4ae9-8412-c4cfa929b172: start FollowerState
2019-09-20 04:49:11,164 [pool-251-thread-1] INFO  util.JmxRegister (JmxRegister.java:tryRegister(44)) - Successfully registered JMX Bean with object name Ratis:service=RaftServer,group=group-4200AF398C62,id=5ea19b84-5385-4ae9-8412-c4cfa929b172
2019-09-20 04:49:11,166 [RatisPipelineUtilsThread] INFO  pipeline.PipelineStateManager (PipelineStateManager.java:addPipeline(56)) - Created pipeline Pipeline[ Id: 6bbdd35d-ebe8-4c45-a33f-4200af398c62, Nodes: 5ea19b84-5385-4ae9-8412-c4cfa929b172{ip: 192.168.36.79, host: pr-hdds-1569-s8kj2-2266485376, networkLocation: /default-rack, certSerialId: null}, Type:RATIS, Factor:ONE, State:OPEN]
2019-09-20 04:49:11,166 [RatisPipelineUtilsThread] INFO  pipeline.PipelinePlacementPolicy (PipelinePlacementPolicy.java:meetCriteria(91)) - Pipeline Placement: Doesn't meet the criteria to be viable node： 8538cd65-7926-426b-8bad-fbd0f0550f9a Heaviness: 6 limit: 5
2019-09-20 04:49:11,166 [RatisPipelineUtilsThread] INFO  pipeline.PipelinePlacementPolicy (PipelinePlacementPolicy.java:meetCriteria(91)) - Pipeline Placement: Doesn't meet the criteria to be viable node： f4e549ee-a6fa-4eb9-8541-129d0566fdf5 Heaviness: 6 limit: 5
2019-09-20 04:49:11,167 [RatisPipelineUtilsThread] INFO  pipeline.PipelinePlacementPolicy (PipelinePlacementPolicy.java:meetCriteria(91)) - Pipeline Placement: Doesn't meet the criteria to be viable node： eb30d72f-c0a8-4ecb-bfee-9120a9a6cddf Heaviness: 6 limit: 5
2019-09-20 04:49:11,167 [RatisPipelineUtilsThread] INFO  pipeline.PipelinePlacementPolicy (PipelinePlacementPolicy.java:meetCriteria(91)) - Pipeline Placement: Doesn't meet the criteria to be viable node： 5ea19b84-5385-4ae9-8412-c4cfa929b172 Heaviness: 6 limit: 5
2019-09-20 04:49:11,167 [RatisPipelineUtilsThread] ERROR pipeline.PipelinePlacementPolicy (PipelinePlacementPolicy.java:filterViableNodes(148)) - Unable to find enough nodes that meet the criteria that cannot engage in more than 5 pipelines. Nodes required: 1 Found: 0, healthy nodes count inNodeManager: 4.
2019-09-20 04:49:11,167 [RatisPipelineUtilsThread] ERROR pipeline.SCMPipelineManager (SCMPipelineManager.java:createPipeline(161)) - Pipeline creation failed due to exception: Unable to find enough nodes that meet the criteria that cannot engage in more than 5 pipelines. Nodes required: 1 Found: 0, healthy nodes count inNodeManager: 4.
2019-09-20 04:49:11,168 [RatisPipelineUtilsThread] INFO  pipeline.PipelinePlacementPolicy (PipelinePlacementPolicy.java:meetCriteria(91)) - Pipeline Placement: Doesn't meet the criteria to be viable node： 8538cd65-7926-426b-8bad-fbd0f0550f9a Heaviness: 6 limit: 5
2019-09-20 04:49:11,168 [RatisPipelineUtilsThread] INFO  pipeline.PipelinePlacementPolicy (PipelinePlacementPolicy.java:meetCriteria(91)) - Pipeline Placement: Doesn't meet the criteria to be viable node： f4e549ee-a6fa-4eb9-8541-129d0566fdf5 Heaviness: 6 limit: 5
2019-09-20 04:49:11,168 [RatisPipelineUtilsThread] INFO  pipeline.PipelinePlacementPolicy (PipelinePlacementPolicy.java:meetCriteria(91)) - Pipeline Placement: Doesn't meet the criteria to be viable node： eb30d72f-c0a8-4ecb-bfee-9120a9a6cddf Heaviness: 6 limit: 5
2019-09-20 04:49:11,168 [RatisPipelineUtilsThread] INFO  pipeline.PipelinePlacementPolicy (PipelinePlacementPolicy.java:meetCriteria(91)) - Pipeline Placement: Doesn't meet the criteria to be viable node： 5ea19b84-5385-4ae9-8412-c4cfa929b172 Heaviness: 6 limit: 5
2019-09-20 04:49:11,168 [RatisPipelineUtilsThread] ERROR pipeline.PipelinePlacementPolicy (PipelinePlacementPolicy.java:filterViableNodes(148)) - Unable to find enough nodes that meet the criteria that cannot engage in more than 5 pipelines. Nodes required: 3 Found: 0, healthy nodes count inNodeManager: 4.
2019-09-20 04:49:11,168 [RatisPipelineUtilsThread] ERROR pipeline.SCMPipelineManager (SCMPipelineManager.java:createPipeline(161)) - Pipeline creation failed due to exception: Unable to find enough nodes that meet the criteria that cannot engage in more than 5 pipelines. Nodes required: 3 Found: 0, healthy nodes count inNodeManager: 4.
2019-09-20 04:49:11,203 | INFO  | SCMAudit | user=jenkins1000 | ip=192.168.36.79 | op=SEND_HEARTBEAT {datanodeUUID=dba845b8-ea76-4e09-ab03-0883d354e493, command=[]} | ret=SUCCESS |  
2019-09-20 04:49:11,203 | INFO  | SCMAudit | user=jenkins1000 | ip=192.168.36.79 | op=SEND_HEARTBEAT {datanodeUUID=c4f6294c-eda3-4afd-81f7-e69ed14da69f, command=[]} | ret=SUCCESS |  
2019-09-20 04:49:11,207 | INFO  | SCMAudit | user=jenkins1000 | ip=192.168.36.79 | op=SEND_HEARTBEAT {datanodeUUID=eb30d72f-c0a8-4ecb-bfee-9120a9a6cddf, command=[]} | ret=SUCCESS |  
2019-09-20 04:49:11,428 | INFO  | SCMAudit | user=jenkins1000 | ip=192.168.36.79 | op=GET_VERSION null | ret=SUCCESS |  
2019-09-20 04:49:11,462 [Datanode State Machine Thread - 0] INFO  ozoneimpl.OzoneContainer (OzoneContainer.java:start(186)) - Attempting to start container services.
2019-09-20 04:49:11,462 [Datanode State Machine Thread - 0] INFO  ozoneimpl.OzoneContainer (OzoneContainer.java:startContainerScrub(160)) - Background container scrubber has been disabled by hdds.containerscrub.enabled
2019-09-20 04:49:11,462 [Datanode State Machine Thread - 0] INFO  ratis.XceiverServerRatis (XceiverServerRatis.java:start(404)) - Starting XceiverServerRatis 0ad3f89e-804f-4845-89c5-5ff1a35a5dda at port 0
2019-09-20 04:49:11,468 [Datanode State Machine Thread - 0] INFO  impl.RaftServerProxy (RaftServerProxy.java:lambda$start$3(299)) - 0ad3f89e-804f-4845-89c5-5ff1a35a5dda: start RPC server
2019-09-20 04:49:11,476 [Datanode State Machine Thread - 0] INFO  server.GrpcService (GrpcService.java:startImpl(149)) - 0ad3f89e-804f-4845-89c5-5ff1a35a5dda: GrpcService started, listening on 0.0.0.0/0.0.0.0:34659
2019-09-20 04:49:11,476 [Datanode State Machine Thread - 0] INFO  ratis.XceiverServerRatis (XceiverServerRatis.java:start(414)) - XceiverServerRatis 0ad3f89e-804f-4845-89c5-5ff1a35a5dda is started using port 34659
2019-09-20 04:49:11,504 [Datanode State Machine Thread - 0] INFO  server.XceiverServerGrpc (XceiverServerGrpc.java:start(163)) - XceiverServerGrpc 0ad3f89e-804f-4845-89c5-5ff1a35a5dda is started using port 39921
2019-09-20 04:49:11,549 | INFO  | SCMAudit | user=jenkins1000 | ip=192.168.36.79 | op=SEND_HEARTBEAT {datanodeUUID=8d97392c-5f4b-400a-94a1-fb61a3ebbc99, command=[]} | ret=SUCCESS |  
2019-09-20 04:49:11,549 | INFO  | SCMAudit | user=jenkins1000 | ip=192.168.36.79 | op=SEND_HEARTBEAT {datanodeUUID=ba95d636-ac34-4b74-a102-dec8d0f377c6, command=[]} | ret=SUCCESS |  
2019-09-20 04:49:11,549 | INFO  | SCMAudit | user=jenkins1000 | ip=192.168.36.79 | op=SEND_HEARTBEAT {datanodeUUID=bd1a845e-f2ed-4713-9516-9ccc20139040, command=[]} | ret=SUCCESS |  
2019-09-20 04:49:11,549 | INFO  | SCMAudit | user=jenkins1000 | ip=192.168.36.79 | op=SEND_HEARTBEAT {datanodeUUID=2702b462-69d8-4c1b-aae1-091a21fe08b8, command=[]} | ret=SUCCESS |  
2019-09-20 04:49:11,550 | INFO  | SCMAudit | user=jenkins1000 | ip=192.168.36.79 | op=SEND_HEARTBEAT {datanodeUUID=1d91ad97-6666-4ee7-855a-8b5e944e7401, command=[]} | ret=SUCCESS |  
2019-09-20 04:49:11,550 | INFO  | SCMAudit | user=jenkins1000 | ip=192.168.36.79 | op=SEND_HEARTBEAT {datanodeUUID=fdbc37f2-9e58-4bac-a5d5-a78839d012e9, command=[]} | ret=SUCCESS |  
2019-09-20 04:49:11,551 | INFO  | SCMAudit | user=jenkins1000 | ip=192.168.36.79 | op=SEND_HEARTBEAT {datanodeUUID=ea71b9af-1075-4196-9693-aa14e10f536d, command=[]} | ret=SUCCESS |  
2019-09-20 04:49:11,551 | INFO  | SCMAudit | user=jenkins1000 | ip=192.168.36.79 | op=SEND_HEARTBEAT {datanodeUUID=2d6465ef-cffa-473a-a4c6-a9aa3f1a26c0, command=[]} | ret=SUCCESS |  
2019-09-20 04:49:11,552 | INFO  | SCMAudit | user=jenkins1000 | ip=192.168.36.79 | op=SEND_HEARTBEAT {datanodeUUID=42fc6e92-fcdd-4827-b621-9fc58a3d2315, command=[]} | ret=SUCCESS |  
2019-09-20 04:49:11,555 | INFO  | SCMAudit | user=jenkins1000 | ip=192.168.36.79 | op=SEND_HEARTBEAT {datanodeUUID=eaf3ecbe-c3b1-4969-ad3a-e4de7fb04f81, command=[]} | ret=SUCCESS |  
2019-09-20 04:49:11,555 | INFO  | SCMAudit | user=jenkins1000 | ip=192.168.36.79 | op=SEND_HEARTBEAT {datanodeUUID=236eed40-dd97-4fdc-a0ae-ab99685a426b, command=[]} | ret=SUCCESS |  
2019-09-20 04:49:11,556 | INFO  | SCMAudit | user=jenkins1000 | ip=192.168.36.79 | op=SEND_HEARTBEAT {datanodeUUID=3c2a6bfe-f5c5-4e23-89b0-850dab17697d, command=[]} | ret=SUCCESS |  
2019-09-20 04:49:11,762 | INFO  | SCMAudit | user=jenkins1000 | ip=192.168.36.79 | op=GET_VERSION null | ret=SUCCESS |  
2019-09-20 04:49:11,779 [Datanode State Machine Thread - 0] INFO  ozoneimpl.OzoneContainer (OzoneContainer.java:start(186)) - Attempting to start container services.
2019-09-20 04:49:11,779 [Datanode State Machine Thread - 0] INFO  ozoneimpl.OzoneContainer (OzoneContainer.java:startContainerScrub(160)) - Background container scrubber has been disabled by hdds.containerscrub.enabled
2019-09-20 04:49:11,779 [Datanode State Machine Thread - 0] INFO  ratis.XceiverServerRatis (XceiverServerRatis.java:start(404)) - Starting XceiverServerRatis 68a93ad8-b6a8-44e1-8a9f-45fcc58d229a at port 0
2019-09-20 04:49:11,786 [Datanode State Machine Thread - 0] INFO  impl.RaftServerProxy (RaftServerProxy.java:lambda$start$3(299)) - 68a93ad8-b6a8-44e1-8a9f-45fcc58d229a: start RPC server
2019-09-20 04:49:11,786 [Datanode State Machine Thread - 0] INFO  server.GrpcService (GrpcService.java:startImpl(149)) - 68a93ad8-b6a8-44e1-8a9f-45fcc58d229a: GrpcService started, listening on 0.0.0.0/0.0.0.0:39410
2019-09-20 04:49:11,787 [Datanode State Machine Thread - 0] INFO  ratis.XceiverServerRatis (XceiverServerRatis.java:start(414)) - XceiverServerRatis 68a93ad8-b6a8-44e1-8a9f-45fcc58d229a is started using port 39410
2019-09-20 04:49:11,814 [Datanode State Machine Thread - 0] INFO  server.XceiverServerGrpc (XceiverServerGrpc.java:start(163)) - XceiverServerGrpc 68a93ad8-b6a8-44e1-8a9f-45fcc58d229a is started using port 39266
2019-09-20 04:49:11,965 | INFO  | SCMAudit | user=jenkins1000 | ip=192.168.36.79 | op=SEND_HEARTBEAT {datanodeUUID=8538cd65-7926-426b-8bad-fbd0f0550f9a, command=[]} | ret=SUCCESS |  
2019-09-20 04:49:11,965 | INFO  | SCMAudit | user=jenkins1000 | ip=192.168.36.79 | op=SEND_HEARTBEAT {datanodeUUID=f4e549ee-a6fa-4eb9-8541-129d0566fdf5, command=[]} | ret=SUCCESS |  
2019-09-20 04:49:12,121 [main] INFO  ozone.MiniOzoneClusterImpl (MiniOzoneClusterImpl.java:lambda$waitForClusterToBeReady$0(142)) - Waiting for cluster to be ready. Got 4 of 7 DN Heartbeats.
2019-09-20 04:49:12,122 | INFO  | SCMAudit | user=jenkins1000 | ip=192.168.36.79 | op=GET_VERSION null | ret=SUCCESS |  
2019-09-20 04:49:12,146 [Datanode State Machine Thread - 0] INFO  ozoneimpl.OzoneContainer (OzoneContainer.java:start(186)) - Attempting to start container services.
2019-09-20 04:49:12,146 [Datanode State Machine Thread - 0] INFO  ozoneimpl.OzoneContainer (OzoneContainer.java:startContainerScrub(160)) - Background container scrubber has been disabled by hdds.containerscrub.enabled
2019-09-20 04:49:12,146 [Datanode State Machine Thread - 0] INFO  ratis.XceiverServerRatis (XceiverServerRatis.java:start(404)) - Starting XceiverServerRatis a9bc59c4-b792-48d5-9db2-4e71770477b1 at port 0
2019-09-20 04:49:12,153 [Datanode State Machine Thread - 0] INFO  impl.RaftServerProxy (RaftServerProxy.java:lambda$start$3(299)) - a9bc59c4-b792-48d5-9db2-4e71770477b1: start RPC server
2019-09-20 04:49:12,154 [Datanode State Machine Thread - 0] INFO  server.GrpcService (GrpcService.java:startImpl(149)) - a9bc59c4-b792-48d5-9db2-4e71770477b1: GrpcService started, listening on 0.0.0.0/0.0.0.0:46574
2019-09-20 04:49:12,154 [Datanode State Machine Thread - 0] INFO  ratis.XceiverServerRatis (XceiverServerRatis.java:start(414)) - XceiverServerRatis a9bc59c4-b792-48d5-9db2-4e71770477b1 is started using port 46574
2019-09-20 04:49:12,155 [Datanode State Machine Thread - 0] INFO  server.XceiverServerGrpc (XceiverServerGrpc.java:start(163)) - XceiverServerGrpc a9bc59c4-b792-48d5-9db2-4e71770477b1 is started using port 41321
2019-09-20 04:49:12,203 | INFO  | SCMAudit | user=jenkins1000 | ip=192.168.36.79 | op=SEND_HEARTBEAT {datanodeUUID=c4f6294c-eda3-4afd-81f7-e69ed14da69f, command=[]} | ret=SUCCESS |  
2019-09-20 04:49:12,203 | INFO  | SCMAudit | user=jenkins1000 | ip=192.168.36.79 | op=SEND_HEARTBEAT {datanodeUUID=dba845b8-ea76-4e09-ab03-0883d354e493, command=[]} | ret=SUCCESS |  
2019-09-20 04:49:12,206 | INFO  | SCMAudit | user=jenkins1000 | ip=192.168.36.79 | op=SEND_HEARTBEAT {datanodeUUID=eb30d72f-c0a8-4ecb-bfee-9120a9a6cddf, command=[]} | ret=SUCCESS |  
2019-09-20 04:49:12,216 [Thread-753] INFO  impl.FollowerState (FollowerState.java:run(106)) - fdbc37f2-9e58-4bac-a5d5-a78839d012e9:group-B90CB52C206A changes to CANDIDATE, lastRpcTime:10521, electionTimeout:5011ms
2019-09-20 04:49:12,216 [Thread-753] INFO  impl.RoleInfo (RoleInfo.java:shutdownFollowerState(121)) - fdbc37f2-9e58-4bac-a5d5-a78839d012e9: shutdown FollowerState
2019-09-20 04:49:12,217 [Thread-753] INFO  impl.RaftServerImpl (RaftServerImpl.java:setRole(171)) - fdbc37f2-9e58-4bac-a5d5-a78839d012e9:group-B90CB52C206A changes role from FOLLOWER to CANDIDATE at term 0 for changeToCandidate
2019-09-20 04:49:12,217 [Thread-753] INFO  impl.RoleInfo (RoleInfo.java:updateAndGet(143)) - fdbc37f2-9e58-4bac-a5d5-a78839d012e9: start LeaderElection
2019-09-20 04:49:12,230 [Thread-1070] INFO  container.ReplicationManager (ReplicationManager.java:start(151)) - Starting Replication Monitor Thread.
2019-09-20 04:49:12,237 [Thread-756] INFO  impl.FollowerState (FollowerState.java:run(106)) - 3c2a6bfe-f5c5-4e23-89b0-850dab17697d:group-FCC62B6230BC changes to CANDIDATE, lastRpcTime:10474, electionTimeout:5027ms
2019-09-20 04:49:12,238 [ReplicationMonitor] INFO  container.ReplicationManager (ReplicationManager.java:run(214)) - Replication Monitor Thread took 0 milliseconds for processing 0 containers.
2019-09-20 04:49:12,238 [Thread-756] INFO  impl.RoleInfo (RoleInfo.java:shutdownFollowerState(121)) - 3c2a6bfe-f5c5-4e23-89b0-850dab17697d: shutdown FollowerState
2019-09-20 04:49:12,238 [Thread-756] INFO  impl.RaftServerImpl (RaftServerImpl.java:setRole(171)) - 3c2a6bfe-f5c5-4e23-89b0-850dab17697d:group-FCC62B6230BC changes role from FOLLOWER to CANDIDATE at term 0 for changeToCandidate
2019-09-20 04:49:12,238 [Thread-756] INFO  impl.RoleInfo (RoleInfo.java:updateAndGet(143)) - 3c2a6bfe-f5c5-4e23-89b0-850dab17697d: start LeaderElection
2019-09-20 04:49:12,246 [fdbc37f2-9e58-4bac-a5d5-a78839d012e9:group-B90CB52C206A:LeaderElection73] INFO  impl.LeaderElection (LeaderElection.java:askForVotes(181)) - fdbc37f2-9e58-4bac-a5d5-a78839d012e9:group-B90CB52C206A:LeaderElection73: begin an election at term 1 for -1: [fdbc37f2-9e58-4bac-a5d5-a78839d012e9:192.168.36.79:32937], old=null
2019-09-20 04:49:12,246 [fdbc37f2-9e58-4bac-a5d5-a78839d012e9:group-B90CB52C206A:LeaderElection73] INFO  impl.RoleInfo (RoleInfo.java:shutdownLeaderElection(134)) - fdbc37f2-9e58-4bac-a5d5-a78839d012e9: shutdown LeaderElection
2019-09-20 04:49:12,247 [fdbc37f2-9e58-4bac-a5d5-a78839d012e9:group-B90CB52C206A:LeaderElection73] INFO  impl.RaftServerImpl (RaftServerImpl.java:setRole(171)) - fdbc37f2-9e58-4bac-a5d5-a78839d012e9:group-B90CB52C206A changes role from CANDIDATE to LEADER at term 1 for changeToLeader
2019-09-20 04:49:12,247 [fdbc37f2-9e58-4bac-a5d5-a78839d012e9:group-B90CB52C206A:LeaderElection73] INFO  impl.RaftServerImpl (ServerState.java:setLeader(263)) - fdbc37f2-9e58-4bac-a5d5-a78839d012e9:group-B90CB52C206A change Leader from null to fdbc37f2-9e58-4bac-a5d5-a78839d012e9 at term 1 for becomeLeader, leader elected after 10555ms
2019-09-20 04:49:12,247 [fdbc37f2-9e58-4bac-a5d5-a78839d012e9:group-B90CB52C206A:LeaderElection73] INFO  server.RaftServerConfigKeys (ConfUtils.java:logGet(43)) - raft.server.staging.catchup.gap = 1000 (default)
2019-09-20 04:49:12,247 [fdbc37f2-9e58-4bac-a5d5-a78839d012e9:group-B90CB52C206A:LeaderElection73] INFO  server.RaftServerConfigKeys (ConfUtils.java:logGet(43)) - raft.server.rpc.sleep.time = 25ms (default)
2019-09-20 04:49:12,247 [fdbc37f2-9e58-4bac-a5d5-a78839d012e9:group-B90CB52C206A:LeaderElection73] INFO  server.RaftServerConfigKeys (ConfUtils.java:logGet(43)) - raft.server.write.element-limit = 4096 (default)
2019-09-20 04:49:12,247 [fdbc37f2-9e58-4bac-a5d5-a78839d012e9:group-B90CB52C206A:LeaderElection73] INFO  server.RaftServerConfigKeys (ConfUtils.java:logGet(43)) - raft.server.watch.timeout = 10s (default)
2019-09-20 04:49:12,247 [fdbc37f2-9e58-4bac-a5d5-a78839d012e9:group-B90CB52C206A:LeaderElection73] INFO  server.RaftServerConfigKeys (ConfUtils.java:logGet(43)) - raft.server.watch.timeout.denomination = 1s (default)
2019-09-20 04:49:12,247 [fdbc37f2-9e58-4bac-a5d5-a78839d012e9:group-B90CB52C206A:LeaderElection73] INFO  server.RaftServerConfigKeys (ConfUtils.java:logGet(43)) - raft.server.watch.element-limit = 65536 (default)
2019-09-20 04:49:12,248 [fdbc37f2-9e58-4bac-a5d5-a78839d012e9:group-B90CB52C206A:LeaderElection73] INFO  impl.RoleInfo (RoleInfo.java:updateAndGet(143)) - fdbc37f2-9e58-4bac-a5d5-a78839d012e9: start LeaderState
2019-09-20 04:49:12,248 [fdbc37f2-9e58-4bac-a5d5-a78839d012e9:group-B90CB52C206A:LeaderElection73] INFO  segmented.SegmentedRaftLogWorker (SegmentedRaftLogWorker.java:startLogSegment(380)) - fdbc37f2-9e58-4bac-a5d5-a78839d012e9-SegmentedRaftLogWorker:Storage Directory /workdir/hadoop-ozone/integration-test/target/test-dir/MiniOzoneClusterImpl-cd85f641-6806-455e-b969-480e50aec385/datanode-3/data/ratis/1329c938-e6e1-47f0-a810-b90cb52c206a: Starting segment from index:0
2019-09-20 04:49:12,750 | INFO  | SCMAudit | user=jenkins1000 | ip=192.168.36.79 | op=SEND_HEARTBEAT {datanodeUUID=236eed40-dd97-4fdc-a0ae-ab99685a426b, command=[]} | ret=SUCCESS |  
2019-09-20 04:49:12,750 | INFO  | SCMAudit | user=jenkins1000 | ip=192.168.36.79 | op=SEND_HEARTBEAT {datanodeUUID=fdbc37f2-9e58-4bac-a5d5-a78839d012e9, command=[]} | ret=SUCCESS |  
2019-09-20 04:49:12,750 | INFO  | SCMAudit | user=jenkins1000 | ip=192.168.36.79 | op=SEND_HEARTBEAT {datanodeUUID=3c2a6bfe-f5c5-4e23-89b0-850dab17697d, command=[]} | ret=SUCCESS |  
2019-09-20 04:49:12,750 | INFO  | SCMAudit | user=jenkins1000 | ip=192.168.36.79 | op=SEND_HEARTBEAT {datanodeUUID=5ea19b84-5385-4ae9-8412-c4cfa929b172, command=[]} | ret=SUCCESS |  
2019-09-20 04:49:12,756 [Thread-747] WARN  util.JavaUtils (JavaUtils.java:sleep(250)) - Unexpected long sleep: sleep(5175ms) actually took 5550ms which is over the threshold 300ms
2019-09-20 04:49:12,756 [Thread-744] WARN  util.JavaUtils (JavaUtils.java:sleep(250)) - Unexpected long sleep: sleep(5159ms) actually took 5551ms which is over the threshold 300ms
2019-09-20 04:49:12,763 [fdbc37f2-9e58-4bac-a5d5-a78839d012e9:group-B90CB52C206A:LeaderElection73] INFO  impl.RaftServerImpl (ServerState.java:setRaftConf(361)) - fdbc37f2-9e58-4bac-a5d5-a78839d012e9:group-B90CB52C206A set configuration 0: [fdbc37f2-9e58-4bac-a5d5-a78839d012e9:192.168.36.79:32937], old=null at 0
2019-09-20 04:49:12,763 | INFO  | SCMAudit | user=jenkins1000 | ip=192.168.36.79 | op=SEND_HEARTBEAT {datanodeUUID=2d6465ef-cffa-473a-a4c6-a9aa3f1a26c0, command=[]} | ret=SUCCESS |  
2019-09-20 04:49:12,763 [3c2a6bfe-f5c5-4e23-89b0-850dab17697d:group-FCC62B6230BC:LeaderElection74] INFO  impl.LeaderElection (LeaderElection.java:askForVotes(181)) - 3c2a6bfe-f5c5-4e23-89b0-850dab17697d:group-FCC62B6230BC:LeaderElection74: begin an election at term 1 for -1: [3c2a6bfe-f5c5-4e23-89b0-850dab17697d:192.168.36.79:38430], old=null
2019-09-20 04:49:12,764 | INFO  | SCMAudit | user=jenkins1000 | ip=192.168.36.79 | op=SEND_HEARTBEAT {datanodeUUID=ba95d636-ac34-4b74-a102-dec8d0f377c6, command=[]} | ret=SUCCESS |  
2019-09-20 04:49:12,756 [Thread-759] WARN  util.JavaUtils (JavaUtils.java:sleep(250)) - Unexpected long sleep: sleep(5078ms) actually took 5550ms which is over the threshold 300ms
2019-09-20 04:49:12,764 | INFO  | SCMAudit | user=jenkins1000 | ip=192.168.36.79 | op=SEND_HEARTBEAT {datanodeUUID=bd1a845e-f2ed-4713-9516-9ccc20139040, command=[]} | ret=SUCCESS |  
2019-09-20 04:49:12,764 | INFO  | SCMAudit | user=jenkins1000 | ip=192.168.36.79 | op=SEND_HEARTBEAT {datanodeUUID=eaf3ecbe-c3b1-4969-ad3a-e4de7fb04f81, command=[]} | ret=SUCCESS |  
2019-09-20 04:49:12,756 [Thread-750] WARN  util.JavaUtils (JavaUtils.java:sleep(250)) - Unexpected long sleep: sleep(5161ms) actually took 5551ms which is over the threshold 300ms
2019-09-20 04:49:12,764 | INFO  | SCMAudit | user=jenkins1000 | ip=192.168.36.79 | op=SEND_HEARTBEAT {datanodeUUID=ea71b9af-1075-4196-9693-aa14e10f536d, command=[]} | ret=SUCCESS |  
2019-09-20 04:49:12,764 | INFO  | SCMAudit | user=jenkins1000 | ip=192.168.36.79 | op=SEND_HEARTBEAT {datanodeUUID=2702b462-69d8-4c1b-aae1-091a21fe08b8, command=[]} | ret=SUCCESS |  
2019-09-20 04:49:12,764 [3c2a6bfe-f5c5-4e23-89b0-850dab17697d:group-FCC62B6230BC:LeaderElection74] INFO  impl.RoleInfo (RoleInfo.java:shutdownLeaderElection(134)) - 3c2a6bfe-f5c5-4e23-89b0-850dab17697d: shutdown LeaderElection
2019-09-20 04:49:12,764 | INFO  | SCMAudit | user=jenkins1000 | ip=192.168.36.79 | op=SEND_HEARTBEAT {datanodeUUID=42fc6e92-fcdd-4827-b621-9fc58a3d2315, command=[]} | ret=SUCCESS |  
2019-09-20 04:49:12,764 | INFO  | SCMAudit | user=jenkins1000 | ip=192.168.36.79 | op=SEND_HEARTBEAT {datanodeUUID=1d91ad97-6666-4ee7-855a-8b5e944e7401, command=[]} | ret=SUCCESS |  
2019-09-20 04:49:12,764 [3c2a6bfe-f5c5-4e23-89b0-850dab17697d:group-FCC62B6230BC:LeaderElection74] INFO  impl.RaftServerImpl (RaftServerImpl.java:setRole(171)) - 3c2a6bfe-f5c5-4e23-89b0-850dab17697d:group-FCC62B6230BC changes role from CANDIDATE to LEADER at term 1 for changeToLeader
2019-09-20 04:49:12,764 | INFO  | SCMAudit | user=jenkins1000 | ip=192.168.36.79 | op=SEND_HEARTBEAT {datanodeUUID=8d97392c-5f4b-400a-94a1-fb61a3ebbc99, command=[]} | ret=SUCCESS |  
2019-09-20 04:49:12,764 [3c2a6bfe-f5c5-4e23-89b0-850dab17697d:group-FCC62B6230BC:LeaderElection74] INFO  impl.RaftServerImpl (ServerState.java:setLeader(263)) - 3c2a6bfe-f5c5-4e23-89b0-850dab17697d:group-FCC62B6230BC change Leader from null to 3c2a6bfe-f5c5-4e23-89b0-850dab17697d at term 1 for becomeLeader, leader elected after 11005ms
2019-09-20 04:49:12,764 [3c2a6bfe-f5c5-4e23-89b0-850dab17697d:group-FCC62B6230BC:LeaderElection74] INFO  server.RaftServerConfigKeys (ConfUtils.java:logGet(43)) - raft.server.staging.catchup.gap = 1000 (default)
2019-09-20 04:49:12,765 [3c2a6bfe-f5c5-4e23-89b0-850dab17697d:group-FCC62B6230BC:LeaderElection74] INFO  server.RaftServerConfigKeys (ConfUtils.java:logGet(43)) - raft.server.rpc.sleep.time = 25ms (default)
2019-09-20 04:49:12,765 [3c2a6bfe-f5c5-4e23-89b0-850dab17697d:group-FCC62B6230BC:LeaderElection74] INFO  server.RaftServerConfigKeys (ConfUtils.java:logGet(43)) - raft.server.write.element-limit = 4096 (default)
2019-09-20 04:49:12,765 [3c2a6bfe-f5c5-4e23-89b0-850dab17697d:group-FCC62B6230BC:LeaderElection74] INFO  server.RaftServerConfigKeys (ConfUtils.java:logGet(43)) - raft.server.watch.timeout = 10s (default)
2019-09-20 04:49:12,765 [3c2a6bfe-f5c5-4e23-89b0-850dab17697d:group-FCC62B6230BC:LeaderElection74] INFO  server.RaftServerConfigKeys (ConfUtils.java:logGet(43)) - raft.server.watch.timeout.denomination = 1s (default)
2019-09-20 04:49:12,765 [3c2a6bfe-f5c5-4e23-89b0-850dab17697d:group-FCC62B6230BC:LeaderElection74] INFO  server.RaftServerConfigKeys (ConfUtils.java:logGet(43)) - raft.server.watch.element-limit = 65536 (default)
2019-09-20 04:49:12,766 [3c2a6bfe-f5c5-4e23-89b0-850dab17697d:group-FCC62B6230BC:LeaderElection74] INFO  impl.RoleInfo (RoleInfo.java:updateAndGet(143)) - 3c2a6bfe-f5c5-4e23-89b0-850dab17697d: start LeaderState
2019-09-20 04:49:12,766 [3c2a6bfe-f5c5-4e23-89b0-850dab17697d:group-FCC62B6230BC:LeaderElection74] INFO  segmented.SegmentedRaftLogWorker (SegmentedRaftLogWorker.java:startLogSegment(380)) - 3c2a6bfe-f5c5-4e23-89b0-850dab17697d-SegmentedRaftLogWorker:Storage Directory /workdir/hadoop-ozone/integration-test/target/test-dir/MiniOzoneClusterImpl-cd85f641-6806-455e-b969-480e50aec385/datanode-4/data/ratis/58b379fe-66d5-400f-884d-fcc62b6230bc: Starting segment from index:0
2019-09-20 04:49:13,125 [main] INFO  ozone.MiniOzoneClusterImpl (MiniOzoneClusterImpl.java:lambda$waitForClusterToBeReady$0(142)) - Waiting for cluster to be ready. Got 4 of 7 DN Heartbeats.
2019-09-20 04:49:13,125 [Thread-780] INFO  impl.FollowerState (FollowerState.java:run(106)) - dba845b8-ea76-4e09-ab03-0883d354e493:group-B5C4591E30FB changes to CANDIDATE, lastRpcTime:10732, electionTimeout:5065ms
2019-09-20 04:49:13,125 [Thread-780] INFO  impl.RoleInfo (RoleInfo.java:shutdownFollowerState(121)) - dba845b8-ea76-4e09-ab03-0883d354e493: shutdown FollowerState
2019-09-20 04:49:13,126 [Thread-780] INFO  impl.RaftServerImpl (RaftServerImpl.java:setRole(171)) - dba845b8-ea76-4e09-ab03-0883d354e493:group-B5C4591E30FB changes role from FOLLOWER to CANDIDATE at term 0 for changeToCandidate
2019-09-20 04:49:13,126 [3c2a6bfe-f5c5-4e23-89b0-850dab17697d:group-FCC62B6230BC:LeaderElection74] INFO  impl.RaftServerImpl (ServerState.java:setRaftConf(361)) - 3c2a6bfe-f5c5-4e23-89b0-850dab17697d:group-FCC62B6230BC set configuration 0: [3c2a6bfe-f5c5-4e23-89b0-850dab17697d:192.168.36.79:38430], old=null at 0
2019-09-20 04:49:13,126 [Thread-780] INFO  impl.RoleInfo (RoleInfo.java:updateAndGet(143)) - dba845b8-ea76-4e09-ab03-0883d354e493: start LeaderElection
2019-09-20 04:49:13,126 | INFO  | SCMAudit | user=jenkins1000 | ip=192.168.36.79 | op=SEND_HEARTBEAT {datanodeUUID=f4e549ee-a6fa-4eb9-8541-129d0566fdf5, command=[]} | ret=SUCCESS |  
2019-09-20 04:49:13,126 | INFO  | SCMAudit | user=jenkins1000 | ip=192.168.36.79 | op=SEND_HEARTBEAT {datanodeUUID=8538cd65-7926-426b-8bad-fbd0f0550f9a, command=[]} | ret=SUCCESS |  
2019-09-20 04:49:13,156 [dba845b8-ea76-4e09-ab03-0883d354e493:group-B5C4591E30FB:LeaderElection75] INFO  impl.LeaderElection (LeaderElection.java:askForVotes(181)) - dba845b8-ea76-4e09-ab03-0883d354e493:group-B5C4591E30FB:LeaderElection75: begin an election at term 1 for -1: [dba845b8-ea76-4e09-ab03-0883d354e493:192.168.36.79:39392], old=null
2019-09-20 04:49:13,156 [dba845b8-ea76-4e09-ab03-0883d354e493:group-B5C4591E30FB:LeaderElection75] INFO  impl.RoleInfo (RoleInfo.java:shutdownLeaderElection(134)) - dba845b8-ea76-4e09-ab03-0883d354e493: shutdown LeaderElection
2019-09-20 04:49:13,156 [dba845b8-ea76-4e09-ab03-0883d354e493:group-B5C4591E30FB:LeaderElection75] INFO  impl.RaftServerImpl (RaftServerImpl.java:setRole(171)) - dba845b8-ea76-4e09-ab03-0883d354e493:group-B5C4591E30FB changes role from CANDIDATE to LEADER at term 1 for changeToLeader
2019-09-20 04:49:13,156 [dba845b8-ea76-4e09-ab03-0883d354e493:group-B5C4591E30FB:LeaderElection75] INFO  impl.RaftServerImpl (ServerState.java:setLeader(263)) - dba845b8-ea76-4e09-ab03-0883d354e493:group-B5C4591E30FB change Leader from null to dba845b8-ea76-4e09-ab03-0883d354e493 at term 1 for becomeLeader, leader elected after 10767ms
2019-09-20 04:49:13,156 [dba845b8-ea76-4e09-ab03-0883d354e493:group-B5C4591E30FB:LeaderElection75] INFO  server.RaftServerConfigKeys (ConfUtils.java:logGet(43)) - raft.server.staging.catchup.gap = 1000 (default)
2019-09-20 04:49:13,156 [dba845b8-ea76-4e09-ab03-0883d354e493:group-B5C4591E30FB:LeaderElection75] INFO  server.RaftServerConfigKeys (ConfUtils.java:logGet(43)) - raft.server.rpc.sleep.time = 25ms (default)
2019-09-20 04:49:13,156 [dba845b8-ea76-4e09-ab03-0883d354e493:group-B5C4591E30FB:LeaderElection75] INFO  server.RaftServerConfigKeys (ConfUtils.java:logGet(43)) - raft.server.write.element-limit = 4096 (default)
2019-09-20 04:49:13,156 [dba845b8-ea76-4e09-ab03-0883d354e493:group-B5C4591E30FB:LeaderElection75] INFO  server.RaftServerConfigKeys (ConfUtils.java:logGet(43)) - raft.server.watch.timeout = 10s (default)
2019-09-20 04:49:13,157 [dba845b8-ea76-4e09-ab03-0883d354e493:group-B5C4591E30FB:LeaderElection75] INFO  server.RaftServerConfigKeys (ConfUtils.java:logGet(43)) - raft.server.watch.timeout.denomination = 1s (default)
2019-09-20 04:49:13,157 [dba845b8-ea76-4e09-ab03-0883d354e493:group-B5C4591E30FB:LeaderElection75] INFO  server.RaftServerConfigKeys (ConfUtils.java:logGet(43)) - raft.server.watch.element-limit = 65536 (default)
2019-09-20 04:49:13,157 [dba845b8-ea76-4e09-ab03-0883d354e493:group-B5C4591E30FB:LeaderElection75] INFO  impl.RoleInfo (RoleInfo.java:updateAndGet(143)) - dba845b8-ea76-4e09-ab03-0883d354e493: start LeaderState
2019-09-20 04:49:13,157 [dba845b8-ea76-4e09-ab03-0883d354e493:group-B5C4591E30FB:LeaderElection75] INFO  segmented.SegmentedRaftLogWorker (SegmentedRaftLogWorker.java:startLogSegment(380)) - dba845b8-ea76-4e09-ab03-0883d354e493-SegmentedRaftLogWorker:Storage Directory /workdir/hadoop-ozone/integration-test/target/test-dir/MiniOzoneClusterImpl-cd85f641-6806-455e-b969-480e50aec385/datanode-6/data/ratis/91e28771-7cd2-4955-aa84-b5c4591e30fb: Starting segment from index:0
2019-09-20 04:49:13,497 | INFO  | SCMAudit | user=jenkins1000 | ip=192.168.36.79 | op=SEND_HEARTBEAT {datanodeUUID=eb30d72f-c0a8-4ecb-bfee-9120a9a6cddf, command=[]} | ret=SUCCESS |  
2019-09-20 04:49:13,498 [dba845b8-ea76-4e09-ab03-0883d354e493:group-B5C4591E30FB:LeaderElection75] INFO  impl.RaftServerImpl (ServerState.java:setRaftConf(361)) - dba845b8-ea76-4e09-ab03-0883d354e493:group-B5C4591E30FB set configuration 0: [dba845b8-ea76-4e09-ab03-0883d354e493:192.168.36.79:39392], old=null at 0
2019-09-20 04:49:13,498 | INFO  | SCMAudit | user=jenkins1000 | ip=192.168.36.79 | op=SEND_HEARTBEAT {datanodeUUID=c4f6294c-eda3-4afd-81f7-e69ed14da69f, command=[]} | ret=SUCCESS |  
2019-09-20 04:49:13,498 | INFO  | SCMAudit | user=jenkins1000 | ip=192.168.36.79 | op=SEND_HEARTBEAT {datanodeUUID=dba845b8-ea76-4e09-ab03-0883d354e493, command=[]} | ret=SUCCESS |  
2019-09-20 04:49:13,498 [IPC Server handler 16 on 46304] INFO  net.NetworkTopology (NetworkTopologyImpl.java:add(110)) - Added a new node: /default-rack/0ad3f89e-804f-4845-89c5-5ff1a35a5dda
2019-09-20 04:49:13,499 [IPC Server handler 16 on 46304] INFO  node.SCMNodeManager (SCMNodeManager.java:register(273)) - Registered Data node : 0ad3f89e-804f-4845-89c5-5ff1a35a5dda{ip: 192.168.36.79, host: pr-hdds-1569-s8kj2-2266485376, networkLocation: /default-rack, certSerialId: null}
2019-09-20 04:49:13,499 | INFO  | SCMAudit | user=jenkins1000 | ip=192.168.36.79 | op=REGISTER {datanodeDetails=0ad3f89e-804f-4845-89c5-5ff1a35a5dda{ip: 192.168.36.79, host: pr-hdds-1569-s8kj2-2266485376, networkLocation: /default-rack, certSerialId: null}} | ret=SUCCESS |  
2019-09-20 04:49:13,499 [RatisPipelineUtilsThread] INFO  pipeline.PipelinePlacementPolicy (PipelinePlacementPolicy.java:meetCriteria(91)) - Pipeline Placement: Doesn't meet the criteria to be viable node： 8538cd65-7926-426b-8bad-fbd0f0550f9a Heaviness: 6 limit: 5
2019-09-20 04:49:13,499 [RatisPipelineUtilsThread] INFO  pipeline.PipelinePlacementPolicy (PipelinePlacementPolicy.java:meetCriteria(91)) - Pipeline Placement: Doesn't meet the criteria to be viable node： f4e549ee-a6fa-4eb9-8541-129d0566fdf5 Heaviness: 6 limit: 5
2019-09-20 04:49:13,499 [RatisPipelineUtilsThread] INFO  pipeline.PipelinePlacementPolicy (PipelinePlacementPolicy.java:meetCriteria(91)) - Pipeline Placement: Doesn't meet the criteria to be viable node： eb30d72f-c0a8-4ecb-bfee-9120a9a6cddf Heaviness: 6 limit: 5
2019-09-20 04:49:13,499 [RatisPipelineUtilsThread] INFO  pipeline.PipelinePlacementPolicy (PipelinePlacementPolicy.java:meetCriteria(91)) - Pipeline Placement: Doesn't meet the criteria to be viable node： 5ea19b84-5385-4ae9-8412-c4cfa929b172 Heaviness: 6 limit: 5
2019-09-20 04:49:13,513 [grpc-default-executor-0] INFO  impl.RaftServerProxy (RaftServerProxy.java:addNew(89)) - 0ad3f89e-804f-4845-89c5-5ff1a35a5dda: addNew group-77F0026915B1:[0ad3f89e-804f-4845-89c5-5ff1a35a5dda:192.168.36.79:34659] returns group-77F0026915B1:java.util.concurrent.CompletableFuture@3c78ee54[Not completed]
2019-09-20 04:49:13,515 [pool-262-thread-1] INFO  impl.RaftServerImpl (RaftServerImpl.java:<init>(93)) - 0ad3f89e-804f-4845-89c5-5ff1a35a5dda: new RaftServerImpl for group-77F0026915B1:[0ad3f89e-804f-4845-89c5-5ff1a35a5dda:192.168.36.79:34659] with ContainerStateMachine:uninitialized
2019-09-20 04:49:13,515 [pool-262-thread-1] INFO  server.RaftServerConfigKeys (ConfUtils.java:logGet(43)) - raft.server.rpc.timeout.min = 5s (custom)
2019-09-20 04:49:13,515 [pool-262-thread-1] INFO  server.RaftServerConfigKeys (ConfUtils.java:logGet(43)) - raft.server.rpc.timeout.max = 5200ms (custom)
2019-09-20 04:49:13,515 [pool-262-thread-1] INFO  server.RaftServerConfigKeys (ConfUtils.java:logGet(43)) - raft.server.rpcslowness.timeout = 120s (custom)
2019-09-20 04:49:13,515 [pool-262-thread-1] INFO  server.RaftServerConfigKeys (ConfUtils.java:logGet(43)) - raft.server.sleep.deviation.threshold = 300 (default)
2019-09-20 04:49:13,515 [pool-262-thread-1] INFO  server.RaftServerConfigKeys (ConfUtils.java:logGet(43)) - raft.server.log.appender.install.snapshot.enabled = false (custom)
2019-09-20 04:49:13,515 [pool-262-thread-1] INFO  impl.RaftServerImpl (ServerState.java:<init>(105)) - 0ad3f89e-804f-4845-89c5-5ff1a35a5dda:group-77F0026915B1 ConfigurationManager, init=-1: [0ad3f89e-804f-4845-89c5-5ff1a35a5dda:192.168.36.79:34659], old=null, confs=<EMPTY_MAP>
2019-09-20 04:49:13,515 [pool-262-thread-1] INFO  server.RaftServerConfigKeys (ConfUtils.java:logGet(43)) - raft.server.storage.dir = [/workdir/hadoop-ozone/integration-test/target/test-dir/MiniOzoneClusterImpl-bb3956c2-c4d1-403a-b406-f8ec73b3905b/datanode-4/data/ratis] (custom)
2019-09-20 04:49:13,516 [pool-262-thread-1] INFO  storage.RaftStorageDirectory (RaftStorageDirectory.java:analyzeStorage(246)) - The storage directory /workdir/hadoop-ozone/integration-test/target/test-dir/MiniOzoneClusterImpl-bb3956c2-c4d1-403a-b406-f8ec73b3905b/datanode-4/data/ratis/6d757226-790c-497c-8888-77f0026915b1 does not exist. Creating ...
2019-09-20 04:49:13,539 [pool-262-thread-1] INFO  storage.RaftStorageDirectory (RaftStorageDirectory.java:tryLock(328)) - Lock on /workdir/hadoop-ozone/integration-test/target/test-dir/MiniOzoneClusterImpl-bb3956c2-c4d1-403a-b406-f8ec73b3905b/datanode-4/data/ratis/6d757226-790c-497c-8888-77f0026915b1/in_use.lock acquired by nodename 9457@pr-hdds-1569-s8kj2-2266485376
2019-09-20 04:49:13,557 [pool-262-thread-1] INFO  storage.RaftStorage (RaftStorage.java:format(72)) - Storage directory /workdir/hadoop-ozone/integration-test/target/test-dir/MiniOzoneClusterImpl-bb3956c2-c4d1-403a-b406-f8ec73b3905b/datanode-4/data/ratis/6d757226-790c-497c-8888-77f0026915b1 has been successfully formatted.
2019-09-20 04:49:13,557 [pool-262-thread-1] INFO  ratis.ContainerStateMachine (ContainerStateMachine.java:loadSnapshot(226)) - group-77F0026915B1: The snapshot info is null. Setting the last applied indexto:(t:0, i:~)
2019-09-20 04:49:13,558 [pool-262-thread-1] INFO  server.RaftServerConfigKeys (ConfUtils.java:logGet(43)) - raft.server.leader.election.timeout = 120s (custom)
2019-09-20 04:49:13,558 [pool-262-thread-1] INFO  server.RaftServerConfigKeys (ConfUtils.java:logGet(43)) - raft.server.log.use.memory = false (default)
2019-09-20 04:49:13,558 [pool-262-thread-1] INFO  server.RaftServerConfigKeys (ConfUtils.java:logGet(43)) - raft.server.log.purge.gap = 1000000 (custom)
2019-09-20 04:49:13,558 [pool-262-thread-1] INFO  server.RaftServerConfigKeys (ConfUtils.java:logGet(43)) - raft.server.log.appender.buffer.byte-limit = 33554432 (custom)
2019-09-20 04:49:13,558 [pool-262-thread-1] INFO  server.RaftServerConfigKeys (ConfUtils.java:logGet(43)) - raft.server.log.segment.size.max = 1048576 (custom)
2019-09-20 04:49:13,558 [pool-262-thread-1] INFO  server.RaftServerConfigKeys (ConfUtils.java:logGet(43)) - raft.server.log.segment.cache.num.max = 2 (custom)
2019-09-20 04:49:13,558 [pool-262-thread-1] INFO  segmented.SegmentedRaftLogWorker (SegmentedRaftLogWorker.java:<init>(172)) - new 0ad3f89e-804f-4845-89c5-5ff1a35a5dda-SegmentedRaftLogWorker:Storage Directory /workdir/hadoop-ozone/integration-test/target/test-dir/MiniOzoneClusterImpl-bb3956c2-c4d1-403a-b406-f8ec73b3905b/datanode-4/data/ratis/6d757226-790c-497c-8888-77f0026915b1 for RaftStorage:Storage Directory /workdir/hadoop-ozone/integration-test/target/test-dir/MiniOzoneClusterImpl-bb3956c2-c4d1-403a-b406-f8ec73b3905b/datanode-4/data/ratis/6d757226-790c-497c-8888-77f0026915b1
2019-09-20 04:49:13,559 [pool-262-thread-1] INFO  server.RaftServerConfigKeys (ConfUtils.java:logGet(43)) - raft.server.log.queue.byte-limit = 2147483647 (custom)
2019-09-20 04:49:13,559 [pool-262-thread-1] INFO  server.RaftServerConfigKeys (ConfUtils.java:logGet(43)) - raft.server.log.queue.element-limit = 1024 (custom)
2019-09-20 04:49:13,559 [pool-262-thread-1] INFO  server.RaftServerConfigKeys (ConfUtils.java:logGet(43)) - raft.server.log.segment.size.max = 1048576 (custom)
2019-09-20 04:49:13,559 [pool-262-thread-1] INFO  server.RaftServerConfigKeys (ConfUtils.java:logGet(43)) - raft.server.log.preallocated.size = 16384 (custom)
2019-09-20 04:49:13,559 [pool-262-thread-1] INFO  server.RaftServerConfigKeys (ConfUtils.java:logGet(43)) - raft.server.log.write.buffer.size = 33554432 (custom)
2019-09-20 04:49:13,559 [pool-262-thread-1] INFO  server.RaftServerConfigKeys (ConfUtils.java:logGet(43)) - raft.server.log.force.sync.num = 128 (default)
2019-09-20 04:49:13,559 [pool-262-thread-1] INFO  server.RaftServerConfigKeys (ConfUtils.java:logGet(43)) - raft.server.log.statemachine.data.sync = true (default)
2019-09-20 04:49:13,560 [pool-262-thread-1] INFO  server.RaftServerConfigKeys (ConfUtils.java:logGet(43)) - raft.server.log.statemachine.data.sync.timeout = 10s (default)
2019-09-20 04:49:13,560 [pool-262-thread-1] INFO  server.RaftServerConfigKeys (ConfUtils.java:logGet(43)) - raft.server.log.statemachine.data.sync.timeout.retry = -1 (default)
2019-09-20 04:49:13,560 [pool-262-thread-1] INFO  server.RaftServerConfigKeys (ConfUtils.java:logGet(43)) - raft.server.log.statemachine.data.caching.enabled = true (custom)
2019-09-20 04:49:13,560 [pool-262-thread-1] INFO  segmented.SegmentedRaftLogWorker (SegmentedRaftLogWorker.java:lambda$new$0(132)) - 0ad3f89e-804f-4845-89c5-5ff1a35a5dda-SegmentedRaftLogWorker:Storage Directory /workdir/hadoop-ozone/integration-test/target/test-dir/MiniOzoneClusterImpl-bb3956c2-c4d1-403a-b406-f8ec73b3905b/datanode-4/data/ratis/6d757226-790c-497c-8888-77f0026915b1: flushIndex: setUnconditionally 0 -> -1
2019-09-20 04:49:13,560 [pool-262-thread-1] INFO  server.RaftServerConfigKeys (ConfUtils.java:logGet(43)) - raft.server.snapshot.auto.trigger.enabled = true (custom)
2019-09-20 04:49:13,561 [pool-262-thread-1] INFO  server.RaftServerConfigKeys (ConfUtils.java:logGet(43)) - raft.server.snapshot.auto.trigger.threshold = 10000 (custom)
2019-09-20 04:49:13,561 [pool-262-thread-1] INFO  server.RaftServerConfigKeys (ConfUtils.java:logGet(43)) - raft.server.retrycache.expirytime = 600000ms (custom)
2019-09-20 04:49:13,561 [pool-262-thread-1] INFO  impl.RaftServerImpl (RaftServerImpl.java:start(180)) - 0ad3f89e-804f-4845-89c5-5ff1a35a5dda: start group-77F0026915B1
2019-09-20 04:49:13,561 [pool-262-thread-1] INFO  impl.RaftServerImpl (RaftServerImpl.java:setRole(171)) - 0ad3f89e-804f-4845-89c5-5ff1a35a5dda:group-77F0026915B1 changes role from null to FOLLOWER at term 0 for startAsFollower
2019-09-20 04:49:13,561 [pool-262-thread-1] INFO  impl.RoleInfo (RoleInfo.java:updateAndGet(143)) - 0ad3f89e-804f-4845-89c5-5ff1a35a5dda: start FollowerState
2019-09-20 04:49:13,561 [pool-262-thread-1] INFO  util.JmxRegister (JmxRegister.java:tryRegister(44)) - Successfully registered JMX Bean with object name Ratis:service=RaftServer,group=group-77F0026915B1,id=0ad3f89e-804f-4845-89c5-5ff1a35a5dda
2019-09-20 04:49:13,564 [RatisPipelineUtilsThread] INFO  pipeline.PipelineStateManager (PipelineStateManager.java:addPipeline(56)) - Created pipeline Pipeline[ Id: 6d757226-790c-497c-8888-77f0026915b1, Nodes: 0ad3f89e-804f-4845-89c5-5ff1a35a5dda{ip: 192.168.36.79, host: pr-hdds-1569-s8kj2-2266485376, networkLocation: /default-rack, certSerialId: null}, Type:RATIS, Factor:ONE, State:OPEN]
2019-09-20 04:49:13,564 [RatisPipelineUtilsThread] INFO  pipeline.PipelinePlacementPolicy (PipelinePlacementPolicy.java:meetCriteria(91)) - Pipeline Placement: Doesn't meet the criteria to be viable node： 8538cd65-7926-426b-8bad-fbd0f0550f9a Heaviness: 6 limit: 5
2019-09-20 04:49:13,564 [RatisPipelineUtilsThread] INFO  pipeline.PipelinePlacementPolicy (PipelinePlacementPolicy.java:meetCriteria(91)) - Pipeline Placement: Doesn't meet the criteria to be viable node： f4e549ee-a6fa-4eb9-8541-129d0566fdf5 Heaviness: 6 limit: 5
2019-09-20 04:49:13,564 [RatisPipelineUtilsThread] INFO  pipeline.PipelinePlacementPolicy (PipelinePlacementPolicy.java:meetCriteria(91)) - Pipeline Placement: Doesn't meet the criteria to be viable node： eb30d72f-c0a8-4ecb-bfee-9120a9a6cddf Heaviness: 6 limit: 5
2019-09-20 04:49:13,564 [RatisPipelineUtilsThread] INFO  pipeline.PipelinePlacementPolicy (PipelinePlacementPolicy.java:meetCriteria(91)) - Pipeline Placement: Doesn't meet the criteria to be viable node： 5ea19b84-5385-4ae9-8412-c4cfa929b172 Heaviness: 6 limit: 5
2019-09-20 04:49:13,570 [grpc-default-executor-0] INFO  impl.RaftServerProxy (RaftServerProxy.java:addNew(89)) - 0ad3f89e-804f-4845-89c5-5ff1a35a5dda: addNew group-D7107FC9D0CF:[0ad3f89e-804f-4845-89c5-5ff1a35a5dda:192.168.36.79:34659] returns group-D7107FC9D0CF:java.util.concurrent.CompletableFuture@4b885928[Not completed]
2019-09-20 04:49:13,570 [pool-262-thread-1] INFO  impl.RaftServerImpl (RaftServerImpl.java:<init>(93)) - 0ad3f89e-804f-4845-89c5-5ff1a35a5dda: new RaftServerImpl for group-D7107FC9D0CF:[0ad3f89e-804f-4845-89c5-5ff1a35a5dda:192.168.36.79:34659] with ContainerStateMachine:uninitialized
2019-09-20 04:49:13,571 [pool-262-thread-1] INFO  server.RaftServerConfigKeys (ConfUtils.java:logGet(43)) - raft.server.rpc.timeout.min = 5s (custom)
2019-09-20 04:49:13,571 [pool-262-thread-1] INFO  server.RaftServerConfigKeys (ConfUtils.java:logGet(43)) - raft.server.rpc.timeout.max = 5200ms (custom)
2019-09-20 04:49:13,571 [pool-262-thread-1] INFO  server.RaftServerConfigKeys (ConfUtils.java:logGet(43)) - raft.server.rpcslowness.timeout = 120s (custom)
2019-09-20 04:49:13,571 [pool-262-thread-1] INFO  server.RaftServerConfigKeys (ConfUtils.java:logGet(43)) - raft.server.sleep.deviation.threshold = 300 (default)
2019-09-20 04:49:13,571 [pool-262-thread-1] INFO  server.RaftServerConfigKeys (ConfUtils.java:logGet(43)) - raft.server.log.appender.install.snapshot.enabled = false (custom)
2019-09-20 04:49:13,571 [pool-262-thread-1] INFO  impl.RaftServerImpl (ServerState.java:<init>(105)) - 0ad3f89e-804f-4845-89c5-5ff1a35a5dda:group-D7107FC9D0CF ConfigurationManager, init=-1: [0ad3f89e-804f-4845-89c5-5ff1a35a5dda:192.168.36.79:34659], old=null, confs=<EMPTY_MAP>
2019-09-20 04:49:13,571 [pool-262-thread-1] INFO  server.RaftServerConfigKeys (ConfUtils.java:logGet(43)) - raft.server.storage.dir = [/workdir/hadoop-ozone/integration-test/target/test-dir/MiniOzoneClusterImpl-bb3956c2-c4d1-403a-b406-f8ec73b3905b/datanode-4/data/ratis] (custom)
2019-09-20 04:49:13,572 [pool-262-thread-1] INFO  storage.RaftStorageDirectory (RaftStorageDirectory.java:analyzeStorage(246)) - The storage directory /workdir/hadoop-ozone/integration-test/target/test-dir/MiniOzoneClusterImpl-bb3956c2-c4d1-403a-b406-f8ec73b3905b/datanode-4/data/ratis/c0ddb393-95ec-4ce9-8013-d7107fc9d0cf does not exist. Creating ...
2019-09-20 04:49:13,572 [Thread-797] INFO  impl.FollowerState (FollowerState.java:run(106)) - dba845b8-ea76-4e09-ab03-0883d354e493:group-96EC027CD53C changes to CANDIDATE, lastRpcTime:10647, electionTimeout:5020ms
2019-09-20 04:49:13,572 [Thread-797] INFO  impl.RoleInfo (RoleInfo.java:shutdownFollowerState(121)) - dba845b8-ea76-4e09-ab03-0883d354e493: shutdown FollowerState
2019-09-20 04:49:13,572 [Thread-797] INFO  impl.RaftServerImpl (RaftServerImpl.java:setRole(171)) - dba845b8-ea76-4e09-ab03-0883d354e493:group-96EC027CD53C changes role from FOLLOWER to CANDIDATE at term 0 for changeToCandidate
2019-09-20 04:49:13,572 [Thread-797] INFO  impl.RoleInfo (RoleInfo.java:updateAndGet(143)) - dba845b8-ea76-4e09-ab03-0883d354e493: start LeaderElection
2019-09-20 04:49:13,580 [Thread-800] INFO  impl.FollowerState (FollowerState.java:run(106)) - bd1a845e-f2ed-4713-9516-9ccc20139040:group-C696892C060F changes to CANDIDATE, lastRpcTime:10572, electionTimeout:5028ms
2019-09-20 04:49:13,580 [Thread-800] INFO  impl.RoleInfo (RoleInfo.java:shutdownFollowerState(121)) - bd1a845e-f2ed-4713-9516-9ccc20139040: shutdown FollowerState
2019-09-20 04:49:13,580 [Thread-800] INFO  impl.RaftServerImpl (RaftServerImpl.java:setRole(171)) - bd1a845e-f2ed-4713-9516-9ccc20139040:group-C696892C060F changes role from FOLLOWER to CANDIDATE at term 0 for changeToCandidate
2019-09-20 04:49:13,580 [Thread-800] INFO  impl.RoleInfo (RoleInfo.java:updateAndGet(143)) - bd1a845e-f2ed-4713-9516-9ccc20139040: start LeaderElection
2019-09-20 04:49:13,591 [pool-262-thread-1] INFO  storage.RaftStorageDirectory (RaftStorageDirectory.java:tryLock(328)) - Lock on /workdir/hadoop-ozone/integration-test/target/test-dir/MiniOzoneClusterImpl-bb3956c2-c4d1-403a-b406-f8ec73b3905b/datanode-4/data/ratis/c0ddb393-95ec-4ce9-8013-d7107fc9d0cf/in_use.lock acquired by nodename 9457@pr-hdds-1569-s8kj2-2266485376
2019-09-20 04:49:13,600 [dba845b8-ea76-4e09-ab03-0883d354e493:group-96EC027CD53C:LeaderElection76] INFO  impl.LeaderElection (LeaderElection.java:askForVotes(181)) - dba845b8-ea76-4e09-ab03-0883d354e493:group-96EC027CD53C:LeaderElection76: begin an election at term 1 for -1: [dba845b8-ea76-4e09-ab03-0883d354e493:192.168.36.79:39392], old=null
2019-09-20 04:49:13,600 [dba845b8-ea76-4e09-ab03-0883d354e493:group-96EC027CD53C:LeaderElection76] INFO  impl.RoleInfo (RoleInfo.java:shutdownLeaderElection(134)) - dba845b8-ea76-4e09-ab03-0883d354e493: shutdown LeaderElection
2019-09-20 04:49:13,600 [dba845b8-ea76-4e09-ab03-0883d354e493:group-96EC027CD53C:LeaderElection76] INFO  impl.RaftServerImpl (RaftServerImpl.java:setRole(171)) - dba845b8-ea76-4e09-ab03-0883d354e493:group-96EC027CD53C changes role from CANDIDATE to LEADER at term 1 for changeToLeader
2019-09-20 04:49:13,600 [dba845b8-ea76-4e09-ab03-0883d354e493:group-96EC027CD53C:LeaderElection76] INFO  impl.RaftServerImpl (ServerState.java:setLeader(263)) - dba845b8-ea76-4e09-ab03-0883d354e493:group-96EC027CD53C change Leader from null to dba845b8-ea76-4e09-ab03-0883d354e493 at term 1 for becomeLeader, leader elected after 10679ms
2019-09-20 04:49:13,600 [dba845b8-ea76-4e09-ab03-0883d354e493:group-96EC027CD53C:LeaderElection76] INFO  server.RaftServerConfigKeys (ConfUtils.java:logGet(43)) - raft.server.staging.catchup.gap = 1000 (default)
2019-09-20 04:49:13,600 [dba845b8-ea76-4e09-ab03-0883d354e493:group-96EC027CD53C:LeaderElection76] INFO  server.RaftServerConfigKeys (ConfUtils.java:logGet(43)) - raft.server.rpc.sleep.time = 25ms (default)
2019-09-20 04:49:13,601 [dba845b8-ea76-4e09-ab03-0883d354e493:group-96EC027CD53C:LeaderElection76] INFO  server.RaftServerConfigKeys (ConfUtils.java:logGet(43)) - raft.server.write.element-limit = 4096 (default)
2019-09-20 04:49:13,601 [dba845b8-ea76-4e09-ab03-0883d354e493:group-96EC027CD53C:LeaderElection76] INFO  server.RaftServerConfigKeys (ConfUtils.java:logGet(43)) - raft.server.watch.timeout = 10s (default)
2019-09-20 04:49:13,601 [dba845b8-ea76-4e09-ab03-0883d354e493:group-96EC027CD53C:LeaderElection76] INFO  server.RaftServerConfigKeys (ConfUtils.java:logGet(43)) - raft.server.watch.timeout.denomination = 1s (default)
2019-09-20 04:49:13,601 [dba845b8-ea76-4e09-ab03-0883d354e493:group-96EC027CD53C:LeaderElection76] INFO  server.RaftServerConfigKeys (ConfUtils.java:logGet(43)) - raft.server.watch.element-limit = 65536 (default)
2019-09-20 04:49:13,601 [dba845b8-ea76-4e09-ab03-0883d354e493:group-96EC027CD53C:LeaderElection76] INFO  impl.RoleInfo (RoleInfo.java:updateAndGet(143)) - dba845b8-ea76-4e09-ab03-0883d354e493: start LeaderState
2019-09-20 04:49:13,601 [dba845b8-ea76-4e09-ab03-0883d354e493:group-96EC027CD53C:LeaderElection76] INFO  segmented.SegmentedRaftLogWorker (SegmentedRaftLogWorker.java:startLogSegment(380)) - dba845b8-ea76-4e09-ab03-0883d354e493-SegmentedRaftLogWorker:Storage Directory /workdir/hadoop-ozone/integration-test/target/test-dir/MiniOzoneClusterImpl-cd85f641-6806-455e-b969-480e50aec385/datanode-6/data/ratis/36c9a981-6a65-4c7d-a68f-96ec027cd53c: Starting segment from index:0
2019-09-20 04:49:13,937 | INFO  | SCMAudit | user=jenkins1000 | ip=192.168.36.79 | op=SEND_HEARTBEAT {datanodeUUID=5ea19b84-5385-4ae9-8412-c4cfa929b172, command=[]} | ret=SUCCESS |  
2019-09-20 04:49:13,938 | INFO  | SCMAudit | user=jenkins1000 | ip=192.168.36.79 | op=SEND_HEARTBEAT {datanodeUUID=fdbc37f2-9e58-4bac-a5d5-a78839d012e9, command=[]} | ret=SUCCESS |  
2019-09-20 04:49:13,938 | INFO  | SCMAudit | user=jenkins1000 | ip=192.168.36.79 | op=SEND_HEARTBEAT {datanodeUUID=3c2a6bfe-f5c5-4e23-89b0-850dab17697d, command=[]} | ret=SUCCESS |  
2019-09-20 04:49:13,938 | INFO  | SCMAudit | user=jenkins1000 | ip=192.168.36.79 | op=SEND_HEARTBEAT {datanodeUUID=236eed40-dd97-4fdc-a0ae-ab99685a426b, command=[]} | ret=SUCCESS |  
2019-09-20 04:49:13,938 | INFO  | SCMAudit | user=jenkins1000 | ip=192.168.36.79 | op=SEND_HEARTBEAT {datanodeUUID=bd1a845e-f2ed-4713-9516-9ccc20139040, command=[]} | ret=SUCCESS |  
2019-09-20 04:49:13,939 | INFO  | SCMAudit | user=jenkins1000 | ip=192.168.36.79 | op=SEND_HEARTBEAT {datanodeUUID=8d97392c-5f4b-400a-94a1-fb61a3ebbc99, command=[]} | ret=SUCCESS |  
2019-09-20 04:49:13,939 | INFO  | SCMAudit | user=jenkins1000 | ip=192.168.36.79 | op=SEND_HEARTBEAT {datanodeUUID=1d91ad97-6666-4ee7-855a-8b5e944e7401, command=[]} | ret=SUCCESS |  
2019-09-20 04:49:13,939 | INFO  | SCMAudit | user=jenkins1000 | ip=192.168.36.79 | op=SEND_HEARTBEAT {datanodeUUID=ea71b9af-1075-4196-9693-aa14e10f536d, command=[]} | ret=SUCCESS |  
2019-09-20 04:49:13,939 | INFO  | SCMAudit | user=jenkins1000 | ip=192.168.36.79 | op=SEND_HEARTBEAT {datanodeUUID=2702b462-69d8-4c1b-aae1-091a21fe08b8, command=[]} | ret=SUCCESS |  
2019-09-20 04:49:13,939 | INFO  | SCMAudit | user=jenkins1000 | ip=192.168.36.79 | op=SEND_HEARTBEAT {datanodeUUID=42fc6e92-fcdd-4827-b621-9fc58a3d2315, command=[]} | ret=SUCCESS |  
2019-09-20 04:49:13,939 | INFO  | SCMAudit | user=jenkins1000 | ip=192.168.36.79 | op=SEND_HEARTBEAT {datanodeUUID=eaf3ecbe-c3b1-4969-ad3a-e4de7fb04f81, command=[]} | ret=SUCCESS |  
2019-09-20 04:49:13,939 [Thread-804] INFO  impl.FollowerState (FollowerState.java:run(106)) - bd1a845e-f2ed-4713-9516-9ccc20139040:group-3C7298291CA1 changes to CANDIDATE, lastRpcTime:10863, electionTimeout:5138ms
2019-09-20 04:49:13,939 | INFO  | SCMAudit | user=jenkins1000 | ip=192.168.36.79 | op=SEND_HEARTBEAT {datanodeUUID=2d6465ef-cffa-473a-a4c6-a9aa3f1a26c0, command=[]} | ret=SUCCESS |  
2019-09-20 04:49:13,939 [Thread-807] INFO  impl.FollowerState (FollowerState.java:run(106)) - dba845b8-ea76-4e09-ab03-0883d354e493:group-EA3F72DDB3CE changes to CANDIDATE, lastRpcTime:10797, electionTimeout:5094ms
2019-09-20 04:49:13,939 [pool-262-thread-1] INFO  storage.RaftStorage (RaftStorage.java:format(72)) - Storage directory /workdir/hadoop-ozone/integration-test/target/test-dir/MiniOzoneClusterImpl-bb3956c2-c4d1-403a-b406-f8ec73b3905b/datanode-4/data/ratis/c0ddb393-95ec-4ce9-8013-d7107fc9d0cf has been successfully formatted.
2019-09-20 04:49:13,939 [Thread-804] INFO  impl.RoleInfo (RoleInfo.java:shutdownFollowerState(121)) - bd1a845e-f2ed-4713-9516-9ccc20139040: shutdown FollowerState
2019-09-20 04:49:13,939 [Thread-807] INFO  impl.RoleInfo (RoleInfo.java:shutdownFollowerState(121)) - dba845b8-ea76-4e09-ab03-0883d354e493: shutdown FollowerState
2019-09-20 04:49:13,939 [pool-262-thread-1] INFO  ratis.ContainerStateMachine (ContainerStateMachine.java:loadSnapshot(226)) - group-D7107FC9D0CF: The snapshot info is null. Setting the last applied indexto:(t:0, i:~)
2019-09-20 04:49:13,939 [Thread-804] INFO  impl.RaftServerImpl (RaftServerImpl.java:setRole(171)) - bd1a845e-f2ed-4713-9516-9ccc20139040:group-3C7298291CA1 changes role from FOLLOWER to CANDIDATE at term 0 for changeToCandidate
2019-09-20 04:49:13,940 [pool-262-thread-1] INFO  server.RaftServerConfigKeys (ConfUtils.java:logGet(43)) - raft.server.leader.election.timeout = 120s (custom)
2019-09-20 04:49:13,939 [Thread-807] INFO  impl.RaftServerImpl (RaftServerImpl.java:setRole(171)) - dba845b8-ea76-4e09-ab03-0883d354e493:group-EA3F72DDB3CE changes role from FOLLOWER to CANDIDATE at term 0 for changeToCandidate
2019-09-20 04:49:13,940 [pool-262-thread-1] INFO  server.RaftServerConfigKeys (ConfUtils.java:logGet(43)) - raft.server.log.use.memory = false (default)
2019-09-20 04:49:13,940 [Thread-804] INFO  impl.RoleInfo (RoleInfo.java:updateAndGet(143)) - bd1a845e-f2ed-4713-9516-9ccc20139040: start LeaderElection
2019-09-20 04:49:13,940 [pool-262-thread-1] INFO  server.RaftServerConfigKeys (ConfUtils.java:logGet(43)) - raft.server.log.purge.gap = 1000000 (custom)
2019-09-20 04:49:13,940 [Thread-807] INFO  impl.RoleInfo (RoleInfo.java:updateAndGet(143)) - dba845b8-ea76-4e09-ab03-0883d354e493: start LeaderElection
2019-09-20 04:49:13,940 [pool-262-thread-1] INFO  server.RaftServerConfigKeys (ConfUtils.java:logGet(43)) - raft.server.log.appender.buffer.byte-limit = 33554432 (custom)
2019-09-20 04:49:13,940 [pool-262-thread-1] INFO  server.RaftServerConfigKeys (ConfUtils.java:logGet(43)) - raft.server.log.segment.size.max = 1048576 (custom)
2019-09-20 04:49:13,941 [pool-262-thread-1] INFO  server.RaftServerConfigKeys (ConfUtils.java:logGet(43)) - raft.server.log.segment.cache.num.max = 2 (custom)
2019-09-20 04:49:13,941 [pool-262-thread-1] INFO  segmented.SegmentedRaftLogWorker (SegmentedRaftLogWorker.java:<init>(172)) - new 0ad3f89e-804f-4845-89c5-5ff1a35a5dda-SegmentedRaftLogWorker:Storage Directory /workdir/hadoop-ozone/integration-test/target/test-dir/MiniOzoneClusterImpl-bb3956c2-c4d1-403a-b406-f8ec73b3905b/datanode-4/data/ratis/c0ddb393-95ec-4ce9-8013-d7107fc9d0cf for RaftStorage:Storage Directory /workdir/hadoop-ozone/integration-test/target/test-dir/MiniOzoneClusterImpl-bb3956c2-c4d1-403a-b406-f8ec73b3905b/datanode-4/data/ratis/c0ddb393-95ec-4ce9-8013-d7107fc9d0cf
2019-09-20 04:49:13,941 [Thread-794] WARN  util.JavaUtils (JavaUtils.java:sleep(250)) - Unexpected long sleep: sleep(5056ms) actually took 5389ms which is over the threshold 300ms
2019-09-20 04:49:13,941 [pool-262-thread-1] INFO  server.RaftServerConfigKeys (ConfUtils.java:logGet(43)) - raft.server.log.queue.byte-limit = 2147483647 (custom)
2019-09-20 04:49:13,941 [bd1a845e-f2ed-4713-9516-9ccc20139040:group-C696892C060F:LeaderElection77] INFO  impl.LeaderElection (LeaderElection.java:askForVotes(181)) - bd1a845e-f2ed-4713-9516-9ccc20139040:group-C696892C060F:LeaderElection77: begin an election at term 1 for -1: [bd1a845e-f2ed-4713-9516-9ccc20139040:192.168.36.79:45373], old=null
2019-09-20 04:49:13,941 [dba845b8-ea76-4e09-ab03-0883d354e493:group-96EC027CD53C:LeaderElection76] INFO  impl.RaftServerImpl (ServerState.java:setRaftConf(361)) - dba845b8-ea76-4e09-ab03-0883d354e493:group-96EC027CD53C set configuration 0: [dba845b8-ea76-4e09-ab03-0883d354e493:192.168.36.79:39392], old=null at 0
2019-09-20 04:49:13,941 [bd1a845e-f2ed-4713-9516-9ccc20139040:group-C696892C060F:LeaderElection77] INFO  impl.RoleInfo (RoleInfo.java:shutdownLeaderElection(134)) - bd1a845e-f2ed-4713-9516-9ccc20139040: shutdown LeaderElection
2019-09-20 04:49:13,942 | INFO  | SCMAudit | user=jenkins1000 | ip=192.168.36.79 | op=SEND_HEARTBEAT {datanodeUUID=ba95d636-ac34-4b74-a102-dec8d0f377c6, command=[]} | ret=SUCCESS |  
2019-09-20 04:49:13,941 [pool-262-thread-1] INFO  server.RaftServerConfigKeys (ConfUtils.java:logGet(43)) - raft.server.log.queue.element-limit = 1024 (custom)
2019-09-20 04:49:13,942 [IPC Server handler 1 on 46304] INFO  net.NetworkTopology (NetworkTopologyImpl.java:add(110)) - Added a new node: /default-rack/68a93ad8-b6a8-44e1-8a9f-45fcc58d229a
2019-09-20 04:49:13,941 [bd1a845e-f2ed-4713-9516-9ccc20139040:group-C696892C060F:LeaderElection77] INFO  impl.RaftServerImpl (RaftServerImpl.java:setRole(171)) - bd1a845e-f2ed-4713-9516-9ccc20139040:group-C696892C060F changes role from CANDIDATE to LEADER at term 1 for changeToLeader
2019-09-20 04:49:13,942 [IPC Server handler 1 on 46304] INFO  node.SCMNodeManager (SCMNodeManager.java:register(273)) - Registered Data node : 68a93ad8-b6a8-44e1-8a9f-45fcc58d229a{ip: 192.168.36.79, host: pr-hdds-1569-s8kj2-2266485376, networkLocation: /default-rack, certSerialId: null}
2019-09-20 04:49:13,942 | INFO  | SCMAudit | user=jenkins1000 | ip=192.168.36.79 | op=REGISTER {datanodeDetails=68a93ad8-b6a8-44e1-8a9f-45fcc58d229a{ip: 192.168.36.79, host: pr-hdds-1569-s8kj2-2266485376, networkLocation: /default-rack, certSerialId: null}} | ret=SUCCESS |  
2019-09-20 04:49:13,942 [pool-262-thread-1] INFO  server.RaftServerConfigKeys (ConfUtils.java:logGet(43)) - raft.server.log.segment.size.max = 1048576 (custom)
2019-09-20 04:49:13,942 [bd1a845e-f2ed-4713-9516-9ccc20139040:group-C696892C060F:LeaderElection77] INFO  impl.RaftServerImpl (ServerState.java:setLeader(263)) - bd1a845e-f2ed-4713-9516-9ccc20139040:group-C696892C060F change Leader from null to bd1a845e-f2ed-4713-9516-9ccc20139040 at term 1 for becomeLeader, leader elected after 10937ms
2019-09-20 04:49:13,942 [pool-262-thread-1] INFO  server.RaftServerConfigKeys (ConfUtils.java:logGet(43)) - raft.server.log.preallocated.size = 16384 (custom)
2019-09-20 04:49:13,942 [bd1a845e-f2ed-4713-9516-9ccc20139040:group-C696892C060F:LeaderElection77] INFO  server.RaftServerConfigKeys (ConfUtils.java:logGet(43)) - raft.server.staging.catchup.gap = 1000 (default)
2019-09-20 04:49:13,943 [pool-262-thread-1] INFO  server.RaftServerConfigKeys (ConfUtils.java:logGet(43)) - raft.server.log.write.buffer.size = 33554432 (custom)
2019-09-20 04:49:13,943 [bd1a845e-f2ed-4713-9516-9ccc20139040:group-C696892C060F:LeaderElection77] INFO  server.RaftServerConfigKeys (ConfUtils.java:logGet(43)) - raft.server.rpc.sleep.time = 25ms (default)
2019-09-20 04:49:13,943 [pool-262-thread-1] INFO  server.RaftServerConfigKeys (ConfUtils.java:logGet(43)) - raft.server.log.force.sync.num = 128 (default)
2019-09-20 04:49:13,943 [bd1a845e-f2ed-4713-9516-9ccc20139040:group-C696892C060F:LeaderElection77] INFO  server.RaftServerConfigKeys (ConfUtils.java:logGet(43)) - raft.server.write.element-limit = 4096 (default)
2019-09-20 04:49:13,943 [pool-262-thread-1] INFO  server.RaftServerConfigKeys (ConfUtils.java:logGet(43)) - raft.server.log.statemachine.data.sync = true (default)
2019-09-20 04:49:13,943 [bd1a845e-f2ed-4713-9516-9ccc20139040:group-C696892C060F:LeaderElection77] INFO  server.RaftServerConfigKeys (ConfUtils.java:logGet(43)) - raft.server.watch.timeout = 10s (default)
2019-09-20 04:49:13,943 [pool-262-thread-1] INFO  server.RaftServerConfigKeys (ConfUtils.java:logGet(43)) - raft.server.log.statemachine.data.sync.timeout = 10s (default)
2019-09-20 04:49:13,943 [bd1a845e-f2ed-4713-9516-9ccc20139040:group-C696892C060F:LeaderElection77] INFO  server.RaftServerConfigKeys (ConfUtils.java:logGet(43)) - raft.server.watch.timeout.denomination = 1s (default)
2019-09-20 04:49:13,944 [pool-262-thread-1] INFO  server.RaftServerConfigKeys (ConfUtils.java:logGet(43)) - raft.server.log.statemachine.data.sync.timeout.retry = -1 (default)
2019-09-20 04:49:13,944 [bd1a845e-f2ed-4713-9516-9ccc20139040:group-C696892C060F:LeaderElection77] INFO  server.RaftServerConfigKeys (ConfUtils.java:logGet(43)) - raft.server.watch.element-limit = 65536 (default)
2019-09-20 04:49:13,944 [pool-262-thread-1] INFO  server.RaftServerConfigKeys (ConfUtils.java:logGet(43)) - raft.server.log.statemachine.data.caching.enabled = true (custom)
2019-09-20 04:49:13,944 [bd1a845e-f2ed-4713-9516-9ccc20139040:group-C696892C060F:LeaderElection77] INFO  impl.RoleInfo (RoleInfo.java:updateAndGet(143)) - bd1a845e-f2ed-4713-9516-9ccc20139040: start LeaderState
2019-09-20 04:49:13,944 [bd1a845e-f2ed-4713-9516-9ccc20139040:group-C696892C060F:LeaderElection77] INFO  segmented.SegmentedRaftLogWorker (SegmentedRaftLogWorker.java:startLogSegment(380)) - bd1a845e-f2ed-4713-9516-9ccc20139040-SegmentedRaftLogWorker:Storage Directory /workdir/hadoop-ozone/integration-test/target/test-dir/MiniOzoneClusterImpl-cd85f641-6806-455e-b969-480e50aec385/datanode-5/data/ratis/1a520076-d23a-499c-8fc7-c696892c060f: Starting segment from index:0
2019-09-20 04:49:13,944 [pool-262-thread-1] INFO  segmented.SegmentedRaftLogWorker (SegmentedRaftLogWorker.java:lambda$new$0(132)) - 0ad3f89e-804f-4845-89c5-5ff1a35a5dda-SegmentedRaftLogWorker:Storage Directory /workdir/hadoop-ozone/integration-test/target/test-dir/MiniOzoneClusterImpl-bb3956c2-c4d1-403a-b406-f8ec73b3905b/datanode-4/data/ratis/c0ddb393-95ec-4ce9-8013-d7107fc9d0cf: flushIndex: setUnconditionally 0 -> -1
2019-09-20 04:49:13,945 [bd1a845e-f2ed-4713-9516-9ccc20139040:group-C696892C060F:LeaderElection77] INFO  impl.RaftServerImpl (ServerState.java:setRaftConf(361)) - bd1a845e-f2ed-4713-9516-9ccc20139040:group-C696892C060F set configuration 0: [bd1a845e-f2ed-4713-9516-9ccc20139040:192.168.36.79:45373], old=null at 0
2019-09-20 04:49:13,945 [pool-262-thread-1] INFO  server.RaftServerConfigKeys (ConfUtils.java:logGet(43)) - raft.server.snapshot.auto.trigger.enabled = true (custom)
2019-09-20 04:49:13,945 [pool-262-thread-1] INFO  server.RaftServerConfigKeys (ConfUtils.java:logGet(43)) - raft.server.snapshot.auto.trigger.threshold = 10000 (custom)
2019-09-20 04:49:13,945 [pool-262-thread-1] INFO  server.RaftServerConfigKeys (ConfUtils.java:logGet(43)) - raft.server.retrycache.expirytime = 600000ms (custom)
2019-09-20 04:49:13,946 [pool-262-thread-1] INFO  impl.RaftServerImpl (RaftServerImpl.java:start(180)) - 0ad3f89e-804f-4845-89c5-5ff1a35a5dda: start group-D7107FC9D0CF
2019-09-20 04:49:13,946 [pool-262-thread-1] INFO  impl.RaftServerImpl (RaftServerImpl.java:setRole(171)) - 0ad3f89e-804f-4845-89c5-5ff1a35a5dda:group-D7107FC9D0CF changes role from null to FOLLOWER at term 0 for startAsFollower
2019-09-20 04:49:13,946 [pool-262-thread-1] INFO  impl.RoleInfo (RoleInfo.java:updateAndGet(143)) - 0ad3f89e-804f-4845-89c5-5ff1a35a5dda: start FollowerState
2019-09-20 04:49:13,947 [pool-262-thread-1] INFO  util.JmxRegister (JmxRegister.java:tryRegister(44)) - Successfully registered JMX Bean with object name Ratis:service=RaftServer,group=group-D7107FC9D0CF,id=0ad3f89e-804f-4845-89c5-5ff1a35a5dda
2019-09-20 04:49:13,949 [RatisPipelineUtilsThread] INFO  pipeline.PipelineStateManager (PipelineStateManager.java:addPipeline(56)) - Created pipeline Pipeline[ Id: c0ddb393-95ec-4ce9-8013-d7107fc9d0cf, Nodes: 0ad3f89e-804f-4845-89c5-5ff1a35a5dda{ip: 192.168.36.79, host: pr-hdds-1569-s8kj2-2266485376, networkLocation: /default-rack, certSerialId: null}, Type:RATIS, Factor:ONE, State:OPEN]
2019-09-20 04:49:13,950 [RatisPipelineUtilsThread] INFO  pipeline.PipelinePlacementPolicy (PipelinePlacementPolicy.java:meetCriteria(91)) - Pipeline Placement: Doesn't meet the criteria to be viable node： 8538cd65-7926-426b-8bad-fbd0f0550f9a Heaviness: 6 limit: 5
2019-09-20 04:49:13,950 [RatisPipelineUtilsThread] INFO  pipeline.PipelinePlacementPolicy (PipelinePlacementPolicy.java:meetCriteria(91)) - Pipeline Placement: Doesn't meet the criteria to be viable node： f4e549ee-a6fa-4eb9-8541-129d0566fdf5 Heaviness: 6 limit: 5
2019-09-20 04:49:13,950 [RatisPipelineUtilsThread] INFO  pipeline.PipelinePlacementPolicy (PipelinePlacementPolicy.java:meetCriteria(91)) - Pipeline Placement: Doesn't meet the criteria to be viable node： eb30d72f-c0a8-4ecb-bfee-9120a9a6cddf Heaviness: 6 limit: 5
2019-09-20 04:49:13,950 [RatisPipelineUtilsThread] INFO  pipeline.PipelinePlacementPolicy (PipelinePlacementPolicy.java:meetCriteria(91)) - Pipeline Placement: Doesn't meet the criteria to be viable node： 5ea19b84-5385-4ae9-8412-c4cfa929b172 Heaviness: 6 limit: 5
2019-09-20 04:49:14,252 [3c2a6bfe-f5c5-4e23-89b0-850dab17697d-SegmentedRaftLogWorker:Storage Directory /workdir/hadoop-ozone/integration-test/target/test-dir/MiniOzoneClusterImpl-cd85f641-6806-455e-b969-480e50aec385/datanode-4/data/ratis/58b379fe-66d5-400f-884d-fcc62b6230bc] ERROR segmented.SegmentedRaftLogWorker (SegmentedRaftLogWorker.java:run(323)) - 3c2a6bfe-f5c5-4e23-89b0-850dab17697d-SegmentedRaftLogWorker:Storage Directory /workdir/hadoop-ozone/integration-test/target/test-dir/MiniOzoneClusterImpl-cd85f641-6806-455e-b969-480e50aec385/datanode-4/data/ratis/58b379fe-66d5-400f-884d-fcc62b6230bc hit exception
java.lang.OutOfMemoryError: Direct buffer memory
	at java.nio.Bits.reserveMemory(Bits.java:666)
	at java.nio.DirectByteBuffer.<init>(DirectByteBuffer.java:123)
	at java.nio.ByteBuffer.allocateDirect(ByteBuffer.java:311)
	at org.apache.ratis.server.raftlog.segmented.BufferedWriteChannel.<init>(BufferedWriteChannel.java:41)
	at org.apache.ratis.server.raftlog.segmented.SegmentedRaftLogOutputStream.<init>(SegmentedRaftLogOutputStream.java:72)
	at org.apache.ratis.server.raftlog.segmented.SegmentedRaftLogWorker$StartLogSegment.execute(SegmentedRaftLogWorker.java:566)
	at org.apache.ratis.server.raftlog.segmented.SegmentedRaftLogWorker.run(SegmentedRaftLogWorker.java:289)
	at java.lang.Thread.run(Thread.java:748)
2019-09-20 04:49:14,252 [main] INFO  ozone.MiniOzoneClusterImpl (MiniOzoneClusterImpl.java:lambda$waitForClusterToBeReady$0(142)) - Waiting for cluster to be ready. Got 6 of 7 DN Heartbeats.
2019-09-20 04:49:14,252 [fdbc37f2-9e58-4bac-a5d5-a78839d012e9-SegmentedRaftLogWorker:Storage Directory /workdir/hadoop-ozone/integration-test/target/test-dir/MiniOzoneClusterImpl-cd85f641-6806-455e-b969-480e50aec385/datanode-3/data/ratis/1329c938-e6e1-47f0-a810-b90cb52c206a] ERROR segmented.SegmentedRaftLogWorker (SegmentedRaftLogWorker.java:run(323)) - fdbc37f2-9e58-4bac-a5d5-a78839d012e9-SegmentedRaftLogWorker:Storage Directory /workdir/hadoop-ozone/integration-test/target/test-dir/MiniOzoneClusterImpl-cd85f641-6806-455e-b969-480e50aec385/datanode-3/data/ratis/1329c938-e6e1-47f0-a810-b90cb52c206a hit exception
java.lang.OutOfMemoryError: Direct buffer memory
	at java.nio.Bits.reserveMemory(Bits.java:666)
	at java.nio.DirectByteBuffer.<init>(DirectByteBuffer.java:123)
	at java.nio.ByteBuffer.allocateDirect(ByteBuffer.java:311)
	at org.apache.ratis.server.raftlog.segmented.BufferedWriteChannel.<init>(BufferedWriteChannel.java:41)
	at org.apache.ratis.server.raftlog.segmented.SegmentedRaftLogOutputStream.<init>(SegmentedRaftLogOutputStream.java:72)
	at org.apache.ratis.server.raftlog.segmented.SegmentedRaftLogWorker$StartLogSegment.execute(SegmentedRaftLogWorker.java:566)
	at org.apache.ratis.server.raftlog.segmented.SegmentedRaftLogWorker.run(SegmentedRaftLogWorker.java:289)
	at java.lang.Thread.run(Thread.java:748)
2019-09-20 04:49:14,253 [dba845b8-ea76-4e09-ab03-0883d354e493:group-EA3F72DDB3CE:LeaderElection79] INFO  impl.LeaderElection (LeaderElection.java:askForVotes(181)) - dba845b8-ea76-4e09-ab03-0883d354e493:group-EA3F72DDB3CE:LeaderElection79: begin an election at term 1 for -1: [dba845b8-ea76-4e09-ab03-0883d354e493:192.168.36.79:39392], old=null
2019-09-20 04:49:14,253 | INFO  | SCMAudit | user=jenkins1000 | ip=192.168.36.79 | op=SEND_HEARTBEAT {datanodeUUID=8538cd65-7926-426b-8bad-fbd0f0550f9a, command=[]} | ret=SUCCESS |  
2019-09-20 04:49:14,253 [bd1a845e-f2ed-4713-9516-9ccc20139040:group-3C7298291CA1:LeaderElection78] INFO  impl.LeaderElection (LeaderElection.java:askForVotes(181)) - bd1a845e-f2ed-4713-9516-9ccc20139040:group-3C7298291CA1:LeaderElection78: begin an election at term 1 for -1: [bd1a845e-f2ed-4713-9516-9ccc20139040:192.168.36.79:45373], old=null
2019-09-20 04:49:14,253 | INFO  | SCMAudit | user=jenkins1000 | ip=192.168.36.79 | op=SEND_HEARTBEAT {datanodeUUID=f4e549ee-a6fa-4eb9-8541-129d0566fdf5, command=[]} | ret=SUCCESS |  
2019-09-20 04:49:14,253 [3c2a6bfe-f5c5-4e23-89b0-850dab17697d-SegmentedRaftLogWorker:Storage Directory /workdir/hadoop-ozone/integration-test/target/test-dir/MiniOzoneClusterImpl-cd85f641-6806-455e-b969-480e50aec385/datanode-4/data/ratis/58b379fe-66d5-400f-884d-fcc62b6230bc] INFO  impl.RaftServerImpl (RaftServerImpl.java:lambda$shutdown$3(245)) - 3c2a6bfe-f5c5-4e23-89b0-850dab17697d: shutdown group-FCC62B6230BC
2019-09-20 04:49:14,253 [IPC Server handler 19 on 46304] INFO  net.NetworkTopology (NetworkTopologyImpl.java:add(110)) - Added a new node: /default-rack/a9bc59c4-b792-48d5-9db2-4e71770477b1
2019-09-20 04:49:14,253 [bd1a845e-f2ed-4713-9516-9ccc20139040:group-3C7298291CA1:LeaderElection78] INFO  impl.RoleInfo (RoleInfo.java:shutdownLeaderElection(134)) - bd1a845e-f2ed-4713-9516-9ccc20139040: shutdown LeaderElection
2019-09-20 04:49:14,253 [dba845b8-ea76-4e09-ab03-0883d354e493:group-EA3F72DDB3CE:LeaderElection79] INFO  impl.RoleInfo (RoleInfo.java:shutdownLeaderElection(134)) - dba845b8-ea76-4e09-ab03-0883d354e493: shutdown LeaderElection
2019-09-20 04:49:14,253 [fdbc37f2-9e58-4bac-a5d5-a78839d012e9-SegmentedRaftLogWorker:Storage Directory /workdir/hadoop-ozone/integration-test/target/test-dir/MiniOzoneClusterImpl-cd85f641-6806-455e-b969-480e50aec385/datanode-3/data/ratis/1329c938-e6e1-47f0-a810-b90cb52c206a] INFO  impl.RaftServerImpl (RaftServerImpl.java:lambda$shutdown$3(245)) - fdbc37f2-9e58-4bac-a5d5-a78839d012e9: shutdown group-B90CB52C206A
2019-09-20 04:49:14,254 [dba845b8-ea76-4e09-ab03-0883d354e493:group-EA3F72DDB3CE:LeaderElection79] INFO  impl.RaftServerImpl (RaftServerImpl.java:setRole(171)) - dba845b8-ea76-4e09-ab03-0883d354e493:group-EA3F72DDB3CE changes role from CANDIDATE to LEADER at term 1 for changeToLeader
2019-09-20 04:49:14,254 [bd1a845e-f2ed-4713-9516-9ccc20139040:group-3C7298291CA1:LeaderElection78] INFO  impl.RaftServerImpl (RaftServerImpl.java:setRole(171)) - bd1a845e-f2ed-4713-9516-9ccc20139040:group-3C7298291CA1 changes role from CANDIDATE to LEADER at term 1 for changeToLeader
2019-09-20 04:49:14,254 [IPC Server handler 19 on 46304] INFO  node.SCMNodeManager (SCMNodeManager.java:register(273)) - Registered Data node : a9bc59c4-b792-48d5-9db2-4e71770477b1{ip: 192.168.36.79, host: pr-hdds-1569-s8kj2-2266485376, networkLocation: /default-rack, certSerialId: null}
2019-09-20 04:49:14,254 [3c2a6bfe-f5c5-4e23-89b0-850dab17697d-SegmentedRaftLogWorker:Storage Directory /workdir/hadoop-ozone/integration-test/target/test-dir/MiniOzoneClusterImpl-cd85f641-6806-455e-b969-480e50aec385/datanode-4/data/ratis/58b379fe-66d5-400f-884d-fcc62b6230bc] INFO  util.JmxRegister (JmxRegister.java:unregister(73)) - Successfully un-registered JMX Bean with object name Ratis:service=RaftServer,group=group-FCC62B6230BC,id=3c2a6bfe-f5c5-4e23-89b0-850dab17697d
2019-09-20 04:49:14,254 [bd1a845e-f2ed-4713-9516-9ccc20139040:group-3C7298291CA1:LeaderElection78] INFO  impl.RaftServerImpl (ServerState.java:setLeader(263)) - bd1a845e-f2ed-4713-9516-9ccc20139040:group-3C7298291CA1 change Leader from null to bd1a845e-f2ed-4713-9516-9ccc20139040 at term 1 for becomeLeader, leader elected after 11182ms
2019-09-20 04:49:14,254 | INFO  | SCMAudit | user=jenkins1000 | ip=192.168.36.79 | op=REGISTER {datanodeDetails=a9bc59c4-b792-48d5-9db2-4e71770477b1{ip: 192.168.36.79, host: pr-hdds-1569-s8kj2-2266485376, networkLocation: /default-rack, certSerialId: null}} | ret=SUCCESS |  
2019-09-20 04:49:14,254 [dba845b8-ea76-4e09-ab03-0883d354e493:group-EA3F72DDB3CE:LeaderElection79] INFO  impl.RaftServerImpl (ServerState.java:setLeader(263)) - dba845b8-ea76-4e09-ab03-0883d354e493:group-EA3F72DDB3CE change Leader from null to dba845b8-ea76-4e09-ab03-0883d354e493 at term 1 for becomeLeader, leader elected after 11115ms
2019-09-20 04:49:14,254 [fdbc37f2-9e58-4bac-a5d5-a78839d012e9-SegmentedRaftLogWorker:Storage Directory /workdir/hadoop-ozone/integration-test/target/test-dir/MiniOzoneClusterImpl-cd85f641-6806-455e-b969-480e50aec385/datanode-3/data/ratis/1329c938-e6e1-47f0-a810-b90cb52c206a] INFO  util.JmxRegister (JmxRegister.java:unregister(73)) - Successfully un-registered JMX Bean with object name Ratis:service=RaftServer,group=group-B90CB52C206A,id=fdbc37f2-9e58-4bac-a5d5-a78839d012e9
2019-09-20 04:49:14,255 [dba845b8-ea76-4e09-ab03-0883d354e493:group-EA3F72DDB3CE:LeaderElection79] INFO  server.RaftServerConfigKeys (ConfUtils.java:logGet(43)) - raft.server.staging.catchup.gap = 1000 (default)
2019-09-20 04:49:14,254 [bd1a845e-f2ed-4713-9516-9ccc20139040:group-3C7298291CA1:LeaderElection78] INFO  server.RaftServerConfigKeys (ConfUtils.java:logGet(43)) - raft.server.staging.catchup.gap = 1000 (default)
2019-09-20 04:49:14,254 [3c2a6bfe-f5c5-4e23-89b0-850dab17697d-SegmentedRaftLogWorker:Storage Directory /workdir/hadoop-ozone/integration-test/target/test-dir/MiniOzoneClusterImpl-cd85f641-6806-455e-b969-480e50aec385/datanode-4/data/ratis/58b379fe-66d5-400f-884d-fcc62b6230bc] INFO  impl.RoleInfo (RoleInfo.java:shutdownLeaderState(104)) - 3c2a6bfe-f5c5-4e23-89b0-850dab17697d: shutdown LeaderState
2019-09-20 04:49:14,255 [bd1a845e-f2ed-4713-9516-9ccc20139040:group-3C7298291CA1:LeaderElection78] INFO  server.RaftServerConfigKeys (ConfUtils.java:logGet(43)) - raft.server.rpc.sleep.time = 25ms (default)
2019-09-20 04:49:14,255 [dba845b8-ea76-4e09-ab03-0883d354e493:group-EA3F72DDB3CE:LeaderElection79] INFO  server.RaftServerConfigKeys (ConfUtils.java:logGet(43)) - raft.server.rpc.sleep.time = 25ms (default)
2019-09-20 04:49:14,255 [fdbc37f2-9e58-4bac-a5d5-a78839d012e9-SegmentedRaftLogWorker:Storage Directory /workdir/hadoop-ozone/integration-test/target/test-dir/MiniOzoneClusterImpl-cd85f641-6806-455e-b969-480e50aec385/datanode-3/data/ratis/1329c938-e6e1-47f0-a810-b90cb52c206a] INFO  impl.RoleInfo (RoleInfo.java:shutdownLeaderState(104)) - fdbc37f2-9e58-4bac-a5d5-a78839d012e9: shutdown LeaderState
2019-09-20 04:49:14,255 [dba845b8-ea76-4e09-ab03-0883d354e493:group-EA3F72DDB3CE:LeaderElection79] INFO  server.RaftServerConfigKeys (ConfUtils.java:logGet(43)) - raft.server.write.element-limit = 4096 (default)
2019-09-20 04:49:14,255 [bd1a845e-f2ed-4713-9516-9ccc20139040:group-3C7298291CA1:LeaderElection78] INFO  server.RaftServerConfigKeys (ConfUtils.java:logGet(43)) - raft.server.write.element-limit = 4096 (default)
2019-09-20 04:49:14,255 [3c2a6bfe-f5c5-4e23-89b0-850dab17697d-SegmentedRaftLogWorker:Storage Directory /workdir/hadoop-ozone/integration-test/target/test-dir/MiniOzoneClusterImpl-cd85f641-6806-455e-b969-480e50aec385/datanode-4/data/ratis/58b379fe-66d5-400f-884d-fcc62b6230bc] INFO  impl.PendingRequests (PendingRequests.java:sendNotLeaderResponses(202)) - 3c2a6bfe-f5c5-4e23-89b0-850dab17697d-PendingRequests: sendNotLeaderResponses
2019-09-20 04:49:14,256 [bd1a845e-f2ed-4713-9516-9ccc20139040:group-3C7298291CA1:LeaderElection78] INFO  server.RaftServerConfigKeys (ConfUtils.java:logGet(43)) - raft.server.watch.timeout = 10s (default)
2019-09-20 04:49:14,256 [dba845b8-ea76-4e09-ab03-0883d354e493:group-EA3F72DDB3CE:LeaderElection79] INFO  server.RaftServerConfigKeys (ConfUtils.java:logGet(43)) - raft.server.watch.timeout = 10s (default)
2019-09-20 04:49:14,256 [fdbc37f2-9e58-4bac-a5d5-a78839d012e9-SegmentedRaftLogWorker:Storage Directory /workdir/hadoop-ozone/integration-test/target/test-dir/MiniOzoneClusterImpl-cd85f641-6806-455e-b969-480e50aec385/datanode-3/data/ratis/1329c938-e6e1-47f0-a810-b90cb52c206a] INFO  impl.PendingRequests (PendingRequests.java:sendNotLeaderResponses(202)) - fdbc37f2-9e58-4bac-a5d5-a78839d012e9-PendingRequests: sendNotLeaderResponses
2019-09-20 04:49:14,256 [dba845b8-ea76-4e09-ab03-0883d354e493:group-EA3F72DDB3CE:LeaderElection79] INFO  server.RaftServerConfigKeys (ConfUtils.java:logGet(43)) - raft.server.watch.timeout.denomination = 1s (default)
2019-09-20 04:49:14,256 [bd1a845e-f2ed-4713-9516-9ccc20139040:group-3C7298291CA1:LeaderElection78] INFO  server.RaftServerConfigKeys (ConfUtils.java:logGet(43)) - raft.server.watch.timeout.denomination = 1s (default)
2019-09-20 04:49:14,256 [3c2a6bfe-f5c5-4e23-89b0-850dab17697d-SegmentedRaftLogWorker:Storage Directory /workdir/hadoop-ozone/integration-test/target/test-dir/MiniOzoneClusterImpl-cd85f641-6806-455e-b969-480e50aec385/datanode-4/data/ratis/58b379fe-66d5-400f-884d-fcc62b6230bc] INFO  impl.StateMachineUpdater (StateMachineUpdater.java:stopAndJoin(115)) - StateMachineUpdater:3c2a6bfe-f5c5-4e23-89b0-850dab17697d:group-FCC62B6230BC: set stopIndex = -1
2019-09-20 04:49:14,257 [bd1a845e-f2ed-4713-9516-9ccc20139040:group-3C7298291CA1:LeaderElection78] INFO  server.RaftServerConfigKeys (ConfUtils.java:logGet(43)) - raft.server.watch.element-limit = 65536 (default)
2019-09-20 04:49:14,256 [dba845b8-ea76-4e09-ab03-0883d354e493:group-EA3F72DDB3CE:LeaderElection79] INFO  server.RaftServerConfigKeys (ConfUtils.java:logGet(43)) - raft.server.watch.element-limit = 65536 (default)
2019-09-20 04:49:14,256 [fdbc37f2-9e58-4bac-a5d5-a78839d012e9-SegmentedRaftLogWorker:Storage Directory /workdir/hadoop-ozone/integration-test/target/test-dir/MiniOzoneClusterImpl-cd85f641-6806-455e-b969-480e50aec385/datanode-3/data/ratis/1329c938-e6e1-47f0-a810-b90cb52c206a] INFO  impl.StateMachineUpdater (StateMachineUpdater.java:stopAndJoin(115)) - StateMachineUpdater:fdbc37f2-9e58-4bac-a5d5-a78839d012e9:group-B90CB52C206A: set stopIndex = -1
2019-09-20 04:49:14,257 [fdbc37f2-9e58-4bac-a5d5-a78839d012e9-SegmentedRaftLogWorker:Storage Directory /workdir/hadoop-ozone/integration-test/target/test-dir/MiniOzoneClusterImpl-cd85f641-6806-455e-b969-480e50aec385/datanode-3/data/ratis/1329c938-e6e1-47f0-a810-b90cb52c206a] INFO  impl.RaftServerImpl (ServerState.java:close(394)) - fdbc37f2-9e58-4bac-a5d5-a78839d012e9:group-B90CB52C206A closes. The last applied log index is -1
2019-09-20 04:49:14,257 [dba845b8-ea76-4e09-ab03-0883d354e493:group-EA3F72DDB3CE:LeaderElection79] INFO  impl.RoleInfo (RoleInfo.java:updateAndGet(143)) - dba845b8-ea76-4e09-ab03-0883d354e493: start LeaderState
2019-09-20 04:49:14,257 [bd1a845e-f2ed-4713-9516-9ccc20139040:group-3C7298291CA1:LeaderElection78] INFO  impl.RoleInfo (RoleInfo.java:updateAndGet(143)) - bd1a845e-f2ed-4713-9516-9ccc20139040: start LeaderState
2019-09-20 04:49:14,257 [3c2a6bfe-f5c5-4e23-89b0-850dab17697d-SegmentedRaftLogWorker:Storage Directory /workdir/hadoop-ozone/integration-test/target/test-dir/MiniOzoneClusterImpl-cd85f641-6806-455e-b969-480e50aec385/datanode-4/data/ratis/58b379fe-66d5-400f-884d-fcc62b6230bc] INFO  impl.RaftServerImpl (ServerState.java:close(394)) - 3c2a6bfe-f5c5-4e23-89b0-850dab17697d:group-FCC62B6230BC closes. The last applied log index is -1
2019-09-20 04:49:14,257 [bd1a845e-f2ed-4713-9516-9ccc20139040:group-3C7298291CA1:LeaderElection78] INFO  segmented.SegmentedRaftLogWorker (SegmentedRaftLogWorker.java:startLogSegment(380)) - bd1a845e-f2ed-4713-9516-9ccc20139040-SegmentedRaftLogWorker:Storage Directory /workdir/hadoop-ozone/integration-test/target/test-dir/MiniOzoneClusterImpl-cd85f641-6806-455e-b969-480e50aec385/datanode-5/data/ratis/f8b856db-2b3c-4811-966c-3c7298291ca1: Starting segment from index:0
2019-09-20 04:49:14,257 [grpc-default-executor-0] INFO  impl.RaftServerProxy (RaftServerProxy.java:addNew(89)) - 0ad3f89e-804f-4845-89c5-5ff1a35a5dda: addNew group-FCAFDF7E9E51:[0ad3f89e-804f-4845-89c5-5ff1a35a5dda:192.168.36.79:34659] returns group-FCAFDF7E9E51:java.util.concurrent.CompletableFuture@7e3091b6[Not completed]
2019-09-20 04:49:14,257 [dba845b8-ea76-4e09-ab03-0883d354e493:group-EA3F72DDB3CE:LeaderElection79] INFO  segmented.SegmentedRaftLogWorker (SegmentedRaftLogWorker.java:startLogSegment(380)) - dba845b8-ea76-4e09-ab03-0883d354e493-SegmentedRaftLogWorker:Storage Directory /workdir/hadoop-ozone/integration-test/target/test-dir/MiniOzoneClusterImpl-cd85f641-6806-455e-b969-480e50aec385/datanode-6/data/ratis/f89a8d0e-569b-4e40-8a09-ea3f72ddb3ce: Starting segment from index:0
2019-09-20 04:49:14,257 [fdbc37f2-9e58-4bac-a5d5-a78839d012e9-SegmentedRaftLogWorker:Storage Directory /workdir/hadoop-ozone/integration-test/target/test-dir/MiniOzoneClusterImpl-cd85f641-6806-455e-b969-480e50aec385/datanode-3/data/ratis/1329c938-e6e1-47f0-a810-b90cb52c206a] INFO  segmented.SegmentedRaftLogWorker (SegmentedRaftLogWorker.java:close(228)) - fdbc37f2-9e58-4bac-a5d5-a78839d012e9-SegmentedRaftLogWorker:Storage Directory /workdir/hadoop-ozone/integration-test/target/test-dir/MiniOzoneClusterImpl-cd85f641-6806-455e-b969-480e50aec385/datanode-3/data/ratis/1329c938-e6e1-47f0-a810-b90cb52c206a close()
2019-09-20 04:49:14,543 [bd1a845e-f2ed-4713-9516-9ccc20139040:group-3C7298291CA1:LeaderElection78] INFO  impl.RaftServerImpl (ServerState.java:setRaftConf(361)) - bd1a845e-f2ed-4713-9516-9ccc20139040:group-3C7298291CA1 set configuration 0: [bd1a845e-f2ed-4713-9516-9ccc20139040:192.168.36.79:45373], old=null at 0
2019-09-20 04:49:14,537 [Thread-1072] INFO  impl.FollowerState (FollowerState.java:run(106)) - eb30d72f-c0a8-4ecb-bfee-9120a9a6cddf:group-13071E6999E3 changes to CANDIDATE, lastRpcTime:5250, electionTimeout:5163ms
2019-09-20 04:49:14,536 [dba845b8-ea76-4e09-ab03-0883d354e493-SegmentedRaftLogWorker:Storage Directory /workdir/hadoop-ozone/integration-test/target/test-dir/MiniOzoneClusterImpl-cd85f641-6806-455e-b969-480e50aec385/datanode-6/data/ratis/91e28771-7cd2-4955-aa84-b5c4591e30fb] ERROR segmented.SegmentedRaftLogWorker (SegmentedRaftLogWorker.java:run(323)) - dba845b8-ea76-4e09-ab03-0883d354e493-SegmentedRaftLogWorker:Storage Directory /workdir/hadoop-ozone/integration-test/target/test-dir/MiniOzoneClusterImpl-cd85f641-6806-455e-b969-480e50aec385/datanode-6/data/ratis/91e28771-7cd2-4955-aa84-b5c4591e30fb hit exception
java.lang.OutOfMemoryError: Direct buffer memory
	at java.nio.Bits.reserveMemory(Bits.java:666)
	at java.nio.DirectByteBuffer.<init>(DirectByteBuffer.java:123)
	at java.nio.ByteBuffer.allocateDirect(ByteBuffer.java:311)
	at org.apache.ratis.server.raftlog.segmented.BufferedWriteChannel.<init>(BufferedWriteChannel.java:41)
	at org.apache.ratis.server.raftlog.segmented.SegmentedRaftLogOutputStream.<init>(SegmentedRaftLogOutputStream.java:72)
	at org.apache.ratis.server.raftlog.segmented.SegmentedRaftLogWorker$StartLogSegment.execute(SegmentedRaftLogWorker.java:566)
	at org.apache.ratis.server.raftlog.segmented.SegmentedRaftLogWorker.run(SegmentedRaftLogWorker.java:289)
	at java.lang.Thread.run(Thread.java:748)
2019-09-20 04:49:14,536 [Thread-1082] INFO  impl.FollowerState (FollowerState.java:run(106)) - eb30d72f-c0a8-4ecb-bfee-9120a9a6cddf:group-56065ABA910B changes to CANDIDATE, lastRpcTime:5050, electionTimeout:5026ms
2019-09-20 04:49:14,258 [3c2a6bfe-f5c5-4e23-89b0-850dab17697d-SegmentedRaftLogWorker:Storage Directory /workdir/hadoop-ozone/integration-test/target/test-dir/MiniOzoneClusterImpl-cd85f641-6806-455e-b969-480e50aec385/datanode-4/data/ratis/58b379fe-66d5-400f-884d-fcc62b6230bc] INFO  segmented.SegmentedRaftLogWorker (SegmentedRaftLogWorker.java:close(228)) - 3c2a6bfe-f5c5-4e23-89b0-850dab17697d-SegmentedRaftLogWorker:Storage Directory /workdir/hadoop-ozone/integration-test/target/test-dir/MiniOzoneClusterImpl-cd85f641-6806-455e-b969-480e50aec385/datanode-4/data/ratis/58b379fe-66d5-400f-884d-fcc62b6230bc close()
2019-09-20 04:49:14,783 | INFO  | SCMAudit | user=jenkins1000 | ip=192.168.36.79 | op=SEND_HEARTBEAT {datanodeUUID=dba845b8-ea76-4e09-ab03-0883d354e493, command=[]} | ret=SUCCESS |  
2019-09-20 04:49:14,783 | INFO  | SCMAudit | user=jenkins1000 | ip=192.168.36.79 | op=SEND_HEARTBEAT {datanodeUUID=c4f6294c-eda3-4afd-81f7-e69ed14da69f, command=[]} | ret=SUCCESS |  
2019-09-20 04:49:14,783 | INFO  | SCMAudit | user=jenkins1000 | ip=192.168.36.79 | op=SEND_HEARTBEAT {datanodeUUID=eb30d72f-c0a8-4ecb-bfee-9120a9a6cddf, command=[]} | ret=SUCCESS |  
2019-09-20 04:49:14,783 [Thread-1082] INFO  impl.RoleInfo (RoleInfo.java:shutdownFollowerState(121)) - eb30d72f-c0a8-4ecb-bfee-9120a9a6cddf: shutdown FollowerState
2019-09-20 04:49:14,783 [dba845b8-ea76-4e09-ab03-0883d354e493-SegmentedRaftLogWorker:Storage Directory /workdir/hadoop-ozone/integration-test/target/test-dir/MiniOzoneClusterImpl-cd85f641-6806-455e-b969-480e50aec385/datanode-6/data/ratis/91e28771-7cd2-4955-aa84-b5c4591e30fb] INFO  impl.RaftServerImpl (RaftServerImpl.java:lambda$shutdown$3(245)) - dba845b8-ea76-4e09-ab03-0883d354e493: shutdown group-B5C4591E30FB
2019-09-20 04:49:14,783 [pool-262-thread-1] INFO  impl.RaftServerImpl (RaftServerImpl.java:<init>(93)) - 0ad3f89e-804f-4845-89c5-5ff1a35a5dda: new RaftServerImpl for group-FCAFDF7E9E51:[0ad3f89e-804f-4845-89c5-5ff1a35a5dda:192.168.36.79:34659] with ContainerStateMachine:uninitialized
2019-09-20 04:49:14,544 [dba845b8-ea76-4e09-ab03-0883d354e493:group-EA3F72DDB3CE:LeaderElection79] INFO  impl.RaftServerImpl (ServerState.java:setRaftConf(361)) - dba845b8-ea76-4e09-ab03-0883d354e493:group-EA3F72DDB3CE set configuration 0: [dba845b8-ea76-4e09-ab03-0883d354e493:192.168.36.79:39392], old=null at 0
2019-09-20 04:49:14,782 [Thread-1077] INFO  impl.FollowerState (FollowerState.java:run(106)) - eb30d72f-c0a8-4ecb-bfee-9120a9a6cddf:group-F55D25781E97 changes to CANDIDATE, lastRpcTime:5353, electionTimeout:5128ms
2019-09-20 04:49:14,794 [Thread-1077] INFO  impl.RoleInfo (RoleInfo.java:shutdownFollowerState(121)) - eb30d72f-c0a8-4ecb-bfee-9120a9a6cddf: shutdown FollowerState
2019-09-20 04:49:14,782 [Thread-1096] INFO  impl.FollowerState (FollowerState.java:run(106)) - eb30d72f-c0a8-4ecb-bfee-9120a9a6cddf:group-FCE453CDE994 changes to CANDIDATE, lastRpcTime:5235, electionTimeout:5129ms
2019-09-20 04:49:14,782 [Thread-1099] INFO  impl.FollowerState (FollowerState.java:run(106)) - eb30d72f-c0a8-4ecb-bfee-9120a9a6cddf:group-454778ADBE45 changes to CANDIDATE, lastRpcTime:5168, electionTimeout:5080ms
2019-09-20 04:49:14,794 [Thread-1099] INFO  impl.RoleInfo (RoleInfo.java:shutdownFollowerState(121)) - eb30d72f-c0a8-4ecb-bfee-9120a9a6cddf: shutdown FollowerState
2019-09-20 04:49:14,544 [Thread-1072] INFO  impl.RoleInfo (RoleInfo.java:shutdownFollowerState(121)) - eb30d72f-c0a8-4ecb-bfee-9120a9a6cddf: shutdown FollowerState
2019-09-20 04:49:14,794 [Thread-1099] INFO  impl.RaftServerImpl (RaftServerImpl.java:setRole(171)) - eb30d72f-c0a8-4ecb-bfee-9120a9a6cddf:group-454778ADBE45 changes role from FOLLOWER to CANDIDATE at term 0 for changeToCandidate
2019-09-20 04:49:14,794 [Thread-1096] INFO  impl.RoleInfo (RoleInfo.java:shutdownFollowerState(121)) - eb30d72f-c0a8-4ecb-bfee-9120a9a6cddf: shutdown FollowerState
2019-09-20 04:49:14,794 [Thread-1077] INFO  impl.RaftServerImpl (RaftServerImpl.java:setRole(171)) - eb30d72f-c0a8-4ecb-bfee-9120a9a6cddf:group-F55D25781E97 changes role from FOLLOWER to CANDIDATE at term 0 for changeToCandidate
2019-09-20 04:49:14,793 [pool-262-thread-1] INFO  server.RaftServerConfigKeys (ConfUtils.java:logGet(43)) - raft.server.rpc.timeout.min = 5s (custom)
2019-09-20 04:49:14,793 [dba845b8-ea76-4e09-ab03-0883d354e493-SegmentedRaftLogWorker:Storage Directory /workdir/hadoop-ozone/integration-test/target/test-dir/MiniOzoneClusterImpl-cd85f641-6806-455e-b969-480e50aec385/datanode-6/data/ratis/91e28771-7cd2-4955-aa84-b5c4591e30fb] INFO  util.JmxRegister (JmxRegister.java:unregister(73)) - Successfully un-registered JMX Bean with object name Ratis:service=RaftServer,group=group-B5C4591E30FB,id=dba845b8-ea76-4e09-ab03-0883d354e493
2019-09-20 04:49:14,793 [Thread-1082] INFO  impl.RaftServerImpl (RaftServerImpl.java:setRole(171)) - eb30d72f-c0a8-4ecb-bfee-9120a9a6cddf:group-56065ABA910B changes role from FOLLOWER to CANDIDATE at term 0 for changeToCandidate
2019-09-20 04:49:14,795 [pool-262-thread-1] INFO  server.RaftServerConfigKeys (ConfUtils.java:logGet(43)) - raft.server.rpc.timeout.max = 5200ms (custom)
2019-09-20 04:49:14,795 [dba845b8-ea76-4e09-ab03-0883d354e493-SegmentedRaftLogWorker:Storage Directory /workdir/hadoop-ozone/integration-test/target/test-dir/MiniOzoneClusterImpl-cd85f641-6806-455e-b969-480e50aec385/datanode-6/data/ratis/91e28771-7cd2-4955-aa84-b5c4591e30fb] INFO  impl.RoleInfo (RoleInfo.java:shutdownLeaderState(104)) - dba845b8-ea76-4e09-ab03-0883d354e493: shutdown LeaderState
2019-09-20 04:49:14,794 [Thread-1077] INFO  impl.RoleInfo (RoleInfo.java:updateAndGet(143)) - eb30d72f-c0a8-4ecb-bfee-9120a9a6cddf: start LeaderElection
2019-09-20 04:49:14,794 [Thread-1096] INFO  impl.RaftServerImpl (RaftServerImpl.java:setRole(171)) - eb30d72f-c0a8-4ecb-bfee-9120a9a6cddf:group-FCE453CDE994 changes role from FOLLOWER to CANDIDATE at term 0 for changeToCandidate
2019-09-20 04:49:14,794 [Thread-1099] INFO  impl.RoleInfo (RoleInfo.java:updateAndGet(143)) - eb30d72f-c0a8-4ecb-bfee-9120a9a6cddf: start LeaderElection
2019-09-20 04:49:14,794 [Thread-1072] INFO  impl.RaftServerImpl (RaftServerImpl.java:setRole(171)) - eb30d72f-c0a8-4ecb-bfee-9120a9a6cddf:group-13071E6999E3 changes role from FOLLOWER to CANDIDATE at term 0 for changeToCandidate
2019-09-20 04:49:14,795 [pool-262-thread-1] INFO  server.RaftServerConfigKeys (ConfUtils.java:logGet(43)) - raft.server.rpcslowness.timeout = 120s (custom)
2019-09-20 04:49:14,795 [dba845b8-ea76-4e09-ab03-0883d354e493-SegmentedRaftLogWorker:Storage Directory /workdir/hadoop-ozone/integration-test/target/test-dir/MiniOzoneClusterImpl-cd85f641-6806-455e-b969-480e50aec385/datanode-6/data/ratis/91e28771-7cd2-4955-aa84-b5c4591e30fb] INFO  impl.PendingRequests (PendingRequests.java:sendNotLeaderResponses(202)) - dba845b8-ea76-4e09-ab03-0883d354e493-PendingRequests: sendNotLeaderResponses
2019-09-20 04:49:14,795 [Thread-1082] INFO  impl.RoleInfo (RoleInfo.java:updateAndGet(143)) - eb30d72f-c0a8-4ecb-bfee-9120a9a6cddf: start LeaderElection
2019-09-20 04:49:14,796 [dba845b8-ea76-4e09-ab03-0883d354e493-SegmentedRaftLogWorker:Storage Directory /workdir/hadoop-ozone/integration-test/target/test-dir/MiniOzoneClusterImpl-cd85f641-6806-455e-b969-480e50aec385/datanode-6/data/ratis/91e28771-7cd2-4955-aa84-b5c4591e30fb] INFO  impl.StateMachineUpdater (StateMachineUpdater.java:stopAndJoin(115)) - StateMachineUpdater:dba845b8-ea76-4e09-ab03-0883d354e493:group-B5C4591E30FB: set stopIndex = -1
2019-09-20 04:49:14,796 [pool-262-thread-1] INFO  server.RaftServerConfigKeys (ConfUtils.java:logGet(43)) - raft.server.sleep.deviation.threshold = 300 (default)
2019-09-20 04:49:14,796 [dba845b8-ea76-4e09-ab03-0883d354e493-SegmentedRaftLogWorker:Storage Directory /workdir/hadoop-ozone/integration-test/target/test-dir/MiniOzoneClusterImpl-cd85f641-6806-455e-b969-480e50aec385/datanode-6/data/ratis/91e28771-7cd2-4955-aa84-b5c4591e30fb] INFO  impl.RaftServerImpl (ServerState.java:close(394)) - dba845b8-ea76-4e09-ab03-0883d354e493:group-B5C4591E30FB closes. The last applied log index is -1
2019-09-20 04:49:14,796 [pool-262-thread-1] INFO  server.RaftServerConfigKeys (ConfUtils.java:logGet(43)) - raft.server.log.appender.install.snapshot.enabled = false (custom)
2019-09-20 04:49:14,796 [dba845b8-ea76-4e09-ab03-0883d354e493-SegmentedRaftLogWorker:Storage Directory /workdir/hadoop-ozone/integration-test/target/test-dir/MiniOzoneClusterImpl-cd85f641-6806-455e-b969-480e50aec385/datanode-6/data/ratis/91e28771-7cd2-4955-aa84-b5c4591e30fb] INFO  segmented.SegmentedRaftLogWorker (SegmentedRaftLogWorker.java:close(228)) - dba845b8-ea76-4e09-ab03-0883d354e493-SegmentedRaftLogWorker:Storage Directory /workdir/hadoop-ozone/integration-test/target/test-dir/MiniOzoneClusterImpl-cd85f641-6806-455e-b969-480e50aec385/datanode-6/data/ratis/91e28771-7cd2-4955-aa84-b5c4591e30fb close()
2019-09-20 04:49:14,796 [pool-262-thread-1] INFO  impl.RaftServerImpl (ServerState.java:<init>(105)) - 0ad3f89e-804f-4845-89c5-5ff1a35a5dda:group-FCAFDF7E9E51 ConfigurationManager, init=-1: [0ad3f89e-804f-4845-89c5-5ff1a35a5dda:192.168.36.79:34659], old=null, confs=<EMPTY_MAP>
2019-09-20 04:49:14,797 [pool-262-thread-1] INFO  server.RaftServerConfigKeys (ConfUtils.java:logGet(43)) - raft.server.storage.dir = [/workdir/hadoop-ozone/integration-test/target/test-dir/MiniOzoneClusterImpl-bb3956c2-c4d1-403a-b406-f8ec73b3905b/datanode-4/data/ratis] (custom)
2019-09-20 04:49:14,797 [pool-262-thread-1] INFO  storage.RaftStorageDirectory (RaftStorageDirectory.java:analyzeStorage(246)) - The storage directory /workdir/hadoop-ozone/integration-test/target/test-dir/MiniOzoneClusterImpl-bb3956c2-c4d1-403a-b406-f8ec73b3905b/datanode-4/data/ratis/6019d495-f64c-42a1-a79e-fcafdf7e9e51 does not exist. Creating ...
2019-09-20 04:49:14,810 [Thread-1072] INFO  impl.RoleInfo (RoleInfo.java:updateAndGet(143)) - eb30d72f-c0a8-4ecb-bfee-9120a9a6cddf: start LeaderElection
2019-09-20 04:49:14,810 [Thread-1096] INFO  impl.RoleInfo (RoleInfo.java:updateAndGet(143)) - eb30d72f-c0a8-4ecb-bfee-9120a9a6cddf: start LeaderElection
2019-09-20 04:49:14,819 [pool-262-thread-1] INFO  storage.RaftStorageDirectory (RaftStorageDirectory.java:tryLock(328)) - Lock on /workdir/hadoop-ozone/integration-test/target/test-dir/MiniOzoneClusterImpl-bb3956c2-c4d1-403a-b406-f8ec73b3905b/datanode-4/data/ratis/6019d495-f64c-42a1-a79e-fcafdf7e9e51/in_use.lock acquired by nodename 9457@pr-hdds-1569-s8kj2-2266485376
2019-09-20 04:49:14,829 [Thread-1102] INFO  impl.FollowerState (FollowerState.java:run(106)) - eb30d72f-c0a8-4ecb-bfee-9120a9a6cddf:group-6C272A5B19D4 changes to CANDIDATE, lastRpcTime:5147, electionTimeout:5147ms
2019-09-20 04:49:14,829 [Thread-1102] INFO  impl.RoleInfo (RoleInfo.java:shutdownFollowerState(121)) - eb30d72f-c0a8-4ecb-bfee-9120a9a6cddf: shutdown FollowerState
2019-09-20 04:49:14,829 [Thread-1102] INFO  impl.RaftServerImpl (RaftServerImpl.java:setRole(171)) - eb30d72f-c0a8-4ecb-bfee-9120a9a6cddf:group-6C272A5B19D4 changes role from FOLLOWER to CANDIDATE at term 0 for changeToCandidate
2019-09-20 04:49:14,829 [Thread-1102] INFO  impl.RoleInfo (RoleInfo.java:updateAndGet(143)) - eb30d72f-c0a8-4ecb-bfee-9120a9a6cddf: start LeaderElection
2019-09-20 04:49:14,845 [eb30d72f-c0a8-4ecb-bfee-9120a9a6cddf:group-F55D25781E97:LeaderElection81] INFO  impl.LeaderElection (LeaderElection.java:askForVotes(181)) - eb30d72f-c0a8-4ecb-bfee-9120a9a6cddf:group-F55D25781E97:LeaderElection81: begin an election at term 1 for -1: [eb30d72f-c0a8-4ecb-bfee-9120a9a6cddf:192.168.36.79:41740], old=null
2019-09-20 04:49:14,845 [eb30d72f-c0a8-4ecb-bfee-9120a9a6cddf:group-454778ADBE45:LeaderElection80] INFO  impl.LeaderElection (LeaderElection.java:askForVotes(181)) - eb30d72f-c0a8-4ecb-bfee-9120a9a6cddf:group-454778ADBE45:LeaderElection80: begin an election at term 1 for -1: [eb30d72f-c0a8-4ecb-bfee-9120a9a6cddf:192.168.36.79:41740], old=null
2019-09-20 04:49:14,845 [eb30d72f-c0a8-4ecb-bfee-9120a9a6cddf:group-F55D25781E97:LeaderElection81] INFO  impl.RoleInfo (RoleInfo.java:shutdownLeaderElection(134)) - eb30d72f-c0a8-4ecb-bfee-9120a9a6cddf: shutdown LeaderElection
2019-09-20 04:49:14,845 [eb30d72f-c0a8-4ecb-bfee-9120a9a6cddf:group-13071E6999E3:LeaderElection84] INFO  impl.LeaderElection (LeaderElection.java:askForVotes(181)) - eb30d72f-c0a8-4ecb-bfee-9120a9a6cddf:group-13071E6999E3:LeaderElection84: begin an election at term 1 for -1: [eb30d72f-c0a8-4ecb-bfee-9120a9a6cddf:192.168.36.79:41740], old=null
2019-09-20 04:49:14,845 [eb30d72f-c0a8-4ecb-bfee-9120a9a6cddf:group-56065ABA910B:LeaderElection82] INFO  impl.LeaderElection (LeaderElection.java:askForVotes(181)) - eb30d72f-c0a8-4ecb-bfee-9120a9a6cddf:group-56065ABA910B:LeaderElection82: begin an election at term 1 for -1: [eb30d72f-c0a8-4ecb-bfee-9120a9a6cddf:192.168.36.79:41740], old=null
2019-09-20 04:49:14,845 [eb30d72f-c0a8-4ecb-bfee-9120a9a6cddf:group-FCE453CDE994:LeaderElection83] INFO  impl.LeaderElection (LeaderElection.java:askForVotes(181)) - eb30d72f-c0a8-4ecb-bfee-9120a9a6cddf:group-FCE453CDE994:LeaderElection83: begin an election at term 1 for -1: [eb30d72f-c0a8-4ecb-bfee-9120a9a6cddf:192.168.36.79:41740], old=null
2019-09-20 04:49:14,846 [eb30d72f-c0a8-4ecb-bfee-9120a9a6cddf:group-56065ABA910B:LeaderElection82] INFO  impl.RoleInfo (RoleInfo.java:shutdownLeaderElection(134)) - eb30d72f-c0a8-4ecb-bfee-9120a9a6cddf: shutdown LeaderElection
2019-09-20 04:49:14,845 [eb30d72f-c0a8-4ecb-bfee-9120a9a6cddf:group-13071E6999E3:LeaderElection84] INFO  impl.RoleInfo (RoleInfo.java:shutdownLeaderElection(134)) - eb30d72f-c0a8-4ecb-bfee-9120a9a6cddf: shutdown LeaderElection
2019-09-20 04:49:14,845 [eb30d72f-c0a8-4ecb-bfee-9120a9a6cddf:group-F55D25781E97:LeaderElection81] INFO  impl.RaftServerImpl (RaftServerImpl.java:setRole(171)) - eb30d72f-c0a8-4ecb-bfee-9120a9a6cddf:group-F55D25781E97 changes role from CANDIDATE to LEADER at term 1 for changeToLeader
2019-09-20 04:49:14,845 [eb30d72f-c0a8-4ecb-bfee-9120a9a6cddf:group-454778ADBE45:LeaderElection80] INFO  impl.RoleInfo (RoleInfo.java:shutdownLeaderElection(134)) - eb30d72f-c0a8-4ecb-bfee-9120a9a6cddf: shutdown LeaderElection
2019-09-20 04:49:14,846 [eb30d72f-c0a8-4ecb-bfee-9120a9a6cddf:group-F55D25781E97:LeaderElection81] INFO  impl.RaftServerImpl (ServerState.java:setLeader(263)) - eb30d72f-c0a8-4ecb-bfee-9120a9a6cddf:group-F55D25781E97 change Leader from null to eb30d72f-c0a8-4ecb-bfee-9120a9a6cddf at term 1 for becomeLeader, leader elected after 5502ms
2019-09-20 04:49:14,846 [eb30d72f-c0a8-4ecb-bfee-9120a9a6cddf:group-13071E6999E3:LeaderElection84] INFO  impl.RaftServerImpl (RaftServerImpl.java:setRole(171)) - eb30d72f-c0a8-4ecb-bfee-9120a9a6cddf:group-13071E6999E3 changes role from CANDIDATE to LEADER at term 1 for changeToLeader
2019-09-20 04:49:14,846 [eb30d72f-c0a8-4ecb-bfee-9120a9a6cddf:group-56065ABA910B:LeaderElection82] INFO  impl.RaftServerImpl (RaftServerImpl.java:setRole(171)) - eb30d72f-c0a8-4ecb-bfee-9120a9a6cddf:group-56065ABA910B changes role from CANDIDATE to LEADER at term 1 for changeToLeader
2019-09-20 04:49:14,846 [eb30d72f-c0a8-4ecb-bfee-9120a9a6cddf:group-56065ABA910B:LeaderElection82] INFO  impl.RaftServerImpl (ServerState.java:setLeader(263)) - eb30d72f-c0a8-4ecb-bfee-9120a9a6cddf:group-56065ABA910B change Leader from null to eb30d72f-c0a8-4ecb-bfee-9120a9a6cddf at term 1 for becomeLeader, leader elected after 5365ms
2019-09-20 04:49:14,846 [eb30d72f-c0a8-4ecb-bfee-9120a9a6cddf:group-FCE453CDE994:LeaderElection83] INFO  impl.RoleInfo (RoleInfo.java:shutdownLeaderElection(134)) - eb30d72f-c0a8-4ecb-bfee-9120a9a6cddf: shutdown LeaderElection
2019-09-20 04:49:14,846 [eb30d72f-c0a8-4ecb-bfee-9120a9a6cddf:group-56065ABA910B:LeaderElection82] INFO  server.RaftServerConfigKeys (ConfUtils.java:logGet(43)) - raft.server.staging.catchup.gap = 1000 (default)
2019-09-20 04:49:14,846 [eb30d72f-c0a8-4ecb-bfee-9120a9a6cddf:group-13071E6999E3:LeaderElection84] INFO  impl.RaftServerImpl (ServerState.java:setLeader(263)) - eb30d72f-c0a8-4ecb-bfee-9120a9a6cddf:group-13071E6999E3 change Leader from null to eb30d72f-c0a8-4ecb-bfee-9120a9a6cddf at term 1 for becomeLeader, leader elected after 5562ms
2019-09-20 04:49:14,846 [eb30d72f-c0a8-4ecb-bfee-9120a9a6cddf:group-F55D25781E97:LeaderElection81] INFO  server.RaftServerConfigKeys (ConfUtils.java:logGet(43)) - raft.server.staging.catchup.gap = 1000 (default)
2019-09-20 04:49:14,846 [eb30d72f-c0a8-4ecb-bfee-9120a9a6cddf:group-454778ADBE45:LeaderElection80] INFO  impl.RaftServerImpl (RaftServerImpl.java:setRole(171)) - eb30d72f-c0a8-4ecb-bfee-9120a9a6cddf:group-454778ADBE45 changes role from CANDIDATE to LEADER at term 1 for changeToLeader
2019-09-20 04:49:14,847 [eb30d72f-c0a8-4ecb-bfee-9120a9a6cddf:group-F55D25781E97:LeaderElection81] INFO  server.RaftServerConfigKeys (ConfUtils.java:logGet(43)) - raft.server.rpc.sleep.time = 25ms (default)
2019-09-20 04:49:14,847 [eb30d72f-c0a8-4ecb-bfee-9120a9a6cddf:group-13071E6999E3:LeaderElection84] INFO  server.RaftServerConfigKeys (ConfUtils.java:logGet(43)) - raft.server.staging.catchup.gap = 1000 (default)
2019-09-20 04:49:14,846 [eb30d72f-c0a8-4ecb-bfee-9120a9a6cddf:group-56065ABA910B:LeaderElection82] INFO  server.RaftServerConfigKeys (ConfUtils.java:logGet(43)) - raft.server.rpc.sleep.time = 25ms (default)
2019-09-20 04:49:14,846 [eb30d72f-c0a8-4ecb-bfee-9120a9a6cddf:group-FCE453CDE994:LeaderElection83] INFO  impl.RaftServerImpl (RaftServerImpl.java:setRole(171)) - eb30d72f-c0a8-4ecb-bfee-9120a9a6cddf:group-FCE453CDE994 changes role from CANDIDATE to LEADER at term 1 for changeToLeader
2019-09-20 04:49:14,847 [eb30d72f-c0a8-4ecb-bfee-9120a9a6cddf:group-56065ABA910B:LeaderElection82] INFO  server.RaftServerConfigKeys (ConfUtils.java:logGet(43)) - raft.server.write.element-limit = 4096 (default)
2019-09-20 04:49:14,847 [eb30d72f-c0a8-4ecb-bfee-9120a9a6cddf:group-13071E6999E3:LeaderElection84] INFO  server.RaftServerConfigKeys (ConfUtils.java:logGet(43)) - raft.server.rpc.sleep.time = 25ms (default)
2019-09-20 04:49:14,847 [eb30d72f-c0a8-4ecb-bfee-9120a9a6cddf:group-F55D25781E97:LeaderElection81] INFO  server.RaftServerConfigKeys (ConfUtils.java:logGet(43)) - raft.server.write.element-limit = 4096 (default)
2019-09-20 04:49:14,847 [eb30d72f-c0a8-4ecb-bfee-9120a9a6cddf:group-454778ADBE45:LeaderElection80] INFO  impl.RaftServerImpl (ServerState.java:setLeader(263)) - eb30d72f-c0a8-4ecb-bfee-9120a9a6cddf:group-454778ADBE45 change Leader from null to eb30d72f-c0a8-4ecb-bfee-9120a9a6cddf at term 1 for becomeLeader, leader elected after 5237ms
2019-09-20 04:49:14,847 [eb30d72f-c0a8-4ecb-bfee-9120a9a6cddf:group-F55D25781E97:LeaderElection81] INFO  server.RaftServerConfigKeys (ConfUtils.java:logGet(43)) - raft.server.watch.timeout = 10s (default)
2019-09-20 04:49:14,847 [eb30d72f-c0a8-4ecb-bfee-9120a9a6cddf:group-13071E6999E3:LeaderElection84] INFO  server.RaftServerConfigKeys (ConfUtils.java:logGet(43)) - raft.server.write.element-limit = 4096 (default)
2019-09-20 04:49:14,847 [eb30d72f-c0a8-4ecb-bfee-9120a9a6cddf:group-56065ABA910B:LeaderElection82] INFO  server.RaftServerConfigKeys (ConfUtils.java:logGet(43)) - raft.server.watch.timeout = 10s (default)
2019-09-20 04:49:14,848 [eb30d72f-c0a8-4ecb-bfee-9120a9a6cddf:group-56065ABA910B:LeaderElection82] INFO  server.RaftServerConfigKeys (ConfUtils.java:logGet(43)) - raft.server.watch.timeout.denomination = 1s (default)
2019-09-20 04:49:14,847 [eb30d72f-c0a8-4ecb-bfee-9120a9a6cddf:group-FCE453CDE994:LeaderElection83] INFO  impl.RaftServerImpl (ServerState.java:setLeader(263)) - eb30d72f-c0a8-4ecb-bfee-9120a9a6cddf:group-FCE453CDE994 change Leader from null to eb30d72f-c0a8-4ecb-bfee-9120a9a6cddf at term 1 for becomeLeader, leader elected after 5304ms
2019-09-20 04:49:14,848 [eb30d72f-c0a8-4ecb-bfee-9120a9a6cddf:group-56065ABA910B:LeaderElection82] INFO  server.RaftServerConfigKeys (ConfUtils.java:logGet(43)) - raft.server.watch.element-limit = 65536 (default)
2019-09-20 04:49:14,848 [eb30d72f-c0a8-4ecb-bfee-9120a9a6cddf:group-13071E6999E3:LeaderElection84] INFO  server.RaftServerConfigKeys (ConfUtils.java:logGet(43)) - raft.server.watch.timeout = 10s (default)
2019-09-20 04:49:14,848 [eb30d72f-c0a8-4ecb-bfee-9120a9a6cddf:group-F55D25781E97:LeaderElection81] INFO  server.RaftServerConfigKeys (ConfUtils.java:logGet(43)) - raft.server.watch.timeout.denomination = 1s (default)
2019-09-20 04:49:14,847 [eb30d72f-c0a8-4ecb-bfee-9120a9a6cddf:group-454778ADBE45:LeaderElection80] INFO  server.RaftServerConfigKeys (ConfUtils.java:logGet(43)) - raft.server.staging.catchup.gap = 1000 (default)
2019-09-20 04:49:14,848 [eb30d72f-c0a8-4ecb-bfee-9120a9a6cddf:group-F55D25781E97:LeaderElection81] INFO  server.RaftServerConfigKeys (ConfUtils.java:logGet(43)) - raft.server.watch.element-limit = 65536 (default)
2019-09-20 04:49:14,848 [eb30d72f-c0a8-4ecb-bfee-9120a9a6cddf:group-13071E6999E3:LeaderElection84] INFO  server.RaftServerConfigKeys (ConfUtils.java:logGet(43)) - raft.server.watch.timeout.denomination = 1s (default)
2019-09-20 04:49:14,848 [eb30d72f-c0a8-4ecb-bfee-9120a9a6cddf:group-56065ABA910B:LeaderElection82] INFO  impl.RoleInfo (RoleInfo.java:updateAndGet(143)) - eb30d72f-c0a8-4ecb-bfee-9120a9a6cddf: start LeaderState
2019-09-20 04:49:14,848 [eb30d72f-c0a8-4ecb-bfee-9120a9a6cddf:group-FCE453CDE994:LeaderElection83] INFO  server.RaftServerConfigKeys (ConfUtils.java:logGet(43)) - raft.server.staging.catchup.gap = 1000 (default)
2019-09-20 04:49:14,848 [eb30d72f-c0a8-4ecb-bfee-9120a9a6cddf:group-13071E6999E3:LeaderElection84] INFO  server.RaftServerConfigKeys (ConfUtils.java:logGet(43)) - raft.server.watch.element-limit = 65536 (default)
2019-09-20 04:49:14,848 [eb30d72f-c0a8-4ecb-bfee-9120a9a6cddf:group-F55D25781E97:LeaderElection81] INFO  impl.RoleInfo (RoleInfo.java:updateAndGet(143)) - eb30d72f-c0a8-4ecb-bfee-9120a9a6cddf: start LeaderState
2019-09-20 04:49:14,848 [eb30d72f-c0a8-4ecb-bfee-9120a9a6cddf:group-454778ADBE45:LeaderElection80] INFO  server.RaftServerConfigKeys (ConfUtils.java:logGet(43)) - raft.server.rpc.sleep.time = 25ms (default)
2019-09-20 04:49:14,849 [eb30d72f-c0a8-4ecb-bfee-9120a9a6cddf:group-F55D25781E97:LeaderElection81] INFO  segmented.SegmentedRaftLogWorker (SegmentedRaftLogWorker.java:startLogSegment(380)) - eb30d72f-c0a8-4ecb-bfee-9120a9a6cddf-SegmentedRaftLogWorker:Storage Directory /workdir/hadoop-ozone/integration-test/target/test-dir/MiniOzoneClusterImpl-bb3956c2-c4d1-403a-b406-f8ec73b3905b/datanode-0/data/ratis/60ccd2a5-54cc-4ed3-9f21-f55d25781e97: Starting segment from index:0
2019-09-20 04:49:14,849 [eb30d72f-c0a8-4ecb-bfee-9120a9a6cddf:group-13071E6999E3:LeaderElection84] INFO  impl.RoleInfo (RoleInfo.java:updateAndGet(143)) - eb30d72f-c0a8-4ecb-bfee-9120a9a6cddf: start LeaderState
2019-09-20 04:49:14,849 [eb30d72f-c0a8-4ecb-bfee-9120a9a6cddf:group-56065ABA910B:LeaderElection82] INFO  segmented.SegmentedRaftLogWorker (SegmentedRaftLogWorker.java:startLogSegment(380)) - eb30d72f-c0a8-4ecb-bfee-9120a9a6cddf-SegmentedRaftLogWorker:Storage Directory /workdir/hadoop-ozone/integration-test/target/test-dir/MiniOzoneClusterImpl-bb3956c2-c4d1-403a-b406-f8ec73b3905b/datanode-0/data/ratis/41a5c070-d930-4254-8d2e-56065aba910b: Starting segment from index:0
2019-09-20 04:49:15,127 | INFO  | SCMAudit | user=jenkins1000 | ip=192.168.36.79 | op=SEND_HEARTBEAT {datanodeUUID=5ea19b84-5385-4ae9-8412-c4cfa929b172, command=[]} | ret=SUCCESS |  
2019-09-20 04:49:15,129 | INFO  | SCMAudit | user=jenkins1000 | ip=192.168.36.79 | op=SEND_HEARTBEAT {datanodeUUID=3c2a6bfe-f5c5-4e23-89b0-850dab17697d, command=[]} | ret=SUCCESS |  
2019-09-20 04:49:15,129 | INFO  | SCMAudit | user=jenkins1000 | ip=192.168.36.79 | op=SEND_HEARTBEAT {datanodeUUID=fdbc37f2-9e58-4bac-a5d5-a78839d012e9, command=[]} | ret=SUCCESS |  
2019-09-20 04:49:15,129 | INFO  | SCMAudit | user=jenkins1000 | ip=192.168.36.79 | op=SEND_HEARTBEAT {datanodeUUID=236eed40-dd97-4fdc-a0ae-ab99685a426b, command=[]} | ret=SUCCESS |  
2019-09-20 04:49:15,129 | INFO  | SCMAudit | user=jenkins1000 | ip=192.168.36.79 | op=SEND_HEARTBEAT {datanodeUUID=bd1a845e-f2ed-4713-9516-9ccc20139040, command=[]} | ret=SUCCESS |  
2019-09-20 04:49:15,129 | INFO  | SCMAudit | user=jenkins1000 | ip=192.168.36.79 | op=SEND_HEARTBEAT {datanodeUUID=2d6465ef-cffa-473a-a4c6-a9aa3f1a26c0, command=[]} | ret=SUCCESS |  
2019-09-20 04:49:15,129 | INFO  | SCMAudit | user=jenkins1000 | ip=192.168.36.79 | op=SEND_HEARTBEAT {datanodeUUID=42fc6e92-fcdd-4827-b621-9fc58a3d2315, command=[]} | ret=SUCCESS |  
2019-09-20 04:49:15,129 | INFO  | SCMAudit | user=jenkins1000 | ip=192.168.36.79 | op=SEND_HEARTBEAT {datanodeUUID=eaf3ecbe-c3b1-4969-ad3a-e4de7fb04f81, command=[]} | ret=SUCCESS |  
2019-09-20 04:49:15,129 | INFO  | SCMAudit | user=jenkins1000 | ip=192.168.36.79 | op=SEND_HEARTBEAT {datanodeUUID=ea71b9af-1075-4196-9693-aa14e10f536d, command=[]} | ret=SUCCESS |  
2019-09-20 04:49:15,129 | INFO  | SCMAudit | user=jenkins1000 | ip=192.168.36.79 | op=SEND_HEARTBEAT {datanodeUUID=ba95d636-ac34-4b74-a102-dec8d0f377c6, command=[]} | ret=SUCCESS |  
2019-09-20 04:49:15,129 | INFO  | SCMAudit | user=jenkins1000 | ip=192.168.36.79 | op=SEND_HEARTBEAT {datanodeUUID=1d91ad97-6666-4ee7-855a-8b5e944e7401, command=[]} | ret=SUCCESS |  
2019-09-20 04:49:15,129 | INFO  | SCMAudit | user=jenkins1000 | ip=192.168.36.79 | op=SEND_HEARTBEAT {datanodeUUID=8d97392c-5f4b-400a-94a1-fb61a3ebbc99, command=[]} | ret=SUCCESS |  
2019-09-20 04:49:15,129 | INFO  | SCMAudit | user=jenkins1000 | ip=192.168.36.79 | op=SEND_HEARTBEAT {datanodeUUID=2702b462-69d8-4c1b-aae1-091a21fe08b8, command=[]} | ret=SUCCESS |  
2019-09-20 04:49:14,849 [eb30d72f-c0a8-4ecb-bfee-9120a9a6cddf:group-FCE453CDE994:LeaderElection83] INFO  server.RaftServerConfigKeys (ConfUtils.java:logGet(43)) - raft.server.rpc.sleep.time = 25ms (default)
2019-09-20 04:49:15,129 [pool-262-thread-1] INFO  storage.RaftStorage (RaftStorage.java:format(72)) - Storage directory /workdir/hadoop-ozone/integration-test/target/test-dir/MiniOzoneClusterImpl-bb3956c2-c4d1-403a-b406-f8ec73b3905b/datanode-4/data/ratis/6019d495-f64c-42a1-a79e-fcafdf7e9e51 has been successfully formatted.
2019-09-20 04:49:15,129 [eb30d72f-c0a8-4ecb-bfee-9120a9a6cddf:group-F55D25781E97:LeaderElection81] INFO  impl.RaftServerImpl (ServerState.java:setRaftConf(361)) - eb30d72f-c0a8-4ecb-bfee-9120a9a6cddf:group-F55D25781E97 set configuration 0: [eb30d72f-c0a8-4ecb-bfee-9120a9a6cddf:192.168.36.79:41740], old=null at 0
2019-09-20 04:49:15,444 [eb30d72f-c0a8-4ecb-bfee-9120a9a6cddf:group-56065ABA910B:LeaderElection82] INFO  impl.RaftServerImpl (ServerState.java:setRaftConf(361)) - eb30d72f-c0a8-4ecb-bfee-9120a9a6cddf:group-56065ABA910B set configuration 0: [eb30d72f-c0a8-4ecb-bfee-9120a9a6cddf:192.168.36.79:41740], old=null at 0
2019-09-20 04:49:14,849 [eb30d72f-c0a8-4ecb-bfee-9120a9a6cddf:group-13071E6999E3:LeaderElection84] INFO  segmented.SegmentedRaftLogWorker (SegmentedRaftLogWorker.java:startLogSegment(380)) - eb30d72f-c0a8-4ecb-bfee-9120a9a6cddf-SegmentedRaftLogWorker:Storage Directory /workdir/hadoop-ozone/integration-test/target/test-dir/MiniOzoneClusterImpl-bb3956c2-c4d1-403a-b406-f8ec73b3905b/datanode-0/data/ratis/b878318d-387d-4125-b83e-13071e6999e3: Starting segment from index:0
2019-09-20 04:49:15,445 | INFO  | SCMAudit | user=jenkins1000 | ip=192.168.36.79 | op=SEND_HEARTBEAT {datanodeUUID=f4e549ee-a6fa-4eb9-8541-129d0566fdf5, command=[]} | ret=SUCCESS |  
2019-09-20 04:49:15,445 | INFO  | SCMAudit | user=jenkins1000 | ip=192.168.36.79 | op=SEND_HEARTBEAT {datanodeUUID=8538cd65-7926-426b-8bad-fbd0f0550f9a, command=[]} | ret=SUCCESS |  
2019-09-20 04:49:14,849 [eb30d72f-c0a8-4ecb-bfee-9120a9a6cddf:group-454778ADBE45:LeaderElection80] INFO  server.RaftServerConfigKeys (ConfUtils.java:logGet(43)) - raft.server.write.element-limit = 4096 (default)
2019-09-20 04:49:15,445 [pool-262-thread-1] INFO  ratis.ContainerStateMachine (ContainerStateMachine.java:loadSnapshot(226)) - group-FCAFDF7E9E51: The snapshot info is null. Setting the last applied indexto:(t:0, i:~)
2019-09-20 04:49:15,739 | INFO  | SCMAudit | user=jenkins1000 | ip=192.168.36.79 | op=SEND_HEARTBEAT {datanodeUUID=eb30d72f-c0a8-4ecb-bfee-9120a9a6cddf, command=[]} | ret=SUCCESS |  
2019-09-20 04:49:15,739 | INFO  | SCMAudit | user=jenkins1000 | ip=192.168.36.79 | op=SEND_HEARTBEAT {datanodeUUID=c4f6294c-eda3-4afd-81f7-e69ed14da69f, command=[]} | ret=SUCCESS |  
2019-09-20 04:49:15,444 [Thread-1123] INFO  impl.FollowerState (FollowerState.java:run(106)) - 8538cd65-7926-426b-8bad-fbd0f0550f9a:group-F3715B7B99DC changes to CANDIDATE, lastRpcTime:5358, electionTimeout:5103ms
2019-09-20 04:49:15,739 | INFO  | SCMAudit | user=jenkins1000 | ip=192.168.36.79 | op=SEND_HEARTBEAT {datanodeUUID=dba845b8-ea76-4e09-ab03-0883d354e493, command=[]} | ret=SUCCESS |  
2019-09-20 04:49:15,444 [Thread-1120] INFO  impl.FollowerState (FollowerState.java:run(106)) - 8538cd65-7926-426b-8bad-fbd0f0550f9a:group-0FD9AE1148B1 changes to CANDIDATE, lastRpcTime:5410, electionTimeout:5170ms
2019-09-20 04:49:15,739 | INFO  | SCMAudit | user=jenkins1000 | ip=192.168.36.79 | op=SEND_HEARTBEAT {datanodeUUID=0ad3f89e-804f-4845-89c5-5ff1a35a5dda, command=[]} | ret=SUCCESS |  
2019-09-20 04:49:15,444 [main] INFO  ozone.MiniOzoneClusterImpl (MiniOzoneClusterImpl.java:lambda$waitForClusterToBeReady$0(142)) - Cluster is ready. Got 7 of 7 DN Heartbeats.
2019-09-20 04:49:15,739 [eb30d72f-c0a8-4ecb-bfee-9120a9a6cddf:group-13071E6999E3:LeaderElection84] INFO  impl.RaftServerImpl (ServerState.java:setRaftConf(361)) - eb30d72f-c0a8-4ecb-bfee-9120a9a6cddf:group-13071E6999E3 set configuration 0: [eb30d72f-c0a8-4ecb-bfee-9120a9a6cddf:192.168.36.79:41740], old=null at 0
2019-09-20 04:49:15,443 [Thread-1128] INFO  impl.FollowerState (FollowerState.java:run(106)) - f4e549ee-a6fa-4eb9-8541-129d0566fdf5:group-2F9ACABBF226 changes to CANDIDATE, lastRpcTime:5287, electionTimeout:5193ms
2019-09-20 04:49:15,443 [Thread-1131] INFO  impl.FollowerState (FollowerState.java:run(106)) - f4e549ee-a6fa-4eb9-8541-129d0566fdf5:group-B8D35009723B changes to CANDIDATE, lastRpcTime:5206, electionTimeout:5132ms
2019-09-20 04:49:15,443 [dba845b8-ea76-4e09-ab03-0883d354e493-SegmentedRaftLogWorker:Storage Directory /workdir/hadoop-ozone/integration-test/target/test-dir/MiniOzoneClusterImpl-cd85f641-6806-455e-b969-480e50aec385/datanode-6/data/ratis/36c9a981-6a65-4c7d-a68f-96ec027cd53c] ERROR segmented.SegmentedRaftLogWorker (SegmentedRaftLogWorker.java:run(323)) - dba845b8-ea76-4e09-ab03-0883d354e493-SegmentedRaftLogWorker:Storage Directory /workdir/hadoop-ozone/integration-test/target/test-dir/MiniOzoneClusterImpl-cd85f641-6806-455e-b969-480e50aec385/datanode-6/data/ratis/36c9a981-6a65-4c7d-a68f-96ec027cd53c hit exception
java.lang.OutOfMemoryError: Direct buffer memory
	at java.nio.Bits.reserveMemory(Bits.java:666)
	at java.nio.DirectByteBuffer.<init>(DirectByteBuffer.java:123)
	at java.nio.ByteBuffer.allocateDirect(ByteBuffer.java:311)
	at org.apache.ratis.server.raftlog.segmented.BufferedWriteChannel.<init>(BufferedWriteChannel.java:41)
	at org.apache.ratis.server.raftlog.segmented.SegmentedRaftLogOutputStream.<init>(SegmentedRaftLogOutputStream.java:72)
	at org.apache.ratis.server.raftlog.segmented.SegmentedRaftLogWorker$StartLogSegment.execute(SegmentedRaftLogWorker.java:566)
	at org.apache.ratis.server.raftlog.segmented.SegmentedRaftLogWorker.run(SegmentedRaftLogWorker.java:289)
	at java.lang.Thread.run(Thread.java:748)
2019-09-20 04:49:15,443 [Thread-1137] INFO  impl.FollowerState (FollowerState.java:run(106)) - 8538cd65-7926-426b-8bad-fbd0f0550f9a:group-89DD9C3A796B changes to CANDIDATE, lastRpcTime:5113, electionTimeout:5081ms
2019-09-20 04:49:15,740 [Thread-1137] INFO  impl.RoleInfo (RoleInfo.java:shutdownFollowerState(121)) - 8538cd65-7926-426b-8bad-fbd0f0550f9a: shutdown FollowerState
2019-09-20 04:49:15,443 [Thread-1134] INFO  impl.FollowerState (FollowerState.java:run(106)) - f4e549ee-a6fa-4eb9-8541-129d0566fdf5:group-A7A58BAA9DB7 changes to CANDIDATE, lastRpcTime:5162, electionTimeout:5135ms
2019-09-20 04:49:15,129 [eb30d72f-c0a8-4ecb-bfee-9120a9a6cddf:group-6C272A5B19D4:LeaderElection85] INFO  impl.LeaderElection (LeaderElection.java:askForVotes(181)) - eb30d72f-c0a8-4ecb-bfee-9120a9a6cddf:group-6C272A5B19D4:LeaderElection85: begin an election at term 1 for -1: [eb30d72f-c0a8-4ecb-bfee-9120a9a6cddf:192.168.36.79:41740], old=null
2019-09-20 04:49:15,129 [eb30d72f-c0a8-4ecb-bfee-9120a9a6cddf:group-FCE453CDE994:LeaderElection83] INFO  server.RaftServerConfigKeys (ConfUtils.java:logGet(43)) - raft.server.write.element-limit = 4096 (default)
2019-09-20 04:49:15,740 [eb30d72f-c0a8-4ecb-bfee-9120a9a6cddf:group-6C272A5B19D4:LeaderElection85] INFO  impl.RoleInfo (RoleInfo.java:shutdownLeaderElection(134)) - eb30d72f-c0a8-4ecb-bfee-9120a9a6cddf: shutdown LeaderElection
2019-09-20 04:49:15,740 [Thread-1134] INFO  impl.RoleInfo (RoleInfo.java:shutdownFollowerState(121)) - f4e549ee-a6fa-4eb9-8541-129d0566fdf5: shutdown FollowerState
2019-09-20 04:49:15,740 [Thread-1137] INFO  impl.RaftServerImpl (RaftServerImpl.java:setRole(171)) - 8538cd65-7926-426b-8bad-fbd0f0550f9a:group-89DD9C3A796B changes role from FOLLOWER to CANDIDATE at term 0 for changeToCandidate
2019-09-20 04:49:15,740 [dba845b8-ea76-4e09-ab03-0883d354e493-SegmentedRaftLogWorker:Storage Directory /workdir/hadoop-ozone/integration-test/target/test-dir/MiniOzoneClusterImpl-cd85f641-6806-455e-b969-480e50aec385/datanode-6/data/ratis/36c9a981-6a65-4c7d-a68f-96ec027cd53c] INFO  impl.RaftServerImpl (RaftServerImpl.java:lambda$shutdown$3(245)) - dba845b8-ea76-4e09-ab03-0883d354e493: shutdown group-96EC027CD53C
2019-09-20 04:49:15,740 [Thread-1131] INFO  impl.RoleInfo (RoleInfo.java:shutdownFollowerState(121)) - f4e549ee-a6fa-4eb9-8541-129d0566fdf5: shutdown FollowerState
2019-09-20 04:49:15,739 [Thread-1128] INFO  impl.RoleInfo (RoleInfo.java:shutdownFollowerState(121)) - f4e549ee-a6fa-4eb9-8541-129d0566fdf5: shutdown FollowerState
2019-09-20 04:49:15,757 [Thread-1128] INFO  impl.RaftServerImpl (RaftServerImpl.java:setRole(171)) - f4e549ee-a6fa-4eb9-8541-129d0566fdf5:group-2F9ACABBF226 changes role from FOLLOWER to CANDIDATE at term 0 for changeToCandidate
2019-09-20 04:49:15,739 [Thread-1120] INFO  impl.RoleInfo (RoleInfo.java:shutdownFollowerState(121)) - 8538cd65-7926-426b-8bad-fbd0f0550f9a: shutdown FollowerState
2019-09-20 04:49:15,739 [Thread-1123] INFO  impl.RoleInfo (RoleInfo.java:shutdownFollowerState(121)) - 8538cd65-7926-426b-8bad-fbd0f0550f9a: shutdown FollowerState
2019-09-20 04:49:15,757 [Thread-1123] INFO  impl.RaftServerImpl (RaftServerImpl.java:setRole(171)) - 8538cd65-7926-426b-8bad-fbd0f0550f9a:group-F3715B7B99DC changes role from FOLLOWER to CANDIDATE at term 0 for changeToCandidate
2019-09-20 04:49:15,739 [pool-262-thread-1] INFO  server.RaftServerConfigKeys (ConfUtils.java:logGet(43)) - raft.server.leader.election.timeout = 120s (custom)
2019-09-20 04:49:15,445 [eb30d72f-c0a8-4ecb-bfee-9120a9a6cddf:group-454778ADBE45:LeaderElection80] INFO  server.RaftServerConfigKeys (ConfUtils.java:logGet(43)) - raft.server.watch.timeout = 10s (default)
2019-09-20 04:49:15,738 [Thread-1140] INFO  impl.FollowerState (FollowerState.java:run(106)) - f4e549ee-a6fa-4eb9-8541-129d0566fdf5:group-2C693F1F04D2 changes to CANDIDATE, lastRpcTime:5340, electionTimeout:5111ms
2019-09-20 04:49:15,757 [Thread-1140] INFO  impl.RoleInfo (RoleInfo.java:shutdownFollowerState(121)) - f4e549ee-a6fa-4eb9-8541-129d0566fdf5: shutdown FollowerState
2019-09-20 04:49:15,737 [Thread-1146] INFO  impl.FollowerState (FollowerState.java:run(106)) - f4e549ee-a6fa-4eb9-8541-129d0566fdf5:group-3E3C2EBF4898 changes to CANDIDATE, lastRpcTime:5180, electionTimeout:5043ms
2019-09-20 04:49:15,737 [Thread-1143] INFO  impl.FollowerState (FollowerState.java:run(106)) - 8538cd65-7926-426b-8bad-fbd0f0550f9a:group-E20EA59B318E changes to CANDIDATE, lastRpcTime:5238, electionTimeout:5176ms
2019-09-20 04:49:15,758 [Thread-1143] INFO  impl.RoleInfo (RoleInfo.java:shutdownFollowerState(121)) - 8538cd65-7926-426b-8bad-fbd0f0550f9a: shutdown FollowerState
2019-09-20 04:49:15,737 [bd1a845e-f2ed-4713-9516-9ccc20139040-SegmentedRaftLogWorker:Storage Directory /workdir/hadoop-ozone/integration-test/target/test-dir/MiniOzoneClusterImpl-cd85f641-6806-455e-b969-480e50aec385/datanode-5/data/ratis/1a520076-d23a-499c-8fc7-c696892c060f] ERROR segmented.SegmentedRaftLogWorker (SegmentedRaftLogWorker.java:run(323)) - bd1a845e-f2ed-4713-9516-9ccc20139040-SegmentedRaftLogWorker:Storage Directory /workdir/hadoop-ozone/integration-test/target/test-dir/MiniOzoneClusterImpl-cd85f641-6806-455e-b969-480e50aec385/datanode-5/data/ratis/1a520076-d23a-499c-8fc7-c696892c060f hit exception
java.lang.OutOfMemoryError: Direct buffer memory
	at java.nio.Bits.reserveMemory(Bits.java:666)
	at java.nio.DirectByteBuffer.<init>(DirectByteBuffer.java:123)
	at java.nio.ByteBuffer.allocateDirect(ByteBuffer.java:311)
	at org.apache.ratis.server.raftlog.segmented.BufferedWriteChannel.<init>(BufferedWriteChannel.java:41)
	at org.apache.ratis.server.raftlog.segmented.SegmentedRaftLogOutputStream.<init>(SegmentedRaftLogOutputStream.java:72)
	at org.apache.ratis.server.raftlog.segmented.SegmentedRaftLogWorker$StartLogSegment.execute(SegmentedRaftLogWorker.java:566)
	at org.apache.ratis.server.raftlog.segmented.SegmentedRaftLogWorker.run(SegmentedRaftLogWorker.java:289)
	at java.lang.Thread.run(Thread.java:748)
2019-09-20 04:49:15,737 [dba845b8-ea76-4e09-ab03-0883d354e493-SegmentedRaftLogWorker:Storage Directory /workdir/hadoop-ozone/integration-test/target/test-dir/MiniOzoneClusterImpl-cd85f641-6806-455e-b969-480e50aec385/datanode-6/data/ratis/f89a8d0e-569b-4e40-8a09-ea3f72ddb3ce] ERROR segmented.SegmentedRaftLogWorker (SegmentedRaftLogWorker.java:run(323)) - dba845b8-ea76-4e09-ab03-0883d354e493-SegmentedRaftLogWorker:Storage Directory /workdir/hadoop-ozone/integration-test/target/test-dir/MiniOzoneClusterImpl-cd85f641-6806-455e-b969-480e50aec385/datanode-6/data/ratis/f89a8d0e-569b-4e40-8a09-ea3f72ddb3ce hit exception
java.lang.OutOfMemoryError: Direct buffer memory
	at java.nio.Bits.reserveMemory(Bits.java:666)
	at java.nio.DirectByteBuffer.<init>(DirectByteBuffer.java:123)
	at java.nio.ByteBuffer.allocateDirect(ByteBuffer.java:311)
	at org.apache.ratis.server.raftlog.segmented.BufferedWriteChannel.<init>(BufferedWriteChannel.java:41)
	at org.apache.ratis.server.raftlog.segmented.SegmentedRaftLogOutputStream.<init>(SegmentedRaftLogOutputStream.java:72)
	at org.apache.ratis.server.raftlog.segmented.SegmentedRaftLogWorker$StartLogSegment.execute(SegmentedRaftLogWorker.java:566)
	at org.apache.ratis.server.raftlog.segmented.SegmentedRaftLogWorker.run(SegmentedRaftLogWorker.java:289)
	at java.lang.Thread.run(Thread.java:748)
2019-09-20 04:49:15,737 [bd1a845e-f2ed-4713-9516-9ccc20139040-SegmentedRaftLogWorker:Storage Directory /workdir/hadoop-ozone/integration-test/target/test-dir/MiniOzoneClusterImpl-cd85f641-6806-455e-b969-480e50aec385/datanode-5/data/ratis/f8b856db-2b3c-4811-966c-3c7298291ca1] ERROR segmented.SegmentedRaftLogWorker (SegmentedRaftLogWorker.java:run(323)) - bd1a845e-f2ed-4713-9516-9ccc20139040-SegmentedRaftLogWorker:Storage Directory /workdir/hadoop-ozone/integration-test/target/test-dir/MiniOzoneClusterImpl-cd85f641-6806-455e-b969-480e50aec385/datanode-5/data/ratis/f8b856db-2b3c-4811-966c-3c7298291ca1 hit exception
java.lang.OutOfMemoryError: Direct buffer memory
	at java.nio.Bits.reserveMemory(Bits.java:666)
	at java.nio.DirectByteBuffer.<init>(DirectByteBuffer.java:123)
	at java.nio.ByteBuffer.allocateDirect(ByteBuffer.java:311)
	at org.apache.ratis.server.raftlog.segmented.BufferedWriteChannel.<init>(BufferedWriteChannel.java:41)
	at org.apache.ratis.server.raftlog.segmented.SegmentedRaftLogOutputStream.<init>(SegmentedRaftLogOutputStream.java:72)
	at org.apache.ratis.server.raftlog.segmented.SegmentedRaftLogWorker$StartLogSegment.execute(SegmentedRaftLogWorker.java:566)
	at org.apache.ratis.server.raftlog.segmented.SegmentedRaftLogWorker.run(SegmentedRaftLogWorker.java:289)
	at java.lang.Thread.run(Thread.java:748)
2019-09-20 04:49:15,762 [dba845b8-ea76-4e09-ab03-0883d354e493-SegmentedRaftLogWorker:Storage Directory /workdir/hadoop-ozone/integration-test/target/test-dir/MiniOzoneClusterImpl-cd85f641-6806-455e-b969-480e50aec385/datanode-6/data/ratis/f89a8d0e-569b-4e40-8a09-ea3f72ddb3ce] INFO  impl.RaftServerImpl (RaftServerImpl.java:lambda$shutdown$3(245)) - dba845b8-ea76-4e09-ab03-0883d354e493: shutdown group-EA3F72DDB3CE
2019-09-20 04:49:15,758 [bd1a845e-f2ed-4713-9516-9ccc20139040-SegmentedRaftLogWorker:Storage Directory /workdir/hadoop-ozone/integration-test/target/test-dir/MiniOzoneClusterImpl-cd85f641-6806-455e-b969-480e50aec385/datanode-5/data/ratis/1a520076-d23a-499c-8fc7-c696892c060f] INFO  impl.RaftServerImpl (RaftServerImpl.java:lambda$shutdown$3(245)) - bd1a845e-f2ed-4713-9516-9ccc20139040: shutdown group-C696892C060F
2019-09-20 04:49:15,758 [Thread-1143] INFO  impl.RaftServerImpl (RaftServerImpl.java:setRole(171)) - 8538cd65-7926-426b-8bad-fbd0f0550f9a:group-E20EA59B318E changes role from FOLLOWER to CANDIDATE at term 0 for changeToCandidate
2019-09-20 04:49:15,758 [Thread-1146] INFO  impl.RoleInfo (RoleInfo.java:shutdownFollowerState(121)) - f4e549ee-a6fa-4eb9-8541-129d0566fdf5: shutdown FollowerState
2019-09-20 04:49:15,758 [Thread-1140] INFO  impl.RaftServerImpl (RaftServerImpl.java:setRole(171)) - f4e549ee-a6fa-4eb9-8541-129d0566fdf5:group-2C693F1F04D2 changes role from FOLLOWER to CANDIDATE at term 0 for changeToCandidate
2019-09-20 04:49:15,757 [eb30d72f-c0a8-4ecb-bfee-9120a9a6cddf:group-454778ADBE45:LeaderElection80] INFO  server.RaftServerConfigKeys (ConfUtils.java:logGet(43)) - raft.server.watch.timeout.denomination = 1s (default)
2019-09-20 04:49:15,757 [pool-262-thread-1] INFO  server.RaftServerConfigKeys (ConfUtils.java:logGet(43)) - raft.server.log.use.memory = false (default)
2019-09-20 04:49:15,757 [Thread-1123] INFO  impl.RoleInfo (RoleInfo.java:updateAndGet(143)) - 8538cd65-7926-426b-8bad-fbd0f0550f9a: start LeaderElection
2019-09-20 04:49:15,775 [pool-262-thread-1] INFO  server.RaftServerConfigKeys (ConfUtils.java:logGet(43)) - raft.server.log.purge.gap = 1000000 (custom)
2019-09-20 04:49:15,757 [Thread-1120] INFO  impl.RaftServerImpl (RaftServerImpl.java:setRole(171)) - 8538cd65-7926-426b-8bad-fbd0f0550f9a:group-0FD9AE1148B1 changes role from FOLLOWER to CANDIDATE at term 0 for changeToCandidate
2019-09-20 04:49:15,757 [Thread-1128] INFO  impl.RoleInfo (RoleInfo.java:updateAndGet(143)) - f4e549ee-a6fa-4eb9-8541-129d0566fdf5: start LeaderElection
2019-09-20 04:49:15,757 [Thread-1131] INFO  impl.RaftServerImpl (RaftServerImpl.java:setRole(171)) - f4e549ee-a6fa-4eb9-8541-129d0566fdf5:group-B8D35009723B changes role from FOLLOWER to CANDIDATE at term 0 for changeToCandidate
2019-09-20 04:49:15,756 [Thread-1149] INFO  impl.FollowerState (FollowerState.java:run(106)) - f4e549ee-a6fa-4eb9-8541-129d0566fdf5:group-4976C8D399E6 changes to CANDIDATE, lastRpcTime:5124, electionTimeout:5116ms
2019-09-20 04:49:15,741 [dba845b8-ea76-4e09-ab03-0883d354e493-SegmentedRaftLogWorker:Storage Directory /workdir/hadoop-ozone/integration-test/target/test-dir/MiniOzoneClusterImpl-cd85f641-6806-455e-b969-480e50aec385/datanode-6/data/ratis/36c9a981-6a65-4c7d-a68f-96ec027cd53c] INFO  util.JmxRegister (JmxRegister.java:unregister(73)) - Successfully un-registered JMX Bean with object name Ratis:service=RaftServer,group=group-96EC027CD53C,id=dba845b8-ea76-4e09-ab03-0883d354e493
2019-09-20 04:49:15,783 [dba845b8-ea76-4e09-ab03-0883d354e493-SegmentedRaftLogWorker:Storage Directory /workdir/hadoop-ozone/integration-test/target/test-dir/MiniOzoneClusterImpl-cd85f641-6806-455e-b969-480e50aec385/datanode-6/data/ratis/36c9a981-6a65-4c7d-a68f-96ec027cd53c] INFO  impl.RoleInfo (RoleInfo.java:shutdownLeaderState(104)) - dba845b8-ea76-4e09-ab03-0883d354e493: shutdown LeaderState
2019-09-20 04:49:15,741 [Thread-1137] INFO  impl.RoleInfo (RoleInfo.java:updateAndGet(143)) - 8538cd65-7926-426b-8bad-fbd0f0550f9a: start LeaderElection
2019-09-20 04:49:15,741 [Thread-1134] INFO  impl.RaftServerImpl (RaftServerImpl.java:setRole(171)) - f4e549ee-a6fa-4eb9-8541-129d0566fdf5:group-A7A58BAA9DB7 changes role from FOLLOWER to CANDIDATE at term 0 for changeToCandidate
2019-09-20 04:49:15,741 [eb30d72f-c0a8-4ecb-bfee-9120a9a6cddf:group-6C272A5B19D4:LeaderElection85] INFO  impl.RaftServerImpl (RaftServerImpl.java:setRole(171)) - eb30d72f-c0a8-4ecb-bfee-9120a9a6cddf:group-6C272A5B19D4 changes role from CANDIDATE to LEADER at term 1 for changeToLeader
2019-09-20 04:49:15,741 [eb30d72f-c0a8-4ecb-bfee-9120a9a6cddf:group-FCE453CDE994:LeaderElection83] INFO  server.RaftServerConfigKeys (ConfUtils.java:logGet(43)) - raft.server.watch.timeout = 10s (default)
2019-09-20 04:49:15,795 [Thread-1134] INFO  impl.RoleInfo (RoleInfo.java:updateAndGet(143)) - f4e549ee-a6fa-4eb9-8541-129d0566fdf5: start LeaderElection
2019-09-20 04:49:15,795 [eb30d72f-c0a8-4ecb-bfee-9120a9a6cddf:group-6C272A5B19D4:LeaderElection85] INFO  impl.RaftServerImpl (ServerState.java:setLeader(263)) - eb30d72f-c0a8-4ecb-bfee-9120a9a6cddf:group-6C272A5B19D4 change Leader from null to eb30d72f-c0a8-4ecb-bfee-9120a9a6cddf at term 1 for becomeLeader, leader elected after 6130ms
2019-09-20 04:49:15,784 [dba845b8-ea76-4e09-ab03-0883d354e493-SegmentedRaftLogWorker:Storage Directory /workdir/hadoop-ozone/integration-test/target/test-dir/MiniOzoneClusterImpl-cd85f641-6806-455e-b969-480e50aec385/datanode-6/data/ratis/36c9a981-6a65-4c7d-a68f-96ec027cd53c] INFO  impl.PendingRequests (PendingRequests.java:sendNotLeaderResponses(202)) - dba845b8-ea76-4e09-ab03-0883d354e493-PendingRequests: sendNotLeaderResponses
2019-09-20 04:49:15,783 [Thread-1149] INFO  impl.RoleInfo (RoleInfo.java:shutdownFollowerState(121)) - f4e549ee-a6fa-4eb9-8541-129d0566fdf5: shutdown FollowerState
2019-09-20 04:49:15,783 [Thread-1131] INFO  impl.RoleInfo (RoleInfo.java:updateAndGet(143)) - f4e549ee-a6fa-4eb9-8541-129d0566fdf5: start LeaderElection
2019-09-20 04:49:15,783 [Thread-1120] INFO  impl.RoleInfo (RoleInfo.java:updateAndGet(143)) - 8538cd65-7926-426b-8bad-fbd0f0550f9a: start LeaderElection
2019-09-20 04:49:15,783 [pool-262-thread-1] INFO  server.RaftServerConfigKeys (ConfUtils.java:logGet(43)) - raft.server.log.appender.buffer.byte-limit = 33554432 (custom)
2019-09-20 04:49:15,775 [eb30d72f-c0a8-4ecb-bfee-9120a9a6cddf:group-454778ADBE45:LeaderElection80] INFO  server.RaftServerConfigKeys (ConfUtils.java:logGet(43)) - raft.server.watch.element-limit = 65536 (default)
2019-09-20 04:49:15,796 [pool-262-thread-1] INFO  server.RaftServerConfigKeys (ConfUtils.java:logGet(43)) - raft.server.log.segment.size.max = 1048576 (custom)
2019-09-20 04:49:15,775 [Thread-1140] INFO  impl.RoleInfo (RoleInfo.java:updateAndGet(143)) - f4e549ee-a6fa-4eb9-8541-129d0566fdf5: start LeaderElection
2019-09-20 04:49:15,797 [main] INFO  rpc.RpcClient (RpcClient.java:createVolume(293)) - Creating Volume: watchforcommithandlingtest, with jenkins1000 as owner.
2019-09-20 04:49:15,775 [Thread-1146] INFO  impl.RaftServerImpl (RaftServerImpl.java:setRole(171)) - f4e549ee-a6fa-4eb9-8541-129d0566fdf5:group-3E3C2EBF4898 changes role from FOLLOWER to CANDIDATE at term 0 for changeToCandidate
2019-09-20 04:49:15,775 [Thread-1143] INFO  impl.RoleInfo (RoleInfo.java:updateAndGet(143)) - 8538cd65-7926-426b-8bad-fbd0f0550f9a: start LeaderElection
2019-09-20 04:49:15,775 [Thread-1152] INFO  impl.FollowerState (FollowerState.java:run(106)) - 8538cd65-7926-426b-8bad-fbd0f0550f9a:group-E6F4F4AF1066 changes to CANDIDATE, lastRpcTime:5065, electionTimeout:5059ms
2019-09-20 04:49:15,774 [bd1a845e-f2ed-4713-9516-9ccc20139040-SegmentedRaftLogWorker:Storage Directory /workdir/hadoop-ozone/integration-test/target/test-dir/MiniOzoneClusterImpl-cd85f641-6806-455e-b969-480e50aec385/datanode-5/data/ratis/1a520076-d23a-499c-8fc7-c696892c060f] INFO  util.JmxRegister (JmxRegister.java:unregister(73)) - Successfully un-registered JMX Bean with object name Ratis:service=RaftServer,group=group-C696892C060F,id=bd1a845e-f2ed-4713-9516-9ccc20139040
2019-09-20 04:49:15,763 [dba845b8-ea76-4e09-ab03-0883d354e493-SegmentedRaftLogWorker:Storage Directory /workdir/hadoop-ozone/integration-test/target/test-dir/MiniOzoneClusterImpl-cd85f641-6806-455e-b969-480e50aec385/datanode-6/data/ratis/f89a8d0e-569b-4e40-8a09-ea3f72ddb3ce] INFO  util.JmxRegister (JmxRegister.java:unregister(73)) - Successfully un-registered JMX Bean with object name Ratis:service=RaftServer,group=group-EA3F72DDB3CE,id=dba845b8-ea76-4e09-ab03-0883d354e493
2019-09-20 04:49:15,763 [bd1a845e-f2ed-4713-9516-9ccc20139040-SegmentedRaftLogWorker:Storage Directory /workdir/hadoop-ozone/integration-test/target/test-dir/MiniOzoneClusterImpl-cd85f641-6806-455e-b969-480e50aec385/datanode-5/data/ratis/f8b856db-2b3c-4811-966c-3c7298291ca1] INFO  impl.RaftServerImpl (RaftServerImpl.java:lambda$shutdown$3(245)) - bd1a845e-f2ed-4713-9516-9ccc20139040: shutdown group-3C7298291CA1
2019-09-20 04:49:15,797 [dba845b8-ea76-4e09-ab03-0883d354e493-SegmentedRaftLogWorker:Storage Directory /workdir/hadoop-ozone/integration-test/target/test-dir/MiniOzoneClusterImpl-cd85f641-6806-455e-b969-480e50aec385/datanode-6/data/ratis/f89a8d0e-569b-4e40-8a09-ea3f72ddb3ce] INFO  impl.RoleInfo (RoleInfo.java:shutdownLeaderState(104)) - dba845b8-ea76-4e09-ab03-0883d354e493: shutdown LeaderState
2019-09-20 04:49:15,797 [bd1a845e-f2ed-4713-9516-9ccc20139040-SegmentedRaftLogWorker:Storage Directory /workdir/hadoop-ozone/integration-test/target/test-dir/MiniOzoneClusterImpl-cd85f641-6806-455e-b969-480e50aec385/datanode-5/data/ratis/1a520076-d23a-499c-8fc7-c696892c060f] INFO  impl.RoleInfo (RoleInfo.java:shutdownLeaderState(104)) - bd1a845e-f2ed-4713-9516-9ccc20139040: shutdown LeaderState
2019-09-20 04:49:15,797 [Thread-1152] INFO  impl.RoleInfo (RoleInfo.java:shutdownFollowerState(121)) - 8538cd65-7926-426b-8bad-fbd0f0550f9a: shutdown FollowerState
2019-09-20 04:49:15,797 [Thread-1146] INFO  impl.RoleInfo (RoleInfo.java:updateAndGet(143)) - f4e549ee-a6fa-4eb9-8541-129d0566fdf5: start LeaderElection
2019-09-20 04:49:15,796 [pool-262-thread-1] INFO  server.RaftServerConfigKeys (ConfUtils.java:logGet(43)) - raft.server.log.segment.cache.num.max = 2 (custom)
2019-09-20 04:49:15,796 [eb30d72f-c0a8-4ecb-bfee-9120a9a6cddf:group-454778ADBE45:LeaderElection80] INFO  impl.RoleInfo (RoleInfo.java:updateAndGet(143)) - eb30d72f-c0a8-4ecb-bfee-9120a9a6cddf: start LeaderState
2019-09-20 04:49:15,796 [dba845b8-ea76-4e09-ab03-0883d354e493-SegmentedRaftLogWorker:Storage Directory /workdir/hadoop-ozone/integration-test/target/test-dir/MiniOzoneClusterImpl-cd85f641-6806-455e-b969-480e50aec385/datanode-6/data/ratis/36c9a981-6a65-4c7d-a68f-96ec027cd53c] INFO  impl.StateMachineUpdater (StateMachineUpdater.java:stopAndJoin(115)) - StateMachineUpdater:dba845b8-ea76-4e09-ab03-0883d354e493:group-96EC027CD53C: set stopIndex = -1
2019-09-20 04:49:15,796 [Thread-1149] INFO  impl.RaftServerImpl (RaftServerImpl.java:setRole(171)) - f4e549ee-a6fa-4eb9-8541-129d0566fdf5:group-4976C8D399E6 changes role from FOLLOWER to CANDIDATE at term 0 for changeToCandidate
2019-09-20 04:49:15,795 [eb30d72f-c0a8-4ecb-bfee-9120a9a6cddf:group-6C272A5B19D4:LeaderElection85] INFO  server.RaftServerConfigKeys (ConfUtils.java:logGet(43)) - raft.server.staging.catchup.gap = 1000 (default)
2019-09-20 04:49:15,795 [eb30d72f-c0a8-4ecb-bfee-9120a9a6cddf:group-FCE453CDE994:LeaderElection83] INFO  server.RaftServerConfigKeys (ConfUtils.java:logGet(43)) - raft.server.watch.timeout.denomination = 1s (default)
2019-09-20 04:49:15,799 | INFO  | OMAudit | user=jenkins1000 | ip=127.0.0.1 | op=CREATE_VOLUME {admin=jenkins1000, owner=jenkins1000, volume=watchforcommithandlingtest, creationTime=1568954955798, quotaInBytes=1152921504606846976} | ret=SUCCESS |  
2019-09-20 04:49:15,799 [eb30d72f-c0a8-4ecb-bfee-9120a9a6cddf:group-6C272A5B19D4:LeaderElection85] INFO  server.RaftServerConfigKeys (ConfUtils.java:logGet(43)) - raft.server.rpc.sleep.time = 25ms (default)
2019-09-20 04:49:15,798 [Thread-1149] INFO  impl.RoleInfo (RoleInfo.java:updateAndGet(143)) - f4e549ee-a6fa-4eb9-8541-129d0566fdf5: start LeaderElection
2019-09-20 04:49:15,798 [dba845b8-ea76-4e09-ab03-0883d354e493-SegmentedRaftLogWorker:Storage Directory /workdir/hadoop-ozone/integration-test/target/test-dir/MiniOzoneClusterImpl-cd85f641-6806-455e-b969-480e50aec385/datanode-6/data/ratis/36c9a981-6a65-4c7d-a68f-96ec027cd53c] INFO  impl.RaftServerImpl (ServerState.java:close(394)) - dba845b8-ea76-4e09-ab03-0883d354e493:group-96EC027CD53C closes. The last applied log index is -1
2019-09-20 04:49:15,798 [eb30d72f-c0a8-4ecb-bfee-9120a9a6cddf:group-454778ADBE45:LeaderElection80] INFO  segmented.SegmentedRaftLogWorker (SegmentedRaftLogWorker.java:startLogSegment(380)) - eb30d72f-c0a8-4ecb-bfee-9120a9a6cddf-SegmentedRaftLogWorker:Storage Directory /workdir/hadoop-ozone/integration-test/target/test-dir/MiniOzoneClusterImpl-bb3956c2-c4d1-403a-b406-f8ec73b3905b/datanode-0/data/ratis/1720bea1-d3de-49d0-9baa-454778adbe45: Starting segment from index:0
2019-09-20 04:49:15,798 [pool-262-thread-1] INFO  segmented.SegmentedRaftLogWorker (SegmentedRaftLogWorker.java:<init>(172)) - new 0ad3f89e-804f-4845-89c5-5ff1a35a5dda-SegmentedRaftLogWorker:Storage Directory /workdir/hadoop-ozone/integration-test/target/test-dir/MiniOzoneClusterImpl-bb3956c2-c4d1-403a-b406-f8ec73b3905b/datanode-4/data/ratis/6019d495-f64c-42a1-a79e-fcafdf7e9e51 for RaftStorage:Storage Directory /workdir/hadoop-ozone/integration-test/target/test-dir/MiniOzoneClusterImpl-bb3956c2-c4d1-403a-b406-f8ec73b3905b/datanode-4/data/ratis/6019d495-f64c-42a1-a79e-fcafdf7e9e51
2019-09-20 04:49:15,798 [Thread-1152] INFO  impl.RaftServerImpl (RaftServerImpl.java:setRole(171)) - 8538cd65-7926-426b-8bad-fbd0f0550f9a:group-E6F4F4AF1066 changes role from FOLLOWER to CANDIDATE at term 0 for changeToCandidate
2019-09-20 04:49:15,806 [eb30d72f-c0a8-4ecb-bfee-9120a9a6cddf:group-454778ADBE45:LeaderElection80] INFO  impl.RaftServerImpl (ServerState.java:setRaftConf(361)) - eb30d72f-c0a8-4ecb-bfee-9120a9a6cddf:group-454778ADBE45 set configuration 0: [eb30d72f-c0a8-4ecb-bfee-9120a9a6cddf:192.168.36.79:41740], old=null at 0
2019-09-20 04:49:15,798 [bd1a845e-f2ed-4713-9516-9ccc20139040-SegmentedRaftLogWorker:Storage Directory /workdir/hadoop-ozone/integration-test/target/test-dir/MiniOzoneClusterImpl-cd85f641-6806-455e-b969-480e50aec385/datanode-5/data/ratis/1a520076-d23a-499c-8fc7-c696892c060f] INFO  impl.PendingRequests (PendingRequests.java:sendNotLeaderResponses(202)) - bd1a845e-f2ed-4713-9516-9ccc20139040-PendingRequests: sendNotLeaderResponses
2019-09-20 04:49:15,798 [dba845b8-ea76-4e09-ab03-0883d354e493-SegmentedRaftLogWorker:Storage Directory /workdir/hadoop-ozone/integration-test/target/test-dir/MiniOzoneClusterImpl-cd85f641-6806-455e-b969-480e50aec385/datanode-6/data/ratis/f89a8d0e-569b-4e40-8a09-ea3f72ddb3ce] INFO  impl.PendingRequests (PendingRequests.java:sendNotLeaderResponses(202)) - dba845b8-ea76-4e09-ab03-0883d354e493-PendingRequests: sendNotLeaderResponses
2019-09-20 04:49:15,797 [bd1a845e-f2ed-4713-9516-9ccc20139040-SegmentedRaftLogWorker:Storage Directory /workdir/hadoop-ozone/integration-test/target/test-dir/MiniOzoneClusterImpl-cd85f641-6806-455e-b969-480e50aec385/datanode-5/data/ratis/f8b856db-2b3c-4811-966c-3c7298291ca1] INFO  util.JmxRegister (JmxRegister.java:unregister(73)) - Successfully un-registered JMX Bean with object name Ratis:service=RaftServer,group=group-3C7298291CA1,id=bd1a845e-f2ed-4713-9516-9ccc20139040
2019-09-20 04:49:15,806 [bd1a845e-f2ed-4713-9516-9ccc20139040-SegmentedRaftLogWorker:Storage Directory /workdir/hadoop-ozone/integration-test/target/test-dir/MiniOzoneClusterImpl-cd85f641-6806-455e-b969-480e50aec385/datanode-5/data/ratis/1a520076-d23a-499c-8fc7-c696892c060f] INFO  impl.StateMachineUpdater (StateMachineUpdater.java:stopAndJoin(115)) - StateMachineUpdater:bd1a845e-f2ed-4713-9516-9ccc20139040:group-C696892C060F: set stopIndex = -1
2019-09-20 04:49:15,806 [Thread-1152] INFO  impl.RoleInfo (RoleInfo.java:updateAndGet(143)) - 8538cd65-7926-426b-8bad-fbd0f0550f9a: start LeaderElection
2019-09-20 04:49:15,824 | INFO  | OMAudit | user=jenkins1000 | ip=127.0.0.1 | op=READ_VOLUME {volume=watchforcommithandlingtest} | ret=SUCCESS |  
2019-09-20 04:49:15,806 [pool-262-thread-1] INFO  server.RaftServerConfigKeys (ConfUtils.java:logGet(43)) - raft.server.log.queue.byte-limit = 2147483647 (custom)
2019-09-20 04:49:16,193 | INFO  | SCMAudit | user=jenkins1000 | ip=192.168.36.79 | op=SEND_HEARTBEAT {datanodeUUID=5ea19b84-5385-4ae9-8412-c4cfa929b172, command=[]} | ret=SUCCESS |  
2019-09-20 04:49:16,194 | INFO  | SCMAudit | user=jenkins1000 | ip=192.168.36.79 | op=SEND_HEARTBEAT {datanodeUUID=bd1a845e-f2ed-4713-9516-9ccc20139040, command=[]} | ret=SUCCESS |  
2019-09-20 04:49:16,194 | INFO  | SCMAudit | user=jenkins1000 | ip=192.168.36.79 | op=SEND_HEARTBEAT {datanodeUUID=42fc6e92-fcdd-4827-b621-9fc58a3d2315, command=[]} | ret=SUCCESS |  
2019-09-20 04:49:16,194 | INFO  | SCMAudit | user=jenkins1000 | ip=192.168.36.79 | op=SEND_HEARTBEAT {datanodeUUID=eaf3ecbe-c3b1-4969-ad3a-e4de7fb04f81, command=[]} | ret=SUCCESS |  
2019-09-20 04:49:16,194 | INFO  | SCMAudit | user=jenkins1000 | ip=192.168.36.79 | op=SEND_HEARTBEAT {datanodeUUID=8d97392c-5f4b-400a-94a1-fb61a3ebbc99, command=[]} | ret=SUCCESS |  
2019-09-20 04:49:16,194 | INFO  | SCMAudit | user=jenkins1000 | ip=192.168.36.79 | op=SEND_HEARTBEAT {datanodeUUID=1d91ad97-6666-4ee7-855a-8b5e944e7401, command=[]} | ret=SUCCESS |  
2019-09-20 04:49:16,194 | INFO  | SCMAudit | user=jenkins1000 | ip=192.168.36.79 | op=SEND_HEARTBEAT {datanodeUUID=ea71b9af-1075-4196-9693-aa14e10f536d, command=[]} | ret=SUCCESS |  
2019-09-20 04:49:16,194 | INFO  | SCMAudit | user=jenkins1000 | ip=192.168.36.79 | op=SEND_HEARTBEAT {datanodeUUID=236eed40-dd97-4fdc-a0ae-ab99685a426b, command=[]} | ret=SUCCESS |  
2019-09-20 04:49:16,194 | INFO  | SCMAudit | user=jenkins1000 | ip=192.168.36.79 | op=SEND_HEARTBEAT {datanodeUUID=fdbc37f2-9e58-4bac-a5d5-a78839d012e9, command=[]} | ret=SUCCESS |  
2019-09-20 04:49:16,194 | INFO  | SCMAudit | user=jenkins1000 | ip=192.168.36.79 | op=SEND_HEARTBEAT {datanodeUUID=ba95d636-ac34-4b74-a102-dec8d0f377c6, command=[]} | ret=SUCCESS |  
2019-09-20 04:49:16,194 | INFO  | SCMAudit | user=jenkins1000 | ip=192.168.36.79 | op=SEND_HEARTBEAT {datanodeUUID=3c2a6bfe-f5c5-4e23-89b0-850dab17697d, command=[]} | ret=SUCCESS |  
2019-09-20 04:49:16,194 | INFO  | SCMAudit | user=jenkins1000 | ip=192.168.36.79 | op=SEND_HEARTBEAT {datanodeUUID=2702b462-69d8-4c1b-aae1-091a21fe08b8, command=[]} | ret=SUCCESS |  
2019-09-20 04:49:16,195 | INFO  | SCMAudit | user=jenkins1000 | ip=192.168.36.79 | op=SEND_HEARTBEAT {datanodeUUID=2d6465ef-cffa-473a-a4c6-a9aa3f1a26c0, command=[]} | ret=SUCCESS |  
2019-09-20 04:49:15,806 [dba845b8-ea76-4e09-ab03-0883d354e493-SegmentedRaftLogWorker:Storage Directory /workdir/hadoop-ozone/integration-test/target/test-dir/MiniOzoneClusterImpl-cd85f641-6806-455e-b969-480e50aec385/datanode-6/data/ratis/36c9a981-6a65-4c7d-a68f-96ec027cd53c] INFO  segmented.SegmentedRaftLogWorker (SegmentedRaftLogWorker.java:close(228)) - dba845b8-ea76-4e09-ab03-0883d354e493-SegmentedRaftLogWorker:Storage Directory /workdir/hadoop-ozone/integration-test/target/test-dir/MiniOzoneClusterImpl-cd85f641-6806-455e-b969-480e50aec385/datanode-6/data/ratis/36c9a981-6a65-4c7d-a68f-96ec027cd53c close()
2019-09-20 04:49:15,799 [eb30d72f-c0a8-4ecb-bfee-9120a9a6cddf:group-6C272A5B19D4:LeaderElection85] INFO  server.RaftServerConfigKeys (ConfUtils.java:logGet(43)) - raft.server.write.element-limit = 4096 (default)
2019-09-20 04:49:15,799 [eb30d72f-c0a8-4ecb-bfee-9120a9a6cddf:group-FCE453CDE994:LeaderElection83] INFO  server.RaftServerConfigKeys (ConfUtils.java:logGet(43)) - raft.server.watch.element-limit = 65536 (default)
2019-09-20 04:49:16,207 | INFO  | SCMAudit | user=jenkins1000 | ip=192.168.36.79 | op=SEND_HEARTBEAT {datanodeUUID=68a93ad8-b6a8-44e1-8a9f-45fcc58d229a, command=[]} | ret=SUCCESS |  
2019-09-20 04:49:16,207 [eb30d72f-c0a8-4ecb-bfee-9120a9a6cddf:group-6C272A5B19D4:LeaderElection85] INFO  server.RaftServerConfigKeys (ConfUtils.java:logGet(43)) - raft.server.watch.timeout = 10s (default)
2019-09-20 04:49:16,196 [f4e549ee-a6fa-4eb9-8541-129d0566fdf5:group-4976C8D399E6:LeaderElection95] INFO  impl.LeaderElection (LeaderElection.java:askForVotes(181)) - f4e549ee-a6fa-4eb9-8541-129d0566fdf5:group-4976C8D399E6:LeaderElection95: begin an election at term 1 for -1: [f4e549ee-a6fa-4eb9-8541-129d0566fdf5:192.168.36.79:40144], old=null
2019-09-20 04:49:16,195 [Thread-1155] INFO  impl.FollowerState (FollowerState.java:run(106)) - 8538cd65-7926-426b-8bad-fbd0f0550f9a:group-D8CA85E292D5 changes to CANDIDATE, lastRpcTime:5409, electionTimeout:5148ms
2019-09-20 04:49:16,195 [Thread-1161] INFO  impl.FollowerState (FollowerState.java:run(106)) - 5ea19b84-5385-4ae9-8412-c4cfa929b172:group-18888425844F changes to CANDIDATE, lastRpcTime:5284, electionTimeout:5022ms
2019-09-20 04:49:16,194 [Thread-1158] INFO  impl.FollowerState (FollowerState.java:run(106)) - 5ea19b84-5385-4ae9-8412-c4cfa929b172:group-D3671F3B1CB0 changes to CANDIDATE, lastRpcTime:5342, electionTimeout:5156ms
2019-09-20 04:49:16,194 [Thread-1167] INFO  impl.FollowerState (FollowerState.java:run(106)) - 5ea19b84-5385-4ae9-8412-c4cfa929b172:group-CE8C03EEB81D changes to CANDIDATE, lastRpcTime:5147, electionTimeout:5003ms
2019-09-20 04:49:16,194 [Thread-1164] INFO  impl.FollowerState (FollowerState.java:run(106)) - 5ea19b84-5385-4ae9-8412-c4cfa929b172:group-3F6F94B8F0AF changes to CANDIDATE, lastRpcTime:5206, electionTimeout:5109ms
2019-09-20 04:49:16,207 [Thread-1164] INFO  impl.RoleInfo (RoleInfo.java:shutdownFollowerState(121)) - 5ea19b84-5385-4ae9-8412-c4cfa929b172: shutdown FollowerState
2019-09-20 04:49:16,190 [Thread-1173] INFO  impl.FollowerState (FollowerState.java:run(106)) - 5ea19b84-5385-4ae9-8412-c4cfa929b172:group-4200AF398C62 changes to CANDIDATE, lastRpcTime:5026, electionTimeout:5013ms
2019-09-20 04:49:16,190 [Thread-1170] INFO  impl.FollowerState (FollowerState.java:run(106)) - 5ea19b84-5385-4ae9-8412-c4cfa929b172:group-63AC9BD7AD41 changes to CANDIDATE, lastRpcTime:5085, electionTimeout:5076ms
2019-09-20 04:49:15,825 [pool-262-thread-1] INFO  server.RaftServerConfigKeys (ConfUtils.java:logGet(43)) - raft.server.log.queue.element-limit = 1024 (custom)
2019-09-20 04:49:15,825 [8538cd65-7926-426b-8bad-fbd0f0550f9a:group-F3715B7B99DC:LeaderElection88] INFO  impl.LeaderElection (LeaderElection.java:askForVotes(181)) - 8538cd65-7926-426b-8bad-fbd0f0550f9a:group-F3715B7B99DC:LeaderElection88: begin an election at term 1 for -1: [8538cd65-7926-426b-8bad-fbd0f0550f9a:192.168.36.79:37381], old=null
2019-09-20 04:49:15,824 [f4e549ee-a6fa-4eb9-8541-129d0566fdf5:group-2F9ACABBF226:LeaderElection87] INFO  impl.LeaderElection (LeaderElection.java:askForVotes(181)) - f4e549ee-a6fa-4eb9-8541-129d0566fdf5:group-2F9ACABBF226:LeaderElection87: begin an election at term 1 for -1: [f4e549ee-a6fa-4eb9-8541-129d0566fdf5:192.168.36.79:40144], old=null
2019-09-20 04:49:15,824 [f4e549ee-a6fa-4eb9-8541-129d0566fdf5:group-A7A58BAA9DB7:LeaderElection93] INFO  impl.LeaderElection (LeaderElection.java:askForVotes(181)) - f4e549ee-a6fa-4eb9-8541-129d0566fdf5:group-A7A58BAA9DB7:LeaderElection93: begin an election at term 1 for -1: [f4e549ee-a6fa-4eb9-8541-129d0566fdf5:192.168.36.79:40144], old=null
2019-09-20 04:49:15,824 [f4e549ee-a6fa-4eb9-8541-129d0566fdf5:group-2C693F1F04D2:LeaderElection90] INFO  impl.LeaderElection (LeaderElection.java:askForVotes(181)) - f4e549ee-a6fa-4eb9-8541-129d0566fdf5:group-2C693F1F04D2:LeaderElection90: begin an election at term 1 for -1: [f4e549ee-a6fa-4eb9-8541-129d0566fdf5:192.168.36.79:40144], old=null
2019-09-20 04:49:16,208 [f4e549ee-a6fa-4eb9-8541-129d0566fdf5:group-2C693F1F04D2:LeaderElection90] INFO  impl.RoleInfo (RoleInfo.java:shutdownLeaderElection(134)) - f4e549ee-a6fa-4eb9-8541-129d0566fdf5: shutdown LeaderElection
2019-09-20 04:49:15,824 [8538cd65-7926-426b-8bad-fbd0f0550f9a:group-0FD9AE1148B1:LeaderElection91] INFO  impl.LeaderElection (LeaderElection.java:askForVotes(181)) - 8538cd65-7926-426b-8bad-fbd0f0550f9a:group-0FD9AE1148B1:LeaderElection91: begin an election at term 1 for -1: [8538cd65-7926-426b-8bad-fbd0f0550f9a:192.168.36.79:37381], old=null
2019-09-20 04:49:15,824 [bd1a845e-f2ed-4713-9516-9ccc20139040-SegmentedRaftLogWorker:Storage Directory /workdir/hadoop-ozone/integration-test/target/test-dir/MiniOzoneClusterImpl-cd85f641-6806-455e-b969-480e50aec385/datanode-5/data/ratis/1a520076-d23a-499c-8fc7-c696892c060f] INFO  impl.RaftServerImpl (ServerState.java:close(394)) - bd1a845e-f2ed-4713-9516-9ccc20139040:group-C696892C060F closes. The last applied log index is -1
2019-09-20 04:49:15,821 [8538cd65-7926-426b-8bad-fbd0f0550f9a:group-E20EA59B318E:LeaderElection89] INFO  impl.LeaderElection (LeaderElection.java:askForVotes(181)) - 8538cd65-7926-426b-8bad-fbd0f0550f9a:group-E20EA59B318E:LeaderElection89: begin an election at term 1 for -1: [8538cd65-7926-426b-8bad-fbd0f0550f9a:192.168.36.79:37381], old=null
2019-09-20 04:49:15,821 [f4e549ee-a6fa-4eb9-8541-129d0566fdf5:group-3E3C2EBF4898:LeaderElection94] INFO  impl.LeaderElection (LeaderElection.java:askForVotes(181)) - f4e549ee-a6fa-4eb9-8541-129d0566fdf5:group-3E3C2EBF4898:LeaderElection94: begin an election at term 1 for -1: [f4e549ee-a6fa-4eb9-8541-129d0566fdf5:192.168.36.79:40144], old=null
2019-09-20 04:49:15,821 [f4e549ee-a6fa-4eb9-8541-129d0566fdf5:group-B8D35009723B:LeaderElection92] INFO  impl.LeaderElection (LeaderElection.java:askForVotes(181)) - f4e549ee-a6fa-4eb9-8541-129d0566fdf5:group-B8D35009723B:LeaderElection92: begin an election at term 1 for -1: [f4e549ee-a6fa-4eb9-8541-129d0566fdf5:192.168.36.79:40144], old=null
2019-09-20 04:49:16,209 [f4e549ee-a6fa-4eb9-8541-129d0566fdf5:group-B8D35009723B:LeaderElection92] INFO  impl.RoleInfo (RoleInfo.java:shutdownLeaderElection(134)) - f4e549ee-a6fa-4eb9-8541-129d0566fdf5: shutdown LeaderElection
2019-09-20 04:49:15,820 [8538cd65-7926-426b-8bad-fbd0f0550f9a:group-89DD9C3A796B:LeaderElection86] INFO  impl.LeaderElection (LeaderElection.java:askForVotes(181)) - 8538cd65-7926-426b-8bad-fbd0f0550f9a:group-89DD9C3A796B:LeaderElection86: begin an election at term 1 for -1: [8538cd65-7926-426b-8bad-fbd0f0550f9a:192.168.36.79:37381], old=null
2019-09-20 04:49:15,806 [dba845b8-ea76-4e09-ab03-0883d354e493-SegmentedRaftLogWorker:Storage Directory /workdir/hadoop-ozone/integration-test/target/test-dir/MiniOzoneClusterImpl-cd85f641-6806-455e-b969-480e50aec385/datanode-6/data/ratis/f89a8d0e-569b-4e40-8a09-ea3f72ddb3ce] INFO  impl.StateMachineUpdater (StateMachineUpdater.java:stopAndJoin(115)) - StateMachineUpdater:dba845b8-ea76-4e09-ab03-0883d354e493:group-EA3F72DDB3CE: set stopIndex = -1
2019-09-20 04:49:15,806 [bd1a845e-f2ed-4713-9516-9ccc20139040-SegmentedRaftLogWorker:Storage Directory /workdir/hadoop-ozone/integration-test/target/test-dir/MiniOzoneClusterImpl-cd85f641-6806-455e-b969-480e50aec385/datanode-5/data/ratis/f8b856db-2b3c-4811-966c-3c7298291ca1] INFO  impl.RoleInfo (RoleInfo.java:shutdownLeaderState(104)) - bd1a845e-f2ed-4713-9516-9ccc20139040: shutdown LeaderState
2019-09-20 04:49:16,209 [dba845b8-ea76-4e09-ab03-0883d354e493-SegmentedRaftLogWorker:Storage Directory /workdir/hadoop-ozone/integration-test/target/test-dir/MiniOzoneClusterImpl-cd85f641-6806-455e-b969-480e50aec385/datanode-6/data/ratis/f89a8d0e-569b-4e40-8a09-ea3f72ddb3ce] INFO  impl.RaftServerImpl (ServerState.java:close(394)) - dba845b8-ea76-4e09-ab03-0883d354e493:group-EA3F72DDB3CE closes. The last applied log index is -1
2019-09-20 04:49:16,209 [8538cd65-7926-426b-8bad-fbd0f0550f9a:group-89DD9C3A796B:LeaderElection86] INFO  impl.RoleInfo (RoleInfo.java:shutdownLeaderElection(134)) - 8538cd65-7926-426b-8bad-fbd0f0550f9a: shutdown LeaderElection
2019-09-20 04:49:16,210 [dba845b8-ea76-4e09-ab03-0883d354e493-SegmentedRaftLogWorker:Storage Directory /workdir/hadoop-ozone/integration-test/target/test-dir/MiniOzoneClusterImpl-cd85f641-6806-455e-b969-480e50aec385/datanode-6/data/ratis/f89a8d0e-569b-4e40-8a09-ea3f72ddb3ce] INFO  segmented.SegmentedRaftLogWorker (SegmentedRaftLogWorker.java:close(228)) - dba845b8-ea76-4e09-ab03-0883d354e493-SegmentedRaftLogWorker:Storage Directory /workdir/hadoop-ozone/integration-test/target/test-dir/MiniOzoneClusterImpl-cd85f641-6806-455e-b969-480e50aec385/datanode-6/data/ratis/f89a8d0e-569b-4e40-8a09-ea3f72ddb3ce close()
2019-09-20 04:49:16,209 [f4e549ee-a6fa-4eb9-8541-129d0566fdf5:group-B8D35009723B:LeaderElection92] INFO  impl.RaftServerImpl (RaftServerImpl.java:setRole(171)) - f4e549ee-a6fa-4eb9-8541-129d0566fdf5:group-B8D35009723B changes role from CANDIDATE to LEADER at term 1 for changeToLeader
2019-09-20 04:49:16,209 [f4e549ee-a6fa-4eb9-8541-129d0566fdf5:group-3E3C2EBF4898:LeaderElection94] INFO  impl.RoleInfo (RoleInfo.java:shutdownLeaderElection(134)) - f4e549ee-a6fa-4eb9-8541-129d0566fdf5: shutdown LeaderElection
2019-09-20 04:49:16,219 [f4e549ee-a6fa-4eb9-8541-129d0566fdf5:group-3E3C2EBF4898:LeaderElection94] INFO  impl.RaftServerImpl (RaftServerImpl.java:setRole(171)) - f4e549ee-a6fa-4eb9-8541-129d0566fdf5:group-3E3C2EBF4898 changes role from CANDIDATE to LEADER at term 1 for changeToLeader
2019-09-20 04:49:16,209 [bd1a845e-f2ed-4713-9516-9ccc20139040-SegmentedRaftLogWorker:Storage Directory /workdir/hadoop-ozone/integration-test/target/test-dir/MiniOzoneClusterImpl-cd85f641-6806-455e-b969-480e50aec385/datanode-5/data/ratis/1a520076-d23a-499c-8fc7-c696892c060f] INFO  segmented.SegmentedRaftLogWorker (SegmentedRaftLogWorker.java:close(228)) - bd1a845e-f2ed-4713-9516-9ccc20139040-SegmentedRaftLogWorker:Storage Directory /workdir/hadoop-ozone/integration-test/target/test-dir/MiniOzoneClusterImpl-cd85f641-6806-455e-b969-480e50aec385/datanode-5/data/ratis/1a520076-d23a-499c-8fc7-c696892c060f close()
2019-09-20 04:49:16,209 [8538cd65-7926-426b-8bad-fbd0f0550f9a:group-E20EA59B318E:LeaderElection89] INFO  impl.RoleInfo (RoleInfo.java:shutdownLeaderElection(134)) - 8538cd65-7926-426b-8bad-fbd0f0550f9a: shutdown LeaderElection
2019-09-20 04:49:16,227 [8538cd65-7926-426b-8bad-fbd0f0550f9a:group-E20EA59B318E:LeaderElection89] INFO  impl.RaftServerImpl (RaftServerImpl.java:setRole(171)) - 8538cd65-7926-426b-8bad-fbd0f0550f9a:group-E20EA59B318E changes role from CANDIDATE to LEADER at term 1 for changeToLeader
2019-09-20 04:49:16,228 [8538cd65-7926-426b-8bad-fbd0f0550f9a:group-E20EA59B318E:LeaderElection89] INFO  impl.RaftServerImpl (ServerState.java:setLeader(263)) - 8538cd65-7926-426b-8bad-fbd0f0550f9a:group-E20EA59B318E change Leader from null to 8538cd65-7926-426b-8bad-fbd0f0550f9a at term 1 for becomeLeader, leader elected after 5732ms
2019-09-20 04:49:16,209 [8538cd65-7926-426b-8bad-fbd0f0550f9a:group-0FD9AE1148B1:LeaderElection91] INFO  impl.RoleInfo (RoleInfo.java:shutdownLeaderElection(134)) - 8538cd65-7926-426b-8bad-fbd0f0550f9a: shutdown LeaderElection
2019-09-20 04:49:16,208 [f4e549ee-a6fa-4eb9-8541-129d0566fdf5:group-2C693F1F04D2:LeaderElection90] INFO  impl.RaftServerImpl (RaftServerImpl.java:setRole(171)) - f4e549ee-a6fa-4eb9-8541-129d0566fdf5:group-2C693F1F04D2 changes role from CANDIDATE to LEADER at term 1 for changeToLeader
2019-09-20 04:49:16,208 [f4e549ee-a6fa-4eb9-8541-129d0566fdf5:group-A7A58BAA9DB7:LeaderElection93] INFO  impl.RoleInfo (RoleInfo.java:shutdownLeaderElection(134)) - f4e549ee-a6fa-4eb9-8541-129d0566fdf5: shutdown LeaderElection
2019-09-20 04:49:16,208 [f4e549ee-a6fa-4eb9-8541-129d0566fdf5:group-2F9ACABBF226:LeaderElection87] INFO  impl.RoleInfo (RoleInfo.java:shutdownLeaderElection(134)) - f4e549ee-a6fa-4eb9-8541-129d0566fdf5: shutdown LeaderElection
2019-09-20 04:49:16,208 [8538cd65-7926-426b-8bad-fbd0f0550f9a:group-F3715B7B99DC:LeaderElection88] INFO  impl.RoleInfo (RoleInfo.java:shutdownLeaderElection(134)) - 8538cd65-7926-426b-8bad-fbd0f0550f9a: shutdown LeaderElection
2019-09-20 04:49:16,208 [pool-262-thread-1] INFO  server.RaftServerConfigKeys (ConfUtils.java:logGet(43)) - raft.server.log.segment.size.max = 1048576 (custom)
2019-09-20 04:49:16,208 [Thread-1170] INFO  impl.RoleInfo (RoleInfo.java:shutdownFollowerState(121)) - 5ea19b84-5385-4ae9-8412-c4cfa929b172: shutdown FollowerState
2019-09-20 04:49:16,208 [Thread-1173] INFO  impl.RoleInfo (RoleInfo.java:shutdownFollowerState(121)) - 5ea19b84-5385-4ae9-8412-c4cfa929b172: shutdown FollowerState
2019-09-20 04:49:16,208 [Thread-1164] INFO  impl.RaftServerImpl (RaftServerImpl.java:setRole(171)) - 5ea19b84-5385-4ae9-8412-c4cfa929b172:group-3F6F94B8F0AF changes role from FOLLOWER to CANDIDATE at term 0 for changeToCandidate
2019-09-20 04:49:16,207 [Thread-1167] INFO  impl.RoleInfo (RoleInfo.java:shutdownFollowerState(121)) - 5ea19b84-5385-4ae9-8412-c4cfa929b172: shutdown FollowerState
2019-09-20 04:49:16,207 [Thread-1158] INFO  impl.RoleInfo (RoleInfo.java:shutdownFollowerState(121)) - 5ea19b84-5385-4ae9-8412-c4cfa929b172: shutdown FollowerState
2019-09-20 04:49:16,207 [Thread-1161] INFO  impl.RoleInfo (RoleInfo.java:shutdownFollowerState(121)) - 5ea19b84-5385-4ae9-8412-c4cfa929b172: shutdown FollowerState
2019-09-20 04:49:16,207 [Thread-1155] INFO  impl.RoleInfo (RoleInfo.java:shutdownFollowerState(121)) - 8538cd65-7926-426b-8bad-fbd0f0550f9a: shutdown FollowerState
2019-09-20 04:49:16,229 [Thread-1155] INFO  impl.RaftServerImpl (RaftServerImpl.java:setRole(171)) - 8538cd65-7926-426b-8bad-fbd0f0550f9a:group-D8CA85E292D5 changes role from FOLLOWER to CANDIDATE at term 0 for changeToCandidate
2019-09-20 04:49:16,207 [main] INFO  rpc.RpcClient (RpcClient.java:createBucket(432)) - Creating Bucket: watchforcommithandlingtest/watchforcommithandlingtest, with Versioning false and Storage Type set to DISK and Encryption set to false 
2019-09-20 04:49:16,207 [f4e549ee-a6fa-4eb9-8541-129d0566fdf5:group-4976C8D399E6:LeaderElection95] INFO  impl.RoleInfo (RoleInfo.java:shutdownLeaderElection(134)) - f4e549ee-a6fa-4eb9-8541-129d0566fdf5: shutdown LeaderElection
2019-09-20 04:49:16,229 [f4e549ee-a6fa-4eb9-8541-129d0566fdf5:group-4976C8D399E6:LeaderElection95] INFO  impl.RaftServerImpl (RaftServerImpl.java:setRole(171)) - f4e549ee-a6fa-4eb9-8541-129d0566fdf5:group-4976C8D399E6 changes role from CANDIDATE to LEADER at term 1 for changeToLeader
2019-09-20 04:49:16,207 [eb30d72f-c0a8-4ecb-bfee-9120a9a6cddf:group-FCE453CDE994:LeaderElection83] INFO  impl.RoleInfo (RoleInfo.java:updateAndGet(143)) - eb30d72f-c0a8-4ecb-bfee-9120a9a6cddf: start LeaderState
2019-09-20 04:49:16,207 [eb30d72f-c0a8-4ecb-bfee-9120a9a6cddf:group-6C272A5B19D4:LeaderElection85] INFO  server.RaftServerConfigKeys (ConfUtils.java:logGet(43)) - raft.server.watch.timeout.denomination = 1s (default)
2019-09-20 04:49:16,229 [eb30d72f-c0a8-4ecb-bfee-9120a9a6cddf:group-FCE453CDE994:LeaderElection83] INFO  segmented.SegmentedRaftLogWorker (SegmentedRaftLogWorker.java:startLogSegment(380)) - eb30d72f-c0a8-4ecb-bfee-9120a9a6cddf-SegmentedRaftLogWorker:Storage Directory /workdir/hadoop-ozone/integration-test/target/test-dir/MiniOzoneClusterImpl-bb3956c2-c4d1-403a-b406-f8ec73b3905b/datanode-0/data/ratis/3b7d842a-3a2c-4136-9350-fce453cde994: Starting segment from index:0
2019-09-20 04:49:16,229 [f4e549ee-a6fa-4eb9-8541-129d0566fdf5:group-4976C8D399E6:LeaderElection95] INFO  impl.RaftServerImpl (ServerState.java:setLeader(263)) - f4e549ee-a6fa-4eb9-8541-129d0566fdf5:group-4976C8D399E6 change Leader from null to f4e549ee-a6fa-4eb9-8541-129d0566fdf5 at term 1 for becomeLeader, leader elected after 5599ms
2019-09-20 04:49:16,229 [Thread-1155] INFO  impl.RoleInfo (RoleInfo.java:updateAndGet(143)) - 8538cd65-7926-426b-8bad-fbd0f0550f9a: start LeaderElection
2019-09-20 04:49:16,229 [Thread-1161] INFO  impl.RaftServerImpl (RaftServerImpl.java:setRole(171)) - 5ea19b84-5385-4ae9-8412-c4cfa929b172:group-18888425844F changes role from FOLLOWER to CANDIDATE at term 0 for changeToCandidate
2019-09-20 04:49:16,229 [Thread-1158] INFO  impl.RaftServerImpl (RaftServerImpl.java:setRole(171)) - 5ea19b84-5385-4ae9-8412-c4cfa929b172:group-D3671F3B1CB0 changes role from FOLLOWER to CANDIDATE at term 0 for changeToCandidate
2019-09-20 04:49:16,229 [Thread-1167] INFO  impl.RaftServerImpl (RaftServerImpl.java:setRole(171)) - 5ea19b84-5385-4ae9-8412-c4cfa929b172:group-CE8C03EEB81D changes role from FOLLOWER to CANDIDATE at term 0 for changeToCandidate
2019-09-20 04:49:16,555 | INFO  | SCMAudit | user=jenkins1000 | ip=192.168.36.79 | op=SEND_HEARTBEAT {datanodeUUID=f4e549ee-a6fa-4eb9-8541-129d0566fdf5, command=[]} | ret=SUCCESS |  
2019-09-20 04:49:16,555 | INFO  | SCMAudit | user=jenkins1000 | ip=192.168.36.79 | op=SEND_HEARTBEAT {datanodeUUID=8538cd65-7926-426b-8bad-fbd0f0550f9a, command=[]} | ret=SUCCESS |  
2019-09-20 04:49:16,229 [Thread-1164] INFO  impl.RoleInfo (RoleInfo.java:updateAndGet(143)) - 5ea19b84-5385-4ae9-8412-c4cfa929b172: start LeaderElection
2019-09-20 04:49:16,560 | INFO  | SCMAudit | user=jenkins1000 | ip=192.168.36.79 | op=SEND_HEARTBEAT {datanodeUUID=a9bc59c4-b792-48d5-9db2-4e71770477b1, command=[]} | ret=SUCCESS |  
2019-09-20 04:49:16,228 [Thread-1173] INFO  impl.RaftServerImpl (RaftServerImpl.java:setRole(171)) - 5ea19b84-5385-4ae9-8412-c4cfa929b172:group-4200AF398C62 changes role from FOLLOWER to CANDIDATE at term 0 for changeToCandidate
2019-09-20 04:49:16,228 [Thread-1170] INFO  impl.RaftServerImpl (RaftServerImpl.java:setRole(171)) - 5ea19b84-5385-4ae9-8412-c4cfa929b172:group-63AC9BD7AD41 changes role from FOLLOWER to CANDIDATE at term 0 for changeToCandidate
2019-09-20 04:49:16,228 [pool-262-thread-1] INFO  server.RaftServerConfigKeys (ConfUtils.java:logGet(43)) - raft.server.log.preallocated.size = 16384 (custom)
2019-09-20 04:49:16,228 [8538cd65-7926-426b-8bad-fbd0f0550f9a:group-F3715B7B99DC:LeaderElection88] INFO  impl.RaftServerImpl (RaftServerImpl.java:setRole(171)) - 8538cd65-7926-426b-8bad-fbd0f0550f9a:group-F3715B7B99DC changes role from CANDIDATE to LEADER at term 1 for changeToLeader
2019-09-20 04:49:16,561 | INFO  | OMAudit | user=jenkins1000 | ip=127.0.0.1 | op=CREATE_BUCKET {volume=watchforcommithandlingtest, bucket=watchforcommithandlingtest, acls=[user:jenkins1000:a[ACCESS], group:default:a[ACCESS]], isVersionEnabled=false, storageType=DISK, creationTime=0} | ret=SUCCESS |  
2019-09-20 04:49:16,228 [f4e549ee-a6fa-4eb9-8541-129d0566fdf5:group-2F9ACABBF226:LeaderElection87] INFO  impl.RaftServerImpl (RaftServerImpl.java:setRole(171)) - f4e549ee-a6fa-4eb9-8541-129d0566fdf5:group-2F9ACABBF226 changes role from CANDIDATE to LEADER at term 1 for changeToLeader
2019-09-20 04:49:16,228 [f4e549ee-a6fa-4eb9-8541-129d0566fdf5:group-A7A58BAA9DB7:LeaderElection93] INFO  impl.RaftServerImpl (RaftServerImpl.java:setRole(171)) - f4e549ee-a6fa-4eb9-8541-129d0566fdf5:group-A7A58BAA9DB7 changes role from CANDIDATE to LEADER at term 1 for changeToLeader
2019-09-20 04:49:16,228 [f4e549ee-a6fa-4eb9-8541-129d0566fdf5:group-2C693F1F04D2:LeaderElection90] INFO  impl.RaftServerImpl (ServerState.java:setLeader(263)) - f4e549ee-a6fa-4eb9-8541-129d0566fdf5:group-2C693F1F04D2 change Leader from null to f4e549ee-a6fa-4eb9-8541-129d0566fdf5 at term 1 for becomeLeader, leader elected after 5833ms
2019-09-20 04:49:16,228 [8538cd65-7926-426b-8bad-fbd0f0550f9a:group-E6F4F4AF1066:LeaderElection96] INFO  impl.LeaderElection (LeaderElection.java:askForVotes(181)) - 8538cd65-7926-426b-8bad-fbd0f0550f9a:group-E6F4F4AF1066:LeaderElection96: begin an election at term 1 for -1: [8538cd65-7926-426b-8bad-fbd0f0550f9a:192.168.36.79:37381], old=null
2019-09-20 04:49:16,228 [8538cd65-7926-426b-8bad-fbd0f0550f9a:group-0FD9AE1148B1:LeaderElection91] INFO  impl.RaftServerImpl (RaftServerImpl.java:setRole(171)) - 8538cd65-7926-426b-8bad-fbd0f0550f9a:group-0FD9AE1148B1 changes role from CANDIDATE to LEADER at term 1 for changeToLeader
2019-09-20 04:49:16,228 [8538cd65-7926-426b-8bad-fbd0f0550f9a:group-E20EA59B318E:LeaderElection89] INFO  server.RaftServerConfigKeys (ConfUtils.java:logGet(43)) - raft.server.staging.catchup.gap = 1000 (default)
2019-09-20 04:49:16,219 [f4e549ee-a6fa-4eb9-8541-129d0566fdf5:group-3E3C2EBF4898:LeaderElection94] INFO  impl.RaftServerImpl (ServerState.java:setLeader(263)) - f4e549ee-a6fa-4eb9-8541-129d0566fdf5:group-3E3C2EBF4898 change Leader from null to f4e549ee-a6fa-4eb9-8541-129d0566fdf5 at term 1 for becomeLeader, leader elected after 5665ms
2019-09-20 04:49:16,219 [f4e549ee-a6fa-4eb9-8541-129d0566fdf5:group-B8D35009723B:LeaderElection92] INFO  impl.RaftServerImpl (ServerState.java:setLeader(263)) - f4e549ee-a6fa-4eb9-8541-129d0566fdf5:group-B8D35009723B change Leader from null to f4e549ee-a6fa-4eb9-8541-129d0566fdf5 at term 1 for becomeLeader, leader elected after 5985ms
2019-09-20 04:49:16,210 [8538cd65-7926-426b-8bad-fbd0f0550f9a:group-89DD9C3A796B:LeaderElection86] INFO  impl.RaftServerImpl (RaftServerImpl.java:setRole(171)) - 8538cd65-7926-426b-8bad-fbd0f0550f9a:group-89DD9C3A796B changes role from CANDIDATE to LEADER at term 1 for changeToLeader
2019-09-20 04:49:16,209 [bd1a845e-f2ed-4713-9516-9ccc20139040-SegmentedRaftLogWorker:Storage Directory /workdir/hadoop-ozone/integration-test/target/test-dir/MiniOzoneClusterImpl-cd85f641-6806-455e-b969-480e50aec385/datanode-5/data/ratis/f8b856db-2b3c-4811-966c-3c7298291ca1] INFO  impl.PendingRequests (PendingRequests.java:sendNotLeaderResponses(202)) - bd1a845e-f2ed-4713-9516-9ccc20139040-PendingRequests: sendNotLeaderResponses
2019-09-20 04:49:16,562 [8538cd65-7926-426b-8bad-fbd0f0550f9a:group-89DD9C3A796B:LeaderElection86] INFO  impl.RaftServerImpl (ServerState.java:setLeader(263)) - 8538cd65-7926-426b-8bad-fbd0f0550f9a:group-89DD9C3A796B change Leader from null to 8538cd65-7926-426b-8bad-fbd0f0550f9a at term 1 for becomeLeader, leader elected after 6236ms
2019-09-20 04:49:16,562 [f4e549ee-a6fa-4eb9-8541-129d0566fdf5:group-B8D35009723B:LeaderElection92] INFO  server.RaftServerConfigKeys (ConfUtils.java:logGet(43)) - raft.server.staging.catchup.gap = 1000 (default)
2019-09-20 04:49:16,562 [f4e549ee-a6fa-4eb9-8541-129d0566fdf5:group-3E3C2EBF4898:LeaderElection94] INFO  server.RaftServerConfigKeys (ConfUtils.java:logGet(43)) - raft.server.staging.catchup.gap = 1000 (default)
2019-09-20 04:49:16,562 [8538cd65-7926-426b-8bad-fbd0f0550f9a:group-E20EA59B318E:LeaderElection89] INFO  server.RaftServerConfigKeys (ConfUtils.java:logGet(43)) - raft.server.rpc.sleep.time = 25ms (default)
2019-09-20 04:49:16,561 [8538cd65-7926-426b-8bad-fbd0f0550f9a:group-0FD9AE1148B1:LeaderElection91] INFO  impl.RaftServerImpl (ServerState.java:setLeader(263)) - 8538cd65-7926-426b-8bad-fbd0f0550f9a:group-0FD9AE1148B1 change Leader from null to 8538cd65-7926-426b-8bad-fbd0f0550f9a at term 1 for becomeLeader, leader elected after 6530ms
2019-09-20 04:49:16,561 [8538cd65-7926-426b-8bad-fbd0f0550f9a:group-E6F4F4AF1066:LeaderElection96] INFO  impl.RoleInfo (RoleInfo.java:shutdownLeaderElection(134)) - 8538cd65-7926-426b-8bad-fbd0f0550f9a: shutdown LeaderElection
2019-09-20 04:49:16,561 [main] INFO  ozone.MiniOzoneClusterImpl (MiniOzoneClusterImpl.java:getStorageContainerLocationClient(241)) - Creating StorageContainerLocationProtocol RPC client with address /0.0.0.0:46277
2019-09-20 04:49:16,561 [f4e549ee-a6fa-4eb9-8541-129d0566fdf5:group-2C693F1F04D2:LeaderElection90] INFO  server.RaftServerConfigKeys (ConfUtils.java:logGet(43)) - raft.server.staging.catchup.gap = 1000 (default)
2019-09-20 04:49:16,561 [f4e549ee-a6fa-4eb9-8541-129d0566fdf5:group-A7A58BAA9DB7:LeaderElection93] INFO  impl.RaftServerImpl (ServerState.java:setLeader(263)) - f4e549ee-a6fa-4eb9-8541-129d0566fdf5:group-A7A58BAA9DB7 change Leader from null to f4e549ee-a6fa-4eb9-8541-129d0566fdf5 at term 1 for becomeLeader, leader elected after 6283ms
2019-09-20 04:49:16,561 [f4e549ee-a6fa-4eb9-8541-129d0566fdf5:group-2F9ACABBF226:LeaderElection87] INFO  impl.RaftServerImpl (ServerState.java:setLeader(263)) - f4e549ee-a6fa-4eb9-8541-129d0566fdf5:group-2F9ACABBF226 change Leader from null to f4e549ee-a6fa-4eb9-8541-129d0566fdf5 at term 1 for becomeLeader, leader elected after 6408ms
2019-09-20 04:49:16,561 [8538cd65-7926-426b-8bad-fbd0f0550f9a:group-F3715B7B99DC:LeaderElection88] INFO  impl.RaftServerImpl (ServerState.java:setLeader(263)) - 8538cd65-7926-426b-8bad-fbd0f0550f9a:group-F3715B7B99DC change Leader from null to 8538cd65-7926-426b-8bad-fbd0f0550f9a at term 1 for becomeLeader, leader elected after 6478ms
2019-09-20 04:49:16,561 [pool-262-thread-1] INFO  server.RaftServerConfigKeys (ConfUtils.java:logGet(43)) - raft.server.log.write.buffer.size = 33554432 (custom)
2019-09-20 04:49:16,560 [Thread-1170] INFO  impl.RoleInfo (RoleInfo.java:updateAndGet(143)) - 5ea19b84-5385-4ae9-8412-c4cfa929b172: start LeaderElection
2019-09-20 04:49:16,560 [Thread-1173] INFO  impl.RoleInfo (RoleInfo.java:updateAndGet(143)) - 5ea19b84-5385-4ae9-8412-c4cfa929b172: start LeaderElection
2019-09-20 04:49:16,555 [Thread-1167] INFO  impl.RoleInfo (RoleInfo.java:updateAndGet(143)) - 5ea19b84-5385-4ae9-8412-c4cfa929b172: start LeaderElection
2019-09-20 04:49:16,555 [Thread-1158] INFO  impl.RoleInfo (RoleInfo.java:updateAndGet(143)) - 5ea19b84-5385-4ae9-8412-c4cfa929b172: start LeaderElection
2019-09-20 04:49:16,555 [eb30d72f-c0a8-4ecb-bfee-9120a9a6cddf:group-FCE453CDE994:LeaderElection83] INFO  impl.RaftServerImpl (ServerState.java:setRaftConf(361)) - eb30d72f-c0a8-4ecb-bfee-9120a9a6cddf:group-FCE453CDE994 set configuration 0: [eb30d72f-c0a8-4ecb-bfee-9120a9a6cddf:192.168.36.79:41740], old=null at 0
2019-09-20 04:49:16,555 [Thread-1161] INFO  impl.RoleInfo (RoleInfo.java:updateAndGet(143)) - 5ea19b84-5385-4ae9-8412-c4cfa929b172: start LeaderElection
2019-09-20 04:49:16,230 [f4e549ee-a6fa-4eb9-8541-129d0566fdf5:group-4976C8D399E6:LeaderElection95] INFO  server.RaftServerConfigKeys (ConfUtils.java:logGet(43)) - raft.server.staging.catchup.gap = 1000 (default)
2019-09-20 04:49:16,229 [eb30d72f-c0a8-4ecb-bfee-9120a9a6cddf:group-6C272A5B19D4:LeaderElection85] INFO  server.RaftServerConfigKeys (ConfUtils.java:logGet(43)) - raft.server.watch.element-limit = 65536 (default)
2019-09-20 04:49:16,565 [f4e549ee-a6fa-4eb9-8541-129d0566fdf5:group-4976C8D399E6:LeaderElection95] INFO  server.RaftServerConfigKeys (ConfUtils.java:logGet(43)) - raft.server.rpc.sleep.time = 25ms (default)
2019-09-20 04:49:16,564 [pool-262-thread-1] INFO  server.RaftServerConfigKeys (ConfUtils.java:logGet(43)) - raft.server.log.force.sync.num = 128 (default)
2019-09-20 04:49:16,564 [8538cd65-7926-426b-8bad-fbd0f0550f9a:group-F3715B7B99DC:LeaderElection88] INFO  server.RaftServerConfigKeys (ConfUtils.java:logGet(43)) - raft.server.staging.catchup.gap = 1000 (default)
2019-09-20 04:49:16,564 [f4e549ee-a6fa-4eb9-8541-129d0566fdf5:group-2F9ACABBF226:LeaderElection87] INFO  server.RaftServerConfigKeys (ConfUtils.java:logGet(43)) - raft.server.staging.catchup.gap = 1000 (default)
2019-09-20 04:49:16,564 [f4e549ee-a6fa-4eb9-8541-129d0566fdf5:group-A7A58BAA9DB7:LeaderElection93] INFO  server.RaftServerConfigKeys (ConfUtils.java:logGet(43)) - raft.server.staging.catchup.gap = 1000 (default)
2019-09-20 04:49:16,564 [f4e549ee-a6fa-4eb9-8541-129d0566fdf5:group-2C693F1F04D2:LeaderElection90] INFO  server.RaftServerConfigKeys (ConfUtils.java:logGet(43)) - raft.server.rpc.sleep.time = 25ms (default)
2019-09-20 04:49:16,563 [8538cd65-7926-426b-8bad-fbd0f0550f9a:group-E6F4F4AF1066:LeaderElection96] INFO  impl.RaftServerImpl (RaftServerImpl.java:setRole(171)) - 8538cd65-7926-426b-8bad-fbd0f0550f9a:group-E6F4F4AF1066 changes role from CANDIDATE to LEADER at term 1 for changeToLeader
2019-09-20 04:49:16,563 [8538cd65-7926-426b-8bad-fbd0f0550f9a:group-0FD9AE1148B1:LeaderElection91] INFO  server.RaftServerConfigKeys (ConfUtils.java:logGet(43)) - raft.server.staging.catchup.gap = 1000 (default)
2019-09-20 04:49:16,563 [8538cd65-7926-426b-8bad-fbd0f0550f9a:group-E20EA59B318E:LeaderElection89] INFO  server.RaftServerConfigKeys (ConfUtils.java:logGet(43)) - raft.server.write.element-limit = 4096 (default)
2019-09-20 04:49:16,563 [f4e549ee-a6fa-4eb9-8541-129d0566fdf5:group-3E3C2EBF4898:LeaderElection94] INFO  server.RaftServerConfigKeys (ConfUtils.java:logGet(43)) - raft.server.rpc.sleep.time = 25ms (default)
2019-09-20 04:49:16,563 [f4e549ee-a6fa-4eb9-8541-129d0566fdf5:group-B8D35009723B:LeaderElection92] INFO  server.RaftServerConfigKeys (ConfUtils.java:logGet(43)) - raft.server.rpc.sleep.time = 25ms (default)
2019-09-20 04:49:16,562 [8538cd65-7926-426b-8bad-fbd0f0550f9a:group-89DD9C3A796B:LeaderElection86] INFO  server.RaftServerConfigKeys (ConfUtils.java:logGet(43)) - raft.server.staging.catchup.gap = 1000 (default)
2019-09-20 04:49:16,562 [bd1a845e-f2ed-4713-9516-9ccc20139040-SegmentedRaftLogWorker:Storage Directory /workdir/hadoop-ozone/integration-test/target/test-dir/MiniOzoneClusterImpl-cd85f641-6806-455e-b969-480e50aec385/datanode-5/data/ratis/f8b856db-2b3c-4811-966c-3c7298291ca1] INFO  impl.StateMachineUpdater (StateMachineUpdater.java:stopAndJoin(115)) - StateMachineUpdater:bd1a845e-f2ed-4713-9516-9ccc20139040:group-3C7298291CA1: set stopIndex = -1
2019-09-20 04:49:16,567 [8538cd65-7926-426b-8bad-fbd0f0550f9a:group-89DD9C3A796B:LeaderElection86] INFO  server.RaftServerConfigKeys (ConfUtils.java:logGet(43)) - raft.server.rpc.sleep.time = 25ms (default)
2019-09-20 04:49:16,567 [f4e549ee-a6fa-4eb9-8541-129d0566fdf5:group-B8D35009723B:LeaderElection92] INFO  server.RaftServerConfigKeys (ConfUtils.java:logGet(43)) - raft.server.write.element-limit = 4096 (default)
2019-09-20 04:49:16,566 [f4e549ee-a6fa-4eb9-8541-129d0566fdf5:group-3E3C2EBF4898:LeaderElection94] INFO  server.RaftServerConfigKeys (ConfUtils.java:logGet(43)) - raft.server.write.element-limit = 4096 (default)
2019-09-20 04:49:16,566 [8538cd65-7926-426b-8bad-fbd0f0550f9a:group-E20EA59B318E:LeaderElection89] INFO  server.RaftServerConfigKeys (ConfUtils.java:logGet(43)) - raft.server.watch.timeout = 10s (default)
2019-09-20 04:49:16,566 [8538cd65-7926-426b-8bad-fbd0f0550f9a:group-0FD9AE1148B1:LeaderElection91] INFO  server.RaftServerConfigKeys (ConfUtils.java:logGet(43)) - raft.server.rpc.sleep.time = 25ms (default)
2019-09-20 04:49:16,566 [8538cd65-7926-426b-8bad-fbd0f0550f9a:group-E6F4F4AF1066:LeaderElection96] INFO  impl.RaftServerImpl (ServerState.java:setLeader(263)) - 8538cd65-7926-426b-8bad-fbd0f0550f9a:group-E6F4F4AF1066 change Leader from null to 8538cd65-7926-426b-8bad-fbd0f0550f9a at term 1 for becomeLeader, leader elected after 5860ms
2019-09-20 04:49:16,566 [f4e549ee-a6fa-4eb9-8541-129d0566fdf5:group-2C693F1F04D2:LeaderElection90] INFO  server.RaftServerConfigKeys (ConfUtils.java:logGet(43)) - raft.server.write.element-limit = 4096 (default)
2019-09-20 04:49:16,566 [f4e549ee-a6fa-4eb9-8541-129d0566fdf5:group-A7A58BAA9DB7:LeaderElection93] INFO  server.RaftServerConfigKeys (ConfUtils.java:logGet(43)) - raft.server.rpc.sleep.time = 25ms (default)
2019-09-20 04:49:16,566 [f4e549ee-a6fa-4eb9-8541-129d0566fdf5:group-2F9ACABBF226:LeaderElection87] INFO  server.RaftServerConfigKeys (ConfUtils.java:logGet(43)) - raft.server.rpc.sleep.time = 25ms (default)
2019-09-20 04:49:16,566 [8538cd65-7926-426b-8bad-fbd0f0550f9a:group-F3715B7B99DC:LeaderElection88] INFO  server.RaftServerConfigKeys (ConfUtils.java:logGet(43)) - raft.server.rpc.sleep.time = 25ms (default)
2019-09-20 04:49:16,565 [pool-262-thread-1] INFO  server.RaftServerConfigKeys (ConfUtils.java:logGet(43)) - raft.server.log.statemachine.data.sync = true (default)
2019-09-20 04:49:16,565 [f4e549ee-a6fa-4eb9-8541-129d0566fdf5:group-4976C8D399E6:LeaderElection95] INFO  server.RaftServerConfigKeys (ConfUtils.java:logGet(43)) - raft.server.write.element-limit = 4096 (default)
2019-09-20 04:49:16,565 [eb30d72f-c0a8-4ecb-bfee-9120a9a6cddf:group-6C272A5B19D4:LeaderElection85] INFO  impl.RoleInfo (RoleInfo.java:updateAndGet(143)) - eb30d72f-c0a8-4ecb-bfee-9120a9a6cddf: start LeaderState
2019-09-20 04:49:16,569 [f4e549ee-a6fa-4eb9-8541-129d0566fdf5:group-4976C8D399E6:LeaderElection95] INFO  server.RaftServerConfigKeys (ConfUtils.java:logGet(43)) - raft.server.watch.timeout = 10s (default)
2019-09-20 04:49:16,569 [eb30d72f-c0a8-4ecb-bfee-9120a9a6cddf:group-6C272A5B19D4:LeaderElection85] INFO  segmented.SegmentedRaftLogWorker (SegmentedRaftLogWorker.java:startLogSegment(380)) - eb30d72f-c0a8-4ecb-bfee-9120a9a6cddf-SegmentedRaftLogWorker:Storage Directory /workdir/hadoop-ozone/integration-test/target/test-dir/MiniOzoneClusterImpl-bb3956c2-c4d1-403a-b406-f8ec73b3905b/datanode-0/data/ratis/b95572b3-eaa8-4c64-8803-6c272a5b19d4: Starting segment from index:0
2019-09-20 04:49:16,568 [pool-262-thread-1] INFO  server.RaftServerConfigKeys (ConfUtils.java:logGet(43)) - raft.server.log.statemachine.data.sync.timeout = 10s (default)
2019-09-20 04:49:16,568 [8538cd65-7926-426b-8bad-fbd0f0550f9a:group-F3715B7B99DC:LeaderElection88] INFO  server.RaftServerConfigKeys (ConfUtils.java:logGet(43)) - raft.server.write.element-limit = 4096 (default)
2019-09-20 04:49:16,568 [f4e549ee-a6fa-4eb9-8541-129d0566fdf5:group-2F9ACABBF226:LeaderElection87] INFO  server.RaftServerConfigKeys (ConfUtils.java:logGet(43)) - raft.server.write.element-limit = 4096 (default)
2019-09-20 04:49:16,568 [f4e549ee-a6fa-4eb9-8541-129d0566fdf5:group-A7A58BAA9DB7:LeaderElection93] INFO  server.RaftServerConfigKeys (ConfUtils.java:logGet(43)) - raft.server.write.element-limit = 4096 (default)
2019-09-20 04:49:16,568 [f4e549ee-a6fa-4eb9-8541-129d0566fdf5:group-2C693F1F04D2:LeaderElection90] INFO  server.RaftServerConfigKeys (ConfUtils.java:logGet(43)) - raft.server.watch.timeout = 10s (default)
2019-09-20 04:49:16,568 [8538cd65-7926-426b-8bad-fbd0f0550f9a:group-E6F4F4AF1066:LeaderElection96] INFO  server.RaftServerConfigKeys (ConfUtils.java:logGet(43)) - raft.server.staging.catchup.gap = 1000 (default)
2019-09-20 04:49:16,570 [8538cd65-7926-426b-8bad-fbd0f0550f9a:group-E6F4F4AF1066:LeaderElection96] INFO  server.RaftServerConfigKeys (ConfUtils.java:logGet(43)) - raft.server.rpc.sleep.time = 25ms (default)
2019-09-20 04:49:16,568 [8538cd65-7926-426b-8bad-fbd0f0550f9a:group-0FD9AE1148B1:LeaderElection91] INFO  server.RaftServerConfigKeys (ConfUtils.java:logGet(43)) - raft.server.write.element-limit = 4096 (default)
2019-09-20 04:49:16,567 [8538cd65-7926-426b-8bad-fbd0f0550f9a:group-E20EA59B318E:LeaderElection89] INFO  server.RaftServerConfigKeys (ConfUtils.java:logGet(43)) - raft.server.watch.timeout.denomination = 1s (default)
2019-09-20 04:49:16,567 [f4e549ee-a6fa-4eb9-8541-129d0566fdf5:group-3E3C2EBF4898:LeaderElection94] INFO  server.RaftServerConfigKeys (ConfUtils.java:logGet(43)) - raft.server.watch.timeout = 10s (default)
2019-09-20 04:49:16,567 [f4e549ee-a6fa-4eb9-8541-129d0566fdf5:group-B8D35009723B:LeaderElection92] INFO  server.RaftServerConfigKeys (ConfUtils.java:logGet(43)) - raft.server.watch.timeout = 10s (default)
2019-09-20 04:49:16,570 [f4e549ee-a6fa-4eb9-8541-129d0566fdf5:group-B8D35009723B:LeaderElection92] INFO  server.RaftServerConfigKeys (ConfUtils.java:logGet(43)) - raft.server.watch.timeout.denomination = 1s (default)
2019-09-20 04:49:16,567 [8538cd65-7926-426b-8bad-fbd0f0550f9a:group-89DD9C3A796B:LeaderElection86] INFO  server.RaftServerConfigKeys (ConfUtils.java:logGet(43)) - raft.server.write.element-limit = 4096 (default)
2019-09-20 04:49:16,567 [bd1a845e-f2ed-4713-9516-9ccc20139040-SegmentedRaftLogWorker:Storage Directory /workdir/hadoop-ozone/integration-test/target/test-dir/MiniOzoneClusterImpl-cd85f641-6806-455e-b969-480e50aec385/datanode-5/data/ratis/f8b856db-2b3c-4811-966c-3c7298291ca1] INFO  impl.RaftServerImpl (ServerState.java:close(394)) - bd1a845e-f2ed-4713-9516-9ccc20139040:group-3C7298291CA1 closes. The last applied log index is -1
2019-09-20 04:49:16,883 | INFO  | SCMAudit | user=jenkins1000 | ip=192.168.36.79 | op=SEND_HEARTBEAT {datanodeUUID=dba845b8-ea76-4e09-ab03-0883d354e493, command=[]} | ret=SUCCESS |  
2019-09-20 04:49:16,883 | INFO  | SCMAudit | user=jenkins1000 | ip=192.168.36.79 | op=SEND_HEARTBEAT {datanodeUUID=0ad3f89e-804f-4845-89c5-5ff1a35a5dda, command=[]} | ret=SUCCESS |  
2019-09-20 04:49:16,883 | INFO  | SCMAudit | user=jenkins1000 | ip=192.168.36.79 | op=SEND_HEARTBEAT {datanodeUUID=eb30d72f-c0a8-4ecb-bfee-9120a9a6cddf, command=[]} | ret=SUCCESS |  
2019-09-20 04:49:16,883 | INFO  | SCMAudit | user=jenkins1000 | ip=192.168.36.79 | op=SEND_HEARTBEAT {datanodeUUID=c4f6294c-eda3-4afd-81f7-e69ed14da69f, command=[]} | ret=SUCCESS |  
2019-09-20 04:49:16,571 [8538cd65-7926-426b-8bad-fbd0f0550f9a:group-89DD9C3A796B:LeaderElection86] INFO  server.RaftServerConfigKeys (ConfUtils.java:logGet(43)) - raft.server.watch.timeout = 10s (default)
2019-09-20 04:49:16,571 [f4e549ee-a6fa-4eb9-8541-129d0566fdf5:group-B8D35009723B:LeaderElection92] INFO  server.RaftServerConfigKeys (ConfUtils.java:logGet(43)) - raft.server.watch.element-limit = 65536 (default)
2019-09-20 04:49:16,570 [f4e549ee-a6fa-4eb9-8541-129d0566fdf5:group-3E3C2EBF4898:LeaderElection94] INFO  server.RaftServerConfigKeys (ConfUtils.java:logGet(43)) - raft.server.watch.timeout.denomination = 1s (default)
2019-09-20 04:49:16,570 [8538cd65-7926-426b-8bad-fbd0f0550f9a:group-E20EA59B318E:LeaderElection89] INFO  server.RaftServerConfigKeys (ConfUtils.java:logGet(43)) - raft.server.watch.element-limit = 65536 (default)
2019-09-20 04:49:16,570 [8538cd65-7926-426b-8bad-fbd0f0550f9a:group-0FD9AE1148B1:LeaderElection91] INFO  server.RaftServerConfigKeys (ConfUtils.java:logGet(43)) - raft.server.watch.timeout = 10s (default)
2019-09-20 04:49:16,570 [8538cd65-7926-426b-8bad-fbd0f0550f9a:group-E6F4F4AF1066:LeaderElection96] INFO  server.RaftServerConfigKeys (ConfUtils.java:logGet(43)) - raft.server.write.element-limit = 4096 (default)
2019-09-20 04:49:16,570 [f4e549ee-a6fa-4eb9-8541-129d0566fdf5:group-2C693F1F04D2:LeaderElection90] INFO  server.RaftServerConfigKeys (ConfUtils.java:logGet(43)) - raft.server.watch.timeout.denomination = 1s (default)
2019-09-20 04:49:16,569 [f4e549ee-a6fa-4eb9-8541-129d0566fdf5:group-A7A58BAA9DB7:LeaderElection93] INFO  server.RaftServerConfigKeys (ConfUtils.java:logGet(43)) - raft.server.watch.timeout = 10s (default)
2019-09-20 04:49:16,569 [f4e549ee-a6fa-4eb9-8541-129d0566fdf5:group-2F9ACABBF226:LeaderElection87] INFO  server.RaftServerConfigKeys (ConfUtils.java:logGet(43)) - raft.server.watch.timeout = 10s (default)
2019-09-20 04:49:16,569 [8538cd65-7926-426b-8bad-fbd0f0550f9a:group-F3715B7B99DC:LeaderElection88] INFO  server.RaftServerConfigKeys (ConfUtils.java:logGet(43)) - raft.server.watch.timeout = 10s (default)
2019-09-20 04:49:16,885 [8538cd65-7926-426b-8bad-fbd0f0550f9a:group-F3715B7B99DC:LeaderElection88] INFO  server.RaftServerConfigKeys (ConfUtils.java:logGet(43)) - raft.server.watch.timeout.denomination = 1s (default)
2019-09-20 04:49:16,569 [eb30d72f-c0a8-4ecb-bfee-9120a9a6cddf:group-6C272A5B19D4:LeaderElection85] INFO  impl.RaftServerImpl (ServerState.java:setRaftConf(361)) - eb30d72f-c0a8-4ecb-bfee-9120a9a6cddf:group-6C272A5B19D4 set configuration 0: [eb30d72f-c0a8-4ecb-bfee-9120a9a6cddf:192.168.36.79:41740], old=null at 0
2019-09-20 04:49:16,569 [pool-262-thread-1] INFO  server.RaftServerConfigKeys (ConfUtils.java:logGet(43)) - raft.server.log.statemachine.data.sync.timeout.retry = -1 (default)
2019-09-20 04:49:16,569 [f4e549ee-a6fa-4eb9-8541-129d0566fdf5:group-4976C8D399E6:LeaderElection95] INFO  server.RaftServerConfigKeys (ConfUtils.java:logGet(43)) - raft.server.watch.timeout.denomination = 1s (default)
2019-09-20 04:49:16,885 [pool-262-thread-1] INFO  server.RaftServerConfigKeys (ConfUtils.java:logGet(43)) - raft.server.log.statemachine.data.caching.enabled = true (custom)
2019-09-20 04:49:16,885 [8538cd65-7926-426b-8bad-fbd0f0550f9a:group-F3715B7B99DC:LeaderElection88] INFO  server.RaftServerConfigKeys (ConfUtils.java:logGet(43)) - raft.server.watch.element-limit = 65536 (default)
2019-09-20 04:49:16,885 [f4e549ee-a6fa-4eb9-8541-129d0566fdf5:group-2F9ACABBF226:LeaderElection87] INFO  server.RaftServerConfigKeys (ConfUtils.java:logGet(43)) - raft.server.watch.timeout.denomination = 1s (default)
2019-09-20 04:49:16,884 [f4e549ee-a6fa-4eb9-8541-129d0566fdf5:group-A7A58BAA9DB7:LeaderElection93] INFO  server.RaftServerConfigKeys (ConfUtils.java:logGet(43)) - raft.server.watch.timeout.denomination = 1s (default)
2019-09-20 04:49:16,884 [f4e549ee-a6fa-4eb9-8541-129d0566fdf5:group-2C693F1F04D2:LeaderElection90] INFO  server.RaftServerConfigKeys (ConfUtils.java:logGet(43)) - raft.server.watch.element-limit = 65536 (default)
2019-09-20 04:49:16,884 [8538cd65-7926-426b-8bad-fbd0f0550f9a:group-E6F4F4AF1066:LeaderElection96] INFO  server.RaftServerConfigKeys (ConfUtils.java:logGet(43)) - raft.server.watch.timeout = 10s (default)
2019-09-20 04:49:16,884 [8538cd65-7926-426b-8bad-fbd0f0550f9a:group-0FD9AE1148B1:LeaderElection91] INFO  server.RaftServerConfigKeys (ConfUtils.java:logGet(43)) - raft.server.watch.timeout.denomination = 1s (default)
2019-09-20 04:49:16,886 [8538cd65-7926-426b-8bad-fbd0f0550f9a:group-0FD9AE1148B1:LeaderElection91] INFO  server.RaftServerConfigKeys (ConfUtils.java:logGet(43)) - raft.server.watch.element-limit = 65536 (default)
2019-09-20 04:49:16,884 [8538cd65-7926-426b-8bad-fbd0f0550f9a:group-E20EA59B318E:LeaderElection89] INFO  impl.RoleInfo (RoleInfo.java:updateAndGet(143)) - 8538cd65-7926-426b-8bad-fbd0f0550f9a: start LeaderState
2019-09-20 04:49:16,884 [f4e549ee-a6fa-4eb9-8541-129d0566fdf5:group-3E3C2EBF4898:LeaderElection94] INFO  server.RaftServerConfigKeys (ConfUtils.java:logGet(43)) - raft.server.watch.element-limit = 65536 (default)
2019-09-20 04:49:16,883 [f4e549ee-a6fa-4eb9-8541-129d0566fdf5:group-B8D35009723B:LeaderElection92] INFO  impl.RoleInfo (RoleInfo.java:updateAndGet(143)) - f4e549ee-a6fa-4eb9-8541-129d0566fdf5: start LeaderState
2019-09-20 04:49:16,883 [8538cd65-7926-426b-8bad-fbd0f0550f9a:group-D8CA85E292D5:LeaderElection98] INFO  impl.LeaderElection (LeaderElection.java:askForVotes(181)) - 8538cd65-7926-426b-8bad-fbd0f0550f9a:group-D8CA85E292D5:LeaderElection98: begin an election at term 1 for -1: [8538cd65-7926-426b-8bad-fbd0f0550f9a:192.168.36.79:37381], old=null
2019-09-20 04:49:16,883 [bd1a845e-f2ed-4713-9516-9ccc20139040-SegmentedRaftLogWorker:Storage Directory /workdir/hadoop-ozone/integration-test/target/test-dir/MiniOzoneClusterImpl-cd85f641-6806-455e-b969-480e50aec385/datanode-5/data/ratis/f8b856db-2b3c-4811-966c-3c7298291ca1] INFO  segmented.SegmentedRaftLogWorker (SegmentedRaftLogWorker.java:close(228)) - bd1a845e-f2ed-4713-9516-9ccc20139040-SegmentedRaftLogWorker:Storage Directory /workdir/hadoop-ozone/integration-test/target/test-dir/MiniOzoneClusterImpl-cd85f641-6806-455e-b969-480e50aec385/datanode-5/data/ratis/f8b856db-2b3c-4811-966c-3c7298291ca1 close()
2019-09-20 04:49:16,883 [8538cd65-7926-426b-8bad-fbd0f0550f9a:group-89DD9C3A796B:LeaderElection86] INFO  server.RaftServerConfigKeys (ConfUtils.java:logGet(43)) - raft.server.watch.timeout.denomination = 1s (default)
2019-09-20 04:49:16,881 [eb30d72f-c0a8-4ecb-bfee-9120a9a6cddf-SegmentedRaftLogWorker:Storage Directory /workdir/hadoop-ozone/integration-test/target/test-dir/MiniOzoneClusterImpl-bb3956c2-c4d1-403a-b406-f8ec73b3905b/datanode-0/data/ratis/b878318d-387d-4125-b83e-13071e6999e3] ERROR segmented.SegmentedRaftLogWorker (SegmentedRaftLogWorker.java:run(323)) - eb30d72f-c0a8-4ecb-bfee-9120a9a6cddf-SegmentedRaftLogWorker:Storage Directory /workdir/hadoop-ozone/integration-test/target/test-dir/MiniOzoneClusterImpl-bb3956c2-c4d1-403a-b406-f8ec73b3905b/datanode-0/data/ratis/b878318d-387d-4125-b83e-13071e6999e3 hit exception
java.lang.OutOfMemoryError: Direct buffer memory
	at java.nio.Bits.reserveMemory(Bits.java:666)
	at java.nio.DirectByteBuffer.<init>(DirectByteBuffer.java:123)
	at java.nio.ByteBuffer.allocateDirect(ByteBuffer.java:311)
	at org.apache.ratis.server.raftlog.segmented.BufferedWriteChannel.<init>(BufferedWriteChannel.java:41)
	at org.apache.ratis.server.raftlog.segmented.SegmentedRaftLogOutputStream.<init>(SegmentedRaftLogOutputStream.java:72)
	at org.apache.ratis.server.raftlog.segmented.SegmentedRaftLogWorker$StartLogSegment.execute(SegmentedRaftLogWorker.java:566)
	at org.apache.ratis.server.raftlog.segmented.SegmentedRaftLogWorker.run(SegmentedRaftLogWorker.java:289)
	at java.lang.Thread.run(Thread.java:748)
2019-09-20 04:49:16,881 [eb30d72f-c0a8-4ecb-bfee-9120a9a6cddf-SegmentedRaftLogWorker:Storage Directory /workdir/hadoop-ozone/integration-test/target/test-dir/MiniOzoneClusterImpl-bb3956c2-c4d1-403a-b406-f8ec73b3905b/datanode-0/data/ratis/60ccd2a5-54cc-4ed3-9f21-f55d25781e97] ERROR segmented.SegmentedRaftLogWorker (SegmentedRaftLogWorker.java:run(323)) - eb30d72f-c0a8-4ecb-bfee-9120a9a6cddf-SegmentedRaftLogWorker:Storage Directory /workdir/hadoop-ozone/integration-test/target/test-dir/MiniOzoneClusterImpl-bb3956c2-c4d1-403a-b406-f8ec73b3905b/datanode-0/data/ratis/60ccd2a5-54cc-4ed3-9f21-f55d25781e97 hit exception
java.lang.OutOfMemoryError: Direct buffer memory
	at java.nio.Bits.reserveMemory(Bits.java:666)
	at java.nio.DirectByteBuffer.<init>(DirectByteBuffer.java:123)
	at java.nio.ByteBuffer.allocateDirect(ByteBuffer.java:311)
	at org.apache.ratis.server.raftlog.segmented.BufferedWriteChannel.<init>(BufferedWriteChannel.java:41)
	at org.apache.ratis.server.raftlog.segmented.SegmentedRaftLogOutputStream.<init>(SegmentedRaftLogOutputStream.java:72)
	at org.apache.ratis.server.raftlog.segmented.SegmentedRaftLogWorker$StartLogSegment.execute(SegmentedRaftLogWorker.java:566)
	at org.apache.ratis.server.raftlog.segmented.SegmentedRaftLogWorker.run(SegmentedRaftLogWorker.java:289)
	at java.lang.Thread.run(Thread.java:748)
2019-09-20 04:49:16,881 [eb30d72f-c0a8-4ecb-bfee-9120a9a6cddf-SegmentedRaftLogWorker:Storage Directory /workdir/hadoop-ozone/integration-test/target/test-dir/MiniOzoneClusterImpl-bb3956c2-c4d1-403a-b406-f8ec73b3905b/datanode-0/data/ratis/41a5c070-d930-4254-8d2e-56065aba910b] ERROR segmented.SegmentedRaftLogWorker (SegmentedRaftLogWorker.java:run(323)) - eb30d72f-c0a8-4ecb-bfee-9120a9a6cddf-SegmentedRaftLogWorker:Storage Directory /workdir/hadoop-ozone/integration-test/target/test-dir/MiniOzoneClusterImpl-bb3956c2-c4d1-403a-b406-f8ec73b3905b/datanode-0/data/ratis/41a5c070-d930-4254-8d2e-56065aba910b hit exception
java.lang.OutOfMemoryError: Direct buffer memory
	at java.nio.Bits.reserveMemory(Bits.java:666)
	at java.nio.DirectByteBuffer.<init>(DirectByteBuffer.java:123)
	at java.nio.ByteBuffer.allocateDirect(ByteBuffer.java:311)
	at org.apache.ratis.server.raftlog.segmented.BufferedWriteChannel.<init>(BufferedWriteChannel.java:41)
	at org.apache.ratis.server.raftlog.segmented.SegmentedRaftLogOutputStream.<init>(SegmentedRaftLogOutputStream.java:72)
	at org.apache.ratis.server.raftlog.segmented.SegmentedRaftLogWorker$StartLogSegment.execute(SegmentedRaftLogWorker.java:566)
	at org.apache.ratis.server.raftlog.segmented.SegmentedRaftLogWorker.run(SegmentedRaftLogWorker.java:289)
	at java.lang.Thread.run(Thread.java:748)
2019-09-20 04:49:16,934 [5ea19b84-5385-4ae9-8412-c4cfa929b172:group-D3671F3B1CB0:LeaderElection100] INFO  impl.LeaderElection (LeaderElection.java:askForVotes(181)) - 5ea19b84-5385-4ae9-8412-c4cfa929b172:group-D3671F3B1CB0:LeaderElection100: begin an election at term 1 for -1: [5ea19b84-5385-4ae9-8412-c4cfa929b172:192.168.36.79:33428], old=null
2019-09-20 04:49:16,934 [eb30d72f-c0a8-4ecb-bfee-9120a9a6cddf-SegmentedRaftLogWorker:Storage Directory /workdir/hadoop-ozone/integration-test/target/test-dir/MiniOzoneClusterImpl-bb3956c2-c4d1-403a-b406-f8ec73b3905b/datanode-0/data/ratis/60ccd2a5-54cc-4ed3-9f21-f55d25781e97] INFO  impl.RaftServerImpl (RaftServerImpl.java:lambda$shutdown$3(245)) - eb30d72f-c0a8-4ecb-bfee-9120a9a6cddf: shutdown group-F55D25781E97
2019-09-20 04:49:16,934 [5ea19b84-5385-4ae9-8412-c4cfa929b172:group-CE8C03EEB81D:LeaderElection101] INFO  impl.LeaderElection (LeaderElection.java:askForVotes(181)) - 5ea19b84-5385-4ae9-8412-c4cfa929b172:group-CE8C03EEB81D:LeaderElection101: begin an election at term 1 for -1: [5ea19b84-5385-4ae9-8412-c4cfa929b172:192.168.36.79:33428], old=null
2019-09-20 04:49:16,934 [5ea19b84-5385-4ae9-8412-c4cfa929b172:group-18888425844F:LeaderElection99] INFO  impl.LeaderElection (LeaderElection.java:askForVotes(181)) - 5ea19b84-5385-4ae9-8412-c4cfa929b172:group-18888425844F:LeaderElection99: begin an election at term 1 for -1: [5ea19b84-5385-4ae9-8412-c4cfa929b172:192.168.36.79:33428], old=null
2019-09-20 04:49:16,934 [5ea19b84-5385-4ae9-8412-c4cfa929b172:group-4200AF398C62:LeaderElection102] INFO  impl.LeaderElection (LeaderElection.java:askForVotes(181)) - 5ea19b84-5385-4ae9-8412-c4cfa929b172:group-4200AF398C62:LeaderElection102: begin an election at term 1 for -1: [5ea19b84-5385-4ae9-8412-c4cfa929b172:192.168.36.79:33428], old=null
2019-09-20 04:49:16,934 [5ea19b84-5385-4ae9-8412-c4cfa929b172:group-3F6F94B8F0AF:LeaderElection97] INFO  impl.LeaderElection (LeaderElection.java:askForVotes(181)) - 5ea19b84-5385-4ae9-8412-c4cfa929b172:group-3F6F94B8F0AF:LeaderElection97: begin an election at term 1 for -1: [5ea19b84-5385-4ae9-8412-c4cfa929b172:192.168.36.79:33428], old=null
2019-09-20 04:49:16,934 [5ea19b84-5385-4ae9-8412-c4cfa929b172:group-63AC9BD7AD41:LeaderElection103] INFO  impl.LeaderElection (LeaderElection.java:askForVotes(181)) - 5ea19b84-5385-4ae9-8412-c4cfa929b172:group-63AC9BD7AD41:LeaderElection103: begin an election at term 1 for -1: [5ea19b84-5385-4ae9-8412-c4cfa929b172:192.168.36.79:33428], old=null
2019-09-20 04:49:16,935 [5ea19b84-5385-4ae9-8412-c4cfa929b172:group-63AC9BD7AD41:LeaderElection103] INFO  impl.RoleInfo (RoleInfo.java:shutdownLeaderElection(134)) - 5ea19b84-5385-4ae9-8412-c4cfa929b172: shutdown LeaderElection
2019-09-20 04:49:16,900 [eb30d72f-c0a8-4ecb-bfee-9120a9a6cddf-SegmentedRaftLogWorker:Storage Directory /workdir/hadoop-ozone/integration-test/target/test-dir/MiniOzoneClusterImpl-bb3956c2-c4d1-403a-b406-f8ec73b3905b/datanode-0/data/ratis/b878318d-387d-4125-b83e-13071e6999e3] INFO  impl.RaftServerImpl (RaftServerImpl.java:lambda$shutdown$3(245)) - eb30d72f-c0a8-4ecb-bfee-9120a9a6cddf: shutdown group-13071E6999E3
2019-09-20 04:49:16,900 [8538cd65-7926-426b-8bad-fbd0f0550f9a:group-89DD9C3A796B:LeaderElection86] INFO  server.RaftServerConfigKeys (ConfUtils.java:logGet(43)) - raft.server.watch.element-limit = 65536 (default)
2019-09-20 04:49:16,887 [8538cd65-7926-426b-8bad-fbd0f0550f9a:group-D8CA85E292D5:LeaderElection98] INFO  impl.RoleInfo (RoleInfo.java:shutdownLeaderElection(134)) - 8538cd65-7926-426b-8bad-fbd0f0550f9a: shutdown LeaderElection
2019-09-20 04:49:16,887 [f4e549ee-a6fa-4eb9-8541-129d0566fdf5:group-B8D35009723B:LeaderElection92] INFO  segmented.SegmentedRaftLogWorker (SegmentedRaftLogWorker.java:startLogSegment(380)) - f4e549ee-a6fa-4eb9-8541-129d0566fdf5-SegmentedRaftLogWorker:Storage Directory /workdir/hadoop-ozone/integration-test/target/test-dir/MiniOzoneClusterImpl-bb3956c2-c4d1-403a-b406-f8ec73b3905b/datanode-1/data/ratis/5d268bd6-8c89-4bad-a48a-b8d35009723b: Starting segment from index:0
2019-09-20 04:49:16,887 [f4e549ee-a6fa-4eb9-8541-129d0566fdf5:group-3E3C2EBF4898:LeaderElection94] INFO  impl.RoleInfo (RoleInfo.java:updateAndGet(143)) - f4e549ee-a6fa-4eb9-8541-129d0566fdf5: start LeaderState
2019-09-20 04:49:17,276 | INFO  | SCMAudit | user=jenkins1000 | ip=192.168.36.79 | op=SEND_HEARTBEAT {datanodeUUID=5ea19b84-5385-4ae9-8412-c4cfa929b172, command=[]} | ret=SUCCESS |  
2019-09-20 04:49:17,276 | INFO  | SCMAudit | user=jenkins1000 | ip=192.168.36.79 | op=SEND_HEARTBEAT {datanodeUUID=68a93ad8-b6a8-44e1-8a9f-45fcc58d229a, command=[]} | ret=SUCCESS |  
2019-09-20 04:49:17,278 | INFO  | SCMAudit | user=jenkins1000 | ip=192.168.36.79 | op=SEND_HEARTBEAT {datanodeUUID=ea71b9af-1075-4196-9693-aa14e10f536d, command=[]} | ret=SUCCESS |  
2019-09-20 04:49:17,278 | INFO  | SCMAudit | user=jenkins1000 | ip=192.168.36.79 | op=SEND_HEARTBEAT {datanodeUUID=2d6465ef-cffa-473a-a4c6-a9aa3f1a26c0, command=[]} | ret=SUCCESS |  
2019-09-20 04:49:16,887 [8538cd65-7926-426b-8bad-fbd0f0550f9a:group-E20EA59B318E:LeaderElection89] INFO  segmented.SegmentedRaftLogWorker (SegmentedRaftLogWorker.java:startLogSegment(380)) - 8538cd65-7926-426b-8bad-fbd0f0550f9a-SegmentedRaftLogWorker:Storage Directory /workdir/hadoop-ozone/integration-test/target/test-dir/MiniOzoneClusterImpl-bb3956c2-c4d1-403a-b406-f8ec73b3905b/datanode-2/data/ratis/a2e51e51-9600-4027-a6b4-e20ea59b318e: Starting segment from index:0
2019-09-20 04:49:17,278 | INFO  | SCMAudit | user=jenkins1000 | ip=192.168.36.79 | op=SEND_HEARTBEAT {datanodeUUID=1d91ad97-6666-4ee7-855a-8b5e944e7401, command=[]} | ret=SUCCESS |  
2019-09-20 04:49:16,886 [8538cd65-7926-426b-8bad-fbd0f0550f9a:group-0FD9AE1148B1:LeaderElection91] INFO  impl.RoleInfo (RoleInfo.java:updateAndGet(143)) - 8538cd65-7926-426b-8bad-fbd0f0550f9a: start LeaderState
2019-09-20 04:49:16,886 [8538cd65-7926-426b-8bad-fbd0f0550f9a:group-E6F4F4AF1066:LeaderElection96] INFO  server.RaftServerConfigKeys (ConfUtils.java:logGet(43)) - raft.server.watch.timeout.denomination = 1s (default)
2019-09-20 04:49:17,585 | INFO  | SCMAudit | user=jenkins1000 | ip=192.168.36.79 | op=SEND_HEARTBEAT {datanodeUUID=8538cd65-7926-426b-8bad-fbd0f0550f9a, command=[]} | ret=SUCCESS |  
2019-09-20 04:49:17,585 | INFO  | SCMAudit | user=jenkins1000 | ip=192.168.36.79 | op=SEND_HEARTBEAT {datanodeUUID=f4e549ee-a6fa-4eb9-8541-129d0566fdf5, command=[]} | ret=SUCCESS |  
2019-09-20 04:49:17,585 | INFO  | SCMAudit | user=jenkins1000 | ip=192.168.36.79 | op=SEND_HEARTBEAT {datanodeUUID=a9bc59c4-b792-48d5-9db2-4e71770477b1, command=[]} | ret=SUCCESS |  
2019-09-20 04:49:17,279 | INFO  | SCMAudit | user=jenkins1000 | ip=192.168.36.79 | op=SEND_HEARTBEAT {datanodeUUID=42fc6e92-fcdd-4827-b621-9fc58a3d2315, command=[]} | ret=SUCCESS |  
2019-09-20 04:49:16,886 [f4e549ee-a6fa-4eb9-8541-129d0566fdf5:group-2C693F1F04D2:LeaderElection90] INFO  impl.RoleInfo (RoleInfo.java:updateAndGet(143)) - f4e549ee-a6fa-4eb9-8541-129d0566fdf5: start LeaderState
2019-09-20 04:49:17,586 | INFO  | SCMAudit | user=jenkins1000 | ip=192.168.36.79 | op=SEND_HEARTBEAT {datanodeUUID=3c2a6bfe-f5c5-4e23-89b0-850dab17697d, command=[]} | ret=SUCCESS |  
2019-09-20 04:49:17,586 | INFO  | SCMAudit | user=jenkins1000 | ip=192.168.36.79 | op=SEND_HEARTBEAT {datanodeUUID=bd1a845e-f2ed-4713-9516-9ccc20139040, command=[]} | ret=SUCCESS |  
2019-09-20 04:49:17,586 | INFO  | SCMAudit | user=jenkins1000 | ip=192.168.36.79 | op=SEND_HEARTBEAT {datanodeUUID=ba95d636-ac34-4b74-a102-dec8d0f377c6, command=[]} | ret=SUCCESS |  
2019-09-20 04:49:17,586 [8538cd65-7926-426b-8bad-fbd0f0550f9a:group-E6F4F4AF1066:LeaderElection96] INFO  server.RaftServerConfigKeys (ConfUtils.java:logGet(43)) - raft.server.watch.element-limit = 65536 (default)
2019-09-20 04:49:17,586 | INFO  | SCMAudit | user=jenkins1000 | ip=192.168.36.79 | op=SEND_HEARTBEAT {datanodeUUID=236eed40-dd97-4fdc-a0ae-ab99685a426b, command=[]} | ret=SUCCESS |  
2019-09-20 04:49:17,586 | INFO  | SCMAudit | user=jenkins1000 | ip=192.168.36.79 | op=SEND_HEARTBEAT {datanodeUUID=fdbc37f2-9e58-4bac-a5d5-a78839d012e9, command=[]} | ret=SUCCESS |  
2019-09-20 04:49:16,886 [f4e549ee-a6fa-4eb9-8541-129d0566fdf5:group-A7A58BAA9DB7:LeaderElection93] INFO  server.RaftServerConfigKeys (ConfUtils.java:logGet(43)) - raft.server.watch.element-limit = 65536 (default)
2019-09-20 04:49:17,586 | INFO  | SCMAudit | user=jenkins1000 | ip=192.168.36.79 | op=SEND_HEARTBEAT {datanodeUUID=eaf3ecbe-c3b1-4969-ad3a-e4de7fb04f81, command=[]} | ret=SUCCESS |  
2019-09-20 04:49:17,586 [8538cd65-7926-426b-8bad-fbd0f0550f9a:group-E6F4F4AF1066:LeaderElection96] INFO  impl.RoleInfo (RoleInfo.java:updateAndGet(143)) - 8538cd65-7926-426b-8bad-fbd0f0550f9a: start LeaderState
2019-09-20 04:49:16,886 [f4e549ee-a6fa-4eb9-8541-129d0566fdf5:group-2F9ACABBF226:LeaderElection87] INFO  server.RaftServerConfigKeys (ConfUtils.java:logGet(43)) - raft.server.watch.element-limit = 65536 (default)
2019-09-20 04:49:17,587 | INFO  | SCMAudit | user=jenkins1000 | ip=192.168.36.79 | op=SEND_HEARTBEAT {datanodeUUID=2702b462-69d8-4c1b-aae1-091a21fe08b8, command=[]} | ret=SUCCESS |  
2019-09-20 04:49:16,886 [pool-262-thread-1] INFO  segmented.SegmentedRaftLogWorker (SegmentedRaftLogWorker.java:lambda$new$0(132)) - 0ad3f89e-804f-4845-89c5-5ff1a35a5dda-SegmentedRaftLogWorker:Storage Directory /workdir/hadoop-ozone/integration-test/target/test-dir/MiniOzoneClusterImpl-bb3956c2-c4d1-403a-b406-f8ec73b3905b/datanode-4/data/ratis/6019d495-f64c-42a1-a79e-fcafdf7e9e51: flushIndex: setUnconditionally 0 -> -1
2019-09-20 04:49:16,886 [8538cd65-7926-426b-8bad-fbd0f0550f9a:group-F3715B7B99DC:LeaderElection88] INFO  impl.RoleInfo (RoleInfo.java:updateAndGet(143)) - 8538cd65-7926-426b-8bad-fbd0f0550f9a: start LeaderState
2019-09-20 04:49:17,587 | INFO  | SCMAudit | user=jenkins1000 | ip=192.168.36.79 | op=SEND_HEARTBEAT {datanodeUUID=8d97392c-5f4b-400a-94a1-fb61a3ebbc99, command=[]} | ret=SUCCESS |  
2019-09-20 04:49:16,885 [f4e549ee-a6fa-4eb9-8541-129d0566fdf5:group-4976C8D399E6:LeaderElection95] INFO  server.RaftServerConfigKeys (ConfUtils.java:logGet(43)) - raft.server.watch.element-limit = 65536 (default)
2019-09-20 04:49:17,587 [pool-262-thread-1] INFO  server.RaftServerConfigKeys (ConfUtils.java:logGet(43)) - raft.server.snapshot.auto.trigger.enabled = true (custom)
2019-09-20 04:49:17,587 [8538cd65-7926-426b-8bad-fbd0f0550f9a:group-F3715B7B99DC:LeaderElection88] INFO  segmented.SegmentedRaftLogWorker (SegmentedRaftLogWorker.java:startLogSegment(380)) - 8538cd65-7926-426b-8bad-fbd0f0550f9a-SegmentedRaftLogWorker:Storage Directory /workdir/hadoop-ozone/integration-test/target/test-dir/MiniOzoneClusterImpl-bb3956c2-c4d1-403a-b406-f8ec73b3905b/datanode-2/data/ratis/2896fb55-a264-4caf-bb49-f3715b7b99dc: Starting segment from index:0
2019-09-20 04:49:17,586 [f4e549ee-a6fa-4eb9-8541-129d0566fdf5:group-2F9ACABBF226:LeaderElection87] INFO  impl.RoleInfo (RoleInfo.java:updateAndGet(143)) - f4e549ee-a6fa-4eb9-8541-129d0566fdf5: start LeaderState
2019-09-20 04:49:17,586 [8538cd65-7926-426b-8bad-fbd0f0550f9a:group-E6F4F4AF1066:LeaderElection96] INFO  segmented.SegmentedRaftLogWorker (SegmentedRaftLogWorker.java:startLogSegment(380)) - 8538cd65-7926-426b-8bad-fbd0f0550f9a-SegmentedRaftLogWorker:Storage Directory /workdir/hadoop-ozone/integration-test/target/test-dir/MiniOzoneClusterImpl-bb3956c2-c4d1-403a-b406-f8ec73b3905b/datanode-2/data/ratis/23dffffd-bb97-4de8-9f5f-e6f4f4af1066: Starting segment from index:0
2019-09-20 04:49:17,586 [f4e549ee-a6fa-4eb9-8541-129d0566fdf5:group-A7A58BAA9DB7:LeaderElection93] INFO  impl.RoleInfo (RoleInfo.java:updateAndGet(143)) - f4e549ee-a6fa-4eb9-8541-129d0566fdf5: start LeaderState
2019-09-20 04:49:17,897 | INFO  | SCMAudit | user=jenkins1000 | ip=192.168.36.79 | op=SEND_HEARTBEAT {datanodeUUID=c4f6294c-eda3-4afd-81f7-e69ed14da69f, command=[]} | ret=SUCCESS |  
2019-09-20 04:49:17,897 | INFO  | SCMAudit | user=jenkins1000 | ip=192.168.36.79 | op=SEND_HEARTBEAT {datanodeUUID=0ad3f89e-804f-4845-89c5-5ff1a35a5dda, command=[]} | ret=SUCCESS |  
2019-09-20 04:49:17,897 | INFO  | SCMAudit | user=jenkins1000 | ip=192.168.36.79 | op=SEND_HEARTBEAT {datanodeUUID=eb30d72f-c0a8-4ecb-bfee-9120a9a6cddf, command=[]} | ret=SUCCESS |  
2019-09-20 04:49:17,897 | INFO  | SCMAudit | user=jenkins1000 | ip=192.168.36.79 | op=SEND_HEARTBEAT {datanodeUUID=dba845b8-ea76-4e09-ab03-0883d354e493, command=[]} | ret=SUCCESS |  
2019-09-20 04:49:17,586 [f4e549ee-a6fa-4eb9-8541-129d0566fdf5:group-2C693F1F04D2:LeaderElection90] INFO  segmented.SegmentedRaftLogWorker (SegmentedRaftLogWorker.java:startLogSegment(380)) - f4e549ee-a6fa-4eb9-8541-129d0566fdf5-SegmentedRaftLogWorker:Storage Directory /workdir/hadoop-ozone/integration-test/target/test-dir/MiniOzoneClusterImpl-bb3956c2-c4d1-403a-b406-f8ec73b3905b/datanode-1/data/ratis/0bf6c8fa-a7dd-4f3a-8689-2c693f1f04d2: Starting segment from index:0
2019-09-20 04:49:17,586 [8538cd65-7926-426b-8bad-fbd0f0550f9a:group-E20EA59B318E:LeaderElection89] INFO  impl.RaftServerImpl (ServerState.java:setRaftConf(361)) - 8538cd65-7926-426b-8bad-fbd0f0550f9a:group-E20EA59B318E set configuration 0: [8538cd65-7926-426b-8bad-fbd0f0550f9a:192.168.36.79:37381], old=null at 0
2019-09-20 04:49:17,278 [8538cd65-7926-426b-8bad-fbd0f0550f9a:group-0FD9AE1148B1:LeaderElection91] INFO  segmented.SegmentedRaftLogWorker (SegmentedRaftLogWorker.java:startLogSegment(380)) - 8538cd65-7926-426b-8bad-fbd0f0550f9a-SegmentedRaftLogWorker:Storage Directory /workdir/hadoop-ozone/integration-test/target/test-dir/MiniOzoneClusterImpl-bb3956c2-c4d1-403a-b406-f8ec73b3905b/datanode-2/data/ratis/f7b190a2-62be-4e4e-8e56-0fd9ae1148b1: Starting segment from index:0
2019-09-20 04:49:17,278 [f4e549ee-a6fa-4eb9-8541-129d0566fdf5:group-B8D35009723B:LeaderElection92] INFO  impl.RaftServerImpl (ServerState.java:setRaftConf(361)) - f4e549ee-a6fa-4eb9-8541-129d0566fdf5:group-B8D35009723B set configuration 0: [f4e549ee-a6fa-4eb9-8541-129d0566fdf5:192.168.36.79:40144], old=null at 0
2019-09-20 04:49:16,936 [f4e549ee-a6fa-4eb9-8541-129d0566fdf5:group-3E3C2EBF4898:LeaderElection94] INFO  segmented.SegmentedRaftLogWorker (SegmentedRaftLogWorker.java:startLogSegment(380)) - f4e549ee-a6fa-4eb9-8541-129d0566fdf5-SegmentedRaftLogWorker:Storage Directory /workdir/hadoop-ozone/integration-test/target/test-dir/MiniOzoneClusterImpl-bb3956c2-c4d1-403a-b406-f8ec73b3905b/datanode-1/data/ratis/e73619b1-246f-4601-8093-3e3c2ebf4898: Starting segment from index:0
2019-09-20 04:49:16,936 [8538cd65-7926-426b-8bad-fbd0f0550f9a:group-D8CA85E292D5:LeaderElection98] INFO  impl.RaftServerImpl (RaftServerImpl.java:setRole(171)) - 8538cd65-7926-426b-8bad-fbd0f0550f9a:group-D8CA85E292D5 changes role from CANDIDATE to LEADER at term 1 for changeToLeader
2019-09-20 04:49:16,935 [8538cd65-7926-426b-8bad-fbd0f0550f9a:group-89DD9C3A796B:LeaderElection86] INFO  impl.RoleInfo (RoleInfo.java:updateAndGet(143)) - 8538cd65-7926-426b-8bad-fbd0f0550f9a: start LeaderState
2019-09-20 04:49:16,935 [eb30d72f-c0a8-4ecb-bfee-9120a9a6cddf-SegmentedRaftLogWorker:Storage Directory /workdir/hadoop-ozone/integration-test/target/test-dir/MiniOzoneClusterImpl-bb3956c2-c4d1-403a-b406-f8ec73b3905b/datanode-0/data/ratis/b878318d-387d-4125-b83e-13071e6999e3] INFO  util.JmxRegister (JmxRegister.java:unregister(73)) - Successfully un-registered JMX Bean with object name Ratis:service=RaftServer,group=group-13071E6999E3,id=eb30d72f-c0a8-4ecb-bfee-9120a9a6cddf
2019-09-20 04:49:16,935 [5ea19b84-5385-4ae9-8412-c4cfa929b172:group-63AC9BD7AD41:LeaderElection103] INFO  impl.RaftServerImpl (RaftServerImpl.java:setRole(171)) - 5ea19b84-5385-4ae9-8412-c4cfa929b172:group-63AC9BD7AD41 changes role from CANDIDATE to LEADER at term 1 for changeToLeader
2019-09-20 04:49:16,935 [5ea19b84-5385-4ae9-8412-c4cfa929b172:group-3F6F94B8F0AF:LeaderElection97] INFO  impl.RoleInfo (RoleInfo.java:shutdownLeaderElection(134)) - 5ea19b84-5385-4ae9-8412-c4cfa929b172: shutdown LeaderElection
2019-09-20 04:49:16,935 [5ea19b84-5385-4ae9-8412-c4cfa929b172:group-4200AF398C62:LeaderElection102] INFO  impl.RoleInfo (RoleInfo.java:shutdownLeaderElection(134)) - 5ea19b84-5385-4ae9-8412-c4cfa929b172: shutdown LeaderElection
2019-09-20 04:49:16,935 [5ea19b84-5385-4ae9-8412-c4cfa929b172:group-18888425844F:LeaderElection99] INFO  impl.RoleInfo (RoleInfo.java:shutdownLeaderElection(134)) - 5ea19b84-5385-4ae9-8412-c4cfa929b172: shutdown LeaderElection
2019-09-20 04:49:16,935 [5ea19b84-5385-4ae9-8412-c4cfa929b172:group-CE8C03EEB81D:LeaderElection101] INFO  impl.RoleInfo (RoleInfo.java:shutdownLeaderElection(134)) - 5ea19b84-5385-4ae9-8412-c4cfa929b172: shutdown LeaderElection
2019-09-20 04:49:18,451 [5ea19b84-5385-4ae9-8412-c4cfa929b172:group-18888425844F:LeaderElection99] INFO  impl.RaftServerImpl (RaftServerImpl.java:setRole(171)) - 5ea19b84-5385-4ae9-8412-c4cfa929b172:group-18888425844F changes role from CANDIDATE to LEADER at term 1 for changeToLeader
2019-09-20 04:49:16,935 [eb30d72f-c0a8-4ecb-bfee-9120a9a6cddf-SegmentedRaftLogWorker:Storage Directory /workdir/hadoop-ozone/integration-test/target/test-dir/MiniOzoneClusterImpl-bb3956c2-c4d1-403a-b406-f8ec73b3905b/datanode-0/data/ratis/60ccd2a5-54cc-4ed3-9f21-f55d25781e97] INFO  util.JmxRegister (JmxRegister.java:unregister(73)) - Successfully un-registered JMX Bean with object name Ratis:service=RaftServer,group=group-F55D25781E97,id=eb30d72f-c0a8-4ecb-bfee-9120a9a6cddf
2019-09-20 04:49:16,934 [5ea19b84-5385-4ae9-8412-c4cfa929b172:group-D3671F3B1CB0:LeaderElection100] INFO  impl.RoleInfo (RoleInfo.java:shutdownLeaderElection(134)) - 5ea19b84-5385-4ae9-8412-c4cfa929b172: shutdown LeaderElection
2019-09-20 04:49:16,934 [eb30d72f-c0a8-4ecb-bfee-9120a9a6cddf-SegmentedRaftLogWorker:Storage Directory /workdir/hadoop-ozone/integration-test/target/test-dir/MiniOzoneClusterImpl-bb3956c2-c4d1-403a-b406-f8ec73b3905b/datanode-0/data/ratis/41a5c070-d930-4254-8d2e-56065aba910b] INFO  impl.RaftServerImpl (RaftServerImpl.java:lambda$shutdown$3(245)) - eb30d72f-c0a8-4ecb-bfee-9120a9a6cddf: shutdown group-56065ABA910B
2019-09-20 04:49:18,452 [5ea19b84-5385-4ae9-8412-c4cfa929b172:group-D3671F3B1CB0:LeaderElection100] INFO  impl.RaftServerImpl (RaftServerImpl.java:setRole(171)) - 5ea19b84-5385-4ae9-8412-c4cfa929b172:group-D3671F3B1CB0 changes role from CANDIDATE to LEADER at term 1 for changeToLeader
2019-09-20 04:49:18,452 [eb30d72f-c0a8-4ecb-bfee-9120a9a6cddf-SegmentedRaftLogWorker:Storage Directory /workdir/hadoop-ozone/integration-test/target/test-dir/MiniOzoneClusterImpl-bb3956c2-c4d1-403a-b406-f8ec73b3905b/datanode-0/data/ratis/60ccd2a5-54cc-4ed3-9f21-f55d25781e97] INFO  impl.RoleInfo (RoleInfo.java:shutdownLeaderState(104)) - eb30d72f-c0a8-4ecb-bfee-9120a9a6cddf: shutdown LeaderState
2019-09-20 04:49:18,451 [5ea19b84-5385-4ae9-8412-c4cfa929b172:group-18888425844F:LeaderElection99] INFO  impl.RaftServerImpl (ServerState.java:setLeader(263)) - 5ea19b84-5385-4ae9-8412-c4cfa929b172:group-18888425844F change Leader from null to 5ea19b84-5385-4ae9-8412-c4cfa929b172 at term 1 for becomeLeader, leader elected after 7543ms
2019-09-20 04:49:18,451 [5ea19b84-5385-4ae9-8412-c4cfa929b172:group-CE8C03EEB81D:LeaderElection101] INFO  impl.RaftServerImpl (RaftServerImpl.java:setRole(171)) - 5ea19b84-5385-4ae9-8412-c4cfa929b172:group-CE8C03EEB81D changes role from CANDIDATE to LEADER at term 1 for changeToLeader
2019-09-20 04:49:18,451 [5ea19b84-5385-4ae9-8412-c4cfa929b172:group-4200AF398C62:LeaderElection102] INFO  impl.RaftServerImpl (RaftServerImpl.java:setRole(171)) - 5ea19b84-5385-4ae9-8412-c4cfa929b172:group-4200AF398C62 changes role from CANDIDATE to LEADER at term 1 for changeToLeader
2019-09-20 04:49:18,451 [5ea19b84-5385-4ae9-8412-c4cfa929b172:group-3F6F94B8F0AF:LeaderElection97] INFO  impl.RaftServerImpl (RaftServerImpl.java:setRole(171)) - 5ea19b84-5385-4ae9-8412-c4cfa929b172:group-3F6F94B8F0AF changes role from CANDIDATE to LEADER at term 1 for changeToLeader
2019-09-20 04:49:18,451 [5ea19b84-5385-4ae9-8412-c4cfa929b172:group-63AC9BD7AD41:LeaderElection103] INFO  impl.RaftServerImpl (ServerState.java:setLeader(263)) - 5ea19b84-5385-4ae9-8412-c4cfa929b172:group-63AC9BD7AD41 change Leader from null to 5ea19b84-5385-4ae9-8412-c4cfa929b172 at term 1 for becomeLeader, leader elected after 7348ms
2019-09-20 04:49:18,451 [eb30d72f-c0a8-4ecb-bfee-9120a9a6cddf-SegmentedRaftLogWorker:Storage Directory /workdir/hadoop-ozone/integration-test/target/test-dir/MiniOzoneClusterImpl-bb3956c2-c4d1-403a-b406-f8ec73b3905b/datanode-0/data/ratis/b878318d-387d-4125-b83e-13071e6999e3] INFO  impl.RoleInfo (RoleInfo.java:shutdownLeaderState(104)) - eb30d72f-c0a8-4ecb-bfee-9120a9a6cddf: shutdown LeaderState
2019-09-20 04:49:18,451 [8538cd65-7926-426b-8bad-fbd0f0550f9a:group-89DD9C3A796B:LeaderElection86] INFO  segmented.SegmentedRaftLogWorker (SegmentedRaftLogWorker.java:startLogSegment(380)) - 8538cd65-7926-426b-8bad-fbd0f0550f9a-SegmentedRaftLogWorker:Storage Directory /workdir/hadoop-ozone/integration-test/target/test-dir/MiniOzoneClusterImpl-bb3956c2-c4d1-403a-b406-f8ec73b3905b/datanode-2/data/ratis/ab0cc724-7d17-44ae-a200-89dd9c3a796b: Starting segment from index:0
2019-09-20 04:49:18,451 [f4e549ee-a6fa-4eb9-8541-129d0566fdf5:group-3E3C2EBF4898:LeaderElection94] INFO  impl.RaftServerImpl (ServerState.java:setRaftConf(361)) - f4e549ee-a6fa-4eb9-8541-129d0566fdf5:group-3E3C2EBF4898 set configuration 0: [f4e549ee-a6fa-4eb9-8541-129d0566fdf5:192.168.36.79:40144], old=null at 0
2019-09-20 04:49:18,450 [8538cd65-7926-426b-8bad-fbd0f0550f9a:group-D8CA85E292D5:LeaderElection98] INFO  impl.RaftServerImpl (ServerState.java:setLeader(263)) - 8538cd65-7926-426b-8bad-fbd0f0550f9a:group-D8CA85E292D5 change Leader from null to 8538cd65-7926-426b-8bad-fbd0f0550f9a at term 1 for becomeLeader, leader elected after 7668ms
2019-09-20 04:49:18,450 [8538cd65-7926-426b-8bad-fbd0f0550f9a:group-0FD9AE1148B1:LeaderElection91] INFO  impl.RaftServerImpl (ServerState.java:setRaftConf(361)) - 8538cd65-7926-426b-8bad-fbd0f0550f9a:group-0FD9AE1148B1 set configuration 0: [8538cd65-7926-426b-8bad-fbd0f0550f9a:192.168.36.79:37381], old=null at 0
2019-09-20 04:49:18,450 [f4e549ee-a6fa-4eb9-8541-129d0566fdf5:group-2C693F1F04D2:LeaderElection90] INFO  impl.RaftServerImpl (ServerState.java:setRaftConf(361)) - f4e549ee-a6fa-4eb9-8541-129d0566fdf5:group-2C693F1F04D2 set configuration 0: [f4e549ee-a6fa-4eb9-8541-129d0566fdf5:192.168.36.79:40144], old=null at 0
2019-09-20 04:49:18,450 [Thread-747] WARN  util.JavaUtils (JavaUtils.java:sleep(250)) - Unexpected long sleep: sleep(5159ms) actually took 5693ms which is over the threshold 300ms
2019-09-20 04:49:17,897 [8538cd65-7926-426b-8bad-fbd0f0550f9a:group-E6F4F4AF1066:LeaderElection96] INFO  impl.RaftServerImpl (ServerState.java:setRaftConf(361)) - 8538cd65-7926-426b-8bad-fbd0f0550f9a:group-E6F4F4AF1066 set configuration 0: [8538cd65-7926-426b-8bad-fbd0f0550f9a:192.168.36.79:37381], old=null at 0
2019-09-20 04:49:17,897 [eb30d72f-c0a8-4ecb-bfee-9120a9a6cddf-SegmentedRaftLogWorker:Storage Directory /workdir/hadoop-ozone/integration-test/target/test-dir/MiniOzoneClusterImpl-bb3956c2-c4d1-403a-b406-f8ec73b3905b/datanode-0/data/ratis/3b7d842a-3a2c-4136-9350-fce453cde994] ERROR segmented.SegmentedRaftLogWorker (SegmentedRaftLogWorker.java:run(323)) - eb30d72f-c0a8-4ecb-bfee-9120a9a6cddf-SegmentedRaftLogWorker:Storage Directory /workdir/hadoop-ozone/integration-test/target/test-dir/MiniOzoneClusterImpl-bb3956c2-c4d1-403a-b406-f8ec73b3905b/datanode-0/data/ratis/3b7d842a-3a2c-4136-9350-fce453cde994 hit exception
java.lang.OutOfMemoryError: Direct buffer memory
	at java.nio.Bits.reserveMemory(Bits.java:666)
	at java.nio.DirectByteBuffer.<init>(DirectByteBuffer.java:123)
	at java.nio.ByteBuffer.allocateDirect(ByteBuffer.java:311)
	at org.apache.ratis.server.raftlog.segmented.BufferedWriteChannel.<init>(BufferedWriteChannel.java:41)
	at org.apache.ratis.server.raftlog.segmented.SegmentedRaftLogOutputStream.<init>(SegmentedRaftLogOutputStream.java:72)
	at org.apache.ratis.server.raftlog.segmented.SegmentedRaftLogWorker$StartLogSegment.execute(SegmentedRaftLogWorker.java:566)
	at org.apache.ratis.server.raftlog.segmented.SegmentedRaftLogWorker.run(SegmentedRaftLogWorker.java:289)
	at java.lang.Thread.run(Thread.java:748)
2019-09-20 04:49:17,897 [eb30d72f-c0a8-4ecb-bfee-9120a9a6cddf-SegmentedRaftLogWorker:Storage Directory /workdir/hadoop-ozone/integration-test/target/test-dir/MiniOzoneClusterImpl-bb3956c2-c4d1-403a-b406-f8ec73b3905b/datanode-0/data/ratis/1720bea1-d3de-49d0-9baa-454778adbe45] ERROR segmented.SegmentedRaftLogWorker (SegmentedRaftLogWorker.java:run(323)) - eb30d72f-c0a8-4ecb-bfee-9120a9a6cddf-SegmentedRaftLogWorker:Storage Directory /workdir/hadoop-ozone/integration-test/target/test-dir/MiniOzoneClusterImpl-bb3956c2-c4d1-403a-b406-f8ec73b3905b/datanode-0/data/ratis/1720bea1-d3de-49d0-9baa-454778adbe45 hit exception
java.lang.OutOfMemoryError: Direct buffer memory
	at java.nio.Bits.reserveMemory(Bits.java:666)
	at java.nio.DirectByteBuffer.<init>(DirectByteBuffer.java:123)
	at java.nio.ByteBuffer.allocateDirect(ByteBuffer.java:311)
	at org.apache.ratis.server.raftlog.segmented.BufferedWriteChannel.<init>(BufferedWriteChannel.java:41)
	at org.apache.ratis.server.raftlog.segmented.SegmentedRaftLogOutputStream.<init>(SegmentedRaftLogOutputStream.java:72)
	at org.apache.ratis.server.raftlog.segmented.SegmentedRaftLogWorker$StartLogSegment.execute(SegmentedRaftLogWorker.java:566)
	at org.apache.ratis.server.raftlog.segmented.SegmentedRaftLogWorker.run(SegmentedRaftLogWorker.java:289)
	at java.lang.Thread.run(Thread.java:748)
2019-09-20 04:49:17,897 [Thread-759] INFO  impl.FollowerState (FollowerState.java:run(106)) - 3c2a6bfe-f5c5-4e23-89b0-850dab17697d:group-993ED3A05D0C changes to CANDIDATE, lastRpcTime:16066, electionTimeout:5024ms
2019-09-20 04:49:18,454 | INFO  | SCMAudit | user=jenkins1000 | ip=192.168.36.79 | op=SEND_HEARTBEAT {datanodeUUID=5ea19b84-5385-4ae9-8412-c4cfa929b172, command=[]} | ret=SUCCESS |  
2019-09-20 04:49:17,897 [Thread-750] INFO  impl.FollowerState (FollowerState.java:run(106)) - fdbc37f2-9e58-4bac-a5d5-a78839d012e9:group-44FF265F9AFF changes to CANDIDATE, lastRpcTime:16270, electionTimeout:5061ms
2019-09-20 04:49:18,455 [Thread-750] INFO  impl.RoleInfo (RoleInfo.java:shutdownFollowerState(121)) - fdbc37f2-9e58-4bac-a5d5-a78839d012e9: shutdown FollowerState
2019-09-20 04:49:18,455 [Thread-750] INFO  impl.RaftServerImpl (RaftServerImpl.java:setRole(171)) - fdbc37f2-9e58-4bac-a5d5-a78839d012e9:group-44FF265F9AFF changes role from FOLLOWER to CANDIDATE at term 0 for changeToCandidate
2019-09-20 04:49:18,455 | INFO  | SCMAudit | user=jenkins1000 | ip=192.168.36.79 | op=SEND_HEARTBEAT {datanodeUUID=ba95d636-ac34-4b74-a102-dec8d0f377c6, command=[]} | ret=SUCCESS |  
2019-09-20 04:49:18,455 | INFO  | SCMAudit | user=jenkins1000 | ip=192.168.36.79 | op=SEND_HEARTBEAT {datanodeUUID=fdbc37f2-9e58-4bac-a5d5-a78839d012e9, command=[]} | ret=SUCCESS |  
2019-09-20 04:49:18,455 | INFO  | SCMAudit | user=jenkins1000 | ip=192.168.36.79 | op=SEND_HEARTBEAT {datanodeUUID=bd1a845e-f2ed-4713-9516-9ccc20139040, command=[]} | ret=SUCCESS |  
2019-09-20 04:49:18,455 | INFO  | SCMAudit | user=jenkins1000 | ip=192.168.36.79 | op=SEND_HEARTBEAT {datanodeUUID=1d91ad97-6666-4ee7-855a-8b5e944e7401, command=[]} | ret=SUCCESS |  
2019-09-20 04:49:18,455 | INFO  | SCMAudit | user=jenkins1000 | ip=192.168.36.79 | op=SEND_HEARTBEAT {datanodeUUID=8d97392c-5f4b-400a-94a1-fb61a3ebbc99, command=[]} | ret=SUCCESS |  
2019-09-20 04:49:18,455 | INFO  | SCMAudit | user=jenkins1000 | ip=192.168.36.79 | op=SEND_HEARTBEAT {datanodeUUID=ea71b9af-1075-4196-9693-aa14e10f536d, command=[]} | ret=SUCCESS |  
2019-09-20 04:49:18,455 | INFO  | SCMAudit | user=jenkins1000 | ip=192.168.36.79 | op=SEND_HEARTBEAT {datanodeUUID=236eed40-dd97-4fdc-a0ae-ab99685a426b, command=[]} | ret=SUCCESS |  
2019-09-20 04:49:18,455 | INFO  | SCMAudit | user=jenkins1000 | ip=192.168.36.79 | op=SEND_HEARTBEAT {datanodeUUID=42fc6e92-fcdd-4827-b621-9fc58a3d2315, command=[]} | ret=SUCCESS |  
2019-09-20 04:49:18,455 | INFO  | SCMAudit | user=jenkins1000 | ip=192.168.36.79 | op=SEND_HEARTBEAT {datanodeUUID=3c2a6bfe-f5c5-4e23-89b0-850dab17697d, command=[]} | ret=SUCCESS |  
2019-09-20 04:49:18,455 | INFO  | SCMAudit | user=jenkins1000 | ip=192.168.36.79 | op=SEND_HEARTBEAT {datanodeUUID=2702b462-69d8-4c1b-aae1-091a21fe08b8, command=[]} | ret=SUCCESS |  
2019-09-20 04:49:19,308 | INFO  | SCMAudit | user=jenkins1000 | ip=192.168.36.79 | op=SEND_HEARTBEAT {datanodeUUID=2d6465ef-cffa-473a-a4c6-a9aa3f1a26c0, command=[]} | ret=SUCCESS |  
2019-09-20 04:49:18,455 | INFO  | SCMAudit | user=jenkins1000 | ip=192.168.36.79 | op=SEND_HEARTBEAT {datanodeUUID=eaf3ecbe-c3b1-4969-ad3a-e4de7fb04f81, command=[]} | ret=SUCCESS |  
2019-09-20 04:49:19,308 | INFO  | SCMAudit | user=jenkins1000 | ip=192.168.36.79 | op=SEND_HEARTBEAT {datanodeUUID=68a93ad8-b6a8-44e1-8a9f-45fcc58d229a, command=[]} | ret=SUCCESS |  
2019-09-20 04:49:18,455 [RATISCREATEPIPELINE1] ERROR pipeline.RatisPipelineProvider (RatisPipelineProvider.java:lambda$null$2(182)) - Failed invoke Ratis rpc org.apache.hadoop.hdds.scm.pipeline.RatisPipelineProvider$$Lambda$167/208404754@7738714c for 0ad3f89e-804f-4845-89c5-5ff1a35a5dda
org.apache.ratis.protocol.TimeoutIOException: deadline exceeded after 2999795740ns
	at org.apache.ratis.grpc.GrpcUtil.tryUnwrapException(GrpcUtil.java:82)
	at org.apache.ratis.grpc.GrpcUtil.unwrapException(GrpcUtil.java:75)
	at org.apache.ratis.grpc.client.GrpcClientProtocolClient.blockingCall(GrpcClientProtocolClient.java:169)
	at org.apache.ratis.grpc.client.GrpcClientProtocolClient.groupAdd(GrpcClientProtocolClient.java:138)
	at org.apache.ratis.grpc.client.GrpcClientRpc.sendRequest(GrpcClientRpc.java:94)
	at org.apache.ratis.client.impl.RaftClientImpl.sendRequest(RaftClientImpl.java:279)
	at org.apache.ratis.client.impl.RaftClientImpl.groupAdd(RaftClientImpl.java:206)
	at org.apache.hadoop.hdds.scm.pipeline.RatisPipelineProvider.lambda$initializePipeline$1(RatisPipelineProvider.java:141)
	at org.apache.hadoop.hdds.scm.pipeline.RatisPipelineProvider.lambda$null$2(RatisPipelineProvider.java:178)
	at java.util.stream.ForEachOps$ForEachOp$OfRef.accept(ForEachOps.java:184)
	at java.util.ArrayList$ArrayListSpliterator.forEachRemaining(ArrayList.java:1382)
	at java.util.stream.AbstractPipeline.copyInto(AbstractPipeline.java:482)
	at java.util.stream.ForEachOps$ForEachTask.compute(ForEachOps.java:291)
	at java.util.concurrent.CountedCompleter.exec(CountedCompleter.java:731)
	at java.util.concurrent.ForkJoinTask.doExec(ForkJoinTask.java:289)
	at java.util.concurrent.ForkJoinTask.doInvoke(ForkJoinTask.java:401)
	at java.util.concurrent.ForkJoinTask.invoke(ForkJoinTask.java:734)
	at java.util.stream.ForEachOps$ForEachOp.evaluateParallel(ForEachOps.java:160)
	at java.util.stream.ForEachOps$ForEachOp$OfRef.evaluateParallel(ForEachOps.java:174)
	at java.util.stream.AbstractPipeline.evaluate(AbstractPipeline.java:233)
	at java.util.stream.ReferencePipeline.forEach(ReferencePipeline.java:418)
	at java.util.stream.ReferencePipeline$Head.forEach(ReferencePipeline.java:583)
	at org.apache.hadoop.hdds.scm.pipeline.RatisPipelineProvider.lambda$callRatisRpc$3(RatisPipelineProvider.java:172)
	at java.util.concurrent.ForkJoinTask$AdaptedRunnableAction.exec(ForkJoinTask.java:1386)
	at java.util.concurrent.ForkJoinTask.doExec(ForkJoinTask.java:289)
	at java.util.concurrent.ForkJoinPool$WorkQueue.runTask(ForkJoinPool.java:1056)
	at java.util.concurrent.ForkJoinPool.runWorker(ForkJoinPool.java:1692)
	at java.util.concurrent.ForkJoinWorkerThread.run(ForkJoinWorkerThread.java:157)
Caused by: org.apache.ratis.thirdparty.io.grpc.StatusRuntimeException: DEADLINE_EXCEEDED: deadline exceeded after 2999795740ns
	at org.apache.ratis.thirdparty.io.grpc.stub.ClientCalls.toStatusRuntimeException(ClientCalls.java:233)
	at org.apache.ratis.thirdparty.io.grpc.stub.ClientCalls.getUnchecked(ClientCalls.java:214)
	at org.apache.ratis.thirdparty.io.grpc.stub.ClientCalls.blockingUnaryCall(ClientCalls.java:139)
	at org.apache.ratis.proto.grpc.AdminProtocolServiceGrpc$AdminProtocolServiceBlockingStub.groupManagement(AdminProtocolServiceGrpc.java:274)
	at org.apache.ratis.grpc.client.GrpcClientProtocolClient.lambda$groupAdd$3(GrpcClientProtocolClient.java:140)
	at org.apache.ratis.grpc.client.GrpcClientProtocolClient.blockingCall(GrpcClientProtocolClient.java:167)
	... 25 more
2019-09-20 04:49:17,897 [Thread-744] INFO  impl.FollowerState (FollowerState.java:run(106)) - 3c2a6bfe-f5c5-4e23-89b0-850dab17697d:group-9B431E59F634 changes to CANDIDATE, lastRpcTime:16397, electionTimeout:5098ms
2019-09-20 04:49:19,324 | INFO  | SCMAudit | user=jenkins1000 | ip=192.168.36.79 | op=SEND_HEARTBEAT {datanodeUUID=f4e549ee-a6fa-4eb9-8541-129d0566fdf5, command=[]} | ret=SUCCESS |  
2019-09-20 04:49:17,588 [f4e549ee-a6fa-4eb9-8541-129d0566fdf5:group-A7A58BAA9DB7:LeaderElection93] INFO  segmented.SegmentedRaftLogWorker (SegmentedRaftLogWorker.java:startLogSegment(380)) - f4e549ee-a6fa-4eb9-8541-129d0566fdf5-SegmentedRaftLogWorker:Storage Directory /workdir/hadoop-ozone/integration-test/target/test-dir/MiniOzoneClusterImpl-bb3956c2-c4d1-403a-b406-f8ec73b3905b/datanode-1/data/ratis/d25b7440-bec0-4bb2-b353-a7a58baa9db7: Starting segment from index:0
2019-09-20 04:49:19,324 | INFO  | SCMAudit | user=jenkins1000 | ip=192.168.36.79 | op=SEND_HEARTBEAT {datanodeUUID=a9bc59c4-b792-48d5-9db2-4e71770477b1, command=[]} | ret=SUCCESS |  
2019-09-20 04:49:17,588 [8538cd65-7926-426b-8bad-fbd0f0550f9a:group-F3715B7B99DC:LeaderElection88] INFO  impl.RaftServerImpl (ServerState.java:setRaftConf(361)) - 8538cd65-7926-426b-8bad-fbd0f0550f9a:group-F3715B7B99DC set configuration 0: [8538cd65-7926-426b-8bad-fbd0f0550f9a:192.168.36.79:37381], old=null at 0
2019-09-20 04:49:19,330 | INFO  | SCMAudit | user=jenkins1000 | ip=192.168.36.79 | op=SEND_HEARTBEAT {datanodeUUID=8538cd65-7926-426b-8bad-fbd0f0550f9a, command=[]} | ret=SUCCESS |  
2019-09-20 04:49:19,330 | INFO  | SCMAudit | user=jenkins1000 | ip=192.168.36.79 | op=SEND_HEARTBEAT {datanodeUUID=c4f6294c-eda3-4afd-81f7-e69ed14da69f, command=[]} | ret=SUCCESS |  
2019-09-20 04:49:17,587 [f4e549ee-a6fa-4eb9-8541-129d0566fdf5:group-2F9ACABBF226:LeaderElection87] INFO  segmented.SegmentedRaftLogWorker (SegmentedRaftLogWorker.java:startLogSegment(380)) - f4e549ee-a6fa-4eb9-8541-129d0566fdf5-SegmentedRaftLogWorker:Storage Directory /workdir/hadoop-ozone/integration-test/target/test-dir/MiniOzoneClusterImpl-bb3956c2-c4d1-403a-b406-f8ec73b3905b/datanode-1/data/ratis/b7304d56-e6d1-4fd5-a25d-2f9acabbf226: Starting segment from index:0
2019-09-20 04:49:19,331 | INFO  | SCMAudit | user=jenkins1000 | ip=192.168.36.79 | op=SEND_HEARTBEAT {datanodeUUID=0ad3f89e-804f-4845-89c5-5ff1a35a5dda, command=[]} | ret=SUCCESS |  
2019-09-20 04:49:19,633 | INFO  | SCMAudit | user=jenkins1000 | ip=192.168.36.79 | op=SEND_HEARTBEAT {datanodeUUID=236eed40-dd97-4fdc-a0ae-ab99685a426b, command=[]} | ret=SUCCESS |  
2019-09-20 04:49:19,633 | INFO  | SCMAudit | user=jenkins1000 | ip=192.168.36.79 | op=SEND_HEARTBEAT {datanodeUUID=3c2a6bfe-f5c5-4e23-89b0-850dab17697d, command=[]} | ret=SUCCESS |  
2019-09-20 04:49:19,633 | INFO  | SCMAudit | user=jenkins1000 | ip=192.168.36.79 | op=SEND_HEARTBEAT {datanodeUUID=68a93ad8-b6a8-44e1-8a9f-45fcc58d229a, command=[]} | ret=SUCCESS |  
2019-09-20 04:49:19,633 | INFO  | SCMAudit | user=jenkins1000 | ip=192.168.36.79 | op=SEND_HEARTBEAT {datanodeUUID=5ea19b84-5385-4ae9-8412-c4cfa929b172, command=[]} | ret=SUCCESS |  
2019-09-20 04:49:19,634 | INFO  | SCMAudit | user=jenkins1000 | ip=192.168.36.79 | op=SEND_HEARTBEAT {datanodeUUID=fdbc37f2-9e58-4bac-a5d5-a78839d012e9, command=[]} | ret=SUCCESS |  
2019-09-20 04:49:19,634 | INFO  | SCMAudit | user=jenkins1000 | ip=192.168.36.79 | op=SEND_HEARTBEAT {datanodeUUID=bd1a845e-f2ed-4713-9516-9ccc20139040, command=[]} | ret=SUCCESS |  
2019-09-20 04:49:19,635 | INFO  | SCMAudit | user=jenkins1000 | ip=192.168.36.79 | op=SEND_HEARTBEAT {datanodeUUID=ba95d636-ac34-4b74-a102-dec8d0f377c6, command=[]} | ret=SUCCESS |  
2019-09-20 04:49:19,635 | INFO  | SCMAudit | user=jenkins1000 | ip=192.168.36.79 | op=SEND_HEARTBEAT {datanodeUUID=eaf3ecbe-c3b1-4969-ad3a-e4de7fb04f81, command=[]} | ret=SUCCESS |  
2019-09-20 04:49:19,635 | INFO  | SCMAudit | user=jenkins1000 | ip=192.168.36.79 | op=SEND_HEARTBEAT {datanodeUUID=42fc6e92-fcdd-4827-b621-9fc58a3d2315, command=[]} | ret=SUCCESS |  
2019-09-20 04:49:19,635 | INFO  | SCMAudit | user=jenkins1000 | ip=192.168.36.79 | op=SEND_HEARTBEAT {datanodeUUID=ea71b9af-1075-4196-9693-aa14e10f536d, command=[]} | ret=SUCCESS |  
2019-09-20 04:49:19,635 | INFO  | SCMAudit | user=jenkins1000 | ip=192.168.36.79 | op=SEND_HEARTBEAT {datanodeUUID=1d91ad97-6666-4ee7-855a-8b5e944e7401, command=[]} | ret=SUCCESS |  
2019-09-20 04:49:19,635 | INFO  | SCMAudit | user=jenkins1000 | ip=192.168.36.79 | op=SEND_HEARTBEAT {datanodeUUID=2d6465ef-cffa-473a-a4c6-a9aa3f1a26c0, command=[]} | ret=SUCCESS |  
2019-09-20 04:49:19,635 | INFO  | SCMAudit | user=jenkins1000 | ip=192.168.36.79 | op=SEND_HEARTBEAT {datanodeUUID=2702b462-69d8-4c1b-aae1-091a21fe08b8, command=[]} | ret=SUCCESS |  
2019-09-20 04:49:19,635 | INFO  | SCMAudit | user=jenkins1000 | ip=192.168.36.79 | op=SEND_HEARTBEAT {datanodeUUID=8d97392c-5f4b-400a-94a1-fb61a3ebbc99, command=[]} | ret=SUCCESS |  
2019-09-20 04:49:17,587 [pool-262-thread-1] INFO  server.RaftServerConfigKeys (ConfUtils.java:logGet(43)) - raft.server.snapshot.auto.trigger.threshold = 10000 (custom)
2019-09-20 04:49:19,331 | INFO  | SCMAudit | user=jenkins1000 | ip=192.168.36.79 | op=SEND_HEARTBEAT {datanodeUUID=dba845b8-ea76-4e09-ab03-0883d354e493, command=[]} | ret=SUCCESS |  
2019-09-20 04:49:19,331 | INFO  | SCMAudit | user=jenkins1000 | ip=192.168.36.79 | op=SEND_HEARTBEAT {datanodeUUID=eb30d72f-c0a8-4ecb-bfee-9120a9a6cddf, command=[]} | ret=SUCCESS |  
2019-09-20 04:49:17,587 [f4e549ee-a6fa-4eb9-8541-129d0566fdf5:group-4976C8D399E6:LeaderElection95] INFO  impl.RoleInfo (RoleInfo.java:updateAndGet(143)) - f4e549ee-a6fa-4eb9-8541-129d0566fdf5: start LeaderState
2019-09-20 04:49:19,636 [pool-262-thread-1] INFO  server.RaftServerConfigKeys (ConfUtils.java:logGet(43)) - raft.server.retrycache.expirytime = 600000ms (custom)
2019-09-20 04:49:19,331 [f4e549ee-a6fa-4eb9-8541-129d0566fdf5:group-A7A58BAA9DB7:LeaderElection93] INFO  impl.RaftServerImpl (ServerState.java:setRaftConf(361)) - f4e549ee-a6fa-4eb9-8541-129d0566fdf5:group-A7A58BAA9DB7 set configuration 0: [f4e549ee-a6fa-4eb9-8541-129d0566fdf5:192.168.36.79:40144], old=null at 0
2019-09-20 04:49:19,331 [RatisPipelineUtilsThread] ERROR pipeline.SCMPipelineManager (SCMPipelineManager.java:createPipeline(161)) - Pipeline creation failed due to exception: Failed invoke Ratis rpc org.apache.hadoop.hdds.scm.pipeline.RatisPipelineProvider$$Lambda$167/208404754@7738714c for 0ad3f89e-804f-4845-89c5-5ff1a35a5dda
2019-09-20 04:49:19,330 [Thread-744] INFO  impl.RoleInfo (RoleInfo.java:shutdownFollowerState(121)) - 3c2a6bfe-f5c5-4e23-89b0-850dab17697d: shutdown FollowerState
2019-09-20 04:49:19,323 [Thread-794] WARN  util.JavaUtils (JavaUtils.java:sleep(250)) - Unexpected long sleep: sleep(5054ms) actually took 5381ms which is over the threshold 300ms
2019-09-20 04:49:19,323 [Thread-1192] WARN  util.JavaUtils (JavaUtils.java:sleep(250)) - Unexpected long sleep: sleep(5062ms) actually took 5376ms which is over the threshold 300ms
2019-09-20 04:49:19,317 [Thread-1183] WARN  util.JavaUtils (JavaUtils.java:sleep(250)) - Unexpected long sleep: sleep(5120ms) actually took 5755ms which is over the threshold 300ms
2019-09-20 04:49:19,301 [eb30d72f-c0a8-4ecb-bfee-9120a9a6cddf-SegmentedRaftLogWorker:Storage Directory /workdir/hadoop-ozone/integration-test/target/test-dir/MiniOzoneClusterImpl-bb3956c2-c4d1-403a-b406-f8ec73b3905b/datanode-0/data/ratis/b95572b3-eaa8-4c64-8803-6c272a5b19d4] ERROR segmented.SegmentedRaftLogWorker (SegmentedRaftLogWorker.java:run(323)) - eb30d72f-c0a8-4ecb-bfee-9120a9a6cddf-SegmentedRaftLogWorker:Storage Directory /workdir/hadoop-ozone/integration-test/target/test-dir/MiniOzoneClusterImpl-bb3956c2-c4d1-403a-b406-f8ec73b3905b/datanode-0/data/ratis/b95572b3-eaa8-4c64-8803-6c272a5b19d4 hit exception
java.lang.OutOfMemoryError: Direct buffer memory
	at java.nio.Bits.reserveMemory(Bits.java:666)
	at java.nio.DirectByteBuffer.<init>(DirectByteBuffer.java:123)
	at java.nio.ByteBuffer.allocateDirect(ByteBuffer.java:311)
	at org.apache.ratis.server.raftlog.segmented.BufferedWriteChannel.<init>(BufferedWriteChannel.java:41)
	at org.apache.ratis.server.raftlog.segmented.SegmentedRaftLogOutputStream.<init>(SegmentedRaftLogOutputStream.java:72)
	at org.apache.ratis.server.raftlog.segmented.SegmentedRaftLogWorker$StartLogSegment.execute(SegmentedRaftLogWorker.java:566)
	at org.apache.ratis.server.raftlog.segmented.SegmentedRaftLogWorker.run(SegmentedRaftLogWorker.java:289)
	at java.lang.Thread.run(Thread.java:748)
2019-09-20 04:49:18,455 [Thread-750] INFO  impl.RoleInfo (RoleInfo.java:updateAndGet(143)) - fdbc37f2-9e58-4bac-a5d5-a78839d012e9: start LeaderElection
2019-09-20 04:49:18,455 [Thread-759] INFO  impl.RoleInfo (RoleInfo.java:shutdownFollowerState(121)) - 3c2a6bfe-f5c5-4e23-89b0-850dab17697d: shutdown FollowerState
2019-09-20 04:49:19,931 [Thread-759] INFO  impl.RaftServerImpl (RaftServerImpl.java:setRole(171)) - 3c2a6bfe-f5c5-4e23-89b0-850dab17697d:group-993ED3A05D0C changes role from FOLLOWER to CANDIDATE at term 0 for changeToCandidate
2019-09-20 04:49:18,454 [eb30d72f-c0a8-4ecb-bfee-9120a9a6cddf-SegmentedRaftLogWorker:Storage Directory /workdir/hadoop-ozone/integration-test/target/test-dir/MiniOzoneClusterImpl-bb3956c2-c4d1-403a-b406-f8ec73b3905b/datanode-0/data/ratis/1720bea1-d3de-49d0-9baa-454778adbe45] INFO  impl.RaftServerImpl (RaftServerImpl.java:lambda$shutdown$3(245)) - eb30d72f-c0a8-4ecb-bfee-9120a9a6cddf: shutdown group-454778ADBE45
2019-09-20 04:49:18,454 [eb30d72f-c0a8-4ecb-bfee-9120a9a6cddf-SegmentedRaftLogWorker:Storage Directory /workdir/hadoop-ozone/integration-test/target/test-dir/MiniOzoneClusterImpl-bb3956c2-c4d1-403a-b406-f8ec73b3905b/datanode-0/data/ratis/3b7d842a-3a2c-4136-9350-fce453cde994] INFO  impl.RaftServerImpl (RaftServerImpl.java:lambda$shutdown$3(245)) - eb30d72f-c0a8-4ecb-bfee-9120a9a6cddf: shutdown group-FCE453CDE994
2019-09-20 04:49:18,453 [8538cd65-7926-426b-8bad-fbd0f0550f9a:group-89DD9C3A796B:LeaderElection86] INFO  impl.RaftServerImpl (ServerState.java:setRaftConf(361)) - 8538cd65-7926-426b-8bad-fbd0f0550f9a:group-89DD9C3A796B set configuration 0: [8538cd65-7926-426b-8bad-fbd0f0550f9a:192.168.36.79:37381], old=null at 0
2019-09-20 04:49:18,453 [8538cd65-7926-426b-8bad-fbd0f0550f9a:group-D8CA85E292D5:LeaderElection98] INFO  server.RaftServerConfigKeys (ConfUtils.java:logGet(43)) - raft.server.staging.catchup.gap = 1000 (default)
2019-09-20 04:49:18,453 [eb30d72f-c0a8-4ecb-bfee-9120a9a6cddf-SegmentedRaftLogWorker:Storage Directory /workdir/hadoop-ozone/integration-test/target/test-dir/MiniOzoneClusterImpl-bb3956c2-c4d1-403a-b406-f8ec73b3905b/datanode-0/data/ratis/b878318d-387d-4125-b83e-13071e6999e3] INFO  impl.PendingRequests (PendingRequests.java:sendNotLeaderResponses(202)) - eb30d72f-c0a8-4ecb-bfee-9120a9a6cddf-PendingRequests: sendNotLeaderResponses
2019-09-20 04:49:18,453 [5ea19b84-5385-4ae9-8412-c4cfa929b172:group-63AC9BD7AD41:LeaderElection103] INFO  server.RaftServerConfigKeys (ConfUtils.java:logGet(43)) - raft.server.staging.catchup.gap = 1000 (default)
2019-09-20 04:49:18,453 [5ea19b84-5385-4ae9-8412-c4cfa929b172:group-3F6F94B8F0AF:LeaderElection97] INFO  impl.RaftServerImpl (ServerState.java:setLeader(263)) - 5ea19b84-5385-4ae9-8412-c4cfa929b172:group-3F6F94B8F0AF change Leader from null to 5ea19b84-5385-4ae9-8412-c4cfa929b172 at term 1 for becomeLeader, leader elected after 7468ms
2019-09-20 04:49:18,452 [5ea19b84-5385-4ae9-8412-c4cfa929b172:group-4200AF398C62:LeaderElection102] INFO  impl.RaftServerImpl (ServerState.java:setLeader(263)) - 5ea19b84-5385-4ae9-8412-c4cfa929b172:group-4200AF398C62 change Leader from null to 5ea19b84-5385-4ae9-8412-c4cfa929b172 at term 1 for becomeLeader, leader elected after 7291ms
2019-09-20 04:49:18,452 [5ea19b84-5385-4ae9-8412-c4cfa929b172:group-CE8C03EEB81D:LeaderElection101] INFO  impl.RaftServerImpl (ServerState.java:setLeader(263)) - 5ea19b84-5385-4ae9-8412-c4cfa929b172:group-CE8C03EEB81D change Leader from null to 5ea19b84-5385-4ae9-8412-c4cfa929b172 at term 1 for becomeLeader, leader elected after 7408ms
2019-09-20 04:49:18,452 [5ea19b84-5385-4ae9-8412-c4cfa929b172:group-18888425844F:LeaderElection99] INFO  server.RaftServerConfigKeys (ConfUtils.java:logGet(43)) - raft.server.staging.catchup.gap = 1000 (default)
2019-09-20 04:49:19,933 [5ea19b84-5385-4ae9-8412-c4cfa929b172:group-18888425844F:LeaderElection99] INFO  server.RaftServerConfigKeys (ConfUtils.java:logGet(43)) - raft.server.rpc.sleep.time = 25ms (default)
2019-09-20 04:49:18,452 [eb30d72f-c0a8-4ecb-bfee-9120a9a6cddf-SegmentedRaftLogWorker:Storage Directory /workdir/hadoop-ozone/integration-test/target/test-dir/MiniOzoneClusterImpl-bb3956c2-c4d1-403a-b406-f8ec73b3905b/datanode-0/data/ratis/60ccd2a5-54cc-4ed3-9f21-f55d25781e97] INFO  impl.PendingRequests (PendingRequests.java:sendNotLeaderResponses(202)) - eb30d72f-c0a8-4ecb-bfee-9120a9a6cddf-PendingRequests: sendNotLeaderResponses
2019-09-20 04:49:18,452 [5ea19b84-5385-4ae9-8412-c4cfa929b172:group-D3671F3B1CB0:LeaderElection100] INFO  impl.RaftServerImpl (ServerState.java:setLeader(263)) - 5ea19b84-5385-4ae9-8412-c4cfa929b172:group-D3671F3B1CB0 change Leader from null to 5ea19b84-5385-4ae9-8412-c4cfa929b172 at term 1 for becomeLeader, leader elected after 7602ms
2019-09-20 04:49:19,933 [eb30d72f-c0a8-4ecb-bfee-9120a9a6cddf-SegmentedRaftLogWorker:Storage Directory /workdir/hadoop-ozone/integration-test/target/test-dir/MiniOzoneClusterImpl-bb3956c2-c4d1-403a-b406-f8ec73b3905b/datanode-0/data/ratis/60ccd2a5-54cc-4ed3-9f21-f55d25781e97] INFO  impl.StateMachineUpdater (StateMachineUpdater.java:stopAndJoin(115)) - StateMachineUpdater:eb30d72f-c0a8-4ecb-bfee-9120a9a6cddf:group-F55D25781E97: set stopIndex = -1
2019-09-20 04:49:18,452 [eb30d72f-c0a8-4ecb-bfee-9120a9a6cddf-SegmentedRaftLogWorker:Storage Directory /workdir/hadoop-ozone/integration-test/target/test-dir/MiniOzoneClusterImpl-bb3956c2-c4d1-403a-b406-f8ec73b3905b/datanode-0/data/ratis/41a5c070-d930-4254-8d2e-56065aba910b] INFO  util.JmxRegister (JmxRegister.java:unregister(73)) - Successfully un-registered JMX Bean with object name Ratis:service=RaftServer,group=group-56065ABA910B,id=eb30d72f-c0a8-4ecb-bfee-9120a9a6cddf
2019-09-20 04:49:19,933 [eb30d72f-c0a8-4ecb-bfee-9120a9a6cddf-SegmentedRaftLogWorker:Storage Directory /workdir/hadoop-ozone/integration-test/target/test-dir/MiniOzoneClusterImpl-bb3956c2-c4d1-403a-b406-f8ec73b3905b/datanode-0/data/ratis/60ccd2a5-54cc-4ed3-9f21-f55d25781e97] INFO  impl.RaftServerImpl (ServerState.java:close(394)) - eb30d72f-c0a8-4ecb-bfee-9120a9a6cddf:group-F55D25781E97 closes. The last applied log index is -1
2019-09-20 04:49:19,933 [5ea19b84-5385-4ae9-8412-c4cfa929b172:group-D3671F3B1CB0:LeaderElection100] INFO  server.RaftServerConfigKeys (ConfUtils.java:logGet(43)) - raft.server.staging.catchup.gap = 1000 (default)
2019-09-20 04:49:19,934 [eb30d72f-c0a8-4ecb-bfee-9120a9a6cddf-SegmentedRaftLogWorker:Storage Directory /workdir/hadoop-ozone/integration-test/target/test-dir/MiniOzoneClusterImpl-bb3956c2-c4d1-403a-b406-f8ec73b3905b/datanode-0/data/ratis/60ccd2a5-54cc-4ed3-9f21-f55d25781e97] INFO  segmented.SegmentedRaftLogWorker (SegmentedRaftLogWorker.java:close(228)) - eb30d72f-c0a8-4ecb-bfee-9120a9a6cddf-SegmentedRaftLogWorker:Storage Directory /workdir/hadoop-ozone/integration-test/target/test-dir/MiniOzoneClusterImpl-bb3956c2-c4d1-403a-b406-f8ec73b3905b/datanode-0/data/ratis/60ccd2a5-54cc-4ed3-9f21-f55d25781e97 close()
2019-09-20 04:49:19,933 [5ea19b84-5385-4ae9-8412-c4cfa929b172:group-18888425844F:LeaderElection99] INFO  server.RaftServerConfigKeys (ConfUtils.java:logGet(43)) - raft.server.write.element-limit = 4096 (default)
2019-09-20 04:49:19,933 [5ea19b84-5385-4ae9-8412-c4cfa929b172:group-CE8C03EEB81D:LeaderElection101] INFO  server.RaftServerConfigKeys (ConfUtils.java:logGet(43)) - raft.server.staging.catchup.gap = 1000 (default)
2019-09-20 04:49:19,932 [5ea19b84-5385-4ae9-8412-c4cfa929b172:group-4200AF398C62:LeaderElection102] INFO  server.RaftServerConfigKeys (ConfUtils.java:logGet(43)) - raft.server.staging.catchup.gap = 1000 (default)
2019-09-20 04:49:19,944 [5ea19b84-5385-4ae9-8412-c4cfa929b172:group-4200AF398C62:LeaderElection102] INFO  server.RaftServerConfigKeys (ConfUtils.java:logGet(43)) - raft.server.rpc.sleep.time = 25ms (default)
2019-09-20 04:49:19,932 [5ea19b84-5385-4ae9-8412-c4cfa929b172:group-3F6F94B8F0AF:LeaderElection97] INFO  server.RaftServerConfigKeys (ConfUtils.java:logGet(43)) - raft.server.staging.catchup.gap = 1000 (default)
2019-09-20 04:49:19,932 [5ea19b84-5385-4ae9-8412-c4cfa929b172:group-63AC9BD7AD41:LeaderElection103] INFO  server.RaftServerConfigKeys (ConfUtils.java:logGet(43)) - raft.server.rpc.sleep.time = 25ms (default)
2019-09-20 04:49:19,932 [eb30d72f-c0a8-4ecb-bfee-9120a9a6cddf-SegmentedRaftLogWorker:Storage Directory /workdir/hadoop-ozone/integration-test/target/test-dir/MiniOzoneClusterImpl-bb3956c2-c4d1-403a-b406-f8ec73b3905b/datanode-0/data/ratis/b878318d-387d-4125-b83e-13071e6999e3] INFO  impl.StateMachineUpdater (StateMachineUpdater.java:stopAndJoin(115)) - StateMachineUpdater:eb30d72f-c0a8-4ecb-bfee-9120a9a6cddf:group-13071E6999E3: set stopIndex = -1
2019-09-20 04:49:19,932 [8538cd65-7926-426b-8bad-fbd0f0550f9a:group-D8CA85E292D5:LeaderElection98] INFO  server.RaftServerConfigKeys (ConfUtils.java:logGet(43)) - raft.server.rpc.sleep.time = 25ms (default)
2019-09-20 04:49:19,932 [eb30d72f-c0a8-4ecb-bfee-9120a9a6cddf-SegmentedRaftLogWorker:Storage Directory /workdir/hadoop-ozone/integration-test/target/test-dir/MiniOzoneClusterImpl-bb3956c2-c4d1-403a-b406-f8ec73b3905b/datanode-0/data/ratis/3b7d842a-3a2c-4136-9350-fce453cde994] INFO  util.JmxRegister (JmxRegister.java:unregister(73)) - Successfully un-registered JMX Bean with object name Ratis:service=RaftServer,group=group-FCE453CDE994,id=eb30d72f-c0a8-4ecb-bfee-9120a9a6cddf
2019-09-20 04:49:19,945 [eb30d72f-c0a8-4ecb-bfee-9120a9a6cddf-SegmentedRaftLogWorker:Storage Directory /workdir/hadoop-ozone/integration-test/target/test-dir/MiniOzoneClusterImpl-bb3956c2-c4d1-403a-b406-f8ec73b3905b/datanode-0/data/ratis/3b7d842a-3a2c-4136-9350-fce453cde994] INFO  impl.RoleInfo (RoleInfo.java:shutdownLeaderState(104)) - eb30d72f-c0a8-4ecb-bfee-9120a9a6cddf: shutdown LeaderState
2019-09-20 04:49:19,931 [eb30d72f-c0a8-4ecb-bfee-9120a9a6cddf-SegmentedRaftLogWorker:Storage Directory /workdir/hadoop-ozone/integration-test/target/test-dir/MiniOzoneClusterImpl-bb3956c2-c4d1-403a-b406-f8ec73b3905b/datanode-0/data/ratis/1720bea1-d3de-49d0-9baa-454778adbe45] INFO  util.JmxRegister (JmxRegister.java:unregister(73)) - Successfully un-registered JMX Bean with object name Ratis:service=RaftServer,group=group-454778ADBE45,id=eb30d72f-c0a8-4ecb-bfee-9120a9a6cddf
2019-09-20 04:49:19,945 [eb30d72f-c0a8-4ecb-bfee-9120a9a6cddf-SegmentedRaftLogWorker:Storage Directory /workdir/hadoop-ozone/integration-test/target/test-dir/MiniOzoneClusterImpl-bb3956c2-c4d1-403a-b406-f8ec73b3905b/datanode-0/data/ratis/1720bea1-d3de-49d0-9baa-454778adbe45] INFO  impl.RoleInfo (RoleInfo.java:shutdownLeaderState(104)) - eb30d72f-c0a8-4ecb-bfee-9120a9a6cddf: shutdown LeaderState
2019-09-20 04:49:19,931 [Thread-759] INFO  impl.RoleInfo (RoleInfo.java:updateAndGet(143)) - 3c2a6bfe-f5c5-4e23-89b0-850dab17697d: start LeaderElection
2019-09-20 04:49:19,931 [eb30d72f-c0a8-4ecb-bfee-9120a9a6cddf-SegmentedRaftLogWorker:Storage Directory /workdir/hadoop-ozone/integration-test/target/test-dir/MiniOzoneClusterImpl-bb3956c2-c4d1-403a-b406-f8ec73b3905b/datanode-0/data/ratis/b95572b3-eaa8-4c64-8803-6c272a5b19d4] INFO  impl.RaftServerImpl (RaftServerImpl.java:lambda$shutdown$3(245)) - eb30d72f-c0a8-4ecb-bfee-9120a9a6cddf: shutdown group-6C272A5B19D4
2019-09-20 04:49:19,930 [Thread-744] INFO  impl.RaftServerImpl (RaftServerImpl.java:setRole(171)) - 3c2a6bfe-f5c5-4e23-89b0-850dab17697d:group-9B431E59F634 changes role from FOLLOWER to CANDIDATE at term 0 for changeToCandidate
2019-09-20 04:49:19,930 [RatisPipelineUtilsThread] INFO  pipeline.PipelinePlacementPolicy (PipelinePlacementPolicy.java:meetCriteria(91)) - Pipeline Placement: Doesn't meet the criteria to be viable node： 8538cd65-7926-426b-8bad-fbd0f0550f9a Heaviness: 6 limit: 5
2019-09-20 04:49:19,930 [pool-262-thread-1] INFO  impl.RaftServerImpl (RaftServerImpl.java:start(180)) - 0ad3f89e-804f-4845-89c5-5ff1a35a5dda: start group-FCAFDF7E9E51
2019-09-20 04:49:19,929 [f4e549ee-a6fa-4eb9-8541-129d0566fdf5:group-4976C8D399E6:LeaderElection95] INFO  segmented.SegmentedRaftLogWorker (SegmentedRaftLogWorker.java:startLogSegment(380)) - f4e549ee-a6fa-4eb9-8541-129d0566fdf5-SegmentedRaftLogWorker:Storage Directory /workdir/hadoop-ozone/integration-test/target/test-dir/MiniOzoneClusterImpl-bb3956c2-c4d1-403a-b406-f8ec73b3905b/datanode-1/data/ratis/6f4561aa-1612-488e-9a4e-4976c8d399e6: Starting segment from index:0
2019-09-20 04:49:19,929 [f4e549ee-a6fa-4eb9-8541-129d0566fdf5:group-2F9ACABBF226:LeaderElection87] INFO  impl.RaftServerImpl (ServerState.java:setRaftConf(361)) - f4e549ee-a6fa-4eb9-8541-129d0566fdf5:group-2F9ACABBF226 set configuration 0: [f4e549ee-a6fa-4eb9-8541-129d0566fdf5:192.168.36.79:40144], old=null at 0
2019-09-20 04:49:19,946 [pool-262-thread-1] INFO  impl.RaftServerImpl (RaftServerImpl.java:setRole(171)) - 0ad3f89e-804f-4845-89c5-5ff1a35a5dda:group-FCAFDF7E9E51 changes role from null to FOLLOWER at term 0 for startAsFollower
2019-09-20 04:49:19,946 [RatisPipelineUtilsThread] INFO  pipeline.PipelinePlacementPolicy (PipelinePlacementPolicy.java:meetCriteria(91)) - Pipeline Placement: Doesn't meet the criteria to be viable node： f4e549ee-a6fa-4eb9-8541-129d0566fdf5 Heaviness: 6 limit: 5
2019-09-20 04:49:19,946 [Thread-744] INFO  impl.RoleInfo (RoleInfo.java:updateAndGet(143)) - 3c2a6bfe-f5c5-4e23-89b0-850dab17697d: start LeaderElection
2019-09-20 04:49:19,946 [eb30d72f-c0a8-4ecb-bfee-9120a9a6cddf-SegmentedRaftLogWorker:Storage Directory /workdir/hadoop-ozone/integration-test/target/test-dir/MiniOzoneClusterImpl-bb3956c2-c4d1-403a-b406-f8ec73b3905b/datanode-0/data/ratis/b95572b3-eaa8-4c64-8803-6c272a5b19d4] INFO  util.JmxRegister (JmxRegister.java:unregister(73)) - Successfully un-registered JMX Bean with object name Ratis:service=RaftServer,group=group-6C272A5B19D4,id=eb30d72f-c0a8-4ecb-bfee-9120a9a6cddf
2019-09-20 04:49:19,946 [eb30d72f-c0a8-4ecb-bfee-9120a9a6cddf-SegmentedRaftLogWorker:Storage Directory /workdir/hadoop-ozone/integration-test/target/test-dir/MiniOzoneClusterImpl-bb3956c2-c4d1-403a-b406-f8ec73b3905b/datanode-0/data/ratis/1720bea1-d3de-49d0-9baa-454778adbe45] INFO  impl.PendingRequests (PendingRequests.java:sendNotLeaderResponses(202)) - eb30d72f-c0a8-4ecb-bfee-9120a9a6cddf-PendingRequests: sendNotLeaderResponses
2019-09-20 04:49:19,945 [eb30d72f-c0a8-4ecb-bfee-9120a9a6cddf-SegmentedRaftLogWorker:Storage Directory /workdir/hadoop-ozone/integration-test/target/test-dir/MiniOzoneClusterImpl-bb3956c2-c4d1-403a-b406-f8ec73b3905b/datanode-0/data/ratis/3b7d842a-3a2c-4136-9350-fce453cde994] INFO  impl.PendingRequests (PendingRequests.java:sendNotLeaderResponses(202)) - eb30d72f-c0a8-4ecb-bfee-9120a9a6cddf-PendingRequests: sendNotLeaderResponses
2019-09-20 04:49:19,945 [8538cd65-7926-426b-8bad-fbd0f0550f9a:group-D8CA85E292D5:LeaderElection98] INFO  server.RaftServerConfigKeys (ConfUtils.java:logGet(43)) - raft.server.write.element-limit = 4096 (default)
2019-09-20 04:49:19,945 [eb30d72f-c0a8-4ecb-bfee-9120a9a6cddf-SegmentedRaftLogWorker:Storage Directory /workdir/hadoop-ozone/integration-test/target/test-dir/MiniOzoneClusterImpl-bb3956c2-c4d1-403a-b406-f8ec73b3905b/datanode-0/data/ratis/b878318d-387d-4125-b83e-13071e6999e3] INFO  impl.RaftServerImpl (ServerState.java:close(394)) - eb30d72f-c0a8-4ecb-bfee-9120a9a6cddf:group-13071E6999E3 closes. The last applied log index is -1
2019-09-20 04:49:19,945 [5ea19b84-5385-4ae9-8412-c4cfa929b172:group-63AC9BD7AD41:LeaderElection103] INFO  server.RaftServerConfigKeys (ConfUtils.java:logGet(43)) - raft.server.write.element-limit = 4096 (default)
2019-09-20 04:49:19,945 [5ea19b84-5385-4ae9-8412-c4cfa929b172:group-3F6F94B8F0AF:LeaderElection97] INFO  server.RaftServerConfigKeys (ConfUtils.java:logGet(43)) - raft.server.rpc.sleep.time = 25ms (default)
2019-09-20 04:49:19,945 [5ea19b84-5385-4ae9-8412-c4cfa929b172:group-4200AF398C62:LeaderElection102] INFO  server.RaftServerConfigKeys (ConfUtils.java:logGet(43)) - raft.server.write.element-limit = 4096 (default)
2019-09-20 04:49:19,944 [5ea19b84-5385-4ae9-8412-c4cfa929b172:group-CE8C03EEB81D:LeaderElection101] INFO  server.RaftServerConfigKeys (ConfUtils.java:logGet(43)) - raft.server.rpc.sleep.time = 25ms (default)
2019-09-20 04:49:19,944 [5ea19b84-5385-4ae9-8412-c4cfa929b172:group-18888425844F:LeaderElection99] INFO  server.RaftServerConfigKeys (ConfUtils.java:logGet(43)) - raft.server.watch.timeout = 10s (default)
2019-09-20 04:49:19,934 [5ea19b84-5385-4ae9-8412-c4cfa929b172:group-D3671F3B1CB0:LeaderElection100] INFO  server.RaftServerConfigKeys (ConfUtils.java:logGet(43)) - raft.server.rpc.sleep.time = 25ms (default)
2019-09-20 04:49:19,933 [eb30d72f-c0a8-4ecb-bfee-9120a9a6cddf-SegmentedRaftLogWorker:Storage Directory /workdir/hadoop-ozone/integration-test/target/test-dir/MiniOzoneClusterImpl-bb3956c2-c4d1-403a-b406-f8ec73b3905b/datanode-0/data/ratis/41a5c070-d930-4254-8d2e-56065aba910b] INFO  impl.RoleInfo (RoleInfo.java:shutdownLeaderState(104)) - eb30d72f-c0a8-4ecb-bfee-9120a9a6cddf: shutdown LeaderState
2019-09-20 04:49:19,948 [5ea19b84-5385-4ae9-8412-c4cfa929b172:group-D3671F3B1CB0:LeaderElection100] INFO  server.RaftServerConfigKeys (ConfUtils.java:logGet(43)) - raft.server.write.element-limit = 4096 (default)
2019-09-20 04:49:19,948 [5ea19b84-5385-4ae9-8412-c4cfa929b172:group-18888425844F:LeaderElection99] INFO  server.RaftServerConfigKeys (ConfUtils.java:logGet(43)) - raft.server.watch.timeout.denomination = 1s (default)
2019-09-20 04:49:19,948 [5ea19b84-5385-4ae9-8412-c4cfa929b172:group-CE8C03EEB81D:LeaderElection101] INFO  server.RaftServerConfigKeys (ConfUtils.java:logGet(43)) - raft.server.write.element-limit = 4096 (default)
2019-09-20 04:49:19,949 [5ea19b84-5385-4ae9-8412-c4cfa929b172:group-CE8C03EEB81D:LeaderElection101] INFO  server.RaftServerConfigKeys (ConfUtils.java:logGet(43)) - raft.server.watch.timeout = 10s (default)
2019-09-20 04:49:19,948 [5ea19b84-5385-4ae9-8412-c4cfa929b172:group-4200AF398C62:LeaderElection102] INFO  server.RaftServerConfigKeys (ConfUtils.java:logGet(43)) - raft.server.watch.timeout = 10s (default)
2019-09-20 04:49:19,948 [5ea19b84-5385-4ae9-8412-c4cfa929b172:group-3F6F94B8F0AF:LeaderElection97] INFO  server.RaftServerConfigKeys (ConfUtils.java:logGet(43)) - raft.server.write.element-limit = 4096 (default)
2019-09-20 04:49:19,948 [5ea19b84-5385-4ae9-8412-c4cfa929b172:group-63AC9BD7AD41:LeaderElection103] INFO  server.RaftServerConfigKeys (ConfUtils.java:logGet(43)) - raft.server.watch.timeout = 10s (default)
2019-09-20 04:49:19,948 [eb30d72f-c0a8-4ecb-bfee-9120a9a6cddf-SegmentedRaftLogWorker:Storage Directory /workdir/hadoop-ozone/integration-test/target/test-dir/MiniOzoneClusterImpl-bb3956c2-c4d1-403a-b406-f8ec73b3905b/datanode-0/data/ratis/b878318d-387d-4125-b83e-13071e6999e3] INFO  segmented.SegmentedRaftLogWorker (SegmentedRaftLogWorker.java:close(228)) - eb30d72f-c0a8-4ecb-bfee-9120a9a6cddf-SegmentedRaftLogWorker:Storage Directory /workdir/hadoop-ozone/integration-test/target/test-dir/MiniOzoneClusterImpl-bb3956c2-c4d1-403a-b406-f8ec73b3905b/datanode-0/data/ratis/b878318d-387d-4125-b83e-13071e6999e3 close()
2019-09-20 04:49:19,948 [8538cd65-7926-426b-8bad-fbd0f0550f9a:group-D8CA85E292D5:LeaderElection98] INFO  server.RaftServerConfigKeys (ConfUtils.java:logGet(43)) - raft.server.watch.timeout = 10s (default)
2019-09-20 04:49:19,948 [eb30d72f-c0a8-4ecb-bfee-9120a9a6cddf-SegmentedRaftLogWorker:Storage Directory /workdir/hadoop-ozone/integration-test/target/test-dir/MiniOzoneClusterImpl-bb3956c2-c4d1-403a-b406-f8ec73b3905b/datanode-0/data/ratis/3b7d842a-3a2c-4136-9350-fce453cde994] INFO  impl.StateMachineUpdater (StateMachineUpdater.java:stopAndJoin(115)) - StateMachineUpdater:eb30d72f-c0a8-4ecb-bfee-9120a9a6cddf:group-FCE453CDE994: set stopIndex = -1
2019-09-20 04:49:19,947 [eb30d72f-c0a8-4ecb-bfee-9120a9a6cddf-SegmentedRaftLogWorker:Storage Directory /workdir/hadoop-ozone/integration-test/target/test-dir/MiniOzoneClusterImpl-bb3956c2-c4d1-403a-b406-f8ec73b3905b/datanode-0/data/ratis/1720bea1-d3de-49d0-9baa-454778adbe45] INFO  impl.StateMachineUpdater (StateMachineUpdater.java:stopAndJoin(115)) - StateMachineUpdater:eb30d72f-c0a8-4ecb-bfee-9120a9a6cddf:group-454778ADBE45: set stopIndex = -1
2019-09-20 04:49:19,947 [eb30d72f-c0a8-4ecb-bfee-9120a9a6cddf-SegmentedRaftLogWorker:Storage Directory /workdir/hadoop-ozone/integration-test/target/test-dir/MiniOzoneClusterImpl-bb3956c2-c4d1-403a-b406-f8ec73b3905b/datanode-0/data/ratis/b95572b3-eaa8-4c64-8803-6c272a5b19d4] INFO  impl.RoleInfo (RoleInfo.java:shutdownLeaderState(104)) - eb30d72f-c0a8-4ecb-bfee-9120a9a6cddf: shutdown LeaderState
2019-09-20 04:49:19,947 [f4e549ee-a6fa-4eb9-8541-129d0566fdf5:group-4976C8D399E6:LeaderElection95] INFO  impl.RaftServerImpl (ServerState.java:setRaftConf(361)) - f4e549ee-a6fa-4eb9-8541-129d0566fdf5:group-4976C8D399E6 set configuration 0: [f4e549ee-a6fa-4eb9-8541-129d0566fdf5:192.168.36.79:40144], old=null at 0
2019-09-20 04:49:19,947 [RatisPipelineUtilsThread] INFO  pipeline.PipelinePlacementPolicy (PipelinePlacementPolicy.java:meetCriteria(91)) - Pipeline Placement: Doesn't meet the criteria to be viable node： eb30d72f-c0a8-4ecb-bfee-9120a9a6cddf Heaviness: 6 limit: 5
2019-09-20 04:49:19,947 [pool-262-thread-1] INFO  impl.RoleInfo (RoleInfo.java:updateAndGet(143)) - 0ad3f89e-804f-4845-89c5-5ff1a35a5dda: start FollowerState
2019-09-20 04:49:20,299 [RatisPipelineUtilsThread] INFO  pipeline.PipelinePlacementPolicy (PipelinePlacementPolicy.java:meetCriteria(91)) - Pipeline Placement: Doesn't meet the criteria to be viable node： 5ea19b84-5385-4ae9-8412-c4cfa929b172 Heaviness: 6 limit: 5
2019-09-20 04:49:20,299 [eb30d72f-c0a8-4ecb-bfee-9120a9a6cddf-SegmentedRaftLogWorker:Storage Directory /workdir/hadoop-ozone/integration-test/target/test-dir/MiniOzoneClusterImpl-bb3956c2-c4d1-403a-b406-f8ec73b3905b/datanode-0/data/ratis/b95572b3-eaa8-4c64-8803-6c272a5b19d4] INFO  impl.PendingRequests (PendingRequests.java:sendNotLeaderResponses(202)) - eb30d72f-c0a8-4ecb-bfee-9120a9a6cddf-PendingRequests: sendNotLeaderResponses
2019-09-20 04:49:20,299 [eb30d72f-c0a8-4ecb-bfee-9120a9a6cddf-SegmentedRaftLogWorker:Storage Directory /workdir/hadoop-ozone/integration-test/target/test-dir/MiniOzoneClusterImpl-bb3956c2-c4d1-403a-b406-f8ec73b3905b/datanode-0/data/ratis/1720bea1-d3de-49d0-9baa-454778adbe45] INFO  impl.RaftServerImpl (ServerState.java:close(394)) - eb30d72f-c0a8-4ecb-bfee-9120a9a6cddf:group-454778ADBE45 closes. The last applied log index is -1
2019-09-20 04:49:20,299 [eb30d72f-c0a8-4ecb-bfee-9120a9a6cddf-SegmentedRaftLogWorker:Storage Directory /workdir/hadoop-ozone/integration-test/target/test-dir/MiniOzoneClusterImpl-bb3956c2-c4d1-403a-b406-f8ec73b3905b/datanode-0/data/ratis/3b7d842a-3a2c-4136-9350-fce453cde994] INFO  impl.RaftServerImpl (ServerState.java:close(394)) - eb30d72f-c0a8-4ecb-bfee-9120a9a6cddf:group-FCE453CDE994 closes. The last applied log index is -1
2019-09-20 04:49:20,301 [eb30d72f-c0a8-4ecb-bfee-9120a9a6cddf-SegmentedRaftLogWorker:Storage Directory /workdir/hadoop-ozone/integration-test/target/test-dir/MiniOzoneClusterImpl-bb3956c2-c4d1-403a-b406-f8ec73b3905b/datanode-0/data/ratis/1720bea1-d3de-49d0-9baa-454778adbe45] INFO  segmented.SegmentedRaftLogWorker (SegmentedRaftLogWorker.java:close(228)) - eb30d72f-c0a8-4ecb-bfee-9120a9a6cddf-SegmentedRaftLogWorker:Storage Directory /workdir/hadoop-ozone/integration-test/target/test-dir/MiniOzoneClusterImpl-bb3956c2-c4d1-403a-b406-f8ec73b3905b/datanode-0/data/ratis/1720bea1-d3de-49d0-9baa-454778adbe45 close()
2019-09-20 04:49:20,302 [eb30d72f-c0a8-4ecb-bfee-9120a9a6cddf-SegmentedRaftLogWorker:Storage Directory /workdir/hadoop-ozone/integration-test/target/test-dir/MiniOzoneClusterImpl-bb3956c2-c4d1-403a-b406-f8ec73b3905b/datanode-0/data/ratis/3b7d842a-3a2c-4136-9350-fce453cde994] INFO  segmented.SegmentedRaftLogWorker (SegmentedRaftLogWorker.java:close(228)) - eb30d72f-c0a8-4ecb-bfee-9120a9a6cddf-SegmentedRaftLogWorker:Storage Directory /workdir/hadoop-ozone/integration-test/target/test-dir/MiniOzoneClusterImpl-bb3956c2-c4d1-403a-b406-f8ec73b3905b/datanode-0/data/ratis/3b7d842a-3a2c-4136-9350-fce453cde994 close()
2019-09-20 04:49:20,006 [fdbc37f2-9e58-4bac-a5d5-a78839d012e9:group-44FF265F9AFF:LeaderElection104] INFO  impl.LeaderElection (LeaderElection.java:askForVotes(181)) - fdbc37f2-9e58-4bac-a5d5-a78839d012e9:group-44FF265F9AFF:LeaderElection104: begin an election at term 1 for -1: [fdbc37f2-9e58-4bac-a5d5-a78839d012e9:192.168.36.79:32937], old=null
2019-09-20 04:49:20,006 [8538cd65-7926-426b-8bad-fbd0f0550f9a:group-D8CA85E292D5:LeaderElection98] INFO  server.RaftServerConfigKeys (ConfUtils.java:logGet(43)) - raft.server.watch.timeout.denomination = 1s (default)
2019-09-20 04:49:19,949 [5ea19b84-5385-4ae9-8412-c4cfa929b172:group-63AC9BD7AD41:LeaderElection103] INFO  server.RaftServerConfigKeys (ConfUtils.java:logGet(43)) - raft.server.watch.timeout.denomination = 1s (default)
2019-09-20 04:49:19,949 [5ea19b84-5385-4ae9-8412-c4cfa929b172:group-3F6F94B8F0AF:LeaderElection97] INFO  server.RaftServerConfigKeys (ConfUtils.java:logGet(43)) - raft.server.watch.timeout = 10s (default)
2019-09-20 04:49:20,303 [5ea19b84-5385-4ae9-8412-c4cfa929b172:group-3F6F94B8F0AF:LeaderElection97] INFO  server.RaftServerConfigKeys (ConfUtils.java:logGet(43)) - raft.server.watch.timeout.denomination = 1s (default)
2019-09-20 04:49:19,949 [5ea19b84-5385-4ae9-8412-c4cfa929b172:group-4200AF398C62:LeaderElection102] INFO  server.RaftServerConfigKeys (ConfUtils.java:logGet(43)) - raft.server.watch.timeout.denomination = 1s (default)
2019-09-20 04:49:19,949 [5ea19b84-5385-4ae9-8412-c4cfa929b172:group-CE8C03EEB81D:LeaderElection101] INFO  server.RaftServerConfigKeys (ConfUtils.java:logGet(43)) - raft.server.watch.timeout.denomination = 1s (default)
2019-09-20 04:49:19,949 [5ea19b84-5385-4ae9-8412-c4cfa929b172:group-18888425844F:LeaderElection99] INFO  server.RaftServerConfigKeys (ConfUtils.java:logGet(43)) - raft.server.watch.element-limit = 65536 (default)
2019-09-20 04:49:19,949 [5ea19b84-5385-4ae9-8412-c4cfa929b172:group-D3671F3B1CB0:LeaderElection100] INFO  server.RaftServerConfigKeys (ConfUtils.java:logGet(43)) - raft.server.watch.timeout = 10s (default)
2019-09-20 04:49:19,949 [eb30d72f-c0a8-4ecb-bfee-9120a9a6cddf-SegmentedRaftLogWorker:Storage Directory /workdir/hadoop-ozone/integration-test/target/test-dir/MiniOzoneClusterImpl-bb3956c2-c4d1-403a-b406-f8ec73b3905b/datanode-0/data/ratis/41a5c070-d930-4254-8d2e-56065aba910b] INFO  impl.PendingRequests (PendingRequests.java:sendNotLeaderResponses(202)) - eb30d72f-c0a8-4ecb-bfee-9120a9a6cddf-PendingRequests: sendNotLeaderResponses
2019-09-20 04:49:20,304 [5ea19b84-5385-4ae9-8412-c4cfa929b172:group-D3671F3B1CB0:LeaderElection100] INFO  server.RaftServerConfigKeys (ConfUtils.java:logGet(43)) - raft.server.watch.timeout.denomination = 1s (default)
2019-09-20 04:49:20,303 [5ea19b84-5385-4ae9-8412-c4cfa929b172:group-18888425844F:LeaderElection99] INFO  impl.RoleInfo (RoleInfo.java:updateAndGet(143)) - 5ea19b84-5385-4ae9-8412-c4cfa929b172: start LeaderState
2019-09-20 04:49:20,303 [5ea19b84-5385-4ae9-8412-c4cfa929b172:group-CE8C03EEB81D:LeaderElection101] INFO  server.RaftServerConfigKeys (ConfUtils.java:logGet(43)) - raft.server.watch.element-limit = 65536 (default)
2019-09-20 04:49:20,311 [5ea19b84-5385-4ae9-8412-c4cfa929b172:group-18888425844F:LeaderElection99] INFO  segmented.SegmentedRaftLogWorker (SegmentedRaftLogWorker.java:startLogSegment(380)) - 5ea19b84-5385-4ae9-8412-c4cfa929b172-SegmentedRaftLogWorker:Storage Directory /workdir/hadoop-ozone/integration-test/target/test-dir/MiniOzoneClusterImpl-bb3956c2-c4d1-403a-b406-f8ec73b3905b/datanode-3/data/ratis/1476a581-b3a6-4053-aee0-18888425844f: Starting segment from index:0
2019-09-20 04:49:20,303 [5ea19b84-5385-4ae9-8412-c4cfa929b172:group-4200AF398C62:LeaderElection102] INFO  server.RaftServerConfigKeys (ConfUtils.java:logGet(43)) - raft.server.watch.element-limit = 65536 (default)
2019-09-20 04:49:20,303 [5ea19b84-5385-4ae9-8412-c4cfa929b172:group-3F6F94B8F0AF:LeaderElection97] INFO  server.RaftServerConfigKeys (ConfUtils.java:logGet(43)) - raft.server.watch.element-limit = 65536 (default)
2019-09-20 04:49:20,311 [5ea19b84-5385-4ae9-8412-c4cfa929b172:group-18888425844F:LeaderElection99] INFO  impl.RaftServerImpl (ServerState.java:setRaftConf(361)) - 5ea19b84-5385-4ae9-8412-c4cfa929b172:group-18888425844F set configuration 0: [5ea19b84-5385-4ae9-8412-c4cfa929b172:192.168.36.79:33428], old=null at 0
2019-09-20 04:49:20,311 | INFO  | SCMAudit | user=jenkins1000 | ip=192.168.36.79 | op=SEND_HEARTBEAT {datanodeUUID=a9bc59c4-b792-48d5-9db2-4e71770477b1, command=[]} | ret=SUCCESS |  
2019-09-20 04:49:20,311 | INFO  | SCMAudit | user=jenkins1000 | ip=192.168.36.79 | op=SEND_HEARTBEAT {datanodeUUID=8538cd65-7926-426b-8bad-fbd0f0550f9a, command=[]} | ret=SUCCESS |  
2019-09-20 04:49:20,311 | INFO  | SCMAudit | user=jenkins1000 | ip=192.168.36.79 | op=SEND_HEARTBEAT {datanodeUUID=f4e549ee-a6fa-4eb9-8541-129d0566fdf5, command=[]} | ret=SUCCESS |  
2019-09-20 04:49:20,303 [5ea19b84-5385-4ae9-8412-c4cfa929b172:group-63AC9BD7AD41:LeaderElection103] INFO  server.RaftServerConfigKeys (ConfUtils.java:logGet(43)) - raft.server.watch.element-limit = 65536 (default)
2019-09-20 04:49:20,302 [8538cd65-7926-426b-8bad-fbd0f0550f9a:group-D8CA85E292D5:LeaderElection98] INFO  server.RaftServerConfigKeys (ConfUtils.java:logGet(43)) - raft.server.watch.element-limit = 65536 (default)
2019-09-20 04:49:20,302 [fdbc37f2-9e58-4bac-a5d5-a78839d012e9:group-44FF265F9AFF:LeaderElection104] INFO  impl.RoleInfo (RoleInfo.java:shutdownLeaderElection(134)) - fdbc37f2-9e58-4bac-a5d5-a78839d012e9: shutdown LeaderElection
2019-09-20 04:49:20,301 [eb30d72f-c0a8-4ecb-bfee-9120a9a6cddf-SegmentedRaftLogWorker:Storage Directory /workdir/hadoop-ozone/integration-test/target/test-dir/MiniOzoneClusterImpl-bb3956c2-c4d1-403a-b406-f8ec73b3905b/datanode-0/data/ratis/b95572b3-eaa8-4c64-8803-6c272a5b19d4] INFO  impl.StateMachineUpdater (StateMachineUpdater.java:stopAndJoin(115)) - StateMachineUpdater:eb30d72f-c0a8-4ecb-bfee-9120a9a6cddf:group-6C272A5B19D4: set stopIndex = -1
2019-09-20 04:49:20,301 [pool-262-thread-1] INFO  util.JmxRegister (JmxRegister.java:tryRegister(44)) - Successfully registered JMX Bean with object name Ratis:service=RaftServer,group=group-FCAFDF7E9E51,id=0ad3f89e-804f-4845-89c5-5ff1a35a5dda
2019-09-20 04:49:20,312 [eb30d72f-c0a8-4ecb-bfee-9120a9a6cddf-SegmentedRaftLogWorker:Storage Directory /workdir/hadoop-ozone/integration-test/target/test-dir/MiniOzoneClusterImpl-bb3956c2-c4d1-403a-b406-f8ec73b3905b/datanode-0/data/ratis/b95572b3-eaa8-4c64-8803-6c272a5b19d4] INFO  impl.RaftServerImpl (ServerState.java:close(394)) - eb30d72f-c0a8-4ecb-bfee-9120a9a6cddf:group-6C272A5B19D4 closes. The last applied log index is -1
2019-09-20 04:49:20,312 [fdbc37f2-9e58-4bac-a5d5-a78839d012e9:group-44FF265F9AFF:LeaderElection104] INFO  impl.RaftServerImpl (RaftServerImpl.java:setRole(171)) - fdbc37f2-9e58-4bac-a5d5-a78839d012e9:group-44FF265F9AFF changes role from CANDIDATE to LEADER at term 1 for changeToLeader
2019-09-20 04:49:20,652 | INFO  | SCMAudit | user=jenkins1000 | ip=192.168.36.79 | op=SEND_HEARTBEAT {datanodeUUID=ba95d636-ac34-4b74-a102-dec8d0f377c6, command=[]} | ret=SUCCESS |  
2019-09-20 04:49:20,652 | INFO  | SCMAudit | user=jenkins1000 | ip=192.168.36.79 | op=SEND_HEARTBEAT {datanodeUUID=8d97392c-5f4b-400a-94a1-fb61a3ebbc99, command=[]} | ret=SUCCESS |  
2019-09-20 04:49:20,652 | INFO  | SCMAudit | user=jenkins1000 | ip=192.168.36.79 | op=SEND_HEARTBEAT {datanodeUUID=236eed40-dd97-4fdc-a0ae-ab99685a426b, command=[]} | ret=SUCCESS |  
2019-09-20 04:49:20,652 | INFO  | SCMAudit | user=jenkins1000 | ip=192.168.36.79 | op=SEND_HEARTBEAT {datanodeUUID=ea71b9af-1075-4196-9693-aa14e10f536d, command=[]} | ret=SUCCESS |  
2019-09-20 04:49:20,652 | INFO  | SCMAudit | user=jenkins1000 | ip=192.168.36.79 | op=SEND_HEARTBEAT {datanodeUUID=fdbc37f2-9e58-4bac-a5d5-a78839d012e9, command=[]} | ret=SUCCESS |  
2019-09-20 04:49:20,652 | INFO  | SCMAudit | user=jenkins1000 | ip=192.168.36.79 | op=SEND_HEARTBEAT {datanodeUUID=2702b462-69d8-4c1b-aae1-091a21fe08b8, command=[]} | ret=SUCCESS |  
2019-09-20 04:49:20,652 | INFO  | SCMAudit | user=jenkins1000 | ip=192.168.36.79 | op=SEND_HEARTBEAT {datanodeUUID=bd1a845e-f2ed-4713-9516-9ccc20139040, command=[]} | ret=SUCCESS |  
2019-09-20 04:49:20,652 | INFO  | SCMAudit | user=jenkins1000 | ip=192.168.36.79 | op=SEND_HEARTBEAT {datanodeUUID=1d91ad97-6666-4ee7-855a-8b5e944e7401, command=[]} | ret=SUCCESS |  
2019-09-20 04:49:20,652 | INFO  | SCMAudit | user=jenkins1000 | ip=192.168.36.79 | op=SEND_HEARTBEAT {datanodeUUID=eaf3ecbe-c3b1-4969-ad3a-e4de7fb04f81, command=[]} | ret=SUCCESS |  
2019-09-20 04:49:20,652 | INFO  | SCMAudit | user=jenkins1000 | ip=192.168.36.79 | op=SEND_HEARTBEAT {datanodeUUID=42fc6e92-fcdd-4827-b621-9fc58a3d2315, command=[]} | ret=SUCCESS |  
2019-09-20 04:49:20,312 [8538cd65-7926-426b-8bad-fbd0f0550f9a:group-D8CA85E292D5:LeaderElection98] INFO  impl.RoleInfo (RoleInfo.java:updateAndGet(143)) - 8538cd65-7926-426b-8bad-fbd0f0550f9a: start LeaderState
2019-09-20 04:49:20,312 [5ea19b84-5385-4ae9-8412-c4cfa929b172:group-63AC9BD7AD41:LeaderElection103] INFO  impl.RoleInfo (RoleInfo.java:updateAndGet(143)) - 5ea19b84-5385-4ae9-8412-c4cfa929b172: start LeaderState
2019-09-20 04:49:20,311 [5ea19b84-5385-4ae9-8412-c4cfa929b172:group-3F6F94B8F0AF:LeaderElection97] INFO  impl.RoleInfo (RoleInfo.java:updateAndGet(143)) - 5ea19b84-5385-4ae9-8412-c4cfa929b172: start LeaderState
2019-09-20 04:49:20,311 [5ea19b84-5385-4ae9-8412-c4cfa929b172:group-4200AF398C62:LeaderElection102] INFO  impl.RoleInfo (RoleInfo.java:updateAndGet(143)) - 5ea19b84-5385-4ae9-8412-c4cfa929b172: start LeaderState
2019-09-20 04:49:20,311 [5ea19b84-5385-4ae9-8412-c4cfa929b172:group-CE8C03EEB81D:LeaderElection101] INFO  impl.RoleInfo (RoleInfo.java:updateAndGet(143)) - 5ea19b84-5385-4ae9-8412-c4cfa929b172: start LeaderState
2019-09-20 04:49:20,685 | INFO  | SCMAudit | user=jenkins1000 | ip=192.168.36.79 | op=SEND_HEARTBEAT {datanodeUUID=3c2a6bfe-f5c5-4e23-89b0-850dab17697d, command=[]} | ret=SUCCESS |  
2019-09-20 04:49:20,685 | INFO  | SCMAudit | user=jenkins1000 | ip=192.168.36.79 | op=SEND_HEARTBEAT {datanodeUUID=2d6465ef-cffa-473a-a4c6-a9aa3f1a26c0, command=[]} | ret=SUCCESS |  
2019-09-20 04:49:20,685 | INFO  | SCMAudit | user=jenkins1000 | ip=192.168.36.79 | op=SEND_HEARTBEAT {datanodeUUID=5ea19b84-5385-4ae9-8412-c4cfa929b172, command=[]} | ret=SUCCESS |  
2019-09-20 04:49:20,685 | INFO  | SCMAudit | user=jenkins1000 | ip=192.168.36.79 | op=SEND_HEARTBEAT {datanodeUUID=68a93ad8-b6a8-44e1-8a9f-45fcc58d229a, command=[]} | ret=SUCCESS |  
2019-09-20 04:49:20,685 [5ea19b84-5385-4ae9-8412-c4cfa929b172:group-CE8C03EEB81D:LeaderElection101] INFO  segmented.SegmentedRaftLogWorker (SegmentedRaftLogWorker.java:startLogSegment(380)) - 5ea19b84-5385-4ae9-8412-c4cfa929b172-SegmentedRaftLogWorker:Storage Directory /workdir/hadoop-ozone/integration-test/target/test-dir/MiniOzoneClusterImpl-bb3956c2-c4d1-403a-b406-f8ec73b3905b/datanode-3/data/ratis/3a14126c-ccff-4a2f-9039-ce8c03eeb81d: Starting segment from index:0
2019-09-20 04:49:20,685 | INFO  | SCMAudit | user=jenkins1000 | ip=192.168.36.79 | op=SEND_HEARTBEAT {datanodeUUID=0ad3f89e-804f-4845-89c5-5ff1a35a5dda, command=[]} | ret=SUCCESS |  
2019-09-20 04:49:20,311 [5ea19b84-5385-4ae9-8412-c4cfa929b172:group-D3671F3B1CB0:LeaderElection100] INFO  server.RaftServerConfigKeys (ConfUtils.java:logGet(43)) - raft.server.watch.element-limit = 65536 (default)
2019-09-20 04:49:20,311 [eb30d72f-c0a8-4ecb-bfee-9120a9a6cddf-SegmentedRaftLogWorker:Storage Directory /workdir/hadoop-ozone/integration-test/target/test-dir/MiniOzoneClusterImpl-bb3956c2-c4d1-403a-b406-f8ec73b3905b/datanode-0/data/ratis/41a5c070-d930-4254-8d2e-56065aba910b] INFO  impl.StateMachineUpdater (StateMachineUpdater.java:stopAndJoin(115)) - StateMachineUpdater:eb30d72f-c0a8-4ecb-bfee-9120a9a6cddf:group-56065ABA910B: set stopIndex = -1
2019-09-20 04:49:20,706 [5ea19b84-5385-4ae9-8412-c4cfa929b172:group-D3671F3B1CB0:LeaderElection100] INFO  impl.RoleInfo (RoleInfo.java:updateAndGet(143)) - 5ea19b84-5385-4ae9-8412-c4cfa929b172: start LeaderState
2019-09-20 04:49:20,706 | INFO  | SCMAudit | user=jenkins1000 | ip=192.168.36.79 | op=SEND_HEARTBEAT {datanodeUUID=dba845b8-ea76-4e09-ab03-0883d354e493, command=[]} | ret=SUCCESS |  
2019-09-20 04:49:20,684 [5ea19b84-5385-4ae9-8412-c4cfa929b172:group-4200AF398C62:LeaderElection102] INFO  segmented.SegmentedRaftLogWorker (SegmentedRaftLogWorker.java:startLogSegment(380)) - 5ea19b84-5385-4ae9-8412-c4cfa929b172-SegmentedRaftLogWorker:Storage Directory /workdir/hadoop-ozone/integration-test/target/test-dir/MiniOzoneClusterImpl-bb3956c2-c4d1-403a-b406-f8ec73b3905b/datanode-3/data/ratis/6bbdd35d-ebe8-4c45-a33f-4200af398c62: Starting segment from index:0
2019-09-20 04:49:20,684 [5ea19b84-5385-4ae9-8412-c4cfa929b172:group-63AC9BD7AD41:LeaderElection103] INFO  segmented.SegmentedRaftLogWorker (SegmentedRaftLogWorker.java:startLogSegment(380)) - 5ea19b84-5385-4ae9-8412-c4cfa929b172-SegmentedRaftLogWorker:Storage Directory /workdir/hadoop-ozone/integration-test/target/test-dir/MiniOzoneClusterImpl-bb3956c2-c4d1-403a-b406-f8ec73b3905b/datanode-3/data/ratis/ee041880-3620-41c9-938f-63ac9bd7ad41: Starting segment from index:0
2019-09-20 04:49:20,996 | INFO  | SCMAudit | user=jenkins1000 | ip=192.168.36.79 | op=SEND_HEARTBEAT {datanodeUUID=eb30d72f-c0a8-4ecb-bfee-9120a9a6cddf, command=[]} | ret=SUCCESS |  
2019-09-20 04:49:20,684 [5ea19b84-5385-4ae9-8412-c4cfa929b172:group-3F6F94B8F0AF:LeaderElection97] INFO  segmented.SegmentedRaftLogWorker (SegmentedRaftLogWorker.java:startLogSegment(380)) - 5ea19b84-5385-4ae9-8412-c4cfa929b172-SegmentedRaftLogWorker:Storage Directory /workdir/hadoop-ozone/integration-test/target/test-dir/MiniOzoneClusterImpl-bb3956c2-c4d1-403a-b406-f8ec73b3905b/datanode-3/data/ratis/69752324-5e5e-4993-82a9-3f6f94b8f0af: Starting segment from index:0
2019-09-20 04:49:20,996 | INFO  | SCMAudit | user=jenkins1000 | ip=192.168.36.79 | op=SEND_HEARTBEAT {datanodeUUID=c4f6294c-eda3-4afd-81f7-e69ed14da69f, command=[]} | ret=SUCCESS |  
2019-09-20 04:49:20,653 [8538cd65-7926-426b-8bad-fbd0f0550f9a:group-D8CA85E292D5:LeaderElection98] INFO  segmented.SegmentedRaftLogWorker (SegmentedRaftLogWorker.java:startLogSegment(380)) - 8538cd65-7926-426b-8bad-fbd0f0550f9a-SegmentedRaftLogWorker:Storage Directory /workdir/hadoop-ozone/integration-test/target/test-dir/MiniOzoneClusterImpl-bb3956c2-c4d1-403a-b406-f8ec73b3905b/datanode-2/data/ratis/51dc7eba-fdfd-48e3-a995-d8ca85e292d5: Starting segment from index:0
2019-09-20 04:49:20,653 [8538cd65-7926-426b-8bad-fbd0f0550f9a-SegmentedRaftLogWorker:Storage Directory /workdir/hadoop-ozone/integration-test/target/test-dir/MiniOzoneClusterImpl-bb3956c2-c4d1-403a-b406-f8ec73b3905b/datanode-2/data/ratis/a2e51e51-9600-4027-a6b4-e20ea59b318e] ERROR segmented.SegmentedRaftLogWorker (SegmentedRaftLogWorker.java:run(323)) - 8538cd65-7926-426b-8bad-fbd0f0550f9a-SegmentedRaftLogWorker:Storage Directory /workdir/hadoop-ozone/integration-test/target/test-dir/MiniOzoneClusterImpl-bb3956c2-c4d1-403a-b406-f8ec73b3905b/datanode-2/data/ratis/a2e51e51-9600-4027-a6b4-e20ea59b318e hit exception
java.lang.OutOfMemoryError: Direct buffer memory
	at java.nio.Bits.reserveMemory(Bits.java:666)
	at java.nio.DirectByteBuffer.<init>(DirectByteBuffer.java:123)
	at java.nio.ByteBuffer.allocateDirect(ByteBuffer.java:311)
	at org.apache.ratis.server.raftlog.segmented.BufferedWriteChannel.<init>(BufferedWriteChannel.java:41)
	at org.apache.ratis.server.raftlog.segmented.SegmentedRaftLogOutputStream.<init>(SegmentedRaftLogOutputStream.java:72)
	at org.apache.ratis.server.raftlog.segmented.SegmentedRaftLogWorker$StartLogSegment.execute(SegmentedRaftLogWorker.java:566)
	at org.apache.ratis.server.raftlog.segmented.SegmentedRaftLogWorker.run(SegmentedRaftLogWorker.java:289)
	at java.lang.Thread.run(Thread.java:748)
2019-09-20 04:49:20,653 [f4e549ee-a6fa-4eb9-8541-129d0566fdf5-SegmentedRaftLogWorker:Storage Directory /workdir/hadoop-ozone/integration-test/target/test-dir/MiniOzoneClusterImpl-bb3956c2-c4d1-403a-b406-f8ec73b3905b/datanode-1/data/ratis/5d268bd6-8c89-4bad-a48a-b8d35009723b] ERROR segmented.SegmentedRaftLogWorker (SegmentedRaftLogWorker.java:run(323)) - f4e549ee-a6fa-4eb9-8541-129d0566fdf5-SegmentedRaftLogWorker:Storage Directory /workdir/hadoop-ozone/integration-test/target/test-dir/MiniOzoneClusterImpl-bb3956c2-c4d1-403a-b406-f8ec73b3905b/datanode-1/data/ratis/5d268bd6-8c89-4bad-a48a-b8d35009723b hit exception
java.lang.OutOfMemoryError: Direct buffer memory
	at java.nio.Bits.reserveMemory(Bits.java:666)
	at java.nio.DirectByteBuffer.<init>(DirectByteBuffer.java:123)
	at java.nio.ByteBuffer.allocateDirect(ByteBuffer.java:311)
	at org.apache.ratis.server.raftlog.segmented.BufferedWriteChannel.<init>(BufferedWriteChannel.java:41)
	at org.apache.ratis.server.raftlog.segmented.SegmentedRaftLogOutputStream.<init>(SegmentedRaftLogOutputStream.java:72)
	at org.apache.ratis.server.raftlog.segmented.SegmentedRaftLogWorker$StartLogSegment.execute(SegmentedRaftLogWorker.java:566)
	at org.apache.ratis.server.raftlog.segmented.SegmentedRaftLogWorker.run(SegmentedRaftLogWorker.java:289)
	at java.lang.Thread.run(Thread.java:748)
2019-09-20 04:49:20,653 [3c2a6bfe-f5c5-4e23-89b0-850dab17697d:group-9B431E59F634:LeaderElection106] INFO  impl.LeaderElection (LeaderElection.java:askForVotes(181)) - 3c2a6bfe-f5c5-4e23-89b0-850dab17697d:group-9B431E59F634:LeaderElection106: begin an election at term 1 for -1: [3c2a6bfe-f5c5-4e23-89b0-850dab17697d:192.168.36.79:38430], old=null
2019-09-20 04:49:20,318 [3c2a6bfe-f5c5-4e23-89b0-850dab17697d:group-993ED3A05D0C:LeaderElection105] INFO  impl.LeaderElection (LeaderElection.java:askForVotes(181)) - 3c2a6bfe-f5c5-4e23-89b0-850dab17697d:group-993ED3A05D0C:LeaderElection105: begin an election at term 1 for -1: [3c2a6bfe-f5c5-4e23-89b0-850dab17697d:192.168.36.79:38430], old=null
2019-09-20 04:49:20,312 [fdbc37f2-9e58-4bac-a5d5-a78839d012e9:group-44FF265F9AFF:LeaderElection104] INFO  impl.RaftServerImpl (ServerState.java:setLeader(263)) - fdbc37f2-9e58-4bac-a5d5-a78839d012e9:group-44FF265F9AFF change Leader from null to fdbc37f2-9e58-4bac-a5d5-a78839d012e9 at term 1 for becomeLeader, leader elected after 18689ms
2019-09-20 04:49:21,548 [fdbc37f2-9e58-4bac-a5d5-a78839d012e9:group-44FF265F9AFF:LeaderElection104] INFO  server.RaftServerConfigKeys (ConfUtils.java:logGet(43)) - raft.server.staging.catchup.gap = 1000 (default)
2019-09-20 04:49:22,157 | INFO  | SCMAudit | user=jenkins1000 | ip=192.168.36.79 | op=SEND_HEARTBEAT {datanodeUUID=ba95d636-ac34-4b74-a102-dec8d0f377c6, command=[]} | ret=SUCCESS |  
2019-09-20 04:49:22,157 | INFO  | SCMAudit | user=jenkins1000 | ip=192.168.36.79 | op=SEND_HEARTBEAT {datanodeUUID=236eed40-dd97-4fdc-a0ae-ab99685a426b, command=[]} | ret=SUCCESS |  
2019-09-20 04:49:22,157 | INFO  | SCMAudit | user=jenkins1000 | ip=192.168.36.79 | op=SEND_HEARTBEAT {datanodeUUID=dba845b8-ea76-4e09-ab03-0883d354e493, command=[]} | ret=SUCCESS |  
2019-09-20 04:49:22,157 | INFO  | SCMAudit | user=jenkins1000 | ip=192.168.36.79 | op=SEND_HEARTBEAT {datanodeUUID=8d97392c-5f4b-400a-94a1-fb61a3ebbc99, command=[]} | ret=SUCCESS |  
2019-09-20 04:49:22,157 | INFO  | SCMAudit | user=jenkins1000 | ip=192.168.36.79 | op=SEND_HEARTBEAT {datanodeUUID=2702b462-69d8-4c1b-aae1-091a21fe08b8, command=[]} | ret=SUCCESS |  
2019-09-20 04:49:20,312 [eb30d72f-c0a8-4ecb-bfee-9120a9a6cddf-SegmentedRaftLogWorker:Storage Directory /workdir/hadoop-ozone/integration-test/target/test-dir/MiniOzoneClusterImpl-bb3956c2-c4d1-403a-b406-f8ec73b3905b/datanode-0/data/ratis/b95572b3-eaa8-4c64-8803-6c272a5b19d4] INFO  segmented.SegmentedRaftLogWorker (SegmentedRaftLogWorker.java:close(228)) - eb30d72f-c0a8-4ecb-bfee-9120a9a6cddf-SegmentedRaftLogWorker:Storage Directory /workdir/hadoop-ozone/integration-test/target/test-dir/MiniOzoneClusterImpl-bb3956c2-c4d1-403a-b406-f8ec73b3905b/datanode-0/data/ratis/b95572b3-eaa8-4c64-8803-6c272a5b19d4 close()
2019-09-20 04:49:22,158 | INFO  | SCMAudit | user=jenkins1000 | ip=192.168.36.79 | op=SEND_HEARTBEAT {datanodeUUID=f4e549ee-a6fa-4eb9-8541-129d0566fdf5, command=[]} | ret=SUCCESS |  
2019-09-20 04:49:22,157 | INFO  | SCMAudit | user=jenkins1000 | ip=192.168.36.79 | op=SEND_HEARTBEAT {datanodeUUID=1d91ad97-6666-4ee7-855a-8b5e944e7401, command=[]} | ret=SUCCESS |  
2019-09-20 04:49:22,158 | INFO  | SCMAudit | user=jenkins1000 | ip=192.168.36.79 | op=SEND_HEARTBEAT {datanodeUUID=68a93ad8-b6a8-44e1-8a9f-45fcc58d229a, command=[]} | ret=SUCCESS |  
2019-09-20 04:49:22,157 [fdbc37f2-9e58-4bac-a5d5-a78839d012e9:group-44FF265F9AFF:LeaderElection104] INFO  server.RaftServerConfigKeys (ConfUtils.java:logGet(43)) - raft.server.rpc.sleep.time = 25ms (default)
2019-09-20 04:49:22,157 | INFO  | SCMAudit | user=jenkins1000 | ip=192.168.36.79 | op=SEND_HEARTBEAT {datanodeUUID=42fc6e92-fcdd-4827-b621-9fc58a3d2315, command=[]} | ret=SUCCESS |  
2019-09-20 04:49:22,157 | INFO  | SCMAudit | user=jenkins1000 | ip=192.168.36.79 | op=SEND_HEARTBEAT {datanodeUUID=ea71b9af-1075-4196-9693-aa14e10f536d, command=[]} | ret=SUCCESS |  
2019-09-20 04:49:21,548 [3c2a6bfe-f5c5-4e23-89b0-850dab17697d:group-9B431E59F634:LeaderElection106] INFO  impl.RoleInfo (RoleInfo.java:shutdownLeaderElection(134)) - 3c2a6bfe-f5c5-4e23-89b0-850dab17697d: shutdown LeaderElection
2019-09-20 04:49:22,157 | INFO  | SCMAudit | user=jenkins1000 | ip=192.168.36.79 | op=SEND_HEARTBEAT {datanodeUUID=eaf3ecbe-c3b1-4969-ad3a-e4de7fb04f81, command=[]} | ret=SUCCESS |  
2019-09-20 04:49:22,157 | INFO  | SCMAudit | user=jenkins1000 | ip=192.168.36.79 | op=SEND_HEARTBEAT {datanodeUUID=2d6465ef-cffa-473a-a4c6-a9aa3f1a26c0, command=[]} | ret=SUCCESS |  
2019-09-20 04:49:22,158 | INFO  | SCMAudit | user=jenkins1000 | ip=192.168.36.79 | op=SEND_HEARTBEAT {datanodeUUID=5ea19b84-5385-4ae9-8412-c4cfa929b172, command=[]} | ret=SUCCESS |  
2019-09-20 04:49:22,158 [3c2a6bfe-f5c5-4e23-89b0-850dab17697d:group-9B431E59F634:LeaderElection106] INFO  impl.RaftServerImpl (RaftServerImpl.java:setRole(171)) - 3c2a6bfe-f5c5-4e23-89b0-850dab17697d:group-9B431E59F634 changes role from CANDIDATE to LEADER at term 1 for changeToLeader
2019-09-20 04:49:22,158 [3c2a6bfe-f5c5-4e23-89b0-850dab17697d:group-9B431E59F634:LeaderElection106] INFO  impl.RaftServerImpl (ServerState.java:setLeader(263)) - 3c2a6bfe-f5c5-4e23-89b0-850dab17697d:group-9B431E59F634 change Leader from null to 3c2a6bfe-f5c5-4e23-89b0-850dab17697d at term 1 for becomeLeader, leader elected after 20662ms
2019-09-20 04:49:22,159 | INFO  | SCMAudit | user=jenkins1000 | ip=192.168.36.79 | op=SEND_HEARTBEAT {datanodeUUID=0ad3f89e-804f-4845-89c5-5ff1a35a5dda, command=[]} | ret=SUCCESS |  
2019-09-20 04:49:22,159 | INFO  | SCMAudit | user=jenkins1000 | ip=192.168.36.79 | op=SEND_HEARTBEAT {datanodeUUID=8538cd65-7926-426b-8bad-fbd0f0550f9a, command=[]} | ret=SUCCESS |  
2019-09-20 04:49:22,159 [3c2a6bfe-f5c5-4e23-89b0-850dab17697d:group-9B431E59F634:LeaderElection106] INFO  server.RaftServerConfigKeys (ConfUtils.java:logGet(43)) - raft.server.staging.catchup.gap = 1000 (default)
2019-09-20 04:49:22,159 [3c2a6bfe-f5c5-4e23-89b0-850dab17697d:group-9B431E59F634:LeaderElection106] INFO  server.RaftServerConfigKeys (ConfUtils.java:logGet(43)) - raft.server.rpc.sleep.time = 25ms (default)
2019-09-20 04:49:22,159 [3c2a6bfe-f5c5-4e23-89b0-850dab17697d:group-9B431E59F634:LeaderElection106] INFO  server.RaftServerConfigKeys (ConfUtils.java:logGet(43)) - raft.server.write.element-limit = 4096 (default)
2019-09-20 04:49:22,159 [3c2a6bfe-f5c5-4e23-89b0-850dab17697d:group-9B431E59F634:LeaderElection106] INFO  server.RaftServerConfigKeys (ConfUtils.java:logGet(43)) - raft.server.watch.timeout = 10s (default)
2019-09-20 04:49:22,157 | INFO  | SCMAudit | user=jenkins1000 | ip=192.168.36.79 | op=SEND_HEARTBEAT {datanodeUUID=bd1a845e-f2ed-4713-9516-9ccc20139040, command=[]} | ret=SUCCESS |  
2019-09-20 04:49:22,157 | INFO  | SCMAudit | user=jenkins1000 | ip=192.168.36.79 | op=SEND_HEARTBEAT {datanodeUUID=fdbc37f2-9e58-4bac-a5d5-a78839d012e9, command=[]} | ret=SUCCESS |  
2019-09-20 04:49:22,159 [3c2a6bfe-f5c5-4e23-89b0-850dab17697d:group-9B431E59F634:LeaderElection106] INFO  server.RaftServerConfigKeys (ConfUtils.java:logGet(43)) - raft.server.watch.timeout.denomination = 1s (default)
2019-09-20 04:49:22,157 | INFO  | SCMAudit | user=jenkins1000 | ip=192.168.36.79 | op=SEND_HEARTBEAT {datanodeUUID=c4f6294c-eda3-4afd-81f7-e69ed14da69f, command=[]} | ret=SUCCESS |  
2019-09-20 04:49:22,157 | INFO  | SCMAudit | user=jenkins1000 | ip=192.168.36.79 | op=SEND_HEARTBEAT {datanodeUUID=3c2a6bfe-f5c5-4e23-89b0-850dab17697d, command=[]} | ret=SUCCESS |  
2019-09-20 04:49:22,158 | INFO  | SCMAudit | user=jenkins1000 | ip=192.168.36.79 | op=SEND_HEARTBEAT {datanodeUUID=eb30d72f-c0a8-4ecb-bfee-9120a9a6cddf, command=[]} | ret=SUCCESS |  
2019-09-20 04:49:22,159 [3c2a6bfe-f5c5-4e23-89b0-850dab17697d:group-9B431E59F634:LeaderElection106] INFO  server.RaftServerConfigKeys (ConfUtils.java:logGet(43)) - raft.server.watch.element-limit = 65536 (default)
2019-09-20 04:49:22,158 | INFO  | SCMAudit | user=jenkins1000 | ip=192.168.36.79 | op=SEND_HEARTBEAT {datanodeUUID=a9bc59c4-b792-48d5-9db2-4e71770477b1, command=[]} | ret=SUCCESS |  
2019-09-20 04:49:22,160 [pool-273-thread-1] INFO  impl.RaftServerImpl (RaftServerImpl.java:<init>(93)) - 68a93ad8-b6a8-44e1-8a9f-45fcc58d229a: new RaftServerImpl for group-E55084F5DEEB:[68a93ad8-b6a8-44e1-8a9f-45fcc58d229a:192.168.36.79:39410, 0ad3f89e-804f-4845-89c5-5ff1a35a5dda:192.168.36.79:34659, a9bc59c4-b792-48d5-9db2-4e71770477b1:192.168.36.79:46574] with ContainerStateMachine:uninitialized
2019-09-20 04:49:21,548 [3c2a6bfe-f5c5-4e23-89b0-850dab17697d:group-993ED3A05D0C:LeaderElection105] INFO  impl.RoleInfo (RoleInfo.java:shutdownLeaderElection(134)) - 3c2a6bfe-f5c5-4e23-89b0-850dab17697d: shutdown LeaderElection
2019-09-20 04:49:21,548 [pool-284-thread-1] INFO  impl.RaftServerImpl (RaftServerImpl.java:<init>(93)) - a9bc59c4-b792-48d5-9db2-4e71770477b1: new RaftServerImpl for group-E55084F5DEEB:[68a93ad8-b6a8-44e1-8a9f-45fcc58d229a:192.168.36.79:39410, 0ad3f89e-804f-4845-89c5-5ff1a35a5dda:192.168.36.79:34659, a9bc59c4-b792-48d5-9db2-4e71770477b1:192.168.36.79:46574] with ContainerStateMachine:uninitialized
2019-09-20 04:49:21,548 [f4e549ee-a6fa-4eb9-8541-129d0566fdf5-SegmentedRaftLogWorker:Storage Directory /workdir/hadoop-ozone/integration-test/target/test-dir/MiniOzoneClusterImpl-bb3956c2-c4d1-403a-b406-f8ec73b3905b/datanode-1/data/ratis/5d268bd6-8c89-4bad-a48a-b8d35009723b] INFO  impl.RaftServerImpl (RaftServerImpl.java:lambda$shutdown$3(245)) - f4e549ee-a6fa-4eb9-8541-129d0566fdf5: shutdown group-B8D35009723B
2019-09-20 04:49:21,547 [8538cd65-7926-426b-8bad-fbd0f0550f9a:group-D8CA85E292D5:LeaderElection98] INFO  impl.RaftServerImpl (ServerState.java:setRaftConf(361)) - 8538cd65-7926-426b-8bad-fbd0f0550f9a:group-D8CA85E292D5 set configuration 0: [8538cd65-7926-426b-8bad-fbd0f0550f9a:192.168.36.79:37381], old=null at 0
2019-09-20 04:49:21,547 [8538cd65-7926-426b-8bad-fbd0f0550f9a-SegmentedRaftLogWorker:Storage Directory /workdir/hadoop-ozone/integration-test/target/test-dir/MiniOzoneClusterImpl-bb3956c2-c4d1-403a-b406-f8ec73b3905b/datanode-2/data/ratis/a2e51e51-9600-4027-a6b4-e20ea59b318e] INFO  impl.RaftServerImpl (RaftServerImpl.java:lambda$shutdown$3(245)) - 8538cd65-7926-426b-8bad-fbd0f0550f9a: shutdown group-E20EA59B318E
2019-09-20 04:49:21,547 [5ea19b84-5385-4ae9-8412-c4cfa929b172:group-63AC9BD7AD41:LeaderElection103] INFO  impl.RaftServerImpl (ServerState.java:setRaftConf(361)) - 5ea19b84-5385-4ae9-8412-c4cfa929b172:group-63AC9BD7AD41 set configuration 0: [5ea19b84-5385-4ae9-8412-c4cfa929b172:192.168.36.79:33428], old=null at 0
2019-09-20 04:49:21,547 [8538cd65-7926-426b-8bad-fbd0f0550f9a-SegmentedRaftLogWorker:Storage Directory /workdir/hadoop-ozone/integration-test/target/test-dir/MiniOzoneClusterImpl-bb3956c2-c4d1-403a-b406-f8ec73b3905b/datanode-2/data/ratis/23dffffd-bb97-4de8-9f5f-e6f4f4af1066] ERROR segmented.SegmentedRaftLogWorker (SegmentedRaftLogWorker.java:run(323)) - 8538cd65-7926-426b-8bad-fbd0f0550f9a-SegmentedRaftLogWorker:Storage Directory /workdir/hadoop-ozone/integration-test/target/test-dir/MiniOzoneClusterImpl-bb3956c2-c4d1-403a-b406-f8ec73b3905b/datanode-2/data/ratis/23dffffd-bb97-4de8-9f5f-e6f4f4af1066 hit exception
java.lang.OutOfMemoryError: Direct buffer memory
	at java.nio.Bits.reserveMemory(Bits.java:666)
	at java.nio.DirectByteBuffer.<init>(DirectByteBuffer.java:123)
	at java.nio.ByteBuffer.allocateDirect(ByteBuffer.java:311)
	at org.apache.ratis.server.raftlog.segmented.BufferedWriteChannel.<init>(BufferedWriteChannel.java:41)
	at org.apache.ratis.server.raftlog.segmented.SegmentedRaftLogOutputStream.<init>(SegmentedRaftLogOutputStream.java:72)
	at org.apache.ratis.server.raftlog.segmented.SegmentedRaftLogWorker$StartLogSegment.execute(SegmentedRaftLogWorker.java:566)
	at org.apache.ratis.server.raftlog.segmented.SegmentedRaftLogWorker.run(SegmentedRaftLogWorker.java:289)
	at java.lang.Thread.run(Thread.java:748)
2019-09-20 04:49:21,546 [8538cd65-7926-426b-8bad-fbd0f0550f9a-SegmentedRaftLogWorker:Storage Directory /workdir/hadoop-ozone/integration-test/target/test-dir/MiniOzoneClusterImpl-bb3956c2-c4d1-403a-b406-f8ec73b3905b/datanode-2/data/ratis/ab0cc724-7d17-44ae-a200-89dd9c3a796b] ERROR segmented.SegmentedRaftLogWorker (SegmentedRaftLogWorker.java:run(323)) - 8538cd65-7926-426b-8bad-fbd0f0550f9a-SegmentedRaftLogWorker:Storage Directory /workdir/hadoop-ozone/integration-test/target/test-dir/MiniOzoneClusterImpl-bb3956c2-c4d1-403a-b406-f8ec73b3905b/datanode-2/data/ratis/ab0cc724-7d17-44ae-a200-89dd9c3a796b hit exception
java.lang.OutOfMemoryError: Direct buffer memory
	at java.nio.Bits.reserveMemory(Bits.java:666)
	at java.nio.DirectByteBuffer.<init>(DirectByteBuffer.java:123)
	at java.nio.ByteBuffer.allocateDirect(ByteBuffer.java:311)
	at org.apache.ratis.server.raftlog.segmented.BufferedWriteChannel.<init>(BufferedWriteChannel.java:41)
	at org.apache.ratis.server.raftlog.segmented.SegmentedRaftLogOutputStream.<init>(SegmentedRaftLogOutputStream.java:72)
	at org.apache.ratis.server.raftlog.segmented.SegmentedRaftLogWorker$StartLogSegment.execute(SegmentedRaftLogWorker.java:566)
	at org.apache.ratis.server.raftlog.segmented.SegmentedRaftLogWorker.run(SegmentedRaftLogWorker.java:289)
	at java.lang.Thread.run(Thread.java:748)
2019-09-20 04:49:21,546 [f4e549ee-a6fa-4eb9-8541-129d0566fdf5-SegmentedRaftLogWorker:Storage Directory /workdir/hadoop-ozone/integration-test/target/test-dir/MiniOzoneClusterImpl-bb3956c2-c4d1-403a-b406-f8ec73b3905b/datanode-1/data/ratis/d25b7440-bec0-4bb2-b353-a7a58baa9db7] ERROR segmented.SegmentedRaftLogWorker (SegmentedRaftLogWorker.java:run(323)) - f4e549ee-a6fa-4eb9-8541-129d0566fdf5-SegmentedRaftLogWorker:Storage Directory /workdir/hadoop-ozone/integration-test/target/test-dir/MiniOzoneClusterImpl-bb3956c2-c4d1-403a-b406-f8ec73b3905b/datanode-1/data/ratis/d25b7440-bec0-4bb2-b353-a7a58baa9db7 hit exception
java.lang.OutOfMemoryError: Direct buffer memory
	at java.nio.Bits.reserveMemory(Bits.java:666)
	at java.nio.DirectByteBuffer.<init>(DirectByteBuffer.java:123)
	at java.nio.ByteBuffer.allocateDirect(ByteBuffer.java:311)
	at org.apache.ratis.server.raftlog.segmented.BufferedWriteChannel.<init>(BufferedWriteChannel.java:41)
	at org.apache.ratis.server.raftlog.segmented.SegmentedRaftLogOutputStream.<init>(SegmentedRaftLogOutputStream.java:72)
	at org.apache.ratis.server.raftlog.segmented.SegmentedRaftLogWorker$StartLogSegment.execute(SegmentedRaftLogWorker.java:566)
	at org.apache.ratis.server.raftlog.segmented.SegmentedRaftLogWorker.run(SegmentedRaftLogWorker.java:289)
	at java.lang.Thread.run(Thread.java:748)
2019-09-20 04:49:21,546 [f4e549ee-a6fa-4eb9-8541-129d0566fdf5-SegmentedRaftLogWorker:Storage Directory /workdir/hadoop-ozone/integration-test/target/test-dir/MiniOzoneClusterImpl-bb3956c2-c4d1-403a-b406-f8ec73b3905b/datanode-1/data/ratis/b7304d56-e6d1-4fd5-a25d-2f9acabbf226] ERROR segmented.SegmentedRaftLogWorker (SegmentedRaftLogWorker.java:run(323)) - f4e549ee-a6fa-4eb9-8541-129d0566fdf5-SegmentedRaftLogWorker:Storage Directory /workdir/hadoop-ozone/integration-test/target/test-dir/MiniOzoneClusterImpl-bb3956c2-c4d1-403a-b406-f8ec73b3905b/datanode-1/data/ratis/b7304d56-e6d1-4fd5-a25d-2f9acabbf226 hit exception
java.lang.OutOfMemoryError: Direct buffer memory
	at java.nio.Bits.reserveMemory(Bits.java:666)
	at java.nio.DirectByteBuffer.<init>(DirectByteBuffer.java:123)
	at java.nio.ByteBuffer.allocateDirect(ByteBuffer.java:311)
	at org.apache.ratis.server.raftlog.segmented.BufferedWriteChannel.<init>(BufferedWriteChannel.java:41)
	at org.apache.ratis.server.raftlog.segmented.SegmentedRaftLogOutputStream.<init>(SegmentedRaftLogOutputStream.java:72)
	at org.apache.ratis.server.raftlog.segmented.SegmentedRaftLogWorker$StartLogSegment.execute(SegmentedRaftLogWorker.java:566)
	at org.apache.ratis.server.raftlog.segmented.SegmentedRaftLogWorker.run(SegmentedRaftLogWorker.java:289)
	at java.lang.Thread.run(Thread.java:748)
2019-09-20 04:49:22,162 [f4e549ee-a6fa-4eb9-8541-129d0566fdf5-SegmentedRaftLogWorker:Storage Directory /workdir/hadoop-ozone/integration-test/target/test-dir/MiniOzoneClusterImpl-bb3956c2-c4d1-403a-b406-f8ec73b3905b/datanode-1/data/ratis/b7304d56-e6d1-4fd5-a25d-2f9acabbf226] INFO  impl.RaftServerImpl (RaftServerImpl.java:lambda$shutdown$3(245)) - f4e549ee-a6fa-4eb9-8541-129d0566fdf5: shutdown group-2F9ACABBF226
2019-09-20 04:49:20,997 [8538cd65-7926-426b-8bad-fbd0f0550f9a-SegmentedRaftLogWorker:Storage Directory /workdir/hadoop-ozone/integration-test/target/test-dir/MiniOzoneClusterImpl-bb3956c2-c4d1-403a-b406-f8ec73b3905b/datanode-2/data/ratis/2896fb55-a264-4caf-bb49-f3715b7b99dc] ERROR segmented.SegmentedRaftLogWorker (SegmentedRaftLogWorker.java:run(323)) - 8538cd65-7926-426b-8bad-fbd0f0550f9a-SegmentedRaftLogWorker:Storage Directory /workdir/hadoop-ozone/integration-test/target/test-dir/MiniOzoneClusterImpl-bb3956c2-c4d1-403a-b406-f8ec73b3905b/datanode-2/data/ratis/2896fb55-a264-4caf-bb49-f3715b7b99dc hit exception
java.lang.OutOfMemoryError: Direct buffer memory
	at java.nio.Bits.reserveMemory(Bits.java:666)
	at java.nio.DirectByteBuffer.<init>(DirectByteBuffer.java:123)
	at java.nio.ByteBuffer.allocateDirect(ByteBuffer.java:311)
	at org.apache.ratis.server.raftlog.segmented.BufferedWriteChannel.<init>(BufferedWriteChannel.java:41)
	at org.apache.ratis.server.raftlog.segmented.SegmentedRaftLogOutputStream.<init>(SegmentedRaftLogOutputStream.java:72)
	at org.apache.ratis.server.raftlog.segmented.SegmentedRaftLogWorker$StartLogSegment.execute(SegmentedRaftLogWorker.java:566)
	at org.apache.ratis.server.raftlog.segmented.SegmentedRaftLogWorker.run(SegmentedRaftLogWorker.java:289)
	at java.lang.Thread.run(Thread.java:748)
2019-09-20 04:49:20,996 [5ea19b84-5385-4ae9-8412-c4cfa929b172:group-4200AF398C62:LeaderElection102] INFO  impl.RaftServerImpl (ServerState.java:setRaftConf(361)) - 5ea19b84-5385-4ae9-8412-c4cfa929b172:group-4200AF398C62 set configuration 0: [5ea19b84-5385-4ae9-8412-c4cfa929b172:192.168.36.79:33428], old=null at 0
2019-09-20 04:49:20,996 [f4e549ee-a6fa-4eb9-8541-129d0566fdf5-SegmentedRaftLogWorker:Storage Directory /workdir/hadoop-ozone/integration-test/target/test-dir/MiniOzoneClusterImpl-bb3956c2-c4d1-403a-b406-f8ec73b3905b/datanode-1/data/ratis/0bf6c8fa-a7dd-4f3a-8689-2c693f1f04d2] ERROR segmented.SegmentedRaftLogWorker (SegmentedRaftLogWorker.java:run(323)) - f4e549ee-a6fa-4eb9-8541-129d0566fdf5-SegmentedRaftLogWorker:Storage Directory /workdir/hadoop-ozone/integration-test/target/test-dir/MiniOzoneClusterImpl-bb3956c2-c4d1-403a-b406-f8ec73b3905b/datanode-1/data/ratis/0bf6c8fa-a7dd-4f3a-8689-2c693f1f04d2 hit exception
java.lang.OutOfMemoryError: Direct buffer memory
	at java.nio.Bits.reserveMemory(Bits.java:666)
	at java.nio.DirectByteBuffer.<init>(DirectByteBuffer.java:123)
	at java.nio.ByteBuffer.allocateDirect(ByteBuffer.java:311)
	at org.apache.ratis.server.raftlog.segmented.BufferedWriteChannel.<init>(BufferedWriteChannel.java:41)
	at org.apache.ratis.server.raftlog.segmented.SegmentedRaftLogOutputStream.<init>(SegmentedRaftLogOutputStream.java:72)
	at org.apache.ratis.server.raftlog.segmented.SegmentedRaftLogWorker$StartLogSegment.execute(SegmentedRaftLogWorker.java:566)
	at org.apache.ratis.server.raftlog.segmented.SegmentedRaftLogWorker.run(SegmentedRaftLogWorker.java:289)
	at java.lang.Thread.run(Thread.java:748)
2019-09-20 04:49:20,996 [8538cd65-7926-426b-8bad-fbd0f0550f9a-SegmentedRaftLogWorker:Storage Directory /workdir/hadoop-ozone/integration-test/target/test-dir/MiniOzoneClusterImpl-bb3956c2-c4d1-403a-b406-f8ec73b3905b/datanode-2/data/ratis/f7b190a2-62be-4e4e-8e56-0fd9ae1148b1] ERROR segmented.SegmentedRaftLogWorker (SegmentedRaftLogWorker.java:run(323)) - 8538cd65-7926-426b-8bad-fbd0f0550f9a-SegmentedRaftLogWorker:Storage Directory /workdir/hadoop-ozone/integration-test/target/test-dir/MiniOzoneClusterImpl-bb3956c2-c4d1-403a-b406-f8ec73b3905b/datanode-2/data/ratis/f7b190a2-62be-4e4e-8e56-0fd9ae1148b1 hit exception
java.lang.OutOfMemoryError: Direct buffer memory
	at java.nio.Bits.reserveMemory(Bits.java:666)
	at java.nio.DirectByteBuffer.<init>(DirectByteBuffer.java:123)
	at java.nio.ByteBuffer.allocateDirect(ByteBuffer.java:311)
	at org.apache.ratis.server.raftlog.segmented.BufferedWriteChannel.<init>(BufferedWriteChannel.java:41)
	at org.apache.ratis.server.raftlog.segmented.SegmentedRaftLogOutputStream.<init>(SegmentedRaftLogOutputStream.java:72)
	at org.apache.ratis.server.raftlog.segmented.SegmentedRaftLogWorker$StartLogSegment.execute(SegmentedRaftLogWorker.java:566)
	at org.apache.ratis.server.raftlog.segmented.SegmentedRaftLogWorker.run(SegmentedRaftLogWorker.java:289)
	at java.lang.Thread.run(Thread.java:748)
2019-09-20 04:49:20,996 [f4e549ee-a6fa-4eb9-8541-129d0566fdf5-SegmentedRaftLogWorker:Storage Directory /workdir/hadoop-ozone/integration-test/target/test-dir/MiniOzoneClusterImpl-bb3956c2-c4d1-403a-b406-f8ec73b3905b/datanode-1/data/ratis/e73619b1-246f-4601-8093-3e3c2ebf4898] ERROR segmented.SegmentedRaftLogWorker (SegmentedRaftLogWorker.java:run(323)) - f4e549ee-a6fa-4eb9-8541-129d0566fdf5-SegmentedRaftLogWorker:Storage Directory /workdir/hadoop-ozone/integration-test/target/test-dir/MiniOzoneClusterImpl-bb3956c2-c4d1-403a-b406-f8ec73b3905b/datanode-1/data/ratis/e73619b1-246f-4601-8093-3e3c2ebf4898 hit exception
java.lang.OutOfMemoryError: Direct buffer memory
	at java.nio.Bits.reserveMemory(Bits.java:666)
	at java.nio.DirectByteBuffer.<init>(DirectByteBuffer.java:123)
	at java.nio.ByteBuffer.allocateDirect(ByteBuffer.java:311)
	at org.apache.ratis.server.raftlog.segmented.BufferedWriteChannel.<init>(BufferedWriteChannel.java:41)
	at org.apache.ratis.server.raftlog.segmented.SegmentedRaftLogOutputStream.<init>(SegmentedRaftLogOutputStream.java:72)
	at org.apache.ratis.server.raftlog.segmented.SegmentedRaftLogWorker$StartLogSegment.execute(SegmentedRaftLogWorker.java:566)
	at org.apache.ratis.server.raftlog.segmented.SegmentedRaftLogWorker.run(SegmentedRaftLogWorker.java:289)
	at java.lang.Thread.run(Thread.java:748)
2019-09-20 04:49:22,163 [f4e549ee-a6fa-4eb9-8541-129d0566fdf5-SegmentedRaftLogWorker:Storage Directory /workdir/hadoop-ozone/integration-test/target/test-dir/MiniOzoneClusterImpl-bb3956c2-c4d1-403a-b406-f8ec73b3905b/datanode-1/data/ratis/e73619b1-246f-4601-8093-3e3c2ebf4898] INFO  impl.RaftServerImpl (RaftServerImpl.java:lambda$shutdown$3(245)) - f4e549ee-a6fa-4eb9-8541-129d0566fdf5: shutdown group-3E3C2EBF4898
2019-09-20 04:49:20,707 [5ea19b84-5385-4ae9-8412-c4cfa929b172:group-D3671F3B1CB0:LeaderElection100] INFO  segmented.SegmentedRaftLogWorker (SegmentedRaftLogWorker.java:startLogSegment(380)) - 5ea19b84-5385-4ae9-8412-c4cfa929b172-SegmentedRaftLogWorker:Storage Directory /workdir/hadoop-ozone/integration-test/target/test-dir/MiniOzoneClusterImpl-bb3956c2-c4d1-403a-b406-f8ec73b3905b/datanode-3/data/ratis/dac2ddd9-aa49-4b25-b9f4-d3671f3b1cb0: Starting segment from index:0
2019-09-20 04:49:20,707 [5ea19b84-5385-4ae9-8412-c4cfa929b172:group-CE8C03EEB81D:LeaderElection101] INFO  impl.RaftServerImpl (ServerState.java:setRaftConf(361)) - 5ea19b84-5385-4ae9-8412-c4cfa929b172:group-CE8C03EEB81D set configuration 0: [5ea19b84-5385-4ae9-8412-c4cfa929b172:192.168.36.79:33428], old=null at 0
2019-09-20 04:49:20,706 [grpc-default-executor-2] INFO  impl.RaftServerProxy (RaftServerProxy.java:addNew(89)) - a9bc59c4-b792-48d5-9db2-4e71770477b1: addNew group-E55084F5DEEB:[68a93ad8-b6a8-44e1-8a9f-45fcc58d229a:192.168.36.79:39410, 0ad3f89e-804f-4845-89c5-5ff1a35a5dda:192.168.36.79:34659, a9bc59c4-b792-48d5-9db2-4e71770477b1:192.168.36.79:46574] returns group-E55084F5DEEB:java.util.concurrent.CompletableFuture@5ee8b169[Not completed]
2019-09-20 04:49:20,706 [eb30d72f-c0a8-4ecb-bfee-9120a9a6cddf-SegmentedRaftLogWorker:Storage Directory /workdir/hadoop-ozone/integration-test/target/test-dir/MiniOzoneClusterImpl-bb3956c2-c4d1-403a-b406-f8ec73b3905b/datanode-0/data/ratis/41a5c070-d930-4254-8d2e-56065aba910b] INFO  impl.RaftServerImpl (ServerState.java:close(394)) - eb30d72f-c0a8-4ecb-bfee-9120a9a6cddf:group-56065ABA910B closes. The last applied log index is -1
2019-09-20 04:49:22,164 [5ea19b84-5385-4ae9-8412-c4cfa929b172:group-D3671F3B1CB0:LeaderElection100] INFO  impl.RaftServerImpl (ServerState.java:setRaftConf(361)) - 5ea19b84-5385-4ae9-8412-c4cfa929b172:group-D3671F3B1CB0 set configuration 0: [5ea19b84-5385-4ae9-8412-c4cfa929b172:192.168.36.79:33428], old=null at 0
2019-09-20 04:49:22,163 [f4e549ee-a6fa-4eb9-8541-129d0566fdf5-SegmentedRaftLogWorker:Storage Directory /workdir/hadoop-ozone/integration-test/target/test-dir/MiniOzoneClusterImpl-bb3956c2-c4d1-403a-b406-f8ec73b3905b/datanode-1/data/ratis/e73619b1-246f-4601-8093-3e3c2ebf4898] INFO  util.JmxRegister (JmxRegister.java:unregister(73)) - Successfully un-registered JMX Bean with object name Ratis:service=RaftServer,group=group-3E3C2EBF4898,id=f4e549ee-a6fa-4eb9-8541-129d0566fdf5
2019-09-20 04:49:22,163 [8538cd65-7926-426b-8bad-fbd0f0550f9a-SegmentedRaftLogWorker:Storage Directory /workdir/hadoop-ozone/integration-test/target/test-dir/MiniOzoneClusterImpl-bb3956c2-c4d1-403a-b406-f8ec73b3905b/datanode-2/data/ratis/f7b190a2-62be-4e4e-8e56-0fd9ae1148b1] INFO  impl.RaftServerImpl (RaftServerImpl.java:lambda$shutdown$3(245)) - 8538cd65-7926-426b-8bad-fbd0f0550f9a: shutdown group-0FD9AE1148B1
2019-09-20 04:49:22,163 [f4e549ee-a6fa-4eb9-8541-129d0566fdf5-SegmentedRaftLogWorker:Storage Directory /workdir/hadoop-ozone/integration-test/target/test-dir/MiniOzoneClusterImpl-bb3956c2-c4d1-403a-b406-f8ec73b3905b/datanode-1/data/ratis/0bf6c8fa-a7dd-4f3a-8689-2c693f1f04d2] INFO  impl.RaftServerImpl (RaftServerImpl.java:lambda$shutdown$3(245)) - f4e549ee-a6fa-4eb9-8541-129d0566fdf5: shutdown group-2C693F1F04D2
2019-09-20 04:49:22,162 [8538cd65-7926-426b-8bad-fbd0f0550f9a-SegmentedRaftLogWorker:Storage Directory /workdir/hadoop-ozone/integration-test/target/test-dir/MiniOzoneClusterImpl-bb3956c2-c4d1-403a-b406-f8ec73b3905b/datanode-2/data/ratis/2896fb55-a264-4caf-bb49-f3715b7b99dc] INFO  impl.RaftServerImpl (RaftServerImpl.java:lambda$shutdown$3(245)) - 8538cd65-7926-426b-8bad-fbd0f0550f9a: shutdown group-F3715B7B99DC
2019-09-20 04:49:22,162 [f4e549ee-a6fa-4eb9-8541-129d0566fdf5-SegmentedRaftLogWorker:Storage Directory /workdir/hadoop-ozone/integration-test/target/test-dir/MiniOzoneClusterImpl-bb3956c2-c4d1-403a-b406-f8ec73b3905b/datanode-1/data/ratis/b7304d56-e6d1-4fd5-a25d-2f9acabbf226] INFO  util.JmxRegister (JmxRegister.java:unregister(73)) - Successfully un-registered JMX Bean with object name Ratis:service=RaftServer,group=group-2F9ACABBF226,id=f4e549ee-a6fa-4eb9-8541-129d0566fdf5
2019-09-20 04:49:22,161 [f4e549ee-a6fa-4eb9-8541-129d0566fdf5-SegmentedRaftLogWorker:Storage Directory /workdir/hadoop-ozone/integration-test/target/test-dir/MiniOzoneClusterImpl-bb3956c2-c4d1-403a-b406-f8ec73b3905b/datanode-1/data/ratis/d25b7440-bec0-4bb2-b353-a7a58baa9db7] INFO  impl.RaftServerImpl (RaftServerImpl.java:lambda$shutdown$3(245)) - f4e549ee-a6fa-4eb9-8541-129d0566fdf5: shutdown group-A7A58BAA9DB7
2019-09-20 04:49:22,161 [8538cd65-7926-426b-8bad-fbd0f0550f9a-SegmentedRaftLogWorker:Storage Directory /workdir/hadoop-ozone/integration-test/target/test-dir/MiniOzoneClusterImpl-bb3956c2-c4d1-403a-b406-f8ec73b3905b/datanode-2/data/ratis/ab0cc724-7d17-44ae-a200-89dd9c3a796b] INFO  impl.RaftServerImpl (RaftServerImpl.java:lambda$shutdown$3(245)) - 8538cd65-7926-426b-8bad-fbd0f0550f9a: shutdown group-89DD9C3A796B
2019-09-20 04:49:22,161 [8538cd65-7926-426b-8bad-fbd0f0550f9a-SegmentedRaftLogWorker:Storage Directory /workdir/hadoop-ozone/integration-test/target/test-dir/MiniOzoneClusterImpl-bb3956c2-c4d1-403a-b406-f8ec73b3905b/datanode-2/data/ratis/23dffffd-bb97-4de8-9f5f-e6f4f4af1066] INFO  impl.RaftServerImpl (RaftServerImpl.java:lambda$shutdown$3(245)) - 8538cd65-7926-426b-8bad-fbd0f0550f9a: shutdown group-E6F4F4AF1066
2019-09-20 04:49:22,161 [8538cd65-7926-426b-8bad-fbd0f0550f9a-SegmentedRaftLogWorker:Storage Directory /workdir/hadoop-ozone/integration-test/target/test-dir/MiniOzoneClusterImpl-bb3956c2-c4d1-403a-b406-f8ec73b3905b/datanode-2/data/ratis/a2e51e51-9600-4027-a6b4-e20ea59b318e] INFO  util.JmxRegister (JmxRegister.java:unregister(73)) - Successfully un-registered JMX Bean with object name Ratis:service=RaftServer,group=group-E20EA59B318E,id=8538cd65-7926-426b-8bad-fbd0f0550f9a
2019-09-20 04:49:22,160 [f4e549ee-a6fa-4eb9-8541-129d0566fdf5-SegmentedRaftLogWorker:Storage Directory /workdir/hadoop-ozone/integration-test/target/test-dir/MiniOzoneClusterImpl-bb3956c2-c4d1-403a-b406-f8ec73b3905b/datanode-1/data/ratis/5d268bd6-8c89-4bad-a48a-b8d35009723b] INFO  util.JmxRegister (JmxRegister.java:unregister(73)) - Successfully un-registered JMX Bean with object name Ratis:service=RaftServer,group=group-B8D35009723B,id=f4e549ee-a6fa-4eb9-8541-129d0566fdf5
2019-09-20 04:49:22,160 [pool-284-thread-1] INFO  server.RaftServerConfigKeys (ConfUtils.java:logGet(43)) - raft.server.rpc.timeout.min = 5s (custom)
2019-09-20 04:49:22,160 [3c2a6bfe-f5c5-4e23-89b0-850dab17697d:group-993ED3A05D0C:LeaderElection105] INFO  impl.RaftServerImpl (RaftServerImpl.java:setRole(171)) - 3c2a6bfe-f5c5-4e23-89b0-850dab17697d:group-993ED3A05D0C changes role from CANDIDATE to LEADER at term 1 for changeToLeader
2019-09-20 04:49:22,160 [pool-273-thread-1] INFO  server.RaftServerConfigKeys (ConfUtils.java:logGet(43)) - raft.server.rpc.timeout.min = 5s (custom)
2019-09-20 04:49:22,427 [pool-273-thread-1] INFO  server.RaftServerConfigKeys (ConfUtils.java:logGet(43)) - raft.server.rpc.timeout.max = 5200ms (custom)
2019-09-20 04:49:22,160 [3c2a6bfe-f5c5-4e23-89b0-850dab17697d:group-9B431E59F634:LeaderElection106] INFO  impl.RoleInfo (RoleInfo.java:updateAndGet(143)) - 3c2a6bfe-f5c5-4e23-89b0-850dab17697d: start LeaderState
2019-09-20 04:49:22,159 [pool-262-thread-1] INFO  impl.RaftServerImpl (RaftServerImpl.java:<init>(93)) - 0ad3f89e-804f-4845-89c5-5ff1a35a5dda: new RaftServerImpl for group-E55084F5DEEB:[68a93ad8-b6a8-44e1-8a9f-45fcc58d229a:192.168.36.79:39410, 0ad3f89e-804f-4845-89c5-5ff1a35a5dda:192.168.36.79:34659, a9bc59c4-b792-48d5-9db2-4e71770477b1:192.168.36.79:46574] with ContainerStateMachine:uninitialized
2019-09-20 04:49:22,159 [5ea19b84-5385-4ae9-8412-c4cfa929b172:group-3F6F94B8F0AF:LeaderElection97] INFO  impl.RaftServerImpl (ServerState.java:setRaftConf(361)) - 5ea19b84-5385-4ae9-8412-c4cfa929b172:group-3F6F94B8F0AF set configuration 0: [5ea19b84-5385-4ae9-8412-c4cfa929b172:192.168.36.79:33428], old=null at 0
2019-09-20 04:49:22,158 [grpc-default-executor-1] INFO  impl.RaftServerProxy (RaftServerProxy.java:addNew(89)) - 68a93ad8-b6a8-44e1-8a9f-45fcc58d229a: addNew group-E55084F5DEEB:[68a93ad8-b6a8-44e1-8a9f-45fcc58d229a:192.168.36.79:39410, 0ad3f89e-804f-4845-89c5-5ff1a35a5dda:192.168.36.79:34659, a9bc59c4-b792-48d5-9db2-4e71770477b1:192.168.36.79:46574] returns group-E55084F5DEEB:java.util.concurrent.CompletableFuture@61378ade[Not completed]
2019-09-20 04:49:22,158 [grpc-default-executor-0] INFO  impl.RaftServerProxy (RaftServerProxy.java:addNew(89)) - 0ad3f89e-804f-4845-89c5-5ff1a35a5dda: addNew group-E55084F5DEEB:[68a93ad8-b6a8-44e1-8a9f-45fcc58d229a:192.168.36.79:39410, 0ad3f89e-804f-4845-89c5-5ff1a35a5dda:192.168.36.79:34659, a9bc59c4-b792-48d5-9db2-4e71770477b1:192.168.36.79:46574] returns group-E55084F5DEEB:java.util.concurrent.CompletableFuture@28e9fabc[Not completed]
2019-09-20 04:49:22,158 [fdbc37f2-9e58-4bac-a5d5-a78839d012e9:group-44FF265F9AFF:LeaderElection104] INFO  server.RaftServerConfigKeys (ConfUtils.java:logGet(43)) - raft.server.write.element-limit = 4096 (default)
2019-09-20 04:49:22,427 [3c2a6bfe-f5c5-4e23-89b0-850dab17697d:group-9B431E59F634:LeaderElection106] INFO  segmented.SegmentedRaftLogWorker (SegmentedRaftLogWorker.java:startLogSegment(380)) - 3c2a6bfe-f5c5-4e23-89b0-850dab17697d-SegmentedRaftLogWorker:Storage Directory /workdir/hadoop-ozone/integration-test/target/test-dir/MiniOzoneClusterImpl-cd85f641-6806-455e-b969-480e50aec385/datanode-4/data/ratis/0e2d4eb6-0cf6-4423-b3bb-9b431e59f634: Starting segment from index:0
2019-09-20 04:49:22,427 [pool-262-thread-1] INFO  server.RaftServerConfigKeys (ConfUtils.java:logGet(43)) - raft.server.rpc.timeout.min = 5s (custom)
2019-09-20 04:49:22,427 [pool-273-thread-1] INFO  server.RaftServerConfigKeys (ConfUtils.java:logGet(43)) - raft.server.rpcslowness.timeout = 120s (custom)
2019-09-20 04:49:22,427 [3c2a6bfe-f5c5-4e23-89b0-850dab17697d:group-993ED3A05D0C:LeaderElection105] INFO  impl.RaftServerImpl (ServerState.java:setLeader(263)) - 3c2a6bfe-f5c5-4e23-89b0-850dab17697d:group-993ED3A05D0C change Leader from null to 3c2a6bfe-f5c5-4e23-89b0-850dab17697d at term 1 for becomeLeader, leader elected after 20600ms
2019-09-20 04:49:22,427 [pool-284-thread-1] INFO  server.RaftServerConfigKeys (ConfUtils.java:logGet(43)) - raft.server.rpc.timeout.max = 5200ms (custom)
2019-09-20 04:49:22,426 [f4e549ee-a6fa-4eb9-8541-129d0566fdf5-SegmentedRaftLogWorker:Storage Directory /workdir/hadoop-ozone/integration-test/target/test-dir/MiniOzoneClusterImpl-bb3956c2-c4d1-403a-b406-f8ec73b3905b/datanode-1/data/ratis/5d268bd6-8c89-4bad-a48a-b8d35009723b] INFO  impl.RoleInfo (RoleInfo.java:shutdownLeaderState(104)) - f4e549ee-a6fa-4eb9-8541-129d0566fdf5: shutdown LeaderState
2019-09-20 04:49:22,426 [8538cd65-7926-426b-8bad-fbd0f0550f9a-SegmentedRaftLogWorker:Storage Directory /workdir/hadoop-ozone/integration-test/target/test-dir/MiniOzoneClusterImpl-bb3956c2-c4d1-403a-b406-f8ec73b3905b/datanode-2/data/ratis/a2e51e51-9600-4027-a6b4-e20ea59b318e] INFO  impl.RoleInfo (RoleInfo.java:shutdownLeaderState(104)) - 8538cd65-7926-426b-8bad-fbd0f0550f9a: shutdown LeaderState
2019-09-20 04:49:22,426 [8538cd65-7926-426b-8bad-fbd0f0550f9a-SegmentedRaftLogWorker:Storage Directory /workdir/hadoop-ozone/integration-test/target/test-dir/MiniOzoneClusterImpl-bb3956c2-c4d1-403a-b406-f8ec73b3905b/datanode-2/data/ratis/23dffffd-bb97-4de8-9f5f-e6f4f4af1066] INFO  util.JmxRegister (JmxRegister.java:unregister(73)) - Successfully un-registered JMX Bean with object name Ratis:service=RaftServer,group=group-E6F4F4AF1066,id=8538cd65-7926-426b-8bad-fbd0f0550f9a
2019-09-20 04:49:22,426 [8538cd65-7926-426b-8bad-fbd0f0550f9a-SegmentedRaftLogWorker:Storage Directory /workdir/hadoop-ozone/integration-test/target/test-dir/MiniOzoneClusterImpl-bb3956c2-c4d1-403a-b406-f8ec73b3905b/datanode-2/data/ratis/ab0cc724-7d17-44ae-a200-89dd9c3a796b] INFO  util.JmxRegister (JmxRegister.java:unregister(73)) - Successfully un-registered JMX Bean with object name Ratis:service=RaftServer,group=group-89DD9C3A796B,id=8538cd65-7926-426b-8bad-fbd0f0550f9a
2019-09-20 04:49:22,683 | INFO  | SCMAudit | user=jenkins1000 | ip=192.168.36.79 | op=SEND_HEARTBEAT {datanodeUUID=8538cd65-7926-426b-8bad-fbd0f0550f9a, command=[]} | ret=SUCCESS |  
2019-09-20 04:49:22,426 [f4e549ee-a6fa-4eb9-8541-129d0566fdf5-SegmentedRaftLogWorker:Storage Directory /workdir/hadoop-ozone/integration-test/target/test-dir/MiniOzoneClusterImpl-bb3956c2-c4d1-403a-b406-f8ec73b3905b/datanode-1/data/ratis/d25b7440-bec0-4bb2-b353-a7a58baa9db7] INFO  util.JmxRegister (JmxRegister.java:unregister(73)) - Successfully un-registered JMX Bean with object name Ratis:service=RaftServer,group=group-A7A58BAA9DB7,id=f4e549ee-a6fa-4eb9-8541-129d0566fdf5
2019-09-20 04:49:22,683 | INFO  | SCMAudit | user=jenkins1000 | ip=192.168.36.79 | op=SEND_HEARTBEAT {datanodeUUID=f4e549ee-a6fa-4eb9-8541-129d0566fdf5, command=[]} | ret=SUCCESS |  
2019-09-20 04:49:22,683 | INFO  | SCMAudit | user=jenkins1000 | ip=192.168.36.79 | op=SEND_HEARTBEAT {datanodeUUID=a9bc59c4-b792-48d5-9db2-4e71770477b1, command=[]} | ret=SUCCESS |  
2019-09-20 04:49:22,426 [f4e549ee-a6fa-4eb9-8541-129d0566fdf5-SegmentedRaftLogWorker:Storage Directory /workdir/hadoop-ozone/integration-test/target/test-dir/MiniOzoneClusterImpl-bb3956c2-c4d1-403a-b406-f8ec73b3905b/datanode-1/data/ratis/b7304d56-e6d1-4fd5-a25d-2f9acabbf226] INFO  impl.RoleInfo (RoleInfo.java:shutdownLeaderState(104)) - f4e549ee-a6fa-4eb9-8541-129d0566fdf5: shutdown LeaderState
2019-09-20 04:49:22,426 [8538cd65-7926-426b-8bad-fbd0f0550f9a-SegmentedRaftLogWorker:Storage Directory /workdir/hadoop-ozone/integration-test/target/test-dir/MiniOzoneClusterImpl-bb3956c2-c4d1-403a-b406-f8ec73b3905b/datanode-2/data/ratis/2896fb55-a264-4caf-bb49-f3715b7b99dc] INFO  util.JmxRegister (JmxRegister.java:unregister(73)) - Successfully un-registered JMX Bean with object name Ratis:service=RaftServer,group=group-F3715B7B99DC,id=8538cd65-7926-426b-8bad-fbd0f0550f9a
2019-09-20 04:49:22,426 [f4e549ee-a6fa-4eb9-8541-129d0566fdf5-SegmentedRaftLogWorker:Storage Directory /workdir/hadoop-ozone/integration-test/target/test-dir/MiniOzoneClusterImpl-bb3956c2-c4d1-403a-b406-f8ec73b3905b/datanode-1/data/ratis/0bf6c8fa-a7dd-4f3a-8689-2c693f1f04d2] INFO  util.JmxRegister (JmxRegister.java:unregister(73)) - Successfully un-registered JMX Bean with object name Ratis:service=RaftServer,group=group-2C693F1F04D2,id=f4e549ee-a6fa-4eb9-8541-129d0566fdf5
2019-09-20 04:49:22,683 [f4e549ee-a6fa-4eb9-8541-129d0566fdf5-SegmentedRaftLogWorker:Storage Directory /workdir/hadoop-ozone/integration-test/target/test-dir/MiniOzoneClusterImpl-bb3956c2-c4d1-403a-b406-f8ec73b3905b/datanode-1/data/ratis/0bf6c8fa-a7dd-4f3a-8689-2c693f1f04d2] INFO  impl.RoleInfo (RoleInfo.java:shutdownLeaderState(104)) - f4e549ee-a6fa-4eb9-8541-129d0566fdf5: shutdown LeaderState
2019-09-20 04:49:22,426 [8538cd65-7926-426b-8bad-fbd0f0550f9a-SegmentedRaftLogWorker:Storage Directory /workdir/hadoop-ozone/integration-test/target/test-dir/MiniOzoneClusterImpl-bb3956c2-c4d1-403a-b406-f8ec73b3905b/datanode-2/data/ratis/f7b190a2-62be-4e4e-8e56-0fd9ae1148b1] INFO  util.JmxRegister (JmxRegister.java:unregister(73)) - Successfully un-registered JMX Bean with object name Ratis:service=RaftServer,group=group-0FD9AE1148B1,id=8538cd65-7926-426b-8bad-fbd0f0550f9a
2019-09-20 04:49:22,425 [f4e549ee-a6fa-4eb9-8541-129d0566fdf5-SegmentedRaftLogWorker:Storage Directory /workdir/hadoop-ozone/integration-test/target/test-dir/MiniOzoneClusterImpl-bb3956c2-c4d1-403a-b406-f8ec73b3905b/datanode-1/data/ratis/e73619b1-246f-4601-8093-3e3c2ebf4898] INFO  impl.RoleInfo (RoleInfo.java:shutdownLeaderState(104)) - f4e549ee-a6fa-4eb9-8541-129d0566fdf5: shutdown LeaderState
2019-09-20 04:49:22,425 [eb30d72f-c0a8-4ecb-bfee-9120a9a6cddf-SegmentedRaftLogWorker:Storage Directory /workdir/hadoop-ozone/integration-test/target/test-dir/MiniOzoneClusterImpl-bb3956c2-c4d1-403a-b406-f8ec73b3905b/datanode-0/data/ratis/41a5c070-d930-4254-8d2e-56065aba910b] INFO  segmented.SegmentedRaftLogWorker (SegmentedRaftLogWorker.java:close(228)) - eb30d72f-c0a8-4ecb-bfee-9120a9a6cddf-SegmentedRaftLogWorker:Storage Directory /workdir/hadoop-ozone/integration-test/target/test-dir/MiniOzoneClusterImpl-bb3956c2-c4d1-403a-b406-f8ec73b3905b/datanode-0/data/ratis/41a5c070-d930-4254-8d2e-56065aba910b close()
2019-09-20 04:49:22,425 [f4e549ee-a6fa-4eb9-8541-129d0566fdf5-SegmentedRaftLogWorker:Storage Directory /workdir/hadoop-ozone/integration-test/target/test-dir/MiniOzoneClusterImpl-bb3956c2-c4d1-403a-b406-f8ec73b3905b/datanode-1/data/ratis/6f4561aa-1612-488e-9a4e-4976c8d399e6] ERROR segmented.SegmentedRaftLogWorker (SegmentedRaftLogWorker.java:run(323)) - f4e549ee-a6fa-4eb9-8541-129d0566fdf5-SegmentedRaftLogWorker:Storage Directory /workdir/hadoop-ozone/integration-test/target/test-dir/MiniOzoneClusterImpl-bb3956c2-c4d1-403a-b406-f8ec73b3905b/datanode-1/data/ratis/6f4561aa-1612-488e-9a4e-4976c8d399e6 hit exception
java.lang.OutOfMemoryError: Direct buffer memory
	at java.nio.Bits.reserveMemory(Bits.java:666)
	at java.nio.DirectByteBuffer.<init>(DirectByteBuffer.java:123)
	at java.nio.ByteBuffer.allocateDirect(ByteBuffer.java:311)
	at org.apache.ratis.server.raftlog.segmented.BufferedWriteChannel.<init>(BufferedWriteChannel.java:41)
	at org.apache.ratis.server.raftlog.segmented.SegmentedRaftLogOutputStream.<init>(SegmentedRaftLogOutputStream.java:72)
	at org.apache.ratis.server.raftlog.segmented.SegmentedRaftLogWorker$StartLogSegment.execute(SegmentedRaftLogWorker.java:566)
	at org.apache.ratis.server.raftlog.segmented.SegmentedRaftLogWorker.run(SegmentedRaftLogWorker.java:289)
	at java.lang.Thread.run(Thread.java:748)
2019-09-20 04:49:22,425 [5ea19b84-5385-4ae9-8412-c4cfa929b172-SegmentedRaftLogWorker:Storage Directory /workdir/hadoop-ozone/integration-test/target/test-dir/MiniOzoneClusterImpl-bb3956c2-c4d1-403a-b406-f8ec73b3905b/datanode-3/data/ratis/1476a581-b3a6-4053-aee0-18888425844f] ERROR segmented.SegmentedRaftLogWorker (SegmentedRaftLogWorker.java:run(323)) - 5ea19b84-5385-4ae9-8412-c4cfa929b172-SegmentedRaftLogWorker:Storage Directory /workdir/hadoop-ozone/integration-test/target/test-dir/MiniOzoneClusterImpl-bb3956c2-c4d1-403a-b406-f8ec73b3905b/datanode-3/data/ratis/1476a581-b3a6-4053-aee0-18888425844f hit exception
java.lang.OutOfMemoryError: Direct buffer memory
	at java.nio.Bits.reserveMemory(Bits.java:666)
	at java.nio.DirectByteBuffer.<init>(DirectByteBuffer.java:123)
	at java.nio.ByteBuffer.allocateDirect(ByteBuffer.java:311)
	at org.apache.ratis.server.raftlog.segmented.BufferedWriteChannel.<init>(BufferedWriteChannel.java:41)
	at org.apache.ratis.server.raftlog.segmented.SegmentedRaftLogOutputStream.<init>(SegmentedRaftLogOutputStream.java:72)
	at org.apache.ratis.server.raftlog.segmented.SegmentedRaftLogWorker$StartLogSegment.execute(SegmentedRaftLogWorker.java:566)
	at org.apache.ratis.server.raftlog.segmented.SegmentedRaftLogWorker.run(SegmentedRaftLogWorker.java:289)
	at java.lang.Thread.run(Thread.java:748)
2019-09-20 04:49:22,684 [f4e549ee-a6fa-4eb9-8541-129d0566fdf5-SegmentedRaftLogWorker:Storage Directory /workdir/hadoop-ozone/integration-test/target/test-dir/MiniOzoneClusterImpl-bb3956c2-c4d1-403a-b406-f8ec73b3905b/datanode-1/data/ratis/6f4561aa-1612-488e-9a4e-4976c8d399e6] INFO  impl.RaftServerImpl (RaftServerImpl.java:lambda$shutdown$3(245)) - f4e549ee-a6fa-4eb9-8541-129d0566fdf5: shutdown group-4976C8D399E6
2019-09-20 04:49:22,684 [f4e549ee-a6fa-4eb9-8541-129d0566fdf5-SegmentedRaftLogWorker:Storage Directory /workdir/hadoop-ozone/integration-test/target/test-dir/MiniOzoneClusterImpl-bb3956c2-c4d1-403a-b406-f8ec73b3905b/datanode-1/data/ratis/e73619b1-246f-4601-8093-3e3c2ebf4898] INFO  impl.PendingRequests (PendingRequests.java:sendNotLeaderResponses(202)) - f4e549ee-a6fa-4eb9-8541-129d0566fdf5-PendingRequests: sendNotLeaderResponses
2019-09-20 04:49:22,683 [8538cd65-7926-426b-8bad-fbd0f0550f9a-SegmentedRaftLogWorker:Storage Directory /workdir/hadoop-ozone/integration-test/target/test-dir/MiniOzoneClusterImpl-bb3956c2-c4d1-403a-b406-f8ec73b3905b/datanode-2/data/ratis/f7b190a2-62be-4e4e-8e56-0fd9ae1148b1] INFO  impl.RoleInfo (RoleInfo.java:shutdownLeaderState(104)) - 8538cd65-7926-426b-8bad-fbd0f0550f9a: shutdown LeaderState
2019-09-20 04:49:22,683 [f4e549ee-a6fa-4eb9-8541-129d0566fdf5-SegmentedRaftLogWorker:Storage Directory /workdir/hadoop-ozone/integration-test/target/test-dir/MiniOzoneClusterImpl-bb3956c2-c4d1-403a-b406-f8ec73b3905b/datanode-1/data/ratis/0bf6c8fa-a7dd-4f3a-8689-2c693f1f04d2] INFO  impl.PendingRequests (PendingRequests.java:sendNotLeaderResponses(202)) - f4e549ee-a6fa-4eb9-8541-129d0566fdf5-PendingRequests: sendNotLeaderResponses
2019-09-20 04:49:22,683 [8538cd65-7926-426b-8bad-fbd0f0550f9a-SegmentedRaftLogWorker:Storage Directory /workdir/hadoop-ozone/integration-test/target/test-dir/MiniOzoneClusterImpl-bb3956c2-c4d1-403a-b406-f8ec73b3905b/datanode-2/data/ratis/2896fb55-a264-4caf-bb49-f3715b7b99dc] INFO  impl.RoleInfo (RoleInfo.java:shutdownLeaderState(104)) - 8538cd65-7926-426b-8bad-fbd0f0550f9a: shutdown LeaderState
2019-09-20 04:49:22,683 [f4e549ee-a6fa-4eb9-8541-129d0566fdf5-SegmentedRaftLogWorker:Storage Directory /workdir/hadoop-ozone/integration-test/target/test-dir/MiniOzoneClusterImpl-bb3956c2-c4d1-403a-b406-f8ec73b3905b/datanode-1/data/ratis/b7304d56-e6d1-4fd5-a25d-2f9acabbf226] INFO  impl.PendingRequests (PendingRequests.java:sendNotLeaderResponses(202)) - f4e549ee-a6fa-4eb9-8541-129d0566fdf5-PendingRequests: sendNotLeaderResponses
2019-09-20 04:49:22,683 [f4e549ee-a6fa-4eb9-8541-129d0566fdf5-SegmentedRaftLogWorker:Storage Directory /workdir/hadoop-ozone/integration-test/target/test-dir/MiniOzoneClusterImpl-bb3956c2-c4d1-403a-b406-f8ec73b3905b/datanode-1/data/ratis/d25b7440-bec0-4bb2-b353-a7a58baa9db7] INFO  impl.RoleInfo (RoleInfo.java:shutdownLeaderState(104)) - f4e549ee-a6fa-4eb9-8541-129d0566fdf5: shutdown LeaderState
2019-09-20 04:49:22,683 [8538cd65-7926-426b-8bad-fbd0f0550f9a-SegmentedRaftLogWorker:Storage Directory /workdir/hadoop-ozone/integration-test/target/test-dir/MiniOzoneClusterImpl-bb3956c2-c4d1-403a-b406-f8ec73b3905b/datanode-2/data/ratis/ab0cc724-7d17-44ae-a200-89dd9c3a796b] INFO  impl.RoleInfo (RoleInfo.java:shutdownLeaderState(104)) - 8538cd65-7926-426b-8bad-fbd0f0550f9a: shutdown LeaderState
2019-09-20 04:49:22,683 [8538cd65-7926-426b-8bad-fbd0f0550f9a-SegmentedRaftLogWorker:Storage Directory /workdir/hadoop-ozone/integration-test/target/test-dir/MiniOzoneClusterImpl-bb3956c2-c4d1-403a-b406-f8ec73b3905b/datanode-2/data/ratis/23dffffd-bb97-4de8-9f5f-e6f4f4af1066] INFO  impl.RoleInfo (RoleInfo.java:shutdownLeaderState(104)) - 8538cd65-7926-426b-8bad-fbd0f0550f9a: shutdown LeaderState
2019-09-20 04:49:22,682 [8538cd65-7926-426b-8bad-fbd0f0550f9a-SegmentedRaftLogWorker:Storage Directory /workdir/hadoop-ozone/integration-test/target/test-dir/MiniOzoneClusterImpl-bb3956c2-c4d1-403a-b406-f8ec73b3905b/datanode-2/data/ratis/a2e51e51-9600-4027-a6b4-e20ea59b318e] INFO  impl.PendingRequests (PendingRequests.java:sendNotLeaderResponses(202)) - 8538cd65-7926-426b-8bad-fbd0f0550f9a-PendingRequests: sendNotLeaderResponses
2019-09-20 04:49:22,682 [f4e549ee-a6fa-4eb9-8541-129d0566fdf5-SegmentedRaftLogWorker:Storage Directory /workdir/hadoop-ozone/integration-test/target/test-dir/MiniOzoneClusterImpl-bb3956c2-c4d1-403a-b406-f8ec73b3905b/datanode-1/data/ratis/5d268bd6-8c89-4bad-a48a-b8d35009723b] INFO  impl.PendingRequests (PendingRequests.java:sendNotLeaderResponses(202)) - f4e549ee-a6fa-4eb9-8541-129d0566fdf5-PendingRequests: sendNotLeaderResponses
2019-09-20 04:49:22,686 [8538cd65-7926-426b-8bad-fbd0f0550f9a-SegmentedRaftLogWorker:Storage Directory /workdir/hadoop-ozone/integration-test/target/test-dir/MiniOzoneClusterImpl-bb3956c2-c4d1-403a-b406-f8ec73b3905b/datanode-2/data/ratis/a2e51e51-9600-4027-a6b4-e20ea59b318e] INFO  impl.StateMachineUpdater (StateMachineUpdater.java:stopAndJoin(115)) - StateMachineUpdater:8538cd65-7926-426b-8bad-fbd0f0550f9a:group-E20EA59B318E: set stopIndex = -1
2019-09-20 04:49:22,682 [pool-284-thread-1] INFO  server.RaftServerConfigKeys (ConfUtils.java:logGet(43)) - raft.server.rpcslowness.timeout = 120s (custom)
2019-09-20 04:49:22,428 [3c2a6bfe-f5c5-4e23-89b0-850dab17697d:group-9B431E59F634:LeaderElection106] INFO  impl.RaftServerImpl (ServerState.java:setRaftConf(361)) - 3c2a6bfe-f5c5-4e23-89b0-850dab17697d:group-9B431E59F634 set configuration 0: [3c2a6bfe-f5c5-4e23-89b0-850dab17697d:192.168.36.79:38430], old=null at 0
2019-09-20 04:49:22,428 [3c2a6bfe-f5c5-4e23-89b0-850dab17697d:group-993ED3A05D0C:LeaderElection105] INFO  server.RaftServerConfigKeys (ConfUtils.java:logGet(43)) - raft.server.staging.catchup.gap = 1000 (default)
2019-09-20 04:49:22,428 [pool-273-thread-1] INFO  server.RaftServerConfigKeys (ConfUtils.java:logGet(43)) - raft.server.sleep.deviation.threshold = 300 (default)
2019-09-20 04:49:22,428 [pool-262-thread-1] INFO  server.RaftServerConfigKeys (ConfUtils.java:logGet(43)) - raft.server.rpc.timeout.max = 5200ms (custom)
2019-09-20 04:49:22,428 [fdbc37f2-9e58-4bac-a5d5-a78839d012e9:group-44FF265F9AFF:LeaderElection104] INFO  server.RaftServerConfigKeys (ConfUtils.java:logGet(43)) - raft.server.watch.timeout = 10s (default)
2019-09-20 04:49:22,686 [pool-262-thread-1] INFO  server.RaftServerConfigKeys (ConfUtils.java:logGet(43)) - raft.server.rpcslowness.timeout = 120s (custom)
2019-09-20 04:49:22,686 [pool-273-thread-1] INFO  server.RaftServerConfigKeys (ConfUtils.java:logGet(43)) - raft.server.log.appender.install.snapshot.enabled = false (custom)
2019-09-20 04:49:22,686 [3c2a6bfe-f5c5-4e23-89b0-850dab17697d:group-993ED3A05D0C:LeaderElection105] INFO  server.RaftServerConfigKeys (ConfUtils.java:logGet(43)) - raft.server.rpc.sleep.time = 25ms (default)
2019-09-20 04:49:22,686 [pool-284-thread-1] INFO  server.RaftServerConfigKeys (ConfUtils.java:logGet(43)) - raft.server.sleep.deviation.threshold = 300 (default)
2019-09-20 04:49:22,687 [pool-284-thread-1] INFO  server.RaftServerConfigKeys (ConfUtils.java:logGet(43)) - raft.server.log.appender.install.snapshot.enabled = false (custom)
2019-09-20 04:49:22,686 [8538cd65-7926-426b-8bad-fbd0f0550f9a-SegmentedRaftLogWorker:Storage Directory /workdir/hadoop-ozone/integration-test/target/test-dir/MiniOzoneClusterImpl-bb3956c2-c4d1-403a-b406-f8ec73b3905b/datanode-2/data/ratis/a2e51e51-9600-4027-a6b4-e20ea59b318e] INFO  impl.RaftServerImpl (ServerState.java:close(394)) - 8538cd65-7926-426b-8bad-fbd0f0550f9a:group-E20EA59B318E closes. The last applied log index is -1
2019-09-20 04:49:22,686 [f4e549ee-a6fa-4eb9-8541-129d0566fdf5-SegmentedRaftLogWorker:Storage Directory /workdir/hadoop-ozone/integration-test/target/test-dir/MiniOzoneClusterImpl-bb3956c2-c4d1-403a-b406-f8ec73b3905b/datanode-1/data/ratis/5d268bd6-8c89-4bad-a48a-b8d35009723b] INFO  impl.StateMachineUpdater (StateMachineUpdater.java:stopAndJoin(115)) - StateMachineUpdater:f4e549ee-a6fa-4eb9-8541-129d0566fdf5:group-B8D35009723B: set stopIndex = -1
2019-09-20 04:49:22,687 [f4e549ee-a6fa-4eb9-8541-129d0566fdf5-SegmentedRaftLogWorker:Storage Directory /workdir/hadoop-ozone/integration-test/target/test-dir/MiniOzoneClusterImpl-bb3956c2-c4d1-403a-b406-f8ec73b3905b/datanode-1/data/ratis/5d268bd6-8c89-4bad-a48a-b8d35009723b] INFO  impl.RaftServerImpl (ServerState.java:close(394)) - f4e549ee-a6fa-4eb9-8541-129d0566fdf5:group-B8D35009723B closes. The last applied log index is -1
2019-09-20 04:49:22,686 [8538cd65-7926-426b-8bad-fbd0f0550f9a-SegmentedRaftLogWorker:Storage Directory /workdir/hadoop-ozone/integration-test/target/test-dir/MiniOzoneClusterImpl-bb3956c2-c4d1-403a-b406-f8ec73b3905b/datanode-2/data/ratis/23dffffd-bb97-4de8-9f5f-e6f4f4af1066] INFO  impl.PendingRequests (PendingRequests.java:sendNotLeaderResponses(202)) - 8538cd65-7926-426b-8bad-fbd0f0550f9a-PendingRequests: sendNotLeaderResponses
2019-09-20 04:49:22,685 [8538cd65-7926-426b-8bad-fbd0f0550f9a-SegmentedRaftLogWorker:Storage Directory /workdir/hadoop-ozone/integration-test/target/test-dir/MiniOzoneClusterImpl-bb3956c2-c4d1-403a-b406-f8ec73b3905b/datanode-2/data/ratis/ab0cc724-7d17-44ae-a200-89dd9c3a796b] INFO  impl.PendingRequests (PendingRequests.java:sendNotLeaderResponses(202)) - 8538cd65-7926-426b-8bad-fbd0f0550f9a-PendingRequests: sendNotLeaderResponses
2019-09-20 04:49:22,685 [f4e549ee-a6fa-4eb9-8541-129d0566fdf5-SegmentedRaftLogWorker:Storage Directory /workdir/hadoop-ozone/integration-test/target/test-dir/MiniOzoneClusterImpl-bb3956c2-c4d1-403a-b406-f8ec73b3905b/datanode-1/data/ratis/d25b7440-bec0-4bb2-b353-a7a58baa9db7] INFO  impl.PendingRequests (PendingRequests.java:sendNotLeaderResponses(202)) - f4e549ee-a6fa-4eb9-8541-129d0566fdf5-PendingRequests: sendNotLeaderResponses
2019-09-20 04:49:22,685 [f4e549ee-a6fa-4eb9-8541-129d0566fdf5-SegmentedRaftLogWorker:Storage Directory /workdir/hadoop-ozone/integration-test/target/test-dir/MiniOzoneClusterImpl-bb3956c2-c4d1-403a-b406-f8ec73b3905b/datanode-1/data/ratis/b7304d56-e6d1-4fd5-a25d-2f9acabbf226] INFO  impl.StateMachineUpdater (StateMachineUpdater.java:stopAndJoin(115)) - StateMachineUpdater:f4e549ee-a6fa-4eb9-8541-129d0566fdf5:group-2F9ACABBF226: set stopIndex = -1
2019-09-20 04:49:22,685 [8538cd65-7926-426b-8bad-fbd0f0550f9a-SegmentedRaftLogWorker:Storage Directory /workdir/hadoop-ozone/integration-test/target/test-dir/MiniOzoneClusterImpl-bb3956c2-c4d1-403a-b406-f8ec73b3905b/datanode-2/data/ratis/2896fb55-a264-4caf-bb49-f3715b7b99dc] INFO  impl.PendingRequests (PendingRequests.java:sendNotLeaderResponses(202)) - 8538cd65-7926-426b-8bad-fbd0f0550f9a-PendingRequests: sendNotLeaderResponses
2019-09-20 04:49:22,685 [f4e549ee-a6fa-4eb9-8541-129d0566fdf5-SegmentedRaftLogWorker:Storage Directory /workdir/hadoop-ozone/integration-test/target/test-dir/MiniOzoneClusterImpl-bb3956c2-c4d1-403a-b406-f8ec73b3905b/datanode-1/data/ratis/0bf6c8fa-a7dd-4f3a-8689-2c693f1f04d2] INFO  impl.StateMachineUpdater (StateMachineUpdater.java:stopAndJoin(115)) - StateMachineUpdater:f4e549ee-a6fa-4eb9-8541-129d0566fdf5:group-2C693F1F04D2: set stopIndex = -1
2019-09-20 04:49:22,685 [8538cd65-7926-426b-8bad-fbd0f0550f9a-SegmentedRaftLogWorker:Storage Directory /workdir/hadoop-ozone/integration-test/target/test-dir/MiniOzoneClusterImpl-bb3956c2-c4d1-403a-b406-f8ec73b3905b/datanode-2/data/ratis/f7b190a2-62be-4e4e-8e56-0fd9ae1148b1] INFO  impl.PendingRequests (PendingRequests.java:sendNotLeaderResponses(202)) - 8538cd65-7926-426b-8bad-fbd0f0550f9a-PendingRequests: sendNotLeaderResponses
2019-09-20 04:49:22,685 [f4e549ee-a6fa-4eb9-8541-129d0566fdf5-SegmentedRaftLogWorker:Storage Directory /workdir/hadoop-ozone/integration-test/target/test-dir/MiniOzoneClusterImpl-bb3956c2-c4d1-403a-b406-f8ec73b3905b/datanode-1/data/ratis/e73619b1-246f-4601-8093-3e3c2ebf4898] INFO  impl.StateMachineUpdater (StateMachineUpdater.java:stopAndJoin(115)) - StateMachineUpdater:f4e549ee-a6fa-4eb9-8541-129d0566fdf5:group-3E3C2EBF4898: set stopIndex = -1
2019-09-20 04:49:22,685 [f4e549ee-a6fa-4eb9-8541-129d0566fdf5-SegmentedRaftLogWorker:Storage Directory /workdir/hadoop-ozone/integration-test/target/test-dir/MiniOzoneClusterImpl-bb3956c2-c4d1-403a-b406-f8ec73b3905b/datanode-1/data/ratis/6f4561aa-1612-488e-9a4e-4976c8d399e6] INFO  util.JmxRegister (JmxRegister.java:unregister(73)) - Successfully un-registered JMX Bean with object name Ratis:service=RaftServer,group=group-4976C8D399E6,id=f4e549ee-a6fa-4eb9-8541-129d0566fdf5
2019-09-20 04:49:22,688 [f4e549ee-a6fa-4eb9-8541-129d0566fdf5-SegmentedRaftLogWorker:Storage Directory /workdir/hadoop-ozone/integration-test/target/test-dir/MiniOzoneClusterImpl-bb3956c2-c4d1-403a-b406-f8ec73b3905b/datanode-1/data/ratis/6f4561aa-1612-488e-9a4e-4976c8d399e6] INFO  impl.RoleInfo (RoleInfo.java:shutdownLeaderState(104)) - f4e549ee-a6fa-4eb9-8541-129d0566fdf5: shutdown LeaderState
2019-09-20 04:49:22,684 [5ea19b84-5385-4ae9-8412-c4cfa929b172-SegmentedRaftLogWorker:Storage Directory /workdir/hadoop-ozone/integration-test/target/test-dir/MiniOzoneClusterImpl-bb3956c2-c4d1-403a-b406-f8ec73b3905b/datanode-3/data/ratis/1476a581-b3a6-4053-aee0-18888425844f] INFO  impl.RaftServerImpl (RaftServerImpl.java:lambda$shutdown$3(245)) - 5ea19b84-5385-4ae9-8412-c4cfa929b172: shutdown group-18888425844F
2019-09-20 04:49:22,689 [f4e549ee-a6fa-4eb9-8541-129d0566fdf5-SegmentedRaftLogWorker:Storage Directory /workdir/hadoop-ozone/integration-test/target/test-dir/MiniOzoneClusterImpl-bb3956c2-c4d1-403a-b406-f8ec73b3905b/datanode-1/data/ratis/6f4561aa-1612-488e-9a4e-4976c8d399e6] INFO  impl.PendingRequests (PendingRequests.java:sendNotLeaderResponses(202)) - f4e549ee-a6fa-4eb9-8541-129d0566fdf5-PendingRequests: sendNotLeaderResponses
2019-09-20 04:49:22,688 [8538cd65-7926-426b-8bad-fbd0f0550f9a-SegmentedRaftLogWorker:Storage Directory /workdir/hadoop-ozone/integration-test/target/test-dir/MiniOzoneClusterImpl-bb3956c2-c4d1-403a-b406-f8ec73b3905b/datanode-2/data/ratis/f7b190a2-62be-4e4e-8e56-0fd9ae1148b1] INFO  impl.StateMachineUpdater (StateMachineUpdater.java:stopAndJoin(115)) - StateMachineUpdater:8538cd65-7926-426b-8bad-fbd0f0550f9a:group-0FD9AE1148B1: set stopIndex = -1
2019-09-20 04:49:22,689 [8538cd65-7926-426b-8bad-fbd0f0550f9a-SegmentedRaftLogWorker:Storage Directory /workdir/hadoop-ozone/integration-test/target/test-dir/MiniOzoneClusterImpl-bb3956c2-c4d1-403a-b406-f8ec73b3905b/datanode-2/data/ratis/f7b190a2-62be-4e4e-8e56-0fd9ae1148b1] INFO  impl.RaftServerImpl (ServerState.java:close(394)) - 8538cd65-7926-426b-8bad-fbd0f0550f9a:group-0FD9AE1148B1 closes. The last applied log index is -1
2019-09-20 04:49:22,688 [f4e549ee-a6fa-4eb9-8541-129d0566fdf5-SegmentedRaftLogWorker:Storage Directory /workdir/hadoop-ozone/integration-test/target/test-dir/MiniOzoneClusterImpl-bb3956c2-c4d1-403a-b406-f8ec73b3905b/datanode-1/data/ratis/e73619b1-246f-4601-8093-3e3c2ebf4898] INFO  impl.RaftServerImpl (ServerState.java:close(394)) - f4e549ee-a6fa-4eb9-8541-129d0566fdf5:group-3E3C2EBF4898 closes. The last applied log index is -1
2019-09-20 04:49:22,688 [f4e549ee-a6fa-4eb9-8541-129d0566fdf5-SegmentedRaftLogWorker:Storage Directory /workdir/hadoop-ozone/integration-test/target/test-dir/MiniOzoneClusterImpl-bb3956c2-c4d1-403a-b406-f8ec73b3905b/datanode-1/data/ratis/0bf6c8fa-a7dd-4f3a-8689-2c693f1f04d2] INFO  impl.RaftServerImpl (ServerState.java:close(394)) - f4e549ee-a6fa-4eb9-8541-129d0566fdf5:group-2C693F1F04D2 closes. The last applied log index is -1
2019-09-20 04:49:22,688 [8538cd65-7926-426b-8bad-fbd0f0550f9a-SegmentedRaftLogWorker:Storage Directory /workdir/hadoop-ozone/integration-test/target/test-dir/MiniOzoneClusterImpl-bb3956c2-c4d1-403a-b406-f8ec73b3905b/datanode-2/data/ratis/2896fb55-a264-4caf-bb49-f3715b7b99dc] INFO  impl.StateMachineUpdater (StateMachineUpdater.java:stopAndJoin(115)) - StateMachineUpdater:8538cd65-7926-426b-8bad-fbd0f0550f9a:group-F3715B7B99DC: set stopIndex = -1
2019-09-20 04:49:22,688 [f4e549ee-a6fa-4eb9-8541-129d0566fdf5-SegmentedRaftLogWorker:Storage Directory /workdir/hadoop-ozone/integration-test/target/test-dir/MiniOzoneClusterImpl-bb3956c2-c4d1-403a-b406-f8ec73b3905b/datanode-1/data/ratis/b7304d56-e6d1-4fd5-a25d-2f9acabbf226] INFO  impl.RaftServerImpl (ServerState.java:close(394)) - f4e549ee-a6fa-4eb9-8541-129d0566fdf5:group-2F9ACABBF226 closes. The last applied log index is -1
2019-09-20 04:49:22,688 [f4e549ee-a6fa-4eb9-8541-129d0566fdf5-SegmentedRaftLogWorker:Storage Directory /workdir/hadoop-ozone/integration-test/target/test-dir/MiniOzoneClusterImpl-bb3956c2-c4d1-403a-b406-f8ec73b3905b/datanode-1/data/ratis/d25b7440-bec0-4bb2-b353-a7a58baa9db7] INFO  impl.StateMachineUpdater (StateMachineUpdater.java:stopAndJoin(115)) - StateMachineUpdater:f4e549ee-a6fa-4eb9-8541-129d0566fdf5:group-A7A58BAA9DB7: set stopIndex = -1
2019-09-20 04:49:22,688 [8538cd65-7926-426b-8bad-fbd0f0550f9a-SegmentedRaftLogWorker:Storage Directory /workdir/hadoop-ozone/integration-test/target/test-dir/MiniOzoneClusterImpl-bb3956c2-c4d1-403a-b406-f8ec73b3905b/datanode-2/data/ratis/ab0cc724-7d17-44ae-a200-89dd9c3a796b] INFO  impl.StateMachineUpdater (StateMachineUpdater.java:stopAndJoin(115)) - StateMachineUpdater:8538cd65-7926-426b-8bad-fbd0f0550f9a:group-89DD9C3A796B: set stopIndex = -1
2019-09-20 04:49:22,690 [8538cd65-7926-426b-8bad-fbd0f0550f9a-SegmentedRaftLogWorker:Storage Directory /workdir/hadoop-ozone/integration-test/target/test-dir/MiniOzoneClusterImpl-bb3956c2-c4d1-403a-b406-f8ec73b3905b/datanode-2/data/ratis/ab0cc724-7d17-44ae-a200-89dd9c3a796b] INFO  impl.RaftServerImpl (ServerState.java:close(394)) - 8538cd65-7926-426b-8bad-fbd0f0550f9a:group-89DD9C3A796B closes. The last applied log index is -1
2019-09-20 04:49:22,688 [8538cd65-7926-426b-8bad-fbd0f0550f9a-SegmentedRaftLogWorker:Storage Directory /workdir/hadoop-ozone/integration-test/target/test-dir/MiniOzoneClusterImpl-bb3956c2-c4d1-403a-b406-f8ec73b3905b/datanode-2/data/ratis/23dffffd-bb97-4de8-9f5f-e6f4f4af1066] INFO  impl.StateMachineUpdater (StateMachineUpdater.java:stopAndJoin(115)) - StateMachineUpdater:8538cd65-7926-426b-8bad-fbd0f0550f9a:group-E6F4F4AF1066: set stopIndex = -1
2019-09-20 04:49:22,690 [8538cd65-7926-426b-8bad-fbd0f0550f9a-SegmentedRaftLogWorker:Storage Directory /workdir/hadoop-ozone/integration-test/target/test-dir/MiniOzoneClusterImpl-bb3956c2-c4d1-403a-b406-f8ec73b3905b/datanode-2/data/ratis/23dffffd-bb97-4de8-9f5f-e6f4f4af1066] INFO  impl.RaftServerImpl (ServerState.java:close(394)) - 8538cd65-7926-426b-8bad-fbd0f0550f9a:group-E6F4F4AF1066 closes. The last applied log index is -1
2019-09-20 04:49:22,687 [f4e549ee-a6fa-4eb9-8541-129d0566fdf5-SegmentedRaftLogWorker:Storage Directory /workdir/hadoop-ozone/integration-test/target/test-dir/MiniOzoneClusterImpl-bb3956c2-c4d1-403a-b406-f8ec73b3905b/datanode-1/data/ratis/5d268bd6-8c89-4bad-a48a-b8d35009723b] INFO  segmented.SegmentedRaftLogWorker (SegmentedRaftLogWorker.java:close(228)) - f4e549ee-a6fa-4eb9-8541-129d0566fdf5-SegmentedRaftLogWorker:Storage Directory /workdir/hadoop-ozone/integration-test/target/test-dir/MiniOzoneClusterImpl-bb3956c2-c4d1-403a-b406-f8ec73b3905b/datanode-1/data/ratis/5d268bd6-8c89-4bad-a48a-b8d35009723b close()
2019-09-20 04:49:22,690 [8538cd65-7926-426b-8bad-fbd0f0550f9a-SegmentedRaftLogWorker:Storage Directory /workdir/hadoop-ozone/integration-test/target/test-dir/MiniOzoneClusterImpl-bb3956c2-c4d1-403a-b406-f8ec73b3905b/datanode-2/data/ratis/23dffffd-bb97-4de8-9f5f-e6f4f4af1066] INFO  segmented.SegmentedRaftLogWorker (SegmentedRaftLogWorker.java:close(228)) - 8538cd65-7926-426b-8bad-fbd0f0550f9a-SegmentedRaftLogWorker:Storage Directory /workdir/hadoop-ozone/integration-test/target/test-dir/MiniOzoneClusterImpl-bb3956c2-c4d1-403a-b406-f8ec73b3905b/datanode-2/data/ratis/23dffffd-bb97-4de8-9f5f-e6f4f4af1066 close()
2019-09-20 04:49:22,687 [8538cd65-7926-426b-8bad-fbd0f0550f9a-SegmentedRaftLogWorker:Storage Directory /workdir/hadoop-ozone/integration-test/target/test-dir/MiniOzoneClusterImpl-bb3956c2-c4d1-403a-b406-f8ec73b3905b/datanode-2/data/ratis/a2e51e51-9600-4027-a6b4-e20ea59b318e] INFO  segmented.SegmentedRaftLogWorker (SegmentedRaftLogWorker.java:close(228)) - 8538cd65-7926-426b-8bad-fbd0f0550f9a-SegmentedRaftLogWorker:Storage Directory /workdir/hadoop-ozone/integration-test/target/test-dir/MiniOzoneClusterImpl-bb3956c2-c4d1-403a-b406-f8ec73b3905b/datanode-2/data/ratis/a2e51e51-9600-4027-a6b4-e20ea59b318e close()
2019-09-20 04:49:22,687 [pool-284-thread-1] INFO  impl.RaftServerImpl (ServerState.java:<init>(105)) - a9bc59c4-b792-48d5-9db2-4e71770477b1:group-E55084F5DEEB ConfigurationManager, init=-1: [68a93ad8-b6a8-44e1-8a9f-45fcc58d229a:192.168.36.79:39410, 0ad3f89e-804f-4845-89c5-5ff1a35a5dda:192.168.36.79:34659, a9bc59c4-b792-48d5-9db2-4e71770477b1:192.168.36.79:46574], old=null, confs=<EMPTY_MAP>
2019-09-20 04:49:22,687 [3c2a6bfe-f5c5-4e23-89b0-850dab17697d:group-993ED3A05D0C:LeaderElection105] INFO  server.RaftServerConfigKeys (ConfUtils.java:logGet(43)) - raft.server.write.element-limit = 4096 (default)
2019-09-20 04:49:22,687 [pool-273-thread-1] INFO  impl.RaftServerImpl (ServerState.java:<init>(105)) - 68a93ad8-b6a8-44e1-8a9f-45fcc58d229a:group-E55084F5DEEB ConfigurationManager, init=-1: [68a93ad8-b6a8-44e1-8a9f-45fcc58d229a:192.168.36.79:39410, 0ad3f89e-804f-4845-89c5-5ff1a35a5dda:192.168.36.79:34659, a9bc59c4-b792-48d5-9db2-4e71770477b1:192.168.36.79:46574], old=null, confs=<EMPTY_MAP>
2019-09-20 04:49:22,687 [pool-262-thread-1] INFO  server.RaftServerConfigKeys (ConfUtils.java:logGet(43)) - raft.server.sleep.deviation.threshold = 300 (default)
2019-09-20 04:49:22,691 [pool-262-thread-1] INFO  server.RaftServerConfigKeys (ConfUtils.java:logGet(43)) - raft.server.log.appender.install.snapshot.enabled = false (custom)
2019-09-20 04:49:22,687 [fdbc37f2-9e58-4bac-a5d5-a78839d012e9:group-44FF265F9AFF:LeaderElection104] INFO  server.RaftServerConfigKeys (ConfUtils.java:logGet(43)) - raft.server.watch.timeout.denomination = 1s (default)
2019-09-20 04:49:22,691 [pool-262-thread-1] INFO  impl.RaftServerImpl (ServerState.java:<init>(105)) - 0ad3f89e-804f-4845-89c5-5ff1a35a5dda:group-E55084F5DEEB ConfigurationManager, init=-1: [68a93ad8-b6a8-44e1-8a9f-45fcc58d229a:192.168.36.79:39410, 0ad3f89e-804f-4845-89c5-5ff1a35a5dda:192.168.36.79:34659, a9bc59c4-b792-48d5-9db2-4e71770477b1:192.168.36.79:46574], old=null, confs=<EMPTY_MAP>
2019-09-20 04:49:22,691 [pool-273-thread-1] INFO  server.RaftServerConfigKeys (ConfUtils.java:logGet(43)) - raft.server.storage.dir = [/workdir/hadoop-ozone/integration-test/target/test-dir/MiniOzoneClusterImpl-bb3956c2-c4d1-403a-b406-f8ec73b3905b/datanode-5/data/ratis] (custom)
2019-09-20 04:49:22,691 [pool-284-thread-1] INFO  server.RaftServerConfigKeys (ConfUtils.java:logGet(43)) - raft.server.storage.dir = [/workdir/hadoop-ozone/integration-test/target/test-dir/MiniOzoneClusterImpl-bb3956c2-c4d1-403a-b406-f8ec73b3905b/datanode-6/data/ratis] (custom)
2019-09-20 04:49:22,691 [3c2a6bfe-f5c5-4e23-89b0-850dab17697d:group-993ED3A05D0C:LeaderElection105] INFO  server.RaftServerConfigKeys (ConfUtils.java:logGet(43)) - raft.server.watch.timeout = 10s (default)
2019-09-20 04:49:22,692 [3c2a6bfe-f5c5-4e23-89b0-850dab17697d:group-993ED3A05D0C:LeaderElection105] INFO  server.RaftServerConfigKeys (ConfUtils.java:logGet(43)) - raft.server.watch.timeout.denomination = 1s (default)
2019-09-20 04:49:22,690 [8538cd65-7926-426b-8bad-fbd0f0550f9a-SegmentedRaftLogWorker:Storage Directory /workdir/hadoop-ozone/integration-test/target/test-dir/MiniOzoneClusterImpl-bb3956c2-c4d1-403a-b406-f8ec73b3905b/datanode-2/data/ratis/ab0cc724-7d17-44ae-a200-89dd9c3a796b] INFO  segmented.SegmentedRaftLogWorker (SegmentedRaftLogWorker.java:close(228)) - 8538cd65-7926-426b-8bad-fbd0f0550f9a-SegmentedRaftLogWorker:Storage Directory /workdir/hadoop-ozone/integration-test/target/test-dir/MiniOzoneClusterImpl-bb3956c2-c4d1-403a-b406-f8ec73b3905b/datanode-2/data/ratis/ab0cc724-7d17-44ae-a200-89dd9c3a796b close()
2019-09-20 04:49:22,690 [f4e549ee-a6fa-4eb9-8541-129d0566fdf5-SegmentedRaftLogWorker:Storage Directory /workdir/hadoop-ozone/integration-test/target/test-dir/MiniOzoneClusterImpl-bb3956c2-c4d1-403a-b406-f8ec73b3905b/datanode-1/data/ratis/d25b7440-bec0-4bb2-b353-a7a58baa9db7] INFO  impl.RaftServerImpl (ServerState.java:close(394)) - f4e549ee-a6fa-4eb9-8541-129d0566fdf5:group-A7A58BAA9DB7 closes. The last applied log index is -1
2019-09-20 04:49:22,690 [f4e549ee-a6fa-4eb9-8541-129d0566fdf5-SegmentedRaftLogWorker:Storage Directory /workdir/hadoop-ozone/integration-test/target/test-dir/MiniOzoneClusterImpl-bb3956c2-c4d1-403a-b406-f8ec73b3905b/datanode-1/data/ratis/b7304d56-e6d1-4fd5-a25d-2f9acabbf226] INFO  segmented.SegmentedRaftLogWorker (SegmentedRaftLogWorker.java:close(228)) - f4e549ee-a6fa-4eb9-8541-129d0566fdf5-SegmentedRaftLogWorker:Storage Directory /workdir/hadoop-ozone/integration-test/target/test-dir/MiniOzoneClusterImpl-bb3956c2-c4d1-403a-b406-f8ec73b3905b/datanode-1/data/ratis/b7304d56-e6d1-4fd5-a25d-2f9acabbf226 close()
2019-09-20 04:49:22,689 [8538cd65-7926-426b-8bad-fbd0f0550f9a-SegmentedRaftLogWorker:Storage Directory /workdir/hadoop-ozone/integration-test/target/test-dir/MiniOzoneClusterImpl-bb3956c2-c4d1-403a-b406-f8ec73b3905b/datanode-2/data/ratis/2896fb55-a264-4caf-bb49-f3715b7b99dc] INFO  impl.RaftServerImpl (ServerState.java:close(394)) - 8538cd65-7926-426b-8bad-fbd0f0550f9a:group-F3715B7B99DC closes. The last applied log index is -1
2019-09-20 04:49:22,689 [f4e549ee-a6fa-4eb9-8541-129d0566fdf5-SegmentedRaftLogWorker:Storage Directory /workdir/hadoop-ozone/integration-test/target/test-dir/MiniOzoneClusterImpl-bb3956c2-c4d1-403a-b406-f8ec73b3905b/datanode-1/data/ratis/0bf6c8fa-a7dd-4f3a-8689-2c693f1f04d2] INFO  segmented.SegmentedRaftLogWorker (SegmentedRaftLogWorker.java:close(228)) - f4e549ee-a6fa-4eb9-8541-129d0566fdf5-SegmentedRaftLogWorker:Storage Directory /workdir/hadoop-ozone/integration-test/target/test-dir/MiniOzoneClusterImpl-bb3956c2-c4d1-403a-b406-f8ec73b3905b/datanode-1/data/ratis/0bf6c8fa-a7dd-4f3a-8689-2c693f1f04d2 close()
2019-09-20 04:49:22,689 [f4e549ee-a6fa-4eb9-8541-129d0566fdf5-SegmentedRaftLogWorker:Storage Directory /workdir/hadoop-ozone/integration-test/target/test-dir/MiniOzoneClusterImpl-bb3956c2-c4d1-403a-b406-f8ec73b3905b/datanode-1/data/ratis/e73619b1-246f-4601-8093-3e3c2ebf4898] INFO  segmented.SegmentedRaftLogWorker (SegmentedRaftLogWorker.java:close(228)) - f4e549ee-a6fa-4eb9-8541-129d0566fdf5-SegmentedRaftLogWorker:Storage Directory /workdir/hadoop-ozone/integration-test/target/test-dir/MiniOzoneClusterImpl-bb3956c2-c4d1-403a-b406-f8ec73b3905b/datanode-1/data/ratis/e73619b1-246f-4601-8093-3e3c2ebf4898 close()
2019-09-20 04:49:22,689 [8538cd65-7926-426b-8bad-fbd0f0550f9a-SegmentedRaftLogWorker:Storage Directory /workdir/hadoop-ozone/integration-test/target/test-dir/MiniOzoneClusterImpl-bb3956c2-c4d1-403a-b406-f8ec73b3905b/datanode-2/data/ratis/f7b190a2-62be-4e4e-8e56-0fd9ae1148b1] INFO  segmented.SegmentedRaftLogWorker (SegmentedRaftLogWorker.java:close(228)) - 8538cd65-7926-426b-8bad-fbd0f0550f9a-SegmentedRaftLogWorker:Storage Directory /workdir/hadoop-ozone/integration-test/target/test-dir/MiniOzoneClusterImpl-bb3956c2-c4d1-403a-b406-f8ec73b3905b/datanode-2/data/ratis/f7b190a2-62be-4e4e-8e56-0fd9ae1148b1 close()
2019-09-20 04:49:22,689 [f4e549ee-a6fa-4eb9-8541-129d0566fdf5-SegmentedRaftLogWorker:Storage Directory /workdir/hadoop-ozone/integration-test/target/test-dir/MiniOzoneClusterImpl-bb3956c2-c4d1-403a-b406-f8ec73b3905b/datanode-1/data/ratis/6f4561aa-1612-488e-9a4e-4976c8d399e6] INFO  impl.StateMachineUpdater (StateMachineUpdater.java:stopAndJoin(115)) - StateMachineUpdater:f4e549ee-a6fa-4eb9-8541-129d0566fdf5:group-4976C8D399E6: set stopIndex = -1
2019-09-20 04:49:22,693 [f4e549ee-a6fa-4eb9-8541-129d0566fdf5-SegmentedRaftLogWorker:Storage Directory /workdir/hadoop-ozone/integration-test/target/test-dir/MiniOzoneClusterImpl-bb3956c2-c4d1-403a-b406-f8ec73b3905b/datanode-1/data/ratis/6f4561aa-1612-488e-9a4e-4976c8d399e6] INFO  impl.RaftServerImpl (ServerState.java:close(394)) - f4e549ee-a6fa-4eb9-8541-129d0566fdf5:group-4976C8D399E6 closes. The last applied log index is -1
2019-09-20 04:49:22,689 [5ea19b84-5385-4ae9-8412-c4cfa929b172-SegmentedRaftLogWorker:Storage Directory /workdir/hadoop-ozone/integration-test/target/test-dir/MiniOzoneClusterImpl-bb3956c2-c4d1-403a-b406-f8ec73b3905b/datanode-3/data/ratis/1476a581-b3a6-4053-aee0-18888425844f] INFO  util.JmxRegister (JmxRegister.java:unregister(73)) - Successfully un-registered JMX Bean with object name Ratis:service=RaftServer,group=group-18888425844F,id=5ea19b84-5385-4ae9-8412-c4cfa929b172
2019-09-20 04:49:22,693 [f4e549ee-a6fa-4eb9-8541-129d0566fdf5-SegmentedRaftLogWorker:Storage Directory /workdir/hadoop-ozone/integration-test/target/test-dir/MiniOzoneClusterImpl-bb3956c2-c4d1-403a-b406-f8ec73b3905b/datanode-1/data/ratis/6f4561aa-1612-488e-9a4e-4976c8d399e6] INFO  segmented.SegmentedRaftLogWorker (SegmentedRaftLogWorker.java:close(228)) - f4e549ee-a6fa-4eb9-8541-129d0566fdf5-SegmentedRaftLogWorker:Storage Directory /workdir/hadoop-ozone/integration-test/target/test-dir/MiniOzoneClusterImpl-bb3956c2-c4d1-403a-b406-f8ec73b3905b/datanode-1/data/ratis/6f4561aa-1612-488e-9a4e-4976c8d399e6 close()
2019-09-20 04:49:22,692 [8538cd65-7926-426b-8bad-fbd0f0550f9a-SegmentedRaftLogWorker:Storage Directory /workdir/hadoop-ozone/integration-test/target/test-dir/MiniOzoneClusterImpl-bb3956c2-c4d1-403a-b406-f8ec73b3905b/datanode-2/data/ratis/2896fb55-a264-4caf-bb49-f3715b7b99dc] INFO  segmented.SegmentedRaftLogWorker (SegmentedRaftLogWorker.java:close(228)) - 8538cd65-7926-426b-8bad-fbd0f0550f9a-SegmentedRaftLogWorker:Storage Directory /workdir/hadoop-ozone/integration-test/target/test-dir/MiniOzoneClusterImpl-bb3956c2-c4d1-403a-b406-f8ec73b3905b/datanode-2/data/ratis/2896fb55-a264-4caf-bb49-f3715b7b99dc close()
2019-09-20 04:49:22,692 [pool-284-thread-1] INFO  storage.RaftStorageDirectory (RaftStorageDirectory.java:analyzeStorage(246)) - The storage directory /workdir/hadoop-ozone/integration-test/target/test-dir/MiniOzoneClusterImpl-bb3956c2-c4d1-403a-b406-f8ec73b3905b/datanode-6/data/ratis/4c516ec7-4cbc-4eb4-86c7-e55084f5deeb does not exist. Creating ...
2019-09-20 04:49:22,692 [pool-273-thread-1] INFO  storage.RaftStorageDirectory (RaftStorageDirectory.java:analyzeStorage(246)) - The storage directory /workdir/hadoop-ozone/integration-test/target/test-dir/MiniOzoneClusterImpl-bb3956c2-c4d1-403a-b406-f8ec73b3905b/datanode-5/data/ratis/4c516ec7-4cbc-4eb4-86c7-e55084f5deeb does not exist. Creating ...
2019-09-20 04:49:22,692 [f4e549ee-a6fa-4eb9-8541-129d0566fdf5-SegmentedRaftLogWorker:Storage Directory /workdir/hadoop-ozone/integration-test/target/test-dir/MiniOzoneClusterImpl-bb3956c2-c4d1-403a-b406-f8ec73b3905b/datanode-1/data/ratis/d25b7440-bec0-4bb2-b353-a7a58baa9db7] INFO  segmented.SegmentedRaftLogWorker (SegmentedRaftLogWorker.java:close(228)) - f4e549ee-a6fa-4eb9-8541-129d0566fdf5-SegmentedRaftLogWorker:Storage Directory /workdir/hadoop-ozone/integration-test/target/test-dir/MiniOzoneClusterImpl-bb3956c2-c4d1-403a-b406-f8ec73b3905b/datanode-1/data/ratis/d25b7440-bec0-4bb2-b353-a7a58baa9db7 close()
2019-09-20 04:49:22,692 [3c2a6bfe-f5c5-4e23-89b0-850dab17697d:group-993ED3A05D0C:LeaderElection105] INFO  server.RaftServerConfigKeys (ConfUtils.java:logGet(43)) - raft.server.watch.element-limit = 65536 (default)
2019-09-20 04:49:22,691 [pool-262-thread-1] INFO  server.RaftServerConfigKeys (ConfUtils.java:logGet(43)) - raft.server.storage.dir = [/workdir/hadoop-ozone/integration-test/target/test-dir/MiniOzoneClusterImpl-bb3956c2-c4d1-403a-b406-f8ec73b3905b/datanode-4/data/ratis] (custom)
2019-09-20 04:49:22,691 [fdbc37f2-9e58-4bac-a5d5-a78839d012e9:group-44FF265F9AFF:LeaderElection104] INFO  server.RaftServerConfigKeys (ConfUtils.java:logGet(43)) - raft.server.watch.element-limit = 65536 (default)
2019-09-20 04:49:22,694 [3c2a6bfe-f5c5-4e23-89b0-850dab17697d:group-993ED3A05D0C:LeaderElection105] INFO  impl.RoleInfo (RoleInfo.java:updateAndGet(143)) - 3c2a6bfe-f5c5-4e23-89b0-850dab17697d: start LeaderState
2019-09-20 04:49:22,694 [pool-262-thread-1] INFO  storage.RaftStorageDirectory (RaftStorageDirectory.java:analyzeStorage(246)) - The storage directory /workdir/hadoop-ozone/integration-test/target/test-dir/MiniOzoneClusterImpl-bb3956c2-c4d1-403a-b406-f8ec73b3905b/datanode-4/data/ratis/4c516ec7-4cbc-4eb4-86c7-e55084f5deeb does not exist. Creating ...
2019-09-20 04:49:22,693 [5ea19b84-5385-4ae9-8412-c4cfa929b172-SegmentedRaftLogWorker:Storage Directory /workdir/hadoop-ozone/integration-test/target/test-dir/MiniOzoneClusterImpl-bb3956c2-c4d1-403a-b406-f8ec73b3905b/datanode-3/data/ratis/1476a581-b3a6-4053-aee0-18888425844f] INFO  impl.RoleInfo (RoleInfo.java:shutdownLeaderState(104)) - 5ea19b84-5385-4ae9-8412-c4cfa929b172: shutdown LeaderState
2019-09-20 04:49:22,694 [3c2a6bfe-f5c5-4e23-89b0-850dab17697d:group-993ED3A05D0C:LeaderElection105] INFO  segmented.SegmentedRaftLogWorker (SegmentedRaftLogWorker.java:startLogSegment(380)) - 3c2a6bfe-f5c5-4e23-89b0-850dab17697d-SegmentedRaftLogWorker:Storage Directory /workdir/hadoop-ozone/integration-test/target/test-dir/MiniOzoneClusterImpl-cd85f641-6806-455e-b969-480e50aec385/datanode-4/data/ratis/820de21a-41fa-4680-ae56-993ed3a05d0c: Starting segment from index:0
2019-09-20 04:49:22,694 [fdbc37f2-9e58-4bac-a5d5-a78839d012e9:group-44FF265F9AFF:LeaderElection104] INFO  impl.RoleInfo (RoleInfo.java:updateAndGet(143)) - fdbc37f2-9e58-4bac-a5d5-a78839d012e9: start LeaderState
2019-09-20 04:49:22,694 [5ea19b84-5385-4ae9-8412-c4cfa929b172-SegmentedRaftLogWorker:Storage Directory /workdir/hadoop-ozone/integration-test/target/test-dir/MiniOzoneClusterImpl-bb3956c2-c4d1-403a-b406-f8ec73b3905b/datanode-3/data/ratis/1476a581-b3a6-4053-aee0-18888425844f] INFO  impl.PendingRequests (PendingRequests.java:sendNotLeaderResponses(202)) - 5ea19b84-5385-4ae9-8412-c4cfa929b172-PendingRequests: sendNotLeaderResponses
2019-09-20 04:49:22,694 [fdbc37f2-9e58-4bac-a5d5-a78839d012e9:group-44FF265F9AFF:LeaderElection104] INFO  segmented.SegmentedRaftLogWorker (SegmentedRaftLogWorker.java:startLogSegment(380)) - fdbc37f2-9e58-4bac-a5d5-a78839d012e9-SegmentedRaftLogWorker:Storage Directory /workdir/hadoop-ozone/integration-test/target/test-dir/MiniOzoneClusterImpl-cd85f641-6806-455e-b969-480e50aec385/datanode-3/data/ratis/23bc1d4d-c2f1-409e-9ba6-44ff265f9aff: Starting segment from index:0
2019-09-20 04:49:22,695 [5ea19b84-5385-4ae9-8412-c4cfa929b172-SegmentedRaftLogWorker:Storage Directory /workdir/hadoop-ozone/integration-test/target/test-dir/MiniOzoneClusterImpl-bb3956c2-c4d1-403a-b406-f8ec73b3905b/datanode-3/data/ratis/1476a581-b3a6-4053-aee0-18888425844f] INFO  impl.StateMachineUpdater (StateMachineUpdater.java:stopAndJoin(115)) - StateMachineUpdater:5ea19b84-5385-4ae9-8412-c4cfa929b172:group-18888425844F: set stopIndex = -1
2019-09-20 04:49:22,954 [pool-262-thread-1] INFO  storage.RaftStorageDirectory (RaftStorageDirectory.java:tryLock(328)) - Lock on /workdir/hadoop-ozone/integration-test/target/test-dir/MiniOzoneClusterImpl-bb3956c2-c4d1-403a-b406-f8ec73b3905b/datanode-4/data/ratis/4c516ec7-4cbc-4eb4-86c7-e55084f5deeb/in_use.lock acquired by nodename 9457@pr-hdds-1569-s8kj2-2266485376
2019-09-20 04:49:22,954 [pool-273-thread-1] INFO  storage.RaftStorageDirectory (RaftStorageDirectory.java:tryLock(328)) - Lock on /workdir/hadoop-ozone/integration-test/target/test-dir/MiniOzoneClusterImpl-bb3956c2-c4d1-403a-b406-f8ec73b3905b/datanode-5/data/ratis/4c516ec7-4cbc-4eb4-86c7-e55084f5deeb/in_use.lock acquired by nodename 9457@pr-hdds-1569-s8kj2-2266485376
2019-09-20 04:49:23,194 | INFO  | SCMAudit | user=jenkins1000 | ip=192.168.36.79 | op=SEND_HEARTBEAT {datanodeUUID=8d97392c-5f4b-400a-94a1-fb61a3ebbc99, command=[]} | ret=SUCCESS |  
2019-09-20 04:49:23,194 | INFO  | SCMAudit | user=jenkins1000 | ip=192.168.36.79 | op=SEND_HEARTBEAT {datanodeUUID=1d91ad97-6666-4ee7-855a-8b5e944e7401, command=[]} | ret=SUCCESS |  
2019-09-20 04:49:23,194 | INFO  | SCMAudit | user=jenkins1000 | ip=192.168.36.79 | op=SEND_HEARTBEAT {datanodeUUID=5ea19b84-5385-4ae9-8412-c4cfa929b172, command=[]} | ret=SUCCESS |  
2019-09-20 04:49:23,194 | INFO  | SCMAudit | user=jenkins1000 | ip=192.168.36.79 | op=SEND_HEARTBEAT {datanodeUUID=2702b462-69d8-4c1b-aae1-091a21fe08b8, command=[]} | ret=SUCCESS |  
2019-09-20 04:49:23,194 | INFO  | SCMAudit | user=jenkins1000 | ip=192.168.36.79 | op=SEND_HEARTBEAT {datanodeUUID=2d6465ef-cffa-473a-a4c6-a9aa3f1a26c0, command=[]} | ret=SUCCESS |  
2019-09-20 04:49:23,194 | INFO  | SCMAudit | user=jenkins1000 | ip=192.168.36.79 | op=SEND_HEARTBEAT {datanodeUUID=ea71b9af-1075-4196-9693-aa14e10f536d, command=[]} | ret=SUCCESS |  
2019-09-20 04:49:23,194 | INFO  | SCMAudit | user=jenkins1000 | ip=192.168.36.79 | op=SEND_HEARTBEAT {datanodeUUID=bd1a845e-f2ed-4713-9516-9ccc20139040, command=[]} | ret=SUCCESS |  
2019-09-20 04:49:23,194 | INFO  | SCMAudit | user=jenkins1000 | ip=192.168.36.79 | op=SEND_HEARTBEAT {datanodeUUID=ba95d636-ac34-4b74-a102-dec8d0f377c6, command=[]} | ret=SUCCESS |  
2019-09-20 04:49:23,194 | INFO  | SCMAudit | user=jenkins1000 | ip=192.168.36.79 | op=SEND_HEARTBEAT {datanodeUUID=236eed40-dd97-4fdc-a0ae-ab99685a426b, command=[]} | ret=SUCCESS |  
2019-09-20 04:49:23,194 | INFO  | SCMAudit | user=jenkins1000 | ip=192.168.36.79 | op=SEND_HEARTBEAT {datanodeUUID=42fc6e92-fcdd-4827-b621-9fc58a3d2315, command=[]} | ret=SUCCESS |  
2019-09-20 04:49:23,195 | INFO  | SCMAudit | user=jenkins1000 | ip=192.168.36.79 | op=SEND_HEARTBEAT {datanodeUUID=dba845b8-ea76-4e09-ab03-0883d354e493, command=[]} | ret=SUCCESS |  
2019-09-20 04:49:23,195 | INFO  | SCMAudit | user=jenkins1000 | ip=192.168.36.79 | op=SEND_HEARTBEAT {datanodeUUID=c4f6294c-eda3-4afd-81f7-e69ed14da69f, command=[]} | ret=SUCCESS |  
2019-09-20 04:49:23,194 | INFO  | SCMAudit | user=jenkins1000 | ip=192.168.36.79 | op=SEND_HEARTBEAT {datanodeUUID=eaf3ecbe-c3b1-4969-ad3a-e4de7fb04f81, command=[]} | ret=SUCCESS |  
2019-09-20 04:49:23,195 | INFO  | SCMAudit | user=jenkins1000 | ip=192.168.36.79 | op=SEND_HEARTBEAT {datanodeUUID=0ad3f89e-804f-4845-89c5-5ff1a35a5dda, command=[]} | ret=SUCCESS |  
2019-09-20 04:49:23,194 | INFO  | SCMAudit | user=jenkins1000 | ip=192.168.36.79 | op=SEND_HEARTBEAT {datanodeUUID=fdbc37f2-9e58-4bac-a5d5-a78839d012e9, command=[]} | ret=SUCCESS |  
2019-09-20 04:49:23,195 | INFO  | SCMAudit | user=jenkins1000 | ip=192.168.36.79 | op=SEND_HEARTBEAT {datanodeUUID=eb30d72f-c0a8-4ecb-bfee-9120a9a6cddf, command=[]} | ret=SUCCESS |  
2019-09-20 04:49:23,194 | INFO  | SCMAudit | user=jenkins1000 | ip=192.168.36.79 | op=SEND_HEARTBEAT {datanodeUUID=3c2a6bfe-f5c5-4e23-89b0-850dab17697d, command=[]} | ret=SUCCESS |  
2019-09-20 04:49:23,195 | INFO  | SCMAudit | user=jenkins1000 | ip=192.168.36.79 | op=SEND_HEARTBEAT {datanodeUUID=68a93ad8-b6a8-44e1-8a9f-45fcc58d229a, command=[]} | ret=SUCCESS |  
2019-09-20 04:49:22,954 [pool-284-thread-1] INFO  storage.RaftStorageDirectory (RaftStorageDirectory.java:tryLock(328)) - Lock on /workdir/hadoop-ozone/integration-test/target/test-dir/MiniOzoneClusterImpl-bb3956c2-c4d1-403a-b406-f8ec73b3905b/datanode-6/data/ratis/4c516ec7-4cbc-4eb4-86c7-e55084f5deeb/in_use.lock acquired by nodename 9457@pr-hdds-1569-s8kj2-2266485376
2019-09-20 04:49:22,695 [3c2a6bfe-f5c5-4e23-89b0-850dab17697d:group-993ED3A05D0C:LeaderElection105] INFO  impl.RaftServerImpl (ServerState.java:setRaftConf(361)) - 3c2a6bfe-f5c5-4e23-89b0-850dab17697d:group-993ED3A05D0C set configuration 0: [3c2a6bfe-f5c5-4e23-89b0-850dab17697d:192.168.36.79:38430], old=null at 0
2019-09-20 04:49:23,195 [fdbc37f2-9e58-4bac-a5d5-a78839d012e9:group-44FF265F9AFF:LeaderElection104] INFO  impl.RaftServerImpl (ServerState.java:setRaftConf(361)) - fdbc37f2-9e58-4bac-a5d5-a78839d012e9:group-44FF265F9AFF set configuration 0: [fdbc37f2-9e58-4bac-a5d5-a78839d012e9:192.168.36.79:32937], old=null at 0
2019-09-20 04:49:22,955 [5ea19b84-5385-4ae9-8412-c4cfa929b172-SegmentedRaftLogWorker:Storage Directory /workdir/hadoop-ozone/integration-test/target/test-dir/MiniOzoneClusterImpl-bb3956c2-c4d1-403a-b406-f8ec73b3905b/datanode-3/data/ratis/1476a581-b3a6-4053-aee0-18888425844f] INFO  impl.RaftServerImpl (ServerState.java:close(394)) - 5ea19b84-5385-4ae9-8412-c4cfa929b172:group-18888425844F closes. The last applied log index is -1
2019-09-20 04:49:23,196 [5ea19b84-5385-4ae9-8412-c4cfa929b172-SegmentedRaftLogWorker:Storage Directory /workdir/hadoop-ozone/integration-test/target/test-dir/MiniOzoneClusterImpl-bb3956c2-c4d1-403a-b406-f8ec73b3905b/datanode-3/data/ratis/1476a581-b3a6-4053-aee0-18888425844f] INFO  segmented.SegmentedRaftLogWorker (SegmentedRaftLogWorker.java:close(228)) - 5ea19b84-5385-4ae9-8412-c4cfa929b172-SegmentedRaftLogWorker:Storage Directory /workdir/hadoop-ozone/integration-test/target/test-dir/MiniOzoneClusterImpl-bb3956c2-c4d1-403a-b406-f8ec73b3905b/datanode-3/data/ratis/1476a581-b3a6-4053-aee0-18888425844f close()
2019-09-20 04:49:23,209 [pool-273-thread-1] INFO  storage.RaftStorage (RaftStorage.java:format(72)) - Storage directory /workdir/hadoop-ozone/integration-test/target/test-dir/MiniOzoneClusterImpl-bb3956c2-c4d1-403a-b406-f8ec73b3905b/datanode-5/data/ratis/4c516ec7-4cbc-4eb4-86c7-e55084f5deeb has been successfully formatted.
2019-09-20 04:49:23,209 [pool-284-thread-1] INFO  storage.RaftStorage (RaftStorage.java:format(72)) - Storage directory /workdir/hadoop-ozone/integration-test/target/test-dir/MiniOzoneClusterImpl-bb3956c2-c4d1-403a-b406-f8ec73b3905b/datanode-6/data/ratis/4c516ec7-4cbc-4eb4-86c7-e55084f5deeb has been successfully formatted.
2019-09-20 04:49:23,210 [pool-273-thread-1] INFO  ratis.ContainerStateMachine (ContainerStateMachine.java:loadSnapshot(226)) - group-E55084F5DEEB: The snapshot info is null. Setting the last applied indexto:(t:0, i:~)
2019-09-20 04:49:23,209 [pool-262-thread-1] INFO  storage.RaftStorage (RaftStorage.java:format(72)) - Storage directory /workdir/hadoop-ozone/integration-test/target/test-dir/MiniOzoneClusterImpl-bb3956c2-c4d1-403a-b406-f8ec73b3905b/datanode-4/data/ratis/4c516ec7-4cbc-4eb4-86c7-e55084f5deeb has been successfully formatted.
2019-09-20 04:49:23,210 [pool-284-thread-1] INFO  ratis.ContainerStateMachine (ContainerStateMachine.java:loadSnapshot(226)) - group-E55084F5DEEB: The snapshot info is null. Setting the last applied indexto:(t:0, i:~)
2019-09-20 04:49:23,210 [pool-273-thread-1] INFO  server.RaftServerConfigKeys (ConfUtils.java:logGet(43)) - raft.server.leader.election.timeout = 120s (custom)
2019-09-20 04:49:23,210 [pool-284-thread-1] INFO  server.RaftServerConfigKeys (ConfUtils.java:logGet(43)) - raft.server.leader.election.timeout = 120s (custom)
2019-09-20 04:49:23,210 [pool-273-thread-1] INFO  server.RaftServerConfigKeys (ConfUtils.java:logGet(43)) - raft.server.log.use.memory = false (default)
2019-09-20 04:49:23,210 [pool-284-thread-1] INFO  server.RaftServerConfigKeys (ConfUtils.java:logGet(43)) - raft.server.log.use.memory = false (default)
2019-09-20 04:49:23,210 [pool-273-thread-1] INFO  server.RaftServerConfigKeys (ConfUtils.java:logGet(43)) - raft.server.log.purge.gap = 1000000 (custom)
2019-09-20 04:49:23,210 [pool-284-thread-1] INFO  server.RaftServerConfigKeys (ConfUtils.java:logGet(43)) - raft.server.log.purge.gap = 1000000 (custom)
2019-09-20 04:49:23,210 [pool-273-thread-1] INFO  server.RaftServerConfigKeys (ConfUtils.java:logGet(43)) - raft.server.log.appender.buffer.byte-limit = 33554432 (custom)
2019-09-20 04:49:23,210 [pool-284-thread-1] INFO  server.RaftServerConfigKeys (ConfUtils.java:logGet(43)) - raft.server.log.appender.buffer.byte-limit = 33554432 (custom)
2019-09-20 04:49:23,211 [pool-273-thread-1] INFO  server.RaftServerConfigKeys (ConfUtils.java:logGet(43)) - raft.server.log.segment.size.max = 1048576 (custom)
2019-09-20 04:49:23,211 [pool-284-thread-1] INFO  server.RaftServerConfigKeys (ConfUtils.java:logGet(43)) - raft.server.log.segment.size.max = 1048576 (custom)
2019-09-20 04:49:23,211 [pool-273-thread-1] INFO  server.RaftServerConfigKeys (ConfUtils.java:logGet(43)) - raft.server.log.segment.cache.num.max = 2 (custom)
2019-09-20 04:49:23,211 [pool-284-thread-1] INFO  server.RaftServerConfigKeys (ConfUtils.java:logGet(43)) - raft.server.log.segment.cache.num.max = 2 (custom)
2019-09-20 04:49:23,211 [pool-273-thread-1] INFO  segmented.SegmentedRaftLogWorker (SegmentedRaftLogWorker.java:<init>(172)) - new 68a93ad8-b6a8-44e1-8a9f-45fcc58d229a-SegmentedRaftLogWorker:Storage Directory /workdir/hadoop-ozone/integration-test/target/test-dir/MiniOzoneClusterImpl-bb3956c2-c4d1-403a-b406-f8ec73b3905b/datanode-5/data/ratis/4c516ec7-4cbc-4eb4-86c7-e55084f5deeb for RaftStorage:Storage Directory /workdir/hadoop-ozone/integration-test/target/test-dir/MiniOzoneClusterImpl-bb3956c2-c4d1-403a-b406-f8ec73b3905b/datanode-5/data/ratis/4c516ec7-4cbc-4eb4-86c7-e55084f5deeb
2019-09-20 04:49:23,211 [pool-284-thread-1] INFO  segmented.SegmentedRaftLogWorker (SegmentedRaftLogWorker.java:<init>(172)) - new a9bc59c4-b792-48d5-9db2-4e71770477b1-SegmentedRaftLogWorker:Storage Directory /workdir/hadoop-ozone/integration-test/target/test-dir/MiniOzoneClusterImpl-bb3956c2-c4d1-403a-b406-f8ec73b3905b/datanode-6/data/ratis/4c516ec7-4cbc-4eb4-86c7-e55084f5deeb for RaftStorage:Storage Directory /workdir/hadoop-ozone/integration-test/target/test-dir/MiniOzoneClusterImpl-bb3956c2-c4d1-403a-b406-f8ec73b3905b/datanode-6/data/ratis/4c516ec7-4cbc-4eb4-86c7-e55084f5deeb
2019-09-20 04:49:23,211 [pool-273-thread-1] INFO  server.RaftServerConfigKeys (ConfUtils.java:logGet(43)) - raft.server.log.queue.byte-limit = 2147483647 (custom)
2019-09-20 04:49:23,212 [pool-273-thread-1] INFO  server.RaftServerConfigKeys (ConfUtils.java:logGet(43)) - raft.server.log.queue.element-limit = 1024 (custom)
2019-09-20 04:49:23,212 [pool-284-thread-1] INFO  server.RaftServerConfigKeys (ConfUtils.java:logGet(43)) - raft.server.log.queue.byte-limit = 2147483647 (custom)
2019-09-20 04:49:23,212 [pool-273-thread-1] INFO  server.RaftServerConfigKeys (ConfUtils.java:logGet(43)) - raft.server.log.segment.size.max = 1048576 (custom)
2019-09-20 04:49:23,212 [pool-273-thread-1] INFO  server.RaftServerConfigKeys (ConfUtils.java:logGet(43)) - raft.server.log.preallocated.size = 16384 (custom)
2019-09-20 04:49:23,212 [pool-273-thread-1] INFO  server.RaftServerConfigKeys (ConfUtils.java:logGet(43)) - raft.server.log.write.buffer.size = 33554432 (custom)
2019-09-20 04:49:23,212 [pool-284-thread-1] INFO  server.RaftServerConfigKeys (ConfUtils.java:logGet(43)) - raft.server.log.queue.element-limit = 1024 (custom)
2019-09-20 04:49:23,212 [pool-273-thread-1] INFO  server.RaftServerConfigKeys (ConfUtils.java:logGet(43)) - raft.server.log.force.sync.num = 128 (default)
2019-09-20 04:49:23,212 [pool-273-thread-1] INFO  server.RaftServerConfigKeys (ConfUtils.java:logGet(43)) - raft.server.log.statemachine.data.sync = true (default)
2019-09-20 04:49:23,212 [pool-284-thread-1] INFO  server.RaftServerConfigKeys (ConfUtils.java:logGet(43)) - raft.server.log.segment.size.max = 1048576 (custom)
2019-09-20 04:49:23,212 [pool-273-thread-1] INFO  server.RaftServerConfigKeys (ConfUtils.java:logGet(43)) - raft.server.log.statemachine.data.sync.timeout = 10s (default)
2019-09-20 04:49:23,213 [pool-284-thread-1] INFO  server.RaftServerConfigKeys (ConfUtils.java:logGet(43)) - raft.server.log.preallocated.size = 16384 (custom)
2019-09-20 04:49:23,213 [pool-273-thread-1] INFO  server.RaftServerConfigKeys (ConfUtils.java:logGet(43)) - raft.server.log.statemachine.data.sync.timeout.retry = -1 (default)
2019-09-20 04:49:23,213 [pool-284-thread-1] INFO  server.RaftServerConfigKeys (ConfUtils.java:logGet(43)) - raft.server.log.write.buffer.size = 33554432 (custom)
2019-09-20 04:49:23,213 [pool-284-thread-1] INFO  server.RaftServerConfigKeys (ConfUtils.java:logGet(43)) - raft.server.log.force.sync.num = 128 (default)
2019-09-20 04:49:23,213 [pool-284-thread-1] INFO  server.RaftServerConfigKeys (ConfUtils.java:logGet(43)) - raft.server.log.statemachine.data.sync = true (default)
2019-09-20 04:49:23,213 [pool-273-thread-1] INFO  server.RaftServerConfigKeys (ConfUtils.java:logGet(43)) - raft.server.log.statemachine.data.caching.enabled = true (custom)
2019-09-20 04:49:23,213 [pool-284-thread-1] INFO  server.RaftServerConfigKeys (ConfUtils.java:logGet(43)) - raft.server.log.statemachine.data.sync.timeout = 10s (default)
2019-09-20 04:49:23,213 [pool-284-thread-1] INFO  server.RaftServerConfigKeys (ConfUtils.java:logGet(43)) - raft.server.log.statemachine.data.sync.timeout.retry = -1 (default)
2019-09-20 04:49:23,214 [pool-284-thread-1] INFO  server.RaftServerConfigKeys (ConfUtils.java:logGet(43)) - raft.server.log.statemachine.data.caching.enabled = true (custom)
2019-09-20 04:49:23,221 [pool-262-thread-1] INFO  ratis.ContainerStateMachine (ContainerStateMachine.java:loadSnapshot(226)) - group-E55084F5DEEB: The snapshot info is null. Setting the last applied indexto:(t:0, i:~)
2019-09-20 04:49:23,221 [pool-273-thread-1] INFO  segmented.SegmentedRaftLogWorker (SegmentedRaftLogWorker.java:lambda$new$0(132)) - 68a93ad8-b6a8-44e1-8a9f-45fcc58d229a-SegmentedRaftLogWorker:Storage Directory /workdir/hadoop-ozone/integration-test/target/test-dir/MiniOzoneClusterImpl-bb3956c2-c4d1-403a-b406-f8ec73b3905b/datanode-5/data/ratis/4c516ec7-4cbc-4eb4-86c7-e55084f5deeb: flushIndex: setUnconditionally 0 -> -1
2019-09-20 04:49:23,221 [pool-284-thread-1] INFO  segmented.SegmentedRaftLogWorker (SegmentedRaftLogWorker.java:lambda$new$0(132)) - a9bc59c4-b792-48d5-9db2-4e71770477b1-SegmentedRaftLogWorker:Storage Directory /workdir/hadoop-ozone/integration-test/target/test-dir/MiniOzoneClusterImpl-bb3956c2-c4d1-403a-b406-f8ec73b3905b/datanode-6/data/ratis/4c516ec7-4cbc-4eb4-86c7-e55084f5deeb: flushIndex: setUnconditionally 0 -> -1
2019-09-20 04:49:23,221 [pool-262-thread-1] INFO  server.RaftServerConfigKeys (ConfUtils.java:logGet(43)) - raft.server.leader.election.timeout = 120s (custom)
2019-09-20 04:49:23,221 [pool-273-thread-1] INFO  server.RaftServerConfigKeys (ConfUtils.java:logGet(43)) - raft.server.snapshot.auto.trigger.enabled = true (custom)
2019-09-20 04:49:23,221 [pool-284-thread-1] INFO  server.RaftServerConfigKeys (ConfUtils.java:logGet(43)) - raft.server.snapshot.auto.trigger.enabled = true (custom)
2019-09-20 04:49:23,221 [pool-262-thread-1] INFO  server.RaftServerConfigKeys (ConfUtils.java:logGet(43)) - raft.server.log.use.memory = false (default)
2019-09-20 04:49:23,222 [pool-284-thread-1] INFO  server.RaftServerConfigKeys (ConfUtils.java:logGet(43)) - raft.server.snapshot.auto.trigger.threshold = 10000 (custom)
2019-09-20 04:49:23,221 [pool-273-thread-1] INFO  server.RaftServerConfigKeys (ConfUtils.java:logGet(43)) - raft.server.snapshot.auto.trigger.threshold = 10000 (custom)
2019-09-20 04:49:23,222 [pool-284-thread-1] INFO  server.RaftServerConfigKeys (ConfUtils.java:logGet(43)) - raft.server.retrycache.expirytime = 600000ms (custom)
2019-09-20 04:49:23,222 [pool-262-thread-1] INFO  server.RaftServerConfigKeys (ConfUtils.java:logGet(43)) - raft.server.log.purge.gap = 1000000 (custom)
2019-09-20 04:49:23,222 [pool-273-thread-1] INFO  server.RaftServerConfigKeys (ConfUtils.java:logGet(43)) - raft.server.retrycache.expirytime = 600000ms (custom)
2019-09-20 04:49:23,222 [pool-284-thread-1] INFO  impl.RaftServerImpl (RaftServerImpl.java:start(180)) - a9bc59c4-b792-48d5-9db2-4e71770477b1: start group-E55084F5DEEB
2019-09-20 04:49:23,222 [pool-262-thread-1] INFO  server.RaftServerConfigKeys (ConfUtils.java:logGet(43)) - raft.server.log.appender.buffer.byte-limit = 33554432 (custom)
2019-09-20 04:49:23,222 [pool-284-thread-1] INFO  impl.RaftServerImpl (RaftServerImpl.java:setRole(171)) - a9bc59c4-b792-48d5-9db2-4e71770477b1:group-E55084F5DEEB changes role from null to FOLLOWER at term 0 for startAsFollower
2019-09-20 04:49:23,222 [pool-273-thread-1] INFO  impl.RaftServerImpl (RaftServerImpl.java:start(180)) - 68a93ad8-b6a8-44e1-8a9f-45fcc58d229a: start group-E55084F5DEEB
2019-09-20 04:49:23,222 [pool-284-thread-1] INFO  impl.RoleInfo (RoleInfo.java:updateAndGet(143)) - a9bc59c4-b792-48d5-9db2-4e71770477b1: start FollowerState
2019-09-20 04:49:23,222 [pool-262-thread-1] INFO  server.RaftServerConfigKeys (ConfUtils.java:logGet(43)) - raft.server.log.segment.size.max = 1048576 (custom)
2019-09-20 04:49:23,223 [pool-273-thread-1] INFO  impl.RaftServerImpl (RaftServerImpl.java:setRole(171)) - 68a93ad8-b6a8-44e1-8a9f-45fcc58d229a:group-E55084F5DEEB changes role from null to FOLLOWER at term 0 for startAsFollower
2019-09-20 04:49:23,223 [pool-262-thread-1] INFO  server.RaftServerConfigKeys (ConfUtils.java:logGet(43)) - raft.server.log.segment.cache.num.max = 2 (custom)
2019-09-20 04:49:23,223 [pool-273-thread-1] INFO  impl.RoleInfo (RoleInfo.java:updateAndGet(143)) - 68a93ad8-b6a8-44e1-8a9f-45fcc58d229a: start FollowerState
2019-09-20 04:49:23,223 [pool-284-thread-1] INFO  util.JmxRegister (JmxRegister.java:tryRegister(44)) - Successfully registered JMX Bean with object name Ratis:service=RaftServer,group=group-E55084F5DEEB,id=a9bc59c4-b792-48d5-9db2-4e71770477b1
2019-09-20 04:49:23,223 [pool-262-thread-1] INFO  segmented.SegmentedRaftLogWorker (SegmentedRaftLogWorker.java:<init>(172)) - new 0ad3f89e-804f-4845-89c5-5ff1a35a5dda-SegmentedRaftLogWorker:Storage Directory /workdir/hadoop-ozone/integration-test/target/test-dir/MiniOzoneClusterImpl-bb3956c2-c4d1-403a-b406-f8ec73b3905b/datanode-4/data/ratis/4c516ec7-4cbc-4eb4-86c7-e55084f5deeb for RaftStorage:Storage Directory /workdir/hadoop-ozone/integration-test/target/test-dir/MiniOzoneClusterImpl-bb3956c2-c4d1-403a-b406-f8ec73b3905b/datanode-4/data/ratis/4c516ec7-4cbc-4eb4-86c7-e55084f5deeb
2019-09-20 04:49:23,223 [pool-273-thread-1] INFO  util.JmxRegister (JmxRegister.java:tryRegister(44)) - Successfully registered JMX Bean with object name Ratis:service=RaftServer,group=group-E55084F5DEEB,id=68a93ad8-b6a8-44e1-8a9f-45fcc58d229a
2019-09-20 04:49:23,223 [pool-262-thread-1] INFO  server.RaftServerConfigKeys (ConfUtils.java:logGet(43)) - raft.server.log.queue.byte-limit = 2147483647 (custom)
2019-09-20 04:49:23,223 [pool-262-thread-1] INFO  server.RaftServerConfigKeys (ConfUtils.java:logGet(43)) - raft.server.log.queue.element-limit = 1024 (custom)
2019-09-20 04:49:23,223 [pool-262-thread-1] INFO  server.RaftServerConfigKeys (ConfUtils.java:logGet(43)) - raft.server.log.segment.size.max = 1048576 (custom)
2019-09-20 04:49:23,224 [pool-262-thread-1] INFO  server.RaftServerConfigKeys (ConfUtils.java:logGet(43)) - raft.server.log.preallocated.size = 16384 (custom)
2019-09-20 04:49:23,224 [pool-262-thread-1] INFO  server.RaftServerConfigKeys (ConfUtils.java:logGet(43)) - raft.server.log.write.buffer.size = 33554432 (custom)
2019-09-20 04:49:23,224 [pool-262-thread-1] INFO  server.RaftServerConfigKeys (ConfUtils.java:logGet(43)) - raft.server.log.force.sync.num = 128 (default)
2019-09-20 04:49:23,224 [pool-262-thread-1] INFO  server.RaftServerConfigKeys (ConfUtils.java:logGet(43)) - raft.server.log.statemachine.data.sync = true (default)
2019-09-20 04:49:23,224 [pool-262-thread-1] INFO  server.RaftServerConfigKeys (ConfUtils.java:logGet(43)) - raft.server.log.statemachine.data.sync.timeout = 10s (default)
2019-09-20 04:49:23,224 [pool-262-thread-1] INFO  server.RaftServerConfigKeys (ConfUtils.java:logGet(43)) - raft.server.log.statemachine.data.sync.timeout.retry = -1 (default)
2019-09-20 04:49:23,224 [pool-262-thread-1] INFO  server.RaftServerConfigKeys (ConfUtils.java:logGet(43)) - raft.server.log.statemachine.data.caching.enabled = true (custom)
2019-09-20 04:49:23,224 [pool-262-thread-1] INFO  segmented.SegmentedRaftLogWorker (SegmentedRaftLogWorker.java:lambda$new$0(132)) - 0ad3f89e-804f-4845-89c5-5ff1a35a5dda-SegmentedRaftLogWorker:Storage Directory /workdir/hadoop-ozone/integration-test/target/test-dir/MiniOzoneClusterImpl-bb3956c2-c4d1-403a-b406-f8ec73b3905b/datanode-4/data/ratis/4c516ec7-4cbc-4eb4-86c7-e55084f5deeb: flushIndex: setUnconditionally 0 -> -1
2019-09-20 04:49:23,225 [pool-262-thread-1] INFO  server.RaftServerConfigKeys (ConfUtils.java:logGet(43)) - raft.server.snapshot.auto.trigger.enabled = true (custom)
2019-09-20 04:49:23,225 [pool-262-thread-1] INFO  server.RaftServerConfigKeys (ConfUtils.java:logGet(43)) - raft.server.snapshot.auto.trigger.threshold = 10000 (custom)
2019-09-20 04:49:23,225 [pool-262-thread-1] INFO  server.RaftServerConfigKeys (ConfUtils.java:logGet(43)) - raft.server.retrycache.expirytime = 600000ms (custom)
2019-09-20 04:49:23,225 [pool-262-thread-1] INFO  impl.RaftServerImpl (RaftServerImpl.java:start(180)) - 0ad3f89e-804f-4845-89c5-5ff1a35a5dda: start group-E55084F5DEEB
2019-09-20 04:49:23,225 [pool-262-thread-1] INFO  impl.RaftServerImpl (RaftServerImpl.java:setRole(171)) - 0ad3f89e-804f-4845-89c5-5ff1a35a5dda:group-E55084F5DEEB changes role from null to FOLLOWER at term 0 for startAsFollower
2019-09-20 04:49:23,225 [pool-262-thread-1] INFO  impl.RoleInfo (RoleInfo.java:updateAndGet(143)) - 0ad3f89e-804f-4845-89c5-5ff1a35a5dda: start FollowerState
2019-09-20 04:49:23,225 [pool-262-thread-1] INFO  util.JmxRegister (JmxRegister.java:tryRegister(44)) - Successfully registered JMX Bean with object name Ratis:service=RaftServer,group=group-E55084F5DEEB,id=0ad3f89e-804f-4845-89c5-5ff1a35a5dda
2019-09-20 04:49:23,227 [RatisPipelineUtilsThread] INFO  pipeline.PipelineStateManager (PipelineStateManager.java:addPipeline(56)) - Created pipeline Pipeline[ Id: 4c516ec7-4cbc-4eb4-86c7-e55084f5deeb, Nodes: 68a93ad8-b6a8-44e1-8a9f-45fcc58d229a{ip: 192.168.36.79, host: pr-hdds-1569-s8kj2-2266485376, networkLocation: /default-rack, certSerialId: null}0ad3f89e-804f-4845-89c5-5ff1a35a5dda{ip: 192.168.36.79, host: pr-hdds-1569-s8kj2-2266485376, networkLocation: /default-rack, certSerialId: null}a9bc59c4-b792-48d5-9db2-4e71770477b1{ip: 192.168.36.79, host: pr-hdds-1569-s8kj2-2266485376, networkLocation: /default-rack, certSerialId: null}, Type:RATIS, Factor:THREE, State:OPEN]
2019-09-20 04:49:23,227 [RatisPipelineUtilsThread] INFO  pipeline.PipelinePlacementPolicy (PipelinePlacementPolicy.java:meetCriteria(91)) - Pipeline Placement: Doesn't meet the criteria to be viable node： 8538cd65-7926-426b-8bad-fbd0f0550f9a Heaviness: 6 limit: 5
2019-09-20 04:49:23,227 [RatisPipelineUtilsThread] INFO  pipeline.PipelinePlacementPolicy (PipelinePlacementPolicy.java:meetCriteria(91)) - Pipeline Placement: Doesn't meet the criteria to be viable node： f4e549ee-a6fa-4eb9-8541-129d0566fdf5 Heaviness: 6 limit: 5
2019-09-20 04:49:23,228 [RatisPipelineUtilsThread] INFO  pipeline.PipelinePlacementPolicy (PipelinePlacementPolicy.java:meetCriteria(91)) - Pipeline Placement: Doesn't meet the criteria to be viable node： eb30d72f-c0a8-4ecb-bfee-9120a9a6cddf Heaviness: 6 limit: 5
2019-09-20 04:49:23,228 [RatisPipelineUtilsThread] INFO  pipeline.PipelinePlacementPolicy (PipelinePlacementPolicy.java:meetCriteria(91)) - Pipeline Placement: Doesn't meet the criteria to be viable node： 5ea19b84-5385-4ae9-8412-c4cfa929b172 Heaviness: 6 limit: 5
2019-09-20 04:49:23,241 [grpc-default-executor-2] INFO  impl.RaftServerProxy (RaftServerProxy.java:addNew(89)) - 0ad3f89e-804f-4845-89c5-5ff1a35a5dda: addNew group-114A3AF35C6C:[0ad3f89e-804f-4845-89c5-5ff1a35a5dda:192.168.36.79:34659, 68a93ad8-b6a8-44e1-8a9f-45fcc58d229a:192.168.36.79:39410, a9bc59c4-b792-48d5-9db2-4e71770477b1:192.168.36.79:46574] returns group-114A3AF35C6C:java.util.concurrent.CompletableFuture@2a3b3a04[Not completed]
2019-09-20 04:49:23,245 [grpc-default-executor-0] INFO  impl.RaftServerProxy (RaftServerProxy.java:addNew(89)) - a9bc59c4-b792-48d5-9db2-4e71770477b1: addNew group-114A3AF35C6C:[0ad3f89e-804f-4845-89c5-5ff1a35a5dda:192.168.36.79:34659, 68a93ad8-b6a8-44e1-8a9f-45fcc58d229a:192.168.36.79:39410, a9bc59c4-b792-48d5-9db2-4e71770477b1:192.168.36.79:46574] returns group-114A3AF35C6C:java.util.concurrent.CompletableFuture@59ccfbb6[Not completed]
2019-09-20 04:49:23,246 [grpc-default-executor-1] INFO  impl.RaftServerProxy (RaftServerProxy.java:addNew(89)) - 68a93ad8-b6a8-44e1-8a9f-45fcc58d229a: addNew group-114A3AF35C6C:[0ad3f89e-804f-4845-89c5-5ff1a35a5dda:192.168.36.79:34659, 68a93ad8-b6a8-44e1-8a9f-45fcc58d229a:192.168.36.79:39410, a9bc59c4-b792-48d5-9db2-4e71770477b1:192.168.36.79:46574] returns group-114A3AF35C6C:java.util.concurrent.CompletableFuture@313efdae[Not completed]
2019-09-20 04:49:23,246 [pool-262-thread-1] INFO  impl.RaftServerImpl (RaftServerImpl.java:<init>(93)) - 0ad3f89e-804f-4845-89c5-5ff1a35a5dda: new RaftServerImpl for group-114A3AF35C6C:[0ad3f89e-804f-4845-89c5-5ff1a35a5dda:192.168.36.79:34659, 68a93ad8-b6a8-44e1-8a9f-45fcc58d229a:192.168.36.79:39410, a9bc59c4-b792-48d5-9db2-4e71770477b1:192.168.36.79:46574] with ContainerStateMachine:uninitialized
2019-09-20 04:49:23,246 [pool-262-thread-1] INFO  server.RaftServerConfigKeys (ConfUtils.java:logGet(43)) - raft.server.rpc.timeout.min = 5s (custom)
2019-09-20 04:49:23,246 [pool-262-thread-1] INFO  server.RaftServerConfigKeys (ConfUtils.java:logGet(43)) - raft.server.rpc.timeout.max = 5200ms (custom)
2019-09-20 04:49:23,246 [pool-262-thread-1] INFO  server.RaftServerConfigKeys (ConfUtils.java:logGet(43)) - raft.server.rpcslowness.timeout = 120s (custom)
2019-09-20 04:49:23,246 [pool-262-thread-1] INFO  server.RaftServerConfigKeys (ConfUtils.java:logGet(43)) - raft.server.sleep.deviation.threshold = 300 (default)
2019-09-20 04:49:23,247 [pool-262-thread-1] INFO  server.RaftServerConfigKeys (ConfUtils.java:logGet(43)) - raft.server.log.appender.install.snapshot.enabled = false (custom)
2019-09-20 04:49:23,247 [pool-284-thread-1] INFO  impl.RaftServerImpl (RaftServerImpl.java:<init>(93)) - a9bc59c4-b792-48d5-9db2-4e71770477b1: new RaftServerImpl for group-114A3AF35C6C:[0ad3f89e-804f-4845-89c5-5ff1a35a5dda:192.168.36.79:34659, 68a93ad8-b6a8-44e1-8a9f-45fcc58d229a:192.168.36.79:39410, a9bc59c4-b792-48d5-9db2-4e71770477b1:192.168.36.79:46574] with ContainerStateMachine:uninitialized
2019-09-20 04:49:23,247 [pool-262-thread-1] INFO  impl.RaftServerImpl (ServerState.java:<init>(105)) - 0ad3f89e-804f-4845-89c5-5ff1a35a5dda:group-114A3AF35C6C ConfigurationManager, init=-1: [0ad3f89e-804f-4845-89c5-5ff1a35a5dda:192.168.36.79:34659, 68a93ad8-b6a8-44e1-8a9f-45fcc58d229a:192.168.36.79:39410, a9bc59c4-b792-48d5-9db2-4e71770477b1:192.168.36.79:46574], old=null, confs=<EMPTY_MAP>
2019-09-20 04:49:23,247 [pool-284-thread-1] INFO  server.RaftServerConfigKeys (ConfUtils.java:logGet(43)) - raft.server.rpc.timeout.min = 5s (custom)
2019-09-20 04:49:23,247 [pool-262-thread-1] INFO  server.RaftServerConfigKeys (ConfUtils.java:logGet(43)) - raft.server.storage.dir = [/workdir/hadoop-ozone/integration-test/target/test-dir/MiniOzoneClusterImpl-bb3956c2-c4d1-403a-b406-f8ec73b3905b/datanode-4/data/ratis] (custom)
2019-09-20 04:49:23,247 [pool-284-thread-1] INFO  server.RaftServerConfigKeys (ConfUtils.java:logGet(43)) - raft.server.rpc.timeout.max = 5200ms (custom)
2019-09-20 04:49:23,247 [pool-273-thread-1] INFO  impl.RaftServerImpl (RaftServerImpl.java:<init>(93)) - 68a93ad8-b6a8-44e1-8a9f-45fcc58d229a: new RaftServerImpl for group-114A3AF35C6C:[0ad3f89e-804f-4845-89c5-5ff1a35a5dda:192.168.36.79:34659, 68a93ad8-b6a8-44e1-8a9f-45fcc58d229a:192.168.36.79:39410, a9bc59c4-b792-48d5-9db2-4e71770477b1:192.168.36.79:46574] with ContainerStateMachine:uninitialized
2019-09-20 04:49:23,247 [pool-284-thread-1] INFO  server.RaftServerConfigKeys (ConfUtils.java:logGet(43)) - raft.server.rpcslowness.timeout = 120s (custom)
2019-09-20 04:49:23,247 [pool-273-thread-1] INFO  server.RaftServerConfigKeys (ConfUtils.java:logGet(43)) - raft.server.rpc.timeout.min = 5s (custom)
2019-09-20 04:49:23,247 [pool-262-thread-1] INFO  storage.RaftStorageDirectory (RaftStorageDirectory.java:analyzeStorage(246)) - The storage directory /workdir/hadoop-ozone/integration-test/target/test-dir/MiniOzoneClusterImpl-bb3956c2-c4d1-403a-b406-f8ec73b3905b/datanode-4/data/ratis/bb305e63-9f98-4cfd-991d-114a3af35c6c does not exist. Creating ...
2019-09-20 04:49:23,247 [pool-273-thread-1] INFO  server.RaftServerConfigKeys (ConfUtils.java:logGet(43)) - raft.server.rpc.timeout.max = 5200ms (custom)
2019-09-20 04:49:23,247 [pool-284-thread-1] INFO  server.RaftServerConfigKeys (ConfUtils.java:logGet(43)) - raft.server.sleep.deviation.threshold = 300 (default)
2019-09-20 04:49:23,247 [pool-273-thread-1] INFO  server.RaftServerConfigKeys (ConfUtils.java:logGet(43)) - raft.server.rpcslowness.timeout = 120s (custom)
2019-09-20 04:49:23,248 [pool-284-thread-1] INFO  server.RaftServerConfigKeys (ConfUtils.java:logGet(43)) - raft.server.log.appender.install.snapshot.enabled = false (custom)
2019-09-20 04:49:23,248 [pool-273-thread-1] INFO  server.RaftServerConfigKeys (ConfUtils.java:logGet(43)) - raft.server.sleep.deviation.threshold = 300 (default)
2019-09-20 04:49:23,248 [pool-284-thread-1] INFO  impl.RaftServerImpl (ServerState.java:<init>(105)) - a9bc59c4-b792-48d5-9db2-4e71770477b1:group-114A3AF35C6C ConfigurationManager, init=-1: [0ad3f89e-804f-4845-89c5-5ff1a35a5dda:192.168.36.79:34659, 68a93ad8-b6a8-44e1-8a9f-45fcc58d229a:192.168.36.79:39410, a9bc59c4-b792-48d5-9db2-4e71770477b1:192.168.36.79:46574], old=null, confs=<EMPTY_MAP>
2019-09-20 04:49:23,248 [pool-273-thread-1] INFO  server.RaftServerConfigKeys (ConfUtils.java:logGet(43)) - raft.server.log.appender.install.snapshot.enabled = false (custom)
2019-09-20 04:49:23,248 [pool-284-thread-1] INFO  server.RaftServerConfigKeys (ConfUtils.java:logGet(43)) - raft.server.storage.dir = [/workdir/hadoop-ozone/integration-test/target/test-dir/MiniOzoneClusterImpl-bb3956c2-c4d1-403a-b406-f8ec73b3905b/datanode-6/data/ratis] (custom)
2019-09-20 04:49:23,248 [pool-273-thread-1] INFO  impl.RaftServerImpl (ServerState.java:<init>(105)) - 68a93ad8-b6a8-44e1-8a9f-45fcc58d229a:group-114A3AF35C6C ConfigurationManager, init=-1: [0ad3f89e-804f-4845-89c5-5ff1a35a5dda:192.168.36.79:34659, 68a93ad8-b6a8-44e1-8a9f-45fcc58d229a:192.168.36.79:39410, a9bc59c4-b792-48d5-9db2-4e71770477b1:192.168.36.79:46574], old=null, confs=<EMPTY_MAP>
2019-09-20 04:49:23,248 [pool-273-thread-1] INFO  server.RaftServerConfigKeys (ConfUtils.java:logGet(43)) - raft.server.storage.dir = [/workdir/hadoop-ozone/integration-test/target/test-dir/MiniOzoneClusterImpl-bb3956c2-c4d1-403a-b406-f8ec73b3905b/datanode-5/data/ratis] (custom)
2019-09-20 04:49:23,248 [pool-284-thread-1] INFO  storage.RaftStorageDirectory (RaftStorageDirectory.java:analyzeStorage(246)) - The storage directory /workdir/hadoop-ozone/integration-test/target/test-dir/MiniOzoneClusterImpl-bb3956c2-c4d1-403a-b406-f8ec73b3905b/datanode-6/data/ratis/bb305e63-9f98-4cfd-991d-114a3af35c6c does not exist. Creating ...
2019-09-20 04:49:23,248 [pool-273-thread-1] INFO  storage.RaftStorageDirectory (RaftStorageDirectory.java:analyzeStorage(246)) - The storage directory /workdir/hadoop-ozone/integration-test/target/test-dir/MiniOzoneClusterImpl-bb3956c2-c4d1-403a-b406-f8ec73b3905b/datanode-5/data/ratis/bb305e63-9f98-4cfd-991d-114a3af35c6c does not exist. Creating ...
2019-09-20 04:49:23,274 [pool-262-thread-1] INFO  storage.RaftStorageDirectory (RaftStorageDirectory.java:tryLock(328)) - Lock on /workdir/hadoop-ozone/integration-test/target/test-dir/MiniOzoneClusterImpl-bb3956c2-c4d1-403a-b406-f8ec73b3905b/datanode-4/data/ratis/bb305e63-9f98-4cfd-991d-114a3af35c6c/in_use.lock acquired by nodename 9457@pr-hdds-1569-s8kj2-2266485376
2019-09-20 04:49:23,274 [pool-273-thread-1] INFO  storage.RaftStorageDirectory (RaftStorageDirectory.java:tryLock(328)) - Lock on /workdir/hadoop-ozone/integration-test/target/test-dir/MiniOzoneClusterImpl-bb3956c2-c4d1-403a-b406-f8ec73b3905b/datanode-5/data/ratis/bb305e63-9f98-4cfd-991d-114a3af35c6c/in_use.lock acquired by nodename 9457@pr-hdds-1569-s8kj2-2266485376
2019-09-20 04:49:23,274 [pool-284-thread-1] INFO  storage.RaftStorageDirectory (RaftStorageDirectory.java:tryLock(328)) - Lock on /workdir/hadoop-ozone/integration-test/target/test-dir/MiniOzoneClusterImpl-bb3956c2-c4d1-403a-b406-f8ec73b3905b/datanode-6/data/ratis/bb305e63-9f98-4cfd-991d-114a3af35c6c/in_use.lock acquired by nodename 9457@pr-hdds-1569-s8kj2-2266485376
2019-09-20 04:49:23,290 [pool-273-thread-1] INFO  storage.RaftStorage (RaftStorage.java:format(72)) - Storage directory /workdir/hadoop-ozone/integration-test/target/test-dir/MiniOzoneClusterImpl-bb3956c2-c4d1-403a-b406-f8ec73b3905b/datanode-5/data/ratis/bb305e63-9f98-4cfd-991d-114a3af35c6c has been successfully formatted.
2019-09-20 04:49:23,290 [pool-284-thread-1] INFO  storage.RaftStorage (RaftStorage.java:format(72)) - Storage directory /workdir/hadoop-ozone/integration-test/target/test-dir/MiniOzoneClusterImpl-bb3956c2-c4d1-403a-b406-f8ec73b3905b/datanode-6/data/ratis/bb305e63-9f98-4cfd-991d-114a3af35c6c has been successfully formatted.
2019-09-20 04:49:23,290 [pool-262-thread-1] INFO  storage.RaftStorage (RaftStorage.java:format(72)) - Storage directory /workdir/hadoop-ozone/integration-test/target/test-dir/MiniOzoneClusterImpl-bb3956c2-c4d1-403a-b406-f8ec73b3905b/datanode-4/data/ratis/bb305e63-9f98-4cfd-991d-114a3af35c6c has been successfully formatted.
2019-09-20 04:49:23,290 [pool-273-thread-1] INFO  ratis.ContainerStateMachine (ContainerStateMachine.java:loadSnapshot(226)) - group-114A3AF35C6C: The snapshot info is null. Setting the last applied indexto:(t:0, i:~)
2019-09-20 04:49:23,291 [pool-284-thread-1] INFO  ratis.ContainerStateMachine (ContainerStateMachine.java:loadSnapshot(226)) - group-114A3AF35C6C: The snapshot info is null. Setting the last applied indexto:(t:0, i:~)
2019-09-20 04:49:23,291 [pool-262-thread-1] INFO  ratis.ContainerStateMachine (ContainerStateMachine.java:loadSnapshot(226)) - group-114A3AF35C6C: The snapshot info is null. Setting the last applied indexto:(t:0, i:~)
2019-09-20 04:49:23,291 [pool-273-thread-1] INFO  server.RaftServerConfigKeys (ConfUtils.java:logGet(43)) - raft.server.leader.election.timeout = 120s (custom)
2019-09-20 04:49:23,291 [pool-262-thread-1] INFO  server.RaftServerConfigKeys (ConfUtils.java:logGet(43)) - raft.server.leader.election.timeout = 120s (custom)
2019-09-20 04:49:23,291 [pool-284-thread-1] INFO  server.RaftServerConfigKeys (ConfUtils.java:logGet(43)) - raft.server.leader.election.timeout = 120s (custom)
2019-09-20 04:49:23,291 [pool-262-thread-1] INFO  server.RaftServerConfigKeys (ConfUtils.java:logGet(43)) - raft.server.log.use.memory = false (default)
2019-09-20 04:49:23,291 [pool-273-thread-1] INFO  server.RaftServerConfigKeys (ConfUtils.java:logGet(43)) - raft.server.log.use.memory = false (default)
2019-09-20 04:49:23,291 [pool-262-thread-1] INFO  server.RaftServerConfigKeys (ConfUtils.java:logGet(43)) - raft.server.log.purge.gap = 1000000 (custom)
2019-09-20 04:49:23,291 [pool-284-thread-1] INFO  server.RaftServerConfigKeys (ConfUtils.java:logGet(43)) - raft.server.log.use.memory = false (default)
2019-09-20 04:49:23,291 [pool-262-thread-1] INFO  server.RaftServerConfigKeys (ConfUtils.java:logGet(43)) - raft.server.log.appender.buffer.byte-limit = 33554432 (custom)
2019-09-20 04:49:23,291 [pool-273-thread-1] INFO  server.RaftServerConfigKeys (ConfUtils.java:logGet(43)) - raft.server.log.purge.gap = 1000000 (custom)
2019-09-20 04:49:23,292 [pool-262-thread-1] INFO  server.RaftServerConfigKeys (ConfUtils.java:logGet(43)) - raft.server.log.segment.size.max = 1048576 (custom)
2019-09-20 04:49:23,291 [pool-284-thread-1] INFO  server.RaftServerConfigKeys (ConfUtils.java:logGet(43)) - raft.server.log.purge.gap = 1000000 (custom)
2019-09-20 04:49:23,292 [pool-262-thread-1] INFO  server.RaftServerConfigKeys (ConfUtils.java:logGet(43)) - raft.server.log.segment.cache.num.max = 2 (custom)
2019-09-20 04:49:23,292 [pool-273-thread-1] INFO  server.RaftServerConfigKeys (ConfUtils.java:logGet(43)) - raft.server.log.appender.buffer.byte-limit = 33554432 (custom)
2019-09-20 04:49:23,292 [pool-262-thread-1] INFO  segmented.SegmentedRaftLogWorker (SegmentedRaftLogWorker.java:<init>(172)) - new 0ad3f89e-804f-4845-89c5-5ff1a35a5dda-SegmentedRaftLogWorker:Storage Directory /workdir/hadoop-ozone/integration-test/target/test-dir/MiniOzoneClusterImpl-bb3956c2-c4d1-403a-b406-f8ec73b3905b/datanode-4/data/ratis/bb305e63-9f98-4cfd-991d-114a3af35c6c for RaftStorage:Storage Directory /workdir/hadoop-ozone/integration-test/target/test-dir/MiniOzoneClusterImpl-bb3956c2-c4d1-403a-b406-f8ec73b3905b/datanode-4/data/ratis/bb305e63-9f98-4cfd-991d-114a3af35c6c
2019-09-20 04:49:23,292 [pool-284-thread-1] INFO  server.RaftServerConfigKeys (ConfUtils.java:logGet(43)) - raft.server.log.appender.buffer.byte-limit = 33554432 (custom)
2019-09-20 04:49:23,292 [pool-262-thread-1] INFO  server.RaftServerConfigKeys (ConfUtils.java:logGet(43)) - raft.server.log.queue.byte-limit = 2147483647 (custom)
2019-09-20 04:49:23,292 [pool-273-thread-1] INFO  server.RaftServerConfigKeys (ConfUtils.java:logGet(43)) - raft.server.log.segment.size.max = 1048576 (custom)
2019-09-20 04:49:23,292 [pool-262-thread-1] INFO  server.RaftServerConfigKeys (ConfUtils.java:logGet(43)) - raft.server.log.queue.element-limit = 1024 (custom)
2019-09-20 04:49:23,292 [pool-284-thread-1] INFO  server.RaftServerConfigKeys (ConfUtils.java:logGet(43)) - raft.server.log.segment.size.max = 1048576 (custom)
2019-09-20 04:49:23,292 [pool-262-thread-1] INFO  server.RaftServerConfigKeys (ConfUtils.java:logGet(43)) - raft.server.log.segment.size.max = 1048576 (custom)
2019-09-20 04:49:23,292 [pool-273-thread-1] INFO  server.RaftServerConfigKeys (ConfUtils.java:logGet(43)) - raft.server.log.segment.cache.num.max = 2 (custom)
2019-09-20 04:49:23,293 [pool-262-thread-1] INFO  server.RaftServerConfigKeys (ConfUtils.java:logGet(43)) - raft.server.log.preallocated.size = 16384 (custom)
2019-09-20 04:49:23,292 [pool-284-thread-1] INFO  server.RaftServerConfigKeys (ConfUtils.java:logGet(43)) - raft.server.log.segment.cache.num.max = 2 (custom)
2019-09-20 04:49:23,293 [pool-262-thread-1] INFO  server.RaftServerConfigKeys (ConfUtils.java:logGet(43)) - raft.server.log.write.buffer.size = 33554432 (custom)
2019-09-20 04:49:23,293 [pool-273-thread-1] INFO  segmented.SegmentedRaftLogWorker (SegmentedRaftLogWorker.java:<init>(172)) - new 68a93ad8-b6a8-44e1-8a9f-45fcc58d229a-SegmentedRaftLogWorker:Storage Directory /workdir/hadoop-ozone/integration-test/target/test-dir/MiniOzoneClusterImpl-bb3956c2-c4d1-403a-b406-f8ec73b3905b/datanode-5/data/ratis/bb305e63-9f98-4cfd-991d-114a3af35c6c for RaftStorage:Storage Directory /workdir/hadoop-ozone/integration-test/target/test-dir/MiniOzoneClusterImpl-bb3956c2-c4d1-403a-b406-f8ec73b3905b/datanode-5/data/ratis/bb305e63-9f98-4cfd-991d-114a3af35c6c
2019-09-20 04:49:23,293 [pool-262-thread-1] INFO  server.RaftServerConfigKeys (ConfUtils.java:logGet(43)) - raft.server.log.force.sync.num = 128 (default)
2019-09-20 04:49:23,293 [pool-284-thread-1] INFO  segmented.SegmentedRaftLogWorker (SegmentedRaftLogWorker.java:<init>(172)) - new a9bc59c4-b792-48d5-9db2-4e71770477b1-SegmentedRaftLogWorker:Storage Directory /workdir/hadoop-ozone/integration-test/target/test-dir/MiniOzoneClusterImpl-bb3956c2-c4d1-403a-b406-f8ec73b3905b/datanode-6/data/ratis/bb305e63-9f98-4cfd-991d-114a3af35c6c for RaftStorage:Storage Directory /workdir/hadoop-ozone/integration-test/target/test-dir/MiniOzoneClusterImpl-bb3956c2-c4d1-403a-b406-f8ec73b3905b/datanode-6/data/ratis/bb305e63-9f98-4cfd-991d-114a3af35c6c
2019-09-20 04:49:23,293 [pool-262-thread-1] INFO  server.RaftServerConfigKeys (ConfUtils.java:logGet(43)) - raft.server.log.statemachine.data.sync = true (default)
2019-09-20 04:49:23,293 [pool-273-thread-1] INFO  server.RaftServerConfigKeys (ConfUtils.java:logGet(43)) - raft.server.log.queue.byte-limit = 2147483647 (custom)
2019-09-20 04:49:23,293 [pool-262-thread-1] INFO  server.RaftServerConfigKeys (ConfUtils.java:logGet(43)) - raft.server.log.statemachine.data.sync.timeout = 10s (default)
2019-09-20 04:49:23,293 [pool-284-thread-1] INFO  server.RaftServerConfigKeys (ConfUtils.java:logGet(43)) - raft.server.log.queue.byte-limit = 2147483647 (custom)
2019-09-20 04:49:23,293 [pool-262-thread-1] INFO  server.RaftServerConfigKeys (ConfUtils.java:logGet(43)) - raft.server.log.statemachine.data.sync.timeout.retry = -1 (default)
2019-09-20 04:49:23,293 [pool-273-thread-1] INFO  server.RaftServerConfigKeys (ConfUtils.java:logGet(43)) - raft.server.log.queue.element-limit = 1024 (custom)
2019-09-20 04:49:23,294 [pool-262-thread-1] INFO  server.RaftServerConfigKeys (ConfUtils.java:logGet(43)) - raft.server.log.statemachine.data.caching.enabled = true (custom)
2019-09-20 04:49:23,294 [pool-284-thread-1] INFO  server.RaftServerConfigKeys (ConfUtils.java:logGet(43)) - raft.server.log.queue.element-limit = 1024 (custom)
2019-09-20 04:49:23,294 [pool-273-thread-1] INFO  server.RaftServerConfigKeys (ConfUtils.java:logGet(43)) - raft.server.log.segment.size.max = 1048576 (custom)
2019-09-20 04:49:23,294 [pool-262-thread-1] INFO  segmented.SegmentedRaftLogWorker (SegmentedRaftLogWorker.java:lambda$new$0(132)) - 0ad3f89e-804f-4845-89c5-5ff1a35a5dda-SegmentedRaftLogWorker:Storage Directory /workdir/hadoop-ozone/integration-test/target/test-dir/MiniOzoneClusterImpl-bb3956c2-c4d1-403a-b406-f8ec73b3905b/datanode-4/data/ratis/bb305e63-9f98-4cfd-991d-114a3af35c6c: flushIndex: setUnconditionally 0 -> -1
2019-09-20 04:49:23,294 [pool-284-thread-1] INFO  server.RaftServerConfigKeys (ConfUtils.java:logGet(43)) - raft.server.log.segment.size.max = 1048576 (custom)
2019-09-20 04:49:23,294 [pool-273-thread-1] INFO  server.RaftServerConfigKeys (ConfUtils.java:logGet(43)) - raft.server.log.preallocated.size = 16384 (custom)
2019-09-20 04:49:23,294 [pool-262-thread-1] INFO  server.RaftServerConfigKeys (ConfUtils.java:logGet(43)) - raft.server.snapshot.auto.trigger.enabled = true (custom)
2019-09-20 04:49:23,294 [pool-284-thread-1] INFO  server.RaftServerConfigKeys (ConfUtils.java:logGet(43)) - raft.server.log.preallocated.size = 16384 (custom)
2019-09-20 04:49:23,294 [pool-262-thread-1] INFO  server.RaftServerConfigKeys (ConfUtils.java:logGet(43)) - raft.server.snapshot.auto.trigger.threshold = 10000 (custom)
2019-09-20 04:49:23,294 [pool-273-thread-1] INFO  server.RaftServerConfigKeys (ConfUtils.java:logGet(43)) - raft.server.log.write.buffer.size = 33554432 (custom)
2019-09-20 04:49:23,295 [pool-262-thread-1] INFO  server.RaftServerConfigKeys (ConfUtils.java:logGet(43)) - raft.server.retrycache.expirytime = 600000ms (custom)
2019-09-20 04:49:23,294 [pool-284-thread-1] INFO  server.RaftServerConfigKeys (ConfUtils.java:logGet(43)) - raft.server.log.write.buffer.size = 33554432 (custom)
2019-09-20 04:49:23,295 [pool-262-thread-1] INFO  impl.RaftServerImpl (RaftServerImpl.java:start(180)) - 0ad3f89e-804f-4845-89c5-5ff1a35a5dda: start group-114A3AF35C6C
2019-09-20 04:49:23,295 [pool-273-thread-1] INFO  server.RaftServerConfigKeys (ConfUtils.java:logGet(43)) - raft.server.log.force.sync.num = 128 (default)
2019-09-20 04:49:23,295 [pool-262-thread-1] INFO  impl.RaftServerImpl (RaftServerImpl.java:setRole(171)) - 0ad3f89e-804f-4845-89c5-5ff1a35a5dda:group-114A3AF35C6C changes role from null to FOLLOWER at term 0 for startAsFollower
2019-09-20 04:49:23,295 [pool-284-thread-1] INFO  server.RaftServerConfigKeys (ConfUtils.java:logGet(43)) - raft.server.log.force.sync.num = 128 (default)
2019-09-20 04:49:23,295 [pool-262-thread-1] INFO  impl.RoleInfo (RoleInfo.java:updateAndGet(143)) - 0ad3f89e-804f-4845-89c5-5ff1a35a5dda: start FollowerState
2019-09-20 04:49:23,295 [pool-273-thread-1] INFO  server.RaftServerConfigKeys (ConfUtils.java:logGet(43)) - raft.server.log.statemachine.data.sync = true (default)
2019-09-20 04:49:23,295 [pool-284-thread-1] INFO  server.RaftServerConfigKeys (ConfUtils.java:logGet(43)) - raft.server.log.statemachine.data.sync = true (default)
2019-09-20 04:49:23,295 [pool-273-thread-1] INFO  server.RaftServerConfigKeys (ConfUtils.java:logGet(43)) - raft.server.log.statemachine.data.sync.timeout = 10s (default)
2019-09-20 04:49:23,295 [pool-262-thread-1] INFO  util.JmxRegister (JmxRegister.java:tryRegister(44)) - Successfully registered JMX Bean with object name Ratis:service=RaftServer,group=group-114A3AF35C6C,id=0ad3f89e-804f-4845-89c5-5ff1a35a5dda
2019-09-20 04:49:23,295 [pool-284-thread-1] INFO  server.RaftServerConfigKeys (ConfUtils.java:logGet(43)) - raft.server.log.statemachine.data.sync.timeout = 10s (default)
2019-09-20 04:49:23,295 [pool-273-thread-1] INFO  server.RaftServerConfigKeys (ConfUtils.java:logGet(43)) - raft.server.log.statemachine.data.sync.timeout.retry = -1 (default)
2019-09-20 04:49:23,296 [pool-284-thread-1] INFO  server.RaftServerConfigKeys (ConfUtils.java:logGet(43)) - raft.server.log.statemachine.data.sync.timeout.retry = -1 (default)
2019-09-20 04:49:23,296 [pool-273-thread-1] INFO  server.RaftServerConfigKeys (ConfUtils.java:logGet(43)) - raft.server.log.statemachine.data.caching.enabled = true (custom)
2019-09-20 04:49:23,296 [pool-284-thread-1] INFO  server.RaftServerConfigKeys (ConfUtils.java:logGet(43)) - raft.server.log.statemachine.data.caching.enabled = true (custom)
2019-09-20 04:49:23,296 [pool-273-thread-1] INFO  segmented.SegmentedRaftLogWorker (SegmentedRaftLogWorker.java:lambda$new$0(132)) - 68a93ad8-b6a8-44e1-8a9f-45fcc58d229a-SegmentedRaftLogWorker:Storage Directory /workdir/hadoop-ozone/integration-test/target/test-dir/MiniOzoneClusterImpl-bb3956c2-c4d1-403a-b406-f8ec73b3905b/datanode-5/data/ratis/bb305e63-9f98-4cfd-991d-114a3af35c6c: flushIndex: setUnconditionally 0 -> -1
2019-09-20 04:49:23,296 [pool-284-thread-1] INFO  segmented.SegmentedRaftLogWorker (SegmentedRaftLogWorker.java:lambda$new$0(132)) - a9bc59c4-b792-48d5-9db2-4e71770477b1-SegmentedRaftLogWorker:Storage Directory /workdir/hadoop-ozone/integration-test/target/test-dir/MiniOzoneClusterImpl-bb3956c2-c4d1-403a-b406-f8ec73b3905b/datanode-6/data/ratis/bb305e63-9f98-4cfd-991d-114a3af35c6c: flushIndex: setUnconditionally 0 -> -1
2019-09-20 04:49:23,296 [pool-273-thread-1] INFO  server.RaftServerConfigKeys (ConfUtils.java:logGet(43)) - raft.server.snapshot.auto.trigger.enabled = true (custom)
2019-09-20 04:49:23,296 [pool-273-thread-1] INFO  server.RaftServerConfigKeys (ConfUtils.java:logGet(43)) - raft.server.snapshot.auto.trigger.threshold = 10000 (custom)
2019-09-20 04:49:23,296 [pool-284-thread-1] INFO  server.RaftServerConfigKeys (ConfUtils.java:logGet(43)) - raft.server.snapshot.auto.trigger.enabled = true (custom)
2019-09-20 04:49:23,296 [pool-273-thread-1] INFO  server.RaftServerConfigKeys (ConfUtils.java:logGet(43)) - raft.server.retrycache.expirytime = 600000ms (custom)
2019-09-20 04:49:23,297 [pool-284-thread-1] INFO  server.RaftServerConfigKeys (ConfUtils.java:logGet(43)) - raft.server.snapshot.auto.trigger.threshold = 10000 (custom)
2019-09-20 04:49:23,297 [pool-273-thread-1] INFO  impl.RaftServerImpl (RaftServerImpl.java:start(180)) - 68a93ad8-b6a8-44e1-8a9f-45fcc58d229a: start group-114A3AF35C6C
2019-09-20 04:49:23,297 [pool-284-thread-1] INFO  server.RaftServerConfigKeys (ConfUtils.java:logGet(43)) - raft.server.retrycache.expirytime = 600000ms (custom)
2019-09-20 04:49:23,297 [pool-273-thread-1] INFO  impl.RaftServerImpl (RaftServerImpl.java:setRole(171)) - 68a93ad8-b6a8-44e1-8a9f-45fcc58d229a:group-114A3AF35C6C changes role from null to FOLLOWER at term 0 for startAsFollower
2019-09-20 04:49:23,297 [pool-284-thread-1] INFO  impl.RaftServerImpl (RaftServerImpl.java:start(180)) - a9bc59c4-b792-48d5-9db2-4e71770477b1: start group-114A3AF35C6C
2019-09-20 04:49:23,297 [pool-273-thread-1] INFO  impl.RoleInfo (RoleInfo.java:updateAndGet(143)) - 68a93ad8-b6a8-44e1-8a9f-45fcc58d229a: start FollowerState
2019-09-20 04:49:23,297 [pool-284-thread-1] INFO  impl.RaftServerImpl (RaftServerImpl.java:setRole(171)) - a9bc59c4-b792-48d5-9db2-4e71770477b1:group-114A3AF35C6C changes role from null to FOLLOWER at term 0 for startAsFollower
2019-09-20 04:49:23,297 [pool-284-thread-1] INFO  impl.RoleInfo (RoleInfo.java:updateAndGet(143)) - a9bc59c4-b792-48d5-9db2-4e71770477b1: start FollowerState
2019-09-20 04:49:23,297 [pool-273-thread-1] INFO  util.JmxRegister (JmxRegister.java:tryRegister(44)) - Successfully registered JMX Bean with object name Ratis:service=RaftServer,group=group-114A3AF35C6C,id=68a93ad8-b6a8-44e1-8a9f-45fcc58d229a
2019-09-20 04:49:23,297 [pool-284-thread-1] INFO  util.JmxRegister (JmxRegister.java:tryRegister(44)) - Successfully registered JMX Bean with object name Ratis:service=RaftServer,group=group-114A3AF35C6C,id=a9bc59c4-b792-48d5-9db2-4e71770477b1
2019-09-20 04:49:23,300 [RatisPipelineUtilsThread] INFO  pipeline.PipelineStateManager (PipelineStateManager.java:addPipeline(56)) - Created pipeline Pipeline[ Id: bb305e63-9f98-4cfd-991d-114a3af35c6c, Nodes: 0ad3f89e-804f-4845-89c5-5ff1a35a5dda{ip: 192.168.36.79, host: pr-hdds-1569-s8kj2-2266485376, networkLocation: /default-rack, certSerialId: null}68a93ad8-b6a8-44e1-8a9f-45fcc58d229a{ip: 192.168.36.79, host: pr-hdds-1569-s8kj2-2266485376, networkLocation: /default-rack, certSerialId: null}a9bc59c4-b792-48d5-9db2-4e71770477b1{ip: 192.168.36.79, host: pr-hdds-1569-s8kj2-2266485376, networkLocation: /default-rack, certSerialId: null}, Type:RATIS, Factor:THREE, State:OPEN]
2019-09-20 04:49:23,300 [IPC Server handler 14 on 46277] INFO  pipeline.PipelinePlacementPolicy (PipelinePlacementPolicy.java:meetCriteria(91)) - Pipeline Placement: Doesn't meet the criteria to be viable node： 8538cd65-7926-426b-8bad-fbd0f0550f9a Heaviness: 6 limit: 5
2019-09-20 04:49:23,300 [IPC Server handler 14 on 46277] INFO  pipeline.PipelinePlacementPolicy (PipelinePlacementPolicy.java:meetCriteria(91)) - Pipeline Placement: Doesn't meet the criteria to be viable node： f4e549ee-a6fa-4eb9-8541-129d0566fdf5 Heaviness: 6 limit: 5
2019-09-20 04:49:23,300 [IPC Server handler 14 on 46277] INFO  pipeline.PipelinePlacementPolicy (PipelinePlacementPolicy.java:meetCriteria(91)) - Pipeline Placement: Doesn't meet the criteria to be viable node： eb30d72f-c0a8-4ecb-bfee-9120a9a6cddf Heaviness: 6 limit: 5
2019-09-20 04:49:23,300 [IPC Server handler 14 on 46277] INFO  pipeline.PipelinePlacementPolicy (PipelinePlacementPolicy.java:meetCriteria(91)) - Pipeline Placement: Doesn't meet the criteria to be viable node： 5ea19b84-5385-4ae9-8412-c4cfa929b172 Heaviness: 6 limit: 5
2019-09-20 04:49:23,305 [grpc-default-executor-2] INFO  impl.RaftServerProxy (RaftServerProxy.java:addNew(89)) - a9bc59c4-b792-48d5-9db2-4e71770477b1: addNew group-F325FBB9CFF9:[0ad3f89e-804f-4845-89c5-5ff1a35a5dda:192.168.36.79:34659, 68a93ad8-b6a8-44e1-8a9f-45fcc58d229a:192.168.36.79:39410, a9bc59c4-b792-48d5-9db2-4e71770477b1:192.168.36.79:46574] returns group-F325FBB9CFF9:java.util.concurrent.CompletableFuture@7bc5db9f[Not completed]
2019-09-20 04:49:23,305 [grpc-default-executor-1] INFO  impl.RaftServerProxy (RaftServerProxy.java:addNew(89)) - 0ad3f89e-804f-4845-89c5-5ff1a35a5dda: addNew group-F325FBB9CFF9:[0ad3f89e-804f-4845-89c5-5ff1a35a5dda:192.168.36.79:34659, 68a93ad8-b6a8-44e1-8a9f-45fcc58d229a:192.168.36.79:39410, a9bc59c4-b792-48d5-9db2-4e71770477b1:192.168.36.79:46574] returns group-F325FBB9CFF9:java.util.concurrent.CompletableFuture@6a9bc29c[Not completed]
2019-09-20 04:49:23,305 [grpc-default-executor-1] INFO  impl.RaftServerProxy (RaftServerProxy.java:addNew(89)) - 68a93ad8-b6a8-44e1-8a9f-45fcc58d229a: addNew group-F325FBB9CFF9:[0ad3f89e-804f-4845-89c5-5ff1a35a5dda:192.168.36.79:34659, 68a93ad8-b6a8-44e1-8a9f-45fcc58d229a:192.168.36.79:39410, a9bc59c4-b792-48d5-9db2-4e71770477b1:192.168.36.79:46574] returns group-F325FBB9CFF9:java.util.concurrent.CompletableFuture@5e76713[Not completed]
2019-09-20 04:49:23,305 [pool-284-thread-1] INFO  impl.RaftServerImpl (RaftServerImpl.java:<init>(93)) - a9bc59c4-b792-48d5-9db2-4e71770477b1: new RaftServerImpl for group-F325FBB9CFF9:[0ad3f89e-804f-4845-89c5-5ff1a35a5dda:192.168.36.79:34659, 68a93ad8-b6a8-44e1-8a9f-45fcc58d229a:192.168.36.79:39410, a9bc59c4-b792-48d5-9db2-4e71770477b1:192.168.36.79:46574] with ContainerStateMachine:uninitialized
2019-09-20 04:49:23,306 [pool-284-thread-1] INFO  server.RaftServerConfigKeys (ConfUtils.java:logGet(43)) - raft.server.rpc.timeout.min = 5s (custom)
2019-09-20 04:49:23,306 [pool-284-thread-1] INFO  server.RaftServerConfigKeys (ConfUtils.java:logGet(43)) - raft.server.rpc.timeout.max = 5200ms (custom)
2019-09-20 04:49:23,306 [pool-284-thread-1] INFO  server.RaftServerConfigKeys (ConfUtils.java:logGet(43)) - raft.server.rpcslowness.timeout = 120s (custom)
2019-09-20 04:49:23,306 [pool-284-thread-1] INFO  server.RaftServerConfigKeys (ConfUtils.java:logGet(43)) - raft.server.sleep.deviation.threshold = 300 (default)
2019-09-20 04:49:23,306 [pool-273-thread-1] INFO  impl.RaftServerImpl (RaftServerImpl.java:<init>(93)) - 68a93ad8-b6a8-44e1-8a9f-45fcc58d229a: new RaftServerImpl for group-F325FBB9CFF9:[0ad3f89e-804f-4845-89c5-5ff1a35a5dda:192.168.36.79:34659, 68a93ad8-b6a8-44e1-8a9f-45fcc58d229a:192.168.36.79:39410, a9bc59c4-b792-48d5-9db2-4e71770477b1:192.168.36.79:46574] with ContainerStateMachine:uninitialized
2019-09-20 04:49:23,306 [pool-284-thread-1] INFO  server.RaftServerConfigKeys (ConfUtils.java:logGet(43)) - raft.server.log.appender.install.snapshot.enabled = false (custom)
2019-09-20 04:49:23,306 [pool-273-thread-1] INFO  server.RaftServerConfigKeys (ConfUtils.java:logGet(43)) - raft.server.rpc.timeout.min = 5s (custom)
2019-09-20 04:49:23,306 [pool-284-thread-1] INFO  impl.RaftServerImpl (ServerState.java:<init>(105)) - a9bc59c4-b792-48d5-9db2-4e71770477b1:group-F325FBB9CFF9 ConfigurationManager, init=-1: [0ad3f89e-804f-4845-89c5-5ff1a35a5dda:192.168.36.79:34659, 68a93ad8-b6a8-44e1-8a9f-45fcc58d229a:192.168.36.79:39410, a9bc59c4-b792-48d5-9db2-4e71770477b1:192.168.36.79:46574], old=null, confs=<EMPTY_MAP>
2019-09-20 04:49:23,306 [pool-273-thread-1] INFO  server.RaftServerConfigKeys (ConfUtils.java:logGet(43)) - raft.server.rpc.timeout.max = 5200ms (custom)
2019-09-20 04:49:23,306 [pool-284-thread-1] INFO  server.RaftServerConfigKeys (ConfUtils.java:logGet(43)) - raft.server.storage.dir = [/workdir/hadoop-ozone/integration-test/target/test-dir/MiniOzoneClusterImpl-bb3956c2-c4d1-403a-b406-f8ec73b3905b/datanode-6/data/ratis] (custom)
2019-09-20 04:49:23,306 [pool-273-thread-1] INFO  server.RaftServerConfigKeys (ConfUtils.java:logGet(43)) - raft.server.rpcslowness.timeout = 120s (custom)
2019-09-20 04:49:23,306 [pool-273-thread-1] INFO  server.RaftServerConfigKeys (ConfUtils.java:logGet(43)) - raft.server.sleep.deviation.threshold = 300 (default)
2019-09-20 04:49:23,306 [pool-273-thread-1] INFO  server.RaftServerConfigKeys (ConfUtils.java:logGet(43)) - raft.server.log.appender.install.snapshot.enabled = false (custom)
2019-09-20 04:49:23,306 [pool-284-thread-1] INFO  storage.RaftStorageDirectory (RaftStorageDirectory.java:analyzeStorage(246)) - The storage directory /workdir/hadoop-ozone/integration-test/target/test-dir/MiniOzoneClusterImpl-bb3956c2-c4d1-403a-b406-f8ec73b3905b/datanode-6/data/ratis/f81add2d-c120-4727-80f6-f325fbb9cff9 does not exist. Creating ...
2019-09-20 04:49:23,306 [pool-262-thread-1] INFO  impl.RaftServerImpl (RaftServerImpl.java:<init>(93)) - 0ad3f89e-804f-4845-89c5-5ff1a35a5dda: new RaftServerImpl for group-F325FBB9CFF9:[0ad3f89e-804f-4845-89c5-5ff1a35a5dda:192.168.36.79:34659, 68a93ad8-b6a8-44e1-8a9f-45fcc58d229a:192.168.36.79:39410, a9bc59c4-b792-48d5-9db2-4e71770477b1:192.168.36.79:46574] with ContainerStateMachine:uninitialized
2019-09-20 04:49:23,306 [pool-273-thread-1] INFO  impl.RaftServerImpl (ServerState.java:<init>(105)) - 68a93ad8-b6a8-44e1-8a9f-45fcc58d229a:group-F325FBB9CFF9 ConfigurationManager, init=-1: [0ad3f89e-804f-4845-89c5-5ff1a35a5dda:192.168.36.79:34659, 68a93ad8-b6a8-44e1-8a9f-45fcc58d229a:192.168.36.79:39410, a9bc59c4-b792-48d5-9db2-4e71770477b1:192.168.36.79:46574], old=null, confs=<EMPTY_MAP>
2019-09-20 04:49:23,307 [pool-262-thread-1] INFO  server.RaftServerConfigKeys (ConfUtils.java:logGet(43)) - raft.server.rpc.timeout.min = 5s (custom)
2019-09-20 04:49:23,307 [pool-273-thread-1] INFO  server.RaftServerConfigKeys (ConfUtils.java:logGet(43)) - raft.server.storage.dir = [/workdir/hadoop-ozone/integration-test/target/test-dir/MiniOzoneClusterImpl-bb3956c2-c4d1-403a-b406-f8ec73b3905b/datanode-5/data/ratis] (custom)
2019-09-20 04:49:23,307 [pool-262-thread-1] INFO  server.RaftServerConfigKeys (ConfUtils.java:logGet(43)) - raft.server.rpc.timeout.max = 5200ms (custom)
2019-09-20 04:49:23,307 [pool-262-thread-1] INFO  server.RaftServerConfigKeys (ConfUtils.java:logGet(43)) - raft.server.rpcslowness.timeout = 120s (custom)
2019-09-20 04:49:23,307 [pool-273-thread-1] INFO  storage.RaftStorageDirectory (RaftStorageDirectory.java:analyzeStorage(246)) - The storage directory /workdir/hadoop-ozone/integration-test/target/test-dir/MiniOzoneClusterImpl-bb3956c2-c4d1-403a-b406-f8ec73b3905b/datanode-5/data/ratis/f81add2d-c120-4727-80f6-f325fbb9cff9 does not exist. Creating ...
2019-09-20 04:49:23,307 [pool-262-thread-1] INFO  server.RaftServerConfigKeys (ConfUtils.java:logGet(43)) - raft.server.sleep.deviation.threshold = 300 (default)
2019-09-20 04:49:23,307 [pool-262-thread-1] INFO  server.RaftServerConfigKeys (ConfUtils.java:logGet(43)) - raft.server.log.appender.install.snapshot.enabled = false (custom)
2019-09-20 04:49:23,307 [pool-262-thread-1] INFO  impl.RaftServerImpl (ServerState.java:<init>(105)) - 0ad3f89e-804f-4845-89c5-5ff1a35a5dda:group-F325FBB9CFF9 ConfigurationManager, init=-1: [0ad3f89e-804f-4845-89c5-5ff1a35a5dda:192.168.36.79:34659, 68a93ad8-b6a8-44e1-8a9f-45fcc58d229a:192.168.36.79:39410, a9bc59c4-b792-48d5-9db2-4e71770477b1:192.168.36.79:46574], old=null, confs=<EMPTY_MAP>
2019-09-20 04:49:23,307 [pool-262-thread-1] INFO  server.RaftServerConfigKeys (ConfUtils.java:logGet(43)) - raft.server.storage.dir = [/workdir/hadoop-ozone/integration-test/target/test-dir/MiniOzoneClusterImpl-bb3956c2-c4d1-403a-b406-f8ec73b3905b/datanode-4/data/ratis] (custom)
2019-09-20 04:49:23,308 [pool-262-thread-1] INFO  storage.RaftStorageDirectory (RaftStorageDirectory.java:analyzeStorage(246)) - The storage directory /workdir/hadoop-ozone/integration-test/target/test-dir/MiniOzoneClusterImpl-bb3956c2-c4d1-403a-b406-f8ec73b3905b/datanode-4/data/ratis/f81add2d-c120-4727-80f6-f325fbb9cff9 does not exist. Creating ...
2019-09-20 04:49:23,329 [pool-273-thread-1] INFO  storage.RaftStorageDirectory (RaftStorageDirectory.java:tryLock(328)) - Lock on /workdir/hadoop-ozone/integration-test/target/test-dir/MiniOzoneClusterImpl-bb3956c2-c4d1-403a-b406-f8ec73b3905b/datanode-5/data/ratis/f81add2d-c120-4727-80f6-f325fbb9cff9/in_use.lock acquired by nodename 9457@pr-hdds-1569-s8kj2-2266485376
2019-09-20 04:49:23,329 [pool-284-thread-1] INFO  storage.RaftStorageDirectory (RaftStorageDirectory.java:tryLock(328)) - Lock on /workdir/hadoop-ozone/integration-test/target/test-dir/MiniOzoneClusterImpl-bb3956c2-c4d1-403a-b406-f8ec73b3905b/datanode-6/data/ratis/f81add2d-c120-4727-80f6-f325fbb9cff9/in_use.lock acquired by nodename 9457@pr-hdds-1569-s8kj2-2266485376
2019-09-20 04:49:23,329 [pool-262-thread-1] INFO  storage.RaftStorageDirectory (RaftStorageDirectory.java:tryLock(328)) - Lock on /workdir/hadoop-ozone/integration-test/target/test-dir/MiniOzoneClusterImpl-bb3956c2-c4d1-403a-b406-f8ec73b3905b/datanode-4/data/ratis/f81add2d-c120-4727-80f6-f325fbb9cff9/in_use.lock acquired by nodename 9457@pr-hdds-1569-s8kj2-2266485376
2019-09-20 04:49:23,353 [pool-284-thread-1] INFO  storage.RaftStorage (RaftStorage.java:format(72)) - Storage directory /workdir/hadoop-ozone/integration-test/target/test-dir/MiniOzoneClusterImpl-bb3956c2-c4d1-403a-b406-f8ec73b3905b/datanode-6/data/ratis/f81add2d-c120-4727-80f6-f325fbb9cff9 has been successfully formatted.
2019-09-20 04:49:23,353 [pool-262-thread-1] INFO  storage.RaftStorage (RaftStorage.java:format(72)) - Storage directory /workdir/hadoop-ozone/integration-test/target/test-dir/MiniOzoneClusterImpl-bb3956c2-c4d1-403a-b406-f8ec73b3905b/datanode-4/data/ratis/f81add2d-c120-4727-80f6-f325fbb9cff9 has been successfully formatted.
2019-09-20 04:49:23,353 [pool-273-thread-1] INFO  storage.RaftStorage (RaftStorage.java:format(72)) - Storage directory /workdir/hadoop-ozone/integration-test/target/test-dir/MiniOzoneClusterImpl-bb3956c2-c4d1-403a-b406-f8ec73b3905b/datanode-5/data/ratis/f81add2d-c120-4727-80f6-f325fbb9cff9 has been successfully formatted.
2019-09-20 04:49:23,353 [pool-284-thread-1] INFO  ratis.ContainerStateMachine (ContainerStateMachine.java:loadSnapshot(226)) - group-F325FBB9CFF9: The snapshot info is null. Setting the last applied indexto:(t:0, i:~)
2019-09-20 04:49:23,353 [pool-273-thread-1] INFO  ratis.ContainerStateMachine (ContainerStateMachine.java:loadSnapshot(226)) - group-F325FBB9CFF9: The snapshot info is null. Setting the last applied indexto:(t:0, i:~)
2019-09-20 04:49:23,353 [pool-262-thread-1] INFO  ratis.ContainerStateMachine (ContainerStateMachine.java:loadSnapshot(226)) - group-F325FBB9CFF9: The snapshot info is null. Setting the last applied indexto:(t:0, i:~)
2019-09-20 04:49:23,353 [pool-273-thread-1] INFO  server.RaftServerConfigKeys (ConfUtils.java:logGet(43)) - raft.server.leader.election.timeout = 120s (custom)
2019-09-20 04:49:23,353 [pool-284-thread-1] INFO  server.RaftServerConfigKeys (ConfUtils.java:logGet(43)) - raft.server.leader.election.timeout = 120s (custom)
2019-09-20 04:49:23,353 [pool-273-thread-1] INFO  server.RaftServerConfigKeys (ConfUtils.java:logGet(43)) - raft.server.log.use.memory = false (default)
2019-09-20 04:49:23,353 [pool-262-thread-1] INFO  server.RaftServerConfigKeys (ConfUtils.java:logGet(43)) - raft.server.leader.election.timeout = 120s (custom)
2019-09-20 04:49:23,354 [pool-273-thread-1] INFO  server.RaftServerConfigKeys (ConfUtils.java:logGet(43)) - raft.server.log.purge.gap = 1000000 (custom)
2019-09-20 04:49:23,354 [pool-273-thread-1] INFO  server.RaftServerConfigKeys (ConfUtils.java:logGet(43)) - raft.server.log.appender.buffer.byte-limit = 33554432 (custom)
2019-09-20 04:49:23,354 [pool-284-thread-1] INFO  server.RaftServerConfigKeys (ConfUtils.java:logGet(43)) - raft.server.log.use.memory = false (default)
2019-09-20 04:49:23,354 [pool-273-thread-1] INFO  server.RaftServerConfigKeys (ConfUtils.java:logGet(43)) - raft.server.log.segment.size.max = 1048576 (custom)
2019-09-20 04:49:23,354 [pool-262-thread-1] INFO  server.RaftServerConfigKeys (ConfUtils.java:logGet(43)) - raft.server.log.use.memory = false (default)
2019-09-20 04:49:23,354 [pool-273-thread-1] INFO  server.RaftServerConfigKeys (ConfUtils.java:logGet(43)) - raft.server.log.segment.cache.num.max = 2 (custom)
2019-09-20 04:49:23,354 [pool-284-thread-1] INFO  server.RaftServerConfigKeys (ConfUtils.java:logGet(43)) - raft.server.log.purge.gap = 1000000 (custom)
2019-09-20 04:49:23,354 [pool-273-thread-1] INFO  segmented.SegmentedRaftLogWorker (SegmentedRaftLogWorker.java:<init>(172)) - new 68a93ad8-b6a8-44e1-8a9f-45fcc58d229a-SegmentedRaftLogWorker:Storage Directory /workdir/hadoop-ozone/integration-test/target/test-dir/MiniOzoneClusterImpl-bb3956c2-c4d1-403a-b406-f8ec73b3905b/datanode-5/data/ratis/f81add2d-c120-4727-80f6-f325fbb9cff9 for RaftStorage:Storage Directory /workdir/hadoop-ozone/integration-test/target/test-dir/MiniOzoneClusterImpl-bb3956c2-c4d1-403a-b406-f8ec73b3905b/datanode-5/data/ratis/f81add2d-c120-4727-80f6-f325fbb9cff9
2019-09-20 04:49:23,354 [pool-262-thread-1] INFO  server.RaftServerConfigKeys (ConfUtils.java:logGet(43)) - raft.server.log.purge.gap = 1000000 (custom)
2019-09-20 04:49:23,354 [pool-273-thread-1] INFO  server.RaftServerConfigKeys (ConfUtils.java:logGet(43)) - raft.server.log.queue.byte-limit = 2147483647 (custom)
2019-09-20 04:49:23,354 [pool-284-thread-1] INFO  server.RaftServerConfigKeys (ConfUtils.java:logGet(43)) - raft.server.log.appender.buffer.byte-limit = 33554432 (custom)
2019-09-20 04:49:23,355 [pool-273-thread-1] INFO  server.RaftServerConfigKeys (ConfUtils.java:logGet(43)) - raft.server.log.queue.element-limit = 1024 (custom)
2019-09-20 04:49:23,355 [pool-262-thread-1] INFO  server.RaftServerConfigKeys (ConfUtils.java:logGet(43)) - raft.server.log.appender.buffer.byte-limit = 33554432 (custom)
2019-09-20 04:49:23,355 [pool-273-thread-1] INFO  server.RaftServerConfigKeys (ConfUtils.java:logGet(43)) - raft.server.log.segment.size.max = 1048576 (custom)
2019-09-20 04:49:23,355 [pool-284-thread-1] INFO  server.RaftServerConfigKeys (ConfUtils.java:logGet(43)) - raft.server.log.segment.size.max = 1048576 (custom)
2019-09-20 04:49:23,355 [pool-273-thread-1] INFO  server.RaftServerConfigKeys (ConfUtils.java:logGet(43)) - raft.server.log.preallocated.size = 16384 (custom)
2019-09-20 04:49:23,355 [pool-262-thread-1] INFO  server.RaftServerConfigKeys (ConfUtils.java:logGet(43)) - raft.server.log.segment.size.max = 1048576 (custom)
2019-09-20 04:49:23,355 [pool-273-thread-1] INFO  server.RaftServerConfigKeys (ConfUtils.java:logGet(43)) - raft.server.log.write.buffer.size = 33554432 (custom)
2019-09-20 04:49:23,355 [pool-284-thread-1] INFO  server.RaftServerConfigKeys (ConfUtils.java:logGet(43)) - raft.server.log.segment.cache.num.max = 2 (custom)
2019-09-20 04:49:23,355 [pool-273-thread-1] INFO  server.RaftServerConfigKeys (ConfUtils.java:logGet(43)) - raft.server.log.force.sync.num = 128 (default)
2019-09-20 04:49:23,355 [pool-262-thread-1] INFO  server.RaftServerConfigKeys (ConfUtils.java:logGet(43)) - raft.server.log.segment.cache.num.max = 2 (custom)
2019-09-20 04:49:23,356 [pool-273-thread-1] INFO  server.RaftServerConfigKeys (ConfUtils.java:logGet(43)) - raft.server.log.statemachine.data.sync = true (default)
2019-09-20 04:49:23,355 [pool-284-thread-1] INFO  segmented.SegmentedRaftLogWorker (SegmentedRaftLogWorker.java:<init>(172)) - new a9bc59c4-b792-48d5-9db2-4e71770477b1-SegmentedRaftLogWorker:Storage Directory /workdir/hadoop-ozone/integration-test/target/test-dir/MiniOzoneClusterImpl-bb3956c2-c4d1-403a-b406-f8ec73b3905b/datanode-6/data/ratis/f81add2d-c120-4727-80f6-f325fbb9cff9 for RaftStorage:Storage Directory /workdir/hadoop-ozone/integration-test/target/test-dir/MiniOzoneClusterImpl-bb3956c2-c4d1-403a-b406-f8ec73b3905b/datanode-6/data/ratis/f81add2d-c120-4727-80f6-f325fbb9cff9
2019-09-20 04:49:23,356 [pool-273-thread-1] INFO  server.RaftServerConfigKeys (ConfUtils.java:logGet(43)) - raft.server.log.statemachine.data.sync.timeout = 10s (default)
2019-09-20 04:49:23,356 [pool-262-thread-1] INFO  segmented.SegmentedRaftLogWorker (SegmentedRaftLogWorker.java:<init>(172)) - new 0ad3f89e-804f-4845-89c5-5ff1a35a5dda-SegmentedRaftLogWorker:Storage Directory /workdir/hadoop-ozone/integration-test/target/test-dir/MiniOzoneClusterImpl-bb3956c2-c4d1-403a-b406-f8ec73b3905b/datanode-4/data/ratis/f81add2d-c120-4727-80f6-f325fbb9cff9 for RaftStorage:Storage Directory /workdir/hadoop-ozone/integration-test/target/test-dir/MiniOzoneClusterImpl-bb3956c2-c4d1-403a-b406-f8ec73b3905b/datanode-4/data/ratis/f81add2d-c120-4727-80f6-f325fbb9cff9
2019-09-20 04:49:23,356 [pool-273-thread-1] INFO  server.RaftServerConfigKeys (ConfUtils.java:logGet(43)) - raft.server.log.statemachine.data.sync.timeout.retry = -1 (default)
2019-09-20 04:49:23,356 [pool-284-thread-1] INFO  server.RaftServerConfigKeys (ConfUtils.java:logGet(43)) - raft.server.log.queue.byte-limit = 2147483647 (custom)
2019-09-20 04:49:23,356 [pool-273-thread-1] INFO  server.RaftServerConfigKeys (ConfUtils.java:logGet(43)) - raft.server.log.statemachine.data.caching.enabled = true (custom)
2019-09-20 04:49:23,356 [pool-262-thread-1] INFO  server.RaftServerConfigKeys (ConfUtils.java:logGet(43)) - raft.server.log.queue.byte-limit = 2147483647 (custom)
2019-09-20 04:49:23,356 [pool-284-thread-1] INFO  server.RaftServerConfigKeys (ConfUtils.java:logGet(43)) - raft.server.log.queue.element-limit = 1024 (custom)
2019-09-20 04:49:23,356 [pool-273-thread-1] INFO  segmented.SegmentedRaftLogWorker (SegmentedRaftLogWorker.java:lambda$new$0(132)) - 68a93ad8-b6a8-44e1-8a9f-45fcc58d229a-SegmentedRaftLogWorker:Storage Directory /workdir/hadoop-ozone/integration-test/target/test-dir/MiniOzoneClusterImpl-bb3956c2-c4d1-403a-b406-f8ec73b3905b/datanode-5/data/ratis/f81add2d-c120-4727-80f6-f325fbb9cff9: flushIndex: setUnconditionally 0 -> -1
2019-09-20 04:49:23,356 [pool-262-thread-1] INFO  server.RaftServerConfigKeys (ConfUtils.java:logGet(43)) - raft.server.log.queue.element-limit = 1024 (custom)
2019-09-20 04:49:23,357 [pool-284-thread-1] INFO  server.RaftServerConfigKeys (ConfUtils.java:logGet(43)) - raft.server.log.segment.size.max = 1048576 (custom)
2019-09-20 04:49:23,357 [pool-262-thread-1] INFO  server.RaftServerConfigKeys (ConfUtils.java:logGet(43)) - raft.server.log.segment.size.max = 1048576 (custom)
2019-09-20 04:49:23,357 [pool-273-thread-1] INFO  server.RaftServerConfigKeys (ConfUtils.java:logGet(43)) - raft.server.snapshot.auto.trigger.enabled = true (custom)
2019-09-20 04:49:23,357 [pool-262-thread-1] INFO  server.RaftServerConfigKeys (ConfUtils.java:logGet(43)) - raft.server.log.preallocated.size = 16384 (custom)
2019-09-20 04:49:23,357 [pool-284-thread-1] INFO  server.RaftServerConfigKeys (ConfUtils.java:logGet(43)) - raft.server.log.preallocated.size = 16384 (custom)
2019-09-20 04:49:23,357 [pool-262-thread-1] INFO  server.RaftServerConfigKeys (ConfUtils.java:logGet(43)) - raft.server.log.write.buffer.size = 33554432 (custom)
2019-09-20 04:49:23,357 [pool-273-thread-1] INFO  server.RaftServerConfigKeys (ConfUtils.java:logGet(43)) - raft.server.snapshot.auto.trigger.threshold = 10000 (custom)
2019-09-20 04:49:23,357 [pool-262-thread-1] INFO  server.RaftServerConfigKeys (ConfUtils.java:logGet(43)) - raft.server.log.force.sync.num = 128 (default)
2019-09-20 04:49:23,357 [pool-284-thread-1] INFO  server.RaftServerConfigKeys (ConfUtils.java:logGet(43)) - raft.server.log.write.buffer.size = 33554432 (custom)
2019-09-20 04:49:23,358 [pool-262-thread-1] INFO  server.RaftServerConfigKeys (ConfUtils.java:logGet(43)) - raft.server.log.statemachine.data.sync = true (default)
2019-09-20 04:49:23,357 [pool-273-thread-1] INFO  server.RaftServerConfigKeys (ConfUtils.java:logGet(43)) - raft.server.retrycache.expirytime = 600000ms (custom)
2019-09-20 04:49:23,358 [pool-262-thread-1] INFO  server.RaftServerConfigKeys (ConfUtils.java:logGet(43)) - raft.server.log.statemachine.data.sync.timeout = 10s (default)
2019-09-20 04:49:23,358 [pool-284-thread-1] INFO  server.RaftServerConfigKeys (ConfUtils.java:logGet(43)) - raft.server.log.force.sync.num = 128 (default)
2019-09-20 04:49:23,358 [pool-262-thread-1] INFO  server.RaftServerConfigKeys (ConfUtils.java:logGet(43)) - raft.server.log.statemachine.data.sync.timeout.retry = -1 (default)
2019-09-20 04:49:23,358 [pool-273-thread-1] INFO  impl.RaftServerImpl (RaftServerImpl.java:start(180)) - 68a93ad8-b6a8-44e1-8a9f-45fcc58d229a: start group-F325FBB9CFF9
2019-09-20 04:49:23,358 [pool-262-thread-1] INFO  server.RaftServerConfigKeys (ConfUtils.java:logGet(43)) - raft.server.log.statemachine.data.caching.enabled = true (custom)
2019-09-20 04:49:23,358 [pool-284-thread-1] INFO  server.RaftServerConfigKeys (ConfUtils.java:logGet(43)) - raft.server.log.statemachine.data.sync = true (default)
2019-09-20 04:49:23,358 [pool-273-thread-1] INFO  impl.RaftServerImpl (RaftServerImpl.java:setRole(171)) - 68a93ad8-b6a8-44e1-8a9f-45fcc58d229a:group-F325FBB9CFF9 changes role from null to FOLLOWER at term 0 for startAsFollower
2019-09-20 04:49:23,359 [pool-262-thread-1] INFO  segmented.SegmentedRaftLogWorker (SegmentedRaftLogWorker.java:lambda$new$0(132)) - 0ad3f89e-804f-4845-89c5-5ff1a35a5dda-SegmentedRaftLogWorker:Storage Directory /workdir/hadoop-ozone/integration-test/target/test-dir/MiniOzoneClusterImpl-bb3956c2-c4d1-403a-b406-f8ec73b3905b/datanode-4/data/ratis/f81add2d-c120-4727-80f6-f325fbb9cff9: flushIndex: setUnconditionally 0 -> -1
2019-09-20 04:49:23,359 [pool-284-thread-1] INFO  server.RaftServerConfigKeys (ConfUtils.java:logGet(43)) - raft.server.log.statemachine.data.sync.timeout = 10s (default)
2019-09-20 04:49:23,359 [pool-273-thread-1] INFO  impl.RoleInfo (RoleInfo.java:updateAndGet(143)) - 68a93ad8-b6a8-44e1-8a9f-45fcc58d229a: start FollowerState
2019-09-20 04:49:23,359 [pool-262-thread-1] INFO  server.RaftServerConfigKeys (ConfUtils.java:logGet(43)) - raft.server.snapshot.auto.trigger.enabled = true (custom)
2019-09-20 04:49:23,359 [pool-284-thread-1] INFO  server.RaftServerConfigKeys (ConfUtils.java:logGet(43)) - raft.server.log.statemachine.data.sync.timeout.retry = -1 (default)
2019-09-20 04:49:23,359 [pool-262-thread-1] INFO  server.RaftServerConfigKeys (ConfUtils.java:logGet(43)) - raft.server.snapshot.auto.trigger.threshold = 10000 (custom)
2019-09-20 04:49:23,359 [pool-273-thread-1] INFO  util.JmxRegister (JmxRegister.java:tryRegister(44)) - Successfully registered JMX Bean with object name Ratis:service=RaftServer,group=group-F325FBB9CFF9,id=68a93ad8-b6a8-44e1-8a9f-45fcc58d229a
2019-09-20 04:49:23,359 [pool-284-thread-1] INFO  server.RaftServerConfigKeys (ConfUtils.java:logGet(43)) - raft.server.log.statemachine.data.caching.enabled = true (custom)
2019-09-20 04:49:23,359 [pool-262-thread-1] INFO  server.RaftServerConfigKeys (ConfUtils.java:logGet(43)) - raft.server.retrycache.expirytime = 600000ms (custom)
2019-09-20 04:49:23,360 [pool-284-thread-1] INFO  segmented.SegmentedRaftLogWorker (SegmentedRaftLogWorker.java:lambda$new$0(132)) - a9bc59c4-b792-48d5-9db2-4e71770477b1-SegmentedRaftLogWorker:Storage Directory /workdir/hadoop-ozone/integration-test/target/test-dir/MiniOzoneClusterImpl-bb3956c2-c4d1-403a-b406-f8ec73b3905b/datanode-6/data/ratis/f81add2d-c120-4727-80f6-f325fbb9cff9: flushIndex: setUnconditionally 0 -> -1
2019-09-20 04:49:23,360 [pool-262-thread-1] INFO  impl.RaftServerImpl (RaftServerImpl.java:start(180)) - 0ad3f89e-804f-4845-89c5-5ff1a35a5dda: start group-F325FBB9CFF9
2019-09-20 04:49:23,360 [pool-262-thread-1] INFO  impl.RaftServerImpl (RaftServerImpl.java:setRole(171)) - 0ad3f89e-804f-4845-89c5-5ff1a35a5dda:group-F325FBB9CFF9 changes role from null to FOLLOWER at term 0 for startAsFollower
2019-09-20 04:49:23,360 [pool-284-thread-1] INFO  server.RaftServerConfigKeys (ConfUtils.java:logGet(43)) - raft.server.snapshot.auto.trigger.enabled = true (custom)
2019-09-20 04:49:23,360 [pool-262-thread-1] INFO  impl.RoleInfo (RoleInfo.java:updateAndGet(143)) - 0ad3f89e-804f-4845-89c5-5ff1a35a5dda: start FollowerState
2019-09-20 04:49:23,360 [pool-284-thread-1] INFO  server.RaftServerConfigKeys (ConfUtils.java:logGet(43)) - raft.server.snapshot.auto.trigger.threshold = 10000 (custom)
2019-09-20 04:49:23,360 [pool-284-thread-1] INFO  server.RaftServerConfigKeys (ConfUtils.java:logGet(43)) - raft.server.retrycache.expirytime = 600000ms (custom)
2019-09-20 04:49:23,360 [pool-284-thread-1] INFO  impl.RaftServerImpl (RaftServerImpl.java:start(180)) - a9bc59c4-b792-48d5-9db2-4e71770477b1: start group-F325FBB9CFF9
2019-09-20 04:49:23,360 [pool-262-thread-1] INFO  util.JmxRegister (JmxRegister.java:tryRegister(44)) - Successfully registered JMX Bean with object name Ratis:service=RaftServer,group=group-F325FBB9CFF9,id=0ad3f89e-804f-4845-89c5-5ff1a35a5dda
2019-09-20 04:49:23,361 [pool-284-thread-1] INFO  impl.RaftServerImpl (RaftServerImpl.java:setRole(171)) - a9bc59c4-b792-48d5-9db2-4e71770477b1:group-F325FBB9CFF9 changes role from null to FOLLOWER at term 0 for startAsFollower
2019-09-20 04:49:23,361 [pool-284-thread-1] INFO  impl.RoleInfo (RoleInfo.java:updateAndGet(143)) - a9bc59c4-b792-48d5-9db2-4e71770477b1: start FollowerState
2019-09-20 04:49:23,361 [pool-284-thread-1] INFO  util.JmxRegister (JmxRegister.java:tryRegister(44)) - Successfully registered JMX Bean with object name Ratis:service=RaftServer,group=group-F325FBB9CFF9,id=a9bc59c4-b792-48d5-9db2-4e71770477b1
2019-09-20 04:49:23,363 [IPC Server handler 14 on 46277] INFO  pipeline.PipelineStateManager (PipelineStateManager.java:addPipeline(56)) - Created pipeline Pipeline[ Id: f81add2d-c120-4727-80f6-f325fbb9cff9, Nodes: a9bc59c4-b792-48d5-9db2-4e71770477b1{ip: 192.168.36.79, host: pr-hdds-1569-s8kj2-2266485376, networkLocation: /default-rack, certSerialId: null}0ad3f89e-804f-4845-89c5-5ff1a35a5dda{ip: 192.168.36.79, host: pr-hdds-1569-s8kj2-2266485376, networkLocation: /default-rack, certSerialId: null}68a93ad8-b6a8-44e1-8a9f-45fcc58d229a{ip: 192.168.36.79, host: pr-hdds-1569-s8kj2-2266485376, networkLocation: /default-rack, certSerialId: null}, Type:RATIS, Factor:THREE, State:OPEN]
2019-09-20 04:49:23,369 [RatisPipelineUtilsThread] INFO  pipeline.PipelinePlacementPolicy (PipelinePlacementPolicy.java:meetCriteria(91)) - Pipeline Placement: Doesn't meet the criteria to be viable node： 8538cd65-7926-426b-8bad-fbd0f0550f9a Heaviness: 6 limit: 5
2019-09-20 04:49:23,369 [RatisPipelineUtilsThread] INFO  pipeline.PipelinePlacementPolicy (PipelinePlacementPolicy.java:meetCriteria(91)) - Pipeline Placement: Doesn't meet the criteria to be viable node： f4e549ee-a6fa-4eb9-8541-129d0566fdf5 Heaviness: 6 limit: 5
2019-09-20 04:49:23,369 [RatisPipelineUtilsThread] INFO  pipeline.PipelinePlacementPolicy (PipelinePlacementPolicy.java:meetCriteria(91)) - Pipeline Placement: Doesn't meet the criteria to be viable node： eb30d72f-c0a8-4ecb-bfee-9120a9a6cddf Heaviness: 6 limit: 5
2019-09-20 04:49:23,369 [RatisPipelineUtilsThread] INFO  pipeline.PipelinePlacementPolicy (PipelinePlacementPolicy.java:meetCriteria(91)) - Pipeline Placement: Doesn't meet the criteria to be viable node： 5ea19b84-5385-4ae9-8412-c4cfa929b172 Heaviness: 6 limit: 5
2019-09-20 04:49:23,378 [grpc-default-executor-2] INFO  impl.RaftServerProxy (RaftServerProxy.java:addNew(89)) - 0ad3f89e-804f-4845-89c5-5ff1a35a5dda: addNew group-764BB6A2AE27:[0ad3f89e-804f-4845-89c5-5ff1a35a5dda:192.168.36.79:34659, 68a93ad8-b6a8-44e1-8a9f-45fcc58d229a:192.168.36.79:39410, a9bc59c4-b792-48d5-9db2-4e71770477b1:192.168.36.79:46574] returns group-764BB6A2AE27:java.util.concurrent.CompletableFuture@6863b39[Not completed]
2019-09-20 04:49:23,378 [grpc-default-executor-1] INFO  impl.RaftServerProxy (RaftServerProxy.java:addNew(89)) - a9bc59c4-b792-48d5-9db2-4e71770477b1: addNew group-764BB6A2AE27:[0ad3f89e-804f-4845-89c5-5ff1a35a5dda:192.168.36.79:34659, 68a93ad8-b6a8-44e1-8a9f-45fcc58d229a:192.168.36.79:39410, a9bc59c4-b792-48d5-9db2-4e71770477b1:192.168.36.79:46574] returns group-764BB6A2AE27:java.util.concurrent.CompletableFuture@7e19636b[Not completed]
2019-09-20 04:49:23,387 [grpc-default-executor-0] INFO  impl.RaftServerProxy (RaftServerProxy.java:addNew(89)) - 68a93ad8-b6a8-44e1-8a9f-45fcc58d229a: addNew group-764BB6A2AE27:[0ad3f89e-804f-4845-89c5-5ff1a35a5dda:192.168.36.79:34659, 68a93ad8-b6a8-44e1-8a9f-45fcc58d229a:192.168.36.79:39410, a9bc59c4-b792-48d5-9db2-4e71770477b1:192.168.36.79:46574] returns group-764BB6A2AE27:java.util.concurrent.CompletableFuture@6a46d226[Not completed]
2019-09-20 04:49:23,389 [pool-262-thread-1] INFO  impl.RaftServerImpl (RaftServerImpl.java:<init>(93)) - 0ad3f89e-804f-4845-89c5-5ff1a35a5dda: new RaftServerImpl for group-764BB6A2AE27:[0ad3f89e-804f-4845-89c5-5ff1a35a5dda:192.168.36.79:34659, 68a93ad8-b6a8-44e1-8a9f-45fcc58d229a:192.168.36.79:39410, a9bc59c4-b792-48d5-9db2-4e71770477b1:192.168.36.79:46574] with ContainerStateMachine:uninitialized
2019-09-20 04:49:23,389 [pool-262-thread-1] INFO  server.RaftServerConfigKeys (ConfUtils.java:logGet(43)) - raft.server.rpc.timeout.min = 5s (custom)
2019-09-20 04:49:23,389 [pool-262-thread-1] INFO  server.RaftServerConfigKeys (ConfUtils.java:logGet(43)) - raft.server.rpc.timeout.max = 5200ms (custom)
2019-09-20 04:49:23,389 [pool-262-thread-1] INFO  server.RaftServerConfigKeys (ConfUtils.java:logGet(43)) - raft.server.rpcslowness.timeout = 120s (custom)
2019-09-20 04:49:23,389 [pool-262-thread-1] INFO  server.RaftServerConfigKeys (ConfUtils.java:logGet(43)) - raft.server.sleep.deviation.threshold = 300 (default)
2019-09-20 04:49:23,389 [pool-273-thread-1] INFO  impl.RaftServerImpl (RaftServerImpl.java:<init>(93)) - 68a93ad8-b6a8-44e1-8a9f-45fcc58d229a: new RaftServerImpl for group-764BB6A2AE27:[0ad3f89e-804f-4845-89c5-5ff1a35a5dda:192.168.36.79:34659, 68a93ad8-b6a8-44e1-8a9f-45fcc58d229a:192.168.36.79:39410, a9bc59c4-b792-48d5-9db2-4e71770477b1:192.168.36.79:46574] with ContainerStateMachine:uninitialized
2019-09-20 04:49:23,389 [pool-262-thread-1] INFO  server.RaftServerConfigKeys (ConfUtils.java:logGet(43)) - raft.server.log.appender.install.snapshot.enabled = false (custom)
2019-09-20 04:49:23,390 [pool-284-thread-1] INFO  impl.RaftServerImpl (RaftServerImpl.java:<init>(93)) - a9bc59c4-b792-48d5-9db2-4e71770477b1: new RaftServerImpl for group-764BB6A2AE27:[0ad3f89e-804f-4845-89c5-5ff1a35a5dda:192.168.36.79:34659, 68a93ad8-b6a8-44e1-8a9f-45fcc58d229a:192.168.36.79:39410, a9bc59c4-b792-48d5-9db2-4e71770477b1:192.168.36.79:46574] with ContainerStateMachine:uninitialized
2019-09-20 04:49:23,390 [pool-273-thread-1] INFO  server.RaftServerConfigKeys (ConfUtils.java:logGet(43)) - raft.server.rpc.timeout.min = 5s (custom)
2019-09-20 04:49:23,390 [pool-284-thread-1] INFO  server.RaftServerConfigKeys (ConfUtils.java:logGet(43)) - raft.server.rpc.timeout.min = 5s (custom)
2019-09-20 04:49:23,390 [pool-262-thread-1] INFO  impl.RaftServerImpl (ServerState.java:<init>(105)) - 0ad3f89e-804f-4845-89c5-5ff1a35a5dda:group-764BB6A2AE27 ConfigurationManager, init=-1: [0ad3f89e-804f-4845-89c5-5ff1a35a5dda:192.168.36.79:34659, 68a93ad8-b6a8-44e1-8a9f-45fcc58d229a:192.168.36.79:39410, a9bc59c4-b792-48d5-9db2-4e71770477b1:192.168.36.79:46574], old=null, confs=<EMPTY_MAP>
2019-09-20 04:49:23,390 [pool-284-thread-1] INFO  server.RaftServerConfigKeys (ConfUtils.java:logGet(43)) - raft.server.rpc.timeout.max = 5200ms (custom)
2019-09-20 04:49:23,390 [pool-262-thread-1] INFO  server.RaftServerConfigKeys (ConfUtils.java:logGet(43)) - raft.server.storage.dir = [/workdir/hadoop-ozone/integration-test/target/test-dir/MiniOzoneClusterImpl-bb3956c2-c4d1-403a-b406-f8ec73b3905b/datanode-4/data/ratis] (custom)
2019-09-20 04:49:23,390 [pool-273-thread-1] INFO  server.RaftServerConfigKeys (ConfUtils.java:logGet(43)) - raft.server.rpc.timeout.max = 5200ms (custom)
2019-09-20 04:49:23,390 [pool-284-thread-1] INFO  server.RaftServerConfigKeys (ConfUtils.java:logGet(43)) - raft.server.rpcslowness.timeout = 120s (custom)
2019-09-20 04:49:23,390 [pool-262-thread-1] INFO  storage.RaftStorageDirectory (RaftStorageDirectory.java:analyzeStorage(246)) - The storage directory /workdir/hadoop-ozone/integration-test/target/test-dir/MiniOzoneClusterImpl-bb3956c2-c4d1-403a-b406-f8ec73b3905b/datanode-4/data/ratis/8e33dccd-09d7-48b2-a488-764bb6a2ae27 does not exist. Creating ...
2019-09-20 04:49:23,390 [pool-273-thread-1] INFO  server.RaftServerConfigKeys (ConfUtils.java:logGet(43)) - raft.server.rpcslowness.timeout = 120s (custom)
2019-09-20 04:49:23,391 [pool-284-thread-1] INFO  server.RaftServerConfigKeys (ConfUtils.java:logGet(43)) - raft.server.sleep.deviation.threshold = 300 (default)
2019-09-20 04:49:23,391 [pool-273-thread-1] INFO  server.RaftServerConfigKeys (ConfUtils.java:logGet(43)) - raft.server.sleep.deviation.threshold = 300 (default)
2019-09-20 04:49:23,391 [pool-284-thread-1] INFO  server.RaftServerConfigKeys (ConfUtils.java:logGet(43)) - raft.server.log.appender.install.snapshot.enabled = false (custom)
2019-09-20 04:49:23,391 [pool-273-thread-1] INFO  server.RaftServerConfigKeys (ConfUtils.java:logGet(43)) - raft.server.log.appender.install.snapshot.enabled = false (custom)
2019-09-20 04:49:23,391 [pool-284-thread-1] INFO  impl.RaftServerImpl (ServerState.java:<init>(105)) - a9bc59c4-b792-48d5-9db2-4e71770477b1:group-764BB6A2AE27 ConfigurationManager, init=-1: [0ad3f89e-804f-4845-89c5-5ff1a35a5dda:192.168.36.79:34659, 68a93ad8-b6a8-44e1-8a9f-45fcc58d229a:192.168.36.79:39410, a9bc59c4-b792-48d5-9db2-4e71770477b1:192.168.36.79:46574], old=null, confs=<EMPTY_MAP>
2019-09-20 04:49:23,391 [pool-273-thread-1] INFO  impl.RaftServerImpl (ServerState.java:<init>(105)) - 68a93ad8-b6a8-44e1-8a9f-45fcc58d229a:group-764BB6A2AE27 ConfigurationManager, init=-1: [0ad3f89e-804f-4845-89c5-5ff1a35a5dda:192.168.36.79:34659, 68a93ad8-b6a8-44e1-8a9f-45fcc58d229a:192.168.36.79:39410, a9bc59c4-b792-48d5-9db2-4e71770477b1:192.168.36.79:46574], old=null, confs=<EMPTY_MAP>
2019-09-20 04:49:23,391 [pool-284-thread-1] INFO  server.RaftServerConfigKeys (ConfUtils.java:logGet(43)) - raft.server.storage.dir = [/workdir/hadoop-ozone/integration-test/target/test-dir/MiniOzoneClusterImpl-bb3956c2-c4d1-403a-b406-f8ec73b3905b/datanode-6/data/ratis] (custom)
2019-09-20 04:49:23,391 [pool-273-thread-1] INFO  server.RaftServerConfigKeys (ConfUtils.java:logGet(43)) - raft.server.storage.dir = [/workdir/hadoop-ozone/integration-test/target/test-dir/MiniOzoneClusterImpl-bb3956c2-c4d1-403a-b406-f8ec73b3905b/datanode-5/data/ratis] (custom)
2019-09-20 04:49:23,392 [pool-284-thread-1] INFO  storage.RaftStorageDirectory (RaftStorageDirectory.java:analyzeStorage(246)) - The storage directory /workdir/hadoop-ozone/integration-test/target/test-dir/MiniOzoneClusterImpl-bb3956c2-c4d1-403a-b406-f8ec73b3905b/datanode-6/data/ratis/8e33dccd-09d7-48b2-a488-764bb6a2ae27 does not exist. Creating ...
2019-09-20 04:49:23,392 [pool-273-thread-1] INFO  storage.RaftStorageDirectory (RaftStorageDirectory.java:analyzeStorage(246)) - The storage directory /workdir/hadoop-ozone/integration-test/target/test-dir/MiniOzoneClusterImpl-bb3956c2-c4d1-403a-b406-f8ec73b3905b/datanode-5/data/ratis/8e33dccd-09d7-48b2-a488-764bb6a2ae27 does not exist. Creating ...
2019-09-20 04:49:23,414 [pool-273-thread-1] INFO  storage.RaftStorageDirectory (RaftStorageDirectory.java:tryLock(328)) - Lock on /workdir/hadoop-ozone/integration-test/target/test-dir/MiniOzoneClusterImpl-bb3956c2-c4d1-403a-b406-f8ec73b3905b/datanode-5/data/ratis/8e33dccd-09d7-48b2-a488-764bb6a2ae27/in_use.lock acquired by nodename 9457@pr-hdds-1569-s8kj2-2266485376
2019-09-20 04:49:23,414 [pool-284-thread-1] INFO  storage.RaftStorageDirectory (RaftStorageDirectory.java:tryLock(328)) - Lock on /workdir/hadoop-ozone/integration-test/target/test-dir/MiniOzoneClusterImpl-bb3956c2-c4d1-403a-b406-f8ec73b3905b/datanode-6/data/ratis/8e33dccd-09d7-48b2-a488-764bb6a2ae27/in_use.lock acquired by nodename 9457@pr-hdds-1569-s8kj2-2266485376
2019-09-20 04:49:23,414 [pool-262-thread-1] INFO  storage.RaftStorageDirectory (RaftStorageDirectory.java:tryLock(328)) - Lock on /workdir/hadoop-ozone/integration-test/target/test-dir/MiniOzoneClusterImpl-bb3956c2-c4d1-403a-b406-f8ec73b3905b/datanode-4/data/ratis/8e33dccd-09d7-48b2-a488-764bb6a2ae27/in_use.lock acquired by nodename 9457@pr-hdds-1569-s8kj2-2266485376
2019-09-20 04:49:23,430 [pool-273-thread-1] INFO  storage.RaftStorage (RaftStorage.java:format(72)) - Storage directory /workdir/hadoop-ozone/integration-test/target/test-dir/MiniOzoneClusterImpl-bb3956c2-c4d1-403a-b406-f8ec73b3905b/datanode-5/data/ratis/8e33dccd-09d7-48b2-a488-764bb6a2ae27 has been successfully formatted.
2019-09-20 04:49:23,430 [pool-262-thread-1] INFO  storage.RaftStorage (RaftStorage.java:format(72)) - Storage directory /workdir/hadoop-ozone/integration-test/target/test-dir/MiniOzoneClusterImpl-bb3956c2-c4d1-403a-b406-f8ec73b3905b/datanode-4/data/ratis/8e33dccd-09d7-48b2-a488-764bb6a2ae27 has been successfully formatted.
2019-09-20 04:49:23,430 [pool-284-thread-1] INFO  storage.RaftStorage (RaftStorage.java:format(72)) - Storage directory /workdir/hadoop-ozone/integration-test/target/test-dir/MiniOzoneClusterImpl-bb3956c2-c4d1-403a-b406-f8ec73b3905b/datanode-6/data/ratis/8e33dccd-09d7-48b2-a488-764bb6a2ae27 has been successfully formatted.
2019-09-20 04:49:23,431 [pool-273-thread-1] INFO  ratis.ContainerStateMachine (ContainerStateMachine.java:loadSnapshot(226)) - group-764BB6A2AE27: The snapshot info is null. Setting the last applied indexto:(t:0, i:~)
2019-09-20 04:49:23,431 [pool-284-thread-1] INFO  ratis.ContainerStateMachine (ContainerStateMachine.java:loadSnapshot(226)) - group-764BB6A2AE27: The snapshot info is null. Setting the last applied indexto:(t:0, i:~)
2019-09-20 04:49:23,431 [pool-262-thread-1] INFO  ratis.ContainerStateMachine (ContainerStateMachine.java:loadSnapshot(226)) - group-764BB6A2AE27: The snapshot info is null. Setting the last applied indexto:(t:0, i:~)
2019-09-20 04:49:23,431 [pool-284-thread-1] INFO  server.RaftServerConfigKeys (ConfUtils.java:logGet(43)) - raft.server.leader.election.timeout = 120s (custom)
2019-09-20 04:49:23,431 [pool-273-thread-1] INFO  server.RaftServerConfigKeys (ConfUtils.java:logGet(43)) - raft.server.leader.election.timeout = 120s (custom)
2019-09-20 04:49:23,431 [pool-284-thread-1] INFO  server.RaftServerConfigKeys (ConfUtils.java:logGet(43)) - raft.server.log.use.memory = false (default)
2019-09-20 04:49:23,431 [pool-262-thread-1] INFO  server.RaftServerConfigKeys (ConfUtils.java:logGet(43)) - raft.server.leader.election.timeout = 120s (custom)
2019-09-20 04:49:23,431 [pool-284-thread-1] INFO  server.RaftServerConfigKeys (ConfUtils.java:logGet(43)) - raft.server.log.purge.gap = 1000000 (custom)
2019-09-20 04:49:23,431 [pool-273-thread-1] INFO  server.RaftServerConfigKeys (ConfUtils.java:logGet(43)) - raft.server.log.use.memory = false (default)
2019-09-20 04:49:23,432 [pool-284-thread-1] INFO  server.RaftServerConfigKeys (ConfUtils.java:logGet(43)) - raft.server.log.appender.buffer.byte-limit = 33554432 (custom)
2019-09-20 04:49:23,432 [pool-262-thread-1] INFO  server.RaftServerConfigKeys (ConfUtils.java:logGet(43)) - raft.server.log.use.memory = false (default)
2019-09-20 04:49:23,432 [pool-284-thread-1] INFO  server.RaftServerConfigKeys (ConfUtils.java:logGet(43)) - raft.server.log.segment.size.max = 1048576 (custom)
2019-09-20 04:49:23,432 [pool-273-thread-1] INFO  server.RaftServerConfigKeys (ConfUtils.java:logGet(43)) - raft.server.log.purge.gap = 1000000 (custom)
2019-09-20 04:49:23,432 [pool-284-thread-1] INFO  server.RaftServerConfigKeys (ConfUtils.java:logGet(43)) - raft.server.log.segment.cache.num.max = 2 (custom)
2019-09-20 04:49:23,432 [pool-262-thread-1] INFO  server.RaftServerConfigKeys (ConfUtils.java:logGet(43)) - raft.server.log.purge.gap = 1000000 (custom)
2019-09-20 04:49:23,432 [pool-284-thread-1] INFO  segmented.SegmentedRaftLogWorker (SegmentedRaftLogWorker.java:<init>(172)) - new a9bc59c4-b792-48d5-9db2-4e71770477b1-SegmentedRaftLogWorker:Storage Directory /workdir/hadoop-ozone/integration-test/target/test-dir/MiniOzoneClusterImpl-bb3956c2-c4d1-403a-b406-f8ec73b3905b/datanode-6/data/ratis/8e33dccd-09d7-48b2-a488-764bb6a2ae27 for RaftStorage:Storage Directory /workdir/hadoop-ozone/integration-test/target/test-dir/MiniOzoneClusterImpl-bb3956c2-c4d1-403a-b406-f8ec73b3905b/datanode-6/data/ratis/8e33dccd-09d7-48b2-a488-764bb6a2ae27
2019-09-20 04:49:23,432 [pool-273-thread-1] INFO  server.RaftServerConfigKeys (ConfUtils.java:logGet(43)) - raft.server.log.appender.buffer.byte-limit = 33554432 (custom)
2019-09-20 04:49:23,432 [pool-284-thread-1] INFO  server.RaftServerConfigKeys (ConfUtils.java:logGet(43)) - raft.server.log.queue.byte-limit = 2147483647 (custom)
2019-09-20 04:49:23,432 [pool-262-thread-1] INFO  server.RaftServerConfigKeys (ConfUtils.java:logGet(43)) - raft.server.log.appender.buffer.byte-limit = 33554432 (custom)
2019-09-20 04:49:23,433 [pool-284-thread-1] INFO  server.RaftServerConfigKeys (ConfUtils.java:logGet(43)) - raft.server.log.queue.element-limit = 1024 (custom)
2019-09-20 04:49:23,433 [pool-273-thread-1] INFO  server.RaftServerConfigKeys (ConfUtils.java:logGet(43)) - raft.server.log.segment.size.max = 1048576 (custom)
2019-09-20 04:49:23,433 [pool-284-thread-1] INFO  server.RaftServerConfigKeys (ConfUtils.java:logGet(43)) - raft.server.log.segment.size.max = 1048576 (custom)
2019-09-20 04:49:23,433 [pool-262-thread-1] INFO  server.RaftServerConfigKeys (ConfUtils.java:logGet(43)) - raft.server.log.segment.size.max = 1048576 (custom)
2019-09-20 04:49:23,433 [pool-284-thread-1] INFO  server.RaftServerConfigKeys (ConfUtils.java:logGet(43)) - raft.server.log.preallocated.size = 16384 (custom)
2019-09-20 04:49:23,433 [pool-273-thread-1] INFO  server.RaftServerConfigKeys (ConfUtils.java:logGet(43)) - raft.server.log.segment.cache.num.max = 2 (custom)
2019-09-20 04:49:23,433 [pool-284-thread-1] INFO  server.RaftServerConfigKeys (ConfUtils.java:logGet(43)) - raft.server.log.write.buffer.size = 33554432 (custom)
2019-09-20 04:49:23,433 [pool-262-thread-1] INFO  server.RaftServerConfigKeys (ConfUtils.java:logGet(43)) - raft.server.log.segment.cache.num.max = 2 (custom)
2019-09-20 04:49:23,433 [pool-284-thread-1] INFO  server.RaftServerConfigKeys (ConfUtils.java:logGet(43)) - raft.server.log.force.sync.num = 128 (default)
2019-09-20 04:49:23,433 [pool-273-thread-1] INFO  segmented.SegmentedRaftLogWorker (SegmentedRaftLogWorker.java:<init>(172)) - new 68a93ad8-b6a8-44e1-8a9f-45fcc58d229a-SegmentedRaftLogWorker:Storage Directory /workdir/hadoop-ozone/integration-test/target/test-dir/MiniOzoneClusterImpl-bb3956c2-c4d1-403a-b406-f8ec73b3905b/datanode-5/data/ratis/8e33dccd-09d7-48b2-a488-764bb6a2ae27 for RaftStorage:Storage Directory /workdir/hadoop-ozone/integration-test/target/test-dir/MiniOzoneClusterImpl-bb3956c2-c4d1-403a-b406-f8ec73b3905b/datanode-5/data/ratis/8e33dccd-09d7-48b2-a488-764bb6a2ae27
2019-09-20 04:49:23,434 [pool-284-thread-1] INFO  server.RaftServerConfigKeys (ConfUtils.java:logGet(43)) - raft.server.log.statemachine.data.sync = true (default)
2019-09-20 04:49:23,434 [pool-262-thread-1] INFO  segmented.SegmentedRaftLogWorker (SegmentedRaftLogWorker.java:<init>(172)) - new 0ad3f89e-804f-4845-89c5-5ff1a35a5dda-SegmentedRaftLogWorker:Storage Directory /workdir/hadoop-ozone/integration-test/target/test-dir/MiniOzoneClusterImpl-bb3956c2-c4d1-403a-b406-f8ec73b3905b/datanode-4/data/ratis/8e33dccd-09d7-48b2-a488-764bb6a2ae27 for RaftStorage:Storage Directory /workdir/hadoop-ozone/integration-test/target/test-dir/MiniOzoneClusterImpl-bb3956c2-c4d1-403a-b406-f8ec73b3905b/datanode-4/data/ratis/8e33dccd-09d7-48b2-a488-764bb6a2ae27
2019-09-20 04:49:23,434 [pool-284-thread-1] INFO  server.RaftServerConfigKeys (ConfUtils.java:logGet(43)) - raft.server.log.statemachine.data.sync.timeout = 10s (default)
2019-09-20 04:49:23,434 [pool-273-thread-1] INFO  server.RaftServerConfigKeys (ConfUtils.java:logGet(43)) - raft.server.log.queue.byte-limit = 2147483647 (custom)
2019-09-20 04:49:23,434 [pool-284-thread-1] INFO  server.RaftServerConfigKeys (ConfUtils.java:logGet(43)) - raft.server.log.statemachine.data.sync.timeout.retry = -1 (default)
2019-09-20 04:49:23,434 [pool-262-thread-1] INFO  server.RaftServerConfigKeys (ConfUtils.java:logGet(43)) - raft.server.log.queue.byte-limit = 2147483647 (custom)
2019-09-20 04:49:23,434 [pool-284-thread-1] INFO  server.RaftServerConfigKeys (ConfUtils.java:logGet(43)) - raft.server.log.statemachine.data.caching.enabled = true (custom)
2019-09-20 04:49:23,434 [pool-273-thread-1] INFO  server.RaftServerConfigKeys (ConfUtils.java:logGet(43)) - raft.server.log.queue.element-limit = 1024 (custom)
2019-09-20 04:49:23,434 [pool-262-thread-1] INFO  server.RaftServerConfigKeys (ConfUtils.java:logGet(43)) - raft.server.log.queue.element-limit = 1024 (custom)
2019-09-20 04:49:23,435 [pool-273-thread-1] INFO  server.RaftServerConfigKeys (ConfUtils.java:logGet(43)) - raft.server.log.segment.size.max = 1048576 (custom)
2019-09-20 04:49:23,435 [pool-284-thread-1] INFO  segmented.SegmentedRaftLogWorker (SegmentedRaftLogWorker.java:lambda$new$0(132)) - a9bc59c4-b792-48d5-9db2-4e71770477b1-SegmentedRaftLogWorker:Storage Directory /workdir/hadoop-ozone/integration-test/target/test-dir/MiniOzoneClusterImpl-bb3956c2-c4d1-403a-b406-f8ec73b3905b/datanode-6/data/ratis/8e33dccd-09d7-48b2-a488-764bb6a2ae27: flushIndex: setUnconditionally 0 -> -1
2019-09-20 04:49:23,435 [pool-273-thread-1] INFO  server.RaftServerConfigKeys (ConfUtils.java:logGet(43)) - raft.server.log.preallocated.size = 16384 (custom)
2019-09-20 04:49:23,435 [pool-273-thread-1] INFO  server.RaftServerConfigKeys (ConfUtils.java:logGet(43)) - raft.server.log.write.buffer.size = 33554432 (custom)
2019-09-20 04:49:23,435 [pool-262-thread-1] INFO  server.RaftServerConfigKeys (ConfUtils.java:logGet(43)) - raft.server.log.segment.size.max = 1048576 (custom)
2019-09-20 04:49:23,435 [pool-273-thread-1] INFO  server.RaftServerConfigKeys (ConfUtils.java:logGet(43)) - raft.server.log.force.sync.num = 128 (default)
2019-09-20 04:49:23,435 [pool-284-thread-1] INFO  server.RaftServerConfigKeys (ConfUtils.java:logGet(43)) - raft.server.snapshot.auto.trigger.enabled = true (custom)
2019-09-20 04:49:23,435 [pool-273-thread-1] INFO  server.RaftServerConfigKeys (ConfUtils.java:logGet(43)) - raft.server.log.statemachine.data.sync = true (default)
2019-09-20 04:49:23,435 [pool-262-thread-1] INFO  server.RaftServerConfigKeys (ConfUtils.java:logGet(43)) - raft.server.log.preallocated.size = 16384 (custom)
2019-09-20 04:49:23,436 [pool-273-thread-1] INFO  server.RaftServerConfigKeys (ConfUtils.java:logGet(43)) - raft.server.log.statemachine.data.sync.timeout = 10s (default)
2019-09-20 04:49:23,436 [pool-273-thread-1] INFO  server.RaftServerConfigKeys (ConfUtils.java:logGet(43)) - raft.server.log.statemachine.data.sync.timeout.retry = -1 (default)
2019-09-20 04:49:23,436 [pool-284-thread-1] INFO  server.RaftServerConfigKeys (ConfUtils.java:logGet(43)) - raft.server.snapshot.auto.trigger.threshold = 10000 (custom)
2019-09-20 04:49:23,436 [pool-273-thread-1] INFO  server.RaftServerConfigKeys (ConfUtils.java:logGet(43)) - raft.server.log.statemachine.data.caching.enabled = true (custom)
2019-09-20 04:49:23,436 [pool-262-thread-1] INFO  server.RaftServerConfigKeys (ConfUtils.java:logGet(43)) - raft.server.log.write.buffer.size = 33554432 (custom)
2019-09-20 04:49:23,436 [pool-284-thread-1] INFO  server.RaftServerConfigKeys (ConfUtils.java:logGet(43)) - raft.server.retrycache.expirytime = 600000ms (custom)
2019-09-20 04:49:23,436 [pool-273-thread-1] INFO  segmented.SegmentedRaftLogWorker (SegmentedRaftLogWorker.java:lambda$new$0(132)) - 68a93ad8-b6a8-44e1-8a9f-45fcc58d229a-SegmentedRaftLogWorker:Storage Directory /workdir/hadoop-ozone/integration-test/target/test-dir/MiniOzoneClusterImpl-bb3956c2-c4d1-403a-b406-f8ec73b3905b/datanode-5/data/ratis/8e33dccd-09d7-48b2-a488-764bb6a2ae27: flushIndex: setUnconditionally 0 -> -1
2019-09-20 04:49:23,436 [pool-262-thread-1] INFO  server.RaftServerConfigKeys (ConfUtils.java:logGet(43)) - raft.server.log.force.sync.num = 128 (default)
2019-09-20 04:49:23,437 [pool-262-thread-1] INFO  server.RaftServerConfigKeys (ConfUtils.java:logGet(43)) - raft.server.log.statemachine.data.sync = true (default)
2019-09-20 04:49:23,436 [pool-284-thread-1] INFO  impl.RaftServerImpl (RaftServerImpl.java:start(180)) - a9bc59c4-b792-48d5-9db2-4e71770477b1: start group-764BB6A2AE27
2019-09-20 04:49:23,437 [pool-262-thread-1] INFO  server.RaftServerConfigKeys (ConfUtils.java:logGet(43)) - raft.server.log.statemachine.data.sync.timeout = 10s (default)
2019-09-20 04:49:23,437 [pool-273-thread-1] INFO  server.RaftServerConfigKeys (ConfUtils.java:logGet(43)) - raft.server.snapshot.auto.trigger.enabled = true (custom)
2019-09-20 04:49:23,437 [pool-262-thread-1] INFO  server.RaftServerConfigKeys (ConfUtils.java:logGet(43)) - raft.server.log.statemachine.data.sync.timeout.retry = -1 (default)
2019-09-20 04:49:23,437 [pool-284-thread-1] INFO  impl.RaftServerImpl (RaftServerImpl.java:setRole(171)) - a9bc59c4-b792-48d5-9db2-4e71770477b1:group-764BB6A2AE27 changes role from null to FOLLOWER at term 0 for startAsFollower
2019-09-20 04:49:23,437 [pool-262-thread-1] INFO  server.RaftServerConfigKeys (ConfUtils.java:logGet(43)) - raft.server.log.statemachine.data.caching.enabled = true (custom)
2019-09-20 04:49:23,437 [pool-273-thread-1] INFO  server.RaftServerConfigKeys (ConfUtils.java:logGet(43)) - raft.server.snapshot.auto.trigger.threshold = 10000 (custom)
2019-09-20 04:49:23,437 [pool-284-thread-1] INFO  impl.RoleInfo (RoleInfo.java:updateAndGet(143)) - a9bc59c4-b792-48d5-9db2-4e71770477b1: start FollowerState
2019-09-20 04:49:23,438 [pool-273-thread-1] INFO  server.RaftServerConfigKeys (ConfUtils.java:logGet(43)) - raft.server.retrycache.expirytime = 600000ms (custom)
2019-09-20 04:49:23,438 [pool-262-thread-1] INFO  segmented.SegmentedRaftLogWorker (SegmentedRaftLogWorker.java:lambda$new$0(132)) - 0ad3f89e-804f-4845-89c5-5ff1a35a5dda-SegmentedRaftLogWorker:Storage Directory /workdir/hadoop-ozone/integration-test/target/test-dir/MiniOzoneClusterImpl-bb3956c2-c4d1-403a-b406-f8ec73b3905b/datanode-4/data/ratis/8e33dccd-09d7-48b2-a488-764bb6a2ae27: flushIndex: setUnconditionally 0 -> -1
2019-09-20 04:49:23,438 [pool-273-thread-1] INFO  impl.RaftServerImpl (RaftServerImpl.java:start(180)) - 68a93ad8-b6a8-44e1-8a9f-45fcc58d229a: start group-764BB6A2AE27
2019-09-20 04:49:23,438 [pool-284-thread-1] INFO  util.JmxRegister (JmxRegister.java:tryRegister(44)) - Successfully registered JMX Bean with object name Ratis:service=RaftServer,group=group-764BB6A2AE27,id=a9bc59c4-b792-48d5-9db2-4e71770477b1
2019-09-20 04:49:23,438 [pool-262-thread-1] INFO  server.RaftServerConfigKeys (ConfUtils.java:logGet(43)) - raft.server.snapshot.auto.trigger.enabled = true (custom)
2019-09-20 04:49:23,438 [pool-273-thread-1] INFO  impl.RaftServerImpl (RaftServerImpl.java:setRole(171)) - 68a93ad8-b6a8-44e1-8a9f-45fcc58d229a:group-764BB6A2AE27 changes role from null to FOLLOWER at term 0 for startAsFollower
2019-09-20 04:49:23,438 [pool-262-thread-1] INFO  server.RaftServerConfigKeys (ConfUtils.java:logGet(43)) - raft.server.snapshot.auto.trigger.threshold = 10000 (custom)
2019-09-20 04:49:23,439 [pool-273-thread-1] INFO  impl.RoleInfo (RoleInfo.java:updateAndGet(143)) - 68a93ad8-b6a8-44e1-8a9f-45fcc58d229a: start FollowerState
2019-09-20 04:49:23,439 [pool-262-thread-1] INFO  server.RaftServerConfigKeys (ConfUtils.java:logGet(43)) - raft.server.retrycache.expirytime = 600000ms (custom)
2019-09-20 04:49:23,439 [pool-262-thread-1] INFO  impl.RaftServerImpl (RaftServerImpl.java:start(180)) - 0ad3f89e-804f-4845-89c5-5ff1a35a5dda: start group-764BB6A2AE27
2019-09-20 04:49:23,439 [pool-262-thread-1] INFO  impl.RaftServerImpl (RaftServerImpl.java:setRole(171)) - 0ad3f89e-804f-4845-89c5-5ff1a35a5dda:group-764BB6A2AE27 changes role from null to FOLLOWER at term 0 for startAsFollower
2019-09-20 04:49:23,439 [pool-273-thread-1] INFO  util.JmxRegister (JmxRegister.java:tryRegister(44)) - Successfully registered JMX Bean with object name Ratis:service=RaftServer,group=group-764BB6A2AE27,id=68a93ad8-b6a8-44e1-8a9f-45fcc58d229a
2019-09-20 04:49:23,439 [pool-262-thread-1] INFO  impl.RoleInfo (RoleInfo.java:updateAndGet(143)) - 0ad3f89e-804f-4845-89c5-5ff1a35a5dda: start FollowerState
2019-09-20 04:49:23,440 [pool-262-thread-1] INFO  util.JmxRegister (JmxRegister.java:tryRegister(44)) - Successfully registered JMX Bean with object name Ratis:service=RaftServer,group=group-764BB6A2AE27,id=0ad3f89e-804f-4845-89c5-5ff1a35a5dda
2019-09-20 04:49:23,442 [RatisPipelineUtilsThread] INFO  pipeline.PipelineStateManager (PipelineStateManager.java:addPipeline(56)) - Created pipeline Pipeline[ Id: 8e33dccd-09d7-48b2-a488-764bb6a2ae27, Nodes: 0ad3f89e-804f-4845-89c5-5ff1a35a5dda{ip: 192.168.36.79, host: pr-hdds-1569-s8kj2-2266485376, networkLocation: /default-rack, certSerialId: null}a9bc59c4-b792-48d5-9db2-4e71770477b1{ip: 192.168.36.79, host: pr-hdds-1569-s8kj2-2266485376, networkLocation: /default-rack, certSerialId: null}68a93ad8-b6a8-44e1-8a9f-45fcc58d229a{ip: 192.168.36.79, host: pr-hdds-1569-s8kj2-2266485376, networkLocation: /default-rack, certSerialId: null}, Type:RATIS, Factor:THREE, State:OPEN]
2019-09-20 04:49:23,442 [RatisPipelineUtilsThread] INFO  pipeline.PipelinePlacementPolicy (PipelinePlacementPolicy.java:meetCriteria(91)) - Pipeline Placement: Doesn't meet the criteria to be viable node： 8538cd65-7926-426b-8bad-fbd0f0550f9a Heaviness: 6 limit: 5
2019-09-20 04:49:23,442 [RatisPipelineUtilsThread] INFO  pipeline.PipelinePlacementPolicy (PipelinePlacementPolicy.java:meetCriteria(91)) - Pipeline Placement: Doesn't meet the criteria to be viable node： 0ad3f89e-804f-4845-89c5-5ff1a35a5dda Heaviness: 6 limit: 5
2019-09-20 04:49:23,442 [RatisPipelineUtilsThread] INFO  pipeline.PipelinePlacementPolicy (PipelinePlacementPolicy.java:meetCriteria(91)) - Pipeline Placement: Doesn't meet the criteria to be viable node： f4e549ee-a6fa-4eb9-8541-129d0566fdf5 Heaviness: 6 limit: 5
2019-09-20 04:49:23,442 [RatisPipelineUtilsThread] INFO  pipeline.PipelinePlacementPolicy (PipelinePlacementPolicy.java:meetCriteria(91)) - Pipeline Placement: Doesn't meet the criteria to be viable node： eb30d72f-c0a8-4ecb-bfee-9120a9a6cddf Heaviness: 6 limit: 5
2019-09-20 04:49:23,442 [RatisPipelineUtilsThread] INFO  pipeline.PipelinePlacementPolicy (PipelinePlacementPolicy.java:meetCriteria(91)) - Pipeline Placement: Doesn't meet the criteria to be viable node： 5ea19b84-5385-4ae9-8412-c4cfa929b172 Heaviness: 6 limit: 5
2019-09-20 04:49:23,442 [RatisPipelineUtilsThread] ERROR pipeline.PipelinePlacementPolicy (PipelinePlacementPolicy.java:filterViableNodes(148)) - Unable to find enough nodes that meet the criteria that cannot engage in more than 5 pipelines. Nodes required: 3 Found: 2, healthy nodes count inNodeManager: 7.
2019-09-20 04:49:23,442 [RatisPipelineUtilsThread] ERROR pipeline.SCMPipelineManager (SCMPipelineManager.java:createPipeline(161)) - Pipeline creation failed due to exception: Unable to find enough nodes that meet the criteria that cannot engage in more than 5 pipelines. Nodes required: 3 Found: 2, healthy nodes count inNodeManager: 7.
2019-09-20 04:49:23,548 [grpc-default-executor-1] INFO  client.GrpcClientProtocolClient (GrpcClientProtocolClient.java:onNext(255)) - client-4B9F346F76BE->a9bc59c4-b792-48d5-9db2-4e71770477b1: receive RaftClientReply:client-4B9F346F76BE->a9bc59c4-b792-48d5-9db2-4e71770477b1@group-F325FBB9CFF9, cid=123, FAILED org.apache.ratis.protocol.NotLeaderException: Server a9bc59c4-b792-48d5-9db2-4e71770477b1 is not the leader (null). Request must be sent to leader., logIndex=0, commits[a9bc59c4-b792-48d5-9db2-4e71770477b1:c-1]
2019-09-20 04:49:23,582 [5ea19b84-5385-4ae9-8412-c4cfa929b172-SegmentedRaftLogWorker:Storage Directory /workdir/hadoop-ozone/integration-test/target/test-dir/MiniOzoneClusterImpl-bb3956c2-c4d1-403a-b406-f8ec73b3905b/datanode-3/data/ratis/6bbdd35d-ebe8-4c45-a33f-4200af398c62] ERROR segmented.SegmentedRaftLogWorker (SegmentedRaftLogWorker.java:run(323)) - 5ea19b84-5385-4ae9-8412-c4cfa929b172-SegmentedRaftLogWorker:Storage Directory /workdir/hadoop-ozone/integration-test/target/test-dir/MiniOzoneClusterImpl-bb3956c2-c4d1-403a-b406-f8ec73b3905b/datanode-3/data/ratis/6bbdd35d-ebe8-4c45-a33f-4200af398c62 hit exception
java.lang.OutOfMemoryError: Direct buffer memory
	at java.nio.Bits.reserveMemory(Bits.java:666)
	at java.nio.DirectByteBuffer.<init>(DirectByteBuffer.java:123)
	at java.nio.ByteBuffer.allocateDirect(ByteBuffer.java:311)
	at org.apache.ratis.server.raftlog.segmented.BufferedWriteChannel.<init>(BufferedWriteChannel.java:41)
	at org.apache.ratis.server.raftlog.segmented.SegmentedRaftLogOutputStream.<init>(SegmentedRaftLogOutputStream.java:72)
	at org.apache.ratis.server.raftlog.segmented.SegmentedRaftLogWorker$StartLogSegment.execute(SegmentedRaftLogWorker.java:566)
	at org.apache.ratis.server.raftlog.segmented.SegmentedRaftLogWorker.run(SegmentedRaftLogWorker.java:289)
	at java.lang.Thread.run(Thread.java:748)
2019-09-20 04:49:23,582 [5ea19b84-5385-4ae9-8412-c4cfa929b172-SegmentedRaftLogWorker:Storage Directory /workdir/hadoop-ozone/integration-test/target/test-dir/MiniOzoneClusterImpl-bb3956c2-c4d1-403a-b406-f8ec73b3905b/datanode-3/data/ratis/3a14126c-ccff-4a2f-9039-ce8c03eeb81d] ERROR segmented.SegmentedRaftLogWorker (SegmentedRaftLogWorker.java:run(323)) - 5ea19b84-5385-4ae9-8412-c4cfa929b172-SegmentedRaftLogWorker:Storage Directory /workdir/hadoop-ozone/integration-test/target/test-dir/MiniOzoneClusterImpl-bb3956c2-c4d1-403a-b406-f8ec73b3905b/datanode-3/data/ratis/3a14126c-ccff-4a2f-9039-ce8c03eeb81d hit exception
java.lang.OutOfMemoryError: Direct buffer memory
	at java.nio.Bits.reserveMemory(Bits.java:666)
	at java.nio.DirectByteBuffer.<init>(DirectByteBuffer.java:123)
	at java.nio.ByteBuffer.allocateDirect(ByteBuffer.java:311)
	at org.apache.ratis.server.raftlog.segmented.BufferedWriteChannel.<init>(BufferedWriteChannel.java:41)
	at org.apache.ratis.server.raftlog.segmented.SegmentedRaftLogOutputStream.<init>(SegmentedRaftLogOutputStream.java:72)
	at org.apache.ratis.server.raftlog.segmented.SegmentedRaftLogWorker$StartLogSegment.execute(SegmentedRaftLogWorker.java:566)
	at org.apache.ratis.server.raftlog.segmented.SegmentedRaftLogWorker.run(SegmentedRaftLogWorker.java:289)
	at java.lang.Thread.run(Thread.java:748)
2019-09-20 04:49:23,582 [5ea19b84-5385-4ae9-8412-c4cfa929b172-SegmentedRaftLogWorker:Storage Directory /workdir/hadoop-ozone/integration-test/target/test-dir/MiniOzoneClusterImpl-bb3956c2-c4d1-403a-b406-f8ec73b3905b/datanode-3/data/ratis/ee041880-3620-41c9-938f-63ac9bd7ad41] ERROR segmented.SegmentedRaftLogWorker (SegmentedRaftLogWorker.java:run(323)) - 5ea19b84-5385-4ae9-8412-c4cfa929b172-SegmentedRaftLogWorker:Storage Directory /workdir/hadoop-ozone/integration-test/target/test-dir/MiniOzoneClusterImpl-bb3956c2-c4d1-403a-b406-f8ec73b3905b/datanode-3/data/ratis/ee041880-3620-41c9-938f-63ac9bd7ad41 hit exception
java.lang.OutOfMemoryError: Direct buffer memory
	at java.nio.Bits.reserveMemory(Bits.java:666)
	at java.nio.DirectByteBuffer.<init>(DirectByteBuffer.java:123)
	at java.nio.ByteBuffer.allocateDirect(ByteBuffer.java:311)
	at org.apache.ratis.server.raftlog.segmented.BufferedWriteChannel.<init>(BufferedWriteChannel.java:41)
	at org.apache.ratis.server.raftlog.segmented.SegmentedRaftLogOutputStream.<init>(SegmentedRaftLogOutputStream.java:72)
	at org.apache.ratis.server.raftlog.segmented.SegmentedRaftLogWorker$StartLogSegment.execute(SegmentedRaftLogWorker.java:566)
	at org.apache.ratis.server.raftlog.segmented.SegmentedRaftLogWorker.run(SegmentedRaftLogWorker.java:289)
	at java.lang.Thread.run(Thread.java:748)
2019-09-20 04:49:23,582 [5ea19b84-5385-4ae9-8412-c4cfa929b172-SegmentedRaftLogWorker:Storage Directory /workdir/hadoop-ozone/integration-test/target/test-dir/MiniOzoneClusterImpl-bb3956c2-c4d1-403a-b406-f8ec73b3905b/datanode-3/data/ratis/69752324-5e5e-4993-82a9-3f6f94b8f0af] ERROR segmented.SegmentedRaftLogWorker (SegmentedRaftLogWorker.java:run(323)) - 5ea19b84-5385-4ae9-8412-c4cfa929b172-SegmentedRaftLogWorker:Storage Directory /workdir/hadoop-ozone/integration-test/target/test-dir/MiniOzoneClusterImpl-bb3956c2-c4d1-403a-b406-f8ec73b3905b/datanode-3/data/ratis/69752324-5e5e-4993-82a9-3f6f94b8f0af hit exception
java.lang.OutOfMemoryError: Direct buffer memory
	at java.nio.Bits.reserveMemory(Bits.java:666)
	at java.nio.DirectByteBuffer.<init>(DirectByteBuffer.java:123)
	at java.nio.ByteBuffer.allocateDirect(ByteBuffer.java:311)
	at org.apache.ratis.server.raftlog.segmented.BufferedWriteChannel.<init>(BufferedWriteChannel.java:41)
	at org.apache.ratis.server.raftlog.segmented.SegmentedRaftLogOutputStream.<init>(SegmentedRaftLogOutputStream.java:72)
	at org.apache.ratis.server.raftlog.segmented.SegmentedRaftLogWorker$StartLogSegment.execute(SegmentedRaftLogWorker.java:566)
	at org.apache.ratis.server.raftlog.segmented.SegmentedRaftLogWorker.run(SegmentedRaftLogWorker.java:289)
	at java.lang.Thread.run(Thread.java:748)
2019-09-20 04:49:23,584 [5ea19b84-5385-4ae9-8412-c4cfa929b172-SegmentedRaftLogWorker:Storage Directory /workdir/hadoop-ozone/integration-test/target/test-dir/MiniOzoneClusterImpl-bb3956c2-c4d1-403a-b406-f8ec73b3905b/datanode-3/data/ratis/69752324-5e5e-4993-82a9-3f6f94b8f0af] INFO  impl.RaftServerImpl (RaftServerImpl.java:lambda$shutdown$3(245)) - 5ea19b84-5385-4ae9-8412-c4cfa929b172: shutdown group-3F6F94B8F0AF
2019-09-20 04:49:23,583 [5ea19b84-5385-4ae9-8412-c4cfa929b172-SegmentedRaftLogWorker:Storage Directory /workdir/hadoop-ozone/integration-test/target/test-dir/MiniOzoneClusterImpl-bb3956c2-c4d1-403a-b406-f8ec73b3905b/datanode-3/data/ratis/ee041880-3620-41c9-938f-63ac9bd7ad41] INFO  impl.RaftServerImpl (RaftServerImpl.java:lambda$shutdown$3(245)) - 5ea19b84-5385-4ae9-8412-c4cfa929b172: shutdown group-63AC9BD7AD41
2019-09-20 04:49:23,583 [5ea19b84-5385-4ae9-8412-c4cfa929b172-SegmentedRaftLogWorker:Storage Directory /workdir/hadoop-ozone/integration-test/target/test-dir/MiniOzoneClusterImpl-bb3956c2-c4d1-403a-b406-f8ec73b3905b/datanode-3/data/ratis/3a14126c-ccff-4a2f-9039-ce8c03eeb81d] INFO  impl.RaftServerImpl (RaftServerImpl.java:lambda$shutdown$3(245)) - 5ea19b84-5385-4ae9-8412-c4cfa929b172: shutdown group-CE8C03EEB81D
2019-09-20 04:49:23,583 [5ea19b84-5385-4ae9-8412-c4cfa929b172-SegmentedRaftLogWorker:Storage Directory /workdir/hadoop-ozone/integration-test/target/test-dir/MiniOzoneClusterImpl-bb3956c2-c4d1-403a-b406-f8ec73b3905b/datanode-3/data/ratis/6bbdd35d-ebe8-4c45-a33f-4200af398c62] INFO  impl.RaftServerImpl (RaftServerImpl.java:lambda$shutdown$3(245)) - 5ea19b84-5385-4ae9-8412-c4cfa929b172: shutdown group-4200AF398C62
2019-09-20 04:49:23,584 [5ea19b84-5385-4ae9-8412-c4cfa929b172-SegmentedRaftLogWorker:Storage Directory /workdir/hadoop-ozone/integration-test/target/test-dir/MiniOzoneClusterImpl-bb3956c2-c4d1-403a-b406-f8ec73b3905b/datanode-3/data/ratis/3a14126c-ccff-4a2f-9039-ce8c03eeb81d] INFO  util.JmxRegister (JmxRegister.java:unregister(73)) - Successfully un-registered JMX Bean with object name Ratis:service=RaftServer,group=group-CE8C03EEB81D,id=5ea19b84-5385-4ae9-8412-c4cfa929b172
2019-09-20 04:49:23,584 [5ea19b84-5385-4ae9-8412-c4cfa929b172-SegmentedRaftLogWorker:Storage Directory /workdir/hadoop-ozone/integration-test/target/test-dir/MiniOzoneClusterImpl-bb3956c2-c4d1-403a-b406-f8ec73b3905b/datanode-3/data/ratis/ee041880-3620-41c9-938f-63ac9bd7ad41] INFO  util.JmxRegister (JmxRegister.java:unregister(73)) - Successfully un-registered JMX Bean with object name Ratis:service=RaftServer,group=group-63AC9BD7AD41,id=5ea19b84-5385-4ae9-8412-c4cfa929b172
2019-09-20 04:49:23,584 [5ea19b84-5385-4ae9-8412-c4cfa929b172-SegmentedRaftLogWorker:Storage Directory /workdir/hadoop-ozone/integration-test/target/test-dir/MiniOzoneClusterImpl-bb3956c2-c4d1-403a-b406-f8ec73b3905b/datanode-3/data/ratis/69752324-5e5e-4993-82a9-3f6f94b8f0af] INFO  util.JmxRegister (JmxRegister.java:unregister(73)) - Successfully un-registered JMX Bean with object name Ratis:service=RaftServer,group=group-3F6F94B8F0AF,id=5ea19b84-5385-4ae9-8412-c4cfa929b172
2019-09-20 04:49:23,584 [5ea19b84-5385-4ae9-8412-c4cfa929b172-SegmentedRaftLogWorker:Storage Directory /workdir/hadoop-ozone/integration-test/target/test-dir/MiniOzoneClusterImpl-bb3956c2-c4d1-403a-b406-f8ec73b3905b/datanode-3/data/ratis/ee041880-3620-41c9-938f-63ac9bd7ad41] INFO  impl.RoleInfo (RoleInfo.java:shutdownLeaderState(104)) - 5ea19b84-5385-4ae9-8412-c4cfa929b172: shutdown LeaderState
2019-09-20 04:49:23,584 [5ea19b84-5385-4ae9-8412-c4cfa929b172-SegmentedRaftLogWorker:Storage Directory /workdir/hadoop-ozone/integration-test/target/test-dir/MiniOzoneClusterImpl-bb3956c2-c4d1-403a-b406-f8ec73b3905b/datanode-3/data/ratis/3a14126c-ccff-4a2f-9039-ce8c03eeb81d] INFO  impl.RoleInfo (RoleInfo.java:shutdownLeaderState(104)) - 5ea19b84-5385-4ae9-8412-c4cfa929b172: shutdown LeaderState
2019-09-20 04:49:23,584 [5ea19b84-5385-4ae9-8412-c4cfa929b172-SegmentedRaftLogWorker:Storage Directory /workdir/hadoop-ozone/integration-test/target/test-dir/MiniOzoneClusterImpl-bb3956c2-c4d1-403a-b406-f8ec73b3905b/datanode-3/data/ratis/6bbdd35d-ebe8-4c45-a33f-4200af398c62] INFO  util.JmxRegister (JmxRegister.java:unregister(73)) - Successfully un-registered JMX Bean with object name Ratis:service=RaftServer,group=group-4200AF398C62,id=5ea19b84-5385-4ae9-8412-c4cfa929b172
2019-09-20 04:49:23,585 [5ea19b84-5385-4ae9-8412-c4cfa929b172-SegmentedRaftLogWorker:Storage Directory /workdir/hadoop-ozone/integration-test/target/test-dir/MiniOzoneClusterImpl-bb3956c2-c4d1-403a-b406-f8ec73b3905b/datanode-3/data/ratis/3a14126c-ccff-4a2f-9039-ce8c03eeb81d] INFO  impl.PendingRequests (PendingRequests.java:sendNotLeaderResponses(202)) - 5ea19b84-5385-4ae9-8412-c4cfa929b172-PendingRequests: sendNotLeaderResponses
2019-09-20 04:49:23,585 [5ea19b84-5385-4ae9-8412-c4cfa929b172-SegmentedRaftLogWorker:Storage Directory /workdir/hadoop-ozone/integration-test/target/test-dir/MiniOzoneClusterImpl-bb3956c2-c4d1-403a-b406-f8ec73b3905b/datanode-3/data/ratis/ee041880-3620-41c9-938f-63ac9bd7ad41] INFO  impl.PendingRequests (PendingRequests.java:sendNotLeaderResponses(202)) - 5ea19b84-5385-4ae9-8412-c4cfa929b172-PendingRequests: sendNotLeaderResponses
2019-09-20 04:49:23,584 [5ea19b84-5385-4ae9-8412-c4cfa929b172-SegmentedRaftLogWorker:Storage Directory /workdir/hadoop-ozone/integration-test/target/test-dir/MiniOzoneClusterImpl-bb3956c2-c4d1-403a-b406-f8ec73b3905b/datanode-3/data/ratis/69752324-5e5e-4993-82a9-3f6f94b8f0af] INFO  impl.RoleInfo (RoleInfo.java:shutdownLeaderState(104)) - 5ea19b84-5385-4ae9-8412-c4cfa929b172: shutdown LeaderState
2019-09-20 04:49:23,585 [5ea19b84-5385-4ae9-8412-c4cfa929b172-SegmentedRaftLogWorker:Storage Directory /workdir/hadoop-ozone/integration-test/target/test-dir/MiniOzoneClusterImpl-bb3956c2-c4d1-403a-b406-f8ec73b3905b/datanode-3/data/ratis/ee041880-3620-41c9-938f-63ac9bd7ad41] INFO  impl.StateMachineUpdater (StateMachineUpdater.java:stopAndJoin(115)) - StateMachineUpdater:5ea19b84-5385-4ae9-8412-c4cfa929b172:group-63AC9BD7AD41: set stopIndex = -1
2019-09-20 04:49:23,585 [5ea19b84-5385-4ae9-8412-c4cfa929b172-SegmentedRaftLogWorker:Storage Directory /workdir/hadoop-ozone/integration-test/target/test-dir/MiniOzoneClusterImpl-bb3956c2-c4d1-403a-b406-f8ec73b3905b/datanode-3/data/ratis/3a14126c-ccff-4a2f-9039-ce8c03eeb81d] INFO  impl.StateMachineUpdater (StateMachineUpdater.java:stopAndJoin(115)) - StateMachineUpdater:5ea19b84-5385-4ae9-8412-c4cfa929b172:group-CE8C03EEB81D: set stopIndex = -1
2019-09-20 04:49:23,585 [5ea19b84-5385-4ae9-8412-c4cfa929b172-SegmentedRaftLogWorker:Storage Directory /workdir/hadoop-ozone/integration-test/target/test-dir/MiniOzoneClusterImpl-bb3956c2-c4d1-403a-b406-f8ec73b3905b/datanode-3/data/ratis/6bbdd35d-ebe8-4c45-a33f-4200af398c62] INFO  impl.RoleInfo (RoleInfo.java:shutdownLeaderState(104)) - 5ea19b84-5385-4ae9-8412-c4cfa929b172: shutdown LeaderState
2019-09-20 04:49:23,586 [5ea19b84-5385-4ae9-8412-c4cfa929b172-SegmentedRaftLogWorker:Storage Directory /workdir/hadoop-ozone/integration-test/target/test-dir/MiniOzoneClusterImpl-bb3956c2-c4d1-403a-b406-f8ec73b3905b/datanode-3/data/ratis/3a14126c-ccff-4a2f-9039-ce8c03eeb81d] INFO  impl.RaftServerImpl (ServerState.java:close(394)) - 5ea19b84-5385-4ae9-8412-c4cfa929b172:group-CE8C03EEB81D closes. The last applied log index is -1
2019-09-20 04:49:23,586 [5ea19b84-5385-4ae9-8412-c4cfa929b172-SegmentedRaftLogWorker:Storage Directory /workdir/hadoop-ozone/integration-test/target/test-dir/MiniOzoneClusterImpl-bb3956c2-c4d1-403a-b406-f8ec73b3905b/datanode-3/data/ratis/ee041880-3620-41c9-938f-63ac9bd7ad41] INFO  impl.RaftServerImpl (ServerState.java:close(394)) - 5ea19b84-5385-4ae9-8412-c4cfa929b172:group-63AC9BD7AD41 closes. The last applied log index is -1
2019-09-20 04:49:23,586 [5ea19b84-5385-4ae9-8412-c4cfa929b172-SegmentedRaftLogWorker:Storage Directory /workdir/hadoop-ozone/integration-test/target/test-dir/MiniOzoneClusterImpl-bb3956c2-c4d1-403a-b406-f8ec73b3905b/datanode-3/data/ratis/3a14126c-ccff-4a2f-9039-ce8c03eeb81d] INFO  segmented.SegmentedRaftLogWorker (SegmentedRaftLogWorker.java:close(228)) - 5ea19b84-5385-4ae9-8412-c4cfa929b172-SegmentedRaftLogWorker:Storage Directory /workdir/hadoop-ozone/integration-test/target/test-dir/MiniOzoneClusterImpl-bb3956c2-c4d1-403a-b406-f8ec73b3905b/datanode-3/data/ratis/3a14126c-ccff-4a2f-9039-ce8c03eeb81d close()
2019-09-20 04:49:23,585 [5ea19b84-5385-4ae9-8412-c4cfa929b172-SegmentedRaftLogWorker:Storage Directory /workdir/hadoop-ozone/integration-test/target/test-dir/MiniOzoneClusterImpl-bb3956c2-c4d1-403a-b406-f8ec73b3905b/datanode-3/data/ratis/69752324-5e5e-4993-82a9-3f6f94b8f0af] INFO  impl.PendingRequests (PendingRequests.java:sendNotLeaderResponses(202)) - 5ea19b84-5385-4ae9-8412-c4cfa929b172-PendingRequests: sendNotLeaderResponses
2019-09-20 04:49:23,586 [5ea19b84-5385-4ae9-8412-c4cfa929b172-SegmentedRaftLogWorker:Storage Directory /workdir/hadoop-ozone/integration-test/target/test-dir/MiniOzoneClusterImpl-bb3956c2-c4d1-403a-b406-f8ec73b3905b/datanode-3/data/ratis/ee041880-3620-41c9-938f-63ac9bd7ad41] INFO  segmented.SegmentedRaftLogWorker (SegmentedRaftLogWorker.java:close(228)) - 5ea19b84-5385-4ae9-8412-c4cfa929b172-SegmentedRaftLogWorker:Storage Directory /workdir/hadoop-ozone/integration-test/target/test-dir/MiniOzoneClusterImpl-bb3956c2-c4d1-403a-b406-f8ec73b3905b/datanode-3/data/ratis/ee041880-3620-41c9-938f-63ac9bd7ad41 close()
2019-09-20 04:49:23,586 [5ea19b84-5385-4ae9-8412-c4cfa929b172-SegmentedRaftLogWorker:Storage Directory /workdir/hadoop-ozone/integration-test/target/test-dir/MiniOzoneClusterImpl-bb3956c2-c4d1-403a-b406-f8ec73b3905b/datanode-3/data/ratis/6bbdd35d-ebe8-4c45-a33f-4200af398c62] INFO  impl.PendingRequests (PendingRequests.java:sendNotLeaderResponses(202)) - 5ea19b84-5385-4ae9-8412-c4cfa929b172-PendingRequests: sendNotLeaderResponses
2019-09-20 04:49:23,586 [5ea19b84-5385-4ae9-8412-c4cfa929b172-SegmentedRaftLogWorker:Storage Directory /workdir/hadoop-ozone/integration-test/target/test-dir/MiniOzoneClusterImpl-bb3956c2-c4d1-403a-b406-f8ec73b3905b/datanode-3/data/ratis/69752324-5e5e-4993-82a9-3f6f94b8f0af] INFO  impl.StateMachineUpdater (StateMachineUpdater.java:stopAndJoin(115)) - StateMachineUpdater:5ea19b84-5385-4ae9-8412-c4cfa929b172:group-3F6F94B8F0AF: set stopIndex = -1
2019-09-20 04:49:23,587 [5ea19b84-5385-4ae9-8412-c4cfa929b172-SegmentedRaftLogWorker:Storage Directory /workdir/hadoop-ozone/integration-test/target/test-dir/MiniOzoneClusterImpl-bb3956c2-c4d1-403a-b406-f8ec73b3905b/datanode-3/data/ratis/6bbdd35d-ebe8-4c45-a33f-4200af398c62] INFO  impl.StateMachineUpdater (StateMachineUpdater.java:stopAndJoin(115)) - StateMachineUpdater:5ea19b84-5385-4ae9-8412-c4cfa929b172:group-4200AF398C62: set stopIndex = -1
2019-09-20 04:49:23,587 [5ea19b84-5385-4ae9-8412-c4cfa929b172-SegmentedRaftLogWorker:Storage Directory /workdir/hadoop-ozone/integration-test/target/test-dir/MiniOzoneClusterImpl-bb3956c2-c4d1-403a-b406-f8ec73b3905b/datanode-3/data/ratis/69752324-5e5e-4993-82a9-3f6f94b8f0af] INFO  impl.RaftServerImpl (ServerState.java:close(394)) - 5ea19b84-5385-4ae9-8412-c4cfa929b172:group-3F6F94B8F0AF closes. The last applied log index is -1
2019-09-20 04:49:23,587 [5ea19b84-5385-4ae9-8412-c4cfa929b172-SegmentedRaftLogWorker:Storage Directory /workdir/hadoop-ozone/integration-test/target/test-dir/MiniOzoneClusterImpl-bb3956c2-c4d1-403a-b406-f8ec73b3905b/datanode-3/data/ratis/6bbdd35d-ebe8-4c45-a33f-4200af398c62] INFO  impl.RaftServerImpl (ServerState.java:close(394)) - 5ea19b84-5385-4ae9-8412-c4cfa929b172:group-4200AF398C62 closes. The last applied log index is -1
2019-09-20 04:49:23,587 [5ea19b84-5385-4ae9-8412-c4cfa929b172-SegmentedRaftLogWorker:Storage Directory /workdir/hadoop-ozone/integration-test/target/test-dir/MiniOzoneClusterImpl-bb3956c2-c4d1-403a-b406-f8ec73b3905b/datanode-3/data/ratis/69752324-5e5e-4993-82a9-3f6f94b8f0af] INFO  segmented.SegmentedRaftLogWorker (SegmentedRaftLogWorker.java:close(228)) - 5ea19b84-5385-4ae9-8412-c4cfa929b172-SegmentedRaftLogWorker:Storage Directory /workdir/hadoop-ozone/integration-test/target/test-dir/MiniOzoneClusterImpl-bb3956c2-c4d1-403a-b406-f8ec73b3905b/datanode-3/data/ratis/69752324-5e5e-4993-82a9-3f6f94b8f0af close()
2019-09-20 04:49:23,587 [5ea19b84-5385-4ae9-8412-c4cfa929b172-SegmentedRaftLogWorker:Storage Directory /workdir/hadoop-ozone/integration-test/target/test-dir/MiniOzoneClusterImpl-bb3956c2-c4d1-403a-b406-f8ec73b3905b/datanode-3/data/ratis/6bbdd35d-ebe8-4c45-a33f-4200af398c62] INFO  segmented.SegmentedRaftLogWorker (SegmentedRaftLogWorker.java:close(228)) - 5ea19b84-5385-4ae9-8412-c4cfa929b172-SegmentedRaftLogWorker:Storage Directory /workdir/hadoop-ozone/integration-test/target/test-dir/MiniOzoneClusterImpl-bb3956c2-c4d1-403a-b406-f8ec73b3905b/datanode-3/data/ratis/6bbdd35d-ebe8-4c45-a33f-4200af398c62 close()
2019-09-20 04:49:23,603 [Thread-747] INFO  impl.FollowerState (FollowerState.java:run(106)) - fdbc37f2-9e58-4bac-a5d5-a78839d012e9:group-7097719757E2 changes to CANDIDATE, lastRpcTime:22035, electionTimeout:5149ms
2019-09-20 04:49:23,603 [Thread-747] INFO  impl.RoleInfo (RoleInfo.java:shutdownFollowerState(121)) - fdbc37f2-9e58-4bac-a5d5-a78839d012e9: shutdown FollowerState
2019-09-20 04:49:23,603 [Thread-747] INFO  impl.RaftServerImpl (RaftServerImpl.java:setRole(171)) - fdbc37f2-9e58-4bac-a5d5-a78839d012e9:group-7097719757E2 changes role from FOLLOWER to CANDIDATE at term 0 for changeToCandidate
2019-09-20 04:49:23,603 [Thread-747] INFO  impl.RoleInfo (RoleInfo.java:updateAndGet(143)) - fdbc37f2-9e58-4bac-a5d5-a78839d012e9: start LeaderElection
2019-09-20 04:49:23,627 [fdbc37f2-9e58-4bac-a5d5-a78839d012e9:group-7097719757E2:LeaderElection107] INFO  impl.LeaderElection (LeaderElection.java:askForVotes(181)) - fdbc37f2-9e58-4bac-a5d5-a78839d012e9:group-7097719757E2:LeaderElection107: begin an election at term 1 for -1: [fdbc37f2-9e58-4bac-a5d5-a78839d012e9:192.168.36.79:32937], old=null
2019-09-20 04:49:23,627 [fdbc37f2-9e58-4bac-a5d5-a78839d012e9:group-7097719757E2:LeaderElection107] INFO  impl.RoleInfo (RoleInfo.java:shutdownLeaderElection(134)) - fdbc37f2-9e58-4bac-a5d5-a78839d012e9: shutdown LeaderElection
2019-09-20 04:49:23,627 [fdbc37f2-9e58-4bac-a5d5-a78839d012e9:group-7097719757E2:LeaderElection107] INFO  impl.RaftServerImpl (RaftServerImpl.java:setRole(171)) - fdbc37f2-9e58-4bac-a5d5-a78839d012e9:group-7097719757E2 changes role from CANDIDATE to LEADER at term 1 for changeToLeader
2019-09-20 04:49:23,627 [fdbc37f2-9e58-4bac-a5d5-a78839d012e9:group-7097719757E2:LeaderElection107] INFO  impl.RaftServerImpl (ServerState.java:setLeader(263)) - fdbc37f2-9e58-4bac-a5d5-a78839d012e9:group-7097719757E2 change Leader from null to fdbc37f2-9e58-4bac-a5d5-a78839d012e9 at term 1 for becomeLeader, leader elected after 22063ms
2019-09-20 04:49:23,627 [fdbc37f2-9e58-4bac-a5d5-a78839d012e9:group-7097719757E2:LeaderElection107] INFO  server.RaftServerConfigKeys (ConfUtils.java:logGet(43)) - raft.server.staging.catchup.gap = 1000 (default)
2019-09-20 04:49:23,627 [fdbc37f2-9e58-4bac-a5d5-a78839d012e9:group-7097719757E2:LeaderElection107] INFO  server.RaftServerConfigKeys (ConfUtils.java:logGet(43)) - raft.server.rpc.sleep.time = 25ms (default)
2019-09-20 04:49:23,628 [fdbc37f2-9e58-4bac-a5d5-a78839d012e9:group-7097719757E2:LeaderElection107] INFO  server.RaftServerConfigKeys (ConfUtils.java:logGet(43)) - raft.server.write.element-limit = 4096 (default)
2019-09-20 04:49:23,628 [fdbc37f2-9e58-4bac-a5d5-a78839d012e9:group-7097719757E2:LeaderElection107] INFO  server.RaftServerConfigKeys (ConfUtils.java:logGet(43)) - raft.server.watch.timeout = 10s (default)
2019-09-20 04:49:23,628 [fdbc37f2-9e58-4bac-a5d5-a78839d012e9:group-7097719757E2:LeaderElection107] INFO  server.RaftServerConfigKeys (ConfUtils.java:logGet(43)) - raft.server.watch.timeout.denomination = 1s (default)
2019-09-20 04:49:23,628 [fdbc37f2-9e58-4bac-a5d5-a78839d012e9:group-7097719757E2:LeaderElection107] INFO  server.RaftServerConfigKeys (ConfUtils.java:logGet(43)) - raft.server.watch.element-limit = 65536 (default)
2019-09-20 04:49:23,628 [fdbc37f2-9e58-4bac-a5d5-a78839d012e9:group-7097719757E2:LeaderElection107] INFO  impl.RoleInfo (RoleInfo.java:updateAndGet(143)) - fdbc37f2-9e58-4bac-a5d5-a78839d012e9: start LeaderState
2019-09-20 04:49:23,628 [fdbc37f2-9e58-4bac-a5d5-a78839d012e9:group-7097719757E2:LeaderElection107] INFO  segmented.SegmentedRaftLogWorker (SegmentedRaftLogWorker.java:startLogSegment(380)) - fdbc37f2-9e58-4bac-a5d5-a78839d012e9-SegmentedRaftLogWorker:Storage Directory /workdir/hadoop-ozone/integration-test/target/test-dir/MiniOzoneClusterImpl-cd85f641-6806-455e-b969-480e50aec385/datanode-3/data/ratis/08ac8d70-3bac-4c8c-8744-7097719757e2: Starting segment from index:0
2019-09-20 04:49:23,629 [fdbc37f2-9e58-4bac-a5d5-a78839d012e9:group-7097719757E2:LeaderElection107] INFO  impl.RaftServerImpl (ServerState.java:setRaftConf(361)) - fdbc37f2-9e58-4bac-a5d5-a78839d012e9:group-7097719757E2 set configuration 0: [fdbc37f2-9e58-4bac-a5d5-a78839d012e9:192.168.36.79:32937], old=null at 0
2019-09-20 04:49:24,049 [5ea19b84-5385-4ae9-8412-c4cfa929b172-SegmentedRaftLogWorker:Storage Directory /workdir/hadoop-ozone/integration-test/target/test-dir/MiniOzoneClusterImpl-bb3956c2-c4d1-403a-b406-f8ec73b3905b/datanode-3/data/ratis/dac2ddd9-aa49-4b25-b9f4-d3671f3b1cb0] ERROR segmented.SegmentedRaftLogWorker (SegmentedRaftLogWorker.java:run(323)) - 5ea19b84-5385-4ae9-8412-c4cfa929b172-SegmentedRaftLogWorker:Storage Directory /workdir/hadoop-ozone/integration-test/target/test-dir/MiniOzoneClusterImpl-bb3956c2-c4d1-403a-b406-f8ec73b3905b/datanode-3/data/ratis/dac2ddd9-aa49-4b25-b9f4-d3671f3b1cb0 hit exception
java.lang.OutOfMemoryError: Direct buffer memory
	at java.nio.Bits.reserveMemory(Bits.java:666)
	at java.nio.DirectByteBuffer.<init>(DirectByteBuffer.java:123)
	at java.nio.ByteBuffer.allocateDirect(ByteBuffer.java:311)
	at org.apache.ratis.server.raftlog.segmented.BufferedWriteChannel.<init>(BufferedWriteChannel.java:41)
	at org.apache.ratis.server.raftlog.segmented.SegmentedRaftLogOutputStream.<init>(SegmentedRaftLogOutputStream.java:72)
	at org.apache.ratis.server.raftlog.segmented.SegmentedRaftLogWorker$StartLogSegment.execute(SegmentedRaftLogWorker.java:566)
	at org.apache.ratis.server.raftlog.segmented.SegmentedRaftLogWorker.run(SegmentedRaftLogWorker.java:289)
	at java.lang.Thread.run(Thread.java:748)
2019-09-20 04:49:24,049 | INFO  | SCMAudit | user=jenkins1000 | ip=192.168.36.79 | op=SEND_HEARTBEAT {datanodeUUID=f4e549ee-a6fa-4eb9-8541-129d0566fdf5, command=[]} | ret=SUCCESS |  
2019-09-20 04:49:24,087 | INFO  | SCMAudit | user=jenkins1000 | ip=192.168.36.79 | op=SEND_HEARTBEAT {datanodeUUID=8538cd65-7926-426b-8bad-fbd0f0550f9a, command=[]} | ret=SUCCESS |  
2019-09-20 04:49:24,048 [8538cd65-7926-426b-8bad-fbd0f0550f9a-SegmentedRaftLogWorker:Storage Directory /workdir/hadoop-ozone/integration-test/target/test-dir/MiniOzoneClusterImpl-bb3956c2-c4d1-403a-b406-f8ec73b3905b/datanode-2/data/ratis/51dc7eba-fdfd-48e3-a995-d8ca85e292d5] ERROR segmented.SegmentedRaftLogWorker (SegmentedRaftLogWorker.java:run(323)) - 8538cd65-7926-426b-8bad-fbd0f0550f9a-SegmentedRaftLogWorker:Storage Directory /workdir/hadoop-ozone/integration-test/target/test-dir/MiniOzoneClusterImpl-bb3956c2-c4d1-403a-b406-f8ec73b3905b/datanode-2/data/ratis/51dc7eba-fdfd-48e3-a995-d8ca85e292d5 hit exception
java.lang.OutOfMemoryError: Direct buffer memory
	at java.nio.Bits.reserveMemory(Bits.java:666)
	at java.nio.DirectByteBuffer.<init>(DirectByteBuffer.java:123)
	at java.nio.ByteBuffer.allocateDirect(ByteBuffer.java:311)
	at org.apache.ratis.server.raftlog.segmented.BufferedWriteChannel.<init>(BufferedWriteChannel.java:41)
	at org.apache.ratis.server.raftlog.segmented.SegmentedRaftLogOutputStream.<init>(SegmentedRaftLogOutputStream.java:72)
	at org.apache.ratis.server.raftlog.segmented.SegmentedRaftLogWorker$StartLogSegment.execute(SegmentedRaftLogWorker.java:566)
	at org.apache.ratis.server.raftlog.segmented.SegmentedRaftLogWorker.run(SegmentedRaftLogWorker.java:289)
	at java.lang.Thread.run(Thread.java:748)
2019-09-20 04:49:24,088 [8538cd65-7926-426b-8bad-fbd0f0550f9a-SegmentedRaftLogWorker:Storage Directory /workdir/hadoop-ozone/integration-test/target/test-dir/MiniOzoneClusterImpl-bb3956c2-c4d1-403a-b406-f8ec73b3905b/datanode-2/data/ratis/51dc7eba-fdfd-48e3-a995-d8ca85e292d5] INFO  impl.RaftServerImpl (RaftServerImpl.java:lambda$shutdown$3(245)) - 8538cd65-7926-426b-8bad-fbd0f0550f9a: shutdown group-D8CA85E292D5
2019-09-20 04:49:24,088 | INFO  | SCMAudit | user=jenkins1000 | ip=192.168.36.79 | op=SEND_HEARTBEAT {datanodeUUID=a9bc59c4-b792-48d5-9db2-4e71770477b1, command=[]} | ret=SUCCESS |  
2019-09-20 04:49:24,048 [3c2a6bfe-f5c5-4e23-89b0-850dab17697d-SegmentedRaftLogWorker:Storage Directory /workdir/hadoop-ozone/integration-test/target/test-dir/MiniOzoneClusterImpl-cd85f641-6806-455e-b969-480e50aec385/datanode-4/data/ratis/0e2d4eb6-0cf6-4423-b3bb-9b431e59f634] ERROR segmented.SegmentedRaftLogWorker (SegmentedRaftLogWorker.java:run(323)) - 3c2a6bfe-f5c5-4e23-89b0-850dab17697d-SegmentedRaftLogWorker:Storage Directory /workdir/hadoop-ozone/integration-test/target/test-dir/MiniOzoneClusterImpl-cd85f641-6806-455e-b969-480e50aec385/datanode-4/data/ratis/0e2d4eb6-0cf6-4423-b3bb-9b431e59f634 hit exception
java.lang.OutOfMemoryError: Direct buffer memory
	at java.nio.Bits.reserveMemory(Bits.java:666)
	at java.nio.DirectByteBuffer.<init>(DirectByteBuffer.java:123)
	at java.nio.ByteBuffer.allocateDirect(ByteBuffer.java:311)
	at org.apache.ratis.server.raftlog.segmented.BufferedWriteChannel.<init>(BufferedWriteChannel.java:41)
	at org.apache.ratis.server.raftlog.segmented.SegmentedRaftLogOutputStream.<init>(SegmentedRaftLogOutputStream.java:72)
	at org.apache.ratis.server.raftlog.segmented.SegmentedRaftLogWorker$StartLogSegment.execute(SegmentedRaftLogWorker.java:566)
	at org.apache.ratis.server.raftlog.segmented.SegmentedRaftLogWorker.run(SegmentedRaftLogWorker.java:289)
	at java.lang.Thread.run(Thread.java:748)
2019-09-20 04:49:24,088 [3c2a6bfe-f5c5-4e23-89b0-850dab17697d-SegmentedRaftLogWorker:Storage Directory /workdir/hadoop-ozone/integration-test/target/test-dir/MiniOzoneClusterImpl-cd85f641-6806-455e-b969-480e50aec385/datanode-4/data/ratis/0e2d4eb6-0cf6-4423-b3bb-9b431e59f634] INFO  impl.RaftServerImpl (RaftServerImpl.java:lambda$shutdown$3(245)) - 3c2a6bfe-f5c5-4e23-89b0-850dab17697d: shutdown group-9B431E59F634
2019-09-20 04:49:24,047 [fdbc37f2-9e58-4bac-a5d5-a78839d012e9-SegmentedRaftLogWorker:Storage Directory /workdir/hadoop-ozone/integration-test/target/test-dir/MiniOzoneClusterImpl-cd85f641-6806-455e-b969-480e50aec385/datanode-3/data/ratis/23bc1d4d-c2f1-409e-9ba6-44ff265f9aff] ERROR segmented.SegmentedRaftLogWorker (SegmentedRaftLogWorker.java:run(323)) - fdbc37f2-9e58-4bac-a5d5-a78839d012e9-SegmentedRaftLogWorker:Storage Directory /workdir/hadoop-ozone/integration-test/target/test-dir/MiniOzoneClusterImpl-cd85f641-6806-455e-b969-480e50aec385/datanode-3/data/ratis/23bc1d4d-c2f1-409e-9ba6-44ff265f9aff hit exception
java.lang.OutOfMemoryError: Direct buffer memory
	at java.nio.Bits.reserveMemory(Bits.java:666)
	at java.nio.DirectByteBuffer.<init>(DirectByteBuffer.java:123)
	at java.nio.ByteBuffer.allocateDirect(ByteBuffer.java:311)
	at org.apache.ratis.server.raftlog.segmented.BufferedWriteChannel.<init>(BufferedWriteChannel.java:41)
	at org.apache.ratis.server.raftlog.segmented.SegmentedRaftLogOutputStream.<init>(SegmentedRaftLogOutputStream.java:72)
	at org.apache.ratis.server.raftlog.segmented.SegmentedRaftLogWorker$StartLogSegment.execute(SegmentedRaftLogWorker.java:566)
	at org.apache.ratis.server.raftlog.segmented.SegmentedRaftLogWorker.run(SegmentedRaftLogWorker.java:289)
	at java.lang.Thread.run(Thread.java:748)
2019-09-20 04:49:24,089 [fdbc37f2-9e58-4bac-a5d5-a78839d012e9-SegmentedRaftLogWorker:Storage Directory /workdir/hadoop-ozone/integration-test/target/test-dir/MiniOzoneClusterImpl-cd85f641-6806-455e-b969-480e50aec385/datanode-3/data/ratis/23bc1d4d-c2f1-409e-9ba6-44ff265f9aff] INFO  impl.RaftServerImpl (RaftServerImpl.java:lambda$shutdown$3(245)) - fdbc37f2-9e58-4bac-a5d5-a78839d012e9: shutdown group-44FF265F9AFF
2019-09-20 04:49:24,047 [3c2a6bfe-f5c5-4e23-89b0-850dab17697d-SegmentedRaftLogWorker:Storage Directory /workdir/hadoop-ozone/integration-test/target/test-dir/MiniOzoneClusterImpl-cd85f641-6806-455e-b969-480e50aec385/datanode-4/data/ratis/820de21a-41fa-4680-ae56-993ed3a05d0c] ERROR segmented.SegmentedRaftLogWorker (SegmentedRaftLogWorker.java:run(323)) - 3c2a6bfe-f5c5-4e23-89b0-850dab17697d-SegmentedRaftLogWorker:Storage Directory /workdir/hadoop-ozone/integration-test/target/test-dir/MiniOzoneClusterImpl-cd85f641-6806-455e-b969-480e50aec385/datanode-4/data/ratis/820de21a-41fa-4680-ae56-993ed3a05d0c hit exception
java.lang.OutOfMemoryError: Direct buffer memory
	at java.nio.Bits.reserveMemory(Bits.java:666)
	at java.nio.DirectByteBuffer.<init>(DirectByteBuffer.java:123)
	at java.nio.ByteBuffer.allocateDirect(ByteBuffer.java:311)
	at org.apache.ratis.server.raftlog.segmented.BufferedWriteChannel.<init>(BufferedWriteChannel.java:41)
	at org.apache.ratis.server.raftlog.segmented.SegmentedRaftLogOutputStream.<init>(SegmentedRaftLogOutputStream.java:72)
	at org.apache.ratis.server.raftlog.segmented.SegmentedRaftLogWorker$StartLogSegment.execute(SegmentedRaftLogWorker.java:566)
	at org.apache.ratis.server.raftlog.segmented.SegmentedRaftLogWorker.run(SegmentedRaftLogWorker.java:289)
	at java.lang.Thread.run(Thread.java:748)
2019-09-20 04:49:24,089 [fdbc37f2-9e58-4bac-a5d5-a78839d012e9-SegmentedRaftLogWorker:Storage Directory /workdir/hadoop-ozone/integration-test/target/test-dir/MiniOzoneClusterImpl-cd85f641-6806-455e-b969-480e50aec385/datanode-3/data/ratis/23bc1d4d-c2f1-409e-9ba6-44ff265f9aff] INFO  util.JmxRegister (JmxRegister.java:unregister(73)) - Successfully un-registered JMX Bean with object name Ratis:service=RaftServer,group=group-44FF265F9AFF,id=fdbc37f2-9e58-4bac-a5d5-a78839d012e9
2019-09-20 04:49:24,089 [fdbc37f2-9e58-4bac-a5d5-a78839d012e9-SegmentedRaftLogWorker:Storage Directory /workdir/hadoop-ozone/integration-test/target/test-dir/MiniOzoneClusterImpl-cd85f641-6806-455e-b969-480e50aec385/datanode-3/data/ratis/23bc1d4d-c2f1-409e-9ba6-44ff265f9aff] INFO  impl.RoleInfo (RoleInfo.java:shutdownLeaderState(104)) - fdbc37f2-9e58-4bac-a5d5-a78839d012e9: shutdown LeaderState
2019-09-20 04:49:24,088 [3c2a6bfe-f5c5-4e23-89b0-850dab17697d-SegmentedRaftLogWorker:Storage Directory /workdir/hadoop-ozone/integration-test/target/test-dir/MiniOzoneClusterImpl-cd85f641-6806-455e-b969-480e50aec385/datanode-4/data/ratis/0e2d4eb6-0cf6-4423-b3bb-9b431e59f634] INFO  util.JmxRegister (JmxRegister.java:unregister(73)) - Successfully un-registered JMX Bean with object name Ratis:service=RaftServer,group=group-9B431E59F634,id=3c2a6bfe-f5c5-4e23-89b0-850dab17697d
2019-09-20 04:49:24,088 [8538cd65-7926-426b-8bad-fbd0f0550f9a-SegmentedRaftLogWorker:Storage Directory /workdir/hadoop-ozone/integration-test/target/test-dir/MiniOzoneClusterImpl-bb3956c2-c4d1-403a-b406-f8ec73b3905b/datanode-2/data/ratis/51dc7eba-fdfd-48e3-a995-d8ca85e292d5] INFO  util.JmxRegister (JmxRegister.java:unregister(73)) - Successfully un-registered JMX Bean with object name Ratis:service=RaftServer,group=group-D8CA85E292D5,id=8538cd65-7926-426b-8bad-fbd0f0550f9a
2019-09-20 04:49:24,089 [8538cd65-7926-426b-8bad-fbd0f0550f9a-SegmentedRaftLogWorker:Storage Directory /workdir/hadoop-ozone/integration-test/target/test-dir/MiniOzoneClusterImpl-bb3956c2-c4d1-403a-b406-f8ec73b3905b/datanode-2/data/ratis/51dc7eba-fdfd-48e3-a995-d8ca85e292d5] INFO  impl.RoleInfo (RoleInfo.java:shutdownLeaderState(104)) - 8538cd65-7926-426b-8bad-fbd0f0550f9a: shutdown LeaderState
2019-09-20 04:49:24,087 [5ea19b84-5385-4ae9-8412-c4cfa929b172-SegmentedRaftLogWorker:Storage Directory /workdir/hadoop-ozone/integration-test/target/test-dir/MiniOzoneClusterImpl-bb3956c2-c4d1-403a-b406-f8ec73b3905b/datanode-3/data/ratis/dac2ddd9-aa49-4b25-b9f4-d3671f3b1cb0] INFO  impl.RaftServerImpl (RaftServerImpl.java:lambda$shutdown$3(245)) - 5ea19b84-5385-4ae9-8412-c4cfa929b172: shutdown group-D3671F3B1CB0
2019-09-20 04:49:24,090 [8538cd65-7926-426b-8bad-fbd0f0550f9a-SegmentedRaftLogWorker:Storage Directory /workdir/hadoop-ozone/integration-test/target/test-dir/MiniOzoneClusterImpl-bb3956c2-c4d1-403a-b406-f8ec73b3905b/datanode-2/data/ratis/51dc7eba-fdfd-48e3-a995-d8ca85e292d5] INFO  impl.PendingRequests (PendingRequests.java:sendNotLeaderResponses(202)) - 8538cd65-7926-426b-8bad-fbd0f0550f9a-PendingRequests: sendNotLeaderResponses
2019-09-20 04:49:24,089 [3c2a6bfe-f5c5-4e23-89b0-850dab17697d-SegmentedRaftLogWorker:Storage Directory /workdir/hadoop-ozone/integration-test/target/test-dir/MiniOzoneClusterImpl-cd85f641-6806-455e-b969-480e50aec385/datanode-4/data/ratis/0e2d4eb6-0cf6-4423-b3bb-9b431e59f634] INFO  impl.RoleInfo (RoleInfo.java:shutdownLeaderState(104)) - 3c2a6bfe-f5c5-4e23-89b0-850dab17697d: shutdown LeaderState
2019-09-20 04:49:24,089 [fdbc37f2-9e58-4bac-a5d5-a78839d012e9-SegmentedRaftLogWorker:Storage Directory /workdir/hadoop-ozone/integration-test/target/test-dir/MiniOzoneClusterImpl-cd85f641-6806-455e-b969-480e50aec385/datanode-3/data/ratis/23bc1d4d-c2f1-409e-9ba6-44ff265f9aff] INFO  impl.PendingRequests (PendingRequests.java:sendNotLeaderResponses(202)) - fdbc37f2-9e58-4bac-a5d5-a78839d012e9-PendingRequests: sendNotLeaderResponses
2019-09-20 04:49:24,089 [3c2a6bfe-f5c5-4e23-89b0-850dab17697d-SegmentedRaftLogWorker:Storage Directory /workdir/hadoop-ozone/integration-test/target/test-dir/MiniOzoneClusterImpl-cd85f641-6806-455e-b969-480e50aec385/datanode-4/data/ratis/820de21a-41fa-4680-ae56-993ed3a05d0c] INFO  impl.RaftServerImpl (RaftServerImpl.java:lambda$shutdown$3(245)) - 3c2a6bfe-f5c5-4e23-89b0-850dab17697d: shutdown group-993ED3A05D0C
2019-09-20 04:49:24,090 [fdbc37f2-9e58-4bac-a5d5-a78839d012e9-SegmentedRaftLogWorker:Storage Directory /workdir/hadoop-ozone/integration-test/target/test-dir/MiniOzoneClusterImpl-cd85f641-6806-455e-b969-480e50aec385/datanode-3/data/ratis/23bc1d4d-c2f1-409e-9ba6-44ff265f9aff] INFO  impl.StateMachineUpdater (StateMachineUpdater.java:stopAndJoin(115)) - StateMachineUpdater:fdbc37f2-9e58-4bac-a5d5-a78839d012e9:group-44FF265F9AFF: set stopIndex = -1
2019-09-20 04:49:24,090 [3c2a6bfe-f5c5-4e23-89b0-850dab17697d-SegmentedRaftLogWorker:Storage Directory /workdir/hadoop-ozone/integration-test/target/test-dir/MiniOzoneClusterImpl-cd85f641-6806-455e-b969-480e50aec385/datanode-4/data/ratis/0e2d4eb6-0cf6-4423-b3bb-9b431e59f634] INFO  impl.PendingRequests (PendingRequests.java:sendNotLeaderResponses(202)) - 3c2a6bfe-f5c5-4e23-89b0-850dab17697d-PendingRequests: sendNotLeaderResponses
2019-09-20 04:49:24,090 [8538cd65-7926-426b-8bad-fbd0f0550f9a-SegmentedRaftLogWorker:Storage Directory /workdir/hadoop-ozone/integration-test/target/test-dir/MiniOzoneClusterImpl-bb3956c2-c4d1-403a-b406-f8ec73b3905b/datanode-2/data/ratis/51dc7eba-fdfd-48e3-a995-d8ca85e292d5] INFO  impl.StateMachineUpdater (StateMachineUpdater.java:stopAndJoin(115)) - StateMachineUpdater:8538cd65-7926-426b-8bad-fbd0f0550f9a:group-D8CA85E292D5: set stopIndex = -1
2019-09-20 04:49:24,090 [5ea19b84-5385-4ae9-8412-c4cfa929b172-SegmentedRaftLogWorker:Storage Directory /workdir/hadoop-ozone/integration-test/target/test-dir/MiniOzoneClusterImpl-bb3956c2-c4d1-403a-b406-f8ec73b3905b/datanode-3/data/ratis/dac2ddd9-aa49-4b25-b9f4-d3671f3b1cb0] INFO  util.JmxRegister (JmxRegister.java:unregister(73)) - Successfully un-registered JMX Bean with object name Ratis:service=RaftServer,group=group-D3671F3B1CB0,id=5ea19b84-5385-4ae9-8412-c4cfa929b172
2019-09-20 04:49:24,091 [3c2a6bfe-f5c5-4e23-89b0-850dab17697d-SegmentedRaftLogWorker:Storage Directory /workdir/hadoop-ozone/integration-test/target/test-dir/MiniOzoneClusterImpl-cd85f641-6806-455e-b969-480e50aec385/datanode-4/data/ratis/0e2d4eb6-0cf6-4423-b3bb-9b431e59f634] INFO  impl.StateMachineUpdater (StateMachineUpdater.java:stopAndJoin(115)) - StateMachineUpdater:3c2a6bfe-f5c5-4e23-89b0-850dab17697d:group-9B431E59F634: set stopIndex = -1
2019-09-20 04:49:24,091 [8538cd65-7926-426b-8bad-fbd0f0550f9a-SegmentedRaftLogWorker:Storage Directory /workdir/hadoop-ozone/integration-test/target/test-dir/MiniOzoneClusterImpl-bb3956c2-c4d1-403a-b406-f8ec73b3905b/datanode-2/data/ratis/51dc7eba-fdfd-48e3-a995-d8ca85e292d5] INFO  impl.RaftServerImpl (ServerState.java:close(394)) - 8538cd65-7926-426b-8bad-fbd0f0550f9a:group-D8CA85E292D5 closes. The last applied log index is -1
2019-09-20 04:49:24,090 [fdbc37f2-9e58-4bac-a5d5-a78839d012e9-SegmentedRaftLogWorker:Storage Directory /workdir/hadoop-ozone/integration-test/target/test-dir/MiniOzoneClusterImpl-cd85f641-6806-455e-b969-480e50aec385/datanode-3/data/ratis/23bc1d4d-c2f1-409e-9ba6-44ff265f9aff] INFO  impl.RaftServerImpl (ServerState.java:close(394)) - fdbc37f2-9e58-4bac-a5d5-a78839d012e9:group-44FF265F9AFF closes. The last applied log index is -1
2019-09-20 04:49:24,090 [3c2a6bfe-f5c5-4e23-89b0-850dab17697d-SegmentedRaftLogWorker:Storage Directory /workdir/hadoop-ozone/integration-test/target/test-dir/MiniOzoneClusterImpl-cd85f641-6806-455e-b969-480e50aec385/datanode-4/data/ratis/820de21a-41fa-4680-ae56-993ed3a05d0c] INFO  util.JmxRegister (JmxRegister.java:unregister(73)) - Successfully un-registered JMX Bean with object name Ratis:service=RaftServer,group=group-993ED3A05D0C,id=3c2a6bfe-f5c5-4e23-89b0-850dab17697d
2019-09-20 04:49:24,091 [8538cd65-7926-426b-8bad-fbd0f0550f9a-SegmentedRaftLogWorker:Storage Directory /workdir/hadoop-ozone/integration-test/target/test-dir/MiniOzoneClusterImpl-bb3956c2-c4d1-403a-b406-f8ec73b3905b/datanode-2/data/ratis/51dc7eba-fdfd-48e3-a995-d8ca85e292d5] INFO  segmented.SegmentedRaftLogWorker (SegmentedRaftLogWorker.java:close(228)) - 8538cd65-7926-426b-8bad-fbd0f0550f9a-SegmentedRaftLogWorker:Storage Directory /workdir/hadoop-ozone/integration-test/target/test-dir/MiniOzoneClusterImpl-bb3956c2-c4d1-403a-b406-f8ec73b3905b/datanode-2/data/ratis/51dc7eba-fdfd-48e3-a995-d8ca85e292d5 close()
2019-09-20 04:49:24,091 [3c2a6bfe-f5c5-4e23-89b0-850dab17697d-SegmentedRaftLogWorker:Storage Directory /workdir/hadoop-ozone/integration-test/target/test-dir/MiniOzoneClusterImpl-cd85f641-6806-455e-b969-480e50aec385/datanode-4/data/ratis/0e2d4eb6-0cf6-4423-b3bb-9b431e59f634] INFO  impl.RaftServerImpl (ServerState.java:close(394)) - 3c2a6bfe-f5c5-4e23-89b0-850dab17697d:group-9B431E59F634 closes. The last applied log index is -1
2019-09-20 04:49:24,091 [5ea19b84-5385-4ae9-8412-c4cfa929b172-SegmentedRaftLogWorker:Storage Directory /workdir/hadoop-ozone/integration-test/target/test-dir/MiniOzoneClusterImpl-bb3956c2-c4d1-403a-b406-f8ec73b3905b/datanode-3/data/ratis/dac2ddd9-aa49-4b25-b9f4-d3671f3b1cb0] INFO  impl.RoleInfo (RoleInfo.java:shutdownLeaderState(104)) - 5ea19b84-5385-4ae9-8412-c4cfa929b172: shutdown LeaderState
2019-09-20 04:49:24,092 [3c2a6bfe-f5c5-4e23-89b0-850dab17697d-SegmentedRaftLogWorker:Storage Directory /workdir/hadoop-ozone/integration-test/target/test-dir/MiniOzoneClusterImpl-cd85f641-6806-455e-b969-480e50aec385/datanode-4/data/ratis/0e2d4eb6-0cf6-4423-b3bb-9b431e59f634] INFO  segmented.SegmentedRaftLogWorker (SegmentedRaftLogWorker.java:close(228)) - 3c2a6bfe-f5c5-4e23-89b0-850dab17697d-SegmentedRaftLogWorker:Storage Directory /workdir/hadoop-ozone/integration-test/target/test-dir/MiniOzoneClusterImpl-cd85f641-6806-455e-b969-480e50aec385/datanode-4/data/ratis/0e2d4eb6-0cf6-4423-b3bb-9b431e59f634 close()
2019-09-20 04:49:24,092 [5ea19b84-5385-4ae9-8412-c4cfa929b172-SegmentedRaftLogWorker:Storage Directory /workdir/hadoop-ozone/integration-test/target/test-dir/MiniOzoneClusterImpl-bb3956c2-c4d1-403a-b406-f8ec73b3905b/datanode-3/data/ratis/dac2ddd9-aa49-4b25-b9f4-d3671f3b1cb0] INFO  impl.PendingRequests (PendingRequests.java:sendNotLeaderResponses(202)) - 5ea19b84-5385-4ae9-8412-c4cfa929b172-PendingRequests: sendNotLeaderResponses
2019-09-20 04:49:24,091 [3c2a6bfe-f5c5-4e23-89b0-850dab17697d-SegmentedRaftLogWorker:Storage Directory /workdir/hadoop-ozone/integration-test/target/test-dir/MiniOzoneClusterImpl-cd85f641-6806-455e-b969-480e50aec385/datanode-4/data/ratis/820de21a-41fa-4680-ae56-993ed3a05d0c] INFO  impl.RoleInfo (RoleInfo.java:shutdownLeaderState(104)) - 3c2a6bfe-f5c5-4e23-89b0-850dab17697d: shutdown LeaderState
2019-09-20 04:49:24,091 [fdbc37f2-9e58-4bac-a5d5-a78839d012e9-SegmentedRaftLogWorker:Storage Directory /workdir/hadoop-ozone/integration-test/target/test-dir/MiniOzoneClusterImpl-cd85f641-6806-455e-b969-480e50aec385/datanode-3/data/ratis/23bc1d4d-c2f1-409e-9ba6-44ff265f9aff] INFO  segmented.SegmentedRaftLogWorker (SegmentedRaftLogWorker.java:close(228)) - fdbc37f2-9e58-4bac-a5d5-a78839d012e9-SegmentedRaftLogWorker:Storage Directory /workdir/hadoop-ozone/integration-test/target/test-dir/MiniOzoneClusterImpl-cd85f641-6806-455e-b969-480e50aec385/datanode-3/data/ratis/23bc1d4d-c2f1-409e-9ba6-44ff265f9aff close()
2019-09-20 04:49:24,092 [3c2a6bfe-f5c5-4e23-89b0-850dab17697d-SegmentedRaftLogWorker:Storage Directory /workdir/hadoop-ozone/integration-test/target/test-dir/MiniOzoneClusterImpl-cd85f641-6806-455e-b969-480e50aec385/datanode-4/data/ratis/820de21a-41fa-4680-ae56-993ed3a05d0c] INFO  impl.PendingRequests (PendingRequests.java:sendNotLeaderResponses(202)) - 3c2a6bfe-f5c5-4e23-89b0-850dab17697d-PendingRequests: sendNotLeaderResponses
2019-09-20 04:49:24,092 [5ea19b84-5385-4ae9-8412-c4cfa929b172-SegmentedRaftLogWorker:Storage Directory /workdir/hadoop-ozone/integration-test/target/test-dir/MiniOzoneClusterImpl-bb3956c2-c4d1-403a-b406-f8ec73b3905b/datanode-3/data/ratis/dac2ddd9-aa49-4b25-b9f4-d3671f3b1cb0] INFO  impl.StateMachineUpdater (StateMachineUpdater.java:stopAndJoin(115)) - StateMachineUpdater:5ea19b84-5385-4ae9-8412-c4cfa929b172:group-D3671F3B1CB0: set stopIndex = -1
2019-09-20 04:49:24,092 [3c2a6bfe-f5c5-4e23-89b0-850dab17697d-SegmentedRaftLogWorker:Storage Directory /workdir/hadoop-ozone/integration-test/target/test-dir/MiniOzoneClusterImpl-cd85f641-6806-455e-b969-480e50aec385/datanode-4/data/ratis/820de21a-41fa-4680-ae56-993ed3a05d0c] INFO  impl.StateMachineUpdater (StateMachineUpdater.java:stopAndJoin(115)) - StateMachineUpdater:3c2a6bfe-f5c5-4e23-89b0-850dab17697d:group-993ED3A05D0C: set stopIndex = -1
2019-09-20 04:49:24,092 [5ea19b84-5385-4ae9-8412-c4cfa929b172-SegmentedRaftLogWorker:Storage Directory /workdir/hadoop-ozone/integration-test/target/test-dir/MiniOzoneClusterImpl-bb3956c2-c4d1-403a-b406-f8ec73b3905b/datanode-3/data/ratis/dac2ddd9-aa49-4b25-b9f4-d3671f3b1cb0] INFO  impl.RaftServerImpl (ServerState.java:close(394)) - 5ea19b84-5385-4ae9-8412-c4cfa929b172:group-D3671F3B1CB0 closes. The last applied log index is -1
2019-09-20 04:49:24,093 [3c2a6bfe-f5c5-4e23-89b0-850dab17697d-SegmentedRaftLogWorker:Storage Directory /workdir/hadoop-ozone/integration-test/target/test-dir/MiniOzoneClusterImpl-cd85f641-6806-455e-b969-480e50aec385/datanode-4/data/ratis/820de21a-41fa-4680-ae56-993ed3a05d0c] INFO  impl.RaftServerImpl (ServerState.java:close(394)) - 3c2a6bfe-f5c5-4e23-89b0-850dab17697d:group-993ED3A05D0C closes. The last applied log index is -1
2019-09-20 04:49:24,093 [5ea19b84-5385-4ae9-8412-c4cfa929b172-SegmentedRaftLogWorker:Storage Directory /workdir/hadoop-ozone/integration-test/target/test-dir/MiniOzoneClusterImpl-bb3956c2-c4d1-403a-b406-f8ec73b3905b/datanode-3/data/ratis/dac2ddd9-aa49-4b25-b9f4-d3671f3b1cb0] INFO  segmented.SegmentedRaftLogWorker (SegmentedRaftLogWorker.java:close(228)) - 5ea19b84-5385-4ae9-8412-c4cfa929b172-SegmentedRaftLogWorker:Storage Directory /workdir/hadoop-ozone/integration-test/target/test-dir/MiniOzoneClusterImpl-bb3956c2-c4d1-403a-b406-f8ec73b3905b/datanode-3/data/ratis/dac2ddd9-aa49-4b25-b9f4-d3671f3b1cb0 close()
2019-09-20 04:49:24,093 [3c2a6bfe-f5c5-4e23-89b0-850dab17697d-SegmentedRaftLogWorker:Storage Directory /workdir/hadoop-ozone/integration-test/target/test-dir/MiniOzoneClusterImpl-cd85f641-6806-455e-b969-480e50aec385/datanode-4/data/ratis/820de21a-41fa-4680-ae56-993ed3a05d0c] INFO  segmented.SegmentedRaftLogWorker (SegmentedRaftLogWorker.java:close(228)) - 3c2a6bfe-f5c5-4e23-89b0-850dab17697d-SegmentedRaftLogWorker:Storage Directory /workdir/hadoop-ozone/integration-test/target/test-dir/MiniOzoneClusterImpl-cd85f641-6806-455e-b969-480e50aec385/datanode-4/data/ratis/820de21a-41fa-4680-ae56-993ed3a05d0c close()
2019-09-20 04:49:24,192 | INFO  | SCMAudit | user=jenkins1000 | ip=192.168.36.79 | op=SEND_HEARTBEAT {datanodeUUID=fdbc37f2-9e58-4bac-a5d5-a78839d012e9, command=[]} | ret=SUCCESS |  
2019-09-20 04:49:24,192 | INFO  | SCMAudit | user=jenkins1000 | ip=192.168.36.79 | op=SEND_HEARTBEAT {datanodeUUID=bd1a845e-f2ed-4713-9516-9ccc20139040, command=[]} | ret=SUCCESS |  
2019-09-20 04:49:24,193 | INFO  | SCMAudit | user=jenkins1000 | ip=192.168.36.79 | op=SEND_HEARTBEAT {datanodeUUID=1d91ad97-6666-4ee7-855a-8b5e944e7401, command=[]} | ret=SUCCESS |  
2019-09-20 04:49:24,193 | INFO  | SCMAudit | user=jenkins1000 | ip=192.168.36.79 | op=SEND_HEARTBEAT {datanodeUUID=ba95d636-ac34-4b74-a102-dec8d0f377c6, command=[]} | ret=SUCCESS |  
2019-09-20 04:49:24,193 | INFO  | SCMAudit | user=jenkins1000 | ip=192.168.36.79 | op=SEND_HEARTBEAT {datanodeUUID=3c2a6bfe-f5c5-4e23-89b0-850dab17697d, command=[]} | ret=SUCCESS |  
2019-09-20 04:49:24,194 | INFO  | SCMAudit | user=jenkins1000 | ip=192.168.36.79 | op=SEND_HEARTBEAT {datanodeUUID=236eed40-dd97-4fdc-a0ae-ab99685a426b, command=[]} | ret=SUCCESS |  
2019-09-20 04:49:24,194 | INFO  | SCMAudit | user=jenkins1000 | ip=192.168.36.79 | op=SEND_HEARTBEAT {datanodeUUID=8d97392c-5f4b-400a-94a1-fb61a3ebbc99, command=[]} | ret=SUCCESS |  
2019-09-20 04:49:24,194 | INFO  | SCMAudit | user=jenkins1000 | ip=192.168.36.79 | op=SEND_HEARTBEAT {datanodeUUID=ea71b9af-1075-4196-9693-aa14e10f536d, command=[]} | ret=SUCCESS |  
2019-09-20 04:49:24,194 | INFO  | SCMAudit | user=jenkins1000 | ip=192.168.36.79 | op=SEND_HEARTBEAT {datanodeUUID=0ad3f89e-804f-4845-89c5-5ff1a35a5dda, command=[]} | ret=SUCCESS |  
2019-09-20 04:49:24,194 | INFO  | SCMAudit | user=jenkins1000 | ip=192.168.36.79 | op=SEND_HEARTBEAT {datanodeUUID=eb30d72f-c0a8-4ecb-bfee-9120a9a6cddf, command=[]} | ret=SUCCESS |  
2019-09-20 04:49:24,194 | INFO  | SCMAudit | user=jenkins1000 | ip=192.168.36.79 | op=SEND_HEARTBEAT {datanodeUUID=42fc6e92-fcdd-4827-b621-9fc58a3d2315, command=[]} | ret=SUCCESS |  
2019-09-20 04:49:24,195 | INFO  | SCMAudit | user=jenkins1000 | ip=192.168.36.79 | op=SEND_HEARTBEAT {datanodeUUID=eaf3ecbe-c3b1-4969-ad3a-e4de7fb04f81, command=[]} | ret=SUCCESS |  
2019-09-20 04:49:24,195 | INFO  | SCMAudit | user=jenkins1000 | ip=192.168.36.79 | op=SEND_HEARTBEAT {datanodeUUID=dba845b8-ea76-4e09-ab03-0883d354e493, command=[]} | ret=SUCCESS |  
2019-09-20 04:49:24,195 | INFO  | SCMAudit | user=jenkins1000 | ip=192.168.36.79 | op=SEND_HEARTBEAT {datanodeUUID=68a93ad8-b6a8-44e1-8a9f-45fcc58d229a, command=[]} | ret=SUCCESS |  
2019-09-20 04:49:24,195 | INFO  | SCMAudit | user=jenkins1000 | ip=192.168.36.79 | op=SEND_HEARTBEAT {datanodeUUID=5ea19b84-5385-4ae9-8412-c4cfa929b172, command=[]} | ret=SUCCESS |  
2019-09-20 04:49:24,195 | INFO  | SCMAudit | user=jenkins1000 | ip=192.168.36.79 | op=SEND_HEARTBEAT {datanodeUUID=2702b462-69d8-4c1b-aae1-091a21fe08b8, command=[]} | ret=SUCCESS |  
2019-09-20 04:49:24,195 | INFO  | SCMAudit | user=jenkins1000 | ip=192.168.36.79 | op=SEND_HEARTBEAT {datanodeUUID=c4f6294c-eda3-4afd-81f7-e69ed14da69f, command=[]} | ret=SUCCESS |  
2019-09-20 04:49:24,195 | INFO  | SCMAudit | user=jenkins1000 | ip=192.168.36.79 | op=SEND_HEARTBEAT {datanodeUUID=2d6465ef-cffa-473a-a4c6-a9aa3f1a26c0, command=[]} | ret=SUCCESS |  
2019-09-20 04:49:24,595 [grpc-default-executor-0] INFO  client.GrpcClientProtocolClient (GrpcClientProtocolClient.java:onNext(255)) - client-4B9F346F76BE->0ad3f89e-804f-4845-89c5-5ff1a35a5dda: receive RaftClientReply:client-4B9F346F76BE->0ad3f89e-804f-4845-89c5-5ff1a35a5dda@group-F325FBB9CFF9, cid=123, FAILED org.apache.ratis.protocol.NotLeaderException: Server 0ad3f89e-804f-4845-89c5-5ff1a35a5dda is not the leader (null). Request must be sent to leader., logIndex=0, commits[0ad3f89e-804f-4845-89c5-5ff1a35a5dda:c-1]
2019-09-20 04:49:24,612 [fdbc37f2-9e58-4bac-a5d5-a78839d012e9-SegmentedRaftLogWorker:Storage Directory /workdir/hadoop-ozone/integration-test/target/test-dir/MiniOzoneClusterImpl-cd85f641-6806-455e-b969-480e50aec385/datanode-3/data/ratis/08ac8d70-3bac-4c8c-8744-7097719757e2] ERROR segmented.SegmentedRaftLogWorker (SegmentedRaftLogWorker.java:run(323)) - fdbc37f2-9e58-4bac-a5d5-a78839d012e9-SegmentedRaftLogWorker:Storage Directory /workdir/hadoop-ozone/integration-test/target/test-dir/MiniOzoneClusterImpl-cd85f641-6806-455e-b969-480e50aec385/datanode-3/data/ratis/08ac8d70-3bac-4c8c-8744-7097719757e2 hit exception
java.lang.OutOfMemoryError: Direct buffer memory
	at java.nio.Bits.reserveMemory(Bits.java:666)
	at java.nio.DirectByteBuffer.<init>(DirectByteBuffer.java:123)
	at java.nio.ByteBuffer.allocateDirect(ByteBuffer.java:311)
	at org.apache.ratis.server.raftlog.segmented.BufferedWriteChannel.<init>(BufferedWriteChannel.java:41)
	at org.apache.ratis.server.raftlog.segmented.SegmentedRaftLogOutputStream.<init>(SegmentedRaftLogOutputStream.java:72)
	at org.apache.ratis.server.raftlog.segmented.SegmentedRaftLogWorker$StartLogSegment.execute(SegmentedRaftLogWorker.java:566)
	at org.apache.ratis.server.raftlog.segmented.SegmentedRaftLogWorker.run(SegmentedRaftLogWorker.java:289)
	at java.lang.Thread.run(Thread.java:748)
2019-09-20 04:49:24,623 [fdbc37f2-9e58-4bac-a5d5-a78839d012e9-SegmentedRaftLogWorker:Storage Directory /workdir/hadoop-ozone/integration-test/target/test-dir/MiniOzoneClusterImpl-cd85f641-6806-455e-b969-480e50aec385/datanode-3/data/ratis/08ac8d70-3bac-4c8c-8744-7097719757e2] INFO  impl.RaftServerImpl (RaftServerImpl.java:lambda$shutdown$3(245)) - fdbc37f2-9e58-4bac-a5d5-a78839d012e9: shutdown group-7097719757E2
2019-09-20 04:49:24,624 [fdbc37f2-9e58-4bac-a5d5-a78839d012e9-SegmentedRaftLogWorker:Storage Directory /workdir/hadoop-ozone/integration-test/target/test-dir/MiniOzoneClusterImpl-cd85f641-6806-455e-b969-480e50aec385/datanode-3/data/ratis/08ac8d70-3bac-4c8c-8744-7097719757e2] INFO  util.JmxRegister (JmxRegister.java:unregister(73)) - Successfully un-registered JMX Bean with object name Ratis:service=RaftServer,group=group-7097719757E2,id=fdbc37f2-9e58-4bac-a5d5-a78839d012e9
2019-09-20 04:49:24,624 [fdbc37f2-9e58-4bac-a5d5-a78839d012e9-SegmentedRaftLogWorker:Storage Directory /workdir/hadoop-ozone/integration-test/target/test-dir/MiniOzoneClusterImpl-cd85f641-6806-455e-b969-480e50aec385/datanode-3/data/ratis/08ac8d70-3bac-4c8c-8744-7097719757e2] INFO  impl.RoleInfo (RoleInfo.java:shutdownLeaderState(104)) - fdbc37f2-9e58-4bac-a5d5-a78839d012e9: shutdown LeaderState
2019-09-20 04:49:24,624 [fdbc37f2-9e58-4bac-a5d5-a78839d012e9-SegmentedRaftLogWorker:Storage Directory /workdir/hadoop-ozone/integration-test/target/test-dir/MiniOzoneClusterImpl-cd85f641-6806-455e-b969-480e50aec385/datanode-3/data/ratis/08ac8d70-3bac-4c8c-8744-7097719757e2] INFO  impl.PendingRequests (PendingRequests.java:sendNotLeaderResponses(202)) - fdbc37f2-9e58-4bac-a5d5-a78839d012e9-PendingRequests: sendNotLeaderResponses
2019-09-20 04:49:24,627 [fdbc37f2-9e58-4bac-a5d5-a78839d012e9-SegmentedRaftLogWorker:Storage Directory /workdir/hadoop-ozone/integration-test/target/test-dir/MiniOzoneClusterImpl-cd85f641-6806-455e-b969-480e50aec385/datanode-3/data/ratis/08ac8d70-3bac-4c8c-8744-7097719757e2] INFO  impl.StateMachineUpdater (StateMachineUpdater.java:stopAndJoin(115)) - StateMachineUpdater:fdbc37f2-9e58-4bac-a5d5-a78839d012e9:group-7097719757E2: set stopIndex = -1
2019-09-20 04:49:24,628 [fdbc37f2-9e58-4bac-a5d5-a78839d012e9-SegmentedRaftLogWorker:Storage Directory /workdir/hadoop-ozone/integration-test/target/test-dir/MiniOzoneClusterImpl-cd85f641-6806-455e-b969-480e50aec385/datanode-3/data/ratis/08ac8d70-3bac-4c8c-8744-7097719757e2] INFO  impl.RaftServerImpl (ServerState.java:close(394)) - fdbc37f2-9e58-4bac-a5d5-a78839d012e9:group-7097719757E2 closes. The last applied log index is -1
2019-09-20 04:49:24,628 [fdbc37f2-9e58-4bac-a5d5-a78839d012e9-SegmentedRaftLogWorker:Storage Directory /workdir/hadoop-ozone/integration-test/target/test-dir/MiniOzoneClusterImpl-cd85f641-6806-455e-b969-480e50aec385/datanode-3/data/ratis/08ac8d70-3bac-4c8c-8744-7097719757e2] INFO  segmented.SegmentedRaftLogWorker (SegmentedRaftLogWorker.java:close(228)) - fdbc37f2-9e58-4bac-a5d5-a78839d012e9-SegmentedRaftLogWorker:Storage Directory /workdir/hadoop-ozone/integration-test/target/test-dir/MiniOzoneClusterImpl-cd85f641-6806-455e-b969-480e50aec385/datanode-3/data/ratis/08ac8d70-3bac-4c8c-8744-7097719757e2 close()
2019-09-20 04:49:24,981 [Thread-1183] INFO  impl.FollowerState (FollowerState.java:run(106)) - 0ad3f89e-804f-4845-89c5-5ff1a35a5dda:group-77F0026915B1 changes to CANDIDATE, lastRpcTime:11419, electionTimeout:5050ms
2019-09-20 04:49:24,981 [Thread-1183] INFO  impl.RoleInfo (RoleInfo.java:shutdownFollowerState(121)) - 0ad3f89e-804f-4845-89c5-5ff1a35a5dda: shutdown FollowerState
2019-09-20 04:49:24,981 [Thread-1183] INFO  impl.RaftServerImpl (RaftServerImpl.java:setRole(171)) - 0ad3f89e-804f-4845-89c5-5ff1a35a5dda:group-77F0026915B1 changes role from FOLLOWER to CANDIDATE at term 0 for changeToCandidate
2019-09-20 04:49:24,981 [Thread-1183] INFO  impl.RoleInfo (RoleInfo.java:updateAndGet(143)) - 0ad3f89e-804f-4845-89c5-5ff1a35a5dda: start LeaderElection
2019-09-20 04:49:24,993 [Thread-794] INFO  impl.FollowerState (FollowerState.java:run(106)) - bd1a845e-f2ed-4713-9516-9ccc20139040:group-50BD40651027 changes to CANDIDATE, lastRpcTime:22153, electionTimeout:5063ms
2019-09-20 04:49:24,993 [Thread-794] INFO  impl.RoleInfo (RoleInfo.java:shutdownFollowerState(121)) - bd1a845e-f2ed-4713-9516-9ccc20139040: shutdown FollowerState
2019-09-20 04:49:24,994 [Thread-794] INFO  impl.RaftServerImpl (RaftServerImpl.java:setRole(171)) - bd1a845e-f2ed-4713-9516-9ccc20139040:group-50BD40651027 changes role from FOLLOWER to CANDIDATE at term 0 for changeToCandidate
2019-09-20 04:49:24,994 [Thread-794] INFO  impl.RoleInfo (RoleInfo.java:updateAndGet(143)) - bd1a845e-f2ed-4713-9516-9ccc20139040: start LeaderElection
2019-09-20 04:49:25,002 [0ad3f89e-804f-4845-89c5-5ff1a35a5dda:group-77F0026915B1:LeaderElection108] INFO  impl.LeaderElection (LeaderElection.java:askForVotes(181)) - 0ad3f89e-804f-4845-89c5-5ff1a35a5dda:group-77F0026915B1:LeaderElection108: begin an election at term 1 for -1: [0ad3f89e-804f-4845-89c5-5ff1a35a5dda:192.168.36.79:34659], old=null
2019-09-20 04:49:25,002 [0ad3f89e-804f-4845-89c5-5ff1a35a5dda:group-77F0026915B1:LeaderElection108] INFO  impl.RoleInfo (RoleInfo.java:shutdownLeaderElection(134)) - 0ad3f89e-804f-4845-89c5-5ff1a35a5dda: shutdown LeaderElection
2019-09-20 04:49:25,002 [0ad3f89e-804f-4845-89c5-5ff1a35a5dda:group-77F0026915B1:LeaderElection108] INFO  impl.RaftServerImpl (RaftServerImpl.java:setRole(171)) - 0ad3f89e-804f-4845-89c5-5ff1a35a5dda:group-77F0026915B1 changes role from CANDIDATE to LEADER at term 1 for changeToLeader
2019-09-20 04:49:25,002 [0ad3f89e-804f-4845-89c5-5ff1a35a5dda:group-77F0026915B1:LeaderElection108] INFO  impl.RaftServerImpl (ServerState.java:setLeader(263)) - 0ad3f89e-804f-4845-89c5-5ff1a35a5dda:group-77F0026915B1 change Leader from null to 0ad3f89e-804f-4845-89c5-5ff1a35a5dda at term 1 for becomeLeader, leader elected after 11444ms
2019-09-20 04:49:25,002 [0ad3f89e-804f-4845-89c5-5ff1a35a5dda:group-77F0026915B1:LeaderElection108] INFO  server.RaftServerConfigKeys (ConfUtils.java:logGet(43)) - raft.server.staging.catchup.gap = 1000 (default)
2019-09-20 04:49:25,002 [0ad3f89e-804f-4845-89c5-5ff1a35a5dda:group-77F0026915B1:LeaderElection108] INFO  server.RaftServerConfigKeys (ConfUtils.java:logGet(43)) - raft.server.rpc.sleep.time = 25ms (default)
2019-09-20 04:49:25,002 [0ad3f89e-804f-4845-89c5-5ff1a35a5dda:group-77F0026915B1:LeaderElection108] INFO  server.RaftServerConfigKeys (ConfUtils.java:logGet(43)) - raft.server.write.element-limit = 4096 (default)
2019-09-20 04:49:25,002 [0ad3f89e-804f-4845-89c5-5ff1a35a5dda:group-77F0026915B1:LeaderElection108] INFO  server.RaftServerConfigKeys (ConfUtils.java:logGet(43)) - raft.server.watch.timeout = 10s (default)
2019-09-20 04:49:25,002 [0ad3f89e-804f-4845-89c5-5ff1a35a5dda:group-77F0026915B1:LeaderElection108] INFO  server.RaftServerConfigKeys (ConfUtils.java:logGet(43)) - raft.server.watch.timeout.denomination = 1s (default)
2019-09-20 04:49:25,003 [0ad3f89e-804f-4845-89c5-5ff1a35a5dda:group-77F0026915B1:LeaderElection108] INFO  server.RaftServerConfigKeys (ConfUtils.java:logGet(43)) - raft.server.watch.element-limit = 65536 (default)
2019-09-20 04:49:25,003 [0ad3f89e-804f-4845-89c5-5ff1a35a5dda:group-77F0026915B1:LeaderElection108] INFO  impl.RoleInfo (RoleInfo.java:updateAndGet(143)) - 0ad3f89e-804f-4845-89c5-5ff1a35a5dda: start LeaderState
2019-09-20 04:49:25,003 [0ad3f89e-804f-4845-89c5-5ff1a35a5dda:group-77F0026915B1:LeaderElection108] INFO  segmented.SegmentedRaftLogWorker (SegmentedRaftLogWorker.java:startLogSegment(380)) - 0ad3f89e-804f-4845-89c5-5ff1a35a5dda-SegmentedRaftLogWorker:Storage Directory /workdir/hadoop-ozone/integration-test/target/test-dir/MiniOzoneClusterImpl-bb3956c2-c4d1-403a-b406-f8ec73b3905b/datanode-4/data/ratis/6d757226-790c-497c-8888-77f0026915b1: Starting segment from index:0
2019-09-20 04:49:25,345 [Thread-1192] INFO  impl.FollowerState (FollowerState.java:run(106)) - 0ad3f89e-804f-4845-89c5-5ff1a35a5dda:group-D7107FC9D0CF changes to CANDIDATE, lastRpcTime:11398, electionTimeout:5134ms
2019-09-20 04:49:25,345 [Thread-1192] INFO  impl.RoleInfo (RoleInfo.java:shutdownFollowerState(121)) - 0ad3f89e-804f-4845-89c5-5ff1a35a5dda: shutdown FollowerState
2019-09-20 04:49:25,345 [Thread-1192] INFO  impl.RaftServerImpl (RaftServerImpl.java:setRole(171)) - 0ad3f89e-804f-4845-89c5-5ff1a35a5dda:group-D7107FC9D0CF changes role from FOLLOWER to CANDIDATE at term 0 for changeToCandidate
2019-09-20 04:49:25,346 [Thread-1192] INFO  impl.RoleInfo (RoleInfo.java:updateAndGet(143)) - 0ad3f89e-804f-4845-89c5-5ff1a35a5dda: start LeaderElection
2019-09-20 04:49:25,346 | INFO  | SCMAudit | user=jenkins1000 | ip=192.168.36.79 | op=SEND_HEARTBEAT {datanodeUUID=0ad3f89e-804f-4845-89c5-5ff1a35a5dda, command=[]} | ret=SUCCESS |  
2019-09-20 04:49:25,346 [bd1a845e-f2ed-4713-9516-9ccc20139040:group-50BD40651027:LeaderElection109] INFO  impl.LeaderElection (LeaderElection.java:askForVotes(181)) - bd1a845e-f2ed-4713-9516-9ccc20139040:group-50BD40651027:LeaderElection109: begin an election at term 1 for -1: [bd1a845e-f2ed-4713-9516-9ccc20139040:192.168.36.79:45373], old=null
2019-09-20 04:49:25,346 | INFO  | SCMAudit | user=jenkins1000 | ip=192.168.36.79 | op=SEND_HEARTBEAT {datanodeUUID=eaf3ecbe-c3b1-4969-ad3a-e4de7fb04f81, command=[]} | ret=SUCCESS |  
2019-09-20 04:49:25,346 [0ad3f89e-804f-4845-89c5-5ff1a35a5dda:group-77F0026915B1:LeaderElection108] INFO  impl.RaftServerImpl (ServerState.java:setRaftConf(361)) - 0ad3f89e-804f-4845-89c5-5ff1a35a5dda:group-77F0026915B1 set configuration 0: [0ad3f89e-804f-4845-89c5-5ff1a35a5dda:192.168.36.79:34659], old=null at 0
2019-09-20 04:49:25,346 [bd1a845e-f2ed-4713-9516-9ccc20139040:group-50BD40651027:LeaderElection109] INFO  impl.RoleInfo (RoleInfo.java:shutdownLeaderElection(134)) - bd1a845e-f2ed-4713-9516-9ccc20139040: shutdown LeaderElection
2019-09-20 04:49:25,347 [bd1a845e-f2ed-4713-9516-9ccc20139040:group-50BD40651027:LeaderElection109] INFO  impl.RaftServerImpl (RaftServerImpl.java:setRole(171)) - bd1a845e-f2ed-4713-9516-9ccc20139040:group-50BD40651027 changes role from CANDIDATE to LEADER at term 1 for changeToLeader
2019-09-20 04:49:25,347 [bd1a845e-f2ed-4713-9516-9ccc20139040:group-50BD40651027:LeaderElection109] INFO  impl.RaftServerImpl (ServerState.java:setLeader(263)) - bd1a845e-f2ed-4713-9516-9ccc20139040:group-50BD40651027 change Leader from null to bd1a845e-f2ed-4713-9516-9ccc20139040 at term 1 for becomeLeader, leader elected after 22510ms
2019-09-20 04:49:25,346 | INFO  | SCMAudit | user=jenkins1000 | ip=192.168.36.79 | op=SEND_HEARTBEAT {datanodeUUID=c4f6294c-eda3-4afd-81f7-e69ed14da69f, command=[]} | ret=SUCCESS |  
2019-09-20 04:49:25,347 [bd1a845e-f2ed-4713-9516-9ccc20139040:group-50BD40651027:LeaderElection109] INFO  server.RaftServerConfigKeys (ConfUtils.java:logGet(43)) - raft.server.staging.catchup.gap = 1000 (default)
2019-09-20 04:49:25,347 [bd1a845e-f2ed-4713-9516-9ccc20139040:group-50BD40651027:LeaderElection109] INFO  server.RaftServerConfigKeys (ConfUtils.java:logGet(43)) - raft.server.rpc.sleep.time = 25ms (default)
2019-09-20 04:49:25,347 | INFO  | SCMAudit | user=jenkins1000 | ip=192.168.36.79 | op=SEND_HEARTBEAT {datanodeUUID=5ea19b84-5385-4ae9-8412-c4cfa929b172, command=[]} | ret=SUCCESS |  
2019-09-20 04:49:25,347 [bd1a845e-f2ed-4713-9516-9ccc20139040:group-50BD40651027:LeaderElection109] INFO  server.RaftServerConfigKeys (ConfUtils.java:logGet(43)) - raft.server.write.element-limit = 4096 (default)
2019-09-20 04:49:25,347 | INFO  | SCMAudit | user=jenkins1000 | ip=192.168.36.79 | op=SEND_HEARTBEAT {datanodeUUID=2702b462-69d8-4c1b-aae1-091a21fe08b8, command=[]} | ret=SUCCESS |  
2019-09-20 04:49:25,347 [bd1a845e-f2ed-4713-9516-9ccc20139040:group-50BD40651027:LeaderElection109] INFO  server.RaftServerConfigKeys (ConfUtils.java:logGet(43)) - raft.server.watch.timeout = 10s (default)
2019-09-20 04:49:25,348 [bd1a845e-f2ed-4713-9516-9ccc20139040:group-50BD40651027:LeaderElection109] INFO  server.RaftServerConfigKeys (ConfUtils.java:logGet(43)) - raft.server.watch.timeout.denomination = 1s (default)
2019-09-20 04:49:25,348 [bd1a845e-f2ed-4713-9516-9ccc20139040:group-50BD40651027:LeaderElection109] INFO  server.RaftServerConfigKeys (ConfUtils.java:logGet(43)) - raft.server.watch.element-limit = 65536 (default)
2019-09-20 04:49:25,348 | INFO  | SCMAudit | user=jenkins1000 | ip=192.168.36.79 | op=SEND_HEARTBEAT {datanodeUUID=eb30d72f-c0a8-4ecb-bfee-9120a9a6cddf, command=[]} | ret=SUCCESS |  
2019-09-20 04:49:25,348 | INFO  | SCMAudit | user=jenkins1000 | ip=192.168.36.79 | op=SEND_HEARTBEAT {datanodeUUID=ba95d636-ac34-4b74-a102-dec8d0f377c6, command=[]} | ret=SUCCESS |  
2019-09-20 04:49:25,348 [bd1a845e-f2ed-4713-9516-9ccc20139040:group-50BD40651027:LeaderElection109] INFO  impl.RoleInfo (RoleInfo.java:updateAndGet(143)) - bd1a845e-f2ed-4713-9516-9ccc20139040: start LeaderState
2019-09-20 04:49:25,348 [bd1a845e-f2ed-4713-9516-9ccc20139040:group-50BD40651027:LeaderElection109] INFO  segmented.SegmentedRaftLogWorker (SegmentedRaftLogWorker.java:startLogSegment(380)) - bd1a845e-f2ed-4713-9516-9ccc20139040-SegmentedRaftLogWorker:Storage Directory /workdir/hadoop-ozone/integration-test/target/test-dir/MiniOzoneClusterImpl-cd85f641-6806-455e-b969-480e50aec385/datanode-5/data/ratis/64e93914-c8cf-406f-9cd6-50bd40651027: Starting segment from index:0
2019-09-20 04:49:25,348 | INFO  | SCMAudit | user=jenkins1000 | ip=192.168.36.79 | op=SEND_HEARTBEAT {datanodeUUID=fdbc37f2-9e58-4bac-a5d5-a78839d012e9, command=[]} | ret=SUCCESS |  
2019-09-20 04:49:25,348 | INFO  | SCMAudit | user=jenkins1000 | ip=192.168.36.79 | op=SEND_HEARTBEAT {datanodeUUID=ea71b9af-1075-4196-9693-aa14e10f536d, command=[]} | ret=SUCCESS |  
2019-09-20 04:49:25,348 | INFO  | SCMAudit | user=jenkins1000 | ip=192.168.36.79 | op=SEND_HEARTBEAT {datanodeUUID=3c2a6bfe-f5c5-4e23-89b0-850dab17697d, command=[]} | ret=SUCCESS |  
2019-09-20 04:49:25,349 | INFO  | SCMAudit | user=jenkins1000 | ip=192.168.36.79 | op=SEND_HEARTBEAT {datanodeUUID=bd1a845e-f2ed-4713-9516-9ccc20139040, command=[]} | ret=SUCCESS |  
2019-09-20 04:49:25,349 [bd1a845e-f2ed-4713-9516-9ccc20139040:group-50BD40651027:LeaderElection109] INFO  impl.RaftServerImpl (ServerState.java:setRaftConf(361)) - bd1a845e-f2ed-4713-9516-9ccc20139040:group-50BD40651027 set configuration 0: [bd1a845e-f2ed-4713-9516-9ccc20139040:192.168.36.79:45373], old=null at 0
2019-09-20 04:49:25,347 | INFO  | SCMAudit | user=jenkins1000 | ip=192.168.36.79 | op=SEND_HEARTBEAT {datanodeUUID=2d6465ef-cffa-473a-a4c6-a9aa3f1a26c0, command=[]} | ret=SUCCESS |  
2019-09-20 04:49:25,633 [Thread-1247] INFO  impl.FollowerState (FollowerState.java:run(106)) - 0ad3f89e-804f-4845-89c5-5ff1a35a5dda:group-FCAFDF7E9E51 changes to CANDIDATE, lastRpcTime:5686, electionTimeout:5056ms
2019-09-20 04:49:25,348 | INFO  | SCMAudit | user=jenkins1000 | ip=192.168.36.79 | op=SEND_HEARTBEAT {datanodeUUID=8d97392c-5f4b-400a-94a1-fb61a3ebbc99, command=[]} | ret=SUCCESS |  
2019-09-20 04:49:25,634 [0ad3f89e-804f-4845-89c5-5ff1a35a5dda:group-D7107FC9D0CF:LeaderElection110] INFO  impl.LeaderElection (LeaderElection.java:askForVotes(181)) - 0ad3f89e-804f-4845-89c5-5ff1a35a5dda:group-D7107FC9D0CF:LeaderElection110: begin an election at term 1 for -1: [0ad3f89e-804f-4845-89c5-5ff1a35a5dda:192.168.36.79:34659], old=null
2019-09-20 04:49:25,347 | INFO  | SCMAudit | user=jenkins1000 | ip=192.168.36.79 | op=SEND_HEARTBEAT {datanodeUUID=236eed40-dd97-4fdc-a0ae-ab99685a426b, command=[]} | ret=SUCCESS |  
2019-09-20 04:49:25,348 | INFO  | SCMAudit | user=jenkins1000 | ip=192.168.36.79 | op=SEND_HEARTBEAT {datanodeUUID=42fc6e92-fcdd-4827-b621-9fc58a3d2315, command=[]} | ret=SUCCESS |  
2019-09-20 04:49:25,349 | INFO  | SCMAudit | user=jenkins1000 | ip=192.168.36.79 | op=SEND_HEARTBEAT {datanodeUUID=dba845b8-ea76-4e09-ab03-0883d354e493, command=[]} | ret=SUCCESS |  
2019-09-20 04:49:25,634 | INFO  | SCMAudit | user=jenkins1000 | ip=192.168.36.79 | op=SEND_HEARTBEAT {datanodeUUID=1d91ad97-6666-4ee7-855a-8b5e944e7401, command=[]} | ret=SUCCESS |  
2019-09-20 04:49:25,634 [Thread-1247] INFO  impl.RoleInfo (RoleInfo.java:shutdownFollowerState(121)) - 0ad3f89e-804f-4845-89c5-5ff1a35a5dda: shutdown FollowerState
2019-09-20 04:49:25,635 [Thread-1247] INFO  impl.RaftServerImpl (RaftServerImpl.java:setRole(171)) - 0ad3f89e-804f-4845-89c5-5ff1a35a5dda:group-FCAFDF7E9E51 changes role from FOLLOWER to CANDIDATE at term 0 for changeToCandidate
2019-09-20 04:49:25,635 [0ad3f89e-804f-4845-89c5-5ff1a35a5dda:group-D7107FC9D0CF:LeaderElection110] INFO  impl.RoleInfo (RoleInfo.java:shutdownLeaderElection(134)) - 0ad3f89e-804f-4845-89c5-5ff1a35a5dda: shutdown LeaderElection
2019-09-20 04:49:25,635 [Thread-1247] INFO  impl.RoleInfo (RoleInfo.java:updateAndGet(143)) - 0ad3f89e-804f-4845-89c5-5ff1a35a5dda: start LeaderElection
2019-09-20 04:49:25,635 [0ad3f89e-804f-4845-89c5-5ff1a35a5dda:group-D7107FC9D0CF:LeaderElection110] INFO  impl.RaftServerImpl (RaftServerImpl.java:setRole(171)) - 0ad3f89e-804f-4845-89c5-5ff1a35a5dda:group-D7107FC9D0CF changes role from CANDIDATE to LEADER at term 1 for changeToLeader
2019-09-20 04:49:25,635 [0ad3f89e-804f-4845-89c5-5ff1a35a5dda:group-D7107FC9D0CF:LeaderElection110] INFO  impl.RaftServerImpl (ServerState.java:setLeader(263)) - 0ad3f89e-804f-4845-89c5-5ff1a35a5dda:group-D7107FC9D0CF change Leader from null to 0ad3f89e-804f-4845-89c5-5ff1a35a5dda at term 1 for becomeLeader, leader elected after 11695ms
2019-09-20 04:49:25,636 [0ad3f89e-804f-4845-89c5-5ff1a35a5dda:group-D7107FC9D0CF:LeaderElection110] INFO  server.RaftServerConfigKeys (ConfUtils.java:logGet(43)) - raft.server.staging.catchup.gap = 1000 (default)
2019-09-20 04:49:25,636 [0ad3f89e-804f-4845-89c5-5ff1a35a5dda:group-D7107FC9D0CF:LeaderElection110] INFO  server.RaftServerConfigKeys (ConfUtils.java:logGet(43)) - raft.server.rpc.sleep.time = 25ms (default)
2019-09-20 04:49:25,636 | INFO  | SCMAudit | user=jenkins1000 | ip=192.168.36.79 | op=SEND_HEARTBEAT {datanodeUUID=f4e549ee-a6fa-4eb9-8541-129d0566fdf5, command=[]} | ret=SUCCESS |  
2019-09-20 04:49:25,636 [0ad3f89e-804f-4845-89c5-5ff1a35a5dda:group-D7107FC9D0CF:LeaderElection110] INFO  server.RaftServerConfigKeys (ConfUtils.java:logGet(43)) - raft.server.write.element-limit = 4096 (default)
2019-09-20 04:49:25,636 | INFO  | SCMAudit | user=jenkins1000 | ip=192.168.36.79 | op=SEND_HEARTBEAT {datanodeUUID=a9bc59c4-b792-48d5-9db2-4e71770477b1, command=[]} | ret=SUCCESS |  
2019-09-20 04:49:25,636 | INFO  | SCMAudit | user=jenkins1000 | ip=192.168.36.79 | op=SEND_HEARTBEAT {datanodeUUID=8538cd65-7926-426b-8bad-fbd0f0550f9a, command=[]} | ret=SUCCESS |  
2019-09-20 04:49:25,636 | INFO  | SCMAudit | user=jenkins1000 | ip=192.168.36.79 | op=SEND_HEARTBEAT {datanodeUUID=68a93ad8-b6a8-44e1-8a9f-45fcc58d229a, command=[]} | ret=SUCCESS |  
2019-09-20 04:49:25,636 [0ad3f89e-804f-4845-89c5-5ff1a35a5dda:group-D7107FC9D0CF:LeaderElection110] INFO  server.RaftServerConfigKeys (ConfUtils.java:logGet(43)) - raft.server.watch.timeout = 10s (default)
2019-09-20 04:49:25,636 [0ad3f89e-804f-4845-89c5-5ff1a35a5dda:group-D7107FC9D0CF:LeaderElection110] INFO  server.RaftServerConfigKeys (ConfUtils.java:logGet(43)) - raft.server.watch.timeout.denomination = 1s (default)
2019-09-20 04:49:25,637 [0ad3f89e-804f-4845-89c5-5ff1a35a5dda:group-D7107FC9D0CF:LeaderElection110] INFO  server.RaftServerConfigKeys (ConfUtils.java:logGet(43)) - raft.server.watch.element-limit = 65536 (default)
2019-09-20 04:49:25,637 [0ad3f89e-804f-4845-89c5-5ff1a35a5dda:group-D7107FC9D0CF:LeaderElection110] INFO  impl.RoleInfo (RoleInfo.java:updateAndGet(143)) - 0ad3f89e-804f-4845-89c5-5ff1a35a5dda: start LeaderState
2019-09-20 04:49:25,637 [0ad3f89e-804f-4845-89c5-5ff1a35a5dda:group-D7107FC9D0CF:LeaderElection110] INFO  segmented.SegmentedRaftLogWorker (SegmentedRaftLogWorker.java:startLogSegment(380)) - 0ad3f89e-804f-4845-89c5-5ff1a35a5dda-SegmentedRaftLogWorker:Storage Directory /workdir/hadoop-ozone/integration-test/target/test-dir/MiniOzoneClusterImpl-bb3956c2-c4d1-403a-b406-f8ec73b3905b/datanode-4/data/ratis/c0ddb393-95ec-4ce9-8013-d7107fc9d0cf: Starting segment from index:0
2019-09-20 04:49:25,638 [0ad3f89e-804f-4845-89c5-5ff1a35a5dda:group-D7107FC9D0CF:LeaderElection110] INFO  impl.RaftServerImpl (ServerState.java:setRaftConf(361)) - 0ad3f89e-804f-4845-89c5-5ff1a35a5dda:group-D7107FC9D0CF set configuration 0: [0ad3f89e-804f-4845-89c5-5ff1a35a5dda:192.168.36.79:34659], old=null at 0
2019-09-20 04:49:25,959 [0ad3f89e-804f-4845-89c5-5ff1a35a5dda:group-FCAFDF7E9E51:LeaderElection111] INFO  impl.LeaderElection (LeaderElection.java:askForVotes(181)) - 0ad3f89e-804f-4845-89c5-5ff1a35a5dda:group-FCAFDF7E9E51:LeaderElection111: begin an election at term 1 for -1: [0ad3f89e-804f-4845-89c5-5ff1a35a5dda:192.168.36.79:34659], old=null
2019-09-20 04:49:25,959 [0ad3f89e-804f-4845-89c5-5ff1a35a5dda:group-FCAFDF7E9E51:LeaderElection111] INFO  impl.RoleInfo (RoleInfo.java:shutdownLeaderElection(134)) - 0ad3f89e-804f-4845-89c5-5ff1a35a5dda: shutdown LeaderElection
2019-09-20 04:49:25,959 [0ad3f89e-804f-4845-89c5-5ff1a35a5dda:group-FCAFDF7E9E51:LeaderElection111] INFO  impl.RaftServerImpl (RaftServerImpl.java:setRole(171)) - 0ad3f89e-804f-4845-89c5-5ff1a35a5dda:group-FCAFDF7E9E51 changes role from CANDIDATE to LEADER at term 1 for changeToLeader
2019-09-20 04:49:25,959 [0ad3f89e-804f-4845-89c5-5ff1a35a5dda:group-FCAFDF7E9E51:LeaderElection111] INFO  impl.RaftServerImpl (ServerState.java:setLeader(263)) - 0ad3f89e-804f-4845-89c5-5ff1a35a5dda:group-FCAFDF7E9E51 change Leader from null to 0ad3f89e-804f-4845-89c5-5ff1a35a5dda at term 1 for becomeLeader, leader elected after 10220ms
2019-09-20 04:49:25,959 [0ad3f89e-804f-4845-89c5-5ff1a35a5dda:group-FCAFDF7E9E51:LeaderElection111] INFO  server.RaftServerConfigKeys (ConfUtils.java:logGet(43)) - raft.server.staging.catchup.gap = 1000 (default)
2019-09-20 04:49:25,960 [0ad3f89e-804f-4845-89c5-5ff1a35a5dda:group-FCAFDF7E9E51:LeaderElection111] INFO  server.RaftServerConfigKeys (ConfUtils.java:logGet(43)) - raft.server.rpc.sleep.time = 25ms (default)
2019-09-20 04:49:25,960 [0ad3f89e-804f-4845-89c5-5ff1a35a5dda:group-FCAFDF7E9E51:LeaderElection111] INFO  server.RaftServerConfigKeys (ConfUtils.java:logGet(43)) - raft.server.write.element-limit = 4096 (default)
2019-09-20 04:49:25,968 [0ad3f89e-804f-4845-89c5-5ff1a35a5dda:group-FCAFDF7E9E51:LeaderElection111] INFO  server.RaftServerConfigKeys (ConfUtils.java:logGet(43)) - raft.server.watch.timeout = 10s (default)
2019-09-20 04:49:25,968 [0ad3f89e-804f-4845-89c5-5ff1a35a5dda:group-FCAFDF7E9E51:LeaderElection111] INFO  server.RaftServerConfigKeys (ConfUtils.java:logGet(43)) - raft.server.watch.timeout.denomination = 1s (default)
2019-09-20 04:49:25,968 [0ad3f89e-804f-4845-89c5-5ff1a35a5dda:group-FCAFDF7E9E51:LeaderElection111] INFO  server.RaftServerConfigKeys (ConfUtils.java:logGet(43)) - raft.server.watch.element-limit = 65536 (default)
2019-09-20 04:49:25,969 [0ad3f89e-804f-4845-89c5-5ff1a35a5dda:group-FCAFDF7E9E51:LeaderElection111] INFO  impl.RoleInfo (RoleInfo.java:updateAndGet(143)) - 0ad3f89e-804f-4845-89c5-5ff1a35a5dda: start LeaderState
2019-09-20 04:49:25,969 [0ad3f89e-804f-4845-89c5-5ff1a35a5dda:group-FCAFDF7E9E51:LeaderElection111] INFO  segmented.SegmentedRaftLogWorker (SegmentedRaftLogWorker.java:startLogSegment(380)) - 0ad3f89e-804f-4845-89c5-5ff1a35a5dda-SegmentedRaftLogWorker:Storage Directory /workdir/hadoop-ozone/integration-test/target/test-dir/MiniOzoneClusterImpl-bb3956c2-c4d1-403a-b406-f8ec73b3905b/datanode-4/data/ratis/6019d495-f64c-42a1-a79e-fcafdf7e9e51: Starting segment from index:0
2019-09-20 04:49:25,969 [0ad3f89e-804f-4845-89c5-5ff1a35a5dda:group-FCAFDF7E9E51:LeaderElection111] INFO  impl.RaftServerImpl (ServerState.java:setRaftConf(361)) - 0ad3f89e-804f-4845-89c5-5ff1a35a5dda:group-FCAFDF7E9E51 set configuration 0: [0ad3f89e-804f-4845-89c5-5ff1a35a5dda:192.168.36.79:34659], old=null at 0
2019-09-20 04:49:25,970 [grpc-default-executor-0] INFO  client.GrpcClientProtocolClient (GrpcClientProtocolClient.java:onNext(255)) - client-4B9F346F76BE->68a93ad8-b6a8-44e1-8a9f-45fcc58d229a: receive RaftClientReply:client-4B9F346F76BE->68a93ad8-b6a8-44e1-8a9f-45fcc58d229a@group-F325FBB9CFF9, cid=123, FAILED org.apache.ratis.protocol.NotLeaderException: Server 68a93ad8-b6a8-44e1-8a9f-45fcc58d229a is not the leader (null). Request must be sent to leader., logIndex=0, commits[68a93ad8-b6a8-44e1-8a9f-45fcc58d229a:c-1]
2019-09-20 04:49:26,341 | INFO  | SCMAudit | user=jenkins1000 | ip=192.168.36.79 | op=SEND_HEARTBEAT {datanodeUUID=c4f6294c-eda3-4afd-81f7-e69ed14da69f, command=[]} | ret=SUCCESS |  
2019-09-20 04:49:26,341 | INFO  | SCMAudit | user=jenkins1000 | ip=192.168.36.79 | op=SEND_HEARTBEAT {datanodeUUID=eb30d72f-c0a8-4ecb-bfee-9120a9a6cddf, command=[]} | ret=SUCCESS |  
2019-09-20 04:49:26,341 | INFO  | SCMAudit | user=jenkins1000 | ip=192.168.36.79 | op=SEND_HEARTBEAT {datanodeUUID=5ea19b84-5385-4ae9-8412-c4cfa929b172, command=[]} | ret=SUCCESS |  
2019-09-20 04:49:26,341 | INFO  | SCMAudit | user=jenkins1000 | ip=192.168.36.79 | op=SEND_HEARTBEAT {datanodeUUID=2d6465ef-cffa-473a-a4c6-a9aa3f1a26c0, command=[]} | ret=SUCCESS |  
2019-09-20 04:49:26,341 | INFO  | SCMAudit | user=jenkins1000 | ip=192.168.36.79 | op=SEND_HEARTBEAT {datanodeUUID=68a93ad8-b6a8-44e1-8a9f-45fcc58d229a, command=[]} | ret=SUCCESS |  
2019-09-20 04:49:26,341 | INFO  | SCMAudit | user=jenkins1000 | ip=192.168.36.79 | op=SEND_HEARTBEAT {datanodeUUID=dba845b8-ea76-4e09-ab03-0883d354e493, command=[]} | ret=SUCCESS |  
2019-09-20 04:49:26,341 | INFO  | SCMAudit | user=jenkins1000 | ip=192.168.36.79 | op=SEND_HEARTBEAT {datanodeUUID=0ad3f89e-804f-4845-89c5-5ff1a35a5dda, command=[]} | ret=SUCCESS |  
2019-09-20 04:49:26,341 | INFO  | SCMAudit | user=jenkins1000 | ip=192.168.36.79 | op=SEND_HEARTBEAT {datanodeUUID=eaf3ecbe-c3b1-4969-ad3a-e4de7fb04f81, command=[]} | ret=SUCCESS |  
2019-09-20 04:49:26,341 | INFO  | SCMAudit | user=jenkins1000 | ip=192.168.36.79 | op=SEND_HEARTBEAT {datanodeUUID=2702b462-69d8-4c1b-aae1-091a21fe08b8, command=[]} | ret=SUCCESS |  
2019-09-20 04:49:26,342 | INFO  | SCMAudit | user=jenkins1000 | ip=192.168.36.79 | op=SEND_HEARTBEAT {datanodeUUID=8d97392c-5f4b-400a-94a1-fb61a3ebbc99, command=[]} | ret=SUCCESS |  
2019-09-20 04:49:26,342 | INFO  | SCMAudit | user=jenkins1000 | ip=192.168.36.79 | op=SEND_HEARTBEAT {datanodeUUID=42fc6e92-fcdd-4827-b621-9fc58a3d2315, command=[]} | ret=SUCCESS |  
2019-09-20 04:49:26,342 | INFO  | SCMAudit | user=jenkins1000 | ip=192.168.36.79 | op=SEND_HEARTBEAT {datanodeUUID=236eed40-dd97-4fdc-a0ae-ab99685a426b, command=[]} | ret=SUCCESS |  
2019-09-20 04:49:26,342 | INFO  | SCMAudit | user=jenkins1000 | ip=192.168.36.79 | op=SEND_HEARTBEAT {datanodeUUID=ea71b9af-1075-4196-9693-aa14e10f536d, command=[]} | ret=SUCCESS |  
2019-09-20 04:49:26,342 | INFO  | SCMAudit | user=jenkins1000 | ip=192.168.36.79 | op=SEND_HEARTBEAT {datanodeUUID=ba95d636-ac34-4b74-a102-dec8d0f377c6, command=[]} | ret=SUCCESS |  
2019-09-20 04:49:26,343 | INFO  | SCMAudit | user=jenkins1000 | ip=192.168.36.79 | op=SEND_HEARTBEAT {datanodeUUID=3c2a6bfe-f5c5-4e23-89b0-850dab17697d, command=[]} | ret=SUCCESS |  
2019-09-20 04:49:26,344 | INFO  | SCMAudit | user=jenkins1000 | ip=192.168.36.79 | op=SEND_HEARTBEAT {datanodeUUID=1d91ad97-6666-4ee7-855a-8b5e944e7401, command=[]} | ret=SUCCESS |  
2019-09-20 04:49:26,344 | INFO  | SCMAudit | user=jenkins1000 | ip=192.168.36.79 | op=SEND_HEARTBEAT {datanodeUUID=fdbc37f2-9e58-4bac-a5d5-a78839d012e9, command=[]} | ret=SUCCESS |  
2019-09-20 04:49:26,344 | INFO  | SCMAudit | user=jenkins1000 | ip=192.168.36.79 | op=SEND_HEARTBEAT {datanodeUUID=bd1a845e-f2ed-4713-9516-9ccc20139040, command=[]} | ret=SUCCESS |  
2019-09-20 04:49:26,346 | INFO  | SCMAudit | user=jenkins1000 | ip=192.168.36.79 | op=SEND_HEARTBEAT {datanodeUUID=f4e549ee-a6fa-4eb9-8541-129d0566fdf5, command=[]} | ret=SUCCESS |  
2019-09-20 04:49:26,346 | INFO  | SCMAudit | user=jenkins1000 | ip=192.168.36.79 | op=SEND_HEARTBEAT {datanodeUUID=a9bc59c4-b792-48d5-9db2-4e71770477b1, command=[]} | ret=SUCCESS |  
2019-09-20 04:49:26,346 | INFO  | SCMAudit | user=jenkins1000 | ip=192.168.36.79 | op=SEND_HEARTBEAT {datanodeUUID=8538cd65-7926-426b-8bad-fbd0f0550f9a, command=[]} | ret=SUCCESS |  
2019-09-20 04:49:26,670 [0ad3f89e-804f-4845-89c5-5ff1a35a5dda-SegmentedRaftLogWorker:Storage Directory /workdir/hadoop-ozone/integration-test/target/test-dir/MiniOzoneClusterImpl-bb3956c2-c4d1-403a-b406-f8ec73b3905b/datanode-4/data/ratis/6d757226-790c-497c-8888-77f0026915b1] ERROR segmented.SegmentedRaftLogWorker (SegmentedRaftLogWorker.java:run(323)) - 0ad3f89e-804f-4845-89c5-5ff1a35a5dda-SegmentedRaftLogWorker:Storage Directory /workdir/hadoop-ozone/integration-test/target/test-dir/MiniOzoneClusterImpl-bb3956c2-c4d1-403a-b406-f8ec73b3905b/datanode-4/data/ratis/6d757226-790c-497c-8888-77f0026915b1 hit exception
java.lang.OutOfMemoryError: Direct buffer memory
	at java.nio.Bits.reserveMemory(Bits.java:666)
	at java.nio.DirectByteBuffer.<init>(DirectByteBuffer.java:123)
	at java.nio.ByteBuffer.allocateDirect(ByteBuffer.java:311)
	at org.apache.ratis.server.raftlog.segmented.BufferedWriteChannel.<init>(BufferedWriteChannel.java:41)
	at org.apache.ratis.server.raftlog.segmented.SegmentedRaftLogOutputStream.<init>(SegmentedRaftLogOutputStream.java:72)
	at org.apache.ratis.server.raftlog.segmented.SegmentedRaftLogWorker$StartLogSegment.execute(SegmentedRaftLogWorker.java:566)
	at org.apache.ratis.server.raftlog.segmented.SegmentedRaftLogWorker.run(SegmentedRaftLogWorker.java:289)
	at java.lang.Thread.run(Thread.java:748)
2019-09-20 04:49:26,671 [0ad3f89e-804f-4845-89c5-5ff1a35a5dda-SegmentedRaftLogWorker:Storage Directory /workdir/hadoop-ozone/integration-test/target/test-dir/MiniOzoneClusterImpl-bb3956c2-c4d1-403a-b406-f8ec73b3905b/datanode-4/data/ratis/6d757226-790c-497c-8888-77f0026915b1] INFO  impl.RaftServerImpl (RaftServerImpl.java:lambda$shutdown$3(245)) - 0ad3f89e-804f-4845-89c5-5ff1a35a5dda: shutdown group-77F0026915B1
2019-09-20 04:49:26,671 [0ad3f89e-804f-4845-89c5-5ff1a35a5dda-SegmentedRaftLogWorker:Storage Directory /workdir/hadoop-ozone/integration-test/target/test-dir/MiniOzoneClusterImpl-bb3956c2-c4d1-403a-b406-f8ec73b3905b/datanode-4/data/ratis/6d757226-790c-497c-8888-77f0026915b1] INFO  util.JmxRegister (JmxRegister.java:unregister(73)) - Successfully un-registered JMX Bean with object name Ratis:service=RaftServer,group=group-77F0026915B1,id=0ad3f89e-804f-4845-89c5-5ff1a35a5dda
2019-09-20 04:49:26,671 [0ad3f89e-804f-4845-89c5-5ff1a35a5dda-SegmentedRaftLogWorker:Storage Directory /workdir/hadoop-ozone/integration-test/target/test-dir/MiniOzoneClusterImpl-bb3956c2-c4d1-403a-b406-f8ec73b3905b/datanode-4/data/ratis/6d757226-790c-497c-8888-77f0026915b1] INFO  impl.RoleInfo (RoleInfo.java:shutdownLeaderState(104)) - 0ad3f89e-804f-4845-89c5-5ff1a35a5dda: shutdown LeaderState
2019-09-20 04:49:26,671 [0ad3f89e-804f-4845-89c5-5ff1a35a5dda-SegmentedRaftLogWorker:Storage Directory /workdir/hadoop-ozone/integration-test/target/test-dir/MiniOzoneClusterImpl-bb3956c2-c4d1-403a-b406-f8ec73b3905b/datanode-4/data/ratis/6d757226-790c-497c-8888-77f0026915b1] INFO  impl.PendingRequests (PendingRequests.java:sendNotLeaderResponses(202)) - 0ad3f89e-804f-4845-89c5-5ff1a35a5dda-PendingRequests: sendNotLeaderResponses
2019-09-20 04:49:26,672 [0ad3f89e-804f-4845-89c5-5ff1a35a5dda-SegmentedRaftLogWorker:Storage Directory /workdir/hadoop-ozone/integration-test/target/test-dir/MiniOzoneClusterImpl-bb3956c2-c4d1-403a-b406-f8ec73b3905b/datanode-4/data/ratis/6d757226-790c-497c-8888-77f0026915b1] INFO  impl.StateMachineUpdater (StateMachineUpdater.java:stopAndJoin(115)) - StateMachineUpdater:0ad3f89e-804f-4845-89c5-5ff1a35a5dda:group-77F0026915B1: set stopIndex = -1
2019-09-20 04:49:26,672 [0ad3f89e-804f-4845-89c5-5ff1a35a5dda-SegmentedRaftLogWorker:Storage Directory /workdir/hadoop-ozone/integration-test/target/test-dir/MiniOzoneClusterImpl-bb3956c2-c4d1-403a-b406-f8ec73b3905b/datanode-4/data/ratis/6d757226-790c-497c-8888-77f0026915b1] INFO  impl.RaftServerImpl (ServerState.java:close(394)) - 0ad3f89e-804f-4845-89c5-5ff1a35a5dda:group-77F0026915B1 closes. The last applied log index is -1
2019-09-20 04:49:26,672 [0ad3f89e-804f-4845-89c5-5ff1a35a5dda-SegmentedRaftLogWorker:Storage Directory /workdir/hadoop-ozone/integration-test/target/test-dir/MiniOzoneClusterImpl-bb3956c2-c4d1-403a-b406-f8ec73b3905b/datanode-4/data/ratis/6d757226-790c-497c-8888-77f0026915b1] INFO  segmented.SegmentedRaftLogWorker (SegmentedRaftLogWorker.java:close(228)) - 0ad3f89e-804f-4845-89c5-5ff1a35a5dda-SegmentedRaftLogWorker:Storage Directory /workdir/hadoop-ozone/integration-test/target/test-dir/MiniOzoneClusterImpl-bb3956c2-c4d1-403a-b406-f8ec73b3905b/datanode-4/data/ratis/6d757226-790c-497c-8888-77f0026915b1 close()
2019-09-20 04:49:26,703 [bd1a845e-f2ed-4713-9516-9ccc20139040-SegmentedRaftLogWorker:Storage Directory /workdir/hadoop-ozone/integration-test/target/test-dir/MiniOzoneClusterImpl-cd85f641-6806-455e-b969-480e50aec385/datanode-5/data/ratis/64e93914-c8cf-406f-9cd6-50bd40651027] ERROR segmented.SegmentedRaftLogWorker (SegmentedRaftLogWorker.java:run(323)) - bd1a845e-f2ed-4713-9516-9ccc20139040-SegmentedRaftLogWorker:Storage Directory /workdir/hadoop-ozone/integration-test/target/test-dir/MiniOzoneClusterImpl-cd85f641-6806-455e-b969-480e50aec385/datanode-5/data/ratis/64e93914-c8cf-406f-9cd6-50bd40651027 hit exception
java.lang.OutOfMemoryError: Direct buffer memory
	at java.nio.Bits.reserveMemory(Bits.java:666)
	at java.nio.DirectByteBuffer.<init>(DirectByteBuffer.java:123)
	at java.nio.ByteBuffer.allocateDirect(ByteBuffer.java:311)
	at org.apache.ratis.server.raftlog.segmented.BufferedWriteChannel.<init>(BufferedWriteChannel.java:41)
	at org.apache.ratis.server.raftlog.segmented.SegmentedRaftLogOutputStream.<init>(SegmentedRaftLogOutputStream.java:72)
	at org.apache.ratis.server.raftlog.segmented.SegmentedRaftLogWorker$StartLogSegment.execute(SegmentedRaftLogWorker.java:566)
	at org.apache.ratis.server.raftlog.segmented.SegmentedRaftLogWorker.run(SegmentedRaftLogWorker.java:289)
	at java.lang.Thread.run(Thread.java:748)
2019-09-20 04:49:26,703 [bd1a845e-f2ed-4713-9516-9ccc20139040-SegmentedRaftLogWorker:Storage Directory /workdir/hadoop-ozone/integration-test/target/test-dir/MiniOzoneClusterImpl-cd85f641-6806-455e-b969-480e50aec385/datanode-5/data/ratis/64e93914-c8cf-406f-9cd6-50bd40651027] INFO  impl.RaftServerImpl (RaftServerImpl.java:lambda$shutdown$3(245)) - bd1a845e-f2ed-4713-9516-9ccc20139040: shutdown group-50BD40651027
2019-09-20 04:49:26,703 [bd1a845e-f2ed-4713-9516-9ccc20139040-SegmentedRaftLogWorker:Storage Directory /workdir/hadoop-ozone/integration-test/target/test-dir/MiniOzoneClusterImpl-cd85f641-6806-455e-b969-480e50aec385/datanode-5/data/ratis/64e93914-c8cf-406f-9cd6-50bd40651027] INFO  util.JmxRegister (JmxRegister.java:unregister(73)) - Successfully un-registered JMX Bean with object name Ratis:service=RaftServer,group=group-50BD40651027,id=bd1a845e-f2ed-4713-9516-9ccc20139040
2019-09-20 04:49:26,703 [bd1a845e-f2ed-4713-9516-9ccc20139040-SegmentedRaftLogWorker:Storage Directory /workdir/hadoop-ozone/integration-test/target/test-dir/MiniOzoneClusterImpl-cd85f641-6806-455e-b969-480e50aec385/datanode-5/data/ratis/64e93914-c8cf-406f-9cd6-50bd40651027] INFO  impl.RoleInfo (RoleInfo.java:shutdownLeaderState(104)) - bd1a845e-f2ed-4713-9516-9ccc20139040: shutdown LeaderState
2019-09-20 04:49:26,703 [bd1a845e-f2ed-4713-9516-9ccc20139040-SegmentedRaftLogWorker:Storage Directory /workdir/hadoop-ozone/integration-test/target/test-dir/MiniOzoneClusterImpl-cd85f641-6806-455e-b969-480e50aec385/datanode-5/data/ratis/64e93914-c8cf-406f-9cd6-50bd40651027] INFO  impl.PendingRequests (PendingRequests.java:sendNotLeaderResponses(202)) - bd1a845e-f2ed-4713-9516-9ccc20139040-PendingRequests: sendNotLeaderResponses
2019-09-20 04:49:26,704 [bd1a845e-f2ed-4713-9516-9ccc20139040-SegmentedRaftLogWorker:Storage Directory /workdir/hadoop-ozone/integration-test/target/test-dir/MiniOzoneClusterImpl-cd85f641-6806-455e-b969-480e50aec385/datanode-5/data/ratis/64e93914-c8cf-406f-9cd6-50bd40651027] INFO  impl.StateMachineUpdater (StateMachineUpdater.java:stopAndJoin(115)) - StateMachineUpdater:bd1a845e-f2ed-4713-9516-9ccc20139040:group-50BD40651027: set stopIndex = -1
2019-09-20 04:49:26,704 [bd1a845e-f2ed-4713-9516-9ccc20139040-SegmentedRaftLogWorker:Storage Directory /workdir/hadoop-ozone/integration-test/target/test-dir/MiniOzoneClusterImpl-cd85f641-6806-455e-b969-480e50aec385/datanode-5/data/ratis/64e93914-c8cf-406f-9cd6-50bd40651027] INFO  impl.RaftServerImpl (ServerState.java:close(394)) - bd1a845e-f2ed-4713-9516-9ccc20139040:group-50BD40651027 closes. The last applied log index is -1
2019-09-20 04:49:26,704 [bd1a845e-f2ed-4713-9516-9ccc20139040-SegmentedRaftLogWorker:Storage Directory /workdir/hadoop-ozone/integration-test/target/test-dir/MiniOzoneClusterImpl-cd85f641-6806-455e-b969-480e50aec385/datanode-5/data/ratis/64e93914-c8cf-406f-9cd6-50bd40651027] INFO  segmented.SegmentedRaftLogWorker (SegmentedRaftLogWorker.java:close(228)) - bd1a845e-f2ed-4713-9516-9ccc20139040-SegmentedRaftLogWorker:Storage Directory /workdir/hadoop-ozone/integration-test/target/test-dir/MiniOzoneClusterImpl-cd85f641-6806-455e-b969-480e50aec385/datanode-5/data/ratis/64e93914-c8cf-406f-9cd6-50bd40651027 close()
2019-09-20 04:49:26,732 [0ad3f89e-804f-4845-89c5-5ff1a35a5dda-SegmentedRaftLogWorker:Storage Directory /workdir/hadoop-ozone/integration-test/target/test-dir/MiniOzoneClusterImpl-bb3956c2-c4d1-403a-b406-f8ec73b3905b/datanode-4/data/ratis/c0ddb393-95ec-4ce9-8013-d7107fc9d0cf] ERROR segmented.SegmentedRaftLogWorker (SegmentedRaftLogWorker.java:run(323)) - 0ad3f89e-804f-4845-89c5-5ff1a35a5dda-SegmentedRaftLogWorker:Storage Directory /workdir/hadoop-ozone/integration-test/target/test-dir/MiniOzoneClusterImpl-bb3956c2-c4d1-403a-b406-f8ec73b3905b/datanode-4/data/ratis/c0ddb393-95ec-4ce9-8013-d7107fc9d0cf hit exception
java.lang.OutOfMemoryError: Direct buffer memory
	at java.nio.Bits.reserveMemory(Bits.java:666)
	at java.nio.DirectByteBuffer.<init>(DirectByteBuffer.java:123)
	at java.nio.ByteBuffer.allocateDirect(ByteBuffer.java:311)
	at org.apache.ratis.server.raftlog.segmented.BufferedWriteChannel.<init>(BufferedWriteChannel.java:41)
	at org.apache.ratis.server.raftlog.segmented.SegmentedRaftLogOutputStream.<init>(SegmentedRaftLogOutputStream.java:72)
	at org.apache.ratis.server.raftlog.segmented.SegmentedRaftLogWorker$StartLogSegment.execute(SegmentedRaftLogWorker.java:566)
	at org.apache.ratis.server.raftlog.segmented.SegmentedRaftLogWorker.run(SegmentedRaftLogWorker.java:289)
	at java.lang.Thread.run(Thread.java:748)
2019-09-20 04:49:26,732 [0ad3f89e-804f-4845-89c5-5ff1a35a5dda-SegmentedRaftLogWorker:Storage Directory /workdir/hadoop-ozone/integration-test/target/test-dir/MiniOzoneClusterImpl-bb3956c2-c4d1-403a-b406-f8ec73b3905b/datanode-4/data/ratis/c0ddb393-95ec-4ce9-8013-d7107fc9d0cf] INFO  impl.RaftServerImpl (RaftServerImpl.java:lambda$shutdown$3(245)) - 0ad3f89e-804f-4845-89c5-5ff1a35a5dda: shutdown group-D7107FC9D0CF
2019-09-20 04:49:26,732 [0ad3f89e-804f-4845-89c5-5ff1a35a5dda-SegmentedRaftLogWorker:Storage Directory /workdir/hadoop-ozone/integration-test/target/test-dir/MiniOzoneClusterImpl-bb3956c2-c4d1-403a-b406-f8ec73b3905b/datanode-4/data/ratis/c0ddb393-95ec-4ce9-8013-d7107fc9d0cf] INFO  util.JmxRegister (JmxRegister.java:unregister(73)) - Successfully un-registered JMX Bean with object name Ratis:service=RaftServer,group=group-D7107FC9D0CF,id=0ad3f89e-804f-4845-89c5-5ff1a35a5dda
2019-09-20 04:49:26,732 [0ad3f89e-804f-4845-89c5-5ff1a35a5dda-SegmentedRaftLogWorker:Storage Directory /workdir/hadoop-ozone/integration-test/target/test-dir/MiniOzoneClusterImpl-bb3956c2-c4d1-403a-b406-f8ec73b3905b/datanode-4/data/ratis/c0ddb393-95ec-4ce9-8013-d7107fc9d0cf] INFO  impl.RoleInfo (RoleInfo.java:shutdownLeaderState(104)) - 0ad3f89e-804f-4845-89c5-5ff1a35a5dda: shutdown LeaderState
2019-09-20 04:49:26,732 [0ad3f89e-804f-4845-89c5-5ff1a35a5dda-SegmentedRaftLogWorker:Storage Directory /workdir/hadoop-ozone/integration-test/target/test-dir/MiniOzoneClusterImpl-bb3956c2-c4d1-403a-b406-f8ec73b3905b/datanode-4/data/ratis/c0ddb393-95ec-4ce9-8013-d7107fc9d0cf] INFO  impl.PendingRequests (PendingRequests.java:sendNotLeaderResponses(202)) - 0ad3f89e-804f-4845-89c5-5ff1a35a5dda-PendingRequests: sendNotLeaderResponses
2019-09-20 04:49:26,733 [0ad3f89e-804f-4845-89c5-5ff1a35a5dda-SegmentedRaftLogWorker:Storage Directory /workdir/hadoop-ozone/integration-test/target/test-dir/MiniOzoneClusterImpl-bb3956c2-c4d1-403a-b406-f8ec73b3905b/datanode-4/data/ratis/c0ddb393-95ec-4ce9-8013-d7107fc9d0cf] INFO  impl.StateMachineUpdater (StateMachineUpdater.java:stopAndJoin(115)) - StateMachineUpdater:0ad3f89e-804f-4845-89c5-5ff1a35a5dda:group-D7107FC9D0CF: set stopIndex = -1
2019-09-20 04:49:26,733 [0ad3f89e-804f-4845-89c5-5ff1a35a5dda-SegmentedRaftLogWorker:Storage Directory /workdir/hadoop-ozone/integration-test/target/test-dir/MiniOzoneClusterImpl-bb3956c2-c4d1-403a-b406-f8ec73b3905b/datanode-4/data/ratis/c0ddb393-95ec-4ce9-8013-d7107fc9d0cf] INFO  impl.RaftServerImpl (ServerState.java:close(394)) - 0ad3f89e-804f-4845-89c5-5ff1a35a5dda:group-D7107FC9D0CF closes. The last applied log index is -1
2019-09-20 04:49:26,733 [0ad3f89e-804f-4845-89c5-5ff1a35a5dda-SegmentedRaftLogWorker:Storage Directory /workdir/hadoop-ozone/integration-test/target/test-dir/MiniOzoneClusterImpl-bb3956c2-c4d1-403a-b406-f8ec73b3905b/datanode-4/data/ratis/c0ddb393-95ec-4ce9-8013-d7107fc9d0cf] INFO  segmented.SegmentedRaftLogWorker (SegmentedRaftLogWorker.java:close(228)) - 0ad3f89e-804f-4845-89c5-5ff1a35a5dda-SegmentedRaftLogWorker:Storage Directory /workdir/hadoop-ozone/integration-test/target/test-dir/MiniOzoneClusterImpl-bb3956c2-c4d1-403a-b406-f8ec73b3905b/datanode-4/data/ratis/c0ddb393-95ec-4ce9-8013-d7107fc9d0cf close()
2019-09-20 04:49:26,740 [0ad3f89e-804f-4845-89c5-5ff1a35a5dda-SegmentedRaftLogWorker:Storage Directory /workdir/hadoop-ozone/integration-test/target/test-dir/MiniOzoneClusterImpl-bb3956c2-c4d1-403a-b406-f8ec73b3905b/datanode-4/data/ratis/6019d495-f64c-42a1-a79e-fcafdf7e9e51] ERROR segmented.SegmentedRaftLogWorker (SegmentedRaftLogWorker.java:run(323)) - 0ad3f89e-804f-4845-89c5-5ff1a35a5dda-SegmentedRaftLogWorker:Storage Directory /workdir/hadoop-ozone/integration-test/target/test-dir/MiniOzoneClusterImpl-bb3956c2-c4d1-403a-b406-f8ec73b3905b/datanode-4/data/ratis/6019d495-f64c-42a1-a79e-fcafdf7e9e51 hit exception
java.lang.OutOfMemoryError: Direct buffer memory
	at java.nio.Bits.reserveMemory(Bits.java:666)
	at java.nio.DirectByteBuffer.<init>(DirectByteBuffer.java:123)
	at java.nio.ByteBuffer.allocateDirect(ByteBuffer.java:311)
	at org.apache.ratis.server.raftlog.segmented.BufferedWriteChannel.<init>(BufferedWriteChannel.java:41)
	at org.apache.ratis.server.raftlog.segmented.SegmentedRaftLogOutputStream.<init>(SegmentedRaftLogOutputStream.java:72)
	at org.apache.ratis.server.raftlog.segmented.SegmentedRaftLogWorker$StartLogSegment.execute(SegmentedRaftLogWorker.java:566)
	at org.apache.ratis.server.raftlog.segmented.SegmentedRaftLogWorker.run(SegmentedRaftLogWorker.java:289)
	at java.lang.Thread.run(Thread.java:748)
2019-09-20 04:49:26,741 [0ad3f89e-804f-4845-89c5-5ff1a35a5dda-SegmentedRaftLogWorker:Storage Directory /workdir/hadoop-ozone/integration-test/target/test-dir/MiniOzoneClusterImpl-bb3956c2-c4d1-403a-b406-f8ec73b3905b/datanode-4/data/ratis/6019d495-f64c-42a1-a79e-fcafdf7e9e51] INFO  impl.RaftServerImpl (RaftServerImpl.java:lambda$shutdown$3(245)) - 0ad3f89e-804f-4845-89c5-5ff1a35a5dda: shutdown group-FCAFDF7E9E51
2019-09-20 04:49:26,741 [0ad3f89e-804f-4845-89c5-5ff1a35a5dda-SegmentedRaftLogWorker:Storage Directory /workdir/hadoop-ozone/integration-test/target/test-dir/MiniOzoneClusterImpl-bb3956c2-c4d1-403a-b406-f8ec73b3905b/datanode-4/data/ratis/6019d495-f64c-42a1-a79e-fcafdf7e9e51] INFO  util.JmxRegister (JmxRegister.java:unregister(73)) - Successfully un-registered JMX Bean with object name Ratis:service=RaftServer,group=group-FCAFDF7E9E51,id=0ad3f89e-804f-4845-89c5-5ff1a35a5dda
2019-09-20 04:49:26,741 [0ad3f89e-804f-4845-89c5-5ff1a35a5dda-SegmentedRaftLogWorker:Storage Directory /workdir/hadoop-ozone/integration-test/target/test-dir/MiniOzoneClusterImpl-bb3956c2-c4d1-403a-b406-f8ec73b3905b/datanode-4/data/ratis/6019d495-f64c-42a1-a79e-fcafdf7e9e51] INFO  impl.RoleInfo (RoleInfo.java:shutdownLeaderState(104)) - 0ad3f89e-804f-4845-89c5-5ff1a35a5dda: shutdown LeaderState
2019-09-20 04:49:26,741 [0ad3f89e-804f-4845-89c5-5ff1a35a5dda-SegmentedRaftLogWorker:Storage Directory /workdir/hadoop-ozone/integration-test/target/test-dir/MiniOzoneClusterImpl-bb3956c2-c4d1-403a-b406-f8ec73b3905b/datanode-4/data/ratis/6019d495-f64c-42a1-a79e-fcafdf7e9e51] INFO  impl.PendingRequests (PendingRequests.java:sendNotLeaderResponses(202)) - 0ad3f89e-804f-4845-89c5-5ff1a35a5dda-PendingRequests: sendNotLeaderResponses
2019-09-20 04:49:26,741 [0ad3f89e-804f-4845-89c5-5ff1a35a5dda-SegmentedRaftLogWorker:Storage Directory /workdir/hadoop-ozone/integration-test/target/test-dir/MiniOzoneClusterImpl-bb3956c2-c4d1-403a-b406-f8ec73b3905b/datanode-4/data/ratis/6019d495-f64c-42a1-a79e-fcafdf7e9e51] INFO  impl.StateMachineUpdater (StateMachineUpdater.java:stopAndJoin(115)) - StateMachineUpdater:0ad3f89e-804f-4845-89c5-5ff1a35a5dda:group-FCAFDF7E9E51: set stopIndex = -1
2019-09-20 04:49:26,742 [0ad3f89e-804f-4845-89c5-5ff1a35a5dda-SegmentedRaftLogWorker:Storage Directory /workdir/hadoop-ozone/integration-test/target/test-dir/MiniOzoneClusterImpl-bb3956c2-c4d1-403a-b406-f8ec73b3905b/datanode-4/data/ratis/6019d495-f64c-42a1-a79e-fcafdf7e9e51] INFO  impl.RaftServerImpl (ServerState.java:close(394)) - 0ad3f89e-804f-4845-89c5-5ff1a35a5dda:group-FCAFDF7E9E51 closes. The last applied log index is -1
2019-09-20 04:49:26,742 [0ad3f89e-804f-4845-89c5-5ff1a35a5dda-SegmentedRaftLogWorker:Storage Directory /workdir/hadoop-ozone/integration-test/target/test-dir/MiniOzoneClusterImpl-bb3956c2-c4d1-403a-b406-f8ec73b3905b/datanode-4/data/ratis/6019d495-f64c-42a1-a79e-fcafdf7e9e51] INFO  segmented.SegmentedRaftLogWorker (SegmentedRaftLogWorker.java:close(228)) - 0ad3f89e-804f-4845-89c5-5ff1a35a5dda-SegmentedRaftLogWorker:Storage Directory /workdir/hadoop-ozone/integration-test/target/test-dir/MiniOzoneClusterImpl-bb3956c2-c4d1-403a-b406-f8ec73b3905b/datanode-4/data/ratis/6019d495-f64c-42a1-a79e-fcafdf7e9e51 close()
2019-09-20 04:49:27,241 [grpc-default-executor-1] INFO  client.GrpcClientProtocolClient (GrpcClientProtocolClient.java:onNext(255)) - client-4B9F346F76BE->0ad3f89e-804f-4845-89c5-5ff1a35a5dda: receive RaftClientReply:client-4B9F346F76BE->0ad3f89e-804f-4845-89c5-5ff1a35a5dda@group-F325FBB9CFF9, cid=123, FAILED org.apache.ratis.protocol.NotLeaderException: Server 0ad3f89e-804f-4845-89c5-5ff1a35a5dda is not the leader (null). Request must be sent to leader., logIndex=0, commits[0ad3f89e-804f-4845-89c5-5ff1a35a5dda:c-1]
2019-09-20 04:49:27,341 | INFO  | SCMAudit | user=jenkins1000 | ip=192.168.36.79 | op=SEND_HEARTBEAT {datanodeUUID=5ea19b84-5385-4ae9-8412-c4cfa929b172, command=[]} | ret=SUCCESS |  
2019-09-20 04:49:27,341 | INFO  | SCMAudit | user=jenkins1000 | ip=192.168.36.79 | op=SEND_HEARTBEAT {datanodeUUID=c4f6294c-eda3-4afd-81f7-e69ed14da69f, command=[]} | ret=SUCCESS |  
2019-09-20 04:49:27,341 | INFO  | SCMAudit | user=jenkins1000 | ip=192.168.36.79 | op=SEND_HEARTBEAT {datanodeUUID=eb30d72f-c0a8-4ecb-bfee-9120a9a6cddf, command=[]} | ret=SUCCESS |  
2019-09-20 04:49:27,341 | INFO  | SCMAudit | user=jenkins1000 | ip=192.168.36.79 | op=SEND_HEARTBEAT {datanodeUUID=68a93ad8-b6a8-44e1-8a9f-45fcc58d229a, command=[]} | ret=SUCCESS |  
2019-09-20 04:49:27,341 | INFO  | SCMAudit | user=jenkins1000 | ip=192.168.36.79 | op=SEND_HEARTBEAT {datanodeUUID=eaf3ecbe-c3b1-4969-ad3a-e4de7fb04f81, command=[]} | ret=SUCCESS |  
2019-09-20 04:49:27,341 | INFO  | SCMAudit | user=jenkins1000 | ip=192.168.36.79 | op=SEND_HEARTBEAT {datanodeUUID=dba845b8-ea76-4e09-ab03-0883d354e493, command=[]} | ret=SUCCESS |  
2019-09-20 04:49:27,341 | INFO  | SCMAudit | user=jenkins1000 | ip=192.168.36.79 | op=SEND_HEARTBEAT {datanodeUUID=2d6465ef-cffa-473a-a4c6-a9aa3f1a26c0, command=[]} | ret=SUCCESS |  
2019-09-20 04:49:27,341 | INFO  | SCMAudit | user=jenkins1000 | ip=192.168.36.79 | op=SEND_HEARTBEAT {datanodeUUID=8d97392c-5f4b-400a-94a1-fb61a3ebbc99, command=[]} | ret=SUCCESS |  
2019-09-20 04:49:27,341 | INFO  | SCMAudit | user=jenkins1000 | ip=192.168.36.79 | op=SEND_HEARTBEAT {datanodeUUID=236eed40-dd97-4fdc-a0ae-ab99685a426b, command=[]} | ret=SUCCESS |  
2019-09-20 04:49:27,341 | INFO  | SCMAudit | user=jenkins1000 | ip=192.168.36.79 | op=SEND_HEARTBEAT {datanodeUUID=0ad3f89e-804f-4845-89c5-5ff1a35a5dda, command=[]} | ret=SUCCESS |  
2019-09-20 04:49:27,342 | INFO  | SCMAudit | user=jenkins1000 | ip=192.168.36.79 | op=SEND_HEARTBEAT {datanodeUUID=ea71b9af-1075-4196-9693-aa14e10f536d, command=[]} | ret=SUCCESS |  
2019-09-20 04:49:27,342 | INFO  | SCMAudit | user=jenkins1000 | ip=192.168.36.79 | op=SEND_HEARTBEAT {datanodeUUID=2702b462-69d8-4c1b-aae1-091a21fe08b8, command=[]} | ret=SUCCESS |  
2019-09-20 04:49:27,342 | INFO  | SCMAudit | user=jenkins1000 | ip=192.168.36.79 | op=SEND_HEARTBEAT {datanodeUUID=42fc6e92-fcdd-4827-b621-9fc58a3d2315, command=[]} | ret=SUCCESS |  
2019-09-20 04:49:27,342 | INFO  | SCMAudit | user=jenkins1000 | ip=192.168.36.79 | op=SEND_HEARTBEAT {datanodeUUID=ba95d636-ac34-4b74-a102-dec8d0f377c6, command=[]} | ret=SUCCESS |  
2019-09-20 04:49:27,343 | INFO  | SCMAudit | user=jenkins1000 | ip=192.168.36.79 | op=SEND_HEARTBEAT {datanodeUUID=3c2a6bfe-f5c5-4e23-89b0-850dab17697d, command=[]} | ret=SUCCESS |  
2019-09-20 04:49:27,344 | INFO  | SCMAudit | user=jenkins1000 | ip=192.168.36.79 | op=SEND_HEARTBEAT {datanodeUUID=1d91ad97-6666-4ee7-855a-8b5e944e7401, command=[]} | ret=SUCCESS |  
2019-09-20 04:49:27,344 | INFO  | SCMAudit | user=jenkins1000 | ip=192.168.36.79 | op=SEND_HEARTBEAT {datanodeUUID=bd1a845e-f2ed-4713-9516-9ccc20139040, command=[]} | ret=SUCCESS |  
2019-09-20 04:49:27,345 | INFO  | SCMAudit | user=jenkins1000 | ip=192.168.36.79 | op=SEND_HEARTBEAT {datanodeUUID=fdbc37f2-9e58-4bac-a5d5-a78839d012e9, command=[]} | ret=SUCCESS |  
2019-09-20 04:49:27,345 | INFO  | SCMAudit | user=jenkins1000 | ip=192.168.36.79 | op=SEND_HEARTBEAT {datanodeUUID=a9bc59c4-b792-48d5-9db2-4e71770477b1, command=[]} | ret=SUCCESS |  
2019-09-20 04:49:27,346 | INFO  | SCMAudit | user=jenkins1000 | ip=192.168.36.79 | op=SEND_HEARTBEAT {datanodeUUID=f4e549ee-a6fa-4eb9-8541-129d0566fdf5, command=[]} | ret=SUCCESS |  
2019-09-20 04:49:27,346 | INFO  | SCMAudit | user=jenkins1000 | ip=192.168.36.79 | op=SEND_HEARTBEAT {datanodeUUID=8538cd65-7926-426b-8bad-fbd0f0550f9a, command=[]} | ret=SUCCESS |  
2019-09-20 04:49:28,265 [Thread-1258] INFO  impl.FollowerState (FollowerState.java:run(106)) - 68a93ad8-b6a8-44e1-8a9f-45fcc58d229a:group-E55084F5DEEB changes to CANDIDATE, lastRpcTime:5042, electionTimeout:5042ms
2019-09-20 04:49:28,266 [Thread-1258] INFO  impl.RoleInfo (RoleInfo.java:shutdownFollowerState(121)) - 68a93ad8-b6a8-44e1-8a9f-45fcc58d229a: shutdown FollowerState
2019-09-20 04:49:28,266 [Thread-1258] INFO  impl.RaftServerImpl (RaftServerImpl.java:setRole(171)) - 68a93ad8-b6a8-44e1-8a9f-45fcc58d229a:group-E55084F5DEEB changes role from FOLLOWER to CANDIDATE at term 0 for changeToCandidate
2019-09-20 04:49:28,266 [Thread-1258] INFO  impl.RoleInfo (RoleInfo.java:updateAndGet(143)) - 68a93ad8-b6a8-44e1-8a9f-45fcc58d229a: start LeaderElection
2019-09-20 04:49:28,281 [grpc-default-executor-0] INFO  client.GrpcClientProtocolClient (GrpcClientProtocolClient.java:onNext(255)) - client-4B9F346F76BE->a9bc59c4-b792-48d5-9db2-4e71770477b1: receive RaftClientReply:client-4B9F346F76BE->a9bc59c4-b792-48d5-9db2-4e71770477b1@group-F325FBB9CFF9, cid=123, FAILED org.apache.ratis.protocol.NotLeaderException: Server a9bc59c4-b792-48d5-9db2-4e71770477b1 is not the leader (null). Request must be sent to leader., logIndex=0, commits[a9bc59c4-b792-48d5-9db2-4e71770477b1:c-1]
2019-09-20 04:49:28,288 [68a93ad8-b6a8-44e1-8a9f-45fcc58d229a:group-E55084F5DEEB:LeaderElection112] INFO  impl.LeaderElection (LeaderElection.java:askForVotes(181)) - 68a93ad8-b6a8-44e1-8a9f-45fcc58d229a:group-E55084F5DEEB:LeaderElection112: begin an election at term 1 for -1: [68a93ad8-b6a8-44e1-8a9f-45fcc58d229a:192.168.36.79:39410, 0ad3f89e-804f-4845-89c5-5ff1a35a5dda:192.168.36.79:34659, a9bc59c4-b792-48d5-9db2-4e71770477b1:192.168.36.79:46574], old=null
2019-09-20 04:49:28,318 [grpc-default-executor-0] INFO  impl.RaftServerImpl (RaftServerImpl.java:setRole(171)) - a9bc59c4-b792-48d5-9db2-4e71770477b1:group-E55084F5DEEB changes role from FOLLOWER to FOLLOWER at term 1 for recognizeCandidate:68a93ad8-b6a8-44e1-8a9f-45fcc58d229a
2019-09-20 04:49:28,318 [grpc-default-executor-1] INFO  impl.RaftServerImpl (RaftServerImpl.java:setRole(171)) - 0ad3f89e-804f-4845-89c5-5ff1a35a5dda:group-E55084F5DEEB changes role from FOLLOWER to FOLLOWER at term 1 for recognizeCandidate:68a93ad8-b6a8-44e1-8a9f-45fcc58d229a
2019-09-20 04:49:28,318 [grpc-default-executor-0] INFO  impl.RoleInfo (RoleInfo.java:shutdownFollowerState(121)) - a9bc59c4-b792-48d5-9db2-4e71770477b1: shutdown FollowerState
2019-09-20 04:49:28,319 [grpc-default-executor-1] INFO  impl.RoleInfo (RoleInfo.java:shutdownFollowerState(121)) - 0ad3f89e-804f-4845-89c5-5ff1a35a5dda: shutdown FollowerState
2019-09-20 04:49:28,319 [grpc-default-executor-0] INFO  impl.RoleInfo (RoleInfo.java:updateAndGet(143)) - a9bc59c4-b792-48d5-9db2-4e71770477b1: start FollowerState
2019-09-20 04:49:28,319 [Thread-1262] INFO  impl.FollowerState (FollowerState.java:run(114)) - 0ad3f89e-804f-4845-89c5-5ff1a35a5dda: FollowerState was interrupted: java.lang.InterruptedException: sleep interrupted
2019-09-20 04:49:28,319 [grpc-default-executor-1] INFO  impl.RoleInfo (RoleInfo.java:updateAndGet(143)) - 0ad3f89e-804f-4845-89c5-5ff1a35a5dda: start FollowerState
2019-09-20 04:49:28,319 [Thread-1257] INFO  impl.FollowerState (FollowerState.java:run(114)) - a9bc59c4-b792-48d5-9db2-4e71770477b1: FollowerState was interrupted: java.lang.InterruptedException: sleep interrupted
2019-09-20 04:49:28,341 | INFO  | SCMAudit | user=jenkins1000 | ip=192.168.36.79 | op=SEND_HEARTBEAT {datanodeUUID=c4f6294c-eda3-4afd-81f7-e69ed14da69f, command=[]} | ret=SUCCESS |  
2019-09-20 04:49:28,341 | INFO  | SCMAudit | user=jenkins1000 | ip=192.168.36.79 | op=SEND_HEARTBEAT {datanodeUUID=eaf3ecbe-c3b1-4969-ad3a-e4de7fb04f81, command=[]} | ret=SUCCESS |  
2019-09-20 04:49:28,341 | INFO  | SCMAudit | user=jenkins1000 | ip=192.168.36.79 | op=SEND_HEARTBEAT {datanodeUUID=dba845b8-ea76-4e09-ab03-0883d354e493, command=[]} | ret=SUCCESS |  
2019-09-20 04:49:28,341 | INFO  | SCMAudit | user=jenkins1000 | ip=192.168.36.79 | op=SEND_HEARTBEAT {datanodeUUID=2d6465ef-cffa-473a-a4c6-a9aa3f1a26c0, command=[]} | ret=SUCCESS |  
2019-09-20 04:49:28,341 | INFO  | SCMAudit | user=jenkins1000 | ip=192.168.36.79 | op=SEND_HEARTBEAT {datanodeUUID=68a93ad8-b6a8-44e1-8a9f-45fcc58d229a, command=[]} | ret=SUCCESS |  
2019-09-20 04:49:28,341 | INFO  | SCMAudit | user=jenkins1000 | ip=192.168.36.79 | op=SEND_HEARTBEAT {datanodeUUID=eb30d72f-c0a8-4ecb-bfee-9120a9a6cddf, command=[]} | ret=SUCCESS |  
2019-09-20 04:49:28,341 | INFO  | SCMAudit | user=jenkins1000 | ip=192.168.36.79 | op=SEND_HEARTBEAT {datanodeUUID=5ea19b84-5385-4ae9-8412-c4cfa929b172, command=[]} | ret=SUCCESS |  
2019-09-20 04:49:28,342 | INFO  | SCMAudit | user=jenkins1000 | ip=192.168.36.79 | op=SEND_HEARTBEAT {datanodeUUID=236eed40-dd97-4fdc-a0ae-ab99685a426b, command=[]} | ret=SUCCESS |  
2019-09-20 04:49:28,342 | INFO  | SCMAudit | user=jenkins1000 | ip=192.168.36.79 | op=SEND_HEARTBEAT {datanodeUUID=8d97392c-5f4b-400a-94a1-fb61a3ebbc99, command=[]} | ret=SUCCESS |  
2019-09-20 04:49:28,342 [Thread-1270] INFO  impl.FollowerState (FollowerState.java:run(106)) - a9bc59c4-b792-48d5-9db2-4e71770477b1:group-114A3AF35C6C changes to CANDIDATE, lastRpcTime:5044, electionTimeout:5044ms
2019-09-20 04:49:28,342 | INFO  | SCMAudit | user=jenkins1000 | ip=192.168.36.79 | op=SEND_HEARTBEAT {datanodeUUID=0ad3f89e-804f-4845-89c5-5ff1a35a5dda, command=[]} | ret=SUCCESS |  
2019-09-20 04:49:28,342 [Thread-1270] INFO  impl.RoleInfo (RoleInfo.java:shutdownFollowerState(121)) - a9bc59c4-b792-48d5-9db2-4e71770477b1: shutdown FollowerState
2019-09-20 04:49:28,342 [Thread-1270] INFO  impl.RaftServerImpl (RaftServerImpl.java:setRole(171)) - a9bc59c4-b792-48d5-9db2-4e71770477b1:group-114A3AF35C6C changes role from FOLLOWER to CANDIDATE at term 0 for changeToCandidate
2019-09-20 04:49:28,342 | INFO  | SCMAudit | user=jenkins1000 | ip=192.168.36.79 | op=SEND_HEARTBEAT {datanodeUUID=ea71b9af-1075-4196-9693-aa14e10f536d, command=[]} | ret=SUCCESS |  
2019-09-20 04:49:28,342 | INFO  | SCMAudit | user=jenkins1000 | ip=192.168.36.79 | op=SEND_HEARTBEAT {datanodeUUID=2702b462-69d8-4c1b-aae1-091a21fe08b8, command=[]} | ret=SUCCESS |  
2019-09-20 04:49:28,342 | INFO  | SCMAudit | user=jenkins1000 | ip=192.168.36.79 | op=SEND_HEARTBEAT {datanodeUUID=ba95d636-ac34-4b74-a102-dec8d0f377c6, command=[]} | ret=SUCCESS |  
2019-09-20 04:49:28,342 | INFO  | SCMAudit | user=jenkins1000 | ip=192.168.36.79 | op=SEND_HEARTBEAT {datanodeUUID=42fc6e92-fcdd-4827-b621-9fc58a3d2315, command=[]} | ret=SUCCESS |  
2019-09-20 04:49:28,343 | INFO  | SCMAudit | user=jenkins1000 | ip=192.168.36.79 | op=SEND_HEARTBEAT {datanodeUUID=3c2a6bfe-f5c5-4e23-89b0-850dab17697d, command=[]} | ret=SUCCESS |  
2019-09-20 04:49:28,343 | INFO  | SCMAudit | user=jenkins1000 | ip=192.168.36.79 | op=SEND_HEARTBEAT {datanodeUUID=1d91ad97-6666-4ee7-855a-8b5e944e7401, command=[]} | ret=SUCCESS |  
2019-09-20 04:49:28,342 [Thread-1270] INFO  impl.RoleInfo (RoleInfo.java:updateAndGet(143)) - a9bc59c4-b792-48d5-9db2-4e71770477b1: start LeaderElection
2019-09-20 04:49:28,344 | INFO  | SCMAudit | user=jenkins1000 | ip=192.168.36.79 | op=SEND_HEARTBEAT {datanodeUUID=bd1a845e-f2ed-4713-9516-9ccc20139040, command=[]} | ret=SUCCESS |  
2019-09-20 04:49:28,345 | INFO  | SCMAudit | user=jenkins1000 | ip=192.168.36.79 | op=SEND_HEARTBEAT {datanodeUUID=fdbc37f2-9e58-4bac-a5d5-a78839d012e9, command=[]} | ret=SUCCESS |  
2019-09-20 04:49:28,346 | INFO  | SCMAudit | user=jenkins1000 | ip=192.168.36.79 | op=SEND_HEARTBEAT {datanodeUUID=a9bc59c4-b792-48d5-9db2-4e71770477b1, command=[]} | ret=SUCCESS |  
2019-09-20 04:49:28,347 | INFO  | SCMAudit | user=jenkins1000 | ip=192.168.36.79 | op=SEND_HEARTBEAT {datanodeUUID=f4e549ee-a6fa-4eb9-8541-129d0566fdf5, command=[]} | ret=SUCCESS |  
2019-09-20 04:49:28,347 | INFO  | SCMAudit | user=jenkins1000 | ip=192.168.36.79 | op=SEND_HEARTBEAT {datanodeUUID=8538cd65-7926-426b-8bad-fbd0f0550f9a, command=[]} | ret=SUCCESS |  
2019-09-20 04:49:28,357 [a9bc59c4-b792-48d5-9db2-4e71770477b1:group-114A3AF35C6C:LeaderElection113] INFO  impl.LeaderElection (LeaderElection.java:askForVotes(181)) - a9bc59c4-b792-48d5-9db2-4e71770477b1:group-114A3AF35C6C:LeaderElection113: begin an election at term 1 for -1: [0ad3f89e-804f-4845-89c5-5ff1a35a5dda:192.168.36.79:34659, 68a93ad8-b6a8-44e1-8a9f-45fcc58d229a:192.168.36.79:39410, a9bc59c4-b792-48d5-9db2-4e71770477b1:192.168.36.79:46574], old=null
2019-09-20 04:49:28,362 [grpc-default-executor-0] INFO  impl.RaftServerImpl (RaftServerImpl.java:setRole(171)) - 0ad3f89e-804f-4845-89c5-5ff1a35a5dda:group-114A3AF35C6C changes role from FOLLOWER to FOLLOWER at term 1 for recognizeCandidate:a9bc59c4-b792-48d5-9db2-4e71770477b1
2019-09-20 04:49:28,362 [grpc-default-executor-1] INFO  impl.RaftServerImpl (RaftServerImpl.java:setRole(171)) - 68a93ad8-b6a8-44e1-8a9f-45fcc58d229a:group-114A3AF35C6C changes role from FOLLOWER to FOLLOWER at term 1 for recognizeCandidate:a9bc59c4-b792-48d5-9db2-4e71770477b1
2019-09-20 04:49:28,362 [grpc-default-executor-0] INFO  impl.RoleInfo (RoleInfo.java:shutdownFollowerState(121)) - 0ad3f89e-804f-4845-89c5-5ff1a35a5dda: shutdown FollowerState
2019-09-20 04:49:28,362 [68a93ad8-b6a8-44e1-8a9f-45fcc58d229a:group-E55084F5DEEB:LeaderElection112] INFO  impl.LeaderElection (LeaderElection.java:logAndReturn(56)) - 68a93ad8-b6a8-44e1-8a9f-45fcc58d229a:group-E55084F5DEEB:LeaderElection112: Election PASSED; received 1 response(s) [68a93ad8-b6a8-44e1-8a9f-45fcc58d229a<-a9bc59c4-b792-48d5-9db2-4e71770477b1#0:OK-t1] and 0 exception(s); 68a93ad8-b6a8-44e1-8a9f-45fcc58d229a:t1, leader=null, voted=68a93ad8-b6a8-44e1-8a9f-45fcc58d229a, raftlog=68a93ad8-b6a8-44e1-8a9f-45fcc58d229a-SegmentedRaftLog:OPENED:c-1,f-1,i0, conf=-1: [68a93ad8-b6a8-44e1-8a9f-45fcc58d229a:192.168.36.79:39410, 0ad3f89e-804f-4845-89c5-5ff1a35a5dda:192.168.36.79:34659, a9bc59c4-b792-48d5-9db2-4e71770477b1:192.168.36.79:46574], old=null
2019-09-20 04:49:28,362 [grpc-default-executor-1] INFO  impl.RoleInfo (RoleInfo.java:shutdownFollowerState(121)) - 68a93ad8-b6a8-44e1-8a9f-45fcc58d229a: shutdown FollowerState
2019-09-20 04:49:28,362 [68a93ad8-b6a8-44e1-8a9f-45fcc58d229a:group-E55084F5DEEB:LeaderElection112] INFO  impl.RoleInfo (RoleInfo.java:shutdownLeaderElection(134)) - 68a93ad8-b6a8-44e1-8a9f-45fcc58d229a: shutdown LeaderElection
2019-09-20 04:49:28,362 [Thread-1265] INFO  impl.FollowerState (FollowerState.java:run(114)) - 0ad3f89e-804f-4845-89c5-5ff1a35a5dda: FollowerState was interrupted: java.lang.InterruptedException: sleep interrupted
2019-09-20 04:49:28,362 [grpc-default-executor-0] INFO  impl.RoleInfo (RoleInfo.java:updateAndGet(143)) - 0ad3f89e-804f-4845-89c5-5ff1a35a5dda: start FollowerState
2019-09-20 04:49:28,362 [68a93ad8-b6a8-44e1-8a9f-45fcc58d229a:group-E55084F5DEEB:LeaderElection112] INFO  impl.RaftServerImpl (RaftServerImpl.java:setRole(171)) - 68a93ad8-b6a8-44e1-8a9f-45fcc58d229a:group-E55084F5DEEB changes role from CANDIDATE to LEADER at term 1 for changeToLeader
2019-09-20 04:49:28,362 [Thread-1269] INFO  impl.FollowerState (FollowerState.java:run(114)) - 68a93ad8-b6a8-44e1-8a9f-45fcc58d229a: FollowerState was interrupted: java.lang.InterruptedException: sleep interrupted
2019-09-20 04:49:28,362 [grpc-default-executor-1] INFO  impl.RoleInfo (RoleInfo.java:updateAndGet(143)) - 68a93ad8-b6a8-44e1-8a9f-45fcc58d229a: start FollowerState
2019-09-20 04:49:28,362 [68a93ad8-b6a8-44e1-8a9f-45fcc58d229a:group-E55084F5DEEB:LeaderElection112] INFO  impl.RaftServerImpl (ServerState.java:setLeader(263)) - 68a93ad8-b6a8-44e1-8a9f-45fcc58d229a:group-E55084F5DEEB change Leader from null to 68a93ad8-b6a8-44e1-8a9f-45fcc58d229a at term 1 for becomeLeader, leader elected after 5152ms
2019-09-20 04:49:28,363 [68a93ad8-b6a8-44e1-8a9f-45fcc58d229a:group-E55084F5DEEB:LeaderElection112] INFO  server.RaftServerConfigKeys (ConfUtils.java:logGet(43)) - raft.server.staging.catchup.gap = 1000 (default)
2019-09-20 04:49:28,363 [68a93ad8-b6a8-44e1-8a9f-45fcc58d229a:group-E55084F5DEEB:LeaderElection112] INFO  server.RaftServerConfigKeys (ConfUtils.java:logGet(43)) - raft.server.rpc.sleep.time = 25ms (default)
2019-09-20 04:49:28,363 [68a93ad8-b6a8-44e1-8a9f-45fcc58d229a:group-E55084F5DEEB:LeaderElection112] INFO  server.RaftServerConfigKeys (ConfUtils.java:logGet(43)) - raft.server.write.element-limit = 4096 (default)
2019-09-20 04:49:28,363 [68a93ad8-b6a8-44e1-8a9f-45fcc58d229a:group-E55084F5DEEB:LeaderElection112] INFO  server.RaftServerConfigKeys (ConfUtils.java:logGet(43)) - raft.server.watch.timeout = 10s (default)
2019-09-20 04:49:28,363 [68a93ad8-b6a8-44e1-8a9f-45fcc58d229a:group-E55084F5DEEB:LeaderElection112] INFO  server.RaftServerConfigKeys (ConfUtils.java:logGet(43)) - raft.server.watch.timeout.denomination = 1s (default)
2019-09-20 04:49:28,363 [68a93ad8-b6a8-44e1-8a9f-45fcc58d229a:group-E55084F5DEEB:LeaderElection112] INFO  server.RaftServerConfigKeys (ConfUtils.java:logGet(43)) - raft.server.watch.element-limit = 65536 (default)
2019-09-20 04:49:28,365 [Thread-1277] INFO  impl.FollowerState (FollowerState.java:run(106)) - 0ad3f89e-804f-4845-89c5-5ff1a35a5dda:group-F325FBB9CFF9 changes to CANDIDATE, lastRpcTime:5004, electionTimeout:5004ms
2019-09-20 04:49:28,365 [Thread-1277] INFO  impl.RoleInfo (RoleInfo.java:shutdownFollowerState(121)) - 0ad3f89e-804f-4845-89c5-5ff1a35a5dda: shutdown FollowerState
2019-09-20 04:49:28,365 [Thread-1277] INFO  impl.RaftServerImpl (RaftServerImpl.java:setRole(171)) - 0ad3f89e-804f-4845-89c5-5ff1a35a5dda:group-F325FBB9CFF9 changes role from FOLLOWER to CANDIDATE at term 0 for changeToCandidate
2019-09-20 04:49:28,365 [68a93ad8-b6a8-44e1-8a9f-45fcc58d229a:group-E55084F5DEEB:LeaderElection112] INFO  server.RaftServerConfigKeys (ConfUtils.java:logGet(43)) - raft.server.log.appender.snapshot.chunk.size.max = 16MB (=16777216) (default)
2019-09-20 04:49:28,365 [Thread-1277] INFO  impl.RoleInfo (RoleInfo.java:updateAndGet(143)) - 0ad3f89e-804f-4845-89c5-5ff1a35a5dda: start LeaderElection
2019-09-20 04:49:28,365 [68a93ad8-b6a8-44e1-8a9f-45fcc58d229a:group-E55084F5DEEB:LeaderElection112] INFO  server.RaftServerConfigKeys (ConfUtils.java:logGet(43)) - raft.server.log.appender.buffer.byte-limit = 33554432 (custom)
2019-09-20 04:49:28,365 [68a93ad8-b6a8-44e1-8a9f-45fcc58d229a:group-E55084F5DEEB:LeaderElection112] INFO  server.RaftServerConfigKeys (ConfUtils.java:logGet(43)) - raft.server.log.appender.buffer.element-limit = 1 (custom)
2019-09-20 04:49:28,368 [68a93ad8-b6a8-44e1-8a9f-45fcc58d229a:group-E55084F5DEEB:LeaderElection112] INFO  grpc.GrpcConfigKeys$Server (ConfUtils.java:logGet(43)) - raft.grpc.server.leader.outstanding.appends.max = 128 (default)
2019-09-20 04:49:28,368 [68a93ad8-b6a8-44e1-8a9f-45fcc58d229a:group-E55084F5DEEB:LeaderElection112] INFO  server.RaftServerConfigKeys (ConfUtils.java:logGet(43)) - raft.server.rpc.request.timeout = 3000ms (default)
2019-09-20 04:49:28,368 [68a93ad8-b6a8-44e1-8a9f-45fcc58d229a:group-E55084F5DEEB:LeaderElection112] INFO  server.RaftServerConfigKeys (ConfUtils.java:logGet(43)) - raft.server.log.appender.install.snapshot.enabled = false (custom)
2019-09-20 04:49:28,368 [68a93ad8-b6a8-44e1-8a9f-45fcc58d229a:group-E55084F5DEEB:LeaderElection112] INFO  server.RaftServerConfigKeys (ConfUtils.java:logGet(43)) - raft.server.log.appender.snapshot.chunk.size.max = 16MB (=16777216) (default)
2019-09-20 04:49:28,368 [68a93ad8-b6a8-44e1-8a9f-45fcc58d229a:group-E55084F5DEEB:LeaderElection112] INFO  server.RaftServerConfigKeys (ConfUtils.java:logGet(43)) - raft.server.log.appender.buffer.byte-limit = 33554432 (custom)
2019-09-20 04:49:28,368 [68a93ad8-b6a8-44e1-8a9f-45fcc58d229a:group-E55084F5DEEB:LeaderElection112] INFO  server.RaftServerConfigKeys (ConfUtils.java:logGet(43)) - raft.server.log.appender.buffer.element-limit = 1 (custom)
2019-09-20 04:49:28,368 [68a93ad8-b6a8-44e1-8a9f-45fcc58d229a:group-E55084F5DEEB:LeaderElection112] INFO  grpc.GrpcConfigKeys$Server (ConfUtils.java:logGet(43)) - raft.grpc.server.leader.outstanding.appends.max = 128 (default)
2019-09-20 04:49:28,368 [68a93ad8-b6a8-44e1-8a9f-45fcc58d229a:group-E55084F5DEEB:LeaderElection112] INFO  server.RaftServerConfigKeys (ConfUtils.java:logGet(43)) - raft.server.rpc.request.timeout = 3000ms (default)
2019-09-20 04:49:28,369 [68a93ad8-b6a8-44e1-8a9f-45fcc58d229a:group-E55084F5DEEB:LeaderElection112] INFO  server.RaftServerConfigKeys (ConfUtils.java:logGet(43)) - raft.server.log.appender.install.snapshot.enabled = false (custom)
2019-09-20 04:49:28,369 [68a93ad8-b6a8-44e1-8a9f-45fcc58d229a:group-E55084F5DEEB:LeaderElection112] INFO  impl.RoleInfo (RoleInfo.java:updateAndGet(143)) - 68a93ad8-b6a8-44e1-8a9f-45fcc58d229a: start LeaderState
2019-09-20 04:49:28,370 [68a93ad8-b6a8-44e1-8a9f-45fcc58d229a:group-E55084F5DEEB:LeaderElection112] INFO  segmented.SegmentedRaftLogWorker (SegmentedRaftLogWorker.java:startLogSegment(380)) - 68a93ad8-b6a8-44e1-8a9f-45fcc58d229a-SegmentedRaftLogWorker:Storage Directory /workdir/hadoop-ozone/integration-test/target/test-dir/MiniOzoneClusterImpl-bb3956c2-c4d1-403a-b406-f8ec73b3905b/datanode-5/data/ratis/4c516ec7-4cbc-4eb4-86c7-e55084f5deeb: Starting segment from index:0
2019-09-20 04:49:28,370 [68a93ad8-b6a8-44e1-8a9f-45fcc58d229a:group-E55084F5DEEB:LeaderElection112] INFO  impl.RaftServerImpl (ServerState.java:setRaftConf(361)) - 68a93ad8-b6a8-44e1-8a9f-45fcc58d229a:group-E55084F5DEEB set configuration 0: [68a93ad8-b6a8-44e1-8a9f-45fcc58d229a:192.168.36.79:39410, 0ad3f89e-804f-4845-89c5-5ff1a35a5dda:192.168.36.79:34659, a9bc59c4-b792-48d5-9db2-4e71770477b1:192.168.36.79:46574], old=null at 0
2019-09-20 04:49:28,740 [Thread-1288] INFO  impl.FollowerState (FollowerState.java:run(106)) - 0ad3f89e-804f-4845-89c5-5ff1a35a5dda:group-764BB6A2AE27 changes to CANDIDATE, lastRpcTime:5301, electionTimeout:5124ms
2019-09-20 04:49:28,755 [Thread-1285] INFO  impl.FollowerState (FollowerState.java:run(106)) - 68a93ad8-b6a8-44e1-8a9f-45fcc58d229a:group-764BB6A2AE27 changes to CANDIDATE, lastRpcTime:5316, electionTimeout:5033ms
2019-09-20 04:49:28,755 [Thread-1288] INFO  impl.RoleInfo (RoleInfo.java:shutdownFollowerState(121)) - 0ad3f89e-804f-4845-89c5-5ff1a35a5dda: shutdown FollowerState
2019-09-20 04:49:28,740 [Thread-1283] INFO  impl.FollowerState (FollowerState.java:run(106)) - a9bc59c4-b792-48d5-9db2-4e71770477b1:group-764BB6A2AE27 changes to CANDIDATE, lastRpcTime:5302, electionTimeout:5064ms
2019-09-20 04:49:28,756 [Thread-1283] INFO  impl.RoleInfo (RoleInfo.java:shutdownFollowerState(121)) - a9bc59c4-b792-48d5-9db2-4e71770477b1: shutdown FollowerState
2019-09-20 04:49:28,740 [Thread-1279] INFO  impl.FollowerState (FollowerState.java:run(106)) - a9bc59c4-b792-48d5-9db2-4e71770477b1:group-F325FBB9CFF9 changes to CANDIDATE, lastRpcTime:5379, electionTimeout:5146ms
2019-09-20 04:49:28,755 [0ad3f89e-804f-4845-89c5-5ff1a35a5dda:group-F325FBB9CFF9:LeaderElection114] INFO  impl.LeaderElection (LeaderElection.java:askForVotes(181)) - 0ad3f89e-804f-4845-89c5-5ff1a35a5dda:group-F325FBB9CFF9:LeaderElection114: begin an election at term 1 for -1: [0ad3f89e-804f-4845-89c5-5ff1a35a5dda:192.168.36.79:34659, 68a93ad8-b6a8-44e1-8a9f-45fcc58d229a:192.168.36.79:39410, a9bc59c4-b792-48d5-9db2-4e71770477b1:192.168.36.79:46574], old=null
2019-09-20 04:49:28,740 [Thread-1274] INFO  impl.FollowerState (FollowerState.java:run(106)) - 68a93ad8-b6a8-44e1-8a9f-45fcc58d229a:group-F325FBB9CFF9 changes to CANDIDATE, lastRpcTime:5381, electionTimeout:5115ms
2019-09-20 04:49:28,756 [Thread-1279] INFO  impl.RoleInfo (RoleInfo.java:shutdownFollowerState(121)) - a9bc59c4-b792-48d5-9db2-4e71770477b1: shutdown FollowerState
2019-09-20 04:49:28,756 [Thread-1283] INFO  impl.RaftServerImpl (RaftServerImpl.java:setRole(171)) - a9bc59c4-b792-48d5-9db2-4e71770477b1:group-764BB6A2AE27 changes role from FOLLOWER to CANDIDATE at term 0 for changeToCandidate
2019-09-20 04:49:28,756 [Thread-1288] INFO  impl.RaftServerImpl (RaftServerImpl.java:setRole(171)) - 0ad3f89e-804f-4845-89c5-5ff1a35a5dda:group-764BB6A2AE27 changes role from FOLLOWER to CANDIDATE at term 0 for changeToCandidate
2019-09-20 04:49:28,755 [Thread-1285] INFO  impl.RoleInfo (RoleInfo.java:shutdownFollowerState(121)) - 68a93ad8-b6a8-44e1-8a9f-45fcc58d229a: shutdown FollowerState
2019-09-20 04:49:28,756 [Thread-1283] INFO  impl.RoleInfo (RoleInfo.java:updateAndGet(143)) - a9bc59c4-b792-48d5-9db2-4e71770477b1: start LeaderElection
2019-09-20 04:49:28,756 [Thread-1288] INFO  impl.RoleInfo (RoleInfo.java:updateAndGet(143)) - 0ad3f89e-804f-4845-89c5-5ff1a35a5dda: start LeaderElection
2019-09-20 04:49:28,756 [Thread-1279] INFO  impl.RaftServerImpl (RaftServerImpl.java:setRole(171)) - a9bc59c4-b792-48d5-9db2-4e71770477b1:group-F325FBB9CFF9 changes role from FOLLOWER to CANDIDATE at term 0 for changeToCandidate
2019-09-20 04:49:28,756 [Thread-1274] INFO  impl.RoleInfo (RoleInfo.java:shutdownFollowerState(121)) - 68a93ad8-b6a8-44e1-8a9f-45fcc58d229a: shutdown FollowerState
2019-09-20 04:49:28,757 [Thread-1279] INFO  impl.RoleInfo (RoleInfo.java:updateAndGet(143)) - a9bc59c4-b792-48d5-9db2-4e71770477b1: start LeaderElection
2019-09-20 04:49:28,757 [a9bc59c4-b792-48d5-9db2-4e71770477b1:group-114A3AF35C6C:LeaderElection113] INFO  impl.LeaderElection (LeaderElection.java:logAndReturn(56)) - a9bc59c4-b792-48d5-9db2-4e71770477b1:group-114A3AF35C6C:LeaderElection113: Election PASSED; received 1 response(s) [a9bc59c4-b792-48d5-9db2-4e71770477b1<-68a93ad8-b6a8-44e1-8a9f-45fcc58d229a#0:OK-t1] and 0 exception(s); a9bc59c4-b792-48d5-9db2-4e71770477b1:t1, leader=null, voted=a9bc59c4-b792-48d5-9db2-4e71770477b1, raftlog=a9bc59c4-b792-48d5-9db2-4e71770477b1-SegmentedRaftLog:OPENED:c-1,f-1,i0, conf=-1: [0ad3f89e-804f-4845-89c5-5ff1a35a5dda:192.168.36.79:34659, 68a93ad8-b6a8-44e1-8a9f-45fcc58d229a:192.168.36.79:39410, a9bc59c4-b792-48d5-9db2-4e71770477b1:192.168.36.79:46574], old=null
2019-09-20 04:49:28,757 [a9bc59c4-b792-48d5-9db2-4e71770477b1:group-114A3AF35C6C:LeaderElection113] INFO  impl.RoleInfo (RoleInfo.java:shutdownLeaderElection(134)) - a9bc59c4-b792-48d5-9db2-4e71770477b1: shutdown LeaderElection
2019-09-20 04:49:28,758 [a9bc59c4-b792-48d5-9db2-4e71770477b1:group-114A3AF35C6C:LeaderElection113] INFO  impl.RaftServerImpl (RaftServerImpl.java:setRole(171)) - a9bc59c4-b792-48d5-9db2-4e71770477b1:group-114A3AF35C6C changes role from CANDIDATE to LEADER at term 1 for changeToLeader
2019-09-20 04:49:28,756 [Thread-1285] INFO  impl.RaftServerImpl (RaftServerImpl.java:setRole(171)) - 68a93ad8-b6a8-44e1-8a9f-45fcc58d229a:group-764BB6A2AE27 changes role from FOLLOWER to CANDIDATE at term 0 for changeToCandidate
2019-09-20 04:49:28,758 [a9bc59c4-b792-48d5-9db2-4e71770477b1:group-114A3AF35C6C:LeaderElection113] INFO  impl.RaftServerImpl (ServerState.java:setLeader(263)) - a9bc59c4-b792-48d5-9db2-4e71770477b1:group-114A3AF35C6C change Leader from null to a9bc59c4-b792-48d5-9db2-4e71770477b1 at term 1 for becomeLeader, leader elected after 5466ms
2019-09-20 04:49:28,757 [Thread-1274] INFO  impl.RaftServerImpl (RaftServerImpl.java:setRole(171)) - 68a93ad8-b6a8-44e1-8a9f-45fcc58d229a:group-F325FBB9CFF9 changes role from FOLLOWER to CANDIDATE at term 0 for changeToCandidate
2019-09-20 04:49:28,758 [Thread-1285] INFO  impl.RoleInfo (RoleInfo.java:updateAndGet(143)) - 68a93ad8-b6a8-44e1-8a9f-45fcc58d229a: start LeaderElection
2019-09-20 04:49:28,758 [a9bc59c4-b792-48d5-9db2-4e71770477b1:group-114A3AF35C6C:LeaderElection113] INFO  server.RaftServerConfigKeys (ConfUtils.java:logGet(43)) - raft.server.staging.catchup.gap = 1000 (default)
2019-09-20 04:49:28,758 [Thread-1274] INFO  impl.RoleInfo (RoleInfo.java:updateAndGet(143)) - 68a93ad8-b6a8-44e1-8a9f-45fcc58d229a: start LeaderElection
2019-09-20 04:49:28,758 [a9bc59c4-b792-48d5-9db2-4e71770477b1:group-114A3AF35C6C:LeaderElection113] INFO  server.RaftServerConfigKeys (ConfUtils.java:logGet(43)) - raft.server.rpc.sleep.time = 25ms (default)
2019-09-20 04:49:28,758 [a9bc59c4-b792-48d5-9db2-4e71770477b1:group-114A3AF35C6C:LeaderElection113] INFO  server.RaftServerConfigKeys (ConfUtils.java:logGet(43)) - raft.server.write.element-limit = 4096 (default)
2019-09-20 04:49:28,758 [a9bc59c4-b792-48d5-9db2-4e71770477b1:group-114A3AF35C6C:LeaderElection113] INFO  server.RaftServerConfigKeys (ConfUtils.java:logGet(43)) - raft.server.watch.timeout = 10s (default)
2019-09-20 04:49:28,759 [a9bc59c4-b792-48d5-9db2-4e71770477b1:group-114A3AF35C6C:LeaderElection113] INFO  server.RaftServerConfigKeys (ConfUtils.java:logGet(43)) - raft.server.watch.timeout.denomination = 1s (default)
2019-09-20 04:49:28,759 [a9bc59c4-b792-48d5-9db2-4e71770477b1:group-114A3AF35C6C:LeaderElection113] INFO  server.RaftServerConfigKeys (ConfUtils.java:logGet(43)) - raft.server.watch.element-limit = 65536 (default)
2019-09-20 04:49:28,760 [a9bc59c4-b792-48d5-9db2-4e71770477b1:group-114A3AF35C6C:LeaderElection113] INFO  server.RaftServerConfigKeys (ConfUtils.java:logGet(43)) - raft.server.log.appender.snapshot.chunk.size.max = 16MB (=16777216) (default)
2019-09-20 04:49:28,760 [a9bc59c4-b792-48d5-9db2-4e71770477b1:group-114A3AF35C6C:LeaderElection113] INFO  server.RaftServerConfigKeys (ConfUtils.java:logGet(43)) - raft.server.log.appender.buffer.byte-limit = 33554432 (custom)
2019-09-20 04:49:28,760 [a9bc59c4-b792-48d5-9db2-4e71770477b1:group-114A3AF35C6C:LeaderElection113] INFO  server.RaftServerConfigKeys (ConfUtils.java:logGet(43)) - raft.server.log.appender.buffer.element-limit = 1 (custom)
2019-09-20 04:49:28,760 [a9bc59c4-b792-48d5-9db2-4e71770477b1:group-114A3AF35C6C:LeaderElection113] INFO  grpc.GrpcConfigKeys$Server (ConfUtils.java:logGet(43)) - raft.grpc.server.leader.outstanding.appends.max = 128 (default)
2019-09-20 04:49:28,766 [a9bc59c4-b792-48d5-9db2-4e71770477b1:group-114A3AF35C6C:LeaderElection113] INFO  server.RaftServerConfigKeys (ConfUtils.java:logGet(43)) - raft.server.rpc.request.timeout = 3000ms (default)
2019-09-20 04:49:28,766 [a9bc59c4-b792-48d5-9db2-4e71770477b1:group-114A3AF35C6C:LeaderElection113] INFO  server.RaftServerConfigKeys (ConfUtils.java:logGet(43)) - raft.server.log.appender.install.snapshot.enabled = false (custom)
2019-09-20 04:49:28,766 [a9bc59c4-b792-48d5-9db2-4e71770477b1:group-114A3AF35C6C:LeaderElection113] INFO  server.RaftServerConfigKeys (ConfUtils.java:logGet(43)) - raft.server.log.appender.snapshot.chunk.size.max = 16MB (=16777216) (default)
2019-09-20 04:49:28,766 [a9bc59c4-b792-48d5-9db2-4e71770477b1:group-114A3AF35C6C:LeaderElection113] INFO  server.RaftServerConfigKeys (ConfUtils.java:logGet(43)) - raft.server.log.appender.buffer.byte-limit = 33554432 (custom)
2019-09-20 04:49:28,770 [a9bc59c4-b792-48d5-9db2-4e71770477b1:group-114A3AF35C6C:LeaderElection113] INFO  server.RaftServerConfigKeys (ConfUtils.java:logGet(43)) - raft.server.log.appender.buffer.element-limit = 1 (custom)
2019-09-20 04:49:28,771 [a9bc59c4-b792-48d5-9db2-4e71770477b1:group-114A3AF35C6C:LeaderElection113] INFO  grpc.GrpcConfigKeys$Server (ConfUtils.java:logGet(43)) - raft.grpc.server.leader.outstanding.appends.max = 128 (default)
2019-09-20 04:49:28,771 [a9bc59c4-b792-48d5-9db2-4e71770477b1:group-114A3AF35C6C:LeaderElection113] INFO  server.RaftServerConfigKeys (ConfUtils.java:logGet(43)) - raft.server.rpc.request.timeout = 3000ms (default)
2019-09-20 04:49:28,771 [a9bc59c4-b792-48d5-9db2-4e71770477b1:group-114A3AF35C6C:LeaderElection113] INFO  server.RaftServerConfigKeys (ConfUtils.java:logGet(43)) - raft.server.log.appender.install.snapshot.enabled = false (custom)
2019-09-20 04:49:28,771 [a9bc59c4-b792-48d5-9db2-4e71770477b1:group-114A3AF35C6C:LeaderElection113] INFO  impl.RoleInfo (RoleInfo.java:updateAndGet(143)) - a9bc59c4-b792-48d5-9db2-4e71770477b1: start LeaderState
2019-09-20 04:49:28,771 [a9bc59c4-b792-48d5-9db2-4e71770477b1:group-114A3AF35C6C:LeaderElection113] INFO  segmented.SegmentedRaftLogWorker (SegmentedRaftLogWorker.java:startLogSegment(380)) - a9bc59c4-b792-48d5-9db2-4e71770477b1-SegmentedRaftLogWorker:Storage Directory /workdir/hadoop-ozone/integration-test/target/test-dir/MiniOzoneClusterImpl-bb3956c2-c4d1-403a-b406-f8ec73b3905b/datanode-6/data/ratis/bb305e63-9f98-4cfd-991d-114a3af35c6c: Starting segment from index:0
2019-09-20 04:49:28,779 [a9bc59c4-b792-48d5-9db2-4e71770477b1:group-114A3AF35C6C:LeaderElection113] INFO  impl.RaftServerImpl (ServerState.java:setRaftConf(361)) - a9bc59c4-b792-48d5-9db2-4e71770477b1:group-114A3AF35C6C set configuration 0: [0ad3f89e-804f-4845-89c5-5ff1a35a5dda:192.168.36.79:34659, 68a93ad8-b6a8-44e1-8a9f-45fcc58d229a:192.168.36.79:39410, a9bc59c4-b792-48d5-9db2-4e71770477b1:192.168.36.79:46574], old=null at 0
2019-09-20 04:49:28,779 [grpc-default-executor-1] INFO  impl.RaftServerImpl (ServerState.java:setLeader(263)) - 0ad3f89e-804f-4845-89c5-5ff1a35a5dda:group-E55084F5DEEB change Leader from null to 68a93ad8-b6a8-44e1-8a9f-45fcc58d229a at term 1 for appendEntries, leader elected after 5558ms
2019-09-20 04:49:29,037 [grpc-default-executor-0] INFO  impl.RaftServerImpl (ServerState.java:setLeader(263)) - a9bc59c4-b792-48d5-9db2-4e71770477b1:group-E55084F5DEEB change Leader from null to 68a93ad8-b6a8-44e1-8a9f-45fcc58d229a at term 1 for appendEntries, leader elected after 5827ms
2019-09-20 04:49:29,033 [68a93ad8-b6a8-44e1-8a9f-45fcc58d229a:group-F325FBB9CFF9:LeaderElection119] INFO  impl.LeaderElection (LeaderElection.java:askForVotes(181)) - 68a93ad8-b6a8-44e1-8a9f-45fcc58d229a:group-F325FBB9CFF9:LeaderElection119: begin an election at term 1 for -1: [0ad3f89e-804f-4845-89c5-5ff1a35a5dda:192.168.36.79:34659, 68a93ad8-b6a8-44e1-8a9f-45fcc58d229a:192.168.36.79:39410, a9bc59c4-b792-48d5-9db2-4e71770477b1:192.168.36.79:46574], old=null
2019-09-20 04:49:29,033 [a9bc59c4-b792-48d5-9db2-4e71770477b1:group-764BB6A2AE27:LeaderElection115] INFO  impl.LeaderElection (LeaderElection.java:askForVotes(181)) - a9bc59c4-b792-48d5-9db2-4e71770477b1:group-764BB6A2AE27:LeaderElection115: begin an election at term 1 for -1: [0ad3f89e-804f-4845-89c5-5ff1a35a5dda:192.168.36.79:34659, 68a93ad8-b6a8-44e1-8a9f-45fcc58d229a:192.168.36.79:39410, a9bc59c4-b792-48d5-9db2-4e71770477b1:192.168.36.79:46574], old=null
2019-09-20 04:49:29,033 [0ad3f89e-804f-4845-89c5-5ff1a35a5dda:group-764BB6A2AE27:LeaderElection116] INFO  impl.LeaderElection (LeaderElection.java:askForVotes(181)) - 0ad3f89e-804f-4845-89c5-5ff1a35a5dda:group-764BB6A2AE27:LeaderElection116: begin an election at term 1 for -1: [0ad3f89e-804f-4845-89c5-5ff1a35a5dda:192.168.36.79:34659, 68a93ad8-b6a8-44e1-8a9f-45fcc58d229a:192.168.36.79:39410, a9bc59c4-b792-48d5-9db2-4e71770477b1:192.168.36.79:46574], old=null
2019-09-20 04:49:29,033 [68a93ad8-b6a8-44e1-8a9f-45fcc58d229a:group-764BB6A2AE27:LeaderElection118] INFO  impl.LeaderElection (LeaderElection.java:askForVotes(181)) - 68a93ad8-b6a8-44e1-8a9f-45fcc58d229a:group-764BB6A2AE27:LeaderElection118: begin an election at term 1 for -1: [0ad3f89e-804f-4845-89c5-5ff1a35a5dda:192.168.36.79:34659, 68a93ad8-b6a8-44e1-8a9f-45fcc58d229a:192.168.36.79:39410, a9bc59c4-b792-48d5-9db2-4e71770477b1:192.168.36.79:46574], old=null
2019-09-20 04:49:29,033 [a9bc59c4-b792-48d5-9db2-4e71770477b1:group-F325FBB9CFF9:LeaderElection117] INFO  impl.LeaderElection (LeaderElection.java:askForVotes(181)) - a9bc59c4-b792-48d5-9db2-4e71770477b1:group-F325FBB9CFF9:LeaderElection117: begin an election at term 1 for -1: [0ad3f89e-804f-4845-89c5-5ff1a35a5dda:192.168.36.79:34659, 68a93ad8-b6a8-44e1-8a9f-45fcc58d229a:192.168.36.79:39410, a9bc59c4-b792-48d5-9db2-4e71770477b1:192.168.36.79:46574], old=null
2019-09-20 04:49:29,040 [grpc-default-executor-3] INFO  impl.RaftServerImpl (ServerState.java:setLeader(263)) - 68a93ad8-b6a8-44e1-8a9f-45fcc58d229a:group-114A3AF35C6C change Leader from null to a9bc59c4-b792-48d5-9db2-4e71770477b1 at term 1 for appendEntries, leader elected after 5748ms
2019-09-20 04:49:29,045 [grpc-default-executor-2] INFO  impl.RaftServerImpl (ServerState.java:setLeader(263)) - 0ad3f89e-804f-4845-89c5-5ff1a35a5dda:group-114A3AF35C6C change Leader from null to a9bc59c4-b792-48d5-9db2-4e71770477b1 at term 1 for appendEntries, leader elected after 5754ms
2019-09-20 04:49:29,058 [0ad3f89e-804f-4845-89c5-5ff1a35a5dda:group-F325FBB9CFF9:LeaderElection114] INFO  impl.LeaderElection (LeaderElection.java:logAndReturn(56)) - 0ad3f89e-804f-4845-89c5-5ff1a35a5dda:group-F325FBB9CFF9:LeaderElection114: Election REJECTED; received 2 response(s) [0ad3f89e-804f-4845-89c5-5ff1a35a5dda<-68a93ad8-b6a8-44e1-8a9f-45fcc58d229a#0:FAIL-t1, 0ad3f89e-804f-4845-89c5-5ff1a35a5dda<-a9bc59c4-b792-48d5-9db2-4e71770477b1#0:FAIL-t1] and 0 exception(s); 0ad3f89e-804f-4845-89c5-5ff1a35a5dda:t1, leader=null, voted=0ad3f89e-804f-4845-89c5-5ff1a35a5dda, raftlog=0ad3f89e-804f-4845-89c5-5ff1a35a5dda-SegmentedRaftLog:OPENED:c-1,f-1,i0, conf=-1: [0ad3f89e-804f-4845-89c5-5ff1a35a5dda:192.168.36.79:34659, 68a93ad8-b6a8-44e1-8a9f-45fcc58d229a:192.168.36.79:39410, a9bc59c4-b792-48d5-9db2-4e71770477b1:192.168.36.79:46574], old=null
2019-09-20 04:49:29,058 [0ad3f89e-804f-4845-89c5-5ff1a35a5dda:group-F325FBB9CFF9:LeaderElection114] INFO  impl.RaftServerImpl (RaftServerImpl.java:setRole(171)) - 0ad3f89e-804f-4845-89c5-5ff1a35a5dda:group-F325FBB9CFF9 changes role from CANDIDATE to FOLLOWER at term 1 for DISCOVERED_A_NEW_TERM
2019-09-20 04:49:29,059 [0ad3f89e-804f-4845-89c5-5ff1a35a5dda:group-F325FBB9CFF9:LeaderElection114] INFO  impl.RoleInfo (RoleInfo.java:shutdownLeaderElection(134)) - 0ad3f89e-804f-4845-89c5-5ff1a35a5dda: shutdown LeaderElection
2019-09-20 04:49:29,059 [0ad3f89e-804f-4845-89c5-5ff1a35a5dda:group-F325FBB9CFF9:LeaderElection114] INFO  impl.RoleInfo (RoleInfo.java:updateAndGet(143)) - 0ad3f89e-804f-4845-89c5-5ff1a35a5dda: start FollowerState
2019-09-20 04:49:29,059 [a9bc59c4-b792-48d5-9db2-4e71770477b1:group-764BB6A2AE27:LeaderElection115] INFO  impl.LeaderElection (LeaderElection.java:logAndReturn(56)) - a9bc59c4-b792-48d5-9db2-4e71770477b1:group-764BB6A2AE27:LeaderElection115: Election REJECTED; received 2 response(s) [a9bc59c4-b792-48d5-9db2-4e71770477b1<-68a93ad8-b6a8-44e1-8a9f-45fcc58d229a#0:FAIL-t1, a9bc59c4-b792-48d5-9db2-4e71770477b1<-0ad3f89e-804f-4845-89c5-5ff1a35a5dda#0:FAIL-t1] and 0 exception(s); a9bc59c4-b792-48d5-9db2-4e71770477b1:t1, leader=null, voted=a9bc59c4-b792-48d5-9db2-4e71770477b1, raftlog=a9bc59c4-b792-48d5-9db2-4e71770477b1-SegmentedRaftLog:OPENED:c-1,f-1,i0, conf=-1: [0ad3f89e-804f-4845-89c5-5ff1a35a5dda:192.168.36.79:34659, 68a93ad8-b6a8-44e1-8a9f-45fcc58d229a:192.168.36.79:39410, a9bc59c4-b792-48d5-9db2-4e71770477b1:192.168.36.79:46574], old=null
2019-09-20 04:49:29,059 [a9bc59c4-b792-48d5-9db2-4e71770477b1:group-764BB6A2AE27:LeaderElection115] INFO  impl.RaftServerImpl (RaftServerImpl.java:setRole(171)) - a9bc59c4-b792-48d5-9db2-4e71770477b1:group-764BB6A2AE27 changes role from CANDIDATE to FOLLOWER at term 1 for DISCOVERED_A_NEW_TERM
2019-09-20 04:49:29,059 [a9bc59c4-b792-48d5-9db2-4e71770477b1:group-764BB6A2AE27:LeaderElection115] INFO  impl.RoleInfo (RoleInfo.java:shutdownLeaderElection(134)) - a9bc59c4-b792-48d5-9db2-4e71770477b1: shutdown LeaderElection
2019-09-20 04:49:29,059 [a9bc59c4-b792-48d5-9db2-4e71770477b1:group-764BB6A2AE27:LeaderElection115] INFO  impl.RoleInfo (RoleInfo.java:updateAndGet(143)) - a9bc59c4-b792-48d5-9db2-4e71770477b1: start FollowerState
2019-09-20 04:49:29,060 [68a93ad8-b6a8-44e1-8a9f-45fcc58d229a:group-F325FBB9CFF9:LeaderElection119] INFO  impl.LeaderElection (LeaderElection.java:logAndReturn(56)) - 68a93ad8-b6a8-44e1-8a9f-45fcc58d229a:group-F325FBB9CFF9:LeaderElection119: Election REJECTED; received 2 response(s) [68a93ad8-b6a8-44e1-8a9f-45fcc58d229a<-0ad3f89e-804f-4845-89c5-5ff1a35a5dda#0:FAIL-t1, 68a93ad8-b6a8-44e1-8a9f-45fcc58d229a<-a9bc59c4-b792-48d5-9db2-4e71770477b1#0:FAIL-t1] and 0 exception(s); 68a93ad8-b6a8-44e1-8a9f-45fcc58d229a:t1, leader=null, voted=68a93ad8-b6a8-44e1-8a9f-45fcc58d229a, raftlog=68a93ad8-b6a8-44e1-8a9f-45fcc58d229a-SegmentedRaftLog:OPENED:c-1,f-1,i0, conf=-1: [0ad3f89e-804f-4845-89c5-5ff1a35a5dda:192.168.36.79:34659, 68a93ad8-b6a8-44e1-8a9f-45fcc58d229a:192.168.36.79:39410, a9bc59c4-b792-48d5-9db2-4e71770477b1:192.168.36.79:46574], old=null
2019-09-20 04:49:29,060 [68a93ad8-b6a8-44e1-8a9f-45fcc58d229a:group-764BB6A2AE27:LeaderElection118] INFO  impl.LeaderElection (LeaderElection.java:logAndReturn(56)) - 68a93ad8-b6a8-44e1-8a9f-45fcc58d229a:group-764BB6A2AE27:LeaderElection118: Election REJECTED; received 2 response(s) [68a93ad8-b6a8-44e1-8a9f-45fcc58d229a<-0ad3f89e-804f-4845-89c5-5ff1a35a5dda#0:FAIL-t1, 68a93ad8-b6a8-44e1-8a9f-45fcc58d229a<-a9bc59c4-b792-48d5-9db2-4e71770477b1#0:FAIL-t1] and 0 exception(s); 68a93ad8-b6a8-44e1-8a9f-45fcc58d229a:t1, leader=null, voted=68a93ad8-b6a8-44e1-8a9f-45fcc58d229a, raftlog=68a93ad8-b6a8-44e1-8a9f-45fcc58d229a-SegmentedRaftLog:OPENED:c-1,f-1,i0, conf=-1: [0ad3f89e-804f-4845-89c5-5ff1a35a5dda:192.168.36.79:34659, 68a93ad8-b6a8-44e1-8a9f-45fcc58d229a:192.168.36.79:39410, a9bc59c4-b792-48d5-9db2-4e71770477b1:192.168.36.79:46574], old=null
2019-09-20 04:49:29,060 [68a93ad8-b6a8-44e1-8a9f-45fcc58d229a:group-F325FBB9CFF9:LeaderElection119] INFO  impl.RaftServerImpl (RaftServerImpl.java:setRole(171)) - 68a93ad8-b6a8-44e1-8a9f-45fcc58d229a:group-F325FBB9CFF9 changes role from CANDIDATE to FOLLOWER at term 1 for DISCOVERED_A_NEW_TERM
2019-09-20 04:49:29,060 [68a93ad8-b6a8-44e1-8a9f-45fcc58d229a:group-764BB6A2AE27:LeaderElection118] INFO  impl.RaftServerImpl (RaftServerImpl.java:setRole(171)) - 68a93ad8-b6a8-44e1-8a9f-45fcc58d229a:group-764BB6A2AE27 changes role from CANDIDATE to FOLLOWER at term 1 for DISCOVERED_A_NEW_TERM
2019-09-20 04:49:29,061 [0ad3f89e-804f-4845-89c5-5ff1a35a5dda:group-764BB6A2AE27:LeaderElection116] INFO  impl.LeaderElection (LeaderElection.java:logAndReturn(56)) - 0ad3f89e-804f-4845-89c5-5ff1a35a5dda:group-764BB6A2AE27:LeaderElection116: Election REJECTED; received 2 response(s) [0ad3f89e-804f-4845-89c5-5ff1a35a5dda<-68a93ad8-b6a8-44e1-8a9f-45fcc58d229a#0:FAIL-t1, 0ad3f89e-804f-4845-89c5-5ff1a35a5dda<-a9bc59c4-b792-48d5-9db2-4e71770477b1#0:FAIL-t1] and 0 exception(s); 0ad3f89e-804f-4845-89c5-5ff1a35a5dda:t1, leader=null, voted=0ad3f89e-804f-4845-89c5-5ff1a35a5dda, raftlog=0ad3f89e-804f-4845-89c5-5ff1a35a5dda-SegmentedRaftLog:OPENED:c-1,f-1,i0, conf=-1: [0ad3f89e-804f-4845-89c5-5ff1a35a5dda:192.168.36.79:34659, 68a93ad8-b6a8-44e1-8a9f-45fcc58d229a:192.168.36.79:39410, a9bc59c4-b792-48d5-9db2-4e71770477b1:192.168.36.79:46574], old=null
2019-09-20 04:49:29,060 [68a93ad8-b6a8-44e1-8a9f-45fcc58d229a:group-F325FBB9CFF9:LeaderElection119] INFO  impl.RoleInfo (RoleInfo.java:shutdownLeaderElection(134)) - 68a93ad8-b6a8-44e1-8a9f-45fcc58d229a: shutdown LeaderElection
2019-09-20 04:49:29,061 [0ad3f89e-804f-4845-89c5-5ff1a35a5dda:group-764BB6A2AE27:LeaderElection116] INFO  impl.RaftServerImpl (RaftServerImpl.java:setRole(171)) - 0ad3f89e-804f-4845-89c5-5ff1a35a5dda:group-764BB6A2AE27 changes role from CANDIDATE to FOLLOWER at term 1 for DISCOVERED_A_NEW_TERM
2019-09-20 04:49:29,061 [68a93ad8-b6a8-44e1-8a9f-45fcc58d229a:group-764BB6A2AE27:LeaderElection118] INFO  impl.RoleInfo (RoleInfo.java:shutdownLeaderElection(134)) - 68a93ad8-b6a8-44e1-8a9f-45fcc58d229a: shutdown LeaderElection
2019-09-20 04:49:29,061 [a9bc59c4-b792-48d5-9db2-4e71770477b1:group-F325FBB9CFF9:LeaderElection117] INFO  impl.LeaderElection (LeaderElection.java:logAndReturn(56)) - a9bc59c4-b792-48d5-9db2-4e71770477b1:group-F325FBB9CFF9:LeaderElection117: Election REJECTED; received 2 response(s) [a9bc59c4-b792-48d5-9db2-4e71770477b1<-0ad3f89e-804f-4845-89c5-5ff1a35a5dda#0:FAIL-t1, a9bc59c4-b792-48d5-9db2-4e71770477b1<-68a93ad8-b6a8-44e1-8a9f-45fcc58d229a#0:FAIL-t1] and 0 exception(s); a9bc59c4-b792-48d5-9db2-4e71770477b1:t1, leader=null, voted=a9bc59c4-b792-48d5-9db2-4e71770477b1, raftlog=a9bc59c4-b792-48d5-9db2-4e71770477b1-SegmentedRaftLog:OPENED:c-1,f-1,i0, conf=-1: [0ad3f89e-804f-4845-89c5-5ff1a35a5dda:192.168.36.79:34659, 68a93ad8-b6a8-44e1-8a9f-45fcc58d229a:192.168.36.79:39410, a9bc59c4-b792-48d5-9db2-4e71770477b1:192.168.36.79:46574], old=null
2019-09-20 04:49:29,061 [0ad3f89e-804f-4845-89c5-5ff1a35a5dda:group-764BB6A2AE27:LeaderElection116] INFO  impl.RoleInfo (RoleInfo.java:shutdownLeaderElection(134)) - 0ad3f89e-804f-4845-89c5-5ff1a35a5dda: shutdown LeaderElection
2019-09-20 04:49:29,061 [68a93ad8-b6a8-44e1-8a9f-45fcc58d229a:group-F325FBB9CFF9:LeaderElection119] INFO  impl.RoleInfo (RoleInfo.java:updateAndGet(143)) - 68a93ad8-b6a8-44e1-8a9f-45fcc58d229a: start FollowerState
2019-09-20 04:49:29,061 [0ad3f89e-804f-4845-89c5-5ff1a35a5dda:group-764BB6A2AE27:LeaderElection116] INFO  impl.RoleInfo (RoleInfo.java:updateAndGet(143)) - 0ad3f89e-804f-4845-89c5-5ff1a35a5dda: start FollowerState
2019-09-20 04:49:29,061 [a9bc59c4-b792-48d5-9db2-4e71770477b1:group-F325FBB9CFF9:LeaderElection117] INFO  impl.RaftServerImpl (RaftServerImpl.java:setRole(171)) - a9bc59c4-b792-48d5-9db2-4e71770477b1:group-F325FBB9CFF9 changes role from CANDIDATE to FOLLOWER at term 1 for DISCOVERED_A_NEW_TERM
2019-09-20 04:49:29,061 [a9bc59c4-b792-48d5-9db2-4e71770477b1:group-F325FBB9CFF9:LeaderElection117] INFO  impl.RoleInfo (RoleInfo.java:shutdownLeaderElection(134)) - a9bc59c4-b792-48d5-9db2-4e71770477b1: shutdown LeaderElection
2019-09-20 04:49:29,061 [68a93ad8-b6a8-44e1-8a9f-45fcc58d229a:group-764BB6A2AE27:LeaderElection118] INFO  impl.RoleInfo (RoleInfo.java:updateAndGet(143)) - 68a93ad8-b6a8-44e1-8a9f-45fcc58d229a: start FollowerState
2019-09-20 04:49:29,061 [a9bc59c4-b792-48d5-9db2-4e71770477b1:group-F325FBB9CFF9:LeaderElection117] INFO  impl.RoleInfo (RoleInfo.java:updateAndGet(143)) - a9bc59c4-b792-48d5-9db2-4e71770477b1: start FollowerState
2019-09-20 04:49:29,085 [grpc-default-executor-1] INFO  impl.RaftServerImpl (ServerState.java:setRaftConf(361)) - 0ad3f89e-804f-4845-89c5-5ff1a35a5dda:group-E55084F5DEEB set configuration 0: [68a93ad8-b6a8-44e1-8a9f-45fcc58d229a:192.168.36.79:39410, 0ad3f89e-804f-4845-89c5-5ff1a35a5dda:192.168.36.79:34659, a9bc59c4-b792-48d5-9db2-4e71770477b1:192.168.36.79:46574], old=null at 0
2019-09-20 04:49:29,085 [grpc-default-executor-0] INFO  impl.RaftServerImpl (ServerState.java:setRaftConf(361)) - a9bc59c4-b792-48d5-9db2-4e71770477b1:group-E55084F5DEEB set configuration 0: [68a93ad8-b6a8-44e1-8a9f-45fcc58d229a:192.168.36.79:39410, 0ad3f89e-804f-4845-89c5-5ff1a35a5dda:192.168.36.79:34659, a9bc59c4-b792-48d5-9db2-4e71770477b1:192.168.36.79:46574], old=null at 0
2019-09-20 04:49:29,086 [grpc-default-executor-1] INFO  segmented.SegmentedRaftLogWorker (SegmentedRaftLogWorker.java:startLogSegment(380)) - 0ad3f89e-804f-4845-89c5-5ff1a35a5dda-SegmentedRaftLogWorker:Storage Directory /workdir/hadoop-ozone/integration-test/target/test-dir/MiniOzoneClusterImpl-bb3956c2-c4d1-403a-b406-f8ec73b3905b/datanode-4/data/ratis/4c516ec7-4cbc-4eb4-86c7-e55084f5deeb: Starting segment from index:0
2019-09-20 04:49:29,085 [grpc-default-executor-3] INFO  impl.RaftServerImpl (ServerState.java:setRaftConf(361)) - 0ad3f89e-804f-4845-89c5-5ff1a35a5dda:group-114A3AF35C6C set configuration 0: [0ad3f89e-804f-4845-89c5-5ff1a35a5dda:192.168.36.79:34659, 68a93ad8-b6a8-44e1-8a9f-45fcc58d229a:192.168.36.79:39410, a9bc59c4-b792-48d5-9db2-4e71770477b1:192.168.36.79:46574], old=null at 0
2019-09-20 04:49:29,380 | INFO  | SCMAudit | user=jenkins1000 | ip=192.168.36.79 | op=SEND_HEARTBEAT {datanodeUUID=bd1a845e-f2ed-4713-9516-9ccc20139040, command=[]} | ret=SUCCESS |  
2019-09-20 04:49:29,380 | INFO  | SCMAudit | user=jenkins1000 | ip=192.168.36.79 | op=SEND_HEARTBEAT {datanodeUUID=fdbc37f2-9e58-4bac-a5d5-a78839d012e9, command=[]} | ret=SUCCESS |  
2019-09-20 04:49:29,380 | INFO  | SCMAudit | user=jenkins1000 | ip=192.168.36.79 | op=SEND_HEARTBEAT {datanodeUUID=ba95d636-ac34-4b74-a102-dec8d0f377c6, command=[]} | ret=SUCCESS |  
2019-09-20 04:49:29,380 | INFO  | SCMAudit | user=jenkins1000 | ip=192.168.36.79 | op=SEND_HEARTBEAT {datanodeUUID=3c2a6bfe-f5c5-4e23-89b0-850dab17697d, command=[]} | ret=SUCCESS |  
2019-09-20 04:49:29,381 | INFO  | SCMAudit | user=jenkins1000 | ip=192.168.36.79 | op=SEND_HEARTBEAT {datanodeUUID=42fc6e92-fcdd-4827-b621-9fc58a3d2315, command=[]} | ret=SUCCESS |  
2019-09-20 04:49:29,388 | INFO  | SCMAudit | user=jenkins1000 | ip=192.168.36.79 | op=SEND_HEARTBEAT {datanodeUUID=f4e549ee-a6fa-4eb9-8541-129d0566fdf5, command=[]} | ret=SUCCESS |  
2019-09-20 04:49:29,085 [grpc-default-executor-2] INFO  impl.RaftServerImpl (ServerState.java:setRaftConf(361)) - 68a93ad8-b6a8-44e1-8a9f-45fcc58d229a:group-114A3AF35C6C set configuration 0: [0ad3f89e-804f-4845-89c5-5ff1a35a5dda:192.168.36.79:34659, 68a93ad8-b6a8-44e1-8a9f-45fcc58d229a:192.168.36.79:39410, a9bc59c4-b792-48d5-9db2-4e71770477b1:192.168.36.79:46574], old=null at 0
2019-09-20 04:49:29,380 | INFO  | SCMAudit | user=jenkins1000 | ip=192.168.36.79 | op=SEND_HEARTBEAT {datanodeUUID=236eed40-dd97-4fdc-a0ae-ab99685a426b, command=[]} | ret=SUCCESS |  
2019-09-20 04:49:29,389 | INFO  | SCMAudit | user=jenkins1000 | ip=192.168.36.79 | op=SEND_HEARTBEAT {datanodeUUID=c4f6294c-eda3-4afd-81f7-e69ed14da69f, command=[]} | ret=SUCCESS |  
2019-09-20 04:49:29,389 | INFO  | SCMAudit | user=jenkins1000 | ip=192.168.36.79 | op=SEND_HEARTBEAT {datanodeUUID=8538cd65-7926-426b-8bad-fbd0f0550f9a, command=[]} | ret=SUCCESS |  
2019-09-20 04:49:29,381 | INFO  | SCMAudit | user=jenkins1000 | ip=192.168.36.79 | op=SEND_HEARTBEAT {datanodeUUID=0ad3f89e-804f-4845-89c5-5ff1a35a5dda, command=[]} | ret=SUCCESS |  
2019-09-20 04:49:29,381 | INFO  | SCMAudit | user=jenkins1000 | ip=192.168.36.79 | op=SEND_HEARTBEAT {datanodeUUID=2702b462-69d8-4c1b-aae1-091a21fe08b8, command=[]} | ret=SUCCESS |  
2019-09-20 04:49:29,381 | INFO  | SCMAudit | user=jenkins1000 | ip=192.168.36.79 | op=SEND_HEARTBEAT {datanodeUUID=eb30d72f-c0a8-4ecb-bfee-9120a9a6cddf, command=[]} | ret=SUCCESS |  
2019-09-20 04:49:29,381 | INFO  | SCMAudit | user=jenkins1000 | ip=192.168.36.79 | op=SEND_HEARTBEAT {datanodeUUID=1d91ad97-6666-4ee7-855a-8b5e944e7401, command=[]} | ret=SUCCESS |  
2019-09-20 04:49:29,086 [grpc-default-executor-3] INFO  segmented.SegmentedRaftLogWorker (SegmentedRaftLogWorker.java:startLogSegment(380)) - 0ad3f89e-804f-4845-89c5-5ff1a35a5dda-SegmentedRaftLogWorker:Storage Directory /workdir/hadoop-ozone/integration-test/target/test-dir/MiniOzoneClusterImpl-bb3956c2-c4d1-403a-b406-f8ec73b3905b/datanode-4/data/ratis/bb305e63-9f98-4cfd-991d-114a3af35c6c: Starting segment from index:0
2019-09-20 04:49:29,389 | INFO  | SCMAudit | user=jenkins1000 | ip=192.168.36.79 | op=SEND_HEARTBEAT {datanodeUUID=2d6465ef-cffa-473a-a4c6-a9aa3f1a26c0, command=[]} | ret=SUCCESS |  
2019-09-20 04:49:29,389 | INFO  | SCMAudit | user=jenkins1000 | ip=192.168.36.79 | op=SEND_HEARTBEAT {datanodeUUID=5ea19b84-5385-4ae9-8412-c4cfa929b172, command=[]} | ret=SUCCESS |  
2019-09-20 04:49:29,389 | INFO  | SCMAudit | user=jenkins1000 | ip=192.168.36.79 | op=SEND_HEARTBEAT {datanodeUUID=68a93ad8-b6a8-44e1-8a9f-45fcc58d229a, command=[]} | ret=SUCCESS |  
2019-09-20 04:49:29,389 | INFO  | SCMAudit | user=jenkins1000 | ip=192.168.36.79 | op=SEND_HEARTBEAT {datanodeUUID=ea71b9af-1075-4196-9693-aa14e10f536d, command=[]} | ret=SUCCESS |  
2019-09-20 04:49:29,389 | INFO  | SCMAudit | user=jenkins1000 | ip=192.168.36.79 | op=SEND_HEARTBEAT {datanodeUUID=dba845b8-ea76-4e09-ab03-0883d354e493, command=[]} | ret=SUCCESS |  
2019-09-20 04:49:29,389 | INFO  | SCMAudit | user=jenkins1000 | ip=192.168.36.79 | op=SEND_HEARTBEAT {datanodeUUID=a9bc59c4-b792-48d5-9db2-4e71770477b1, command=[]} | ret=SUCCESS |  
2019-09-20 04:49:29,389 | INFO  | SCMAudit | user=jenkins1000 | ip=192.168.36.79 | op=SEND_HEARTBEAT {datanodeUUID=8d97392c-5f4b-400a-94a1-fb61a3ebbc99, command=[]} | ret=SUCCESS |  
2019-09-20 04:49:29,389 | INFO  | SCMAudit | user=jenkins1000 | ip=192.168.36.79 | op=SEND_HEARTBEAT {datanodeUUID=eaf3ecbe-c3b1-4969-ad3a-e4de7fb04f81, command=[]} | ret=SUCCESS |  
2019-09-20 04:49:29,086 [grpc-default-executor-0] INFO  segmented.SegmentedRaftLogWorker (SegmentedRaftLogWorker.java:startLogSegment(380)) - a9bc59c4-b792-48d5-9db2-4e71770477b1-SegmentedRaftLogWorker:Storage Directory /workdir/hadoop-ozone/integration-test/target/test-dir/MiniOzoneClusterImpl-bb3956c2-c4d1-403a-b406-f8ec73b3905b/datanode-6/data/ratis/4c516ec7-4cbc-4eb4-86c7-e55084f5deeb: Starting segment from index:0
2019-09-20 04:49:29,389 [grpc-default-executor-2] INFO  segmented.SegmentedRaftLogWorker (SegmentedRaftLogWorker.java:startLogSegment(380)) - 68a93ad8-b6a8-44e1-8a9f-45fcc58d229a-SegmentedRaftLogWorker:Storage Directory /workdir/hadoop-ozone/integration-test/target/test-dir/MiniOzoneClusterImpl-bb3956c2-c4d1-403a-b406-f8ec73b3905b/datanode-5/data/ratis/bb305e63-9f98-4cfd-991d-114a3af35c6c: Starting segment from index:0
2019-09-20 04:49:30,245 [grpc-default-executor-5] INFO  client.GrpcClientProtocolClient (GrpcClientProtocolClient.java:onNext(255)) - client-4B9F346F76BE->68a93ad8-b6a8-44e1-8a9f-45fcc58d229a: receive RaftClientReply:client-4B9F346F76BE->68a93ad8-b6a8-44e1-8a9f-45fcc58d229a@group-F325FBB9CFF9, cid=123, FAILED org.apache.ratis.protocol.NotLeaderException: Server 68a93ad8-b6a8-44e1-8a9f-45fcc58d229a is not the leader (null). Request must be sent to leader., logIndex=0, commits[68a93ad8-b6a8-44e1-8a9f-45fcc58d229a:c-1]
2019-09-20 04:49:30,378 | INFO  | SCMAudit | user=jenkins1000 | ip=192.168.36.79 | op=SEND_HEARTBEAT {datanodeUUID=bd1a845e-f2ed-4713-9516-9ccc20139040, command=[]} | ret=SUCCESS |  
2019-09-20 04:49:30,378 | INFO  | SCMAudit | user=jenkins1000 | ip=192.168.36.79 | op=SEND_HEARTBEAT {datanodeUUID=fdbc37f2-9e58-4bac-a5d5-a78839d012e9, command=[]} | ret=SUCCESS |  
2019-09-20 04:49:30,378 | INFO  | SCMAudit | user=jenkins1000 | ip=192.168.36.79 | op=SEND_HEARTBEAT {datanodeUUID=f4e549ee-a6fa-4eb9-8541-129d0566fdf5, command=[]} | ret=SUCCESS |  
2019-09-20 04:49:30,378 | INFO  | SCMAudit | user=jenkins1000 | ip=192.168.36.79 | op=SEND_HEARTBEAT {datanodeUUID=a9bc59c4-b792-48d5-9db2-4e71770477b1, command=[]} | ret=SUCCESS |  
2019-09-20 04:49:30,378 | INFO  | SCMAudit | user=jenkins1000 | ip=192.168.36.79 | op=SEND_HEARTBEAT {datanodeUUID=8538cd65-7926-426b-8bad-fbd0f0550f9a, command=[]} | ret=SUCCESS |  
2019-09-20 04:49:30,379 | INFO  | SCMAudit | user=jenkins1000 | ip=192.168.36.79 | op=SEND_HEARTBEAT {datanodeUUID=1d91ad97-6666-4ee7-855a-8b5e944e7401, command=[]} | ret=SUCCESS |  
2019-09-20 04:49:30,379 | INFO  | SCMAudit | user=jenkins1000 | ip=192.168.36.79 | op=SEND_HEARTBEAT {datanodeUUID=3c2a6bfe-f5c5-4e23-89b0-850dab17697d, command=[]} | ret=SUCCESS |  
2019-09-20 04:49:30,379 | INFO  | SCMAudit | user=jenkins1000 | ip=192.168.36.79 | op=SEND_HEARTBEAT {datanodeUUID=42fc6e92-fcdd-4827-b621-9fc58a3d2315, command=[]} | ret=SUCCESS |  
2019-09-20 04:49:30,379 | INFO  | SCMAudit | user=jenkins1000 | ip=192.168.36.79 | op=SEND_HEARTBEAT {datanodeUUID=ba95d636-ac34-4b74-a102-dec8d0f377c6, command=[]} | ret=SUCCESS |  
2019-09-20 04:49:30,379 | INFO  | SCMAudit | user=jenkins1000 | ip=192.168.36.79 | op=SEND_HEARTBEAT {datanodeUUID=236eed40-dd97-4fdc-a0ae-ab99685a426b, command=[]} | ret=SUCCESS |  
2019-09-20 04:49:30,380 | INFO  | SCMAudit | user=jenkins1000 | ip=192.168.36.79 | op=SEND_HEARTBEAT {datanodeUUID=2702b462-69d8-4c1b-aae1-091a21fe08b8, command=[]} | ret=SUCCESS |  
2019-09-20 04:49:30,380 | INFO  | SCMAudit | user=jenkins1000 | ip=192.168.36.79 | op=SEND_HEARTBEAT {datanodeUUID=68a93ad8-b6a8-44e1-8a9f-45fcc58d229a, command=[]} | ret=SUCCESS |  
2019-09-20 04:49:30,380 | INFO  | SCMAudit | user=jenkins1000 | ip=192.168.36.79 | op=SEND_HEARTBEAT {datanodeUUID=5ea19b84-5385-4ae9-8412-c4cfa929b172, command=[]} | ret=SUCCESS |  
2019-09-20 04:49:30,380 | INFO  | SCMAudit | user=jenkins1000 | ip=192.168.36.79 | op=SEND_HEARTBEAT {datanodeUUID=ea71b9af-1075-4196-9693-aa14e10f536d, command=[]} | ret=SUCCESS |  
2019-09-20 04:49:30,380 | INFO  | SCMAudit | user=jenkins1000 | ip=192.168.36.79 | op=SEND_HEARTBEAT {datanodeUUID=8d97392c-5f4b-400a-94a1-fb61a3ebbc99, command=[]} | ret=SUCCESS |  
2019-09-20 04:49:30,381 | INFO  | SCMAudit | user=jenkins1000 | ip=192.168.36.79 | op=SEND_HEARTBEAT {datanodeUUID=c4f6294c-eda3-4afd-81f7-e69ed14da69f, command=[]} | ret=SUCCESS |  
2019-09-20 04:49:30,381 | INFO  | SCMAudit | user=jenkins1000 | ip=192.168.36.79 | op=SEND_HEARTBEAT {datanodeUUID=eb30d72f-c0a8-4ecb-bfee-9120a9a6cddf, command=[]} | ret=SUCCESS |  
2019-09-20 04:49:30,381 | INFO  | SCMAudit | user=jenkins1000 | ip=192.168.36.79 | op=SEND_HEARTBEAT {datanodeUUID=0ad3f89e-804f-4845-89c5-5ff1a35a5dda, command=[]} | ret=SUCCESS |  
2019-09-20 04:49:30,381 | INFO  | SCMAudit | user=jenkins1000 | ip=192.168.36.79 | op=SEND_HEARTBEAT {datanodeUUID=eaf3ecbe-c3b1-4969-ad3a-e4de7fb04f81, command=[]} | ret=SUCCESS |  
2019-09-20 04:49:30,382 | INFO  | SCMAudit | user=jenkins1000 | ip=192.168.36.79 | op=SEND_HEARTBEAT {datanodeUUID=dba845b8-ea76-4e09-ab03-0883d354e493, command=[]} | ret=SUCCESS |  
2019-09-20 04:49:30,382 | INFO  | SCMAudit | user=jenkins1000 | ip=192.168.36.79 | op=SEND_HEARTBEAT {datanodeUUID=2d6465ef-cffa-473a-a4c6-a9aa3f1a26c0, command=[]} | ret=SUCCESS |  
2019-09-20 04:49:30,483 [68a93ad8-b6a8-44e1-8a9f-45fcc58d229a-SegmentedRaftLogWorker:Storage Directory /workdir/hadoop-ozone/integration-test/target/test-dir/MiniOzoneClusterImpl-bb3956c2-c4d1-403a-b406-f8ec73b3905b/datanode-5/data/ratis/4c516ec7-4cbc-4eb4-86c7-e55084f5deeb] ERROR segmented.SegmentedRaftLogWorker (SegmentedRaftLogWorker.java:run(323)) - 68a93ad8-b6a8-44e1-8a9f-45fcc58d229a-SegmentedRaftLogWorker:Storage Directory /workdir/hadoop-ozone/integration-test/target/test-dir/MiniOzoneClusterImpl-bb3956c2-c4d1-403a-b406-f8ec73b3905b/datanode-5/data/ratis/4c516ec7-4cbc-4eb4-86c7-e55084f5deeb hit exception
java.lang.OutOfMemoryError: Direct buffer memory
	at java.nio.Bits.reserveMemory(Bits.java:666)
	at java.nio.DirectByteBuffer.<init>(DirectByteBuffer.java:123)
	at java.nio.ByteBuffer.allocateDirect(ByteBuffer.java:311)
	at org.apache.ratis.server.raftlog.segmented.BufferedWriteChannel.<init>(BufferedWriteChannel.java:41)
	at org.apache.ratis.server.raftlog.segmented.SegmentedRaftLogOutputStream.<init>(SegmentedRaftLogOutputStream.java:72)
	at org.apache.ratis.server.raftlog.segmented.SegmentedRaftLogWorker$StartLogSegment.execute(SegmentedRaftLogWorker.java:566)
	at org.apache.ratis.server.raftlog.segmented.SegmentedRaftLogWorker.run(SegmentedRaftLogWorker.java:289)
	at java.lang.Thread.run(Thread.java:748)
2019-09-20 04:49:30,483 [a9bc59c4-b792-48d5-9db2-4e71770477b1-SegmentedRaftLogWorker:Storage Directory /workdir/hadoop-ozone/integration-test/target/test-dir/MiniOzoneClusterImpl-bb3956c2-c4d1-403a-b406-f8ec73b3905b/datanode-6/data/ratis/bb305e63-9f98-4cfd-991d-114a3af35c6c] ERROR segmented.SegmentedRaftLogWorker (SegmentedRaftLogWorker.java:run(323)) - a9bc59c4-b792-48d5-9db2-4e71770477b1-SegmentedRaftLogWorker:Storage Directory /workdir/hadoop-ozone/integration-test/target/test-dir/MiniOzoneClusterImpl-bb3956c2-c4d1-403a-b406-f8ec73b3905b/datanode-6/data/ratis/bb305e63-9f98-4cfd-991d-114a3af35c6c hit exception
java.lang.OutOfMemoryError: Direct buffer memory
	at java.nio.Bits.reserveMemory(Bits.java:666)
	at java.nio.DirectByteBuffer.<init>(DirectByteBuffer.java:123)
	at java.nio.ByteBuffer.allocateDirect(ByteBuffer.java:311)
	at org.apache.ratis.server.raftlog.segmented.BufferedWriteChannel.<init>(BufferedWriteChannel.java:41)
	at org.apache.ratis.server.raftlog.segmented.SegmentedRaftLogOutputStream.<init>(SegmentedRaftLogOutputStream.java:72)
	at org.apache.ratis.server.raftlog.segmented.SegmentedRaftLogWorker$StartLogSegment.execute(SegmentedRaftLogWorker.java:566)
	at org.apache.ratis.server.raftlog.segmented.SegmentedRaftLogWorker.run(SegmentedRaftLogWorker.java:289)
	at java.lang.Thread.run(Thread.java:748)
2019-09-20 04:49:30,483 [68a93ad8-b6a8-44e1-8a9f-45fcc58d229a-SegmentedRaftLogWorker:Storage Directory /workdir/hadoop-ozone/integration-test/target/test-dir/MiniOzoneClusterImpl-bb3956c2-c4d1-403a-b406-f8ec73b3905b/datanode-5/data/ratis/4c516ec7-4cbc-4eb4-86c7-e55084f5deeb] INFO  impl.RaftServerImpl (RaftServerImpl.java:lambda$shutdown$3(245)) - 68a93ad8-b6a8-44e1-8a9f-45fcc58d229a: shutdown group-E55084F5DEEB
2019-09-20 04:49:30,483 [a9bc59c4-b792-48d5-9db2-4e71770477b1-SegmentedRaftLogWorker:Storage Directory /workdir/hadoop-ozone/integration-test/target/test-dir/MiniOzoneClusterImpl-bb3956c2-c4d1-403a-b406-f8ec73b3905b/datanode-6/data/ratis/bb305e63-9f98-4cfd-991d-114a3af35c6c] INFO  impl.RaftServerImpl (RaftServerImpl.java:lambda$shutdown$3(245)) - a9bc59c4-b792-48d5-9db2-4e71770477b1: shutdown group-114A3AF35C6C
2019-09-20 04:49:30,484 [68a93ad8-b6a8-44e1-8a9f-45fcc58d229a-SegmentedRaftLogWorker:Storage Directory /workdir/hadoop-ozone/integration-test/target/test-dir/MiniOzoneClusterImpl-bb3956c2-c4d1-403a-b406-f8ec73b3905b/datanode-5/data/ratis/4c516ec7-4cbc-4eb4-86c7-e55084f5deeb] INFO  util.JmxRegister (JmxRegister.java:unregister(73)) - Successfully un-registered JMX Bean with object name Ratis:service=RaftServer,group=group-E55084F5DEEB,id=68a93ad8-b6a8-44e1-8a9f-45fcc58d229a
2019-09-20 04:49:30,484 [a9bc59c4-b792-48d5-9db2-4e71770477b1-SegmentedRaftLogWorker:Storage Directory /workdir/hadoop-ozone/integration-test/target/test-dir/MiniOzoneClusterImpl-bb3956c2-c4d1-403a-b406-f8ec73b3905b/datanode-6/data/ratis/bb305e63-9f98-4cfd-991d-114a3af35c6c] INFO  util.JmxRegister (JmxRegister.java:unregister(73)) - Successfully un-registered JMX Bean with object name Ratis:service=RaftServer,group=group-114A3AF35C6C,id=a9bc59c4-b792-48d5-9db2-4e71770477b1
2019-09-20 04:49:30,484 [68a93ad8-b6a8-44e1-8a9f-45fcc58d229a-SegmentedRaftLogWorker:Storage Directory /workdir/hadoop-ozone/integration-test/target/test-dir/MiniOzoneClusterImpl-bb3956c2-c4d1-403a-b406-f8ec73b3905b/datanode-5/data/ratis/4c516ec7-4cbc-4eb4-86c7-e55084f5deeb] INFO  impl.RoleInfo (RoleInfo.java:shutdownLeaderState(104)) - 68a93ad8-b6a8-44e1-8a9f-45fcc58d229a: shutdown LeaderState
2019-09-20 04:49:30,484 [a9bc59c4-b792-48d5-9db2-4e71770477b1-SegmentedRaftLogWorker:Storage Directory /workdir/hadoop-ozone/integration-test/target/test-dir/MiniOzoneClusterImpl-bb3956c2-c4d1-403a-b406-f8ec73b3905b/datanode-6/data/ratis/bb305e63-9f98-4cfd-991d-114a3af35c6c] INFO  impl.RoleInfo (RoleInfo.java:shutdownLeaderState(104)) - a9bc59c4-b792-48d5-9db2-4e71770477b1: shutdown LeaderState
2019-09-20 04:49:30,503 [a9bc59c4-b792-48d5-9db2-4e71770477b1-SegmentedRaftLogWorker:Storage Directory /workdir/hadoop-ozone/integration-test/target/test-dir/MiniOzoneClusterImpl-bb3956c2-c4d1-403a-b406-f8ec73b3905b/datanode-6/data/ratis/bb305e63-9f98-4cfd-991d-114a3af35c6c] INFO  impl.PendingRequests (PendingRequests.java:sendNotLeaderResponses(202)) - a9bc59c4-b792-48d5-9db2-4e71770477b1-PendingRequests: sendNotLeaderResponses
2019-09-20 04:49:30,503 [org.apache.ratis.server.impl.LogAppender$AppenderDaemon$$Lambda$462/1052616947@3d98249c] WARN  server.GrpcLogAppender (GrpcLogAppender.java:mayWait(143)) - GrpcLogAppender(68a93ad8-b6a8-44e1-8a9f-45fcc58d229a->0ad3f89e-804f-4845-89c5-5ff1a35a5dda): Wait interrupted by java.lang.InterruptedException
2019-09-20 04:49:30,503 [org.apache.ratis.server.impl.LogAppender$AppenderDaemon$$Lambda$462/1052616947@5a2341c1] WARN  server.GrpcLogAppender (GrpcLogAppender.java:mayWait(143)) - GrpcLogAppender(a9bc59c4-b792-48d5-9db2-4e71770477b1->0ad3f89e-804f-4845-89c5-5ff1a35a5dda): Wait interrupted by java.lang.InterruptedException
2019-09-20 04:49:30,503 [org.apache.ratis.server.impl.LogAppender$AppenderDaemon$$Lambda$462/1052616947@1f21c4e1] WARN  server.GrpcLogAppender (GrpcLogAppender.java:mayWait(143)) - GrpcLogAppender(a9bc59c4-b792-48d5-9db2-4e71770477b1->68a93ad8-b6a8-44e1-8a9f-45fcc58d229a): Wait interrupted by java.lang.InterruptedException
2019-09-20 04:49:30,503 [org.apache.ratis.server.impl.LogAppender$AppenderDaemon$$Lambda$462/1052616947@60294b4d] WARN  server.GrpcLogAppender (GrpcLogAppender.java:mayWait(143)) - GrpcLogAppender(68a93ad8-b6a8-44e1-8a9f-45fcc58d229a->a9bc59c4-b792-48d5-9db2-4e71770477b1): Wait interrupted by java.lang.InterruptedException
2019-09-20 04:49:30,503 [68a93ad8-b6a8-44e1-8a9f-45fcc58d229a-SegmentedRaftLogWorker:Storage Directory /workdir/hadoop-ozone/integration-test/target/test-dir/MiniOzoneClusterImpl-bb3956c2-c4d1-403a-b406-f8ec73b3905b/datanode-5/data/ratis/4c516ec7-4cbc-4eb4-86c7-e55084f5deeb] INFO  impl.PendingRequests (PendingRequests.java:sendNotLeaderResponses(202)) - 68a93ad8-b6a8-44e1-8a9f-45fcc58d229a-PendingRequests: sendNotLeaderResponses
2019-09-20 04:49:30,508 [a9bc59c4-b792-48d5-9db2-4e71770477b1-SegmentedRaftLogWorker:Storage Directory /workdir/hadoop-ozone/integration-test/target/test-dir/MiniOzoneClusterImpl-bb3956c2-c4d1-403a-b406-f8ec73b3905b/datanode-6/data/ratis/bb305e63-9f98-4cfd-991d-114a3af35c6c] INFO  impl.StateMachineUpdater (StateMachineUpdater.java:stopAndJoin(115)) - StateMachineUpdater:a9bc59c4-b792-48d5-9db2-4e71770477b1:group-114A3AF35C6C: set stopIndex = -1
2019-09-20 04:49:30,508 [68a93ad8-b6a8-44e1-8a9f-45fcc58d229a-SegmentedRaftLogWorker:Storage Directory /workdir/hadoop-ozone/integration-test/target/test-dir/MiniOzoneClusterImpl-bb3956c2-c4d1-403a-b406-f8ec73b3905b/datanode-5/data/ratis/4c516ec7-4cbc-4eb4-86c7-e55084f5deeb] INFO  impl.StateMachineUpdater (StateMachineUpdater.java:stopAndJoin(115)) - StateMachineUpdater:68a93ad8-b6a8-44e1-8a9f-45fcc58d229a:group-E55084F5DEEB: set stopIndex = -1
2019-09-20 04:49:30,508 [a9bc59c4-b792-48d5-9db2-4e71770477b1-SegmentedRaftLogWorker:Storage Directory /workdir/hadoop-ozone/integration-test/target/test-dir/MiniOzoneClusterImpl-bb3956c2-c4d1-403a-b406-f8ec73b3905b/datanode-6/data/ratis/bb305e63-9f98-4cfd-991d-114a3af35c6c] INFO  impl.RaftServerImpl (ServerState.java:close(394)) - a9bc59c4-b792-48d5-9db2-4e71770477b1:group-114A3AF35C6C closes. The last applied log index is -1
2019-09-20 04:49:30,509 [68a93ad8-b6a8-44e1-8a9f-45fcc58d229a-SegmentedRaftLogWorker:Storage Directory /workdir/hadoop-ozone/integration-test/target/test-dir/MiniOzoneClusterImpl-bb3956c2-c4d1-403a-b406-f8ec73b3905b/datanode-5/data/ratis/4c516ec7-4cbc-4eb4-86c7-e55084f5deeb] INFO  impl.RaftServerImpl (ServerState.java:close(394)) - 68a93ad8-b6a8-44e1-8a9f-45fcc58d229a:group-E55084F5DEEB closes. The last applied log index is -1
2019-09-20 04:49:30,509 [a9bc59c4-b792-48d5-9db2-4e71770477b1-SegmentedRaftLogWorker:Storage Directory /workdir/hadoop-ozone/integration-test/target/test-dir/MiniOzoneClusterImpl-bb3956c2-c4d1-403a-b406-f8ec73b3905b/datanode-6/data/ratis/bb305e63-9f98-4cfd-991d-114a3af35c6c] INFO  segmented.SegmentedRaftLogWorker (SegmentedRaftLogWorker.java:close(228)) - a9bc59c4-b792-48d5-9db2-4e71770477b1-SegmentedRaftLogWorker:Storage Directory /workdir/hadoop-ozone/integration-test/target/test-dir/MiniOzoneClusterImpl-bb3956c2-c4d1-403a-b406-f8ec73b3905b/datanode-6/data/ratis/bb305e63-9f98-4cfd-991d-114a3af35c6c close()
2019-09-20 04:49:30,509 [68a93ad8-b6a8-44e1-8a9f-45fcc58d229a-SegmentedRaftLogWorker:Storage Directory /workdir/hadoop-ozone/integration-test/target/test-dir/MiniOzoneClusterImpl-bb3956c2-c4d1-403a-b406-f8ec73b3905b/datanode-5/data/ratis/4c516ec7-4cbc-4eb4-86c7-e55084f5deeb] INFO  segmented.SegmentedRaftLogWorker (SegmentedRaftLogWorker.java:close(228)) - 68a93ad8-b6a8-44e1-8a9f-45fcc58d229a-SegmentedRaftLogWorker:Storage Directory /workdir/hadoop-ozone/integration-test/target/test-dir/MiniOzoneClusterImpl-bb3956c2-c4d1-403a-b406-f8ec73b3905b/datanode-5/data/ratis/4c516ec7-4cbc-4eb4-86c7-e55084f5deeb close()
2019-09-20 04:49:30,525 [grpc-default-executor-1] INFO  server.GrpcServerProtocolService (GrpcServerProtocolService.java:onCompleted(104)) - 68a93ad8-b6a8-44e1-8a9f-45fcc58d229a: appendEntries completed
2019-09-20 04:49:30,529 [grpc-default-executor-0] INFO  server.GrpcServerProtocolService (GrpcServerProtocolService.java:onCompleted(104)) - 0ad3f89e-804f-4845-89c5-5ff1a35a5dda: appendEntries completed
2019-09-20 04:49:30,529 [grpc-default-executor-2] INFO  server.GrpcServerProtocolService (GrpcServerProtocolService.java:onCompleted(104)) - a9bc59c4-b792-48d5-9db2-4e71770477b1: appendEntries completed
2019-09-20 04:49:30,525 [grpc-default-executor-5] INFO  server.GrpcServerProtocolService (GrpcServerProtocolService.java:onCompleted(104)) - 0ad3f89e-804f-4845-89c5-5ff1a35a5dda: appendEntries completed
2019-09-20 04:49:30,530 [grpc-default-executor-0] INFO  server.GrpcLogAppender (GrpcLogAppender.java:onCompleted(292)) - a9bc59c4-b792-48d5-9db2-4e71770477b1->68a93ad8-b6a8-44e1-8a9f-45fcc58d229a: follower responses appendEntries COMPLETED
2019-09-20 04:49:30,530 [grpc-default-executor-5] INFO  server.GrpcLogAppender (GrpcLogAppender.java:onCompleted(292)) - 68a93ad8-b6a8-44e1-8a9f-45fcc58d229a->0ad3f89e-804f-4845-89c5-5ff1a35a5dda: follower responses appendEntries COMPLETED
2019-09-20 04:49:30,530 [grpc-default-executor-2] INFO  server.GrpcLogAppender (GrpcLogAppender.java:onCompleted(292)) - 68a93ad8-b6a8-44e1-8a9f-45fcc58d229a->a9bc59c4-b792-48d5-9db2-4e71770477b1: follower responses appendEntries COMPLETED
2019-09-20 04:49:30,534 [grpc-default-executor-1] INFO  server.GrpcLogAppender (GrpcLogAppender.java:onCompleted(292)) - a9bc59c4-b792-48d5-9db2-4e71770477b1->0ad3f89e-804f-4845-89c5-5ff1a35a5dda: follower responses appendEntries COMPLETED
2019-09-20 04:49:30,546 [grpc-default-executor-2] INFO  impl.FollowerInfo (FollowerInfo.java:lambda$new$0(50)) - 68a93ad8-b6a8-44e1-8a9f-45fcc58d229a->a9bc59c4-b792-48d5-9db2-4e71770477b1: nextIndex: updateUnconditionally 1 -> 0
2019-09-20 04:49:30,546 [grpc-default-executor-1] INFO  impl.FollowerInfo (FollowerInfo.java:lambda$new$0(50)) - a9bc59c4-b792-48d5-9db2-4e71770477b1->0ad3f89e-804f-4845-89c5-5ff1a35a5dda: nextIndex: updateUnconditionally 1 -> 0
2019-09-20 04:49:30,546 [grpc-default-executor-5] INFO  impl.FollowerInfo (FollowerInfo.java:lambda$new$0(50)) - 68a93ad8-b6a8-44e1-8a9f-45fcc58d229a->0ad3f89e-804f-4845-89c5-5ff1a35a5dda: nextIndex: updateUnconditionally 1 -> 0
2019-09-20 04:49:30,546 [grpc-default-executor-0] INFO  impl.FollowerInfo (FollowerInfo.java:lambda$new$0(50)) - a9bc59c4-b792-48d5-9db2-4e71770477b1->68a93ad8-b6a8-44e1-8a9f-45fcc58d229a: nextIndex: updateUnconditionally 1 -> 0
2019-09-20 04:49:30,749 [68a93ad8-b6a8-44e1-8a9f-45fcc58d229a-SegmentedRaftLogWorker:Storage Directory /workdir/hadoop-ozone/integration-test/target/test-dir/MiniOzoneClusterImpl-bb3956c2-c4d1-403a-b406-f8ec73b3905b/datanode-5/data/ratis/bb305e63-9f98-4cfd-991d-114a3af35c6c] ERROR segmented.SegmentedRaftLogWorker (SegmentedRaftLogWorker.java:run(323)) - 68a93ad8-b6a8-44e1-8a9f-45fcc58d229a-SegmentedRaftLogWorker:Storage Directory /workdir/hadoop-ozone/integration-test/target/test-dir/MiniOzoneClusterImpl-bb3956c2-c4d1-403a-b406-f8ec73b3905b/datanode-5/data/ratis/bb305e63-9f98-4cfd-991d-114a3af35c6c hit exception
java.lang.OutOfMemoryError: Direct buffer memory
	at java.nio.Bits.reserveMemory(Bits.java:666)
	at java.nio.DirectByteBuffer.<init>(DirectByteBuffer.java:123)
	at java.nio.ByteBuffer.allocateDirect(ByteBuffer.java:311)
	at org.apache.ratis.server.raftlog.segmented.BufferedWriteChannel.<init>(BufferedWriteChannel.java:41)
	at org.apache.ratis.server.raftlog.segmented.SegmentedRaftLogOutputStream.<init>(SegmentedRaftLogOutputStream.java:72)
	at org.apache.ratis.server.raftlog.segmented.SegmentedRaftLogWorker$StartLogSegment.execute(SegmentedRaftLogWorker.java:566)
	at org.apache.ratis.server.raftlog.segmented.SegmentedRaftLogWorker.run(SegmentedRaftLogWorker.java:289)
	at java.lang.Thread.run(Thread.java:748)
2019-09-20 04:49:30,749 [68a93ad8-b6a8-44e1-8a9f-45fcc58d229a-SegmentedRaftLogWorker:Storage Directory /workdir/hadoop-ozone/integration-test/target/test-dir/MiniOzoneClusterImpl-bb3956c2-c4d1-403a-b406-f8ec73b3905b/datanode-5/data/ratis/bb305e63-9f98-4cfd-991d-114a3af35c6c] INFO  impl.RaftServerImpl (RaftServerImpl.java:lambda$shutdown$3(245)) - 68a93ad8-b6a8-44e1-8a9f-45fcc58d229a: shutdown group-114A3AF35C6C
2019-09-20 04:49:30,749 [68a93ad8-b6a8-44e1-8a9f-45fcc58d229a-SegmentedRaftLogWorker:Storage Directory /workdir/hadoop-ozone/integration-test/target/test-dir/MiniOzoneClusterImpl-bb3956c2-c4d1-403a-b406-f8ec73b3905b/datanode-5/data/ratis/bb305e63-9f98-4cfd-991d-114a3af35c6c] INFO  util.JmxRegister (JmxRegister.java:unregister(73)) - Successfully un-registered JMX Bean with object name Ratis:service=RaftServer,group=group-114A3AF35C6C,id=68a93ad8-b6a8-44e1-8a9f-45fcc58d229a
2019-09-20 04:49:30,749 [68a93ad8-b6a8-44e1-8a9f-45fcc58d229a-SegmentedRaftLogWorker:Storage Directory /workdir/hadoop-ozone/integration-test/target/test-dir/MiniOzoneClusterImpl-bb3956c2-c4d1-403a-b406-f8ec73b3905b/datanode-5/data/ratis/bb305e63-9f98-4cfd-991d-114a3af35c6c] INFO  impl.RoleInfo (RoleInfo.java:shutdownFollowerState(121)) - 68a93ad8-b6a8-44e1-8a9f-45fcc58d229a: shutdown FollowerState
2019-09-20 04:49:30,750 [68a93ad8-b6a8-44e1-8a9f-45fcc58d229a-SegmentedRaftLogWorker:Storage Directory /workdir/hadoop-ozone/integration-test/target/test-dir/MiniOzoneClusterImpl-bb3956c2-c4d1-403a-b406-f8ec73b3905b/datanode-5/data/ratis/bb305e63-9f98-4cfd-991d-114a3af35c6c] INFO  impl.StateMachineUpdater (StateMachineUpdater.java:stopAndJoin(115)) - StateMachineUpdater:68a93ad8-b6a8-44e1-8a9f-45fcc58d229a:group-114A3AF35C6C: set stopIndex = -1
2019-09-20 04:49:30,750 [Thread-1325] INFO  impl.FollowerState (FollowerState.java:run(114)) - 68a93ad8-b6a8-44e1-8a9f-45fcc58d229a: FollowerState was interrupted: java.lang.InterruptedException: sleep interrupted
2019-09-20 04:49:30,750 [68a93ad8-b6a8-44e1-8a9f-45fcc58d229a-SegmentedRaftLogWorker:Storage Directory /workdir/hadoop-ozone/integration-test/target/test-dir/MiniOzoneClusterImpl-bb3956c2-c4d1-403a-b406-f8ec73b3905b/datanode-5/data/ratis/bb305e63-9f98-4cfd-991d-114a3af35c6c] INFO  impl.RaftServerImpl (ServerState.java:close(394)) - 68a93ad8-b6a8-44e1-8a9f-45fcc58d229a:group-114A3AF35C6C closes. The last applied log index is -1
2019-09-20 04:49:30,750 [68a93ad8-b6a8-44e1-8a9f-45fcc58d229a-SegmentedRaftLogWorker:Storage Directory /workdir/hadoop-ozone/integration-test/target/test-dir/MiniOzoneClusterImpl-bb3956c2-c4d1-403a-b406-f8ec73b3905b/datanode-5/data/ratis/bb305e63-9f98-4cfd-991d-114a3af35c6c] INFO  segmented.SegmentedRaftLogWorker (SegmentedRaftLogWorker.java:close(228)) - 68a93ad8-b6a8-44e1-8a9f-45fcc58d229a-SegmentedRaftLogWorker:Storage Directory /workdir/hadoop-ozone/integration-test/target/test-dir/MiniOzoneClusterImpl-bb3956c2-c4d1-403a-b406-f8ec73b3905b/datanode-5/data/ratis/bb305e63-9f98-4cfd-991d-114a3af35c6c close()
2019-09-20 04:49:30,756 [a9bc59c4-b792-48d5-9db2-4e71770477b1-SegmentedRaftLogWorker:Storage Directory /workdir/hadoop-ozone/integration-test/target/test-dir/MiniOzoneClusterImpl-bb3956c2-c4d1-403a-b406-f8ec73b3905b/datanode-6/data/ratis/4c516ec7-4cbc-4eb4-86c7-e55084f5deeb] ERROR segmented.SegmentedRaftLogWorker (SegmentedRaftLogWorker.java:run(323)) - a9bc59c4-b792-48d5-9db2-4e71770477b1-SegmentedRaftLogWorker:Storage Directory /workdir/hadoop-ozone/integration-test/target/test-dir/MiniOzoneClusterImpl-bb3956c2-c4d1-403a-b406-f8ec73b3905b/datanode-6/data/ratis/4c516ec7-4cbc-4eb4-86c7-e55084f5deeb hit exception
java.lang.OutOfMemoryError: Direct buffer memory
	at java.nio.Bits.reserveMemory(Bits.java:666)
	at java.nio.DirectByteBuffer.<init>(DirectByteBuffer.java:123)
	at java.nio.ByteBuffer.allocateDirect(ByteBuffer.java:311)
	at org.apache.ratis.server.raftlog.segmented.BufferedWriteChannel.<init>(BufferedWriteChannel.java:41)
	at org.apache.ratis.server.raftlog.segmented.SegmentedRaftLogOutputStream.<init>(SegmentedRaftLogOutputStream.java:72)
	at org.apache.ratis.server.raftlog.segmented.SegmentedRaftLogWorker$StartLogSegment.execute(SegmentedRaftLogWorker.java:566)
	at org.apache.ratis.server.raftlog.segmented.SegmentedRaftLogWorker.run(SegmentedRaftLogWorker.java:289)
	at java.lang.Thread.run(Thread.java:748)
2019-09-20 04:49:30,762 [0ad3f89e-804f-4845-89c5-5ff1a35a5dda-SegmentedRaftLogWorker:Storage Directory /workdir/hadoop-ozone/integration-test/target/test-dir/MiniOzoneClusterImpl-bb3956c2-c4d1-403a-b406-f8ec73b3905b/datanode-4/data/ratis/bb305e63-9f98-4cfd-991d-114a3af35c6c] ERROR segmented.SegmentedRaftLogWorker (SegmentedRaftLogWorker.java:run(323)) - 0ad3f89e-804f-4845-89c5-5ff1a35a5dda-SegmentedRaftLogWorker:Storage Directory /workdir/hadoop-ozone/integration-test/target/test-dir/MiniOzoneClusterImpl-bb3956c2-c4d1-403a-b406-f8ec73b3905b/datanode-4/data/ratis/bb305e63-9f98-4cfd-991d-114a3af35c6c hit exception
java.lang.OutOfMemoryError: Direct buffer memory
	at java.nio.Bits.reserveMemory(Bits.java:666)
	at java.nio.DirectByteBuffer.<init>(DirectByteBuffer.java:123)
	at java.nio.ByteBuffer.allocateDirect(ByteBuffer.java:311)
	at org.apache.ratis.server.raftlog.segmented.BufferedWriteChannel.<init>(BufferedWriteChannel.java:41)
	at org.apache.ratis.server.raftlog.segmented.SegmentedRaftLogOutputStream.<init>(SegmentedRaftLogOutputStream.java:72)
	at org.apache.ratis.server.raftlog.segmented.SegmentedRaftLogWorker$StartLogSegment.execute(SegmentedRaftLogWorker.java:566)
	at org.apache.ratis.server.raftlog.segmented.SegmentedRaftLogWorker.run(SegmentedRaftLogWorker.java:289)
	at java.lang.Thread.run(Thread.java:748)
2019-09-20 04:49:30,762 [0ad3f89e-804f-4845-89c5-5ff1a35a5dda-SegmentedRaftLogWorker:Storage Directory /workdir/hadoop-ozone/integration-test/target/test-dir/MiniOzoneClusterImpl-bb3956c2-c4d1-403a-b406-f8ec73b3905b/datanode-4/data/ratis/bb305e63-9f98-4cfd-991d-114a3af35c6c] INFO  impl.RaftServerImpl (RaftServerImpl.java:lambda$shutdown$3(245)) - 0ad3f89e-804f-4845-89c5-5ff1a35a5dda: shutdown group-114A3AF35C6C
2019-09-20 04:49:30,762 [0ad3f89e-804f-4845-89c5-5ff1a35a5dda-SegmentedRaftLogWorker:Storage Directory /workdir/hadoop-ozone/integration-test/target/test-dir/MiniOzoneClusterImpl-bb3956c2-c4d1-403a-b406-f8ec73b3905b/datanode-4/data/ratis/4c516ec7-4cbc-4eb4-86c7-e55084f5deeb] ERROR segmented.SegmentedRaftLogWorker (SegmentedRaftLogWorker.java:run(323)) - 0ad3f89e-804f-4845-89c5-5ff1a35a5dda-SegmentedRaftLogWorker:Storage Directory /workdir/hadoop-ozone/integration-test/target/test-dir/MiniOzoneClusterImpl-bb3956c2-c4d1-403a-b406-f8ec73b3905b/datanode-4/data/ratis/4c516ec7-4cbc-4eb4-86c7-e55084f5deeb hit exception
java.lang.OutOfMemoryError: Direct buffer memory
	at java.nio.Bits.reserveMemory(Bits.java:666)
	at java.nio.DirectByteBuffer.<init>(DirectByteBuffer.java:123)
	at java.nio.ByteBuffer.allocateDirect(ByteBuffer.java:311)
	at org.apache.ratis.server.raftlog.segmented.BufferedWriteChannel.<init>(BufferedWriteChannel.java:41)
	at org.apache.ratis.server.raftlog.segmented.SegmentedRaftLogOutputStream.<init>(SegmentedRaftLogOutputStream.java:72)
	at org.apache.ratis.server.raftlog.segmented.SegmentedRaftLogWorker$StartLogSegment.execute(SegmentedRaftLogWorker.java:566)
	at org.apache.ratis.server.raftlog.segmented.SegmentedRaftLogWorker.run(SegmentedRaftLogWorker.java:289)
	at java.lang.Thread.run(Thread.java:748)
2019-09-20 04:49:30,762 [0ad3f89e-804f-4845-89c5-5ff1a35a5dda-SegmentedRaftLogWorker:Storage Directory /workdir/hadoop-ozone/integration-test/target/test-dir/MiniOzoneClusterImpl-bb3956c2-c4d1-403a-b406-f8ec73b3905b/datanode-4/data/ratis/bb305e63-9f98-4cfd-991d-114a3af35c6c] INFO  util.JmxRegister (JmxRegister.java:unregister(73)) - Successfully un-registered JMX Bean with object name Ratis:service=RaftServer,group=group-114A3AF35C6C,id=0ad3f89e-804f-4845-89c5-5ff1a35a5dda
2019-09-20 04:49:30,763 [0ad3f89e-804f-4845-89c5-5ff1a35a5dda-SegmentedRaftLogWorker:Storage Directory /workdir/hadoop-ozone/integration-test/target/test-dir/MiniOzoneClusterImpl-bb3956c2-c4d1-403a-b406-f8ec73b3905b/datanode-4/data/ratis/bb305e63-9f98-4cfd-991d-114a3af35c6c] INFO  impl.RoleInfo (RoleInfo.java:shutdownFollowerState(121)) - 0ad3f89e-804f-4845-89c5-5ff1a35a5dda: shutdown FollowerState
2019-09-20 04:49:30,762 [a9bc59c4-b792-48d5-9db2-4e71770477b1-SegmentedRaftLogWorker:Storage Directory /workdir/hadoop-ozone/integration-test/target/test-dir/MiniOzoneClusterImpl-bb3956c2-c4d1-403a-b406-f8ec73b3905b/datanode-6/data/ratis/4c516ec7-4cbc-4eb4-86c7-e55084f5deeb] INFO  impl.RaftServerImpl (RaftServerImpl.java:lambda$shutdown$3(245)) - a9bc59c4-b792-48d5-9db2-4e71770477b1: shutdown group-E55084F5DEEB
2019-09-20 04:49:30,763 [Thread-1324] INFO  impl.FollowerState (FollowerState.java:run(114)) - 0ad3f89e-804f-4845-89c5-5ff1a35a5dda: FollowerState was interrupted: java.lang.InterruptedException: sleep interrupted
2019-09-20 04:49:30,763 [0ad3f89e-804f-4845-89c5-5ff1a35a5dda-SegmentedRaftLogWorker:Storage Directory /workdir/hadoop-ozone/integration-test/target/test-dir/MiniOzoneClusterImpl-bb3956c2-c4d1-403a-b406-f8ec73b3905b/datanode-4/data/ratis/bb305e63-9f98-4cfd-991d-114a3af35c6c] INFO  impl.StateMachineUpdater (StateMachineUpdater.java:stopAndJoin(115)) - StateMachineUpdater:0ad3f89e-804f-4845-89c5-5ff1a35a5dda:group-114A3AF35C6C: set stopIndex = -1
2019-09-20 04:49:30,763 [0ad3f89e-804f-4845-89c5-5ff1a35a5dda-SegmentedRaftLogWorker:Storage Directory /workdir/hadoop-ozone/integration-test/target/test-dir/MiniOzoneClusterImpl-bb3956c2-c4d1-403a-b406-f8ec73b3905b/datanode-4/data/ratis/4c516ec7-4cbc-4eb4-86c7-e55084f5deeb] INFO  impl.RaftServerImpl (RaftServerImpl.java:lambda$shutdown$3(245)) - 0ad3f89e-804f-4845-89c5-5ff1a35a5dda: shutdown group-E55084F5DEEB
2019-09-20 04:49:30,763 [0ad3f89e-804f-4845-89c5-5ff1a35a5dda-SegmentedRaftLogWorker:Storage Directory /workdir/hadoop-ozone/integration-test/target/test-dir/MiniOzoneClusterImpl-bb3956c2-c4d1-403a-b406-f8ec73b3905b/datanode-4/data/ratis/bb305e63-9f98-4cfd-991d-114a3af35c6c] INFO  impl.RaftServerImpl (ServerState.java:close(394)) - 0ad3f89e-804f-4845-89c5-5ff1a35a5dda:group-114A3AF35C6C closes. The last applied log index is -1
2019-09-20 04:49:30,763 [a9bc59c4-b792-48d5-9db2-4e71770477b1-SegmentedRaftLogWorker:Storage Directory /workdir/hadoop-ozone/integration-test/target/test-dir/MiniOzoneClusterImpl-bb3956c2-c4d1-403a-b406-f8ec73b3905b/datanode-6/data/ratis/4c516ec7-4cbc-4eb4-86c7-e55084f5deeb] INFO  util.JmxRegister (JmxRegister.java:unregister(73)) - Successfully un-registered JMX Bean with object name Ratis:service=RaftServer,group=group-E55084F5DEEB,id=a9bc59c4-b792-48d5-9db2-4e71770477b1
2019-09-20 04:49:30,764 [0ad3f89e-804f-4845-89c5-5ff1a35a5dda-SegmentedRaftLogWorker:Storage Directory /workdir/hadoop-ozone/integration-test/target/test-dir/MiniOzoneClusterImpl-bb3956c2-c4d1-403a-b406-f8ec73b3905b/datanode-4/data/ratis/bb305e63-9f98-4cfd-991d-114a3af35c6c] INFO  segmented.SegmentedRaftLogWorker (SegmentedRaftLogWorker.java:close(228)) - 0ad3f89e-804f-4845-89c5-5ff1a35a5dda-SegmentedRaftLogWorker:Storage Directory /workdir/hadoop-ozone/integration-test/target/test-dir/MiniOzoneClusterImpl-bb3956c2-c4d1-403a-b406-f8ec73b3905b/datanode-4/data/ratis/bb305e63-9f98-4cfd-991d-114a3af35c6c close()
2019-09-20 04:49:30,763 [0ad3f89e-804f-4845-89c5-5ff1a35a5dda-SegmentedRaftLogWorker:Storage Directory /workdir/hadoop-ozone/integration-test/target/test-dir/MiniOzoneClusterImpl-bb3956c2-c4d1-403a-b406-f8ec73b3905b/datanode-4/data/ratis/4c516ec7-4cbc-4eb4-86c7-e55084f5deeb] INFO  util.JmxRegister (JmxRegister.java:unregister(73)) - Successfully un-registered JMX Bean with object name Ratis:service=RaftServer,group=group-E55084F5DEEB,id=0ad3f89e-804f-4845-89c5-5ff1a35a5dda
2019-09-20 04:49:30,774 [0ad3f89e-804f-4845-89c5-5ff1a35a5dda-SegmentedRaftLogWorker:Storage Directory /workdir/hadoop-ozone/integration-test/target/test-dir/MiniOzoneClusterImpl-bb3956c2-c4d1-403a-b406-f8ec73b3905b/datanode-4/data/ratis/4c516ec7-4cbc-4eb4-86c7-e55084f5deeb] INFO  impl.RoleInfo (RoleInfo.java:shutdownFollowerState(121)) - 0ad3f89e-804f-4845-89c5-5ff1a35a5dda: shutdown FollowerState
2019-09-20 04:49:30,764 [a9bc59c4-b792-48d5-9db2-4e71770477b1-SegmentedRaftLogWorker:Storage Directory /workdir/hadoop-ozone/integration-test/target/test-dir/MiniOzoneClusterImpl-bb3956c2-c4d1-403a-b406-f8ec73b3905b/datanode-6/data/ratis/4c516ec7-4cbc-4eb4-86c7-e55084f5deeb] INFO  impl.RoleInfo (RoleInfo.java:shutdownFollowerState(121)) - a9bc59c4-b792-48d5-9db2-4e71770477b1: shutdown FollowerState
2019-09-20 04:49:30,774 [Thread-1320] INFO  impl.FollowerState (FollowerState.java:run(114)) - 0ad3f89e-804f-4845-89c5-5ff1a35a5dda: FollowerState was interrupted: java.lang.InterruptedException: sleep interrupted
2019-09-20 04:49:30,774 [0ad3f89e-804f-4845-89c5-5ff1a35a5dda-SegmentedRaftLogWorker:Storage Directory /workdir/hadoop-ozone/integration-test/target/test-dir/MiniOzoneClusterImpl-bb3956c2-c4d1-403a-b406-f8ec73b3905b/datanode-4/data/ratis/4c516ec7-4cbc-4eb4-86c7-e55084f5deeb] INFO  impl.StateMachineUpdater (StateMachineUpdater.java:stopAndJoin(115)) - StateMachineUpdater:0ad3f89e-804f-4845-89c5-5ff1a35a5dda:group-E55084F5DEEB: set stopIndex = -1
2019-09-20 04:49:30,774 [Thread-1319] INFO  impl.FollowerState (FollowerState.java:run(114)) - a9bc59c4-b792-48d5-9db2-4e71770477b1: FollowerState was interrupted: java.lang.InterruptedException: sleep interrupted
2019-09-20 04:49:30,774 [a9bc59c4-b792-48d5-9db2-4e71770477b1-SegmentedRaftLogWorker:Storage Directory /workdir/hadoop-ozone/integration-test/target/test-dir/MiniOzoneClusterImpl-bb3956c2-c4d1-403a-b406-f8ec73b3905b/datanode-6/data/ratis/4c516ec7-4cbc-4eb4-86c7-e55084f5deeb] INFO  impl.StateMachineUpdater (StateMachineUpdater.java:stopAndJoin(115)) - StateMachineUpdater:a9bc59c4-b792-48d5-9db2-4e71770477b1:group-E55084F5DEEB: set stopIndex = -1
2019-09-20 04:49:30,775 [a9bc59c4-b792-48d5-9db2-4e71770477b1-SegmentedRaftLogWorker:Storage Directory /workdir/hadoop-ozone/integration-test/target/test-dir/MiniOzoneClusterImpl-bb3956c2-c4d1-403a-b406-f8ec73b3905b/datanode-6/data/ratis/4c516ec7-4cbc-4eb4-86c7-e55084f5deeb] INFO  impl.RaftServerImpl (ServerState.java:close(394)) - a9bc59c4-b792-48d5-9db2-4e71770477b1:group-E55084F5DEEB closes. The last applied log index is -1
2019-09-20 04:49:30,774 [0ad3f89e-804f-4845-89c5-5ff1a35a5dda-SegmentedRaftLogWorker:Storage Directory /workdir/hadoop-ozone/integration-test/target/test-dir/MiniOzoneClusterImpl-bb3956c2-c4d1-403a-b406-f8ec73b3905b/datanode-4/data/ratis/4c516ec7-4cbc-4eb4-86c7-e55084f5deeb] INFO  impl.RaftServerImpl (ServerState.java:close(394)) - 0ad3f89e-804f-4845-89c5-5ff1a35a5dda:group-E55084F5DEEB closes. The last applied log index is -1
2019-09-20 04:49:30,775 [a9bc59c4-b792-48d5-9db2-4e71770477b1-SegmentedRaftLogWorker:Storage Directory /workdir/hadoop-ozone/integration-test/target/test-dir/MiniOzoneClusterImpl-bb3956c2-c4d1-403a-b406-f8ec73b3905b/datanode-6/data/ratis/4c516ec7-4cbc-4eb4-86c7-e55084f5deeb] INFO  segmented.SegmentedRaftLogWorker (SegmentedRaftLogWorker.java:close(228)) - a9bc59c4-b792-48d5-9db2-4e71770477b1-SegmentedRaftLogWorker:Storage Directory /workdir/hadoop-ozone/integration-test/target/test-dir/MiniOzoneClusterImpl-bb3956c2-c4d1-403a-b406-f8ec73b3905b/datanode-6/data/ratis/4c516ec7-4cbc-4eb4-86c7-e55084f5deeb close()
2019-09-20 04:49:30,775 [0ad3f89e-804f-4845-89c5-5ff1a35a5dda-SegmentedRaftLogWorker:Storage Directory /workdir/hadoop-ozone/integration-test/target/test-dir/MiniOzoneClusterImpl-bb3956c2-c4d1-403a-b406-f8ec73b3905b/datanode-4/data/ratis/4c516ec7-4cbc-4eb4-86c7-e55084f5deeb] INFO  segmented.SegmentedRaftLogWorker (SegmentedRaftLogWorker.java:close(228)) - 0ad3f89e-804f-4845-89c5-5ff1a35a5dda-SegmentedRaftLogWorker:Storage Directory /workdir/hadoop-ozone/integration-test/target/test-dir/MiniOzoneClusterImpl-bb3956c2-c4d1-403a-b406-f8ec73b3905b/datanode-4/data/ratis/4c516ec7-4cbc-4eb4-86c7-e55084f5deeb close()
2019-09-20 04:49:31,278 [grpc-default-executor-0] INFO  client.GrpcClientProtocolClient (GrpcClientProtocolClient.java:onNext(255)) - client-4B9F346F76BE->a9bc59c4-b792-48d5-9db2-4e71770477b1: receive RaftClientReply:client-4B9F346F76BE->a9bc59c4-b792-48d5-9db2-4e71770477b1@group-F325FBB9CFF9, cid=123, FAILED org.apache.ratis.protocol.NotLeaderException: Server a9bc59c4-b792-48d5-9db2-4e71770477b1 is not the leader (null). Request must be sent to leader., logIndex=0, commits[a9bc59c4-b792-48d5-9db2-4e71770477b1:c-1]
2019-09-20 04:49:31,378 | INFO  | SCMAudit | user=jenkins1000 | ip=192.168.36.79 | op=SEND_HEARTBEAT {datanodeUUID=bd1a845e-f2ed-4713-9516-9ccc20139040, command=[]} | ret=SUCCESS |  
2019-09-20 04:49:31,378 | INFO  | SCMAudit | user=jenkins1000 | ip=192.168.36.79 | op=SEND_HEARTBEAT {datanodeUUID=fdbc37f2-9e58-4bac-a5d5-a78839d012e9, command=[]} | ret=SUCCESS |  
2019-09-20 04:49:31,378 | INFO  | SCMAudit | user=jenkins1000 | ip=192.168.36.79 | op=SEND_HEARTBEAT {datanodeUUID=f4e549ee-a6fa-4eb9-8541-129d0566fdf5, command=[]} | ret=SUCCESS |  
2019-09-20 04:49:31,378 | INFO  | SCMAudit | user=jenkins1000 | ip=192.168.36.79 | op=SEND_HEARTBEAT {datanodeUUID=8538cd65-7926-426b-8bad-fbd0f0550f9a, command=[]} | ret=SUCCESS |  
2019-09-20 04:49:31,378 | INFO  | SCMAudit | user=jenkins1000 | ip=192.168.36.79 | op=SEND_HEARTBEAT {datanodeUUID=a9bc59c4-b792-48d5-9db2-4e71770477b1, command=[]} | ret=SUCCESS |  
2019-09-20 04:49:31,378 | INFO  | SCMAudit | user=jenkins1000 | ip=192.168.36.79 | op=SEND_HEARTBEAT {datanodeUUID=1d91ad97-6666-4ee7-855a-8b5e944e7401, command=[]} | ret=SUCCESS |  
2019-09-20 04:49:31,379 | INFO  | SCMAudit | user=jenkins1000 | ip=192.168.36.79 | op=SEND_HEARTBEAT {datanodeUUID=2702b462-69d8-4c1b-aae1-091a21fe08b8, command=[]} | ret=SUCCESS |  
2019-09-20 04:49:31,379 | INFO  | SCMAudit | user=jenkins1000 | ip=192.168.36.79 | op=SEND_HEARTBEAT {datanodeUUID=3c2a6bfe-f5c5-4e23-89b0-850dab17697d, command=[]} | ret=SUCCESS |  
2019-09-20 04:49:31,379 | INFO  | SCMAudit | user=jenkins1000 | ip=192.168.36.79 | op=SEND_HEARTBEAT {datanodeUUID=ba95d636-ac34-4b74-a102-dec8d0f377c6, command=[]} | ret=SUCCESS |  
2019-09-20 04:49:31,379 | INFO  | SCMAudit | user=jenkins1000 | ip=192.168.36.79 | op=SEND_HEARTBEAT {datanodeUUID=236eed40-dd97-4fdc-a0ae-ab99685a426b, command=[]} | ret=SUCCESS |  
2019-09-20 04:49:31,380 | INFO  | SCMAudit | user=jenkins1000 | ip=192.168.36.79 | op=SEND_HEARTBEAT {datanodeUUID=42fc6e92-fcdd-4827-b621-9fc58a3d2315, command=[]} | ret=SUCCESS |  
2019-09-20 04:49:31,380 | INFO  | SCMAudit | user=jenkins1000 | ip=192.168.36.79 | op=SEND_HEARTBEAT {datanodeUUID=0ad3f89e-804f-4845-89c5-5ff1a35a5dda, command=[]} | ret=SUCCESS |  
2019-09-20 04:49:31,380 | INFO  | SCMAudit | user=jenkins1000 | ip=192.168.36.79 | op=SEND_HEARTBEAT {datanodeUUID=68a93ad8-b6a8-44e1-8a9f-45fcc58d229a, command=[]} | ret=SUCCESS |  
2019-09-20 04:49:31,380 | INFO  | SCMAudit | user=jenkins1000 | ip=192.168.36.79 | op=SEND_HEARTBEAT {datanodeUUID=5ea19b84-5385-4ae9-8412-c4cfa929b172, command=[]} | ret=SUCCESS |  
2019-09-20 04:49:31,380 | INFO  | SCMAudit | user=jenkins1000 | ip=192.168.36.79 | op=SEND_HEARTBEAT {datanodeUUID=ea71b9af-1075-4196-9693-aa14e10f536d, command=[]} | ret=SUCCESS |  
2019-09-20 04:49:31,381 | INFO  | SCMAudit | user=jenkins1000 | ip=192.168.36.79 | op=SEND_HEARTBEAT {datanodeUUID=eb30d72f-c0a8-4ecb-bfee-9120a9a6cddf, command=[]} | ret=SUCCESS |  
2019-09-20 04:49:31,381 | INFO  | SCMAudit | user=jenkins1000 | ip=192.168.36.79 | op=SEND_HEARTBEAT {datanodeUUID=c4f6294c-eda3-4afd-81f7-e69ed14da69f, command=[]} | ret=SUCCESS |  
2019-09-20 04:49:31,381 | INFO  | SCMAudit | user=jenkins1000 | ip=192.168.36.79 | op=SEND_HEARTBEAT {datanodeUUID=8d97392c-5f4b-400a-94a1-fb61a3ebbc99, command=[]} | ret=SUCCESS |  
2019-09-20 04:49:31,381 | INFO  | SCMAudit | user=jenkins1000 | ip=192.168.36.79 | op=SEND_HEARTBEAT {datanodeUUID=eaf3ecbe-c3b1-4969-ad3a-e4de7fb04f81, command=[]} | ret=SUCCESS |  
2019-09-20 04:49:31,381 | INFO  | SCMAudit | user=jenkins1000 | ip=192.168.36.79 | op=SEND_HEARTBEAT {datanodeUUID=dba845b8-ea76-4e09-ab03-0883d354e493, command=[]} | ret=SUCCESS |  
2019-09-20 04:49:31,382 | INFO  | SCMAudit | user=jenkins1000 | ip=192.168.36.79 | op=SEND_HEARTBEAT {datanodeUUID=2d6465ef-cffa-473a-a4c6-a9aa3f1a26c0, command=[]} | ret=SUCCESS |  
2019-09-20 04:49:32,308 [grpc-default-executor-5] INFO  client.GrpcClientProtocolClient (GrpcClientProtocolClient.java:onNext(255)) - client-4B9F346F76BE->0ad3f89e-804f-4845-89c5-5ff1a35a5dda: receive RaftClientReply:client-4B9F346F76BE->0ad3f89e-804f-4845-89c5-5ff1a35a5dda@group-F325FBB9CFF9, cid=123, FAILED org.apache.ratis.protocol.NotLeaderException: Server 0ad3f89e-804f-4845-89c5-5ff1a35a5dda is not the leader (null). Request must be sent to leader., logIndex=0, commits[0ad3f89e-804f-4845-89c5-5ff1a35a5dda:c-1]
2019-09-20 04:49:32,377 | INFO  | SCMAudit | user=jenkins1000 | ip=192.168.36.79 | op=SEND_HEARTBEAT {datanodeUUID=a9bc59c4-b792-48d5-9db2-4e71770477b1, command=[]} | ret=SUCCESS |  
2019-09-20 04:49:32,377 | INFO  | SCMAudit | user=jenkins1000 | ip=192.168.36.79 | op=SEND_HEARTBEAT {datanodeUUID=f4e549ee-a6fa-4eb9-8541-129d0566fdf5, command=[]} | ret=SUCCESS |  
2019-09-20 04:49:32,377 | INFO  | SCMAudit | user=jenkins1000 | ip=192.168.36.79 | op=SEND_HEARTBEAT {datanodeUUID=8538cd65-7926-426b-8bad-fbd0f0550f9a, command=[]} | ret=SUCCESS |  
2019-09-20 04:49:32,378 | INFO  | SCMAudit | user=jenkins1000 | ip=192.168.36.79 | op=SEND_HEARTBEAT {datanodeUUID=fdbc37f2-9e58-4bac-a5d5-a78839d012e9, command=[]} | ret=SUCCESS |  
2019-09-20 04:49:32,378 | INFO  | SCMAudit | user=jenkins1000 | ip=192.168.36.79 | op=SEND_HEARTBEAT {datanodeUUID=bd1a845e-f2ed-4713-9516-9ccc20139040, command=[]} | ret=SUCCESS |  
2019-09-20 04:49:32,378 | INFO  | SCMAudit | user=jenkins1000 | ip=192.168.36.79 | op=SEND_HEARTBEAT {datanodeUUID=1d91ad97-6666-4ee7-855a-8b5e944e7401, command=[]} | ret=SUCCESS |  
2019-09-20 04:49:32,379 | INFO  | SCMAudit | user=jenkins1000 | ip=192.168.36.79 | op=SEND_HEARTBEAT {datanodeUUID=3c2a6bfe-f5c5-4e23-89b0-850dab17697d, command=[]} | ret=SUCCESS |  
2019-09-20 04:49:32,379 | INFO  | SCMAudit | user=jenkins1000 | ip=192.168.36.79 | op=SEND_HEARTBEAT {datanodeUUID=2702b462-69d8-4c1b-aae1-091a21fe08b8, command=[]} | ret=SUCCESS |  
2019-09-20 04:49:32,379 | INFO  | SCMAudit | user=jenkins1000 | ip=192.168.36.79 | op=SEND_HEARTBEAT {datanodeUUID=ba95d636-ac34-4b74-a102-dec8d0f377c6, command=[]} | ret=SUCCESS |  
2019-09-20 04:49:32,379 | INFO  | SCMAudit | user=jenkins1000 | ip=192.168.36.79 | op=SEND_HEARTBEAT {datanodeUUID=236eed40-dd97-4fdc-a0ae-ab99685a426b, command=[]} | ret=SUCCESS |  
2019-09-20 04:49:32,380 | INFO  | SCMAudit | user=jenkins1000 | ip=192.168.36.79 | op=SEND_HEARTBEAT {datanodeUUID=42fc6e92-fcdd-4827-b621-9fc58a3d2315, command=[]} | ret=SUCCESS |  
2019-09-20 04:49:32,380 | INFO  | SCMAudit | user=jenkins1000 | ip=192.168.36.79 | op=SEND_HEARTBEAT {datanodeUUID=5ea19b84-5385-4ae9-8412-c4cfa929b172, command=[]} | ret=SUCCESS |  
2019-09-20 04:49:32,380 | INFO  | SCMAudit | user=jenkins1000 | ip=192.168.36.79 | op=SEND_HEARTBEAT {datanodeUUID=ea71b9af-1075-4196-9693-aa14e10f536d, command=[]} | ret=SUCCESS |  
2019-09-20 04:49:32,380 | INFO  | SCMAudit | user=jenkins1000 | ip=192.168.36.79 | op=SEND_HEARTBEAT {datanodeUUID=68a93ad8-b6a8-44e1-8a9f-45fcc58d229a, command=[]} | ret=SUCCESS |  
2019-09-20 04:49:32,381 | INFO  | SCMAudit | user=jenkins1000 | ip=192.168.36.79 | op=SEND_HEARTBEAT {datanodeUUID=eb30d72f-c0a8-4ecb-bfee-9120a9a6cddf, command=[]} | ret=SUCCESS |  
2019-09-20 04:49:32,381 | INFO  | SCMAudit | user=jenkins1000 | ip=192.168.36.79 | op=SEND_HEARTBEAT {datanodeUUID=c4f6294c-eda3-4afd-81f7-e69ed14da69f, command=[]} | ret=SUCCESS |  
2019-09-20 04:49:32,381 | INFO  | SCMAudit | user=jenkins1000 | ip=192.168.36.79 | op=SEND_HEARTBEAT {datanodeUUID=0ad3f89e-804f-4845-89c5-5ff1a35a5dda, command=[]} | ret=SUCCESS |  
2019-09-20 04:49:32,381 | INFO  | SCMAudit | user=jenkins1000 | ip=192.168.36.79 | op=SEND_HEARTBEAT {datanodeUUID=eaf3ecbe-c3b1-4969-ad3a-e4de7fb04f81, command=[]} | ret=SUCCESS |  
2019-09-20 04:49:32,381 | INFO  | SCMAudit | user=jenkins1000 | ip=192.168.36.79 | op=SEND_HEARTBEAT {datanodeUUID=dba845b8-ea76-4e09-ab03-0883d354e493, command=[]} | ret=SUCCESS |  
2019-09-20 04:49:32,382 | INFO  | SCMAudit | user=jenkins1000 | ip=192.168.36.79 | op=SEND_HEARTBEAT {datanodeUUID=8d97392c-5f4b-400a-94a1-fb61a3ebbc99, command=[]} | ret=SUCCESS |  
2019-09-20 04:49:32,383 | INFO  | SCMAudit | user=jenkins1000 | ip=192.168.36.79 | op=SEND_HEARTBEAT {datanodeUUID=2d6465ef-cffa-473a-a4c6-a9aa3f1a26c0, command=[]} | ret=SUCCESS |  
2019-09-20 04:49:33,338 [grpc-default-executor-0] INFO  client.GrpcClientProtocolClient (GrpcClientProtocolClient.java:onNext(255)) - client-4B9F346F76BE->a9bc59c4-b792-48d5-9db2-4e71770477b1: receive RaftClientReply:client-4B9F346F76BE->a9bc59c4-b792-48d5-9db2-4e71770477b1@group-F325FBB9CFF9, cid=123, FAILED org.apache.ratis.protocol.NotLeaderException: Server a9bc59c4-b792-48d5-9db2-4e71770477b1 is not the leader (null). Request must be sent to leader., logIndex=0, commits[a9bc59c4-b792-48d5-9db2-4e71770477b1:c-1]
2019-09-20 04:49:33,376 | INFO  | SCMAudit | user=jenkins1000 | ip=192.168.36.79 | op=SEND_HEARTBEAT {datanodeUUID=a9bc59c4-b792-48d5-9db2-4e71770477b1, command=[]} | ret=SUCCESS |  
2019-09-20 04:49:33,376 | INFO  | SCMAudit | user=jenkins1000 | ip=192.168.36.79 | op=SEND_HEARTBEAT {datanodeUUID=f4e549ee-a6fa-4eb9-8541-129d0566fdf5, command=[]} | ret=SUCCESS |  
2019-09-20 04:49:33,376 | INFO  | SCMAudit | user=jenkins1000 | ip=192.168.36.79 | op=SEND_HEARTBEAT {datanodeUUID=8538cd65-7926-426b-8bad-fbd0f0550f9a, command=[]} | ret=SUCCESS |  
2019-09-20 04:49:33,377 | INFO  | SCMAudit | user=jenkins1000 | ip=192.168.36.79 | op=SEND_HEARTBEAT {datanodeUUID=bd1a845e-f2ed-4713-9516-9ccc20139040, command=[]} | ret=SUCCESS |  
2019-09-20 04:49:33,377 | INFO  | SCMAudit | user=jenkins1000 | ip=192.168.36.79 | op=SEND_HEARTBEAT {datanodeUUID=fdbc37f2-9e58-4bac-a5d5-a78839d012e9, command=[]} | ret=SUCCESS |  
2019-09-20 04:49:33,379 | INFO  | SCMAudit | user=jenkins1000 | ip=192.168.36.79 | op=SEND_HEARTBEAT {datanodeUUID=1d91ad97-6666-4ee7-855a-8b5e944e7401, command=[]} | ret=SUCCESS |  
2019-09-20 04:49:33,379 | INFO  | SCMAudit | user=jenkins1000 | ip=192.168.36.79 | op=SEND_HEARTBEAT {datanodeUUID=3c2a6bfe-f5c5-4e23-89b0-850dab17697d, command=[]} | ret=SUCCESS |  
2019-09-20 04:49:33,379 | INFO  | SCMAudit | user=jenkins1000 | ip=192.168.36.79 | op=SEND_HEARTBEAT {datanodeUUID=2702b462-69d8-4c1b-aae1-091a21fe08b8, command=[]} | ret=SUCCESS |  
2019-09-20 04:49:33,379 | INFO  | SCMAudit | user=jenkins1000 | ip=192.168.36.79 | op=SEND_HEARTBEAT {datanodeUUID=ba95d636-ac34-4b74-a102-dec8d0f377c6, command=[]} | ret=SUCCESS |  
2019-09-20 04:49:33,379 | INFO  | SCMAudit | user=jenkins1000 | ip=192.168.36.79 | op=SEND_HEARTBEAT {datanodeUUID=236eed40-dd97-4fdc-a0ae-ab99685a426b, command=[]} | ret=SUCCESS |  
2019-09-20 04:49:33,380 | INFO  | SCMAudit | user=jenkins1000 | ip=192.168.36.79 | op=SEND_HEARTBEAT {datanodeUUID=42fc6e92-fcdd-4827-b621-9fc58a3d2315, command=[]} | ret=SUCCESS |  
2019-09-20 04:49:33,380 | INFO  | SCMAudit | user=jenkins1000 | ip=192.168.36.79 | op=SEND_HEARTBEAT {datanodeUUID=ea71b9af-1075-4196-9693-aa14e10f536d, command=[]} | ret=SUCCESS |  
2019-09-20 04:49:33,380 | INFO  | SCMAudit | user=jenkins1000 | ip=192.168.36.79 | op=SEND_HEARTBEAT {datanodeUUID=68a93ad8-b6a8-44e1-8a9f-45fcc58d229a, command=[]} | ret=SUCCESS |  
2019-09-20 04:49:33,380 | INFO  | SCMAudit | user=jenkins1000 | ip=192.168.36.79 | op=SEND_HEARTBEAT {datanodeUUID=5ea19b84-5385-4ae9-8412-c4cfa929b172, command=[]} | ret=SUCCESS |  
2019-09-20 04:49:33,380 | INFO  | SCMAudit | user=jenkins1000 | ip=192.168.36.79 | op=SEND_HEARTBEAT {datanodeUUID=eb30d72f-c0a8-4ecb-bfee-9120a9a6cddf, command=[]} | ret=SUCCESS |  
2019-09-20 04:49:33,381 | INFO  | SCMAudit | user=jenkins1000 | ip=192.168.36.79 | op=SEND_HEARTBEAT {datanodeUUID=c4f6294c-eda3-4afd-81f7-e69ed14da69f, command=[]} | ret=SUCCESS |  
2019-09-20 04:49:33,381 | INFO  | SCMAudit | user=jenkins1000 | ip=192.168.36.79 | op=SEND_HEARTBEAT {datanodeUUID=eaf3ecbe-c3b1-4969-ad3a-e4de7fb04f81, command=[]} | ret=SUCCESS |  
2019-09-20 04:49:33,381 | INFO  | SCMAudit | user=jenkins1000 | ip=192.168.36.79 | op=SEND_HEARTBEAT {datanodeUUID=dba845b8-ea76-4e09-ab03-0883d354e493, command=[]} | ret=SUCCESS |  
2019-09-20 04:49:33,382 | INFO  | SCMAudit | user=jenkins1000 | ip=192.168.36.79 | op=SEND_HEARTBEAT {datanodeUUID=8d97392c-5f4b-400a-94a1-fb61a3ebbc99, command=[]} | ret=SUCCESS |  
2019-09-20 04:49:33,382 | INFO  | SCMAudit | user=jenkins1000 | ip=192.168.36.79 | op=SEND_HEARTBEAT {datanodeUUID=0ad3f89e-804f-4845-89c5-5ff1a35a5dda, command=[]} | ret=SUCCESS |  
2019-09-20 04:49:33,383 | INFO  | SCMAudit | user=jenkins1000 | ip=192.168.36.79 | op=SEND_HEARTBEAT {datanodeUUID=2d6465ef-cffa-473a-a4c6-a9aa3f1a26c0, command=[]} | ret=SUCCESS |  
2019-09-20 04:49:34,109 [Thread-1361] INFO  impl.FollowerState (FollowerState.java:run(106)) - 68a93ad8-b6a8-44e1-8a9f-45fcc58d229a:group-F325FBB9CFF9 changes to CANDIDATE, lastRpcTime:5048, electionTimeout:5048ms
2019-09-20 04:49:34,110 [Thread-1361] INFO  impl.RoleInfo (RoleInfo.java:shutdownFollowerState(121)) - 68a93ad8-b6a8-44e1-8a9f-45fcc58d229a: shutdown FollowerState
2019-09-20 04:49:34,110 [Thread-1361] INFO  impl.RaftServerImpl (RaftServerImpl.java:setRole(171)) - 68a93ad8-b6a8-44e1-8a9f-45fcc58d229a:group-F325FBB9CFF9 changes role from FOLLOWER to CANDIDATE at term 1 for changeToCandidate
2019-09-20 04:49:34,110 [Thread-1361] INFO  impl.RoleInfo (RoleInfo.java:updateAndGet(143)) - 68a93ad8-b6a8-44e1-8a9f-45fcc58d229a: start LeaderElection
2019-09-20 04:49:34,147 [Thread-1364] INFO  impl.FollowerState (FollowerState.java:run(106)) - a9bc59c4-b792-48d5-9db2-4e71770477b1:group-F325FBB9CFF9 changes to CANDIDATE, lastRpcTime:5085, electionTimeout:5085ms
2019-09-20 04:49:34,147 [Thread-1364] INFO  impl.RoleInfo (RoleInfo.java:shutdownFollowerState(121)) - a9bc59c4-b792-48d5-9db2-4e71770477b1: shutdown FollowerState
2019-09-20 04:49:34,147 [Thread-1364] INFO  impl.RaftServerImpl (RaftServerImpl.java:setRole(171)) - a9bc59c4-b792-48d5-9db2-4e71770477b1:group-F325FBB9CFF9 changes role from FOLLOWER to CANDIDATE at term 1 for changeToCandidate
2019-09-20 04:49:34,147 [Thread-1364] INFO  impl.RoleInfo (RoleInfo.java:updateAndGet(143)) - a9bc59c4-b792-48d5-9db2-4e71770477b1: start LeaderElection
2019-09-20 04:49:34,150 [68a93ad8-b6a8-44e1-8a9f-45fcc58d229a:group-F325FBB9CFF9:LeaderElection120] INFO  impl.LeaderElection (LeaderElection.java:askForVotes(181)) - 68a93ad8-b6a8-44e1-8a9f-45fcc58d229a:group-F325FBB9CFF9:LeaderElection120: begin an election at term 2 for -1: [0ad3f89e-804f-4845-89c5-5ff1a35a5dda:192.168.36.79:34659, 68a93ad8-b6a8-44e1-8a9f-45fcc58d229a:192.168.36.79:39410, a9bc59c4-b792-48d5-9db2-4e71770477b1:192.168.36.79:46574], old=null
2019-09-20 04:49:34,155 [grpc-default-executor-0] INFO  impl.RaftServerImpl (RaftServerImpl.java:setRole(171)) - 0ad3f89e-804f-4845-89c5-5ff1a35a5dda:group-F325FBB9CFF9 changes role from FOLLOWER to FOLLOWER at term 2 for recognizeCandidate:68a93ad8-b6a8-44e1-8a9f-45fcc58d229a
2019-09-20 04:49:34,155 [grpc-default-executor-0] INFO  impl.RoleInfo (RoleInfo.java:shutdownFollowerState(121)) - 0ad3f89e-804f-4845-89c5-5ff1a35a5dda: shutdown FollowerState
2019-09-20 04:49:34,156 [grpc-default-executor-0] INFO  impl.RoleInfo (RoleInfo.java:updateAndGet(143)) - 0ad3f89e-804f-4845-89c5-5ff1a35a5dda: start FollowerState
2019-09-20 04:49:34,156 [Thread-1359] INFO  impl.FollowerState (FollowerState.java:run(114)) - 0ad3f89e-804f-4845-89c5-5ff1a35a5dda: FollowerState was interrupted: java.lang.InterruptedException: sleep interrupted
2019-09-20 04:49:34,164 [a9bc59c4-b792-48d5-9db2-4e71770477b1:group-F325FBB9CFF9:LeaderElection121] INFO  impl.LeaderElection (LeaderElection.java:askForVotes(181)) - a9bc59c4-b792-48d5-9db2-4e71770477b1:group-F325FBB9CFF9:LeaderElection121: begin an election at term 2 for -1: [0ad3f89e-804f-4845-89c5-5ff1a35a5dda:192.168.36.79:34659, 68a93ad8-b6a8-44e1-8a9f-45fcc58d229a:192.168.36.79:39410, a9bc59c4-b792-48d5-9db2-4e71770477b1:192.168.36.79:46574], old=null
2019-09-20 04:49:34,185 [68a93ad8-b6a8-44e1-8a9f-45fcc58d229a:group-F325FBB9CFF9:LeaderElection120] INFO  impl.LeaderElection (LeaderElection.java:logAndReturn(56)) - 68a93ad8-b6a8-44e1-8a9f-45fcc58d229a:group-F325FBB9CFF9:LeaderElection120: Election PASSED; received 2 response(s) [68a93ad8-b6a8-44e1-8a9f-45fcc58d229a<-0ad3f89e-804f-4845-89c5-5ff1a35a5dda#0:OK-t2, 68a93ad8-b6a8-44e1-8a9f-45fcc58d229a<-a9bc59c4-b792-48d5-9db2-4e71770477b1#0:FAIL-t2] and 0 exception(s); 68a93ad8-b6a8-44e1-8a9f-45fcc58d229a:t2, leader=null, voted=68a93ad8-b6a8-44e1-8a9f-45fcc58d229a, raftlog=68a93ad8-b6a8-44e1-8a9f-45fcc58d229a-SegmentedRaftLog:OPENED:c-1,f-1,i0, conf=-1: [0ad3f89e-804f-4845-89c5-5ff1a35a5dda:192.168.36.79:34659, 68a93ad8-b6a8-44e1-8a9f-45fcc58d229a:192.168.36.79:39410, a9bc59c4-b792-48d5-9db2-4e71770477b1:192.168.36.79:46574], old=null
2019-09-20 04:49:34,185 [68a93ad8-b6a8-44e1-8a9f-45fcc58d229a:group-F325FBB9CFF9:LeaderElection120] INFO  impl.RoleInfo (RoleInfo.java:shutdownLeaderElection(134)) - 68a93ad8-b6a8-44e1-8a9f-45fcc58d229a: shutdown LeaderElection
2019-09-20 04:49:34,185 [68a93ad8-b6a8-44e1-8a9f-45fcc58d229a:group-F325FBB9CFF9:LeaderElection120] INFO  impl.RaftServerImpl (RaftServerImpl.java:setRole(171)) - 68a93ad8-b6a8-44e1-8a9f-45fcc58d229a:group-F325FBB9CFF9 changes role from CANDIDATE to LEADER at term 2 for changeToLeader
2019-09-20 04:49:34,185 [a9bc59c4-b792-48d5-9db2-4e71770477b1:group-F325FBB9CFF9:LeaderElection121] INFO  impl.LeaderElection (LeaderElection.java:logAndReturn(56)) - a9bc59c4-b792-48d5-9db2-4e71770477b1:group-F325FBB9CFF9:LeaderElection121: Election REJECTED; received 2 response(s) [a9bc59c4-b792-48d5-9db2-4e71770477b1<-68a93ad8-b6a8-44e1-8a9f-45fcc58d229a#0:FAIL-t2, a9bc59c4-b792-48d5-9db2-4e71770477b1<-0ad3f89e-804f-4845-89c5-5ff1a35a5dda#0:FAIL-t2] and 0 exception(s); a9bc59c4-b792-48d5-9db2-4e71770477b1:t2, leader=null, voted=a9bc59c4-b792-48d5-9db2-4e71770477b1, raftlog=a9bc59c4-b792-48d5-9db2-4e71770477b1-SegmentedRaftLog:OPENED:c-1,f-1,i0, conf=-1: [0ad3f89e-804f-4845-89c5-5ff1a35a5dda:192.168.36.79:34659, 68a93ad8-b6a8-44e1-8a9f-45fcc58d229a:192.168.36.79:39410, a9bc59c4-b792-48d5-9db2-4e71770477b1:192.168.36.79:46574], old=null
2019-09-20 04:49:34,185 [68a93ad8-b6a8-44e1-8a9f-45fcc58d229a:group-F325FBB9CFF9:LeaderElection120] INFO  impl.RaftServerImpl (ServerState.java:setLeader(263)) - 68a93ad8-b6a8-44e1-8a9f-45fcc58d229a:group-F325FBB9CFF9 change Leader from null to 68a93ad8-b6a8-44e1-8a9f-45fcc58d229a at term 2 for becomeLeader, leader elected after 10832ms
2019-09-20 04:49:34,186 [a9bc59c4-b792-48d5-9db2-4e71770477b1:group-F325FBB9CFF9:LeaderElection121] INFO  impl.RaftServerImpl (RaftServerImpl.java:setRole(171)) - a9bc59c4-b792-48d5-9db2-4e71770477b1:group-F325FBB9CFF9 changes role from CANDIDATE to FOLLOWER at term 2 for DISCOVERED_A_NEW_TERM
2019-09-20 04:49:34,186 [68a93ad8-b6a8-44e1-8a9f-45fcc58d229a:group-F325FBB9CFF9:LeaderElection120] INFO  server.RaftServerConfigKeys (ConfUtils.java:logGet(43)) - raft.server.staging.catchup.gap = 1000 (default)
2019-09-20 04:49:34,186 [a9bc59c4-b792-48d5-9db2-4e71770477b1:group-F325FBB9CFF9:LeaderElection121] INFO  impl.RoleInfo (RoleInfo.java:shutdownLeaderElection(134)) - a9bc59c4-b792-48d5-9db2-4e71770477b1: shutdown LeaderElection
2019-09-20 04:49:34,186 [68a93ad8-b6a8-44e1-8a9f-45fcc58d229a:group-F325FBB9CFF9:LeaderElection120] INFO  server.RaftServerConfigKeys (ConfUtils.java:logGet(43)) - raft.server.rpc.sleep.time = 25ms (default)
2019-09-20 04:49:34,186 [a9bc59c4-b792-48d5-9db2-4e71770477b1:group-F325FBB9CFF9:LeaderElection121] INFO  impl.RoleInfo (RoleInfo.java:updateAndGet(143)) - a9bc59c4-b792-48d5-9db2-4e71770477b1: start FollowerState
2019-09-20 04:49:34,186 [68a93ad8-b6a8-44e1-8a9f-45fcc58d229a:group-F325FBB9CFF9:LeaderElection120] INFO  server.RaftServerConfigKeys (ConfUtils.java:logGet(43)) - raft.server.write.element-limit = 4096 (default)
2019-09-20 04:49:34,187 [68a93ad8-b6a8-44e1-8a9f-45fcc58d229a:group-F325FBB9CFF9:LeaderElection120] INFO  server.RaftServerConfigKeys (ConfUtils.java:logGet(43)) - raft.server.watch.timeout = 10s (default)
2019-09-20 04:49:34,187 [68a93ad8-b6a8-44e1-8a9f-45fcc58d229a:group-F325FBB9CFF9:LeaderElection120] INFO  server.RaftServerConfigKeys (ConfUtils.java:logGet(43)) - raft.server.watch.timeout.denomination = 1s (default)
2019-09-20 04:49:34,187 [68a93ad8-b6a8-44e1-8a9f-45fcc58d229a:group-F325FBB9CFF9:LeaderElection120] INFO  server.RaftServerConfigKeys (ConfUtils.java:logGet(43)) - raft.server.watch.element-limit = 65536 (default)
2019-09-20 04:49:34,187 [68a93ad8-b6a8-44e1-8a9f-45fcc58d229a:group-F325FBB9CFF9:LeaderElection120] INFO  server.RaftServerConfigKeys (ConfUtils.java:logGet(43)) - raft.server.log.appender.snapshot.chunk.size.max = 16MB (=16777216) (default)
2019-09-20 04:49:34,187 [68a93ad8-b6a8-44e1-8a9f-45fcc58d229a:group-F325FBB9CFF9:LeaderElection120] INFO  server.RaftServerConfigKeys (ConfUtils.java:logGet(43)) - raft.server.log.appender.buffer.byte-limit = 33554432 (custom)
2019-09-20 04:49:34,187 [68a93ad8-b6a8-44e1-8a9f-45fcc58d229a:group-F325FBB9CFF9:LeaderElection120] INFO  server.RaftServerConfigKeys (ConfUtils.java:logGet(43)) - raft.server.log.appender.buffer.element-limit = 1 (custom)
2019-09-20 04:49:34,188 [68a93ad8-b6a8-44e1-8a9f-45fcc58d229a:group-F325FBB9CFF9:LeaderElection120] INFO  grpc.GrpcConfigKeys$Server (ConfUtils.java:logGet(43)) - raft.grpc.server.leader.outstanding.appends.max = 128 (default)
2019-09-20 04:49:34,188 [68a93ad8-b6a8-44e1-8a9f-45fcc58d229a:group-F325FBB9CFF9:LeaderElection120] INFO  server.RaftServerConfigKeys (ConfUtils.java:logGet(43)) - raft.server.rpc.request.timeout = 3000ms (default)
2019-09-20 04:49:34,188 [68a93ad8-b6a8-44e1-8a9f-45fcc58d229a:group-F325FBB9CFF9:LeaderElection120] INFO  server.RaftServerConfigKeys (ConfUtils.java:logGet(43)) - raft.server.log.appender.install.snapshot.enabled = false (custom)
2019-09-20 04:49:34,188 [68a93ad8-b6a8-44e1-8a9f-45fcc58d229a:group-F325FBB9CFF9:LeaderElection120] INFO  server.RaftServerConfigKeys (ConfUtils.java:logGet(43)) - raft.server.log.appender.snapshot.chunk.size.max = 16MB (=16777216) (default)
2019-09-20 04:49:34,188 [68a93ad8-b6a8-44e1-8a9f-45fcc58d229a:group-F325FBB9CFF9:LeaderElection120] INFO  server.RaftServerConfigKeys (ConfUtils.java:logGet(43)) - raft.server.log.appender.buffer.byte-limit = 33554432 (custom)
2019-09-20 04:49:34,188 [68a93ad8-b6a8-44e1-8a9f-45fcc58d229a:group-F325FBB9CFF9:LeaderElection120] INFO  server.RaftServerConfigKeys (ConfUtils.java:logGet(43)) - raft.server.log.appender.buffer.element-limit = 1 (custom)
2019-09-20 04:49:34,189 [68a93ad8-b6a8-44e1-8a9f-45fcc58d229a:group-F325FBB9CFF9:LeaderElection120] INFO  grpc.GrpcConfigKeys$Server (ConfUtils.java:logGet(43)) - raft.grpc.server.leader.outstanding.appends.max = 128 (default)
2019-09-20 04:49:34,189 [68a93ad8-b6a8-44e1-8a9f-45fcc58d229a:group-F325FBB9CFF9:LeaderElection120] INFO  server.RaftServerConfigKeys (ConfUtils.java:logGet(43)) - raft.server.rpc.request.timeout = 3000ms (default)
2019-09-20 04:49:34,189 [68a93ad8-b6a8-44e1-8a9f-45fcc58d229a:group-F325FBB9CFF9:LeaderElection120] INFO  server.RaftServerConfigKeys (ConfUtils.java:logGet(43)) - raft.server.log.appender.install.snapshot.enabled = false (custom)
2019-09-20 04:49:34,189 [68a93ad8-b6a8-44e1-8a9f-45fcc58d229a:group-F325FBB9CFF9:LeaderElection120] INFO  impl.RoleInfo (RoleInfo.java:updateAndGet(143)) - 68a93ad8-b6a8-44e1-8a9f-45fcc58d229a: start LeaderState
2019-09-20 04:49:34,189 [68a93ad8-b6a8-44e1-8a9f-45fcc58d229a:group-F325FBB9CFF9:LeaderElection120] INFO  segmented.SegmentedRaftLogWorker (SegmentedRaftLogWorker.java:startLogSegment(380)) - 68a93ad8-b6a8-44e1-8a9f-45fcc58d229a-SegmentedRaftLogWorker:Storage Directory /workdir/hadoop-ozone/integration-test/target/test-dir/MiniOzoneClusterImpl-bb3956c2-c4d1-403a-b406-f8ec73b3905b/datanode-5/data/ratis/f81add2d-c120-4727-80f6-f325fbb9cff9: Starting segment from index:0
2019-09-20 04:49:34,579 | INFO  | SCMAudit | user=jenkins1000 | ip=192.168.36.79 | op=SEND_HEARTBEAT {datanodeUUID=8538cd65-7926-426b-8bad-fbd0f0550f9a, command=[]} | ret=SUCCESS |  
2019-09-20 04:49:34,579 | INFO  | SCMAudit | user=jenkins1000 | ip=192.168.36.79 | op=SEND_HEARTBEAT {datanodeUUID=ba95d636-ac34-4b74-a102-dec8d0f377c6, command=[]} | ret=SUCCESS |  
2019-09-20 04:49:34,579 | INFO  | SCMAudit | user=jenkins1000 | ip=192.168.36.79 | op=SEND_HEARTBEAT {datanodeUUID=236eed40-dd97-4fdc-a0ae-ab99685a426b, command=[]} | ret=SUCCESS |  
2019-09-20 04:49:34,579 | INFO  | SCMAudit | user=jenkins1000 | ip=192.168.36.79 | op=SEND_HEARTBEAT {datanodeUUID=ea71b9af-1075-4196-9693-aa14e10f536d, command=[]} | ret=SUCCESS |  
2019-09-20 04:49:34,580 | INFO  | SCMAudit | user=jenkins1000 | ip=192.168.36.79 | op=SEND_HEARTBEAT {datanodeUUID=1d91ad97-6666-4ee7-855a-8b5e944e7401, command=[]} | ret=SUCCESS |  
2019-09-20 04:49:34,579 | INFO  | SCMAudit | user=jenkins1000 | ip=192.168.36.79 | op=SEND_HEARTBEAT {datanodeUUID=8d97392c-5f4b-400a-94a1-fb61a3ebbc99, command=[]} | ret=SUCCESS |  
2019-09-20 04:49:34,579 | INFO  | SCMAudit | user=jenkins1000 | ip=192.168.36.79 | op=SEND_HEARTBEAT {datanodeUUID=bd1a845e-f2ed-4713-9516-9ccc20139040, command=[]} | ret=SUCCESS |  
2019-09-20 04:49:34,567 [Thread-1363] WARN  util.JavaUtils (JavaUtils.java:sleep(250)) - Unexpected long sleep: sleep(5190ms) actually took 5505ms which is over the threshold 300ms
2019-09-20 04:49:34,579 | INFO  | SCMAudit | user=jenkins1000 | ip=192.168.36.79 | op=SEND_HEARTBEAT {datanodeUUID=42fc6e92-fcdd-4827-b621-9fc58a3d2315, command=[]} | ret=SUCCESS |  
2019-09-20 04:49:34,579 | INFO  | SCMAudit | user=jenkins1000 | ip=192.168.36.79 | op=SEND_HEARTBEAT {datanodeUUID=f4e549ee-a6fa-4eb9-8541-129d0566fdf5, command=[]} | ret=SUCCESS |  
2019-09-20 04:49:34,579 | INFO  | SCMAudit | user=jenkins1000 | ip=192.168.36.79 | op=SEND_HEARTBEAT {datanodeUUID=eb30d72f-c0a8-4ecb-bfee-9120a9a6cddf, command=[]} | ret=SUCCESS |  
2019-09-20 04:49:34,580 [68a93ad8-b6a8-44e1-8a9f-45fcc58d229a:group-F325FBB9CFF9:LeaderElection120] INFO  impl.RaftServerImpl (ServerState.java:setRaftConf(361)) - 68a93ad8-b6a8-44e1-8a9f-45fcc58d229a:group-F325FBB9CFF9 set configuration 0: [0ad3f89e-804f-4845-89c5-5ff1a35a5dda:192.168.36.79:34659, 68a93ad8-b6a8-44e1-8a9f-45fcc58d229a:192.168.36.79:39410, a9bc59c4-b792-48d5-9db2-4e71770477b1:192.168.36.79:46574], old=null at 0
2019-09-20 04:49:34,579 | INFO  | SCMAudit | user=jenkins1000 | ip=192.168.36.79 | op=SEND_HEARTBEAT {datanodeUUID=2d6465ef-cffa-473a-a4c6-a9aa3f1a26c0, command=[]} | ret=SUCCESS |  
2019-09-20 04:49:34,579 | INFO  | SCMAudit | user=jenkins1000 | ip=192.168.36.79 | op=SEND_HEARTBEAT {datanodeUUID=fdbc37f2-9e58-4bac-a5d5-a78839d012e9, command=[]} | ret=SUCCESS |  
2019-09-20 04:49:34,579 | INFO  | SCMAudit | user=jenkins1000 | ip=192.168.36.79 | op=SEND_HEARTBEAT {datanodeUUID=a9bc59c4-b792-48d5-9db2-4e71770477b1, command=[]} | ret=SUCCESS |  
2019-09-20 04:49:34,579 | INFO  | SCMAudit | user=jenkins1000 | ip=192.168.36.79 | op=SEND_HEARTBEAT {datanodeUUID=3c2a6bfe-f5c5-4e23-89b0-850dab17697d, command=[]} | ret=SUCCESS |  
2019-09-20 04:49:34,567 [Thread-1360] WARN  util.JavaUtils (JavaUtils.java:sleep(250)) - Unexpected long sleep: sleep(5184ms) actually took 5506ms which is over the threshold 300ms
2019-09-20 04:49:34,579 | INFO  | SCMAudit | user=jenkins1000 | ip=192.168.36.79 | op=SEND_HEARTBEAT {datanodeUUID=0ad3f89e-804f-4845-89c5-5ff1a35a5dda, command=[]} | ret=SUCCESS |  
2019-09-20 04:49:34,579 | INFO  | SCMAudit | user=jenkins1000 | ip=192.168.36.79 | op=SEND_HEARTBEAT {datanodeUUID=5ea19b84-5385-4ae9-8412-c4cfa929b172, command=[]} | ret=SUCCESS |  
2019-09-20 04:49:34,580 | INFO  | SCMAudit | user=jenkins1000 | ip=192.168.36.79 | op=SEND_HEARTBEAT {datanodeUUID=eaf3ecbe-c3b1-4969-ad3a-e4de7fb04f81, command=[]} | ret=SUCCESS |  
2019-09-20 04:49:34,579 | INFO  | SCMAudit | user=jenkins1000 | ip=192.168.36.79 | op=SEND_HEARTBEAT {datanodeUUID=dba845b8-ea76-4e09-ab03-0883d354e493, command=[]} | ret=SUCCESS |  
2019-09-20 04:49:34,579 | INFO  | SCMAudit | user=jenkins1000 | ip=192.168.36.79 | op=SEND_HEARTBEAT {datanodeUUID=68a93ad8-b6a8-44e1-8a9f-45fcc58d229a, command=[]} | ret=SUCCESS |  
2019-09-20 04:49:34,579 | INFO  | SCMAudit | user=jenkins1000 | ip=192.168.36.79 | op=SEND_HEARTBEAT {datanodeUUID=c4f6294c-eda3-4afd-81f7-e69ed14da69f, command=[]} | ret=SUCCESS |  
2019-09-20 04:49:34,580 | INFO  | SCMAudit | user=jenkins1000 | ip=192.168.36.79 | op=SEND_HEARTBEAT {datanodeUUID=2702b462-69d8-4c1b-aae1-091a21fe08b8, command=[]} | ret=SUCCESS |  
2019-09-20 04:49:34,573 [Thread-1362] WARN  util.JavaUtils (JavaUtils.java:sleep(250)) - Unexpected long sleep: sleep(5138ms) actually took 5511ms which is over the threshold 300ms
2019-09-20 04:49:34,583 [grpc-default-executor-0] INFO  impl.RaftServerImpl (ServerState.java:setLeader(263)) - 0ad3f89e-804f-4845-89c5-5ff1a35a5dda:group-F325FBB9CFF9 change Leader from null to 68a93ad8-b6a8-44e1-8a9f-45fcc58d229a at term 2 for appendEntries, leader elected after 11229ms
2019-09-20 04:49:34,583 [grpc-default-executor-5] INFO  impl.RaftServerImpl (ServerState.java:setLeader(263)) - a9bc59c4-b792-48d5-9db2-4e71770477b1:group-F325FBB9CFF9 change Leader from null to 68a93ad8-b6a8-44e1-8a9f-45fcc58d229a at term 2 for appendEntries, leader elected after 11229ms
2019-09-20 04:49:34,585 [grpc-default-executor-0] INFO  impl.RaftServerImpl (ServerState.java:setRaftConf(361)) - 0ad3f89e-804f-4845-89c5-5ff1a35a5dda:group-F325FBB9CFF9 set configuration 0: [0ad3f89e-804f-4845-89c5-5ff1a35a5dda:192.168.36.79:34659, 68a93ad8-b6a8-44e1-8a9f-45fcc58d229a:192.168.36.79:39410, a9bc59c4-b792-48d5-9db2-4e71770477b1:192.168.36.79:46574], old=null at 0
2019-09-20 04:49:34,585 [grpc-default-executor-1] INFO  impl.RaftServerImpl (ServerState.java:setRaftConf(361)) - a9bc59c4-b792-48d5-9db2-4e71770477b1:group-F325FBB9CFF9 set configuration 0: [0ad3f89e-804f-4845-89c5-5ff1a35a5dda:192.168.36.79:34659, 68a93ad8-b6a8-44e1-8a9f-45fcc58d229a:192.168.36.79:39410, a9bc59c4-b792-48d5-9db2-4e71770477b1:192.168.36.79:46574], old=null at 0
2019-09-20 04:49:34,592 [grpc-default-executor-0] INFO  segmented.SegmentedRaftLogWorker (SegmentedRaftLogWorker.java:startLogSegment(380)) - 0ad3f89e-804f-4845-89c5-5ff1a35a5dda-SegmentedRaftLogWorker:Storage Directory /workdir/hadoop-ozone/integration-test/target/test-dir/MiniOzoneClusterImpl-bb3956c2-c4d1-403a-b406-f8ec73b3905b/datanode-4/data/ratis/f81add2d-c120-4727-80f6-f325fbb9cff9: Starting segment from index:0
2019-09-20 04:49:34,592 [grpc-default-executor-1] INFO  segmented.SegmentedRaftLogWorker (SegmentedRaftLogWorker.java:startLogSegment(380)) - a9bc59c4-b792-48d5-9db2-4e71770477b1-SegmentedRaftLogWorker:Storage Directory /workdir/hadoop-ozone/integration-test/target/test-dir/MiniOzoneClusterImpl-bb3956c2-c4d1-403a-b406-f8ec73b3905b/datanode-6/data/ratis/f81add2d-c120-4727-80f6-f325fbb9cff9: Starting segment from index:0
2019-09-20 04:49:35,172 [grpc-default-executor-1] INFO  client.GrpcClientProtocolClient (GrpcClientProtocolClient.java:onNext(255)) - client-4B9F346F76BE->68a93ad8-b6a8-44e1-8a9f-45fcc58d229a: receive RaftClientReply:client-4B9F346F76BE->68a93ad8-b6a8-44e1-8a9f-45fcc58d229a@group-F325FBB9CFF9, cid=123, FAILED org.apache.ratis.protocol.LeaderNotReadyException: 68a93ad8-b6a8-44e1-8a9f-45fcc58d229a is in LEADER state but not ready yet., logIndex=0, commits[68a93ad8-b6a8-44e1-8a9f-45fcc58d229a:c-1, 0ad3f89e-804f-4845-89c5-5ff1a35a5dda:c-1, a9bc59c4-b792-48d5-9db2-4e71770477b1:c-1]
2019-09-20 04:49:35,561 | INFO  | SCMAudit | user=jenkins1000 | ip=192.168.36.79 | op=SEND_HEARTBEAT {datanodeUUID=0ad3f89e-804f-4845-89c5-5ff1a35a5dda, command=[]} | ret=SUCCESS |  
2019-09-20 04:49:35,562 | INFO  | SCMAudit | user=jenkins1000 | ip=192.168.36.79 | op=SEND_HEARTBEAT {datanodeUUID=2d6465ef-cffa-473a-a4c6-a9aa3f1a26c0, command=[]} | ret=SUCCESS |  
2019-09-20 04:49:35,562 | INFO  | SCMAudit | user=jenkins1000 | ip=192.168.36.79 | op=SEND_HEARTBEAT {datanodeUUID=8d97392c-5f4b-400a-94a1-fb61a3ebbc99, command=[]} | ret=SUCCESS |  
2019-09-20 04:49:35,562 | INFO  | SCMAudit | user=jenkins1000 | ip=192.168.36.79 | op=SEND_HEARTBEAT {datanodeUUID=eb30d72f-c0a8-4ecb-bfee-9120a9a6cddf, command=[]} | ret=SUCCESS |  
2019-09-20 04:49:35,562 | INFO  | SCMAudit | user=jenkins1000 | ip=192.168.36.79 | op=SEND_HEARTBEAT {datanodeUUID=c4f6294c-eda3-4afd-81f7-e69ed14da69f, command=[]} | ret=SUCCESS |  
2019-09-20 04:49:35,562 | INFO  | SCMAudit | user=jenkins1000 | ip=192.168.36.79 | op=SEND_HEARTBEAT {datanodeUUID=dba845b8-ea76-4e09-ab03-0883d354e493, command=[]} | ret=SUCCESS |  
2019-09-20 04:49:35,562 | INFO  | SCMAudit | user=jenkins1000 | ip=192.168.36.79 | op=SEND_HEARTBEAT {datanodeUUID=eaf3ecbe-c3b1-4969-ad3a-e4de7fb04f81, command=[]} | ret=SUCCESS |  
2019-09-20 04:49:35,563 | INFO  | SCMAudit | user=jenkins1000 | ip=192.168.36.79 | op=SEND_HEARTBEAT {datanodeUUID=42fc6e92-fcdd-4827-b621-9fc58a3d2315, command=[]} | ret=SUCCESS |  
2019-09-20 04:49:35,563 | INFO  | SCMAudit | user=jenkins1000 | ip=192.168.36.79 | op=SEND_HEARTBEAT {datanodeUUID=ea71b9af-1075-4196-9693-aa14e10f536d, command=[]} | ret=SUCCESS |  
2019-09-20 04:49:35,563 | INFO  | SCMAudit | user=jenkins1000 | ip=192.168.36.79 | op=SEND_HEARTBEAT {datanodeUUID=68a93ad8-b6a8-44e1-8a9f-45fcc58d229a, command=[]} | ret=SUCCESS |  
2019-09-20 04:49:35,563 | INFO  | SCMAudit | user=jenkins1000 | ip=192.168.36.79 | op=SEND_HEARTBEAT {datanodeUUID=5ea19b84-5385-4ae9-8412-c4cfa929b172, command=[]} | ret=SUCCESS |  
2019-09-20 04:49:35,564 | INFO  | SCMAudit | user=jenkins1000 | ip=192.168.36.79 | op=SEND_HEARTBEAT {datanodeUUID=236eed40-dd97-4fdc-a0ae-ab99685a426b, command=[]} | ret=SUCCESS |  
2019-09-20 04:49:35,564 | INFO  | SCMAudit | user=jenkins1000 | ip=192.168.36.79 | op=SEND_HEARTBEAT {datanodeUUID=3c2a6bfe-f5c5-4e23-89b0-850dab17697d, command=[]} | ret=SUCCESS |  
2019-09-20 04:49:35,564 | INFO  | SCMAudit | user=jenkins1000 | ip=192.168.36.79 | op=SEND_HEARTBEAT {datanodeUUID=2702b462-69d8-4c1b-aae1-091a21fe08b8, command=[]} | ret=SUCCESS |  
2019-09-20 04:49:35,564 | INFO  | SCMAudit | user=jenkins1000 | ip=192.168.36.79 | op=SEND_HEARTBEAT {datanodeUUID=ba95d636-ac34-4b74-a102-dec8d0f377c6, command=[]} | ret=SUCCESS |  
2019-09-20 04:49:35,565 | INFO  | SCMAudit | user=jenkins1000 | ip=192.168.36.79 | op=SEND_HEARTBEAT {datanodeUUID=1d91ad97-6666-4ee7-855a-8b5e944e7401, command=[]} | ret=SUCCESS |  
2019-09-20 04:49:35,566 | INFO  | SCMAudit | user=jenkins1000 | ip=192.168.36.79 | op=SEND_HEARTBEAT {datanodeUUID=8538cd65-7926-426b-8bad-fbd0f0550f9a, command=[]} | ret=SUCCESS |  
2019-09-20 04:49:35,566 | INFO  | SCMAudit | user=jenkins1000 | ip=192.168.36.79 | op=SEND_HEARTBEAT {datanodeUUID=a9bc59c4-b792-48d5-9db2-4e71770477b1, command=[]} | ret=SUCCESS |  
2019-09-20 04:49:35,566 | INFO  | SCMAudit | user=jenkins1000 | ip=192.168.36.79 | op=SEND_HEARTBEAT {datanodeUUID=f4e549ee-a6fa-4eb9-8541-129d0566fdf5, command=[]} | ret=SUCCESS |  
2019-09-20 04:49:35,566 | INFO  | SCMAudit | user=jenkins1000 | ip=192.168.36.79 | op=SEND_HEARTBEAT {datanodeUUID=fdbc37f2-9e58-4bac-a5d5-a78839d012e9, command=[]} | ret=SUCCESS |  
2019-09-20 04:49:35,566 | INFO  | SCMAudit | user=jenkins1000 | ip=192.168.36.79 | op=SEND_HEARTBEAT {datanodeUUID=bd1a845e-f2ed-4713-9516-9ccc20139040, command=[]} | ret=SUCCESS |  
2019-09-20 04:49:35,618 [68a93ad8-b6a8-44e1-8a9f-45fcc58d229a-SegmentedRaftLogWorker:Storage Directory /workdir/hadoop-ozone/integration-test/target/test-dir/MiniOzoneClusterImpl-bb3956c2-c4d1-403a-b406-f8ec73b3905b/datanode-5/data/ratis/f81add2d-c120-4727-80f6-f325fbb9cff9] ERROR segmented.SegmentedRaftLogWorker (SegmentedRaftLogWorker.java:run(323)) - 68a93ad8-b6a8-44e1-8a9f-45fcc58d229a-SegmentedRaftLogWorker:Storage Directory /workdir/hadoop-ozone/integration-test/target/test-dir/MiniOzoneClusterImpl-bb3956c2-c4d1-403a-b406-f8ec73b3905b/datanode-5/data/ratis/f81add2d-c120-4727-80f6-f325fbb9cff9 hit exception
java.lang.OutOfMemoryError: Direct buffer memory
	at java.nio.Bits.reserveMemory(Bits.java:666)
	at java.nio.DirectByteBuffer.<init>(DirectByteBuffer.java:123)
	at java.nio.ByteBuffer.allocateDirect(ByteBuffer.java:311)
	at org.apache.ratis.server.raftlog.segmented.BufferedWriteChannel.<init>(BufferedWriteChannel.java:41)
	at org.apache.ratis.server.raftlog.segmented.SegmentedRaftLogOutputStream.<init>(SegmentedRaftLogOutputStream.java:72)
	at org.apache.ratis.server.raftlog.segmented.SegmentedRaftLogWorker$StartLogSegment.execute(SegmentedRaftLogWorker.java:566)
	at org.apache.ratis.server.raftlog.segmented.SegmentedRaftLogWorker.run(SegmentedRaftLogWorker.java:289)
	at java.lang.Thread.run(Thread.java:748)
2019-09-20 04:49:35,618 [68a93ad8-b6a8-44e1-8a9f-45fcc58d229a-SegmentedRaftLogWorker:Storage Directory /workdir/hadoop-ozone/integration-test/target/test-dir/MiniOzoneClusterImpl-bb3956c2-c4d1-403a-b406-f8ec73b3905b/datanode-5/data/ratis/f81add2d-c120-4727-80f6-f325fbb9cff9] INFO  impl.RaftServerImpl (RaftServerImpl.java:lambda$shutdown$3(245)) - 68a93ad8-b6a8-44e1-8a9f-45fcc58d229a: shutdown group-F325FBB9CFF9
2019-09-20 04:49:35,619 [68a93ad8-b6a8-44e1-8a9f-45fcc58d229a-SegmentedRaftLogWorker:Storage Directory /workdir/hadoop-ozone/integration-test/target/test-dir/MiniOzoneClusterImpl-bb3956c2-c4d1-403a-b406-f8ec73b3905b/datanode-5/data/ratis/f81add2d-c120-4727-80f6-f325fbb9cff9] INFO  util.JmxRegister (JmxRegister.java:unregister(73)) - Successfully un-registered JMX Bean with object name Ratis:service=RaftServer,group=group-F325FBB9CFF9,id=68a93ad8-b6a8-44e1-8a9f-45fcc58d229a
2019-09-20 04:49:35,619 [68a93ad8-b6a8-44e1-8a9f-45fcc58d229a-SegmentedRaftLogWorker:Storage Directory /workdir/hadoop-ozone/integration-test/target/test-dir/MiniOzoneClusterImpl-bb3956c2-c4d1-403a-b406-f8ec73b3905b/datanode-5/data/ratis/f81add2d-c120-4727-80f6-f325fbb9cff9] INFO  impl.RoleInfo (RoleInfo.java:shutdownLeaderState(104)) - 68a93ad8-b6a8-44e1-8a9f-45fcc58d229a: shutdown LeaderState
2019-09-20 04:49:35,632 [68a93ad8-b6a8-44e1-8a9f-45fcc58d229a-SegmentedRaftLogWorker:Storage Directory /workdir/hadoop-ozone/integration-test/target/test-dir/MiniOzoneClusterImpl-bb3956c2-c4d1-403a-b406-f8ec73b3905b/datanode-5/data/ratis/f81add2d-c120-4727-80f6-f325fbb9cff9] INFO  impl.PendingRequests (PendingRequests.java:sendNotLeaderResponses(202)) - 68a93ad8-b6a8-44e1-8a9f-45fcc58d229a-PendingRequests: sendNotLeaderResponses
2019-09-20 04:49:35,632 [org.apache.ratis.server.impl.LogAppender$AppenderDaemon$$Lambda$462/1052616947@b8669fa] WARN  server.GrpcLogAppender (GrpcLogAppender.java:mayWait(143)) - GrpcLogAppender(68a93ad8-b6a8-44e1-8a9f-45fcc58d229a->a9bc59c4-b792-48d5-9db2-4e71770477b1): Wait interrupted by java.lang.InterruptedException
2019-09-20 04:49:35,632 [org.apache.ratis.server.impl.LogAppender$AppenderDaemon$$Lambda$462/1052616947@4e84fe4e] WARN  server.GrpcLogAppender (GrpcLogAppender.java:mayWait(143)) - GrpcLogAppender(68a93ad8-b6a8-44e1-8a9f-45fcc58d229a->0ad3f89e-804f-4845-89c5-5ff1a35a5dda): Wait interrupted by java.lang.InterruptedException
2019-09-20 04:49:35,637 [68a93ad8-b6a8-44e1-8a9f-45fcc58d229a-SegmentedRaftLogWorker:Storage Directory /workdir/hadoop-ozone/integration-test/target/test-dir/MiniOzoneClusterImpl-bb3956c2-c4d1-403a-b406-f8ec73b3905b/datanode-5/data/ratis/f81add2d-c120-4727-80f6-f325fbb9cff9] INFO  impl.StateMachineUpdater (StateMachineUpdater.java:stopAndJoin(115)) - StateMachineUpdater:68a93ad8-b6a8-44e1-8a9f-45fcc58d229a:group-F325FBB9CFF9: set stopIndex = -1
2019-09-20 04:49:35,637 [68a93ad8-b6a8-44e1-8a9f-45fcc58d229a-SegmentedRaftLogWorker:Storage Directory /workdir/hadoop-ozone/integration-test/target/test-dir/MiniOzoneClusterImpl-bb3956c2-c4d1-403a-b406-f8ec73b3905b/datanode-5/data/ratis/f81add2d-c120-4727-80f6-f325fbb9cff9] INFO  impl.RaftServerImpl (ServerState.java:close(394)) - 68a93ad8-b6a8-44e1-8a9f-45fcc58d229a:group-F325FBB9CFF9 closes. The last applied log index is -1
2019-09-20 04:49:35,638 [68a93ad8-b6a8-44e1-8a9f-45fcc58d229a-SegmentedRaftLogWorker:Storage Directory /workdir/hadoop-ozone/integration-test/target/test-dir/MiniOzoneClusterImpl-bb3956c2-c4d1-403a-b406-f8ec73b3905b/datanode-5/data/ratis/f81add2d-c120-4727-80f6-f325fbb9cff9] INFO  segmented.SegmentedRaftLogWorker (SegmentedRaftLogWorker.java:close(228)) - 68a93ad8-b6a8-44e1-8a9f-45fcc58d229a-SegmentedRaftLogWorker:Storage Directory /workdir/hadoop-ozone/integration-test/target/test-dir/MiniOzoneClusterImpl-bb3956c2-c4d1-403a-b406-f8ec73b3905b/datanode-5/data/ratis/f81add2d-c120-4727-80f6-f325fbb9cff9 close()
2019-09-20 04:49:35,638 [grpc-default-executor-1] INFO  server.GrpcServerProtocolService (GrpcServerProtocolService.java:onCompleted(104)) - a9bc59c4-b792-48d5-9db2-4e71770477b1: appendEntries completed
2019-09-20 04:49:35,648 [grpc-default-executor-0] INFO  server.GrpcLogAppender (GrpcLogAppender.java:onCompleted(292)) - 68a93ad8-b6a8-44e1-8a9f-45fcc58d229a->a9bc59c4-b792-48d5-9db2-4e71770477b1: follower responses appendEntries COMPLETED
2019-09-20 04:49:35,648 [grpc-default-executor-1] INFO  server.GrpcServerProtocolService (GrpcServerProtocolService.java:onCompleted(104)) - 0ad3f89e-804f-4845-89c5-5ff1a35a5dda: appendEntries completed
2019-09-20 04:49:35,654 [grpc-default-executor-0] INFO  impl.FollowerInfo (FollowerInfo.java:lambda$new$0(50)) - 68a93ad8-b6a8-44e1-8a9f-45fcc58d229a->a9bc59c4-b792-48d5-9db2-4e71770477b1: nextIndex: updateUnconditionally 1 -> 0
2019-09-20 04:49:35,654 [grpc-default-executor-0] INFO  server.GrpcLogAppender (GrpcLogAppender.java:onCompleted(292)) - 68a93ad8-b6a8-44e1-8a9f-45fcc58d229a->0ad3f89e-804f-4845-89c5-5ff1a35a5dda: follower responses appendEntries COMPLETED
2019-09-20 04:49:35,660 [grpc-default-executor-0] INFO  impl.FollowerInfo (FollowerInfo.java:lambda$new$0(50)) - 68a93ad8-b6a8-44e1-8a9f-45fcc58d229a->0ad3f89e-804f-4845-89c5-5ff1a35a5dda: nextIndex: updateUnconditionally 1 -> 0
2019-09-20 04:49:35,689 [0ad3f89e-804f-4845-89c5-5ff1a35a5dda-SegmentedRaftLogWorker:Storage Directory /workdir/hadoop-ozone/integration-test/target/test-dir/MiniOzoneClusterImpl-bb3956c2-c4d1-403a-b406-f8ec73b3905b/datanode-4/data/ratis/f81add2d-c120-4727-80f6-f325fbb9cff9] ERROR segmented.SegmentedRaftLogWorker (SegmentedRaftLogWorker.java:run(323)) - 0ad3f89e-804f-4845-89c5-5ff1a35a5dda-SegmentedRaftLogWorker:Storage Directory /workdir/hadoop-ozone/integration-test/target/test-dir/MiniOzoneClusterImpl-bb3956c2-c4d1-403a-b406-f8ec73b3905b/datanode-4/data/ratis/f81add2d-c120-4727-80f6-f325fbb9cff9 hit exception
java.lang.OutOfMemoryError: Direct buffer memory
	at java.nio.Bits.reserveMemory(Bits.java:666)
	at java.nio.DirectByteBuffer.<init>(DirectByteBuffer.java:123)
	at java.nio.ByteBuffer.allocateDirect(ByteBuffer.java:311)
	at org.apache.ratis.server.raftlog.segmented.BufferedWriteChannel.<init>(BufferedWriteChannel.java:41)
	at org.apache.ratis.server.raftlog.segmented.SegmentedRaftLogOutputStream.<init>(SegmentedRaftLogOutputStream.java:72)
	at org.apache.ratis.server.raftlog.segmented.SegmentedRaftLogWorker$StartLogSegment.execute(SegmentedRaftLogWorker.java:566)
	at org.apache.ratis.server.raftlog.segmented.SegmentedRaftLogWorker.run(SegmentedRaftLogWorker.java:289)
	at java.lang.Thread.run(Thread.java:748)
2019-09-20 04:49:35,689 [0ad3f89e-804f-4845-89c5-5ff1a35a5dda-SegmentedRaftLogWorker:Storage Directory /workdir/hadoop-ozone/integration-test/target/test-dir/MiniOzoneClusterImpl-bb3956c2-c4d1-403a-b406-f8ec73b3905b/datanode-4/data/ratis/f81add2d-c120-4727-80f6-f325fbb9cff9] INFO  impl.RaftServerImpl (RaftServerImpl.java:lambda$shutdown$3(245)) - 0ad3f89e-804f-4845-89c5-5ff1a35a5dda: shutdown group-F325FBB9CFF9
2019-09-20 04:49:35,690 [0ad3f89e-804f-4845-89c5-5ff1a35a5dda-SegmentedRaftLogWorker:Storage Directory /workdir/hadoop-ozone/integration-test/target/test-dir/MiniOzoneClusterImpl-bb3956c2-c4d1-403a-b406-f8ec73b3905b/datanode-4/data/ratis/f81add2d-c120-4727-80f6-f325fbb9cff9] INFO  util.JmxRegister (JmxRegister.java:unregister(73)) - Successfully un-registered JMX Bean with object name Ratis:service=RaftServer,group=group-F325FBB9CFF9,id=0ad3f89e-804f-4845-89c5-5ff1a35a5dda
2019-09-20 04:49:35,690 [0ad3f89e-804f-4845-89c5-5ff1a35a5dda-SegmentedRaftLogWorker:Storage Directory /workdir/hadoop-ozone/integration-test/target/test-dir/MiniOzoneClusterImpl-bb3956c2-c4d1-403a-b406-f8ec73b3905b/datanode-4/data/ratis/f81add2d-c120-4727-80f6-f325fbb9cff9] INFO  impl.RoleInfo (RoleInfo.java:shutdownFollowerState(121)) - 0ad3f89e-804f-4845-89c5-5ff1a35a5dda: shutdown FollowerState
2019-09-20 04:49:35,690 [a9bc59c4-b792-48d5-9db2-4e71770477b1-SegmentedRaftLogWorker:Storage Directory /workdir/hadoop-ozone/integration-test/target/test-dir/MiniOzoneClusterImpl-bb3956c2-c4d1-403a-b406-f8ec73b3905b/datanode-6/data/ratis/f81add2d-c120-4727-80f6-f325fbb9cff9] ERROR segmented.SegmentedRaftLogWorker (SegmentedRaftLogWorker.java:run(323)) - a9bc59c4-b792-48d5-9db2-4e71770477b1-SegmentedRaftLogWorker:Storage Directory /workdir/hadoop-ozone/integration-test/target/test-dir/MiniOzoneClusterImpl-bb3956c2-c4d1-403a-b406-f8ec73b3905b/datanode-6/data/ratis/f81add2d-c120-4727-80f6-f325fbb9cff9 hit exception
java.lang.OutOfMemoryError: Direct buffer memory
	at java.nio.Bits.reserveMemory(Bits.java:666)
	at java.nio.DirectByteBuffer.<init>(DirectByteBuffer.java:123)
	at java.nio.ByteBuffer.allocateDirect(ByteBuffer.java:311)
	at org.apache.ratis.server.raftlog.segmented.BufferedWriteChannel.<init>(BufferedWriteChannel.java:41)
	at org.apache.ratis.server.raftlog.segmented.SegmentedRaftLogOutputStream.<init>(SegmentedRaftLogOutputStream.java:72)
	at org.apache.ratis.server.raftlog.segmented.SegmentedRaftLogWorker$StartLogSegment.execute(SegmentedRaftLogWorker.java:566)
	at org.apache.ratis.server.raftlog.segmented.SegmentedRaftLogWorker.run(SegmentedRaftLogWorker.java:289)
	at java.lang.Thread.run(Thread.java:748)
2019-09-20 04:49:35,690 [Thread-1380] INFO  impl.FollowerState (FollowerState.java:run(114)) - 0ad3f89e-804f-4845-89c5-5ff1a35a5dda: FollowerState was interrupted: java.lang.InterruptedException: sleep interrupted
2019-09-20 04:49:35,690 [0ad3f89e-804f-4845-89c5-5ff1a35a5dda-SegmentedRaftLogWorker:Storage Directory /workdir/hadoop-ozone/integration-test/target/test-dir/MiniOzoneClusterImpl-bb3956c2-c4d1-403a-b406-f8ec73b3905b/datanode-4/data/ratis/f81add2d-c120-4727-80f6-f325fbb9cff9] INFO  impl.StateMachineUpdater (StateMachineUpdater.java:stopAndJoin(115)) - StateMachineUpdater:0ad3f89e-804f-4845-89c5-5ff1a35a5dda:group-F325FBB9CFF9: set stopIndex = -1
2019-09-20 04:49:35,690 [a9bc59c4-b792-48d5-9db2-4e71770477b1-SegmentedRaftLogWorker:Storage Directory /workdir/hadoop-ozone/integration-test/target/test-dir/MiniOzoneClusterImpl-bb3956c2-c4d1-403a-b406-f8ec73b3905b/datanode-6/data/ratis/f81add2d-c120-4727-80f6-f325fbb9cff9] INFO  impl.RaftServerImpl (RaftServerImpl.java:lambda$shutdown$3(245)) - a9bc59c4-b792-48d5-9db2-4e71770477b1: shutdown group-F325FBB9CFF9
2019-09-20 04:49:35,690 [0ad3f89e-804f-4845-89c5-5ff1a35a5dda-SegmentedRaftLogWorker:Storage Directory /workdir/hadoop-ozone/integration-test/target/test-dir/MiniOzoneClusterImpl-bb3956c2-c4d1-403a-b406-f8ec73b3905b/datanode-4/data/ratis/f81add2d-c120-4727-80f6-f325fbb9cff9] INFO  impl.RaftServerImpl (ServerState.java:close(394)) - 0ad3f89e-804f-4845-89c5-5ff1a35a5dda:group-F325FBB9CFF9 closes. The last applied log index is -1
2019-09-20 04:49:35,691 [a9bc59c4-b792-48d5-9db2-4e71770477b1-SegmentedRaftLogWorker:Storage Directory /workdir/hadoop-ozone/integration-test/target/test-dir/MiniOzoneClusterImpl-bb3956c2-c4d1-403a-b406-f8ec73b3905b/datanode-6/data/ratis/f81add2d-c120-4727-80f6-f325fbb9cff9] INFO  util.JmxRegister (JmxRegister.java:unregister(73)) - Successfully un-registered JMX Bean with object name Ratis:service=RaftServer,group=group-F325FBB9CFF9,id=a9bc59c4-b792-48d5-9db2-4e71770477b1
2019-09-20 04:49:35,691 [a9bc59c4-b792-48d5-9db2-4e71770477b1-SegmentedRaftLogWorker:Storage Directory /workdir/hadoop-ozone/integration-test/target/test-dir/MiniOzoneClusterImpl-bb3956c2-c4d1-403a-b406-f8ec73b3905b/datanode-6/data/ratis/f81add2d-c120-4727-80f6-f325fbb9cff9] INFO  impl.RoleInfo (RoleInfo.java:shutdownFollowerState(121)) - a9bc59c4-b792-48d5-9db2-4e71770477b1: shutdown FollowerState
2019-09-20 04:49:35,691 [0ad3f89e-804f-4845-89c5-5ff1a35a5dda-SegmentedRaftLogWorker:Storage Directory /workdir/hadoop-ozone/integration-test/target/test-dir/MiniOzoneClusterImpl-bb3956c2-c4d1-403a-b406-f8ec73b3905b/datanode-4/data/ratis/f81add2d-c120-4727-80f6-f325fbb9cff9] INFO  segmented.SegmentedRaftLogWorker (SegmentedRaftLogWorker.java:close(228)) - 0ad3f89e-804f-4845-89c5-5ff1a35a5dda-SegmentedRaftLogWorker:Storage Directory /workdir/hadoop-ozone/integration-test/target/test-dir/MiniOzoneClusterImpl-bb3956c2-c4d1-403a-b406-f8ec73b3905b/datanode-4/data/ratis/f81add2d-c120-4727-80f6-f325fbb9cff9 close()
2019-09-20 04:49:35,691 [Thread-1383] INFO  impl.FollowerState (FollowerState.java:run(114)) - a9bc59c4-b792-48d5-9db2-4e71770477b1: FollowerState was interrupted: java.lang.InterruptedException: sleep interrupted
2019-09-20 04:49:35,691 [a9bc59c4-b792-48d5-9db2-4e71770477b1-SegmentedRaftLogWorker:Storage Directory /workdir/hadoop-ozone/integration-test/target/test-dir/MiniOzoneClusterImpl-bb3956c2-c4d1-403a-b406-f8ec73b3905b/datanode-6/data/ratis/f81add2d-c120-4727-80f6-f325fbb9cff9] INFO  impl.StateMachineUpdater (StateMachineUpdater.java:stopAndJoin(115)) - StateMachineUpdater:a9bc59c4-b792-48d5-9db2-4e71770477b1:group-F325FBB9CFF9: set stopIndex = -1
2019-09-20 04:49:35,707 [a9bc59c4-b792-48d5-9db2-4e71770477b1-SegmentedRaftLogWorker:Storage Directory /workdir/hadoop-ozone/integration-test/target/test-dir/MiniOzoneClusterImpl-bb3956c2-c4d1-403a-b406-f8ec73b3905b/datanode-6/data/ratis/f81add2d-c120-4727-80f6-f325fbb9cff9] INFO  impl.RaftServerImpl (ServerState.java:close(394)) - a9bc59c4-b792-48d5-9db2-4e71770477b1:group-F325FBB9CFF9 closes. The last applied log index is -1
2019-09-20 04:49:35,707 [a9bc59c4-b792-48d5-9db2-4e71770477b1-SegmentedRaftLogWorker:Storage Directory /workdir/hadoop-ozone/integration-test/target/test-dir/MiniOzoneClusterImpl-bb3956c2-c4d1-403a-b406-f8ec73b3905b/datanode-6/data/ratis/f81add2d-c120-4727-80f6-f325fbb9cff9] INFO  segmented.SegmentedRaftLogWorker (SegmentedRaftLogWorker.java:close(228)) - a9bc59c4-b792-48d5-9db2-4e71770477b1-SegmentedRaftLogWorker:Storage Directory /workdir/hadoop-ozone/integration-test/target/test-dir/MiniOzoneClusterImpl-bb3956c2-c4d1-403a-b406-f8ec73b3905b/datanode-6/data/ratis/f81add2d-c120-4727-80f6-f325fbb9cff9 close()
2019-09-20 04:49:36,563 | INFO  | SCMAudit | user=jenkins1000 | ip=192.168.36.79 | op=SEND_HEARTBEAT {datanodeUUID=0ad3f89e-804f-4845-89c5-5ff1a35a5dda, command=[]} | ret=SUCCESS |  
2019-09-20 04:49:36,563 | INFO  | SCMAudit | user=jenkins1000 | ip=192.168.36.79 | op=SEND_HEARTBEAT {datanodeUUID=eb30d72f-c0a8-4ecb-bfee-9120a9a6cddf, command=[]} | ret=SUCCESS |  
2019-09-20 04:49:36,563 | INFO  | SCMAudit | user=jenkins1000 | ip=192.168.36.79 | op=SEND_HEARTBEAT {datanodeUUID=c4f6294c-eda3-4afd-81f7-e69ed14da69f, command=[]} | ret=SUCCESS |  
2019-09-20 04:49:36,563 | INFO  | SCMAudit | user=jenkins1000 | ip=192.168.36.79 | op=SEND_HEARTBEAT {datanodeUUID=dba845b8-ea76-4e09-ab03-0883d354e493, command=[]} | ret=SUCCESS |  
2019-09-20 04:49:36,563 | INFO  | SCMAudit | user=jenkins1000 | ip=192.168.36.79 | op=SEND_HEARTBEAT {datanodeUUID=8d97392c-5f4b-400a-94a1-fb61a3ebbc99, command=[]} | ret=SUCCESS |  
2019-09-20 04:49:36,563 | INFO  | SCMAudit | user=jenkins1000 | ip=192.168.36.79 | op=SEND_HEARTBEAT {datanodeUUID=eaf3ecbe-c3b1-4969-ad3a-e4de7fb04f81, command=[]} | ret=SUCCESS |  
2019-09-20 04:49:36,563 | INFO  | SCMAudit | user=jenkins1000 | ip=192.168.36.79 | op=SEND_HEARTBEAT {datanodeUUID=2d6465ef-cffa-473a-a4c6-a9aa3f1a26c0, command=[]} | ret=SUCCESS |  
2019-09-20 04:49:36,563 | INFO  | SCMAudit | user=jenkins1000 | ip=192.168.36.79 | op=SEND_HEARTBEAT {datanodeUUID=42fc6e92-fcdd-4827-b621-9fc58a3d2315, command=[]} | ret=SUCCESS |  
2019-09-20 04:49:36,563 | INFO  | SCMAudit | user=jenkins1000 | ip=192.168.36.79 | op=SEND_HEARTBEAT {datanodeUUID=68a93ad8-b6a8-44e1-8a9f-45fcc58d229a, command=[]} | ret=SUCCESS |  
2019-09-20 04:49:36,564 | INFO  | SCMAudit | user=jenkins1000 | ip=192.168.36.79 | op=SEND_HEARTBEAT {datanodeUUID=ea71b9af-1075-4196-9693-aa14e10f536d, command=[]} | ret=SUCCESS |  
2019-09-20 04:49:36,564 | INFO  | SCMAudit | user=jenkins1000 | ip=192.168.36.79 | op=SEND_HEARTBEAT {datanodeUUID=5ea19b84-5385-4ae9-8412-c4cfa929b172, command=[]} | ret=SUCCESS |  
2019-09-20 04:49:36,564 | INFO  | SCMAudit | user=jenkins1000 | ip=192.168.36.79 | op=SEND_HEARTBEAT {datanodeUUID=236eed40-dd97-4fdc-a0ae-ab99685a426b, command=[]} | ret=SUCCESS |  
2019-09-20 04:49:36,564 | INFO  | SCMAudit | user=jenkins1000 | ip=192.168.36.79 | op=SEND_HEARTBEAT {datanodeUUID=ba95d636-ac34-4b74-a102-dec8d0f377c6, command=[]} | ret=SUCCESS |  
2019-09-20 04:49:36,564 | INFO  | SCMAudit | user=jenkins1000 | ip=192.168.36.79 | op=SEND_HEARTBEAT {datanodeUUID=3c2a6bfe-f5c5-4e23-89b0-850dab17697d, command=[]} | ret=SUCCESS |  
2019-09-20 04:49:36,564 | INFO  | SCMAudit | user=jenkins1000 | ip=192.168.36.79 | op=SEND_HEARTBEAT {datanodeUUID=2702b462-69d8-4c1b-aae1-091a21fe08b8, command=[]} | ret=SUCCESS |  
2019-09-20 04:49:36,565 | INFO  | SCMAudit | user=jenkins1000 | ip=192.168.36.79 | op=SEND_HEARTBEAT {datanodeUUID=1d91ad97-6666-4ee7-855a-8b5e944e7401, command=[]} | ret=SUCCESS |  
2019-09-20 04:49:36,566 | INFO  | SCMAudit | user=jenkins1000 | ip=192.168.36.79 | op=SEND_HEARTBEAT {datanodeUUID=8538cd65-7926-426b-8bad-fbd0f0550f9a, command=[]} | ret=SUCCESS |  
2019-09-20 04:49:36,566 | INFO  | SCMAudit | user=jenkins1000 | ip=192.168.36.79 | op=SEND_HEARTBEAT {datanodeUUID=a9bc59c4-b792-48d5-9db2-4e71770477b1, command=[]} | ret=SUCCESS |  
2019-09-20 04:49:36,566 | INFO  | SCMAudit | user=jenkins1000 | ip=192.168.36.79 | op=SEND_HEARTBEAT {datanodeUUID=f4e549ee-a6fa-4eb9-8541-129d0566fdf5, command=[]} | ret=SUCCESS |  
2019-09-20 04:49:36,566 | INFO  | SCMAudit | user=jenkins1000 | ip=192.168.36.79 | op=SEND_HEARTBEAT {datanodeUUID=fdbc37f2-9e58-4bac-a5d5-a78839d012e9, command=[]} | ret=SUCCESS |  
2019-09-20 04:49:36,566 | INFO  | SCMAudit | user=jenkins1000 | ip=192.168.36.79 | op=SEND_HEARTBEAT {datanodeUUID=bd1a845e-f2ed-4713-9516-9ccc20139040, command=[]} | ret=SUCCESS |  
2019-09-20 04:49:37,562 | INFO  | SCMAudit | user=jenkins1000 | ip=192.168.36.79 | op=SEND_HEARTBEAT {datanodeUUID=0ad3f89e-804f-4845-89c5-5ff1a35a5dda, command=[]} | ret=SUCCESS |  
2019-09-20 04:49:37,562 | INFO  | SCMAudit | user=jenkins1000 | ip=192.168.36.79 | op=SEND_HEARTBEAT {datanodeUUID=eb30d72f-c0a8-4ecb-bfee-9120a9a6cddf, command=[]} | ret=SUCCESS |  
2019-09-20 04:49:37,562 | INFO  | SCMAudit | user=jenkins1000 | ip=192.168.36.79 | op=SEND_HEARTBEAT {datanodeUUID=c4f6294c-eda3-4afd-81f7-e69ed14da69f, command=[]} | ret=SUCCESS |  
2019-09-20 04:49:37,562 | INFO  | SCMAudit | user=jenkins1000 | ip=192.168.36.79 | op=SEND_HEARTBEAT {datanodeUUID=8d97392c-5f4b-400a-94a1-fb61a3ebbc99, command=[]} | ret=SUCCESS |  
2019-09-20 04:49:37,562 | INFO  | SCMAudit | user=jenkins1000 | ip=192.168.36.79 | op=SEND_HEARTBEAT {datanodeUUID=dba845b8-ea76-4e09-ab03-0883d354e493, command=[]} | ret=SUCCESS |  
2019-09-20 04:49:37,562 | INFO  | SCMAudit | user=jenkins1000 | ip=192.168.36.79 | op=SEND_HEARTBEAT {datanodeUUID=eaf3ecbe-c3b1-4969-ad3a-e4de7fb04f81, command=[]} | ret=SUCCESS |  
2019-09-20 04:49:37,562 | INFO  | SCMAudit | user=jenkins1000 | ip=192.168.36.79 | op=SEND_HEARTBEAT {datanodeUUID=2d6465ef-cffa-473a-a4c6-a9aa3f1a26c0, command=[]} | ret=SUCCESS |  
2019-09-20 04:49:37,563 | INFO  | SCMAudit | user=jenkins1000 | ip=192.168.36.79 | op=SEND_HEARTBEAT {datanodeUUID=42fc6e92-fcdd-4827-b621-9fc58a3d2315, command=[]} | ret=SUCCESS |  
2019-09-20 04:49:37,563 | INFO  | SCMAudit | user=jenkins1000 | ip=192.168.36.79 | op=SEND_HEARTBEAT {datanodeUUID=68a93ad8-b6a8-44e1-8a9f-45fcc58d229a, command=[]} | ret=SUCCESS |  
2019-09-20 04:49:37,563 | INFO  | SCMAudit | user=jenkins1000 | ip=192.168.36.79 | op=SEND_HEARTBEAT {datanodeUUID=ea71b9af-1075-4196-9693-aa14e10f536d, command=[]} | ret=SUCCESS |  
2019-09-20 04:49:37,564 | INFO  | SCMAudit | user=jenkins1000 | ip=192.168.36.79 | op=SEND_HEARTBEAT {datanodeUUID=5ea19b84-5385-4ae9-8412-c4cfa929b172, command=[]} | ret=SUCCESS |  
2019-09-20 04:49:37,564 | INFO  | SCMAudit | user=jenkins1000 | ip=192.168.36.79 | op=SEND_HEARTBEAT {datanodeUUID=236eed40-dd97-4fdc-a0ae-ab99685a426b, command=[]} | ret=SUCCESS |  
2019-09-20 04:49:37,564 | INFO  | SCMAudit | user=jenkins1000 | ip=192.168.36.79 | op=SEND_HEARTBEAT {datanodeUUID=ba95d636-ac34-4b74-a102-dec8d0f377c6, command=[]} | ret=SUCCESS |  
2019-09-20 04:49:37,564 | INFO  | SCMAudit | user=jenkins1000 | ip=192.168.36.79 | op=SEND_HEARTBEAT {datanodeUUID=2702b462-69d8-4c1b-aae1-091a21fe08b8, command=[]} | ret=SUCCESS |  
2019-09-20 04:49:37,564 | INFO  | SCMAudit | user=jenkins1000 | ip=192.168.36.79 | op=SEND_HEARTBEAT {datanodeUUID=3c2a6bfe-f5c5-4e23-89b0-850dab17697d, command=[]} | ret=SUCCESS |  
2019-09-20 04:49:37,565 | INFO  | SCMAudit | user=jenkins1000 | ip=192.168.36.79 | op=SEND_HEARTBEAT {datanodeUUID=1d91ad97-6666-4ee7-855a-8b5e944e7401, command=[]} | ret=SUCCESS |  
2019-09-20 04:49:37,566 | INFO  | SCMAudit | user=jenkins1000 | ip=192.168.36.79 | op=SEND_HEARTBEAT {datanodeUUID=8538cd65-7926-426b-8bad-fbd0f0550f9a, command=[]} | ret=SUCCESS |  
2019-09-20 04:49:37,566 | INFO  | SCMAudit | user=jenkins1000 | ip=192.168.36.79 | op=SEND_HEARTBEAT {datanodeUUID=a9bc59c4-b792-48d5-9db2-4e71770477b1, command=[]} | ret=SUCCESS |  
2019-09-20 04:49:37,566 | INFO  | SCMAudit | user=jenkins1000 | ip=192.168.36.79 | op=SEND_HEARTBEAT {datanodeUUID=f4e549ee-a6fa-4eb9-8541-129d0566fdf5, command=[]} | ret=SUCCESS |  
2019-09-20 04:49:37,566 | INFO  | SCMAudit | user=jenkins1000 | ip=192.168.36.79 | op=SEND_HEARTBEAT {datanodeUUID=fdbc37f2-9e58-4bac-a5d5-a78839d012e9, command=[]} | ret=SUCCESS |  
2019-09-20 04:49:37,566 | INFO  | SCMAudit | user=jenkins1000 | ip=192.168.36.79 | op=SEND_HEARTBEAT {datanodeUUID=bd1a845e-f2ed-4713-9516-9ccc20139040, command=[]} | ret=SUCCESS |  
2019-09-20 04:49:38,562 | INFO  | SCMAudit | user=jenkins1000 | ip=192.168.36.79 | op=SEND_HEARTBEAT {datanodeUUID=c4f6294c-eda3-4afd-81f7-e69ed14da69f, command=[]} | ret=SUCCESS |  
2019-09-20 04:49:38,562 | INFO  | SCMAudit | user=jenkins1000 | ip=192.168.36.79 | op=SEND_HEARTBEAT {datanodeUUID=2d6465ef-cffa-473a-a4c6-a9aa3f1a26c0, command=[]} | ret=SUCCESS |  
2019-09-20 04:49:38,562 | INFO  | SCMAudit | user=jenkins1000 | ip=192.168.36.79 | op=SEND_HEARTBEAT {datanodeUUID=0ad3f89e-804f-4845-89c5-5ff1a35a5dda, command=[]} | ret=SUCCESS |  
2019-09-20 04:49:38,562 | INFO  | SCMAudit | user=jenkins1000 | ip=192.168.36.79 | op=SEND_HEARTBEAT {datanodeUUID=dba845b8-ea76-4e09-ab03-0883d354e493, command=[]} | ret=SUCCESS |  
2019-09-20 04:49:38,562 | INFO  | SCMAudit | user=jenkins1000 | ip=192.168.36.79 | op=SEND_HEARTBEAT {datanodeUUID=eaf3ecbe-c3b1-4969-ad3a-e4de7fb04f81, command=[]} | ret=SUCCESS |  
2019-09-20 04:49:38,562 | INFO  | SCMAudit | user=jenkins1000 | ip=192.168.36.79 | op=SEND_HEARTBEAT {datanodeUUID=8d97392c-5f4b-400a-94a1-fb61a3ebbc99, command=[]} | ret=SUCCESS |  
2019-09-20 04:49:38,563 | INFO  | SCMAudit | user=jenkins1000 | ip=192.168.36.79 | op=SEND_HEARTBEAT {datanodeUUID=eb30d72f-c0a8-4ecb-bfee-9120a9a6cddf, command=[]} | ret=SUCCESS |  
2019-09-20 04:49:38,563 | INFO  | SCMAudit | user=jenkins1000 | ip=192.168.36.79 | op=SEND_HEARTBEAT {datanodeUUID=42fc6e92-fcdd-4827-b621-9fc58a3d2315, command=[]} | ret=SUCCESS |  
2019-09-20 04:49:38,563 | INFO  | SCMAudit | user=jenkins1000 | ip=192.168.36.79 | op=SEND_HEARTBEAT {datanodeUUID=68a93ad8-b6a8-44e1-8a9f-45fcc58d229a, command=[]} | ret=SUCCESS |  
2019-09-20 04:49:38,563 | INFO  | SCMAudit | user=jenkins1000 | ip=192.168.36.79 | op=SEND_HEARTBEAT {datanodeUUID=5ea19b84-5385-4ae9-8412-c4cfa929b172, command=[]} | ret=SUCCESS |  
2019-09-20 04:49:38,563 | INFO  | SCMAudit | user=jenkins1000 | ip=192.168.36.79 | op=SEND_HEARTBEAT {datanodeUUID=ea71b9af-1075-4196-9693-aa14e10f536d, command=[]} | ret=SUCCESS |  
2019-09-20 04:49:38,564 | INFO  | SCMAudit | user=jenkins1000 | ip=192.168.36.79 | op=SEND_HEARTBEAT {datanodeUUID=3c2a6bfe-f5c5-4e23-89b0-850dab17697d, command=[]} | ret=SUCCESS |  
2019-09-20 04:49:38,564 | INFO  | SCMAudit | user=jenkins1000 | ip=192.168.36.79 | op=SEND_HEARTBEAT {datanodeUUID=2702b462-69d8-4c1b-aae1-091a21fe08b8, command=[]} | ret=SUCCESS |  
2019-09-20 04:49:38,564 | INFO  | SCMAudit | user=jenkins1000 | ip=192.168.36.79 | op=SEND_HEARTBEAT {datanodeUUID=236eed40-dd97-4fdc-a0ae-ab99685a426b, command=[]} | ret=SUCCESS |  
2019-09-20 04:49:38,565 | INFO  | SCMAudit | user=jenkins1000 | ip=192.168.36.79 | op=SEND_HEARTBEAT {datanodeUUID=ba95d636-ac34-4b74-a102-dec8d0f377c6, command=[]} | ret=SUCCESS |  
2019-09-20 04:49:38,565 | INFO  | SCMAudit | user=jenkins1000 | ip=192.168.36.79 | op=SEND_HEARTBEAT {datanodeUUID=1d91ad97-6666-4ee7-855a-8b5e944e7401, command=[]} | ret=SUCCESS |  
2019-09-20 04:49:38,566 | INFO  | SCMAudit | user=jenkins1000 | ip=192.168.36.79 | op=SEND_HEARTBEAT {datanodeUUID=fdbc37f2-9e58-4bac-a5d5-a78839d012e9, command=[]} | ret=SUCCESS |  
2019-09-20 04:49:38,566 | INFO  | SCMAudit | user=jenkins1000 | ip=192.168.36.79 | op=SEND_HEARTBEAT {datanodeUUID=f4e549ee-a6fa-4eb9-8541-129d0566fdf5, command=[]} | ret=SUCCESS |  
2019-09-20 04:49:38,566 | INFO  | SCMAudit | user=jenkins1000 | ip=192.168.36.79 | op=SEND_HEARTBEAT {datanodeUUID=bd1a845e-f2ed-4713-9516-9ccc20139040, command=[]} | ret=SUCCESS |  
2019-09-20 04:49:38,566 | INFO  | SCMAudit | user=jenkins1000 | ip=192.168.36.79 | op=SEND_HEARTBEAT {datanodeUUID=8538cd65-7926-426b-8bad-fbd0f0550f9a, command=[]} | ret=SUCCESS |  
2019-09-20 04:49:38,567 | INFO  | SCMAudit | user=jenkins1000 | ip=192.168.36.79 | op=SEND_HEARTBEAT {datanodeUUID=a9bc59c4-b792-48d5-9db2-4e71770477b1, command=[]} | ret=SUCCESS |  
2019-09-20 04:49:39,562 | INFO  | SCMAudit | user=jenkins1000 | ip=192.168.36.79 | op=SEND_HEARTBEAT {datanodeUUID=0ad3f89e-804f-4845-89c5-5ff1a35a5dda, command=[]} | ret=SUCCESS |  
2019-09-20 04:49:39,563 | INFO  | SCMAudit | user=jenkins1000 | ip=192.168.36.79 | op=SEND_HEARTBEAT {datanodeUUID=eaf3ecbe-c3b1-4969-ad3a-e4de7fb04f81, command=[]} | ret=SUCCESS |  
2019-09-20 04:49:39,563 | INFO  | SCMAudit | user=jenkins1000 | ip=192.168.36.79 | op=SEND_HEARTBEAT {datanodeUUID=2d6465ef-cffa-473a-a4c6-a9aa3f1a26c0, command=[]} | ret=SUCCESS |  
2019-09-20 04:49:39,563 | INFO  | SCMAudit | user=jenkins1000 | ip=192.168.36.79 | op=SEND_HEARTBEAT {datanodeUUID=eb30d72f-c0a8-4ecb-bfee-9120a9a6cddf, command=[]} | ret=SUCCESS |  
2019-09-20 04:49:39,563 | INFO  | SCMAudit | user=jenkins1000 | ip=192.168.36.79 | op=SEND_HEARTBEAT {datanodeUUID=c4f6294c-eda3-4afd-81f7-e69ed14da69f, command=[]} | ret=SUCCESS |  
2019-09-20 04:49:39,563 | INFO  | SCMAudit | user=jenkins1000 | ip=192.168.36.79 | op=SEND_HEARTBEAT {datanodeUUID=dba845b8-ea76-4e09-ab03-0883d354e493, command=[]} | ret=SUCCESS |  
2019-09-20 04:49:39,563 | INFO  | SCMAudit | user=jenkins1000 | ip=192.168.36.79 | op=SEND_HEARTBEAT {datanodeUUID=8d97392c-5f4b-400a-94a1-fb61a3ebbc99, command=[]} | ret=SUCCESS |  
2019-09-20 04:49:39,563 | INFO  | SCMAudit | user=jenkins1000 | ip=192.168.36.79 | op=SEND_HEARTBEAT {datanodeUUID=68a93ad8-b6a8-44e1-8a9f-45fcc58d229a, command=[]} | ret=SUCCESS |  
2019-09-20 04:49:39,563 | INFO  | SCMAudit | user=jenkins1000 | ip=192.168.36.79 | op=SEND_HEARTBEAT {datanodeUUID=ea71b9af-1075-4196-9693-aa14e10f536d, command=[]} | ret=SUCCESS |  
2019-09-20 04:49:39,563 | INFO  | SCMAudit | user=jenkins1000 | ip=192.168.36.79 | op=SEND_HEARTBEAT {datanodeUUID=5ea19b84-5385-4ae9-8412-c4cfa929b172, command=[]} | ret=SUCCESS |  
2019-09-20 04:49:39,564 | INFO  | SCMAudit | user=jenkins1000 | ip=192.168.36.79 | op=SEND_HEARTBEAT {datanodeUUID=42fc6e92-fcdd-4827-b621-9fc58a3d2315, command=[]} | ret=SUCCESS |  
2019-09-20 04:49:39,564 | INFO  | SCMAudit | user=jenkins1000 | ip=192.168.36.79 | op=SEND_HEARTBEAT {datanodeUUID=2702b462-69d8-4c1b-aae1-091a21fe08b8, command=[]} | ret=SUCCESS |  
2019-09-20 04:49:39,564 | INFO  | SCMAudit | user=jenkins1000 | ip=192.168.36.79 | op=SEND_HEARTBEAT {datanodeUUID=3c2a6bfe-f5c5-4e23-89b0-850dab17697d, command=[]} | ret=SUCCESS |  
2019-09-20 04:49:39,564 | INFO  | SCMAudit | user=jenkins1000 | ip=192.168.36.79 | op=SEND_HEARTBEAT {datanodeUUID=236eed40-dd97-4fdc-a0ae-ab99685a426b, command=[]} | ret=SUCCESS |  
2019-09-20 04:49:39,565 | INFO  | SCMAudit | user=jenkins1000 | ip=192.168.36.79 | op=SEND_HEARTBEAT {datanodeUUID=ba95d636-ac34-4b74-a102-dec8d0f377c6, command=[]} | ret=SUCCESS |  
2019-09-20 04:49:39,566 | INFO  | SCMAudit | user=jenkins1000 | ip=192.168.36.79 | op=SEND_HEARTBEAT {datanodeUUID=bd1a845e-f2ed-4713-9516-9ccc20139040, command=[]} | ret=SUCCESS |  
2019-09-20 04:49:39,566 | INFO  | SCMAudit | user=jenkins1000 | ip=192.168.36.79 | op=SEND_HEARTBEAT {datanodeUUID=1d91ad97-6666-4ee7-855a-8b5e944e7401, command=[]} | ret=SUCCESS |  
2019-09-20 04:49:39,566 | INFO  | SCMAudit | user=jenkins1000 | ip=192.168.36.79 | op=SEND_HEARTBEAT {datanodeUUID=8538cd65-7926-426b-8bad-fbd0f0550f9a, command=[]} | ret=SUCCESS |  
2019-09-20 04:49:39,567 | INFO  | SCMAudit | user=jenkins1000 | ip=192.168.36.79 | op=SEND_HEARTBEAT {datanodeUUID=fdbc37f2-9e58-4bac-a5d5-a78839d012e9, command=[]} | ret=SUCCESS |  
2019-09-20 04:49:39,567 | INFO  | SCMAudit | user=jenkins1000 | ip=192.168.36.79 | op=SEND_HEARTBEAT {datanodeUUID=f4e549ee-a6fa-4eb9-8541-129d0566fdf5, command=[]} | ret=SUCCESS |  
2019-09-20 04:49:39,567 | INFO  | SCMAudit | user=jenkins1000 | ip=192.168.36.79 | op=SEND_HEARTBEAT {datanodeUUID=a9bc59c4-b792-48d5-9db2-4e71770477b1, command=[]} | ret=SUCCESS |  
2019-09-20 04:49:39,582 [Thread-1363] INFO  impl.FollowerState (FollowerState.java:run(106)) - 0ad3f89e-804f-4845-89c5-5ff1a35a5dda:group-764BB6A2AE27 changes to CANDIDATE, lastRpcTime:10520, electionTimeout:5002ms
2019-09-20 04:49:39,582 [Thread-1363] INFO  impl.RoleInfo (RoleInfo.java:shutdownFollowerState(121)) - 0ad3f89e-804f-4845-89c5-5ff1a35a5dda: shutdown FollowerState
2019-09-20 04:49:39,582 [Thread-1363] INFO  impl.RaftServerImpl (RaftServerImpl.java:setRole(171)) - 0ad3f89e-804f-4845-89c5-5ff1a35a5dda:group-764BB6A2AE27 changes role from FOLLOWER to CANDIDATE at term 1 for changeToCandidate
2019-09-20 04:49:39,582 [Thread-1363] INFO  impl.RoleInfo (RoleInfo.java:updateAndGet(143)) - 0ad3f89e-804f-4845-89c5-5ff1a35a5dda: start LeaderElection
2019-09-20 04:49:39,601 [0ad3f89e-804f-4845-89c5-5ff1a35a5dda:group-764BB6A2AE27:LeaderElection122] INFO  impl.LeaderElection (LeaderElection.java:askForVotes(181)) - 0ad3f89e-804f-4845-89c5-5ff1a35a5dda:group-764BB6A2AE27:LeaderElection122: begin an election at term 2 for -1: [0ad3f89e-804f-4845-89c5-5ff1a35a5dda:192.168.36.79:34659, 68a93ad8-b6a8-44e1-8a9f-45fcc58d229a:192.168.36.79:39410, a9bc59c4-b792-48d5-9db2-4e71770477b1:192.168.36.79:46574], old=null
2019-09-20 04:49:39,604 [grpc-default-executor-1] INFO  impl.RaftServerImpl (RaftServerImpl.java:setRole(171)) - 68a93ad8-b6a8-44e1-8a9f-45fcc58d229a:group-764BB6A2AE27 changes role from FOLLOWER to FOLLOWER at term 2 for recognizeCandidate:0ad3f89e-804f-4845-89c5-5ff1a35a5dda
2019-09-20 04:49:39,604 [grpc-default-executor-1] INFO  impl.RoleInfo (RoleInfo.java:shutdownFollowerState(121)) - 68a93ad8-b6a8-44e1-8a9f-45fcc58d229a: shutdown FollowerState
2019-09-20 04:49:39,604 [grpc-default-executor-0] INFO  impl.RaftServerImpl (RaftServerImpl.java:setRole(171)) - a9bc59c4-b792-48d5-9db2-4e71770477b1:group-764BB6A2AE27 changes role from FOLLOWER to FOLLOWER at term 2 for recognizeCandidate:0ad3f89e-804f-4845-89c5-5ff1a35a5dda
2019-09-20 04:49:39,604 [Thread-1362] INFO  impl.FollowerState (FollowerState.java:run(114)) - 68a93ad8-b6a8-44e1-8a9f-45fcc58d229a: FollowerState was interrupted: java.lang.InterruptedException: sleep interrupted
2019-09-20 04:49:39,604 [grpc-default-executor-1] INFO  impl.RoleInfo (RoleInfo.java:updateAndGet(143)) - 68a93ad8-b6a8-44e1-8a9f-45fcc58d229a: start FollowerState
2019-09-20 04:49:39,604 [grpc-default-executor-0] INFO  impl.RoleInfo (RoleInfo.java:shutdownFollowerState(121)) - a9bc59c4-b792-48d5-9db2-4e71770477b1: shutdown FollowerState
2019-09-20 04:49:39,605 [grpc-default-executor-0] INFO  impl.RoleInfo (RoleInfo.java:updateAndGet(143)) - a9bc59c4-b792-48d5-9db2-4e71770477b1: start FollowerState
2019-09-20 04:49:39,605 [Thread-1360] INFO  impl.FollowerState (FollowerState.java:run(114)) - a9bc59c4-b792-48d5-9db2-4e71770477b1: FollowerState was interrupted: java.lang.InterruptedException: sleep interrupted
2019-09-20 04:49:39,627 [0ad3f89e-804f-4845-89c5-5ff1a35a5dda:group-764BB6A2AE27:LeaderElection122] INFO  impl.LeaderElection (LeaderElection.java:logAndReturn(56)) - 0ad3f89e-804f-4845-89c5-5ff1a35a5dda:group-764BB6A2AE27:LeaderElection122: Election PASSED; received 1 response(s) [0ad3f89e-804f-4845-89c5-5ff1a35a5dda<-a9bc59c4-b792-48d5-9db2-4e71770477b1#0:OK-t2] and 0 exception(s); 0ad3f89e-804f-4845-89c5-5ff1a35a5dda:t2, leader=null, voted=0ad3f89e-804f-4845-89c5-5ff1a35a5dda, raftlog=0ad3f89e-804f-4845-89c5-5ff1a35a5dda-SegmentedRaftLog:OPENED:c-1,f-1,i0, conf=-1: [0ad3f89e-804f-4845-89c5-5ff1a35a5dda:192.168.36.79:34659, 68a93ad8-b6a8-44e1-8a9f-45fcc58d229a:192.168.36.79:39410, a9bc59c4-b792-48d5-9db2-4e71770477b1:192.168.36.79:46574], old=null
2019-09-20 04:49:39,627 [0ad3f89e-804f-4845-89c5-5ff1a35a5dda:group-764BB6A2AE27:LeaderElection122] INFO  impl.RoleInfo (RoleInfo.java:shutdownLeaderElection(134)) - 0ad3f89e-804f-4845-89c5-5ff1a35a5dda: shutdown LeaderElection
2019-09-20 04:49:39,627 [0ad3f89e-804f-4845-89c5-5ff1a35a5dda:group-764BB6A2AE27:LeaderElection122] INFO  impl.RaftServerImpl (RaftServerImpl.java:setRole(171)) - 0ad3f89e-804f-4845-89c5-5ff1a35a5dda:group-764BB6A2AE27 changes role from CANDIDATE to LEADER at term 2 for changeToLeader
2019-09-20 04:49:39,627 [0ad3f89e-804f-4845-89c5-5ff1a35a5dda:group-764BB6A2AE27:LeaderElection122] INFO  impl.RaftServerImpl (ServerState.java:setLeader(263)) - 0ad3f89e-804f-4845-89c5-5ff1a35a5dda:group-764BB6A2AE27 change Leader from null to 0ad3f89e-804f-4845-89c5-5ff1a35a5dda at term 2 for becomeLeader, leader elected after 16195ms
2019-09-20 04:49:39,627 [0ad3f89e-804f-4845-89c5-5ff1a35a5dda:group-764BB6A2AE27:LeaderElection122] INFO  server.RaftServerConfigKeys (ConfUtils.java:logGet(43)) - raft.server.staging.catchup.gap = 1000 (default)
2019-09-20 04:49:39,627 [0ad3f89e-804f-4845-89c5-5ff1a35a5dda:group-764BB6A2AE27:LeaderElection122] INFO  server.RaftServerConfigKeys (ConfUtils.java:logGet(43)) - raft.server.rpc.sleep.time = 25ms (default)
2019-09-20 04:49:39,627 [0ad3f89e-804f-4845-89c5-5ff1a35a5dda:group-764BB6A2AE27:LeaderElection122] INFO  server.RaftServerConfigKeys (ConfUtils.java:logGet(43)) - raft.server.write.element-limit = 4096 (default)
2019-09-20 04:49:39,627 [0ad3f89e-804f-4845-89c5-5ff1a35a5dda:group-764BB6A2AE27:LeaderElection122] INFO  server.RaftServerConfigKeys (ConfUtils.java:logGet(43)) - raft.server.watch.timeout = 10s (default)
2019-09-20 04:49:39,627 [0ad3f89e-804f-4845-89c5-5ff1a35a5dda:group-764BB6A2AE27:LeaderElection122] INFO  server.RaftServerConfigKeys (ConfUtils.java:logGet(43)) - raft.server.watch.timeout.denomination = 1s (default)
2019-09-20 04:49:39,627 [0ad3f89e-804f-4845-89c5-5ff1a35a5dda:group-764BB6A2AE27:LeaderElection122] INFO  server.RaftServerConfigKeys (ConfUtils.java:logGet(43)) - raft.server.watch.element-limit = 65536 (default)
2019-09-20 04:49:39,628 [0ad3f89e-804f-4845-89c5-5ff1a35a5dda:group-764BB6A2AE27:LeaderElection122] INFO  server.RaftServerConfigKeys (ConfUtils.java:logGet(43)) - raft.server.log.appender.snapshot.chunk.size.max = 16MB (=16777216) (default)
2019-09-20 04:49:39,628 [0ad3f89e-804f-4845-89c5-5ff1a35a5dda:group-764BB6A2AE27:LeaderElection122] INFO  server.RaftServerConfigKeys (ConfUtils.java:logGet(43)) - raft.server.log.appender.buffer.byte-limit = 33554432 (custom)
2019-09-20 04:49:39,628 [0ad3f89e-804f-4845-89c5-5ff1a35a5dda:group-764BB6A2AE27:LeaderElection122] INFO  server.RaftServerConfigKeys (ConfUtils.java:logGet(43)) - raft.server.log.appender.buffer.element-limit = 1 (custom)
2019-09-20 04:49:39,628 [0ad3f89e-804f-4845-89c5-5ff1a35a5dda:group-764BB6A2AE27:LeaderElection122] INFO  grpc.GrpcConfigKeys$Server (ConfUtils.java:logGet(43)) - raft.grpc.server.leader.outstanding.appends.max = 128 (default)
2019-09-20 04:49:39,628 [0ad3f89e-804f-4845-89c5-5ff1a35a5dda:group-764BB6A2AE27:LeaderElection122] INFO  server.RaftServerConfigKeys (ConfUtils.java:logGet(43)) - raft.server.rpc.request.timeout = 3000ms (default)
2019-09-20 04:49:39,628 [0ad3f89e-804f-4845-89c5-5ff1a35a5dda:group-764BB6A2AE27:LeaderElection122] INFO  server.RaftServerConfigKeys (ConfUtils.java:logGet(43)) - raft.server.log.appender.install.snapshot.enabled = false (custom)
2019-09-20 04:49:39,628 [0ad3f89e-804f-4845-89c5-5ff1a35a5dda:group-764BB6A2AE27:LeaderElection122] INFO  server.RaftServerConfigKeys (ConfUtils.java:logGet(43)) - raft.server.log.appender.snapshot.chunk.size.max = 16MB (=16777216) (default)
2019-09-20 04:49:39,629 [0ad3f89e-804f-4845-89c5-5ff1a35a5dda:group-764BB6A2AE27:LeaderElection122] INFO  server.RaftServerConfigKeys (ConfUtils.java:logGet(43)) - raft.server.log.appender.buffer.byte-limit = 33554432 (custom)
2019-09-20 04:49:39,629 [0ad3f89e-804f-4845-89c5-5ff1a35a5dda:group-764BB6A2AE27:LeaderElection122] INFO  server.RaftServerConfigKeys (ConfUtils.java:logGet(43)) - raft.server.log.appender.buffer.element-limit = 1 (custom)
2019-09-20 04:49:39,629 [0ad3f89e-804f-4845-89c5-5ff1a35a5dda:group-764BB6A2AE27:LeaderElection122] INFO  grpc.GrpcConfigKeys$Server (ConfUtils.java:logGet(43)) - raft.grpc.server.leader.outstanding.appends.max = 128 (default)
2019-09-20 04:49:39,629 [0ad3f89e-804f-4845-89c5-5ff1a35a5dda:group-764BB6A2AE27:LeaderElection122] INFO  server.RaftServerConfigKeys (ConfUtils.java:logGet(43)) - raft.server.rpc.request.timeout = 3000ms (default)
2019-09-20 04:49:39,629 [0ad3f89e-804f-4845-89c5-5ff1a35a5dda:group-764BB6A2AE27:LeaderElection122] INFO  server.RaftServerConfigKeys (ConfUtils.java:logGet(43)) - raft.server.log.appender.install.snapshot.enabled = false (custom)
2019-09-20 04:49:39,629 [0ad3f89e-804f-4845-89c5-5ff1a35a5dda:group-764BB6A2AE27:LeaderElection122] INFO  impl.RoleInfo (RoleInfo.java:updateAndGet(143)) - 0ad3f89e-804f-4845-89c5-5ff1a35a5dda: start LeaderState
2019-09-20 04:49:39,629 [0ad3f89e-804f-4845-89c5-5ff1a35a5dda:group-764BB6A2AE27:LeaderElection122] INFO  segmented.SegmentedRaftLogWorker (SegmentedRaftLogWorker.java:startLogSegment(380)) - 0ad3f89e-804f-4845-89c5-5ff1a35a5dda-SegmentedRaftLogWorker:Storage Directory /workdir/hadoop-ozone/integration-test/target/test-dir/MiniOzoneClusterImpl-bb3956c2-c4d1-403a-b406-f8ec73b3905b/datanode-4/data/ratis/8e33dccd-09d7-48b2-a488-764bb6a2ae27: Starting segment from index:0
2019-09-20 04:49:40,045 [0ad3f89e-804f-4845-89c5-5ff1a35a5dda:group-764BB6A2AE27:LeaderElection122] INFO  impl.RaftServerImpl (ServerState.java:setRaftConf(361)) - 0ad3f89e-804f-4845-89c5-5ff1a35a5dda:group-764BB6A2AE27 set configuration 0: [0ad3f89e-804f-4845-89c5-5ff1a35a5dda:192.168.36.79:34659, 68a93ad8-b6a8-44e1-8a9f-45fcc58d229a:192.168.36.79:39410, a9bc59c4-b792-48d5-9db2-4e71770477b1:192.168.36.79:46574], old=null at 0
2019-09-20 04:49:40,051 [grpc-default-executor-1] INFO  impl.RaftServerImpl (ServerState.java:setLeader(263)) - a9bc59c4-b792-48d5-9db2-4e71770477b1:group-764BB6A2AE27 change Leader from null to 0ad3f89e-804f-4845-89c5-5ff1a35a5dda at term 2 for appendEntries, leader elected after 16619ms
2019-09-20 04:49:40,051 [grpc-default-executor-0] INFO  impl.RaftServerImpl (ServerState.java:setLeader(263)) - 68a93ad8-b6a8-44e1-8a9f-45fcc58d229a:group-764BB6A2AE27 change Leader from null to 0ad3f89e-804f-4845-89c5-5ff1a35a5dda at term 2 for appendEntries, leader elected after 16620ms
2019-09-20 04:49:40,054 [grpc-default-executor-0] INFO  impl.RaftServerImpl (ServerState.java:setRaftConf(361)) - 68a93ad8-b6a8-44e1-8a9f-45fcc58d229a:group-764BB6A2AE27 set configuration 0: [0ad3f89e-804f-4845-89c5-5ff1a35a5dda:192.168.36.79:34659, 68a93ad8-b6a8-44e1-8a9f-45fcc58d229a:192.168.36.79:39410, a9bc59c4-b792-48d5-9db2-4e71770477b1:192.168.36.79:46574], old=null at 0
2019-09-20 04:49:40,054 [grpc-default-executor-1] INFO  impl.RaftServerImpl (ServerState.java:setRaftConf(361)) - a9bc59c4-b792-48d5-9db2-4e71770477b1:group-764BB6A2AE27 set configuration 0: [0ad3f89e-804f-4845-89c5-5ff1a35a5dda:192.168.36.79:34659, 68a93ad8-b6a8-44e1-8a9f-45fcc58d229a:192.168.36.79:39410, a9bc59c4-b792-48d5-9db2-4e71770477b1:192.168.36.79:46574], old=null at 0
2019-09-20 04:49:40,054 [grpc-default-executor-0] INFO  segmented.SegmentedRaftLogWorker (SegmentedRaftLogWorker.java:startLogSegment(380)) - 68a93ad8-b6a8-44e1-8a9f-45fcc58d229a-SegmentedRaftLogWorker:Storage Directory /workdir/hadoop-ozone/integration-test/target/test-dir/MiniOzoneClusterImpl-bb3956c2-c4d1-403a-b406-f8ec73b3905b/datanode-5/data/ratis/8e33dccd-09d7-48b2-a488-764bb6a2ae27: Starting segment from index:0
2019-09-20 04:49:40,054 [grpc-default-executor-1] INFO  segmented.SegmentedRaftLogWorker (SegmentedRaftLogWorker.java:startLogSegment(380)) - a9bc59c4-b792-48d5-9db2-4e71770477b1-SegmentedRaftLogWorker:Storage Directory /workdir/hadoop-ozone/integration-test/target/test-dir/MiniOzoneClusterImpl-bb3956c2-c4d1-403a-b406-f8ec73b3905b/datanode-6/data/ratis/8e33dccd-09d7-48b2-a488-764bb6a2ae27: Starting segment from index:0
2019-09-20 04:49:40,649 | INFO  | SCMAudit | user=jenkins1000 | ip=192.168.36.79 | op=SEND_HEARTBEAT {datanodeUUID=8538cd65-7926-426b-8bad-fbd0f0550f9a, command=[]} | ret=SUCCESS |  
2019-09-20 04:49:40,649 | INFO  | SCMAudit | user=jenkins1000 | ip=192.168.36.79 | op=SEND_HEARTBEAT {datanodeUUID=1d91ad97-6666-4ee7-855a-8b5e944e7401, command=[]} | ret=SUCCESS |  
2019-09-20 04:49:40,649 | INFO  | SCMAudit | user=jenkins1000 | ip=192.168.36.79 | op=SEND_HEARTBEAT {datanodeUUID=a9bc59c4-b792-48d5-9db2-4e71770477b1, command=[]} | ret=SUCCESS |  
2019-09-20 04:49:40,649 | INFO  | SCMAudit | user=jenkins1000 | ip=192.168.36.79 | op=SEND_HEARTBEAT {datanodeUUID=5ea19b84-5385-4ae9-8412-c4cfa929b172, command=[]} | ret=SUCCESS |  
2019-09-20 04:49:40,649 | INFO  | SCMAudit | user=jenkins1000 | ip=192.168.36.79 | op=SEND_HEARTBEAT {datanodeUUID=42fc6e92-fcdd-4827-b621-9fc58a3d2315, command=[]} | ret=SUCCESS |  
2019-09-20 04:49:40,649 | INFO  | SCMAudit | user=jenkins1000 | ip=192.168.36.79 | op=SEND_HEARTBEAT {datanodeUUID=f4e549ee-a6fa-4eb9-8541-129d0566fdf5, command=[]} | ret=SUCCESS |  
2019-09-20 04:49:40,649 | INFO  | SCMAudit | user=jenkins1000 | ip=192.168.36.79 | op=SEND_HEARTBEAT {datanodeUUID=bd1a845e-f2ed-4713-9516-9ccc20139040, command=[]} | ret=SUCCESS |  
2019-09-20 04:49:40,649 | INFO  | SCMAudit | user=jenkins1000 | ip=192.168.36.79 | op=SEND_HEARTBEAT {datanodeUUID=68a93ad8-b6a8-44e1-8a9f-45fcc58d229a, command=[]} | ret=SUCCESS |  
2019-09-20 04:49:40,649 | INFO  | SCMAudit | user=jenkins1000 | ip=192.168.36.79 | op=SEND_HEARTBEAT {datanodeUUID=fdbc37f2-9e58-4bac-a5d5-a78839d012e9, command=[]} | ret=SUCCESS |  
2019-09-20 04:49:40,649 | INFO  | SCMAudit | user=jenkins1000 | ip=192.168.36.79 | op=SEND_HEARTBEAT {datanodeUUID=2702b462-69d8-4c1b-aae1-091a21fe08b8, command=[]} | ret=SUCCESS |  
2019-09-20 04:49:40,649 | INFO  | SCMAudit | user=jenkins1000 | ip=192.168.36.79 | op=SEND_HEARTBEAT {datanodeUUID=ba95d636-ac34-4b74-a102-dec8d0f377c6, command=[]} | ret=SUCCESS |  
2019-09-20 04:49:40,649 | INFO  | SCMAudit | user=jenkins1000 | ip=192.168.36.79 | op=SEND_HEARTBEAT {datanodeUUID=2d6465ef-cffa-473a-a4c6-a9aa3f1a26c0, command=[]} | ret=SUCCESS |  
2019-09-20 04:49:40,649 | INFO  | SCMAudit | user=jenkins1000 | ip=192.168.36.79 | op=SEND_HEARTBEAT {datanodeUUID=3c2a6bfe-f5c5-4e23-89b0-850dab17697d, command=[]} | ret=SUCCESS |  
2019-09-20 04:49:40,649 | INFO  | SCMAudit | user=jenkins1000 | ip=192.168.36.79 | op=SEND_HEARTBEAT {datanodeUUID=ea71b9af-1075-4196-9693-aa14e10f536d, command=[]} | ret=SUCCESS |  
2019-09-20 04:49:40,650 | INFO  | SCMAudit | user=jenkins1000 | ip=192.168.36.79 | op=SEND_HEARTBEAT {datanodeUUID=236eed40-dd97-4fdc-a0ae-ab99685a426b, command=[]} | ret=SUCCESS |  
2019-09-20 04:49:40,650 | INFO  | SCMAudit | user=jenkins1000 | ip=192.168.36.79 | op=SEND_HEARTBEAT {datanodeUUID=c4f6294c-eda3-4afd-81f7-e69ed14da69f, command=[]} | ret=SUCCESS |  
2019-09-20 04:49:40,650 | INFO  | SCMAudit | user=jenkins1000 | ip=192.168.36.79 | op=SEND_HEARTBEAT {datanodeUUID=eaf3ecbe-c3b1-4969-ad3a-e4de7fb04f81, command=[]} | ret=SUCCESS |  
2019-09-20 04:49:40,650 | INFO  | SCMAudit | user=jenkins1000 | ip=192.168.36.79 | op=SEND_HEARTBEAT {datanodeUUID=eb30d72f-c0a8-4ecb-bfee-9120a9a6cddf, command=[]} | ret=SUCCESS |  
2019-09-20 04:49:40,650 | INFO  | SCMAudit | user=jenkins1000 | ip=192.168.36.79 | op=SEND_HEARTBEAT {datanodeUUID=8d97392c-5f4b-400a-94a1-fb61a3ebbc99, command=[]} | ret=SUCCESS |  
2019-09-20 04:49:40,650 | INFO  | SCMAudit | user=jenkins1000 | ip=192.168.36.79 | op=SEND_HEARTBEAT {datanodeUUID=dba845b8-ea76-4e09-ab03-0883d354e493, command=[]} | ret=SUCCESS |  
2019-09-20 04:49:40,650 | INFO  | SCMAudit | user=jenkins1000 | ip=192.168.36.79 | op=SEND_HEARTBEAT {datanodeUUID=0ad3f89e-804f-4845-89c5-5ff1a35a5dda, command=[]} | ret=SUCCESS |  
2019-09-20 04:49:41,159 [a9bc59c4-b792-48d5-9db2-4e71770477b1-SegmentedRaftLogWorker:Storage Directory /workdir/hadoop-ozone/integration-test/target/test-dir/MiniOzoneClusterImpl-bb3956c2-c4d1-403a-b406-f8ec73b3905b/datanode-6/data/ratis/8e33dccd-09d7-48b2-a488-764bb6a2ae27] ERROR segmented.SegmentedRaftLogWorker (SegmentedRaftLogWorker.java:run(323)) - a9bc59c4-b792-48d5-9db2-4e71770477b1-SegmentedRaftLogWorker:Storage Directory /workdir/hadoop-ozone/integration-test/target/test-dir/MiniOzoneClusterImpl-bb3956c2-c4d1-403a-b406-f8ec73b3905b/datanode-6/data/ratis/8e33dccd-09d7-48b2-a488-764bb6a2ae27 hit exception
java.lang.OutOfMemoryError: Direct buffer memory
	at java.nio.Bits.reserveMemory(Bits.java:666)
	at java.nio.DirectByteBuffer.<init>(DirectByteBuffer.java:123)
	at java.nio.ByteBuffer.allocateDirect(ByteBuffer.java:311)
	at org.apache.ratis.server.raftlog.segmented.BufferedWriteChannel.<init>(BufferedWriteChannel.java:41)
	at org.apache.ratis.server.raftlog.segmented.SegmentedRaftLogOutputStream.<init>(SegmentedRaftLogOutputStream.java:72)
	at org.apache.ratis.server.raftlog.segmented.SegmentedRaftLogWorker$StartLogSegment.execute(SegmentedRaftLogWorker.java:566)
	at org.apache.ratis.server.raftlog.segmented.SegmentedRaftLogWorker.run(SegmentedRaftLogWorker.java:289)
	at java.lang.Thread.run(Thread.java:748)
2019-09-20 04:49:41,159 [a9bc59c4-b792-48d5-9db2-4e71770477b1-SegmentedRaftLogWorker:Storage Directory /workdir/hadoop-ozone/integration-test/target/test-dir/MiniOzoneClusterImpl-bb3956c2-c4d1-403a-b406-f8ec73b3905b/datanode-6/data/ratis/8e33dccd-09d7-48b2-a488-764bb6a2ae27] INFO  impl.RaftServerImpl (RaftServerImpl.java:lambda$shutdown$3(245)) - a9bc59c4-b792-48d5-9db2-4e71770477b1: shutdown group-764BB6A2AE27
2019-09-20 04:49:41,159 [a9bc59c4-b792-48d5-9db2-4e71770477b1-SegmentedRaftLogWorker:Storage Directory /workdir/hadoop-ozone/integration-test/target/test-dir/MiniOzoneClusterImpl-bb3956c2-c4d1-403a-b406-f8ec73b3905b/datanode-6/data/ratis/8e33dccd-09d7-48b2-a488-764bb6a2ae27] INFO  util.JmxRegister (JmxRegister.java:unregister(73)) - Successfully un-registered JMX Bean with object name Ratis:service=RaftServer,group=group-764BB6A2AE27,id=a9bc59c4-b792-48d5-9db2-4e71770477b1
2019-09-20 04:49:41,159 [a9bc59c4-b792-48d5-9db2-4e71770477b1-SegmentedRaftLogWorker:Storage Directory /workdir/hadoop-ozone/integration-test/target/test-dir/MiniOzoneClusterImpl-bb3956c2-c4d1-403a-b406-f8ec73b3905b/datanode-6/data/ratis/8e33dccd-09d7-48b2-a488-764bb6a2ae27] INFO  impl.RoleInfo (RoleInfo.java:shutdownFollowerState(121)) - a9bc59c4-b792-48d5-9db2-4e71770477b1: shutdown FollowerState
2019-09-20 04:49:41,159 [a9bc59c4-b792-48d5-9db2-4e71770477b1-SegmentedRaftLogWorker:Storage Directory /workdir/hadoop-ozone/integration-test/target/test-dir/MiniOzoneClusterImpl-bb3956c2-c4d1-403a-b406-f8ec73b3905b/datanode-6/data/ratis/8e33dccd-09d7-48b2-a488-764bb6a2ae27] INFO  impl.StateMachineUpdater (StateMachineUpdater.java:stopAndJoin(115)) - StateMachineUpdater:a9bc59c4-b792-48d5-9db2-4e71770477b1:group-764BB6A2AE27: set stopIndex = -1
2019-09-20 04:49:41,160 [Thread-1404] INFO  impl.FollowerState (FollowerState.java:run(114)) - a9bc59c4-b792-48d5-9db2-4e71770477b1: FollowerState was interrupted: java.lang.InterruptedException: sleep interrupted
2019-09-20 04:49:41,160 [a9bc59c4-b792-48d5-9db2-4e71770477b1-SegmentedRaftLogWorker:Storage Directory /workdir/hadoop-ozone/integration-test/target/test-dir/MiniOzoneClusterImpl-bb3956c2-c4d1-403a-b406-f8ec73b3905b/datanode-6/data/ratis/8e33dccd-09d7-48b2-a488-764bb6a2ae27] INFO  impl.RaftServerImpl (ServerState.java:close(394)) - a9bc59c4-b792-48d5-9db2-4e71770477b1:group-764BB6A2AE27 closes. The last applied log index is -1
2019-09-20 04:49:41,160 [a9bc59c4-b792-48d5-9db2-4e71770477b1-SegmentedRaftLogWorker:Storage Directory /workdir/hadoop-ozone/integration-test/target/test-dir/MiniOzoneClusterImpl-bb3956c2-c4d1-403a-b406-f8ec73b3905b/datanode-6/data/ratis/8e33dccd-09d7-48b2-a488-764bb6a2ae27] INFO  segmented.SegmentedRaftLogWorker (SegmentedRaftLogWorker.java:close(228)) - a9bc59c4-b792-48d5-9db2-4e71770477b1-SegmentedRaftLogWorker:Storage Directory /workdir/hadoop-ozone/integration-test/target/test-dir/MiniOzoneClusterImpl-bb3956c2-c4d1-403a-b406-f8ec73b3905b/datanode-6/data/ratis/8e33dccd-09d7-48b2-a488-764bb6a2ae27 close()
2019-09-20 04:49:41,173 [0ad3f89e-804f-4845-89c5-5ff1a35a5dda-SegmentedRaftLogWorker:Storage Directory /workdir/hadoop-ozone/integration-test/target/test-dir/MiniOzoneClusterImpl-bb3956c2-c4d1-403a-b406-f8ec73b3905b/datanode-4/data/ratis/8e33dccd-09d7-48b2-a488-764bb6a2ae27] ERROR segmented.SegmentedRaftLogWorker (SegmentedRaftLogWorker.java:run(323)) - 0ad3f89e-804f-4845-89c5-5ff1a35a5dda-SegmentedRaftLogWorker:Storage Directory /workdir/hadoop-ozone/integration-test/target/test-dir/MiniOzoneClusterImpl-bb3956c2-c4d1-403a-b406-f8ec73b3905b/datanode-4/data/ratis/8e33dccd-09d7-48b2-a488-764bb6a2ae27 hit exception
java.lang.OutOfMemoryError: Direct buffer memory
	at java.nio.Bits.reserveMemory(Bits.java:666)
	at java.nio.DirectByteBuffer.<init>(DirectByteBuffer.java:123)
	at java.nio.ByteBuffer.allocateDirect(ByteBuffer.java:311)
	at org.apache.ratis.server.raftlog.segmented.BufferedWriteChannel.<init>(BufferedWriteChannel.java:41)
	at org.apache.ratis.server.raftlog.segmented.SegmentedRaftLogOutputStream.<init>(SegmentedRaftLogOutputStream.java:72)
	at org.apache.ratis.server.raftlog.segmented.SegmentedRaftLogWorker$StartLogSegment.execute(SegmentedRaftLogWorker.java:566)
	at org.apache.ratis.server.raftlog.segmented.SegmentedRaftLogWorker.run(SegmentedRaftLogWorker.java:289)
	at java.lang.Thread.run(Thread.java:748)
2019-09-20 04:49:41,174 [0ad3f89e-804f-4845-89c5-5ff1a35a5dda-SegmentedRaftLogWorker:Storage Directory /workdir/hadoop-ozone/integration-test/target/test-dir/MiniOzoneClusterImpl-bb3956c2-c4d1-403a-b406-f8ec73b3905b/datanode-4/data/ratis/8e33dccd-09d7-48b2-a488-764bb6a2ae27] INFO  impl.RaftServerImpl (RaftServerImpl.java:lambda$shutdown$3(245)) - 0ad3f89e-804f-4845-89c5-5ff1a35a5dda: shutdown group-764BB6A2AE27
2019-09-20 04:49:41,174 [0ad3f89e-804f-4845-89c5-5ff1a35a5dda-SegmentedRaftLogWorker:Storage Directory /workdir/hadoop-ozone/integration-test/target/test-dir/MiniOzoneClusterImpl-bb3956c2-c4d1-403a-b406-f8ec73b3905b/datanode-4/data/ratis/8e33dccd-09d7-48b2-a488-764bb6a2ae27] INFO  util.JmxRegister (JmxRegister.java:unregister(73)) - Successfully un-registered JMX Bean with object name Ratis:service=RaftServer,group=group-764BB6A2AE27,id=0ad3f89e-804f-4845-89c5-5ff1a35a5dda
2019-09-20 04:49:41,174 [0ad3f89e-804f-4845-89c5-5ff1a35a5dda-SegmentedRaftLogWorker:Storage Directory /workdir/hadoop-ozone/integration-test/target/test-dir/MiniOzoneClusterImpl-bb3956c2-c4d1-403a-b406-f8ec73b3905b/datanode-4/data/ratis/8e33dccd-09d7-48b2-a488-764bb6a2ae27] INFO  impl.RoleInfo (RoleInfo.java:shutdownLeaderState(104)) - 0ad3f89e-804f-4845-89c5-5ff1a35a5dda: shutdown LeaderState
2019-09-20 04:49:41,185 [org.apache.ratis.server.impl.LogAppender$AppenderDaemon$$Lambda$462/1052616947@6a29e853] WARN  server.GrpcLogAppender (GrpcLogAppender.java:mayWait(143)) - GrpcLogAppender(0ad3f89e-804f-4845-89c5-5ff1a35a5dda->68a93ad8-b6a8-44e1-8a9f-45fcc58d229a): Wait interrupted by java.lang.InterruptedException
2019-09-20 04:49:41,185 [0ad3f89e-804f-4845-89c5-5ff1a35a5dda-SegmentedRaftLogWorker:Storage Directory /workdir/hadoop-ozone/integration-test/target/test-dir/MiniOzoneClusterImpl-bb3956c2-c4d1-403a-b406-f8ec73b3905b/datanode-4/data/ratis/8e33dccd-09d7-48b2-a488-764bb6a2ae27] INFO  impl.PendingRequests (PendingRequests.java:sendNotLeaderResponses(202)) - 0ad3f89e-804f-4845-89c5-5ff1a35a5dda-PendingRequests: sendNotLeaderResponses
2019-09-20 04:49:41,185 [org.apache.ratis.server.impl.LogAppender$AppenderDaemon$$Lambda$462/1052616947@2f2b6b72] WARN  server.GrpcLogAppender (GrpcLogAppender.java:mayWait(143)) - GrpcLogAppender(0ad3f89e-804f-4845-89c5-5ff1a35a5dda->a9bc59c4-b792-48d5-9db2-4e71770477b1): Wait interrupted by java.lang.InterruptedException
2019-09-20 04:49:41,185 [0ad3f89e-804f-4845-89c5-5ff1a35a5dda-SegmentedRaftLogWorker:Storage Directory /workdir/hadoop-ozone/integration-test/target/test-dir/MiniOzoneClusterImpl-bb3956c2-c4d1-403a-b406-f8ec73b3905b/datanode-4/data/ratis/8e33dccd-09d7-48b2-a488-764bb6a2ae27] INFO  impl.StateMachineUpdater (StateMachineUpdater.java:stopAndJoin(115)) - StateMachineUpdater:0ad3f89e-804f-4845-89c5-5ff1a35a5dda:group-764BB6A2AE27: set stopIndex = -1
2019-09-20 04:49:41,185 [0ad3f89e-804f-4845-89c5-5ff1a35a5dda-SegmentedRaftLogWorker:Storage Directory /workdir/hadoop-ozone/integration-test/target/test-dir/MiniOzoneClusterImpl-bb3956c2-c4d1-403a-b406-f8ec73b3905b/datanode-4/data/ratis/8e33dccd-09d7-48b2-a488-764bb6a2ae27] INFO  impl.RaftServerImpl (ServerState.java:close(394)) - 0ad3f89e-804f-4845-89c5-5ff1a35a5dda:group-764BB6A2AE27 closes. The last applied log index is -1
2019-09-20 04:49:41,185 [grpc-default-executor-1] INFO  server.GrpcServerProtocolService (GrpcServerProtocolService.java:onCompleted(104)) - 68a93ad8-b6a8-44e1-8a9f-45fcc58d229a: appendEntries completed
2019-09-20 04:49:41,186 [grpc-default-executor-0] INFO  server.GrpcServerProtocolService (GrpcServerProtocolService.java:onCompleted(104)) - a9bc59c4-b792-48d5-9db2-4e71770477b1: appendEntries completed
2019-09-20 04:49:41,185 [0ad3f89e-804f-4845-89c5-5ff1a35a5dda-SegmentedRaftLogWorker:Storage Directory /workdir/hadoop-ozone/integration-test/target/test-dir/MiniOzoneClusterImpl-bb3956c2-c4d1-403a-b406-f8ec73b3905b/datanode-4/data/ratis/8e33dccd-09d7-48b2-a488-764bb6a2ae27] INFO  segmented.SegmentedRaftLogWorker (SegmentedRaftLogWorker.java:close(228)) - 0ad3f89e-804f-4845-89c5-5ff1a35a5dda-SegmentedRaftLogWorker:Storage Directory /workdir/hadoop-ozone/integration-test/target/test-dir/MiniOzoneClusterImpl-bb3956c2-c4d1-403a-b406-f8ec73b3905b/datanode-4/data/ratis/8e33dccd-09d7-48b2-a488-764bb6a2ae27 close()
2019-09-20 04:49:41,196 [68a93ad8-b6a8-44e1-8a9f-45fcc58d229a-SegmentedRaftLogWorker:Storage Directory /workdir/hadoop-ozone/integration-test/target/test-dir/MiniOzoneClusterImpl-bb3956c2-c4d1-403a-b406-f8ec73b3905b/datanode-5/data/ratis/8e33dccd-09d7-48b2-a488-764bb6a2ae27] ERROR segmented.SegmentedRaftLogWorker (SegmentedRaftLogWorker.java:run(323)) - 68a93ad8-b6a8-44e1-8a9f-45fcc58d229a-SegmentedRaftLogWorker:Storage Directory /workdir/hadoop-ozone/integration-test/target/test-dir/MiniOzoneClusterImpl-bb3956c2-c4d1-403a-b406-f8ec73b3905b/datanode-5/data/ratis/8e33dccd-09d7-48b2-a488-764bb6a2ae27 hit exception
java.lang.OutOfMemoryError: Direct buffer memory
	at java.nio.Bits.reserveMemory(Bits.java:666)
	at java.nio.DirectByteBuffer.<init>(DirectByteBuffer.java:123)
	at java.nio.ByteBuffer.allocateDirect(ByteBuffer.java:311)
	at org.apache.ratis.server.raftlog.segmented.BufferedWriteChannel.<init>(BufferedWriteChannel.java:41)
	at org.apache.ratis.server.raftlog.segmented.SegmentedRaftLogOutputStream.<init>(SegmentedRaftLogOutputStream.java:72)
	at org.apache.ratis.server.raftlog.segmented.SegmentedRaftLogWorker$StartLogSegment.execute(SegmentedRaftLogWorker.java:566)
	at org.apache.ratis.server.raftlog.segmented.SegmentedRaftLogWorker.run(SegmentedRaftLogWorker.java:289)
	at java.lang.Thread.run(Thread.java:748)
2019-09-20 04:49:41,196 [grpc-default-executor-0] INFO  server.GrpcLogAppender (GrpcLogAppender.java:onCompleted(292)) - 0ad3f89e-804f-4845-89c5-5ff1a35a5dda->68a93ad8-b6a8-44e1-8a9f-45fcc58d229a: follower responses appendEntries COMPLETED
2019-09-20 04:49:41,196 [grpc-default-executor-1] INFO  server.GrpcLogAppender (GrpcLogAppender.java:onCompleted(292)) - 0ad3f89e-804f-4845-89c5-5ff1a35a5dda->a9bc59c4-b792-48d5-9db2-4e71770477b1: follower responses appendEntries COMPLETED
2019-09-20 04:49:41,196 [68a93ad8-b6a8-44e1-8a9f-45fcc58d229a-SegmentedRaftLogWorker:Storage Directory /workdir/hadoop-ozone/integration-test/target/test-dir/MiniOzoneClusterImpl-bb3956c2-c4d1-403a-b406-f8ec73b3905b/datanode-5/data/ratis/8e33dccd-09d7-48b2-a488-764bb6a2ae27] INFO  impl.RaftServerImpl (RaftServerImpl.java:lambda$shutdown$3(245)) - 68a93ad8-b6a8-44e1-8a9f-45fcc58d229a: shutdown group-764BB6A2AE27
2019-09-20 04:49:41,196 [grpc-default-executor-0] INFO  impl.FollowerInfo (FollowerInfo.java:lambda$new$0(50)) - 0ad3f89e-804f-4845-89c5-5ff1a35a5dda->68a93ad8-b6a8-44e1-8a9f-45fcc58d229a: nextIndex: updateUnconditionally 1 -> 0
2019-09-20 04:49:41,197 [grpc-default-executor-1] INFO  impl.FollowerInfo (FollowerInfo.java:lambda$new$0(50)) - 0ad3f89e-804f-4845-89c5-5ff1a35a5dda->a9bc59c4-b792-48d5-9db2-4e71770477b1: nextIndex: updateUnconditionally 1 -> 0
2019-09-20 04:49:41,197 [68a93ad8-b6a8-44e1-8a9f-45fcc58d229a-SegmentedRaftLogWorker:Storage Directory /workdir/hadoop-ozone/integration-test/target/test-dir/MiniOzoneClusterImpl-bb3956c2-c4d1-403a-b406-f8ec73b3905b/datanode-5/data/ratis/8e33dccd-09d7-48b2-a488-764bb6a2ae27] INFO  util.JmxRegister (JmxRegister.java:unregister(73)) - Successfully un-registered JMX Bean with object name Ratis:service=RaftServer,group=group-764BB6A2AE27,id=68a93ad8-b6a8-44e1-8a9f-45fcc58d229a
2019-09-20 04:49:41,197 [68a93ad8-b6a8-44e1-8a9f-45fcc58d229a-SegmentedRaftLogWorker:Storage Directory /workdir/hadoop-ozone/integration-test/target/test-dir/MiniOzoneClusterImpl-bb3956c2-c4d1-403a-b406-f8ec73b3905b/datanode-5/data/ratis/8e33dccd-09d7-48b2-a488-764bb6a2ae27] INFO  impl.RoleInfo (RoleInfo.java:shutdownFollowerState(121)) - 68a93ad8-b6a8-44e1-8a9f-45fcc58d229a: shutdown FollowerState
2019-09-20 04:49:41,197 [68a93ad8-b6a8-44e1-8a9f-45fcc58d229a-SegmentedRaftLogWorker:Storage Directory /workdir/hadoop-ozone/integration-test/target/test-dir/MiniOzoneClusterImpl-bb3956c2-c4d1-403a-b406-f8ec73b3905b/datanode-5/data/ratis/8e33dccd-09d7-48b2-a488-764bb6a2ae27] INFO  impl.StateMachineUpdater (StateMachineUpdater.java:stopAndJoin(115)) - StateMachineUpdater:68a93ad8-b6a8-44e1-8a9f-45fcc58d229a:group-764BB6A2AE27: set stopIndex = -1
2019-09-20 04:49:41,197 [Thread-1403] INFO  impl.FollowerState (FollowerState.java:run(114)) - 68a93ad8-b6a8-44e1-8a9f-45fcc58d229a: FollowerState was interrupted: java.lang.InterruptedException: sleep interrupted
2019-09-20 04:49:41,197 [68a93ad8-b6a8-44e1-8a9f-45fcc58d229a-SegmentedRaftLogWorker:Storage Directory /workdir/hadoop-ozone/integration-test/target/test-dir/MiniOzoneClusterImpl-bb3956c2-c4d1-403a-b406-f8ec73b3905b/datanode-5/data/ratis/8e33dccd-09d7-48b2-a488-764bb6a2ae27] INFO  impl.RaftServerImpl (ServerState.java:close(394)) - 68a93ad8-b6a8-44e1-8a9f-45fcc58d229a:group-764BB6A2AE27 closes. The last applied log index is -1
2019-09-20 04:49:41,198 [68a93ad8-b6a8-44e1-8a9f-45fcc58d229a-SegmentedRaftLogWorker:Storage Directory /workdir/hadoop-ozone/integration-test/target/test-dir/MiniOzoneClusterImpl-bb3956c2-c4d1-403a-b406-f8ec73b3905b/datanode-5/data/ratis/8e33dccd-09d7-48b2-a488-764bb6a2ae27] INFO  segmented.SegmentedRaftLogWorker (SegmentedRaftLogWorker.java:close(228)) - 68a93ad8-b6a8-44e1-8a9f-45fcc58d229a-SegmentedRaftLogWorker:Storage Directory /workdir/hadoop-ozone/integration-test/target/test-dir/MiniOzoneClusterImpl-bb3956c2-c4d1-403a-b406-f8ec73b3905b/datanode-5/data/ratis/8e33dccd-09d7-48b2-a488-764bb6a2ae27 close()
2019-09-20 04:49:41,644 | INFO  | SCMAudit | user=jenkins1000 | ip=192.168.36.79 | op=SEND_HEARTBEAT {datanodeUUID=fdbc37f2-9e58-4bac-a5d5-a78839d012e9, command=[]} | ret=SUCCESS |  
2019-09-20 04:49:41,644 | INFO  | SCMAudit | user=jenkins1000 | ip=192.168.36.79 | op=SEND_HEARTBEAT {datanodeUUID=f4e549ee-a6fa-4eb9-8541-129d0566fdf5, command=[]} | ret=SUCCESS |  
2019-09-20 04:49:41,645 | INFO  | SCMAudit | user=jenkins1000 | ip=192.168.36.79 | op=SEND_HEARTBEAT {datanodeUUID=bd1a845e-f2ed-4713-9516-9ccc20139040, command=[]} | ret=SUCCESS |  
2019-09-20 04:49:41,645 | INFO  | SCMAudit | user=jenkins1000 | ip=192.168.36.79 | op=SEND_HEARTBEAT {datanodeUUID=a9bc59c4-b792-48d5-9db2-4e71770477b1, command=[]} | ret=SUCCESS |  
2019-09-20 04:49:41,645 | INFO  | SCMAudit | user=jenkins1000 | ip=192.168.36.79 | op=SEND_HEARTBEAT {datanodeUUID=ba95d636-ac34-4b74-a102-dec8d0f377c6, command=[]} | ret=SUCCESS |  
2019-09-20 04:49:41,646 | INFO  | SCMAudit | user=jenkins1000 | ip=192.168.36.79 | op=SEND_HEARTBEAT {datanodeUUID=8538cd65-7926-426b-8bad-fbd0f0550f9a, command=[]} | ret=SUCCESS |  
2019-09-20 04:49:41,646 | INFO  | SCMAudit | user=jenkins1000 | ip=192.168.36.79 | op=SEND_HEARTBEAT {datanodeUUID=1d91ad97-6666-4ee7-855a-8b5e944e7401, command=[]} | ret=SUCCESS |  
2019-09-20 04:49:41,646 | INFO  | SCMAudit | user=jenkins1000 | ip=192.168.36.79 | op=SEND_HEARTBEAT {datanodeUUID=42fc6e92-fcdd-4827-b621-9fc58a3d2315, command=[]} | ret=SUCCESS |  
2019-09-20 04:49:41,646 | INFO  | SCMAudit | user=jenkins1000 | ip=192.168.36.79 | op=SEND_HEARTBEAT {datanodeUUID=3c2a6bfe-f5c5-4e23-89b0-850dab17697d, command=[]} | ret=SUCCESS |  
2019-09-20 04:49:41,647 | INFO  | SCMAudit | user=jenkins1000 | ip=192.168.36.79 | op=SEND_HEARTBEAT {datanodeUUID=236eed40-dd97-4fdc-a0ae-ab99685a426b, command=[]} | ret=SUCCESS |  
2019-09-20 04:49:41,648 | INFO  | SCMAudit | user=jenkins1000 | ip=192.168.36.79 | op=SEND_HEARTBEAT {datanodeUUID=2702b462-69d8-4c1b-aae1-091a21fe08b8, command=[]} | ret=SUCCESS |  
2019-09-20 04:49:41,648 | INFO  | SCMAudit | user=jenkins1000 | ip=192.168.36.79 | op=SEND_HEARTBEAT {datanodeUUID=5ea19b84-5385-4ae9-8412-c4cfa929b172, command=[]} | ret=SUCCESS |  
2019-09-20 04:49:41,648 | INFO  | SCMAudit | user=jenkins1000 | ip=192.168.36.79 | op=SEND_HEARTBEAT {datanodeUUID=68a93ad8-b6a8-44e1-8a9f-45fcc58d229a, command=[]} | ret=SUCCESS |  
2019-09-20 04:49:41,648 | INFO  | SCMAudit | user=jenkins1000 | ip=192.168.36.79 | op=SEND_HEARTBEAT {datanodeUUID=ea71b9af-1075-4196-9693-aa14e10f536d, command=[]} | ret=SUCCESS |  
2019-09-20 04:49:41,648 | INFO  | SCMAudit | user=jenkins1000 | ip=192.168.36.79 | op=SEND_HEARTBEAT {datanodeUUID=2d6465ef-cffa-473a-a4c6-a9aa3f1a26c0, command=[]} | ret=SUCCESS |  
2019-09-20 04:49:41,650 | INFO  | SCMAudit | user=jenkins1000 | ip=192.168.36.79 | op=SEND_HEARTBEAT {datanodeUUID=c4f6294c-eda3-4afd-81f7-e69ed14da69f, command=[]} | ret=SUCCESS |  
2019-09-20 04:49:41,650 | INFO  | SCMAudit | user=jenkins1000 | ip=192.168.36.79 | op=SEND_HEARTBEAT {datanodeUUID=eaf3ecbe-c3b1-4969-ad3a-e4de7fb04f81, command=[]} | ret=SUCCESS |  
2019-09-20 04:49:41,650 | INFO  | SCMAudit | user=jenkins1000 | ip=192.168.36.79 | op=SEND_HEARTBEAT {datanodeUUID=eb30d72f-c0a8-4ecb-bfee-9120a9a6cddf, command=[]} | ret=SUCCESS |  
2019-09-20 04:49:41,650 | INFO  | SCMAudit | user=jenkins1000 | ip=192.168.36.79 | op=SEND_HEARTBEAT {datanodeUUID=dba845b8-ea76-4e09-ab03-0883d354e493, command=[]} | ret=SUCCESS |  
2019-09-20 04:49:41,650 | INFO  | SCMAudit | user=jenkins1000 | ip=192.168.36.79 | op=SEND_HEARTBEAT {datanodeUUID=0ad3f89e-804f-4845-89c5-5ff1a35a5dda, command=[]} | ret=SUCCESS |  
2019-09-20 04:49:41,651 | INFO  | SCMAudit | user=jenkins1000 | ip=192.168.36.79 | op=SEND_HEARTBEAT {datanodeUUID=8d97392c-5f4b-400a-94a1-fb61a3ebbc99, command=[]} | ret=SUCCESS |  
2019-09-20 04:49:42,645 | INFO  | SCMAudit | user=jenkins1000 | ip=192.168.36.79 | op=SEND_HEARTBEAT {datanodeUUID=fdbc37f2-9e58-4bac-a5d5-a78839d012e9, command=[]} | ret=SUCCESS |  
2019-09-20 04:49:42,645 | INFO  | SCMAudit | user=jenkins1000 | ip=192.168.36.79 | op=SEND_HEARTBEAT {datanodeUUID=bd1a845e-f2ed-4713-9516-9ccc20139040, command=[]} | ret=SUCCESS |  
2019-09-20 04:49:42,645 | INFO  | SCMAudit | user=jenkins1000 | ip=192.168.36.79 | op=SEND_HEARTBEAT {datanodeUUID=a9bc59c4-b792-48d5-9db2-4e71770477b1, command=[]} | ret=SUCCESS |  
2019-09-20 04:49:42,645 | INFO  | SCMAudit | user=jenkins1000 | ip=192.168.36.79 | op=SEND_HEARTBEAT {datanodeUUID=f4e549ee-a6fa-4eb9-8541-129d0566fdf5, command=[]} | ret=SUCCESS |  
2019-09-20 04:49:42,645 | INFO  | SCMAudit | user=jenkins1000 | ip=192.168.36.79 | op=SEND_HEARTBEAT {datanodeUUID=ba95d636-ac34-4b74-a102-dec8d0f377c6, command=[]} | ret=SUCCESS |  
2019-09-20 04:49:42,646 | INFO  | SCMAudit | user=jenkins1000 | ip=192.168.36.79 | op=SEND_HEARTBEAT {datanodeUUID=42fc6e92-fcdd-4827-b621-9fc58a3d2315, command=[]} | ret=SUCCESS |  
2019-09-20 04:49:42,646 | INFO  | SCMAudit | user=jenkins1000 | ip=192.168.36.79 | op=SEND_HEARTBEAT {datanodeUUID=1d91ad97-6666-4ee7-855a-8b5e944e7401, command=[]} | ret=SUCCESS |  
2019-09-20 04:49:42,646 | INFO  | SCMAudit | user=jenkins1000 | ip=192.168.36.79 | op=SEND_HEARTBEAT {datanodeUUID=3c2a6bfe-f5c5-4e23-89b0-850dab17697d, command=[]} | ret=SUCCESS |  
2019-09-20 04:49:42,647 | INFO  | SCMAudit | user=jenkins1000 | ip=192.168.36.79 | op=SEND_HEARTBEAT {datanodeUUID=8538cd65-7926-426b-8bad-fbd0f0550f9a, command=[]} | ret=SUCCESS |  
2019-09-20 04:49:42,647 | INFO  | SCMAudit | user=jenkins1000 | ip=192.168.36.79 | op=SEND_HEARTBEAT {datanodeUUID=236eed40-dd97-4fdc-a0ae-ab99685a426b, command=[]} | ret=SUCCESS |  
2019-09-20 04:49:42,647 | INFO  | SCMAudit | user=jenkins1000 | ip=192.168.36.79 | op=SEND_HEARTBEAT {datanodeUUID=2702b462-69d8-4c1b-aae1-091a21fe08b8, command=[]} | ret=SUCCESS |  
2019-09-20 04:49:42,648 | INFO  | SCMAudit | user=jenkins1000 | ip=192.168.36.79 | op=SEND_HEARTBEAT {datanodeUUID=5ea19b84-5385-4ae9-8412-c4cfa929b172, command=[]} | ret=SUCCESS |  
2019-09-20 04:49:42,648 | INFO  | SCMAudit | user=jenkins1000 | ip=192.168.36.79 | op=SEND_HEARTBEAT {datanodeUUID=68a93ad8-b6a8-44e1-8a9f-45fcc58d229a, command=[]} | ret=SUCCESS |  
2019-09-20 04:49:42,648 | INFO  | SCMAudit | user=jenkins1000 | ip=192.168.36.79 | op=SEND_HEARTBEAT {datanodeUUID=ea71b9af-1075-4196-9693-aa14e10f536d, command=[]} | ret=SUCCESS |  
2019-09-20 04:49:42,648 | INFO  | SCMAudit | user=jenkins1000 | ip=192.168.36.79 | op=SEND_HEARTBEAT {datanodeUUID=2d6465ef-cffa-473a-a4c6-a9aa3f1a26c0, command=[]} | ret=SUCCESS |  
2019-09-20 04:49:42,650 | INFO  | SCMAudit | user=jenkins1000 | ip=192.168.36.79 | op=SEND_HEARTBEAT {datanodeUUID=eaf3ecbe-c3b1-4969-ad3a-e4de7fb04f81, command=[]} | ret=SUCCESS |  
2019-09-20 04:49:42,650 | INFO  | SCMAudit | user=jenkins1000 | ip=192.168.36.79 | op=SEND_HEARTBEAT {datanodeUUID=c4f6294c-eda3-4afd-81f7-e69ed14da69f, command=[]} | ret=SUCCESS |  
2019-09-20 04:49:42,650 | INFO  | SCMAudit | user=jenkins1000 | ip=192.168.36.79 | op=SEND_HEARTBEAT {datanodeUUID=dba845b8-ea76-4e09-ab03-0883d354e493, command=[]} | ret=SUCCESS |  
2019-09-20 04:49:42,651 | INFO  | SCMAudit | user=jenkins1000 | ip=192.168.36.79 | op=SEND_HEARTBEAT {datanodeUUID=eb30d72f-c0a8-4ecb-bfee-9120a9a6cddf, command=[]} | ret=SUCCESS |  
2019-09-20 04:49:42,651 | INFO  | SCMAudit | user=jenkins1000 | ip=192.168.36.79 | op=SEND_HEARTBEAT {datanodeUUID=0ad3f89e-804f-4845-89c5-5ff1a35a5dda, command=[]} | ret=SUCCESS |  
2019-09-20 04:49:42,652 | INFO  | SCMAudit | user=jenkins1000 | ip=192.168.36.79 | op=SEND_HEARTBEAT {datanodeUUID=8d97392c-5f4b-400a-94a1-fb61a3ebbc99, command=[]} | ret=SUCCESS |  
2019-09-20 04:49:43,645 | INFO  | SCMAudit | user=jenkins1000 | ip=192.168.36.79 | op=SEND_HEARTBEAT {datanodeUUID=fdbc37f2-9e58-4bac-a5d5-a78839d012e9, command=[]} | ret=SUCCESS |  
2019-09-20 04:49:43,645 | INFO  | SCMAudit | user=jenkins1000 | ip=192.168.36.79 | op=SEND_HEARTBEAT {datanodeUUID=f4e549ee-a6fa-4eb9-8541-129d0566fdf5, command=[]} | ret=SUCCESS |  
2019-09-20 04:49:43,645 | INFO  | SCMAudit | user=jenkins1000 | ip=192.168.36.79 | op=SEND_HEARTBEAT {datanodeUUID=ba95d636-ac34-4b74-a102-dec8d0f377c6, command=[]} | ret=SUCCESS |  
2019-09-20 04:49:43,645 | INFO  | SCMAudit | user=jenkins1000 | ip=192.168.36.79 | op=SEND_HEARTBEAT {datanodeUUID=a9bc59c4-b792-48d5-9db2-4e71770477b1, command=[]} | ret=SUCCESS |  
2019-09-20 04:49:43,645 | INFO  | SCMAudit | user=jenkins1000 | ip=192.168.36.79 | op=SEND_HEARTBEAT {datanodeUUID=bd1a845e-f2ed-4713-9516-9ccc20139040, command=[]} | ret=SUCCESS |  
2019-09-20 04:49:43,646 | INFO  | SCMAudit | user=jenkins1000 | ip=192.168.36.79 | op=SEND_HEARTBEAT {datanodeUUID=1d91ad97-6666-4ee7-855a-8b5e944e7401, command=[]} | ret=SUCCESS |  
2019-09-20 04:49:43,646 | INFO  | SCMAudit | user=jenkins1000 | ip=192.168.36.79 | op=SEND_HEARTBEAT {datanodeUUID=42fc6e92-fcdd-4827-b621-9fc58a3d2315, command=[]} | ret=SUCCESS |  
2019-09-20 04:49:43,646 | INFO  | SCMAudit | user=jenkins1000 | ip=192.168.36.79 | op=SEND_HEARTBEAT {datanodeUUID=3c2a6bfe-f5c5-4e23-89b0-850dab17697d, command=[]} | ret=SUCCESS |  
2019-09-20 04:49:43,647 | INFO  | SCMAudit | user=jenkins1000 | ip=192.168.36.79 | op=SEND_HEARTBEAT {datanodeUUID=236eed40-dd97-4fdc-a0ae-ab99685a426b, command=[]} | ret=SUCCESS |  
2019-09-20 04:49:43,647 | INFO  | SCMAudit | user=jenkins1000 | ip=192.168.36.79 | op=SEND_HEARTBEAT {datanodeUUID=2702b462-69d8-4c1b-aae1-091a21fe08b8, command=[]} | ret=SUCCESS |  
2019-09-20 04:49:43,647 | INFO  | SCMAudit | user=jenkins1000 | ip=192.168.36.79 | op=SEND_HEARTBEAT {datanodeUUID=8538cd65-7926-426b-8bad-fbd0f0550f9a, command=[]} | ret=SUCCESS |  
2019-09-20 04:49:43,648 | INFO  | SCMAudit | user=jenkins1000 | ip=192.168.36.79 | op=SEND_HEARTBEAT {datanodeUUID=68a93ad8-b6a8-44e1-8a9f-45fcc58d229a, command=[]} | ret=SUCCESS |  
2019-09-20 04:49:43,648 | INFO  | SCMAudit | user=jenkins1000 | ip=192.168.36.79 | op=SEND_HEARTBEAT {datanodeUUID=ea71b9af-1075-4196-9693-aa14e10f536d, command=[]} | ret=SUCCESS |  
2019-09-20 04:49:43,648 | INFO  | SCMAudit | user=jenkins1000 | ip=192.168.36.79 | op=SEND_HEARTBEAT {datanodeUUID=2d6465ef-cffa-473a-a4c6-a9aa3f1a26c0, command=[]} | ret=SUCCESS |  
2019-09-20 04:49:43,648 | INFO  | SCMAudit | user=jenkins1000 | ip=192.168.36.79 | op=SEND_HEARTBEAT {datanodeUUID=5ea19b84-5385-4ae9-8412-c4cfa929b172, command=[]} | ret=SUCCESS |  
2019-09-20 04:49:43,649 | INFO  | SCMAudit | user=jenkins1000 | ip=192.168.36.79 | op=SEND_HEARTBEAT {datanodeUUID=eaf3ecbe-c3b1-4969-ad3a-e4de7fb04f81, command=[]} | ret=SUCCESS |  
2019-09-20 04:49:43,649 | INFO  | SCMAudit | user=jenkins1000 | ip=192.168.36.79 | op=SEND_HEARTBEAT {datanodeUUID=c4f6294c-eda3-4afd-81f7-e69ed14da69f, command=[]} | ret=SUCCESS |  
2019-09-20 04:49:43,650 | INFO  | SCMAudit | user=jenkins1000 | ip=192.168.36.79 | op=SEND_HEARTBEAT {datanodeUUID=dba845b8-ea76-4e09-ab03-0883d354e493, command=[]} | ret=SUCCESS |  
2019-09-20 04:49:43,651 | INFO  | SCMAudit | user=jenkins1000 | ip=192.168.36.79 | op=SEND_HEARTBEAT {datanodeUUID=eb30d72f-c0a8-4ecb-bfee-9120a9a6cddf, command=[]} | ret=SUCCESS |  
2019-09-20 04:49:43,651 | INFO  | SCMAudit | user=jenkins1000 | ip=192.168.36.79 | op=SEND_HEARTBEAT {datanodeUUID=0ad3f89e-804f-4845-89c5-5ff1a35a5dda, command=[]} | ret=SUCCESS |  
2019-09-20 04:49:43,652 | INFO  | SCMAudit | user=jenkins1000 | ip=192.168.36.79 | op=SEND_HEARTBEAT {datanodeUUID=8d97392c-5f4b-400a-94a1-fb61a3ebbc99, command=[]} | ret=SUCCESS |  
2019-09-20 04:49:44,645 | INFO  | SCMAudit | user=jenkins1000 | ip=192.168.36.79 | op=SEND_HEARTBEAT {datanodeUUID=fdbc37f2-9e58-4bac-a5d5-a78839d012e9, command=[]} | ret=SUCCESS |  
2019-09-20 04:49:44,645 | INFO  | SCMAudit | user=jenkins1000 | ip=192.168.36.79 | op=SEND_HEARTBEAT {datanodeUUID=f4e549ee-a6fa-4eb9-8541-129d0566fdf5, command=[]} | ret=SUCCESS |  
2019-09-20 04:49:44,645 | INFO  | SCMAudit | user=jenkins1000 | ip=192.168.36.79 | op=SEND_HEARTBEAT {datanodeUUID=ba95d636-ac34-4b74-a102-dec8d0f377c6, command=[]} | ret=SUCCESS |  
2019-09-20 04:49:44,645 | INFO  | SCMAudit | user=jenkins1000 | ip=192.168.36.79 | op=SEND_HEARTBEAT {datanodeUUID=bd1a845e-f2ed-4713-9516-9ccc20139040, command=[]} | ret=SUCCESS |  
2019-09-20 04:49:44,645 | INFO  | SCMAudit | user=jenkins1000 | ip=192.168.36.79 | op=SEND_HEARTBEAT {datanodeUUID=a9bc59c4-b792-48d5-9db2-4e71770477b1, command=[]} | ret=SUCCESS |  
2019-09-20 04:49:44,646 | INFO  | SCMAudit | user=jenkins1000 | ip=192.168.36.79 | op=SEND_HEARTBEAT {datanodeUUID=42fc6e92-fcdd-4827-b621-9fc58a3d2315, command=[]} | ret=SUCCESS |  
2019-09-20 04:49:44,646 | INFO  | SCMAudit | user=jenkins1000 | ip=192.168.36.79 | op=SEND_HEARTBEAT {datanodeUUID=3c2a6bfe-f5c5-4e23-89b0-850dab17697d, command=[]} | ret=SUCCESS |  
2019-09-20 04:49:44,646 | INFO  | SCMAudit | user=jenkins1000 | ip=192.168.36.79 | op=SEND_HEARTBEAT {datanodeUUID=1d91ad97-6666-4ee7-855a-8b5e944e7401, command=[]} | ret=SUCCESS |  
2019-09-20 04:49:44,647 | INFO  | SCMAudit | user=jenkins1000 | ip=192.168.36.79 | op=SEND_HEARTBEAT {datanodeUUID=236eed40-dd97-4fdc-a0ae-ab99685a426b, command=[]} | ret=SUCCESS |  
2019-09-20 04:49:44,647 | INFO  | SCMAudit | user=jenkins1000 | ip=192.168.36.79 | op=SEND_HEARTBEAT {datanodeUUID=2702b462-69d8-4c1b-aae1-091a21fe08b8, command=[]} | ret=SUCCESS |  
2019-09-20 04:49:44,647 | INFO  | SCMAudit | user=jenkins1000 | ip=192.168.36.79 | op=SEND_HEARTBEAT {datanodeUUID=8538cd65-7926-426b-8bad-fbd0f0550f9a, command=[]} | ret=SUCCESS |  
2019-09-20 04:49:44,648 | INFO  | SCMAudit | user=jenkins1000 | ip=192.168.36.79 | op=SEND_HEARTBEAT {datanodeUUID=2d6465ef-cffa-473a-a4c6-a9aa3f1a26c0, command=[]} | ret=SUCCESS |  
2019-09-20 04:49:44,648 | INFO  | SCMAudit | user=jenkins1000 | ip=192.168.36.79 | op=SEND_HEARTBEAT {datanodeUUID=68a93ad8-b6a8-44e1-8a9f-45fcc58d229a, command=[]} | ret=SUCCESS |  
2019-09-20 04:49:44,648 | INFO  | SCMAudit | user=jenkins1000 | ip=192.168.36.79 | op=SEND_HEARTBEAT {datanodeUUID=ea71b9af-1075-4196-9693-aa14e10f536d, command=[]} | ret=SUCCESS |  
2019-09-20 04:49:44,648 | INFO  | SCMAudit | user=jenkins1000 | ip=192.168.36.79 | op=SEND_HEARTBEAT {datanodeUUID=5ea19b84-5385-4ae9-8412-c4cfa929b172, command=[]} | ret=SUCCESS |  
2019-09-20 04:49:44,649 | INFO  | SCMAudit | user=jenkins1000 | ip=192.168.36.79 | op=SEND_HEARTBEAT {datanodeUUID=eaf3ecbe-c3b1-4969-ad3a-e4de7fb04f81, command=[]} | ret=SUCCESS |  
2019-09-20 04:49:44,649 | INFO  | SCMAudit | user=jenkins1000 | ip=192.168.36.79 | op=SEND_HEARTBEAT {datanodeUUID=c4f6294c-eda3-4afd-81f7-e69ed14da69f, command=[]} | ret=SUCCESS |  
2019-09-20 04:49:44,650 | INFO  | SCMAudit | user=jenkins1000 | ip=192.168.36.79 | op=SEND_HEARTBEAT {datanodeUUID=eb30d72f-c0a8-4ecb-bfee-9120a9a6cddf, command=[]} | ret=SUCCESS |  
2019-09-20 04:49:44,651 | INFO  | SCMAudit | user=jenkins1000 | ip=192.168.36.79 | op=SEND_HEARTBEAT {datanodeUUID=0ad3f89e-804f-4845-89c5-5ff1a35a5dda, command=[]} | ret=SUCCESS |  
2019-09-20 04:49:44,651 | INFO  | SCMAudit | user=jenkins1000 | ip=192.168.36.79 | op=SEND_HEARTBEAT {datanodeUUID=dba845b8-ea76-4e09-ab03-0883d354e493, command=[]} | ret=SUCCESS |  
2019-09-20 04:49:44,652 | INFO  | SCMAudit | user=jenkins1000 | ip=192.168.36.79 | op=SEND_HEARTBEAT {datanodeUUID=8d97392c-5f4b-400a-94a1-fb61a3ebbc99, command=[]} | ret=SUCCESS |  
2019-09-20 04:49:45,644 | INFO  | SCMAudit | user=jenkins1000 | ip=192.168.36.79 | op=SEND_HEARTBEAT {datanodeUUID=fdbc37f2-9e58-4bac-a5d5-a78839d012e9, command=[]} | ret=SUCCESS |  
2019-09-20 04:49:45,644 | INFO  | SCMAudit | user=jenkins1000 | ip=192.168.36.79 | op=SEND_HEARTBEAT {datanodeUUID=f4e549ee-a6fa-4eb9-8541-129d0566fdf5, command=[]} | ret=SUCCESS |  
2019-09-20 04:49:45,646 | INFO  | SCMAudit | user=jenkins1000 | ip=192.168.36.79 | op=SEND_HEARTBEAT {datanodeUUID=bd1a845e-f2ed-4713-9516-9ccc20139040, command=[]} | ret=SUCCESS |  
2019-09-20 04:49:45,646 | INFO  | SCMAudit | user=jenkins1000 | ip=192.168.36.79 | op=SEND_HEARTBEAT {datanodeUUID=ba95d636-ac34-4b74-a102-dec8d0f377c6, command=[]} | ret=SUCCESS |  
2019-09-20 04:49:45,646 | INFO  | SCMAudit | user=jenkins1000 | ip=192.168.36.79 | op=SEND_HEARTBEAT {datanodeUUID=a9bc59c4-b792-48d5-9db2-4e71770477b1, command=[]} | ret=SUCCESS |  
2019-09-20 04:49:45,646 | INFO  | SCMAudit | user=jenkins1000 | ip=192.168.36.79 | op=SEND_HEARTBEAT {datanodeUUID=1d91ad97-6666-4ee7-855a-8b5e944e7401, command=[]} | ret=SUCCESS |  
2019-09-20 04:49:45,655 | INFO  | SCMAudit | user=jenkins1000 | ip=192.168.36.79 | op=SEND_HEARTBEAT {datanodeUUID=dba845b8-ea76-4e09-ab03-0883d354e493, command=[]} | ret=SUCCESS |  
2019-09-20 04:49:45,656 | INFO  | SCMAudit | user=jenkins1000 | ip=192.168.36.79 | op=SEND_HEARTBEAT {datanodeUUID=c4f6294c-eda3-4afd-81f7-e69ed14da69f, command=[]} | ret=SUCCESS |  
2019-09-20 04:49:45,656 | INFO  | SCMAudit | user=jenkins1000 | ip=192.168.36.79 | op=SEND_HEARTBEAT {datanodeUUID=8d97392c-5f4b-400a-94a1-fb61a3ebbc99, command=[]} | ret=SUCCESS |  
2019-09-20 04:49:45,656 | INFO  | SCMAudit | user=jenkins1000 | ip=192.168.36.79 | op=SEND_HEARTBEAT {datanodeUUID=3c2a6bfe-f5c5-4e23-89b0-850dab17697d, command=[]} | ret=SUCCESS |  
2019-09-20 04:49:45,656 | INFO  | SCMAudit | user=jenkins1000 | ip=192.168.36.79 | op=SEND_HEARTBEAT {datanodeUUID=eaf3ecbe-c3b1-4969-ad3a-e4de7fb04f81, command=[]} | ret=SUCCESS |  
2019-09-20 04:49:45,657 | INFO  | SCMAudit | user=jenkins1000 | ip=192.168.36.79 | op=SEND_HEARTBEAT {datanodeUUID=68a93ad8-b6a8-44e1-8a9f-45fcc58d229a, command=[]} | ret=SUCCESS |  
2019-09-20 04:49:45,657 | INFO  | SCMAudit | user=jenkins1000 | ip=192.168.36.79 | op=SEND_HEARTBEAT {datanodeUUID=eb30d72f-c0a8-4ecb-bfee-9120a9a6cddf, command=[]} | ret=SUCCESS |  
2019-09-20 04:49:45,657 | INFO  | SCMAudit | user=jenkins1000 | ip=192.168.36.79 | op=SEND_HEARTBEAT {datanodeUUID=5ea19b84-5385-4ae9-8412-c4cfa929b172, command=[]} | ret=SUCCESS |  
2019-09-20 04:49:45,657 | INFO  | SCMAudit | user=jenkins1000 | ip=192.168.36.79 | op=SEND_HEARTBEAT {datanodeUUID=0ad3f89e-804f-4845-89c5-5ff1a35a5dda, command=[]} | ret=SUCCESS |  
2019-09-20 04:49:45,657 | INFO  | SCMAudit | user=jenkins1000 | ip=192.168.36.79 | op=SEND_HEARTBEAT {datanodeUUID=236eed40-dd97-4fdc-a0ae-ab99685a426b, command=[]} | ret=SUCCESS |  
2019-09-20 04:49:45,657 | INFO  | SCMAudit | user=jenkins1000 | ip=192.168.36.79 | op=SEND_HEARTBEAT {datanodeUUID=8538cd65-7926-426b-8bad-fbd0f0550f9a, command=[]} | ret=SUCCESS |  
2019-09-20 04:49:45,677 | INFO  | SCMAudit | user=jenkins1000 | ip=192.168.36.79 | op=SEND_HEARTBEAT {datanodeUUID=2702b462-69d8-4c1b-aae1-091a21fe08b8, command=[]} | ret=SUCCESS |  
2019-09-20 04:49:45,677 | INFO  | SCMAudit | user=jenkins1000 | ip=192.168.36.79 | op=SEND_HEARTBEAT {datanodeUUID=ea71b9af-1075-4196-9693-aa14e10f536d, command=[]} | ret=SUCCESS |  
2019-09-20 04:49:45,677 | INFO  | SCMAudit | user=jenkins1000 | ip=192.168.36.79 | op=SEND_HEARTBEAT {datanodeUUID=2d6465ef-cffa-473a-a4c6-a9aa3f1a26c0, command=[]} | ret=SUCCESS |  
2019-09-20 04:49:45,677 | INFO  | SCMAudit | user=jenkins1000 | ip=192.168.36.79 | op=SEND_HEARTBEAT {datanodeUUID=42fc6e92-fcdd-4827-b621-9fc58a3d2315, command=[]} | ret=SUCCESS |  
]]></system-out>
    <system-err><![CDATA[Sep 20, 2019 4:49:04 AM com.sun.jersey.server.impl.application.WebApplicationImpl _initiate
INFO: Initiating Jersey application, version 'Jersey: 1.19 02/11/2015 03:25 AM'
Sep 20, 2019 4:49:05 AM com.sun.jersey.server.impl.application.WebApplicationImpl _initiate
INFO: Initiating Jersey application, version 'Jersey: 1.19 02/11/2015 03:25 AM'
Sep 20, 2019 4:49:05 AM com.sun.jersey.server.impl.application.WebApplicationImpl _initiate
INFO: Initiating Jersey application, version 'Jersey: 1.19 02/11/2015 03:25 AM'
Sep 20, 2019 4:49:06 AM com.sun.jersey.server.impl.application.WebApplicationImpl _initiate
INFO: Initiating Jersey application, version 'Jersey: 1.19 02/11/2015 03:25 AM'
Sep 20, 2019 4:49:07 AM com.sun.jersey.server.impl.application.WebApplicationImpl _initiate
INFO: Initiating Jersey application, version 'Jersey: 1.19 02/11/2015 03:25 AM'
Sep 20, 2019 4:49:09 AM com.sun.jersey.server.impl.application.WebApplicationImpl _initiate
INFO: Initiating Jersey application, version 'Jersey: 1.19 02/11/2015 03:25 AM'
Sep 20, 2019 4:49:09 AM com.sun.jersey.server.impl.application.WebApplicationImpl _initiate
INFO: Initiating Jersey application, version 'Jersey: 1.19 02/11/2015 03:25 AM'
]]></system-err>
  </testcase>
  <testcase name="testWatchForCommitForGroupMismatchException" classname="org.apache.hadoop.ozone.client.rpc.TestWatchForCommit" time="9.716">
    <error message="Could not allocate container. Cannot get any matching pipeline for Type:RATIS, Factor:THREE, State:PipelineState.OPEN&#10;	at org.apache.hadoop.hdds.scm.container.ContainerStateManager.allocateContainer(ContainerStateManager.java:260)&#10;	at org.apache.hadoop.hdds.scm.container.SCMContainerManager.allocateContainer(SCMContainerManager.java:247)&#10;	at org.apache.hadoop.hdds.scm.server.SCMClientProtocolServer.allocateContainer(SCMClientProtocolServer.java:186)&#10;	at org.apache.hadoop.ozone.protocolPB.StorageContainerLocationProtocolServerSideTranslatorPB.allocateContainer(StorageContainerLocationProtocolServerSideTranslatorPB.java:115)&#10;	at org.apache.hadoop.hdds.protocol.proto.StorageContainerLocationProtocolProtos$StorageContainerLocationProtocolService$2.callBlockingMethod(StorageContainerLocationProtocolProtos.java:19079)&#10;	at org.apache.hadoop.ipc.ProtobufRpcEngine$Server$ProtoBufRpcInvoker.call(ProtobufRpcEngine.java:524)&#10;	at org.apache.hadoop.ipc.RPC$Server.call(RPC.java:1025)&#10;	at org.apache.hadoop.ipc.Server$RpcCall.run(Server.java:876)&#10;	at org.apache.hadoop.ipc.Server$RpcCall.run(Server.java:822)&#10;	at java.security.AccessController.doPrivileged(Native Method)&#10;	at javax.security.auth.Subject.doAs(Subject.java:422)&#10;	at org.apache.hadoop.security.UserGroupInformation.doAs(UserGroupInformation.java:1730)&#10;	at org.apache.hadoop.ipc.Server$Handler.run(Server.java:2682)&#10;" type="org.apache.hadoop.ipc.RemoteException(java.io.IOException)">org.apache.hadoop.ipc.RemoteException(java.io.IOException): Could not allocate container. Cannot get any matching pipeline for Type:RATIS, Factor:THREE, State:PipelineState.OPEN
	at org.apache.hadoop.hdds.scm.container.ContainerStateManager.allocateContainer(ContainerStateManager.java:260)
	at org.apache.hadoop.hdds.scm.container.SCMContainerManager.allocateContainer(SCMContainerManager.java:247)
	at org.apache.hadoop.hdds.scm.server.SCMClientProtocolServer.allocateContainer(SCMClientProtocolServer.java:186)
	at org.apache.hadoop.ozone.protocolPB.StorageContainerLocationProtocolServerSideTranslatorPB.allocateContainer(StorageContainerLocationProtocolServerSideTranslatorPB.java:115)
	at org.apache.hadoop.hdds.protocol.proto.StorageContainerLocationProtocolProtos$StorageContainerLocationProtocolService$2.callBlockingMethod(StorageContainerLocationProtocolProtos.java:19079)
	at org.apache.hadoop.ipc.ProtobufRpcEngine$Server$ProtoBufRpcInvoker.call(ProtobufRpcEngine.java:524)
	at org.apache.hadoop.ipc.RPC$Server.call(RPC.java:1025)
	at org.apache.hadoop.ipc.Server$RpcCall.run(Server.java:876)
	at org.apache.hadoop.ipc.Server$RpcCall.run(Server.java:822)
	at java.security.AccessController.doPrivileged(Native Method)
	at javax.security.auth.Subject.doAs(Subject.java:422)
	at org.apache.hadoop.security.UserGroupInformation.doAs(UserGroupInformation.java:1730)
	at org.apache.hadoop.ipc.Server$Handler.run(Server.java:2682)

	at org.apache.hadoop.ipc.Client.getRpcResponse(Client.java:1511)
	at org.apache.hadoop.ipc.Client.call(Client.java:1457)
	at org.apache.hadoop.ipc.Client.call(Client.java:1367)
	at org.apache.hadoop.ipc.ProtobufRpcEngine$Invoker.invoke(ProtobufRpcEngine.java:228)
	at org.apache.hadoop.ipc.ProtobufRpcEngine$Invoker.invoke(ProtobufRpcEngine.java:116)
	at com.sun.proxy.$Proxy34.allocateContainer(Unknown Source)
	at org.apache.hadoop.hdds.scm.protocolPB.StorageContainerLocationProtocolClientSideTranslatorPB.allocateContainer(StorageContainerLocationProtocolClientSideTranslatorPB.java:125)
	at org.apache.hadoop.ozone.client.rpc.TestWatchForCommit.testWatchForCommitForGroupMismatchException(TestWatchForCommit.java:419)
	at sun.reflect.NativeMethodAccessorImpl.invoke0(Native Method)
	at sun.reflect.NativeMethodAccessorImpl.invoke(NativeMethodAccessorImpl.java:62)
	at sun.reflect.DelegatingMethodAccessorImpl.invoke(DelegatingMethodAccessorImpl.java:43)
	at java.lang.reflect.Method.invoke(Method.java:498)
	at org.junit.runners.model.FrameworkMethod$1.runReflectiveCall(FrameworkMethod.java:47)
	at org.junit.internal.runners.model.ReflectiveCallable.run(ReflectiveCallable.java:12)
	at org.junit.runners.model.FrameworkMethod.invokeExplosively(FrameworkMethod.java:44)
	at org.junit.internal.runners.statements.InvokeMethod.evaluate(InvokeMethod.java:17)
	at org.junit.runners.ParentRunner.runLeaf(ParentRunner.java:271)
	at org.junit.runners.BlockJUnit4ClassRunner.runChild(BlockJUnit4ClassRunner.java:70)
	at org.junit.runners.BlockJUnit4ClassRunner.runChild(BlockJUnit4ClassRunner.java:50)
	at org.junit.runners.ParentRunner$3.run(ParentRunner.java:238)
	at org.junit.runners.ParentRunner$1.schedule(ParentRunner.java:63)
	at org.junit.runners.ParentRunner.runChildren(ParentRunner.java:236)
	at org.junit.runners.ParentRunner.access$000(ParentRunner.java:53)
	at org.junit.runners.ParentRunner$2.evaluate(ParentRunner.java:229)
	at org.junit.runners.ParentRunner.run(ParentRunner.java:309)
	at org.apache.maven.surefire.junit4.JUnit4Provider.execute(JUnit4Provider.java:365)
	at org.apache.maven.surefire.junit4.JUnit4Provider.executeWithRerun(JUnit4Provider.java:273)
	at org.apache.maven.surefire.junit4.JUnit4Provider.executeTestSet(JUnit4Provider.java:238)
	at org.apache.maven.surefire.junit4.JUnit4Provider.invoke(JUnit4Provider.java:159)
	at org.apache.maven.surefire.booter.ForkedBooter.invokeProviderInSameClassLoader(ForkedBooter.java:384)
	at org.apache.maven.surefire.booter.ForkedBooter.runSuitesInProcess(ForkedBooter.java:345)
	at org.apache.maven.surefire.booter.ForkedBooter.execute(ForkedBooter.java:126)
	at org.apache.maven.surefire.booter.ForkedBooter.main(ForkedBooter.java:418)
</error>
    <system-out><![CDATA[2019-09-20 04:49:45,898 [main] WARN  server.ServerUtils (ServerUtils.java:getScmDbDir(145)) - ozone.scm.db.dirs is not configured. We recommend adding this setting. Falling back to ozone.metadata.dirs instead.
2019-09-20 04:49:45,919 [main] WARN  server.ServerUtils (ServerUtils.java:getScmDbDir(145)) - ozone.scm.db.dirs is not configured. We recommend adding this setting. Falling back to ozone.metadata.dirs instead.
2019-09-20 04:49:45,919 [main] WARN  server.ServerUtils (ServerUtils.java:getScmDbDir(145)) - ozone.scm.db.dirs is not configured. We recommend adding this setting. Falling back to ozone.metadata.dirs instead.
2019-09-20 04:49:45,919 [main] INFO  db.DBStoreBuilder (DBStoreBuilder.java:addTable(110)) - using custom profile for table: deletedBlocks
2019-09-20 04:49:45,920 [main] INFO  db.DBStoreBuilder (DBStoreBuilder.java:processTables(161)) - Using default column profile:DBProfile.DISK for Table:deletedBlocks
2019-09-20 04:49:45,920 [main] INFO  db.DBStoreBuilder (DBStoreBuilder.java:addTable(110)) - using custom profile for table: validCerts
2019-09-20 04:49:45,920 [main] INFO  db.DBStoreBuilder (DBStoreBuilder.java:processTables(161)) - Using default column profile:DBProfile.DISK for Table:validCerts
2019-09-20 04:49:45,920 [main] INFO  db.DBStoreBuilder (DBStoreBuilder.java:addTable(110)) - using custom profile for table: revokedCerts
2019-09-20 04:49:45,921 [main] INFO  db.DBStoreBuilder (DBStoreBuilder.java:processTables(161)) - Using default column profile:DBProfile.DISK for Table:revokedCerts
2019-09-20 04:49:45,921 [main] INFO  db.DBStoreBuilder (DBStoreBuilder.java:addTable(110)) - using custom profile for table: default
2019-09-20 04:49:45,921 [main] INFO  db.DBStoreBuilder (DBStoreBuilder.java:processTables(167)) - Using default column profile:DBProfile.DISK for Table:default
2019-09-20 04:49:45,921 [main] INFO  db.DBStoreBuilder (DBStoreBuilder.java:getDbProfile(198)) - Using default options. DBProfile.DISK
2019-09-20 04:49:46,117 [main] INFO  net.NodeSchemaLoader (NodeSchemaLoader.java:loadSchemaFromFile(125)) - Loading file from sun.misc.CompoundEnumeration@3d5e0bf0
2019-09-20 04:49:46,117 [main] INFO  net.NodeSchemaLoader (NodeSchemaLoader.java:loadSchema(171)) - Loading network topology layer schema file
2019-09-20 04:49:46,121 [main] INFO  node.SCMNodeManager (SCMNodeManager.java:<init>(121)) - Entering startup safe mode.
2019-09-20 04:49:46,122 [main] INFO  algorithms.ContainerPlacementPolicyFactory (ContainerPlacementPolicyFactory.java:getPolicy(56)) - Create container placement policy of type org.apache.hadoop.hdds.scm.container.placement.algorithms.SCMContainerPlacementRandom
2019-09-20 04:49:46,122 [main] WARN  server.ServerUtils (ServerUtils.java:getScmDbDir(145)) - ozone.scm.db.dirs is not configured. We recommend adding this setting. Falling back to ozone.metadata.dirs instead.
2019-09-20 04:49:46,198 [main] INFO  pipeline.SCMPipelineManager (SCMPipelineManager.java:initializePipelineState(126)) - No pipeline exists in current db
2019-09-20 04:49:46,198 [main] WARN  server.ServerUtils (ServerUtils.java:getScmDbDir(145)) - ozone.scm.db.dirs is not configured. We recommend adding this setting. Falling back to ozone.metadata.dirs instead.
2019-09-20 04:49:46,279 [main] WARN  events.EventQueue (EventQueue.java:fireEvent(175)) - No event handler registered for event TypedEvent{payloadType=SafeModeStatus, name='SafeModeStatus'}
2019-09-20 04:49:46,280 [main] INFO  ipc.CallQueueManager (CallQueueManager.java:<init>(84)) - Using callQueue: class java.util.concurrent.LinkedBlockingQueue, queueCapacity: 2000, scheduler: class org.apache.hadoop.ipc.DefaultRpcScheduler, ipcBackoff: false.
2019-09-20 04:49:46,281 [Socket Reader #1 for port 42399] INFO  ipc.Server (Server.java:run(1074)) - Starting Socket Reader #1 for port 42399
2019-09-20 04:49:46,289 [main] INFO  ipc.CallQueueManager (CallQueueManager.java:<init>(84)) - Using callQueue: class java.util.concurrent.LinkedBlockingQueue, queueCapacity: 2000, scheduler: class org.apache.hadoop.ipc.DefaultRpcScheduler, ipcBackoff: false.
2019-09-20 04:49:46,290 [Socket Reader #1 for port 34965] INFO  ipc.Server (Server.java:run(1074)) - Starting Socket Reader #1 for port 34965
2019-09-20 04:49:46,297 [main] INFO  ipc.CallQueueManager (CallQueueManager.java:<init>(84)) - Using callQueue: class java.util.concurrent.LinkedBlockingQueue, queueCapacity: 2000, scheduler: class org.apache.hadoop.ipc.DefaultRpcScheduler, ipcBackoff: false.
2019-09-20 04:49:46,298 [Socket Reader #1 for port 41584] INFO  ipc.Server (Server.java:run(1074)) - Starting Socket Reader #1 for port 41584
2019-09-20 04:49:46,305 [main] INFO  hdfs.DFSUtil (DFSUtil.java:httpServerTemplateForNNAndJN(1641)) - Starting Web-server for scm at: http://0.0.0.0:0
2019-09-20 04:49:46,307 [main] INFO  server.AuthenticationFilter (AuthenticationFilter.java:constructSecretProvider(240)) - Unable to initialize FileSignerSecretProvider, falling back to use random secrets.
2019-09-20 04:49:46,307 [main] WARN  http.HttpRequestLog (HttpRequestLog.java:getRequestLog(97)) - Jetty request log can only be enabled using Log4j
2019-09-20 04:49:46,309 [main] INFO  http.HttpServer2 (HttpServer2.java:addGlobalFilter(975)) - Added global filter 'safety' (class=org.apache.hadoop.http.HttpServer2$QuotingInputFilter)
2019-09-20 04:49:46,310 [main] INFO  http.HttpServer2 (HttpServer2.java:addFilter(948)) - Added filter static_user_filter (class=org.apache.hadoop.http.lib.StaticUserWebFilter$StaticUserFilter) to context scm
2019-09-20 04:49:46,310 [main] INFO  http.HttpServer2 (HttpServer2.java:addFilter(958)) - Added filter static_user_filter (class=org.apache.hadoop.http.lib.StaticUserWebFilter$StaticUserFilter) to context logs
2019-09-20 04:49:46,310 [main] INFO  http.HttpServer2 (HttpServer2.java:addFilter(958)) - Added filter static_user_filter (class=org.apache.hadoop.http.lib.StaticUserWebFilter$StaticUserFilter) to context static
2019-09-20 04:49:46,314 [main] INFO  server.StorageContainerManager (StorageContainerManager.java:start(759)) - StorageContainerLocationProtocol RPC server is listening at /0.0.0.0:41584
2019-09-20 04:49:46,314 [main] INFO  impl.MetricsSystemImpl (MetricsSystemImpl.java:init(158)) - StorageContainerManager metrics system started (again)
2019-09-20 04:49:46,428 [main] INFO  server.SCMClientProtocolServer (SCMClientProtocolServer.java:start(151)) - RPC server for Client  is listening at /0.0.0.0:41584
2019-09-20 04:49:46,428 [IPC Server Responder] INFO  ipc.Server (Server.java:run(1314)) - IPC Server Responder: starting
2019-09-20 04:49:46,428 [IPC Server listener on 41584] INFO  ipc.Server (Server.java:run(1153)) - IPC Server listener on 41584: starting
2019-09-20 04:49:46,452 [main] INFO  server.StorageContainerManager (StorageContainerManager.java:start(769)) - ScmBlockLocationProtocol RPC server is listening at /0.0.0.0:34965
2019-09-20 04:49:46,452 [main] INFO  server.SCMBlockProtocolServer (SCMBlockProtocolServer.java:start(140)) - RPC server for Block Protocol is listening at /0.0.0.0:34965
2019-09-20 04:49:46,452 [IPC Server Responder] INFO  ipc.Server (Server.java:run(1314)) - IPC Server Responder: starting
2019-09-20 04:49:46,452 [IPC Server listener on 34965] INFO  ipc.Server (Server.java:run(1153)) - IPC Server listener on 34965: starting
2019-09-20 04:49:46,470 [main] INFO  server.StorageContainerManager (StorageContainerManager.java:start(773)) - ScmDatanodeProtocl RPC server is listening at /0.0.0.0:42399
2019-09-20 04:49:46,471 [main] INFO  server.SCMDatanodeProtocolServer (SCMDatanodeProtocolServer.java:start(191)) - RPC server for DataNodes is listening at /0.0.0.0:42399
2019-09-20 04:49:46,471 [IPC Server Responder] INFO  ipc.Server (Server.java:run(1314)) - IPC Server Responder: starting
2019-09-20 04:49:46,471 [IPC Server listener on 42399] INFO  ipc.Server (Server.java:run(1153)) - IPC Server listener on 42399: starting
2019-09-20 04:49:46,488 [main] INFO  http.HttpServer2 (HttpServer2.java:bindListener(1191)) - Jetty bound to port 42137
2019-09-20 04:49:46,488 [main] INFO  server.Server (Server.java:doStart(351)) - jetty-9.3.24.v20180605, build timestamp: 2018-06-05T17:11:56Z, git hash: 84205aa28f11a4f31f2a3b86d1bba2cc8ab69827
2019-09-20 04:49:46,489 [main] INFO  handler.ContextHandler (ContextHandler.java:doStart(781)) - Started o.e.j.s.ServletContextHandler@59db8216{/logs,file:///workdir/hadoop-ozone/integration-test/target/log,AVAILABLE}
2019-09-20 04:49:46,490 [main] INFO  handler.ContextHandler (ContextHandler.java:doStart(781)) - Started o.e.j.s.ServletContextHandler@33bf2602{/static,file:///workdir/hadoop-ozone/integration-test/target/test-classes/webapps/static,AVAILABLE}
2019-09-20 04:49:46,494 [main] INFO  handler.ContextHandler (ContextHandler.java:doStart(781)) - Started o.e.j.w.WebAppContext@1f6ba47b{/,file:///workdir/hadoop-ozone/integration-test/target/test-classes/webapps/scm/,AVAILABLE}{/scm}
2019-09-20 04:49:46,495 [main] INFO  server.AbstractConnector (AbstractConnector.java:doStart(278)) - Started ServerConnector@1bb78ae{HTTP/1.1,[http/1.1]}{0.0.0.0:42137}
2019-09-20 04:49:46,500 [main] INFO  server.Server (Server.java:doStart(419)) - Started @68488ms
2019-09-20 04:49:46,500 [main] INFO  server.BaseHttpServer (BaseHttpServer.java:updateConnectorAddress(213)) - HTTP server of SCM is listening at http://0.0.0.0:42137
2019-09-20 04:49:46,501 [main] WARN  server.ServerUtils (ServerUtils.java:getDBPath(222)) - ozone.om.db.dirs is not configured. We recommend adding this setting. Falling back to ozone.metadata.dirs instead.
2019-09-20 04:49:46,506 [org.apache.hadoop.util.JvmPauseMonitor$Monitor@58be583e] INFO  util.JvmPauseMonitor (JvmPauseMonitor.java:run(188)) - Starting JVM pause monitor
2019-09-20 04:49:46,526 [main] WARN  server.ServerUtils (ServerUtils.java:getDBPath(222)) - ozone.om.db.dirs is not configured. We recommend adding this setting. Falling back to ozone.metadata.dirs instead.
2019-09-20 04:49:46,527 [main] WARN  server.ServerUtils (ServerUtils.java:getDBPath(222)) - ozone.om.db.dirs is not configured. We recommend adding this setting. Falling back to ozone.metadata.dirs instead.
2019-09-20 04:49:46,527 [main] INFO  om.OzoneManager (OzoneManager.java:setOMNodeDetails(645)) - OM Service ID is not set. Setting it to the default ID: omServiceIdDefault
2019-09-20 04:49:46,527 [main] INFO  om.OzoneManager (OzoneManager.java:setOMNodeDetails(651)) - OM Node ID is not set. Setting it to the OmStorage's OmID: 2f71bb23-2250-41e1-b9fc-b1c613cf1f89
2019-09-20 04:49:46,527 [main] INFO  om.OzoneManager (OzoneManager.java:loadOMHAConfigs(602)) - Found matching OM address with OMServiceId: null, OMNodeId: null, RPC Address: localhost:0 and Ratis port: 9872
2019-09-20 04:49:46,539 | INFO  | SCMAudit | user=jenkins1000 | ip=192.168.36.79 | op=GET_SCM_INFO null | ret=SUCCESS |  
2019-09-20 04:49:46,573 [main] WARN  server.ServerUtils (ServerUtils.java:getDBPath(222)) - ozone.om.db.dirs is not configured. We recommend adding this setting. Falling back to ozone.metadata.dirs instead.
2019-09-20 04:49:46,573 [main] INFO  db.DBStoreBuilder (DBStoreBuilder.java:addTable(110)) - using custom profile for table: userTable
2019-09-20 04:49:46,573 [main] INFO  db.DBStoreBuilder (DBStoreBuilder.java:processTables(161)) - Using default column profile:DBProfile.DISK for Table:userTable
2019-09-20 04:49:46,574 [main] INFO  db.DBStoreBuilder (DBStoreBuilder.java:addTable(110)) - using custom profile for table: volumeTable
2019-09-20 04:49:46,574 [main] INFO  db.DBStoreBuilder (DBStoreBuilder.java:processTables(161)) - Using default column profile:DBProfile.DISK for Table:volumeTable
2019-09-20 04:49:46,574 [main] INFO  db.DBStoreBuilder (DBStoreBuilder.java:addTable(110)) - using custom profile for table: bucketTable
2019-09-20 04:49:46,574 [main] INFO  db.DBStoreBuilder (DBStoreBuilder.java:processTables(161)) - Using default column profile:DBProfile.DISK for Table:bucketTable
2019-09-20 04:49:46,574 [main] INFO  db.DBStoreBuilder (DBStoreBuilder.java:addTable(110)) - using custom profile for table: keyTable
2019-09-20 04:49:46,575 [main] INFO  db.DBStoreBuilder (DBStoreBuilder.java:processTables(161)) - Using default column profile:DBProfile.DISK for Table:keyTable
2019-09-20 04:49:46,575 [main] INFO  db.DBStoreBuilder (DBStoreBuilder.java:addTable(110)) - using custom profile for table: deletedTable
2019-09-20 04:49:46,575 [main] INFO  db.DBStoreBuilder (DBStoreBuilder.java:processTables(161)) - Using default column profile:DBProfile.DISK for Table:deletedTable
2019-09-20 04:49:46,575 [main] INFO  db.DBStoreBuilder (DBStoreBuilder.java:addTable(110)) - using custom profile for table: openKeyTable
2019-09-20 04:49:46,576 [main] INFO  db.DBStoreBuilder (DBStoreBuilder.java:processTables(161)) - Using default column profile:DBProfile.DISK for Table:openKeyTable
2019-09-20 04:49:46,576 [main] INFO  db.DBStoreBuilder (DBStoreBuilder.java:addTable(110)) - using custom profile for table: s3Table
2019-09-20 04:49:46,576 [main] INFO  db.DBStoreBuilder (DBStoreBuilder.java:processTables(161)) - Using default column profile:DBProfile.DISK for Table:s3Table
2019-09-20 04:49:46,576 [main] INFO  db.DBStoreBuilder (DBStoreBuilder.java:addTable(110)) - using custom profile for table: multipartInfoTable
2019-09-20 04:49:46,576 [main] INFO  db.DBStoreBuilder (DBStoreBuilder.java:processTables(161)) - Using default column profile:DBProfile.DISK for Table:multipartInfoTable
2019-09-20 04:49:46,577 [main] INFO  db.DBStoreBuilder (DBStoreBuilder.java:addTable(110)) - using custom profile for table: dTokenTable
2019-09-20 04:49:46,577 [main] INFO  db.DBStoreBuilder (DBStoreBuilder.java:processTables(161)) - Using default column profile:DBProfile.DISK for Table:dTokenTable
2019-09-20 04:49:46,577 [main] INFO  db.DBStoreBuilder (DBStoreBuilder.java:addTable(110)) - using custom profile for table: s3SecretTable
2019-09-20 04:49:46,577 [main] INFO  db.DBStoreBuilder (DBStoreBuilder.java:processTables(161)) - Using default column profile:DBProfile.DISK for Table:s3SecretTable
2019-09-20 04:49:46,578 [main] INFO  db.DBStoreBuilder (DBStoreBuilder.java:addTable(110)) - using custom profile for table: prefixTable
2019-09-20 04:49:46,578 [main] INFO  db.DBStoreBuilder (DBStoreBuilder.java:processTables(161)) - Using default column profile:DBProfile.DISK for Table:prefixTable
2019-09-20 04:49:46,578 [main] INFO  db.DBStoreBuilder (DBStoreBuilder.java:addTable(110)) - using custom profile for table: default
2019-09-20 04:49:46,578 [main] INFO  db.DBStoreBuilder (DBStoreBuilder.java:processTables(167)) - Using default column profile:DBProfile.DISK for Table:default
2019-09-20 04:49:46,578 [main] INFO  db.DBStoreBuilder (DBStoreBuilder.java:getDbProfile(198)) - Using default options. DBProfile.DISK
2019-09-20 04:49:46,645 | INFO  | SCMAudit | user=jenkins1000 | ip=192.168.36.79 | op=SEND_HEARTBEAT {datanodeUUID=f4e549ee-a6fa-4eb9-8541-129d0566fdf5, command=[]} | ret=SUCCESS |  
2019-09-20 04:49:46,645 | INFO  | SCMAudit | user=jenkins1000 | ip=192.168.36.79 | op=SEND_HEARTBEAT {datanodeUUID=fdbc37f2-9e58-4bac-a5d5-a78839d012e9, command=[]} | ret=SUCCESS |  
2019-09-20 04:49:46,645 | INFO  | SCMAudit | user=jenkins1000 | ip=192.168.36.79 | op=SEND_HEARTBEAT {datanodeUUID=bd1a845e-f2ed-4713-9516-9ccc20139040, command=[]} | ret=SUCCESS |  
2019-09-20 04:49:46,646 | INFO  | SCMAudit | user=jenkins1000 | ip=192.168.36.79 | op=SEND_HEARTBEAT {datanodeUUID=ba95d636-ac34-4b74-a102-dec8d0f377c6, command=[]} | ret=SUCCESS |  
2019-09-20 04:49:46,646 | INFO  | SCMAudit | user=jenkins1000 | ip=192.168.36.79 | op=SEND_HEARTBEAT {datanodeUUID=a9bc59c4-b792-48d5-9db2-4e71770477b1, command=[]} | ret=SUCCESS |  
2019-09-20 04:49:46,647 | INFO  | SCMAudit | user=jenkins1000 | ip=192.168.36.79 | op=SEND_HEARTBEAT {datanodeUUID=236eed40-dd97-4fdc-a0ae-ab99685a426b, command=[]} | ret=SUCCESS |  
2019-09-20 04:49:46,647 | INFO  | SCMAudit | user=jenkins1000 | ip=192.168.36.79 | op=SEND_HEARTBEAT {datanodeUUID=2702b462-69d8-4c1b-aae1-091a21fe08b8, command=[]} | ret=SUCCESS |  
2019-09-20 04:49:46,647 | INFO  | SCMAudit | user=jenkins1000 | ip=192.168.36.79 | op=SEND_HEARTBEAT {datanodeUUID=1d91ad97-6666-4ee7-855a-8b5e944e7401, command=[]} | ret=SUCCESS |  
2019-09-20 04:49:46,647 | INFO  | SCMAudit | user=jenkins1000 | ip=192.168.36.79 | op=SEND_HEARTBEAT {datanodeUUID=3c2a6bfe-f5c5-4e23-89b0-850dab17697d, command=[]} | ret=SUCCESS |  
2019-09-20 04:49:46,647 | INFO  | SCMAudit | user=jenkins1000 | ip=192.168.36.79 | op=SEND_HEARTBEAT {datanodeUUID=42fc6e92-fcdd-4827-b621-9fc58a3d2315, command=[]} | ret=SUCCESS |  
2019-09-20 04:49:46,655 | INFO  | SCMAudit | user=jenkins1000 | ip=192.168.36.79 | op=SEND_HEARTBEAT {datanodeUUID=dba845b8-ea76-4e09-ab03-0883d354e493, command=[]} | ret=SUCCESS |  
2019-09-20 04:49:46,655 | INFO  | SCMAudit | user=jenkins1000 | ip=192.168.36.79 | op=SEND_HEARTBEAT {datanodeUUID=8d97392c-5f4b-400a-94a1-fb61a3ebbc99, command=[]} | ret=SUCCESS |  
2019-09-20 04:49:46,655 | INFO  | SCMAudit | user=jenkins1000 | ip=192.168.36.79 | op=SEND_HEARTBEAT {datanodeUUID=eaf3ecbe-c3b1-4969-ad3a-e4de7fb04f81, command=[]} | ret=SUCCESS |  
2019-09-20 04:49:46,656 | INFO  | SCMAudit | user=jenkins1000 | ip=192.168.36.79 | op=SEND_HEARTBEAT {datanodeUUID=c4f6294c-eda3-4afd-81f7-e69ed14da69f, command=[]} | ret=SUCCESS |  
2019-09-20 04:49:46,656 | INFO  | SCMAudit | user=jenkins1000 | ip=192.168.36.79 | op=SEND_HEARTBEAT {datanodeUUID=0ad3f89e-804f-4845-89c5-5ff1a35a5dda, command=[]} | ret=SUCCESS |  
2019-09-20 04:49:46,656 | INFO  | SCMAudit | user=jenkins1000 | ip=192.168.36.79 | op=SEND_HEARTBEAT {datanodeUUID=eb30d72f-c0a8-4ecb-bfee-9120a9a6cddf, command=[]} | ret=SUCCESS |  
2019-09-20 04:49:46,656 | INFO  | SCMAudit | user=jenkins1000 | ip=192.168.36.79 | op=SEND_HEARTBEAT {datanodeUUID=ea71b9af-1075-4196-9693-aa14e10f536d, command=[]} | ret=SUCCESS |  
2019-09-20 04:49:46,656 | INFO  | SCMAudit | user=jenkins1000 | ip=192.168.36.79 | op=SEND_HEARTBEAT {datanodeUUID=2d6465ef-cffa-473a-a4c6-a9aa3f1a26c0, command=[]} | ret=SUCCESS |  
2019-09-20 04:49:46,656 | INFO  | SCMAudit | user=jenkins1000 | ip=192.168.36.79 | op=SEND_HEARTBEAT {datanodeUUID=68a93ad8-b6a8-44e1-8a9f-45fcc58d229a, command=[]} | ret=SUCCESS |  
2019-09-20 04:49:46,656 | INFO  | SCMAudit | user=jenkins1000 | ip=192.168.36.79 | op=SEND_HEARTBEAT {datanodeUUID=5ea19b84-5385-4ae9-8412-c4cfa929b172, command=[]} | ret=SUCCESS |  
2019-09-20 04:49:46,657 | INFO  | SCMAudit | user=jenkins1000 | ip=192.168.36.79 | op=SEND_HEARTBEAT {datanodeUUID=8538cd65-7926-426b-8bad-fbd0f0550f9a, command=[]} | ret=SUCCESS |  
2019-09-20 04:49:47,232 [main] INFO  ipc.CallQueueManager (CallQueueManager.java:<init>(84)) - Using callQueue: class java.util.concurrent.LinkedBlockingQueue, queueCapacity: 2000, scheduler: class org.apache.hadoop.ipc.DefaultRpcScheduler, ipcBackoff: false.
2019-09-20 04:49:47,233 [Socket Reader #1 for port 34189] INFO  ipc.Server (Server.java:run(1074)) - Starting Socket Reader #1 for port 34189
2019-09-20 04:49:47,250 [main] INFO  om.OzoneManager (OzoneManager.java:start(1256)) - OzoneManager RPC server is listening at localhost/127.0.0.1:34189
2019-09-20 04:49:47,250 [main] INFO  impl.MetricsSystemImpl (MetricsSystemImpl.java:init(158)) - OzoneManager metrics system started (again)
2019-09-20 04:49:47,251 [IPC Server Responder] INFO  ipc.Server (Server.java:run(1314)) - IPC Server Responder: starting
2019-09-20 04:49:47,257 [IPC Server listener on 34189] INFO  ipc.Server (Server.java:run(1153)) - IPC Server listener on 34189: starting
2019-09-20 04:49:47,272 [main] INFO  hdfs.DFSUtil (DFSUtil.java:httpServerTemplateForNNAndJN(1641)) - Starting Web-server for ozoneManager at: http://0.0.0.0:0
2019-09-20 04:49:47,273 [main] INFO  server.AuthenticationFilter (AuthenticationFilter.java:constructSecretProvider(240)) - Unable to initialize FileSignerSecretProvider, falling back to use random secrets.
2019-09-20 04:49:47,274 [main] WARN  http.HttpRequestLog (HttpRequestLog.java:getRequestLog(97)) - Jetty request log can only be enabled using Log4j
2019-09-20 04:49:47,275 [main] INFO  http.HttpServer2 (HttpServer2.java:addGlobalFilter(975)) - Added global filter 'safety' (class=org.apache.hadoop.http.HttpServer2$QuotingInputFilter)
2019-09-20 04:49:47,276 [main] INFO  http.HttpServer2 (HttpServer2.java:addFilter(948)) - Added filter static_user_filter (class=org.apache.hadoop.http.lib.StaticUserWebFilter$StaticUserFilter) to context ozoneManager
2019-09-20 04:49:47,276 [main] INFO  http.HttpServer2 (HttpServer2.java:addFilter(958)) - Added filter static_user_filter (class=org.apache.hadoop.http.lib.StaticUserWebFilter$StaticUserFilter) to context logs
2019-09-20 04:49:47,276 [main] INFO  http.HttpServer2 (HttpServer2.java:addFilter(958)) - Added filter static_user_filter (class=org.apache.hadoop.http.lib.StaticUserWebFilter$StaticUserFilter) to context static
2019-09-20 04:49:47,277 [main] INFO  http.HttpServer2 (HttpServer2.java:bindListener(1191)) - Jetty bound to port 43873
2019-09-20 04:49:47,277 [main] INFO  server.Server (Server.java:doStart(351)) - jetty-9.3.24.v20180605, build timestamp: 2018-06-05T17:11:56Z, git hash: 84205aa28f11a4f31f2a3b86d1bba2cc8ab69827
2019-09-20 04:49:47,279 [main] INFO  handler.ContextHandler (ContextHandler.java:doStart(781)) - Started o.e.j.s.ServletContextHandler@6a9ac8b{/logs,file:///workdir/hadoop-ozone/integration-test/target/log,AVAILABLE}
2019-09-20 04:49:47,279 [main] INFO  handler.ContextHandler (ContextHandler.java:doStart(781)) - Started o.e.j.s.ServletContextHandler@15a41088{/static,file:///workdir/hadoop-ozone/integration-test/target/test-classes/webapps/static,AVAILABLE}
2019-09-20 04:49:47,283 [main] INFO  handler.ContextHandler (ContextHandler.java:doStart(781)) - Started o.e.j.w.WebAppContext@400df2b3{/,file:///workdir/hadoop-ozone/integration-test/target/test-classes/webapps/ozoneManager/,AVAILABLE}{/ozoneManager}
2019-09-20 04:49:47,284 [main] INFO  server.AbstractConnector (AbstractConnector.java:doStart(278)) - Started ServerConnector@70044113{HTTP/1.1,[http/1.1]}{0.0.0.0:43873}
2019-09-20 04:49:47,287 [main] INFO  server.Server (Server.java:doStart(419)) - Started @69276ms
2019-09-20 04:49:47,288 [main] INFO  server.BaseHttpServer (BaseHttpServer.java:updateConnectorAddress(213)) - HTTP server of OZONEMANAGER is listening at http://0.0.0.0:43873
2019-09-20 04:49:47,306 [main] INFO  impl.MetricsSystemImpl (MetricsSystemImpl.java:init(158)) - HddsDatanode metrics system started (again)
2019-09-20 04:49:47,433 [main] INFO  ozone.HddsDatanodeService (HddsDatanodeService.java:start(184)) - HddsDatanodeService host:pr-hdds-1569-s8kj2-2266485376 ip:192.168.36.79
2019-09-20 04:49:47,456 [main] INFO  volume.HddsVolume (HddsVolume.java:<init>(176)) - Creating Volume: /workdir/hadoop-ozone/integration-test/target/test-dir/MiniOzoneClusterImpl-3cdd9aee-ba37-4d0d-8930-872cb3194007/datanode-0/data/containers/hdds of  storage type : DISK and capacity : 1482555576320
2019-09-20 04:49:47,457 [main] INFO  volume.VolumeSet (VolumeSet.java:initializeVolumeSet(170)) - Added Volume : /workdir/hadoop-ozone/integration-test/target/test-dir/MiniOzoneClusterImpl-3cdd9aee-ba37-4d0d-8930-872cb3194007/datanode-0/data/containers/hdds to VolumeSet
2019-09-20 04:49:47,457 [main] INFO  volume.ThrottledAsyncChecker (ThrottledAsyncChecker.java:schedule(140)) - Scheduling a check for org.apache.hadoop.ozone.container.common.volume.HddsVolume@67b20b4c
2019-09-20 04:49:47,458 [main] INFO  volume.HddsVolumeChecker (HddsVolumeChecker.java:checkAllVolumes(203)) - Scheduled health check for volume org.apache.hadoop.ozone.container.common.volume.HddsVolume@67b20b4c
2019-09-20 04:49:47,487 [main] INFO  impl.RaftServerProxy (ConfUtils.java:logGet(43)) - raft.rpc.type = GRPC (default)
2019-09-20 04:49:47,487 [main] INFO  grpc.GrpcFactory (GrpcFactory.java:checkPooledByteBufAllocatorUseCacheForAllThreads(45)) - PERFORMANCE WARNING: useCacheForAllThreads is true that may cause Netty to create a lot garbage objects and, as a result, trigger GC.
	It is recommended to disable useCacheForAllThreads by setting -Dorg.apache.ratis.thirdparty.io.netty.allocator.useCacheForAllThreads=false in command line.
2019-09-20 04:49:47,488 [main] INFO  grpc.GrpcConfigKeys$Server (ConfUtils.java:logGet(43)) - raft.grpc.server.port = 0 (default)
2019-09-20 04:49:47,488 [main] INFO  server.GrpcService (ConfUtils.java:logGet(43)) - raft.grpc.message.size.max = 33570816 (custom)
2019-09-20 04:49:47,488 [main] INFO  server.RaftServerConfigKeys (ConfUtils.java:logGet(43)) - raft.server.log.appender.buffer.byte-limit = 33554432 (custom)
2019-09-20 04:49:47,488 [main] INFO  server.GrpcService (ConfUtils.java:logGet(43)) - raft.grpc.flow.control.window = 1MB (=1048576) (default)
2019-09-20 04:49:47,488 [main] INFO  server.RaftServerConfigKeys (ConfUtils.java:logGet(43)) - raft.server.rpc.request.timeout = 3000ms (default)
2019-09-20 04:49:47,489 [main] INFO  server.RaftServerConfigKeys (ConfUtils.java:logGet(43)) - raft.server.storage.dir = [/workdir/hadoop-ozone/integration-test/target/test-dir/MiniOzoneClusterImpl-3cdd9aee-ba37-4d0d-8930-872cb3194007/datanode-0/data/ratis] (custom)
2019-09-20 04:49:47,489 [main] INFO  replication.SimpleContainerDownloader (SimpleContainerDownloader.java:<init>(72)) - Starting container downloader service to copy containers to replicate.
2019-09-20 04:49:47,490 [main] INFO  hdfs.DFSUtil (DFSUtil.java:httpServerTemplateForNNAndJN(1641)) - Starting Web-server for hddsDatanode at: http://0.0.0.0:0
2019-09-20 04:49:47,491 [main] INFO  server.AuthenticationFilter (AuthenticationFilter.java:constructSecretProvider(240)) - Unable to initialize FileSignerSecretProvider, falling back to use random secrets.
2019-09-20 04:49:47,492 [main] WARN  http.HttpRequestLog (HttpRequestLog.java:getRequestLog(97)) - Jetty request log can only be enabled using Log4j
2019-09-20 04:49:47,493 [main] INFO  http.HttpServer2 (HttpServer2.java:addGlobalFilter(975)) - Added global filter 'safety' (class=org.apache.hadoop.http.HttpServer2$QuotingInputFilter)
2019-09-20 04:49:47,493 [main] INFO  http.HttpServer2 (HttpServer2.java:addFilter(948)) - Added filter static_user_filter (class=org.apache.hadoop.http.lib.StaticUserWebFilter$StaticUserFilter) to context hddsDatanode
2019-09-20 04:49:47,494 [main] INFO  http.HttpServer2 (HttpServer2.java:addFilter(958)) - Added filter static_user_filter (class=org.apache.hadoop.http.lib.StaticUserWebFilter$StaticUserFilter) to context logs
2019-09-20 04:49:47,494 [main] INFO  http.HttpServer2 (HttpServer2.java:addFilter(958)) - Added filter static_user_filter (class=org.apache.hadoop.http.lib.StaticUserWebFilter$StaticUserFilter) to context static
2019-09-20 04:49:47,494 [main] INFO  http.HttpServer2 (HttpServer2.java:bindListener(1191)) - Jetty bound to port 44285
2019-09-20 04:49:47,494 [main] INFO  server.Server (Server.java:doStart(351)) - jetty-9.3.24.v20180605, build timestamp: 2018-06-05T17:11:56Z, git hash: 84205aa28f11a4f31f2a3b86d1bba2cc8ab69827
2019-09-20 04:49:47,496 [main] INFO  handler.ContextHandler (ContextHandler.java:doStart(781)) - Started o.e.j.s.ServletContextHandler@17541204{/logs,file:///workdir/hadoop-ozone/integration-test/target/log,AVAILABLE}
2019-09-20 04:49:47,496 [main] INFO  handler.ContextHandler (ContextHandler.java:doStart(781)) - Started o.e.j.s.ServletContextHandler@5b8599c7{/static,jar:file:/home/user/.m2/repository/org/apache/hadoop/hadoop-hdds-container-service/0.5.0-SNAPSHOT/hadoop-hdds-container-service-0.5.0-SNAPSHOT.jar!/webapps/static,AVAILABLE}
2019-09-20 04:49:47,523 [main] INFO  handler.ContextHandler (ContextHandler.java:doStart(781)) - Started o.e.j.w.WebAppContext@49392256{/,file:///tmp/jetty-0.0.0.0-44285-hddsDatanode-_-any-273323562438720548.dir/webapp/,AVAILABLE}{/hddsDatanode}
2019-09-20 04:49:47,524 [main] INFO  server.AbstractConnector (AbstractConnector.java:doStart(278)) - Started ServerConnector@5a23b9d1{HTTP/1.1,[http/1.1]}{0.0.0.0:44285}
2019-09-20 04:49:47,532 [main] INFO  server.Server (Server.java:doStart(419)) - Started @69520ms
2019-09-20 04:49:47,533 [main] INFO  server.BaseHttpServer (BaseHttpServer.java:updateConnectorAddress(213)) - HTTP server of HDDSDATANODE is listening at http://0.0.0.0:44285
2019-09-20 04:49:47,655 | INFO  | ObjectStoreRestHttpServer | Listening HDDS REST traffic on /0.0.0.0:34913 |  
2019-09-20 04:49:47,655 [main] INFO  ozone.HddsDatanodeService (HddsDatanodeService.java:startPlugins(395)) - Started plug-in org.apache.hadoop.ozone.web.OzoneHddsDatanodeService@5b2fc2c0
2019-09-20 04:49:47,655 [main] INFO  impl.MetricsSystemImpl (MetricsSystemImpl.java:init(158)) - HddsDatanode metrics system started (again)
2019-09-20 04:49:47,656 [org.apache.hadoop.util.JvmPauseMonitor$Monitor@439fcc3d] INFO  util.JvmPauseMonitor (JvmPauseMonitor.java:run(188)) - Starting JVM pause monitor
2019-09-20 04:49:47,658 | INFO  | SCMAudit | user=jenkins1000 | ip=192.168.36.79 | op=SEND_HEARTBEAT {datanodeUUID=8d97392c-5f4b-400a-94a1-fb61a3ebbc99, command=[]} | ret=SUCCESS |  
2019-09-20 04:49:47,658 | INFO  | SCMAudit | user=jenkins1000 | ip=192.168.36.79 | op=SEND_HEARTBEAT {datanodeUUID=0ad3f89e-804f-4845-89c5-5ff1a35a5dda, command=[]} | ret=SUCCESS |  
2019-09-20 04:49:47,658 | INFO  | SCMAudit | user=jenkins1000 | ip=192.168.36.79 | op=SEND_HEARTBEAT {datanodeUUID=eb30d72f-c0a8-4ecb-bfee-9120a9a6cddf, command=[]} | ret=SUCCESS |  
2019-09-20 04:49:47,658 | INFO  | SCMAudit | user=jenkins1000 | ip=192.168.36.79 | op=SEND_HEARTBEAT {datanodeUUID=3c2a6bfe-f5c5-4e23-89b0-850dab17697d, command=[]} | ret=SUCCESS |  
2019-09-20 04:49:47,658 | INFO  | SCMAudit | user=jenkins1000 | ip=192.168.36.79 | op=SEND_HEARTBEAT {datanodeUUID=5ea19b84-5385-4ae9-8412-c4cfa929b172, command=[]} | ret=SUCCESS |  
2019-09-20 04:49:47,658 | INFO  | SCMAudit | user=jenkins1000 | ip=192.168.36.79 | op=SEND_HEARTBEAT {datanodeUUID=a9bc59c4-b792-48d5-9db2-4e71770477b1, command=[]} | ret=SUCCESS |  
2019-09-20 04:49:47,658 | INFO  | SCMAudit | user=jenkins1000 | ip=192.168.36.79 | op=SEND_HEARTBEAT {datanodeUUID=2d6465ef-cffa-473a-a4c6-a9aa3f1a26c0, command=[]} | ret=SUCCESS |  
2019-09-20 04:49:47,658 | INFO  | SCMAudit | user=jenkins1000 | ip=192.168.36.79 | op=SEND_HEARTBEAT {datanodeUUID=236eed40-dd97-4fdc-a0ae-ab99685a426b, command=[]} | ret=SUCCESS |  
2019-09-20 04:49:47,658 | INFO  | SCMAudit | user=jenkins1000 | ip=192.168.36.79 | op=SEND_HEARTBEAT {datanodeUUID=2702b462-69d8-4c1b-aae1-091a21fe08b8, command=[]} | ret=SUCCESS |  
2019-09-20 04:49:47,658 | INFO  | SCMAudit | user=jenkins1000 | ip=192.168.36.79 | op=SEND_HEARTBEAT {datanodeUUID=dba845b8-ea76-4e09-ab03-0883d354e493, command=[]} | ret=SUCCESS |  
2019-09-20 04:49:47,658 | INFO  | SCMAudit | user=jenkins1000 | ip=192.168.36.79 | op=SEND_HEARTBEAT {datanodeUUID=ba95d636-ac34-4b74-a102-dec8d0f377c6, command=[]} | ret=SUCCESS |  
2019-09-20 04:49:47,658 | INFO  | SCMAudit | user=jenkins1000 | ip=192.168.36.79 | op=SEND_HEARTBEAT {datanodeUUID=c4f6294c-eda3-4afd-81f7-e69ed14da69f, command=[]} | ret=SUCCESS |  
2019-09-20 04:49:47,658 | INFO  | SCMAudit | user=jenkins1000 | ip=192.168.36.79 | op=SEND_HEARTBEAT {datanodeUUID=8538cd65-7926-426b-8bad-fbd0f0550f9a, command=[]} | ret=SUCCESS |  
2019-09-20 04:49:47,658 | INFO  | SCMAudit | user=jenkins1000 | ip=192.168.36.79 | op=SEND_HEARTBEAT {datanodeUUID=bd1a845e-f2ed-4713-9516-9ccc20139040, command=[]} | ret=SUCCESS |  
2019-09-20 04:49:47,658 | INFO  | SCMAudit | user=jenkins1000 | ip=192.168.36.79 | op=SEND_HEARTBEAT {datanodeUUID=68a93ad8-b6a8-44e1-8a9f-45fcc58d229a, command=[]} | ret=SUCCESS |  
2019-09-20 04:49:47,658 | INFO  | SCMAudit | user=jenkins1000 | ip=192.168.36.79 | op=SEND_HEARTBEAT {datanodeUUID=f4e549ee-a6fa-4eb9-8541-129d0566fdf5, command=[]} | ret=SUCCESS |  
2019-09-20 04:49:47,658 | INFO  | SCMAudit | user=jenkins1000 | ip=192.168.36.79 | op=SEND_HEARTBEAT {datanodeUUID=fdbc37f2-9e58-4bac-a5d5-a78839d012e9, command=[]} | ret=SUCCESS |  
2019-09-20 04:49:47,658 [Datanode State Machine Thread - 0] INFO  datanode.InitDatanodeState (InitDatanodeState.java:persistContainerDatanodeDetails(140)) - DatanodeDetails is persisted to /workdir/hadoop-ozone/integration-test/target/test-dir/MiniOzoneClusterImpl-3cdd9aee-ba37-4d0d-8930-872cb3194007/datanode-0/meta/datanode.id
2019-09-20 04:49:47,658 | INFO  | SCMAudit | user=jenkins1000 | ip=192.168.36.79 | op=SEND_HEARTBEAT {datanodeUUID=eaf3ecbe-c3b1-4969-ad3a-e4de7fb04f81, command=[]} | ret=SUCCESS |  
2019-09-20 04:49:47,658 | INFO  | SCMAudit | user=jenkins1000 | ip=192.168.36.79 | op=SEND_HEARTBEAT {datanodeUUID=ea71b9af-1075-4196-9693-aa14e10f536d, command=[]} | ret=SUCCESS |  
2019-09-20 04:49:47,659 | INFO  | SCMAudit | user=jenkins1000 | ip=192.168.36.79 | op=SEND_HEARTBEAT {datanodeUUID=42fc6e92-fcdd-4827-b621-9fc58a3d2315, command=[]} | ret=SUCCESS |  
2019-09-20 04:49:47,659 | INFO  | SCMAudit | user=jenkins1000 | ip=192.168.36.79 | op=SEND_HEARTBEAT {datanodeUUID=1d91ad97-6666-4ee7-855a-8b5e944e7401, command=[]} | ret=SUCCESS |  
2019-09-20 04:49:47,789 [main] INFO  ozone.HddsDatanodeService (HddsDatanodeService.java:start(184)) - HddsDatanodeService host:pr-hdds-1569-s8kj2-2266485376 ip:192.168.36.79
2019-09-20 04:49:47,813 [main] INFO  volume.HddsVolume (HddsVolume.java:<init>(176)) - Creating Volume: /workdir/hadoop-ozone/integration-test/target/test-dir/MiniOzoneClusterImpl-3cdd9aee-ba37-4d0d-8930-872cb3194007/datanode-1/data/containers/hdds of  storage type : DISK and capacity : 1482555576320
2019-09-20 04:49:47,813 [main] INFO  volume.VolumeSet (VolumeSet.java:initializeVolumeSet(170)) - Added Volume : /workdir/hadoop-ozone/integration-test/target/test-dir/MiniOzoneClusterImpl-3cdd9aee-ba37-4d0d-8930-872cb3194007/datanode-1/data/containers/hdds to VolumeSet
2019-09-20 04:49:47,814 [main] INFO  volume.ThrottledAsyncChecker (ThrottledAsyncChecker.java:schedule(140)) - Scheduling a check for org.apache.hadoop.ozone.container.common.volume.HddsVolume@1d988297
2019-09-20 04:49:47,814 [main] INFO  volume.HddsVolumeChecker (HddsVolumeChecker.java:checkAllVolumes(203)) - Scheduled health check for volume org.apache.hadoop.ozone.container.common.volume.HddsVolume@1d988297
2019-09-20 04:49:47,846 [main] INFO  impl.RaftServerProxy (ConfUtils.java:logGet(43)) - raft.rpc.type = GRPC (default)
2019-09-20 04:49:47,847 [main] INFO  grpc.GrpcFactory (GrpcFactory.java:checkPooledByteBufAllocatorUseCacheForAllThreads(45)) - PERFORMANCE WARNING: useCacheForAllThreads is true that may cause Netty to create a lot garbage objects and, as a result, trigger GC.
	It is recommended to disable useCacheForAllThreads by setting -Dorg.apache.ratis.thirdparty.io.netty.allocator.useCacheForAllThreads=false in command line.
2019-09-20 04:49:47,847 [main] INFO  grpc.GrpcConfigKeys$Server (ConfUtils.java:logGet(43)) - raft.grpc.server.port = 0 (default)
2019-09-20 04:49:47,847 [main] INFO  server.GrpcService (ConfUtils.java:logGet(43)) - raft.grpc.message.size.max = 33570816 (custom)
2019-09-20 04:49:47,847 [main] INFO  server.RaftServerConfigKeys (ConfUtils.java:logGet(43)) - raft.server.log.appender.buffer.byte-limit = 33554432 (custom)
2019-09-20 04:49:47,847 [main] INFO  server.GrpcService (ConfUtils.java:logGet(43)) - raft.grpc.flow.control.window = 1MB (=1048576) (default)
2019-09-20 04:49:47,848 [main] INFO  server.RaftServerConfigKeys (ConfUtils.java:logGet(43)) - raft.server.rpc.request.timeout = 3000ms (default)
2019-09-20 04:49:47,848 [main] INFO  server.RaftServerConfigKeys (ConfUtils.java:logGet(43)) - raft.server.storage.dir = [/workdir/hadoop-ozone/integration-test/target/test-dir/MiniOzoneClusterImpl-3cdd9aee-ba37-4d0d-8930-872cb3194007/datanode-1/data/ratis] (custom)
2019-09-20 04:49:47,849 [main] INFO  replication.SimpleContainerDownloader (SimpleContainerDownloader.java:<init>(72)) - Starting container downloader service to copy containers to replicate.
2019-09-20 04:49:47,850 [main] INFO  hdfs.DFSUtil (DFSUtil.java:httpServerTemplateForNNAndJN(1641)) - Starting Web-server for hddsDatanode at: http://0.0.0.0:0
2019-09-20 04:49:47,851 [main] INFO  server.AuthenticationFilter (AuthenticationFilter.java:constructSecretProvider(240)) - Unable to initialize FileSignerSecretProvider, falling back to use random secrets.
2019-09-20 04:49:47,852 [main] WARN  http.HttpRequestLog (HttpRequestLog.java:getRequestLog(97)) - Jetty request log can only be enabled using Log4j
2019-09-20 04:49:47,853 [main] INFO  http.HttpServer2 (HttpServer2.java:addGlobalFilter(975)) - Added global filter 'safety' (class=org.apache.hadoop.http.HttpServer2$QuotingInputFilter)
2019-09-20 04:49:47,854 [main] INFO  http.HttpServer2 (HttpServer2.java:addFilter(948)) - Added filter static_user_filter (class=org.apache.hadoop.http.lib.StaticUserWebFilter$StaticUserFilter) to context hddsDatanode
2019-09-20 04:49:47,854 [main] INFO  http.HttpServer2 (HttpServer2.java:addFilter(958)) - Added filter static_user_filter (class=org.apache.hadoop.http.lib.StaticUserWebFilter$StaticUserFilter) to context logs
2019-09-20 04:49:47,854 [main] INFO  http.HttpServer2 (HttpServer2.java:addFilter(958)) - Added filter static_user_filter (class=org.apache.hadoop.http.lib.StaticUserWebFilter$StaticUserFilter) to context static
2019-09-20 04:49:47,855 [main] INFO  http.HttpServer2 (HttpServer2.java:bindListener(1191)) - Jetty bound to port 37528
2019-09-20 04:49:47,855 [main] INFO  server.Server (Server.java:doStart(351)) - jetty-9.3.24.v20180605, build timestamp: 2018-06-05T17:11:56Z, git hash: 84205aa28f11a4f31f2a3b86d1bba2cc8ab69827
2019-09-20 04:49:47,857 [main] INFO  handler.ContextHandler (ContextHandler.java:doStart(781)) - Started o.e.j.s.ServletContextHandler@7575f7e1{/logs,file:///workdir/hadoop-ozone/integration-test/target/log,AVAILABLE}
2019-09-20 04:49:47,857 [main] INFO  handler.ContextHandler (ContextHandler.java:doStart(781)) - Started o.e.j.s.ServletContextHandler@2396408a{/static,jar:file:/home/user/.m2/repository/org/apache/hadoop/hadoop-hdds-container-service/0.5.0-SNAPSHOT/hadoop-hdds-container-service-0.5.0-SNAPSHOT.jar!/webapps/static,AVAILABLE}
2019-09-20 04:49:47,890 [main] INFO  handler.ContextHandler (ContextHandler.java:doStart(781)) - Started o.e.j.w.WebAppContext@5ace6611{/,file:///tmp/jetty-0.0.0.0-37528-hddsDatanode-_-any-8784604557461082091.dir/webapp/,AVAILABLE}{/hddsDatanode}
2019-09-20 04:49:47,890 [main] INFO  server.AbstractConnector (AbstractConnector.java:doStart(278)) - Started ServerConnector@7a689979{HTTP/1.1,[http/1.1]}{0.0.0.0:37528}
2019-09-20 04:49:47,898 [main] INFO  server.Server (Server.java:doStart(419)) - Started @69886ms
2019-09-20 04:49:47,899 [main] INFO  server.BaseHttpServer (BaseHttpServer.java:updateConnectorAddress(213)) - HTTP server of HDDSDATANODE is listening at http://0.0.0.0:37528
2019-09-20 04:49:48,022 | INFO  | ObjectStoreRestHttpServer | Listening HDDS REST traffic on /0.0.0.0:35043 |  
2019-09-20 04:49:48,022 [main] INFO  ozone.HddsDatanodeService (HddsDatanodeService.java:startPlugins(395)) - Started plug-in org.apache.hadoop.ozone.web.OzoneHddsDatanodeService@744673f3
2019-09-20 04:49:48,022 [main] INFO  impl.MetricsSystemImpl (MetricsSystemImpl.java:init(158)) - HddsDatanode metrics system started (again)
2019-09-20 04:49:48,131 [org.apache.hadoop.util.JvmPauseMonitor$Monitor@1e21a555] INFO  util.JvmPauseMonitor (JvmPauseMonitor.java:run(188)) - Starting JVM pause monitor
2019-09-20 04:49:48,134 [Datanode State Machine Thread - 0] INFO  datanode.InitDatanodeState (InitDatanodeState.java:persistContainerDatanodeDetails(140)) - DatanodeDetails is persisted to /workdir/hadoop-ozone/integration-test/target/test-dir/MiniOzoneClusterImpl-3cdd9aee-ba37-4d0d-8930-872cb3194007/datanode-1/meta/datanode.id
2019-09-20 04:49:48,135 [main] INFO  ozone.HddsDatanodeService (HddsDatanodeService.java:start(184)) - HddsDatanodeService host:pr-hdds-1569-s8kj2-2266485376 ip:192.168.36.79
2019-09-20 04:49:48,154 [main] INFO  volume.HddsVolume (HddsVolume.java:<init>(176)) - Creating Volume: /workdir/hadoop-ozone/integration-test/target/test-dir/MiniOzoneClusterImpl-3cdd9aee-ba37-4d0d-8930-872cb3194007/datanode-2/data/containers/hdds of  storage type : DISK and capacity : 1482555576320
2019-09-20 04:49:48,154 [main] INFO  volume.VolumeSet (VolumeSet.java:initializeVolumeSet(170)) - Added Volume : /workdir/hadoop-ozone/integration-test/target/test-dir/MiniOzoneClusterImpl-3cdd9aee-ba37-4d0d-8930-872cb3194007/datanode-2/data/containers/hdds to VolumeSet
2019-09-20 04:49:48,155 [main] INFO  volume.ThrottledAsyncChecker (ThrottledAsyncChecker.java:schedule(140)) - Scheduling a check for org.apache.hadoop.ozone.container.common.volume.HddsVolume@49bc1f6c
2019-09-20 04:49:48,155 [main] INFO  volume.HddsVolumeChecker (HddsVolumeChecker.java:checkAllVolumes(203)) - Scheduled health check for volume org.apache.hadoop.ozone.container.common.volume.HddsVolume@49bc1f6c
2019-09-20 04:49:48,176 [main] INFO  impl.RaftServerProxy (ConfUtils.java:logGet(43)) - raft.rpc.type = GRPC (default)
2019-09-20 04:49:48,177 [main] INFO  grpc.GrpcFactory (GrpcFactory.java:checkPooledByteBufAllocatorUseCacheForAllThreads(45)) - PERFORMANCE WARNING: useCacheForAllThreads is true that may cause Netty to create a lot garbage objects and, as a result, trigger GC.
	It is recommended to disable useCacheForAllThreads by setting -Dorg.apache.ratis.thirdparty.io.netty.allocator.useCacheForAllThreads=false in command line.
2019-09-20 04:49:48,177 [main] INFO  grpc.GrpcConfigKeys$Server (ConfUtils.java:logGet(43)) - raft.grpc.server.port = 0 (default)
2019-09-20 04:49:48,177 [main] INFO  server.GrpcService (ConfUtils.java:logGet(43)) - raft.grpc.message.size.max = 33570816 (custom)
2019-09-20 04:49:48,177 [main] INFO  server.RaftServerConfigKeys (ConfUtils.java:logGet(43)) - raft.server.log.appender.buffer.byte-limit = 33554432 (custom)
2019-09-20 04:49:48,177 [main] INFO  server.GrpcService (ConfUtils.java:logGet(43)) - raft.grpc.flow.control.window = 1MB (=1048576) (default)
2019-09-20 04:49:48,177 [main] INFO  server.RaftServerConfigKeys (ConfUtils.java:logGet(43)) - raft.server.rpc.request.timeout = 3000ms (default)
2019-09-20 04:49:48,178 [main] INFO  server.RaftServerConfigKeys (ConfUtils.java:logGet(43)) - raft.server.storage.dir = [/workdir/hadoop-ozone/integration-test/target/test-dir/MiniOzoneClusterImpl-3cdd9aee-ba37-4d0d-8930-872cb3194007/datanode-2/data/ratis] (custom)
2019-09-20 04:49:48,178 [main] INFO  replication.SimpleContainerDownloader (SimpleContainerDownloader.java:<init>(72)) - Starting container downloader service to copy containers to replicate.
2019-09-20 04:49:48,179 [main] INFO  hdfs.DFSUtil (DFSUtil.java:httpServerTemplateForNNAndJN(1641)) - Starting Web-server for hddsDatanode at: http://0.0.0.0:0
2019-09-20 04:49:48,180 [main] INFO  server.AuthenticationFilter (AuthenticationFilter.java:constructSecretProvider(240)) - Unable to initialize FileSignerSecretProvider, falling back to use random secrets.
2019-09-20 04:49:48,181 [main] WARN  http.HttpRequestLog (HttpRequestLog.java:getRequestLog(97)) - Jetty request log can only be enabled using Log4j
2019-09-20 04:49:48,182 [main] INFO  http.HttpServer2 (HttpServer2.java:addGlobalFilter(975)) - Added global filter 'safety' (class=org.apache.hadoop.http.HttpServer2$QuotingInputFilter)
2019-09-20 04:49:48,182 [main] INFO  http.HttpServer2 (HttpServer2.java:addFilter(948)) - Added filter static_user_filter (class=org.apache.hadoop.http.lib.StaticUserWebFilter$StaticUserFilter) to context hddsDatanode
2019-09-20 04:49:48,182 [main] INFO  http.HttpServer2 (HttpServer2.java:addFilter(958)) - Added filter static_user_filter (class=org.apache.hadoop.http.lib.StaticUserWebFilter$StaticUserFilter) to context static
2019-09-20 04:49:48,183 [main] INFO  http.HttpServer2 (HttpServer2.java:addFilter(958)) - Added filter static_user_filter (class=org.apache.hadoop.http.lib.StaticUserWebFilter$StaticUserFilter) to context logs
2019-09-20 04:49:48,183 [main] INFO  http.HttpServer2 (HttpServer2.java:bindListener(1191)) - Jetty bound to port 45217
2019-09-20 04:49:48,183 [main] INFO  server.Server (Server.java:doStart(351)) - jetty-9.3.24.v20180605, build timestamp: 2018-06-05T17:11:56Z, git hash: 84205aa28f11a4f31f2a3b86d1bba2cc8ab69827
2019-09-20 04:49:48,185 [main] INFO  handler.ContextHandler (ContextHandler.java:doStart(781)) - Started o.e.j.s.ServletContextHandler@103033fe{/logs,file:///workdir/hadoop-ozone/integration-test/target/log,AVAILABLE}
2019-09-20 04:49:48,185 [main] INFO  handler.ContextHandler (ContextHandler.java:doStart(781)) - Started o.e.j.s.ServletContextHandler@38f569d{/static,jar:file:/home/user/.m2/repository/org/apache/hadoop/hadoop-hdds-container-service/0.5.0-SNAPSHOT/hadoop-hdds-container-service-0.5.0-SNAPSHOT.jar!/webapps/static,AVAILABLE}
2019-09-20 04:49:48,212 [main] INFO  handler.ContextHandler (ContextHandler.java:doStart(781)) - Started o.e.j.w.WebAppContext@5b53c3c5{/,file:///tmp/jetty-0.0.0.0-45217-hddsDatanode-_-any-5467276197042572823.dir/webapp/,AVAILABLE}{/hddsDatanode}
2019-09-20 04:49:48,212 [main] INFO  server.AbstractConnector (AbstractConnector.java:doStart(278)) - Started ServerConnector@17e66aed{HTTP/1.1,[http/1.1]}{0.0.0.0:45217}
2019-09-20 04:49:48,219 [main] INFO  server.Server (Server.java:doStart(419)) - Started @70207ms
2019-09-20 04:49:48,220 [main] INFO  server.BaseHttpServer (BaseHttpServer.java:updateConnectorAddress(213)) - HTTP server of HDDSDATANODE is listening at http://0.0.0.0:45217
2019-09-20 04:49:48,371 | INFO  | ObjectStoreRestHttpServer | Listening HDDS REST traffic on /0.0.0.0:43888 |  
2019-09-20 04:49:48,371 [main] INFO  ozone.HddsDatanodeService (HddsDatanodeService.java:startPlugins(395)) - Started plug-in org.apache.hadoop.ozone.web.OzoneHddsDatanodeService@64836643
2019-09-20 04:49:48,372 [main] INFO  impl.MetricsSystemImpl (MetricsSystemImpl.java:init(158)) - HddsDatanode metrics system started (again)
2019-09-20 04:49:48,496 [org.apache.hadoop.util.JvmPauseMonitor$Monitor@15fe154a] INFO  util.JvmPauseMonitor (JvmPauseMonitor.java:run(188)) - Starting JVM pause monitor
2019-09-20 04:49:48,497 [Datanode State Machine Thread - 0] INFO  datanode.InitDatanodeState (InitDatanodeState.java:persistContainerDatanodeDetails(140)) - DatanodeDetails is persisted to /workdir/hadoop-ozone/integration-test/target/test-dir/MiniOzoneClusterImpl-3cdd9aee-ba37-4d0d-8930-872cb3194007/datanode-2/meta/datanode.id
2019-09-20 04:49:48,500 [main] INFO  ozone.HddsDatanodeService (HddsDatanodeService.java:start(184)) - HddsDatanodeService host:pr-hdds-1569-s8kj2-2266485376 ip:192.168.36.79
2019-09-20 04:49:48,519 [main] INFO  volume.HddsVolume (HddsVolume.java:<init>(176)) - Creating Volume: /workdir/hadoop-ozone/integration-test/target/test-dir/MiniOzoneClusterImpl-3cdd9aee-ba37-4d0d-8930-872cb3194007/datanode-3/data/containers/hdds of  storage type : DISK and capacity : 1482555576320
2019-09-20 04:49:48,519 [main] INFO  volume.VolumeSet (VolumeSet.java:initializeVolumeSet(170)) - Added Volume : /workdir/hadoop-ozone/integration-test/target/test-dir/MiniOzoneClusterImpl-3cdd9aee-ba37-4d0d-8930-872cb3194007/datanode-3/data/containers/hdds to VolumeSet
2019-09-20 04:49:48,520 [main] INFO  volume.ThrottledAsyncChecker (ThrottledAsyncChecker.java:schedule(140)) - Scheduling a check for org.apache.hadoop.ozone.container.common.volume.HddsVolume@2fafa9bf
2019-09-20 04:49:48,520 [main] INFO  volume.HddsVolumeChecker (HddsVolumeChecker.java:checkAllVolumes(203)) - Scheduled health check for volume org.apache.hadoop.ozone.container.common.volume.HddsVolume@2fafa9bf
2019-09-20 04:49:48,546 [main] INFO  impl.RaftServerProxy (ConfUtils.java:logGet(43)) - raft.rpc.type = GRPC (default)
2019-09-20 04:49:48,547 [main] INFO  grpc.GrpcFactory (GrpcFactory.java:checkPooledByteBufAllocatorUseCacheForAllThreads(45)) - PERFORMANCE WARNING: useCacheForAllThreads is true that may cause Netty to create a lot garbage objects and, as a result, trigger GC.
	It is recommended to disable useCacheForAllThreads by setting -Dorg.apache.ratis.thirdparty.io.netty.allocator.useCacheForAllThreads=false in command line.
2019-09-20 04:49:48,547 [main] INFO  grpc.GrpcConfigKeys$Server (ConfUtils.java:logGet(43)) - raft.grpc.server.port = 0 (default)
2019-09-20 04:49:48,547 [main] INFO  server.GrpcService (ConfUtils.java:logGet(43)) - raft.grpc.message.size.max = 33570816 (custom)
2019-09-20 04:49:48,547 [main] INFO  server.RaftServerConfigKeys (ConfUtils.java:logGet(43)) - raft.server.log.appender.buffer.byte-limit = 33554432 (custom)
2019-09-20 04:49:48,547 [main] INFO  server.GrpcService (ConfUtils.java:logGet(43)) - raft.grpc.flow.control.window = 1MB (=1048576) (default)
2019-09-20 04:49:48,548 [main] INFO  server.RaftServerConfigKeys (ConfUtils.java:logGet(43)) - raft.server.rpc.request.timeout = 3000ms (default)
2019-09-20 04:49:48,548 [main] INFO  server.RaftServerConfigKeys (ConfUtils.java:logGet(43)) - raft.server.storage.dir = [/workdir/hadoop-ozone/integration-test/target/test-dir/MiniOzoneClusterImpl-3cdd9aee-ba37-4d0d-8930-872cb3194007/datanode-3/data/ratis] (custom)
2019-09-20 04:49:48,548 [main] INFO  replication.SimpleContainerDownloader (SimpleContainerDownloader.java:<init>(72)) - Starting container downloader service to copy containers to replicate.
2019-09-20 04:49:48,550 [main] INFO  hdfs.DFSUtil (DFSUtil.java:httpServerTemplateForNNAndJN(1641)) - Starting Web-server for hddsDatanode at: http://0.0.0.0:0
2019-09-20 04:49:48,551 [main] INFO  server.AuthenticationFilter (AuthenticationFilter.java:constructSecretProvider(240)) - Unable to initialize FileSignerSecretProvider, falling back to use random secrets.
2019-09-20 04:49:48,551 [main] WARN  http.HttpRequestLog (HttpRequestLog.java:getRequestLog(97)) - Jetty request log can only be enabled using Log4j
2019-09-20 04:49:48,552 [main] INFO  http.HttpServer2 (HttpServer2.java:addGlobalFilter(975)) - Added global filter 'safety' (class=org.apache.hadoop.http.HttpServer2$QuotingInputFilter)
2019-09-20 04:49:48,553 [main] INFO  http.HttpServer2 (HttpServer2.java:addFilter(948)) - Added filter static_user_filter (class=org.apache.hadoop.http.lib.StaticUserWebFilter$StaticUserFilter) to context hddsDatanode
2019-09-20 04:49:48,553 [main] INFO  http.HttpServer2 (HttpServer2.java:addFilter(958)) - Added filter static_user_filter (class=org.apache.hadoop.http.lib.StaticUserWebFilter$StaticUserFilter) to context logs
2019-09-20 04:49:48,553 [main] INFO  http.HttpServer2 (HttpServer2.java:addFilter(958)) - Added filter static_user_filter (class=org.apache.hadoop.http.lib.StaticUserWebFilter$StaticUserFilter) to context static
2019-09-20 04:49:48,554 [main] INFO  http.HttpServer2 (HttpServer2.java:bindListener(1191)) - Jetty bound to port 37806
2019-09-20 04:49:48,554 [main] INFO  server.Server (Server.java:doStart(351)) - jetty-9.3.24.v20180605, build timestamp: 2018-06-05T17:11:56Z, git hash: 84205aa28f11a4f31f2a3b86d1bba2cc8ab69827
2019-09-20 04:49:48,574 [main] INFO  handler.ContextHandler (ContextHandler.java:doStart(781)) - Started o.e.j.s.ServletContextHandler@24f77077{/logs,file:///workdir/hadoop-ozone/integration-test/target/log,AVAILABLE}
2019-09-20 04:49:48,575 [main] INFO  handler.ContextHandler (ContextHandler.java:doStart(781)) - Started o.e.j.s.ServletContextHandler@188b9a1e{/static,jar:file:/home/user/.m2/repository/org/apache/hadoop/hadoop-hdds-container-service/0.5.0-SNAPSHOT/hadoop-hdds-container-service-0.5.0-SNAPSHOT.jar!/webapps/static,AVAILABLE}
2019-09-20 04:49:48,602 [main] INFO  handler.ContextHandler (ContextHandler.java:doStart(781)) - Started o.e.j.w.WebAppContext@6164b3a2{/,file:///tmp/jetty-0.0.0.0-37806-hddsDatanode-_-any-1414658715844142740.dir/webapp/,AVAILABLE}{/hddsDatanode}
2019-09-20 04:49:48,602 [main] INFO  server.AbstractConnector (AbstractConnector.java:doStart(278)) - Started ServerConnector@345af277{HTTP/1.1,[http/1.1]}{0.0.0.0:37806}
2019-09-20 04:49:48,609 [main] INFO  server.Server (Server.java:doStart(419)) - Started @70597ms
2019-09-20 04:49:48,610 [main] INFO  server.BaseHttpServer (BaseHttpServer.java:updateConnectorAddress(213)) - HTTP server of HDDSDATANODE is listening at http://0.0.0.0:37806
2019-09-20 04:49:48,648 | INFO  | SCMAudit | user=jenkins1000 | ip=192.168.36.79 | op=SEND_HEARTBEAT {datanodeUUID=1d91ad97-6666-4ee7-855a-8b5e944e7401, command=[]} | ret=SUCCESS |  
2019-09-20 04:49:48,648 | INFO  | SCMAudit | user=jenkins1000 | ip=192.168.36.79 | op=SEND_HEARTBEAT {datanodeUUID=42fc6e92-fcdd-4827-b621-9fc58a3d2315, command=[]} | ret=SUCCESS |  
2019-09-20 04:49:48,655 | INFO  | SCMAudit | user=jenkins1000 | ip=192.168.36.79 | op=SEND_HEARTBEAT {datanodeUUID=c4f6294c-eda3-4afd-81f7-e69ed14da69f, command=[]} | ret=SUCCESS |  
2019-09-20 04:49:48,655 | INFO  | SCMAudit | user=jenkins1000 | ip=192.168.36.79 | op=SEND_HEARTBEAT {datanodeUUID=eaf3ecbe-c3b1-4969-ad3a-e4de7fb04f81, command=[]} | ret=SUCCESS |  
2019-09-20 04:49:48,655 | INFO  | SCMAudit | user=jenkins1000 | ip=192.168.36.79 | op=SEND_HEARTBEAT {datanodeUUID=3c2a6bfe-f5c5-4e23-89b0-850dab17697d, command=[]} | ret=SUCCESS |  
2019-09-20 04:49:48,655 | INFO  | SCMAudit | user=jenkins1000 | ip=192.168.36.79 | op=SEND_HEARTBEAT {datanodeUUID=0ad3f89e-804f-4845-89c5-5ff1a35a5dda, command=[]} | ret=SUCCESS |  
2019-09-20 04:49:48,655 | INFO  | SCMAudit | user=jenkins1000 | ip=192.168.36.79 | op=SEND_HEARTBEAT {datanodeUUID=236eed40-dd97-4fdc-a0ae-ab99685a426b, command=[]} | ret=SUCCESS |  
2019-09-20 04:49:48,656 | INFO  | SCMAudit | user=jenkins1000 | ip=192.168.36.79 | op=SEND_HEARTBEAT {datanodeUUID=eb30d72f-c0a8-4ecb-bfee-9120a9a6cddf, command=[]} | ret=SUCCESS |  
2019-09-20 04:49:48,656 | INFO  | SCMAudit | user=jenkins1000 | ip=192.168.36.79 | op=SEND_HEARTBEAT {datanodeUUID=8d97392c-5f4b-400a-94a1-fb61a3ebbc99, command=[]} | ret=SUCCESS |  
2019-09-20 04:49:48,656 | INFO  | SCMAudit | user=jenkins1000 | ip=192.168.36.79 | op=SEND_HEARTBEAT {datanodeUUID=2702b462-69d8-4c1b-aae1-091a21fe08b8, command=[]} | ret=SUCCESS |  
2019-09-20 04:49:48,656 | INFO  | SCMAudit | user=jenkins1000 | ip=192.168.36.79 | op=SEND_HEARTBEAT {datanodeUUID=68a93ad8-b6a8-44e1-8a9f-45fcc58d229a, command=[]} | ret=SUCCESS |  
2019-09-20 04:49:48,656 | INFO  | SCMAudit | user=jenkins1000 | ip=192.168.36.79 | op=SEND_HEARTBEAT {datanodeUUID=ea71b9af-1075-4196-9693-aa14e10f536d, command=[]} | ret=SUCCESS |  
2019-09-20 04:49:48,656 | INFO  | SCMAudit | user=jenkins1000 | ip=192.168.36.79 | op=SEND_HEARTBEAT {datanodeUUID=5ea19b84-5385-4ae9-8412-c4cfa929b172, command=[]} | ret=SUCCESS |  
2019-09-20 04:49:48,657 | INFO  | SCMAudit | user=jenkins1000 | ip=192.168.36.79 | op=SEND_HEARTBEAT {datanodeUUID=dba845b8-ea76-4e09-ab03-0883d354e493, command=[]} | ret=SUCCESS |  
2019-09-20 04:49:48,657 | INFO  | SCMAudit | user=jenkins1000 | ip=192.168.36.79 | op=SEND_HEARTBEAT {datanodeUUID=8538cd65-7926-426b-8bad-fbd0f0550f9a, command=[]} | ret=SUCCESS |  
2019-09-20 04:49:48,657 | INFO  | SCMAudit | user=jenkins1000 | ip=192.168.36.79 | op=SEND_HEARTBEAT {datanodeUUID=f4e549ee-a6fa-4eb9-8541-129d0566fdf5, command=[]} | ret=SUCCESS |  
2019-09-20 04:49:48,657 | INFO  | SCMAudit | user=jenkins1000 | ip=192.168.36.79 | op=SEND_HEARTBEAT {datanodeUUID=2d6465ef-cffa-473a-a4c6-a9aa3f1a26c0, command=[]} | ret=SUCCESS |  
2019-09-20 04:49:48,657 | INFO  | SCMAudit | user=jenkins1000 | ip=192.168.36.79 | op=SEND_HEARTBEAT {datanodeUUID=bd1a845e-f2ed-4713-9516-9ccc20139040, command=[]} | ret=SUCCESS |  
2019-09-20 04:49:48,657 | INFO  | SCMAudit | user=jenkins1000 | ip=192.168.36.79 | op=SEND_HEARTBEAT {datanodeUUID=fdbc37f2-9e58-4bac-a5d5-a78839d012e9, command=[]} | ret=SUCCESS |  
2019-09-20 04:49:48,657 | INFO  | SCMAudit | user=jenkins1000 | ip=192.168.36.79 | op=SEND_HEARTBEAT {datanodeUUID=a9bc59c4-b792-48d5-9db2-4e71770477b1, command=[]} | ret=SUCCESS |  
2019-09-20 04:49:48,658 | INFO  | SCMAudit | user=jenkins1000 | ip=192.168.36.79 | op=SEND_HEARTBEAT {datanodeUUID=ba95d636-ac34-4b74-a102-dec8d0f377c6, command=[]} | ret=SUCCESS |  
2019-09-20 04:49:48,760 | INFO  | ObjectStoreRestHttpServer | Listening HDDS REST traffic on /0.0.0.0:34286 |  
2019-09-20 04:49:48,761 [main] INFO  ozone.HddsDatanodeService (HddsDatanodeService.java:startPlugins(395)) - Started plug-in org.apache.hadoop.ozone.web.OzoneHddsDatanodeService@411576c7
2019-09-20 04:49:48,761 [main] INFO  impl.MetricsSystemImpl (MetricsSystemImpl.java:init(158)) - HddsDatanode metrics system started (again)
2019-09-20 04:49:48,891 [org.apache.hadoop.util.JvmPauseMonitor$Monitor@1429c4f4] INFO  util.JvmPauseMonitor (JvmPauseMonitor.java:run(188)) - Starting JVM pause monitor
2019-09-20 04:49:48,892 [Datanode State Machine Thread - 0] INFO  datanode.InitDatanodeState (InitDatanodeState.java:persistContainerDatanodeDetails(140)) - DatanodeDetails is persisted to /workdir/hadoop-ozone/integration-test/target/test-dir/MiniOzoneClusterImpl-3cdd9aee-ba37-4d0d-8930-872cb3194007/datanode-3/meta/datanode.id
2019-09-20 04:49:48,895 [main] INFO  ozone.HddsDatanodeService (HddsDatanodeService.java:start(184)) - HddsDatanodeService host:pr-hdds-1569-s8kj2-2266485376 ip:192.168.36.79
2019-09-20 04:49:48,916 [main] INFO  volume.HddsVolume (HddsVolume.java:<init>(176)) - Creating Volume: /workdir/hadoop-ozone/integration-test/target/test-dir/MiniOzoneClusterImpl-3cdd9aee-ba37-4d0d-8930-872cb3194007/datanode-4/data/containers/hdds of  storage type : DISK and capacity : 1482555576320
2019-09-20 04:49:48,917 [main] INFO  volume.VolumeSet (VolumeSet.java:initializeVolumeSet(170)) - Added Volume : /workdir/hadoop-ozone/integration-test/target/test-dir/MiniOzoneClusterImpl-3cdd9aee-ba37-4d0d-8930-872cb3194007/datanode-4/data/containers/hdds to VolumeSet
2019-09-20 04:49:48,917 [main] INFO  volume.ThrottledAsyncChecker (ThrottledAsyncChecker.java:schedule(140)) - Scheduling a check for org.apache.hadoop.ozone.container.common.volume.HddsVolume@520eb9f8
2019-09-20 04:49:48,917 [main] INFO  volume.HddsVolumeChecker (HddsVolumeChecker.java:checkAllVolumes(203)) - Scheduled health check for volume org.apache.hadoop.ozone.container.common.volume.HddsVolume@520eb9f8
2019-09-20 04:49:48,940 [main] INFO  impl.RaftServerProxy (ConfUtils.java:logGet(43)) - raft.rpc.type = GRPC (default)
2019-09-20 04:49:48,940 [main] INFO  grpc.GrpcFactory (GrpcFactory.java:checkPooledByteBufAllocatorUseCacheForAllThreads(45)) - PERFORMANCE WARNING: useCacheForAllThreads is true that may cause Netty to create a lot garbage objects and, as a result, trigger GC.
	It is recommended to disable useCacheForAllThreads by setting -Dorg.apache.ratis.thirdparty.io.netty.allocator.useCacheForAllThreads=false in command line.
2019-09-20 04:49:48,940 [main] INFO  grpc.GrpcConfigKeys$Server (ConfUtils.java:logGet(43)) - raft.grpc.server.port = 0 (default)
2019-09-20 04:49:48,941 [main] INFO  server.GrpcService (ConfUtils.java:logGet(43)) - raft.grpc.message.size.max = 33570816 (custom)
2019-09-20 04:49:48,941 [main] INFO  server.RaftServerConfigKeys (ConfUtils.java:logGet(43)) - raft.server.log.appender.buffer.byte-limit = 33554432 (custom)
2019-09-20 04:49:48,941 [main] INFO  server.GrpcService (ConfUtils.java:logGet(43)) - raft.grpc.flow.control.window = 1MB (=1048576) (default)
2019-09-20 04:49:48,941 [main] INFO  server.RaftServerConfigKeys (ConfUtils.java:logGet(43)) - raft.server.rpc.request.timeout = 3000ms (default)
2019-09-20 04:49:48,942 [main] INFO  server.RaftServerConfigKeys (ConfUtils.java:logGet(43)) - raft.server.storage.dir = [/workdir/hadoop-ozone/integration-test/target/test-dir/MiniOzoneClusterImpl-3cdd9aee-ba37-4d0d-8930-872cb3194007/datanode-4/data/ratis] (custom)
2019-09-20 04:49:48,942 [main] INFO  replication.SimpleContainerDownloader (SimpleContainerDownloader.java:<init>(72)) - Starting container downloader service to copy containers to replicate.
2019-09-20 04:49:48,944 [main] INFO  hdfs.DFSUtil (DFSUtil.java:httpServerTemplateForNNAndJN(1641)) - Starting Web-server for hddsDatanode at: http://0.0.0.0:0
2019-09-20 04:49:48,945 [main] INFO  server.AuthenticationFilter (AuthenticationFilter.java:constructSecretProvider(240)) - Unable to initialize FileSignerSecretProvider, falling back to use random secrets.
2019-09-20 04:49:48,946 [main] WARN  http.HttpRequestLog (HttpRequestLog.java:getRequestLog(97)) - Jetty request log can only be enabled using Log4j
2019-09-20 04:49:48,948 [main] INFO  http.HttpServer2 (HttpServer2.java:addGlobalFilter(975)) - Added global filter 'safety' (class=org.apache.hadoop.http.HttpServer2$QuotingInputFilter)
2019-09-20 04:49:48,948 [main] INFO  http.HttpServer2 (HttpServer2.java:addFilter(948)) - Added filter static_user_filter (class=org.apache.hadoop.http.lib.StaticUserWebFilter$StaticUserFilter) to context hddsDatanode
2019-09-20 04:49:48,949 [main] INFO  http.HttpServer2 (HttpServer2.java:addFilter(958)) - Added filter static_user_filter (class=org.apache.hadoop.http.lib.StaticUserWebFilter$StaticUserFilter) to context logs
2019-09-20 04:49:48,949 [main] INFO  http.HttpServer2 (HttpServer2.java:addFilter(958)) - Added filter static_user_filter (class=org.apache.hadoop.http.lib.StaticUserWebFilter$StaticUserFilter) to context static
2019-09-20 04:49:48,950 [main] INFO  http.HttpServer2 (HttpServer2.java:bindListener(1191)) - Jetty bound to port 39688
2019-09-20 04:49:48,950 [main] INFO  server.Server (Server.java:doStart(351)) - jetty-9.3.24.v20180605, build timestamp: 2018-06-05T17:11:56Z, git hash: 84205aa28f11a4f31f2a3b86d1bba2cc8ab69827
2019-09-20 04:49:48,952 [main] INFO  handler.ContextHandler (ContextHandler.java:doStart(781)) - Started o.e.j.s.ServletContextHandler@fbdba1c{/logs,file:///workdir/hadoop-ozone/integration-test/target/log,AVAILABLE}
2019-09-20 04:49:48,952 [main] INFO  handler.ContextHandler (ContextHandler.java:doStart(781)) - Started o.e.j.s.ServletContextHandler@4125bc3c{/static,jar:file:/home/user/.m2/repository/org/apache/hadoop/hadoop-hdds-container-service/0.5.0-SNAPSHOT/hadoop-hdds-container-service-0.5.0-SNAPSHOT.jar!/webapps/static,AVAILABLE}
2019-09-20 04:49:48,989 [main] INFO  handler.ContextHandler (ContextHandler.java:doStart(781)) - Started o.e.j.w.WebAppContext@20e9b10b{/,file:///tmp/jetty-0.0.0.0-39688-hddsDatanode-_-any-4536381934749920057.dir/webapp/,AVAILABLE}{/hddsDatanode}
2019-09-20 04:49:48,989 [main] INFO  server.AbstractConnector (AbstractConnector.java:doStart(278)) - Started ServerConnector@2c485b3a{HTTP/1.1,[http/1.1]}{0.0.0.0:39688}
2019-09-20 04:49:48,997 [main] INFO  server.Server (Server.java:doStart(419)) - Started @70986ms
2019-09-20 04:49:48,999 [main] INFO  server.BaseHttpServer (BaseHttpServer.java:updateConnectorAddress(213)) - HTTP server of HDDSDATANODE is listening at http://0.0.0.0:39688
2019-09-20 04:49:49,121 | INFO  | ObjectStoreRestHttpServer | Listening HDDS REST traffic on /0.0.0.0:37395 |  
2019-09-20 04:49:49,121 [main] INFO  ozone.HddsDatanodeService (HddsDatanodeService.java:startPlugins(395)) - Started plug-in org.apache.hadoop.ozone.web.OzoneHddsDatanodeService@2ca464bb
2019-09-20 04:49:49,121 [main] INFO  impl.MetricsSystemImpl (MetricsSystemImpl.java:init(158)) - HddsDatanode metrics system started (again)
2019-09-20 04:49:49,123 [org.apache.hadoop.util.JvmPauseMonitor$Monitor@cac6d0f] INFO  util.JvmPauseMonitor (JvmPauseMonitor.java:run(188)) - Starting JVM pause monitor
2019-09-20 04:49:49,252 [Datanode State Machine Thread - 0] INFO  datanode.InitDatanodeState (InitDatanodeState.java:persistContainerDatanodeDetails(140)) - DatanodeDetails is persisted to /workdir/hadoop-ozone/integration-test/target/test-dir/MiniOzoneClusterImpl-3cdd9aee-ba37-4d0d-8930-872cb3194007/datanode-4/meta/datanode.id
2019-09-20 04:49:49,255 [main] INFO  ozone.HddsDatanodeService (HddsDatanodeService.java:start(184)) - HddsDatanodeService host:pr-hdds-1569-s8kj2-2266485376 ip:192.168.36.79
2019-09-20 04:49:49,286 [main] INFO  volume.HddsVolume (HddsVolume.java:<init>(176)) - Creating Volume: /workdir/hadoop-ozone/integration-test/target/test-dir/MiniOzoneClusterImpl-3cdd9aee-ba37-4d0d-8930-872cb3194007/datanode-5/data/containers/hdds of  storage type : DISK and capacity : 1482555576320
2019-09-20 04:49:49,287 [main] INFO  volume.VolumeSet (VolumeSet.java:initializeVolumeSet(170)) - Added Volume : /workdir/hadoop-ozone/integration-test/target/test-dir/MiniOzoneClusterImpl-3cdd9aee-ba37-4d0d-8930-872cb3194007/datanode-5/data/containers/hdds to VolumeSet
2019-09-20 04:49:49,287 [main] INFO  volume.ThrottledAsyncChecker (ThrottledAsyncChecker.java:schedule(140)) - Scheduling a check for org.apache.hadoop.ozone.container.common.volume.HddsVolume@77d42ed7
2019-09-20 04:49:49,288 [main] INFO  volume.HddsVolumeChecker (HddsVolumeChecker.java:checkAllVolumes(203)) - Scheduled health check for volume org.apache.hadoop.ozone.container.common.volume.HddsVolume@77d42ed7
2019-09-20 04:49:49,315 [main] INFO  impl.RaftServerProxy (ConfUtils.java:logGet(43)) - raft.rpc.type = GRPC (default)
2019-09-20 04:49:49,316 [main] INFO  grpc.GrpcFactory (GrpcFactory.java:checkPooledByteBufAllocatorUseCacheForAllThreads(45)) - PERFORMANCE WARNING: useCacheForAllThreads is true that may cause Netty to create a lot garbage objects and, as a result, trigger GC.
	It is recommended to disable useCacheForAllThreads by setting -Dorg.apache.ratis.thirdparty.io.netty.allocator.useCacheForAllThreads=false in command line.
2019-09-20 04:49:49,316 [main] INFO  grpc.GrpcConfigKeys$Server (ConfUtils.java:logGet(43)) - raft.grpc.server.port = 0 (default)
2019-09-20 04:49:49,316 [main] INFO  server.GrpcService (ConfUtils.java:logGet(43)) - raft.grpc.message.size.max = 33570816 (custom)
2019-09-20 04:49:49,316 [main] INFO  server.RaftServerConfigKeys (ConfUtils.java:logGet(43)) - raft.server.log.appender.buffer.byte-limit = 33554432 (custom)
2019-09-20 04:49:49,316 [main] INFO  server.GrpcService (ConfUtils.java:logGet(43)) - raft.grpc.flow.control.window = 1MB (=1048576) (default)
2019-09-20 04:49:49,316 [main] INFO  server.RaftServerConfigKeys (ConfUtils.java:logGet(43)) - raft.server.rpc.request.timeout = 3000ms (default)
2019-09-20 04:49:49,317 [main] INFO  server.RaftServerConfigKeys (ConfUtils.java:logGet(43)) - raft.server.storage.dir = [/workdir/hadoop-ozone/integration-test/target/test-dir/MiniOzoneClusterImpl-3cdd9aee-ba37-4d0d-8930-872cb3194007/datanode-5/data/ratis] (custom)
2019-09-20 04:49:49,317 [main] INFO  replication.SimpleContainerDownloader (SimpleContainerDownloader.java:<init>(72)) - Starting container downloader service to copy containers to replicate.
2019-09-20 04:49:49,318 [main] INFO  hdfs.DFSUtil (DFSUtil.java:httpServerTemplateForNNAndJN(1641)) - Starting Web-server for hddsDatanode at: http://0.0.0.0:0
2019-09-20 04:49:49,320 [main] INFO  server.AuthenticationFilter (AuthenticationFilter.java:constructSecretProvider(240)) - Unable to initialize FileSignerSecretProvider, falling back to use random secrets.
2019-09-20 04:49:49,320 [main] WARN  http.HttpRequestLog (HttpRequestLog.java:getRequestLog(97)) - Jetty request log can only be enabled using Log4j
2019-09-20 04:49:49,322 [main] INFO  http.HttpServer2 (HttpServer2.java:addGlobalFilter(975)) - Added global filter 'safety' (class=org.apache.hadoop.http.HttpServer2$QuotingInputFilter)
2019-09-20 04:49:49,322 [main] INFO  http.HttpServer2 (HttpServer2.java:addFilter(948)) - Added filter static_user_filter (class=org.apache.hadoop.http.lib.StaticUserWebFilter$StaticUserFilter) to context hddsDatanode
2019-09-20 04:49:49,322 [main] INFO  http.HttpServer2 (HttpServer2.java:addFilter(958)) - Added filter static_user_filter (class=org.apache.hadoop.http.lib.StaticUserWebFilter$StaticUserFilter) to context static
2019-09-20 04:49:49,322 [main] INFO  http.HttpServer2 (HttpServer2.java:addFilter(958)) - Added filter static_user_filter (class=org.apache.hadoop.http.lib.StaticUserWebFilter$StaticUserFilter) to context logs
2019-09-20 04:49:49,323 [main] INFO  http.HttpServer2 (HttpServer2.java:bindListener(1191)) - Jetty bound to port 43098
2019-09-20 04:49:49,323 [main] INFO  server.Server (Server.java:doStart(351)) - jetty-9.3.24.v20180605, build timestamp: 2018-06-05T17:11:56Z, git hash: 84205aa28f11a4f31f2a3b86d1bba2cc8ab69827
2019-09-20 04:49:49,324 [main] INFO  handler.ContextHandler (ContextHandler.java:doStart(781)) - Started o.e.j.s.ServletContextHandler@62cf873a{/logs,file:///workdir/hadoop-ozone/integration-test/target/log,AVAILABLE}
2019-09-20 04:49:49,325 [main] INFO  handler.ContextHandler (ContextHandler.java:doStart(781)) - Started o.e.j.s.ServletContextHandler@294b045b{/static,jar:file:/home/user/.m2/repository/org/apache/hadoop/hadoop-hdds-container-service/0.5.0-SNAPSHOT/hadoop-hdds-container-service-0.5.0-SNAPSHOT.jar!/webapps/static,AVAILABLE}
2019-09-20 04:49:49,351 [main] INFO  handler.ContextHandler (ContextHandler.java:doStart(781)) - Started o.e.j.w.WebAppContext@22e650e{/,file:///tmp/jetty-0.0.0.0-43098-hddsDatanode-_-any-7644019953147654656.dir/webapp/,AVAILABLE}{/hddsDatanode}
2019-09-20 04:49:49,352 [main] INFO  server.AbstractConnector (AbstractConnector.java:doStart(278)) - Started ServerConnector@30a79476{HTTP/1.1,[http/1.1]}{0.0.0.0:43098}
2019-09-20 04:49:49,358 [main] INFO  server.Server (Server.java:doStart(419)) - Started @71346ms
2019-09-20 04:49:49,359 [main] INFO  server.BaseHttpServer (BaseHttpServer.java:updateConnectorAddress(213)) - HTTP server of HDDSDATANODE is listening at http://0.0.0.0:43098
2019-09-20 04:49:49,484 | INFO  | ObjectStoreRestHttpServer | Listening HDDS REST traffic on /0.0.0.0:39016 |  
2019-09-20 04:49:49,484 [main] INFO  ozone.HddsDatanodeService (HddsDatanodeService.java:startPlugins(395)) - Started plug-in org.apache.hadoop.ozone.web.OzoneHddsDatanodeService@4cb87009
2019-09-20 04:49:49,484 [main] INFO  impl.MetricsSystemImpl (MetricsSystemImpl.java:init(158)) - HddsDatanode metrics system started (again)
2019-09-20 04:49:49,618 [org.apache.hadoop.util.JvmPauseMonitor$Monitor@744b2720] INFO  util.JvmPauseMonitor (JvmPauseMonitor.java:run(188)) - Starting JVM pause monitor
2019-09-20 04:49:49,619 [Datanode State Machine Thread - 0] INFO  datanode.InitDatanodeState (InitDatanodeState.java:persistContainerDatanodeDetails(140)) - DatanodeDetails is persisted to /workdir/hadoop-ozone/integration-test/target/test-dir/MiniOzoneClusterImpl-3cdd9aee-ba37-4d0d-8930-872cb3194007/datanode-5/meta/datanode.id
2019-09-20 04:49:49,622 [main] INFO  ozone.HddsDatanodeService (HddsDatanodeService.java:start(184)) - HddsDatanodeService host:pr-hdds-1569-s8kj2-2266485376 ip:192.168.36.79
2019-09-20 04:49:49,643 [main] INFO  volume.HddsVolume (HddsVolume.java:<init>(176)) - Creating Volume: /workdir/hadoop-ozone/integration-test/target/test-dir/MiniOzoneClusterImpl-3cdd9aee-ba37-4d0d-8930-872cb3194007/datanode-6/data/containers/hdds of  storage type : DISK and capacity : 1482555576320
2019-09-20 04:49:49,644 [main] INFO  volume.VolumeSet (VolumeSet.java:initializeVolumeSet(170)) - Added Volume : /workdir/hadoop-ozone/integration-test/target/test-dir/MiniOzoneClusterImpl-3cdd9aee-ba37-4d0d-8930-872cb3194007/datanode-6/data/containers/hdds to VolumeSet
2019-09-20 04:49:49,644 [main] INFO  volume.ThrottledAsyncChecker (ThrottledAsyncChecker.java:schedule(140)) - Scheduling a check for org.apache.hadoop.ozone.container.common.volume.HddsVolume@16160a37
2019-09-20 04:49:49,645 [main] INFO  volume.HddsVolumeChecker (HddsVolumeChecker.java:checkAllVolumes(203)) - Scheduled health check for volume org.apache.hadoop.ozone.container.common.volume.HddsVolume@16160a37
2019-09-20 04:49:49,651 | INFO  | SCMAudit | user=jenkins1000 | ip=192.168.36.79 | op=SEND_HEARTBEAT {datanodeUUID=1d91ad97-6666-4ee7-855a-8b5e944e7401, command=[]} | ret=SUCCESS |  
2019-09-20 04:49:49,651 | INFO  | SCMAudit | user=jenkins1000 | ip=192.168.36.79 | op=SEND_HEARTBEAT {datanodeUUID=42fc6e92-fcdd-4827-b621-9fc58a3d2315, command=[]} | ret=SUCCESS |  
2019-09-20 04:49:49,655 | INFO  | SCMAudit | user=jenkins1000 | ip=192.168.36.79 | op=SEND_HEARTBEAT {datanodeUUID=eaf3ecbe-c3b1-4969-ad3a-e4de7fb04f81, command=[]} | ret=SUCCESS |  
2019-09-20 04:49:49,655 | INFO  | SCMAudit | user=jenkins1000 | ip=192.168.36.79 | op=SEND_HEARTBEAT {datanodeUUID=3c2a6bfe-f5c5-4e23-89b0-850dab17697d, command=[]} | ret=SUCCESS |  
2019-09-20 04:49:49,655 | INFO  | SCMAudit | user=jenkins1000 | ip=192.168.36.79 | op=SEND_HEARTBEAT {datanodeUUID=236eed40-dd97-4fdc-a0ae-ab99685a426b, command=[]} | ret=SUCCESS |  
2019-09-20 04:49:49,655 | INFO  | SCMAudit | user=jenkins1000 | ip=192.168.36.79 | op=SEND_HEARTBEAT {datanodeUUID=0ad3f89e-804f-4845-89c5-5ff1a35a5dda, command=[]} | ret=SUCCESS |  
2019-09-20 04:49:49,656 | INFO  | SCMAudit | user=jenkins1000 | ip=192.168.36.79 | op=SEND_HEARTBEAT {datanodeUUID=c4f6294c-eda3-4afd-81f7-e69ed14da69f, command=[]} | ret=SUCCESS |  
2019-09-20 04:49:49,656 | INFO  | SCMAudit | user=jenkins1000 | ip=192.168.36.79 | op=SEND_HEARTBEAT {datanodeUUID=ea71b9af-1075-4196-9693-aa14e10f536d, command=[]} | ret=SUCCESS |  
2019-09-20 04:49:49,656 | INFO  | SCMAudit | user=jenkins1000 | ip=192.168.36.79 | op=SEND_HEARTBEAT {datanodeUUID=5ea19b84-5385-4ae9-8412-c4cfa929b172, command=[]} | ret=SUCCESS |  
2019-09-20 04:49:49,657 | INFO  | SCMAudit | user=jenkins1000 | ip=192.168.36.79 | op=SEND_HEARTBEAT {datanodeUUID=eb30d72f-c0a8-4ecb-bfee-9120a9a6cddf, command=[]} | ret=SUCCESS |  
2019-09-20 04:49:49,657 | INFO  | SCMAudit | user=jenkins1000 | ip=192.168.36.79 | op=SEND_HEARTBEAT {datanodeUUID=8d97392c-5f4b-400a-94a1-fb61a3ebbc99, command=[]} | ret=SUCCESS |  
2019-09-20 04:49:49,657 | INFO  | SCMAudit | user=jenkins1000 | ip=192.168.36.79 | op=SEND_HEARTBEAT {datanodeUUID=2702b462-69d8-4c1b-aae1-091a21fe08b8, command=[]} | ret=SUCCESS |  
2019-09-20 04:49:49,657 | INFO  | SCMAudit | user=jenkins1000 | ip=192.168.36.79 | op=SEND_HEARTBEAT {datanodeUUID=68a93ad8-b6a8-44e1-8a9f-45fcc58d229a, command=[]} | ret=SUCCESS |  
2019-09-20 04:49:49,657 | INFO  | SCMAudit | user=jenkins1000 | ip=192.168.36.79 | op=SEND_HEARTBEAT {datanodeUUID=fdbc37f2-9e58-4bac-a5d5-a78839d012e9, command=[]} | ret=SUCCESS |  
2019-09-20 04:49:49,670 | INFO  | SCMAudit | user=jenkins1000 | ip=192.168.36.79 | op=GET_VERSION null | ret=SUCCESS |  
2019-09-20 04:49:49,670 | INFO  | SCMAudit | user=jenkins1000 | ip=192.168.36.79 | op=SEND_HEARTBEAT {datanodeUUID=a9bc59c4-b792-48d5-9db2-4e71770477b1, command=[]} | ret=SUCCESS |  
2019-09-20 04:49:49,670 | INFO  | SCMAudit | user=jenkins1000 | ip=192.168.36.79 | op=SEND_HEARTBEAT {datanodeUUID=8538cd65-7926-426b-8bad-fbd0f0550f9a, command=[]} | ret=SUCCESS |  
2019-09-20 04:49:49,677 | INFO  | SCMAudit | user=jenkins1000 | ip=192.168.36.79 | op=SEND_HEARTBEAT {datanodeUUID=bd1a845e-f2ed-4713-9516-9ccc20139040, command=[]} | ret=SUCCESS |  
2019-09-20 04:49:49,670 | INFO  | SCMAudit | user=jenkins1000 | ip=192.168.36.79 | op=SEND_HEARTBEAT {datanodeUUID=ba95d636-ac34-4b74-a102-dec8d0f377c6, command=[]} | ret=SUCCESS |  
2019-09-20 04:49:49,678 | INFO  | SCMAudit | user=jenkins1000 | ip=192.168.36.79 | op=SEND_HEARTBEAT {datanodeUUID=2d6465ef-cffa-473a-a4c6-a9aa3f1a26c0, command=[]} | ret=SUCCESS |  
2019-09-20 04:49:49,678 | INFO  | SCMAudit | user=jenkins1000 | ip=192.168.36.79 | op=SEND_HEARTBEAT {datanodeUUID=f4e549ee-a6fa-4eb9-8541-129d0566fdf5, command=[]} | ret=SUCCESS |  
2019-09-20 04:49:49,678 | INFO  | SCMAudit | user=jenkins1000 | ip=192.168.36.79 | op=SEND_HEARTBEAT {datanodeUUID=dba845b8-ea76-4e09-ab03-0883d354e493, command=[]} | ret=SUCCESS |  
2019-09-20 04:49:49,698 [Datanode State Machine Thread - 0] INFO  ozoneimpl.OzoneContainer (OzoneContainer.java:start(186)) - Attempting to start container services.
2019-09-20 04:49:49,704 [Datanode State Machine Thread - 0] INFO  ozoneimpl.OzoneContainer (OzoneContainer.java:startContainerScrub(160)) - Background container scrubber has been disabled by hdds.containerscrub.enabled
2019-09-20 04:49:49,705 [Datanode State Machine Thread - 0] INFO  ratis.XceiverServerRatis (XceiverServerRatis.java:start(404)) - Starting XceiverServerRatis 37fe2768-1af7-42e7-8542-10b932802b02 at port 0
2019-09-20 04:49:49,705 [main] INFO  impl.RaftServerProxy (ConfUtils.java:logGet(43)) - raft.rpc.type = GRPC (default)
2019-09-20 04:49:49,705 [main] INFO  grpc.GrpcFactory (GrpcFactory.java:checkPooledByteBufAllocatorUseCacheForAllThreads(45)) - PERFORMANCE WARNING: useCacheForAllThreads is true that may cause Netty to create a lot garbage objects and, as a result, trigger GC.
	It is recommended to disable useCacheForAllThreads by setting -Dorg.apache.ratis.thirdparty.io.netty.allocator.useCacheForAllThreads=false in command line.
2019-09-20 04:49:49,706 [main] INFO  grpc.GrpcConfigKeys$Server (ConfUtils.java:logGet(43)) - raft.grpc.server.port = 0 (default)
2019-09-20 04:49:49,706 [main] INFO  server.GrpcService (ConfUtils.java:logGet(43)) - raft.grpc.message.size.max = 33570816 (custom)
2019-09-20 04:49:49,706 [main] INFO  server.RaftServerConfigKeys (ConfUtils.java:logGet(43)) - raft.server.log.appender.buffer.byte-limit = 33554432 (custom)
2019-09-20 04:49:49,706 [main] INFO  server.GrpcService (ConfUtils.java:logGet(43)) - raft.grpc.flow.control.window = 1MB (=1048576) (default)
2019-09-20 04:49:49,707 [main] INFO  server.RaftServerConfigKeys (ConfUtils.java:logGet(43)) - raft.server.rpc.request.timeout = 3000ms (default)
2019-09-20 04:49:49,707 [main] INFO  server.RaftServerConfigKeys (ConfUtils.java:logGet(43)) - raft.server.storage.dir = [/workdir/hadoop-ozone/integration-test/target/test-dir/MiniOzoneClusterImpl-3cdd9aee-ba37-4d0d-8930-872cb3194007/datanode-6/data/ratis] (custom)
2019-09-20 04:49:49,708 [main] INFO  replication.SimpleContainerDownloader (SimpleContainerDownloader.java:<init>(72)) - Starting container downloader service to copy containers to replicate.
2019-09-20 04:49:49,709 [main] INFO  hdfs.DFSUtil (DFSUtil.java:httpServerTemplateForNNAndJN(1641)) - Starting Web-server for hddsDatanode at: http://0.0.0.0:0
2019-09-20 04:49:49,710 [Datanode State Machine Thread - 0] INFO  impl.RaftServerProxy (RaftServerProxy.java:lambda$start$3(299)) - 37fe2768-1af7-42e7-8542-10b932802b02: start RPC server
2019-09-20 04:49:49,710 [main] INFO  server.AuthenticationFilter (AuthenticationFilter.java:constructSecretProvider(240)) - Unable to initialize FileSignerSecretProvider, falling back to use random secrets.
2019-09-20 04:49:49,711 [main] WARN  http.HttpRequestLog (HttpRequestLog.java:getRequestLog(97)) - Jetty request log can only be enabled using Log4j
2019-09-20 04:49:49,711 [Datanode State Machine Thread - 0] INFO  server.GrpcService (GrpcService.java:startImpl(149)) - 37fe2768-1af7-42e7-8542-10b932802b02: GrpcService started, listening on 0.0.0.0/0.0.0.0:41936
2019-09-20 04:49:49,711 [Datanode State Machine Thread - 0] INFO  ratis.XceiverServerRatis (XceiverServerRatis.java:start(414)) - XceiverServerRatis 37fe2768-1af7-42e7-8542-10b932802b02 is started using port 41936
2019-09-20 04:49:49,712 [Datanode State Machine Thread - 0] INFO  server.XceiverServerGrpc (XceiverServerGrpc.java:start(163)) - XceiverServerGrpc 37fe2768-1af7-42e7-8542-10b932802b02 is started using port 36653
2019-09-20 04:49:49,712 [main] INFO  http.HttpServer2 (HttpServer2.java:addGlobalFilter(975)) - Added global filter 'safety' (class=org.apache.hadoop.http.HttpServer2$QuotingInputFilter)
2019-09-20 04:49:49,713 [main] INFO  http.HttpServer2 (HttpServer2.java:addFilter(948)) - Added filter static_user_filter (class=org.apache.hadoop.http.lib.StaticUserWebFilter$StaticUserFilter) to context hddsDatanode
2019-09-20 04:49:49,713 [main] INFO  http.HttpServer2 (HttpServer2.java:addFilter(958)) - Added filter static_user_filter (class=org.apache.hadoop.http.lib.StaticUserWebFilter$StaticUserFilter) to context logs
2019-09-20 04:49:49,713 [main] INFO  http.HttpServer2 (HttpServer2.java:addFilter(958)) - Added filter static_user_filter (class=org.apache.hadoop.http.lib.StaticUserWebFilter$StaticUserFilter) to context static
2019-09-20 04:49:49,713 [main] INFO  http.HttpServer2 (HttpServer2.java:bindListener(1191)) - Jetty bound to port 34613
2019-09-20 04:49:49,714 [main] INFO  server.Server (Server.java:doStart(351)) - jetty-9.3.24.v20180605, build timestamp: 2018-06-05T17:11:56Z, git hash: 84205aa28f11a4f31f2a3b86d1bba2cc8ab69827
2019-09-20 04:49:49,715 [main] INFO  handler.ContextHandler (ContextHandler.java:doStart(781)) - Started o.e.j.s.ServletContextHandler@1f591b2e{/logs,file:///workdir/hadoop-ozone/integration-test/target/log,AVAILABLE}
2019-09-20 04:49:49,716 [main] INFO  handler.ContextHandler (ContextHandler.java:doStart(781)) - Started o.e.j.s.ServletContextHandler@c10f7a8{/static,jar:file:/home/user/.m2/repository/org/apache/hadoop/hadoop-hdds-container-service/0.5.0-SNAPSHOT/hadoop-hdds-container-service-0.5.0-SNAPSHOT.jar!/webapps/static,AVAILABLE}
2019-09-20 04:49:49,743 [main] INFO  handler.ContextHandler (ContextHandler.java:doStart(781)) - Started o.e.j.w.WebAppContext@65852d05{/,file:///tmp/jetty-0.0.0.0-34613-hddsDatanode-_-any-6251768355873219809.dir/webapp/,AVAILABLE}{/hddsDatanode}
2019-09-20 04:49:49,743 [main] INFO  server.AbstractConnector (AbstractConnector.java:doStart(278)) - Started ServerConnector@47462daf{HTTP/1.1,[http/1.1]}{0.0.0.0:34613}
2019-09-20 04:49:49,750 [main] INFO  server.Server (Server.java:doStart(419)) - Started @71738ms
2019-09-20 04:49:49,750 [main] INFO  server.BaseHttpServer (BaseHttpServer.java:updateConnectorAddress(213)) - HTTP server of HDDSDATANODE is listening at http://0.0.0.0:34613
2019-09-20 04:49:49,885 | INFO  | ObjectStoreRestHttpServer | Listening HDDS REST traffic on /0.0.0.0:43944 |  
2019-09-20 04:49:49,886 [main] INFO  ozone.HddsDatanodeService (HddsDatanodeService.java:startPlugins(395)) - Started plug-in org.apache.hadoop.ozone.web.OzoneHddsDatanodeService@4fcb796f
2019-09-20 04:49:49,886 [main] INFO  ozone.MiniOzoneClusterImpl (MiniOzoneClusterImpl.java:lambda$waitForClusterToBeReady$0(142)) - Waiting for cluster to be ready. Got 0 of 7 DN Heartbeats.
2019-09-20 04:49:49,887 [org.apache.hadoop.util.JvmPauseMonitor$Monitor@60cc3f07] INFO  util.JvmPauseMonitor (JvmPauseMonitor.java:run(188)) - Starting JVM pause monitor
2019-09-20 04:49:49,889 [Datanode State Machine Thread - 0] INFO  datanode.InitDatanodeState (InitDatanodeState.java:persistContainerDatanodeDetails(140)) - DatanodeDetails is persisted to /workdir/hadoop-ozone/integration-test/target/test-dir/MiniOzoneClusterImpl-3cdd9aee-ba37-4d0d-8930-872cb3194007/datanode-6/meta/datanode.id
2019-09-20 04:49:50,132 | INFO  | SCMAudit | user=jenkins1000 | ip=192.168.36.79 | op=GET_VERSION null | ret=SUCCESS |  
2019-09-20 04:49:50,181 [Datanode State Machine Thread - 0] INFO  ozoneimpl.OzoneContainer (OzoneContainer.java:start(186)) - Attempting to start container services.
2019-09-20 04:49:50,181 [Datanode State Machine Thread - 0] INFO  ozoneimpl.OzoneContainer (OzoneContainer.java:startContainerScrub(160)) - Background container scrubber has been disabled by hdds.containerscrub.enabled
2019-09-20 04:49:50,181 [Datanode State Machine Thread - 0] INFO  ratis.XceiverServerRatis (XceiverServerRatis.java:start(404)) - Starting XceiverServerRatis c82e94d7-3693-4569-94b0-cf8ff008d5c0 at port 0
2019-09-20 04:49:50,186 [Datanode State Machine Thread - 0] INFO  impl.RaftServerProxy (RaftServerProxy.java:lambda$start$3(299)) - c82e94d7-3693-4569-94b0-cf8ff008d5c0: start RPC server
2019-09-20 04:49:50,187 [Datanode State Machine Thread - 0] INFO  server.GrpcService (GrpcService.java:startImpl(149)) - c82e94d7-3693-4569-94b0-cf8ff008d5c0: GrpcService started, listening on 0.0.0.0/0.0.0.0:33912
2019-09-20 04:49:50,187 [Datanode State Machine Thread - 0] INFO  ratis.XceiverServerRatis (XceiverServerRatis.java:start(414)) - XceiverServerRatis c82e94d7-3693-4569-94b0-cf8ff008d5c0 is started using port 33912
2019-09-20 04:49:50,188 [Datanode State Machine Thread - 0] INFO  server.XceiverServerGrpc (XceiverServerGrpc.java:start(163)) - XceiverServerGrpc c82e94d7-3693-4569-94b0-cf8ff008d5c0 is started using port 40058
2019-09-20 04:49:50,496 | INFO  | SCMAudit | user=jenkins1000 | ip=192.168.36.79 | op=GET_VERSION null | ret=SUCCESS |  
2019-09-20 04:49:50,518 [Datanode State Machine Thread - 0] INFO  ozoneimpl.OzoneContainer (OzoneContainer.java:start(186)) - Attempting to start container services.
2019-09-20 04:49:50,519 [Datanode State Machine Thread - 0] INFO  ozoneimpl.OzoneContainer (OzoneContainer.java:startContainerScrub(160)) - Background container scrubber has been disabled by hdds.containerscrub.enabled
2019-09-20 04:49:50,519 [Datanode State Machine Thread - 0] INFO  ratis.XceiverServerRatis (XceiverServerRatis.java:start(404)) - Starting XceiverServerRatis 1b138595-92e4-4592-9dfc-2bb97fb4c88b at port 0
2019-09-20 04:49:50,534 [Datanode State Machine Thread - 0] INFO  impl.RaftServerProxy (RaftServerProxy.java:lambda$start$3(299)) - 1b138595-92e4-4592-9dfc-2bb97fb4c88b: start RPC server
2019-09-20 04:49:50,535 [Datanode State Machine Thread - 0] INFO  server.GrpcService (GrpcService.java:startImpl(149)) - 1b138595-92e4-4592-9dfc-2bb97fb4c88b: GrpcService started, listening on 0.0.0.0/0.0.0.0:46597
2019-09-20 04:49:50,535 [Datanode State Machine Thread - 0] INFO  ratis.XceiverServerRatis (XceiverServerRatis.java:start(414)) - XceiverServerRatis 1b138595-92e4-4592-9dfc-2bb97fb4c88b is started using port 46597
2019-09-20 04:49:50,535 [Datanode State Machine Thread - 0] INFO  server.XceiverServerGrpc (XceiverServerGrpc.java:start(163)) - XceiverServerGrpc 1b138595-92e4-4592-9dfc-2bb97fb4c88b is started using port 40665
2019-09-20 04:49:50,651 | INFO  | SCMAudit | user=jenkins1000 | ip=192.168.36.79 | op=SEND_HEARTBEAT {datanodeUUID=42fc6e92-fcdd-4827-b621-9fc58a3d2315, command=[]} | ret=SUCCESS |  
2019-09-20 04:49:50,650 | INFO  | SCMAudit | user=jenkins1000 | ip=192.168.36.79 | op=SEND_HEARTBEAT {datanodeUUID=1d91ad97-6666-4ee7-855a-8b5e944e7401, command=[]} | ret=SUCCESS |  
2019-09-20 04:49:50,656 | INFO  | SCMAudit | user=jenkins1000 | ip=192.168.36.79 | op=SEND_HEARTBEAT {datanodeUUID=3c2a6bfe-f5c5-4e23-89b0-850dab17697d, command=[]} | ret=SUCCESS |  
2019-09-20 04:49:50,656 | INFO  | SCMAudit | user=jenkins1000 | ip=192.168.36.79 | op=SEND_HEARTBEAT {datanodeUUID=eaf3ecbe-c3b1-4969-ad3a-e4de7fb04f81, command=[]} | ret=SUCCESS |  
2019-09-20 04:49:50,656 | INFO  | SCMAudit | user=jenkins1000 | ip=192.168.36.79 | op=SEND_HEARTBEAT {datanodeUUID=236eed40-dd97-4fdc-a0ae-ab99685a426b, command=[]} | ret=SUCCESS |  
2019-09-20 04:49:50,656 | INFO  | SCMAudit | user=jenkins1000 | ip=192.168.36.79 | op=SEND_HEARTBEAT {datanodeUUID=0ad3f89e-804f-4845-89c5-5ff1a35a5dda, command=[]} | ret=SUCCESS |  
2019-09-20 04:49:50,656 | INFO  | SCMAudit | user=jenkins1000 | ip=192.168.36.79 | op=SEND_HEARTBEAT {datanodeUUID=c4f6294c-eda3-4afd-81f7-e69ed14da69f, command=[]} | ret=SUCCESS |  
2019-09-20 04:49:50,656 | INFO  | SCMAudit | user=jenkins1000 | ip=192.168.36.79 | op=SEND_HEARTBEAT {datanodeUUID=ea71b9af-1075-4196-9693-aa14e10f536d, command=[]} | ret=SUCCESS |  
2019-09-20 04:49:50,657 | INFO  | SCMAudit | user=jenkins1000 | ip=192.168.36.79 | op=SEND_HEARTBEAT {datanodeUUID=2702b462-69d8-4c1b-aae1-091a21fe08b8, command=[]} | ret=SUCCESS |  
2019-09-20 04:49:50,657 | INFO  | SCMAudit | user=jenkins1000 | ip=192.168.36.79 | op=SEND_HEARTBEAT {datanodeUUID=68a93ad8-b6a8-44e1-8a9f-45fcc58d229a, command=[]} | ret=SUCCESS |  
2019-09-20 04:49:50,657 | INFO  | SCMAudit | user=jenkins1000 | ip=192.168.36.79 | op=SEND_HEARTBEAT {datanodeUUID=5ea19b84-5385-4ae9-8412-c4cfa929b172, command=[]} | ret=SUCCESS |  
2019-09-20 04:49:50,657 | INFO  | SCMAudit | user=jenkins1000 | ip=192.168.36.79 | op=SEND_HEARTBEAT {datanodeUUID=8d97392c-5f4b-400a-94a1-fb61a3ebbc99, command=[]} | ret=SUCCESS |  
2019-09-20 04:49:50,657 | INFO  | SCMAudit | user=jenkins1000 | ip=192.168.36.79 | op=SEND_HEARTBEAT {datanodeUUID=eb30d72f-c0a8-4ecb-bfee-9120a9a6cddf, command=[]} | ret=SUCCESS |  
2019-09-20 04:49:50,657 | INFO  | SCMAudit | user=jenkins1000 | ip=192.168.36.79 | op=SEND_HEARTBEAT {datanodeUUID=8538cd65-7926-426b-8bad-fbd0f0550f9a, command=[]} | ret=SUCCESS |  
2019-09-20 04:49:50,657 | INFO  | SCMAudit | user=jenkins1000 | ip=192.168.36.79 | op=SEND_HEARTBEAT {datanodeUUID=fdbc37f2-9e58-4bac-a5d5-a78839d012e9, command=[]} | ret=SUCCESS |  
2019-09-20 04:49:50,658 | INFO  | SCMAudit | user=jenkins1000 | ip=192.168.36.79 | op=SEND_HEARTBEAT {datanodeUUID=a9bc59c4-b792-48d5-9db2-4e71770477b1, command=[]} | ret=SUCCESS |  
2019-09-20 04:49:50,658 | INFO  | SCMAudit | user=jenkins1000 | ip=192.168.36.79 | op=SEND_HEARTBEAT {datanodeUUID=dba845b8-ea76-4e09-ab03-0883d354e493, command=[]} | ret=SUCCESS |  
2019-09-20 04:49:50,670 | INFO  | SCMAudit | user=jenkins1000 | ip=192.168.36.79 | op=SEND_HEARTBEAT {datanodeUUID=2d6465ef-cffa-473a-a4c6-a9aa3f1a26c0, command=[]} | ret=SUCCESS |  
2019-09-20 04:49:50,670 | INFO  | SCMAudit | user=jenkins1000 | ip=192.168.36.79 | op=SEND_HEARTBEAT {datanodeUUID=bd1a845e-f2ed-4713-9516-9ccc20139040, command=[]} | ret=SUCCESS |  
2019-09-20 04:49:50,670 | INFO  | SCMAudit | user=jenkins1000 | ip=192.168.36.79 | op=SEND_HEARTBEAT {datanodeUUID=f4e549ee-a6fa-4eb9-8541-129d0566fdf5, command=[]} | ret=SUCCESS |  
2019-09-20 04:49:50,670 | INFO  | SCMAudit | user=jenkins1000 | ip=192.168.36.79 | op=SEND_HEARTBEAT {datanodeUUID=ba95d636-ac34-4b74-a102-dec8d0f377c6, command=[]} | ret=SUCCESS |  
2019-09-20 04:49:50,886 [main] INFO  ozone.MiniOzoneClusterImpl (MiniOzoneClusterImpl.java:lambda$waitForClusterToBeReady$0(142)) - Waiting for cluster to be ready. Got 0 of 7 DN Heartbeats.
2019-09-20 04:49:50,891 | INFO  | SCMAudit | user=jenkins1000 | ip=192.168.36.79 | op=GET_VERSION null | ret=SUCCESS |  
2019-09-20 04:49:50,915 [Datanode State Machine Thread - 0] INFO  ozoneimpl.OzoneContainer (OzoneContainer.java:start(186)) - Attempting to start container services.
2019-09-20 04:49:50,915 [Datanode State Machine Thread - 0] INFO  ozoneimpl.OzoneContainer (OzoneContainer.java:startContainerScrub(160)) - Background container scrubber has been disabled by hdds.containerscrub.enabled
2019-09-20 04:49:50,916 [Datanode State Machine Thread - 0] INFO  ratis.XceiverServerRatis (XceiverServerRatis.java:start(404)) - Starting XceiverServerRatis c9787825-ea51-4014-8feb-b4ee136c6b23 at port 0
2019-09-20 04:49:50,924 [Datanode State Machine Thread - 0] INFO  impl.RaftServerProxy (RaftServerProxy.java:lambda$start$3(299)) - c9787825-ea51-4014-8feb-b4ee136c6b23: start RPC server
2019-09-20 04:49:50,925 [Datanode State Machine Thread - 0] INFO  server.GrpcService (GrpcService.java:startImpl(149)) - c9787825-ea51-4014-8feb-b4ee136c6b23: GrpcService started, listening on 0.0.0.0/0.0.0.0:40747
2019-09-20 04:49:50,925 [Datanode State Machine Thread - 0] INFO  ratis.XceiverServerRatis (XceiverServerRatis.java:start(414)) - XceiverServerRatis c9787825-ea51-4014-8feb-b4ee136c6b23 is started using port 40747
2019-09-20 04:49:50,925 [Datanode State Machine Thread - 0] INFO  server.XceiverServerGrpc (XceiverServerGrpc.java:start(163)) - XceiverServerGrpc c9787825-ea51-4014-8feb-b4ee136c6b23 is started using port 35189
2019-09-20 04:49:51,124 | INFO  | SCMAudit | user=jenkins1000 | ip=192.168.36.79 | op=GET_VERSION null | ret=SUCCESS |  
2019-09-20 04:49:51,148 [Datanode State Machine Thread - 0] INFO  ozoneimpl.OzoneContainer (OzoneContainer.java:start(186)) - Attempting to start container services.
2019-09-20 04:49:51,148 [Datanode State Machine Thread - 0] INFO  ozoneimpl.OzoneContainer (OzoneContainer.java:startContainerScrub(160)) - Background container scrubber has been disabled by hdds.containerscrub.enabled
2019-09-20 04:49:51,148 [Datanode State Machine Thread - 0] INFO  ratis.XceiverServerRatis (XceiverServerRatis.java:start(404)) - Starting XceiverServerRatis 6a6ac22f-fdb0-4283-a89a-a8bc92b139ca at port 0
2019-09-20 04:49:51,154 [Datanode State Machine Thread - 0] INFO  impl.RaftServerProxy (RaftServerProxy.java:lambda$start$3(299)) - 6a6ac22f-fdb0-4283-a89a-a8bc92b139ca: start RPC server
2019-09-20 04:49:51,155 [Datanode State Machine Thread - 0] INFO  server.GrpcService (GrpcService.java:startImpl(149)) - 6a6ac22f-fdb0-4283-a89a-a8bc92b139ca: GrpcService started, listening on 0.0.0.0/0.0.0.0:45432
2019-09-20 04:49:51,155 [Datanode State Machine Thread - 0] INFO  ratis.XceiverServerRatis (XceiverServerRatis.java:start(414)) - XceiverServerRatis 6a6ac22f-fdb0-4283-a89a-a8bc92b139ca is started using port 45432
2019-09-20 04:49:51,156 [Datanode State Machine Thread - 0] INFO  server.XceiverServerGrpc (XceiverServerGrpc.java:start(163)) - XceiverServerGrpc 6a6ac22f-fdb0-4283-a89a-a8bc92b139ca is started using port 38462
2019-09-20 04:49:51,619 | INFO  | SCMAudit | user=jenkins1000 | ip=192.168.36.79 | op=GET_VERSION null | ret=SUCCESS |  
2019-09-20 04:49:51,640 [Datanode State Machine Thread - 0] INFO  ozoneimpl.OzoneContainer (OzoneContainer.java:start(186)) - Attempting to start container services.
2019-09-20 04:49:51,640 [Datanode State Machine Thread - 0] INFO  ozoneimpl.OzoneContainer (OzoneContainer.java:startContainerScrub(160)) - Background container scrubber has been disabled by hdds.containerscrub.enabled
2019-09-20 04:49:51,640 [Datanode State Machine Thread - 0] INFO  ratis.XceiverServerRatis (XceiverServerRatis.java:start(404)) - Starting XceiverServerRatis d5424862-00f5-4f26-882d-9249b213a1ef at port 0
2019-09-20 04:49:51,651 | INFO  | SCMAudit | user=jenkins1000 | ip=192.168.36.79 | op=SEND_HEARTBEAT {datanodeUUID=42fc6e92-fcdd-4827-b621-9fc58a3d2315, command=[]} | ret=SUCCESS |  
2019-09-20 04:49:51,651 | INFO  | SCMAudit | user=jenkins1000 | ip=192.168.36.79 | op=SEND_HEARTBEAT {datanodeUUID=1d91ad97-6666-4ee7-855a-8b5e944e7401, command=[]} | ret=SUCCESS |  
2019-09-20 04:49:51,655 | INFO  | SCMAudit | user=jenkins1000 | ip=192.168.36.79 | op=SEND_HEARTBEAT {datanodeUUID=eaf3ecbe-c3b1-4969-ad3a-e4de7fb04f81, command=[]} | ret=SUCCESS |  
2019-09-20 04:49:51,655 | INFO  | SCMAudit | user=jenkins1000 | ip=192.168.36.79 | op=SEND_HEARTBEAT {datanodeUUID=c4f6294c-eda3-4afd-81f7-e69ed14da69f, command=[]} | ret=SUCCESS |  
2019-09-20 04:49:51,655 | INFO  | SCMAudit | user=jenkins1000 | ip=192.168.36.79 | op=SEND_HEARTBEAT {datanodeUUID=236eed40-dd97-4fdc-a0ae-ab99685a426b, command=[]} | ret=SUCCESS |  
2019-09-20 04:49:51,655 | INFO  | SCMAudit | user=jenkins1000 | ip=192.168.36.79 | op=SEND_HEARTBEAT {datanodeUUID=0ad3f89e-804f-4845-89c5-5ff1a35a5dda, command=[]} | ret=SUCCESS |  
2019-09-20 04:49:51,656 | INFO  | SCMAudit | user=jenkins1000 | ip=192.168.36.79 | op=SEND_HEARTBEAT {datanodeUUID=3c2a6bfe-f5c5-4e23-89b0-850dab17697d, command=[]} | ret=SUCCESS |  
2019-09-20 04:49:51,656 | INFO  | SCMAudit | user=jenkins1000 | ip=192.168.36.79 | op=SEND_HEARTBEAT {datanodeUUID=eb30d72f-c0a8-4ecb-bfee-9120a9a6cddf, command=[]} | ret=SUCCESS |  
2019-09-20 04:49:51,657 | INFO  | SCMAudit | user=jenkins1000 | ip=192.168.36.79 | op=SEND_HEARTBEAT {datanodeUUID=ea71b9af-1075-4196-9693-aa14e10f536d, command=[]} | ret=SUCCESS |  
2019-09-20 04:49:51,657 | INFO  | SCMAudit | user=jenkins1000 | ip=192.168.36.79 | op=SEND_HEARTBEAT {datanodeUUID=2702b462-69d8-4c1b-aae1-091a21fe08b8, command=[]} | ret=SUCCESS |  
2019-09-20 04:49:51,657 | INFO  | SCMAudit | user=jenkins1000 | ip=192.168.36.79 | op=SEND_HEARTBEAT {datanodeUUID=68a93ad8-b6a8-44e1-8a9f-45fcc58d229a, command=[]} | ret=SUCCESS |  
2019-09-20 04:49:51,657 | INFO  | SCMAudit | user=jenkins1000 | ip=192.168.36.79 | op=SEND_HEARTBEAT {datanodeUUID=5ea19b84-5385-4ae9-8412-c4cfa929b172, command=[]} | ret=SUCCESS |  
2019-09-20 04:49:51,657 | INFO  | SCMAudit | user=jenkins1000 | ip=192.168.36.79 | op=SEND_HEARTBEAT {datanodeUUID=8d97392c-5f4b-400a-94a1-fb61a3ebbc99, command=[]} | ret=SUCCESS |  
2019-09-20 04:49:51,657 | INFO  | SCMAudit | user=jenkins1000 | ip=192.168.36.79 | op=SEND_HEARTBEAT {datanodeUUID=a9bc59c4-b792-48d5-9db2-4e71770477b1, command=[]} | ret=SUCCESS |  
2019-09-20 04:49:51,658 | INFO  | SCMAudit | user=jenkins1000 | ip=192.168.36.79 | op=SEND_HEARTBEAT {datanodeUUID=8538cd65-7926-426b-8bad-fbd0f0550f9a, command=[]} | ret=SUCCESS |  
2019-09-20 04:49:51,658 | INFO  | SCMAudit | user=jenkins1000 | ip=192.168.36.79 | op=SEND_HEARTBEAT {datanodeUUID=fdbc37f2-9e58-4bac-a5d5-a78839d012e9, command=[]} | ret=SUCCESS |  
2019-09-20 04:49:51,658 | INFO  | SCMAudit | user=jenkins1000 | ip=192.168.36.79 | op=SEND_HEARTBEAT {datanodeUUID=dba845b8-ea76-4e09-ab03-0883d354e493, command=[]} | ret=SUCCESS |  
2019-09-20 04:49:51,658 [Datanode State Machine Thread - 0] INFO  impl.RaftServerProxy (RaftServerProxy.java:lambda$start$3(299)) - d5424862-00f5-4f26-882d-9249b213a1ef: start RPC server
2019-09-20 04:49:51,670 [IPC Server handler 2 on 42399] INFO  net.NetworkTopology (NetworkTopologyImpl.java:add(110)) - Added a new node: /default-rack/37fe2768-1af7-42e7-8542-10b932802b02
2019-09-20 04:49:51,678 [IPC Server handler 2 on 42399] INFO  node.SCMNodeManager (SCMNodeManager.java:register(273)) - Registered Data node : 37fe2768-1af7-42e7-8542-10b932802b02{ip: 192.168.36.79, host: pr-hdds-1569-s8kj2-2266485376, networkLocation: /default-rack, certSerialId: null}
2019-09-20 04:49:51,679 | INFO  | SCMAudit | user=jenkins1000 | ip=192.168.36.79 | op=SEND_HEARTBEAT {datanodeUUID=2d6465ef-cffa-473a-a4c6-a9aa3f1a26c0, command=[]} | ret=SUCCESS |  
2019-09-20 04:49:51,679 | INFO  | SCMAudit | user=jenkins1000 | ip=192.168.36.79 | op=SEND_HEARTBEAT {datanodeUUID=bd1a845e-f2ed-4713-9516-9ccc20139040, command=[]} | ret=SUCCESS |  
2019-09-20 04:49:51,679 | INFO  | SCMAudit | user=jenkins1000 | ip=192.168.36.79 | op=SEND_HEARTBEAT {datanodeUUID=ba95d636-ac34-4b74-a102-dec8d0f377c6, command=[]} | ret=SUCCESS |  
2019-09-20 04:49:51,679 | INFO  | SCMAudit | user=jenkins1000 | ip=192.168.36.79 | op=SEND_HEARTBEAT {datanodeUUID=f4e549ee-a6fa-4eb9-8541-129d0566fdf5, command=[]} | ret=SUCCESS |  
2019-09-20 04:49:51,679 [EventQueue-NodeRegistrationContainerReportForDataNodeSafeModeRule] INFO  safemode.SCMSafeModeManager (DataNodeSafeModeRule.java:process(71)) - SCM in safe mode. 1 DataNodes registered, 1 required.
2019-09-20 04:49:51,679 [Datanode State Machine Thread - 0] INFO  server.GrpcService (GrpcService.java:startImpl(149)) - d5424862-00f5-4f26-882d-9249b213a1ef: GrpcService started, listening on 0.0.0.0/0.0.0.0:37251
2019-09-20 04:49:51,686 | INFO  | SCMAudit | user=jenkins1000 | ip=192.168.36.79 | op=REGISTER {datanodeDetails=37fe2768-1af7-42e7-8542-10b932802b02{ip: 192.168.36.79, host: pr-hdds-1569-s8kj2-2266485376, networkLocation: /default-rack, certSerialId: null}} | ret=SUCCESS |  
2019-09-20 04:49:51,686 [EventQueue-NodeRegistrationContainerReportForDataNodeSafeModeRule] INFO  safemode.SCMSafeModeManager (SCMSafeModeManager.java:validateSafeModeExitRules(177)) - ScmSafeModeManager, all rules are successfully validated
2019-09-20 04:49:51,686 [EventQueue-NodeRegistrationContainerReportForDataNodeSafeModeRule] INFO  safemode.SCMSafeModeManager (SCMSafeModeManager.java:exitSafeMode(193)) - SCM exiting safe mode.
2019-09-20 04:49:51,686 [Datanode State Machine Thread - 0] INFO  ratis.XceiverServerRatis (XceiverServerRatis.java:start(414)) - XceiverServerRatis d5424862-00f5-4f26-882d-9249b213a1ef is started using port 37251
2019-09-20 04:49:51,687 [Datanode State Machine Thread - 0] INFO  server.XceiverServerGrpc (XceiverServerGrpc.java:start(163)) - XceiverServerGrpc d5424862-00f5-4f26-882d-9249b213a1ef is started using port 34684
2019-09-20 04:49:51,697 [grpc-default-executor-1] INFO  impl.RaftServerProxy (RaftServerProxy.java:addNew(89)) - 37fe2768-1af7-42e7-8542-10b932802b02: addNew group-E4BCCFBC35CB:[37fe2768-1af7-42e7-8542-10b932802b02:192.168.36.79:41936] returns group-E4BCCFBC35CB:java.util.concurrent.CompletableFuture@5c24d8e4[Not completed]
2019-09-20 04:49:51,698 [pool-313-thread-1] INFO  impl.RaftServerImpl (RaftServerImpl.java:<init>(93)) - 37fe2768-1af7-42e7-8542-10b932802b02: new RaftServerImpl for group-E4BCCFBC35CB:[37fe2768-1af7-42e7-8542-10b932802b02:192.168.36.79:41936] with ContainerStateMachine:uninitialized
2019-09-20 04:49:51,698 [pool-313-thread-1] INFO  server.RaftServerConfigKeys (ConfUtils.java:logGet(43)) - raft.server.rpc.timeout.min = 5s (custom)
2019-09-20 04:49:51,698 [pool-313-thread-1] INFO  server.RaftServerConfigKeys (ConfUtils.java:logGet(43)) - raft.server.rpc.timeout.max = 5200ms (custom)
2019-09-20 04:49:51,698 [pool-313-thread-1] INFO  server.RaftServerConfigKeys (ConfUtils.java:logGet(43)) - raft.server.rpcslowness.timeout = 120s (custom)
2019-09-20 04:49:51,698 [pool-313-thread-1] INFO  server.RaftServerConfigKeys (ConfUtils.java:logGet(43)) - raft.server.sleep.deviation.threshold = 300 (default)
2019-09-20 04:49:51,698 [pool-313-thread-1] INFO  server.RaftServerConfigKeys (ConfUtils.java:logGet(43)) - raft.server.log.appender.install.snapshot.enabled = false (custom)
2019-09-20 04:49:51,698 [pool-313-thread-1] INFO  impl.RaftServerImpl (ServerState.java:<init>(105)) - 37fe2768-1af7-42e7-8542-10b932802b02:group-E4BCCFBC35CB ConfigurationManager, init=-1: [37fe2768-1af7-42e7-8542-10b932802b02:192.168.36.79:41936], old=null, confs=<EMPTY_MAP>
2019-09-20 04:49:51,699 [pool-313-thread-1] INFO  server.RaftServerConfigKeys (ConfUtils.java:logGet(43)) - raft.server.storage.dir = [/workdir/hadoop-ozone/integration-test/target/test-dir/MiniOzoneClusterImpl-3cdd9aee-ba37-4d0d-8930-872cb3194007/datanode-0/data/ratis] (custom)
2019-09-20 04:49:51,699 [pool-313-thread-1] INFO  storage.RaftStorageDirectory (RaftStorageDirectory.java:analyzeStorage(246)) - The storage directory /workdir/hadoop-ozone/integration-test/target/test-dir/MiniOzoneClusterImpl-3cdd9aee-ba37-4d0d-8930-872cb3194007/datanode-0/data/ratis/bf822dc2-bb8b-468a-a49e-e4bccfbc35cb does not exist. Creating ...
2019-09-20 04:49:51,718 [pool-313-thread-1] INFO  storage.RaftStorageDirectory (RaftStorageDirectory.java:tryLock(328)) - Lock on /workdir/hadoop-ozone/integration-test/target/test-dir/MiniOzoneClusterImpl-3cdd9aee-ba37-4d0d-8930-872cb3194007/datanode-0/data/ratis/bf822dc2-bb8b-468a-a49e-e4bccfbc35cb/in_use.lock acquired by nodename 9457@pr-hdds-1569-s8kj2-2266485376
2019-09-20 04:49:51,741 [pool-313-thread-1] INFO  storage.RaftStorage (RaftStorage.java:format(72)) - Storage directory /workdir/hadoop-ozone/integration-test/target/test-dir/MiniOzoneClusterImpl-3cdd9aee-ba37-4d0d-8930-872cb3194007/datanode-0/data/ratis/bf822dc2-bb8b-468a-a49e-e4bccfbc35cb has been successfully formatted.
2019-09-20 04:49:51,741 [pool-313-thread-1] INFO  ratis.ContainerStateMachine (ContainerStateMachine.java:loadSnapshot(226)) - group-E4BCCFBC35CB: The snapshot info is null. Setting the last applied indexto:(t:0, i:~)
2019-09-20 04:49:51,741 [pool-313-thread-1] INFO  server.RaftServerConfigKeys (ConfUtils.java:logGet(43)) - raft.server.leader.election.timeout = 120s (custom)
2019-09-20 04:49:51,741 [pool-313-thread-1] INFO  server.RaftServerConfigKeys (ConfUtils.java:logGet(43)) - raft.server.log.use.memory = false (default)
2019-09-20 04:49:51,741 [pool-313-thread-1] INFO  server.RaftServerConfigKeys (ConfUtils.java:logGet(43)) - raft.server.log.purge.gap = 1000000 (custom)
2019-09-20 04:49:51,741 [pool-313-thread-1] INFO  server.RaftServerConfigKeys (ConfUtils.java:logGet(43)) - raft.server.log.appender.buffer.byte-limit = 33554432 (custom)
2019-09-20 04:49:51,741 [pool-313-thread-1] INFO  server.RaftServerConfigKeys (ConfUtils.java:logGet(43)) - raft.server.log.segment.size.max = 1048576 (custom)
2019-09-20 04:49:51,742 [pool-313-thread-1] INFO  server.RaftServerConfigKeys (ConfUtils.java:logGet(43)) - raft.server.log.segment.cache.num.max = 2 (custom)
2019-09-20 04:49:51,742 [pool-313-thread-1] INFO  segmented.SegmentedRaftLogWorker (SegmentedRaftLogWorker.java:<init>(172)) - new 37fe2768-1af7-42e7-8542-10b932802b02-SegmentedRaftLogWorker:Storage Directory /workdir/hadoop-ozone/integration-test/target/test-dir/MiniOzoneClusterImpl-3cdd9aee-ba37-4d0d-8930-872cb3194007/datanode-0/data/ratis/bf822dc2-bb8b-468a-a49e-e4bccfbc35cb for RaftStorage:Storage Directory /workdir/hadoop-ozone/integration-test/target/test-dir/MiniOzoneClusterImpl-3cdd9aee-ba37-4d0d-8930-872cb3194007/datanode-0/data/ratis/bf822dc2-bb8b-468a-a49e-e4bccfbc35cb
2019-09-20 04:49:51,742 [pool-313-thread-1] INFO  server.RaftServerConfigKeys (ConfUtils.java:logGet(43)) - raft.server.log.queue.byte-limit = 2147483647 (custom)
2019-09-20 04:49:51,742 [pool-313-thread-1] INFO  server.RaftServerConfigKeys (ConfUtils.java:logGet(43)) - raft.server.log.queue.element-limit = 1024 (custom)
2019-09-20 04:49:51,742 [pool-313-thread-1] INFO  server.RaftServerConfigKeys (ConfUtils.java:logGet(43)) - raft.server.log.segment.size.max = 1048576 (custom)
2019-09-20 04:49:51,743 [pool-313-thread-1] INFO  server.RaftServerConfigKeys (ConfUtils.java:logGet(43)) - raft.server.log.preallocated.size = 16384 (custom)
2019-09-20 04:49:51,743 [pool-313-thread-1] INFO  server.RaftServerConfigKeys (ConfUtils.java:logGet(43)) - raft.server.log.write.buffer.size = 33554432 (custom)
2019-09-20 04:49:51,743 [pool-313-thread-1] INFO  server.RaftServerConfigKeys (ConfUtils.java:logGet(43)) - raft.server.log.force.sync.num = 128 (default)
2019-09-20 04:49:51,743 [pool-313-thread-1] INFO  server.RaftServerConfigKeys (ConfUtils.java:logGet(43)) - raft.server.log.statemachine.data.sync = true (default)
2019-09-20 04:49:51,743 [pool-313-thread-1] INFO  server.RaftServerConfigKeys (ConfUtils.java:logGet(43)) - raft.server.log.statemachine.data.sync.timeout = 10s (default)
2019-09-20 04:49:51,743 [pool-313-thread-1] INFO  server.RaftServerConfigKeys (ConfUtils.java:logGet(43)) - raft.server.log.statemachine.data.sync.timeout.retry = -1 (default)
2019-09-20 04:49:51,743 [pool-313-thread-1] INFO  server.RaftServerConfigKeys (ConfUtils.java:logGet(43)) - raft.server.log.statemachine.data.caching.enabled = true (custom)
2019-09-20 04:49:51,744 [pool-313-thread-1] INFO  segmented.SegmentedRaftLogWorker (SegmentedRaftLogWorker.java:lambda$new$0(132)) - 37fe2768-1af7-42e7-8542-10b932802b02-SegmentedRaftLogWorker:Storage Directory /workdir/hadoop-ozone/integration-test/target/test-dir/MiniOzoneClusterImpl-3cdd9aee-ba37-4d0d-8930-872cb3194007/datanode-0/data/ratis/bf822dc2-bb8b-468a-a49e-e4bccfbc35cb: flushIndex: setUnconditionally 0 -> -1
2019-09-20 04:49:51,744 [pool-313-thread-1] INFO  server.RaftServerConfigKeys (ConfUtils.java:logGet(43)) - raft.server.snapshot.auto.trigger.enabled = true (custom)
2019-09-20 04:49:51,744 [pool-313-thread-1] INFO  server.RaftServerConfigKeys (ConfUtils.java:logGet(43)) - raft.server.snapshot.auto.trigger.threshold = 10000 (custom)
2019-09-20 04:49:51,744 [pool-313-thread-1] INFO  server.RaftServerConfigKeys (ConfUtils.java:logGet(43)) - raft.server.retrycache.expirytime = 600000ms (custom)
2019-09-20 04:49:51,745 [pool-313-thread-1] INFO  impl.RaftServerImpl (RaftServerImpl.java:start(180)) - 37fe2768-1af7-42e7-8542-10b932802b02: start group-E4BCCFBC35CB
2019-09-20 04:49:51,745 [pool-313-thread-1] INFO  impl.RaftServerImpl (RaftServerImpl.java:setRole(171)) - 37fe2768-1af7-42e7-8542-10b932802b02:group-E4BCCFBC35CB changes role from null to FOLLOWER at term 0 for startAsFollower
2019-09-20 04:49:51,745 [pool-313-thread-1] INFO  impl.RoleInfo (RoleInfo.java:updateAndGet(143)) - 37fe2768-1af7-42e7-8542-10b932802b02: start FollowerState
2019-09-20 04:49:51,745 [pool-313-thread-1] INFO  util.JmxRegister (JmxRegister.java:tryRegister(44)) - Successfully registered JMX Bean with object name Ratis:service=RaftServer,group=group-E4BCCFBC35CB,id=37fe2768-1af7-42e7-8542-10b932802b02
2019-09-20 04:49:51,748 [RatisPipelineUtilsThread] INFO  pipeline.PipelineStateManager (PipelineStateManager.java:addPipeline(56)) - Created pipeline Pipeline[ Id: bf822dc2-bb8b-468a-a49e-e4bccfbc35cb, Nodes: 37fe2768-1af7-42e7-8542-10b932802b02{ip: 192.168.36.79, host: pr-hdds-1569-s8kj2-2266485376, networkLocation: /default-rack, certSerialId: null}, Type:RATIS, Factor:ONE, State:OPEN]
2019-09-20 04:49:51,752 [grpc-default-executor-1] INFO  impl.RaftServerProxy (RaftServerProxy.java:addNew(89)) - 37fe2768-1af7-42e7-8542-10b932802b02: addNew group-4DD6AE89F1C8:[37fe2768-1af7-42e7-8542-10b932802b02:192.168.36.79:41936] returns group-4DD6AE89F1C8:java.util.concurrent.CompletableFuture@60d02133[Not completed]
2019-09-20 04:49:51,753 [pool-313-thread-1] INFO  impl.RaftServerImpl (RaftServerImpl.java:<init>(93)) - 37fe2768-1af7-42e7-8542-10b932802b02: new RaftServerImpl for group-4DD6AE89F1C8:[37fe2768-1af7-42e7-8542-10b932802b02:192.168.36.79:41936] with ContainerStateMachine:uninitialized
2019-09-20 04:49:51,753 [pool-313-thread-1] INFO  server.RaftServerConfigKeys (ConfUtils.java:logGet(43)) - raft.server.rpc.timeout.min = 5s (custom)
2019-09-20 04:49:51,753 [pool-313-thread-1] INFO  server.RaftServerConfigKeys (ConfUtils.java:logGet(43)) - raft.server.rpc.timeout.max = 5200ms (custom)
2019-09-20 04:49:51,753 [pool-313-thread-1] INFO  server.RaftServerConfigKeys (ConfUtils.java:logGet(43)) - raft.server.rpcslowness.timeout = 120s (custom)
2019-09-20 04:49:51,753 [pool-313-thread-1] INFO  server.RaftServerConfigKeys (ConfUtils.java:logGet(43)) - raft.server.sleep.deviation.threshold = 300 (default)
2019-09-20 04:49:51,754 [pool-313-thread-1] INFO  server.RaftServerConfigKeys (ConfUtils.java:logGet(43)) - raft.server.log.appender.install.snapshot.enabled = false (custom)
2019-09-20 04:49:51,754 [pool-313-thread-1] INFO  impl.RaftServerImpl (ServerState.java:<init>(105)) - 37fe2768-1af7-42e7-8542-10b932802b02:group-4DD6AE89F1C8 ConfigurationManager, init=-1: [37fe2768-1af7-42e7-8542-10b932802b02:192.168.36.79:41936], old=null, confs=<EMPTY_MAP>
2019-09-20 04:49:51,754 [pool-313-thread-1] INFO  server.RaftServerConfigKeys (ConfUtils.java:logGet(43)) - raft.server.storage.dir = [/workdir/hadoop-ozone/integration-test/target/test-dir/MiniOzoneClusterImpl-3cdd9aee-ba37-4d0d-8930-872cb3194007/datanode-0/data/ratis] (custom)
2019-09-20 04:49:51,754 [pool-313-thread-1] INFO  storage.RaftStorageDirectory (RaftStorageDirectory.java:analyzeStorage(246)) - The storage directory /workdir/hadoop-ozone/integration-test/target/test-dir/MiniOzoneClusterImpl-3cdd9aee-ba37-4d0d-8930-872cb3194007/datanode-0/data/ratis/1628fa90-167c-4ec5-ac73-4dd6ae89f1c8 does not exist. Creating ...
2019-09-20 04:49:51,769 [pool-313-thread-1] INFO  storage.RaftStorageDirectory (RaftStorageDirectory.java:tryLock(328)) - Lock on /workdir/hadoop-ozone/integration-test/target/test-dir/MiniOzoneClusterImpl-3cdd9aee-ba37-4d0d-8930-872cb3194007/datanode-0/data/ratis/1628fa90-167c-4ec5-ac73-4dd6ae89f1c8/in_use.lock acquired by nodename 9457@pr-hdds-1569-s8kj2-2266485376
2019-09-20 04:49:51,791 [pool-313-thread-1] INFO  storage.RaftStorage (RaftStorage.java:format(72)) - Storage directory /workdir/hadoop-ozone/integration-test/target/test-dir/MiniOzoneClusterImpl-3cdd9aee-ba37-4d0d-8930-872cb3194007/datanode-0/data/ratis/1628fa90-167c-4ec5-ac73-4dd6ae89f1c8 has been successfully formatted.
2019-09-20 04:49:51,791 [pool-313-thread-1] INFO  ratis.ContainerStateMachine (ContainerStateMachine.java:loadSnapshot(226)) - group-4DD6AE89F1C8: The snapshot info is null. Setting the last applied indexto:(t:0, i:~)
2019-09-20 04:49:51,791 [pool-313-thread-1] INFO  server.RaftServerConfigKeys (ConfUtils.java:logGet(43)) - raft.server.leader.election.timeout = 120s (custom)
2019-09-20 04:49:51,791 [pool-313-thread-1] INFO  server.RaftServerConfigKeys (ConfUtils.java:logGet(43)) - raft.server.log.use.memory = false (default)
2019-09-20 04:49:51,791 [pool-313-thread-1] INFO  server.RaftServerConfigKeys (ConfUtils.java:logGet(43)) - raft.server.log.purge.gap = 1000000 (custom)
2019-09-20 04:49:51,791 [pool-313-thread-1] INFO  server.RaftServerConfigKeys (ConfUtils.java:logGet(43)) - raft.server.log.appender.buffer.byte-limit = 33554432 (custom)
2019-09-20 04:49:51,792 [pool-313-thread-1] INFO  server.RaftServerConfigKeys (ConfUtils.java:logGet(43)) - raft.server.log.segment.size.max = 1048576 (custom)
2019-09-20 04:49:51,792 [pool-313-thread-1] INFO  server.RaftServerConfigKeys (ConfUtils.java:logGet(43)) - raft.server.log.segment.cache.num.max = 2 (custom)
2019-09-20 04:49:51,792 [pool-313-thread-1] INFO  segmented.SegmentedRaftLogWorker (SegmentedRaftLogWorker.java:<init>(172)) - new 37fe2768-1af7-42e7-8542-10b932802b02-SegmentedRaftLogWorker:Storage Directory /workdir/hadoop-ozone/integration-test/target/test-dir/MiniOzoneClusterImpl-3cdd9aee-ba37-4d0d-8930-872cb3194007/datanode-0/data/ratis/1628fa90-167c-4ec5-ac73-4dd6ae89f1c8 for RaftStorage:Storage Directory /workdir/hadoop-ozone/integration-test/target/test-dir/MiniOzoneClusterImpl-3cdd9aee-ba37-4d0d-8930-872cb3194007/datanode-0/data/ratis/1628fa90-167c-4ec5-ac73-4dd6ae89f1c8
2019-09-20 04:49:51,792 [pool-313-thread-1] INFO  server.RaftServerConfigKeys (ConfUtils.java:logGet(43)) - raft.server.log.queue.byte-limit = 2147483647 (custom)
2019-09-20 04:49:51,792 [pool-313-thread-1] INFO  server.RaftServerConfigKeys (ConfUtils.java:logGet(43)) - raft.server.log.queue.element-limit = 1024 (custom)
2019-09-20 04:49:51,792 [pool-313-thread-1] INFO  server.RaftServerConfigKeys (ConfUtils.java:logGet(43)) - raft.server.log.segment.size.max = 1048576 (custom)
2019-09-20 04:49:51,792 [pool-313-thread-1] INFO  server.RaftServerConfigKeys (ConfUtils.java:logGet(43)) - raft.server.log.preallocated.size = 16384 (custom)
2019-09-20 04:49:51,792 [pool-313-thread-1] INFO  server.RaftServerConfigKeys (ConfUtils.java:logGet(43)) - raft.server.log.write.buffer.size = 33554432 (custom)
2019-09-20 04:49:51,792 [pool-313-thread-1] INFO  server.RaftServerConfigKeys (ConfUtils.java:logGet(43)) - raft.server.log.force.sync.num = 128 (default)
2019-09-20 04:49:51,793 [pool-313-thread-1] INFO  server.RaftServerConfigKeys (ConfUtils.java:logGet(43)) - raft.server.log.statemachine.data.sync = true (default)
2019-09-20 04:49:51,793 [pool-313-thread-1] INFO  server.RaftServerConfigKeys (ConfUtils.java:logGet(43)) - raft.server.log.statemachine.data.sync.timeout = 10s (default)
2019-09-20 04:49:51,793 [pool-313-thread-1] INFO  server.RaftServerConfigKeys (ConfUtils.java:logGet(43)) - raft.server.log.statemachine.data.sync.timeout.retry = -1 (default)
2019-09-20 04:49:51,793 [pool-313-thread-1] INFO  server.RaftServerConfigKeys (ConfUtils.java:logGet(43)) - raft.server.log.statemachine.data.caching.enabled = true (custom)
2019-09-20 04:49:51,793 [pool-313-thread-1] INFO  segmented.SegmentedRaftLogWorker (SegmentedRaftLogWorker.java:lambda$new$0(132)) - 37fe2768-1af7-42e7-8542-10b932802b02-SegmentedRaftLogWorker:Storage Directory /workdir/hadoop-ozone/integration-test/target/test-dir/MiniOzoneClusterImpl-3cdd9aee-ba37-4d0d-8930-872cb3194007/datanode-0/data/ratis/1628fa90-167c-4ec5-ac73-4dd6ae89f1c8: flushIndex: setUnconditionally 0 -> -1
2019-09-20 04:49:51,793 [pool-313-thread-1] INFO  server.RaftServerConfigKeys (ConfUtils.java:logGet(43)) - raft.server.snapshot.auto.trigger.enabled = true (custom)
2019-09-20 04:49:51,793 [pool-313-thread-1] INFO  server.RaftServerConfigKeys (ConfUtils.java:logGet(43)) - raft.server.snapshot.auto.trigger.threshold = 10000 (custom)
2019-09-20 04:49:51,794 [pool-313-thread-1] INFO  server.RaftServerConfigKeys (ConfUtils.java:logGet(43)) - raft.server.retrycache.expirytime = 600000ms (custom)
2019-09-20 04:49:51,794 [pool-313-thread-1] INFO  impl.RaftServerImpl (RaftServerImpl.java:start(180)) - 37fe2768-1af7-42e7-8542-10b932802b02: start group-4DD6AE89F1C8
2019-09-20 04:49:51,794 [pool-313-thread-1] INFO  impl.RaftServerImpl (RaftServerImpl.java:setRole(171)) - 37fe2768-1af7-42e7-8542-10b932802b02:group-4DD6AE89F1C8 changes role from null to FOLLOWER at term 0 for startAsFollower
2019-09-20 04:49:51,794 [pool-313-thread-1] INFO  impl.RoleInfo (RoleInfo.java:updateAndGet(143)) - 37fe2768-1af7-42e7-8542-10b932802b02: start FollowerState
2019-09-20 04:49:51,794 [pool-313-thread-1] INFO  util.JmxRegister (JmxRegister.java:tryRegister(44)) - Successfully registered JMX Bean with object name Ratis:service=RaftServer,group=group-4DD6AE89F1C8,id=37fe2768-1af7-42e7-8542-10b932802b02
2019-09-20 04:49:51,797 [RatisPipelineUtilsThread] INFO  pipeline.PipelineStateManager (PipelineStateManager.java:addPipeline(56)) - Created pipeline Pipeline[ Id: 1628fa90-167c-4ec5-ac73-4dd6ae89f1c8, Nodes: 37fe2768-1af7-42e7-8542-10b932802b02{ip: 192.168.36.79, host: pr-hdds-1569-s8kj2-2266485376, networkLocation: /default-rack, certSerialId: null}, Type:RATIS, Factor:ONE, State:OPEN]
2019-09-20 04:49:51,801 [grpc-default-executor-1] INFO  impl.RaftServerProxy (RaftServerProxy.java:addNew(89)) - 37fe2768-1af7-42e7-8542-10b932802b02: addNew group-EECAE822BD9D:[37fe2768-1af7-42e7-8542-10b932802b02:192.168.36.79:41936] returns group-EECAE822BD9D:java.util.concurrent.CompletableFuture@def2687[Not completed]
2019-09-20 04:49:51,802 [pool-313-thread-1] INFO  impl.RaftServerImpl (RaftServerImpl.java:<init>(93)) - 37fe2768-1af7-42e7-8542-10b932802b02: new RaftServerImpl for group-EECAE822BD9D:[37fe2768-1af7-42e7-8542-10b932802b02:192.168.36.79:41936] with ContainerStateMachine:uninitialized
2019-09-20 04:49:51,802 [pool-313-thread-1] INFO  server.RaftServerConfigKeys (ConfUtils.java:logGet(43)) - raft.server.rpc.timeout.min = 5s (custom)
2019-09-20 04:49:51,802 [pool-313-thread-1] INFO  server.RaftServerConfigKeys (ConfUtils.java:logGet(43)) - raft.server.rpc.timeout.max = 5200ms (custom)
2019-09-20 04:49:51,802 [pool-313-thread-1] INFO  server.RaftServerConfigKeys (ConfUtils.java:logGet(43)) - raft.server.rpcslowness.timeout = 120s (custom)
2019-09-20 04:49:51,802 [pool-313-thread-1] INFO  server.RaftServerConfigKeys (ConfUtils.java:logGet(43)) - raft.server.sleep.deviation.threshold = 300 (default)
2019-09-20 04:49:51,802 [pool-313-thread-1] INFO  server.RaftServerConfigKeys (ConfUtils.java:logGet(43)) - raft.server.log.appender.install.snapshot.enabled = false (custom)
2019-09-20 04:49:51,803 [pool-313-thread-1] INFO  impl.RaftServerImpl (ServerState.java:<init>(105)) - 37fe2768-1af7-42e7-8542-10b932802b02:group-EECAE822BD9D ConfigurationManager, init=-1: [37fe2768-1af7-42e7-8542-10b932802b02:192.168.36.79:41936], old=null, confs=<EMPTY_MAP>
2019-09-20 04:49:51,803 [pool-313-thread-1] INFO  server.RaftServerConfigKeys (ConfUtils.java:logGet(43)) - raft.server.storage.dir = [/workdir/hadoop-ozone/integration-test/target/test-dir/MiniOzoneClusterImpl-3cdd9aee-ba37-4d0d-8930-872cb3194007/datanode-0/data/ratis] (custom)
2019-09-20 04:49:51,803 [pool-313-thread-1] INFO  storage.RaftStorageDirectory (RaftStorageDirectory.java:analyzeStorage(246)) - The storage directory /workdir/hadoop-ozone/integration-test/target/test-dir/MiniOzoneClusterImpl-3cdd9aee-ba37-4d0d-8930-872cb3194007/datanode-0/data/ratis/059a3f7a-68a2-4547-8359-eecae822bd9d does not exist. Creating ...
2019-09-20 04:49:51,826 [pool-313-thread-1] INFO  storage.RaftStorageDirectory (RaftStorageDirectory.java:tryLock(328)) - Lock on /workdir/hadoop-ozone/integration-test/target/test-dir/MiniOzoneClusterImpl-3cdd9aee-ba37-4d0d-8930-872cb3194007/datanode-0/data/ratis/059a3f7a-68a2-4547-8359-eecae822bd9d/in_use.lock acquired by nodename 9457@pr-hdds-1569-s8kj2-2266485376
2019-09-20 04:49:51,849 [pool-313-thread-1] INFO  storage.RaftStorage (RaftStorage.java:format(72)) - Storage directory /workdir/hadoop-ozone/integration-test/target/test-dir/MiniOzoneClusterImpl-3cdd9aee-ba37-4d0d-8930-872cb3194007/datanode-0/data/ratis/059a3f7a-68a2-4547-8359-eecae822bd9d has been successfully formatted.
2019-09-20 04:49:51,849 [pool-313-thread-1] INFO  ratis.ContainerStateMachine (ContainerStateMachine.java:loadSnapshot(226)) - group-EECAE822BD9D: The snapshot info is null. Setting the last applied indexto:(t:0, i:~)
2019-09-20 04:49:51,849 [pool-313-thread-1] INFO  server.RaftServerConfigKeys (ConfUtils.java:logGet(43)) - raft.server.leader.election.timeout = 120s (custom)
2019-09-20 04:49:51,849 [pool-313-thread-1] INFO  server.RaftServerConfigKeys (ConfUtils.java:logGet(43)) - raft.server.log.use.memory = false (default)
2019-09-20 04:49:51,849 [pool-313-thread-1] INFO  server.RaftServerConfigKeys (ConfUtils.java:logGet(43)) - raft.server.log.purge.gap = 1000000 (custom)
2019-09-20 04:49:51,850 [pool-313-thread-1] INFO  server.RaftServerConfigKeys (ConfUtils.java:logGet(43)) - raft.server.log.appender.buffer.byte-limit = 33554432 (custom)
2019-09-20 04:49:51,850 [pool-313-thread-1] INFO  server.RaftServerConfigKeys (ConfUtils.java:logGet(43)) - raft.server.log.segment.size.max = 1048576 (custom)
2019-09-20 04:49:51,850 [pool-313-thread-1] INFO  server.RaftServerConfigKeys (ConfUtils.java:logGet(43)) - raft.server.log.segment.cache.num.max = 2 (custom)
2019-09-20 04:49:51,850 [pool-313-thread-1] INFO  segmented.SegmentedRaftLogWorker (SegmentedRaftLogWorker.java:<init>(172)) - new 37fe2768-1af7-42e7-8542-10b932802b02-SegmentedRaftLogWorker:Storage Directory /workdir/hadoop-ozone/integration-test/target/test-dir/MiniOzoneClusterImpl-3cdd9aee-ba37-4d0d-8930-872cb3194007/datanode-0/data/ratis/059a3f7a-68a2-4547-8359-eecae822bd9d for RaftStorage:Storage Directory /workdir/hadoop-ozone/integration-test/target/test-dir/MiniOzoneClusterImpl-3cdd9aee-ba37-4d0d-8930-872cb3194007/datanode-0/data/ratis/059a3f7a-68a2-4547-8359-eecae822bd9d
2019-09-20 04:49:51,850 [pool-313-thread-1] INFO  server.RaftServerConfigKeys (ConfUtils.java:logGet(43)) - raft.server.log.queue.byte-limit = 2147483647 (custom)
2019-09-20 04:49:51,850 [pool-313-thread-1] INFO  server.RaftServerConfigKeys (ConfUtils.java:logGet(43)) - raft.server.log.queue.element-limit = 1024 (custom)
2019-09-20 04:49:51,850 [pool-313-thread-1] INFO  server.RaftServerConfigKeys (ConfUtils.java:logGet(43)) - raft.server.log.segment.size.max = 1048576 (custom)
2019-09-20 04:49:51,850 [pool-313-thread-1] INFO  server.RaftServerConfigKeys (ConfUtils.java:logGet(43)) - raft.server.log.preallocated.size = 16384 (custom)
2019-09-20 04:49:51,850 [pool-313-thread-1] INFO  server.RaftServerConfigKeys (ConfUtils.java:logGet(43)) - raft.server.log.write.buffer.size = 33554432 (custom)
2019-09-20 04:49:51,850 [pool-313-thread-1] INFO  server.RaftServerConfigKeys (ConfUtils.java:logGet(43)) - raft.server.log.force.sync.num = 128 (default)
2019-09-20 04:49:51,851 [pool-313-thread-1] INFO  server.RaftServerConfigKeys (ConfUtils.java:logGet(43)) - raft.server.log.statemachine.data.sync = true (default)
2019-09-20 04:49:51,851 [pool-313-thread-1] INFO  server.RaftServerConfigKeys (ConfUtils.java:logGet(43)) - raft.server.log.statemachine.data.sync.timeout = 10s (default)
2019-09-20 04:49:51,851 [pool-313-thread-1] INFO  server.RaftServerConfigKeys (ConfUtils.java:logGet(43)) - raft.server.log.statemachine.data.sync.timeout.retry = -1 (default)
2019-09-20 04:49:51,851 [pool-313-thread-1] INFO  server.RaftServerConfigKeys (ConfUtils.java:logGet(43)) - raft.server.log.statemachine.data.caching.enabled = true (custom)
2019-09-20 04:49:51,851 [pool-313-thread-1] INFO  segmented.SegmentedRaftLogWorker (SegmentedRaftLogWorker.java:lambda$new$0(132)) - 37fe2768-1af7-42e7-8542-10b932802b02-SegmentedRaftLogWorker:Storage Directory /workdir/hadoop-ozone/integration-test/target/test-dir/MiniOzoneClusterImpl-3cdd9aee-ba37-4d0d-8930-872cb3194007/datanode-0/data/ratis/059a3f7a-68a2-4547-8359-eecae822bd9d: flushIndex: setUnconditionally 0 -> -1
2019-09-20 04:49:51,851 [pool-313-thread-1] INFO  server.RaftServerConfigKeys (ConfUtils.java:logGet(43)) - raft.server.snapshot.auto.trigger.enabled = true (custom)
2019-09-20 04:49:51,851 [pool-313-thread-1] INFO  server.RaftServerConfigKeys (ConfUtils.java:logGet(43)) - raft.server.snapshot.auto.trigger.threshold = 10000 (custom)
2019-09-20 04:49:51,852 [pool-313-thread-1] INFO  server.RaftServerConfigKeys (ConfUtils.java:logGet(43)) - raft.server.retrycache.expirytime = 600000ms (custom)
2019-09-20 04:49:51,852 [pool-313-thread-1] INFO  impl.RaftServerImpl (RaftServerImpl.java:start(180)) - 37fe2768-1af7-42e7-8542-10b932802b02: start group-EECAE822BD9D
2019-09-20 04:49:51,852 [pool-313-thread-1] INFO  impl.RaftServerImpl (RaftServerImpl.java:setRole(171)) - 37fe2768-1af7-42e7-8542-10b932802b02:group-EECAE822BD9D changes role from null to FOLLOWER at term 0 for startAsFollower
2019-09-20 04:49:51,852 [pool-313-thread-1] INFO  impl.RoleInfo (RoleInfo.java:updateAndGet(143)) - 37fe2768-1af7-42e7-8542-10b932802b02: start FollowerState
2019-09-20 04:49:51,852 [pool-313-thread-1] INFO  util.JmxRegister (JmxRegister.java:tryRegister(44)) - Successfully registered JMX Bean with object name Ratis:service=RaftServer,group=group-EECAE822BD9D,id=37fe2768-1af7-42e7-8542-10b932802b02
2019-09-20 04:49:51,855 [RatisPipelineUtilsThread] INFO  pipeline.PipelineStateManager (PipelineStateManager.java:addPipeline(56)) - Created pipeline Pipeline[ Id: 059a3f7a-68a2-4547-8359-eecae822bd9d, Nodes: 37fe2768-1af7-42e7-8542-10b932802b02{ip: 192.168.36.79, host: pr-hdds-1569-s8kj2-2266485376, networkLocation: /default-rack, certSerialId: null}, Type:RATIS, Factor:ONE, State:OPEN]
2019-09-20 04:49:51,859 [grpc-default-executor-1] INFO  impl.RaftServerProxy (RaftServerProxy.java:addNew(89)) - 37fe2768-1af7-42e7-8542-10b932802b02: addNew group-8EC407F8B4A5:[37fe2768-1af7-42e7-8542-10b932802b02:192.168.36.79:41936] returns group-8EC407F8B4A5:java.util.concurrent.CompletableFuture@5536c87f[Not completed]
2019-09-20 04:49:51,860 [pool-313-thread-1] INFO  impl.RaftServerImpl (RaftServerImpl.java:<init>(93)) - 37fe2768-1af7-42e7-8542-10b932802b02: new RaftServerImpl for group-8EC407F8B4A5:[37fe2768-1af7-42e7-8542-10b932802b02:192.168.36.79:41936] with ContainerStateMachine:uninitialized
2019-09-20 04:49:51,860 [pool-313-thread-1] INFO  server.RaftServerConfigKeys (ConfUtils.java:logGet(43)) - raft.server.rpc.timeout.min = 5s (custom)
2019-09-20 04:49:51,861 [pool-313-thread-1] INFO  server.RaftServerConfigKeys (ConfUtils.java:logGet(43)) - raft.server.rpc.timeout.max = 5200ms (custom)
2019-09-20 04:49:51,861 [pool-313-thread-1] INFO  server.RaftServerConfigKeys (ConfUtils.java:logGet(43)) - raft.server.rpcslowness.timeout = 120s (custom)
2019-09-20 04:49:51,861 [pool-313-thread-1] INFO  server.RaftServerConfigKeys (ConfUtils.java:logGet(43)) - raft.server.sleep.deviation.threshold = 300 (default)
2019-09-20 04:49:51,861 [pool-313-thread-1] INFO  server.RaftServerConfigKeys (ConfUtils.java:logGet(43)) - raft.server.log.appender.install.snapshot.enabled = false (custom)
2019-09-20 04:49:51,861 [pool-313-thread-1] INFO  impl.RaftServerImpl (ServerState.java:<init>(105)) - 37fe2768-1af7-42e7-8542-10b932802b02:group-8EC407F8B4A5 ConfigurationManager, init=-1: [37fe2768-1af7-42e7-8542-10b932802b02:192.168.36.79:41936], old=null, confs=<EMPTY_MAP>
2019-09-20 04:49:51,861 [pool-313-thread-1] INFO  server.RaftServerConfigKeys (ConfUtils.java:logGet(43)) - raft.server.storage.dir = [/workdir/hadoop-ozone/integration-test/target/test-dir/MiniOzoneClusterImpl-3cdd9aee-ba37-4d0d-8930-872cb3194007/datanode-0/data/ratis] (custom)
2019-09-20 04:49:51,862 [pool-313-thread-1] INFO  storage.RaftStorageDirectory (RaftStorageDirectory.java:analyzeStorage(246)) - The storage directory /workdir/hadoop-ozone/integration-test/target/test-dir/MiniOzoneClusterImpl-3cdd9aee-ba37-4d0d-8930-872cb3194007/datanode-0/data/ratis/e4953fae-4189-42ad-b819-8ec407f8b4a5 does not exist. Creating ...
2019-09-20 04:49:51,878 [pool-313-thread-1] INFO  storage.RaftStorageDirectory (RaftStorageDirectory.java:tryLock(328)) - Lock on /workdir/hadoop-ozone/integration-test/target/test-dir/MiniOzoneClusterImpl-3cdd9aee-ba37-4d0d-8930-872cb3194007/datanode-0/data/ratis/e4953fae-4189-42ad-b819-8ec407f8b4a5/in_use.lock acquired by nodename 9457@pr-hdds-1569-s8kj2-2266485376
2019-09-20 04:49:51,887 [main] INFO  ozone.MiniOzoneClusterImpl (MiniOzoneClusterImpl.java:lambda$waitForClusterToBeReady$0(142)) - Waiting for cluster to be ready. Got 1 of 7 DN Heartbeats.
2019-09-20 04:49:51,888 | INFO  | SCMAudit | user=jenkins1000 | ip=192.168.36.79 | op=GET_VERSION null | ret=SUCCESS |  
2019-09-20 04:49:51,899 [pool-313-thread-1] INFO  storage.RaftStorage (RaftStorage.java:format(72)) - Storage directory /workdir/hadoop-ozone/integration-test/target/test-dir/MiniOzoneClusterImpl-3cdd9aee-ba37-4d0d-8930-872cb3194007/datanode-0/data/ratis/e4953fae-4189-42ad-b819-8ec407f8b4a5 has been successfully formatted.
2019-09-20 04:49:51,900 [pool-313-thread-1] INFO  ratis.ContainerStateMachine (ContainerStateMachine.java:loadSnapshot(226)) - group-8EC407F8B4A5: The snapshot info is null. Setting the last applied indexto:(t:0, i:~)
2019-09-20 04:49:51,900 [pool-313-thread-1] INFO  server.RaftServerConfigKeys (ConfUtils.java:logGet(43)) - raft.server.leader.election.timeout = 120s (custom)
2019-09-20 04:49:51,900 [pool-313-thread-1] INFO  server.RaftServerConfigKeys (ConfUtils.java:logGet(43)) - raft.server.log.use.memory = false (default)
2019-09-20 04:49:51,900 [pool-313-thread-1] INFO  server.RaftServerConfigKeys (ConfUtils.java:logGet(43)) - raft.server.log.purge.gap = 1000000 (custom)
2019-09-20 04:49:51,900 [pool-313-thread-1] INFO  server.RaftServerConfigKeys (ConfUtils.java:logGet(43)) - raft.server.log.appender.buffer.byte-limit = 33554432 (custom)
2019-09-20 04:49:51,901 [pool-313-thread-1] INFO  server.RaftServerConfigKeys (ConfUtils.java:logGet(43)) - raft.server.log.segment.size.max = 1048576 (custom)
2019-09-20 04:49:51,901 [pool-313-thread-1] INFO  server.RaftServerConfigKeys (ConfUtils.java:logGet(43)) - raft.server.log.segment.cache.num.max = 2 (custom)
2019-09-20 04:49:51,901 [pool-313-thread-1] INFO  segmented.SegmentedRaftLogWorker (SegmentedRaftLogWorker.java:<init>(172)) - new 37fe2768-1af7-42e7-8542-10b932802b02-SegmentedRaftLogWorker:Storage Directory /workdir/hadoop-ozone/integration-test/target/test-dir/MiniOzoneClusterImpl-3cdd9aee-ba37-4d0d-8930-872cb3194007/datanode-0/data/ratis/e4953fae-4189-42ad-b819-8ec407f8b4a5 for RaftStorage:Storage Directory /workdir/hadoop-ozone/integration-test/target/test-dir/MiniOzoneClusterImpl-3cdd9aee-ba37-4d0d-8930-872cb3194007/datanode-0/data/ratis/e4953fae-4189-42ad-b819-8ec407f8b4a5
2019-09-20 04:49:51,901 [pool-313-thread-1] INFO  server.RaftServerConfigKeys (ConfUtils.java:logGet(43)) - raft.server.log.queue.byte-limit = 2147483647 (custom)
2019-09-20 04:49:51,901 [pool-313-thread-1] INFO  server.RaftServerConfigKeys (ConfUtils.java:logGet(43)) - raft.server.log.queue.element-limit = 1024 (custom)
2019-09-20 04:49:51,901 [pool-313-thread-1] INFO  server.RaftServerConfigKeys (ConfUtils.java:logGet(43)) - raft.server.log.segment.size.max = 1048576 (custom)
2019-09-20 04:49:51,902 [pool-313-thread-1] INFO  server.RaftServerConfigKeys (ConfUtils.java:logGet(43)) - raft.server.log.preallocated.size = 16384 (custom)
2019-09-20 04:49:51,902 [pool-313-thread-1] INFO  server.RaftServerConfigKeys (ConfUtils.java:logGet(43)) - raft.server.log.write.buffer.size = 33554432 (custom)
2019-09-20 04:49:51,902 [pool-313-thread-1] INFO  server.RaftServerConfigKeys (ConfUtils.java:logGet(43)) - raft.server.log.force.sync.num = 128 (default)
2019-09-20 04:49:51,902 [pool-313-thread-1] INFO  server.RaftServerConfigKeys (ConfUtils.java:logGet(43)) - raft.server.log.statemachine.data.sync = true (default)
2019-09-20 04:49:51,902 [pool-313-thread-1] INFO  server.RaftServerConfigKeys (ConfUtils.java:logGet(43)) - raft.server.log.statemachine.data.sync.timeout = 10s (default)
2019-09-20 04:49:51,902 [pool-313-thread-1] INFO  server.RaftServerConfigKeys (ConfUtils.java:logGet(43)) - raft.server.log.statemachine.data.sync.timeout.retry = -1 (default)
2019-09-20 04:49:51,902 [pool-313-thread-1] INFO  server.RaftServerConfigKeys (ConfUtils.java:logGet(43)) - raft.server.log.statemachine.data.caching.enabled = true (custom)
2019-09-20 04:49:51,903 [pool-313-thread-1] INFO  segmented.SegmentedRaftLogWorker (SegmentedRaftLogWorker.java:lambda$new$0(132)) - 37fe2768-1af7-42e7-8542-10b932802b02-SegmentedRaftLogWorker:Storage Directory /workdir/hadoop-ozone/integration-test/target/test-dir/MiniOzoneClusterImpl-3cdd9aee-ba37-4d0d-8930-872cb3194007/datanode-0/data/ratis/e4953fae-4189-42ad-b819-8ec407f8b4a5: flushIndex: setUnconditionally 0 -> -1
2019-09-20 04:49:51,904 [pool-313-thread-1] INFO  server.RaftServerConfigKeys (ConfUtils.java:logGet(43)) - raft.server.snapshot.auto.trigger.enabled = true (custom)
2019-09-20 04:49:51,904 [pool-313-thread-1] INFO  server.RaftServerConfigKeys (ConfUtils.java:logGet(43)) - raft.server.snapshot.auto.trigger.threshold = 10000 (custom)
2019-09-20 04:49:51,904 [pool-313-thread-1] INFO  server.RaftServerConfigKeys (ConfUtils.java:logGet(43)) - raft.server.retrycache.expirytime = 600000ms (custom)
2019-09-20 04:49:51,904 [pool-313-thread-1] INFO  impl.RaftServerImpl (RaftServerImpl.java:start(180)) - 37fe2768-1af7-42e7-8542-10b932802b02: start group-8EC407F8B4A5
2019-09-20 04:49:51,905 [pool-313-thread-1] INFO  impl.RaftServerImpl (RaftServerImpl.java:setRole(171)) - 37fe2768-1af7-42e7-8542-10b932802b02:group-8EC407F8B4A5 changes role from null to FOLLOWER at term 0 for startAsFollower
2019-09-20 04:49:51,905 [pool-313-thread-1] INFO  impl.RoleInfo (RoleInfo.java:updateAndGet(143)) - 37fe2768-1af7-42e7-8542-10b932802b02: start FollowerState
2019-09-20 04:49:51,905 [pool-313-thread-1] INFO  util.JmxRegister (JmxRegister.java:tryRegister(44)) - Successfully registered JMX Bean with object name Ratis:service=RaftServer,group=group-8EC407F8B4A5,id=37fe2768-1af7-42e7-8542-10b932802b02
2019-09-20 04:49:51,908 [RatisPipelineUtilsThread] INFO  pipeline.PipelineStateManager (PipelineStateManager.java:addPipeline(56)) - Created pipeline Pipeline[ Id: e4953fae-4189-42ad-b819-8ec407f8b4a5, Nodes: 37fe2768-1af7-42e7-8542-10b932802b02{ip: 192.168.36.79, host: pr-hdds-1569-s8kj2-2266485376, networkLocation: /default-rack, certSerialId: null}, Type:RATIS, Factor:ONE, State:OPEN]
2019-09-20 04:49:51,913 [grpc-default-executor-1] INFO  impl.RaftServerProxy (RaftServerProxy.java:addNew(89)) - 37fe2768-1af7-42e7-8542-10b932802b02: addNew group-196F6E90AB1E:[37fe2768-1af7-42e7-8542-10b932802b02:192.168.36.79:41936] returns group-196F6E90AB1E:java.util.concurrent.CompletableFuture@6732e3dd[Not completed]
2019-09-20 04:49:51,914 [pool-313-thread-1] INFO  impl.RaftServerImpl (RaftServerImpl.java:<init>(93)) - 37fe2768-1af7-42e7-8542-10b932802b02: new RaftServerImpl for group-196F6E90AB1E:[37fe2768-1af7-42e7-8542-10b932802b02:192.168.36.79:41936] with ContainerStateMachine:uninitialized
2019-09-20 04:49:51,914 [pool-313-thread-1] INFO  server.RaftServerConfigKeys (ConfUtils.java:logGet(43)) - raft.server.rpc.timeout.min = 5s (custom)
2019-09-20 04:49:51,914 [pool-313-thread-1] INFO  server.RaftServerConfigKeys (ConfUtils.java:logGet(43)) - raft.server.rpc.timeout.max = 5200ms (custom)
2019-09-20 04:49:51,914 [pool-313-thread-1] INFO  server.RaftServerConfigKeys (ConfUtils.java:logGet(43)) - raft.server.rpcslowness.timeout = 120s (custom)
2019-09-20 04:49:51,915 [pool-313-thread-1] INFO  server.RaftServerConfigKeys (ConfUtils.java:logGet(43)) - raft.server.sleep.deviation.threshold = 300 (default)
2019-09-20 04:49:51,915 [pool-313-thread-1] INFO  server.RaftServerConfigKeys (ConfUtils.java:logGet(43)) - raft.server.log.appender.install.snapshot.enabled = false (custom)
2019-09-20 04:49:51,915 [pool-313-thread-1] INFO  impl.RaftServerImpl (ServerState.java:<init>(105)) - 37fe2768-1af7-42e7-8542-10b932802b02:group-196F6E90AB1E ConfigurationManager, init=-1: [37fe2768-1af7-42e7-8542-10b932802b02:192.168.36.79:41936], old=null, confs=<EMPTY_MAP>
2019-09-20 04:49:51,915 [pool-313-thread-1] INFO  server.RaftServerConfigKeys (ConfUtils.java:logGet(43)) - raft.server.storage.dir = [/workdir/hadoop-ozone/integration-test/target/test-dir/MiniOzoneClusterImpl-3cdd9aee-ba37-4d0d-8930-872cb3194007/datanode-0/data/ratis] (custom)
2019-09-20 04:49:51,915 [pool-313-thread-1] INFO  storage.RaftStorageDirectory (RaftStorageDirectory.java:analyzeStorage(246)) - The storage directory /workdir/hadoop-ozone/integration-test/target/test-dir/MiniOzoneClusterImpl-3cdd9aee-ba37-4d0d-8930-872cb3194007/datanode-0/data/ratis/92152ee2-c80c-4b4e-9632-196f6e90ab1e does not exist. Creating ...
2019-09-20 04:49:51,941 [pool-313-thread-1] INFO  storage.RaftStorageDirectory (RaftStorageDirectory.java:tryLock(328)) - Lock on /workdir/hadoop-ozone/integration-test/target/test-dir/MiniOzoneClusterImpl-3cdd9aee-ba37-4d0d-8930-872cb3194007/datanode-0/data/ratis/92152ee2-c80c-4b4e-9632-196f6e90ab1e/in_use.lock acquired by nodename 9457@pr-hdds-1569-s8kj2-2266485376
2019-09-20 04:49:51,941 [Datanode State Machine Thread - 0] INFO  ozoneimpl.OzoneContainer (OzoneContainer.java:start(186)) - Attempting to start container services.
2019-09-20 04:49:51,942 [Datanode State Machine Thread - 0] INFO  ozoneimpl.OzoneContainer (OzoneContainer.java:startContainerScrub(160)) - Background container scrubber has been disabled by hdds.containerscrub.enabled
2019-09-20 04:49:51,942 [Datanode State Machine Thread - 0] INFO  ratis.XceiverServerRatis (XceiverServerRatis.java:start(404)) - Starting XceiverServerRatis db7872a1-bd52-4e68-8953-a9abbb9642a5 at port 0
2019-09-20 04:49:51,949 [Datanode State Machine Thread - 0] INFO  impl.RaftServerProxy (RaftServerProxy.java:lambda$start$3(299)) - db7872a1-bd52-4e68-8953-a9abbb9642a5: start RPC server
2019-09-20 04:49:51,950 [Datanode State Machine Thread - 0] INFO  server.GrpcService (GrpcService.java:startImpl(149)) - db7872a1-bd52-4e68-8953-a9abbb9642a5: GrpcService started, listening on 0.0.0.0/0.0.0.0:33028
2019-09-20 04:49:51,950 [Datanode State Machine Thread - 0] INFO  ratis.XceiverServerRatis (XceiverServerRatis.java:start(414)) - XceiverServerRatis db7872a1-bd52-4e68-8953-a9abbb9642a5 is started using port 33028
2019-09-20 04:49:51,951 [Datanode State Machine Thread - 0] INFO  server.XceiverServerGrpc (XceiverServerGrpc.java:start(163)) - XceiverServerGrpc db7872a1-bd52-4e68-8953-a9abbb9642a5 is started using port 34398
2019-09-20 04:49:51,990 [pool-313-thread-1] INFO  storage.RaftStorage (RaftStorage.java:format(72)) - Storage directory /workdir/hadoop-ozone/integration-test/target/test-dir/MiniOzoneClusterImpl-3cdd9aee-ba37-4d0d-8930-872cb3194007/datanode-0/data/ratis/92152ee2-c80c-4b4e-9632-196f6e90ab1e has been successfully formatted.
2019-09-20 04:49:51,992 [pool-313-thread-1] INFO  ratis.ContainerStateMachine (ContainerStateMachine.java:loadSnapshot(226)) - group-196F6E90AB1E: The snapshot info is null. Setting the last applied indexto:(t:0, i:~)
2019-09-20 04:49:51,992 [pool-313-thread-1] INFO  server.RaftServerConfigKeys (ConfUtils.java:logGet(43)) - raft.server.leader.election.timeout = 120s (custom)
2019-09-20 04:49:51,992 [pool-313-thread-1] INFO  server.RaftServerConfigKeys (ConfUtils.java:logGet(43)) - raft.server.log.use.memory = false (default)
2019-09-20 04:49:51,992 [pool-313-thread-1] INFO  server.RaftServerConfigKeys (ConfUtils.java:logGet(43)) - raft.server.log.purge.gap = 1000000 (custom)
2019-09-20 04:49:51,992 [pool-313-thread-1] INFO  server.RaftServerConfigKeys (ConfUtils.java:logGet(43)) - raft.server.log.appender.buffer.byte-limit = 33554432 (custom)
2019-09-20 04:49:51,992 [pool-313-thread-1] INFO  server.RaftServerConfigKeys (ConfUtils.java:logGet(43)) - raft.server.log.segment.size.max = 1048576 (custom)
2019-09-20 04:49:51,993 [pool-313-thread-1] INFO  server.RaftServerConfigKeys (ConfUtils.java:logGet(43)) - raft.server.log.segment.cache.num.max = 2 (custom)
2019-09-20 04:49:51,993 [pool-313-thread-1] INFO  segmented.SegmentedRaftLogWorker (SegmentedRaftLogWorker.java:<init>(172)) - new 37fe2768-1af7-42e7-8542-10b932802b02-SegmentedRaftLogWorker:Storage Directory /workdir/hadoop-ozone/integration-test/target/test-dir/MiniOzoneClusterImpl-3cdd9aee-ba37-4d0d-8930-872cb3194007/datanode-0/data/ratis/92152ee2-c80c-4b4e-9632-196f6e90ab1e for RaftStorage:Storage Directory /workdir/hadoop-ozone/integration-test/target/test-dir/MiniOzoneClusterImpl-3cdd9aee-ba37-4d0d-8930-872cb3194007/datanode-0/data/ratis/92152ee2-c80c-4b4e-9632-196f6e90ab1e
2019-09-20 04:49:51,993 [pool-313-thread-1] INFO  server.RaftServerConfigKeys (ConfUtils.java:logGet(43)) - raft.server.log.queue.byte-limit = 2147483647 (custom)
2019-09-20 04:49:51,993 [pool-313-thread-1] INFO  server.RaftServerConfigKeys (ConfUtils.java:logGet(43)) - raft.server.log.queue.element-limit = 1024 (custom)
2019-09-20 04:49:51,993 [pool-313-thread-1] INFO  server.RaftServerConfigKeys (ConfUtils.java:logGet(43)) - raft.server.log.segment.size.max = 1048576 (custom)
2019-09-20 04:49:51,993 [pool-313-thread-1] INFO  server.RaftServerConfigKeys (ConfUtils.java:logGet(43)) - raft.server.log.preallocated.size = 16384 (custom)
2019-09-20 04:49:51,994 [pool-313-thread-1] INFO  server.RaftServerConfigKeys (ConfUtils.java:logGet(43)) - raft.server.log.write.buffer.size = 33554432 (custom)
2019-09-20 04:49:51,994 [pool-313-thread-1] INFO  server.RaftServerConfigKeys (ConfUtils.java:logGet(43)) - raft.server.log.force.sync.num = 128 (default)
2019-09-20 04:49:51,994 [pool-313-thread-1] INFO  server.RaftServerConfigKeys (ConfUtils.java:logGet(43)) - raft.server.log.statemachine.data.sync = true (default)
2019-09-20 04:49:51,994 [pool-313-thread-1] INFO  server.RaftServerConfigKeys (ConfUtils.java:logGet(43)) - raft.server.log.statemachine.data.sync.timeout = 10s (default)
2019-09-20 04:49:51,994 [pool-313-thread-1] INFO  server.RaftServerConfigKeys (ConfUtils.java:logGet(43)) - raft.server.log.statemachine.data.sync.timeout.retry = -1 (default)
2019-09-20 04:49:51,994 [pool-313-thread-1] INFO  server.RaftServerConfigKeys (ConfUtils.java:logGet(43)) - raft.server.log.statemachine.data.caching.enabled = true (custom)
2019-09-20 04:49:51,995 [pool-313-thread-1] INFO  segmented.SegmentedRaftLogWorker (SegmentedRaftLogWorker.java:lambda$new$0(132)) - 37fe2768-1af7-42e7-8542-10b932802b02-SegmentedRaftLogWorker:Storage Directory /workdir/hadoop-ozone/integration-test/target/test-dir/MiniOzoneClusterImpl-3cdd9aee-ba37-4d0d-8930-872cb3194007/datanode-0/data/ratis/92152ee2-c80c-4b4e-9632-196f6e90ab1e: flushIndex: setUnconditionally 0 -> -1
2019-09-20 04:49:51,995 [pool-313-thread-1] INFO  server.RaftServerConfigKeys (ConfUtils.java:logGet(43)) - raft.server.snapshot.auto.trigger.enabled = true (custom)
2019-09-20 04:49:51,995 [pool-313-thread-1] INFO  server.RaftServerConfigKeys (ConfUtils.java:logGet(43)) - raft.server.snapshot.auto.trigger.threshold = 10000 (custom)
2019-09-20 04:49:51,995 [pool-313-thread-1] INFO  server.RaftServerConfigKeys (ConfUtils.java:logGet(43)) - raft.server.retrycache.expirytime = 600000ms (custom)
2019-09-20 04:49:51,996 [pool-313-thread-1] INFO  impl.RaftServerImpl (RaftServerImpl.java:start(180)) - 37fe2768-1af7-42e7-8542-10b932802b02: start group-196F6E90AB1E
2019-09-20 04:49:51,996 [pool-313-thread-1] INFO  impl.RaftServerImpl (RaftServerImpl.java:setRole(171)) - 37fe2768-1af7-42e7-8542-10b932802b02:group-196F6E90AB1E changes role from null to FOLLOWER at term 0 for startAsFollower
2019-09-20 04:49:51,996 [pool-313-thread-1] INFO  impl.RoleInfo (RoleInfo.java:updateAndGet(143)) - 37fe2768-1af7-42e7-8542-10b932802b02: start FollowerState
2019-09-20 04:49:51,996 [pool-313-thread-1] INFO  util.JmxRegister (JmxRegister.java:tryRegister(44)) - Successfully registered JMX Bean with object name Ratis:service=RaftServer,group=group-196F6E90AB1E,id=37fe2768-1af7-42e7-8542-10b932802b02
2019-09-20 04:49:51,999 [RatisPipelineUtilsThread] INFO  pipeline.PipelineStateManager (PipelineStateManager.java:addPipeline(56)) - Created pipeline Pipeline[ Id: 92152ee2-c80c-4b4e-9632-196f6e90ab1e, Nodes: 37fe2768-1af7-42e7-8542-10b932802b02{ip: 192.168.36.79, host: pr-hdds-1569-s8kj2-2266485376, networkLocation: /default-rack, certSerialId: null}, Type:RATIS, Factor:ONE, State:OPEN]
2019-09-20 04:49:52,004 [grpc-default-executor-1] INFO  impl.RaftServerProxy (RaftServerProxy.java:addNew(89)) - 37fe2768-1af7-42e7-8542-10b932802b02: addNew group-17508B96C0A6:[37fe2768-1af7-42e7-8542-10b932802b02:192.168.36.79:41936] returns group-17508B96C0A6:java.util.concurrent.CompletableFuture@4518dd4f[Not completed]
2019-09-20 04:49:52,005 [pool-313-thread-1] INFO  impl.RaftServerImpl (RaftServerImpl.java:<init>(93)) - 37fe2768-1af7-42e7-8542-10b932802b02: new RaftServerImpl for group-17508B96C0A6:[37fe2768-1af7-42e7-8542-10b932802b02:192.168.36.79:41936] with ContainerStateMachine:uninitialized
2019-09-20 04:49:52,005 [pool-313-thread-1] INFO  server.RaftServerConfigKeys (ConfUtils.java:logGet(43)) - raft.server.rpc.timeout.min = 5s (custom)
2019-09-20 04:49:52,005 [pool-313-thread-1] INFO  server.RaftServerConfigKeys (ConfUtils.java:logGet(43)) - raft.server.rpc.timeout.max = 5200ms (custom)
2019-09-20 04:49:52,005 [pool-313-thread-1] INFO  server.RaftServerConfigKeys (ConfUtils.java:logGet(43)) - raft.server.rpcslowness.timeout = 120s (custom)
2019-09-20 04:49:52,005 [pool-313-thread-1] INFO  server.RaftServerConfigKeys (ConfUtils.java:logGet(43)) - raft.server.sleep.deviation.threshold = 300 (default)
2019-09-20 04:49:52,006 [pool-313-thread-1] INFO  server.RaftServerConfigKeys (ConfUtils.java:logGet(43)) - raft.server.log.appender.install.snapshot.enabled = false (custom)
2019-09-20 04:49:52,006 [pool-313-thread-1] INFO  impl.RaftServerImpl (ServerState.java:<init>(105)) - 37fe2768-1af7-42e7-8542-10b932802b02:group-17508B96C0A6 ConfigurationManager, init=-1: [37fe2768-1af7-42e7-8542-10b932802b02:192.168.36.79:41936], old=null, confs=<EMPTY_MAP>
2019-09-20 04:49:52,006 [pool-313-thread-1] INFO  server.RaftServerConfigKeys (ConfUtils.java:logGet(43)) - raft.server.storage.dir = [/workdir/hadoop-ozone/integration-test/target/test-dir/MiniOzoneClusterImpl-3cdd9aee-ba37-4d0d-8930-872cb3194007/datanode-0/data/ratis] (custom)
2019-09-20 04:49:52,006 [pool-313-thread-1] INFO  storage.RaftStorageDirectory (RaftStorageDirectory.java:analyzeStorage(246)) - The storage directory /workdir/hadoop-ozone/integration-test/target/test-dir/MiniOzoneClusterImpl-3cdd9aee-ba37-4d0d-8930-872cb3194007/datanode-0/data/ratis/40b7cff8-9a6e-4b10-96e2-17508b96c0a6 does not exist. Creating ...
2019-09-20 04:49:52,024 [pool-313-thread-1] INFO  storage.RaftStorageDirectory (RaftStorageDirectory.java:tryLock(328)) - Lock on /workdir/hadoop-ozone/integration-test/target/test-dir/MiniOzoneClusterImpl-3cdd9aee-ba37-4d0d-8930-872cb3194007/datanode-0/data/ratis/40b7cff8-9a6e-4b10-96e2-17508b96c0a6/in_use.lock acquired by nodename 9457@pr-hdds-1569-s8kj2-2266485376
2019-09-20 04:49:52,049 [pool-313-thread-1] INFO  storage.RaftStorage (RaftStorage.java:format(72)) - Storage directory /workdir/hadoop-ozone/integration-test/target/test-dir/MiniOzoneClusterImpl-3cdd9aee-ba37-4d0d-8930-872cb3194007/datanode-0/data/ratis/40b7cff8-9a6e-4b10-96e2-17508b96c0a6 has been successfully formatted.
2019-09-20 04:49:52,050 [pool-313-thread-1] INFO  ratis.ContainerStateMachine (ContainerStateMachine.java:loadSnapshot(226)) - group-17508B96C0A6: The snapshot info is null. Setting the last applied indexto:(t:0, i:~)
2019-09-20 04:49:52,050 [pool-313-thread-1] INFO  server.RaftServerConfigKeys (ConfUtils.java:logGet(43)) - raft.server.leader.election.timeout = 120s (custom)
2019-09-20 04:49:52,050 [pool-313-thread-1] INFO  server.RaftServerConfigKeys (ConfUtils.java:logGet(43)) - raft.server.log.use.memory = false (default)
2019-09-20 04:49:52,050 [pool-313-thread-1] INFO  server.RaftServerConfigKeys (ConfUtils.java:logGet(43)) - raft.server.log.purge.gap = 1000000 (custom)
2019-09-20 04:49:52,050 [pool-313-thread-1] INFO  server.RaftServerConfigKeys (ConfUtils.java:logGet(43)) - raft.server.log.appender.buffer.byte-limit = 33554432 (custom)
2019-09-20 04:49:52,051 [pool-313-thread-1] INFO  server.RaftServerConfigKeys (ConfUtils.java:logGet(43)) - raft.server.log.segment.size.max = 1048576 (custom)
2019-09-20 04:49:52,051 [pool-313-thread-1] INFO  server.RaftServerConfigKeys (ConfUtils.java:logGet(43)) - raft.server.log.segment.cache.num.max = 2 (custom)
2019-09-20 04:49:52,051 [pool-313-thread-1] INFO  segmented.SegmentedRaftLogWorker (SegmentedRaftLogWorker.java:<init>(172)) - new 37fe2768-1af7-42e7-8542-10b932802b02-SegmentedRaftLogWorker:Storage Directory /workdir/hadoop-ozone/integration-test/target/test-dir/MiniOzoneClusterImpl-3cdd9aee-ba37-4d0d-8930-872cb3194007/datanode-0/data/ratis/40b7cff8-9a6e-4b10-96e2-17508b96c0a6 for RaftStorage:Storage Directory /workdir/hadoop-ozone/integration-test/target/test-dir/MiniOzoneClusterImpl-3cdd9aee-ba37-4d0d-8930-872cb3194007/datanode-0/data/ratis/40b7cff8-9a6e-4b10-96e2-17508b96c0a6
2019-09-20 04:49:52,051 [pool-313-thread-1] INFO  server.RaftServerConfigKeys (ConfUtils.java:logGet(43)) - raft.server.log.queue.byte-limit = 2147483647 (custom)
2019-09-20 04:49:52,051 [pool-313-thread-1] INFO  server.RaftServerConfigKeys (ConfUtils.java:logGet(43)) - raft.server.log.queue.element-limit = 1024 (custom)
2019-09-20 04:49:52,051 [pool-313-thread-1] INFO  server.RaftServerConfigKeys (ConfUtils.java:logGet(43)) - raft.server.log.segment.size.max = 1048576 (custom)
2019-09-20 04:49:52,052 [pool-313-thread-1] INFO  server.RaftServerConfigKeys (ConfUtils.java:logGet(43)) - raft.server.log.preallocated.size = 16384 (custom)
2019-09-20 04:49:52,052 [pool-313-thread-1] INFO  server.RaftServerConfigKeys (ConfUtils.java:logGet(43)) - raft.server.log.write.buffer.size = 33554432 (custom)
2019-09-20 04:49:52,052 [pool-313-thread-1] INFO  server.RaftServerConfigKeys (ConfUtils.java:logGet(43)) - raft.server.log.force.sync.num = 128 (default)
2019-09-20 04:49:52,052 [pool-313-thread-1] INFO  server.RaftServerConfigKeys (ConfUtils.java:logGet(43)) - raft.server.log.statemachine.data.sync = true (default)
2019-09-20 04:49:52,052 [pool-313-thread-1] INFO  server.RaftServerConfigKeys (ConfUtils.java:logGet(43)) - raft.server.log.statemachine.data.sync.timeout = 10s (default)
2019-09-20 04:49:52,052 [pool-313-thread-1] INFO  server.RaftServerConfigKeys (ConfUtils.java:logGet(43)) - raft.server.log.statemachine.data.sync.timeout.retry = -1 (default)
2019-09-20 04:49:52,053 [pool-313-thread-1] INFO  server.RaftServerConfigKeys (ConfUtils.java:logGet(43)) - raft.server.log.statemachine.data.caching.enabled = true (custom)
2019-09-20 04:49:52,053 [pool-313-thread-1] INFO  segmented.SegmentedRaftLogWorker (SegmentedRaftLogWorker.java:lambda$new$0(132)) - 37fe2768-1af7-42e7-8542-10b932802b02-SegmentedRaftLogWorker:Storage Directory /workdir/hadoop-ozone/integration-test/target/test-dir/MiniOzoneClusterImpl-3cdd9aee-ba37-4d0d-8930-872cb3194007/datanode-0/data/ratis/40b7cff8-9a6e-4b10-96e2-17508b96c0a6: flushIndex: setUnconditionally 0 -> -1
2019-09-20 04:49:52,053 [pool-313-thread-1] INFO  server.RaftServerConfigKeys (ConfUtils.java:logGet(43)) - raft.server.snapshot.auto.trigger.enabled = true (custom)
2019-09-20 04:49:52,053 [pool-313-thread-1] INFO  server.RaftServerConfigKeys (ConfUtils.java:logGet(43)) - raft.server.snapshot.auto.trigger.threshold = 10000 (custom)
2019-09-20 04:49:52,054 [pool-313-thread-1] INFO  server.RaftServerConfigKeys (ConfUtils.java:logGet(43)) - raft.server.retrycache.expirytime = 600000ms (custom)
2019-09-20 04:49:52,054 [pool-313-thread-1] INFO  impl.RaftServerImpl (RaftServerImpl.java:start(180)) - 37fe2768-1af7-42e7-8542-10b932802b02: start group-17508B96C0A6
2019-09-20 04:49:52,054 [pool-313-thread-1] INFO  impl.RaftServerImpl (RaftServerImpl.java:setRole(171)) - 37fe2768-1af7-42e7-8542-10b932802b02:group-17508B96C0A6 changes role from null to FOLLOWER at term 0 for startAsFollower
2019-09-20 04:49:52,054 [pool-313-thread-1] INFO  impl.RoleInfo (RoleInfo.java:updateAndGet(143)) - 37fe2768-1af7-42e7-8542-10b932802b02: start FollowerState
2019-09-20 04:49:52,054 [pool-313-thread-1] INFO  util.JmxRegister (JmxRegister.java:tryRegister(44)) - Successfully registered JMX Bean with object name Ratis:service=RaftServer,group=group-17508B96C0A6,id=37fe2768-1af7-42e7-8542-10b932802b02
2019-09-20 04:49:52,057 [RatisPipelineUtilsThread] INFO  pipeline.PipelineStateManager (PipelineStateManager.java:addPipeline(56)) - Created pipeline Pipeline[ Id: 40b7cff8-9a6e-4b10-96e2-17508b96c0a6, Nodes: 37fe2768-1af7-42e7-8542-10b932802b02{ip: 192.168.36.79, host: pr-hdds-1569-s8kj2-2266485376, networkLocation: /default-rack, certSerialId: null}, Type:RATIS, Factor:ONE, State:OPEN]
2019-09-20 04:49:52,057 [RatisPipelineUtilsThread] INFO  pipeline.PipelinePlacementPolicy (PipelinePlacementPolicy.java:meetCriteria(91)) - Pipeline Placement: Doesn't meet the criteria to be viable node： 37fe2768-1af7-42e7-8542-10b932802b02 Heaviness: 6 limit: 5
2019-09-20 04:49:52,057 [RatisPipelineUtilsThread] ERROR pipeline.PipelinePlacementPolicy (PipelinePlacementPolicy.java:filterViableNodes(148)) - Unable to find enough nodes that meet the criteria that cannot engage in more than 5 pipelines. Nodes required: 1 Found: 0, healthy nodes count inNodeManager: 1.
2019-09-20 04:49:52,058 [RatisPipelineUtilsThread] ERROR pipeline.SCMPipelineManager (SCMPipelineManager.java:createPipeline(161)) - Pipeline creation failed due to exception: Unable to find enough nodes that meet the criteria that cannot engage in more than 5 pipelines. Nodes required: 1 Found: 0, healthy nodes count inNodeManager: 1.
2019-09-20 04:49:52,058 [RatisPipelineUtilsThread] ERROR pipeline.PipelinePlacementPolicy (PipelinePlacementPolicy.java:filterViableNodes(131)) - Not enough healthy nodes to allocate pipeline. 3  datanodes required. Found 1
2019-09-20 04:49:52,058 [RatisPipelineUtilsThread] ERROR pipeline.SCMPipelineManager (SCMPipelineManager.java:createPipeline(161)) - Pipeline creation failed due to exception: Not enough healthy nodes to allocate pipeline. 3  datanodes required. Found 1
2019-09-20 04:49:52,058 [RatisPipelineUtilsThread] INFO  pipeline.PipelinePlacementPolicy (PipelinePlacementPolicy.java:meetCriteria(91)) - Pipeline Placement: Doesn't meet the criteria to be viable node： 37fe2768-1af7-42e7-8542-10b932802b02 Heaviness: 6 limit: 5
2019-09-20 04:49:52,058 [RatisPipelineUtilsThread] ERROR pipeline.PipelinePlacementPolicy (PipelinePlacementPolicy.java:filterViableNodes(148)) - Unable to find enough nodes that meet the criteria that cannot engage in more than 5 pipelines. Nodes required: 1 Found: 0, healthy nodes count inNodeManager: 1.
2019-09-20 04:49:52,058 [RatisPipelineUtilsThread] ERROR pipeline.SCMPipelineManager (SCMPipelineManager.java:createPipeline(161)) - Pipeline creation failed due to exception: Unable to find enough nodes that meet the criteria that cannot engage in more than 5 pipelines. Nodes required: 1 Found: 0, healthy nodes count inNodeManager: 1.
2019-09-20 04:49:52,059 [RatisPipelineUtilsThread] ERROR pipeline.PipelinePlacementPolicy (PipelinePlacementPolicy.java:filterViableNodes(131)) - Not enough healthy nodes to allocate pipeline. 3  datanodes required. Found 1
2019-09-20 04:49:52,059 [RatisPipelineUtilsThread] ERROR pipeline.SCMPipelineManager (SCMPipelineManager.java:createPipeline(161)) - Pipeline creation failed due to exception: Not enough healthy nodes to allocate pipeline. 3  datanodes required. Found 1
2019-09-20 04:49:52,133 [IPC Server handler 6 on 42399] INFO  net.NetworkTopology (NetworkTopologyImpl.java:add(110)) - Added a new node: /default-rack/c82e94d7-3693-4569-94b0-cf8ff008d5c0
2019-09-20 04:49:52,133 [RatisPipelineUtilsThread] INFO  pipeline.PipelinePlacementPolicy (PipelinePlacementPolicy.java:meetCriteria(91)) - Pipeline Placement: Doesn't meet the criteria to be viable node： 37fe2768-1af7-42e7-8542-10b932802b02 Heaviness: 6 limit: 5
2019-09-20 04:49:52,133 [IPC Server handler 6 on 42399] INFO  node.SCMNodeManager (SCMNodeManager.java:register(273)) - Registered Data node : c82e94d7-3693-4569-94b0-cf8ff008d5c0{ip: 192.168.36.79, host: pr-hdds-1569-s8kj2-2266485376, networkLocation: /default-rack, certSerialId: null}
2019-09-20 04:49:52,133 | INFO  | SCMAudit | user=jenkins1000 | ip=192.168.36.79 | op=REGISTER {datanodeDetails=c82e94d7-3693-4569-94b0-cf8ff008d5c0{ip: 192.168.36.79, host: pr-hdds-1569-s8kj2-2266485376, networkLocation: /default-rack, certSerialId: null}} | ret=SUCCESS |  
2019-09-20 04:49:52,148 [grpc-default-executor-1] INFO  impl.RaftServerProxy (RaftServerProxy.java:addNew(89)) - c82e94d7-3693-4569-94b0-cf8ff008d5c0: addNew group-35C74151BFF6:[c82e94d7-3693-4569-94b0-cf8ff008d5c0:192.168.36.79:33912] returns group-35C74151BFF6:java.util.concurrent.CompletableFuture@1db830df[Not completed]
2019-09-20 04:49:52,149 [pool-324-thread-1] INFO  impl.RaftServerImpl (RaftServerImpl.java:<init>(93)) - c82e94d7-3693-4569-94b0-cf8ff008d5c0: new RaftServerImpl for group-35C74151BFF6:[c82e94d7-3693-4569-94b0-cf8ff008d5c0:192.168.36.79:33912] with ContainerStateMachine:uninitialized
2019-09-20 04:49:52,150 [pool-324-thread-1] INFO  server.RaftServerConfigKeys (ConfUtils.java:logGet(43)) - raft.server.rpc.timeout.min = 5s (custom)
2019-09-20 04:49:52,150 [pool-324-thread-1] INFO  server.RaftServerConfigKeys (ConfUtils.java:logGet(43)) - raft.server.rpc.timeout.max = 5200ms (custom)
2019-09-20 04:49:52,150 [pool-324-thread-1] INFO  server.RaftServerConfigKeys (ConfUtils.java:logGet(43)) - raft.server.rpcslowness.timeout = 120s (custom)
2019-09-20 04:49:52,150 [pool-324-thread-1] INFO  server.RaftServerConfigKeys (ConfUtils.java:logGet(43)) - raft.server.sleep.deviation.threshold = 300 (default)
2019-09-20 04:49:52,150 [pool-324-thread-1] INFO  server.RaftServerConfigKeys (ConfUtils.java:logGet(43)) - raft.server.log.appender.install.snapshot.enabled = false (custom)
2019-09-20 04:49:52,150 [pool-324-thread-1] INFO  impl.RaftServerImpl (ServerState.java:<init>(105)) - c82e94d7-3693-4569-94b0-cf8ff008d5c0:group-35C74151BFF6 ConfigurationManager, init=-1: [c82e94d7-3693-4569-94b0-cf8ff008d5c0:192.168.36.79:33912], old=null, confs=<EMPTY_MAP>
2019-09-20 04:49:52,150 [pool-324-thread-1] INFO  server.RaftServerConfigKeys (ConfUtils.java:logGet(43)) - raft.server.storage.dir = [/workdir/hadoop-ozone/integration-test/target/test-dir/MiniOzoneClusterImpl-3cdd9aee-ba37-4d0d-8930-872cb3194007/datanode-1/data/ratis] (custom)
2019-09-20 04:49:52,151 [pool-324-thread-1] INFO  storage.RaftStorageDirectory (RaftStorageDirectory.java:analyzeStorage(246)) - The storage directory /workdir/hadoop-ozone/integration-test/target/test-dir/MiniOzoneClusterImpl-3cdd9aee-ba37-4d0d-8930-872cb3194007/datanode-1/data/ratis/9ef70177-8d80-425e-be4a-35c74151bff6 does not exist. Creating ...
2019-09-20 04:49:52,183 [pool-324-thread-1] INFO  storage.RaftStorageDirectory (RaftStorageDirectory.java:tryLock(328)) - Lock on /workdir/hadoop-ozone/integration-test/target/test-dir/MiniOzoneClusterImpl-3cdd9aee-ba37-4d0d-8930-872cb3194007/datanode-1/data/ratis/9ef70177-8d80-425e-be4a-35c74151bff6/in_use.lock acquired by nodename 9457@pr-hdds-1569-s8kj2-2266485376
2019-09-20 04:49:52,208 [pool-324-thread-1] INFO  storage.RaftStorage (RaftStorage.java:format(72)) - Storage directory /workdir/hadoop-ozone/integration-test/target/test-dir/MiniOzoneClusterImpl-3cdd9aee-ba37-4d0d-8930-872cb3194007/datanode-1/data/ratis/9ef70177-8d80-425e-be4a-35c74151bff6 has been successfully formatted.
2019-09-20 04:49:52,209 [pool-324-thread-1] INFO  ratis.ContainerStateMachine (ContainerStateMachine.java:loadSnapshot(226)) - group-35C74151BFF6: The snapshot info is null. Setting the last applied indexto:(t:0, i:~)
2019-09-20 04:49:52,209 [pool-324-thread-1] INFO  server.RaftServerConfigKeys (ConfUtils.java:logGet(43)) - raft.server.leader.election.timeout = 120s (custom)
2019-09-20 04:49:52,209 [pool-324-thread-1] INFO  server.RaftServerConfigKeys (ConfUtils.java:logGet(43)) - raft.server.log.use.memory = false (default)
2019-09-20 04:49:52,209 [pool-324-thread-1] INFO  server.RaftServerConfigKeys (ConfUtils.java:logGet(43)) - raft.server.log.purge.gap = 1000000 (custom)
2019-09-20 04:49:52,209 [pool-324-thread-1] INFO  server.RaftServerConfigKeys (ConfUtils.java:logGet(43)) - raft.server.log.appender.buffer.byte-limit = 33554432 (custom)
2019-09-20 04:49:52,209 [pool-324-thread-1] INFO  server.RaftServerConfigKeys (ConfUtils.java:logGet(43)) - raft.server.log.segment.size.max = 1048576 (custom)
2019-09-20 04:49:52,209 [pool-324-thread-1] INFO  server.RaftServerConfigKeys (ConfUtils.java:logGet(43)) - raft.server.log.segment.cache.num.max = 2 (custom)
2019-09-20 04:49:52,210 [pool-324-thread-1] INFO  segmented.SegmentedRaftLogWorker (SegmentedRaftLogWorker.java:<init>(172)) - new c82e94d7-3693-4569-94b0-cf8ff008d5c0-SegmentedRaftLogWorker:Storage Directory /workdir/hadoop-ozone/integration-test/target/test-dir/MiniOzoneClusterImpl-3cdd9aee-ba37-4d0d-8930-872cb3194007/datanode-1/data/ratis/9ef70177-8d80-425e-be4a-35c74151bff6 for RaftStorage:Storage Directory /workdir/hadoop-ozone/integration-test/target/test-dir/MiniOzoneClusterImpl-3cdd9aee-ba37-4d0d-8930-872cb3194007/datanode-1/data/ratis/9ef70177-8d80-425e-be4a-35c74151bff6
2019-09-20 04:49:52,210 [pool-324-thread-1] INFO  server.RaftServerConfigKeys (ConfUtils.java:logGet(43)) - raft.server.log.queue.byte-limit = 2147483647 (custom)
2019-09-20 04:49:52,210 [pool-324-thread-1] INFO  server.RaftServerConfigKeys (ConfUtils.java:logGet(43)) - raft.server.log.queue.element-limit = 1024 (custom)
2019-09-20 04:49:52,210 [pool-324-thread-1] INFO  server.RaftServerConfigKeys (ConfUtils.java:logGet(43)) - raft.server.log.segment.size.max = 1048576 (custom)
2019-09-20 04:49:52,210 [pool-324-thread-1] INFO  server.RaftServerConfigKeys (ConfUtils.java:logGet(43)) - raft.server.log.preallocated.size = 16384 (custom)
2019-09-20 04:49:52,210 [pool-324-thread-1] INFO  server.RaftServerConfigKeys (ConfUtils.java:logGet(43)) - raft.server.log.write.buffer.size = 33554432 (custom)
2019-09-20 04:49:52,210 [pool-324-thread-1] INFO  server.RaftServerConfigKeys (ConfUtils.java:logGet(43)) - raft.server.log.force.sync.num = 128 (default)
2019-09-20 04:49:52,210 [pool-324-thread-1] INFO  server.RaftServerConfigKeys (ConfUtils.java:logGet(43)) - raft.server.log.statemachine.data.sync = true (default)
2019-09-20 04:49:52,211 [pool-324-thread-1] INFO  server.RaftServerConfigKeys (ConfUtils.java:logGet(43)) - raft.server.log.statemachine.data.sync.timeout = 10s (default)
2019-09-20 04:49:52,211 [pool-324-thread-1] INFO  server.RaftServerConfigKeys (ConfUtils.java:logGet(43)) - raft.server.log.statemachine.data.sync.timeout.retry = -1 (default)
2019-09-20 04:49:52,211 [pool-324-thread-1] INFO  server.RaftServerConfigKeys (ConfUtils.java:logGet(43)) - raft.server.log.statemachine.data.caching.enabled = true (custom)
2019-09-20 04:49:52,211 [pool-324-thread-1] INFO  segmented.SegmentedRaftLogWorker (SegmentedRaftLogWorker.java:lambda$new$0(132)) - c82e94d7-3693-4569-94b0-cf8ff008d5c0-SegmentedRaftLogWorker:Storage Directory /workdir/hadoop-ozone/integration-test/target/test-dir/MiniOzoneClusterImpl-3cdd9aee-ba37-4d0d-8930-872cb3194007/datanode-1/data/ratis/9ef70177-8d80-425e-be4a-35c74151bff6: flushIndex: setUnconditionally 0 -> -1
2019-09-20 04:49:52,211 [pool-324-thread-1] INFO  server.RaftServerConfigKeys (ConfUtils.java:logGet(43)) - raft.server.snapshot.auto.trigger.enabled = true (custom)
2019-09-20 04:49:52,212 [pool-324-thread-1] INFO  server.RaftServerConfigKeys (ConfUtils.java:logGet(43)) - raft.server.snapshot.auto.trigger.threshold = 10000 (custom)
2019-09-20 04:49:52,212 [pool-324-thread-1] INFO  server.RaftServerConfigKeys (ConfUtils.java:logGet(43)) - raft.server.retrycache.expirytime = 600000ms (custom)
2019-09-20 04:49:52,212 [pool-324-thread-1] INFO  impl.RaftServerImpl (RaftServerImpl.java:start(180)) - c82e94d7-3693-4569-94b0-cf8ff008d5c0: start group-35C74151BFF6
2019-09-20 04:49:52,212 [pool-324-thread-1] INFO  impl.RaftServerImpl (RaftServerImpl.java:setRole(171)) - c82e94d7-3693-4569-94b0-cf8ff008d5c0:group-35C74151BFF6 changes role from null to FOLLOWER at term 0 for startAsFollower
2019-09-20 04:49:52,212 [pool-324-thread-1] INFO  impl.RoleInfo (RoleInfo.java:updateAndGet(143)) - c82e94d7-3693-4569-94b0-cf8ff008d5c0: start FollowerState
2019-09-20 04:49:52,212 [pool-324-thread-1] INFO  util.JmxRegister (JmxRegister.java:tryRegister(44)) - Successfully registered JMX Bean with object name Ratis:service=RaftServer,group=group-35C74151BFF6,id=c82e94d7-3693-4569-94b0-cf8ff008d5c0
2019-09-20 04:49:52,215 [RatisPipelineUtilsThread] INFO  pipeline.PipelineStateManager (PipelineStateManager.java:addPipeline(56)) - Created pipeline Pipeline[ Id: 9ef70177-8d80-425e-be4a-35c74151bff6, Nodes: c82e94d7-3693-4569-94b0-cf8ff008d5c0{ip: 192.168.36.79, host: pr-hdds-1569-s8kj2-2266485376, networkLocation: /default-rack, certSerialId: null}, Type:RATIS, Factor:ONE, State:OPEN]
2019-09-20 04:49:52,215 [RatisPipelineUtilsThread] INFO  pipeline.PipelinePlacementPolicy (PipelinePlacementPolicy.java:meetCriteria(91)) - Pipeline Placement: Doesn't meet the criteria to be viable node： 37fe2768-1af7-42e7-8542-10b932802b02 Heaviness: 6 limit: 5
2019-09-20 04:49:52,220 [grpc-default-executor-1] INFO  impl.RaftServerProxy (RaftServerProxy.java:addNew(89)) - c82e94d7-3693-4569-94b0-cf8ff008d5c0: addNew group-48691FADB9F7:[c82e94d7-3693-4569-94b0-cf8ff008d5c0:192.168.36.79:33912] returns group-48691FADB9F7:java.util.concurrent.CompletableFuture@56f14ac1[Not completed]
2019-09-20 04:49:52,221 [pool-324-thread-1] INFO  impl.RaftServerImpl (RaftServerImpl.java:<init>(93)) - c82e94d7-3693-4569-94b0-cf8ff008d5c0: new RaftServerImpl for group-48691FADB9F7:[c82e94d7-3693-4569-94b0-cf8ff008d5c0:192.168.36.79:33912] with ContainerStateMachine:uninitialized
2019-09-20 04:49:52,221 [pool-324-thread-1] INFO  server.RaftServerConfigKeys (ConfUtils.java:logGet(43)) - raft.server.rpc.timeout.min = 5s (custom)
2019-09-20 04:49:52,221 [pool-324-thread-1] INFO  server.RaftServerConfigKeys (ConfUtils.java:logGet(43)) - raft.server.rpc.timeout.max = 5200ms (custom)
2019-09-20 04:49:52,221 [pool-324-thread-1] INFO  server.RaftServerConfigKeys (ConfUtils.java:logGet(43)) - raft.server.rpcslowness.timeout = 120s (custom)
2019-09-20 04:49:52,221 [pool-324-thread-1] INFO  server.RaftServerConfigKeys (ConfUtils.java:logGet(43)) - raft.server.sleep.deviation.threshold = 300 (default)
2019-09-20 04:49:52,221 [pool-324-thread-1] INFO  server.RaftServerConfigKeys (ConfUtils.java:logGet(43)) - raft.server.log.appender.install.snapshot.enabled = false (custom)
2019-09-20 04:49:52,221 [pool-324-thread-1] INFO  impl.RaftServerImpl (ServerState.java:<init>(105)) - c82e94d7-3693-4569-94b0-cf8ff008d5c0:group-48691FADB9F7 ConfigurationManager, init=-1: [c82e94d7-3693-4569-94b0-cf8ff008d5c0:192.168.36.79:33912], old=null, confs=<EMPTY_MAP>
2019-09-20 04:49:52,221 [pool-324-thread-1] INFO  server.RaftServerConfigKeys (ConfUtils.java:logGet(43)) - raft.server.storage.dir = [/workdir/hadoop-ozone/integration-test/target/test-dir/MiniOzoneClusterImpl-3cdd9aee-ba37-4d0d-8930-872cb3194007/datanode-1/data/ratis] (custom)
2019-09-20 04:49:52,222 [pool-324-thread-1] INFO  storage.RaftStorageDirectory (RaftStorageDirectory.java:analyzeStorage(246)) - The storage directory /workdir/hadoop-ozone/integration-test/target/test-dir/MiniOzoneClusterImpl-3cdd9aee-ba37-4d0d-8930-872cb3194007/datanode-1/data/ratis/251b0abc-0e56-4233-b327-48691fadb9f7 does not exist. Creating ...
2019-09-20 04:49:52,259 [pool-324-thread-1] INFO  storage.RaftStorageDirectory (RaftStorageDirectory.java:tryLock(328)) - Lock on /workdir/hadoop-ozone/integration-test/target/test-dir/MiniOzoneClusterImpl-3cdd9aee-ba37-4d0d-8930-872cb3194007/datanode-1/data/ratis/251b0abc-0e56-4233-b327-48691fadb9f7/in_use.lock acquired by nodename 9457@pr-hdds-1569-s8kj2-2266485376
2019-09-20 04:49:52,276 [pool-324-thread-1] INFO  storage.RaftStorage (RaftStorage.java:format(72)) - Storage directory /workdir/hadoop-ozone/integration-test/target/test-dir/MiniOzoneClusterImpl-3cdd9aee-ba37-4d0d-8930-872cb3194007/datanode-1/data/ratis/251b0abc-0e56-4233-b327-48691fadb9f7 has been successfully formatted.
2019-09-20 04:49:52,276 [pool-324-thread-1] INFO  ratis.ContainerStateMachine (ContainerStateMachine.java:loadSnapshot(226)) - group-48691FADB9F7: The snapshot info is null. Setting the last applied indexto:(t:0, i:~)
2019-09-20 04:49:52,276 [pool-324-thread-1] INFO  server.RaftServerConfigKeys (ConfUtils.java:logGet(43)) - raft.server.leader.election.timeout = 120s (custom)
2019-09-20 04:49:52,276 [pool-324-thread-1] INFO  server.RaftServerConfigKeys (ConfUtils.java:logGet(43)) - raft.server.log.use.memory = false (default)
2019-09-20 04:49:52,276 [pool-324-thread-1] INFO  server.RaftServerConfigKeys (ConfUtils.java:logGet(43)) - raft.server.log.purge.gap = 1000000 (custom)
2019-09-20 04:49:52,276 [pool-324-thread-1] INFO  server.RaftServerConfigKeys (ConfUtils.java:logGet(43)) - raft.server.log.appender.buffer.byte-limit = 33554432 (custom)
2019-09-20 04:49:52,276 [pool-324-thread-1] INFO  server.RaftServerConfigKeys (ConfUtils.java:logGet(43)) - raft.server.log.segment.size.max = 1048576 (custom)
2019-09-20 04:49:52,277 [pool-324-thread-1] INFO  server.RaftServerConfigKeys (ConfUtils.java:logGet(43)) - raft.server.log.segment.cache.num.max = 2 (custom)
2019-09-20 04:49:52,277 [pool-324-thread-1] INFO  segmented.SegmentedRaftLogWorker (SegmentedRaftLogWorker.java:<init>(172)) - new c82e94d7-3693-4569-94b0-cf8ff008d5c0-SegmentedRaftLogWorker:Storage Directory /workdir/hadoop-ozone/integration-test/target/test-dir/MiniOzoneClusterImpl-3cdd9aee-ba37-4d0d-8930-872cb3194007/datanode-1/data/ratis/251b0abc-0e56-4233-b327-48691fadb9f7 for RaftStorage:Storage Directory /workdir/hadoop-ozone/integration-test/target/test-dir/MiniOzoneClusterImpl-3cdd9aee-ba37-4d0d-8930-872cb3194007/datanode-1/data/ratis/251b0abc-0e56-4233-b327-48691fadb9f7
2019-09-20 04:49:52,277 [pool-324-thread-1] INFO  server.RaftServerConfigKeys (ConfUtils.java:logGet(43)) - raft.server.log.queue.byte-limit = 2147483647 (custom)
2019-09-20 04:49:52,277 [pool-324-thread-1] INFO  server.RaftServerConfigKeys (ConfUtils.java:logGet(43)) - raft.server.log.queue.element-limit = 1024 (custom)
2019-09-20 04:49:52,277 [pool-324-thread-1] INFO  server.RaftServerConfigKeys (ConfUtils.java:logGet(43)) - raft.server.log.segment.size.max = 1048576 (custom)
2019-09-20 04:49:52,277 [pool-324-thread-1] INFO  server.RaftServerConfigKeys (ConfUtils.java:logGet(43)) - raft.server.log.preallocated.size = 16384 (custom)
2019-09-20 04:49:52,277 [pool-324-thread-1] INFO  server.RaftServerConfigKeys (ConfUtils.java:logGet(43)) - raft.server.log.write.buffer.size = 33554432 (custom)
2019-09-20 04:49:52,277 [pool-324-thread-1] INFO  server.RaftServerConfigKeys (ConfUtils.java:logGet(43)) - raft.server.log.force.sync.num = 128 (default)
2019-09-20 04:49:52,277 [pool-324-thread-1] INFO  server.RaftServerConfigKeys (ConfUtils.java:logGet(43)) - raft.server.log.statemachine.data.sync = true (default)
2019-09-20 04:49:52,277 [pool-324-thread-1] INFO  server.RaftServerConfigKeys (ConfUtils.java:logGet(43)) - raft.server.log.statemachine.data.sync.timeout = 10s (default)
2019-09-20 04:49:52,278 [pool-324-thread-1] INFO  server.RaftServerConfigKeys (ConfUtils.java:logGet(43)) - raft.server.log.statemachine.data.sync.timeout.retry = -1 (default)
2019-09-20 04:49:52,278 [pool-324-thread-1] INFO  server.RaftServerConfigKeys (ConfUtils.java:logGet(43)) - raft.server.log.statemachine.data.caching.enabled = true (custom)
2019-09-20 04:49:52,278 [pool-324-thread-1] INFO  segmented.SegmentedRaftLogWorker (SegmentedRaftLogWorker.java:lambda$new$0(132)) - c82e94d7-3693-4569-94b0-cf8ff008d5c0-SegmentedRaftLogWorker:Storage Directory /workdir/hadoop-ozone/integration-test/target/test-dir/MiniOzoneClusterImpl-3cdd9aee-ba37-4d0d-8930-872cb3194007/datanode-1/data/ratis/251b0abc-0e56-4233-b327-48691fadb9f7: flushIndex: setUnconditionally 0 -> -1
2019-09-20 04:49:52,278 [pool-324-thread-1] INFO  server.RaftServerConfigKeys (ConfUtils.java:logGet(43)) - raft.server.snapshot.auto.trigger.enabled = true (custom)
2019-09-20 04:49:52,278 [pool-324-thread-1] INFO  server.RaftServerConfigKeys (ConfUtils.java:logGet(43)) - raft.server.snapshot.auto.trigger.threshold = 10000 (custom)
2019-09-20 04:49:52,278 [pool-324-thread-1] INFO  server.RaftServerConfigKeys (ConfUtils.java:logGet(43)) - raft.server.retrycache.expirytime = 600000ms (custom)
2019-09-20 04:49:52,278 [pool-324-thread-1] INFO  impl.RaftServerImpl (RaftServerImpl.java:start(180)) - c82e94d7-3693-4569-94b0-cf8ff008d5c0: start group-48691FADB9F7
2019-09-20 04:49:52,278 [pool-324-thread-1] INFO  impl.RaftServerImpl (RaftServerImpl.java:setRole(171)) - c82e94d7-3693-4569-94b0-cf8ff008d5c0:group-48691FADB9F7 changes role from null to FOLLOWER at term 0 for startAsFollower
2019-09-20 04:49:52,278 [pool-324-thread-1] INFO  impl.RoleInfo (RoleInfo.java:updateAndGet(143)) - c82e94d7-3693-4569-94b0-cf8ff008d5c0: start FollowerState
2019-09-20 04:49:52,279 [pool-324-thread-1] INFO  util.JmxRegister (JmxRegister.java:tryRegister(44)) - Successfully registered JMX Bean with object name Ratis:service=RaftServer,group=group-48691FADB9F7,id=c82e94d7-3693-4569-94b0-cf8ff008d5c0
2019-09-20 04:49:52,287 [RatisPipelineUtilsThread] INFO  pipeline.PipelineStateManager (PipelineStateManager.java:addPipeline(56)) - Created pipeline Pipeline[ Id: 251b0abc-0e56-4233-b327-48691fadb9f7, Nodes: c82e94d7-3693-4569-94b0-cf8ff008d5c0{ip: 192.168.36.79, host: pr-hdds-1569-s8kj2-2266485376, networkLocation: /default-rack, certSerialId: null}, Type:RATIS, Factor:ONE, State:OPEN]
2019-09-20 04:49:52,287 [RatisPipelineUtilsThread] INFO  pipeline.PipelinePlacementPolicy (PipelinePlacementPolicy.java:meetCriteria(91)) - Pipeline Placement: Doesn't meet the criteria to be viable node： 37fe2768-1af7-42e7-8542-10b932802b02 Heaviness: 6 limit: 5
2019-09-20 04:49:52,292 [grpc-default-executor-1] INFO  impl.RaftServerProxy (RaftServerProxy.java:addNew(89)) - c82e94d7-3693-4569-94b0-cf8ff008d5c0: addNew group-52B82D481A72:[c82e94d7-3693-4569-94b0-cf8ff008d5c0:192.168.36.79:33912] returns group-52B82D481A72:java.util.concurrent.CompletableFuture@53671f17[Not completed]
2019-09-20 04:49:52,293 [pool-324-thread-1] INFO  impl.RaftServerImpl (RaftServerImpl.java:<init>(93)) - c82e94d7-3693-4569-94b0-cf8ff008d5c0: new RaftServerImpl for group-52B82D481A72:[c82e94d7-3693-4569-94b0-cf8ff008d5c0:192.168.36.79:33912] with ContainerStateMachine:uninitialized
2019-09-20 04:49:52,293 [pool-324-thread-1] INFO  server.RaftServerConfigKeys (ConfUtils.java:logGet(43)) - raft.server.rpc.timeout.min = 5s (custom)
2019-09-20 04:49:52,293 [pool-324-thread-1] INFO  server.RaftServerConfigKeys (ConfUtils.java:logGet(43)) - raft.server.rpc.timeout.max = 5200ms (custom)
2019-09-20 04:49:52,293 [pool-324-thread-1] INFO  server.RaftServerConfigKeys (ConfUtils.java:logGet(43)) - raft.server.rpcslowness.timeout = 120s (custom)
2019-09-20 04:49:52,293 [pool-324-thread-1] INFO  server.RaftServerConfigKeys (ConfUtils.java:logGet(43)) - raft.server.sleep.deviation.threshold = 300 (default)
2019-09-20 04:49:52,293 [pool-324-thread-1] INFO  server.RaftServerConfigKeys (ConfUtils.java:logGet(43)) - raft.server.log.appender.install.snapshot.enabled = false (custom)
2019-09-20 04:49:52,293 [pool-324-thread-1] INFO  impl.RaftServerImpl (ServerState.java:<init>(105)) - c82e94d7-3693-4569-94b0-cf8ff008d5c0:group-52B82D481A72 ConfigurationManager, init=-1: [c82e94d7-3693-4569-94b0-cf8ff008d5c0:192.168.36.79:33912], old=null, confs=<EMPTY_MAP>
2019-09-20 04:49:52,293 [pool-324-thread-1] INFO  server.RaftServerConfigKeys (ConfUtils.java:logGet(43)) - raft.server.storage.dir = [/workdir/hadoop-ozone/integration-test/target/test-dir/MiniOzoneClusterImpl-3cdd9aee-ba37-4d0d-8930-872cb3194007/datanode-1/data/ratis] (custom)
2019-09-20 04:49:52,294 [pool-324-thread-1] INFO  storage.RaftStorageDirectory (RaftStorageDirectory.java:analyzeStorage(246)) - The storage directory /workdir/hadoop-ozone/integration-test/target/test-dir/MiniOzoneClusterImpl-3cdd9aee-ba37-4d0d-8930-872cb3194007/datanode-1/data/ratis/9d0370d5-a177-4e73-8b70-52b82d481a72 does not exist. Creating ...
2019-09-20 04:49:52,318 [pool-324-thread-1] INFO  storage.RaftStorageDirectory (RaftStorageDirectory.java:tryLock(328)) - Lock on /workdir/hadoop-ozone/integration-test/target/test-dir/MiniOzoneClusterImpl-3cdd9aee-ba37-4d0d-8930-872cb3194007/datanode-1/data/ratis/9d0370d5-a177-4e73-8b70-52b82d481a72/in_use.lock acquired by nodename 9457@pr-hdds-1569-s8kj2-2266485376
2019-09-20 04:49:52,335 [pool-324-thread-1] INFO  storage.RaftStorage (RaftStorage.java:format(72)) - Storage directory /workdir/hadoop-ozone/integration-test/target/test-dir/MiniOzoneClusterImpl-3cdd9aee-ba37-4d0d-8930-872cb3194007/datanode-1/data/ratis/9d0370d5-a177-4e73-8b70-52b82d481a72 has been successfully formatted.
2019-09-20 04:49:52,335 [pool-324-thread-1] INFO  ratis.ContainerStateMachine (ContainerStateMachine.java:loadSnapshot(226)) - group-52B82D481A72: The snapshot info is null. Setting the last applied indexto:(t:0, i:~)
2019-09-20 04:49:52,335 [pool-324-thread-1] INFO  server.RaftServerConfigKeys (ConfUtils.java:logGet(43)) - raft.server.leader.election.timeout = 120s (custom)
2019-09-20 04:49:52,335 [pool-324-thread-1] INFO  server.RaftServerConfigKeys (ConfUtils.java:logGet(43)) - raft.server.log.use.memory = false (default)
2019-09-20 04:49:52,335 [pool-324-thread-1] INFO  server.RaftServerConfigKeys (ConfUtils.java:logGet(43)) - raft.server.log.purge.gap = 1000000 (custom)
2019-09-20 04:49:52,335 [pool-324-thread-1] INFO  server.RaftServerConfigKeys (ConfUtils.java:logGet(43)) - raft.server.log.appender.buffer.byte-limit = 33554432 (custom)
2019-09-20 04:49:52,336 [pool-324-thread-1] INFO  server.RaftServerConfigKeys (ConfUtils.java:logGet(43)) - raft.server.log.segment.size.max = 1048576 (custom)
2019-09-20 04:49:52,336 [pool-324-thread-1] INFO  server.RaftServerConfigKeys (ConfUtils.java:logGet(43)) - raft.server.log.segment.cache.num.max = 2 (custom)
2019-09-20 04:49:52,336 [pool-324-thread-1] INFO  segmented.SegmentedRaftLogWorker (SegmentedRaftLogWorker.java:<init>(172)) - new c82e94d7-3693-4569-94b0-cf8ff008d5c0-SegmentedRaftLogWorker:Storage Directory /workdir/hadoop-ozone/integration-test/target/test-dir/MiniOzoneClusterImpl-3cdd9aee-ba37-4d0d-8930-872cb3194007/datanode-1/data/ratis/9d0370d5-a177-4e73-8b70-52b82d481a72 for RaftStorage:Storage Directory /workdir/hadoop-ozone/integration-test/target/test-dir/MiniOzoneClusterImpl-3cdd9aee-ba37-4d0d-8930-872cb3194007/datanode-1/data/ratis/9d0370d5-a177-4e73-8b70-52b82d481a72
2019-09-20 04:49:52,336 [pool-324-thread-1] INFO  server.RaftServerConfigKeys (ConfUtils.java:logGet(43)) - raft.server.log.queue.byte-limit = 2147483647 (custom)
2019-09-20 04:49:52,336 [pool-324-thread-1] INFO  server.RaftServerConfigKeys (ConfUtils.java:logGet(43)) - raft.server.log.queue.element-limit = 1024 (custom)
2019-09-20 04:49:52,336 [pool-324-thread-1] INFO  server.RaftServerConfigKeys (ConfUtils.java:logGet(43)) - raft.server.log.segment.size.max = 1048576 (custom)
2019-09-20 04:49:52,336 [pool-324-thread-1] INFO  server.RaftServerConfigKeys (ConfUtils.java:logGet(43)) - raft.server.log.preallocated.size = 16384 (custom)
2019-09-20 04:49:52,336 [pool-324-thread-1] INFO  server.RaftServerConfigKeys (ConfUtils.java:logGet(43)) - raft.server.log.write.buffer.size = 33554432 (custom)
2019-09-20 04:49:52,336 [pool-324-thread-1] INFO  server.RaftServerConfigKeys (ConfUtils.java:logGet(43)) - raft.server.log.force.sync.num = 128 (default)
2019-09-20 04:49:52,336 [pool-324-thread-1] INFO  server.RaftServerConfigKeys (ConfUtils.java:logGet(43)) - raft.server.log.statemachine.data.sync = true (default)
2019-09-20 04:49:52,336 [pool-324-thread-1] INFO  server.RaftServerConfigKeys (ConfUtils.java:logGet(43)) - raft.server.log.statemachine.data.sync.timeout = 10s (default)
2019-09-20 04:49:52,337 [pool-324-thread-1] INFO  server.RaftServerConfigKeys (ConfUtils.java:logGet(43)) - raft.server.log.statemachine.data.sync.timeout.retry = -1 (default)
2019-09-20 04:49:52,337 [pool-324-thread-1] INFO  server.RaftServerConfigKeys (ConfUtils.java:logGet(43)) - raft.server.log.statemachine.data.caching.enabled = true (custom)
2019-09-20 04:49:52,337 [pool-324-thread-1] INFO  segmented.SegmentedRaftLogWorker (SegmentedRaftLogWorker.java:lambda$new$0(132)) - c82e94d7-3693-4569-94b0-cf8ff008d5c0-SegmentedRaftLogWorker:Storage Directory /workdir/hadoop-ozone/integration-test/target/test-dir/MiniOzoneClusterImpl-3cdd9aee-ba37-4d0d-8930-872cb3194007/datanode-1/data/ratis/9d0370d5-a177-4e73-8b70-52b82d481a72: flushIndex: setUnconditionally 0 -> -1
2019-09-20 04:49:52,337 [pool-324-thread-1] INFO  server.RaftServerConfigKeys (ConfUtils.java:logGet(43)) - raft.server.snapshot.auto.trigger.enabled = true (custom)
2019-09-20 04:49:52,337 [pool-324-thread-1] INFO  server.RaftServerConfigKeys (ConfUtils.java:logGet(43)) - raft.server.snapshot.auto.trigger.threshold = 10000 (custom)
2019-09-20 04:49:52,337 [pool-324-thread-1] INFO  server.RaftServerConfigKeys (ConfUtils.java:logGet(43)) - raft.server.retrycache.expirytime = 600000ms (custom)
2019-09-20 04:49:52,337 [pool-324-thread-1] INFO  impl.RaftServerImpl (RaftServerImpl.java:start(180)) - c82e94d7-3693-4569-94b0-cf8ff008d5c0: start group-52B82D481A72
2019-09-20 04:49:52,337 [pool-324-thread-1] INFO  impl.RaftServerImpl (RaftServerImpl.java:setRole(171)) - c82e94d7-3693-4569-94b0-cf8ff008d5c0:group-52B82D481A72 changes role from null to FOLLOWER at term 0 for startAsFollower
2019-09-20 04:49:52,338 [pool-324-thread-1] INFO  impl.RoleInfo (RoleInfo.java:updateAndGet(143)) - c82e94d7-3693-4569-94b0-cf8ff008d5c0: start FollowerState
2019-09-20 04:49:52,338 [pool-324-thread-1] INFO  util.JmxRegister (JmxRegister.java:tryRegister(44)) - Successfully registered JMX Bean with object name Ratis:service=RaftServer,group=group-52B82D481A72,id=c82e94d7-3693-4569-94b0-cf8ff008d5c0
2019-09-20 04:49:52,340 [RatisPipelineUtilsThread] INFO  pipeline.PipelineStateManager (PipelineStateManager.java:addPipeline(56)) - Created pipeline Pipeline[ Id: 9d0370d5-a177-4e73-8b70-52b82d481a72, Nodes: c82e94d7-3693-4569-94b0-cf8ff008d5c0{ip: 192.168.36.79, host: pr-hdds-1569-s8kj2-2266485376, networkLocation: /default-rack, certSerialId: null}, Type:RATIS, Factor:ONE, State:OPEN]
2019-09-20 04:49:52,340 [RatisPipelineUtilsThread] INFO  pipeline.PipelinePlacementPolicy (PipelinePlacementPolicy.java:meetCriteria(91)) - Pipeline Placement: Doesn't meet the criteria to be viable node： 37fe2768-1af7-42e7-8542-10b932802b02 Heaviness: 6 limit: 5
2019-09-20 04:49:52,345 [grpc-default-executor-1] INFO  impl.RaftServerProxy (RaftServerProxy.java:addNew(89)) - c82e94d7-3693-4569-94b0-cf8ff008d5c0: addNew group-BB2F655D5E0E:[c82e94d7-3693-4569-94b0-cf8ff008d5c0:192.168.36.79:33912] returns group-BB2F655D5E0E:java.util.concurrent.CompletableFuture@5aa479c5[Not completed]
2019-09-20 04:49:52,345 [pool-324-thread-1] INFO  impl.RaftServerImpl (RaftServerImpl.java:<init>(93)) - c82e94d7-3693-4569-94b0-cf8ff008d5c0: new RaftServerImpl for group-BB2F655D5E0E:[c82e94d7-3693-4569-94b0-cf8ff008d5c0:192.168.36.79:33912] with ContainerStateMachine:uninitialized
2019-09-20 04:49:52,345 [pool-324-thread-1] INFO  server.RaftServerConfigKeys (ConfUtils.java:logGet(43)) - raft.server.rpc.timeout.min = 5s (custom)
2019-09-20 04:49:52,345 [pool-324-thread-1] INFO  server.RaftServerConfigKeys (ConfUtils.java:logGet(43)) - raft.server.rpc.timeout.max = 5200ms (custom)
2019-09-20 04:49:52,345 [pool-324-thread-1] INFO  server.RaftServerConfigKeys (ConfUtils.java:logGet(43)) - raft.server.rpcslowness.timeout = 120s (custom)
2019-09-20 04:49:52,346 [pool-324-thread-1] INFO  server.RaftServerConfigKeys (ConfUtils.java:logGet(43)) - raft.server.sleep.deviation.threshold = 300 (default)
2019-09-20 04:49:52,346 [pool-324-thread-1] INFO  server.RaftServerConfigKeys (ConfUtils.java:logGet(43)) - raft.server.log.appender.install.snapshot.enabled = false (custom)
2019-09-20 04:49:52,346 [pool-324-thread-1] INFO  impl.RaftServerImpl (ServerState.java:<init>(105)) - c82e94d7-3693-4569-94b0-cf8ff008d5c0:group-BB2F655D5E0E ConfigurationManager, init=-1: [c82e94d7-3693-4569-94b0-cf8ff008d5c0:192.168.36.79:33912], old=null, confs=<EMPTY_MAP>
2019-09-20 04:49:52,346 [pool-324-thread-1] INFO  server.RaftServerConfigKeys (ConfUtils.java:logGet(43)) - raft.server.storage.dir = [/workdir/hadoop-ozone/integration-test/target/test-dir/MiniOzoneClusterImpl-3cdd9aee-ba37-4d0d-8930-872cb3194007/datanode-1/data/ratis] (custom)
2019-09-20 04:49:52,346 [pool-324-thread-1] INFO  storage.RaftStorageDirectory (RaftStorageDirectory.java:analyzeStorage(246)) - The storage directory /workdir/hadoop-ozone/integration-test/target/test-dir/MiniOzoneClusterImpl-3cdd9aee-ba37-4d0d-8930-872cb3194007/datanode-1/data/ratis/33784118-5b61-4d6e-bbc4-bb2f655d5e0e does not exist. Creating ...
2019-09-20 04:49:52,369 [pool-324-thread-1] INFO  storage.RaftStorageDirectory (RaftStorageDirectory.java:tryLock(328)) - Lock on /workdir/hadoop-ozone/integration-test/target/test-dir/MiniOzoneClusterImpl-3cdd9aee-ba37-4d0d-8930-872cb3194007/datanode-1/data/ratis/33784118-5b61-4d6e-bbc4-bb2f655d5e0e/in_use.lock acquired by nodename 9457@pr-hdds-1569-s8kj2-2266485376
2019-09-20 04:49:52,386 [pool-324-thread-1] INFO  storage.RaftStorage (RaftStorage.java:format(72)) - Storage directory /workdir/hadoop-ozone/integration-test/target/test-dir/MiniOzoneClusterImpl-3cdd9aee-ba37-4d0d-8930-872cb3194007/datanode-1/data/ratis/33784118-5b61-4d6e-bbc4-bb2f655d5e0e has been successfully formatted.
2019-09-20 04:49:52,386 [pool-324-thread-1] INFO  ratis.ContainerStateMachine (ContainerStateMachine.java:loadSnapshot(226)) - group-BB2F655D5E0E: The snapshot info is null. Setting the last applied indexto:(t:0, i:~)
2019-09-20 04:49:52,386 [pool-324-thread-1] INFO  server.RaftServerConfigKeys (ConfUtils.java:logGet(43)) - raft.server.leader.election.timeout = 120s (custom)
2019-09-20 04:49:52,386 [pool-324-thread-1] INFO  server.RaftServerConfigKeys (ConfUtils.java:logGet(43)) - raft.server.log.use.memory = false (default)
2019-09-20 04:49:52,386 [pool-324-thread-1] INFO  server.RaftServerConfigKeys (ConfUtils.java:logGet(43)) - raft.server.log.purge.gap = 1000000 (custom)
2019-09-20 04:49:52,386 [pool-324-thread-1] INFO  server.RaftServerConfigKeys (ConfUtils.java:logGet(43)) - raft.server.log.appender.buffer.byte-limit = 33554432 (custom)
2019-09-20 04:49:52,386 [pool-324-thread-1] INFO  server.RaftServerConfigKeys (ConfUtils.java:logGet(43)) - raft.server.log.segment.size.max = 1048576 (custom)
2019-09-20 04:49:52,386 [pool-324-thread-1] INFO  server.RaftServerConfigKeys (ConfUtils.java:logGet(43)) - raft.server.log.segment.cache.num.max = 2 (custom)
2019-09-20 04:49:52,387 [pool-324-thread-1] INFO  segmented.SegmentedRaftLogWorker (SegmentedRaftLogWorker.java:<init>(172)) - new c82e94d7-3693-4569-94b0-cf8ff008d5c0-SegmentedRaftLogWorker:Storage Directory /workdir/hadoop-ozone/integration-test/target/test-dir/MiniOzoneClusterImpl-3cdd9aee-ba37-4d0d-8930-872cb3194007/datanode-1/data/ratis/33784118-5b61-4d6e-bbc4-bb2f655d5e0e for RaftStorage:Storage Directory /workdir/hadoop-ozone/integration-test/target/test-dir/MiniOzoneClusterImpl-3cdd9aee-ba37-4d0d-8930-872cb3194007/datanode-1/data/ratis/33784118-5b61-4d6e-bbc4-bb2f655d5e0e
2019-09-20 04:49:52,387 [pool-324-thread-1] INFO  server.RaftServerConfigKeys (ConfUtils.java:logGet(43)) - raft.server.log.queue.byte-limit = 2147483647 (custom)
2019-09-20 04:49:52,387 [pool-324-thread-1] INFO  server.RaftServerConfigKeys (ConfUtils.java:logGet(43)) - raft.server.log.queue.element-limit = 1024 (custom)
2019-09-20 04:49:52,387 [pool-324-thread-1] INFO  server.RaftServerConfigKeys (ConfUtils.java:logGet(43)) - raft.server.log.segment.size.max = 1048576 (custom)
2019-09-20 04:49:52,387 [pool-324-thread-1] INFO  server.RaftServerConfigKeys (ConfUtils.java:logGet(43)) - raft.server.log.preallocated.size = 16384 (custom)
2019-09-20 04:49:52,387 [pool-324-thread-1] INFO  server.RaftServerConfigKeys (ConfUtils.java:logGet(43)) - raft.server.log.write.buffer.size = 33554432 (custom)
2019-09-20 04:49:52,387 [pool-324-thread-1] INFO  server.RaftServerConfigKeys (ConfUtils.java:logGet(43)) - raft.server.log.force.sync.num = 128 (default)
2019-09-20 04:49:52,387 [pool-324-thread-1] INFO  server.RaftServerConfigKeys (ConfUtils.java:logGet(43)) - raft.server.log.statemachine.data.sync = true (default)
2019-09-20 04:49:52,387 [pool-324-thread-1] INFO  server.RaftServerConfigKeys (ConfUtils.java:logGet(43)) - raft.server.log.statemachine.data.sync.timeout = 10s (default)
2019-09-20 04:49:52,387 [pool-324-thread-1] INFO  server.RaftServerConfigKeys (ConfUtils.java:logGet(43)) - raft.server.log.statemachine.data.sync.timeout.retry = -1 (default)
2019-09-20 04:49:52,388 [pool-324-thread-1] INFO  server.RaftServerConfigKeys (ConfUtils.java:logGet(43)) - raft.server.log.statemachine.data.caching.enabled = true (custom)
2019-09-20 04:49:52,388 [pool-324-thread-1] INFO  segmented.SegmentedRaftLogWorker (SegmentedRaftLogWorker.java:lambda$new$0(132)) - c82e94d7-3693-4569-94b0-cf8ff008d5c0-SegmentedRaftLogWorker:Storage Directory /workdir/hadoop-ozone/integration-test/target/test-dir/MiniOzoneClusterImpl-3cdd9aee-ba37-4d0d-8930-872cb3194007/datanode-1/data/ratis/33784118-5b61-4d6e-bbc4-bb2f655d5e0e: flushIndex: setUnconditionally 0 -> -1
2019-09-20 04:49:52,388 [pool-324-thread-1] INFO  server.RaftServerConfigKeys (ConfUtils.java:logGet(43)) - raft.server.snapshot.auto.trigger.enabled = true (custom)
2019-09-20 04:49:52,388 [pool-324-thread-1] INFO  server.RaftServerConfigKeys (ConfUtils.java:logGet(43)) - raft.server.snapshot.auto.trigger.threshold = 10000 (custom)
2019-09-20 04:49:52,388 [pool-324-thread-1] INFO  server.RaftServerConfigKeys (ConfUtils.java:logGet(43)) - raft.server.retrycache.expirytime = 600000ms (custom)
2019-09-20 04:49:52,388 [pool-324-thread-1] INFO  impl.RaftServerImpl (RaftServerImpl.java:start(180)) - c82e94d7-3693-4569-94b0-cf8ff008d5c0: start group-BB2F655D5E0E
2019-09-20 04:49:52,388 [pool-324-thread-1] INFO  impl.RaftServerImpl (RaftServerImpl.java:setRole(171)) - c82e94d7-3693-4569-94b0-cf8ff008d5c0:group-BB2F655D5E0E changes role from null to FOLLOWER at term 0 for startAsFollower
2019-09-20 04:49:52,388 [pool-324-thread-1] INFO  impl.RoleInfo (RoleInfo.java:updateAndGet(143)) - c82e94d7-3693-4569-94b0-cf8ff008d5c0: start FollowerState
2019-09-20 04:49:52,389 [pool-324-thread-1] INFO  util.JmxRegister (JmxRegister.java:tryRegister(44)) - Successfully registered JMX Bean with object name Ratis:service=RaftServer,group=group-BB2F655D5E0E,id=c82e94d7-3693-4569-94b0-cf8ff008d5c0
2019-09-20 04:49:52,391 [RatisPipelineUtilsThread] INFO  pipeline.PipelineStateManager (PipelineStateManager.java:addPipeline(56)) - Created pipeline Pipeline[ Id: 33784118-5b61-4d6e-bbc4-bb2f655d5e0e, Nodes: c82e94d7-3693-4569-94b0-cf8ff008d5c0{ip: 192.168.36.79, host: pr-hdds-1569-s8kj2-2266485376, networkLocation: /default-rack, certSerialId: null}, Type:RATIS, Factor:ONE, State:OPEN]
2019-09-20 04:49:52,391 [RatisPipelineUtilsThread] INFO  pipeline.PipelinePlacementPolicy (PipelinePlacementPolicy.java:meetCriteria(91)) - Pipeline Placement: Doesn't meet the criteria to be viable node： 37fe2768-1af7-42e7-8542-10b932802b02 Heaviness: 6 limit: 5
2019-09-20 04:49:52,395 [grpc-default-executor-1] INFO  impl.RaftServerProxy (RaftServerProxy.java:addNew(89)) - c82e94d7-3693-4569-94b0-cf8ff008d5c0: addNew group-5BEB7696209F:[c82e94d7-3693-4569-94b0-cf8ff008d5c0:192.168.36.79:33912] returns group-5BEB7696209F:java.util.concurrent.CompletableFuture@1132eff1[Not completed]
2019-09-20 04:49:52,396 [pool-324-thread-1] INFO  impl.RaftServerImpl (RaftServerImpl.java:<init>(93)) - c82e94d7-3693-4569-94b0-cf8ff008d5c0: new RaftServerImpl for group-5BEB7696209F:[c82e94d7-3693-4569-94b0-cf8ff008d5c0:192.168.36.79:33912] with ContainerStateMachine:uninitialized
2019-09-20 04:49:52,396 [pool-324-thread-1] INFO  server.RaftServerConfigKeys (ConfUtils.java:logGet(43)) - raft.server.rpc.timeout.min = 5s (custom)
2019-09-20 04:49:52,396 [pool-324-thread-1] INFO  server.RaftServerConfigKeys (ConfUtils.java:logGet(43)) - raft.server.rpc.timeout.max = 5200ms (custom)
2019-09-20 04:49:52,396 [pool-324-thread-1] INFO  server.RaftServerConfigKeys (ConfUtils.java:logGet(43)) - raft.server.rpcslowness.timeout = 120s (custom)
2019-09-20 04:49:52,396 [pool-324-thread-1] INFO  server.RaftServerConfigKeys (ConfUtils.java:logGet(43)) - raft.server.sleep.deviation.threshold = 300 (default)
2019-09-20 04:49:52,396 [pool-324-thread-1] INFO  server.RaftServerConfigKeys (ConfUtils.java:logGet(43)) - raft.server.log.appender.install.snapshot.enabled = false (custom)
2019-09-20 04:49:52,396 [pool-324-thread-1] INFO  impl.RaftServerImpl (ServerState.java:<init>(105)) - c82e94d7-3693-4569-94b0-cf8ff008d5c0:group-5BEB7696209F ConfigurationManager, init=-1: [c82e94d7-3693-4569-94b0-cf8ff008d5c0:192.168.36.79:33912], old=null, confs=<EMPTY_MAP>
2019-09-20 04:49:52,396 [pool-324-thread-1] INFO  server.RaftServerConfigKeys (ConfUtils.java:logGet(43)) - raft.server.storage.dir = [/workdir/hadoop-ozone/integration-test/target/test-dir/MiniOzoneClusterImpl-3cdd9aee-ba37-4d0d-8930-872cb3194007/datanode-1/data/ratis] (custom)
2019-09-20 04:49:52,397 [pool-324-thread-1] INFO  storage.RaftStorageDirectory (RaftStorageDirectory.java:analyzeStorage(246)) - The storage directory /workdir/hadoop-ozone/integration-test/target/test-dir/MiniOzoneClusterImpl-3cdd9aee-ba37-4d0d-8930-872cb3194007/datanode-1/data/ratis/4ddea463-5bea-4040-9335-5beb7696209f does not exist. Creating ...
2019-09-20 04:49:52,436 [pool-324-thread-1] INFO  storage.RaftStorageDirectory (RaftStorageDirectory.java:tryLock(328)) - Lock on /workdir/hadoop-ozone/integration-test/target/test-dir/MiniOzoneClusterImpl-3cdd9aee-ba37-4d0d-8930-872cb3194007/datanode-1/data/ratis/4ddea463-5bea-4040-9335-5beb7696209f/in_use.lock acquired by nodename 9457@pr-hdds-1569-s8kj2-2266485376
2019-09-20 04:49:52,470 [pool-324-thread-1] INFO  storage.RaftStorage (RaftStorage.java:format(72)) - Storage directory /workdir/hadoop-ozone/integration-test/target/test-dir/MiniOzoneClusterImpl-3cdd9aee-ba37-4d0d-8930-872cb3194007/datanode-1/data/ratis/4ddea463-5bea-4040-9335-5beb7696209f has been successfully formatted.
2019-09-20 04:49:52,470 [pool-324-thread-1] INFO  ratis.ContainerStateMachine (ContainerStateMachine.java:loadSnapshot(226)) - group-5BEB7696209F: The snapshot info is null. Setting the last applied indexto:(t:0, i:~)
2019-09-20 04:49:52,470 [pool-324-thread-1] INFO  server.RaftServerConfigKeys (ConfUtils.java:logGet(43)) - raft.server.leader.election.timeout = 120s (custom)
2019-09-20 04:49:52,470 [pool-324-thread-1] INFO  server.RaftServerConfigKeys (ConfUtils.java:logGet(43)) - raft.server.log.use.memory = false (default)
2019-09-20 04:49:52,471 [pool-324-thread-1] INFO  server.RaftServerConfigKeys (ConfUtils.java:logGet(43)) - raft.server.log.purge.gap = 1000000 (custom)
2019-09-20 04:49:52,471 [pool-324-thread-1] INFO  server.RaftServerConfigKeys (ConfUtils.java:logGet(43)) - raft.server.log.appender.buffer.byte-limit = 33554432 (custom)
2019-09-20 04:49:52,471 [pool-324-thread-1] INFO  server.RaftServerConfigKeys (ConfUtils.java:logGet(43)) - raft.server.log.segment.size.max = 1048576 (custom)
2019-09-20 04:49:52,471 [pool-324-thread-1] INFO  server.RaftServerConfigKeys (ConfUtils.java:logGet(43)) - raft.server.log.segment.cache.num.max = 2 (custom)
2019-09-20 04:49:52,471 [pool-324-thread-1] INFO  segmented.SegmentedRaftLogWorker (SegmentedRaftLogWorker.java:<init>(172)) - new c82e94d7-3693-4569-94b0-cf8ff008d5c0-SegmentedRaftLogWorker:Storage Directory /workdir/hadoop-ozone/integration-test/target/test-dir/MiniOzoneClusterImpl-3cdd9aee-ba37-4d0d-8930-872cb3194007/datanode-1/data/ratis/4ddea463-5bea-4040-9335-5beb7696209f for RaftStorage:Storage Directory /workdir/hadoop-ozone/integration-test/target/test-dir/MiniOzoneClusterImpl-3cdd9aee-ba37-4d0d-8930-872cb3194007/datanode-1/data/ratis/4ddea463-5bea-4040-9335-5beb7696209f
2019-09-20 04:49:52,471 [pool-324-thread-1] INFO  server.RaftServerConfigKeys (ConfUtils.java:logGet(43)) - raft.server.log.queue.byte-limit = 2147483647 (custom)
2019-09-20 04:49:52,471 [pool-324-thread-1] INFO  server.RaftServerConfigKeys (ConfUtils.java:logGet(43)) - raft.server.log.queue.element-limit = 1024 (custom)
2019-09-20 04:49:52,472 [pool-324-thread-1] INFO  server.RaftServerConfigKeys (ConfUtils.java:logGet(43)) - raft.server.log.segment.size.max = 1048576 (custom)
2019-09-20 04:49:52,472 [pool-324-thread-1] INFO  server.RaftServerConfigKeys (ConfUtils.java:logGet(43)) - raft.server.log.preallocated.size = 16384 (custom)
2019-09-20 04:49:52,472 [pool-324-thread-1] INFO  server.RaftServerConfigKeys (ConfUtils.java:logGet(43)) - raft.server.log.write.buffer.size = 33554432 (custom)
2019-09-20 04:49:52,472 [pool-324-thread-1] INFO  server.RaftServerConfigKeys (ConfUtils.java:logGet(43)) - raft.server.log.force.sync.num = 128 (default)
2019-09-20 04:49:52,472 [pool-324-thread-1] INFO  server.RaftServerConfigKeys (ConfUtils.java:logGet(43)) - raft.server.log.statemachine.data.sync = true (default)
2019-09-20 04:49:52,472 [pool-324-thread-1] INFO  server.RaftServerConfigKeys (ConfUtils.java:logGet(43)) - raft.server.log.statemachine.data.sync.timeout = 10s (default)
2019-09-20 04:49:52,472 [pool-324-thread-1] INFO  server.RaftServerConfigKeys (ConfUtils.java:logGet(43)) - raft.server.log.statemachine.data.sync.timeout.retry = -1 (default)
2019-09-20 04:49:52,473 [pool-324-thread-1] INFO  server.RaftServerConfigKeys (ConfUtils.java:logGet(43)) - raft.server.log.statemachine.data.caching.enabled = true (custom)
2019-09-20 04:49:52,473 [pool-324-thread-1] INFO  segmented.SegmentedRaftLogWorker (SegmentedRaftLogWorker.java:lambda$new$0(132)) - c82e94d7-3693-4569-94b0-cf8ff008d5c0-SegmentedRaftLogWorker:Storage Directory /workdir/hadoop-ozone/integration-test/target/test-dir/MiniOzoneClusterImpl-3cdd9aee-ba37-4d0d-8930-872cb3194007/datanode-1/data/ratis/4ddea463-5bea-4040-9335-5beb7696209f: flushIndex: setUnconditionally 0 -> -1
2019-09-20 04:49:52,473 [pool-324-thread-1] INFO  server.RaftServerConfigKeys (ConfUtils.java:logGet(43)) - raft.server.snapshot.auto.trigger.enabled = true (custom)
2019-09-20 04:49:52,473 [pool-324-thread-1] INFO  server.RaftServerConfigKeys (ConfUtils.java:logGet(43)) - raft.server.snapshot.auto.trigger.threshold = 10000 (custom)
2019-09-20 04:49:52,473 [pool-324-thread-1] INFO  server.RaftServerConfigKeys (ConfUtils.java:logGet(43)) - raft.server.retrycache.expirytime = 600000ms (custom)
2019-09-20 04:49:52,474 [pool-324-thread-1] INFO  impl.RaftServerImpl (RaftServerImpl.java:start(180)) - c82e94d7-3693-4569-94b0-cf8ff008d5c0: start group-5BEB7696209F
2019-09-20 04:49:52,474 [pool-324-thread-1] INFO  impl.RaftServerImpl (RaftServerImpl.java:setRole(171)) - c82e94d7-3693-4569-94b0-cf8ff008d5c0:group-5BEB7696209F changes role from null to FOLLOWER at term 0 for startAsFollower
2019-09-20 04:49:52,474 [pool-324-thread-1] INFO  impl.RoleInfo (RoleInfo.java:updateAndGet(143)) - c82e94d7-3693-4569-94b0-cf8ff008d5c0: start FollowerState
2019-09-20 04:49:52,474 [pool-324-thread-1] INFO  util.JmxRegister (JmxRegister.java:tryRegister(44)) - Successfully registered JMX Bean with object name Ratis:service=RaftServer,group=group-5BEB7696209F,id=c82e94d7-3693-4569-94b0-cf8ff008d5c0
2019-09-20 04:49:52,477 [RatisPipelineUtilsThread] INFO  pipeline.PipelineStateManager (PipelineStateManager.java:addPipeline(56)) - Created pipeline Pipeline[ Id: 4ddea463-5bea-4040-9335-5beb7696209f, Nodes: c82e94d7-3693-4569-94b0-cf8ff008d5c0{ip: 192.168.36.79, host: pr-hdds-1569-s8kj2-2266485376, networkLocation: /default-rack, certSerialId: null}, Type:RATIS, Factor:ONE, State:OPEN]
2019-09-20 04:49:52,477 [RatisPipelineUtilsThread] INFO  pipeline.PipelinePlacementPolicy (PipelinePlacementPolicy.java:meetCriteria(91)) - Pipeline Placement: Doesn't meet the criteria to be viable node： 37fe2768-1af7-42e7-8542-10b932802b02 Heaviness: 6 limit: 5
2019-09-20 04:49:52,482 [grpc-default-executor-1] INFO  impl.RaftServerProxy (RaftServerProxy.java:addNew(89)) - c82e94d7-3693-4569-94b0-cf8ff008d5c0: addNew group-7649C9CAF23A:[c82e94d7-3693-4569-94b0-cf8ff008d5c0:192.168.36.79:33912] returns group-7649C9CAF23A:java.util.concurrent.CompletableFuture@12608454[Not completed]
2019-09-20 04:49:52,483 [pool-324-thread-1] INFO  impl.RaftServerImpl (RaftServerImpl.java:<init>(93)) - c82e94d7-3693-4569-94b0-cf8ff008d5c0: new RaftServerImpl for group-7649C9CAF23A:[c82e94d7-3693-4569-94b0-cf8ff008d5c0:192.168.36.79:33912] with ContainerStateMachine:uninitialized
2019-09-20 04:49:52,483 [pool-324-thread-1] INFO  server.RaftServerConfigKeys (ConfUtils.java:logGet(43)) - raft.server.rpc.timeout.min = 5s (custom)
2019-09-20 04:49:52,483 [pool-324-thread-1] INFO  server.RaftServerConfigKeys (ConfUtils.java:logGet(43)) - raft.server.rpc.timeout.max = 5200ms (custom)
2019-09-20 04:49:52,483 [pool-324-thread-1] INFO  server.RaftServerConfigKeys (ConfUtils.java:logGet(43)) - raft.server.rpcslowness.timeout = 120s (custom)
2019-09-20 04:49:52,483 [pool-324-thread-1] INFO  server.RaftServerConfigKeys (ConfUtils.java:logGet(43)) - raft.server.sleep.deviation.threshold = 300 (default)
2019-09-20 04:49:52,483 [pool-324-thread-1] INFO  server.RaftServerConfigKeys (ConfUtils.java:logGet(43)) - raft.server.log.appender.install.snapshot.enabled = false (custom)
2019-09-20 04:49:52,484 [pool-324-thread-1] INFO  impl.RaftServerImpl (ServerState.java:<init>(105)) - c82e94d7-3693-4569-94b0-cf8ff008d5c0:group-7649C9CAF23A ConfigurationManager, init=-1: [c82e94d7-3693-4569-94b0-cf8ff008d5c0:192.168.36.79:33912], old=null, confs=<EMPTY_MAP>
2019-09-20 04:49:52,484 [pool-324-thread-1] INFO  server.RaftServerConfigKeys (ConfUtils.java:logGet(43)) - raft.server.storage.dir = [/workdir/hadoop-ozone/integration-test/target/test-dir/MiniOzoneClusterImpl-3cdd9aee-ba37-4d0d-8930-872cb3194007/datanode-1/data/ratis] (custom)
2019-09-20 04:49:52,484 [pool-324-thread-1] INFO  storage.RaftStorageDirectory (RaftStorageDirectory.java:analyzeStorage(246)) - The storage directory /workdir/hadoop-ozone/integration-test/target/test-dir/MiniOzoneClusterImpl-3cdd9aee-ba37-4d0d-8930-872cb3194007/datanode-1/data/ratis/0b8f0efb-fe15-46bd-b6c8-7649c9caf23a does not exist. Creating ...
2019-09-20 04:49:52,497 [IPC Server handler 0 on 42399] INFO  net.NetworkTopology (NetworkTopologyImpl.java:add(110)) - Added a new node: /default-rack/1b138595-92e4-4592-9dfc-2bb97fb4c88b
2019-09-20 04:49:52,497 [IPC Server handler 0 on 42399] INFO  node.SCMNodeManager (SCMNodeManager.java:register(273)) - Registered Data node : 1b138595-92e4-4592-9dfc-2bb97fb4c88b{ip: 192.168.36.79, host: pr-hdds-1569-s8kj2-2266485376, networkLocation: /default-rack, certSerialId: null}
2019-09-20 04:49:52,498 | INFO  | SCMAudit | user=jenkins1000 | ip=192.168.36.79 | op=REGISTER {datanodeDetails=1b138595-92e4-4592-9dfc-2bb97fb4c88b{ip: 192.168.36.79, host: pr-hdds-1569-s8kj2-2266485376, networkLocation: /default-rack, certSerialId: null}} | ret=SUCCESS |  
2019-09-20 04:49:52,503 [pool-324-thread-1] INFO  storage.RaftStorageDirectory (RaftStorageDirectory.java:tryLock(328)) - Lock on /workdir/hadoop-ozone/integration-test/target/test-dir/MiniOzoneClusterImpl-3cdd9aee-ba37-4d0d-8930-872cb3194007/datanode-1/data/ratis/0b8f0efb-fe15-46bd-b6c8-7649c9caf23a/in_use.lock acquired by nodename 9457@pr-hdds-1569-s8kj2-2266485376
2019-09-20 04:49:52,529 [pool-324-thread-1] INFO  storage.RaftStorage (RaftStorage.java:format(72)) - Storage directory /workdir/hadoop-ozone/integration-test/target/test-dir/MiniOzoneClusterImpl-3cdd9aee-ba37-4d0d-8930-872cb3194007/datanode-1/data/ratis/0b8f0efb-fe15-46bd-b6c8-7649c9caf23a has been successfully formatted.
2019-09-20 04:49:52,529 [pool-324-thread-1] INFO  ratis.ContainerStateMachine (ContainerStateMachine.java:loadSnapshot(226)) - group-7649C9CAF23A: The snapshot info is null. Setting the last applied indexto:(t:0, i:~)
2019-09-20 04:49:52,529 [pool-324-thread-1] INFO  server.RaftServerConfigKeys (ConfUtils.java:logGet(43)) - raft.server.leader.election.timeout = 120s (custom)
2019-09-20 04:49:52,529 [pool-324-thread-1] INFO  server.RaftServerConfigKeys (ConfUtils.java:logGet(43)) - raft.server.log.use.memory = false (default)
2019-09-20 04:49:52,529 [pool-324-thread-1] INFO  server.RaftServerConfigKeys (ConfUtils.java:logGet(43)) - raft.server.log.purge.gap = 1000000 (custom)
2019-09-20 04:49:52,530 [pool-324-thread-1] INFO  server.RaftServerConfigKeys (ConfUtils.java:logGet(43)) - raft.server.log.appender.buffer.byte-limit = 33554432 (custom)
2019-09-20 04:49:52,530 [pool-324-thread-1] INFO  server.RaftServerConfigKeys (ConfUtils.java:logGet(43)) - raft.server.log.segment.size.max = 1048576 (custom)
2019-09-20 04:49:52,530 [pool-324-thread-1] INFO  server.RaftServerConfigKeys (ConfUtils.java:logGet(43)) - raft.server.log.segment.cache.num.max = 2 (custom)
2019-09-20 04:49:52,530 [pool-324-thread-1] INFO  segmented.SegmentedRaftLogWorker (SegmentedRaftLogWorker.java:<init>(172)) - new c82e94d7-3693-4569-94b0-cf8ff008d5c0-SegmentedRaftLogWorker:Storage Directory /workdir/hadoop-ozone/integration-test/target/test-dir/MiniOzoneClusterImpl-3cdd9aee-ba37-4d0d-8930-872cb3194007/datanode-1/data/ratis/0b8f0efb-fe15-46bd-b6c8-7649c9caf23a for RaftStorage:Storage Directory /workdir/hadoop-ozone/integration-test/target/test-dir/MiniOzoneClusterImpl-3cdd9aee-ba37-4d0d-8930-872cb3194007/datanode-1/data/ratis/0b8f0efb-fe15-46bd-b6c8-7649c9caf23a
2019-09-20 04:49:52,530 [pool-324-thread-1] INFO  server.RaftServerConfigKeys (ConfUtils.java:logGet(43)) - raft.server.log.queue.byte-limit = 2147483647 (custom)
2019-09-20 04:49:52,530 [pool-324-thread-1] INFO  server.RaftServerConfigKeys (ConfUtils.java:logGet(43)) - raft.server.log.queue.element-limit = 1024 (custom)
2019-09-20 04:49:52,530 [pool-324-thread-1] INFO  server.RaftServerConfigKeys (ConfUtils.java:logGet(43)) - raft.server.log.segment.size.max = 1048576 (custom)
2019-09-20 04:49:52,531 [pool-324-thread-1] INFO  server.RaftServerConfigKeys (ConfUtils.java:logGet(43)) - raft.server.log.preallocated.size = 16384 (custom)
2019-09-20 04:49:52,531 [pool-324-thread-1] INFO  server.RaftServerConfigKeys (ConfUtils.java:logGet(43)) - raft.server.log.write.buffer.size = 33554432 (custom)
2019-09-20 04:49:52,531 [pool-324-thread-1] INFO  server.RaftServerConfigKeys (ConfUtils.java:logGet(43)) - raft.server.log.force.sync.num = 128 (default)
2019-09-20 04:49:52,531 [pool-324-thread-1] INFO  server.RaftServerConfigKeys (ConfUtils.java:logGet(43)) - raft.server.log.statemachine.data.sync = true (default)
2019-09-20 04:49:52,531 [pool-324-thread-1] INFO  server.RaftServerConfigKeys (ConfUtils.java:logGet(43)) - raft.server.log.statemachine.data.sync.timeout = 10s (default)
2019-09-20 04:49:52,531 [pool-324-thread-1] INFO  server.RaftServerConfigKeys (ConfUtils.java:logGet(43)) - raft.server.log.statemachine.data.sync.timeout.retry = -1 (default)
2019-09-20 04:49:52,531 [pool-324-thread-1] INFO  server.RaftServerConfigKeys (ConfUtils.java:logGet(43)) - raft.server.log.statemachine.data.caching.enabled = true (custom)
2019-09-20 04:49:52,532 [pool-324-thread-1] INFO  segmented.SegmentedRaftLogWorker (SegmentedRaftLogWorker.java:lambda$new$0(132)) - c82e94d7-3693-4569-94b0-cf8ff008d5c0-SegmentedRaftLogWorker:Storage Directory /workdir/hadoop-ozone/integration-test/target/test-dir/MiniOzoneClusterImpl-3cdd9aee-ba37-4d0d-8930-872cb3194007/datanode-1/data/ratis/0b8f0efb-fe15-46bd-b6c8-7649c9caf23a: flushIndex: setUnconditionally 0 -> -1
2019-09-20 04:49:52,532 [pool-324-thread-1] INFO  server.RaftServerConfigKeys (ConfUtils.java:logGet(43)) - raft.server.snapshot.auto.trigger.enabled = true (custom)
2019-09-20 04:49:52,532 [pool-324-thread-1] INFO  server.RaftServerConfigKeys (ConfUtils.java:logGet(43)) - raft.server.snapshot.auto.trigger.threshold = 10000 (custom)
2019-09-20 04:49:52,532 [pool-324-thread-1] INFO  server.RaftServerConfigKeys (ConfUtils.java:logGet(43)) - raft.server.retrycache.expirytime = 600000ms (custom)
2019-09-20 04:49:52,532 [pool-324-thread-1] INFO  impl.RaftServerImpl (RaftServerImpl.java:start(180)) - c82e94d7-3693-4569-94b0-cf8ff008d5c0: start group-7649C9CAF23A
2019-09-20 04:49:52,532 [pool-324-thread-1] INFO  impl.RaftServerImpl (RaftServerImpl.java:setRole(171)) - c82e94d7-3693-4569-94b0-cf8ff008d5c0:group-7649C9CAF23A changes role from null to FOLLOWER at term 0 for startAsFollower
2019-09-20 04:49:52,533 [pool-324-thread-1] INFO  impl.RoleInfo (RoleInfo.java:updateAndGet(143)) - c82e94d7-3693-4569-94b0-cf8ff008d5c0: start FollowerState
2019-09-20 04:49:52,533 [pool-324-thread-1] INFO  util.JmxRegister (JmxRegister.java:tryRegister(44)) - Successfully registered JMX Bean with object name Ratis:service=RaftServer,group=group-7649C9CAF23A,id=c82e94d7-3693-4569-94b0-cf8ff008d5c0
2019-09-20 04:49:52,535 [RatisPipelineUtilsThread] INFO  pipeline.PipelineStateManager (PipelineStateManager.java:addPipeline(56)) - Created pipeline Pipeline[ Id: 0b8f0efb-fe15-46bd-b6c8-7649c9caf23a, Nodes: c82e94d7-3693-4569-94b0-cf8ff008d5c0{ip: 192.168.36.79, host: pr-hdds-1569-s8kj2-2266485376, networkLocation: /default-rack, certSerialId: null}, Type:RATIS, Factor:ONE, State:OPEN]
2019-09-20 04:49:52,536 [RatisPipelineUtilsThread] INFO  pipeline.PipelinePlacementPolicy (PipelinePlacementPolicy.java:meetCriteria(91)) - Pipeline Placement: Doesn't meet the criteria to be viable node： c82e94d7-3693-4569-94b0-cf8ff008d5c0 Heaviness: 6 limit: 5
2019-09-20 04:49:52,536 [RatisPipelineUtilsThread] INFO  pipeline.PipelinePlacementPolicy (PipelinePlacementPolicy.java:meetCriteria(91)) - Pipeline Placement: Doesn't meet the criteria to be viable node： 37fe2768-1af7-42e7-8542-10b932802b02 Heaviness: 6 limit: 5
2019-09-20 04:49:52,551 [grpc-default-executor-1] INFO  impl.RaftServerProxy (RaftServerProxy.java:addNew(89)) - 1b138595-92e4-4592-9dfc-2bb97fb4c88b: addNew group-21D88F873970:[1b138595-92e4-4592-9dfc-2bb97fb4c88b:192.168.36.79:46597] returns group-21D88F873970:java.util.concurrent.CompletableFuture@2ef19eb2[Not completed]
2019-09-20 04:49:52,553 [pool-335-thread-1] INFO  impl.RaftServerImpl (RaftServerImpl.java:<init>(93)) - 1b138595-92e4-4592-9dfc-2bb97fb4c88b: new RaftServerImpl for group-21D88F873970:[1b138595-92e4-4592-9dfc-2bb97fb4c88b:192.168.36.79:46597] with ContainerStateMachine:uninitialized
2019-09-20 04:49:52,553 [pool-335-thread-1] INFO  server.RaftServerConfigKeys (ConfUtils.java:logGet(43)) - raft.server.rpc.timeout.min = 5s (custom)
2019-09-20 04:49:52,553 [pool-335-thread-1] INFO  server.RaftServerConfigKeys (ConfUtils.java:logGet(43)) - raft.server.rpc.timeout.max = 5200ms (custom)
2019-09-20 04:49:52,553 [pool-335-thread-1] INFO  server.RaftServerConfigKeys (ConfUtils.java:logGet(43)) - raft.server.rpcslowness.timeout = 120s (custom)
2019-09-20 04:49:52,553 [pool-335-thread-1] INFO  server.RaftServerConfigKeys (ConfUtils.java:logGet(43)) - raft.server.sleep.deviation.threshold = 300 (default)
2019-09-20 04:49:52,553 [pool-335-thread-1] INFO  server.RaftServerConfigKeys (ConfUtils.java:logGet(43)) - raft.server.log.appender.install.snapshot.enabled = false (custom)
2019-09-20 04:49:52,554 [pool-335-thread-1] INFO  impl.RaftServerImpl (ServerState.java:<init>(105)) - 1b138595-92e4-4592-9dfc-2bb97fb4c88b:group-21D88F873970 ConfigurationManager, init=-1: [1b138595-92e4-4592-9dfc-2bb97fb4c88b:192.168.36.79:46597], old=null, confs=<EMPTY_MAP>
2019-09-20 04:49:52,554 [pool-335-thread-1] INFO  server.RaftServerConfigKeys (ConfUtils.java:logGet(43)) - raft.server.storage.dir = [/workdir/hadoop-ozone/integration-test/target/test-dir/MiniOzoneClusterImpl-3cdd9aee-ba37-4d0d-8930-872cb3194007/datanode-2/data/ratis] (custom)
2019-09-20 04:49:52,554 [pool-335-thread-1] INFO  storage.RaftStorageDirectory (RaftStorageDirectory.java:analyzeStorage(246)) - The storage directory /workdir/hadoop-ozone/integration-test/target/test-dir/MiniOzoneClusterImpl-3cdd9aee-ba37-4d0d-8930-872cb3194007/datanode-2/data/ratis/55764228-c6f9-4862-81ea-21d88f873970 does not exist. Creating ...
2019-09-20 04:49:52,571 [pool-335-thread-1] INFO  storage.RaftStorageDirectory (RaftStorageDirectory.java:tryLock(328)) - Lock on /workdir/hadoop-ozone/integration-test/target/test-dir/MiniOzoneClusterImpl-3cdd9aee-ba37-4d0d-8930-872cb3194007/datanode-2/data/ratis/55764228-c6f9-4862-81ea-21d88f873970/in_use.lock acquired by nodename 9457@pr-hdds-1569-s8kj2-2266485376
2019-09-20 04:49:52,588 [pool-335-thread-1] INFO  storage.RaftStorage (RaftStorage.java:format(72)) - Storage directory /workdir/hadoop-ozone/integration-test/target/test-dir/MiniOzoneClusterImpl-3cdd9aee-ba37-4d0d-8930-872cb3194007/datanode-2/data/ratis/55764228-c6f9-4862-81ea-21d88f873970 has been successfully formatted.
2019-09-20 04:49:52,588 [pool-335-thread-1] INFO  ratis.ContainerStateMachine (ContainerStateMachine.java:loadSnapshot(226)) - group-21D88F873970: The snapshot info is null. Setting the last applied indexto:(t:0, i:~)
2019-09-20 04:49:52,588 [pool-335-thread-1] INFO  server.RaftServerConfigKeys (ConfUtils.java:logGet(43)) - raft.server.leader.election.timeout = 120s (custom)
2019-09-20 04:49:52,589 [pool-335-thread-1] INFO  server.RaftServerConfigKeys (ConfUtils.java:logGet(43)) - raft.server.log.use.memory = false (default)
2019-09-20 04:49:52,589 [pool-335-thread-1] INFO  server.RaftServerConfigKeys (ConfUtils.java:logGet(43)) - raft.server.log.purge.gap = 1000000 (custom)
2019-09-20 04:49:52,589 [pool-335-thread-1] INFO  server.RaftServerConfigKeys (ConfUtils.java:logGet(43)) - raft.server.log.appender.buffer.byte-limit = 33554432 (custom)
2019-09-20 04:49:52,589 [pool-335-thread-1] INFO  server.RaftServerConfigKeys (ConfUtils.java:logGet(43)) - raft.server.log.segment.size.max = 1048576 (custom)
2019-09-20 04:49:52,589 [pool-335-thread-1] INFO  server.RaftServerConfigKeys (ConfUtils.java:logGet(43)) - raft.server.log.segment.cache.num.max = 2 (custom)
2019-09-20 04:49:52,589 [pool-335-thread-1] INFO  segmented.SegmentedRaftLogWorker (SegmentedRaftLogWorker.java:<init>(172)) - new 1b138595-92e4-4592-9dfc-2bb97fb4c88b-SegmentedRaftLogWorker:Storage Directory /workdir/hadoop-ozone/integration-test/target/test-dir/MiniOzoneClusterImpl-3cdd9aee-ba37-4d0d-8930-872cb3194007/datanode-2/data/ratis/55764228-c6f9-4862-81ea-21d88f873970 for RaftStorage:Storage Directory /workdir/hadoop-ozone/integration-test/target/test-dir/MiniOzoneClusterImpl-3cdd9aee-ba37-4d0d-8930-872cb3194007/datanode-2/data/ratis/55764228-c6f9-4862-81ea-21d88f873970
2019-09-20 04:49:52,590 [pool-335-thread-1] INFO  server.RaftServerConfigKeys (ConfUtils.java:logGet(43)) - raft.server.log.queue.byte-limit = 2147483647 (custom)
2019-09-20 04:49:52,590 [pool-335-thread-1] INFO  server.RaftServerConfigKeys (ConfUtils.java:logGet(43)) - raft.server.log.queue.element-limit = 1024 (custom)
2019-09-20 04:49:52,590 [pool-335-thread-1] INFO  server.RaftServerConfigKeys (ConfUtils.java:logGet(43)) - raft.server.log.segment.size.max = 1048576 (custom)
2019-09-20 04:49:52,590 [pool-335-thread-1] INFO  server.RaftServerConfigKeys (ConfUtils.java:logGet(43)) - raft.server.log.preallocated.size = 16384 (custom)
2019-09-20 04:49:52,590 [pool-335-thread-1] INFO  server.RaftServerConfigKeys (ConfUtils.java:logGet(43)) - raft.server.log.write.buffer.size = 33554432 (custom)
2019-09-20 04:49:52,590 [pool-335-thread-1] INFO  server.RaftServerConfigKeys (ConfUtils.java:logGet(43)) - raft.server.log.force.sync.num = 128 (default)
2019-09-20 04:49:52,591 [pool-335-thread-1] INFO  server.RaftServerConfigKeys (ConfUtils.java:logGet(43)) - raft.server.log.statemachine.data.sync = true (default)
2019-09-20 04:49:52,591 [pool-335-thread-1] INFO  server.RaftServerConfigKeys (ConfUtils.java:logGet(43)) - raft.server.log.statemachine.data.sync.timeout = 10s (default)
2019-09-20 04:49:52,591 [pool-335-thread-1] INFO  server.RaftServerConfigKeys (ConfUtils.java:logGet(43)) - raft.server.log.statemachine.data.sync.timeout.retry = -1 (default)
2019-09-20 04:49:52,591 [pool-335-thread-1] INFO  server.RaftServerConfigKeys (ConfUtils.java:logGet(43)) - raft.server.log.statemachine.data.caching.enabled = true (custom)
2019-09-20 04:49:52,592 [pool-335-thread-1] INFO  segmented.SegmentedRaftLogWorker (SegmentedRaftLogWorker.java:lambda$new$0(132)) - 1b138595-92e4-4592-9dfc-2bb97fb4c88b-SegmentedRaftLogWorker:Storage Directory /workdir/hadoop-ozone/integration-test/target/test-dir/MiniOzoneClusterImpl-3cdd9aee-ba37-4d0d-8930-872cb3194007/datanode-2/data/ratis/55764228-c6f9-4862-81ea-21d88f873970: flushIndex: setUnconditionally 0 -> -1
2019-09-20 04:49:52,592 [pool-335-thread-1] INFO  server.RaftServerConfigKeys (ConfUtils.java:logGet(43)) - raft.server.snapshot.auto.trigger.enabled = true (custom)
2019-09-20 04:49:52,592 [pool-335-thread-1] INFO  server.RaftServerConfigKeys (ConfUtils.java:logGet(43)) - raft.server.snapshot.auto.trigger.threshold = 10000 (custom)
2019-09-20 04:49:52,592 [pool-335-thread-1] INFO  server.RaftServerConfigKeys (ConfUtils.java:logGet(43)) - raft.server.retrycache.expirytime = 600000ms (custom)
2019-09-20 04:49:52,592 [pool-335-thread-1] INFO  impl.RaftServerImpl (RaftServerImpl.java:start(180)) - 1b138595-92e4-4592-9dfc-2bb97fb4c88b: start group-21D88F873970
2019-09-20 04:49:52,593 [pool-335-thread-1] INFO  impl.RaftServerImpl (RaftServerImpl.java:setRole(171)) - 1b138595-92e4-4592-9dfc-2bb97fb4c88b:group-21D88F873970 changes role from null to FOLLOWER at term 0 for startAsFollower
2019-09-20 04:49:52,593 [pool-335-thread-1] INFO  impl.RoleInfo (RoleInfo.java:updateAndGet(143)) - 1b138595-92e4-4592-9dfc-2bb97fb4c88b: start FollowerState
2019-09-20 04:49:52,593 [pool-335-thread-1] INFO  util.JmxRegister (JmxRegister.java:tryRegister(44)) - Successfully registered JMX Bean with object name Ratis:service=RaftServer,group=group-21D88F873970,id=1b138595-92e4-4592-9dfc-2bb97fb4c88b
2019-09-20 04:49:52,596 [RatisPipelineUtilsThread] INFO  pipeline.PipelineStateManager (PipelineStateManager.java:addPipeline(56)) - Created pipeline Pipeline[ Id: 55764228-c6f9-4862-81ea-21d88f873970, Nodes: 1b138595-92e4-4592-9dfc-2bb97fb4c88b{ip: 192.168.36.79, host: pr-hdds-1569-s8kj2-2266485376, networkLocation: /default-rack, certSerialId: null}, Type:RATIS, Factor:ONE, State:OPEN]
2019-09-20 04:49:52,596 [RatisPipelineUtilsThread] INFO  pipeline.PipelinePlacementPolicy (PipelinePlacementPolicy.java:meetCriteria(91)) - Pipeline Placement: Doesn't meet the criteria to be viable node： c82e94d7-3693-4569-94b0-cf8ff008d5c0 Heaviness: 6 limit: 5
2019-09-20 04:49:52,596 [RatisPipelineUtilsThread] INFO  pipeline.PipelinePlacementPolicy (PipelinePlacementPolicy.java:meetCriteria(91)) - Pipeline Placement: Doesn't meet the criteria to be viable node： 37fe2768-1af7-42e7-8542-10b932802b02 Heaviness: 6 limit: 5
2019-09-20 04:49:52,600 [grpc-default-executor-1] INFO  impl.RaftServerProxy (RaftServerProxy.java:addNew(89)) - 1b138595-92e4-4592-9dfc-2bb97fb4c88b: addNew group-A36F59DB5EDC:[1b138595-92e4-4592-9dfc-2bb97fb4c88b:192.168.36.79:46597] returns group-A36F59DB5EDC:java.util.concurrent.CompletableFuture@32814c11[Not completed]
2019-09-20 04:49:52,601 [pool-335-thread-1] INFO  impl.RaftServerImpl (RaftServerImpl.java:<init>(93)) - 1b138595-92e4-4592-9dfc-2bb97fb4c88b: new RaftServerImpl for group-A36F59DB5EDC:[1b138595-92e4-4592-9dfc-2bb97fb4c88b:192.168.36.79:46597] with ContainerStateMachine:uninitialized
2019-09-20 04:49:52,602 [pool-335-thread-1] INFO  server.RaftServerConfigKeys (ConfUtils.java:logGet(43)) - raft.server.rpc.timeout.min = 5s (custom)
2019-09-20 04:49:52,602 [pool-335-thread-1] INFO  server.RaftServerConfigKeys (ConfUtils.java:logGet(43)) - raft.server.rpc.timeout.max = 5200ms (custom)
2019-09-20 04:49:52,602 [pool-335-thread-1] INFO  server.RaftServerConfigKeys (ConfUtils.java:logGet(43)) - raft.server.rpcslowness.timeout = 120s (custom)
2019-09-20 04:49:52,602 [pool-335-thread-1] INFO  server.RaftServerConfigKeys (ConfUtils.java:logGet(43)) - raft.server.sleep.deviation.threshold = 300 (default)
2019-09-20 04:49:52,602 [pool-335-thread-1] INFO  server.RaftServerConfigKeys (ConfUtils.java:logGet(43)) - raft.server.log.appender.install.snapshot.enabled = false (custom)
2019-09-20 04:49:52,602 [pool-335-thread-1] INFO  impl.RaftServerImpl (ServerState.java:<init>(105)) - 1b138595-92e4-4592-9dfc-2bb97fb4c88b:group-A36F59DB5EDC ConfigurationManager, init=-1: [1b138595-92e4-4592-9dfc-2bb97fb4c88b:192.168.36.79:46597], old=null, confs=<EMPTY_MAP>
2019-09-20 04:49:52,602 [pool-335-thread-1] INFO  server.RaftServerConfigKeys (ConfUtils.java:logGet(43)) - raft.server.storage.dir = [/workdir/hadoop-ozone/integration-test/target/test-dir/MiniOzoneClusterImpl-3cdd9aee-ba37-4d0d-8930-872cb3194007/datanode-2/data/ratis] (custom)
2019-09-20 04:49:52,603 [pool-335-thread-1] INFO  storage.RaftStorageDirectory (RaftStorageDirectory.java:analyzeStorage(246)) - The storage directory /workdir/hadoop-ozone/integration-test/target/test-dir/MiniOzoneClusterImpl-3cdd9aee-ba37-4d0d-8930-872cb3194007/datanode-2/data/ratis/cac47448-2610-4972-be8a-a36f59db5edc does not exist. Creating ...
2019-09-20 04:49:52,630 [pool-335-thread-1] INFO  storage.RaftStorageDirectory (RaftStorageDirectory.java:tryLock(328)) - Lock on /workdir/hadoop-ozone/integration-test/target/test-dir/MiniOzoneClusterImpl-3cdd9aee-ba37-4d0d-8930-872cb3194007/datanode-2/data/ratis/cac47448-2610-4972-be8a-a36f59db5edc/in_use.lock acquired by nodename 9457@pr-hdds-1569-s8kj2-2266485376
2019-09-20 04:49:52,651 | INFO  | SCMAudit | user=jenkins1000 | ip=192.168.36.79 | op=SEND_HEARTBEAT {datanodeUUID=42fc6e92-fcdd-4827-b621-9fc58a3d2315, command=[]} | ret=SUCCESS |  
2019-09-20 04:49:52,651 | INFO  | SCMAudit | user=jenkins1000 | ip=192.168.36.79 | op=SEND_HEARTBEAT {datanodeUUID=1d91ad97-6666-4ee7-855a-8b5e944e7401, command=[]} | ret=SUCCESS |  
2019-09-20 04:49:52,655 | INFO  | SCMAudit | user=jenkins1000 | ip=192.168.36.79 | op=SEND_HEARTBEAT {datanodeUUID=c4f6294c-eda3-4afd-81f7-e69ed14da69f, command=[]} | ret=SUCCESS |  
2019-09-20 04:49:52,655 | INFO  | SCMAudit | user=jenkins1000 | ip=192.168.36.79 | op=SEND_HEARTBEAT {datanodeUUID=236eed40-dd97-4fdc-a0ae-ab99685a426b, command=[]} | ret=SUCCESS |  
2019-09-20 04:49:52,655 [pool-335-thread-1] INFO  storage.RaftStorage (RaftStorage.java:format(72)) - Storage directory /workdir/hadoop-ozone/integration-test/target/test-dir/MiniOzoneClusterImpl-3cdd9aee-ba37-4d0d-8930-872cb3194007/datanode-2/data/ratis/cac47448-2610-4972-be8a-a36f59db5edc has been successfully formatted.
2019-09-20 04:49:52,656 | INFO  | SCMAudit | user=jenkins1000 | ip=192.168.36.79 | op=SEND_HEARTBEAT {datanodeUUID=0ad3f89e-804f-4845-89c5-5ff1a35a5dda, command=[]} | ret=SUCCESS |  
2019-09-20 04:49:52,656 [pool-335-thread-1] INFO  ratis.ContainerStateMachine (ContainerStateMachine.java:loadSnapshot(226)) - group-A36F59DB5EDC: The snapshot info is null. Setting the last applied indexto:(t:0, i:~)
2019-09-20 04:49:52,656 | INFO  | SCMAudit | user=jenkins1000 | ip=192.168.36.79 | op=SEND_HEARTBEAT {datanodeUUID=eaf3ecbe-c3b1-4969-ad3a-e4de7fb04f81, command=[]} | ret=SUCCESS |  
2019-09-20 04:49:52,656 | INFO  | SCMAudit | user=jenkins1000 | ip=192.168.36.79 | op=SEND_HEARTBEAT {datanodeUUID=3c2a6bfe-f5c5-4e23-89b0-850dab17697d, command=[]} | ret=SUCCESS |  
2019-09-20 04:49:52,656 [pool-335-thread-1] INFO  server.RaftServerConfigKeys (ConfUtils.java:logGet(43)) - raft.server.leader.election.timeout = 120s (custom)
2019-09-20 04:49:52,656 [pool-335-thread-1] INFO  server.RaftServerConfigKeys (ConfUtils.java:logGet(43)) - raft.server.log.use.memory = false (default)
2019-09-20 04:49:52,656 | INFO  | SCMAudit | user=jenkins1000 | ip=192.168.36.79 | op=SEND_HEARTBEAT {datanodeUUID=eb30d72f-c0a8-4ecb-bfee-9120a9a6cddf, command=[]} | ret=SUCCESS |  
2019-09-20 04:49:52,656 [pool-335-thread-1] INFO  server.RaftServerConfigKeys (ConfUtils.java:logGet(43)) - raft.server.log.purge.gap = 1000000 (custom)
2019-09-20 04:49:52,656 [pool-335-thread-1] INFO  server.RaftServerConfigKeys (ConfUtils.java:logGet(43)) - raft.server.log.appender.buffer.byte-limit = 33554432 (custom)
2019-09-20 04:49:52,657 | INFO  | SCMAudit | user=jenkins1000 | ip=192.168.36.79 | op=SEND_HEARTBEAT {datanodeUUID=ea71b9af-1075-4196-9693-aa14e10f536d, command=[]} | ret=SUCCESS |  
2019-09-20 04:49:52,657 | INFO  | SCMAudit | user=jenkins1000 | ip=192.168.36.79 | op=SEND_HEARTBEAT {datanodeUUID=2702b462-69d8-4c1b-aae1-091a21fe08b8, command=[]} | ret=SUCCESS |  
2019-09-20 04:49:52,657 [pool-335-thread-1] INFO  server.RaftServerConfigKeys (ConfUtils.java:logGet(43)) - raft.server.log.segment.size.max = 1048576 (custom)
2019-09-20 04:49:52,657 | INFO  | SCMAudit | user=jenkins1000 | ip=192.168.36.79 | op=SEND_HEARTBEAT {datanodeUUID=8d97392c-5f4b-400a-94a1-fb61a3ebbc99, command=[]} | ret=SUCCESS |  
2019-09-20 04:49:52,657 | INFO  | SCMAudit | user=jenkins1000 | ip=192.168.36.79 | op=SEND_HEARTBEAT {datanodeUUID=68a93ad8-b6a8-44e1-8a9f-45fcc58d229a, command=[]} | ret=SUCCESS |  
2019-09-20 04:49:52,657 [pool-335-thread-1] INFO  server.RaftServerConfigKeys (ConfUtils.java:logGet(43)) - raft.server.log.segment.cache.num.max = 2 (custom)
2019-09-20 04:49:52,657 | INFO  | SCMAudit | user=jenkins1000 | ip=192.168.36.79 | op=SEND_HEARTBEAT {datanodeUUID=5ea19b84-5385-4ae9-8412-c4cfa929b172, command=[]} | ret=SUCCESS |  
2019-09-20 04:49:52,657 [pool-335-thread-1] INFO  segmented.SegmentedRaftLogWorker (SegmentedRaftLogWorker.java:<init>(172)) - new 1b138595-92e4-4592-9dfc-2bb97fb4c88b-SegmentedRaftLogWorker:Storage Directory /workdir/hadoop-ozone/integration-test/target/test-dir/MiniOzoneClusterImpl-3cdd9aee-ba37-4d0d-8930-872cb3194007/datanode-2/data/ratis/cac47448-2610-4972-be8a-a36f59db5edc for RaftStorage:Storage Directory /workdir/hadoop-ozone/integration-test/target/test-dir/MiniOzoneClusterImpl-3cdd9aee-ba37-4d0d-8930-872cb3194007/datanode-2/data/ratis/cac47448-2610-4972-be8a-a36f59db5edc
2019-09-20 04:49:52,691 [pool-335-thread-1] INFO  server.RaftServerConfigKeys (ConfUtils.java:logGet(43)) - raft.server.log.queue.byte-limit = 2147483647 (custom)
2019-09-20 04:49:52,691 [pool-335-thread-1] INFO  server.RaftServerConfigKeys (ConfUtils.java:logGet(43)) - raft.server.log.queue.element-limit = 1024 (custom)
2019-09-20 04:49:52,692 [pool-335-thread-1] INFO  server.RaftServerConfigKeys (ConfUtils.java:logGet(43)) - raft.server.log.segment.size.max = 1048576 (custom)
2019-09-20 04:49:52,692 [pool-335-thread-1] INFO  server.RaftServerConfigKeys (ConfUtils.java:logGet(43)) - raft.server.log.preallocated.size = 16384 (custom)
2019-09-20 04:49:52,692 [pool-335-thread-1] INFO  server.RaftServerConfigKeys (ConfUtils.java:logGet(43)) - raft.server.log.write.buffer.size = 33554432 (custom)
2019-09-20 04:49:52,692 [pool-335-thread-1] INFO  server.RaftServerConfigKeys (ConfUtils.java:logGet(43)) - raft.server.log.force.sync.num = 128 (default)
2019-09-20 04:49:52,692 [pool-335-thread-1] INFO  server.RaftServerConfigKeys (ConfUtils.java:logGet(43)) - raft.server.log.statemachine.data.sync = true (default)
2019-09-20 04:49:52,692 [pool-335-thread-1] INFO  server.RaftServerConfigKeys (ConfUtils.java:logGet(43)) - raft.server.log.statemachine.data.sync.timeout = 10s (default)
2019-09-20 04:49:52,693 [pool-335-thread-1] INFO  server.RaftServerConfigKeys (ConfUtils.java:logGet(43)) - raft.server.log.statemachine.data.sync.timeout.retry = -1 (default)
2019-09-20 04:49:52,693 [pool-335-thread-1] INFO  server.RaftServerConfigKeys (ConfUtils.java:logGet(43)) - raft.server.log.statemachine.data.caching.enabled = true (custom)
2019-09-20 04:49:52,693 | INFO  | SCMAudit | user=jenkins1000 | ip=192.168.36.79 | op=SEND_HEARTBEAT {datanodeUUID=8538cd65-7926-426b-8bad-fbd0f0550f9a, command=[]} | ret=SUCCESS |  
2019-09-20 04:49:52,693 | INFO  | SCMAudit | user=jenkins1000 | ip=192.168.36.79 | op=SEND_HEARTBEAT {datanodeUUID=a9bc59c4-b792-48d5-9db2-4e71770477b1, command=[]} | ret=SUCCESS |  
2019-09-20 04:49:52,693 | INFO  | SCMAudit | user=jenkins1000 | ip=192.168.36.79 | op=SEND_HEARTBEAT {datanodeUUID=fdbc37f2-9e58-4bac-a5d5-a78839d012e9, command=[]} | ret=SUCCESS |  
2019-09-20 04:49:52,693 | INFO  | SCMAudit | user=jenkins1000 | ip=192.168.36.79 | op=SEND_HEARTBEAT {datanodeUUID=f4e549ee-a6fa-4eb9-8541-129d0566fdf5, command=[]} | ret=SUCCESS |  
2019-09-20 04:49:52,693 | INFO  | SCMAudit | user=jenkins1000 | ip=192.168.36.79 | op=SEND_HEARTBEAT {datanodeUUID=dba845b8-ea76-4e09-ab03-0883d354e493, command=[]} | ret=SUCCESS |  
2019-09-20 04:49:52,693 | INFO  | SCMAudit | user=jenkins1000 | ip=192.168.36.79 | op=SEND_HEARTBEAT {datanodeUUID=bd1a845e-f2ed-4713-9516-9ccc20139040, command=[]} | ret=SUCCESS |  
2019-09-20 04:49:52,693 | INFO  | SCMAudit | user=jenkins1000 | ip=192.168.36.79 | op=SEND_HEARTBEAT {datanodeUUID=2d6465ef-cffa-473a-a4c6-a9aa3f1a26c0, command=[]} | ret=SUCCESS |  
2019-09-20 04:49:52,693 | INFO  | SCMAudit | user=jenkins1000 | ip=192.168.36.79 | op=SEND_HEARTBEAT {datanodeUUID=ba95d636-ac34-4b74-a102-dec8d0f377c6, command=[]} | ret=SUCCESS |  
2019-09-20 04:49:52,693 [pool-335-thread-1] INFO  segmented.SegmentedRaftLogWorker (SegmentedRaftLogWorker.java:lambda$new$0(132)) - 1b138595-92e4-4592-9dfc-2bb97fb4c88b-SegmentedRaftLogWorker:Storage Directory /workdir/hadoop-ozone/integration-test/target/test-dir/MiniOzoneClusterImpl-3cdd9aee-ba37-4d0d-8930-872cb3194007/datanode-2/data/ratis/cac47448-2610-4972-be8a-a36f59db5edc: flushIndex: setUnconditionally 0 -> -1
2019-09-20 04:49:52,693 [pool-335-thread-1] INFO  server.RaftServerConfigKeys (ConfUtils.java:logGet(43)) - raft.server.snapshot.auto.trigger.enabled = true (custom)
2019-09-20 04:49:52,693 [pool-335-thread-1] INFO  server.RaftServerConfigKeys (ConfUtils.java:logGet(43)) - raft.server.snapshot.auto.trigger.threshold = 10000 (custom)
2019-09-20 04:49:52,694 [pool-335-thread-1] INFO  server.RaftServerConfigKeys (ConfUtils.java:logGet(43)) - raft.server.retrycache.expirytime = 600000ms (custom)
2019-09-20 04:49:52,694 [pool-335-thread-1] INFO  impl.RaftServerImpl (RaftServerImpl.java:start(180)) - 1b138595-92e4-4592-9dfc-2bb97fb4c88b: start group-A36F59DB5EDC
2019-09-20 04:49:52,694 [pool-335-thread-1] INFO  impl.RaftServerImpl (RaftServerImpl.java:setRole(171)) - 1b138595-92e4-4592-9dfc-2bb97fb4c88b:group-A36F59DB5EDC changes role from null to FOLLOWER at term 0 for startAsFollower
2019-09-20 04:49:52,694 [pool-335-thread-1] INFO  impl.RoleInfo (RoleInfo.java:updateAndGet(143)) - 1b138595-92e4-4592-9dfc-2bb97fb4c88b: start FollowerState
2019-09-20 04:49:52,694 [pool-335-thread-1] INFO  util.JmxRegister (JmxRegister.java:tryRegister(44)) - Successfully registered JMX Bean with object name Ratis:service=RaftServer,group=group-A36F59DB5EDC,id=1b138595-92e4-4592-9dfc-2bb97fb4c88b
2019-09-20 04:49:52,697 [RatisPipelineUtilsThread] INFO  pipeline.PipelineStateManager (PipelineStateManager.java:addPipeline(56)) - Created pipeline Pipeline[ Id: cac47448-2610-4972-be8a-a36f59db5edc, Nodes: 1b138595-92e4-4592-9dfc-2bb97fb4c88b{ip: 192.168.36.79, host: pr-hdds-1569-s8kj2-2266485376, networkLocation: /default-rack, certSerialId: null}, Type:RATIS, Factor:ONE, State:OPEN]
2019-09-20 04:49:52,697 [RatisPipelineUtilsThread] INFO  pipeline.PipelinePlacementPolicy (PipelinePlacementPolicy.java:meetCriteria(91)) - Pipeline Placement: Doesn't meet the criteria to be viable node： c82e94d7-3693-4569-94b0-cf8ff008d5c0 Heaviness: 6 limit: 5
2019-09-20 04:49:52,697 [RatisPipelineUtilsThread] INFO  pipeline.PipelinePlacementPolicy (PipelinePlacementPolicy.java:meetCriteria(91)) - Pipeline Placement: Doesn't meet the criteria to be viable node： 37fe2768-1af7-42e7-8542-10b932802b02 Heaviness: 6 limit: 5
2019-09-20 04:49:52,702 [grpc-default-executor-1] INFO  impl.RaftServerProxy (RaftServerProxy.java:addNew(89)) - 1b138595-92e4-4592-9dfc-2bb97fb4c88b: addNew group-C627B1D59489:[1b138595-92e4-4592-9dfc-2bb97fb4c88b:192.168.36.79:46597] returns group-C627B1D59489:java.util.concurrent.CompletableFuture@459d8269[Not completed]
2019-09-20 04:49:52,703 [pool-335-thread-1] INFO  impl.RaftServerImpl (RaftServerImpl.java:<init>(93)) - 1b138595-92e4-4592-9dfc-2bb97fb4c88b: new RaftServerImpl for group-C627B1D59489:[1b138595-92e4-4592-9dfc-2bb97fb4c88b:192.168.36.79:46597] with ContainerStateMachine:uninitialized
2019-09-20 04:49:52,703 [pool-335-thread-1] INFO  server.RaftServerConfigKeys (ConfUtils.java:logGet(43)) - raft.server.rpc.timeout.min = 5s (custom)
2019-09-20 04:49:52,703 [pool-335-thread-1] INFO  server.RaftServerConfigKeys (ConfUtils.java:logGet(43)) - raft.server.rpc.timeout.max = 5200ms (custom)
2019-09-20 04:49:52,703 [pool-335-thread-1] INFO  server.RaftServerConfigKeys (ConfUtils.java:logGet(43)) - raft.server.rpcslowness.timeout = 120s (custom)
2019-09-20 04:49:52,703 [pool-335-thread-1] INFO  server.RaftServerConfigKeys (ConfUtils.java:logGet(43)) - raft.server.sleep.deviation.threshold = 300 (default)
2019-09-20 04:49:52,703 [pool-335-thread-1] INFO  server.RaftServerConfigKeys (ConfUtils.java:logGet(43)) - raft.server.log.appender.install.snapshot.enabled = false (custom)
2019-09-20 04:49:52,704 [pool-335-thread-1] INFO  impl.RaftServerImpl (ServerState.java:<init>(105)) - 1b138595-92e4-4592-9dfc-2bb97fb4c88b:group-C627B1D59489 ConfigurationManager, init=-1: [1b138595-92e4-4592-9dfc-2bb97fb4c88b:192.168.36.79:46597], old=null, confs=<EMPTY_MAP>
2019-09-20 04:49:52,704 [pool-335-thread-1] INFO  server.RaftServerConfigKeys (ConfUtils.java:logGet(43)) - raft.server.storage.dir = [/workdir/hadoop-ozone/integration-test/target/test-dir/MiniOzoneClusterImpl-3cdd9aee-ba37-4d0d-8930-872cb3194007/datanode-2/data/ratis] (custom)
2019-09-20 04:49:52,704 [pool-335-thread-1] INFO  storage.RaftStorageDirectory (RaftStorageDirectory.java:analyzeStorage(246)) - The storage directory /workdir/hadoop-ozone/integration-test/target/test-dir/MiniOzoneClusterImpl-3cdd9aee-ba37-4d0d-8930-872cb3194007/datanode-2/data/ratis/e179521c-1528-4d71-a925-c627b1d59489 does not exist. Creating ...
2019-09-20 04:49:52,747 [pool-335-thread-1] INFO  storage.RaftStorageDirectory (RaftStorageDirectory.java:tryLock(328)) - Lock on /workdir/hadoop-ozone/integration-test/target/test-dir/MiniOzoneClusterImpl-3cdd9aee-ba37-4d0d-8930-872cb3194007/datanode-2/data/ratis/e179521c-1528-4d71-a925-c627b1d59489/in_use.lock acquired by nodename 9457@pr-hdds-1569-s8kj2-2266485376
2019-09-20 04:49:52,764 [pool-335-thread-1] INFO  storage.RaftStorage (RaftStorage.java:format(72)) - Storage directory /workdir/hadoop-ozone/integration-test/target/test-dir/MiniOzoneClusterImpl-3cdd9aee-ba37-4d0d-8930-872cb3194007/datanode-2/data/ratis/e179521c-1528-4d71-a925-c627b1d59489 has been successfully formatted.
2019-09-20 04:49:52,765 [pool-335-thread-1] INFO  ratis.ContainerStateMachine (ContainerStateMachine.java:loadSnapshot(226)) - group-C627B1D59489: The snapshot info is null. Setting the last applied indexto:(t:0, i:~)
2019-09-20 04:49:52,765 [pool-335-thread-1] INFO  server.RaftServerConfigKeys (ConfUtils.java:logGet(43)) - raft.server.leader.election.timeout = 120s (custom)
2019-09-20 04:49:52,765 [pool-335-thread-1] INFO  server.RaftServerConfigKeys (ConfUtils.java:logGet(43)) - raft.server.log.use.memory = false (default)
2019-09-20 04:49:52,765 [pool-335-thread-1] INFO  server.RaftServerConfigKeys (ConfUtils.java:logGet(43)) - raft.server.log.purge.gap = 1000000 (custom)
2019-09-20 04:49:52,765 [pool-335-thread-1] INFO  server.RaftServerConfigKeys (ConfUtils.java:logGet(43)) - raft.server.log.appender.buffer.byte-limit = 33554432 (custom)
2019-09-20 04:49:52,765 [pool-335-thread-1] INFO  server.RaftServerConfigKeys (ConfUtils.java:logGet(43)) - raft.server.log.segment.size.max = 1048576 (custom)
2019-09-20 04:49:52,766 [pool-335-thread-1] INFO  server.RaftServerConfigKeys (ConfUtils.java:logGet(43)) - raft.server.log.segment.cache.num.max = 2 (custom)
2019-09-20 04:49:52,766 [pool-335-thread-1] INFO  segmented.SegmentedRaftLogWorker (SegmentedRaftLogWorker.java:<init>(172)) - new 1b138595-92e4-4592-9dfc-2bb97fb4c88b-SegmentedRaftLogWorker:Storage Directory /workdir/hadoop-ozone/integration-test/target/test-dir/MiniOzoneClusterImpl-3cdd9aee-ba37-4d0d-8930-872cb3194007/datanode-2/data/ratis/e179521c-1528-4d71-a925-c627b1d59489 for RaftStorage:Storage Directory /workdir/hadoop-ozone/integration-test/target/test-dir/MiniOzoneClusterImpl-3cdd9aee-ba37-4d0d-8930-872cb3194007/datanode-2/data/ratis/e179521c-1528-4d71-a925-c627b1d59489
2019-09-20 04:49:52,766 [pool-335-thread-1] INFO  server.RaftServerConfigKeys (ConfUtils.java:logGet(43)) - raft.server.log.queue.byte-limit = 2147483647 (custom)
2019-09-20 04:49:52,766 [pool-335-thread-1] INFO  server.RaftServerConfigKeys (ConfUtils.java:logGet(43)) - raft.server.log.queue.element-limit = 1024 (custom)
2019-09-20 04:49:52,766 [pool-335-thread-1] INFO  server.RaftServerConfigKeys (ConfUtils.java:logGet(43)) - raft.server.log.segment.size.max = 1048576 (custom)
2019-09-20 04:49:52,766 [pool-335-thread-1] INFO  server.RaftServerConfigKeys (ConfUtils.java:logGet(43)) - raft.server.log.preallocated.size = 16384 (custom)
2019-09-20 04:49:52,766 [pool-335-thread-1] INFO  server.RaftServerConfigKeys (ConfUtils.java:logGet(43)) - raft.server.log.write.buffer.size = 33554432 (custom)
2019-09-20 04:49:52,766 [pool-335-thread-1] INFO  server.RaftServerConfigKeys (ConfUtils.java:logGet(43)) - raft.server.log.force.sync.num = 128 (default)
2019-09-20 04:49:52,767 [pool-335-thread-1] INFO  server.RaftServerConfigKeys (ConfUtils.java:logGet(43)) - raft.server.log.statemachine.data.sync = true (default)
2019-09-20 04:49:52,767 [pool-335-thread-1] INFO  server.RaftServerConfigKeys (ConfUtils.java:logGet(43)) - raft.server.log.statemachine.data.sync.timeout = 10s (default)
2019-09-20 04:49:52,767 [pool-335-thread-1] INFO  server.RaftServerConfigKeys (ConfUtils.java:logGet(43)) - raft.server.log.statemachine.data.sync.timeout.retry = -1 (default)
2019-09-20 04:49:52,767 [pool-335-thread-1] INFO  server.RaftServerConfigKeys (ConfUtils.java:logGet(43)) - raft.server.log.statemachine.data.caching.enabled = true (custom)
2019-09-20 04:49:52,767 [pool-335-thread-1] INFO  segmented.SegmentedRaftLogWorker (SegmentedRaftLogWorker.java:lambda$new$0(132)) - 1b138595-92e4-4592-9dfc-2bb97fb4c88b-SegmentedRaftLogWorker:Storage Directory /workdir/hadoop-ozone/integration-test/target/test-dir/MiniOzoneClusterImpl-3cdd9aee-ba37-4d0d-8930-872cb3194007/datanode-2/data/ratis/e179521c-1528-4d71-a925-c627b1d59489: flushIndex: setUnconditionally 0 -> -1
2019-09-20 04:49:52,768 [pool-335-thread-1] INFO  server.RaftServerConfigKeys (ConfUtils.java:logGet(43)) - raft.server.snapshot.auto.trigger.enabled = true (custom)
2019-09-20 04:49:52,768 [pool-335-thread-1] INFO  server.RaftServerConfigKeys (ConfUtils.java:logGet(43)) - raft.server.snapshot.auto.trigger.threshold = 10000 (custom)
2019-09-20 04:49:52,768 [pool-335-thread-1] INFO  server.RaftServerConfigKeys (ConfUtils.java:logGet(43)) - raft.server.retrycache.expirytime = 600000ms (custom)
2019-09-20 04:49:52,768 [pool-335-thread-1] INFO  impl.RaftServerImpl (RaftServerImpl.java:start(180)) - 1b138595-92e4-4592-9dfc-2bb97fb4c88b: start group-C627B1D59489
2019-09-20 04:49:52,768 [pool-335-thread-1] INFO  impl.RaftServerImpl (RaftServerImpl.java:setRole(171)) - 1b138595-92e4-4592-9dfc-2bb97fb4c88b:group-C627B1D59489 changes role from null to FOLLOWER at term 0 for startAsFollower
2019-09-20 04:49:52,768 [pool-335-thread-1] INFO  impl.RoleInfo (RoleInfo.java:updateAndGet(143)) - 1b138595-92e4-4592-9dfc-2bb97fb4c88b: start FollowerState
2019-09-20 04:49:52,769 [pool-335-thread-1] INFO  util.JmxRegister (JmxRegister.java:tryRegister(44)) - Successfully registered JMX Bean with object name Ratis:service=RaftServer,group=group-C627B1D59489,id=1b138595-92e4-4592-9dfc-2bb97fb4c88b
2019-09-20 04:49:52,772 [RatisPipelineUtilsThread] INFO  pipeline.PipelineStateManager (PipelineStateManager.java:addPipeline(56)) - Created pipeline Pipeline[ Id: e179521c-1528-4d71-a925-c627b1d59489, Nodes: 1b138595-92e4-4592-9dfc-2bb97fb4c88b{ip: 192.168.36.79, host: pr-hdds-1569-s8kj2-2266485376, networkLocation: /default-rack, certSerialId: null}, Type:RATIS, Factor:ONE, State:OPEN]
2019-09-20 04:49:52,772 [RatisPipelineUtilsThread] INFO  pipeline.PipelinePlacementPolicy (PipelinePlacementPolicy.java:meetCriteria(91)) - Pipeline Placement: Doesn't meet the criteria to be viable node： c82e94d7-3693-4569-94b0-cf8ff008d5c0 Heaviness: 6 limit: 5
2019-09-20 04:49:52,772 [RatisPipelineUtilsThread] INFO  pipeline.PipelinePlacementPolicy (PipelinePlacementPolicy.java:meetCriteria(91)) - Pipeline Placement: Doesn't meet the criteria to be viable node： 37fe2768-1af7-42e7-8542-10b932802b02 Heaviness: 6 limit: 5
2019-09-20 04:49:52,777 [grpc-default-executor-1] INFO  impl.RaftServerProxy (RaftServerProxy.java:addNew(89)) - 1b138595-92e4-4592-9dfc-2bb97fb4c88b: addNew group-DFEA41C0B268:[1b138595-92e4-4592-9dfc-2bb97fb4c88b:192.168.36.79:46597] returns group-DFEA41C0B268:java.util.concurrent.CompletableFuture@6a9e7546[Not completed]
2019-09-20 04:49:52,778 [pool-335-thread-1] INFO  impl.RaftServerImpl (RaftServerImpl.java:<init>(93)) - 1b138595-92e4-4592-9dfc-2bb97fb4c88b: new RaftServerImpl for group-DFEA41C0B268:[1b138595-92e4-4592-9dfc-2bb97fb4c88b:192.168.36.79:46597] with ContainerStateMachine:uninitialized
2019-09-20 04:49:52,778 [pool-335-thread-1] INFO  server.RaftServerConfigKeys (ConfUtils.java:logGet(43)) - raft.server.rpc.timeout.min = 5s (custom)
2019-09-20 04:49:52,778 [pool-335-thread-1] INFO  server.RaftServerConfigKeys (ConfUtils.java:logGet(43)) - raft.server.rpc.timeout.max = 5200ms (custom)
2019-09-20 04:49:52,778 [pool-335-thread-1] INFO  server.RaftServerConfigKeys (ConfUtils.java:logGet(43)) - raft.server.rpcslowness.timeout = 120s (custom)
2019-09-20 04:49:52,779 [pool-335-thread-1] INFO  server.RaftServerConfigKeys (ConfUtils.java:logGet(43)) - raft.server.sleep.deviation.threshold = 300 (default)
2019-09-20 04:49:52,779 [pool-335-thread-1] INFO  server.RaftServerConfigKeys (ConfUtils.java:logGet(43)) - raft.server.log.appender.install.snapshot.enabled = false (custom)
2019-09-20 04:49:52,779 [pool-335-thread-1] INFO  impl.RaftServerImpl (ServerState.java:<init>(105)) - 1b138595-92e4-4592-9dfc-2bb97fb4c88b:group-DFEA41C0B268 ConfigurationManager, init=-1: [1b138595-92e4-4592-9dfc-2bb97fb4c88b:192.168.36.79:46597], old=null, confs=<EMPTY_MAP>
2019-09-20 04:49:52,779 [pool-335-thread-1] INFO  server.RaftServerConfigKeys (ConfUtils.java:logGet(43)) - raft.server.storage.dir = [/workdir/hadoop-ozone/integration-test/target/test-dir/MiniOzoneClusterImpl-3cdd9aee-ba37-4d0d-8930-872cb3194007/datanode-2/data/ratis] (custom)
2019-09-20 04:49:52,779 [pool-335-thread-1] INFO  storage.RaftStorageDirectory (RaftStorageDirectory.java:analyzeStorage(246)) - The storage directory /workdir/hadoop-ozone/integration-test/target/test-dir/MiniOzoneClusterImpl-3cdd9aee-ba37-4d0d-8930-872cb3194007/datanode-2/data/ratis/d99e36ca-e997-42ce-81a2-dfea41c0b268 does not exist. Creating ...
2019-09-20 04:49:52,807 [pool-335-thread-1] INFO  storage.RaftStorageDirectory (RaftStorageDirectory.java:tryLock(328)) - Lock on /workdir/hadoop-ozone/integration-test/target/test-dir/MiniOzoneClusterImpl-3cdd9aee-ba37-4d0d-8930-872cb3194007/datanode-2/data/ratis/d99e36ca-e997-42ce-81a2-dfea41c0b268/in_use.lock acquired by nodename 9457@pr-hdds-1569-s8kj2-2266485376
2019-09-20 04:49:52,833 [pool-335-thread-1] INFO  storage.RaftStorage (RaftStorage.java:format(72)) - Storage directory /workdir/hadoop-ozone/integration-test/target/test-dir/MiniOzoneClusterImpl-3cdd9aee-ba37-4d0d-8930-872cb3194007/datanode-2/data/ratis/d99e36ca-e997-42ce-81a2-dfea41c0b268 has been successfully formatted.
2019-09-20 04:49:52,833 [pool-335-thread-1] INFO  ratis.ContainerStateMachine (ContainerStateMachine.java:loadSnapshot(226)) - group-DFEA41C0B268: The snapshot info is null. Setting the last applied indexto:(t:0, i:~)
2019-09-20 04:49:52,833 [pool-335-thread-1] INFO  server.RaftServerConfigKeys (ConfUtils.java:logGet(43)) - raft.server.leader.election.timeout = 120s (custom)
2019-09-20 04:49:52,833 [pool-335-thread-1] INFO  server.RaftServerConfigKeys (ConfUtils.java:logGet(43)) - raft.server.log.use.memory = false (default)
2019-09-20 04:49:52,833 [pool-335-thread-1] INFO  server.RaftServerConfigKeys (ConfUtils.java:logGet(43)) - raft.server.log.purge.gap = 1000000 (custom)
2019-09-20 04:49:52,833 [pool-335-thread-1] INFO  server.RaftServerConfigKeys (ConfUtils.java:logGet(43)) - raft.server.log.appender.buffer.byte-limit = 33554432 (custom)
2019-09-20 04:49:52,834 [pool-335-thread-1] INFO  server.RaftServerConfigKeys (ConfUtils.java:logGet(43)) - raft.server.log.segment.size.max = 1048576 (custom)
2019-09-20 04:49:52,834 [pool-335-thread-1] INFO  server.RaftServerConfigKeys (ConfUtils.java:logGet(43)) - raft.server.log.segment.cache.num.max = 2 (custom)
2019-09-20 04:49:52,834 [pool-335-thread-1] INFO  segmented.SegmentedRaftLogWorker (SegmentedRaftLogWorker.java:<init>(172)) - new 1b138595-92e4-4592-9dfc-2bb97fb4c88b-SegmentedRaftLogWorker:Storage Directory /workdir/hadoop-ozone/integration-test/target/test-dir/MiniOzoneClusterImpl-3cdd9aee-ba37-4d0d-8930-872cb3194007/datanode-2/data/ratis/d99e36ca-e997-42ce-81a2-dfea41c0b268 for RaftStorage:Storage Directory /workdir/hadoop-ozone/integration-test/target/test-dir/MiniOzoneClusterImpl-3cdd9aee-ba37-4d0d-8930-872cb3194007/datanode-2/data/ratis/d99e36ca-e997-42ce-81a2-dfea41c0b268
2019-09-20 04:49:52,834 [pool-335-thread-1] INFO  server.RaftServerConfigKeys (ConfUtils.java:logGet(43)) - raft.server.log.queue.byte-limit = 2147483647 (custom)
2019-09-20 04:49:52,834 [pool-335-thread-1] INFO  server.RaftServerConfigKeys (ConfUtils.java:logGet(43)) - raft.server.log.queue.element-limit = 1024 (custom)
2019-09-20 04:49:52,834 [pool-335-thread-1] INFO  server.RaftServerConfigKeys (ConfUtils.java:logGet(43)) - raft.server.log.segment.size.max = 1048576 (custom)
2019-09-20 04:49:52,834 [pool-335-thread-1] INFO  server.RaftServerConfigKeys (ConfUtils.java:logGet(43)) - raft.server.log.preallocated.size = 16384 (custom)
2019-09-20 04:49:52,834 [pool-335-thread-1] INFO  server.RaftServerConfigKeys (ConfUtils.java:logGet(43)) - raft.server.log.write.buffer.size = 33554432 (custom)
2019-09-20 04:49:52,834 [pool-335-thread-1] INFO  server.RaftServerConfigKeys (ConfUtils.java:logGet(43)) - raft.server.log.force.sync.num = 128 (default)
2019-09-20 04:49:52,835 [pool-335-thread-1] INFO  server.RaftServerConfigKeys (ConfUtils.java:logGet(43)) - raft.server.log.statemachine.data.sync = true (default)
2019-09-20 04:49:52,835 [pool-335-thread-1] INFO  server.RaftServerConfigKeys (ConfUtils.java:logGet(43)) - raft.server.log.statemachine.data.sync.timeout = 10s (default)
2019-09-20 04:49:52,835 [pool-335-thread-1] INFO  server.RaftServerConfigKeys (ConfUtils.java:logGet(43)) - raft.server.log.statemachine.data.sync.timeout.retry = -1 (default)
2019-09-20 04:49:52,835 [pool-335-thread-1] INFO  server.RaftServerConfigKeys (ConfUtils.java:logGet(43)) - raft.server.log.statemachine.data.caching.enabled = true (custom)
2019-09-20 04:49:52,835 [pool-335-thread-1] INFO  segmented.SegmentedRaftLogWorker (SegmentedRaftLogWorker.java:lambda$new$0(132)) - 1b138595-92e4-4592-9dfc-2bb97fb4c88b-SegmentedRaftLogWorker:Storage Directory /workdir/hadoop-ozone/integration-test/target/test-dir/MiniOzoneClusterImpl-3cdd9aee-ba37-4d0d-8930-872cb3194007/datanode-2/data/ratis/d99e36ca-e997-42ce-81a2-dfea41c0b268: flushIndex: setUnconditionally 0 -> -1
2019-09-20 04:49:52,835 [pool-335-thread-1] INFO  server.RaftServerConfigKeys (ConfUtils.java:logGet(43)) - raft.server.snapshot.auto.trigger.enabled = true (custom)
2019-09-20 04:49:52,836 [pool-335-thread-1] INFO  server.RaftServerConfigKeys (ConfUtils.java:logGet(43)) - raft.server.snapshot.auto.trigger.threshold = 10000 (custom)
2019-09-20 04:49:52,836 [pool-335-thread-1] INFO  server.RaftServerConfigKeys (ConfUtils.java:logGet(43)) - raft.server.retrycache.expirytime = 600000ms (custom)
2019-09-20 04:49:52,836 [pool-335-thread-1] INFO  impl.RaftServerImpl (RaftServerImpl.java:start(180)) - 1b138595-92e4-4592-9dfc-2bb97fb4c88b: start group-DFEA41C0B268
2019-09-20 04:49:52,836 [pool-335-thread-1] INFO  impl.RaftServerImpl (RaftServerImpl.java:setRole(171)) - 1b138595-92e4-4592-9dfc-2bb97fb4c88b:group-DFEA41C0B268 changes role from null to FOLLOWER at term 0 for startAsFollower
2019-09-20 04:49:52,836 [pool-335-thread-1] INFO  impl.RoleInfo (RoleInfo.java:updateAndGet(143)) - 1b138595-92e4-4592-9dfc-2bb97fb4c88b: start FollowerState
2019-09-20 04:49:52,836 [pool-335-thread-1] INFO  util.JmxRegister (JmxRegister.java:tryRegister(44)) - Successfully registered JMX Bean with object name Ratis:service=RaftServer,group=group-DFEA41C0B268,id=1b138595-92e4-4592-9dfc-2bb97fb4c88b
2019-09-20 04:49:52,887 [main] INFO  ozone.MiniOzoneClusterImpl (MiniOzoneClusterImpl.java:lambda$waitForClusterToBeReady$0(142)) - Waiting for cluster to be ready. Got 3 of 7 DN Heartbeats.
2019-09-20 04:49:52,892 [IPC Server handler 6 on 42399] INFO  net.NetworkTopology (NetworkTopologyImpl.java:add(110)) - Added a new node: /default-rack/c9787825-ea51-4014-8feb-b4ee136c6b23
2019-09-20 04:49:52,893 [IPC Server handler 6 on 42399] INFO  node.SCMNodeManager (SCMNodeManager.java:register(273)) - Registered Data node : c9787825-ea51-4014-8feb-b4ee136c6b23{ip: 192.168.36.79, host: pr-hdds-1569-s8kj2-2266485376, networkLocation: /default-rack, certSerialId: null}
2019-09-20 04:49:52,893 | INFO  | SCMAudit | user=jenkins1000 | ip=192.168.36.79 | op=REGISTER {datanodeDetails=c9787825-ea51-4014-8feb-b4ee136c6b23{ip: 192.168.36.79, host: pr-hdds-1569-s8kj2-2266485376, networkLocation: /default-rack, certSerialId: null}} | ret=SUCCESS |  
2019-09-20 04:49:52,904 [RatisPipelineUtilsThread] INFO  pipeline.PipelineStateManager (PipelineStateManager.java:addPipeline(56)) - Created pipeline Pipeline[ Id: d99e36ca-e997-42ce-81a2-dfea41c0b268, Nodes: 1b138595-92e4-4592-9dfc-2bb97fb4c88b{ip: 192.168.36.79, host: pr-hdds-1569-s8kj2-2266485376, networkLocation: /default-rack, certSerialId: null}, Type:RATIS, Factor:ONE, State:OPEN]
2019-09-20 04:49:52,904 [RatisPipelineUtilsThread] INFO  pipeline.PipelinePlacementPolicy (PipelinePlacementPolicy.java:meetCriteria(91)) - Pipeline Placement: Doesn't meet the criteria to be viable node： c82e94d7-3693-4569-94b0-cf8ff008d5c0 Heaviness: 6 limit: 5
2019-09-20 04:49:52,904 [RatisPipelineUtilsThread] INFO  pipeline.PipelinePlacementPolicy (PipelinePlacementPolicy.java:meetCriteria(91)) - Pipeline Placement: Doesn't meet the criteria to be viable node： 37fe2768-1af7-42e7-8542-10b932802b02 Heaviness: 6 limit: 5
2019-09-20 04:49:52,910 [grpc-default-executor-1] INFO  impl.RaftServerProxy (RaftServerProxy.java:addNew(89)) - 1b138595-92e4-4592-9dfc-2bb97fb4c88b: addNew group-20A63989774B:[1b138595-92e4-4592-9dfc-2bb97fb4c88b:192.168.36.79:46597] returns group-20A63989774B:java.util.concurrent.CompletableFuture@7818a827[Not completed]
2019-09-20 04:49:52,911 [pool-335-thread-1] INFO  impl.RaftServerImpl (RaftServerImpl.java:<init>(93)) - 1b138595-92e4-4592-9dfc-2bb97fb4c88b: new RaftServerImpl for group-20A63989774B:[1b138595-92e4-4592-9dfc-2bb97fb4c88b:192.168.36.79:46597] with ContainerStateMachine:uninitialized
2019-09-20 04:49:52,911 [pool-335-thread-1] INFO  server.RaftServerConfigKeys (ConfUtils.java:logGet(43)) - raft.server.rpc.timeout.min = 5s (custom)
2019-09-20 04:49:52,911 [pool-335-thread-1] INFO  server.RaftServerConfigKeys (ConfUtils.java:logGet(43)) - raft.server.rpc.timeout.max = 5200ms (custom)
2019-09-20 04:49:52,911 [pool-335-thread-1] INFO  server.RaftServerConfigKeys (ConfUtils.java:logGet(43)) - raft.server.rpcslowness.timeout = 120s (custom)
2019-09-20 04:49:52,912 [pool-335-thread-1] INFO  server.RaftServerConfigKeys (ConfUtils.java:logGet(43)) - raft.server.sleep.deviation.threshold = 300 (default)
2019-09-20 04:49:52,912 [pool-335-thread-1] INFO  server.RaftServerConfigKeys (ConfUtils.java:logGet(43)) - raft.server.log.appender.install.snapshot.enabled = false (custom)
2019-09-20 04:49:52,912 [pool-335-thread-1] INFO  impl.RaftServerImpl (ServerState.java:<init>(105)) - 1b138595-92e4-4592-9dfc-2bb97fb4c88b:group-20A63989774B ConfigurationManager, init=-1: [1b138595-92e4-4592-9dfc-2bb97fb4c88b:192.168.36.79:46597], old=null, confs=<EMPTY_MAP>
2019-09-20 04:49:52,912 [pool-335-thread-1] INFO  server.RaftServerConfigKeys (ConfUtils.java:logGet(43)) - raft.server.storage.dir = [/workdir/hadoop-ozone/integration-test/target/test-dir/MiniOzoneClusterImpl-3cdd9aee-ba37-4d0d-8930-872cb3194007/datanode-2/data/ratis] (custom)
2019-09-20 04:49:52,912 [pool-335-thread-1] INFO  storage.RaftStorageDirectory (RaftStorageDirectory.java:analyzeStorage(246)) - The storage directory /workdir/hadoop-ozone/integration-test/target/test-dir/MiniOzoneClusterImpl-3cdd9aee-ba37-4d0d-8930-872cb3194007/datanode-2/data/ratis/b59fb9ad-5b82-40b0-9e6c-20a63989774b does not exist. Creating ...
2019-09-20 04:49:52,950 [pool-335-thread-1] INFO  storage.RaftStorageDirectory (RaftStorageDirectory.java:tryLock(328)) - Lock on /workdir/hadoop-ozone/integration-test/target/test-dir/MiniOzoneClusterImpl-3cdd9aee-ba37-4d0d-8930-872cb3194007/datanode-2/data/ratis/b59fb9ad-5b82-40b0-9e6c-20a63989774b/in_use.lock acquired by nodename 9457@pr-hdds-1569-s8kj2-2266485376
2019-09-20 04:49:52,975 [pool-335-thread-1] INFO  storage.RaftStorage (RaftStorage.java:format(72)) - Storage directory /workdir/hadoop-ozone/integration-test/target/test-dir/MiniOzoneClusterImpl-3cdd9aee-ba37-4d0d-8930-872cb3194007/datanode-2/data/ratis/b59fb9ad-5b82-40b0-9e6c-20a63989774b has been successfully formatted.
2019-09-20 04:49:52,976 [pool-335-thread-1] INFO  ratis.ContainerStateMachine (ContainerStateMachine.java:loadSnapshot(226)) - group-20A63989774B: The snapshot info is null. Setting the last applied indexto:(t:0, i:~)
2019-09-20 04:49:52,976 [pool-335-thread-1] INFO  server.RaftServerConfigKeys (ConfUtils.java:logGet(43)) - raft.server.leader.election.timeout = 120s (custom)
2019-09-20 04:49:52,976 [pool-335-thread-1] INFO  server.RaftServerConfigKeys (ConfUtils.java:logGet(43)) - raft.server.log.use.memory = false (default)
2019-09-20 04:49:52,976 [pool-335-thread-1] INFO  server.RaftServerConfigKeys (ConfUtils.java:logGet(43)) - raft.server.log.purge.gap = 1000000 (custom)
2019-09-20 04:49:52,976 [pool-335-thread-1] INFO  server.RaftServerConfigKeys (ConfUtils.java:logGet(43)) - raft.server.log.appender.buffer.byte-limit = 33554432 (custom)
2019-09-20 04:49:52,976 [pool-335-thread-1] INFO  server.RaftServerConfigKeys (ConfUtils.java:logGet(43)) - raft.server.log.segment.size.max = 1048576 (custom)
2019-09-20 04:49:52,976 [pool-335-thread-1] INFO  server.RaftServerConfigKeys (ConfUtils.java:logGet(43)) - raft.server.log.segment.cache.num.max = 2 (custom)
2019-09-20 04:49:52,977 [pool-335-thread-1] INFO  segmented.SegmentedRaftLogWorker (SegmentedRaftLogWorker.java:<init>(172)) - new 1b138595-92e4-4592-9dfc-2bb97fb4c88b-SegmentedRaftLogWorker:Storage Directory /workdir/hadoop-ozone/integration-test/target/test-dir/MiniOzoneClusterImpl-3cdd9aee-ba37-4d0d-8930-872cb3194007/datanode-2/data/ratis/b59fb9ad-5b82-40b0-9e6c-20a63989774b for RaftStorage:Storage Directory /workdir/hadoop-ozone/integration-test/target/test-dir/MiniOzoneClusterImpl-3cdd9aee-ba37-4d0d-8930-872cb3194007/datanode-2/data/ratis/b59fb9ad-5b82-40b0-9e6c-20a63989774b
2019-09-20 04:49:52,977 [pool-335-thread-1] INFO  server.RaftServerConfigKeys (ConfUtils.java:logGet(43)) - raft.server.log.queue.byte-limit = 2147483647 (custom)
2019-09-20 04:49:52,977 [pool-335-thread-1] INFO  server.RaftServerConfigKeys (ConfUtils.java:logGet(43)) - raft.server.log.queue.element-limit = 1024 (custom)
2019-09-20 04:49:52,977 [pool-335-thread-1] INFO  server.RaftServerConfigKeys (ConfUtils.java:logGet(43)) - raft.server.log.segment.size.max = 1048576 (custom)
2019-09-20 04:49:52,977 [pool-335-thread-1] INFO  server.RaftServerConfigKeys (ConfUtils.java:logGet(43)) - raft.server.log.preallocated.size = 16384 (custom)
2019-09-20 04:49:52,977 [pool-335-thread-1] INFO  server.RaftServerConfigKeys (ConfUtils.java:logGet(43)) - raft.server.log.write.buffer.size = 33554432 (custom)
2019-09-20 04:49:52,977 [pool-335-thread-1] INFO  server.RaftServerConfigKeys (ConfUtils.java:logGet(43)) - raft.server.log.force.sync.num = 128 (default)
2019-09-20 04:49:52,978 [pool-335-thread-1] INFO  server.RaftServerConfigKeys (ConfUtils.java:logGet(43)) - raft.server.log.statemachine.data.sync = true (default)
2019-09-20 04:49:52,978 [pool-335-thread-1] INFO  server.RaftServerConfigKeys (ConfUtils.java:logGet(43)) - raft.server.log.statemachine.data.sync.timeout = 10s (default)
2019-09-20 04:49:52,978 [pool-335-thread-1] INFO  server.RaftServerConfigKeys (ConfUtils.java:logGet(43)) - raft.server.log.statemachine.data.sync.timeout.retry = -1 (default)
2019-09-20 04:49:52,978 [pool-335-thread-1] INFO  server.RaftServerConfigKeys (ConfUtils.java:logGet(43)) - raft.server.log.statemachine.data.caching.enabled = true (custom)
2019-09-20 04:49:52,978 [pool-335-thread-1] INFO  segmented.SegmentedRaftLogWorker (SegmentedRaftLogWorker.java:lambda$new$0(132)) - 1b138595-92e4-4592-9dfc-2bb97fb4c88b-SegmentedRaftLogWorker:Storage Directory /workdir/hadoop-ozone/integration-test/target/test-dir/MiniOzoneClusterImpl-3cdd9aee-ba37-4d0d-8930-872cb3194007/datanode-2/data/ratis/b59fb9ad-5b82-40b0-9e6c-20a63989774b: flushIndex: setUnconditionally 0 -> -1
2019-09-20 04:49:52,979 [pool-335-thread-1] INFO  server.RaftServerConfigKeys (ConfUtils.java:logGet(43)) - raft.server.snapshot.auto.trigger.enabled = true (custom)
2019-09-20 04:49:52,979 [pool-335-thread-1] INFO  server.RaftServerConfigKeys (ConfUtils.java:logGet(43)) - raft.server.snapshot.auto.trigger.threshold = 10000 (custom)
2019-09-20 04:49:52,979 [pool-335-thread-1] INFO  server.RaftServerConfigKeys (ConfUtils.java:logGet(43)) - raft.server.retrycache.expirytime = 600000ms (custom)
2019-09-20 04:49:52,979 [pool-335-thread-1] INFO  impl.RaftServerImpl (RaftServerImpl.java:start(180)) - 1b138595-92e4-4592-9dfc-2bb97fb4c88b: start group-20A63989774B
2019-09-20 04:49:52,979 [pool-335-thread-1] INFO  impl.RaftServerImpl (RaftServerImpl.java:setRole(171)) - 1b138595-92e4-4592-9dfc-2bb97fb4c88b:group-20A63989774B changes role from null to FOLLOWER at term 0 for startAsFollower
2019-09-20 04:49:52,980 [pool-335-thread-1] INFO  impl.RoleInfo (RoleInfo.java:updateAndGet(143)) - 1b138595-92e4-4592-9dfc-2bb97fb4c88b: start FollowerState
2019-09-20 04:49:52,980 [pool-335-thread-1] INFO  util.JmxRegister (JmxRegister.java:tryRegister(44)) - Successfully registered JMX Bean with object name Ratis:service=RaftServer,group=group-20A63989774B,id=1b138595-92e4-4592-9dfc-2bb97fb4c88b
2019-09-20 04:49:53,235 [IPC Server handler 7 on 42399] INFO  net.NetworkTopology (NetworkTopologyImpl.java:add(110)) - Added a new node: /default-rack/6a6ac22f-fdb0-4283-a89a-a8bc92b139ca
2019-09-20 04:49:53,235 [IPC Server handler 7 on 42399] INFO  node.SCMNodeManager (SCMNodeManager.java:register(273)) - Registered Data node : 6a6ac22f-fdb0-4283-a89a-a8bc92b139ca{ip: 192.168.36.79, host: pr-hdds-1569-s8kj2-2266485376, networkLocation: /default-rack, certSerialId: null}
2019-09-20 04:49:53,235 | INFO  | SCMAudit | user=jenkins1000 | ip=192.168.36.79 | op=REGISTER {datanodeDetails=6a6ac22f-fdb0-4283-a89a-a8bc92b139ca{ip: 192.168.36.79, host: pr-hdds-1569-s8kj2-2266485376, networkLocation: /default-rack, certSerialId: null}} | ret=SUCCESS |  
2019-09-20 04:49:53,236 [RatisPipelineUtilsThread] INFO  pipeline.PipelineStateManager (PipelineStateManager.java:addPipeline(56)) - Created pipeline Pipeline[ Id: b59fb9ad-5b82-40b0-9e6c-20a63989774b, Nodes: 1b138595-92e4-4592-9dfc-2bb97fb4c88b{ip: 192.168.36.79, host: pr-hdds-1569-s8kj2-2266485376, networkLocation: /default-rack, certSerialId: null}, Type:RATIS, Factor:ONE, State:OPEN]
2019-09-20 04:49:53,237 [RatisPipelineUtilsThread] INFO  pipeline.PipelinePlacementPolicy (PipelinePlacementPolicy.java:meetCriteria(91)) - Pipeline Placement: Doesn't meet the criteria to be viable node： c82e94d7-3693-4569-94b0-cf8ff008d5c0 Heaviness: 6 limit: 5
2019-09-20 04:49:53,237 [RatisPipelineUtilsThread] INFO  pipeline.PipelinePlacementPolicy (PipelinePlacementPolicy.java:meetCriteria(91)) - Pipeline Placement: Doesn't meet the criteria to be viable node： 37fe2768-1af7-42e7-8542-10b932802b02 Heaviness: 6 limit: 5
2019-09-20 04:49:53,240 [grpc-default-executor-1] INFO  impl.RaftServerProxy (RaftServerProxy.java:addNew(89)) - 1b138595-92e4-4592-9dfc-2bb97fb4c88b: addNew group-CDE693C87C09:[1b138595-92e4-4592-9dfc-2bb97fb4c88b:192.168.36.79:46597] returns group-CDE693C87C09:java.util.concurrent.CompletableFuture@94cc7e2[Not completed]
2019-09-20 04:49:53,241 [pool-335-thread-1] INFO  impl.RaftServerImpl (RaftServerImpl.java:<init>(93)) - 1b138595-92e4-4592-9dfc-2bb97fb4c88b: new RaftServerImpl for group-CDE693C87C09:[1b138595-92e4-4592-9dfc-2bb97fb4c88b:192.168.36.79:46597] with ContainerStateMachine:uninitialized
2019-09-20 04:49:53,241 [pool-335-thread-1] INFO  server.RaftServerConfigKeys (ConfUtils.java:logGet(43)) - raft.server.rpc.timeout.min = 5s (custom)
2019-09-20 04:49:53,241 [pool-335-thread-1] INFO  server.RaftServerConfigKeys (ConfUtils.java:logGet(43)) - raft.server.rpc.timeout.max = 5200ms (custom)
2019-09-20 04:49:53,241 [pool-335-thread-1] INFO  server.RaftServerConfigKeys (ConfUtils.java:logGet(43)) - raft.server.rpcslowness.timeout = 120s (custom)
2019-09-20 04:49:53,241 [pool-335-thread-1] INFO  server.RaftServerConfigKeys (ConfUtils.java:logGet(43)) - raft.server.sleep.deviation.threshold = 300 (default)
2019-09-20 04:49:53,241 [pool-335-thread-1] INFO  server.RaftServerConfigKeys (ConfUtils.java:logGet(43)) - raft.server.log.appender.install.snapshot.enabled = false (custom)
2019-09-20 04:49:53,241 [pool-335-thread-1] INFO  impl.RaftServerImpl (ServerState.java:<init>(105)) - 1b138595-92e4-4592-9dfc-2bb97fb4c88b:group-CDE693C87C09 ConfigurationManager, init=-1: [1b138595-92e4-4592-9dfc-2bb97fb4c88b:192.168.36.79:46597], old=null, confs=<EMPTY_MAP>
2019-09-20 04:49:53,242 [pool-335-thread-1] INFO  server.RaftServerConfigKeys (ConfUtils.java:logGet(43)) - raft.server.storage.dir = [/workdir/hadoop-ozone/integration-test/target/test-dir/MiniOzoneClusterImpl-3cdd9aee-ba37-4d0d-8930-872cb3194007/datanode-2/data/ratis] (custom)
2019-09-20 04:49:53,242 [pool-335-thread-1] INFO  storage.RaftStorageDirectory (RaftStorageDirectory.java:analyzeStorage(246)) - The storage directory /workdir/hadoop-ozone/integration-test/target/test-dir/MiniOzoneClusterImpl-3cdd9aee-ba37-4d0d-8930-872cb3194007/datanode-2/data/ratis/fe2a9fec-2699-4397-9d66-cde693c87c09 does not exist. Creating ...
2019-09-20 04:49:53,259 [pool-335-thread-1] INFO  storage.RaftStorageDirectory (RaftStorageDirectory.java:tryLock(328)) - Lock on /workdir/hadoop-ozone/integration-test/target/test-dir/MiniOzoneClusterImpl-3cdd9aee-ba37-4d0d-8930-872cb3194007/datanode-2/data/ratis/fe2a9fec-2699-4397-9d66-cde693c87c09/in_use.lock acquired by nodename 9457@pr-hdds-1569-s8kj2-2266485376
2019-09-20 04:49:53,284 [pool-335-thread-1] INFO  storage.RaftStorage (RaftStorage.java:format(72)) - Storage directory /workdir/hadoop-ozone/integration-test/target/test-dir/MiniOzoneClusterImpl-3cdd9aee-ba37-4d0d-8930-872cb3194007/datanode-2/data/ratis/fe2a9fec-2699-4397-9d66-cde693c87c09 has been successfully formatted.
2019-09-20 04:49:53,285 [pool-335-thread-1] INFO  ratis.ContainerStateMachine (ContainerStateMachine.java:loadSnapshot(226)) - group-CDE693C87C09: The snapshot info is null. Setting the last applied indexto:(t:0, i:~)
2019-09-20 04:49:53,285 [pool-335-thread-1] INFO  server.RaftServerConfigKeys (ConfUtils.java:logGet(43)) - raft.server.leader.election.timeout = 120s (custom)
2019-09-20 04:49:53,285 [pool-335-thread-1] INFO  server.RaftServerConfigKeys (ConfUtils.java:logGet(43)) - raft.server.log.use.memory = false (default)
2019-09-20 04:49:53,285 [pool-335-thread-1] INFO  server.RaftServerConfigKeys (ConfUtils.java:logGet(43)) - raft.server.log.purge.gap = 1000000 (custom)
2019-09-20 04:49:53,285 [pool-335-thread-1] INFO  server.RaftServerConfigKeys (ConfUtils.java:logGet(43)) - raft.server.log.appender.buffer.byte-limit = 33554432 (custom)
2019-09-20 04:49:53,285 [pool-335-thread-1] INFO  server.RaftServerConfigKeys (ConfUtils.java:logGet(43)) - raft.server.log.segment.size.max = 1048576 (custom)
2019-09-20 04:49:53,285 [pool-335-thread-1] INFO  server.RaftServerConfigKeys (ConfUtils.java:logGet(43)) - raft.server.log.segment.cache.num.max = 2 (custom)
2019-09-20 04:49:53,285 [pool-335-thread-1] INFO  segmented.SegmentedRaftLogWorker (SegmentedRaftLogWorker.java:<init>(172)) - new 1b138595-92e4-4592-9dfc-2bb97fb4c88b-SegmentedRaftLogWorker:Storage Directory /workdir/hadoop-ozone/integration-test/target/test-dir/MiniOzoneClusterImpl-3cdd9aee-ba37-4d0d-8930-872cb3194007/datanode-2/data/ratis/fe2a9fec-2699-4397-9d66-cde693c87c09 for RaftStorage:Storage Directory /workdir/hadoop-ozone/integration-test/target/test-dir/MiniOzoneClusterImpl-3cdd9aee-ba37-4d0d-8930-872cb3194007/datanode-2/data/ratis/fe2a9fec-2699-4397-9d66-cde693c87c09
2019-09-20 04:49:53,286 [pool-335-thread-1] INFO  server.RaftServerConfigKeys (ConfUtils.java:logGet(43)) - raft.server.log.queue.byte-limit = 2147483647 (custom)
2019-09-20 04:49:53,286 [pool-335-thread-1] INFO  server.RaftServerConfigKeys (ConfUtils.java:logGet(43)) - raft.server.log.queue.element-limit = 1024 (custom)
2019-09-20 04:49:53,286 [pool-335-thread-1] INFO  server.RaftServerConfigKeys (ConfUtils.java:logGet(43)) - raft.server.log.segment.size.max = 1048576 (custom)
2019-09-20 04:49:53,286 [pool-335-thread-1] INFO  server.RaftServerConfigKeys (ConfUtils.java:logGet(43)) - raft.server.log.preallocated.size = 16384 (custom)
2019-09-20 04:49:53,286 [pool-335-thread-1] INFO  server.RaftServerConfigKeys (ConfUtils.java:logGet(43)) - raft.server.log.write.buffer.size = 33554432 (custom)
2019-09-20 04:49:53,286 [pool-335-thread-1] INFO  server.RaftServerConfigKeys (ConfUtils.java:logGet(43)) - raft.server.log.force.sync.num = 128 (default)
2019-09-20 04:49:53,286 [pool-335-thread-1] INFO  server.RaftServerConfigKeys (ConfUtils.java:logGet(43)) - raft.server.log.statemachine.data.sync = true (default)
2019-09-20 04:49:53,286 [pool-335-thread-1] INFO  server.RaftServerConfigKeys (ConfUtils.java:logGet(43)) - raft.server.log.statemachine.data.sync.timeout = 10s (default)
2019-09-20 04:49:53,287 [pool-335-thread-1] INFO  server.RaftServerConfigKeys (ConfUtils.java:logGet(43)) - raft.server.log.statemachine.data.sync.timeout.retry = -1 (default)
2019-09-20 04:49:53,287 [pool-335-thread-1] INFO  server.RaftServerConfigKeys (ConfUtils.java:logGet(43)) - raft.server.log.statemachine.data.caching.enabled = true (custom)
2019-09-20 04:49:53,287 [pool-335-thread-1] INFO  segmented.SegmentedRaftLogWorker (SegmentedRaftLogWorker.java:lambda$new$0(132)) - 1b138595-92e4-4592-9dfc-2bb97fb4c88b-SegmentedRaftLogWorker:Storage Directory /workdir/hadoop-ozone/integration-test/target/test-dir/MiniOzoneClusterImpl-3cdd9aee-ba37-4d0d-8930-872cb3194007/datanode-2/data/ratis/fe2a9fec-2699-4397-9d66-cde693c87c09: flushIndex: setUnconditionally 0 -> -1
2019-09-20 04:49:53,287 [pool-335-thread-1] INFO  server.RaftServerConfigKeys (ConfUtils.java:logGet(43)) - raft.server.snapshot.auto.trigger.enabled = true (custom)
2019-09-20 04:49:53,287 [pool-335-thread-1] INFO  server.RaftServerConfigKeys (ConfUtils.java:logGet(43)) - raft.server.snapshot.auto.trigger.threshold = 10000 (custom)
2019-09-20 04:49:53,288 [pool-335-thread-1] INFO  server.RaftServerConfigKeys (ConfUtils.java:logGet(43)) - raft.server.retrycache.expirytime = 600000ms (custom)
2019-09-20 04:49:53,288 [pool-335-thread-1] INFO  impl.RaftServerImpl (RaftServerImpl.java:start(180)) - 1b138595-92e4-4592-9dfc-2bb97fb4c88b: start group-CDE693C87C09
2019-09-20 04:49:53,288 [pool-335-thread-1] INFO  impl.RaftServerImpl (RaftServerImpl.java:setRole(171)) - 1b138595-92e4-4592-9dfc-2bb97fb4c88b:group-CDE693C87C09 changes role from null to FOLLOWER at term 0 for startAsFollower
2019-09-20 04:49:53,288 [pool-335-thread-1] INFO  impl.RoleInfo (RoleInfo.java:updateAndGet(143)) - 1b138595-92e4-4592-9dfc-2bb97fb4c88b: start FollowerState
2019-09-20 04:49:53,288 [pool-335-thread-1] INFO  util.JmxRegister (JmxRegister.java:tryRegister(44)) - Successfully registered JMX Bean with object name Ratis:service=RaftServer,group=group-CDE693C87C09,id=1b138595-92e4-4592-9dfc-2bb97fb4c88b
2019-09-20 04:49:53,291 [RatisPipelineUtilsThread] INFO  pipeline.PipelineStateManager (PipelineStateManager.java:addPipeline(56)) - Created pipeline Pipeline[ Id: fe2a9fec-2699-4397-9d66-cde693c87c09, Nodes: 1b138595-92e4-4592-9dfc-2bb97fb4c88b{ip: 192.168.36.79, host: pr-hdds-1569-s8kj2-2266485376, networkLocation: /default-rack, certSerialId: null}, Type:RATIS, Factor:ONE, State:OPEN]
2019-09-20 04:49:53,291 [RatisPipelineUtilsThread] INFO  pipeline.PipelinePlacementPolicy (PipelinePlacementPolicy.java:meetCriteria(91)) - Pipeline Placement: Doesn't meet the criteria to be viable node： c82e94d7-3693-4569-94b0-cf8ff008d5c0 Heaviness: 6 limit: 5
2019-09-20 04:49:53,291 [RatisPipelineUtilsThread] INFO  pipeline.PipelinePlacementPolicy (PipelinePlacementPolicy.java:meetCriteria(91)) - Pipeline Placement: Doesn't meet the criteria to be viable node： 1b138595-92e4-4592-9dfc-2bb97fb4c88b Heaviness: 6 limit: 5
2019-09-20 04:49:53,291 [RatisPipelineUtilsThread] INFO  pipeline.PipelinePlacementPolicy (PipelinePlacementPolicy.java:meetCriteria(91)) - Pipeline Placement: Doesn't meet the criteria to be viable node： 37fe2768-1af7-42e7-8542-10b932802b02 Heaviness: 6 limit: 5
2019-09-20 04:49:53,306 [grpc-default-executor-1] INFO  impl.RaftServerProxy (RaftServerProxy.java:addNew(89)) - 6a6ac22f-fdb0-4283-a89a-a8bc92b139ca: addNew group-282407ED2169:[6a6ac22f-fdb0-4283-a89a-a8bc92b139ca:192.168.36.79:45432] returns group-282407ED2169:java.util.concurrent.CompletableFuture@7d7f62c[Not completed]
2019-09-20 04:49:53,308 [pool-357-thread-1] INFO  impl.RaftServerImpl (RaftServerImpl.java:<init>(93)) - 6a6ac22f-fdb0-4283-a89a-a8bc92b139ca: new RaftServerImpl for group-282407ED2169:[6a6ac22f-fdb0-4283-a89a-a8bc92b139ca:192.168.36.79:45432] with ContainerStateMachine:uninitialized
2019-09-20 04:49:53,308 [pool-357-thread-1] INFO  server.RaftServerConfigKeys (ConfUtils.java:logGet(43)) - raft.server.rpc.timeout.min = 5s (custom)
2019-09-20 04:49:53,308 [pool-357-thread-1] INFO  server.RaftServerConfigKeys (ConfUtils.java:logGet(43)) - raft.server.rpc.timeout.max = 5200ms (custom)
2019-09-20 04:49:53,308 [pool-357-thread-1] INFO  server.RaftServerConfigKeys (ConfUtils.java:logGet(43)) - raft.server.rpcslowness.timeout = 120s (custom)
2019-09-20 04:49:53,308 [pool-357-thread-1] INFO  server.RaftServerConfigKeys (ConfUtils.java:logGet(43)) - raft.server.sleep.deviation.threshold = 300 (default)
2019-09-20 04:49:53,308 [pool-357-thread-1] INFO  server.RaftServerConfigKeys (ConfUtils.java:logGet(43)) - raft.server.log.appender.install.snapshot.enabled = false (custom)
2019-09-20 04:49:53,308 [pool-357-thread-1] INFO  impl.RaftServerImpl (ServerState.java:<init>(105)) - 6a6ac22f-fdb0-4283-a89a-a8bc92b139ca:group-282407ED2169 ConfigurationManager, init=-1: [6a6ac22f-fdb0-4283-a89a-a8bc92b139ca:192.168.36.79:45432], old=null, confs=<EMPTY_MAP>
2019-09-20 04:49:53,309 [pool-357-thread-1] INFO  server.RaftServerConfigKeys (ConfUtils.java:logGet(43)) - raft.server.storage.dir = [/workdir/hadoop-ozone/integration-test/target/test-dir/MiniOzoneClusterImpl-3cdd9aee-ba37-4d0d-8930-872cb3194007/datanode-4/data/ratis] (custom)
2019-09-20 04:49:53,309 [pool-357-thread-1] INFO  storage.RaftStorageDirectory (RaftStorageDirectory.java:analyzeStorage(246)) - The storage directory /workdir/hadoop-ozone/integration-test/target/test-dir/MiniOzoneClusterImpl-3cdd9aee-ba37-4d0d-8930-872cb3194007/datanode-4/data/ratis/73bd45a6-c917-40c1-9ff8-282407ed2169 does not exist. Creating ...
2019-09-20 04:49:53,334 [pool-357-thread-1] INFO  storage.RaftStorageDirectory (RaftStorageDirectory.java:tryLock(328)) - Lock on /workdir/hadoop-ozone/integration-test/target/test-dir/MiniOzoneClusterImpl-3cdd9aee-ba37-4d0d-8930-872cb3194007/datanode-4/data/ratis/73bd45a6-c917-40c1-9ff8-282407ed2169/in_use.lock acquired by nodename 9457@pr-hdds-1569-s8kj2-2266485376
2019-09-20 04:49:53,352 [pool-357-thread-1] INFO  storage.RaftStorage (RaftStorage.java:format(72)) - Storage directory /workdir/hadoop-ozone/integration-test/target/test-dir/MiniOzoneClusterImpl-3cdd9aee-ba37-4d0d-8930-872cb3194007/datanode-4/data/ratis/73bd45a6-c917-40c1-9ff8-282407ed2169 has been successfully formatted.
2019-09-20 04:49:53,352 [pool-357-thread-1] INFO  ratis.ContainerStateMachine (ContainerStateMachine.java:loadSnapshot(226)) - group-282407ED2169: The snapshot info is null. Setting the last applied indexto:(t:0, i:~)
2019-09-20 04:49:53,352 [pool-357-thread-1] INFO  server.RaftServerConfigKeys (ConfUtils.java:logGet(43)) - raft.server.leader.election.timeout = 120s (custom)
2019-09-20 04:49:53,352 [pool-357-thread-1] INFO  server.RaftServerConfigKeys (ConfUtils.java:logGet(43)) - raft.server.log.use.memory = false (default)
2019-09-20 04:49:53,352 [pool-357-thread-1] INFO  server.RaftServerConfigKeys (ConfUtils.java:logGet(43)) - raft.server.log.purge.gap = 1000000 (custom)
2019-09-20 04:49:53,352 [pool-357-thread-1] INFO  server.RaftServerConfigKeys (ConfUtils.java:logGet(43)) - raft.server.log.appender.buffer.byte-limit = 33554432 (custom)
2019-09-20 04:49:53,352 [pool-357-thread-1] INFO  server.RaftServerConfigKeys (ConfUtils.java:logGet(43)) - raft.server.log.segment.size.max = 1048576 (custom)
2019-09-20 04:49:53,352 [pool-357-thread-1] INFO  server.RaftServerConfigKeys (ConfUtils.java:logGet(43)) - raft.server.log.segment.cache.num.max = 2 (custom)
2019-09-20 04:49:53,353 [pool-357-thread-1] INFO  segmented.SegmentedRaftLogWorker (SegmentedRaftLogWorker.java:<init>(172)) - new 6a6ac22f-fdb0-4283-a89a-a8bc92b139ca-SegmentedRaftLogWorker:Storage Directory /workdir/hadoop-ozone/integration-test/target/test-dir/MiniOzoneClusterImpl-3cdd9aee-ba37-4d0d-8930-872cb3194007/datanode-4/data/ratis/73bd45a6-c917-40c1-9ff8-282407ed2169 for RaftStorage:Storage Directory /workdir/hadoop-ozone/integration-test/target/test-dir/MiniOzoneClusterImpl-3cdd9aee-ba37-4d0d-8930-872cb3194007/datanode-4/data/ratis/73bd45a6-c917-40c1-9ff8-282407ed2169
2019-09-20 04:49:53,353 [pool-357-thread-1] INFO  server.RaftServerConfigKeys (ConfUtils.java:logGet(43)) - raft.server.log.queue.byte-limit = 2147483647 (custom)
2019-09-20 04:49:53,353 [pool-357-thread-1] INFO  server.RaftServerConfigKeys (ConfUtils.java:logGet(43)) - raft.server.log.queue.element-limit = 1024 (custom)
2019-09-20 04:49:53,353 [pool-357-thread-1] INFO  server.RaftServerConfigKeys (ConfUtils.java:logGet(43)) - raft.server.log.segment.size.max = 1048576 (custom)
2019-09-20 04:49:53,353 [pool-357-thread-1] INFO  server.RaftServerConfigKeys (ConfUtils.java:logGet(43)) - raft.server.log.preallocated.size = 16384 (custom)
2019-09-20 04:49:53,353 [pool-357-thread-1] INFO  server.RaftServerConfigKeys (ConfUtils.java:logGet(43)) - raft.server.log.write.buffer.size = 33554432 (custom)
2019-09-20 04:49:53,353 [pool-357-thread-1] INFO  server.RaftServerConfigKeys (ConfUtils.java:logGet(43)) - raft.server.log.force.sync.num = 128 (default)
2019-09-20 04:49:53,354 [pool-357-thread-1] INFO  server.RaftServerConfigKeys (ConfUtils.java:logGet(43)) - raft.server.log.statemachine.data.sync = true (default)
2019-09-20 04:49:53,354 [pool-357-thread-1] INFO  server.RaftServerConfigKeys (ConfUtils.java:logGet(43)) - raft.server.log.statemachine.data.sync.timeout = 10s (default)
2019-09-20 04:49:53,354 [pool-357-thread-1] INFO  server.RaftServerConfigKeys (ConfUtils.java:logGet(43)) - raft.server.log.statemachine.data.sync.timeout.retry = -1 (default)
2019-09-20 04:49:53,354 [pool-357-thread-1] INFO  server.RaftServerConfigKeys (ConfUtils.java:logGet(43)) - raft.server.log.statemachine.data.caching.enabled = true (custom)
2019-09-20 04:49:53,354 [pool-357-thread-1] INFO  segmented.SegmentedRaftLogWorker (SegmentedRaftLogWorker.java:lambda$new$0(132)) - 6a6ac22f-fdb0-4283-a89a-a8bc92b139ca-SegmentedRaftLogWorker:Storage Directory /workdir/hadoop-ozone/integration-test/target/test-dir/MiniOzoneClusterImpl-3cdd9aee-ba37-4d0d-8930-872cb3194007/datanode-4/data/ratis/73bd45a6-c917-40c1-9ff8-282407ed2169: flushIndex: setUnconditionally 0 -> -1
2019-09-20 04:49:53,355 [pool-357-thread-1] INFO  server.RaftServerConfigKeys (ConfUtils.java:logGet(43)) - raft.server.snapshot.auto.trigger.enabled = true (custom)
2019-09-20 04:49:53,355 [pool-357-thread-1] INFO  server.RaftServerConfigKeys (ConfUtils.java:logGet(43)) - raft.server.snapshot.auto.trigger.threshold = 10000 (custom)
2019-09-20 04:49:53,355 [pool-357-thread-1] INFO  server.RaftServerConfigKeys (ConfUtils.java:logGet(43)) - raft.server.retrycache.expirytime = 600000ms (custom)
2019-09-20 04:49:53,355 [pool-357-thread-1] INFO  impl.RaftServerImpl (RaftServerImpl.java:start(180)) - 6a6ac22f-fdb0-4283-a89a-a8bc92b139ca: start group-282407ED2169
2019-09-20 04:49:53,355 [pool-357-thread-1] INFO  impl.RaftServerImpl (RaftServerImpl.java:setRole(171)) - 6a6ac22f-fdb0-4283-a89a-a8bc92b139ca:group-282407ED2169 changes role from null to FOLLOWER at term 0 for startAsFollower
2019-09-20 04:49:53,355 [pool-357-thread-1] INFO  impl.RoleInfo (RoleInfo.java:updateAndGet(143)) - 6a6ac22f-fdb0-4283-a89a-a8bc92b139ca: start FollowerState
2019-09-20 04:49:53,355 [pool-357-thread-1] INFO  util.JmxRegister (JmxRegister.java:tryRegister(44)) - Successfully registered JMX Bean with object name Ratis:service=RaftServer,group=group-282407ED2169,id=6a6ac22f-fdb0-4283-a89a-a8bc92b139ca
2019-09-20 04:49:53,357 [RatisPipelineUtilsThread] INFO  pipeline.PipelineStateManager (PipelineStateManager.java:addPipeline(56)) - Created pipeline Pipeline[ Id: 73bd45a6-c917-40c1-9ff8-282407ed2169, Nodes: 6a6ac22f-fdb0-4283-a89a-a8bc92b139ca{ip: 192.168.36.79, host: pr-hdds-1569-s8kj2-2266485376, networkLocation: /default-rack, certSerialId: null}, Type:RATIS, Factor:ONE, State:OPEN]
2019-09-20 04:49:53,358 [RatisPipelineUtilsThread] INFO  pipeline.PipelinePlacementPolicy (PipelinePlacementPolicy.java:meetCriteria(91)) - Pipeline Placement: Doesn't meet the criteria to be viable node： c82e94d7-3693-4569-94b0-cf8ff008d5c0 Heaviness: 6 limit: 5
2019-09-20 04:49:53,358 [RatisPipelineUtilsThread] INFO  pipeline.PipelinePlacementPolicy (PipelinePlacementPolicy.java:meetCriteria(91)) - Pipeline Placement: Doesn't meet the criteria to be viable node： 1b138595-92e4-4592-9dfc-2bb97fb4c88b Heaviness: 6 limit: 5
2019-09-20 04:49:53,358 [RatisPipelineUtilsThread] INFO  pipeline.PipelinePlacementPolicy (PipelinePlacementPolicy.java:meetCriteria(91)) - Pipeline Placement: Doesn't meet the criteria to be viable node： 37fe2768-1af7-42e7-8542-10b932802b02 Heaviness: 6 limit: 5
2019-09-20 04:49:53,370 [grpc-default-executor-1] INFO  impl.RaftServerProxy (RaftServerProxy.java:addNew(89)) - c9787825-ea51-4014-8feb-b4ee136c6b23: addNew group-CA37399D5588:[c9787825-ea51-4014-8feb-b4ee136c6b23:192.168.36.79:40747] returns group-CA37399D5588:java.util.concurrent.CompletableFuture@73decdf7[Not completed]
2019-09-20 04:49:53,371 [pool-346-thread-1] INFO  impl.RaftServerImpl (RaftServerImpl.java:<init>(93)) - c9787825-ea51-4014-8feb-b4ee136c6b23: new RaftServerImpl for group-CA37399D5588:[c9787825-ea51-4014-8feb-b4ee136c6b23:192.168.36.79:40747] with ContainerStateMachine:uninitialized
2019-09-20 04:49:53,371 [pool-346-thread-1] INFO  server.RaftServerConfigKeys (ConfUtils.java:logGet(43)) - raft.server.rpc.timeout.min = 5s (custom)
2019-09-20 04:49:53,371 [pool-346-thread-1] INFO  server.RaftServerConfigKeys (ConfUtils.java:logGet(43)) - raft.server.rpc.timeout.max = 5200ms (custom)
2019-09-20 04:49:53,371 [pool-346-thread-1] INFO  server.RaftServerConfigKeys (ConfUtils.java:logGet(43)) - raft.server.rpcslowness.timeout = 120s (custom)
2019-09-20 04:49:53,371 [pool-346-thread-1] INFO  server.RaftServerConfigKeys (ConfUtils.java:logGet(43)) - raft.server.sleep.deviation.threshold = 300 (default)
2019-09-20 04:49:53,371 [pool-346-thread-1] INFO  server.RaftServerConfigKeys (ConfUtils.java:logGet(43)) - raft.server.log.appender.install.snapshot.enabled = false (custom)
2019-09-20 04:49:53,371 [pool-346-thread-1] INFO  impl.RaftServerImpl (ServerState.java:<init>(105)) - c9787825-ea51-4014-8feb-b4ee136c6b23:group-CA37399D5588 ConfigurationManager, init=-1: [c9787825-ea51-4014-8feb-b4ee136c6b23:192.168.36.79:40747], old=null, confs=<EMPTY_MAP>
2019-09-20 04:49:53,371 [pool-346-thread-1] INFO  server.RaftServerConfigKeys (ConfUtils.java:logGet(43)) - raft.server.storage.dir = [/workdir/hadoop-ozone/integration-test/target/test-dir/MiniOzoneClusterImpl-3cdd9aee-ba37-4d0d-8930-872cb3194007/datanode-3/data/ratis] (custom)
2019-09-20 04:49:53,372 [pool-346-thread-1] INFO  storage.RaftStorageDirectory (RaftStorageDirectory.java:analyzeStorage(246)) - The storage directory /workdir/hadoop-ozone/integration-test/target/test-dir/MiniOzoneClusterImpl-3cdd9aee-ba37-4d0d-8930-872cb3194007/datanode-3/data/ratis/6f6cd205-1b88-4ce7-a2dc-ca37399d5588 does not exist. Creating ...
2019-09-20 04:49:53,402 [pool-346-thread-1] INFO  storage.RaftStorageDirectory (RaftStorageDirectory.java:tryLock(328)) - Lock on /workdir/hadoop-ozone/integration-test/target/test-dir/MiniOzoneClusterImpl-3cdd9aee-ba37-4d0d-8930-872cb3194007/datanode-3/data/ratis/6f6cd205-1b88-4ce7-a2dc-ca37399d5588/in_use.lock acquired by nodename 9457@pr-hdds-1569-s8kj2-2266485376
2019-09-20 04:49:53,436 [pool-346-thread-1] INFO  storage.RaftStorage (RaftStorage.java:format(72)) - Storage directory /workdir/hadoop-ozone/integration-test/target/test-dir/MiniOzoneClusterImpl-3cdd9aee-ba37-4d0d-8930-872cb3194007/datanode-3/data/ratis/6f6cd205-1b88-4ce7-a2dc-ca37399d5588 has been successfully formatted.
2019-09-20 04:49:53,436 [pool-346-thread-1] INFO  ratis.ContainerStateMachine (ContainerStateMachine.java:loadSnapshot(226)) - group-CA37399D5588: The snapshot info is null. Setting the last applied indexto:(t:0, i:~)
2019-09-20 04:49:53,436 [pool-346-thread-1] INFO  server.RaftServerConfigKeys (ConfUtils.java:logGet(43)) - raft.server.leader.election.timeout = 120s (custom)
2019-09-20 04:49:53,436 [pool-346-thread-1] INFO  server.RaftServerConfigKeys (ConfUtils.java:logGet(43)) - raft.server.log.use.memory = false (default)
2019-09-20 04:49:53,436 [pool-346-thread-1] INFO  server.RaftServerConfigKeys (ConfUtils.java:logGet(43)) - raft.server.log.purge.gap = 1000000 (custom)
2019-09-20 04:49:53,437 [pool-346-thread-1] INFO  server.RaftServerConfigKeys (ConfUtils.java:logGet(43)) - raft.server.log.appender.buffer.byte-limit = 33554432 (custom)
2019-09-20 04:49:53,437 [pool-346-thread-1] INFO  server.RaftServerConfigKeys (ConfUtils.java:logGet(43)) - raft.server.log.segment.size.max = 1048576 (custom)
2019-09-20 04:49:53,437 [pool-346-thread-1] INFO  server.RaftServerConfigKeys (ConfUtils.java:logGet(43)) - raft.server.log.segment.cache.num.max = 2 (custom)
2019-09-20 04:49:53,437 [pool-346-thread-1] INFO  segmented.SegmentedRaftLogWorker (SegmentedRaftLogWorker.java:<init>(172)) - new c9787825-ea51-4014-8feb-b4ee136c6b23-SegmentedRaftLogWorker:Storage Directory /workdir/hadoop-ozone/integration-test/target/test-dir/MiniOzoneClusterImpl-3cdd9aee-ba37-4d0d-8930-872cb3194007/datanode-3/data/ratis/6f6cd205-1b88-4ce7-a2dc-ca37399d5588 for RaftStorage:Storage Directory /workdir/hadoop-ozone/integration-test/target/test-dir/MiniOzoneClusterImpl-3cdd9aee-ba37-4d0d-8930-872cb3194007/datanode-3/data/ratis/6f6cd205-1b88-4ce7-a2dc-ca37399d5588
2019-09-20 04:49:53,437 [pool-346-thread-1] INFO  server.RaftServerConfigKeys (ConfUtils.java:logGet(43)) - raft.server.log.queue.byte-limit = 2147483647 (custom)
2019-09-20 04:49:53,438 [pool-346-thread-1] INFO  server.RaftServerConfigKeys (ConfUtils.java:logGet(43)) - raft.server.log.queue.element-limit = 1024 (custom)
2019-09-20 04:49:53,438 [pool-346-thread-1] INFO  server.RaftServerConfigKeys (ConfUtils.java:logGet(43)) - raft.server.log.segment.size.max = 1048576 (custom)
2019-09-20 04:49:53,438 [pool-346-thread-1] INFO  server.RaftServerConfigKeys (ConfUtils.java:logGet(43)) - raft.server.log.preallocated.size = 16384 (custom)
2019-09-20 04:49:53,438 [pool-346-thread-1] INFO  server.RaftServerConfigKeys (ConfUtils.java:logGet(43)) - raft.server.log.write.buffer.size = 33554432 (custom)
2019-09-20 04:49:53,438 [pool-346-thread-1] INFO  server.RaftServerConfigKeys (ConfUtils.java:logGet(43)) - raft.server.log.force.sync.num = 128 (default)
2019-09-20 04:49:53,439 [pool-346-thread-1] INFO  server.RaftServerConfigKeys (ConfUtils.java:logGet(43)) - raft.server.log.statemachine.data.sync = true (default)
2019-09-20 04:49:53,439 [pool-346-thread-1] INFO  server.RaftServerConfigKeys (ConfUtils.java:logGet(43)) - raft.server.log.statemachine.data.sync.timeout = 10s (default)
2019-09-20 04:49:53,439 [pool-346-thread-1] INFO  server.RaftServerConfigKeys (ConfUtils.java:logGet(43)) - raft.server.log.statemachine.data.sync.timeout.retry = -1 (default)
2019-09-20 04:49:53,439 [pool-346-thread-1] INFO  server.RaftServerConfigKeys (ConfUtils.java:logGet(43)) - raft.server.log.statemachine.data.caching.enabled = true (custom)
2019-09-20 04:49:53,439 [pool-346-thread-1] INFO  segmented.SegmentedRaftLogWorker (SegmentedRaftLogWorker.java:lambda$new$0(132)) - c9787825-ea51-4014-8feb-b4ee136c6b23-SegmentedRaftLogWorker:Storage Directory /workdir/hadoop-ozone/integration-test/target/test-dir/MiniOzoneClusterImpl-3cdd9aee-ba37-4d0d-8930-872cb3194007/datanode-3/data/ratis/6f6cd205-1b88-4ce7-a2dc-ca37399d5588: flushIndex: setUnconditionally 0 -> -1
2019-09-20 04:49:53,440 [pool-346-thread-1] INFO  server.RaftServerConfigKeys (ConfUtils.java:logGet(43)) - raft.server.snapshot.auto.trigger.enabled = true (custom)
2019-09-20 04:49:53,440 [pool-346-thread-1] INFO  server.RaftServerConfigKeys (ConfUtils.java:logGet(43)) - raft.server.snapshot.auto.trigger.threshold = 10000 (custom)
2019-09-20 04:49:53,440 [pool-346-thread-1] INFO  server.RaftServerConfigKeys (ConfUtils.java:logGet(43)) - raft.server.retrycache.expirytime = 600000ms (custom)
2019-09-20 04:49:53,440 [pool-346-thread-1] INFO  impl.RaftServerImpl (RaftServerImpl.java:start(180)) - c9787825-ea51-4014-8feb-b4ee136c6b23: start group-CA37399D5588
2019-09-20 04:49:53,441 [pool-346-thread-1] INFO  impl.RaftServerImpl (RaftServerImpl.java:setRole(171)) - c9787825-ea51-4014-8feb-b4ee136c6b23:group-CA37399D5588 changes role from null to FOLLOWER at term 0 for startAsFollower
2019-09-20 04:49:53,441 [pool-346-thread-1] INFO  impl.RoleInfo (RoleInfo.java:updateAndGet(143)) - c9787825-ea51-4014-8feb-b4ee136c6b23: start FollowerState
2019-09-20 04:49:53,441 [pool-346-thread-1] INFO  util.JmxRegister (JmxRegister.java:tryRegister(44)) - Successfully registered JMX Bean with object name Ratis:service=RaftServer,group=group-CA37399D5588,id=c9787825-ea51-4014-8feb-b4ee136c6b23
2019-09-20 04:49:53,444 [RatisPipelineUtilsThread] INFO  pipeline.PipelineStateManager (PipelineStateManager.java:addPipeline(56)) - Created pipeline Pipeline[ Id: 6f6cd205-1b88-4ce7-a2dc-ca37399d5588, Nodes: c9787825-ea51-4014-8feb-b4ee136c6b23{ip: 192.168.36.79, host: pr-hdds-1569-s8kj2-2266485376, networkLocation: /default-rack, certSerialId: null}, Type:RATIS, Factor:ONE, State:OPEN]
2019-09-20 04:49:53,444 [RatisPipelineUtilsThread] INFO  pipeline.PipelinePlacementPolicy (PipelinePlacementPolicy.java:meetCriteria(91)) - Pipeline Placement: Doesn't meet the criteria to be viable node： c82e94d7-3693-4569-94b0-cf8ff008d5c0 Heaviness: 6 limit: 5
2019-09-20 04:49:53,445 [RatisPipelineUtilsThread] INFO  pipeline.PipelinePlacementPolicy (PipelinePlacementPolicy.java:meetCriteria(91)) - Pipeline Placement: Doesn't meet the criteria to be viable node： 1b138595-92e4-4592-9dfc-2bb97fb4c88b Heaviness: 6 limit: 5
2019-09-20 04:49:53,445 [RatisPipelineUtilsThread] INFO  pipeline.PipelinePlacementPolicy (PipelinePlacementPolicy.java:meetCriteria(91)) - Pipeline Placement: Doesn't meet the criteria to be viable node： 37fe2768-1af7-42e7-8542-10b932802b02 Heaviness: 6 limit: 5
2019-09-20 04:49:53,449 [grpc-default-executor-1] INFO  impl.RaftServerProxy (RaftServerProxy.java:addNew(89)) - c9787825-ea51-4014-8feb-b4ee136c6b23: addNew group-B7EDF4F82E5F:[c9787825-ea51-4014-8feb-b4ee136c6b23:192.168.36.79:40747] returns group-B7EDF4F82E5F:java.util.concurrent.CompletableFuture@796ebcff[Not completed]
2019-09-20 04:49:53,450 [pool-346-thread-1] INFO  impl.RaftServerImpl (RaftServerImpl.java:<init>(93)) - c9787825-ea51-4014-8feb-b4ee136c6b23: new RaftServerImpl for group-B7EDF4F82E5F:[c9787825-ea51-4014-8feb-b4ee136c6b23:192.168.36.79:40747] with ContainerStateMachine:uninitialized
2019-09-20 04:49:53,450 [pool-346-thread-1] INFO  server.RaftServerConfigKeys (ConfUtils.java:logGet(43)) - raft.server.rpc.timeout.min = 5s (custom)
2019-09-20 04:49:53,451 [pool-346-thread-1] INFO  server.RaftServerConfigKeys (ConfUtils.java:logGet(43)) - raft.server.rpc.timeout.max = 5200ms (custom)
2019-09-20 04:49:53,451 [pool-346-thread-1] INFO  server.RaftServerConfigKeys (ConfUtils.java:logGet(43)) - raft.server.rpcslowness.timeout = 120s (custom)
2019-09-20 04:49:53,451 [pool-346-thread-1] INFO  server.RaftServerConfigKeys (ConfUtils.java:logGet(43)) - raft.server.sleep.deviation.threshold = 300 (default)
2019-09-20 04:49:53,451 [pool-346-thread-1] INFO  server.RaftServerConfigKeys (ConfUtils.java:logGet(43)) - raft.server.log.appender.install.snapshot.enabled = false (custom)
2019-09-20 04:49:53,451 [pool-346-thread-1] INFO  impl.RaftServerImpl (ServerState.java:<init>(105)) - c9787825-ea51-4014-8feb-b4ee136c6b23:group-B7EDF4F82E5F ConfigurationManager, init=-1: [c9787825-ea51-4014-8feb-b4ee136c6b23:192.168.36.79:40747], old=null, confs=<EMPTY_MAP>
2019-09-20 04:49:53,451 [pool-346-thread-1] INFO  server.RaftServerConfigKeys (ConfUtils.java:logGet(43)) - raft.server.storage.dir = [/workdir/hadoop-ozone/integration-test/target/test-dir/MiniOzoneClusterImpl-3cdd9aee-ba37-4d0d-8930-872cb3194007/datanode-3/data/ratis] (custom)
2019-09-20 04:49:53,452 [pool-346-thread-1] INFO  storage.RaftStorageDirectory (RaftStorageDirectory.java:analyzeStorage(246)) - The storage directory /workdir/hadoop-ozone/integration-test/target/test-dir/MiniOzoneClusterImpl-3cdd9aee-ba37-4d0d-8930-872cb3194007/datanode-3/data/ratis/58cb94e7-6614-4b86-89f0-b7edf4f82e5f does not exist. Creating ...
2019-09-20 04:49:53,478 [pool-346-thread-1] INFO  storage.RaftStorageDirectory (RaftStorageDirectory.java:tryLock(328)) - Lock on /workdir/hadoop-ozone/integration-test/target/test-dir/MiniOzoneClusterImpl-3cdd9aee-ba37-4d0d-8930-872cb3194007/datanode-3/data/ratis/58cb94e7-6614-4b86-89f0-b7edf4f82e5f/in_use.lock acquired by nodename 9457@pr-hdds-1569-s8kj2-2266485376
2019-09-20 04:49:53,495 [pool-346-thread-1] INFO  storage.RaftStorage (RaftStorage.java:format(72)) - Storage directory /workdir/hadoop-ozone/integration-test/target/test-dir/MiniOzoneClusterImpl-3cdd9aee-ba37-4d0d-8930-872cb3194007/datanode-3/data/ratis/58cb94e7-6614-4b86-89f0-b7edf4f82e5f has been successfully formatted.
2019-09-20 04:49:53,495 [pool-346-thread-1] INFO  ratis.ContainerStateMachine (ContainerStateMachine.java:loadSnapshot(226)) - group-B7EDF4F82E5F: The snapshot info is null. Setting the last applied indexto:(t:0, i:~)
2019-09-20 04:49:53,495 [pool-346-thread-1] INFO  server.RaftServerConfigKeys (ConfUtils.java:logGet(43)) - raft.server.leader.election.timeout = 120s (custom)
2019-09-20 04:49:53,495 [pool-346-thread-1] INFO  server.RaftServerConfigKeys (ConfUtils.java:logGet(43)) - raft.server.log.use.memory = false (default)
2019-09-20 04:49:53,496 [pool-346-thread-1] INFO  server.RaftServerConfigKeys (ConfUtils.java:logGet(43)) - raft.server.log.purge.gap = 1000000 (custom)
2019-09-20 04:49:53,496 [pool-346-thread-1] INFO  server.RaftServerConfigKeys (ConfUtils.java:logGet(43)) - raft.server.log.appender.buffer.byte-limit = 33554432 (custom)
2019-09-20 04:49:53,496 [pool-346-thread-1] INFO  server.RaftServerConfigKeys (ConfUtils.java:logGet(43)) - raft.server.log.segment.size.max = 1048576 (custom)
2019-09-20 04:49:53,496 [pool-346-thread-1] INFO  server.RaftServerConfigKeys (ConfUtils.java:logGet(43)) - raft.server.log.segment.cache.num.max = 2 (custom)
2019-09-20 04:49:53,496 [pool-346-thread-1] INFO  segmented.SegmentedRaftLogWorker (SegmentedRaftLogWorker.java:<init>(172)) - new c9787825-ea51-4014-8feb-b4ee136c6b23-SegmentedRaftLogWorker:Storage Directory /workdir/hadoop-ozone/integration-test/target/test-dir/MiniOzoneClusterImpl-3cdd9aee-ba37-4d0d-8930-872cb3194007/datanode-3/data/ratis/58cb94e7-6614-4b86-89f0-b7edf4f82e5f for RaftStorage:Storage Directory /workdir/hadoop-ozone/integration-test/target/test-dir/MiniOzoneClusterImpl-3cdd9aee-ba37-4d0d-8930-872cb3194007/datanode-3/data/ratis/58cb94e7-6614-4b86-89f0-b7edf4f82e5f
2019-09-20 04:49:53,496 [pool-346-thread-1] INFO  server.RaftServerConfigKeys (ConfUtils.java:logGet(43)) - raft.server.log.queue.byte-limit = 2147483647 (custom)
2019-09-20 04:49:53,496 [pool-346-thread-1] INFO  server.RaftServerConfigKeys (ConfUtils.java:logGet(43)) - raft.server.log.queue.element-limit = 1024 (custom)
2019-09-20 04:49:53,497 [pool-346-thread-1] INFO  server.RaftServerConfigKeys (ConfUtils.java:logGet(43)) - raft.server.log.segment.size.max = 1048576 (custom)
2019-09-20 04:49:53,497 [pool-346-thread-1] INFO  server.RaftServerConfigKeys (ConfUtils.java:logGet(43)) - raft.server.log.preallocated.size = 16384 (custom)
2019-09-20 04:49:53,497 [pool-346-thread-1] INFO  server.RaftServerConfigKeys (ConfUtils.java:logGet(43)) - raft.server.log.write.buffer.size = 33554432 (custom)
2019-09-20 04:49:53,497 [pool-346-thread-1] INFO  server.RaftServerConfigKeys (ConfUtils.java:logGet(43)) - raft.server.log.force.sync.num = 128 (default)
2019-09-20 04:49:53,497 [pool-346-thread-1] INFO  server.RaftServerConfigKeys (ConfUtils.java:logGet(43)) - raft.server.log.statemachine.data.sync = true (default)
2019-09-20 04:49:53,497 [pool-346-thread-1] INFO  server.RaftServerConfigKeys (ConfUtils.java:logGet(43)) - raft.server.log.statemachine.data.sync.timeout = 10s (default)
2019-09-20 04:49:53,497 [pool-346-thread-1] INFO  server.RaftServerConfigKeys (ConfUtils.java:logGet(43)) - raft.server.log.statemachine.data.sync.timeout.retry = -1 (default)
2019-09-20 04:49:53,498 [pool-346-thread-1] INFO  server.RaftServerConfigKeys (ConfUtils.java:logGet(43)) - raft.server.log.statemachine.data.caching.enabled = true (custom)
2019-09-20 04:49:53,498 [pool-346-thread-1] INFO  segmented.SegmentedRaftLogWorker (SegmentedRaftLogWorker.java:lambda$new$0(132)) - c9787825-ea51-4014-8feb-b4ee136c6b23-SegmentedRaftLogWorker:Storage Directory /workdir/hadoop-ozone/integration-test/target/test-dir/MiniOzoneClusterImpl-3cdd9aee-ba37-4d0d-8930-872cb3194007/datanode-3/data/ratis/58cb94e7-6614-4b86-89f0-b7edf4f82e5f: flushIndex: setUnconditionally 0 -> -1
2019-09-20 04:49:53,498 [pool-346-thread-1] INFO  server.RaftServerConfigKeys (ConfUtils.java:logGet(43)) - raft.server.snapshot.auto.trigger.enabled = true (custom)
2019-09-20 04:49:53,499 [pool-346-thread-1] INFO  server.RaftServerConfigKeys (ConfUtils.java:logGet(43)) - raft.server.snapshot.auto.trigger.threshold = 10000 (custom)
2019-09-20 04:49:53,499 [pool-346-thread-1] INFO  server.RaftServerConfigKeys (ConfUtils.java:logGet(43)) - raft.server.retrycache.expirytime = 600000ms (custom)
2019-09-20 04:49:53,499 [pool-346-thread-1] INFO  impl.RaftServerImpl (RaftServerImpl.java:start(180)) - c9787825-ea51-4014-8feb-b4ee136c6b23: start group-B7EDF4F82E5F
2019-09-20 04:49:53,499 [pool-346-thread-1] INFO  impl.RaftServerImpl (RaftServerImpl.java:setRole(171)) - c9787825-ea51-4014-8feb-b4ee136c6b23:group-B7EDF4F82E5F changes role from null to FOLLOWER at term 0 for startAsFollower
2019-09-20 04:49:53,499 [pool-346-thread-1] INFO  impl.RoleInfo (RoleInfo.java:updateAndGet(143)) - c9787825-ea51-4014-8feb-b4ee136c6b23: start FollowerState
2019-09-20 04:49:53,499 [pool-346-thread-1] INFO  util.JmxRegister (JmxRegister.java:tryRegister(44)) - Successfully registered JMX Bean with object name Ratis:service=RaftServer,group=group-B7EDF4F82E5F,id=c9787825-ea51-4014-8feb-b4ee136c6b23
2019-09-20 04:49:53,502 [RatisPipelineUtilsThread] INFO  pipeline.PipelineStateManager (PipelineStateManager.java:addPipeline(56)) - Created pipeline Pipeline[ Id: 58cb94e7-6614-4b86-89f0-b7edf4f82e5f, Nodes: c9787825-ea51-4014-8feb-b4ee136c6b23{ip: 192.168.36.79, host: pr-hdds-1569-s8kj2-2266485376, networkLocation: /default-rack, certSerialId: null}, Type:RATIS, Factor:ONE, State:OPEN]
2019-09-20 04:49:53,502 [RatisPipelineUtilsThread] INFO  pipeline.PipelinePlacementPolicy (PipelinePlacementPolicy.java:meetCriteria(91)) - Pipeline Placement: Doesn't meet the criteria to be viable node： c82e94d7-3693-4569-94b0-cf8ff008d5c0 Heaviness: 6 limit: 5
2019-09-20 04:49:53,503 [RatisPipelineUtilsThread] INFO  pipeline.PipelinePlacementPolicy (PipelinePlacementPolicy.java:meetCriteria(91)) - Pipeline Placement: Doesn't meet the criteria to be viable node： 1b138595-92e4-4592-9dfc-2bb97fb4c88b Heaviness: 6 limit: 5
2019-09-20 04:49:53,503 [RatisPipelineUtilsThread] INFO  pipeline.PipelinePlacementPolicy (PipelinePlacementPolicy.java:meetCriteria(91)) - Pipeline Placement: Doesn't meet the criteria to be viable node： 37fe2768-1af7-42e7-8542-10b932802b02 Heaviness: 6 limit: 5
2019-09-20 04:49:53,507 [grpc-default-executor-1] INFO  impl.RaftServerProxy (RaftServerProxy.java:addNew(89)) - c9787825-ea51-4014-8feb-b4ee136c6b23: addNew group-9944E062C782:[c9787825-ea51-4014-8feb-b4ee136c6b23:192.168.36.79:40747] returns group-9944E062C782:java.util.concurrent.CompletableFuture@7ba3d329[Not completed]
2019-09-20 04:49:53,508 [pool-346-thread-1] INFO  impl.RaftServerImpl (RaftServerImpl.java:<init>(93)) - c9787825-ea51-4014-8feb-b4ee136c6b23: new RaftServerImpl for group-9944E062C782:[c9787825-ea51-4014-8feb-b4ee136c6b23:192.168.36.79:40747] with ContainerStateMachine:uninitialized
2019-09-20 04:49:53,509 [pool-346-thread-1] INFO  server.RaftServerConfigKeys (ConfUtils.java:logGet(43)) - raft.server.rpc.timeout.min = 5s (custom)
2019-09-20 04:49:53,509 [pool-346-thread-1] INFO  server.RaftServerConfigKeys (ConfUtils.java:logGet(43)) - raft.server.rpc.timeout.max = 5200ms (custom)
2019-09-20 04:49:53,509 [pool-346-thread-1] INFO  server.RaftServerConfigKeys (ConfUtils.java:logGet(43)) - raft.server.rpcslowness.timeout = 120s (custom)
2019-09-20 04:49:53,509 [pool-346-thread-1] INFO  server.RaftServerConfigKeys (ConfUtils.java:logGet(43)) - raft.server.sleep.deviation.threshold = 300 (default)
2019-09-20 04:49:53,509 [pool-346-thread-1] INFO  server.RaftServerConfigKeys (ConfUtils.java:logGet(43)) - raft.server.log.appender.install.snapshot.enabled = false (custom)
2019-09-20 04:49:53,509 [pool-346-thread-1] INFO  impl.RaftServerImpl (ServerState.java:<init>(105)) - c9787825-ea51-4014-8feb-b4ee136c6b23:group-9944E062C782 ConfigurationManager, init=-1: [c9787825-ea51-4014-8feb-b4ee136c6b23:192.168.36.79:40747], old=null, confs=<EMPTY_MAP>
2019-09-20 04:49:53,509 [pool-346-thread-1] INFO  server.RaftServerConfigKeys (ConfUtils.java:logGet(43)) - raft.server.storage.dir = [/workdir/hadoop-ozone/integration-test/target/test-dir/MiniOzoneClusterImpl-3cdd9aee-ba37-4d0d-8930-872cb3194007/datanode-3/data/ratis] (custom)
2019-09-20 04:49:53,510 [pool-346-thread-1] INFO  storage.RaftStorageDirectory (RaftStorageDirectory.java:analyzeStorage(246)) - The storage directory /workdir/hadoop-ozone/integration-test/target/test-dir/MiniOzoneClusterImpl-3cdd9aee-ba37-4d0d-8930-872cb3194007/datanode-3/data/ratis/34797337-b3b7-4895-92c0-9944e062c782 does not exist. Creating ...
2019-09-20 04:49:53,527 [pool-346-thread-1] INFO  storage.RaftStorageDirectory (RaftStorageDirectory.java:tryLock(328)) - Lock on /workdir/hadoop-ozone/integration-test/target/test-dir/MiniOzoneClusterImpl-3cdd9aee-ba37-4d0d-8930-872cb3194007/datanode-3/data/ratis/34797337-b3b7-4895-92c0-9944e062c782/in_use.lock acquired by nodename 9457@pr-hdds-1569-s8kj2-2266485376
2019-09-20 04:49:53,610 [pool-346-thread-1] INFO  storage.RaftStorage (RaftStorage.java:format(72)) - Storage directory /workdir/hadoop-ozone/integration-test/target/test-dir/MiniOzoneClusterImpl-3cdd9aee-ba37-4d0d-8930-872cb3194007/datanode-3/data/ratis/34797337-b3b7-4895-92c0-9944e062c782 has been successfully formatted.
2019-09-20 04:49:53,610 [pool-346-thread-1] INFO  ratis.ContainerStateMachine (ContainerStateMachine.java:loadSnapshot(226)) - group-9944E062C782: The snapshot info is null. Setting the last applied indexto:(t:0, i:~)
2019-09-20 04:49:53,610 [pool-346-thread-1] INFO  server.RaftServerConfigKeys (ConfUtils.java:logGet(43)) - raft.server.leader.election.timeout = 120s (custom)
2019-09-20 04:49:53,611 [pool-346-thread-1] INFO  server.RaftServerConfigKeys (ConfUtils.java:logGet(43)) - raft.server.log.use.memory = false (default)
2019-09-20 04:49:53,611 [pool-346-thread-1] INFO  server.RaftServerConfigKeys (ConfUtils.java:logGet(43)) - raft.server.log.purge.gap = 1000000 (custom)
2019-09-20 04:49:53,611 [pool-346-thread-1] INFO  server.RaftServerConfigKeys (ConfUtils.java:logGet(43)) - raft.server.log.appender.buffer.byte-limit = 33554432 (custom)
2019-09-20 04:49:53,611 [pool-346-thread-1] INFO  server.RaftServerConfigKeys (ConfUtils.java:logGet(43)) - raft.server.log.segment.size.max = 1048576 (custom)
2019-09-20 04:49:53,611 [pool-346-thread-1] INFO  server.RaftServerConfigKeys (ConfUtils.java:logGet(43)) - raft.server.log.segment.cache.num.max = 2 (custom)
2019-09-20 04:49:53,611 [pool-346-thread-1] INFO  segmented.SegmentedRaftLogWorker (SegmentedRaftLogWorker.java:<init>(172)) - new c9787825-ea51-4014-8feb-b4ee136c6b23-SegmentedRaftLogWorker:Storage Directory /workdir/hadoop-ozone/integration-test/target/test-dir/MiniOzoneClusterImpl-3cdd9aee-ba37-4d0d-8930-872cb3194007/datanode-3/data/ratis/34797337-b3b7-4895-92c0-9944e062c782 for RaftStorage:Storage Directory /workdir/hadoop-ozone/integration-test/target/test-dir/MiniOzoneClusterImpl-3cdd9aee-ba37-4d0d-8930-872cb3194007/datanode-3/data/ratis/34797337-b3b7-4895-92c0-9944e062c782
2019-09-20 04:49:53,611 [pool-346-thread-1] INFO  server.RaftServerConfigKeys (ConfUtils.java:logGet(43)) - raft.server.log.queue.byte-limit = 2147483647 (custom)
2019-09-20 04:49:53,612 [pool-346-thread-1] INFO  server.RaftServerConfigKeys (ConfUtils.java:logGet(43)) - raft.server.log.queue.element-limit = 1024 (custom)
2019-09-20 04:49:53,612 [pool-346-thread-1] INFO  server.RaftServerConfigKeys (ConfUtils.java:logGet(43)) - raft.server.log.segment.size.max = 1048576 (custom)
2019-09-20 04:49:53,612 [pool-346-thread-1] INFO  server.RaftServerConfigKeys (ConfUtils.java:logGet(43)) - raft.server.log.preallocated.size = 16384 (custom)
2019-09-20 04:49:53,612 [pool-346-thread-1] INFO  server.RaftServerConfigKeys (ConfUtils.java:logGet(43)) - raft.server.log.write.buffer.size = 33554432 (custom)
2019-09-20 04:49:53,612 [pool-346-thread-1] INFO  server.RaftServerConfigKeys (ConfUtils.java:logGet(43)) - raft.server.log.force.sync.num = 128 (default)
2019-09-20 04:49:53,612 [pool-346-thread-1] INFO  server.RaftServerConfigKeys (ConfUtils.java:logGet(43)) - raft.server.log.statemachine.data.sync = true (default)
2019-09-20 04:49:53,612 [pool-346-thread-1] INFO  server.RaftServerConfigKeys (ConfUtils.java:logGet(43)) - raft.server.log.statemachine.data.sync.timeout = 10s (default)
2019-09-20 04:49:53,613 [pool-346-thread-1] INFO  server.RaftServerConfigKeys (ConfUtils.java:logGet(43)) - raft.server.log.statemachine.data.sync.timeout.retry = -1 (default)
2019-09-20 04:49:53,613 [pool-346-thread-1] INFO  server.RaftServerConfigKeys (ConfUtils.java:logGet(43)) - raft.server.log.statemachine.data.caching.enabled = true (custom)
2019-09-20 04:49:53,613 [pool-346-thread-1] INFO  segmented.SegmentedRaftLogWorker (SegmentedRaftLogWorker.java:lambda$new$0(132)) - c9787825-ea51-4014-8feb-b4ee136c6b23-SegmentedRaftLogWorker:Storage Directory /workdir/hadoop-ozone/integration-test/target/test-dir/MiniOzoneClusterImpl-3cdd9aee-ba37-4d0d-8930-872cb3194007/datanode-3/data/ratis/34797337-b3b7-4895-92c0-9944e062c782: flushIndex: setUnconditionally 0 -> -1
2019-09-20 04:49:53,613 [pool-346-thread-1] INFO  server.RaftServerConfigKeys (ConfUtils.java:logGet(43)) - raft.server.snapshot.auto.trigger.enabled = true (custom)
2019-09-20 04:49:53,614 [pool-346-thread-1] INFO  server.RaftServerConfigKeys (ConfUtils.java:logGet(43)) - raft.server.snapshot.auto.trigger.threshold = 10000 (custom)
2019-09-20 04:49:53,614 [pool-346-thread-1] INFO  server.RaftServerConfigKeys (ConfUtils.java:logGet(43)) - raft.server.retrycache.expirytime = 600000ms (custom)
2019-09-20 04:49:53,614 [pool-346-thread-1] INFO  impl.RaftServerImpl (RaftServerImpl.java:start(180)) - c9787825-ea51-4014-8feb-b4ee136c6b23: start group-9944E062C782
2019-09-20 04:49:53,614 [pool-346-thread-1] INFO  impl.RaftServerImpl (RaftServerImpl.java:setRole(171)) - c9787825-ea51-4014-8feb-b4ee136c6b23:group-9944E062C782 changes role from null to FOLLOWER at term 0 for startAsFollower
2019-09-20 04:49:53,614 [pool-346-thread-1] INFO  impl.RoleInfo (RoleInfo.java:updateAndGet(143)) - c9787825-ea51-4014-8feb-b4ee136c6b23: start FollowerState
2019-09-20 04:49:53,615 [pool-346-thread-1] INFO  util.JmxRegister (JmxRegister.java:tryRegister(44)) - Successfully registered JMX Bean with object name Ratis:service=RaftServer,group=group-9944E062C782,id=c9787825-ea51-4014-8feb-b4ee136c6b23
2019-09-20 04:49:53,618 [RatisPipelineUtilsThread] INFO  pipeline.PipelineStateManager (PipelineStateManager.java:addPipeline(56)) - Created pipeline Pipeline[ Id: 34797337-b3b7-4895-92c0-9944e062c782, Nodes: c9787825-ea51-4014-8feb-b4ee136c6b23{ip: 192.168.36.79, host: pr-hdds-1569-s8kj2-2266485376, networkLocation: /default-rack, certSerialId: null}, Type:RATIS, Factor:ONE, State:OPEN]
2019-09-20 04:49:53,618 [RatisPipelineUtilsThread] INFO  pipeline.PipelinePlacementPolicy (PipelinePlacementPolicy.java:meetCriteria(91)) - Pipeline Placement: Doesn't meet the criteria to be viable node： c82e94d7-3693-4569-94b0-cf8ff008d5c0 Heaviness: 6 limit: 5
2019-09-20 04:49:53,618 [RatisPipelineUtilsThread] INFO  pipeline.PipelinePlacementPolicy (PipelinePlacementPolicy.java:meetCriteria(91)) - Pipeline Placement: Doesn't meet the criteria to be viable node： 1b138595-92e4-4592-9dfc-2bb97fb4c88b Heaviness: 6 limit: 5
2019-09-20 04:49:53,618 [RatisPipelineUtilsThread] INFO  pipeline.PipelinePlacementPolicy (PipelinePlacementPolicy.java:meetCriteria(91)) - Pipeline Placement: Doesn't meet the criteria to be viable node： 37fe2768-1af7-42e7-8542-10b932802b02 Heaviness: 6 limit: 5
2019-09-20 04:49:53,620 [IPC Server handler 1 on 42399] INFO  net.NetworkTopology (NetworkTopologyImpl.java:add(110)) - Added a new node: /default-rack/d5424862-00f5-4f26-882d-9249b213a1ef
2019-09-20 04:49:53,620 [IPC Server handler 1 on 42399] INFO  node.SCMNodeManager (SCMNodeManager.java:register(273)) - Registered Data node : d5424862-00f5-4f26-882d-9249b213a1ef{ip: 192.168.36.79, host: pr-hdds-1569-s8kj2-2266485376, networkLocation: /default-rack, certSerialId: null}
2019-09-20 04:49:53,621 | INFO  | SCMAudit | user=jenkins1000 | ip=192.168.36.79 | op=REGISTER {datanodeDetails=d5424862-00f5-4f26-882d-9249b213a1ef{ip: 192.168.36.79, host: pr-hdds-1569-s8kj2-2266485376, networkLocation: /default-rack, certSerialId: null}} | ret=SUCCESS |  
2019-09-20 04:49:53,624 [grpc-default-executor-1] INFO  impl.RaftServerProxy (RaftServerProxy.java:addNew(89)) - c9787825-ea51-4014-8feb-b4ee136c6b23: addNew group-E608E5F09DD5:[c9787825-ea51-4014-8feb-b4ee136c6b23:192.168.36.79:40747] returns group-E608E5F09DD5:java.util.concurrent.CompletableFuture@3df59d7d[Not completed]
2019-09-20 04:49:53,625 [pool-346-thread-1] INFO  impl.RaftServerImpl (RaftServerImpl.java:<init>(93)) - c9787825-ea51-4014-8feb-b4ee136c6b23: new RaftServerImpl for group-E608E5F09DD5:[c9787825-ea51-4014-8feb-b4ee136c6b23:192.168.36.79:40747] with ContainerStateMachine:uninitialized
2019-09-20 04:49:53,626 [pool-346-thread-1] INFO  server.RaftServerConfigKeys (ConfUtils.java:logGet(43)) - raft.server.rpc.timeout.min = 5s (custom)
2019-09-20 04:49:53,626 [pool-346-thread-1] INFO  server.RaftServerConfigKeys (ConfUtils.java:logGet(43)) - raft.server.rpc.timeout.max = 5200ms (custom)
2019-09-20 04:49:53,626 [pool-346-thread-1] INFO  server.RaftServerConfigKeys (ConfUtils.java:logGet(43)) - raft.server.rpcslowness.timeout = 120s (custom)
2019-09-20 04:49:53,626 [pool-346-thread-1] INFO  server.RaftServerConfigKeys (ConfUtils.java:logGet(43)) - raft.server.sleep.deviation.threshold = 300 (default)
2019-09-20 04:49:53,626 [pool-346-thread-1] INFO  server.RaftServerConfigKeys (ConfUtils.java:logGet(43)) - raft.server.log.appender.install.snapshot.enabled = false (custom)
2019-09-20 04:49:53,626 [pool-346-thread-1] INFO  impl.RaftServerImpl (ServerState.java:<init>(105)) - c9787825-ea51-4014-8feb-b4ee136c6b23:group-E608E5F09DD5 ConfigurationManager, init=-1: [c9787825-ea51-4014-8feb-b4ee136c6b23:192.168.36.79:40747], old=null, confs=<EMPTY_MAP>
2019-09-20 04:49:53,626 [pool-346-thread-1] INFO  server.RaftServerConfigKeys (ConfUtils.java:logGet(43)) - raft.server.storage.dir = [/workdir/hadoop-ozone/integration-test/target/test-dir/MiniOzoneClusterImpl-3cdd9aee-ba37-4d0d-8930-872cb3194007/datanode-3/data/ratis] (custom)
2019-09-20 04:49:53,627 [pool-346-thread-1] INFO  storage.RaftStorageDirectory (RaftStorageDirectory.java:analyzeStorage(246)) - The storage directory /workdir/hadoop-ozone/integration-test/target/test-dir/MiniOzoneClusterImpl-3cdd9aee-ba37-4d0d-8930-872cb3194007/datanode-3/data/ratis/1e6eb9d5-a3ac-47c9-aa8f-e608e5f09dd5 does not exist. Creating ...
2019-09-20 04:49:53,651 | INFO  | SCMAudit | user=jenkins1000 | ip=192.168.36.79 | op=SEND_HEARTBEAT {datanodeUUID=1d91ad97-6666-4ee7-855a-8b5e944e7401, command=[]} | ret=SUCCESS |  
2019-09-20 04:49:53,651 | INFO  | SCMAudit | user=jenkins1000 | ip=192.168.36.79 | op=SEND_HEARTBEAT {datanodeUUID=42fc6e92-fcdd-4827-b621-9fc58a3d2315, command=[]} | ret=SUCCESS |  
2019-09-20 04:49:53,655 | INFO  | SCMAudit | user=jenkins1000 | ip=192.168.36.79 | op=SEND_HEARTBEAT {datanodeUUID=c4f6294c-eda3-4afd-81f7-e69ed14da69f, command=[]} | ret=SUCCESS |  
2019-09-20 04:49:53,655 | INFO  | SCMAudit | user=jenkins1000 | ip=192.168.36.79 | op=SEND_HEARTBEAT {datanodeUUID=236eed40-dd97-4fdc-a0ae-ab99685a426b, command=[]} | ret=SUCCESS |  
2019-09-20 04:49:53,656 | INFO  | SCMAudit | user=jenkins1000 | ip=192.168.36.79 | op=SEND_HEARTBEAT {datanodeUUID=eaf3ecbe-c3b1-4969-ad3a-e4de7fb04f81, command=[]} | ret=SUCCESS |  
2019-09-20 04:49:53,656 | INFO  | SCMAudit | user=jenkins1000 | ip=192.168.36.79 | op=SEND_HEARTBEAT {datanodeUUID=0ad3f89e-804f-4845-89c5-5ff1a35a5dda, command=[]} | ret=SUCCESS |  
2019-09-20 04:49:53,656 | INFO  | SCMAudit | user=jenkins1000 | ip=192.168.36.79 | op=SEND_HEARTBEAT {datanodeUUID=37fe2768-1af7-42e7-8542-10b932802b02, command=[]} | ret=SUCCESS |  
2019-09-20 04:49:53,656 | INFO  | SCMAudit | user=jenkins1000 | ip=192.168.36.79 | op=SEND_HEARTBEAT {datanodeUUID=eb30d72f-c0a8-4ecb-bfee-9120a9a6cddf, command=[]} | ret=SUCCESS |  
2019-09-20 04:49:53,656 | INFO  | SCMAudit | user=jenkins1000 | ip=192.168.36.79 | op=SEND_HEARTBEAT {datanodeUUID=ea71b9af-1075-4196-9693-aa14e10f536d, command=[]} | ret=SUCCESS |  
2019-09-20 04:49:53,656 | INFO  | SCMAudit | user=jenkins1000 | ip=192.168.36.79 | op=SEND_HEARTBEAT {datanodeUUID=2702b462-69d8-4c1b-aae1-091a21fe08b8, command=[]} | ret=SUCCESS |  
2019-09-20 04:49:53,657 | INFO  | SCMAudit | user=jenkins1000 | ip=192.168.36.79 | op=SEND_HEARTBEAT {datanodeUUID=3c2a6bfe-f5c5-4e23-89b0-850dab17697d, command=[]} | ret=SUCCESS |  
2019-09-20 04:49:53,657 | INFO  | SCMAudit | user=jenkins1000 | ip=192.168.36.79 | op=SEND_HEARTBEAT {datanodeUUID=8538cd65-7926-426b-8bad-fbd0f0550f9a, command=[]} | ret=SUCCESS |  
2019-09-20 04:49:53,657 | INFO  | SCMAudit | user=jenkins1000 | ip=192.168.36.79 | op=SEND_HEARTBEAT {datanodeUUID=fdbc37f2-9e58-4bac-a5d5-a78839d012e9, command=[]} | ret=SUCCESS |  
2019-09-20 04:49:53,657 | INFO  | SCMAudit | user=jenkins1000 | ip=192.168.36.79 | op=SEND_HEARTBEAT {datanodeUUID=dba845b8-ea76-4e09-ab03-0883d354e493, command=[]} | ret=SUCCESS |  
2019-09-20 04:49:53,657 | INFO  | SCMAudit | user=jenkins1000 | ip=192.168.36.79 | op=SEND_HEARTBEAT {datanodeUUID=a9bc59c4-b792-48d5-9db2-4e71770477b1, command=[]} | ret=SUCCESS |  
2019-09-20 04:49:53,657 | INFO  | SCMAudit | user=jenkins1000 | ip=192.168.36.79 | op=SEND_HEARTBEAT {datanodeUUID=68a93ad8-b6a8-44e1-8a9f-45fcc58d229a, command=[]} | ret=SUCCESS |  
2019-09-20 04:49:53,657 | INFO  | SCMAudit | user=jenkins1000 | ip=192.168.36.79 | op=SEND_HEARTBEAT {datanodeUUID=5ea19b84-5385-4ae9-8412-c4cfa929b172, command=[]} | ret=SUCCESS |  
2019-09-20 04:49:53,658 | INFO  | SCMAudit | user=jenkins1000 | ip=192.168.36.79 | op=SEND_HEARTBEAT {datanodeUUID=8d97392c-5f4b-400a-94a1-fb61a3ebbc99, command=[]} | ret=SUCCESS |  
2019-09-20 04:49:53,668 [pool-346-thread-1] INFO  storage.RaftStorageDirectory (RaftStorageDirectory.java:tryLock(328)) - Lock on /workdir/hadoop-ozone/integration-test/target/test-dir/MiniOzoneClusterImpl-3cdd9aee-ba37-4d0d-8930-872cb3194007/datanode-3/data/ratis/1e6eb9d5-a3ac-47c9-aa8f-e608e5f09dd5/in_use.lock acquired by nodename 9457@pr-hdds-1569-s8kj2-2266485376
2019-09-20 04:49:53,692 | INFO  | SCMAudit | user=jenkins1000 | ip=192.168.36.79 | op=SEND_HEARTBEAT {datanodeUUID=ba95d636-ac34-4b74-a102-dec8d0f377c6, command=[]} | ret=SUCCESS |  
2019-09-20 04:49:53,692 | INFO  | SCMAudit | user=jenkins1000 | ip=192.168.36.79 | op=SEND_HEARTBEAT {datanodeUUID=2d6465ef-cffa-473a-a4c6-a9aa3f1a26c0, command=[]} | ret=SUCCESS |  
2019-09-20 04:49:53,692 | INFO  | SCMAudit | user=jenkins1000 | ip=192.168.36.79 | op=SEND_HEARTBEAT {datanodeUUID=f4e549ee-a6fa-4eb9-8541-129d0566fdf5, command=[]} | ret=SUCCESS |  
2019-09-20 04:49:53,692 | INFO  | SCMAudit | user=jenkins1000 | ip=192.168.36.79 | op=SEND_HEARTBEAT {datanodeUUID=bd1a845e-f2ed-4713-9516-9ccc20139040, command=[]} | ret=SUCCESS |  
2019-09-20 04:49:53,707 [pool-346-thread-1] INFO  storage.RaftStorage (RaftStorage.java:format(72)) - Storage directory /workdir/hadoop-ozone/integration-test/target/test-dir/MiniOzoneClusterImpl-3cdd9aee-ba37-4d0d-8930-872cb3194007/datanode-3/data/ratis/1e6eb9d5-a3ac-47c9-aa8f-e608e5f09dd5 has been successfully formatted.
2019-09-20 04:49:53,707 [pool-346-thread-1] INFO  ratis.ContainerStateMachine (ContainerStateMachine.java:loadSnapshot(226)) - group-E608E5F09DD5: The snapshot info is null. Setting the last applied indexto:(t:0, i:~)
2019-09-20 04:49:53,708 [pool-346-thread-1] INFO  server.RaftServerConfigKeys (ConfUtils.java:logGet(43)) - raft.server.leader.election.timeout = 120s (custom)
2019-09-20 04:49:53,708 [pool-346-thread-1] INFO  server.RaftServerConfigKeys (ConfUtils.java:logGet(43)) - raft.server.log.use.memory = false (default)
2019-09-20 04:49:53,708 [pool-346-thread-1] INFO  server.RaftServerConfigKeys (ConfUtils.java:logGet(43)) - raft.server.log.purge.gap = 1000000 (custom)
2019-09-20 04:49:53,708 [pool-346-thread-1] INFO  server.RaftServerConfigKeys (ConfUtils.java:logGet(43)) - raft.server.log.appender.buffer.byte-limit = 33554432 (custom)
2019-09-20 04:49:53,708 [pool-346-thread-1] INFO  server.RaftServerConfigKeys (ConfUtils.java:logGet(43)) - raft.server.log.segment.size.max = 1048576 (custom)
2019-09-20 04:49:53,708 [pool-346-thread-1] INFO  server.RaftServerConfigKeys (ConfUtils.java:logGet(43)) - raft.server.log.segment.cache.num.max = 2 (custom)
2019-09-20 04:49:53,708 [pool-346-thread-1] INFO  segmented.SegmentedRaftLogWorker (SegmentedRaftLogWorker.java:<init>(172)) - new c9787825-ea51-4014-8feb-b4ee136c6b23-SegmentedRaftLogWorker:Storage Directory /workdir/hadoop-ozone/integration-test/target/test-dir/MiniOzoneClusterImpl-3cdd9aee-ba37-4d0d-8930-872cb3194007/datanode-3/data/ratis/1e6eb9d5-a3ac-47c9-aa8f-e608e5f09dd5 for RaftStorage:Storage Directory /workdir/hadoop-ozone/integration-test/target/test-dir/MiniOzoneClusterImpl-3cdd9aee-ba37-4d0d-8930-872cb3194007/datanode-3/data/ratis/1e6eb9d5-a3ac-47c9-aa8f-e608e5f09dd5
2019-09-20 04:49:53,709 [pool-346-thread-1] INFO  server.RaftServerConfigKeys (ConfUtils.java:logGet(43)) - raft.server.log.queue.byte-limit = 2147483647 (custom)
2019-09-20 04:49:53,709 [pool-346-thread-1] INFO  server.RaftServerConfigKeys (ConfUtils.java:logGet(43)) - raft.server.log.queue.element-limit = 1024 (custom)
2019-09-20 04:49:53,709 [pool-346-thread-1] INFO  server.RaftServerConfigKeys (ConfUtils.java:logGet(43)) - raft.server.log.segment.size.max = 1048576 (custom)
2019-09-20 04:49:53,709 [pool-346-thread-1] INFO  server.RaftServerConfigKeys (ConfUtils.java:logGet(43)) - raft.server.log.preallocated.size = 16384 (custom)
2019-09-20 04:49:53,709 [pool-346-thread-1] INFO  server.RaftServerConfigKeys (ConfUtils.java:logGet(43)) - raft.server.log.write.buffer.size = 33554432 (custom)
2019-09-20 04:49:53,709 [pool-346-thread-1] INFO  server.RaftServerConfigKeys (ConfUtils.java:logGet(43)) - raft.server.log.force.sync.num = 128 (default)
2019-09-20 04:49:53,709 [pool-346-thread-1] INFO  server.RaftServerConfigKeys (ConfUtils.java:logGet(43)) - raft.server.log.statemachine.data.sync = true (default)
2019-09-20 04:49:53,709 [pool-346-thread-1] INFO  server.RaftServerConfigKeys (ConfUtils.java:logGet(43)) - raft.server.log.statemachine.data.sync.timeout = 10s (default)
2019-09-20 04:49:53,710 [pool-346-thread-1] INFO  server.RaftServerConfigKeys (ConfUtils.java:logGet(43)) - raft.server.log.statemachine.data.sync.timeout.retry = -1 (default)
2019-09-20 04:49:53,710 [pool-346-thread-1] INFO  server.RaftServerConfigKeys (ConfUtils.java:logGet(43)) - raft.server.log.statemachine.data.caching.enabled = true (custom)
2019-09-20 04:49:53,710 [pool-346-thread-1] INFO  segmented.SegmentedRaftLogWorker (SegmentedRaftLogWorker.java:lambda$new$0(132)) - c9787825-ea51-4014-8feb-b4ee136c6b23-SegmentedRaftLogWorker:Storage Directory /workdir/hadoop-ozone/integration-test/target/test-dir/MiniOzoneClusterImpl-3cdd9aee-ba37-4d0d-8930-872cb3194007/datanode-3/data/ratis/1e6eb9d5-a3ac-47c9-aa8f-e608e5f09dd5: flushIndex: setUnconditionally 0 -> -1
2019-09-20 04:49:53,710 [pool-346-thread-1] INFO  server.RaftServerConfigKeys (ConfUtils.java:logGet(43)) - raft.server.snapshot.auto.trigger.enabled = true (custom)
2019-09-20 04:49:53,711 [pool-346-thread-1] INFO  server.RaftServerConfigKeys (ConfUtils.java:logGet(43)) - raft.server.snapshot.auto.trigger.threshold = 10000 (custom)
2019-09-20 04:49:53,711 [pool-346-thread-1] INFO  server.RaftServerConfigKeys (ConfUtils.java:logGet(43)) - raft.server.retrycache.expirytime = 600000ms (custom)
2019-09-20 04:49:53,711 [pool-346-thread-1] INFO  impl.RaftServerImpl (RaftServerImpl.java:start(180)) - c9787825-ea51-4014-8feb-b4ee136c6b23: start group-E608E5F09DD5
2019-09-20 04:49:53,711 [pool-346-thread-1] INFO  impl.RaftServerImpl (RaftServerImpl.java:setRole(171)) - c9787825-ea51-4014-8feb-b4ee136c6b23:group-E608E5F09DD5 changes role from null to FOLLOWER at term 0 for startAsFollower
2019-09-20 04:49:53,711 [pool-346-thread-1] INFO  impl.RoleInfo (RoleInfo.java:updateAndGet(143)) - c9787825-ea51-4014-8feb-b4ee136c6b23: start FollowerState
2019-09-20 04:49:53,711 [pool-346-thread-1] INFO  util.JmxRegister (JmxRegister.java:tryRegister(44)) - Successfully registered JMX Bean with object name Ratis:service=RaftServer,group=group-E608E5F09DD5,id=c9787825-ea51-4014-8feb-b4ee136c6b23
2019-09-20 04:49:53,714 [RatisPipelineUtilsThread] INFO  pipeline.PipelineStateManager (PipelineStateManager.java:addPipeline(56)) - Created pipeline Pipeline[ Id: 1e6eb9d5-a3ac-47c9-aa8f-e608e5f09dd5, Nodes: c9787825-ea51-4014-8feb-b4ee136c6b23{ip: 192.168.36.79, host: pr-hdds-1569-s8kj2-2266485376, networkLocation: /default-rack, certSerialId: null}, Type:RATIS, Factor:ONE, State:OPEN]
2019-09-20 04:49:53,715 [RatisPipelineUtilsThread] INFO  pipeline.PipelinePlacementPolicy (PipelinePlacementPolicy.java:meetCriteria(91)) - Pipeline Placement: Doesn't meet the criteria to be viable node： c82e94d7-3693-4569-94b0-cf8ff008d5c0 Heaviness: 6 limit: 5
2019-09-20 04:49:53,715 [RatisPipelineUtilsThread] INFO  pipeline.PipelinePlacementPolicy (PipelinePlacementPolicy.java:meetCriteria(91)) - Pipeline Placement: Doesn't meet the criteria to be viable node： 1b138595-92e4-4592-9dfc-2bb97fb4c88b Heaviness: 6 limit: 5
2019-09-20 04:49:53,715 [RatisPipelineUtilsThread] INFO  pipeline.PipelinePlacementPolicy (PipelinePlacementPolicy.java:meetCriteria(91)) - Pipeline Placement: Doesn't meet the criteria to be viable node： 37fe2768-1af7-42e7-8542-10b932802b02 Heaviness: 6 limit: 5
2019-09-20 04:49:53,719 [grpc-default-executor-1] INFO  impl.RaftServerProxy (RaftServerProxy.java:addNew(89)) - c9787825-ea51-4014-8feb-b4ee136c6b23: addNew group-F91F2BFA525E:[c9787825-ea51-4014-8feb-b4ee136c6b23:192.168.36.79:40747] returns group-F91F2BFA525E:java.util.concurrent.CompletableFuture@1eb8a034[Not completed]
2019-09-20 04:49:53,720 [pool-346-thread-1] INFO  impl.RaftServerImpl (RaftServerImpl.java:<init>(93)) - c9787825-ea51-4014-8feb-b4ee136c6b23: new RaftServerImpl for group-F91F2BFA525E:[c9787825-ea51-4014-8feb-b4ee136c6b23:192.168.36.79:40747] with ContainerStateMachine:uninitialized
2019-09-20 04:49:53,720 [pool-346-thread-1] INFO  server.RaftServerConfigKeys (ConfUtils.java:logGet(43)) - raft.server.rpc.timeout.min = 5s (custom)
2019-09-20 04:49:53,721 [pool-346-thread-1] INFO  server.RaftServerConfigKeys (ConfUtils.java:logGet(43)) - raft.server.rpc.timeout.max = 5200ms (custom)
2019-09-20 04:49:53,721 [pool-346-thread-1] INFO  server.RaftServerConfigKeys (ConfUtils.java:logGet(43)) - raft.server.rpcslowness.timeout = 120s (custom)
2019-09-20 04:49:53,721 [pool-346-thread-1] INFO  server.RaftServerConfigKeys (ConfUtils.java:logGet(43)) - raft.server.sleep.deviation.threshold = 300 (default)
2019-09-20 04:49:53,721 [pool-346-thread-1] INFO  server.RaftServerConfigKeys (ConfUtils.java:logGet(43)) - raft.server.log.appender.install.snapshot.enabled = false (custom)
2019-09-20 04:49:53,721 [pool-346-thread-1] INFO  impl.RaftServerImpl (ServerState.java:<init>(105)) - c9787825-ea51-4014-8feb-b4ee136c6b23:group-F91F2BFA525E ConfigurationManager, init=-1: [c9787825-ea51-4014-8feb-b4ee136c6b23:192.168.36.79:40747], old=null, confs=<EMPTY_MAP>
2019-09-20 04:49:53,721 [pool-346-thread-1] INFO  server.RaftServerConfigKeys (ConfUtils.java:logGet(43)) - raft.server.storage.dir = [/workdir/hadoop-ozone/integration-test/target/test-dir/MiniOzoneClusterImpl-3cdd9aee-ba37-4d0d-8930-872cb3194007/datanode-3/data/ratis] (custom)
2019-09-20 04:49:53,722 [pool-346-thread-1] INFO  storage.RaftStorageDirectory (RaftStorageDirectory.java:analyzeStorage(246)) - The storage directory /workdir/hadoop-ozone/integration-test/target/test-dir/MiniOzoneClusterImpl-3cdd9aee-ba37-4d0d-8930-872cb3194007/datanode-3/data/ratis/b7446d43-d2bd-4ced-9060-f91f2bfa525e does not exist. Creating ...
2019-09-20 04:49:53,742 [pool-346-thread-1] INFO  storage.RaftStorageDirectory (RaftStorageDirectory.java:tryLock(328)) - Lock on /workdir/hadoop-ozone/integration-test/target/test-dir/MiniOzoneClusterImpl-3cdd9aee-ba37-4d0d-8930-872cb3194007/datanode-3/data/ratis/b7446d43-d2bd-4ced-9060-f91f2bfa525e/in_use.lock acquired by nodename 9457@pr-hdds-1569-s8kj2-2266485376
2019-09-20 04:49:53,782 [pool-346-thread-1] INFO  storage.RaftStorage (RaftStorage.java:format(72)) - Storage directory /workdir/hadoop-ozone/integration-test/target/test-dir/MiniOzoneClusterImpl-3cdd9aee-ba37-4d0d-8930-872cb3194007/datanode-3/data/ratis/b7446d43-d2bd-4ced-9060-f91f2bfa525e has been successfully formatted.
2019-09-20 04:49:53,782 [pool-346-thread-1] INFO  ratis.ContainerStateMachine (ContainerStateMachine.java:loadSnapshot(226)) - group-F91F2BFA525E: The snapshot info is null. Setting the last applied indexto:(t:0, i:~)
2019-09-20 04:49:53,782 [pool-346-thread-1] INFO  server.RaftServerConfigKeys (ConfUtils.java:logGet(43)) - raft.server.leader.election.timeout = 120s (custom)
2019-09-20 04:49:53,782 [pool-346-thread-1] INFO  server.RaftServerConfigKeys (ConfUtils.java:logGet(43)) - raft.server.log.use.memory = false (default)
2019-09-20 04:49:53,782 [pool-346-thread-1] INFO  server.RaftServerConfigKeys (ConfUtils.java:logGet(43)) - raft.server.log.purge.gap = 1000000 (custom)
2019-09-20 04:49:53,782 [pool-346-thread-1] INFO  server.RaftServerConfigKeys (ConfUtils.java:logGet(43)) - raft.server.log.appender.buffer.byte-limit = 33554432 (custom)
2019-09-20 04:49:53,783 [pool-346-thread-1] INFO  server.RaftServerConfigKeys (ConfUtils.java:logGet(43)) - raft.server.log.segment.size.max = 1048576 (custom)
2019-09-20 04:49:53,783 [pool-346-thread-1] INFO  server.RaftServerConfigKeys (ConfUtils.java:logGet(43)) - raft.server.log.segment.cache.num.max = 2 (custom)
2019-09-20 04:49:53,783 [pool-346-thread-1] INFO  segmented.SegmentedRaftLogWorker (SegmentedRaftLogWorker.java:<init>(172)) - new c9787825-ea51-4014-8feb-b4ee136c6b23-SegmentedRaftLogWorker:Storage Directory /workdir/hadoop-ozone/integration-test/target/test-dir/MiniOzoneClusterImpl-3cdd9aee-ba37-4d0d-8930-872cb3194007/datanode-3/data/ratis/b7446d43-d2bd-4ced-9060-f91f2bfa525e for RaftStorage:Storage Directory /workdir/hadoop-ozone/integration-test/target/test-dir/MiniOzoneClusterImpl-3cdd9aee-ba37-4d0d-8930-872cb3194007/datanode-3/data/ratis/b7446d43-d2bd-4ced-9060-f91f2bfa525e
2019-09-20 04:49:53,783 [pool-346-thread-1] INFO  server.RaftServerConfigKeys (ConfUtils.java:logGet(43)) - raft.server.log.queue.byte-limit = 2147483647 (custom)
2019-09-20 04:49:53,783 [pool-346-thread-1] INFO  server.RaftServerConfigKeys (ConfUtils.java:logGet(43)) - raft.server.log.queue.element-limit = 1024 (custom)
2019-09-20 04:49:53,783 [pool-346-thread-1] INFO  server.RaftServerConfigKeys (ConfUtils.java:logGet(43)) - raft.server.log.segment.size.max = 1048576 (custom)
2019-09-20 04:49:53,783 [pool-346-thread-1] INFO  server.RaftServerConfigKeys (ConfUtils.java:logGet(43)) - raft.server.log.preallocated.size = 16384 (custom)
2019-09-20 04:49:53,783 [pool-346-thread-1] INFO  server.RaftServerConfigKeys (ConfUtils.java:logGet(43)) - raft.server.log.write.buffer.size = 33554432 (custom)
2019-09-20 04:49:53,784 [pool-346-thread-1] INFO  server.RaftServerConfigKeys (ConfUtils.java:logGet(43)) - raft.server.log.force.sync.num = 128 (default)
2019-09-20 04:49:53,784 [pool-346-thread-1] INFO  server.RaftServerConfigKeys (ConfUtils.java:logGet(43)) - raft.server.log.statemachine.data.sync = true (default)
2019-09-20 04:49:53,784 [pool-346-thread-1] INFO  server.RaftServerConfigKeys (ConfUtils.java:logGet(43)) - raft.server.log.statemachine.data.sync.timeout = 10s (default)
2019-09-20 04:49:53,784 [pool-346-thread-1] INFO  server.RaftServerConfigKeys (ConfUtils.java:logGet(43)) - raft.server.log.statemachine.data.sync.timeout.retry = -1 (default)
2019-09-20 04:49:53,784 [pool-346-thread-1] INFO  server.RaftServerConfigKeys (ConfUtils.java:logGet(43)) - raft.server.log.statemachine.data.caching.enabled = true (custom)
2019-09-20 04:49:53,784 [pool-346-thread-1] INFO  segmented.SegmentedRaftLogWorker (SegmentedRaftLogWorker.java:lambda$new$0(132)) - c9787825-ea51-4014-8feb-b4ee136c6b23-SegmentedRaftLogWorker:Storage Directory /workdir/hadoop-ozone/integration-test/target/test-dir/MiniOzoneClusterImpl-3cdd9aee-ba37-4d0d-8930-872cb3194007/datanode-3/data/ratis/b7446d43-d2bd-4ced-9060-f91f2bfa525e: flushIndex: setUnconditionally 0 -> -1
2019-09-20 04:49:53,785 [pool-346-thread-1] INFO  server.RaftServerConfigKeys (ConfUtils.java:logGet(43)) - raft.server.snapshot.auto.trigger.enabled = true (custom)
2019-09-20 04:49:53,785 [pool-346-thread-1] INFO  server.RaftServerConfigKeys (ConfUtils.java:logGet(43)) - raft.server.snapshot.auto.trigger.threshold = 10000 (custom)
2019-09-20 04:49:53,785 [pool-346-thread-1] INFO  server.RaftServerConfigKeys (ConfUtils.java:logGet(43)) - raft.server.retrycache.expirytime = 600000ms (custom)
2019-09-20 04:49:53,785 [pool-346-thread-1] INFO  impl.RaftServerImpl (RaftServerImpl.java:start(180)) - c9787825-ea51-4014-8feb-b4ee136c6b23: start group-F91F2BFA525E
2019-09-20 04:49:53,785 [pool-346-thread-1] INFO  impl.RaftServerImpl (RaftServerImpl.java:setRole(171)) - c9787825-ea51-4014-8feb-b4ee136c6b23:group-F91F2BFA525E changes role from null to FOLLOWER at term 0 for startAsFollower
2019-09-20 04:49:53,785 [pool-346-thread-1] INFO  impl.RoleInfo (RoleInfo.java:updateAndGet(143)) - c9787825-ea51-4014-8feb-b4ee136c6b23: start FollowerState
2019-09-20 04:49:53,786 [pool-346-thread-1] INFO  util.JmxRegister (JmxRegister.java:tryRegister(44)) - Successfully registered JMX Bean with object name Ratis:service=RaftServer,group=group-F91F2BFA525E,id=c9787825-ea51-4014-8feb-b4ee136c6b23
2019-09-20 04:49:53,788 [RatisPipelineUtilsThread] INFO  pipeline.PipelineStateManager (PipelineStateManager.java:addPipeline(56)) - Created pipeline Pipeline[ Id: b7446d43-d2bd-4ced-9060-f91f2bfa525e, Nodes: c9787825-ea51-4014-8feb-b4ee136c6b23{ip: 192.168.36.79, host: pr-hdds-1569-s8kj2-2266485376, networkLocation: /default-rack, certSerialId: null}, Type:RATIS, Factor:ONE, State:OPEN]
2019-09-20 04:49:53,788 [RatisPipelineUtilsThread] INFO  pipeline.PipelinePlacementPolicy (PipelinePlacementPolicy.java:meetCriteria(91)) - Pipeline Placement: Doesn't meet the criteria to be viable node： c82e94d7-3693-4569-94b0-cf8ff008d5c0 Heaviness: 6 limit: 5
2019-09-20 04:49:53,788 [RatisPipelineUtilsThread] INFO  pipeline.PipelinePlacementPolicy (PipelinePlacementPolicy.java:meetCriteria(91)) - Pipeline Placement: Doesn't meet the criteria to be viable node： 1b138595-92e4-4592-9dfc-2bb97fb4c88b Heaviness: 6 limit: 5
2019-09-20 04:49:53,789 [RatisPipelineUtilsThread] INFO  pipeline.PipelinePlacementPolicy (PipelinePlacementPolicy.java:meetCriteria(91)) - Pipeline Placement: Doesn't meet the criteria to be viable node： 37fe2768-1af7-42e7-8542-10b932802b02 Heaviness: 6 limit: 5
2019-09-20 04:49:53,793 [grpc-default-executor-1] INFO  impl.RaftServerProxy (RaftServerProxy.java:addNew(89)) - c9787825-ea51-4014-8feb-b4ee136c6b23: addNew group-EB6D3E036903:[c9787825-ea51-4014-8feb-b4ee136c6b23:192.168.36.79:40747] returns group-EB6D3E036903:java.util.concurrent.CompletableFuture@3c430c2c[Not completed]
2019-09-20 04:49:53,794 [pool-346-thread-1] INFO  impl.RaftServerImpl (RaftServerImpl.java:<init>(93)) - c9787825-ea51-4014-8feb-b4ee136c6b23: new RaftServerImpl for group-EB6D3E036903:[c9787825-ea51-4014-8feb-b4ee136c6b23:192.168.36.79:40747] with ContainerStateMachine:uninitialized
2019-09-20 04:49:53,794 [pool-346-thread-1] INFO  server.RaftServerConfigKeys (ConfUtils.java:logGet(43)) - raft.server.rpc.timeout.min = 5s (custom)
2019-09-20 04:49:53,794 [pool-346-thread-1] INFO  server.RaftServerConfigKeys (ConfUtils.java:logGet(43)) - raft.server.rpc.timeout.max = 5200ms (custom)
2019-09-20 04:49:53,794 [pool-346-thread-1] INFO  server.RaftServerConfigKeys (ConfUtils.java:logGet(43)) - raft.server.rpcslowness.timeout = 120s (custom)
2019-09-20 04:49:53,794 [pool-346-thread-1] INFO  server.RaftServerConfigKeys (ConfUtils.java:logGet(43)) - raft.server.sleep.deviation.threshold = 300 (default)
2019-09-20 04:49:53,794 [pool-346-thread-1] INFO  server.RaftServerConfigKeys (ConfUtils.java:logGet(43)) - raft.server.log.appender.install.snapshot.enabled = false (custom)
2019-09-20 04:49:53,795 [pool-346-thread-1] INFO  impl.RaftServerImpl (ServerState.java:<init>(105)) - c9787825-ea51-4014-8feb-b4ee136c6b23:group-EB6D3E036903 ConfigurationManager, init=-1: [c9787825-ea51-4014-8feb-b4ee136c6b23:192.168.36.79:40747], old=null, confs=<EMPTY_MAP>
2019-09-20 04:49:53,795 [pool-346-thread-1] INFO  server.RaftServerConfigKeys (ConfUtils.java:logGet(43)) - raft.server.storage.dir = [/workdir/hadoop-ozone/integration-test/target/test-dir/MiniOzoneClusterImpl-3cdd9aee-ba37-4d0d-8930-872cb3194007/datanode-3/data/ratis] (custom)
2019-09-20 04:49:53,795 [pool-346-thread-1] INFO  storage.RaftStorageDirectory (RaftStorageDirectory.java:analyzeStorage(246)) - The storage directory /workdir/hadoop-ozone/integration-test/target/test-dir/MiniOzoneClusterImpl-3cdd9aee-ba37-4d0d-8930-872cb3194007/datanode-3/data/ratis/0e7135bf-0c55-45f8-a807-eb6d3e036903 does not exist. Creating ...
2019-09-20 04:49:53,824 [pool-346-thread-1] INFO  storage.RaftStorageDirectory (RaftStorageDirectory.java:tryLock(328)) - Lock on /workdir/hadoop-ozone/integration-test/target/test-dir/MiniOzoneClusterImpl-3cdd9aee-ba37-4d0d-8930-872cb3194007/datanode-3/data/ratis/0e7135bf-0c55-45f8-a807-eb6d3e036903/in_use.lock acquired by nodename 9457@pr-hdds-1569-s8kj2-2266485376
2019-09-20 04:49:53,868 [pool-346-thread-1] INFO  storage.RaftStorage (RaftStorage.java:format(72)) - Storage directory /workdir/hadoop-ozone/integration-test/target/test-dir/MiniOzoneClusterImpl-3cdd9aee-ba37-4d0d-8930-872cb3194007/datanode-3/data/ratis/0e7135bf-0c55-45f8-a807-eb6d3e036903 has been successfully formatted.
2019-09-20 04:49:53,868 [pool-346-thread-1] INFO  ratis.ContainerStateMachine (ContainerStateMachine.java:loadSnapshot(226)) - group-EB6D3E036903: The snapshot info is null. Setting the last applied indexto:(t:0, i:~)
2019-09-20 04:49:53,868 [pool-346-thread-1] INFO  server.RaftServerConfigKeys (ConfUtils.java:logGet(43)) - raft.server.leader.election.timeout = 120s (custom)
2019-09-20 04:49:53,869 [pool-346-thread-1] INFO  server.RaftServerConfigKeys (ConfUtils.java:logGet(43)) - raft.server.log.use.memory = false (default)
2019-09-20 04:49:53,869 [pool-346-thread-1] INFO  server.RaftServerConfigKeys (ConfUtils.java:logGet(43)) - raft.server.log.purge.gap = 1000000 (custom)
2019-09-20 04:49:53,869 [pool-346-thread-1] INFO  server.RaftServerConfigKeys (ConfUtils.java:logGet(43)) - raft.server.log.appender.buffer.byte-limit = 33554432 (custom)
2019-09-20 04:49:53,869 [pool-346-thread-1] INFO  server.RaftServerConfigKeys (ConfUtils.java:logGet(43)) - raft.server.log.segment.size.max = 1048576 (custom)
2019-09-20 04:49:53,869 [pool-346-thread-1] INFO  server.RaftServerConfigKeys (ConfUtils.java:logGet(43)) - raft.server.log.segment.cache.num.max = 2 (custom)
2019-09-20 04:49:53,870 [pool-346-thread-1] INFO  segmented.SegmentedRaftLogWorker (SegmentedRaftLogWorker.java:<init>(172)) - new c9787825-ea51-4014-8feb-b4ee136c6b23-SegmentedRaftLogWorker:Storage Directory /workdir/hadoop-ozone/integration-test/target/test-dir/MiniOzoneClusterImpl-3cdd9aee-ba37-4d0d-8930-872cb3194007/datanode-3/data/ratis/0e7135bf-0c55-45f8-a807-eb6d3e036903 for RaftStorage:Storage Directory /workdir/hadoop-ozone/integration-test/target/test-dir/MiniOzoneClusterImpl-3cdd9aee-ba37-4d0d-8930-872cb3194007/datanode-3/data/ratis/0e7135bf-0c55-45f8-a807-eb6d3e036903
2019-09-20 04:49:53,870 [pool-346-thread-1] INFO  server.RaftServerConfigKeys (ConfUtils.java:logGet(43)) - raft.server.log.queue.byte-limit = 2147483647 (custom)
2019-09-20 04:49:53,870 [pool-346-thread-1] INFO  server.RaftServerConfigKeys (ConfUtils.java:logGet(43)) - raft.server.log.queue.element-limit = 1024 (custom)
2019-09-20 04:49:53,870 [pool-346-thread-1] INFO  server.RaftServerConfigKeys (ConfUtils.java:logGet(43)) - raft.server.log.segment.size.max = 1048576 (custom)
2019-09-20 04:49:53,870 [pool-346-thread-1] INFO  server.RaftServerConfigKeys (ConfUtils.java:logGet(43)) - raft.server.log.preallocated.size = 16384 (custom)
2019-09-20 04:49:53,871 [pool-346-thread-1] INFO  server.RaftServerConfigKeys (ConfUtils.java:logGet(43)) - raft.server.log.write.buffer.size = 33554432 (custom)
2019-09-20 04:49:53,871 [pool-346-thread-1] INFO  server.RaftServerConfigKeys (ConfUtils.java:logGet(43)) - raft.server.log.force.sync.num = 128 (default)
2019-09-20 04:49:53,871 [pool-346-thread-1] INFO  server.RaftServerConfigKeys (ConfUtils.java:logGet(43)) - raft.server.log.statemachine.data.sync = true (default)
2019-09-20 04:49:53,871 [pool-346-thread-1] INFO  server.RaftServerConfigKeys (ConfUtils.java:logGet(43)) - raft.server.log.statemachine.data.sync.timeout = 10s (default)
2019-09-20 04:49:53,871 [pool-346-thread-1] INFO  server.RaftServerConfigKeys (ConfUtils.java:logGet(43)) - raft.server.log.statemachine.data.sync.timeout.retry = -1 (default)
2019-09-20 04:49:53,871 [pool-346-thread-1] INFO  server.RaftServerConfigKeys (ConfUtils.java:logGet(43)) - raft.server.log.statemachine.data.caching.enabled = true (custom)
2019-09-20 04:49:53,872 [pool-346-thread-1] INFO  segmented.SegmentedRaftLogWorker (SegmentedRaftLogWorker.java:lambda$new$0(132)) - c9787825-ea51-4014-8feb-b4ee136c6b23-SegmentedRaftLogWorker:Storage Directory /workdir/hadoop-ozone/integration-test/target/test-dir/MiniOzoneClusterImpl-3cdd9aee-ba37-4d0d-8930-872cb3194007/datanode-3/data/ratis/0e7135bf-0c55-45f8-a807-eb6d3e036903: flushIndex: setUnconditionally 0 -> -1
2019-09-20 04:49:53,872 [pool-346-thread-1] INFO  server.RaftServerConfigKeys (ConfUtils.java:logGet(43)) - raft.server.snapshot.auto.trigger.enabled = true (custom)
2019-09-20 04:49:53,872 [pool-346-thread-1] INFO  server.RaftServerConfigKeys (ConfUtils.java:logGet(43)) - raft.server.snapshot.auto.trigger.threshold = 10000 (custom)
2019-09-20 04:49:53,873 [pool-346-thread-1] INFO  server.RaftServerConfigKeys (ConfUtils.java:logGet(43)) - raft.server.retrycache.expirytime = 600000ms (custom)
2019-09-20 04:49:53,873 [pool-346-thread-1] INFO  impl.RaftServerImpl (RaftServerImpl.java:start(180)) - c9787825-ea51-4014-8feb-b4ee136c6b23: start group-EB6D3E036903
2019-09-20 04:49:53,873 [pool-346-thread-1] INFO  impl.RaftServerImpl (RaftServerImpl.java:setRole(171)) - c9787825-ea51-4014-8feb-b4ee136c6b23:group-EB6D3E036903 changes role from null to FOLLOWER at term 0 for startAsFollower
2019-09-20 04:49:53,873 [pool-346-thread-1] INFO  impl.RoleInfo (RoleInfo.java:updateAndGet(143)) - c9787825-ea51-4014-8feb-b4ee136c6b23: start FollowerState
2019-09-20 04:49:53,874 [pool-346-thread-1] INFO  util.JmxRegister (JmxRegister.java:tryRegister(44)) - Successfully registered JMX Bean with object name Ratis:service=RaftServer,group=group-EB6D3E036903,id=c9787825-ea51-4014-8feb-b4ee136c6b23
2019-09-20 04:49:53,876 [RatisPipelineUtilsThread] INFO  pipeline.PipelineStateManager (PipelineStateManager.java:addPipeline(56)) - Created pipeline Pipeline[ Id: 0e7135bf-0c55-45f8-a807-eb6d3e036903, Nodes: c9787825-ea51-4014-8feb-b4ee136c6b23{ip: 192.168.36.79, host: pr-hdds-1569-s8kj2-2266485376, networkLocation: /default-rack, certSerialId: null}, Type:RATIS, Factor:ONE, State:OPEN]
2019-09-20 04:49:53,876 [RatisPipelineUtilsThread] INFO  pipeline.PipelinePlacementPolicy (PipelinePlacementPolicy.java:meetCriteria(91)) - Pipeline Placement: Doesn't meet the criteria to be viable node： c9787825-ea51-4014-8feb-b4ee136c6b23 Heaviness: 6 limit: 5
2019-09-20 04:49:53,877 [RatisPipelineUtilsThread] INFO  pipeline.PipelinePlacementPolicy (PipelinePlacementPolicy.java:meetCriteria(91)) - Pipeline Placement: Doesn't meet the criteria to be viable node： c82e94d7-3693-4569-94b0-cf8ff008d5c0 Heaviness: 6 limit: 5
2019-09-20 04:49:53,877 [RatisPipelineUtilsThread] INFO  pipeline.PipelinePlacementPolicy (PipelinePlacementPolicy.java:meetCriteria(91)) - Pipeline Placement: Doesn't meet the criteria to be viable node： 1b138595-92e4-4592-9dfc-2bb97fb4c88b Heaviness: 6 limit: 5
2019-09-20 04:49:53,877 [RatisPipelineUtilsThread] INFO  pipeline.PipelinePlacementPolicy (PipelinePlacementPolicy.java:meetCriteria(91)) - Pipeline Placement: Doesn't meet the criteria to be viable node： 37fe2768-1af7-42e7-8542-10b932802b02 Heaviness: 6 limit: 5
2019-09-20 04:49:53,881 [grpc-default-executor-1] INFO  impl.RaftServerProxy (RaftServerProxy.java:addNew(89)) - 6a6ac22f-fdb0-4283-a89a-a8bc92b139ca: addNew group-0BB728B7A7C5:[6a6ac22f-fdb0-4283-a89a-a8bc92b139ca:192.168.36.79:45432] returns group-0BB728B7A7C5:java.util.concurrent.CompletableFuture@24f2f346[Not completed]
2019-09-20 04:49:53,882 [pool-357-thread-1] INFO  impl.RaftServerImpl (RaftServerImpl.java:<init>(93)) - 6a6ac22f-fdb0-4283-a89a-a8bc92b139ca: new RaftServerImpl for group-0BB728B7A7C5:[6a6ac22f-fdb0-4283-a89a-a8bc92b139ca:192.168.36.79:45432] with ContainerStateMachine:uninitialized
2019-09-20 04:49:53,882 [pool-357-thread-1] INFO  server.RaftServerConfigKeys (ConfUtils.java:logGet(43)) - raft.server.rpc.timeout.min = 5s (custom)
2019-09-20 04:49:53,883 [pool-357-thread-1] INFO  server.RaftServerConfigKeys (ConfUtils.java:logGet(43)) - raft.server.rpc.timeout.max = 5200ms (custom)
2019-09-20 04:49:53,883 [pool-357-thread-1] INFO  server.RaftServerConfigKeys (ConfUtils.java:logGet(43)) - raft.server.rpcslowness.timeout = 120s (custom)
2019-09-20 04:49:53,883 [pool-357-thread-1] INFO  server.RaftServerConfigKeys (ConfUtils.java:logGet(43)) - raft.server.sleep.deviation.threshold = 300 (default)
2019-09-20 04:49:53,883 [pool-357-thread-1] INFO  server.RaftServerConfigKeys (ConfUtils.java:logGet(43)) - raft.server.log.appender.install.snapshot.enabled = false (custom)
2019-09-20 04:49:53,883 [pool-357-thread-1] INFO  impl.RaftServerImpl (ServerState.java:<init>(105)) - 6a6ac22f-fdb0-4283-a89a-a8bc92b139ca:group-0BB728B7A7C5 ConfigurationManager, init=-1: [6a6ac22f-fdb0-4283-a89a-a8bc92b139ca:192.168.36.79:45432], old=null, confs=<EMPTY_MAP>
2019-09-20 04:49:53,883 [pool-357-thread-1] INFO  server.RaftServerConfigKeys (ConfUtils.java:logGet(43)) - raft.server.storage.dir = [/workdir/hadoop-ozone/integration-test/target/test-dir/MiniOzoneClusterImpl-3cdd9aee-ba37-4d0d-8930-872cb3194007/datanode-4/data/ratis] (custom)
2019-09-20 04:49:53,883 [pool-357-thread-1] INFO  storage.RaftStorageDirectory (RaftStorageDirectory.java:analyzeStorage(246)) - The storage directory /workdir/hadoop-ozone/integration-test/target/test-dir/MiniOzoneClusterImpl-3cdd9aee-ba37-4d0d-8930-872cb3194007/datanode-4/data/ratis/ac1dd24a-86cb-45db-a25c-0bb728b7a7c5 does not exist. Creating ...
2019-09-20 04:49:53,887 [main] INFO  ozone.MiniOzoneClusterImpl (MiniOzoneClusterImpl.java:lambda$waitForClusterToBeReady$0(142)) - Waiting for cluster to be ready. Got 6 of 7 DN Heartbeats.
2019-09-20 04:49:53,888 [IPC Server handler 4 on 42399] INFO  net.NetworkTopology (NetworkTopologyImpl.java:add(110)) - Added a new node: /default-rack/db7872a1-bd52-4e68-8953-a9abbb9642a5
2019-09-20 04:49:53,888 [IPC Server handler 4 on 42399] INFO  node.SCMNodeManager (SCMNodeManager.java:register(273)) - Registered Data node : db7872a1-bd52-4e68-8953-a9abbb9642a5{ip: 192.168.36.79, host: pr-hdds-1569-s8kj2-2266485376, networkLocation: /default-rack, certSerialId: null}
2019-09-20 04:49:53,889 | INFO  | SCMAudit | user=jenkins1000 | ip=192.168.36.79 | op=REGISTER {datanodeDetails=db7872a1-bd52-4e68-8953-a9abbb9642a5{ip: 192.168.36.79, host: pr-hdds-1569-s8kj2-2266485376, networkLocation: /default-rack, certSerialId: null}} | ret=SUCCESS |  
2019-09-20 04:49:53,913 [pool-357-thread-1] INFO  storage.RaftStorageDirectory (RaftStorageDirectory.java:tryLock(328)) - Lock on /workdir/hadoop-ozone/integration-test/target/test-dir/MiniOzoneClusterImpl-3cdd9aee-ba37-4d0d-8930-872cb3194007/datanode-4/data/ratis/ac1dd24a-86cb-45db-a25c-0bb728b7a7c5/in_use.lock acquired by nodename 9457@pr-hdds-1569-s8kj2-2266485376
2019-09-20 04:49:53,948 [pool-357-thread-1] INFO  storage.RaftStorage (RaftStorage.java:format(72)) - Storage directory /workdir/hadoop-ozone/integration-test/target/test-dir/MiniOzoneClusterImpl-3cdd9aee-ba37-4d0d-8930-872cb3194007/datanode-4/data/ratis/ac1dd24a-86cb-45db-a25c-0bb728b7a7c5 has been successfully formatted.
2019-09-20 04:49:53,948 [pool-357-thread-1] INFO  ratis.ContainerStateMachine (ContainerStateMachine.java:loadSnapshot(226)) - group-0BB728B7A7C5: The snapshot info is null. Setting the last applied indexto:(t:0, i:~)
2019-09-20 04:49:53,948 [pool-357-thread-1] INFO  server.RaftServerConfigKeys (ConfUtils.java:logGet(43)) - raft.server.leader.election.timeout = 120s (custom)
2019-09-20 04:49:53,948 [pool-357-thread-1] INFO  server.RaftServerConfigKeys (ConfUtils.java:logGet(43)) - raft.server.log.use.memory = false (default)
2019-09-20 04:49:53,948 [pool-357-thread-1] INFO  server.RaftServerConfigKeys (ConfUtils.java:logGet(43)) - raft.server.log.purge.gap = 1000000 (custom)
2019-09-20 04:49:53,949 [pool-357-thread-1] INFO  server.RaftServerConfigKeys (ConfUtils.java:logGet(43)) - raft.server.log.appender.buffer.byte-limit = 33554432 (custom)
2019-09-20 04:49:53,949 [pool-357-thread-1] INFO  server.RaftServerConfigKeys (ConfUtils.java:logGet(43)) - raft.server.log.segment.size.max = 1048576 (custom)
2019-09-20 04:49:53,949 [pool-357-thread-1] INFO  server.RaftServerConfigKeys (ConfUtils.java:logGet(43)) - raft.server.log.segment.cache.num.max = 2 (custom)
2019-09-20 04:49:53,949 [pool-357-thread-1] INFO  segmented.SegmentedRaftLogWorker (SegmentedRaftLogWorker.java:<init>(172)) - new 6a6ac22f-fdb0-4283-a89a-a8bc92b139ca-SegmentedRaftLogWorker:Storage Directory /workdir/hadoop-ozone/integration-test/target/test-dir/MiniOzoneClusterImpl-3cdd9aee-ba37-4d0d-8930-872cb3194007/datanode-4/data/ratis/ac1dd24a-86cb-45db-a25c-0bb728b7a7c5 for RaftStorage:Storage Directory /workdir/hadoop-ozone/integration-test/target/test-dir/MiniOzoneClusterImpl-3cdd9aee-ba37-4d0d-8930-872cb3194007/datanode-4/data/ratis/ac1dd24a-86cb-45db-a25c-0bb728b7a7c5
2019-09-20 04:49:53,949 [pool-357-thread-1] INFO  server.RaftServerConfigKeys (ConfUtils.java:logGet(43)) - raft.server.log.queue.byte-limit = 2147483647 (custom)
2019-09-20 04:49:53,949 [pool-357-thread-1] INFO  server.RaftServerConfigKeys (ConfUtils.java:logGet(43)) - raft.server.log.queue.element-limit = 1024 (custom)
2019-09-20 04:49:53,949 [pool-357-thread-1] INFO  server.RaftServerConfigKeys (ConfUtils.java:logGet(43)) - raft.server.log.segment.size.max = 1048576 (custom)
2019-09-20 04:49:53,950 [pool-357-thread-1] INFO  server.RaftServerConfigKeys (ConfUtils.java:logGet(43)) - raft.server.log.preallocated.size = 16384 (custom)
2019-09-20 04:49:53,950 [pool-357-thread-1] INFO  server.RaftServerConfigKeys (ConfUtils.java:logGet(43)) - raft.server.log.write.buffer.size = 33554432 (custom)
2019-09-20 04:49:53,950 [pool-357-thread-1] INFO  server.RaftServerConfigKeys (ConfUtils.java:logGet(43)) - raft.server.log.force.sync.num = 128 (default)
2019-09-20 04:49:53,950 [pool-357-thread-1] INFO  server.RaftServerConfigKeys (ConfUtils.java:logGet(43)) - raft.server.log.statemachine.data.sync = true (default)
2019-09-20 04:49:53,950 [pool-357-thread-1] INFO  server.RaftServerConfigKeys (ConfUtils.java:logGet(43)) - raft.server.log.statemachine.data.sync.timeout = 10s (default)
2019-09-20 04:49:53,950 [pool-357-thread-1] INFO  server.RaftServerConfigKeys (ConfUtils.java:logGet(43)) - raft.server.log.statemachine.data.sync.timeout.retry = -1 (default)
2019-09-20 04:49:53,950 [pool-357-thread-1] INFO  server.RaftServerConfigKeys (ConfUtils.java:logGet(43)) - raft.server.log.statemachine.data.caching.enabled = true (custom)
2019-09-20 04:49:53,951 [pool-357-thread-1] INFO  segmented.SegmentedRaftLogWorker (SegmentedRaftLogWorker.java:lambda$new$0(132)) - 6a6ac22f-fdb0-4283-a89a-a8bc92b139ca-SegmentedRaftLogWorker:Storage Directory /workdir/hadoop-ozone/integration-test/target/test-dir/MiniOzoneClusterImpl-3cdd9aee-ba37-4d0d-8930-872cb3194007/datanode-4/data/ratis/ac1dd24a-86cb-45db-a25c-0bb728b7a7c5: flushIndex: setUnconditionally 0 -> -1
2019-09-20 04:49:53,951 [pool-357-thread-1] INFO  server.RaftServerConfigKeys (ConfUtils.java:logGet(43)) - raft.server.snapshot.auto.trigger.enabled = true (custom)
2019-09-20 04:49:53,951 [pool-357-thread-1] INFO  server.RaftServerConfigKeys (ConfUtils.java:logGet(43)) - raft.server.snapshot.auto.trigger.threshold = 10000 (custom)
2019-09-20 04:49:53,951 [pool-357-thread-1] INFO  server.RaftServerConfigKeys (ConfUtils.java:logGet(43)) - raft.server.retrycache.expirytime = 600000ms (custom)
2019-09-20 04:49:53,952 [pool-357-thread-1] INFO  impl.RaftServerImpl (RaftServerImpl.java:start(180)) - 6a6ac22f-fdb0-4283-a89a-a8bc92b139ca: start group-0BB728B7A7C5
2019-09-20 04:49:53,952 [pool-357-thread-1] INFO  impl.RaftServerImpl (RaftServerImpl.java:setRole(171)) - 6a6ac22f-fdb0-4283-a89a-a8bc92b139ca:group-0BB728B7A7C5 changes role from null to FOLLOWER at term 0 for startAsFollower
2019-09-20 04:49:53,952 [pool-357-thread-1] INFO  impl.RoleInfo (RoleInfo.java:updateAndGet(143)) - 6a6ac22f-fdb0-4283-a89a-a8bc92b139ca: start FollowerState
2019-09-20 04:49:53,952 [pool-357-thread-1] INFO  util.JmxRegister (JmxRegister.java:tryRegister(44)) - Successfully registered JMX Bean with object name Ratis:service=RaftServer,group=group-0BB728B7A7C5,id=6a6ac22f-fdb0-4283-a89a-a8bc92b139ca
2019-09-20 04:49:53,954 [RatisPipelineUtilsThread] INFO  pipeline.PipelineStateManager (PipelineStateManager.java:addPipeline(56)) - Created pipeline Pipeline[ Id: ac1dd24a-86cb-45db-a25c-0bb728b7a7c5, Nodes: 6a6ac22f-fdb0-4283-a89a-a8bc92b139ca{ip: 192.168.36.79, host: pr-hdds-1569-s8kj2-2266485376, networkLocation: /default-rack, certSerialId: null}, Type:RATIS, Factor:ONE, State:OPEN]
2019-09-20 04:49:53,955 [RatisPipelineUtilsThread] INFO  pipeline.PipelinePlacementPolicy (PipelinePlacementPolicy.java:meetCriteria(91)) - Pipeline Placement: Doesn't meet the criteria to be viable node： c9787825-ea51-4014-8feb-b4ee136c6b23 Heaviness: 6 limit: 5
2019-09-20 04:49:53,955 [RatisPipelineUtilsThread] INFO  pipeline.PipelinePlacementPolicy (PipelinePlacementPolicy.java:meetCriteria(91)) - Pipeline Placement: Doesn't meet the criteria to be viable node： c82e94d7-3693-4569-94b0-cf8ff008d5c0 Heaviness: 6 limit: 5
2019-09-20 04:49:53,955 [RatisPipelineUtilsThread] INFO  pipeline.PipelinePlacementPolicy (PipelinePlacementPolicy.java:meetCriteria(91)) - Pipeline Placement: Doesn't meet the criteria to be viable node： 1b138595-92e4-4592-9dfc-2bb97fb4c88b Heaviness: 6 limit: 5
2019-09-20 04:49:53,955 [RatisPipelineUtilsThread] INFO  pipeline.PipelinePlacementPolicy (PipelinePlacementPolicy.java:meetCriteria(91)) - Pipeline Placement: Doesn't meet the criteria to be viable node： 37fe2768-1af7-42e7-8542-10b932802b02 Heaviness: 6 limit: 5
2019-09-20 04:49:53,971 [grpc-default-executor-1] INFO  impl.RaftServerProxy (RaftServerProxy.java:addNew(89)) - db7872a1-bd52-4e68-8953-a9abbb9642a5: addNew group-CC89E8AD48EE:[db7872a1-bd52-4e68-8953-a9abbb9642a5:192.168.36.79:33028] returns group-CC89E8AD48EE:java.util.concurrent.CompletableFuture@3323064a[Not completed]
2019-09-20 04:49:53,972 [pool-379-thread-1] INFO  impl.RaftServerImpl (RaftServerImpl.java:<init>(93)) - db7872a1-bd52-4e68-8953-a9abbb9642a5: new RaftServerImpl for group-CC89E8AD48EE:[db7872a1-bd52-4e68-8953-a9abbb9642a5:192.168.36.79:33028] with ContainerStateMachine:uninitialized
2019-09-20 04:49:53,972 [pool-379-thread-1] INFO  server.RaftServerConfigKeys (ConfUtils.java:logGet(43)) - raft.server.rpc.timeout.min = 5s (custom)
2019-09-20 04:49:53,972 [pool-379-thread-1] INFO  server.RaftServerConfigKeys (ConfUtils.java:logGet(43)) - raft.server.rpc.timeout.max = 5200ms (custom)
2019-09-20 04:49:53,972 [pool-379-thread-1] INFO  server.RaftServerConfigKeys (ConfUtils.java:logGet(43)) - raft.server.rpcslowness.timeout = 120s (custom)
2019-09-20 04:49:53,973 [pool-379-thread-1] INFO  server.RaftServerConfigKeys (ConfUtils.java:logGet(43)) - raft.server.sleep.deviation.threshold = 300 (default)
2019-09-20 04:49:53,973 [pool-379-thread-1] INFO  server.RaftServerConfigKeys (ConfUtils.java:logGet(43)) - raft.server.log.appender.install.snapshot.enabled = false (custom)
2019-09-20 04:49:53,973 [pool-379-thread-1] INFO  impl.RaftServerImpl (ServerState.java:<init>(105)) - db7872a1-bd52-4e68-8953-a9abbb9642a5:group-CC89E8AD48EE ConfigurationManager, init=-1: [db7872a1-bd52-4e68-8953-a9abbb9642a5:192.168.36.79:33028], old=null, confs=<EMPTY_MAP>
2019-09-20 04:49:53,973 [pool-379-thread-1] INFO  server.RaftServerConfigKeys (ConfUtils.java:logGet(43)) - raft.server.storage.dir = [/workdir/hadoop-ozone/integration-test/target/test-dir/MiniOzoneClusterImpl-3cdd9aee-ba37-4d0d-8930-872cb3194007/datanode-6/data/ratis] (custom)
2019-09-20 04:49:53,974 [pool-379-thread-1] INFO  storage.RaftStorageDirectory (RaftStorageDirectory.java:analyzeStorage(246)) - The storage directory /workdir/hadoop-ozone/integration-test/target/test-dir/MiniOzoneClusterImpl-3cdd9aee-ba37-4d0d-8930-872cb3194007/datanode-6/data/ratis/5f6d43f2-5e4e-45ab-9488-cc89e8ad48ee does not exist. Creating ...
2019-09-20 04:49:54,006 [pool-379-thread-1] INFO  storage.RaftStorageDirectory (RaftStorageDirectory.java:tryLock(328)) - Lock on /workdir/hadoop-ozone/integration-test/target/test-dir/MiniOzoneClusterImpl-3cdd9aee-ba37-4d0d-8930-872cb3194007/datanode-6/data/ratis/5f6d43f2-5e4e-45ab-9488-cc89e8ad48ee/in_use.lock acquired by nodename 9457@pr-hdds-1569-s8kj2-2266485376
2019-09-20 04:49:54,059 [pool-379-thread-1] INFO  storage.RaftStorage (RaftStorage.java:format(72)) - Storage directory /workdir/hadoop-ozone/integration-test/target/test-dir/MiniOzoneClusterImpl-3cdd9aee-ba37-4d0d-8930-872cb3194007/datanode-6/data/ratis/5f6d43f2-5e4e-45ab-9488-cc89e8ad48ee has been successfully formatted.
2019-09-20 04:49:54,059 [pool-379-thread-1] INFO  ratis.ContainerStateMachine (ContainerStateMachine.java:loadSnapshot(226)) - group-CC89E8AD48EE: The snapshot info is null. Setting the last applied indexto:(t:0, i:~)
2019-09-20 04:49:54,059 [pool-379-thread-1] INFO  server.RaftServerConfigKeys (ConfUtils.java:logGet(43)) - raft.server.leader.election.timeout = 120s (custom)
2019-09-20 04:49:54,059 [pool-379-thread-1] INFO  server.RaftServerConfigKeys (ConfUtils.java:logGet(43)) - raft.server.log.use.memory = false (default)
2019-09-20 04:49:54,060 [pool-379-thread-1] INFO  server.RaftServerConfigKeys (ConfUtils.java:logGet(43)) - raft.server.log.purge.gap = 1000000 (custom)
2019-09-20 04:49:54,060 [pool-379-thread-1] INFO  server.RaftServerConfigKeys (ConfUtils.java:logGet(43)) - raft.server.log.appender.buffer.byte-limit = 33554432 (custom)
2019-09-20 04:49:54,060 [pool-379-thread-1] INFO  server.RaftServerConfigKeys (ConfUtils.java:logGet(43)) - raft.server.log.segment.size.max = 1048576 (custom)
2019-09-20 04:49:54,060 [pool-379-thread-1] INFO  server.RaftServerConfigKeys (ConfUtils.java:logGet(43)) - raft.server.log.segment.cache.num.max = 2 (custom)
2019-09-20 04:49:54,060 [pool-379-thread-1] INFO  segmented.SegmentedRaftLogWorker (SegmentedRaftLogWorker.java:<init>(172)) - new db7872a1-bd52-4e68-8953-a9abbb9642a5-SegmentedRaftLogWorker:Storage Directory /workdir/hadoop-ozone/integration-test/target/test-dir/MiniOzoneClusterImpl-3cdd9aee-ba37-4d0d-8930-872cb3194007/datanode-6/data/ratis/5f6d43f2-5e4e-45ab-9488-cc89e8ad48ee for RaftStorage:Storage Directory /workdir/hadoop-ozone/integration-test/target/test-dir/MiniOzoneClusterImpl-3cdd9aee-ba37-4d0d-8930-872cb3194007/datanode-6/data/ratis/5f6d43f2-5e4e-45ab-9488-cc89e8ad48ee
2019-09-20 04:49:54,060 [pool-379-thread-1] INFO  server.RaftServerConfigKeys (ConfUtils.java:logGet(43)) - raft.server.log.queue.byte-limit = 2147483647 (custom)
2019-09-20 04:49:54,061 [pool-379-thread-1] INFO  server.RaftServerConfigKeys (ConfUtils.java:logGet(43)) - raft.server.log.queue.element-limit = 1024 (custom)
2019-09-20 04:49:54,061 [pool-379-thread-1] INFO  server.RaftServerConfigKeys (ConfUtils.java:logGet(43)) - raft.server.log.segment.size.max = 1048576 (custom)
2019-09-20 04:49:54,061 [pool-379-thread-1] INFO  server.RaftServerConfigKeys (ConfUtils.java:logGet(43)) - raft.server.log.preallocated.size = 16384 (custom)
2019-09-20 04:49:54,061 [pool-379-thread-1] INFO  server.RaftServerConfigKeys (ConfUtils.java:logGet(43)) - raft.server.log.write.buffer.size = 33554432 (custom)
2019-09-20 04:49:54,061 [pool-379-thread-1] INFO  server.RaftServerConfigKeys (ConfUtils.java:logGet(43)) - raft.server.log.force.sync.num = 128 (default)
2019-09-20 04:49:54,061 [pool-379-thread-1] INFO  server.RaftServerConfigKeys (ConfUtils.java:logGet(43)) - raft.server.log.statemachine.data.sync = true (default)
2019-09-20 04:49:54,062 [pool-379-thread-1] INFO  server.RaftServerConfigKeys (ConfUtils.java:logGet(43)) - raft.server.log.statemachine.data.sync.timeout = 10s (default)
2019-09-20 04:49:54,062 [pool-379-thread-1] INFO  server.RaftServerConfigKeys (ConfUtils.java:logGet(43)) - raft.server.log.statemachine.data.sync.timeout.retry = -1 (default)
2019-09-20 04:49:54,062 [pool-379-thread-1] INFO  server.RaftServerConfigKeys (ConfUtils.java:logGet(43)) - raft.server.log.statemachine.data.caching.enabled = true (custom)
2019-09-20 04:49:54,062 [pool-379-thread-1] INFO  segmented.SegmentedRaftLogWorker (SegmentedRaftLogWorker.java:lambda$new$0(132)) - db7872a1-bd52-4e68-8953-a9abbb9642a5-SegmentedRaftLogWorker:Storage Directory /workdir/hadoop-ozone/integration-test/target/test-dir/MiniOzoneClusterImpl-3cdd9aee-ba37-4d0d-8930-872cb3194007/datanode-6/data/ratis/5f6d43f2-5e4e-45ab-9488-cc89e8ad48ee: flushIndex: setUnconditionally 0 -> -1
2019-09-20 04:49:54,063 [pool-379-thread-1] INFO  server.RaftServerConfigKeys (ConfUtils.java:logGet(43)) - raft.server.snapshot.auto.trigger.enabled = true (custom)
2019-09-20 04:49:54,063 [pool-379-thread-1] INFO  server.RaftServerConfigKeys (ConfUtils.java:logGet(43)) - raft.server.snapshot.auto.trigger.threshold = 10000 (custom)
2019-09-20 04:49:54,063 [pool-379-thread-1] INFO  server.RaftServerConfigKeys (ConfUtils.java:logGet(43)) - raft.server.retrycache.expirytime = 600000ms (custom)
2019-09-20 04:49:54,063 [pool-379-thread-1] INFO  impl.RaftServerImpl (RaftServerImpl.java:start(180)) - db7872a1-bd52-4e68-8953-a9abbb9642a5: start group-CC89E8AD48EE
2019-09-20 04:49:54,063 [pool-379-thread-1] INFO  impl.RaftServerImpl (RaftServerImpl.java:setRole(171)) - db7872a1-bd52-4e68-8953-a9abbb9642a5:group-CC89E8AD48EE changes role from null to FOLLOWER at term 0 for startAsFollower
2019-09-20 04:49:54,064 [pool-379-thread-1] INFO  impl.RoleInfo (RoleInfo.java:updateAndGet(143)) - db7872a1-bd52-4e68-8953-a9abbb9642a5: start FollowerState
2019-09-20 04:49:54,064 [pool-379-thread-1] INFO  util.JmxRegister (JmxRegister.java:tryRegister(44)) - Successfully registered JMX Bean with object name Ratis:service=RaftServer,group=group-CC89E8AD48EE,id=db7872a1-bd52-4e68-8953-a9abbb9642a5
2019-09-20 04:49:54,066 [RatisPipelineUtilsThread] INFO  pipeline.PipelineStateManager (PipelineStateManager.java:addPipeline(56)) - Created pipeline Pipeline[ Id: 5f6d43f2-5e4e-45ab-9488-cc89e8ad48ee, Nodes: db7872a1-bd52-4e68-8953-a9abbb9642a5{ip: 192.168.36.79, host: pr-hdds-1569-s8kj2-2266485376, networkLocation: /default-rack, certSerialId: null}, Type:RATIS, Factor:ONE, State:OPEN]
2019-09-20 04:49:54,067 [RatisPipelineUtilsThread] INFO  pipeline.PipelinePlacementPolicy (PipelinePlacementPolicy.java:meetCriteria(91)) - Pipeline Placement: Doesn't meet the criteria to be viable node： c9787825-ea51-4014-8feb-b4ee136c6b23 Heaviness: 6 limit: 5
2019-09-20 04:49:54,067 [RatisPipelineUtilsThread] INFO  pipeline.PipelinePlacementPolicy (PipelinePlacementPolicy.java:meetCriteria(91)) - Pipeline Placement: Doesn't meet the criteria to be viable node： c82e94d7-3693-4569-94b0-cf8ff008d5c0 Heaviness: 6 limit: 5
2019-09-20 04:49:54,067 [RatisPipelineUtilsThread] INFO  pipeline.PipelinePlacementPolicy (PipelinePlacementPolicy.java:meetCriteria(91)) - Pipeline Placement: Doesn't meet the criteria to be viable node： 1b138595-92e4-4592-9dfc-2bb97fb4c88b Heaviness: 6 limit: 5
2019-09-20 04:49:54,067 [RatisPipelineUtilsThread] INFO  pipeline.PipelinePlacementPolicy (PipelinePlacementPolicy.java:meetCriteria(91)) - Pipeline Placement: Doesn't meet the criteria to be viable node： 37fe2768-1af7-42e7-8542-10b932802b02 Heaviness: 6 limit: 5
2019-09-20 04:49:54,071 [grpc-default-executor-1] INFO  impl.RaftServerProxy (RaftServerProxy.java:addNew(89)) - 6a6ac22f-fdb0-4283-a89a-a8bc92b139ca: addNew group-CABD14F0921E:[6a6ac22f-fdb0-4283-a89a-a8bc92b139ca:192.168.36.79:45432] returns group-CABD14F0921E:java.util.concurrent.CompletableFuture@4b7db8b6[Not completed]
2019-09-20 04:49:54,072 [pool-357-thread-1] INFO  impl.RaftServerImpl (RaftServerImpl.java:<init>(93)) - 6a6ac22f-fdb0-4283-a89a-a8bc92b139ca: new RaftServerImpl for group-CABD14F0921E:[6a6ac22f-fdb0-4283-a89a-a8bc92b139ca:192.168.36.79:45432] with ContainerStateMachine:uninitialized
2019-09-20 04:49:54,072 [pool-357-thread-1] INFO  server.RaftServerConfigKeys (ConfUtils.java:logGet(43)) - raft.server.rpc.timeout.min = 5s (custom)
2019-09-20 04:49:54,072 [pool-357-thread-1] INFO  server.RaftServerConfigKeys (ConfUtils.java:logGet(43)) - raft.server.rpc.timeout.max = 5200ms (custom)
2019-09-20 04:49:54,072 [pool-357-thread-1] INFO  server.RaftServerConfigKeys (ConfUtils.java:logGet(43)) - raft.server.rpcslowness.timeout = 120s (custom)
2019-09-20 04:49:54,072 [pool-357-thread-1] INFO  server.RaftServerConfigKeys (ConfUtils.java:logGet(43)) - raft.server.sleep.deviation.threshold = 300 (default)
2019-09-20 04:49:54,072 [pool-357-thread-1] INFO  server.RaftServerConfigKeys (ConfUtils.java:logGet(43)) - raft.server.log.appender.install.snapshot.enabled = false (custom)
2019-09-20 04:49:54,073 [pool-357-thread-1] INFO  impl.RaftServerImpl (ServerState.java:<init>(105)) - 6a6ac22f-fdb0-4283-a89a-a8bc92b139ca:group-CABD14F0921E ConfigurationManager, init=-1: [6a6ac22f-fdb0-4283-a89a-a8bc92b139ca:192.168.36.79:45432], old=null, confs=<EMPTY_MAP>
2019-09-20 04:49:54,073 [pool-357-thread-1] INFO  server.RaftServerConfigKeys (ConfUtils.java:logGet(43)) - raft.server.storage.dir = [/workdir/hadoop-ozone/integration-test/target/test-dir/MiniOzoneClusterImpl-3cdd9aee-ba37-4d0d-8930-872cb3194007/datanode-4/data/ratis] (custom)
2019-09-20 04:49:54,073 [pool-357-thread-1] INFO  storage.RaftStorageDirectory (RaftStorageDirectory.java:analyzeStorage(246)) - The storage directory /workdir/hadoop-ozone/integration-test/target/test-dir/MiniOzoneClusterImpl-3cdd9aee-ba37-4d0d-8930-872cb3194007/datanode-4/data/ratis/c20cfb8f-30a0-4418-a916-cabd14f0921e does not exist. Creating ...
2019-09-20 04:49:54,101 [pool-357-thread-1] INFO  storage.RaftStorageDirectory (RaftStorageDirectory.java:tryLock(328)) - Lock on /workdir/hadoop-ozone/integration-test/target/test-dir/MiniOzoneClusterImpl-3cdd9aee-ba37-4d0d-8930-872cb3194007/datanode-4/data/ratis/c20cfb8f-30a0-4418-a916-cabd14f0921e/in_use.lock acquired by nodename 9457@pr-hdds-1569-s8kj2-2266485376
2019-09-20 04:49:54,118 [pool-357-thread-1] INFO  storage.RaftStorage (RaftStorage.java:format(72)) - Storage directory /workdir/hadoop-ozone/integration-test/target/test-dir/MiniOzoneClusterImpl-3cdd9aee-ba37-4d0d-8930-872cb3194007/datanode-4/data/ratis/c20cfb8f-30a0-4418-a916-cabd14f0921e has been successfully formatted.
2019-09-20 04:49:54,118 [pool-357-thread-1] INFO  ratis.ContainerStateMachine (ContainerStateMachine.java:loadSnapshot(226)) - group-CABD14F0921E: The snapshot info is null. Setting the last applied indexto:(t:0, i:~)
2019-09-20 04:49:54,118 [pool-357-thread-1] INFO  server.RaftServerConfigKeys (ConfUtils.java:logGet(43)) - raft.server.leader.election.timeout = 120s (custom)
2019-09-20 04:49:54,118 [pool-357-thread-1] INFO  server.RaftServerConfigKeys (ConfUtils.java:logGet(43)) - raft.server.log.use.memory = false (default)
2019-09-20 04:49:54,118 [pool-357-thread-1] INFO  server.RaftServerConfigKeys (ConfUtils.java:logGet(43)) - raft.server.log.purge.gap = 1000000 (custom)
2019-09-20 04:49:54,119 [pool-357-thread-1] INFO  server.RaftServerConfigKeys (ConfUtils.java:logGet(43)) - raft.server.log.appender.buffer.byte-limit = 33554432 (custom)
2019-09-20 04:49:54,119 [pool-357-thread-1] INFO  server.RaftServerConfigKeys (ConfUtils.java:logGet(43)) - raft.server.log.segment.size.max = 1048576 (custom)
2019-09-20 04:49:54,119 [pool-357-thread-1] INFO  server.RaftServerConfigKeys (ConfUtils.java:logGet(43)) - raft.server.log.segment.cache.num.max = 2 (custom)
2019-09-20 04:49:54,119 [pool-357-thread-1] INFO  segmented.SegmentedRaftLogWorker (SegmentedRaftLogWorker.java:<init>(172)) - new 6a6ac22f-fdb0-4283-a89a-a8bc92b139ca-SegmentedRaftLogWorker:Storage Directory /workdir/hadoop-ozone/integration-test/target/test-dir/MiniOzoneClusterImpl-3cdd9aee-ba37-4d0d-8930-872cb3194007/datanode-4/data/ratis/c20cfb8f-30a0-4418-a916-cabd14f0921e for RaftStorage:Storage Directory /workdir/hadoop-ozone/integration-test/target/test-dir/MiniOzoneClusterImpl-3cdd9aee-ba37-4d0d-8930-872cb3194007/datanode-4/data/ratis/c20cfb8f-30a0-4418-a916-cabd14f0921e
2019-09-20 04:49:54,119 [pool-357-thread-1] INFO  server.RaftServerConfigKeys (ConfUtils.java:logGet(43)) - raft.server.log.queue.byte-limit = 2147483647 (custom)
2019-09-20 04:49:54,119 [pool-357-thread-1] INFO  server.RaftServerConfigKeys (ConfUtils.java:logGet(43)) - raft.server.log.queue.element-limit = 1024 (custom)
2019-09-20 04:49:54,119 [pool-357-thread-1] INFO  server.RaftServerConfigKeys (ConfUtils.java:logGet(43)) - raft.server.log.segment.size.max = 1048576 (custom)
2019-09-20 04:49:54,119 [pool-357-thread-1] INFO  server.RaftServerConfigKeys (ConfUtils.java:logGet(43)) - raft.server.log.preallocated.size = 16384 (custom)
2019-09-20 04:49:54,120 [pool-357-thread-1] INFO  server.RaftServerConfigKeys (ConfUtils.java:logGet(43)) - raft.server.log.write.buffer.size = 33554432 (custom)
2019-09-20 04:49:54,120 [pool-357-thread-1] INFO  server.RaftServerConfigKeys (ConfUtils.java:logGet(43)) - raft.server.log.force.sync.num = 128 (default)
2019-09-20 04:49:54,120 [pool-357-thread-1] INFO  server.RaftServerConfigKeys (ConfUtils.java:logGet(43)) - raft.server.log.statemachine.data.sync = true (default)
2019-09-20 04:49:54,120 [pool-357-thread-1] INFO  server.RaftServerConfigKeys (ConfUtils.java:logGet(43)) - raft.server.log.statemachine.data.sync.timeout = 10s (default)
2019-09-20 04:49:54,120 [pool-357-thread-1] INFO  server.RaftServerConfigKeys (ConfUtils.java:logGet(43)) - raft.server.log.statemachine.data.sync.timeout.retry = -1 (default)
2019-09-20 04:49:54,120 [pool-357-thread-1] INFO  server.RaftServerConfigKeys (ConfUtils.java:logGet(43)) - raft.server.log.statemachine.data.caching.enabled = true (custom)
2019-09-20 04:49:54,120 [pool-357-thread-1] INFO  segmented.SegmentedRaftLogWorker (SegmentedRaftLogWorker.java:lambda$new$0(132)) - 6a6ac22f-fdb0-4283-a89a-a8bc92b139ca-SegmentedRaftLogWorker:Storage Directory /workdir/hadoop-ozone/integration-test/target/test-dir/MiniOzoneClusterImpl-3cdd9aee-ba37-4d0d-8930-872cb3194007/datanode-4/data/ratis/c20cfb8f-30a0-4418-a916-cabd14f0921e: flushIndex: setUnconditionally 0 -> -1
2019-09-20 04:49:54,121 [pool-357-thread-1] INFO  server.RaftServerConfigKeys (ConfUtils.java:logGet(43)) - raft.server.snapshot.auto.trigger.enabled = true (custom)
2019-09-20 04:49:54,121 [pool-357-thread-1] INFO  server.RaftServerConfigKeys (ConfUtils.java:logGet(43)) - raft.server.snapshot.auto.trigger.threshold = 10000 (custom)
2019-09-20 04:49:54,121 [pool-357-thread-1] INFO  server.RaftServerConfigKeys (ConfUtils.java:logGet(43)) - raft.server.retrycache.expirytime = 600000ms (custom)
2019-09-20 04:49:54,121 [pool-357-thread-1] INFO  impl.RaftServerImpl (RaftServerImpl.java:start(180)) - 6a6ac22f-fdb0-4283-a89a-a8bc92b139ca: start group-CABD14F0921E
2019-09-20 04:49:54,121 [pool-357-thread-1] INFO  impl.RaftServerImpl (RaftServerImpl.java:setRole(171)) - 6a6ac22f-fdb0-4283-a89a-a8bc92b139ca:group-CABD14F0921E changes role from null to FOLLOWER at term 0 for startAsFollower
2019-09-20 04:49:54,121 [pool-357-thread-1] INFO  impl.RoleInfo (RoleInfo.java:updateAndGet(143)) - 6a6ac22f-fdb0-4283-a89a-a8bc92b139ca: start FollowerState
2019-09-20 04:49:54,122 [pool-357-thread-1] INFO  util.JmxRegister (JmxRegister.java:tryRegister(44)) - Successfully registered JMX Bean with object name Ratis:service=RaftServer,group=group-CABD14F0921E,id=6a6ac22f-fdb0-4283-a89a-a8bc92b139ca
2019-09-20 04:49:54,124 [RatisPipelineUtilsThread] INFO  pipeline.PipelineStateManager (PipelineStateManager.java:addPipeline(56)) - Created pipeline Pipeline[ Id: c20cfb8f-30a0-4418-a916-cabd14f0921e, Nodes: 6a6ac22f-fdb0-4283-a89a-a8bc92b139ca{ip: 192.168.36.79, host: pr-hdds-1569-s8kj2-2266485376, networkLocation: /default-rack, certSerialId: null}, Type:RATIS, Factor:ONE, State:OPEN]
2019-09-20 04:49:54,124 [RatisPipelineUtilsThread] INFO  pipeline.PipelinePlacementPolicy (PipelinePlacementPolicy.java:meetCriteria(91)) - Pipeline Placement: Doesn't meet the criteria to be viable node： c9787825-ea51-4014-8feb-b4ee136c6b23 Heaviness: 6 limit: 5
2019-09-20 04:49:54,124 [RatisPipelineUtilsThread] INFO  pipeline.PipelinePlacementPolicy (PipelinePlacementPolicy.java:meetCriteria(91)) - Pipeline Placement: Doesn't meet the criteria to be viable node： c82e94d7-3693-4569-94b0-cf8ff008d5c0 Heaviness: 6 limit: 5
2019-09-20 04:49:54,124 [RatisPipelineUtilsThread] INFO  pipeline.PipelinePlacementPolicy (PipelinePlacementPolicy.java:meetCriteria(91)) - Pipeline Placement: Doesn't meet the criteria to be viable node： 1b138595-92e4-4592-9dfc-2bb97fb4c88b Heaviness: 6 limit: 5
2019-09-20 04:49:54,125 [RatisPipelineUtilsThread] INFO  pipeline.PipelinePlacementPolicy (PipelinePlacementPolicy.java:meetCriteria(91)) - Pipeline Placement: Doesn't meet the criteria to be viable node： 37fe2768-1af7-42e7-8542-10b932802b02 Heaviness: 6 limit: 5
2019-09-20 04:49:54,138 [grpc-default-executor-1] INFO  impl.RaftServerProxy (RaftServerProxy.java:addNew(89)) - d5424862-00f5-4f26-882d-9249b213a1ef: addNew group-D71256FEB5BF:[d5424862-00f5-4f26-882d-9249b213a1ef:192.168.36.79:37251] returns group-D71256FEB5BF:java.util.concurrent.CompletableFuture@78aa0b57[Not completed]
2019-09-20 04:49:54,138 | INFO  | SCMAudit | user=jenkins1000 | ip=192.168.36.79 | op=SEND_HEARTBEAT {datanodeUUID=c82e94d7-3693-4569-94b0-cf8ff008d5c0, command=[]} | ret=SUCCESS |  
2019-09-20 04:49:54,139 [pool-368-thread-1] INFO  impl.RaftServerImpl (RaftServerImpl.java:<init>(93)) - d5424862-00f5-4f26-882d-9249b213a1ef: new RaftServerImpl for group-D71256FEB5BF:[d5424862-00f5-4f26-882d-9249b213a1ef:192.168.36.79:37251] with ContainerStateMachine:uninitialized
2019-09-20 04:49:54,140 [pool-368-thread-1] INFO  server.RaftServerConfigKeys (ConfUtils.java:logGet(43)) - raft.server.rpc.timeout.min = 5s (custom)
2019-09-20 04:49:54,140 [pool-368-thread-1] INFO  server.RaftServerConfigKeys (ConfUtils.java:logGet(43)) - raft.server.rpc.timeout.max = 5200ms (custom)
2019-09-20 04:49:54,140 [pool-368-thread-1] INFO  server.RaftServerConfigKeys (ConfUtils.java:logGet(43)) - raft.server.rpcslowness.timeout = 120s (custom)
2019-09-20 04:49:54,140 [pool-368-thread-1] INFO  server.RaftServerConfigKeys (ConfUtils.java:logGet(43)) - raft.server.sleep.deviation.threshold = 300 (default)
2019-09-20 04:49:54,140 [pool-368-thread-1] INFO  server.RaftServerConfigKeys (ConfUtils.java:logGet(43)) - raft.server.log.appender.install.snapshot.enabled = false (custom)
2019-09-20 04:49:54,141 [pool-368-thread-1] INFO  impl.RaftServerImpl (ServerState.java:<init>(105)) - d5424862-00f5-4f26-882d-9249b213a1ef:group-D71256FEB5BF ConfigurationManager, init=-1: [d5424862-00f5-4f26-882d-9249b213a1ef:192.168.36.79:37251], old=null, confs=<EMPTY_MAP>
2019-09-20 04:49:54,141 [pool-368-thread-1] INFO  server.RaftServerConfigKeys (ConfUtils.java:logGet(43)) - raft.server.storage.dir = [/workdir/hadoop-ozone/integration-test/target/test-dir/MiniOzoneClusterImpl-3cdd9aee-ba37-4d0d-8930-872cb3194007/datanode-5/data/ratis] (custom)
2019-09-20 04:49:54,141 [pool-368-thread-1] INFO  storage.RaftStorageDirectory (RaftStorageDirectory.java:analyzeStorage(246)) - The storage directory /workdir/hadoop-ozone/integration-test/target/test-dir/MiniOzoneClusterImpl-3cdd9aee-ba37-4d0d-8930-872cb3194007/datanode-5/data/ratis/56d9df2f-8650-4016-a321-d71256feb5bf does not exist. Creating ...
2019-09-20 04:49:54,160 [pool-368-thread-1] INFO  storage.RaftStorageDirectory (RaftStorageDirectory.java:tryLock(328)) - Lock on /workdir/hadoop-ozone/integration-test/target/test-dir/MiniOzoneClusterImpl-3cdd9aee-ba37-4d0d-8930-872cb3194007/datanode-5/data/ratis/56d9df2f-8650-4016-a321-d71256feb5bf/in_use.lock acquired by nodename 9457@pr-hdds-1569-s8kj2-2266485376
2019-09-20 04:49:54,185 [pool-368-thread-1] INFO  storage.RaftStorage (RaftStorage.java:format(72)) - Storage directory /workdir/hadoop-ozone/integration-test/target/test-dir/MiniOzoneClusterImpl-3cdd9aee-ba37-4d0d-8930-872cb3194007/datanode-5/data/ratis/56d9df2f-8650-4016-a321-d71256feb5bf has been successfully formatted.
2019-09-20 04:49:54,185 [pool-368-thread-1] INFO  ratis.ContainerStateMachine (ContainerStateMachine.java:loadSnapshot(226)) - group-D71256FEB5BF: The snapshot info is null. Setting the last applied indexto:(t:0, i:~)
2019-09-20 04:49:54,186 [pool-368-thread-1] INFO  server.RaftServerConfigKeys (ConfUtils.java:logGet(43)) - raft.server.leader.election.timeout = 120s (custom)
2019-09-20 04:49:54,186 [pool-368-thread-1] INFO  server.RaftServerConfigKeys (ConfUtils.java:logGet(43)) - raft.server.log.use.memory = false (default)
2019-09-20 04:49:54,186 [pool-368-thread-1] INFO  server.RaftServerConfigKeys (ConfUtils.java:logGet(43)) - raft.server.log.purge.gap = 1000000 (custom)
2019-09-20 04:49:54,186 [pool-368-thread-1] INFO  server.RaftServerConfigKeys (ConfUtils.java:logGet(43)) - raft.server.log.appender.buffer.byte-limit = 33554432 (custom)
2019-09-20 04:49:54,186 [pool-368-thread-1] INFO  server.RaftServerConfigKeys (ConfUtils.java:logGet(43)) - raft.server.log.segment.size.max = 1048576 (custom)
2019-09-20 04:49:54,186 [pool-368-thread-1] INFO  server.RaftServerConfigKeys (ConfUtils.java:logGet(43)) - raft.server.log.segment.cache.num.max = 2 (custom)
2019-09-20 04:49:54,186 [pool-368-thread-1] INFO  segmented.SegmentedRaftLogWorker (SegmentedRaftLogWorker.java:<init>(172)) - new d5424862-00f5-4f26-882d-9249b213a1ef-SegmentedRaftLogWorker:Storage Directory /workdir/hadoop-ozone/integration-test/target/test-dir/MiniOzoneClusterImpl-3cdd9aee-ba37-4d0d-8930-872cb3194007/datanode-5/data/ratis/56d9df2f-8650-4016-a321-d71256feb5bf for RaftStorage:Storage Directory /workdir/hadoop-ozone/integration-test/target/test-dir/MiniOzoneClusterImpl-3cdd9aee-ba37-4d0d-8930-872cb3194007/datanode-5/data/ratis/56d9df2f-8650-4016-a321-d71256feb5bf
2019-09-20 04:49:54,186 [pool-368-thread-1] INFO  server.RaftServerConfigKeys (ConfUtils.java:logGet(43)) - raft.server.log.queue.byte-limit = 2147483647 (custom)
2019-09-20 04:49:54,187 [pool-368-thread-1] INFO  server.RaftServerConfigKeys (ConfUtils.java:logGet(43)) - raft.server.log.queue.element-limit = 1024 (custom)
2019-09-20 04:49:54,187 [pool-368-thread-1] INFO  server.RaftServerConfigKeys (ConfUtils.java:logGet(43)) - raft.server.log.segment.size.max = 1048576 (custom)
2019-09-20 04:49:54,187 [pool-368-thread-1] INFO  server.RaftServerConfigKeys (ConfUtils.java:logGet(43)) - raft.server.log.preallocated.size = 16384 (custom)
2019-09-20 04:49:54,187 [pool-368-thread-1] INFO  server.RaftServerConfigKeys (ConfUtils.java:logGet(43)) - raft.server.log.write.buffer.size = 33554432 (custom)
2019-09-20 04:49:54,187 [pool-368-thread-1] INFO  server.RaftServerConfigKeys (ConfUtils.java:logGet(43)) - raft.server.log.force.sync.num = 128 (default)
2019-09-20 04:49:54,187 [pool-368-thread-1] INFO  server.RaftServerConfigKeys (ConfUtils.java:logGet(43)) - raft.server.log.statemachine.data.sync = true (default)
2019-09-20 04:49:54,187 [pool-368-thread-1] INFO  server.RaftServerConfigKeys (ConfUtils.java:logGet(43)) - raft.server.log.statemachine.data.sync.timeout = 10s (default)
2019-09-20 04:49:54,187 [pool-368-thread-1] INFO  server.RaftServerConfigKeys (ConfUtils.java:logGet(43)) - raft.server.log.statemachine.data.sync.timeout.retry = -1 (default)
2019-09-20 04:49:54,188 [pool-368-thread-1] INFO  server.RaftServerConfigKeys (ConfUtils.java:logGet(43)) - raft.server.log.statemachine.data.caching.enabled = true (custom)
2019-09-20 04:49:54,188 [pool-368-thread-1] INFO  segmented.SegmentedRaftLogWorker (SegmentedRaftLogWorker.java:lambda$new$0(132)) - d5424862-00f5-4f26-882d-9249b213a1ef-SegmentedRaftLogWorker:Storage Directory /workdir/hadoop-ozone/integration-test/target/test-dir/MiniOzoneClusterImpl-3cdd9aee-ba37-4d0d-8930-872cb3194007/datanode-5/data/ratis/56d9df2f-8650-4016-a321-d71256feb5bf: flushIndex: setUnconditionally 0 -> -1
2019-09-20 04:49:54,188 [pool-368-thread-1] INFO  server.RaftServerConfigKeys (ConfUtils.java:logGet(43)) - raft.server.snapshot.auto.trigger.enabled = true (custom)
2019-09-20 04:49:54,188 [pool-368-thread-1] INFO  server.RaftServerConfigKeys (ConfUtils.java:logGet(43)) - raft.server.snapshot.auto.trigger.threshold = 10000 (custom)
2019-09-20 04:49:54,188 [pool-368-thread-1] INFO  server.RaftServerConfigKeys (ConfUtils.java:logGet(43)) - raft.server.retrycache.expirytime = 600000ms (custom)
2019-09-20 04:49:54,189 [pool-368-thread-1] INFO  impl.RaftServerImpl (RaftServerImpl.java:start(180)) - d5424862-00f5-4f26-882d-9249b213a1ef: start group-D71256FEB5BF
2019-09-20 04:49:54,189 [pool-368-thread-1] INFO  impl.RaftServerImpl (RaftServerImpl.java:setRole(171)) - d5424862-00f5-4f26-882d-9249b213a1ef:group-D71256FEB5BF changes role from null to FOLLOWER at term 0 for startAsFollower
2019-09-20 04:49:54,189 [pool-368-thread-1] INFO  impl.RoleInfo (RoleInfo.java:updateAndGet(143)) - d5424862-00f5-4f26-882d-9249b213a1ef: start FollowerState
2019-09-20 04:49:54,189 [pool-368-thread-1] INFO  util.JmxRegister (JmxRegister.java:tryRegister(44)) - Successfully registered JMX Bean with object name Ratis:service=RaftServer,group=group-D71256FEB5BF,id=d5424862-00f5-4f26-882d-9249b213a1ef
2019-09-20 04:49:54,192 [RatisPipelineUtilsThread] INFO  pipeline.PipelineStateManager (PipelineStateManager.java:addPipeline(56)) - Created pipeline Pipeline[ Id: 56d9df2f-8650-4016-a321-d71256feb5bf, Nodes: d5424862-00f5-4f26-882d-9249b213a1ef{ip: 192.168.36.79, host: pr-hdds-1569-s8kj2-2266485376, networkLocation: /default-rack, certSerialId: null}, Type:RATIS, Factor:ONE, State:OPEN]
2019-09-20 04:49:54,192 [RatisPipelineUtilsThread] INFO  pipeline.PipelinePlacementPolicy (PipelinePlacementPolicy.java:meetCriteria(91)) - Pipeline Placement: Doesn't meet the criteria to be viable node： c9787825-ea51-4014-8feb-b4ee136c6b23 Heaviness: 6 limit: 5
2019-09-20 04:49:54,192 [RatisPipelineUtilsThread] INFO  pipeline.PipelinePlacementPolicy (PipelinePlacementPolicy.java:meetCriteria(91)) - Pipeline Placement: Doesn't meet the criteria to be viable node： c82e94d7-3693-4569-94b0-cf8ff008d5c0 Heaviness: 6 limit: 5
2019-09-20 04:49:54,192 [RatisPipelineUtilsThread] INFO  pipeline.PipelinePlacementPolicy (PipelinePlacementPolicy.java:meetCriteria(91)) - Pipeline Placement: Doesn't meet the criteria to be viable node： 1b138595-92e4-4592-9dfc-2bb97fb4c88b Heaviness: 6 limit: 5
2019-09-20 04:49:54,192 [RatisPipelineUtilsThread] INFO  pipeline.PipelinePlacementPolicy (PipelinePlacementPolicy.java:meetCriteria(91)) - Pipeline Placement: Doesn't meet the criteria to be viable node： 37fe2768-1af7-42e7-8542-10b932802b02 Heaviness: 6 limit: 5
2019-09-20 04:49:54,196 [grpc-default-executor-1] INFO  impl.RaftServerProxy (RaftServerProxy.java:addNew(89)) - d5424862-00f5-4f26-882d-9249b213a1ef: addNew group-60367428C822:[d5424862-00f5-4f26-882d-9249b213a1ef:192.168.36.79:37251] returns group-60367428C822:java.util.concurrent.CompletableFuture@48a99be1[Not completed]
2019-09-20 04:49:54,198 [pool-368-thread-1] INFO  impl.RaftServerImpl (RaftServerImpl.java:<init>(93)) - d5424862-00f5-4f26-882d-9249b213a1ef: new RaftServerImpl for group-60367428C822:[d5424862-00f5-4f26-882d-9249b213a1ef:192.168.36.79:37251] with ContainerStateMachine:uninitialized
2019-09-20 04:49:54,198 [pool-368-thread-1] INFO  server.RaftServerConfigKeys (ConfUtils.java:logGet(43)) - raft.server.rpc.timeout.min = 5s (custom)
2019-09-20 04:49:54,198 [pool-368-thread-1] INFO  server.RaftServerConfigKeys (ConfUtils.java:logGet(43)) - raft.server.rpc.timeout.max = 5200ms (custom)
2019-09-20 04:49:54,198 [pool-368-thread-1] INFO  server.RaftServerConfigKeys (ConfUtils.java:logGet(43)) - raft.server.rpcslowness.timeout = 120s (custom)
2019-09-20 04:49:54,198 [pool-368-thread-1] INFO  server.RaftServerConfigKeys (ConfUtils.java:logGet(43)) - raft.server.sleep.deviation.threshold = 300 (default)
2019-09-20 04:49:54,198 [pool-368-thread-1] INFO  server.RaftServerConfigKeys (ConfUtils.java:logGet(43)) - raft.server.log.appender.install.snapshot.enabled = false (custom)
2019-09-20 04:49:54,199 [pool-368-thread-1] INFO  impl.RaftServerImpl (ServerState.java:<init>(105)) - d5424862-00f5-4f26-882d-9249b213a1ef:group-60367428C822 ConfigurationManager, init=-1: [d5424862-00f5-4f26-882d-9249b213a1ef:192.168.36.79:37251], old=null, confs=<EMPTY_MAP>
2019-09-20 04:49:54,199 [pool-368-thread-1] INFO  server.RaftServerConfigKeys (ConfUtils.java:logGet(43)) - raft.server.storage.dir = [/workdir/hadoop-ozone/integration-test/target/test-dir/MiniOzoneClusterImpl-3cdd9aee-ba37-4d0d-8930-872cb3194007/datanode-5/data/ratis] (custom)
2019-09-20 04:49:54,199 [pool-368-thread-1] INFO  storage.RaftStorageDirectory (RaftStorageDirectory.java:analyzeStorage(246)) - The storage directory /workdir/hadoop-ozone/integration-test/target/test-dir/MiniOzoneClusterImpl-3cdd9aee-ba37-4d0d-8930-872cb3194007/datanode-5/data/ratis/54afeef9-68be-461a-b93c-60367428c822 does not exist. Creating ...
2019-09-20 04:49:54,219 [pool-368-thread-1] INFO  storage.RaftStorageDirectory (RaftStorageDirectory.java:tryLock(328)) - Lock on /workdir/hadoop-ozone/integration-test/target/test-dir/MiniOzoneClusterImpl-3cdd9aee-ba37-4d0d-8930-872cb3194007/datanode-5/data/ratis/54afeef9-68be-461a-b93c-60367428c822/in_use.lock acquired by nodename 9457@pr-hdds-1569-s8kj2-2266485376
2019-09-20 04:49:54,253 [pool-368-thread-1] INFO  storage.RaftStorage (RaftStorage.java:format(72)) - Storage directory /workdir/hadoop-ozone/integration-test/target/test-dir/MiniOzoneClusterImpl-3cdd9aee-ba37-4d0d-8930-872cb3194007/datanode-5/data/ratis/54afeef9-68be-461a-b93c-60367428c822 has been successfully formatted.
2019-09-20 04:49:54,253 [pool-368-thread-1] INFO  ratis.ContainerStateMachine (ContainerStateMachine.java:loadSnapshot(226)) - group-60367428C822: The snapshot info is null. Setting the last applied indexto:(t:0, i:~)
2019-09-20 04:49:54,253 [pool-368-thread-1] INFO  server.RaftServerConfigKeys (ConfUtils.java:logGet(43)) - raft.server.leader.election.timeout = 120s (custom)
2019-09-20 04:49:54,253 [pool-368-thread-1] INFO  server.RaftServerConfigKeys (ConfUtils.java:logGet(43)) - raft.server.log.use.memory = false (default)
2019-09-20 04:49:54,253 [pool-368-thread-1] INFO  server.RaftServerConfigKeys (ConfUtils.java:logGet(43)) - raft.server.log.purge.gap = 1000000 (custom)
2019-09-20 04:49:54,253 [pool-368-thread-1] INFO  server.RaftServerConfigKeys (ConfUtils.java:logGet(43)) - raft.server.log.appender.buffer.byte-limit = 33554432 (custom)
2019-09-20 04:49:54,253 [pool-368-thread-1] INFO  server.RaftServerConfigKeys (ConfUtils.java:logGet(43)) - raft.server.log.segment.size.max = 1048576 (custom)
2019-09-20 04:49:54,253 [pool-368-thread-1] INFO  server.RaftServerConfigKeys (ConfUtils.java:logGet(43)) - raft.server.log.segment.cache.num.max = 2 (custom)
2019-09-20 04:49:54,254 [pool-368-thread-1] INFO  segmented.SegmentedRaftLogWorker (SegmentedRaftLogWorker.java:<init>(172)) - new d5424862-00f5-4f26-882d-9249b213a1ef-SegmentedRaftLogWorker:Storage Directory /workdir/hadoop-ozone/integration-test/target/test-dir/MiniOzoneClusterImpl-3cdd9aee-ba37-4d0d-8930-872cb3194007/datanode-5/data/ratis/54afeef9-68be-461a-b93c-60367428c822 for RaftStorage:Storage Directory /workdir/hadoop-ozone/integration-test/target/test-dir/MiniOzoneClusterImpl-3cdd9aee-ba37-4d0d-8930-872cb3194007/datanode-5/data/ratis/54afeef9-68be-461a-b93c-60367428c822
2019-09-20 04:49:54,254 [pool-368-thread-1] INFO  server.RaftServerConfigKeys (ConfUtils.java:logGet(43)) - raft.server.log.queue.byte-limit = 2147483647 (custom)
2019-09-20 04:49:54,254 [pool-368-thread-1] INFO  server.RaftServerConfigKeys (ConfUtils.java:logGet(43)) - raft.server.log.queue.element-limit = 1024 (custom)
2019-09-20 04:49:54,254 [pool-368-thread-1] INFO  server.RaftServerConfigKeys (ConfUtils.java:logGet(43)) - raft.server.log.segment.size.max = 1048576 (custom)
2019-09-20 04:49:54,254 [pool-368-thread-1] INFO  server.RaftServerConfigKeys (ConfUtils.java:logGet(43)) - raft.server.log.preallocated.size = 16384 (custom)
2019-09-20 04:49:54,254 [pool-368-thread-1] INFO  server.RaftServerConfigKeys (ConfUtils.java:logGet(43)) - raft.server.log.write.buffer.size = 33554432 (custom)
2019-09-20 04:49:54,254 [pool-368-thread-1] INFO  server.RaftServerConfigKeys (ConfUtils.java:logGet(43)) - raft.server.log.force.sync.num = 128 (default)
2019-09-20 04:49:54,254 [pool-368-thread-1] INFO  server.RaftServerConfigKeys (ConfUtils.java:logGet(43)) - raft.server.log.statemachine.data.sync = true (default)
2019-09-20 04:49:54,254 [pool-368-thread-1] INFO  server.RaftServerConfigKeys (ConfUtils.java:logGet(43)) - raft.server.log.statemachine.data.sync.timeout = 10s (default)
2019-09-20 04:49:54,254 [pool-368-thread-1] INFO  server.RaftServerConfigKeys (ConfUtils.java:logGet(43)) - raft.server.log.statemachine.data.sync.timeout.retry = -1 (default)
2019-09-20 04:49:54,254 [pool-368-thread-1] INFO  server.RaftServerConfigKeys (ConfUtils.java:logGet(43)) - raft.server.log.statemachine.data.caching.enabled = true (custom)
2019-09-20 04:49:54,255 [pool-368-thread-1] INFO  segmented.SegmentedRaftLogWorker (SegmentedRaftLogWorker.java:lambda$new$0(132)) - d5424862-00f5-4f26-882d-9249b213a1ef-SegmentedRaftLogWorker:Storage Directory /workdir/hadoop-ozone/integration-test/target/test-dir/MiniOzoneClusterImpl-3cdd9aee-ba37-4d0d-8930-872cb3194007/datanode-5/data/ratis/54afeef9-68be-461a-b93c-60367428c822: flushIndex: setUnconditionally 0 -> -1
2019-09-20 04:49:54,255 [pool-368-thread-1] INFO  server.RaftServerConfigKeys (ConfUtils.java:logGet(43)) - raft.server.snapshot.auto.trigger.enabled = true (custom)
2019-09-20 04:49:54,255 [pool-368-thread-1] INFO  server.RaftServerConfigKeys (ConfUtils.java:logGet(43)) - raft.server.snapshot.auto.trigger.threshold = 10000 (custom)
2019-09-20 04:49:54,255 [pool-368-thread-1] INFO  server.RaftServerConfigKeys (ConfUtils.java:logGet(43)) - raft.server.retrycache.expirytime = 600000ms (custom)
2019-09-20 04:49:54,255 [pool-368-thread-1] INFO  impl.RaftServerImpl (RaftServerImpl.java:start(180)) - d5424862-00f5-4f26-882d-9249b213a1ef: start group-60367428C822
2019-09-20 04:49:54,255 [pool-368-thread-1] INFO  impl.RaftServerImpl (RaftServerImpl.java:setRole(171)) - d5424862-00f5-4f26-882d-9249b213a1ef:group-60367428C822 changes role from null to FOLLOWER at term 0 for startAsFollower
2019-09-20 04:49:54,255 [pool-368-thread-1] INFO  impl.RoleInfo (RoleInfo.java:updateAndGet(143)) - d5424862-00f5-4f26-882d-9249b213a1ef: start FollowerState
2019-09-20 04:49:54,256 [pool-368-thread-1] INFO  util.JmxRegister (JmxRegister.java:tryRegister(44)) - Successfully registered JMX Bean with object name Ratis:service=RaftServer,group=group-60367428C822,id=d5424862-00f5-4f26-882d-9249b213a1ef
2019-09-20 04:49:54,258 [RatisPipelineUtilsThread] INFO  pipeline.PipelineStateManager (PipelineStateManager.java:addPipeline(56)) - Created pipeline Pipeline[ Id: 54afeef9-68be-461a-b93c-60367428c822, Nodes: d5424862-00f5-4f26-882d-9249b213a1ef{ip: 192.168.36.79, host: pr-hdds-1569-s8kj2-2266485376, networkLocation: /default-rack, certSerialId: null}, Type:RATIS, Factor:ONE, State:OPEN]
2019-09-20 04:49:54,258 [RatisPipelineUtilsThread] INFO  pipeline.PipelinePlacementPolicy (PipelinePlacementPolicy.java:meetCriteria(91)) - Pipeline Placement: Doesn't meet the criteria to be viable node： c9787825-ea51-4014-8feb-b4ee136c6b23 Heaviness: 6 limit: 5
2019-09-20 04:49:54,259 [RatisPipelineUtilsThread] INFO  pipeline.PipelinePlacementPolicy (PipelinePlacementPolicy.java:meetCriteria(91)) - Pipeline Placement: Doesn't meet the criteria to be viable node： c82e94d7-3693-4569-94b0-cf8ff008d5c0 Heaviness: 6 limit: 5
2019-09-20 04:49:54,259 [RatisPipelineUtilsThread] INFO  pipeline.PipelinePlacementPolicy (PipelinePlacementPolicy.java:meetCriteria(91)) - Pipeline Placement: Doesn't meet the criteria to be viable node： 1b138595-92e4-4592-9dfc-2bb97fb4c88b Heaviness: 6 limit: 5
2019-09-20 04:49:54,259 [RatisPipelineUtilsThread] INFO  pipeline.PipelinePlacementPolicy (PipelinePlacementPolicy.java:meetCriteria(91)) - Pipeline Placement: Doesn't meet the criteria to be viable node： 37fe2768-1af7-42e7-8542-10b932802b02 Heaviness: 6 limit: 5
2019-09-20 04:49:54,263 [grpc-default-executor-1] INFO  impl.RaftServerProxy (RaftServerProxy.java:addNew(89)) - d5424862-00f5-4f26-882d-9249b213a1ef: addNew group-F8ACB03F13BA:[d5424862-00f5-4f26-882d-9249b213a1ef:192.168.36.79:37251] returns group-F8ACB03F13BA:java.util.concurrent.CompletableFuture@f812037[Not completed]
2019-09-20 04:49:54,264 [pool-368-thread-1] INFO  impl.RaftServerImpl (RaftServerImpl.java:<init>(93)) - d5424862-00f5-4f26-882d-9249b213a1ef: new RaftServerImpl for group-F8ACB03F13BA:[d5424862-00f5-4f26-882d-9249b213a1ef:192.168.36.79:37251] with ContainerStateMachine:uninitialized
2019-09-20 04:49:54,264 [pool-368-thread-1] INFO  server.RaftServerConfigKeys (ConfUtils.java:logGet(43)) - raft.server.rpc.timeout.min = 5s (custom)
2019-09-20 04:49:54,264 [pool-368-thread-1] INFO  server.RaftServerConfigKeys (ConfUtils.java:logGet(43)) - raft.server.rpc.timeout.max = 5200ms (custom)
2019-09-20 04:49:54,264 [pool-368-thread-1] INFO  server.RaftServerConfigKeys (ConfUtils.java:logGet(43)) - raft.server.rpcslowness.timeout = 120s (custom)
2019-09-20 04:49:54,264 [pool-368-thread-1] INFO  server.RaftServerConfigKeys (ConfUtils.java:logGet(43)) - raft.server.sleep.deviation.threshold = 300 (default)
2019-09-20 04:49:54,264 [pool-368-thread-1] INFO  server.RaftServerConfigKeys (ConfUtils.java:logGet(43)) - raft.server.log.appender.install.snapshot.enabled = false (custom)
2019-09-20 04:49:54,264 [pool-368-thread-1] INFO  impl.RaftServerImpl (ServerState.java:<init>(105)) - d5424862-00f5-4f26-882d-9249b213a1ef:group-F8ACB03F13BA ConfigurationManager, init=-1: [d5424862-00f5-4f26-882d-9249b213a1ef:192.168.36.79:37251], old=null, confs=<EMPTY_MAP>
2019-09-20 04:49:54,264 [pool-368-thread-1] INFO  server.RaftServerConfigKeys (ConfUtils.java:logGet(43)) - raft.server.storage.dir = [/workdir/hadoop-ozone/integration-test/target/test-dir/MiniOzoneClusterImpl-3cdd9aee-ba37-4d0d-8930-872cb3194007/datanode-5/data/ratis] (custom)
2019-09-20 04:49:54,265 [pool-368-thread-1] INFO  storage.RaftStorageDirectory (RaftStorageDirectory.java:analyzeStorage(246)) - The storage directory /workdir/hadoop-ozone/integration-test/target/test-dir/MiniOzoneClusterImpl-3cdd9aee-ba37-4d0d-8930-872cb3194007/datanode-5/data/ratis/7e0e9436-2e00-4bb7-bbdf-f8acb03f13ba does not exist. Creating ...
2019-09-20 04:49:54,295 [pool-368-thread-1] INFO  storage.RaftStorageDirectory (RaftStorageDirectory.java:tryLock(328)) - Lock on /workdir/hadoop-ozone/integration-test/target/test-dir/MiniOzoneClusterImpl-3cdd9aee-ba37-4d0d-8930-872cb3194007/datanode-5/data/ratis/7e0e9436-2e00-4bb7-bbdf-f8acb03f13ba/in_use.lock acquired by nodename 9457@pr-hdds-1569-s8kj2-2266485376
2019-09-20 04:49:54,337 [pool-368-thread-1] INFO  storage.RaftStorage (RaftStorage.java:format(72)) - Storage directory /workdir/hadoop-ozone/integration-test/target/test-dir/MiniOzoneClusterImpl-3cdd9aee-ba37-4d0d-8930-872cb3194007/datanode-5/data/ratis/7e0e9436-2e00-4bb7-bbdf-f8acb03f13ba has been successfully formatted.
2019-09-20 04:49:54,337 [pool-368-thread-1] INFO  ratis.ContainerStateMachine (ContainerStateMachine.java:loadSnapshot(226)) - group-F8ACB03F13BA: The snapshot info is null. Setting the last applied indexto:(t:0, i:~)
2019-09-20 04:49:54,337 [pool-368-thread-1] INFO  server.RaftServerConfigKeys (ConfUtils.java:logGet(43)) - raft.server.leader.election.timeout = 120s (custom)
2019-09-20 04:49:54,337 [pool-368-thread-1] INFO  server.RaftServerConfigKeys (ConfUtils.java:logGet(43)) - raft.server.log.use.memory = false (default)
2019-09-20 04:49:54,338 [pool-368-thread-1] INFO  server.RaftServerConfigKeys (ConfUtils.java:logGet(43)) - raft.server.log.purge.gap = 1000000 (custom)
2019-09-20 04:49:54,338 [pool-368-thread-1] INFO  server.RaftServerConfigKeys (ConfUtils.java:logGet(43)) - raft.server.log.appender.buffer.byte-limit = 33554432 (custom)
2019-09-20 04:49:54,338 [pool-368-thread-1] INFO  server.RaftServerConfigKeys (ConfUtils.java:logGet(43)) - raft.server.log.segment.size.max = 1048576 (custom)
2019-09-20 04:49:54,338 [pool-368-thread-1] INFO  server.RaftServerConfigKeys (ConfUtils.java:logGet(43)) - raft.server.log.segment.cache.num.max = 2 (custom)
2019-09-20 04:49:54,338 [pool-368-thread-1] INFO  segmented.SegmentedRaftLogWorker (SegmentedRaftLogWorker.java:<init>(172)) - new d5424862-00f5-4f26-882d-9249b213a1ef-SegmentedRaftLogWorker:Storage Directory /workdir/hadoop-ozone/integration-test/target/test-dir/MiniOzoneClusterImpl-3cdd9aee-ba37-4d0d-8930-872cb3194007/datanode-5/data/ratis/7e0e9436-2e00-4bb7-bbdf-f8acb03f13ba for RaftStorage:Storage Directory /workdir/hadoop-ozone/integration-test/target/test-dir/MiniOzoneClusterImpl-3cdd9aee-ba37-4d0d-8930-872cb3194007/datanode-5/data/ratis/7e0e9436-2e00-4bb7-bbdf-f8acb03f13ba
2019-09-20 04:49:54,338 [pool-368-thread-1] INFO  server.RaftServerConfigKeys (ConfUtils.java:logGet(43)) - raft.server.log.queue.byte-limit = 2147483647 (custom)
2019-09-20 04:49:54,338 [pool-368-thread-1] INFO  server.RaftServerConfigKeys (ConfUtils.java:logGet(43)) - raft.server.log.queue.element-limit = 1024 (custom)
2019-09-20 04:49:54,339 [pool-368-thread-1] INFO  server.RaftServerConfigKeys (ConfUtils.java:logGet(43)) - raft.server.log.segment.size.max = 1048576 (custom)
2019-09-20 04:49:54,339 [pool-368-thread-1] INFO  server.RaftServerConfigKeys (ConfUtils.java:logGet(43)) - raft.server.log.preallocated.size = 16384 (custom)
2019-09-20 04:49:54,339 [pool-368-thread-1] INFO  server.RaftServerConfigKeys (ConfUtils.java:logGet(43)) - raft.server.log.write.buffer.size = 33554432 (custom)
2019-09-20 04:49:54,339 [pool-368-thread-1] INFO  server.RaftServerConfigKeys (ConfUtils.java:logGet(43)) - raft.server.log.force.sync.num = 128 (default)
2019-09-20 04:49:54,339 [pool-368-thread-1] INFO  server.RaftServerConfigKeys (ConfUtils.java:logGet(43)) - raft.server.log.statemachine.data.sync = true (default)
2019-09-20 04:49:54,339 [pool-368-thread-1] INFO  server.RaftServerConfigKeys (ConfUtils.java:logGet(43)) - raft.server.log.statemachine.data.sync.timeout = 10s (default)
2019-09-20 04:49:54,339 [pool-368-thread-1] INFO  server.RaftServerConfigKeys (ConfUtils.java:logGet(43)) - raft.server.log.statemachine.data.sync.timeout.retry = -1 (default)
2019-09-20 04:49:54,340 [pool-368-thread-1] INFO  server.RaftServerConfigKeys (ConfUtils.java:logGet(43)) - raft.server.log.statemachine.data.caching.enabled = true (custom)
2019-09-20 04:49:54,340 [pool-368-thread-1] INFO  segmented.SegmentedRaftLogWorker (SegmentedRaftLogWorker.java:lambda$new$0(132)) - d5424862-00f5-4f26-882d-9249b213a1ef-SegmentedRaftLogWorker:Storage Directory /workdir/hadoop-ozone/integration-test/target/test-dir/MiniOzoneClusterImpl-3cdd9aee-ba37-4d0d-8930-872cb3194007/datanode-5/data/ratis/7e0e9436-2e00-4bb7-bbdf-f8acb03f13ba: flushIndex: setUnconditionally 0 -> -1
2019-09-20 04:49:54,340 [pool-368-thread-1] INFO  server.RaftServerConfigKeys (ConfUtils.java:logGet(43)) - raft.server.snapshot.auto.trigger.enabled = true (custom)
2019-09-20 04:49:54,340 [pool-368-thread-1] INFO  server.RaftServerConfigKeys (ConfUtils.java:logGet(43)) - raft.server.snapshot.auto.trigger.threshold = 10000 (custom)
2019-09-20 04:49:54,341 [pool-368-thread-1] INFO  server.RaftServerConfigKeys (ConfUtils.java:logGet(43)) - raft.server.retrycache.expirytime = 600000ms (custom)
2019-09-20 04:49:54,341 [pool-368-thread-1] INFO  impl.RaftServerImpl (RaftServerImpl.java:start(180)) - d5424862-00f5-4f26-882d-9249b213a1ef: start group-F8ACB03F13BA
2019-09-20 04:49:54,341 [pool-368-thread-1] INFO  impl.RaftServerImpl (RaftServerImpl.java:setRole(171)) - d5424862-00f5-4f26-882d-9249b213a1ef:group-F8ACB03F13BA changes role from null to FOLLOWER at term 0 for startAsFollower
2019-09-20 04:49:54,341 [pool-368-thread-1] INFO  impl.RoleInfo (RoleInfo.java:updateAndGet(143)) - d5424862-00f5-4f26-882d-9249b213a1ef: start FollowerState
2019-09-20 04:49:54,341 [pool-368-thread-1] INFO  util.JmxRegister (JmxRegister.java:tryRegister(44)) - Successfully registered JMX Bean with object name Ratis:service=RaftServer,group=group-F8ACB03F13BA,id=d5424862-00f5-4f26-882d-9249b213a1ef
2019-09-20 04:49:54,344 [RatisPipelineUtilsThread] INFO  pipeline.PipelineStateManager (PipelineStateManager.java:addPipeline(56)) - Created pipeline Pipeline[ Id: 7e0e9436-2e00-4bb7-bbdf-f8acb03f13ba, Nodes: d5424862-00f5-4f26-882d-9249b213a1ef{ip: 192.168.36.79, host: pr-hdds-1569-s8kj2-2266485376, networkLocation: /default-rack, certSerialId: null}, Type:RATIS, Factor:ONE, State:OPEN]
2019-09-20 04:49:54,344 [RatisPipelineUtilsThread] INFO  pipeline.PipelinePlacementPolicy (PipelinePlacementPolicy.java:meetCriteria(91)) - Pipeline Placement: Doesn't meet the criteria to be viable node： c9787825-ea51-4014-8feb-b4ee136c6b23 Heaviness: 6 limit: 5
2019-09-20 04:49:54,344 [RatisPipelineUtilsThread] INFO  pipeline.PipelinePlacementPolicy (PipelinePlacementPolicy.java:meetCriteria(91)) - Pipeline Placement: Doesn't meet the criteria to be viable node： c82e94d7-3693-4569-94b0-cf8ff008d5c0 Heaviness: 6 limit: 5
2019-09-20 04:49:54,345 [RatisPipelineUtilsThread] INFO  pipeline.PipelinePlacementPolicy (PipelinePlacementPolicy.java:meetCriteria(91)) - Pipeline Placement: Doesn't meet the criteria to be viable node： 1b138595-92e4-4592-9dfc-2bb97fb4c88b Heaviness: 6 limit: 5
2019-09-20 04:49:54,345 [RatisPipelineUtilsThread] INFO  pipeline.PipelinePlacementPolicy (PipelinePlacementPolicy.java:meetCriteria(91)) - Pipeline Placement: Doesn't meet the criteria to be viable node： 37fe2768-1af7-42e7-8542-10b932802b02 Heaviness: 6 limit: 5
2019-09-20 04:49:54,349 [grpc-default-executor-1] INFO  impl.RaftServerProxy (RaftServerProxy.java:addNew(89)) - 6a6ac22f-fdb0-4283-a89a-a8bc92b139ca: addNew group-EC9002C03189:[6a6ac22f-fdb0-4283-a89a-a8bc92b139ca:192.168.36.79:45432] returns group-EC9002C03189:java.util.concurrent.CompletableFuture@709b8d80[Not completed]
2019-09-20 04:49:54,350 [pool-357-thread-1] INFO  impl.RaftServerImpl (RaftServerImpl.java:<init>(93)) - 6a6ac22f-fdb0-4283-a89a-a8bc92b139ca: new RaftServerImpl for group-EC9002C03189:[6a6ac22f-fdb0-4283-a89a-a8bc92b139ca:192.168.36.79:45432] with ContainerStateMachine:uninitialized
2019-09-20 04:49:54,350 [pool-357-thread-1] INFO  server.RaftServerConfigKeys (ConfUtils.java:logGet(43)) - raft.server.rpc.timeout.min = 5s (custom)
2019-09-20 04:49:54,350 [pool-357-thread-1] INFO  server.RaftServerConfigKeys (ConfUtils.java:logGet(43)) - raft.server.rpc.timeout.max = 5200ms (custom)
2019-09-20 04:49:54,350 [pool-357-thread-1] INFO  server.RaftServerConfigKeys (ConfUtils.java:logGet(43)) - raft.server.rpcslowness.timeout = 120s (custom)
2019-09-20 04:49:54,350 [pool-357-thread-1] INFO  server.RaftServerConfigKeys (ConfUtils.java:logGet(43)) - raft.server.sleep.deviation.threshold = 300 (default)
2019-09-20 04:49:54,351 [pool-357-thread-1] INFO  server.RaftServerConfigKeys (ConfUtils.java:logGet(43)) - raft.server.log.appender.install.snapshot.enabled = false (custom)
2019-09-20 04:49:54,351 [pool-357-thread-1] INFO  impl.RaftServerImpl (ServerState.java:<init>(105)) - 6a6ac22f-fdb0-4283-a89a-a8bc92b139ca:group-EC9002C03189 ConfigurationManager, init=-1: [6a6ac22f-fdb0-4283-a89a-a8bc92b139ca:192.168.36.79:45432], old=null, confs=<EMPTY_MAP>
2019-09-20 04:49:54,351 [pool-357-thread-1] INFO  server.RaftServerConfigKeys (ConfUtils.java:logGet(43)) - raft.server.storage.dir = [/workdir/hadoop-ozone/integration-test/target/test-dir/MiniOzoneClusterImpl-3cdd9aee-ba37-4d0d-8930-872cb3194007/datanode-4/data/ratis] (custom)
2019-09-20 04:49:54,351 [pool-357-thread-1] INFO  storage.RaftStorageDirectory (RaftStorageDirectory.java:analyzeStorage(246)) - The storage directory /workdir/hadoop-ozone/integration-test/target/test-dir/MiniOzoneClusterImpl-3cdd9aee-ba37-4d0d-8930-872cb3194007/datanode-4/data/ratis/88f50d47-067f-47d0-901c-ec9002c03189 does not exist. Creating ...
2019-09-20 04:49:54,379 [pool-357-thread-1] INFO  storage.RaftStorageDirectory (RaftStorageDirectory.java:tryLock(328)) - Lock on /workdir/hadoop-ozone/integration-test/target/test-dir/MiniOzoneClusterImpl-3cdd9aee-ba37-4d0d-8930-872cb3194007/datanode-4/data/ratis/88f50d47-067f-47d0-901c-ec9002c03189/in_use.lock acquired by nodename 9457@pr-hdds-1569-s8kj2-2266485376
2019-09-20 04:49:54,412 [pool-357-thread-1] INFO  storage.RaftStorage (RaftStorage.java:format(72)) - Storage directory /workdir/hadoop-ozone/integration-test/target/test-dir/MiniOzoneClusterImpl-3cdd9aee-ba37-4d0d-8930-872cb3194007/datanode-4/data/ratis/88f50d47-067f-47d0-901c-ec9002c03189 has been successfully formatted.
2019-09-20 04:49:54,413 [pool-357-thread-1] INFO  ratis.ContainerStateMachine (ContainerStateMachine.java:loadSnapshot(226)) - group-EC9002C03189: The snapshot info is null. Setting the last applied indexto:(t:0, i:~)
2019-09-20 04:49:54,413 [pool-357-thread-1] INFO  server.RaftServerConfigKeys (ConfUtils.java:logGet(43)) - raft.server.leader.election.timeout = 120s (custom)
2019-09-20 04:49:54,413 [pool-357-thread-1] INFO  server.RaftServerConfigKeys (ConfUtils.java:logGet(43)) - raft.server.log.use.memory = false (default)
2019-09-20 04:49:54,413 [pool-357-thread-1] INFO  server.RaftServerConfigKeys (ConfUtils.java:logGet(43)) - raft.server.log.purge.gap = 1000000 (custom)
2019-09-20 04:49:54,413 [pool-357-thread-1] INFO  server.RaftServerConfigKeys (ConfUtils.java:logGet(43)) - raft.server.log.appender.buffer.byte-limit = 33554432 (custom)
2019-09-20 04:49:54,414 [pool-357-thread-1] INFO  server.RaftServerConfigKeys (ConfUtils.java:logGet(43)) - raft.server.log.segment.size.max = 1048576 (custom)
2019-09-20 04:49:54,414 [pool-357-thread-1] INFO  server.RaftServerConfigKeys (ConfUtils.java:logGet(43)) - raft.server.log.segment.cache.num.max = 2 (custom)
2019-09-20 04:49:54,414 [pool-357-thread-1] INFO  segmented.SegmentedRaftLogWorker (SegmentedRaftLogWorker.java:<init>(172)) - new 6a6ac22f-fdb0-4283-a89a-a8bc92b139ca-SegmentedRaftLogWorker:Storage Directory /workdir/hadoop-ozone/integration-test/target/test-dir/MiniOzoneClusterImpl-3cdd9aee-ba37-4d0d-8930-872cb3194007/datanode-4/data/ratis/88f50d47-067f-47d0-901c-ec9002c03189 for RaftStorage:Storage Directory /workdir/hadoop-ozone/integration-test/target/test-dir/MiniOzoneClusterImpl-3cdd9aee-ba37-4d0d-8930-872cb3194007/datanode-4/data/ratis/88f50d47-067f-47d0-901c-ec9002c03189
2019-09-20 04:49:54,414 [pool-357-thread-1] INFO  server.RaftServerConfigKeys (ConfUtils.java:logGet(43)) - raft.server.log.queue.byte-limit = 2147483647 (custom)
2019-09-20 04:49:54,414 [pool-357-thread-1] INFO  server.RaftServerConfigKeys (ConfUtils.java:logGet(43)) - raft.server.log.queue.element-limit = 1024 (custom)
2019-09-20 04:49:54,414 [pool-357-thread-1] INFO  server.RaftServerConfigKeys (ConfUtils.java:logGet(43)) - raft.server.log.segment.size.max = 1048576 (custom)
2019-09-20 04:49:54,415 [pool-357-thread-1] INFO  server.RaftServerConfigKeys (ConfUtils.java:logGet(43)) - raft.server.log.preallocated.size = 16384 (custom)
2019-09-20 04:49:54,415 [pool-357-thread-1] INFO  server.RaftServerConfigKeys (ConfUtils.java:logGet(43)) - raft.server.log.write.buffer.size = 33554432 (custom)
2019-09-20 04:49:54,415 [pool-357-thread-1] INFO  server.RaftServerConfigKeys (ConfUtils.java:logGet(43)) - raft.server.log.force.sync.num = 128 (default)
2019-09-20 04:49:54,415 [pool-357-thread-1] INFO  server.RaftServerConfigKeys (ConfUtils.java:logGet(43)) - raft.server.log.statemachine.data.sync = true (default)
2019-09-20 04:49:54,415 [pool-357-thread-1] INFO  server.RaftServerConfigKeys (ConfUtils.java:logGet(43)) - raft.server.log.statemachine.data.sync.timeout = 10s (default)
2019-09-20 04:49:54,415 [pool-357-thread-1] INFO  server.RaftServerConfigKeys (ConfUtils.java:logGet(43)) - raft.server.log.statemachine.data.sync.timeout.retry = -1 (default)
2019-09-20 04:49:54,416 [pool-357-thread-1] INFO  server.RaftServerConfigKeys (ConfUtils.java:logGet(43)) - raft.server.log.statemachine.data.caching.enabled = true (custom)
2019-09-20 04:49:54,416 [pool-357-thread-1] INFO  segmented.SegmentedRaftLogWorker (SegmentedRaftLogWorker.java:lambda$new$0(132)) - 6a6ac22f-fdb0-4283-a89a-a8bc92b139ca-SegmentedRaftLogWorker:Storage Directory /workdir/hadoop-ozone/integration-test/target/test-dir/MiniOzoneClusterImpl-3cdd9aee-ba37-4d0d-8930-872cb3194007/datanode-4/data/ratis/88f50d47-067f-47d0-901c-ec9002c03189: flushIndex: setUnconditionally 0 -> -1
2019-09-20 04:49:54,416 [pool-357-thread-1] INFO  server.RaftServerConfigKeys (ConfUtils.java:logGet(43)) - raft.server.snapshot.auto.trigger.enabled = true (custom)
2019-09-20 04:49:54,416 [pool-357-thread-1] INFO  server.RaftServerConfigKeys (ConfUtils.java:logGet(43)) - raft.server.snapshot.auto.trigger.threshold = 10000 (custom)
2019-09-20 04:49:54,417 [pool-357-thread-1] INFO  server.RaftServerConfigKeys (ConfUtils.java:logGet(43)) - raft.server.retrycache.expirytime = 600000ms (custom)
2019-09-20 04:49:54,417 [pool-357-thread-1] INFO  impl.RaftServerImpl (RaftServerImpl.java:start(180)) - 6a6ac22f-fdb0-4283-a89a-a8bc92b139ca: start group-EC9002C03189
2019-09-20 04:49:54,417 [pool-357-thread-1] INFO  impl.RaftServerImpl (RaftServerImpl.java:setRole(171)) - 6a6ac22f-fdb0-4283-a89a-a8bc92b139ca:group-EC9002C03189 changes role from null to FOLLOWER at term 0 for startAsFollower
2019-09-20 04:49:54,417 [pool-357-thread-1] INFO  impl.RoleInfo (RoleInfo.java:updateAndGet(143)) - 6a6ac22f-fdb0-4283-a89a-a8bc92b139ca: start FollowerState
2019-09-20 04:49:54,417 [pool-357-thread-1] INFO  util.JmxRegister (JmxRegister.java:tryRegister(44)) - Successfully registered JMX Bean with object name Ratis:service=RaftServer,group=group-EC9002C03189,id=6a6ac22f-fdb0-4283-a89a-a8bc92b139ca
2019-09-20 04:49:54,420 [RatisPipelineUtilsThread] INFO  pipeline.PipelineStateManager (PipelineStateManager.java:addPipeline(56)) - Created pipeline Pipeline[ Id: 88f50d47-067f-47d0-901c-ec9002c03189, Nodes: 6a6ac22f-fdb0-4283-a89a-a8bc92b139ca{ip: 192.168.36.79, host: pr-hdds-1569-s8kj2-2266485376, networkLocation: /default-rack, certSerialId: null}, Type:RATIS, Factor:ONE, State:OPEN]
2019-09-20 04:49:54,421 [RatisPipelineUtilsThread] INFO  pipeline.PipelinePlacementPolicy (PipelinePlacementPolicy.java:meetCriteria(91)) - Pipeline Placement: Doesn't meet the criteria to be viable node： c9787825-ea51-4014-8feb-b4ee136c6b23 Heaviness: 6 limit: 5
2019-09-20 04:49:54,421 [RatisPipelineUtilsThread] INFO  pipeline.PipelinePlacementPolicy (PipelinePlacementPolicy.java:meetCriteria(91)) - Pipeline Placement: Doesn't meet the criteria to be viable node： c82e94d7-3693-4569-94b0-cf8ff008d5c0 Heaviness: 6 limit: 5
2019-09-20 04:49:54,421 [RatisPipelineUtilsThread] INFO  pipeline.PipelinePlacementPolicy (PipelinePlacementPolicy.java:meetCriteria(91)) - Pipeline Placement: Doesn't meet the criteria to be viable node： 1b138595-92e4-4592-9dfc-2bb97fb4c88b Heaviness: 6 limit: 5
2019-09-20 04:49:54,421 [RatisPipelineUtilsThread] INFO  pipeline.PipelinePlacementPolicy (PipelinePlacementPolicy.java:meetCriteria(91)) - Pipeline Placement: Doesn't meet the criteria to be viable node： 37fe2768-1af7-42e7-8542-10b932802b02 Heaviness: 6 limit: 5
2019-09-20 04:49:54,425 [grpc-default-executor-1] INFO  impl.RaftServerProxy (RaftServerProxy.java:addNew(89)) - 6a6ac22f-fdb0-4283-a89a-a8bc92b139ca: addNew group-E8E3CFC48501:[6a6ac22f-fdb0-4283-a89a-a8bc92b139ca:192.168.36.79:45432] returns group-E8E3CFC48501:java.util.concurrent.CompletableFuture@1a914f21[Not completed]
2019-09-20 04:49:54,427 [pool-357-thread-1] INFO  impl.RaftServerImpl (RaftServerImpl.java:<init>(93)) - 6a6ac22f-fdb0-4283-a89a-a8bc92b139ca: new RaftServerImpl for group-E8E3CFC48501:[6a6ac22f-fdb0-4283-a89a-a8bc92b139ca:192.168.36.79:45432] with ContainerStateMachine:uninitialized
2019-09-20 04:49:54,427 [pool-357-thread-1] INFO  server.RaftServerConfigKeys (ConfUtils.java:logGet(43)) - raft.server.rpc.timeout.min = 5s (custom)
2019-09-20 04:49:54,427 [pool-357-thread-1] INFO  server.RaftServerConfigKeys (ConfUtils.java:logGet(43)) - raft.server.rpc.timeout.max = 5200ms (custom)
2019-09-20 04:49:54,428 [pool-357-thread-1] INFO  server.RaftServerConfigKeys (ConfUtils.java:logGet(43)) - raft.server.rpcslowness.timeout = 120s (custom)
2019-09-20 04:49:54,428 [pool-357-thread-1] INFO  server.RaftServerConfigKeys (ConfUtils.java:logGet(43)) - raft.server.sleep.deviation.threshold = 300 (default)
2019-09-20 04:49:54,428 [pool-357-thread-1] INFO  server.RaftServerConfigKeys (ConfUtils.java:logGet(43)) - raft.server.log.appender.install.snapshot.enabled = false (custom)
2019-09-20 04:49:54,428 [pool-357-thread-1] INFO  impl.RaftServerImpl (ServerState.java:<init>(105)) - 6a6ac22f-fdb0-4283-a89a-a8bc92b139ca:group-E8E3CFC48501 ConfigurationManager, init=-1: [6a6ac22f-fdb0-4283-a89a-a8bc92b139ca:192.168.36.79:45432], old=null, confs=<EMPTY_MAP>
2019-09-20 04:49:54,428 [pool-357-thread-1] INFO  server.RaftServerConfigKeys (ConfUtils.java:logGet(43)) - raft.server.storage.dir = [/workdir/hadoop-ozone/integration-test/target/test-dir/MiniOzoneClusterImpl-3cdd9aee-ba37-4d0d-8930-872cb3194007/datanode-4/data/ratis] (custom)
2019-09-20 04:49:54,429 [pool-357-thread-1] INFO  storage.RaftStorageDirectory (RaftStorageDirectory.java:analyzeStorage(246)) - The storage directory /workdir/hadoop-ozone/integration-test/target/test-dir/MiniOzoneClusterImpl-3cdd9aee-ba37-4d0d-8930-872cb3194007/datanode-4/data/ratis/817c91e9-b62d-41e6-b28a-e8e3cfc48501 does not exist. Creating ...
2019-09-20 04:49:54,455 [pool-357-thread-1] INFO  storage.RaftStorageDirectory (RaftStorageDirectory.java:tryLock(328)) - Lock on /workdir/hadoop-ozone/integration-test/target/test-dir/MiniOzoneClusterImpl-3cdd9aee-ba37-4d0d-8930-872cb3194007/datanode-4/data/ratis/817c91e9-b62d-41e6-b28a-e8e3cfc48501/in_use.lock acquired by nodename 9457@pr-hdds-1569-s8kj2-2266485376
2019-09-20 04:49:54,472 [pool-357-thread-1] INFO  storage.RaftStorage (RaftStorage.java:format(72)) - Storage directory /workdir/hadoop-ozone/integration-test/target/test-dir/MiniOzoneClusterImpl-3cdd9aee-ba37-4d0d-8930-872cb3194007/datanode-4/data/ratis/817c91e9-b62d-41e6-b28a-e8e3cfc48501 has been successfully formatted.
2019-09-20 04:49:54,472 [pool-357-thread-1] INFO  ratis.ContainerStateMachine (ContainerStateMachine.java:loadSnapshot(226)) - group-E8E3CFC48501: The snapshot info is null. Setting the last applied indexto:(t:0, i:~)
2019-09-20 04:49:54,472 [pool-357-thread-1] INFO  server.RaftServerConfigKeys (ConfUtils.java:logGet(43)) - raft.server.leader.election.timeout = 120s (custom)
2019-09-20 04:49:54,472 [pool-357-thread-1] INFO  server.RaftServerConfigKeys (ConfUtils.java:logGet(43)) - raft.server.log.use.memory = false (default)
2019-09-20 04:49:54,472 [pool-357-thread-1] INFO  server.RaftServerConfigKeys (ConfUtils.java:logGet(43)) - raft.server.log.purge.gap = 1000000 (custom)
2019-09-20 04:49:54,472 [pool-357-thread-1] INFO  server.RaftServerConfigKeys (ConfUtils.java:logGet(43)) - raft.server.log.appender.buffer.byte-limit = 33554432 (custom)
2019-09-20 04:49:54,473 [pool-357-thread-1] INFO  server.RaftServerConfigKeys (ConfUtils.java:logGet(43)) - raft.server.log.segment.size.max = 1048576 (custom)
2019-09-20 04:49:54,473 [pool-357-thread-1] INFO  server.RaftServerConfigKeys (ConfUtils.java:logGet(43)) - raft.server.log.segment.cache.num.max = 2 (custom)
2019-09-20 04:49:54,473 [pool-357-thread-1] INFO  segmented.SegmentedRaftLogWorker (SegmentedRaftLogWorker.java:<init>(172)) - new 6a6ac22f-fdb0-4283-a89a-a8bc92b139ca-SegmentedRaftLogWorker:Storage Directory /workdir/hadoop-ozone/integration-test/target/test-dir/MiniOzoneClusterImpl-3cdd9aee-ba37-4d0d-8930-872cb3194007/datanode-4/data/ratis/817c91e9-b62d-41e6-b28a-e8e3cfc48501 for RaftStorage:Storage Directory /workdir/hadoop-ozone/integration-test/target/test-dir/MiniOzoneClusterImpl-3cdd9aee-ba37-4d0d-8930-872cb3194007/datanode-4/data/ratis/817c91e9-b62d-41e6-b28a-e8e3cfc48501
2019-09-20 04:49:54,473 [pool-357-thread-1] INFO  server.RaftServerConfigKeys (ConfUtils.java:logGet(43)) - raft.server.log.queue.byte-limit = 2147483647 (custom)
2019-09-20 04:49:54,473 [pool-357-thread-1] INFO  server.RaftServerConfigKeys (ConfUtils.java:logGet(43)) - raft.server.log.queue.element-limit = 1024 (custom)
2019-09-20 04:49:54,473 [pool-357-thread-1] INFO  server.RaftServerConfigKeys (ConfUtils.java:logGet(43)) - raft.server.log.segment.size.max = 1048576 (custom)
2019-09-20 04:49:54,473 [pool-357-thread-1] INFO  server.RaftServerConfigKeys (ConfUtils.java:logGet(43)) - raft.server.log.preallocated.size = 16384 (custom)
2019-09-20 04:49:54,473 [pool-357-thread-1] INFO  server.RaftServerConfigKeys (ConfUtils.java:logGet(43)) - raft.server.log.write.buffer.size = 33554432 (custom)
2019-09-20 04:49:54,474 [pool-357-thread-1] INFO  server.RaftServerConfigKeys (ConfUtils.java:logGet(43)) - raft.server.log.force.sync.num = 128 (default)
2019-09-20 04:49:54,474 [pool-357-thread-1] INFO  server.RaftServerConfigKeys (ConfUtils.java:logGet(43)) - raft.server.log.statemachine.data.sync = true (default)
2019-09-20 04:49:54,474 [pool-357-thread-1] INFO  server.RaftServerConfigKeys (ConfUtils.java:logGet(43)) - raft.server.log.statemachine.data.sync.timeout = 10s (default)
2019-09-20 04:49:54,474 [pool-357-thread-1] INFO  server.RaftServerConfigKeys (ConfUtils.java:logGet(43)) - raft.server.log.statemachine.data.sync.timeout.retry = -1 (default)
2019-09-20 04:49:54,474 [pool-357-thread-1] INFO  server.RaftServerConfigKeys (ConfUtils.java:logGet(43)) - raft.server.log.statemachine.data.caching.enabled = true (custom)
2019-09-20 04:49:54,474 [pool-357-thread-1] INFO  segmented.SegmentedRaftLogWorker (SegmentedRaftLogWorker.java:lambda$new$0(132)) - 6a6ac22f-fdb0-4283-a89a-a8bc92b139ca-SegmentedRaftLogWorker:Storage Directory /workdir/hadoop-ozone/integration-test/target/test-dir/MiniOzoneClusterImpl-3cdd9aee-ba37-4d0d-8930-872cb3194007/datanode-4/data/ratis/817c91e9-b62d-41e6-b28a-e8e3cfc48501: flushIndex: setUnconditionally 0 -> -1
2019-09-20 04:49:54,475 [pool-357-thread-1] INFO  server.RaftServerConfigKeys (ConfUtils.java:logGet(43)) - raft.server.snapshot.auto.trigger.enabled = true (custom)
2019-09-20 04:49:54,475 [pool-357-thread-1] INFO  server.RaftServerConfigKeys (ConfUtils.java:logGet(43)) - raft.server.snapshot.auto.trigger.threshold = 10000 (custom)
2019-09-20 04:49:54,475 [pool-357-thread-1] INFO  server.RaftServerConfigKeys (ConfUtils.java:logGet(43)) - raft.server.retrycache.expirytime = 600000ms (custom)
2019-09-20 04:49:54,475 [pool-357-thread-1] INFO  impl.RaftServerImpl (RaftServerImpl.java:start(180)) - 6a6ac22f-fdb0-4283-a89a-a8bc92b139ca: start group-E8E3CFC48501
2019-09-20 04:49:54,475 [pool-357-thread-1] INFO  impl.RaftServerImpl (RaftServerImpl.java:setRole(171)) - 6a6ac22f-fdb0-4283-a89a-a8bc92b139ca:group-E8E3CFC48501 changes role from null to FOLLOWER at term 0 for startAsFollower
2019-09-20 04:49:54,475 [pool-357-thread-1] INFO  impl.RoleInfo (RoleInfo.java:updateAndGet(143)) - 6a6ac22f-fdb0-4283-a89a-a8bc92b139ca: start FollowerState
2019-09-20 04:49:54,476 [pool-357-thread-1] INFO  util.JmxRegister (JmxRegister.java:tryRegister(44)) - Successfully registered JMX Bean with object name Ratis:service=RaftServer,group=group-E8E3CFC48501,id=6a6ac22f-fdb0-4283-a89a-a8bc92b139ca
2019-09-20 04:49:54,478 [RatisPipelineUtilsThread] INFO  pipeline.PipelineStateManager (PipelineStateManager.java:addPipeline(56)) - Created pipeline Pipeline[ Id: 817c91e9-b62d-41e6-b28a-e8e3cfc48501, Nodes: 6a6ac22f-fdb0-4283-a89a-a8bc92b139ca{ip: 192.168.36.79, host: pr-hdds-1569-s8kj2-2266485376, networkLocation: /default-rack, certSerialId: null}, Type:RATIS, Factor:ONE, State:OPEN]
2019-09-20 04:49:54,478 [RatisPipelineUtilsThread] INFO  pipeline.PipelinePlacementPolicy (PipelinePlacementPolicy.java:meetCriteria(91)) - Pipeline Placement: Doesn't meet the criteria to be viable node： c9787825-ea51-4014-8feb-b4ee136c6b23 Heaviness: 6 limit: 5
2019-09-20 04:49:54,478 [RatisPipelineUtilsThread] INFO  pipeline.PipelinePlacementPolicy (PipelinePlacementPolicy.java:meetCriteria(91)) - Pipeline Placement: Doesn't meet the criteria to be viable node： c82e94d7-3693-4569-94b0-cf8ff008d5c0 Heaviness: 6 limit: 5
2019-09-20 04:49:54,479 [RatisPipelineUtilsThread] INFO  pipeline.PipelinePlacementPolicy (PipelinePlacementPolicy.java:meetCriteria(91)) - Pipeline Placement: Doesn't meet the criteria to be viable node： 1b138595-92e4-4592-9dfc-2bb97fb4c88b Heaviness: 6 limit: 5
2019-09-20 04:49:54,479 [RatisPipelineUtilsThread] INFO  pipeline.PipelinePlacementPolicy (PipelinePlacementPolicy.java:meetCriteria(91)) - Pipeline Placement: Doesn't meet the criteria to be viable node： 37fe2768-1af7-42e7-8542-10b932802b02 Heaviness: 6 limit: 5
2019-09-20 04:49:54,482 [grpc-default-executor-1] INFO  impl.RaftServerProxy (RaftServerProxy.java:addNew(89)) - d5424862-00f5-4f26-882d-9249b213a1ef: addNew group-41C2231EB3D6:[d5424862-00f5-4f26-882d-9249b213a1ef:192.168.36.79:37251] returns group-41C2231EB3D6:java.util.concurrent.CompletableFuture@92ff6a1[Not completed]
2019-09-20 04:49:54,483 [pool-368-thread-1] INFO  impl.RaftServerImpl (RaftServerImpl.java:<init>(93)) - d5424862-00f5-4f26-882d-9249b213a1ef: new RaftServerImpl for group-41C2231EB3D6:[d5424862-00f5-4f26-882d-9249b213a1ef:192.168.36.79:37251] with ContainerStateMachine:uninitialized
2019-09-20 04:49:54,483 [pool-368-thread-1] INFO  server.RaftServerConfigKeys (ConfUtils.java:logGet(43)) - raft.server.rpc.timeout.min = 5s (custom)
2019-09-20 04:49:54,483 [pool-368-thread-1] INFO  server.RaftServerConfigKeys (ConfUtils.java:logGet(43)) - raft.server.rpc.timeout.max = 5200ms (custom)
2019-09-20 04:49:54,484 [pool-368-thread-1] INFO  server.RaftServerConfigKeys (ConfUtils.java:logGet(43)) - raft.server.rpcslowness.timeout = 120s (custom)
2019-09-20 04:49:54,484 [pool-368-thread-1] INFO  server.RaftServerConfigKeys (ConfUtils.java:logGet(43)) - raft.server.sleep.deviation.threshold = 300 (default)
2019-09-20 04:49:54,484 [pool-368-thread-1] INFO  server.RaftServerConfigKeys (ConfUtils.java:logGet(43)) - raft.server.log.appender.install.snapshot.enabled = false (custom)
2019-09-20 04:49:54,484 [pool-368-thread-1] INFO  impl.RaftServerImpl (ServerState.java:<init>(105)) - d5424862-00f5-4f26-882d-9249b213a1ef:group-41C2231EB3D6 ConfigurationManager, init=-1: [d5424862-00f5-4f26-882d-9249b213a1ef:192.168.36.79:37251], old=null, confs=<EMPTY_MAP>
2019-09-20 04:49:54,484 [pool-368-thread-1] INFO  server.RaftServerConfigKeys (ConfUtils.java:logGet(43)) - raft.server.storage.dir = [/workdir/hadoop-ozone/integration-test/target/test-dir/MiniOzoneClusterImpl-3cdd9aee-ba37-4d0d-8930-872cb3194007/datanode-5/data/ratis] (custom)
2019-09-20 04:49:54,484 [pool-368-thread-1] INFO  storage.RaftStorageDirectory (RaftStorageDirectory.java:analyzeStorage(246)) - The storage directory /workdir/hadoop-ozone/integration-test/target/test-dir/MiniOzoneClusterImpl-3cdd9aee-ba37-4d0d-8930-872cb3194007/datanode-5/data/ratis/89a5c02a-421f-4b84-a5ad-41c2231eb3d6 does not exist. Creating ...
2019-09-20 04:49:54,497 | INFO  | SCMAudit | user=jenkins1000 | ip=192.168.36.79 | op=SEND_HEARTBEAT {datanodeUUID=1b138595-92e4-4592-9dfc-2bb97fb4c88b, command=[]} | ret=SUCCESS |  
2019-09-20 04:49:54,522 [pool-368-thread-1] INFO  storage.RaftStorageDirectory (RaftStorageDirectory.java:tryLock(328)) - Lock on /workdir/hadoop-ozone/integration-test/target/test-dir/MiniOzoneClusterImpl-3cdd9aee-ba37-4d0d-8930-872cb3194007/datanode-5/data/ratis/89a5c02a-421f-4b84-a5ad-41c2231eb3d6/in_use.lock acquired by nodename 9457@pr-hdds-1569-s8kj2-2266485376
2019-09-20 04:49:54,564 [pool-368-thread-1] INFO  storage.RaftStorage (RaftStorage.java:format(72)) - Storage directory /workdir/hadoop-ozone/integration-test/target/test-dir/MiniOzoneClusterImpl-3cdd9aee-ba37-4d0d-8930-872cb3194007/datanode-5/data/ratis/89a5c02a-421f-4b84-a5ad-41c2231eb3d6 has been successfully formatted.
2019-09-20 04:49:54,564 [pool-368-thread-1] INFO  ratis.ContainerStateMachine (ContainerStateMachine.java:loadSnapshot(226)) - group-41C2231EB3D6: The snapshot info is null. Setting the last applied indexto:(t:0, i:~)
2019-09-20 04:49:54,564 [pool-368-thread-1] INFO  server.RaftServerConfigKeys (ConfUtils.java:logGet(43)) - raft.server.leader.election.timeout = 120s (custom)
2019-09-20 04:49:54,565 [pool-368-thread-1] INFO  server.RaftServerConfigKeys (ConfUtils.java:logGet(43)) - raft.server.log.use.memory = false (default)
2019-09-20 04:49:54,565 [pool-368-thread-1] INFO  server.RaftServerConfigKeys (ConfUtils.java:logGet(43)) - raft.server.log.purge.gap = 1000000 (custom)
2019-09-20 04:49:54,565 [pool-368-thread-1] INFO  server.RaftServerConfigKeys (ConfUtils.java:logGet(43)) - raft.server.log.appender.buffer.byte-limit = 33554432 (custom)
2019-09-20 04:49:54,565 [pool-368-thread-1] INFO  server.RaftServerConfigKeys (ConfUtils.java:logGet(43)) - raft.server.log.segment.size.max = 1048576 (custom)
2019-09-20 04:49:54,565 [pool-368-thread-1] INFO  server.RaftServerConfigKeys (ConfUtils.java:logGet(43)) - raft.server.log.segment.cache.num.max = 2 (custom)
2019-09-20 04:49:54,565 [pool-368-thread-1] INFO  segmented.SegmentedRaftLogWorker (SegmentedRaftLogWorker.java:<init>(172)) - new d5424862-00f5-4f26-882d-9249b213a1ef-SegmentedRaftLogWorker:Storage Directory /workdir/hadoop-ozone/integration-test/target/test-dir/MiniOzoneClusterImpl-3cdd9aee-ba37-4d0d-8930-872cb3194007/datanode-5/data/ratis/89a5c02a-421f-4b84-a5ad-41c2231eb3d6 for RaftStorage:Storage Directory /workdir/hadoop-ozone/integration-test/target/test-dir/MiniOzoneClusterImpl-3cdd9aee-ba37-4d0d-8930-872cb3194007/datanode-5/data/ratis/89a5c02a-421f-4b84-a5ad-41c2231eb3d6
2019-09-20 04:49:54,566 [pool-368-thread-1] INFO  server.RaftServerConfigKeys (ConfUtils.java:logGet(43)) - raft.server.log.queue.byte-limit = 2147483647 (custom)
2019-09-20 04:49:54,566 [pool-368-thread-1] INFO  server.RaftServerConfigKeys (ConfUtils.java:logGet(43)) - raft.server.log.queue.element-limit = 1024 (custom)
2019-09-20 04:49:54,566 [pool-368-thread-1] INFO  server.RaftServerConfigKeys (ConfUtils.java:logGet(43)) - raft.server.log.segment.size.max = 1048576 (custom)
2019-09-20 04:49:54,566 [pool-368-thread-1] INFO  server.RaftServerConfigKeys (ConfUtils.java:logGet(43)) - raft.server.log.preallocated.size = 16384 (custom)
2019-09-20 04:49:54,566 [pool-368-thread-1] INFO  server.RaftServerConfigKeys (ConfUtils.java:logGet(43)) - raft.server.log.write.buffer.size = 33554432 (custom)
2019-09-20 04:49:54,566 [pool-368-thread-1] INFO  server.RaftServerConfigKeys (ConfUtils.java:logGet(43)) - raft.server.log.force.sync.num = 128 (default)
2019-09-20 04:49:54,566 [pool-368-thread-1] INFO  server.RaftServerConfigKeys (ConfUtils.java:logGet(43)) - raft.server.log.statemachine.data.sync = true (default)
2019-09-20 04:49:54,567 [pool-368-thread-1] INFO  server.RaftServerConfigKeys (ConfUtils.java:logGet(43)) - raft.server.log.statemachine.data.sync.timeout = 10s (default)
2019-09-20 04:49:54,567 [pool-368-thread-1] INFO  server.RaftServerConfigKeys (ConfUtils.java:logGet(43)) - raft.server.log.statemachine.data.sync.timeout.retry = -1 (default)
2019-09-20 04:49:54,567 [pool-368-thread-1] INFO  server.RaftServerConfigKeys (ConfUtils.java:logGet(43)) - raft.server.log.statemachine.data.caching.enabled = true (custom)
2019-09-20 04:49:54,567 [pool-368-thread-1] INFO  segmented.SegmentedRaftLogWorker (SegmentedRaftLogWorker.java:lambda$new$0(132)) - d5424862-00f5-4f26-882d-9249b213a1ef-SegmentedRaftLogWorker:Storage Directory /workdir/hadoop-ozone/integration-test/target/test-dir/MiniOzoneClusterImpl-3cdd9aee-ba37-4d0d-8930-872cb3194007/datanode-5/data/ratis/89a5c02a-421f-4b84-a5ad-41c2231eb3d6: flushIndex: setUnconditionally 0 -> -1
2019-09-20 04:49:54,568 [pool-368-thread-1] INFO  server.RaftServerConfigKeys (ConfUtils.java:logGet(43)) - raft.server.snapshot.auto.trigger.enabled = true (custom)
2019-09-20 04:49:54,568 [pool-368-thread-1] INFO  server.RaftServerConfigKeys (ConfUtils.java:logGet(43)) - raft.server.snapshot.auto.trigger.threshold = 10000 (custom)
2019-09-20 04:49:54,568 [pool-368-thread-1] INFO  server.RaftServerConfigKeys (ConfUtils.java:logGet(43)) - raft.server.retrycache.expirytime = 600000ms (custom)
2019-09-20 04:49:54,568 [pool-368-thread-1] INFO  impl.RaftServerImpl (RaftServerImpl.java:start(180)) - d5424862-00f5-4f26-882d-9249b213a1ef: start group-41C2231EB3D6
2019-09-20 04:49:54,568 [pool-368-thread-1] INFO  impl.RaftServerImpl (RaftServerImpl.java:setRole(171)) - d5424862-00f5-4f26-882d-9249b213a1ef:group-41C2231EB3D6 changes role from null to FOLLOWER at term 0 for startAsFollower
2019-09-20 04:49:54,568 [pool-368-thread-1] INFO  impl.RoleInfo (RoleInfo.java:updateAndGet(143)) - d5424862-00f5-4f26-882d-9249b213a1ef: start FollowerState
2019-09-20 04:49:54,569 [pool-368-thread-1] INFO  util.JmxRegister (JmxRegister.java:tryRegister(44)) - Successfully registered JMX Bean with object name Ratis:service=RaftServer,group=group-41C2231EB3D6,id=d5424862-00f5-4f26-882d-9249b213a1ef
2019-09-20 04:49:54,571 [RatisPipelineUtilsThread] INFO  pipeline.PipelineStateManager (PipelineStateManager.java:addPipeline(56)) - Created pipeline Pipeline[ Id: 89a5c02a-421f-4b84-a5ad-41c2231eb3d6, Nodes: d5424862-00f5-4f26-882d-9249b213a1ef{ip: 192.168.36.79, host: pr-hdds-1569-s8kj2-2266485376, networkLocation: /default-rack, certSerialId: null}, Type:RATIS, Factor:ONE, State:OPEN]
2019-09-20 04:49:54,572 [RatisPipelineUtilsThread] INFO  pipeline.PipelinePlacementPolicy (PipelinePlacementPolicy.java:meetCriteria(91)) - Pipeline Placement: Doesn't meet the criteria to be viable node： c9787825-ea51-4014-8feb-b4ee136c6b23 Heaviness: 6 limit: 5
2019-09-20 04:49:54,572 [RatisPipelineUtilsThread] INFO  pipeline.PipelinePlacementPolicy (PipelinePlacementPolicy.java:meetCriteria(91)) - Pipeline Placement: Doesn't meet the criteria to be viable node： c82e94d7-3693-4569-94b0-cf8ff008d5c0 Heaviness: 6 limit: 5
2019-09-20 04:49:54,572 [RatisPipelineUtilsThread] INFO  pipeline.PipelinePlacementPolicy (PipelinePlacementPolicy.java:meetCriteria(91)) - Pipeline Placement: Doesn't meet the criteria to be viable node： 1b138595-92e4-4592-9dfc-2bb97fb4c88b Heaviness: 6 limit: 5
2019-09-20 04:49:54,572 [RatisPipelineUtilsThread] INFO  pipeline.PipelinePlacementPolicy (PipelinePlacementPolicy.java:meetCriteria(91)) - Pipeline Placement: Doesn't meet the criteria to be viable node： 37fe2768-1af7-42e7-8542-10b932802b02 Heaviness: 6 limit: 5
2019-09-20 04:49:54,576 [grpc-default-executor-1] INFO  impl.RaftServerProxy (RaftServerProxy.java:addNew(89)) - d5424862-00f5-4f26-882d-9249b213a1ef: addNew group-3F8B1D6B6E4D:[d5424862-00f5-4f26-882d-9249b213a1ef:192.168.36.79:37251] returns group-3F8B1D6B6E4D:java.util.concurrent.CompletableFuture@3fc64e2d[Not completed]
2019-09-20 04:49:54,577 [pool-368-thread-1] INFO  impl.RaftServerImpl (RaftServerImpl.java:<init>(93)) - d5424862-00f5-4f26-882d-9249b213a1ef: new RaftServerImpl for group-3F8B1D6B6E4D:[d5424862-00f5-4f26-882d-9249b213a1ef:192.168.36.79:37251] with ContainerStateMachine:uninitialized
2019-09-20 04:49:54,577 [pool-368-thread-1] INFO  server.RaftServerConfigKeys (ConfUtils.java:logGet(43)) - raft.server.rpc.timeout.min = 5s (custom)
2019-09-20 04:49:54,577 [pool-368-thread-1] INFO  server.RaftServerConfigKeys (ConfUtils.java:logGet(43)) - raft.server.rpc.timeout.max = 5200ms (custom)
2019-09-20 04:49:54,577 [pool-368-thread-1] INFO  server.RaftServerConfigKeys (ConfUtils.java:logGet(43)) - raft.server.rpcslowness.timeout = 120s (custom)
2019-09-20 04:49:54,577 [pool-368-thread-1] INFO  server.RaftServerConfigKeys (ConfUtils.java:logGet(43)) - raft.server.sleep.deviation.threshold = 300 (default)
2019-09-20 04:49:54,577 [pool-368-thread-1] INFO  server.RaftServerConfigKeys (ConfUtils.java:logGet(43)) - raft.server.log.appender.install.snapshot.enabled = false (custom)
2019-09-20 04:49:54,578 [pool-368-thread-1] INFO  impl.RaftServerImpl (ServerState.java:<init>(105)) - d5424862-00f5-4f26-882d-9249b213a1ef:group-3F8B1D6B6E4D ConfigurationManager, init=-1: [d5424862-00f5-4f26-882d-9249b213a1ef:192.168.36.79:37251], old=null, confs=<EMPTY_MAP>
2019-09-20 04:49:54,578 [pool-368-thread-1] INFO  server.RaftServerConfigKeys (ConfUtils.java:logGet(43)) - raft.server.storage.dir = [/workdir/hadoop-ozone/integration-test/target/test-dir/MiniOzoneClusterImpl-3cdd9aee-ba37-4d0d-8930-872cb3194007/datanode-5/data/ratis] (custom)
2019-09-20 04:49:54,578 [pool-368-thread-1] INFO  storage.RaftStorageDirectory (RaftStorageDirectory.java:analyzeStorage(246)) - The storage directory /workdir/hadoop-ozone/integration-test/target/test-dir/MiniOzoneClusterImpl-3cdd9aee-ba37-4d0d-8930-872cb3194007/datanode-5/data/ratis/9b6bb57d-34d6-476a-bd19-3f8b1d6b6e4d does not exist. Creating ...
2019-09-20 04:49:54,623 [pool-368-thread-1] INFO  storage.RaftStorageDirectory (RaftStorageDirectory.java:tryLock(328)) - Lock on /workdir/hadoop-ozone/integration-test/target/test-dir/MiniOzoneClusterImpl-3cdd9aee-ba37-4d0d-8930-872cb3194007/datanode-5/data/ratis/9b6bb57d-34d6-476a-bd19-3f8b1d6b6e4d/in_use.lock acquired by nodename 9457@pr-hdds-1569-s8kj2-2266485376
2019-09-20 04:49:54,651 | INFO  | SCMAudit | user=jenkins1000 | ip=192.168.36.79 | op=SEND_HEARTBEAT {datanodeUUID=42fc6e92-fcdd-4827-b621-9fc58a3d2315, command=[]} | ret=SUCCESS |  
2019-09-20 04:49:54,651 | INFO  | SCMAudit | user=jenkins1000 | ip=192.168.36.79 | op=SEND_HEARTBEAT {datanodeUUID=1d91ad97-6666-4ee7-855a-8b5e944e7401, command=[]} | ret=SUCCESS |  
2019-09-20 04:49:54,655 | INFO  | SCMAudit | user=jenkins1000 | ip=192.168.36.79 | op=SEND_HEARTBEAT {datanodeUUID=c4f6294c-eda3-4afd-81f7-e69ed14da69f, command=[]} | ret=SUCCESS |  
2019-09-20 04:49:54,655 | INFO  | SCMAudit | user=jenkins1000 | ip=192.168.36.79 | op=SEND_HEARTBEAT {datanodeUUID=236eed40-dd97-4fdc-a0ae-ab99685a426b, command=[]} | ret=SUCCESS |  
2019-09-20 04:49:54,656 | INFO  | SCMAudit | user=jenkins1000 | ip=192.168.36.79 | op=SEND_HEARTBEAT {datanodeUUID=eaf3ecbe-c3b1-4969-ad3a-e4de7fb04f81, command=[]} | ret=SUCCESS |  
2019-09-20 04:49:54,656 | INFO  | SCMAudit | user=jenkins1000 | ip=192.168.36.79 | op=SEND_HEARTBEAT {datanodeUUID=0ad3f89e-804f-4845-89c5-5ff1a35a5dda, command=[]} | ret=SUCCESS |  
2019-09-20 04:49:54,656 | INFO  | SCMAudit | user=jenkins1000 | ip=192.168.36.79 | op=SEND_HEARTBEAT {datanodeUUID=eb30d72f-c0a8-4ecb-bfee-9120a9a6cddf, command=[]} | ret=SUCCESS |  
2019-09-20 04:49:54,656 | INFO  | SCMAudit | user=jenkins1000 | ip=192.168.36.79 | op=SEND_HEARTBEAT {datanodeUUID=ea71b9af-1075-4196-9693-aa14e10f536d, command=[]} | ret=SUCCESS |  
2019-09-20 04:49:54,656 | INFO  | SCMAudit | user=jenkins1000 | ip=192.168.36.79 | op=SEND_HEARTBEAT {datanodeUUID=37fe2768-1af7-42e7-8542-10b932802b02, command=[]} | ret=SUCCESS |  
2019-09-20 04:49:54,656 | INFO  | SCMAudit | user=jenkins1000 | ip=192.168.36.79 | op=SEND_HEARTBEAT {datanodeUUID=2702b462-69d8-4c1b-aae1-091a21fe08b8, command=[]} | ret=SUCCESS |  
2019-09-20 04:49:54,656 | INFO  | SCMAudit | user=jenkins1000 | ip=192.168.36.79 | op=SEND_HEARTBEAT {datanodeUUID=3c2a6bfe-f5c5-4e23-89b0-850dab17697d, command=[]} | ret=SUCCESS |  
2019-09-20 04:49:54,657 | INFO  | SCMAudit | user=jenkins1000 | ip=192.168.36.79 | op=SEND_HEARTBEAT {datanodeUUID=dba845b8-ea76-4e09-ab03-0883d354e493, command=[]} | ret=SUCCESS |  
2019-09-20 04:49:54,657 | INFO  | SCMAudit | user=jenkins1000 | ip=192.168.36.79 | op=SEND_HEARTBEAT {datanodeUUID=a9bc59c4-b792-48d5-9db2-4e71770477b1, command=[]} | ret=SUCCESS |  
2019-09-20 04:49:54,657 | INFO  | SCMAudit | user=jenkins1000 | ip=192.168.36.79 | op=SEND_HEARTBEAT {datanodeUUID=5ea19b84-5385-4ae9-8412-c4cfa929b172, command=[]} | ret=SUCCESS |  
2019-09-20 04:49:54,657 | INFO  | SCMAudit | user=jenkins1000 | ip=192.168.36.79 | op=SEND_HEARTBEAT {datanodeUUID=fdbc37f2-9e58-4bac-a5d5-a78839d012e9, command=[]} | ret=SUCCESS |  
2019-09-20 04:49:54,657 | INFO  | SCMAudit | user=jenkins1000 | ip=192.168.36.79 | op=SEND_HEARTBEAT {datanodeUUID=68a93ad8-b6a8-44e1-8a9f-45fcc58d229a, command=[]} | ret=SUCCESS |  
2019-09-20 04:49:54,657 | INFO  | SCMAudit | user=jenkins1000 | ip=192.168.36.79 | op=SEND_HEARTBEAT {datanodeUUID=8d97392c-5f4b-400a-94a1-fb61a3ebbc99, command=[]} | ret=SUCCESS |  
2019-09-20 04:49:54,658 | INFO  | SCMAudit | user=jenkins1000 | ip=192.168.36.79 | op=SEND_HEARTBEAT {datanodeUUID=8538cd65-7926-426b-8bad-fbd0f0550f9a, command=[]} | ret=SUCCESS |  
2019-09-20 04:49:54,673 [pool-368-thread-1] INFO  storage.RaftStorage (RaftStorage.java:format(72)) - Storage directory /workdir/hadoop-ozone/integration-test/target/test-dir/MiniOzoneClusterImpl-3cdd9aee-ba37-4d0d-8930-872cb3194007/datanode-5/data/ratis/9b6bb57d-34d6-476a-bd19-3f8b1d6b6e4d has been successfully formatted.
2019-09-20 04:49:54,673 [pool-368-thread-1] INFO  ratis.ContainerStateMachine (ContainerStateMachine.java:loadSnapshot(226)) - group-3F8B1D6B6E4D: The snapshot info is null. Setting the last applied indexto:(t:0, i:~)
2019-09-20 04:49:54,673 [pool-368-thread-1] INFO  server.RaftServerConfigKeys (ConfUtils.java:logGet(43)) - raft.server.leader.election.timeout = 120s (custom)
2019-09-20 04:49:54,674 [pool-368-thread-1] INFO  server.RaftServerConfigKeys (ConfUtils.java:logGet(43)) - raft.server.log.use.memory = false (default)
2019-09-20 04:49:54,674 [pool-368-thread-1] INFO  server.RaftServerConfigKeys (ConfUtils.java:logGet(43)) - raft.server.log.purge.gap = 1000000 (custom)
2019-09-20 04:49:54,674 [pool-368-thread-1] INFO  server.RaftServerConfigKeys (ConfUtils.java:logGet(43)) - raft.server.log.appender.buffer.byte-limit = 33554432 (custom)
2019-09-20 04:49:54,674 [pool-368-thread-1] INFO  server.RaftServerConfigKeys (ConfUtils.java:logGet(43)) - raft.server.log.segment.size.max = 1048576 (custom)
2019-09-20 04:49:54,674 [pool-368-thread-1] INFO  server.RaftServerConfigKeys (ConfUtils.java:logGet(43)) - raft.server.log.segment.cache.num.max = 2 (custom)
2019-09-20 04:49:54,674 [pool-368-thread-1] INFO  segmented.SegmentedRaftLogWorker (SegmentedRaftLogWorker.java:<init>(172)) - new d5424862-00f5-4f26-882d-9249b213a1ef-SegmentedRaftLogWorker:Storage Directory /workdir/hadoop-ozone/integration-test/target/test-dir/MiniOzoneClusterImpl-3cdd9aee-ba37-4d0d-8930-872cb3194007/datanode-5/data/ratis/9b6bb57d-34d6-476a-bd19-3f8b1d6b6e4d for RaftStorage:Storage Directory /workdir/hadoop-ozone/integration-test/target/test-dir/MiniOzoneClusterImpl-3cdd9aee-ba37-4d0d-8930-872cb3194007/datanode-5/data/ratis/9b6bb57d-34d6-476a-bd19-3f8b1d6b6e4d
2019-09-20 04:49:54,674 [pool-368-thread-1] INFO  server.RaftServerConfigKeys (ConfUtils.java:logGet(43)) - raft.server.log.queue.byte-limit = 2147483647 (custom)
2019-09-20 04:49:54,675 [pool-368-thread-1] INFO  server.RaftServerConfigKeys (ConfUtils.java:logGet(43)) - raft.server.log.queue.element-limit = 1024 (custom)
2019-09-20 04:49:54,675 [pool-368-thread-1] INFO  server.RaftServerConfigKeys (ConfUtils.java:logGet(43)) - raft.server.log.segment.size.max = 1048576 (custom)
2019-09-20 04:49:54,675 [pool-368-thread-1] INFO  server.RaftServerConfigKeys (ConfUtils.java:logGet(43)) - raft.server.log.preallocated.size = 16384 (custom)
2019-09-20 04:49:54,675 [pool-368-thread-1] INFO  server.RaftServerConfigKeys (ConfUtils.java:logGet(43)) - raft.server.log.write.buffer.size = 33554432 (custom)
2019-09-20 04:49:54,675 [pool-368-thread-1] INFO  server.RaftServerConfigKeys (ConfUtils.java:logGet(43)) - raft.server.log.force.sync.num = 128 (default)
2019-09-20 04:49:54,675 [pool-368-thread-1] INFO  server.RaftServerConfigKeys (ConfUtils.java:logGet(43)) - raft.server.log.statemachine.data.sync = true (default)
2019-09-20 04:49:54,675 [pool-368-thread-1] INFO  server.RaftServerConfigKeys (ConfUtils.java:logGet(43)) - raft.server.log.statemachine.data.sync.timeout = 10s (default)
2019-09-20 04:49:54,675 [pool-368-thread-1] INFO  server.RaftServerConfigKeys (ConfUtils.java:logGet(43)) - raft.server.log.statemachine.data.sync.timeout.retry = -1 (default)
2019-09-20 04:49:54,676 [pool-368-thread-1] INFO  server.RaftServerConfigKeys (ConfUtils.java:logGet(43)) - raft.server.log.statemachine.data.caching.enabled = true (custom)
2019-09-20 04:49:54,676 [pool-368-thread-1] INFO  segmented.SegmentedRaftLogWorker (SegmentedRaftLogWorker.java:lambda$new$0(132)) - d5424862-00f5-4f26-882d-9249b213a1ef-SegmentedRaftLogWorker:Storage Directory /workdir/hadoop-ozone/integration-test/target/test-dir/MiniOzoneClusterImpl-3cdd9aee-ba37-4d0d-8930-872cb3194007/datanode-5/data/ratis/9b6bb57d-34d6-476a-bd19-3f8b1d6b6e4d: flushIndex: setUnconditionally 0 -> -1
2019-09-20 04:49:54,676 [pool-368-thread-1] INFO  server.RaftServerConfigKeys (ConfUtils.java:logGet(43)) - raft.server.snapshot.auto.trigger.enabled = true (custom)
2019-09-20 04:49:54,676 [pool-368-thread-1] INFO  server.RaftServerConfigKeys (ConfUtils.java:logGet(43)) - raft.server.snapshot.auto.trigger.threshold = 10000 (custom)
2019-09-20 04:49:54,676 [pool-368-thread-1] INFO  server.RaftServerConfigKeys (ConfUtils.java:logGet(43)) - raft.server.retrycache.expirytime = 600000ms (custom)
2019-09-20 04:49:54,677 [pool-368-thread-1] INFO  impl.RaftServerImpl (RaftServerImpl.java:start(180)) - d5424862-00f5-4f26-882d-9249b213a1ef: start group-3F8B1D6B6E4D
2019-09-20 04:49:54,677 [pool-368-thread-1] INFO  impl.RaftServerImpl (RaftServerImpl.java:setRole(171)) - d5424862-00f5-4f26-882d-9249b213a1ef:group-3F8B1D6B6E4D changes role from null to FOLLOWER at term 0 for startAsFollower
2019-09-20 04:49:54,677 [pool-368-thread-1] INFO  impl.RoleInfo (RoleInfo.java:updateAndGet(143)) - d5424862-00f5-4f26-882d-9249b213a1ef: start FollowerState
2019-09-20 04:49:54,677 [pool-368-thread-1] INFO  util.JmxRegister (JmxRegister.java:tryRegister(44)) - Successfully registered JMX Bean with object name Ratis:service=RaftServer,group=group-3F8B1D6B6E4D,id=d5424862-00f5-4f26-882d-9249b213a1ef
2019-09-20 04:49:54,679 [RatisPipelineUtilsThread] INFO  pipeline.PipelineStateManager (PipelineStateManager.java:addPipeline(56)) - Created pipeline Pipeline[ Id: 9b6bb57d-34d6-476a-bd19-3f8b1d6b6e4d, Nodes: d5424862-00f5-4f26-882d-9249b213a1ef{ip: 192.168.36.79, host: pr-hdds-1569-s8kj2-2266485376, networkLocation: /default-rack, certSerialId: null}, Type:RATIS, Factor:ONE, State:OPEN]
2019-09-20 04:49:54,679 [RatisPipelineUtilsThread] INFO  pipeline.PipelinePlacementPolicy (PipelinePlacementPolicy.java:meetCriteria(91)) - Pipeline Placement: Doesn't meet the criteria to be viable node： c9787825-ea51-4014-8feb-b4ee136c6b23 Heaviness: 6 limit: 5
2019-09-20 04:49:54,680 [RatisPipelineUtilsThread] INFO  pipeline.PipelinePlacementPolicy (PipelinePlacementPolicy.java:meetCriteria(91)) - Pipeline Placement: Doesn't meet the criteria to be viable node： c82e94d7-3693-4569-94b0-cf8ff008d5c0 Heaviness: 6 limit: 5
2019-09-20 04:49:54,680 [RatisPipelineUtilsThread] INFO  pipeline.PipelinePlacementPolicy (PipelinePlacementPolicy.java:meetCriteria(91)) - Pipeline Placement: Doesn't meet the criteria to be viable node： 1b138595-92e4-4592-9dfc-2bb97fb4c88b Heaviness: 6 limit: 5
2019-09-20 04:49:54,680 [RatisPipelineUtilsThread] INFO  pipeline.PipelinePlacementPolicy (PipelinePlacementPolicy.java:meetCriteria(91)) - Pipeline Placement: Doesn't meet the criteria to be viable node： 37fe2768-1af7-42e7-8542-10b932802b02 Heaviness: 6 limit: 5
2019-09-20 04:49:54,683 [grpc-default-executor-1] INFO  impl.RaftServerProxy (RaftServerProxy.java:addNew(89)) - 6a6ac22f-fdb0-4283-a89a-a8bc92b139ca: addNew group-A028E35D4535:[6a6ac22f-fdb0-4283-a89a-a8bc92b139ca:192.168.36.79:45432] returns group-A028E35D4535:java.util.concurrent.CompletableFuture@489f16ce[Not completed]
2019-09-20 04:49:54,684 [pool-357-thread-1] INFO  impl.RaftServerImpl (RaftServerImpl.java:<init>(93)) - 6a6ac22f-fdb0-4283-a89a-a8bc92b139ca: new RaftServerImpl for group-A028E35D4535:[6a6ac22f-fdb0-4283-a89a-a8bc92b139ca:192.168.36.79:45432] with ContainerStateMachine:uninitialized
2019-09-20 04:49:54,684 [pool-357-thread-1] INFO  server.RaftServerConfigKeys (ConfUtils.java:logGet(43)) - raft.server.rpc.timeout.min = 5s (custom)
2019-09-20 04:49:54,684 [pool-357-thread-1] INFO  server.RaftServerConfigKeys (ConfUtils.java:logGet(43)) - raft.server.rpc.timeout.max = 5200ms (custom)
2019-09-20 04:49:54,684 [pool-357-thread-1] INFO  server.RaftServerConfigKeys (ConfUtils.java:logGet(43)) - raft.server.rpcslowness.timeout = 120s (custom)
2019-09-20 04:49:54,684 [pool-357-thread-1] INFO  server.RaftServerConfigKeys (ConfUtils.java:logGet(43)) - raft.server.sleep.deviation.threshold = 300 (default)
2019-09-20 04:49:54,684 [pool-357-thread-1] INFO  server.RaftServerConfigKeys (ConfUtils.java:logGet(43)) - raft.server.log.appender.install.snapshot.enabled = false (custom)
2019-09-20 04:49:54,684 [pool-357-thread-1] INFO  impl.RaftServerImpl (ServerState.java:<init>(105)) - 6a6ac22f-fdb0-4283-a89a-a8bc92b139ca:group-A028E35D4535 ConfigurationManager, init=-1: [6a6ac22f-fdb0-4283-a89a-a8bc92b139ca:192.168.36.79:45432], old=null, confs=<EMPTY_MAP>
2019-09-20 04:49:54,684 [pool-357-thread-1] INFO  server.RaftServerConfigKeys (ConfUtils.java:logGet(43)) - raft.server.storage.dir = [/workdir/hadoop-ozone/integration-test/target/test-dir/MiniOzoneClusterImpl-3cdd9aee-ba37-4d0d-8930-872cb3194007/datanode-4/data/ratis] (custom)
2019-09-20 04:49:54,685 [pool-357-thread-1] INFO  storage.RaftStorageDirectory (RaftStorageDirectory.java:analyzeStorage(246)) - The storage directory /workdir/hadoop-ozone/integration-test/target/test-dir/MiniOzoneClusterImpl-3cdd9aee-ba37-4d0d-8930-872cb3194007/datanode-4/data/ratis/d487bc1e-a4ea-4425-8d09-a028e35d4535 does not exist. Creating ...
2019-09-20 04:49:54,687 [Thread-1665] INFO  container.ReplicationManager (ReplicationManager.java:start(151)) - Starting Replication Monitor Thread.
2019-09-20 04:49:54,697 [ReplicationMonitor] INFO  container.ReplicationManager (ReplicationManager.java:run(214)) - Replication Monitor Thread took 0 milliseconds for processing 0 containers.
2019-09-20 04:49:54,699 | INFO  | SCMAudit | user=jenkins1000 | ip=192.168.36.79 | op=SEND_HEARTBEAT {datanodeUUID=bd1a845e-f2ed-4713-9516-9ccc20139040, command=[]} | ret=SUCCESS |  
2019-09-20 04:49:54,699 | INFO  | SCMAudit | user=jenkins1000 | ip=192.168.36.79 | op=SEND_HEARTBEAT {datanodeUUID=f4e549ee-a6fa-4eb9-8541-129d0566fdf5, command=[]} | ret=SUCCESS |  
2019-09-20 04:49:54,699 | INFO  | SCMAudit | user=jenkins1000 | ip=192.168.36.79 | op=SEND_HEARTBEAT {datanodeUUID=ba95d636-ac34-4b74-a102-dec8d0f377c6, command=[]} | ret=SUCCESS |  
2019-09-20 04:49:54,699 | INFO  | SCMAudit | user=jenkins1000 | ip=192.168.36.79 | op=SEND_HEARTBEAT {datanodeUUID=2d6465ef-cffa-473a-a4c6-a9aa3f1a26c0, command=[]} | ret=SUCCESS |  
2019-09-20 04:49:54,715 [pool-357-thread-1] INFO  storage.RaftStorageDirectory (RaftStorageDirectory.java:tryLock(328)) - Lock on /workdir/hadoop-ozone/integration-test/target/test-dir/MiniOzoneClusterImpl-3cdd9aee-ba37-4d0d-8930-872cb3194007/datanode-4/data/ratis/d487bc1e-a4ea-4425-8d09-a028e35d4535/in_use.lock acquired by nodename 9457@pr-hdds-1569-s8kj2-2266485376
2019-09-20 04:49:54,757 [pool-357-thread-1] INFO  storage.RaftStorage (RaftStorage.java:format(72)) - Storage directory /workdir/hadoop-ozone/integration-test/target/test-dir/MiniOzoneClusterImpl-3cdd9aee-ba37-4d0d-8930-872cb3194007/datanode-4/data/ratis/d487bc1e-a4ea-4425-8d09-a028e35d4535 has been successfully formatted.
2019-09-20 04:49:54,757 [pool-357-thread-1] INFO  ratis.ContainerStateMachine (ContainerStateMachine.java:loadSnapshot(226)) - group-A028E35D4535: The snapshot info is null. Setting the last applied indexto:(t:0, i:~)
2019-09-20 04:49:54,758 [pool-357-thread-1] INFO  server.RaftServerConfigKeys (ConfUtils.java:logGet(43)) - raft.server.leader.election.timeout = 120s (custom)
2019-09-20 04:49:54,758 [pool-357-thread-1] INFO  server.RaftServerConfigKeys (ConfUtils.java:logGet(43)) - raft.server.log.use.memory = false (default)
2019-09-20 04:49:54,758 [pool-357-thread-1] INFO  server.RaftServerConfigKeys (ConfUtils.java:logGet(43)) - raft.server.log.purge.gap = 1000000 (custom)
2019-09-20 04:49:54,758 [pool-357-thread-1] INFO  server.RaftServerConfigKeys (ConfUtils.java:logGet(43)) - raft.server.log.appender.buffer.byte-limit = 33554432 (custom)
2019-09-20 04:49:54,758 [pool-357-thread-1] INFO  server.RaftServerConfigKeys (ConfUtils.java:logGet(43)) - raft.server.log.segment.size.max = 1048576 (custom)
2019-09-20 04:49:54,758 [pool-357-thread-1] INFO  server.RaftServerConfigKeys (ConfUtils.java:logGet(43)) - raft.server.log.segment.cache.num.max = 2 (custom)
2019-09-20 04:49:54,759 [pool-357-thread-1] INFO  segmented.SegmentedRaftLogWorker (SegmentedRaftLogWorker.java:<init>(172)) - new 6a6ac22f-fdb0-4283-a89a-a8bc92b139ca-SegmentedRaftLogWorker:Storage Directory /workdir/hadoop-ozone/integration-test/target/test-dir/MiniOzoneClusterImpl-3cdd9aee-ba37-4d0d-8930-872cb3194007/datanode-4/data/ratis/d487bc1e-a4ea-4425-8d09-a028e35d4535 for RaftStorage:Storage Directory /workdir/hadoop-ozone/integration-test/target/test-dir/MiniOzoneClusterImpl-3cdd9aee-ba37-4d0d-8930-872cb3194007/datanode-4/data/ratis/d487bc1e-a4ea-4425-8d09-a028e35d4535
2019-09-20 04:49:54,759 [pool-357-thread-1] INFO  server.RaftServerConfigKeys (ConfUtils.java:logGet(43)) - raft.server.log.queue.byte-limit = 2147483647 (custom)
2019-09-20 04:49:54,759 [pool-357-thread-1] INFO  server.RaftServerConfigKeys (ConfUtils.java:logGet(43)) - raft.server.log.queue.element-limit = 1024 (custom)
2019-09-20 04:49:54,759 [pool-357-thread-1] INFO  server.RaftServerConfigKeys (ConfUtils.java:logGet(43)) - raft.server.log.segment.size.max = 1048576 (custom)
2019-09-20 04:49:54,759 [pool-357-thread-1] INFO  server.RaftServerConfigKeys (ConfUtils.java:logGet(43)) - raft.server.log.preallocated.size = 16384 (custom)
2019-09-20 04:49:54,759 [pool-357-thread-1] INFO  server.RaftServerConfigKeys (ConfUtils.java:logGet(43)) - raft.server.log.write.buffer.size = 33554432 (custom)
2019-09-20 04:49:54,759 [pool-357-thread-1] INFO  server.RaftServerConfigKeys (ConfUtils.java:logGet(43)) - raft.server.log.force.sync.num = 128 (default)
2019-09-20 04:49:54,760 [pool-357-thread-1] INFO  server.RaftServerConfigKeys (ConfUtils.java:logGet(43)) - raft.server.log.statemachine.data.sync = true (default)
2019-09-20 04:49:54,760 [pool-357-thread-1] INFO  server.RaftServerConfigKeys (ConfUtils.java:logGet(43)) - raft.server.log.statemachine.data.sync.timeout = 10s (default)
2019-09-20 04:49:54,760 [pool-357-thread-1] INFO  server.RaftServerConfigKeys (ConfUtils.java:logGet(43)) - raft.server.log.statemachine.data.sync.timeout.retry = -1 (default)
2019-09-20 04:49:54,760 [pool-357-thread-1] INFO  server.RaftServerConfigKeys (ConfUtils.java:logGet(43)) - raft.server.log.statemachine.data.caching.enabled = true (custom)
2019-09-20 04:49:54,760 [pool-357-thread-1] INFO  segmented.SegmentedRaftLogWorker (SegmentedRaftLogWorker.java:lambda$new$0(132)) - 6a6ac22f-fdb0-4283-a89a-a8bc92b139ca-SegmentedRaftLogWorker:Storage Directory /workdir/hadoop-ozone/integration-test/target/test-dir/MiniOzoneClusterImpl-3cdd9aee-ba37-4d0d-8930-872cb3194007/datanode-4/data/ratis/d487bc1e-a4ea-4425-8d09-a028e35d4535: flushIndex: setUnconditionally 0 -> -1
2019-09-20 04:49:54,761 [pool-357-thread-1] INFO  server.RaftServerConfigKeys (ConfUtils.java:logGet(43)) - raft.server.snapshot.auto.trigger.enabled = true (custom)
2019-09-20 04:49:54,761 [pool-357-thread-1] INFO  server.RaftServerConfigKeys (ConfUtils.java:logGet(43)) - raft.server.snapshot.auto.trigger.threshold = 10000 (custom)
2019-09-20 04:49:54,761 [pool-357-thread-1] INFO  server.RaftServerConfigKeys (ConfUtils.java:logGet(43)) - raft.server.retrycache.expirytime = 600000ms (custom)
2019-09-20 04:49:54,761 [pool-357-thread-1] INFO  impl.RaftServerImpl (RaftServerImpl.java:start(180)) - 6a6ac22f-fdb0-4283-a89a-a8bc92b139ca: start group-A028E35D4535
2019-09-20 04:49:54,761 [pool-357-thread-1] INFO  impl.RaftServerImpl (RaftServerImpl.java:setRole(171)) - 6a6ac22f-fdb0-4283-a89a-a8bc92b139ca:group-A028E35D4535 changes role from null to FOLLOWER at term 0 for startAsFollower
2019-09-20 04:49:54,761 [pool-357-thread-1] INFO  impl.RoleInfo (RoleInfo.java:updateAndGet(143)) - 6a6ac22f-fdb0-4283-a89a-a8bc92b139ca: start FollowerState
2019-09-20 04:49:54,762 [pool-357-thread-1] INFO  util.JmxRegister (JmxRegister.java:tryRegister(44)) - Successfully registered JMX Bean with object name Ratis:service=RaftServer,group=group-A028E35D4535,id=6a6ac22f-fdb0-4283-a89a-a8bc92b139ca
2019-09-20 04:49:54,764 [RatisPipelineUtilsThread] INFO  pipeline.PipelineStateManager (PipelineStateManager.java:addPipeline(56)) - Created pipeline Pipeline[ Id: d487bc1e-a4ea-4425-8d09-a028e35d4535, Nodes: 6a6ac22f-fdb0-4283-a89a-a8bc92b139ca{ip: 192.168.36.79, host: pr-hdds-1569-s8kj2-2266485376, networkLocation: /default-rack, certSerialId: null}, Type:RATIS, Factor:ONE, State:OPEN]
2019-09-20 04:49:54,764 [RatisPipelineUtilsThread] INFO  pipeline.PipelinePlacementPolicy (PipelinePlacementPolicy.java:meetCriteria(91)) - Pipeline Placement: Doesn't meet the criteria to be viable node： c9787825-ea51-4014-8feb-b4ee136c6b23 Heaviness: 6 limit: 5
2019-09-20 04:49:54,765 [RatisPipelineUtilsThread] INFO  pipeline.PipelinePlacementPolicy (PipelinePlacementPolicy.java:meetCriteria(91)) - Pipeline Placement: Doesn't meet the criteria to be viable node： c82e94d7-3693-4569-94b0-cf8ff008d5c0 Heaviness: 6 limit: 5
2019-09-20 04:49:54,765 [RatisPipelineUtilsThread] INFO  pipeline.PipelinePlacementPolicy (PipelinePlacementPolicy.java:meetCriteria(91)) - Pipeline Placement: Doesn't meet the criteria to be viable node： 1b138595-92e4-4592-9dfc-2bb97fb4c88b Heaviness: 6 limit: 5
2019-09-20 04:49:54,765 [RatisPipelineUtilsThread] INFO  pipeline.PipelinePlacementPolicy (PipelinePlacementPolicy.java:meetCriteria(91)) - Pipeline Placement: Doesn't meet the criteria to be viable node： 6a6ac22f-fdb0-4283-a89a-a8bc92b139ca Heaviness: 6 limit: 5
2019-09-20 04:49:54,765 [RatisPipelineUtilsThread] INFO  pipeline.PipelinePlacementPolicy (PipelinePlacementPolicy.java:meetCriteria(91)) - Pipeline Placement: Doesn't meet the criteria to be viable node： 37fe2768-1af7-42e7-8542-10b932802b02 Heaviness: 6 limit: 5
2019-09-20 04:49:54,769 [grpc-default-executor-1] INFO  impl.RaftServerProxy (RaftServerProxy.java:addNew(89)) - d5424862-00f5-4f26-882d-9249b213a1ef: addNew group-9CD8556234BB:[d5424862-00f5-4f26-882d-9249b213a1ef:192.168.36.79:37251] returns group-9CD8556234BB:java.util.concurrent.CompletableFuture@1de603f5[Not completed]
2019-09-20 04:49:54,770 [pool-368-thread-1] INFO  impl.RaftServerImpl (RaftServerImpl.java:<init>(93)) - d5424862-00f5-4f26-882d-9249b213a1ef: new RaftServerImpl for group-9CD8556234BB:[d5424862-00f5-4f26-882d-9249b213a1ef:192.168.36.79:37251] with ContainerStateMachine:uninitialized
2019-09-20 04:49:54,770 [pool-368-thread-1] INFO  server.RaftServerConfigKeys (ConfUtils.java:logGet(43)) - raft.server.rpc.timeout.min = 5s (custom)
2019-09-20 04:49:54,770 [pool-368-thread-1] INFO  server.RaftServerConfigKeys (ConfUtils.java:logGet(43)) - raft.server.rpc.timeout.max = 5200ms (custom)
2019-09-20 04:49:54,770 [pool-368-thread-1] INFO  server.RaftServerConfigKeys (ConfUtils.java:logGet(43)) - raft.server.rpcslowness.timeout = 120s (custom)
2019-09-20 04:49:54,770 [pool-368-thread-1] INFO  server.RaftServerConfigKeys (ConfUtils.java:logGet(43)) - raft.server.sleep.deviation.threshold = 300 (default)
2019-09-20 04:49:54,770 [pool-368-thread-1] INFO  server.RaftServerConfigKeys (ConfUtils.java:logGet(43)) - raft.server.log.appender.install.snapshot.enabled = false (custom)
2019-09-20 04:49:54,771 [pool-368-thread-1] INFO  impl.RaftServerImpl (ServerState.java:<init>(105)) - d5424862-00f5-4f26-882d-9249b213a1ef:group-9CD8556234BB ConfigurationManager, init=-1: [d5424862-00f5-4f26-882d-9249b213a1ef:192.168.36.79:37251], old=null, confs=<EMPTY_MAP>
2019-09-20 04:49:54,771 [pool-368-thread-1] INFO  server.RaftServerConfigKeys (ConfUtils.java:logGet(43)) - raft.server.storage.dir = [/workdir/hadoop-ozone/integration-test/target/test-dir/MiniOzoneClusterImpl-3cdd9aee-ba37-4d0d-8930-872cb3194007/datanode-5/data/ratis] (custom)
2019-09-20 04:49:54,771 [pool-368-thread-1] INFO  storage.RaftStorageDirectory (RaftStorageDirectory.java:analyzeStorage(246)) - The storage directory /workdir/hadoop-ozone/integration-test/target/test-dir/MiniOzoneClusterImpl-3cdd9aee-ba37-4d0d-8930-872cb3194007/datanode-5/data/ratis/024517e0-7cf8-4c56-819b-9cd8556234bb does not exist. Creating ...
2019-09-20 04:49:54,816 [pool-368-thread-1] INFO  storage.RaftStorageDirectory (RaftStorageDirectory.java:tryLock(328)) - Lock on /workdir/hadoop-ozone/integration-test/target/test-dir/MiniOzoneClusterImpl-3cdd9aee-ba37-4d0d-8930-872cb3194007/datanode-5/data/ratis/024517e0-7cf8-4c56-819b-9cd8556234bb/in_use.lock acquired by nodename 9457@pr-hdds-1569-s8kj2-2266485376
2019-09-20 04:49:54,874 [pool-368-thread-1] INFO  storage.RaftStorage (RaftStorage.java:format(72)) - Storage directory /workdir/hadoop-ozone/integration-test/target/test-dir/MiniOzoneClusterImpl-3cdd9aee-ba37-4d0d-8930-872cb3194007/datanode-5/data/ratis/024517e0-7cf8-4c56-819b-9cd8556234bb has been successfully formatted.
2019-09-20 04:49:54,875 [pool-368-thread-1] INFO  ratis.ContainerStateMachine (ContainerStateMachine.java:loadSnapshot(226)) - group-9CD8556234BB: The snapshot info is null. Setting the last applied indexto:(t:0, i:~)
2019-09-20 04:49:54,875 [pool-368-thread-1] INFO  server.RaftServerConfigKeys (ConfUtils.java:logGet(43)) - raft.server.leader.election.timeout = 120s (custom)
2019-09-20 04:49:54,875 [pool-368-thread-1] INFO  server.RaftServerConfigKeys (ConfUtils.java:logGet(43)) - raft.server.log.use.memory = false (default)
2019-09-20 04:49:54,875 [pool-368-thread-1] INFO  server.RaftServerConfigKeys (ConfUtils.java:logGet(43)) - raft.server.log.purge.gap = 1000000 (custom)
2019-09-20 04:49:54,875 [pool-368-thread-1] INFO  server.RaftServerConfigKeys (ConfUtils.java:logGet(43)) - raft.server.log.appender.buffer.byte-limit = 33554432 (custom)
2019-09-20 04:49:54,875 [pool-368-thread-1] INFO  server.RaftServerConfigKeys (ConfUtils.java:logGet(43)) - raft.server.log.segment.size.max = 1048576 (custom)
2019-09-20 04:49:54,876 [pool-368-thread-1] INFO  server.RaftServerConfigKeys (ConfUtils.java:logGet(43)) - raft.server.log.segment.cache.num.max = 2 (custom)
2019-09-20 04:49:54,876 [pool-368-thread-1] INFO  segmented.SegmentedRaftLogWorker (SegmentedRaftLogWorker.java:<init>(172)) - new d5424862-00f5-4f26-882d-9249b213a1ef-SegmentedRaftLogWorker:Storage Directory /workdir/hadoop-ozone/integration-test/target/test-dir/MiniOzoneClusterImpl-3cdd9aee-ba37-4d0d-8930-872cb3194007/datanode-5/data/ratis/024517e0-7cf8-4c56-819b-9cd8556234bb for RaftStorage:Storage Directory /workdir/hadoop-ozone/integration-test/target/test-dir/MiniOzoneClusterImpl-3cdd9aee-ba37-4d0d-8930-872cb3194007/datanode-5/data/ratis/024517e0-7cf8-4c56-819b-9cd8556234bb
2019-09-20 04:49:54,876 [pool-368-thread-1] INFO  server.RaftServerConfigKeys (ConfUtils.java:logGet(43)) - raft.server.log.queue.byte-limit = 2147483647 (custom)
2019-09-20 04:49:54,876 [pool-368-thread-1] INFO  server.RaftServerConfigKeys (ConfUtils.java:logGet(43)) - raft.server.log.queue.element-limit = 1024 (custom)
2019-09-20 04:49:54,876 [pool-368-thread-1] INFO  server.RaftServerConfigKeys (ConfUtils.java:logGet(43)) - raft.server.log.segment.size.max = 1048576 (custom)
2019-09-20 04:49:54,876 [pool-368-thread-1] INFO  server.RaftServerConfigKeys (ConfUtils.java:logGet(43)) - raft.server.log.preallocated.size = 16384 (custom)
2019-09-20 04:49:54,876 [pool-368-thread-1] INFO  server.RaftServerConfigKeys (ConfUtils.java:logGet(43)) - raft.server.log.write.buffer.size = 33554432 (custom)
2019-09-20 04:49:54,876 [pool-368-thread-1] INFO  server.RaftServerConfigKeys (ConfUtils.java:logGet(43)) - raft.server.log.force.sync.num = 128 (default)
2019-09-20 04:49:54,877 [pool-368-thread-1] INFO  server.RaftServerConfigKeys (ConfUtils.java:logGet(43)) - raft.server.log.statemachine.data.sync = true (default)
2019-09-20 04:49:54,877 [pool-368-thread-1] INFO  server.RaftServerConfigKeys (ConfUtils.java:logGet(43)) - raft.server.log.statemachine.data.sync.timeout = 10s (default)
2019-09-20 04:49:54,877 [pool-368-thread-1] INFO  server.RaftServerConfigKeys (ConfUtils.java:logGet(43)) - raft.server.log.statemachine.data.sync.timeout.retry = -1 (default)
2019-09-20 04:49:54,877 [pool-368-thread-1] INFO  server.RaftServerConfigKeys (ConfUtils.java:logGet(43)) - raft.server.log.statemachine.data.caching.enabled = true (custom)
2019-09-20 04:49:54,877 [pool-368-thread-1] INFO  segmented.SegmentedRaftLogWorker (SegmentedRaftLogWorker.java:lambda$new$0(132)) - d5424862-00f5-4f26-882d-9249b213a1ef-SegmentedRaftLogWorker:Storage Directory /workdir/hadoop-ozone/integration-test/target/test-dir/MiniOzoneClusterImpl-3cdd9aee-ba37-4d0d-8930-872cb3194007/datanode-5/data/ratis/024517e0-7cf8-4c56-819b-9cd8556234bb: flushIndex: setUnconditionally 0 -> -1
2019-09-20 04:49:54,878 [pool-368-thread-1] INFO  server.RaftServerConfigKeys (ConfUtils.java:logGet(43)) - raft.server.snapshot.auto.trigger.enabled = true (custom)
2019-09-20 04:49:54,878 [pool-368-thread-1] INFO  server.RaftServerConfigKeys (ConfUtils.java:logGet(43)) - raft.server.snapshot.auto.trigger.threshold = 10000 (custom)
2019-09-20 04:49:54,878 [pool-368-thread-1] INFO  server.RaftServerConfigKeys (ConfUtils.java:logGet(43)) - raft.server.retrycache.expirytime = 600000ms (custom)
2019-09-20 04:49:54,878 [pool-368-thread-1] INFO  impl.RaftServerImpl (RaftServerImpl.java:start(180)) - d5424862-00f5-4f26-882d-9249b213a1ef: start group-9CD8556234BB
2019-09-20 04:49:54,878 [pool-368-thread-1] INFO  impl.RaftServerImpl (RaftServerImpl.java:setRole(171)) - d5424862-00f5-4f26-882d-9249b213a1ef:group-9CD8556234BB changes role from null to FOLLOWER at term 0 for startAsFollower
2019-09-20 04:49:54,878 [pool-368-thread-1] INFO  impl.RoleInfo (RoleInfo.java:updateAndGet(143)) - d5424862-00f5-4f26-882d-9249b213a1ef: start FollowerState
2019-09-20 04:49:54,879 [pool-368-thread-1] INFO  util.JmxRegister (JmxRegister.java:tryRegister(44)) - Successfully registered JMX Bean with object name Ratis:service=RaftServer,group=group-9CD8556234BB,id=d5424862-00f5-4f26-882d-9249b213a1ef
2019-09-20 04:49:54,881 [RatisPipelineUtilsThread] INFO  pipeline.PipelineStateManager (PipelineStateManager.java:addPipeline(56)) - Created pipeline Pipeline[ Id: 024517e0-7cf8-4c56-819b-9cd8556234bb, Nodes: d5424862-00f5-4f26-882d-9249b213a1ef{ip: 192.168.36.79, host: pr-hdds-1569-s8kj2-2266485376, networkLocation: /default-rack, certSerialId: null}, Type:RATIS, Factor:ONE, State:OPEN]
2019-09-20 04:49:54,881 [RatisPipelineUtilsThread] INFO  pipeline.PipelinePlacementPolicy (PipelinePlacementPolicy.java:meetCriteria(91)) - Pipeline Placement: Doesn't meet the criteria to be viable node： c9787825-ea51-4014-8feb-b4ee136c6b23 Heaviness: 6 limit: 5
2019-09-20 04:49:54,882 [RatisPipelineUtilsThread] INFO  pipeline.PipelinePlacementPolicy (PipelinePlacementPolicy.java:meetCriteria(91)) - Pipeline Placement: Doesn't meet the criteria to be viable node： c82e94d7-3693-4569-94b0-cf8ff008d5c0 Heaviness: 6 limit: 5
2019-09-20 04:49:54,882 [RatisPipelineUtilsThread] INFO  pipeline.PipelinePlacementPolicy (PipelinePlacementPolicy.java:meetCriteria(91)) - Pipeline Placement: Doesn't meet the criteria to be viable node： 1b138595-92e4-4592-9dfc-2bb97fb4c88b Heaviness: 6 limit: 5
2019-09-20 04:49:54,882 [RatisPipelineUtilsThread] INFO  pipeline.PipelinePlacementPolicy (PipelinePlacementPolicy.java:meetCriteria(91)) - Pipeline Placement: Doesn't meet the criteria to be viable node： 6a6ac22f-fdb0-4283-a89a-a8bc92b139ca Heaviness: 6 limit: 5
2019-09-20 04:49:54,882 [RatisPipelineUtilsThread] INFO  pipeline.PipelinePlacementPolicy (PipelinePlacementPolicy.java:meetCriteria(91)) - Pipeline Placement: Doesn't meet the criteria to be viable node： d5424862-00f5-4f26-882d-9249b213a1ef Heaviness: 6 limit: 5
2019-09-20 04:49:54,882 [RatisPipelineUtilsThread] INFO  pipeline.PipelinePlacementPolicy (PipelinePlacementPolicy.java:meetCriteria(91)) - Pipeline Placement: Doesn't meet the criteria to be viable node： 37fe2768-1af7-42e7-8542-10b932802b02 Heaviness: 6 limit: 5
2019-09-20 04:49:54,886 [grpc-default-executor-1] INFO  impl.RaftServerProxy (RaftServerProxy.java:addNew(89)) - db7872a1-bd52-4e68-8953-a9abbb9642a5: addNew group-6EC0F30EEA5F:[db7872a1-bd52-4e68-8953-a9abbb9642a5:192.168.36.79:33028] returns group-6EC0F30EEA5F:java.util.concurrent.CompletableFuture@8030c20[Not completed]
2019-09-20 04:49:54,886 [pool-379-thread-1] INFO  impl.RaftServerImpl (RaftServerImpl.java:<init>(93)) - db7872a1-bd52-4e68-8953-a9abbb9642a5: new RaftServerImpl for group-6EC0F30EEA5F:[db7872a1-bd52-4e68-8953-a9abbb9642a5:192.168.36.79:33028] with ContainerStateMachine:uninitialized
2019-09-20 04:49:54,887 [pool-379-thread-1] INFO  server.RaftServerConfigKeys (ConfUtils.java:logGet(43)) - raft.server.rpc.timeout.min = 5s (custom)
2019-09-20 04:49:54,887 [pool-379-thread-1] INFO  server.RaftServerConfigKeys (ConfUtils.java:logGet(43)) - raft.server.rpc.timeout.max = 5200ms (custom)
2019-09-20 04:49:54,887 [pool-379-thread-1] INFO  server.RaftServerConfigKeys (ConfUtils.java:logGet(43)) - raft.server.rpcslowness.timeout = 120s (custom)
2019-09-20 04:49:54,887 [pool-379-thread-1] INFO  server.RaftServerConfigKeys (ConfUtils.java:logGet(43)) - raft.server.sleep.deviation.threshold = 300 (default)
2019-09-20 04:49:54,887 [pool-379-thread-1] INFO  server.RaftServerConfigKeys (ConfUtils.java:logGet(43)) - raft.server.log.appender.install.snapshot.enabled = false (custom)
2019-09-20 04:49:54,887 [pool-379-thread-1] INFO  impl.RaftServerImpl (ServerState.java:<init>(105)) - db7872a1-bd52-4e68-8953-a9abbb9642a5:group-6EC0F30EEA5F ConfigurationManager, init=-1: [db7872a1-bd52-4e68-8953-a9abbb9642a5:192.168.36.79:33028], old=null, confs=<EMPTY_MAP>
2019-09-20 04:49:54,887 [pool-379-thread-1] INFO  server.RaftServerConfigKeys (ConfUtils.java:logGet(43)) - raft.server.storage.dir = [/workdir/hadoop-ozone/integration-test/target/test-dir/MiniOzoneClusterImpl-3cdd9aee-ba37-4d0d-8930-872cb3194007/datanode-6/data/ratis] (custom)
2019-09-20 04:49:54,887 [pool-379-thread-1] INFO  storage.RaftStorageDirectory (RaftStorageDirectory.java:analyzeStorage(246)) - The storage directory /workdir/hadoop-ozone/integration-test/target/test-dir/MiniOzoneClusterImpl-3cdd9aee-ba37-4d0d-8930-872cb3194007/datanode-6/data/ratis/6063d1c0-73b7-4e82-90cb-6ec0f30eea5f does not exist. Creating ...
2019-09-20 04:49:54,888 [main] INFO  ozone.MiniOzoneClusterImpl (MiniOzoneClusterImpl.java:lambda$waitForClusterToBeReady$0(142)) - Cluster is ready. Got 7 of 7 DN Heartbeats.
2019-09-20 04:49:54,891 | INFO  | SCMAudit | user=jenkins1000 | ip=192.168.36.79 | op=SEND_HEARTBEAT {datanodeUUID=c9787825-ea51-4014-8feb-b4ee136c6b23, command=[]} | ret=SUCCESS |  
2019-09-20 04:49:54,910 [pool-379-thread-1] INFO  storage.RaftStorageDirectory (RaftStorageDirectory.java:tryLock(328)) - Lock on /workdir/hadoop-ozone/integration-test/target/test-dir/MiniOzoneClusterImpl-3cdd9aee-ba37-4d0d-8930-872cb3194007/datanode-6/data/ratis/6063d1c0-73b7-4e82-90cb-6ec0f30eea5f/in_use.lock acquired by nodename 9457@pr-hdds-1569-s8kj2-2266485376
2019-09-20 04:49:54,960 [pool-379-thread-1] INFO  storage.RaftStorage (RaftStorage.java:format(72)) - Storage directory /workdir/hadoop-ozone/integration-test/target/test-dir/MiniOzoneClusterImpl-3cdd9aee-ba37-4d0d-8930-872cb3194007/datanode-6/data/ratis/6063d1c0-73b7-4e82-90cb-6ec0f30eea5f has been successfully formatted.
2019-09-20 04:49:54,960 [pool-379-thread-1] INFO  ratis.ContainerStateMachine (ContainerStateMachine.java:loadSnapshot(226)) - group-6EC0F30EEA5F: The snapshot info is null. Setting the last applied indexto:(t:0, i:~)
2019-09-20 04:49:54,960 [pool-379-thread-1] INFO  server.RaftServerConfigKeys (ConfUtils.java:logGet(43)) - raft.server.leader.election.timeout = 120s (custom)
2019-09-20 04:49:54,960 [pool-379-thread-1] INFO  server.RaftServerConfigKeys (ConfUtils.java:logGet(43)) - raft.server.log.use.memory = false (default)
2019-09-20 04:49:54,960 [pool-379-thread-1] INFO  server.RaftServerConfigKeys (ConfUtils.java:logGet(43)) - raft.server.log.purge.gap = 1000000 (custom)
2019-09-20 04:49:54,960 [pool-379-thread-1] INFO  server.RaftServerConfigKeys (ConfUtils.java:logGet(43)) - raft.server.log.appender.buffer.byte-limit = 33554432 (custom)
2019-09-20 04:49:54,960 [pool-379-thread-1] INFO  server.RaftServerConfigKeys (ConfUtils.java:logGet(43)) - raft.server.log.segment.size.max = 1048576 (custom)
2019-09-20 04:49:54,960 [pool-379-thread-1] INFO  server.RaftServerConfigKeys (ConfUtils.java:logGet(43)) - raft.server.log.segment.cache.num.max = 2 (custom)
2019-09-20 04:49:54,961 [pool-379-thread-1] INFO  segmented.SegmentedRaftLogWorker (SegmentedRaftLogWorker.java:<init>(172)) - new db7872a1-bd52-4e68-8953-a9abbb9642a5-SegmentedRaftLogWorker:Storage Directory /workdir/hadoop-ozone/integration-test/target/test-dir/MiniOzoneClusterImpl-3cdd9aee-ba37-4d0d-8930-872cb3194007/datanode-6/data/ratis/6063d1c0-73b7-4e82-90cb-6ec0f30eea5f for RaftStorage:Storage Directory /workdir/hadoop-ozone/integration-test/target/test-dir/MiniOzoneClusterImpl-3cdd9aee-ba37-4d0d-8930-872cb3194007/datanode-6/data/ratis/6063d1c0-73b7-4e82-90cb-6ec0f30eea5f
2019-09-20 04:49:54,961 [pool-379-thread-1] INFO  server.RaftServerConfigKeys (ConfUtils.java:logGet(43)) - raft.server.log.queue.byte-limit = 2147483647 (custom)
2019-09-20 04:49:54,961 [pool-379-thread-1] INFO  server.RaftServerConfigKeys (ConfUtils.java:logGet(43)) - raft.server.log.queue.element-limit = 1024 (custom)
2019-09-20 04:49:54,961 [pool-379-thread-1] INFO  server.RaftServerConfigKeys (ConfUtils.java:logGet(43)) - raft.server.log.segment.size.max = 1048576 (custom)
2019-09-20 04:49:54,961 [main] INFO  rpc.RpcClient (RpcClient.java:createVolume(293)) - Creating Volume: watchforcommithandlingtest, with jenkins1000 as owner.
2019-09-20 04:49:54,961 [pool-379-thread-1] INFO  server.RaftServerConfigKeys (ConfUtils.java:logGet(43)) - raft.server.log.preallocated.size = 16384 (custom)
2019-09-20 04:49:54,961 [pool-379-thread-1] INFO  server.RaftServerConfigKeys (ConfUtils.java:logGet(43)) - raft.server.log.write.buffer.size = 33554432 (custom)
2019-09-20 04:49:54,961 [pool-379-thread-1] INFO  server.RaftServerConfigKeys (ConfUtils.java:logGet(43)) - raft.server.log.force.sync.num = 128 (default)
2019-09-20 04:49:54,961 [pool-379-thread-1] INFO  server.RaftServerConfigKeys (ConfUtils.java:logGet(43)) - raft.server.log.statemachine.data.sync = true (default)
2019-09-20 04:49:54,961 [pool-379-thread-1] INFO  server.RaftServerConfigKeys (ConfUtils.java:logGet(43)) - raft.server.log.statemachine.data.sync.timeout = 10s (default)
2019-09-20 04:49:54,962 [pool-379-thread-1] INFO  server.RaftServerConfigKeys (ConfUtils.java:logGet(43)) - raft.server.log.statemachine.data.sync.timeout.retry = -1 (default)
2019-09-20 04:49:54,962 [pool-379-thread-1] INFO  server.RaftServerConfigKeys (ConfUtils.java:logGet(43)) - raft.server.log.statemachine.data.caching.enabled = true (custom)
2019-09-20 04:49:54,962 [pool-379-thread-1] INFO  segmented.SegmentedRaftLogWorker (SegmentedRaftLogWorker.java:lambda$new$0(132)) - db7872a1-bd52-4e68-8953-a9abbb9642a5-SegmentedRaftLogWorker:Storage Directory /workdir/hadoop-ozone/integration-test/target/test-dir/MiniOzoneClusterImpl-3cdd9aee-ba37-4d0d-8930-872cb3194007/datanode-6/data/ratis/6063d1c0-73b7-4e82-90cb-6ec0f30eea5f: flushIndex: setUnconditionally 0 -> -1
2019-09-20 04:49:54,962 [pool-379-thread-1] INFO  server.RaftServerConfigKeys (ConfUtils.java:logGet(43)) - raft.server.snapshot.auto.trigger.enabled = true (custom)
2019-09-20 04:49:54,962 [pool-379-thread-1] INFO  server.RaftServerConfigKeys (ConfUtils.java:logGet(43)) - raft.server.snapshot.auto.trigger.threshold = 10000 (custom)
2019-09-20 04:49:54,962 [pool-379-thread-1] INFO  server.RaftServerConfigKeys (ConfUtils.java:logGet(43)) - raft.server.retrycache.expirytime = 600000ms (custom)
2019-09-20 04:49:54,963 [pool-379-thread-1] INFO  impl.RaftServerImpl (RaftServerImpl.java:start(180)) - db7872a1-bd52-4e68-8953-a9abbb9642a5: start group-6EC0F30EEA5F
2019-09-20 04:49:54,963 [pool-379-thread-1] INFO  impl.RaftServerImpl (RaftServerImpl.java:setRole(171)) - db7872a1-bd52-4e68-8953-a9abbb9642a5:group-6EC0F30EEA5F changes role from null to FOLLOWER at term 0 for startAsFollower
2019-09-20 04:49:54,963 [pool-379-thread-1] INFO  impl.RoleInfo (RoleInfo.java:updateAndGet(143)) - db7872a1-bd52-4e68-8953-a9abbb9642a5: start FollowerState
2019-09-20 04:49:54,963 [pool-379-thread-1] INFO  util.JmxRegister (JmxRegister.java:tryRegister(44)) - Successfully registered JMX Bean with object name Ratis:service=RaftServer,group=group-6EC0F30EEA5F,id=db7872a1-bd52-4e68-8953-a9abbb9642a5
2019-09-20 04:49:54,964 | INFO  | OMAudit | user=jenkins1000 | ip=127.0.0.1 | op=CREATE_VOLUME {admin=jenkins1000, owner=jenkins1000, volume=watchforcommithandlingtest, creationTime=1568954994963, quotaInBytes=1152921504606846976} | ret=SUCCESS |  
2019-09-20 04:49:55,001 | INFO  | OMAudit | user=jenkins1000 | ip=127.0.0.1 | op=READ_VOLUME {volume=watchforcommithandlingtest} | ret=SUCCESS |  
2019-09-20 04:49:55,001 [RatisPipelineUtilsThread] INFO  pipeline.PipelineStateManager (PipelineStateManager.java:addPipeline(56)) - Created pipeline Pipeline[ Id: 6063d1c0-73b7-4e82-90cb-6ec0f30eea5f, Nodes: db7872a1-bd52-4e68-8953-a9abbb9642a5{ip: 192.168.36.79, host: pr-hdds-1569-s8kj2-2266485376, networkLocation: /default-rack, certSerialId: null}, Type:RATIS, Factor:ONE, State:OPEN]
2019-09-20 04:49:55,002 [RatisPipelineUtilsThread] INFO  pipeline.PipelinePlacementPolicy (PipelinePlacementPolicy.java:meetCriteria(91)) - Pipeline Placement: Doesn't meet the criteria to be viable node： c9787825-ea51-4014-8feb-b4ee136c6b23 Heaviness: 6 limit: 5
2019-09-20 04:49:55,002 [RatisPipelineUtilsThread] INFO  pipeline.PipelinePlacementPolicy (PipelinePlacementPolicy.java:meetCriteria(91)) - Pipeline Placement: Doesn't meet the criteria to be viable node： c82e94d7-3693-4569-94b0-cf8ff008d5c0 Heaviness: 6 limit: 5
2019-09-20 04:49:55,002 [main] INFO  rpc.RpcClient (RpcClient.java:createBucket(432)) - Creating Bucket: watchforcommithandlingtest/watchforcommithandlingtest, with Versioning false and Storage Type set to DISK and Encryption set to false 
2019-09-20 04:49:55,002 [RatisPipelineUtilsThread] INFO  pipeline.PipelinePlacementPolicy (PipelinePlacementPolicy.java:meetCriteria(91)) - Pipeline Placement: Doesn't meet the criteria to be viable node： 1b138595-92e4-4592-9dfc-2bb97fb4c88b Heaviness: 6 limit: 5
2019-09-20 04:49:55,002 [RatisPipelineUtilsThread] INFO  pipeline.PipelinePlacementPolicy (PipelinePlacementPolicy.java:meetCriteria(91)) - Pipeline Placement: Doesn't meet the criteria to be viable node： 6a6ac22f-fdb0-4283-a89a-a8bc92b139ca Heaviness: 6 limit: 5
2019-09-20 04:49:55,003 [RatisPipelineUtilsThread] INFO  pipeline.PipelinePlacementPolicy (PipelinePlacementPolicy.java:meetCriteria(91)) - Pipeline Placement: Doesn't meet the criteria to be viable node： d5424862-00f5-4f26-882d-9249b213a1ef Heaviness: 6 limit: 5
2019-09-20 04:49:55,003 [RatisPipelineUtilsThread] INFO  pipeline.PipelinePlacementPolicy (PipelinePlacementPolicy.java:meetCriteria(91)) - Pipeline Placement: Doesn't meet the criteria to be viable node： 37fe2768-1af7-42e7-8542-10b932802b02 Heaviness: 6 limit: 5
2019-09-20 04:49:55,011 | INFO  | OMAudit | user=jenkins1000 | ip=127.0.0.1 | op=CREATE_BUCKET {volume=watchforcommithandlingtest, bucket=watchforcommithandlingtest, acls=[user:jenkins1000:a[ACCESS], group:default:a[ACCESS]], isVersionEnabled=false, storageType=DISK, creationTime=0} | ret=SUCCESS |  
2019-09-20 04:49:55,011 [main] INFO  ozone.MiniOzoneClusterImpl (MiniOzoneClusterImpl.java:getStorageContainerLocationClient(241)) - Creating StorageContainerLocationProtocol RPC client with address /0.0.0.0:41584
2019-09-20 04:49:55,014 [grpc-default-executor-1] INFO  impl.RaftServerProxy (RaftServerProxy.java:addNew(89)) - db7872a1-bd52-4e68-8953-a9abbb9642a5: addNew group-30FC7A2825F2:[db7872a1-bd52-4e68-8953-a9abbb9642a5:192.168.36.79:33028] returns group-30FC7A2825F2:java.util.concurrent.CompletableFuture@51782326[Not completed]
2019-09-20 04:49:55,014 [pool-379-thread-1] INFO  impl.RaftServerImpl (RaftServerImpl.java:<init>(93)) - db7872a1-bd52-4e68-8953-a9abbb9642a5: new RaftServerImpl for group-30FC7A2825F2:[db7872a1-bd52-4e68-8953-a9abbb9642a5:192.168.36.79:33028] with ContainerStateMachine:uninitialized
2019-09-20 04:49:55,015 [pool-379-thread-1] INFO  server.RaftServerConfigKeys (ConfUtils.java:logGet(43)) - raft.server.rpc.timeout.min = 5s (custom)
2019-09-20 04:49:55,015 [pool-379-thread-1] INFO  server.RaftServerConfigKeys (ConfUtils.java:logGet(43)) - raft.server.rpc.timeout.max = 5200ms (custom)
2019-09-20 04:49:55,015 [pool-379-thread-1] INFO  server.RaftServerConfigKeys (ConfUtils.java:logGet(43)) - raft.server.rpcslowness.timeout = 120s (custom)
2019-09-20 04:49:55,015 [pool-379-thread-1] INFO  server.RaftServerConfigKeys (ConfUtils.java:logGet(43)) - raft.server.sleep.deviation.threshold = 300 (default)
2019-09-20 04:49:55,015 [pool-379-thread-1] INFO  server.RaftServerConfigKeys (ConfUtils.java:logGet(43)) - raft.server.log.appender.install.snapshot.enabled = false (custom)
2019-09-20 04:49:55,015 [pool-379-thread-1] INFO  impl.RaftServerImpl (ServerState.java:<init>(105)) - db7872a1-bd52-4e68-8953-a9abbb9642a5:group-30FC7A2825F2 ConfigurationManager, init=-1: [db7872a1-bd52-4e68-8953-a9abbb9642a5:192.168.36.79:33028], old=null, confs=<EMPTY_MAP>
2019-09-20 04:49:55,015 [pool-379-thread-1] INFO  server.RaftServerConfigKeys (ConfUtils.java:logGet(43)) - raft.server.storage.dir = [/workdir/hadoop-ozone/integration-test/target/test-dir/MiniOzoneClusterImpl-3cdd9aee-ba37-4d0d-8930-872cb3194007/datanode-6/data/ratis] (custom)
2019-09-20 04:49:55,015 [pool-379-thread-1] INFO  storage.RaftStorageDirectory (RaftStorageDirectory.java:analyzeStorage(246)) - The storage directory /workdir/hadoop-ozone/integration-test/target/test-dir/MiniOzoneClusterImpl-3cdd9aee-ba37-4d0d-8930-872cb3194007/datanode-6/data/ratis/e4feea08-f97b-4907-87e8-30fc7a2825f2 does not exist. Creating ...
2019-09-20 04:49:55,045 [pool-379-thread-1] INFO  storage.RaftStorageDirectory (RaftStorageDirectory.java:tryLock(328)) - Lock on /workdir/hadoop-ozone/integration-test/target/test-dir/MiniOzoneClusterImpl-3cdd9aee-ba37-4d0d-8930-872cb3194007/datanode-6/data/ratis/e4feea08-f97b-4907-87e8-30fc7a2825f2/in_use.lock acquired by nodename 9457@pr-hdds-1569-s8kj2-2266485376
2019-09-20 04:49:55,105 [pool-379-thread-1] INFO  storage.RaftStorage (RaftStorage.java:format(72)) - Storage directory /workdir/hadoop-ozone/integration-test/target/test-dir/MiniOzoneClusterImpl-3cdd9aee-ba37-4d0d-8930-872cb3194007/datanode-6/data/ratis/e4feea08-f97b-4907-87e8-30fc7a2825f2 has been successfully formatted.
2019-09-20 04:49:55,105 [pool-379-thread-1] INFO  ratis.ContainerStateMachine (ContainerStateMachine.java:loadSnapshot(226)) - group-30FC7A2825F2: The snapshot info is null. Setting the last applied indexto:(t:0, i:~)
2019-09-20 04:49:55,105 [pool-379-thread-1] INFO  server.RaftServerConfigKeys (ConfUtils.java:logGet(43)) - raft.server.leader.election.timeout = 120s (custom)
2019-09-20 04:49:55,106 [pool-379-thread-1] INFO  server.RaftServerConfigKeys (ConfUtils.java:logGet(43)) - raft.server.log.use.memory = false (default)
2019-09-20 04:49:55,106 [pool-379-thread-1] INFO  server.RaftServerConfigKeys (ConfUtils.java:logGet(43)) - raft.server.log.purge.gap = 1000000 (custom)
2019-09-20 04:49:55,106 [pool-379-thread-1] INFO  server.RaftServerConfigKeys (ConfUtils.java:logGet(43)) - raft.server.log.appender.buffer.byte-limit = 33554432 (custom)
2019-09-20 04:49:55,106 [pool-379-thread-1] INFO  server.RaftServerConfigKeys (ConfUtils.java:logGet(43)) - raft.server.log.segment.size.max = 1048576 (custom)
2019-09-20 04:49:55,106 [pool-379-thread-1] INFO  server.RaftServerConfigKeys (ConfUtils.java:logGet(43)) - raft.server.log.segment.cache.num.max = 2 (custom)
2019-09-20 04:49:55,106 [pool-379-thread-1] INFO  segmented.SegmentedRaftLogWorker (SegmentedRaftLogWorker.java:<init>(172)) - new db7872a1-bd52-4e68-8953-a9abbb9642a5-SegmentedRaftLogWorker:Storage Directory /workdir/hadoop-ozone/integration-test/target/test-dir/MiniOzoneClusterImpl-3cdd9aee-ba37-4d0d-8930-872cb3194007/datanode-6/data/ratis/e4feea08-f97b-4907-87e8-30fc7a2825f2 for RaftStorage:Storage Directory /workdir/hadoop-ozone/integration-test/target/test-dir/MiniOzoneClusterImpl-3cdd9aee-ba37-4d0d-8930-872cb3194007/datanode-6/data/ratis/e4feea08-f97b-4907-87e8-30fc7a2825f2
2019-09-20 04:49:55,107 [pool-379-thread-1] INFO  server.RaftServerConfigKeys (ConfUtils.java:logGet(43)) - raft.server.log.queue.byte-limit = 2147483647 (custom)
2019-09-20 04:49:55,107 [pool-379-thread-1] INFO  server.RaftServerConfigKeys (ConfUtils.java:logGet(43)) - raft.server.log.queue.element-limit = 1024 (custom)
2019-09-20 04:49:55,107 [pool-379-thread-1] INFO  server.RaftServerConfigKeys (ConfUtils.java:logGet(43)) - raft.server.log.segment.size.max = 1048576 (custom)
2019-09-20 04:49:55,107 [pool-379-thread-1] INFO  server.RaftServerConfigKeys (ConfUtils.java:logGet(43)) - raft.server.log.preallocated.size = 16384 (custom)
2019-09-20 04:49:55,107 [pool-379-thread-1] INFO  server.RaftServerConfigKeys (ConfUtils.java:logGet(43)) - raft.server.log.write.buffer.size = 33554432 (custom)
2019-09-20 04:49:55,107 [pool-379-thread-1] INFO  server.RaftServerConfigKeys (ConfUtils.java:logGet(43)) - raft.server.log.force.sync.num = 128 (default)
2019-09-20 04:49:55,107 [pool-379-thread-1] INFO  server.RaftServerConfigKeys (ConfUtils.java:logGet(43)) - raft.server.log.statemachine.data.sync = true (default)
2019-09-20 04:49:55,108 [pool-379-thread-1] INFO  server.RaftServerConfigKeys (ConfUtils.java:logGet(43)) - raft.server.log.statemachine.data.sync.timeout = 10s (default)
2019-09-20 04:49:55,108 [pool-379-thread-1] INFO  server.RaftServerConfigKeys (ConfUtils.java:logGet(43)) - raft.server.log.statemachine.data.sync.timeout.retry = -1 (default)
2019-09-20 04:49:55,108 [pool-379-thread-1] INFO  server.RaftServerConfigKeys (ConfUtils.java:logGet(43)) - raft.server.log.statemachine.data.caching.enabled = true (custom)
2019-09-20 04:49:55,108 [pool-379-thread-1] INFO  segmented.SegmentedRaftLogWorker (SegmentedRaftLogWorker.java:lambda$new$0(132)) - db7872a1-bd52-4e68-8953-a9abbb9642a5-SegmentedRaftLogWorker:Storage Directory /workdir/hadoop-ozone/integration-test/target/test-dir/MiniOzoneClusterImpl-3cdd9aee-ba37-4d0d-8930-872cb3194007/datanode-6/data/ratis/e4feea08-f97b-4907-87e8-30fc7a2825f2: flushIndex: setUnconditionally 0 -> -1
2019-09-20 04:49:55,108 [pool-379-thread-1] INFO  server.RaftServerConfigKeys (ConfUtils.java:logGet(43)) - raft.server.snapshot.auto.trigger.enabled = true (custom)
2019-09-20 04:49:55,109 [pool-379-thread-1] INFO  server.RaftServerConfigKeys (ConfUtils.java:logGet(43)) - raft.server.snapshot.auto.trigger.threshold = 10000 (custom)
2019-09-20 04:49:55,109 [pool-379-thread-1] INFO  server.RaftServerConfigKeys (ConfUtils.java:logGet(43)) - raft.server.retrycache.expirytime = 600000ms (custom)
2019-09-20 04:49:55,109 [pool-379-thread-1] INFO  impl.RaftServerImpl (RaftServerImpl.java:start(180)) - db7872a1-bd52-4e68-8953-a9abbb9642a5: start group-30FC7A2825F2
2019-09-20 04:49:55,109 [pool-379-thread-1] INFO  impl.RaftServerImpl (RaftServerImpl.java:setRole(171)) - db7872a1-bd52-4e68-8953-a9abbb9642a5:group-30FC7A2825F2 changes role from null to FOLLOWER at term 0 for startAsFollower
2019-09-20 04:49:55,109 [pool-379-thread-1] INFO  impl.RoleInfo (RoleInfo.java:updateAndGet(143)) - db7872a1-bd52-4e68-8953-a9abbb9642a5: start FollowerState
2019-09-20 04:49:55,110 [pool-379-thread-1] INFO  util.JmxRegister (JmxRegister.java:tryRegister(44)) - Successfully registered JMX Bean with object name Ratis:service=RaftServer,group=group-30FC7A2825F2,id=db7872a1-bd52-4e68-8953-a9abbb9642a5
2019-09-20 04:49:55,112 [RatisPipelineUtilsThread] INFO  pipeline.PipelineStateManager (PipelineStateManager.java:addPipeline(56)) - Created pipeline Pipeline[ Id: e4feea08-f97b-4907-87e8-30fc7a2825f2, Nodes: db7872a1-bd52-4e68-8953-a9abbb9642a5{ip: 192.168.36.79, host: pr-hdds-1569-s8kj2-2266485376, networkLocation: /default-rack, certSerialId: null}, Type:RATIS, Factor:ONE, State:OPEN]
2019-09-20 04:49:55,112 [RatisPipelineUtilsThread] INFO  pipeline.PipelinePlacementPolicy (PipelinePlacementPolicy.java:meetCriteria(91)) - Pipeline Placement: Doesn't meet the criteria to be viable node： c9787825-ea51-4014-8feb-b4ee136c6b23 Heaviness: 6 limit: 5
2019-09-20 04:49:55,112 [RatisPipelineUtilsThread] INFO  pipeline.PipelinePlacementPolicy (PipelinePlacementPolicy.java:meetCriteria(91)) - Pipeline Placement: Doesn't meet the criteria to be viable node： c82e94d7-3693-4569-94b0-cf8ff008d5c0 Heaviness: 6 limit: 5
2019-09-20 04:49:55,112 [RatisPipelineUtilsThread] INFO  pipeline.PipelinePlacementPolicy (PipelinePlacementPolicy.java:meetCriteria(91)) - Pipeline Placement: Doesn't meet the criteria to be viable node： 1b138595-92e4-4592-9dfc-2bb97fb4c88b Heaviness: 6 limit: 5
2019-09-20 04:49:55,112 [RatisPipelineUtilsThread] INFO  pipeline.PipelinePlacementPolicy (PipelinePlacementPolicy.java:meetCriteria(91)) - Pipeline Placement: Doesn't meet the criteria to be viable node： 6a6ac22f-fdb0-4283-a89a-a8bc92b139ca Heaviness: 6 limit: 5
2019-09-20 04:49:55,112 [RatisPipelineUtilsThread] INFO  pipeline.PipelinePlacementPolicy (PipelinePlacementPolicy.java:meetCriteria(91)) - Pipeline Placement: Doesn't meet the criteria to be viable node： d5424862-00f5-4f26-882d-9249b213a1ef Heaviness: 6 limit: 5
2019-09-20 04:49:55,112 [RatisPipelineUtilsThread] INFO  pipeline.PipelinePlacementPolicy (PipelinePlacementPolicy.java:meetCriteria(91)) - Pipeline Placement: Doesn't meet the criteria to be viable node： 37fe2768-1af7-42e7-8542-10b932802b02 Heaviness: 6 limit: 5
2019-09-20 04:49:55,116 [grpc-default-executor-1] INFO  impl.RaftServerProxy (RaftServerProxy.java:addNew(89)) - db7872a1-bd52-4e68-8953-a9abbb9642a5: addNew group-3BEB43121A60:[db7872a1-bd52-4e68-8953-a9abbb9642a5:192.168.36.79:33028] returns group-3BEB43121A60:java.util.concurrent.CompletableFuture@2bde7247[Not completed]
2019-09-20 04:49:55,117 [pool-379-thread-1] INFO  impl.RaftServerImpl (RaftServerImpl.java:<init>(93)) - db7872a1-bd52-4e68-8953-a9abbb9642a5: new RaftServerImpl for group-3BEB43121A60:[db7872a1-bd52-4e68-8953-a9abbb9642a5:192.168.36.79:33028] with ContainerStateMachine:uninitialized
2019-09-20 04:49:55,117 [pool-379-thread-1] INFO  server.RaftServerConfigKeys (ConfUtils.java:logGet(43)) - raft.server.rpc.timeout.min = 5s (custom)
2019-09-20 04:49:55,117 [pool-379-thread-1] INFO  server.RaftServerConfigKeys (ConfUtils.java:logGet(43)) - raft.server.rpc.timeout.max = 5200ms (custom)
2019-09-20 04:49:55,117 [pool-379-thread-1] INFO  server.RaftServerConfigKeys (ConfUtils.java:logGet(43)) - raft.server.rpcslowness.timeout = 120s (custom)
2019-09-20 04:49:55,117 [pool-379-thread-1] INFO  server.RaftServerConfigKeys (ConfUtils.java:logGet(43)) - raft.server.sleep.deviation.threshold = 300 (default)
2019-09-20 04:49:55,118 [pool-379-thread-1] INFO  server.RaftServerConfigKeys (ConfUtils.java:logGet(43)) - raft.server.log.appender.install.snapshot.enabled = false (custom)
2019-09-20 04:49:55,118 [pool-379-thread-1] INFO  impl.RaftServerImpl (ServerState.java:<init>(105)) - db7872a1-bd52-4e68-8953-a9abbb9642a5:group-3BEB43121A60 ConfigurationManager, init=-1: [db7872a1-bd52-4e68-8953-a9abbb9642a5:192.168.36.79:33028], old=null, confs=<EMPTY_MAP>
2019-09-20 04:49:55,118 [pool-379-thread-1] INFO  server.RaftServerConfigKeys (ConfUtils.java:logGet(43)) - raft.server.storage.dir = [/workdir/hadoop-ozone/integration-test/target/test-dir/MiniOzoneClusterImpl-3cdd9aee-ba37-4d0d-8930-872cb3194007/datanode-6/data/ratis] (custom)
2019-09-20 04:49:55,118 [pool-379-thread-1] INFO  storage.RaftStorageDirectory (RaftStorageDirectory.java:analyzeStorage(246)) - The storage directory /workdir/hadoop-ozone/integration-test/target/test-dir/MiniOzoneClusterImpl-3cdd9aee-ba37-4d0d-8930-872cb3194007/datanode-6/data/ratis/16dad831-1ed5-43bd-9535-3beb43121a60 does not exist. Creating ...
2019-09-20 04:49:55,124 | INFO  | SCMAudit | user=jenkins1000 | ip=192.168.36.79 | op=SEND_HEARTBEAT {datanodeUUID=6a6ac22f-fdb0-4283-a89a-a8bc92b139ca, command=[]} | ret=SUCCESS |  
2019-09-20 04:49:55,138 | INFO  | SCMAudit | user=jenkins1000 | ip=192.168.36.79 | op=SEND_HEARTBEAT {datanodeUUID=c82e94d7-3693-4569-94b0-cf8ff008d5c0, command=[]} | ret=SUCCESS |  
2019-09-20 04:49:55,205 [pool-379-thread-1] INFO  storage.RaftStorageDirectory (RaftStorageDirectory.java:tryLock(328)) - Lock on /workdir/hadoop-ozone/integration-test/target/test-dir/MiniOzoneClusterImpl-3cdd9aee-ba37-4d0d-8930-872cb3194007/datanode-6/data/ratis/16dad831-1ed5-43bd-9535-3beb43121a60/in_use.lock acquired by nodename 9457@pr-hdds-1569-s8kj2-2266485376
2019-09-20 04:49:55,271 [pool-379-thread-1] INFO  storage.RaftStorage (RaftStorage.java:format(72)) - Storage directory /workdir/hadoop-ozone/integration-test/target/test-dir/MiniOzoneClusterImpl-3cdd9aee-ba37-4d0d-8930-872cb3194007/datanode-6/data/ratis/16dad831-1ed5-43bd-9535-3beb43121a60 has been successfully formatted.
2019-09-20 04:49:55,271 [pool-379-thread-1] INFO  ratis.ContainerStateMachine (ContainerStateMachine.java:loadSnapshot(226)) - group-3BEB43121A60: The snapshot info is null. Setting the last applied indexto:(t:0, i:~)
2019-09-20 04:49:55,271 [pool-379-thread-1] INFO  server.RaftServerConfigKeys (ConfUtils.java:logGet(43)) - raft.server.leader.election.timeout = 120s (custom)
2019-09-20 04:49:55,271 [pool-379-thread-1] INFO  server.RaftServerConfigKeys (ConfUtils.java:logGet(43)) - raft.server.log.use.memory = false (default)
2019-09-20 04:49:55,272 [pool-379-thread-1] INFO  server.RaftServerConfigKeys (ConfUtils.java:logGet(43)) - raft.server.log.purge.gap = 1000000 (custom)
2019-09-20 04:49:55,272 [pool-379-thread-1] INFO  server.RaftServerConfigKeys (ConfUtils.java:logGet(43)) - raft.server.log.appender.buffer.byte-limit = 33554432 (custom)
2019-09-20 04:49:55,272 [pool-379-thread-1] INFO  server.RaftServerConfigKeys (ConfUtils.java:logGet(43)) - raft.server.log.segment.size.max = 1048576 (custom)
2019-09-20 04:49:55,272 [pool-379-thread-1] INFO  server.RaftServerConfigKeys (ConfUtils.java:logGet(43)) - raft.server.log.segment.cache.num.max = 2 (custom)
2019-09-20 04:49:55,272 [pool-379-thread-1] INFO  segmented.SegmentedRaftLogWorker (SegmentedRaftLogWorker.java:<init>(172)) - new db7872a1-bd52-4e68-8953-a9abbb9642a5-SegmentedRaftLogWorker:Storage Directory /workdir/hadoop-ozone/integration-test/target/test-dir/MiniOzoneClusterImpl-3cdd9aee-ba37-4d0d-8930-872cb3194007/datanode-6/data/ratis/16dad831-1ed5-43bd-9535-3beb43121a60 for RaftStorage:Storage Directory /workdir/hadoop-ozone/integration-test/target/test-dir/MiniOzoneClusterImpl-3cdd9aee-ba37-4d0d-8930-872cb3194007/datanode-6/data/ratis/16dad831-1ed5-43bd-9535-3beb43121a60
2019-09-20 04:49:55,272 [pool-379-thread-1] INFO  server.RaftServerConfigKeys (ConfUtils.java:logGet(43)) - raft.server.log.queue.byte-limit = 2147483647 (custom)
2019-09-20 04:49:55,273 [pool-379-thread-1] INFO  server.RaftServerConfigKeys (ConfUtils.java:logGet(43)) - raft.server.log.queue.element-limit = 1024 (custom)
2019-09-20 04:49:55,273 [pool-379-thread-1] INFO  server.RaftServerConfigKeys (ConfUtils.java:logGet(43)) - raft.server.log.segment.size.max = 1048576 (custom)
2019-09-20 04:49:55,273 [pool-379-thread-1] INFO  server.RaftServerConfigKeys (ConfUtils.java:logGet(43)) - raft.server.log.preallocated.size = 16384 (custom)
2019-09-20 04:49:55,273 [pool-379-thread-1] INFO  server.RaftServerConfigKeys (ConfUtils.java:logGet(43)) - raft.server.log.write.buffer.size = 33554432 (custom)
2019-09-20 04:49:55,273 [pool-379-thread-1] INFO  server.RaftServerConfigKeys (ConfUtils.java:logGet(43)) - raft.server.log.force.sync.num = 128 (default)
2019-09-20 04:49:55,273 [pool-379-thread-1] INFO  server.RaftServerConfigKeys (ConfUtils.java:logGet(43)) - raft.server.log.statemachine.data.sync = true (default)
2019-09-20 04:49:55,273 [pool-379-thread-1] INFO  server.RaftServerConfigKeys (ConfUtils.java:logGet(43)) - raft.server.log.statemachine.data.sync.timeout = 10s (default)
2019-09-20 04:49:55,274 [pool-379-thread-1] INFO  server.RaftServerConfigKeys (ConfUtils.java:logGet(43)) - raft.server.log.statemachine.data.sync.timeout.retry = -1 (default)
2019-09-20 04:49:55,274 [pool-379-thread-1] INFO  server.RaftServerConfigKeys (ConfUtils.java:logGet(43)) - raft.server.log.statemachine.data.caching.enabled = true (custom)
2019-09-20 04:49:55,274 [pool-379-thread-1] INFO  segmented.SegmentedRaftLogWorker (SegmentedRaftLogWorker.java:lambda$new$0(132)) - db7872a1-bd52-4e68-8953-a9abbb9642a5-SegmentedRaftLogWorker:Storage Directory /workdir/hadoop-ozone/integration-test/target/test-dir/MiniOzoneClusterImpl-3cdd9aee-ba37-4d0d-8930-872cb3194007/datanode-6/data/ratis/16dad831-1ed5-43bd-9535-3beb43121a60: flushIndex: setUnconditionally 0 -> -1
2019-09-20 04:49:55,274 [pool-379-thread-1] INFO  server.RaftServerConfigKeys (ConfUtils.java:logGet(43)) - raft.server.snapshot.auto.trigger.enabled = true (custom)
2019-09-20 04:49:55,275 [pool-379-thread-1] INFO  server.RaftServerConfigKeys (ConfUtils.java:logGet(43)) - raft.server.snapshot.auto.trigger.threshold = 10000 (custom)
2019-09-20 04:49:55,275 [pool-379-thread-1] INFO  server.RaftServerConfigKeys (ConfUtils.java:logGet(43)) - raft.server.retrycache.expirytime = 600000ms (custom)
2019-09-20 04:49:55,275 [pool-379-thread-1] INFO  impl.RaftServerImpl (RaftServerImpl.java:start(180)) - db7872a1-bd52-4e68-8953-a9abbb9642a5: start group-3BEB43121A60
2019-09-20 04:49:55,275 [pool-379-thread-1] INFO  impl.RaftServerImpl (RaftServerImpl.java:setRole(171)) - db7872a1-bd52-4e68-8953-a9abbb9642a5:group-3BEB43121A60 changes role from null to FOLLOWER at term 0 for startAsFollower
2019-09-20 04:49:55,275 [pool-379-thread-1] INFO  impl.RoleInfo (RoleInfo.java:updateAndGet(143)) - db7872a1-bd52-4e68-8953-a9abbb9642a5: start FollowerState
2019-09-20 04:49:55,275 [pool-379-thread-1] INFO  util.JmxRegister (JmxRegister.java:tryRegister(44)) - Successfully registered JMX Bean with object name Ratis:service=RaftServer,group=group-3BEB43121A60,id=db7872a1-bd52-4e68-8953-a9abbb9642a5
2019-09-20 04:49:55,278 [RatisPipelineUtilsThread] INFO  pipeline.PipelineStateManager (PipelineStateManager.java:addPipeline(56)) - Created pipeline Pipeline[ Id: 16dad831-1ed5-43bd-9535-3beb43121a60, Nodes: db7872a1-bd52-4e68-8953-a9abbb9642a5{ip: 192.168.36.79, host: pr-hdds-1569-s8kj2-2266485376, networkLocation: /default-rack, certSerialId: null}, Type:RATIS, Factor:ONE, State:OPEN]
2019-09-20 04:49:55,278 [RatisPipelineUtilsThread] INFO  pipeline.PipelinePlacementPolicy (PipelinePlacementPolicy.java:meetCriteria(91)) - Pipeline Placement: Doesn't meet the criteria to be viable node： c9787825-ea51-4014-8feb-b4ee136c6b23 Heaviness: 6 limit: 5
2019-09-20 04:49:55,278 [RatisPipelineUtilsThread] INFO  pipeline.PipelinePlacementPolicy (PipelinePlacementPolicy.java:meetCriteria(91)) - Pipeline Placement: Doesn't meet the criteria to be viable node： c82e94d7-3693-4569-94b0-cf8ff008d5c0 Heaviness: 6 limit: 5
2019-09-20 04:49:55,278 [RatisPipelineUtilsThread] INFO  pipeline.PipelinePlacementPolicy (PipelinePlacementPolicy.java:meetCriteria(91)) - Pipeline Placement: Doesn't meet the criteria to be viable node： 1b138595-92e4-4592-9dfc-2bb97fb4c88b Heaviness: 6 limit: 5
2019-09-20 04:49:55,279 [RatisPipelineUtilsThread] INFO  pipeline.PipelinePlacementPolicy (PipelinePlacementPolicy.java:meetCriteria(91)) - Pipeline Placement: Doesn't meet the criteria to be viable node： 6a6ac22f-fdb0-4283-a89a-a8bc92b139ca Heaviness: 6 limit: 5
2019-09-20 04:49:55,279 [RatisPipelineUtilsThread] INFO  pipeline.PipelinePlacementPolicy (PipelinePlacementPolicy.java:meetCriteria(91)) - Pipeline Placement: Doesn't meet the criteria to be viable node： d5424862-00f5-4f26-882d-9249b213a1ef Heaviness: 6 limit: 5
2019-09-20 04:49:55,279 [RatisPipelineUtilsThread] INFO  pipeline.PipelinePlacementPolicy (PipelinePlacementPolicy.java:meetCriteria(91)) - Pipeline Placement: Doesn't meet the criteria to be viable node： 37fe2768-1af7-42e7-8542-10b932802b02 Heaviness: 6 limit: 5
2019-09-20 04:49:55,284 [grpc-default-executor-1] INFO  impl.RaftServerProxy (RaftServerProxy.java:addNew(89)) - db7872a1-bd52-4e68-8953-a9abbb9642a5: addNew group-A8D7CA26A752:[db7872a1-bd52-4e68-8953-a9abbb9642a5:192.168.36.79:33028] returns group-A8D7CA26A752:java.util.concurrent.CompletableFuture@24ebcef1[Not completed]
2019-09-20 04:49:55,285 [pool-379-thread-1] INFO  impl.RaftServerImpl (RaftServerImpl.java:<init>(93)) - db7872a1-bd52-4e68-8953-a9abbb9642a5: new RaftServerImpl for group-A8D7CA26A752:[db7872a1-bd52-4e68-8953-a9abbb9642a5:192.168.36.79:33028] with ContainerStateMachine:uninitialized
2019-09-20 04:49:55,285 [pool-379-thread-1] INFO  server.RaftServerConfigKeys (ConfUtils.java:logGet(43)) - raft.server.rpc.timeout.min = 5s (custom)
2019-09-20 04:49:55,285 [pool-379-thread-1] INFO  server.RaftServerConfigKeys (ConfUtils.java:logGet(43)) - raft.server.rpc.timeout.max = 5200ms (custom)
2019-09-20 04:49:55,285 [pool-379-thread-1] INFO  server.RaftServerConfigKeys (ConfUtils.java:logGet(43)) - raft.server.rpcslowness.timeout = 120s (custom)
2019-09-20 04:49:55,285 [pool-379-thread-1] INFO  server.RaftServerConfigKeys (ConfUtils.java:logGet(43)) - raft.server.sleep.deviation.threshold = 300 (default)
2019-09-20 04:49:55,285 [pool-379-thread-1] INFO  server.RaftServerConfigKeys (ConfUtils.java:logGet(43)) - raft.server.log.appender.install.snapshot.enabled = false (custom)
2019-09-20 04:49:55,285 [pool-379-thread-1] INFO  impl.RaftServerImpl (ServerState.java:<init>(105)) - db7872a1-bd52-4e68-8953-a9abbb9642a5:group-A8D7CA26A752 ConfigurationManager, init=-1: [db7872a1-bd52-4e68-8953-a9abbb9642a5:192.168.36.79:33028], old=null, confs=<EMPTY_MAP>
2019-09-20 04:49:55,286 [pool-379-thread-1] INFO  server.RaftServerConfigKeys (ConfUtils.java:logGet(43)) - raft.server.storage.dir = [/workdir/hadoop-ozone/integration-test/target/test-dir/MiniOzoneClusterImpl-3cdd9aee-ba37-4d0d-8930-872cb3194007/datanode-6/data/ratis] (custom)
2019-09-20 04:49:55,286 [pool-379-thread-1] INFO  storage.RaftStorageDirectory (RaftStorageDirectory.java:analyzeStorage(246)) - The storage directory /workdir/hadoop-ozone/integration-test/target/test-dir/MiniOzoneClusterImpl-3cdd9aee-ba37-4d0d-8930-872cb3194007/datanode-6/data/ratis/5f18714c-415f-41cc-9679-a8d7ca26a752 does not exist. Creating ...
2019-09-20 04:49:55,322 [pool-379-thread-1] INFO  storage.RaftStorageDirectory (RaftStorageDirectory.java:tryLock(328)) - Lock on /workdir/hadoop-ozone/integration-test/target/test-dir/MiniOzoneClusterImpl-3cdd9aee-ba37-4d0d-8930-872cb3194007/datanode-6/data/ratis/5f18714c-415f-41cc-9679-a8d7ca26a752/in_use.lock acquired by nodename 9457@pr-hdds-1569-s8kj2-2266485376
2019-09-20 04:49:55,357 [pool-379-thread-1] INFO  storage.RaftStorage (RaftStorage.java:format(72)) - Storage directory /workdir/hadoop-ozone/integration-test/target/test-dir/MiniOzoneClusterImpl-3cdd9aee-ba37-4d0d-8930-872cb3194007/datanode-6/data/ratis/5f18714c-415f-41cc-9679-a8d7ca26a752 has been successfully formatted.
2019-09-20 04:49:55,358 [pool-379-thread-1] INFO  ratis.ContainerStateMachine (ContainerStateMachine.java:loadSnapshot(226)) - group-A8D7CA26A752: The snapshot info is null. Setting the last applied indexto:(t:0, i:~)
2019-09-20 04:49:55,358 [pool-379-thread-1] INFO  server.RaftServerConfigKeys (ConfUtils.java:logGet(43)) - raft.server.leader.election.timeout = 120s (custom)
2019-09-20 04:49:55,358 [pool-379-thread-1] INFO  server.RaftServerConfigKeys (ConfUtils.java:logGet(43)) - raft.server.log.use.memory = false (default)
2019-09-20 04:49:55,358 [pool-379-thread-1] INFO  server.RaftServerConfigKeys (ConfUtils.java:logGet(43)) - raft.server.log.purge.gap = 1000000 (custom)
2019-09-20 04:49:55,358 [pool-379-thread-1] INFO  server.RaftServerConfigKeys (ConfUtils.java:logGet(43)) - raft.server.log.appender.buffer.byte-limit = 33554432 (custom)
2019-09-20 04:49:55,358 [pool-379-thread-1] INFO  server.RaftServerConfigKeys (ConfUtils.java:logGet(43)) - raft.server.log.segment.size.max = 1048576 (custom)
2019-09-20 04:49:55,358 [pool-379-thread-1] INFO  server.RaftServerConfigKeys (ConfUtils.java:logGet(43)) - raft.server.log.segment.cache.num.max = 2 (custom)
2019-09-20 04:49:55,359 [pool-379-thread-1] INFO  segmented.SegmentedRaftLogWorker (SegmentedRaftLogWorker.java:<init>(172)) - new db7872a1-bd52-4e68-8953-a9abbb9642a5-SegmentedRaftLogWorker:Storage Directory /workdir/hadoop-ozone/integration-test/target/test-dir/MiniOzoneClusterImpl-3cdd9aee-ba37-4d0d-8930-872cb3194007/datanode-6/data/ratis/5f18714c-415f-41cc-9679-a8d7ca26a752 for RaftStorage:Storage Directory /workdir/hadoop-ozone/integration-test/target/test-dir/MiniOzoneClusterImpl-3cdd9aee-ba37-4d0d-8930-872cb3194007/datanode-6/data/ratis/5f18714c-415f-41cc-9679-a8d7ca26a752
2019-09-20 04:49:55,359 [pool-379-thread-1] INFO  server.RaftServerConfigKeys (ConfUtils.java:logGet(43)) - raft.server.log.queue.byte-limit = 2147483647 (custom)
2019-09-20 04:49:55,359 [pool-379-thread-1] INFO  server.RaftServerConfigKeys (ConfUtils.java:logGet(43)) - raft.server.log.queue.element-limit = 1024 (custom)
2019-09-20 04:49:55,359 [pool-379-thread-1] INFO  server.RaftServerConfigKeys (ConfUtils.java:logGet(43)) - raft.server.log.segment.size.max = 1048576 (custom)
2019-09-20 04:49:55,359 [pool-379-thread-1] INFO  server.RaftServerConfigKeys (ConfUtils.java:logGet(43)) - raft.server.log.preallocated.size = 16384 (custom)
2019-09-20 04:49:55,359 [pool-379-thread-1] INFO  server.RaftServerConfigKeys (ConfUtils.java:logGet(43)) - raft.server.log.write.buffer.size = 33554432 (custom)
2019-09-20 04:49:55,359 [pool-379-thread-1] INFO  server.RaftServerConfigKeys (ConfUtils.java:logGet(43)) - raft.server.log.force.sync.num = 128 (default)
2019-09-20 04:49:55,360 [pool-379-thread-1] INFO  server.RaftServerConfigKeys (ConfUtils.java:logGet(43)) - raft.server.log.statemachine.data.sync = true (default)
2019-09-20 04:49:55,360 [pool-379-thread-1] INFO  server.RaftServerConfigKeys (ConfUtils.java:logGet(43)) - raft.server.log.statemachine.data.sync.timeout = 10s (default)
2019-09-20 04:49:55,360 [pool-379-thread-1] INFO  server.RaftServerConfigKeys (ConfUtils.java:logGet(43)) - raft.server.log.statemachine.data.sync.timeout.retry = -1 (default)
2019-09-20 04:49:55,360 [pool-379-thread-1] INFO  server.RaftServerConfigKeys (ConfUtils.java:logGet(43)) - raft.server.log.statemachine.data.caching.enabled = true (custom)
2019-09-20 04:49:55,360 [pool-379-thread-1] INFO  segmented.SegmentedRaftLogWorker (SegmentedRaftLogWorker.java:lambda$new$0(132)) - db7872a1-bd52-4e68-8953-a9abbb9642a5-SegmentedRaftLogWorker:Storage Directory /workdir/hadoop-ozone/integration-test/target/test-dir/MiniOzoneClusterImpl-3cdd9aee-ba37-4d0d-8930-872cb3194007/datanode-6/data/ratis/5f18714c-415f-41cc-9679-a8d7ca26a752: flushIndex: setUnconditionally 0 -> -1
2019-09-20 04:49:55,361 [pool-379-thread-1] INFO  server.RaftServerConfigKeys (ConfUtils.java:logGet(43)) - raft.server.snapshot.auto.trigger.enabled = true (custom)
2019-09-20 04:49:55,361 [pool-379-thread-1] INFO  server.RaftServerConfigKeys (ConfUtils.java:logGet(43)) - raft.server.snapshot.auto.trigger.threshold = 10000 (custom)
2019-09-20 04:49:55,361 [pool-379-thread-1] INFO  server.RaftServerConfigKeys (ConfUtils.java:logGet(43)) - raft.server.retrycache.expirytime = 600000ms (custom)
2019-09-20 04:49:55,361 [pool-379-thread-1] INFO  impl.RaftServerImpl (RaftServerImpl.java:start(180)) - db7872a1-bd52-4e68-8953-a9abbb9642a5: start group-A8D7CA26A752
2019-09-20 04:49:55,361 [pool-379-thread-1] INFO  impl.RaftServerImpl (RaftServerImpl.java:setRole(171)) - db7872a1-bd52-4e68-8953-a9abbb9642a5:group-A8D7CA26A752 changes role from null to FOLLOWER at term 0 for startAsFollower
2019-09-20 04:49:55,361 [pool-379-thread-1] INFO  impl.RoleInfo (RoleInfo.java:updateAndGet(143)) - db7872a1-bd52-4e68-8953-a9abbb9642a5: start FollowerState
2019-09-20 04:49:55,362 [pool-379-thread-1] INFO  util.JmxRegister (JmxRegister.java:tryRegister(44)) - Successfully registered JMX Bean with object name Ratis:service=RaftServer,group=group-A8D7CA26A752,id=db7872a1-bd52-4e68-8953-a9abbb9642a5
2019-09-20 04:49:55,364 [RatisPipelineUtilsThread] INFO  pipeline.PipelineStateManager (PipelineStateManager.java:addPipeline(56)) - Created pipeline Pipeline[ Id: 5f18714c-415f-41cc-9679-a8d7ca26a752, Nodes: db7872a1-bd52-4e68-8953-a9abbb9642a5{ip: 192.168.36.79, host: pr-hdds-1569-s8kj2-2266485376, networkLocation: /default-rack, certSerialId: null}, Type:RATIS, Factor:ONE, State:OPEN]
2019-09-20 04:49:55,364 [RatisPipelineUtilsThread] INFO  pipeline.PipelinePlacementPolicy (PipelinePlacementPolicy.java:meetCriteria(91)) - Pipeline Placement: Doesn't meet the criteria to be viable node： c9787825-ea51-4014-8feb-b4ee136c6b23 Heaviness: 6 limit: 5
2019-09-20 04:49:55,365 [RatisPipelineUtilsThread] INFO  pipeline.PipelinePlacementPolicy (PipelinePlacementPolicy.java:meetCriteria(91)) - Pipeline Placement: Doesn't meet the criteria to be viable node： c82e94d7-3693-4569-94b0-cf8ff008d5c0 Heaviness: 6 limit: 5
2019-09-20 04:49:55,365 [RatisPipelineUtilsThread] INFO  pipeline.PipelinePlacementPolicy (PipelinePlacementPolicy.java:meetCriteria(91)) - Pipeline Placement: Doesn't meet the criteria to be viable node： 1b138595-92e4-4592-9dfc-2bb97fb4c88b Heaviness: 6 limit: 5
2019-09-20 04:49:55,365 [RatisPipelineUtilsThread] INFO  pipeline.PipelinePlacementPolicy (PipelinePlacementPolicy.java:meetCriteria(91)) - Pipeline Placement: Doesn't meet the criteria to be viable node： 6a6ac22f-fdb0-4283-a89a-a8bc92b139ca Heaviness: 6 limit: 5
2019-09-20 04:49:55,365 [RatisPipelineUtilsThread] INFO  pipeline.PipelinePlacementPolicy (PipelinePlacementPolicy.java:meetCriteria(91)) - Pipeline Placement: Doesn't meet the criteria to be viable node： d5424862-00f5-4f26-882d-9249b213a1ef Heaviness: 6 limit: 5
2019-09-20 04:49:55,366 [RatisPipelineUtilsThread] INFO  pipeline.PipelinePlacementPolicy (PipelinePlacementPolicy.java:meetCriteria(91)) - Pipeline Placement: Doesn't meet the criteria to be viable node： 37fe2768-1af7-42e7-8542-10b932802b02 Heaviness: 6 limit: 5
2019-09-20 04:49:55,370 [grpc-default-executor-1] INFO  impl.RaftServerProxy (RaftServerProxy.java:addNew(89)) - db7872a1-bd52-4e68-8953-a9abbb9642a5: addNew group-0963AE15E81A:[db7872a1-bd52-4e68-8953-a9abbb9642a5:192.168.36.79:33028] returns group-0963AE15E81A:java.util.concurrent.CompletableFuture@27d0dcfc[Not completed]
2019-09-20 04:49:55,371 [pool-379-thread-1] INFO  impl.RaftServerImpl (RaftServerImpl.java:<init>(93)) - db7872a1-bd52-4e68-8953-a9abbb9642a5: new RaftServerImpl for group-0963AE15E81A:[db7872a1-bd52-4e68-8953-a9abbb9642a5:192.168.36.79:33028] with ContainerStateMachine:uninitialized
2019-09-20 04:49:55,371 [pool-379-thread-1] INFO  server.RaftServerConfigKeys (ConfUtils.java:logGet(43)) - raft.server.rpc.timeout.min = 5s (custom)
2019-09-20 04:49:55,371 [pool-379-thread-1] INFO  server.RaftServerConfigKeys (ConfUtils.java:logGet(43)) - raft.server.rpc.timeout.max = 5200ms (custom)
2019-09-20 04:49:55,371 [pool-379-thread-1] INFO  server.RaftServerConfigKeys (ConfUtils.java:logGet(43)) - raft.server.rpcslowness.timeout = 120s (custom)
2019-09-20 04:49:55,372 [pool-379-thread-1] INFO  server.RaftServerConfigKeys (ConfUtils.java:logGet(43)) - raft.server.sleep.deviation.threshold = 300 (default)
2019-09-20 04:49:55,372 [pool-379-thread-1] INFO  server.RaftServerConfigKeys (ConfUtils.java:logGet(43)) - raft.server.log.appender.install.snapshot.enabled = false (custom)
2019-09-20 04:49:55,372 [pool-379-thread-1] INFO  impl.RaftServerImpl (ServerState.java:<init>(105)) - db7872a1-bd52-4e68-8953-a9abbb9642a5:group-0963AE15E81A ConfigurationManager, init=-1: [db7872a1-bd52-4e68-8953-a9abbb9642a5:192.168.36.79:33028], old=null, confs=<EMPTY_MAP>
2019-09-20 04:49:55,372 [pool-379-thread-1] INFO  server.RaftServerConfigKeys (ConfUtils.java:logGet(43)) - raft.server.storage.dir = [/workdir/hadoop-ozone/integration-test/target/test-dir/MiniOzoneClusterImpl-3cdd9aee-ba37-4d0d-8930-872cb3194007/datanode-6/data/ratis] (custom)
2019-09-20 04:49:55,373 [pool-379-thread-1] INFO  storage.RaftStorageDirectory (RaftStorageDirectory.java:analyzeStorage(246)) - The storage directory /workdir/hadoop-ozone/integration-test/target/test-dir/MiniOzoneClusterImpl-3cdd9aee-ba37-4d0d-8930-872cb3194007/datanode-6/data/ratis/6d60c835-e7e6-42a6-86da-0963ae15e81a does not exist. Creating ...
2019-09-20 04:49:55,404 [pool-379-thread-1] INFO  storage.RaftStorageDirectory (RaftStorageDirectory.java:tryLock(328)) - Lock on /workdir/hadoop-ozone/integration-test/target/test-dir/MiniOzoneClusterImpl-3cdd9aee-ba37-4d0d-8930-872cb3194007/datanode-6/data/ratis/6d60c835-e7e6-42a6-86da-0963ae15e81a/in_use.lock acquired by nodename 9457@pr-hdds-1569-s8kj2-2266485376
2019-09-20 04:49:55,497 | INFO  | SCMAudit | user=jenkins1000 | ip=192.168.36.79 | op=SEND_HEARTBEAT {datanodeUUID=1b138595-92e4-4592-9dfc-2bb97fb4c88b, command=[]} | ret=SUCCESS |  
2019-09-20 04:49:55,544 [pool-379-thread-1] INFO  storage.RaftStorage (RaftStorage.java:format(72)) - Storage directory /workdir/hadoop-ozone/integration-test/target/test-dir/MiniOzoneClusterImpl-3cdd9aee-ba37-4d0d-8930-872cb3194007/datanode-6/data/ratis/6d60c835-e7e6-42a6-86da-0963ae15e81a has been successfully formatted.
2019-09-20 04:49:55,544 [pool-379-thread-1] INFO  ratis.ContainerStateMachine (ContainerStateMachine.java:loadSnapshot(226)) - group-0963AE15E81A: The snapshot info is null. Setting the last applied indexto:(t:0, i:~)
2019-09-20 04:49:55,544 [pool-379-thread-1] INFO  server.RaftServerConfigKeys (ConfUtils.java:logGet(43)) - raft.server.leader.election.timeout = 120s (custom)
2019-09-20 04:49:55,544 [pool-379-thread-1] INFO  server.RaftServerConfigKeys (ConfUtils.java:logGet(43)) - raft.server.log.use.memory = false (default)
2019-09-20 04:49:55,544 [pool-379-thread-1] INFO  server.RaftServerConfigKeys (ConfUtils.java:logGet(43)) - raft.server.log.purge.gap = 1000000 (custom)
2019-09-20 04:49:55,545 [pool-379-thread-1] INFO  server.RaftServerConfigKeys (ConfUtils.java:logGet(43)) - raft.server.log.appender.buffer.byte-limit = 33554432 (custom)
2019-09-20 04:49:55,545 [pool-379-thread-1] INFO  server.RaftServerConfigKeys (ConfUtils.java:logGet(43)) - raft.server.log.segment.size.max = 1048576 (custom)
2019-09-20 04:49:55,545 [pool-379-thread-1] INFO  server.RaftServerConfigKeys (ConfUtils.java:logGet(43)) - raft.server.log.segment.cache.num.max = 2 (custom)
2019-09-20 04:49:55,545 [pool-379-thread-1] INFO  segmented.SegmentedRaftLogWorker (SegmentedRaftLogWorker.java:<init>(172)) - new db7872a1-bd52-4e68-8953-a9abbb9642a5-SegmentedRaftLogWorker:Storage Directory /workdir/hadoop-ozone/integration-test/target/test-dir/MiniOzoneClusterImpl-3cdd9aee-ba37-4d0d-8930-872cb3194007/datanode-6/data/ratis/6d60c835-e7e6-42a6-86da-0963ae15e81a for RaftStorage:Storage Directory /workdir/hadoop-ozone/integration-test/target/test-dir/MiniOzoneClusterImpl-3cdd9aee-ba37-4d0d-8930-872cb3194007/datanode-6/data/ratis/6d60c835-e7e6-42a6-86da-0963ae15e81a
2019-09-20 04:49:55,545 [pool-379-thread-1] INFO  server.RaftServerConfigKeys (ConfUtils.java:logGet(43)) - raft.server.log.queue.byte-limit = 2147483647 (custom)
2019-09-20 04:49:55,545 [pool-379-thread-1] INFO  server.RaftServerConfigKeys (ConfUtils.java:logGet(43)) - raft.server.log.queue.element-limit = 1024 (custom)
2019-09-20 04:49:55,545 [pool-379-thread-1] INFO  server.RaftServerConfigKeys (ConfUtils.java:logGet(43)) - raft.server.log.segment.size.max = 1048576 (custom)
2019-09-20 04:49:55,546 [pool-379-thread-1] INFO  server.RaftServerConfigKeys (ConfUtils.java:logGet(43)) - raft.server.log.preallocated.size = 16384 (custom)
2019-09-20 04:49:55,546 [pool-379-thread-1] INFO  server.RaftServerConfigKeys (ConfUtils.java:logGet(43)) - raft.server.log.write.buffer.size = 33554432 (custom)
2019-09-20 04:49:55,546 [pool-379-thread-1] INFO  server.RaftServerConfigKeys (ConfUtils.java:logGet(43)) - raft.server.log.force.sync.num = 128 (default)
2019-09-20 04:49:55,546 [pool-379-thread-1] INFO  server.RaftServerConfigKeys (ConfUtils.java:logGet(43)) - raft.server.log.statemachine.data.sync = true (default)
2019-09-20 04:49:55,546 [pool-379-thread-1] INFO  server.RaftServerConfigKeys (ConfUtils.java:logGet(43)) - raft.server.log.statemachine.data.sync.timeout = 10s (default)
2019-09-20 04:49:55,546 [pool-379-thread-1] INFO  server.RaftServerConfigKeys (ConfUtils.java:logGet(43)) - raft.server.log.statemachine.data.sync.timeout.retry = -1 (default)
2019-09-20 04:49:55,546 [pool-379-thread-1] INFO  server.RaftServerConfigKeys (ConfUtils.java:logGet(43)) - raft.server.log.statemachine.data.caching.enabled = true (custom)
2019-09-20 04:49:55,547 [pool-379-thread-1] INFO  segmented.SegmentedRaftLogWorker (SegmentedRaftLogWorker.java:lambda$new$0(132)) - db7872a1-bd52-4e68-8953-a9abbb9642a5-SegmentedRaftLogWorker:Storage Directory /workdir/hadoop-ozone/integration-test/target/test-dir/MiniOzoneClusterImpl-3cdd9aee-ba37-4d0d-8930-872cb3194007/datanode-6/data/ratis/6d60c835-e7e6-42a6-86da-0963ae15e81a: flushIndex: setUnconditionally 0 -> -1
2019-09-20 04:49:55,547 [pool-379-thread-1] INFO  server.RaftServerConfigKeys (ConfUtils.java:logGet(43)) - raft.server.snapshot.auto.trigger.enabled = true (custom)
2019-09-20 04:49:55,547 [pool-379-thread-1] INFO  server.RaftServerConfigKeys (ConfUtils.java:logGet(43)) - raft.server.snapshot.auto.trigger.threshold = 10000 (custom)
2019-09-20 04:49:55,547 [pool-379-thread-1] INFO  server.RaftServerConfigKeys (ConfUtils.java:logGet(43)) - raft.server.retrycache.expirytime = 600000ms (custom)
2019-09-20 04:49:55,548 [pool-379-thread-1] INFO  impl.RaftServerImpl (RaftServerImpl.java:start(180)) - db7872a1-bd52-4e68-8953-a9abbb9642a5: start group-0963AE15E81A
2019-09-20 04:49:55,548 [pool-379-thread-1] INFO  impl.RaftServerImpl (RaftServerImpl.java:setRole(171)) - db7872a1-bd52-4e68-8953-a9abbb9642a5:group-0963AE15E81A changes role from null to FOLLOWER at term 0 for startAsFollower
2019-09-20 04:49:55,548 [pool-379-thread-1] INFO  impl.RoleInfo (RoleInfo.java:updateAndGet(143)) - db7872a1-bd52-4e68-8953-a9abbb9642a5: start FollowerState
2019-09-20 04:49:55,548 [pool-379-thread-1] INFO  util.JmxRegister (JmxRegister.java:tryRegister(44)) - Successfully registered JMX Bean with object name Ratis:service=RaftServer,group=group-0963AE15E81A,id=db7872a1-bd52-4e68-8953-a9abbb9642a5
2019-09-20 04:49:55,551 [RatisPipelineUtilsThread] INFO  pipeline.PipelineStateManager (PipelineStateManager.java:addPipeline(56)) - Created pipeline Pipeline[ Id: 6d60c835-e7e6-42a6-86da-0963ae15e81a, Nodes: db7872a1-bd52-4e68-8953-a9abbb9642a5{ip: 192.168.36.79, host: pr-hdds-1569-s8kj2-2266485376, networkLocation: /default-rack, certSerialId: null}, Type:RATIS, Factor:ONE, State:OPEN]
2019-09-20 04:49:55,552 [RatisPipelineUtilsThread] INFO  pipeline.PipelinePlacementPolicy (PipelinePlacementPolicy.java:meetCriteria(91)) - Pipeline Placement: Doesn't meet the criteria to be viable node： c9787825-ea51-4014-8feb-b4ee136c6b23 Heaviness: 6 limit: 5
2019-09-20 04:49:55,552 [RatisPipelineUtilsThread] INFO  pipeline.PipelinePlacementPolicy (PipelinePlacementPolicy.java:meetCriteria(91)) - Pipeline Placement: Doesn't meet the criteria to be viable node： c82e94d7-3693-4569-94b0-cf8ff008d5c0 Heaviness: 6 limit: 5
2019-09-20 04:49:55,552 [RatisPipelineUtilsThread] INFO  pipeline.PipelinePlacementPolicy (PipelinePlacementPolicy.java:meetCriteria(91)) - Pipeline Placement: Doesn't meet the criteria to be viable node： db7872a1-bd52-4e68-8953-a9abbb9642a5 Heaviness: 6 limit: 5
2019-09-20 04:49:55,552 [RatisPipelineUtilsThread] INFO  pipeline.PipelinePlacementPolicy (PipelinePlacementPolicy.java:meetCriteria(91)) - Pipeline Placement: Doesn't meet the criteria to be viable node： 1b138595-92e4-4592-9dfc-2bb97fb4c88b Heaviness: 6 limit: 5
2019-09-20 04:49:55,552 [RatisPipelineUtilsThread] INFO  pipeline.PipelinePlacementPolicy (PipelinePlacementPolicy.java:meetCriteria(91)) - Pipeline Placement: Doesn't meet the criteria to be viable node： 6a6ac22f-fdb0-4283-a89a-a8bc92b139ca Heaviness: 6 limit: 5
2019-09-20 04:49:55,552 [RatisPipelineUtilsThread] INFO  pipeline.PipelinePlacementPolicy (PipelinePlacementPolicy.java:meetCriteria(91)) - Pipeline Placement: Doesn't meet the criteria to be viable node： d5424862-00f5-4f26-882d-9249b213a1ef Heaviness: 6 limit: 5
2019-09-20 04:49:55,552 [RatisPipelineUtilsThread] INFO  pipeline.PipelinePlacementPolicy (PipelinePlacementPolicy.java:meetCriteria(91)) - Pipeline Placement: Doesn't meet the criteria to be viable node： 37fe2768-1af7-42e7-8542-10b932802b02 Heaviness: 6 limit: 5
2019-09-20 04:49:55,553 [RatisPipelineUtilsThread] ERROR pipeline.PipelinePlacementPolicy (PipelinePlacementPolicy.java:filterViableNodes(148)) - Unable to find enough nodes that meet the criteria that cannot engage in more than 5 pipelines. Nodes required: 1 Found: 0, healthy nodes count inNodeManager: 7.
2019-09-20 04:49:55,553 [RatisPipelineUtilsThread] ERROR pipeline.SCMPipelineManager (SCMPipelineManager.java:createPipeline(161)) - Pipeline creation failed due to exception: Unable to find enough nodes that meet the criteria that cannot engage in more than 5 pipelines. Nodes required: 1 Found: 0, healthy nodes count inNodeManager: 7.
2019-09-20 04:49:55,553 [RatisPipelineUtilsThread] INFO  pipeline.PipelinePlacementPolicy (PipelinePlacementPolicy.java:meetCriteria(91)) - Pipeline Placement: Doesn't meet the criteria to be viable node： c9787825-ea51-4014-8feb-b4ee136c6b23 Heaviness: 6 limit: 5
2019-09-20 04:49:55,553 [RatisPipelineUtilsThread] INFO  pipeline.PipelinePlacementPolicy (PipelinePlacementPolicy.java:meetCriteria(91)) - Pipeline Placement: Doesn't meet the criteria to be viable node： c82e94d7-3693-4569-94b0-cf8ff008d5c0 Heaviness: 6 limit: 5
2019-09-20 04:49:55,553 [RatisPipelineUtilsThread] INFO  pipeline.PipelinePlacementPolicy (PipelinePlacementPolicy.java:meetCriteria(91)) - Pipeline Placement: Doesn't meet the criteria to be viable node： db7872a1-bd52-4e68-8953-a9abbb9642a5 Heaviness: 6 limit: 5
2019-09-20 04:49:55,553 [RatisPipelineUtilsThread] INFO  pipeline.PipelinePlacementPolicy (PipelinePlacementPolicy.java:meetCriteria(91)) - Pipeline Placement: Doesn't meet the criteria to be viable node： 1b138595-92e4-4592-9dfc-2bb97fb4c88b Heaviness: 6 limit: 5
2019-09-20 04:49:55,553 [RatisPipelineUtilsThread] INFO  pipeline.PipelinePlacementPolicy (PipelinePlacementPolicy.java:meetCriteria(91)) - Pipeline Placement: Doesn't meet the criteria to be viable node： 6a6ac22f-fdb0-4283-a89a-a8bc92b139ca Heaviness: 6 limit: 5
2019-09-20 04:49:55,554 [RatisPipelineUtilsThread] INFO  pipeline.PipelinePlacementPolicy (PipelinePlacementPolicy.java:meetCriteria(91)) - Pipeline Placement: Doesn't meet the criteria to be viable node： d5424862-00f5-4f26-882d-9249b213a1ef Heaviness: 6 limit: 5
2019-09-20 04:49:55,554 [RatisPipelineUtilsThread] INFO  pipeline.PipelinePlacementPolicy (PipelinePlacementPolicy.java:meetCriteria(91)) - Pipeline Placement: Doesn't meet the criteria to be viable node： 37fe2768-1af7-42e7-8542-10b932802b02 Heaviness: 6 limit: 5
2019-09-20 04:49:55,554 [RatisPipelineUtilsThread] ERROR pipeline.PipelinePlacementPolicy (PipelinePlacementPolicy.java:filterViableNodes(148)) - Unable to find enough nodes that meet the criteria that cannot engage in more than 5 pipelines. Nodes required: 3 Found: 0, healthy nodes count inNodeManager: 7.
2019-09-20 04:49:55,554 [RatisPipelineUtilsThread] ERROR pipeline.SCMPipelineManager (SCMPipelineManager.java:createPipeline(161)) - Pipeline creation failed due to exception: Unable to find enough nodes that meet the criteria that cannot engage in more than 5 pipelines. Nodes required: 3 Found: 0, healthy nodes count inNodeManager: 7.
2019-09-20 04:49:55,554 [IPC Server handler 1 on 41584] INFO  pipeline.PipelinePlacementPolicy (PipelinePlacementPolicy.java:meetCriteria(91)) - Pipeline Placement: Doesn't meet the criteria to be viable node： c9787825-ea51-4014-8feb-b4ee136c6b23 Heaviness: 6 limit: 5
2019-09-20 04:49:55,554 [IPC Server handler 1 on 41584] INFO  pipeline.PipelinePlacementPolicy (PipelinePlacementPolicy.java:meetCriteria(91)) - Pipeline Placement: Doesn't meet the criteria to be viable node： c82e94d7-3693-4569-94b0-cf8ff008d5c0 Heaviness: 6 limit: 5
2019-09-20 04:49:55,555 [IPC Server handler 1 on 41584] INFO  pipeline.PipelinePlacementPolicy (PipelinePlacementPolicy.java:meetCriteria(91)) - Pipeline Placement: Doesn't meet the criteria to be viable node： db7872a1-bd52-4e68-8953-a9abbb9642a5 Heaviness: 6 limit: 5
2019-09-20 04:49:55,555 [IPC Server handler 1 on 41584] INFO  pipeline.PipelinePlacementPolicy (PipelinePlacementPolicy.java:meetCriteria(91)) - Pipeline Placement: Doesn't meet the criteria to be viable node： 1b138595-92e4-4592-9dfc-2bb97fb4c88b Heaviness: 6 limit: 5
2019-09-20 04:49:55,555 [IPC Server handler 1 on 41584] INFO  pipeline.PipelinePlacementPolicy (PipelinePlacementPolicy.java:meetCriteria(91)) - Pipeline Placement: Doesn't meet the criteria to be viable node： 6a6ac22f-fdb0-4283-a89a-a8bc92b139ca Heaviness: 6 limit: 5
2019-09-20 04:49:55,555 [IPC Server handler 1 on 41584] INFO  pipeline.PipelinePlacementPolicy (PipelinePlacementPolicy.java:meetCriteria(91)) - Pipeline Placement: Doesn't meet the criteria to be viable node： d5424862-00f5-4f26-882d-9249b213a1ef Heaviness: 6 limit: 5
2019-09-20 04:49:55,555 [IPC Server handler 1 on 41584] INFO  pipeline.PipelinePlacementPolicy (PipelinePlacementPolicy.java:meetCriteria(91)) - Pipeline Placement: Doesn't meet the criteria to be viable node： 37fe2768-1af7-42e7-8542-10b932802b02 Heaviness: 6 limit: 5
2019-09-20 04:49:55,555 [IPC Server handler 1 on 41584] ERROR pipeline.PipelinePlacementPolicy (PipelinePlacementPolicy.java:filterViableNodes(148)) - Unable to find enough nodes that meet the criteria that cannot engage in more than 5 pipelines. Nodes required: 3 Found: 0, healthy nodes count inNodeManager: 7.
2019-09-20 04:49:55,556 [IPC Server handler 1 on 41584] ERROR pipeline.SCMPipelineManager (SCMPipelineManager.java:createPipeline(161)) - Pipeline creation failed due to exception: Unable to find enough nodes that meet the criteria that cannot engage in more than 5 pipelines. Nodes required: 3 Found: 0, healthy nodes count inNodeManager: 7.
2019-09-20 04:49:55,575 [IPC Server handler 1 on 41584] INFO  ipc.Server (Server.java:logException(2726)) - IPC Server handler 1 on 41584, call Call#1149 Retry#0 org.apache.hadoop.hdds.scm.protocol.StorageContainerLocationProtocol.allocateContainer from 192.168.36.79:59944
java.io.IOException: Could not allocate container. Cannot get any matching pipeline for Type:RATIS, Factor:THREE, State:PipelineState.OPEN
	at org.apache.hadoop.hdds.scm.container.ContainerStateManager.allocateContainer(ContainerStateManager.java:260)
	at org.apache.hadoop.hdds.scm.container.SCMContainerManager.allocateContainer(SCMContainerManager.java:247)
	at org.apache.hadoop.hdds.scm.server.SCMClientProtocolServer.allocateContainer(SCMClientProtocolServer.java:186)
	at org.apache.hadoop.ozone.protocolPB.StorageContainerLocationProtocolServerSideTranslatorPB.allocateContainer(StorageContainerLocationProtocolServerSideTranslatorPB.java:115)
	at org.apache.hadoop.hdds.protocol.proto.StorageContainerLocationProtocolProtos$StorageContainerLocationProtocolService$2.callBlockingMethod(StorageContainerLocationProtocolProtos.java:19079)
	at org.apache.hadoop.ipc.ProtobufRpcEngine$Server$ProtoBufRpcInvoker.call(ProtobufRpcEngine.java:524)
	at org.apache.hadoop.ipc.RPC$Server.call(RPC.java:1025)
	at org.apache.hadoop.ipc.Server$RpcCall.run(Server.java:876)
	at org.apache.hadoop.ipc.Server$RpcCall.run(Server.java:822)
	at java.security.AccessController.doPrivileged(Native Method)
	at javax.security.auth.Subject.doAs(Subject.java:422)
	at org.apache.hadoop.security.UserGroupInformation.doAs(UserGroupInformation.java:1730)
	at org.apache.hadoop.ipc.Server$Handler.run(Server.java:2682)
]]></system-out>
    <system-err><![CDATA[Sep 20, 2019 4:49:47 AM com.sun.jersey.server.impl.application.WebApplicationImpl _initiate
INFO: Initiating Jersey application, version 'Jersey: 1.19 02/11/2015 03:25 AM'
Sep 20, 2019 4:49:47 AM com.sun.jersey.server.impl.application.WebApplicationImpl _initiate
INFO: Initiating Jersey application, version 'Jersey: 1.19 02/11/2015 03:25 AM'
Sep 20, 2019 4:49:48 AM com.sun.jersey.server.impl.application.WebApplicationImpl _initiate
INFO: Initiating Jersey application, version 'Jersey: 1.19 02/11/2015 03:25 AM'
Sep 20, 2019 4:49:48 AM com.sun.jersey.server.impl.application.WebApplicationImpl _initiate
INFO: Initiating Jersey application, version 'Jersey: 1.19 02/11/2015 03:25 AM'
Sep 20, 2019 4:49:49 AM com.sun.jersey.server.impl.application.WebApplicationImpl _initiate
INFO: Initiating Jersey application, version 'Jersey: 1.19 02/11/2015 03:25 AM'
Sep 20, 2019 4:49:49 AM com.sun.jersey.server.impl.application.WebApplicationImpl _initiate
INFO: Initiating Jersey application, version 'Jersey: 1.19 02/11/2015 03:25 AM'
Sep 20, 2019 4:49:49 AM com.sun.jersey.server.impl.application.WebApplicationImpl _initiate
INFO: Initiating Jersey application, version 'Jersey: 1.19 02/11/2015 03:25 AM'
]]></system-err>
  </testcase>
  <testcase name="test2WayCommitForTimeoutException" classname="org.apache.hadoop.ozone.client.rpc.TestWatchForCommit" time="24.354">
    <error message="Could not allocate container. Cannot get any matching pipeline for Type:RATIS, Factor:THREE, State:PipelineState.OPEN&#10;	at org.apache.hadoop.hdds.scm.container.ContainerStateManager.allocateContainer(ContainerStateManager.java:260)&#10;	at org.apache.hadoop.hdds.scm.container.SCMContainerManager.allocateContainer(SCMContainerManager.java:247)&#10;	at org.apache.hadoop.hdds.scm.server.SCMClientProtocolServer.allocateContainer(SCMClientProtocolServer.java:186)&#10;	at org.apache.hadoop.ozone.protocolPB.StorageContainerLocationProtocolServerSideTranslatorPB.allocateContainer(StorageContainerLocationProtocolServerSideTranslatorPB.java:115)&#10;	at org.apache.hadoop.hdds.protocol.proto.StorageContainerLocationProtocolProtos$StorageContainerLocationProtocolService$2.callBlockingMethod(StorageContainerLocationProtocolProtos.java:19079)&#10;	at org.apache.hadoop.ipc.ProtobufRpcEngine$Server$ProtoBufRpcInvoker.call(ProtobufRpcEngine.java:524)&#10;	at org.apache.hadoop.ipc.RPC$Server.call(RPC.java:1025)&#10;	at org.apache.hadoop.ipc.Server$RpcCall.run(Server.java:876)&#10;	at org.apache.hadoop.ipc.Server$RpcCall.run(Server.java:822)&#10;	at java.security.AccessController.doPrivileged(Native Method)&#10;	at javax.security.auth.Subject.doAs(Subject.java:422)&#10;	at org.apache.hadoop.security.UserGroupInformation.doAs(UserGroupInformation.java:1730)&#10;	at org.apache.hadoop.ipc.Server$Handler.run(Server.java:2682)&#10;" type="org.apache.hadoop.ipc.RemoteException(java.io.IOException)">org.apache.hadoop.ipc.RemoteException(java.io.IOException): Could not allocate container. Cannot get any matching pipeline for Type:RATIS, Factor:THREE, State:PipelineState.OPEN
	at org.apache.hadoop.hdds.scm.container.ContainerStateManager.allocateContainer(ContainerStateManager.java:260)
	at org.apache.hadoop.hdds.scm.container.SCMContainerManager.allocateContainer(SCMContainerManager.java:247)
	at org.apache.hadoop.hdds.scm.server.SCMClientProtocolServer.allocateContainer(SCMClientProtocolServer.java:186)
	at org.apache.hadoop.ozone.protocolPB.StorageContainerLocationProtocolServerSideTranslatorPB.allocateContainer(StorageContainerLocationProtocolServerSideTranslatorPB.java:115)
	at org.apache.hadoop.hdds.protocol.proto.StorageContainerLocationProtocolProtos$StorageContainerLocationProtocolService$2.callBlockingMethod(StorageContainerLocationProtocolProtos.java:19079)
	at org.apache.hadoop.ipc.ProtobufRpcEngine$Server$ProtoBufRpcInvoker.call(ProtobufRpcEngine.java:524)
	at org.apache.hadoop.ipc.RPC$Server.call(RPC.java:1025)
	at org.apache.hadoop.ipc.Server$RpcCall.run(Server.java:876)
	at org.apache.hadoop.ipc.Server$RpcCall.run(Server.java:822)
	at java.security.AccessController.doPrivileged(Native Method)
	at javax.security.auth.Subject.doAs(Subject.java:422)
	at org.apache.hadoop.security.UserGroupInformation.doAs(UserGroupInformation.java:1730)
	at org.apache.hadoop.ipc.Server$Handler.run(Server.java:2682)

	at org.apache.hadoop.ipc.Client.getRpcResponse(Client.java:1511)
	at org.apache.hadoop.ipc.Client.call(Client.java:1457)
	at org.apache.hadoop.ipc.Client.call(Client.java:1367)
	at org.apache.hadoop.ipc.ProtobufRpcEngine$Invoker.invoke(ProtobufRpcEngine.java:228)
	at org.apache.hadoop.ipc.ProtobufRpcEngine$Invoker.invoke(ProtobufRpcEngine.java:116)
	at com.sun.proxy.$Proxy34.allocateContainer(Unknown Source)
	at org.apache.hadoop.hdds.scm.protocolPB.StorageContainerLocationProtocolClientSideTranslatorPB.allocateContainer(StorageContainerLocationProtocolClientSideTranslatorPB.java:125)
	at org.apache.hadoop.ozone.client.rpc.TestWatchForCommit.test2WayCommitForTimeoutException(TestWatchForCommit.java:371)
	at sun.reflect.NativeMethodAccessorImpl.invoke0(Native Method)
	at sun.reflect.NativeMethodAccessorImpl.invoke(NativeMethodAccessorImpl.java:62)
	at sun.reflect.DelegatingMethodAccessorImpl.invoke(DelegatingMethodAccessorImpl.java:43)
	at java.lang.reflect.Method.invoke(Method.java:498)
	at org.junit.runners.model.FrameworkMethod$1.runReflectiveCall(FrameworkMethod.java:47)
	at org.junit.internal.runners.model.ReflectiveCallable.run(ReflectiveCallable.java:12)
	at org.junit.runners.model.FrameworkMethod.invokeExplosively(FrameworkMethod.java:44)
	at org.junit.internal.runners.statements.InvokeMethod.evaluate(InvokeMethod.java:17)
	at org.junit.runners.ParentRunner.runLeaf(ParentRunner.java:271)
	at org.junit.runners.BlockJUnit4ClassRunner.runChild(BlockJUnit4ClassRunner.java:70)
	at org.junit.runners.BlockJUnit4ClassRunner.runChild(BlockJUnit4ClassRunner.java:50)
	at org.junit.runners.ParentRunner$3.run(ParentRunner.java:238)
	at org.junit.runners.ParentRunner$1.schedule(ParentRunner.java:63)
	at org.junit.runners.ParentRunner.runChildren(ParentRunner.java:236)
	at org.junit.runners.ParentRunner.access$000(ParentRunner.java:53)
	at org.junit.runners.ParentRunner$2.evaluate(ParentRunner.java:229)
	at org.junit.runners.ParentRunner.run(ParentRunner.java:309)
	at org.apache.maven.surefire.junit4.JUnit4Provider.execute(JUnit4Provider.java:365)
	at org.apache.maven.surefire.junit4.JUnit4Provider.executeWithRerun(JUnit4Provider.java:273)
	at org.apache.maven.surefire.junit4.JUnit4Provider.executeTestSet(JUnit4Provider.java:238)
	at org.apache.maven.surefire.junit4.JUnit4Provider.invoke(JUnit4Provider.java:159)
	at org.apache.maven.surefire.booter.ForkedBooter.invokeProviderInSameClassLoader(ForkedBooter.java:384)
	at org.apache.maven.surefire.booter.ForkedBooter.runSuitesInProcess(ForkedBooter.java:345)
	at org.apache.maven.surefire.booter.ForkedBooter.execute(ForkedBooter.java:126)
	at org.apache.maven.surefire.booter.ForkedBooter.main(ForkedBooter.java:418)
</error>
    <system-out><![CDATA[2019-09-20 04:49:55,615 [main] WARN  server.ServerUtils (ServerUtils.java:getScmDbDir(145)) - ozone.scm.db.dirs is not configured. We recommend adding this setting. Falling back to ozone.metadata.dirs instead.
2019-09-20 04:49:55,619 | INFO  | SCMAudit | user=jenkins1000 | ip=192.168.36.79 | op=SEND_HEARTBEAT {datanodeUUID=d5424862-00f5-4f26-882d-9249b213a1ef, command=[]} | ret=SUCCESS |  
2019-09-20 04:49:55,645 [main] WARN  server.ServerUtils (ServerUtils.java:getScmDbDir(145)) - ozone.scm.db.dirs is not configured. We recommend adding this setting. Falling back to ozone.metadata.dirs instead.
2019-09-20 04:49:55,646 [main] WARN  server.ServerUtils (ServerUtils.java:getScmDbDir(145)) - ozone.scm.db.dirs is not configured. We recommend adding this setting. Falling back to ozone.metadata.dirs instead.
2019-09-20 04:49:55,647 [main] INFO  db.DBStoreBuilder (DBStoreBuilder.java:addTable(110)) - using custom profile for table: deletedBlocks
2019-09-20 04:49:55,647 [main] INFO  db.DBStoreBuilder (DBStoreBuilder.java:processTables(161)) - Using default column profile:DBProfile.DISK for Table:deletedBlocks
2019-09-20 04:49:55,647 [main] INFO  db.DBStoreBuilder (DBStoreBuilder.java:addTable(110)) - using custom profile for table: validCerts
2019-09-20 04:49:55,647 [main] INFO  db.DBStoreBuilder (DBStoreBuilder.java:processTables(161)) - Using default column profile:DBProfile.DISK for Table:validCerts
2019-09-20 04:49:55,648 [main] INFO  db.DBStoreBuilder (DBStoreBuilder.java:addTable(110)) - using custom profile for table: revokedCerts
2019-09-20 04:49:55,648 [main] INFO  db.DBStoreBuilder (DBStoreBuilder.java:processTables(161)) - Using default column profile:DBProfile.DISK for Table:revokedCerts
2019-09-20 04:49:55,648 [main] INFO  db.DBStoreBuilder (DBStoreBuilder.java:addTable(110)) - using custom profile for table: default
2019-09-20 04:49:55,649 [main] INFO  db.DBStoreBuilder (DBStoreBuilder.java:processTables(167)) - Using default column profile:DBProfile.DISK for Table:default
2019-09-20 04:49:55,649 [main] INFO  db.DBStoreBuilder (DBStoreBuilder.java:getDbProfile(198)) - Using default options. DBProfile.DISK
2019-09-20 04:49:55,651 | INFO  | SCMAudit | user=jenkins1000 | ip=192.168.36.79 | op=SEND_HEARTBEAT {datanodeUUID=1d91ad97-6666-4ee7-855a-8b5e944e7401, command=[]} | ret=SUCCESS |  
2019-09-20 04:49:55,651 | INFO  | SCMAudit | user=jenkins1000 | ip=192.168.36.79 | op=SEND_HEARTBEAT {datanodeUUID=42fc6e92-fcdd-4827-b621-9fc58a3d2315, command=[]} | ret=SUCCESS |  
2019-09-20 04:49:55,655 | INFO  | SCMAudit | user=jenkins1000 | ip=192.168.36.79 | op=SEND_HEARTBEAT {datanodeUUID=c4f6294c-eda3-4afd-81f7-e69ed14da69f, command=[]} | ret=SUCCESS |  
2019-09-20 04:49:55,655 | INFO  | SCMAudit | user=jenkins1000 | ip=192.168.36.79 | op=SEND_HEARTBEAT {datanodeUUID=eaf3ecbe-c3b1-4969-ad3a-e4de7fb04f81, command=[]} | ret=SUCCESS |  
2019-09-20 04:49:55,656 | INFO  | SCMAudit | user=jenkins1000 | ip=192.168.36.79 | op=SEND_HEARTBEAT {datanodeUUID=236eed40-dd97-4fdc-a0ae-ab99685a426b, command=[]} | ret=SUCCESS |  
2019-09-20 04:49:55,656 | INFO  | SCMAudit | user=jenkins1000 | ip=192.168.36.79 | op=SEND_HEARTBEAT {datanodeUUID=37fe2768-1af7-42e7-8542-10b932802b02, command=[]} | ret=SUCCESS |  
2019-09-20 04:49:55,656 | INFO  | SCMAudit | user=jenkins1000 | ip=192.168.36.79 | op=SEND_HEARTBEAT {datanodeUUID=2702b462-69d8-4c1b-aae1-091a21fe08b8, command=[]} | ret=SUCCESS |  
2019-09-20 04:49:55,656 | INFO  | SCMAudit | user=jenkins1000 | ip=192.168.36.79 | op=SEND_HEARTBEAT {datanodeUUID=3c2a6bfe-f5c5-4e23-89b0-850dab17697d, command=[]} | ret=SUCCESS |  
2019-09-20 04:49:55,656 | INFO  | SCMAudit | user=jenkins1000 | ip=192.168.36.79 | op=SEND_HEARTBEAT {datanodeUUID=0ad3f89e-804f-4845-89c5-5ff1a35a5dda, command=[]} | ret=SUCCESS |  
2019-09-20 04:49:55,656 | INFO  | SCMAudit | user=jenkins1000 | ip=192.168.36.79 | op=SEND_HEARTBEAT {datanodeUUID=eb30d72f-c0a8-4ecb-bfee-9120a9a6cddf, command=[]} | ret=SUCCESS |  
2019-09-20 04:49:55,656 | INFO  | SCMAudit | user=jenkins1000 | ip=192.168.36.79 | op=SEND_HEARTBEAT {datanodeUUID=ea71b9af-1075-4196-9693-aa14e10f536d, command=[]} | ret=SUCCESS |  
2019-09-20 04:49:55,657 | INFO  | SCMAudit | user=jenkins1000 | ip=192.168.36.79 | op=SEND_HEARTBEAT {datanodeUUID=8d97392c-5f4b-400a-94a1-fb61a3ebbc99, command=[]} | ret=SUCCESS |  
2019-09-20 04:49:55,657 | INFO  | SCMAudit | user=jenkins1000 | ip=192.168.36.79 | op=SEND_HEARTBEAT {datanodeUUID=8538cd65-7926-426b-8bad-fbd0f0550f9a, command=[]} | ret=SUCCESS |  
2019-09-20 04:49:55,657 | INFO  | SCMAudit | user=jenkins1000 | ip=192.168.36.79 | op=SEND_HEARTBEAT {datanodeUUID=a9bc59c4-b792-48d5-9db2-4e71770477b1, command=[]} | ret=SUCCESS |  
2019-09-20 04:49:55,657 | INFO  | SCMAudit | user=jenkins1000 | ip=192.168.36.79 | op=SEND_HEARTBEAT {datanodeUUID=dba845b8-ea76-4e09-ab03-0883d354e493, command=[]} | ret=SUCCESS |  
2019-09-20 04:49:55,658 | INFO  | SCMAudit | user=jenkins1000 | ip=192.168.36.79 | op=SEND_HEARTBEAT {datanodeUUID=fdbc37f2-9e58-4bac-a5d5-a78839d012e9, command=[]} | ret=SUCCESS |  
2019-09-20 04:49:55,658 | INFO  | SCMAudit | user=jenkins1000 | ip=192.168.36.79 | op=SEND_HEARTBEAT {datanodeUUID=5ea19b84-5385-4ae9-8412-c4cfa929b172, command=[]} | ret=SUCCESS |  
2019-09-20 04:49:55,658 | INFO  | SCMAudit | user=jenkins1000 | ip=192.168.36.79 | op=SEND_HEARTBEAT {datanodeUUID=68a93ad8-b6a8-44e1-8a9f-45fcc58d229a, command=[]} | ret=SUCCESS |  
2019-09-20 04:49:55,700 | INFO  | SCMAudit | user=jenkins1000 | ip=192.168.36.79 | op=SEND_HEARTBEAT {datanodeUUID=ba95d636-ac34-4b74-a102-dec8d0f377c6, command=[]} | ret=SUCCESS |  
2019-09-20 04:49:55,700 | INFO  | SCMAudit | user=jenkins1000 | ip=192.168.36.79 | op=SEND_HEARTBEAT {datanodeUUID=f4e549ee-a6fa-4eb9-8541-129d0566fdf5, command=[]} | ret=SUCCESS |  
2019-09-20 04:49:55,700 | INFO  | SCMAudit | user=jenkins1000 | ip=192.168.36.79 | op=SEND_HEARTBEAT {datanodeUUID=2d6465ef-cffa-473a-a4c6-a9aa3f1a26c0, command=[]} | ret=SUCCESS |  
2019-09-20 04:49:55,700 | INFO  | SCMAudit | user=jenkins1000 | ip=192.168.36.79 | op=SEND_HEARTBEAT {datanodeUUID=bd1a845e-f2ed-4713-9516-9ccc20139040, command=[]} | ret=SUCCESS |  
2019-09-20 04:49:55,888 | INFO  | SCMAudit | user=jenkins1000 | ip=192.168.36.79 | op=SEND_HEARTBEAT {datanodeUUID=db7872a1-bd52-4e68-8953-a9abbb9642a5, command=[]} | ret=SUCCESS |  
2019-09-20 04:49:55,891 | INFO  | SCMAudit | user=jenkins1000 | ip=192.168.36.79 | op=SEND_HEARTBEAT {datanodeUUID=c9787825-ea51-4014-8feb-b4ee136c6b23, command=[]} | ret=SUCCESS |  
2019-09-20 04:49:56,124 | INFO  | SCMAudit | user=jenkins1000 | ip=192.168.36.79 | op=SEND_HEARTBEAT {datanodeUUID=6a6ac22f-fdb0-4283-a89a-a8bc92b139ca, command=[]} | ret=SUCCESS |  
2019-09-20 04:49:56,138 | INFO  | SCMAudit | user=jenkins1000 | ip=192.168.36.79 | op=SEND_HEARTBEAT {datanodeUUID=c82e94d7-3693-4569-94b0-cf8ff008d5c0, command=[]} | ret=SUCCESS |  
2019-09-20 04:49:56,146 [main] INFO  net.NodeSchemaLoader (NodeSchemaLoader.java:loadSchemaFromFile(125)) - Loading file from sun.misc.CompoundEnumeration@74471600
2019-09-20 04:49:56,146 [main] INFO  net.NodeSchemaLoader (NodeSchemaLoader.java:loadSchema(171)) - Loading network topology layer schema file
2019-09-20 04:49:56,152 [main] WARN  server.ServerUtils (ServerUtils.java:sanitizeUserArgs(70)) - ozone.scm.stale.node.interval value = 300000 is larger than max = 100000 based on the key value of ozone.scm.heartbeat.thread.interval, reset to the max value 100000.
2019-09-20 04:49:56,152 [main] WARN  server.ServerUtils (ServerUtils.java:sanitizeUserArgs(70)) - ozone.scm.stale.node.interval value = 300000 is larger than max = 100000 based on the key value of ozone.scm.heartbeat.thread.interval, reset to the max value 100000.
2019-09-20 04:49:56,152 [main] INFO  node.SCMNodeManager (SCMNodeManager.java:<init>(121)) - Entering startup safe mode.
2019-09-20 04:49:56,154 [main] INFO  algorithms.ContainerPlacementPolicyFactory (ContainerPlacementPolicyFactory.java:getPolicy(56)) - Create container placement policy of type org.apache.hadoop.hdds.scm.container.placement.algorithms.SCMContainerPlacementRandom
2019-09-20 04:49:56,154 [main] WARN  server.ServerUtils (ServerUtils.java:getScmDbDir(145)) - ozone.scm.db.dirs is not configured. We recommend adding this setting. Falling back to ozone.metadata.dirs instead.
2019-09-20 04:49:56,293 [main] INFO  pipeline.SCMPipelineManager (SCMPipelineManager.java:initializePipelineState(126)) - No pipeline exists in current db
2019-09-20 04:49:56,293 [main] WARN  server.ServerUtils (ServerUtils.java:getScmDbDir(145)) - ozone.scm.db.dirs is not configured. We recommend adding this setting. Falling back to ozone.metadata.dirs instead.
2019-09-20 04:49:56,522 | INFO  | SCMAudit | user=jenkins1000 | ip=192.168.36.79 | op=SEND_HEARTBEAT {datanodeUUID=1b138595-92e4-4592-9dfc-2bb97fb4c88b, command=[]} | ret=SUCCESS |  
2019-09-20 04:49:56,525 [main] WARN  events.EventQueue (EventQueue.java:fireEvent(175)) - No event handler registered for event TypedEvent{payloadType=SafeModeStatus, name='SafeModeStatus'}
2019-09-20 04:49:56,527 [main] INFO  ipc.CallQueueManager (CallQueueManager.java:<init>(84)) - Using callQueue: class java.util.concurrent.LinkedBlockingQueue, queueCapacity: 2000, scheduler: class org.apache.hadoop.ipc.DefaultRpcScheduler, ipcBackoff: false.
2019-09-20 04:49:56,528 [Socket Reader #1 for port 38264] INFO  ipc.Server (Server.java:run(1074)) - Starting Socket Reader #1 for port 38264
2019-09-20 04:49:56,560 [main] INFO  ipc.CallQueueManager (CallQueueManager.java:<init>(84)) - Using callQueue: class java.util.concurrent.LinkedBlockingQueue, queueCapacity: 2000, scheduler: class org.apache.hadoop.ipc.DefaultRpcScheduler, ipcBackoff: false.
2019-09-20 04:49:56,561 [Socket Reader #1 for port 41442] INFO  ipc.Server (Server.java:run(1074)) - Starting Socket Reader #1 for port 41442
2019-09-20 04:49:56,570 [main] INFO  ipc.CallQueueManager (CallQueueManager.java:<init>(84)) - Using callQueue: class java.util.concurrent.LinkedBlockingQueue, queueCapacity: 2000, scheduler: class org.apache.hadoop.ipc.DefaultRpcScheduler, ipcBackoff: false.
2019-09-20 04:49:56,570 [Socket Reader #1 for port 43241] INFO  ipc.Server (Server.java:run(1074)) - Starting Socket Reader #1 for port 43241
2019-09-20 04:49:56,579 [main] INFO  hdfs.DFSUtil (DFSUtil.java:httpServerTemplateForNNAndJN(1641)) - Starting Web-server for scm at: http://0.0.0.0:0
2019-09-20 04:49:56,581 [main] INFO  server.AuthenticationFilter (AuthenticationFilter.java:constructSecretProvider(240)) - Unable to initialize FileSignerSecretProvider, falling back to use random secrets.
2019-09-20 04:49:56,581 [main] WARN  http.HttpRequestLog (HttpRequestLog.java:getRequestLog(97)) - Jetty request log can only be enabled using Log4j
2019-09-20 04:49:56,583 [main] INFO  http.HttpServer2 (HttpServer2.java:addGlobalFilter(975)) - Added global filter 'safety' (class=org.apache.hadoop.http.HttpServer2$QuotingInputFilter)
2019-09-20 04:49:56,584 [main] INFO  http.HttpServer2 (HttpServer2.java:addFilter(948)) - Added filter static_user_filter (class=org.apache.hadoop.http.lib.StaticUserWebFilter$StaticUserFilter) to context scm
2019-09-20 04:49:56,584 [main] INFO  http.HttpServer2 (HttpServer2.java:addFilter(958)) - Added filter static_user_filter (class=org.apache.hadoop.http.lib.StaticUserWebFilter$StaticUserFilter) to context logs
2019-09-20 04:49:56,584 [main] INFO  http.HttpServer2 (HttpServer2.java:addFilter(958)) - Added filter static_user_filter (class=org.apache.hadoop.http.lib.StaticUserWebFilter$StaticUserFilter) to context static
2019-09-20 04:49:56,588 [main] INFO  server.StorageContainerManager (StorageContainerManager.java:start(759)) - StorageContainerLocationProtocol RPC server is listening at /0.0.0.0:43241
2019-09-20 04:49:56,589 [main] INFO  impl.MetricsSystemImpl (MetricsSystemImpl.java:init(158)) - StorageContainerManager metrics system started (again)
2019-09-20 04:49:56,619 | INFO  | SCMAudit | user=jenkins1000 | ip=192.168.36.79 | op=SEND_HEARTBEAT {datanodeUUID=d5424862-00f5-4f26-882d-9249b213a1ef, command=[]} | ret=SUCCESS |  
2019-09-20 04:49:56,651 | INFO  | SCMAudit | user=jenkins1000 | ip=192.168.36.79 | op=SEND_HEARTBEAT {datanodeUUID=1d91ad97-6666-4ee7-855a-8b5e944e7401, command=[]} | ret=SUCCESS |  
2019-09-20 04:49:56,651 | INFO  | SCMAudit | user=jenkins1000 | ip=192.168.36.79 | op=SEND_HEARTBEAT {datanodeUUID=42fc6e92-fcdd-4827-b621-9fc58a3d2315, command=[]} | ret=SUCCESS |  
2019-09-20 04:49:56,655 | INFO  | SCMAudit | user=jenkins1000 | ip=192.168.36.79 | op=SEND_HEARTBEAT {datanodeUUID=eaf3ecbe-c3b1-4969-ad3a-e4de7fb04f81, command=[]} | ret=SUCCESS |  
2019-09-20 04:49:56,656 | INFO  | SCMAudit | user=jenkins1000 | ip=192.168.36.79 | op=SEND_HEARTBEAT {datanodeUUID=0ad3f89e-804f-4845-89c5-5ff1a35a5dda, command=[]} | ret=SUCCESS |  
2019-09-20 04:49:56,656 | INFO  | SCMAudit | user=jenkins1000 | ip=192.168.36.79 | op=SEND_HEARTBEAT {datanodeUUID=eb30d72f-c0a8-4ecb-bfee-9120a9a6cddf, command=[]} | ret=SUCCESS |  
2019-09-20 04:49:56,656 | INFO  | SCMAudit | user=jenkins1000 | ip=192.168.36.79 | op=SEND_HEARTBEAT {datanodeUUID=ea71b9af-1075-4196-9693-aa14e10f536d, command=[]} | ret=SUCCESS |  
2019-09-20 04:49:56,656 | INFO  | SCMAudit | user=jenkins1000 | ip=192.168.36.79 | op=SEND_HEARTBEAT {datanodeUUID=37fe2768-1af7-42e7-8542-10b932802b02, command=[]} | ret=SUCCESS |  
2019-09-20 04:49:56,657 | INFO  | SCMAudit | user=jenkins1000 | ip=192.168.36.79 | op=SEND_HEARTBEAT {datanodeUUID=2702b462-69d8-4c1b-aae1-091a21fe08b8, command=[]} | ret=SUCCESS |  
2019-09-20 04:49:56,657 | INFO  | SCMAudit | user=jenkins1000 | ip=192.168.36.79 | op=SEND_HEARTBEAT {datanodeUUID=3c2a6bfe-f5c5-4e23-89b0-850dab17697d, command=[]} | ret=SUCCESS |  
2019-09-20 04:49:56,657 | INFO  | SCMAudit | user=jenkins1000 | ip=192.168.36.79 | op=SEND_HEARTBEAT {datanodeUUID=8538cd65-7926-426b-8bad-fbd0f0550f9a, command=[]} | ret=SUCCESS |  
2019-09-20 04:49:56,657 | INFO  | SCMAudit | user=jenkins1000 | ip=192.168.36.79 | op=SEND_HEARTBEAT {datanodeUUID=a9bc59c4-b792-48d5-9db2-4e71770477b1, command=[]} | ret=SUCCESS |  
2019-09-20 04:49:56,657 | INFO  | SCMAudit | user=jenkins1000 | ip=192.168.36.79 | op=SEND_HEARTBEAT {datanodeUUID=dba845b8-ea76-4e09-ab03-0883d354e493, command=[]} | ret=SUCCESS |  
2019-09-20 04:49:56,657 | INFO  | SCMAudit | user=jenkins1000 | ip=192.168.36.79 | op=SEND_HEARTBEAT {datanodeUUID=5ea19b84-5385-4ae9-8412-c4cfa929b172, command=[]} | ret=SUCCESS |  
2019-09-20 04:49:56,657 | INFO  | SCMAudit | user=jenkins1000 | ip=192.168.36.79 | op=SEND_HEARTBEAT {datanodeUUID=8d97392c-5f4b-400a-94a1-fb61a3ebbc99, command=[]} | ret=SUCCESS |  
2019-09-20 04:49:56,657 | INFO  | SCMAudit | user=jenkins1000 | ip=192.168.36.79 | op=SEND_HEARTBEAT {datanodeUUID=68a93ad8-b6a8-44e1-8a9f-45fcc58d229a, command=[]} | ret=SUCCESS |  
2019-09-20 04:49:56,658 | INFO  | SCMAudit | user=jenkins1000 | ip=192.168.36.79 | op=SEND_HEARTBEAT {datanodeUUID=fdbc37f2-9e58-4bac-a5d5-a78839d012e9, command=[]} | ret=SUCCESS |  
2019-09-20 04:49:56,700 | INFO  | SCMAudit | user=jenkins1000 | ip=192.168.36.79 | op=SEND_HEARTBEAT {datanodeUUID=f4e549ee-a6fa-4eb9-8541-129d0566fdf5, command=[]} | ret=SUCCESS |  
2019-09-20 04:49:56,700 | INFO  | SCMAudit | user=jenkins1000 | ip=192.168.36.79 | op=SEND_HEARTBEAT {datanodeUUID=bd1a845e-f2ed-4713-9516-9ccc20139040, command=[]} | ret=SUCCESS |  
2019-09-20 04:49:56,700 | INFO  | SCMAudit | user=jenkins1000 | ip=192.168.36.79 | op=SEND_HEARTBEAT {datanodeUUID=2d6465ef-cffa-473a-a4c6-a9aa3f1a26c0, command=[]} | ret=SUCCESS |  
2019-09-20 04:49:56,701 | INFO  | SCMAudit | user=jenkins1000 | ip=192.168.36.79 | op=SEND_HEARTBEAT {datanodeUUID=ba95d636-ac34-4b74-a102-dec8d0f377c6, command=[]} | ret=SUCCESS |  
2019-09-20 04:49:56,816 | INFO  | SCMAudit | user=jenkins1000 | ip=192.168.36.79 | op=SEND_HEARTBEAT {datanodeUUID=236eed40-dd97-4fdc-a0ae-ab99685a426b, command=[]} | ret=SUCCESS |  
2019-09-20 04:49:56,816 [Thread-1667] INFO  impl.FollowerState (FollowerState.java:run(106)) - 37fe2768-1af7-42e7-8542-10b932802b02:group-E4BCCFBC35CB changes to CANDIDATE, lastRpcTime:5070, electionTimeout:5063ms
2019-09-20 04:49:56,816 [Thread-1667] INFO  impl.RoleInfo (RoleInfo.java:shutdownFollowerState(121)) - 37fe2768-1af7-42e7-8542-10b932802b02: shutdown FollowerState
2019-09-20 04:49:56,816 [Thread-1667] INFO  impl.RaftServerImpl (RaftServerImpl.java:setRole(171)) - 37fe2768-1af7-42e7-8542-10b932802b02:group-E4BCCFBC35CB changes role from FOLLOWER to CANDIDATE at term 0 for changeToCandidate
2019-09-20 04:49:56,816 | INFO  | SCMAudit | user=jenkins1000 | ip=192.168.36.79 | op=SEND_HEARTBEAT {datanodeUUID=c4f6294c-eda3-4afd-81f7-e69ed14da69f, command=[]} | ret=SUCCESS |  
2019-09-20 04:49:56,816 [Thread-1667] INFO  impl.RoleInfo (RoleInfo.java:updateAndGet(143)) - 37fe2768-1af7-42e7-8542-10b932802b02: start LeaderElection
2019-09-20 04:49:56,821 [main] INFO  server.SCMClientProtocolServer (SCMClientProtocolServer.java:start(151)) - RPC server for Client  is listening at /0.0.0.0:43241
2019-09-20 04:49:56,821 [IPC Server Responder] INFO  ipc.Server (Server.java:run(1314)) - IPC Server Responder: starting
2019-09-20 04:49:56,821 [IPC Server listener on 43241] INFO  ipc.Server (Server.java:run(1153)) - IPC Server listener on 43241: starting
2019-09-20 04:49:56,849 [37fe2768-1af7-42e7-8542-10b932802b02:group-E4BCCFBC35CB:LeaderElection123] INFO  impl.LeaderElection (LeaderElection.java:askForVotes(181)) - 37fe2768-1af7-42e7-8542-10b932802b02:group-E4BCCFBC35CB:LeaderElection123: begin an election at term 1 for -1: [37fe2768-1af7-42e7-8542-10b932802b02:192.168.36.79:41936], old=null
2019-09-20 04:49:56,850 [37fe2768-1af7-42e7-8542-10b932802b02:group-E4BCCFBC35CB:LeaderElection123] INFO  impl.RoleInfo (RoleInfo.java:shutdownLeaderElection(134)) - 37fe2768-1af7-42e7-8542-10b932802b02: shutdown LeaderElection
2019-09-20 04:49:56,850 [37fe2768-1af7-42e7-8542-10b932802b02:group-E4BCCFBC35CB:LeaderElection123] INFO  impl.RaftServerImpl (RaftServerImpl.java:setRole(171)) - 37fe2768-1af7-42e7-8542-10b932802b02:group-E4BCCFBC35CB changes role from CANDIDATE to LEADER at term 1 for changeToLeader
2019-09-20 04:49:56,850 [37fe2768-1af7-42e7-8542-10b932802b02:group-E4BCCFBC35CB:LeaderElection123] INFO  impl.RaftServerImpl (ServerState.java:setLeader(263)) - 37fe2768-1af7-42e7-8542-10b932802b02:group-E4BCCFBC35CB change Leader from null to 37fe2768-1af7-42e7-8542-10b932802b02 at term 1 for becomeLeader, leader elected after 5108ms
2019-09-20 04:49:56,850 [37fe2768-1af7-42e7-8542-10b932802b02:group-E4BCCFBC35CB:LeaderElection123] INFO  server.RaftServerConfigKeys (ConfUtils.java:logGet(43)) - raft.server.staging.catchup.gap = 1000 (default)
2019-09-20 04:49:56,850 [37fe2768-1af7-42e7-8542-10b932802b02:group-E4BCCFBC35CB:LeaderElection123] INFO  server.RaftServerConfigKeys (ConfUtils.java:logGet(43)) - raft.server.rpc.sleep.time = 25ms (default)
2019-09-20 04:49:56,875 [37fe2768-1af7-42e7-8542-10b932802b02:group-E4BCCFBC35CB:LeaderElection123] INFO  server.RaftServerConfigKeys (ConfUtils.java:logGet(43)) - raft.server.write.element-limit = 4096 (default)
2019-09-20 04:49:56,875 [37fe2768-1af7-42e7-8542-10b932802b02:group-E4BCCFBC35CB:LeaderElection123] INFO  server.RaftServerConfigKeys (ConfUtils.java:logGet(43)) - raft.server.watch.timeout = 10s (default)
2019-09-20 04:49:56,876 [main] INFO  server.StorageContainerManager (StorageContainerManager.java:start(769)) - ScmBlockLocationProtocol RPC server is listening at /0.0.0.0:41442
2019-09-20 04:49:56,876 [37fe2768-1af7-42e7-8542-10b932802b02:group-E4BCCFBC35CB:LeaderElection123] INFO  server.RaftServerConfigKeys (ConfUtils.java:logGet(43)) - raft.server.watch.timeout.denomination = 1s (default)
2019-09-20 04:49:56,876 [main] INFO  server.SCMBlockProtocolServer (SCMBlockProtocolServer.java:start(140)) - RPC server for Block Protocol is listening at /0.0.0.0:41442
2019-09-20 04:49:56,876 [37fe2768-1af7-42e7-8542-10b932802b02:group-E4BCCFBC35CB:LeaderElection123] INFO  server.RaftServerConfigKeys (ConfUtils.java:logGet(43)) - raft.server.watch.element-limit = 65536 (default)
2019-09-20 04:49:56,876 [IPC Server Responder] INFO  ipc.Server (Server.java:run(1314)) - IPC Server Responder: starting
2019-09-20 04:49:56,876 [37fe2768-1af7-42e7-8542-10b932802b02:group-E4BCCFBC35CB:LeaderElection123] INFO  impl.RoleInfo (RoleInfo.java:updateAndGet(143)) - 37fe2768-1af7-42e7-8542-10b932802b02: start LeaderState
2019-09-20 04:49:56,887 [IPC Server listener on 41442] INFO  ipc.Server (Server.java:run(1153)) - IPC Server listener on 41442: starting
2019-09-20 04:49:56,887 [37fe2768-1af7-42e7-8542-10b932802b02:group-E4BCCFBC35CB:LeaderElection123] INFO  segmented.SegmentedRaftLogWorker (SegmentedRaftLogWorker.java:startLogSegment(380)) - 37fe2768-1af7-42e7-8542-10b932802b02-SegmentedRaftLogWorker:Storage Directory /workdir/hadoop-ozone/integration-test/target/test-dir/MiniOzoneClusterImpl-3cdd9aee-ba37-4d0d-8930-872cb3194007/datanode-0/data/ratis/bf822dc2-bb8b-468a-a49e-e4bccfbc35cb: Starting segment from index:0
2019-09-20 04:49:56,927 [Thread-1670] INFO  impl.FollowerState (FollowerState.java:run(106)) - 37fe2768-1af7-42e7-8542-10b932802b02:group-4DD6AE89F1C8 changes to CANDIDATE, lastRpcTime:5132, electionTimeout:5110ms
2019-09-20 04:49:56,927 | INFO  | SCMAudit | user=jenkins1000 | ip=192.168.36.79 | op=SEND_HEARTBEAT {datanodeUUID=db7872a1-bd52-4e68-8953-a9abbb9642a5, command=[]} | ret=SUCCESS |  
2019-09-20 04:49:56,927 [Thread-1670] INFO  impl.RoleInfo (RoleInfo.java:shutdownFollowerState(121)) - 37fe2768-1af7-42e7-8542-10b932802b02: shutdown FollowerState
2019-09-20 04:49:56,927 [Thread-1670] INFO  impl.RaftServerImpl (RaftServerImpl.java:setRole(171)) - 37fe2768-1af7-42e7-8542-10b932802b02:group-4DD6AE89F1C8 changes role from FOLLOWER to CANDIDATE at term 0 for changeToCandidate
2019-09-20 04:49:57,640 [Thread-1676] WARN  util.JavaUtils (JavaUtils.java:sleep(250)) - Unexpected long sleep: sleep(5027ms) actually took 5734ms which is over the threshold 300ms
2019-09-20 04:49:57,640 [Thread-1673] WARN  util.JavaUtils (JavaUtils.java:sleep(250)) - Unexpected long sleep: sleep(5090ms) actually took 5787ms which is over the threshold 300ms
2019-09-20 04:49:57,639 [Thread-1682] WARN  util.JavaUtils (JavaUtils.java:sleep(250)) - Unexpected long sleep: sleep(5037ms) actually took 5584ms which is over the threshold 300ms
2019-09-20 04:49:57,640 | INFO  | SCMAudit | user=jenkins1000 | ip=192.168.36.79 | op=SEND_HEARTBEAT {datanodeUUID=6a6ac22f-fdb0-4283-a89a-a8bc92b139ca, command=[]} | ret=SUCCESS |  
2019-09-20 04:49:57,640 | INFO  | SCMAudit | user=jenkins1000 | ip=192.168.36.79 | op=SEND_HEARTBEAT {datanodeUUID=c9787825-ea51-4014-8feb-b4ee136c6b23, command=[]} | ret=SUCCESS |  
2019-09-20 04:49:57,640 | INFO  | SCMAudit | user=jenkins1000 | ip=192.168.36.79 | op=SEND_HEARTBEAT {datanodeUUID=c82e94d7-3693-4569-94b0-cf8ff008d5c0, command=[]} | ret=SUCCESS |  
2019-09-20 04:49:57,639 [Thread-1679] WARN  util.JavaUtils (JavaUtils.java:sleep(250)) - Unexpected long sleep: sleep(5099ms) actually took 5642ms which is over the threshold 300ms
2019-09-20 04:49:57,638 [Thread-1685] WARN  util.JavaUtils (JavaUtils.java:sleep(250)) - Unexpected long sleep: sleep(5122ms) actually took 5425ms which is over the threshold 300ms
2019-09-20 04:49:57,637 [Thread-1691] INFO  impl.FollowerState (FollowerState.java:run(106)) - c82e94d7-3693-4569-94b0-cf8ff008d5c0:group-52B82D481A72 changes to CANDIDATE, lastRpcTime:5299, electionTimeout:5045ms
2019-09-20 04:49:57,640 | INFO  | SCMAudit | user=jenkins1000 | ip=192.168.36.79 | op=SEND_HEARTBEAT {datanodeUUID=d5424862-00f5-4f26-882d-9249b213a1ef, command=[]} | ret=SUCCESS |  
2019-09-20 04:49:57,637 [Thread-1688] INFO  impl.FollowerState (FollowerState.java:run(106)) - c82e94d7-3693-4569-94b0-cf8ff008d5c0:group-48691FADB9F7 changes to CANDIDATE, lastRpcTime:5358, electionTimeout:5119ms
2019-09-20 04:49:57,648 [Thread-1688] INFO  impl.RoleInfo (RoleInfo.java:shutdownFollowerState(121)) - c82e94d7-3693-4569-94b0-cf8ff008d5c0: shutdown FollowerState
2019-09-20 04:49:57,640 | INFO  | SCMAudit | user=jenkins1000 | ip=192.168.36.79 | op=SEND_HEARTBEAT {datanodeUUID=1b138595-92e4-4592-9dfc-2bb97fb4c88b, command=[]} | ret=SUCCESS |  
2019-09-20 04:49:57,637 [Thread-1694] INFO  impl.FollowerState (FollowerState.java:run(106)) - c82e94d7-3693-4569-94b0-cf8ff008d5c0:group-BB2F655D5E0E changes to CANDIDATE, lastRpcTime:5248, electionTimeout:5043ms
2019-09-20 04:49:57,637 [Thread-1697] INFO  impl.FollowerState (FollowerState.java:run(106)) - c82e94d7-3693-4569-94b0-cf8ff008d5c0:group-5BEB7696209F changes to CANDIDATE, lastRpcTime:5162, electionTimeout:5006ms
2019-09-20 04:49:57,649 [Thread-1697] INFO  impl.RoleInfo (RoleInfo.java:shutdownFollowerState(121)) - c82e94d7-3693-4569-94b0-cf8ff008d5c0: shutdown FollowerState
2019-09-20 04:49:57,636 [main] INFO  server.StorageContainerManager (StorageContainerManager.java:start(773)) - ScmDatanodeProtocl RPC server is listening at /0.0.0.0:38264
2019-09-20 04:49:57,635 [Thread-1700] INFO  impl.FollowerState (FollowerState.java:run(106)) - c82e94d7-3693-4569-94b0-cf8ff008d5c0:group-7649C9CAF23A changes to CANDIDATE, lastRpcTime:5102, electionTimeout:5054ms
2019-09-20 04:49:57,634 [Thread-1703] INFO  impl.FollowerState (FollowerState.java:run(106)) - 1b138595-92e4-4592-9dfc-2bb97fb4c88b:group-21D88F873970 changes to CANDIDATE, lastRpcTime:5041, electionTimeout:5041ms
2019-09-20 04:49:57,649 [Thread-1700] INFO  impl.RoleInfo (RoleInfo.java:shutdownFollowerState(121)) - c82e94d7-3693-4569-94b0-cf8ff008d5c0: shutdown FollowerState
2019-09-20 04:49:57,649 [main] INFO  server.SCMDatanodeProtocolServer (SCMDatanodeProtocolServer.java:start(191)) - RPC server for DataNodes is listening at /0.0.0.0:38264
2019-09-20 04:49:57,649 [Thread-1697] INFO  impl.RaftServerImpl (RaftServerImpl.java:setRole(171)) - c82e94d7-3693-4569-94b0-cf8ff008d5c0:group-5BEB7696209F changes role from FOLLOWER to CANDIDATE at term 0 for changeToCandidate
2019-09-20 04:49:57,649 [Thread-1694] INFO  impl.RoleInfo (RoleInfo.java:shutdownFollowerState(121)) - c82e94d7-3693-4569-94b0-cf8ff008d5c0: shutdown FollowerState
2019-09-20 04:49:57,650 [Thread-1697] INFO  impl.RoleInfo (RoleInfo.java:updateAndGet(143)) - c82e94d7-3693-4569-94b0-cf8ff008d5c0: start LeaderElection
2019-09-20 04:49:57,649 [Thread-1670] INFO  impl.RoleInfo (RoleInfo.java:updateAndGet(143)) - 37fe2768-1af7-42e7-8542-10b932802b02: start LeaderElection
2019-09-20 04:49:57,662 | INFO  | SCMAudit | user=jenkins1000 | ip=192.168.36.79 | op=SEND_HEARTBEAT {datanodeUUID=fdbc37f2-9e58-4bac-a5d5-a78839d012e9, command=[]} | ret=SUCCESS |  
2019-09-20 04:49:57,664 | INFO  | SCMAudit | user=jenkins1000 | ip=192.168.36.79 | op=SEND_HEARTBEAT {datanodeUUID=3c2a6bfe-f5c5-4e23-89b0-850dab17697d, command=[]} | ret=SUCCESS |  
2019-09-20 04:49:57,665 | INFO  | SCMAudit | user=jenkins1000 | ip=192.168.36.79 | op=SEND_HEARTBEAT {datanodeUUID=68a93ad8-b6a8-44e1-8a9f-45fcc58d229a, command=[]} | ret=SUCCESS |  
2019-09-20 04:49:57,665 | INFO  | SCMAudit | user=jenkins1000 | ip=192.168.36.79 | op=SEND_HEARTBEAT {datanodeUUID=8538cd65-7926-426b-8bad-fbd0f0550f9a, command=[]} | ret=SUCCESS |  
2019-09-20 04:49:57,665 | INFO  | SCMAudit | user=jenkins1000 | ip=192.168.36.79 | op=SEND_HEARTBEAT {datanodeUUID=a9bc59c4-b792-48d5-9db2-4e71770477b1, command=[]} | ret=SUCCESS |  
2019-09-20 04:49:57,665 | INFO  | SCMAudit | user=jenkins1000 | ip=192.168.36.79 | op=SEND_HEARTBEAT {datanodeUUID=5ea19b84-5385-4ae9-8412-c4cfa929b172, command=[]} | ret=SUCCESS |  
2019-09-20 04:49:57,665 | INFO  | SCMAudit | user=jenkins1000 | ip=192.168.36.79 | op=SEND_HEARTBEAT {datanodeUUID=dba845b8-ea76-4e09-ab03-0883d354e493, command=[]} | ret=SUCCESS |  
2019-09-20 04:49:57,665 | INFO  | SCMAudit | user=jenkins1000 | ip=192.168.36.79 | op=SEND_HEARTBEAT {datanodeUUID=eb30d72f-c0a8-4ecb-bfee-9120a9a6cddf, command=[]} | ret=SUCCESS |  
2019-09-20 04:49:57,665 | INFO  | SCMAudit | user=jenkins1000 | ip=192.168.36.79 | op=SEND_HEARTBEAT {datanodeUUID=0ad3f89e-804f-4845-89c5-5ff1a35a5dda, command=[]} | ret=SUCCESS |  
2019-09-20 04:49:57,665 | INFO  | SCMAudit | user=jenkins1000 | ip=192.168.36.79 | op=SEND_HEARTBEAT {datanodeUUID=37fe2768-1af7-42e7-8542-10b932802b02, command=[]} | ret=SUCCESS |  
2019-09-20 04:49:57,650 [IPC Server listener on 38264] INFO  ipc.Server (Server.java:run(1153)) - IPC Server listener on 38264: starting
2019-09-20 04:49:57,649 [Thread-1688] INFO  impl.RaftServerImpl (RaftServerImpl.java:setRole(171)) - c82e94d7-3693-4569-94b0-cf8ff008d5c0:group-48691FADB9F7 changes role from FOLLOWER to CANDIDATE at term 0 for changeToCandidate
2019-09-20 04:49:57,666 | INFO  | SCMAudit | user=jenkins1000 | ip=192.168.36.79 | op=SEND_HEARTBEAT {datanodeUUID=2702b462-69d8-4c1b-aae1-091a21fe08b8, command=[]} | ret=SUCCESS |  
2019-09-20 04:49:57,666 | INFO  | SCMAudit | user=jenkins1000 | ip=192.168.36.79 | op=SEND_HEARTBEAT {datanodeUUID=8d97392c-5f4b-400a-94a1-fb61a3ebbc99, command=[]} | ret=SUCCESS |  
2019-09-20 04:49:57,666 | INFO  | SCMAudit | user=jenkins1000 | ip=192.168.36.79 | op=SEND_HEARTBEAT {datanodeUUID=ea71b9af-1075-4196-9693-aa14e10f536d, command=[]} | ret=SUCCESS |  
2019-09-20 04:49:57,640 [Thread-1691] INFO  impl.RoleInfo (RoleInfo.java:shutdownFollowerState(121)) - c82e94d7-3693-4569-94b0-cf8ff008d5c0: shutdown FollowerState
2019-09-20 04:49:57,666 | INFO  | SCMAudit | user=jenkins1000 | ip=192.168.36.79 | op=SEND_HEARTBEAT {datanodeUUID=c4f6294c-eda3-4afd-81f7-e69ed14da69f, command=[]} | ret=SUCCESS |  
2019-09-20 04:49:57,666 | INFO  | SCMAudit | user=jenkins1000 | ip=192.168.36.79 | op=SEND_HEARTBEAT {datanodeUUID=236eed40-dd97-4fdc-a0ae-ab99685a426b, command=[]} | ret=SUCCESS |  
2019-09-20 04:49:57,640 [37fe2768-1af7-42e7-8542-10b932802b02:group-E4BCCFBC35CB:LeaderElection123] INFO  impl.RaftServerImpl (ServerState.java:setRaftConf(361)) - 37fe2768-1af7-42e7-8542-10b932802b02:group-E4BCCFBC35CB set configuration 0: [37fe2768-1af7-42e7-8542-10b932802b02:192.168.36.79:41936], old=null at 0
2019-09-20 04:49:57,666 | INFO  | SCMAudit | user=jenkins1000 | ip=192.168.36.79 | op=SEND_HEARTBEAT {datanodeUUID=eaf3ecbe-c3b1-4969-ad3a-e4de7fb04f81, command=[]} | ret=SUCCESS |  
2019-09-20 04:49:57,666 | INFO  | SCMAudit | user=jenkins1000 | ip=192.168.36.79 | op=SEND_HEARTBEAT {datanodeUUID=1d91ad97-6666-4ee7-855a-8b5e944e7401, command=[]} | ret=SUCCESS |  
2019-09-20 04:49:57,666 [Thread-1691] INFO  impl.RaftServerImpl (RaftServerImpl.java:setRole(171)) - c82e94d7-3693-4569-94b0-cf8ff008d5c0:group-52B82D481A72 changes role from FOLLOWER to CANDIDATE at term 0 for changeToCandidate
2019-09-20 04:49:57,666 [Thread-1688] INFO  impl.RoleInfo (RoleInfo.java:updateAndGet(143)) - c82e94d7-3693-4569-94b0-cf8ff008d5c0: start LeaderElection
2019-09-20 04:49:57,663 [main] INFO  http.HttpServer2 (HttpServer2.java:bindListener(1191)) - Jetty bound to port 44130
2019-09-20 04:49:57,713 | INFO  | SCMAudit | user=jenkins1000 | ip=192.168.36.79 | op=SEND_HEARTBEAT {datanodeUUID=f4e549ee-a6fa-4eb9-8541-129d0566fdf5, command=[]} | ret=SUCCESS |  
2019-09-20 04:49:57,650 [IPC Server Responder] INFO  ipc.Server (Server.java:run(1314)) - IPC Server Responder: starting
2019-09-20 04:49:57,713 | INFO  | SCMAudit | user=jenkins1000 | ip=192.168.36.79 | op=SEND_HEARTBEAT {datanodeUUID=ba95d636-ac34-4b74-a102-dec8d0f377c6, command=[]} | ret=SUCCESS |  
2019-09-20 04:49:57,713 | INFO  | SCMAudit | user=jenkins1000 | ip=192.168.36.79 | op=SEND_HEARTBEAT {datanodeUUID=42fc6e92-fcdd-4827-b621-9fc58a3d2315, command=[]} | ret=SUCCESS |  
2019-09-20 04:49:57,713 | INFO  | SCMAudit | user=jenkins1000 | ip=192.168.36.79 | op=SEND_HEARTBEAT {datanodeUUID=bd1a845e-f2ed-4713-9516-9ccc20139040, command=[]} | ret=SUCCESS |  
2019-09-20 04:49:57,713 [37fe2768-1af7-42e7-8542-10b932802b02:group-4DD6AE89F1C8:LeaderElection124] INFO  impl.LeaderElection (LeaderElection.java:askForVotes(181)) - 37fe2768-1af7-42e7-8542-10b932802b02:group-4DD6AE89F1C8:LeaderElection124: begin an election at term 1 for -1: [37fe2768-1af7-42e7-8542-10b932802b02:192.168.36.79:41936], old=null
2019-09-20 04:49:57,713 | INFO  | SCMAudit | user=jenkins1000 | ip=192.168.36.79 | op=SEND_HEARTBEAT {datanodeUUID=2d6465ef-cffa-473a-a4c6-a9aa3f1a26c0, command=[]} | ret=SUCCESS |  
2019-09-20 04:49:57,650 [Thread-1694] INFO  impl.RaftServerImpl (RaftServerImpl.java:setRole(171)) - c82e94d7-3693-4569-94b0-cf8ff008d5c0:group-BB2F655D5E0E changes role from FOLLOWER to CANDIDATE at term 0 for changeToCandidate
2019-09-20 04:49:57,649 [Thread-1700] INFO  impl.RaftServerImpl (RaftServerImpl.java:setRole(171)) - c82e94d7-3693-4569-94b0-cf8ff008d5c0:group-7649C9CAF23A changes role from FOLLOWER to CANDIDATE at term 0 for changeToCandidate
2019-09-20 04:49:57,649 [Thread-1703] INFO  impl.RoleInfo (RoleInfo.java:shutdownFollowerState(121)) - 1b138595-92e4-4592-9dfc-2bb97fb4c88b: shutdown FollowerState
2019-09-20 04:49:57,721 [Thread-1700] INFO  impl.RoleInfo (RoleInfo.java:updateAndGet(143)) - c82e94d7-3693-4569-94b0-cf8ff008d5c0: start LeaderElection
2019-09-20 04:49:57,721 [Thread-1694] INFO  impl.RoleInfo (RoleInfo.java:updateAndGet(143)) - c82e94d7-3693-4569-94b0-cf8ff008d5c0: start LeaderElection
2019-09-20 04:49:57,721 [37fe2768-1af7-42e7-8542-10b932802b02:group-4DD6AE89F1C8:LeaderElection124] INFO  impl.RoleInfo (RoleInfo.java:shutdownLeaderElection(134)) - 37fe2768-1af7-42e7-8542-10b932802b02: shutdown LeaderElection
2019-09-20 04:49:57,713 [main] INFO  server.Server (Server.java:doStart(351)) - jetty-9.3.24.v20180605, build timestamp: 2018-06-05T17:11:56Z, git hash: 84205aa28f11a4f31f2a3b86d1bba2cc8ab69827
2019-09-20 04:49:57,666 [Thread-1691] INFO  impl.RoleInfo (RoleInfo.java:updateAndGet(143)) - c82e94d7-3693-4569-94b0-cf8ff008d5c0: start LeaderElection
2019-09-20 04:49:57,721 [Thread-1703] INFO  impl.RaftServerImpl (RaftServerImpl.java:setRole(171)) - 1b138595-92e4-4592-9dfc-2bb97fb4c88b:group-21D88F873970 changes role from FOLLOWER to CANDIDATE at term 0 for changeToCandidate
2019-09-20 04:49:57,722 [37fe2768-1af7-42e7-8542-10b932802b02:group-4DD6AE89F1C8:LeaderElection124] INFO  impl.RaftServerImpl (RaftServerImpl.java:setRole(171)) - 37fe2768-1af7-42e7-8542-10b932802b02:group-4DD6AE89F1C8 changes role from CANDIDATE to LEADER at term 1 for changeToLeader
2019-09-20 04:49:57,722 [37fe2768-1af7-42e7-8542-10b932802b02:group-4DD6AE89F1C8:LeaderElection124] INFO  impl.RaftServerImpl (ServerState.java:setLeader(263)) - 37fe2768-1af7-42e7-8542-10b932802b02:group-4DD6AE89F1C8 change Leader from null to 37fe2768-1af7-42e7-8542-10b932802b02 at term 1 for becomeLeader, leader elected after 5931ms
2019-09-20 04:49:57,722 [Thread-1703] INFO  impl.RoleInfo (RoleInfo.java:updateAndGet(143)) - 1b138595-92e4-4592-9dfc-2bb97fb4c88b: start LeaderElection
2019-09-20 04:49:57,722 [37fe2768-1af7-42e7-8542-10b932802b02:group-4DD6AE89F1C8:LeaderElection124] INFO  server.RaftServerConfigKeys (ConfUtils.java:logGet(43)) - raft.server.staging.catchup.gap = 1000 (default)
2019-09-20 04:49:57,723 [37fe2768-1af7-42e7-8542-10b932802b02:group-4DD6AE89F1C8:LeaderElection124] INFO  server.RaftServerConfigKeys (ConfUtils.java:logGet(43)) - raft.server.rpc.sleep.time = 25ms (default)
2019-09-20 04:49:57,723 [37fe2768-1af7-42e7-8542-10b932802b02:group-4DD6AE89F1C8:LeaderElection124] INFO  server.RaftServerConfigKeys (ConfUtils.java:logGet(43)) - raft.server.write.element-limit = 4096 (default)
2019-09-20 04:49:57,723 [37fe2768-1af7-42e7-8542-10b932802b02:group-4DD6AE89F1C8:LeaderElection124] INFO  server.RaftServerConfigKeys (ConfUtils.java:logGet(43)) - raft.server.watch.timeout = 10s (default)
2019-09-20 04:49:57,723 [37fe2768-1af7-42e7-8542-10b932802b02:group-4DD6AE89F1C8:LeaderElection124] INFO  server.RaftServerConfigKeys (ConfUtils.java:logGet(43)) - raft.server.watch.timeout.denomination = 1s (default)
2019-09-20 04:49:57,723 [37fe2768-1af7-42e7-8542-10b932802b02:group-4DD6AE89F1C8:LeaderElection124] INFO  server.RaftServerConfigKeys (ConfUtils.java:logGet(43)) - raft.server.watch.element-limit = 65536 (default)
2019-09-20 04:49:57,724 [37fe2768-1af7-42e7-8542-10b932802b02:group-4DD6AE89F1C8:LeaderElection124] INFO  impl.RoleInfo (RoleInfo.java:updateAndGet(143)) - 37fe2768-1af7-42e7-8542-10b932802b02: start LeaderState
2019-09-20 04:49:57,724 [37fe2768-1af7-42e7-8542-10b932802b02:group-4DD6AE89F1C8:LeaderElection124] INFO  segmented.SegmentedRaftLogWorker (SegmentedRaftLogWorker.java:startLogSegment(380)) - 37fe2768-1af7-42e7-8542-10b932802b02-SegmentedRaftLogWorker:Storage Directory /workdir/hadoop-ozone/integration-test/target/test-dir/MiniOzoneClusterImpl-3cdd9aee-ba37-4d0d-8930-872cb3194007/datanode-0/data/ratis/1628fa90-167c-4ec5-ac73-4dd6ae89f1c8: Starting segment from index:0
2019-09-20 04:49:57,724 [main] INFO  handler.ContextHandler (ContextHandler.java:doStart(781)) - Started o.e.j.s.ServletContextHandler@6c2d124e{/logs,file:///workdir/hadoop-ozone/integration-test/target/log,AVAILABLE}
2019-09-20 04:49:57,724 [37fe2768-1af7-42e7-8542-10b932802b02:group-4DD6AE89F1C8:LeaderElection124] INFO  impl.RaftServerImpl (ServerState.java:setRaftConf(361)) - 37fe2768-1af7-42e7-8542-10b932802b02:group-4DD6AE89F1C8 set configuration 0: [37fe2768-1af7-42e7-8542-10b932802b02:192.168.36.79:41936], old=null at 0
2019-09-20 04:49:57,725 [main] INFO  handler.ContextHandler (ContextHandler.java:doStart(781)) - Started o.e.j.s.ServletContextHandler@59f5a376{/static,file:///workdir/hadoop-ozone/integration-test/target/test-classes/webapps/static,AVAILABLE}
2019-09-20 04:49:58,147 [Thread-1712] INFO  impl.FollowerState (FollowerState.java:run(106)) - 1b138595-92e4-4592-9dfc-2bb97fb4c88b:group-DFEA41C0B268 changes to CANDIDATE, lastRpcTime:5310, electionTimeout:5121ms
2019-09-20 04:49:58,147 [Thread-1715] INFO  impl.FollowerState (FollowerState.java:run(106)) - 1b138595-92e4-4592-9dfc-2bb97fb4c88b:group-20A63989774B changes to CANDIDATE, lastRpcTime:5167, electionTimeout:5021ms
2019-09-20 04:49:58,147 [Thread-1712] INFO  impl.RoleInfo (RoleInfo.java:shutdownFollowerState(121)) - 1b138595-92e4-4592-9dfc-2bb97fb4c88b: shutdown FollowerState
2019-09-20 04:49:58,147 [Thread-1715] INFO  impl.RoleInfo (RoleInfo.java:shutdownFollowerState(121)) - 1b138595-92e4-4592-9dfc-2bb97fb4c88b: shutdown FollowerState
2019-09-20 04:49:58,147 [Thread-1712] INFO  impl.RaftServerImpl (RaftServerImpl.java:setRole(171)) - 1b138595-92e4-4592-9dfc-2bb97fb4c88b:group-DFEA41C0B268 changes role from FOLLOWER to CANDIDATE at term 0 for changeToCandidate
2019-09-20 04:49:58,147 [Thread-1709] WARN  util.JavaUtils (JavaUtils.java:sleep(250)) - Unexpected long sleep: sleep(5038ms) actually took 5378ms which is over the threshold 300ms
2019-09-20 04:49:58,147 | INFO  | SCMAudit | user=jenkins1000 | ip=192.168.36.79 | op=SEND_HEARTBEAT {datanodeUUID=db7872a1-bd52-4e68-8953-a9abbb9642a5, command=[]} | ret=SUCCESS |  
2019-09-20 04:49:58,147 [Thread-1706] WARN  util.JavaUtils (JavaUtils.java:sleep(250)) - Unexpected long sleep: sleep(5041ms) actually took 5452ms which is over the threshold 300ms
2019-09-20 04:49:58,147 | INFO  | SCMAudit | user=jenkins1000 | ip=192.168.36.79 | op=SEND_HEARTBEAT {datanodeUUID=c9787825-ea51-4014-8feb-b4ee136c6b23, command=[]} | ret=SUCCESS |  
2019-09-20 04:49:58,147 [Thread-1715] INFO  impl.RaftServerImpl (RaftServerImpl.java:setRole(171)) - 1b138595-92e4-4592-9dfc-2bb97fb4c88b:group-20A63989774B changes role from FOLLOWER to CANDIDATE at term 0 for changeToCandidate
2019-09-20 04:49:58,147 [Thread-1712] INFO  impl.RoleInfo (RoleInfo.java:updateAndGet(143)) - 1b138595-92e4-4592-9dfc-2bb97fb4c88b: start LeaderElection
2019-09-20 04:49:58,147 [Thread-1715] INFO  impl.RoleInfo (RoleInfo.java:updateAndGet(143)) - 1b138595-92e4-4592-9dfc-2bb97fb4c88b: start LeaderElection
2019-09-20 04:49:58,150 [main] INFO  handler.ContextHandler (ContextHandler.java:doStart(781)) - Started o.e.j.w.WebAppContext@4ea4290f{/,file:///workdir/hadoop-ozone/integration-test/target/test-classes/webapps/scm/,AVAILABLE}{/scm}
2019-09-20 04:49:58,150 [main] INFO  server.AbstractConnector (AbstractConnector.java:doStart(278)) - Started ServerConnector@25cef4b3{HTTP/1.1,[http/1.1]}{0.0.0.0:44130}
2019-09-20 04:49:58,158 [c82e94d7-3693-4569-94b0-cf8ff008d5c0:group-7649C9CAF23A:LeaderElection129] INFO  impl.LeaderElection (LeaderElection.java:askForVotes(181)) - c82e94d7-3693-4569-94b0-cf8ff008d5c0:group-7649C9CAF23A:LeaderElection129: begin an election at term 1 for -1: [c82e94d7-3693-4569-94b0-cf8ff008d5c0:192.168.36.79:33912], old=null
2019-09-20 04:49:58,157 [c82e94d7-3693-4569-94b0-cf8ff008d5c0:group-BB2F655D5E0E:LeaderElection128] INFO  impl.LeaderElection (LeaderElection.java:askForVotes(181)) - c82e94d7-3693-4569-94b0-cf8ff008d5c0:group-BB2F655D5E0E:LeaderElection128: begin an election at term 1 for -1: [c82e94d7-3693-4569-94b0-cf8ff008d5c0:192.168.36.79:33912], old=null
2019-09-20 04:49:58,157 [1b138595-92e4-4592-9dfc-2bb97fb4c88b:group-21D88F873970:LeaderElection130] INFO  impl.LeaderElection (LeaderElection.java:askForVotes(181)) - 1b138595-92e4-4592-9dfc-2bb97fb4c88b:group-21D88F873970:LeaderElection130: begin an election at term 1 for -1: [1b138595-92e4-4592-9dfc-2bb97fb4c88b:192.168.36.79:46597], old=null
2019-09-20 04:49:58,157 [c82e94d7-3693-4569-94b0-cf8ff008d5c0:group-52B82D481A72:LeaderElection127] INFO  impl.LeaderElection (LeaderElection.java:askForVotes(181)) - c82e94d7-3693-4569-94b0-cf8ff008d5c0:group-52B82D481A72:LeaderElection127: begin an election at term 1 for -1: [c82e94d7-3693-4569-94b0-cf8ff008d5c0:192.168.36.79:33912], old=null
2019-09-20 04:49:58,157 [c82e94d7-3693-4569-94b0-cf8ff008d5c0:group-5BEB7696209F:LeaderElection125] INFO  impl.LeaderElection (LeaderElection.java:askForVotes(181)) - c82e94d7-3693-4569-94b0-cf8ff008d5c0:group-5BEB7696209F:LeaderElection125: begin an election at term 1 for -1: [c82e94d7-3693-4569-94b0-cf8ff008d5c0:192.168.36.79:33912], old=null
2019-09-20 04:49:58,157 [c82e94d7-3693-4569-94b0-cf8ff008d5c0:group-48691FADB9F7:LeaderElection126] INFO  impl.LeaderElection (LeaderElection.java:askForVotes(181)) - c82e94d7-3693-4569-94b0-cf8ff008d5c0:group-48691FADB9F7:LeaderElection126: begin an election at term 1 for -1: [c82e94d7-3693-4569-94b0-cf8ff008d5c0:192.168.36.79:33912], old=null
2019-09-20 04:49:58,158 [c82e94d7-3693-4569-94b0-cf8ff008d5c0:group-5BEB7696209F:LeaderElection125] INFO  impl.RoleInfo (RoleInfo.java:shutdownLeaderElection(134)) - c82e94d7-3693-4569-94b0-cf8ff008d5c0: shutdown LeaderElection
2019-09-20 04:49:58,158 [c82e94d7-3693-4569-94b0-cf8ff008d5c0:group-52B82D481A72:LeaderElection127] INFO  impl.RoleInfo (RoleInfo.java:shutdownLeaderElection(134)) - c82e94d7-3693-4569-94b0-cf8ff008d5c0: shutdown LeaderElection
2019-09-20 04:49:58,158 [1b138595-92e4-4592-9dfc-2bb97fb4c88b:group-21D88F873970:LeaderElection130] INFO  impl.RoleInfo (RoleInfo.java:shutdownLeaderElection(134)) - 1b138595-92e4-4592-9dfc-2bb97fb4c88b: shutdown LeaderElection
2019-09-20 04:49:58,158 [c82e94d7-3693-4569-94b0-cf8ff008d5c0:group-BB2F655D5E0E:LeaderElection128] INFO  impl.RoleInfo (RoleInfo.java:shutdownLeaderElection(134)) - c82e94d7-3693-4569-94b0-cf8ff008d5c0: shutdown LeaderElection
2019-09-20 04:49:58,158 [c82e94d7-3693-4569-94b0-cf8ff008d5c0:group-7649C9CAF23A:LeaderElection129] INFO  impl.RoleInfo (RoleInfo.java:shutdownLeaderElection(134)) - c82e94d7-3693-4569-94b0-cf8ff008d5c0: shutdown LeaderElection
2019-09-20 04:49:58,159 [c82e94d7-3693-4569-94b0-cf8ff008d5c0:group-7649C9CAF23A:LeaderElection129] INFO  impl.RaftServerImpl (RaftServerImpl.java:setRole(171)) - c82e94d7-3693-4569-94b0-cf8ff008d5c0:group-7649C9CAF23A changes role from CANDIDATE to LEADER at term 1 for changeToLeader
2019-09-20 04:49:58,158 [main] INFO  server.Server (Server.java:doStart(419)) - Started @80146ms
2019-09-20 04:49:58,159 [c82e94d7-3693-4569-94b0-cf8ff008d5c0:group-7649C9CAF23A:LeaderElection129] INFO  impl.RaftServerImpl (ServerState.java:setLeader(263)) - c82e94d7-3693-4569-94b0-cf8ff008d5c0:group-7649C9CAF23A change Leader from null to c82e94d7-3693-4569-94b0-cf8ff008d5c0 at term 1 for becomeLeader, leader elected after 5629ms
2019-09-20 04:49:58,159 [c82e94d7-3693-4569-94b0-cf8ff008d5c0:group-BB2F655D5E0E:LeaderElection128] INFO  impl.RaftServerImpl (RaftServerImpl.java:setRole(171)) - c82e94d7-3693-4569-94b0-cf8ff008d5c0:group-BB2F655D5E0E changes role from CANDIDATE to LEADER at term 1 for changeToLeader
2019-09-20 04:49:58,158 [1b138595-92e4-4592-9dfc-2bb97fb4c88b:group-21D88F873970:LeaderElection130] INFO  impl.RaftServerImpl (RaftServerImpl.java:setRole(171)) - 1b138595-92e4-4592-9dfc-2bb97fb4c88b:group-21D88F873970 changes role from CANDIDATE to LEADER at term 1 for changeToLeader
2019-09-20 04:49:58,158 [c82e94d7-3693-4569-94b0-cf8ff008d5c0:group-52B82D481A72:LeaderElection127] INFO  impl.RaftServerImpl (RaftServerImpl.java:setRole(171)) - c82e94d7-3693-4569-94b0-cf8ff008d5c0:group-52B82D481A72 changes role from CANDIDATE to LEADER at term 1 for changeToLeader
2019-09-20 04:49:58,158 [c82e94d7-3693-4569-94b0-cf8ff008d5c0:group-5BEB7696209F:LeaderElection125] INFO  impl.RaftServerImpl (RaftServerImpl.java:setRole(171)) - c82e94d7-3693-4569-94b0-cf8ff008d5c0:group-5BEB7696209F changes role from CANDIDATE to LEADER at term 1 for changeToLeader
2019-09-20 04:49:58,158 [c82e94d7-3693-4569-94b0-cf8ff008d5c0:group-48691FADB9F7:LeaderElection126] INFO  impl.RoleInfo (RoleInfo.java:shutdownLeaderElection(134)) - c82e94d7-3693-4569-94b0-cf8ff008d5c0: shutdown LeaderElection
2019-09-20 04:49:58,159 [c82e94d7-3693-4569-94b0-cf8ff008d5c0:group-5BEB7696209F:LeaderElection125] INFO  impl.RaftServerImpl (ServerState.java:setLeader(263)) - c82e94d7-3693-4569-94b0-cf8ff008d5c0:group-5BEB7696209F change Leader from null to c82e94d7-3693-4569-94b0-cf8ff008d5c0 at term 1 for becomeLeader, leader elected after 5689ms
2019-09-20 04:49:58,159 [c82e94d7-3693-4569-94b0-cf8ff008d5c0:group-52B82D481A72:LeaderElection127] INFO  impl.RaftServerImpl (ServerState.java:setLeader(263)) - c82e94d7-3693-4569-94b0-cf8ff008d5c0:group-52B82D481A72 change Leader from null to c82e94d7-3693-4569-94b0-cf8ff008d5c0 at term 1 for becomeLeader, leader elected after 5823ms
2019-09-20 04:49:58,159 [1b138595-92e4-4592-9dfc-2bb97fb4c88b:group-21D88F873970:LeaderElection130] INFO  impl.RaftServerImpl (ServerState.java:setLeader(263)) - 1b138595-92e4-4592-9dfc-2bb97fb4c88b:group-21D88F873970 change Leader from null to 1b138595-92e4-4592-9dfc-2bb97fb4c88b at term 1 for becomeLeader, leader elected after 5570ms
2019-09-20 04:49:58,159 [c82e94d7-3693-4569-94b0-cf8ff008d5c0:group-BB2F655D5E0E:LeaderElection128] INFO  impl.RaftServerImpl (ServerState.java:setLeader(263)) - c82e94d7-3693-4569-94b0-cf8ff008d5c0:group-BB2F655D5E0E change Leader from null to c82e94d7-3693-4569-94b0-cf8ff008d5c0 at term 1 for becomeLeader, leader elected after 5773ms
2019-09-20 04:49:58,160 [main] INFO  server.BaseHttpServer (BaseHttpServer.java:updateConnectorAddress(213)) - HTTP server of SCM is listening at http://0.0.0.0:44130
2019-09-20 04:49:58,159 [c82e94d7-3693-4569-94b0-cf8ff008d5c0:group-7649C9CAF23A:LeaderElection129] INFO  server.RaftServerConfigKeys (ConfUtils.java:logGet(43)) - raft.server.staging.catchup.gap = 1000 (default)
2019-09-20 04:49:58,160 [c82e94d7-3693-4569-94b0-cf8ff008d5c0:group-BB2F655D5E0E:LeaderElection128] INFO  server.RaftServerConfigKeys (ConfUtils.java:logGet(43)) - raft.server.staging.catchup.gap = 1000 (default)
2019-09-20 04:49:58,160 [1b138595-92e4-4592-9dfc-2bb97fb4c88b:group-21D88F873970:LeaderElection130] INFO  server.RaftServerConfigKeys (ConfUtils.java:logGet(43)) - raft.server.staging.catchup.gap = 1000 (default)
2019-09-20 04:49:58,167 [org.apache.hadoop.util.JvmPauseMonitor$Monitor@5bdef8ee] INFO  util.JvmPauseMonitor (JvmPauseMonitor.java:run(188)) - Starting JVM pause monitor
2019-09-20 04:49:58,159 [c82e94d7-3693-4569-94b0-cf8ff008d5c0:group-52B82D481A72:LeaderElection127] INFO  server.RaftServerConfigKeys (ConfUtils.java:logGet(43)) - raft.server.staging.catchup.gap = 1000 (default)
2019-09-20 04:49:58,159 [c82e94d7-3693-4569-94b0-cf8ff008d5c0:group-5BEB7696209F:LeaderElection125] INFO  server.RaftServerConfigKeys (ConfUtils.java:logGet(43)) - raft.server.staging.catchup.gap = 1000 (default)
2019-09-20 04:49:58,159 [c82e94d7-3693-4569-94b0-cf8ff008d5c0:group-48691FADB9F7:LeaderElection126] INFO  impl.RaftServerImpl (RaftServerImpl.java:setRole(171)) - c82e94d7-3693-4569-94b0-cf8ff008d5c0:group-48691FADB9F7 changes role from CANDIDATE to LEADER at term 1 for changeToLeader
2019-09-20 04:49:58,167 [c82e94d7-3693-4569-94b0-cf8ff008d5c0:group-5BEB7696209F:LeaderElection125] INFO  server.RaftServerConfigKeys (ConfUtils.java:logGet(43)) - raft.server.rpc.sleep.time = 25ms (default)
2019-09-20 04:49:58,167 [c82e94d7-3693-4569-94b0-cf8ff008d5c0:group-52B82D481A72:LeaderElection127] INFO  server.RaftServerConfigKeys (ConfUtils.java:logGet(43)) - raft.server.rpc.sleep.time = 25ms (default)
2019-09-20 04:49:58,167 [1b138595-92e4-4592-9dfc-2bb97fb4c88b:group-21D88F873970:LeaderElection130] INFO  server.RaftServerConfigKeys (ConfUtils.java:logGet(43)) - raft.server.rpc.sleep.time = 25ms (default)
2019-09-20 04:49:58,167 [1b138595-92e4-4592-9dfc-2bb97fb4c88b:group-20A63989774B:LeaderElection132] INFO  impl.LeaderElection (LeaderElection.java:askForVotes(181)) - 1b138595-92e4-4592-9dfc-2bb97fb4c88b:group-20A63989774B:LeaderElection132: begin an election at term 1 for -1: [1b138595-92e4-4592-9dfc-2bb97fb4c88b:192.168.36.79:46597], old=null
2019-09-20 04:49:58,168 [1b138595-92e4-4592-9dfc-2bb97fb4c88b:group-20A63989774B:LeaderElection132] INFO  impl.RoleInfo (RoleInfo.java:shutdownLeaderElection(134)) - 1b138595-92e4-4592-9dfc-2bb97fb4c88b: shutdown LeaderElection
2019-09-20 04:49:58,167 [1b138595-92e4-4592-9dfc-2bb97fb4c88b:group-DFEA41C0B268:LeaderElection131] INFO  impl.LeaderElection (LeaderElection.java:askForVotes(181)) - 1b138595-92e4-4592-9dfc-2bb97fb4c88b:group-DFEA41C0B268:LeaderElection131: begin an election at term 1 for -1: [1b138595-92e4-4592-9dfc-2bb97fb4c88b:192.168.36.79:46597], old=null
2019-09-20 04:49:58,160 [main] WARN  server.ServerUtils (ServerUtils.java:getDBPath(222)) - ozone.om.db.dirs is not configured. We recommend adding this setting. Falling back to ozone.metadata.dirs instead.
2019-09-20 04:49:58,160 [c82e94d7-3693-4569-94b0-cf8ff008d5c0:group-BB2F655D5E0E:LeaderElection128] INFO  server.RaftServerConfigKeys (ConfUtils.java:logGet(43)) - raft.server.rpc.sleep.time = 25ms (default)
2019-09-20 04:49:58,160 [c82e94d7-3693-4569-94b0-cf8ff008d5c0:group-7649C9CAF23A:LeaderElection129] INFO  server.RaftServerConfigKeys (ConfUtils.java:logGet(43)) - raft.server.rpc.sleep.time = 25ms (default)
2019-09-20 04:49:58,168 [c82e94d7-3693-4569-94b0-cf8ff008d5c0:group-BB2F655D5E0E:LeaderElection128] INFO  server.RaftServerConfigKeys (ConfUtils.java:logGet(43)) - raft.server.write.element-limit = 4096 (default)
2019-09-20 04:49:58,168 [1b138595-92e4-4592-9dfc-2bb97fb4c88b:group-DFEA41C0B268:LeaderElection131] INFO  impl.RoleInfo (RoleInfo.java:shutdownLeaderElection(134)) - 1b138595-92e4-4592-9dfc-2bb97fb4c88b: shutdown LeaderElection
2019-09-20 04:49:58,168 [1b138595-92e4-4592-9dfc-2bb97fb4c88b:group-20A63989774B:LeaderElection132] INFO  impl.RaftServerImpl (RaftServerImpl.java:setRole(171)) - 1b138595-92e4-4592-9dfc-2bb97fb4c88b:group-20A63989774B changes role from CANDIDATE to LEADER at term 1 for changeToLeader
2019-09-20 04:49:58,168 [1b138595-92e4-4592-9dfc-2bb97fb4c88b:group-20A63989774B:LeaderElection132] INFO  impl.RaftServerImpl (ServerState.java:setLeader(263)) - 1b138595-92e4-4592-9dfc-2bb97fb4c88b:group-20A63989774B change Leader from null to 1b138595-92e4-4592-9dfc-2bb97fb4c88b at term 1 for becomeLeader, leader elected after 5192ms
2019-09-20 04:49:58,167 [1b138595-92e4-4592-9dfc-2bb97fb4c88b:group-21D88F873970:LeaderElection130] INFO  server.RaftServerConfigKeys (ConfUtils.java:logGet(43)) - raft.server.write.element-limit = 4096 (default)
2019-09-20 04:49:58,167 [c82e94d7-3693-4569-94b0-cf8ff008d5c0:group-52B82D481A72:LeaderElection127] INFO  server.RaftServerConfigKeys (ConfUtils.java:logGet(43)) - raft.server.write.element-limit = 4096 (default)
2019-09-20 04:49:58,167 [c82e94d7-3693-4569-94b0-cf8ff008d5c0:group-5BEB7696209F:LeaderElection125] INFO  server.RaftServerConfigKeys (ConfUtils.java:logGet(43)) - raft.server.write.element-limit = 4096 (default)
2019-09-20 04:49:58,167 [c82e94d7-3693-4569-94b0-cf8ff008d5c0:group-48691FADB9F7:LeaderElection126] INFO  impl.RaftServerImpl (ServerState.java:setLeader(263)) - c82e94d7-3693-4569-94b0-cf8ff008d5c0:group-48691FADB9F7 change Leader from null to c82e94d7-3693-4569-94b0-cf8ff008d5c0 at term 1 for becomeLeader, leader elected after 5891ms
2019-09-20 04:49:58,169 [c82e94d7-3693-4569-94b0-cf8ff008d5c0:group-5BEB7696209F:LeaderElection125] INFO  server.RaftServerConfigKeys (ConfUtils.java:logGet(43)) - raft.server.watch.timeout = 10s (default)
2019-09-20 04:49:58,169 [c82e94d7-3693-4569-94b0-cf8ff008d5c0:group-52B82D481A72:LeaderElection127] INFO  server.RaftServerConfigKeys (ConfUtils.java:logGet(43)) - raft.server.watch.timeout = 10s (default)
2019-09-20 04:49:58,169 [1b138595-92e4-4592-9dfc-2bb97fb4c88b:group-21D88F873970:LeaderElection130] INFO  server.RaftServerConfigKeys (ConfUtils.java:logGet(43)) - raft.server.watch.timeout = 10s (default)
2019-09-20 04:49:58,168 [1b138595-92e4-4592-9dfc-2bb97fb4c88b:group-20A63989774B:LeaderElection132] INFO  server.RaftServerConfigKeys (ConfUtils.java:logGet(43)) - raft.server.staging.catchup.gap = 1000 (default)
2019-09-20 04:49:58,168 [1b138595-92e4-4592-9dfc-2bb97fb4c88b:group-DFEA41C0B268:LeaderElection131] INFO  impl.RaftServerImpl (RaftServerImpl.java:setRole(171)) - 1b138595-92e4-4592-9dfc-2bb97fb4c88b:group-DFEA41C0B268 changes role from CANDIDATE to LEADER at term 1 for changeToLeader
2019-09-20 04:49:58,168 [c82e94d7-3693-4569-94b0-cf8ff008d5c0:group-BB2F655D5E0E:LeaderElection128] INFO  server.RaftServerConfigKeys (ConfUtils.java:logGet(43)) - raft.server.watch.timeout = 10s (default)
2019-09-20 04:49:58,168 [c82e94d7-3693-4569-94b0-cf8ff008d5c0:group-7649C9CAF23A:LeaderElection129] INFO  server.RaftServerConfigKeys (ConfUtils.java:logGet(43)) - raft.server.write.element-limit = 4096 (default)
2019-09-20 04:49:58,169 [c82e94d7-3693-4569-94b0-cf8ff008d5c0:group-BB2F655D5E0E:LeaderElection128] INFO  server.RaftServerConfigKeys (ConfUtils.java:logGet(43)) - raft.server.watch.timeout.denomination = 1s (default)
2019-09-20 04:49:58,169 [1b138595-92e4-4592-9dfc-2bb97fb4c88b:group-DFEA41C0B268:LeaderElection131] INFO  impl.RaftServerImpl (ServerState.java:setLeader(263)) - 1b138595-92e4-4592-9dfc-2bb97fb4c88b:group-DFEA41C0B268 change Leader from null to 1b138595-92e4-4592-9dfc-2bb97fb4c88b at term 1 for becomeLeader, leader elected after 5336ms
2019-09-20 04:49:58,169 [1b138595-92e4-4592-9dfc-2bb97fb4c88b:group-20A63989774B:LeaderElection132] INFO  server.RaftServerConfigKeys (ConfUtils.java:logGet(43)) - raft.server.rpc.sleep.time = 25ms (default)
2019-09-20 04:49:58,169 [1b138595-92e4-4592-9dfc-2bb97fb4c88b:group-21D88F873970:LeaderElection130] INFO  server.RaftServerConfigKeys (ConfUtils.java:logGet(43)) - raft.server.watch.timeout.denomination = 1s (default)
2019-09-20 04:49:58,169 [c82e94d7-3693-4569-94b0-cf8ff008d5c0:group-52B82D481A72:LeaderElection127] INFO  server.RaftServerConfigKeys (ConfUtils.java:logGet(43)) - raft.server.watch.timeout.denomination = 1s (default)
2019-09-20 04:49:58,169 [c82e94d7-3693-4569-94b0-cf8ff008d5c0:group-5BEB7696209F:LeaderElection125] INFO  server.RaftServerConfigKeys (ConfUtils.java:logGet(43)) - raft.server.watch.timeout.denomination = 1s (default)
2019-09-20 04:49:58,169 [c82e94d7-3693-4569-94b0-cf8ff008d5c0:group-48691FADB9F7:LeaderElection126] INFO  server.RaftServerConfigKeys (ConfUtils.java:logGet(43)) - raft.server.staging.catchup.gap = 1000 (default)
2019-09-20 04:49:58,170 [c82e94d7-3693-4569-94b0-cf8ff008d5c0:group-5BEB7696209F:LeaderElection125] INFO  server.RaftServerConfigKeys (ConfUtils.java:logGet(43)) - raft.server.watch.element-limit = 65536 (default)
2019-09-20 04:49:58,170 [c82e94d7-3693-4569-94b0-cf8ff008d5c0:group-52B82D481A72:LeaderElection127] INFO  server.RaftServerConfigKeys (ConfUtils.java:logGet(43)) - raft.server.watch.element-limit = 65536 (default)
2019-09-20 04:49:58,170 [1b138595-92e4-4592-9dfc-2bb97fb4c88b:group-21D88F873970:LeaderElection130] INFO  server.RaftServerConfigKeys (ConfUtils.java:logGet(43)) - raft.server.watch.element-limit = 65536 (default)
2019-09-20 04:49:58,170 [1b138595-92e4-4592-9dfc-2bb97fb4c88b:group-20A63989774B:LeaderElection132] INFO  server.RaftServerConfigKeys (ConfUtils.java:logGet(43)) - raft.server.write.element-limit = 4096 (default)
2019-09-20 04:49:58,170 [1b138595-92e4-4592-9dfc-2bb97fb4c88b:group-DFEA41C0B268:LeaderElection131] INFO  server.RaftServerConfigKeys (ConfUtils.java:logGet(43)) - raft.server.staging.catchup.gap = 1000 (default)
2019-09-20 04:49:58,169 [c82e94d7-3693-4569-94b0-cf8ff008d5c0:group-BB2F655D5E0E:LeaderElection128] INFO  server.RaftServerConfigKeys (ConfUtils.java:logGet(43)) - raft.server.watch.element-limit = 65536 (default)
2019-09-20 04:49:58,169 [c82e94d7-3693-4569-94b0-cf8ff008d5c0:group-7649C9CAF23A:LeaderElection129] INFO  server.RaftServerConfigKeys (ConfUtils.java:logGet(43)) - raft.server.watch.timeout = 10s (default)
2019-09-20 04:49:58,170 [c82e94d7-3693-4569-94b0-cf8ff008d5c0:group-BB2F655D5E0E:LeaderElection128] INFO  impl.RoleInfo (RoleInfo.java:updateAndGet(143)) - c82e94d7-3693-4569-94b0-cf8ff008d5c0: start LeaderState
2019-09-20 04:49:58,170 [1b138595-92e4-4592-9dfc-2bb97fb4c88b:group-DFEA41C0B268:LeaderElection131] INFO  server.RaftServerConfigKeys (ConfUtils.java:logGet(43)) - raft.server.rpc.sleep.time = 25ms (default)
2019-09-20 04:49:58,170 [1b138595-92e4-4592-9dfc-2bb97fb4c88b:group-20A63989774B:LeaderElection132] INFO  server.RaftServerConfigKeys (ConfUtils.java:logGet(43)) - raft.server.watch.timeout = 10s (default)
2019-09-20 04:49:58,170 [1b138595-92e4-4592-9dfc-2bb97fb4c88b:group-21D88F873970:LeaderElection130] INFO  impl.RoleInfo (RoleInfo.java:updateAndGet(143)) - 1b138595-92e4-4592-9dfc-2bb97fb4c88b: start LeaderState
2019-09-20 04:49:58,170 [c82e94d7-3693-4569-94b0-cf8ff008d5c0:group-52B82D481A72:LeaderElection127] INFO  impl.RoleInfo (RoleInfo.java:updateAndGet(143)) - c82e94d7-3693-4569-94b0-cf8ff008d5c0: start LeaderState
2019-09-20 04:49:58,170 [c82e94d7-3693-4569-94b0-cf8ff008d5c0:group-5BEB7696209F:LeaderElection125] INFO  impl.RoleInfo (RoleInfo.java:updateAndGet(143)) - c82e94d7-3693-4569-94b0-cf8ff008d5c0: start LeaderState
2019-09-20 04:49:58,170 [c82e94d7-3693-4569-94b0-cf8ff008d5c0:group-48691FADB9F7:LeaderElection126] INFO  server.RaftServerConfigKeys (ConfUtils.java:logGet(43)) - raft.server.rpc.sleep.time = 25ms (default)
2019-09-20 04:49:58,171 [c82e94d7-3693-4569-94b0-cf8ff008d5c0:group-5BEB7696209F:LeaderElection125] INFO  segmented.SegmentedRaftLogWorker (SegmentedRaftLogWorker.java:startLogSegment(380)) - c82e94d7-3693-4569-94b0-cf8ff008d5c0-SegmentedRaftLogWorker:Storage Directory /workdir/hadoop-ozone/integration-test/target/test-dir/MiniOzoneClusterImpl-3cdd9aee-ba37-4d0d-8930-872cb3194007/datanode-1/data/ratis/4ddea463-5bea-4040-9335-5beb7696209f: Starting segment from index:0
2019-09-20 04:49:58,171 [c82e94d7-3693-4569-94b0-cf8ff008d5c0:group-52B82D481A72:LeaderElection127] INFO  segmented.SegmentedRaftLogWorker (SegmentedRaftLogWorker.java:startLogSegment(380)) - c82e94d7-3693-4569-94b0-cf8ff008d5c0-SegmentedRaftLogWorker:Storage Directory /workdir/hadoop-ozone/integration-test/target/test-dir/MiniOzoneClusterImpl-3cdd9aee-ba37-4d0d-8930-872cb3194007/datanode-1/data/ratis/9d0370d5-a177-4e73-8b70-52b82d481a72: Starting segment from index:0
2019-09-20 04:49:58,171 [1b138595-92e4-4592-9dfc-2bb97fb4c88b:group-21D88F873970:LeaderElection130] INFO  segmented.SegmentedRaftLogWorker (SegmentedRaftLogWorker.java:startLogSegment(380)) - 1b138595-92e4-4592-9dfc-2bb97fb4c88b-SegmentedRaftLogWorker:Storage Directory /workdir/hadoop-ozone/integration-test/target/test-dir/MiniOzoneClusterImpl-3cdd9aee-ba37-4d0d-8930-872cb3194007/datanode-2/data/ratis/55764228-c6f9-4862-81ea-21d88f873970: Starting segment from index:0
2019-09-20 04:49:58,171 [c82e94d7-3693-4569-94b0-cf8ff008d5c0:group-5BEB7696209F:LeaderElection125] INFO  impl.RaftServerImpl (ServerState.java:setRaftConf(361)) - c82e94d7-3693-4569-94b0-cf8ff008d5c0:group-5BEB7696209F set configuration 0: [c82e94d7-3693-4569-94b0-cf8ff008d5c0:192.168.36.79:33912], old=null at 0
2019-09-20 04:49:58,171 [1b138595-92e4-4592-9dfc-2bb97fb4c88b:group-20A63989774B:LeaderElection132] INFO  server.RaftServerConfigKeys (ConfUtils.java:logGet(43)) - raft.server.watch.timeout.denomination = 1s (default)
2019-09-20 04:49:58,171 [1b138595-92e4-4592-9dfc-2bb97fb4c88b:group-DFEA41C0B268:LeaderElection131] INFO  server.RaftServerConfigKeys (ConfUtils.java:logGet(43)) - raft.server.write.element-limit = 4096 (default)
2019-09-20 04:49:59,153 | INFO  | SCMAudit | user=jenkins1000 | ip=192.168.36.79 | op=SEND_HEARTBEAT {datanodeUUID=1d91ad97-6666-4ee7-855a-8b5e944e7401, command=[]} | ret=SUCCESS |  
2019-09-20 04:49:59,153 | INFO  | SCMAudit | user=jenkins1000 | ip=192.168.36.79 | op=SEND_HEARTBEAT {datanodeUUID=ea71b9af-1075-4196-9693-aa14e10f536d, command=[]} | ret=SUCCESS |  
2019-09-20 04:49:59,153 | INFO  | SCMAudit | user=jenkins1000 | ip=192.168.36.79 | op=SEND_HEARTBEAT {datanodeUUID=2d6465ef-cffa-473a-a4c6-a9aa3f1a26c0, command=[]} | ret=SUCCESS |  
2019-09-20 04:49:59,153 | INFO  | SCMAudit | user=jenkins1000 | ip=192.168.36.79 | op=SEND_HEARTBEAT {datanodeUUID=2702b462-69d8-4c1b-aae1-091a21fe08b8, command=[]} | ret=SUCCESS |  
2019-09-20 04:49:59,153 | INFO  | SCMAudit | user=jenkins1000 | ip=192.168.36.79 | op=SEND_HEARTBEAT {datanodeUUID=8d97392c-5f4b-400a-94a1-fb61a3ebbc99, command=[]} | ret=SUCCESS |  
2019-09-20 04:49:59,154 | INFO  | SCMAudit | user=jenkins1000 | ip=192.168.36.79 | op=SEND_HEARTBEAT {datanodeUUID=eaf3ecbe-c3b1-4969-ad3a-e4de7fb04f81, command=[]} | ret=SUCCESS |  
2019-09-20 04:49:59,155 | INFO  | SCMAudit | user=jenkins1000 | ip=192.168.36.79 | op=SEND_HEARTBEAT {datanodeUUID=0ad3f89e-804f-4845-89c5-5ff1a35a5dda, command=[]} | ret=SUCCESS |  
2019-09-20 04:49:59,155 | INFO  | SCMAudit | user=jenkins1000 | ip=192.168.36.79 | op=SEND_HEARTBEAT {datanodeUUID=f4e549ee-a6fa-4eb9-8541-129d0566fdf5, command=[]} | ret=SUCCESS |  
2019-09-20 04:49:59,155 | INFO  | SCMAudit | user=jenkins1000 | ip=192.168.36.79 | op=SEND_HEARTBEAT {datanodeUUID=236eed40-dd97-4fdc-a0ae-ab99685a426b, command=[]} | ret=SUCCESS |  
2019-09-20 04:49:59,155 | INFO  | SCMAudit | user=jenkins1000 | ip=192.168.36.79 | op=SEND_HEARTBEAT {datanodeUUID=eb30d72f-c0a8-4ecb-bfee-9120a9a6cddf, command=[]} | ret=SUCCESS |  
2019-09-20 04:49:59,155 | INFO  | SCMAudit | user=jenkins1000 | ip=192.168.36.79 | op=SEND_HEARTBEAT {datanodeUUID=c4f6294c-eda3-4afd-81f7-e69ed14da69f, command=[]} | ret=SUCCESS |  
2019-09-20 04:49:59,155 | INFO  | SCMAudit | user=jenkins1000 | ip=192.168.36.79 | op=SEND_HEARTBEAT {datanodeUUID=dba845b8-ea76-4e09-ab03-0883d354e493, command=[]} | ret=SUCCESS |  
2019-09-20 04:49:59,155 | INFO  | SCMAudit | user=jenkins1000 | ip=192.168.36.79 | op=SEND_HEARTBEAT {datanodeUUID=5ea19b84-5385-4ae9-8412-c4cfa929b172, command=[]} | ret=SUCCESS |  
2019-09-20 04:49:59,155 | INFO  | SCMAudit | user=jenkins1000 | ip=192.168.36.79 | op=SEND_HEARTBEAT {datanodeUUID=68a93ad8-b6a8-44e1-8a9f-45fcc58d229a, command=[]} | ret=SUCCESS |  
2019-09-20 04:49:59,155 | INFO  | SCMAudit | user=jenkins1000 | ip=192.168.36.79 | op=SEND_HEARTBEAT {datanodeUUID=fdbc37f2-9e58-4bac-a5d5-a78839d012e9, command=[]} | ret=SUCCESS |  
2019-09-20 04:49:59,155 | INFO  | SCMAudit | user=jenkins1000 | ip=192.168.36.79 | op=SEND_HEARTBEAT {datanodeUUID=ba95d636-ac34-4b74-a102-dec8d0f377c6, command=[]} | ret=SUCCESS |  
2019-09-20 04:49:59,155 | INFO  | SCMAudit | user=jenkins1000 | ip=192.168.36.79 | op=SEND_HEARTBEAT {datanodeUUID=3c2a6bfe-f5c5-4e23-89b0-850dab17697d, command=[]} | ret=SUCCESS |  
2019-09-20 04:49:59,155 | INFO  | SCMAudit | user=jenkins1000 | ip=192.168.36.79 | op=SEND_HEARTBEAT {datanodeUUID=a9bc59c4-b792-48d5-9db2-4e71770477b1, command=[]} | ret=SUCCESS |  
2019-09-20 04:49:59,155 | INFO  | SCMAudit | user=jenkins1000 | ip=192.168.36.79 | op=SEND_HEARTBEAT {datanodeUUID=8538cd65-7926-426b-8bad-fbd0f0550f9a, command=[]} | ret=SUCCESS |  
2019-09-20 04:49:59,155 | INFO  | SCMAudit | user=jenkins1000 | ip=192.168.36.79 | op=SEND_HEARTBEAT {datanodeUUID=bd1a845e-f2ed-4713-9516-9ccc20139040, command=[]} | ret=SUCCESS |  
2019-09-20 04:49:59,155 | INFO  | SCMAudit | user=jenkins1000 | ip=192.168.36.79 | op=SEND_HEARTBEAT {datanodeUUID=42fc6e92-fcdd-4827-b621-9fc58a3d2315, command=[]} | ret=SUCCESS |  
2019-09-20 04:49:59,156 | INFO  | SCMAudit | user=jenkins1000 | ip=192.168.36.79 | op=SEND_HEARTBEAT {datanodeUUID=c82e94d7-3693-4569-94b0-cf8ff008d5c0, command=[]} | ret=SUCCESS |  
2019-09-20 04:49:59,156 | INFO  | SCMAudit | user=jenkins1000 | ip=192.168.36.79 | op=SEND_HEARTBEAT {datanodeUUID=6a6ac22f-fdb0-4283-a89a-a8bc92b139ca, command=[]} | ret=SUCCESS |  
2019-09-20 04:49:59,156 | INFO  | SCMAudit | user=jenkins1000 | ip=192.168.36.79 | op=SEND_HEARTBEAT {datanodeUUID=37fe2768-1af7-42e7-8542-10b932802b02, command=[]} | ret=SUCCESS |  
2019-09-20 04:49:59,156 | INFO  | SCMAudit | user=jenkins1000 | ip=192.168.36.79 | op=SEND_HEARTBEAT {datanodeUUID=1b138595-92e4-4592-9dfc-2bb97fb4c88b, command=[]} | ret=SUCCESS |  
2019-09-20 04:49:59,157 | INFO  | SCMAudit | user=jenkins1000 | ip=192.168.36.79 | op=SEND_HEARTBEAT {datanodeUUID=d5424862-00f5-4f26-882d-9249b213a1ef, command=[]} | ret=SUCCESS |  
2019-09-20 04:49:58,171 [c82e94d7-3693-4569-94b0-cf8ff008d5c0:group-BB2F655D5E0E:LeaderElection128] INFO  segmented.SegmentedRaftLogWorker (SegmentedRaftLogWorker.java:startLogSegment(380)) - c82e94d7-3693-4569-94b0-cf8ff008d5c0-SegmentedRaftLogWorker:Storage Directory /workdir/hadoop-ozone/integration-test/target/test-dir/MiniOzoneClusterImpl-3cdd9aee-ba37-4d0d-8930-872cb3194007/datanode-1/data/ratis/33784118-5b61-4d6e-bbc4-bb2f655d5e0e: Starting segment from index:0
2019-09-20 04:49:59,158 | INFO  | SCMAudit | user=jenkins1000 | ip=192.168.36.79 | op=SEND_HEARTBEAT {datanodeUUID=db7872a1-bd52-4e68-8953-a9abbb9642a5, command=[]} | ret=SUCCESS |  
2019-09-20 04:49:58,171 [c82e94d7-3693-4569-94b0-cf8ff008d5c0:group-7649C9CAF23A:LeaderElection129] INFO  server.RaftServerConfigKeys (ConfUtils.java:logGet(43)) - raft.server.watch.timeout.denomination = 1s (default)
2019-09-20 04:49:59,158 | INFO  | SCMAudit | user=jenkins1000 | ip=192.168.36.79 | op=SEND_HEARTBEAT {datanodeUUID=c9787825-ea51-4014-8feb-b4ee136c6b23, command=[]} | ret=SUCCESS |  
2019-09-20 04:49:59,157 [Thread-1739] INFO  impl.FollowerState (FollowerState.java:run(106)) - c9787825-ea51-4014-8feb-b4ee136c6b23:group-EB6D3E036903 changes to CANDIDATE, lastRpcTime:5284, electionTimeout:5050ms
2019-09-20 04:49:59,157 [Thread-1736] INFO  impl.FollowerState (FollowerState.java:run(106)) - c9787825-ea51-4014-8feb-b4ee136c6b23:group-F91F2BFA525E changes to CANDIDATE, lastRpcTime:5371, electionTimeout:5126ms
2019-09-20 04:49:59,545 [Thread-1736] INFO  impl.RoleInfo (RoleInfo.java:shutdownFollowerState(121)) - c9787825-ea51-4014-8feb-b4ee136c6b23: shutdown FollowerState
2019-09-20 04:49:59,157 [Thread-1745] INFO  impl.FollowerState (FollowerState.java:run(106)) - db7872a1-bd52-4e68-8953-a9abbb9642a5:group-CC89E8AD48EE changes to CANDIDATE, lastRpcTime:5093, electionTimeout:5003ms
2019-09-20 04:49:59,157 [Thread-1742] INFO  impl.FollowerState (FollowerState.java:run(106)) - 6a6ac22f-fdb0-4283-a89a-a8bc92b139ca:group-0BB728B7A7C5 changes to CANDIDATE, lastRpcTime:5205, electionTimeout:5125ms
2019-09-20 04:49:59,157 [main] WARN  server.ServerUtils (ServerUtils.java:getDBPath(222)) - ozone.om.db.dirs is not configured. We recommend adding this setting. Falling back to ozone.metadata.dirs instead.
2019-09-20 04:49:59,157 [Thread-1727] WARN  util.JavaUtils (JavaUtils.java:sleep(250)) - Unexpected long sleep: sleep(5086ms) actually took 5657ms which is over the threshold 300ms
2019-09-20 04:49:58,541 [1b138595-92e4-4592-9dfc-2bb97fb4c88b:group-21D88F873970:LeaderElection130] INFO  impl.RaftServerImpl (ServerState.java:setRaftConf(361)) - 1b138595-92e4-4592-9dfc-2bb97fb4c88b:group-21D88F873970 set configuration 0: [1b138595-92e4-4592-9dfc-2bb97fb4c88b:192.168.36.79:46597], old=null at 0
2019-09-20 04:49:59,151 [Thread-1730] WARN  util.JavaUtils (JavaUtils.java:sleep(250)) - Unexpected long sleep: sleep(5087ms) actually took 5536ms which is over the threshold 300ms
2019-09-20 04:49:59,149 [37fe2768-1af7-42e7-8542-10b932802b02-SegmentedRaftLogWorker:Storage Directory /workdir/hadoop-ozone/integration-test/target/test-dir/MiniOzoneClusterImpl-3cdd9aee-ba37-4d0d-8930-872cb3194007/datanode-0/data/ratis/bf822dc2-bb8b-468a-a49e-e4bccfbc35cb] ERROR segmented.SegmentedRaftLogWorker (SegmentedRaftLogWorker.java:run(323)) - 37fe2768-1af7-42e7-8542-10b932802b02-SegmentedRaftLogWorker:Storage Directory /workdir/hadoop-ozone/integration-test/target/test-dir/MiniOzoneClusterImpl-3cdd9aee-ba37-4d0d-8930-872cb3194007/datanode-0/data/ratis/bf822dc2-bb8b-468a-a49e-e4bccfbc35cb hit exception
java.lang.OutOfMemoryError: Direct buffer memory
	at java.nio.Bits.reserveMemory(Bits.java:666)
	at java.nio.DirectByteBuffer.<init>(DirectByteBuffer.java:123)
	at java.nio.ByteBuffer.allocateDirect(ByteBuffer.java:311)
	at org.apache.ratis.server.raftlog.segmented.BufferedWriteChannel.<init>(BufferedWriteChannel.java:41)
	at org.apache.ratis.server.raftlog.segmented.SegmentedRaftLogOutputStream.<init>(SegmentedRaftLogOutputStream.java:72)
	at org.apache.ratis.server.raftlog.segmented.SegmentedRaftLogWorker$StartLogSegment.execute(SegmentedRaftLogWorker.java:566)
	at org.apache.ratis.server.raftlog.segmented.SegmentedRaftLogWorker.run(SegmentedRaftLogWorker.java:289)
	at java.lang.Thread.run(Thread.java:748)
2019-09-20 04:49:59,149 [Thread-1733] WARN  util.JavaUtils (JavaUtils.java:sleep(250)) - Unexpected long sleep: sleep(5079ms) actually took 5438ms which is over the threshold 300ms
2019-09-20 04:49:58,845 [1b138595-92e4-4592-9dfc-2bb97fb4c88b:group-DFEA41C0B268:LeaderElection131] INFO  server.RaftServerConfigKeys (ConfUtils.java:logGet(43)) - raft.server.watch.timeout = 10s (default)
2019-09-20 04:49:58,845 [1b138595-92e4-4592-9dfc-2bb97fb4c88b:group-20A63989774B:LeaderElection132] INFO  server.RaftServerConfigKeys (ConfUtils.java:logGet(43)) - raft.server.watch.element-limit = 65536 (default)
2019-09-20 04:49:58,845 [c82e94d7-3693-4569-94b0-cf8ff008d5c0:group-52B82D481A72:LeaderElection127] INFO  impl.RaftServerImpl (ServerState.java:setRaftConf(361)) - c82e94d7-3693-4569-94b0-cf8ff008d5c0:group-52B82D481A72 set configuration 0: [c82e94d7-3693-4569-94b0-cf8ff008d5c0:192.168.36.79:33912], old=null at 0
2019-09-20 04:49:58,541 [Thread-1721] INFO  impl.FollowerState (FollowerState.java:run(106)) - 6a6ac22f-fdb0-4283-a89a-a8bc92b139ca:group-282407ED2169 changes to CANDIDATE, lastRpcTime:5185, electionTimeout:5076ms
2019-09-20 04:49:59,547 [Thread-1721] INFO  impl.RoleInfo (RoleInfo.java:shutdownFollowerState(121)) - 6a6ac22f-fdb0-4283-a89a-a8bc92b139ca: shutdown FollowerState
2019-09-20 04:49:58,541 [Thread-1718] INFO  impl.FollowerState (FollowerState.java:run(106)) - 1b138595-92e4-4592-9dfc-2bb97fb4c88b:group-CDE693C87C09 changes to CANDIDATE, lastRpcTime:5252, electionTimeout:5160ms
2019-09-20 04:49:59,547 [Thread-1718] INFO  impl.RoleInfo (RoleInfo.java:shutdownFollowerState(121)) - 1b138595-92e4-4592-9dfc-2bb97fb4c88b: shutdown FollowerState
2019-09-20 04:49:58,541 [Thread-1724] INFO  impl.FollowerState (FollowerState.java:run(106)) - c9787825-ea51-4014-8feb-b4ee136c6b23:group-CA37399D5588 changes to CANDIDATE, lastRpcTime:5100, electionTimeout:5032ms
2019-09-20 04:49:59,548 [Thread-1724] INFO  impl.RoleInfo (RoleInfo.java:shutdownFollowerState(121)) - c9787825-ea51-4014-8feb-b4ee136c6b23: shutdown FollowerState
2019-09-20 04:49:59,548 [Thread-1724] INFO  impl.RaftServerImpl (RaftServerImpl.java:setRole(171)) - c9787825-ea51-4014-8feb-b4ee136c6b23:group-CA37399D5588 changes role from FOLLOWER to CANDIDATE at term 0 for changeToCandidate
2019-09-20 04:49:58,171 [c82e94d7-3693-4569-94b0-cf8ff008d5c0:group-48691FADB9F7:LeaderElection126] INFO  server.RaftServerConfigKeys (ConfUtils.java:logGet(43)) - raft.server.write.element-limit = 4096 (default)
2019-09-20 04:49:59,548 [Thread-1724] INFO  impl.RoleInfo (RoleInfo.java:updateAndGet(143)) - c9787825-ea51-4014-8feb-b4ee136c6b23: start LeaderElection
2019-09-20 04:49:59,548 [c82e94d7-3693-4569-94b0-cf8ff008d5c0:group-48691FADB9F7:LeaderElection126] INFO  server.RaftServerConfigKeys (ConfUtils.java:logGet(43)) - raft.server.watch.timeout = 10s (default)
2019-09-20 04:49:59,548 [Thread-1718] INFO  impl.RaftServerImpl (RaftServerImpl.java:setRole(171)) - 1b138595-92e4-4592-9dfc-2bb97fb4c88b:group-CDE693C87C09 changes role from FOLLOWER to CANDIDATE at term 0 for changeToCandidate
2019-09-20 04:49:59,547 [Thread-1721] INFO  impl.RaftServerImpl (RaftServerImpl.java:setRole(171)) - 6a6ac22f-fdb0-4283-a89a-a8bc92b139ca:group-282407ED2169 changes role from FOLLOWER to CANDIDATE at term 0 for changeToCandidate
2019-09-20 04:49:59,547 [1b138595-92e4-4592-9dfc-2bb97fb4c88b:group-20A63989774B:LeaderElection132] INFO  impl.RoleInfo (RoleInfo.java:updateAndGet(143)) - 1b138595-92e4-4592-9dfc-2bb97fb4c88b: start LeaderState
2019-09-20 04:49:59,547 [1b138595-92e4-4592-9dfc-2bb97fb4c88b:group-DFEA41C0B268:LeaderElection131] INFO  server.RaftServerConfigKeys (ConfUtils.java:logGet(43)) - raft.server.watch.timeout.denomination = 1s (default)
2019-09-20 04:49:59,546 [37fe2768-1af7-42e7-8542-10b932802b02-SegmentedRaftLogWorker:Storage Directory /workdir/hadoop-ozone/integration-test/target/test-dir/MiniOzoneClusterImpl-3cdd9aee-ba37-4d0d-8930-872cb3194007/datanode-0/data/ratis/bf822dc2-bb8b-468a-a49e-e4bccfbc35cb] INFO  impl.RaftServerImpl (RaftServerImpl.java:lambda$shutdown$3(245)) - 37fe2768-1af7-42e7-8542-10b932802b02: shutdown group-E4BCCFBC35CB
2019-09-20 04:49:59,546 [main] WARN  server.ServerUtils (ServerUtils.java:getDBPath(222)) - ozone.om.db.dirs is not configured. We recommend adding this setting. Falling back to ozone.metadata.dirs instead.
2019-09-20 04:49:59,545 [Thread-1742] INFO  impl.RoleInfo (RoleInfo.java:shutdownFollowerState(121)) - 6a6ac22f-fdb0-4283-a89a-a8bc92b139ca: shutdown FollowerState
2019-09-20 04:49:59,545 [Thread-1745] INFO  impl.RoleInfo (RoleInfo.java:shutdownFollowerState(121)) - db7872a1-bd52-4e68-8953-a9abbb9642a5: shutdown FollowerState
2019-09-20 04:49:59,545 [Thread-1736] INFO  impl.RaftServerImpl (RaftServerImpl.java:setRole(171)) - c9787825-ea51-4014-8feb-b4ee136c6b23:group-F91F2BFA525E changes role from FOLLOWER to CANDIDATE at term 0 for changeToCandidate
2019-09-20 04:49:59,545 [c82e94d7-3693-4569-94b0-cf8ff008d5c0:group-BB2F655D5E0E:LeaderElection128] INFO  impl.RaftServerImpl (ServerState.java:setRaftConf(361)) - c82e94d7-3693-4569-94b0-cf8ff008d5c0:group-BB2F655D5E0E set configuration 0: [c82e94d7-3693-4569-94b0-cf8ff008d5c0:192.168.36.79:33912], old=null at 0
2019-09-20 04:49:59,545 [Thread-1748] WARN  util.JavaUtils (JavaUtils.java:sleep(250)) - Unexpected long sleep: sleep(5053ms) actually took 5422ms which is over the threshold 300ms
2019-09-20 04:49:59,545 [Thread-1751] WARN  util.JavaUtils (JavaUtils.java:sleep(250)) - Unexpected long sleep: sleep(5031ms) actually took 5355ms which is over the threshold 300ms
2019-09-20 04:49:59,544 [Thread-1754] INFO  impl.FollowerState (FollowerState.java:run(106)) - d5424862-00f5-4f26-882d-9249b213a1ef:group-60367428C822 changes to CANDIDATE, lastRpcTime:5288, electionTimeout:5012ms
2019-09-20 04:49:59,550 [Thread-1754] INFO  impl.RoleInfo (RoleInfo.java:shutdownFollowerState(121)) - d5424862-00f5-4f26-882d-9249b213a1ef: shutdown FollowerState
2019-09-20 04:49:59,544 [Thread-1757] INFO  impl.FollowerState (FollowerState.java:run(106)) - d5424862-00f5-4f26-882d-9249b213a1ef:group-F8ACB03F13BA changes to CANDIDATE, lastRpcTime:5203, electionTimeout:5050ms
2019-09-20 04:49:59,544 [Thread-1763] INFO  impl.FollowerState (FollowerState.java:run(106)) - 6a6ac22f-fdb0-4283-a89a-a8bc92b139ca:group-E8E3CFC48501 changes to CANDIDATE, lastRpcTime:5069, electionTimeout:5060ms
2019-09-20 04:49:59,550 [Thread-1763] INFO  impl.RoleInfo (RoleInfo.java:shutdownFollowerState(121)) - 6a6ac22f-fdb0-4283-a89a-a8bc92b139ca: shutdown FollowerState
2019-09-20 04:49:59,158 [Thread-1739] INFO  impl.RoleInfo (RoleInfo.java:shutdownFollowerState(121)) - c9787825-ea51-4014-8feb-b4ee136c6b23: shutdown FollowerState
2019-09-20 04:49:59,158 [c82e94d7-3693-4569-94b0-cf8ff008d5c0:group-7649C9CAF23A:LeaderElection129] INFO  server.RaftServerConfigKeys (ConfUtils.java:logGet(43)) - raft.server.watch.element-limit = 65536 (default)
2019-09-20 04:49:59,550 [Thread-1739] INFO  impl.RaftServerImpl (RaftServerImpl.java:setRole(171)) - c9787825-ea51-4014-8feb-b4ee136c6b23:group-EB6D3E036903 changes role from FOLLOWER to CANDIDATE at term 0 for changeToCandidate
2019-09-20 04:49:59,550 [Thread-1763] INFO  impl.RaftServerImpl (RaftServerImpl.java:setRole(171)) - 6a6ac22f-fdb0-4283-a89a-a8bc92b139ca:group-E8E3CFC48501 changes role from FOLLOWER to CANDIDATE at term 0 for changeToCandidate
2019-09-20 04:49:59,550 [Thread-1757] INFO  impl.RoleInfo (RoleInfo.java:shutdownFollowerState(121)) - d5424862-00f5-4f26-882d-9249b213a1ef: shutdown FollowerState
2019-09-20 04:49:59,550 [Thread-1754] INFO  impl.RaftServerImpl (RaftServerImpl.java:setRole(171)) - d5424862-00f5-4f26-882d-9249b213a1ef:group-60367428C822 changes role from FOLLOWER to CANDIDATE at term 0 for changeToCandidate
2019-09-20 04:49:59,549 [Thread-1736] INFO  impl.RoleInfo (RoleInfo.java:updateAndGet(143)) - c9787825-ea51-4014-8feb-b4ee136c6b23: start LeaderElection
2019-09-20 04:49:59,549 [Thread-1745] INFO  impl.RaftServerImpl (RaftServerImpl.java:setRole(171)) - db7872a1-bd52-4e68-8953-a9abbb9642a5:group-CC89E8AD48EE changes role from FOLLOWER to CANDIDATE at term 0 for changeToCandidate
2019-09-20 04:49:59,549 [Thread-1742] INFO  impl.RaftServerImpl (RaftServerImpl.java:setRole(171)) - 6a6ac22f-fdb0-4283-a89a-a8bc92b139ca:group-0BB728B7A7C5 changes role from FOLLOWER to CANDIDATE at term 0 for changeToCandidate
2019-09-20 04:49:59,549 [main] INFO  om.OzoneManager (OzoneManager.java:setOMNodeDetails(645)) - OM Service ID is not set. Setting it to the default ID: omServiceIdDefault
2019-09-20 04:49:59,551 [main] INFO  om.OzoneManager (OzoneManager.java:setOMNodeDetails(651)) - OM Node ID is not set. Setting it to the OmStorage's OmID: f4ee50b2-37eb-4280-b759-298047d6dc99
2019-09-20 04:49:59,549 [37fe2768-1af7-42e7-8542-10b932802b02-SegmentedRaftLogWorker:Storage Directory /workdir/hadoop-ozone/integration-test/target/test-dir/MiniOzoneClusterImpl-3cdd9aee-ba37-4d0d-8930-872cb3194007/datanode-0/data/ratis/bf822dc2-bb8b-468a-a49e-e4bccfbc35cb] INFO  util.JmxRegister (JmxRegister.java:unregister(73)) - Successfully un-registered JMX Bean with object name Ratis:service=RaftServer,group=group-E4BCCFBC35CB,id=37fe2768-1af7-42e7-8542-10b932802b02
2019-09-20 04:49:59,549 [1b138595-92e4-4592-9dfc-2bb97fb4c88b:group-DFEA41C0B268:LeaderElection131] INFO  server.RaftServerConfigKeys (ConfUtils.java:logGet(43)) - raft.server.watch.element-limit = 65536 (default)
2019-09-20 04:49:59,549 [1b138595-92e4-4592-9dfc-2bb97fb4c88b:group-20A63989774B:LeaderElection132] INFO  segmented.SegmentedRaftLogWorker (SegmentedRaftLogWorker.java:startLogSegment(380)) - 1b138595-92e4-4592-9dfc-2bb97fb4c88b-SegmentedRaftLogWorker:Storage Directory /workdir/hadoop-ozone/integration-test/target/test-dir/MiniOzoneClusterImpl-3cdd9aee-ba37-4d0d-8930-872cb3194007/datanode-2/data/ratis/b59fb9ad-5b82-40b0-9e6c-20a63989774b: Starting segment from index:0
2019-09-20 04:49:59,548 [Thread-1721] INFO  impl.RoleInfo (RoleInfo.java:updateAndGet(143)) - 6a6ac22f-fdb0-4283-a89a-a8bc92b139ca: start LeaderElection
2019-09-20 04:49:59,548 [Thread-1718] INFO  impl.RoleInfo (RoleInfo.java:updateAndGet(143)) - 1b138595-92e4-4592-9dfc-2bb97fb4c88b: start LeaderElection
2019-09-20 04:49:59,548 [c82e94d7-3693-4569-94b0-cf8ff008d5c0:group-48691FADB9F7:LeaderElection126] INFO  server.RaftServerConfigKeys (ConfUtils.java:logGet(43)) - raft.server.watch.timeout.denomination = 1s (default)
2019-09-20 04:49:59,552 [1b138595-92e4-4592-9dfc-2bb97fb4c88b:group-20A63989774B:LeaderElection132] INFO  impl.RaftServerImpl (ServerState.java:setRaftConf(361)) - 1b138595-92e4-4592-9dfc-2bb97fb4c88b:group-20A63989774B set configuration 0: [1b138595-92e4-4592-9dfc-2bb97fb4c88b:192.168.36.79:46597], old=null at 0
2019-09-20 04:49:59,552 [1b138595-92e4-4592-9dfc-2bb97fb4c88b:group-DFEA41C0B268:LeaderElection131] INFO  impl.RoleInfo (RoleInfo.java:updateAndGet(143)) - 1b138595-92e4-4592-9dfc-2bb97fb4c88b: start LeaderState
2019-09-20 04:49:59,552 [37fe2768-1af7-42e7-8542-10b932802b02-SegmentedRaftLogWorker:Storage Directory /workdir/hadoop-ozone/integration-test/target/test-dir/MiniOzoneClusterImpl-3cdd9aee-ba37-4d0d-8930-872cb3194007/datanode-0/data/ratis/bf822dc2-bb8b-468a-a49e-e4bccfbc35cb] INFO  impl.RoleInfo (RoleInfo.java:shutdownLeaderState(104)) - 37fe2768-1af7-42e7-8542-10b932802b02: shutdown LeaderState
2019-09-20 04:49:59,552 [main] INFO  om.OzoneManager (OzoneManager.java:loadOMHAConfigs(602)) - Found matching OM address with OMServiceId: null, OMNodeId: null, RPC Address: localhost:0 and Ratis port: 9872
2019-09-20 04:49:59,551 [Thread-1742] INFO  impl.RoleInfo (RoleInfo.java:updateAndGet(143)) - 6a6ac22f-fdb0-4283-a89a-a8bc92b139ca: start LeaderElection
2019-09-20 04:49:59,551 [Thread-1745] INFO  impl.RoleInfo (RoleInfo.java:updateAndGet(143)) - db7872a1-bd52-4e68-8953-a9abbb9642a5: start LeaderElection
2019-09-20 04:49:59,551 [Thread-1754] INFO  impl.RoleInfo (RoleInfo.java:updateAndGet(143)) - d5424862-00f5-4f26-882d-9249b213a1ef: start LeaderElection
2019-09-20 04:49:59,551 [Thread-1757] INFO  impl.RaftServerImpl (RaftServerImpl.java:setRole(171)) - d5424862-00f5-4f26-882d-9249b213a1ef:group-F8ACB03F13BA changes role from FOLLOWER to CANDIDATE at term 0 for changeToCandidate
2019-09-20 04:49:59,551 [Thread-1763] INFO  impl.RoleInfo (RoleInfo.java:updateAndGet(143)) - 6a6ac22f-fdb0-4283-a89a-a8bc92b139ca: start LeaderElection
2019-09-20 04:49:59,551 [Thread-1739] INFO  impl.RoleInfo (RoleInfo.java:updateAndGet(143)) - c9787825-ea51-4014-8feb-b4ee136c6b23: start LeaderElection
2019-09-20 04:49:59,550 [c82e94d7-3693-4569-94b0-cf8ff008d5c0:group-7649C9CAF23A:LeaderElection129] INFO  impl.RoleInfo (RoleInfo.java:updateAndGet(143)) - c82e94d7-3693-4569-94b0-cf8ff008d5c0: start LeaderState
2019-09-20 04:49:59,923 [Thread-1757] INFO  impl.RoleInfo (RoleInfo.java:updateAndGet(143)) - d5424862-00f5-4f26-882d-9249b213a1ef: start LeaderElection
2019-09-20 04:49:59,922 [1b138595-92e4-4592-9dfc-2bb97fb4c88b:group-DFEA41C0B268:LeaderElection131] INFO  segmented.SegmentedRaftLogWorker (SegmentedRaftLogWorker.java:startLogSegment(380)) - 1b138595-92e4-4592-9dfc-2bb97fb4c88b-SegmentedRaftLogWorker:Storage Directory /workdir/hadoop-ozone/integration-test/target/test-dir/MiniOzoneClusterImpl-3cdd9aee-ba37-4d0d-8930-872cb3194007/datanode-2/data/ratis/d99e36ca-e997-42ce-81a2-dfea41c0b268: Starting segment from index:0
2019-09-20 04:49:59,922 [37fe2768-1af7-42e7-8542-10b932802b02-SegmentedRaftLogWorker:Storage Directory /workdir/hadoop-ozone/integration-test/target/test-dir/MiniOzoneClusterImpl-3cdd9aee-ba37-4d0d-8930-872cb3194007/datanode-0/data/ratis/bf822dc2-bb8b-468a-a49e-e4bccfbc35cb] INFO  impl.PendingRequests (PendingRequests.java:sendNotLeaderResponses(202)) - 37fe2768-1af7-42e7-8542-10b932802b02-PendingRequests: sendNotLeaderResponses
2019-09-20 04:49:59,922 [c9787825-ea51-4014-8feb-b4ee136c6b23:group-CA37399D5588:LeaderElection133] INFO  impl.LeaderElection (LeaderElection.java:askForVotes(181)) - c9787825-ea51-4014-8feb-b4ee136c6b23:group-CA37399D5588:LeaderElection133: begin an election at term 1 for -1: [c9787825-ea51-4014-8feb-b4ee136c6b23:192.168.36.79:40747], old=null
2019-09-20 04:49:59,924 [37fe2768-1af7-42e7-8542-10b932802b02-SegmentedRaftLogWorker:Storage Directory /workdir/hadoop-ozone/integration-test/target/test-dir/MiniOzoneClusterImpl-3cdd9aee-ba37-4d0d-8930-872cb3194007/datanode-0/data/ratis/bf822dc2-bb8b-468a-a49e-e4bccfbc35cb] INFO  impl.StateMachineUpdater (StateMachineUpdater.java:stopAndJoin(115)) - StateMachineUpdater:37fe2768-1af7-42e7-8542-10b932802b02:group-E4BCCFBC35CB: set stopIndex = -1
2019-09-20 04:49:59,922 [c9787825-ea51-4014-8feb-b4ee136c6b23:group-F91F2BFA525E:LeaderElection136] INFO  impl.LeaderElection (LeaderElection.java:askForVotes(181)) - c9787825-ea51-4014-8feb-b4ee136c6b23:group-F91F2BFA525E:LeaderElection136: begin an election at term 1 for -1: [c9787825-ea51-4014-8feb-b4ee136c6b23:192.168.36.79:40747], old=null
2019-09-20 04:50:00,315 | INFO  | SCMAudit | user=jenkins1000 | ip=192.168.36.79 | op=SEND_HEARTBEAT {datanodeUUID=c9787825-ea51-4014-8feb-b4ee136c6b23, command=[]} | ret=SUCCESS |  
2019-09-20 04:50:00,315 | INFO  | SCMAudit | user=jenkins1000 | ip=192.168.36.79 | op=SEND_HEARTBEAT {datanodeUUID=db7872a1-bd52-4e68-8953-a9abbb9642a5, command=[]} | ret=SUCCESS |  
2019-09-20 04:50:00,315 | INFO  | SCMAudit | user=jenkins1000 | ip=192.168.36.79 | op=SEND_HEARTBEAT {datanodeUUID=d5424862-00f5-4f26-882d-9249b213a1ef, command=[]} | ret=SUCCESS |  
2019-09-20 04:50:00,319 | INFO  | SCMAudit | user=jenkins1000 | ip=192.168.36.79 | op=SEND_HEARTBEAT {datanodeUUID=1b138595-92e4-4592-9dfc-2bb97fb4c88b, command=[]} | ret=SUCCESS |  
2019-09-20 04:50:00,319 | INFO  | SCMAudit | user=jenkins1000 | ip=192.168.36.79 | op=SEND_HEARTBEAT {datanodeUUID=c82e94d7-3693-4569-94b0-cf8ff008d5c0, command=[]} | ret=SUCCESS |  
2019-09-20 04:50:00,319 | INFO  | SCMAudit | user=jenkins1000 | ip=192.168.36.79 | op=SEND_HEARTBEAT {datanodeUUID=37fe2768-1af7-42e7-8542-10b932802b02, command=[]} | ret=SUCCESS |  
2019-09-20 04:50:00,319 | INFO  | SCMAudit | user=jenkins1000 | ip=192.168.36.79 | op=SEND_HEARTBEAT {datanodeUUID=6a6ac22f-fdb0-4283-a89a-a8bc92b139ca, command=[]} | ret=SUCCESS |  
2019-09-20 04:50:00,320 | INFO  | SCMAudit | user=jenkins1000 | ip=192.168.36.79 | op=SEND_HEARTBEAT {datanodeUUID=8538cd65-7926-426b-8bad-fbd0f0550f9a, command=[]} | ret=SUCCESS |  
2019-09-20 04:50:00,320 | INFO  | SCMAudit | user=jenkins1000 | ip=192.168.36.79 | op=SEND_HEARTBEAT {datanodeUUID=a9bc59c4-b792-48d5-9db2-4e71770477b1, command=[]} | ret=SUCCESS |  
2019-09-20 04:50:00,320 | INFO  | SCMAudit | user=jenkins1000 | ip=192.168.36.79 | op=SEND_HEARTBEAT {datanodeUUID=68a93ad8-b6a8-44e1-8a9f-45fcc58d229a, command=[]} | ret=SUCCESS |  
2019-09-20 04:50:00,320 | INFO  | SCMAudit | user=jenkins1000 | ip=192.168.36.79 | op=SEND_HEARTBEAT {datanodeUUID=5ea19b84-5385-4ae9-8412-c4cfa929b172, command=[]} | ret=SUCCESS |  
2019-09-20 04:50:00,320 | INFO  | SCMAudit | user=jenkins1000 | ip=192.168.36.79 | op=SEND_HEARTBEAT {datanodeUUID=0ad3f89e-804f-4845-89c5-5ff1a35a5dda, command=[]} | ret=SUCCESS |  
2019-09-20 04:50:00,320 | INFO  | SCMAudit | user=jenkins1000 | ip=192.168.36.79 | op=SEND_HEARTBEAT {datanodeUUID=eb30d72f-c0a8-4ecb-bfee-9120a9a6cddf, command=[]} | ret=SUCCESS |  
2019-09-20 04:50:00,320 | INFO  | SCMAudit | user=jenkins1000 | ip=192.168.36.79 | op=SEND_HEARTBEAT {datanodeUUID=f4e549ee-a6fa-4eb9-8541-129d0566fdf5, command=[]} | ret=SUCCESS |  
2019-09-20 04:50:00,321 | INFO  | SCMAudit | user=jenkins1000 | ip=192.168.36.79 | op=SEND_HEARTBEAT {datanodeUUID=8d97392c-5f4b-400a-94a1-fb61a3ebbc99, command=[]} | ret=SUCCESS |  
2019-09-20 04:50:00,321 | INFO  | SCMAudit | user=jenkins1000 | ip=192.168.36.79 | op=SEND_HEARTBEAT {datanodeUUID=2702b462-69d8-4c1b-aae1-091a21fe08b8, command=[]} | ret=SUCCESS |  
2019-09-20 04:50:00,321 | INFO  | SCMAudit | user=jenkins1000 | ip=192.168.36.79 | op=SEND_HEARTBEAT {datanodeUUID=dba845b8-ea76-4e09-ab03-0883d354e493, command=[]} | ret=SUCCESS |  
2019-09-20 04:50:00,321 | INFO  | SCMAudit | user=jenkins1000 | ip=192.168.36.79 | op=SEND_HEARTBEAT {datanodeUUID=fdbc37f2-9e58-4bac-a5d5-a78839d012e9, command=[]} | ret=SUCCESS |  
2019-09-20 04:50:00,321 | INFO  | SCMAudit | user=jenkins1000 | ip=192.168.36.79 | op=SEND_HEARTBEAT {datanodeUUID=42fc6e92-fcdd-4827-b621-9fc58a3d2315, command=[]} | ret=SUCCESS |  
2019-09-20 04:50:00,321 | INFO  | SCMAudit | user=jenkins1000 | ip=192.168.36.79 | op=SEND_HEARTBEAT {datanodeUUID=bd1a845e-f2ed-4713-9516-9ccc20139040, command=[]} | ret=SUCCESS |  
2019-09-20 04:50:00,321 | INFO  | SCMAudit | user=jenkins1000 | ip=192.168.36.79 | op=SEND_HEARTBEAT {datanodeUUID=2d6465ef-cffa-473a-a4c6-a9aa3f1a26c0, command=[]} | ret=SUCCESS |  
2019-09-20 04:50:00,321 | INFO  | SCMAudit | user=jenkins1000 | ip=192.168.36.79 | op=SEND_HEARTBEAT {datanodeUUID=ea71b9af-1075-4196-9693-aa14e10f536d, command=[]} | ret=SUCCESS |  
2019-09-20 04:50:00,321 | INFO  | SCMAudit | user=jenkins1000 | ip=192.168.36.79 | op=SEND_HEARTBEAT {datanodeUUID=ba95d636-ac34-4b74-a102-dec8d0f377c6, command=[]} | ret=SUCCESS |  
2019-09-20 04:50:00,321 | INFO  | SCMAudit | user=jenkins1000 | ip=192.168.36.79 | op=SEND_HEARTBEAT {datanodeUUID=c4f6294c-eda3-4afd-81f7-e69ed14da69f, command=[]} | ret=SUCCESS |  
2019-09-20 04:50:00,321 | INFO  | SCMAudit | user=jenkins1000 | ip=192.168.36.79 | op=SEND_HEARTBEAT {datanodeUUID=eaf3ecbe-c3b1-4969-ad3a-e4de7fb04f81, command=[]} | ret=SUCCESS |  
2019-09-20 04:50:00,321 | INFO  | SCMAudit | user=jenkins1000 | ip=192.168.36.79 | op=SEND_HEARTBEAT {datanodeUUID=3c2a6bfe-f5c5-4e23-89b0-850dab17697d, command=[]} | ret=SUCCESS |  
2019-09-20 04:50:00,321 | INFO  | SCMAudit | user=jenkins1000 | ip=192.168.36.79 | op=SEND_HEARTBEAT {datanodeUUID=236eed40-dd97-4fdc-a0ae-ab99685a426b, command=[]} | ret=SUCCESS |  
2019-09-20 04:50:00,321 | INFO  | SCMAudit | user=jenkins1000 | ip=192.168.36.79 | op=SEND_HEARTBEAT {datanodeUUID=1d91ad97-6666-4ee7-855a-8b5e944e7401, command=[]} | ret=SUCCESS |  
2019-09-20 04:49:59,553 [c82e94d7-3693-4569-94b0-cf8ff008d5c0:group-48691FADB9F7:LeaderElection126] INFO  server.RaftServerConfigKeys (ConfUtils.java:logGet(43)) - raft.server.watch.element-limit = 65536 (default)
2019-09-20 04:49:59,922 [Thread-1760] WARN  util.JavaUtils (JavaUtils.java:sleep(250)) - Unexpected long sleep: sleep(5189ms) actually took 5504ms which is over the threshold 300ms
2019-09-20 04:49:59,921 [Thread-1766] INFO  impl.FollowerState (FollowerState.java:run(106)) - d5424862-00f5-4f26-882d-9249b213a1ef:group-41C2231EB3D6 changes to CANDIDATE, lastRpcTime:5352, electionTimeout:5118ms
2019-09-20 04:49:59,920 [Thread-1773] INFO  impl.FollowerState (FollowerState.java:run(106)) - 6a6ac22f-fdb0-4283-a89a-a8bc92b139ca:group-A028E35D4535 changes to CANDIDATE, lastRpcTime:5159, electionTimeout:5117ms
2019-09-20 04:49:59,920 [Thread-1769] INFO  impl.FollowerState (FollowerState.java:run(106)) - d5424862-00f5-4f26-882d-9249b213a1ef:group-3F8B1D6B6E4D changes to CANDIDATE, lastRpcTime:5243, electionTimeout:5050ms
2019-09-20 04:50:00,341 [Thread-1773] INFO  impl.RoleInfo (RoleInfo.java:shutdownFollowerState(121)) - 6a6ac22f-fdb0-4283-a89a-a8bc92b139ca: shutdown FollowerState
2019-09-20 04:50:00,341 [Thread-1766] INFO  impl.RoleInfo (RoleInfo.java:shutdownFollowerState(121)) - d5424862-00f5-4f26-882d-9249b213a1ef: shutdown FollowerState
2019-09-20 04:50:00,341 [c82e94d7-3693-4569-94b0-cf8ff008d5c0:group-48691FADB9F7:LeaderElection126] INFO  impl.RoleInfo (RoleInfo.java:updateAndGet(143)) - c82e94d7-3693-4569-94b0-cf8ff008d5c0: start LeaderState
2019-09-20 04:50:00,342 | INFO  | SCMAudit | user=jenkins1000 | ip=192.168.36.79 | op=GET_SCM_INFO null | ret=SUCCESS |  
2019-09-20 04:50:00,335 [37fe2768-1af7-42e7-8542-10b932802b02-SegmentedRaftLogWorker:Storage Directory /workdir/hadoop-ozone/integration-test/target/test-dir/MiniOzoneClusterImpl-3cdd9aee-ba37-4d0d-8930-872cb3194007/datanode-0/data/ratis/bf822dc2-bb8b-468a-a49e-e4bccfbc35cb] INFO  impl.RaftServerImpl (ServerState.java:close(394)) - 37fe2768-1af7-42e7-8542-10b932802b02:group-E4BCCFBC35CB closes. The last applied log index is -1
2019-09-20 04:50:00,322 [db7872a1-bd52-4e68-8953-a9abbb9642a5:group-CC89E8AD48EE:LeaderElection140] INFO  impl.LeaderElection (LeaderElection.java:askForVotes(181)) - db7872a1-bd52-4e68-8953-a9abbb9642a5:group-CC89E8AD48EE:LeaderElection140: begin an election at term 1 for -1: [db7872a1-bd52-4e68-8953-a9abbb9642a5:192.168.36.79:33028], old=null
2019-09-20 04:50:00,322 [d5424862-00f5-4f26-882d-9249b213a1ef:group-60367428C822:LeaderElection139] INFO  impl.LeaderElection (LeaderElection.java:askForVotes(181)) - d5424862-00f5-4f26-882d-9249b213a1ef:group-60367428C822:LeaderElection139: begin an election at term 1 for -1: [d5424862-00f5-4f26-882d-9249b213a1ef:192.168.36.79:37251], old=null
2019-09-20 04:50:00,322 [6a6ac22f-fdb0-4283-a89a-a8bc92b139ca:group-E8E3CFC48501:LeaderElection138] INFO  impl.LeaderElection (LeaderElection.java:askForVotes(181)) - 6a6ac22f-fdb0-4283-a89a-a8bc92b139ca:group-E8E3CFC48501:LeaderElection138: begin an election at term 1 for -1: [6a6ac22f-fdb0-4283-a89a-a8bc92b139ca:192.168.36.79:45432], old=null
2019-09-20 04:50:00,322 [6a6ac22f-fdb0-4283-a89a-a8bc92b139ca:group-282407ED2169:LeaderElection135] INFO  impl.LeaderElection (LeaderElection.java:askForVotes(181)) - 6a6ac22f-fdb0-4283-a89a-a8bc92b139ca:group-282407ED2169:LeaderElection135: begin an election at term 1 for -1: [6a6ac22f-fdb0-4283-a89a-a8bc92b139ca:192.168.36.79:45432], old=null
2019-09-20 04:50:00,322 [1b138595-92e4-4592-9dfc-2bb97fb4c88b:group-CDE693C87C09:LeaderElection134] INFO  impl.LeaderElection (LeaderElection.java:askForVotes(181)) - 1b138595-92e4-4592-9dfc-2bb97fb4c88b:group-CDE693C87C09:LeaderElection134: begin an election at term 1 for -1: [1b138595-92e4-4592-9dfc-2bb97fb4c88b:192.168.36.79:46597], old=null
2019-09-20 04:50:00,321 [Thread-1776] WARN  util.JavaUtils (JavaUtils.java:sleep(250)) - Unexpected long sleep: sleep(5097ms) actually took 5442ms which is over the threshold 300ms
2019-09-20 04:50:00,321 [Thread-1781] INFO  impl.FollowerState (FollowerState.java:run(106)) - db7872a1-bd52-4e68-8953-a9abbb9642a5:group-6EC0F30EEA5F changes to CANDIDATE, lastRpcTime:5357, electionTimeout:5186ms
2019-09-20 04:50:00,314 [37fe2768-1af7-42e7-8542-10b932802b02-SegmentedRaftLogWorker:Storage Directory /workdir/hadoop-ozone/integration-test/target/test-dir/MiniOzoneClusterImpl-3cdd9aee-ba37-4d0d-8930-872cb3194007/datanode-0/data/ratis/1628fa90-167c-4ec5-ac73-4dd6ae89f1c8] ERROR segmented.SegmentedRaftLogWorker (SegmentedRaftLogWorker.java:run(323)) - 37fe2768-1af7-42e7-8542-10b932802b02-SegmentedRaftLogWorker:Storage Directory /workdir/hadoop-ozone/integration-test/target/test-dir/MiniOzoneClusterImpl-3cdd9aee-ba37-4d0d-8930-872cb3194007/datanode-0/data/ratis/1628fa90-167c-4ec5-ac73-4dd6ae89f1c8 hit exception
java.lang.OutOfMemoryError: Direct buffer memory
	at java.nio.Bits.reserveMemory(Bits.java:666)
	at java.nio.DirectByteBuffer.<init>(DirectByteBuffer.java:123)
	at java.nio.ByteBuffer.allocateDirect(ByteBuffer.java:311)
	at org.apache.ratis.server.raftlog.segmented.BufferedWriteChannel.<init>(BufferedWriteChannel.java:41)
	at org.apache.ratis.server.raftlog.segmented.SegmentedRaftLogOutputStream.<init>(SegmentedRaftLogOutputStream.java:72)
	at org.apache.ratis.server.raftlog.segmented.SegmentedRaftLogWorker$StartLogSegment.execute(SegmentedRaftLogWorker.java:566)
	at org.apache.ratis.server.raftlog.segmented.SegmentedRaftLogWorker.run(SegmentedRaftLogWorker.java:289)
	at java.lang.Thread.run(Thread.java:748)
2019-09-20 04:50:00,314 [Thread-1784] INFO  impl.FollowerState (FollowerState.java:run(106)) - db7872a1-bd52-4e68-8953-a9abbb9642a5:group-30FC7A2825F2 changes to CANDIDATE, lastRpcTime:5204, electionTimeout:5151ms
2019-09-20 04:49:59,924 [c9787825-ea51-4014-8feb-b4ee136c6b23:group-F91F2BFA525E:LeaderElection136] INFO  impl.RoleInfo (RoleInfo.java:shutdownLeaderElection(134)) - c9787825-ea51-4014-8feb-b4ee136c6b23: shutdown LeaderElection
2019-09-20 04:49:59,924 [1b138595-92e4-4592-9dfc-2bb97fb4c88b:group-DFEA41C0B268:LeaderElection131] INFO  impl.RaftServerImpl (ServerState.java:setRaftConf(361)) - 1b138595-92e4-4592-9dfc-2bb97fb4c88b:group-DFEA41C0B268 set configuration 0: [1b138595-92e4-4592-9dfc-2bb97fb4c88b:192.168.36.79:46597], old=null at 0
2019-09-20 04:49:59,924 [c9787825-ea51-4014-8feb-b4ee136c6b23:group-CA37399D5588:LeaderElection133] INFO  impl.RoleInfo (RoleInfo.java:shutdownLeaderElection(134)) - c9787825-ea51-4014-8feb-b4ee136c6b23: shutdown LeaderElection
2019-09-20 04:50:00,354 [c9787825-ea51-4014-8feb-b4ee136c6b23:group-CA37399D5588:LeaderElection133] INFO  impl.RaftServerImpl (RaftServerImpl.java:setRole(171)) - c9787825-ea51-4014-8feb-b4ee136c6b23:group-CA37399D5588 changes role from CANDIDATE to LEADER at term 1 for changeToLeader
2019-09-20 04:49:59,923 [c82e94d7-3693-4569-94b0-cf8ff008d5c0:group-7649C9CAF23A:LeaderElection129] INFO  segmented.SegmentedRaftLogWorker (SegmentedRaftLogWorker.java:startLogSegment(380)) - c82e94d7-3693-4569-94b0-cf8ff008d5c0-SegmentedRaftLogWorker:Storage Directory /workdir/hadoop-ozone/integration-test/target/test-dir/MiniOzoneClusterImpl-3cdd9aee-ba37-4d0d-8930-872cb3194007/datanode-1/data/ratis/0b8f0efb-fe15-46bd-b6c8-7649c9caf23a: Starting segment from index:0
2019-09-20 04:50:00,354 [c9787825-ea51-4014-8feb-b4ee136c6b23:group-CA37399D5588:LeaderElection133] INFO  impl.RaftServerImpl (ServerState.java:setLeader(263)) - c9787825-ea51-4014-8feb-b4ee136c6b23:group-CA37399D5588 change Leader from null to c9787825-ea51-4014-8feb-b4ee136c6b23 at term 1 for becomeLeader, leader elected after 6918ms
2019-09-20 04:50:00,354 [main] WARN  server.ServerUtils (ServerUtils.java:getDBPath(222)) - ozone.om.db.dirs is not configured. We recommend adding this setting. Falling back to ozone.metadata.dirs instead.
2019-09-20 04:50:00,354 [c9787825-ea51-4014-8feb-b4ee136c6b23:group-F91F2BFA525E:LeaderElection136] INFO  impl.RaftServerImpl (RaftServerImpl.java:setRole(171)) - c9787825-ea51-4014-8feb-b4ee136c6b23:group-F91F2BFA525E changes role from CANDIDATE to LEADER at term 1 for changeToLeader
2019-09-20 04:50:00,355 [c9787825-ea51-4014-8feb-b4ee136c6b23:group-F91F2BFA525E:LeaderElection136] INFO  impl.RaftServerImpl (ServerState.java:setLeader(263)) - c9787825-ea51-4014-8feb-b4ee136c6b23:group-F91F2BFA525E change Leader from null to c9787825-ea51-4014-8feb-b4ee136c6b23 at term 1 for becomeLeader, leader elected after 6572ms
2019-09-20 04:50:00,354 [Thread-1784] INFO  impl.RoleInfo (RoleInfo.java:shutdownFollowerState(121)) - db7872a1-bd52-4e68-8953-a9abbb9642a5: shutdown FollowerState
2019-09-20 04:50:00,354 [37fe2768-1af7-42e7-8542-10b932802b02-SegmentedRaftLogWorker:Storage Directory /workdir/hadoop-ozone/integration-test/target/test-dir/MiniOzoneClusterImpl-3cdd9aee-ba37-4d0d-8930-872cb3194007/datanode-0/data/ratis/1628fa90-167c-4ec5-ac73-4dd6ae89f1c8] INFO  impl.RaftServerImpl (RaftServerImpl.java:lambda$shutdown$3(245)) - 37fe2768-1af7-42e7-8542-10b932802b02: shutdown group-4DD6AE89F1C8
2019-09-20 04:50:00,354 [Thread-1781] INFO  impl.RoleInfo (RoleInfo.java:shutdownFollowerState(121)) - db7872a1-bd52-4e68-8953-a9abbb9642a5: shutdown FollowerState
2019-09-20 04:50:00,355 [Thread-1781] INFO  impl.RaftServerImpl (RaftServerImpl.java:setRole(171)) - db7872a1-bd52-4e68-8953-a9abbb9642a5:group-6EC0F30EEA5F changes role from FOLLOWER to CANDIDATE at term 0 for changeToCandidate
2019-09-20 04:50:00,353 [1b138595-92e4-4592-9dfc-2bb97fb4c88b:group-CDE693C87C09:LeaderElection134] INFO  impl.RoleInfo (RoleInfo.java:shutdownLeaderElection(134)) - 1b138595-92e4-4592-9dfc-2bb97fb4c88b: shutdown LeaderElection
2019-09-20 04:50:00,353 [6a6ac22f-fdb0-4283-a89a-a8bc92b139ca:group-282407ED2169:LeaderElection135] INFO  impl.RoleInfo (RoleInfo.java:shutdownLeaderElection(134)) - 6a6ac22f-fdb0-4283-a89a-a8bc92b139ca: shutdown LeaderElection
2019-09-20 04:50:00,353 [6a6ac22f-fdb0-4283-a89a-a8bc92b139ca:group-E8E3CFC48501:LeaderElection138] INFO  impl.RoleInfo (RoleInfo.java:shutdownLeaderElection(134)) - 6a6ac22f-fdb0-4283-a89a-a8bc92b139ca: shutdown LeaderElection
2019-09-20 04:50:00,353 [d5424862-00f5-4f26-882d-9249b213a1ef:group-60367428C822:LeaderElection139] INFO  impl.RoleInfo (RoleInfo.java:shutdownLeaderElection(134)) - d5424862-00f5-4f26-882d-9249b213a1ef: shutdown LeaderElection
2019-09-20 04:50:00,353 [db7872a1-bd52-4e68-8953-a9abbb9642a5:group-CC89E8AD48EE:LeaderElection140] INFO  impl.RoleInfo (RoleInfo.java:shutdownLeaderElection(134)) - db7872a1-bd52-4e68-8953-a9abbb9642a5: shutdown LeaderElection
2019-09-20 04:50:00,353 [37fe2768-1af7-42e7-8542-10b932802b02-SegmentedRaftLogWorker:Storage Directory /workdir/hadoop-ozone/integration-test/target/test-dir/MiniOzoneClusterImpl-3cdd9aee-ba37-4d0d-8930-872cb3194007/datanode-0/data/ratis/bf822dc2-bb8b-468a-a49e-e4bccfbc35cb] INFO  segmented.SegmentedRaftLogWorker (SegmentedRaftLogWorker.java:close(228)) - 37fe2768-1af7-42e7-8542-10b932802b02-SegmentedRaftLogWorker:Storage Directory /workdir/hadoop-ozone/integration-test/target/test-dir/MiniOzoneClusterImpl-3cdd9aee-ba37-4d0d-8930-872cb3194007/datanode-0/data/ratis/bf822dc2-bb8b-468a-a49e-e4bccfbc35cb close()
2019-09-20 04:50:00,353 [c82e94d7-3693-4569-94b0-cf8ff008d5c0:group-48691FADB9F7:LeaderElection126] INFO  segmented.SegmentedRaftLogWorker (SegmentedRaftLogWorker.java:startLogSegment(380)) - c82e94d7-3693-4569-94b0-cf8ff008d5c0-SegmentedRaftLogWorker:Storage Directory /workdir/hadoop-ozone/integration-test/target/test-dir/MiniOzoneClusterImpl-3cdd9aee-ba37-4d0d-8930-872cb3194007/datanode-1/data/ratis/251b0abc-0e56-4233-b327-48691fadb9f7: Starting segment from index:0
2019-09-20 04:50:00,342 [Thread-1766] INFO  impl.RaftServerImpl (RaftServerImpl.java:setRole(171)) - d5424862-00f5-4f26-882d-9249b213a1ef:group-41C2231EB3D6 changes role from FOLLOWER to CANDIDATE at term 0 for changeToCandidate
2019-09-20 04:50:00,342 [Thread-1773] INFO  impl.RaftServerImpl (RaftServerImpl.java:setRole(171)) - 6a6ac22f-fdb0-4283-a89a-a8bc92b139ca:group-A028E35D4535 changes role from FOLLOWER to CANDIDATE at term 0 for changeToCandidate
2019-09-20 04:50:00,341 [Thread-1769] INFO  impl.RoleInfo (RoleInfo.java:shutdownFollowerState(121)) - d5424862-00f5-4f26-882d-9249b213a1ef: shutdown FollowerState
2019-09-20 04:50:00,727 [Thread-1773] INFO  impl.RoleInfo (RoleInfo.java:updateAndGet(143)) - 6a6ac22f-fdb0-4283-a89a-a8bc92b139ca: start LeaderElection
2019-09-20 04:50:00,727 [6a6ac22f-fdb0-4283-a89a-a8bc92b139ca:group-0BB728B7A7C5:LeaderElection141] INFO  impl.LeaderElection (LeaderElection.java:askForVotes(181)) - 6a6ac22f-fdb0-4283-a89a-a8bc92b139ca:group-0BB728B7A7C5:LeaderElection141: begin an election at term 1 for -1: [6a6ac22f-fdb0-4283-a89a-a8bc92b139ca:192.168.36.79:45432], old=null
2019-09-20 04:50:00,727 [Thread-1787] WARN  util.JavaUtils (JavaUtils.java:sleep(250)) - Unexpected long sleep: sleep(5114ms) actually took 5451ms which is over the threshold 300ms
2019-09-20 04:50:00,727 [Thread-1790] WARN  util.JavaUtils (JavaUtils.java:sleep(250)) - Unexpected long sleep: sleep(5044ms) actually took 5365ms which is over the threshold 300ms
2019-09-20 04:50:00,726 [Thread-1793] INFO  impl.FollowerState (FollowerState.java:run(106)) - db7872a1-bd52-4e68-8953-a9abbb9642a5:group-0963AE15E81A changes to CANDIDATE, lastRpcTime:5178, electionTimeout:5017ms
2019-09-20 04:50:01,035 [Thread-1793] INFO  impl.RoleInfo (RoleInfo.java:shutdownFollowerState(121)) - db7872a1-bd52-4e68-8953-a9abbb9642a5: shutdown FollowerState
2019-09-20 04:50:00,367 [Thread-1766] INFO  impl.RoleInfo (RoleInfo.java:updateAndGet(143)) - d5424862-00f5-4f26-882d-9249b213a1ef: start LeaderElection
2019-09-20 04:50:00,367 [d5424862-00f5-4f26-882d-9249b213a1ef:group-F8ACB03F13BA:LeaderElection142] INFO  impl.LeaderElection (LeaderElection.java:askForVotes(181)) - d5424862-00f5-4f26-882d-9249b213a1ef:group-F8ACB03F13BA:LeaderElection142: begin an election at term 1 for -1: [d5424862-00f5-4f26-882d-9249b213a1ef:192.168.36.79:37251], old=null
2019-09-20 04:50:00,367 [c9787825-ea51-4014-8feb-b4ee136c6b23:group-EB6D3E036903:LeaderElection137] INFO  impl.LeaderElection (LeaderElection.java:askForVotes(181)) - c9787825-ea51-4014-8feb-b4ee136c6b23:group-EB6D3E036903:LeaderElection137: begin an election at term 1 for -1: [c9787825-ea51-4014-8feb-b4ee136c6b23:192.168.36.79:40747], old=null
2019-09-20 04:50:00,355 [db7872a1-bd52-4e68-8953-a9abbb9642a5:group-CC89E8AD48EE:LeaderElection140] INFO  impl.RaftServerImpl (RaftServerImpl.java:setRole(171)) - db7872a1-bd52-4e68-8953-a9abbb9642a5:group-CC89E8AD48EE changes role from CANDIDATE to LEADER at term 1 for changeToLeader
2019-09-20 04:50:00,355 [d5424862-00f5-4f26-882d-9249b213a1ef:group-60367428C822:LeaderElection139] INFO  impl.RaftServerImpl (RaftServerImpl.java:setRole(171)) - d5424862-00f5-4f26-882d-9249b213a1ef:group-60367428C822 changes role from CANDIDATE to LEADER at term 1 for changeToLeader
2019-09-20 04:50:01,035 [d5424862-00f5-4f26-882d-9249b213a1ef:group-60367428C822:LeaderElection139] INFO  impl.RaftServerImpl (ServerState.java:setLeader(263)) - d5424862-00f5-4f26-882d-9249b213a1ef:group-60367428C822 change Leader from null to d5424862-00f5-4f26-882d-9249b213a1ef at term 1 for becomeLeader, leader elected after 6782ms
2019-09-20 04:50:00,355 [6a6ac22f-fdb0-4283-a89a-a8bc92b139ca:group-E8E3CFC48501:LeaderElection138] INFO  impl.RaftServerImpl (RaftServerImpl.java:setRole(171)) - 6a6ac22f-fdb0-4283-a89a-a8bc92b139ca:group-E8E3CFC48501 changes role from CANDIDATE to LEADER at term 1 for changeToLeader
2019-09-20 04:50:01,036 [6a6ac22f-fdb0-4283-a89a-a8bc92b139ca:group-E8E3CFC48501:LeaderElection138] INFO  impl.RaftServerImpl (ServerState.java:setLeader(263)) - 6a6ac22f-fdb0-4283-a89a-a8bc92b139ca:group-E8E3CFC48501 change Leader from null to 6a6ac22f-fdb0-4283-a89a-a8bc92b139ca at term 1 for becomeLeader, leader elected after 6563ms
2019-09-20 04:50:00,355 [6a6ac22f-fdb0-4283-a89a-a8bc92b139ca:group-282407ED2169:LeaderElection135] INFO  impl.RaftServerImpl (RaftServerImpl.java:setRole(171)) - 6a6ac22f-fdb0-4283-a89a-a8bc92b139ca:group-282407ED2169 changes role from CANDIDATE to LEADER at term 1 for changeToLeader
2019-09-20 04:50:00,355 [1b138595-92e4-4592-9dfc-2bb97fb4c88b:group-CDE693C87C09:LeaderElection134] INFO  impl.RaftServerImpl (RaftServerImpl.java:setRole(171)) - 1b138595-92e4-4592-9dfc-2bb97fb4c88b:group-CDE693C87C09 changes role from CANDIDATE to LEADER at term 1 for changeToLeader
2019-09-20 04:50:00,355 [Thread-1781] INFO  impl.RoleInfo (RoleInfo.java:updateAndGet(143)) - db7872a1-bd52-4e68-8953-a9abbb9642a5: start LeaderElection
2019-09-20 04:50:00,355 [37fe2768-1af7-42e7-8542-10b932802b02-SegmentedRaftLogWorker:Storage Directory /workdir/hadoop-ozone/integration-test/target/test-dir/MiniOzoneClusterImpl-3cdd9aee-ba37-4d0d-8930-872cb3194007/datanode-0/data/ratis/1628fa90-167c-4ec5-ac73-4dd6ae89f1c8] INFO  util.JmxRegister (JmxRegister.java:unregister(73)) - Successfully un-registered JMX Bean with object name Ratis:service=RaftServer,group=group-4DD6AE89F1C8,id=37fe2768-1af7-42e7-8542-10b932802b02
2019-09-20 04:50:01,036 [37fe2768-1af7-42e7-8542-10b932802b02-SegmentedRaftLogWorker:Storage Directory /workdir/hadoop-ozone/integration-test/target/test-dir/MiniOzoneClusterImpl-3cdd9aee-ba37-4d0d-8930-872cb3194007/datanode-0/data/ratis/1628fa90-167c-4ec5-ac73-4dd6ae89f1c8] INFO  impl.RoleInfo (RoleInfo.java:shutdownLeaderState(104)) - 37fe2768-1af7-42e7-8542-10b932802b02: shutdown LeaderState
2019-09-20 04:50:00,355 [Thread-1784] INFO  impl.RaftServerImpl (RaftServerImpl.java:setRole(171)) - db7872a1-bd52-4e68-8953-a9abbb9642a5:group-30FC7A2825F2 changes role from FOLLOWER to CANDIDATE at term 0 for changeToCandidate
2019-09-20 04:50:00,355 [c82e94d7-3693-4569-94b0-cf8ff008d5c0:group-7649C9CAF23A:LeaderElection129] INFO  impl.RaftServerImpl (ServerState.java:setRaftConf(361)) - c82e94d7-3693-4569-94b0-cf8ff008d5c0:group-7649C9CAF23A set configuration 0: [c82e94d7-3693-4569-94b0-cf8ff008d5c0:192.168.36.79:33912], old=null at 0
2019-09-20 04:50:00,355 [main] INFO  db.DBStoreBuilder (DBStoreBuilder.java:addTable(110)) - using custom profile for table: userTable
2019-09-20 04:50:00,355 [c9787825-ea51-4014-8feb-b4ee136c6b23:group-F91F2BFA525E:LeaderElection136] INFO  server.RaftServerConfigKeys (ConfUtils.java:logGet(43)) - raft.server.staging.catchup.gap = 1000 (default)
2019-09-20 04:50:00,354 [c9787825-ea51-4014-8feb-b4ee136c6b23:group-CA37399D5588:LeaderElection133] INFO  server.RaftServerConfigKeys (ConfUtils.java:logGet(43)) - raft.server.staging.catchup.gap = 1000 (default)
2019-09-20 04:50:01,037 [c9787825-ea51-4014-8feb-b4ee136c6b23:group-F91F2BFA525E:LeaderElection136] INFO  server.RaftServerConfigKeys (ConfUtils.java:logGet(43)) - raft.server.rpc.sleep.time = 25ms (default)
2019-09-20 04:50:01,037 [main] INFO  db.DBStoreBuilder (DBStoreBuilder.java:processTables(161)) - Using default column profile:DBProfile.DISK for Table:userTable
2019-09-20 04:50:01,037 [Thread-1784] INFO  impl.RoleInfo (RoleInfo.java:updateAndGet(143)) - db7872a1-bd52-4e68-8953-a9abbb9642a5: start LeaderElection
2019-09-20 04:50:01,036 [37fe2768-1af7-42e7-8542-10b932802b02-SegmentedRaftLogWorker:Storage Directory /workdir/hadoop-ozone/integration-test/target/test-dir/MiniOzoneClusterImpl-3cdd9aee-ba37-4d0d-8930-872cb3194007/datanode-0/data/ratis/1628fa90-167c-4ec5-ac73-4dd6ae89f1c8] INFO  impl.PendingRequests (PendingRequests.java:sendNotLeaderResponses(202)) - 37fe2768-1af7-42e7-8542-10b932802b02-PendingRequests: sendNotLeaderResponses
2019-09-20 04:50:01,036 [1b138595-92e4-4592-9dfc-2bb97fb4c88b:group-CDE693C87C09:LeaderElection134] INFO  impl.RaftServerImpl (ServerState.java:setLeader(263)) - 1b138595-92e4-4592-9dfc-2bb97fb4c88b:group-CDE693C87C09 change Leader from null to 1b138595-92e4-4592-9dfc-2bb97fb4c88b at term 1 for becomeLeader, leader elected after 7751ms
2019-09-20 04:50:01,036 [6a6ac22f-fdb0-4283-a89a-a8bc92b139ca:group-282407ED2169:LeaderElection135] INFO  impl.RaftServerImpl (ServerState.java:setLeader(263)) - 6a6ac22f-fdb0-4283-a89a-a8bc92b139ca:group-282407ED2169 change Leader from null to 6a6ac22f-fdb0-4283-a89a-a8bc92b139ca at term 1 for becomeLeader, leader elected after 7684ms
2019-09-20 04:50:01,036 [6a6ac22f-fdb0-4283-a89a-a8bc92b139ca:group-E8E3CFC48501:LeaderElection138] INFO  server.RaftServerConfigKeys (ConfUtils.java:logGet(43)) - raft.server.staging.catchup.gap = 1000 (default)
2019-09-20 04:50:01,036 [d5424862-00f5-4f26-882d-9249b213a1ef:group-60367428C822:LeaderElection139] INFO  server.RaftServerConfigKeys (ConfUtils.java:logGet(43)) - raft.server.staging.catchup.gap = 1000 (default)
2019-09-20 04:50:01,035 [db7872a1-bd52-4e68-8953-a9abbb9642a5:group-CC89E8AD48EE:LeaderElection140] INFO  impl.RaftServerImpl (ServerState.java:setLeader(263)) - db7872a1-bd52-4e68-8953-a9abbb9642a5:group-CC89E8AD48EE change Leader from null to db7872a1-bd52-4e68-8953-a9abbb9642a5 at term 1 for becomeLeader, leader elected after 6976ms
2019-09-20 04:50:01,038 [db7872a1-bd52-4e68-8953-a9abbb9642a5:group-CC89E8AD48EE:LeaderElection140] INFO  server.RaftServerConfigKeys (ConfUtils.java:logGet(43)) - raft.server.staging.catchup.gap = 1000 (default)
2019-09-20 04:50:01,035 [c9787825-ea51-4014-8feb-b4ee136c6b23:group-EB6D3E036903:LeaderElection137] INFO  impl.RoleInfo (RoleInfo.java:shutdownLeaderElection(134)) - c9787825-ea51-4014-8feb-b4ee136c6b23: shutdown LeaderElection
2019-09-20 04:50:01,035 [d5424862-00f5-4f26-882d-9249b213a1ef:group-F8ACB03F13BA:LeaderElection142] INFO  impl.RoleInfo (RoleInfo.java:shutdownLeaderElection(134)) - d5424862-00f5-4f26-882d-9249b213a1ef: shutdown LeaderElection
2019-09-20 04:50:01,035 [Thread-1793] INFO  impl.RaftServerImpl (RaftServerImpl.java:setRole(171)) - db7872a1-bd52-4e68-8953-a9abbb9642a5:group-0963AE15E81A changes role from FOLLOWER to CANDIDATE at term 0 for changeToCandidate
2019-09-20 04:50:01,034 [6a6ac22f-fdb0-4283-a89a-a8bc92b139ca:group-0BB728B7A7C5:LeaderElection141] INFO  impl.RoleInfo (RoleInfo.java:shutdownLeaderElection(134)) - 6a6ac22f-fdb0-4283-a89a-a8bc92b139ca: shutdown LeaderElection
2019-09-20 04:50:01,034 [c82e94d7-3693-4569-94b0-cf8ff008d5c0:group-48691FADB9F7:LeaderElection126] INFO  impl.RaftServerImpl (ServerState.java:setRaftConf(361)) - c82e94d7-3693-4569-94b0-cf8ff008d5c0:group-48691FADB9F7 set configuration 0: [c82e94d7-3693-4569-94b0-cf8ff008d5c0:192.168.36.79:33912], old=null at 0
2019-09-20 04:50:00,728 [Thread-1769] INFO  impl.RaftServerImpl (RaftServerImpl.java:setRole(171)) - d5424862-00f5-4f26-882d-9249b213a1ef:group-3F8B1D6B6E4D changes role from FOLLOWER to CANDIDATE at term 0 for changeToCandidate
2019-09-20 04:50:01,039 [6a6ac22f-fdb0-4283-a89a-a8bc92b139ca:group-0BB728B7A7C5:LeaderElection141] INFO  impl.RaftServerImpl (RaftServerImpl.java:setRole(171)) - 6a6ac22f-fdb0-4283-a89a-a8bc92b139ca:group-0BB728B7A7C5 changes role from CANDIDATE to LEADER at term 1 for changeToLeader
2019-09-20 04:50:01,039 [Thread-1793] INFO  impl.RoleInfo (RoleInfo.java:updateAndGet(143)) - db7872a1-bd52-4e68-8953-a9abbb9642a5: start LeaderElection
2019-09-20 04:50:01,039 [d5424862-00f5-4f26-882d-9249b213a1ef:group-F8ACB03F13BA:LeaderElection142] INFO  impl.RaftServerImpl (RaftServerImpl.java:setRole(171)) - d5424862-00f5-4f26-882d-9249b213a1ef:group-F8ACB03F13BA changes role from CANDIDATE to LEADER at term 1 for changeToLeader
2019-09-20 04:50:01,040 [d5424862-00f5-4f26-882d-9249b213a1ef:group-F8ACB03F13BA:LeaderElection142] INFO  impl.RaftServerImpl (ServerState.java:setLeader(263)) - d5424862-00f5-4f26-882d-9249b213a1ef:group-F8ACB03F13BA change Leader from null to d5424862-00f5-4f26-882d-9249b213a1ef at term 1 for becomeLeader, leader elected after 6702ms
2019-09-20 04:50:01,039 [c9787825-ea51-4014-8feb-b4ee136c6b23:group-EB6D3E036903:LeaderElection137] INFO  impl.RaftServerImpl (RaftServerImpl.java:setRole(171)) - c9787825-ea51-4014-8feb-b4ee136c6b23:group-EB6D3E036903 changes role from CANDIDATE to LEADER at term 1 for changeToLeader
2019-09-20 04:50:01,039 [db7872a1-bd52-4e68-8953-a9abbb9642a5:group-CC89E8AD48EE:LeaderElection140] INFO  server.RaftServerConfigKeys (ConfUtils.java:logGet(43)) - raft.server.rpc.sleep.time = 25ms (default)
2019-09-20 04:50:01,038 [d5424862-00f5-4f26-882d-9249b213a1ef:group-60367428C822:LeaderElection139] INFO  server.RaftServerConfigKeys (ConfUtils.java:logGet(43)) - raft.server.rpc.sleep.time = 25ms (default)
2019-09-20 04:50:01,038 [6a6ac22f-fdb0-4283-a89a-a8bc92b139ca:group-E8E3CFC48501:LeaderElection138] INFO  server.RaftServerConfigKeys (ConfUtils.java:logGet(43)) - raft.server.rpc.sleep.time = 25ms (default)
2019-09-20 04:50:01,038 [6a6ac22f-fdb0-4283-a89a-a8bc92b139ca:group-282407ED2169:LeaderElection135] INFO  server.RaftServerConfigKeys (ConfUtils.java:logGet(43)) - raft.server.staging.catchup.gap = 1000 (default)
2019-09-20 04:50:01,038 [1b138595-92e4-4592-9dfc-2bb97fb4c88b:group-CDE693C87C09:LeaderElection134] INFO  server.RaftServerConfigKeys (ConfUtils.java:logGet(43)) - raft.server.staging.catchup.gap = 1000 (default)
2019-09-20 04:50:01,038 [37fe2768-1af7-42e7-8542-10b932802b02-SegmentedRaftLogWorker:Storage Directory /workdir/hadoop-ozone/integration-test/target/test-dir/MiniOzoneClusterImpl-3cdd9aee-ba37-4d0d-8930-872cb3194007/datanode-0/data/ratis/1628fa90-167c-4ec5-ac73-4dd6ae89f1c8] INFO  impl.StateMachineUpdater (StateMachineUpdater.java:stopAndJoin(115)) - StateMachineUpdater:37fe2768-1af7-42e7-8542-10b932802b02:group-4DD6AE89F1C8: set stopIndex = -1
2019-09-20 04:50:01,040 [37fe2768-1af7-42e7-8542-10b932802b02-SegmentedRaftLogWorker:Storage Directory /workdir/hadoop-ozone/integration-test/target/test-dir/MiniOzoneClusterImpl-3cdd9aee-ba37-4d0d-8930-872cb3194007/datanode-0/data/ratis/1628fa90-167c-4ec5-ac73-4dd6ae89f1c8] INFO  impl.RaftServerImpl (ServerState.java:close(394)) - 37fe2768-1af7-42e7-8542-10b932802b02:group-4DD6AE89F1C8 closes. The last applied log index is -1
2019-09-20 04:50:01,038 [main] INFO  db.DBStoreBuilder (DBStoreBuilder.java:addTable(110)) - using custom profile for table: volumeTable
2019-09-20 04:50:01,041 [main] INFO  db.DBStoreBuilder (DBStoreBuilder.java:processTables(161)) - Using default column profile:DBProfile.DISK for Table:volumeTable
2019-09-20 04:50:01,037 [c9787825-ea51-4014-8feb-b4ee136c6b23:group-F91F2BFA525E:LeaderElection136] INFO  server.RaftServerConfigKeys (ConfUtils.java:logGet(43)) - raft.server.write.element-limit = 4096 (default)
2019-09-20 04:50:01,037 [c9787825-ea51-4014-8feb-b4ee136c6b23:group-CA37399D5588:LeaderElection133] INFO  server.RaftServerConfigKeys (ConfUtils.java:logGet(43)) - raft.server.rpc.sleep.time = 25ms (default)
2019-09-20 04:50:01,041 [c9787825-ea51-4014-8feb-b4ee136c6b23:group-F91F2BFA525E:LeaderElection136] INFO  server.RaftServerConfigKeys (ConfUtils.java:logGet(43)) - raft.server.watch.timeout = 10s (default)
2019-09-20 04:50:01,041 [c9787825-ea51-4014-8feb-b4ee136c6b23:group-F91F2BFA525E:LeaderElection136] INFO  server.RaftServerConfigKeys (ConfUtils.java:logGet(43)) - raft.server.watch.timeout.denomination = 1s (default)
2019-09-20 04:50:01,041 [main] INFO  db.DBStoreBuilder (DBStoreBuilder.java:addTable(110)) - using custom profile for table: bucketTable
2019-09-20 04:50:01,041 [main] INFO  db.DBStoreBuilder (DBStoreBuilder.java:processTables(161)) - Using default column profile:DBProfile.DISK for Table:bucketTable
2019-09-20 04:50:01,041 [37fe2768-1af7-42e7-8542-10b932802b02-SegmentedRaftLogWorker:Storage Directory /workdir/hadoop-ozone/integration-test/target/test-dir/MiniOzoneClusterImpl-3cdd9aee-ba37-4d0d-8930-872cb3194007/datanode-0/data/ratis/1628fa90-167c-4ec5-ac73-4dd6ae89f1c8] INFO  segmented.SegmentedRaftLogWorker (SegmentedRaftLogWorker.java:close(228)) - 37fe2768-1af7-42e7-8542-10b932802b02-SegmentedRaftLogWorker:Storage Directory /workdir/hadoop-ozone/integration-test/target/test-dir/MiniOzoneClusterImpl-3cdd9aee-ba37-4d0d-8930-872cb3194007/datanode-0/data/ratis/1628fa90-167c-4ec5-ac73-4dd6ae89f1c8 close()
2019-09-20 04:50:01,040 [1b138595-92e4-4592-9dfc-2bb97fb4c88b:group-CDE693C87C09:LeaderElection134] INFO  server.RaftServerConfigKeys (ConfUtils.java:logGet(43)) - raft.server.rpc.sleep.time = 25ms (default)
2019-09-20 04:50:01,040 [6a6ac22f-fdb0-4283-a89a-a8bc92b139ca:group-282407ED2169:LeaderElection135] INFO  server.RaftServerConfigKeys (ConfUtils.java:logGet(43)) - raft.server.rpc.sleep.time = 25ms (default)
2019-09-20 04:50:01,040 [6a6ac22f-fdb0-4283-a89a-a8bc92b139ca:group-E8E3CFC48501:LeaderElection138] INFO  server.RaftServerConfigKeys (ConfUtils.java:logGet(43)) - raft.server.write.element-limit = 4096 (default)
2019-09-20 04:50:01,040 [d5424862-00f5-4f26-882d-9249b213a1ef:group-60367428C822:LeaderElection139] INFO  server.RaftServerConfigKeys (ConfUtils.java:logGet(43)) - raft.server.write.element-limit = 4096 (default)
2019-09-20 04:50:01,040 [db7872a1-bd52-4e68-8953-a9abbb9642a5:group-CC89E8AD48EE:LeaderElection140] INFO  server.RaftServerConfigKeys (ConfUtils.java:logGet(43)) - raft.server.write.element-limit = 4096 (default)
2019-09-20 04:50:01,040 [c9787825-ea51-4014-8feb-b4ee136c6b23:group-EB6D3E036903:LeaderElection137] INFO  impl.RaftServerImpl (ServerState.java:setLeader(263)) - c9787825-ea51-4014-8feb-b4ee136c6b23:group-EB6D3E036903 change Leader from null to c9787825-ea51-4014-8feb-b4ee136c6b23 at term 1 for becomeLeader, leader elected after 7171ms
2019-09-20 04:50:01,040 [d5424862-00f5-4f26-882d-9249b213a1ef:group-F8ACB03F13BA:LeaderElection142] INFO  server.RaftServerConfigKeys (ConfUtils.java:logGet(43)) - raft.server.staging.catchup.gap = 1000 (default)
2019-09-20 04:50:01,056 [d5424862-00f5-4f26-882d-9249b213a1ef:group-F8ACB03F13BA:LeaderElection142] INFO  server.RaftServerConfigKeys (ConfUtils.java:logGet(43)) - raft.server.rpc.sleep.time = 25ms (default)
2019-09-20 04:50:01,039 [6a6ac22f-fdb0-4283-a89a-a8bc92b139ca:group-0BB728B7A7C5:LeaderElection141] INFO  impl.RaftServerImpl (ServerState.java:setLeader(263)) - 6a6ac22f-fdb0-4283-a89a-a8bc92b139ca:group-0BB728B7A7C5 change Leader from null to 6a6ac22f-fdb0-4283-a89a-a8bc92b139ca at term 1 for becomeLeader, leader elected after 7091ms
2019-09-20 04:50:01,039 [Thread-1769] INFO  impl.RoleInfo (RoleInfo.java:updateAndGet(143)) - d5424862-00f5-4f26-882d-9249b213a1ef: start LeaderElection
2019-09-20 04:50:01,056 [6a6ac22f-fdb0-4283-a89a-a8bc92b139ca:group-0BB728B7A7C5:LeaderElection141] INFO  server.RaftServerConfigKeys (ConfUtils.java:logGet(43)) - raft.server.staging.catchup.gap = 1000 (default)
2019-09-20 04:50:01,056 [d5424862-00f5-4f26-882d-9249b213a1ef:group-F8ACB03F13BA:LeaderElection142] INFO  server.RaftServerConfigKeys (ConfUtils.java:logGet(43)) - raft.server.write.element-limit = 4096 (default)
2019-09-20 04:50:01,056 [c9787825-ea51-4014-8feb-b4ee136c6b23:group-EB6D3E036903:LeaderElection137] INFO  server.RaftServerConfigKeys (ConfUtils.java:logGet(43)) - raft.server.staging.catchup.gap = 1000 (default)
2019-09-20 04:50:01,055 [db7872a1-bd52-4e68-8953-a9abbb9642a5:group-CC89E8AD48EE:LeaderElection140] INFO  server.RaftServerConfigKeys (ConfUtils.java:logGet(43)) - raft.server.watch.timeout = 10s (default)
2019-09-20 04:50:01,055 [d5424862-00f5-4f26-882d-9249b213a1ef:group-60367428C822:LeaderElection139] INFO  server.RaftServerConfigKeys (ConfUtils.java:logGet(43)) - raft.server.watch.timeout = 10s (default)
2019-09-20 04:50:01,057 [d5424862-00f5-4f26-882d-9249b213a1ef:group-60367428C822:LeaderElection139] INFO  server.RaftServerConfigKeys (ConfUtils.java:logGet(43)) - raft.server.watch.timeout.denomination = 1s (default)
2019-09-20 04:50:01,055 [6a6ac22f-fdb0-4283-a89a-a8bc92b139ca:group-E8E3CFC48501:LeaderElection138] INFO  server.RaftServerConfigKeys (ConfUtils.java:logGet(43)) - raft.server.watch.timeout = 10s (default)
2019-09-20 04:50:01,055 [6a6ac22f-fdb0-4283-a89a-a8bc92b139ca:group-282407ED2169:LeaderElection135] INFO  server.RaftServerConfigKeys (ConfUtils.java:logGet(43)) - raft.server.write.element-limit = 4096 (default)
2019-09-20 04:50:01,055 [1b138595-92e4-4592-9dfc-2bb97fb4c88b:group-CDE693C87C09:LeaderElection134] INFO  server.RaftServerConfigKeys (ConfUtils.java:logGet(43)) - raft.server.write.element-limit = 4096 (default)
2019-09-20 04:50:01,042 [main] INFO  db.DBStoreBuilder (DBStoreBuilder.java:addTable(110)) - using custom profile for table: keyTable
2019-09-20 04:50:01,041 [c9787825-ea51-4014-8feb-b4ee136c6b23:group-F91F2BFA525E:LeaderElection136] INFO  server.RaftServerConfigKeys (ConfUtils.java:logGet(43)) - raft.server.watch.element-limit = 65536 (default)
2019-09-20 04:50:01,041 [c9787825-ea51-4014-8feb-b4ee136c6b23:group-CA37399D5588:LeaderElection133] INFO  server.RaftServerConfigKeys (ConfUtils.java:logGet(43)) - raft.server.write.element-limit = 4096 (default)
2019-09-20 04:50:01,057 [c9787825-ea51-4014-8feb-b4ee136c6b23:group-F91F2BFA525E:LeaderElection136] INFO  impl.RoleInfo (RoleInfo.java:updateAndGet(143)) - c9787825-ea51-4014-8feb-b4ee136c6b23: start LeaderState
2019-09-20 04:50:01,057 [main] INFO  db.DBStoreBuilder (DBStoreBuilder.java:processTables(161)) - Using default column profile:DBProfile.DISK for Table:keyTable
2019-09-20 04:50:01,057 [1b138595-92e4-4592-9dfc-2bb97fb4c88b:group-CDE693C87C09:LeaderElection134] INFO  server.RaftServerConfigKeys (ConfUtils.java:logGet(43)) - raft.server.watch.timeout = 10s (default)
2019-09-20 04:50:01,058 [main] INFO  db.DBStoreBuilder (DBStoreBuilder.java:addTable(110)) - using custom profile for table: deletedTable
2019-09-20 04:50:01,058 [main] INFO  db.DBStoreBuilder (DBStoreBuilder.java:processTables(161)) - Using default column profile:DBProfile.DISK for Table:deletedTable
2019-09-20 04:50:01,057 [6a6ac22f-fdb0-4283-a89a-a8bc92b139ca:group-282407ED2169:LeaderElection135] INFO  server.RaftServerConfigKeys (ConfUtils.java:logGet(43)) - raft.server.watch.timeout = 10s (default)
2019-09-20 04:50:01,057 [6a6ac22f-fdb0-4283-a89a-a8bc92b139ca:group-E8E3CFC48501:LeaderElection138] INFO  server.RaftServerConfigKeys (ConfUtils.java:logGet(43)) - raft.server.watch.timeout.denomination = 1s (default)
2019-09-20 04:50:01,057 [d5424862-00f5-4f26-882d-9249b213a1ef:group-60367428C822:LeaderElection139] INFO  server.RaftServerConfigKeys (ConfUtils.java:logGet(43)) - raft.server.watch.element-limit = 65536 (default)
2019-09-20 04:50:01,056 [db7872a1-bd52-4e68-8953-a9abbb9642a5:group-CC89E8AD48EE:LeaderElection140] INFO  server.RaftServerConfigKeys (ConfUtils.java:logGet(43)) - raft.server.watch.timeout.denomination = 1s (default)
2019-09-20 04:50:01,059 [db7872a1-bd52-4e68-8953-a9abbb9642a5:group-CC89E8AD48EE:LeaderElection140] INFO  server.RaftServerConfigKeys (ConfUtils.java:logGet(43)) - raft.server.watch.element-limit = 65536 (default)
2019-09-20 04:50:01,056 [c9787825-ea51-4014-8feb-b4ee136c6b23:group-EB6D3E036903:LeaderElection137] INFO  server.RaftServerConfigKeys (ConfUtils.java:logGet(43)) - raft.server.rpc.sleep.time = 25ms (default)
2019-09-20 04:50:01,056 [d5424862-00f5-4f26-882d-9249b213a1ef:group-F8ACB03F13BA:LeaderElection142] INFO  server.RaftServerConfigKeys (ConfUtils.java:logGet(43)) - raft.server.watch.timeout = 10s (default)
2019-09-20 04:50:01,056 [6a6ac22f-fdb0-4283-a89a-a8bc92b139ca:group-0BB728B7A7C5:LeaderElection141] INFO  server.RaftServerConfigKeys (ConfUtils.java:logGet(43)) - raft.server.rpc.sleep.time = 25ms (default)
2019-09-20 04:50:01,060 [d5424862-00f5-4f26-882d-9249b213a1ef:group-F8ACB03F13BA:LeaderElection142] INFO  server.RaftServerConfigKeys (ConfUtils.java:logGet(43)) - raft.server.watch.timeout.denomination = 1s (default)
2019-09-20 04:50:01,059 [c9787825-ea51-4014-8feb-b4ee136c6b23:group-EB6D3E036903:LeaderElection137] INFO  server.RaftServerConfigKeys (ConfUtils.java:logGet(43)) - raft.server.write.element-limit = 4096 (default)
2019-09-20 04:50:01,059 [db7872a1-bd52-4e68-8953-a9abbb9642a5:group-CC89E8AD48EE:LeaderElection140] INFO  impl.RoleInfo (RoleInfo.java:updateAndGet(143)) - db7872a1-bd52-4e68-8953-a9abbb9642a5: start LeaderState
2019-09-20 04:50:01,059 [d5424862-00f5-4f26-882d-9249b213a1ef:group-60367428C822:LeaderElection139] INFO  impl.RoleInfo (RoleInfo.java:updateAndGet(143)) - d5424862-00f5-4f26-882d-9249b213a1ef: start LeaderState
2019-09-20 04:50:01,059 [d5424862-00f5-4f26-882d-9249b213a1ef:group-41C2231EB3D6:LeaderElection144] INFO  impl.LeaderElection (LeaderElection.java:askForVotes(181)) - d5424862-00f5-4f26-882d-9249b213a1ef:group-41C2231EB3D6:LeaderElection144: begin an election at term 1 for -1: [d5424862-00f5-4f26-882d-9249b213a1ef:192.168.36.79:37251], old=null
2019-09-20 04:50:01,059 [6a6ac22f-fdb0-4283-a89a-a8bc92b139ca:group-A028E35D4535:LeaderElection145] INFO  impl.LeaderElection (LeaderElection.java:askForVotes(181)) - 6a6ac22f-fdb0-4283-a89a-a8bc92b139ca:group-A028E35D4535:LeaderElection145: begin an election at term 1 for -1: [6a6ac22f-fdb0-4283-a89a-a8bc92b139ca:192.168.36.79:45432], old=null
2019-09-20 04:50:01,059 [db7872a1-bd52-4e68-8953-a9abbb9642a5:group-6EC0F30EEA5F:LeaderElection143] INFO  impl.LeaderElection (LeaderElection.java:askForVotes(181)) - db7872a1-bd52-4e68-8953-a9abbb9642a5:group-6EC0F30EEA5F:LeaderElection143: begin an election at term 1 for -1: [db7872a1-bd52-4e68-8953-a9abbb9642a5:192.168.36.79:33028], old=null
2019-09-20 04:50:01,059 [db7872a1-bd52-4e68-8953-a9abbb9642a5:group-30FC7A2825F2:LeaderElection146] INFO  impl.LeaderElection (LeaderElection.java:askForVotes(181)) - db7872a1-bd52-4e68-8953-a9abbb9642a5:group-30FC7A2825F2:LeaderElection146: begin an election at term 1 for -1: [db7872a1-bd52-4e68-8953-a9abbb9642a5:192.168.36.79:33028], old=null
2019-09-20 04:50:01,059 [db7872a1-bd52-4e68-8953-a9abbb9642a5:group-0963AE15E81A:LeaderElection147] INFO  impl.LeaderElection (LeaderElection.java:askForVotes(181)) - db7872a1-bd52-4e68-8953-a9abbb9642a5:group-0963AE15E81A:LeaderElection147: begin an election at term 1 for -1: [db7872a1-bd52-4e68-8953-a9abbb9642a5:192.168.36.79:33028], old=null
2019-09-20 04:50:01,059 [6a6ac22f-fdb0-4283-a89a-a8bc92b139ca:group-E8E3CFC48501:LeaderElection138] INFO  server.RaftServerConfigKeys (ConfUtils.java:logGet(43)) - raft.server.watch.element-limit = 65536 (default)
2019-09-20 04:50:01,059 [6a6ac22f-fdb0-4283-a89a-a8bc92b139ca:group-282407ED2169:LeaderElection135] INFO  server.RaftServerConfigKeys (ConfUtils.java:logGet(43)) - raft.server.watch.timeout.denomination = 1s (default)
2019-09-20 04:50:01,059 [main] INFO  db.DBStoreBuilder (DBStoreBuilder.java:addTable(110)) - using custom profile for table: openKeyTable
2019-09-20 04:50:01,061 [main] INFO  db.DBStoreBuilder (DBStoreBuilder.java:processTables(161)) - Using default column profile:DBProfile.DISK for Table:openKeyTable
2019-09-20 04:50:01,058 [1b138595-92e4-4592-9dfc-2bb97fb4c88b:group-CDE693C87C09:LeaderElection134] INFO  server.RaftServerConfigKeys (ConfUtils.java:logGet(43)) - raft.server.watch.timeout.denomination = 1s (default)
2019-09-20 04:50:01,061 [main] INFO  db.DBStoreBuilder (DBStoreBuilder.java:addTable(110)) - using custom profile for table: s3Table
2019-09-20 04:50:01,058 [c9787825-ea51-4014-8feb-b4ee136c6b23:group-F91F2BFA525E:LeaderElection136] INFO  segmented.SegmentedRaftLogWorker (SegmentedRaftLogWorker.java:startLogSegment(380)) - c9787825-ea51-4014-8feb-b4ee136c6b23-SegmentedRaftLogWorker:Storage Directory /workdir/hadoop-ozone/integration-test/target/test-dir/MiniOzoneClusterImpl-3cdd9aee-ba37-4d0d-8930-872cb3194007/datanode-3/data/ratis/b7446d43-d2bd-4ced-9060-f91f2bfa525e: Starting segment from index:0
2019-09-20 04:50:01,057 [c9787825-ea51-4014-8feb-b4ee136c6b23:group-CA37399D5588:LeaderElection133] INFO  server.RaftServerConfigKeys (ConfUtils.java:logGet(43)) - raft.server.watch.timeout = 10s (default)
2019-09-20 04:50:01,062 [c9787825-ea51-4014-8feb-b4ee136c6b23:group-CA37399D5588:LeaderElection133] INFO  server.RaftServerConfigKeys (ConfUtils.java:logGet(43)) - raft.server.watch.timeout.denomination = 1s (default)
2019-09-20 04:50:01,406 | INFO  | SCMAudit | user=jenkins1000 | ip=192.168.36.79 | op=SEND_HEARTBEAT {datanodeUUID=8538cd65-7926-426b-8bad-fbd0f0550f9a, command=[]} | ret=SUCCESS |  
2019-09-20 04:50:01,406 | INFO  | SCMAudit | user=jenkins1000 | ip=192.168.36.79 | op=SEND_HEARTBEAT {datanodeUUID=ea71b9af-1075-4196-9693-aa14e10f536d, command=[]} | ret=SUCCESS |  
2019-09-20 04:50:01,406 | INFO  | SCMAudit | user=jenkins1000 | ip=192.168.36.79 | op=SEND_HEARTBEAT {datanodeUUID=236eed40-dd97-4fdc-a0ae-ab99685a426b, command=[]} | ret=SUCCESS |  
2019-09-20 04:50:01,406 | INFO  | SCMAudit | user=jenkins1000 | ip=192.168.36.79 | op=SEND_HEARTBEAT {datanodeUUID=3c2a6bfe-f5c5-4e23-89b0-850dab17697d, command=[]} | ret=SUCCESS |  
2019-09-20 04:50:01,406 | INFO  | SCMAudit | user=jenkins1000 | ip=192.168.36.79 | op=SEND_HEARTBEAT {datanodeUUID=eaf3ecbe-c3b1-4969-ad3a-e4de7fb04f81, command=[]} | ret=SUCCESS |  
2019-09-20 04:50:01,406 | INFO  | SCMAudit | user=jenkins1000 | ip=192.168.36.79 | op=SEND_HEARTBEAT {datanodeUUID=8d97392c-5f4b-400a-94a1-fb61a3ebbc99, command=[]} | ret=SUCCESS |  
2019-09-20 04:50:01,406 | INFO  | SCMAudit | user=jenkins1000 | ip=192.168.36.79 | op=SEND_HEARTBEAT {datanodeUUID=2d6465ef-cffa-473a-a4c6-a9aa3f1a26c0, command=[]} | ret=SUCCESS |  
2019-09-20 04:50:01,406 | INFO  | SCMAudit | user=jenkins1000 | ip=192.168.36.79 | op=SEND_HEARTBEAT {datanodeUUID=c4f6294c-eda3-4afd-81f7-e69ed14da69f, command=[]} | ret=SUCCESS |  
2019-09-20 04:50:01,406 | INFO  | SCMAudit | user=jenkins1000 | ip=192.168.36.79 | op=SEND_HEARTBEAT {datanodeUUID=5ea19b84-5385-4ae9-8412-c4cfa929b172, command=[]} | ret=SUCCESS |  
2019-09-20 04:50:01,406 | INFO  | SCMAudit | user=jenkins1000 | ip=192.168.36.79 | op=SEND_HEARTBEAT {datanodeUUID=eb30d72f-c0a8-4ecb-bfee-9120a9a6cddf, command=[]} | ret=SUCCESS |  
2019-09-20 04:50:01,406 | INFO  | SCMAudit | user=jenkins1000 | ip=192.168.36.79 | op=SEND_HEARTBEAT {datanodeUUID=42fc6e92-fcdd-4827-b621-9fc58a3d2315, command=[]} | ret=SUCCESS |  
2019-09-20 04:50:01,406 | INFO  | SCMAudit | user=jenkins1000 | ip=192.168.36.79 | op=SEND_HEARTBEAT {datanodeUUID=dba845b8-ea76-4e09-ab03-0883d354e493, command=[]} | ret=SUCCESS |  
2019-09-20 04:50:01,406 | INFO  | SCMAudit | user=jenkins1000 | ip=192.168.36.79 | op=SEND_HEARTBEAT {datanodeUUID=f4e549ee-a6fa-4eb9-8541-129d0566fdf5, command=[]} | ret=SUCCESS |  
2019-09-20 04:50:01,406 | INFO  | SCMAudit | user=jenkins1000 | ip=192.168.36.79 | op=SEND_HEARTBEAT {datanodeUUID=68a93ad8-b6a8-44e1-8a9f-45fcc58d229a, command=[]} | ret=SUCCESS |  
2019-09-20 04:50:01,406 | INFO  | SCMAudit | user=jenkins1000 | ip=192.168.36.79 | op=SEND_HEARTBEAT {datanodeUUID=2702b462-69d8-4c1b-aae1-091a21fe08b8, command=[]} | ret=SUCCESS |  
2019-09-20 04:50:01,406 | INFO  | SCMAudit | user=jenkins1000 | ip=192.168.36.79 | op=SEND_HEARTBEAT {datanodeUUID=ba95d636-ac34-4b74-a102-dec8d0f377c6, command=[]} | ret=SUCCESS |  
2019-09-20 04:50:01,406 | INFO  | SCMAudit | user=jenkins1000 | ip=192.168.36.79 | op=SEND_HEARTBEAT {datanodeUUID=1d91ad97-6666-4ee7-855a-8b5e944e7401, command=[]} | ret=SUCCESS |  
2019-09-20 04:50:01,406 | INFO  | SCMAudit | user=jenkins1000 | ip=192.168.36.79 | op=SEND_HEARTBEAT {datanodeUUID=fdbc37f2-9e58-4bac-a5d5-a78839d012e9, command=[]} | ret=SUCCESS |  
2019-09-20 04:50:01,406 | INFO  | SCMAudit | user=jenkins1000 | ip=192.168.36.79 | op=SEND_HEARTBEAT {datanodeUUID=bd1a845e-f2ed-4713-9516-9ccc20139040, command=[]} | ret=SUCCESS |  
2019-09-20 04:50:01,406 | INFO  | SCMAudit | user=jenkins1000 | ip=192.168.36.79 | op=SEND_HEARTBEAT {datanodeUUID=0ad3f89e-804f-4845-89c5-5ff1a35a5dda, command=[]} | ret=SUCCESS |  
2019-09-20 04:50:01,406 | INFO  | SCMAudit | user=jenkins1000 | ip=192.168.36.79 | op=SEND_HEARTBEAT {datanodeUUID=a9bc59c4-b792-48d5-9db2-4e71770477b1, command=[]} | ret=SUCCESS |  
2019-09-20 04:50:01,407 | INFO  | SCMAudit | user=jenkins1000 | ip=192.168.36.79 | op=SEND_HEARTBEAT {datanodeUUID=37fe2768-1af7-42e7-8542-10b932802b02, command=[]} | ret=SUCCESS |  
2019-09-20 04:50:01,407 | INFO  | SCMAudit | user=jenkins1000 | ip=192.168.36.79 | op=SEND_HEARTBEAT {datanodeUUID=1b138595-92e4-4592-9dfc-2bb97fb4c88b, command=[]} | ret=SUCCESS |  
2019-09-20 04:50:01,407 | INFO  | SCMAudit | user=jenkins1000 | ip=192.168.36.79 | op=SEND_HEARTBEAT {datanodeUUID=c82e94d7-3693-4569-94b0-cf8ff008d5c0, command=[]} | ret=SUCCESS |  
2019-09-20 04:50:01,407 | INFO  | SCMAudit | user=jenkins1000 | ip=192.168.36.79 | op=SEND_HEARTBEAT {datanodeUUID=6a6ac22f-fdb0-4283-a89a-a8bc92b139ca, command=[]} | ret=SUCCESS |  
2019-09-20 04:50:01,409 | INFO  | SCMAudit | user=jenkins1000 | ip=192.168.36.79 | op=SEND_HEARTBEAT {datanodeUUID=c9787825-ea51-4014-8feb-b4ee136c6b23, command=[]} | ret=SUCCESS |  
2019-09-20 04:50:01,409 | INFO  | SCMAudit | user=jenkins1000 | ip=192.168.36.79 | op=SEND_HEARTBEAT {datanodeUUID=db7872a1-bd52-4e68-8953-a9abbb9642a5, command=[]} | ret=SUCCESS |  
2019-09-20 04:50:01,409 | INFO  | SCMAudit | user=jenkins1000 | ip=192.168.36.79 | op=SEND_HEARTBEAT {datanodeUUID=d5424862-00f5-4f26-882d-9249b213a1ef, command=[]} | ret=SUCCESS |  
2019-09-20 04:50:01,062 [main] INFO  db.DBStoreBuilder (DBStoreBuilder.java:processTables(161)) - Using default column profile:DBProfile.DISK for Table:s3Table
2019-09-20 04:50:01,061 [1b138595-92e4-4592-9dfc-2bb97fb4c88b:group-CDE693C87C09:LeaderElection134] INFO  server.RaftServerConfigKeys (ConfUtils.java:logGet(43)) - raft.server.watch.element-limit = 65536 (default)
2019-09-20 04:50:01,061 [6a6ac22f-fdb0-4283-a89a-a8bc92b139ca:group-282407ED2169:LeaderElection135] INFO  server.RaftServerConfigKeys (ConfUtils.java:logGet(43)) - raft.server.watch.element-limit = 65536 (default)
2019-09-20 04:50:01,061 [6a6ac22f-fdb0-4283-a89a-a8bc92b139ca:group-E8E3CFC48501:LeaderElection138] INFO  impl.RoleInfo (RoleInfo.java:updateAndGet(143)) - 6a6ac22f-fdb0-4283-a89a-a8bc92b139ca: start LeaderState
2019-09-20 04:50:01,061 [db7872a1-bd52-4e68-8953-a9abbb9642a5:group-0963AE15E81A:LeaderElection147] INFO  impl.RoleInfo (RoleInfo.java:shutdownLeaderElection(134)) - db7872a1-bd52-4e68-8953-a9abbb9642a5: shutdown LeaderElection
2019-09-20 04:50:01,060 [db7872a1-bd52-4e68-8953-a9abbb9642a5:group-30FC7A2825F2:LeaderElection146] INFO  impl.RoleInfo (RoleInfo.java:shutdownLeaderElection(134)) - db7872a1-bd52-4e68-8953-a9abbb9642a5: shutdown LeaderElection
2019-09-20 04:50:01,060 [db7872a1-bd52-4e68-8953-a9abbb9642a5:group-6EC0F30EEA5F:LeaderElection143] INFO  impl.RoleInfo (RoleInfo.java:shutdownLeaderElection(134)) - db7872a1-bd52-4e68-8953-a9abbb9642a5: shutdown LeaderElection
2019-09-20 04:50:01,060 [6a6ac22f-fdb0-4283-a89a-a8bc92b139ca:group-A028E35D4535:LeaderElection145] INFO  impl.RoleInfo (RoleInfo.java:shutdownLeaderElection(134)) - 6a6ac22f-fdb0-4283-a89a-a8bc92b139ca: shutdown LeaderElection
2019-09-20 04:50:01,060 [d5424862-00f5-4f26-882d-9249b213a1ef:group-41C2231EB3D6:LeaderElection144] INFO  impl.RoleInfo (RoleInfo.java:shutdownLeaderElection(134)) - d5424862-00f5-4f26-882d-9249b213a1ef: shutdown LeaderElection
2019-09-20 04:50:01,060 [d5424862-00f5-4f26-882d-9249b213a1ef:group-60367428C822:LeaderElection139] INFO  segmented.SegmentedRaftLogWorker (SegmentedRaftLogWorker.java:startLogSegment(380)) - d5424862-00f5-4f26-882d-9249b213a1ef-SegmentedRaftLogWorker:Storage Directory /workdir/hadoop-ozone/integration-test/target/test-dir/MiniOzoneClusterImpl-3cdd9aee-ba37-4d0d-8930-872cb3194007/datanode-5/data/ratis/54afeef9-68be-461a-b93c-60367428c822: Starting segment from index:0
2019-09-20 04:50:01,060 [db7872a1-bd52-4e68-8953-a9abbb9642a5:group-CC89E8AD48EE:LeaderElection140] INFO  segmented.SegmentedRaftLogWorker (SegmentedRaftLogWorker.java:startLogSegment(380)) - db7872a1-bd52-4e68-8953-a9abbb9642a5-SegmentedRaftLogWorker:Storage Directory /workdir/hadoop-ozone/integration-test/target/test-dir/MiniOzoneClusterImpl-3cdd9aee-ba37-4d0d-8930-872cb3194007/datanode-6/data/ratis/5f6d43f2-5e4e-45ab-9488-cc89e8ad48ee: Starting segment from index:0
2019-09-20 04:50:01,060 [c9787825-ea51-4014-8feb-b4ee136c6b23:group-EB6D3E036903:LeaderElection137] INFO  server.RaftServerConfigKeys (ConfUtils.java:logGet(43)) - raft.server.watch.timeout = 10s (default)
2019-09-20 04:50:01,060 [d5424862-00f5-4f26-882d-9249b213a1ef:group-F8ACB03F13BA:LeaderElection142] INFO  server.RaftServerConfigKeys (ConfUtils.java:logGet(43)) - raft.server.watch.element-limit = 65536 (default)
2019-09-20 04:50:01,060 [6a6ac22f-fdb0-4283-a89a-a8bc92b139ca:group-0BB728B7A7C5:LeaderElection141] INFO  server.RaftServerConfigKeys (ConfUtils.java:logGet(43)) - raft.server.write.element-limit = 4096 (default)
2019-09-20 04:50:02,097 [d5424862-00f5-4f26-882d-9249b213a1ef:group-F8ACB03F13BA:LeaderElection142] INFO  impl.RoleInfo (RoleInfo.java:updateAndGet(143)) - d5424862-00f5-4f26-882d-9249b213a1ef: start LeaderState
2019-09-20 04:50:01,730 [d5424862-00f5-4f26-882d-9249b213a1ef:group-60367428C822:LeaderElection139] INFO  impl.RaftServerImpl (ServerState.java:setRaftConf(361)) - d5424862-00f5-4f26-882d-9249b213a1ef:group-60367428C822 set configuration 0: [d5424862-00f5-4f26-882d-9249b213a1ef:192.168.36.79:37251], old=null at 0
2019-09-20 04:50:01,722 [db7872a1-bd52-4e68-8953-a9abbb9642a5:group-CC89E8AD48EE:LeaderElection140] INFO  impl.RaftServerImpl (ServerState.java:setRaftConf(361)) - db7872a1-bd52-4e68-8953-a9abbb9642a5:group-CC89E8AD48EE set configuration 0: [db7872a1-bd52-4e68-8953-a9abbb9642a5:192.168.36.79:33028], old=null at 0
2019-09-20 04:50:01,722 [1b138595-92e4-4592-9dfc-2bb97fb4c88b-SegmentedRaftLogWorker:Storage Directory /workdir/hadoop-ozone/integration-test/target/test-dir/MiniOzoneClusterImpl-3cdd9aee-ba37-4d0d-8930-872cb3194007/datanode-2/data/ratis/d99e36ca-e997-42ce-81a2-dfea41c0b268] ERROR segmented.SegmentedRaftLogWorker (SegmentedRaftLogWorker.java:run(323)) - 1b138595-92e4-4592-9dfc-2bb97fb4c88b-SegmentedRaftLogWorker:Storage Directory /workdir/hadoop-ozone/integration-test/target/test-dir/MiniOzoneClusterImpl-3cdd9aee-ba37-4d0d-8930-872cb3194007/datanode-2/data/ratis/d99e36ca-e997-42ce-81a2-dfea41c0b268 hit exception
java.lang.OutOfMemoryError: Direct buffer memory
	at java.nio.Bits.reserveMemory(Bits.java:666)
	at java.nio.DirectByteBuffer.<init>(DirectByteBuffer.java:123)
	at java.nio.ByteBuffer.allocateDirect(ByteBuffer.java:311)
	at org.apache.ratis.server.raftlog.segmented.BufferedWriteChannel.<init>(BufferedWriteChannel.java:41)
	at org.apache.ratis.server.raftlog.segmented.SegmentedRaftLogOutputStream.<init>(SegmentedRaftLogOutputStream.java:72)
	at org.apache.ratis.server.raftlog.segmented.SegmentedRaftLogWorker$StartLogSegment.execute(SegmentedRaftLogWorker.java:566)
	at org.apache.ratis.server.raftlog.segmented.SegmentedRaftLogWorker.run(SegmentedRaftLogWorker.java:289)
	at java.lang.Thread.run(Thread.java:748)
2019-09-20 04:50:01,722 [1b138595-92e4-4592-9dfc-2bb97fb4c88b-SegmentedRaftLogWorker:Storage Directory /workdir/hadoop-ozone/integration-test/target/test-dir/MiniOzoneClusterImpl-3cdd9aee-ba37-4d0d-8930-872cb3194007/datanode-2/data/ratis/b59fb9ad-5b82-40b0-9e6c-20a63989774b] ERROR segmented.SegmentedRaftLogWorker (SegmentedRaftLogWorker.java:run(323)) - 1b138595-92e4-4592-9dfc-2bb97fb4c88b-SegmentedRaftLogWorker:Storage Directory /workdir/hadoop-ozone/integration-test/target/test-dir/MiniOzoneClusterImpl-3cdd9aee-ba37-4d0d-8930-872cb3194007/datanode-2/data/ratis/b59fb9ad-5b82-40b0-9e6c-20a63989774b hit exception
java.lang.OutOfMemoryError: Direct buffer memory
	at java.nio.Bits.reserveMemory(Bits.java:666)
	at java.nio.DirectByteBuffer.<init>(DirectByteBuffer.java:123)
	at java.nio.ByteBuffer.allocateDirect(ByteBuffer.java:311)
	at org.apache.ratis.server.raftlog.segmented.BufferedWriteChannel.<init>(BufferedWriteChannel.java:41)
	at org.apache.ratis.server.raftlog.segmented.SegmentedRaftLogOutputStream.<init>(SegmentedRaftLogOutputStream.java:72)
	at org.apache.ratis.server.raftlog.segmented.SegmentedRaftLogWorker$StartLogSegment.execute(SegmentedRaftLogWorker.java:566)
	at org.apache.ratis.server.raftlog.segmented.SegmentedRaftLogWorker.run(SegmentedRaftLogWorker.java:289)
	at java.lang.Thread.run(Thread.java:748)
2019-09-20 04:50:02,098 [1b138595-92e4-4592-9dfc-2bb97fb4c88b-SegmentedRaftLogWorker:Storage Directory /workdir/hadoop-ozone/integration-test/target/test-dir/MiniOzoneClusterImpl-3cdd9aee-ba37-4d0d-8930-872cb3194007/datanode-2/data/ratis/b59fb9ad-5b82-40b0-9e6c-20a63989774b] INFO  impl.RaftServerImpl (RaftServerImpl.java:lambda$shutdown$3(245)) - 1b138595-92e4-4592-9dfc-2bb97fb4c88b: shutdown group-20A63989774B
2019-09-20 04:50:01,411 [c9787825-ea51-4014-8feb-b4ee136c6b23:group-EB6D3E036903:LeaderElection137] INFO  server.RaftServerConfigKeys (ConfUtils.java:logGet(43)) - raft.server.watch.timeout.denomination = 1s (default)
2019-09-20 04:50:01,411 [d5424862-00f5-4f26-882d-9249b213a1ef:group-41C2231EB3D6:LeaderElection144] INFO  impl.RaftServerImpl (RaftServerImpl.java:setRole(171)) - d5424862-00f5-4f26-882d-9249b213a1ef:group-41C2231EB3D6 changes role from CANDIDATE to LEADER at term 1 for changeToLeader
2019-09-20 04:50:01,411 [6a6ac22f-fdb0-4283-a89a-a8bc92b139ca:group-A028E35D4535:LeaderElection145] INFO  impl.RaftServerImpl (RaftServerImpl.java:setRole(171)) - 6a6ac22f-fdb0-4283-a89a-a8bc92b139ca:group-A028E35D4535 changes role from CANDIDATE to LEADER at term 1 for changeToLeader
2019-09-20 04:50:01,410 [db7872a1-bd52-4e68-8953-a9abbb9642a5:group-6EC0F30EEA5F:LeaderElection143] INFO  impl.RaftServerImpl (RaftServerImpl.java:setRole(171)) - db7872a1-bd52-4e68-8953-a9abbb9642a5:group-6EC0F30EEA5F changes role from CANDIDATE to LEADER at term 1 for changeToLeader
2019-09-20 04:50:02,099 [db7872a1-bd52-4e68-8953-a9abbb9642a5:group-6EC0F30EEA5F:LeaderElection143] INFO  impl.RaftServerImpl (ServerState.java:setLeader(263)) - db7872a1-bd52-4e68-8953-a9abbb9642a5:group-6EC0F30EEA5F change Leader from null to db7872a1-bd52-4e68-8953-a9abbb9642a5 at term 1 for becomeLeader, leader elected after 7138ms
2019-09-20 04:50:01,410 [db7872a1-bd52-4e68-8953-a9abbb9642a5:group-30FC7A2825F2:LeaderElection146] INFO  impl.RaftServerImpl (RaftServerImpl.java:setRole(171)) - db7872a1-bd52-4e68-8953-a9abbb9642a5:group-30FC7A2825F2 changes role from CANDIDATE to LEADER at term 1 for changeToLeader
2019-09-20 04:50:02,099 [db7872a1-bd52-4e68-8953-a9abbb9642a5:group-30FC7A2825F2:LeaderElection146] INFO  impl.RaftServerImpl (ServerState.java:setLeader(263)) - db7872a1-bd52-4e68-8953-a9abbb9642a5:group-30FC7A2825F2 change Leader from null to db7872a1-bd52-4e68-8953-a9abbb9642a5 at term 1 for becomeLeader, leader elected after 6993ms
2019-09-20 04:50:01,410 [db7872a1-bd52-4e68-8953-a9abbb9642a5:group-0963AE15E81A:LeaderElection147] INFO  impl.RaftServerImpl (RaftServerImpl.java:setRole(171)) - db7872a1-bd52-4e68-8953-a9abbb9642a5:group-0963AE15E81A changes role from CANDIDATE to LEADER at term 1 for changeToLeader
2019-09-20 04:50:01,410 [6a6ac22f-fdb0-4283-a89a-a8bc92b139ca:group-E8E3CFC48501:LeaderElection138] INFO  segmented.SegmentedRaftLogWorker (SegmentedRaftLogWorker.java:startLogSegment(380)) - 6a6ac22f-fdb0-4283-a89a-a8bc92b139ca-SegmentedRaftLogWorker:Storage Directory /workdir/hadoop-ozone/integration-test/target/test-dir/MiniOzoneClusterImpl-3cdd9aee-ba37-4d0d-8930-872cb3194007/datanode-4/data/ratis/817c91e9-b62d-41e6-b28a-e8e3cfc48501: Starting segment from index:0
2019-09-20 04:50:01,410 [6a6ac22f-fdb0-4283-a89a-a8bc92b139ca:group-282407ED2169:LeaderElection135] INFO  impl.RoleInfo (RoleInfo.java:updateAndGet(143)) - 6a6ac22f-fdb0-4283-a89a-a8bc92b139ca: start LeaderState
2019-09-20 04:50:01,410 [1b138595-92e4-4592-9dfc-2bb97fb4c88b:group-CDE693C87C09:LeaderElection134] INFO  impl.RoleInfo (RoleInfo.java:updateAndGet(143)) - 1b138595-92e4-4592-9dfc-2bb97fb4c88b: start LeaderState
2019-09-20 04:50:02,100 [6a6ac22f-fdb0-4283-a89a-a8bc92b139ca:group-E8E3CFC48501:LeaderElection138] INFO  impl.RaftServerImpl (ServerState.java:setRaftConf(361)) - 6a6ac22f-fdb0-4283-a89a-a8bc92b139ca:group-E8E3CFC48501 set configuration 0: [6a6ac22f-fdb0-4283-a89a-a8bc92b139ca:192.168.36.79:45432], old=null at 0
2019-09-20 04:50:02,423 | INFO  | SCMAudit | user=jenkins1000 | ip=192.168.36.79 | op=SEND_HEARTBEAT {datanodeUUID=db7872a1-bd52-4e68-8953-a9abbb9642a5, command=[]} | ret=SUCCESS |  
2019-09-20 04:50:02,423 | INFO  | SCMAudit | user=jenkins1000 | ip=192.168.36.79 | op=SEND_HEARTBEAT {datanodeUUID=d5424862-00f5-4f26-882d-9249b213a1ef, command=[]} | ret=SUCCESS |  
2019-09-20 04:50:02,423 | INFO  | SCMAudit | user=jenkins1000 | ip=192.168.36.79 | op=SEND_HEARTBEAT {datanodeUUID=c9787825-ea51-4014-8feb-b4ee136c6b23, command=[]} | ret=SUCCESS |  
2019-09-20 04:50:02,423 | INFO  | SCMAudit | user=jenkins1000 | ip=192.168.36.79 | op=SEND_HEARTBEAT {datanodeUUID=6a6ac22f-fdb0-4283-a89a-a8bc92b139ca, command=[]} | ret=SUCCESS |  
2019-09-20 04:50:02,423 | INFO  | SCMAudit | user=jenkins1000 | ip=192.168.36.79 | op=SEND_HEARTBEAT {datanodeUUID=1b138595-92e4-4592-9dfc-2bb97fb4c88b, command=[]} | ret=SUCCESS |  
2019-09-20 04:50:02,423 | INFO  | SCMAudit | user=jenkins1000 | ip=192.168.36.79 | op=SEND_HEARTBEAT {datanodeUUID=c82e94d7-3693-4569-94b0-cf8ff008d5c0, command=[]} | ret=SUCCESS |  
2019-09-20 04:50:02,426 | INFO  | SCMAudit | user=jenkins1000 | ip=192.168.36.79 | op=SEND_HEARTBEAT {datanodeUUID=37fe2768-1af7-42e7-8542-10b932802b02, command=[]} | ret=SUCCESS |  
2019-09-20 04:50:02,427 | INFO  | SCMAudit | user=jenkins1000 | ip=192.168.36.79 | op=SEND_HEARTBEAT {datanodeUUID=a9bc59c4-b792-48d5-9db2-4e71770477b1, command=[]} | ret=SUCCESS |  
2019-09-20 04:50:02,427 | INFO  | SCMAudit | user=jenkins1000 | ip=192.168.36.79 | op=SEND_HEARTBEAT {datanodeUUID=5ea19b84-5385-4ae9-8412-c4cfa929b172, command=[]} | ret=SUCCESS |  
2019-09-20 04:50:02,427 | INFO  | SCMAudit | user=jenkins1000 | ip=192.168.36.79 | op=SEND_HEARTBEAT {datanodeUUID=68a93ad8-b6a8-44e1-8a9f-45fcc58d229a, command=[]} | ret=SUCCESS |  
2019-09-20 04:50:02,427 | INFO  | SCMAudit | user=jenkins1000 | ip=192.168.36.79 | op=SEND_HEARTBEAT {datanodeUUID=8538cd65-7926-426b-8bad-fbd0f0550f9a, command=[]} | ret=SUCCESS |  
2019-09-20 04:50:02,427 | INFO  | SCMAudit | user=jenkins1000 | ip=192.168.36.79 | op=SEND_HEARTBEAT {datanodeUUID=eb30d72f-c0a8-4ecb-bfee-9120a9a6cddf, command=[]} | ret=SUCCESS |  
2019-09-20 04:50:02,427 | INFO  | SCMAudit | user=jenkins1000 | ip=192.168.36.79 | op=SEND_HEARTBEAT {datanodeUUID=42fc6e92-fcdd-4827-b621-9fc58a3d2315, command=[]} | ret=SUCCESS |  
2019-09-20 04:50:02,427 | INFO  | SCMAudit | user=jenkins1000 | ip=192.168.36.79 | op=SEND_HEARTBEAT {datanodeUUID=f4e549ee-a6fa-4eb9-8541-129d0566fdf5, command=[]} | ret=SUCCESS |  
2019-09-20 04:50:02,427 | INFO  | SCMAudit | user=jenkins1000 | ip=192.168.36.79 | op=SEND_HEARTBEAT {datanodeUUID=8d97392c-5f4b-400a-94a1-fb61a3ebbc99, command=[]} | ret=SUCCESS |  
2019-09-20 04:50:02,427 | INFO  | SCMAudit | user=jenkins1000 | ip=192.168.36.79 | op=SEND_HEARTBEAT {datanodeUUID=0ad3f89e-804f-4845-89c5-5ff1a35a5dda, command=[]} | ret=SUCCESS |  
2019-09-20 04:50:02,427 | INFO  | SCMAudit | user=jenkins1000 | ip=192.168.36.79 | op=SEND_HEARTBEAT {datanodeUUID=fdbc37f2-9e58-4bac-a5d5-a78839d012e9, command=[]} | ret=SUCCESS |  
2019-09-20 04:50:02,427 | INFO  | SCMAudit | user=jenkins1000 | ip=192.168.36.79 | op=SEND_HEARTBEAT {datanodeUUID=3c2a6bfe-f5c5-4e23-89b0-850dab17697d, command=[]} | ret=SUCCESS |  
2019-09-20 04:50:02,427 | INFO  | SCMAudit | user=jenkins1000 | ip=192.168.36.79 | op=SEND_HEARTBEAT {datanodeUUID=ea71b9af-1075-4196-9693-aa14e10f536d, command=[]} | ret=SUCCESS |  
2019-09-20 04:50:02,427 | INFO  | SCMAudit | user=jenkins1000 | ip=192.168.36.79 | op=SEND_HEARTBEAT {datanodeUUID=1d91ad97-6666-4ee7-855a-8b5e944e7401, command=[]} | ret=SUCCESS |  
2019-09-20 04:50:02,427 | INFO  | SCMAudit | user=jenkins1000 | ip=192.168.36.79 | op=SEND_HEARTBEAT {datanodeUUID=2d6465ef-cffa-473a-a4c6-a9aa3f1a26c0, command=[]} | ret=SUCCESS |  
2019-09-20 04:50:02,427 | INFO  | SCMAudit | user=jenkins1000 | ip=192.168.36.79 | op=SEND_HEARTBEAT {datanodeUUID=bd1a845e-f2ed-4713-9516-9ccc20139040, command=[]} | ret=SUCCESS |  
2019-09-20 04:50:02,427 | INFO  | SCMAudit | user=jenkins1000 | ip=192.168.36.79 | op=SEND_HEARTBEAT {datanodeUUID=ba95d636-ac34-4b74-a102-dec8d0f377c6, command=[]} | ret=SUCCESS |  
2019-09-20 04:50:02,427 | INFO  | SCMAudit | user=jenkins1000 | ip=192.168.36.79 | op=SEND_HEARTBEAT {datanodeUUID=236eed40-dd97-4fdc-a0ae-ab99685a426b, command=[]} | ret=SUCCESS |  
2019-09-20 04:50:02,427 | INFO  | SCMAudit | user=jenkins1000 | ip=192.168.36.79 | op=SEND_HEARTBEAT {datanodeUUID=2702b462-69d8-4c1b-aae1-091a21fe08b8, command=[]} | ret=SUCCESS |  
2019-09-20 04:50:02,427 | INFO  | SCMAudit | user=jenkins1000 | ip=192.168.36.79 | op=SEND_HEARTBEAT {datanodeUUID=dba845b8-ea76-4e09-ab03-0883d354e493, command=[]} | ret=SUCCESS |  
2019-09-20 04:50:02,427 | INFO  | SCMAudit | user=jenkins1000 | ip=192.168.36.79 | op=SEND_HEARTBEAT {datanodeUUID=eaf3ecbe-c3b1-4969-ad3a-e4de7fb04f81, command=[]} | ret=SUCCESS |  
2019-09-20 04:50:02,427 | INFO  | SCMAudit | user=jenkins1000 | ip=192.168.36.79 | op=SEND_HEARTBEAT {datanodeUUID=c4f6294c-eda3-4afd-81f7-e69ed14da69f, command=[]} | ret=SUCCESS |  
2019-09-20 04:50:01,410 [main] INFO  db.DBStoreBuilder (DBStoreBuilder.java:addTable(110)) - using custom profile for table: multipartInfoTable
2019-09-20 04:50:01,410 [d5424862-00f5-4f26-882d-9249b213a1ef:group-3F8B1D6B6E4D:LeaderElection148] INFO  impl.LeaderElection (LeaderElection.java:askForVotes(181)) - d5424862-00f5-4f26-882d-9249b213a1ef:group-3F8B1D6B6E4D:LeaderElection148: begin an election at term 1 for -1: [d5424862-00f5-4f26-882d-9249b213a1ef:192.168.36.79:37251], old=null
2019-09-20 04:50:01,410 [c9787825-ea51-4014-8feb-b4ee136c6b23:group-F91F2BFA525E:LeaderElection136] INFO  impl.RaftServerImpl (ServerState.java:setRaftConf(361)) - c9787825-ea51-4014-8feb-b4ee136c6b23:group-F91F2BFA525E set configuration 0: [c9787825-ea51-4014-8feb-b4ee136c6b23:192.168.36.79:40747], old=null at 0
2019-09-20 04:50:01,409 [c82e94d7-3693-4569-94b0-cf8ff008d5c0-SegmentedRaftLogWorker:Storage Directory /workdir/hadoop-ozone/integration-test/target/test-dir/MiniOzoneClusterImpl-3cdd9aee-ba37-4d0d-8930-872cb3194007/datanode-1/data/ratis/33784118-5b61-4d6e-bbc4-bb2f655d5e0e] ERROR segmented.SegmentedRaftLogWorker (SegmentedRaftLogWorker.java:run(323)) - c82e94d7-3693-4569-94b0-cf8ff008d5c0-SegmentedRaftLogWorker:Storage Directory /workdir/hadoop-ozone/integration-test/target/test-dir/MiniOzoneClusterImpl-3cdd9aee-ba37-4d0d-8930-872cb3194007/datanode-1/data/ratis/33784118-5b61-4d6e-bbc4-bb2f655d5e0e hit exception
java.lang.OutOfMemoryError: Direct buffer memory
	at java.nio.Bits.reserveMemory(Bits.java:666)
	at java.nio.DirectByteBuffer.<init>(DirectByteBuffer.java:123)
	at java.nio.ByteBuffer.allocateDirect(ByteBuffer.java:311)
	at org.apache.ratis.server.raftlog.segmented.BufferedWriteChannel.<init>(BufferedWriteChannel.java:41)
	at org.apache.ratis.server.raftlog.segmented.SegmentedRaftLogOutputStream.<init>(SegmentedRaftLogOutputStream.java:72)
	at org.apache.ratis.server.raftlog.segmented.SegmentedRaftLogWorker$StartLogSegment.execute(SegmentedRaftLogWorker.java:566)
	at org.apache.ratis.server.raftlog.segmented.SegmentedRaftLogWorker.run(SegmentedRaftLogWorker.java:289)
	at java.lang.Thread.run(Thread.java:748)
2019-09-20 04:50:01,409 [1b138595-92e4-4592-9dfc-2bb97fb4c88b-SegmentedRaftLogWorker:Storage Directory /workdir/hadoop-ozone/integration-test/target/test-dir/MiniOzoneClusterImpl-3cdd9aee-ba37-4d0d-8930-872cb3194007/datanode-2/data/ratis/55764228-c6f9-4862-81ea-21d88f873970] ERROR segmented.SegmentedRaftLogWorker (SegmentedRaftLogWorker.java:run(323)) - 1b138595-92e4-4592-9dfc-2bb97fb4c88b-SegmentedRaftLogWorker:Storage Directory /workdir/hadoop-ozone/integration-test/target/test-dir/MiniOzoneClusterImpl-3cdd9aee-ba37-4d0d-8930-872cb3194007/datanode-2/data/ratis/55764228-c6f9-4862-81ea-21d88f873970 hit exception
java.lang.OutOfMemoryError: Direct buffer memory
	at java.nio.Bits.reserveMemory(Bits.java:666)
	at java.nio.DirectByteBuffer.<init>(DirectByteBuffer.java:123)
	at java.nio.ByteBuffer.allocateDirect(ByteBuffer.java:311)
	at org.apache.ratis.server.raftlog.segmented.BufferedWriteChannel.<init>(BufferedWriteChannel.java:41)
	at org.apache.ratis.server.raftlog.segmented.SegmentedRaftLogOutputStream.<init>(SegmentedRaftLogOutputStream.java:72)
	at org.apache.ratis.server.raftlog.segmented.SegmentedRaftLogWorker$StartLogSegment.execute(SegmentedRaftLogWorker.java:566)
	at org.apache.ratis.server.raftlog.segmented.SegmentedRaftLogWorker.run(SegmentedRaftLogWorker.java:289)
	at java.lang.Thread.run(Thread.java:748)
2019-09-20 04:50:01,409 [c82e94d7-3693-4569-94b0-cf8ff008d5c0-SegmentedRaftLogWorker:Storage Directory /workdir/hadoop-ozone/integration-test/target/test-dir/MiniOzoneClusterImpl-3cdd9aee-ba37-4d0d-8930-872cb3194007/datanode-1/data/ratis/9d0370d5-a177-4e73-8b70-52b82d481a72] ERROR segmented.SegmentedRaftLogWorker (SegmentedRaftLogWorker.java:run(323)) - c82e94d7-3693-4569-94b0-cf8ff008d5c0-SegmentedRaftLogWorker:Storage Directory /workdir/hadoop-ozone/integration-test/target/test-dir/MiniOzoneClusterImpl-3cdd9aee-ba37-4d0d-8930-872cb3194007/datanode-1/data/ratis/9d0370d5-a177-4e73-8b70-52b82d481a72 hit exception
java.lang.OutOfMemoryError: Direct buffer memory
	at java.nio.Bits.reserveMemory(Bits.java:666)
	at java.nio.DirectByteBuffer.<init>(DirectByteBuffer.java:123)
	at java.nio.ByteBuffer.allocateDirect(ByteBuffer.java:311)
	at org.apache.ratis.server.raftlog.segmented.BufferedWriteChannel.<init>(BufferedWriteChannel.java:41)
	at org.apache.ratis.server.raftlog.segmented.SegmentedRaftLogOutputStream.<init>(SegmentedRaftLogOutputStream.java:72)
	at org.apache.ratis.server.raftlog.segmented.SegmentedRaftLogWorker$StartLogSegment.execute(SegmentedRaftLogWorker.java:566)
	at org.apache.ratis.server.raftlog.segmented.SegmentedRaftLogWorker.run(SegmentedRaftLogWorker.java:289)
	at java.lang.Thread.run(Thread.java:748)
2019-09-20 04:50:01,409 [c82e94d7-3693-4569-94b0-cf8ff008d5c0-SegmentedRaftLogWorker:Storage Directory /workdir/hadoop-ozone/integration-test/target/test-dir/MiniOzoneClusterImpl-3cdd9aee-ba37-4d0d-8930-872cb3194007/datanode-1/data/ratis/4ddea463-5bea-4040-9335-5beb7696209f] ERROR segmented.SegmentedRaftLogWorker (SegmentedRaftLogWorker.java:run(323)) - c82e94d7-3693-4569-94b0-cf8ff008d5c0-SegmentedRaftLogWorker:Storage Directory /workdir/hadoop-ozone/integration-test/target/test-dir/MiniOzoneClusterImpl-3cdd9aee-ba37-4d0d-8930-872cb3194007/datanode-1/data/ratis/4ddea463-5bea-4040-9335-5beb7696209f hit exception
java.lang.OutOfMemoryError: Direct buffer memory
	at java.nio.Bits.reserveMemory(Bits.java:666)
	at java.nio.DirectByteBuffer.<init>(DirectByteBuffer.java:123)
	at java.nio.ByteBuffer.allocateDirect(ByteBuffer.java:311)
	at org.apache.ratis.server.raftlog.segmented.BufferedWriteChannel.<init>(BufferedWriteChannel.java:41)
	at org.apache.ratis.server.raftlog.segmented.SegmentedRaftLogOutputStream.<init>(SegmentedRaftLogOutputStream.java:72)
	at org.apache.ratis.server.raftlog.segmented.SegmentedRaftLogWorker$StartLogSegment.execute(SegmentedRaftLogWorker.java:566)
	at org.apache.ratis.server.raftlog.segmented.SegmentedRaftLogWorker.run(SegmentedRaftLogWorker.java:289)
	at java.lang.Thread.run(Thread.java:748)
2019-09-20 04:50:01,062 [c9787825-ea51-4014-8feb-b4ee136c6b23:group-CA37399D5588:LeaderElection133] INFO  server.RaftServerConfigKeys (ConfUtils.java:logGet(43)) - raft.server.watch.element-limit = 65536 (default)
2019-09-20 04:50:02,429 [c82e94d7-3693-4569-94b0-cf8ff008d5c0-SegmentedRaftLogWorker:Storage Directory /workdir/hadoop-ozone/integration-test/target/test-dir/MiniOzoneClusterImpl-3cdd9aee-ba37-4d0d-8930-872cb3194007/datanode-1/data/ratis/4ddea463-5bea-4040-9335-5beb7696209f] INFO  impl.RaftServerImpl (RaftServerImpl.java:lambda$shutdown$3(245)) - c82e94d7-3693-4569-94b0-cf8ff008d5c0: shutdown group-5BEB7696209F
2019-09-20 04:50:02,429 [c82e94d7-3693-4569-94b0-cf8ff008d5c0-SegmentedRaftLogWorker:Storage Directory /workdir/hadoop-ozone/integration-test/target/test-dir/MiniOzoneClusterImpl-3cdd9aee-ba37-4d0d-8930-872cb3194007/datanode-1/data/ratis/9d0370d5-a177-4e73-8b70-52b82d481a72] INFO  impl.RaftServerImpl (RaftServerImpl.java:lambda$shutdown$3(245)) - c82e94d7-3693-4569-94b0-cf8ff008d5c0: shutdown group-52B82D481A72
2019-09-20 04:50:02,429 [1b138595-92e4-4592-9dfc-2bb97fb4c88b-SegmentedRaftLogWorker:Storage Directory /workdir/hadoop-ozone/integration-test/target/test-dir/MiniOzoneClusterImpl-3cdd9aee-ba37-4d0d-8930-872cb3194007/datanode-2/data/ratis/55764228-c6f9-4862-81ea-21d88f873970] INFO  impl.RaftServerImpl (RaftServerImpl.java:lambda$shutdown$3(245)) - 1b138595-92e4-4592-9dfc-2bb97fb4c88b: shutdown group-21D88F873970
2019-09-20 04:50:02,428 [c82e94d7-3693-4569-94b0-cf8ff008d5c0-SegmentedRaftLogWorker:Storage Directory /workdir/hadoop-ozone/integration-test/target/test-dir/MiniOzoneClusterImpl-3cdd9aee-ba37-4d0d-8930-872cb3194007/datanode-1/data/ratis/33784118-5b61-4d6e-bbc4-bb2f655d5e0e] INFO  impl.RaftServerImpl (RaftServerImpl.java:lambda$shutdown$3(245)) - c82e94d7-3693-4569-94b0-cf8ff008d5c0: shutdown group-BB2F655D5E0E
2019-09-20 04:50:02,428 [d5424862-00f5-4f26-882d-9249b213a1ef:group-3F8B1D6B6E4D:LeaderElection148] INFO  impl.RoleInfo (RoleInfo.java:shutdownLeaderElection(134)) - d5424862-00f5-4f26-882d-9249b213a1ef: shutdown LeaderElection
2019-09-20 04:50:02,428 [main] INFO  db.DBStoreBuilder (DBStoreBuilder.java:processTables(161)) - Using default column profile:DBProfile.DISK for Table:multipartInfoTable
2019-09-20 04:50:02,100 [1b138595-92e4-4592-9dfc-2bb97fb4c88b:group-CDE693C87C09:LeaderElection134] INFO  segmented.SegmentedRaftLogWorker (SegmentedRaftLogWorker.java:startLogSegment(380)) - 1b138595-92e4-4592-9dfc-2bb97fb4c88b-SegmentedRaftLogWorker:Storage Directory /workdir/hadoop-ozone/integration-test/target/test-dir/MiniOzoneClusterImpl-3cdd9aee-ba37-4d0d-8930-872cb3194007/datanode-2/data/ratis/fe2a9fec-2699-4397-9d66-cde693c87c09: Starting segment from index:0
2019-09-20 04:50:02,100 [6a6ac22f-fdb0-4283-a89a-a8bc92b139ca:group-282407ED2169:LeaderElection135] INFO  segmented.SegmentedRaftLogWorker (SegmentedRaftLogWorker.java:startLogSegment(380)) - 6a6ac22f-fdb0-4283-a89a-a8bc92b139ca-SegmentedRaftLogWorker:Storage Directory /workdir/hadoop-ozone/integration-test/target/test-dir/MiniOzoneClusterImpl-3cdd9aee-ba37-4d0d-8930-872cb3194007/datanode-4/data/ratis/73bd45a6-c917-40c1-9ff8-282407ed2169: Starting segment from index:0
2019-09-20 04:50:02,099 [db7872a1-bd52-4e68-8953-a9abbb9642a5:group-0963AE15E81A:LeaderElection147] INFO  impl.RaftServerImpl (ServerState.java:setLeader(263)) - db7872a1-bd52-4e68-8953-a9abbb9642a5:group-0963AE15E81A change Leader from null to db7872a1-bd52-4e68-8953-a9abbb9642a5 at term 1 for becomeLeader, leader elected after 6555ms
2019-09-20 04:50:02,099 [db7872a1-bd52-4e68-8953-a9abbb9642a5:group-30FC7A2825F2:LeaderElection146] INFO  server.RaftServerConfigKeys (ConfUtils.java:logGet(43)) - raft.server.staging.catchup.gap = 1000 (default)
2019-09-20 04:50:02,099 [db7872a1-bd52-4e68-8953-a9abbb9642a5:group-6EC0F30EEA5F:LeaderElection143] INFO  server.RaftServerConfigKeys (ConfUtils.java:logGet(43)) - raft.server.staging.catchup.gap = 1000 (default)
2019-09-20 04:50:02,099 [6a6ac22f-fdb0-4283-a89a-a8bc92b139ca:group-A028E35D4535:LeaderElection145] INFO  impl.RaftServerImpl (ServerState.java:setLeader(263)) - 6a6ac22f-fdb0-4283-a89a-a8bc92b139ca:group-A028E35D4535 change Leader from null to 6a6ac22f-fdb0-4283-a89a-a8bc92b139ca at term 1 for becomeLeader, leader elected after 7341ms
2019-09-20 04:50:02,098 [d5424862-00f5-4f26-882d-9249b213a1ef:group-41C2231EB3D6:LeaderElection144] INFO  impl.RaftServerImpl (ServerState.java:setLeader(263)) - d5424862-00f5-4f26-882d-9249b213a1ef:group-41C2231EB3D6 change Leader from null to d5424862-00f5-4f26-882d-9249b213a1ef at term 1 for becomeLeader, leader elected after 7534ms
2019-09-20 04:50:02,098 [c9787825-ea51-4014-8feb-b4ee136c6b23:group-EB6D3E036903:LeaderElection137] INFO  server.RaftServerConfigKeys (ConfUtils.java:logGet(43)) - raft.server.watch.element-limit = 65536 (default)
2019-09-20 04:50:02,098 [1b138595-92e4-4592-9dfc-2bb97fb4c88b-SegmentedRaftLogWorker:Storage Directory /workdir/hadoop-ozone/integration-test/target/test-dir/MiniOzoneClusterImpl-3cdd9aee-ba37-4d0d-8930-872cb3194007/datanode-2/data/ratis/b59fb9ad-5b82-40b0-9e6c-20a63989774b] INFO  util.JmxRegister (JmxRegister.java:unregister(73)) - Successfully un-registered JMX Bean with object name Ratis:service=RaftServer,group=group-20A63989774B,id=1b138595-92e4-4592-9dfc-2bb97fb4c88b
2019-09-20 04:50:03,058 [1b138595-92e4-4592-9dfc-2bb97fb4c88b-SegmentedRaftLogWorker:Storage Directory /workdir/hadoop-ozone/integration-test/target/test-dir/MiniOzoneClusterImpl-3cdd9aee-ba37-4d0d-8930-872cb3194007/datanode-2/data/ratis/b59fb9ad-5b82-40b0-9e6c-20a63989774b] INFO  impl.RoleInfo (RoleInfo.java:shutdownLeaderState(104)) - 1b138595-92e4-4592-9dfc-2bb97fb4c88b: shutdown LeaderState
2019-09-20 04:50:02,098 [1b138595-92e4-4592-9dfc-2bb97fb4c88b-SegmentedRaftLogWorker:Storage Directory /workdir/hadoop-ozone/integration-test/target/test-dir/MiniOzoneClusterImpl-3cdd9aee-ba37-4d0d-8930-872cb3194007/datanode-2/data/ratis/d99e36ca-e997-42ce-81a2-dfea41c0b268] INFO  impl.RaftServerImpl (RaftServerImpl.java:lambda$shutdown$3(245)) - 1b138595-92e4-4592-9dfc-2bb97fb4c88b: shutdown group-DFEA41C0B268
2019-09-20 04:50:02,097 [d5424862-00f5-4f26-882d-9249b213a1ef:group-F8ACB03F13BA:LeaderElection142] INFO  segmented.SegmentedRaftLogWorker (SegmentedRaftLogWorker.java:startLogSegment(380)) - d5424862-00f5-4f26-882d-9249b213a1ef-SegmentedRaftLogWorker:Storage Directory /workdir/hadoop-ozone/integration-test/target/test-dir/MiniOzoneClusterImpl-3cdd9aee-ba37-4d0d-8930-872cb3194007/datanode-5/data/ratis/7e0e9436-2e00-4bb7-bbdf-f8acb03f13ba: Starting segment from index:0
2019-09-20 04:50:02,097 [6a6ac22f-fdb0-4283-a89a-a8bc92b139ca:group-0BB728B7A7C5:LeaderElection141] INFO  server.RaftServerConfigKeys (ConfUtils.java:logGet(43)) - raft.server.watch.timeout = 10s (default)
2019-09-20 04:50:03,058 [1b138595-92e4-4592-9dfc-2bb97fb4c88b-SegmentedRaftLogWorker:Storage Directory /workdir/hadoop-ozone/integration-test/target/test-dir/MiniOzoneClusterImpl-3cdd9aee-ba37-4d0d-8930-872cb3194007/datanode-2/data/ratis/d99e36ca-e997-42ce-81a2-dfea41c0b268] INFO  util.JmxRegister (JmxRegister.java:unregister(73)) - Successfully un-registered JMX Bean with object name Ratis:service=RaftServer,group=group-DFEA41C0B268,id=1b138595-92e4-4592-9dfc-2bb97fb4c88b
2019-09-20 04:50:03,058 [1b138595-92e4-4592-9dfc-2bb97fb4c88b-SegmentedRaftLogWorker:Storage Directory /workdir/hadoop-ozone/integration-test/target/test-dir/MiniOzoneClusterImpl-3cdd9aee-ba37-4d0d-8930-872cb3194007/datanode-2/data/ratis/b59fb9ad-5b82-40b0-9e6c-20a63989774b] INFO  impl.PendingRequests (PendingRequests.java:sendNotLeaderResponses(202)) - 1b138595-92e4-4592-9dfc-2bb97fb4c88b-PendingRequests: sendNotLeaderResponses
2019-09-20 04:50:03,059 [d5424862-00f5-4f26-882d-9249b213a1ef:group-F8ACB03F13BA:LeaderElection142] INFO  impl.RaftServerImpl (ServerState.java:setRaftConf(361)) - d5424862-00f5-4f26-882d-9249b213a1ef:group-F8ACB03F13BA set configuration 0: [d5424862-00f5-4f26-882d-9249b213a1ef:192.168.36.79:37251], old=null at 0
2019-09-20 04:50:03,058 [c9787825-ea51-4014-8feb-b4ee136c6b23:group-EB6D3E036903:LeaderElection137] INFO  impl.RoleInfo (RoleInfo.java:updateAndGet(143)) - c9787825-ea51-4014-8feb-b4ee136c6b23: start LeaderState
2019-09-20 04:50:03,058 [d5424862-00f5-4f26-882d-9249b213a1ef:group-41C2231EB3D6:LeaderElection144] INFO  server.RaftServerConfigKeys (ConfUtils.java:logGet(43)) - raft.server.staging.catchup.gap = 1000 (default)
2019-09-20 04:50:03,058 [c82e94d7-3693-4569-94b0-cf8ff008d5c0-SegmentedRaftLogWorker:Storage Directory /workdir/hadoop-ozone/integration-test/target/test-dir/MiniOzoneClusterImpl-3cdd9aee-ba37-4d0d-8930-872cb3194007/datanode-1/data/ratis/251b0abc-0e56-4233-b327-48691fadb9f7] ERROR segmented.SegmentedRaftLogWorker (SegmentedRaftLogWorker.java:run(323)) - c82e94d7-3693-4569-94b0-cf8ff008d5c0-SegmentedRaftLogWorker:Storage Directory /workdir/hadoop-ozone/integration-test/target/test-dir/MiniOzoneClusterImpl-3cdd9aee-ba37-4d0d-8930-872cb3194007/datanode-1/data/ratis/251b0abc-0e56-4233-b327-48691fadb9f7 hit exception
java.lang.OutOfMemoryError: Direct buffer memory
	at java.nio.Bits.reserveMemory(Bits.java:666)
	at java.nio.DirectByteBuffer.<init>(DirectByteBuffer.java:123)
	at java.nio.ByteBuffer.allocateDirect(ByteBuffer.java:311)
	at org.apache.ratis.server.raftlog.segmented.BufferedWriteChannel.<init>(BufferedWriteChannel.java:41)
	at org.apache.ratis.server.raftlog.segmented.SegmentedRaftLogOutputStream.<init>(SegmentedRaftLogOutputStream.java:72)
	at org.apache.ratis.server.raftlog.segmented.SegmentedRaftLogWorker$StartLogSegment.execute(SegmentedRaftLogWorker.java:566)
	at org.apache.ratis.server.raftlog.segmented.SegmentedRaftLogWorker.run(SegmentedRaftLogWorker.java:289)
	at java.lang.Thread.run(Thread.java:748)
2019-09-20 04:50:03,396 [c82e94d7-3693-4569-94b0-cf8ff008d5c0-SegmentedRaftLogWorker:Storage Directory /workdir/hadoop-ozone/integration-test/target/test-dir/MiniOzoneClusterImpl-3cdd9aee-ba37-4d0d-8930-872cb3194007/datanode-1/data/ratis/251b0abc-0e56-4233-b327-48691fadb9f7] INFO  impl.RaftServerImpl (RaftServerImpl.java:lambda$shutdown$3(245)) - c82e94d7-3693-4569-94b0-cf8ff008d5c0: shutdown group-48691FADB9F7
2019-09-20 04:50:03,058 [c82e94d7-3693-4569-94b0-cf8ff008d5c0-SegmentedRaftLogWorker:Storage Directory /workdir/hadoop-ozone/integration-test/target/test-dir/MiniOzoneClusterImpl-3cdd9aee-ba37-4d0d-8930-872cb3194007/datanode-1/data/ratis/0b8f0efb-fe15-46bd-b6c8-7649c9caf23a] ERROR segmented.SegmentedRaftLogWorker (SegmentedRaftLogWorker.java:run(323)) - c82e94d7-3693-4569-94b0-cf8ff008d5c0-SegmentedRaftLogWorker:Storage Directory /workdir/hadoop-ozone/integration-test/target/test-dir/MiniOzoneClusterImpl-3cdd9aee-ba37-4d0d-8930-872cb3194007/datanode-1/data/ratis/0b8f0efb-fe15-46bd-b6c8-7649c9caf23a hit exception
java.lang.OutOfMemoryError: Direct buffer memory
	at java.nio.Bits.reserveMemory(Bits.java:666)
	at java.nio.DirectByteBuffer.<init>(DirectByteBuffer.java:123)
	at java.nio.ByteBuffer.allocateDirect(ByteBuffer.java:311)
	at org.apache.ratis.server.raftlog.segmented.BufferedWriteChannel.<init>(BufferedWriteChannel.java:41)
	at org.apache.ratis.server.raftlog.segmented.SegmentedRaftLogOutputStream.<init>(SegmentedRaftLogOutputStream.java:72)
	at org.apache.ratis.server.raftlog.segmented.SegmentedRaftLogWorker$StartLogSegment.execute(SegmentedRaftLogWorker.java:566)
	at org.apache.ratis.server.raftlog.segmented.SegmentedRaftLogWorker.run(SegmentedRaftLogWorker.java:289)
	at java.lang.Thread.run(Thread.java:748)
2019-09-20 04:50:03,057 [Thread-1679] INFO  impl.FollowerState (FollowerState.java:run(106)) - 37fe2768-1af7-42e7-8542-10b932802b02:group-196F6E90AB1E changes to CANDIDATE, lastRpcTime:11061, electionTimeout:5146ms
2019-09-20 04:50:03,397 [Thread-1679] INFO  impl.RoleInfo (RoleInfo.java:shutdownFollowerState(121)) - 37fe2768-1af7-42e7-8542-10b932802b02: shutdown FollowerState
2019-09-20 04:50:02,738 [Thread-1676] INFO  impl.FollowerState (FollowerState.java:run(106)) - 37fe2768-1af7-42e7-8542-10b932802b02:group-8EC407F8B4A5 changes to CANDIDATE, lastRpcTime:10832, electionTimeout:5063ms
2019-09-20 04:50:03,397 [Thread-1676] INFO  impl.RoleInfo (RoleInfo.java:shutdownFollowerState(121)) - 37fe2768-1af7-42e7-8542-10b932802b02: shutdown FollowerState
2019-09-20 04:50:03,040 [6a6ac22f-fdb0-4283-a89a-a8bc92b139ca:group-A028E35D4535:LeaderElection145] INFO  server.RaftServerConfigKeys (ConfUtils.java:logGet(43)) - raft.server.staging.catchup.gap = 1000 (default)
2019-09-20 04:50:03,040 [db7872a1-bd52-4e68-8953-a9abbb9642a5:group-6EC0F30EEA5F:LeaderElection143] INFO  server.RaftServerConfigKeys (ConfUtils.java:logGet(43)) - raft.server.rpc.sleep.time = 25ms (default)
2019-09-20 04:50:03,040 [1b138595-92e4-4592-9dfc-2bb97fb4c88b:group-CDE693C87C09:LeaderElection134] INFO  impl.RaftServerImpl (ServerState.java:setRaftConf(361)) - 1b138595-92e4-4592-9dfc-2bb97fb4c88b:group-CDE693C87C09 set configuration 0: [1b138595-92e4-4592-9dfc-2bb97fb4c88b:192.168.36.79:46597], old=null at 0
2019-09-20 04:50:03,397 [db7872a1-bd52-4e68-8953-a9abbb9642a5:group-6EC0F30EEA5F:LeaderElection143] INFO  server.RaftServerConfigKeys (ConfUtils.java:logGet(43)) - raft.server.write.element-limit = 4096 (default)
2019-09-20 04:50:03,039 [Thread-1673] WARN  util.JavaUtils (JavaUtils.java:sleep(250)) - Unexpected long sleep: sleep(5037ms) actually took 5399ms which is over the threshold 300ms
2019-09-20 04:50:03,039 [Thread-1685] WARN  util.JavaUtils (JavaUtils.java:sleep(250)) - Unexpected long sleep: sleep(5041ms) actually took 5398ms which is over the threshold 300ms
2019-09-20 04:50:02,738 [Thread-1682] INFO  impl.FollowerState (FollowerState.java:run(106)) - 37fe2768-1af7-42e7-8542-10b932802b02:group-17508B96C0A6 changes to CANDIDATE, lastRpcTime:10683, electionTimeout:5053ms
2019-09-20 04:50:03,398 [Thread-1682] INFO  impl.RoleInfo (RoleInfo.java:shutdownFollowerState(121)) - 37fe2768-1af7-42e7-8542-10b932802b02: shutdown FollowerState
2019-09-20 04:50:02,430 [6a6ac22f-fdb0-4283-a89a-a8bc92b139ca:group-282407ED2169:LeaderElection135] INFO  impl.RaftServerImpl (ServerState.java:setRaftConf(361)) - 6a6ac22f-fdb0-4283-a89a-a8bc92b139ca:group-282407ED2169 set configuration 0: [6a6ac22f-fdb0-4283-a89a-a8bc92b139ca:192.168.36.79:45432], old=null at 0
2019-09-20 04:50:02,430 [db7872a1-bd52-4e68-8953-a9abbb9642a5:group-30FC7A2825F2:LeaderElection146] INFO  server.RaftServerConfigKeys (ConfUtils.java:logGet(43)) - raft.server.rpc.sleep.time = 25ms (default)
2019-09-20 04:50:02,430 [db7872a1-bd52-4e68-8953-a9abbb9642a5:group-0963AE15E81A:LeaderElection147] INFO  server.RaftServerConfigKeys (ConfUtils.java:logGet(43)) - raft.server.staging.catchup.gap = 1000 (default)
2019-09-20 04:50:02,430 [main] INFO  db.DBStoreBuilder (DBStoreBuilder.java:addTable(110)) - using custom profile for table: dTokenTable
2019-09-20 04:50:03,398 [main] INFO  db.DBStoreBuilder (DBStoreBuilder.java:processTables(161)) - Using default column profile:DBProfile.DISK for Table:dTokenTable
2019-09-20 04:50:02,430 [d5424862-00f5-4f26-882d-9249b213a1ef:group-3F8B1D6B6E4D:LeaderElection148] INFO  impl.RaftServerImpl (RaftServerImpl.java:setRole(171)) - d5424862-00f5-4f26-882d-9249b213a1ef:group-3F8B1D6B6E4D changes role from CANDIDATE to LEADER at term 1 for changeToLeader
2019-09-20 04:50:03,399 [main] INFO  db.DBStoreBuilder (DBStoreBuilder.java:addTable(110)) - using custom profile for table: s3SecretTable
2019-09-20 04:50:02,429 [c82e94d7-3693-4569-94b0-cf8ff008d5c0-SegmentedRaftLogWorker:Storage Directory /workdir/hadoop-ozone/integration-test/target/test-dir/MiniOzoneClusterImpl-3cdd9aee-ba37-4d0d-8930-872cb3194007/datanode-1/data/ratis/33784118-5b61-4d6e-bbc4-bb2f655d5e0e] INFO  util.JmxRegister (JmxRegister.java:unregister(73)) - Successfully un-registered JMX Bean with object name Ratis:service=RaftServer,group=group-BB2F655D5E0E,id=c82e94d7-3693-4569-94b0-cf8ff008d5c0
2019-09-20 04:50:02,429 [1b138595-92e4-4592-9dfc-2bb97fb4c88b-SegmentedRaftLogWorker:Storage Directory /workdir/hadoop-ozone/integration-test/target/test-dir/MiniOzoneClusterImpl-3cdd9aee-ba37-4d0d-8930-872cb3194007/datanode-2/data/ratis/55764228-c6f9-4862-81ea-21d88f873970] INFO  util.JmxRegister (JmxRegister.java:unregister(73)) - Successfully un-registered JMX Bean with object name Ratis:service=RaftServer,group=group-21D88F873970,id=1b138595-92e4-4592-9dfc-2bb97fb4c88b
2019-09-20 04:50:02,429 [c82e94d7-3693-4569-94b0-cf8ff008d5c0-SegmentedRaftLogWorker:Storage Directory /workdir/hadoop-ozone/integration-test/target/test-dir/MiniOzoneClusterImpl-3cdd9aee-ba37-4d0d-8930-872cb3194007/datanode-1/data/ratis/9d0370d5-a177-4e73-8b70-52b82d481a72] INFO  util.JmxRegister (JmxRegister.java:unregister(73)) - Successfully un-registered JMX Bean with object name Ratis:service=RaftServer,group=group-52B82D481A72,id=c82e94d7-3693-4569-94b0-cf8ff008d5c0
2019-09-20 04:50:02,429 [c82e94d7-3693-4569-94b0-cf8ff008d5c0-SegmentedRaftLogWorker:Storage Directory /workdir/hadoop-ozone/integration-test/target/test-dir/MiniOzoneClusterImpl-3cdd9aee-ba37-4d0d-8930-872cb3194007/datanode-1/data/ratis/4ddea463-5bea-4040-9335-5beb7696209f] INFO  util.JmxRegister (JmxRegister.java:unregister(73)) - Successfully un-registered JMX Bean with object name Ratis:service=RaftServer,group=group-5BEB7696209F,id=c82e94d7-3693-4569-94b0-cf8ff008d5c0
2019-09-20 04:50:03,399 [c82e94d7-3693-4569-94b0-cf8ff008d5c0-SegmentedRaftLogWorker:Storage Directory /workdir/hadoop-ozone/integration-test/target/test-dir/MiniOzoneClusterImpl-3cdd9aee-ba37-4d0d-8930-872cb3194007/datanode-1/data/ratis/4ddea463-5bea-4040-9335-5beb7696209f] INFO  impl.RoleInfo (RoleInfo.java:shutdownLeaderState(104)) - c82e94d7-3693-4569-94b0-cf8ff008d5c0: shutdown LeaderState
2019-09-20 04:50:02,429 [c9787825-ea51-4014-8feb-b4ee136c6b23:group-CA37399D5588:LeaderElection133] INFO  impl.RoleInfo (RoleInfo.java:updateAndGet(143)) - c9787825-ea51-4014-8feb-b4ee136c6b23: start LeaderState
2019-09-20 04:50:03,399 [c82e94d7-3693-4569-94b0-cf8ff008d5c0-SegmentedRaftLogWorker:Storage Directory /workdir/hadoop-ozone/integration-test/target/test-dir/MiniOzoneClusterImpl-3cdd9aee-ba37-4d0d-8930-872cb3194007/datanode-1/data/ratis/4ddea463-5bea-4040-9335-5beb7696209f] INFO  impl.PendingRequests (PendingRequests.java:sendNotLeaderResponses(202)) - c82e94d7-3693-4569-94b0-cf8ff008d5c0-PendingRequests: sendNotLeaderResponses
2019-09-20 04:50:03,400 [c9787825-ea51-4014-8feb-b4ee136c6b23:group-CA37399D5588:LeaderElection133] INFO  segmented.SegmentedRaftLogWorker (SegmentedRaftLogWorker.java:startLogSegment(380)) - c9787825-ea51-4014-8feb-b4ee136c6b23-SegmentedRaftLogWorker:Storage Directory /workdir/hadoop-ozone/integration-test/target/test-dir/MiniOzoneClusterImpl-3cdd9aee-ba37-4d0d-8930-872cb3194007/datanode-3/data/ratis/6f6cd205-1b88-4ce7-a2dc-ca37399d5588: Starting segment from index:0
2019-09-20 04:50:03,399 [c82e94d7-3693-4569-94b0-cf8ff008d5c0-SegmentedRaftLogWorker:Storage Directory /workdir/hadoop-ozone/integration-test/target/test-dir/MiniOzoneClusterImpl-3cdd9aee-ba37-4d0d-8930-872cb3194007/datanode-1/data/ratis/9d0370d5-a177-4e73-8b70-52b82d481a72] INFO  impl.RoleInfo (RoleInfo.java:shutdownLeaderState(104)) - c82e94d7-3693-4569-94b0-cf8ff008d5c0: shutdown LeaderState
2019-09-20 04:50:03,399 [1b138595-92e4-4592-9dfc-2bb97fb4c88b-SegmentedRaftLogWorker:Storage Directory /workdir/hadoop-ozone/integration-test/target/test-dir/MiniOzoneClusterImpl-3cdd9aee-ba37-4d0d-8930-872cb3194007/datanode-2/data/ratis/55764228-c6f9-4862-81ea-21d88f873970] INFO  impl.RoleInfo (RoleInfo.java:shutdownLeaderState(104)) - 1b138595-92e4-4592-9dfc-2bb97fb4c88b: shutdown LeaderState
2019-09-20 04:50:03,751 | INFO  | SCMAudit | user=jenkins1000 | ip=192.168.36.79 | op=SEND_HEARTBEAT {datanodeUUID=f4e549ee-a6fa-4eb9-8541-129d0566fdf5, command=[]} | ret=SUCCESS |  
2019-09-20 04:50:03,751 | INFO  | SCMAudit | user=jenkins1000 | ip=192.168.36.79 | op=SEND_HEARTBEAT {datanodeUUID=ea71b9af-1075-4196-9693-aa14e10f536d, command=[]} | ret=SUCCESS |  
2019-09-20 04:50:03,751 | INFO  | SCMAudit | user=jenkins1000 | ip=192.168.36.79 | op=SEND_HEARTBEAT {datanodeUUID=2d6465ef-cffa-473a-a4c6-a9aa3f1a26c0, command=[]} | ret=SUCCESS |  
2019-09-20 04:50:03,751 | INFO  | SCMAudit | user=jenkins1000 | ip=192.168.36.79 | op=SEND_HEARTBEAT {datanodeUUID=0ad3f89e-804f-4845-89c5-5ff1a35a5dda, command=[]} | ret=SUCCESS |  
2019-09-20 04:50:03,751 | INFO  | SCMAudit | user=jenkins1000 | ip=192.168.36.79 | op=SEND_HEARTBEAT {datanodeUUID=eb30d72f-c0a8-4ecb-bfee-9120a9a6cddf, command=[]} | ret=SUCCESS |  
2019-09-20 04:50:03,751 | INFO  | SCMAudit | user=jenkins1000 | ip=192.168.36.79 | op=SEND_HEARTBEAT {datanodeUUID=68a93ad8-b6a8-44e1-8a9f-45fcc58d229a, command=[]} | ret=SUCCESS |  
2019-09-20 04:50:03,751 | INFO  | SCMAudit | user=jenkins1000 | ip=192.168.36.79 | op=SEND_HEARTBEAT {datanodeUUID=5ea19b84-5385-4ae9-8412-c4cfa929b172, command=[]} | ret=SUCCESS |  
2019-09-20 04:50:03,751 | INFO  | SCMAudit | user=jenkins1000 | ip=192.168.36.79 | op=SEND_HEARTBEAT {datanodeUUID=a9bc59c4-b792-48d5-9db2-4e71770477b1, command=[]} | ret=SUCCESS |  
2019-09-20 04:50:03,751 | INFO  | SCMAudit | user=jenkins1000 | ip=192.168.36.79 | op=SEND_HEARTBEAT {datanodeUUID=8538cd65-7926-426b-8bad-fbd0f0550f9a, command=[]} | ret=SUCCESS |  
2019-09-20 04:50:03,751 | INFO  | SCMAudit | user=jenkins1000 | ip=192.168.36.79 | op=SEND_HEARTBEAT {datanodeUUID=eaf3ecbe-c3b1-4969-ad3a-e4de7fb04f81, command=[]} | ret=SUCCESS |  
2019-09-20 04:50:03,751 | INFO  | SCMAudit | user=jenkins1000 | ip=192.168.36.79 | op=SEND_HEARTBEAT {datanodeUUID=1d91ad97-6666-4ee7-855a-8b5e944e7401, command=[]} | ret=SUCCESS |  
2019-09-20 04:50:03,752 | INFO  | SCMAudit | user=jenkins1000 | ip=192.168.36.79 | op=SEND_HEARTBEAT {datanodeUUID=2702b462-69d8-4c1b-aae1-091a21fe08b8, command=[]} | ret=SUCCESS |  
2019-09-20 04:50:03,752 | INFO  | SCMAudit | user=jenkins1000 | ip=192.168.36.79 | op=SEND_HEARTBEAT {datanodeUUID=42fc6e92-fcdd-4827-b621-9fc58a3d2315, command=[]} | ret=SUCCESS |  
2019-09-20 04:50:03,752 | INFO  | SCMAudit | user=jenkins1000 | ip=192.168.36.79 | op=SEND_HEARTBEAT {datanodeUUID=c82e94d7-3693-4569-94b0-cf8ff008d5c0, command=[]} | ret=SUCCESS |  
2019-09-20 04:50:03,752 | INFO  | SCMAudit | user=jenkins1000 | ip=192.168.36.79 | op=SEND_HEARTBEAT {datanodeUUID=8d97392c-5f4b-400a-94a1-fb61a3ebbc99, command=[]} | ret=SUCCESS |  
2019-09-20 04:50:03,752 | INFO  | SCMAudit | user=jenkins1000 | ip=192.168.36.79 | op=SEND_HEARTBEAT {datanodeUUID=1b138595-92e4-4592-9dfc-2bb97fb4c88b, command=[]} | ret=SUCCESS |  
2019-09-20 04:50:03,752 | INFO  | SCMAudit | user=jenkins1000 | ip=192.168.36.79 | op=SEND_HEARTBEAT {datanodeUUID=37fe2768-1af7-42e7-8542-10b932802b02, command=[]} | ret=SUCCESS |  
2019-09-20 04:50:03,752 | INFO  | SCMAudit | user=jenkins1000 | ip=192.168.36.79 | op=SEND_HEARTBEAT {datanodeUUID=bd1a845e-f2ed-4713-9516-9ccc20139040, command=[]} | ret=SUCCESS |  
2019-09-20 04:50:03,752 | INFO  | SCMAudit | user=jenkins1000 | ip=192.168.36.79 | op=SEND_HEARTBEAT {datanodeUUID=ba95d636-ac34-4b74-a102-dec8d0f377c6, command=[]} | ret=SUCCESS |  
2019-09-20 04:50:03,752 | INFO  | SCMAudit | user=jenkins1000 | ip=192.168.36.79 | op=SEND_HEARTBEAT {datanodeUUID=c4f6294c-eda3-4afd-81f7-e69ed14da69f, command=[]} | ret=SUCCESS |  
2019-09-20 04:50:03,752 | INFO  | SCMAudit | user=jenkins1000 | ip=192.168.36.79 | op=SEND_HEARTBEAT {datanodeUUID=3c2a6bfe-f5c5-4e23-89b0-850dab17697d, command=[]} | ret=SUCCESS |  
2019-09-20 04:50:03,752 | INFO  | SCMAudit | user=jenkins1000 | ip=192.168.36.79 | op=SEND_HEARTBEAT {datanodeUUID=fdbc37f2-9e58-4bac-a5d5-a78839d012e9, command=[]} | ret=SUCCESS |  
2019-09-20 04:50:03,752 | INFO  | SCMAudit | user=jenkins1000 | ip=192.168.36.79 | op=SEND_HEARTBEAT {datanodeUUID=6a6ac22f-fdb0-4283-a89a-a8bc92b139ca, command=[]} | ret=SUCCESS |  
2019-09-20 04:50:03,752 | INFO  | SCMAudit | user=jenkins1000 | ip=192.168.36.79 | op=SEND_HEARTBEAT {datanodeUUID=dba845b8-ea76-4e09-ab03-0883d354e493, command=[]} | ret=SUCCESS |  
2019-09-20 04:50:03,752 | INFO  | SCMAudit | user=jenkins1000 | ip=192.168.36.79 | op=SEND_HEARTBEAT {datanodeUUID=236eed40-dd97-4fdc-a0ae-ab99685a426b, command=[]} | ret=SUCCESS |  
2019-09-20 04:50:03,753 | INFO  | SCMAudit | user=jenkins1000 | ip=192.168.36.79 | op=SEND_HEARTBEAT {datanodeUUID=c9787825-ea51-4014-8feb-b4ee136c6b23, command=[]} | ret=SUCCESS |  
2019-09-20 04:50:03,754 | INFO  | SCMAudit | user=jenkins1000 | ip=192.168.36.79 | op=SEND_HEARTBEAT {datanodeUUID=d5424862-00f5-4f26-882d-9249b213a1ef, command=[]} | ret=SUCCESS |  
2019-09-20 04:50:03,399 [c82e94d7-3693-4569-94b0-cf8ff008d5c0-SegmentedRaftLogWorker:Storage Directory /workdir/hadoop-ozone/integration-test/target/test-dir/MiniOzoneClusterImpl-3cdd9aee-ba37-4d0d-8930-872cb3194007/datanode-1/data/ratis/33784118-5b61-4d6e-bbc4-bb2f655d5e0e] INFO  impl.RoleInfo (RoleInfo.java:shutdownLeaderState(104)) - c82e94d7-3693-4569-94b0-cf8ff008d5c0: shutdown LeaderState
2019-09-20 04:50:03,754 | INFO  | SCMAudit | user=jenkins1000 | ip=192.168.36.79 | op=SEND_HEARTBEAT {datanodeUUID=db7872a1-bd52-4e68-8953-a9abbb9642a5, command=[]} | ret=SUCCESS |  
2019-09-20 04:50:03,399 [main] INFO  db.DBStoreBuilder (DBStoreBuilder.java:processTables(161)) - Using default column profile:DBProfile.DISK for Table:s3SecretTable
2019-09-20 04:50:03,399 [d5424862-00f5-4f26-882d-9249b213a1ef:group-3F8B1D6B6E4D:LeaderElection148] INFO  impl.RaftServerImpl (ServerState.java:setLeader(263)) - d5424862-00f5-4f26-882d-9249b213a1ef:group-3F8B1D6B6E4D change Leader from null to d5424862-00f5-4f26-882d-9249b213a1ef at term 1 for becomeLeader, leader elected after 8725ms
2019-09-20 04:50:03,398 [db7872a1-bd52-4e68-8953-a9abbb9642a5:group-0963AE15E81A:LeaderElection147] INFO  server.RaftServerConfigKeys (ConfUtils.java:logGet(43)) - raft.server.rpc.sleep.time = 25ms (default)
2019-09-20 04:50:03,398 [db7872a1-bd52-4e68-8953-a9abbb9642a5:group-30FC7A2825F2:LeaderElection146] INFO  server.RaftServerConfigKeys (ConfUtils.java:logGet(43)) - raft.server.write.element-limit = 4096 (default)
2019-09-20 04:50:03,398 [Thread-1682] INFO  impl.RaftServerImpl (RaftServerImpl.java:setRole(171)) - 37fe2768-1af7-42e7-8542-10b932802b02:group-17508B96C0A6 changes role from FOLLOWER to CANDIDATE at term 0 for changeToCandidate
2019-09-20 04:50:03,397 [db7872a1-bd52-4e68-8953-a9abbb9642a5:group-6EC0F30EEA5F:LeaderElection143] INFO  server.RaftServerConfigKeys (ConfUtils.java:logGet(43)) - raft.server.watch.timeout = 10s (default)
2019-09-20 04:50:03,397 [6a6ac22f-fdb0-4283-a89a-a8bc92b139ca:group-A028E35D4535:LeaderElection145] INFO  server.RaftServerConfigKeys (ConfUtils.java:logGet(43)) - raft.server.rpc.sleep.time = 25ms (default)
2019-09-20 04:50:03,397 [Thread-1676] INFO  impl.RaftServerImpl (RaftServerImpl.java:setRole(171)) - 37fe2768-1af7-42e7-8542-10b932802b02:group-8EC407F8B4A5 changes role from FOLLOWER to CANDIDATE at term 0 for changeToCandidate
2019-09-20 04:50:03,397 [Thread-1679] INFO  impl.RaftServerImpl (RaftServerImpl.java:setRole(171)) - 37fe2768-1af7-42e7-8542-10b932802b02:group-196F6E90AB1E changes role from FOLLOWER to CANDIDATE at term 0 for changeToCandidate
2019-09-20 04:50:03,396 [c82e94d7-3693-4569-94b0-cf8ff008d5c0-SegmentedRaftLogWorker:Storage Directory /workdir/hadoop-ozone/integration-test/target/test-dir/MiniOzoneClusterImpl-3cdd9aee-ba37-4d0d-8930-872cb3194007/datanode-1/data/ratis/0b8f0efb-fe15-46bd-b6c8-7649c9caf23a] INFO  impl.RaftServerImpl (RaftServerImpl.java:lambda$shutdown$3(245)) - c82e94d7-3693-4569-94b0-cf8ff008d5c0: shutdown group-7649C9CAF23A
2019-09-20 04:50:03,396 [c82e94d7-3693-4569-94b0-cf8ff008d5c0-SegmentedRaftLogWorker:Storage Directory /workdir/hadoop-ozone/integration-test/target/test-dir/MiniOzoneClusterImpl-3cdd9aee-ba37-4d0d-8930-872cb3194007/datanode-1/data/ratis/251b0abc-0e56-4233-b327-48691fadb9f7] INFO  util.JmxRegister (JmxRegister.java:unregister(73)) - Successfully un-registered JMX Bean with object name Ratis:service=RaftServer,group=group-48691FADB9F7,id=c82e94d7-3693-4569-94b0-cf8ff008d5c0
2019-09-20 04:50:03,756 [c82e94d7-3693-4569-94b0-cf8ff008d5c0-SegmentedRaftLogWorker:Storage Directory /workdir/hadoop-ozone/integration-test/target/test-dir/MiniOzoneClusterImpl-3cdd9aee-ba37-4d0d-8930-872cb3194007/datanode-1/data/ratis/251b0abc-0e56-4233-b327-48691fadb9f7] INFO  impl.RoleInfo (RoleInfo.java:shutdownLeaderState(104)) - c82e94d7-3693-4569-94b0-cf8ff008d5c0: shutdown LeaderState
2019-09-20 04:50:03,396 [d5424862-00f5-4f26-882d-9249b213a1ef:group-41C2231EB3D6:LeaderElection144] INFO  server.RaftServerConfigKeys (ConfUtils.java:logGet(43)) - raft.server.rpc.sleep.time = 25ms (default)
2019-09-20 04:50:03,396 [c9787825-ea51-4014-8feb-b4ee136c6b23:group-EB6D3E036903:LeaderElection137] INFO  segmented.SegmentedRaftLogWorker (SegmentedRaftLogWorker.java:startLogSegment(380)) - c9787825-ea51-4014-8feb-b4ee136c6b23-SegmentedRaftLogWorker:Storage Directory /workdir/hadoop-ozone/integration-test/target/test-dir/MiniOzoneClusterImpl-3cdd9aee-ba37-4d0d-8930-872cb3194007/datanode-3/data/ratis/0e7135bf-0c55-45f8-a807-eb6d3e036903: Starting segment from index:0
2019-09-20 04:50:03,395 [Thread-1706] INFO  impl.FollowerState (FollowerState.java:run(106)) - 1b138595-92e4-4592-9dfc-2bb97fb4c88b:group-A36F59DB5EDC changes to CANDIDATE, lastRpcTime:10701, electionTimeout:5012ms
2019-09-20 04:50:03,395 [Thread-1709] INFO  impl.FollowerState (FollowerState.java:run(106)) - 1b138595-92e4-4592-9dfc-2bb97fb4c88b:group-C627B1D59489 changes to CANDIDATE, lastRpcTime:10627, electionTimeout:5096ms
2019-09-20 04:50:03,059 [1b138595-92e4-4592-9dfc-2bb97fb4c88b-SegmentedRaftLogWorker:Storage Directory /workdir/hadoop-ozone/integration-test/target/test-dir/MiniOzoneClusterImpl-3cdd9aee-ba37-4d0d-8930-872cb3194007/datanode-2/data/ratis/b59fb9ad-5b82-40b0-9e6c-20a63989774b] INFO  impl.StateMachineUpdater (StateMachineUpdater.java:stopAndJoin(115)) - StateMachineUpdater:1b138595-92e4-4592-9dfc-2bb97fb4c88b:group-20A63989774B: set stopIndex = -1
2019-09-20 04:50:03,059 [1b138595-92e4-4592-9dfc-2bb97fb4c88b-SegmentedRaftLogWorker:Storage Directory /workdir/hadoop-ozone/integration-test/target/test-dir/MiniOzoneClusterImpl-3cdd9aee-ba37-4d0d-8930-872cb3194007/datanode-2/data/ratis/d99e36ca-e997-42ce-81a2-dfea41c0b268] INFO  impl.RoleInfo (RoleInfo.java:shutdownLeaderState(104)) - 1b138595-92e4-4592-9dfc-2bb97fb4c88b: shutdown LeaderState
2019-09-20 04:50:03,059 [6a6ac22f-fdb0-4283-a89a-a8bc92b139ca:group-0BB728B7A7C5:LeaderElection141] INFO  server.RaftServerConfigKeys (ConfUtils.java:logGet(43)) - raft.server.watch.timeout.denomination = 1s (default)
2019-09-20 04:50:04,076 [c9787825-ea51-4014-8feb-b4ee136c6b23:group-EB6D3E036903:LeaderElection137] INFO  impl.RaftServerImpl (ServerState.java:setRaftConf(361)) - c9787825-ea51-4014-8feb-b4ee136c6b23:group-EB6D3E036903 set configuration 0: [c9787825-ea51-4014-8feb-b4ee136c6b23:192.168.36.79:40747], old=null at 0
2019-09-20 04:50:03,757 [1b138595-92e4-4592-9dfc-2bb97fb4c88b-SegmentedRaftLogWorker:Storage Directory /workdir/hadoop-ozone/integration-test/target/test-dir/MiniOzoneClusterImpl-3cdd9aee-ba37-4d0d-8930-872cb3194007/datanode-2/data/ratis/d99e36ca-e997-42ce-81a2-dfea41c0b268] INFO  impl.PendingRequests (PendingRequests.java:sendNotLeaderResponses(202)) - 1b138595-92e4-4592-9dfc-2bb97fb4c88b-PendingRequests: sendNotLeaderResponses
2019-09-20 04:50:03,756 [1b138595-92e4-4592-9dfc-2bb97fb4c88b-SegmentedRaftLogWorker:Storage Directory /workdir/hadoop-ozone/integration-test/target/test-dir/MiniOzoneClusterImpl-3cdd9aee-ba37-4d0d-8930-872cb3194007/datanode-2/data/ratis/b59fb9ad-5b82-40b0-9e6c-20a63989774b] INFO  impl.RaftServerImpl (ServerState.java:close(394)) - 1b138595-92e4-4592-9dfc-2bb97fb4c88b:group-20A63989774B closes. The last applied log index is -1
2019-09-20 04:50:03,756 [Thread-1709] INFO  impl.RoleInfo (RoleInfo.java:shutdownFollowerState(121)) - 1b138595-92e4-4592-9dfc-2bb97fb4c88b: shutdown FollowerState
2019-09-20 04:50:03,756 [Thread-1706] INFO  impl.RoleInfo (RoleInfo.java:shutdownFollowerState(121)) - 1b138595-92e4-4592-9dfc-2bb97fb4c88b: shutdown FollowerState
2019-09-20 04:50:03,756 [d5424862-00f5-4f26-882d-9249b213a1ef:group-41C2231EB3D6:LeaderElection144] INFO  server.RaftServerConfigKeys (ConfUtils.java:logGet(43)) - raft.server.write.element-limit = 4096 (default)
2019-09-20 04:50:03,756 [c82e94d7-3693-4569-94b0-cf8ff008d5c0-SegmentedRaftLogWorker:Storage Directory /workdir/hadoop-ozone/integration-test/target/test-dir/MiniOzoneClusterImpl-3cdd9aee-ba37-4d0d-8930-872cb3194007/datanode-1/data/ratis/251b0abc-0e56-4233-b327-48691fadb9f7] INFO  impl.PendingRequests (PendingRequests.java:sendNotLeaderResponses(202)) - c82e94d7-3693-4569-94b0-cf8ff008d5c0-PendingRequests: sendNotLeaderResponses
2019-09-20 04:50:03,755 [c82e94d7-3693-4569-94b0-cf8ff008d5c0-SegmentedRaftLogWorker:Storage Directory /workdir/hadoop-ozone/integration-test/target/test-dir/MiniOzoneClusterImpl-3cdd9aee-ba37-4d0d-8930-872cb3194007/datanode-1/data/ratis/0b8f0efb-fe15-46bd-b6c8-7649c9caf23a] INFO  util.JmxRegister (JmxRegister.java:unregister(73)) - Successfully un-registered JMX Bean with object name Ratis:service=RaftServer,group=group-7649C9CAF23A,id=c82e94d7-3693-4569-94b0-cf8ff008d5c0
2019-09-20 04:50:04,078 [c82e94d7-3693-4569-94b0-cf8ff008d5c0-SegmentedRaftLogWorker:Storage Directory /workdir/hadoop-ozone/integration-test/target/test-dir/MiniOzoneClusterImpl-3cdd9aee-ba37-4d0d-8930-872cb3194007/datanode-1/data/ratis/0b8f0efb-fe15-46bd-b6c8-7649c9caf23a] INFO  impl.RoleInfo (RoleInfo.java:shutdownLeaderState(104)) - c82e94d7-3693-4569-94b0-cf8ff008d5c0: shutdown LeaderState
2019-09-20 04:50:03,755 [Thread-1679] INFO  impl.RoleInfo (RoleInfo.java:updateAndGet(143)) - 37fe2768-1af7-42e7-8542-10b932802b02: start LeaderElection
2019-09-20 04:50:03,755 [Thread-1676] INFO  impl.RoleInfo (RoleInfo.java:updateAndGet(143)) - 37fe2768-1af7-42e7-8542-10b932802b02: start LeaderElection
2019-09-20 04:50:03,755 [6a6ac22f-fdb0-4283-a89a-a8bc92b139ca:group-A028E35D4535:LeaderElection145] INFO  server.RaftServerConfigKeys (ConfUtils.java:logGet(43)) - raft.server.write.element-limit = 4096 (default)
2019-09-20 04:50:03,755 [db7872a1-bd52-4e68-8953-a9abbb9642a5:group-6EC0F30EEA5F:LeaderElection143] INFO  server.RaftServerConfigKeys (ConfUtils.java:logGet(43)) - raft.server.watch.timeout.denomination = 1s (default)
2019-09-20 04:50:03,755 [Thread-1682] INFO  impl.RoleInfo (RoleInfo.java:updateAndGet(143)) - 37fe2768-1af7-42e7-8542-10b932802b02: start LeaderElection
2019-09-20 04:50:03,754 [db7872a1-bd52-4e68-8953-a9abbb9642a5:group-30FC7A2825F2:LeaderElection146] INFO  server.RaftServerConfigKeys (ConfUtils.java:logGet(43)) - raft.server.watch.timeout = 10s (default)
2019-09-20 04:50:04,079 [db7872a1-bd52-4e68-8953-a9abbb9642a5:group-30FC7A2825F2:LeaderElection146] INFO  server.RaftServerConfigKeys (ConfUtils.java:logGet(43)) - raft.server.watch.timeout.denomination = 1s (default)
2019-09-20 04:50:03,754 [db7872a1-bd52-4e68-8953-a9abbb9642a5:group-0963AE15E81A:LeaderElection147] INFO  server.RaftServerConfigKeys (ConfUtils.java:logGet(43)) - raft.server.write.element-limit = 4096 (default)
2019-09-20 04:50:03,754 [main] INFO  db.DBStoreBuilder (DBStoreBuilder.java:addTable(110)) - using custom profile for table: prefixTable
2019-09-20 04:50:04,080 [main] INFO  db.DBStoreBuilder (DBStoreBuilder.java:processTables(161)) - Using default column profile:DBProfile.DISK for Table:prefixTable
2019-09-20 04:50:03,754 [d5424862-00f5-4f26-882d-9249b213a1ef:group-3F8B1D6B6E4D:LeaderElection148] INFO  server.RaftServerConfigKeys (ConfUtils.java:logGet(43)) - raft.server.staging.catchup.gap = 1000 (default)
2019-09-20 04:50:04,080 [d5424862-00f5-4f26-882d-9249b213a1ef:group-3F8B1D6B6E4D:LeaderElection148] INFO  server.RaftServerConfigKeys (ConfUtils.java:logGet(43)) - raft.server.rpc.sleep.time = 25ms (default)
2019-09-20 04:50:04,080 [main] INFO  db.DBStoreBuilder (DBStoreBuilder.java:addTable(110)) - using custom profile for table: default
2019-09-20 04:50:04,080 [main] INFO  db.DBStoreBuilder (DBStoreBuilder.java:processTables(167)) - Using default column profile:DBProfile.DISK for Table:default
2019-09-20 04:50:03,754 [c82e94d7-3693-4569-94b0-cf8ff008d5c0-SegmentedRaftLogWorker:Storage Directory /workdir/hadoop-ozone/integration-test/target/test-dir/MiniOzoneClusterImpl-3cdd9aee-ba37-4d0d-8930-872cb3194007/datanode-1/data/ratis/33784118-5b61-4d6e-bbc4-bb2f655d5e0e] INFO  impl.PendingRequests (PendingRequests.java:sendNotLeaderResponses(202)) - c82e94d7-3693-4569-94b0-cf8ff008d5c0-PendingRequests: sendNotLeaderResponses
2019-09-20 04:50:03,754 [c9787825-ea51-4014-8feb-b4ee136c6b23:group-CA37399D5588:LeaderElection133] INFO  impl.RaftServerImpl (ServerState.java:setRaftConf(361)) - c9787825-ea51-4014-8feb-b4ee136c6b23:group-CA37399D5588 set configuration 0: [c9787825-ea51-4014-8feb-b4ee136c6b23:192.168.36.79:40747], old=null at 0
2019-09-20 04:50:03,754 [1b138595-92e4-4592-9dfc-2bb97fb4c88b-SegmentedRaftLogWorker:Storage Directory /workdir/hadoop-ozone/integration-test/target/test-dir/MiniOzoneClusterImpl-3cdd9aee-ba37-4d0d-8930-872cb3194007/datanode-2/data/ratis/55764228-c6f9-4862-81ea-21d88f873970] INFO  impl.PendingRequests (PendingRequests.java:sendNotLeaderResponses(202)) - 1b138595-92e4-4592-9dfc-2bb97fb4c88b-PendingRequests: sendNotLeaderResponses
2019-09-20 04:50:03,744 [c9787825-ea51-4014-8feb-b4ee136c6b23-SegmentedRaftLogWorker:Storage Directory /workdir/hadoop-ozone/integration-test/target/test-dir/MiniOzoneClusterImpl-3cdd9aee-ba37-4d0d-8930-872cb3194007/datanode-3/data/ratis/b7446d43-d2bd-4ced-9060-f91f2bfa525e] ERROR segmented.SegmentedRaftLogWorker (SegmentedRaftLogWorker.java:run(323)) - c9787825-ea51-4014-8feb-b4ee136c6b23-SegmentedRaftLogWorker:Storage Directory /workdir/hadoop-ozone/integration-test/target/test-dir/MiniOzoneClusterImpl-3cdd9aee-ba37-4d0d-8930-872cb3194007/datanode-3/data/ratis/b7446d43-d2bd-4ced-9060-f91f2bfa525e hit exception
java.lang.OutOfMemoryError: Direct buffer memory
	at java.nio.Bits.reserveMemory(Bits.java:666)
	at java.nio.DirectByteBuffer.<init>(DirectByteBuffer.java:123)
	at java.nio.ByteBuffer.allocateDirect(ByteBuffer.java:311)
	at org.apache.ratis.server.raftlog.segmented.BufferedWriteChannel.<init>(BufferedWriteChannel.java:41)
	at org.apache.ratis.server.raftlog.segmented.SegmentedRaftLogOutputStream.<init>(SegmentedRaftLogOutputStream.java:72)
	at org.apache.ratis.server.raftlog.segmented.SegmentedRaftLogWorker$StartLogSegment.execute(SegmentedRaftLogWorker.java:566)
	at org.apache.ratis.server.raftlog.segmented.SegmentedRaftLogWorker.run(SegmentedRaftLogWorker.java:289)
	at java.lang.Thread.run(Thread.java:748)
2019-09-20 04:50:03,400 [c82e94d7-3693-4569-94b0-cf8ff008d5c0-SegmentedRaftLogWorker:Storage Directory /workdir/hadoop-ozone/integration-test/target/test-dir/MiniOzoneClusterImpl-3cdd9aee-ba37-4d0d-8930-872cb3194007/datanode-1/data/ratis/9d0370d5-a177-4e73-8b70-52b82d481a72] INFO  impl.PendingRequests (PendingRequests.java:sendNotLeaderResponses(202)) - c82e94d7-3693-4569-94b0-cf8ff008d5c0-PendingRequests: sendNotLeaderResponses
2019-09-20 04:50:03,400 [c82e94d7-3693-4569-94b0-cf8ff008d5c0-SegmentedRaftLogWorker:Storage Directory /workdir/hadoop-ozone/integration-test/target/test-dir/MiniOzoneClusterImpl-3cdd9aee-ba37-4d0d-8930-872cb3194007/datanode-1/data/ratis/4ddea463-5bea-4040-9335-5beb7696209f] INFO  impl.StateMachineUpdater (StateMachineUpdater.java:stopAndJoin(115)) - StateMachineUpdater:c82e94d7-3693-4569-94b0-cf8ff008d5c0:group-5BEB7696209F: set stopIndex = -1
2019-09-20 04:50:04,082 [c82e94d7-3693-4569-94b0-cf8ff008d5c0-SegmentedRaftLogWorker:Storage Directory /workdir/hadoop-ozone/integration-test/target/test-dir/MiniOzoneClusterImpl-3cdd9aee-ba37-4d0d-8930-872cb3194007/datanode-1/data/ratis/9d0370d5-a177-4e73-8b70-52b82d481a72] INFO  impl.StateMachineUpdater (StateMachineUpdater.java:stopAndJoin(115)) - StateMachineUpdater:c82e94d7-3693-4569-94b0-cf8ff008d5c0:group-52B82D481A72: set stopIndex = -1
2019-09-20 04:50:04,081 [c9787825-ea51-4014-8feb-b4ee136c6b23-SegmentedRaftLogWorker:Storage Directory /workdir/hadoop-ozone/integration-test/target/test-dir/MiniOzoneClusterImpl-3cdd9aee-ba37-4d0d-8930-872cb3194007/datanode-3/data/ratis/b7446d43-d2bd-4ced-9060-f91f2bfa525e] INFO  impl.RaftServerImpl (RaftServerImpl.java:lambda$shutdown$3(245)) - c9787825-ea51-4014-8feb-b4ee136c6b23: shutdown group-F91F2BFA525E
2019-09-20 04:50:04,081 [1b138595-92e4-4592-9dfc-2bb97fb4c88b-SegmentedRaftLogWorker:Storage Directory /workdir/hadoop-ozone/integration-test/target/test-dir/MiniOzoneClusterImpl-3cdd9aee-ba37-4d0d-8930-872cb3194007/datanode-2/data/ratis/55764228-c6f9-4862-81ea-21d88f873970] INFO  impl.StateMachineUpdater (StateMachineUpdater.java:stopAndJoin(115)) - StateMachineUpdater:1b138595-92e4-4592-9dfc-2bb97fb4c88b:group-21D88F873970: set stopIndex = -1
2019-09-20 04:50:04,082 [1b138595-92e4-4592-9dfc-2bb97fb4c88b-SegmentedRaftLogWorker:Storage Directory /workdir/hadoop-ozone/integration-test/target/test-dir/MiniOzoneClusterImpl-3cdd9aee-ba37-4d0d-8930-872cb3194007/datanode-2/data/ratis/55764228-c6f9-4862-81ea-21d88f873970] INFO  impl.RaftServerImpl (ServerState.java:close(394)) - 1b138595-92e4-4592-9dfc-2bb97fb4c88b:group-21D88F873970 closes. The last applied log index is -1
2019-09-20 04:50:04,081 [c82e94d7-3693-4569-94b0-cf8ff008d5c0-SegmentedRaftLogWorker:Storage Directory /workdir/hadoop-ozone/integration-test/target/test-dir/MiniOzoneClusterImpl-3cdd9aee-ba37-4d0d-8930-872cb3194007/datanode-1/data/ratis/33784118-5b61-4d6e-bbc4-bb2f655d5e0e] INFO  impl.StateMachineUpdater (StateMachineUpdater.java:stopAndJoin(115)) - StateMachineUpdater:c82e94d7-3693-4569-94b0-cf8ff008d5c0:group-BB2F655D5E0E: set stopIndex = -1
2019-09-20 04:50:04,081 [main] INFO  db.DBStoreBuilder (DBStoreBuilder.java:getDbProfile(198)) - Using default options. DBProfile.DISK
2019-09-20 04:50:04,080 [d5424862-00f5-4f26-882d-9249b213a1ef:group-3F8B1D6B6E4D:LeaderElection148] INFO  server.RaftServerConfigKeys (ConfUtils.java:logGet(43)) - raft.server.write.element-limit = 4096 (default)
2019-09-20 04:50:04,080 [db7872a1-bd52-4e68-8953-a9abbb9642a5:group-0963AE15E81A:LeaderElection147] INFO  server.RaftServerConfigKeys (ConfUtils.java:logGet(43)) - raft.server.watch.timeout = 10s (default)
2019-09-20 04:50:04,079 [db7872a1-bd52-4e68-8953-a9abbb9642a5:group-30FC7A2825F2:LeaderElection146] INFO  server.RaftServerConfigKeys (ConfUtils.java:logGet(43)) - raft.server.watch.element-limit = 65536 (default)
2019-09-20 04:50:04,079 [db7872a1-bd52-4e68-8953-a9abbb9642a5:group-6EC0F30EEA5F:LeaderElection143] INFO  server.RaftServerConfigKeys (ConfUtils.java:logGet(43)) - raft.server.watch.element-limit = 65536 (default)
2019-09-20 04:50:04,079 [6a6ac22f-fdb0-4283-a89a-a8bc92b139ca:group-A028E35D4535:LeaderElection145] INFO  server.RaftServerConfigKeys (ConfUtils.java:logGet(43)) - raft.server.watch.timeout = 10s (default)
2019-09-20 04:50:04,078 [c82e94d7-3693-4569-94b0-cf8ff008d5c0-SegmentedRaftLogWorker:Storage Directory /workdir/hadoop-ozone/integration-test/target/test-dir/MiniOzoneClusterImpl-3cdd9aee-ba37-4d0d-8930-872cb3194007/datanode-1/data/ratis/0b8f0efb-fe15-46bd-b6c8-7649c9caf23a] INFO  impl.PendingRequests (PendingRequests.java:sendNotLeaderResponses(202)) - c82e94d7-3693-4569-94b0-cf8ff008d5c0-PendingRequests: sendNotLeaderResponses
2019-09-20 04:50:04,078 [c82e94d7-3693-4569-94b0-cf8ff008d5c0-SegmentedRaftLogWorker:Storage Directory /workdir/hadoop-ozone/integration-test/target/test-dir/MiniOzoneClusterImpl-3cdd9aee-ba37-4d0d-8930-872cb3194007/datanode-1/data/ratis/251b0abc-0e56-4233-b327-48691fadb9f7] INFO  impl.StateMachineUpdater (StateMachineUpdater.java:stopAndJoin(115)) - StateMachineUpdater:c82e94d7-3693-4569-94b0-cf8ff008d5c0:group-48691FADB9F7: set stopIndex = -1
2019-09-20 04:50:04,077 [d5424862-00f5-4f26-882d-9249b213a1ef:group-41C2231EB3D6:LeaderElection144] INFO  server.RaftServerConfigKeys (ConfUtils.java:logGet(43)) - raft.server.watch.timeout = 10s (default)
2019-09-20 04:50:04,077 [Thread-1706] INFO  impl.RaftServerImpl (RaftServerImpl.java:setRole(171)) - 1b138595-92e4-4592-9dfc-2bb97fb4c88b:group-A36F59DB5EDC changes role from FOLLOWER to CANDIDATE at term 0 for changeToCandidate
2019-09-20 04:50:04,077 [Thread-1709] INFO  impl.RaftServerImpl (RaftServerImpl.java:setRole(171)) - 1b138595-92e4-4592-9dfc-2bb97fb4c88b:group-C627B1D59489 changes role from FOLLOWER to CANDIDATE at term 0 for changeToCandidate
2019-09-20 04:50:04,077 [1b138595-92e4-4592-9dfc-2bb97fb4c88b-SegmentedRaftLogWorker:Storage Directory /workdir/hadoop-ozone/integration-test/target/test-dir/MiniOzoneClusterImpl-3cdd9aee-ba37-4d0d-8930-872cb3194007/datanode-2/data/ratis/b59fb9ad-5b82-40b0-9e6c-20a63989774b] INFO  segmented.SegmentedRaftLogWorker (SegmentedRaftLogWorker.java:close(228)) - 1b138595-92e4-4592-9dfc-2bb97fb4c88b-SegmentedRaftLogWorker:Storage Directory /workdir/hadoop-ozone/integration-test/target/test-dir/MiniOzoneClusterImpl-3cdd9aee-ba37-4d0d-8930-872cb3194007/datanode-2/data/ratis/b59fb9ad-5b82-40b0-9e6c-20a63989774b close()
2019-09-20 04:50:04,077 [1b138595-92e4-4592-9dfc-2bb97fb4c88b-SegmentedRaftLogWorker:Storage Directory /workdir/hadoop-ozone/integration-test/target/test-dir/MiniOzoneClusterImpl-3cdd9aee-ba37-4d0d-8930-872cb3194007/datanode-2/data/ratis/d99e36ca-e997-42ce-81a2-dfea41c0b268] INFO  impl.StateMachineUpdater (StateMachineUpdater.java:stopAndJoin(115)) - StateMachineUpdater:1b138595-92e4-4592-9dfc-2bb97fb4c88b:group-DFEA41C0B268: set stopIndex = -1
2019-09-20 04:50:04,077 [6a6ac22f-fdb0-4283-a89a-a8bc92b139ca:group-0BB728B7A7C5:LeaderElection141] INFO  server.RaftServerConfigKeys (ConfUtils.java:logGet(43)) - raft.server.watch.element-limit = 65536 (default)
2019-09-20 04:50:04,097 [37fe2768-1af7-42e7-8542-10b932802b02:group-196F6E90AB1E:LeaderElection151] INFO  impl.LeaderElection (LeaderElection.java:askForVotes(181)) - 37fe2768-1af7-42e7-8542-10b932802b02:group-196F6E90AB1E:LeaderElection151: begin an election at term 1 for -1: [37fe2768-1af7-42e7-8542-10b932802b02:192.168.36.79:41936], old=null
2019-09-20 04:50:04,097 [37fe2768-1af7-42e7-8542-10b932802b02:group-17508B96C0A6:LeaderElection149] INFO  impl.LeaderElection (LeaderElection.java:askForVotes(181)) - 37fe2768-1af7-42e7-8542-10b932802b02:group-17508B96C0A6:LeaderElection149: begin an election at term 1 for -1: [37fe2768-1af7-42e7-8542-10b932802b02:192.168.36.79:41936], old=null
2019-09-20 04:50:04,097 [37fe2768-1af7-42e7-8542-10b932802b02:group-8EC407F8B4A5:LeaderElection150] INFO  impl.LeaderElection (LeaderElection.java:askForVotes(181)) - 37fe2768-1af7-42e7-8542-10b932802b02:group-8EC407F8B4A5:LeaderElection150: begin an election at term 1 for -1: [37fe2768-1af7-42e7-8542-10b932802b02:192.168.36.79:41936], old=null
2019-09-20 04:50:04,097 [1b138595-92e4-4592-9dfc-2bb97fb4c88b-SegmentedRaftLogWorker:Storage Directory /workdir/hadoop-ozone/integration-test/target/test-dir/MiniOzoneClusterImpl-3cdd9aee-ba37-4d0d-8930-872cb3194007/datanode-2/data/ratis/d99e36ca-e997-42ce-81a2-dfea41c0b268] INFO  impl.RaftServerImpl (ServerState.java:close(394)) - 1b138595-92e4-4592-9dfc-2bb97fb4c88b:group-DFEA41C0B268 closes. The last applied log index is -1
2019-09-20 04:50:04,084 [Thread-1709] INFO  impl.RoleInfo (RoleInfo.java:updateAndGet(143)) - 1b138595-92e4-4592-9dfc-2bb97fb4c88b: start LeaderElection
2019-09-20 04:50:04,084 [Thread-1706] INFO  impl.RoleInfo (RoleInfo.java:updateAndGet(143)) - 1b138595-92e4-4592-9dfc-2bb97fb4c88b: start LeaderElection
2019-09-20 04:50:04,084 [d5424862-00f5-4f26-882d-9249b213a1ef:group-41C2231EB3D6:LeaderElection144] INFO  server.RaftServerConfigKeys (ConfUtils.java:logGet(43)) - raft.server.watch.timeout.denomination = 1s (default)
2019-09-20 04:50:04,083 [c82e94d7-3693-4569-94b0-cf8ff008d5c0-SegmentedRaftLogWorker:Storage Directory /workdir/hadoop-ozone/integration-test/target/test-dir/MiniOzoneClusterImpl-3cdd9aee-ba37-4d0d-8930-872cb3194007/datanode-1/data/ratis/251b0abc-0e56-4233-b327-48691fadb9f7] INFO  impl.RaftServerImpl (ServerState.java:close(394)) - c82e94d7-3693-4569-94b0-cf8ff008d5c0:group-48691FADB9F7 closes. The last applied log index is -1
2019-09-20 04:50:04,083 [c82e94d7-3693-4569-94b0-cf8ff008d5c0-SegmentedRaftLogWorker:Storage Directory /workdir/hadoop-ozone/integration-test/target/test-dir/MiniOzoneClusterImpl-3cdd9aee-ba37-4d0d-8930-872cb3194007/datanode-1/data/ratis/0b8f0efb-fe15-46bd-b6c8-7649c9caf23a] INFO  impl.StateMachineUpdater (StateMachineUpdater.java:stopAndJoin(115)) - StateMachineUpdater:c82e94d7-3693-4569-94b0-cf8ff008d5c0:group-7649C9CAF23A: set stopIndex = -1
2019-09-20 04:50:04,098 [c82e94d7-3693-4569-94b0-cf8ff008d5c0-SegmentedRaftLogWorker:Storage Directory /workdir/hadoop-ozone/integration-test/target/test-dir/MiniOzoneClusterImpl-3cdd9aee-ba37-4d0d-8930-872cb3194007/datanode-1/data/ratis/0b8f0efb-fe15-46bd-b6c8-7649c9caf23a] INFO  impl.RaftServerImpl (ServerState.java:close(394)) - c82e94d7-3693-4569-94b0-cf8ff008d5c0:group-7649C9CAF23A closes. The last applied log index is -1
2019-09-20 04:50:04,083 [6a6ac22f-fdb0-4283-a89a-a8bc92b139ca:group-A028E35D4535:LeaderElection145] INFO  server.RaftServerConfigKeys (ConfUtils.java:logGet(43)) - raft.server.watch.timeout.denomination = 1s (default)
2019-09-20 04:50:04,083 [db7872a1-bd52-4e68-8953-a9abbb9642a5:group-6EC0F30EEA5F:LeaderElection143] INFO  impl.RoleInfo (RoleInfo.java:updateAndGet(143)) - db7872a1-bd52-4e68-8953-a9abbb9642a5: start LeaderState
2019-09-20 04:50:04,083 [db7872a1-bd52-4e68-8953-a9abbb9642a5:group-30FC7A2825F2:LeaderElection146] INFO  impl.RoleInfo (RoleInfo.java:updateAndGet(143)) - db7872a1-bd52-4e68-8953-a9abbb9642a5: start LeaderState
2019-09-20 04:50:04,083 [db7872a1-bd52-4e68-8953-a9abbb9642a5:group-0963AE15E81A:LeaderElection147] INFO  server.RaftServerConfigKeys (ConfUtils.java:logGet(43)) - raft.server.watch.timeout.denomination = 1s (default)
2019-09-20 04:50:04,083 [d5424862-00f5-4f26-882d-9249b213a1ef:group-3F8B1D6B6E4D:LeaderElection148] INFO  server.RaftServerConfigKeys (ConfUtils.java:logGet(43)) - raft.server.watch.timeout = 10s (default)
2019-09-20 04:50:04,082 [c82e94d7-3693-4569-94b0-cf8ff008d5c0-SegmentedRaftLogWorker:Storage Directory /workdir/hadoop-ozone/integration-test/target/test-dir/MiniOzoneClusterImpl-3cdd9aee-ba37-4d0d-8930-872cb3194007/datanode-1/data/ratis/33784118-5b61-4d6e-bbc4-bb2f655d5e0e] INFO  impl.RaftServerImpl (ServerState.java:close(394)) - c82e94d7-3693-4569-94b0-cf8ff008d5c0:group-BB2F655D5E0E closes. The last applied log index is -1
2019-09-20 04:50:04,082 [1b138595-92e4-4592-9dfc-2bb97fb4c88b-SegmentedRaftLogWorker:Storage Directory /workdir/hadoop-ozone/integration-test/target/test-dir/MiniOzoneClusterImpl-3cdd9aee-ba37-4d0d-8930-872cb3194007/datanode-2/data/ratis/55764228-c6f9-4862-81ea-21d88f873970] INFO  segmented.SegmentedRaftLogWorker (SegmentedRaftLogWorker.java:close(228)) - 1b138595-92e4-4592-9dfc-2bb97fb4c88b-SegmentedRaftLogWorker:Storage Directory /workdir/hadoop-ozone/integration-test/target/test-dir/MiniOzoneClusterImpl-3cdd9aee-ba37-4d0d-8930-872cb3194007/datanode-2/data/ratis/55764228-c6f9-4862-81ea-21d88f873970 close()
2019-09-20 04:50:04,082 [c9787825-ea51-4014-8feb-b4ee136c6b23-SegmentedRaftLogWorker:Storage Directory /workdir/hadoop-ozone/integration-test/target/test-dir/MiniOzoneClusterImpl-3cdd9aee-ba37-4d0d-8930-872cb3194007/datanode-3/data/ratis/b7446d43-d2bd-4ced-9060-f91f2bfa525e] INFO  util.JmxRegister (JmxRegister.java:unregister(73)) - Successfully un-registered JMX Bean with object name Ratis:service=RaftServer,group=group-F91F2BFA525E,id=c9787825-ea51-4014-8feb-b4ee136c6b23
2019-09-20 04:50:04,082 [c82e94d7-3693-4569-94b0-cf8ff008d5c0-SegmentedRaftLogWorker:Storage Directory /workdir/hadoop-ozone/integration-test/target/test-dir/MiniOzoneClusterImpl-3cdd9aee-ba37-4d0d-8930-872cb3194007/datanode-1/data/ratis/9d0370d5-a177-4e73-8b70-52b82d481a72] INFO  impl.RaftServerImpl (ServerState.java:close(394)) - c82e94d7-3693-4569-94b0-cf8ff008d5c0:group-52B82D481A72 closes. The last applied log index is -1
2019-09-20 04:50:04,082 [c82e94d7-3693-4569-94b0-cf8ff008d5c0-SegmentedRaftLogWorker:Storage Directory /workdir/hadoop-ozone/integration-test/target/test-dir/MiniOzoneClusterImpl-3cdd9aee-ba37-4d0d-8930-872cb3194007/datanode-1/data/ratis/4ddea463-5bea-4040-9335-5beb7696209f] INFO  impl.RaftServerImpl (ServerState.java:close(394)) - c82e94d7-3693-4569-94b0-cf8ff008d5c0:group-5BEB7696209F closes. The last applied log index is -1
2019-09-20 04:50:04,110 [c82e94d7-3693-4569-94b0-cf8ff008d5c0-SegmentedRaftLogWorker:Storage Directory /workdir/hadoop-ozone/integration-test/target/test-dir/MiniOzoneClusterImpl-3cdd9aee-ba37-4d0d-8930-872cb3194007/datanode-1/data/ratis/9d0370d5-a177-4e73-8b70-52b82d481a72] INFO  segmented.SegmentedRaftLogWorker (SegmentedRaftLogWorker.java:close(228)) - c82e94d7-3693-4569-94b0-cf8ff008d5c0-SegmentedRaftLogWorker:Storage Directory /workdir/hadoop-ozone/integration-test/target/test-dir/MiniOzoneClusterImpl-3cdd9aee-ba37-4d0d-8930-872cb3194007/datanode-1/data/ratis/9d0370d5-a177-4e73-8b70-52b82d481a72 close()
2019-09-20 04:50:04,110 [c9787825-ea51-4014-8feb-b4ee136c6b23-SegmentedRaftLogWorker:Storage Directory /workdir/hadoop-ozone/integration-test/target/test-dir/MiniOzoneClusterImpl-3cdd9aee-ba37-4d0d-8930-872cb3194007/datanode-3/data/ratis/b7446d43-d2bd-4ced-9060-f91f2bfa525e] INFO  impl.RoleInfo (RoleInfo.java:shutdownLeaderState(104)) - c9787825-ea51-4014-8feb-b4ee136c6b23: shutdown LeaderState
2019-09-20 04:50:04,110 [1b138595-92e4-4592-9dfc-2bb97fb4c88b:group-A36F59DB5EDC:LeaderElection152] INFO  impl.LeaderElection (LeaderElection.java:askForVotes(181)) - 1b138595-92e4-4592-9dfc-2bb97fb4c88b:group-A36F59DB5EDC:LeaderElection152: begin an election at term 1 for -1: [1b138595-92e4-4592-9dfc-2bb97fb4c88b:192.168.36.79:46597], old=null
2019-09-20 04:50:04,110 [1b138595-92e4-4592-9dfc-2bb97fb4c88b:group-C627B1D59489:LeaderElection153] INFO  impl.LeaderElection (LeaderElection.java:askForVotes(181)) - 1b138595-92e4-4592-9dfc-2bb97fb4c88b:group-C627B1D59489:LeaderElection153: begin an election at term 1 for -1: [1b138595-92e4-4592-9dfc-2bb97fb4c88b:192.168.36.79:46597], old=null
2019-09-20 04:50:04,099 [c82e94d7-3693-4569-94b0-cf8ff008d5c0-SegmentedRaftLogWorker:Storage Directory /workdir/hadoop-ozone/integration-test/target/test-dir/MiniOzoneClusterImpl-3cdd9aee-ba37-4d0d-8930-872cb3194007/datanode-1/data/ratis/33784118-5b61-4d6e-bbc4-bb2f655d5e0e] INFO  segmented.SegmentedRaftLogWorker (SegmentedRaftLogWorker.java:close(228)) - c82e94d7-3693-4569-94b0-cf8ff008d5c0-SegmentedRaftLogWorker:Storage Directory /workdir/hadoop-ozone/integration-test/target/test-dir/MiniOzoneClusterImpl-3cdd9aee-ba37-4d0d-8930-872cb3194007/datanode-1/data/ratis/33784118-5b61-4d6e-bbc4-bb2f655d5e0e close()
2019-09-20 04:50:04,099 [d5424862-00f5-4f26-882d-9249b213a1ef:group-3F8B1D6B6E4D:LeaderElection148] INFO  server.RaftServerConfigKeys (ConfUtils.java:logGet(43)) - raft.server.watch.timeout.denomination = 1s (default)
2019-09-20 04:50:04,138 [d5424862-00f5-4f26-882d-9249b213a1ef:group-3F8B1D6B6E4D:LeaderElection148] INFO  server.RaftServerConfigKeys (ConfUtils.java:logGet(43)) - raft.server.watch.element-limit = 65536 (default)
2019-09-20 04:50:04,099 [db7872a1-bd52-4e68-8953-a9abbb9642a5:group-0963AE15E81A:LeaderElection147] INFO  server.RaftServerConfigKeys (ConfUtils.java:logGet(43)) - raft.server.watch.element-limit = 65536 (default)
2019-09-20 04:50:04,098 [db7872a1-bd52-4e68-8953-a9abbb9642a5:group-30FC7A2825F2:LeaderElection146] INFO  segmented.SegmentedRaftLogWorker (SegmentedRaftLogWorker.java:startLogSegment(380)) - db7872a1-bd52-4e68-8953-a9abbb9642a5-SegmentedRaftLogWorker:Storage Directory /workdir/hadoop-ozone/integration-test/target/test-dir/MiniOzoneClusterImpl-3cdd9aee-ba37-4d0d-8930-872cb3194007/datanode-6/data/ratis/e4feea08-f97b-4907-87e8-30fc7a2825f2: Starting segment from index:0
2019-09-20 04:50:04,098 [db7872a1-bd52-4e68-8953-a9abbb9642a5:group-6EC0F30EEA5F:LeaderElection143] INFO  segmented.SegmentedRaftLogWorker (SegmentedRaftLogWorker.java:startLogSegment(380)) - db7872a1-bd52-4e68-8953-a9abbb9642a5-SegmentedRaftLogWorker:Storage Directory /workdir/hadoop-ozone/integration-test/target/test-dir/MiniOzoneClusterImpl-3cdd9aee-ba37-4d0d-8930-872cb3194007/datanode-6/data/ratis/6063d1c0-73b7-4e82-90cb-6ec0f30eea5f: Starting segment from index:0
2019-09-20 04:50:04,098 [c82e94d7-3693-4569-94b0-cf8ff008d5c0-SegmentedRaftLogWorker:Storage Directory /workdir/hadoop-ozone/integration-test/target/test-dir/MiniOzoneClusterImpl-3cdd9aee-ba37-4d0d-8930-872cb3194007/datanode-1/data/ratis/0b8f0efb-fe15-46bd-b6c8-7649c9caf23a] INFO  segmented.SegmentedRaftLogWorker (SegmentedRaftLogWorker.java:close(228)) - c82e94d7-3693-4569-94b0-cf8ff008d5c0-SegmentedRaftLogWorker:Storage Directory /workdir/hadoop-ozone/integration-test/target/test-dir/MiniOzoneClusterImpl-3cdd9aee-ba37-4d0d-8930-872cb3194007/datanode-1/data/ratis/0b8f0efb-fe15-46bd-b6c8-7649c9caf23a close()
2019-09-20 04:50:04,098 [6a6ac22f-fdb0-4283-a89a-a8bc92b139ca:group-A028E35D4535:LeaderElection145] INFO  server.RaftServerConfigKeys (ConfUtils.java:logGet(43)) - raft.server.watch.element-limit = 65536 (default)
2019-09-20 04:50:04,098 [c82e94d7-3693-4569-94b0-cf8ff008d5c0-SegmentedRaftLogWorker:Storage Directory /workdir/hadoop-ozone/integration-test/target/test-dir/MiniOzoneClusterImpl-3cdd9aee-ba37-4d0d-8930-872cb3194007/datanode-1/data/ratis/251b0abc-0e56-4233-b327-48691fadb9f7] INFO  segmented.SegmentedRaftLogWorker (SegmentedRaftLogWorker.java:close(228)) - c82e94d7-3693-4569-94b0-cf8ff008d5c0-SegmentedRaftLogWorker:Storage Directory /workdir/hadoop-ozone/integration-test/target/test-dir/MiniOzoneClusterImpl-3cdd9aee-ba37-4d0d-8930-872cb3194007/datanode-1/data/ratis/251b0abc-0e56-4233-b327-48691fadb9f7 close()
2019-09-20 04:50:04,098 [d5424862-00f5-4f26-882d-9249b213a1ef:group-41C2231EB3D6:LeaderElection144] INFO  server.RaftServerConfigKeys (ConfUtils.java:logGet(43)) - raft.server.watch.element-limit = 65536 (default)
2019-09-20 04:50:04,097 [1b138595-92e4-4592-9dfc-2bb97fb4c88b-SegmentedRaftLogWorker:Storage Directory /workdir/hadoop-ozone/integration-test/target/test-dir/MiniOzoneClusterImpl-3cdd9aee-ba37-4d0d-8930-872cb3194007/datanode-2/data/ratis/d99e36ca-e997-42ce-81a2-dfea41c0b268] INFO  segmented.SegmentedRaftLogWorker (SegmentedRaftLogWorker.java:close(228)) - 1b138595-92e4-4592-9dfc-2bb97fb4c88b-SegmentedRaftLogWorker:Storage Directory /workdir/hadoop-ozone/integration-test/target/test-dir/MiniOzoneClusterImpl-3cdd9aee-ba37-4d0d-8930-872cb3194007/datanode-2/data/ratis/d99e36ca-e997-42ce-81a2-dfea41c0b268 close()
2019-09-20 04:50:04,097 [37fe2768-1af7-42e7-8542-10b932802b02:group-8EC407F8B4A5:LeaderElection150] INFO  impl.RoleInfo (RoleInfo.java:shutdownLeaderElection(134)) - 37fe2768-1af7-42e7-8542-10b932802b02: shutdown LeaderElection
2019-09-20 04:50:04,097 [37fe2768-1af7-42e7-8542-10b932802b02:group-17508B96C0A6:LeaderElection149] INFO  impl.RoleInfo (RoleInfo.java:shutdownLeaderElection(134)) - 37fe2768-1af7-42e7-8542-10b932802b02: shutdown LeaderElection
2019-09-20 04:50:04,097 [6a6ac22f-fdb0-4283-a89a-a8bc92b139ca:group-0BB728B7A7C5:LeaderElection141] INFO  impl.RoleInfo (RoleInfo.java:updateAndGet(143)) - 6a6ac22f-fdb0-4283-a89a-a8bc92b139ca: start LeaderState
2019-09-20 04:50:04,097 [37fe2768-1af7-42e7-8542-10b932802b02:group-196F6E90AB1E:LeaderElection151] INFO  impl.RoleInfo (RoleInfo.java:shutdownLeaderElection(134)) - 37fe2768-1af7-42e7-8542-10b932802b02: shutdown LeaderElection
2019-09-20 04:50:04,553 [37fe2768-1af7-42e7-8542-10b932802b02:group-17508B96C0A6:LeaderElection149] INFO  impl.RaftServerImpl (RaftServerImpl.java:setRole(171)) - 37fe2768-1af7-42e7-8542-10b932802b02:group-17508B96C0A6 changes role from CANDIDATE to LEADER at term 1 for changeToLeader
2019-09-20 04:50:04,553 [37fe2768-1af7-42e7-8542-10b932802b02:group-8EC407F8B4A5:LeaderElection150] INFO  impl.RaftServerImpl (RaftServerImpl.java:setRole(171)) - 37fe2768-1af7-42e7-8542-10b932802b02:group-8EC407F8B4A5 changes role from CANDIDATE to LEADER at term 1 for changeToLeader
2019-09-20 04:50:04,542 [d5424862-00f5-4f26-882d-9249b213a1ef:group-41C2231EB3D6:LeaderElection144] INFO  impl.RoleInfo (RoleInfo.java:updateAndGet(143)) - d5424862-00f5-4f26-882d-9249b213a1ef: start LeaderState
2019-09-20 04:50:04,529 [6a6ac22f-fdb0-4283-a89a-a8bc92b139ca:group-A028E35D4535:LeaderElection145] INFO  impl.RoleInfo (RoleInfo.java:updateAndGet(143)) - 6a6ac22f-fdb0-4283-a89a-a8bc92b139ca: start LeaderState
2019-09-20 04:50:04,527 [6a6ac22f-fdb0-4283-a89a-a8bc92b139ca-SegmentedRaftLogWorker:Storage Directory /workdir/hadoop-ozone/integration-test/target/test-dir/MiniOzoneClusterImpl-3cdd9aee-ba37-4d0d-8930-872cb3194007/datanode-4/data/ratis/817c91e9-b62d-41e6-b28a-e8e3cfc48501] ERROR segmented.SegmentedRaftLogWorker (SegmentedRaftLogWorker.java:run(323)) - 6a6ac22f-fdb0-4283-a89a-a8bc92b139ca-SegmentedRaftLogWorker:Storage Directory /workdir/hadoop-ozone/integration-test/target/test-dir/MiniOzoneClusterImpl-3cdd9aee-ba37-4d0d-8930-872cb3194007/datanode-4/data/ratis/817c91e9-b62d-41e6-b28a-e8e3cfc48501 hit exception
java.lang.OutOfMemoryError: Direct buffer memory
	at java.nio.Bits.reserveMemory(Bits.java:666)
	at java.nio.DirectByteBuffer.<init>(DirectByteBuffer.java:123)
	at java.nio.ByteBuffer.allocateDirect(ByteBuffer.java:311)
	at org.apache.ratis.server.raftlog.segmented.BufferedWriteChannel.<init>(BufferedWriteChannel.java:41)
	at org.apache.ratis.server.raftlog.segmented.SegmentedRaftLogOutputStream.<init>(SegmentedRaftLogOutputStream.java:72)
	at org.apache.ratis.server.raftlog.segmented.SegmentedRaftLogWorker$StartLogSegment.execute(SegmentedRaftLogWorker.java:566)
	at org.apache.ratis.server.raftlog.segmented.SegmentedRaftLogWorker.run(SegmentedRaftLogWorker.java:289)
	at java.lang.Thread.run(Thread.java:748)
2019-09-20 04:50:04,527 [db7872a1-bd52-4e68-8953-a9abbb9642a5-SegmentedRaftLogWorker:Storage Directory /workdir/hadoop-ozone/integration-test/target/test-dir/MiniOzoneClusterImpl-3cdd9aee-ba37-4d0d-8930-872cb3194007/datanode-6/data/ratis/5f6d43f2-5e4e-45ab-9488-cc89e8ad48ee] ERROR segmented.SegmentedRaftLogWorker (SegmentedRaftLogWorker.java:run(323)) - db7872a1-bd52-4e68-8953-a9abbb9642a5-SegmentedRaftLogWorker:Storage Directory /workdir/hadoop-ozone/integration-test/target/test-dir/MiniOzoneClusterImpl-3cdd9aee-ba37-4d0d-8930-872cb3194007/datanode-6/data/ratis/5f6d43f2-5e4e-45ab-9488-cc89e8ad48ee hit exception
java.lang.OutOfMemoryError: Direct buffer memory
	at java.nio.Bits.reserveMemory(Bits.java:666)
	at java.nio.DirectByteBuffer.<init>(DirectByteBuffer.java:123)
	at java.nio.ByteBuffer.allocateDirect(ByteBuffer.java:311)
	at org.apache.ratis.server.raftlog.segmented.BufferedWriteChannel.<init>(BufferedWriteChannel.java:41)
	at org.apache.ratis.server.raftlog.segmented.SegmentedRaftLogOutputStream.<init>(SegmentedRaftLogOutputStream.java:72)
	at org.apache.ratis.server.raftlog.segmented.SegmentedRaftLogWorker$StartLogSegment.execute(SegmentedRaftLogWorker.java:566)
	at org.apache.ratis.server.raftlog.segmented.SegmentedRaftLogWorker.run(SegmentedRaftLogWorker.java:289)
	at java.lang.Thread.run(Thread.java:748)
2019-09-20 04:50:04,555 [db7872a1-bd52-4e68-8953-a9abbb9642a5-SegmentedRaftLogWorker:Storage Directory /workdir/hadoop-ozone/integration-test/target/test-dir/MiniOzoneClusterImpl-3cdd9aee-ba37-4d0d-8930-872cb3194007/datanode-6/data/ratis/5f6d43f2-5e4e-45ab-9488-cc89e8ad48ee] INFO  impl.RaftServerImpl (RaftServerImpl.java:lambda$shutdown$3(245)) - db7872a1-bd52-4e68-8953-a9abbb9642a5: shutdown group-CC89E8AD48EE
2019-09-20 04:50:04,527 [d5424862-00f5-4f26-882d-9249b213a1ef-SegmentedRaftLogWorker:Storage Directory /workdir/hadoop-ozone/integration-test/target/test-dir/MiniOzoneClusterImpl-3cdd9aee-ba37-4d0d-8930-872cb3194007/datanode-5/data/ratis/54afeef9-68be-461a-b93c-60367428c822] ERROR segmented.SegmentedRaftLogWorker (SegmentedRaftLogWorker.java:run(323)) - d5424862-00f5-4f26-882d-9249b213a1ef-SegmentedRaftLogWorker:Storage Directory /workdir/hadoop-ozone/integration-test/target/test-dir/MiniOzoneClusterImpl-3cdd9aee-ba37-4d0d-8930-872cb3194007/datanode-5/data/ratis/54afeef9-68be-461a-b93c-60367428c822 hit exception
java.lang.OutOfMemoryError: Direct buffer memory
	at java.nio.Bits.reserveMemory(Bits.java:666)
	at java.nio.DirectByteBuffer.<init>(DirectByteBuffer.java:123)
	at java.nio.ByteBuffer.allocateDirect(ByteBuffer.java:311)
	at org.apache.ratis.server.raftlog.segmented.BufferedWriteChannel.<init>(BufferedWriteChannel.java:41)
	at org.apache.ratis.server.raftlog.segmented.SegmentedRaftLogOutputStream.<init>(SegmentedRaftLogOutputStream.java:72)
	at org.apache.ratis.server.raftlog.segmented.SegmentedRaftLogWorker$StartLogSegment.execute(SegmentedRaftLogWorker.java:566)
	at org.apache.ratis.server.raftlog.segmented.SegmentedRaftLogWorker.run(SegmentedRaftLogWorker.java:289)
	at java.lang.Thread.run(Thread.java:748)
2019-09-20 04:50:04,555 [d5424862-00f5-4f26-882d-9249b213a1ef-SegmentedRaftLogWorker:Storage Directory /workdir/hadoop-ozone/integration-test/target/test-dir/MiniOzoneClusterImpl-3cdd9aee-ba37-4d0d-8930-872cb3194007/datanode-5/data/ratis/54afeef9-68be-461a-b93c-60367428c822] INFO  impl.RaftServerImpl (RaftServerImpl.java:lambda$shutdown$3(245)) - d5424862-00f5-4f26-882d-9249b213a1ef: shutdown group-60367428C822
2019-09-20 04:50:04,154 [db7872a1-bd52-4e68-8953-a9abbb9642a5:group-6EC0F30EEA5F:LeaderElection143] INFO  impl.RaftServerImpl (ServerState.java:setRaftConf(361)) - db7872a1-bd52-4e68-8953-a9abbb9642a5:group-6EC0F30EEA5F set configuration 0: [db7872a1-bd52-4e68-8953-a9abbb9642a5:192.168.36.79:33028], old=null at 0
2019-09-20 04:50:04,139 [db7872a1-bd52-4e68-8953-a9abbb9642a5:group-30FC7A2825F2:LeaderElection146] INFO  impl.RaftServerImpl (ServerState.java:setRaftConf(361)) - db7872a1-bd52-4e68-8953-a9abbb9642a5:group-30FC7A2825F2 set configuration 0: [db7872a1-bd52-4e68-8953-a9abbb9642a5:192.168.36.79:33028], old=null at 0
2019-09-20 04:50:04,139 [db7872a1-bd52-4e68-8953-a9abbb9642a5:group-0963AE15E81A:LeaderElection147] INFO  impl.RoleInfo (RoleInfo.java:updateAndGet(143)) - db7872a1-bd52-4e68-8953-a9abbb9642a5: start LeaderState
2019-09-20 04:50:04,138 [d5424862-00f5-4f26-882d-9249b213a1ef:group-3F8B1D6B6E4D:LeaderElection148] INFO  impl.RoleInfo (RoleInfo.java:updateAndGet(143)) - d5424862-00f5-4f26-882d-9249b213a1ef: start LeaderState
2019-09-20 04:50:04,125 [1b138595-92e4-4592-9dfc-2bb97fb4c88b:group-C627B1D59489:LeaderElection153] INFO  impl.RoleInfo (RoleInfo.java:shutdownLeaderElection(134)) - 1b138595-92e4-4592-9dfc-2bb97fb4c88b: shutdown LeaderElection
2019-09-20 04:50:04,555 [1b138595-92e4-4592-9dfc-2bb97fb4c88b:group-C627B1D59489:LeaderElection153] INFO  impl.RaftServerImpl (RaftServerImpl.java:setRole(171)) - 1b138595-92e4-4592-9dfc-2bb97fb4c88b:group-C627B1D59489 changes role from CANDIDATE to LEADER at term 1 for changeToLeader
2019-09-20 04:50:04,125 [c9787825-ea51-4014-8feb-b4ee136c6b23-SegmentedRaftLogWorker:Storage Directory /workdir/hadoop-ozone/integration-test/target/test-dir/MiniOzoneClusterImpl-3cdd9aee-ba37-4d0d-8930-872cb3194007/datanode-3/data/ratis/b7446d43-d2bd-4ced-9060-f91f2bfa525e] INFO  impl.PendingRequests (PendingRequests.java:sendNotLeaderResponses(202)) - c9787825-ea51-4014-8feb-b4ee136c6b23-PendingRequests: sendNotLeaderResponses
2019-09-20 04:50:04,125 [1b138595-92e4-4592-9dfc-2bb97fb4c88b:group-A36F59DB5EDC:LeaderElection152] INFO  impl.RoleInfo (RoleInfo.java:shutdownLeaderElection(134)) - 1b138595-92e4-4592-9dfc-2bb97fb4c88b: shutdown LeaderElection
2019-09-20 04:50:04,556 [c9787825-ea51-4014-8feb-b4ee136c6b23-SegmentedRaftLogWorker:Storage Directory /workdir/hadoop-ozone/integration-test/target/test-dir/MiniOzoneClusterImpl-3cdd9aee-ba37-4d0d-8930-872cb3194007/datanode-3/data/ratis/b7446d43-d2bd-4ced-9060-f91f2bfa525e] INFO  impl.StateMachineUpdater (StateMachineUpdater.java:stopAndJoin(115)) - StateMachineUpdater:c9787825-ea51-4014-8feb-b4ee136c6b23:group-F91F2BFA525E: set stopIndex = -1
2019-09-20 04:50:04,110 [c82e94d7-3693-4569-94b0-cf8ff008d5c0-SegmentedRaftLogWorker:Storage Directory /workdir/hadoop-ozone/integration-test/target/test-dir/MiniOzoneClusterImpl-3cdd9aee-ba37-4d0d-8930-872cb3194007/datanode-1/data/ratis/4ddea463-5bea-4040-9335-5beb7696209f] INFO  segmented.SegmentedRaftLogWorker (SegmentedRaftLogWorker.java:close(228)) - c82e94d7-3693-4569-94b0-cf8ff008d5c0-SegmentedRaftLogWorker:Storage Directory /workdir/hadoop-ozone/integration-test/target/test-dir/MiniOzoneClusterImpl-3cdd9aee-ba37-4d0d-8930-872cb3194007/datanode-1/data/ratis/4ddea463-5bea-4040-9335-5beb7696209f close()
2019-09-20 04:50:04,556 [c9787825-ea51-4014-8feb-b4ee136c6b23-SegmentedRaftLogWorker:Storage Directory /workdir/hadoop-ozone/integration-test/target/test-dir/MiniOzoneClusterImpl-3cdd9aee-ba37-4d0d-8930-872cb3194007/datanode-3/data/ratis/b7446d43-d2bd-4ced-9060-f91f2bfa525e] INFO  impl.RaftServerImpl (ServerState.java:close(394)) - c9787825-ea51-4014-8feb-b4ee136c6b23:group-F91F2BFA525E closes. The last applied log index is -1
2019-09-20 04:50:04,556 [1b138595-92e4-4592-9dfc-2bb97fb4c88b:group-A36F59DB5EDC:LeaderElection152] INFO  impl.RaftServerImpl (RaftServerImpl.java:setRole(171)) - 1b138595-92e4-4592-9dfc-2bb97fb4c88b:group-A36F59DB5EDC changes role from CANDIDATE to LEADER at term 1 for changeToLeader
2019-09-20 04:50:04,556 [1b138595-92e4-4592-9dfc-2bb97fb4c88b:group-C627B1D59489:LeaderElection153] INFO  impl.RaftServerImpl (ServerState.java:setLeader(263)) - 1b138595-92e4-4592-9dfc-2bb97fb4c88b:group-C627B1D59489 change Leader from null to 1b138595-92e4-4592-9dfc-2bb97fb4c88b at term 1 for becomeLeader, leader elected after 11790ms
2019-09-20 04:50:04,555 [d5424862-00f5-4f26-882d-9249b213a1ef:group-3F8B1D6B6E4D:LeaderElection148] INFO  segmented.SegmentedRaftLogWorker (SegmentedRaftLogWorker.java:startLogSegment(380)) - d5424862-00f5-4f26-882d-9249b213a1ef-SegmentedRaftLogWorker:Storage Directory /workdir/hadoop-ozone/integration-test/target/test-dir/MiniOzoneClusterImpl-3cdd9aee-ba37-4d0d-8930-872cb3194007/datanode-5/data/ratis/9b6bb57d-34d6-476a-bd19-3f8b1d6b6e4d: Starting segment from index:0
2019-09-20 04:50:04,555 [db7872a1-bd52-4e68-8953-a9abbb9642a5:group-0963AE15E81A:LeaderElection147] INFO  segmented.SegmentedRaftLogWorker (SegmentedRaftLogWorker.java:startLogSegment(380)) - db7872a1-bd52-4e68-8953-a9abbb9642a5-SegmentedRaftLogWorker:Storage Directory /workdir/hadoop-ozone/integration-test/target/test-dir/MiniOzoneClusterImpl-3cdd9aee-ba37-4d0d-8930-872cb3194007/datanode-6/data/ratis/6d60c835-e7e6-42a6-86da-0963ae15e81a: Starting segment from index:0
2019-09-20 04:50:04,555 [d5424862-00f5-4f26-882d-9249b213a1ef-SegmentedRaftLogWorker:Storage Directory /workdir/hadoop-ozone/integration-test/target/test-dir/MiniOzoneClusterImpl-3cdd9aee-ba37-4d0d-8930-872cb3194007/datanode-5/data/ratis/54afeef9-68be-461a-b93c-60367428c822] INFO  util.JmxRegister (JmxRegister.java:unregister(73)) - Successfully un-registered JMX Bean with object name Ratis:service=RaftServer,group=group-60367428C822,id=d5424862-00f5-4f26-882d-9249b213a1ef
2019-09-20 04:50:04,555 [db7872a1-bd52-4e68-8953-a9abbb9642a5-SegmentedRaftLogWorker:Storage Directory /workdir/hadoop-ozone/integration-test/target/test-dir/MiniOzoneClusterImpl-3cdd9aee-ba37-4d0d-8930-872cb3194007/datanode-6/data/ratis/5f6d43f2-5e4e-45ab-9488-cc89e8ad48ee] INFO  util.JmxRegister (JmxRegister.java:unregister(73)) - Successfully un-registered JMX Bean with object name Ratis:service=RaftServer,group=group-CC89E8AD48EE,id=db7872a1-bd52-4e68-8953-a9abbb9642a5
2019-09-20 04:50:04,877 | INFO  | SCMAudit | user=jenkins1000 | ip=192.168.36.79 | op=SEND_HEARTBEAT {datanodeUUID=db7872a1-bd52-4e68-8953-a9abbb9642a5, command=[]} | ret=SUCCESS |  
2019-09-20 04:50:04,877 | INFO  | SCMAudit | user=jenkins1000 | ip=192.168.36.79 | op=SEND_HEARTBEAT {datanodeUUID=c9787825-ea51-4014-8feb-b4ee136c6b23, command=[]} | ret=SUCCESS |  
2019-09-20 04:50:04,898 | INFO  | SCMAudit | user=jenkins1000 | ip=192.168.36.79 | op=SEND_HEARTBEAT {datanodeUUID=3c2a6bfe-f5c5-4e23-89b0-850dab17697d, command=[]} | ret=SUCCESS |  
2019-09-20 04:50:04,554 [6a6ac22f-fdb0-4283-a89a-a8bc92b139ca-SegmentedRaftLogWorker:Storage Directory /workdir/hadoop-ozone/integration-test/target/test-dir/MiniOzoneClusterImpl-3cdd9aee-ba37-4d0d-8930-872cb3194007/datanode-4/data/ratis/817c91e9-b62d-41e6-b28a-e8e3cfc48501] INFO  impl.RaftServerImpl (RaftServerImpl.java:lambda$shutdown$3(245)) - 6a6ac22f-fdb0-4283-a89a-a8bc92b139ca: shutdown group-E8E3CFC48501
2019-09-20 04:50:04,898 | INFO  | SCMAudit | user=jenkins1000 | ip=192.168.36.79 | op=SEND_HEARTBEAT {datanodeUUID=ea71b9af-1075-4196-9693-aa14e10f536d, command=[]} | ret=SUCCESS |  
2019-09-20 04:50:04,898 | INFO  | SCMAudit | user=jenkins1000 | ip=192.168.36.79 | op=SEND_HEARTBEAT {datanodeUUID=dba845b8-ea76-4e09-ab03-0883d354e493, command=[]} | ret=SUCCESS |  
2019-09-20 04:50:05,251 | INFO  | SCMAudit | user=jenkins1000 | ip=192.168.36.79 | op=SEND_HEARTBEAT {datanodeUUID=0ad3f89e-804f-4845-89c5-5ff1a35a5dda, command=[]} | ret=SUCCESS |  
2019-09-20 04:50:04,898 | INFO  | SCMAudit | user=jenkins1000 | ip=192.168.36.79 | op=SEND_HEARTBEAT {datanodeUUID=8d97392c-5f4b-400a-94a1-fb61a3ebbc99, command=[]} | ret=SUCCESS |  
2019-09-20 04:50:04,898 | INFO  | SCMAudit | user=jenkins1000 | ip=192.168.36.79 | op=SEND_HEARTBEAT {datanodeUUID=1d91ad97-6666-4ee7-855a-8b5e944e7401, command=[]} | ret=SUCCESS |  
2019-09-20 04:50:04,898 | INFO  | SCMAudit | user=jenkins1000 | ip=192.168.36.79 | op=SEND_HEARTBEAT {datanodeUUID=eaf3ecbe-c3b1-4969-ad3a-e4de7fb04f81, command=[]} | ret=SUCCESS |  
2019-09-20 04:50:05,240 [1b138595-92e4-4592-9dfc-2bb97fb4c88b-SegmentedRaftLogWorker:Storage Directory /workdir/hadoop-ozone/integration-test/target/test-dir/MiniOzoneClusterImpl-3cdd9aee-ba37-4d0d-8930-872cb3194007/datanode-2/data/ratis/fe2a9fec-2699-4397-9d66-cde693c87c09] ERROR segmented.SegmentedRaftLogWorker (SegmentedRaftLogWorker.java:run(323)) - 1b138595-92e4-4592-9dfc-2bb97fb4c88b-SegmentedRaftLogWorker:Storage Directory /workdir/hadoop-ozone/integration-test/target/test-dir/MiniOzoneClusterImpl-3cdd9aee-ba37-4d0d-8930-872cb3194007/datanode-2/data/ratis/fe2a9fec-2699-4397-9d66-cde693c87c09 hit exception
java.lang.OutOfMemoryError: Direct buffer memory
	at java.nio.Bits.reserveMemory(Bits.java:666)
	at java.nio.DirectByteBuffer.<init>(DirectByteBuffer.java:123)
	at java.nio.ByteBuffer.allocateDirect(ByteBuffer.java:311)
	at org.apache.ratis.server.raftlog.segmented.BufferedWriteChannel.<init>(BufferedWriteChannel.java:41)
	at org.apache.ratis.server.raftlog.segmented.SegmentedRaftLogOutputStream.<init>(SegmentedRaftLogOutputStream.java:72)
	at org.apache.ratis.server.raftlog.segmented.SegmentedRaftLogWorker$StartLogSegment.execute(SegmentedRaftLogWorker.java:566)
	at org.apache.ratis.server.raftlog.segmented.SegmentedRaftLogWorker.run(SegmentedRaftLogWorker.java:289)
	at java.lang.Thread.run(Thread.java:748)
2019-09-20 04:50:04,898 | INFO  | SCMAudit | user=jenkins1000 | ip=192.168.36.79 | op=SEND_HEARTBEAT {datanodeUUID=236eed40-dd97-4fdc-a0ae-ab99685a426b, command=[]} | ret=SUCCESS |  
2019-09-20 04:50:04,898 | INFO  | SCMAudit | user=jenkins1000 | ip=192.168.36.79 | op=SEND_HEARTBEAT {datanodeUUID=2702b462-69d8-4c1b-aae1-091a21fe08b8, command=[]} | ret=SUCCESS |  
2019-09-20 04:50:04,898 | INFO  | SCMAudit | user=jenkins1000 | ip=192.168.36.79 | op=SEND_HEARTBEAT {datanodeUUID=42fc6e92-fcdd-4827-b621-9fc58a3d2315, command=[]} | ret=SUCCESS |  
2019-09-20 04:50:05,251 [1b138595-92e4-4592-9dfc-2bb97fb4c88b-SegmentedRaftLogWorker:Storage Directory /workdir/hadoop-ozone/integration-test/target/test-dir/MiniOzoneClusterImpl-3cdd9aee-ba37-4d0d-8930-872cb3194007/datanode-2/data/ratis/fe2a9fec-2699-4397-9d66-cde693c87c09] INFO  impl.RaftServerImpl (RaftServerImpl.java:lambda$shutdown$3(245)) - 1b138595-92e4-4592-9dfc-2bb97fb4c88b: shutdown group-CDE693C87C09
2019-09-20 04:50:04,898 | INFO  | SCMAudit | user=jenkins1000 | ip=192.168.36.79 | op=SEND_HEARTBEAT {datanodeUUID=fdbc37f2-9e58-4bac-a5d5-a78839d012e9, command=[]} | ret=SUCCESS |  
2019-09-20 04:50:04,885 | INFO  | SCMAudit | user=jenkins1000 | ip=192.168.36.79 | op=SEND_HEARTBEAT {datanodeUUID=37fe2768-1af7-42e7-8542-10b932802b02, command=[]} | ret=SUCCESS |  
2019-09-20 04:50:05,251 [1b138595-92e4-4592-9dfc-2bb97fb4c88b-SegmentedRaftLogWorker:Storage Directory /workdir/hadoop-ozone/integration-test/target/test-dir/MiniOzoneClusterImpl-3cdd9aee-ba37-4d0d-8930-872cb3194007/datanode-2/data/ratis/fe2a9fec-2699-4397-9d66-cde693c87c09] INFO  util.JmxRegister (JmxRegister.java:unregister(73)) - Successfully un-registered JMX Bean with object name Ratis:service=RaftServer,group=group-CDE693C87C09,id=1b138595-92e4-4592-9dfc-2bb97fb4c88b
2019-09-20 04:50:04,877 | INFO  | SCMAudit | user=jenkins1000 | ip=192.168.36.79 | op=SEND_HEARTBEAT {datanodeUUID=c82e94d7-3693-4569-94b0-cf8ff008d5c0, command=[]} | ret=SUCCESS |  
2019-09-20 04:50:04,877 | INFO  | SCMAudit | user=jenkins1000 | ip=192.168.36.79 | op=SEND_HEARTBEAT {datanodeUUID=6a6ac22f-fdb0-4283-a89a-a8bc92b139ca, command=[]} | ret=SUCCESS |  
2019-09-20 04:50:04,877 | INFO  | SCMAudit | user=jenkins1000 | ip=192.168.36.79 | op=SEND_HEARTBEAT {datanodeUUID=1b138595-92e4-4592-9dfc-2bb97fb4c88b, command=[]} | ret=SUCCESS |  
2019-09-20 04:50:05,260 [1b138595-92e4-4592-9dfc-2bb97fb4c88b-SegmentedRaftLogWorker:Storage Directory /workdir/hadoop-ozone/integration-test/target/test-dir/MiniOzoneClusterImpl-3cdd9aee-ba37-4d0d-8930-872cb3194007/datanode-2/data/ratis/fe2a9fec-2699-4397-9d66-cde693c87c09] INFO  impl.RoleInfo (RoleInfo.java:shutdownLeaderState(104)) - 1b138595-92e4-4592-9dfc-2bb97fb4c88b: shutdown LeaderState
2019-09-20 04:50:04,877 | INFO  | SCMAudit | user=jenkins1000 | ip=192.168.36.79 | op=SEND_HEARTBEAT {datanodeUUID=d5424862-00f5-4f26-882d-9249b213a1ef, command=[]} | ret=SUCCESS |  
2019-09-20 04:50:05,260 | INFO  | SCMAudit | user=jenkins1000 | ip=192.168.36.79 | op=SEND_HEARTBEAT {datanodeUUID=2d6465ef-cffa-473a-a4c6-a9aa3f1a26c0, command=[]} | ret=SUCCESS |  
2019-09-20 04:50:05,260 [1b138595-92e4-4592-9dfc-2bb97fb4c88b-SegmentedRaftLogWorker:Storage Directory /workdir/hadoop-ozone/integration-test/target/test-dir/MiniOzoneClusterImpl-3cdd9aee-ba37-4d0d-8930-872cb3194007/datanode-2/data/ratis/fe2a9fec-2699-4397-9d66-cde693c87c09] INFO  impl.PendingRequests (PendingRequests.java:sendNotLeaderResponses(202)) - 1b138595-92e4-4592-9dfc-2bb97fb4c88b-PendingRequests: sendNotLeaderResponses
2019-09-20 04:50:05,251 | INFO  | SCMAudit | user=jenkins1000 | ip=192.168.36.79 | op=SEND_HEARTBEAT {datanodeUUID=f4e549ee-a6fa-4eb9-8541-129d0566fdf5, command=[]} | ret=SUCCESS |  
2019-09-20 04:50:05,251 | INFO  | SCMAudit | user=jenkins1000 | ip=192.168.36.79 | op=SEND_HEARTBEAT {datanodeUUID=eb30d72f-c0a8-4ecb-bfee-9120a9a6cddf, command=[]} | ret=SUCCESS |  
2019-09-20 04:50:05,251 | INFO  | SCMAudit | user=jenkins1000 | ip=192.168.36.79 | op=SEND_HEARTBEAT {datanodeUUID=c4f6294c-eda3-4afd-81f7-e69ed14da69f, command=[]} | ret=SUCCESS |  
2019-09-20 04:50:05,251 | INFO  | SCMAudit | user=jenkins1000 | ip=192.168.36.79 | op=SEND_HEARTBEAT {datanodeUUID=68a93ad8-b6a8-44e1-8a9f-45fcc58d229a, command=[]} | ret=SUCCESS |  
2019-09-20 04:50:05,251 | INFO  | SCMAudit | user=jenkins1000 | ip=192.168.36.79 | op=SEND_HEARTBEAT {datanodeUUID=5ea19b84-5385-4ae9-8412-c4cfa929b172, command=[]} | ret=SUCCESS |  
2019-09-20 04:50:04,554 [6a6ac22f-fdb0-4283-a89a-a8bc92b139ca:group-A028E35D4535:LeaderElection145] INFO  segmented.SegmentedRaftLogWorker (SegmentedRaftLogWorker.java:startLogSegment(380)) - 6a6ac22f-fdb0-4283-a89a-a8bc92b139ca-SegmentedRaftLogWorker:Storage Directory /workdir/hadoop-ozone/integration-test/target/test-dir/MiniOzoneClusterImpl-3cdd9aee-ba37-4d0d-8930-872cb3194007/datanode-4/data/ratis/d487bc1e-a4ea-4425-8d09-a028e35d4535: Starting segment from index:0
2019-09-20 04:50:05,251 | INFO  | SCMAudit | user=jenkins1000 | ip=192.168.36.79 | op=SEND_HEARTBEAT {datanodeUUID=8538cd65-7926-426b-8bad-fbd0f0550f9a, command=[]} | ret=SUCCESS |  
2019-09-20 04:50:04,554 [d5424862-00f5-4f26-882d-9249b213a1ef:group-41C2231EB3D6:LeaderElection144] INFO  segmented.SegmentedRaftLogWorker (SegmentedRaftLogWorker.java:startLogSegment(380)) - d5424862-00f5-4f26-882d-9249b213a1ef-SegmentedRaftLogWorker:Storage Directory /workdir/hadoop-ozone/integration-test/target/test-dir/MiniOzoneClusterImpl-3cdd9aee-ba37-4d0d-8930-872cb3194007/datanode-5/data/ratis/89a5c02a-421f-4b84-a5ad-41c2231eb3d6: Starting segment from index:0
2019-09-20 04:50:05,250 | INFO  | SCMAudit | user=jenkins1000 | ip=192.168.36.79 | op=SEND_HEARTBEAT {datanodeUUID=ba95d636-ac34-4b74-a102-dec8d0f377c6, command=[]} | ret=SUCCESS |  
2019-09-20 04:50:05,250 | INFO  | SCMAudit | user=jenkins1000 | ip=192.168.36.79 | op=SEND_HEARTBEAT {datanodeUUID=a9bc59c4-b792-48d5-9db2-4e71770477b1, command=[]} | ret=SUCCESS |  
2019-09-20 04:50:04,554 [37fe2768-1af7-42e7-8542-10b932802b02:group-8EC407F8B4A5:LeaderElection150] INFO  impl.RaftServerImpl (ServerState.java:setLeader(263)) - 37fe2768-1af7-42e7-8542-10b932802b02:group-8EC407F8B4A5 change Leader from null to 37fe2768-1af7-42e7-8542-10b932802b02 at term 1 for becomeLeader, leader elected after 12653ms
2019-09-20 04:50:05,250 | INFO  | SCMAudit | user=jenkins1000 | ip=192.168.36.79 | op=SEND_HEARTBEAT {datanodeUUID=bd1a845e-f2ed-4713-9516-9ccc20139040, command=[]} | ret=SUCCESS |  
2019-09-20 04:50:04,554 [37fe2768-1af7-42e7-8542-10b932802b02:group-17508B96C0A6:LeaderElection149] INFO  impl.RaftServerImpl (ServerState.java:setLeader(263)) - 37fe2768-1af7-42e7-8542-10b932802b02:group-17508B96C0A6 change Leader from null to 37fe2768-1af7-42e7-8542-10b932802b02 at term 1 for becomeLeader, leader elected after 12503ms
2019-09-20 04:50:04,554 [6a6ac22f-fdb0-4283-a89a-a8bc92b139ca:group-0BB728B7A7C5:LeaderElection141] INFO  segmented.SegmentedRaftLogWorker (SegmentedRaftLogWorker.java:startLogSegment(380)) - 6a6ac22f-fdb0-4283-a89a-a8bc92b139ca-SegmentedRaftLogWorker:Storage Directory /workdir/hadoop-ozone/integration-test/target/test-dir/MiniOzoneClusterImpl-3cdd9aee-ba37-4d0d-8930-872cb3194007/datanode-4/data/ratis/ac1dd24a-86cb-45db-a25c-0bb728b7a7c5: Starting segment from index:0
2019-09-20 04:50:04,554 [37fe2768-1af7-42e7-8542-10b932802b02:group-196F6E90AB1E:LeaderElection151] INFO  impl.RaftServerImpl (RaftServerImpl.java:setRole(171)) - 37fe2768-1af7-42e7-8542-10b932802b02:group-196F6E90AB1E changes role from CANDIDATE to LEADER at term 1 for changeToLeader
2019-09-20 04:50:05,261 [main] INFO  ipc.CallQueueManager (CallQueueManager.java:<init>(84)) - Using callQueue: class java.util.concurrent.LinkedBlockingQueue, queueCapacity: 2000, scheduler: class org.apache.hadoop.ipc.DefaultRpcScheduler, ipcBackoff: false.
2019-09-20 04:50:05,261 [37fe2768-1af7-42e7-8542-10b932802b02:group-17508B96C0A6:LeaderElection149] INFO  server.RaftServerConfigKeys (ConfUtils.java:logGet(43)) - raft.server.staging.catchup.gap = 1000 (default)
2019-09-20 04:50:05,966 | INFO  | SCMAudit | user=jenkins1000 | ip=192.168.36.79 | op=SEND_HEARTBEAT {datanodeUUID=5ea19b84-5385-4ae9-8412-c4cfa929b172, command=[]} | ret=SUCCESS |  
2019-09-20 04:50:05,966 | INFO  | SCMAudit | user=jenkins1000 | ip=192.168.36.79 | op=SEND_HEARTBEAT {datanodeUUID=68a93ad8-b6a8-44e1-8a9f-45fcc58d229a, command=[]} | ret=SUCCESS |  
2019-09-20 04:50:05,966 | INFO  | SCMAudit | user=jenkins1000 | ip=192.168.36.79 | op=SEND_HEARTBEAT {datanodeUUID=8538cd65-7926-426b-8bad-fbd0f0550f9a, command=[]} | ret=SUCCESS |  
2019-09-20 04:50:05,966 | INFO  | SCMAudit | user=jenkins1000 | ip=192.168.36.79 | op=SEND_HEARTBEAT {datanodeUUID=0ad3f89e-804f-4845-89c5-5ff1a35a5dda, command=[]} | ret=SUCCESS |  
2019-09-20 04:50:05,966 | INFO  | SCMAudit | user=jenkins1000 | ip=192.168.36.79 | op=SEND_HEARTBEAT {datanodeUUID=f4e549ee-a6fa-4eb9-8541-129d0566fdf5, command=[]} | ret=SUCCESS |  
2019-09-20 04:50:05,966 | INFO  | SCMAudit | user=jenkins1000 | ip=192.168.36.79 | op=SEND_HEARTBEAT {datanodeUUID=a9bc59c4-b792-48d5-9db2-4e71770477b1, command=[]} | ret=SUCCESS |  
2019-09-20 04:50:05,966 | INFO  | SCMAudit | user=jenkins1000 | ip=192.168.36.79 | op=SEND_HEARTBEAT {datanodeUUID=eb30d72f-c0a8-4ecb-bfee-9120a9a6cddf, command=[]} | ret=SUCCESS |  
2019-09-20 04:50:05,966 | INFO  | SCMAudit | user=jenkins1000 | ip=192.168.36.79 | op=SEND_HEARTBEAT {datanodeUUID=ea71b9af-1075-4196-9693-aa14e10f536d, command=[]} | ret=SUCCESS |  
2019-09-20 04:50:05,966 | INFO  | SCMAudit | user=jenkins1000 | ip=192.168.36.79 | op=SEND_HEARTBEAT {datanodeUUID=1d91ad97-6666-4ee7-855a-8b5e944e7401, command=[]} | ret=SUCCESS |  
2019-09-20 04:50:05,966 | INFO  | SCMAudit | user=jenkins1000 | ip=192.168.36.79 | op=SEND_HEARTBEAT {datanodeUUID=2d6465ef-cffa-473a-a4c6-a9aa3f1a26c0, command=[]} | ret=SUCCESS |  
2019-09-20 04:50:05,966 | INFO  | SCMAudit | user=jenkins1000 | ip=192.168.36.79 | op=SEND_HEARTBEAT {datanodeUUID=2702b462-69d8-4c1b-aae1-091a21fe08b8, command=[]} | ret=SUCCESS |  
2019-09-20 04:50:05,966 | INFO  | SCMAudit | user=jenkins1000 | ip=192.168.36.79 | op=SEND_HEARTBEAT {datanodeUUID=8d97392c-5f4b-400a-94a1-fb61a3ebbc99, command=[]} | ret=SUCCESS |  
2019-09-20 04:50:05,966 | INFO  | SCMAudit | user=jenkins1000 | ip=192.168.36.79 | op=SEND_HEARTBEAT {datanodeUUID=eaf3ecbe-c3b1-4969-ad3a-e4de7fb04f81, command=[]} | ret=SUCCESS |  
2019-09-20 04:50:05,967 | INFO  | SCMAudit | user=jenkins1000 | ip=192.168.36.79 | op=SEND_HEARTBEAT {datanodeUUID=42fc6e92-fcdd-4827-b621-9fc58a3d2315, command=[]} | ret=SUCCESS |  
2019-09-20 04:50:05,967 | INFO  | SCMAudit | user=jenkins1000 | ip=192.168.36.79 | op=SEND_HEARTBEAT {datanodeUUID=c4f6294c-eda3-4afd-81f7-e69ed14da69f, command=[]} | ret=SUCCESS |  
2019-09-20 04:50:05,967 | INFO  | SCMAudit | user=jenkins1000 | ip=192.168.36.79 | op=SEND_HEARTBEAT {datanodeUUID=bd1a845e-f2ed-4713-9516-9ccc20139040, command=[]} | ret=SUCCESS |  
2019-09-20 04:50:05,967 | INFO  | SCMAudit | user=jenkins1000 | ip=192.168.36.79 | op=SEND_HEARTBEAT {datanodeUUID=fdbc37f2-9e58-4bac-a5d5-a78839d012e9, command=[]} | ret=SUCCESS |  
2019-09-20 04:50:05,967 | INFO  | SCMAudit | user=jenkins1000 | ip=192.168.36.79 | op=SEND_HEARTBEAT {datanodeUUID=ba95d636-ac34-4b74-a102-dec8d0f377c6, command=[]} | ret=SUCCESS |  
2019-09-20 04:50:05,967 | INFO  | SCMAudit | user=jenkins1000 | ip=192.168.36.79 | op=SEND_HEARTBEAT {datanodeUUID=236eed40-dd97-4fdc-a0ae-ab99685a426b, command=[]} | ret=SUCCESS |  
2019-09-20 04:50:05,967 | INFO  | SCMAudit | user=jenkins1000 | ip=192.168.36.79 | op=SEND_HEARTBEAT {datanodeUUID=3c2a6bfe-f5c5-4e23-89b0-850dab17697d, command=[]} | ret=SUCCESS |  
2019-09-20 04:50:05,967 | INFO  | SCMAudit | user=jenkins1000 | ip=192.168.36.79 | op=SEND_HEARTBEAT {datanodeUUID=dba845b8-ea76-4e09-ab03-0883d354e493, command=[]} | ret=SUCCESS |  
2019-09-20 04:50:05,968 | INFO  | SCMAudit | user=jenkins1000 | ip=192.168.36.79 | op=SEND_HEARTBEAT {datanodeUUID=37fe2768-1af7-42e7-8542-10b932802b02, command=[]} | ret=SUCCESS |  
2019-09-20 04:50:05,968 | INFO  | SCMAudit | user=jenkins1000 | ip=192.168.36.79 | op=SEND_HEARTBEAT {datanodeUUID=6a6ac22f-fdb0-4283-a89a-a8bc92b139ca, command=[]} | ret=SUCCESS |  
2019-09-20 04:50:05,968 | INFO  | SCMAudit | user=jenkins1000 | ip=192.168.36.79 | op=SEND_HEARTBEAT {datanodeUUID=db7872a1-bd52-4e68-8953-a9abbb9642a5, command=[]} | ret=SUCCESS |  
2019-09-20 04:50:05,968 | INFO  | SCMAudit | user=jenkins1000 | ip=192.168.36.79 | op=SEND_HEARTBEAT {datanodeUUID=c9787825-ea51-4014-8feb-b4ee136c6b23, command=[]} | ret=SUCCESS |  
2019-09-20 04:50:05,968 | INFO  | SCMAudit | user=jenkins1000 | ip=192.168.36.79 | op=SEND_HEARTBEAT {datanodeUUID=1b138595-92e4-4592-9dfc-2bb97fb4c88b, command=[]} | ret=SUCCESS |  
2019-09-20 04:50:05,968 | INFO  | SCMAudit | user=jenkins1000 | ip=192.168.36.79 | op=SEND_HEARTBEAT {datanodeUUID=c82e94d7-3693-4569-94b0-cf8ff008d5c0, command=[]} | ret=SUCCESS |  
2019-09-20 04:50:05,968 | INFO  | SCMAudit | user=jenkins1000 | ip=192.168.36.79 | op=SEND_HEARTBEAT {datanodeUUID=d5424862-00f5-4f26-882d-9249b213a1ef, command=[]} | ret=SUCCESS |  
2019-09-20 04:50:05,261 [37fe2768-1af7-42e7-8542-10b932802b02:group-8EC407F8B4A5:LeaderElection150] INFO  server.RaftServerConfigKeys (ConfUtils.java:logGet(43)) - raft.server.staging.catchup.gap = 1000 (default)
2019-09-20 04:50:05,260 [1b138595-92e4-4592-9dfc-2bb97fb4c88b-SegmentedRaftLogWorker:Storage Directory /workdir/hadoop-ozone/integration-test/target/test-dir/MiniOzoneClusterImpl-3cdd9aee-ba37-4d0d-8930-872cb3194007/datanode-2/data/ratis/fe2a9fec-2699-4397-9d66-cde693c87c09] INFO  impl.StateMachineUpdater (StateMachineUpdater.java:stopAndJoin(115)) - StateMachineUpdater:1b138595-92e4-4592-9dfc-2bb97fb4c88b:group-CDE693C87C09: set stopIndex = -1
2019-09-20 04:50:05,983 [1b138595-92e4-4592-9dfc-2bb97fb4c88b-SegmentedRaftLogWorker:Storage Directory /workdir/hadoop-ozone/integration-test/target/test-dir/MiniOzoneClusterImpl-3cdd9aee-ba37-4d0d-8930-872cb3194007/datanode-2/data/ratis/fe2a9fec-2699-4397-9d66-cde693c87c09] INFO  impl.RaftServerImpl (ServerState.java:close(394)) - 1b138595-92e4-4592-9dfc-2bb97fb4c88b:group-CDE693C87C09 closes. The last applied log index is -1
2019-09-20 04:50:05,251 [6a6ac22f-fdb0-4283-a89a-a8bc92b139ca-SegmentedRaftLogWorker:Storage Directory /workdir/hadoop-ozone/integration-test/target/test-dir/MiniOzoneClusterImpl-3cdd9aee-ba37-4d0d-8930-872cb3194007/datanode-4/data/ratis/817c91e9-b62d-41e6-b28a-e8e3cfc48501] INFO  util.JmxRegister (JmxRegister.java:unregister(73)) - Successfully un-registered JMX Bean with object name Ratis:service=RaftServer,group=group-E8E3CFC48501,id=6a6ac22f-fdb0-4283-a89a-a8bc92b139ca
2019-09-20 04:50:05,250 [d5424862-00f5-4f26-882d-9249b213a1ef:group-3F8B1D6B6E4D:LeaderElection148] INFO  impl.RaftServerImpl (ServerState.java:setRaftConf(361)) - d5424862-00f5-4f26-882d-9249b213a1ef:group-3F8B1D6B6E4D set configuration 0: [d5424862-00f5-4f26-882d-9249b213a1ef:192.168.36.79:37251], old=null at 0
2019-09-20 04:50:05,240 [d5424862-00f5-4f26-882d-9249b213a1ef-SegmentedRaftLogWorker:Storage Directory /workdir/hadoop-ozone/integration-test/target/test-dir/MiniOzoneClusterImpl-3cdd9aee-ba37-4d0d-8930-872cb3194007/datanode-5/data/ratis/7e0e9436-2e00-4bb7-bbdf-f8acb03f13ba] ERROR segmented.SegmentedRaftLogWorker (SegmentedRaftLogWorker.java:run(323)) - d5424862-00f5-4f26-882d-9249b213a1ef-SegmentedRaftLogWorker:Storage Directory /workdir/hadoop-ozone/integration-test/target/test-dir/MiniOzoneClusterImpl-3cdd9aee-ba37-4d0d-8930-872cb3194007/datanode-5/data/ratis/7e0e9436-2e00-4bb7-bbdf-f8acb03f13ba hit exception
java.lang.OutOfMemoryError: Direct buffer memory
	at java.nio.Bits.reserveMemory(Bits.java:666)
	at java.nio.DirectByteBuffer.<init>(DirectByteBuffer.java:123)
	at java.nio.ByteBuffer.allocateDirect(ByteBuffer.java:311)
	at org.apache.ratis.server.raftlog.segmented.BufferedWriteChannel.<init>(BufferedWriteChannel.java:41)
	at org.apache.ratis.server.raftlog.segmented.SegmentedRaftLogOutputStream.<init>(SegmentedRaftLogOutputStream.java:72)
	at org.apache.ratis.server.raftlog.segmented.SegmentedRaftLogWorker$StartLogSegment.execute(SegmentedRaftLogWorker.java:566)
	at org.apache.ratis.server.raftlog.segmented.SegmentedRaftLogWorker.run(SegmentedRaftLogWorker.java:289)
	at java.lang.Thread.run(Thread.java:748)
2019-09-20 04:50:05,240 [6a6ac22f-fdb0-4283-a89a-a8bc92b139ca-SegmentedRaftLogWorker:Storage Directory /workdir/hadoop-ozone/integration-test/target/test-dir/MiniOzoneClusterImpl-3cdd9aee-ba37-4d0d-8930-872cb3194007/datanode-4/data/ratis/73bd45a6-c917-40c1-9ff8-282407ed2169] ERROR segmented.SegmentedRaftLogWorker (SegmentedRaftLogWorker.java:run(323)) - 6a6ac22f-fdb0-4283-a89a-a8bc92b139ca-SegmentedRaftLogWorker:Storage Directory /workdir/hadoop-ozone/integration-test/target/test-dir/MiniOzoneClusterImpl-3cdd9aee-ba37-4d0d-8930-872cb3194007/datanode-4/data/ratis/73bd45a6-c917-40c1-9ff8-282407ed2169 hit exception
java.lang.OutOfMemoryError: Direct buffer memory
	at java.nio.Bits.reserveMemory(Bits.java:666)
	at java.nio.DirectByteBuffer.<init>(DirectByteBuffer.java:123)
	at java.nio.ByteBuffer.allocateDirect(ByteBuffer.java:311)
	at org.apache.ratis.server.raftlog.segmented.BufferedWriteChannel.<init>(BufferedWriteChannel.java:41)
	at org.apache.ratis.server.raftlog.segmented.SegmentedRaftLogOutputStream.<init>(SegmentedRaftLogOutputStream.java:72)
	at org.apache.ratis.server.raftlog.segmented.SegmentedRaftLogWorker$StartLogSegment.execute(SegmentedRaftLogWorker.java:566)
	at org.apache.ratis.server.raftlog.segmented.SegmentedRaftLogWorker.run(SegmentedRaftLogWorker.java:289)
	at java.lang.Thread.run(Thread.java:748)
2019-09-20 04:50:05,240 [c9787825-ea51-4014-8feb-b4ee136c6b23-SegmentedRaftLogWorker:Storage Directory /workdir/hadoop-ozone/integration-test/target/test-dir/MiniOzoneClusterImpl-3cdd9aee-ba37-4d0d-8930-872cb3194007/datanode-3/data/ratis/6f6cd205-1b88-4ce7-a2dc-ca37399d5588] ERROR segmented.SegmentedRaftLogWorker (SegmentedRaftLogWorker.java:run(323)) - c9787825-ea51-4014-8feb-b4ee136c6b23-SegmentedRaftLogWorker:Storage Directory /workdir/hadoop-ozone/integration-test/target/test-dir/MiniOzoneClusterImpl-3cdd9aee-ba37-4d0d-8930-872cb3194007/datanode-3/data/ratis/6f6cd205-1b88-4ce7-a2dc-ca37399d5588 hit exception
java.lang.OutOfMemoryError: Direct buffer memory
	at java.nio.Bits.reserveMemory(Bits.java:666)
	at java.nio.DirectByteBuffer.<init>(DirectByteBuffer.java:123)
	at java.nio.ByteBuffer.allocateDirect(ByteBuffer.java:311)
	at org.apache.ratis.server.raftlog.segmented.BufferedWriteChannel.<init>(BufferedWriteChannel.java:41)
	at org.apache.ratis.server.raftlog.segmented.SegmentedRaftLogOutputStream.<init>(SegmentedRaftLogOutputStream.java:72)
	at org.apache.ratis.server.raftlog.segmented.SegmentedRaftLogWorker$StartLogSegment.execute(SegmentedRaftLogWorker.java:566)
	at org.apache.ratis.server.raftlog.segmented.SegmentedRaftLogWorker.run(SegmentedRaftLogWorker.java:289)
	at java.lang.Thread.run(Thread.java:748)
2019-09-20 04:50:05,240 [c9787825-ea51-4014-8feb-b4ee136c6b23-SegmentedRaftLogWorker:Storage Directory /workdir/hadoop-ozone/integration-test/target/test-dir/MiniOzoneClusterImpl-3cdd9aee-ba37-4d0d-8930-872cb3194007/datanode-3/data/ratis/0e7135bf-0c55-45f8-a807-eb6d3e036903] ERROR segmented.SegmentedRaftLogWorker (SegmentedRaftLogWorker.java:run(323)) - c9787825-ea51-4014-8feb-b4ee136c6b23-SegmentedRaftLogWorker:Storage Directory /workdir/hadoop-ozone/integration-test/target/test-dir/MiniOzoneClusterImpl-3cdd9aee-ba37-4d0d-8930-872cb3194007/datanode-3/data/ratis/0e7135bf-0c55-45f8-a807-eb6d3e036903 hit exception
java.lang.OutOfMemoryError: Direct buffer memory
	at java.nio.Bits.reserveMemory(Bits.java:666)
	at java.nio.DirectByteBuffer.<init>(DirectByteBuffer.java:123)
	at java.nio.ByteBuffer.allocateDirect(ByteBuffer.java:311)
	at org.apache.ratis.server.raftlog.segmented.BufferedWriteChannel.<init>(BufferedWriteChannel.java:41)
	at org.apache.ratis.server.raftlog.segmented.SegmentedRaftLogOutputStream.<init>(SegmentedRaftLogOutputStream.java:72)
	at org.apache.ratis.server.raftlog.segmented.SegmentedRaftLogWorker$StartLogSegment.execute(SegmentedRaftLogWorker.java:566)
	at org.apache.ratis.server.raftlog.segmented.SegmentedRaftLogWorker.run(SegmentedRaftLogWorker.java:289)
	at java.lang.Thread.run(Thread.java:748)
2019-09-20 04:50:05,240 [db7872a1-bd52-4e68-8953-a9abbb9642a5-SegmentedRaftLogWorker:Storage Directory /workdir/hadoop-ozone/integration-test/target/test-dir/MiniOzoneClusterImpl-3cdd9aee-ba37-4d0d-8930-872cb3194007/datanode-6/data/ratis/5f6d43f2-5e4e-45ab-9488-cc89e8ad48ee] INFO  impl.RoleInfo (RoleInfo.java:shutdownLeaderState(104)) - db7872a1-bd52-4e68-8953-a9abbb9642a5: shutdown LeaderState
2019-09-20 04:50:04,898 [Thread-1751] INFO  impl.FollowerState (FollowerState.java:run(106)) - d5424862-00f5-4f26-882d-9249b213a1ef:group-D71256FEB5BF changes to CANDIDATE, lastRpcTime:10709, electionTimeout:5051ms
2019-09-20 04:50:04,898 [Thread-1727] INFO  impl.FollowerState (FollowerState.java:run(106)) - c9787825-ea51-4014-8feb-b4ee136c6b23:group-B7EDF4F82E5F changes to CANDIDATE, lastRpcTime:11399, electionTimeout:5092ms
2019-09-20 04:50:05,985 [Thread-1727] INFO  impl.RoleInfo (RoleInfo.java:shutdownFollowerState(121)) - c9787825-ea51-4014-8feb-b4ee136c6b23: shutdown FollowerState
2019-09-20 04:50:04,898 [Thread-1748] INFO  impl.FollowerState (FollowerState.java:run(106)) - 6a6ac22f-fdb0-4283-a89a-a8bc92b139ca:group-CABD14F0921E changes to CANDIDATE, lastRpcTime:10776, electionTimeout:5103ms
2019-09-20 04:50:04,898 [Thread-1730] INFO  impl.FollowerState (FollowerState.java:run(106)) - c9787825-ea51-4014-8feb-b4ee136c6b23:group-9944E062C782 changes to CANDIDATE, lastRpcTime:11283, electionTimeout:5197ms
2019-09-20 04:50:05,985 [Thread-1730] INFO  impl.RoleInfo (RoleInfo.java:shutdownFollowerState(121)) - c9787825-ea51-4014-8feb-b4ee136c6b23: shutdown FollowerState
2019-09-20 04:50:04,869 [db7872a1-bd52-4e68-8953-a9abbb9642a5:group-0963AE15E81A:LeaderElection147] INFO  impl.RaftServerImpl (ServerState.java:setRaftConf(361)) - db7872a1-bd52-4e68-8953-a9abbb9642a5:group-0963AE15E81A set configuration 0: [db7872a1-bd52-4e68-8953-a9abbb9642a5:192.168.36.79:33028], old=null at 0
2019-09-20 04:50:04,568 [d5424862-00f5-4f26-882d-9249b213a1ef-SegmentedRaftLogWorker:Storage Directory /workdir/hadoop-ozone/integration-test/target/test-dir/MiniOzoneClusterImpl-3cdd9aee-ba37-4d0d-8930-872cb3194007/datanode-5/data/ratis/54afeef9-68be-461a-b93c-60367428c822] INFO  impl.RoleInfo (RoleInfo.java:shutdownLeaderState(104)) - d5424862-00f5-4f26-882d-9249b213a1ef: shutdown LeaderState
2019-09-20 04:50:04,568 [1b138595-92e4-4592-9dfc-2bb97fb4c88b:group-C627B1D59489:LeaderElection153] INFO  server.RaftServerConfigKeys (ConfUtils.java:logGet(43)) - raft.server.staging.catchup.gap = 1000 (default)
2019-09-20 04:50:04,567 [Thread-1733] INFO  impl.FollowerState (FollowerState.java:run(106)) - c9787825-ea51-4014-8feb-b4ee136c6b23:group-E608E5F09DD5 changes to CANDIDATE, lastRpcTime:10856, electionTimeout:5021ms
2019-09-20 04:50:05,985 [Thread-1733] INFO  impl.RoleInfo (RoleInfo.java:shutdownFollowerState(121)) - c9787825-ea51-4014-8feb-b4ee136c6b23: shutdown FollowerState
2019-09-20 04:50:04,567 [1b138595-92e4-4592-9dfc-2bb97fb4c88b:group-A36F59DB5EDC:LeaderElection152] INFO  impl.RaftServerImpl (ServerState.java:setLeader(263)) - 1b138595-92e4-4592-9dfc-2bb97fb4c88b:group-A36F59DB5EDC change Leader from null to 1b138595-92e4-4592-9dfc-2bb97fb4c88b at term 1 for becomeLeader, leader elected after 11911ms
2019-09-20 04:50:04,567 [c9787825-ea51-4014-8feb-b4ee136c6b23-SegmentedRaftLogWorker:Storage Directory /workdir/hadoop-ozone/integration-test/target/test-dir/MiniOzoneClusterImpl-3cdd9aee-ba37-4d0d-8930-872cb3194007/datanode-3/data/ratis/b7446d43-d2bd-4ced-9060-f91f2bfa525e] INFO  segmented.SegmentedRaftLogWorker (SegmentedRaftLogWorker.java:close(228)) - c9787825-ea51-4014-8feb-b4ee136c6b23-SegmentedRaftLogWorker:Storage Directory /workdir/hadoop-ozone/integration-test/target/test-dir/MiniOzoneClusterImpl-3cdd9aee-ba37-4d0d-8930-872cb3194007/datanode-3/data/ratis/b7446d43-d2bd-4ced-9060-f91f2bfa525e close()
2019-09-20 04:50:05,986 [1b138595-92e4-4592-9dfc-2bb97fb4c88b:group-A36F59DB5EDC:LeaderElection152] INFO  server.RaftServerConfigKeys (ConfUtils.java:logGet(43)) - raft.server.staging.catchup.gap = 1000 (default)
2019-09-20 04:50:05,985 [Thread-1733] INFO  impl.RaftServerImpl (RaftServerImpl.java:setRole(171)) - c9787825-ea51-4014-8feb-b4ee136c6b23:group-E608E5F09DD5 changes role from FOLLOWER to CANDIDATE at term 0 for changeToCandidate
2019-09-20 04:50:05,985 [1b138595-92e4-4592-9dfc-2bb97fb4c88b:group-C627B1D59489:LeaderElection153] INFO  server.RaftServerConfigKeys (ConfUtils.java:logGet(43)) - raft.server.rpc.sleep.time = 25ms (default)
2019-09-20 04:50:05,985 [d5424862-00f5-4f26-882d-9249b213a1ef-SegmentedRaftLogWorker:Storage Directory /workdir/hadoop-ozone/integration-test/target/test-dir/MiniOzoneClusterImpl-3cdd9aee-ba37-4d0d-8930-872cb3194007/datanode-5/data/ratis/54afeef9-68be-461a-b93c-60367428c822] INFO  impl.PendingRequests (PendingRequests.java:sendNotLeaderResponses(202)) - d5424862-00f5-4f26-882d-9249b213a1ef-PendingRequests: sendNotLeaderResponses
2019-09-20 04:50:05,985 [Thread-1730] INFO  impl.RaftServerImpl (RaftServerImpl.java:setRole(171)) - c9787825-ea51-4014-8feb-b4ee136c6b23:group-9944E062C782 changes role from FOLLOWER to CANDIDATE at term 0 for changeToCandidate
2019-09-20 04:50:05,985 [Thread-1748] INFO  impl.RoleInfo (RoleInfo.java:shutdownFollowerState(121)) - 6a6ac22f-fdb0-4283-a89a-a8bc92b139ca: shutdown FollowerState
2019-09-20 04:50:05,985 [Thread-1727] INFO  impl.RaftServerImpl (RaftServerImpl.java:setRole(171)) - c9787825-ea51-4014-8feb-b4ee136c6b23:group-B7EDF4F82E5F changes role from FOLLOWER to CANDIDATE at term 0 for changeToCandidate
2019-09-20 04:50:05,984 [Thread-1751] INFO  impl.RoleInfo (RoleInfo.java:shutdownFollowerState(121)) - d5424862-00f5-4f26-882d-9249b213a1ef: shutdown FollowerState
2019-09-20 04:50:05,999 [Thread-1751] INFO  impl.RaftServerImpl (RaftServerImpl.java:setRole(171)) - d5424862-00f5-4f26-882d-9249b213a1ef:group-D71256FEB5BF changes role from FOLLOWER to CANDIDATE at term 0 for changeToCandidate
2019-09-20 04:50:05,984 [db7872a1-bd52-4e68-8953-a9abbb9642a5-SegmentedRaftLogWorker:Storage Directory /workdir/hadoop-ozone/integration-test/target/test-dir/MiniOzoneClusterImpl-3cdd9aee-ba37-4d0d-8930-872cb3194007/datanode-6/data/ratis/5f6d43f2-5e4e-45ab-9488-cc89e8ad48ee] INFO  impl.PendingRequests (PendingRequests.java:sendNotLeaderResponses(202)) - db7872a1-bd52-4e68-8953-a9abbb9642a5-PendingRequests: sendNotLeaderResponses
2019-09-20 04:50:05,984 [c9787825-ea51-4014-8feb-b4ee136c6b23-SegmentedRaftLogWorker:Storage Directory /workdir/hadoop-ozone/integration-test/target/test-dir/MiniOzoneClusterImpl-3cdd9aee-ba37-4d0d-8930-872cb3194007/datanode-3/data/ratis/0e7135bf-0c55-45f8-a807-eb6d3e036903] INFO  impl.RaftServerImpl (RaftServerImpl.java:lambda$shutdown$3(245)) - c9787825-ea51-4014-8feb-b4ee136c6b23: shutdown group-EB6D3E036903
2019-09-20 04:50:05,984 [c9787825-ea51-4014-8feb-b4ee136c6b23-SegmentedRaftLogWorker:Storage Directory /workdir/hadoop-ozone/integration-test/target/test-dir/MiniOzoneClusterImpl-3cdd9aee-ba37-4d0d-8930-872cb3194007/datanode-3/data/ratis/6f6cd205-1b88-4ce7-a2dc-ca37399d5588] INFO  impl.RaftServerImpl (RaftServerImpl.java:lambda$shutdown$3(245)) - c9787825-ea51-4014-8feb-b4ee136c6b23: shutdown group-CA37399D5588
2019-09-20 04:50:05,984 [6a6ac22f-fdb0-4283-a89a-a8bc92b139ca-SegmentedRaftLogWorker:Storage Directory /workdir/hadoop-ozone/integration-test/target/test-dir/MiniOzoneClusterImpl-3cdd9aee-ba37-4d0d-8930-872cb3194007/datanode-4/data/ratis/73bd45a6-c917-40c1-9ff8-282407ed2169] INFO  impl.RaftServerImpl (RaftServerImpl.java:lambda$shutdown$3(245)) - 6a6ac22f-fdb0-4283-a89a-a8bc92b139ca: shutdown group-282407ED2169
2019-09-20 04:50:05,984 [d5424862-00f5-4f26-882d-9249b213a1ef-SegmentedRaftLogWorker:Storage Directory /workdir/hadoop-ozone/integration-test/target/test-dir/MiniOzoneClusterImpl-3cdd9aee-ba37-4d0d-8930-872cb3194007/datanode-5/data/ratis/7e0e9436-2e00-4bb7-bbdf-f8acb03f13ba] INFO  impl.RaftServerImpl (RaftServerImpl.java:lambda$shutdown$3(245)) - d5424862-00f5-4f26-882d-9249b213a1ef: shutdown group-F8ACB03F13BA
2019-09-20 04:50:06,000 [d5424862-00f5-4f26-882d-9249b213a1ef-SegmentedRaftLogWorker:Storage Directory /workdir/hadoop-ozone/integration-test/target/test-dir/MiniOzoneClusterImpl-3cdd9aee-ba37-4d0d-8930-872cb3194007/datanode-5/data/ratis/7e0e9436-2e00-4bb7-bbdf-f8acb03f13ba] INFO  util.JmxRegister (JmxRegister.java:unregister(73)) - Successfully un-registered JMX Bean with object name Ratis:service=RaftServer,group=group-F8ACB03F13BA,id=d5424862-00f5-4f26-882d-9249b213a1ef
2019-09-20 04:50:05,983 [6a6ac22f-fdb0-4283-a89a-a8bc92b139ca-SegmentedRaftLogWorker:Storage Directory /workdir/hadoop-ozone/integration-test/target/test-dir/MiniOzoneClusterImpl-3cdd9aee-ba37-4d0d-8930-872cb3194007/datanode-4/data/ratis/817c91e9-b62d-41e6-b28a-e8e3cfc48501] INFO  impl.RoleInfo (RoleInfo.java:shutdownLeaderState(104)) - 6a6ac22f-fdb0-4283-a89a-a8bc92b139ca: shutdown LeaderState
2019-09-20 04:50:05,983 [1b138595-92e4-4592-9dfc-2bb97fb4c88b-SegmentedRaftLogWorker:Storage Directory /workdir/hadoop-ozone/integration-test/target/test-dir/MiniOzoneClusterImpl-3cdd9aee-ba37-4d0d-8930-872cb3194007/datanode-2/data/ratis/fe2a9fec-2699-4397-9d66-cde693c87c09] INFO  segmented.SegmentedRaftLogWorker (SegmentedRaftLogWorker.java:close(228)) - 1b138595-92e4-4592-9dfc-2bb97fb4c88b-SegmentedRaftLogWorker:Storage Directory /workdir/hadoop-ozone/integration-test/target/test-dir/MiniOzoneClusterImpl-3cdd9aee-ba37-4d0d-8930-872cb3194007/datanode-2/data/ratis/fe2a9fec-2699-4397-9d66-cde693c87c09 close()
2019-09-20 04:50:05,983 [Socket Reader #1 for port 46223] INFO  ipc.Server (Server.java:run(1074)) - Starting Socket Reader #1 for port 46223
2019-09-20 04:50:05,976 [37fe2768-1af7-42e7-8542-10b932802b02:group-8EC407F8B4A5:LeaderElection150] INFO  server.RaftServerConfigKeys (ConfUtils.java:logGet(43)) - raft.server.rpc.sleep.time = 25ms (default)
2019-09-20 04:50:05,976 [6a6ac22f-fdb0-4283-a89a-a8bc92b139ca:group-A028E35D4535:LeaderElection145] INFO  impl.RaftServerImpl (ServerState.java:setRaftConf(361)) - 6a6ac22f-fdb0-4283-a89a-a8bc92b139ca:group-A028E35D4535 set configuration 0: [6a6ac22f-fdb0-4283-a89a-a8bc92b139ca:192.168.36.79:45432], old=null at 0
2019-09-20 04:50:05,953 [6a6ac22f-fdb0-4283-a89a-a8bc92b139ca:group-0BB728B7A7C5:LeaderElection141] INFO  impl.RaftServerImpl (ServerState.java:setRaftConf(361)) - 6a6ac22f-fdb0-4283-a89a-a8bc92b139ca:group-0BB728B7A7C5 set configuration 0: [6a6ac22f-fdb0-4283-a89a-a8bc92b139ca:192.168.36.79:45432], old=null at 0
2019-09-20 04:50:05,953 [Thread-1776] WARN  util.JavaUtils (JavaUtils.java:sleep(250)) - Unexpected long sleep: sleep(5079ms) actually took 5599ms which is over the threshold 300ms
2019-09-20 04:50:05,953 [Thread-1760] WARN  util.JavaUtils (JavaUtils.java:sleep(250)) - Unexpected long sleep: sleep(5059ms) actually took 5611ms which is over the threshold 300ms
2019-09-20 04:50:05,647 [d5424862-00f5-4f26-882d-9249b213a1ef:group-41C2231EB3D6:LeaderElection144] INFO  impl.RaftServerImpl (ServerState.java:setRaftConf(361)) - d5424862-00f5-4f26-882d-9249b213a1ef:group-41C2231EB3D6 set configuration 0: [d5424862-00f5-4f26-882d-9249b213a1ef:192.168.36.79:37251], old=null at 0
2019-09-20 04:50:05,261 [37fe2768-1af7-42e7-8542-10b932802b02:group-17508B96C0A6:LeaderElection149] INFO  server.RaftServerConfigKeys (ConfUtils.java:logGet(43)) - raft.server.rpc.sleep.time = 25ms (default)
2019-09-20 04:50:05,261 [37fe2768-1af7-42e7-8542-10b932802b02:group-196F6E90AB1E:LeaderElection151] INFO  impl.RaftServerImpl (ServerState.java:setLeader(263)) - 37fe2768-1af7-42e7-8542-10b932802b02:group-196F6E90AB1E change Leader from null to 37fe2768-1af7-42e7-8542-10b932802b02 at term 1 for becomeLeader, leader elected after 13269ms
2019-09-20 04:50:06,017 [37fe2768-1af7-42e7-8542-10b932802b02:group-17508B96C0A6:LeaderElection149] INFO  server.RaftServerConfigKeys (ConfUtils.java:logGet(43)) - raft.server.write.element-limit = 4096 (default)
2019-09-20 04:50:06,017 [37fe2768-1af7-42e7-8542-10b932802b02:group-8EC407F8B4A5:LeaderElection150] INFO  server.RaftServerConfigKeys (ConfUtils.java:logGet(43)) - raft.server.write.element-limit = 4096 (default)
2019-09-20 04:50:06,000 [6a6ac22f-fdb0-4283-a89a-a8bc92b139ca-SegmentedRaftLogWorker:Storage Directory /workdir/hadoop-ozone/integration-test/target/test-dir/MiniOzoneClusterImpl-3cdd9aee-ba37-4d0d-8930-872cb3194007/datanode-4/data/ratis/817c91e9-b62d-41e6-b28a-e8e3cfc48501] INFO  impl.PendingRequests (PendingRequests.java:sendNotLeaderResponses(202)) - 6a6ac22f-fdb0-4283-a89a-a8bc92b139ca-PendingRequests: sendNotLeaderResponses
2019-09-20 04:50:06,000 [d5424862-00f5-4f26-882d-9249b213a1ef-SegmentedRaftLogWorker:Storage Directory /workdir/hadoop-ozone/integration-test/target/test-dir/MiniOzoneClusterImpl-3cdd9aee-ba37-4d0d-8930-872cb3194007/datanode-5/data/ratis/7e0e9436-2e00-4bb7-bbdf-f8acb03f13ba] INFO  impl.RoleInfo (RoleInfo.java:shutdownLeaderState(104)) - d5424862-00f5-4f26-882d-9249b213a1ef: shutdown LeaderState
2019-09-20 04:50:06,000 [6a6ac22f-fdb0-4283-a89a-a8bc92b139ca-SegmentedRaftLogWorker:Storage Directory /workdir/hadoop-ozone/integration-test/target/test-dir/MiniOzoneClusterImpl-3cdd9aee-ba37-4d0d-8930-872cb3194007/datanode-4/data/ratis/73bd45a6-c917-40c1-9ff8-282407ed2169] INFO  util.JmxRegister (JmxRegister.java:unregister(73)) - Successfully un-registered JMX Bean with object name Ratis:service=RaftServer,group=group-282407ED2169,id=6a6ac22f-fdb0-4283-a89a-a8bc92b139ca
2019-09-20 04:50:06,000 [c9787825-ea51-4014-8feb-b4ee136c6b23-SegmentedRaftLogWorker:Storage Directory /workdir/hadoop-ozone/integration-test/target/test-dir/MiniOzoneClusterImpl-3cdd9aee-ba37-4d0d-8930-872cb3194007/datanode-3/data/ratis/6f6cd205-1b88-4ce7-a2dc-ca37399d5588] INFO  util.JmxRegister (JmxRegister.java:unregister(73)) - Successfully un-registered JMX Bean with object name Ratis:service=RaftServer,group=group-CA37399D5588,id=c9787825-ea51-4014-8feb-b4ee136c6b23
2019-09-20 04:50:06,000 [c9787825-ea51-4014-8feb-b4ee136c6b23-SegmentedRaftLogWorker:Storage Directory /workdir/hadoop-ozone/integration-test/target/test-dir/MiniOzoneClusterImpl-3cdd9aee-ba37-4d0d-8930-872cb3194007/datanode-3/data/ratis/0e7135bf-0c55-45f8-a807-eb6d3e036903] INFO  util.JmxRegister (JmxRegister.java:unregister(73)) - Successfully un-registered JMX Bean with object name Ratis:service=RaftServer,group=group-EB6D3E036903,id=c9787825-ea51-4014-8feb-b4ee136c6b23
2019-09-20 04:50:06,000 [db7872a1-bd52-4e68-8953-a9abbb9642a5-SegmentedRaftLogWorker:Storage Directory /workdir/hadoop-ozone/integration-test/target/test-dir/MiniOzoneClusterImpl-3cdd9aee-ba37-4d0d-8930-872cb3194007/datanode-6/data/ratis/5f6d43f2-5e4e-45ab-9488-cc89e8ad48ee] INFO  impl.StateMachineUpdater (StateMachineUpdater.java:stopAndJoin(115)) - StateMachineUpdater:db7872a1-bd52-4e68-8953-a9abbb9642a5:group-CC89E8AD48EE: set stopIndex = -1
2019-09-20 04:50:05,999 [Thread-1751] INFO  impl.RoleInfo (RoleInfo.java:updateAndGet(143)) - d5424862-00f5-4f26-882d-9249b213a1ef: start LeaderElection
2019-09-20 04:50:05,999 [Thread-1727] INFO  impl.RoleInfo (RoleInfo.java:updateAndGet(143)) - c9787825-ea51-4014-8feb-b4ee136c6b23: start LeaderElection
2019-09-20 04:50:05,999 [Thread-1748] INFO  impl.RaftServerImpl (RaftServerImpl.java:setRole(171)) - 6a6ac22f-fdb0-4283-a89a-a8bc92b139ca:group-CABD14F0921E changes role from FOLLOWER to CANDIDATE at term 0 for changeToCandidate
2019-09-20 04:50:06,019 [Thread-1748] INFO  impl.RoleInfo (RoleInfo.java:updateAndGet(143)) - 6a6ac22f-fdb0-4283-a89a-a8bc92b139ca: start LeaderElection
2019-09-20 04:50:05,999 [Thread-1730] INFO  impl.RoleInfo (RoleInfo.java:updateAndGet(143)) - c9787825-ea51-4014-8feb-b4ee136c6b23: start LeaderElection
2019-09-20 04:50:05,999 [d5424862-00f5-4f26-882d-9249b213a1ef-SegmentedRaftLogWorker:Storage Directory /workdir/hadoop-ozone/integration-test/target/test-dir/MiniOzoneClusterImpl-3cdd9aee-ba37-4d0d-8930-872cb3194007/datanode-5/data/ratis/54afeef9-68be-461a-b93c-60367428c822] INFO  impl.StateMachineUpdater (StateMachineUpdater.java:stopAndJoin(115)) - StateMachineUpdater:d5424862-00f5-4f26-882d-9249b213a1ef:group-60367428C822: set stopIndex = -1
2019-09-20 04:50:05,999 [1b138595-92e4-4592-9dfc-2bb97fb4c88b:group-C627B1D59489:LeaderElection153] INFO  server.RaftServerConfigKeys (ConfUtils.java:logGet(43)) - raft.server.write.element-limit = 4096 (default)
2019-09-20 04:50:05,999 [Thread-1733] INFO  impl.RoleInfo (RoleInfo.java:updateAndGet(143)) - c9787825-ea51-4014-8feb-b4ee136c6b23: start LeaderElection
2019-09-20 04:50:05,999 [1b138595-92e4-4592-9dfc-2bb97fb4c88b:group-A36F59DB5EDC:LeaderElection152] INFO  server.RaftServerConfigKeys (ConfUtils.java:logGet(43)) - raft.server.rpc.sleep.time = 25ms (default)
2019-09-20 04:50:06,019 [1b138595-92e4-4592-9dfc-2bb97fb4c88b:group-C627B1D59489:LeaderElection153] INFO  server.RaftServerConfigKeys (ConfUtils.java:logGet(43)) - raft.server.watch.timeout = 10s (default)
2019-09-20 04:50:06,020 [1b138595-92e4-4592-9dfc-2bb97fb4c88b:group-C627B1D59489:LeaderElection153] INFO  server.RaftServerConfigKeys (ConfUtils.java:logGet(43)) - raft.server.watch.timeout.denomination = 1s (default)
2019-09-20 04:50:06,019 [d5424862-00f5-4f26-882d-9249b213a1ef-SegmentedRaftLogWorker:Storage Directory /workdir/hadoop-ozone/integration-test/target/test-dir/MiniOzoneClusterImpl-3cdd9aee-ba37-4d0d-8930-872cb3194007/datanode-5/data/ratis/54afeef9-68be-461a-b93c-60367428c822] INFO  impl.RaftServerImpl (ServerState.java:close(394)) - d5424862-00f5-4f26-882d-9249b213a1ef:group-60367428C822 closes. The last applied log index is -1
2019-09-20 04:50:06,018 [db7872a1-bd52-4e68-8953-a9abbb9642a5-SegmentedRaftLogWorker:Storage Directory /workdir/hadoop-ozone/integration-test/target/test-dir/MiniOzoneClusterImpl-3cdd9aee-ba37-4d0d-8930-872cb3194007/datanode-6/data/ratis/5f6d43f2-5e4e-45ab-9488-cc89e8ad48ee] INFO  impl.RaftServerImpl (ServerState.java:close(394)) - db7872a1-bd52-4e68-8953-a9abbb9642a5:group-CC89E8AD48EE closes. The last applied log index is -1
2019-09-20 04:50:06,018 [c9787825-ea51-4014-8feb-b4ee136c6b23-SegmentedRaftLogWorker:Storage Directory /workdir/hadoop-ozone/integration-test/target/test-dir/MiniOzoneClusterImpl-3cdd9aee-ba37-4d0d-8930-872cb3194007/datanode-3/data/ratis/0e7135bf-0c55-45f8-a807-eb6d3e036903] INFO  impl.RoleInfo (RoleInfo.java:shutdownLeaderState(104)) - c9787825-ea51-4014-8feb-b4ee136c6b23: shutdown LeaderState
2019-09-20 04:50:06,018 [c9787825-ea51-4014-8feb-b4ee136c6b23-SegmentedRaftLogWorker:Storage Directory /workdir/hadoop-ozone/integration-test/target/test-dir/MiniOzoneClusterImpl-3cdd9aee-ba37-4d0d-8930-872cb3194007/datanode-3/data/ratis/6f6cd205-1b88-4ce7-a2dc-ca37399d5588] INFO  impl.RoleInfo (RoleInfo.java:shutdownLeaderState(104)) - c9787825-ea51-4014-8feb-b4ee136c6b23: shutdown LeaderState
2019-09-20 04:50:06,018 [6a6ac22f-fdb0-4283-a89a-a8bc92b139ca-SegmentedRaftLogWorker:Storage Directory /workdir/hadoop-ozone/integration-test/target/test-dir/MiniOzoneClusterImpl-3cdd9aee-ba37-4d0d-8930-872cb3194007/datanode-4/data/ratis/73bd45a6-c917-40c1-9ff8-282407ed2169] INFO  impl.RoleInfo (RoleInfo.java:shutdownLeaderState(104)) - 6a6ac22f-fdb0-4283-a89a-a8bc92b139ca: shutdown LeaderState
2019-09-20 04:50:06,018 [d5424862-00f5-4f26-882d-9249b213a1ef-SegmentedRaftLogWorker:Storage Directory /workdir/hadoop-ozone/integration-test/target/test-dir/MiniOzoneClusterImpl-3cdd9aee-ba37-4d0d-8930-872cb3194007/datanode-5/data/ratis/7e0e9436-2e00-4bb7-bbdf-f8acb03f13ba] INFO  impl.PendingRequests (PendingRequests.java:sendNotLeaderResponses(202)) - d5424862-00f5-4f26-882d-9249b213a1ef-PendingRequests: sendNotLeaderResponses
2019-09-20 04:50:06,018 [6a6ac22f-fdb0-4283-a89a-a8bc92b139ca-SegmentedRaftLogWorker:Storage Directory /workdir/hadoop-ozone/integration-test/target/test-dir/MiniOzoneClusterImpl-3cdd9aee-ba37-4d0d-8930-872cb3194007/datanode-4/data/ratis/817c91e9-b62d-41e6-b28a-e8e3cfc48501] INFO  impl.StateMachineUpdater (StateMachineUpdater.java:stopAndJoin(115)) - StateMachineUpdater:6a6ac22f-fdb0-4283-a89a-a8bc92b139ca:group-E8E3CFC48501: set stopIndex = -1
2019-09-20 04:50:06,021 [6a6ac22f-fdb0-4283-a89a-a8bc92b139ca-SegmentedRaftLogWorker:Storage Directory /workdir/hadoop-ozone/integration-test/target/test-dir/MiniOzoneClusterImpl-3cdd9aee-ba37-4d0d-8930-872cb3194007/datanode-4/data/ratis/817c91e9-b62d-41e6-b28a-e8e3cfc48501] INFO  impl.RaftServerImpl (ServerState.java:close(394)) - 6a6ac22f-fdb0-4283-a89a-a8bc92b139ca:group-E8E3CFC48501 closes. The last applied log index is -1
2019-09-20 04:50:06,018 [37fe2768-1af7-42e7-8542-10b932802b02:group-8EC407F8B4A5:LeaderElection150] INFO  server.RaftServerConfigKeys (ConfUtils.java:logGet(43)) - raft.server.watch.timeout = 10s (default)
2019-09-20 04:50:06,018 [37fe2768-1af7-42e7-8542-10b932802b02:group-17508B96C0A6:LeaderElection149] INFO  server.RaftServerConfigKeys (ConfUtils.java:logGet(43)) - raft.server.watch.timeout = 10s (default)
2019-09-20 04:50:06,021 [37fe2768-1af7-42e7-8542-10b932802b02:group-17508B96C0A6:LeaderElection149] INFO  server.RaftServerConfigKeys (ConfUtils.java:logGet(43)) - raft.server.watch.timeout.denomination = 1s (default)
2019-09-20 04:50:06,018 [37fe2768-1af7-42e7-8542-10b932802b02:group-196F6E90AB1E:LeaderElection151] INFO  server.RaftServerConfigKeys (ConfUtils.java:logGet(43)) - raft.server.staging.catchup.gap = 1000 (default)
2019-09-20 04:50:06,021 [37fe2768-1af7-42e7-8542-10b932802b02:group-17508B96C0A6:LeaderElection149] INFO  server.RaftServerConfigKeys (ConfUtils.java:logGet(43)) - raft.server.watch.element-limit = 65536 (default)
2019-09-20 04:50:06,021 [37fe2768-1af7-42e7-8542-10b932802b02:group-8EC407F8B4A5:LeaderElection150] INFO  server.RaftServerConfigKeys (ConfUtils.java:logGet(43)) - raft.server.watch.timeout.denomination = 1s (default)
2019-09-20 04:50:06,021 [37fe2768-1af7-42e7-8542-10b932802b02:group-17508B96C0A6:LeaderElection149] INFO  impl.RoleInfo (RoleInfo.java:updateAndGet(143)) - 37fe2768-1af7-42e7-8542-10b932802b02: start LeaderState
2019-09-20 04:50:06,021 [6a6ac22f-fdb0-4283-a89a-a8bc92b139ca-SegmentedRaftLogWorker:Storage Directory /workdir/hadoop-ozone/integration-test/target/test-dir/MiniOzoneClusterImpl-3cdd9aee-ba37-4d0d-8930-872cb3194007/datanode-4/data/ratis/817c91e9-b62d-41e6-b28a-e8e3cfc48501] INFO  segmented.SegmentedRaftLogWorker (SegmentedRaftLogWorker.java:close(228)) - 6a6ac22f-fdb0-4283-a89a-a8bc92b139ca-SegmentedRaftLogWorker:Storage Directory /workdir/hadoop-ozone/integration-test/target/test-dir/MiniOzoneClusterImpl-3cdd9aee-ba37-4d0d-8930-872cb3194007/datanode-4/data/ratis/817c91e9-b62d-41e6-b28a-e8e3cfc48501 close()
2019-09-20 04:50:06,022 [37fe2768-1af7-42e7-8542-10b932802b02:group-17508B96C0A6:LeaderElection149] INFO  segmented.SegmentedRaftLogWorker (SegmentedRaftLogWorker.java:startLogSegment(380)) - 37fe2768-1af7-42e7-8542-10b932802b02-SegmentedRaftLogWorker:Storage Directory /workdir/hadoop-ozone/integration-test/target/test-dir/MiniOzoneClusterImpl-3cdd9aee-ba37-4d0d-8930-872cb3194007/datanode-0/data/ratis/40b7cff8-9a6e-4b10-96e2-17508b96c0a6: Starting segment from index:0
2019-09-20 04:50:06,021 [d5424862-00f5-4f26-882d-9249b213a1ef-SegmentedRaftLogWorker:Storage Directory /workdir/hadoop-ozone/integration-test/target/test-dir/MiniOzoneClusterImpl-3cdd9aee-ba37-4d0d-8930-872cb3194007/datanode-5/data/ratis/7e0e9436-2e00-4bb7-bbdf-f8acb03f13ba] INFO  impl.StateMachineUpdater (StateMachineUpdater.java:stopAndJoin(115)) - StateMachineUpdater:d5424862-00f5-4f26-882d-9249b213a1ef:group-F8ACB03F13BA: set stopIndex = -1
2019-09-20 04:50:06,020 [6a6ac22f-fdb0-4283-a89a-a8bc92b139ca-SegmentedRaftLogWorker:Storage Directory /workdir/hadoop-ozone/integration-test/target/test-dir/MiniOzoneClusterImpl-3cdd9aee-ba37-4d0d-8930-872cb3194007/datanode-4/data/ratis/73bd45a6-c917-40c1-9ff8-282407ed2169] INFO  impl.PendingRequests (PendingRequests.java:sendNotLeaderResponses(202)) - 6a6ac22f-fdb0-4283-a89a-a8bc92b139ca-PendingRequests: sendNotLeaderResponses
2019-09-20 04:50:06,020 [c9787825-ea51-4014-8feb-b4ee136c6b23-SegmentedRaftLogWorker:Storage Directory /workdir/hadoop-ozone/integration-test/target/test-dir/MiniOzoneClusterImpl-3cdd9aee-ba37-4d0d-8930-872cb3194007/datanode-3/data/ratis/6f6cd205-1b88-4ce7-a2dc-ca37399d5588] INFO  impl.PendingRequests (PendingRequests.java:sendNotLeaderResponses(202)) - c9787825-ea51-4014-8feb-b4ee136c6b23-PendingRequests: sendNotLeaderResponses
2019-09-20 04:50:06,020 [c9787825-ea51-4014-8feb-b4ee136c6b23-SegmentedRaftLogWorker:Storage Directory /workdir/hadoop-ozone/integration-test/target/test-dir/MiniOzoneClusterImpl-3cdd9aee-ba37-4d0d-8930-872cb3194007/datanode-3/data/ratis/0e7135bf-0c55-45f8-a807-eb6d3e036903] INFO  impl.PendingRequests (PendingRequests.java:sendNotLeaderResponses(202)) - c9787825-ea51-4014-8feb-b4ee136c6b23-PendingRequests: sendNotLeaderResponses
2019-09-20 04:50:06,020 [db7872a1-bd52-4e68-8953-a9abbb9642a5-SegmentedRaftLogWorker:Storage Directory /workdir/hadoop-ozone/integration-test/target/test-dir/MiniOzoneClusterImpl-3cdd9aee-ba37-4d0d-8930-872cb3194007/datanode-6/data/ratis/5f6d43f2-5e4e-45ab-9488-cc89e8ad48ee] INFO  segmented.SegmentedRaftLogWorker (SegmentedRaftLogWorker.java:close(228)) - db7872a1-bd52-4e68-8953-a9abbb9642a5-SegmentedRaftLogWorker:Storage Directory /workdir/hadoop-ozone/integration-test/target/test-dir/MiniOzoneClusterImpl-3cdd9aee-ba37-4d0d-8930-872cb3194007/datanode-6/data/ratis/5f6d43f2-5e4e-45ab-9488-cc89e8ad48ee close()
2019-09-20 04:50:06,020 [d5424862-00f5-4f26-882d-9249b213a1ef-SegmentedRaftLogWorker:Storage Directory /workdir/hadoop-ozone/integration-test/target/test-dir/MiniOzoneClusterImpl-3cdd9aee-ba37-4d0d-8930-872cb3194007/datanode-5/data/ratis/54afeef9-68be-461a-b93c-60367428c822] INFO  segmented.SegmentedRaftLogWorker (SegmentedRaftLogWorker.java:close(228)) - d5424862-00f5-4f26-882d-9249b213a1ef-SegmentedRaftLogWorker:Storage Directory /workdir/hadoop-ozone/integration-test/target/test-dir/MiniOzoneClusterImpl-3cdd9aee-ba37-4d0d-8930-872cb3194007/datanode-5/data/ratis/54afeef9-68be-461a-b93c-60367428c822 close()
2019-09-20 04:50:06,020 [1b138595-92e4-4592-9dfc-2bb97fb4c88b:group-C627B1D59489:LeaderElection153] INFO  server.RaftServerConfigKeys (ConfUtils.java:logGet(43)) - raft.server.watch.element-limit = 65536 (default)
2019-09-20 04:50:06,020 [1b138595-92e4-4592-9dfc-2bb97fb4c88b:group-A36F59DB5EDC:LeaderElection152] INFO  server.RaftServerConfigKeys (ConfUtils.java:logGet(43)) - raft.server.write.element-limit = 4096 (default)
2019-09-20 04:50:06,427 [1b138595-92e4-4592-9dfc-2bb97fb4c88b:group-C627B1D59489:LeaderElection153] INFO  impl.RoleInfo (RoleInfo.java:updateAndGet(143)) - 1b138595-92e4-4592-9dfc-2bb97fb4c88b: start LeaderState
2019-09-20 04:50:06,421 [c9787825-ea51-4014-8feb-b4ee136c6b23-SegmentedRaftLogWorker:Storage Directory /workdir/hadoop-ozone/integration-test/target/test-dir/MiniOzoneClusterImpl-3cdd9aee-ba37-4d0d-8930-872cb3194007/datanode-3/data/ratis/0e7135bf-0c55-45f8-a807-eb6d3e036903] INFO  impl.StateMachineUpdater (StateMachineUpdater.java:stopAndJoin(115)) - StateMachineUpdater:c9787825-ea51-4014-8feb-b4ee136c6b23:group-EB6D3E036903: set stopIndex = -1
2019-09-20 04:50:06,427 [c9787825-ea51-4014-8feb-b4ee136c6b23-SegmentedRaftLogWorker:Storage Directory /workdir/hadoop-ozone/integration-test/target/test-dir/MiniOzoneClusterImpl-3cdd9aee-ba37-4d0d-8930-872cb3194007/datanode-3/data/ratis/0e7135bf-0c55-45f8-a807-eb6d3e036903] INFO  impl.RaftServerImpl (ServerState.java:close(394)) - c9787825-ea51-4014-8feb-b4ee136c6b23:group-EB6D3E036903 closes. The last applied log index is -1
2019-09-20 04:50:06,414 [37fe2768-1af7-42e7-8542-10b932802b02:group-17508B96C0A6:LeaderElection149] INFO  impl.RaftServerImpl (ServerState.java:setRaftConf(361)) - 37fe2768-1af7-42e7-8542-10b932802b02:group-17508B96C0A6 set configuration 0: [37fe2768-1af7-42e7-8542-10b932802b02:192.168.36.79:41936], old=null at 0
2019-09-20 04:50:06,414 [c9787825-ea51-4014-8feb-b4ee136c6b23-SegmentedRaftLogWorker:Storage Directory /workdir/hadoop-ozone/integration-test/target/test-dir/MiniOzoneClusterImpl-3cdd9aee-ba37-4d0d-8930-872cb3194007/datanode-3/data/ratis/6f6cd205-1b88-4ce7-a2dc-ca37399d5588] INFO  impl.StateMachineUpdater (StateMachineUpdater.java:stopAndJoin(115)) - StateMachineUpdater:c9787825-ea51-4014-8feb-b4ee136c6b23:group-CA37399D5588: set stopIndex = -1
2019-09-20 04:50:06,427 [c9787825-ea51-4014-8feb-b4ee136c6b23-SegmentedRaftLogWorker:Storage Directory /workdir/hadoop-ozone/integration-test/target/test-dir/MiniOzoneClusterImpl-3cdd9aee-ba37-4d0d-8930-872cb3194007/datanode-3/data/ratis/6f6cd205-1b88-4ce7-a2dc-ca37399d5588] INFO  impl.RaftServerImpl (ServerState.java:close(394)) - c9787825-ea51-4014-8feb-b4ee136c6b23:group-CA37399D5588 closes. The last applied log index is -1
2019-09-20 04:50:06,413 [Thread-1787] INFO  impl.FollowerState (FollowerState.java:run(106)) - db7872a1-bd52-4e68-8953-a9abbb9642a5:group-3BEB43121A60 changes to CANDIDATE, lastRpcTime:11138, electionTimeout:5197ms
2019-09-20 04:50:06,427 [c9787825-ea51-4014-8feb-b4ee136c6b23-SegmentedRaftLogWorker:Storage Directory /workdir/hadoop-ozone/integration-test/target/test-dir/MiniOzoneClusterImpl-3cdd9aee-ba37-4d0d-8930-872cb3194007/datanode-3/data/ratis/6f6cd205-1b88-4ce7-a2dc-ca37399d5588] INFO  segmented.SegmentedRaftLogWorker (SegmentedRaftLogWorker.java:close(228)) - c9787825-ea51-4014-8feb-b4ee136c6b23-SegmentedRaftLogWorker:Storage Directory /workdir/hadoop-ozone/integration-test/target/test-dir/MiniOzoneClusterImpl-3cdd9aee-ba37-4d0d-8930-872cb3194007/datanode-3/data/ratis/6f6cd205-1b88-4ce7-a2dc-ca37399d5588 close()
2019-09-20 04:50:06,413 [Thread-1790] INFO  impl.FollowerState (FollowerState.java:run(106)) - db7872a1-bd52-4e68-8953-a9abbb9642a5:group-A8D7CA26A752 changes to CANDIDATE, lastRpcTime:11052, electionTimeout:5165ms
2019-09-20 04:50:06,033 [6a6ac22f-fdb0-4283-a89a-a8bc92b139ca-SegmentedRaftLogWorker:Storage Directory /workdir/hadoop-ozone/integration-test/target/test-dir/MiniOzoneClusterImpl-3cdd9aee-ba37-4d0d-8930-872cb3194007/datanode-4/data/ratis/73bd45a6-c917-40c1-9ff8-282407ed2169] INFO  impl.StateMachineUpdater (StateMachineUpdater.java:stopAndJoin(115)) - StateMachineUpdater:6a6ac22f-fdb0-4283-a89a-a8bc92b139ca:group-282407ED2169: set stopIndex = -1
2019-09-20 04:50:06,452 [6a6ac22f-fdb0-4283-a89a-a8bc92b139ca-SegmentedRaftLogWorker:Storage Directory /workdir/hadoop-ozone/integration-test/target/test-dir/MiniOzoneClusterImpl-3cdd9aee-ba37-4d0d-8930-872cb3194007/datanode-4/data/ratis/73bd45a6-c917-40c1-9ff8-282407ed2169] INFO  impl.RaftServerImpl (ServerState.java:close(394)) - 6a6ac22f-fdb0-4283-a89a-a8bc92b139ca:group-282407ED2169 closes. The last applied log index is -1
2019-09-20 04:50:06,033 [d5424862-00f5-4f26-882d-9249b213a1ef-SegmentedRaftLogWorker:Storage Directory /workdir/hadoop-ozone/integration-test/target/test-dir/MiniOzoneClusterImpl-3cdd9aee-ba37-4d0d-8930-872cb3194007/datanode-5/data/ratis/7e0e9436-2e00-4bb7-bbdf-f8acb03f13ba] INFO  impl.RaftServerImpl (ServerState.java:close(394)) - d5424862-00f5-4f26-882d-9249b213a1ef:group-F8ACB03F13BA closes. The last applied log index is -1
2019-09-20 04:50:06,033 [6a6ac22f-fdb0-4283-a89a-a8bc92b139ca:group-CABD14F0921E:LeaderElection158] INFO  impl.LeaderElection (LeaderElection.java:askForVotes(181)) - 6a6ac22f-fdb0-4283-a89a-a8bc92b139ca:group-CABD14F0921E:LeaderElection158: begin an election at term 1 for -1: [6a6ac22f-fdb0-4283-a89a-a8bc92b139ca:192.168.36.79:45432], old=null
2019-09-20 04:50:06,033 [c9787825-ea51-4014-8feb-b4ee136c6b23:group-9944E062C782:LeaderElection155] INFO  impl.LeaderElection (LeaderElection.java:askForVotes(181)) - c9787825-ea51-4014-8feb-b4ee136c6b23:group-9944E062C782:LeaderElection155: begin an election at term 1 for -1: [c9787825-ea51-4014-8feb-b4ee136c6b23:192.168.36.79:40747], old=null
2019-09-20 04:50:06,452 [c9787825-ea51-4014-8feb-b4ee136c6b23:group-9944E062C782:LeaderElection155] INFO  impl.RoleInfo (RoleInfo.java:shutdownLeaderElection(134)) - c9787825-ea51-4014-8feb-b4ee136c6b23: shutdown LeaderElection
2019-09-20 04:50:06,033 [c9787825-ea51-4014-8feb-b4ee136c6b23:group-B7EDF4F82E5F:LeaderElection156] INFO  impl.LeaderElection (LeaderElection.java:askForVotes(181)) - c9787825-ea51-4014-8feb-b4ee136c6b23:group-B7EDF4F82E5F:LeaderElection156: begin an election at term 1 for -1: [c9787825-ea51-4014-8feb-b4ee136c6b23:192.168.36.79:40747], old=null
2019-09-20 04:50:06,033 [c9787825-ea51-4014-8feb-b4ee136c6b23:group-E608E5F09DD5:LeaderElection154] INFO  impl.LeaderElection (LeaderElection.java:askForVotes(181)) - c9787825-ea51-4014-8feb-b4ee136c6b23:group-E608E5F09DD5:LeaderElection154: begin an election at term 1 for -1: [c9787825-ea51-4014-8feb-b4ee136c6b23:192.168.36.79:40747], old=null
2019-09-20 04:50:06,033 [d5424862-00f5-4f26-882d-9249b213a1ef:group-D71256FEB5BF:LeaderElection157] INFO  impl.LeaderElection (LeaderElection.java:askForVotes(181)) - d5424862-00f5-4f26-882d-9249b213a1ef:group-D71256FEB5BF:LeaderElection157: begin an election at term 1 for -1: [d5424862-00f5-4f26-882d-9249b213a1ef:192.168.36.79:37251], old=null
2019-09-20 04:50:06,021 [37fe2768-1af7-42e7-8542-10b932802b02:group-8EC407F8B4A5:LeaderElection150] INFO  server.RaftServerConfigKeys (ConfUtils.java:logGet(43)) - raft.server.watch.element-limit = 65536 (default)
2019-09-20 04:50:06,021 [37fe2768-1af7-42e7-8542-10b932802b02:group-196F6E90AB1E:LeaderElection151] INFO  server.RaftServerConfigKeys (ConfUtils.java:logGet(43)) - raft.server.rpc.sleep.time = 25ms (default)
2019-09-20 04:50:06,453 [37fe2768-1af7-42e7-8542-10b932802b02:group-8EC407F8B4A5:LeaderElection150] INFO  impl.RoleInfo (RoleInfo.java:updateAndGet(143)) - 37fe2768-1af7-42e7-8542-10b932802b02: start LeaderState
2019-09-20 04:50:06,453 [d5424862-00f5-4f26-882d-9249b213a1ef:group-D71256FEB5BF:LeaderElection157] INFO  impl.RoleInfo (RoleInfo.java:shutdownLeaderElection(134)) - d5424862-00f5-4f26-882d-9249b213a1ef: shutdown LeaderElection
2019-09-20 04:50:06,453 [c9787825-ea51-4014-8feb-b4ee136c6b23:group-E608E5F09DD5:LeaderElection154] INFO  impl.RoleInfo (RoleInfo.java:shutdownLeaderElection(134)) - c9787825-ea51-4014-8feb-b4ee136c6b23: shutdown LeaderElection
2019-09-20 04:50:06,452 [c9787825-ea51-4014-8feb-b4ee136c6b23:group-B7EDF4F82E5F:LeaderElection156] INFO  impl.RoleInfo (RoleInfo.java:shutdownLeaderElection(134)) - c9787825-ea51-4014-8feb-b4ee136c6b23: shutdown LeaderElection
2019-09-20 04:50:06,452 [c9787825-ea51-4014-8feb-b4ee136c6b23:group-9944E062C782:LeaderElection155] INFO  impl.RaftServerImpl (RaftServerImpl.java:setRole(171)) - c9787825-ea51-4014-8feb-b4ee136c6b23:group-9944E062C782 changes role from CANDIDATE to LEADER at term 1 for changeToLeader
2019-09-20 04:50:06,452 [6a6ac22f-fdb0-4283-a89a-a8bc92b139ca:group-CABD14F0921E:LeaderElection158] INFO  impl.RoleInfo (RoleInfo.java:shutdownLeaderElection(134)) - 6a6ac22f-fdb0-4283-a89a-a8bc92b139ca: shutdown LeaderElection
2019-09-20 04:50:06,452 [d5424862-00f5-4f26-882d-9249b213a1ef-SegmentedRaftLogWorker:Storage Directory /workdir/hadoop-ozone/integration-test/target/test-dir/MiniOzoneClusterImpl-3cdd9aee-ba37-4d0d-8930-872cb3194007/datanode-5/data/ratis/7e0e9436-2e00-4bb7-bbdf-f8acb03f13ba] INFO  segmented.SegmentedRaftLogWorker (SegmentedRaftLogWorker.java:close(228)) - d5424862-00f5-4f26-882d-9249b213a1ef-SegmentedRaftLogWorker:Storage Directory /workdir/hadoop-ozone/integration-test/target/test-dir/MiniOzoneClusterImpl-3cdd9aee-ba37-4d0d-8930-872cb3194007/datanode-5/data/ratis/7e0e9436-2e00-4bb7-bbdf-f8acb03f13ba close()
2019-09-20 04:50:06,452 [6a6ac22f-fdb0-4283-a89a-a8bc92b139ca-SegmentedRaftLogWorker:Storage Directory /workdir/hadoop-ozone/integration-test/target/test-dir/MiniOzoneClusterImpl-3cdd9aee-ba37-4d0d-8930-872cb3194007/datanode-4/data/ratis/73bd45a6-c917-40c1-9ff8-282407ed2169] INFO  segmented.SegmentedRaftLogWorker (SegmentedRaftLogWorker.java:close(228)) - 6a6ac22f-fdb0-4283-a89a-a8bc92b139ca-SegmentedRaftLogWorker:Storage Directory /workdir/hadoop-ozone/integration-test/target/test-dir/MiniOzoneClusterImpl-3cdd9aee-ba37-4d0d-8930-872cb3194007/datanode-4/data/ratis/73bd45a6-c917-40c1-9ff8-282407ed2169 close()
2019-09-20 04:50:06,452 [main] INFO  om.OzoneManager (OzoneManager.java:start(1256)) - OzoneManager RPC server is listening at localhost/127.0.0.1:46223
2019-09-20 04:50:06,444 [Thread-1790] INFO  impl.RoleInfo (RoleInfo.java:shutdownFollowerState(121)) - db7872a1-bd52-4e68-8953-a9abbb9642a5: shutdown FollowerState
2019-09-20 04:50:06,427 [Thread-1787] INFO  impl.RoleInfo (RoleInfo.java:shutdownFollowerState(121)) - db7872a1-bd52-4e68-8953-a9abbb9642a5: shutdown FollowerState
2019-09-20 04:50:06,427 [c9787825-ea51-4014-8feb-b4ee136c6b23-SegmentedRaftLogWorker:Storage Directory /workdir/hadoop-ozone/integration-test/target/test-dir/MiniOzoneClusterImpl-3cdd9aee-ba37-4d0d-8930-872cb3194007/datanode-3/data/ratis/0e7135bf-0c55-45f8-a807-eb6d3e036903] INFO  segmented.SegmentedRaftLogWorker (SegmentedRaftLogWorker.java:close(228)) - c9787825-ea51-4014-8feb-b4ee136c6b23-SegmentedRaftLogWorker:Storage Directory /workdir/hadoop-ozone/integration-test/target/test-dir/MiniOzoneClusterImpl-3cdd9aee-ba37-4d0d-8930-872cb3194007/datanode-3/data/ratis/0e7135bf-0c55-45f8-a807-eb6d3e036903 close()
2019-09-20 04:50:06,427 [1b138595-92e4-4592-9dfc-2bb97fb4c88b:group-C627B1D59489:LeaderElection153] INFO  segmented.SegmentedRaftLogWorker (SegmentedRaftLogWorker.java:startLogSegment(380)) - 1b138595-92e4-4592-9dfc-2bb97fb4c88b-SegmentedRaftLogWorker:Storage Directory /workdir/hadoop-ozone/integration-test/target/test-dir/MiniOzoneClusterImpl-3cdd9aee-ba37-4d0d-8930-872cb3194007/datanode-2/data/ratis/e179521c-1528-4d71-a925-c627b1d59489: Starting segment from index:0
2019-09-20 04:50:06,427 [1b138595-92e4-4592-9dfc-2bb97fb4c88b:group-A36F59DB5EDC:LeaderElection152] INFO  server.RaftServerConfigKeys (ConfUtils.java:logGet(43)) - raft.server.watch.timeout = 10s (default)
2019-09-20 04:50:06,476 [Thread-1787] INFO  impl.RaftServerImpl (RaftServerImpl.java:setRole(171)) - db7872a1-bd52-4e68-8953-a9abbb9642a5:group-3BEB43121A60 changes role from FOLLOWER to CANDIDATE at term 0 for changeToCandidate
2019-09-20 04:50:06,486 [Thread-1787] INFO  impl.RoleInfo (RoleInfo.java:updateAndGet(143)) - db7872a1-bd52-4e68-8953-a9abbb9642a5: start LeaderElection
2019-09-20 04:50:06,476 [Thread-1790] INFO  impl.RaftServerImpl (RaftServerImpl.java:setRole(171)) - db7872a1-bd52-4e68-8953-a9abbb9642a5:group-A8D7CA26A752 changes role from FOLLOWER to CANDIDATE at term 0 for changeToCandidate
2019-09-20 04:50:06,476 [main] INFO  impl.MetricsSystemImpl (MetricsSystemImpl.java:init(158)) - OzoneManager metrics system started (again)
2019-09-20 04:50:06,453 [6a6ac22f-fdb0-4283-a89a-a8bc92b139ca:group-CABD14F0921E:LeaderElection158] INFO  impl.RaftServerImpl (RaftServerImpl.java:setRole(171)) - 6a6ac22f-fdb0-4283-a89a-a8bc92b139ca:group-CABD14F0921E changes role from CANDIDATE to LEADER at term 1 for changeToLeader
2019-09-20 04:50:06,453 [c9787825-ea51-4014-8feb-b4ee136c6b23:group-9944E062C782:LeaderElection155] INFO  impl.RaftServerImpl (ServerState.java:setLeader(263)) - c9787825-ea51-4014-8feb-b4ee136c6b23:group-9944E062C782 change Leader from null to c9787825-ea51-4014-8feb-b4ee136c6b23 at term 1 for becomeLeader, leader elected after 12842ms
2019-09-20 04:50:06,453 [c9787825-ea51-4014-8feb-b4ee136c6b23:group-B7EDF4F82E5F:LeaderElection156] INFO  impl.RaftServerImpl (RaftServerImpl.java:setRole(171)) - c9787825-ea51-4014-8feb-b4ee136c6b23:group-B7EDF4F82E5F changes role from CANDIDATE to LEADER at term 1 for changeToLeader
2019-09-20 04:50:06,453 [c9787825-ea51-4014-8feb-b4ee136c6b23:group-E608E5F09DD5:LeaderElection154] INFO  impl.RaftServerImpl (RaftServerImpl.java:setRole(171)) - c9787825-ea51-4014-8feb-b4ee136c6b23:group-E608E5F09DD5 changes role from CANDIDATE to LEADER at term 1 for changeToLeader
2019-09-20 04:50:06,453 [37fe2768-1af7-42e7-8542-10b932802b02:group-8EC407F8B4A5:LeaderElection150] INFO  segmented.SegmentedRaftLogWorker (SegmentedRaftLogWorker.java:startLogSegment(380)) - 37fe2768-1af7-42e7-8542-10b932802b02-SegmentedRaftLogWorker:Storage Directory /workdir/hadoop-ozone/integration-test/target/test-dir/MiniOzoneClusterImpl-3cdd9aee-ba37-4d0d-8930-872cb3194007/datanode-0/data/ratis/e4953fae-4189-42ad-b819-8ec407f8b4a5: Starting segment from index:0
2019-09-20 04:50:06,453 [d5424862-00f5-4f26-882d-9249b213a1ef:group-D71256FEB5BF:LeaderElection157] INFO  impl.RaftServerImpl (RaftServerImpl.java:setRole(171)) - d5424862-00f5-4f26-882d-9249b213a1ef:group-D71256FEB5BF changes role from CANDIDATE to LEADER at term 1 for changeToLeader
2019-09-20 04:50:06,453 [37fe2768-1af7-42e7-8542-10b932802b02:group-196F6E90AB1E:LeaderElection151] INFO  server.RaftServerConfigKeys (ConfUtils.java:logGet(43)) - raft.server.write.element-limit = 4096 (default)
2019-09-20 04:50:06,849 [d5424862-00f5-4f26-882d-9249b213a1ef:group-D71256FEB5BF:LeaderElection157] INFO  impl.RaftServerImpl (ServerState.java:setLeader(263)) - d5424862-00f5-4f26-882d-9249b213a1ef:group-D71256FEB5BF change Leader from null to d5424862-00f5-4f26-882d-9249b213a1ef at term 1 for becomeLeader, leader elected after 12663ms
2019-09-20 04:50:06,849 [37fe2768-1af7-42e7-8542-10b932802b02:group-8EC407F8B4A5:LeaderElection150] INFO  impl.RaftServerImpl (ServerState.java:setRaftConf(361)) - 37fe2768-1af7-42e7-8542-10b932802b02:group-8EC407F8B4A5 set configuration 0: [37fe2768-1af7-42e7-8542-10b932802b02:192.168.36.79:41936], old=null at 0
2019-09-20 04:50:06,849 [IPC Server listener on 46223] INFO  ipc.Server (Server.java:run(1153)) - IPC Server listener on 46223: starting
2019-09-20 04:50:07,132 | INFO  | SCMAudit | user=jenkins1000 | ip=192.168.36.79 | op=SEND_HEARTBEAT {datanodeUUID=db7872a1-bd52-4e68-8953-a9abbb9642a5, command=[]} | ret=SUCCESS |  
2019-09-20 04:50:07,132 | INFO  | SCMAudit | user=jenkins1000 | ip=192.168.36.79 | op=SEND_HEARTBEAT {datanodeUUID=d5424862-00f5-4f26-882d-9249b213a1ef, command=[]} | ret=SUCCESS |  
2019-09-20 04:50:07,132 | INFO  | SCMAudit | user=jenkins1000 | ip=192.168.36.79 | op=SEND_HEARTBEAT {datanodeUUID=1b138595-92e4-4592-9dfc-2bb97fb4c88b, command=[]} | ret=SUCCESS |  
2019-09-20 04:50:07,132 | INFO  | SCMAudit | user=jenkins1000 | ip=192.168.36.79 | op=SEND_HEARTBEAT {datanodeUUID=c9787825-ea51-4014-8feb-b4ee136c6b23, command=[]} | ret=SUCCESS |  
2019-09-20 04:50:07,133 | INFO  | SCMAudit | user=jenkins1000 | ip=192.168.36.79 | op=SEND_HEARTBEAT {datanodeUUID=6a6ac22f-fdb0-4283-a89a-a8bc92b139ca, command=[]} | ret=SUCCESS |  
2019-09-20 04:50:07,133 | INFO  | SCMAudit | user=jenkins1000 | ip=192.168.36.79 | op=SEND_HEARTBEAT {datanodeUUID=c82e94d7-3693-4569-94b0-cf8ff008d5c0, command=[]} | ret=SUCCESS |  
2019-09-20 04:50:07,133 | INFO  | SCMAudit | user=jenkins1000 | ip=192.168.36.79 | op=SEND_HEARTBEAT {datanodeUUID=8538cd65-7926-426b-8bad-fbd0f0550f9a, command=[]} | ret=SUCCESS |  
2019-09-20 04:50:07,133 | INFO  | SCMAudit | user=jenkins1000 | ip=192.168.36.79 | op=SEND_HEARTBEAT {datanodeUUID=5ea19b84-5385-4ae9-8412-c4cfa929b172, command=[]} | ret=SUCCESS |  
2019-09-20 04:50:07,134 | INFO  | SCMAudit | user=jenkins1000 | ip=192.168.36.79 | op=SEND_HEARTBEAT {datanodeUUID=a9bc59c4-b792-48d5-9db2-4e71770477b1, command=[]} | ret=SUCCESS |  
2019-09-20 04:50:07,134 | INFO  | SCMAudit | user=jenkins1000 | ip=192.168.36.79 | op=SEND_HEARTBEAT {datanodeUUID=68a93ad8-b6a8-44e1-8a9f-45fcc58d229a, command=[]} | ret=SUCCESS |  
2019-09-20 04:50:07,136 | INFO  | SCMAudit | user=jenkins1000 | ip=192.168.36.79 | op=SEND_HEARTBEAT {datanodeUUID=37fe2768-1af7-42e7-8542-10b932802b02, command=[]} | ret=SUCCESS |  
2019-09-20 04:50:07,136 | INFO  | SCMAudit | user=jenkins1000 | ip=192.168.36.79 | op=SEND_HEARTBEAT {datanodeUUID=0ad3f89e-804f-4845-89c5-5ff1a35a5dda, command=[]} | ret=SUCCESS |  
2019-09-20 04:50:07,137 | INFO  | SCMAudit | user=jenkins1000 | ip=192.168.36.79 | op=SEND_HEARTBEAT {datanodeUUID=42fc6e92-fcdd-4827-b621-9fc58a3d2315, command=[]} | ret=SUCCESS |  
2019-09-20 04:50:07,137 | INFO  | SCMAudit | user=jenkins1000 | ip=192.168.36.79 | op=SEND_HEARTBEAT {datanodeUUID=2702b462-69d8-4c1b-aae1-091a21fe08b8, command=[]} | ret=SUCCESS |  
2019-09-20 04:50:07,137 | INFO  | SCMAudit | user=jenkins1000 | ip=192.168.36.79 | op=SEND_HEARTBEAT {datanodeUUID=fdbc37f2-9e58-4bac-a5d5-a78839d012e9, command=[]} | ret=SUCCESS |  
2019-09-20 04:50:07,137 | INFO  | SCMAudit | user=jenkins1000 | ip=192.168.36.79 | op=SEND_HEARTBEAT {datanodeUUID=8d97392c-5f4b-400a-94a1-fb61a3ebbc99, command=[]} | ret=SUCCESS |  
2019-09-20 04:50:07,137 | INFO  | SCMAudit | user=jenkins1000 | ip=192.168.36.79 | op=SEND_HEARTBEAT {datanodeUUID=3c2a6bfe-f5c5-4e23-89b0-850dab17697d, command=[]} | ret=SUCCESS |  
2019-09-20 04:50:07,137 | INFO  | SCMAudit | user=jenkins1000 | ip=192.168.36.79 | op=SEND_HEARTBEAT {datanodeUUID=dba845b8-ea76-4e09-ab03-0883d354e493, command=[]} | ret=SUCCESS |  
2019-09-20 04:50:07,137 | INFO  | SCMAudit | user=jenkins1000 | ip=192.168.36.79 | op=SEND_HEARTBEAT {datanodeUUID=eaf3ecbe-c3b1-4969-ad3a-e4de7fb04f81, command=[]} | ret=SUCCESS |  
2019-09-20 04:50:07,137 | INFO  | SCMAudit | user=jenkins1000 | ip=192.168.36.79 | op=SEND_HEARTBEAT {datanodeUUID=236eed40-dd97-4fdc-a0ae-ab99685a426b, command=[]} | ret=SUCCESS |  
2019-09-20 04:50:07,137 | INFO  | SCMAudit | user=jenkins1000 | ip=192.168.36.79 | op=SEND_HEARTBEAT {datanodeUUID=1d91ad97-6666-4ee7-855a-8b5e944e7401, command=[]} | ret=SUCCESS |  
2019-09-20 04:50:07,137 | INFO  | SCMAudit | user=jenkins1000 | ip=192.168.36.79 | op=SEND_HEARTBEAT {datanodeUUID=eb30d72f-c0a8-4ecb-bfee-9120a9a6cddf, command=[]} | ret=SUCCESS |  
2019-09-20 04:50:07,137 | INFO  | SCMAudit | user=jenkins1000 | ip=192.168.36.79 | op=SEND_HEARTBEAT {datanodeUUID=ea71b9af-1075-4196-9693-aa14e10f536d, command=[]} | ret=SUCCESS |  
2019-09-20 04:50:07,137 | INFO  | SCMAudit | user=jenkins1000 | ip=192.168.36.79 | op=SEND_HEARTBEAT {datanodeUUID=2d6465ef-cffa-473a-a4c6-a9aa3f1a26c0, command=[]} | ret=SUCCESS |  
2019-09-20 04:50:07,137 | INFO  | SCMAudit | user=jenkins1000 | ip=192.168.36.79 | op=SEND_HEARTBEAT {datanodeUUID=c4f6294c-eda3-4afd-81f7-e69ed14da69f, command=[]} | ret=SUCCESS |  
2019-09-20 04:50:07,137 | INFO  | SCMAudit | user=jenkins1000 | ip=192.168.36.79 | op=SEND_HEARTBEAT {datanodeUUID=ba95d636-ac34-4b74-a102-dec8d0f377c6, command=[]} | ret=SUCCESS |  
2019-09-20 04:50:07,137 | INFO  | SCMAudit | user=jenkins1000 | ip=192.168.36.79 | op=SEND_HEARTBEAT {datanodeUUID=bd1a845e-f2ed-4713-9516-9ccc20139040, command=[]} | ret=SUCCESS |  
2019-09-20 04:50:07,138 | INFO  | SCMAudit | user=jenkins1000 | ip=192.168.36.79 | op=SEND_HEARTBEAT {datanodeUUID=f4e549ee-a6fa-4eb9-8541-129d0566fdf5, command=[]} | ret=SUCCESS |  
2019-09-20 04:50:06,849 [IPC Server Responder] INFO  ipc.Server (Server.java:run(1314)) - IPC Server Responder: starting
2019-09-20 04:50:06,849 [c9787825-ea51-4014-8feb-b4ee136c6b23:group-E608E5F09DD5:LeaderElection154] INFO  impl.RaftServerImpl (ServerState.java:setLeader(263)) - c9787825-ea51-4014-8feb-b4ee136c6b23:group-E608E5F09DD5 change Leader from null to c9787825-ea51-4014-8feb-b4ee136c6b23 at term 1 for becomeLeader, leader elected after 13141ms
2019-09-20 04:50:06,849 [c9787825-ea51-4014-8feb-b4ee136c6b23:group-B7EDF4F82E5F:LeaderElection156] INFO  impl.RaftServerImpl (ServerState.java:setLeader(263)) - c9787825-ea51-4014-8feb-b4ee136c6b23:group-B7EDF4F82E5F change Leader from null to c9787825-ea51-4014-8feb-b4ee136c6b23 at term 1 for becomeLeader, leader elected after 13353ms
2019-09-20 04:50:06,848 [c9787825-ea51-4014-8feb-b4ee136c6b23:group-9944E062C782:LeaderElection155] INFO  server.RaftServerConfigKeys (ConfUtils.java:logGet(43)) - raft.server.staging.catchup.gap = 1000 (default)
2019-09-20 04:50:06,848 [6a6ac22f-fdb0-4283-a89a-a8bc92b139ca:group-CABD14F0921E:LeaderElection158] INFO  impl.RaftServerImpl (ServerState.java:setLeader(263)) - 6a6ac22f-fdb0-4283-a89a-a8bc92b139ca:group-CABD14F0921E change Leader from null to 6a6ac22f-fdb0-4283-a89a-a8bc92b139ca at term 1 for becomeLeader, leader elected after 12730ms
2019-09-20 04:50:06,848 [Thread-1790] INFO  impl.RoleInfo (RoleInfo.java:updateAndGet(143)) - db7872a1-bd52-4e68-8953-a9abbb9642a5: start LeaderElection
2019-09-20 04:50:06,848 [db7872a1-bd52-4e68-8953-a9abbb9642a5-SegmentedRaftLogWorker:Storage Directory /workdir/hadoop-ozone/integration-test/target/test-dir/MiniOzoneClusterImpl-3cdd9aee-ba37-4d0d-8930-872cb3194007/datanode-6/data/ratis/6063d1c0-73b7-4e82-90cb-6ec0f30eea5f] ERROR segmented.SegmentedRaftLogWorker (SegmentedRaftLogWorker.java:run(323)) - db7872a1-bd52-4e68-8953-a9abbb9642a5-SegmentedRaftLogWorker:Storage Directory /workdir/hadoop-ozone/integration-test/target/test-dir/MiniOzoneClusterImpl-3cdd9aee-ba37-4d0d-8930-872cb3194007/datanode-6/data/ratis/6063d1c0-73b7-4e82-90cb-6ec0f30eea5f hit exception
java.lang.OutOfMemoryError: Direct buffer memory
	at java.nio.Bits.reserveMemory(Bits.java:666)
	at java.nio.DirectByteBuffer.<init>(DirectByteBuffer.java:123)
	at java.nio.ByteBuffer.allocateDirect(ByteBuffer.java:311)
	at org.apache.ratis.server.raftlog.segmented.BufferedWriteChannel.<init>(BufferedWriteChannel.java:41)
	at org.apache.ratis.server.raftlog.segmented.SegmentedRaftLogOutputStream.<init>(SegmentedRaftLogOutputStream.java:72)
	at org.apache.ratis.server.raftlog.segmented.SegmentedRaftLogWorker$StartLogSegment.execute(SegmentedRaftLogWorker.java:566)
	at org.apache.ratis.server.raftlog.segmented.SegmentedRaftLogWorker.run(SegmentedRaftLogWorker.java:289)
	at java.lang.Thread.run(Thread.java:748)
2019-09-20 04:50:06,848 [db7872a1-bd52-4e68-8953-a9abbb9642a5-SegmentedRaftLogWorker:Storage Directory /workdir/hadoop-ozone/integration-test/target/test-dir/MiniOzoneClusterImpl-3cdd9aee-ba37-4d0d-8930-872cb3194007/datanode-6/data/ratis/e4feea08-f97b-4907-87e8-30fc7a2825f2] ERROR segmented.SegmentedRaftLogWorker (SegmentedRaftLogWorker.java:run(323)) - db7872a1-bd52-4e68-8953-a9abbb9642a5-SegmentedRaftLogWorker:Storage Directory /workdir/hadoop-ozone/integration-test/target/test-dir/MiniOzoneClusterImpl-3cdd9aee-ba37-4d0d-8930-872cb3194007/datanode-6/data/ratis/e4feea08-f97b-4907-87e8-30fc7a2825f2 hit exception
java.lang.OutOfMemoryError: Direct buffer memory
	at java.nio.Bits.reserveMemory(Bits.java:666)
	at java.nio.DirectByteBuffer.<init>(DirectByteBuffer.java:123)
	at java.nio.ByteBuffer.allocateDirect(ByteBuffer.java:311)
	at org.apache.ratis.server.raftlog.segmented.BufferedWriteChannel.<init>(BufferedWriteChannel.java:41)
	at org.apache.ratis.server.raftlog.segmented.SegmentedRaftLogOutputStream.<init>(SegmentedRaftLogOutputStream.java:72)
	at org.apache.ratis.server.raftlog.segmented.SegmentedRaftLogWorker$StartLogSegment.execute(SegmentedRaftLogWorker.java:566)
	at org.apache.ratis.server.raftlog.segmented.SegmentedRaftLogWorker.run(SegmentedRaftLogWorker.java:289)
	at java.lang.Thread.run(Thread.java:748)
2019-09-20 04:50:06,486 [1b138595-92e4-4592-9dfc-2bb97fb4c88b:group-C627B1D59489:LeaderElection153] INFO  impl.RaftServerImpl (ServerState.java:setRaftConf(361)) - 1b138595-92e4-4592-9dfc-2bb97fb4c88b:group-C627B1D59489 set configuration 0: [1b138595-92e4-4592-9dfc-2bb97fb4c88b:192.168.36.79:46597], old=null at 0
2019-09-20 04:50:06,486 [1b138595-92e4-4592-9dfc-2bb97fb4c88b:group-A36F59DB5EDC:LeaderElection152] INFO  server.RaftServerConfigKeys (ConfUtils.java:logGet(43)) - raft.server.watch.timeout.denomination = 1s (default)
2019-09-20 04:50:07,157 [db7872a1-bd52-4e68-8953-a9abbb9642a5-SegmentedRaftLogWorker:Storage Directory /workdir/hadoop-ozone/integration-test/target/test-dir/MiniOzoneClusterImpl-3cdd9aee-ba37-4d0d-8930-872cb3194007/datanode-6/data/ratis/e4feea08-f97b-4907-87e8-30fc7a2825f2] INFO  impl.RaftServerImpl (RaftServerImpl.java:lambda$shutdown$3(245)) - db7872a1-bd52-4e68-8953-a9abbb9642a5: shutdown group-30FC7A2825F2
2019-09-20 04:50:07,157 [db7872a1-bd52-4e68-8953-a9abbb9642a5-SegmentedRaftLogWorker:Storage Directory /workdir/hadoop-ozone/integration-test/target/test-dir/MiniOzoneClusterImpl-3cdd9aee-ba37-4d0d-8930-872cb3194007/datanode-6/data/ratis/6063d1c0-73b7-4e82-90cb-6ec0f30eea5f] INFO  impl.RaftServerImpl (RaftServerImpl.java:lambda$shutdown$3(245)) - db7872a1-bd52-4e68-8953-a9abbb9642a5: shutdown group-6EC0F30EEA5F
2019-09-20 04:50:07,157 [6a6ac22f-fdb0-4283-a89a-a8bc92b139ca:group-CABD14F0921E:LeaderElection158] INFO  server.RaftServerConfigKeys (ConfUtils.java:logGet(43)) - raft.server.staging.catchup.gap = 1000 (default)
2019-09-20 04:50:07,157 [c9787825-ea51-4014-8feb-b4ee136c6b23:group-9944E062C782:LeaderElection155] INFO  server.RaftServerConfigKeys (ConfUtils.java:logGet(43)) - raft.server.rpc.sleep.time = 25ms (default)
2019-09-20 04:50:07,156 [c9787825-ea51-4014-8feb-b4ee136c6b23:group-B7EDF4F82E5F:LeaderElection156] INFO  server.RaftServerConfigKeys (ConfUtils.java:logGet(43)) - raft.server.staging.catchup.gap = 1000 (default)
2019-09-20 04:50:07,151 [c9787825-ea51-4014-8feb-b4ee136c6b23:group-E608E5F09DD5:LeaderElection154] INFO  server.RaftServerConfigKeys (ConfUtils.java:logGet(43)) - raft.server.staging.catchup.gap = 1000 (default)
2019-09-20 04:50:07,138 [db7872a1-bd52-4e68-8953-a9abbb9642a5:group-3BEB43121A60:LeaderElection159] INFO  impl.LeaderElection (LeaderElection.java:askForVotes(181)) - db7872a1-bd52-4e68-8953-a9abbb9642a5:group-3BEB43121A60:LeaderElection159: begin an election at term 1 for -1: [db7872a1-bd52-4e68-8953-a9abbb9642a5:192.168.36.79:33028], old=null
2019-09-20 04:50:07,130 [6a6ac22f-fdb0-4283-a89a-a8bc92b139ca-SegmentedRaftLogWorker:Storage Directory /workdir/hadoop-ozone/integration-test/target/test-dir/MiniOzoneClusterImpl-3cdd9aee-ba37-4d0d-8930-872cb3194007/datanode-4/data/ratis/ac1dd24a-86cb-45db-a25c-0bb728b7a7c5] ERROR segmented.SegmentedRaftLogWorker (SegmentedRaftLogWorker.java:run(323)) - 6a6ac22f-fdb0-4283-a89a-a8bc92b139ca-SegmentedRaftLogWorker:Storage Directory /workdir/hadoop-ozone/integration-test/target/test-dir/MiniOzoneClusterImpl-3cdd9aee-ba37-4d0d-8930-872cb3194007/datanode-4/data/ratis/ac1dd24a-86cb-45db-a25c-0bb728b7a7c5 hit exception
java.lang.OutOfMemoryError: Direct buffer memory
	at java.nio.Bits.reserveMemory(Bits.java:666)
	at java.nio.DirectByteBuffer.<init>(DirectByteBuffer.java:123)
	at java.nio.ByteBuffer.allocateDirect(ByteBuffer.java:311)
	at org.apache.ratis.server.raftlog.segmented.BufferedWriteChannel.<init>(BufferedWriteChannel.java:41)
	at org.apache.ratis.server.raftlog.segmented.SegmentedRaftLogOutputStream.<init>(SegmentedRaftLogOutputStream.java:72)
	at org.apache.ratis.server.raftlog.segmented.SegmentedRaftLogWorker$StartLogSegment.execute(SegmentedRaftLogWorker.java:566)
	at org.apache.ratis.server.raftlog.segmented.SegmentedRaftLogWorker.run(SegmentedRaftLogWorker.java:289)
	at java.lang.Thread.run(Thread.java:748)
2019-09-20 04:50:07,130 [6a6ac22f-fdb0-4283-a89a-a8bc92b139ca-SegmentedRaftLogWorker:Storage Directory /workdir/hadoop-ozone/integration-test/target/test-dir/MiniOzoneClusterImpl-3cdd9aee-ba37-4d0d-8930-872cb3194007/datanode-4/data/ratis/d487bc1e-a4ea-4425-8d09-a028e35d4535] ERROR segmented.SegmentedRaftLogWorker (SegmentedRaftLogWorker.java:run(323)) - 6a6ac22f-fdb0-4283-a89a-a8bc92b139ca-SegmentedRaftLogWorker:Storage Directory /workdir/hadoop-ozone/integration-test/target/test-dir/MiniOzoneClusterImpl-3cdd9aee-ba37-4d0d-8930-872cb3194007/datanode-4/data/ratis/d487bc1e-a4ea-4425-8d09-a028e35d4535 hit exception
java.lang.OutOfMemoryError: Direct buffer memory
	at java.nio.Bits.reserveMemory(Bits.java:666)
	at java.nio.DirectByteBuffer.<init>(DirectByteBuffer.java:123)
	at java.nio.ByteBuffer.allocateDirect(ByteBuffer.java:311)
	at org.apache.ratis.server.raftlog.segmented.BufferedWriteChannel.<init>(BufferedWriteChannel.java:41)
	at org.apache.ratis.server.raftlog.segmented.SegmentedRaftLogOutputStream.<init>(SegmentedRaftLogOutputStream.java:72)
	at org.apache.ratis.server.raftlog.segmented.SegmentedRaftLogWorker$StartLogSegment.execute(SegmentedRaftLogWorker.java:566)
	at org.apache.ratis.server.raftlog.segmented.SegmentedRaftLogWorker.run(SegmentedRaftLogWorker.java:289)
	at java.lang.Thread.run(Thread.java:748)
2019-09-20 04:50:07,130 [d5424862-00f5-4f26-882d-9249b213a1ef-SegmentedRaftLogWorker:Storage Directory /workdir/hadoop-ozone/integration-test/target/test-dir/MiniOzoneClusterImpl-3cdd9aee-ba37-4d0d-8930-872cb3194007/datanode-5/data/ratis/89a5c02a-421f-4b84-a5ad-41c2231eb3d6] ERROR segmented.SegmentedRaftLogWorker (SegmentedRaftLogWorker.java:run(323)) - d5424862-00f5-4f26-882d-9249b213a1ef-SegmentedRaftLogWorker:Storage Directory /workdir/hadoop-ozone/integration-test/target/test-dir/MiniOzoneClusterImpl-3cdd9aee-ba37-4d0d-8930-872cb3194007/datanode-5/data/ratis/89a5c02a-421f-4b84-a5ad-41c2231eb3d6 hit exception
java.lang.OutOfMemoryError: Direct buffer memory
	at java.nio.Bits.reserveMemory(Bits.java:666)
	at java.nio.DirectByteBuffer.<init>(DirectByteBuffer.java:123)
	at java.nio.ByteBuffer.allocateDirect(ByteBuffer.java:311)
	at org.apache.ratis.server.raftlog.segmented.BufferedWriteChannel.<init>(BufferedWriteChannel.java:41)
	at org.apache.ratis.server.raftlog.segmented.SegmentedRaftLogOutputStream.<init>(SegmentedRaftLogOutputStream.java:72)
	at org.apache.ratis.server.raftlog.segmented.SegmentedRaftLogWorker$StartLogSegment.execute(SegmentedRaftLogWorker.java:566)
	at org.apache.ratis.server.raftlog.segmented.SegmentedRaftLogWorker.run(SegmentedRaftLogWorker.java:289)
	at java.lang.Thread.run(Thread.java:748)
2019-09-20 04:50:07,130 [d5424862-00f5-4f26-882d-9249b213a1ef-SegmentedRaftLogWorker:Storage Directory /workdir/hadoop-ozone/integration-test/target/test-dir/MiniOzoneClusterImpl-3cdd9aee-ba37-4d0d-8930-872cb3194007/datanode-5/data/ratis/9b6bb57d-34d6-476a-bd19-3f8b1d6b6e4d] ERROR segmented.SegmentedRaftLogWorker (SegmentedRaftLogWorker.java:run(323)) - d5424862-00f5-4f26-882d-9249b213a1ef-SegmentedRaftLogWorker:Storage Directory /workdir/hadoop-ozone/integration-test/target/test-dir/MiniOzoneClusterImpl-3cdd9aee-ba37-4d0d-8930-872cb3194007/datanode-5/data/ratis/9b6bb57d-34d6-476a-bd19-3f8b1d6b6e4d hit exception
java.lang.OutOfMemoryError: Direct buffer memory
	at java.nio.Bits.reserveMemory(Bits.java:666)
	at java.nio.DirectByteBuffer.<init>(DirectByteBuffer.java:123)
	at java.nio.ByteBuffer.allocateDirect(ByteBuffer.java:311)
	at org.apache.ratis.server.raftlog.segmented.BufferedWriteChannel.<init>(BufferedWriteChannel.java:41)
	at org.apache.ratis.server.raftlog.segmented.SegmentedRaftLogOutputStream.<init>(SegmentedRaftLogOutputStream.java:72)
	at org.apache.ratis.server.raftlog.segmented.SegmentedRaftLogWorker$StartLogSegment.execute(SegmentedRaftLogWorker.java:566)
	at org.apache.ratis.server.raftlog.segmented.SegmentedRaftLogWorker.run(SegmentedRaftLogWorker.java:289)
	at java.lang.Thread.run(Thread.java:748)
2019-09-20 04:50:07,159 [d5424862-00f5-4f26-882d-9249b213a1ef-SegmentedRaftLogWorker:Storage Directory /workdir/hadoop-ozone/integration-test/target/test-dir/MiniOzoneClusterImpl-3cdd9aee-ba37-4d0d-8930-872cb3194007/datanode-5/data/ratis/9b6bb57d-34d6-476a-bd19-3f8b1d6b6e4d] INFO  impl.RaftServerImpl (RaftServerImpl.java:lambda$shutdown$3(245)) - d5424862-00f5-4f26-882d-9249b213a1ef: shutdown group-3F8B1D6B6E4D
2019-09-20 04:50:07,130 [db7872a1-bd52-4e68-8953-a9abbb9642a5-SegmentedRaftLogWorker:Storage Directory /workdir/hadoop-ozone/integration-test/target/test-dir/MiniOzoneClusterImpl-3cdd9aee-ba37-4d0d-8930-872cb3194007/datanode-6/data/ratis/6d60c835-e7e6-42a6-86da-0963ae15e81a] ERROR segmented.SegmentedRaftLogWorker (SegmentedRaftLogWorker.java:run(323)) - db7872a1-bd52-4e68-8953-a9abbb9642a5-SegmentedRaftLogWorker:Storage Directory /workdir/hadoop-ozone/integration-test/target/test-dir/MiniOzoneClusterImpl-3cdd9aee-ba37-4d0d-8930-872cb3194007/datanode-6/data/ratis/6d60c835-e7e6-42a6-86da-0963ae15e81a hit exception
java.lang.OutOfMemoryError: Direct buffer memory
	at java.nio.Bits.reserveMemory(Bits.java:666)
	at java.nio.DirectByteBuffer.<init>(DirectByteBuffer.java:123)
	at java.nio.ByteBuffer.allocateDirect(ByteBuffer.java:311)
	at org.apache.ratis.server.raftlog.segmented.BufferedWriteChannel.<init>(BufferedWriteChannel.java:41)
	at org.apache.ratis.server.raftlog.segmented.SegmentedRaftLogOutputStream.<init>(SegmentedRaftLogOutputStream.java:72)
	at org.apache.ratis.server.raftlog.segmented.SegmentedRaftLogWorker$StartLogSegment.execute(SegmentedRaftLogWorker.java:566)
	at org.apache.ratis.server.raftlog.segmented.SegmentedRaftLogWorker.run(SegmentedRaftLogWorker.java:289)
	at java.lang.Thread.run(Thread.java:748)
2019-09-20 04:50:06,849 [d5424862-00f5-4f26-882d-9249b213a1ef:group-D71256FEB5BF:LeaderElection157] INFO  server.RaftServerConfigKeys (ConfUtils.java:logGet(43)) - raft.server.staging.catchup.gap = 1000 (default)
2019-09-20 04:50:06,849 [37fe2768-1af7-42e7-8542-10b932802b02:group-196F6E90AB1E:LeaderElection151] INFO  server.RaftServerConfigKeys (ConfUtils.java:logGet(43)) - raft.server.watch.timeout = 10s (default)
2019-09-20 04:50:07,159 [d5424862-00f5-4f26-882d-9249b213a1ef:group-D71256FEB5BF:LeaderElection157] INFO  server.RaftServerConfigKeys (ConfUtils.java:logGet(43)) - raft.server.rpc.sleep.time = 25ms (default)
2019-09-20 04:50:07,159 [db7872a1-bd52-4e68-8953-a9abbb9642a5-SegmentedRaftLogWorker:Storage Directory /workdir/hadoop-ozone/integration-test/target/test-dir/MiniOzoneClusterImpl-3cdd9aee-ba37-4d0d-8930-872cb3194007/datanode-6/data/ratis/6d60c835-e7e6-42a6-86da-0963ae15e81a] INFO  impl.RaftServerImpl (RaftServerImpl.java:lambda$shutdown$3(245)) - db7872a1-bd52-4e68-8953-a9abbb9642a5: shutdown group-0963AE15E81A
2019-09-20 04:50:07,159 [d5424862-00f5-4f26-882d-9249b213a1ef-SegmentedRaftLogWorker:Storage Directory /workdir/hadoop-ozone/integration-test/target/test-dir/MiniOzoneClusterImpl-3cdd9aee-ba37-4d0d-8930-872cb3194007/datanode-5/data/ratis/9b6bb57d-34d6-476a-bd19-3f8b1d6b6e4d] INFO  util.JmxRegister (JmxRegister.java:unregister(73)) - Successfully un-registered JMX Bean with object name Ratis:service=RaftServer,group=group-3F8B1D6B6E4D,id=d5424862-00f5-4f26-882d-9249b213a1ef
2019-09-20 04:50:07,159 [d5424862-00f5-4f26-882d-9249b213a1ef-SegmentedRaftLogWorker:Storage Directory /workdir/hadoop-ozone/integration-test/target/test-dir/MiniOzoneClusterImpl-3cdd9aee-ba37-4d0d-8930-872cb3194007/datanode-5/data/ratis/89a5c02a-421f-4b84-a5ad-41c2231eb3d6] INFO  impl.RaftServerImpl (RaftServerImpl.java:lambda$shutdown$3(245)) - d5424862-00f5-4f26-882d-9249b213a1ef: shutdown group-41C2231EB3D6
2019-09-20 04:50:07,159 [6a6ac22f-fdb0-4283-a89a-a8bc92b139ca-SegmentedRaftLogWorker:Storage Directory /workdir/hadoop-ozone/integration-test/target/test-dir/MiniOzoneClusterImpl-3cdd9aee-ba37-4d0d-8930-872cb3194007/datanode-4/data/ratis/d487bc1e-a4ea-4425-8d09-a028e35d4535] INFO  impl.RaftServerImpl (RaftServerImpl.java:lambda$shutdown$3(245)) - 6a6ac22f-fdb0-4283-a89a-a8bc92b139ca: shutdown group-A028E35D4535
2019-09-20 04:50:07,158 [6a6ac22f-fdb0-4283-a89a-a8bc92b139ca-SegmentedRaftLogWorker:Storage Directory /workdir/hadoop-ozone/integration-test/target/test-dir/MiniOzoneClusterImpl-3cdd9aee-ba37-4d0d-8930-872cb3194007/datanode-4/data/ratis/ac1dd24a-86cb-45db-a25c-0bb728b7a7c5] INFO  impl.RaftServerImpl (RaftServerImpl.java:lambda$shutdown$3(245)) - 6a6ac22f-fdb0-4283-a89a-a8bc92b139ca: shutdown group-0BB728B7A7C5
2019-09-20 04:50:07,158 [main] INFO  hdfs.DFSUtil (DFSUtil.java:httpServerTemplateForNNAndJN(1641)) - Starting Web-server for ozoneManager at: http://0.0.0.0:0
2019-09-20 04:50:07,158 [db7872a1-bd52-4e68-8953-a9abbb9642a5:group-3BEB43121A60:LeaderElection159] INFO  impl.RoleInfo (RoleInfo.java:shutdownLeaderElection(134)) - db7872a1-bd52-4e68-8953-a9abbb9642a5: shutdown LeaderElection
2019-09-20 04:50:07,158 [c9787825-ea51-4014-8feb-b4ee136c6b23:group-E608E5F09DD5:LeaderElection154] INFO  server.RaftServerConfigKeys (ConfUtils.java:logGet(43)) - raft.server.rpc.sleep.time = 25ms (default)
2019-09-20 04:50:07,158 [c9787825-ea51-4014-8feb-b4ee136c6b23:group-B7EDF4F82E5F:LeaderElection156] INFO  server.RaftServerConfigKeys (ConfUtils.java:logGet(43)) - raft.server.rpc.sleep.time = 25ms (default)
2019-09-20 04:50:07,158 [c9787825-ea51-4014-8feb-b4ee136c6b23:group-9944E062C782:LeaderElection155] INFO  server.RaftServerConfigKeys (ConfUtils.java:logGet(43)) - raft.server.write.element-limit = 4096 (default)
2019-09-20 04:50:07,158 [6a6ac22f-fdb0-4283-a89a-a8bc92b139ca:group-CABD14F0921E:LeaderElection158] INFO  server.RaftServerConfigKeys (ConfUtils.java:logGet(43)) - raft.server.rpc.sleep.time = 25ms (default)
2019-09-20 04:50:07,158 [db7872a1-bd52-4e68-8953-a9abbb9642a5-SegmentedRaftLogWorker:Storage Directory /workdir/hadoop-ozone/integration-test/target/test-dir/MiniOzoneClusterImpl-3cdd9aee-ba37-4d0d-8930-872cb3194007/datanode-6/data/ratis/6063d1c0-73b7-4e82-90cb-6ec0f30eea5f] INFO  util.JmxRegister (JmxRegister.java:unregister(73)) - Successfully un-registered JMX Bean with object name Ratis:service=RaftServer,group=group-6EC0F30EEA5F,id=db7872a1-bd52-4e68-8953-a9abbb9642a5
2019-09-20 04:50:07,158 [db7872a1-bd52-4e68-8953-a9abbb9642a5-SegmentedRaftLogWorker:Storage Directory /workdir/hadoop-ozone/integration-test/target/test-dir/MiniOzoneClusterImpl-3cdd9aee-ba37-4d0d-8930-872cb3194007/datanode-6/data/ratis/e4feea08-f97b-4907-87e8-30fc7a2825f2] INFO  util.JmxRegister (JmxRegister.java:unregister(73)) - Successfully un-registered JMX Bean with object name Ratis:service=RaftServer,group=group-30FC7A2825F2,id=db7872a1-bd52-4e68-8953-a9abbb9642a5
2019-09-20 04:50:07,161 [db7872a1-bd52-4e68-8953-a9abbb9642a5-SegmentedRaftLogWorker:Storage Directory /workdir/hadoop-ozone/integration-test/target/test-dir/MiniOzoneClusterImpl-3cdd9aee-ba37-4d0d-8930-872cb3194007/datanode-6/data/ratis/e4feea08-f97b-4907-87e8-30fc7a2825f2] INFO  impl.RoleInfo (RoleInfo.java:shutdownLeaderState(104)) - db7872a1-bd52-4e68-8953-a9abbb9642a5: shutdown LeaderState
2019-09-20 04:50:07,158 [1b138595-92e4-4592-9dfc-2bb97fb4c88b:group-A36F59DB5EDC:LeaderElection152] INFO  server.RaftServerConfigKeys (ConfUtils.java:logGet(43)) - raft.server.watch.element-limit = 65536 (default)
2019-09-20 04:50:07,161 [db7872a1-bd52-4e68-8953-a9abbb9642a5-SegmentedRaftLogWorker:Storage Directory /workdir/hadoop-ozone/integration-test/target/test-dir/MiniOzoneClusterImpl-3cdd9aee-ba37-4d0d-8930-872cb3194007/datanode-6/data/ratis/6063d1c0-73b7-4e82-90cb-6ec0f30eea5f] INFO  impl.RoleInfo (RoleInfo.java:shutdownLeaderState(104)) - db7872a1-bd52-4e68-8953-a9abbb9642a5: shutdown LeaderState
2019-09-20 04:50:07,161 [1b138595-92e4-4592-9dfc-2bb97fb4c88b:group-A36F59DB5EDC:LeaderElection152] INFO  impl.RoleInfo (RoleInfo.java:updateAndGet(143)) - 1b138595-92e4-4592-9dfc-2bb97fb4c88b: start LeaderState
2019-09-20 04:50:07,161 [6a6ac22f-fdb0-4283-a89a-a8bc92b139ca:group-CABD14F0921E:LeaderElection158] INFO  server.RaftServerConfigKeys (ConfUtils.java:logGet(43)) - raft.server.write.element-limit = 4096 (default)
2019-09-20 04:50:07,161 [c9787825-ea51-4014-8feb-b4ee136c6b23:group-9944E062C782:LeaderElection155] INFO  server.RaftServerConfigKeys (ConfUtils.java:logGet(43)) - raft.server.watch.timeout = 10s (default)
2019-09-20 04:50:07,161 [c9787825-ea51-4014-8feb-b4ee136c6b23:group-B7EDF4F82E5F:LeaderElection156] INFO  server.RaftServerConfigKeys (ConfUtils.java:logGet(43)) - raft.server.write.element-limit = 4096 (default)
2019-09-20 04:50:07,162 [c9787825-ea51-4014-8feb-b4ee136c6b23:group-B7EDF4F82E5F:LeaderElection156] INFO  server.RaftServerConfigKeys (ConfUtils.java:logGet(43)) - raft.server.watch.timeout = 10s (default)
2019-09-20 04:50:07,160 [c9787825-ea51-4014-8feb-b4ee136c6b23:group-E608E5F09DD5:LeaderElection154] INFO  server.RaftServerConfigKeys (ConfUtils.java:logGet(43)) - raft.server.write.element-limit = 4096 (default)
2019-09-20 04:50:07,160 [db7872a1-bd52-4e68-8953-a9abbb9642a5:group-3BEB43121A60:LeaderElection159] INFO  impl.RaftServerImpl (RaftServerImpl.java:setRole(171)) - db7872a1-bd52-4e68-8953-a9abbb9642a5:group-3BEB43121A60 changes role from CANDIDATE to LEADER at term 1 for changeToLeader
2019-09-20 04:50:07,160 [6a6ac22f-fdb0-4283-a89a-a8bc92b139ca-SegmentedRaftLogWorker:Storage Directory /workdir/hadoop-ozone/integration-test/target/test-dir/MiniOzoneClusterImpl-3cdd9aee-ba37-4d0d-8930-872cb3194007/datanode-4/data/ratis/ac1dd24a-86cb-45db-a25c-0bb728b7a7c5] INFO  util.JmxRegister (JmxRegister.java:unregister(73)) - Successfully un-registered JMX Bean with object name Ratis:service=RaftServer,group=group-0BB728B7A7C5,id=6a6ac22f-fdb0-4283-a89a-a8bc92b139ca
2019-09-20 04:50:07,160 [6a6ac22f-fdb0-4283-a89a-a8bc92b139ca-SegmentedRaftLogWorker:Storage Directory /workdir/hadoop-ozone/integration-test/target/test-dir/MiniOzoneClusterImpl-3cdd9aee-ba37-4d0d-8930-872cb3194007/datanode-4/data/ratis/d487bc1e-a4ea-4425-8d09-a028e35d4535] INFO  util.JmxRegister (JmxRegister.java:unregister(73)) - Successfully un-registered JMX Bean with object name Ratis:service=RaftServer,group=group-A028E35D4535,id=6a6ac22f-fdb0-4283-a89a-a8bc92b139ca
2019-09-20 04:50:07,160 [d5424862-00f5-4f26-882d-9249b213a1ef-SegmentedRaftLogWorker:Storage Directory /workdir/hadoop-ozone/integration-test/target/test-dir/MiniOzoneClusterImpl-3cdd9aee-ba37-4d0d-8930-872cb3194007/datanode-5/data/ratis/89a5c02a-421f-4b84-a5ad-41c2231eb3d6] INFO  util.JmxRegister (JmxRegister.java:unregister(73)) - Successfully un-registered JMX Bean with object name Ratis:service=RaftServer,group=group-41C2231EB3D6,id=d5424862-00f5-4f26-882d-9249b213a1ef
2019-09-20 04:50:07,160 [d5424862-00f5-4f26-882d-9249b213a1ef-SegmentedRaftLogWorker:Storage Directory /workdir/hadoop-ozone/integration-test/target/test-dir/MiniOzoneClusterImpl-3cdd9aee-ba37-4d0d-8930-872cb3194007/datanode-5/data/ratis/9b6bb57d-34d6-476a-bd19-3f8b1d6b6e4d] INFO  impl.RoleInfo (RoleInfo.java:shutdownLeaderState(104)) - d5424862-00f5-4f26-882d-9249b213a1ef: shutdown LeaderState
2019-09-20 04:50:07,160 [db7872a1-bd52-4e68-8953-a9abbb9642a5-SegmentedRaftLogWorker:Storage Directory /workdir/hadoop-ozone/integration-test/target/test-dir/MiniOzoneClusterImpl-3cdd9aee-ba37-4d0d-8930-872cb3194007/datanode-6/data/ratis/6d60c835-e7e6-42a6-86da-0963ae15e81a] INFO  util.JmxRegister (JmxRegister.java:unregister(73)) - Successfully un-registered JMX Bean with object name Ratis:service=RaftServer,group=group-0963AE15E81A,id=db7872a1-bd52-4e68-8953-a9abbb9642a5
2019-09-20 04:50:07,162 [db7872a1-bd52-4e68-8953-a9abbb9642a5-SegmentedRaftLogWorker:Storage Directory /workdir/hadoop-ozone/integration-test/target/test-dir/MiniOzoneClusterImpl-3cdd9aee-ba37-4d0d-8930-872cb3194007/datanode-6/data/ratis/6d60c835-e7e6-42a6-86da-0963ae15e81a] INFO  impl.RoleInfo (RoleInfo.java:shutdownLeaderState(104)) - db7872a1-bd52-4e68-8953-a9abbb9642a5: shutdown LeaderState
2019-09-20 04:50:07,160 [d5424862-00f5-4f26-882d-9249b213a1ef:group-D71256FEB5BF:LeaderElection157] INFO  server.RaftServerConfigKeys (ConfUtils.java:logGet(43)) - raft.server.write.element-limit = 4096 (default)
2019-09-20 04:50:07,160 [37fe2768-1af7-42e7-8542-10b932802b02:group-196F6E90AB1E:LeaderElection151] INFO  server.RaftServerConfigKeys (ConfUtils.java:logGet(43)) - raft.server.watch.timeout.denomination = 1s (default)
2019-09-20 04:50:07,162 [d5424862-00f5-4f26-882d-9249b213a1ef:group-D71256FEB5BF:LeaderElection157] INFO  server.RaftServerConfigKeys (ConfUtils.java:logGet(43)) - raft.server.watch.timeout = 10s (default)
2019-09-20 04:50:07,162 [db7872a1-bd52-4e68-8953-a9abbb9642a5-SegmentedRaftLogWorker:Storage Directory /workdir/hadoop-ozone/integration-test/target/test-dir/MiniOzoneClusterImpl-3cdd9aee-ba37-4d0d-8930-872cb3194007/datanode-6/data/ratis/6d60c835-e7e6-42a6-86da-0963ae15e81a] INFO  impl.PendingRequests (PendingRequests.java:sendNotLeaderResponses(202)) - db7872a1-bd52-4e68-8953-a9abbb9642a5-PendingRequests: sendNotLeaderResponses
2019-09-20 04:50:07,162 [d5424862-00f5-4f26-882d-9249b213a1ef-SegmentedRaftLogWorker:Storage Directory /workdir/hadoop-ozone/integration-test/target/test-dir/MiniOzoneClusterImpl-3cdd9aee-ba37-4d0d-8930-872cb3194007/datanode-5/data/ratis/9b6bb57d-34d6-476a-bd19-3f8b1d6b6e4d] INFO  impl.PendingRequests (PendingRequests.java:sendNotLeaderResponses(202)) - d5424862-00f5-4f26-882d-9249b213a1ef-PendingRequests: sendNotLeaderResponses
2019-09-20 04:50:07,163 [db7872a1-bd52-4e68-8953-a9abbb9642a5-SegmentedRaftLogWorker:Storage Directory /workdir/hadoop-ozone/integration-test/target/test-dir/MiniOzoneClusterImpl-3cdd9aee-ba37-4d0d-8930-872cb3194007/datanode-6/data/ratis/6d60c835-e7e6-42a6-86da-0963ae15e81a] INFO  impl.StateMachineUpdater (StateMachineUpdater.java:stopAndJoin(115)) - StateMachineUpdater:db7872a1-bd52-4e68-8953-a9abbb9642a5:group-0963AE15E81A: set stopIndex = -1
2019-09-20 04:50:07,162 [d5424862-00f5-4f26-882d-9249b213a1ef-SegmentedRaftLogWorker:Storage Directory /workdir/hadoop-ozone/integration-test/target/test-dir/MiniOzoneClusterImpl-3cdd9aee-ba37-4d0d-8930-872cb3194007/datanode-5/data/ratis/89a5c02a-421f-4b84-a5ad-41c2231eb3d6] INFO  impl.RoleInfo (RoleInfo.java:shutdownLeaderState(104)) - d5424862-00f5-4f26-882d-9249b213a1ef: shutdown LeaderState
2019-09-20 04:50:07,162 [6a6ac22f-fdb0-4283-a89a-a8bc92b139ca-SegmentedRaftLogWorker:Storage Directory /workdir/hadoop-ozone/integration-test/target/test-dir/MiniOzoneClusterImpl-3cdd9aee-ba37-4d0d-8930-872cb3194007/datanode-4/data/ratis/d487bc1e-a4ea-4425-8d09-a028e35d4535] INFO  impl.RoleInfo (RoleInfo.java:shutdownLeaderState(104)) - 6a6ac22f-fdb0-4283-a89a-a8bc92b139ca: shutdown LeaderState
2019-09-20 04:50:07,162 [6a6ac22f-fdb0-4283-a89a-a8bc92b139ca-SegmentedRaftLogWorker:Storage Directory /workdir/hadoop-ozone/integration-test/target/test-dir/MiniOzoneClusterImpl-3cdd9aee-ba37-4d0d-8930-872cb3194007/datanode-4/data/ratis/ac1dd24a-86cb-45db-a25c-0bb728b7a7c5] INFO  impl.RoleInfo (RoleInfo.java:shutdownLeaderState(104)) - 6a6ac22f-fdb0-4283-a89a-a8bc92b139ca: shutdown LeaderState
2019-09-20 04:50:07,162 [db7872a1-bd52-4e68-8953-a9abbb9642a5:group-3BEB43121A60:LeaderElection159] INFO  impl.RaftServerImpl (ServerState.java:setLeader(263)) - db7872a1-bd52-4e68-8953-a9abbb9642a5:group-3BEB43121A60 change Leader from null to db7872a1-bd52-4e68-8953-a9abbb9642a5 at term 1 for becomeLeader, leader elected after 11890ms
2019-09-20 04:50:07,162 [c9787825-ea51-4014-8feb-b4ee136c6b23:group-E608E5F09DD5:LeaderElection154] INFO  server.RaftServerConfigKeys (ConfUtils.java:logGet(43)) - raft.server.watch.timeout = 10s (default)
2019-09-20 04:50:07,162 [c9787825-ea51-4014-8feb-b4ee136c6b23:group-B7EDF4F82E5F:LeaderElection156] INFO  server.RaftServerConfigKeys (ConfUtils.java:logGet(43)) - raft.server.watch.timeout.denomination = 1s (default)
2019-09-20 04:50:07,161 [c9787825-ea51-4014-8feb-b4ee136c6b23:group-9944E062C782:LeaderElection155] INFO  server.RaftServerConfigKeys (ConfUtils.java:logGet(43)) - raft.server.watch.timeout.denomination = 1s (default)
2019-09-20 04:50:07,161 [6a6ac22f-fdb0-4283-a89a-a8bc92b139ca:group-CABD14F0921E:LeaderElection158] INFO  server.RaftServerConfigKeys (ConfUtils.java:logGet(43)) - raft.server.watch.timeout = 10s (default)
2019-09-20 04:50:07,161 [1b138595-92e4-4592-9dfc-2bb97fb4c88b:group-A36F59DB5EDC:LeaderElection152] INFO  segmented.SegmentedRaftLogWorker (SegmentedRaftLogWorker.java:startLogSegment(380)) - 1b138595-92e4-4592-9dfc-2bb97fb4c88b-SegmentedRaftLogWorker:Storage Directory /workdir/hadoop-ozone/integration-test/target/test-dir/MiniOzoneClusterImpl-3cdd9aee-ba37-4d0d-8930-872cb3194007/datanode-2/data/ratis/cac47448-2610-4972-be8a-a36f59db5edc: Starting segment from index:0
2019-09-20 04:50:07,161 [main] INFO  server.AuthenticationFilter (AuthenticationFilter.java:constructSecretProvider(240)) - Unable to initialize FileSignerSecretProvider, falling back to use random secrets.
2019-09-20 04:50:07,161 [db7872a1-bd52-4e68-8953-a9abbb9642a5-SegmentedRaftLogWorker:Storage Directory /workdir/hadoop-ozone/integration-test/target/test-dir/MiniOzoneClusterImpl-3cdd9aee-ba37-4d0d-8930-872cb3194007/datanode-6/data/ratis/6063d1c0-73b7-4e82-90cb-6ec0f30eea5f] INFO  impl.PendingRequests (PendingRequests.java:sendNotLeaderResponses(202)) - db7872a1-bd52-4e68-8953-a9abbb9642a5-PendingRequests: sendNotLeaderResponses
2019-09-20 04:50:07,161 [db7872a1-bd52-4e68-8953-a9abbb9642a5-SegmentedRaftLogWorker:Storage Directory /workdir/hadoop-ozone/integration-test/target/test-dir/MiniOzoneClusterImpl-3cdd9aee-ba37-4d0d-8930-872cb3194007/datanode-6/data/ratis/e4feea08-f97b-4907-87e8-30fc7a2825f2] INFO  impl.PendingRequests (PendingRequests.java:sendNotLeaderResponses(202)) - db7872a1-bd52-4e68-8953-a9abbb9642a5-PendingRequests: sendNotLeaderResponses
2019-09-20 04:50:07,164 [db7872a1-bd52-4e68-8953-a9abbb9642a5-SegmentedRaftLogWorker:Storage Directory /workdir/hadoop-ozone/integration-test/target/test-dir/MiniOzoneClusterImpl-3cdd9aee-ba37-4d0d-8930-872cb3194007/datanode-6/data/ratis/6063d1c0-73b7-4e82-90cb-6ec0f30eea5f] INFO  impl.StateMachineUpdater (StateMachineUpdater.java:stopAndJoin(115)) - StateMachineUpdater:db7872a1-bd52-4e68-8953-a9abbb9642a5:group-6EC0F30EEA5F: set stopIndex = -1
2019-09-20 04:50:07,164 [db7872a1-bd52-4e68-8953-a9abbb9642a5-SegmentedRaftLogWorker:Storage Directory /workdir/hadoop-ozone/integration-test/target/test-dir/MiniOzoneClusterImpl-3cdd9aee-ba37-4d0d-8930-872cb3194007/datanode-6/data/ratis/6063d1c0-73b7-4e82-90cb-6ec0f30eea5f] INFO  impl.RaftServerImpl (ServerState.java:close(394)) - db7872a1-bd52-4e68-8953-a9abbb9642a5:group-6EC0F30EEA5F closes. The last applied log index is -1
2019-09-20 04:50:07,164 [1b138595-92e4-4592-9dfc-2bb97fb4c88b:group-A36F59DB5EDC:LeaderElection152] INFO  impl.RaftServerImpl (ServerState.java:setRaftConf(361)) - 1b138595-92e4-4592-9dfc-2bb97fb4c88b:group-A36F59DB5EDC set configuration 0: [1b138595-92e4-4592-9dfc-2bb97fb4c88b:192.168.36.79:46597], old=null at 0
2019-09-20 04:50:07,164 [6a6ac22f-fdb0-4283-a89a-a8bc92b139ca:group-CABD14F0921E:LeaderElection158] INFO  server.RaftServerConfigKeys (ConfUtils.java:logGet(43)) - raft.server.watch.timeout.denomination = 1s (default)
2019-09-20 04:50:07,164 [c9787825-ea51-4014-8feb-b4ee136c6b23:group-9944E062C782:LeaderElection155] INFO  server.RaftServerConfigKeys (ConfUtils.java:logGet(43)) - raft.server.watch.element-limit = 65536 (default)
2019-09-20 04:50:07,164 [c9787825-ea51-4014-8feb-b4ee136c6b23:group-B7EDF4F82E5F:LeaderElection156] INFO  server.RaftServerConfigKeys (ConfUtils.java:logGet(43)) - raft.server.watch.element-limit = 65536 (default)
2019-09-20 04:50:07,163 [c9787825-ea51-4014-8feb-b4ee136c6b23:group-E608E5F09DD5:LeaderElection154] INFO  server.RaftServerConfigKeys (ConfUtils.java:logGet(43)) - raft.server.watch.timeout.denomination = 1s (default)
2019-09-20 04:50:07,163 [db7872a1-bd52-4e68-8953-a9abbb9642a5:group-3BEB43121A60:LeaderElection159] INFO  server.RaftServerConfigKeys (ConfUtils.java:logGet(43)) - raft.server.staging.catchup.gap = 1000 (default)
2019-09-20 04:50:07,163 [6a6ac22f-fdb0-4283-a89a-a8bc92b139ca-SegmentedRaftLogWorker:Storage Directory /workdir/hadoop-ozone/integration-test/target/test-dir/MiniOzoneClusterImpl-3cdd9aee-ba37-4d0d-8930-872cb3194007/datanode-4/data/ratis/ac1dd24a-86cb-45db-a25c-0bb728b7a7c5] INFO  impl.PendingRequests (PendingRequests.java:sendNotLeaderResponses(202)) - 6a6ac22f-fdb0-4283-a89a-a8bc92b139ca-PendingRequests: sendNotLeaderResponses
2019-09-20 04:50:07,163 [6a6ac22f-fdb0-4283-a89a-a8bc92b139ca-SegmentedRaftLogWorker:Storage Directory /workdir/hadoop-ozone/integration-test/target/test-dir/MiniOzoneClusterImpl-3cdd9aee-ba37-4d0d-8930-872cb3194007/datanode-4/data/ratis/d487bc1e-a4ea-4425-8d09-a028e35d4535] INFO  impl.PendingRequests (PendingRequests.java:sendNotLeaderResponses(202)) - 6a6ac22f-fdb0-4283-a89a-a8bc92b139ca-PendingRequests: sendNotLeaderResponses
2019-09-20 04:50:07,163 [d5424862-00f5-4f26-882d-9249b213a1ef-SegmentedRaftLogWorker:Storage Directory /workdir/hadoop-ozone/integration-test/target/test-dir/MiniOzoneClusterImpl-3cdd9aee-ba37-4d0d-8930-872cb3194007/datanode-5/data/ratis/89a5c02a-421f-4b84-a5ad-41c2231eb3d6] INFO  impl.PendingRequests (PendingRequests.java:sendNotLeaderResponses(202)) - d5424862-00f5-4f26-882d-9249b213a1ef-PendingRequests: sendNotLeaderResponses
2019-09-20 04:50:07,163 [db7872a1-bd52-4e68-8953-a9abbb9642a5-SegmentedRaftLogWorker:Storage Directory /workdir/hadoop-ozone/integration-test/target/test-dir/MiniOzoneClusterImpl-3cdd9aee-ba37-4d0d-8930-872cb3194007/datanode-6/data/ratis/6d60c835-e7e6-42a6-86da-0963ae15e81a] INFO  impl.RaftServerImpl (ServerState.java:close(394)) - db7872a1-bd52-4e68-8953-a9abbb9642a5:group-0963AE15E81A closes. The last applied log index is -1
2019-09-20 04:50:07,163 [d5424862-00f5-4f26-882d-9249b213a1ef-SegmentedRaftLogWorker:Storage Directory /workdir/hadoop-ozone/integration-test/target/test-dir/MiniOzoneClusterImpl-3cdd9aee-ba37-4d0d-8930-872cb3194007/datanode-5/data/ratis/9b6bb57d-34d6-476a-bd19-3f8b1d6b6e4d] INFO  impl.StateMachineUpdater (StateMachineUpdater.java:stopAndJoin(115)) - StateMachineUpdater:d5424862-00f5-4f26-882d-9249b213a1ef:group-3F8B1D6B6E4D: set stopIndex = -1
2019-09-20 04:50:07,163 [d5424862-00f5-4f26-882d-9249b213a1ef:group-D71256FEB5BF:LeaderElection157] INFO  server.RaftServerConfigKeys (ConfUtils.java:logGet(43)) - raft.server.watch.timeout.denomination = 1s (default)
2019-09-20 04:50:07,163 [37fe2768-1af7-42e7-8542-10b932802b02:group-196F6E90AB1E:LeaderElection151] INFO  server.RaftServerConfigKeys (ConfUtils.java:logGet(43)) - raft.server.watch.element-limit = 65536 (default)
2019-09-20 04:50:07,166 [d5424862-00f5-4f26-882d-9249b213a1ef:group-D71256FEB5BF:LeaderElection157] INFO  server.RaftServerConfigKeys (ConfUtils.java:logGet(43)) - raft.server.watch.element-limit = 65536 (default)
2019-09-20 04:50:07,166 [db7872a1-bd52-4e68-8953-a9abbb9642a5-SegmentedRaftLogWorker:Storage Directory /workdir/hadoop-ozone/integration-test/target/test-dir/MiniOzoneClusterImpl-3cdd9aee-ba37-4d0d-8930-872cb3194007/datanode-6/data/ratis/6d60c835-e7e6-42a6-86da-0963ae15e81a] INFO  segmented.SegmentedRaftLogWorker (SegmentedRaftLogWorker.java:close(228)) - db7872a1-bd52-4e68-8953-a9abbb9642a5-SegmentedRaftLogWorker:Storage Directory /workdir/hadoop-ozone/integration-test/target/test-dir/MiniOzoneClusterImpl-3cdd9aee-ba37-4d0d-8930-872cb3194007/datanode-6/data/ratis/6d60c835-e7e6-42a6-86da-0963ae15e81a close()
2019-09-20 04:50:07,166 [d5424862-00f5-4f26-882d-9249b213a1ef-SegmentedRaftLogWorker:Storage Directory /workdir/hadoop-ozone/integration-test/target/test-dir/MiniOzoneClusterImpl-3cdd9aee-ba37-4d0d-8930-872cb3194007/datanode-5/data/ratis/9b6bb57d-34d6-476a-bd19-3f8b1d6b6e4d] INFO  impl.RaftServerImpl (ServerState.java:close(394)) - d5424862-00f5-4f26-882d-9249b213a1ef:group-3F8B1D6B6E4D closes. The last applied log index is -1
2019-09-20 04:50:07,237 [db7872a1-bd52-4e68-8953-a9abbb9642a5:group-A8D7CA26A752:LeaderElection160] INFO  impl.LeaderElection (LeaderElection.java:askForVotes(181)) - db7872a1-bd52-4e68-8953-a9abbb9642a5:group-A8D7CA26A752:LeaderElection160: begin an election at term 1 for -1: [db7872a1-bd52-4e68-8953-a9abbb9642a5:192.168.36.79:33028], old=null
2019-09-20 04:50:07,165 [d5424862-00f5-4f26-882d-9249b213a1ef-SegmentedRaftLogWorker:Storage Directory /workdir/hadoop-ozone/integration-test/target/test-dir/MiniOzoneClusterImpl-3cdd9aee-ba37-4d0d-8930-872cb3194007/datanode-5/data/ratis/89a5c02a-421f-4b84-a5ad-41c2231eb3d6] INFO  impl.StateMachineUpdater (StateMachineUpdater.java:stopAndJoin(115)) - StateMachineUpdater:d5424862-00f5-4f26-882d-9249b213a1ef:group-41C2231EB3D6: set stopIndex = -1
2019-09-20 04:50:07,165 [6a6ac22f-fdb0-4283-a89a-a8bc92b139ca-SegmentedRaftLogWorker:Storage Directory /workdir/hadoop-ozone/integration-test/target/test-dir/MiniOzoneClusterImpl-3cdd9aee-ba37-4d0d-8930-872cb3194007/datanode-4/data/ratis/d487bc1e-a4ea-4425-8d09-a028e35d4535] INFO  impl.StateMachineUpdater (StateMachineUpdater.java:stopAndJoin(115)) - StateMachineUpdater:6a6ac22f-fdb0-4283-a89a-a8bc92b139ca:group-A028E35D4535: set stopIndex = -1
2019-09-20 04:50:07,165 [6a6ac22f-fdb0-4283-a89a-a8bc92b139ca-SegmentedRaftLogWorker:Storage Directory /workdir/hadoop-ozone/integration-test/target/test-dir/MiniOzoneClusterImpl-3cdd9aee-ba37-4d0d-8930-872cb3194007/datanode-4/data/ratis/ac1dd24a-86cb-45db-a25c-0bb728b7a7c5] INFO  impl.StateMachineUpdater (StateMachineUpdater.java:stopAndJoin(115)) - StateMachineUpdater:6a6ac22f-fdb0-4283-a89a-a8bc92b139ca:group-0BB728B7A7C5: set stopIndex = -1
2019-09-20 04:50:07,165 [db7872a1-bd52-4e68-8953-a9abbb9642a5:group-3BEB43121A60:LeaderElection159] INFO  server.RaftServerConfigKeys (ConfUtils.java:logGet(43)) - raft.server.rpc.sleep.time = 25ms (default)
2019-09-20 04:50:07,165 [c9787825-ea51-4014-8feb-b4ee136c6b23:group-E608E5F09DD5:LeaderElection154] INFO  server.RaftServerConfigKeys (ConfUtils.java:logGet(43)) - raft.server.watch.element-limit = 65536 (default)
2019-09-20 04:50:07,165 [c9787825-ea51-4014-8feb-b4ee136c6b23:group-B7EDF4F82E5F:LeaderElection156] INFO  impl.RoleInfo (RoleInfo.java:updateAndGet(143)) - c9787825-ea51-4014-8feb-b4ee136c6b23: start LeaderState
2019-09-20 04:50:07,605 [c9787825-ea51-4014-8feb-b4ee136c6b23:group-E608E5F09DD5:LeaderElection154] INFO  impl.RoleInfo (RoleInfo.java:updateAndGet(143)) - c9787825-ea51-4014-8feb-b4ee136c6b23: start LeaderState
2019-09-20 04:50:07,165 [c9787825-ea51-4014-8feb-b4ee136c6b23:group-9944E062C782:LeaderElection155] INFO  impl.RoleInfo (RoleInfo.java:updateAndGet(143)) - c9787825-ea51-4014-8feb-b4ee136c6b23: start LeaderState
2019-09-20 04:50:07,165 [6a6ac22f-fdb0-4283-a89a-a8bc92b139ca:group-CABD14F0921E:LeaderElection158] INFO  server.RaftServerConfigKeys (ConfUtils.java:logGet(43)) - raft.server.watch.element-limit = 65536 (default)
2019-09-20 04:50:07,165 [db7872a1-bd52-4e68-8953-a9abbb9642a5-SegmentedRaftLogWorker:Storage Directory /workdir/hadoop-ozone/integration-test/target/test-dir/MiniOzoneClusterImpl-3cdd9aee-ba37-4d0d-8930-872cb3194007/datanode-6/data/ratis/6063d1c0-73b7-4e82-90cb-6ec0f30eea5f] INFO  segmented.SegmentedRaftLogWorker (SegmentedRaftLogWorker.java:close(228)) - db7872a1-bd52-4e68-8953-a9abbb9642a5-SegmentedRaftLogWorker:Storage Directory /workdir/hadoop-ozone/integration-test/target/test-dir/MiniOzoneClusterImpl-3cdd9aee-ba37-4d0d-8930-872cb3194007/datanode-6/data/ratis/6063d1c0-73b7-4e82-90cb-6ec0f30eea5f close()
2019-09-20 04:50:07,164 [db7872a1-bd52-4e68-8953-a9abbb9642a5-SegmentedRaftLogWorker:Storage Directory /workdir/hadoop-ozone/integration-test/target/test-dir/MiniOzoneClusterImpl-3cdd9aee-ba37-4d0d-8930-872cb3194007/datanode-6/data/ratis/e4feea08-f97b-4907-87e8-30fc7a2825f2] INFO  impl.StateMachineUpdater (StateMachineUpdater.java:stopAndJoin(115)) - StateMachineUpdater:db7872a1-bd52-4e68-8953-a9abbb9642a5:group-30FC7A2825F2: set stopIndex = -1
2019-09-20 04:50:07,164 [main] WARN  http.HttpRequestLog (HttpRequestLog.java:getRequestLog(97)) - Jetty request log can only be enabled using Log4j
2019-09-20 04:50:07,605 [db7872a1-bd52-4e68-8953-a9abbb9642a5-SegmentedRaftLogWorker:Storage Directory /workdir/hadoop-ozone/integration-test/target/test-dir/MiniOzoneClusterImpl-3cdd9aee-ba37-4d0d-8930-872cb3194007/datanode-6/data/ratis/e4feea08-f97b-4907-87e8-30fc7a2825f2] INFO  impl.RaftServerImpl (ServerState.java:close(394)) - db7872a1-bd52-4e68-8953-a9abbb9642a5:group-30FC7A2825F2 closes. The last applied log index is -1
2019-09-20 04:50:07,605 [6a6ac22f-fdb0-4283-a89a-a8bc92b139ca:group-CABD14F0921E:LeaderElection158] INFO  impl.RoleInfo (RoleInfo.java:updateAndGet(143)) - 6a6ac22f-fdb0-4283-a89a-a8bc92b139ca: start LeaderState
2019-09-20 04:50:07,605 [c9787825-ea51-4014-8feb-b4ee136c6b23:group-9944E062C782:LeaderElection155] INFO  segmented.SegmentedRaftLogWorker (SegmentedRaftLogWorker.java:startLogSegment(380)) - c9787825-ea51-4014-8feb-b4ee136c6b23-SegmentedRaftLogWorker:Storage Directory /workdir/hadoop-ozone/integration-test/target/test-dir/MiniOzoneClusterImpl-3cdd9aee-ba37-4d0d-8930-872cb3194007/datanode-3/data/ratis/34797337-b3b7-4895-92c0-9944e062c782: Starting segment from index:0
2019-09-20 04:50:07,605 [c9787825-ea51-4014-8feb-b4ee136c6b23:group-E608E5F09DD5:LeaderElection154] INFO  segmented.SegmentedRaftLogWorker (SegmentedRaftLogWorker.java:startLogSegment(380)) - c9787825-ea51-4014-8feb-b4ee136c6b23-SegmentedRaftLogWorker:Storage Directory /workdir/hadoop-ozone/integration-test/target/test-dir/MiniOzoneClusterImpl-3cdd9aee-ba37-4d0d-8930-872cb3194007/datanode-3/data/ratis/1e6eb9d5-a3ac-47c9-aa8f-e608e5f09dd5: Starting segment from index:0
2019-09-20 04:50:07,605 [c9787825-ea51-4014-8feb-b4ee136c6b23:group-B7EDF4F82E5F:LeaderElection156] INFO  segmented.SegmentedRaftLogWorker (SegmentedRaftLogWorker.java:startLogSegment(380)) - c9787825-ea51-4014-8feb-b4ee136c6b23-SegmentedRaftLogWorker:Storage Directory /workdir/hadoop-ozone/integration-test/target/test-dir/MiniOzoneClusterImpl-3cdd9aee-ba37-4d0d-8930-872cb3194007/datanode-3/data/ratis/58cb94e7-6614-4b86-89f0-b7edf4f82e5f: Starting segment from index:0
2019-09-20 04:50:07,606 [c9787825-ea51-4014-8feb-b4ee136c6b23:group-9944E062C782:LeaderElection155] INFO  impl.RaftServerImpl (ServerState.java:setRaftConf(361)) - c9787825-ea51-4014-8feb-b4ee136c6b23:group-9944E062C782 set configuration 0: [c9787825-ea51-4014-8feb-b4ee136c6b23:192.168.36.79:40747], old=null at 0
2019-09-20 04:50:08,471 | INFO  | SCMAudit | user=jenkins1000 | ip=192.168.36.79 | op=SEND_HEARTBEAT {datanodeUUID=a9bc59c4-b792-48d5-9db2-4e71770477b1, command=[]} | ret=SUCCESS |  
2019-09-20 04:50:08,471 | INFO  | SCMAudit | user=jenkins1000 | ip=192.168.36.79 | op=SEND_HEARTBEAT {datanodeUUID=0ad3f89e-804f-4845-89c5-5ff1a35a5dda, command=[]} | ret=SUCCESS |  
2019-09-20 04:50:08,471 | INFO  | SCMAudit | user=jenkins1000 | ip=192.168.36.79 | op=SEND_HEARTBEAT {datanodeUUID=2d6465ef-cffa-473a-a4c6-a9aa3f1a26c0, command=[]} | ret=SUCCESS |  
2019-09-20 04:50:08,471 | INFO  | SCMAudit | user=jenkins1000 | ip=192.168.36.79 | op=SEND_HEARTBEAT {datanodeUUID=ea71b9af-1075-4196-9693-aa14e10f536d, command=[]} | ret=SUCCESS |  
2019-09-20 04:50:08,471 | INFO  | SCMAudit | user=jenkins1000 | ip=192.168.36.79 | op=SEND_HEARTBEAT {datanodeUUID=eaf3ecbe-c3b1-4969-ad3a-e4de7fb04f81, command=[]} | ret=SUCCESS |  
2019-09-20 04:50:08,471 | INFO  | SCMAudit | user=jenkins1000 | ip=192.168.36.79 | op=SEND_HEARTBEAT {datanodeUUID=2702b462-69d8-4c1b-aae1-091a21fe08b8, command=[]} | ret=SUCCESS |  
2019-09-20 04:50:08,471 | INFO  | SCMAudit | user=jenkins1000 | ip=192.168.36.79 | op=SEND_HEARTBEAT {datanodeUUID=8d97392c-5f4b-400a-94a1-fb61a3ebbc99, command=[]} | ret=SUCCESS |  
2019-09-20 04:50:08,471 | INFO  | SCMAudit | user=jenkins1000 | ip=192.168.36.79 | op=SEND_HEARTBEAT {datanodeUUID=42fc6e92-fcdd-4827-b621-9fc58a3d2315, command=[]} | ret=SUCCESS |  
2019-09-20 04:50:08,471 | INFO  | SCMAudit | user=jenkins1000 | ip=192.168.36.79 | op=SEND_HEARTBEAT {datanodeUUID=f4e549ee-a6fa-4eb9-8541-129d0566fdf5, command=[]} | ret=SUCCESS |  
2019-09-20 04:50:08,471 | INFO  | SCMAudit | user=jenkins1000 | ip=192.168.36.79 | op=SEND_HEARTBEAT {datanodeUUID=1d91ad97-6666-4ee7-855a-8b5e944e7401, command=[]} | ret=SUCCESS |  
2019-09-20 04:50:08,471 | INFO  | SCMAudit | user=jenkins1000 | ip=192.168.36.79 | op=SEND_HEARTBEAT {datanodeUUID=68a93ad8-b6a8-44e1-8a9f-45fcc58d229a, command=[]} | ret=SUCCESS |  
2019-09-20 04:50:08,471 | INFO  | SCMAudit | user=jenkins1000 | ip=192.168.36.79 | op=SEND_HEARTBEAT {datanodeUUID=8538cd65-7926-426b-8bad-fbd0f0550f9a, command=[]} | ret=SUCCESS |  
2019-09-20 04:50:08,471 | INFO  | SCMAudit | user=jenkins1000 | ip=192.168.36.79 | op=SEND_HEARTBEAT {datanodeUUID=5ea19b84-5385-4ae9-8412-c4cfa929b172, command=[]} | ret=SUCCESS |  
2019-09-20 04:50:08,471 | INFO  | SCMAudit | user=jenkins1000 | ip=192.168.36.79 | op=SEND_HEARTBEAT {datanodeUUID=eb30d72f-c0a8-4ecb-bfee-9120a9a6cddf, command=[]} | ret=SUCCESS |  
2019-09-20 04:50:08,472 | INFO  | SCMAudit | user=jenkins1000 | ip=192.168.36.79 | op=SEND_HEARTBEAT {datanodeUUID=c4f6294c-eda3-4afd-81f7-e69ed14da69f, command=[]} | ret=SUCCESS |  
2019-09-20 04:50:08,472 | INFO  | SCMAudit | user=jenkins1000 | ip=192.168.36.79 | op=SEND_HEARTBEAT {datanodeUUID=236eed40-dd97-4fdc-a0ae-ab99685a426b, command=[]} | ret=SUCCESS |  
2019-09-20 04:50:08,472 | INFO  | SCMAudit | user=jenkins1000 | ip=192.168.36.79 | op=SEND_HEARTBEAT {datanodeUUID=bd1a845e-f2ed-4713-9516-9ccc20139040, command=[]} | ret=SUCCESS |  
2019-09-20 04:50:08,472 | INFO  | SCMAudit | user=jenkins1000 | ip=192.168.36.79 | op=SEND_HEARTBEAT {datanodeUUID=ba95d636-ac34-4b74-a102-dec8d0f377c6, command=[]} | ret=SUCCESS |  
2019-09-20 04:50:08,472 | INFO  | SCMAudit | user=jenkins1000 | ip=192.168.36.79 | op=SEND_HEARTBEAT {datanodeUUID=fdbc37f2-9e58-4bac-a5d5-a78839d012e9, command=[]} | ret=SUCCESS |  
2019-09-20 04:50:08,472 | INFO  | SCMAudit | user=jenkins1000 | ip=192.168.36.79 | op=SEND_HEARTBEAT {datanodeUUID=dba845b8-ea76-4e09-ab03-0883d354e493, command=[]} | ret=SUCCESS |  
2019-09-20 04:50:08,472 | INFO  | SCMAudit | user=jenkins1000 | ip=192.168.36.79 | op=SEND_HEARTBEAT {datanodeUUID=3c2a6bfe-f5c5-4e23-89b0-850dab17697d, command=[]} | ret=SUCCESS |  
2019-09-20 04:50:08,472 | INFO  | SCMAudit | user=jenkins1000 | ip=192.168.36.79 | op=SEND_HEARTBEAT {datanodeUUID=37fe2768-1af7-42e7-8542-10b932802b02, command=[]} | ret=SUCCESS |  
2019-09-20 04:50:08,472 | INFO  | SCMAudit | user=jenkins1000 | ip=192.168.36.79 | op=SEND_HEARTBEAT {datanodeUUID=c82e94d7-3693-4569-94b0-cf8ff008d5c0, command=[]} | ret=SUCCESS |  
2019-09-20 04:50:08,472 | INFO  | SCMAudit | user=jenkins1000 | ip=192.168.36.79 | op=SEND_HEARTBEAT {datanodeUUID=6a6ac22f-fdb0-4283-a89a-a8bc92b139ca, command=[]} | ret=SUCCESS |  
2019-09-20 04:50:08,472 | INFO  | SCMAudit | user=jenkins1000 | ip=192.168.36.79 | op=SEND_HEARTBEAT {datanodeUUID=1b138595-92e4-4592-9dfc-2bb97fb4c88b, command=[]} | ret=SUCCESS |  
2019-09-20 04:50:08,472 | INFO  | SCMAudit | user=jenkins1000 | ip=192.168.36.79 | op=SEND_HEARTBEAT {datanodeUUID=d5424862-00f5-4f26-882d-9249b213a1ef, command=[]} | ret=SUCCESS |  
2019-09-20 04:50:08,472 | INFO  | SCMAudit | user=jenkins1000 | ip=192.168.36.79 | op=SEND_HEARTBEAT {datanodeUUID=c9787825-ea51-4014-8feb-b4ee136c6b23, command=[]} | ret=SUCCESS |  
2019-09-20 04:50:08,472 | INFO  | SCMAudit | user=jenkins1000 | ip=192.168.36.79 | op=SEND_HEARTBEAT {datanodeUUID=db7872a1-bd52-4e68-8953-a9abbb9642a5, command=[]} | ret=SUCCESS |  
2019-09-20 04:50:07,605 [db7872a1-bd52-4e68-8953-a9abbb9642a5:group-3BEB43121A60:LeaderElection159] INFO  server.RaftServerConfigKeys (ConfUtils.java:logGet(43)) - raft.server.write.element-limit = 4096 (default)
2019-09-20 04:50:07,604 [6a6ac22f-fdb0-4283-a89a-a8bc92b139ca-SegmentedRaftLogWorker:Storage Directory /workdir/hadoop-ozone/integration-test/target/test-dir/MiniOzoneClusterImpl-3cdd9aee-ba37-4d0d-8930-872cb3194007/datanode-4/data/ratis/ac1dd24a-86cb-45db-a25c-0bb728b7a7c5] INFO  impl.RaftServerImpl (ServerState.java:close(394)) - 6a6ac22f-fdb0-4283-a89a-a8bc92b139ca:group-0BB728B7A7C5 closes. The last applied log index is -1
2019-09-20 04:50:07,604 [6a6ac22f-fdb0-4283-a89a-a8bc92b139ca-SegmentedRaftLogWorker:Storage Directory /workdir/hadoop-ozone/integration-test/target/test-dir/MiniOzoneClusterImpl-3cdd9aee-ba37-4d0d-8930-872cb3194007/datanode-4/data/ratis/d487bc1e-a4ea-4425-8d09-a028e35d4535] INFO  impl.RaftServerImpl (ServerState.java:close(394)) - 6a6ac22f-fdb0-4283-a89a-a8bc92b139ca:group-A028E35D4535 closes. The last applied log index is -1
2019-09-20 04:50:07,604 [d5424862-00f5-4f26-882d-9249b213a1ef-SegmentedRaftLogWorker:Storage Directory /workdir/hadoop-ozone/integration-test/target/test-dir/MiniOzoneClusterImpl-3cdd9aee-ba37-4d0d-8930-872cb3194007/datanode-5/data/ratis/89a5c02a-421f-4b84-a5ad-41c2231eb3d6] INFO  impl.RaftServerImpl (ServerState.java:close(394)) - d5424862-00f5-4f26-882d-9249b213a1ef:group-41C2231EB3D6 closes. The last applied log index is -1
2019-09-20 04:50:07,238 [db7872a1-bd52-4e68-8953-a9abbb9642a5:group-A8D7CA26A752:LeaderElection160] INFO  impl.RoleInfo (RoleInfo.java:shutdownLeaderElection(134)) - db7872a1-bd52-4e68-8953-a9abbb9642a5: shutdown LeaderElection
2019-09-20 04:50:07,238 [d5424862-00f5-4f26-882d-9249b213a1ef-SegmentedRaftLogWorker:Storage Directory /workdir/hadoop-ozone/integration-test/target/test-dir/MiniOzoneClusterImpl-3cdd9aee-ba37-4d0d-8930-872cb3194007/datanode-5/data/ratis/9b6bb57d-34d6-476a-bd19-3f8b1d6b6e4d] INFO  segmented.SegmentedRaftLogWorker (SegmentedRaftLogWorker.java:close(228)) - d5424862-00f5-4f26-882d-9249b213a1ef-SegmentedRaftLogWorker:Storage Directory /workdir/hadoop-ozone/integration-test/target/test-dir/MiniOzoneClusterImpl-3cdd9aee-ba37-4d0d-8930-872cb3194007/datanode-5/data/ratis/9b6bb57d-34d6-476a-bd19-3f8b1d6b6e4d close()
2019-09-20 04:50:07,166 [d5424862-00f5-4f26-882d-9249b213a1ef:group-D71256FEB5BF:LeaderElection157] INFO  impl.RoleInfo (RoleInfo.java:updateAndGet(143)) - d5424862-00f5-4f26-882d-9249b213a1ef: start LeaderState
2019-09-20 04:50:07,166 [37fe2768-1af7-42e7-8542-10b932802b02:group-196F6E90AB1E:LeaderElection151] INFO  impl.RoleInfo (RoleInfo.java:updateAndGet(143)) - 37fe2768-1af7-42e7-8542-10b932802b02: start LeaderState
2019-09-20 04:50:08,481 [db7872a1-bd52-4e68-8953-a9abbb9642a5:group-A8D7CA26A752:LeaderElection160] INFO  impl.RaftServerImpl (RaftServerImpl.java:setRole(171)) - db7872a1-bd52-4e68-8953-a9abbb9642a5:group-A8D7CA26A752 changes role from CANDIDATE to LEADER at term 1 for changeToLeader
2019-09-20 04:50:08,481 [d5424862-00f5-4f26-882d-9249b213a1ef-SegmentedRaftLogWorker:Storage Directory /workdir/hadoop-ozone/integration-test/target/test-dir/MiniOzoneClusterImpl-3cdd9aee-ba37-4d0d-8930-872cb3194007/datanode-5/data/ratis/89a5c02a-421f-4b84-a5ad-41c2231eb3d6] INFO  segmented.SegmentedRaftLogWorker (SegmentedRaftLogWorker.java:close(228)) - d5424862-00f5-4f26-882d-9249b213a1ef-SegmentedRaftLogWorker:Storage Directory /workdir/hadoop-ozone/integration-test/target/test-dir/MiniOzoneClusterImpl-3cdd9aee-ba37-4d0d-8930-872cb3194007/datanode-5/data/ratis/89a5c02a-421f-4b84-a5ad-41c2231eb3d6 close()
2019-09-20 04:50:08,481 [6a6ac22f-fdb0-4283-a89a-a8bc92b139ca-SegmentedRaftLogWorker:Storage Directory /workdir/hadoop-ozone/integration-test/target/test-dir/MiniOzoneClusterImpl-3cdd9aee-ba37-4d0d-8930-872cb3194007/datanode-4/data/ratis/d487bc1e-a4ea-4425-8d09-a028e35d4535] INFO  segmented.SegmentedRaftLogWorker (SegmentedRaftLogWorker.java:close(228)) - 6a6ac22f-fdb0-4283-a89a-a8bc92b139ca-SegmentedRaftLogWorker:Storage Directory /workdir/hadoop-ozone/integration-test/target/test-dir/MiniOzoneClusterImpl-3cdd9aee-ba37-4d0d-8930-872cb3194007/datanode-4/data/ratis/d487bc1e-a4ea-4425-8d09-a028e35d4535 close()
2019-09-20 04:50:08,480 [6a6ac22f-fdb0-4283-a89a-a8bc92b139ca-SegmentedRaftLogWorker:Storage Directory /workdir/hadoop-ozone/integration-test/target/test-dir/MiniOzoneClusterImpl-3cdd9aee-ba37-4d0d-8930-872cb3194007/datanode-4/data/ratis/ac1dd24a-86cb-45db-a25c-0bb728b7a7c5] INFO  segmented.SegmentedRaftLogWorker (SegmentedRaftLogWorker.java:close(228)) - 6a6ac22f-fdb0-4283-a89a-a8bc92b139ca-SegmentedRaftLogWorker:Storage Directory /workdir/hadoop-ozone/integration-test/target/test-dir/MiniOzoneClusterImpl-3cdd9aee-ba37-4d0d-8930-872cb3194007/datanode-4/data/ratis/ac1dd24a-86cb-45db-a25c-0bb728b7a7c5 close()
2019-09-20 04:50:08,480 [db7872a1-bd52-4e68-8953-a9abbb9642a5:group-3BEB43121A60:LeaderElection159] INFO  server.RaftServerConfigKeys (ConfUtils.java:logGet(43)) - raft.server.watch.timeout = 10s (default)
2019-09-20 04:50:08,482 [db7872a1-bd52-4e68-8953-a9abbb9642a5:group-3BEB43121A60:LeaderElection159] INFO  server.RaftServerConfigKeys (ConfUtils.java:logGet(43)) - raft.server.watch.timeout.denomination = 1s (default)
2019-09-20 04:50:08,473 [Thread-1685] INFO  impl.FollowerState (FollowerState.java:run(106)) - c82e94d7-3693-4569-94b0-cf8ff008d5c0:group-35C74151BFF6 changes to CANDIDATE, lastRpcTime:16260, electionTimeout:5004ms
2019-09-20 04:50:08,473 [Thread-1673] INFO  impl.FollowerState (FollowerState.java:run(106)) - 37fe2768-1af7-42e7-8542-10b932802b02:group-EECAE822BD9D changes to CANDIDATE, lastRpcTime:16621, electionTimeout:5017ms
2019-09-20 04:50:08,195 [c9787825-ea51-4014-8feb-b4ee136c6b23:group-E608E5F09DD5:LeaderElection154] INFO  impl.RaftServerImpl (ServerState.java:setRaftConf(361)) - c9787825-ea51-4014-8feb-b4ee136c6b23:group-E608E5F09DD5 set configuration 0: [c9787825-ea51-4014-8feb-b4ee136c6b23:192.168.36.79:40747], old=null at 0
2019-09-20 04:50:07,912 [c9787825-ea51-4014-8feb-b4ee136c6b23:group-B7EDF4F82E5F:LeaderElection156] INFO  impl.RaftServerImpl (ServerState.java:setRaftConf(361)) - c9787825-ea51-4014-8feb-b4ee136c6b23:group-B7EDF4F82E5F set configuration 0: [c9787825-ea51-4014-8feb-b4ee136c6b23:192.168.36.79:40747], old=null at 0
2019-09-20 04:50:07,912 [37fe2768-1af7-42e7-8542-10b932802b02-SegmentedRaftLogWorker:Storage Directory /workdir/hadoop-ozone/integration-test/target/test-dir/MiniOzoneClusterImpl-3cdd9aee-ba37-4d0d-8930-872cb3194007/datanode-0/data/ratis/40b7cff8-9a6e-4b10-96e2-17508b96c0a6] ERROR segmented.SegmentedRaftLogWorker (SegmentedRaftLogWorker.java:run(323)) - 37fe2768-1af7-42e7-8542-10b932802b02-SegmentedRaftLogWorker:Storage Directory /workdir/hadoop-ozone/integration-test/target/test-dir/MiniOzoneClusterImpl-3cdd9aee-ba37-4d0d-8930-872cb3194007/datanode-0/data/ratis/40b7cff8-9a6e-4b10-96e2-17508b96c0a6 hit exception
java.lang.OutOfMemoryError: Direct buffer memory
	at java.nio.Bits.reserveMemory(Bits.java:666)
	at java.nio.DirectByteBuffer.<init>(DirectByteBuffer.java:123)
	at java.nio.ByteBuffer.allocateDirect(ByteBuffer.java:311)
	at org.apache.ratis.server.raftlog.segmented.BufferedWriteChannel.<init>(BufferedWriteChannel.java:41)
	at org.apache.ratis.server.raftlog.segmented.SegmentedRaftLogOutputStream.<init>(SegmentedRaftLogOutputStream.java:72)
	at org.apache.ratis.server.raftlog.segmented.SegmentedRaftLogWorker$StartLogSegment.execute(SegmentedRaftLogWorker.java:566)
	at org.apache.ratis.server.raftlog.segmented.SegmentedRaftLogWorker.run(SegmentedRaftLogWorker.java:289)
	at java.lang.Thread.run(Thread.java:748)
2019-09-20 04:50:07,606 [6a6ac22f-fdb0-4283-a89a-a8bc92b139ca:group-CABD14F0921E:LeaderElection158] INFO  segmented.SegmentedRaftLogWorker (SegmentedRaftLogWorker.java:startLogSegment(380)) - 6a6ac22f-fdb0-4283-a89a-a8bc92b139ca-SegmentedRaftLogWorker:Storage Directory /workdir/hadoop-ozone/integration-test/target/test-dir/MiniOzoneClusterImpl-3cdd9aee-ba37-4d0d-8930-872cb3194007/datanode-4/data/ratis/c20cfb8f-30a0-4418-a916-cabd14f0921e: Starting segment from index:0
2019-09-20 04:50:07,606 [db7872a1-bd52-4e68-8953-a9abbb9642a5-SegmentedRaftLogWorker:Storage Directory /workdir/hadoop-ozone/integration-test/target/test-dir/MiniOzoneClusterImpl-3cdd9aee-ba37-4d0d-8930-872cb3194007/datanode-6/data/ratis/e4feea08-f97b-4907-87e8-30fc7a2825f2] INFO  segmented.SegmentedRaftLogWorker (SegmentedRaftLogWorker.java:close(228)) - db7872a1-bd52-4e68-8953-a9abbb9642a5-SegmentedRaftLogWorker:Storage Directory /workdir/hadoop-ozone/integration-test/target/test-dir/MiniOzoneClusterImpl-3cdd9aee-ba37-4d0d-8930-872cb3194007/datanode-6/data/ratis/e4feea08-f97b-4907-87e8-30fc7a2825f2 close()
2019-09-20 04:50:08,482 [37fe2768-1af7-42e7-8542-10b932802b02-SegmentedRaftLogWorker:Storage Directory /workdir/hadoop-ozone/integration-test/target/test-dir/MiniOzoneClusterImpl-3cdd9aee-ba37-4d0d-8930-872cb3194007/datanode-0/data/ratis/40b7cff8-9a6e-4b10-96e2-17508b96c0a6] INFO  impl.RaftServerImpl (RaftServerImpl.java:lambda$shutdown$3(245)) - 37fe2768-1af7-42e7-8542-10b932802b02: shutdown group-17508B96C0A6
2019-09-20 04:50:08,482 [Thread-1673] INFO  impl.RoleInfo (RoleInfo.java:shutdownFollowerState(121)) - 37fe2768-1af7-42e7-8542-10b932802b02: shutdown FollowerState
2019-09-20 04:50:08,482 [Thread-1685] INFO  impl.RoleInfo (RoleInfo.java:shutdownFollowerState(121)) - c82e94d7-3693-4569-94b0-cf8ff008d5c0: shutdown FollowerState
2019-09-20 04:50:08,482 [db7872a1-bd52-4e68-8953-a9abbb9642a5:group-3BEB43121A60:LeaderElection159] INFO  server.RaftServerConfigKeys (ConfUtils.java:logGet(43)) - raft.server.watch.element-limit = 65536 (default)
2019-09-20 04:50:08,481 [main] INFO  http.HttpServer2 (HttpServer2.java:addGlobalFilter(975)) - Added global filter 'safety' (class=org.apache.hadoop.http.HttpServer2$QuotingInputFilter)
2019-09-20 04:50:08,481 [db7872a1-bd52-4e68-8953-a9abbb9642a5:group-A8D7CA26A752:LeaderElection160] INFO  impl.RaftServerImpl (ServerState.java:setLeader(263)) - db7872a1-bd52-4e68-8953-a9abbb9642a5:group-A8D7CA26A752 change Leader from null to db7872a1-bd52-4e68-8953-a9abbb9642a5 at term 1 for becomeLeader, leader elected after 13123ms
2019-09-20 04:50:08,481 [d5424862-00f5-4f26-882d-9249b213a1ef:group-D71256FEB5BF:LeaderElection157] INFO  segmented.SegmentedRaftLogWorker (SegmentedRaftLogWorker.java:startLogSegment(380)) - d5424862-00f5-4f26-882d-9249b213a1ef-SegmentedRaftLogWorker:Storage Directory /workdir/hadoop-ozone/integration-test/target/test-dir/MiniOzoneClusterImpl-3cdd9aee-ba37-4d0d-8930-872cb3194007/datanode-5/data/ratis/56d9df2f-8650-4016-a321-d71256feb5bf: Starting segment from index:0
2019-09-20 04:50:08,481 [37fe2768-1af7-42e7-8542-10b932802b02:group-196F6E90AB1E:LeaderElection151] INFO  segmented.SegmentedRaftLogWorker (SegmentedRaftLogWorker.java:startLogSegment(380)) - 37fe2768-1af7-42e7-8542-10b932802b02-SegmentedRaftLogWorker:Storage Directory /workdir/hadoop-ozone/integration-test/target/test-dir/MiniOzoneClusterImpl-3cdd9aee-ba37-4d0d-8930-872cb3194007/datanode-0/data/ratis/92152ee2-c80c-4b4e-9632-196f6e90ab1e: Starting segment from index:0
2019-09-20 04:50:08,779 [main] INFO  http.HttpServer2 (HttpServer2.java:addFilter(948)) - Added filter static_user_filter (class=org.apache.hadoop.http.lib.StaticUserWebFilter$StaticUserFilter) to context ozoneManager
2019-09-20 04:50:08,779 [db7872a1-bd52-4e68-8953-a9abbb9642a5:group-A8D7CA26A752:LeaderElection160] INFO  server.RaftServerConfigKeys (ConfUtils.java:logGet(43)) - raft.server.staging.catchup.gap = 1000 (default)
2019-09-20 04:50:08,779 [db7872a1-bd52-4e68-8953-a9abbb9642a5:group-3BEB43121A60:LeaderElection159] INFO  impl.RoleInfo (RoleInfo.java:updateAndGet(143)) - db7872a1-bd52-4e68-8953-a9abbb9642a5: start LeaderState
2019-09-20 04:50:08,778 [Thread-1685] INFO  impl.RaftServerImpl (RaftServerImpl.java:setRole(171)) - c82e94d7-3693-4569-94b0-cf8ff008d5c0:group-35C74151BFF6 changes role from FOLLOWER to CANDIDATE at term 0 for changeToCandidate
2019-09-20 04:50:08,778 [37fe2768-1af7-42e7-8542-10b932802b02-SegmentedRaftLogWorker:Storage Directory /workdir/hadoop-ozone/integration-test/target/test-dir/MiniOzoneClusterImpl-3cdd9aee-ba37-4d0d-8930-872cb3194007/datanode-0/data/ratis/40b7cff8-9a6e-4b10-96e2-17508b96c0a6] INFO  util.JmxRegister (JmxRegister.java:unregister(73)) - Successfully un-registered JMX Bean with object name Ratis:service=RaftServer,group=group-17508B96C0A6,id=37fe2768-1af7-42e7-8542-10b932802b02
2019-09-20 04:50:08,778 [Thread-1673] INFO  impl.RaftServerImpl (RaftServerImpl.java:setRole(171)) - 37fe2768-1af7-42e7-8542-10b932802b02:group-EECAE822BD9D changes role from FOLLOWER to CANDIDATE at term 0 for changeToCandidate
2019-09-20 04:50:08,778 [6a6ac22f-fdb0-4283-a89a-a8bc92b139ca:group-CABD14F0921E:LeaderElection158] INFO  impl.RaftServerImpl (ServerState.java:setRaftConf(361)) - 6a6ac22f-fdb0-4283-a89a-a8bc92b139ca:group-CABD14F0921E set configuration 0: [6a6ac22f-fdb0-4283-a89a-a8bc92b139ca:192.168.36.79:45432], old=null at 0
2019-09-20 04:50:08,760 [37fe2768-1af7-42e7-8542-10b932802b02-SegmentedRaftLogWorker:Storage Directory /workdir/hadoop-ozone/integration-test/target/test-dir/MiniOzoneClusterImpl-3cdd9aee-ba37-4d0d-8930-872cb3194007/datanode-0/data/ratis/e4953fae-4189-42ad-b819-8ec407f8b4a5] ERROR segmented.SegmentedRaftLogWorker (SegmentedRaftLogWorker.java:run(323)) - 37fe2768-1af7-42e7-8542-10b932802b02-SegmentedRaftLogWorker:Storage Directory /workdir/hadoop-ozone/integration-test/target/test-dir/MiniOzoneClusterImpl-3cdd9aee-ba37-4d0d-8930-872cb3194007/datanode-0/data/ratis/e4953fae-4189-42ad-b819-8ec407f8b4a5 hit exception
java.lang.OutOfMemoryError: Direct buffer memory
	at java.nio.Bits.reserveMemory(Bits.java:666)
	at java.nio.DirectByteBuffer.<init>(DirectByteBuffer.java:123)
	at java.nio.ByteBuffer.allocateDirect(ByteBuffer.java:311)
	at org.apache.ratis.server.raftlog.segmented.BufferedWriteChannel.<init>(BufferedWriteChannel.java:41)
	at org.apache.ratis.server.raftlog.segmented.SegmentedRaftLogOutputStream.<init>(SegmentedRaftLogOutputStream.java:72)
	at org.apache.ratis.server.raftlog.segmented.SegmentedRaftLogWorker$StartLogSegment.execute(SegmentedRaftLogWorker.java:566)
	at org.apache.ratis.server.raftlog.segmented.SegmentedRaftLogWorker.run(SegmentedRaftLogWorker.java:289)
	at java.lang.Thread.run(Thread.java:748)
2019-09-20 04:50:08,760 [1b138595-92e4-4592-9dfc-2bb97fb4c88b-SegmentedRaftLogWorker:Storage Directory /workdir/hadoop-ozone/integration-test/target/test-dir/MiniOzoneClusterImpl-3cdd9aee-ba37-4d0d-8930-872cb3194007/datanode-2/data/ratis/e179521c-1528-4d71-a925-c627b1d59489] ERROR segmented.SegmentedRaftLogWorker (SegmentedRaftLogWorker.java:run(323)) - 1b138595-92e4-4592-9dfc-2bb97fb4c88b-SegmentedRaftLogWorker:Storage Directory /workdir/hadoop-ozone/integration-test/target/test-dir/MiniOzoneClusterImpl-3cdd9aee-ba37-4d0d-8930-872cb3194007/datanode-2/data/ratis/e179521c-1528-4d71-a925-c627b1d59489 hit exception
java.lang.OutOfMemoryError: Direct buffer memory
	at java.nio.Bits.reserveMemory(Bits.java:666)
	at java.nio.DirectByteBuffer.<init>(DirectByteBuffer.java:123)
	at java.nio.ByteBuffer.allocateDirect(ByteBuffer.java:311)
	at org.apache.ratis.server.raftlog.segmented.BufferedWriteChannel.<init>(BufferedWriteChannel.java:41)
	at org.apache.ratis.server.raftlog.segmented.SegmentedRaftLogOutputStream.<init>(SegmentedRaftLogOutputStream.java:72)
	at org.apache.ratis.server.raftlog.segmented.SegmentedRaftLogWorker$StartLogSegment.execute(SegmentedRaftLogWorker.java:566)
	at org.apache.ratis.server.raftlog.segmented.SegmentedRaftLogWorker.run(SegmentedRaftLogWorker.java:289)
	at java.lang.Thread.run(Thread.java:748)
2019-09-20 04:50:09,435 [37fe2768-1af7-42e7-8542-10b932802b02-SegmentedRaftLogWorker:Storage Directory /workdir/hadoop-ozone/integration-test/target/test-dir/MiniOzoneClusterImpl-3cdd9aee-ba37-4d0d-8930-872cb3194007/datanode-0/data/ratis/e4953fae-4189-42ad-b819-8ec407f8b4a5] INFO  impl.RaftServerImpl (RaftServerImpl.java:lambda$shutdown$3(245)) - 37fe2768-1af7-42e7-8542-10b932802b02: shutdown group-8EC407F8B4A5
2019-09-20 04:50:09,435 [Thread-1673] INFO  impl.RoleInfo (RoleInfo.java:updateAndGet(143)) - 37fe2768-1af7-42e7-8542-10b932802b02: start LeaderElection
2019-09-20 04:50:09,427 [37fe2768-1af7-42e7-8542-10b932802b02-SegmentedRaftLogWorker:Storage Directory /workdir/hadoop-ozone/integration-test/target/test-dir/MiniOzoneClusterImpl-3cdd9aee-ba37-4d0d-8930-872cb3194007/datanode-0/data/ratis/40b7cff8-9a6e-4b10-96e2-17508b96c0a6] INFO  impl.RoleInfo (RoleInfo.java:shutdownLeaderState(104)) - 37fe2768-1af7-42e7-8542-10b932802b02: shutdown LeaderState
2019-09-20 04:50:09,427 [Thread-1685] INFO  impl.RoleInfo (RoleInfo.java:updateAndGet(143)) - c82e94d7-3693-4569-94b0-cf8ff008d5c0: start LeaderElection
2019-09-20 04:50:09,107 [db7872a1-bd52-4e68-8953-a9abbb9642a5:group-3BEB43121A60:LeaderElection159] INFO  segmented.SegmentedRaftLogWorker (SegmentedRaftLogWorker.java:startLogSegment(380)) - db7872a1-bd52-4e68-8953-a9abbb9642a5-SegmentedRaftLogWorker:Storage Directory /workdir/hadoop-ozone/integration-test/target/test-dir/MiniOzoneClusterImpl-3cdd9aee-ba37-4d0d-8930-872cb3194007/datanode-6/data/ratis/16dad831-1ed5-43bd-9535-3beb43121a60: Starting segment from index:0
2019-09-20 04:50:09,107 [db7872a1-bd52-4e68-8953-a9abbb9642a5:group-A8D7CA26A752:LeaderElection160] INFO  server.RaftServerConfigKeys (ConfUtils.java:logGet(43)) - raft.server.rpc.sleep.time = 25ms (default)
2019-09-20 04:50:09,107 [37fe2768-1af7-42e7-8542-10b932802b02:group-196F6E90AB1E:LeaderElection151] INFO  impl.RaftServerImpl (ServerState.java:setRaftConf(361)) - 37fe2768-1af7-42e7-8542-10b932802b02:group-196F6E90AB1E set configuration 0: [37fe2768-1af7-42e7-8542-10b932802b02:192.168.36.79:41936], old=null at 0
2019-09-20 04:50:08,779 [d5424862-00f5-4f26-882d-9249b213a1ef:group-D71256FEB5BF:LeaderElection157] INFO  impl.RaftServerImpl (ServerState.java:setRaftConf(361)) - d5424862-00f5-4f26-882d-9249b213a1ef:group-D71256FEB5BF set configuration 0: [d5424862-00f5-4f26-882d-9249b213a1ef:192.168.36.79:37251], old=null at 0
2019-09-20 04:50:08,779 [main] INFO  http.HttpServer2 (HttpServer2.java:addFilter(958)) - Added filter static_user_filter (class=org.apache.hadoop.http.lib.StaticUserWebFilter$StaticUserFilter) to context logs
2019-09-20 04:50:09,437 [db7872a1-bd52-4e68-8953-a9abbb9642a5:group-3BEB43121A60:LeaderElection159] INFO  impl.RaftServerImpl (ServerState.java:setRaftConf(361)) - db7872a1-bd52-4e68-8953-a9abbb9642a5:group-3BEB43121A60 set configuration 0: [db7872a1-bd52-4e68-8953-a9abbb9642a5:192.168.36.79:33028], old=null at 0
2019-09-20 04:50:09,436 [db7872a1-bd52-4e68-8953-a9abbb9642a5:group-A8D7CA26A752:LeaderElection160] INFO  server.RaftServerConfigKeys (ConfUtils.java:logGet(43)) - raft.server.write.element-limit = 4096 (default)
2019-09-20 04:50:09,436 [37fe2768-1af7-42e7-8542-10b932802b02-SegmentedRaftLogWorker:Storage Directory /workdir/hadoop-ozone/integration-test/target/test-dir/MiniOzoneClusterImpl-3cdd9aee-ba37-4d0d-8930-872cb3194007/datanode-0/data/ratis/40b7cff8-9a6e-4b10-96e2-17508b96c0a6] INFO  impl.PendingRequests (PendingRequests.java:sendNotLeaderResponses(202)) - 37fe2768-1af7-42e7-8542-10b932802b02-PendingRequests: sendNotLeaderResponses
2019-09-20 04:50:09,436 [37fe2768-1af7-42e7-8542-10b932802b02-SegmentedRaftLogWorker:Storage Directory /workdir/hadoop-ozone/integration-test/target/test-dir/MiniOzoneClusterImpl-3cdd9aee-ba37-4d0d-8930-872cb3194007/datanode-0/data/ratis/e4953fae-4189-42ad-b819-8ec407f8b4a5] INFO  util.JmxRegister (JmxRegister.java:unregister(73)) - Successfully un-registered JMX Bean with object name Ratis:service=RaftServer,group=group-8EC407F8B4A5,id=37fe2768-1af7-42e7-8542-10b932802b02
2019-09-20 04:50:09,435 [1b138595-92e4-4592-9dfc-2bb97fb4c88b-SegmentedRaftLogWorker:Storage Directory /workdir/hadoop-ozone/integration-test/target/test-dir/MiniOzoneClusterImpl-3cdd9aee-ba37-4d0d-8930-872cb3194007/datanode-2/data/ratis/e179521c-1528-4d71-a925-c627b1d59489] INFO  impl.RaftServerImpl (RaftServerImpl.java:lambda$shutdown$3(245)) - 1b138595-92e4-4592-9dfc-2bb97fb4c88b: shutdown group-C627B1D59489
2019-09-20 04:50:09,437 [37fe2768-1af7-42e7-8542-10b932802b02-SegmentedRaftLogWorker:Storage Directory /workdir/hadoop-ozone/integration-test/target/test-dir/MiniOzoneClusterImpl-3cdd9aee-ba37-4d0d-8930-872cb3194007/datanode-0/data/ratis/40b7cff8-9a6e-4b10-96e2-17508b96c0a6] INFO  impl.StateMachineUpdater (StateMachineUpdater.java:stopAndJoin(115)) - StateMachineUpdater:37fe2768-1af7-42e7-8542-10b932802b02:group-17508B96C0A6: set stopIndex = -1
2019-09-20 04:50:09,437 [37fe2768-1af7-42e7-8542-10b932802b02-SegmentedRaftLogWorker:Storage Directory /workdir/hadoop-ozone/integration-test/target/test-dir/MiniOzoneClusterImpl-3cdd9aee-ba37-4d0d-8930-872cb3194007/datanode-0/data/ratis/e4953fae-4189-42ad-b819-8ec407f8b4a5] INFO  impl.RoleInfo (RoleInfo.java:shutdownLeaderState(104)) - 37fe2768-1af7-42e7-8542-10b932802b02: shutdown LeaderState
2019-09-20 04:50:09,437 [db7872a1-bd52-4e68-8953-a9abbb9642a5:group-A8D7CA26A752:LeaderElection160] INFO  server.RaftServerConfigKeys (ConfUtils.java:logGet(43)) - raft.server.watch.timeout = 10s (default)
2019-09-20 04:50:09,437 [main] INFO  http.HttpServer2 (HttpServer2.java:addFilter(958)) - Added filter static_user_filter (class=org.apache.hadoop.http.lib.StaticUserWebFilter$StaticUserFilter) to context static
2019-09-20 04:50:09,438 [db7872a1-bd52-4e68-8953-a9abbb9642a5:group-A8D7CA26A752:LeaderElection160] INFO  server.RaftServerConfigKeys (ConfUtils.java:logGet(43)) - raft.server.watch.timeout.denomination = 1s (default)
2019-09-20 04:50:09,438 [37fe2768-1af7-42e7-8542-10b932802b02-SegmentedRaftLogWorker:Storage Directory /workdir/hadoop-ozone/integration-test/target/test-dir/MiniOzoneClusterImpl-3cdd9aee-ba37-4d0d-8930-872cb3194007/datanode-0/data/ratis/e4953fae-4189-42ad-b819-8ec407f8b4a5] INFO  impl.PendingRequests (PendingRequests.java:sendNotLeaderResponses(202)) - 37fe2768-1af7-42e7-8542-10b932802b02-PendingRequests: sendNotLeaderResponses
2019-09-20 04:50:09,438 [37fe2768-1af7-42e7-8542-10b932802b02-SegmentedRaftLogWorker:Storage Directory /workdir/hadoop-ozone/integration-test/target/test-dir/MiniOzoneClusterImpl-3cdd9aee-ba37-4d0d-8930-872cb3194007/datanode-0/data/ratis/40b7cff8-9a6e-4b10-96e2-17508b96c0a6] INFO  impl.RaftServerImpl (ServerState.java:close(394)) - 37fe2768-1af7-42e7-8542-10b932802b02:group-17508B96C0A6 closes. The last applied log index is -1
2019-09-20 04:50:09,437 [1b138595-92e4-4592-9dfc-2bb97fb4c88b-SegmentedRaftLogWorker:Storage Directory /workdir/hadoop-ozone/integration-test/target/test-dir/MiniOzoneClusterImpl-3cdd9aee-ba37-4d0d-8930-872cb3194007/datanode-2/data/ratis/e179521c-1528-4d71-a925-c627b1d59489] INFO  util.JmxRegister (JmxRegister.java:unregister(73)) - Successfully un-registered JMX Bean with object name Ratis:service=RaftServer,group=group-C627B1D59489,id=1b138595-92e4-4592-9dfc-2bb97fb4c88b
2019-09-20 04:50:09,438 [37fe2768-1af7-42e7-8542-10b932802b02-SegmentedRaftLogWorker:Storage Directory /workdir/hadoop-ozone/integration-test/target/test-dir/MiniOzoneClusterImpl-3cdd9aee-ba37-4d0d-8930-872cb3194007/datanode-0/data/ratis/40b7cff8-9a6e-4b10-96e2-17508b96c0a6] INFO  segmented.SegmentedRaftLogWorker (SegmentedRaftLogWorker.java:close(228)) - 37fe2768-1af7-42e7-8542-10b932802b02-SegmentedRaftLogWorker:Storage Directory /workdir/hadoop-ozone/integration-test/target/test-dir/MiniOzoneClusterImpl-3cdd9aee-ba37-4d0d-8930-872cb3194007/datanode-0/data/ratis/40b7cff8-9a6e-4b10-96e2-17508b96c0a6 close()
2019-09-20 04:50:09,438 [37fe2768-1af7-42e7-8542-10b932802b02-SegmentedRaftLogWorker:Storage Directory /workdir/hadoop-ozone/integration-test/target/test-dir/MiniOzoneClusterImpl-3cdd9aee-ba37-4d0d-8930-872cb3194007/datanode-0/data/ratis/e4953fae-4189-42ad-b819-8ec407f8b4a5] INFO  impl.StateMachineUpdater (StateMachineUpdater.java:stopAndJoin(115)) - StateMachineUpdater:37fe2768-1af7-42e7-8542-10b932802b02:group-8EC407F8B4A5: set stopIndex = -1
2019-09-20 04:50:09,438 [db7872a1-bd52-4e68-8953-a9abbb9642a5:group-A8D7CA26A752:LeaderElection160] INFO  server.RaftServerConfigKeys (ConfUtils.java:logGet(43)) - raft.server.watch.element-limit = 65536 (default)
2019-09-20 04:50:09,439 [37fe2768-1af7-42e7-8542-10b932802b02-SegmentedRaftLogWorker:Storage Directory /workdir/hadoop-ozone/integration-test/target/test-dir/MiniOzoneClusterImpl-3cdd9aee-ba37-4d0d-8930-872cb3194007/datanode-0/data/ratis/e4953fae-4189-42ad-b819-8ec407f8b4a5] INFO  impl.RaftServerImpl (ServerState.java:close(394)) - 37fe2768-1af7-42e7-8542-10b932802b02:group-8EC407F8B4A5 closes. The last applied log index is -1
2019-09-20 04:50:09,439 [db7872a1-bd52-4e68-8953-a9abbb9642a5:group-A8D7CA26A752:LeaderElection160] INFO  impl.RoleInfo (RoleInfo.java:updateAndGet(143)) - db7872a1-bd52-4e68-8953-a9abbb9642a5: start LeaderState
2019-09-20 04:50:09,438 [1b138595-92e4-4592-9dfc-2bb97fb4c88b-SegmentedRaftLogWorker:Storage Directory /workdir/hadoop-ozone/integration-test/target/test-dir/MiniOzoneClusterImpl-3cdd9aee-ba37-4d0d-8930-872cb3194007/datanode-2/data/ratis/e179521c-1528-4d71-a925-c627b1d59489] INFO  impl.RoleInfo (RoleInfo.java:shutdownLeaderState(104)) - 1b138595-92e4-4592-9dfc-2bb97fb4c88b: shutdown LeaderState
2019-09-20 04:50:09,439 [37fe2768-1af7-42e7-8542-10b932802b02-SegmentedRaftLogWorker:Storage Directory /workdir/hadoop-ozone/integration-test/target/test-dir/MiniOzoneClusterImpl-3cdd9aee-ba37-4d0d-8930-872cb3194007/datanode-0/data/ratis/e4953fae-4189-42ad-b819-8ec407f8b4a5] INFO  segmented.SegmentedRaftLogWorker (SegmentedRaftLogWorker.java:close(228)) - 37fe2768-1af7-42e7-8542-10b932802b02-SegmentedRaftLogWorker:Storage Directory /workdir/hadoop-ozone/integration-test/target/test-dir/MiniOzoneClusterImpl-3cdd9aee-ba37-4d0d-8930-872cb3194007/datanode-0/data/ratis/e4953fae-4189-42ad-b819-8ec407f8b4a5 close()
2019-09-20 04:50:09,439 [main] INFO  http.HttpServer2 (HttpServer2.java:bindListener(1191)) - Jetty bound to port 41075
2019-09-20 04:50:09,439 [db7872a1-bd52-4e68-8953-a9abbb9642a5:group-A8D7CA26A752:LeaderElection160] INFO  segmented.SegmentedRaftLogWorker (SegmentedRaftLogWorker.java:startLogSegment(380)) - db7872a1-bd52-4e68-8953-a9abbb9642a5-SegmentedRaftLogWorker:Storage Directory /workdir/hadoop-ozone/integration-test/target/test-dir/MiniOzoneClusterImpl-3cdd9aee-ba37-4d0d-8930-872cb3194007/datanode-6/data/ratis/5f18714c-415f-41cc-9679-a8d7ca26a752: Starting segment from index:0
2019-09-20 04:50:09,439 [1b138595-92e4-4592-9dfc-2bb97fb4c88b-SegmentedRaftLogWorker:Storage Directory /workdir/hadoop-ozone/integration-test/target/test-dir/MiniOzoneClusterImpl-3cdd9aee-ba37-4d0d-8930-872cb3194007/datanode-2/data/ratis/e179521c-1528-4d71-a925-c627b1d59489] INFO  impl.PendingRequests (PendingRequests.java:sendNotLeaderResponses(202)) - 1b138595-92e4-4592-9dfc-2bb97fb4c88b-PendingRequests: sendNotLeaderResponses
2019-09-20 04:50:09,439 [main] INFO  server.Server (Server.java:doStart(351)) - jetty-9.3.24.v20180605, build timestamp: 2018-06-05T17:11:56Z, git hash: 84205aa28f11a4f31f2a3b86d1bba2cc8ab69827
2019-09-20 04:50:09,440 [db7872a1-bd52-4e68-8953-a9abbb9642a5:group-A8D7CA26A752:LeaderElection160] INFO  impl.RaftServerImpl (ServerState.java:setRaftConf(361)) - db7872a1-bd52-4e68-8953-a9abbb9642a5:group-A8D7CA26A752 set configuration 0: [db7872a1-bd52-4e68-8953-a9abbb9642a5:192.168.36.79:33028], old=null at 0
2019-09-20 04:50:09,439 [1b138595-92e4-4592-9dfc-2bb97fb4c88b-SegmentedRaftLogWorker:Storage Directory /workdir/hadoop-ozone/integration-test/target/test-dir/MiniOzoneClusterImpl-3cdd9aee-ba37-4d0d-8930-872cb3194007/datanode-2/data/ratis/e179521c-1528-4d71-a925-c627b1d59489] INFO  impl.StateMachineUpdater (StateMachineUpdater.java:stopAndJoin(115)) - StateMachineUpdater:1b138595-92e4-4592-9dfc-2bb97fb4c88b:group-C627B1D59489: set stopIndex = -1
2019-09-20 04:50:09,440 [1b138595-92e4-4592-9dfc-2bb97fb4c88b-SegmentedRaftLogWorker:Storage Directory /workdir/hadoop-ozone/integration-test/target/test-dir/MiniOzoneClusterImpl-3cdd9aee-ba37-4d0d-8930-872cb3194007/datanode-2/data/ratis/e179521c-1528-4d71-a925-c627b1d59489] INFO  impl.RaftServerImpl (ServerState.java:close(394)) - 1b138595-92e4-4592-9dfc-2bb97fb4c88b:group-C627B1D59489 closes. The last applied log index is -1
2019-09-20 04:50:09,440 [1b138595-92e4-4592-9dfc-2bb97fb4c88b-SegmentedRaftLogWorker:Storage Directory /workdir/hadoop-ozone/integration-test/target/test-dir/MiniOzoneClusterImpl-3cdd9aee-ba37-4d0d-8930-872cb3194007/datanode-2/data/ratis/e179521c-1528-4d71-a925-c627b1d59489] INFO  segmented.SegmentedRaftLogWorker (SegmentedRaftLogWorker.java:close(228)) - 1b138595-92e4-4592-9dfc-2bb97fb4c88b-SegmentedRaftLogWorker:Storage Directory /workdir/hadoop-ozone/integration-test/target/test-dir/MiniOzoneClusterImpl-3cdd9aee-ba37-4d0d-8930-872cb3194007/datanode-2/data/ratis/e179521c-1528-4d71-a925-c627b1d59489 close()
2019-09-20 04:50:09,441 [main] INFO  handler.ContextHandler (ContextHandler.java:doStart(781)) - Started o.e.j.s.ServletContextHandler@2bfe4df9{/logs,file:///workdir/hadoop-ozone/integration-test/target/log,AVAILABLE}
2019-09-20 04:50:09,868 | INFO  | SCMAudit | user=jenkins1000 | ip=192.168.36.79 | op=SEND_HEARTBEAT {datanodeUUID=c9787825-ea51-4014-8feb-b4ee136c6b23, command=[]} | ret=SUCCESS |  
2019-09-20 04:50:09,868 | INFO  | SCMAudit | user=jenkins1000 | ip=192.168.36.79 | op=SEND_HEARTBEAT {datanodeUUID=db7872a1-bd52-4e68-8953-a9abbb9642a5, command=[]} | ret=SUCCESS |  
2019-09-20 04:50:09,868 | INFO  | SCMAudit | user=jenkins1000 | ip=192.168.36.79 | op=SEND_HEARTBEAT {datanodeUUID=6a6ac22f-fdb0-4283-a89a-a8bc92b139ca, command=[]} | ret=SUCCESS |  
2019-09-20 04:50:09,868 | INFO  | SCMAudit | user=jenkins1000 | ip=192.168.36.79 | op=SEND_HEARTBEAT {datanodeUUID=1b138595-92e4-4592-9dfc-2bb97fb4c88b, command=[]} | ret=SUCCESS |  
2019-09-20 04:50:09,868 | INFO  | SCMAudit | user=jenkins1000 | ip=192.168.36.79 | op=SEND_HEARTBEAT {datanodeUUID=d5424862-00f5-4f26-882d-9249b213a1ef, command=[]} | ret=SUCCESS |  
2019-09-20 04:50:09,868 | INFO  | SCMAudit | user=jenkins1000 | ip=192.168.36.79 | op=SEND_HEARTBEAT {datanodeUUID=c82e94d7-3693-4569-94b0-cf8ff008d5c0, command=[]} | ret=SUCCESS |  
2019-09-20 04:50:09,868 | INFO  | SCMAudit | user=jenkins1000 | ip=192.168.36.79 | op=SEND_HEARTBEAT {datanodeUUID=37fe2768-1af7-42e7-8542-10b932802b02, command=[]} | ret=SUCCESS |  
2019-09-20 04:50:09,869 | INFO  | SCMAudit | user=jenkins1000 | ip=192.168.36.79 | op=SEND_HEARTBEAT {datanodeUUID=8538cd65-7926-426b-8bad-fbd0f0550f9a, command=[]} | ret=SUCCESS |  
2019-09-20 04:50:09,869 | INFO  | SCMAudit | user=jenkins1000 | ip=192.168.36.79 | op=SEND_HEARTBEAT {datanodeUUID=8d97392c-5f4b-400a-94a1-fb61a3ebbc99, command=[]} | ret=SUCCESS |  
2019-09-20 04:50:09,869 | INFO  | SCMAudit | user=jenkins1000 | ip=192.168.36.79 | op=SEND_HEARTBEAT {datanodeUUID=fdbc37f2-9e58-4bac-a5d5-a78839d012e9, command=[]} | ret=SUCCESS |  
2019-09-20 04:50:09,869 | INFO  | SCMAudit | user=jenkins1000 | ip=192.168.36.79 | op=SEND_HEARTBEAT {datanodeUUID=dba845b8-ea76-4e09-ab03-0883d354e493, command=[]} | ret=SUCCESS |  
2019-09-20 04:50:09,869 | INFO  | SCMAudit | user=jenkins1000 | ip=192.168.36.79 | op=SEND_HEARTBEAT {datanodeUUID=a9bc59c4-b792-48d5-9db2-4e71770477b1, command=[]} | ret=SUCCESS |  
2019-09-20 04:50:09,869 | INFO  | SCMAudit | user=jenkins1000 | ip=192.168.36.79 | op=SEND_HEARTBEAT {datanodeUUID=2702b462-69d8-4c1b-aae1-091a21fe08b8, command=[]} | ret=SUCCESS |  
2019-09-20 04:50:09,869 | INFO  | SCMAudit | user=jenkins1000 | ip=192.168.36.79 | op=SEND_HEARTBEAT {datanodeUUID=42fc6e92-fcdd-4827-b621-9fc58a3d2315, command=[]} | ret=SUCCESS |  
2019-09-20 04:50:09,869 | INFO  | SCMAudit | user=jenkins1000 | ip=192.168.36.79 | op=SEND_HEARTBEAT {datanodeUUID=5ea19b84-5385-4ae9-8412-c4cfa929b172, command=[]} | ret=SUCCESS |  
2019-09-20 04:50:09,869 | INFO  | SCMAudit | user=jenkins1000 | ip=192.168.36.79 | op=SEND_HEARTBEAT {datanodeUUID=0ad3f89e-804f-4845-89c5-5ff1a35a5dda, command=[]} | ret=SUCCESS |  
2019-09-20 04:50:09,869 | INFO  | SCMAudit | user=jenkins1000 | ip=192.168.36.79 | op=SEND_HEARTBEAT {datanodeUUID=68a93ad8-b6a8-44e1-8a9f-45fcc58d229a, command=[]} | ret=SUCCESS |  
2019-09-20 04:50:09,869 | INFO  | SCMAudit | user=jenkins1000 | ip=192.168.36.79 | op=SEND_HEARTBEAT {datanodeUUID=2d6465ef-cffa-473a-a4c6-a9aa3f1a26c0, command=[]} | ret=SUCCESS |  
2019-09-20 04:50:09,869 | INFO  | SCMAudit | user=jenkins1000 | ip=192.168.36.79 | op=SEND_HEARTBEAT {datanodeUUID=eb30d72f-c0a8-4ecb-bfee-9120a9a6cddf, command=[]} | ret=SUCCESS |  
2019-09-20 04:50:09,869 | INFO  | SCMAudit | user=jenkins1000 | ip=192.168.36.79 | op=SEND_HEARTBEAT {datanodeUUID=eaf3ecbe-c3b1-4969-ad3a-e4de7fb04f81, command=[]} | ret=SUCCESS |  
2019-09-20 04:50:09,869 | INFO  | SCMAudit | user=jenkins1000 | ip=192.168.36.79 | op=SEND_HEARTBEAT {datanodeUUID=ba95d636-ac34-4b74-a102-dec8d0f377c6, command=[]} | ret=SUCCESS |  
2019-09-20 04:50:09,869 | INFO  | SCMAudit | user=jenkins1000 | ip=192.168.36.79 | op=SEND_HEARTBEAT {datanodeUUID=3c2a6bfe-f5c5-4e23-89b0-850dab17697d, command=[]} | ret=SUCCESS |  
2019-09-20 04:50:09,869 | INFO  | SCMAudit | user=jenkins1000 | ip=192.168.36.79 | op=SEND_HEARTBEAT {datanodeUUID=ea71b9af-1075-4196-9693-aa14e10f536d, command=[]} | ret=SUCCESS |  
2019-09-20 04:50:09,869 | INFO  | SCMAudit | user=jenkins1000 | ip=192.168.36.79 | op=SEND_HEARTBEAT {datanodeUUID=f4e549ee-a6fa-4eb9-8541-129d0566fdf5, command=[]} | ret=SUCCESS |  
2019-09-20 04:50:09,869 | INFO  | SCMAudit | user=jenkins1000 | ip=192.168.36.79 | op=SEND_HEARTBEAT {datanodeUUID=236eed40-dd97-4fdc-a0ae-ab99685a426b, command=[]} | ret=SUCCESS |  
2019-09-20 04:50:09,869 | INFO  | SCMAudit | user=jenkins1000 | ip=192.168.36.79 | op=SEND_HEARTBEAT {datanodeUUID=c4f6294c-eda3-4afd-81f7-e69ed14da69f, command=[]} | ret=SUCCESS |  
2019-09-20 04:50:09,869 | INFO  | SCMAudit | user=jenkins1000 | ip=192.168.36.79 | op=SEND_HEARTBEAT {datanodeUUID=1d91ad97-6666-4ee7-855a-8b5e944e7401, command=[]} | ret=SUCCESS |  
2019-09-20 04:50:09,869 | INFO  | SCMAudit | user=jenkins1000 | ip=192.168.36.79 | op=SEND_HEARTBEAT {datanodeUUID=bd1a845e-f2ed-4713-9516-9ccc20139040, command=[]} | ret=SUCCESS |  
2019-09-20 04:50:09,869 [main] INFO  handler.ContextHandler (ContextHandler.java:doStart(781)) - Started o.e.j.s.ServletContextHandler@121b7a95{/static,file:///workdir/hadoop-ozone/integration-test/target/test-classes/webapps/static,AVAILABLE}
2019-09-20 04:50:09,875 [main] INFO  handler.ContextHandler (ContextHandler.java:doStart(781)) - Started o.e.j.w.WebAppContext@62ad5f35{/,file:///workdir/hadoop-ozone/integration-test/target/test-classes/webapps/ozoneManager/,AVAILABLE}{/ozoneManager}
2019-09-20 04:50:09,875 [main] INFO  server.AbstractConnector (AbstractConnector.java:doStart(278)) - Started ServerConnector@5e6ad84c{HTTP/1.1,[http/1.1]}{0.0.0.0:41075}
2019-09-20 04:50:09,887 [main] INFO  server.Server (Server.java:doStart(419)) - Started @91875ms
2019-09-20 04:50:09,888 [main] INFO  server.BaseHttpServer (BaseHttpServer.java:updateConnectorAddress(213)) - HTTP server of OZONEMANAGER is listening at http://0.0.0.0:41075
2019-09-20 04:50:09,892 [37fe2768-1af7-42e7-8542-10b932802b02:group-EECAE822BD9D:LeaderElection162] INFO  impl.LeaderElection (LeaderElection.java:askForVotes(181)) - 37fe2768-1af7-42e7-8542-10b932802b02:group-EECAE822BD9D:LeaderElection162: begin an election at term 1 for -1: [37fe2768-1af7-42e7-8542-10b932802b02:192.168.36.79:41936], old=null
2019-09-20 04:50:09,892 [c82e94d7-3693-4569-94b0-cf8ff008d5c0:group-35C74151BFF6:LeaderElection161] INFO  impl.LeaderElection (LeaderElection.java:askForVotes(181)) - c82e94d7-3693-4569-94b0-cf8ff008d5c0:group-35C74151BFF6:LeaderElection161: begin an election at term 1 for -1: [c82e94d7-3693-4569-94b0-cf8ff008d5c0:192.168.36.79:33912], old=null
2019-09-20 04:50:09,893 [37fe2768-1af7-42e7-8542-10b932802b02:group-EECAE822BD9D:LeaderElection162] INFO  impl.RoleInfo (RoleInfo.java:shutdownLeaderElection(134)) - 37fe2768-1af7-42e7-8542-10b932802b02: shutdown LeaderElection
2019-09-20 04:50:09,893 [c82e94d7-3693-4569-94b0-cf8ff008d5c0:group-35C74151BFF6:LeaderElection161] INFO  impl.RoleInfo (RoleInfo.java:shutdownLeaderElection(134)) - c82e94d7-3693-4569-94b0-cf8ff008d5c0: shutdown LeaderElection
2019-09-20 04:50:09,893 [37fe2768-1af7-42e7-8542-10b932802b02:group-EECAE822BD9D:LeaderElection162] INFO  impl.RaftServerImpl (RaftServerImpl.java:setRole(171)) - 37fe2768-1af7-42e7-8542-10b932802b02:group-EECAE822BD9D changes role from CANDIDATE to LEADER at term 1 for changeToLeader
2019-09-20 04:50:09,893 [c82e94d7-3693-4569-94b0-cf8ff008d5c0:group-35C74151BFF6:LeaderElection161] INFO  impl.RaftServerImpl (RaftServerImpl.java:setRole(171)) - c82e94d7-3693-4569-94b0-cf8ff008d5c0:group-35C74151BFF6 changes role from CANDIDATE to LEADER at term 1 for changeToLeader
2019-09-20 04:50:09,893 [37fe2768-1af7-42e7-8542-10b932802b02:group-EECAE822BD9D:LeaderElection162] INFO  impl.RaftServerImpl (ServerState.java:setLeader(263)) - 37fe2768-1af7-42e7-8542-10b932802b02:group-EECAE822BD9D change Leader from null to 37fe2768-1af7-42e7-8542-10b932802b02 at term 1 for becomeLeader, leader elected after 18043ms
2019-09-20 04:50:09,893 [c82e94d7-3693-4569-94b0-cf8ff008d5c0:group-35C74151BFF6:LeaderElection161] INFO  impl.RaftServerImpl (ServerState.java:setLeader(263)) - c82e94d7-3693-4569-94b0-cf8ff008d5c0:group-35C74151BFF6 change Leader from null to c82e94d7-3693-4569-94b0-cf8ff008d5c0 at term 1 for becomeLeader, leader elected after 17684ms
2019-09-20 04:50:09,893 [37fe2768-1af7-42e7-8542-10b932802b02:group-EECAE822BD9D:LeaderElection162] INFO  server.RaftServerConfigKeys (ConfUtils.java:logGet(43)) - raft.server.staging.catchup.gap = 1000 (default)
2019-09-20 04:50:09,893 [c82e94d7-3693-4569-94b0-cf8ff008d5c0:group-35C74151BFF6:LeaderElection161] INFO  server.RaftServerConfigKeys (ConfUtils.java:logGet(43)) - raft.server.staging.catchup.gap = 1000 (default)
2019-09-20 04:50:09,893 [37fe2768-1af7-42e7-8542-10b932802b02:group-EECAE822BD9D:LeaderElection162] INFO  server.RaftServerConfigKeys (ConfUtils.java:logGet(43)) - raft.server.rpc.sleep.time = 25ms (default)
2019-09-20 04:50:09,893 [c82e94d7-3693-4569-94b0-cf8ff008d5c0:group-35C74151BFF6:LeaderElection161] INFO  server.RaftServerConfigKeys (ConfUtils.java:logGet(43)) - raft.server.rpc.sleep.time = 25ms (default)
2019-09-20 04:50:09,893 [37fe2768-1af7-42e7-8542-10b932802b02:group-EECAE822BD9D:LeaderElection162] INFO  server.RaftServerConfigKeys (ConfUtils.java:logGet(43)) - raft.server.write.element-limit = 4096 (default)
2019-09-20 04:50:09,894 [c82e94d7-3693-4569-94b0-cf8ff008d5c0:group-35C74151BFF6:LeaderElection161] INFO  server.RaftServerConfigKeys (ConfUtils.java:logGet(43)) - raft.server.write.element-limit = 4096 (default)
2019-09-20 04:50:09,894 [37fe2768-1af7-42e7-8542-10b932802b02:group-EECAE822BD9D:LeaderElection162] INFO  server.RaftServerConfigKeys (ConfUtils.java:logGet(43)) - raft.server.watch.timeout = 10s (default)
2019-09-20 04:50:09,894 [c82e94d7-3693-4569-94b0-cf8ff008d5c0:group-35C74151BFF6:LeaderElection161] INFO  server.RaftServerConfigKeys (ConfUtils.java:logGet(43)) - raft.server.watch.timeout = 10s (default)
2019-09-20 04:50:09,894 [37fe2768-1af7-42e7-8542-10b932802b02:group-EECAE822BD9D:LeaderElection162] INFO  server.RaftServerConfigKeys (ConfUtils.java:logGet(43)) - raft.server.watch.timeout.denomination = 1s (default)
2019-09-20 04:50:09,894 [c82e94d7-3693-4569-94b0-cf8ff008d5c0:group-35C74151BFF6:LeaderElection161] INFO  server.RaftServerConfigKeys (ConfUtils.java:logGet(43)) - raft.server.watch.timeout.denomination = 1s (default)
2019-09-20 04:50:09,894 [37fe2768-1af7-42e7-8542-10b932802b02:group-EECAE822BD9D:LeaderElection162] INFO  server.RaftServerConfigKeys (ConfUtils.java:logGet(43)) - raft.server.watch.element-limit = 65536 (default)
2019-09-20 04:50:09,894 [c82e94d7-3693-4569-94b0-cf8ff008d5c0:group-35C74151BFF6:LeaderElection161] INFO  server.RaftServerConfigKeys (ConfUtils.java:logGet(43)) - raft.server.watch.element-limit = 65536 (default)
2019-09-20 04:50:09,894 [37fe2768-1af7-42e7-8542-10b932802b02:group-EECAE822BD9D:LeaderElection162] INFO  impl.RoleInfo (RoleInfo.java:updateAndGet(143)) - 37fe2768-1af7-42e7-8542-10b932802b02: start LeaderState
2019-09-20 04:50:09,894 [c82e94d7-3693-4569-94b0-cf8ff008d5c0:group-35C74151BFF6:LeaderElection161] INFO  impl.RoleInfo (RoleInfo.java:updateAndGet(143)) - c82e94d7-3693-4569-94b0-cf8ff008d5c0: start LeaderState
2019-09-20 04:50:09,894 [37fe2768-1af7-42e7-8542-10b932802b02:group-EECAE822BD9D:LeaderElection162] INFO  segmented.SegmentedRaftLogWorker (SegmentedRaftLogWorker.java:startLogSegment(380)) - 37fe2768-1af7-42e7-8542-10b932802b02-SegmentedRaftLogWorker:Storage Directory /workdir/hadoop-ozone/integration-test/target/test-dir/MiniOzoneClusterImpl-3cdd9aee-ba37-4d0d-8930-872cb3194007/datanode-0/data/ratis/059a3f7a-68a2-4547-8359-eecae822bd9d: Starting segment from index:0
2019-09-20 04:50:09,894 [c82e94d7-3693-4569-94b0-cf8ff008d5c0:group-35C74151BFF6:LeaderElection161] INFO  segmented.SegmentedRaftLogWorker (SegmentedRaftLogWorker.java:startLogSegment(380)) - c82e94d7-3693-4569-94b0-cf8ff008d5c0-SegmentedRaftLogWorker:Storage Directory /workdir/hadoop-ozone/integration-test/target/test-dir/MiniOzoneClusterImpl-3cdd9aee-ba37-4d0d-8930-872cb3194007/datanode-1/data/ratis/9ef70177-8d80-425e-be4a-35c74151bff6: Starting segment from index:0
2019-09-20 04:50:09,895 [37fe2768-1af7-42e7-8542-10b932802b02:group-EECAE822BD9D:LeaderElection162] INFO  impl.RaftServerImpl (ServerState.java:setRaftConf(361)) - 37fe2768-1af7-42e7-8542-10b932802b02:group-EECAE822BD9D set configuration 0: [37fe2768-1af7-42e7-8542-10b932802b02:192.168.36.79:41936], old=null at 0
2019-09-20 04:50:10,209 [1b138595-92e4-4592-9dfc-2bb97fb4c88b-SegmentedRaftLogWorker:Storage Directory /workdir/hadoop-ozone/integration-test/target/test-dir/MiniOzoneClusterImpl-3cdd9aee-ba37-4d0d-8930-872cb3194007/datanode-2/data/ratis/cac47448-2610-4972-be8a-a36f59db5edc] ERROR segmented.SegmentedRaftLogWorker (SegmentedRaftLogWorker.java:run(323)) - 1b138595-92e4-4592-9dfc-2bb97fb4c88b-SegmentedRaftLogWorker:Storage Directory /workdir/hadoop-ozone/integration-test/target/test-dir/MiniOzoneClusterImpl-3cdd9aee-ba37-4d0d-8930-872cb3194007/datanode-2/data/ratis/cac47448-2610-4972-be8a-a36f59db5edc hit exception
java.lang.OutOfMemoryError: Direct buffer memory
	at java.nio.Bits.reserveMemory(Bits.java:666)
	at java.nio.DirectByteBuffer.<init>(DirectByteBuffer.java:123)
	at java.nio.ByteBuffer.allocateDirect(ByteBuffer.java:311)
	at org.apache.ratis.server.raftlog.segmented.BufferedWriteChannel.<init>(BufferedWriteChannel.java:41)
	at org.apache.ratis.server.raftlog.segmented.SegmentedRaftLogOutputStream.<init>(SegmentedRaftLogOutputStream.java:72)
	at org.apache.ratis.server.raftlog.segmented.SegmentedRaftLogWorker$StartLogSegment.execute(SegmentedRaftLogWorker.java:566)
	at org.apache.ratis.server.raftlog.segmented.SegmentedRaftLogWorker.run(SegmentedRaftLogWorker.java:289)
	at java.lang.Thread.run(Thread.java:748)
2019-09-20 04:50:10,220 [1b138595-92e4-4592-9dfc-2bb97fb4c88b-SegmentedRaftLogWorker:Storage Directory /workdir/hadoop-ozone/integration-test/target/test-dir/MiniOzoneClusterImpl-3cdd9aee-ba37-4d0d-8930-872cb3194007/datanode-2/data/ratis/cac47448-2610-4972-be8a-a36f59db5edc] INFO  impl.RaftServerImpl (RaftServerImpl.java:lambda$shutdown$3(245)) - 1b138595-92e4-4592-9dfc-2bb97fb4c88b: shutdown group-A36F59DB5EDC
2019-09-20 04:50:10,576 [c9787825-ea51-4014-8feb-b4ee136c6b23-SegmentedRaftLogWorker:Storage Directory /workdir/hadoop-ozone/integration-test/target/test-dir/MiniOzoneClusterImpl-3cdd9aee-ba37-4d0d-8930-872cb3194007/datanode-3/data/ratis/1e6eb9d5-a3ac-47c9-aa8f-e608e5f09dd5] ERROR segmented.SegmentedRaftLogWorker (SegmentedRaftLogWorker.java:run(323)) - c9787825-ea51-4014-8feb-b4ee136c6b23-SegmentedRaftLogWorker:Storage Directory /workdir/hadoop-ozone/integration-test/target/test-dir/MiniOzoneClusterImpl-3cdd9aee-ba37-4d0d-8930-872cb3194007/datanode-3/data/ratis/1e6eb9d5-a3ac-47c9-aa8f-e608e5f09dd5 hit exception
java.lang.OutOfMemoryError: Direct buffer memory
	at java.nio.Bits.reserveMemory(Bits.java:666)
	at java.nio.DirectByteBuffer.<init>(DirectByteBuffer.java:123)
	at java.nio.ByteBuffer.allocateDirect(ByteBuffer.java:311)
	at org.apache.ratis.server.raftlog.segmented.BufferedWriteChannel.<init>(BufferedWriteChannel.java:41)
	at org.apache.ratis.server.raftlog.segmented.SegmentedRaftLogOutputStream.<init>(SegmentedRaftLogOutputStream.java:72)
	at org.apache.ratis.server.raftlog.segmented.SegmentedRaftLogWorker$StartLogSegment.execute(SegmentedRaftLogWorker.java:566)
	at org.apache.ratis.server.raftlog.segmented.SegmentedRaftLogWorker.run(SegmentedRaftLogWorker.java:289)
	at java.lang.Thread.run(Thread.java:748)
2019-09-20 04:50:10,577 [SCM Heartbeat Processing Thread - 0] ERROR node.NodeStateManager (NodeStateManager.java:checkNodesHealth(635)) - Total time spend processing datanode HB's is greater than configured values for datanode heartbeats. Please adjust the heartbeat configs. Time Spend on HB processing: 0 seconds Datanode heartbeat Interval: 100 seconds.
2019-09-20 04:50:10,577 [1b138595-92e4-4592-9dfc-2bb97fb4c88b-SegmentedRaftLogWorker:Storage Directory /workdir/hadoop-ozone/integration-test/target/test-dir/MiniOzoneClusterImpl-3cdd9aee-ba37-4d0d-8930-872cb3194007/datanode-2/data/ratis/cac47448-2610-4972-be8a-a36f59db5edc] INFO  util.JmxRegister (JmxRegister.java:unregister(73)) - Successfully un-registered JMX Bean with object name Ratis:service=RaftServer,group=group-A36F59DB5EDC,id=1b138595-92e4-4592-9dfc-2bb97fb4c88b
2019-09-20 04:50:10,577 [c82e94d7-3693-4569-94b0-cf8ff008d5c0:group-35C74151BFF6:LeaderElection161] INFO  impl.RaftServerImpl (ServerState.java:setRaftConf(361)) - c82e94d7-3693-4569-94b0-cf8ff008d5c0:group-35C74151BFF6 set configuration 0: [c82e94d7-3693-4569-94b0-cf8ff008d5c0:192.168.36.79:33912], old=null at 0
2019-09-20 04:50:10,577 [1b138595-92e4-4592-9dfc-2bb97fb4c88b-SegmentedRaftLogWorker:Storage Directory /workdir/hadoop-ozone/integration-test/target/test-dir/MiniOzoneClusterImpl-3cdd9aee-ba37-4d0d-8930-872cb3194007/datanode-2/data/ratis/cac47448-2610-4972-be8a-a36f59db5edc] INFO  impl.RoleInfo (RoleInfo.java:shutdownLeaderState(104)) - 1b138595-92e4-4592-9dfc-2bb97fb4c88b: shutdown LeaderState
2019-09-20 04:50:10,577 [c9787825-ea51-4014-8feb-b4ee136c6b23-SegmentedRaftLogWorker:Storage Directory /workdir/hadoop-ozone/integration-test/target/test-dir/MiniOzoneClusterImpl-3cdd9aee-ba37-4d0d-8930-872cb3194007/datanode-3/data/ratis/1e6eb9d5-a3ac-47c9-aa8f-e608e5f09dd5] INFO  impl.RaftServerImpl (RaftServerImpl.java:lambda$shutdown$3(245)) - c9787825-ea51-4014-8feb-b4ee136c6b23: shutdown group-E608E5F09DD5
2019-09-20 04:50:10,577 [1b138595-92e4-4592-9dfc-2bb97fb4c88b-SegmentedRaftLogWorker:Storage Directory /workdir/hadoop-ozone/integration-test/target/test-dir/MiniOzoneClusterImpl-3cdd9aee-ba37-4d0d-8930-872cb3194007/datanode-2/data/ratis/cac47448-2610-4972-be8a-a36f59db5edc] INFO  impl.PendingRequests (PendingRequests.java:sendNotLeaderResponses(202)) - 1b138595-92e4-4592-9dfc-2bb97fb4c88b-PendingRequests: sendNotLeaderResponses
2019-09-20 04:50:10,578 [c9787825-ea51-4014-8feb-b4ee136c6b23-SegmentedRaftLogWorker:Storage Directory /workdir/hadoop-ozone/integration-test/target/test-dir/MiniOzoneClusterImpl-3cdd9aee-ba37-4d0d-8930-872cb3194007/datanode-3/data/ratis/1e6eb9d5-a3ac-47c9-aa8f-e608e5f09dd5] INFO  util.JmxRegister (JmxRegister.java:unregister(73)) - Successfully un-registered JMX Bean with object name Ratis:service=RaftServer,group=group-E608E5F09DD5,id=c9787825-ea51-4014-8feb-b4ee136c6b23
2019-09-20 04:50:10,578 [1b138595-92e4-4592-9dfc-2bb97fb4c88b-SegmentedRaftLogWorker:Storage Directory /workdir/hadoop-ozone/integration-test/target/test-dir/MiniOzoneClusterImpl-3cdd9aee-ba37-4d0d-8930-872cb3194007/datanode-2/data/ratis/cac47448-2610-4972-be8a-a36f59db5edc] INFO  impl.StateMachineUpdater (StateMachineUpdater.java:stopAndJoin(115)) - StateMachineUpdater:1b138595-92e4-4592-9dfc-2bb97fb4c88b:group-A36F59DB5EDC: set stopIndex = -1
2019-09-20 04:50:10,578 [c9787825-ea51-4014-8feb-b4ee136c6b23-SegmentedRaftLogWorker:Storage Directory /workdir/hadoop-ozone/integration-test/target/test-dir/MiniOzoneClusterImpl-3cdd9aee-ba37-4d0d-8930-872cb3194007/datanode-3/data/ratis/1e6eb9d5-a3ac-47c9-aa8f-e608e5f09dd5] INFO  impl.RoleInfo (RoleInfo.java:shutdownLeaderState(104)) - c9787825-ea51-4014-8feb-b4ee136c6b23: shutdown LeaderState
2019-09-20 04:50:10,578 [1b138595-92e4-4592-9dfc-2bb97fb4c88b-SegmentedRaftLogWorker:Storage Directory /workdir/hadoop-ozone/integration-test/target/test-dir/MiniOzoneClusterImpl-3cdd9aee-ba37-4d0d-8930-872cb3194007/datanode-2/data/ratis/cac47448-2610-4972-be8a-a36f59db5edc] INFO  impl.RaftServerImpl (ServerState.java:close(394)) - 1b138595-92e4-4592-9dfc-2bb97fb4c88b:group-A36F59DB5EDC closes. The last applied log index is -1
2019-09-20 04:50:10,578 [c9787825-ea51-4014-8feb-b4ee136c6b23-SegmentedRaftLogWorker:Storage Directory /workdir/hadoop-ozone/integration-test/target/test-dir/MiniOzoneClusterImpl-3cdd9aee-ba37-4d0d-8930-872cb3194007/datanode-3/data/ratis/1e6eb9d5-a3ac-47c9-aa8f-e608e5f09dd5] INFO  impl.PendingRequests (PendingRequests.java:sendNotLeaderResponses(202)) - c9787825-ea51-4014-8feb-b4ee136c6b23-PendingRequests: sendNotLeaderResponses
2019-09-20 04:50:10,578 [1b138595-92e4-4592-9dfc-2bb97fb4c88b-SegmentedRaftLogWorker:Storage Directory /workdir/hadoop-ozone/integration-test/target/test-dir/MiniOzoneClusterImpl-3cdd9aee-ba37-4d0d-8930-872cb3194007/datanode-2/data/ratis/cac47448-2610-4972-be8a-a36f59db5edc] INFO  segmented.SegmentedRaftLogWorker (SegmentedRaftLogWorker.java:close(228)) - 1b138595-92e4-4592-9dfc-2bb97fb4c88b-SegmentedRaftLogWorker:Storage Directory /workdir/hadoop-ozone/integration-test/target/test-dir/MiniOzoneClusterImpl-3cdd9aee-ba37-4d0d-8930-872cb3194007/datanode-2/data/ratis/cac47448-2610-4972-be8a-a36f59db5edc close()
2019-09-20 04:50:10,578 [c9787825-ea51-4014-8feb-b4ee136c6b23-SegmentedRaftLogWorker:Storage Directory /workdir/hadoop-ozone/integration-test/target/test-dir/MiniOzoneClusterImpl-3cdd9aee-ba37-4d0d-8930-872cb3194007/datanode-3/data/ratis/1e6eb9d5-a3ac-47c9-aa8f-e608e5f09dd5] INFO  impl.StateMachineUpdater (StateMachineUpdater.java:stopAndJoin(115)) - StateMachineUpdater:c9787825-ea51-4014-8feb-b4ee136c6b23:group-E608E5F09DD5: set stopIndex = -1
2019-09-20 04:50:10,578 [c9787825-ea51-4014-8feb-b4ee136c6b23-SegmentedRaftLogWorker:Storage Directory /workdir/hadoop-ozone/integration-test/target/test-dir/MiniOzoneClusterImpl-3cdd9aee-ba37-4d0d-8930-872cb3194007/datanode-3/data/ratis/1e6eb9d5-a3ac-47c9-aa8f-e608e5f09dd5] INFO  impl.RaftServerImpl (ServerState.java:close(394)) - c9787825-ea51-4014-8feb-b4ee136c6b23:group-E608E5F09DD5 closes. The last applied log index is -1
2019-09-20 04:50:10,578 [c9787825-ea51-4014-8feb-b4ee136c6b23-SegmentedRaftLogWorker:Storage Directory /workdir/hadoop-ozone/integration-test/target/test-dir/MiniOzoneClusterImpl-3cdd9aee-ba37-4d0d-8930-872cb3194007/datanode-3/data/ratis/1e6eb9d5-a3ac-47c9-aa8f-e608e5f09dd5] INFO  segmented.SegmentedRaftLogWorker (SegmentedRaftLogWorker.java:close(228)) - c9787825-ea51-4014-8feb-b4ee136c6b23-SegmentedRaftLogWorker:Storage Directory /workdir/hadoop-ozone/integration-test/target/test-dir/MiniOzoneClusterImpl-3cdd9aee-ba37-4d0d-8930-872cb3194007/datanode-3/data/ratis/1e6eb9d5-a3ac-47c9-aa8f-e608e5f09dd5 close()
2019-09-20 04:50:10,589 [main] INFO  impl.MetricsSystemImpl (MetricsSystemImpl.java:init(158)) - HddsDatanode metrics system started (again)
2019-09-20 04:50:10,809 [main] INFO  ozone.HddsDatanodeService (HddsDatanodeService.java:start(184)) - HddsDatanodeService host:pr-hdds-1569-s8kj2-2266485376 ip:192.168.36.79
2019-09-20 04:50:10,834 [c9787825-ea51-4014-8feb-b4ee136c6b23-SegmentedRaftLogWorker:Storage Directory /workdir/hadoop-ozone/integration-test/target/test-dir/MiniOzoneClusterImpl-3cdd9aee-ba37-4d0d-8930-872cb3194007/datanode-3/data/ratis/58cb94e7-6614-4b86-89f0-b7edf4f82e5f] ERROR segmented.SegmentedRaftLogWorker (SegmentedRaftLogWorker.java:run(323)) - c9787825-ea51-4014-8feb-b4ee136c6b23-SegmentedRaftLogWorker:Storage Directory /workdir/hadoop-ozone/integration-test/target/test-dir/MiniOzoneClusterImpl-3cdd9aee-ba37-4d0d-8930-872cb3194007/datanode-3/data/ratis/58cb94e7-6614-4b86-89f0-b7edf4f82e5f hit exception
java.lang.OutOfMemoryError: Direct buffer memory
	at java.nio.Bits.reserveMemory(Bits.java:666)
	at java.nio.DirectByteBuffer.<init>(DirectByteBuffer.java:123)
	at java.nio.ByteBuffer.allocateDirect(ByteBuffer.java:311)
	at org.apache.ratis.server.raftlog.segmented.BufferedWriteChannel.<init>(BufferedWriteChannel.java:41)
	at org.apache.ratis.server.raftlog.segmented.SegmentedRaftLogOutputStream.<init>(SegmentedRaftLogOutputStream.java:72)
	at org.apache.ratis.server.raftlog.segmented.SegmentedRaftLogWorker$StartLogSegment.execute(SegmentedRaftLogWorker.java:566)
	at org.apache.ratis.server.raftlog.segmented.SegmentedRaftLogWorker.run(SegmentedRaftLogWorker.java:289)
	at java.lang.Thread.run(Thread.java:748)
2019-09-20 04:50:10,834 [c9787825-ea51-4014-8feb-b4ee136c6b23-SegmentedRaftLogWorker:Storage Directory /workdir/hadoop-ozone/integration-test/target/test-dir/MiniOzoneClusterImpl-3cdd9aee-ba37-4d0d-8930-872cb3194007/datanode-3/data/ratis/34797337-b3b7-4895-92c0-9944e062c782] ERROR segmented.SegmentedRaftLogWorker (SegmentedRaftLogWorker.java:run(323)) - c9787825-ea51-4014-8feb-b4ee136c6b23-SegmentedRaftLogWorker:Storage Directory /workdir/hadoop-ozone/integration-test/target/test-dir/MiniOzoneClusterImpl-3cdd9aee-ba37-4d0d-8930-872cb3194007/datanode-3/data/ratis/34797337-b3b7-4895-92c0-9944e062c782 hit exception
java.lang.OutOfMemoryError: Direct buffer memory
	at java.nio.Bits.reserveMemory(Bits.java:666)
	at java.nio.DirectByteBuffer.<init>(DirectByteBuffer.java:123)
	at java.nio.ByteBuffer.allocateDirect(ByteBuffer.java:311)
	at org.apache.ratis.server.raftlog.segmented.BufferedWriteChannel.<init>(BufferedWriteChannel.java:41)
	at org.apache.ratis.server.raftlog.segmented.SegmentedRaftLogOutputStream.<init>(SegmentedRaftLogOutputStream.java:72)
	at org.apache.ratis.server.raftlog.segmented.SegmentedRaftLogWorker$StartLogSegment.execute(SegmentedRaftLogWorker.java:566)
	at org.apache.ratis.server.raftlog.segmented.SegmentedRaftLogWorker.run(SegmentedRaftLogWorker.java:289)
	at java.lang.Thread.run(Thread.java:748)
2019-09-20 04:50:10,834 [c9787825-ea51-4014-8feb-b4ee136c6b23-SegmentedRaftLogWorker:Storage Directory /workdir/hadoop-ozone/integration-test/target/test-dir/MiniOzoneClusterImpl-3cdd9aee-ba37-4d0d-8930-872cb3194007/datanode-3/data/ratis/34797337-b3b7-4895-92c0-9944e062c782] INFO  impl.RaftServerImpl (RaftServerImpl.java:lambda$shutdown$3(245)) - c9787825-ea51-4014-8feb-b4ee136c6b23: shutdown group-9944E062C782
2019-09-20 04:50:10,834 [c9787825-ea51-4014-8feb-b4ee136c6b23-SegmentedRaftLogWorker:Storage Directory /workdir/hadoop-ozone/integration-test/target/test-dir/MiniOzoneClusterImpl-3cdd9aee-ba37-4d0d-8930-872cb3194007/datanode-3/data/ratis/58cb94e7-6614-4b86-89f0-b7edf4f82e5f] INFO  impl.RaftServerImpl (RaftServerImpl.java:lambda$shutdown$3(245)) - c9787825-ea51-4014-8feb-b4ee136c6b23: shutdown group-B7EDF4F82E5F
2019-09-20 04:50:10,834 [main] INFO  volume.HddsVolume (HddsVolume.java:<init>(176)) - Creating Volume: /workdir/hadoop-ozone/integration-test/target/test-dir/MiniOzoneClusterImpl-5481c8ea-466e-4137-a567-737be5b6f247/datanode-0/data/containers/hdds of  storage type : DISK and capacity : 1482555576320
2019-09-20 04:50:10,835 [c9787825-ea51-4014-8feb-b4ee136c6b23-SegmentedRaftLogWorker:Storage Directory /workdir/hadoop-ozone/integration-test/target/test-dir/MiniOzoneClusterImpl-3cdd9aee-ba37-4d0d-8930-872cb3194007/datanode-3/data/ratis/58cb94e7-6614-4b86-89f0-b7edf4f82e5f] INFO  util.JmxRegister (JmxRegister.java:unregister(73)) - Successfully un-registered JMX Bean with object name Ratis:service=RaftServer,group=group-B7EDF4F82E5F,id=c9787825-ea51-4014-8feb-b4ee136c6b23
2019-09-20 04:50:10,835 [c9787825-ea51-4014-8feb-b4ee136c6b23-SegmentedRaftLogWorker:Storage Directory /workdir/hadoop-ozone/integration-test/target/test-dir/MiniOzoneClusterImpl-3cdd9aee-ba37-4d0d-8930-872cb3194007/datanode-3/data/ratis/34797337-b3b7-4895-92c0-9944e062c782] INFO  util.JmxRegister (JmxRegister.java:unregister(73)) - Successfully un-registered JMX Bean with object name Ratis:service=RaftServer,group=group-9944E062C782,id=c9787825-ea51-4014-8feb-b4ee136c6b23
2019-09-20 04:50:10,835 [c9787825-ea51-4014-8feb-b4ee136c6b23-SegmentedRaftLogWorker:Storage Directory /workdir/hadoop-ozone/integration-test/target/test-dir/MiniOzoneClusterImpl-3cdd9aee-ba37-4d0d-8930-872cb3194007/datanode-3/data/ratis/58cb94e7-6614-4b86-89f0-b7edf4f82e5f] INFO  impl.RoleInfo (RoleInfo.java:shutdownLeaderState(104)) - c9787825-ea51-4014-8feb-b4ee136c6b23: shutdown LeaderState
2019-09-20 04:50:10,835 [main] INFO  volume.VolumeSet (VolumeSet.java:initializeVolumeSet(170)) - Added Volume : /workdir/hadoop-ozone/integration-test/target/test-dir/MiniOzoneClusterImpl-5481c8ea-466e-4137-a567-737be5b6f247/datanode-0/data/containers/hdds to VolumeSet
2019-09-20 04:50:10,835 [c9787825-ea51-4014-8feb-b4ee136c6b23-SegmentedRaftLogWorker:Storage Directory /workdir/hadoop-ozone/integration-test/target/test-dir/MiniOzoneClusterImpl-3cdd9aee-ba37-4d0d-8930-872cb3194007/datanode-3/data/ratis/58cb94e7-6614-4b86-89f0-b7edf4f82e5f] INFO  impl.PendingRequests (PendingRequests.java:sendNotLeaderResponses(202)) - c9787825-ea51-4014-8feb-b4ee136c6b23-PendingRequests: sendNotLeaderResponses
2019-09-20 04:50:10,835 [c9787825-ea51-4014-8feb-b4ee136c6b23-SegmentedRaftLogWorker:Storage Directory /workdir/hadoop-ozone/integration-test/target/test-dir/MiniOzoneClusterImpl-3cdd9aee-ba37-4d0d-8930-872cb3194007/datanode-3/data/ratis/34797337-b3b7-4895-92c0-9944e062c782] INFO  impl.RoleInfo (RoleInfo.java:shutdownLeaderState(104)) - c9787825-ea51-4014-8feb-b4ee136c6b23: shutdown LeaderState
2019-09-20 04:50:10,836 [c9787825-ea51-4014-8feb-b4ee136c6b23-SegmentedRaftLogWorker:Storage Directory /workdir/hadoop-ozone/integration-test/target/test-dir/MiniOzoneClusterImpl-3cdd9aee-ba37-4d0d-8930-872cb3194007/datanode-3/data/ratis/58cb94e7-6614-4b86-89f0-b7edf4f82e5f] INFO  impl.StateMachineUpdater (StateMachineUpdater.java:stopAndJoin(115)) - StateMachineUpdater:c9787825-ea51-4014-8feb-b4ee136c6b23:group-B7EDF4F82E5F: set stopIndex = -1
2019-09-20 04:50:10,836 [c9787825-ea51-4014-8feb-b4ee136c6b23-SegmentedRaftLogWorker:Storage Directory /workdir/hadoop-ozone/integration-test/target/test-dir/MiniOzoneClusterImpl-3cdd9aee-ba37-4d0d-8930-872cb3194007/datanode-3/data/ratis/58cb94e7-6614-4b86-89f0-b7edf4f82e5f] INFO  impl.RaftServerImpl (ServerState.java:close(394)) - c9787825-ea51-4014-8feb-b4ee136c6b23:group-B7EDF4F82E5F closes. The last applied log index is -1
2019-09-20 04:50:10,835 [main] INFO  volume.ThrottledAsyncChecker (ThrottledAsyncChecker.java:schedule(140)) - Scheduling a check for org.apache.hadoop.ozone.container.common.volume.HddsVolume@18ed8b75
2019-09-20 04:50:10,836 [c9787825-ea51-4014-8feb-b4ee136c6b23-SegmentedRaftLogWorker:Storage Directory /workdir/hadoop-ozone/integration-test/target/test-dir/MiniOzoneClusterImpl-3cdd9aee-ba37-4d0d-8930-872cb3194007/datanode-3/data/ratis/58cb94e7-6614-4b86-89f0-b7edf4f82e5f] INFO  segmented.SegmentedRaftLogWorker (SegmentedRaftLogWorker.java:close(228)) - c9787825-ea51-4014-8feb-b4ee136c6b23-SegmentedRaftLogWorker:Storage Directory /workdir/hadoop-ozone/integration-test/target/test-dir/MiniOzoneClusterImpl-3cdd9aee-ba37-4d0d-8930-872cb3194007/datanode-3/data/ratis/58cb94e7-6614-4b86-89f0-b7edf4f82e5f close()
2019-09-20 04:50:10,836 [c9787825-ea51-4014-8feb-b4ee136c6b23-SegmentedRaftLogWorker:Storage Directory /workdir/hadoop-ozone/integration-test/target/test-dir/MiniOzoneClusterImpl-3cdd9aee-ba37-4d0d-8930-872cb3194007/datanode-3/data/ratis/34797337-b3b7-4895-92c0-9944e062c782] INFO  impl.PendingRequests (PendingRequests.java:sendNotLeaderResponses(202)) - c9787825-ea51-4014-8feb-b4ee136c6b23-PendingRequests: sendNotLeaderResponses
2019-09-20 04:50:10,836 [main] INFO  volume.HddsVolumeChecker (HddsVolumeChecker.java:checkAllVolumes(203)) - Scheduled health check for volume org.apache.hadoop.ozone.container.common.volume.HddsVolume@18ed8b75
2019-09-20 04:50:10,837 [c9787825-ea51-4014-8feb-b4ee136c6b23-SegmentedRaftLogWorker:Storage Directory /workdir/hadoop-ozone/integration-test/target/test-dir/MiniOzoneClusterImpl-3cdd9aee-ba37-4d0d-8930-872cb3194007/datanode-3/data/ratis/34797337-b3b7-4895-92c0-9944e062c782] INFO  impl.StateMachineUpdater (StateMachineUpdater.java:stopAndJoin(115)) - StateMachineUpdater:c9787825-ea51-4014-8feb-b4ee136c6b23:group-9944E062C782: set stopIndex = -1
2019-09-20 04:50:10,837 [c9787825-ea51-4014-8feb-b4ee136c6b23-SegmentedRaftLogWorker:Storage Directory /workdir/hadoop-ozone/integration-test/target/test-dir/MiniOzoneClusterImpl-3cdd9aee-ba37-4d0d-8930-872cb3194007/datanode-3/data/ratis/34797337-b3b7-4895-92c0-9944e062c782] INFO  impl.RaftServerImpl (ServerState.java:close(394)) - c9787825-ea51-4014-8feb-b4ee136c6b23:group-9944E062C782 closes. The last applied log index is -1
2019-09-20 04:50:10,849 [c9787825-ea51-4014-8feb-b4ee136c6b23-SegmentedRaftLogWorker:Storage Directory /workdir/hadoop-ozone/integration-test/target/test-dir/MiniOzoneClusterImpl-3cdd9aee-ba37-4d0d-8930-872cb3194007/datanode-3/data/ratis/34797337-b3b7-4895-92c0-9944e062c782] INFO  segmented.SegmentedRaftLogWorker (SegmentedRaftLogWorker.java:close(228)) - c9787825-ea51-4014-8feb-b4ee136c6b23-SegmentedRaftLogWorker:Storage Directory /workdir/hadoop-ozone/integration-test/target/test-dir/MiniOzoneClusterImpl-3cdd9aee-ba37-4d0d-8930-872cb3194007/datanode-3/data/ratis/34797337-b3b7-4895-92c0-9944e062c782 close()
2019-09-20 04:50:10,864 | INFO  | SCMAudit | user=jenkins1000 | ip=192.168.36.79 | op=SEND_HEARTBEAT {datanodeUUID=d5424862-00f5-4f26-882d-9249b213a1ef, command=[]} | ret=SUCCESS |  
2019-09-20 04:50:10,864 | INFO  | SCMAudit | user=jenkins1000 | ip=192.168.36.79 | op=SEND_HEARTBEAT {datanodeUUID=db7872a1-bd52-4e68-8953-a9abbb9642a5, command=[]} | ret=SUCCESS |  
2019-09-20 04:50:10,865 | INFO  | SCMAudit | user=jenkins1000 | ip=192.168.36.79 | op=SEND_HEARTBEAT {datanodeUUID=a9bc59c4-b792-48d5-9db2-4e71770477b1, command=[]} | ret=SUCCESS |  
2019-09-20 04:50:10,865 | INFO  | SCMAudit | user=jenkins1000 | ip=192.168.36.79 | op=SEND_HEARTBEAT {datanodeUUID=42fc6e92-fcdd-4827-b621-9fc58a3d2315, command=[]} | ret=SUCCESS |  
2019-09-20 04:50:10,865 | INFO  | SCMAudit | user=jenkins1000 | ip=192.168.36.79 | op=SEND_HEARTBEAT {datanodeUUID=8538cd65-7926-426b-8bad-fbd0f0550f9a, command=[]} | ret=SUCCESS |  
2019-09-20 04:50:10,866 | INFO  | SCMAudit | user=jenkins1000 | ip=192.168.36.79 | op=SEND_HEARTBEAT {datanodeUUID=fdbc37f2-9e58-4bac-a5d5-a78839d012e9, command=[]} | ret=SUCCESS |  
2019-09-20 04:50:10,866 | INFO  | SCMAudit | user=jenkins1000 | ip=192.168.36.79 | op=SEND_HEARTBEAT {datanodeUUID=6a6ac22f-fdb0-4283-a89a-a8bc92b139ca, command=[]} | ret=SUCCESS |  
2019-09-20 04:50:10,866 | INFO  | SCMAudit | user=jenkins1000 | ip=192.168.36.79 | op=SEND_HEARTBEAT {datanodeUUID=8d97392c-5f4b-400a-94a1-fb61a3ebbc99, command=[]} | ret=SUCCESS |  
2019-09-20 04:50:10,866 | INFO  | SCMAudit | user=jenkins1000 | ip=192.168.36.79 | op=SEND_HEARTBEAT {datanodeUUID=68a93ad8-b6a8-44e1-8a9f-45fcc58d229a, command=[]} | ret=SUCCESS |  
2019-09-20 04:50:10,866 | INFO  | SCMAudit | user=jenkins1000 | ip=192.168.36.79 | op=SEND_HEARTBEAT {datanodeUUID=1b138595-92e4-4592-9dfc-2bb97fb4c88b, command=[]} | ret=SUCCESS |  
2019-09-20 04:50:10,866 | INFO  | SCMAudit | user=jenkins1000 | ip=192.168.36.79 | op=SEND_HEARTBEAT {datanodeUUID=3c2a6bfe-f5c5-4e23-89b0-850dab17697d, command=[]} | ret=SUCCESS |  
2019-09-20 04:50:10,866 | INFO  | SCMAudit | user=jenkins1000 | ip=192.168.36.79 | op=SEND_HEARTBEAT {datanodeUUID=c82e94d7-3693-4569-94b0-cf8ff008d5c0, command=[]} | ret=SUCCESS |  
2019-09-20 04:50:10,866 | INFO  | SCMAudit | user=jenkins1000 | ip=192.168.36.79 | op=SEND_HEARTBEAT {datanodeUUID=c9787825-ea51-4014-8feb-b4ee136c6b23, command=[]} | ret=SUCCESS |  
2019-09-20 04:50:10,866 | INFO  | SCMAudit | user=jenkins1000 | ip=192.168.36.79 | op=SEND_HEARTBEAT {datanodeUUID=5ea19b84-5385-4ae9-8412-c4cfa929b172, command=[]} | ret=SUCCESS |  
2019-09-20 04:50:10,867 | INFO  | SCMAudit | user=jenkins1000 | ip=192.168.36.79 | op=SEND_HEARTBEAT {datanodeUUID=2702b462-69d8-4c1b-aae1-091a21fe08b8, command=[]} | ret=SUCCESS |  
2019-09-20 04:50:10,875 | INFO  | SCMAudit | user=jenkins1000 | ip=192.168.36.79 | op=SEND_HEARTBEAT {datanodeUUID=eb30d72f-c0a8-4ecb-bfee-9120a9a6cddf, command=[]} | ret=SUCCESS |  
2019-09-20 04:50:10,875 | INFO  | SCMAudit | user=jenkins1000 | ip=192.168.36.79 | op=SEND_HEARTBEAT {datanodeUUID=2d6465ef-cffa-473a-a4c6-a9aa3f1a26c0, command=[]} | ret=SUCCESS |  
2019-09-20 04:50:10,875 | INFO  | SCMAudit | user=jenkins1000 | ip=192.168.36.79 | op=SEND_HEARTBEAT {datanodeUUID=ba95d636-ac34-4b74-a102-dec8d0f377c6, command=[]} | ret=SUCCESS |  
2019-09-20 04:50:10,875 | INFO  | SCMAudit | user=jenkins1000 | ip=192.168.36.79 | op=SEND_HEARTBEAT {datanodeUUID=ea71b9af-1075-4196-9693-aa14e10f536d, command=[]} | ret=SUCCESS |  
2019-09-20 04:50:10,875 | INFO  | SCMAudit | user=jenkins1000 | ip=192.168.36.79 | op=SEND_HEARTBEAT {datanodeUUID=f4e549ee-a6fa-4eb9-8541-129d0566fdf5, command=[]} | ret=SUCCESS |  
2019-09-20 04:50:10,875 | INFO  | SCMAudit | user=jenkins1000 | ip=192.168.36.79 | op=SEND_HEARTBEAT {datanodeUUID=0ad3f89e-804f-4845-89c5-5ff1a35a5dda, command=[]} | ret=SUCCESS |  
2019-09-20 04:50:10,876 | INFO  | SCMAudit | user=jenkins1000 | ip=192.168.36.79 | op=SEND_HEARTBEAT {datanodeUUID=bd1a845e-f2ed-4713-9516-9ccc20139040, command=[]} | ret=SUCCESS |  
2019-09-20 04:50:10,876 | INFO  | SCMAudit | user=jenkins1000 | ip=192.168.36.79 | op=SEND_HEARTBEAT {datanodeUUID=236eed40-dd97-4fdc-a0ae-ab99685a426b, command=[]} | ret=SUCCESS |  
2019-09-20 04:50:10,876 | INFO  | SCMAudit | user=jenkins1000 | ip=192.168.36.79 | op=SEND_HEARTBEAT {datanodeUUID=1d91ad97-6666-4ee7-855a-8b5e944e7401, command=[]} | ret=SUCCESS |  
2019-09-20 04:50:10,876 | INFO  | SCMAudit | user=jenkins1000 | ip=192.168.36.79 | op=SEND_HEARTBEAT {datanodeUUID=c4f6294c-eda3-4afd-81f7-e69ed14da69f, command=[]} | ret=SUCCESS |  
2019-09-20 04:50:10,876 [main] INFO  impl.RaftServerProxy (ConfUtils.java:logGet(43)) - raft.rpc.type = GRPC (default)
2019-09-20 04:50:10,876 | INFO  | SCMAudit | user=jenkins1000 | ip=192.168.36.79 | op=SEND_HEARTBEAT {datanodeUUID=eaf3ecbe-c3b1-4969-ad3a-e4de7fb04f81, command=[]} | ret=SUCCESS |  
2019-09-20 04:50:10,876 | INFO  | SCMAudit | user=jenkins1000 | ip=192.168.36.79 | op=SEND_HEARTBEAT {datanodeUUID=37fe2768-1af7-42e7-8542-10b932802b02, command=[]} | ret=SUCCESS |  
2019-09-20 04:50:10,876 | INFO  | SCMAudit | user=jenkins1000 | ip=192.168.36.79 | op=SEND_HEARTBEAT {datanodeUUID=dba845b8-ea76-4e09-ab03-0883d354e493, command=[]} | ret=SUCCESS |  
2019-09-20 04:50:10,876 [main] INFO  grpc.GrpcFactory (GrpcFactory.java:checkPooledByteBufAllocatorUseCacheForAllThreads(45)) - PERFORMANCE WARNING: useCacheForAllThreads is true that may cause Netty to create a lot garbage objects and, as a result, trigger GC.
	It is recommended to disable useCacheForAllThreads by setting -Dorg.apache.ratis.thirdparty.io.netty.allocator.useCacheForAllThreads=false in command line.
2019-09-20 04:50:10,876 [main] INFO  grpc.GrpcConfigKeys$Server (ConfUtils.java:logGet(43)) - raft.grpc.server.port = 0 (default)
2019-09-20 04:50:10,877 [main] INFO  server.GrpcService (ConfUtils.java:logGet(43)) - raft.grpc.message.size.max = 33570816 (custom)
2019-09-20 04:50:10,877 [main] INFO  server.RaftServerConfigKeys (ConfUtils.java:logGet(43)) - raft.server.log.appender.buffer.byte-limit = 33554432 (custom)
2019-09-20 04:50:10,877 [main] INFO  server.GrpcService (ConfUtils.java:logGet(43)) - raft.grpc.flow.control.window = 1MB (=1048576) (default)
2019-09-20 04:50:10,877 [main] INFO  server.RaftServerConfigKeys (ConfUtils.java:logGet(43)) - raft.server.rpc.request.timeout = 3000ms (default)
2019-09-20 04:50:10,878 [main] INFO  server.RaftServerConfigKeys (ConfUtils.java:logGet(43)) - raft.server.storage.dir = [/workdir/hadoop-ozone/integration-test/target/test-dir/MiniOzoneClusterImpl-5481c8ea-466e-4137-a567-737be5b6f247/datanode-0/data/ratis] (custom)
2019-09-20 04:50:10,878 [main] INFO  replication.SimpleContainerDownloader (SimpleContainerDownloader.java:<init>(72)) - Starting container downloader service to copy containers to replicate.
2019-09-20 04:50:10,880 [main] INFO  hdfs.DFSUtil (DFSUtil.java:httpServerTemplateForNNAndJN(1641)) - Starting Web-server for hddsDatanode at: http://0.0.0.0:0
2019-09-20 04:50:10,881 [main] INFO  server.AuthenticationFilter (AuthenticationFilter.java:constructSecretProvider(240)) - Unable to initialize FileSignerSecretProvider, falling back to use random secrets.
2019-09-20 04:50:10,881 [main] WARN  http.HttpRequestLog (HttpRequestLog.java:getRequestLog(97)) - Jetty request log can only be enabled using Log4j
2019-09-20 04:50:10,882 [main] INFO  http.HttpServer2 (HttpServer2.java:addGlobalFilter(975)) - Added global filter 'safety' (class=org.apache.hadoop.http.HttpServer2$QuotingInputFilter)
2019-09-20 04:50:10,883 [main] INFO  http.HttpServer2 (HttpServer2.java:addFilter(948)) - Added filter static_user_filter (class=org.apache.hadoop.http.lib.StaticUserWebFilter$StaticUserFilter) to context hddsDatanode
2019-09-20 04:50:10,883 [main] INFO  http.HttpServer2 (HttpServer2.java:addFilter(958)) - Added filter static_user_filter (class=org.apache.hadoop.http.lib.StaticUserWebFilter$StaticUserFilter) to context logs
2019-09-20 04:50:10,883 [main] INFO  http.HttpServer2 (HttpServer2.java:addFilter(958)) - Added filter static_user_filter (class=org.apache.hadoop.http.lib.StaticUserWebFilter$StaticUserFilter) to context static
2019-09-20 04:50:10,883 [main] INFO  http.HttpServer2 (HttpServer2.java:bindListener(1191)) - Jetty bound to port 44511
2019-09-20 04:50:10,884 [main] INFO  server.Server (Server.java:doStart(351)) - jetty-9.3.24.v20180605, build timestamp: 2018-06-05T17:11:56Z, git hash: 84205aa28f11a4f31f2a3b86d1bba2cc8ab69827
2019-09-20 04:50:10,885 [main] INFO  handler.ContextHandler (ContextHandler.java:doStart(781)) - Started o.e.j.s.ServletContextHandler@4512f5f1{/logs,file:///workdir/hadoop-ozone/integration-test/target/log,AVAILABLE}
2019-09-20 04:50:10,885 [main] INFO  handler.ContextHandler (ContextHandler.java:doStart(781)) - Started o.e.j.s.ServletContextHandler@3bfead8d{/static,jar:file:/home/user/.m2/repository/org/apache/hadoop/hadoop-hdds-container-service/0.5.0-SNAPSHOT/hadoop-hdds-container-service-0.5.0-SNAPSHOT.jar!/webapps/static,AVAILABLE}
2019-09-20 04:50:10,912 [main] INFO  handler.ContextHandler (ContextHandler.java:doStart(781)) - Started o.e.j.w.WebAppContext@3e356ed6{/,file:///tmp/jetty-0.0.0.0-44511-hddsDatanode-_-any-7711666528177024674.dir/webapp/,AVAILABLE}{/hddsDatanode}
2019-09-20 04:50:10,912 [main] INFO  server.AbstractConnector (AbstractConnector.java:doStart(278)) - Started ServerConnector@403b7be3{HTTP/1.1,[http/1.1]}{0.0.0.0:44511}
2019-09-20 04:50:10,922 [main] INFO  server.Server (Server.java:doStart(419)) - Started @92910ms
2019-09-20 04:50:10,923 [main] INFO  server.BaseHttpServer (BaseHttpServer.java:updateConnectorAddress(213)) - HTTP server of HDDSDATANODE is listening at http://0.0.0.0:44511
2019-09-20 04:50:10,961 [6a6ac22f-fdb0-4283-a89a-a8bc92b139ca-SegmentedRaftLogWorker:Storage Directory /workdir/hadoop-ozone/integration-test/target/test-dir/MiniOzoneClusterImpl-3cdd9aee-ba37-4d0d-8930-872cb3194007/datanode-4/data/ratis/c20cfb8f-30a0-4418-a916-cabd14f0921e] ERROR segmented.SegmentedRaftLogWorker (SegmentedRaftLogWorker.java:run(323)) - 6a6ac22f-fdb0-4283-a89a-a8bc92b139ca-SegmentedRaftLogWorker:Storage Directory /workdir/hadoop-ozone/integration-test/target/test-dir/MiniOzoneClusterImpl-3cdd9aee-ba37-4d0d-8930-872cb3194007/datanode-4/data/ratis/c20cfb8f-30a0-4418-a916-cabd14f0921e hit exception
java.lang.OutOfMemoryError: Direct buffer memory
	at java.nio.Bits.reserveMemory(Bits.java:666)
	at java.nio.DirectByteBuffer.<init>(DirectByteBuffer.java:123)
	at java.nio.ByteBuffer.allocateDirect(ByteBuffer.java:311)
	at org.apache.ratis.server.raftlog.segmented.BufferedWriteChannel.<init>(BufferedWriteChannel.java:41)
	at org.apache.ratis.server.raftlog.segmented.SegmentedRaftLogOutputStream.<init>(SegmentedRaftLogOutputStream.java:72)
	at org.apache.ratis.server.raftlog.segmented.SegmentedRaftLogWorker$StartLogSegment.execute(SegmentedRaftLogWorker.java:566)
	at org.apache.ratis.server.raftlog.segmented.SegmentedRaftLogWorker.run(SegmentedRaftLogWorker.java:289)
	at java.lang.Thread.run(Thread.java:748)
2019-09-20 04:50:10,961 [d5424862-00f5-4f26-882d-9249b213a1ef-SegmentedRaftLogWorker:Storage Directory /workdir/hadoop-ozone/integration-test/target/test-dir/MiniOzoneClusterImpl-3cdd9aee-ba37-4d0d-8930-872cb3194007/datanode-5/data/ratis/56d9df2f-8650-4016-a321-d71256feb5bf] ERROR segmented.SegmentedRaftLogWorker (SegmentedRaftLogWorker.java:run(323)) - d5424862-00f5-4f26-882d-9249b213a1ef-SegmentedRaftLogWorker:Storage Directory /workdir/hadoop-ozone/integration-test/target/test-dir/MiniOzoneClusterImpl-3cdd9aee-ba37-4d0d-8930-872cb3194007/datanode-5/data/ratis/56d9df2f-8650-4016-a321-d71256feb5bf hit exception
java.lang.OutOfMemoryError: Direct buffer memory
	at java.nio.Bits.reserveMemory(Bits.java:666)
	at java.nio.DirectByteBuffer.<init>(DirectByteBuffer.java:123)
	at java.nio.ByteBuffer.allocateDirect(ByteBuffer.java:311)
	at org.apache.ratis.server.raftlog.segmented.BufferedWriteChannel.<init>(BufferedWriteChannel.java:41)
	at org.apache.ratis.server.raftlog.segmented.SegmentedRaftLogOutputStream.<init>(SegmentedRaftLogOutputStream.java:72)
	at org.apache.ratis.server.raftlog.segmented.SegmentedRaftLogWorker$StartLogSegment.execute(SegmentedRaftLogWorker.java:566)
	at org.apache.ratis.server.raftlog.segmented.SegmentedRaftLogWorker.run(SegmentedRaftLogWorker.java:289)
	at java.lang.Thread.run(Thread.java:748)
2019-09-20 04:50:10,961 [37fe2768-1af7-42e7-8542-10b932802b02-SegmentedRaftLogWorker:Storage Directory /workdir/hadoop-ozone/integration-test/target/test-dir/MiniOzoneClusterImpl-3cdd9aee-ba37-4d0d-8930-872cb3194007/datanode-0/data/ratis/92152ee2-c80c-4b4e-9632-196f6e90ab1e] ERROR segmented.SegmentedRaftLogWorker (SegmentedRaftLogWorker.java:run(323)) - 37fe2768-1af7-42e7-8542-10b932802b02-SegmentedRaftLogWorker:Storage Directory /workdir/hadoop-ozone/integration-test/target/test-dir/MiniOzoneClusterImpl-3cdd9aee-ba37-4d0d-8930-872cb3194007/datanode-0/data/ratis/92152ee2-c80c-4b4e-9632-196f6e90ab1e hit exception
java.lang.OutOfMemoryError: Direct buffer memory
	at java.nio.Bits.reserveMemory(Bits.java:666)
	at java.nio.DirectByteBuffer.<init>(DirectByteBuffer.java:123)
	at java.nio.ByteBuffer.allocateDirect(ByteBuffer.java:311)
	at org.apache.ratis.server.raftlog.segmented.BufferedWriteChannel.<init>(BufferedWriteChannel.java:41)
	at org.apache.ratis.server.raftlog.segmented.SegmentedRaftLogOutputStream.<init>(SegmentedRaftLogOutputStream.java:72)
	at org.apache.ratis.server.raftlog.segmented.SegmentedRaftLogWorker$StartLogSegment.execute(SegmentedRaftLogWorker.java:566)
	at org.apache.ratis.server.raftlog.segmented.SegmentedRaftLogWorker.run(SegmentedRaftLogWorker.java:289)
	at java.lang.Thread.run(Thread.java:748)
2019-09-20 04:50:10,961 [d5424862-00f5-4f26-882d-9249b213a1ef-SegmentedRaftLogWorker:Storage Directory /workdir/hadoop-ozone/integration-test/target/test-dir/MiniOzoneClusterImpl-3cdd9aee-ba37-4d0d-8930-872cb3194007/datanode-5/data/ratis/56d9df2f-8650-4016-a321-d71256feb5bf] INFO  impl.RaftServerImpl (RaftServerImpl.java:lambda$shutdown$3(245)) - d5424862-00f5-4f26-882d-9249b213a1ef: shutdown group-D71256FEB5BF
2019-09-20 04:50:10,961 [6a6ac22f-fdb0-4283-a89a-a8bc92b139ca-SegmentedRaftLogWorker:Storage Directory /workdir/hadoop-ozone/integration-test/target/test-dir/MiniOzoneClusterImpl-3cdd9aee-ba37-4d0d-8930-872cb3194007/datanode-4/data/ratis/c20cfb8f-30a0-4418-a916-cabd14f0921e] INFO  impl.RaftServerImpl (RaftServerImpl.java:lambda$shutdown$3(245)) - 6a6ac22f-fdb0-4283-a89a-a8bc92b139ca: shutdown group-CABD14F0921E
2019-09-20 04:50:10,962 [d5424862-00f5-4f26-882d-9249b213a1ef-SegmentedRaftLogWorker:Storage Directory /workdir/hadoop-ozone/integration-test/target/test-dir/MiniOzoneClusterImpl-3cdd9aee-ba37-4d0d-8930-872cb3194007/datanode-5/data/ratis/56d9df2f-8650-4016-a321-d71256feb5bf] INFO  util.JmxRegister (JmxRegister.java:unregister(73)) - Successfully un-registered JMX Bean with object name Ratis:service=RaftServer,group=group-D71256FEB5BF,id=d5424862-00f5-4f26-882d-9249b213a1ef
2019-09-20 04:50:10,961 [37fe2768-1af7-42e7-8542-10b932802b02-SegmentedRaftLogWorker:Storage Directory /workdir/hadoop-ozone/integration-test/target/test-dir/MiniOzoneClusterImpl-3cdd9aee-ba37-4d0d-8930-872cb3194007/datanode-0/data/ratis/92152ee2-c80c-4b4e-9632-196f6e90ab1e] INFO  impl.RaftServerImpl (RaftServerImpl.java:lambda$shutdown$3(245)) - 37fe2768-1af7-42e7-8542-10b932802b02: shutdown group-196F6E90AB1E
2019-09-20 04:50:10,962 [d5424862-00f5-4f26-882d-9249b213a1ef-SegmentedRaftLogWorker:Storage Directory /workdir/hadoop-ozone/integration-test/target/test-dir/MiniOzoneClusterImpl-3cdd9aee-ba37-4d0d-8930-872cb3194007/datanode-5/data/ratis/56d9df2f-8650-4016-a321-d71256feb5bf] INFO  impl.RoleInfo (RoleInfo.java:shutdownLeaderState(104)) - d5424862-00f5-4f26-882d-9249b213a1ef: shutdown LeaderState
2019-09-20 04:50:10,962 [6a6ac22f-fdb0-4283-a89a-a8bc92b139ca-SegmentedRaftLogWorker:Storage Directory /workdir/hadoop-ozone/integration-test/target/test-dir/MiniOzoneClusterImpl-3cdd9aee-ba37-4d0d-8930-872cb3194007/datanode-4/data/ratis/c20cfb8f-30a0-4418-a916-cabd14f0921e] INFO  util.JmxRegister (JmxRegister.java:unregister(73)) - Successfully un-registered JMX Bean with object name Ratis:service=RaftServer,group=group-CABD14F0921E,id=6a6ac22f-fdb0-4283-a89a-a8bc92b139ca
2019-09-20 04:50:10,962 [d5424862-00f5-4f26-882d-9249b213a1ef-SegmentedRaftLogWorker:Storage Directory /workdir/hadoop-ozone/integration-test/target/test-dir/MiniOzoneClusterImpl-3cdd9aee-ba37-4d0d-8930-872cb3194007/datanode-5/data/ratis/56d9df2f-8650-4016-a321-d71256feb5bf] INFO  impl.PendingRequests (PendingRequests.java:sendNotLeaderResponses(202)) - d5424862-00f5-4f26-882d-9249b213a1ef-PendingRequests: sendNotLeaderResponses
2019-09-20 04:50:10,962 [37fe2768-1af7-42e7-8542-10b932802b02-SegmentedRaftLogWorker:Storage Directory /workdir/hadoop-ozone/integration-test/target/test-dir/MiniOzoneClusterImpl-3cdd9aee-ba37-4d0d-8930-872cb3194007/datanode-0/data/ratis/92152ee2-c80c-4b4e-9632-196f6e90ab1e] INFO  util.JmxRegister (JmxRegister.java:unregister(73)) - Successfully un-registered JMX Bean with object name Ratis:service=RaftServer,group=group-196F6E90AB1E,id=37fe2768-1af7-42e7-8542-10b932802b02
2019-09-20 04:50:10,962 [d5424862-00f5-4f26-882d-9249b213a1ef-SegmentedRaftLogWorker:Storage Directory /workdir/hadoop-ozone/integration-test/target/test-dir/MiniOzoneClusterImpl-3cdd9aee-ba37-4d0d-8930-872cb3194007/datanode-5/data/ratis/56d9df2f-8650-4016-a321-d71256feb5bf] INFO  impl.StateMachineUpdater (StateMachineUpdater.java:stopAndJoin(115)) - StateMachineUpdater:d5424862-00f5-4f26-882d-9249b213a1ef:group-D71256FEB5BF: set stopIndex = -1
2019-09-20 04:50:10,963 [d5424862-00f5-4f26-882d-9249b213a1ef-SegmentedRaftLogWorker:Storage Directory /workdir/hadoop-ozone/integration-test/target/test-dir/MiniOzoneClusterImpl-3cdd9aee-ba37-4d0d-8930-872cb3194007/datanode-5/data/ratis/56d9df2f-8650-4016-a321-d71256feb5bf] INFO  impl.RaftServerImpl (ServerState.java:close(394)) - d5424862-00f5-4f26-882d-9249b213a1ef:group-D71256FEB5BF closes. The last applied log index is -1
2019-09-20 04:50:10,962 [6a6ac22f-fdb0-4283-a89a-a8bc92b139ca-SegmentedRaftLogWorker:Storage Directory /workdir/hadoop-ozone/integration-test/target/test-dir/MiniOzoneClusterImpl-3cdd9aee-ba37-4d0d-8930-872cb3194007/datanode-4/data/ratis/c20cfb8f-30a0-4418-a916-cabd14f0921e] INFO  impl.RoleInfo (RoleInfo.java:shutdownLeaderState(104)) - 6a6ac22f-fdb0-4283-a89a-a8bc92b139ca: shutdown LeaderState
2019-09-20 04:50:10,963 [d5424862-00f5-4f26-882d-9249b213a1ef-SegmentedRaftLogWorker:Storage Directory /workdir/hadoop-ozone/integration-test/target/test-dir/MiniOzoneClusterImpl-3cdd9aee-ba37-4d0d-8930-872cb3194007/datanode-5/data/ratis/56d9df2f-8650-4016-a321-d71256feb5bf] INFO  segmented.SegmentedRaftLogWorker (SegmentedRaftLogWorker.java:close(228)) - d5424862-00f5-4f26-882d-9249b213a1ef-SegmentedRaftLogWorker:Storage Directory /workdir/hadoop-ozone/integration-test/target/test-dir/MiniOzoneClusterImpl-3cdd9aee-ba37-4d0d-8930-872cb3194007/datanode-5/data/ratis/56d9df2f-8650-4016-a321-d71256feb5bf close()
2019-09-20 04:50:10,962 [37fe2768-1af7-42e7-8542-10b932802b02-SegmentedRaftLogWorker:Storage Directory /workdir/hadoop-ozone/integration-test/target/test-dir/MiniOzoneClusterImpl-3cdd9aee-ba37-4d0d-8930-872cb3194007/datanode-0/data/ratis/92152ee2-c80c-4b4e-9632-196f6e90ab1e] INFO  impl.RoleInfo (RoleInfo.java:shutdownLeaderState(104)) - 37fe2768-1af7-42e7-8542-10b932802b02: shutdown LeaderState
2019-09-20 04:50:10,963 [6a6ac22f-fdb0-4283-a89a-a8bc92b139ca-SegmentedRaftLogWorker:Storage Directory /workdir/hadoop-ozone/integration-test/target/test-dir/MiniOzoneClusterImpl-3cdd9aee-ba37-4d0d-8930-872cb3194007/datanode-4/data/ratis/c20cfb8f-30a0-4418-a916-cabd14f0921e] INFO  impl.PendingRequests (PendingRequests.java:sendNotLeaderResponses(202)) - 6a6ac22f-fdb0-4283-a89a-a8bc92b139ca-PendingRequests: sendNotLeaderResponses
2019-09-20 04:50:10,963 [37fe2768-1af7-42e7-8542-10b932802b02-SegmentedRaftLogWorker:Storage Directory /workdir/hadoop-ozone/integration-test/target/test-dir/MiniOzoneClusterImpl-3cdd9aee-ba37-4d0d-8930-872cb3194007/datanode-0/data/ratis/92152ee2-c80c-4b4e-9632-196f6e90ab1e] INFO  impl.PendingRequests (PendingRequests.java:sendNotLeaderResponses(202)) - 37fe2768-1af7-42e7-8542-10b932802b02-PendingRequests: sendNotLeaderResponses
2019-09-20 04:50:10,963 [6a6ac22f-fdb0-4283-a89a-a8bc92b139ca-SegmentedRaftLogWorker:Storage Directory /workdir/hadoop-ozone/integration-test/target/test-dir/MiniOzoneClusterImpl-3cdd9aee-ba37-4d0d-8930-872cb3194007/datanode-4/data/ratis/c20cfb8f-30a0-4418-a916-cabd14f0921e] INFO  impl.StateMachineUpdater (StateMachineUpdater.java:stopAndJoin(115)) - StateMachineUpdater:6a6ac22f-fdb0-4283-a89a-a8bc92b139ca:group-CABD14F0921E: set stopIndex = -1
2019-09-20 04:50:10,963 [37fe2768-1af7-42e7-8542-10b932802b02-SegmentedRaftLogWorker:Storage Directory /workdir/hadoop-ozone/integration-test/target/test-dir/MiniOzoneClusterImpl-3cdd9aee-ba37-4d0d-8930-872cb3194007/datanode-0/data/ratis/92152ee2-c80c-4b4e-9632-196f6e90ab1e] INFO  impl.StateMachineUpdater (StateMachineUpdater.java:stopAndJoin(115)) - StateMachineUpdater:37fe2768-1af7-42e7-8542-10b932802b02:group-196F6E90AB1E: set stopIndex = -1
2019-09-20 04:50:10,963 [6a6ac22f-fdb0-4283-a89a-a8bc92b139ca-SegmentedRaftLogWorker:Storage Directory /workdir/hadoop-ozone/integration-test/target/test-dir/MiniOzoneClusterImpl-3cdd9aee-ba37-4d0d-8930-872cb3194007/datanode-4/data/ratis/c20cfb8f-30a0-4418-a916-cabd14f0921e] INFO  impl.RaftServerImpl (ServerState.java:close(394)) - 6a6ac22f-fdb0-4283-a89a-a8bc92b139ca:group-CABD14F0921E closes. The last applied log index is -1
2019-09-20 04:50:10,964 [37fe2768-1af7-42e7-8542-10b932802b02-SegmentedRaftLogWorker:Storage Directory /workdir/hadoop-ozone/integration-test/target/test-dir/MiniOzoneClusterImpl-3cdd9aee-ba37-4d0d-8930-872cb3194007/datanode-0/data/ratis/92152ee2-c80c-4b4e-9632-196f6e90ab1e] INFO  impl.RaftServerImpl (ServerState.java:close(394)) - 37fe2768-1af7-42e7-8542-10b932802b02:group-196F6E90AB1E closes. The last applied log index is -1
2019-09-20 04:50:10,964 [6a6ac22f-fdb0-4283-a89a-a8bc92b139ca-SegmentedRaftLogWorker:Storage Directory /workdir/hadoop-ozone/integration-test/target/test-dir/MiniOzoneClusterImpl-3cdd9aee-ba37-4d0d-8930-872cb3194007/datanode-4/data/ratis/c20cfb8f-30a0-4418-a916-cabd14f0921e] INFO  segmented.SegmentedRaftLogWorker (SegmentedRaftLogWorker.java:close(228)) - 6a6ac22f-fdb0-4283-a89a-a8bc92b139ca-SegmentedRaftLogWorker:Storage Directory /workdir/hadoop-ozone/integration-test/target/test-dir/MiniOzoneClusterImpl-3cdd9aee-ba37-4d0d-8930-872cb3194007/datanode-4/data/ratis/c20cfb8f-30a0-4418-a916-cabd14f0921e close()
2019-09-20 04:50:10,964 [37fe2768-1af7-42e7-8542-10b932802b02-SegmentedRaftLogWorker:Storage Directory /workdir/hadoop-ozone/integration-test/target/test-dir/MiniOzoneClusterImpl-3cdd9aee-ba37-4d0d-8930-872cb3194007/datanode-0/data/ratis/92152ee2-c80c-4b4e-9632-196f6e90ab1e] INFO  segmented.SegmentedRaftLogWorker (SegmentedRaftLogWorker.java:close(228)) - 37fe2768-1af7-42e7-8542-10b932802b02-SegmentedRaftLogWorker:Storage Directory /workdir/hadoop-ozone/integration-test/target/test-dir/MiniOzoneClusterImpl-3cdd9aee-ba37-4d0d-8930-872cb3194007/datanode-0/data/ratis/92152ee2-c80c-4b4e-9632-196f6e90ab1e close()
2019-09-20 04:50:11,025 [db7872a1-bd52-4e68-8953-a9abbb9642a5-SegmentedRaftLogWorker:Storage Directory /workdir/hadoop-ozone/integration-test/target/test-dir/MiniOzoneClusterImpl-3cdd9aee-ba37-4d0d-8930-872cb3194007/datanode-6/data/ratis/16dad831-1ed5-43bd-9535-3beb43121a60] ERROR segmented.SegmentedRaftLogWorker (SegmentedRaftLogWorker.java:run(323)) - db7872a1-bd52-4e68-8953-a9abbb9642a5-SegmentedRaftLogWorker:Storage Directory /workdir/hadoop-ozone/integration-test/target/test-dir/MiniOzoneClusterImpl-3cdd9aee-ba37-4d0d-8930-872cb3194007/datanode-6/data/ratis/16dad831-1ed5-43bd-9535-3beb43121a60 hit exception
java.lang.OutOfMemoryError: Direct buffer memory
	at java.nio.Bits.reserveMemory(Bits.java:666)
	at java.nio.DirectByteBuffer.<init>(DirectByteBuffer.java:123)
	at java.nio.ByteBuffer.allocateDirect(ByteBuffer.java:311)
	at org.apache.ratis.server.raftlog.segmented.BufferedWriteChannel.<init>(BufferedWriteChannel.java:41)
	at org.apache.ratis.server.raftlog.segmented.SegmentedRaftLogOutputStream.<init>(SegmentedRaftLogOutputStream.java:72)
	at org.apache.ratis.server.raftlog.segmented.SegmentedRaftLogWorker$StartLogSegment.execute(SegmentedRaftLogWorker.java:566)
	at org.apache.ratis.server.raftlog.segmented.SegmentedRaftLogWorker.run(SegmentedRaftLogWorker.java:289)
	at java.lang.Thread.run(Thread.java:748)
2019-09-20 04:50:11,025 [db7872a1-bd52-4e68-8953-a9abbb9642a5-SegmentedRaftLogWorker:Storage Directory /workdir/hadoop-ozone/integration-test/target/test-dir/MiniOzoneClusterImpl-3cdd9aee-ba37-4d0d-8930-872cb3194007/datanode-6/data/ratis/5f18714c-415f-41cc-9679-a8d7ca26a752] ERROR segmented.SegmentedRaftLogWorker (SegmentedRaftLogWorker.java:run(323)) - db7872a1-bd52-4e68-8953-a9abbb9642a5-SegmentedRaftLogWorker:Storage Directory /workdir/hadoop-ozone/integration-test/target/test-dir/MiniOzoneClusterImpl-3cdd9aee-ba37-4d0d-8930-872cb3194007/datanode-6/data/ratis/5f18714c-415f-41cc-9679-a8d7ca26a752 hit exception
java.lang.OutOfMemoryError: Direct buffer memory
	at java.nio.Bits.reserveMemory(Bits.java:666)
	at java.nio.DirectByteBuffer.<init>(DirectByteBuffer.java:123)
	at java.nio.ByteBuffer.allocateDirect(ByteBuffer.java:311)
	at org.apache.ratis.server.raftlog.segmented.BufferedWriteChannel.<init>(BufferedWriteChannel.java:41)
	at org.apache.ratis.server.raftlog.segmented.SegmentedRaftLogOutputStream.<init>(SegmentedRaftLogOutputStream.java:72)
	at org.apache.ratis.server.raftlog.segmented.SegmentedRaftLogWorker$StartLogSegment.execute(SegmentedRaftLogWorker.java:566)
	at org.apache.ratis.server.raftlog.segmented.SegmentedRaftLogWorker.run(SegmentedRaftLogWorker.java:289)
	at java.lang.Thread.run(Thread.java:748)
2019-09-20 04:50:11,025 [db7872a1-bd52-4e68-8953-a9abbb9642a5-SegmentedRaftLogWorker:Storage Directory /workdir/hadoop-ozone/integration-test/target/test-dir/MiniOzoneClusterImpl-3cdd9aee-ba37-4d0d-8930-872cb3194007/datanode-6/data/ratis/16dad831-1ed5-43bd-9535-3beb43121a60] INFO  impl.RaftServerImpl (RaftServerImpl.java:lambda$shutdown$3(245)) - db7872a1-bd52-4e68-8953-a9abbb9642a5: shutdown group-3BEB43121A60
2019-09-20 04:50:11,025 [db7872a1-bd52-4e68-8953-a9abbb9642a5-SegmentedRaftLogWorker:Storage Directory /workdir/hadoop-ozone/integration-test/target/test-dir/MiniOzoneClusterImpl-3cdd9aee-ba37-4d0d-8930-872cb3194007/datanode-6/data/ratis/5f18714c-415f-41cc-9679-a8d7ca26a752] INFO  impl.RaftServerImpl (RaftServerImpl.java:lambda$shutdown$3(245)) - db7872a1-bd52-4e68-8953-a9abbb9642a5: shutdown group-A8D7CA26A752
2019-09-20 04:50:11,025 [db7872a1-bd52-4e68-8953-a9abbb9642a5-SegmentedRaftLogWorker:Storage Directory /workdir/hadoop-ozone/integration-test/target/test-dir/MiniOzoneClusterImpl-3cdd9aee-ba37-4d0d-8930-872cb3194007/datanode-6/data/ratis/16dad831-1ed5-43bd-9535-3beb43121a60] INFO  util.JmxRegister (JmxRegister.java:unregister(73)) - Successfully un-registered JMX Bean with object name Ratis:service=RaftServer,group=group-3BEB43121A60,id=db7872a1-bd52-4e68-8953-a9abbb9642a5
2019-09-20 04:50:11,025 [db7872a1-bd52-4e68-8953-a9abbb9642a5-SegmentedRaftLogWorker:Storage Directory /workdir/hadoop-ozone/integration-test/target/test-dir/MiniOzoneClusterImpl-3cdd9aee-ba37-4d0d-8930-872cb3194007/datanode-6/data/ratis/5f18714c-415f-41cc-9679-a8d7ca26a752] INFO  util.JmxRegister (JmxRegister.java:unregister(73)) - Successfully un-registered JMX Bean with object name Ratis:service=RaftServer,group=group-A8D7CA26A752,id=db7872a1-bd52-4e68-8953-a9abbb9642a5
2019-09-20 04:50:11,025 [db7872a1-bd52-4e68-8953-a9abbb9642a5-SegmentedRaftLogWorker:Storage Directory /workdir/hadoop-ozone/integration-test/target/test-dir/MiniOzoneClusterImpl-3cdd9aee-ba37-4d0d-8930-872cb3194007/datanode-6/data/ratis/16dad831-1ed5-43bd-9535-3beb43121a60] INFO  impl.RoleInfo (RoleInfo.java:shutdownLeaderState(104)) - db7872a1-bd52-4e68-8953-a9abbb9642a5: shutdown LeaderState
2019-09-20 04:50:11,026 [db7872a1-bd52-4e68-8953-a9abbb9642a5-SegmentedRaftLogWorker:Storage Directory /workdir/hadoop-ozone/integration-test/target/test-dir/MiniOzoneClusterImpl-3cdd9aee-ba37-4d0d-8930-872cb3194007/datanode-6/data/ratis/5f18714c-415f-41cc-9679-a8d7ca26a752] INFO  impl.RoleInfo (RoleInfo.java:shutdownLeaderState(104)) - db7872a1-bd52-4e68-8953-a9abbb9642a5: shutdown LeaderState
2019-09-20 04:50:11,026 [db7872a1-bd52-4e68-8953-a9abbb9642a5-SegmentedRaftLogWorker:Storage Directory /workdir/hadoop-ozone/integration-test/target/test-dir/MiniOzoneClusterImpl-3cdd9aee-ba37-4d0d-8930-872cb3194007/datanode-6/data/ratis/16dad831-1ed5-43bd-9535-3beb43121a60] INFO  impl.PendingRequests (PendingRequests.java:sendNotLeaderResponses(202)) - db7872a1-bd52-4e68-8953-a9abbb9642a5-PendingRequests: sendNotLeaderResponses
2019-09-20 04:50:11,026 [db7872a1-bd52-4e68-8953-a9abbb9642a5-SegmentedRaftLogWorker:Storage Directory /workdir/hadoop-ozone/integration-test/target/test-dir/MiniOzoneClusterImpl-3cdd9aee-ba37-4d0d-8930-872cb3194007/datanode-6/data/ratis/5f18714c-415f-41cc-9679-a8d7ca26a752] INFO  impl.PendingRequests (PendingRequests.java:sendNotLeaderResponses(202)) - db7872a1-bd52-4e68-8953-a9abbb9642a5-PendingRequests: sendNotLeaderResponses
2019-09-20 04:50:11,026 [db7872a1-bd52-4e68-8953-a9abbb9642a5-SegmentedRaftLogWorker:Storage Directory /workdir/hadoop-ozone/integration-test/target/test-dir/MiniOzoneClusterImpl-3cdd9aee-ba37-4d0d-8930-872cb3194007/datanode-6/data/ratis/16dad831-1ed5-43bd-9535-3beb43121a60] INFO  impl.StateMachineUpdater (StateMachineUpdater.java:stopAndJoin(115)) - StateMachineUpdater:db7872a1-bd52-4e68-8953-a9abbb9642a5:group-3BEB43121A60: set stopIndex = -1
2019-09-20 04:50:11,026 [db7872a1-bd52-4e68-8953-a9abbb9642a5-SegmentedRaftLogWorker:Storage Directory /workdir/hadoop-ozone/integration-test/target/test-dir/MiniOzoneClusterImpl-3cdd9aee-ba37-4d0d-8930-872cb3194007/datanode-6/data/ratis/5f18714c-415f-41cc-9679-a8d7ca26a752] INFO  impl.StateMachineUpdater (StateMachineUpdater.java:stopAndJoin(115)) - StateMachineUpdater:db7872a1-bd52-4e68-8953-a9abbb9642a5:group-A8D7CA26A752: set stopIndex = -1
2019-09-20 04:50:11,026 [db7872a1-bd52-4e68-8953-a9abbb9642a5-SegmentedRaftLogWorker:Storage Directory /workdir/hadoop-ozone/integration-test/target/test-dir/MiniOzoneClusterImpl-3cdd9aee-ba37-4d0d-8930-872cb3194007/datanode-6/data/ratis/16dad831-1ed5-43bd-9535-3beb43121a60] INFO  impl.RaftServerImpl (ServerState.java:close(394)) - db7872a1-bd52-4e68-8953-a9abbb9642a5:group-3BEB43121A60 closes. The last applied log index is -1
2019-09-20 04:50:11,026 [db7872a1-bd52-4e68-8953-a9abbb9642a5-SegmentedRaftLogWorker:Storage Directory /workdir/hadoop-ozone/integration-test/target/test-dir/MiniOzoneClusterImpl-3cdd9aee-ba37-4d0d-8930-872cb3194007/datanode-6/data/ratis/5f18714c-415f-41cc-9679-a8d7ca26a752] INFO  impl.RaftServerImpl (ServerState.java:close(394)) - db7872a1-bd52-4e68-8953-a9abbb9642a5:group-A8D7CA26A752 closes. The last applied log index is -1
2019-09-20 04:50:11,026 [db7872a1-bd52-4e68-8953-a9abbb9642a5-SegmentedRaftLogWorker:Storage Directory /workdir/hadoop-ozone/integration-test/target/test-dir/MiniOzoneClusterImpl-3cdd9aee-ba37-4d0d-8930-872cb3194007/datanode-6/data/ratis/16dad831-1ed5-43bd-9535-3beb43121a60] INFO  segmented.SegmentedRaftLogWorker (SegmentedRaftLogWorker.java:close(228)) - db7872a1-bd52-4e68-8953-a9abbb9642a5-SegmentedRaftLogWorker:Storage Directory /workdir/hadoop-ozone/integration-test/target/test-dir/MiniOzoneClusterImpl-3cdd9aee-ba37-4d0d-8930-872cb3194007/datanode-6/data/ratis/16dad831-1ed5-43bd-9535-3beb43121a60 close()
2019-09-20 04:50:11,026 [db7872a1-bd52-4e68-8953-a9abbb9642a5-SegmentedRaftLogWorker:Storage Directory /workdir/hadoop-ozone/integration-test/target/test-dir/MiniOzoneClusterImpl-3cdd9aee-ba37-4d0d-8930-872cb3194007/datanode-6/data/ratis/5f18714c-415f-41cc-9679-a8d7ca26a752] INFO  segmented.SegmentedRaftLogWorker (SegmentedRaftLogWorker.java:close(228)) - db7872a1-bd52-4e68-8953-a9abbb9642a5-SegmentedRaftLogWorker:Storage Directory /workdir/hadoop-ozone/integration-test/target/test-dir/MiniOzoneClusterImpl-3cdd9aee-ba37-4d0d-8930-872cb3194007/datanode-6/data/ratis/5f18714c-415f-41cc-9679-a8d7ca26a752 close()
2019-09-20 04:50:11,058 | INFO  | ObjectStoreRestHttpServer | Listening HDDS REST traffic on /0.0.0.0:38232 |  
2019-09-20 04:50:11,058 [main] INFO  ozone.HddsDatanodeService (HddsDatanodeService.java:startPlugins(395)) - Started plug-in org.apache.hadoop.ozone.web.OzoneHddsDatanodeService@4bbabec8
2019-09-20 04:50:11,059 [main] INFO  impl.MetricsSystemImpl (MetricsSystemImpl.java:init(158)) - HddsDatanode metrics system started (again)
2019-09-20 04:50:11,060 [org.apache.hadoop.util.JvmPauseMonitor$Monitor@6f404b4d] INFO  util.JvmPauseMonitor (JvmPauseMonitor.java:run(188)) - Starting JVM pause monitor
2019-09-20 04:50:11,062 [Datanode State Machine Thread - 0] INFO  datanode.InitDatanodeState (InitDatanodeState.java:persistContainerDatanodeDetails(140)) - DatanodeDetails is persisted to /workdir/hadoop-ozone/integration-test/target/test-dir/MiniOzoneClusterImpl-5481c8ea-466e-4137-a567-737be5b6f247/datanode-0/meta/datanode.id
2019-09-20 04:50:11,090 [c82e94d7-3693-4569-94b0-cf8ff008d5c0-SegmentedRaftLogWorker:Storage Directory /workdir/hadoop-ozone/integration-test/target/test-dir/MiniOzoneClusterImpl-3cdd9aee-ba37-4d0d-8930-872cb3194007/datanode-1/data/ratis/9ef70177-8d80-425e-be4a-35c74151bff6] ERROR segmented.SegmentedRaftLogWorker (SegmentedRaftLogWorker.java:run(323)) - c82e94d7-3693-4569-94b0-cf8ff008d5c0-SegmentedRaftLogWorker:Storage Directory /workdir/hadoop-ozone/integration-test/target/test-dir/MiniOzoneClusterImpl-3cdd9aee-ba37-4d0d-8930-872cb3194007/datanode-1/data/ratis/9ef70177-8d80-425e-be4a-35c74151bff6 hit exception
java.lang.OutOfMemoryError: Direct buffer memory
	at java.nio.Bits.reserveMemory(Bits.java:666)
	at java.nio.DirectByteBuffer.<init>(DirectByteBuffer.java:123)
	at java.nio.ByteBuffer.allocateDirect(ByteBuffer.java:311)
	at org.apache.ratis.server.raftlog.segmented.BufferedWriteChannel.<init>(BufferedWriteChannel.java:41)
	at org.apache.ratis.server.raftlog.segmented.SegmentedRaftLogOutputStream.<init>(SegmentedRaftLogOutputStream.java:72)
	at org.apache.ratis.server.raftlog.segmented.SegmentedRaftLogWorker$StartLogSegment.execute(SegmentedRaftLogWorker.java:566)
	at org.apache.ratis.server.raftlog.segmented.SegmentedRaftLogWorker.run(SegmentedRaftLogWorker.java:289)
	at java.lang.Thread.run(Thread.java:748)
2019-09-20 04:50:11,090 [37fe2768-1af7-42e7-8542-10b932802b02-SegmentedRaftLogWorker:Storage Directory /workdir/hadoop-ozone/integration-test/target/test-dir/MiniOzoneClusterImpl-3cdd9aee-ba37-4d0d-8930-872cb3194007/datanode-0/data/ratis/059a3f7a-68a2-4547-8359-eecae822bd9d] ERROR segmented.SegmentedRaftLogWorker (SegmentedRaftLogWorker.java:run(323)) - 37fe2768-1af7-42e7-8542-10b932802b02-SegmentedRaftLogWorker:Storage Directory /workdir/hadoop-ozone/integration-test/target/test-dir/MiniOzoneClusterImpl-3cdd9aee-ba37-4d0d-8930-872cb3194007/datanode-0/data/ratis/059a3f7a-68a2-4547-8359-eecae822bd9d hit exception
java.lang.OutOfMemoryError: Direct buffer memory
	at java.nio.Bits.reserveMemory(Bits.java:666)
	at java.nio.DirectByteBuffer.<init>(DirectByteBuffer.java:123)
	at java.nio.ByteBuffer.allocateDirect(ByteBuffer.java:311)
	at org.apache.ratis.server.raftlog.segmented.BufferedWriteChannel.<init>(BufferedWriteChannel.java:41)
	at org.apache.ratis.server.raftlog.segmented.SegmentedRaftLogOutputStream.<init>(SegmentedRaftLogOutputStream.java:72)
	at org.apache.ratis.server.raftlog.segmented.SegmentedRaftLogWorker$StartLogSegment.execute(SegmentedRaftLogWorker.java:566)
	at org.apache.ratis.server.raftlog.segmented.SegmentedRaftLogWorker.run(SegmentedRaftLogWorker.java:289)
	at java.lang.Thread.run(Thread.java:748)
2019-09-20 04:50:11,090 [c82e94d7-3693-4569-94b0-cf8ff008d5c0-SegmentedRaftLogWorker:Storage Directory /workdir/hadoop-ozone/integration-test/target/test-dir/MiniOzoneClusterImpl-3cdd9aee-ba37-4d0d-8930-872cb3194007/datanode-1/data/ratis/9ef70177-8d80-425e-be4a-35c74151bff6] INFO  impl.RaftServerImpl (RaftServerImpl.java:lambda$shutdown$3(245)) - c82e94d7-3693-4569-94b0-cf8ff008d5c0: shutdown group-35C74151BFF6
2019-09-20 04:50:11,090 [37fe2768-1af7-42e7-8542-10b932802b02-SegmentedRaftLogWorker:Storage Directory /workdir/hadoop-ozone/integration-test/target/test-dir/MiniOzoneClusterImpl-3cdd9aee-ba37-4d0d-8930-872cb3194007/datanode-0/data/ratis/059a3f7a-68a2-4547-8359-eecae822bd9d] INFO  impl.RaftServerImpl (RaftServerImpl.java:lambda$shutdown$3(245)) - 37fe2768-1af7-42e7-8542-10b932802b02: shutdown group-EECAE822BD9D
2019-09-20 04:50:11,091 [c82e94d7-3693-4569-94b0-cf8ff008d5c0-SegmentedRaftLogWorker:Storage Directory /workdir/hadoop-ozone/integration-test/target/test-dir/MiniOzoneClusterImpl-3cdd9aee-ba37-4d0d-8930-872cb3194007/datanode-1/data/ratis/9ef70177-8d80-425e-be4a-35c74151bff6] INFO  util.JmxRegister (JmxRegister.java:unregister(73)) - Successfully un-registered JMX Bean with object name Ratis:service=RaftServer,group=group-35C74151BFF6,id=c82e94d7-3693-4569-94b0-cf8ff008d5c0
2019-09-20 04:50:11,091 [37fe2768-1af7-42e7-8542-10b932802b02-SegmentedRaftLogWorker:Storage Directory /workdir/hadoop-ozone/integration-test/target/test-dir/MiniOzoneClusterImpl-3cdd9aee-ba37-4d0d-8930-872cb3194007/datanode-0/data/ratis/059a3f7a-68a2-4547-8359-eecae822bd9d] INFO  util.JmxRegister (JmxRegister.java:unregister(73)) - Successfully un-registered JMX Bean with object name Ratis:service=RaftServer,group=group-EECAE822BD9D,id=37fe2768-1af7-42e7-8542-10b932802b02
2019-09-20 04:50:11,091 [c82e94d7-3693-4569-94b0-cf8ff008d5c0-SegmentedRaftLogWorker:Storage Directory /workdir/hadoop-ozone/integration-test/target/test-dir/MiniOzoneClusterImpl-3cdd9aee-ba37-4d0d-8930-872cb3194007/datanode-1/data/ratis/9ef70177-8d80-425e-be4a-35c74151bff6] INFO  impl.RoleInfo (RoleInfo.java:shutdownLeaderState(104)) - c82e94d7-3693-4569-94b0-cf8ff008d5c0: shutdown LeaderState
2019-09-20 04:50:11,091 [37fe2768-1af7-42e7-8542-10b932802b02-SegmentedRaftLogWorker:Storage Directory /workdir/hadoop-ozone/integration-test/target/test-dir/MiniOzoneClusterImpl-3cdd9aee-ba37-4d0d-8930-872cb3194007/datanode-0/data/ratis/059a3f7a-68a2-4547-8359-eecae822bd9d] INFO  impl.RoleInfo (RoleInfo.java:shutdownLeaderState(104)) - 37fe2768-1af7-42e7-8542-10b932802b02: shutdown LeaderState
2019-09-20 04:50:11,091 [c82e94d7-3693-4569-94b0-cf8ff008d5c0-SegmentedRaftLogWorker:Storage Directory /workdir/hadoop-ozone/integration-test/target/test-dir/MiniOzoneClusterImpl-3cdd9aee-ba37-4d0d-8930-872cb3194007/datanode-1/data/ratis/9ef70177-8d80-425e-be4a-35c74151bff6] INFO  impl.PendingRequests (PendingRequests.java:sendNotLeaderResponses(202)) - c82e94d7-3693-4569-94b0-cf8ff008d5c0-PendingRequests: sendNotLeaderResponses
2019-09-20 04:50:11,091 [37fe2768-1af7-42e7-8542-10b932802b02-SegmentedRaftLogWorker:Storage Directory /workdir/hadoop-ozone/integration-test/target/test-dir/MiniOzoneClusterImpl-3cdd9aee-ba37-4d0d-8930-872cb3194007/datanode-0/data/ratis/059a3f7a-68a2-4547-8359-eecae822bd9d] INFO  impl.PendingRequests (PendingRequests.java:sendNotLeaderResponses(202)) - 37fe2768-1af7-42e7-8542-10b932802b02-PendingRequests: sendNotLeaderResponses
2019-09-20 04:50:11,091 [c82e94d7-3693-4569-94b0-cf8ff008d5c0-SegmentedRaftLogWorker:Storage Directory /workdir/hadoop-ozone/integration-test/target/test-dir/MiniOzoneClusterImpl-3cdd9aee-ba37-4d0d-8930-872cb3194007/datanode-1/data/ratis/9ef70177-8d80-425e-be4a-35c74151bff6] INFO  impl.StateMachineUpdater (StateMachineUpdater.java:stopAndJoin(115)) - StateMachineUpdater:c82e94d7-3693-4569-94b0-cf8ff008d5c0:group-35C74151BFF6: set stopIndex = -1
2019-09-20 04:50:11,091 [Thread-1776] INFO  impl.FollowerState (FollowerState.java:run(106)) - d5424862-00f5-4f26-882d-9249b213a1ef:group-9CD8556234BB changes to CANDIDATE, lastRpcTime:16212, electionTimeout:5074ms
2019-09-20 04:50:11,092 [c82e94d7-3693-4569-94b0-cf8ff008d5c0-SegmentedRaftLogWorker:Storage Directory /workdir/hadoop-ozone/integration-test/target/test-dir/MiniOzoneClusterImpl-3cdd9aee-ba37-4d0d-8930-872cb3194007/datanode-1/data/ratis/9ef70177-8d80-425e-be4a-35c74151bff6] INFO  impl.RaftServerImpl (ServerState.java:close(394)) - c82e94d7-3693-4569-94b0-cf8ff008d5c0:group-35C74151BFF6 closes. The last applied log index is -1
2019-09-20 04:50:11,091 [37fe2768-1af7-42e7-8542-10b932802b02-SegmentedRaftLogWorker:Storage Directory /workdir/hadoop-ozone/integration-test/target/test-dir/MiniOzoneClusterImpl-3cdd9aee-ba37-4d0d-8930-872cb3194007/datanode-0/data/ratis/059a3f7a-68a2-4547-8359-eecae822bd9d] INFO  impl.StateMachineUpdater (StateMachineUpdater.java:stopAndJoin(115)) - StateMachineUpdater:37fe2768-1af7-42e7-8542-10b932802b02:group-EECAE822BD9D: set stopIndex = -1
2019-09-20 04:50:11,092 [Thread-1776] INFO  impl.RoleInfo (RoleInfo.java:shutdownFollowerState(121)) - d5424862-00f5-4f26-882d-9249b213a1ef: shutdown FollowerState
2019-09-20 04:50:11,092 [c82e94d7-3693-4569-94b0-cf8ff008d5c0-SegmentedRaftLogWorker:Storage Directory /workdir/hadoop-ozone/integration-test/target/test-dir/MiniOzoneClusterImpl-3cdd9aee-ba37-4d0d-8930-872cb3194007/datanode-1/data/ratis/9ef70177-8d80-425e-be4a-35c74151bff6] INFO  segmented.SegmentedRaftLogWorker (SegmentedRaftLogWorker.java:close(228)) - c82e94d7-3693-4569-94b0-cf8ff008d5c0-SegmentedRaftLogWorker:Storage Directory /workdir/hadoop-ozone/integration-test/target/test-dir/MiniOzoneClusterImpl-3cdd9aee-ba37-4d0d-8930-872cb3194007/datanode-1/data/ratis/9ef70177-8d80-425e-be4a-35c74151bff6 close()
2019-09-20 04:50:11,092 [37fe2768-1af7-42e7-8542-10b932802b02-SegmentedRaftLogWorker:Storage Directory /workdir/hadoop-ozone/integration-test/target/test-dir/MiniOzoneClusterImpl-3cdd9aee-ba37-4d0d-8930-872cb3194007/datanode-0/data/ratis/059a3f7a-68a2-4547-8359-eecae822bd9d] INFO  impl.RaftServerImpl (ServerState.java:close(394)) - 37fe2768-1af7-42e7-8542-10b932802b02:group-EECAE822BD9D closes. The last applied log index is -1
2019-09-20 04:50:11,092 [Thread-1776] INFO  impl.RaftServerImpl (RaftServerImpl.java:setRole(171)) - d5424862-00f5-4f26-882d-9249b213a1ef:group-9CD8556234BB changes role from FOLLOWER to CANDIDATE at term 0 for changeToCandidate
2019-09-20 04:50:11,093 [37fe2768-1af7-42e7-8542-10b932802b02-SegmentedRaftLogWorker:Storage Directory /workdir/hadoop-ozone/integration-test/target/test-dir/MiniOzoneClusterImpl-3cdd9aee-ba37-4d0d-8930-872cb3194007/datanode-0/data/ratis/059a3f7a-68a2-4547-8359-eecae822bd9d] INFO  segmented.SegmentedRaftLogWorker (SegmentedRaftLogWorker.java:close(228)) - 37fe2768-1af7-42e7-8542-10b932802b02-SegmentedRaftLogWorker:Storage Directory /workdir/hadoop-ozone/integration-test/target/test-dir/MiniOzoneClusterImpl-3cdd9aee-ba37-4d0d-8930-872cb3194007/datanode-0/data/ratis/059a3f7a-68a2-4547-8359-eecae822bd9d close()
2019-09-20 04:50:11,195 [Thread-1760] INFO  impl.FollowerState (FollowerState.java:run(106)) - 6a6ac22f-fdb0-4283-a89a-a8bc92b139ca:group-EC9002C03189 changes to CANDIDATE, lastRpcTime:16778, electionTimeout:5178ms
2019-09-20 04:50:11,195 [Thread-1760] INFO  impl.RoleInfo (RoleInfo.java:shutdownFollowerState(121)) - 6a6ac22f-fdb0-4283-a89a-a8bc92b139ca: shutdown FollowerState
2019-09-20 04:50:11,196 [Thread-1760] INFO  impl.RaftServerImpl (RaftServerImpl.java:setRole(171)) - 6a6ac22f-fdb0-4283-a89a-a8bc92b139ca:group-EC9002C03189 changes role from FOLLOWER to CANDIDATE at term 0 for changeToCandidate
2019-09-20 04:50:11,287 [Thread-1760] INFO  impl.RoleInfo (RoleInfo.java:updateAndGet(143)) - 6a6ac22f-fdb0-4283-a89a-a8bc92b139ca: start LeaderElection
2019-09-20 04:50:11,287 [Thread-1776] INFO  impl.RoleInfo (RoleInfo.java:updateAndGet(143)) - d5424862-00f5-4f26-882d-9249b213a1ef: start LeaderElection
2019-09-20 04:50:11,294 [main] INFO  ozone.HddsDatanodeService (HddsDatanodeService.java:start(184)) - HddsDatanodeService host:pr-hdds-1569-s8kj2-2266485376 ip:192.168.36.79
2019-09-20 04:50:11,323 [main] INFO  volume.HddsVolume (HddsVolume.java:<init>(176)) - Creating Volume: /workdir/hadoop-ozone/integration-test/target/test-dir/MiniOzoneClusterImpl-5481c8ea-466e-4137-a567-737be5b6f247/datanode-1/data/containers/hdds of  storage type : DISK and capacity : 1482555576320
2019-09-20 04:50:11,324 [main] INFO  volume.VolumeSet (VolumeSet.java:initializeVolumeSet(170)) - Added Volume : /workdir/hadoop-ozone/integration-test/target/test-dir/MiniOzoneClusterImpl-5481c8ea-466e-4137-a567-737be5b6f247/datanode-1/data/containers/hdds to VolumeSet
2019-09-20 04:50:11,325 [main] INFO  volume.ThrottledAsyncChecker (ThrottledAsyncChecker.java:schedule(140)) - Scheduling a check for org.apache.hadoop.ozone.container.common.volume.HddsVolume@29becf8b
2019-09-20 04:50:11,325 [main] INFO  volume.HddsVolumeChecker (HddsVolumeChecker.java:checkAllVolumes(203)) - Scheduled health check for volume org.apache.hadoop.ozone.container.common.volume.HddsVolume@29becf8b
2019-09-20 04:50:11,334 [6a6ac22f-fdb0-4283-a89a-a8bc92b139ca:group-EC9002C03189:LeaderElection164] INFO  impl.LeaderElection (LeaderElection.java:askForVotes(181)) - 6a6ac22f-fdb0-4283-a89a-a8bc92b139ca:group-EC9002C03189:LeaderElection164: begin an election at term 1 for -1: [6a6ac22f-fdb0-4283-a89a-a8bc92b139ca:192.168.36.79:45432], old=null
2019-09-20 04:50:11,334 [d5424862-00f5-4f26-882d-9249b213a1ef:group-9CD8556234BB:LeaderElection163] INFO  impl.LeaderElection (LeaderElection.java:askForVotes(181)) - d5424862-00f5-4f26-882d-9249b213a1ef:group-9CD8556234BB:LeaderElection163: begin an election at term 1 for -1: [d5424862-00f5-4f26-882d-9249b213a1ef:192.168.36.79:37251], old=null
2019-09-20 04:50:11,334 [6a6ac22f-fdb0-4283-a89a-a8bc92b139ca:group-EC9002C03189:LeaderElection164] INFO  impl.RoleInfo (RoleInfo.java:shutdownLeaderElection(134)) - 6a6ac22f-fdb0-4283-a89a-a8bc92b139ca: shutdown LeaderElection
2019-09-20 04:50:11,334 [d5424862-00f5-4f26-882d-9249b213a1ef:group-9CD8556234BB:LeaderElection163] INFO  impl.RoleInfo (RoleInfo.java:shutdownLeaderElection(134)) - d5424862-00f5-4f26-882d-9249b213a1ef: shutdown LeaderElection
2019-09-20 04:50:11,334 [6a6ac22f-fdb0-4283-a89a-a8bc92b139ca:group-EC9002C03189:LeaderElection164] INFO  impl.RaftServerImpl (RaftServerImpl.java:setRole(171)) - 6a6ac22f-fdb0-4283-a89a-a8bc92b139ca:group-EC9002C03189 changes role from CANDIDATE to LEADER at term 1 for changeToLeader
2019-09-20 04:50:11,335 [d5424862-00f5-4f26-882d-9249b213a1ef:group-9CD8556234BB:LeaderElection163] INFO  impl.RaftServerImpl (RaftServerImpl.java:setRole(171)) - d5424862-00f5-4f26-882d-9249b213a1ef:group-9CD8556234BB changes role from CANDIDATE to LEADER at term 1 for changeToLeader
2019-09-20 04:50:11,335 [6a6ac22f-fdb0-4283-a89a-a8bc92b139ca:group-EC9002C03189:LeaderElection164] INFO  impl.RaftServerImpl (ServerState.java:setLeader(263)) - 6a6ac22f-fdb0-4283-a89a-a8bc92b139ca:group-EC9002C03189 change Leader from null to 6a6ac22f-fdb0-4283-a89a-a8bc92b139ca at term 1 for becomeLeader, leader elected after 16921ms
2019-09-20 04:50:11,335 [d5424862-00f5-4f26-882d-9249b213a1ef:group-9CD8556234BB:LeaderElection163] INFO  impl.RaftServerImpl (ServerState.java:setLeader(263)) - d5424862-00f5-4f26-882d-9249b213a1ef:group-9CD8556234BB change Leader from null to d5424862-00f5-4f26-882d-9249b213a1ef at term 1 for becomeLeader, leader elected after 16459ms
2019-09-20 04:50:11,335 [6a6ac22f-fdb0-4283-a89a-a8bc92b139ca:group-EC9002C03189:LeaderElection164] INFO  server.RaftServerConfigKeys (ConfUtils.java:logGet(43)) - raft.server.staging.catchup.gap = 1000 (default)
2019-09-20 04:50:11,335 [d5424862-00f5-4f26-882d-9249b213a1ef:group-9CD8556234BB:LeaderElection163] INFO  server.RaftServerConfigKeys (ConfUtils.java:logGet(43)) - raft.server.staging.catchup.gap = 1000 (default)
2019-09-20 04:50:11,335 [6a6ac22f-fdb0-4283-a89a-a8bc92b139ca:group-EC9002C03189:LeaderElection164] INFO  server.RaftServerConfigKeys (ConfUtils.java:logGet(43)) - raft.server.rpc.sleep.time = 25ms (default)
2019-09-20 04:50:11,335 [d5424862-00f5-4f26-882d-9249b213a1ef:group-9CD8556234BB:LeaderElection163] INFO  server.RaftServerConfigKeys (ConfUtils.java:logGet(43)) - raft.server.rpc.sleep.time = 25ms (default)
2019-09-20 04:50:11,335 [6a6ac22f-fdb0-4283-a89a-a8bc92b139ca:group-EC9002C03189:LeaderElection164] INFO  server.RaftServerConfigKeys (ConfUtils.java:logGet(43)) - raft.server.write.element-limit = 4096 (default)
2019-09-20 04:50:11,335 [d5424862-00f5-4f26-882d-9249b213a1ef:group-9CD8556234BB:LeaderElection163] INFO  server.RaftServerConfigKeys (ConfUtils.java:logGet(43)) - raft.server.write.element-limit = 4096 (default)
2019-09-20 04:50:11,335 [6a6ac22f-fdb0-4283-a89a-a8bc92b139ca:group-EC9002C03189:LeaderElection164] INFO  server.RaftServerConfigKeys (ConfUtils.java:logGet(43)) - raft.server.watch.timeout = 10s (default)
2019-09-20 04:50:11,336 [d5424862-00f5-4f26-882d-9249b213a1ef:group-9CD8556234BB:LeaderElection163] INFO  server.RaftServerConfigKeys (ConfUtils.java:logGet(43)) - raft.server.watch.timeout = 10s (default)
2019-09-20 04:50:11,336 [6a6ac22f-fdb0-4283-a89a-a8bc92b139ca:group-EC9002C03189:LeaderElection164] INFO  server.RaftServerConfigKeys (ConfUtils.java:logGet(43)) - raft.server.watch.timeout.denomination = 1s (default)
2019-09-20 04:50:11,336 [d5424862-00f5-4f26-882d-9249b213a1ef:group-9CD8556234BB:LeaderElection163] INFO  server.RaftServerConfigKeys (ConfUtils.java:logGet(43)) - raft.server.watch.timeout.denomination = 1s (default)
2019-09-20 04:50:11,336 [6a6ac22f-fdb0-4283-a89a-a8bc92b139ca:group-EC9002C03189:LeaderElection164] INFO  server.RaftServerConfigKeys (ConfUtils.java:logGet(43)) - raft.server.watch.element-limit = 65536 (default)
2019-09-20 04:50:11,336 [d5424862-00f5-4f26-882d-9249b213a1ef:group-9CD8556234BB:LeaderElection163] INFO  server.RaftServerConfigKeys (ConfUtils.java:logGet(43)) - raft.server.watch.element-limit = 65536 (default)
2019-09-20 04:50:11,336 [6a6ac22f-fdb0-4283-a89a-a8bc92b139ca:group-EC9002C03189:LeaderElection164] INFO  impl.RoleInfo (RoleInfo.java:updateAndGet(143)) - 6a6ac22f-fdb0-4283-a89a-a8bc92b139ca: start LeaderState
2019-09-20 04:50:11,336 [d5424862-00f5-4f26-882d-9249b213a1ef:group-9CD8556234BB:LeaderElection163] INFO  impl.RoleInfo (RoleInfo.java:updateAndGet(143)) - d5424862-00f5-4f26-882d-9249b213a1ef: start LeaderState
2019-09-20 04:50:11,336 [6a6ac22f-fdb0-4283-a89a-a8bc92b139ca:group-EC9002C03189:LeaderElection164] INFO  segmented.SegmentedRaftLogWorker (SegmentedRaftLogWorker.java:startLogSegment(380)) - 6a6ac22f-fdb0-4283-a89a-a8bc92b139ca-SegmentedRaftLogWorker:Storage Directory /workdir/hadoop-ozone/integration-test/target/test-dir/MiniOzoneClusterImpl-3cdd9aee-ba37-4d0d-8930-872cb3194007/datanode-4/data/ratis/88f50d47-067f-47d0-901c-ec9002c03189: Starting segment from index:0
2019-09-20 04:50:11,336 [d5424862-00f5-4f26-882d-9249b213a1ef:group-9CD8556234BB:LeaderElection163] INFO  segmented.SegmentedRaftLogWorker (SegmentedRaftLogWorker.java:startLogSegment(380)) - d5424862-00f5-4f26-882d-9249b213a1ef-SegmentedRaftLogWorker:Storage Directory /workdir/hadoop-ozone/integration-test/target/test-dir/MiniOzoneClusterImpl-3cdd9aee-ba37-4d0d-8930-872cb3194007/datanode-5/data/ratis/024517e0-7cf8-4c56-819b-9cd8556234bb: Starting segment from index:0
2019-09-20 04:50:11,337 [6a6ac22f-fdb0-4283-a89a-a8bc92b139ca:group-EC9002C03189:LeaderElection164] INFO  impl.RaftServerImpl (ServerState.java:setRaftConf(361)) - 6a6ac22f-fdb0-4283-a89a-a8bc92b139ca:group-EC9002C03189 set configuration 0: [6a6ac22f-fdb0-4283-a89a-a8bc92b139ca:192.168.36.79:45432], old=null at 0
2019-09-20 04:50:11,714 [d5424862-00f5-4f26-882d-9249b213a1ef:group-9CD8556234BB:LeaderElection163] INFO  impl.RaftServerImpl (ServerState.java:setRaftConf(361)) - d5424862-00f5-4f26-882d-9249b213a1ef:group-9CD8556234BB set configuration 0: [d5424862-00f5-4f26-882d-9249b213a1ef:192.168.36.79:37251], old=null at 0
2019-09-20 04:50:12,038 | INFO  | SCMAudit | user=jenkins1000 | ip=192.168.36.79 | op=SEND_HEARTBEAT {datanodeUUID=0ad3f89e-804f-4845-89c5-5ff1a35a5dda, command=[]} | ret=SUCCESS |  
2019-09-20 04:50:12,038 | INFO  | SCMAudit | user=jenkins1000 | ip=192.168.36.79 | op=SEND_HEARTBEAT {datanodeUUID=5ea19b84-5385-4ae9-8412-c4cfa929b172, command=[]} | ret=SUCCESS |  
2019-09-20 04:50:12,038 | INFO  | SCMAudit | user=jenkins1000 | ip=192.168.36.79 | op=SEND_HEARTBEAT {datanodeUUID=a9bc59c4-b792-48d5-9db2-4e71770477b1, command=[]} | ret=SUCCESS |  
2019-09-20 04:50:12,038 | INFO  | SCMAudit | user=jenkins1000 | ip=192.168.36.79 | op=SEND_HEARTBEAT {datanodeUUID=68a93ad8-b6a8-44e1-8a9f-45fcc58d229a, command=[]} | ret=SUCCESS |  
2019-09-20 04:50:12,038 | INFO  | SCMAudit | user=jenkins1000 | ip=192.168.36.79 | op=SEND_HEARTBEAT {datanodeUUID=f4e549ee-a6fa-4eb9-8541-129d0566fdf5, command=[]} | ret=SUCCESS |  
2019-09-20 04:50:12,038 | INFO  | SCMAudit | user=jenkins1000 | ip=192.168.36.79 | op=SEND_HEARTBEAT {datanodeUUID=8538cd65-7926-426b-8bad-fbd0f0550f9a, command=[]} | ret=SUCCESS |  
2019-09-20 04:50:12,038 | INFO  | SCMAudit | user=jenkins1000 | ip=192.168.36.79 | op=SEND_HEARTBEAT {datanodeUUID=eb30d72f-c0a8-4ecb-bfee-9120a9a6cddf, command=[]} | ret=SUCCESS |  
2019-09-20 04:50:12,039 | INFO  | SCMAudit | user=jenkins1000 | ip=192.168.36.79 | op=SEND_HEARTBEAT {datanodeUUID=1b138595-92e4-4592-9dfc-2bb97fb4c88b, command=[]} | ret=SUCCESS |  
2019-09-20 04:50:12,039 | INFO  | SCMAudit | user=jenkins1000 | ip=192.168.36.79 | op=SEND_HEARTBEAT {datanodeUUID=37fe2768-1af7-42e7-8542-10b932802b02, command=[]} | ret=SUCCESS |  
2019-09-20 04:50:12,039 | INFO  | SCMAudit | user=jenkins1000 | ip=192.168.36.79 | op=SEND_HEARTBEAT {datanodeUUID=6a6ac22f-fdb0-4283-a89a-a8bc92b139ca, command=[]} | ret=SUCCESS |  
2019-09-20 04:50:12,039 | INFO  | SCMAudit | user=jenkins1000 | ip=192.168.36.79 | op=SEND_HEARTBEAT {datanodeUUID=c82e94d7-3693-4569-94b0-cf8ff008d5c0, command=[]} | ret=SUCCESS |  
2019-09-20 04:50:12,039 | INFO  | SCMAudit | user=jenkins1000 | ip=192.168.36.79 | op=SEND_HEARTBEAT {datanodeUUID=c9787825-ea51-4014-8feb-b4ee136c6b23, command=[]} | ret=SUCCESS |  
2019-09-20 04:50:12,039 | INFO  | SCMAudit | user=jenkins1000 | ip=192.168.36.79 | op=SEND_HEARTBEAT {datanodeUUID=db7872a1-bd52-4e68-8953-a9abbb9642a5, command=[]} | ret=SUCCESS |  
2019-09-20 04:50:12,039 | INFO  | SCMAudit | user=jenkins1000 | ip=192.168.36.79 | op=SEND_HEARTBEAT {datanodeUUID=d5424862-00f5-4f26-882d-9249b213a1ef, command=[]} | ret=SUCCESS |  
2019-09-20 04:50:12,039 | INFO  | SCMAudit | user=jenkins1000 | ip=192.168.36.79 | op=SEND_HEARTBEAT {datanodeUUID=236eed40-dd97-4fdc-a0ae-ab99685a426b, command=[]} | ret=SUCCESS |  
2019-09-20 04:50:12,039 | INFO  | SCMAudit | user=jenkins1000 | ip=192.168.36.79 | op=SEND_HEARTBEAT {datanodeUUID=c4f6294c-eda3-4afd-81f7-e69ed14da69f, command=[]} | ret=SUCCESS |  
2019-09-20 04:50:12,039 | INFO  | SCMAudit | user=jenkins1000 | ip=192.168.36.79 | op=SEND_HEARTBEAT {datanodeUUID=ea71b9af-1075-4196-9693-aa14e10f536d, command=[]} | ret=SUCCESS |  
2019-09-20 04:50:12,039 | INFO  | SCMAudit | user=jenkins1000 | ip=192.168.36.79 | op=SEND_HEARTBEAT {datanodeUUID=bd1a845e-f2ed-4713-9516-9ccc20139040, command=[]} | ret=SUCCESS |  
2019-09-20 04:50:12,039 | INFO  | SCMAudit | user=jenkins1000 | ip=192.168.36.79 | op=SEND_HEARTBEAT {datanodeUUID=1d91ad97-6666-4ee7-855a-8b5e944e7401, command=[]} | ret=SUCCESS |  
2019-09-20 04:50:12,039 | INFO  | SCMAudit | user=jenkins1000 | ip=192.168.36.79 | op=SEND_HEARTBEAT {datanodeUUID=ba95d636-ac34-4b74-a102-dec8d0f377c6, command=[]} | ret=SUCCESS |  
2019-09-20 04:50:12,039 | INFO  | SCMAudit | user=jenkins1000 | ip=192.168.36.79 | op=SEND_HEARTBEAT {datanodeUUID=dba845b8-ea76-4e09-ab03-0883d354e493, command=[]} | ret=SUCCESS |  
2019-09-20 04:50:12,039 | INFO  | SCMAudit | user=jenkins1000 | ip=192.168.36.79 | op=SEND_HEARTBEAT {datanodeUUID=eaf3ecbe-c3b1-4969-ad3a-e4de7fb04f81, command=[]} | ret=SUCCESS |  
2019-09-20 04:50:12,039 | INFO  | SCMAudit | user=jenkins1000 | ip=192.168.36.79 | op=SEND_HEARTBEAT {datanodeUUID=fdbc37f2-9e58-4bac-a5d5-a78839d012e9, command=[]} | ret=SUCCESS |  
2019-09-20 04:50:12,039 | INFO  | SCMAudit | user=jenkins1000 | ip=192.168.36.79 | op=SEND_HEARTBEAT {datanodeUUID=3c2a6bfe-f5c5-4e23-89b0-850dab17697d, command=[]} | ret=SUCCESS |  
2019-09-20 04:50:12,039 | INFO  | SCMAudit | user=jenkins1000 | ip=192.168.36.79 | op=SEND_HEARTBEAT {datanodeUUID=2702b462-69d8-4c1b-aae1-091a21fe08b8, command=[]} | ret=SUCCESS |  
2019-09-20 04:50:12,039 | INFO  | SCMAudit | user=jenkins1000 | ip=192.168.36.79 | op=SEND_HEARTBEAT {datanodeUUID=8d97392c-5f4b-400a-94a1-fb61a3ebbc99, command=[]} | ret=SUCCESS |  
2019-09-20 04:50:12,039 | INFO  | SCMAudit | user=jenkins1000 | ip=192.168.36.79 | op=SEND_HEARTBEAT {datanodeUUID=2d6465ef-cffa-473a-a4c6-a9aa3f1a26c0, command=[]} | ret=SUCCESS |  
2019-09-20 04:50:12,039 | INFO  | SCMAudit | user=jenkins1000 | ip=192.168.36.79 | op=SEND_HEARTBEAT {datanodeUUID=42fc6e92-fcdd-4827-b621-9fc58a3d2315, command=[]} | ret=SUCCESS |  
2019-09-20 04:50:12,065 [main] INFO  impl.RaftServerProxy (ConfUtils.java:logGet(43)) - raft.rpc.type = GRPC (default)
2019-09-20 04:50:12,065 [main] INFO  grpc.GrpcFactory (GrpcFactory.java:checkPooledByteBufAllocatorUseCacheForAllThreads(45)) - PERFORMANCE WARNING: useCacheForAllThreads is true that may cause Netty to create a lot garbage objects and, as a result, trigger GC.
	It is recommended to disable useCacheForAllThreads by setting -Dorg.apache.ratis.thirdparty.io.netty.allocator.useCacheForAllThreads=false in command line.
2019-09-20 04:50:12,066 [main] INFO  grpc.GrpcConfigKeys$Server (ConfUtils.java:logGet(43)) - raft.grpc.server.port = 0 (default)
2019-09-20 04:50:12,066 [main] INFO  server.GrpcService (ConfUtils.java:logGet(43)) - raft.grpc.message.size.max = 33570816 (custom)
2019-09-20 04:50:12,066 [main] INFO  server.RaftServerConfigKeys (ConfUtils.java:logGet(43)) - raft.server.log.appender.buffer.byte-limit = 33554432 (custom)
2019-09-20 04:50:12,066 [main] INFO  server.GrpcService (ConfUtils.java:logGet(43)) - raft.grpc.flow.control.window = 1MB (=1048576) (default)
2019-09-20 04:50:12,067 [main] INFO  server.RaftServerConfigKeys (ConfUtils.java:logGet(43)) - raft.server.rpc.request.timeout = 3000ms (default)
2019-09-20 04:50:12,067 [main] INFO  server.RaftServerConfigKeys (ConfUtils.java:logGet(43)) - raft.server.storage.dir = [/workdir/hadoop-ozone/integration-test/target/test-dir/MiniOzoneClusterImpl-5481c8ea-466e-4137-a567-737be5b6f247/datanode-1/data/ratis] (custom)
2019-09-20 04:50:12,068 [main] INFO  replication.SimpleContainerDownloader (SimpleContainerDownloader.java:<init>(72)) - Starting container downloader service to copy containers to replicate.
2019-09-20 04:50:12,069 [main] INFO  hdfs.DFSUtil (DFSUtil.java:httpServerTemplateForNNAndJN(1641)) - Starting Web-server for hddsDatanode at: http://0.0.0.0:0
2019-09-20 04:50:12,071 [main] INFO  server.AuthenticationFilter (AuthenticationFilter.java:constructSecretProvider(240)) - Unable to initialize FileSignerSecretProvider, falling back to use random secrets.
2019-09-20 04:50:12,071 [main] WARN  http.HttpRequestLog (HttpRequestLog.java:getRequestLog(97)) - Jetty request log can only be enabled using Log4j
2019-09-20 04:50:12,073 [main] INFO  http.HttpServer2 (HttpServer2.java:addGlobalFilter(975)) - Added global filter 'safety' (class=org.apache.hadoop.http.HttpServer2$QuotingInputFilter)
2019-09-20 04:50:12,074 [main] INFO  http.HttpServer2 (HttpServer2.java:addFilter(948)) - Added filter static_user_filter (class=org.apache.hadoop.http.lib.StaticUserWebFilter$StaticUserFilter) to context hddsDatanode
2019-09-20 04:50:12,074 [main] INFO  http.HttpServer2 (HttpServer2.java:addFilter(958)) - Added filter static_user_filter (class=org.apache.hadoop.http.lib.StaticUserWebFilter$StaticUserFilter) to context logs
2019-09-20 04:50:12,074 [main] INFO  http.HttpServer2 (HttpServer2.java:addFilter(958)) - Added filter static_user_filter (class=org.apache.hadoop.http.lib.StaticUserWebFilter$StaticUserFilter) to context static
2019-09-20 04:50:12,075 [main] INFO  http.HttpServer2 (HttpServer2.java:bindListener(1191)) - Jetty bound to port 43022
2019-09-20 04:50:12,075 [main] INFO  server.Server (Server.java:doStart(351)) - jetty-9.3.24.v20180605, build timestamp: 2018-06-05T17:11:56Z, git hash: 84205aa28f11a4f31f2a3b86d1bba2cc8ab69827
2019-09-20 04:50:12,077 [main] INFO  handler.ContextHandler (ContextHandler.java:doStart(781)) - Started o.e.j.s.ServletContextHandler@444720b7{/logs,file:///workdir/hadoop-ozone/integration-test/target/log,AVAILABLE}
2019-09-20 04:50:12,077 [main] INFO  handler.ContextHandler (ContextHandler.java:doStart(781)) - Started o.e.j.s.ServletContextHandler@2b8f5aa4{/static,jar:file:/home/user/.m2/repository/org/apache/hadoop/hadoop-hdds-container-service/0.5.0-SNAPSHOT/hadoop-hdds-container-service-0.5.0-SNAPSHOT.jar!/webapps/static,AVAILABLE}
2019-09-20 04:50:12,114 [main] INFO  handler.ContextHandler (ContextHandler.java:doStart(781)) - Started o.e.j.w.WebAppContext@56ece9c{/,file:///tmp/jetty-0.0.0.0-43022-hddsDatanode-_-any-5513027297943910073.dir/webapp/,AVAILABLE}{/hddsDatanode}
2019-09-20 04:50:12,114 [main] INFO  server.AbstractConnector (AbstractConnector.java:doStart(278)) - Started ServerConnector@1c4a8c93{HTTP/1.1,[http/1.1]}{0.0.0.0:43022}
2019-09-20 04:50:12,122 [main] INFO  server.Server (Server.java:doStart(419)) - Started @94110ms
2019-09-20 04:50:12,123 [main] INFO  server.BaseHttpServer (BaseHttpServer.java:updateConnectorAddress(213)) - HTTP server of HDDSDATANODE is listening at http://0.0.0.0:43022
2019-09-20 04:50:12,238 | INFO  | ObjectStoreRestHttpServer | Listening HDDS REST traffic on /0.0.0.0:40906 |  
2019-09-20 04:50:12,238 [main] INFO  ozone.HddsDatanodeService (HddsDatanodeService.java:startPlugins(395)) - Started plug-in org.apache.hadoop.ozone.web.OzoneHddsDatanodeService@763a72da
2019-09-20 04:50:12,238 [main] INFO  impl.MetricsSystemImpl (MetricsSystemImpl.java:init(158)) - HddsDatanode metrics system started (again)
2019-09-20 04:50:12,239 [org.apache.hadoop.util.JvmPauseMonitor$Monitor@3356d80c] INFO  util.JvmPauseMonitor (JvmPauseMonitor.java:run(188)) - Starting JVM pause monitor
2019-09-20 04:50:12,445 [Datanode State Machine Thread - 0] INFO  datanode.InitDatanodeState (InitDatanodeState.java:persistContainerDatanodeDetails(140)) - DatanodeDetails is persisted to /workdir/hadoop-ozone/integration-test/target/test-dir/MiniOzoneClusterImpl-5481c8ea-466e-4137-a567-737be5b6f247/datanode-1/meta/datanode.id
2019-09-20 04:50:12,447 [main] INFO  ozone.HddsDatanodeService (HddsDatanodeService.java:start(184)) - HddsDatanodeService host:pr-hdds-1569-s8kj2-2266485376 ip:192.168.36.79
2019-09-20 04:50:12,468 [main] INFO  volume.HddsVolume (HddsVolume.java:<init>(176)) - Creating Volume: /workdir/hadoop-ozone/integration-test/target/test-dir/MiniOzoneClusterImpl-5481c8ea-466e-4137-a567-737be5b6f247/datanode-2/data/containers/hdds of  storage type : DISK and capacity : 1482555576320
2019-09-20 04:50:12,468 [main] INFO  volume.VolumeSet (VolumeSet.java:initializeVolumeSet(170)) - Added Volume : /workdir/hadoop-ozone/integration-test/target/test-dir/MiniOzoneClusterImpl-5481c8ea-466e-4137-a567-737be5b6f247/datanode-2/data/containers/hdds to VolumeSet
2019-09-20 04:50:12,468 [main] INFO  volume.ThrottledAsyncChecker (ThrottledAsyncChecker.java:schedule(140)) - Scheduling a check for org.apache.hadoop.ozone.container.common.volume.HddsVolume@5c04685
2019-09-20 04:50:12,469 [main] INFO  volume.HddsVolumeChecker (HddsVolumeChecker.java:checkAllVolumes(203)) - Scheduled health check for volume org.apache.hadoop.ozone.container.common.volume.HddsVolume@5c04685
2019-09-20 04:50:12,491 [main] INFO  impl.RaftServerProxy (ConfUtils.java:logGet(43)) - raft.rpc.type = GRPC (default)
2019-09-20 04:50:12,491 [main] INFO  grpc.GrpcFactory (GrpcFactory.java:checkPooledByteBufAllocatorUseCacheForAllThreads(45)) - PERFORMANCE WARNING: useCacheForAllThreads is true that may cause Netty to create a lot garbage objects and, as a result, trigger GC.
	It is recommended to disable useCacheForAllThreads by setting -Dorg.apache.ratis.thirdparty.io.netty.allocator.useCacheForAllThreads=false in command line.
2019-09-20 04:50:12,491 [main] INFO  grpc.GrpcConfigKeys$Server (ConfUtils.java:logGet(43)) - raft.grpc.server.port = 0 (default)
2019-09-20 04:50:12,492 [main] INFO  server.GrpcService (ConfUtils.java:logGet(43)) - raft.grpc.message.size.max = 33570816 (custom)
2019-09-20 04:50:12,492 [main] INFO  server.RaftServerConfigKeys (ConfUtils.java:logGet(43)) - raft.server.log.appender.buffer.byte-limit = 33554432 (custom)
2019-09-20 04:50:12,492 [main] INFO  server.GrpcService (ConfUtils.java:logGet(43)) - raft.grpc.flow.control.window = 1MB (=1048576) (default)
2019-09-20 04:50:12,492 [main] INFO  server.RaftServerConfigKeys (ConfUtils.java:logGet(43)) - raft.server.rpc.request.timeout = 3000ms (default)
2019-09-20 04:50:12,492 [main] INFO  server.RaftServerConfigKeys (ConfUtils.java:logGet(43)) - raft.server.storage.dir = [/workdir/hadoop-ozone/integration-test/target/test-dir/MiniOzoneClusterImpl-5481c8ea-466e-4137-a567-737be5b6f247/datanode-2/data/ratis] (custom)
2019-09-20 04:50:12,493 [main] INFO  replication.SimpleContainerDownloader (SimpleContainerDownloader.java:<init>(72)) - Starting container downloader service to copy containers to replicate.
2019-09-20 04:50:12,494 [main] INFO  hdfs.DFSUtil (DFSUtil.java:httpServerTemplateForNNAndJN(1641)) - Starting Web-server for hddsDatanode at: http://0.0.0.0:0
2019-09-20 04:50:12,495 [main] INFO  server.AuthenticationFilter (AuthenticationFilter.java:constructSecretProvider(240)) - Unable to initialize FileSignerSecretProvider, falling back to use random secrets.
2019-09-20 04:50:12,495 [main] WARN  http.HttpRequestLog (HttpRequestLog.java:getRequestLog(97)) - Jetty request log can only be enabled using Log4j
2019-09-20 04:50:12,497 [main] INFO  http.HttpServer2 (HttpServer2.java:addGlobalFilter(975)) - Added global filter 'safety' (class=org.apache.hadoop.http.HttpServer2$QuotingInputFilter)
2019-09-20 04:50:12,497 [main] INFO  http.HttpServer2 (HttpServer2.java:addFilter(948)) - Added filter static_user_filter (class=org.apache.hadoop.http.lib.StaticUserWebFilter$StaticUserFilter) to context hddsDatanode
2019-09-20 04:50:12,497 [main] INFO  http.HttpServer2 (HttpServer2.java:addFilter(958)) - Added filter static_user_filter (class=org.apache.hadoop.http.lib.StaticUserWebFilter$StaticUserFilter) to context static
2019-09-20 04:50:12,497 [main] INFO  http.HttpServer2 (HttpServer2.java:addFilter(958)) - Added filter static_user_filter (class=org.apache.hadoop.http.lib.StaticUserWebFilter$StaticUserFilter) to context logs
2019-09-20 04:50:12,498 [main] INFO  http.HttpServer2 (HttpServer2.java:bindListener(1191)) - Jetty bound to port 40629
2019-09-20 04:50:12,498 [main] INFO  server.Server (Server.java:doStart(351)) - jetty-9.3.24.v20180605, build timestamp: 2018-06-05T17:11:56Z, git hash: 84205aa28f11a4f31f2a3b86d1bba2cc8ab69827
2019-09-20 04:50:12,499 [main] INFO  handler.ContextHandler (ContextHandler.java:doStart(781)) - Started o.e.j.s.ServletContextHandler@35c83c56{/logs,file:///workdir/hadoop-ozone/integration-test/target/log,AVAILABLE}
2019-09-20 04:50:12,500 [main] INFO  handler.ContextHandler (ContextHandler.java:doStart(781)) - Started o.e.j.s.ServletContextHandler@5cdf2c83{/static,jar:file:/home/user/.m2/repository/org/apache/hadoop/hadoop-hdds-container-service/0.5.0-SNAPSHOT/hadoop-hdds-container-service-0.5.0-SNAPSHOT.jar!/webapps/static,AVAILABLE}
2019-09-20 04:50:12,526 [main] INFO  handler.ContextHandler (ContextHandler.java:doStart(781)) - Started o.e.j.w.WebAppContext@15b882a0{/,file:///tmp/jetty-0.0.0.0-40629-hddsDatanode-_-any-3961300647301545458.dir/webapp/,AVAILABLE}{/hddsDatanode}
2019-09-20 04:50:12,526 [main] INFO  server.AbstractConnector (AbstractConnector.java:doStart(278)) - Started ServerConnector@6ade4ac6{HTTP/1.1,[http/1.1]}{0.0.0.0:40629}
2019-09-20 04:50:12,536 [main] INFO  server.Server (Server.java:doStart(419)) - Started @94524ms
2019-09-20 04:50:12,537 [main] INFO  server.BaseHttpServer (BaseHttpServer.java:updateConnectorAddress(213)) - HTTP server of HDDSDATANODE is listening at http://0.0.0.0:40629
2019-09-20 04:50:12,545 [d5424862-00f5-4f26-882d-9249b213a1ef-SegmentedRaftLogWorker:Storage Directory /workdir/hadoop-ozone/integration-test/target/test-dir/MiniOzoneClusterImpl-3cdd9aee-ba37-4d0d-8930-872cb3194007/datanode-5/data/ratis/024517e0-7cf8-4c56-819b-9cd8556234bb] ERROR segmented.SegmentedRaftLogWorker (SegmentedRaftLogWorker.java:run(323)) - d5424862-00f5-4f26-882d-9249b213a1ef-SegmentedRaftLogWorker:Storage Directory /workdir/hadoop-ozone/integration-test/target/test-dir/MiniOzoneClusterImpl-3cdd9aee-ba37-4d0d-8930-872cb3194007/datanode-5/data/ratis/024517e0-7cf8-4c56-819b-9cd8556234bb hit exception
java.lang.OutOfMemoryError: Direct buffer memory
	at java.nio.Bits.reserveMemory(Bits.java:666)
	at java.nio.DirectByteBuffer.<init>(DirectByteBuffer.java:123)
	at java.nio.ByteBuffer.allocateDirect(ByteBuffer.java:311)
	at org.apache.ratis.server.raftlog.segmented.BufferedWriteChannel.<init>(BufferedWriteChannel.java:41)
	at org.apache.ratis.server.raftlog.segmented.SegmentedRaftLogOutputStream.<init>(SegmentedRaftLogOutputStream.java:72)
	at org.apache.ratis.server.raftlog.segmented.SegmentedRaftLogWorker$StartLogSegment.execute(SegmentedRaftLogWorker.java:566)
	at org.apache.ratis.server.raftlog.segmented.SegmentedRaftLogWorker.run(SegmentedRaftLogWorker.java:289)
	at java.lang.Thread.run(Thread.java:748)
2019-09-20 04:50:12,545 [d5424862-00f5-4f26-882d-9249b213a1ef-SegmentedRaftLogWorker:Storage Directory /workdir/hadoop-ozone/integration-test/target/test-dir/MiniOzoneClusterImpl-3cdd9aee-ba37-4d0d-8930-872cb3194007/datanode-5/data/ratis/024517e0-7cf8-4c56-819b-9cd8556234bb] INFO  impl.RaftServerImpl (RaftServerImpl.java:lambda$shutdown$3(245)) - d5424862-00f5-4f26-882d-9249b213a1ef: shutdown group-9CD8556234BB
2019-09-20 04:50:12,545 [d5424862-00f5-4f26-882d-9249b213a1ef-SegmentedRaftLogWorker:Storage Directory /workdir/hadoop-ozone/integration-test/target/test-dir/MiniOzoneClusterImpl-3cdd9aee-ba37-4d0d-8930-872cb3194007/datanode-5/data/ratis/024517e0-7cf8-4c56-819b-9cd8556234bb] INFO  util.JmxRegister (JmxRegister.java:unregister(73)) - Successfully un-registered JMX Bean with object name Ratis:service=RaftServer,group=group-9CD8556234BB,id=d5424862-00f5-4f26-882d-9249b213a1ef
2019-09-20 04:50:12,546 [d5424862-00f5-4f26-882d-9249b213a1ef-SegmentedRaftLogWorker:Storage Directory /workdir/hadoop-ozone/integration-test/target/test-dir/MiniOzoneClusterImpl-3cdd9aee-ba37-4d0d-8930-872cb3194007/datanode-5/data/ratis/024517e0-7cf8-4c56-819b-9cd8556234bb] INFO  impl.RoleInfo (RoleInfo.java:shutdownLeaderState(104)) - d5424862-00f5-4f26-882d-9249b213a1ef: shutdown LeaderState
2019-09-20 04:50:12,546 [d5424862-00f5-4f26-882d-9249b213a1ef-SegmentedRaftLogWorker:Storage Directory /workdir/hadoop-ozone/integration-test/target/test-dir/MiniOzoneClusterImpl-3cdd9aee-ba37-4d0d-8930-872cb3194007/datanode-5/data/ratis/024517e0-7cf8-4c56-819b-9cd8556234bb] INFO  impl.PendingRequests (PendingRequests.java:sendNotLeaderResponses(202)) - d5424862-00f5-4f26-882d-9249b213a1ef-PendingRequests: sendNotLeaderResponses
2019-09-20 04:50:12,546 [d5424862-00f5-4f26-882d-9249b213a1ef-SegmentedRaftLogWorker:Storage Directory /workdir/hadoop-ozone/integration-test/target/test-dir/MiniOzoneClusterImpl-3cdd9aee-ba37-4d0d-8930-872cb3194007/datanode-5/data/ratis/024517e0-7cf8-4c56-819b-9cd8556234bb] INFO  impl.StateMachineUpdater (StateMachineUpdater.java:stopAndJoin(115)) - StateMachineUpdater:d5424862-00f5-4f26-882d-9249b213a1ef:group-9CD8556234BB: set stopIndex = -1
2019-09-20 04:50:12,546 [d5424862-00f5-4f26-882d-9249b213a1ef-SegmentedRaftLogWorker:Storage Directory /workdir/hadoop-ozone/integration-test/target/test-dir/MiniOzoneClusterImpl-3cdd9aee-ba37-4d0d-8930-872cb3194007/datanode-5/data/ratis/024517e0-7cf8-4c56-819b-9cd8556234bb] INFO  impl.RaftServerImpl (ServerState.java:close(394)) - d5424862-00f5-4f26-882d-9249b213a1ef:group-9CD8556234BB closes. The last applied log index is -1
2019-09-20 04:50:12,546 [d5424862-00f5-4f26-882d-9249b213a1ef-SegmentedRaftLogWorker:Storage Directory /workdir/hadoop-ozone/integration-test/target/test-dir/MiniOzoneClusterImpl-3cdd9aee-ba37-4d0d-8930-872cb3194007/datanode-5/data/ratis/024517e0-7cf8-4c56-819b-9cd8556234bb] INFO  segmented.SegmentedRaftLogWorker (SegmentedRaftLogWorker.java:close(228)) - d5424862-00f5-4f26-882d-9249b213a1ef-SegmentedRaftLogWorker:Storage Directory /workdir/hadoop-ozone/integration-test/target/test-dir/MiniOzoneClusterImpl-3cdd9aee-ba37-4d0d-8930-872cb3194007/datanode-5/data/ratis/024517e0-7cf8-4c56-819b-9cd8556234bb close()
2019-09-20 04:50:12,549 [6a6ac22f-fdb0-4283-a89a-a8bc92b139ca-SegmentedRaftLogWorker:Storage Directory /workdir/hadoop-ozone/integration-test/target/test-dir/MiniOzoneClusterImpl-3cdd9aee-ba37-4d0d-8930-872cb3194007/datanode-4/data/ratis/88f50d47-067f-47d0-901c-ec9002c03189] ERROR segmented.SegmentedRaftLogWorker (SegmentedRaftLogWorker.java:run(323)) - 6a6ac22f-fdb0-4283-a89a-a8bc92b139ca-SegmentedRaftLogWorker:Storage Directory /workdir/hadoop-ozone/integration-test/target/test-dir/MiniOzoneClusterImpl-3cdd9aee-ba37-4d0d-8930-872cb3194007/datanode-4/data/ratis/88f50d47-067f-47d0-901c-ec9002c03189 hit exception
java.lang.OutOfMemoryError: Direct buffer memory
	at java.nio.Bits.reserveMemory(Bits.java:666)
	at java.nio.DirectByteBuffer.<init>(DirectByteBuffer.java:123)
	at java.nio.ByteBuffer.allocateDirect(ByteBuffer.java:311)
	at org.apache.ratis.server.raftlog.segmented.BufferedWriteChannel.<init>(BufferedWriteChannel.java:41)
	at org.apache.ratis.server.raftlog.segmented.SegmentedRaftLogOutputStream.<init>(SegmentedRaftLogOutputStream.java:72)
	at org.apache.ratis.server.raftlog.segmented.SegmentedRaftLogWorker$StartLogSegment.execute(SegmentedRaftLogWorker.java:566)
	at org.apache.ratis.server.raftlog.segmented.SegmentedRaftLogWorker.run(SegmentedRaftLogWorker.java:289)
	at java.lang.Thread.run(Thread.java:748)
2019-09-20 04:50:12,549 [6a6ac22f-fdb0-4283-a89a-a8bc92b139ca-SegmentedRaftLogWorker:Storage Directory /workdir/hadoop-ozone/integration-test/target/test-dir/MiniOzoneClusterImpl-3cdd9aee-ba37-4d0d-8930-872cb3194007/datanode-4/data/ratis/88f50d47-067f-47d0-901c-ec9002c03189] INFO  impl.RaftServerImpl (RaftServerImpl.java:lambda$shutdown$3(245)) - 6a6ac22f-fdb0-4283-a89a-a8bc92b139ca: shutdown group-EC9002C03189
2019-09-20 04:50:12,549 [6a6ac22f-fdb0-4283-a89a-a8bc92b139ca-SegmentedRaftLogWorker:Storage Directory /workdir/hadoop-ozone/integration-test/target/test-dir/MiniOzoneClusterImpl-3cdd9aee-ba37-4d0d-8930-872cb3194007/datanode-4/data/ratis/88f50d47-067f-47d0-901c-ec9002c03189] INFO  util.JmxRegister (JmxRegister.java:unregister(73)) - Successfully un-registered JMX Bean with object name Ratis:service=RaftServer,group=group-EC9002C03189,id=6a6ac22f-fdb0-4283-a89a-a8bc92b139ca
2019-09-20 04:50:12,549 [6a6ac22f-fdb0-4283-a89a-a8bc92b139ca-SegmentedRaftLogWorker:Storage Directory /workdir/hadoop-ozone/integration-test/target/test-dir/MiniOzoneClusterImpl-3cdd9aee-ba37-4d0d-8930-872cb3194007/datanode-4/data/ratis/88f50d47-067f-47d0-901c-ec9002c03189] INFO  impl.RoleInfo (RoleInfo.java:shutdownLeaderState(104)) - 6a6ac22f-fdb0-4283-a89a-a8bc92b139ca: shutdown LeaderState
2019-09-20 04:50:12,549 [6a6ac22f-fdb0-4283-a89a-a8bc92b139ca-SegmentedRaftLogWorker:Storage Directory /workdir/hadoop-ozone/integration-test/target/test-dir/MiniOzoneClusterImpl-3cdd9aee-ba37-4d0d-8930-872cb3194007/datanode-4/data/ratis/88f50d47-067f-47d0-901c-ec9002c03189] INFO  impl.PendingRequests (PendingRequests.java:sendNotLeaderResponses(202)) - 6a6ac22f-fdb0-4283-a89a-a8bc92b139ca-PendingRequests: sendNotLeaderResponses
2019-09-20 04:50:12,549 [6a6ac22f-fdb0-4283-a89a-a8bc92b139ca-SegmentedRaftLogWorker:Storage Directory /workdir/hadoop-ozone/integration-test/target/test-dir/MiniOzoneClusterImpl-3cdd9aee-ba37-4d0d-8930-872cb3194007/datanode-4/data/ratis/88f50d47-067f-47d0-901c-ec9002c03189] INFO  impl.StateMachineUpdater (StateMachineUpdater.java:stopAndJoin(115)) - StateMachineUpdater:6a6ac22f-fdb0-4283-a89a-a8bc92b139ca:group-EC9002C03189: set stopIndex = -1
2019-09-20 04:50:12,550 [6a6ac22f-fdb0-4283-a89a-a8bc92b139ca-SegmentedRaftLogWorker:Storage Directory /workdir/hadoop-ozone/integration-test/target/test-dir/MiniOzoneClusterImpl-3cdd9aee-ba37-4d0d-8930-872cb3194007/datanode-4/data/ratis/88f50d47-067f-47d0-901c-ec9002c03189] INFO  impl.RaftServerImpl (ServerState.java:close(394)) - 6a6ac22f-fdb0-4283-a89a-a8bc92b139ca:group-EC9002C03189 closes. The last applied log index is -1
2019-09-20 04:50:12,550 [6a6ac22f-fdb0-4283-a89a-a8bc92b139ca-SegmentedRaftLogWorker:Storage Directory /workdir/hadoop-ozone/integration-test/target/test-dir/MiniOzoneClusterImpl-3cdd9aee-ba37-4d0d-8930-872cb3194007/datanode-4/data/ratis/88f50d47-067f-47d0-901c-ec9002c03189] INFO  segmented.SegmentedRaftLogWorker (SegmentedRaftLogWorker.java:close(228)) - 6a6ac22f-fdb0-4283-a89a-a8bc92b139ca-SegmentedRaftLogWorker:Storage Directory /workdir/hadoop-ozone/integration-test/target/test-dir/MiniOzoneClusterImpl-3cdd9aee-ba37-4d0d-8930-872cb3194007/datanode-4/data/ratis/88f50d47-067f-47d0-901c-ec9002c03189 close()
2019-09-20 04:50:12,682 | INFO  | ObjectStoreRestHttpServer | Listening HDDS REST traffic on /0.0.0.0:44384 |  
2019-09-20 04:50:12,682 [main] INFO  ozone.HddsDatanodeService (HddsDatanodeService.java:startPlugins(395)) - Started plug-in org.apache.hadoop.ozone.web.OzoneHddsDatanodeService@7c424dfe
2019-09-20 04:50:12,682 [main] INFO  impl.MetricsSystemImpl (MetricsSystemImpl.java:init(158)) - HddsDatanode metrics system started (again)
2019-09-20 04:50:12,684 [org.apache.hadoop.util.JvmPauseMonitor$Monitor@512cd5d8] INFO  util.JvmPauseMonitor (JvmPauseMonitor.java:run(188)) - Starting JVM pause monitor
2019-09-20 04:50:12,863 [Datanode State Machine Thread - 0] INFO  datanode.InitDatanodeState (InitDatanodeState.java:persistContainerDatanodeDetails(140)) - DatanodeDetails is persisted to /workdir/hadoop-ozone/integration-test/target/test-dir/MiniOzoneClusterImpl-5481c8ea-466e-4137-a567-737be5b6f247/datanode-2/meta/datanode.id
2019-09-20 04:50:12,865 [main] INFO  ozone.HddsDatanodeService (HddsDatanodeService.java:start(184)) - HddsDatanodeService host:pr-hdds-1569-s8kj2-2266485376 ip:192.168.36.79
2019-09-20 04:50:12,885 [main] INFO  volume.HddsVolume (HddsVolume.java:<init>(176)) - Creating Volume: /workdir/hadoop-ozone/integration-test/target/test-dir/MiniOzoneClusterImpl-5481c8ea-466e-4137-a567-737be5b6f247/datanode-3/data/containers/hdds of  storage type : DISK and capacity : 1482555576320
2019-09-20 04:50:12,886 [main] INFO  volume.VolumeSet (VolumeSet.java:initializeVolumeSet(170)) - Added Volume : /workdir/hadoop-ozone/integration-test/target/test-dir/MiniOzoneClusterImpl-5481c8ea-466e-4137-a567-737be5b6f247/datanode-3/data/containers/hdds to VolumeSet
2019-09-20 04:50:12,886 [main] INFO  volume.ThrottledAsyncChecker (ThrottledAsyncChecker.java:schedule(140)) - Scheduling a check for org.apache.hadoop.ozone.container.common.volume.HddsVolume@406cc81b
2019-09-20 04:50:12,886 [main] INFO  volume.HddsVolumeChecker (HddsVolumeChecker.java:checkAllVolumes(203)) - Scheduled health check for volume org.apache.hadoop.ozone.container.common.volume.HddsVolume@406cc81b
2019-09-20 04:50:12,906 [main] INFO  impl.RaftServerProxy (ConfUtils.java:logGet(43)) - raft.rpc.type = GRPC (default)
2019-09-20 04:50:12,906 [main] INFO  grpc.GrpcFactory (GrpcFactory.java:checkPooledByteBufAllocatorUseCacheForAllThreads(45)) - PERFORMANCE WARNING: useCacheForAllThreads is true that may cause Netty to create a lot garbage objects and, as a result, trigger GC.
	It is recommended to disable useCacheForAllThreads by setting -Dorg.apache.ratis.thirdparty.io.netty.allocator.useCacheForAllThreads=false in command line.
2019-09-20 04:50:12,907 [main] INFO  grpc.GrpcConfigKeys$Server (ConfUtils.java:logGet(43)) - raft.grpc.server.port = 0 (default)
2019-09-20 04:50:12,907 [main] INFO  server.GrpcService (ConfUtils.java:logGet(43)) - raft.grpc.message.size.max = 33570816 (custom)
2019-09-20 04:50:12,907 [main] INFO  server.RaftServerConfigKeys (ConfUtils.java:logGet(43)) - raft.server.log.appender.buffer.byte-limit = 33554432 (custom)
2019-09-20 04:50:12,907 [main] INFO  server.GrpcService (ConfUtils.java:logGet(43)) - raft.grpc.flow.control.window = 1MB (=1048576) (default)
2019-09-20 04:50:12,907 [main] INFO  server.RaftServerConfigKeys (ConfUtils.java:logGet(43)) - raft.server.rpc.request.timeout = 3000ms (default)
2019-09-20 04:50:12,907 [main] INFO  server.RaftServerConfigKeys (ConfUtils.java:logGet(43)) - raft.server.storage.dir = [/workdir/hadoop-ozone/integration-test/target/test-dir/MiniOzoneClusterImpl-5481c8ea-466e-4137-a567-737be5b6f247/datanode-3/data/ratis] (custom)
2019-09-20 04:50:12,908 [main] INFO  replication.SimpleContainerDownloader (SimpleContainerDownloader.java:<init>(72)) - Starting container downloader service to copy containers to replicate.
2019-09-20 04:50:12,909 [main] INFO  hdfs.DFSUtil (DFSUtil.java:httpServerTemplateForNNAndJN(1641)) - Starting Web-server for hddsDatanode at: http://0.0.0.0:0
2019-09-20 04:50:12,910 [main] INFO  server.AuthenticationFilter (AuthenticationFilter.java:constructSecretProvider(240)) - Unable to initialize FileSignerSecretProvider, falling back to use random secrets.
2019-09-20 04:50:12,910 [main] WARN  http.HttpRequestLog (HttpRequestLog.java:getRequestLog(97)) - Jetty request log can only be enabled using Log4j
2019-09-20 04:50:12,911 [main] INFO  http.HttpServer2 (HttpServer2.java:addGlobalFilter(975)) - Added global filter 'safety' (class=org.apache.hadoop.http.HttpServer2$QuotingInputFilter)
2019-09-20 04:50:12,911 [main] INFO  http.HttpServer2 (HttpServer2.java:addFilter(948)) - Added filter static_user_filter (class=org.apache.hadoop.http.lib.StaticUserWebFilter$StaticUserFilter) to context hddsDatanode
2019-09-20 04:50:12,911 [main] INFO  http.HttpServer2 (HttpServer2.java:addFilter(958)) - Added filter static_user_filter (class=org.apache.hadoop.http.lib.StaticUserWebFilter$StaticUserFilter) to context static
2019-09-20 04:50:12,911 [main] INFO  http.HttpServer2 (HttpServer2.java:addFilter(958)) - Added filter static_user_filter (class=org.apache.hadoop.http.lib.StaticUserWebFilter$StaticUserFilter) to context logs
2019-09-20 04:50:12,912 [main] INFO  http.HttpServer2 (HttpServer2.java:bindListener(1191)) - Jetty bound to port 33898
2019-09-20 04:50:12,912 [main] INFO  server.Server (Server.java:doStart(351)) - jetty-9.3.24.v20180605, build timestamp: 2018-06-05T17:11:56Z, git hash: 84205aa28f11a4f31f2a3b86d1bba2cc8ab69827
2019-09-20 04:50:12,913 [main] INFO  handler.ContextHandler (ContextHandler.java:doStart(781)) - Started o.e.j.s.ServletContextHandler@c7008b4{/logs,file:///workdir/hadoop-ozone/integration-test/target/log,AVAILABLE}
2019-09-20 04:50:12,914 [main] INFO  handler.ContextHandler (ContextHandler.java:doStart(781)) - Started o.e.j.s.ServletContextHandler@719e8f9f{/static,jar:file:/home/user/.m2/repository/org/apache/hadoop/hadoop-hdds-container-service/0.5.0-SNAPSHOT/hadoop-hdds-container-service-0.5.0-SNAPSHOT.jar!/webapps/static,AVAILABLE}
2019-09-20 04:50:12,936 [main] INFO  handler.ContextHandler (ContextHandler.java:doStart(781)) - Started o.e.j.w.WebAppContext@5f113867{/,file:///tmp/jetty-0.0.0.0-33898-hddsDatanode-_-any-5140393573172070700.dir/webapp/,AVAILABLE}{/hddsDatanode}
2019-09-20 04:50:12,936 [main] INFO  server.AbstractConnector (AbstractConnector.java:doStart(278)) - Started ServerConnector@72cf159f{HTTP/1.1,[http/1.1]}{0.0.0.0:33898}
2019-09-20 04:50:12,944 [main] INFO  server.Server (Server.java:doStart(419)) - Started @94932ms
2019-09-20 04:50:12,945 [main] INFO  server.BaseHttpServer (BaseHttpServer.java:updateConnectorAddress(213)) - HTTP server of HDDSDATANODE is listening at http://0.0.0.0:33898
2019-09-20 04:50:13,031 | INFO  | SCMAudit | user=jenkins1000 | ip=192.168.36.79 | op=SEND_HEARTBEAT {datanodeUUID=eaf3ecbe-c3b1-4969-ad3a-e4de7fb04f81, command=[]} | ret=SUCCESS |  
2019-09-20 04:50:13,031 | INFO  | SCMAudit | user=jenkins1000 | ip=192.168.36.79 | op=SEND_HEARTBEAT {datanodeUUID=1d91ad97-6666-4ee7-855a-8b5e944e7401, command=[]} | ret=SUCCESS |  
2019-09-20 04:50:13,032 | INFO  | SCMAudit | user=jenkins1000 | ip=192.168.36.79 | op=SEND_HEARTBEAT {datanodeUUID=236eed40-dd97-4fdc-a0ae-ab99685a426b, command=[]} | ret=SUCCESS |  
2019-09-20 04:50:13,032 | INFO  | SCMAudit | user=jenkins1000 | ip=192.168.36.79 | op=SEND_HEARTBEAT {datanodeUUID=c4f6294c-eda3-4afd-81f7-e69ed14da69f, command=[]} | ret=SUCCESS |  
2019-09-20 04:50:13,032 | INFO  | SCMAudit | user=jenkins1000 | ip=192.168.36.79 | op=SEND_HEARTBEAT {datanodeUUID=bd1a845e-f2ed-4713-9516-9ccc20139040, command=[]} | ret=SUCCESS |  
2019-09-20 04:50:13,032 | INFO  | SCMAudit | user=jenkins1000 | ip=192.168.36.79 | op=SEND_HEARTBEAT {datanodeUUID=dba845b8-ea76-4e09-ab03-0883d354e493, command=[]} | ret=SUCCESS |  
2019-09-20 04:50:13,033 | INFO  | SCMAudit | user=jenkins1000 | ip=192.168.36.79 | op=SEND_HEARTBEAT {datanodeUUID=eb30d72f-c0a8-4ecb-bfee-9120a9a6cddf, command=[]} | ret=SUCCESS |  
2019-09-20 04:50:13,033 | INFO  | SCMAudit | user=jenkins1000 | ip=192.168.36.79 | op=SEND_HEARTBEAT {datanodeUUID=ba95d636-ac34-4b74-a102-dec8d0f377c6, command=[]} | ret=SUCCESS |  
2019-09-20 04:50:13,033 | INFO  | SCMAudit | user=jenkins1000 | ip=192.168.36.79 | op=SEND_HEARTBEAT {datanodeUUID=f4e549ee-a6fa-4eb9-8541-129d0566fdf5, command=[]} | ret=SUCCESS |  
2019-09-20 04:50:13,033 | INFO  | SCMAudit | user=jenkins1000 | ip=192.168.36.79 | op=SEND_HEARTBEAT {datanodeUUID=0ad3f89e-804f-4845-89c5-5ff1a35a5dda, command=[]} | ret=SUCCESS |  
2019-09-20 04:50:13,033 | INFO  | SCMAudit | user=jenkins1000 | ip=192.168.36.79 | op=SEND_HEARTBEAT {datanodeUUID=2d6465ef-cffa-473a-a4c6-a9aa3f1a26c0, command=[]} | ret=SUCCESS |  
2019-09-20 04:50:13,033 | INFO  | SCMAudit | user=jenkins1000 | ip=192.168.36.79 | op=SEND_HEARTBEAT {datanodeUUID=ea71b9af-1075-4196-9693-aa14e10f536d, command=[]} | ret=SUCCESS |  
2019-09-20 04:50:13,033 | INFO  | SCMAudit | user=jenkins1000 | ip=192.168.36.79 | op=SEND_HEARTBEAT {datanodeUUID=37fe2768-1af7-42e7-8542-10b932802b02, command=[]} | ret=SUCCESS |  
2019-09-20 04:50:13,035 | INFO  | SCMAudit | user=jenkins1000 | ip=192.168.36.79 | op=SEND_HEARTBEAT {datanodeUUID=1b138595-92e4-4592-9dfc-2bb97fb4c88b, command=[]} | ret=SUCCESS |  
2019-09-20 04:50:13,035 | INFO  | SCMAudit | user=jenkins1000 | ip=192.168.36.79 | op=SEND_HEARTBEAT {datanodeUUID=8d97392c-5f4b-400a-94a1-fb61a3ebbc99, command=[]} | ret=SUCCESS |  
2019-09-20 04:50:13,035 | INFO  | SCMAudit | user=jenkins1000 | ip=192.168.36.79 | op=SEND_HEARTBEAT {datanodeUUID=68a93ad8-b6a8-44e1-8a9f-45fcc58d229a, command=[]} | ret=SUCCESS |  
2019-09-20 04:50:13,036 | INFO  | SCMAudit | user=jenkins1000 | ip=192.168.36.79 | op=SEND_HEARTBEAT {datanodeUUID=5ea19b84-5385-4ae9-8412-c4cfa929b172, command=[]} | ret=SUCCESS |  
2019-09-20 04:50:13,036 | INFO  | SCMAudit | user=jenkins1000 | ip=192.168.36.79 | op=SEND_HEARTBEAT {datanodeUUID=3c2a6bfe-f5c5-4e23-89b0-850dab17697d, command=[]} | ret=SUCCESS |  
2019-09-20 04:50:13,036 | INFO  | SCMAudit | user=jenkins1000 | ip=192.168.36.79 | op=SEND_HEARTBEAT {datanodeUUID=2702b462-69d8-4c1b-aae1-091a21fe08b8, command=[]} | ret=SUCCESS |  
2019-09-20 04:50:13,036 | INFO  | SCMAudit | user=jenkins1000 | ip=192.168.36.79 | op=SEND_HEARTBEAT {datanodeUUID=c82e94d7-3693-4569-94b0-cf8ff008d5c0, command=[]} | ret=SUCCESS |  
2019-09-20 04:50:13,037 | INFO  | SCMAudit | user=jenkins1000 | ip=192.168.36.79 | op=SEND_HEARTBEAT {datanodeUUID=a9bc59c4-b792-48d5-9db2-4e71770477b1, command=[]} | ret=SUCCESS |  
2019-09-20 04:50:13,037 | INFO  | SCMAudit | user=jenkins1000 | ip=192.168.36.79 | op=SEND_HEARTBEAT {datanodeUUID=fdbc37f2-9e58-4bac-a5d5-a78839d012e9, command=[]} | ret=SUCCESS |  
2019-09-20 04:50:13,037 | INFO  | SCMAudit | user=jenkins1000 | ip=192.168.36.79 | op=SEND_HEARTBEAT {datanodeUUID=8538cd65-7926-426b-8bad-fbd0f0550f9a, command=[]} | ret=SUCCESS |  
2019-09-20 04:50:13,037 | INFO  | SCMAudit | user=jenkins1000 | ip=192.168.36.79 | op=SEND_HEARTBEAT {datanodeUUID=42fc6e92-fcdd-4827-b621-9fc58a3d2315, command=[]} | ret=SUCCESS |  
2019-09-20 04:50:13,037 | INFO  | SCMAudit | user=jenkins1000 | ip=192.168.36.79 | op=SEND_HEARTBEAT {datanodeUUID=6a6ac22f-fdb0-4283-a89a-a8bc92b139ca, command=[]} | ret=SUCCESS |  
2019-09-20 04:50:13,038 | INFO  | SCMAudit | user=jenkins1000 | ip=192.168.36.79 | op=SEND_HEARTBEAT {datanodeUUID=c9787825-ea51-4014-8feb-b4ee136c6b23, command=[]} | ret=SUCCESS |  
2019-09-20 04:50:13,039 | INFO  | SCMAudit | user=jenkins1000 | ip=192.168.36.79 | op=SEND_HEARTBEAT {datanodeUUID=d5424862-00f5-4f26-882d-9249b213a1ef, command=[]} | ret=SUCCESS |  
2019-09-20 04:50:13,039 | INFO  | SCMAudit | user=jenkins1000 | ip=192.168.36.79 | op=SEND_HEARTBEAT {datanodeUUID=db7872a1-bd52-4e68-8953-a9abbb9642a5, command=[]} | ret=SUCCESS |  
2019-09-20 04:50:13,063 | INFO  | ObjectStoreRestHttpServer | Listening HDDS REST traffic on /0.0.0.0:43567 |  
2019-09-20 04:50:13,063 [main] INFO  ozone.HddsDatanodeService (HddsDatanodeService.java:startPlugins(395)) - Started plug-in org.apache.hadoop.ozone.web.OzoneHddsDatanodeService@6a2d0a19
2019-09-20 04:50:13,064 [main] INFO  impl.MetricsSystemImpl (MetricsSystemImpl.java:init(158)) - HddsDatanode metrics system started (again)
2019-09-20 04:50:13,081 | INFO  | SCMAudit | user=jenkins1000 | ip=192.168.36.79 | op=GET_VERSION null | ret=SUCCESS |  
2019-09-20 04:50:13,093 [org.apache.hadoop.util.JvmPauseMonitor$Monitor@2cf7df92] INFO  util.JvmPauseMonitor (JvmPauseMonitor.java:run(188)) - Starting JVM pause monitor
2019-09-20 04:50:13,094 [Datanode State Machine Thread - 0] INFO  datanode.InitDatanodeState (InitDatanodeState.java:persistContainerDatanodeDetails(140)) - DatanodeDetails is persisted to /workdir/hadoop-ozone/integration-test/target/test-dir/MiniOzoneClusterImpl-5481c8ea-466e-4137-a567-737be5b6f247/datanode-3/meta/datanode.id
2019-09-20 04:50:13,111 [Datanode State Machine Thread - 0] INFO  ozoneimpl.OzoneContainer (OzoneContainer.java:start(186)) - Attempting to start container services.
2019-09-20 04:50:13,111 [Datanode State Machine Thread - 0] INFO  ozoneimpl.OzoneContainer (OzoneContainer.java:startContainerScrub(160)) - Background container scrubber has been disabled by hdds.containerscrub.enabled
2019-09-20 04:50:13,111 [Datanode State Machine Thread - 0] INFO  ratis.XceiverServerRatis (XceiverServerRatis.java:start(404)) - Starting XceiverServerRatis c9a37c78-8605-4a88-9b79-5cbe235210f1 at port 0
2019-09-20 04:50:13,312 [Datanode State Machine Thread - 0] INFO  impl.RaftServerProxy (RaftServerProxy.java:lambda$start$3(299)) - c9a37c78-8605-4a88-9b79-5cbe235210f1: start RPC server
2019-09-20 04:50:13,312 [Datanode State Machine Thread - 0] INFO  server.GrpcService (GrpcService.java:startImpl(149)) - c9a37c78-8605-4a88-9b79-5cbe235210f1: GrpcService started, listening on 0.0.0.0/0.0.0.0:43233
2019-09-20 04:50:13,313 [Datanode State Machine Thread - 0] INFO  ratis.XceiverServerRatis (XceiverServerRatis.java:start(414)) - XceiverServerRatis c9a37c78-8605-4a88-9b79-5cbe235210f1 is started using port 43233
2019-09-20 04:50:13,313 [main] INFO  ozone.HddsDatanodeService (HddsDatanodeService.java:start(184)) - HddsDatanodeService host:pr-hdds-1569-s8kj2-2266485376 ip:192.168.36.79
2019-09-20 04:50:13,313 [Datanode State Machine Thread - 0] INFO  server.XceiverServerGrpc (XceiverServerGrpc.java:start(163)) - XceiverServerGrpc c9a37c78-8605-4a88-9b79-5cbe235210f1 is started using port 37159
2019-09-20 04:50:13,345 [main] INFO  volume.HddsVolume (HddsVolume.java:<init>(176)) - Creating Volume: /workdir/hadoop-ozone/integration-test/target/test-dir/MiniOzoneClusterImpl-5481c8ea-466e-4137-a567-737be5b6f247/datanode-4/data/containers/hdds of  storage type : DISK and capacity : 1482555576320
2019-09-20 04:50:13,346 [main] INFO  volume.VolumeSet (VolumeSet.java:initializeVolumeSet(170)) - Added Volume : /workdir/hadoop-ozone/integration-test/target/test-dir/MiniOzoneClusterImpl-5481c8ea-466e-4137-a567-737be5b6f247/datanode-4/data/containers/hdds to VolumeSet
2019-09-20 04:50:13,346 [main] INFO  volume.ThrottledAsyncChecker (ThrottledAsyncChecker.java:schedule(140)) - Scheduling a check for org.apache.hadoop.ozone.container.common.volume.HddsVolume@1ced1fb9
2019-09-20 04:50:13,346 [main] INFO  volume.HddsVolumeChecker (HddsVolumeChecker.java:checkAllVolumes(203)) - Scheduled health check for volume org.apache.hadoop.ozone.container.common.volume.HddsVolume@1ced1fb9
2019-09-20 04:50:13,377 [main] INFO  impl.RaftServerProxy (ConfUtils.java:logGet(43)) - raft.rpc.type = GRPC (default)
2019-09-20 04:50:13,377 [main] INFO  grpc.GrpcFactory (GrpcFactory.java:checkPooledByteBufAllocatorUseCacheForAllThreads(45)) - PERFORMANCE WARNING: useCacheForAllThreads is true that may cause Netty to create a lot garbage objects and, as a result, trigger GC.
	It is recommended to disable useCacheForAllThreads by setting -Dorg.apache.ratis.thirdparty.io.netty.allocator.useCacheForAllThreads=false in command line.
2019-09-20 04:50:13,377 [main] INFO  grpc.GrpcConfigKeys$Server (ConfUtils.java:logGet(43)) - raft.grpc.server.port = 0 (default)
2019-09-20 04:50:13,377 [main] INFO  server.GrpcService (ConfUtils.java:logGet(43)) - raft.grpc.message.size.max = 33570816 (custom)
2019-09-20 04:50:13,378 [main] INFO  server.RaftServerConfigKeys (ConfUtils.java:logGet(43)) - raft.server.log.appender.buffer.byte-limit = 33554432 (custom)
2019-09-20 04:50:13,378 [main] INFO  server.GrpcService (ConfUtils.java:logGet(43)) - raft.grpc.flow.control.window = 1MB (=1048576) (default)
2019-09-20 04:50:13,378 [main] INFO  server.RaftServerConfigKeys (ConfUtils.java:logGet(43)) - raft.server.rpc.request.timeout = 3000ms (default)
2019-09-20 04:50:13,378 [main] INFO  server.RaftServerConfigKeys (ConfUtils.java:logGet(43)) - raft.server.storage.dir = [/workdir/hadoop-ozone/integration-test/target/test-dir/MiniOzoneClusterImpl-5481c8ea-466e-4137-a567-737be5b6f247/datanode-4/data/ratis] (custom)
2019-09-20 04:50:13,379 [main] INFO  replication.SimpleContainerDownloader (SimpleContainerDownloader.java:<init>(72)) - Starting container downloader service to copy containers to replicate.
2019-09-20 04:50:13,380 [main] INFO  hdfs.DFSUtil (DFSUtil.java:httpServerTemplateForNNAndJN(1641)) - Starting Web-server for hddsDatanode at: http://0.0.0.0:0
2019-09-20 04:50:13,381 [main] INFO  server.AuthenticationFilter (AuthenticationFilter.java:constructSecretProvider(240)) - Unable to initialize FileSignerSecretProvider, falling back to use random secrets.
2019-09-20 04:50:13,382 [main] WARN  http.HttpRequestLog (HttpRequestLog.java:getRequestLog(97)) - Jetty request log can only be enabled using Log4j
2019-09-20 04:50:13,383 [main] INFO  http.HttpServer2 (HttpServer2.java:addGlobalFilter(975)) - Added global filter 'safety' (class=org.apache.hadoop.http.HttpServer2$QuotingInputFilter)
2019-09-20 04:50:13,383 [main] INFO  http.HttpServer2 (HttpServer2.java:addFilter(948)) - Added filter static_user_filter (class=org.apache.hadoop.http.lib.StaticUserWebFilter$StaticUserFilter) to context hddsDatanode
2019-09-20 04:50:13,384 [main] INFO  http.HttpServer2 (HttpServer2.java:addFilter(958)) - Added filter static_user_filter (class=org.apache.hadoop.http.lib.StaticUserWebFilter$StaticUserFilter) to context logs
2019-09-20 04:50:13,384 [main] INFO  http.HttpServer2 (HttpServer2.java:addFilter(958)) - Added filter static_user_filter (class=org.apache.hadoop.http.lib.StaticUserWebFilter$StaticUserFilter) to context static
2019-09-20 04:50:13,384 [main] INFO  http.HttpServer2 (HttpServer2.java:bindListener(1191)) - Jetty bound to port 37384
2019-09-20 04:50:13,385 [main] INFO  server.Server (Server.java:doStart(351)) - jetty-9.3.24.v20180605, build timestamp: 2018-06-05T17:11:56Z, git hash: 84205aa28f11a4f31f2a3b86d1bba2cc8ab69827
2019-09-20 04:50:13,386 [main] INFO  handler.ContextHandler (ContextHandler.java:doStart(781)) - Started o.e.j.s.ServletContextHandler@7a14d8a4{/logs,file:///workdir/hadoop-ozone/integration-test/target/log,AVAILABLE}
2019-09-20 04:50:13,387 [main] INFO  handler.ContextHandler (ContextHandler.java:doStart(781)) - Started o.e.j.s.ServletContextHandler@7a8d6eb3{/static,jar:file:/home/user/.m2/repository/org/apache/hadoop/hadoop-hdds-container-service/0.5.0-SNAPSHOT/hadoop-hdds-container-service-0.5.0-SNAPSHOT.jar!/webapps/static,AVAILABLE}
2019-09-20 04:50:13,415 [main] INFO  handler.ContextHandler (ContextHandler.java:doStart(781)) - Started o.e.j.w.WebAppContext@70c6c6a7{/,file:///tmp/jetty-0.0.0.0-37384-hddsDatanode-_-any-7200149131553161356.dir/webapp/,AVAILABLE}{/hddsDatanode}
2019-09-20 04:50:13,415 [main] INFO  server.AbstractConnector (AbstractConnector.java:doStart(278)) - Started ServerConnector@54632794{HTTP/1.1,[http/1.1]}{0.0.0.0:37384}
2019-09-20 04:50:13,425 [main] INFO  server.Server (Server.java:doStart(419)) - Started @95413ms
2019-09-20 04:50:13,426 [main] INFO  server.BaseHttpServer (BaseHttpServer.java:updateConnectorAddress(213)) - HTTP server of HDDSDATANODE is listening at http://0.0.0.0:37384
2019-09-20 04:50:13,564 | INFO  | ObjectStoreRestHttpServer | Listening HDDS REST traffic on /0.0.0.0:38011 |  
2019-09-20 04:50:13,564 [main] INFO  ozone.HddsDatanodeService (HddsDatanodeService.java:startPlugins(395)) - Started plug-in org.apache.hadoop.ozone.web.OzoneHddsDatanodeService@6db160b4
2019-09-20 04:50:13,565 [main] INFO  impl.MetricsSystemImpl (MetricsSystemImpl.java:init(158)) - HddsDatanode metrics system started (again)
2019-09-20 04:50:13,803 [org.apache.hadoop.util.JvmPauseMonitor$Monitor@65906c0a] INFO  util.JvmPauseMonitor (JvmPauseMonitor.java:run(188)) - Starting JVM pause monitor
2019-09-20 04:50:13,806 [main] INFO  ozone.HddsDatanodeService (HddsDatanodeService.java:start(184)) - HddsDatanodeService host:pr-hdds-1569-s8kj2-2266485376 ip:192.168.36.79
2019-09-20 04:50:13,806 [Datanode State Machine Thread - 0] INFO  datanode.InitDatanodeState (InitDatanodeState.java:persistContainerDatanodeDetails(140)) - DatanodeDetails is persisted to /workdir/hadoop-ozone/integration-test/target/test-dir/MiniOzoneClusterImpl-5481c8ea-466e-4137-a567-737be5b6f247/datanode-4/meta/datanode.id
2019-09-20 04:50:13,833 [main] INFO  volume.HddsVolume (HddsVolume.java:<init>(176)) - Creating Volume: /workdir/hadoop-ozone/integration-test/target/test-dir/MiniOzoneClusterImpl-5481c8ea-466e-4137-a567-737be5b6f247/datanode-5/data/containers/hdds of  storage type : DISK and capacity : 1482555576320
2019-09-20 04:50:13,833 [main] INFO  volume.VolumeSet (VolumeSet.java:initializeVolumeSet(170)) - Added Volume : /workdir/hadoop-ozone/integration-test/target/test-dir/MiniOzoneClusterImpl-5481c8ea-466e-4137-a567-737be5b6f247/datanode-5/data/containers/hdds to VolumeSet
2019-09-20 04:50:13,833 [main] INFO  volume.ThrottledAsyncChecker (ThrottledAsyncChecker.java:schedule(140)) - Scheduling a check for org.apache.hadoop.ozone.container.common.volume.HddsVolume@13a35d3b
2019-09-20 04:50:13,834 [main] INFO  volume.HddsVolumeChecker (HddsVolumeChecker.java:checkAllVolumes(203)) - Scheduled health check for volume org.apache.hadoop.ozone.container.common.volume.HddsVolume@13a35d3b
2019-09-20 04:50:13,866 [main] INFO  impl.RaftServerProxy (ConfUtils.java:logGet(43)) - raft.rpc.type = GRPC (default)
2019-09-20 04:50:13,866 [main] INFO  grpc.GrpcFactory (GrpcFactory.java:checkPooledByteBufAllocatorUseCacheForAllThreads(45)) - PERFORMANCE WARNING: useCacheForAllThreads is true that may cause Netty to create a lot garbage objects and, as a result, trigger GC.
	It is recommended to disable useCacheForAllThreads by setting -Dorg.apache.ratis.thirdparty.io.netty.allocator.useCacheForAllThreads=false in command line.
2019-09-20 04:50:13,866 [main] INFO  grpc.GrpcConfigKeys$Server (ConfUtils.java:logGet(43)) - raft.grpc.server.port = 0 (default)
2019-09-20 04:50:13,866 [main] INFO  server.GrpcService (ConfUtils.java:logGet(43)) - raft.grpc.message.size.max = 33570816 (custom)
2019-09-20 04:50:13,866 [main] INFO  server.RaftServerConfigKeys (ConfUtils.java:logGet(43)) - raft.server.log.appender.buffer.byte-limit = 33554432 (custom)
2019-09-20 04:50:13,867 [main] INFO  server.GrpcService (ConfUtils.java:logGet(43)) - raft.grpc.flow.control.window = 1MB (=1048576) (default)
2019-09-20 04:50:13,867 [main] INFO  server.RaftServerConfigKeys (ConfUtils.java:logGet(43)) - raft.server.rpc.request.timeout = 3000ms (default)
2019-09-20 04:50:13,867 [main] INFO  server.RaftServerConfigKeys (ConfUtils.java:logGet(43)) - raft.server.storage.dir = [/workdir/hadoop-ozone/integration-test/target/test-dir/MiniOzoneClusterImpl-5481c8ea-466e-4137-a567-737be5b6f247/datanode-5/data/ratis] (custom)
2019-09-20 04:50:13,868 [main] INFO  replication.SimpleContainerDownloader (SimpleContainerDownloader.java:<init>(72)) - Starting container downloader service to copy containers to replicate.
2019-09-20 04:50:13,869 [main] INFO  hdfs.DFSUtil (DFSUtil.java:httpServerTemplateForNNAndJN(1641)) - Starting Web-server for hddsDatanode at: http://0.0.0.0:0
2019-09-20 04:50:13,870 [main] INFO  server.AuthenticationFilter (AuthenticationFilter.java:constructSecretProvider(240)) - Unable to initialize FileSignerSecretProvider, falling back to use random secrets.
2019-09-20 04:50:13,870 [main] WARN  http.HttpRequestLog (HttpRequestLog.java:getRequestLog(97)) - Jetty request log can only be enabled using Log4j
2019-09-20 04:50:13,872 [main] INFO  http.HttpServer2 (HttpServer2.java:addGlobalFilter(975)) - Added global filter 'safety' (class=org.apache.hadoop.http.HttpServer2$QuotingInputFilter)
2019-09-20 04:50:13,872 [main] INFO  http.HttpServer2 (HttpServer2.java:addFilter(948)) - Added filter static_user_filter (class=org.apache.hadoop.http.lib.StaticUserWebFilter$StaticUserFilter) to context hddsDatanode
2019-09-20 04:50:13,872 [main] INFO  http.HttpServer2 (HttpServer2.java:addFilter(958)) - Added filter static_user_filter (class=org.apache.hadoop.http.lib.StaticUserWebFilter$StaticUserFilter) to context static
2019-09-20 04:50:13,872 [main] INFO  http.HttpServer2 (HttpServer2.java:addFilter(958)) - Added filter static_user_filter (class=org.apache.hadoop.http.lib.StaticUserWebFilter$StaticUserFilter) to context logs
2019-09-20 04:50:13,873 [main] INFO  http.HttpServer2 (HttpServer2.java:bindListener(1191)) - Jetty bound to port 44869
2019-09-20 04:50:13,873 [main] INFO  server.Server (Server.java:doStart(351)) - jetty-9.3.24.v20180605, build timestamp: 2018-06-05T17:11:56Z, git hash: 84205aa28f11a4f31f2a3b86d1bba2cc8ab69827
2019-09-20 04:50:13,874 [main] INFO  handler.ContextHandler (ContextHandler.java:doStart(781)) - Started o.e.j.s.ServletContextHandler@296a350{/logs,file:///workdir/hadoop-ozone/integration-test/target/log,AVAILABLE}
2019-09-20 04:50:13,875 [main] INFO  handler.ContextHandler (ContextHandler.java:doStart(781)) - Started o.e.j.s.ServletContextHandler@4824d077{/static,jar:file:/home/user/.m2/repository/org/apache/hadoop/hadoop-hdds-container-service/0.5.0-SNAPSHOT/hadoop-hdds-container-service-0.5.0-SNAPSHOT.jar!/webapps/static,AVAILABLE}
2019-09-20 04:50:13,901 [main] INFO  handler.ContextHandler (ContextHandler.java:doStart(781)) - Started o.e.j.w.WebAppContext@21a1554{/,file:///tmp/jetty-0.0.0.0-44869-hddsDatanode-_-any-5092005344464939883.dir/webapp/,AVAILABLE}{/hddsDatanode}
2019-09-20 04:50:13,902 [main] INFO  server.AbstractConnector (AbstractConnector.java:doStart(278)) - Started ServerConnector@f359e65{HTTP/1.1,[http/1.1]}{0.0.0.0:44869}
2019-09-20 04:50:13,914 [main] INFO  server.Server (Server.java:doStart(419)) - Started @95902ms
2019-09-20 04:50:13,915 [main] INFO  server.BaseHttpServer (BaseHttpServer.java:updateConnectorAddress(213)) - HTTP server of HDDSDATANODE is listening at http://0.0.0.0:44869
2019-09-20 04:50:14,050 | INFO  | ObjectStoreRestHttpServer | Listening HDDS REST traffic on /0.0.0.0:39081 |  
2019-09-20 04:50:14,050 [main] INFO  ozone.HddsDatanodeService (HddsDatanodeService.java:startPlugins(395)) - Started plug-in org.apache.hadoop.ozone.web.OzoneHddsDatanodeService@21312b5
2019-09-20 04:50:14,051 [main] INFO  impl.MetricsSystemImpl (MetricsSystemImpl.java:init(158)) - HddsDatanode metrics system started (again)
2019-09-20 04:50:14,051 | INFO  | SCMAudit | user=jenkins1000 | ip=192.168.36.79 | op=SEND_HEARTBEAT {datanodeUUID=d5424862-00f5-4f26-882d-9249b213a1ef, command=[]} | ret=SUCCESS |  
2019-09-20 04:50:14,052 [org.apache.hadoop.util.JvmPauseMonitor$Monitor@51236a78] INFO  util.JvmPauseMonitor (JvmPauseMonitor.java:run(188)) - Starting JVM pause monitor
2019-09-20 04:50:14,053 [Datanode State Machine Thread - 0] INFO  datanode.InitDatanodeState (InitDatanodeState.java:persistContainerDatanodeDetails(140)) - DatanodeDetails is persisted to /workdir/hadoop-ozone/integration-test/target/test-dir/MiniOzoneClusterImpl-5481c8ea-466e-4137-a567-737be5b6f247/datanode-5/meta/datanode.id
2019-09-20 04:50:14,054 | INFO  | SCMAudit | user=jenkins1000 | ip=192.168.36.79 | op=SEND_HEARTBEAT {datanodeUUID=db7872a1-bd52-4e68-8953-a9abbb9642a5, command=[]} | ret=SUCCESS |  
2019-09-20 04:50:14,054 | INFO  | SCMAudit | user=jenkins1000 | ip=192.168.36.79 | op=SEND_HEARTBEAT {datanodeUUID=c9787825-ea51-4014-8feb-b4ee136c6b23, command=[]} | ret=SUCCESS |  
2019-09-20 04:50:14,054 | INFO  | SCMAudit | user=jenkins1000 | ip=192.168.36.79 | op=SEND_HEARTBEAT {datanodeUUID=c82e94d7-3693-4569-94b0-cf8ff008d5c0, command=[]} | ret=SUCCESS |  
2019-09-20 04:50:14,054 | INFO  | SCMAudit | user=jenkins1000 | ip=192.168.36.79 | op=SEND_HEARTBEAT {datanodeUUID=6a6ac22f-fdb0-4283-a89a-a8bc92b139ca, command=[]} | ret=SUCCESS |  
2019-09-20 04:50:14,054 | INFO  | SCMAudit | user=jenkins1000 | ip=192.168.36.79 | op=SEND_HEARTBEAT {datanodeUUID=1b138595-92e4-4592-9dfc-2bb97fb4c88b, command=[]} | ret=SUCCESS |  
2019-09-20 04:50:14,055 | INFO  | SCMAudit | user=jenkins1000 | ip=192.168.36.79 | op=SEND_HEARTBEAT {datanodeUUID=37fe2768-1af7-42e7-8542-10b932802b02, command=[]} | ret=SUCCESS |  
2019-09-20 04:50:14,055 | INFO  | SCMAudit | user=jenkins1000 | ip=192.168.36.79 | op=SEND_HEARTBEAT {datanodeUUID=8538cd65-7926-426b-8bad-fbd0f0550f9a, command=[]} | ret=SUCCESS |  
2019-09-20 04:50:14,055 | INFO  | SCMAudit | user=jenkins1000 | ip=192.168.36.79 | op=SEND_HEARTBEAT {datanodeUUID=a9bc59c4-b792-48d5-9db2-4e71770477b1, command=[]} | ret=SUCCESS |  
2019-09-20 04:50:14,056 | INFO  | SCMAudit | user=jenkins1000 | ip=192.168.36.79 | op=SEND_HEARTBEAT {datanodeUUID=5ea19b84-5385-4ae9-8412-c4cfa929b172, command=[]} | ret=SUCCESS |  
2019-09-20 04:50:14,056 | INFO  | SCMAudit | user=jenkins1000 | ip=192.168.36.79 | op=SEND_HEARTBEAT {datanodeUUID=0ad3f89e-804f-4845-89c5-5ff1a35a5dda, command=[]} | ret=SUCCESS |  
2019-09-20 04:50:14,056 | INFO  | SCMAudit | user=jenkins1000 | ip=192.168.36.79 | op=SEND_HEARTBEAT {datanodeUUID=68a93ad8-b6a8-44e1-8a9f-45fcc58d229a, command=[]} | ret=SUCCESS |  
2019-09-20 04:50:14,056 | INFO  | SCMAudit | user=jenkins1000 | ip=192.168.36.79 | op=SEND_HEARTBEAT {datanodeUUID=eb30d72f-c0a8-4ecb-bfee-9120a9a6cddf, command=[]} | ret=SUCCESS |  
2019-09-20 04:50:14,056 | INFO  | SCMAudit | user=jenkins1000 | ip=192.168.36.79 | op=SEND_HEARTBEAT {datanodeUUID=f4e549ee-a6fa-4eb9-8541-129d0566fdf5, command=[]} | ret=SUCCESS |  
2019-09-20 04:50:14,056 | INFO  | SCMAudit | user=jenkins1000 | ip=192.168.36.79 | op=SEND_HEARTBEAT {datanodeUUID=eaf3ecbe-c3b1-4969-ad3a-e4de7fb04f81, command=[]} | ret=SUCCESS |  
2019-09-20 04:50:14,056 | INFO  | SCMAudit | user=jenkins1000 | ip=192.168.36.79 | op=SEND_HEARTBEAT {datanodeUUID=1d91ad97-6666-4ee7-855a-8b5e944e7401, command=[]} | ret=SUCCESS |  
2019-09-20 04:50:14,056 | INFO  | SCMAudit | user=jenkins1000 | ip=192.168.36.79 | op=SEND_HEARTBEAT {datanodeUUID=42fc6e92-fcdd-4827-b621-9fc58a3d2315, command=[]} | ret=SUCCESS |  
2019-09-20 04:50:14,056 | INFO  | SCMAudit | user=jenkins1000 | ip=192.168.36.79 | op=SEND_HEARTBEAT {datanodeUUID=2702b462-69d8-4c1b-aae1-091a21fe08b8, command=[]} | ret=SUCCESS |  
2019-09-20 04:50:14,056 | INFO  | SCMAudit | user=jenkins1000 | ip=192.168.36.79 | op=SEND_HEARTBEAT {datanodeUUID=8d97392c-5f4b-400a-94a1-fb61a3ebbc99, command=[]} | ret=SUCCESS |  
2019-09-20 04:50:14,056 | INFO  | SCMAudit | user=jenkins1000 | ip=192.168.36.79 | op=SEND_HEARTBEAT {datanodeUUID=2d6465ef-cffa-473a-a4c6-a9aa3f1a26c0, command=[]} | ret=SUCCESS |  
2019-09-20 04:50:14,056 | INFO  | SCMAudit | user=jenkins1000 | ip=192.168.36.79 | op=SEND_HEARTBEAT {datanodeUUID=ea71b9af-1075-4196-9693-aa14e10f536d, command=[]} | ret=SUCCESS |  
2019-09-20 04:50:14,057 | INFO  | SCMAudit | user=jenkins1000 | ip=192.168.36.79 | op=SEND_HEARTBEAT {datanodeUUID=236eed40-dd97-4fdc-a0ae-ab99685a426b, command=[]} | ret=SUCCESS |  
2019-09-20 04:50:14,057 | INFO  | SCMAudit | user=jenkins1000 | ip=192.168.36.79 | op=SEND_HEARTBEAT {datanodeUUID=fdbc37f2-9e58-4bac-a5d5-a78839d012e9, command=[]} | ret=SUCCESS |  
2019-09-20 04:50:14,057 | INFO  | SCMAudit | user=jenkins1000 | ip=192.168.36.79 | op=SEND_HEARTBEAT {datanodeUUID=3c2a6bfe-f5c5-4e23-89b0-850dab17697d, command=[]} | ret=SUCCESS |  
2019-09-20 04:50:14,057 | INFO  | SCMAudit | user=jenkins1000 | ip=192.168.36.79 | op=SEND_HEARTBEAT {datanodeUUID=ba95d636-ac34-4b74-a102-dec8d0f377c6, command=[]} | ret=SUCCESS |  
2019-09-20 04:50:14,057 | INFO  | SCMAudit | user=jenkins1000 | ip=192.168.36.79 | op=SEND_HEARTBEAT {datanodeUUID=dba845b8-ea76-4e09-ab03-0883d354e493, command=[]} | ret=SUCCESS |  
2019-09-20 04:50:14,057 | INFO  | SCMAudit | user=jenkins1000 | ip=192.168.36.79 | op=SEND_HEARTBEAT {datanodeUUID=c4f6294c-eda3-4afd-81f7-e69ed14da69f, command=[]} | ret=SUCCESS |  
2019-09-20 04:50:14,057 | INFO  | SCMAudit | user=jenkins1000 | ip=192.168.36.79 | op=SEND_HEARTBEAT {datanodeUUID=bd1a845e-f2ed-4713-9516-9ccc20139040, command=[]} | ret=SUCCESS |  
2019-09-20 04:50:14,272 | INFO  | SCMAudit | user=jenkins1000 | ip=192.168.36.79 | op=GET_VERSION null | ret=SUCCESS |  
2019-09-20 04:50:14,286 [main] INFO  ozone.HddsDatanodeService (HddsDatanodeService.java:start(184)) - HddsDatanodeService host:pr-hdds-1569-s8kj2-2266485376 ip:192.168.36.79
2019-09-20 04:50:14,317 [Datanode State Machine Thread - 0] INFO  ozoneimpl.OzoneContainer (OzoneContainer.java:start(186)) - Attempting to start container services.
2019-09-20 04:50:14,317 [main] INFO  volume.HddsVolume (HddsVolume.java:<init>(176)) - Creating Volume: /workdir/hadoop-ozone/integration-test/target/test-dir/MiniOzoneClusterImpl-5481c8ea-466e-4137-a567-737be5b6f247/datanode-6/data/containers/hdds of  storage type : DISK and capacity : 1482555576320
2019-09-20 04:50:14,317 [Datanode State Machine Thread - 0] INFO  ozoneimpl.OzoneContainer (OzoneContainer.java:startContainerScrub(160)) - Background container scrubber has been disabled by hdds.containerscrub.enabled
2019-09-20 04:50:14,318 [Datanode State Machine Thread - 0] INFO  ratis.XceiverServerRatis (XceiverServerRatis.java:start(404)) - Starting XceiverServerRatis b3ecc8dd-01a1-4f26-a416-3a35ccdca24e at port 0
2019-09-20 04:50:14,318 [main] INFO  volume.VolumeSet (VolumeSet.java:initializeVolumeSet(170)) - Added Volume : /workdir/hadoop-ozone/integration-test/target/test-dir/MiniOzoneClusterImpl-5481c8ea-466e-4137-a567-737be5b6f247/datanode-6/data/containers/hdds to VolumeSet
2019-09-20 04:50:14,318 [main] INFO  volume.ThrottledAsyncChecker (ThrottledAsyncChecker.java:schedule(140)) - Scheduling a check for org.apache.hadoop.ozone.container.common.volume.HddsVolume@1a370c7c
2019-09-20 04:50:14,319 [main] INFO  volume.HddsVolumeChecker (HddsVolumeChecker.java:checkAllVolumes(203)) - Scheduled health check for volume org.apache.hadoop.ozone.container.common.volume.HddsVolume@1a370c7c
2019-09-20 04:50:14,534 [main] INFO  impl.RaftServerProxy (ConfUtils.java:logGet(43)) - raft.rpc.type = GRPC (default)
2019-09-20 04:50:14,535 [main] INFO  grpc.GrpcFactory (GrpcFactory.java:checkPooledByteBufAllocatorUseCacheForAllThreads(45)) - PERFORMANCE WARNING: useCacheForAllThreads is true that may cause Netty to create a lot garbage objects and, as a result, trigger GC.
	It is recommended to disable useCacheForAllThreads by setting -Dorg.apache.ratis.thirdparty.io.netty.allocator.useCacheForAllThreads=false in command line.
2019-09-20 04:50:14,535 [main] INFO  grpc.GrpcConfigKeys$Server (ConfUtils.java:logGet(43)) - raft.grpc.server.port = 0 (default)
2019-09-20 04:50:14,535 [Datanode State Machine Thread - 0] INFO  impl.RaftServerProxy (RaftServerProxy.java:lambda$start$3(299)) - b3ecc8dd-01a1-4f26-a416-3a35ccdca24e: start RPC server
2019-09-20 04:50:14,536 [main] INFO  server.GrpcService (ConfUtils.java:logGet(43)) - raft.grpc.message.size.max = 33570816 (custom)
2019-09-20 04:50:14,536 [main] INFO  server.RaftServerConfigKeys (ConfUtils.java:logGet(43)) - raft.server.log.appender.buffer.byte-limit = 33554432 (custom)
2019-09-20 04:50:14,536 [Datanode State Machine Thread - 0] INFO  server.GrpcService (GrpcService.java:startImpl(149)) - b3ecc8dd-01a1-4f26-a416-3a35ccdca24e: GrpcService started, listening on 0.0.0.0/0.0.0.0:35445
2019-09-20 04:50:14,536 [main] INFO  server.GrpcService (ConfUtils.java:logGet(43)) - raft.grpc.flow.control.window = 1MB (=1048576) (default)
2019-09-20 04:50:14,536 [Datanode State Machine Thread - 0] INFO  ratis.XceiverServerRatis (XceiverServerRatis.java:start(414)) - XceiverServerRatis b3ecc8dd-01a1-4f26-a416-3a35ccdca24e is started using port 35445
2019-09-20 04:50:14,537 [main] INFO  server.RaftServerConfigKeys (ConfUtils.java:logGet(43)) - raft.server.rpc.request.timeout = 3000ms (default)
2019-09-20 04:50:14,537 [Datanode State Machine Thread - 0] INFO  server.XceiverServerGrpc (XceiverServerGrpc.java:start(163)) - XceiverServerGrpc b3ecc8dd-01a1-4f26-a416-3a35ccdca24e is started using port 35705
2019-09-20 04:50:14,537 [main] INFO  server.RaftServerConfigKeys (ConfUtils.java:logGet(43)) - raft.server.storage.dir = [/workdir/hadoop-ozone/integration-test/target/test-dir/MiniOzoneClusterImpl-5481c8ea-466e-4137-a567-737be5b6f247/datanode-6/data/ratis] (custom)
2019-09-20 04:50:14,538 [main] INFO  replication.SimpleContainerDownloader (SimpleContainerDownloader.java:<init>(72)) - Starting container downloader service to copy containers to replicate.
2019-09-20 04:50:14,539 [main] INFO  hdfs.DFSUtil (DFSUtil.java:httpServerTemplateForNNAndJN(1641)) - Starting Web-server for hddsDatanode at: http://0.0.0.0:0
2019-09-20 04:50:14,541 [main] INFO  server.AuthenticationFilter (AuthenticationFilter.java:constructSecretProvider(240)) - Unable to initialize FileSignerSecretProvider, falling back to use random secrets.
2019-09-20 04:50:14,541 [main] WARN  http.HttpRequestLog (HttpRequestLog.java:getRequestLog(97)) - Jetty request log can only be enabled using Log4j
2019-09-20 04:50:14,543 [main] INFO  http.HttpServer2 (HttpServer2.java:addGlobalFilter(975)) - Added global filter 'safety' (class=org.apache.hadoop.http.HttpServer2$QuotingInputFilter)
2019-09-20 04:50:14,544 [main] INFO  http.HttpServer2 (HttpServer2.java:addFilter(948)) - Added filter static_user_filter (class=org.apache.hadoop.http.lib.StaticUserWebFilter$StaticUserFilter) to context hddsDatanode
2019-09-20 04:50:14,544 [main] INFO  http.HttpServer2 (HttpServer2.java:addFilter(958)) - Added filter static_user_filter (class=org.apache.hadoop.http.lib.StaticUserWebFilter$StaticUserFilter) to context logs
2019-09-20 04:50:14,544 [main] INFO  http.HttpServer2 (HttpServer2.java:addFilter(958)) - Added filter static_user_filter (class=org.apache.hadoop.http.lib.StaticUserWebFilter$StaticUserFilter) to context static
2019-09-20 04:50:14,545 [main] INFO  http.HttpServer2 (HttpServer2.java:bindListener(1191)) - Jetty bound to port 44993
2019-09-20 04:50:14,545 [main] INFO  server.Server (Server.java:doStart(351)) - jetty-9.3.24.v20180605, build timestamp: 2018-06-05T17:11:56Z, git hash: 84205aa28f11a4f31f2a3b86d1bba2cc8ab69827
2019-09-20 04:50:14,547 [main] INFO  handler.ContextHandler (ContextHandler.java:doStart(781)) - Started o.e.j.s.ServletContextHandler@5aa0e9c6{/logs,file:///workdir/hadoop-ozone/integration-test/target/log,AVAILABLE}
2019-09-20 04:50:14,547 [main] INFO  handler.ContextHandler (ContextHandler.java:doStart(781)) - Started o.e.j.s.ServletContextHandler@47897093{/static,jar:file:/home/user/.m2/repository/org/apache/hadoop/hadoop-hdds-container-service/0.5.0-SNAPSHOT/hadoop-hdds-container-service-0.5.0-SNAPSHOT.jar!/webapps/static,AVAILABLE}
2019-09-20 04:50:14,582 [main] INFO  handler.ContextHandler (ContextHandler.java:doStart(781)) - Started o.e.j.w.WebAppContext@4843b35f{/,file:///tmp/jetty-0.0.0.0-44993-hddsDatanode-_-any-2428493994899330249.dir/webapp/,AVAILABLE}{/hddsDatanode}
2019-09-20 04:50:14,583 [main] INFO  server.AbstractConnector (AbstractConnector.java:doStart(278)) - Started ServerConnector@672e4658{HTTP/1.1,[http/1.1]}{0.0.0.0:44993}
2019-09-20 04:50:14,591 [main] INFO  server.Server (Server.java:doStart(419)) - Started @96579ms
2019-09-20 04:50:14,592 [main] INFO  server.BaseHttpServer (BaseHttpServer.java:updateConnectorAddress(213)) - HTTP server of HDDSDATANODE is listening at http://0.0.0.0:44993
2019-09-20 04:50:14,685 | INFO  | SCMAudit | user=jenkins1000 | ip=192.168.36.79 | op=GET_VERSION null | ret=SUCCESS |  
2019-09-20 04:50:14,702 [Datanode State Machine Thread - 0] INFO  ozoneimpl.OzoneContainer (OzoneContainer.java:start(186)) - Attempting to start container services.
2019-09-20 04:50:14,702 [Datanode State Machine Thread - 0] INFO  ozoneimpl.OzoneContainer (OzoneContainer.java:startContainerScrub(160)) - Background container scrubber has been disabled by hdds.containerscrub.enabled
2019-09-20 04:50:14,702 [Datanode State Machine Thread - 0] INFO  ratis.XceiverServerRatis (XceiverServerRatis.java:start(404)) - Starting XceiverServerRatis 376583b5-abad-4180-897e-71183665062e at port 0
2019-09-20 04:50:14,707 [Datanode State Machine Thread - 0] INFO  impl.RaftServerProxy (RaftServerProxy.java:lambda$start$3(299)) - 376583b5-abad-4180-897e-71183665062e: start RPC server
2019-09-20 04:50:14,707 [Datanode State Machine Thread - 0] INFO  server.GrpcService (GrpcService.java:startImpl(149)) - 376583b5-abad-4180-897e-71183665062e: GrpcService started, listening on 0.0.0.0/0.0.0.0:39394
2019-09-20 04:50:14,707 [Datanode State Machine Thread - 0] INFO  ratis.XceiverServerRatis (XceiverServerRatis.java:start(414)) - XceiverServerRatis 376583b5-abad-4180-897e-71183665062e is started using port 39394
2019-09-20 04:50:14,708 [Datanode State Machine Thread - 0] INFO  server.XceiverServerGrpc (XceiverServerGrpc.java:start(163)) - XceiverServerGrpc 376583b5-abad-4180-897e-71183665062e is started using port 36308
2019-09-20 04:50:14,792 | INFO  | ObjectStoreRestHttpServer | Listening HDDS REST traffic on /0.0.0.0:36254 |  
2019-09-20 04:50:14,793 [main] INFO  ozone.HddsDatanodeService (HddsDatanodeService.java:startPlugins(395)) - Started plug-in org.apache.hadoop.ozone.web.OzoneHddsDatanodeService@4434eb51
2019-09-20 04:50:14,793 [main] INFO  ozone.MiniOzoneClusterImpl (MiniOzoneClusterImpl.java:lambda$waitForClusterToBeReady$0(142)) - Waiting for cluster to be ready. Got 0 of 7 DN Heartbeats.
2019-09-20 04:50:14,794 [org.apache.hadoop.util.JvmPauseMonitor$Monitor@7dc244d2] INFO  util.JvmPauseMonitor (JvmPauseMonitor.java:run(188)) - Starting JVM pause monitor
2019-09-20 04:50:14,795 [Datanode State Machine Thread - 0] INFO  datanode.InitDatanodeState (InitDatanodeState.java:persistContainerDatanodeDetails(140)) - DatanodeDetails is persisted to /workdir/hadoop-ozone/integration-test/target/test-dir/MiniOzoneClusterImpl-5481c8ea-466e-4137-a567-737be5b6f247/datanode-6/meta/datanode.id
2019-09-20 04:50:15,031 | INFO  | SCMAudit | user=jenkins1000 | ip=192.168.36.79 | op=SEND_HEARTBEAT {datanodeUUID=1d91ad97-6666-4ee7-855a-8b5e944e7401, command=[]} | ret=SUCCESS |  
2019-09-20 04:50:15,031 | INFO  | SCMAudit | user=jenkins1000 | ip=192.168.36.79 | op=SEND_HEARTBEAT {datanodeUUID=236eed40-dd97-4fdc-a0ae-ab99685a426b, command=[]} | ret=SUCCESS |  
2019-09-20 04:50:15,031 | INFO  | SCMAudit | user=jenkins1000 | ip=192.168.36.79 | op=SEND_HEARTBEAT {datanodeUUID=eaf3ecbe-c3b1-4969-ad3a-e4de7fb04f81, command=[]} | ret=SUCCESS |  
2019-09-20 04:50:15,051 | INFO  | SCMAudit | user=jenkins1000 | ip=192.168.36.79 | op=SEND_HEARTBEAT {datanodeUUID=d5424862-00f5-4f26-882d-9249b213a1ef, command=[]} | ret=SUCCESS |  
2019-09-20 04:50:15,051 | INFO  | SCMAudit | user=jenkins1000 | ip=192.168.36.79 | op=SEND_HEARTBEAT {datanodeUUID=db7872a1-bd52-4e68-8953-a9abbb9642a5, command=[]} | ret=SUCCESS |  
2019-09-20 04:50:15,052 | INFO  | SCMAudit | user=jenkins1000 | ip=192.168.36.79 | op=SEND_HEARTBEAT {datanodeUUID=42fc6e92-fcdd-4827-b621-9fc58a3d2315, command=[]} | ret=SUCCESS |  
2019-09-20 04:50:15,052 | INFO  | SCMAudit | user=jenkins1000 | ip=192.168.36.79 | op=SEND_HEARTBEAT {datanodeUUID=c9787825-ea51-4014-8feb-b4ee136c6b23, command=[]} | ret=SUCCESS |  
2019-09-20 04:50:15,053 | INFO  | SCMAudit | user=jenkins1000 | ip=192.168.36.79 | op=SEND_HEARTBEAT {datanodeUUID=5ea19b84-5385-4ae9-8412-c4cfa929b172, command=[]} | ret=SUCCESS |  
2019-09-20 04:50:15,053 | INFO  | SCMAudit | user=jenkins1000 | ip=192.168.36.79 | op=SEND_HEARTBEAT {datanodeUUID=8538cd65-7926-426b-8bad-fbd0f0550f9a, command=[]} | ret=SUCCESS |  
2019-09-20 04:50:15,053 | INFO  | SCMAudit | user=jenkins1000 | ip=192.168.36.79 | op=SEND_HEARTBEAT {datanodeUUID=a9bc59c4-b792-48d5-9db2-4e71770477b1, command=[]} | ret=SUCCESS |  
2019-09-20 04:50:15,053 | INFO  | SCMAudit | user=jenkins1000 | ip=192.168.36.79 | op=SEND_HEARTBEAT {datanodeUUID=fdbc37f2-9e58-4bac-a5d5-a78839d012e9, command=[]} | ret=SUCCESS |  
2019-09-20 04:50:15,053 | INFO  | SCMAudit | user=jenkins1000 | ip=192.168.36.79 | op=SEND_HEARTBEAT {datanodeUUID=3c2a6bfe-f5c5-4e23-89b0-850dab17697d, command=[]} | ret=SUCCESS |  
2019-09-20 04:50:15,053 | INFO  | SCMAudit | user=jenkins1000 | ip=192.168.36.79 | op=SEND_HEARTBEAT {datanodeUUID=6a6ac22f-fdb0-4283-a89a-a8bc92b139ca, command=[]} | ret=SUCCESS |  
2019-09-20 04:50:15,054 | INFO  | SCMAudit | user=jenkins1000 | ip=192.168.36.79 | op=SEND_HEARTBEAT {datanodeUUID=2702b462-69d8-4c1b-aae1-091a21fe08b8, command=[]} | ret=SUCCESS |  
2019-09-20 04:50:15,054 | INFO  | SCMAudit | user=jenkins1000 | ip=192.168.36.79 | op=SEND_HEARTBEAT {datanodeUUID=8d97392c-5f4b-400a-94a1-fb61a3ebbc99, command=[]} | ret=SUCCESS |  
2019-09-20 04:50:15,054 | INFO  | SCMAudit | user=jenkins1000 | ip=192.168.36.79 | op=SEND_HEARTBEAT {datanodeUUID=68a93ad8-b6a8-44e1-8a9f-45fcc58d229a, command=[]} | ret=SUCCESS |  
2019-09-20 04:50:15,054 | INFO  | SCMAudit | user=jenkins1000 | ip=192.168.36.79 | op=SEND_HEARTBEAT {datanodeUUID=c82e94d7-3693-4569-94b0-cf8ff008d5c0, command=[]} | ret=SUCCESS |  
2019-09-20 04:50:15,054 | INFO  | SCMAudit | user=jenkins1000 | ip=192.168.36.79 | op=SEND_HEARTBEAT {datanodeUUID=1b138595-92e4-4592-9dfc-2bb97fb4c88b, command=[]} | ret=SUCCESS |  
2019-09-20 04:50:15,055 | INFO  | SCMAudit | user=jenkins1000 | ip=192.168.36.79 | op=SEND_HEARTBEAT {datanodeUUID=2d6465ef-cffa-473a-a4c6-a9aa3f1a26c0, command=[]} | ret=SUCCESS |  
2019-09-20 04:50:15,055 | INFO  | SCMAudit | user=jenkins1000 | ip=192.168.36.79 | op=SEND_HEARTBEAT {datanodeUUID=37fe2768-1af7-42e7-8542-10b932802b02, command=[]} | ret=SUCCESS |  
2019-09-20 04:50:15,055 | INFO  | SCMAudit | user=jenkins1000 | ip=192.168.36.79 | op=SEND_HEARTBEAT {datanodeUUID=0ad3f89e-804f-4845-89c5-5ff1a35a5dda, command=[]} | ret=SUCCESS |  
2019-09-20 04:50:15,055 | INFO  | SCMAudit | user=jenkins1000 | ip=192.168.36.79 | op=SEND_HEARTBEAT {datanodeUUID=f4e549ee-a6fa-4eb9-8541-129d0566fdf5, command=[]} | ret=SUCCESS |  
2019-09-20 04:50:15,055 | INFO  | SCMAudit | user=jenkins1000 | ip=192.168.36.79 | op=SEND_HEARTBEAT {datanodeUUID=eb30d72f-c0a8-4ecb-bfee-9120a9a6cddf, command=[]} | ret=SUCCESS |  
2019-09-20 04:50:15,055 | INFO  | SCMAudit | user=jenkins1000 | ip=192.168.36.79 | op=SEND_HEARTBEAT {datanodeUUID=ba95d636-ac34-4b74-a102-dec8d0f377c6, command=[]} | ret=SUCCESS |  
2019-09-20 04:50:15,056 | INFO  | SCMAudit | user=jenkins1000 | ip=192.168.36.79 | op=SEND_HEARTBEAT {datanodeUUID=bd1a845e-f2ed-4713-9516-9ccc20139040, command=[]} | ret=SUCCESS |  
2019-09-20 04:50:15,056 | INFO  | SCMAudit | user=jenkins1000 | ip=192.168.36.79 | op=SEND_HEARTBEAT {datanodeUUID=ea71b9af-1075-4196-9693-aa14e10f536d, command=[]} | ret=SUCCESS |  
2019-09-20 04:50:15,056 | INFO  | SCMAudit | user=jenkins1000 | ip=192.168.36.79 | op=SEND_HEARTBEAT {datanodeUUID=dba845b8-ea76-4e09-ab03-0883d354e493, command=[]} | ret=SUCCESS |  
2019-09-20 04:50:15,056 | INFO  | SCMAudit | user=jenkins1000 | ip=192.168.36.79 | op=SEND_HEARTBEAT {datanodeUUID=c4f6294c-eda3-4afd-81f7-e69ed14da69f, command=[]} | ret=SUCCESS |  
2019-09-20 04:50:15,072 [IPC Server handler 17 on 38264] INFO  net.NetworkTopology (NetworkTopologyImpl.java:add(110)) - Added a new node: /default-rack/c9a37c78-8605-4a88-9b79-5cbe235210f1
2019-09-20 04:50:15,080 [IPC Server handler 17 on 38264] INFO  node.SCMNodeManager (SCMNodeManager.java:register(273)) - Registered Data node : c9a37c78-8605-4a88-9b79-5cbe235210f1{ip: 192.168.36.79, host: pr-hdds-1569-s8kj2-2266485376, networkLocation: /default-rack, certSerialId: null}
2019-09-20 04:50:15,080 | INFO  | SCMAudit | user=jenkins1000 | ip=192.168.36.79 | op=REGISTER {datanodeDetails=c9a37c78-8605-4a88-9b79-5cbe235210f1{ip: 192.168.36.79, host: pr-hdds-1569-s8kj2-2266485376, networkLocation: /default-rack, certSerialId: null}} | ret=SUCCESS |  
2019-09-20 04:50:15,080 [EventQueue-NodeRegistrationContainerReportForDataNodeSafeModeRule] INFO  safemode.SCMSafeModeManager (DataNodeSafeModeRule.java:process(71)) - SCM in safe mode. 1 DataNodes registered, 1 required.
2019-09-20 04:50:15,088 [EventQueue-NodeRegistrationContainerReportForDataNodeSafeModeRule] INFO  safemode.SCMSafeModeManager (SCMSafeModeManager.java:validateSafeModeExitRules(177)) - ScmSafeModeManager, all rules are successfully validated
2019-09-20 04:50:15,088 [EventQueue-NodeRegistrationContainerReportForDataNodeSafeModeRule] INFO  safemode.SCMSafeModeManager (SCMSafeModeManager.java:exitSafeMode(193)) - SCM exiting safe mode.
2019-09-20 04:50:15,105 | INFO  | SCMAudit | user=jenkins1000 | ip=192.168.36.79 | op=GET_VERSION null | ret=SUCCESS |  
2019-09-20 04:50:15,131 [grpc-default-executor-1] INFO  impl.RaftServerProxy (RaftServerProxy.java:addNew(89)) - c9a37c78-8605-4a88-9b79-5cbe235210f1: addNew group-B0717AC2C019:[c9a37c78-8605-4a88-9b79-5cbe235210f1:192.168.36.79:43233] returns group-B0717AC2C019:java.util.concurrent.CompletableFuture@65aab62c[Not completed]
2019-09-20 04:50:15,132 [pool-408-thread-1] INFO  impl.RaftServerImpl (RaftServerImpl.java:<init>(93)) - c9a37c78-8605-4a88-9b79-5cbe235210f1: new RaftServerImpl for group-B0717AC2C019:[c9a37c78-8605-4a88-9b79-5cbe235210f1:192.168.36.79:43233] with ContainerStateMachine:uninitialized
2019-09-20 04:50:15,132 [pool-408-thread-1] INFO  server.RaftServerConfigKeys (ConfUtils.java:logGet(43)) - raft.server.rpc.timeout.min = 5s (custom)
2019-09-20 04:50:15,132 [pool-408-thread-1] INFO  server.RaftServerConfigKeys (ConfUtils.java:logGet(43)) - raft.server.rpc.timeout.max = 5200ms (custom)
2019-09-20 04:50:15,133 [pool-408-thread-1] INFO  server.RaftServerConfigKeys (ConfUtils.java:logGet(43)) - raft.server.rpcslowness.timeout = 120s (custom)
2019-09-20 04:50:15,133 [pool-408-thread-1] INFO  server.RaftServerConfigKeys (ConfUtils.java:logGet(43)) - raft.server.sleep.deviation.threshold = 300 (default)
2019-09-20 04:50:15,133 [pool-408-thread-1] INFO  server.RaftServerConfigKeys (ConfUtils.java:logGet(43)) - raft.server.log.appender.install.snapshot.enabled = false (custom)
2019-09-20 04:50:15,133 [pool-408-thread-1] INFO  impl.RaftServerImpl (ServerState.java:<init>(105)) - c9a37c78-8605-4a88-9b79-5cbe235210f1:group-B0717AC2C019 ConfigurationManager, init=-1: [c9a37c78-8605-4a88-9b79-5cbe235210f1:192.168.36.79:43233], old=null, confs=<EMPTY_MAP>
2019-09-20 04:50:15,133 [pool-408-thread-1] INFO  server.RaftServerConfigKeys (ConfUtils.java:logGet(43)) - raft.server.storage.dir = [/workdir/hadoop-ozone/integration-test/target/test-dir/MiniOzoneClusterImpl-5481c8ea-466e-4137-a567-737be5b6f247/datanode-0/data/ratis] (custom)
2019-09-20 04:50:15,134 [pool-408-thread-1] INFO  storage.RaftStorageDirectory (RaftStorageDirectory.java:analyzeStorage(246)) - The storage directory /workdir/hadoop-ozone/integration-test/target/test-dir/MiniOzoneClusterImpl-5481c8ea-466e-4137-a567-737be5b6f247/datanode-0/data/ratis/4b653afe-5fa0-4865-ba85-b0717ac2c019 does not exist. Creating ...
2019-09-20 04:50:15,143 [Datanode State Machine Thread - 0] INFO  ozoneimpl.OzoneContainer (OzoneContainer.java:start(186)) - Attempting to start container services.
2019-09-20 04:50:15,143 [Datanode State Machine Thread - 0] INFO  ozoneimpl.OzoneContainer (OzoneContainer.java:startContainerScrub(160)) - Background container scrubber has been disabled by hdds.containerscrub.enabled
2019-09-20 04:50:15,144 [Datanode State Machine Thread - 0] INFO  ratis.XceiverServerRatis (XceiverServerRatis.java:start(404)) - Starting XceiverServerRatis c8347fee-8d34-4c42-854b-90a05a956525 at port 0
2019-09-20 04:50:15,147 [Datanode State Machine Thread - 0] INFO  impl.RaftServerProxy (RaftServerProxy.java:lambda$start$3(299)) - c8347fee-8d34-4c42-854b-90a05a956525: start RPC server
2019-09-20 04:50:15,148 [Datanode State Machine Thread - 0] INFO  server.GrpcService (GrpcService.java:startImpl(149)) - c8347fee-8d34-4c42-854b-90a05a956525: GrpcService started, listening on 0.0.0.0/0.0.0.0:33854
2019-09-20 04:50:15,148 [Datanode State Machine Thread - 0] INFO  ratis.XceiverServerRatis (XceiverServerRatis.java:start(414)) - XceiverServerRatis c8347fee-8d34-4c42-854b-90a05a956525 is started using port 33854
2019-09-20 04:50:15,149 [Datanode State Machine Thread - 0] INFO  server.XceiverServerGrpc (XceiverServerGrpc.java:start(163)) - XceiverServerGrpc c8347fee-8d34-4c42-854b-90a05a956525 is started using port 39102
2019-09-20 04:50:15,161 [pool-408-thread-1] INFO  storage.RaftStorageDirectory (RaftStorageDirectory.java:tryLock(328)) - Lock on /workdir/hadoop-ozone/integration-test/target/test-dir/MiniOzoneClusterImpl-5481c8ea-466e-4137-a567-737be5b6f247/datanode-0/data/ratis/4b653afe-5fa0-4865-ba85-b0717ac2c019/in_use.lock acquired by nodename 9457@pr-hdds-1569-s8kj2-2266485376
2019-09-20 04:50:15,179 [pool-408-thread-1] INFO  storage.RaftStorage (RaftStorage.java:format(72)) - Storage directory /workdir/hadoop-ozone/integration-test/target/test-dir/MiniOzoneClusterImpl-5481c8ea-466e-4137-a567-737be5b6f247/datanode-0/data/ratis/4b653afe-5fa0-4865-ba85-b0717ac2c019 has been successfully formatted.
2019-09-20 04:50:15,180 [pool-408-thread-1] INFO  ratis.ContainerStateMachine (ContainerStateMachine.java:loadSnapshot(226)) - group-B0717AC2C019: The snapshot info is null. Setting the last applied indexto:(t:0, i:~)
2019-09-20 04:50:15,180 [pool-408-thread-1] INFO  server.RaftServerConfigKeys (ConfUtils.java:logGet(43)) - raft.server.leader.election.timeout = 120s (custom)
2019-09-20 04:50:15,180 [pool-408-thread-1] INFO  server.RaftServerConfigKeys (ConfUtils.java:logGet(43)) - raft.server.log.use.memory = false (default)
2019-09-20 04:50:15,180 [pool-408-thread-1] INFO  server.RaftServerConfigKeys (ConfUtils.java:logGet(43)) - raft.server.log.purge.gap = 1000000 (custom)
2019-09-20 04:50:15,180 [pool-408-thread-1] INFO  server.RaftServerConfigKeys (ConfUtils.java:logGet(43)) - raft.server.log.appender.buffer.byte-limit = 33554432 (custom)
2019-09-20 04:50:15,180 [pool-408-thread-1] INFO  server.RaftServerConfigKeys (ConfUtils.java:logGet(43)) - raft.server.log.segment.size.max = 1048576 (custom)
2019-09-20 04:50:15,180 [pool-408-thread-1] INFO  server.RaftServerConfigKeys (ConfUtils.java:logGet(43)) - raft.server.log.segment.cache.num.max = 2 (custom)
2019-09-20 04:50:15,180 [pool-408-thread-1] INFO  segmented.SegmentedRaftLogWorker (SegmentedRaftLogWorker.java:<init>(172)) - new c9a37c78-8605-4a88-9b79-5cbe235210f1-SegmentedRaftLogWorker:Storage Directory /workdir/hadoop-ozone/integration-test/target/test-dir/MiniOzoneClusterImpl-5481c8ea-466e-4137-a567-737be5b6f247/datanode-0/data/ratis/4b653afe-5fa0-4865-ba85-b0717ac2c019 for RaftStorage:Storage Directory /workdir/hadoop-ozone/integration-test/target/test-dir/MiniOzoneClusterImpl-5481c8ea-466e-4137-a567-737be5b6f247/datanode-0/data/ratis/4b653afe-5fa0-4865-ba85-b0717ac2c019
2019-09-20 04:50:15,180 [pool-408-thread-1] INFO  server.RaftServerConfigKeys (ConfUtils.java:logGet(43)) - raft.server.log.queue.byte-limit = 2147483647 (custom)
2019-09-20 04:50:15,180 [pool-408-thread-1] INFO  server.RaftServerConfigKeys (ConfUtils.java:logGet(43)) - raft.server.log.queue.element-limit = 1024 (custom)
2019-09-20 04:50:15,181 [pool-408-thread-1] INFO  server.RaftServerConfigKeys (ConfUtils.java:logGet(43)) - raft.server.log.segment.size.max = 1048576 (custom)
2019-09-20 04:50:15,181 [pool-408-thread-1] INFO  server.RaftServerConfigKeys (ConfUtils.java:logGet(43)) - raft.server.log.preallocated.size = 16384 (custom)
2019-09-20 04:50:15,181 [pool-408-thread-1] INFO  server.RaftServerConfigKeys (ConfUtils.java:logGet(43)) - raft.server.log.write.buffer.size = 33554432 (custom)
2019-09-20 04:50:15,181 [pool-408-thread-1] INFO  server.RaftServerConfigKeys (ConfUtils.java:logGet(43)) - raft.server.log.force.sync.num = 128 (default)
2019-09-20 04:50:15,181 [pool-408-thread-1] INFO  server.RaftServerConfigKeys (ConfUtils.java:logGet(43)) - raft.server.log.statemachine.data.sync = true (default)
2019-09-20 04:50:15,181 [pool-408-thread-1] INFO  server.RaftServerConfigKeys (ConfUtils.java:logGet(43)) - raft.server.log.statemachine.data.sync.timeout = 10s (default)
2019-09-20 04:50:15,181 [pool-408-thread-1] INFO  server.RaftServerConfigKeys (ConfUtils.java:logGet(43)) - raft.server.log.statemachine.data.sync.timeout.retry = -1 (default)
2019-09-20 04:50:15,181 [pool-408-thread-1] INFO  server.RaftServerConfigKeys (ConfUtils.java:logGet(43)) - raft.server.log.statemachine.data.caching.enabled = true (custom)
2019-09-20 04:50:15,182 [pool-408-thread-1] INFO  segmented.SegmentedRaftLogWorker (SegmentedRaftLogWorker.java:lambda$new$0(132)) - c9a37c78-8605-4a88-9b79-5cbe235210f1-SegmentedRaftLogWorker:Storage Directory /workdir/hadoop-ozone/integration-test/target/test-dir/MiniOzoneClusterImpl-5481c8ea-466e-4137-a567-737be5b6f247/datanode-0/data/ratis/4b653afe-5fa0-4865-ba85-b0717ac2c019: flushIndex: setUnconditionally 0 -> -1
2019-09-20 04:50:15,182 [pool-408-thread-1] INFO  server.RaftServerConfigKeys (ConfUtils.java:logGet(43)) - raft.server.snapshot.auto.trigger.enabled = true (custom)
2019-09-20 04:50:15,182 [pool-408-thread-1] INFO  server.RaftServerConfigKeys (ConfUtils.java:logGet(43)) - raft.server.snapshot.auto.trigger.threshold = 10000 (custom)
2019-09-20 04:50:15,182 [pool-408-thread-1] INFO  server.RaftServerConfigKeys (ConfUtils.java:logGet(43)) - raft.server.retrycache.expirytime = 600000ms (custom)
2019-09-20 04:50:15,182 [pool-408-thread-1] INFO  impl.RaftServerImpl (RaftServerImpl.java:start(180)) - c9a37c78-8605-4a88-9b79-5cbe235210f1: start group-B0717AC2C019
2019-09-20 04:50:15,182 [pool-408-thread-1] INFO  impl.RaftServerImpl (RaftServerImpl.java:setRole(171)) - c9a37c78-8605-4a88-9b79-5cbe235210f1:group-B0717AC2C019 changes role from null to FOLLOWER at term 0 for startAsFollower
2019-09-20 04:50:15,182 [pool-408-thread-1] INFO  impl.RoleInfo (RoleInfo.java:updateAndGet(143)) - c9a37c78-8605-4a88-9b79-5cbe235210f1: start FollowerState
2019-09-20 04:50:15,189 [pool-408-thread-1] INFO  util.JmxRegister (JmxRegister.java:tryRegister(44)) - Successfully registered JMX Bean with object name Ratis:service=RaftServer,group=group-B0717AC2C019,id=c9a37c78-8605-4a88-9b79-5cbe235210f1
2019-09-20 04:50:15,191 [RatisPipelineUtilsThread] INFO  pipeline.PipelineStateManager (PipelineStateManager.java:addPipeline(56)) - Created pipeline Pipeline[ Id: 4b653afe-5fa0-4865-ba85-b0717ac2c019, Nodes: c9a37c78-8605-4a88-9b79-5cbe235210f1{ip: 192.168.36.79, host: pr-hdds-1569-s8kj2-2266485376, networkLocation: /default-rack, certSerialId: null}, Type:RATIS, Factor:ONE, State:OPEN]
2019-09-20 04:50:15,194 [grpc-default-executor-1] INFO  impl.RaftServerProxy (RaftServerProxy.java:addNew(89)) - c9a37c78-8605-4a88-9b79-5cbe235210f1: addNew group-7E4D2FCA91C0:[c9a37c78-8605-4a88-9b79-5cbe235210f1:192.168.36.79:43233] returns group-7E4D2FCA91C0:java.util.concurrent.CompletableFuture@4a5ddc97[Not completed]
2019-09-20 04:50:15,195 [pool-408-thread-1] INFO  impl.RaftServerImpl (RaftServerImpl.java:<init>(93)) - c9a37c78-8605-4a88-9b79-5cbe235210f1: new RaftServerImpl for group-7E4D2FCA91C0:[c9a37c78-8605-4a88-9b79-5cbe235210f1:192.168.36.79:43233] with ContainerStateMachine:uninitialized
2019-09-20 04:50:15,195 [pool-408-thread-1] INFO  server.RaftServerConfigKeys (ConfUtils.java:logGet(43)) - raft.server.rpc.timeout.min = 5s (custom)
2019-09-20 04:50:15,195 [pool-408-thread-1] INFO  server.RaftServerConfigKeys (ConfUtils.java:logGet(43)) - raft.server.rpc.timeout.max = 5200ms (custom)
2019-09-20 04:50:15,195 [pool-408-thread-1] INFO  server.RaftServerConfigKeys (ConfUtils.java:logGet(43)) - raft.server.rpcslowness.timeout = 120s (custom)
2019-09-20 04:50:15,195 [pool-408-thread-1] INFO  server.RaftServerConfigKeys (ConfUtils.java:logGet(43)) - raft.server.sleep.deviation.threshold = 300 (default)
2019-09-20 04:50:15,195 [pool-408-thread-1] INFO  server.RaftServerConfigKeys (ConfUtils.java:logGet(43)) - raft.server.log.appender.install.snapshot.enabled = false (custom)
2019-09-20 04:50:15,195 [pool-408-thread-1] INFO  impl.RaftServerImpl (ServerState.java:<init>(105)) - c9a37c78-8605-4a88-9b79-5cbe235210f1:group-7E4D2FCA91C0 ConfigurationManager, init=-1: [c9a37c78-8605-4a88-9b79-5cbe235210f1:192.168.36.79:43233], old=null, confs=<EMPTY_MAP>
2019-09-20 04:50:15,195 [pool-408-thread-1] INFO  server.RaftServerConfigKeys (ConfUtils.java:logGet(43)) - raft.server.storage.dir = [/workdir/hadoop-ozone/integration-test/target/test-dir/MiniOzoneClusterImpl-5481c8ea-466e-4137-a567-737be5b6f247/datanode-0/data/ratis] (custom)
2019-09-20 04:50:15,196 [pool-408-thread-1] INFO  storage.RaftStorageDirectory (RaftStorageDirectory.java:analyzeStorage(246)) - The storage directory /workdir/hadoop-ozone/integration-test/target/test-dir/MiniOzoneClusterImpl-5481c8ea-466e-4137-a567-737be5b6f247/datanode-0/data/ratis/4526966c-a623-4877-8e09-7e4d2fca91c0 does not exist. Creating ...
2019-09-20 04:50:15,213 [pool-408-thread-1] INFO  storage.RaftStorageDirectory (RaftStorageDirectory.java:tryLock(328)) - Lock on /workdir/hadoop-ozone/integration-test/target/test-dir/MiniOzoneClusterImpl-5481c8ea-466e-4137-a567-737be5b6f247/datanode-0/data/ratis/4526966c-a623-4877-8e09-7e4d2fca91c0/in_use.lock acquired by nodename 9457@pr-hdds-1569-s8kj2-2266485376
2019-09-20 04:50:15,230 [pool-408-thread-1] INFO  storage.RaftStorage (RaftStorage.java:format(72)) - Storage directory /workdir/hadoop-ozone/integration-test/target/test-dir/MiniOzoneClusterImpl-5481c8ea-466e-4137-a567-737be5b6f247/datanode-0/data/ratis/4526966c-a623-4877-8e09-7e4d2fca91c0 has been successfully formatted.
2019-09-20 04:50:15,230 [pool-408-thread-1] INFO  ratis.ContainerStateMachine (ContainerStateMachine.java:loadSnapshot(226)) - group-7E4D2FCA91C0: The snapshot info is null. Setting the last applied indexto:(t:0, i:~)
2019-09-20 04:50:15,231 [pool-408-thread-1] INFO  server.RaftServerConfigKeys (ConfUtils.java:logGet(43)) - raft.server.leader.election.timeout = 120s (custom)
2019-09-20 04:50:15,231 [pool-408-thread-1] INFO  server.RaftServerConfigKeys (ConfUtils.java:logGet(43)) - raft.server.log.use.memory = false (default)
2019-09-20 04:50:15,231 [pool-408-thread-1] INFO  server.RaftServerConfigKeys (ConfUtils.java:logGet(43)) - raft.server.log.purge.gap = 1000000 (custom)
2019-09-20 04:50:15,231 [pool-408-thread-1] INFO  server.RaftServerConfigKeys (ConfUtils.java:logGet(43)) - raft.server.log.appender.buffer.byte-limit = 33554432 (custom)
2019-09-20 04:50:15,231 [pool-408-thread-1] INFO  server.RaftServerConfigKeys (ConfUtils.java:logGet(43)) - raft.server.log.segment.size.max = 1048576 (custom)
2019-09-20 04:50:15,231 [pool-408-thread-1] INFO  server.RaftServerConfigKeys (ConfUtils.java:logGet(43)) - raft.server.log.segment.cache.num.max = 2 (custom)
2019-09-20 04:50:15,231 [pool-408-thread-1] INFO  segmented.SegmentedRaftLogWorker (SegmentedRaftLogWorker.java:<init>(172)) - new c9a37c78-8605-4a88-9b79-5cbe235210f1-SegmentedRaftLogWorker:Storage Directory /workdir/hadoop-ozone/integration-test/target/test-dir/MiniOzoneClusterImpl-5481c8ea-466e-4137-a567-737be5b6f247/datanode-0/data/ratis/4526966c-a623-4877-8e09-7e4d2fca91c0 for RaftStorage:Storage Directory /workdir/hadoop-ozone/integration-test/target/test-dir/MiniOzoneClusterImpl-5481c8ea-466e-4137-a567-737be5b6f247/datanode-0/data/ratis/4526966c-a623-4877-8e09-7e4d2fca91c0
2019-09-20 04:50:15,231 [pool-408-thread-1] INFO  server.RaftServerConfigKeys (ConfUtils.java:logGet(43)) - raft.server.log.queue.byte-limit = 2147483647 (custom)
2019-09-20 04:50:15,231 [pool-408-thread-1] INFO  server.RaftServerConfigKeys (ConfUtils.java:logGet(43)) - raft.server.log.queue.element-limit = 1024 (custom)
2019-09-20 04:50:15,232 [pool-408-thread-1] INFO  server.RaftServerConfigKeys (ConfUtils.java:logGet(43)) - raft.server.log.segment.size.max = 1048576 (custom)
2019-09-20 04:50:15,232 [pool-408-thread-1] INFO  server.RaftServerConfigKeys (ConfUtils.java:logGet(43)) - raft.server.log.preallocated.size = 16384 (custom)
2019-09-20 04:50:15,232 [pool-408-thread-1] INFO  server.RaftServerConfigKeys (ConfUtils.java:logGet(43)) - raft.server.log.write.buffer.size = 33554432 (custom)
2019-09-20 04:50:15,232 [pool-408-thread-1] INFO  server.RaftServerConfigKeys (ConfUtils.java:logGet(43)) - raft.server.log.force.sync.num = 128 (default)
2019-09-20 04:50:15,232 [pool-408-thread-1] INFO  server.RaftServerConfigKeys (ConfUtils.java:logGet(43)) - raft.server.log.statemachine.data.sync = true (default)
2019-09-20 04:50:15,232 [pool-408-thread-1] INFO  server.RaftServerConfigKeys (ConfUtils.java:logGet(43)) - raft.server.log.statemachine.data.sync.timeout = 10s (default)
2019-09-20 04:50:15,232 [pool-408-thread-1] INFO  server.RaftServerConfigKeys (ConfUtils.java:logGet(43)) - raft.server.log.statemachine.data.sync.timeout.retry = -1 (default)
2019-09-20 04:50:15,232 [pool-408-thread-1] INFO  server.RaftServerConfigKeys (ConfUtils.java:logGet(43)) - raft.server.log.statemachine.data.caching.enabled = true (custom)
2019-09-20 04:50:15,233 [pool-408-thread-1] INFO  segmented.SegmentedRaftLogWorker (SegmentedRaftLogWorker.java:lambda$new$0(132)) - c9a37c78-8605-4a88-9b79-5cbe235210f1-SegmentedRaftLogWorker:Storage Directory /workdir/hadoop-ozone/integration-test/target/test-dir/MiniOzoneClusterImpl-5481c8ea-466e-4137-a567-737be5b6f247/datanode-0/data/ratis/4526966c-a623-4877-8e09-7e4d2fca91c0: flushIndex: setUnconditionally 0 -> -1
2019-09-20 04:50:15,233 [pool-408-thread-1] INFO  server.RaftServerConfigKeys (ConfUtils.java:logGet(43)) - raft.server.snapshot.auto.trigger.enabled = true (custom)
2019-09-20 04:50:15,233 [pool-408-thread-1] INFO  server.RaftServerConfigKeys (ConfUtils.java:logGet(43)) - raft.server.snapshot.auto.trigger.threshold = 10000 (custom)
2019-09-20 04:50:15,233 [pool-408-thread-1] INFO  server.RaftServerConfigKeys (ConfUtils.java:logGet(43)) - raft.server.retrycache.expirytime = 600000ms (custom)
2019-09-20 04:50:15,233 [pool-408-thread-1] INFO  impl.RaftServerImpl (RaftServerImpl.java:start(180)) - c9a37c78-8605-4a88-9b79-5cbe235210f1: start group-7E4D2FCA91C0
2019-09-20 04:50:15,233 [pool-408-thread-1] INFO  impl.RaftServerImpl (RaftServerImpl.java:setRole(171)) - c9a37c78-8605-4a88-9b79-5cbe235210f1:group-7E4D2FCA91C0 changes role from null to FOLLOWER at term 0 for startAsFollower
2019-09-20 04:50:15,233 [pool-408-thread-1] INFO  impl.RoleInfo (RoleInfo.java:updateAndGet(143)) - c9a37c78-8605-4a88-9b79-5cbe235210f1: start FollowerState
2019-09-20 04:50:15,234 [pool-408-thread-1] INFO  util.JmxRegister (JmxRegister.java:tryRegister(44)) - Successfully registered JMX Bean with object name Ratis:service=RaftServer,group=group-7E4D2FCA91C0,id=c9a37c78-8605-4a88-9b79-5cbe235210f1
2019-09-20 04:50:15,236 [RatisPipelineUtilsThread] INFO  pipeline.PipelineStateManager (PipelineStateManager.java:addPipeline(56)) - Created pipeline Pipeline[ Id: 4526966c-a623-4877-8e09-7e4d2fca91c0, Nodes: c9a37c78-8605-4a88-9b79-5cbe235210f1{ip: 192.168.36.79, host: pr-hdds-1569-s8kj2-2266485376, networkLocation: /default-rack, certSerialId: null}, Type:RATIS, Factor:ONE, State:OPEN]
2019-09-20 04:50:15,239 [grpc-default-executor-1] INFO  impl.RaftServerProxy (RaftServerProxy.java:addNew(89)) - c9a37c78-8605-4a88-9b79-5cbe235210f1: addNew group-336DEEF51402:[c9a37c78-8605-4a88-9b79-5cbe235210f1:192.168.36.79:43233] returns group-336DEEF51402:java.util.concurrent.CompletableFuture@38ae9b95[Not completed]
2019-09-20 04:50:15,240 [pool-408-thread-1] INFO  impl.RaftServerImpl (RaftServerImpl.java:<init>(93)) - c9a37c78-8605-4a88-9b79-5cbe235210f1: new RaftServerImpl for group-336DEEF51402:[c9a37c78-8605-4a88-9b79-5cbe235210f1:192.168.36.79:43233] with ContainerStateMachine:uninitialized
2019-09-20 04:50:15,240 [pool-408-thread-1] INFO  server.RaftServerConfigKeys (ConfUtils.java:logGet(43)) - raft.server.rpc.timeout.min = 5s (custom)
2019-09-20 04:50:15,240 [pool-408-thread-1] INFO  server.RaftServerConfigKeys (ConfUtils.java:logGet(43)) - raft.server.rpc.timeout.max = 5200ms (custom)
2019-09-20 04:50:15,240 [pool-408-thread-1] INFO  server.RaftServerConfigKeys (ConfUtils.java:logGet(43)) - raft.server.rpcslowness.timeout = 120s (custom)
2019-09-20 04:50:15,241 [pool-408-thread-1] INFO  server.RaftServerConfigKeys (ConfUtils.java:logGet(43)) - raft.server.sleep.deviation.threshold = 300 (default)
2019-09-20 04:50:15,241 [pool-408-thread-1] INFO  server.RaftServerConfigKeys (ConfUtils.java:logGet(43)) - raft.server.log.appender.install.snapshot.enabled = false (custom)
2019-09-20 04:50:15,241 [pool-408-thread-1] INFO  impl.RaftServerImpl (ServerState.java:<init>(105)) - c9a37c78-8605-4a88-9b79-5cbe235210f1:group-336DEEF51402 ConfigurationManager, init=-1: [c9a37c78-8605-4a88-9b79-5cbe235210f1:192.168.36.79:43233], old=null, confs=<EMPTY_MAP>
2019-09-20 04:50:15,241 [pool-408-thread-1] INFO  server.RaftServerConfigKeys (ConfUtils.java:logGet(43)) - raft.server.storage.dir = [/workdir/hadoop-ozone/integration-test/target/test-dir/MiniOzoneClusterImpl-5481c8ea-466e-4137-a567-737be5b6f247/datanode-0/data/ratis] (custom)
2019-09-20 04:50:15,241 [pool-408-thread-1] INFO  storage.RaftStorageDirectory (RaftStorageDirectory.java:analyzeStorage(246)) - The storage directory /workdir/hadoop-ozone/integration-test/target/test-dir/MiniOzoneClusterImpl-5481c8ea-466e-4137-a567-737be5b6f247/datanode-0/data/ratis/f3ddb83d-56c5-42ba-8ea5-336deef51402 does not exist. Creating ...
2019-09-20 04:50:15,262 [pool-408-thread-1] INFO  storage.RaftStorageDirectory (RaftStorageDirectory.java:tryLock(328)) - Lock on /workdir/hadoop-ozone/integration-test/target/test-dir/MiniOzoneClusterImpl-5481c8ea-466e-4137-a567-737be5b6f247/datanode-0/data/ratis/f3ddb83d-56c5-42ba-8ea5-336deef51402/in_use.lock acquired by nodename 9457@pr-hdds-1569-s8kj2-2266485376
2019-09-20 04:50:15,292 [pool-408-thread-1] INFO  storage.RaftStorage (RaftStorage.java:format(72)) - Storage directory /workdir/hadoop-ozone/integration-test/target/test-dir/MiniOzoneClusterImpl-5481c8ea-466e-4137-a567-737be5b6f247/datanode-0/data/ratis/f3ddb83d-56c5-42ba-8ea5-336deef51402 has been successfully formatted.
2019-09-20 04:50:15,293 [pool-408-thread-1] INFO  ratis.ContainerStateMachine (ContainerStateMachine.java:loadSnapshot(226)) - group-336DEEF51402: The snapshot info is null. Setting the last applied indexto:(t:0, i:~)
2019-09-20 04:50:15,293 [pool-408-thread-1] INFO  server.RaftServerConfigKeys (ConfUtils.java:logGet(43)) - raft.server.leader.election.timeout = 120s (custom)
2019-09-20 04:50:15,293 [pool-408-thread-1] INFO  server.RaftServerConfigKeys (ConfUtils.java:logGet(43)) - raft.server.log.use.memory = false (default)
2019-09-20 04:50:15,293 [pool-408-thread-1] INFO  server.RaftServerConfigKeys (ConfUtils.java:logGet(43)) - raft.server.log.purge.gap = 1000000 (custom)
2019-09-20 04:50:15,293 [pool-408-thread-1] INFO  server.RaftServerConfigKeys (ConfUtils.java:logGet(43)) - raft.server.log.appender.buffer.byte-limit = 33554432 (custom)
2019-09-20 04:50:15,293 [pool-408-thread-1] INFO  server.RaftServerConfigKeys (ConfUtils.java:logGet(43)) - raft.server.log.segment.size.max = 1048576 (custom)
2019-09-20 04:50:15,293 [pool-408-thread-1] INFO  server.RaftServerConfigKeys (ConfUtils.java:logGet(43)) - raft.server.log.segment.cache.num.max = 2 (custom)
2019-09-20 04:50:15,294 [pool-408-thread-1] INFO  segmented.SegmentedRaftLogWorker (SegmentedRaftLogWorker.java:<init>(172)) - new c9a37c78-8605-4a88-9b79-5cbe235210f1-SegmentedRaftLogWorker:Storage Directory /workdir/hadoop-ozone/integration-test/target/test-dir/MiniOzoneClusterImpl-5481c8ea-466e-4137-a567-737be5b6f247/datanode-0/data/ratis/f3ddb83d-56c5-42ba-8ea5-336deef51402 for RaftStorage:Storage Directory /workdir/hadoop-ozone/integration-test/target/test-dir/MiniOzoneClusterImpl-5481c8ea-466e-4137-a567-737be5b6f247/datanode-0/data/ratis/f3ddb83d-56c5-42ba-8ea5-336deef51402
2019-09-20 04:50:15,294 [pool-408-thread-1] INFO  server.RaftServerConfigKeys (ConfUtils.java:logGet(43)) - raft.server.log.queue.byte-limit = 2147483647 (custom)
2019-09-20 04:50:15,294 [pool-408-thread-1] INFO  server.RaftServerConfigKeys (ConfUtils.java:logGet(43)) - raft.server.log.queue.element-limit = 1024 (custom)
2019-09-20 04:50:15,294 [pool-408-thread-1] INFO  server.RaftServerConfigKeys (ConfUtils.java:logGet(43)) - raft.server.log.segment.size.max = 1048576 (custom)
2019-09-20 04:50:15,294 [pool-408-thread-1] INFO  server.RaftServerConfigKeys (ConfUtils.java:logGet(43)) - raft.server.log.preallocated.size = 16384 (custom)
2019-09-20 04:50:15,294 [pool-408-thread-1] INFO  server.RaftServerConfigKeys (ConfUtils.java:logGet(43)) - raft.server.log.write.buffer.size = 33554432 (custom)
2019-09-20 04:50:15,294 [pool-408-thread-1] INFO  server.RaftServerConfigKeys (ConfUtils.java:logGet(43)) - raft.server.log.force.sync.num = 128 (default)
2019-09-20 04:50:15,294 [pool-408-thread-1] INFO  server.RaftServerConfigKeys (ConfUtils.java:logGet(43)) - raft.server.log.statemachine.data.sync = true (default)
2019-09-20 04:50:15,295 [pool-408-thread-1] INFO  server.RaftServerConfigKeys (ConfUtils.java:logGet(43)) - raft.server.log.statemachine.data.sync.timeout = 10s (default)
2019-09-20 04:50:15,295 [pool-408-thread-1] INFO  server.RaftServerConfigKeys (ConfUtils.java:logGet(43)) - raft.server.log.statemachine.data.sync.timeout.retry = -1 (default)
2019-09-20 04:50:15,295 [pool-408-thread-1] INFO  server.RaftServerConfigKeys (ConfUtils.java:logGet(43)) - raft.server.log.statemachine.data.caching.enabled = true (custom)
2019-09-20 04:50:15,295 [pool-408-thread-1] INFO  segmented.SegmentedRaftLogWorker (SegmentedRaftLogWorker.java:lambda$new$0(132)) - c9a37c78-8605-4a88-9b79-5cbe235210f1-SegmentedRaftLogWorker:Storage Directory /workdir/hadoop-ozone/integration-test/target/test-dir/MiniOzoneClusterImpl-5481c8ea-466e-4137-a567-737be5b6f247/datanode-0/data/ratis/f3ddb83d-56c5-42ba-8ea5-336deef51402: flushIndex: setUnconditionally 0 -> -1
2019-09-20 04:50:15,295 [pool-408-thread-1] INFO  server.RaftServerConfigKeys (ConfUtils.java:logGet(43)) - raft.server.snapshot.auto.trigger.enabled = true (custom)
2019-09-20 04:50:15,296 [pool-408-thread-1] INFO  server.RaftServerConfigKeys (ConfUtils.java:logGet(43)) - raft.server.snapshot.auto.trigger.threshold = 10000 (custom)
2019-09-20 04:50:15,296 [pool-408-thread-1] INFO  server.RaftServerConfigKeys (ConfUtils.java:logGet(43)) - raft.server.retrycache.expirytime = 600000ms (custom)
2019-09-20 04:50:15,296 [pool-408-thread-1] INFO  impl.RaftServerImpl (RaftServerImpl.java:start(180)) - c9a37c78-8605-4a88-9b79-5cbe235210f1: start group-336DEEF51402
2019-09-20 04:50:15,296 [pool-408-thread-1] INFO  impl.RaftServerImpl (RaftServerImpl.java:setRole(171)) - c9a37c78-8605-4a88-9b79-5cbe235210f1:group-336DEEF51402 changes role from null to FOLLOWER at term 0 for startAsFollower
2019-09-20 04:50:15,296 [pool-408-thread-1] INFO  impl.RoleInfo (RoleInfo.java:updateAndGet(143)) - c9a37c78-8605-4a88-9b79-5cbe235210f1: start FollowerState
2019-09-20 04:50:15,296 [pool-408-thread-1] INFO  util.JmxRegister (JmxRegister.java:tryRegister(44)) - Successfully registered JMX Bean with object name Ratis:service=RaftServer,group=group-336DEEF51402,id=c9a37c78-8605-4a88-9b79-5cbe235210f1
2019-09-20 04:50:15,299 [RatisPipelineUtilsThread] INFO  pipeline.PipelineStateManager (PipelineStateManager.java:addPipeline(56)) - Created pipeline Pipeline[ Id: f3ddb83d-56c5-42ba-8ea5-336deef51402, Nodes: c9a37c78-8605-4a88-9b79-5cbe235210f1{ip: 192.168.36.79, host: pr-hdds-1569-s8kj2-2266485376, networkLocation: /default-rack, certSerialId: null}, Type:RATIS, Factor:ONE, State:OPEN]
2019-09-20 04:50:15,303 [grpc-default-executor-1] INFO  impl.RaftServerProxy (RaftServerProxy.java:addNew(89)) - c9a37c78-8605-4a88-9b79-5cbe235210f1: addNew group-664EFDCF80FA:[c9a37c78-8605-4a88-9b79-5cbe235210f1:192.168.36.79:43233] returns group-664EFDCF80FA:java.util.concurrent.CompletableFuture@3da40d64[Not completed]
2019-09-20 04:50:15,304 [pool-408-thread-1] INFO  impl.RaftServerImpl (RaftServerImpl.java:<init>(93)) - c9a37c78-8605-4a88-9b79-5cbe235210f1: new RaftServerImpl for group-664EFDCF80FA:[c9a37c78-8605-4a88-9b79-5cbe235210f1:192.168.36.79:43233] with ContainerStateMachine:uninitialized
2019-09-20 04:50:15,304 [pool-408-thread-1] INFO  server.RaftServerConfigKeys (ConfUtils.java:logGet(43)) - raft.server.rpc.timeout.min = 5s (custom)
2019-09-20 04:50:15,304 [pool-408-thread-1] INFO  server.RaftServerConfigKeys (ConfUtils.java:logGet(43)) - raft.server.rpc.timeout.max = 5200ms (custom)
2019-09-20 04:50:15,304 [pool-408-thread-1] INFO  server.RaftServerConfigKeys (ConfUtils.java:logGet(43)) - raft.server.rpcslowness.timeout = 120s (custom)
2019-09-20 04:50:15,304 [pool-408-thread-1] INFO  server.RaftServerConfigKeys (ConfUtils.java:logGet(43)) - raft.server.sleep.deviation.threshold = 300 (default)
2019-09-20 04:50:15,304 [pool-408-thread-1] INFO  server.RaftServerConfigKeys (ConfUtils.java:logGet(43)) - raft.server.log.appender.install.snapshot.enabled = false (custom)
2019-09-20 04:50:15,304 [pool-408-thread-1] INFO  impl.RaftServerImpl (ServerState.java:<init>(105)) - c9a37c78-8605-4a88-9b79-5cbe235210f1:group-664EFDCF80FA ConfigurationManager, init=-1: [c9a37c78-8605-4a88-9b79-5cbe235210f1:192.168.36.79:43233], old=null, confs=<EMPTY_MAP>
2019-09-20 04:50:15,304 [pool-408-thread-1] INFO  server.RaftServerConfigKeys (ConfUtils.java:logGet(43)) - raft.server.storage.dir = [/workdir/hadoop-ozone/integration-test/target/test-dir/MiniOzoneClusterImpl-5481c8ea-466e-4137-a567-737be5b6f247/datanode-0/data/ratis] (custom)
2019-09-20 04:50:15,305 [pool-408-thread-1] INFO  storage.RaftStorageDirectory (RaftStorageDirectory.java:analyzeStorage(246)) - The storage directory /workdir/hadoop-ozone/integration-test/target/test-dir/MiniOzoneClusterImpl-5481c8ea-466e-4137-a567-737be5b6f247/datanode-0/data/ratis/73db05df-3e10-4ffc-8779-664efdcf80fa does not exist. Creating ...
2019-09-20 04:50:15,322 [pool-408-thread-1] INFO  storage.RaftStorageDirectory (RaftStorageDirectory.java:tryLock(328)) - Lock on /workdir/hadoop-ozone/integration-test/target/test-dir/MiniOzoneClusterImpl-5481c8ea-466e-4137-a567-737be5b6f247/datanode-0/data/ratis/73db05df-3e10-4ffc-8779-664efdcf80fa/in_use.lock acquired by nodename 9457@pr-hdds-1569-s8kj2-2266485376
2019-09-20 04:50:15,341 [pool-408-thread-1] INFO  storage.RaftStorage (RaftStorage.java:format(72)) - Storage directory /workdir/hadoop-ozone/integration-test/target/test-dir/MiniOzoneClusterImpl-5481c8ea-466e-4137-a567-737be5b6f247/datanode-0/data/ratis/73db05df-3e10-4ffc-8779-664efdcf80fa has been successfully formatted.
2019-09-20 04:50:15,342 [pool-408-thread-1] INFO  ratis.ContainerStateMachine (ContainerStateMachine.java:loadSnapshot(226)) - group-664EFDCF80FA: The snapshot info is null. Setting the last applied indexto:(t:0, i:~)
2019-09-20 04:50:15,342 [pool-408-thread-1] INFO  server.RaftServerConfigKeys (ConfUtils.java:logGet(43)) - raft.server.leader.election.timeout = 120s (custom)
2019-09-20 04:50:15,342 [pool-408-thread-1] INFO  server.RaftServerConfigKeys (ConfUtils.java:logGet(43)) - raft.server.log.use.memory = false (default)
2019-09-20 04:50:15,342 [pool-408-thread-1] INFO  server.RaftServerConfigKeys (ConfUtils.java:logGet(43)) - raft.server.log.purge.gap = 1000000 (custom)
2019-09-20 04:50:15,342 [pool-408-thread-1] INFO  server.RaftServerConfigKeys (ConfUtils.java:logGet(43)) - raft.server.log.appender.buffer.byte-limit = 33554432 (custom)
2019-09-20 04:50:15,342 [pool-408-thread-1] INFO  server.RaftServerConfigKeys (ConfUtils.java:logGet(43)) - raft.server.log.segment.size.max = 1048576 (custom)
2019-09-20 04:50:15,342 [pool-408-thread-1] INFO  server.RaftServerConfigKeys (ConfUtils.java:logGet(43)) - raft.server.log.segment.cache.num.max = 2 (custom)
2019-09-20 04:50:15,343 [pool-408-thread-1] INFO  segmented.SegmentedRaftLogWorker (SegmentedRaftLogWorker.java:<init>(172)) - new c9a37c78-8605-4a88-9b79-5cbe235210f1-SegmentedRaftLogWorker:Storage Directory /workdir/hadoop-ozone/integration-test/target/test-dir/MiniOzoneClusterImpl-5481c8ea-466e-4137-a567-737be5b6f247/datanode-0/data/ratis/73db05df-3e10-4ffc-8779-664efdcf80fa for RaftStorage:Storage Directory /workdir/hadoop-ozone/integration-test/target/test-dir/MiniOzoneClusterImpl-5481c8ea-466e-4137-a567-737be5b6f247/datanode-0/data/ratis/73db05df-3e10-4ffc-8779-664efdcf80fa
2019-09-20 04:50:15,343 [pool-408-thread-1] INFO  server.RaftServerConfigKeys (ConfUtils.java:logGet(43)) - raft.server.log.queue.byte-limit = 2147483647 (custom)
2019-09-20 04:50:15,343 [pool-408-thread-1] INFO  server.RaftServerConfigKeys (ConfUtils.java:logGet(43)) - raft.server.log.queue.element-limit = 1024 (custom)
2019-09-20 04:50:15,343 [pool-408-thread-1] INFO  server.RaftServerConfigKeys (ConfUtils.java:logGet(43)) - raft.server.log.segment.size.max = 1048576 (custom)
2019-09-20 04:50:15,343 [pool-408-thread-1] INFO  server.RaftServerConfigKeys (ConfUtils.java:logGet(43)) - raft.server.log.preallocated.size = 16384 (custom)
2019-09-20 04:50:15,343 [pool-408-thread-1] INFO  server.RaftServerConfigKeys (ConfUtils.java:logGet(43)) - raft.server.log.write.buffer.size = 33554432 (custom)
2019-09-20 04:50:15,343 [pool-408-thread-1] INFO  server.RaftServerConfigKeys (ConfUtils.java:logGet(43)) - raft.server.log.force.sync.num = 128 (default)
2019-09-20 04:50:15,343 [pool-408-thread-1] INFO  server.RaftServerConfigKeys (ConfUtils.java:logGet(43)) - raft.server.log.statemachine.data.sync = true (default)
2019-09-20 04:50:15,344 [pool-408-thread-1] INFO  server.RaftServerConfigKeys (ConfUtils.java:logGet(43)) - raft.server.log.statemachine.data.sync.timeout = 10s (default)
2019-09-20 04:50:15,344 [pool-408-thread-1] INFO  server.RaftServerConfigKeys (ConfUtils.java:logGet(43)) - raft.server.log.statemachine.data.sync.timeout.retry = -1 (default)
2019-09-20 04:50:15,344 [pool-408-thread-1] INFO  server.RaftServerConfigKeys (ConfUtils.java:logGet(43)) - raft.server.log.statemachine.data.caching.enabled = true (custom)
2019-09-20 04:50:15,344 [pool-408-thread-1] INFO  segmented.SegmentedRaftLogWorker (SegmentedRaftLogWorker.java:lambda$new$0(132)) - c9a37c78-8605-4a88-9b79-5cbe235210f1-SegmentedRaftLogWorker:Storage Directory /workdir/hadoop-ozone/integration-test/target/test-dir/MiniOzoneClusterImpl-5481c8ea-466e-4137-a567-737be5b6f247/datanode-0/data/ratis/73db05df-3e10-4ffc-8779-664efdcf80fa: flushIndex: setUnconditionally 0 -> -1
2019-09-20 04:50:15,344 [pool-408-thread-1] INFO  server.RaftServerConfigKeys (ConfUtils.java:logGet(43)) - raft.server.snapshot.auto.trigger.enabled = true (custom)
2019-09-20 04:50:15,344 [pool-408-thread-1] INFO  server.RaftServerConfigKeys (ConfUtils.java:logGet(43)) - raft.server.snapshot.auto.trigger.threshold = 10000 (custom)
2019-09-20 04:50:15,345 [pool-408-thread-1] INFO  server.RaftServerConfigKeys (ConfUtils.java:logGet(43)) - raft.server.retrycache.expirytime = 600000ms (custom)
2019-09-20 04:50:15,345 [pool-408-thread-1] INFO  impl.RaftServerImpl (RaftServerImpl.java:start(180)) - c9a37c78-8605-4a88-9b79-5cbe235210f1: start group-664EFDCF80FA
2019-09-20 04:50:15,345 [pool-408-thread-1] INFO  impl.RaftServerImpl (RaftServerImpl.java:setRole(171)) - c9a37c78-8605-4a88-9b79-5cbe235210f1:group-664EFDCF80FA changes role from null to FOLLOWER at term 0 for startAsFollower
2019-09-20 04:50:15,345 [pool-408-thread-1] INFO  impl.RoleInfo (RoleInfo.java:updateAndGet(143)) - c9a37c78-8605-4a88-9b79-5cbe235210f1: start FollowerState
2019-09-20 04:50:15,345 [pool-408-thread-1] INFO  util.JmxRegister (JmxRegister.java:tryRegister(44)) - Successfully registered JMX Bean with object name Ratis:service=RaftServer,group=group-664EFDCF80FA,id=c9a37c78-8605-4a88-9b79-5cbe235210f1
2019-09-20 04:50:15,347 [RatisPipelineUtilsThread] INFO  pipeline.PipelineStateManager (PipelineStateManager.java:addPipeline(56)) - Created pipeline Pipeline[ Id: 73db05df-3e10-4ffc-8779-664efdcf80fa, Nodes: c9a37c78-8605-4a88-9b79-5cbe235210f1{ip: 192.168.36.79, host: pr-hdds-1569-s8kj2-2266485376, networkLocation: /default-rack, certSerialId: null}, Type:RATIS, Factor:ONE, State:OPEN]
2019-09-20 04:50:15,351 [grpc-default-executor-1] INFO  impl.RaftServerProxy (RaftServerProxy.java:addNew(89)) - c9a37c78-8605-4a88-9b79-5cbe235210f1: addNew group-9B28F3773EC8:[c9a37c78-8605-4a88-9b79-5cbe235210f1:192.168.36.79:43233] returns group-9B28F3773EC8:java.util.concurrent.CompletableFuture@5386d9d1[Not completed]
2019-09-20 04:50:15,362 [pool-408-thread-1] INFO  impl.RaftServerImpl (RaftServerImpl.java:<init>(93)) - c9a37c78-8605-4a88-9b79-5cbe235210f1: new RaftServerImpl for group-9B28F3773EC8:[c9a37c78-8605-4a88-9b79-5cbe235210f1:192.168.36.79:43233] with ContainerStateMachine:uninitialized
2019-09-20 04:50:15,362 [pool-408-thread-1] INFO  server.RaftServerConfigKeys (ConfUtils.java:logGet(43)) - raft.server.rpc.timeout.min = 5s (custom)
2019-09-20 04:50:15,362 [pool-408-thread-1] INFO  server.RaftServerConfigKeys (ConfUtils.java:logGet(43)) - raft.server.rpc.timeout.max = 5200ms (custom)
2019-09-20 04:50:15,362 [pool-408-thread-1] INFO  server.RaftServerConfigKeys (ConfUtils.java:logGet(43)) - raft.server.rpcslowness.timeout = 120s (custom)
2019-09-20 04:50:15,362 [pool-408-thread-1] INFO  server.RaftServerConfigKeys (ConfUtils.java:logGet(43)) - raft.server.sleep.deviation.threshold = 300 (default)
2019-09-20 04:50:15,362 [pool-408-thread-1] INFO  server.RaftServerConfigKeys (ConfUtils.java:logGet(43)) - raft.server.log.appender.install.snapshot.enabled = false (custom)
2019-09-20 04:50:15,362 [pool-408-thread-1] INFO  impl.RaftServerImpl (ServerState.java:<init>(105)) - c9a37c78-8605-4a88-9b79-5cbe235210f1:group-9B28F3773EC8 ConfigurationManager, init=-1: [c9a37c78-8605-4a88-9b79-5cbe235210f1:192.168.36.79:43233], old=null, confs=<EMPTY_MAP>
2019-09-20 04:50:15,362 [pool-408-thread-1] INFO  server.RaftServerConfigKeys (ConfUtils.java:logGet(43)) - raft.server.storage.dir = [/workdir/hadoop-ozone/integration-test/target/test-dir/MiniOzoneClusterImpl-5481c8ea-466e-4137-a567-737be5b6f247/datanode-0/data/ratis] (custom)
2019-09-20 04:50:15,363 [pool-408-thread-1] INFO  storage.RaftStorageDirectory (RaftStorageDirectory.java:analyzeStorage(246)) - The storage directory /workdir/hadoop-ozone/integration-test/target/test-dir/MiniOzoneClusterImpl-5481c8ea-466e-4137-a567-737be5b6f247/datanode-0/data/ratis/2b79dacc-805c-45bc-8273-9b28f3773ec8 does not exist. Creating ...
2019-09-20 04:50:15,378 [pool-408-thread-1] INFO  storage.RaftStorageDirectory (RaftStorageDirectory.java:tryLock(328)) - Lock on /workdir/hadoop-ozone/integration-test/target/test-dir/MiniOzoneClusterImpl-5481c8ea-466e-4137-a567-737be5b6f247/datanode-0/data/ratis/2b79dacc-805c-45bc-8273-9b28f3773ec8/in_use.lock acquired by nodename 9457@pr-hdds-1569-s8kj2-2266485376
2019-09-20 04:50:15,408 [pool-408-thread-1] INFO  storage.RaftStorage (RaftStorage.java:format(72)) - Storage directory /workdir/hadoop-ozone/integration-test/target/test-dir/MiniOzoneClusterImpl-5481c8ea-466e-4137-a567-737be5b6f247/datanode-0/data/ratis/2b79dacc-805c-45bc-8273-9b28f3773ec8 has been successfully formatted.
2019-09-20 04:50:15,409 [pool-408-thread-1] INFO  ratis.ContainerStateMachine (ContainerStateMachine.java:loadSnapshot(226)) - group-9B28F3773EC8: The snapshot info is null. Setting the last applied indexto:(t:0, i:~)
2019-09-20 04:50:15,409 [pool-408-thread-1] INFO  server.RaftServerConfigKeys (ConfUtils.java:logGet(43)) - raft.server.leader.election.timeout = 120s (custom)
2019-09-20 04:50:15,409 [pool-408-thread-1] INFO  server.RaftServerConfigKeys (ConfUtils.java:logGet(43)) - raft.server.log.use.memory = false (default)
2019-09-20 04:50:15,409 [pool-408-thread-1] INFO  server.RaftServerConfigKeys (ConfUtils.java:logGet(43)) - raft.server.log.purge.gap = 1000000 (custom)
2019-09-20 04:50:15,409 [pool-408-thread-1] INFO  server.RaftServerConfigKeys (ConfUtils.java:logGet(43)) - raft.server.log.appender.buffer.byte-limit = 33554432 (custom)
2019-09-20 04:50:15,409 [pool-408-thread-1] INFO  server.RaftServerConfigKeys (ConfUtils.java:logGet(43)) - raft.server.log.segment.size.max = 1048576 (custom)
2019-09-20 04:50:15,409 [pool-408-thread-1] INFO  server.RaftServerConfigKeys (ConfUtils.java:logGet(43)) - raft.server.log.segment.cache.num.max = 2 (custom)
2019-09-20 04:50:15,409 [pool-408-thread-1] INFO  segmented.SegmentedRaftLogWorker (SegmentedRaftLogWorker.java:<init>(172)) - new c9a37c78-8605-4a88-9b79-5cbe235210f1-SegmentedRaftLogWorker:Storage Directory /workdir/hadoop-ozone/integration-test/target/test-dir/MiniOzoneClusterImpl-5481c8ea-466e-4137-a567-737be5b6f247/datanode-0/data/ratis/2b79dacc-805c-45bc-8273-9b28f3773ec8 for RaftStorage:Storage Directory /workdir/hadoop-ozone/integration-test/target/test-dir/MiniOzoneClusterImpl-5481c8ea-466e-4137-a567-737be5b6f247/datanode-0/data/ratis/2b79dacc-805c-45bc-8273-9b28f3773ec8
2019-09-20 04:50:15,410 [pool-408-thread-1] INFO  server.RaftServerConfigKeys (ConfUtils.java:logGet(43)) - raft.server.log.queue.byte-limit = 2147483647 (custom)
2019-09-20 04:50:15,410 [pool-408-thread-1] INFO  server.RaftServerConfigKeys (ConfUtils.java:logGet(43)) - raft.server.log.queue.element-limit = 1024 (custom)
2019-09-20 04:50:15,410 [pool-408-thread-1] INFO  server.RaftServerConfigKeys (ConfUtils.java:logGet(43)) - raft.server.log.segment.size.max = 1048576 (custom)
2019-09-20 04:50:15,410 [pool-408-thread-1] INFO  server.RaftServerConfigKeys (ConfUtils.java:logGet(43)) - raft.server.log.preallocated.size = 16384 (custom)
2019-09-20 04:50:15,410 [pool-408-thread-1] INFO  server.RaftServerConfigKeys (ConfUtils.java:logGet(43)) - raft.server.log.write.buffer.size = 33554432 (custom)
2019-09-20 04:50:15,410 [pool-408-thread-1] INFO  server.RaftServerConfigKeys (ConfUtils.java:logGet(43)) - raft.server.log.force.sync.num = 128 (default)
2019-09-20 04:50:15,410 [pool-408-thread-1] INFO  server.RaftServerConfigKeys (ConfUtils.java:logGet(43)) - raft.server.log.statemachine.data.sync = true (default)
2019-09-20 04:50:15,410 [pool-408-thread-1] INFO  server.RaftServerConfigKeys (ConfUtils.java:logGet(43)) - raft.server.log.statemachine.data.sync.timeout = 10s (default)
2019-09-20 04:50:15,410 [pool-408-thread-1] INFO  server.RaftServerConfigKeys (ConfUtils.java:logGet(43)) - raft.server.log.statemachine.data.sync.timeout.retry = -1 (default)
2019-09-20 04:50:15,411 [pool-408-thread-1] INFO  server.RaftServerConfigKeys (ConfUtils.java:logGet(43)) - raft.server.log.statemachine.data.caching.enabled = true (custom)
2019-09-20 04:50:15,411 [pool-408-thread-1] INFO  segmented.SegmentedRaftLogWorker (SegmentedRaftLogWorker.java:lambda$new$0(132)) - c9a37c78-8605-4a88-9b79-5cbe235210f1-SegmentedRaftLogWorker:Storage Directory /workdir/hadoop-ozone/integration-test/target/test-dir/MiniOzoneClusterImpl-5481c8ea-466e-4137-a567-737be5b6f247/datanode-0/data/ratis/2b79dacc-805c-45bc-8273-9b28f3773ec8: flushIndex: setUnconditionally 0 -> -1
2019-09-20 04:50:15,411 [pool-408-thread-1] INFO  server.RaftServerConfigKeys (ConfUtils.java:logGet(43)) - raft.server.snapshot.auto.trigger.enabled = true (custom)
2019-09-20 04:50:15,411 [pool-408-thread-1] INFO  server.RaftServerConfigKeys (ConfUtils.java:logGet(43)) - raft.server.snapshot.auto.trigger.threshold = 10000 (custom)
2019-09-20 04:50:15,411 [pool-408-thread-1] INFO  server.RaftServerConfigKeys (ConfUtils.java:logGet(43)) - raft.server.retrycache.expirytime = 600000ms (custom)
2019-09-20 04:50:15,411 [pool-408-thread-1] INFO  impl.RaftServerImpl (RaftServerImpl.java:start(180)) - c9a37c78-8605-4a88-9b79-5cbe235210f1: start group-9B28F3773EC8
2019-09-20 04:50:15,412 [pool-408-thread-1] INFO  impl.RaftServerImpl (RaftServerImpl.java:setRole(171)) - c9a37c78-8605-4a88-9b79-5cbe235210f1:group-9B28F3773EC8 changes role from null to FOLLOWER at term 0 for startAsFollower
2019-09-20 04:50:15,412 [pool-408-thread-1] INFO  impl.RoleInfo (RoleInfo.java:updateAndGet(143)) - c9a37c78-8605-4a88-9b79-5cbe235210f1: start FollowerState
2019-09-20 04:50:15,412 [pool-408-thread-1] INFO  util.JmxRegister (JmxRegister.java:tryRegister(44)) - Successfully registered JMX Bean with object name Ratis:service=RaftServer,group=group-9B28F3773EC8,id=c9a37c78-8605-4a88-9b79-5cbe235210f1
2019-09-20 04:50:15,414 [RatisPipelineUtilsThread] INFO  pipeline.PipelineStateManager (PipelineStateManager.java:addPipeline(56)) - Created pipeline Pipeline[ Id: 2b79dacc-805c-45bc-8273-9b28f3773ec8, Nodes: c9a37c78-8605-4a88-9b79-5cbe235210f1{ip: 192.168.36.79, host: pr-hdds-1569-s8kj2-2266485376, networkLocation: /default-rack, certSerialId: null}, Type:RATIS, Factor:ONE, State:OPEN]
2019-09-20 04:50:15,417 [grpc-default-executor-1] INFO  impl.RaftServerProxy (RaftServerProxy.java:addNew(89)) - c9a37c78-8605-4a88-9b79-5cbe235210f1: addNew group-5EEAD4A8E4F4:[c9a37c78-8605-4a88-9b79-5cbe235210f1:192.168.36.79:43233] returns group-5EEAD4A8E4F4:java.util.concurrent.CompletableFuture@1927d695[Not completed]
2019-09-20 04:50:15,418 [pool-408-thread-1] INFO  impl.RaftServerImpl (RaftServerImpl.java:<init>(93)) - c9a37c78-8605-4a88-9b79-5cbe235210f1: new RaftServerImpl for group-5EEAD4A8E4F4:[c9a37c78-8605-4a88-9b79-5cbe235210f1:192.168.36.79:43233] with ContainerStateMachine:uninitialized
2019-09-20 04:50:15,418 [pool-408-thread-1] INFO  server.RaftServerConfigKeys (ConfUtils.java:logGet(43)) - raft.server.rpc.timeout.min = 5s (custom)
2019-09-20 04:50:15,418 [pool-408-thread-1] INFO  server.RaftServerConfigKeys (ConfUtils.java:logGet(43)) - raft.server.rpc.timeout.max = 5200ms (custom)
2019-09-20 04:50:15,418 [pool-408-thread-1] INFO  server.RaftServerConfigKeys (ConfUtils.java:logGet(43)) - raft.server.rpcslowness.timeout = 120s (custom)
2019-09-20 04:50:15,418 [pool-408-thread-1] INFO  server.RaftServerConfigKeys (ConfUtils.java:logGet(43)) - raft.server.sleep.deviation.threshold = 300 (default)
2019-09-20 04:50:15,419 [pool-408-thread-1] INFO  server.RaftServerConfigKeys (ConfUtils.java:logGet(43)) - raft.server.log.appender.install.snapshot.enabled = false (custom)
2019-09-20 04:50:15,419 [pool-408-thread-1] INFO  impl.RaftServerImpl (ServerState.java:<init>(105)) - c9a37c78-8605-4a88-9b79-5cbe235210f1:group-5EEAD4A8E4F4 ConfigurationManager, init=-1: [c9a37c78-8605-4a88-9b79-5cbe235210f1:192.168.36.79:43233], old=null, confs=<EMPTY_MAP>
2019-09-20 04:50:15,419 [pool-408-thread-1] INFO  server.RaftServerConfigKeys (ConfUtils.java:logGet(43)) - raft.server.storage.dir = [/workdir/hadoop-ozone/integration-test/target/test-dir/MiniOzoneClusterImpl-5481c8ea-466e-4137-a567-737be5b6f247/datanode-0/data/ratis] (custom)
2019-09-20 04:50:15,419 [pool-408-thread-1] INFO  storage.RaftStorageDirectory (RaftStorageDirectory.java:analyzeStorage(246)) - The storage directory /workdir/hadoop-ozone/integration-test/target/test-dir/MiniOzoneClusterImpl-5481c8ea-466e-4137-a567-737be5b6f247/datanode-0/data/ratis/61047d68-f9b5-458f-8266-5eead4a8e4f4 does not exist. Creating ...
2019-09-20 04:50:15,434 [pool-408-thread-1] INFO  storage.RaftStorageDirectory (RaftStorageDirectory.java:tryLock(328)) - Lock on /workdir/hadoop-ozone/integration-test/target/test-dir/MiniOzoneClusterImpl-5481c8ea-466e-4137-a567-737be5b6f247/datanode-0/data/ratis/61047d68-f9b5-458f-8266-5eead4a8e4f4/in_use.lock acquired by nodename 9457@pr-hdds-1569-s8kj2-2266485376
2019-09-20 04:50:15,467 [pool-408-thread-1] INFO  storage.RaftStorage (RaftStorage.java:format(72)) - Storage directory /workdir/hadoop-ozone/integration-test/target/test-dir/MiniOzoneClusterImpl-5481c8ea-466e-4137-a567-737be5b6f247/datanode-0/data/ratis/61047d68-f9b5-458f-8266-5eead4a8e4f4 has been successfully formatted.
2019-09-20 04:50:15,468 [pool-408-thread-1] INFO  ratis.ContainerStateMachine (ContainerStateMachine.java:loadSnapshot(226)) - group-5EEAD4A8E4F4: The snapshot info is null. Setting the last applied indexto:(t:0, i:~)
2019-09-20 04:50:15,468 [pool-408-thread-1] INFO  server.RaftServerConfigKeys (ConfUtils.java:logGet(43)) - raft.server.leader.election.timeout = 120s (custom)
2019-09-20 04:50:15,468 [pool-408-thread-1] INFO  server.RaftServerConfigKeys (ConfUtils.java:logGet(43)) - raft.server.log.use.memory = false (default)
2019-09-20 04:50:15,468 [pool-408-thread-1] INFO  server.RaftServerConfigKeys (ConfUtils.java:logGet(43)) - raft.server.log.purge.gap = 1000000 (custom)
2019-09-20 04:50:15,468 [pool-408-thread-1] INFO  server.RaftServerConfigKeys (ConfUtils.java:logGet(43)) - raft.server.log.appender.buffer.byte-limit = 33554432 (custom)
2019-09-20 04:50:15,468 [pool-408-thread-1] INFO  server.RaftServerConfigKeys (ConfUtils.java:logGet(43)) - raft.server.log.segment.size.max = 1048576 (custom)
2019-09-20 04:50:15,468 [pool-408-thread-1] INFO  server.RaftServerConfigKeys (ConfUtils.java:logGet(43)) - raft.server.log.segment.cache.num.max = 2 (custom)
2019-09-20 04:50:15,469 [pool-408-thread-1] INFO  segmented.SegmentedRaftLogWorker (SegmentedRaftLogWorker.java:<init>(172)) - new c9a37c78-8605-4a88-9b79-5cbe235210f1-SegmentedRaftLogWorker:Storage Directory /workdir/hadoop-ozone/integration-test/target/test-dir/MiniOzoneClusterImpl-5481c8ea-466e-4137-a567-737be5b6f247/datanode-0/data/ratis/61047d68-f9b5-458f-8266-5eead4a8e4f4 for RaftStorage:Storage Directory /workdir/hadoop-ozone/integration-test/target/test-dir/MiniOzoneClusterImpl-5481c8ea-466e-4137-a567-737be5b6f247/datanode-0/data/ratis/61047d68-f9b5-458f-8266-5eead4a8e4f4
2019-09-20 04:50:15,469 [pool-408-thread-1] INFO  server.RaftServerConfigKeys (ConfUtils.java:logGet(43)) - raft.server.log.queue.byte-limit = 2147483647 (custom)
2019-09-20 04:50:15,469 [pool-408-thread-1] INFO  server.RaftServerConfigKeys (ConfUtils.java:logGet(43)) - raft.server.log.queue.element-limit = 1024 (custom)
2019-09-20 04:50:15,469 [pool-408-thread-1] INFO  server.RaftServerConfigKeys (ConfUtils.java:logGet(43)) - raft.server.log.segment.size.max = 1048576 (custom)
2019-09-20 04:50:15,469 [pool-408-thread-1] INFO  server.RaftServerConfigKeys (ConfUtils.java:logGet(43)) - raft.server.log.preallocated.size = 16384 (custom)
2019-09-20 04:50:15,469 [pool-408-thread-1] INFO  server.RaftServerConfigKeys (ConfUtils.java:logGet(43)) - raft.server.log.write.buffer.size = 33554432 (custom)
2019-09-20 04:50:15,469 [pool-408-thread-1] INFO  server.RaftServerConfigKeys (ConfUtils.java:logGet(43)) - raft.server.log.force.sync.num = 128 (default)
2019-09-20 04:50:15,469 [pool-408-thread-1] INFO  server.RaftServerConfigKeys (ConfUtils.java:logGet(43)) - raft.server.log.statemachine.data.sync = true (default)
2019-09-20 04:50:15,469 [pool-408-thread-1] INFO  server.RaftServerConfigKeys (ConfUtils.java:logGet(43)) - raft.server.log.statemachine.data.sync.timeout = 10s (default)
2019-09-20 04:50:15,470 [pool-408-thread-1] INFO  server.RaftServerConfigKeys (ConfUtils.java:logGet(43)) - raft.server.log.statemachine.data.sync.timeout.retry = -1 (default)
2019-09-20 04:50:15,470 [pool-408-thread-1] INFO  server.RaftServerConfigKeys (ConfUtils.java:logGet(43)) - raft.server.log.statemachine.data.caching.enabled = true (custom)
2019-09-20 04:50:15,470 [pool-408-thread-1] INFO  segmented.SegmentedRaftLogWorker (SegmentedRaftLogWorker.java:lambda$new$0(132)) - c9a37c78-8605-4a88-9b79-5cbe235210f1-SegmentedRaftLogWorker:Storage Directory /workdir/hadoop-ozone/integration-test/target/test-dir/MiniOzoneClusterImpl-5481c8ea-466e-4137-a567-737be5b6f247/datanode-0/data/ratis/61047d68-f9b5-458f-8266-5eead4a8e4f4: flushIndex: setUnconditionally 0 -> -1
2019-09-20 04:50:15,470 [pool-408-thread-1] INFO  server.RaftServerConfigKeys (ConfUtils.java:logGet(43)) - raft.server.snapshot.auto.trigger.enabled = true (custom)
2019-09-20 04:50:15,470 [pool-408-thread-1] INFO  server.RaftServerConfigKeys (ConfUtils.java:logGet(43)) - raft.server.snapshot.auto.trigger.threshold = 10000 (custom)
2019-09-20 04:50:15,470 [pool-408-thread-1] INFO  server.RaftServerConfigKeys (ConfUtils.java:logGet(43)) - raft.server.retrycache.expirytime = 600000ms (custom)
2019-09-20 04:50:15,471 [pool-408-thread-1] INFO  impl.RaftServerImpl (RaftServerImpl.java:start(180)) - c9a37c78-8605-4a88-9b79-5cbe235210f1: start group-5EEAD4A8E4F4
2019-09-20 04:50:15,471 [pool-408-thread-1] INFO  impl.RaftServerImpl (RaftServerImpl.java:setRole(171)) - c9a37c78-8605-4a88-9b79-5cbe235210f1:group-5EEAD4A8E4F4 changes role from null to FOLLOWER at term 0 for startAsFollower
2019-09-20 04:50:15,471 [pool-408-thread-1] INFO  impl.RoleInfo (RoleInfo.java:updateAndGet(143)) - c9a37c78-8605-4a88-9b79-5cbe235210f1: start FollowerState
2019-09-20 04:50:15,471 [pool-408-thread-1] INFO  util.JmxRegister (JmxRegister.java:tryRegister(44)) - Successfully registered JMX Bean with object name Ratis:service=RaftServer,group=group-5EEAD4A8E4F4,id=c9a37c78-8605-4a88-9b79-5cbe235210f1
2019-09-20 04:50:15,473 [RatisPipelineUtilsThread] INFO  pipeline.PipelineStateManager (PipelineStateManager.java:addPipeline(56)) - Created pipeline Pipeline[ Id: 61047d68-f9b5-458f-8266-5eead4a8e4f4, Nodes: c9a37c78-8605-4a88-9b79-5cbe235210f1{ip: 192.168.36.79, host: pr-hdds-1569-s8kj2-2266485376, networkLocation: /default-rack, certSerialId: null}, Type:RATIS, Factor:ONE, State:OPEN]
2019-09-20 04:50:15,473 [RatisPipelineUtilsThread] INFO  pipeline.PipelinePlacementPolicy (PipelinePlacementPolicy.java:meetCriteria(91)) - Pipeline Placement: Doesn't meet the criteria to be viable node： c9a37c78-8605-4a88-9b79-5cbe235210f1 Heaviness: 6 limit: 5
2019-09-20 04:50:15,474 [RatisPipelineUtilsThread] ERROR pipeline.PipelinePlacementPolicy (PipelinePlacementPolicy.java:filterViableNodes(148)) - Unable to find enough nodes that meet the criteria that cannot engage in more than 5 pipelines. Nodes required: 1 Found: 0, healthy nodes count inNodeManager: 1.
2019-09-20 04:50:15,474 [RatisPipelineUtilsThread] ERROR pipeline.SCMPipelineManager (SCMPipelineManager.java:createPipeline(161)) - Pipeline creation failed due to exception: Unable to find enough nodes that meet the criteria that cannot engage in more than 5 pipelines. Nodes required: 1 Found: 0, healthy nodes count inNodeManager: 1.
2019-09-20 04:50:15,474 [RatisPipelineUtilsThread] ERROR pipeline.PipelinePlacementPolicy (PipelinePlacementPolicy.java:filterViableNodes(131)) - Not enough healthy nodes to allocate pipeline. 3  datanodes required. Found 1
2019-09-20 04:50:15,474 [RatisPipelineUtilsThread] ERROR pipeline.SCMPipelineManager (SCMPipelineManager.java:createPipeline(161)) - Pipeline creation failed due to exception: Not enough healthy nodes to allocate pipeline. 3  datanodes required. Found 1
2019-09-20 04:50:15,474 [RatisPipelineUtilsThread] INFO  pipeline.PipelinePlacementPolicy (PipelinePlacementPolicy.java:meetCriteria(91)) - Pipeline Placement: Doesn't meet the criteria to be viable node： c9a37c78-8605-4a88-9b79-5cbe235210f1 Heaviness: 6 limit: 5
2019-09-20 04:50:15,475 [RatisPipelineUtilsThread] ERROR pipeline.PipelinePlacementPolicy (PipelinePlacementPolicy.java:filterViableNodes(148)) - Unable to find enough nodes that meet the criteria that cannot engage in more than 5 pipelines. Nodes required: 1 Found: 0, healthy nodes count inNodeManager: 1.
2019-09-20 04:50:15,475 [RatisPipelineUtilsThread] ERROR pipeline.SCMPipelineManager (SCMPipelineManager.java:createPipeline(161)) - Pipeline creation failed due to exception: Unable to find enough nodes that meet the criteria that cannot engage in more than 5 pipelines. Nodes required: 1 Found: 0, healthy nodes count inNodeManager: 1.
2019-09-20 04:50:15,475 [RatisPipelineUtilsThread] ERROR pipeline.PipelinePlacementPolicy (PipelinePlacementPolicy.java:filterViableNodes(131)) - Not enough healthy nodes to allocate pipeline. 3  datanodes required. Found 1
2019-09-20 04:50:15,475 [RatisPipelineUtilsThread] ERROR pipeline.SCMPipelineManager (SCMPipelineManager.java:createPipeline(161)) - Pipeline creation failed due to exception: Not enough healthy nodes to allocate pipeline. 3  datanodes required. Found 1
2019-09-20 04:50:15,793 [main] INFO  ozone.MiniOzoneClusterImpl (MiniOzoneClusterImpl.java:lambda$waitForClusterToBeReady$0(142)) - Waiting for cluster to be ready. Got 1 of 7 DN Heartbeats.
2019-09-20 04:50:15,803 | INFO  | SCMAudit | user=jenkins1000 | ip=192.168.36.79 | op=GET_VERSION null | ret=SUCCESS |  
2019-09-20 04:50:15,826 [Datanode State Machine Thread - 0] INFO  ozoneimpl.OzoneContainer (OzoneContainer.java:start(186)) - Attempting to start container services.
2019-09-20 04:50:15,826 [Datanode State Machine Thread - 0] INFO  ozoneimpl.OzoneContainer (OzoneContainer.java:startContainerScrub(160)) - Background container scrubber has been disabled by hdds.containerscrub.enabled
2019-09-20 04:50:15,826 [Datanode State Machine Thread - 0] INFO  ratis.XceiverServerRatis (XceiverServerRatis.java:start(404)) - Starting XceiverServerRatis e011d6a7-ac9a-466f-8998-9632cd871284 at port 0
2019-09-20 04:50:15,833 [Datanode State Machine Thread - 0] INFO  impl.RaftServerProxy (RaftServerProxy.java:lambda$start$3(299)) - e011d6a7-ac9a-466f-8998-9632cd871284: start RPC server
2019-09-20 04:50:15,834 [Datanode State Machine Thread - 0] INFO  server.GrpcService (GrpcService.java:startImpl(149)) - e011d6a7-ac9a-466f-8998-9632cd871284: GrpcService started, listening on 0.0.0.0/0.0.0.0:44315
2019-09-20 04:50:15,834 [Datanode State Machine Thread - 0] INFO  ratis.XceiverServerRatis (XceiverServerRatis.java:start(414)) - XceiverServerRatis e011d6a7-ac9a-466f-8998-9632cd871284 is started using port 44315
2019-09-20 04:50:15,835 [Datanode State Machine Thread - 0] INFO  server.XceiverServerGrpc (XceiverServerGrpc.java:start(163)) - XceiverServerGrpc e011d6a7-ac9a-466f-8998-9632cd871284 is started using port 44261
2019-09-20 04:50:16,031 | INFO  | SCMAudit | user=jenkins1000 | ip=192.168.36.79 | op=SEND_HEARTBEAT {datanodeUUID=1d91ad97-6666-4ee7-855a-8b5e944e7401, command=[]} | ret=SUCCESS |  
2019-09-20 04:50:16,031 | INFO  | SCMAudit | user=jenkins1000 | ip=192.168.36.79 | op=SEND_HEARTBEAT {datanodeUUID=236eed40-dd97-4fdc-a0ae-ab99685a426b, command=[]} | ret=SUCCESS |  
2019-09-20 04:50:16,031 | INFO  | SCMAudit | user=jenkins1000 | ip=192.168.36.79 | op=SEND_HEARTBEAT {datanodeUUID=eaf3ecbe-c3b1-4969-ad3a-e4de7fb04f81, command=[]} | ret=SUCCESS |  
2019-09-20 04:50:16,051 | INFO  | SCMAudit | user=jenkins1000 | ip=192.168.36.79 | op=SEND_HEARTBEAT {datanodeUUID=db7872a1-bd52-4e68-8953-a9abbb9642a5, command=[]} | ret=SUCCESS |  
2019-09-20 04:50:16,051 | INFO  | SCMAudit | user=jenkins1000 | ip=192.168.36.79 | op=SEND_HEARTBEAT {datanodeUUID=d5424862-00f5-4f26-882d-9249b213a1ef, command=[]} | ret=SUCCESS |  
2019-09-20 04:50:16,052 | INFO  | SCMAudit | user=jenkins1000 | ip=192.168.36.79 | op=SEND_HEARTBEAT {datanodeUUID=c9787825-ea51-4014-8feb-b4ee136c6b23, command=[]} | ret=SUCCESS |  
2019-09-20 04:50:16,052 | INFO  | SCMAudit | user=jenkins1000 | ip=192.168.36.79 | op=SEND_HEARTBEAT {datanodeUUID=42fc6e92-fcdd-4827-b621-9fc58a3d2315, command=[]} | ret=SUCCESS |  
2019-09-20 04:50:16,053 | INFO  | SCMAudit | user=jenkins1000 | ip=192.168.36.79 | op=SEND_HEARTBEAT {datanodeUUID=a9bc59c4-b792-48d5-9db2-4e71770477b1, command=[]} | ret=SUCCESS |  
2019-09-20 04:50:16,053 | INFO  | SCMAudit | user=jenkins1000 | ip=192.168.36.79 | op=SEND_HEARTBEAT {datanodeUUID=6a6ac22f-fdb0-4283-a89a-a8bc92b139ca, command=[]} | ret=SUCCESS |  
2019-09-20 04:50:16,053 | INFO  | SCMAudit | user=jenkins1000 | ip=192.168.36.79 | op=SEND_HEARTBEAT {datanodeUUID=fdbc37f2-9e58-4bac-a5d5-a78839d012e9, command=[]} | ret=SUCCESS |  
2019-09-20 04:50:16,053 | INFO  | SCMAudit | user=jenkins1000 | ip=192.168.36.79 | op=SEND_HEARTBEAT {datanodeUUID=3c2a6bfe-f5c5-4e23-89b0-850dab17697d, command=[]} | ret=SUCCESS |  
2019-09-20 04:50:16,053 | INFO  | SCMAudit | user=jenkins1000 | ip=192.168.36.79 | op=GET_VERSION null | ret=SUCCESS |  
2019-09-20 04:50:16,054 | INFO  | SCMAudit | user=jenkins1000 | ip=192.168.36.79 | op=SEND_HEARTBEAT {datanodeUUID=5ea19b84-5385-4ae9-8412-c4cfa929b172, command=[]} | ret=SUCCESS |  
2019-09-20 04:50:16,054 | INFO  | SCMAudit | user=jenkins1000 | ip=192.168.36.79 | op=SEND_HEARTBEAT {datanodeUUID=c82e94d7-3693-4569-94b0-cf8ff008d5c0, command=[]} | ret=SUCCESS |  
2019-09-20 04:50:16,054 | INFO  | SCMAudit | user=jenkins1000 | ip=192.168.36.79 | op=SEND_HEARTBEAT {datanodeUUID=68a93ad8-b6a8-44e1-8a9f-45fcc58d229a, command=[]} | ret=SUCCESS |  
2019-09-20 04:50:16,054 | INFO  | SCMAudit | user=jenkins1000 | ip=192.168.36.79 | op=SEND_HEARTBEAT {datanodeUUID=8538cd65-7926-426b-8bad-fbd0f0550f9a, command=[]} | ret=SUCCESS |  
2019-09-20 04:50:16,054 | INFO  | SCMAudit | user=jenkins1000 | ip=192.168.36.79 | op=SEND_HEARTBEAT {datanodeUUID=1b138595-92e4-4592-9dfc-2bb97fb4c88b, command=[]} | ret=SUCCESS |  
2019-09-20 04:50:16,054 | INFO  | SCMAudit | user=jenkins1000 | ip=192.168.36.79 | op=SEND_HEARTBEAT {datanodeUUID=8d97392c-5f4b-400a-94a1-fb61a3ebbc99, command=[]} | ret=SUCCESS |  
2019-09-20 04:50:16,055 | INFO  | SCMAudit | user=jenkins1000 | ip=192.168.36.79 | op=SEND_HEARTBEAT {datanodeUUID=2702b462-69d8-4c1b-aae1-091a21fe08b8, command=[]} | ret=SUCCESS |  
2019-09-20 04:50:16,055 | INFO  | SCMAudit | user=jenkins1000 | ip=192.168.36.79 | op=SEND_HEARTBEAT {datanodeUUID=f4e549ee-a6fa-4eb9-8541-129d0566fdf5, command=[]} | ret=SUCCESS |  
2019-09-20 04:50:16,055 | INFO  | SCMAudit | user=jenkins1000 | ip=192.168.36.79 | op=SEND_HEARTBEAT {datanodeUUID=0ad3f89e-804f-4845-89c5-5ff1a35a5dda, command=[]} | ret=SUCCESS |  
2019-09-20 04:50:16,055 | INFO  | SCMAudit | user=jenkins1000 | ip=192.168.36.79 | op=SEND_HEARTBEAT {datanodeUUID=eb30d72f-c0a8-4ecb-bfee-9120a9a6cddf, command=[]} | ret=SUCCESS |  
2019-09-20 04:50:16,055 | INFO  | SCMAudit | user=jenkins1000 | ip=192.168.36.79 | op=SEND_HEARTBEAT {datanodeUUID=ba95d636-ac34-4b74-a102-dec8d0f377c6, command=[]} | ret=SUCCESS |  
2019-09-20 04:50:16,055 | INFO  | SCMAudit | user=jenkins1000 | ip=192.168.36.79 | op=SEND_HEARTBEAT {datanodeUUID=2d6465ef-cffa-473a-a4c6-a9aa3f1a26c0, command=[]} | ret=SUCCESS |  
2019-09-20 04:50:16,056 | INFO  | SCMAudit | user=jenkins1000 | ip=192.168.36.79 | op=SEND_HEARTBEAT {datanodeUUID=37fe2768-1af7-42e7-8542-10b932802b02, command=[]} | ret=SUCCESS |  
2019-09-20 04:50:16,056 | INFO  | SCMAudit | user=jenkins1000 | ip=192.168.36.79 | op=SEND_HEARTBEAT {datanodeUUID=c4f6294c-eda3-4afd-81f7-e69ed14da69f, command=[]} | ret=SUCCESS |  
2019-09-20 04:50:16,056 | INFO  | SCMAudit | user=jenkins1000 | ip=192.168.36.79 | op=SEND_HEARTBEAT {datanodeUUID=dba845b8-ea76-4e09-ab03-0883d354e493, command=[]} | ret=SUCCESS |  
2019-09-20 04:50:16,056 | INFO  | SCMAudit | user=jenkins1000 | ip=192.168.36.79 | op=SEND_HEARTBEAT {datanodeUUID=bd1a845e-f2ed-4713-9516-9ccc20139040, command=[]} | ret=SUCCESS |  
2019-09-20 04:50:16,056 | INFO  | SCMAudit | user=jenkins1000 | ip=192.168.36.79 | op=SEND_HEARTBEAT {datanodeUUID=ea71b9af-1075-4196-9693-aa14e10f536d, command=[]} | ret=SUCCESS |  
2019-09-20 04:50:16,076 [Datanode State Machine Thread - 0] INFO  ozoneimpl.OzoneContainer (OzoneContainer.java:start(186)) - Attempting to start container services.
2019-09-20 04:50:16,077 [Datanode State Machine Thread - 0] INFO  ozoneimpl.OzoneContainer (OzoneContainer.java:startContainerScrub(160)) - Background container scrubber has been disabled by hdds.containerscrub.enabled
2019-09-20 04:50:16,077 [Datanode State Machine Thread - 0] INFO  ratis.XceiverServerRatis (XceiverServerRatis.java:start(404)) - Starting XceiverServerRatis 42e8bc24-f019-48ef-96ce-72365fee6e4e at port 0
2019-09-20 04:50:16,081 [Datanode State Machine Thread - 0] INFO  impl.RaftServerProxy (RaftServerProxy.java:lambda$start$3(299)) - 42e8bc24-f019-48ef-96ce-72365fee6e4e: start RPC server
2019-09-20 04:50:16,082 [Datanode State Machine Thread - 0] INFO  server.GrpcService (GrpcService.java:startImpl(149)) - 42e8bc24-f019-48ef-96ce-72365fee6e4e: GrpcService started, listening on 0.0.0.0/0.0.0.0:44028
2019-09-20 04:50:16,082 [Datanode State Machine Thread - 0] INFO  ratis.XceiverServerRatis (XceiverServerRatis.java:start(414)) - XceiverServerRatis 42e8bc24-f019-48ef-96ce-72365fee6e4e is started using port 44028
2019-09-20 04:50:16,082 [Datanode State Machine Thread - 0] INFO  server.XceiverServerGrpc (XceiverServerGrpc.java:start(163)) - XceiverServerGrpc 42e8bc24-f019-48ef-96ce-72365fee6e4e is started using port 43702
2019-09-20 04:50:16,241 [IPC Server handler 0 on 38264] INFO  net.NetworkTopology (NetworkTopologyImpl.java:add(110)) - Added a new node: /default-rack/b3ecc8dd-01a1-4f26-a416-3a35ccdca24e
2019-09-20 04:50:16,242 [RatisPipelineUtilsThread] INFO  pipeline.PipelinePlacementPolicy (PipelinePlacementPolicy.java:meetCriteria(91)) - Pipeline Placement: Doesn't meet the criteria to be viable node： c9a37c78-8605-4a88-9b79-5cbe235210f1 Heaviness: 6 limit: 5
2019-09-20 04:50:16,242 [IPC Server handler 0 on 38264] INFO  node.SCMNodeManager (SCMNodeManager.java:register(273)) - Registered Data node : b3ecc8dd-01a1-4f26-a416-3a35ccdca24e{ip: 192.168.36.79, host: pr-hdds-1569-s8kj2-2266485376, networkLocation: /default-rack, certSerialId: null}
2019-09-20 04:50:16,242 | INFO  | SCMAudit | user=jenkins1000 | ip=192.168.36.79 | op=REGISTER {datanodeDetails=b3ecc8dd-01a1-4f26-a416-3a35ccdca24e{ip: 192.168.36.79, host: pr-hdds-1569-s8kj2-2266485376, networkLocation: /default-rack, certSerialId: null}} | ret=SUCCESS |  
2019-09-20 04:50:16,259 [grpc-default-executor-1] INFO  impl.RaftServerProxy (RaftServerProxy.java:addNew(89)) - b3ecc8dd-01a1-4f26-a416-3a35ccdca24e: addNew group-1FEB603A026D:[b3ecc8dd-01a1-4f26-a416-3a35ccdca24e:192.168.36.79:35445] returns group-1FEB603A026D:java.util.concurrent.CompletableFuture@a4f5c69[Not completed]
2019-09-20 04:50:16,260 [pool-419-thread-1] INFO  impl.RaftServerImpl (RaftServerImpl.java:<init>(93)) - b3ecc8dd-01a1-4f26-a416-3a35ccdca24e: new RaftServerImpl for group-1FEB603A026D:[b3ecc8dd-01a1-4f26-a416-3a35ccdca24e:192.168.36.79:35445] with ContainerStateMachine:uninitialized
2019-09-20 04:50:16,261 [pool-419-thread-1] INFO  server.RaftServerConfigKeys (ConfUtils.java:logGet(43)) - raft.server.rpc.timeout.min = 5s (custom)
2019-09-20 04:50:16,261 [pool-419-thread-1] INFO  server.RaftServerConfigKeys (ConfUtils.java:logGet(43)) - raft.server.rpc.timeout.max = 5200ms (custom)
2019-09-20 04:50:16,261 [pool-419-thread-1] INFO  server.RaftServerConfigKeys (ConfUtils.java:logGet(43)) - raft.server.rpcslowness.timeout = 120s (custom)
2019-09-20 04:50:16,261 [pool-419-thread-1] INFO  server.RaftServerConfigKeys (ConfUtils.java:logGet(43)) - raft.server.sleep.deviation.threshold = 300 (default)
2019-09-20 04:50:16,261 [pool-419-thread-1] INFO  server.RaftServerConfigKeys (ConfUtils.java:logGet(43)) - raft.server.log.appender.install.snapshot.enabled = false (custom)
2019-09-20 04:50:16,261 [pool-419-thread-1] INFO  impl.RaftServerImpl (ServerState.java:<init>(105)) - b3ecc8dd-01a1-4f26-a416-3a35ccdca24e:group-1FEB603A026D ConfigurationManager, init=-1: [b3ecc8dd-01a1-4f26-a416-3a35ccdca24e:192.168.36.79:35445], old=null, confs=<EMPTY_MAP>
2019-09-20 04:50:16,261 [pool-419-thread-1] INFO  server.RaftServerConfigKeys (ConfUtils.java:logGet(43)) - raft.server.storage.dir = [/workdir/hadoop-ozone/integration-test/target/test-dir/MiniOzoneClusterImpl-5481c8ea-466e-4137-a567-737be5b6f247/datanode-1/data/ratis] (custom)
2019-09-20 04:50:16,262 [pool-419-thread-1] INFO  storage.RaftStorageDirectory (RaftStorageDirectory.java:analyzeStorage(246)) - The storage directory /workdir/hadoop-ozone/integration-test/target/test-dir/MiniOzoneClusterImpl-5481c8ea-466e-4137-a567-737be5b6f247/datanode-1/data/ratis/66b7c1aa-b613-426c-b8af-1feb603a026d does not exist. Creating ...
2019-09-20 04:50:16,285 [pool-419-thread-1] INFO  storage.RaftStorageDirectory (RaftStorageDirectory.java:tryLock(328)) - Lock on /workdir/hadoop-ozone/integration-test/target/test-dir/MiniOzoneClusterImpl-5481c8ea-466e-4137-a567-737be5b6f247/datanode-1/data/ratis/66b7c1aa-b613-426c-b8af-1feb603a026d/in_use.lock acquired by nodename 9457@pr-hdds-1569-s8kj2-2266485376
2019-09-20 04:50:16,302 [pool-419-thread-1] INFO  storage.RaftStorage (RaftStorage.java:format(72)) - Storage directory /workdir/hadoop-ozone/integration-test/target/test-dir/MiniOzoneClusterImpl-5481c8ea-466e-4137-a567-737be5b6f247/datanode-1/data/ratis/66b7c1aa-b613-426c-b8af-1feb603a026d has been successfully formatted.
2019-09-20 04:50:16,302 [pool-419-thread-1] INFO  ratis.ContainerStateMachine (ContainerStateMachine.java:loadSnapshot(226)) - group-1FEB603A026D: The snapshot info is null. Setting the last applied indexto:(t:0, i:~)
2019-09-20 04:50:16,303 [pool-419-thread-1] INFO  server.RaftServerConfigKeys (ConfUtils.java:logGet(43)) - raft.server.leader.election.timeout = 120s (custom)
2019-09-20 04:50:16,303 [pool-419-thread-1] INFO  server.RaftServerConfigKeys (ConfUtils.java:logGet(43)) - raft.server.log.use.memory = false (default)
2019-09-20 04:50:16,303 [pool-419-thread-1] INFO  server.RaftServerConfigKeys (ConfUtils.java:logGet(43)) - raft.server.log.purge.gap = 1000000 (custom)
2019-09-20 04:50:16,303 [pool-419-thread-1] INFO  server.RaftServerConfigKeys (ConfUtils.java:logGet(43)) - raft.server.log.appender.buffer.byte-limit = 33554432 (custom)
2019-09-20 04:50:16,303 [pool-419-thread-1] INFO  server.RaftServerConfigKeys (ConfUtils.java:logGet(43)) - raft.server.log.segment.size.max = 1048576 (custom)
2019-09-20 04:50:16,303 [pool-419-thread-1] INFO  server.RaftServerConfigKeys (ConfUtils.java:logGet(43)) - raft.server.log.segment.cache.num.max = 2 (custom)
2019-09-20 04:50:16,303 [pool-419-thread-1] INFO  segmented.SegmentedRaftLogWorker (SegmentedRaftLogWorker.java:<init>(172)) - new b3ecc8dd-01a1-4f26-a416-3a35ccdca24e-SegmentedRaftLogWorker:Storage Directory /workdir/hadoop-ozone/integration-test/target/test-dir/MiniOzoneClusterImpl-5481c8ea-466e-4137-a567-737be5b6f247/datanode-1/data/ratis/66b7c1aa-b613-426c-b8af-1feb603a026d for RaftStorage:Storage Directory /workdir/hadoop-ozone/integration-test/target/test-dir/MiniOzoneClusterImpl-5481c8ea-466e-4137-a567-737be5b6f247/datanode-1/data/ratis/66b7c1aa-b613-426c-b8af-1feb603a026d
2019-09-20 04:50:16,304 [pool-419-thread-1] INFO  server.RaftServerConfigKeys (ConfUtils.java:logGet(43)) - raft.server.log.queue.byte-limit = 2147483647 (custom)
2019-09-20 04:50:16,304 [pool-419-thread-1] INFO  server.RaftServerConfigKeys (ConfUtils.java:logGet(43)) - raft.server.log.queue.element-limit = 1024 (custom)
2019-09-20 04:50:16,304 [pool-419-thread-1] INFO  server.RaftServerConfigKeys (ConfUtils.java:logGet(43)) - raft.server.log.segment.size.max = 1048576 (custom)
2019-09-20 04:50:16,304 [pool-419-thread-1] INFO  server.RaftServerConfigKeys (ConfUtils.java:logGet(43)) - raft.server.log.preallocated.size = 16384 (custom)
2019-09-20 04:50:16,304 [pool-419-thread-1] INFO  server.RaftServerConfigKeys (ConfUtils.java:logGet(43)) - raft.server.log.write.buffer.size = 33554432 (custom)
2019-09-20 04:50:16,304 [pool-419-thread-1] INFO  server.RaftServerConfigKeys (ConfUtils.java:logGet(43)) - raft.server.log.force.sync.num = 128 (default)
2019-09-20 04:50:16,304 [pool-419-thread-1] INFO  server.RaftServerConfigKeys (ConfUtils.java:logGet(43)) - raft.server.log.statemachine.data.sync = true (default)
2019-09-20 04:50:16,305 [pool-419-thread-1] INFO  server.RaftServerConfigKeys (ConfUtils.java:logGet(43)) - raft.server.log.statemachine.data.sync.timeout = 10s (default)
2019-09-20 04:50:16,305 [pool-419-thread-1] INFO  server.RaftServerConfigKeys (ConfUtils.java:logGet(43)) - raft.server.log.statemachine.data.sync.timeout.retry = -1 (default)
2019-09-20 04:50:16,305 [pool-419-thread-1] INFO  server.RaftServerConfigKeys (ConfUtils.java:logGet(43)) - raft.server.log.statemachine.data.caching.enabled = true (custom)
2019-09-20 04:50:16,305 [pool-419-thread-1] INFO  segmented.SegmentedRaftLogWorker (SegmentedRaftLogWorker.java:lambda$new$0(132)) - b3ecc8dd-01a1-4f26-a416-3a35ccdca24e-SegmentedRaftLogWorker:Storage Directory /workdir/hadoop-ozone/integration-test/target/test-dir/MiniOzoneClusterImpl-5481c8ea-466e-4137-a567-737be5b6f247/datanode-1/data/ratis/66b7c1aa-b613-426c-b8af-1feb603a026d: flushIndex: setUnconditionally 0 -> -1
2019-09-20 04:50:16,305 [pool-419-thread-1] INFO  server.RaftServerConfigKeys (ConfUtils.java:logGet(43)) - raft.server.snapshot.auto.trigger.enabled = true (custom)
2019-09-20 04:50:16,306 [pool-419-thread-1] INFO  server.RaftServerConfigKeys (ConfUtils.java:logGet(43)) - raft.server.snapshot.auto.trigger.threshold = 10000 (custom)
2019-09-20 04:50:16,306 [pool-419-thread-1] INFO  server.RaftServerConfigKeys (ConfUtils.java:logGet(43)) - raft.server.retrycache.expirytime = 600000ms (custom)
2019-09-20 04:50:16,306 [pool-419-thread-1] INFO  impl.RaftServerImpl (RaftServerImpl.java:start(180)) - b3ecc8dd-01a1-4f26-a416-3a35ccdca24e: start group-1FEB603A026D
2019-09-20 04:50:16,306 [pool-419-thread-1] INFO  impl.RaftServerImpl (RaftServerImpl.java:setRole(171)) - b3ecc8dd-01a1-4f26-a416-3a35ccdca24e:group-1FEB603A026D changes role from null to FOLLOWER at term 0 for startAsFollower
2019-09-20 04:50:16,306 [pool-419-thread-1] INFO  impl.RoleInfo (RoleInfo.java:updateAndGet(143)) - b3ecc8dd-01a1-4f26-a416-3a35ccdca24e: start FollowerState
2019-09-20 04:50:16,306 [pool-419-thread-1] INFO  util.JmxRegister (JmxRegister.java:tryRegister(44)) - Successfully registered JMX Bean with object name Ratis:service=RaftServer,group=group-1FEB603A026D,id=b3ecc8dd-01a1-4f26-a416-3a35ccdca24e
2019-09-20 04:50:16,309 [RatisPipelineUtilsThread] INFO  pipeline.PipelineStateManager (PipelineStateManager.java:addPipeline(56)) - Created pipeline Pipeline[ Id: 66b7c1aa-b613-426c-b8af-1feb603a026d, Nodes: b3ecc8dd-01a1-4f26-a416-3a35ccdca24e{ip: 192.168.36.79, host: pr-hdds-1569-s8kj2-2266485376, networkLocation: /default-rack, certSerialId: null}, Type:RATIS, Factor:ONE, State:OPEN]
2019-09-20 04:50:16,309 [RatisPipelineUtilsThread] INFO  pipeline.PipelinePlacementPolicy (PipelinePlacementPolicy.java:meetCriteria(91)) - Pipeline Placement: Doesn't meet the criteria to be viable node： c9a37c78-8605-4a88-9b79-5cbe235210f1 Heaviness: 6 limit: 5
2019-09-20 04:50:16,313 [grpc-default-executor-1] INFO  impl.RaftServerProxy (RaftServerProxy.java:addNew(89)) - b3ecc8dd-01a1-4f26-a416-3a35ccdca24e: addNew group-97671D866376:[b3ecc8dd-01a1-4f26-a416-3a35ccdca24e:192.168.36.79:35445] returns group-97671D866376:java.util.concurrent.CompletableFuture@2eb106b4[Not completed]
2019-09-20 04:50:16,314 [pool-419-thread-1] INFO  impl.RaftServerImpl (RaftServerImpl.java:<init>(93)) - b3ecc8dd-01a1-4f26-a416-3a35ccdca24e: new RaftServerImpl for group-97671D866376:[b3ecc8dd-01a1-4f26-a416-3a35ccdca24e:192.168.36.79:35445] with ContainerStateMachine:uninitialized
2019-09-20 04:50:16,314 [pool-419-thread-1] INFO  server.RaftServerConfigKeys (ConfUtils.java:logGet(43)) - raft.server.rpc.timeout.min = 5s (custom)
2019-09-20 04:50:16,314 [pool-419-thread-1] INFO  server.RaftServerConfigKeys (ConfUtils.java:logGet(43)) - raft.server.rpc.timeout.max = 5200ms (custom)
2019-09-20 04:50:16,314 [pool-419-thread-1] INFO  server.RaftServerConfigKeys (ConfUtils.java:logGet(43)) - raft.server.rpcslowness.timeout = 120s (custom)
2019-09-20 04:50:16,314 [pool-419-thread-1] INFO  server.RaftServerConfigKeys (ConfUtils.java:logGet(43)) - raft.server.sleep.deviation.threshold = 300 (default)
2019-09-20 04:50:16,314 [pool-419-thread-1] INFO  server.RaftServerConfigKeys (ConfUtils.java:logGet(43)) - raft.server.log.appender.install.snapshot.enabled = false (custom)
2019-09-20 04:50:16,314 [pool-419-thread-1] INFO  impl.RaftServerImpl (ServerState.java:<init>(105)) - b3ecc8dd-01a1-4f26-a416-3a35ccdca24e:group-97671D866376 ConfigurationManager, init=-1: [b3ecc8dd-01a1-4f26-a416-3a35ccdca24e:192.168.36.79:35445], old=null, confs=<EMPTY_MAP>
2019-09-20 04:50:16,315 [pool-419-thread-1] INFO  server.RaftServerConfigKeys (ConfUtils.java:logGet(43)) - raft.server.storage.dir = [/workdir/hadoop-ozone/integration-test/target/test-dir/MiniOzoneClusterImpl-5481c8ea-466e-4137-a567-737be5b6f247/datanode-1/data/ratis] (custom)
2019-09-20 04:50:16,315 [pool-419-thread-1] INFO  storage.RaftStorageDirectory (RaftStorageDirectory.java:analyzeStorage(246)) - The storage directory /workdir/hadoop-ozone/integration-test/target/test-dir/MiniOzoneClusterImpl-5481c8ea-466e-4137-a567-737be5b6f247/datanode-1/data/ratis/9c150e91-5c5e-471c-aa1c-97671d866376 does not exist. Creating ...
2019-09-20 04:50:16,327 [pool-419-thread-1] INFO  storage.RaftStorageDirectory (RaftStorageDirectory.java:tryLock(328)) - Lock on /workdir/hadoop-ozone/integration-test/target/test-dir/MiniOzoneClusterImpl-5481c8ea-466e-4137-a567-737be5b6f247/datanode-1/data/ratis/9c150e91-5c5e-471c-aa1c-97671d866376/in_use.lock acquired by nodename 9457@pr-hdds-1569-s8kj2-2266485376
2019-09-20 04:50:16,345 [pool-419-thread-1] INFO  storage.RaftStorage (RaftStorage.java:format(72)) - Storage directory /workdir/hadoop-ozone/integration-test/target/test-dir/MiniOzoneClusterImpl-5481c8ea-466e-4137-a567-737be5b6f247/datanode-1/data/ratis/9c150e91-5c5e-471c-aa1c-97671d866376 has been successfully formatted.
2019-09-20 04:50:16,345 [pool-419-thread-1] INFO  ratis.ContainerStateMachine (ContainerStateMachine.java:loadSnapshot(226)) - group-97671D866376: The snapshot info is null. Setting the last applied indexto:(t:0, i:~)
2019-09-20 04:50:16,345 [pool-419-thread-1] INFO  server.RaftServerConfigKeys (ConfUtils.java:logGet(43)) - raft.server.leader.election.timeout = 120s (custom)
2019-09-20 04:50:16,345 [pool-419-thread-1] INFO  server.RaftServerConfigKeys (ConfUtils.java:logGet(43)) - raft.server.log.use.memory = false (default)
2019-09-20 04:50:16,345 [pool-419-thread-1] INFO  server.RaftServerConfigKeys (ConfUtils.java:logGet(43)) - raft.server.log.purge.gap = 1000000 (custom)
2019-09-20 04:50:16,345 [pool-419-thread-1] INFO  server.RaftServerConfigKeys (ConfUtils.java:logGet(43)) - raft.server.log.appender.buffer.byte-limit = 33554432 (custom)
2019-09-20 04:50:16,345 [pool-419-thread-1] INFO  server.RaftServerConfigKeys (ConfUtils.java:logGet(43)) - raft.server.log.segment.size.max = 1048576 (custom)
2019-09-20 04:50:16,345 [pool-419-thread-1] INFO  server.RaftServerConfigKeys (ConfUtils.java:logGet(43)) - raft.server.log.segment.cache.num.max = 2 (custom)
2019-09-20 04:50:16,346 [pool-419-thread-1] INFO  segmented.SegmentedRaftLogWorker (SegmentedRaftLogWorker.java:<init>(172)) - new b3ecc8dd-01a1-4f26-a416-3a35ccdca24e-SegmentedRaftLogWorker:Storage Directory /workdir/hadoop-ozone/integration-test/target/test-dir/MiniOzoneClusterImpl-5481c8ea-466e-4137-a567-737be5b6f247/datanode-1/data/ratis/9c150e91-5c5e-471c-aa1c-97671d866376 for RaftStorage:Storage Directory /workdir/hadoop-ozone/integration-test/target/test-dir/MiniOzoneClusterImpl-5481c8ea-466e-4137-a567-737be5b6f247/datanode-1/data/ratis/9c150e91-5c5e-471c-aa1c-97671d866376
2019-09-20 04:50:16,346 [pool-419-thread-1] INFO  server.RaftServerConfigKeys (ConfUtils.java:logGet(43)) - raft.server.log.queue.byte-limit = 2147483647 (custom)
2019-09-20 04:50:16,346 [pool-419-thread-1] INFO  server.RaftServerConfigKeys (ConfUtils.java:logGet(43)) - raft.server.log.queue.element-limit = 1024 (custom)
2019-09-20 04:50:16,346 [pool-419-thread-1] INFO  server.RaftServerConfigKeys (ConfUtils.java:logGet(43)) - raft.server.log.segment.size.max = 1048576 (custom)
2019-09-20 04:50:16,346 [pool-419-thread-1] INFO  server.RaftServerConfigKeys (ConfUtils.java:logGet(43)) - raft.server.log.preallocated.size = 16384 (custom)
2019-09-20 04:50:16,346 [pool-419-thread-1] INFO  server.RaftServerConfigKeys (ConfUtils.java:logGet(43)) - raft.server.log.write.buffer.size = 33554432 (custom)
2019-09-20 04:50:16,346 [pool-419-thread-1] INFO  server.RaftServerConfigKeys (ConfUtils.java:logGet(43)) - raft.server.log.force.sync.num = 128 (default)
2019-09-20 04:50:16,346 [pool-419-thread-1] INFO  server.RaftServerConfigKeys (ConfUtils.java:logGet(43)) - raft.server.log.statemachine.data.sync = true (default)
2019-09-20 04:50:16,346 [pool-419-thread-1] INFO  server.RaftServerConfigKeys (ConfUtils.java:logGet(43)) - raft.server.log.statemachine.data.sync.timeout = 10s (default)
2019-09-20 04:50:16,346 [pool-419-thread-1] INFO  server.RaftServerConfigKeys (ConfUtils.java:logGet(43)) - raft.server.log.statemachine.data.sync.timeout.retry = -1 (default)
2019-09-20 04:50:16,347 [pool-419-thread-1] INFO  server.RaftServerConfigKeys (ConfUtils.java:logGet(43)) - raft.server.log.statemachine.data.caching.enabled = true (custom)
2019-09-20 04:50:16,347 [pool-419-thread-1] INFO  segmented.SegmentedRaftLogWorker (SegmentedRaftLogWorker.java:lambda$new$0(132)) - b3ecc8dd-01a1-4f26-a416-3a35ccdca24e-SegmentedRaftLogWorker:Storage Directory /workdir/hadoop-ozone/integration-test/target/test-dir/MiniOzoneClusterImpl-5481c8ea-466e-4137-a567-737be5b6f247/datanode-1/data/ratis/9c150e91-5c5e-471c-aa1c-97671d866376: flushIndex: setUnconditionally 0 -> -1
2019-09-20 04:50:16,347 [pool-419-thread-1] INFO  server.RaftServerConfigKeys (ConfUtils.java:logGet(43)) - raft.server.snapshot.auto.trigger.enabled = true (custom)
2019-09-20 04:50:16,347 [pool-419-thread-1] INFO  server.RaftServerConfigKeys (ConfUtils.java:logGet(43)) - raft.server.snapshot.auto.trigger.threshold = 10000 (custom)
2019-09-20 04:50:16,347 [pool-419-thread-1] INFO  server.RaftServerConfigKeys (ConfUtils.java:logGet(43)) - raft.server.retrycache.expirytime = 600000ms (custom)
2019-09-20 04:50:16,347 [pool-419-thread-1] INFO  impl.RaftServerImpl (RaftServerImpl.java:start(180)) - b3ecc8dd-01a1-4f26-a416-3a35ccdca24e: start group-97671D866376
2019-09-20 04:50:16,347 [pool-419-thread-1] INFO  impl.RaftServerImpl (RaftServerImpl.java:setRole(171)) - b3ecc8dd-01a1-4f26-a416-3a35ccdca24e:group-97671D866376 changes role from null to FOLLOWER at term 0 for startAsFollower
2019-09-20 04:50:16,348 [pool-419-thread-1] INFO  impl.RoleInfo (RoleInfo.java:updateAndGet(143)) - b3ecc8dd-01a1-4f26-a416-3a35ccdca24e: start FollowerState
2019-09-20 04:50:16,348 [pool-419-thread-1] INFO  util.JmxRegister (JmxRegister.java:tryRegister(44)) - Successfully registered JMX Bean with object name Ratis:service=RaftServer,group=group-97671D866376,id=b3ecc8dd-01a1-4f26-a416-3a35ccdca24e
2019-09-20 04:50:16,350 [RatisPipelineUtilsThread] INFO  pipeline.PipelineStateManager (PipelineStateManager.java:addPipeline(56)) - Created pipeline Pipeline[ Id: 9c150e91-5c5e-471c-aa1c-97671d866376, Nodes: b3ecc8dd-01a1-4f26-a416-3a35ccdca24e{ip: 192.168.36.79, host: pr-hdds-1569-s8kj2-2266485376, networkLocation: /default-rack, certSerialId: null}, Type:RATIS, Factor:ONE, State:OPEN]
2019-09-20 04:50:16,350 [RatisPipelineUtilsThread] INFO  pipeline.PipelinePlacementPolicy (PipelinePlacementPolicy.java:meetCriteria(91)) - Pipeline Placement: Doesn't meet the criteria to be viable node： c9a37c78-8605-4a88-9b79-5cbe235210f1 Heaviness: 6 limit: 5
2019-09-20 04:50:16,354 [grpc-default-executor-1] INFO  impl.RaftServerProxy (RaftServerProxy.java:addNew(89)) - b3ecc8dd-01a1-4f26-a416-3a35ccdca24e: addNew group-C407474ABC16:[b3ecc8dd-01a1-4f26-a416-3a35ccdca24e:192.168.36.79:35445] returns group-C407474ABC16:java.util.concurrent.CompletableFuture@5089a61f[Not completed]
2019-09-20 04:50:16,355 [pool-419-thread-1] INFO  impl.RaftServerImpl (RaftServerImpl.java:<init>(93)) - b3ecc8dd-01a1-4f26-a416-3a35ccdca24e: new RaftServerImpl for group-C407474ABC16:[b3ecc8dd-01a1-4f26-a416-3a35ccdca24e:192.168.36.79:35445] with ContainerStateMachine:uninitialized
2019-09-20 04:50:16,355 [pool-419-thread-1] INFO  server.RaftServerConfigKeys (ConfUtils.java:logGet(43)) - raft.server.rpc.timeout.min = 5s (custom)
2019-09-20 04:50:16,355 [pool-419-thread-1] INFO  server.RaftServerConfigKeys (ConfUtils.java:logGet(43)) - raft.server.rpc.timeout.max = 5200ms (custom)
2019-09-20 04:50:16,355 [pool-419-thread-1] INFO  server.RaftServerConfigKeys (ConfUtils.java:logGet(43)) - raft.server.rpcslowness.timeout = 120s (custom)
2019-09-20 04:50:16,355 [pool-419-thread-1] INFO  server.RaftServerConfigKeys (ConfUtils.java:logGet(43)) - raft.server.sleep.deviation.threshold = 300 (default)
2019-09-20 04:50:16,355 [pool-419-thread-1] INFO  server.RaftServerConfigKeys (ConfUtils.java:logGet(43)) - raft.server.log.appender.install.snapshot.enabled = false (custom)
2019-09-20 04:50:16,355 [pool-419-thread-1] INFO  impl.RaftServerImpl (ServerState.java:<init>(105)) - b3ecc8dd-01a1-4f26-a416-3a35ccdca24e:group-C407474ABC16 ConfigurationManager, init=-1: [b3ecc8dd-01a1-4f26-a416-3a35ccdca24e:192.168.36.79:35445], old=null, confs=<EMPTY_MAP>
2019-09-20 04:50:16,355 [pool-419-thread-1] INFO  server.RaftServerConfigKeys (ConfUtils.java:logGet(43)) - raft.server.storage.dir = [/workdir/hadoop-ozone/integration-test/target/test-dir/MiniOzoneClusterImpl-5481c8ea-466e-4137-a567-737be5b6f247/datanode-1/data/ratis] (custom)
2019-09-20 04:50:16,356 [pool-419-thread-1] INFO  storage.RaftStorageDirectory (RaftStorageDirectory.java:analyzeStorage(246)) - The storage directory /workdir/hadoop-ozone/integration-test/target/test-dir/MiniOzoneClusterImpl-5481c8ea-466e-4137-a567-737be5b6f247/datanode-1/data/ratis/83f48262-fdeb-4a32-8d2c-c407474abc16 does not exist. Creating ...
2019-09-20 04:50:16,378 [pool-419-thread-1] INFO  storage.RaftStorageDirectory (RaftStorageDirectory.java:tryLock(328)) - Lock on /workdir/hadoop-ozone/integration-test/target/test-dir/MiniOzoneClusterImpl-5481c8ea-466e-4137-a567-737be5b6f247/datanode-1/data/ratis/83f48262-fdeb-4a32-8d2c-c407474abc16/in_use.lock acquired by nodename 9457@pr-hdds-1569-s8kj2-2266485376
2019-09-20 04:50:16,395 [pool-419-thread-1] INFO  storage.RaftStorage (RaftStorage.java:format(72)) - Storage directory /workdir/hadoop-ozone/integration-test/target/test-dir/MiniOzoneClusterImpl-5481c8ea-466e-4137-a567-737be5b6f247/datanode-1/data/ratis/83f48262-fdeb-4a32-8d2c-c407474abc16 has been successfully formatted.
2019-09-20 04:50:16,396 [pool-419-thread-1] INFO  ratis.ContainerStateMachine (ContainerStateMachine.java:loadSnapshot(226)) - group-C407474ABC16: The snapshot info is null. Setting the last applied indexto:(t:0, i:~)
2019-09-20 04:50:16,396 [pool-419-thread-1] INFO  server.RaftServerConfigKeys (ConfUtils.java:logGet(43)) - raft.server.leader.election.timeout = 120s (custom)
2019-09-20 04:50:16,396 [pool-419-thread-1] INFO  server.RaftServerConfigKeys (ConfUtils.java:logGet(43)) - raft.server.log.use.memory = false (default)
2019-09-20 04:50:16,396 [pool-419-thread-1] INFO  server.RaftServerConfigKeys (ConfUtils.java:logGet(43)) - raft.server.log.purge.gap = 1000000 (custom)
2019-09-20 04:50:16,396 [pool-419-thread-1] INFO  server.RaftServerConfigKeys (ConfUtils.java:logGet(43)) - raft.server.log.appender.buffer.byte-limit = 33554432 (custom)
2019-09-20 04:50:16,396 [pool-419-thread-1] INFO  server.RaftServerConfigKeys (ConfUtils.java:logGet(43)) - raft.server.log.segment.size.max = 1048576 (custom)
2019-09-20 04:50:16,396 [pool-419-thread-1] INFO  server.RaftServerConfigKeys (ConfUtils.java:logGet(43)) - raft.server.log.segment.cache.num.max = 2 (custom)
2019-09-20 04:50:16,396 [pool-419-thread-1] INFO  segmented.SegmentedRaftLogWorker (SegmentedRaftLogWorker.java:<init>(172)) - new b3ecc8dd-01a1-4f26-a416-3a35ccdca24e-SegmentedRaftLogWorker:Storage Directory /workdir/hadoop-ozone/integration-test/target/test-dir/MiniOzoneClusterImpl-5481c8ea-466e-4137-a567-737be5b6f247/datanode-1/data/ratis/83f48262-fdeb-4a32-8d2c-c407474abc16 for RaftStorage:Storage Directory /workdir/hadoop-ozone/integration-test/target/test-dir/MiniOzoneClusterImpl-5481c8ea-466e-4137-a567-737be5b6f247/datanode-1/data/ratis/83f48262-fdeb-4a32-8d2c-c407474abc16
2019-09-20 04:50:16,396 [pool-419-thread-1] INFO  server.RaftServerConfigKeys (ConfUtils.java:logGet(43)) - raft.server.log.queue.byte-limit = 2147483647 (custom)
2019-09-20 04:50:16,396 [pool-419-thread-1] INFO  server.RaftServerConfigKeys (ConfUtils.java:logGet(43)) - raft.server.log.queue.element-limit = 1024 (custom)
2019-09-20 04:50:16,397 [pool-419-thread-1] INFO  server.RaftServerConfigKeys (ConfUtils.java:logGet(43)) - raft.server.log.segment.size.max = 1048576 (custom)
2019-09-20 04:50:16,397 [pool-419-thread-1] INFO  server.RaftServerConfigKeys (ConfUtils.java:logGet(43)) - raft.server.log.preallocated.size = 16384 (custom)
2019-09-20 04:50:16,397 [pool-419-thread-1] INFO  server.RaftServerConfigKeys (ConfUtils.java:logGet(43)) - raft.server.log.write.buffer.size = 33554432 (custom)
2019-09-20 04:50:16,397 [pool-419-thread-1] INFO  server.RaftServerConfigKeys (ConfUtils.java:logGet(43)) - raft.server.log.force.sync.num = 128 (default)
2019-09-20 04:50:16,397 [pool-419-thread-1] INFO  server.RaftServerConfigKeys (ConfUtils.java:logGet(43)) - raft.server.log.statemachine.data.sync = true (default)
2019-09-20 04:50:16,397 [pool-419-thread-1] INFO  server.RaftServerConfigKeys (ConfUtils.java:logGet(43)) - raft.server.log.statemachine.data.sync.timeout = 10s (default)
2019-09-20 04:50:16,397 [pool-419-thread-1] INFO  server.RaftServerConfigKeys (ConfUtils.java:logGet(43)) - raft.server.log.statemachine.data.sync.timeout.retry = -1 (default)
2019-09-20 04:50:16,397 [pool-419-thread-1] INFO  server.RaftServerConfigKeys (ConfUtils.java:logGet(43)) - raft.server.log.statemachine.data.caching.enabled = true (custom)
2019-09-20 04:50:16,397 [pool-419-thread-1] INFO  segmented.SegmentedRaftLogWorker (SegmentedRaftLogWorker.java:lambda$new$0(132)) - b3ecc8dd-01a1-4f26-a416-3a35ccdca24e-SegmentedRaftLogWorker:Storage Directory /workdir/hadoop-ozone/integration-test/target/test-dir/MiniOzoneClusterImpl-5481c8ea-466e-4137-a567-737be5b6f247/datanode-1/data/ratis/83f48262-fdeb-4a32-8d2c-c407474abc16: flushIndex: setUnconditionally 0 -> -1
2019-09-20 04:50:16,398 [pool-419-thread-1] INFO  server.RaftServerConfigKeys (ConfUtils.java:logGet(43)) - raft.server.snapshot.auto.trigger.enabled = true (custom)
2019-09-20 04:50:16,398 [pool-419-thread-1] INFO  server.RaftServerConfigKeys (ConfUtils.java:logGet(43)) - raft.server.snapshot.auto.trigger.threshold = 10000 (custom)
2019-09-20 04:50:16,398 [pool-419-thread-1] INFO  server.RaftServerConfigKeys (ConfUtils.java:logGet(43)) - raft.server.retrycache.expirytime = 600000ms (custom)
2019-09-20 04:50:16,398 [pool-419-thread-1] INFO  impl.RaftServerImpl (RaftServerImpl.java:start(180)) - b3ecc8dd-01a1-4f26-a416-3a35ccdca24e: start group-C407474ABC16
2019-09-20 04:50:16,398 [pool-419-thread-1] INFO  impl.RaftServerImpl (RaftServerImpl.java:setRole(171)) - b3ecc8dd-01a1-4f26-a416-3a35ccdca24e:group-C407474ABC16 changes role from null to FOLLOWER at term 0 for startAsFollower
2019-09-20 04:50:16,398 [pool-419-thread-1] INFO  impl.RoleInfo (RoleInfo.java:updateAndGet(143)) - b3ecc8dd-01a1-4f26-a416-3a35ccdca24e: start FollowerState
2019-09-20 04:50:16,398 [pool-419-thread-1] INFO  util.JmxRegister (JmxRegister.java:tryRegister(44)) - Successfully registered JMX Bean with object name Ratis:service=RaftServer,group=group-C407474ABC16,id=b3ecc8dd-01a1-4f26-a416-3a35ccdca24e
2019-09-20 04:50:16,401 [RatisPipelineUtilsThread] INFO  pipeline.PipelineStateManager (PipelineStateManager.java:addPipeline(56)) - Created pipeline Pipeline[ Id: 83f48262-fdeb-4a32-8d2c-c407474abc16, Nodes: b3ecc8dd-01a1-4f26-a416-3a35ccdca24e{ip: 192.168.36.79, host: pr-hdds-1569-s8kj2-2266485376, networkLocation: /default-rack, certSerialId: null}, Type:RATIS, Factor:ONE, State:OPEN]
2019-09-20 04:50:16,401 [RatisPipelineUtilsThread] INFO  pipeline.PipelinePlacementPolicy (PipelinePlacementPolicy.java:meetCriteria(91)) - Pipeline Placement: Doesn't meet the criteria to be viable node： c9a37c78-8605-4a88-9b79-5cbe235210f1 Heaviness: 6 limit: 5
2019-09-20 04:50:16,405 [grpc-default-executor-1] INFO  impl.RaftServerProxy (RaftServerProxy.java:addNew(89)) - b3ecc8dd-01a1-4f26-a416-3a35ccdca24e: addNew group-4A652BDD10DF:[b3ecc8dd-01a1-4f26-a416-3a35ccdca24e:192.168.36.79:35445] returns group-4A652BDD10DF:java.util.concurrent.CompletableFuture@6a68f2f[Not completed]
2019-09-20 04:50:16,405 [pool-419-thread-1] INFO  impl.RaftServerImpl (RaftServerImpl.java:<init>(93)) - b3ecc8dd-01a1-4f26-a416-3a35ccdca24e: new RaftServerImpl for group-4A652BDD10DF:[b3ecc8dd-01a1-4f26-a416-3a35ccdca24e:192.168.36.79:35445] with ContainerStateMachine:uninitialized
2019-09-20 04:50:16,406 [pool-419-thread-1] INFO  server.RaftServerConfigKeys (ConfUtils.java:logGet(43)) - raft.server.rpc.timeout.min = 5s (custom)
2019-09-20 04:50:16,406 [pool-419-thread-1] INFO  server.RaftServerConfigKeys (ConfUtils.java:logGet(43)) - raft.server.rpc.timeout.max = 5200ms (custom)
2019-09-20 04:50:16,406 [pool-419-thread-1] INFO  server.RaftServerConfigKeys (ConfUtils.java:logGet(43)) - raft.server.rpcslowness.timeout = 120s (custom)
2019-09-20 04:50:16,406 [pool-419-thread-1] INFO  server.RaftServerConfigKeys (ConfUtils.java:logGet(43)) - raft.server.sleep.deviation.threshold = 300 (default)
2019-09-20 04:50:16,406 [pool-419-thread-1] INFO  server.RaftServerConfigKeys (ConfUtils.java:logGet(43)) - raft.server.log.appender.install.snapshot.enabled = false (custom)
2019-09-20 04:50:16,406 [pool-419-thread-1] INFO  impl.RaftServerImpl (ServerState.java:<init>(105)) - b3ecc8dd-01a1-4f26-a416-3a35ccdca24e:group-4A652BDD10DF ConfigurationManager, init=-1: [b3ecc8dd-01a1-4f26-a416-3a35ccdca24e:192.168.36.79:35445], old=null, confs=<EMPTY_MAP>
2019-09-20 04:50:16,406 [pool-419-thread-1] INFO  server.RaftServerConfigKeys (ConfUtils.java:logGet(43)) - raft.server.storage.dir = [/workdir/hadoop-ozone/integration-test/target/test-dir/MiniOzoneClusterImpl-5481c8ea-466e-4137-a567-737be5b6f247/datanode-1/data/ratis] (custom)
2019-09-20 04:50:16,406 [pool-419-thread-1] INFO  storage.RaftStorageDirectory (RaftStorageDirectory.java:analyzeStorage(246)) - The storage directory /workdir/hadoop-ozone/integration-test/target/test-dir/MiniOzoneClusterImpl-5481c8ea-466e-4137-a567-737be5b6f247/datanode-1/data/ratis/f7077873-baad-4faf-b6e7-4a652bdd10df does not exist. Creating ...
2019-09-20 04:50:16,429 [pool-419-thread-1] INFO  storage.RaftStorageDirectory (RaftStorageDirectory.java:tryLock(328)) - Lock on /workdir/hadoop-ozone/integration-test/target/test-dir/MiniOzoneClusterImpl-5481c8ea-466e-4137-a567-737be5b6f247/datanode-1/data/ratis/f7077873-baad-4faf-b6e7-4a652bdd10df/in_use.lock acquired by nodename 9457@pr-hdds-1569-s8kj2-2266485376
2019-09-20 04:50:16,446 [pool-419-thread-1] INFO  storage.RaftStorage (RaftStorage.java:format(72)) - Storage directory /workdir/hadoop-ozone/integration-test/target/test-dir/MiniOzoneClusterImpl-5481c8ea-466e-4137-a567-737be5b6f247/datanode-1/data/ratis/f7077873-baad-4faf-b6e7-4a652bdd10df has been successfully formatted.
2019-09-20 04:50:16,446 [pool-419-thread-1] INFO  ratis.ContainerStateMachine (ContainerStateMachine.java:loadSnapshot(226)) - group-4A652BDD10DF: The snapshot info is null. Setting the last applied indexto:(t:0, i:~)
2019-09-20 04:50:16,446 [pool-419-thread-1] INFO  server.RaftServerConfigKeys (ConfUtils.java:logGet(43)) - raft.server.leader.election.timeout = 120s (custom)
2019-09-20 04:50:16,446 [pool-419-thread-1] INFO  server.RaftServerConfigKeys (ConfUtils.java:logGet(43)) - raft.server.log.use.memory = false (default)
2019-09-20 04:50:16,447 [pool-419-thread-1] INFO  server.RaftServerConfigKeys (ConfUtils.java:logGet(43)) - raft.server.log.purge.gap = 1000000 (custom)
2019-09-20 04:50:16,447 [pool-419-thread-1] INFO  server.RaftServerConfigKeys (ConfUtils.java:logGet(43)) - raft.server.log.appender.buffer.byte-limit = 33554432 (custom)
2019-09-20 04:50:16,447 [pool-419-thread-1] INFO  server.RaftServerConfigKeys (ConfUtils.java:logGet(43)) - raft.server.log.segment.size.max = 1048576 (custom)
2019-09-20 04:50:16,447 [pool-419-thread-1] INFO  server.RaftServerConfigKeys (ConfUtils.java:logGet(43)) - raft.server.log.segment.cache.num.max = 2 (custom)
2019-09-20 04:50:16,447 [pool-419-thread-1] INFO  segmented.SegmentedRaftLogWorker (SegmentedRaftLogWorker.java:<init>(172)) - new b3ecc8dd-01a1-4f26-a416-3a35ccdca24e-SegmentedRaftLogWorker:Storage Directory /workdir/hadoop-ozone/integration-test/target/test-dir/MiniOzoneClusterImpl-5481c8ea-466e-4137-a567-737be5b6f247/datanode-1/data/ratis/f7077873-baad-4faf-b6e7-4a652bdd10df for RaftStorage:Storage Directory /workdir/hadoop-ozone/integration-test/target/test-dir/MiniOzoneClusterImpl-5481c8ea-466e-4137-a567-737be5b6f247/datanode-1/data/ratis/f7077873-baad-4faf-b6e7-4a652bdd10df
2019-09-20 04:50:16,447 [pool-419-thread-1] INFO  server.RaftServerConfigKeys (ConfUtils.java:logGet(43)) - raft.server.log.queue.byte-limit = 2147483647 (custom)
2019-09-20 04:50:16,447 [pool-419-thread-1] INFO  server.RaftServerConfigKeys (ConfUtils.java:logGet(43)) - raft.server.log.queue.element-limit = 1024 (custom)
2019-09-20 04:50:16,447 [pool-419-thread-1] INFO  server.RaftServerConfigKeys (ConfUtils.java:logGet(43)) - raft.server.log.segment.size.max = 1048576 (custom)
2019-09-20 04:50:16,447 [pool-419-thread-1] INFO  server.RaftServerConfigKeys (ConfUtils.java:logGet(43)) - raft.server.log.preallocated.size = 16384 (custom)
2019-09-20 04:50:16,447 [pool-419-thread-1] INFO  server.RaftServerConfigKeys (ConfUtils.java:logGet(43)) - raft.server.log.write.buffer.size = 33554432 (custom)
2019-09-20 04:50:16,447 [pool-419-thread-1] INFO  server.RaftServerConfigKeys (ConfUtils.java:logGet(43)) - raft.server.log.force.sync.num = 128 (default)
2019-09-20 04:50:16,448 [pool-419-thread-1] INFO  server.RaftServerConfigKeys (ConfUtils.java:logGet(43)) - raft.server.log.statemachine.data.sync = true (default)
2019-09-20 04:50:16,448 [pool-419-thread-1] INFO  server.RaftServerConfigKeys (ConfUtils.java:logGet(43)) - raft.server.log.statemachine.data.sync.timeout = 10s (default)
2019-09-20 04:50:16,448 [pool-419-thread-1] INFO  server.RaftServerConfigKeys (ConfUtils.java:logGet(43)) - raft.server.log.statemachine.data.sync.timeout.retry = -1 (default)
2019-09-20 04:50:16,448 [pool-419-thread-1] INFO  server.RaftServerConfigKeys (ConfUtils.java:logGet(43)) - raft.server.log.statemachine.data.caching.enabled = true (custom)
2019-09-20 04:50:16,448 [pool-419-thread-1] INFO  segmented.SegmentedRaftLogWorker (SegmentedRaftLogWorker.java:lambda$new$0(132)) - b3ecc8dd-01a1-4f26-a416-3a35ccdca24e-SegmentedRaftLogWorker:Storage Directory /workdir/hadoop-ozone/integration-test/target/test-dir/MiniOzoneClusterImpl-5481c8ea-466e-4137-a567-737be5b6f247/datanode-1/data/ratis/f7077873-baad-4faf-b6e7-4a652bdd10df: flushIndex: setUnconditionally 0 -> -1
2019-09-20 04:50:16,448 [pool-419-thread-1] INFO  server.RaftServerConfigKeys (ConfUtils.java:logGet(43)) - raft.server.snapshot.auto.trigger.enabled = true (custom)
2019-09-20 04:50:16,448 [pool-419-thread-1] INFO  server.RaftServerConfigKeys (ConfUtils.java:logGet(43)) - raft.server.snapshot.auto.trigger.threshold = 10000 (custom)
2019-09-20 04:50:16,449 [pool-419-thread-1] INFO  server.RaftServerConfigKeys (ConfUtils.java:logGet(43)) - raft.server.retrycache.expirytime = 600000ms (custom)
2019-09-20 04:50:16,449 [pool-419-thread-1] INFO  impl.RaftServerImpl (RaftServerImpl.java:start(180)) - b3ecc8dd-01a1-4f26-a416-3a35ccdca24e: start group-4A652BDD10DF
2019-09-20 04:50:16,449 [pool-419-thread-1] INFO  impl.RaftServerImpl (RaftServerImpl.java:setRole(171)) - b3ecc8dd-01a1-4f26-a416-3a35ccdca24e:group-4A652BDD10DF changes role from null to FOLLOWER at term 0 for startAsFollower
2019-09-20 04:50:16,449 [pool-419-thread-1] INFO  impl.RoleInfo (RoleInfo.java:updateAndGet(143)) - b3ecc8dd-01a1-4f26-a416-3a35ccdca24e: start FollowerState
2019-09-20 04:50:16,449 [pool-419-thread-1] INFO  util.JmxRegister (JmxRegister.java:tryRegister(44)) - Successfully registered JMX Bean with object name Ratis:service=RaftServer,group=group-4A652BDD10DF,id=b3ecc8dd-01a1-4f26-a416-3a35ccdca24e
2019-09-20 04:50:16,451 [RatisPipelineUtilsThread] INFO  pipeline.PipelineStateManager (PipelineStateManager.java:addPipeline(56)) - Created pipeline Pipeline[ Id: f7077873-baad-4faf-b6e7-4a652bdd10df, Nodes: b3ecc8dd-01a1-4f26-a416-3a35ccdca24e{ip: 192.168.36.79, host: pr-hdds-1569-s8kj2-2266485376, networkLocation: /default-rack, certSerialId: null}, Type:RATIS, Factor:ONE, State:OPEN]
2019-09-20 04:50:16,451 [RatisPipelineUtilsThread] INFO  pipeline.PipelinePlacementPolicy (PipelinePlacementPolicy.java:meetCriteria(91)) - Pipeline Placement: Doesn't meet the criteria to be viable node： c9a37c78-8605-4a88-9b79-5cbe235210f1 Heaviness: 6 limit: 5
2019-09-20 04:50:16,455 [grpc-default-executor-1] INFO  impl.RaftServerProxy (RaftServerProxy.java:addNew(89)) - b3ecc8dd-01a1-4f26-a416-3a35ccdca24e: addNew group-094C28AC8B0D:[b3ecc8dd-01a1-4f26-a416-3a35ccdca24e:192.168.36.79:35445] returns group-094C28AC8B0D:java.util.concurrent.CompletableFuture@130ca5dd[Not completed]
2019-09-20 04:50:16,456 [pool-419-thread-1] INFO  impl.RaftServerImpl (RaftServerImpl.java:<init>(93)) - b3ecc8dd-01a1-4f26-a416-3a35ccdca24e: new RaftServerImpl for group-094C28AC8B0D:[b3ecc8dd-01a1-4f26-a416-3a35ccdca24e:192.168.36.79:35445] with ContainerStateMachine:uninitialized
2019-09-20 04:50:16,456 [pool-419-thread-1] INFO  server.RaftServerConfigKeys (ConfUtils.java:logGet(43)) - raft.server.rpc.timeout.min = 5s (custom)
2019-09-20 04:50:16,456 [pool-419-thread-1] INFO  server.RaftServerConfigKeys (ConfUtils.java:logGet(43)) - raft.server.rpc.timeout.max = 5200ms (custom)
2019-09-20 04:50:16,456 [pool-419-thread-1] INFO  server.RaftServerConfigKeys (ConfUtils.java:logGet(43)) - raft.server.rpcslowness.timeout = 120s (custom)
2019-09-20 04:50:16,456 [pool-419-thread-1] INFO  server.RaftServerConfigKeys (ConfUtils.java:logGet(43)) - raft.server.sleep.deviation.threshold = 300 (default)
2019-09-20 04:50:16,456 [pool-419-thread-1] INFO  server.RaftServerConfigKeys (ConfUtils.java:logGet(43)) - raft.server.log.appender.install.snapshot.enabled = false (custom)
2019-09-20 04:50:16,456 [pool-419-thread-1] INFO  impl.RaftServerImpl (ServerState.java:<init>(105)) - b3ecc8dd-01a1-4f26-a416-3a35ccdca24e:group-094C28AC8B0D ConfigurationManager, init=-1: [b3ecc8dd-01a1-4f26-a416-3a35ccdca24e:192.168.36.79:35445], old=null, confs=<EMPTY_MAP>
2019-09-20 04:50:16,456 [pool-419-thread-1] INFO  server.RaftServerConfigKeys (ConfUtils.java:logGet(43)) - raft.server.storage.dir = [/workdir/hadoop-ozone/integration-test/target/test-dir/MiniOzoneClusterImpl-5481c8ea-466e-4137-a567-737be5b6f247/datanode-1/data/ratis] (custom)
2019-09-20 04:50:16,456 [pool-419-thread-1] INFO  storage.RaftStorageDirectory (RaftStorageDirectory.java:analyzeStorage(246)) - The storage directory /workdir/hadoop-ozone/integration-test/target/test-dir/MiniOzoneClusterImpl-5481c8ea-466e-4137-a567-737be5b6f247/datanode-1/data/ratis/537525d2-3539-4326-8784-094c28ac8b0d does not exist. Creating ...
2019-09-20 04:50:16,474 [pool-419-thread-1] INFO  storage.RaftStorageDirectory (RaftStorageDirectory.java:tryLock(328)) - Lock on /workdir/hadoop-ozone/integration-test/target/test-dir/MiniOzoneClusterImpl-5481c8ea-466e-4137-a567-737be5b6f247/datanode-1/data/ratis/537525d2-3539-4326-8784-094c28ac8b0d/in_use.lock acquired by nodename 9457@pr-hdds-1569-s8kj2-2266485376
2019-09-20 04:50:16,491 [pool-419-thread-1] INFO  storage.RaftStorage (RaftStorage.java:format(72)) - Storage directory /workdir/hadoop-ozone/integration-test/target/test-dir/MiniOzoneClusterImpl-5481c8ea-466e-4137-a567-737be5b6f247/datanode-1/data/ratis/537525d2-3539-4326-8784-094c28ac8b0d has been successfully formatted.
2019-09-20 04:50:16,492 [pool-419-thread-1] INFO  ratis.ContainerStateMachine (ContainerStateMachine.java:loadSnapshot(226)) - group-094C28AC8B0D: The snapshot info is null. Setting the last applied indexto:(t:0, i:~)
2019-09-20 04:50:16,492 [pool-419-thread-1] INFO  server.RaftServerConfigKeys (ConfUtils.java:logGet(43)) - raft.server.leader.election.timeout = 120s (custom)
2019-09-20 04:50:16,492 [pool-419-thread-1] INFO  server.RaftServerConfigKeys (ConfUtils.java:logGet(43)) - raft.server.log.use.memory = false (default)
2019-09-20 04:50:16,492 [pool-419-thread-1] INFO  server.RaftServerConfigKeys (ConfUtils.java:logGet(43)) - raft.server.log.purge.gap = 1000000 (custom)
2019-09-20 04:50:16,492 [pool-419-thread-1] INFO  server.RaftServerConfigKeys (ConfUtils.java:logGet(43)) - raft.server.log.appender.buffer.byte-limit = 33554432 (custom)
2019-09-20 04:50:16,492 [pool-419-thread-1] INFO  server.RaftServerConfigKeys (ConfUtils.java:logGet(43)) - raft.server.log.segment.size.max = 1048576 (custom)
2019-09-20 04:50:16,492 [pool-419-thread-1] INFO  server.RaftServerConfigKeys (ConfUtils.java:logGet(43)) - raft.server.log.segment.cache.num.max = 2 (custom)
2019-09-20 04:50:16,493 [pool-419-thread-1] INFO  segmented.SegmentedRaftLogWorker (SegmentedRaftLogWorker.java:<init>(172)) - new b3ecc8dd-01a1-4f26-a416-3a35ccdca24e-SegmentedRaftLogWorker:Storage Directory /workdir/hadoop-ozone/integration-test/target/test-dir/MiniOzoneClusterImpl-5481c8ea-466e-4137-a567-737be5b6f247/datanode-1/data/ratis/537525d2-3539-4326-8784-094c28ac8b0d for RaftStorage:Storage Directory /workdir/hadoop-ozone/integration-test/target/test-dir/MiniOzoneClusterImpl-5481c8ea-466e-4137-a567-737be5b6f247/datanode-1/data/ratis/537525d2-3539-4326-8784-094c28ac8b0d
2019-09-20 04:50:16,493 [pool-419-thread-1] INFO  server.RaftServerConfigKeys (ConfUtils.java:logGet(43)) - raft.server.log.queue.byte-limit = 2147483647 (custom)
2019-09-20 04:50:16,493 [pool-419-thread-1] INFO  server.RaftServerConfigKeys (ConfUtils.java:logGet(43)) - raft.server.log.queue.element-limit = 1024 (custom)
2019-09-20 04:50:16,493 [pool-419-thread-1] INFO  server.RaftServerConfigKeys (ConfUtils.java:logGet(43)) - raft.server.log.segment.size.max = 1048576 (custom)
2019-09-20 04:50:16,493 [pool-419-thread-1] INFO  server.RaftServerConfigKeys (ConfUtils.java:logGet(43)) - raft.server.log.preallocated.size = 16384 (custom)
2019-09-20 04:50:16,493 [pool-419-thread-1] INFO  server.RaftServerConfigKeys (ConfUtils.java:logGet(43)) - raft.server.log.write.buffer.size = 33554432 (custom)
2019-09-20 04:50:16,493 [pool-419-thread-1] INFO  server.RaftServerConfigKeys (ConfUtils.java:logGet(43)) - raft.server.log.force.sync.num = 128 (default)
2019-09-20 04:50:16,493 [pool-419-thread-1] INFO  server.RaftServerConfigKeys (ConfUtils.java:logGet(43)) - raft.server.log.statemachine.data.sync = true (default)
2019-09-20 04:50:16,494 [pool-419-thread-1] INFO  server.RaftServerConfigKeys (ConfUtils.java:logGet(43)) - raft.server.log.statemachine.data.sync.timeout = 10s (default)
2019-09-20 04:50:16,494 [pool-419-thread-1] INFO  server.RaftServerConfigKeys (ConfUtils.java:logGet(43)) - raft.server.log.statemachine.data.sync.timeout.retry = -1 (default)
2019-09-20 04:50:16,494 [pool-419-thread-1] INFO  server.RaftServerConfigKeys (ConfUtils.java:logGet(43)) - raft.server.log.statemachine.data.caching.enabled = true (custom)
2019-09-20 04:50:16,494 [pool-419-thread-1] INFO  segmented.SegmentedRaftLogWorker (SegmentedRaftLogWorker.java:lambda$new$0(132)) - b3ecc8dd-01a1-4f26-a416-3a35ccdca24e-SegmentedRaftLogWorker:Storage Directory /workdir/hadoop-ozone/integration-test/target/test-dir/MiniOzoneClusterImpl-5481c8ea-466e-4137-a567-737be5b6f247/datanode-1/data/ratis/537525d2-3539-4326-8784-094c28ac8b0d: flushIndex: setUnconditionally 0 -> -1
2019-09-20 04:50:16,494 [pool-419-thread-1] INFO  server.RaftServerConfigKeys (ConfUtils.java:logGet(43)) - raft.server.snapshot.auto.trigger.enabled = true (custom)
2019-09-20 04:50:16,495 [pool-419-thread-1] INFO  server.RaftServerConfigKeys (ConfUtils.java:logGet(43)) - raft.server.snapshot.auto.trigger.threshold = 10000 (custom)
2019-09-20 04:50:16,495 [pool-419-thread-1] INFO  server.RaftServerConfigKeys (ConfUtils.java:logGet(43)) - raft.server.retrycache.expirytime = 600000ms (custom)
2019-09-20 04:50:16,495 [pool-419-thread-1] INFO  impl.RaftServerImpl (RaftServerImpl.java:start(180)) - b3ecc8dd-01a1-4f26-a416-3a35ccdca24e: start group-094C28AC8B0D
2019-09-20 04:50:16,495 [pool-419-thread-1] INFO  impl.RaftServerImpl (RaftServerImpl.java:setRole(171)) - b3ecc8dd-01a1-4f26-a416-3a35ccdca24e:group-094C28AC8B0D changes role from null to FOLLOWER at term 0 for startAsFollower
2019-09-20 04:50:16,495 [pool-419-thread-1] INFO  impl.RoleInfo (RoleInfo.java:updateAndGet(143)) - b3ecc8dd-01a1-4f26-a416-3a35ccdca24e: start FollowerState
2019-09-20 04:50:16,495 [pool-419-thread-1] INFO  util.JmxRegister (JmxRegister.java:tryRegister(44)) - Successfully registered JMX Bean with object name Ratis:service=RaftServer,group=group-094C28AC8B0D,id=b3ecc8dd-01a1-4f26-a416-3a35ccdca24e
2019-09-20 04:50:16,497 [RatisPipelineUtilsThread] INFO  pipeline.PipelineStateManager (PipelineStateManager.java:addPipeline(56)) - Created pipeline Pipeline[ Id: 537525d2-3539-4326-8784-094c28ac8b0d, Nodes: b3ecc8dd-01a1-4f26-a416-3a35ccdca24e{ip: 192.168.36.79, host: pr-hdds-1569-s8kj2-2266485376, networkLocation: /default-rack, certSerialId: null}, Type:RATIS, Factor:ONE, State:OPEN]
2019-09-20 04:50:16,498 [RatisPipelineUtilsThread] INFO  pipeline.PipelinePlacementPolicy (PipelinePlacementPolicy.java:meetCriteria(91)) - Pipeline Placement: Doesn't meet the criteria to be viable node： c9a37c78-8605-4a88-9b79-5cbe235210f1 Heaviness: 6 limit: 5
2019-09-20 04:50:16,501 [grpc-default-executor-1] INFO  impl.RaftServerProxy (RaftServerProxy.java:addNew(89)) - b3ecc8dd-01a1-4f26-a416-3a35ccdca24e: addNew group-6D058575B1AB:[b3ecc8dd-01a1-4f26-a416-3a35ccdca24e:192.168.36.79:35445] returns group-6D058575B1AB:java.util.concurrent.CompletableFuture@242901c0[Not completed]
2019-09-20 04:50:16,502 [pool-419-thread-1] INFO  impl.RaftServerImpl (RaftServerImpl.java:<init>(93)) - b3ecc8dd-01a1-4f26-a416-3a35ccdca24e: new RaftServerImpl for group-6D058575B1AB:[b3ecc8dd-01a1-4f26-a416-3a35ccdca24e:192.168.36.79:35445] with ContainerStateMachine:uninitialized
2019-09-20 04:50:16,502 [pool-419-thread-1] INFO  server.RaftServerConfigKeys (ConfUtils.java:logGet(43)) - raft.server.rpc.timeout.min = 5s (custom)
2019-09-20 04:50:16,502 [pool-419-thread-1] INFO  server.RaftServerConfigKeys (ConfUtils.java:logGet(43)) - raft.server.rpc.timeout.max = 5200ms (custom)
2019-09-20 04:50:16,502 [pool-419-thread-1] INFO  server.RaftServerConfigKeys (ConfUtils.java:logGet(43)) - raft.server.rpcslowness.timeout = 120s (custom)
2019-09-20 04:50:16,502 [pool-419-thread-1] INFO  server.RaftServerConfigKeys (ConfUtils.java:logGet(43)) - raft.server.sleep.deviation.threshold = 300 (default)
2019-09-20 04:50:16,503 [pool-419-thread-1] INFO  server.RaftServerConfigKeys (ConfUtils.java:logGet(43)) - raft.server.log.appender.install.snapshot.enabled = false (custom)
2019-09-20 04:50:16,503 [pool-419-thread-1] INFO  impl.RaftServerImpl (ServerState.java:<init>(105)) - b3ecc8dd-01a1-4f26-a416-3a35ccdca24e:group-6D058575B1AB ConfigurationManager, init=-1: [b3ecc8dd-01a1-4f26-a416-3a35ccdca24e:192.168.36.79:35445], old=null, confs=<EMPTY_MAP>
2019-09-20 04:50:16,503 [pool-419-thread-1] INFO  server.RaftServerConfigKeys (ConfUtils.java:logGet(43)) - raft.server.storage.dir = [/workdir/hadoop-ozone/integration-test/target/test-dir/MiniOzoneClusterImpl-5481c8ea-466e-4137-a567-737be5b6f247/datanode-1/data/ratis] (custom)
2019-09-20 04:50:16,503 [pool-419-thread-1] INFO  storage.RaftStorageDirectory (RaftStorageDirectory.java:analyzeStorage(246)) - The storage directory /workdir/hadoop-ozone/integration-test/target/test-dir/MiniOzoneClusterImpl-5481c8ea-466e-4137-a567-737be5b6f247/datanode-1/data/ratis/4ee9f6b9-f511-4831-8a47-6d058575b1ab does not exist. Creating ...
2019-09-20 04:50:16,522 [pool-419-thread-1] INFO  storage.RaftStorageDirectory (RaftStorageDirectory.java:tryLock(328)) - Lock on /workdir/hadoop-ozone/integration-test/target/test-dir/MiniOzoneClusterImpl-5481c8ea-466e-4137-a567-737be5b6f247/datanode-1/data/ratis/4ee9f6b9-f511-4831-8a47-6d058575b1ab/in_use.lock acquired by nodename 9457@pr-hdds-1569-s8kj2-2266485376
2019-09-20 04:50:16,550 [pool-419-thread-1] INFO  storage.RaftStorage (RaftStorage.java:format(72)) - Storage directory /workdir/hadoop-ozone/integration-test/target/test-dir/MiniOzoneClusterImpl-5481c8ea-466e-4137-a567-737be5b6f247/datanode-1/data/ratis/4ee9f6b9-f511-4831-8a47-6d058575b1ab has been successfully formatted.
2019-09-20 04:50:16,551 [pool-419-thread-1] INFO  ratis.ContainerStateMachine (ContainerStateMachine.java:loadSnapshot(226)) - group-6D058575B1AB: The snapshot info is null. Setting the last applied indexto:(t:0, i:~)
2019-09-20 04:50:16,551 [pool-419-thread-1] INFO  server.RaftServerConfigKeys (ConfUtils.java:logGet(43)) - raft.server.leader.election.timeout = 120s (custom)
2019-09-20 04:50:16,551 [pool-419-thread-1] INFO  server.RaftServerConfigKeys (ConfUtils.java:logGet(43)) - raft.server.log.use.memory = false (default)
2019-09-20 04:50:16,551 [pool-419-thread-1] INFO  server.RaftServerConfigKeys (ConfUtils.java:logGet(43)) - raft.server.log.purge.gap = 1000000 (custom)
2019-09-20 04:50:16,551 [pool-419-thread-1] INFO  server.RaftServerConfigKeys (ConfUtils.java:logGet(43)) - raft.server.log.appender.buffer.byte-limit = 33554432 (custom)
2019-09-20 04:50:16,551 [pool-419-thread-1] INFO  server.RaftServerConfigKeys (ConfUtils.java:logGet(43)) - raft.server.log.segment.size.max = 1048576 (custom)
2019-09-20 04:50:16,552 [pool-419-thread-1] INFO  server.RaftServerConfigKeys (ConfUtils.java:logGet(43)) - raft.server.log.segment.cache.num.max = 2 (custom)
2019-09-20 04:50:16,552 [pool-419-thread-1] INFO  segmented.SegmentedRaftLogWorker (SegmentedRaftLogWorker.java:<init>(172)) - new b3ecc8dd-01a1-4f26-a416-3a35ccdca24e-SegmentedRaftLogWorker:Storage Directory /workdir/hadoop-ozone/integration-test/target/test-dir/MiniOzoneClusterImpl-5481c8ea-466e-4137-a567-737be5b6f247/datanode-1/data/ratis/4ee9f6b9-f511-4831-8a47-6d058575b1ab for RaftStorage:Storage Directory /workdir/hadoop-ozone/integration-test/target/test-dir/MiniOzoneClusterImpl-5481c8ea-466e-4137-a567-737be5b6f247/datanode-1/data/ratis/4ee9f6b9-f511-4831-8a47-6d058575b1ab
2019-09-20 04:50:16,552 [pool-419-thread-1] INFO  server.RaftServerConfigKeys (ConfUtils.java:logGet(43)) - raft.server.log.queue.byte-limit = 2147483647 (custom)
2019-09-20 04:50:16,552 [pool-419-thread-1] INFO  server.RaftServerConfigKeys (ConfUtils.java:logGet(43)) - raft.server.log.queue.element-limit = 1024 (custom)
2019-09-20 04:50:16,552 [pool-419-thread-1] INFO  server.RaftServerConfigKeys (ConfUtils.java:logGet(43)) - raft.server.log.segment.size.max = 1048576 (custom)
2019-09-20 04:50:16,552 [pool-419-thread-1] INFO  server.RaftServerConfigKeys (ConfUtils.java:logGet(43)) - raft.server.log.preallocated.size = 16384 (custom)
2019-09-20 04:50:16,552 [pool-419-thread-1] INFO  server.RaftServerConfigKeys (ConfUtils.java:logGet(43)) - raft.server.log.write.buffer.size = 33554432 (custom)
2019-09-20 04:50:16,553 [pool-419-thread-1] INFO  server.RaftServerConfigKeys (ConfUtils.java:logGet(43)) - raft.server.log.force.sync.num = 128 (default)
2019-09-20 04:50:16,553 [pool-419-thread-1] INFO  server.RaftServerConfigKeys (ConfUtils.java:logGet(43)) - raft.server.log.statemachine.data.sync = true (default)
2019-09-20 04:50:16,553 [pool-419-thread-1] INFO  server.RaftServerConfigKeys (ConfUtils.java:logGet(43)) - raft.server.log.statemachine.data.sync.timeout = 10s (default)
2019-09-20 04:50:16,553 [pool-419-thread-1] INFO  server.RaftServerConfigKeys (ConfUtils.java:logGet(43)) - raft.server.log.statemachine.data.sync.timeout.retry = -1 (default)
2019-09-20 04:50:16,553 [pool-419-thread-1] INFO  server.RaftServerConfigKeys (ConfUtils.java:logGet(43)) - raft.server.log.statemachine.data.caching.enabled = true (custom)
2019-09-20 04:50:16,553 [pool-419-thread-1] INFO  segmented.SegmentedRaftLogWorker (SegmentedRaftLogWorker.java:lambda$new$0(132)) - b3ecc8dd-01a1-4f26-a416-3a35ccdca24e-SegmentedRaftLogWorker:Storage Directory /workdir/hadoop-ozone/integration-test/target/test-dir/MiniOzoneClusterImpl-5481c8ea-466e-4137-a567-737be5b6f247/datanode-1/data/ratis/4ee9f6b9-f511-4831-8a47-6d058575b1ab: flushIndex: setUnconditionally 0 -> -1
2019-09-20 04:50:16,554 [pool-419-thread-1] INFO  server.RaftServerConfigKeys (ConfUtils.java:logGet(43)) - raft.server.snapshot.auto.trigger.enabled = true (custom)
2019-09-20 04:50:16,554 [pool-419-thread-1] INFO  server.RaftServerConfigKeys (ConfUtils.java:logGet(43)) - raft.server.snapshot.auto.trigger.threshold = 10000 (custom)
2019-09-20 04:50:16,554 [pool-419-thread-1] INFO  server.RaftServerConfigKeys (ConfUtils.java:logGet(43)) - raft.server.retrycache.expirytime = 600000ms (custom)
2019-09-20 04:50:16,554 [pool-419-thread-1] INFO  impl.RaftServerImpl (RaftServerImpl.java:start(180)) - b3ecc8dd-01a1-4f26-a416-3a35ccdca24e: start group-6D058575B1AB
2019-09-20 04:50:16,554 [pool-419-thread-1] INFO  impl.RaftServerImpl (RaftServerImpl.java:setRole(171)) - b3ecc8dd-01a1-4f26-a416-3a35ccdca24e:group-6D058575B1AB changes role from null to FOLLOWER at term 0 for startAsFollower
2019-09-20 04:50:16,554 [pool-419-thread-1] INFO  impl.RoleInfo (RoleInfo.java:updateAndGet(143)) - b3ecc8dd-01a1-4f26-a416-3a35ccdca24e: start FollowerState
2019-09-20 04:50:16,555 [pool-419-thread-1] INFO  util.JmxRegister (JmxRegister.java:tryRegister(44)) - Successfully registered JMX Bean with object name Ratis:service=RaftServer,group=group-6D058575B1AB,id=b3ecc8dd-01a1-4f26-a416-3a35ccdca24e
2019-09-20 04:50:16,557 [RatisPipelineUtilsThread] INFO  pipeline.PipelineStateManager (PipelineStateManager.java:addPipeline(56)) - Created pipeline Pipeline[ Id: 4ee9f6b9-f511-4831-8a47-6d058575b1ab, Nodes: b3ecc8dd-01a1-4f26-a416-3a35ccdca24e{ip: 192.168.36.79, host: pr-hdds-1569-s8kj2-2266485376, networkLocation: /default-rack, certSerialId: null}, Type:RATIS, Factor:ONE, State:OPEN]
2019-09-20 04:50:16,557 [RatisPipelineUtilsThread] INFO  pipeline.PipelinePlacementPolicy (PipelinePlacementPolicy.java:meetCriteria(91)) - Pipeline Placement: Doesn't meet the criteria to be viable node： c9a37c78-8605-4a88-9b79-5cbe235210f1 Heaviness: 6 limit: 5
2019-09-20 04:50:16,557 [RatisPipelineUtilsThread] INFO  pipeline.PipelinePlacementPolicy (PipelinePlacementPolicy.java:meetCriteria(91)) - Pipeline Placement: Doesn't meet the criteria to be viable node： b3ecc8dd-01a1-4f26-a416-3a35ccdca24e Heaviness: 6 limit: 5
2019-09-20 04:50:16,557 [RatisPipelineUtilsThread] ERROR pipeline.PipelinePlacementPolicy (PipelinePlacementPolicy.java:filterViableNodes(148)) - Unable to find enough nodes that meet the criteria that cannot engage in more than 5 pipelines. Nodes required: 1 Found: 0, healthy nodes count inNodeManager: 2.
2019-09-20 04:50:16,558 [RatisPipelineUtilsThread] ERROR pipeline.SCMPipelineManager (SCMPipelineManager.java:createPipeline(161)) - Pipeline creation failed due to exception: Unable to find enough nodes that meet the criteria that cannot engage in more than 5 pipelines. Nodes required: 1 Found: 0, healthy nodes count inNodeManager: 2.
2019-09-20 04:50:16,558 [RatisPipelineUtilsThread] ERROR pipeline.PipelinePlacementPolicy (PipelinePlacementPolicy.java:filterViableNodes(131)) - Not enough healthy nodes to allocate pipeline. 3  datanodes required. Found 2
2019-09-20 04:50:16,558 [RatisPipelineUtilsThread] ERROR pipeline.SCMPipelineManager (SCMPipelineManager.java:createPipeline(161)) - Pipeline creation failed due to exception: Not enough healthy nodes to allocate pipeline. 3  datanodes required. Found 2
2019-09-20 04:50:16,686 [IPC Server handler 1 on 38264] INFO  net.NetworkTopology (NetworkTopologyImpl.java:add(110)) - Added a new node: /default-rack/376583b5-abad-4180-897e-71183665062e
2019-09-20 04:50:16,686 [RatisPipelineUtilsThread] INFO  pipeline.PipelinePlacementPolicy (PipelinePlacementPolicy.java:meetCriteria(91)) - Pipeline Placement: Doesn't meet the criteria to be viable node： c9a37c78-8605-4a88-9b79-5cbe235210f1 Heaviness: 6 limit: 5
2019-09-20 04:50:16,686 [RatisPipelineUtilsThread] INFO  pipeline.PipelinePlacementPolicy (PipelinePlacementPolicy.java:meetCriteria(91)) - Pipeline Placement: Doesn't meet the criteria to be viable node： b3ecc8dd-01a1-4f26-a416-3a35ccdca24e Heaviness: 6 limit: 5
2019-09-20 04:50:16,686 [IPC Server handler 1 on 38264] INFO  node.SCMNodeManager (SCMNodeManager.java:register(273)) - Registered Data node : 376583b5-abad-4180-897e-71183665062e{ip: 192.168.36.79, host: pr-hdds-1569-s8kj2-2266485376, networkLocation: /default-rack, certSerialId: null}
2019-09-20 04:50:16,687 | INFO  | SCMAudit | user=jenkins1000 | ip=192.168.36.79 | op=REGISTER {datanodeDetails=376583b5-abad-4180-897e-71183665062e{ip: 192.168.36.79, host: pr-hdds-1569-s8kj2-2266485376, networkLocation: /default-rack, certSerialId: null}} | ret=SUCCESS |  
2019-09-20 04:50:16,703 [grpc-default-executor-1] INFO  impl.RaftServerProxy (RaftServerProxy.java:addNew(89)) - 376583b5-abad-4180-897e-71183665062e: addNew group-AC9C1651D050:[376583b5-abad-4180-897e-71183665062e:192.168.36.79:39394] returns group-AC9C1651D050:java.util.concurrent.CompletableFuture@29ae6ca6[Not completed]
2019-09-20 04:50:16,705 [pool-430-thread-1] INFO  impl.RaftServerImpl (RaftServerImpl.java:<init>(93)) - 376583b5-abad-4180-897e-71183665062e: new RaftServerImpl for group-AC9C1651D050:[376583b5-abad-4180-897e-71183665062e:192.168.36.79:39394] with ContainerStateMachine:uninitialized
2019-09-20 04:50:16,705 [pool-430-thread-1] INFO  server.RaftServerConfigKeys (ConfUtils.java:logGet(43)) - raft.server.rpc.timeout.min = 5s (custom)
2019-09-20 04:50:16,705 [pool-430-thread-1] INFO  server.RaftServerConfigKeys (ConfUtils.java:logGet(43)) - raft.server.rpc.timeout.max = 5200ms (custom)
2019-09-20 04:50:16,705 [pool-430-thread-1] INFO  server.RaftServerConfigKeys (ConfUtils.java:logGet(43)) - raft.server.rpcslowness.timeout = 120s (custom)
2019-09-20 04:50:16,705 [pool-430-thread-1] INFO  server.RaftServerConfigKeys (ConfUtils.java:logGet(43)) - raft.server.sleep.deviation.threshold = 300 (default)
2019-09-20 04:50:16,706 [pool-430-thread-1] INFO  server.RaftServerConfigKeys (ConfUtils.java:logGet(43)) - raft.server.log.appender.install.snapshot.enabled = false (custom)
2019-09-20 04:50:16,706 [pool-430-thread-1] INFO  impl.RaftServerImpl (ServerState.java:<init>(105)) - 376583b5-abad-4180-897e-71183665062e:group-AC9C1651D050 ConfigurationManager, init=-1: [376583b5-abad-4180-897e-71183665062e:192.168.36.79:39394], old=null, confs=<EMPTY_MAP>
2019-09-20 04:50:16,706 [pool-430-thread-1] INFO  server.RaftServerConfigKeys (ConfUtils.java:logGet(43)) - raft.server.storage.dir = [/workdir/hadoop-ozone/integration-test/target/test-dir/MiniOzoneClusterImpl-5481c8ea-466e-4137-a567-737be5b6f247/datanode-2/data/ratis] (custom)
2019-09-20 04:50:16,706 [pool-430-thread-1] INFO  storage.RaftStorageDirectory (RaftStorageDirectory.java:analyzeStorage(246)) - The storage directory /workdir/hadoop-ozone/integration-test/target/test-dir/MiniOzoneClusterImpl-5481c8ea-466e-4137-a567-737be5b6f247/datanode-2/data/ratis/57661345-0a39-42ed-ba29-ac9c1651d050 does not exist. Creating ...
2019-09-20 04:50:16,727 [pool-430-thread-1] INFO  storage.RaftStorageDirectory (RaftStorageDirectory.java:tryLock(328)) - Lock on /workdir/hadoop-ozone/integration-test/target/test-dir/MiniOzoneClusterImpl-5481c8ea-466e-4137-a567-737be5b6f247/datanode-2/data/ratis/57661345-0a39-42ed-ba29-ac9c1651d050/in_use.lock acquired by nodename 9457@pr-hdds-1569-s8kj2-2266485376
2019-09-20 04:50:16,746 [pool-430-thread-1] INFO  storage.RaftStorage (RaftStorage.java:format(72)) - Storage directory /workdir/hadoop-ozone/integration-test/target/test-dir/MiniOzoneClusterImpl-5481c8ea-466e-4137-a567-737be5b6f247/datanode-2/data/ratis/57661345-0a39-42ed-ba29-ac9c1651d050 has been successfully formatted.
2019-09-20 04:50:16,747 [pool-430-thread-1] INFO  ratis.ContainerStateMachine (ContainerStateMachine.java:loadSnapshot(226)) - group-AC9C1651D050: The snapshot info is null. Setting the last applied indexto:(t:0, i:~)
2019-09-20 04:50:16,747 [pool-430-thread-1] INFO  server.RaftServerConfigKeys (ConfUtils.java:logGet(43)) - raft.server.leader.election.timeout = 120s (custom)
2019-09-20 04:50:16,747 [pool-430-thread-1] INFO  server.RaftServerConfigKeys (ConfUtils.java:logGet(43)) - raft.server.log.use.memory = false (default)
2019-09-20 04:50:16,747 [pool-430-thread-1] INFO  server.RaftServerConfigKeys (ConfUtils.java:logGet(43)) - raft.server.log.purge.gap = 1000000 (custom)
2019-09-20 04:50:16,747 [pool-430-thread-1] INFO  server.RaftServerConfigKeys (ConfUtils.java:logGet(43)) - raft.server.log.appender.buffer.byte-limit = 33554432 (custom)
2019-09-20 04:50:16,747 [pool-430-thread-1] INFO  server.RaftServerConfigKeys (ConfUtils.java:logGet(43)) - raft.server.log.segment.size.max = 1048576 (custom)
2019-09-20 04:50:16,748 [pool-430-thread-1] INFO  server.RaftServerConfigKeys (ConfUtils.java:logGet(43)) - raft.server.log.segment.cache.num.max = 2 (custom)
2019-09-20 04:50:16,748 [pool-430-thread-1] INFO  segmented.SegmentedRaftLogWorker (SegmentedRaftLogWorker.java:<init>(172)) - new 376583b5-abad-4180-897e-71183665062e-SegmentedRaftLogWorker:Storage Directory /workdir/hadoop-ozone/integration-test/target/test-dir/MiniOzoneClusterImpl-5481c8ea-466e-4137-a567-737be5b6f247/datanode-2/data/ratis/57661345-0a39-42ed-ba29-ac9c1651d050 for RaftStorage:Storage Directory /workdir/hadoop-ozone/integration-test/target/test-dir/MiniOzoneClusterImpl-5481c8ea-466e-4137-a567-737be5b6f247/datanode-2/data/ratis/57661345-0a39-42ed-ba29-ac9c1651d050
2019-09-20 04:50:16,748 [pool-430-thread-1] INFO  server.RaftServerConfigKeys (ConfUtils.java:logGet(43)) - raft.server.log.queue.byte-limit = 2147483647 (custom)
2019-09-20 04:50:16,748 [pool-430-thread-1] INFO  server.RaftServerConfigKeys (ConfUtils.java:logGet(43)) - raft.server.log.queue.element-limit = 1024 (custom)
2019-09-20 04:50:16,748 [pool-430-thread-1] INFO  server.RaftServerConfigKeys (ConfUtils.java:logGet(43)) - raft.server.log.segment.size.max = 1048576 (custom)
2019-09-20 04:50:16,748 [pool-430-thread-1] INFO  server.RaftServerConfigKeys (ConfUtils.java:logGet(43)) - raft.server.log.preallocated.size = 16384 (custom)
2019-09-20 04:50:16,749 [pool-430-thread-1] INFO  server.RaftServerConfigKeys (ConfUtils.java:logGet(43)) - raft.server.log.write.buffer.size = 33554432 (custom)
2019-09-20 04:50:16,749 [pool-430-thread-1] INFO  server.RaftServerConfigKeys (ConfUtils.java:logGet(43)) - raft.server.log.force.sync.num = 128 (default)
2019-09-20 04:50:16,749 [pool-430-thread-1] INFO  server.RaftServerConfigKeys (ConfUtils.java:logGet(43)) - raft.server.log.statemachine.data.sync = true (default)
2019-09-20 04:50:16,749 [pool-430-thread-1] INFO  server.RaftServerConfigKeys (ConfUtils.java:logGet(43)) - raft.server.log.statemachine.data.sync.timeout = 10s (default)
2019-09-20 04:50:16,749 [pool-430-thread-1] INFO  server.RaftServerConfigKeys (ConfUtils.java:logGet(43)) - raft.server.log.statemachine.data.sync.timeout.retry = -1 (default)
2019-09-20 04:50:16,749 [pool-430-thread-1] INFO  server.RaftServerConfigKeys (ConfUtils.java:logGet(43)) - raft.server.log.statemachine.data.caching.enabled = true (custom)
2019-09-20 04:50:16,750 [pool-430-thread-1] INFO  segmented.SegmentedRaftLogWorker (SegmentedRaftLogWorker.java:lambda$new$0(132)) - 376583b5-abad-4180-897e-71183665062e-SegmentedRaftLogWorker:Storage Directory /workdir/hadoop-ozone/integration-test/target/test-dir/MiniOzoneClusterImpl-5481c8ea-466e-4137-a567-737be5b6f247/datanode-2/data/ratis/57661345-0a39-42ed-ba29-ac9c1651d050: flushIndex: setUnconditionally 0 -> -1
2019-09-20 04:50:16,750 [pool-430-thread-1] INFO  server.RaftServerConfigKeys (ConfUtils.java:logGet(43)) - raft.server.snapshot.auto.trigger.enabled = true (custom)
2019-09-20 04:50:16,750 [pool-430-thread-1] INFO  server.RaftServerConfigKeys (ConfUtils.java:logGet(43)) - raft.server.snapshot.auto.trigger.threshold = 10000 (custom)
2019-09-20 04:50:16,750 [pool-430-thread-1] INFO  server.RaftServerConfigKeys (ConfUtils.java:logGet(43)) - raft.server.retrycache.expirytime = 600000ms (custom)
2019-09-20 04:50:16,751 [pool-430-thread-1] INFO  impl.RaftServerImpl (RaftServerImpl.java:start(180)) - 376583b5-abad-4180-897e-71183665062e: start group-AC9C1651D050
2019-09-20 04:50:16,751 [pool-430-thread-1] INFO  impl.RaftServerImpl (RaftServerImpl.java:setRole(171)) - 376583b5-abad-4180-897e-71183665062e:group-AC9C1651D050 changes role from null to FOLLOWER at term 0 for startAsFollower
2019-09-20 04:50:16,751 [pool-430-thread-1] INFO  impl.RoleInfo (RoleInfo.java:updateAndGet(143)) - 376583b5-abad-4180-897e-71183665062e: start FollowerState
2019-09-20 04:50:16,751 [pool-430-thread-1] INFO  util.JmxRegister (JmxRegister.java:tryRegister(44)) - Successfully registered JMX Bean with object name Ratis:service=RaftServer,group=group-AC9C1651D050,id=376583b5-abad-4180-897e-71183665062e
2019-09-20 04:50:16,761 [RatisPipelineUtilsThread] INFO  pipeline.PipelineStateManager (PipelineStateManager.java:addPipeline(56)) - Created pipeline Pipeline[ Id: 57661345-0a39-42ed-ba29-ac9c1651d050, Nodes: 376583b5-abad-4180-897e-71183665062e{ip: 192.168.36.79, host: pr-hdds-1569-s8kj2-2266485376, networkLocation: /default-rack, certSerialId: null}, Type:RATIS, Factor:ONE, State:OPEN]
2019-09-20 04:50:16,762 [RatisPipelineUtilsThread] INFO  pipeline.PipelinePlacementPolicy (PipelinePlacementPolicy.java:meetCriteria(91)) - Pipeline Placement: Doesn't meet the criteria to be viable node： c9a37c78-8605-4a88-9b79-5cbe235210f1 Heaviness: 6 limit: 5
2019-09-20 04:50:16,762 [RatisPipelineUtilsThread] INFO  pipeline.PipelinePlacementPolicy (PipelinePlacementPolicy.java:meetCriteria(91)) - Pipeline Placement: Doesn't meet the criteria to be viable node： b3ecc8dd-01a1-4f26-a416-3a35ccdca24e Heaviness: 6 limit: 5
2019-09-20 04:50:16,765 [grpc-default-executor-1] INFO  impl.RaftServerProxy (RaftServerProxy.java:addNew(89)) - 376583b5-abad-4180-897e-71183665062e: addNew group-B136D8A6E1E3:[376583b5-abad-4180-897e-71183665062e:192.168.36.79:39394] returns group-B136D8A6E1E3:java.util.concurrent.CompletableFuture@1003707d[Not completed]
2019-09-20 04:50:16,766 [pool-430-thread-1] INFO  impl.RaftServerImpl (RaftServerImpl.java:<init>(93)) - 376583b5-abad-4180-897e-71183665062e: new RaftServerImpl for group-B136D8A6E1E3:[376583b5-abad-4180-897e-71183665062e:192.168.36.79:39394] with ContainerStateMachine:uninitialized
2019-09-20 04:50:16,766 [pool-430-thread-1] INFO  server.RaftServerConfigKeys (ConfUtils.java:logGet(43)) - raft.server.rpc.timeout.min = 5s (custom)
2019-09-20 04:50:16,766 [pool-430-thread-1] INFO  server.RaftServerConfigKeys (ConfUtils.java:logGet(43)) - raft.server.rpc.timeout.max = 5200ms (custom)
2019-09-20 04:50:16,767 [pool-430-thread-1] INFO  server.RaftServerConfigKeys (ConfUtils.java:logGet(43)) - raft.server.rpcslowness.timeout = 120s (custom)
2019-09-20 04:50:16,767 [pool-430-thread-1] INFO  server.RaftServerConfigKeys (ConfUtils.java:logGet(43)) - raft.server.sleep.deviation.threshold = 300 (default)
2019-09-20 04:50:16,767 [pool-430-thread-1] INFO  server.RaftServerConfigKeys (ConfUtils.java:logGet(43)) - raft.server.log.appender.install.snapshot.enabled = false (custom)
2019-09-20 04:50:16,767 [pool-430-thread-1] INFO  impl.RaftServerImpl (ServerState.java:<init>(105)) - 376583b5-abad-4180-897e-71183665062e:group-B136D8A6E1E3 ConfigurationManager, init=-1: [376583b5-abad-4180-897e-71183665062e:192.168.36.79:39394], old=null, confs=<EMPTY_MAP>
2019-09-20 04:50:16,767 [pool-430-thread-1] INFO  server.RaftServerConfigKeys (ConfUtils.java:logGet(43)) - raft.server.storage.dir = [/workdir/hadoop-ozone/integration-test/target/test-dir/MiniOzoneClusterImpl-5481c8ea-466e-4137-a567-737be5b6f247/datanode-2/data/ratis] (custom)
2019-09-20 04:50:16,767 [pool-430-thread-1] INFO  storage.RaftStorageDirectory (RaftStorageDirectory.java:analyzeStorage(246)) - The storage directory /workdir/hadoop-ozone/integration-test/target/test-dir/MiniOzoneClusterImpl-5481c8ea-466e-4137-a567-737be5b6f247/datanode-2/data/ratis/70c6df54-96e4-47f8-b0fe-b136d8a6e1e3 does not exist. Creating ...
2019-09-20 04:50:16,794 [main] INFO  ozone.MiniOzoneClusterImpl (MiniOzoneClusterImpl.java:lambda$waitForClusterToBeReady$0(142)) - Waiting for cluster to be ready. Got 3 of 7 DN Heartbeats.
2019-09-20 04:50:16,795 | INFO  | SCMAudit | user=jenkins1000 | ip=192.168.36.79 | op=GET_VERSION null | ret=SUCCESS |  
2019-09-20 04:50:16,800 [pool-430-thread-1] INFO  storage.RaftStorageDirectory (RaftStorageDirectory.java:tryLock(328)) - Lock on /workdir/hadoop-ozone/integration-test/target/test-dir/MiniOzoneClusterImpl-5481c8ea-466e-4137-a567-737be5b6f247/datanode-2/data/ratis/70c6df54-96e4-47f8-b0fe-b136d8a6e1e3/in_use.lock acquired by nodename 9457@pr-hdds-1569-s8kj2-2266485376
2019-09-20 04:50:16,819 [pool-430-thread-1] INFO  storage.RaftStorage (RaftStorage.java:format(72)) - Storage directory /workdir/hadoop-ozone/integration-test/target/test-dir/MiniOzoneClusterImpl-5481c8ea-466e-4137-a567-737be5b6f247/datanode-2/data/ratis/70c6df54-96e4-47f8-b0fe-b136d8a6e1e3 has been successfully formatted.
2019-09-20 04:50:16,819 [Datanode State Machine Thread - 0] INFO  ozoneimpl.OzoneContainer (OzoneContainer.java:start(186)) - Attempting to start container services.
2019-09-20 04:50:16,819 [Datanode State Machine Thread - 0] INFO  ozoneimpl.OzoneContainer (OzoneContainer.java:startContainerScrub(160)) - Background container scrubber has been disabled by hdds.containerscrub.enabled
2019-09-20 04:50:16,819 [Datanode State Machine Thread - 0] INFO  ratis.XceiverServerRatis (XceiverServerRatis.java:start(404)) - Starting XceiverServerRatis 4f359ed3-becf-4d18-b0a0-f8169dd132e0 at port 0
2019-09-20 04:50:16,819 [pool-430-thread-1] INFO  ratis.ContainerStateMachine (ContainerStateMachine.java:loadSnapshot(226)) - group-B136D8A6E1E3: The snapshot info is null. Setting the last applied indexto:(t:0, i:~)
2019-09-20 04:50:16,820 [pool-430-thread-1] INFO  server.RaftServerConfigKeys (ConfUtils.java:logGet(43)) - raft.server.leader.election.timeout = 120s (custom)
2019-09-20 04:50:16,820 [pool-430-thread-1] INFO  server.RaftServerConfigKeys (ConfUtils.java:logGet(43)) - raft.server.log.use.memory = false (default)
2019-09-20 04:50:16,820 [pool-430-thread-1] INFO  server.RaftServerConfigKeys (ConfUtils.java:logGet(43)) - raft.server.log.purge.gap = 1000000 (custom)
2019-09-20 04:50:16,820 [pool-430-thread-1] INFO  server.RaftServerConfigKeys (ConfUtils.java:logGet(43)) - raft.server.log.appender.buffer.byte-limit = 33554432 (custom)
2019-09-20 04:50:16,820 [pool-430-thread-1] INFO  server.RaftServerConfigKeys (ConfUtils.java:logGet(43)) - raft.server.log.segment.size.max = 1048576 (custom)
2019-09-20 04:50:16,820 [pool-430-thread-1] INFO  server.RaftServerConfigKeys (ConfUtils.java:logGet(43)) - raft.server.log.segment.cache.num.max = 2 (custom)
2019-09-20 04:50:16,821 [pool-430-thread-1] INFO  segmented.SegmentedRaftLogWorker (SegmentedRaftLogWorker.java:<init>(172)) - new 376583b5-abad-4180-897e-71183665062e-SegmentedRaftLogWorker:Storage Directory /workdir/hadoop-ozone/integration-test/target/test-dir/MiniOzoneClusterImpl-5481c8ea-466e-4137-a567-737be5b6f247/datanode-2/data/ratis/70c6df54-96e4-47f8-b0fe-b136d8a6e1e3 for RaftStorage:Storage Directory /workdir/hadoop-ozone/integration-test/target/test-dir/MiniOzoneClusterImpl-5481c8ea-466e-4137-a567-737be5b6f247/datanode-2/data/ratis/70c6df54-96e4-47f8-b0fe-b136d8a6e1e3
2019-09-20 04:50:16,821 [pool-430-thread-1] INFO  server.RaftServerConfigKeys (ConfUtils.java:logGet(43)) - raft.server.log.queue.byte-limit = 2147483647 (custom)
2019-09-20 04:50:16,821 [pool-430-thread-1] INFO  server.RaftServerConfigKeys (ConfUtils.java:logGet(43)) - raft.server.log.queue.element-limit = 1024 (custom)
2019-09-20 04:50:16,821 [pool-430-thread-1] INFO  server.RaftServerConfigKeys (ConfUtils.java:logGet(43)) - raft.server.log.segment.size.max = 1048576 (custom)
2019-09-20 04:50:16,821 [pool-430-thread-1] INFO  server.RaftServerConfigKeys (ConfUtils.java:logGet(43)) - raft.server.log.preallocated.size = 16384 (custom)
2019-09-20 04:50:16,821 [pool-430-thread-1] INFO  server.RaftServerConfigKeys (ConfUtils.java:logGet(43)) - raft.server.log.write.buffer.size = 33554432 (custom)
2019-09-20 04:50:16,821 [pool-430-thread-1] INFO  server.RaftServerConfigKeys (ConfUtils.java:logGet(43)) - raft.server.log.force.sync.num = 128 (default)
2019-09-20 04:50:16,822 [pool-430-thread-1] INFO  server.RaftServerConfigKeys (ConfUtils.java:logGet(43)) - raft.server.log.statemachine.data.sync = true (default)
2019-09-20 04:50:16,822 [pool-430-thread-1] INFO  server.RaftServerConfigKeys (ConfUtils.java:logGet(43)) - raft.server.log.statemachine.data.sync.timeout = 10s (default)
2019-09-20 04:50:16,822 [pool-430-thread-1] INFO  server.RaftServerConfigKeys (ConfUtils.java:logGet(43)) - raft.server.log.statemachine.data.sync.timeout.retry = -1 (default)
2019-09-20 04:50:16,822 [pool-430-thread-1] INFO  server.RaftServerConfigKeys (ConfUtils.java:logGet(43)) - raft.server.log.statemachine.data.caching.enabled = true (custom)
2019-09-20 04:50:16,822 [pool-430-thread-1] INFO  segmented.SegmentedRaftLogWorker (SegmentedRaftLogWorker.java:lambda$new$0(132)) - 376583b5-abad-4180-897e-71183665062e-SegmentedRaftLogWorker:Storage Directory /workdir/hadoop-ozone/integration-test/target/test-dir/MiniOzoneClusterImpl-5481c8ea-466e-4137-a567-737be5b6f247/datanode-2/data/ratis/70c6df54-96e4-47f8-b0fe-b136d8a6e1e3: flushIndex: setUnconditionally 0 -> -1
2019-09-20 04:50:16,823 [pool-430-thread-1] INFO  server.RaftServerConfigKeys (ConfUtils.java:logGet(43)) - raft.server.snapshot.auto.trigger.enabled = true (custom)
2019-09-20 04:50:16,823 [pool-430-thread-1] INFO  server.RaftServerConfigKeys (ConfUtils.java:logGet(43)) - raft.server.snapshot.auto.trigger.threshold = 10000 (custom)
2019-09-20 04:50:16,823 [pool-430-thread-1] INFO  server.RaftServerConfigKeys (ConfUtils.java:logGet(43)) - raft.server.retrycache.expirytime = 600000ms (custom)
2019-09-20 04:50:16,823 [pool-430-thread-1] INFO  impl.RaftServerImpl (RaftServerImpl.java:start(180)) - 376583b5-abad-4180-897e-71183665062e: start group-B136D8A6E1E3
2019-09-20 04:50:16,823 [pool-430-thread-1] INFO  impl.RaftServerImpl (RaftServerImpl.java:setRole(171)) - 376583b5-abad-4180-897e-71183665062e:group-B136D8A6E1E3 changes role from null to FOLLOWER at term 0 for startAsFollower
2019-09-20 04:50:16,824 [pool-430-thread-1] INFO  impl.RoleInfo (RoleInfo.java:updateAndGet(143)) - 376583b5-abad-4180-897e-71183665062e: start FollowerState
2019-09-20 04:50:16,824 [pool-430-thread-1] INFO  util.JmxRegister (JmxRegister.java:tryRegister(44)) - Successfully registered JMX Bean with object name Ratis:service=RaftServer,group=group-B136D8A6E1E3,id=376583b5-abad-4180-897e-71183665062e
2019-09-20 04:50:16,825 [Datanode State Machine Thread - 0] INFO  impl.RaftServerProxy (RaftServerProxy.java:lambda$start$3(299)) - 4f359ed3-becf-4d18-b0a0-f8169dd132e0: start RPC server
2019-09-20 04:50:16,825 [Datanode State Machine Thread - 0] INFO  server.GrpcService (GrpcService.java:startImpl(149)) - 4f359ed3-becf-4d18-b0a0-f8169dd132e0: GrpcService started, listening on 0.0.0.0/0.0.0.0:45670
2019-09-20 04:50:16,825 [Datanode State Machine Thread - 0] INFO  ratis.XceiverServerRatis (XceiverServerRatis.java:start(414)) - XceiverServerRatis 4f359ed3-becf-4d18-b0a0-f8169dd132e0 is started using port 45670
2019-09-20 04:50:16,826 [Datanode State Machine Thread - 0] INFO  server.XceiverServerGrpc (XceiverServerGrpc.java:start(163)) - XceiverServerGrpc 4f359ed3-becf-4d18-b0a0-f8169dd132e0 is started using port 39219
2019-09-20 04:50:16,826 [RatisPipelineUtilsThread] INFO  pipeline.PipelineStateManager (PipelineStateManager.java:addPipeline(56)) - Created pipeline Pipeline[ Id: 70c6df54-96e4-47f8-b0fe-b136d8a6e1e3, Nodes: 376583b5-abad-4180-897e-71183665062e{ip: 192.168.36.79, host: pr-hdds-1569-s8kj2-2266485376, networkLocation: /default-rack, certSerialId: null}, Type:RATIS, Factor:ONE, State:OPEN]
2019-09-20 04:50:16,826 [RatisPipelineUtilsThread] INFO  pipeline.PipelinePlacementPolicy (PipelinePlacementPolicy.java:meetCriteria(91)) - Pipeline Placement: Doesn't meet the criteria to be viable node： c9a37c78-8605-4a88-9b79-5cbe235210f1 Heaviness: 6 limit: 5
2019-09-20 04:50:16,827 [RatisPipelineUtilsThread] INFO  pipeline.PipelinePlacementPolicy (PipelinePlacementPolicy.java:meetCriteria(91)) - Pipeline Placement: Doesn't meet the criteria to be viable node： b3ecc8dd-01a1-4f26-a416-3a35ccdca24e Heaviness: 6 limit: 5
2019-09-20 04:50:16,830 [grpc-default-executor-1] INFO  impl.RaftServerProxy (RaftServerProxy.java:addNew(89)) - 376583b5-abad-4180-897e-71183665062e: addNew group-EED74CF3E4EE:[376583b5-abad-4180-897e-71183665062e:192.168.36.79:39394] returns group-EED74CF3E4EE:java.util.concurrent.CompletableFuture@4ae12232[Not completed]
2019-09-20 04:50:16,831 [pool-430-thread-1] INFO  impl.RaftServerImpl (RaftServerImpl.java:<init>(93)) - 376583b5-abad-4180-897e-71183665062e: new RaftServerImpl for group-EED74CF3E4EE:[376583b5-abad-4180-897e-71183665062e:192.168.36.79:39394] with ContainerStateMachine:uninitialized
2019-09-20 04:50:16,831 [pool-430-thread-1] INFO  server.RaftServerConfigKeys (ConfUtils.java:logGet(43)) - raft.server.rpc.timeout.min = 5s (custom)
2019-09-20 04:50:16,831 [pool-430-thread-1] INFO  server.RaftServerConfigKeys (ConfUtils.java:logGet(43)) - raft.server.rpc.timeout.max = 5200ms (custom)
2019-09-20 04:50:16,831 [pool-430-thread-1] INFO  server.RaftServerConfigKeys (ConfUtils.java:logGet(43)) - raft.server.rpcslowness.timeout = 120s (custom)
2019-09-20 04:50:16,831 [pool-430-thread-1] INFO  server.RaftServerConfigKeys (ConfUtils.java:logGet(43)) - raft.server.sleep.deviation.threshold = 300 (default)
2019-09-20 04:50:16,832 [pool-430-thread-1] INFO  server.RaftServerConfigKeys (ConfUtils.java:logGet(43)) - raft.server.log.appender.install.snapshot.enabled = false (custom)
2019-09-20 04:50:16,832 [pool-430-thread-1] INFO  impl.RaftServerImpl (ServerState.java:<init>(105)) - 376583b5-abad-4180-897e-71183665062e:group-EED74CF3E4EE ConfigurationManager, init=-1: [376583b5-abad-4180-897e-71183665062e:192.168.36.79:39394], old=null, confs=<EMPTY_MAP>
2019-09-20 04:50:16,832 [pool-430-thread-1] INFO  server.RaftServerConfigKeys (ConfUtils.java:logGet(43)) - raft.server.storage.dir = [/workdir/hadoop-ozone/integration-test/target/test-dir/MiniOzoneClusterImpl-5481c8ea-466e-4137-a567-737be5b6f247/datanode-2/data/ratis] (custom)
2019-09-20 04:50:16,832 [pool-430-thread-1] INFO  storage.RaftStorageDirectory (RaftStorageDirectory.java:analyzeStorage(246)) - The storage directory /workdir/hadoop-ozone/integration-test/target/test-dir/MiniOzoneClusterImpl-5481c8ea-466e-4137-a567-737be5b6f247/datanode-2/data/ratis/93984c34-5b46-4000-9f09-eed74cf3e4ee does not exist. Creating ...
2019-09-20 04:50:16,863 [pool-430-thread-1] INFO  storage.RaftStorageDirectory (RaftStorageDirectory.java:tryLock(328)) - Lock on /workdir/hadoop-ozone/integration-test/target/test-dir/MiniOzoneClusterImpl-5481c8ea-466e-4137-a567-737be5b6f247/datanode-2/data/ratis/93984c34-5b46-4000-9f09-eed74cf3e4ee/in_use.lock acquired by nodename 9457@pr-hdds-1569-s8kj2-2266485376
2019-09-20 04:50:16,883 [pool-430-thread-1] INFO  storage.RaftStorage (RaftStorage.java:format(72)) - Storage directory /workdir/hadoop-ozone/integration-test/target/test-dir/MiniOzoneClusterImpl-5481c8ea-466e-4137-a567-737be5b6f247/datanode-2/data/ratis/93984c34-5b46-4000-9f09-eed74cf3e4ee has been successfully formatted.
2019-09-20 04:50:16,884 [pool-430-thread-1] INFO  ratis.ContainerStateMachine (ContainerStateMachine.java:loadSnapshot(226)) - group-EED74CF3E4EE: The snapshot info is null. Setting the last applied indexto:(t:0, i:~)
2019-09-20 04:50:16,884 [pool-430-thread-1] INFO  server.RaftServerConfigKeys (ConfUtils.java:logGet(43)) - raft.server.leader.election.timeout = 120s (custom)
2019-09-20 04:50:16,884 [pool-430-thread-1] INFO  server.RaftServerConfigKeys (ConfUtils.java:logGet(43)) - raft.server.log.use.memory = false (default)
2019-09-20 04:50:16,884 [pool-430-thread-1] INFO  server.RaftServerConfigKeys (ConfUtils.java:logGet(43)) - raft.server.log.purge.gap = 1000000 (custom)
2019-09-20 04:50:16,884 [pool-430-thread-1] INFO  server.RaftServerConfigKeys (ConfUtils.java:logGet(43)) - raft.server.log.appender.buffer.byte-limit = 33554432 (custom)
2019-09-20 04:50:16,884 [pool-430-thread-1] INFO  server.RaftServerConfigKeys (ConfUtils.java:logGet(43)) - raft.server.log.segment.size.max = 1048576 (custom)
2019-09-20 04:50:16,884 [pool-430-thread-1] INFO  server.RaftServerConfigKeys (ConfUtils.java:logGet(43)) - raft.server.log.segment.cache.num.max = 2 (custom)
2019-09-20 04:50:16,885 [pool-430-thread-1] INFO  segmented.SegmentedRaftLogWorker (SegmentedRaftLogWorker.java:<init>(172)) - new 376583b5-abad-4180-897e-71183665062e-SegmentedRaftLogWorker:Storage Directory /workdir/hadoop-ozone/integration-test/target/test-dir/MiniOzoneClusterImpl-5481c8ea-466e-4137-a567-737be5b6f247/datanode-2/data/ratis/93984c34-5b46-4000-9f09-eed74cf3e4ee for RaftStorage:Storage Directory /workdir/hadoop-ozone/integration-test/target/test-dir/MiniOzoneClusterImpl-5481c8ea-466e-4137-a567-737be5b6f247/datanode-2/data/ratis/93984c34-5b46-4000-9f09-eed74cf3e4ee
2019-09-20 04:50:16,885 [pool-430-thread-1] INFO  server.RaftServerConfigKeys (ConfUtils.java:logGet(43)) - raft.server.log.queue.byte-limit = 2147483647 (custom)
2019-09-20 04:50:16,885 [pool-430-thread-1] INFO  server.RaftServerConfigKeys (ConfUtils.java:logGet(43)) - raft.server.log.queue.element-limit = 1024 (custom)
2019-09-20 04:50:16,885 [pool-430-thread-1] INFO  server.RaftServerConfigKeys (ConfUtils.java:logGet(43)) - raft.server.log.segment.size.max = 1048576 (custom)
2019-09-20 04:50:16,885 [pool-430-thread-1] INFO  server.RaftServerConfigKeys (ConfUtils.java:logGet(43)) - raft.server.log.preallocated.size = 16384 (custom)
2019-09-20 04:50:16,885 [pool-430-thread-1] INFO  server.RaftServerConfigKeys (ConfUtils.java:logGet(43)) - raft.server.log.write.buffer.size = 33554432 (custom)
2019-09-20 04:50:16,885 [pool-430-thread-1] INFO  server.RaftServerConfigKeys (ConfUtils.java:logGet(43)) - raft.server.log.force.sync.num = 128 (default)
2019-09-20 04:50:16,886 [pool-430-thread-1] INFO  server.RaftServerConfigKeys (ConfUtils.java:logGet(43)) - raft.server.log.statemachine.data.sync = true (default)
2019-09-20 04:50:16,886 [pool-430-thread-1] INFO  server.RaftServerConfigKeys (ConfUtils.java:logGet(43)) - raft.server.log.statemachine.data.sync.timeout = 10s (default)
2019-09-20 04:50:16,886 [pool-430-thread-1] INFO  server.RaftServerConfigKeys (ConfUtils.java:logGet(43)) - raft.server.log.statemachine.data.sync.timeout.retry = -1 (default)
2019-09-20 04:50:16,886 [pool-430-thread-1] INFO  server.RaftServerConfigKeys (ConfUtils.java:logGet(43)) - raft.server.log.statemachine.data.caching.enabled = true (custom)
2019-09-20 04:50:16,886 [pool-430-thread-1] INFO  segmented.SegmentedRaftLogWorker (SegmentedRaftLogWorker.java:lambda$new$0(132)) - 376583b5-abad-4180-897e-71183665062e-SegmentedRaftLogWorker:Storage Directory /workdir/hadoop-ozone/integration-test/target/test-dir/MiniOzoneClusterImpl-5481c8ea-466e-4137-a567-737be5b6f247/datanode-2/data/ratis/93984c34-5b46-4000-9f09-eed74cf3e4ee: flushIndex: setUnconditionally 0 -> -1
2019-09-20 04:50:16,887 [pool-430-thread-1] INFO  server.RaftServerConfigKeys (ConfUtils.java:logGet(43)) - raft.server.snapshot.auto.trigger.enabled = true (custom)
2019-09-20 04:50:16,887 [pool-430-thread-1] INFO  server.RaftServerConfigKeys (ConfUtils.java:logGet(43)) - raft.server.snapshot.auto.trigger.threshold = 10000 (custom)
2019-09-20 04:50:16,887 [pool-430-thread-1] INFO  server.RaftServerConfigKeys (ConfUtils.java:logGet(43)) - raft.server.retrycache.expirytime = 600000ms (custom)
2019-09-20 04:50:16,887 [pool-430-thread-1] INFO  impl.RaftServerImpl (RaftServerImpl.java:start(180)) - 376583b5-abad-4180-897e-71183665062e: start group-EED74CF3E4EE
2019-09-20 04:50:16,887 [pool-430-thread-1] INFO  impl.RaftServerImpl (RaftServerImpl.java:setRole(171)) - 376583b5-abad-4180-897e-71183665062e:group-EED74CF3E4EE changes role from null to FOLLOWER at term 0 for startAsFollower
2019-09-20 04:50:16,887 [pool-430-thread-1] INFO  impl.RoleInfo (RoleInfo.java:updateAndGet(143)) - 376583b5-abad-4180-897e-71183665062e: start FollowerState
2019-09-20 04:50:16,888 [pool-430-thread-1] INFO  util.JmxRegister (JmxRegister.java:tryRegister(44)) - Successfully registered JMX Bean with object name Ratis:service=RaftServer,group=group-EED74CF3E4EE,id=376583b5-abad-4180-897e-71183665062e
2019-09-20 04:50:16,889 [RatisPipelineUtilsThread] INFO  pipeline.PipelineStateManager (PipelineStateManager.java:addPipeline(56)) - Created pipeline Pipeline[ Id: 93984c34-5b46-4000-9f09-eed74cf3e4ee, Nodes: 376583b5-abad-4180-897e-71183665062e{ip: 192.168.36.79, host: pr-hdds-1569-s8kj2-2266485376, networkLocation: /default-rack, certSerialId: null}, Type:RATIS, Factor:ONE, State:OPEN]
2019-09-20 04:50:16,890 [RatisPipelineUtilsThread] INFO  pipeline.PipelinePlacementPolicy (PipelinePlacementPolicy.java:meetCriteria(91)) - Pipeline Placement: Doesn't meet the criteria to be viable node： c9a37c78-8605-4a88-9b79-5cbe235210f1 Heaviness: 6 limit: 5
2019-09-20 04:50:16,890 [RatisPipelineUtilsThread] INFO  pipeline.PipelinePlacementPolicy (PipelinePlacementPolicy.java:meetCriteria(91)) - Pipeline Placement: Doesn't meet the criteria to be viable node： b3ecc8dd-01a1-4f26-a416-3a35ccdca24e Heaviness: 6 limit: 5
2019-09-20 04:50:16,893 [grpc-default-executor-1] INFO  impl.RaftServerProxy (RaftServerProxy.java:addNew(89)) - 376583b5-abad-4180-897e-71183665062e: addNew group-59BABD9BA269:[376583b5-abad-4180-897e-71183665062e:192.168.36.79:39394] returns group-59BABD9BA269:java.util.concurrent.CompletableFuture@2e1ae7a4[Not completed]
2019-09-20 04:50:16,894 [pool-430-thread-1] INFO  impl.RaftServerImpl (RaftServerImpl.java:<init>(93)) - 376583b5-abad-4180-897e-71183665062e: new RaftServerImpl for group-59BABD9BA269:[376583b5-abad-4180-897e-71183665062e:192.168.36.79:39394] with ContainerStateMachine:uninitialized
2019-09-20 04:50:16,894 [pool-430-thread-1] INFO  server.RaftServerConfigKeys (ConfUtils.java:logGet(43)) - raft.server.rpc.timeout.min = 5s (custom)
2019-09-20 04:50:16,894 [pool-430-thread-1] INFO  server.RaftServerConfigKeys (ConfUtils.java:logGet(43)) - raft.server.rpc.timeout.max = 5200ms (custom)
2019-09-20 04:50:16,894 [pool-430-thread-1] INFO  server.RaftServerConfigKeys (ConfUtils.java:logGet(43)) - raft.server.rpcslowness.timeout = 120s (custom)
2019-09-20 04:50:16,894 [pool-430-thread-1] INFO  server.RaftServerConfigKeys (ConfUtils.java:logGet(43)) - raft.server.sleep.deviation.threshold = 300 (default)
2019-09-20 04:50:16,894 [pool-430-thread-1] INFO  server.RaftServerConfigKeys (ConfUtils.java:logGet(43)) - raft.server.log.appender.install.snapshot.enabled = false (custom)
2019-09-20 04:50:16,894 [pool-430-thread-1] INFO  impl.RaftServerImpl (ServerState.java:<init>(105)) - 376583b5-abad-4180-897e-71183665062e:group-59BABD9BA269 ConfigurationManager, init=-1: [376583b5-abad-4180-897e-71183665062e:192.168.36.79:39394], old=null, confs=<EMPTY_MAP>
2019-09-20 04:50:16,895 [pool-430-thread-1] INFO  server.RaftServerConfigKeys (ConfUtils.java:logGet(43)) - raft.server.storage.dir = [/workdir/hadoop-ozone/integration-test/target/test-dir/MiniOzoneClusterImpl-5481c8ea-466e-4137-a567-737be5b6f247/datanode-2/data/ratis] (custom)
2019-09-20 04:50:16,895 [pool-430-thread-1] INFO  storage.RaftStorageDirectory (RaftStorageDirectory.java:analyzeStorage(246)) - The storage directory /workdir/hadoop-ozone/integration-test/target/test-dir/MiniOzoneClusterImpl-5481c8ea-466e-4137-a567-737be5b6f247/datanode-2/data/ratis/0f7a01fb-e135-435f-927a-59babd9ba269 does not exist. Creating ...
2019-09-20 04:50:16,912 [pool-430-thread-1] INFO  storage.RaftStorageDirectory (RaftStorageDirectory.java:tryLock(328)) - Lock on /workdir/hadoop-ozone/integration-test/target/test-dir/MiniOzoneClusterImpl-5481c8ea-466e-4137-a567-737be5b6f247/datanode-2/data/ratis/0f7a01fb-e135-435f-927a-59babd9ba269/in_use.lock acquired by nodename 9457@pr-hdds-1569-s8kj2-2266485376
2019-09-20 04:50:16,948 [pool-430-thread-1] INFO  storage.RaftStorage (RaftStorage.java:format(72)) - Storage directory /workdir/hadoop-ozone/integration-test/target/test-dir/MiniOzoneClusterImpl-5481c8ea-466e-4137-a567-737be5b6f247/datanode-2/data/ratis/0f7a01fb-e135-435f-927a-59babd9ba269 has been successfully formatted.
2019-09-20 04:50:16,948 [pool-430-thread-1] INFO  ratis.ContainerStateMachine (ContainerStateMachine.java:loadSnapshot(226)) - group-59BABD9BA269: The snapshot info is null. Setting the last applied indexto:(t:0, i:~)
2019-09-20 04:50:16,948 [pool-430-thread-1] INFO  server.RaftServerConfigKeys (ConfUtils.java:logGet(43)) - raft.server.leader.election.timeout = 120s (custom)
2019-09-20 04:50:16,948 [pool-430-thread-1] INFO  server.RaftServerConfigKeys (ConfUtils.java:logGet(43)) - raft.server.log.use.memory = false (default)
2019-09-20 04:50:16,948 [pool-430-thread-1] INFO  server.RaftServerConfigKeys (ConfUtils.java:logGet(43)) - raft.server.log.purge.gap = 1000000 (custom)
2019-09-20 04:50:16,949 [pool-430-thread-1] INFO  server.RaftServerConfigKeys (ConfUtils.java:logGet(43)) - raft.server.log.appender.buffer.byte-limit = 33554432 (custom)
2019-09-20 04:50:16,949 [pool-430-thread-1] INFO  server.RaftServerConfigKeys (ConfUtils.java:logGet(43)) - raft.server.log.segment.size.max = 1048576 (custom)
2019-09-20 04:50:16,949 [pool-430-thread-1] INFO  server.RaftServerConfigKeys (ConfUtils.java:logGet(43)) - raft.server.log.segment.cache.num.max = 2 (custom)
2019-09-20 04:50:16,949 [pool-430-thread-1] INFO  segmented.SegmentedRaftLogWorker (SegmentedRaftLogWorker.java:<init>(172)) - new 376583b5-abad-4180-897e-71183665062e-SegmentedRaftLogWorker:Storage Directory /workdir/hadoop-ozone/integration-test/target/test-dir/MiniOzoneClusterImpl-5481c8ea-466e-4137-a567-737be5b6f247/datanode-2/data/ratis/0f7a01fb-e135-435f-927a-59babd9ba269 for RaftStorage:Storage Directory /workdir/hadoop-ozone/integration-test/target/test-dir/MiniOzoneClusterImpl-5481c8ea-466e-4137-a567-737be5b6f247/datanode-2/data/ratis/0f7a01fb-e135-435f-927a-59babd9ba269
2019-09-20 04:50:16,949 [pool-430-thread-1] INFO  server.RaftServerConfigKeys (ConfUtils.java:logGet(43)) - raft.server.log.queue.byte-limit = 2147483647 (custom)
2019-09-20 04:50:16,949 [pool-430-thread-1] INFO  server.RaftServerConfigKeys (ConfUtils.java:logGet(43)) - raft.server.log.queue.element-limit = 1024 (custom)
2019-09-20 04:50:16,949 [pool-430-thread-1] INFO  server.RaftServerConfigKeys (ConfUtils.java:logGet(43)) - raft.server.log.segment.size.max = 1048576 (custom)
2019-09-20 04:50:16,949 [pool-430-thread-1] INFO  server.RaftServerConfigKeys (ConfUtils.java:logGet(43)) - raft.server.log.preallocated.size = 16384 (custom)
2019-09-20 04:50:16,949 [pool-430-thread-1] INFO  server.RaftServerConfigKeys (ConfUtils.java:logGet(43)) - raft.server.log.write.buffer.size = 33554432 (custom)
2019-09-20 04:50:16,949 [pool-430-thread-1] INFO  server.RaftServerConfigKeys (ConfUtils.java:logGet(43)) - raft.server.log.force.sync.num = 128 (default)
2019-09-20 04:50:16,949 [pool-430-thread-1] INFO  server.RaftServerConfigKeys (ConfUtils.java:logGet(43)) - raft.server.log.statemachine.data.sync = true (default)
2019-09-20 04:50:16,949 [pool-430-thread-1] INFO  server.RaftServerConfigKeys (ConfUtils.java:logGet(43)) - raft.server.log.statemachine.data.sync.timeout = 10s (default)
2019-09-20 04:50:16,950 [pool-430-thread-1] INFO  server.RaftServerConfigKeys (ConfUtils.java:logGet(43)) - raft.server.log.statemachine.data.sync.timeout.retry = -1 (default)
2019-09-20 04:50:16,950 [pool-430-thread-1] INFO  server.RaftServerConfigKeys (ConfUtils.java:logGet(43)) - raft.server.log.statemachine.data.caching.enabled = true (custom)
2019-09-20 04:50:16,950 [pool-430-thread-1] INFO  segmented.SegmentedRaftLogWorker (SegmentedRaftLogWorker.java:lambda$new$0(132)) - 376583b5-abad-4180-897e-71183665062e-SegmentedRaftLogWorker:Storage Directory /workdir/hadoop-ozone/integration-test/target/test-dir/MiniOzoneClusterImpl-5481c8ea-466e-4137-a567-737be5b6f247/datanode-2/data/ratis/0f7a01fb-e135-435f-927a-59babd9ba269: flushIndex: setUnconditionally 0 -> -1
2019-09-20 04:50:16,950 [pool-430-thread-1] INFO  server.RaftServerConfigKeys (ConfUtils.java:logGet(43)) - raft.server.snapshot.auto.trigger.enabled = true (custom)
2019-09-20 04:50:16,950 [pool-430-thread-1] INFO  server.RaftServerConfigKeys (ConfUtils.java:logGet(43)) - raft.server.snapshot.auto.trigger.threshold = 10000 (custom)
2019-09-20 04:50:16,950 [pool-430-thread-1] INFO  server.RaftServerConfigKeys (ConfUtils.java:logGet(43)) - raft.server.retrycache.expirytime = 600000ms (custom)
2019-09-20 04:50:16,951 [pool-430-thread-1] INFO  impl.RaftServerImpl (RaftServerImpl.java:start(180)) - 376583b5-abad-4180-897e-71183665062e: start group-59BABD9BA269
2019-09-20 04:50:16,951 [pool-430-thread-1] INFO  impl.RaftServerImpl (RaftServerImpl.java:setRole(171)) - 376583b5-abad-4180-897e-71183665062e:group-59BABD9BA269 changes role from null to FOLLOWER at term 0 for startAsFollower
2019-09-20 04:50:16,951 [pool-430-thread-1] INFO  impl.RoleInfo (RoleInfo.java:updateAndGet(143)) - 376583b5-abad-4180-897e-71183665062e: start FollowerState
2019-09-20 04:50:16,951 [pool-430-thread-1] INFO  util.JmxRegister (JmxRegister.java:tryRegister(44)) - Successfully registered JMX Bean with object name Ratis:service=RaftServer,group=group-59BABD9BA269,id=376583b5-abad-4180-897e-71183665062e
2019-09-20 04:50:16,953 [RatisPipelineUtilsThread] INFO  pipeline.PipelineStateManager (PipelineStateManager.java:addPipeline(56)) - Created pipeline Pipeline[ Id: 0f7a01fb-e135-435f-927a-59babd9ba269, Nodes: 376583b5-abad-4180-897e-71183665062e{ip: 192.168.36.79, host: pr-hdds-1569-s8kj2-2266485376, networkLocation: /default-rack, certSerialId: null}, Type:RATIS, Factor:ONE, State:OPEN]
2019-09-20 04:50:16,954 [RatisPipelineUtilsThread] INFO  pipeline.PipelinePlacementPolicy (PipelinePlacementPolicy.java:meetCriteria(91)) - Pipeline Placement: Doesn't meet the criteria to be viable node： c9a37c78-8605-4a88-9b79-5cbe235210f1 Heaviness: 6 limit: 5
2019-09-20 04:50:16,954 [RatisPipelineUtilsThread] INFO  pipeline.PipelinePlacementPolicy (PipelinePlacementPolicy.java:meetCriteria(91)) - Pipeline Placement: Doesn't meet the criteria to be viable node： b3ecc8dd-01a1-4f26-a416-3a35ccdca24e Heaviness: 6 limit: 5
2019-09-20 04:50:16,957 [grpc-default-executor-1] INFO  impl.RaftServerProxy (RaftServerProxy.java:addNew(89)) - 376583b5-abad-4180-897e-71183665062e: addNew group-3B3409C95555:[376583b5-abad-4180-897e-71183665062e:192.168.36.79:39394] returns group-3B3409C95555:java.util.concurrent.CompletableFuture@78727ede[Not completed]
2019-09-20 04:50:16,958 [pool-430-thread-1] INFO  impl.RaftServerImpl (RaftServerImpl.java:<init>(93)) - 376583b5-abad-4180-897e-71183665062e: new RaftServerImpl for group-3B3409C95555:[376583b5-abad-4180-897e-71183665062e:192.168.36.79:39394] with ContainerStateMachine:uninitialized
2019-09-20 04:50:16,958 [pool-430-thread-1] INFO  server.RaftServerConfigKeys (ConfUtils.java:logGet(43)) - raft.server.rpc.timeout.min = 5s (custom)
2019-09-20 04:50:16,959 [pool-430-thread-1] INFO  server.RaftServerConfigKeys (ConfUtils.java:logGet(43)) - raft.server.rpc.timeout.max = 5200ms (custom)
2019-09-20 04:50:16,959 [pool-430-thread-1] INFO  server.RaftServerConfigKeys (ConfUtils.java:logGet(43)) - raft.server.rpcslowness.timeout = 120s (custom)
2019-09-20 04:50:16,959 [pool-430-thread-1] INFO  server.RaftServerConfigKeys (ConfUtils.java:logGet(43)) - raft.server.sleep.deviation.threshold = 300 (default)
2019-09-20 04:50:16,959 [pool-430-thread-1] INFO  server.RaftServerConfigKeys (ConfUtils.java:logGet(43)) - raft.server.log.appender.install.snapshot.enabled = false (custom)
2019-09-20 04:50:16,959 [pool-430-thread-1] INFO  impl.RaftServerImpl (ServerState.java:<init>(105)) - 376583b5-abad-4180-897e-71183665062e:group-3B3409C95555 ConfigurationManager, init=-1: [376583b5-abad-4180-897e-71183665062e:192.168.36.79:39394], old=null, confs=<EMPTY_MAP>
2019-09-20 04:50:16,959 [pool-430-thread-1] INFO  server.RaftServerConfigKeys (ConfUtils.java:logGet(43)) - raft.server.storage.dir = [/workdir/hadoop-ozone/integration-test/target/test-dir/MiniOzoneClusterImpl-5481c8ea-466e-4137-a567-737be5b6f247/datanode-2/data/ratis] (custom)
2019-09-20 04:50:16,960 [pool-430-thread-1] INFO  storage.RaftStorageDirectory (RaftStorageDirectory.java:analyzeStorage(246)) - The storage directory /workdir/hadoop-ozone/integration-test/target/test-dir/MiniOzoneClusterImpl-5481c8ea-466e-4137-a567-737be5b6f247/datanode-2/data/ratis/ada696bc-b17c-4043-a263-3b3409c95555 does not exist. Creating ...
2019-09-20 04:50:16,981 [pool-430-thread-1] INFO  storage.RaftStorageDirectory (RaftStorageDirectory.java:tryLock(328)) - Lock on /workdir/hadoop-ozone/integration-test/target/test-dir/MiniOzoneClusterImpl-5481c8ea-466e-4137-a567-737be5b6f247/datanode-2/data/ratis/ada696bc-b17c-4043-a263-3b3409c95555/in_use.lock acquired by nodename 9457@pr-hdds-1569-s8kj2-2266485376
2019-09-20 04:50:17,007 [pool-430-thread-1] INFO  storage.RaftStorage (RaftStorage.java:format(72)) - Storage directory /workdir/hadoop-ozone/integration-test/target/test-dir/MiniOzoneClusterImpl-5481c8ea-466e-4137-a567-737be5b6f247/datanode-2/data/ratis/ada696bc-b17c-4043-a263-3b3409c95555 has been successfully formatted.
2019-09-20 04:50:17,007 [pool-430-thread-1] INFO  ratis.ContainerStateMachine (ContainerStateMachine.java:loadSnapshot(226)) - group-3B3409C95555: The snapshot info is null. Setting the last applied indexto:(t:0, i:~)
2019-09-20 04:50:17,007 [pool-430-thread-1] INFO  server.RaftServerConfigKeys (ConfUtils.java:logGet(43)) - raft.server.leader.election.timeout = 120s (custom)
2019-09-20 04:50:17,007 [pool-430-thread-1] INFO  server.RaftServerConfigKeys (ConfUtils.java:logGet(43)) - raft.server.log.use.memory = false (default)
2019-09-20 04:50:17,008 [pool-430-thread-1] INFO  server.RaftServerConfigKeys (ConfUtils.java:logGet(43)) - raft.server.log.purge.gap = 1000000 (custom)
2019-09-20 04:50:17,008 [pool-430-thread-1] INFO  server.RaftServerConfigKeys (ConfUtils.java:logGet(43)) - raft.server.log.appender.buffer.byte-limit = 33554432 (custom)
2019-09-20 04:50:17,008 [pool-430-thread-1] INFO  server.RaftServerConfigKeys (ConfUtils.java:logGet(43)) - raft.server.log.segment.size.max = 1048576 (custom)
2019-09-20 04:50:17,008 [pool-430-thread-1] INFO  server.RaftServerConfigKeys (ConfUtils.java:logGet(43)) - raft.server.log.segment.cache.num.max = 2 (custom)
2019-09-20 04:50:17,008 [pool-430-thread-1] INFO  segmented.SegmentedRaftLogWorker (SegmentedRaftLogWorker.java:<init>(172)) - new 376583b5-abad-4180-897e-71183665062e-SegmentedRaftLogWorker:Storage Directory /workdir/hadoop-ozone/integration-test/target/test-dir/MiniOzoneClusterImpl-5481c8ea-466e-4137-a567-737be5b6f247/datanode-2/data/ratis/ada696bc-b17c-4043-a263-3b3409c95555 for RaftStorage:Storage Directory /workdir/hadoop-ozone/integration-test/target/test-dir/MiniOzoneClusterImpl-5481c8ea-466e-4137-a567-737be5b6f247/datanode-2/data/ratis/ada696bc-b17c-4043-a263-3b3409c95555
2019-09-20 04:50:17,008 [pool-430-thread-1] INFO  server.RaftServerConfigKeys (ConfUtils.java:logGet(43)) - raft.server.log.queue.byte-limit = 2147483647 (custom)
2019-09-20 04:50:17,008 [pool-430-thread-1] INFO  server.RaftServerConfigKeys (ConfUtils.java:logGet(43)) - raft.server.log.queue.element-limit = 1024 (custom)
2019-09-20 04:50:17,008 [pool-430-thread-1] INFO  server.RaftServerConfigKeys (ConfUtils.java:logGet(43)) - raft.server.log.segment.size.max = 1048576 (custom)
2019-09-20 04:50:17,009 [pool-430-thread-1] INFO  server.RaftServerConfigKeys (ConfUtils.java:logGet(43)) - raft.server.log.preallocated.size = 16384 (custom)
2019-09-20 04:50:17,009 [pool-430-thread-1] INFO  server.RaftServerConfigKeys (ConfUtils.java:logGet(43)) - raft.server.log.write.buffer.size = 33554432 (custom)
2019-09-20 04:50:17,009 [pool-430-thread-1] INFO  server.RaftServerConfigKeys (ConfUtils.java:logGet(43)) - raft.server.log.force.sync.num = 128 (default)
2019-09-20 04:50:17,009 [pool-430-thread-1] INFO  server.RaftServerConfigKeys (ConfUtils.java:logGet(43)) - raft.server.log.statemachine.data.sync = true (default)
2019-09-20 04:50:17,009 [pool-430-thread-1] INFO  server.RaftServerConfigKeys (ConfUtils.java:logGet(43)) - raft.server.log.statemachine.data.sync.timeout = 10s (default)
2019-09-20 04:50:17,009 [pool-430-thread-1] INFO  server.RaftServerConfigKeys (ConfUtils.java:logGet(43)) - raft.server.log.statemachine.data.sync.timeout.retry = -1 (default)
2019-09-20 04:50:17,009 [pool-430-thread-1] INFO  server.RaftServerConfigKeys (ConfUtils.java:logGet(43)) - raft.server.log.statemachine.data.caching.enabled = true (custom)
2019-09-20 04:50:17,009 [pool-430-thread-1] INFO  segmented.SegmentedRaftLogWorker (SegmentedRaftLogWorker.java:lambda$new$0(132)) - 376583b5-abad-4180-897e-71183665062e-SegmentedRaftLogWorker:Storage Directory /workdir/hadoop-ozone/integration-test/target/test-dir/MiniOzoneClusterImpl-5481c8ea-466e-4137-a567-737be5b6f247/datanode-2/data/ratis/ada696bc-b17c-4043-a263-3b3409c95555: flushIndex: setUnconditionally 0 -> -1
2019-09-20 04:50:17,010 [pool-430-thread-1] INFO  server.RaftServerConfigKeys (ConfUtils.java:logGet(43)) - raft.server.snapshot.auto.trigger.enabled = true (custom)
2019-09-20 04:50:17,010 [pool-430-thread-1] INFO  server.RaftServerConfigKeys (ConfUtils.java:logGet(43)) - raft.server.snapshot.auto.trigger.threshold = 10000 (custom)
2019-09-20 04:50:17,010 [pool-430-thread-1] INFO  server.RaftServerConfigKeys (ConfUtils.java:logGet(43)) - raft.server.retrycache.expirytime = 600000ms (custom)
2019-09-20 04:50:17,010 [pool-430-thread-1] INFO  impl.RaftServerImpl (RaftServerImpl.java:start(180)) - 376583b5-abad-4180-897e-71183665062e: start group-3B3409C95555
2019-09-20 04:50:17,010 [pool-430-thread-1] INFO  impl.RaftServerImpl (RaftServerImpl.java:setRole(171)) - 376583b5-abad-4180-897e-71183665062e:group-3B3409C95555 changes role from null to FOLLOWER at term 0 for startAsFollower
2019-09-20 04:50:17,010 [pool-430-thread-1] INFO  impl.RoleInfo (RoleInfo.java:updateAndGet(143)) - 376583b5-abad-4180-897e-71183665062e: start FollowerState
2019-09-20 04:50:17,011 [pool-430-thread-1] INFO  util.JmxRegister (JmxRegister.java:tryRegister(44)) - Successfully registered JMX Bean with object name Ratis:service=RaftServer,group=group-3B3409C95555,id=376583b5-abad-4180-897e-71183665062e
2019-09-20 04:50:17,012 [RatisPipelineUtilsThread] INFO  pipeline.PipelineStateManager (PipelineStateManager.java:addPipeline(56)) - Created pipeline Pipeline[ Id: ada696bc-b17c-4043-a263-3b3409c95555, Nodes: 376583b5-abad-4180-897e-71183665062e{ip: 192.168.36.79, host: pr-hdds-1569-s8kj2-2266485376, networkLocation: /default-rack, certSerialId: null}, Type:RATIS, Factor:ONE, State:OPEN]
2019-09-20 04:50:17,012 [RatisPipelineUtilsThread] INFO  pipeline.PipelinePlacementPolicy (PipelinePlacementPolicy.java:meetCriteria(91)) - Pipeline Placement: Doesn't meet the criteria to be viable node： c9a37c78-8605-4a88-9b79-5cbe235210f1 Heaviness: 6 limit: 5
2019-09-20 04:50:17,013 [RatisPipelineUtilsThread] INFO  pipeline.PipelinePlacementPolicy (PipelinePlacementPolicy.java:meetCriteria(91)) - Pipeline Placement: Doesn't meet the criteria to be viable node： b3ecc8dd-01a1-4f26-a416-3a35ccdca24e Heaviness: 6 limit: 5
2019-09-20 04:50:17,015 [grpc-default-executor-1] INFO  impl.RaftServerProxy (RaftServerProxy.java:addNew(89)) - 376583b5-abad-4180-897e-71183665062e: addNew group-EFBBD13FB697:[376583b5-abad-4180-897e-71183665062e:192.168.36.79:39394] returns group-EFBBD13FB697:java.util.concurrent.CompletableFuture@2b48a6f1[Not completed]
2019-09-20 04:50:17,016 [pool-430-thread-1] INFO  impl.RaftServerImpl (RaftServerImpl.java:<init>(93)) - 376583b5-abad-4180-897e-71183665062e: new RaftServerImpl for group-EFBBD13FB697:[376583b5-abad-4180-897e-71183665062e:192.168.36.79:39394] with ContainerStateMachine:uninitialized
2019-09-20 04:50:17,016 [pool-430-thread-1] INFO  server.RaftServerConfigKeys (ConfUtils.java:logGet(43)) - raft.server.rpc.timeout.min = 5s (custom)
2019-09-20 04:50:17,016 [pool-430-thread-1] INFO  server.RaftServerConfigKeys (ConfUtils.java:logGet(43)) - raft.server.rpc.timeout.max = 5200ms (custom)
2019-09-20 04:50:17,016 [pool-430-thread-1] INFO  server.RaftServerConfigKeys (ConfUtils.java:logGet(43)) - raft.server.rpcslowness.timeout = 120s (custom)
2019-09-20 04:50:17,016 [pool-430-thread-1] INFO  server.RaftServerConfigKeys (ConfUtils.java:logGet(43)) - raft.server.sleep.deviation.threshold = 300 (default)
2019-09-20 04:50:17,016 [pool-430-thread-1] INFO  server.RaftServerConfigKeys (ConfUtils.java:logGet(43)) - raft.server.log.appender.install.snapshot.enabled = false (custom)
2019-09-20 04:50:17,017 [pool-430-thread-1] INFO  impl.RaftServerImpl (ServerState.java:<init>(105)) - 376583b5-abad-4180-897e-71183665062e:group-EFBBD13FB697 ConfigurationManager, init=-1: [376583b5-abad-4180-897e-71183665062e:192.168.36.79:39394], old=null, confs=<EMPTY_MAP>
2019-09-20 04:50:17,017 [pool-430-thread-1] INFO  server.RaftServerConfigKeys (ConfUtils.java:logGet(43)) - raft.server.storage.dir = [/workdir/hadoop-ozone/integration-test/target/test-dir/MiniOzoneClusterImpl-5481c8ea-466e-4137-a567-737be5b6f247/datanode-2/data/ratis] (custom)
2019-09-20 04:50:17,017 [pool-430-thread-1] INFO  storage.RaftStorageDirectory (RaftStorageDirectory.java:analyzeStorage(246)) - The storage directory /workdir/hadoop-ozone/integration-test/target/test-dir/MiniOzoneClusterImpl-5481c8ea-466e-4137-a567-737be5b6f247/datanode-2/data/ratis/432b024e-bf8f-4af0-92ba-efbbd13fb697 does not exist. Creating ...
2019-09-20 04:50:17,031 | INFO  | SCMAudit | user=jenkins1000 | ip=192.168.36.79 | op=SEND_HEARTBEAT {datanodeUUID=eaf3ecbe-c3b1-4969-ad3a-e4de7fb04f81, command=[]} | ret=SUCCESS |  
2019-09-20 04:50:17,031 | INFO  | SCMAudit | user=jenkins1000 | ip=192.168.36.79 | op=SEND_HEARTBEAT {datanodeUUID=236eed40-dd97-4fdc-a0ae-ab99685a426b, command=[]} | ret=SUCCESS |  
2019-09-20 04:50:17,031 | INFO  | SCMAudit | user=jenkins1000 | ip=192.168.36.79 | op=SEND_HEARTBEAT {datanodeUUID=1d91ad97-6666-4ee7-855a-8b5e944e7401, command=[]} | ret=SUCCESS |  
2019-09-20 04:50:17,051 | INFO  | SCMAudit | user=jenkins1000 | ip=192.168.36.79 | op=SEND_HEARTBEAT {datanodeUUID=d5424862-00f5-4f26-882d-9249b213a1ef, command=[]} | ret=SUCCESS |  
2019-09-20 04:50:17,051 | INFO  | SCMAudit | user=jenkins1000 | ip=192.168.36.79 | op=SEND_HEARTBEAT {datanodeUUID=db7872a1-bd52-4e68-8953-a9abbb9642a5, command=[]} | ret=SUCCESS |  
2019-09-20 04:50:17,052 | INFO  | SCMAudit | user=jenkins1000 | ip=192.168.36.79 | op=SEND_HEARTBEAT {datanodeUUID=42fc6e92-fcdd-4827-b621-9fc58a3d2315, command=[]} | ret=SUCCESS |  
2019-09-20 04:50:17,053 | INFO  | SCMAudit | user=jenkins1000 | ip=192.168.36.79 | op=SEND_HEARTBEAT {datanodeUUID=c9787825-ea51-4014-8feb-b4ee136c6b23, command=[]} | ret=SUCCESS |  
2019-09-20 04:50:17,053 | INFO  | SCMAudit | user=jenkins1000 | ip=192.168.36.79 | op=SEND_HEARTBEAT {datanodeUUID=3c2a6bfe-f5c5-4e23-89b0-850dab17697d, command=[]} | ret=SUCCESS |  
2019-09-20 04:50:17,053 | INFO  | SCMAudit | user=jenkins1000 | ip=192.168.36.79 | op=SEND_HEARTBEAT {datanodeUUID=5ea19b84-5385-4ae9-8412-c4cfa929b172, command=[]} | ret=SUCCESS |  
2019-09-20 04:50:17,053 | INFO  | SCMAudit | user=jenkins1000 | ip=192.168.36.79 | op=SEND_HEARTBEAT {datanodeUUID=fdbc37f2-9e58-4bac-a5d5-a78839d012e9, command=[]} | ret=SUCCESS |  
2019-09-20 04:50:17,054 | INFO  | SCMAudit | user=jenkins1000 | ip=192.168.36.79 | op=SEND_HEARTBEAT {datanodeUUID=a9bc59c4-b792-48d5-9db2-4e71770477b1, command=[]} | ret=SUCCESS |  
2019-09-20 04:50:17,054 | INFO  | SCMAudit | user=jenkins1000 | ip=192.168.36.79 | op=SEND_HEARTBEAT {datanodeUUID=6a6ac22f-fdb0-4283-a89a-a8bc92b139ca, command=[]} | ret=SUCCESS |  
2019-09-20 04:50:17,054 | INFO  | SCMAudit | user=jenkins1000 | ip=192.168.36.79 | op=SEND_HEARTBEAT {datanodeUUID=8d97392c-5f4b-400a-94a1-fb61a3ebbc99, command=[]} | ret=SUCCESS |  
2019-09-20 04:50:17,054 | INFO  | SCMAudit | user=jenkins1000 | ip=192.168.36.79 | op=SEND_HEARTBEAT {datanodeUUID=2702b462-69d8-4c1b-aae1-091a21fe08b8, command=[]} | ret=SUCCESS |  
2019-09-20 04:50:17,054 | INFO  | SCMAudit | user=jenkins1000 | ip=192.168.36.79 | op=SEND_HEARTBEAT {datanodeUUID=1b138595-92e4-4592-9dfc-2bb97fb4c88b, command=[]} | ret=SUCCESS |  
2019-09-20 04:50:17,055 | INFO  | SCMAudit | user=jenkins1000 | ip=192.168.36.79 | op=SEND_HEARTBEAT {datanodeUUID=8538cd65-7926-426b-8bad-fbd0f0550f9a, command=[]} | ret=SUCCESS |  
2019-09-20 04:50:17,055 | INFO  | SCMAudit | user=jenkins1000 | ip=192.168.36.79 | op=SEND_HEARTBEAT {datanodeUUID=eb30d72f-c0a8-4ecb-bfee-9120a9a6cddf, command=[]} | ret=SUCCESS |  
2019-09-20 04:50:17,055 | INFO  | SCMAudit | user=jenkins1000 | ip=192.168.36.79 | op=SEND_HEARTBEAT {datanodeUUID=c82e94d7-3693-4569-94b0-cf8ff008d5c0, command=[]} | ret=SUCCESS |  
2019-09-20 04:50:17,055 | INFO  | SCMAudit | user=jenkins1000 | ip=192.168.36.79 | op=SEND_HEARTBEAT {datanodeUUID=68a93ad8-b6a8-44e1-8a9f-45fcc58d229a, command=[]} | ret=SUCCESS |  
2019-09-20 04:50:17,055 | INFO  | SCMAudit | user=jenkins1000 | ip=192.168.36.79 | op=SEND_HEARTBEAT {datanodeUUID=ba95d636-ac34-4b74-a102-dec8d0f377c6, command=[]} | ret=SUCCESS |  
2019-09-20 04:50:17,055 | INFO  | SCMAudit | user=jenkins1000 | ip=192.168.36.79 | op=SEND_HEARTBEAT {datanodeUUID=2d6465ef-cffa-473a-a4c6-a9aa3f1a26c0, command=[]} | ret=SUCCESS |  
2019-09-20 04:50:17,055 | INFO  | SCMAudit | user=jenkins1000 | ip=192.168.36.79 | op=SEND_HEARTBEAT {datanodeUUID=f4e549ee-a6fa-4eb9-8541-129d0566fdf5, command=[]} | ret=SUCCESS |  
2019-09-20 04:50:17,055 | INFO  | SCMAudit | user=jenkins1000 | ip=192.168.36.79 | op=SEND_HEARTBEAT {datanodeUUID=0ad3f89e-804f-4845-89c5-5ff1a35a5dda, command=[]} | ret=SUCCESS |  
2019-09-20 04:50:17,056 | INFO  | SCMAudit | user=jenkins1000 | ip=192.168.36.79 | op=SEND_HEARTBEAT {datanodeUUID=dba845b8-ea76-4e09-ab03-0883d354e493, command=[]} | ret=SUCCESS |  
2019-09-20 04:50:17,056 | INFO  | SCMAudit | user=jenkins1000 | ip=192.168.36.79 | op=SEND_HEARTBEAT {datanodeUUID=bd1a845e-f2ed-4713-9516-9ccc20139040, command=[]} | ret=SUCCESS |  
2019-09-20 04:50:17,056 | INFO  | SCMAudit | user=jenkins1000 | ip=192.168.36.79 | op=SEND_HEARTBEAT {datanodeUUID=ea71b9af-1075-4196-9693-aa14e10f536d, command=[]} | ret=SUCCESS |  
2019-09-20 04:50:17,056 | INFO  | SCMAudit | user=jenkins1000 | ip=192.168.36.79 | op=SEND_HEARTBEAT {datanodeUUID=37fe2768-1af7-42e7-8542-10b932802b02, command=[]} | ret=SUCCESS |  
2019-09-20 04:50:17,056 | INFO  | SCMAudit | user=jenkins1000 | ip=192.168.36.79 | op=SEND_HEARTBEAT {datanodeUUID=c4f6294c-eda3-4afd-81f7-e69ed14da69f, command=[]} | ret=SUCCESS |  
2019-09-20 04:50:17,063 | INFO  | SCMAudit | user=jenkins1000 | ip=192.168.36.79 | op=SEND_HEARTBEAT {datanodeUUID=c9a37c78-8605-4a88-9b79-5cbe235210f1, command=[]} | ret=SUCCESS |  
2019-09-20 04:50:17,074 [pool-430-thread-1] INFO  storage.RaftStorageDirectory (RaftStorageDirectory.java:tryLock(328)) - Lock on /workdir/hadoop-ozone/integration-test/target/test-dir/MiniOzoneClusterImpl-5481c8ea-466e-4137-a567-737be5b6f247/datanode-2/data/ratis/432b024e-bf8f-4af0-92ba-efbbd13fb697/in_use.lock acquired by nodename 9457@pr-hdds-1569-s8kj2-2266485376
2019-09-20 04:50:17,101 [pool-430-thread-1] INFO  storage.RaftStorage (RaftStorage.java:format(72)) - Storage directory /workdir/hadoop-ozone/integration-test/target/test-dir/MiniOzoneClusterImpl-5481c8ea-466e-4137-a567-737be5b6f247/datanode-2/data/ratis/432b024e-bf8f-4af0-92ba-efbbd13fb697 has been successfully formatted.
2019-09-20 04:50:17,101 [pool-430-thread-1] INFO  ratis.ContainerStateMachine (ContainerStateMachine.java:loadSnapshot(226)) - group-EFBBD13FB697: The snapshot info is null. Setting the last applied indexto:(t:0, i:~)
2019-09-20 04:50:17,101 [pool-430-thread-1] INFO  server.RaftServerConfigKeys (ConfUtils.java:logGet(43)) - raft.server.leader.election.timeout = 120s (custom)
2019-09-20 04:50:17,101 [pool-430-thread-1] INFO  server.RaftServerConfigKeys (ConfUtils.java:logGet(43)) - raft.server.log.use.memory = false (default)
2019-09-20 04:50:17,101 [pool-430-thread-1] INFO  server.RaftServerConfigKeys (ConfUtils.java:logGet(43)) - raft.server.log.purge.gap = 1000000 (custom)
2019-09-20 04:50:17,102 [pool-430-thread-1] INFO  server.RaftServerConfigKeys (ConfUtils.java:logGet(43)) - raft.server.log.appender.buffer.byte-limit = 33554432 (custom)
2019-09-20 04:50:17,102 [pool-430-thread-1] INFO  server.RaftServerConfigKeys (ConfUtils.java:logGet(43)) - raft.server.log.segment.size.max = 1048576 (custom)
2019-09-20 04:50:17,102 [pool-430-thread-1] INFO  server.RaftServerConfigKeys (ConfUtils.java:logGet(43)) - raft.server.log.segment.cache.num.max = 2 (custom)
2019-09-20 04:50:17,102 [pool-430-thread-1] INFO  segmented.SegmentedRaftLogWorker (SegmentedRaftLogWorker.java:<init>(172)) - new 376583b5-abad-4180-897e-71183665062e-SegmentedRaftLogWorker:Storage Directory /workdir/hadoop-ozone/integration-test/target/test-dir/MiniOzoneClusterImpl-5481c8ea-466e-4137-a567-737be5b6f247/datanode-2/data/ratis/432b024e-bf8f-4af0-92ba-efbbd13fb697 for RaftStorage:Storage Directory /workdir/hadoop-ozone/integration-test/target/test-dir/MiniOzoneClusterImpl-5481c8ea-466e-4137-a567-737be5b6f247/datanode-2/data/ratis/432b024e-bf8f-4af0-92ba-efbbd13fb697
2019-09-20 04:50:17,102 [pool-430-thread-1] INFO  server.RaftServerConfigKeys (ConfUtils.java:logGet(43)) - raft.server.log.queue.byte-limit = 2147483647 (custom)
2019-09-20 04:50:17,102 [pool-430-thread-1] INFO  server.RaftServerConfigKeys (ConfUtils.java:logGet(43)) - raft.server.log.queue.element-limit = 1024 (custom)
2019-09-20 04:50:17,103 [pool-430-thread-1] INFO  server.RaftServerConfigKeys (ConfUtils.java:logGet(43)) - raft.server.log.segment.size.max = 1048576 (custom)
2019-09-20 04:50:17,103 [pool-430-thread-1] INFO  server.RaftServerConfigKeys (ConfUtils.java:logGet(43)) - raft.server.log.preallocated.size = 16384 (custom)
2019-09-20 04:50:17,103 [pool-430-thread-1] INFO  server.RaftServerConfigKeys (ConfUtils.java:logGet(43)) - raft.server.log.write.buffer.size = 33554432 (custom)
2019-09-20 04:50:17,103 [pool-430-thread-1] INFO  server.RaftServerConfigKeys (ConfUtils.java:logGet(43)) - raft.server.log.force.sync.num = 128 (default)
2019-09-20 04:50:17,103 [pool-430-thread-1] INFO  server.RaftServerConfigKeys (ConfUtils.java:logGet(43)) - raft.server.log.statemachine.data.sync = true (default)
2019-09-20 04:50:17,103 [pool-430-thread-1] INFO  server.RaftServerConfigKeys (ConfUtils.java:logGet(43)) - raft.server.log.statemachine.data.sync.timeout = 10s (default)
2019-09-20 04:50:17,103 [pool-430-thread-1] INFO  server.RaftServerConfigKeys (ConfUtils.java:logGet(43)) - raft.server.log.statemachine.data.sync.timeout.retry = -1 (default)
2019-09-20 04:50:17,104 [pool-430-thread-1] INFO  server.RaftServerConfigKeys (ConfUtils.java:logGet(43)) - raft.server.log.statemachine.data.caching.enabled = true (custom)
2019-09-20 04:50:17,104 [pool-430-thread-1] INFO  segmented.SegmentedRaftLogWorker (SegmentedRaftLogWorker.java:lambda$new$0(132)) - 376583b5-abad-4180-897e-71183665062e-SegmentedRaftLogWorker:Storage Directory /workdir/hadoop-ozone/integration-test/target/test-dir/MiniOzoneClusterImpl-5481c8ea-466e-4137-a567-737be5b6f247/datanode-2/data/ratis/432b024e-bf8f-4af0-92ba-efbbd13fb697: flushIndex: setUnconditionally 0 -> -1
2019-09-20 04:50:17,104 [pool-430-thread-1] INFO  server.RaftServerConfigKeys (ConfUtils.java:logGet(43)) - raft.server.snapshot.auto.trigger.enabled = true (custom)
2019-09-20 04:50:17,104 [pool-430-thread-1] INFO  server.RaftServerConfigKeys (ConfUtils.java:logGet(43)) - raft.server.snapshot.auto.trigger.threshold = 10000 (custom)
2019-09-20 04:50:17,105 [pool-430-thread-1] INFO  server.RaftServerConfigKeys (ConfUtils.java:logGet(43)) - raft.server.retrycache.expirytime = 600000ms (custom)
2019-09-20 04:50:17,105 [IPC Server handler 2 on 38264] INFO  net.NetworkTopology (NetworkTopologyImpl.java:add(110)) - Added a new node: /default-rack/c8347fee-8d34-4c42-854b-90a05a956525
2019-09-20 04:50:17,105 [pool-430-thread-1] INFO  impl.RaftServerImpl (RaftServerImpl.java:start(180)) - 376583b5-abad-4180-897e-71183665062e: start group-EFBBD13FB697
2019-09-20 04:50:17,105 [IPC Server handler 2 on 38264] INFO  node.SCMNodeManager (SCMNodeManager.java:register(273)) - Registered Data node : c8347fee-8d34-4c42-854b-90a05a956525{ip: 192.168.36.79, host: pr-hdds-1569-s8kj2-2266485376, networkLocation: /default-rack, certSerialId: null}
2019-09-20 04:50:17,105 [pool-430-thread-1] INFO  impl.RaftServerImpl (RaftServerImpl.java:setRole(171)) - 376583b5-abad-4180-897e-71183665062e:group-EFBBD13FB697 changes role from null to FOLLOWER at term 0 for startAsFollower
2019-09-20 04:50:17,105 | INFO  | SCMAudit | user=jenkins1000 | ip=192.168.36.79 | op=REGISTER {datanodeDetails=c8347fee-8d34-4c42-854b-90a05a956525{ip: 192.168.36.79, host: pr-hdds-1569-s8kj2-2266485376, networkLocation: /default-rack, certSerialId: null}} | ret=SUCCESS |  
2019-09-20 04:50:17,105 [pool-430-thread-1] INFO  impl.RoleInfo (RoleInfo.java:updateAndGet(143)) - 376583b5-abad-4180-897e-71183665062e: start FollowerState
2019-09-20 04:50:17,106 [pool-430-thread-1] INFO  util.JmxRegister (JmxRegister.java:tryRegister(44)) - Successfully registered JMX Bean with object name Ratis:service=RaftServer,group=group-EFBBD13FB697,id=376583b5-abad-4180-897e-71183665062e
2019-09-20 04:50:17,108 [RatisPipelineUtilsThread] INFO  pipeline.PipelineStateManager (PipelineStateManager.java:addPipeline(56)) - Created pipeline Pipeline[ Id: 432b024e-bf8f-4af0-92ba-efbbd13fb697, Nodes: 376583b5-abad-4180-897e-71183665062e{ip: 192.168.36.79, host: pr-hdds-1569-s8kj2-2266485376, networkLocation: /default-rack, certSerialId: null}, Type:RATIS, Factor:ONE, State:OPEN]
2019-09-20 04:50:17,108 [RatisPipelineUtilsThread] INFO  pipeline.PipelinePlacementPolicy (PipelinePlacementPolicy.java:meetCriteria(91)) - Pipeline Placement: Doesn't meet the criteria to be viable node： 376583b5-abad-4180-897e-71183665062e Heaviness: 6 limit: 5
2019-09-20 04:50:17,108 [RatisPipelineUtilsThread] INFO  pipeline.PipelinePlacementPolicy (PipelinePlacementPolicy.java:meetCriteria(91)) - Pipeline Placement: Doesn't meet the criteria to be viable node： c9a37c78-8605-4a88-9b79-5cbe235210f1 Heaviness: 6 limit: 5
2019-09-20 04:50:17,109 [RatisPipelineUtilsThread] INFO  pipeline.PipelinePlacementPolicy (PipelinePlacementPolicy.java:meetCriteria(91)) - Pipeline Placement: Doesn't meet the criteria to be viable node： b3ecc8dd-01a1-4f26-a416-3a35ccdca24e Heaviness: 6 limit: 5
2019-09-20 04:50:17,124 [grpc-default-executor-1] INFO  impl.RaftServerProxy (RaftServerProxy.java:addNew(89)) - c8347fee-8d34-4c42-854b-90a05a956525: addNew group-685D87D27FE6:[c8347fee-8d34-4c42-854b-90a05a956525:192.168.36.79:33854] returns group-685D87D27FE6:java.util.concurrent.CompletableFuture@121d0b04[Not completed]
2019-09-20 04:50:17,124 [pool-441-thread-1] INFO  impl.RaftServerImpl (RaftServerImpl.java:<init>(93)) - c8347fee-8d34-4c42-854b-90a05a956525: new RaftServerImpl for group-685D87D27FE6:[c8347fee-8d34-4c42-854b-90a05a956525:192.168.36.79:33854] with ContainerStateMachine:uninitialized
2019-09-20 04:50:17,124 [pool-441-thread-1] INFO  server.RaftServerConfigKeys (ConfUtils.java:logGet(43)) - raft.server.rpc.timeout.min = 5s (custom)
2019-09-20 04:50:17,124 [pool-441-thread-1] INFO  server.RaftServerConfigKeys (ConfUtils.java:logGet(43)) - raft.server.rpc.timeout.max = 5200ms (custom)
2019-09-20 04:50:17,125 [pool-441-thread-1] INFO  server.RaftServerConfigKeys (ConfUtils.java:logGet(43)) - raft.server.rpcslowness.timeout = 120s (custom)
2019-09-20 04:50:17,125 [pool-441-thread-1] INFO  server.RaftServerConfigKeys (ConfUtils.java:logGet(43)) - raft.server.sleep.deviation.threshold = 300 (default)
2019-09-20 04:50:17,125 [pool-441-thread-1] INFO  server.RaftServerConfigKeys (ConfUtils.java:logGet(43)) - raft.server.log.appender.install.snapshot.enabled = false (custom)
2019-09-20 04:50:17,125 [pool-441-thread-1] INFO  impl.RaftServerImpl (ServerState.java:<init>(105)) - c8347fee-8d34-4c42-854b-90a05a956525:group-685D87D27FE6 ConfigurationManager, init=-1: [c8347fee-8d34-4c42-854b-90a05a956525:192.168.36.79:33854], old=null, confs=<EMPTY_MAP>
2019-09-20 04:50:17,125 [pool-441-thread-1] INFO  server.RaftServerConfigKeys (ConfUtils.java:logGet(43)) - raft.server.storage.dir = [/workdir/hadoop-ozone/integration-test/target/test-dir/MiniOzoneClusterImpl-5481c8ea-466e-4137-a567-737be5b6f247/datanode-3/data/ratis] (custom)
2019-09-20 04:50:17,125 [pool-441-thread-1] INFO  storage.RaftStorageDirectory (RaftStorageDirectory.java:analyzeStorage(246)) - The storage directory /workdir/hadoop-ozone/integration-test/target/test-dir/MiniOzoneClusterImpl-5481c8ea-466e-4137-a567-737be5b6f247/datanode-3/data/ratis/75012c89-e430-4b30-be9c-685d87d27fe6 does not exist. Creating ...
2019-09-20 04:50:17,143 [pool-441-thread-1] INFO  storage.RaftStorageDirectory (RaftStorageDirectory.java:tryLock(328)) - Lock on /workdir/hadoop-ozone/integration-test/target/test-dir/MiniOzoneClusterImpl-5481c8ea-466e-4137-a567-737be5b6f247/datanode-3/data/ratis/75012c89-e430-4b30-be9c-685d87d27fe6/in_use.lock acquired by nodename 9457@pr-hdds-1569-s8kj2-2266485376
2019-09-20 04:50:17,160 [pool-441-thread-1] INFO  storage.RaftStorage (RaftStorage.java:format(72)) - Storage directory /workdir/hadoop-ozone/integration-test/target/test-dir/MiniOzoneClusterImpl-5481c8ea-466e-4137-a567-737be5b6f247/datanode-3/data/ratis/75012c89-e430-4b30-be9c-685d87d27fe6 has been successfully formatted.
2019-09-20 04:50:17,160 [pool-441-thread-1] INFO  ratis.ContainerStateMachine (ContainerStateMachine.java:loadSnapshot(226)) - group-685D87D27FE6: The snapshot info is null. Setting the last applied indexto:(t:0, i:~)
2019-09-20 04:50:17,160 [pool-441-thread-1] INFO  server.RaftServerConfigKeys (ConfUtils.java:logGet(43)) - raft.server.leader.election.timeout = 120s (custom)
2019-09-20 04:50:17,160 [pool-441-thread-1] INFO  server.RaftServerConfigKeys (ConfUtils.java:logGet(43)) - raft.server.log.use.memory = false (default)
2019-09-20 04:50:17,160 [pool-441-thread-1] INFO  server.RaftServerConfigKeys (ConfUtils.java:logGet(43)) - raft.server.log.purge.gap = 1000000 (custom)
2019-09-20 04:50:17,160 [pool-441-thread-1] INFO  server.RaftServerConfigKeys (ConfUtils.java:logGet(43)) - raft.server.log.appender.buffer.byte-limit = 33554432 (custom)
2019-09-20 04:50:17,160 [pool-441-thread-1] INFO  server.RaftServerConfigKeys (ConfUtils.java:logGet(43)) - raft.server.log.segment.size.max = 1048576 (custom)
2019-09-20 04:50:17,161 [pool-441-thread-1] INFO  server.RaftServerConfigKeys (ConfUtils.java:logGet(43)) - raft.server.log.segment.cache.num.max = 2 (custom)
2019-09-20 04:50:17,161 [pool-441-thread-1] INFO  segmented.SegmentedRaftLogWorker (SegmentedRaftLogWorker.java:<init>(172)) - new c8347fee-8d34-4c42-854b-90a05a956525-SegmentedRaftLogWorker:Storage Directory /workdir/hadoop-ozone/integration-test/target/test-dir/MiniOzoneClusterImpl-5481c8ea-466e-4137-a567-737be5b6f247/datanode-3/data/ratis/75012c89-e430-4b30-be9c-685d87d27fe6 for RaftStorage:Storage Directory /workdir/hadoop-ozone/integration-test/target/test-dir/MiniOzoneClusterImpl-5481c8ea-466e-4137-a567-737be5b6f247/datanode-3/data/ratis/75012c89-e430-4b30-be9c-685d87d27fe6
2019-09-20 04:50:17,161 [pool-441-thread-1] INFO  server.RaftServerConfigKeys (ConfUtils.java:logGet(43)) - raft.server.log.queue.byte-limit = 2147483647 (custom)
2019-09-20 04:50:17,161 [pool-441-thread-1] INFO  server.RaftServerConfigKeys (ConfUtils.java:logGet(43)) - raft.server.log.queue.element-limit = 1024 (custom)
2019-09-20 04:50:17,161 [pool-441-thread-1] INFO  server.RaftServerConfigKeys (ConfUtils.java:logGet(43)) - raft.server.log.segment.size.max = 1048576 (custom)
2019-09-20 04:50:17,161 [pool-441-thread-1] INFO  server.RaftServerConfigKeys (ConfUtils.java:logGet(43)) - raft.server.log.preallocated.size = 16384 (custom)
2019-09-20 04:50:17,161 [pool-441-thread-1] INFO  server.RaftServerConfigKeys (ConfUtils.java:logGet(43)) - raft.server.log.write.buffer.size = 33554432 (custom)
2019-09-20 04:50:17,161 [pool-441-thread-1] INFO  server.RaftServerConfigKeys (ConfUtils.java:logGet(43)) - raft.server.log.force.sync.num = 128 (default)
2019-09-20 04:50:17,161 [pool-441-thread-1] INFO  server.RaftServerConfigKeys (ConfUtils.java:logGet(43)) - raft.server.log.statemachine.data.sync = true (default)
2019-09-20 04:50:17,161 [pool-441-thread-1] INFO  server.RaftServerConfigKeys (ConfUtils.java:logGet(43)) - raft.server.log.statemachine.data.sync.timeout = 10s (default)
2019-09-20 04:50:17,161 [pool-441-thread-1] INFO  server.RaftServerConfigKeys (ConfUtils.java:logGet(43)) - raft.server.log.statemachine.data.sync.timeout.retry = -1 (default)
2019-09-20 04:50:17,162 [pool-441-thread-1] INFO  server.RaftServerConfigKeys (ConfUtils.java:logGet(43)) - raft.server.log.statemachine.data.caching.enabled = true (custom)
2019-09-20 04:50:17,162 [pool-441-thread-1] INFO  segmented.SegmentedRaftLogWorker (SegmentedRaftLogWorker.java:lambda$new$0(132)) - c8347fee-8d34-4c42-854b-90a05a956525-SegmentedRaftLogWorker:Storage Directory /workdir/hadoop-ozone/integration-test/target/test-dir/MiniOzoneClusterImpl-5481c8ea-466e-4137-a567-737be5b6f247/datanode-3/data/ratis/75012c89-e430-4b30-be9c-685d87d27fe6: flushIndex: setUnconditionally 0 -> -1
2019-09-20 04:50:17,162 [pool-441-thread-1] INFO  server.RaftServerConfigKeys (ConfUtils.java:logGet(43)) - raft.server.snapshot.auto.trigger.enabled = true (custom)
2019-09-20 04:50:17,162 [pool-441-thread-1] INFO  server.RaftServerConfigKeys (ConfUtils.java:logGet(43)) - raft.server.snapshot.auto.trigger.threshold = 10000 (custom)
2019-09-20 04:50:17,162 [pool-441-thread-1] INFO  server.RaftServerConfigKeys (ConfUtils.java:logGet(43)) - raft.server.retrycache.expirytime = 600000ms (custom)
2019-09-20 04:50:17,162 [pool-441-thread-1] INFO  impl.RaftServerImpl (RaftServerImpl.java:start(180)) - c8347fee-8d34-4c42-854b-90a05a956525: start group-685D87D27FE6
2019-09-20 04:50:17,162 [pool-441-thread-1] INFO  impl.RaftServerImpl (RaftServerImpl.java:setRole(171)) - c8347fee-8d34-4c42-854b-90a05a956525:group-685D87D27FE6 changes role from null to FOLLOWER at term 0 for startAsFollower
2019-09-20 04:50:17,163 [pool-441-thread-1] INFO  impl.RoleInfo (RoleInfo.java:updateAndGet(143)) - c8347fee-8d34-4c42-854b-90a05a956525: start FollowerState
2019-09-20 04:50:17,163 [pool-441-thread-1] INFO  util.JmxRegister (JmxRegister.java:tryRegister(44)) - Successfully registered JMX Bean with object name Ratis:service=RaftServer,group=group-685D87D27FE6,id=c8347fee-8d34-4c42-854b-90a05a956525
2019-09-20 04:50:17,165 [RatisPipelineUtilsThread] INFO  pipeline.PipelineStateManager (PipelineStateManager.java:addPipeline(56)) - Created pipeline Pipeline[ Id: 75012c89-e430-4b30-be9c-685d87d27fe6, Nodes: c8347fee-8d34-4c42-854b-90a05a956525{ip: 192.168.36.79, host: pr-hdds-1569-s8kj2-2266485376, networkLocation: /default-rack, certSerialId: null}, Type:RATIS, Factor:ONE, State:OPEN]
2019-09-20 04:50:17,165 [RatisPipelineUtilsThread] INFO  pipeline.PipelinePlacementPolicy (PipelinePlacementPolicy.java:meetCriteria(91)) - Pipeline Placement: Doesn't meet the criteria to be viable node： 376583b5-abad-4180-897e-71183665062e Heaviness: 6 limit: 5
2019-09-20 04:50:17,165 [RatisPipelineUtilsThread] INFO  pipeline.PipelinePlacementPolicy (PipelinePlacementPolicy.java:meetCriteria(91)) - Pipeline Placement: Doesn't meet the criteria to be viable node： c9a37c78-8605-4a88-9b79-5cbe235210f1 Heaviness: 6 limit: 5
2019-09-20 04:50:17,165 [RatisPipelineUtilsThread] INFO  pipeline.PipelinePlacementPolicy (PipelinePlacementPolicy.java:meetCriteria(91)) - Pipeline Placement: Doesn't meet the criteria to be viable node： b3ecc8dd-01a1-4f26-a416-3a35ccdca24e Heaviness: 6 limit: 5
2019-09-20 04:50:17,169 [grpc-default-executor-1] INFO  impl.RaftServerProxy (RaftServerProxy.java:addNew(89)) - c8347fee-8d34-4c42-854b-90a05a956525: addNew group-23B1B6AE809B:[c8347fee-8d34-4c42-854b-90a05a956525:192.168.36.79:33854] returns group-23B1B6AE809B:java.util.concurrent.CompletableFuture@74e7bca4[Not completed]
2019-09-20 04:50:17,170 [pool-441-thread-1] INFO  impl.RaftServerImpl (RaftServerImpl.java:<init>(93)) - c8347fee-8d34-4c42-854b-90a05a956525: new RaftServerImpl for group-23B1B6AE809B:[c8347fee-8d34-4c42-854b-90a05a956525:192.168.36.79:33854] with ContainerStateMachine:uninitialized
2019-09-20 04:50:17,170 [pool-441-thread-1] INFO  server.RaftServerConfigKeys (ConfUtils.java:logGet(43)) - raft.server.rpc.timeout.min = 5s (custom)
2019-09-20 04:50:17,170 [pool-441-thread-1] INFO  server.RaftServerConfigKeys (ConfUtils.java:logGet(43)) - raft.server.rpc.timeout.max = 5200ms (custom)
2019-09-20 04:50:17,170 [pool-441-thread-1] INFO  server.RaftServerConfigKeys (ConfUtils.java:logGet(43)) - raft.server.rpcslowness.timeout = 120s (custom)
2019-09-20 04:50:17,170 [pool-441-thread-1] INFO  server.RaftServerConfigKeys (ConfUtils.java:logGet(43)) - raft.server.sleep.deviation.threshold = 300 (default)
2019-09-20 04:50:17,170 [pool-441-thread-1] INFO  server.RaftServerConfigKeys (ConfUtils.java:logGet(43)) - raft.server.log.appender.install.snapshot.enabled = false (custom)
2019-09-20 04:50:17,170 [pool-441-thread-1] INFO  impl.RaftServerImpl (ServerState.java:<init>(105)) - c8347fee-8d34-4c42-854b-90a05a956525:group-23B1B6AE809B ConfigurationManager, init=-1: [c8347fee-8d34-4c42-854b-90a05a956525:192.168.36.79:33854], old=null, confs=<EMPTY_MAP>
2019-09-20 04:50:17,170 [pool-441-thread-1] INFO  server.RaftServerConfigKeys (ConfUtils.java:logGet(43)) - raft.server.storage.dir = [/workdir/hadoop-ozone/integration-test/target/test-dir/MiniOzoneClusterImpl-5481c8ea-466e-4137-a567-737be5b6f247/datanode-3/data/ratis] (custom)
2019-09-20 04:50:17,171 [pool-441-thread-1] INFO  storage.RaftStorageDirectory (RaftStorageDirectory.java:analyzeStorage(246)) - The storage directory /workdir/hadoop-ozone/integration-test/target/test-dir/MiniOzoneClusterImpl-5481c8ea-466e-4137-a567-737be5b6f247/datanode-3/data/ratis/81d6f58a-857a-4838-b76c-23b1b6ae809b does not exist. Creating ...
2019-09-20 04:50:17,194 [pool-441-thread-1] INFO  storage.RaftStorageDirectory (RaftStorageDirectory.java:tryLock(328)) - Lock on /workdir/hadoop-ozone/integration-test/target/test-dir/MiniOzoneClusterImpl-5481c8ea-466e-4137-a567-737be5b6f247/datanode-3/data/ratis/81d6f58a-857a-4838-b76c-23b1b6ae809b/in_use.lock acquired by nodename 9457@pr-hdds-1569-s8kj2-2266485376
2019-09-20 04:50:17,211 [pool-441-thread-1] INFO  storage.RaftStorage (RaftStorage.java:format(72)) - Storage directory /workdir/hadoop-ozone/integration-test/target/test-dir/MiniOzoneClusterImpl-5481c8ea-466e-4137-a567-737be5b6f247/datanode-3/data/ratis/81d6f58a-857a-4838-b76c-23b1b6ae809b has been successfully formatted.
2019-09-20 04:50:17,211 [pool-441-thread-1] INFO  ratis.ContainerStateMachine (ContainerStateMachine.java:loadSnapshot(226)) - group-23B1B6AE809B: The snapshot info is null. Setting the last applied indexto:(t:0, i:~)
2019-09-20 04:50:17,211 [pool-441-thread-1] INFO  server.RaftServerConfigKeys (ConfUtils.java:logGet(43)) - raft.server.leader.election.timeout = 120s (custom)
2019-09-20 04:50:17,211 [pool-441-thread-1] INFO  server.RaftServerConfigKeys (ConfUtils.java:logGet(43)) - raft.server.log.use.memory = false (default)
2019-09-20 04:50:17,211 [pool-441-thread-1] INFO  server.RaftServerConfigKeys (ConfUtils.java:logGet(43)) - raft.server.log.purge.gap = 1000000 (custom)
2019-09-20 04:50:17,211 [pool-441-thread-1] INFO  server.RaftServerConfigKeys (ConfUtils.java:logGet(43)) - raft.server.log.appender.buffer.byte-limit = 33554432 (custom)
2019-09-20 04:50:17,211 [pool-441-thread-1] INFO  server.RaftServerConfigKeys (ConfUtils.java:logGet(43)) - raft.server.log.segment.size.max = 1048576 (custom)
2019-09-20 04:50:17,211 [pool-441-thread-1] INFO  server.RaftServerConfigKeys (ConfUtils.java:logGet(43)) - raft.server.log.segment.cache.num.max = 2 (custom)
2019-09-20 04:50:17,211 [pool-441-thread-1] INFO  segmented.SegmentedRaftLogWorker (SegmentedRaftLogWorker.java:<init>(172)) - new c8347fee-8d34-4c42-854b-90a05a956525-SegmentedRaftLogWorker:Storage Directory /workdir/hadoop-ozone/integration-test/target/test-dir/MiniOzoneClusterImpl-5481c8ea-466e-4137-a567-737be5b6f247/datanode-3/data/ratis/81d6f58a-857a-4838-b76c-23b1b6ae809b for RaftStorage:Storage Directory /workdir/hadoop-ozone/integration-test/target/test-dir/MiniOzoneClusterImpl-5481c8ea-466e-4137-a567-737be5b6f247/datanode-3/data/ratis/81d6f58a-857a-4838-b76c-23b1b6ae809b
2019-09-20 04:50:17,212 [pool-441-thread-1] INFO  server.RaftServerConfigKeys (ConfUtils.java:logGet(43)) - raft.server.log.queue.byte-limit = 2147483647 (custom)
2019-09-20 04:50:17,212 [pool-441-thread-1] INFO  server.RaftServerConfigKeys (ConfUtils.java:logGet(43)) - raft.server.log.queue.element-limit = 1024 (custom)
2019-09-20 04:50:17,212 [pool-441-thread-1] INFO  server.RaftServerConfigKeys (ConfUtils.java:logGet(43)) - raft.server.log.segment.size.max = 1048576 (custom)
2019-09-20 04:50:17,212 [pool-441-thread-1] INFO  server.RaftServerConfigKeys (ConfUtils.java:logGet(43)) - raft.server.log.preallocated.size = 16384 (custom)
2019-09-20 04:50:17,212 [pool-441-thread-1] INFO  server.RaftServerConfigKeys (ConfUtils.java:logGet(43)) - raft.server.log.write.buffer.size = 33554432 (custom)
2019-09-20 04:50:17,212 [pool-441-thread-1] INFO  server.RaftServerConfigKeys (ConfUtils.java:logGet(43)) - raft.server.log.force.sync.num = 128 (default)
2019-09-20 04:50:17,212 [pool-441-thread-1] INFO  server.RaftServerConfigKeys (ConfUtils.java:logGet(43)) - raft.server.log.statemachine.data.sync = true (default)
2019-09-20 04:50:17,213 [pool-441-thread-1] INFO  server.RaftServerConfigKeys (ConfUtils.java:logGet(43)) - raft.server.log.statemachine.data.sync.timeout = 10s (default)
2019-09-20 04:50:17,213 [pool-441-thread-1] INFO  server.RaftServerConfigKeys (ConfUtils.java:logGet(43)) - raft.server.log.statemachine.data.sync.timeout.retry = -1 (default)
2019-09-20 04:50:17,213 [pool-441-thread-1] INFO  server.RaftServerConfigKeys (ConfUtils.java:logGet(43)) - raft.server.log.statemachine.data.caching.enabled = true (custom)
2019-09-20 04:50:17,213 [pool-441-thread-1] INFO  segmented.SegmentedRaftLogWorker (SegmentedRaftLogWorker.java:lambda$new$0(132)) - c8347fee-8d34-4c42-854b-90a05a956525-SegmentedRaftLogWorker:Storage Directory /workdir/hadoop-ozone/integration-test/target/test-dir/MiniOzoneClusterImpl-5481c8ea-466e-4137-a567-737be5b6f247/datanode-3/data/ratis/81d6f58a-857a-4838-b76c-23b1b6ae809b: flushIndex: setUnconditionally 0 -> -1
2019-09-20 04:50:17,213 [pool-441-thread-1] INFO  server.RaftServerConfigKeys (ConfUtils.java:logGet(43)) - raft.server.snapshot.auto.trigger.enabled = true (custom)
2019-09-20 04:50:17,214 [pool-441-thread-1] INFO  server.RaftServerConfigKeys (ConfUtils.java:logGet(43)) - raft.server.snapshot.auto.trigger.threshold = 10000 (custom)
2019-09-20 04:50:17,214 [pool-441-thread-1] INFO  server.RaftServerConfigKeys (ConfUtils.java:logGet(43)) - raft.server.retrycache.expirytime = 600000ms (custom)
2019-09-20 04:50:17,214 [pool-441-thread-1] INFO  impl.RaftServerImpl (RaftServerImpl.java:start(180)) - c8347fee-8d34-4c42-854b-90a05a956525: start group-23B1B6AE809B
2019-09-20 04:50:17,214 [pool-441-thread-1] INFO  impl.RaftServerImpl (RaftServerImpl.java:setRole(171)) - c8347fee-8d34-4c42-854b-90a05a956525:group-23B1B6AE809B changes role from null to FOLLOWER at term 0 for startAsFollower
2019-09-20 04:50:17,214 [pool-441-thread-1] INFO  impl.RoleInfo (RoleInfo.java:updateAndGet(143)) - c8347fee-8d34-4c42-854b-90a05a956525: start FollowerState
2019-09-20 04:50:17,214 [pool-441-thread-1] INFO  util.JmxRegister (JmxRegister.java:tryRegister(44)) - Successfully registered JMX Bean with object name Ratis:service=RaftServer,group=group-23B1B6AE809B,id=c8347fee-8d34-4c42-854b-90a05a956525
2019-09-20 04:50:17,217 [RatisPipelineUtilsThread] INFO  pipeline.PipelineStateManager (PipelineStateManager.java:addPipeline(56)) - Created pipeline Pipeline[ Id: 81d6f58a-857a-4838-b76c-23b1b6ae809b, Nodes: c8347fee-8d34-4c42-854b-90a05a956525{ip: 192.168.36.79, host: pr-hdds-1569-s8kj2-2266485376, networkLocation: /default-rack, certSerialId: null}, Type:RATIS, Factor:ONE, State:OPEN]
2019-09-20 04:50:17,217 [RatisPipelineUtilsThread] INFO  pipeline.PipelinePlacementPolicy (PipelinePlacementPolicy.java:meetCriteria(91)) - Pipeline Placement: Doesn't meet the criteria to be viable node： 376583b5-abad-4180-897e-71183665062e Heaviness: 6 limit: 5
2019-09-20 04:50:17,217 [RatisPipelineUtilsThread] INFO  pipeline.PipelinePlacementPolicy (PipelinePlacementPolicy.java:meetCriteria(91)) - Pipeline Placement: Doesn't meet the criteria to be viable node： c9a37c78-8605-4a88-9b79-5cbe235210f1 Heaviness: 6 limit: 5
2019-09-20 04:50:17,217 [RatisPipelineUtilsThread] INFO  pipeline.PipelinePlacementPolicy (PipelinePlacementPolicy.java:meetCriteria(91)) - Pipeline Placement: Doesn't meet the criteria to be viable node： b3ecc8dd-01a1-4f26-a416-3a35ccdca24e Heaviness: 6 limit: 5
2019-09-20 04:50:17,221 [grpc-default-executor-1] INFO  impl.RaftServerProxy (RaftServerProxy.java:addNew(89)) - c8347fee-8d34-4c42-854b-90a05a956525: addNew group-C3883477B1C7:[c8347fee-8d34-4c42-854b-90a05a956525:192.168.36.79:33854] returns group-C3883477B1C7:java.util.concurrent.CompletableFuture@15047758[Not completed]
2019-09-20 04:50:17,221 [pool-441-thread-1] INFO  impl.RaftServerImpl (RaftServerImpl.java:<init>(93)) - c8347fee-8d34-4c42-854b-90a05a956525: new RaftServerImpl for group-C3883477B1C7:[c8347fee-8d34-4c42-854b-90a05a956525:192.168.36.79:33854] with ContainerStateMachine:uninitialized
2019-09-20 04:50:17,221 [pool-441-thread-1] INFO  server.RaftServerConfigKeys (ConfUtils.java:logGet(43)) - raft.server.rpc.timeout.min = 5s (custom)
2019-09-20 04:50:17,221 [pool-441-thread-1] INFO  server.RaftServerConfigKeys (ConfUtils.java:logGet(43)) - raft.server.rpc.timeout.max = 5200ms (custom)
2019-09-20 04:50:17,222 [pool-441-thread-1] INFO  server.RaftServerConfigKeys (ConfUtils.java:logGet(43)) - raft.server.rpcslowness.timeout = 120s (custom)
2019-09-20 04:50:17,222 [pool-441-thread-1] INFO  server.RaftServerConfigKeys (ConfUtils.java:logGet(43)) - raft.server.sleep.deviation.threshold = 300 (default)
2019-09-20 04:50:17,222 [pool-441-thread-1] INFO  server.RaftServerConfigKeys (ConfUtils.java:logGet(43)) - raft.server.log.appender.install.snapshot.enabled = false (custom)
2019-09-20 04:50:17,222 [pool-441-thread-1] INFO  impl.RaftServerImpl (ServerState.java:<init>(105)) - c8347fee-8d34-4c42-854b-90a05a956525:group-C3883477B1C7 ConfigurationManager, init=-1: [c8347fee-8d34-4c42-854b-90a05a956525:192.168.36.79:33854], old=null, confs=<EMPTY_MAP>
2019-09-20 04:50:17,222 [pool-441-thread-1] INFO  server.RaftServerConfigKeys (ConfUtils.java:logGet(43)) - raft.server.storage.dir = [/workdir/hadoop-ozone/integration-test/target/test-dir/MiniOzoneClusterImpl-5481c8ea-466e-4137-a567-737be5b6f247/datanode-3/data/ratis] (custom)
2019-09-20 04:50:17,222 [pool-441-thread-1] INFO  storage.RaftStorageDirectory (RaftStorageDirectory.java:analyzeStorage(246)) - The storage directory /workdir/hadoop-ozone/integration-test/target/test-dir/MiniOzoneClusterImpl-5481c8ea-466e-4137-a567-737be5b6f247/datanode-3/data/ratis/7ea5415f-2c31-4ed8-9762-c3883477b1c7 does not exist. Creating ...
2019-09-20 04:50:17,244 [pool-441-thread-1] INFO  storage.RaftStorageDirectory (RaftStorageDirectory.java:tryLock(328)) - Lock on /workdir/hadoop-ozone/integration-test/target/test-dir/MiniOzoneClusterImpl-5481c8ea-466e-4137-a567-737be5b6f247/datanode-3/data/ratis/7ea5415f-2c31-4ed8-9762-c3883477b1c7/in_use.lock acquired by nodename 9457@pr-hdds-1569-s8kj2-2266485376
2019-09-20 04:50:17,261 [pool-441-thread-1] INFO  storage.RaftStorage (RaftStorage.java:format(72)) - Storage directory /workdir/hadoop-ozone/integration-test/target/test-dir/MiniOzoneClusterImpl-5481c8ea-466e-4137-a567-737be5b6f247/datanode-3/data/ratis/7ea5415f-2c31-4ed8-9762-c3883477b1c7 has been successfully formatted.
2019-09-20 04:50:17,262 [pool-441-thread-1] INFO  ratis.ContainerStateMachine (ContainerStateMachine.java:loadSnapshot(226)) - group-C3883477B1C7: The snapshot info is null. Setting the last applied indexto:(t:0, i:~)
2019-09-20 04:50:17,262 [pool-441-thread-1] INFO  server.RaftServerConfigKeys (ConfUtils.java:logGet(43)) - raft.server.leader.election.timeout = 120s (custom)
2019-09-20 04:50:17,262 [pool-441-thread-1] INFO  server.RaftServerConfigKeys (ConfUtils.java:logGet(43)) - raft.server.log.use.memory = false (default)
2019-09-20 04:50:17,262 [pool-441-thread-1] INFO  server.RaftServerConfigKeys (ConfUtils.java:logGet(43)) - raft.server.log.purge.gap = 1000000 (custom)
2019-09-20 04:50:17,262 [pool-441-thread-1] INFO  server.RaftServerConfigKeys (ConfUtils.java:logGet(43)) - raft.server.log.appender.buffer.byte-limit = 33554432 (custom)
2019-09-20 04:50:17,262 [pool-441-thread-1] INFO  server.RaftServerConfigKeys (ConfUtils.java:logGet(43)) - raft.server.log.segment.size.max = 1048576 (custom)
2019-09-20 04:50:17,262 [pool-441-thread-1] INFO  server.RaftServerConfigKeys (ConfUtils.java:logGet(43)) - raft.server.log.segment.cache.num.max = 2 (custom)
2019-09-20 04:50:17,262 [pool-441-thread-1] INFO  segmented.SegmentedRaftLogWorker (SegmentedRaftLogWorker.java:<init>(172)) - new c8347fee-8d34-4c42-854b-90a05a956525-SegmentedRaftLogWorker:Storage Directory /workdir/hadoop-ozone/integration-test/target/test-dir/MiniOzoneClusterImpl-5481c8ea-466e-4137-a567-737be5b6f247/datanode-3/data/ratis/7ea5415f-2c31-4ed8-9762-c3883477b1c7 for RaftStorage:Storage Directory /workdir/hadoop-ozone/integration-test/target/test-dir/MiniOzoneClusterImpl-5481c8ea-466e-4137-a567-737be5b6f247/datanode-3/data/ratis/7ea5415f-2c31-4ed8-9762-c3883477b1c7
2019-09-20 04:50:17,263 [pool-441-thread-1] INFO  server.RaftServerConfigKeys (ConfUtils.java:logGet(43)) - raft.server.log.queue.byte-limit = 2147483647 (custom)
2019-09-20 04:50:17,263 [pool-441-thread-1] INFO  server.RaftServerConfigKeys (ConfUtils.java:logGet(43)) - raft.server.log.queue.element-limit = 1024 (custom)
2019-09-20 04:50:17,263 [pool-441-thread-1] INFO  server.RaftServerConfigKeys (ConfUtils.java:logGet(43)) - raft.server.log.segment.size.max = 1048576 (custom)
2019-09-20 04:50:17,263 [pool-441-thread-1] INFO  server.RaftServerConfigKeys (ConfUtils.java:logGet(43)) - raft.server.log.preallocated.size = 16384 (custom)
2019-09-20 04:50:17,263 [pool-441-thread-1] INFO  server.RaftServerConfigKeys (ConfUtils.java:logGet(43)) - raft.server.log.write.buffer.size = 33554432 (custom)
2019-09-20 04:50:17,263 [pool-441-thread-1] INFO  server.RaftServerConfigKeys (ConfUtils.java:logGet(43)) - raft.server.log.force.sync.num = 128 (default)
2019-09-20 04:50:17,263 [pool-441-thread-1] INFO  server.RaftServerConfigKeys (ConfUtils.java:logGet(43)) - raft.server.log.statemachine.data.sync = true (default)
2019-09-20 04:50:17,263 [pool-441-thread-1] INFO  server.RaftServerConfigKeys (ConfUtils.java:logGet(43)) - raft.server.log.statemachine.data.sync.timeout = 10s (default)
2019-09-20 04:50:17,263 [pool-441-thread-1] INFO  server.RaftServerConfigKeys (ConfUtils.java:logGet(43)) - raft.server.log.statemachine.data.sync.timeout.retry = -1 (default)
2019-09-20 04:50:17,264 [pool-441-thread-1] INFO  server.RaftServerConfigKeys (ConfUtils.java:logGet(43)) - raft.server.log.statemachine.data.caching.enabled = true (custom)
2019-09-20 04:50:17,264 [pool-441-thread-1] INFO  segmented.SegmentedRaftLogWorker (SegmentedRaftLogWorker.java:lambda$new$0(132)) - c8347fee-8d34-4c42-854b-90a05a956525-SegmentedRaftLogWorker:Storage Directory /workdir/hadoop-ozone/integration-test/target/test-dir/MiniOzoneClusterImpl-5481c8ea-466e-4137-a567-737be5b6f247/datanode-3/data/ratis/7ea5415f-2c31-4ed8-9762-c3883477b1c7: flushIndex: setUnconditionally 0 -> -1
2019-09-20 04:50:17,264 [pool-441-thread-1] INFO  server.RaftServerConfigKeys (ConfUtils.java:logGet(43)) - raft.server.snapshot.auto.trigger.enabled = true (custom)
2019-09-20 04:50:17,264 [pool-441-thread-1] INFO  server.RaftServerConfigKeys (ConfUtils.java:logGet(43)) - raft.server.snapshot.auto.trigger.threshold = 10000 (custom)
2019-09-20 04:50:17,264 [pool-441-thread-1] INFO  server.RaftServerConfigKeys (ConfUtils.java:logGet(43)) - raft.server.retrycache.expirytime = 600000ms (custom)
2019-09-20 04:50:17,265 [pool-441-thread-1] INFO  impl.RaftServerImpl (RaftServerImpl.java:start(180)) - c8347fee-8d34-4c42-854b-90a05a956525: start group-C3883477B1C7
2019-09-20 04:50:17,265 [pool-441-thread-1] INFO  impl.RaftServerImpl (RaftServerImpl.java:setRole(171)) - c8347fee-8d34-4c42-854b-90a05a956525:group-C3883477B1C7 changes role from null to FOLLOWER at term 0 for startAsFollower
2019-09-20 04:50:17,265 [pool-441-thread-1] INFO  impl.RoleInfo (RoleInfo.java:updateAndGet(143)) - c8347fee-8d34-4c42-854b-90a05a956525: start FollowerState
2019-09-20 04:50:17,265 [pool-441-thread-1] INFO  util.JmxRegister (JmxRegister.java:tryRegister(44)) - Successfully registered JMX Bean with object name Ratis:service=RaftServer,group=group-C3883477B1C7,id=c8347fee-8d34-4c42-854b-90a05a956525
2019-09-20 04:50:17,267 [RatisPipelineUtilsThread] INFO  pipeline.PipelineStateManager (PipelineStateManager.java:addPipeline(56)) - Created pipeline Pipeline[ Id: 7ea5415f-2c31-4ed8-9762-c3883477b1c7, Nodes: c8347fee-8d34-4c42-854b-90a05a956525{ip: 192.168.36.79, host: pr-hdds-1569-s8kj2-2266485376, networkLocation: /default-rack, certSerialId: null}, Type:RATIS, Factor:ONE, State:OPEN]
2019-09-20 04:50:17,267 [RatisPipelineUtilsThread] INFO  pipeline.PipelinePlacementPolicy (PipelinePlacementPolicy.java:meetCriteria(91)) - Pipeline Placement: Doesn't meet the criteria to be viable node： 376583b5-abad-4180-897e-71183665062e Heaviness: 6 limit: 5
2019-09-20 04:50:17,268 [RatisPipelineUtilsThread] INFO  pipeline.PipelinePlacementPolicy (PipelinePlacementPolicy.java:meetCriteria(91)) - Pipeline Placement: Doesn't meet the criteria to be viable node： c9a37c78-8605-4a88-9b79-5cbe235210f1 Heaviness: 6 limit: 5
2019-09-20 04:50:17,268 [RatisPipelineUtilsThread] INFO  pipeline.PipelinePlacementPolicy (PipelinePlacementPolicy.java:meetCriteria(91)) - Pipeline Placement: Doesn't meet the criteria to be viable node： b3ecc8dd-01a1-4f26-a416-3a35ccdca24e Heaviness: 6 limit: 5
2019-09-20 04:50:17,271 [grpc-default-executor-1] INFO  impl.RaftServerProxy (RaftServerProxy.java:addNew(89)) - c8347fee-8d34-4c42-854b-90a05a956525: addNew group-B81A8ED143FA:[c8347fee-8d34-4c42-854b-90a05a956525:192.168.36.79:33854] returns group-B81A8ED143FA:java.util.concurrent.CompletableFuture@4299aaaa[Not completed]
2019-09-20 04:50:17,272 [pool-441-thread-1] INFO  impl.RaftServerImpl (RaftServerImpl.java:<init>(93)) - c8347fee-8d34-4c42-854b-90a05a956525: new RaftServerImpl for group-B81A8ED143FA:[c8347fee-8d34-4c42-854b-90a05a956525:192.168.36.79:33854] with ContainerStateMachine:uninitialized
2019-09-20 04:50:17,272 [pool-441-thread-1] INFO  server.RaftServerConfigKeys (ConfUtils.java:logGet(43)) - raft.server.rpc.timeout.min = 5s (custom)
2019-09-20 04:50:17,272 [pool-441-thread-1] INFO  server.RaftServerConfigKeys (ConfUtils.java:logGet(43)) - raft.server.rpc.timeout.max = 5200ms (custom)
2019-09-20 04:50:17,272 [pool-441-thread-1] INFO  server.RaftServerConfigKeys (ConfUtils.java:logGet(43)) - raft.server.rpcslowness.timeout = 120s (custom)
2019-09-20 04:50:17,273 [pool-441-thread-1] INFO  server.RaftServerConfigKeys (ConfUtils.java:logGet(43)) - raft.server.sleep.deviation.threshold = 300 (default)
2019-09-20 04:50:17,273 [pool-441-thread-1] INFO  server.RaftServerConfigKeys (ConfUtils.java:logGet(43)) - raft.server.log.appender.install.snapshot.enabled = false (custom)
2019-09-20 04:50:17,273 [pool-441-thread-1] INFO  impl.RaftServerImpl (ServerState.java:<init>(105)) - c8347fee-8d34-4c42-854b-90a05a956525:group-B81A8ED143FA ConfigurationManager, init=-1: [c8347fee-8d34-4c42-854b-90a05a956525:192.168.36.79:33854], old=null, confs=<EMPTY_MAP>
2019-09-20 04:50:17,273 [pool-441-thread-1] INFO  server.RaftServerConfigKeys (ConfUtils.java:logGet(43)) - raft.server.storage.dir = [/workdir/hadoop-ozone/integration-test/target/test-dir/MiniOzoneClusterImpl-5481c8ea-466e-4137-a567-737be5b6f247/datanode-3/data/ratis] (custom)
2019-09-20 04:50:17,273 [pool-441-thread-1] INFO  storage.RaftStorageDirectory (RaftStorageDirectory.java:analyzeStorage(246)) - The storage directory /workdir/hadoop-ozone/integration-test/target/test-dir/MiniOzoneClusterImpl-5481c8ea-466e-4137-a567-737be5b6f247/datanode-3/data/ratis/8ecc73f7-dbf0-4e4e-a811-b81a8ed143fa does not exist. Creating ...
2019-09-20 04:50:17,295 [pool-441-thread-1] INFO  storage.RaftStorageDirectory (RaftStorageDirectory.java:tryLock(328)) - Lock on /workdir/hadoop-ozone/integration-test/target/test-dir/MiniOzoneClusterImpl-5481c8ea-466e-4137-a567-737be5b6f247/datanode-3/data/ratis/8ecc73f7-dbf0-4e4e-a811-b81a8ed143fa/in_use.lock acquired by nodename 9457@pr-hdds-1569-s8kj2-2266485376
2019-09-20 04:50:17,337 [pool-441-thread-1] INFO  storage.RaftStorage (RaftStorage.java:format(72)) - Storage directory /workdir/hadoop-ozone/integration-test/target/test-dir/MiniOzoneClusterImpl-5481c8ea-466e-4137-a567-737be5b6f247/datanode-3/data/ratis/8ecc73f7-dbf0-4e4e-a811-b81a8ed143fa has been successfully formatted.
2019-09-20 04:50:17,337 [pool-441-thread-1] INFO  ratis.ContainerStateMachine (ContainerStateMachine.java:loadSnapshot(226)) - group-B81A8ED143FA: The snapshot info is null. Setting the last applied indexto:(t:0, i:~)
2019-09-20 04:50:17,338 [pool-441-thread-1] INFO  server.RaftServerConfigKeys (ConfUtils.java:logGet(43)) - raft.server.leader.election.timeout = 120s (custom)
2019-09-20 04:50:17,338 [pool-441-thread-1] INFO  server.RaftServerConfigKeys (ConfUtils.java:logGet(43)) - raft.server.log.use.memory = false (default)
2019-09-20 04:50:17,338 [pool-441-thread-1] INFO  server.RaftServerConfigKeys (ConfUtils.java:logGet(43)) - raft.server.log.purge.gap = 1000000 (custom)
2019-09-20 04:50:17,338 [pool-441-thread-1] INFO  server.RaftServerConfigKeys (ConfUtils.java:logGet(43)) - raft.server.log.appender.buffer.byte-limit = 33554432 (custom)
2019-09-20 04:50:17,338 [pool-441-thread-1] INFO  server.RaftServerConfigKeys (ConfUtils.java:logGet(43)) - raft.server.log.segment.size.max = 1048576 (custom)
2019-09-20 04:50:17,338 [pool-441-thread-1] INFO  server.RaftServerConfigKeys (ConfUtils.java:logGet(43)) - raft.server.log.segment.cache.num.max = 2 (custom)
2019-09-20 04:50:17,338 [pool-441-thread-1] INFO  segmented.SegmentedRaftLogWorker (SegmentedRaftLogWorker.java:<init>(172)) - new c8347fee-8d34-4c42-854b-90a05a956525-SegmentedRaftLogWorker:Storage Directory /workdir/hadoop-ozone/integration-test/target/test-dir/MiniOzoneClusterImpl-5481c8ea-466e-4137-a567-737be5b6f247/datanode-3/data/ratis/8ecc73f7-dbf0-4e4e-a811-b81a8ed143fa for RaftStorage:Storage Directory /workdir/hadoop-ozone/integration-test/target/test-dir/MiniOzoneClusterImpl-5481c8ea-466e-4137-a567-737be5b6f247/datanode-3/data/ratis/8ecc73f7-dbf0-4e4e-a811-b81a8ed143fa
2019-09-20 04:50:17,338 [pool-441-thread-1] INFO  server.RaftServerConfigKeys (ConfUtils.java:logGet(43)) - raft.server.log.queue.byte-limit = 2147483647 (custom)
2019-09-20 04:50:17,338 [pool-441-thread-1] INFO  server.RaftServerConfigKeys (ConfUtils.java:logGet(43)) - raft.server.log.queue.element-limit = 1024 (custom)
2019-09-20 04:50:17,338 [pool-441-thread-1] INFO  server.RaftServerConfigKeys (ConfUtils.java:logGet(43)) - raft.server.log.segment.size.max = 1048576 (custom)
2019-09-20 04:50:17,338 [pool-441-thread-1] INFO  server.RaftServerConfigKeys (ConfUtils.java:logGet(43)) - raft.server.log.preallocated.size = 16384 (custom)
2019-09-20 04:50:17,339 [pool-441-thread-1] INFO  server.RaftServerConfigKeys (ConfUtils.java:logGet(43)) - raft.server.log.write.buffer.size = 33554432 (custom)
2019-09-20 04:50:17,339 [pool-441-thread-1] INFO  server.RaftServerConfigKeys (ConfUtils.java:logGet(43)) - raft.server.log.force.sync.num = 128 (default)
2019-09-20 04:50:17,339 [pool-441-thread-1] INFO  server.RaftServerConfigKeys (ConfUtils.java:logGet(43)) - raft.server.log.statemachine.data.sync = true (default)
2019-09-20 04:50:17,339 [pool-441-thread-1] INFO  server.RaftServerConfigKeys (ConfUtils.java:logGet(43)) - raft.server.log.statemachine.data.sync.timeout = 10s (default)
2019-09-20 04:50:17,339 [pool-441-thread-1] INFO  server.RaftServerConfigKeys (ConfUtils.java:logGet(43)) - raft.server.log.statemachine.data.sync.timeout.retry = -1 (default)
2019-09-20 04:50:17,339 [pool-441-thread-1] INFO  server.RaftServerConfigKeys (ConfUtils.java:logGet(43)) - raft.server.log.statemachine.data.caching.enabled = true (custom)
2019-09-20 04:50:17,339 [pool-441-thread-1] INFO  segmented.SegmentedRaftLogWorker (SegmentedRaftLogWorker.java:lambda$new$0(132)) - c8347fee-8d34-4c42-854b-90a05a956525-SegmentedRaftLogWorker:Storage Directory /workdir/hadoop-ozone/integration-test/target/test-dir/MiniOzoneClusterImpl-5481c8ea-466e-4137-a567-737be5b6f247/datanode-3/data/ratis/8ecc73f7-dbf0-4e4e-a811-b81a8ed143fa: flushIndex: setUnconditionally 0 -> -1
2019-09-20 04:50:17,339 [pool-441-thread-1] INFO  server.RaftServerConfigKeys (ConfUtils.java:logGet(43)) - raft.server.snapshot.auto.trigger.enabled = true (custom)
2019-09-20 04:50:17,340 [pool-441-thread-1] INFO  server.RaftServerConfigKeys (ConfUtils.java:logGet(43)) - raft.server.snapshot.auto.trigger.threshold = 10000 (custom)
2019-09-20 04:50:17,340 [pool-441-thread-1] INFO  server.RaftServerConfigKeys (ConfUtils.java:logGet(43)) - raft.server.retrycache.expirytime = 600000ms (custom)
2019-09-20 04:50:17,340 [pool-441-thread-1] INFO  impl.RaftServerImpl (RaftServerImpl.java:start(180)) - c8347fee-8d34-4c42-854b-90a05a956525: start group-B81A8ED143FA
2019-09-20 04:50:17,340 [pool-441-thread-1] INFO  impl.RaftServerImpl (RaftServerImpl.java:setRole(171)) - c8347fee-8d34-4c42-854b-90a05a956525:group-B81A8ED143FA changes role from null to FOLLOWER at term 0 for startAsFollower
2019-09-20 04:50:17,340 [pool-441-thread-1] INFO  impl.RoleInfo (RoleInfo.java:updateAndGet(143)) - c8347fee-8d34-4c42-854b-90a05a956525: start FollowerState
2019-09-20 04:50:17,340 [pool-441-thread-1] INFO  util.JmxRegister (JmxRegister.java:tryRegister(44)) - Successfully registered JMX Bean with object name Ratis:service=RaftServer,group=group-B81A8ED143FA,id=c8347fee-8d34-4c42-854b-90a05a956525
2019-09-20 04:50:17,342 [RatisPipelineUtilsThread] INFO  pipeline.PipelineStateManager (PipelineStateManager.java:addPipeline(56)) - Created pipeline Pipeline[ Id: 8ecc73f7-dbf0-4e4e-a811-b81a8ed143fa, Nodes: c8347fee-8d34-4c42-854b-90a05a956525{ip: 192.168.36.79, host: pr-hdds-1569-s8kj2-2266485376, networkLocation: /default-rack, certSerialId: null}, Type:RATIS, Factor:ONE, State:OPEN]
2019-09-20 04:50:17,342 [RatisPipelineUtilsThread] INFO  pipeline.PipelinePlacementPolicy (PipelinePlacementPolicy.java:meetCriteria(91)) - Pipeline Placement: Doesn't meet the criteria to be viable node： 376583b5-abad-4180-897e-71183665062e Heaviness: 6 limit: 5
2019-09-20 04:50:17,342 [RatisPipelineUtilsThread] INFO  pipeline.PipelinePlacementPolicy (PipelinePlacementPolicy.java:meetCriteria(91)) - Pipeline Placement: Doesn't meet the criteria to be viable node： c9a37c78-8605-4a88-9b79-5cbe235210f1 Heaviness: 6 limit: 5
2019-09-20 04:50:17,343 [RatisPipelineUtilsThread] INFO  pipeline.PipelinePlacementPolicy (PipelinePlacementPolicy.java:meetCriteria(91)) - Pipeline Placement: Doesn't meet the criteria to be viable node： b3ecc8dd-01a1-4f26-a416-3a35ccdca24e Heaviness: 6 limit: 5
2019-09-20 04:50:17,346 [grpc-default-executor-1] INFO  impl.RaftServerProxy (RaftServerProxy.java:addNew(89)) - c8347fee-8d34-4c42-854b-90a05a956525: addNew group-C52654261429:[c8347fee-8d34-4c42-854b-90a05a956525:192.168.36.79:33854] returns group-C52654261429:java.util.concurrent.CompletableFuture@43b93eb4[Not completed]
2019-09-20 04:50:17,346 [pool-441-thread-1] INFO  impl.RaftServerImpl (RaftServerImpl.java:<init>(93)) - c8347fee-8d34-4c42-854b-90a05a956525: new RaftServerImpl for group-C52654261429:[c8347fee-8d34-4c42-854b-90a05a956525:192.168.36.79:33854] with ContainerStateMachine:uninitialized
2019-09-20 04:50:17,347 [pool-441-thread-1] INFO  server.RaftServerConfigKeys (ConfUtils.java:logGet(43)) - raft.server.rpc.timeout.min = 5s (custom)
2019-09-20 04:50:17,347 [pool-441-thread-1] INFO  server.RaftServerConfigKeys (ConfUtils.java:logGet(43)) - raft.server.rpc.timeout.max = 5200ms (custom)
2019-09-20 04:50:17,347 [pool-441-thread-1] INFO  server.RaftServerConfigKeys (ConfUtils.java:logGet(43)) - raft.server.rpcslowness.timeout = 120s (custom)
2019-09-20 04:50:17,347 [pool-441-thread-1] INFO  server.RaftServerConfigKeys (ConfUtils.java:logGet(43)) - raft.server.sleep.deviation.threshold = 300 (default)
2019-09-20 04:50:17,347 [pool-441-thread-1] INFO  server.RaftServerConfigKeys (ConfUtils.java:logGet(43)) - raft.server.log.appender.install.snapshot.enabled = false (custom)
2019-09-20 04:50:17,347 [pool-441-thread-1] INFO  impl.RaftServerImpl (ServerState.java:<init>(105)) - c8347fee-8d34-4c42-854b-90a05a956525:group-C52654261429 ConfigurationManager, init=-1: [c8347fee-8d34-4c42-854b-90a05a956525:192.168.36.79:33854], old=null, confs=<EMPTY_MAP>
2019-09-20 04:50:17,347 [pool-441-thread-1] INFO  server.RaftServerConfigKeys (ConfUtils.java:logGet(43)) - raft.server.storage.dir = [/workdir/hadoop-ozone/integration-test/target/test-dir/MiniOzoneClusterImpl-5481c8ea-466e-4137-a567-737be5b6f247/datanode-3/data/ratis] (custom)
2019-09-20 04:50:17,347 [pool-441-thread-1] INFO  storage.RaftStorageDirectory (RaftStorageDirectory.java:analyzeStorage(246)) - The storage directory /workdir/hadoop-ozone/integration-test/target/test-dir/MiniOzoneClusterImpl-5481c8ea-466e-4137-a567-737be5b6f247/datanode-3/data/ratis/7cda1866-4f3b-4b70-b587-c52654261429 does not exist. Creating ...
2019-09-20 04:50:17,371 [pool-441-thread-1] INFO  storage.RaftStorageDirectory (RaftStorageDirectory.java:tryLock(328)) - Lock on /workdir/hadoop-ozone/integration-test/target/test-dir/MiniOzoneClusterImpl-5481c8ea-466e-4137-a567-737be5b6f247/datanode-3/data/ratis/7cda1866-4f3b-4b70-b587-c52654261429/in_use.lock acquired by nodename 9457@pr-hdds-1569-s8kj2-2266485376
2019-09-20 04:50:17,388 [pool-441-thread-1] INFO  storage.RaftStorage (RaftStorage.java:format(72)) - Storage directory /workdir/hadoop-ozone/integration-test/target/test-dir/MiniOzoneClusterImpl-5481c8ea-466e-4137-a567-737be5b6f247/datanode-3/data/ratis/7cda1866-4f3b-4b70-b587-c52654261429 has been successfully formatted.
2019-09-20 04:50:17,388 [pool-441-thread-1] INFO  ratis.ContainerStateMachine (ContainerStateMachine.java:loadSnapshot(226)) - group-C52654261429: The snapshot info is null. Setting the last applied indexto:(t:0, i:~)
2019-09-20 04:50:17,388 [pool-441-thread-1] INFO  server.RaftServerConfigKeys (ConfUtils.java:logGet(43)) - raft.server.leader.election.timeout = 120s (custom)
2019-09-20 04:50:17,388 [pool-441-thread-1] INFO  server.RaftServerConfigKeys (ConfUtils.java:logGet(43)) - raft.server.log.use.memory = false (default)
2019-09-20 04:50:17,388 [pool-441-thread-1] INFO  server.RaftServerConfigKeys (ConfUtils.java:logGet(43)) - raft.server.log.purge.gap = 1000000 (custom)
2019-09-20 04:50:17,389 [pool-441-thread-1] INFO  server.RaftServerConfigKeys (ConfUtils.java:logGet(43)) - raft.server.log.appender.buffer.byte-limit = 33554432 (custom)
2019-09-20 04:50:17,389 [pool-441-thread-1] INFO  server.RaftServerConfigKeys (ConfUtils.java:logGet(43)) - raft.server.log.segment.size.max = 1048576 (custom)
2019-09-20 04:50:17,389 [pool-441-thread-1] INFO  server.RaftServerConfigKeys (ConfUtils.java:logGet(43)) - raft.server.log.segment.cache.num.max = 2 (custom)
2019-09-20 04:50:17,389 [pool-441-thread-1] INFO  segmented.SegmentedRaftLogWorker (SegmentedRaftLogWorker.java:<init>(172)) - new c8347fee-8d34-4c42-854b-90a05a956525-SegmentedRaftLogWorker:Storage Directory /workdir/hadoop-ozone/integration-test/target/test-dir/MiniOzoneClusterImpl-5481c8ea-466e-4137-a567-737be5b6f247/datanode-3/data/ratis/7cda1866-4f3b-4b70-b587-c52654261429 for RaftStorage:Storage Directory /workdir/hadoop-ozone/integration-test/target/test-dir/MiniOzoneClusterImpl-5481c8ea-466e-4137-a567-737be5b6f247/datanode-3/data/ratis/7cda1866-4f3b-4b70-b587-c52654261429
2019-09-20 04:50:17,389 [pool-441-thread-1] INFO  server.RaftServerConfigKeys (ConfUtils.java:logGet(43)) - raft.server.log.queue.byte-limit = 2147483647 (custom)
2019-09-20 04:50:17,389 [pool-441-thread-1] INFO  server.RaftServerConfigKeys (ConfUtils.java:logGet(43)) - raft.server.log.queue.element-limit = 1024 (custom)
2019-09-20 04:50:17,389 [pool-441-thread-1] INFO  server.RaftServerConfigKeys (ConfUtils.java:logGet(43)) - raft.server.log.segment.size.max = 1048576 (custom)
2019-09-20 04:50:17,389 [pool-441-thread-1] INFO  server.RaftServerConfigKeys (ConfUtils.java:logGet(43)) - raft.server.log.preallocated.size = 16384 (custom)
2019-09-20 04:50:17,389 [pool-441-thread-1] INFO  server.RaftServerConfigKeys (ConfUtils.java:logGet(43)) - raft.server.log.write.buffer.size = 33554432 (custom)
2019-09-20 04:50:17,389 [pool-441-thread-1] INFO  server.RaftServerConfigKeys (ConfUtils.java:logGet(43)) - raft.server.log.force.sync.num = 128 (default)
2019-09-20 04:50:17,389 [pool-441-thread-1] INFO  server.RaftServerConfigKeys (ConfUtils.java:logGet(43)) - raft.server.log.statemachine.data.sync = true (default)
2019-09-20 04:50:17,389 [pool-441-thread-1] INFO  server.RaftServerConfigKeys (ConfUtils.java:logGet(43)) - raft.server.log.statemachine.data.sync.timeout = 10s (default)
2019-09-20 04:50:17,390 [pool-441-thread-1] INFO  server.RaftServerConfigKeys (ConfUtils.java:logGet(43)) - raft.server.log.statemachine.data.sync.timeout.retry = -1 (default)
2019-09-20 04:50:17,390 [pool-441-thread-1] INFO  server.RaftServerConfigKeys (ConfUtils.java:logGet(43)) - raft.server.log.statemachine.data.caching.enabled = true (custom)
2019-09-20 04:50:17,390 [pool-441-thread-1] INFO  segmented.SegmentedRaftLogWorker (SegmentedRaftLogWorker.java:lambda$new$0(132)) - c8347fee-8d34-4c42-854b-90a05a956525-SegmentedRaftLogWorker:Storage Directory /workdir/hadoop-ozone/integration-test/target/test-dir/MiniOzoneClusterImpl-5481c8ea-466e-4137-a567-737be5b6f247/datanode-3/data/ratis/7cda1866-4f3b-4b70-b587-c52654261429: flushIndex: setUnconditionally 0 -> -1
2019-09-20 04:50:17,390 [pool-441-thread-1] INFO  server.RaftServerConfigKeys (ConfUtils.java:logGet(43)) - raft.server.snapshot.auto.trigger.enabled = true (custom)
2019-09-20 04:50:17,390 [pool-441-thread-1] INFO  server.RaftServerConfigKeys (ConfUtils.java:logGet(43)) - raft.server.snapshot.auto.trigger.threshold = 10000 (custom)
2019-09-20 04:50:17,390 [pool-441-thread-1] INFO  server.RaftServerConfigKeys (ConfUtils.java:logGet(43)) - raft.server.retrycache.expirytime = 600000ms (custom)
2019-09-20 04:50:17,390 [pool-441-thread-1] INFO  impl.RaftServerImpl (RaftServerImpl.java:start(180)) - c8347fee-8d34-4c42-854b-90a05a956525: start group-C52654261429
2019-09-20 04:50:17,391 [pool-441-thread-1] INFO  impl.RaftServerImpl (RaftServerImpl.java:setRole(171)) - c8347fee-8d34-4c42-854b-90a05a956525:group-C52654261429 changes role from null to FOLLOWER at term 0 for startAsFollower
2019-09-20 04:50:17,391 [pool-441-thread-1] INFO  impl.RoleInfo (RoleInfo.java:updateAndGet(143)) - c8347fee-8d34-4c42-854b-90a05a956525: start FollowerState
2019-09-20 04:50:17,391 [pool-441-thread-1] INFO  util.JmxRegister (JmxRegister.java:tryRegister(44)) - Successfully registered JMX Bean with object name Ratis:service=RaftServer,group=group-C52654261429,id=c8347fee-8d34-4c42-854b-90a05a956525
2019-09-20 04:50:17,392 [RatisPipelineUtilsThread] INFO  pipeline.PipelineStateManager (PipelineStateManager.java:addPipeline(56)) - Created pipeline Pipeline[ Id: 7cda1866-4f3b-4b70-b587-c52654261429, Nodes: c8347fee-8d34-4c42-854b-90a05a956525{ip: 192.168.36.79, host: pr-hdds-1569-s8kj2-2266485376, networkLocation: /default-rack, certSerialId: null}, Type:RATIS, Factor:ONE, State:OPEN]
2019-09-20 04:50:17,393 [RatisPipelineUtilsThread] INFO  pipeline.PipelinePlacementPolicy (PipelinePlacementPolicy.java:meetCriteria(91)) - Pipeline Placement: Doesn't meet the criteria to be viable node： 376583b5-abad-4180-897e-71183665062e Heaviness: 6 limit: 5
2019-09-20 04:50:17,393 [RatisPipelineUtilsThread] INFO  pipeline.PipelinePlacementPolicy (PipelinePlacementPolicy.java:meetCriteria(91)) - Pipeline Placement: Doesn't meet the criteria to be viable node： c9a37c78-8605-4a88-9b79-5cbe235210f1 Heaviness: 6 limit: 5
2019-09-20 04:50:17,393 [RatisPipelineUtilsThread] INFO  pipeline.PipelinePlacementPolicy (PipelinePlacementPolicy.java:meetCriteria(91)) - Pipeline Placement: Doesn't meet the criteria to be viable node： b3ecc8dd-01a1-4f26-a416-3a35ccdca24e Heaviness: 6 limit: 5
2019-09-20 04:50:17,396 [grpc-default-executor-1] INFO  impl.RaftServerProxy (RaftServerProxy.java:addNew(89)) - c8347fee-8d34-4c42-854b-90a05a956525: addNew group-5C71CE2D2FD8:[c8347fee-8d34-4c42-854b-90a05a956525:192.168.36.79:33854] returns group-5C71CE2D2FD8:java.util.concurrent.CompletableFuture@569d9335[Not completed]
2019-09-20 04:50:17,397 [pool-441-thread-1] INFO  impl.RaftServerImpl (RaftServerImpl.java:<init>(93)) - c8347fee-8d34-4c42-854b-90a05a956525: new RaftServerImpl for group-5C71CE2D2FD8:[c8347fee-8d34-4c42-854b-90a05a956525:192.168.36.79:33854] with ContainerStateMachine:uninitialized
2019-09-20 04:50:17,397 [pool-441-thread-1] INFO  server.RaftServerConfigKeys (ConfUtils.java:logGet(43)) - raft.server.rpc.timeout.min = 5s (custom)
2019-09-20 04:50:17,397 [pool-441-thread-1] INFO  server.RaftServerConfigKeys (ConfUtils.java:logGet(43)) - raft.server.rpc.timeout.max = 5200ms (custom)
2019-09-20 04:50:17,398 [pool-441-thread-1] INFO  server.RaftServerConfigKeys (ConfUtils.java:logGet(43)) - raft.server.rpcslowness.timeout = 120s (custom)
2019-09-20 04:50:17,398 [pool-441-thread-1] INFO  server.RaftServerConfigKeys (ConfUtils.java:logGet(43)) - raft.server.sleep.deviation.threshold = 300 (default)
2019-09-20 04:50:17,398 [pool-441-thread-1] INFO  server.RaftServerConfigKeys (ConfUtils.java:logGet(43)) - raft.server.log.appender.install.snapshot.enabled = false (custom)
2019-09-20 04:50:17,398 [pool-441-thread-1] INFO  impl.RaftServerImpl (ServerState.java:<init>(105)) - c8347fee-8d34-4c42-854b-90a05a956525:group-5C71CE2D2FD8 ConfigurationManager, init=-1: [c8347fee-8d34-4c42-854b-90a05a956525:192.168.36.79:33854], old=null, confs=<EMPTY_MAP>
2019-09-20 04:50:17,398 [pool-441-thread-1] INFO  server.RaftServerConfigKeys (ConfUtils.java:logGet(43)) - raft.server.storage.dir = [/workdir/hadoop-ozone/integration-test/target/test-dir/MiniOzoneClusterImpl-5481c8ea-466e-4137-a567-737be5b6f247/datanode-3/data/ratis] (custom)
2019-09-20 04:50:17,398 [pool-441-thread-1] INFO  storage.RaftStorageDirectory (RaftStorageDirectory.java:analyzeStorage(246)) - The storage directory /workdir/hadoop-ozone/integration-test/target/test-dir/MiniOzoneClusterImpl-5481c8ea-466e-4137-a567-737be5b6f247/datanode-3/data/ratis/1e4ac92d-c7b4-4b61-aa90-5c71ce2d2fd8 does not exist. Creating ...
2019-09-20 04:50:17,421 [pool-441-thread-1] INFO  storage.RaftStorageDirectory (RaftStorageDirectory.java:tryLock(328)) - Lock on /workdir/hadoop-ozone/integration-test/target/test-dir/MiniOzoneClusterImpl-5481c8ea-466e-4137-a567-737be5b6f247/datanode-3/data/ratis/1e4ac92d-c7b4-4b61-aa90-5c71ce2d2fd8/in_use.lock acquired by nodename 9457@pr-hdds-1569-s8kj2-2266485376
2019-09-20 04:50:17,439 [pool-441-thread-1] INFO  storage.RaftStorage (RaftStorage.java:format(72)) - Storage directory /workdir/hadoop-ozone/integration-test/target/test-dir/MiniOzoneClusterImpl-5481c8ea-466e-4137-a567-737be5b6f247/datanode-3/data/ratis/1e4ac92d-c7b4-4b61-aa90-5c71ce2d2fd8 has been successfully formatted.
2019-09-20 04:50:17,439 [pool-441-thread-1] INFO  ratis.ContainerStateMachine (ContainerStateMachine.java:loadSnapshot(226)) - group-5C71CE2D2FD8: The snapshot info is null. Setting the last applied indexto:(t:0, i:~)
2019-09-20 04:50:17,439 [pool-441-thread-1] INFO  server.RaftServerConfigKeys (ConfUtils.java:logGet(43)) - raft.server.leader.election.timeout = 120s (custom)
2019-09-20 04:50:17,439 [pool-441-thread-1] INFO  server.RaftServerConfigKeys (ConfUtils.java:logGet(43)) - raft.server.log.use.memory = false (default)
2019-09-20 04:50:17,439 [pool-441-thread-1] INFO  server.RaftServerConfigKeys (ConfUtils.java:logGet(43)) - raft.server.log.purge.gap = 1000000 (custom)
2019-09-20 04:50:17,439 [pool-441-thread-1] INFO  server.RaftServerConfigKeys (ConfUtils.java:logGet(43)) - raft.server.log.appender.buffer.byte-limit = 33554432 (custom)
2019-09-20 04:50:17,439 [pool-441-thread-1] INFO  server.RaftServerConfigKeys (ConfUtils.java:logGet(43)) - raft.server.log.segment.size.max = 1048576 (custom)
2019-09-20 04:50:17,439 [pool-441-thread-1] INFO  server.RaftServerConfigKeys (ConfUtils.java:logGet(43)) - raft.server.log.segment.cache.num.max = 2 (custom)
2019-09-20 04:50:17,440 [pool-441-thread-1] INFO  segmented.SegmentedRaftLogWorker (SegmentedRaftLogWorker.java:<init>(172)) - new c8347fee-8d34-4c42-854b-90a05a956525-SegmentedRaftLogWorker:Storage Directory /workdir/hadoop-ozone/integration-test/target/test-dir/MiniOzoneClusterImpl-5481c8ea-466e-4137-a567-737be5b6f247/datanode-3/data/ratis/1e4ac92d-c7b4-4b61-aa90-5c71ce2d2fd8 for RaftStorage:Storage Directory /workdir/hadoop-ozone/integration-test/target/test-dir/MiniOzoneClusterImpl-5481c8ea-466e-4137-a567-737be5b6f247/datanode-3/data/ratis/1e4ac92d-c7b4-4b61-aa90-5c71ce2d2fd8
2019-09-20 04:50:17,440 [pool-441-thread-1] INFO  server.RaftServerConfigKeys (ConfUtils.java:logGet(43)) - raft.server.log.queue.byte-limit = 2147483647 (custom)
2019-09-20 04:50:17,440 [pool-441-thread-1] INFO  server.RaftServerConfigKeys (ConfUtils.java:logGet(43)) - raft.server.log.queue.element-limit = 1024 (custom)
2019-09-20 04:50:17,440 [pool-441-thread-1] INFO  server.RaftServerConfigKeys (ConfUtils.java:logGet(43)) - raft.server.log.segment.size.max = 1048576 (custom)
2019-09-20 04:50:17,440 [pool-441-thread-1] INFO  server.RaftServerConfigKeys (ConfUtils.java:logGet(43)) - raft.server.log.preallocated.size = 16384 (custom)
2019-09-20 04:50:17,440 [pool-441-thread-1] INFO  server.RaftServerConfigKeys (ConfUtils.java:logGet(43)) - raft.server.log.write.buffer.size = 33554432 (custom)
2019-09-20 04:50:17,440 [pool-441-thread-1] INFO  server.RaftServerConfigKeys (ConfUtils.java:logGet(43)) - raft.server.log.force.sync.num = 128 (default)
2019-09-20 04:50:17,440 [pool-441-thread-1] INFO  server.RaftServerConfigKeys (ConfUtils.java:logGet(43)) - raft.server.log.statemachine.data.sync = true (default)
2019-09-20 04:50:17,440 [pool-441-thread-1] INFO  server.RaftServerConfigKeys (ConfUtils.java:logGet(43)) - raft.server.log.statemachine.data.sync.timeout = 10s (default)
2019-09-20 04:50:17,440 [pool-441-thread-1] INFO  server.RaftServerConfigKeys (ConfUtils.java:logGet(43)) - raft.server.log.statemachine.data.sync.timeout.retry = -1 (default)
2019-09-20 04:50:17,440 [pool-441-thread-1] INFO  server.RaftServerConfigKeys (ConfUtils.java:logGet(43)) - raft.server.log.statemachine.data.caching.enabled = true (custom)
2019-09-20 04:50:17,441 [pool-441-thread-1] INFO  segmented.SegmentedRaftLogWorker (SegmentedRaftLogWorker.java:lambda$new$0(132)) - c8347fee-8d34-4c42-854b-90a05a956525-SegmentedRaftLogWorker:Storage Directory /workdir/hadoop-ozone/integration-test/target/test-dir/MiniOzoneClusterImpl-5481c8ea-466e-4137-a567-737be5b6f247/datanode-3/data/ratis/1e4ac92d-c7b4-4b61-aa90-5c71ce2d2fd8: flushIndex: setUnconditionally 0 -> -1
2019-09-20 04:50:17,441 [pool-441-thread-1] INFO  server.RaftServerConfigKeys (ConfUtils.java:logGet(43)) - raft.server.snapshot.auto.trigger.enabled = true (custom)
2019-09-20 04:50:17,441 [pool-441-thread-1] INFO  server.RaftServerConfigKeys (ConfUtils.java:logGet(43)) - raft.server.snapshot.auto.trigger.threshold = 10000 (custom)
2019-09-20 04:50:17,441 [pool-441-thread-1] INFO  server.RaftServerConfigKeys (ConfUtils.java:logGet(43)) - raft.server.retrycache.expirytime = 600000ms (custom)
2019-09-20 04:50:17,441 [pool-441-thread-1] INFO  impl.RaftServerImpl (RaftServerImpl.java:start(180)) - c8347fee-8d34-4c42-854b-90a05a956525: start group-5C71CE2D2FD8
2019-09-20 04:50:17,441 [pool-441-thread-1] INFO  impl.RaftServerImpl (RaftServerImpl.java:setRole(171)) - c8347fee-8d34-4c42-854b-90a05a956525:group-5C71CE2D2FD8 changes role from null to FOLLOWER at term 0 for startAsFollower
2019-09-20 04:50:17,441 [pool-441-thread-1] INFO  impl.RoleInfo (RoleInfo.java:updateAndGet(143)) - c8347fee-8d34-4c42-854b-90a05a956525: start FollowerState
2019-09-20 04:50:17,451 [pool-441-thread-1] INFO  util.JmxRegister (JmxRegister.java:tryRegister(44)) - Successfully registered JMX Bean with object name Ratis:service=RaftServer,group=group-5C71CE2D2FD8,id=c8347fee-8d34-4c42-854b-90a05a956525
2019-09-20 04:50:17,464 [RatisPipelineUtilsThread] INFO  pipeline.PipelineStateManager (PipelineStateManager.java:addPipeline(56)) - Created pipeline Pipeline[ Id: 1e4ac92d-c7b4-4b61-aa90-5c71ce2d2fd8, Nodes: c8347fee-8d34-4c42-854b-90a05a956525{ip: 192.168.36.79, host: pr-hdds-1569-s8kj2-2266485376, networkLocation: /default-rack, certSerialId: null}, Type:RATIS, Factor:ONE, State:OPEN]
2019-09-20 04:50:17,465 [RatisPipelineUtilsThread] INFO  pipeline.PipelinePlacementPolicy (PipelinePlacementPolicy.java:meetCriteria(91)) - Pipeline Placement: Doesn't meet the criteria to be viable node： 376583b5-abad-4180-897e-71183665062e Heaviness: 6 limit: 5
2019-09-20 04:50:17,465 [RatisPipelineUtilsThread] INFO  pipeline.PipelinePlacementPolicy (PipelinePlacementPolicy.java:meetCriteria(91)) - Pipeline Placement: Doesn't meet the criteria to be viable node： c9a37c78-8605-4a88-9b79-5cbe235210f1 Heaviness: 6 limit: 5
2019-09-20 04:50:17,465 [RatisPipelineUtilsThread] INFO  pipeline.PipelinePlacementPolicy (PipelinePlacementPolicy.java:meetCriteria(91)) - Pipeline Placement: Doesn't meet the criteria to be viable node： b3ecc8dd-01a1-4f26-a416-3a35ccdca24e Heaviness: 6 limit: 5
2019-09-20 04:50:17,465 [RatisPipelineUtilsThread] INFO  pipeline.PipelinePlacementPolicy (PipelinePlacementPolicy.java:meetCriteria(91)) - Pipeline Placement: Doesn't meet the criteria to be viable node： c8347fee-8d34-4c42-854b-90a05a956525 Heaviness: 6 limit: 5
2019-09-20 04:50:17,465 [RatisPipelineUtilsThread] ERROR pipeline.PipelinePlacementPolicy (PipelinePlacementPolicy.java:filterViableNodes(148)) - Unable to find enough nodes that meet the criteria that cannot engage in more than 5 pipelines. Nodes required: 1 Found: 0, healthy nodes count inNodeManager: 4.
2019-09-20 04:50:17,465 [RatisPipelineUtilsThread] ERROR pipeline.SCMPipelineManager (SCMPipelineManager.java:createPipeline(161)) - Pipeline creation failed due to exception: Unable to find enough nodes that meet the criteria that cannot engage in more than 5 pipelines. Nodes required: 1 Found: 0, healthy nodes count inNodeManager: 4.
2019-09-20 04:50:17,465 [RatisPipelineUtilsThread] INFO  pipeline.PipelinePlacementPolicy (PipelinePlacementPolicy.java:meetCriteria(91)) - Pipeline Placement: Doesn't meet the criteria to be viable node： 376583b5-abad-4180-897e-71183665062e Heaviness: 6 limit: 5
2019-09-20 04:50:17,465 [RatisPipelineUtilsThread] INFO  pipeline.PipelinePlacementPolicy (PipelinePlacementPolicy.java:meetCriteria(91)) - Pipeline Placement: Doesn't meet the criteria to be viable node： c9a37c78-8605-4a88-9b79-5cbe235210f1 Heaviness: 6 limit: 5
2019-09-20 04:50:17,465 [RatisPipelineUtilsThread] INFO  pipeline.PipelinePlacementPolicy (PipelinePlacementPolicy.java:meetCriteria(91)) - Pipeline Placement: Doesn't meet the criteria to be viable node： b3ecc8dd-01a1-4f26-a416-3a35ccdca24e Heaviness: 6 limit: 5
2019-09-20 04:50:17,465 [RatisPipelineUtilsThread] INFO  pipeline.PipelinePlacementPolicy (PipelinePlacementPolicy.java:meetCriteria(91)) - Pipeline Placement: Doesn't meet the criteria to be viable node： c8347fee-8d34-4c42-854b-90a05a956525 Heaviness: 6 limit: 5
2019-09-20 04:50:17,465 [RatisPipelineUtilsThread] ERROR pipeline.PipelinePlacementPolicy (PipelinePlacementPolicy.java:filterViableNodes(148)) - Unable to find enough nodes that meet the criteria that cannot engage in more than 5 pipelines. Nodes required: 3 Found: 0, healthy nodes count inNodeManager: 4.
2019-09-20 04:50:17,466 [RatisPipelineUtilsThread] ERROR pipeline.SCMPipelineManager (SCMPipelineManager.java:createPipeline(161)) - Pipeline creation failed due to exception: Unable to find enough nodes that meet the criteria that cannot engage in more than 5 pipelines. Nodes required: 3 Found: 0, healthy nodes count inNodeManager: 4.
2019-09-20 04:50:17,794 [main] INFO  ozone.MiniOzoneClusterImpl (MiniOzoneClusterImpl.java:lambda$waitForClusterToBeReady$0(142)) - Waiting for cluster to be ready. Got 4 of 7 DN Heartbeats.
2019-09-20 04:50:17,804 [IPC Server handler 7 on 38264] INFO  net.NetworkTopology (NetworkTopologyImpl.java:add(110)) - Added a new node: /default-rack/e011d6a7-ac9a-466f-8998-9632cd871284
2019-09-20 04:50:17,804 [RatisPipelineUtilsThread] INFO  pipeline.PipelinePlacementPolicy (PipelinePlacementPolicy.java:meetCriteria(91)) - Pipeline Placement: Doesn't meet the criteria to be viable node： 376583b5-abad-4180-897e-71183665062e Heaviness: 6 limit: 5
2019-09-20 04:50:17,804 [IPC Server handler 7 on 38264] INFO  node.SCMNodeManager (SCMNodeManager.java:register(273)) - Registered Data node : e011d6a7-ac9a-466f-8998-9632cd871284{ip: 192.168.36.79, host: pr-hdds-1569-s8kj2-2266485376, networkLocation: /default-rack, certSerialId: null}
2019-09-20 04:50:17,804 [RatisPipelineUtilsThread] INFO  pipeline.PipelinePlacementPolicy (PipelinePlacementPolicy.java:meetCriteria(91)) - Pipeline Placement: Doesn't meet the criteria to be viable node： c9a37c78-8605-4a88-9b79-5cbe235210f1 Heaviness: 6 limit: 5
2019-09-20 04:50:17,805 | INFO  | SCMAudit | user=jenkins1000 | ip=192.168.36.79 | op=REGISTER {datanodeDetails=e011d6a7-ac9a-466f-8998-9632cd871284{ip: 192.168.36.79, host: pr-hdds-1569-s8kj2-2266485376, networkLocation: /default-rack, certSerialId: null}} | ret=SUCCESS |  
2019-09-20 04:50:17,805 [RatisPipelineUtilsThread] INFO  pipeline.PipelinePlacementPolicy (PipelinePlacementPolicy.java:meetCriteria(91)) - Pipeline Placement: Doesn't meet the criteria to be viable node： b3ecc8dd-01a1-4f26-a416-3a35ccdca24e Heaviness: 6 limit: 5
2019-09-20 04:50:17,805 [RatisPipelineUtilsThread] INFO  pipeline.PipelinePlacementPolicy (PipelinePlacementPolicy.java:meetCriteria(91)) - Pipeline Placement: Doesn't meet the criteria to be viable node： c8347fee-8d34-4c42-854b-90a05a956525 Heaviness: 6 limit: 5
2019-09-20 04:50:17,818 [grpc-default-executor-1] INFO  impl.RaftServerProxy (RaftServerProxy.java:addNew(89)) - e011d6a7-ac9a-466f-8998-9632cd871284: addNew group-5E04676F3A8D:[e011d6a7-ac9a-466f-8998-9632cd871284:192.168.36.79:44315] returns group-5E04676F3A8D:java.util.concurrent.CompletableFuture@c5917a8[Not completed]
2019-09-20 04:50:17,819 [pool-452-thread-1] INFO  impl.RaftServerImpl (RaftServerImpl.java:<init>(93)) - e011d6a7-ac9a-466f-8998-9632cd871284: new RaftServerImpl for group-5E04676F3A8D:[e011d6a7-ac9a-466f-8998-9632cd871284:192.168.36.79:44315] with ContainerStateMachine:uninitialized
2019-09-20 04:50:17,819 [pool-452-thread-1] INFO  server.RaftServerConfigKeys (ConfUtils.java:logGet(43)) - raft.server.rpc.timeout.min = 5s (custom)
2019-09-20 04:50:17,819 [pool-452-thread-1] INFO  server.RaftServerConfigKeys (ConfUtils.java:logGet(43)) - raft.server.rpc.timeout.max = 5200ms (custom)
2019-09-20 04:50:17,819 [pool-452-thread-1] INFO  server.RaftServerConfigKeys (ConfUtils.java:logGet(43)) - raft.server.rpcslowness.timeout = 120s (custom)
2019-09-20 04:50:17,819 [pool-452-thread-1] INFO  server.RaftServerConfigKeys (ConfUtils.java:logGet(43)) - raft.server.sleep.deviation.threshold = 300 (default)
2019-09-20 04:50:17,819 [pool-452-thread-1] INFO  server.RaftServerConfigKeys (ConfUtils.java:logGet(43)) - raft.server.log.appender.install.snapshot.enabled = false (custom)
2019-09-20 04:50:17,819 [pool-452-thread-1] INFO  impl.RaftServerImpl (ServerState.java:<init>(105)) - e011d6a7-ac9a-466f-8998-9632cd871284:group-5E04676F3A8D ConfigurationManager, init=-1: [e011d6a7-ac9a-466f-8998-9632cd871284:192.168.36.79:44315], old=null, confs=<EMPTY_MAP>
2019-09-20 04:50:17,819 [pool-452-thread-1] INFO  server.RaftServerConfigKeys (ConfUtils.java:logGet(43)) - raft.server.storage.dir = [/workdir/hadoop-ozone/integration-test/target/test-dir/MiniOzoneClusterImpl-5481c8ea-466e-4137-a567-737be5b6f247/datanode-4/data/ratis] (custom)
2019-09-20 04:50:17,820 [pool-452-thread-1] INFO  storage.RaftStorageDirectory (RaftStorageDirectory.java:analyzeStorage(246)) - The storage directory /workdir/hadoop-ozone/integration-test/target/test-dir/MiniOzoneClusterImpl-5481c8ea-466e-4137-a567-737be5b6f247/datanode-4/data/ratis/2bc0e541-6b7a-4981-a38f-5e04676f3a8d does not exist. Creating ...
2019-09-20 04:50:17,856 [pool-452-thread-1] INFO  storage.RaftStorageDirectory (RaftStorageDirectory.java:tryLock(328)) - Lock on /workdir/hadoop-ozone/integration-test/target/test-dir/MiniOzoneClusterImpl-5481c8ea-466e-4137-a567-737be5b6f247/datanode-4/data/ratis/2bc0e541-6b7a-4981-a38f-5e04676f3a8d/in_use.lock acquired by nodename 9457@pr-hdds-1569-s8kj2-2266485376
2019-09-20 04:50:17,881 [pool-452-thread-1] INFO  storage.RaftStorage (RaftStorage.java:format(72)) - Storage directory /workdir/hadoop-ozone/integration-test/target/test-dir/MiniOzoneClusterImpl-5481c8ea-466e-4137-a567-737be5b6f247/datanode-4/data/ratis/2bc0e541-6b7a-4981-a38f-5e04676f3a8d has been successfully formatted.
2019-09-20 04:50:17,881 [pool-452-thread-1] INFO  ratis.ContainerStateMachine (ContainerStateMachine.java:loadSnapshot(226)) - group-5E04676F3A8D: The snapshot info is null. Setting the last applied indexto:(t:0, i:~)
2019-09-20 04:50:17,882 [pool-452-thread-1] INFO  server.RaftServerConfigKeys (ConfUtils.java:logGet(43)) - raft.server.leader.election.timeout = 120s (custom)
2019-09-20 04:50:17,882 [pool-452-thread-1] INFO  server.RaftServerConfigKeys (ConfUtils.java:logGet(43)) - raft.server.log.use.memory = false (default)
2019-09-20 04:50:17,882 [pool-452-thread-1] INFO  server.RaftServerConfigKeys (ConfUtils.java:logGet(43)) - raft.server.log.purge.gap = 1000000 (custom)
2019-09-20 04:50:17,882 [pool-452-thread-1] INFO  server.RaftServerConfigKeys (ConfUtils.java:logGet(43)) - raft.server.log.appender.buffer.byte-limit = 33554432 (custom)
2019-09-20 04:50:17,882 [pool-452-thread-1] INFO  server.RaftServerConfigKeys (ConfUtils.java:logGet(43)) - raft.server.log.segment.size.max = 1048576 (custom)
2019-09-20 04:50:17,882 [pool-452-thread-1] INFO  server.RaftServerConfigKeys (ConfUtils.java:logGet(43)) - raft.server.log.segment.cache.num.max = 2 (custom)
2019-09-20 04:50:17,882 [pool-452-thread-1] INFO  segmented.SegmentedRaftLogWorker (SegmentedRaftLogWorker.java:<init>(172)) - new e011d6a7-ac9a-466f-8998-9632cd871284-SegmentedRaftLogWorker:Storage Directory /workdir/hadoop-ozone/integration-test/target/test-dir/MiniOzoneClusterImpl-5481c8ea-466e-4137-a567-737be5b6f247/datanode-4/data/ratis/2bc0e541-6b7a-4981-a38f-5e04676f3a8d for RaftStorage:Storage Directory /workdir/hadoop-ozone/integration-test/target/test-dir/MiniOzoneClusterImpl-5481c8ea-466e-4137-a567-737be5b6f247/datanode-4/data/ratis/2bc0e541-6b7a-4981-a38f-5e04676f3a8d
2019-09-20 04:50:17,882 [pool-452-thread-1] INFO  server.RaftServerConfigKeys (ConfUtils.java:logGet(43)) - raft.server.log.queue.byte-limit = 2147483647 (custom)
2019-09-20 04:50:17,882 [pool-452-thread-1] INFO  server.RaftServerConfigKeys (ConfUtils.java:logGet(43)) - raft.server.log.queue.element-limit = 1024 (custom)
2019-09-20 04:50:17,883 [pool-452-thread-1] INFO  server.RaftServerConfigKeys (ConfUtils.java:logGet(43)) - raft.server.log.segment.size.max = 1048576 (custom)
2019-09-20 04:50:17,883 [pool-452-thread-1] INFO  server.RaftServerConfigKeys (ConfUtils.java:logGet(43)) - raft.server.log.preallocated.size = 16384 (custom)
2019-09-20 04:50:17,883 [pool-452-thread-1] INFO  server.RaftServerConfigKeys (ConfUtils.java:logGet(43)) - raft.server.log.write.buffer.size = 33554432 (custom)
2019-09-20 04:50:17,883 [pool-452-thread-1] INFO  server.RaftServerConfigKeys (ConfUtils.java:logGet(43)) - raft.server.log.force.sync.num = 128 (default)
2019-09-20 04:50:17,883 [pool-452-thread-1] INFO  server.RaftServerConfigKeys (ConfUtils.java:logGet(43)) - raft.server.log.statemachine.data.sync = true (default)
2019-09-20 04:50:17,883 [pool-452-thread-1] INFO  server.RaftServerConfigKeys (ConfUtils.java:logGet(43)) - raft.server.log.statemachine.data.sync.timeout = 10s (default)
2019-09-20 04:50:17,883 [pool-452-thread-1] INFO  server.RaftServerConfigKeys (ConfUtils.java:logGet(43)) - raft.server.log.statemachine.data.sync.timeout.retry = -1 (default)
2019-09-20 04:50:17,883 [pool-452-thread-1] INFO  server.RaftServerConfigKeys (ConfUtils.java:logGet(43)) - raft.server.log.statemachine.data.caching.enabled = true (custom)
2019-09-20 04:50:17,884 [pool-452-thread-1] INFO  segmented.SegmentedRaftLogWorker (SegmentedRaftLogWorker.java:lambda$new$0(132)) - e011d6a7-ac9a-466f-8998-9632cd871284-SegmentedRaftLogWorker:Storage Directory /workdir/hadoop-ozone/integration-test/target/test-dir/MiniOzoneClusterImpl-5481c8ea-466e-4137-a567-737be5b6f247/datanode-4/data/ratis/2bc0e541-6b7a-4981-a38f-5e04676f3a8d: flushIndex: setUnconditionally 0 -> -1
2019-09-20 04:50:17,884 [pool-452-thread-1] INFO  server.RaftServerConfigKeys (ConfUtils.java:logGet(43)) - raft.server.snapshot.auto.trigger.enabled = true (custom)
2019-09-20 04:50:17,884 [pool-452-thread-1] INFO  server.RaftServerConfigKeys (ConfUtils.java:logGet(43)) - raft.server.snapshot.auto.trigger.threshold = 10000 (custom)
2019-09-20 04:50:17,884 [pool-452-thread-1] INFO  server.RaftServerConfigKeys (ConfUtils.java:logGet(43)) - raft.server.retrycache.expirytime = 600000ms (custom)
2019-09-20 04:50:17,884 [pool-452-thread-1] INFO  impl.RaftServerImpl (RaftServerImpl.java:start(180)) - e011d6a7-ac9a-466f-8998-9632cd871284: start group-5E04676F3A8D
2019-09-20 04:50:17,884 [pool-452-thread-1] INFO  impl.RaftServerImpl (RaftServerImpl.java:setRole(171)) - e011d6a7-ac9a-466f-8998-9632cd871284:group-5E04676F3A8D changes role from null to FOLLOWER at term 0 for startAsFollower
2019-09-20 04:50:17,884 [pool-452-thread-1] INFO  impl.RoleInfo (RoleInfo.java:updateAndGet(143)) - e011d6a7-ac9a-466f-8998-9632cd871284: start FollowerState
2019-09-20 04:50:17,885 [pool-452-thread-1] INFO  util.JmxRegister (JmxRegister.java:tryRegister(44)) - Successfully registered JMX Bean with object name Ratis:service=RaftServer,group=group-5E04676F3A8D,id=e011d6a7-ac9a-466f-8998-9632cd871284
2019-09-20 04:50:17,887 [RatisPipelineUtilsThread] INFO  pipeline.PipelineStateManager (PipelineStateManager.java:addPipeline(56)) - Created pipeline Pipeline[ Id: 2bc0e541-6b7a-4981-a38f-5e04676f3a8d, Nodes: e011d6a7-ac9a-466f-8998-9632cd871284{ip: 192.168.36.79, host: pr-hdds-1569-s8kj2-2266485376, networkLocation: /default-rack, certSerialId: null}, Type:RATIS, Factor:ONE, State:OPEN]
2019-09-20 04:50:17,887 [RatisPipelineUtilsThread] INFO  pipeline.PipelinePlacementPolicy (PipelinePlacementPolicy.java:meetCriteria(91)) - Pipeline Placement: Doesn't meet the criteria to be viable node： 376583b5-abad-4180-897e-71183665062e Heaviness: 6 limit: 5
2019-09-20 04:50:17,887 [RatisPipelineUtilsThread] INFO  pipeline.PipelinePlacementPolicy (PipelinePlacementPolicy.java:meetCriteria(91)) - Pipeline Placement: Doesn't meet the criteria to be viable node： c9a37c78-8605-4a88-9b79-5cbe235210f1 Heaviness: 6 limit: 5
2019-09-20 04:50:17,887 [RatisPipelineUtilsThread] INFO  pipeline.PipelinePlacementPolicy (PipelinePlacementPolicy.java:meetCriteria(91)) - Pipeline Placement: Doesn't meet the criteria to be viable node： b3ecc8dd-01a1-4f26-a416-3a35ccdca24e Heaviness: 6 limit: 5
2019-09-20 04:50:17,887 [RatisPipelineUtilsThread] INFO  pipeline.PipelinePlacementPolicy (PipelinePlacementPolicy.java:meetCriteria(91)) - Pipeline Placement: Doesn't meet the criteria to be viable node： c8347fee-8d34-4c42-854b-90a05a956525 Heaviness: 6 limit: 5
2019-09-20 04:50:17,891 [grpc-default-executor-1] INFO  impl.RaftServerProxy (RaftServerProxy.java:addNew(89)) - e011d6a7-ac9a-466f-8998-9632cd871284: addNew group-B4E33474AFDB:[e011d6a7-ac9a-466f-8998-9632cd871284:192.168.36.79:44315] returns group-B4E33474AFDB:java.util.concurrent.CompletableFuture@651964cd[Not completed]
2019-09-20 04:50:17,892 [pool-452-thread-1] INFO  impl.RaftServerImpl (RaftServerImpl.java:<init>(93)) - e011d6a7-ac9a-466f-8998-9632cd871284: new RaftServerImpl for group-B4E33474AFDB:[e011d6a7-ac9a-466f-8998-9632cd871284:192.168.36.79:44315] with ContainerStateMachine:uninitialized
2019-09-20 04:50:17,892 [pool-452-thread-1] INFO  server.RaftServerConfigKeys (ConfUtils.java:logGet(43)) - raft.server.rpc.timeout.min = 5s (custom)
2019-09-20 04:50:17,892 [pool-452-thread-1] INFO  server.RaftServerConfigKeys (ConfUtils.java:logGet(43)) - raft.server.rpc.timeout.max = 5200ms (custom)
2019-09-20 04:50:17,892 [pool-452-thread-1] INFO  server.RaftServerConfigKeys (ConfUtils.java:logGet(43)) - raft.server.rpcslowness.timeout = 120s (custom)
2019-09-20 04:50:17,892 [pool-452-thread-1] INFO  server.RaftServerConfigKeys (ConfUtils.java:logGet(43)) - raft.server.sleep.deviation.threshold = 300 (default)
2019-09-20 04:50:17,892 [pool-452-thread-1] INFO  server.RaftServerConfigKeys (ConfUtils.java:logGet(43)) - raft.server.log.appender.install.snapshot.enabled = false (custom)
2019-09-20 04:50:17,892 [pool-452-thread-1] INFO  impl.RaftServerImpl (ServerState.java:<init>(105)) - e011d6a7-ac9a-466f-8998-9632cd871284:group-B4E33474AFDB ConfigurationManager, init=-1: [e011d6a7-ac9a-466f-8998-9632cd871284:192.168.36.79:44315], old=null, confs=<EMPTY_MAP>
2019-09-20 04:50:17,892 [pool-452-thread-1] INFO  server.RaftServerConfigKeys (ConfUtils.java:logGet(43)) - raft.server.storage.dir = [/workdir/hadoop-ozone/integration-test/target/test-dir/MiniOzoneClusterImpl-5481c8ea-466e-4137-a567-737be5b6f247/datanode-4/data/ratis] (custom)
2019-09-20 04:50:17,893 [pool-452-thread-1] INFO  storage.RaftStorageDirectory (RaftStorageDirectory.java:analyzeStorage(246)) - The storage directory /workdir/hadoop-ozone/integration-test/target/test-dir/MiniOzoneClusterImpl-5481c8ea-466e-4137-a567-737be5b6f247/datanode-4/data/ratis/47449839-5e0b-433a-85c2-b4e33474afdb does not exist. Creating ...
2019-09-20 04:50:17,915 [pool-452-thread-1] INFO  storage.RaftStorageDirectory (RaftStorageDirectory.java:tryLock(328)) - Lock on /workdir/hadoop-ozone/integration-test/target/test-dir/MiniOzoneClusterImpl-5481c8ea-466e-4137-a567-737be5b6f247/datanode-4/data/ratis/47449839-5e0b-433a-85c2-b4e33474afdb/in_use.lock acquired by nodename 9457@pr-hdds-1569-s8kj2-2266485376
2019-09-20 04:50:17,932 [pool-452-thread-1] INFO  storage.RaftStorage (RaftStorage.java:format(72)) - Storage directory /workdir/hadoop-ozone/integration-test/target/test-dir/MiniOzoneClusterImpl-5481c8ea-466e-4137-a567-737be5b6f247/datanode-4/data/ratis/47449839-5e0b-433a-85c2-b4e33474afdb has been successfully formatted.
2019-09-20 04:50:17,932 [pool-452-thread-1] INFO  ratis.ContainerStateMachine (ContainerStateMachine.java:loadSnapshot(226)) - group-B4E33474AFDB: The snapshot info is null. Setting the last applied indexto:(t:0, i:~)
2019-09-20 04:50:17,932 [pool-452-thread-1] INFO  server.RaftServerConfigKeys (ConfUtils.java:logGet(43)) - raft.server.leader.election.timeout = 120s (custom)
2019-09-20 04:50:17,932 [pool-452-thread-1] INFO  server.RaftServerConfigKeys (ConfUtils.java:logGet(43)) - raft.server.log.use.memory = false (default)
2019-09-20 04:50:17,932 [pool-452-thread-1] INFO  server.RaftServerConfigKeys (ConfUtils.java:logGet(43)) - raft.server.log.purge.gap = 1000000 (custom)
2019-09-20 04:50:17,932 [pool-452-thread-1] INFO  server.RaftServerConfigKeys (ConfUtils.java:logGet(43)) - raft.server.log.appender.buffer.byte-limit = 33554432 (custom)
2019-09-20 04:50:17,933 [pool-452-thread-1] INFO  server.RaftServerConfigKeys (ConfUtils.java:logGet(43)) - raft.server.log.segment.size.max = 1048576 (custom)
2019-09-20 04:50:17,933 [pool-452-thread-1] INFO  server.RaftServerConfigKeys (ConfUtils.java:logGet(43)) - raft.server.log.segment.cache.num.max = 2 (custom)
2019-09-20 04:50:17,933 [pool-452-thread-1] INFO  segmented.SegmentedRaftLogWorker (SegmentedRaftLogWorker.java:<init>(172)) - new e011d6a7-ac9a-466f-8998-9632cd871284-SegmentedRaftLogWorker:Storage Directory /workdir/hadoop-ozone/integration-test/target/test-dir/MiniOzoneClusterImpl-5481c8ea-466e-4137-a567-737be5b6f247/datanode-4/data/ratis/47449839-5e0b-433a-85c2-b4e33474afdb for RaftStorage:Storage Directory /workdir/hadoop-ozone/integration-test/target/test-dir/MiniOzoneClusterImpl-5481c8ea-466e-4137-a567-737be5b6f247/datanode-4/data/ratis/47449839-5e0b-433a-85c2-b4e33474afdb
2019-09-20 04:50:17,933 [pool-452-thread-1] INFO  server.RaftServerConfigKeys (ConfUtils.java:logGet(43)) - raft.server.log.queue.byte-limit = 2147483647 (custom)
2019-09-20 04:50:17,933 [pool-452-thread-1] INFO  server.RaftServerConfigKeys (ConfUtils.java:logGet(43)) - raft.server.log.queue.element-limit = 1024 (custom)
2019-09-20 04:50:17,933 [pool-452-thread-1] INFO  server.RaftServerConfigKeys (ConfUtils.java:logGet(43)) - raft.server.log.segment.size.max = 1048576 (custom)
2019-09-20 04:50:17,933 [pool-452-thread-1] INFO  server.RaftServerConfigKeys (ConfUtils.java:logGet(43)) - raft.server.log.preallocated.size = 16384 (custom)
2019-09-20 04:50:17,933 [pool-452-thread-1] INFO  server.RaftServerConfigKeys (ConfUtils.java:logGet(43)) - raft.server.log.write.buffer.size = 33554432 (custom)
2019-09-20 04:50:17,933 [pool-452-thread-1] INFO  server.RaftServerConfigKeys (ConfUtils.java:logGet(43)) - raft.server.log.force.sync.num = 128 (default)
2019-09-20 04:50:17,933 [pool-452-thread-1] INFO  server.RaftServerConfigKeys (ConfUtils.java:logGet(43)) - raft.server.log.statemachine.data.sync = true (default)
2019-09-20 04:50:17,933 [pool-452-thread-1] INFO  server.RaftServerConfigKeys (ConfUtils.java:logGet(43)) - raft.server.log.statemachine.data.sync.timeout = 10s (default)
2019-09-20 04:50:17,933 [pool-452-thread-1] INFO  server.RaftServerConfigKeys (ConfUtils.java:logGet(43)) - raft.server.log.statemachine.data.sync.timeout.retry = -1 (default)
2019-09-20 04:50:17,934 [pool-452-thread-1] INFO  server.RaftServerConfigKeys (ConfUtils.java:logGet(43)) - raft.server.log.statemachine.data.caching.enabled = true (custom)
2019-09-20 04:50:17,934 [pool-452-thread-1] INFO  segmented.SegmentedRaftLogWorker (SegmentedRaftLogWorker.java:lambda$new$0(132)) - e011d6a7-ac9a-466f-8998-9632cd871284-SegmentedRaftLogWorker:Storage Directory /workdir/hadoop-ozone/integration-test/target/test-dir/MiniOzoneClusterImpl-5481c8ea-466e-4137-a567-737be5b6f247/datanode-4/data/ratis/47449839-5e0b-433a-85c2-b4e33474afdb: flushIndex: setUnconditionally 0 -> -1
2019-09-20 04:50:17,934 [pool-452-thread-1] INFO  server.RaftServerConfigKeys (ConfUtils.java:logGet(43)) - raft.server.snapshot.auto.trigger.enabled = true (custom)
2019-09-20 04:50:17,934 [pool-452-thread-1] INFO  server.RaftServerConfigKeys (ConfUtils.java:logGet(43)) - raft.server.snapshot.auto.trigger.threshold = 10000 (custom)
2019-09-20 04:50:17,934 [pool-452-thread-1] INFO  server.RaftServerConfigKeys (ConfUtils.java:logGet(43)) - raft.server.retrycache.expirytime = 600000ms (custom)
2019-09-20 04:50:17,934 [pool-452-thread-1] INFO  impl.RaftServerImpl (RaftServerImpl.java:start(180)) - e011d6a7-ac9a-466f-8998-9632cd871284: start group-B4E33474AFDB
2019-09-20 04:50:17,934 [pool-452-thread-1] INFO  impl.RaftServerImpl (RaftServerImpl.java:setRole(171)) - e011d6a7-ac9a-466f-8998-9632cd871284:group-B4E33474AFDB changes role from null to FOLLOWER at term 0 for startAsFollower
2019-09-20 04:50:17,934 [pool-452-thread-1] INFO  impl.RoleInfo (RoleInfo.java:updateAndGet(143)) - e011d6a7-ac9a-466f-8998-9632cd871284: start FollowerState
2019-09-20 04:50:17,935 [pool-452-thread-1] INFO  util.JmxRegister (JmxRegister.java:tryRegister(44)) - Successfully registered JMX Bean with object name Ratis:service=RaftServer,group=group-B4E33474AFDB,id=e011d6a7-ac9a-466f-8998-9632cd871284
2019-09-20 04:50:17,937 [RatisPipelineUtilsThread] INFO  pipeline.PipelineStateManager (PipelineStateManager.java:addPipeline(56)) - Created pipeline Pipeline[ Id: 47449839-5e0b-433a-85c2-b4e33474afdb, Nodes: e011d6a7-ac9a-466f-8998-9632cd871284{ip: 192.168.36.79, host: pr-hdds-1569-s8kj2-2266485376, networkLocation: /default-rack, certSerialId: null}, Type:RATIS, Factor:ONE, State:OPEN]
2019-09-20 04:50:17,937 [RatisPipelineUtilsThread] INFO  pipeline.PipelinePlacementPolicy (PipelinePlacementPolicy.java:meetCriteria(91)) - Pipeline Placement: Doesn't meet the criteria to be viable node： 376583b5-abad-4180-897e-71183665062e Heaviness: 6 limit: 5
2019-09-20 04:50:17,937 [RatisPipelineUtilsThread] INFO  pipeline.PipelinePlacementPolicy (PipelinePlacementPolicy.java:meetCriteria(91)) - Pipeline Placement: Doesn't meet the criteria to be viable node： c9a37c78-8605-4a88-9b79-5cbe235210f1 Heaviness: 6 limit: 5
2019-09-20 04:50:17,937 [RatisPipelineUtilsThread] INFO  pipeline.PipelinePlacementPolicy (PipelinePlacementPolicy.java:meetCriteria(91)) - Pipeline Placement: Doesn't meet the criteria to be viable node： b3ecc8dd-01a1-4f26-a416-3a35ccdca24e Heaviness: 6 limit: 5
2019-09-20 04:50:17,937 [RatisPipelineUtilsThread] INFO  pipeline.PipelinePlacementPolicy (PipelinePlacementPolicy.java:meetCriteria(91)) - Pipeline Placement: Doesn't meet the criteria to be viable node： c8347fee-8d34-4c42-854b-90a05a956525 Heaviness: 6 limit: 5
2019-09-20 04:50:17,941 [grpc-default-executor-1] INFO  impl.RaftServerProxy (RaftServerProxy.java:addNew(89)) - e011d6a7-ac9a-466f-8998-9632cd871284: addNew group-0F5654EFFE3E:[e011d6a7-ac9a-466f-8998-9632cd871284:192.168.36.79:44315] returns group-0F5654EFFE3E:java.util.concurrent.CompletableFuture@4e06631f[Not completed]
2019-09-20 04:50:17,942 [pool-452-thread-1] INFO  impl.RaftServerImpl (RaftServerImpl.java:<init>(93)) - e011d6a7-ac9a-466f-8998-9632cd871284: new RaftServerImpl for group-0F5654EFFE3E:[e011d6a7-ac9a-466f-8998-9632cd871284:192.168.36.79:44315] with ContainerStateMachine:uninitialized
2019-09-20 04:50:17,942 [pool-452-thread-1] INFO  server.RaftServerConfigKeys (ConfUtils.java:logGet(43)) - raft.server.rpc.timeout.min = 5s (custom)
2019-09-20 04:50:17,942 [pool-452-thread-1] INFO  server.RaftServerConfigKeys (ConfUtils.java:logGet(43)) - raft.server.rpc.timeout.max = 5200ms (custom)
2019-09-20 04:50:17,943 [pool-452-thread-1] INFO  server.RaftServerConfigKeys (ConfUtils.java:logGet(43)) - raft.server.rpcslowness.timeout = 120s (custom)
2019-09-20 04:50:17,943 [pool-452-thread-1] INFO  server.RaftServerConfigKeys (ConfUtils.java:logGet(43)) - raft.server.sleep.deviation.threshold = 300 (default)
2019-09-20 04:50:17,943 [pool-452-thread-1] INFO  server.RaftServerConfigKeys (ConfUtils.java:logGet(43)) - raft.server.log.appender.install.snapshot.enabled = false (custom)
2019-09-20 04:50:17,943 [pool-452-thread-1] INFO  impl.RaftServerImpl (ServerState.java:<init>(105)) - e011d6a7-ac9a-466f-8998-9632cd871284:group-0F5654EFFE3E ConfigurationManager, init=-1: [e011d6a7-ac9a-466f-8998-9632cd871284:192.168.36.79:44315], old=null, confs=<EMPTY_MAP>
2019-09-20 04:50:17,943 [pool-452-thread-1] INFO  server.RaftServerConfigKeys (ConfUtils.java:logGet(43)) - raft.server.storage.dir = [/workdir/hadoop-ozone/integration-test/target/test-dir/MiniOzoneClusterImpl-5481c8ea-466e-4137-a567-737be5b6f247/datanode-4/data/ratis] (custom)
2019-09-20 04:50:17,943 [pool-452-thread-1] INFO  storage.RaftStorageDirectory (RaftStorageDirectory.java:analyzeStorage(246)) - The storage directory /workdir/hadoop-ozone/integration-test/target/test-dir/MiniOzoneClusterImpl-5481c8ea-466e-4137-a567-737be5b6f247/datanode-4/data/ratis/2c2ac013-75aa-4ae2-82d7-0f5654effe3e does not exist. Creating ...
2019-09-20 04:50:17,965 [pool-452-thread-1] INFO  storage.RaftStorageDirectory (RaftStorageDirectory.java:tryLock(328)) - Lock on /workdir/hadoop-ozone/integration-test/target/test-dir/MiniOzoneClusterImpl-5481c8ea-466e-4137-a567-737be5b6f247/datanode-4/data/ratis/2c2ac013-75aa-4ae2-82d7-0f5654effe3e/in_use.lock acquired by nodename 9457@pr-hdds-1569-s8kj2-2266485376
2019-09-20 04:50:17,982 [pool-452-thread-1] INFO  storage.RaftStorage (RaftStorage.java:format(72)) - Storage directory /workdir/hadoop-ozone/integration-test/target/test-dir/MiniOzoneClusterImpl-5481c8ea-466e-4137-a567-737be5b6f247/datanode-4/data/ratis/2c2ac013-75aa-4ae2-82d7-0f5654effe3e has been successfully formatted.
2019-09-20 04:50:17,983 [pool-452-thread-1] INFO  ratis.ContainerStateMachine (ContainerStateMachine.java:loadSnapshot(226)) - group-0F5654EFFE3E: The snapshot info is null. Setting the last applied indexto:(t:0, i:~)
2019-09-20 04:50:17,983 [pool-452-thread-1] INFO  server.RaftServerConfigKeys (ConfUtils.java:logGet(43)) - raft.server.leader.election.timeout = 120s (custom)
2019-09-20 04:50:17,983 [pool-452-thread-1] INFO  server.RaftServerConfigKeys (ConfUtils.java:logGet(43)) - raft.server.log.use.memory = false (default)
2019-09-20 04:50:17,983 [pool-452-thread-1] INFO  server.RaftServerConfigKeys (ConfUtils.java:logGet(43)) - raft.server.log.purge.gap = 1000000 (custom)
2019-09-20 04:50:17,983 [pool-452-thread-1] INFO  server.RaftServerConfigKeys (ConfUtils.java:logGet(43)) - raft.server.log.appender.buffer.byte-limit = 33554432 (custom)
2019-09-20 04:50:17,983 [pool-452-thread-1] INFO  server.RaftServerConfigKeys (ConfUtils.java:logGet(43)) - raft.server.log.segment.size.max = 1048576 (custom)
2019-09-20 04:50:17,984 [pool-452-thread-1] INFO  server.RaftServerConfigKeys (ConfUtils.java:logGet(43)) - raft.server.log.segment.cache.num.max = 2 (custom)
2019-09-20 04:50:17,984 [pool-452-thread-1] INFO  segmented.SegmentedRaftLogWorker (SegmentedRaftLogWorker.java:<init>(172)) - new e011d6a7-ac9a-466f-8998-9632cd871284-SegmentedRaftLogWorker:Storage Directory /workdir/hadoop-ozone/integration-test/target/test-dir/MiniOzoneClusterImpl-5481c8ea-466e-4137-a567-737be5b6f247/datanode-4/data/ratis/2c2ac013-75aa-4ae2-82d7-0f5654effe3e for RaftStorage:Storage Directory /workdir/hadoop-ozone/integration-test/target/test-dir/MiniOzoneClusterImpl-5481c8ea-466e-4137-a567-737be5b6f247/datanode-4/data/ratis/2c2ac013-75aa-4ae2-82d7-0f5654effe3e
2019-09-20 04:50:17,984 [pool-452-thread-1] INFO  server.RaftServerConfigKeys (ConfUtils.java:logGet(43)) - raft.server.log.queue.byte-limit = 2147483647 (custom)
2019-09-20 04:50:17,984 [pool-452-thread-1] INFO  server.RaftServerConfigKeys (ConfUtils.java:logGet(43)) - raft.server.log.queue.element-limit = 1024 (custom)
2019-09-20 04:50:17,984 [pool-452-thread-1] INFO  server.RaftServerConfigKeys (ConfUtils.java:logGet(43)) - raft.server.log.segment.size.max = 1048576 (custom)
2019-09-20 04:50:17,984 [pool-452-thread-1] INFO  server.RaftServerConfigKeys (ConfUtils.java:logGet(43)) - raft.server.log.preallocated.size = 16384 (custom)
2019-09-20 04:50:17,984 [pool-452-thread-1] INFO  server.RaftServerConfigKeys (ConfUtils.java:logGet(43)) - raft.server.log.write.buffer.size = 33554432 (custom)
2019-09-20 04:50:17,985 [pool-452-thread-1] INFO  server.RaftServerConfigKeys (ConfUtils.java:logGet(43)) - raft.server.log.force.sync.num = 128 (default)
2019-09-20 04:50:17,985 [pool-452-thread-1] INFO  server.RaftServerConfigKeys (ConfUtils.java:logGet(43)) - raft.server.log.statemachine.data.sync = true (default)
2019-09-20 04:50:17,985 [pool-452-thread-1] INFO  server.RaftServerConfigKeys (ConfUtils.java:logGet(43)) - raft.server.log.statemachine.data.sync.timeout = 10s (default)
2019-09-20 04:50:17,985 [pool-452-thread-1] INFO  server.RaftServerConfigKeys (ConfUtils.java:logGet(43)) - raft.server.log.statemachine.data.sync.timeout.retry = -1 (default)
2019-09-20 04:50:17,985 [pool-452-thread-1] INFO  server.RaftServerConfigKeys (ConfUtils.java:logGet(43)) - raft.server.log.statemachine.data.caching.enabled = true (custom)
2019-09-20 04:50:17,985 [pool-452-thread-1] INFO  segmented.SegmentedRaftLogWorker (SegmentedRaftLogWorker.java:lambda$new$0(132)) - e011d6a7-ac9a-466f-8998-9632cd871284-SegmentedRaftLogWorker:Storage Directory /workdir/hadoop-ozone/integration-test/target/test-dir/MiniOzoneClusterImpl-5481c8ea-466e-4137-a567-737be5b6f247/datanode-4/data/ratis/2c2ac013-75aa-4ae2-82d7-0f5654effe3e: flushIndex: setUnconditionally 0 -> -1
2019-09-20 04:50:17,986 [pool-452-thread-1] INFO  server.RaftServerConfigKeys (ConfUtils.java:logGet(43)) - raft.server.snapshot.auto.trigger.enabled = true (custom)
2019-09-20 04:50:17,986 [pool-452-thread-1] INFO  server.RaftServerConfigKeys (ConfUtils.java:logGet(43)) - raft.server.snapshot.auto.trigger.threshold = 10000 (custom)
2019-09-20 04:50:17,986 [pool-452-thread-1] INFO  server.RaftServerConfigKeys (ConfUtils.java:logGet(43)) - raft.server.retrycache.expirytime = 600000ms (custom)
2019-09-20 04:50:17,986 [pool-452-thread-1] INFO  impl.RaftServerImpl (RaftServerImpl.java:start(180)) - e011d6a7-ac9a-466f-8998-9632cd871284: start group-0F5654EFFE3E
2019-09-20 04:50:17,986 [pool-452-thread-1] INFO  impl.RaftServerImpl (RaftServerImpl.java:setRole(171)) - e011d6a7-ac9a-466f-8998-9632cd871284:group-0F5654EFFE3E changes role from null to FOLLOWER at term 0 for startAsFollower
2019-09-20 04:50:17,986 [pool-452-thread-1] INFO  impl.RoleInfo (RoleInfo.java:updateAndGet(143)) - e011d6a7-ac9a-466f-8998-9632cd871284: start FollowerState
2019-09-20 04:50:17,987 [pool-452-thread-1] INFO  util.JmxRegister (JmxRegister.java:tryRegister(44)) - Successfully registered JMX Bean with object name Ratis:service=RaftServer,group=group-0F5654EFFE3E,id=e011d6a7-ac9a-466f-8998-9632cd871284
2019-09-20 04:50:17,989 [RatisPipelineUtilsThread] INFO  pipeline.PipelineStateManager (PipelineStateManager.java:addPipeline(56)) - Created pipeline Pipeline[ Id: 2c2ac013-75aa-4ae2-82d7-0f5654effe3e, Nodes: e011d6a7-ac9a-466f-8998-9632cd871284{ip: 192.168.36.79, host: pr-hdds-1569-s8kj2-2266485376, networkLocation: /default-rack, certSerialId: null}, Type:RATIS, Factor:ONE, State:OPEN]
2019-09-20 04:50:17,989 [RatisPipelineUtilsThread] INFO  pipeline.PipelinePlacementPolicy (PipelinePlacementPolicy.java:meetCriteria(91)) - Pipeline Placement: Doesn't meet the criteria to be viable node： 376583b5-abad-4180-897e-71183665062e Heaviness: 6 limit: 5
2019-09-20 04:50:17,989 [RatisPipelineUtilsThread] INFO  pipeline.PipelinePlacementPolicy (PipelinePlacementPolicy.java:meetCriteria(91)) - Pipeline Placement: Doesn't meet the criteria to be viable node： c9a37c78-8605-4a88-9b79-5cbe235210f1 Heaviness: 6 limit: 5
2019-09-20 04:50:17,989 [RatisPipelineUtilsThread] INFO  pipeline.PipelinePlacementPolicy (PipelinePlacementPolicy.java:meetCriteria(91)) - Pipeline Placement: Doesn't meet the criteria to be viable node： b3ecc8dd-01a1-4f26-a416-3a35ccdca24e Heaviness: 6 limit: 5
2019-09-20 04:50:17,990 [RatisPipelineUtilsThread] INFO  pipeline.PipelinePlacementPolicy (PipelinePlacementPolicy.java:meetCriteria(91)) - Pipeline Placement: Doesn't meet the criteria to be viable node： c8347fee-8d34-4c42-854b-90a05a956525 Heaviness: 6 limit: 5
2019-09-20 04:50:17,994 [grpc-default-executor-1] INFO  impl.RaftServerProxy (RaftServerProxy.java:addNew(89)) - e011d6a7-ac9a-466f-8998-9632cd871284: addNew group-6D9E8BB662DF:[e011d6a7-ac9a-466f-8998-9632cd871284:192.168.36.79:44315] returns group-6D9E8BB662DF:java.util.concurrent.CompletableFuture@6fb6ae56[Not completed]
2019-09-20 04:50:17,995 [pool-452-thread-1] INFO  impl.RaftServerImpl (RaftServerImpl.java:<init>(93)) - e011d6a7-ac9a-466f-8998-9632cd871284: new RaftServerImpl for group-6D9E8BB662DF:[e011d6a7-ac9a-466f-8998-9632cd871284:192.168.36.79:44315] with ContainerStateMachine:uninitialized
2019-09-20 04:50:17,995 [pool-452-thread-1] INFO  server.RaftServerConfigKeys (ConfUtils.java:logGet(43)) - raft.server.rpc.timeout.min = 5s (custom)
2019-09-20 04:50:17,995 [pool-452-thread-1] INFO  server.RaftServerConfigKeys (ConfUtils.java:logGet(43)) - raft.server.rpc.timeout.max = 5200ms (custom)
2019-09-20 04:50:17,995 [pool-452-thread-1] INFO  server.RaftServerConfigKeys (ConfUtils.java:logGet(43)) - raft.server.rpcslowness.timeout = 120s (custom)
2019-09-20 04:50:17,995 [pool-452-thread-1] INFO  server.RaftServerConfigKeys (ConfUtils.java:logGet(43)) - raft.server.sleep.deviation.threshold = 300 (default)
2019-09-20 04:50:17,996 [pool-452-thread-1] INFO  server.RaftServerConfigKeys (ConfUtils.java:logGet(43)) - raft.server.log.appender.install.snapshot.enabled = false (custom)
2019-09-20 04:50:17,996 [pool-452-thread-1] INFO  impl.RaftServerImpl (ServerState.java:<init>(105)) - e011d6a7-ac9a-466f-8998-9632cd871284:group-6D9E8BB662DF ConfigurationManager, init=-1: [e011d6a7-ac9a-466f-8998-9632cd871284:192.168.36.79:44315], old=null, confs=<EMPTY_MAP>
2019-09-20 04:50:17,996 [pool-452-thread-1] INFO  server.RaftServerConfigKeys (ConfUtils.java:logGet(43)) - raft.server.storage.dir = [/workdir/hadoop-ozone/integration-test/target/test-dir/MiniOzoneClusterImpl-5481c8ea-466e-4137-a567-737be5b6f247/datanode-4/data/ratis] (custom)
2019-09-20 04:50:17,996 [pool-452-thread-1] INFO  storage.RaftStorageDirectory (RaftStorageDirectory.java:analyzeStorage(246)) - The storage directory /workdir/hadoop-ozone/integration-test/target/test-dir/MiniOzoneClusterImpl-5481c8ea-466e-4137-a567-737be5b6f247/datanode-4/data/ratis/789d3170-c3c1-40ec-b289-6d9e8bb662df does not exist. Creating ...
2019-09-20 04:50:18,016 [pool-452-thread-1] INFO  storage.RaftStorageDirectory (RaftStorageDirectory.java:tryLock(328)) - Lock on /workdir/hadoop-ozone/integration-test/target/test-dir/MiniOzoneClusterImpl-5481c8ea-466e-4137-a567-737be5b6f247/datanode-4/data/ratis/789d3170-c3c1-40ec-b289-6d9e8bb662df/in_use.lock acquired by nodename 9457@pr-hdds-1569-s8kj2-2266485376
2019-09-20 04:50:18,031 | INFO  | SCMAudit | user=jenkins1000 | ip=192.168.36.79 | op=SEND_HEARTBEAT {datanodeUUID=eaf3ecbe-c3b1-4969-ad3a-e4de7fb04f81, command=[]} | ret=SUCCESS |  
2019-09-20 04:50:18,031 | INFO  | SCMAudit | user=jenkins1000 | ip=192.168.36.79 | op=SEND_HEARTBEAT {datanodeUUID=1d91ad97-6666-4ee7-855a-8b5e944e7401, command=[]} | ret=SUCCESS |  
2019-09-20 04:50:18,031 | INFO  | SCMAudit | user=jenkins1000 | ip=192.168.36.79 | op=SEND_HEARTBEAT {datanodeUUID=236eed40-dd97-4fdc-a0ae-ab99685a426b, command=[]} | ret=SUCCESS |  
2019-09-20 04:50:18,042 [pool-452-thread-1] INFO  storage.RaftStorage (RaftStorage.java:format(72)) - Storage directory /workdir/hadoop-ozone/integration-test/target/test-dir/MiniOzoneClusterImpl-5481c8ea-466e-4137-a567-737be5b6f247/datanode-4/data/ratis/789d3170-c3c1-40ec-b289-6d9e8bb662df has been successfully formatted.
2019-09-20 04:50:18,042 [pool-452-thread-1] INFO  ratis.ContainerStateMachine (ContainerStateMachine.java:loadSnapshot(226)) - group-6D9E8BB662DF: The snapshot info is null. Setting the last applied indexto:(t:0, i:~)
2019-09-20 04:50:18,042 [pool-452-thread-1] INFO  server.RaftServerConfigKeys (ConfUtils.java:logGet(43)) - raft.server.leader.election.timeout = 120s (custom)
2019-09-20 04:50:18,042 [pool-452-thread-1] INFO  server.RaftServerConfigKeys (ConfUtils.java:logGet(43)) - raft.server.log.use.memory = false (default)
2019-09-20 04:50:18,042 [pool-452-thread-1] INFO  server.RaftServerConfigKeys (ConfUtils.java:logGet(43)) - raft.server.log.purge.gap = 1000000 (custom)
2019-09-20 04:50:18,042 [pool-452-thread-1] INFO  server.RaftServerConfigKeys (ConfUtils.java:logGet(43)) - raft.server.log.appender.buffer.byte-limit = 33554432 (custom)
2019-09-20 04:50:18,042 [pool-452-thread-1] INFO  server.RaftServerConfigKeys (ConfUtils.java:logGet(43)) - raft.server.log.segment.size.max = 1048576 (custom)
2019-09-20 04:50:18,043 [pool-452-thread-1] INFO  server.RaftServerConfigKeys (ConfUtils.java:logGet(43)) - raft.server.log.segment.cache.num.max = 2 (custom)
2019-09-20 04:50:18,043 [pool-452-thread-1] INFO  segmented.SegmentedRaftLogWorker (SegmentedRaftLogWorker.java:<init>(172)) - new e011d6a7-ac9a-466f-8998-9632cd871284-SegmentedRaftLogWorker:Storage Directory /workdir/hadoop-ozone/integration-test/target/test-dir/MiniOzoneClusterImpl-5481c8ea-466e-4137-a567-737be5b6f247/datanode-4/data/ratis/789d3170-c3c1-40ec-b289-6d9e8bb662df for RaftStorage:Storage Directory /workdir/hadoop-ozone/integration-test/target/test-dir/MiniOzoneClusterImpl-5481c8ea-466e-4137-a567-737be5b6f247/datanode-4/data/ratis/789d3170-c3c1-40ec-b289-6d9e8bb662df
2019-09-20 04:50:18,043 [pool-452-thread-1] INFO  server.RaftServerConfigKeys (ConfUtils.java:logGet(43)) - raft.server.log.queue.byte-limit = 2147483647 (custom)
2019-09-20 04:50:18,043 [pool-452-thread-1] INFO  server.RaftServerConfigKeys (ConfUtils.java:logGet(43)) - raft.server.log.queue.element-limit = 1024 (custom)
2019-09-20 04:50:18,043 [pool-452-thread-1] INFO  server.RaftServerConfigKeys (ConfUtils.java:logGet(43)) - raft.server.log.segment.size.max = 1048576 (custom)
2019-09-20 04:50:18,043 [pool-452-thread-1] INFO  server.RaftServerConfigKeys (ConfUtils.java:logGet(43)) - raft.server.log.preallocated.size = 16384 (custom)
2019-09-20 04:50:18,043 [pool-452-thread-1] INFO  server.RaftServerConfigKeys (ConfUtils.java:logGet(43)) - raft.server.log.write.buffer.size = 33554432 (custom)
2019-09-20 04:50:18,043 [pool-452-thread-1] INFO  server.RaftServerConfigKeys (ConfUtils.java:logGet(43)) - raft.server.log.force.sync.num = 128 (default)
2019-09-20 04:50:18,043 [pool-452-thread-1] INFO  server.RaftServerConfigKeys (ConfUtils.java:logGet(43)) - raft.server.log.statemachine.data.sync = true (default)
2019-09-20 04:50:18,043 [pool-452-thread-1] INFO  server.RaftServerConfigKeys (ConfUtils.java:logGet(43)) - raft.server.log.statemachine.data.sync.timeout = 10s (default)
2019-09-20 04:50:18,043 [pool-452-thread-1] INFO  server.RaftServerConfigKeys (ConfUtils.java:logGet(43)) - raft.server.log.statemachine.data.sync.timeout.retry = -1 (default)
2019-09-20 04:50:18,043 [pool-452-thread-1] INFO  server.RaftServerConfigKeys (ConfUtils.java:logGet(43)) - raft.server.log.statemachine.data.caching.enabled = true (custom)
2019-09-20 04:50:18,044 [pool-452-thread-1] INFO  segmented.SegmentedRaftLogWorker (SegmentedRaftLogWorker.java:lambda$new$0(132)) - e011d6a7-ac9a-466f-8998-9632cd871284-SegmentedRaftLogWorker:Storage Directory /workdir/hadoop-ozone/integration-test/target/test-dir/MiniOzoneClusterImpl-5481c8ea-466e-4137-a567-737be5b6f247/datanode-4/data/ratis/789d3170-c3c1-40ec-b289-6d9e8bb662df: flushIndex: setUnconditionally 0 -> -1
2019-09-20 04:50:18,044 [pool-452-thread-1] INFO  server.RaftServerConfigKeys (ConfUtils.java:logGet(43)) - raft.server.snapshot.auto.trigger.enabled = true (custom)
2019-09-20 04:50:18,044 [pool-452-thread-1] INFO  server.RaftServerConfigKeys (ConfUtils.java:logGet(43)) - raft.server.snapshot.auto.trigger.threshold = 10000 (custom)
2019-09-20 04:50:18,044 [pool-452-thread-1] INFO  server.RaftServerConfigKeys (ConfUtils.java:logGet(43)) - raft.server.retrycache.expirytime = 600000ms (custom)
2019-09-20 04:50:18,044 [pool-452-thread-1] INFO  impl.RaftServerImpl (RaftServerImpl.java:start(180)) - e011d6a7-ac9a-466f-8998-9632cd871284: start group-6D9E8BB662DF
2019-09-20 04:50:18,044 [pool-452-thread-1] INFO  impl.RaftServerImpl (RaftServerImpl.java:setRole(171)) - e011d6a7-ac9a-466f-8998-9632cd871284:group-6D9E8BB662DF changes role from null to FOLLOWER at term 0 for startAsFollower
2019-09-20 04:50:18,044 [pool-452-thread-1] INFO  impl.RoleInfo (RoleInfo.java:updateAndGet(143)) - e011d6a7-ac9a-466f-8998-9632cd871284: start FollowerState
2019-09-20 04:50:18,045 [pool-452-thread-1] INFO  util.JmxRegister (JmxRegister.java:tryRegister(44)) - Successfully registered JMX Bean with object name Ratis:service=RaftServer,group=group-6D9E8BB662DF,id=e011d6a7-ac9a-466f-8998-9632cd871284
2019-09-20 04:50:18,046 [RatisPipelineUtilsThread] INFO  pipeline.PipelineStateManager (PipelineStateManager.java:addPipeline(56)) - Created pipeline Pipeline[ Id: 789d3170-c3c1-40ec-b289-6d9e8bb662df, Nodes: e011d6a7-ac9a-466f-8998-9632cd871284{ip: 192.168.36.79, host: pr-hdds-1569-s8kj2-2266485376, networkLocation: /default-rack, certSerialId: null}, Type:RATIS, Factor:ONE, State:OPEN]
2019-09-20 04:50:18,047 [RatisPipelineUtilsThread] INFO  pipeline.PipelinePlacementPolicy (PipelinePlacementPolicy.java:meetCriteria(91)) - Pipeline Placement: Doesn't meet the criteria to be viable node： 376583b5-abad-4180-897e-71183665062e Heaviness: 6 limit: 5
2019-09-20 04:50:18,047 [RatisPipelineUtilsThread] INFO  pipeline.PipelinePlacementPolicy (PipelinePlacementPolicy.java:meetCriteria(91)) - Pipeline Placement: Doesn't meet the criteria to be viable node： c9a37c78-8605-4a88-9b79-5cbe235210f1 Heaviness: 6 limit: 5
2019-09-20 04:50:18,047 [RatisPipelineUtilsThread] INFO  pipeline.PipelinePlacementPolicy (PipelinePlacementPolicy.java:meetCriteria(91)) - Pipeline Placement: Doesn't meet the criteria to be viable node： b3ecc8dd-01a1-4f26-a416-3a35ccdca24e Heaviness: 6 limit: 5
2019-09-20 04:50:18,047 [RatisPipelineUtilsThread] INFO  pipeline.PipelinePlacementPolicy (PipelinePlacementPolicy.java:meetCriteria(91)) - Pipeline Placement: Doesn't meet the criteria to be viable node： c8347fee-8d34-4c42-854b-90a05a956525 Heaviness: 6 limit: 5
2019-09-20 04:50:18,050 [grpc-default-executor-1] INFO  impl.RaftServerProxy (RaftServerProxy.java:addNew(89)) - e011d6a7-ac9a-466f-8998-9632cd871284: addNew group-9000A9103DAA:[e011d6a7-ac9a-466f-8998-9632cd871284:192.168.36.79:44315] returns group-9000A9103DAA:java.util.concurrent.CompletableFuture@2ec27615[Not completed]
2019-09-20 04:50:18,051 [pool-452-thread-1] INFO  impl.RaftServerImpl (RaftServerImpl.java:<init>(93)) - e011d6a7-ac9a-466f-8998-9632cd871284: new RaftServerImpl for group-9000A9103DAA:[e011d6a7-ac9a-466f-8998-9632cd871284:192.168.36.79:44315] with ContainerStateMachine:uninitialized
2019-09-20 04:50:18,051 | INFO  | SCMAudit | user=jenkins1000 | ip=192.168.36.79 | op=SEND_HEARTBEAT {datanodeUUID=db7872a1-bd52-4e68-8953-a9abbb9642a5, command=[]} | ret=SUCCESS |  
2019-09-20 04:50:18,051 [pool-452-thread-1] INFO  server.RaftServerConfigKeys (ConfUtils.java:logGet(43)) - raft.server.rpc.timeout.min = 5s (custom)
2019-09-20 04:50:18,051 [pool-452-thread-1] INFO  server.RaftServerConfigKeys (ConfUtils.java:logGet(43)) - raft.server.rpc.timeout.max = 5200ms (custom)
2019-09-20 04:50:18,051 [pool-452-thread-1] INFO  server.RaftServerConfigKeys (ConfUtils.java:logGet(43)) - raft.server.rpcslowness.timeout = 120s (custom)
2019-09-20 04:50:18,051 [pool-452-thread-1] INFO  server.RaftServerConfigKeys (ConfUtils.java:logGet(43)) - raft.server.sleep.deviation.threshold = 300 (default)
2019-09-20 04:50:18,051 | INFO  | SCMAudit | user=jenkins1000 | ip=192.168.36.79 | op=SEND_HEARTBEAT {datanodeUUID=d5424862-00f5-4f26-882d-9249b213a1ef, command=[]} | ret=SUCCESS |  
2019-09-20 04:50:18,051 [pool-452-thread-1] INFO  server.RaftServerConfigKeys (ConfUtils.java:logGet(43)) - raft.server.log.appender.install.snapshot.enabled = false (custom)
2019-09-20 04:50:18,051 [pool-452-thread-1] INFO  impl.RaftServerImpl (ServerState.java:<init>(105)) - e011d6a7-ac9a-466f-8998-9632cd871284:group-9000A9103DAA ConfigurationManager, init=-1: [e011d6a7-ac9a-466f-8998-9632cd871284:192.168.36.79:44315], old=null, confs=<EMPTY_MAP>
2019-09-20 04:50:18,052 | INFO  | SCMAudit | user=jenkins1000 | ip=192.168.36.79 | op=SEND_HEARTBEAT {datanodeUUID=42fc6e92-fcdd-4827-b621-9fc58a3d2315, command=[]} | ret=SUCCESS |  
2019-09-20 04:50:18,052 [pool-452-thread-1] INFO  server.RaftServerConfigKeys (ConfUtils.java:logGet(43)) - raft.server.storage.dir = [/workdir/hadoop-ozone/integration-test/target/test-dir/MiniOzoneClusterImpl-5481c8ea-466e-4137-a567-737be5b6f247/datanode-4/data/ratis] (custom)
2019-09-20 04:50:18,052 [pool-452-thread-1] INFO  storage.RaftStorageDirectory (RaftStorageDirectory.java:analyzeStorage(246)) - The storage directory /workdir/hadoop-ozone/integration-test/target/test-dir/MiniOzoneClusterImpl-5481c8ea-466e-4137-a567-737be5b6f247/datanode-4/data/ratis/b81c13d5-0453-4b57-ada1-9000a9103daa does not exist. Creating ...
2019-09-20 04:50:18,053 | INFO  | SCMAudit | user=jenkins1000 | ip=192.168.36.79 | op=SEND_HEARTBEAT {datanodeUUID=5ea19b84-5385-4ae9-8412-c4cfa929b172, command=[]} | ret=SUCCESS |  
2019-09-20 04:50:18,053 | INFO  | SCMAudit | user=jenkins1000 | ip=192.168.36.79 | op=SEND_HEARTBEAT {datanodeUUID=fdbc37f2-9e58-4bac-a5d5-a78839d012e9, command=[]} | ret=SUCCESS |  
2019-09-20 04:50:18,053 | INFO  | SCMAudit | user=jenkins1000 | ip=192.168.36.79 | op=SEND_HEARTBEAT {datanodeUUID=c9787825-ea51-4014-8feb-b4ee136c6b23, command=[]} | ret=SUCCESS |  
2019-09-20 04:50:18,053 | INFO  | SCMAudit | user=jenkins1000 | ip=192.168.36.79 | op=SEND_HEARTBEAT {datanodeUUID=a9bc59c4-b792-48d5-9db2-4e71770477b1, command=[]} | ret=SUCCESS |  
2019-09-20 04:50:18,053 | INFO  | SCMAudit | user=jenkins1000 | ip=192.168.36.79 | op=SEND_HEARTBEAT {datanodeUUID=3c2a6bfe-f5c5-4e23-89b0-850dab17697d, command=[]} | ret=SUCCESS |  
2019-09-20 04:50:18,054 [IPC Server handler 14 on 38264] INFO  net.NetworkTopology (NetworkTopologyImpl.java:add(110)) - Added a new node: /default-rack/42e8bc24-f019-48ef-96ce-72365fee6e4e
2019-09-20 04:50:18,054 | INFO  | SCMAudit | user=jenkins1000 | ip=192.168.36.79 | op=SEND_HEARTBEAT {datanodeUUID=6a6ac22f-fdb0-4283-a89a-a8bc92b139ca, command=[]} | ret=SUCCESS |  
2019-09-20 04:50:18,054 [IPC Server handler 14 on 38264] INFO  node.SCMNodeManager (SCMNodeManager.java:register(273)) - Registered Data node : 42e8bc24-f019-48ef-96ce-72365fee6e4e{ip: 192.168.36.79, host: pr-hdds-1569-s8kj2-2266485376, networkLocation: /default-rack, certSerialId: null}
2019-09-20 04:50:18,055 | INFO  | SCMAudit | user=jenkins1000 | ip=192.168.36.79 | op=SEND_HEARTBEAT {datanodeUUID=8d97392c-5f4b-400a-94a1-fb61a3ebbc99, command=[]} | ret=SUCCESS |  
2019-09-20 04:50:18,055 | INFO  | SCMAudit | user=jenkins1000 | ip=192.168.36.79 | op=SEND_HEARTBEAT {datanodeUUID=2702b462-69d8-4c1b-aae1-091a21fe08b8, command=[]} | ret=SUCCESS |  
2019-09-20 04:50:18,055 | INFO  | SCMAudit | user=jenkins1000 | ip=192.168.36.79 | op=REGISTER {datanodeDetails=42e8bc24-f019-48ef-96ce-72365fee6e4e{ip: 192.168.36.79, host: pr-hdds-1569-s8kj2-2266485376, networkLocation: /default-rack, certSerialId: null}} | ret=SUCCESS |  
2019-09-20 04:50:18,055 | INFO  | SCMAudit | user=jenkins1000 | ip=192.168.36.79 | op=SEND_HEARTBEAT {datanodeUUID=0ad3f89e-804f-4845-89c5-5ff1a35a5dda, command=[]} | ret=SUCCESS |  
2019-09-20 04:50:18,055 | INFO  | SCMAudit | user=jenkins1000 | ip=192.168.36.79 | op=SEND_HEARTBEAT {datanodeUUID=eb30d72f-c0a8-4ecb-bfee-9120a9a6cddf, command=[]} | ret=SUCCESS |  
2019-09-20 04:50:18,055 | INFO  | SCMAudit | user=jenkins1000 | ip=192.168.36.79 | op=SEND_HEARTBEAT {datanodeUUID=8538cd65-7926-426b-8bad-fbd0f0550f9a, command=[]} | ret=SUCCESS |  
2019-09-20 04:50:18,055 | INFO  | SCMAudit | user=jenkins1000 | ip=192.168.36.79 | op=SEND_HEARTBEAT {datanodeUUID=c82e94d7-3693-4569-94b0-cf8ff008d5c0, command=[]} | ret=SUCCESS |  
2019-09-20 04:50:18,055 | INFO  | SCMAudit | user=jenkins1000 | ip=192.168.36.79 | op=SEND_HEARTBEAT {datanodeUUID=ba95d636-ac34-4b74-a102-dec8d0f377c6, command=[]} | ret=SUCCESS |  
2019-09-20 04:50:18,055 | INFO  | SCMAudit | user=jenkins1000 | ip=192.168.36.79 | op=SEND_HEARTBEAT {datanodeUUID=68a93ad8-b6a8-44e1-8a9f-45fcc58d229a, command=[]} | ret=SUCCESS |  
2019-09-20 04:50:18,055 | INFO  | SCMAudit | user=jenkins1000 | ip=192.168.36.79 | op=SEND_HEARTBEAT {datanodeUUID=1b138595-92e4-4592-9dfc-2bb97fb4c88b, command=[]} | ret=SUCCESS |  
2019-09-20 04:50:18,055 | INFO  | SCMAudit | user=jenkins1000 | ip=192.168.36.79 | op=SEND_HEARTBEAT {datanodeUUID=2d6465ef-cffa-473a-a4c6-a9aa3f1a26c0, command=[]} | ret=SUCCESS |  
2019-09-20 04:50:18,056 | INFO  | SCMAudit | user=jenkins1000 | ip=192.168.36.79 | op=SEND_HEARTBEAT {datanodeUUID=c4f6294c-eda3-4afd-81f7-e69ed14da69f, command=[]} | ret=SUCCESS |  
2019-09-20 04:50:18,056 | INFO  | SCMAudit | user=jenkins1000 | ip=192.168.36.79 | op=SEND_HEARTBEAT {datanodeUUID=dba845b8-ea76-4e09-ab03-0883d354e493, command=[]} | ret=SUCCESS |  
2019-09-20 04:50:18,056 | INFO  | SCMAudit | user=jenkins1000 | ip=192.168.36.79 | op=SEND_HEARTBEAT {datanodeUUID=bd1a845e-f2ed-4713-9516-9ccc20139040, command=[]} | ret=SUCCESS |  
2019-09-20 04:50:18,056 | INFO  | SCMAudit | user=jenkins1000 | ip=192.168.36.79 | op=SEND_HEARTBEAT {datanodeUUID=ea71b9af-1075-4196-9693-aa14e10f536d, command=[]} | ret=SUCCESS |  
2019-09-20 04:50:18,059 | INFO  | SCMAudit | user=jenkins1000 | ip=192.168.36.79 | op=SEND_HEARTBEAT {datanodeUUID=37fe2768-1af7-42e7-8542-10b932802b02, command=[]} | ret=SUCCESS |  
2019-09-20 04:50:18,062 | INFO  | SCMAudit | user=jenkins1000 | ip=192.168.36.79 | op=SEND_HEARTBEAT {datanodeUUID=f4e549ee-a6fa-4eb9-8541-129d0566fdf5, command=[]} | ret=SUCCESS |  
2019-09-20 04:50:18,063 | INFO  | SCMAudit | user=jenkins1000 | ip=192.168.36.79 | op=SEND_HEARTBEAT {datanodeUUID=c9a37c78-8605-4a88-9b79-5cbe235210f1, command=[]} | ret=SUCCESS |  
2019-09-20 04:50:18,089 [Thread-2125] INFO  container.ReplicationManager (ReplicationManager.java:start(151)) - Starting Replication Monitor Thread.
2019-09-20 04:50:18,100 [ReplicationMonitor] INFO  container.ReplicationManager (ReplicationManager.java:run(214)) - Replication Monitor Thread took 0 milliseconds for processing 0 containers.
2019-09-20 04:50:18,109 [pool-452-thread-1] INFO  storage.RaftStorageDirectory (RaftStorageDirectory.java:tryLock(328)) - Lock on /workdir/hadoop-ozone/integration-test/target/test-dir/MiniOzoneClusterImpl-5481c8ea-466e-4137-a567-737be5b6f247/datanode-4/data/ratis/b81c13d5-0453-4b57-ada1-9000a9103daa/in_use.lock acquired by nodename 9457@pr-hdds-1569-s8kj2-2266485376
2019-09-20 04:50:18,143 [pool-452-thread-1] INFO  storage.RaftStorage (RaftStorage.java:format(72)) - Storage directory /workdir/hadoop-ozone/integration-test/target/test-dir/MiniOzoneClusterImpl-5481c8ea-466e-4137-a567-737be5b6f247/datanode-4/data/ratis/b81c13d5-0453-4b57-ada1-9000a9103daa has been successfully formatted.
2019-09-20 04:50:18,144 [pool-452-thread-1] INFO  ratis.ContainerStateMachine (ContainerStateMachine.java:loadSnapshot(226)) - group-9000A9103DAA: The snapshot info is null. Setting the last applied indexto:(t:0, i:~)
2019-09-20 04:50:18,144 [pool-452-thread-1] INFO  server.RaftServerConfigKeys (ConfUtils.java:logGet(43)) - raft.server.leader.election.timeout = 120s (custom)
2019-09-20 04:50:18,144 [pool-452-thread-1] INFO  server.RaftServerConfigKeys (ConfUtils.java:logGet(43)) - raft.server.log.use.memory = false (default)
2019-09-20 04:50:18,144 [pool-452-thread-1] INFO  server.RaftServerConfigKeys (ConfUtils.java:logGet(43)) - raft.server.log.purge.gap = 1000000 (custom)
2019-09-20 04:50:18,144 [pool-452-thread-1] INFO  server.RaftServerConfigKeys (ConfUtils.java:logGet(43)) - raft.server.log.appender.buffer.byte-limit = 33554432 (custom)
2019-09-20 04:50:18,144 [pool-452-thread-1] INFO  server.RaftServerConfigKeys (ConfUtils.java:logGet(43)) - raft.server.log.segment.size.max = 1048576 (custom)
2019-09-20 04:50:18,144 [pool-452-thread-1] INFO  server.RaftServerConfigKeys (ConfUtils.java:logGet(43)) - raft.server.log.segment.cache.num.max = 2 (custom)
2019-09-20 04:50:18,145 [pool-452-thread-1] INFO  segmented.SegmentedRaftLogWorker (SegmentedRaftLogWorker.java:<init>(172)) - new e011d6a7-ac9a-466f-8998-9632cd871284-SegmentedRaftLogWorker:Storage Directory /workdir/hadoop-ozone/integration-test/target/test-dir/MiniOzoneClusterImpl-5481c8ea-466e-4137-a567-737be5b6f247/datanode-4/data/ratis/b81c13d5-0453-4b57-ada1-9000a9103daa for RaftStorage:Storage Directory /workdir/hadoop-ozone/integration-test/target/test-dir/MiniOzoneClusterImpl-5481c8ea-466e-4137-a567-737be5b6f247/datanode-4/data/ratis/b81c13d5-0453-4b57-ada1-9000a9103daa
2019-09-20 04:50:18,145 [pool-452-thread-1] INFO  server.RaftServerConfigKeys (ConfUtils.java:logGet(43)) - raft.server.log.queue.byte-limit = 2147483647 (custom)
2019-09-20 04:50:18,145 [pool-452-thread-1] INFO  server.RaftServerConfigKeys (ConfUtils.java:logGet(43)) - raft.server.log.queue.element-limit = 1024 (custom)
2019-09-20 04:50:18,145 [pool-452-thread-1] INFO  server.RaftServerConfigKeys (ConfUtils.java:logGet(43)) - raft.server.log.segment.size.max = 1048576 (custom)
2019-09-20 04:50:18,145 [pool-452-thread-1] INFO  server.RaftServerConfigKeys (ConfUtils.java:logGet(43)) - raft.server.log.preallocated.size = 16384 (custom)
2019-09-20 04:50:18,145 [pool-452-thread-1] INFO  server.RaftServerConfigKeys (ConfUtils.java:logGet(43)) - raft.server.log.write.buffer.size = 33554432 (custom)
2019-09-20 04:50:18,145 [pool-452-thread-1] INFO  server.RaftServerConfigKeys (ConfUtils.java:logGet(43)) - raft.server.log.force.sync.num = 128 (default)
2019-09-20 04:50:18,146 [pool-452-thread-1] INFO  server.RaftServerConfigKeys (ConfUtils.java:logGet(43)) - raft.server.log.statemachine.data.sync = true (default)
2019-09-20 04:50:18,146 [pool-452-thread-1] INFO  server.RaftServerConfigKeys (ConfUtils.java:logGet(43)) - raft.server.log.statemachine.data.sync.timeout = 10s (default)
2019-09-20 04:50:18,146 [pool-452-thread-1] INFO  server.RaftServerConfigKeys (ConfUtils.java:logGet(43)) - raft.server.log.statemachine.data.sync.timeout.retry = -1 (default)
2019-09-20 04:50:18,146 [pool-452-thread-1] INFO  server.RaftServerConfigKeys (ConfUtils.java:logGet(43)) - raft.server.log.statemachine.data.caching.enabled = true (custom)
2019-09-20 04:50:18,146 [pool-452-thread-1] INFO  segmented.SegmentedRaftLogWorker (SegmentedRaftLogWorker.java:lambda$new$0(132)) - e011d6a7-ac9a-466f-8998-9632cd871284-SegmentedRaftLogWorker:Storage Directory /workdir/hadoop-ozone/integration-test/target/test-dir/MiniOzoneClusterImpl-5481c8ea-466e-4137-a567-737be5b6f247/datanode-4/data/ratis/b81c13d5-0453-4b57-ada1-9000a9103daa: flushIndex: setUnconditionally 0 -> -1
2019-09-20 04:50:18,147 [pool-452-thread-1] INFO  server.RaftServerConfigKeys (ConfUtils.java:logGet(43)) - raft.server.snapshot.auto.trigger.enabled = true (custom)
2019-09-20 04:50:18,147 [pool-452-thread-1] INFO  server.RaftServerConfigKeys (ConfUtils.java:logGet(43)) - raft.server.snapshot.auto.trigger.threshold = 10000 (custom)
2019-09-20 04:50:18,147 [pool-452-thread-1] INFO  server.RaftServerConfigKeys (ConfUtils.java:logGet(43)) - raft.server.retrycache.expirytime = 600000ms (custom)
2019-09-20 04:50:18,147 [pool-452-thread-1] INFO  impl.RaftServerImpl (RaftServerImpl.java:start(180)) - e011d6a7-ac9a-466f-8998-9632cd871284: start group-9000A9103DAA
2019-09-20 04:50:18,147 [pool-452-thread-1] INFO  impl.RaftServerImpl (RaftServerImpl.java:setRole(171)) - e011d6a7-ac9a-466f-8998-9632cd871284:group-9000A9103DAA changes role from null to FOLLOWER at term 0 for startAsFollower
2019-09-20 04:50:18,147 [pool-452-thread-1] INFO  impl.RoleInfo (RoleInfo.java:updateAndGet(143)) - e011d6a7-ac9a-466f-8998-9632cd871284: start FollowerState
2019-09-20 04:50:18,148 [pool-452-thread-1] INFO  util.JmxRegister (JmxRegister.java:tryRegister(44)) - Successfully registered JMX Bean with object name Ratis:service=RaftServer,group=group-9000A9103DAA,id=e011d6a7-ac9a-466f-8998-9632cd871284
2019-09-20 04:50:18,150 [RatisPipelineUtilsThread] INFO  pipeline.PipelineStateManager (PipelineStateManager.java:addPipeline(56)) - Created pipeline Pipeline[ Id: b81c13d5-0453-4b57-ada1-9000a9103daa, Nodes: e011d6a7-ac9a-466f-8998-9632cd871284{ip: 192.168.36.79, host: pr-hdds-1569-s8kj2-2266485376, networkLocation: /default-rack, certSerialId: null}, Type:RATIS, Factor:ONE, State:OPEN]
2019-09-20 04:50:18,150 [RatisPipelineUtilsThread] INFO  pipeline.PipelinePlacementPolicy (PipelinePlacementPolicy.java:meetCriteria(91)) - Pipeline Placement: Doesn't meet the criteria to be viable node： 376583b5-abad-4180-897e-71183665062e Heaviness: 6 limit: 5
2019-09-20 04:50:18,150 [RatisPipelineUtilsThread] INFO  pipeline.PipelinePlacementPolicy (PipelinePlacementPolicy.java:meetCriteria(91)) - Pipeline Placement: Doesn't meet the criteria to be viable node： c9a37c78-8605-4a88-9b79-5cbe235210f1 Heaviness: 6 limit: 5
2019-09-20 04:50:18,150 [RatisPipelineUtilsThread] INFO  pipeline.PipelinePlacementPolicy (PipelinePlacementPolicy.java:meetCriteria(91)) - Pipeline Placement: Doesn't meet the criteria to be viable node： b3ecc8dd-01a1-4f26-a416-3a35ccdca24e Heaviness: 6 limit: 5
2019-09-20 04:50:18,151 [RatisPipelineUtilsThread] INFO  pipeline.PipelinePlacementPolicy (PipelinePlacementPolicy.java:meetCriteria(91)) - Pipeline Placement: Doesn't meet the criteria to be viable node： c8347fee-8d34-4c42-854b-90a05a956525 Heaviness: 6 limit: 5
2019-09-20 04:50:18,167 [grpc-default-executor-1] INFO  impl.RaftServerProxy (RaftServerProxy.java:addNew(89)) - 42e8bc24-f019-48ef-96ce-72365fee6e4e: addNew group-1A43F6EA5C1A:[42e8bc24-f019-48ef-96ce-72365fee6e4e:192.168.36.79:44028] returns group-1A43F6EA5C1A:java.util.concurrent.CompletableFuture@55190adc[Not completed]
2019-09-20 04:50:18,168 [pool-463-thread-1] INFO  impl.RaftServerImpl (RaftServerImpl.java:<init>(93)) - 42e8bc24-f019-48ef-96ce-72365fee6e4e: new RaftServerImpl for group-1A43F6EA5C1A:[42e8bc24-f019-48ef-96ce-72365fee6e4e:192.168.36.79:44028] with ContainerStateMachine:uninitialized
2019-09-20 04:50:18,168 [pool-463-thread-1] INFO  server.RaftServerConfigKeys (ConfUtils.java:logGet(43)) - raft.server.rpc.timeout.min = 5s (custom)
2019-09-20 04:50:18,168 [pool-463-thread-1] INFO  server.RaftServerConfigKeys (ConfUtils.java:logGet(43)) - raft.server.rpc.timeout.max = 5200ms (custom)
2019-09-20 04:50:18,168 [pool-463-thread-1] INFO  server.RaftServerConfigKeys (ConfUtils.java:logGet(43)) - raft.server.rpcslowness.timeout = 120s (custom)
2019-09-20 04:50:18,168 [pool-463-thread-1] INFO  server.RaftServerConfigKeys (ConfUtils.java:logGet(43)) - raft.server.sleep.deviation.threshold = 300 (default)
2019-09-20 04:50:18,169 [pool-463-thread-1] INFO  server.RaftServerConfigKeys (ConfUtils.java:logGet(43)) - raft.server.log.appender.install.snapshot.enabled = false (custom)
2019-09-20 04:50:18,169 [pool-463-thread-1] INFO  impl.RaftServerImpl (ServerState.java:<init>(105)) - 42e8bc24-f019-48ef-96ce-72365fee6e4e:group-1A43F6EA5C1A ConfigurationManager, init=-1: [42e8bc24-f019-48ef-96ce-72365fee6e4e:192.168.36.79:44028], old=null, confs=<EMPTY_MAP>
2019-09-20 04:50:18,169 [pool-463-thread-1] INFO  server.RaftServerConfigKeys (ConfUtils.java:logGet(43)) - raft.server.storage.dir = [/workdir/hadoop-ozone/integration-test/target/test-dir/MiniOzoneClusterImpl-5481c8ea-466e-4137-a567-737be5b6f247/datanode-5/data/ratis] (custom)
2019-09-20 04:50:18,169 [pool-463-thread-1] INFO  storage.RaftStorageDirectory (RaftStorageDirectory.java:analyzeStorage(246)) - The storage directory /workdir/hadoop-ozone/integration-test/target/test-dir/MiniOzoneClusterImpl-5481c8ea-466e-4137-a567-737be5b6f247/datanode-5/data/ratis/b61fac7c-d39e-4040-934e-1a43f6ea5c1a does not exist. Creating ...
2019-09-20 04:50:18,185 [pool-463-thread-1] INFO  storage.RaftStorageDirectory (RaftStorageDirectory.java:tryLock(328)) - Lock on /workdir/hadoop-ozone/integration-test/target/test-dir/MiniOzoneClusterImpl-5481c8ea-466e-4137-a567-737be5b6f247/datanode-5/data/ratis/b61fac7c-d39e-4040-934e-1a43f6ea5c1a/in_use.lock acquired by nodename 9457@pr-hdds-1569-s8kj2-2266485376
2019-09-20 04:50:18,202 [pool-463-thread-1] INFO  storage.RaftStorage (RaftStorage.java:format(72)) - Storage directory /workdir/hadoop-ozone/integration-test/target/test-dir/MiniOzoneClusterImpl-5481c8ea-466e-4137-a567-737be5b6f247/datanode-5/data/ratis/b61fac7c-d39e-4040-934e-1a43f6ea5c1a has been successfully formatted.
2019-09-20 04:50:18,203 [pool-463-thread-1] INFO  ratis.ContainerStateMachine (ContainerStateMachine.java:loadSnapshot(226)) - group-1A43F6EA5C1A: The snapshot info is null. Setting the last applied indexto:(t:0, i:~)
2019-09-20 04:50:18,203 [pool-463-thread-1] INFO  server.RaftServerConfigKeys (ConfUtils.java:logGet(43)) - raft.server.leader.election.timeout = 120s (custom)
2019-09-20 04:50:18,203 [pool-463-thread-1] INFO  server.RaftServerConfigKeys (ConfUtils.java:logGet(43)) - raft.server.log.use.memory = false (default)
2019-09-20 04:50:18,203 [pool-463-thread-1] INFO  server.RaftServerConfigKeys (ConfUtils.java:logGet(43)) - raft.server.log.purge.gap = 1000000 (custom)
2019-09-20 04:50:18,203 [pool-463-thread-1] INFO  server.RaftServerConfigKeys (ConfUtils.java:logGet(43)) - raft.server.log.appender.buffer.byte-limit = 33554432 (custom)
2019-09-20 04:50:18,203 [pool-463-thread-1] INFO  server.RaftServerConfigKeys (ConfUtils.java:logGet(43)) - raft.server.log.segment.size.max = 1048576 (custom)
2019-09-20 04:50:18,204 [pool-463-thread-1] INFO  server.RaftServerConfigKeys (ConfUtils.java:logGet(43)) - raft.server.log.segment.cache.num.max = 2 (custom)
2019-09-20 04:50:18,204 [pool-463-thread-1] INFO  segmented.SegmentedRaftLogWorker (SegmentedRaftLogWorker.java:<init>(172)) - new 42e8bc24-f019-48ef-96ce-72365fee6e4e-SegmentedRaftLogWorker:Storage Directory /workdir/hadoop-ozone/integration-test/target/test-dir/MiniOzoneClusterImpl-5481c8ea-466e-4137-a567-737be5b6f247/datanode-5/data/ratis/b61fac7c-d39e-4040-934e-1a43f6ea5c1a for RaftStorage:Storage Directory /workdir/hadoop-ozone/integration-test/target/test-dir/MiniOzoneClusterImpl-5481c8ea-466e-4137-a567-737be5b6f247/datanode-5/data/ratis/b61fac7c-d39e-4040-934e-1a43f6ea5c1a
2019-09-20 04:50:18,204 [pool-463-thread-1] INFO  server.RaftServerConfigKeys (ConfUtils.java:logGet(43)) - raft.server.log.queue.byte-limit = 2147483647 (custom)
2019-09-20 04:50:18,204 [pool-463-thread-1] INFO  server.RaftServerConfigKeys (ConfUtils.java:logGet(43)) - raft.server.log.queue.element-limit = 1024 (custom)
2019-09-20 04:50:18,204 [pool-463-thread-1] INFO  server.RaftServerConfigKeys (ConfUtils.java:logGet(43)) - raft.server.log.segment.size.max = 1048576 (custom)
2019-09-20 04:50:18,205 [pool-463-thread-1] INFO  server.RaftServerConfigKeys (ConfUtils.java:logGet(43)) - raft.server.log.preallocated.size = 16384 (custom)
2019-09-20 04:50:18,205 [pool-463-thread-1] INFO  server.RaftServerConfigKeys (ConfUtils.java:logGet(43)) - raft.server.log.write.buffer.size = 33554432 (custom)
2019-09-20 04:50:18,205 [pool-463-thread-1] INFO  server.RaftServerConfigKeys (ConfUtils.java:logGet(43)) - raft.server.log.force.sync.num = 128 (default)
2019-09-20 04:50:18,205 [pool-463-thread-1] INFO  server.RaftServerConfigKeys (ConfUtils.java:logGet(43)) - raft.server.log.statemachine.data.sync = true (default)
2019-09-20 04:50:18,205 [pool-463-thread-1] INFO  server.RaftServerConfigKeys (ConfUtils.java:logGet(43)) - raft.server.log.statemachine.data.sync.timeout = 10s (default)
2019-09-20 04:50:18,205 [pool-463-thread-1] INFO  server.RaftServerConfigKeys (ConfUtils.java:logGet(43)) - raft.server.log.statemachine.data.sync.timeout.retry = -1 (default)
2019-09-20 04:50:18,206 [pool-463-thread-1] INFO  server.RaftServerConfigKeys (ConfUtils.java:logGet(43)) - raft.server.log.statemachine.data.caching.enabled = true (custom)
2019-09-20 04:50:18,206 [pool-463-thread-1] INFO  segmented.SegmentedRaftLogWorker (SegmentedRaftLogWorker.java:lambda$new$0(132)) - 42e8bc24-f019-48ef-96ce-72365fee6e4e-SegmentedRaftLogWorker:Storage Directory /workdir/hadoop-ozone/integration-test/target/test-dir/MiniOzoneClusterImpl-5481c8ea-466e-4137-a567-737be5b6f247/datanode-5/data/ratis/b61fac7c-d39e-4040-934e-1a43f6ea5c1a: flushIndex: setUnconditionally 0 -> -1
2019-09-20 04:50:18,206 [pool-463-thread-1] INFO  server.RaftServerConfigKeys (ConfUtils.java:logGet(43)) - raft.server.snapshot.auto.trigger.enabled = true (custom)
2019-09-20 04:50:18,206 [pool-463-thread-1] INFO  server.RaftServerConfigKeys (ConfUtils.java:logGet(43)) - raft.server.snapshot.auto.trigger.threshold = 10000 (custom)
2019-09-20 04:50:18,207 [pool-463-thread-1] INFO  server.RaftServerConfigKeys (ConfUtils.java:logGet(43)) - raft.server.retrycache.expirytime = 600000ms (custom)
2019-09-20 04:50:18,207 [pool-463-thread-1] INFO  impl.RaftServerImpl (RaftServerImpl.java:start(180)) - 42e8bc24-f019-48ef-96ce-72365fee6e4e: start group-1A43F6EA5C1A
2019-09-20 04:50:18,207 [pool-463-thread-1] INFO  impl.RaftServerImpl (RaftServerImpl.java:setRole(171)) - 42e8bc24-f019-48ef-96ce-72365fee6e4e:group-1A43F6EA5C1A changes role from null to FOLLOWER at term 0 for startAsFollower
2019-09-20 04:50:18,207 [pool-463-thread-1] INFO  impl.RoleInfo (RoleInfo.java:updateAndGet(143)) - 42e8bc24-f019-48ef-96ce-72365fee6e4e: start FollowerState
2019-09-20 04:50:18,207 [pool-463-thread-1] INFO  util.JmxRegister (JmxRegister.java:tryRegister(44)) - Successfully registered JMX Bean with object name Ratis:service=RaftServer,group=group-1A43F6EA5C1A,id=42e8bc24-f019-48ef-96ce-72365fee6e4e
2019-09-20 04:50:18,210 [RatisPipelineUtilsThread] INFO  pipeline.PipelineStateManager (PipelineStateManager.java:addPipeline(56)) - Created pipeline Pipeline[ Id: b61fac7c-d39e-4040-934e-1a43f6ea5c1a, Nodes: 42e8bc24-f019-48ef-96ce-72365fee6e4e{ip: 192.168.36.79, host: pr-hdds-1569-s8kj2-2266485376, networkLocation: /default-rack, certSerialId: null}, Type:RATIS, Factor:ONE, State:OPEN]
2019-09-20 04:50:18,210 [RatisPipelineUtilsThread] INFO  pipeline.PipelinePlacementPolicy (PipelinePlacementPolicy.java:meetCriteria(91)) - Pipeline Placement: Doesn't meet the criteria to be viable node： 376583b5-abad-4180-897e-71183665062e Heaviness: 6 limit: 5
2019-09-20 04:50:18,210 [RatisPipelineUtilsThread] INFO  pipeline.PipelinePlacementPolicy (PipelinePlacementPolicy.java:meetCriteria(91)) - Pipeline Placement: Doesn't meet the criteria to be viable node： c9a37c78-8605-4a88-9b79-5cbe235210f1 Heaviness: 6 limit: 5
2019-09-20 04:50:18,210 [RatisPipelineUtilsThread] INFO  pipeline.PipelinePlacementPolicy (PipelinePlacementPolicy.java:meetCriteria(91)) - Pipeline Placement: Doesn't meet the criteria to be viable node： b3ecc8dd-01a1-4f26-a416-3a35ccdca24e Heaviness: 6 limit: 5
2019-09-20 04:50:18,210 [RatisPipelineUtilsThread] INFO  pipeline.PipelinePlacementPolicy (PipelinePlacementPolicy.java:meetCriteria(91)) - Pipeline Placement: Doesn't meet the criteria to be viable node： c8347fee-8d34-4c42-854b-90a05a956525 Heaviness: 6 limit: 5
2019-09-20 04:50:18,215 [grpc-default-executor-1] INFO  impl.RaftServerProxy (RaftServerProxy.java:addNew(89)) - 42e8bc24-f019-48ef-96ce-72365fee6e4e: addNew group-FF3DA890615A:[42e8bc24-f019-48ef-96ce-72365fee6e4e:192.168.36.79:44028] returns group-FF3DA890615A:java.util.concurrent.CompletableFuture@143c5ba1[Not completed]
2019-09-20 04:50:18,216 [pool-463-thread-1] INFO  impl.RaftServerImpl (RaftServerImpl.java:<init>(93)) - 42e8bc24-f019-48ef-96ce-72365fee6e4e: new RaftServerImpl for group-FF3DA890615A:[42e8bc24-f019-48ef-96ce-72365fee6e4e:192.168.36.79:44028] with ContainerStateMachine:uninitialized
2019-09-20 04:50:18,216 [pool-463-thread-1] INFO  server.RaftServerConfigKeys (ConfUtils.java:logGet(43)) - raft.server.rpc.timeout.min = 5s (custom)
2019-09-20 04:50:18,216 [pool-463-thread-1] INFO  server.RaftServerConfigKeys (ConfUtils.java:logGet(43)) - raft.server.rpc.timeout.max = 5200ms (custom)
2019-09-20 04:50:18,216 [pool-463-thread-1] INFO  server.RaftServerConfigKeys (ConfUtils.java:logGet(43)) - raft.server.rpcslowness.timeout = 120s (custom)
2019-09-20 04:50:18,217 [pool-463-thread-1] INFO  server.RaftServerConfigKeys (ConfUtils.java:logGet(43)) - raft.server.sleep.deviation.threshold = 300 (default)
2019-09-20 04:50:18,217 [pool-463-thread-1] INFO  server.RaftServerConfigKeys (ConfUtils.java:logGet(43)) - raft.server.log.appender.install.snapshot.enabled = false (custom)
2019-09-20 04:50:18,217 [pool-463-thread-1] INFO  impl.RaftServerImpl (ServerState.java:<init>(105)) - 42e8bc24-f019-48ef-96ce-72365fee6e4e:group-FF3DA890615A ConfigurationManager, init=-1: [42e8bc24-f019-48ef-96ce-72365fee6e4e:192.168.36.79:44028], old=null, confs=<EMPTY_MAP>
2019-09-20 04:50:18,217 [pool-463-thread-1] INFO  server.RaftServerConfigKeys (ConfUtils.java:logGet(43)) - raft.server.storage.dir = [/workdir/hadoop-ozone/integration-test/target/test-dir/MiniOzoneClusterImpl-5481c8ea-466e-4137-a567-737be5b6f247/datanode-5/data/ratis] (custom)
2019-09-20 04:50:18,217 [pool-463-thread-1] INFO  storage.RaftStorageDirectory (RaftStorageDirectory.java:analyzeStorage(246)) - The storage directory /workdir/hadoop-ozone/integration-test/target/test-dir/MiniOzoneClusterImpl-5481c8ea-466e-4137-a567-737be5b6f247/datanode-5/data/ratis/4944e0dd-b101-4715-991d-ff3da890615a does not exist. Creating ...
2019-09-20 04:50:18,236 [pool-463-thread-1] INFO  storage.RaftStorageDirectory (RaftStorageDirectory.java:tryLock(328)) - Lock on /workdir/hadoop-ozone/integration-test/target/test-dir/MiniOzoneClusterImpl-5481c8ea-466e-4137-a567-737be5b6f247/datanode-5/data/ratis/4944e0dd-b101-4715-991d-ff3da890615a/in_use.lock acquired by nodename 9457@pr-hdds-1569-s8kj2-2266485376
2019-09-20 04:50:18,241 | INFO  | SCMAudit | user=jenkins1000 | ip=192.168.36.79 | op=SEND_HEARTBEAT {datanodeUUID=b3ecc8dd-01a1-4f26-a416-3a35ccdca24e, command=[]} | ret=SUCCESS |  
2019-09-20 04:50:18,253 [pool-463-thread-1] INFO  storage.RaftStorage (RaftStorage.java:format(72)) - Storage directory /workdir/hadoop-ozone/integration-test/target/test-dir/MiniOzoneClusterImpl-5481c8ea-466e-4137-a567-737be5b6f247/datanode-5/data/ratis/4944e0dd-b101-4715-991d-ff3da890615a has been successfully formatted.
2019-09-20 04:50:18,253 [pool-463-thread-1] INFO  ratis.ContainerStateMachine (ContainerStateMachine.java:loadSnapshot(226)) - group-FF3DA890615A: The snapshot info is null. Setting the last applied indexto:(t:0, i:~)
2019-09-20 04:50:18,254 [pool-463-thread-1] INFO  server.RaftServerConfigKeys (ConfUtils.java:logGet(43)) - raft.server.leader.election.timeout = 120s (custom)
2019-09-20 04:50:18,254 [pool-463-thread-1] INFO  server.RaftServerConfigKeys (ConfUtils.java:logGet(43)) - raft.server.log.use.memory = false (default)
2019-09-20 04:50:18,254 [pool-463-thread-1] INFO  server.RaftServerConfigKeys (ConfUtils.java:logGet(43)) - raft.server.log.purge.gap = 1000000 (custom)
2019-09-20 04:50:18,254 [pool-463-thread-1] INFO  server.RaftServerConfigKeys (ConfUtils.java:logGet(43)) - raft.server.log.appender.buffer.byte-limit = 33554432 (custom)
2019-09-20 04:50:18,254 [pool-463-thread-1] INFO  server.RaftServerConfigKeys (ConfUtils.java:logGet(43)) - raft.server.log.segment.size.max = 1048576 (custom)
2019-09-20 04:50:18,254 [pool-463-thread-1] INFO  server.RaftServerConfigKeys (ConfUtils.java:logGet(43)) - raft.server.log.segment.cache.num.max = 2 (custom)
2019-09-20 04:50:18,254 [pool-463-thread-1] INFO  segmented.SegmentedRaftLogWorker (SegmentedRaftLogWorker.java:<init>(172)) - new 42e8bc24-f019-48ef-96ce-72365fee6e4e-SegmentedRaftLogWorker:Storage Directory /workdir/hadoop-ozone/integration-test/target/test-dir/MiniOzoneClusterImpl-5481c8ea-466e-4137-a567-737be5b6f247/datanode-5/data/ratis/4944e0dd-b101-4715-991d-ff3da890615a for RaftStorage:Storage Directory /workdir/hadoop-ozone/integration-test/target/test-dir/MiniOzoneClusterImpl-5481c8ea-466e-4137-a567-737be5b6f247/datanode-5/data/ratis/4944e0dd-b101-4715-991d-ff3da890615a
2019-09-20 04:50:18,254 [pool-463-thread-1] INFO  server.RaftServerConfigKeys (ConfUtils.java:logGet(43)) - raft.server.log.queue.byte-limit = 2147483647 (custom)
2019-09-20 04:50:18,255 [pool-463-thread-1] INFO  server.RaftServerConfigKeys (ConfUtils.java:logGet(43)) - raft.server.log.queue.element-limit = 1024 (custom)
2019-09-20 04:50:18,255 [pool-463-thread-1] INFO  server.RaftServerConfigKeys (ConfUtils.java:logGet(43)) - raft.server.log.segment.size.max = 1048576 (custom)
2019-09-20 04:50:18,255 [pool-463-thread-1] INFO  server.RaftServerConfigKeys (ConfUtils.java:logGet(43)) - raft.server.log.preallocated.size = 16384 (custom)
2019-09-20 04:50:18,255 [pool-463-thread-1] INFO  server.RaftServerConfigKeys (ConfUtils.java:logGet(43)) - raft.server.log.write.buffer.size = 33554432 (custom)
2019-09-20 04:50:18,255 [pool-463-thread-1] INFO  server.RaftServerConfigKeys (ConfUtils.java:logGet(43)) - raft.server.log.force.sync.num = 128 (default)
2019-09-20 04:50:18,255 [pool-463-thread-1] INFO  server.RaftServerConfigKeys (ConfUtils.java:logGet(43)) - raft.server.log.statemachine.data.sync = true (default)
2019-09-20 04:50:18,255 [pool-463-thread-1] INFO  server.RaftServerConfigKeys (ConfUtils.java:logGet(43)) - raft.server.log.statemachine.data.sync.timeout = 10s (default)
2019-09-20 04:50:18,255 [pool-463-thread-1] INFO  server.RaftServerConfigKeys (ConfUtils.java:logGet(43)) - raft.server.log.statemachine.data.sync.timeout.retry = -1 (default)
2019-09-20 04:50:18,256 [pool-463-thread-1] INFO  server.RaftServerConfigKeys (ConfUtils.java:logGet(43)) - raft.server.log.statemachine.data.caching.enabled = true (custom)
2019-09-20 04:50:18,256 [pool-463-thread-1] INFO  segmented.SegmentedRaftLogWorker (SegmentedRaftLogWorker.java:lambda$new$0(132)) - 42e8bc24-f019-48ef-96ce-72365fee6e4e-SegmentedRaftLogWorker:Storage Directory /workdir/hadoop-ozone/integration-test/target/test-dir/MiniOzoneClusterImpl-5481c8ea-466e-4137-a567-737be5b6f247/datanode-5/data/ratis/4944e0dd-b101-4715-991d-ff3da890615a: flushIndex: setUnconditionally 0 -> -1
2019-09-20 04:50:18,256 [pool-463-thread-1] INFO  server.RaftServerConfigKeys (ConfUtils.java:logGet(43)) - raft.server.snapshot.auto.trigger.enabled = true (custom)
2019-09-20 04:50:18,256 [pool-463-thread-1] INFO  server.RaftServerConfigKeys (ConfUtils.java:logGet(43)) - raft.server.snapshot.auto.trigger.threshold = 10000 (custom)
2019-09-20 04:50:18,256 [pool-463-thread-1] INFO  server.RaftServerConfigKeys (ConfUtils.java:logGet(43)) - raft.server.retrycache.expirytime = 600000ms (custom)
2019-09-20 04:50:18,257 [pool-463-thread-1] INFO  impl.RaftServerImpl (RaftServerImpl.java:start(180)) - 42e8bc24-f019-48ef-96ce-72365fee6e4e: start group-FF3DA890615A
2019-09-20 04:50:18,257 [pool-463-thread-1] INFO  impl.RaftServerImpl (RaftServerImpl.java:setRole(171)) - 42e8bc24-f019-48ef-96ce-72365fee6e4e:group-FF3DA890615A changes role from null to FOLLOWER at term 0 for startAsFollower
2019-09-20 04:50:18,257 [pool-463-thread-1] INFO  impl.RoleInfo (RoleInfo.java:updateAndGet(143)) - 42e8bc24-f019-48ef-96ce-72365fee6e4e: start FollowerState
2019-09-20 04:50:18,257 [pool-463-thread-1] INFO  util.JmxRegister (JmxRegister.java:tryRegister(44)) - Successfully registered JMX Bean with object name Ratis:service=RaftServer,group=group-FF3DA890615A,id=42e8bc24-f019-48ef-96ce-72365fee6e4e
2019-09-20 04:50:18,259 [RatisPipelineUtilsThread] INFO  pipeline.PipelineStateManager (PipelineStateManager.java:addPipeline(56)) - Created pipeline Pipeline[ Id: 4944e0dd-b101-4715-991d-ff3da890615a, Nodes: 42e8bc24-f019-48ef-96ce-72365fee6e4e{ip: 192.168.36.79, host: pr-hdds-1569-s8kj2-2266485376, networkLocation: /default-rack, certSerialId: null}, Type:RATIS, Factor:ONE, State:OPEN]
2019-09-20 04:50:18,259 [RatisPipelineUtilsThread] INFO  pipeline.PipelinePlacementPolicy (PipelinePlacementPolicy.java:meetCriteria(91)) - Pipeline Placement: Doesn't meet the criteria to be viable node： 376583b5-abad-4180-897e-71183665062e Heaviness: 6 limit: 5
2019-09-20 04:50:18,259 [RatisPipelineUtilsThread] INFO  pipeline.PipelinePlacementPolicy (PipelinePlacementPolicy.java:meetCriteria(91)) - Pipeline Placement: Doesn't meet the criteria to be viable node： c9a37c78-8605-4a88-9b79-5cbe235210f1 Heaviness: 6 limit: 5
2019-09-20 04:50:18,259 [RatisPipelineUtilsThread] INFO  pipeline.PipelinePlacementPolicy (PipelinePlacementPolicy.java:meetCriteria(91)) - Pipeline Placement: Doesn't meet the criteria to be viable node： b3ecc8dd-01a1-4f26-a416-3a35ccdca24e Heaviness: 6 limit: 5
2019-09-20 04:50:18,260 [RatisPipelineUtilsThread] INFO  pipeline.PipelinePlacementPolicy (PipelinePlacementPolicy.java:meetCriteria(91)) - Pipeline Placement: Doesn't meet the criteria to be viable node： c8347fee-8d34-4c42-854b-90a05a956525 Heaviness: 6 limit: 5
2019-09-20 04:50:18,263 [grpc-default-executor-1] INFO  impl.RaftServerProxy (RaftServerProxy.java:addNew(89)) - 42e8bc24-f019-48ef-96ce-72365fee6e4e: addNew group-E1CDF8362F7D:[42e8bc24-f019-48ef-96ce-72365fee6e4e:192.168.36.79:44028] returns group-E1CDF8362F7D:java.util.concurrent.CompletableFuture@59b7b11d[Not completed]
2019-09-20 04:50:18,264 [pool-463-thread-1] INFO  impl.RaftServerImpl (RaftServerImpl.java:<init>(93)) - 42e8bc24-f019-48ef-96ce-72365fee6e4e: new RaftServerImpl for group-E1CDF8362F7D:[42e8bc24-f019-48ef-96ce-72365fee6e4e:192.168.36.79:44028] with ContainerStateMachine:uninitialized
2019-09-20 04:50:18,264 [pool-463-thread-1] INFO  server.RaftServerConfigKeys (ConfUtils.java:logGet(43)) - raft.server.rpc.timeout.min = 5s (custom)
2019-09-20 04:50:18,264 [pool-463-thread-1] INFO  server.RaftServerConfigKeys (ConfUtils.java:logGet(43)) - raft.server.rpc.timeout.max = 5200ms (custom)
2019-09-20 04:50:18,264 [pool-463-thread-1] INFO  server.RaftServerConfigKeys (ConfUtils.java:logGet(43)) - raft.server.rpcslowness.timeout = 120s (custom)
2019-09-20 04:50:18,264 [pool-463-thread-1] INFO  server.RaftServerConfigKeys (ConfUtils.java:logGet(43)) - raft.server.sleep.deviation.threshold = 300 (default)
2019-09-20 04:50:18,265 [pool-463-thread-1] INFO  server.RaftServerConfigKeys (ConfUtils.java:logGet(43)) - raft.server.log.appender.install.snapshot.enabled = false (custom)
2019-09-20 04:50:18,265 [pool-463-thread-1] INFO  impl.RaftServerImpl (ServerState.java:<init>(105)) - 42e8bc24-f019-48ef-96ce-72365fee6e4e:group-E1CDF8362F7D ConfigurationManager, init=-1: [42e8bc24-f019-48ef-96ce-72365fee6e4e:192.168.36.79:44028], old=null, confs=<EMPTY_MAP>
2019-09-20 04:50:18,265 [pool-463-thread-1] INFO  server.RaftServerConfigKeys (ConfUtils.java:logGet(43)) - raft.server.storage.dir = [/workdir/hadoop-ozone/integration-test/target/test-dir/MiniOzoneClusterImpl-5481c8ea-466e-4137-a567-737be5b6f247/datanode-5/data/ratis] (custom)
2019-09-20 04:50:18,265 [pool-463-thread-1] INFO  storage.RaftStorageDirectory (RaftStorageDirectory.java:analyzeStorage(246)) - The storage directory /workdir/hadoop-ozone/integration-test/target/test-dir/MiniOzoneClusterImpl-5481c8ea-466e-4137-a567-737be5b6f247/datanode-5/data/ratis/d1f21061-f745-4327-8db5-e1cdf8362f7d does not exist. Creating ...
2019-09-20 04:50:18,287 [pool-463-thread-1] INFO  storage.RaftStorageDirectory (RaftStorageDirectory.java:tryLock(328)) - Lock on /workdir/hadoop-ozone/integration-test/target/test-dir/MiniOzoneClusterImpl-5481c8ea-466e-4137-a567-737be5b6f247/datanode-5/data/ratis/d1f21061-f745-4327-8db5-e1cdf8362f7d/in_use.lock acquired by nodename 9457@pr-hdds-1569-s8kj2-2266485376
2019-09-20 04:50:18,304 [pool-463-thread-1] INFO  storage.RaftStorage (RaftStorage.java:format(72)) - Storage directory /workdir/hadoop-ozone/integration-test/target/test-dir/MiniOzoneClusterImpl-5481c8ea-466e-4137-a567-737be5b6f247/datanode-5/data/ratis/d1f21061-f745-4327-8db5-e1cdf8362f7d has been successfully formatted.
2019-09-20 04:50:18,304 [pool-463-thread-1] INFO  ratis.ContainerStateMachine (ContainerStateMachine.java:loadSnapshot(226)) - group-E1CDF8362F7D: The snapshot info is null. Setting the last applied indexto:(t:0, i:~)
2019-09-20 04:50:18,304 [pool-463-thread-1] INFO  server.RaftServerConfigKeys (ConfUtils.java:logGet(43)) - raft.server.leader.election.timeout = 120s (custom)
2019-09-20 04:50:18,305 [pool-463-thread-1] INFO  server.RaftServerConfigKeys (ConfUtils.java:logGet(43)) - raft.server.log.use.memory = false (default)
2019-09-20 04:50:18,305 [pool-463-thread-1] INFO  server.RaftServerConfigKeys (ConfUtils.java:logGet(43)) - raft.server.log.purge.gap = 1000000 (custom)
2019-09-20 04:50:18,305 [pool-463-thread-1] INFO  server.RaftServerConfigKeys (ConfUtils.java:logGet(43)) - raft.server.log.appender.buffer.byte-limit = 33554432 (custom)
2019-09-20 04:50:18,305 [pool-463-thread-1] INFO  server.RaftServerConfigKeys (ConfUtils.java:logGet(43)) - raft.server.log.segment.size.max = 1048576 (custom)
2019-09-20 04:50:18,305 [pool-463-thread-1] INFO  server.RaftServerConfigKeys (ConfUtils.java:logGet(43)) - raft.server.log.segment.cache.num.max = 2 (custom)
2019-09-20 04:50:18,305 [pool-463-thread-1] INFO  segmented.SegmentedRaftLogWorker (SegmentedRaftLogWorker.java:<init>(172)) - new 42e8bc24-f019-48ef-96ce-72365fee6e4e-SegmentedRaftLogWorker:Storage Directory /workdir/hadoop-ozone/integration-test/target/test-dir/MiniOzoneClusterImpl-5481c8ea-466e-4137-a567-737be5b6f247/datanode-5/data/ratis/d1f21061-f745-4327-8db5-e1cdf8362f7d for RaftStorage:Storage Directory /workdir/hadoop-ozone/integration-test/target/test-dir/MiniOzoneClusterImpl-5481c8ea-466e-4137-a567-737be5b6f247/datanode-5/data/ratis/d1f21061-f745-4327-8db5-e1cdf8362f7d
2019-09-20 04:50:18,305 [pool-463-thread-1] INFO  server.RaftServerConfigKeys (ConfUtils.java:logGet(43)) - raft.server.log.queue.byte-limit = 2147483647 (custom)
2019-09-20 04:50:18,306 [pool-463-thread-1] INFO  server.RaftServerConfigKeys (ConfUtils.java:logGet(43)) - raft.server.log.queue.element-limit = 1024 (custom)
2019-09-20 04:50:18,306 [pool-463-thread-1] INFO  server.RaftServerConfigKeys (ConfUtils.java:logGet(43)) - raft.server.log.segment.size.max = 1048576 (custom)
2019-09-20 04:50:18,306 [pool-463-thread-1] INFO  server.RaftServerConfigKeys (ConfUtils.java:logGet(43)) - raft.server.log.preallocated.size = 16384 (custom)
2019-09-20 04:50:18,306 [pool-463-thread-1] INFO  server.RaftServerConfigKeys (ConfUtils.java:logGet(43)) - raft.server.log.write.buffer.size = 33554432 (custom)
2019-09-20 04:50:18,306 [pool-463-thread-1] INFO  server.RaftServerConfigKeys (ConfUtils.java:logGet(43)) - raft.server.log.force.sync.num = 128 (default)
2019-09-20 04:50:18,306 [pool-463-thread-1] INFO  server.RaftServerConfigKeys (ConfUtils.java:logGet(43)) - raft.server.log.statemachine.data.sync = true (default)
2019-09-20 04:50:18,307 [pool-463-thread-1] INFO  server.RaftServerConfigKeys (ConfUtils.java:logGet(43)) - raft.server.log.statemachine.data.sync.timeout = 10s (default)
2019-09-20 04:50:18,307 [pool-463-thread-1] INFO  server.RaftServerConfigKeys (ConfUtils.java:logGet(43)) - raft.server.log.statemachine.data.sync.timeout.retry = -1 (default)
2019-09-20 04:50:18,307 [pool-463-thread-1] INFO  server.RaftServerConfigKeys (ConfUtils.java:logGet(43)) - raft.server.log.statemachine.data.caching.enabled = true (custom)
2019-09-20 04:50:18,307 [pool-463-thread-1] INFO  segmented.SegmentedRaftLogWorker (SegmentedRaftLogWorker.java:lambda$new$0(132)) - 42e8bc24-f019-48ef-96ce-72365fee6e4e-SegmentedRaftLogWorker:Storage Directory /workdir/hadoop-ozone/integration-test/target/test-dir/MiniOzoneClusterImpl-5481c8ea-466e-4137-a567-737be5b6f247/datanode-5/data/ratis/d1f21061-f745-4327-8db5-e1cdf8362f7d: flushIndex: setUnconditionally 0 -> -1
2019-09-20 04:50:18,307 [pool-463-thread-1] INFO  server.RaftServerConfigKeys (ConfUtils.java:logGet(43)) - raft.server.snapshot.auto.trigger.enabled = true (custom)
2019-09-20 04:50:18,308 [pool-463-thread-1] INFO  server.RaftServerConfigKeys (ConfUtils.java:logGet(43)) - raft.server.snapshot.auto.trigger.threshold = 10000 (custom)
2019-09-20 04:50:18,308 [pool-463-thread-1] INFO  server.RaftServerConfigKeys (ConfUtils.java:logGet(43)) - raft.server.retrycache.expirytime = 600000ms (custom)
2019-09-20 04:50:18,308 [pool-463-thread-1] INFO  impl.RaftServerImpl (RaftServerImpl.java:start(180)) - 42e8bc24-f019-48ef-96ce-72365fee6e4e: start group-E1CDF8362F7D
2019-09-20 04:50:18,308 [pool-463-thread-1] INFO  impl.RaftServerImpl (RaftServerImpl.java:setRole(171)) - 42e8bc24-f019-48ef-96ce-72365fee6e4e:group-E1CDF8362F7D changes role from null to FOLLOWER at term 0 for startAsFollower
2019-09-20 04:50:18,308 [pool-463-thread-1] INFO  impl.RoleInfo (RoleInfo.java:updateAndGet(143)) - 42e8bc24-f019-48ef-96ce-72365fee6e4e: start FollowerState
2019-09-20 04:50:18,309 [pool-463-thread-1] INFO  util.JmxRegister (JmxRegister.java:tryRegister(44)) - Successfully registered JMX Bean with object name Ratis:service=RaftServer,group=group-E1CDF8362F7D,id=42e8bc24-f019-48ef-96ce-72365fee6e4e
2019-09-20 04:50:18,311 [RatisPipelineUtilsThread] INFO  pipeline.PipelineStateManager (PipelineStateManager.java:addPipeline(56)) - Created pipeline Pipeline[ Id: d1f21061-f745-4327-8db5-e1cdf8362f7d, Nodes: 42e8bc24-f019-48ef-96ce-72365fee6e4e{ip: 192.168.36.79, host: pr-hdds-1569-s8kj2-2266485376, networkLocation: /default-rack, certSerialId: null}, Type:RATIS, Factor:ONE, State:OPEN]
2019-09-20 04:50:18,311 [RatisPipelineUtilsThread] INFO  pipeline.PipelinePlacementPolicy (PipelinePlacementPolicy.java:meetCriteria(91)) - Pipeline Placement: Doesn't meet the criteria to be viable node： 376583b5-abad-4180-897e-71183665062e Heaviness: 6 limit: 5
2019-09-20 04:50:18,311 [RatisPipelineUtilsThread] INFO  pipeline.PipelinePlacementPolicy (PipelinePlacementPolicy.java:meetCriteria(91)) - Pipeline Placement: Doesn't meet the criteria to be viable node： c9a37c78-8605-4a88-9b79-5cbe235210f1 Heaviness: 6 limit: 5
2019-09-20 04:50:18,311 [RatisPipelineUtilsThread] INFO  pipeline.PipelinePlacementPolicy (PipelinePlacementPolicy.java:meetCriteria(91)) - Pipeline Placement: Doesn't meet the criteria to be viable node： b3ecc8dd-01a1-4f26-a416-3a35ccdca24e Heaviness: 6 limit: 5
2019-09-20 04:50:18,312 [RatisPipelineUtilsThread] INFO  pipeline.PipelinePlacementPolicy (PipelinePlacementPolicy.java:meetCriteria(91)) - Pipeline Placement: Doesn't meet the criteria to be viable node： c8347fee-8d34-4c42-854b-90a05a956525 Heaviness: 6 limit: 5
2019-09-20 04:50:18,316 [grpc-default-executor-1] INFO  impl.RaftServerProxy (RaftServerProxy.java:addNew(89)) - e011d6a7-ac9a-466f-8998-9632cd871284: addNew group-2749FAA451E1:[e011d6a7-ac9a-466f-8998-9632cd871284:192.168.36.79:44315] returns group-2749FAA451E1:java.util.concurrent.CompletableFuture@724ea7fa[Not completed]
2019-09-20 04:50:18,317 [pool-452-thread-1] INFO  impl.RaftServerImpl (RaftServerImpl.java:<init>(93)) - e011d6a7-ac9a-466f-8998-9632cd871284: new RaftServerImpl for group-2749FAA451E1:[e011d6a7-ac9a-466f-8998-9632cd871284:192.168.36.79:44315] with ContainerStateMachine:uninitialized
2019-09-20 04:50:18,317 [pool-452-thread-1] INFO  server.RaftServerConfigKeys (ConfUtils.java:logGet(43)) - raft.server.rpc.timeout.min = 5s (custom)
2019-09-20 04:50:18,317 [pool-452-thread-1] INFO  server.RaftServerConfigKeys (ConfUtils.java:logGet(43)) - raft.server.rpc.timeout.max = 5200ms (custom)
2019-09-20 04:50:18,317 [pool-452-thread-1] INFO  server.RaftServerConfigKeys (ConfUtils.java:logGet(43)) - raft.server.rpcslowness.timeout = 120s (custom)
2019-09-20 04:50:18,317 [pool-452-thread-1] INFO  server.RaftServerConfigKeys (ConfUtils.java:logGet(43)) - raft.server.sleep.deviation.threshold = 300 (default)
2019-09-20 04:50:18,317 [pool-452-thread-1] INFO  server.RaftServerConfigKeys (ConfUtils.java:logGet(43)) - raft.server.log.appender.install.snapshot.enabled = false (custom)
2019-09-20 04:50:18,317 [pool-452-thread-1] INFO  impl.RaftServerImpl (ServerState.java:<init>(105)) - e011d6a7-ac9a-466f-8998-9632cd871284:group-2749FAA451E1 ConfigurationManager, init=-1: [e011d6a7-ac9a-466f-8998-9632cd871284:192.168.36.79:44315], old=null, confs=<EMPTY_MAP>
2019-09-20 04:50:18,318 [pool-452-thread-1] INFO  server.RaftServerConfigKeys (ConfUtils.java:logGet(43)) - raft.server.storage.dir = [/workdir/hadoop-ozone/integration-test/target/test-dir/MiniOzoneClusterImpl-5481c8ea-466e-4137-a567-737be5b6f247/datanode-4/data/ratis] (custom)
2019-09-20 04:50:18,318 [pool-452-thread-1] INFO  storage.RaftStorageDirectory (RaftStorageDirectory.java:analyzeStorage(246)) - The storage directory /workdir/hadoop-ozone/integration-test/target/test-dir/MiniOzoneClusterImpl-5481c8ea-466e-4137-a567-737be5b6f247/datanode-4/data/ratis/7a39e71d-4718-45d3-84e2-2749faa451e1 does not exist. Creating ...
2019-09-20 04:50:18,354 [pool-452-thread-1] INFO  storage.RaftStorageDirectory (RaftStorageDirectory.java:tryLock(328)) - Lock on /workdir/hadoop-ozone/integration-test/target/test-dir/MiniOzoneClusterImpl-5481c8ea-466e-4137-a567-737be5b6f247/datanode-4/data/ratis/7a39e71d-4718-45d3-84e2-2749faa451e1/in_use.lock acquired by nodename 9457@pr-hdds-1569-s8kj2-2266485376
2019-09-20 04:50:18,371 [pool-452-thread-1] INFO  storage.RaftStorage (RaftStorage.java:format(72)) - Storage directory /workdir/hadoop-ozone/integration-test/target/test-dir/MiniOzoneClusterImpl-5481c8ea-466e-4137-a567-737be5b6f247/datanode-4/data/ratis/7a39e71d-4718-45d3-84e2-2749faa451e1 has been successfully formatted.
2019-09-20 04:50:18,371 [pool-452-thread-1] INFO  ratis.ContainerStateMachine (ContainerStateMachine.java:loadSnapshot(226)) - group-2749FAA451E1: The snapshot info is null. Setting the last applied indexto:(t:0, i:~)
2019-09-20 04:50:18,372 [pool-452-thread-1] INFO  server.RaftServerConfigKeys (ConfUtils.java:logGet(43)) - raft.server.leader.election.timeout = 120s (custom)
2019-09-20 04:50:18,372 [pool-452-thread-1] INFO  server.RaftServerConfigKeys (ConfUtils.java:logGet(43)) - raft.server.log.use.memory = false (default)
2019-09-20 04:50:18,372 [pool-452-thread-1] INFO  server.RaftServerConfigKeys (ConfUtils.java:logGet(43)) - raft.server.log.purge.gap = 1000000 (custom)
2019-09-20 04:50:18,372 [pool-452-thread-1] INFO  server.RaftServerConfigKeys (ConfUtils.java:logGet(43)) - raft.server.log.appender.buffer.byte-limit = 33554432 (custom)
2019-09-20 04:50:18,372 [pool-452-thread-1] INFO  server.RaftServerConfigKeys (ConfUtils.java:logGet(43)) - raft.server.log.segment.size.max = 1048576 (custom)
2019-09-20 04:50:18,372 [pool-452-thread-1] INFO  server.RaftServerConfigKeys (ConfUtils.java:logGet(43)) - raft.server.log.segment.cache.num.max = 2 (custom)
2019-09-20 04:50:18,373 [pool-452-thread-1] INFO  segmented.SegmentedRaftLogWorker (SegmentedRaftLogWorker.java:<init>(172)) - new e011d6a7-ac9a-466f-8998-9632cd871284-SegmentedRaftLogWorker:Storage Directory /workdir/hadoop-ozone/integration-test/target/test-dir/MiniOzoneClusterImpl-5481c8ea-466e-4137-a567-737be5b6f247/datanode-4/data/ratis/7a39e71d-4718-45d3-84e2-2749faa451e1 for RaftStorage:Storage Directory /workdir/hadoop-ozone/integration-test/target/test-dir/MiniOzoneClusterImpl-5481c8ea-466e-4137-a567-737be5b6f247/datanode-4/data/ratis/7a39e71d-4718-45d3-84e2-2749faa451e1
2019-09-20 04:50:18,373 [pool-452-thread-1] INFO  server.RaftServerConfigKeys (ConfUtils.java:logGet(43)) - raft.server.log.queue.byte-limit = 2147483647 (custom)
2019-09-20 04:50:18,373 [pool-452-thread-1] INFO  server.RaftServerConfigKeys (ConfUtils.java:logGet(43)) - raft.server.log.queue.element-limit = 1024 (custom)
2019-09-20 04:50:18,373 [pool-452-thread-1] INFO  server.RaftServerConfigKeys (ConfUtils.java:logGet(43)) - raft.server.log.segment.size.max = 1048576 (custom)
2019-09-20 04:50:18,373 [pool-452-thread-1] INFO  server.RaftServerConfigKeys (ConfUtils.java:logGet(43)) - raft.server.log.preallocated.size = 16384 (custom)
2019-09-20 04:50:18,373 [pool-452-thread-1] INFO  server.RaftServerConfigKeys (ConfUtils.java:logGet(43)) - raft.server.log.write.buffer.size = 33554432 (custom)
2019-09-20 04:50:18,373 [pool-452-thread-1] INFO  server.RaftServerConfigKeys (ConfUtils.java:logGet(43)) - raft.server.log.force.sync.num = 128 (default)
2019-09-20 04:50:18,373 [pool-452-thread-1] INFO  server.RaftServerConfigKeys (ConfUtils.java:logGet(43)) - raft.server.log.statemachine.data.sync = true (default)
2019-09-20 04:50:18,374 [pool-452-thread-1] INFO  server.RaftServerConfigKeys (ConfUtils.java:logGet(43)) - raft.server.log.statemachine.data.sync.timeout = 10s (default)
2019-09-20 04:50:18,374 [pool-452-thread-1] INFO  server.RaftServerConfigKeys (ConfUtils.java:logGet(43)) - raft.server.log.statemachine.data.sync.timeout.retry = -1 (default)
2019-09-20 04:50:18,374 [pool-452-thread-1] INFO  server.RaftServerConfigKeys (ConfUtils.java:logGet(43)) - raft.server.log.statemachine.data.caching.enabled = true (custom)
2019-09-20 04:50:18,374 [pool-452-thread-1] INFO  segmented.SegmentedRaftLogWorker (SegmentedRaftLogWorker.java:lambda$new$0(132)) - e011d6a7-ac9a-466f-8998-9632cd871284-SegmentedRaftLogWorker:Storage Directory /workdir/hadoop-ozone/integration-test/target/test-dir/MiniOzoneClusterImpl-5481c8ea-466e-4137-a567-737be5b6f247/datanode-4/data/ratis/7a39e71d-4718-45d3-84e2-2749faa451e1: flushIndex: setUnconditionally 0 -> -1
2019-09-20 04:50:18,374 [pool-452-thread-1] INFO  server.RaftServerConfigKeys (ConfUtils.java:logGet(43)) - raft.server.snapshot.auto.trigger.enabled = true (custom)
2019-09-20 04:50:18,374 [pool-452-thread-1] INFO  server.RaftServerConfigKeys (ConfUtils.java:logGet(43)) - raft.server.snapshot.auto.trigger.threshold = 10000 (custom)
2019-09-20 04:50:18,375 [pool-452-thread-1] INFO  server.RaftServerConfigKeys (ConfUtils.java:logGet(43)) - raft.server.retrycache.expirytime = 600000ms (custom)
2019-09-20 04:50:18,375 [pool-452-thread-1] INFO  impl.RaftServerImpl (RaftServerImpl.java:start(180)) - e011d6a7-ac9a-466f-8998-9632cd871284: start group-2749FAA451E1
2019-09-20 04:50:18,375 [pool-452-thread-1] INFO  impl.RaftServerImpl (RaftServerImpl.java:setRole(171)) - e011d6a7-ac9a-466f-8998-9632cd871284:group-2749FAA451E1 changes role from null to FOLLOWER at term 0 for startAsFollower
2019-09-20 04:50:18,375 [pool-452-thread-1] INFO  impl.RoleInfo (RoleInfo.java:updateAndGet(143)) - e011d6a7-ac9a-466f-8998-9632cd871284: start FollowerState
2019-09-20 04:50:18,375 [pool-452-thread-1] INFO  util.JmxRegister (JmxRegister.java:tryRegister(44)) - Successfully registered JMX Bean with object name Ratis:service=RaftServer,group=group-2749FAA451E1,id=e011d6a7-ac9a-466f-8998-9632cd871284
2019-09-20 04:50:18,377 [RatisPipelineUtilsThread] INFO  pipeline.PipelineStateManager (PipelineStateManager.java:addPipeline(56)) - Created pipeline Pipeline[ Id: 7a39e71d-4718-45d3-84e2-2749faa451e1, Nodes: e011d6a7-ac9a-466f-8998-9632cd871284{ip: 192.168.36.79, host: pr-hdds-1569-s8kj2-2266485376, networkLocation: /default-rack, certSerialId: null}, Type:RATIS, Factor:ONE, State:OPEN]
2019-09-20 04:50:18,378 [RatisPipelineUtilsThread] INFO  pipeline.PipelinePlacementPolicy (PipelinePlacementPolicy.java:meetCriteria(91)) - Pipeline Placement: Doesn't meet the criteria to be viable node： 376583b5-abad-4180-897e-71183665062e Heaviness: 6 limit: 5
2019-09-20 04:50:18,378 [RatisPipelineUtilsThread] INFO  pipeline.PipelinePlacementPolicy (PipelinePlacementPolicy.java:meetCriteria(91)) - Pipeline Placement: Doesn't meet the criteria to be viable node： c9a37c78-8605-4a88-9b79-5cbe235210f1 Heaviness: 6 limit: 5
2019-09-20 04:50:18,378 [RatisPipelineUtilsThread] INFO  pipeline.PipelinePlacementPolicy (PipelinePlacementPolicy.java:meetCriteria(91)) - Pipeline Placement: Doesn't meet the criteria to be viable node： b3ecc8dd-01a1-4f26-a416-3a35ccdca24e Heaviness: 6 limit: 5
2019-09-20 04:50:18,378 [RatisPipelineUtilsThread] INFO  pipeline.PipelinePlacementPolicy (PipelinePlacementPolicy.java:meetCriteria(91)) - Pipeline Placement: Doesn't meet the criteria to be viable node： c8347fee-8d34-4c42-854b-90a05a956525 Heaviness: 6 limit: 5
2019-09-20 04:50:18,378 [RatisPipelineUtilsThread] INFO  pipeline.PipelinePlacementPolicy (PipelinePlacementPolicy.java:meetCriteria(91)) - Pipeline Placement: Doesn't meet the criteria to be viable node： e011d6a7-ac9a-466f-8998-9632cd871284 Heaviness: 6 limit: 5
2019-09-20 04:50:18,382 [grpc-default-executor-1] INFO  impl.RaftServerProxy (RaftServerProxy.java:addNew(89)) - 42e8bc24-f019-48ef-96ce-72365fee6e4e: addNew group-CBEC774C2338:[42e8bc24-f019-48ef-96ce-72365fee6e4e:192.168.36.79:44028] returns group-CBEC774C2338:java.util.concurrent.CompletableFuture@7af96820[Not completed]
2019-09-20 04:50:18,383 [pool-463-thread-1] INFO  impl.RaftServerImpl (RaftServerImpl.java:<init>(93)) - 42e8bc24-f019-48ef-96ce-72365fee6e4e: new RaftServerImpl for group-CBEC774C2338:[42e8bc24-f019-48ef-96ce-72365fee6e4e:192.168.36.79:44028] with ContainerStateMachine:uninitialized
2019-09-20 04:50:18,383 [pool-463-thread-1] INFO  server.RaftServerConfigKeys (ConfUtils.java:logGet(43)) - raft.server.rpc.timeout.min = 5s (custom)
2019-09-20 04:50:18,383 [pool-463-thread-1] INFO  server.RaftServerConfigKeys (ConfUtils.java:logGet(43)) - raft.server.rpc.timeout.max = 5200ms (custom)
2019-09-20 04:50:18,383 [pool-463-thread-1] INFO  server.RaftServerConfigKeys (ConfUtils.java:logGet(43)) - raft.server.rpcslowness.timeout = 120s (custom)
2019-09-20 04:50:18,383 [pool-463-thread-1] INFO  server.RaftServerConfigKeys (ConfUtils.java:logGet(43)) - raft.server.sleep.deviation.threshold = 300 (default)
2019-09-20 04:50:18,383 [pool-463-thread-1] INFO  server.RaftServerConfigKeys (ConfUtils.java:logGet(43)) - raft.server.log.appender.install.snapshot.enabled = false (custom)
2019-09-20 04:50:18,383 [pool-463-thread-1] INFO  impl.RaftServerImpl (ServerState.java:<init>(105)) - 42e8bc24-f019-48ef-96ce-72365fee6e4e:group-CBEC774C2338 ConfigurationManager, init=-1: [42e8bc24-f019-48ef-96ce-72365fee6e4e:192.168.36.79:44028], old=null, confs=<EMPTY_MAP>
2019-09-20 04:50:18,384 [pool-463-thread-1] INFO  server.RaftServerConfigKeys (ConfUtils.java:logGet(43)) - raft.server.storage.dir = [/workdir/hadoop-ozone/integration-test/target/test-dir/MiniOzoneClusterImpl-5481c8ea-466e-4137-a567-737be5b6f247/datanode-5/data/ratis] (custom)
2019-09-20 04:50:18,384 [pool-463-thread-1] INFO  storage.RaftStorageDirectory (RaftStorageDirectory.java:analyzeStorage(246)) - The storage directory /workdir/hadoop-ozone/integration-test/target/test-dir/MiniOzoneClusterImpl-5481c8ea-466e-4137-a567-737be5b6f247/datanode-5/data/ratis/0b409567-5555-432f-bc0a-cbec774c2338 does not exist. Creating ...
2019-09-20 04:50:18,405 [pool-463-thread-1] INFO  storage.RaftStorageDirectory (RaftStorageDirectory.java:tryLock(328)) - Lock on /workdir/hadoop-ozone/integration-test/target/test-dir/MiniOzoneClusterImpl-5481c8ea-466e-4137-a567-737be5b6f247/datanode-5/data/ratis/0b409567-5555-432f-bc0a-cbec774c2338/in_use.lock acquired by nodename 9457@pr-hdds-1569-s8kj2-2266485376
2019-09-20 04:50:18,422 [pool-463-thread-1] INFO  storage.RaftStorage (RaftStorage.java:format(72)) - Storage directory /workdir/hadoop-ozone/integration-test/target/test-dir/MiniOzoneClusterImpl-5481c8ea-466e-4137-a567-737be5b6f247/datanode-5/data/ratis/0b409567-5555-432f-bc0a-cbec774c2338 has been successfully formatted.
2019-09-20 04:50:18,422 [pool-463-thread-1] INFO  ratis.ContainerStateMachine (ContainerStateMachine.java:loadSnapshot(226)) - group-CBEC774C2338: The snapshot info is null. Setting the last applied indexto:(t:0, i:~)
2019-09-20 04:50:18,422 [pool-463-thread-1] INFO  server.RaftServerConfigKeys (ConfUtils.java:logGet(43)) - raft.server.leader.election.timeout = 120s (custom)
2019-09-20 04:50:18,423 [pool-463-thread-1] INFO  server.RaftServerConfigKeys (ConfUtils.java:logGet(43)) - raft.server.log.use.memory = false (default)
2019-09-20 04:50:18,423 [pool-463-thread-1] INFO  server.RaftServerConfigKeys (ConfUtils.java:logGet(43)) - raft.server.log.purge.gap = 1000000 (custom)
2019-09-20 04:50:18,423 [pool-463-thread-1] INFO  server.RaftServerConfigKeys (ConfUtils.java:logGet(43)) - raft.server.log.appender.buffer.byte-limit = 33554432 (custom)
2019-09-20 04:50:18,423 [pool-463-thread-1] INFO  server.RaftServerConfigKeys (ConfUtils.java:logGet(43)) - raft.server.log.segment.size.max = 1048576 (custom)
2019-09-20 04:50:18,423 [pool-463-thread-1] INFO  server.RaftServerConfigKeys (ConfUtils.java:logGet(43)) - raft.server.log.segment.cache.num.max = 2 (custom)
2019-09-20 04:50:18,423 [pool-463-thread-1] INFO  segmented.SegmentedRaftLogWorker (SegmentedRaftLogWorker.java:<init>(172)) - new 42e8bc24-f019-48ef-96ce-72365fee6e4e-SegmentedRaftLogWorker:Storage Directory /workdir/hadoop-ozone/integration-test/target/test-dir/MiniOzoneClusterImpl-5481c8ea-466e-4137-a567-737be5b6f247/datanode-5/data/ratis/0b409567-5555-432f-bc0a-cbec774c2338 for RaftStorage:Storage Directory /workdir/hadoop-ozone/integration-test/target/test-dir/MiniOzoneClusterImpl-5481c8ea-466e-4137-a567-737be5b6f247/datanode-5/data/ratis/0b409567-5555-432f-bc0a-cbec774c2338
2019-09-20 04:50:18,423 [pool-463-thread-1] INFO  server.RaftServerConfigKeys (ConfUtils.java:logGet(43)) - raft.server.log.queue.byte-limit = 2147483647 (custom)
2019-09-20 04:50:18,423 [pool-463-thread-1] INFO  server.RaftServerConfigKeys (ConfUtils.java:logGet(43)) - raft.server.log.queue.element-limit = 1024 (custom)
2019-09-20 04:50:18,424 [pool-463-thread-1] INFO  server.RaftServerConfigKeys (ConfUtils.java:logGet(43)) - raft.server.log.segment.size.max = 1048576 (custom)
2019-09-20 04:50:18,424 [pool-463-thread-1] INFO  server.RaftServerConfigKeys (ConfUtils.java:logGet(43)) - raft.server.log.preallocated.size = 16384 (custom)
2019-09-20 04:50:18,424 [pool-463-thread-1] INFO  server.RaftServerConfigKeys (ConfUtils.java:logGet(43)) - raft.server.log.write.buffer.size = 33554432 (custom)
2019-09-20 04:50:18,424 [pool-463-thread-1] INFO  server.RaftServerConfigKeys (ConfUtils.java:logGet(43)) - raft.server.log.force.sync.num = 128 (default)
2019-09-20 04:50:18,424 [pool-463-thread-1] INFO  server.RaftServerConfigKeys (ConfUtils.java:logGet(43)) - raft.server.log.statemachine.data.sync = true (default)
2019-09-20 04:50:18,424 [pool-463-thread-1] INFO  server.RaftServerConfigKeys (ConfUtils.java:logGet(43)) - raft.server.log.statemachine.data.sync.timeout = 10s (default)
2019-09-20 04:50:18,424 [pool-463-thread-1] INFO  server.RaftServerConfigKeys (ConfUtils.java:logGet(43)) - raft.server.log.statemachine.data.sync.timeout.retry = -1 (default)
2019-09-20 04:50:18,425 [pool-463-thread-1] INFO  server.RaftServerConfigKeys (ConfUtils.java:logGet(43)) - raft.server.log.statemachine.data.caching.enabled = true (custom)
2019-09-20 04:50:18,425 [pool-463-thread-1] INFO  segmented.SegmentedRaftLogWorker (SegmentedRaftLogWorker.java:lambda$new$0(132)) - 42e8bc24-f019-48ef-96ce-72365fee6e4e-SegmentedRaftLogWorker:Storage Directory /workdir/hadoop-ozone/integration-test/target/test-dir/MiniOzoneClusterImpl-5481c8ea-466e-4137-a567-737be5b6f247/datanode-5/data/ratis/0b409567-5555-432f-bc0a-cbec774c2338: flushIndex: setUnconditionally 0 -> -1
2019-09-20 04:50:18,425 [pool-463-thread-1] INFO  server.RaftServerConfigKeys (ConfUtils.java:logGet(43)) - raft.server.snapshot.auto.trigger.enabled = true (custom)
2019-09-20 04:50:18,425 [pool-463-thread-1] INFO  server.RaftServerConfigKeys (ConfUtils.java:logGet(43)) - raft.server.snapshot.auto.trigger.threshold = 10000 (custom)
2019-09-20 04:50:18,425 [pool-463-thread-1] INFO  server.RaftServerConfigKeys (ConfUtils.java:logGet(43)) - raft.server.retrycache.expirytime = 600000ms (custom)
2019-09-20 04:50:18,426 [pool-463-thread-1] INFO  impl.RaftServerImpl (RaftServerImpl.java:start(180)) - 42e8bc24-f019-48ef-96ce-72365fee6e4e: start group-CBEC774C2338
2019-09-20 04:50:18,426 [pool-463-thread-1] INFO  impl.RaftServerImpl (RaftServerImpl.java:setRole(171)) - 42e8bc24-f019-48ef-96ce-72365fee6e4e:group-CBEC774C2338 changes role from null to FOLLOWER at term 0 for startAsFollower
2019-09-20 04:50:18,426 [pool-463-thread-1] INFO  impl.RoleInfo (RoleInfo.java:updateAndGet(143)) - 42e8bc24-f019-48ef-96ce-72365fee6e4e: start FollowerState
2019-09-20 04:50:18,426 [pool-463-thread-1] INFO  util.JmxRegister (JmxRegister.java:tryRegister(44)) - Successfully registered JMX Bean with object name Ratis:service=RaftServer,group=group-CBEC774C2338,id=42e8bc24-f019-48ef-96ce-72365fee6e4e
2019-09-20 04:50:18,428 [RatisPipelineUtilsThread] INFO  pipeline.PipelineStateManager (PipelineStateManager.java:addPipeline(56)) - Created pipeline Pipeline[ Id: 0b409567-5555-432f-bc0a-cbec774c2338, Nodes: 42e8bc24-f019-48ef-96ce-72365fee6e4e{ip: 192.168.36.79, host: pr-hdds-1569-s8kj2-2266485376, networkLocation: /default-rack, certSerialId: null}, Type:RATIS, Factor:ONE, State:OPEN]
2019-09-20 04:50:18,428 [RatisPipelineUtilsThread] INFO  pipeline.PipelinePlacementPolicy (PipelinePlacementPolicy.java:meetCriteria(91)) - Pipeline Placement: Doesn't meet the criteria to be viable node： 376583b5-abad-4180-897e-71183665062e Heaviness: 6 limit: 5
2019-09-20 04:50:18,429 [RatisPipelineUtilsThread] INFO  pipeline.PipelinePlacementPolicy (PipelinePlacementPolicy.java:meetCriteria(91)) - Pipeline Placement: Doesn't meet the criteria to be viable node： c9a37c78-8605-4a88-9b79-5cbe235210f1 Heaviness: 6 limit: 5
2019-09-20 04:50:18,429 [RatisPipelineUtilsThread] INFO  pipeline.PipelinePlacementPolicy (PipelinePlacementPolicy.java:meetCriteria(91)) - Pipeline Placement: Doesn't meet the criteria to be viable node： b3ecc8dd-01a1-4f26-a416-3a35ccdca24e Heaviness: 6 limit: 5
2019-09-20 04:50:18,429 [RatisPipelineUtilsThread] INFO  pipeline.PipelinePlacementPolicy (PipelinePlacementPolicy.java:meetCriteria(91)) - Pipeline Placement: Doesn't meet the criteria to be viable node： c8347fee-8d34-4c42-854b-90a05a956525 Heaviness: 6 limit: 5
2019-09-20 04:50:18,429 [RatisPipelineUtilsThread] INFO  pipeline.PipelinePlacementPolicy (PipelinePlacementPolicy.java:meetCriteria(91)) - Pipeline Placement: Doesn't meet the criteria to be viable node： e011d6a7-ac9a-466f-8998-9632cd871284 Heaviness: 6 limit: 5
2019-09-20 04:50:18,433 [grpc-default-executor-1] INFO  impl.RaftServerProxy (RaftServerProxy.java:addNew(89)) - 42e8bc24-f019-48ef-96ce-72365fee6e4e: addNew group-A6101A94A94D:[42e8bc24-f019-48ef-96ce-72365fee6e4e:192.168.36.79:44028] returns group-A6101A94A94D:java.util.concurrent.CompletableFuture@31368fa4[Not completed]
2019-09-20 04:50:18,434 [pool-463-thread-1] INFO  impl.RaftServerImpl (RaftServerImpl.java:<init>(93)) - 42e8bc24-f019-48ef-96ce-72365fee6e4e: new RaftServerImpl for group-A6101A94A94D:[42e8bc24-f019-48ef-96ce-72365fee6e4e:192.168.36.79:44028] with ContainerStateMachine:uninitialized
2019-09-20 04:50:18,434 [pool-463-thread-1] INFO  server.RaftServerConfigKeys (ConfUtils.java:logGet(43)) - raft.server.rpc.timeout.min = 5s (custom)
2019-09-20 04:50:18,434 [pool-463-thread-1] INFO  server.RaftServerConfigKeys (ConfUtils.java:logGet(43)) - raft.server.rpc.timeout.max = 5200ms (custom)
2019-09-20 04:50:18,434 [pool-463-thread-1] INFO  server.RaftServerConfigKeys (ConfUtils.java:logGet(43)) - raft.server.rpcslowness.timeout = 120s (custom)
2019-09-20 04:50:18,434 [pool-463-thread-1] INFO  server.RaftServerConfigKeys (ConfUtils.java:logGet(43)) - raft.server.sleep.deviation.threshold = 300 (default)
2019-09-20 04:50:18,435 [pool-463-thread-1] INFO  server.RaftServerConfigKeys (ConfUtils.java:logGet(43)) - raft.server.log.appender.install.snapshot.enabled = false (custom)
2019-09-20 04:50:18,435 [pool-463-thread-1] INFO  impl.RaftServerImpl (ServerState.java:<init>(105)) - 42e8bc24-f019-48ef-96ce-72365fee6e4e:group-A6101A94A94D ConfigurationManager, init=-1: [42e8bc24-f019-48ef-96ce-72365fee6e4e:192.168.36.79:44028], old=null, confs=<EMPTY_MAP>
2019-09-20 04:50:18,435 [pool-463-thread-1] INFO  server.RaftServerConfigKeys (ConfUtils.java:logGet(43)) - raft.server.storage.dir = [/workdir/hadoop-ozone/integration-test/target/test-dir/MiniOzoneClusterImpl-5481c8ea-466e-4137-a567-737be5b6f247/datanode-5/data/ratis] (custom)
2019-09-20 04:50:18,435 [pool-463-thread-1] INFO  storage.RaftStorageDirectory (RaftStorageDirectory.java:analyzeStorage(246)) - The storage directory /workdir/hadoop-ozone/integration-test/target/test-dir/MiniOzoneClusterImpl-5481c8ea-466e-4137-a567-737be5b6f247/datanode-5/data/ratis/5b3e9e50-4ead-4d03-8c3e-a6101a94a94d does not exist. Creating ...
2019-09-20 04:50:18,456 [pool-463-thread-1] INFO  storage.RaftStorageDirectory (RaftStorageDirectory.java:tryLock(328)) - Lock on /workdir/hadoop-ozone/integration-test/target/test-dir/MiniOzoneClusterImpl-5481c8ea-466e-4137-a567-737be5b6f247/datanode-5/data/ratis/5b3e9e50-4ead-4d03-8c3e-a6101a94a94d/in_use.lock acquired by nodename 9457@pr-hdds-1569-s8kj2-2266485376
2019-09-20 04:50:18,473 [pool-463-thread-1] INFO  storage.RaftStorage (RaftStorage.java:format(72)) - Storage directory /workdir/hadoop-ozone/integration-test/target/test-dir/MiniOzoneClusterImpl-5481c8ea-466e-4137-a567-737be5b6f247/datanode-5/data/ratis/5b3e9e50-4ead-4d03-8c3e-a6101a94a94d has been successfully formatted.
2019-09-20 04:50:18,473 [pool-463-thread-1] INFO  ratis.ContainerStateMachine (ContainerStateMachine.java:loadSnapshot(226)) - group-A6101A94A94D: The snapshot info is null. Setting the last applied indexto:(t:0, i:~)
2019-09-20 04:50:18,473 [pool-463-thread-1] INFO  server.RaftServerConfigKeys (ConfUtils.java:logGet(43)) - raft.server.leader.election.timeout = 120s (custom)
2019-09-20 04:50:18,473 [pool-463-thread-1] INFO  server.RaftServerConfigKeys (ConfUtils.java:logGet(43)) - raft.server.log.use.memory = false (default)
2019-09-20 04:50:18,473 [pool-463-thread-1] INFO  server.RaftServerConfigKeys (ConfUtils.java:logGet(43)) - raft.server.log.purge.gap = 1000000 (custom)
2019-09-20 04:50:18,473 [pool-463-thread-1] INFO  server.RaftServerConfigKeys (ConfUtils.java:logGet(43)) - raft.server.log.appender.buffer.byte-limit = 33554432 (custom)
2019-09-20 04:50:18,473 [pool-463-thread-1] INFO  server.RaftServerConfigKeys (ConfUtils.java:logGet(43)) - raft.server.log.segment.size.max = 1048576 (custom)
2019-09-20 04:50:18,473 [pool-463-thread-1] INFO  server.RaftServerConfigKeys (ConfUtils.java:logGet(43)) - raft.server.log.segment.cache.num.max = 2 (custom)
2019-09-20 04:50:18,473 [pool-463-thread-1] INFO  segmented.SegmentedRaftLogWorker (SegmentedRaftLogWorker.java:<init>(172)) - new 42e8bc24-f019-48ef-96ce-72365fee6e4e-SegmentedRaftLogWorker:Storage Directory /workdir/hadoop-ozone/integration-test/target/test-dir/MiniOzoneClusterImpl-5481c8ea-466e-4137-a567-737be5b6f247/datanode-5/data/ratis/5b3e9e50-4ead-4d03-8c3e-a6101a94a94d for RaftStorage:Storage Directory /workdir/hadoop-ozone/integration-test/target/test-dir/MiniOzoneClusterImpl-5481c8ea-466e-4137-a567-737be5b6f247/datanode-5/data/ratis/5b3e9e50-4ead-4d03-8c3e-a6101a94a94d
2019-09-20 04:50:18,474 [pool-463-thread-1] INFO  server.RaftServerConfigKeys (ConfUtils.java:logGet(43)) - raft.server.log.queue.byte-limit = 2147483647 (custom)
2019-09-20 04:50:18,474 [pool-463-thread-1] INFO  server.RaftServerConfigKeys (ConfUtils.java:logGet(43)) - raft.server.log.queue.element-limit = 1024 (custom)
2019-09-20 04:50:18,474 [pool-463-thread-1] INFO  server.RaftServerConfigKeys (ConfUtils.java:logGet(43)) - raft.server.log.segment.size.max = 1048576 (custom)
2019-09-20 04:50:18,474 [pool-463-thread-1] INFO  server.RaftServerConfigKeys (ConfUtils.java:logGet(43)) - raft.server.log.preallocated.size = 16384 (custom)
2019-09-20 04:50:18,474 [pool-463-thread-1] INFO  server.RaftServerConfigKeys (ConfUtils.java:logGet(43)) - raft.server.log.write.buffer.size = 33554432 (custom)
2019-09-20 04:50:18,474 [pool-463-thread-1] INFO  server.RaftServerConfigKeys (ConfUtils.java:logGet(43)) - raft.server.log.force.sync.num = 128 (default)
2019-09-20 04:50:18,474 [pool-463-thread-1] INFO  server.RaftServerConfigKeys (ConfUtils.java:logGet(43)) - raft.server.log.statemachine.data.sync = true (default)
2019-09-20 04:50:18,474 [pool-463-thread-1] INFO  server.RaftServerConfigKeys (ConfUtils.java:logGet(43)) - raft.server.log.statemachine.data.sync.timeout = 10s (default)
2019-09-20 04:50:18,474 [pool-463-thread-1] INFO  server.RaftServerConfigKeys (ConfUtils.java:logGet(43)) - raft.server.log.statemachine.data.sync.timeout.retry = -1 (default)
2019-09-20 04:50:18,474 [pool-463-thread-1] INFO  server.RaftServerConfigKeys (ConfUtils.java:logGet(43)) - raft.server.log.statemachine.data.caching.enabled = true (custom)
2019-09-20 04:50:18,474 [pool-463-thread-1] INFO  segmented.SegmentedRaftLogWorker (SegmentedRaftLogWorker.java:lambda$new$0(132)) - 42e8bc24-f019-48ef-96ce-72365fee6e4e-SegmentedRaftLogWorker:Storage Directory /workdir/hadoop-ozone/integration-test/target/test-dir/MiniOzoneClusterImpl-5481c8ea-466e-4137-a567-737be5b6f247/datanode-5/data/ratis/5b3e9e50-4ead-4d03-8c3e-a6101a94a94d: flushIndex: setUnconditionally 0 -> -1
2019-09-20 04:50:18,475 [pool-463-thread-1] INFO  server.RaftServerConfigKeys (ConfUtils.java:logGet(43)) - raft.server.snapshot.auto.trigger.enabled = true (custom)
2019-09-20 04:50:18,475 [pool-463-thread-1] INFO  server.RaftServerConfigKeys (ConfUtils.java:logGet(43)) - raft.server.snapshot.auto.trigger.threshold = 10000 (custom)
2019-09-20 04:50:18,475 [pool-463-thread-1] INFO  server.RaftServerConfigKeys (ConfUtils.java:logGet(43)) - raft.server.retrycache.expirytime = 600000ms (custom)
2019-09-20 04:50:18,475 [pool-463-thread-1] INFO  impl.RaftServerImpl (RaftServerImpl.java:start(180)) - 42e8bc24-f019-48ef-96ce-72365fee6e4e: start group-A6101A94A94D
2019-09-20 04:50:18,475 [pool-463-thread-1] INFO  impl.RaftServerImpl (RaftServerImpl.java:setRole(171)) - 42e8bc24-f019-48ef-96ce-72365fee6e4e:group-A6101A94A94D changes role from null to FOLLOWER at term 0 for startAsFollower
2019-09-20 04:50:18,475 [pool-463-thread-1] INFO  impl.RoleInfo (RoleInfo.java:updateAndGet(143)) - 42e8bc24-f019-48ef-96ce-72365fee6e4e: start FollowerState
2019-09-20 04:50:18,475 [pool-463-thread-1] INFO  util.JmxRegister (JmxRegister.java:tryRegister(44)) - Successfully registered JMX Bean with object name Ratis:service=RaftServer,group=group-A6101A94A94D,id=42e8bc24-f019-48ef-96ce-72365fee6e4e
2019-09-20 04:50:18,477 [RatisPipelineUtilsThread] INFO  pipeline.PipelineStateManager (PipelineStateManager.java:addPipeline(56)) - Created pipeline Pipeline[ Id: 5b3e9e50-4ead-4d03-8c3e-a6101a94a94d, Nodes: 42e8bc24-f019-48ef-96ce-72365fee6e4e{ip: 192.168.36.79, host: pr-hdds-1569-s8kj2-2266485376, networkLocation: /default-rack, certSerialId: null}, Type:RATIS, Factor:ONE, State:OPEN]
2019-09-20 04:50:18,477 [RatisPipelineUtilsThread] INFO  pipeline.PipelinePlacementPolicy (PipelinePlacementPolicy.java:meetCriteria(91)) - Pipeline Placement: Doesn't meet the criteria to be viable node： 376583b5-abad-4180-897e-71183665062e Heaviness: 6 limit: 5
2019-09-20 04:50:18,478 [RatisPipelineUtilsThread] INFO  pipeline.PipelinePlacementPolicy (PipelinePlacementPolicy.java:meetCriteria(91)) - Pipeline Placement: Doesn't meet the criteria to be viable node： c9a37c78-8605-4a88-9b79-5cbe235210f1 Heaviness: 6 limit: 5
2019-09-20 04:50:18,478 [RatisPipelineUtilsThread] INFO  pipeline.PipelinePlacementPolicy (PipelinePlacementPolicy.java:meetCriteria(91)) - Pipeline Placement: Doesn't meet the criteria to be viable node： b3ecc8dd-01a1-4f26-a416-3a35ccdca24e Heaviness: 6 limit: 5
2019-09-20 04:50:18,478 [RatisPipelineUtilsThread] INFO  pipeline.PipelinePlacementPolicy (PipelinePlacementPolicy.java:meetCriteria(91)) - Pipeline Placement: Doesn't meet the criteria to be viable node： c8347fee-8d34-4c42-854b-90a05a956525 Heaviness: 6 limit: 5
2019-09-20 04:50:18,478 [RatisPipelineUtilsThread] INFO  pipeline.PipelinePlacementPolicy (PipelinePlacementPolicy.java:meetCriteria(91)) - Pipeline Placement: Doesn't meet the criteria to be viable node： e011d6a7-ac9a-466f-8998-9632cd871284 Heaviness: 6 limit: 5
2019-09-20 04:50:18,481 [grpc-default-executor-1] INFO  impl.RaftServerProxy (RaftServerProxy.java:addNew(89)) - 42e8bc24-f019-48ef-96ce-72365fee6e4e: addNew group-3DE55D79F666:[42e8bc24-f019-48ef-96ce-72365fee6e4e:192.168.36.79:44028] returns group-3DE55D79F666:java.util.concurrent.CompletableFuture@e7e9c99[Not completed]
2019-09-20 04:50:18,482 [pool-463-thread-1] INFO  impl.RaftServerImpl (RaftServerImpl.java:<init>(93)) - 42e8bc24-f019-48ef-96ce-72365fee6e4e: new RaftServerImpl for group-3DE55D79F666:[42e8bc24-f019-48ef-96ce-72365fee6e4e:192.168.36.79:44028] with ContainerStateMachine:uninitialized
2019-09-20 04:50:18,482 [pool-463-thread-1] INFO  server.RaftServerConfigKeys (ConfUtils.java:logGet(43)) - raft.server.rpc.timeout.min = 5s (custom)
2019-09-20 04:50:18,482 [pool-463-thread-1] INFO  server.RaftServerConfigKeys (ConfUtils.java:logGet(43)) - raft.server.rpc.timeout.max = 5200ms (custom)
2019-09-20 04:50:18,482 [pool-463-thread-1] INFO  server.RaftServerConfigKeys (ConfUtils.java:logGet(43)) - raft.server.rpcslowness.timeout = 120s (custom)
2019-09-20 04:50:18,482 [pool-463-thread-1] INFO  server.RaftServerConfigKeys (ConfUtils.java:logGet(43)) - raft.server.sleep.deviation.threshold = 300 (default)
2019-09-20 04:50:18,482 [pool-463-thread-1] INFO  server.RaftServerConfigKeys (ConfUtils.java:logGet(43)) - raft.server.log.appender.install.snapshot.enabled = false (custom)
2019-09-20 04:50:18,482 [pool-463-thread-1] INFO  impl.RaftServerImpl (ServerState.java:<init>(105)) - 42e8bc24-f019-48ef-96ce-72365fee6e4e:group-3DE55D79F666 ConfigurationManager, init=-1: [42e8bc24-f019-48ef-96ce-72365fee6e4e:192.168.36.79:44028], old=null, confs=<EMPTY_MAP>
2019-09-20 04:50:18,482 [pool-463-thread-1] INFO  server.RaftServerConfigKeys (ConfUtils.java:logGet(43)) - raft.server.storage.dir = [/workdir/hadoop-ozone/integration-test/target/test-dir/MiniOzoneClusterImpl-5481c8ea-466e-4137-a567-737be5b6f247/datanode-5/data/ratis] (custom)
2019-09-20 04:50:18,483 [pool-463-thread-1] INFO  storage.RaftStorageDirectory (RaftStorageDirectory.java:analyzeStorage(246)) - The storage directory /workdir/hadoop-ozone/integration-test/target/test-dir/MiniOzoneClusterImpl-5481c8ea-466e-4137-a567-737be5b6f247/datanode-5/data/ratis/7539c0f3-dfce-41f3-badd-3de55d79f666 does not exist. Creating ...
2019-09-20 04:50:18,523 [pool-463-thread-1] INFO  storage.RaftStorageDirectory (RaftStorageDirectory.java:tryLock(328)) - Lock on /workdir/hadoop-ozone/integration-test/target/test-dir/MiniOzoneClusterImpl-5481c8ea-466e-4137-a567-737be5b6f247/datanode-5/data/ratis/7539c0f3-dfce-41f3-badd-3de55d79f666/in_use.lock acquired by nodename 9457@pr-hdds-1569-s8kj2-2266485376
2019-09-20 04:50:18,540 [pool-463-thread-1] INFO  storage.RaftStorage (RaftStorage.java:format(72)) - Storage directory /workdir/hadoop-ozone/integration-test/target/test-dir/MiniOzoneClusterImpl-5481c8ea-466e-4137-a567-737be5b6f247/datanode-5/data/ratis/7539c0f3-dfce-41f3-badd-3de55d79f666 has been successfully formatted.
2019-09-20 04:50:18,540 [pool-463-thread-1] INFO  ratis.ContainerStateMachine (ContainerStateMachine.java:loadSnapshot(226)) - group-3DE55D79F666: The snapshot info is null. Setting the last applied indexto:(t:0, i:~)
2019-09-20 04:50:18,540 [pool-463-thread-1] INFO  server.RaftServerConfigKeys (ConfUtils.java:logGet(43)) - raft.server.leader.election.timeout = 120s (custom)
2019-09-20 04:50:18,541 [pool-463-thread-1] INFO  server.RaftServerConfigKeys (ConfUtils.java:logGet(43)) - raft.server.log.use.memory = false (default)
2019-09-20 04:50:18,541 [pool-463-thread-1] INFO  server.RaftServerConfigKeys (ConfUtils.java:logGet(43)) - raft.server.log.purge.gap = 1000000 (custom)
2019-09-20 04:50:18,541 [pool-463-thread-1] INFO  server.RaftServerConfigKeys (ConfUtils.java:logGet(43)) - raft.server.log.appender.buffer.byte-limit = 33554432 (custom)
2019-09-20 04:50:18,541 [pool-463-thread-1] INFO  server.RaftServerConfigKeys (ConfUtils.java:logGet(43)) - raft.server.log.segment.size.max = 1048576 (custom)
2019-09-20 04:50:18,541 [pool-463-thread-1] INFO  server.RaftServerConfigKeys (ConfUtils.java:logGet(43)) - raft.server.log.segment.cache.num.max = 2 (custom)
2019-09-20 04:50:18,541 [pool-463-thread-1] INFO  segmented.SegmentedRaftLogWorker (SegmentedRaftLogWorker.java:<init>(172)) - new 42e8bc24-f019-48ef-96ce-72365fee6e4e-SegmentedRaftLogWorker:Storage Directory /workdir/hadoop-ozone/integration-test/target/test-dir/MiniOzoneClusterImpl-5481c8ea-466e-4137-a567-737be5b6f247/datanode-5/data/ratis/7539c0f3-dfce-41f3-badd-3de55d79f666 for RaftStorage:Storage Directory /workdir/hadoop-ozone/integration-test/target/test-dir/MiniOzoneClusterImpl-5481c8ea-466e-4137-a567-737be5b6f247/datanode-5/data/ratis/7539c0f3-dfce-41f3-badd-3de55d79f666
2019-09-20 04:50:18,541 [pool-463-thread-1] INFO  server.RaftServerConfigKeys (ConfUtils.java:logGet(43)) - raft.server.log.queue.byte-limit = 2147483647 (custom)
2019-09-20 04:50:18,541 [pool-463-thread-1] INFO  server.RaftServerConfigKeys (ConfUtils.java:logGet(43)) - raft.server.log.queue.element-limit = 1024 (custom)
2019-09-20 04:50:18,541 [pool-463-thread-1] INFO  server.RaftServerConfigKeys (ConfUtils.java:logGet(43)) - raft.server.log.segment.size.max = 1048576 (custom)
2019-09-20 04:50:18,541 [pool-463-thread-1] INFO  server.RaftServerConfigKeys (ConfUtils.java:logGet(43)) - raft.server.log.preallocated.size = 16384 (custom)
2019-09-20 04:50:18,541 [pool-463-thread-1] INFO  server.RaftServerConfigKeys (ConfUtils.java:logGet(43)) - raft.server.log.write.buffer.size = 33554432 (custom)
2019-09-20 04:50:18,541 [pool-463-thread-1] INFO  server.RaftServerConfigKeys (ConfUtils.java:logGet(43)) - raft.server.log.force.sync.num = 128 (default)
2019-09-20 04:50:18,542 [pool-463-thread-1] INFO  server.RaftServerConfigKeys (ConfUtils.java:logGet(43)) - raft.server.log.statemachine.data.sync = true (default)
2019-09-20 04:50:18,542 [pool-463-thread-1] INFO  server.RaftServerConfigKeys (ConfUtils.java:logGet(43)) - raft.server.log.statemachine.data.sync.timeout = 10s (default)
2019-09-20 04:50:18,542 [pool-463-thread-1] INFO  server.RaftServerConfigKeys (ConfUtils.java:logGet(43)) - raft.server.log.statemachine.data.sync.timeout.retry = -1 (default)
2019-09-20 04:50:18,542 [pool-463-thread-1] INFO  server.RaftServerConfigKeys (ConfUtils.java:logGet(43)) - raft.server.log.statemachine.data.caching.enabled = true (custom)
2019-09-20 04:50:18,542 [pool-463-thread-1] INFO  segmented.SegmentedRaftLogWorker (SegmentedRaftLogWorker.java:lambda$new$0(132)) - 42e8bc24-f019-48ef-96ce-72365fee6e4e-SegmentedRaftLogWorker:Storage Directory /workdir/hadoop-ozone/integration-test/target/test-dir/MiniOzoneClusterImpl-5481c8ea-466e-4137-a567-737be5b6f247/datanode-5/data/ratis/7539c0f3-dfce-41f3-badd-3de55d79f666: flushIndex: setUnconditionally 0 -> -1
2019-09-20 04:50:18,542 [pool-463-thread-1] INFO  server.RaftServerConfigKeys (ConfUtils.java:logGet(43)) - raft.server.snapshot.auto.trigger.enabled = true (custom)
2019-09-20 04:50:18,542 [pool-463-thread-1] INFO  server.RaftServerConfigKeys (ConfUtils.java:logGet(43)) - raft.server.snapshot.auto.trigger.threshold = 10000 (custom)
2019-09-20 04:50:18,542 [pool-463-thread-1] INFO  server.RaftServerConfigKeys (ConfUtils.java:logGet(43)) - raft.server.retrycache.expirytime = 600000ms (custom)
2019-09-20 04:50:18,543 [pool-463-thread-1] INFO  impl.RaftServerImpl (RaftServerImpl.java:start(180)) - 42e8bc24-f019-48ef-96ce-72365fee6e4e: start group-3DE55D79F666
2019-09-20 04:50:18,543 [pool-463-thread-1] INFO  impl.RaftServerImpl (RaftServerImpl.java:setRole(171)) - 42e8bc24-f019-48ef-96ce-72365fee6e4e:group-3DE55D79F666 changes role from null to FOLLOWER at term 0 for startAsFollower
2019-09-20 04:50:18,543 [pool-463-thread-1] INFO  impl.RoleInfo (RoleInfo.java:updateAndGet(143)) - 42e8bc24-f019-48ef-96ce-72365fee6e4e: start FollowerState
2019-09-20 04:50:18,543 [pool-463-thread-1] INFO  util.JmxRegister (JmxRegister.java:tryRegister(44)) - Successfully registered JMX Bean with object name Ratis:service=RaftServer,group=group-3DE55D79F666,id=42e8bc24-f019-48ef-96ce-72365fee6e4e
2019-09-20 04:50:18,545 [RatisPipelineUtilsThread] INFO  pipeline.PipelineStateManager (PipelineStateManager.java:addPipeline(56)) - Created pipeline Pipeline[ Id: 7539c0f3-dfce-41f3-badd-3de55d79f666, Nodes: 42e8bc24-f019-48ef-96ce-72365fee6e4e{ip: 192.168.36.79, host: pr-hdds-1569-s8kj2-2266485376, networkLocation: /default-rack, certSerialId: null}, Type:RATIS, Factor:ONE, State:OPEN]
2019-09-20 04:50:18,545 [RatisPipelineUtilsThread] INFO  pipeline.PipelinePlacementPolicy (PipelinePlacementPolicy.java:meetCriteria(91)) - Pipeline Placement: Doesn't meet the criteria to be viable node： 376583b5-abad-4180-897e-71183665062e Heaviness: 6 limit: 5
2019-09-20 04:50:18,545 [RatisPipelineUtilsThread] INFO  pipeline.PipelinePlacementPolicy (PipelinePlacementPolicy.java:meetCriteria(91)) - Pipeline Placement: Doesn't meet the criteria to be viable node： c9a37c78-8605-4a88-9b79-5cbe235210f1 Heaviness: 6 limit: 5
2019-09-20 04:50:18,545 [RatisPipelineUtilsThread] INFO  pipeline.PipelinePlacementPolicy (PipelinePlacementPolicy.java:meetCriteria(91)) - Pipeline Placement: Doesn't meet the criteria to be viable node： 42e8bc24-f019-48ef-96ce-72365fee6e4e Heaviness: 6 limit: 5
2019-09-20 04:50:18,545 [RatisPipelineUtilsThread] INFO  pipeline.PipelinePlacementPolicy (PipelinePlacementPolicy.java:meetCriteria(91)) - Pipeline Placement: Doesn't meet the criteria to be viable node： b3ecc8dd-01a1-4f26-a416-3a35ccdca24e Heaviness: 6 limit: 5
2019-09-20 04:50:18,545 [RatisPipelineUtilsThread] INFO  pipeline.PipelinePlacementPolicy (PipelinePlacementPolicy.java:meetCriteria(91)) - Pipeline Placement: Doesn't meet the criteria to be viable node： c8347fee-8d34-4c42-854b-90a05a956525 Heaviness: 6 limit: 5
2019-09-20 04:50:18,545 [RatisPipelineUtilsThread] INFO  pipeline.PipelinePlacementPolicy (PipelinePlacementPolicy.java:meetCriteria(91)) - Pipeline Placement: Doesn't meet the criteria to be viable node： e011d6a7-ac9a-466f-8998-9632cd871284 Heaviness: 6 limit: 5
2019-09-20 04:50:18,545 [RatisPipelineUtilsThread] ERROR pipeline.PipelinePlacementPolicy (PipelinePlacementPolicy.java:filterViableNodes(148)) - Unable to find enough nodes that meet the criteria that cannot engage in more than 5 pipelines. Nodes required: 1 Found: 0, healthy nodes count inNodeManager: 6.
2019-09-20 04:50:18,546 [RatisPipelineUtilsThread] ERROR pipeline.SCMPipelineManager (SCMPipelineManager.java:createPipeline(161)) - Pipeline creation failed due to exception: Unable to find enough nodes that meet the criteria that cannot engage in more than 5 pipelines. Nodes required: 1 Found: 0, healthy nodes count inNodeManager: 6.
2019-09-20 04:50:18,546 [RatisPipelineUtilsThread] INFO  pipeline.PipelinePlacementPolicy (PipelinePlacementPolicy.java:meetCriteria(91)) - Pipeline Placement: Doesn't meet the criteria to be viable node： 376583b5-abad-4180-897e-71183665062e Heaviness: 6 limit: 5
2019-09-20 04:50:18,546 [RatisPipelineUtilsThread] INFO  pipeline.PipelinePlacementPolicy (PipelinePlacementPolicy.java:meetCriteria(91)) - Pipeline Placement: Doesn't meet the criteria to be viable node： c9a37c78-8605-4a88-9b79-5cbe235210f1 Heaviness: 6 limit: 5
2019-09-20 04:50:18,546 [RatisPipelineUtilsThread] INFO  pipeline.PipelinePlacementPolicy (PipelinePlacementPolicy.java:meetCriteria(91)) - Pipeline Placement: Doesn't meet the criteria to be viable node： 42e8bc24-f019-48ef-96ce-72365fee6e4e Heaviness: 6 limit: 5
2019-09-20 04:50:18,546 [RatisPipelineUtilsThread] INFO  pipeline.PipelinePlacementPolicy (PipelinePlacementPolicy.java:meetCriteria(91)) - Pipeline Placement: Doesn't meet the criteria to be viable node： b3ecc8dd-01a1-4f26-a416-3a35ccdca24e Heaviness: 6 limit: 5
2019-09-20 04:50:18,546 [RatisPipelineUtilsThread] INFO  pipeline.PipelinePlacementPolicy (PipelinePlacementPolicy.java:meetCriteria(91)) - Pipeline Placement: Doesn't meet the criteria to be viable node： c8347fee-8d34-4c42-854b-90a05a956525 Heaviness: 6 limit: 5
2019-09-20 04:50:18,546 [RatisPipelineUtilsThread] INFO  pipeline.PipelinePlacementPolicy (PipelinePlacementPolicy.java:meetCriteria(91)) - Pipeline Placement: Doesn't meet the criteria to be viable node： e011d6a7-ac9a-466f-8998-9632cd871284 Heaviness: 6 limit: 5
2019-09-20 04:50:18,546 [RatisPipelineUtilsThread] ERROR pipeline.PipelinePlacementPolicy (PipelinePlacementPolicy.java:filterViableNodes(148)) - Unable to find enough nodes that meet the criteria that cannot engage in more than 5 pipelines. Nodes required: 3 Found: 0, healthy nodes count inNodeManager: 6.
2019-09-20 04:50:18,546 [RatisPipelineUtilsThread] ERROR pipeline.SCMPipelineManager (SCMPipelineManager.java:createPipeline(161)) - Pipeline creation failed due to exception: Unable to find enough nodes that meet the criteria that cannot engage in more than 5 pipelines. Nodes required: 3 Found: 0, healthy nodes count inNodeManager: 6.
2019-09-20 04:50:18,686 | INFO  | SCMAudit | user=jenkins1000 | ip=192.168.36.79 | op=SEND_HEARTBEAT {datanodeUUID=376583b5-abad-4180-897e-71183665062e, command=[]} | ret=SUCCESS |  
2019-09-20 04:50:18,794 [main] INFO  ozone.MiniOzoneClusterImpl (MiniOzoneClusterImpl.java:lambda$waitForClusterToBeReady$0(142)) - Waiting for cluster to be ready. Got 6 of 7 DN Heartbeats.
2019-09-20 04:50:18,796 [IPC Server handler 7 on 38264] INFO  net.NetworkTopology (NetworkTopologyImpl.java:add(110)) - Added a new node: /default-rack/4f359ed3-becf-4d18-b0a0-f8169dd132e0
2019-09-20 04:50:18,796 [RatisPipelineUtilsThread] INFO  pipeline.PipelinePlacementPolicy (PipelinePlacementPolicy.java:meetCriteria(91)) - Pipeline Placement: Doesn't meet the criteria to be viable node： 376583b5-abad-4180-897e-71183665062e Heaviness: 6 limit: 5
2019-09-20 04:50:18,796 [RatisPipelineUtilsThread] INFO  pipeline.PipelinePlacementPolicy (PipelinePlacementPolicy.java:meetCriteria(91)) - Pipeline Placement: Doesn't meet the criteria to be viable node： c9a37c78-8605-4a88-9b79-5cbe235210f1 Heaviness: 6 limit: 5
2019-09-20 04:50:18,796 [RatisPipelineUtilsThread] INFO  pipeline.PipelinePlacementPolicy (PipelinePlacementPolicy.java:meetCriteria(91)) - Pipeline Placement: Doesn't meet the criteria to be viable node： 42e8bc24-f019-48ef-96ce-72365fee6e4e Heaviness: 6 limit: 5
2019-09-20 04:50:18,796 [IPC Server handler 7 on 38264] INFO  node.SCMNodeManager (SCMNodeManager.java:register(273)) - Registered Data node : 4f359ed3-becf-4d18-b0a0-f8169dd132e0{ip: 192.168.36.79, host: pr-hdds-1569-s8kj2-2266485376, networkLocation: /default-rack, certSerialId: null}
2019-09-20 04:50:18,796 [RatisPipelineUtilsThread] INFO  pipeline.PipelinePlacementPolicy (PipelinePlacementPolicy.java:meetCriteria(91)) - Pipeline Placement: Doesn't meet the criteria to be viable node： b3ecc8dd-01a1-4f26-a416-3a35ccdca24e Heaviness: 6 limit: 5
2019-09-20 04:50:18,797 | INFO  | SCMAudit | user=jenkins1000 | ip=192.168.36.79 | op=REGISTER {datanodeDetails=4f359ed3-becf-4d18-b0a0-f8169dd132e0{ip: 192.168.36.79, host: pr-hdds-1569-s8kj2-2266485376, networkLocation: /default-rack, certSerialId: null}} | ret=SUCCESS |  
2019-09-20 04:50:18,797 [RatisPipelineUtilsThread] INFO  pipeline.PipelinePlacementPolicy (PipelinePlacementPolicy.java:meetCriteria(91)) - Pipeline Placement: Doesn't meet the criteria to be viable node： c8347fee-8d34-4c42-854b-90a05a956525 Heaviness: 6 limit: 5
2019-09-20 04:50:18,797 [RatisPipelineUtilsThread] INFO  pipeline.PipelinePlacementPolicy (PipelinePlacementPolicy.java:meetCriteria(91)) - Pipeline Placement: Doesn't meet the criteria to be viable node： e011d6a7-ac9a-466f-8998-9632cd871284 Heaviness: 6 limit: 5
2019-09-20 04:50:18,810 [grpc-default-executor-1] INFO  impl.RaftServerProxy (RaftServerProxy.java:addNew(89)) - 4f359ed3-becf-4d18-b0a0-f8169dd132e0: addNew group-F21AB03894FB:[4f359ed3-becf-4d18-b0a0-f8169dd132e0:192.168.36.79:45670] returns group-F21AB03894FB:java.util.concurrent.CompletableFuture@3c964c9e[Not completed]
2019-09-20 04:50:18,811 [pool-474-thread-1] INFO  impl.RaftServerImpl (RaftServerImpl.java:<init>(93)) - 4f359ed3-becf-4d18-b0a0-f8169dd132e0: new RaftServerImpl for group-F21AB03894FB:[4f359ed3-becf-4d18-b0a0-f8169dd132e0:192.168.36.79:45670] with ContainerStateMachine:uninitialized
2019-09-20 04:50:18,811 [pool-474-thread-1] INFO  server.RaftServerConfigKeys (ConfUtils.java:logGet(43)) - raft.server.rpc.timeout.min = 5s (custom)
2019-09-20 04:50:18,811 [pool-474-thread-1] INFO  server.RaftServerConfigKeys (ConfUtils.java:logGet(43)) - raft.server.rpc.timeout.max = 5200ms (custom)
2019-09-20 04:50:18,811 [pool-474-thread-1] INFO  server.RaftServerConfigKeys (ConfUtils.java:logGet(43)) - raft.server.rpcslowness.timeout = 120s (custom)
2019-09-20 04:50:18,812 [pool-474-thread-1] INFO  server.RaftServerConfigKeys (ConfUtils.java:logGet(43)) - raft.server.sleep.deviation.threshold = 300 (default)
2019-09-20 04:50:18,812 [pool-474-thread-1] INFO  server.RaftServerConfigKeys (ConfUtils.java:logGet(43)) - raft.server.log.appender.install.snapshot.enabled = false (custom)
2019-09-20 04:50:18,812 [pool-474-thread-1] INFO  impl.RaftServerImpl (ServerState.java:<init>(105)) - 4f359ed3-becf-4d18-b0a0-f8169dd132e0:group-F21AB03894FB ConfigurationManager, init=-1: [4f359ed3-becf-4d18-b0a0-f8169dd132e0:192.168.36.79:45670], old=null, confs=<EMPTY_MAP>
2019-09-20 04:50:18,812 [pool-474-thread-1] INFO  server.RaftServerConfigKeys (ConfUtils.java:logGet(43)) - raft.server.storage.dir = [/workdir/hadoop-ozone/integration-test/target/test-dir/MiniOzoneClusterImpl-5481c8ea-466e-4137-a567-737be5b6f247/datanode-6/data/ratis] (custom)
2019-09-20 04:50:18,812 [pool-474-thread-1] INFO  storage.RaftStorageDirectory (RaftStorageDirectory.java:analyzeStorage(246)) - The storage directory /workdir/hadoop-ozone/integration-test/target/test-dir/MiniOzoneClusterImpl-5481c8ea-466e-4137-a567-737be5b6f247/datanode-6/data/ratis/61ce0305-7d63-486e-b41f-f21ab03894fb does not exist. Creating ...
2019-09-20 04:50:18,840 [pool-474-thread-1] INFO  storage.RaftStorageDirectory (RaftStorageDirectory.java:tryLock(328)) - Lock on /workdir/hadoop-ozone/integration-test/target/test-dir/MiniOzoneClusterImpl-5481c8ea-466e-4137-a567-737be5b6f247/datanode-6/data/ratis/61ce0305-7d63-486e-b41f-f21ab03894fb/in_use.lock acquired by nodename 9457@pr-hdds-1569-s8kj2-2266485376
2019-09-20 04:50:18,858 [pool-474-thread-1] INFO  storage.RaftStorage (RaftStorage.java:format(72)) - Storage directory /workdir/hadoop-ozone/integration-test/target/test-dir/MiniOzoneClusterImpl-5481c8ea-466e-4137-a567-737be5b6f247/datanode-6/data/ratis/61ce0305-7d63-486e-b41f-f21ab03894fb has been successfully formatted.
2019-09-20 04:50:18,858 [pool-474-thread-1] INFO  ratis.ContainerStateMachine (ContainerStateMachine.java:loadSnapshot(226)) - group-F21AB03894FB: The snapshot info is null. Setting the last applied indexto:(t:0, i:~)
2019-09-20 04:50:18,858 [pool-474-thread-1] INFO  server.RaftServerConfigKeys (ConfUtils.java:logGet(43)) - raft.server.leader.election.timeout = 120s (custom)
2019-09-20 04:50:18,858 [pool-474-thread-1] INFO  server.RaftServerConfigKeys (ConfUtils.java:logGet(43)) - raft.server.log.use.memory = false (default)
2019-09-20 04:50:18,858 [pool-474-thread-1] INFO  server.RaftServerConfigKeys (ConfUtils.java:logGet(43)) - raft.server.log.purge.gap = 1000000 (custom)
2019-09-20 04:50:18,858 [pool-474-thread-1] INFO  server.RaftServerConfigKeys (ConfUtils.java:logGet(43)) - raft.server.log.appender.buffer.byte-limit = 33554432 (custom)
2019-09-20 04:50:18,858 [pool-474-thread-1] INFO  server.RaftServerConfigKeys (ConfUtils.java:logGet(43)) - raft.server.log.segment.size.max = 1048576 (custom)
2019-09-20 04:50:18,859 [pool-474-thread-1] INFO  server.RaftServerConfigKeys (ConfUtils.java:logGet(43)) - raft.server.log.segment.cache.num.max = 2 (custom)
2019-09-20 04:50:18,859 [pool-474-thread-1] INFO  segmented.SegmentedRaftLogWorker (SegmentedRaftLogWorker.java:<init>(172)) - new 4f359ed3-becf-4d18-b0a0-f8169dd132e0-SegmentedRaftLogWorker:Storage Directory /workdir/hadoop-ozone/integration-test/target/test-dir/MiniOzoneClusterImpl-5481c8ea-466e-4137-a567-737be5b6f247/datanode-6/data/ratis/61ce0305-7d63-486e-b41f-f21ab03894fb for RaftStorage:Storage Directory /workdir/hadoop-ozone/integration-test/target/test-dir/MiniOzoneClusterImpl-5481c8ea-466e-4137-a567-737be5b6f247/datanode-6/data/ratis/61ce0305-7d63-486e-b41f-f21ab03894fb
2019-09-20 04:50:18,859 [pool-474-thread-1] INFO  server.RaftServerConfigKeys (ConfUtils.java:logGet(43)) - raft.server.log.queue.byte-limit = 2147483647 (custom)
2019-09-20 04:50:18,859 [pool-474-thread-1] INFO  server.RaftServerConfigKeys (ConfUtils.java:logGet(43)) - raft.server.log.queue.element-limit = 1024 (custom)
2019-09-20 04:50:18,859 [pool-474-thread-1] INFO  server.RaftServerConfigKeys (ConfUtils.java:logGet(43)) - raft.server.log.segment.size.max = 1048576 (custom)
2019-09-20 04:50:18,859 [pool-474-thread-1] INFO  server.RaftServerConfigKeys (ConfUtils.java:logGet(43)) - raft.server.log.preallocated.size = 16384 (custom)
2019-09-20 04:50:18,860 [pool-474-thread-1] INFO  server.RaftServerConfigKeys (ConfUtils.java:logGet(43)) - raft.server.log.write.buffer.size = 33554432 (custom)
2019-09-20 04:50:18,860 [pool-474-thread-1] INFO  server.RaftServerConfigKeys (ConfUtils.java:logGet(43)) - raft.server.log.force.sync.num = 128 (default)
2019-09-20 04:50:18,860 [pool-474-thread-1] INFO  server.RaftServerConfigKeys (ConfUtils.java:logGet(43)) - raft.server.log.statemachine.data.sync = true (default)
2019-09-20 04:50:18,860 [pool-474-thread-1] INFO  server.RaftServerConfigKeys (ConfUtils.java:logGet(43)) - raft.server.log.statemachine.data.sync.timeout = 10s (default)
2019-09-20 04:50:18,860 [pool-474-thread-1] INFO  server.RaftServerConfigKeys (ConfUtils.java:logGet(43)) - raft.server.log.statemachine.data.sync.timeout.retry = -1 (default)
2019-09-20 04:50:18,860 [pool-474-thread-1] INFO  server.RaftServerConfigKeys (ConfUtils.java:logGet(43)) - raft.server.log.statemachine.data.caching.enabled = true (custom)
2019-09-20 04:50:18,861 [pool-474-thread-1] INFO  segmented.SegmentedRaftLogWorker (SegmentedRaftLogWorker.java:lambda$new$0(132)) - 4f359ed3-becf-4d18-b0a0-f8169dd132e0-SegmentedRaftLogWorker:Storage Directory /workdir/hadoop-ozone/integration-test/target/test-dir/MiniOzoneClusterImpl-5481c8ea-466e-4137-a567-737be5b6f247/datanode-6/data/ratis/61ce0305-7d63-486e-b41f-f21ab03894fb: flushIndex: setUnconditionally 0 -> -1
2019-09-20 04:50:18,861 [pool-474-thread-1] INFO  server.RaftServerConfigKeys (ConfUtils.java:logGet(43)) - raft.server.snapshot.auto.trigger.enabled = true (custom)
2019-09-20 04:50:18,861 [pool-474-thread-1] INFO  server.RaftServerConfigKeys (ConfUtils.java:logGet(43)) - raft.server.snapshot.auto.trigger.threshold = 10000 (custom)
2019-09-20 04:50:18,861 [pool-474-thread-1] INFO  server.RaftServerConfigKeys (ConfUtils.java:logGet(43)) - raft.server.retrycache.expirytime = 600000ms (custom)
2019-09-20 04:50:18,861 [pool-474-thread-1] INFO  impl.RaftServerImpl (RaftServerImpl.java:start(180)) - 4f359ed3-becf-4d18-b0a0-f8169dd132e0: start group-F21AB03894FB
2019-09-20 04:50:18,861 [pool-474-thread-1] INFO  impl.RaftServerImpl (RaftServerImpl.java:setRole(171)) - 4f359ed3-becf-4d18-b0a0-f8169dd132e0:group-F21AB03894FB changes role from null to FOLLOWER at term 0 for startAsFollower
2019-09-20 04:50:18,862 [pool-474-thread-1] INFO  impl.RoleInfo (RoleInfo.java:updateAndGet(143)) - 4f359ed3-becf-4d18-b0a0-f8169dd132e0: start FollowerState
2019-09-20 04:50:18,862 [pool-474-thread-1] INFO  util.JmxRegister (JmxRegister.java:tryRegister(44)) - Successfully registered JMX Bean with object name Ratis:service=RaftServer,group=group-F21AB03894FB,id=4f359ed3-becf-4d18-b0a0-f8169dd132e0
2019-09-20 04:50:18,864 [RatisPipelineUtilsThread] INFO  pipeline.PipelineStateManager (PipelineStateManager.java:addPipeline(56)) - Created pipeline Pipeline[ Id: 61ce0305-7d63-486e-b41f-f21ab03894fb, Nodes: 4f359ed3-becf-4d18-b0a0-f8169dd132e0{ip: 192.168.36.79, host: pr-hdds-1569-s8kj2-2266485376, networkLocation: /default-rack, certSerialId: null}, Type:RATIS, Factor:ONE, State:OPEN]
2019-09-20 04:50:18,864 [RatisPipelineUtilsThread] INFO  pipeline.PipelinePlacementPolicy (PipelinePlacementPolicy.java:meetCriteria(91)) - Pipeline Placement: Doesn't meet the criteria to be viable node： 376583b5-abad-4180-897e-71183665062e Heaviness: 6 limit: 5
2019-09-20 04:50:18,864 [RatisPipelineUtilsThread] INFO  pipeline.PipelinePlacementPolicy (PipelinePlacementPolicy.java:meetCriteria(91)) - Pipeline Placement: Doesn't meet the criteria to be viable node： c9a37c78-8605-4a88-9b79-5cbe235210f1 Heaviness: 6 limit: 5
2019-09-20 04:50:18,864 [RatisPipelineUtilsThread] INFO  pipeline.PipelinePlacementPolicy (PipelinePlacementPolicy.java:meetCriteria(91)) - Pipeline Placement: Doesn't meet the criteria to be viable node： 42e8bc24-f019-48ef-96ce-72365fee6e4e Heaviness: 6 limit: 5
2019-09-20 04:50:18,864 [RatisPipelineUtilsThread] INFO  pipeline.PipelinePlacementPolicy (PipelinePlacementPolicy.java:meetCriteria(91)) - Pipeline Placement: Doesn't meet the criteria to be viable node： b3ecc8dd-01a1-4f26-a416-3a35ccdca24e Heaviness: 6 limit: 5
2019-09-20 04:50:18,864 [RatisPipelineUtilsThread] INFO  pipeline.PipelinePlacementPolicy (PipelinePlacementPolicy.java:meetCriteria(91)) - Pipeline Placement: Doesn't meet the criteria to be viable node： c8347fee-8d34-4c42-854b-90a05a956525 Heaviness: 6 limit: 5
2019-09-20 04:50:18,864 [RatisPipelineUtilsThread] INFO  pipeline.PipelinePlacementPolicy (PipelinePlacementPolicy.java:meetCriteria(91)) - Pipeline Placement: Doesn't meet the criteria to be viable node： e011d6a7-ac9a-466f-8998-9632cd871284 Heaviness: 6 limit: 5
2019-09-20 04:50:18,868 [grpc-default-executor-1] INFO  impl.RaftServerProxy (RaftServerProxy.java:addNew(89)) - 4f359ed3-becf-4d18-b0a0-f8169dd132e0: addNew group-93C0B5A7F947:[4f359ed3-becf-4d18-b0a0-f8169dd132e0:192.168.36.79:45670] returns group-93C0B5A7F947:java.util.concurrent.CompletableFuture@6789f69a[Not completed]
2019-09-20 04:50:18,869 [pool-474-thread-1] INFO  impl.RaftServerImpl (RaftServerImpl.java:<init>(93)) - 4f359ed3-becf-4d18-b0a0-f8169dd132e0: new RaftServerImpl for group-93C0B5A7F947:[4f359ed3-becf-4d18-b0a0-f8169dd132e0:192.168.36.79:45670] with ContainerStateMachine:uninitialized
2019-09-20 04:50:18,869 [pool-474-thread-1] INFO  server.RaftServerConfigKeys (ConfUtils.java:logGet(43)) - raft.server.rpc.timeout.min = 5s (custom)
2019-09-20 04:50:18,869 [pool-474-thread-1] INFO  server.RaftServerConfigKeys (ConfUtils.java:logGet(43)) - raft.server.rpc.timeout.max = 5200ms (custom)
2019-09-20 04:50:18,869 [pool-474-thread-1] INFO  server.RaftServerConfigKeys (ConfUtils.java:logGet(43)) - raft.server.rpcslowness.timeout = 120s (custom)
2019-09-20 04:50:18,869 [pool-474-thread-1] INFO  server.RaftServerConfigKeys (ConfUtils.java:logGet(43)) - raft.server.sleep.deviation.threshold = 300 (default)
2019-09-20 04:50:18,869 [pool-474-thread-1] INFO  server.RaftServerConfigKeys (ConfUtils.java:logGet(43)) - raft.server.log.appender.install.snapshot.enabled = false (custom)
2019-09-20 04:50:18,869 [pool-474-thread-1] INFO  impl.RaftServerImpl (ServerState.java:<init>(105)) - 4f359ed3-becf-4d18-b0a0-f8169dd132e0:group-93C0B5A7F947 ConfigurationManager, init=-1: [4f359ed3-becf-4d18-b0a0-f8169dd132e0:192.168.36.79:45670], old=null, confs=<EMPTY_MAP>
2019-09-20 04:50:18,870 [pool-474-thread-1] INFO  server.RaftServerConfigKeys (ConfUtils.java:logGet(43)) - raft.server.storage.dir = [/workdir/hadoop-ozone/integration-test/target/test-dir/MiniOzoneClusterImpl-5481c8ea-466e-4137-a567-737be5b6f247/datanode-6/data/ratis] (custom)
2019-09-20 04:50:18,870 [pool-474-thread-1] INFO  storage.RaftStorageDirectory (RaftStorageDirectory.java:analyzeStorage(246)) - The storage directory /workdir/hadoop-ozone/integration-test/target/test-dir/MiniOzoneClusterImpl-5481c8ea-466e-4137-a567-737be5b6f247/datanode-6/data/ratis/f105c46c-d2da-484d-a02d-93c0b5a7f947 does not exist. Creating ...
2019-09-20 04:50:18,916 [pool-474-thread-1] INFO  storage.RaftStorageDirectory (RaftStorageDirectory.java:tryLock(328)) - Lock on /workdir/hadoop-ozone/integration-test/target/test-dir/MiniOzoneClusterImpl-5481c8ea-466e-4137-a567-737be5b6f247/datanode-6/data/ratis/f105c46c-d2da-484d-a02d-93c0b5a7f947/in_use.lock acquired by nodename 9457@pr-hdds-1569-s8kj2-2266485376
2019-09-20 04:50:18,942 [pool-474-thread-1] INFO  storage.RaftStorage (RaftStorage.java:format(72)) - Storage directory /workdir/hadoop-ozone/integration-test/target/test-dir/MiniOzoneClusterImpl-5481c8ea-466e-4137-a567-737be5b6f247/datanode-6/data/ratis/f105c46c-d2da-484d-a02d-93c0b5a7f947 has been successfully formatted.
2019-09-20 04:50:18,942 [pool-474-thread-1] INFO  ratis.ContainerStateMachine (ContainerStateMachine.java:loadSnapshot(226)) - group-93C0B5A7F947: The snapshot info is null. Setting the last applied indexto:(t:0, i:~)
2019-09-20 04:50:18,942 [pool-474-thread-1] INFO  server.RaftServerConfigKeys (ConfUtils.java:logGet(43)) - raft.server.leader.election.timeout = 120s (custom)
2019-09-20 04:50:18,942 [pool-474-thread-1] INFO  server.RaftServerConfigKeys (ConfUtils.java:logGet(43)) - raft.server.log.use.memory = false (default)
2019-09-20 04:50:18,942 [pool-474-thread-1] INFO  server.RaftServerConfigKeys (ConfUtils.java:logGet(43)) - raft.server.log.purge.gap = 1000000 (custom)
2019-09-20 04:50:18,942 [pool-474-thread-1] INFO  server.RaftServerConfigKeys (ConfUtils.java:logGet(43)) - raft.server.log.appender.buffer.byte-limit = 33554432 (custom)
2019-09-20 04:50:18,943 [pool-474-thread-1] INFO  server.RaftServerConfigKeys (ConfUtils.java:logGet(43)) - raft.server.log.segment.size.max = 1048576 (custom)
2019-09-20 04:50:18,943 [pool-474-thread-1] INFO  server.RaftServerConfigKeys (ConfUtils.java:logGet(43)) - raft.server.log.segment.cache.num.max = 2 (custom)
2019-09-20 04:50:18,943 [pool-474-thread-1] INFO  segmented.SegmentedRaftLogWorker (SegmentedRaftLogWorker.java:<init>(172)) - new 4f359ed3-becf-4d18-b0a0-f8169dd132e0-SegmentedRaftLogWorker:Storage Directory /workdir/hadoop-ozone/integration-test/target/test-dir/MiniOzoneClusterImpl-5481c8ea-466e-4137-a567-737be5b6f247/datanode-6/data/ratis/f105c46c-d2da-484d-a02d-93c0b5a7f947 for RaftStorage:Storage Directory /workdir/hadoop-ozone/integration-test/target/test-dir/MiniOzoneClusterImpl-5481c8ea-466e-4137-a567-737be5b6f247/datanode-6/data/ratis/f105c46c-d2da-484d-a02d-93c0b5a7f947
2019-09-20 04:50:18,943 [pool-474-thread-1] INFO  server.RaftServerConfigKeys (ConfUtils.java:logGet(43)) - raft.server.log.queue.byte-limit = 2147483647 (custom)
2019-09-20 04:50:18,943 [pool-474-thread-1] INFO  server.RaftServerConfigKeys (ConfUtils.java:logGet(43)) - raft.server.log.queue.element-limit = 1024 (custom)
2019-09-20 04:50:18,943 [pool-474-thread-1] INFO  server.RaftServerConfigKeys (ConfUtils.java:logGet(43)) - raft.server.log.segment.size.max = 1048576 (custom)
2019-09-20 04:50:18,943 [pool-474-thread-1] INFO  server.RaftServerConfigKeys (ConfUtils.java:logGet(43)) - raft.server.log.preallocated.size = 16384 (custom)
2019-09-20 04:50:18,944 [pool-474-thread-1] INFO  server.RaftServerConfigKeys (ConfUtils.java:logGet(43)) - raft.server.log.write.buffer.size = 33554432 (custom)
2019-09-20 04:50:18,944 [pool-474-thread-1] INFO  server.RaftServerConfigKeys (ConfUtils.java:logGet(43)) - raft.server.log.force.sync.num = 128 (default)
2019-09-20 04:50:18,944 [pool-474-thread-1] INFO  server.RaftServerConfigKeys (ConfUtils.java:logGet(43)) - raft.server.log.statemachine.data.sync = true (default)
2019-09-20 04:50:18,944 [pool-474-thread-1] INFO  server.RaftServerConfigKeys (ConfUtils.java:logGet(43)) - raft.server.log.statemachine.data.sync.timeout = 10s (default)
2019-09-20 04:50:18,944 [pool-474-thread-1] INFO  server.RaftServerConfigKeys (ConfUtils.java:logGet(43)) - raft.server.log.statemachine.data.sync.timeout.retry = -1 (default)
2019-09-20 04:50:18,944 [pool-474-thread-1] INFO  server.RaftServerConfigKeys (ConfUtils.java:logGet(43)) - raft.server.log.statemachine.data.caching.enabled = true (custom)
2019-09-20 04:50:18,944 [pool-474-thread-1] INFO  segmented.SegmentedRaftLogWorker (SegmentedRaftLogWorker.java:lambda$new$0(132)) - 4f359ed3-becf-4d18-b0a0-f8169dd132e0-SegmentedRaftLogWorker:Storage Directory /workdir/hadoop-ozone/integration-test/target/test-dir/MiniOzoneClusterImpl-5481c8ea-466e-4137-a567-737be5b6f247/datanode-6/data/ratis/f105c46c-d2da-484d-a02d-93c0b5a7f947: flushIndex: setUnconditionally 0 -> -1
2019-09-20 04:50:18,945 [pool-474-thread-1] INFO  server.RaftServerConfigKeys (ConfUtils.java:logGet(43)) - raft.server.snapshot.auto.trigger.enabled = true (custom)
2019-09-20 04:50:18,945 [pool-474-thread-1] INFO  server.RaftServerConfigKeys (ConfUtils.java:logGet(43)) - raft.server.snapshot.auto.trigger.threshold = 10000 (custom)
2019-09-20 04:50:18,945 [pool-474-thread-1] INFO  server.RaftServerConfigKeys (ConfUtils.java:logGet(43)) - raft.server.retrycache.expirytime = 600000ms (custom)
2019-09-20 04:50:18,945 [pool-474-thread-1] INFO  impl.RaftServerImpl (RaftServerImpl.java:start(180)) - 4f359ed3-becf-4d18-b0a0-f8169dd132e0: start group-93C0B5A7F947
2019-09-20 04:50:18,945 [pool-474-thread-1] INFO  impl.RaftServerImpl (RaftServerImpl.java:setRole(171)) - 4f359ed3-becf-4d18-b0a0-f8169dd132e0:group-93C0B5A7F947 changes role from null to FOLLOWER at term 0 for startAsFollower
2019-09-20 04:50:18,946 [pool-474-thread-1] INFO  impl.RoleInfo (RoleInfo.java:updateAndGet(143)) - 4f359ed3-becf-4d18-b0a0-f8169dd132e0: start FollowerState
2019-09-20 04:50:18,946 [pool-474-thread-1] INFO  util.JmxRegister (JmxRegister.java:tryRegister(44)) - Successfully registered JMX Bean with object name Ratis:service=RaftServer,group=group-93C0B5A7F947,id=4f359ed3-becf-4d18-b0a0-f8169dd132e0
2019-09-20 04:50:18,948 [RatisPipelineUtilsThread] INFO  pipeline.PipelineStateManager (PipelineStateManager.java:addPipeline(56)) - Created pipeline Pipeline[ Id: f105c46c-d2da-484d-a02d-93c0b5a7f947, Nodes: 4f359ed3-becf-4d18-b0a0-f8169dd132e0{ip: 192.168.36.79, host: pr-hdds-1569-s8kj2-2266485376, networkLocation: /default-rack, certSerialId: null}, Type:RATIS, Factor:ONE, State:OPEN]
2019-09-20 04:50:18,948 [RatisPipelineUtilsThread] INFO  pipeline.PipelinePlacementPolicy (PipelinePlacementPolicy.java:meetCriteria(91)) - Pipeline Placement: Doesn't meet the criteria to be viable node： 376583b5-abad-4180-897e-71183665062e Heaviness: 6 limit: 5
2019-09-20 04:50:18,948 [RatisPipelineUtilsThread] INFO  pipeline.PipelinePlacementPolicy (PipelinePlacementPolicy.java:meetCriteria(91)) - Pipeline Placement: Doesn't meet the criteria to be viable node： c9a37c78-8605-4a88-9b79-5cbe235210f1 Heaviness: 6 limit: 5
2019-09-20 04:50:18,948 [RatisPipelineUtilsThread] INFO  pipeline.PipelinePlacementPolicy (PipelinePlacementPolicy.java:meetCriteria(91)) - Pipeline Placement: Doesn't meet the criteria to be viable node： 42e8bc24-f019-48ef-96ce-72365fee6e4e Heaviness: 6 limit: 5
2019-09-20 04:50:18,949 [RatisPipelineUtilsThread] INFO  pipeline.PipelinePlacementPolicy (PipelinePlacementPolicy.java:meetCriteria(91)) - Pipeline Placement: Doesn't meet the criteria to be viable node： b3ecc8dd-01a1-4f26-a416-3a35ccdca24e Heaviness: 6 limit: 5
2019-09-20 04:50:18,949 [RatisPipelineUtilsThread] INFO  pipeline.PipelinePlacementPolicy (PipelinePlacementPolicy.java:meetCriteria(91)) - Pipeline Placement: Doesn't meet the criteria to be viable node： c8347fee-8d34-4c42-854b-90a05a956525 Heaviness: 6 limit: 5
2019-09-20 04:50:18,949 [RatisPipelineUtilsThread] INFO  pipeline.PipelinePlacementPolicy (PipelinePlacementPolicy.java:meetCriteria(91)) - Pipeline Placement: Doesn't meet the criteria to be viable node： e011d6a7-ac9a-466f-8998-9632cd871284 Heaviness: 6 limit: 5
2019-09-20 04:50:18,953 [grpc-default-executor-1] INFO  impl.RaftServerProxy (RaftServerProxy.java:addNew(89)) - 4f359ed3-becf-4d18-b0a0-f8169dd132e0: addNew group-A2731EB2856E:[4f359ed3-becf-4d18-b0a0-f8169dd132e0:192.168.36.79:45670] returns group-A2731EB2856E:java.util.concurrent.CompletableFuture@3a2ac088[Not completed]
2019-09-20 04:50:18,953 [pool-474-thread-1] INFO  impl.RaftServerImpl (RaftServerImpl.java:<init>(93)) - 4f359ed3-becf-4d18-b0a0-f8169dd132e0: new RaftServerImpl for group-A2731EB2856E:[4f359ed3-becf-4d18-b0a0-f8169dd132e0:192.168.36.79:45670] with ContainerStateMachine:uninitialized
2019-09-20 04:50:18,954 [pool-474-thread-1] INFO  server.RaftServerConfigKeys (ConfUtils.java:logGet(43)) - raft.server.rpc.timeout.min = 5s (custom)
2019-09-20 04:50:18,954 [pool-474-thread-1] INFO  server.RaftServerConfigKeys (ConfUtils.java:logGet(43)) - raft.server.rpc.timeout.max = 5200ms (custom)
2019-09-20 04:50:18,954 [pool-474-thread-1] INFO  server.RaftServerConfigKeys (ConfUtils.java:logGet(43)) - raft.server.rpcslowness.timeout = 120s (custom)
2019-09-20 04:50:18,954 [pool-474-thread-1] INFO  server.RaftServerConfigKeys (ConfUtils.java:logGet(43)) - raft.server.sleep.deviation.threshold = 300 (default)
2019-09-20 04:50:18,954 [pool-474-thread-1] INFO  server.RaftServerConfigKeys (ConfUtils.java:logGet(43)) - raft.server.log.appender.install.snapshot.enabled = false (custom)
2019-09-20 04:50:18,954 [pool-474-thread-1] INFO  impl.RaftServerImpl (ServerState.java:<init>(105)) - 4f359ed3-becf-4d18-b0a0-f8169dd132e0:group-A2731EB2856E ConfigurationManager, init=-1: [4f359ed3-becf-4d18-b0a0-f8169dd132e0:192.168.36.79:45670], old=null, confs=<EMPTY_MAP>
2019-09-20 04:50:18,954 [pool-474-thread-1] INFO  server.RaftServerConfigKeys (ConfUtils.java:logGet(43)) - raft.server.storage.dir = [/workdir/hadoop-ozone/integration-test/target/test-dir/MiniOzoneClusterImpl-5481c8ea-466e-4137-a567-737be5b6f247/datanode-6/data/ratis] (custom)
2019-09-20 04:50:18,955 [pool-474-thread-1] INFO  storage.RaftStorageDirectory (RaftStorageDirectory.java:analyzeStorage(246)) - The storage directory /workdir/hadoop-ozone/integration-test/target/test-dir/MiniOzoneClusterImpl-5481c8ea-466e-4137-a567-737be5b6f247/datanode-6/data/ratis/0d58c47f-c4c1-4431-a13e-a2731eb2856e does not exist. Creating ...
2019-09-20 04:50:18,984 [pool-474-thread-1] INFO  storage.RaftStorageDirectory (RaftStorageDirectory.java:tryLock(328)) - Lock on /workdir/hadoop-ozone/integration-test/target/test-dir/MiniOzoneClusterImpl-5481c8ea-466e-4137-a567-737be5b6f247/datanode-6/data/ratis/0d58c47f-c4c1-4431-a13e-a2731eb2856e/in_use.lock acquired by nodename 9457@pr-hdds-1569-s8kj2-2266485376
2019-09-20 04:50:19,009 [pool-474-thread-1] INFO  storage.RaftStorage (RaftStorage.java:format(72)) - Storage directory /workdir/hadoop-ozone/integration-test/target/test-dir/MiniOzoneClusterImpl-5481c8ea-466e-4137-a567-737be5b6f247/datanode-6/data/ratis/0d58c47f-c4c1-4431-a13e-a2731eb2856e has been successfully formatted.
2019-09-20 04:50:19,009 [pool-474-thread-1] INFO  ratis.ContainerStateMachine (ContainerStateMachine.java:loadSnapshot(226)) - group-A2731EB2856E: The snapshot info is null. Setting the last applied indexto:(t:0, i:~)
2019-09-20 04:50:19,010 [pool-474-thread-1] INFO  server.RaftServerConfigKeys (ConfUtils.java:logGet(43)) - raft.server.leader.election.timeout = 120s (custom)
2019-09-20 04:50:19,010 [pool-474-thread-1] INFO  server.RaftServerConfigKeys (ConfUtils.java:logGet(43)) - raft.server.log.use.memory = false (default)
2019-09-20 04:50:19,010 [pool-474-thread-1] INFO  server.RaftServerConfigKeys (ConfUtils.java:logGet(43)) - raft.server.log.purge.gap = 1000000 (custom)
2019-09-20 04:50:19,010 [pool-474-thread-1] INFO  server.RaftServerConfigKeys (ConfUtils.java:logGet(43)) - raft.server.log.appender.buffer.byte-limit = 33554432 (custom)
2019-09-20 04:50:19,010 [pool-474-thread-1] INFO  server.RaftServerConfigKeys (ConfUtils.java:logGet(43)) - raft.server.log.segment.size.max = 1048576 (custom)
2019-09-20 04:50:19,010 [pool-474-thread-1] INFO  server.RaftServerConfigKeys (ConfUtils.java:logGet(43)) - raft.server.log.segment.cache.num.max = 2 (custom)
2019-09-20 04:50:19,011 [pool-474-thread-1] INFO  segmented.SegmentedRaftLogWorker (SegmentedRaftLogWorker.java:<init>(172)) - new 4f359ed3-becf-4d18-b0a0-f8169dd132e0-SegmentedRaftLogWorker:Storage Directory /workdir/hadoop-ozone/integration-test/target/test-dir/MiniOzoneClusterImpl-5481c8ea-466e-4137-a567-737be5b6f247/datanode-6/data/ratis/0d58c47f-c4c1-4431-a13e-a2731eb2856e for RaftStorage:Storage Directory /workdir/hadoop-ozone/integration-test/target/test-dir/MiniOzoneClusterImpl-5481c8ea-466e-4137-a567-737be5b6f247/datanode-6/data/ratis/0d58c47f-c4c1-4431-a13e-a2731eb2856e
2019-09-20 04:50:19,011 [pool-474-thread-1] INFO  server.RaftServerConfigKeys (ConfUtils.java:logGet(43)) - raft.server.log.queue.byte-limit = 2147483647 (custom)
2019-09-20 04:50:19,011 [pool-474-thread-1] INFO  server.RaftServerConfigKeys (ConfUtils.java:logGet(43)) - raft.server.log.queue.element-limit = 1024 (custom)
2019-09-20 04:50:19,011 [pool-474-thread-1] INFO  server.RaftServerConfigKeys (ConfUtils.java:logGet(43)) - raft.server.log.segment.size.max = 1048576 (custom)
2019-09-20 04:50:19,011 [pool-474-thread-1] INFO  server.RaftServerConfigKeys (ConfUtils.java:logGet(43)) - raft.server.log.preallocated.size = 16384 (custom)
2019-09-20 04:50:19,011 [pool-474-thread-1] INFO  server.RaftServerConfigKeys (ConfUtils.java:logGet(43)) - raft.server.log.write.buffer.size = 33554432 (custom)
2019-09-20 04:50:19,011 [pool-474-thread-1] INFO  server.RaftServerConfigKeys (ConfUtils.java:logGet(43)) - raft.server.log.force.sync.num = 128 (default)
2019-09-20 04:50:19,012 [pool-474-thread-1] INFO  server.RaftServerConfigKeys (ConfUtils.java:logGet(43)) - raft.server.log.statemachine.data.sync = true (default)
2019-09-20 04:50:19,012 [pool-474-thread-1] INFO  server.RaftServerConfigKeys (ConfUtils.java:logGet(43)) - raft.server.log.statemachine.data.sync.timeout = 10s (default)
2019-09-20 04:50:19,012 [pool-474-thread-1] INFO  server.RaftServerConfigKeys (ConfUtils.java:logGet(43)) - raft.server.log.statemachine.data.sync.timeout.retry = -1 (default)
2019-09-20 04:50:19,012 [pool-474-thread-1] INFO  server.RaftServerConfigKeys (ConfUtils.java:logGet(43)) - raft.server.log.statemachine.data.caching.enabled = true (custom)
2019-09-20 04:50:19,012 [pool-474-thread-1] INFO  segmented.SegmentedRaftLogWorker (SegmentedRaftLogWorker.java:lambda$new$0(132)) - 4f359ed3-becf-4d18-b0a0-f8169dd132e0-SegmentedRaftLogWorker:Storage Directory /workdir/hadoop-ozone/integration-test/target/test-dir/MiniOzoneClusterImpl-5481c8ea-466e-4137-a567-737be5b6f247/datanode-6/data/ratis/0d58c47f-c4c1-4431-a13e-a2731eb2856e: flushIndex: setUnconditionally 0 -> -1
2019-09-20 04:50:19,013 [pool-474-thread-1] INFO  server.RaftServerConfigKeys (ConfUtils.java:logGet(43)) - raft.server.snapshot.auto.trigger.enabled = true (custom)
2019-09-20 04:50:19,013 [pool-474-thread-1] INFO  server.RaftServerConfigKeys (ConfUtils.java:logGet(43)) - raft.server.snapshot.auto.trigger.threshold = 10000 (custom)
2019-09-20 04:50:19,013 [pool-474-thread-1] INFO  server.RaftServerConfigKeys (ConfUtils.java:logGet(43)) - raft.server.retrycache.expirytime = 600000ms (custom)
2019-09-20 04:50:19,013 [pool-474-thread-1] INFO  impl.RaftServerImpl (RaftServerImpl.java:start(180)) - 4f359ed3-becf-4d18-b0a0-f8169dd132e0: start group-A2731EB2856E
2019-09-20 04:50:19,013 [pool-474-thread-1] INFO  impl.RaftServerImpl (RaftServerImpl.java:setRole(171)) - 4f359ed3-becf-4d18-b0a0-f8169dd132e0:group-A2731EB2856E changes role from null to FOLLOWER at term 0 for startAsFollower
2019-09-20 04:50:19,013 [pool-474-thread-1] INFO  impl.RoleInfo (RoleInfo.java:updateAndGet(143)) - 4f359ed3-becf-4d18-b0a0-f8169dd132e0: start FollowerState
2019-09-20 04:50:19,014 [pool-474-thread-1] INFO  util.JmxRegister (JmxRegister.java:tryRegister(44)) - Successfully registered JMX Bean with object name Ratis:service=RaftServer,group=group-A2731EB2856E,id=4f359ed3-becf-4d18-b0a0-f8169dd132e0
2019-09-20 04:50:19,018 [RatisPipelineUtilsThread] INFO  pipeline.PipelineStateManager (PipelineStateManager.java:addPipeline(56)) - Created pipeline Pipeline[ Id: 0d58c47f-c4c1-4431-a13e-a2731eb2856e, Nodes: 4f359ed3-becf-4d18-b0a0-f8169dd132e0{ip: 192.168.36.79, host: pr-hdds-1569-s8kj2-2266485376, networkLocation: /default-rack, certSerialId: null}, Type:RATIS, Factor:ONE, State:OPEN]
2019-09-20 04:50:19,018 [RatisPipelineUtilsThread] INFO  pipeline.PipelinePlacementPolicy (PipelinePlacementPolicy.java:meetCriteria(91)) - Pipeline Placement: Doesn't meet the criteria to be viable node： 376583b5-abad-4180-897e-71183665062e Heaviness: 6 limit: 5
2019-09-20 04:50:19,018 [RatisPipelineUtilsThread] INFO  pipeline.PipelinePlacementPolicy (PipelinePlacementPolicy.java:meetCriteria(91)) - Pipeline Placement: Doesn't meet the criteria to be viable node： c9a37c78-8605-4a88-9b79-5cbe235210f1 Heaviness: 6 limit: 5
2019-09-20 04:50:19,018 [RatisPipelineUtilsThread] INFO  pipeline.PipelinePlacementPolicy (PipelinePlacementPolicy.java:meetCriteria(91)) - Pipeline Placement: Doesn't meet the criteria to be viable node： 42e8bc24-f019-48ef-96ce-72365fee6e4e Heaviness: 6 limit: 5
2019-09-20 04:50:19,018 [RatisPipelineUtilsThread] INFO  pipeline.PipelinePlacementPolicy (PipelinePlacementPolicy.java:meetCriteria(91)) - Pipeline Placement: Doesn't meet the criteria to be viable node： b3ecc8dd-01a1-4f26-a416-3a35ccdca24e Heaviness: 6 limit: 5
2019-09-20 04:50:19,018 [RatisPipelineUtilsThread] INFO  pipeline.PipelinePlacementPolicy (PipelinePlacementPolicy.java:meetCriteria(91)) - Pipeline Placement: Doesn't meet the criteria to be viable node： c8347fee-8d34-4c42-854b-90a05a956525 Heaviness: 6 limit: 5
2019-09-20 04:50:19,019 [RatisPipelineUtilsThread] INFO  pipeline.PipelinePlacementPolicy (PipelinePlacementPolicy.java:meetCriteria(91)) - Pipeline Placement: Doesn't meet the criteria to be viable node： e011d6a7-ac9a-466f-8998-9632cd871284 Heaviness: 6 limit: 5
2019-09-20 04:50:19,023 [grpc-default-executor-1] INFO  impl.RaftServerProxy (RaftServerProxy.java:addNew(89)) - 4f359ed3-becf-4d18-b0a0-f8169dd132e0: addNew group-CFC4CB0745FC:[4f359ed3-becf-4d18-b0a0-f8169dd132e0:192.168.36.79:45670] returns group-CFC4CB0745FC:java.util.concurrent.CompletableFuture@6015802d[Not completed]
2019-09-20 04:50:19,023 [pool-474-thread-1] INFO  impl.RaftServerImpl (RaftServerImpl.java:<init>(93)) - 4f359ed3-becf-4d18-b0a0-f8169dd132e0: new RaftServerImpl for group-CFC4CB0745FC:[4f359ed3-becf-4d18-b0a0-f8169dd132e0:192.168.36.79:45670] with ContainerStateMachine:uninitialized
2019-09-20 04:50:19,024 [pool-474-thread-1] INFO  server.RaftServerConfigKeys (ConfUtils.java:logGet(43)) - raft.server.rpc.timeout.min = 5s (custom)
2019-09-20 04:50:19,024 [pool-474-thread-1] INFO  server.RaftServerConfigKeys (ConfUtils.java:logGet(43)) - raft.server.rpc.timeout.max = 5200ms (custom)
2019-09-20 04:50:19,024 [pool-474-thread-1] INFO  server.RaftServerConfigKeys (ConfUtils.java:logGet(43)) - raft.server.rpcslowness.timeout = 120s (custom)
2019-09-20 04:50:19,024 [pool-474-thread-1] INFO  server.RaftServerConfigKeys (ConfUtils.java:logGet(43)) - raft.server.sleep.deviation.threshold = 300 (default)
2019-09-20 04:50:19,024 [pool-474-thread-1] INFO  server.RaftServerConfigKeys (ConfUtils.java:logGet(43)) - raft.server.log.appender.install.snapshot.enabled = false (custom)
2019-09-20 04:50:19,024 [pool-474-thread-1] INFO  impl.RaftServerImpl (ServerState.java:<init>(105)) - 4f359ed3-becf-4d18-b0a0-f8169dd132e0:group-CFC4CB0745FC ConfigurationManager, init=-1: [4f359ed3-becf-4d18-b0a0-f8169dd132e0:192.168.36.79:45670], old=null, confs=<EMPTY_MAP>
2019-09-20 04:50:19,024 [pool-474-thread-1] INFO  server.RaftServerConfigKeys (ConfUtils.java:logGet(43)) - raft.server.storage.dir = [/workdir/hadoop-ozone/integration-test/target/test-dir/MiniOzoneClusterImpl-5481c8ea-466e-4137-a567-737be5b6f247/datanode-6/data/ratis] (custom)
2019-09-20 04:50:19,025 [pool-474-thread-1] INFO  storage.RaftStorageDirectory (RaftStorageDirectory.java:analyzeStorage(246)) - The storage directory /workdir/hadoop-ozone/integration-test/target/test-dir/MiniOzoneClusterImpl-5481c8ea-466e-4137-a567-737be5b6f247/datanode-6/data/ratis/5d8732ee-c38f-4235-ac2b-cfc4cb0745fc does not exist. Creating ...
2019-09-20 04:50:19,032 | INFO  | SCMAudit | user=jenkins1000 | ip=192.168.36.79 | op=SEND_HEARTBEAT {datanodeUUID=eaf3ecbe-c3b1-4969-ad3a-e4de7fb04f81, command=[]} | ret=SUCCESS |  
2019-09-20 04:50:19,032 | INFO  | SCMAudit | user=jenkins1000 | ip=192.168.36.79 | op=SEND_HEARTBEAT {datanodeUUID=236eed40-dd97-4fdc-a0ae-ab99685a426b, command=[]} | ret=SUCCESS |  
2019-09-20 04:50:19,032 | INFO  | SCMAudit | user=jenkins1000 | ip=192.168.36.79 | op=SEND_HEARTBEAT {datanodeUUID=1d91ad97-6666-4ee7-855a-8b5e944e7401, command=[]} | ret=SUCCESS |  
2019-09-20 04:50:19,051 | INFO  | SCMAudit | user=jenkins1000 | ip=192.168.36.79 | op=SEND_HEARTBEAT {datanodeUUID=d5424862-00f5-4f26-882d-9249b213a1ef, command=[]} | ret=SUCCESS |  
2019-09-20 04:50:19,051 [pool-474-thread-1] INFO  storage.RaftStorageDirectory (RaftStorageDirectory.java:tryLock(328)) - Lock on /workdir/hadoop-ozone/integration-test/target/test-dir/MiniOzoneClusterImpl-5481c8ea-466e-4137-a567-737be5b6f247/datanode-6/data/ratis/5d8732ee-c38f-4235-ac2b-cfc4cb0745fc/in_use.lock acquired by nodename 9457@pr-hdds-1569-s8kj2-2266485376
2019-09-20 04:50:19,052 | INFO  | SCMAudit | user=jenkins1000 | ip=192.168.36.79 | op=SEND_HEARTBEAT {datanodeUUID=db7872a1-bd52-4e68-8953-a9abbb9642a5, command=[]} | ret=SUCCESS |  
2019-09-20 04:50:19,052 | INFO  | SCMAudit | user=jenkins1000 | ip=192.168.36.79 | op=SEND_HEARTBEAT {datanodeUUID=42fc6e92-fcdd-4827-b621-9fc58a3d2315, command=[]} | ret=SUCCESS |  
2019-09-20 04:50:19,053 | INFO  | SCMAudit | user=jenkins1000 | ip=192.168.36.79 | op=SEND_HEARTBEAT {datanodeUUID=c9787825-ea51-4014-8feb-b4ee136c6b23, command=[]} | ret=SUCCESS |  
2019-09-20 04:50:19,053 | INFO  | SCMAudit | user=jenkins1000 | ip=192.168.36.79 | op=SEND_HEARTBEAT {datanodeUUID=3c2a6bfe-f5c5-4e23-89b0-850dab17697d, command=[]} | ret=SUCCESS |  
2019-09-20 04:50:19,053 | INFO  | SCMAudit | user=jenkins1000 | ip=192.168.36.79 | op=SEND_HEARTBEAT {datanodeUUID=fdbc37f2-9e58-4bac-a5d5-a78839d012e9, command=[]} | ret=SUCCESS |  
2019-09-20 04:50:19,053 | INFO  | SCMAudit | user=jenkins1000 | ip=192.168.36.79 | op=SEND_HEARTBEAT {datanodeUUID=a9bc59c4-b792-48d5-9db2-4e71770477b1, command=[]} | ret=SUCCESS |  
2019-09-20 04:50:19,053 | INFO  | SCMAudit | user=jenkins1000 | ip=192.168.36.79 | op=SEND_HEARTBEAT {datanodeUUID=5ea19b84-5385-4ae9-8412-c4cfa929b172, command=[]} | ret=SUCCESS |  
2019-09-20 04:50:19,054 | INFO  | SCMAudit | user=jenkins1000 | ip=192.168.36.79 | op=SEND_HEARTBEAT {datanodeUUID=6a6ac22f-fdb0-4283-a89a-a8bc92b139ca, command=[]} | ret=SUCCESS |  
2019-09-20 04:50:19,055 | INFO  | SCMAudit | user=jenkins1000 | ip=192.168.36.79 | op=SEND_HEARTBEAT {datanodeUUID=eb30d72f-c0a8-4ecb-bfee-9120a9a6cddf, command=[]} | ret=SUCCESS |  
2019-09-20 04:50:19,055 | INFO  | SCMAudit | user=jenkins1000 | ip=192.168.36.79 | op=SEND_HEARTBEAT {datanodeUUID=8538cd65-7926-426b-8bad-fbd0f0550f9a, command=[]} | ret=SUCCESS |  
2019-09-20 04:50:19,055 | INFO  | SCMAudit | user=jenkins1000 | ip=192.168.36.79 | op=SEND_HEARTBEAT {datanodeUUID=c82e94d7-3693-4569-94b0-cf8ff008d5c0, command=[]} | ret=SUCCESS |  
2019-09-20 04:50:19,055 | INFO  | SCMAudit | user=jenkins1000 | ip=192.168.36.79 | op=SEND_HEARTBEAT {datanodeUUID=ba95d636-ac34-4b74-a102-dec8d0f377c6, command=[]} | ret=SUCCESS |  
2019-09-20 04:50:19,055 | INFO  | SCMAudit | user=jenkins1000 | ip=192.168.36.79 | op=SEND_HEARTBEAT {datanodeUUID=2d6465ef-cffa-473a-a4c6-a9aa3f1a26c0, command=[]} | ret=SUCCESS |  
2019-09-20 04:50:19,055 | INFO  | SCMAudit | user=jenkins1000 | ip=192.168.36.79 | op=SEND_HEARTBEAT {datanodeUUID=68a93ad8-b6a8-44e1-8a9f-45fcc58d229a, command=[]} | ret=SUCCESS |  
2019-09-20 04:50:19,055 | INFO  | SCMAudit | user=jenkins1000 | ip=192.168.36.79 | op=SEND_HEARTBEAT {datanodeUUID=1b138595-92e4-4592-9dfc-2bb97fb4c88b, command=[]} | ret=SUCCESS |  
2019-09-20 04:50:19,055 | INFO  | SCMAudit | user=jenkins1000 | ip=192.168.36.79 | op=SEND_HEARTBEAT {datanodeUUID=2702b462-69d8-4c1b-aae1-091a21fe08b8, command=[]} | ret=SUCCESS |  
2019-09-20 04:50:19,055 | INFO  | SCMAudit | user=jenkins1000 | ip=192.168.36.79 | op=SEND_HEARTBEAT {datanodeUUID=8d97392c-5f4b-400a-94a1-fb61a3ebbc99, command=[]} | ret=SUCCESS |  
2019-09-20 04:50:19,055 | INFO  | SCMAudit | user=jenkins1000 | ip=192.168.36.79 | op=SEND_HEARTBEAT {datanodeUUID=0ad3f89e-804f-4845-89c5-5ff1a35a5dda, command=[]} | ret=SUCCESS |  
2019-09-20 04:50:19,056 | INFO  | SCMAudit | user=jenkins1000 | ip=192.168.36.79 | op=SEND_HEARTBEAT {datanodeUUID=bd1a845e-f2ed-4713-9516-9ccc20139040, command=[]} | ret=SUCCESS |  
2019-09-20 04:50:19,056 | INFO  | SCMAudit | user=jenkins1000 | ip=192.168.36.79 | op=SEND_HEARTBEAT {datanodeUUID=dba845b8-ea76-4e09-ab03-0883d354e493, command=[]} | ret=SUCCESS |  
2019-09-20 04:50:19,056 | INFO  | SCMAudit | user=jenkins1000 | ip=192.168.36.79 | op=SEND_HEARTBEAT {datanodeUUID=c4f6294c-eda3-4afd-81f7-e69ed14da69f, command=[]} | ret=SUCCESS |  
2019-09-20 04:50:19,056 | INFO  | SCMAudit | user=jenkins1000 | ip=192.168.36.79 | op=SEND_HEARTBEAT {datanodeUUID=ea71b9af-1075-4196-9693-aa14e10f536d, command=[]} | ret=SUCCESS |  
2019-09-20 04:50:19,059 | INFO  | SCMAudit | user=jenkins1000 | ip=192.168.36.79 | op=SEND_HEARTBEAT {datanodeUUID=37fe2768-1af7-42e7-8542-10b932802b02, command=[]} | ret=SUCCESS |  
2019-09-20 04:50:19,062 | INFO  | SCMAudit | user=jenkins1000 | ip=192.168.36.79 | op=SEND_HEARTBEAT {datanodeUUID=f4e549ee-a6fa-4eb9-8541-129d0566fdf5, command=[]} | ret=SUCCESS |  
2019-09-20 04:50:19,063 | INFO  | SCMAudit | user=jenkins1000 | ip=192.168.36.79 | op=SEND_HEARTBEAT {datanodeUUID=c9a37c78-8605-4a88-9b79-5cbe235210f1, command=[]} | ret=SUCCESS |  
2019-09-20 04:50:19,076 [pool-474-thread-1] INFO  storage.RaftStorage (RaftStorage.java:format(72)) - Storage directory /workdir/hadoop-ozone/integration-test/target/test-dir/MiniOzoneClusterImpl-5481c8ea-466e-4137-a567-737be5b6f247/datanode-6/data/ratis/5d8732ee-c38f-4235-ac2b-cfc4cb0745fc has been successfully formatted.
2019-09-20 04:50:19,077 [pool-474-thread-1] INFO  ratis.ContainerStateMachine (ContainerStateMachine.java:loadSnapshot(226)) - group-CFC4CB0745FC: The snapshot info is null. Setting the last applied indexto:(t:0, i:~)
2019-09-20 04:50:19,077 [pool-474-thread-1] INFO  server.RaftServerConfigKeys (ConfUtils.java:logGet(43)) - raft.server.leader.election.timeout = 120s (custom)
2019-09-20 04:50:19,077 [pool-474-thread-1] INFO  server.RaftServerConfigKeys (ConfUtils.java:logGet(43)) - raft.server.log.use.memory = false (default)
2019-09-20 04:50:19,077 [pool-474-thread-1] INFO  server.RaftServerConfigKeys (ConfUtils.java:logGet(43)) - raft.server.log.purge.gap = 1000000 (custom)
2019-09-20 04:50:19,077 [pool-474-thread-1] INFO  server.RaftServerConfigKeys (ConfUtils.java:logGet(43)) - raft.server.log.appender.buffer.byte-limit = 33554432 (custom)
2019-09-20 04:50:19,077 [pool-474-thread-1] INFO  server.RaftServerConfigKeys (ConfUtils.java:logGet(43)) - raft.server.log.segment.size.max = 1048576 (custom)
2019-09-20 04:50:19,077 [pool-474-thread-1] INFO  server.RaftServerConfigKeys (ConfUtils.java:logGet(43)) - raft.server.log.segment.cache.num.max = 2 (custom)
2019-09-20 04:50:19,078 [pool-474-thread-1] INFO  segmented.SegmentedRaftLogWorker (SegmentedRaftLogWorker.java:<init>(172)) - new 4f359ed3-becf-4d18-b0a0-f8169dd132e0-SegmentedRaftLogWorker:Storage Directory /workdir/hadoop-ozone/integration-test/target/test-dir/MiniOzoneClusterImpl-5481c8ea-466e-4137-a567-737be5b6f247/datanode-6/data/ratis/5d8732ee-c38f-4235-ac2b-cfc4cb0745fc for RaftStorage:Storage Directory /workdir/hadoop-ozone/integration-test/target/test-dir/MiniOzoneClusterImpl-5481c8ea-466e-4137-a567-737be5b6f247/datanode-6/data/ratis/5d8732ee-c38f-4235-ac2b-cfc4cb0745fc
2019-09-20 04:50:19,078 [pool-474-thread-1] INFO  server.RaftServerConfigKeys (ConfUtils.java:logGet(43)) - raft.server.log.queue.byte-limit = 2147483647 (custom)
2019-09-20 04:50:19,078 [pool-474-thread-1] INFO  server.RaftServerConfigKeys (ConfUtils.java:logGet(43)) - raft.server.log.queue.element-limit = 1024 (custom)
2019-09-20 04:50:19,078 [pool-474-thread-1] INFO  server.RaftServerConfigKeys (ConfUtils.java:logGet(43)) - raft.server.log.segment.size.max = 1048576 (custom)
2019-09-20 04:50:19,078 [pool-474-thread-1] INFO  server.RaftServerConfigKeys (ConfUtils.java:logGet(43)) - raft.server.log.preallocated.size = 16384 (custom)
2019-09-20 04:50:19,078 [pool-474-thread-1] INFO  server.RaftServerConfigKeys (ConfUtils.java:logGet(43)) - raft.server.log.write.buffer.size = 33554432 (custom)
2019-09-20 04:50:19,078 [pool-474-thread-1] INFO  server.RaftServerConfigKeys (ConfUtils.java:logGet(43)) - raft.server.log.force.sync.num = 128 (default)
2019-09-20 04:50:19,078 [pool-474-thread-1] INFO  server.RaftServerConfigKeys (ConfUtils.java:logGet(43)) - raft.server.log.statemachine.data.sync = true (default)
2019-09-20 04:50:19,078 [pool-474-thread-1] INFO  server.RaftServerConfigKeys (ConfUtils.java:logGet(43)) - raft.server.log.statemachine.data.sync.timeout = 10s (default)
2019-09-20 04:50:19,079 [pool-474-thread-1] INFO  server.RaftServerConfigKeys (ConfUtils.java:logGet(43)) - raft.server.log.statemachine.data.sync.timeout.retry = -1 (default)
2019-09-20 04:50:19,079 [pool-474-thread-1] INFO  server.RaftServerConfigKeys (ConfUtils.java:logGet(43)) - raft.server.log.statemachine.data.caching.enabled = true (custom)
2019-09-20 04:50:19,079 [pool-474-thread-1] INFO  segmented.SegmentedRaftLogWorker (SegmentedRaftLogWorker.java:lambda$new$0(132)) - 4f359ed3-becf-4d18-b0a0-f8169dd132e0-SegmentedRaftLogWorker:Storage Directory /workdir/hadoop-ozone/integration-test/target/test-dir/MiniOzoneClusterImpl-5481c8ea-466e-4137-a567-737be5b6f247/datanode-6/data/ratis/5d8732ee-c38f-4235-ac2b-cfc4cb0745fc: flushIndex: setUnconditionally 0 -> -1
2019-09-20 04:50:19,079 [pool-474-thread-1] INFO  server.RaftServerConfigKeys (ConfUtils.java:logGet(43)) - raft.server.snapshot.auto.trigger.enabled = true (custom)
2019-09-20 04:50:19,079 [pool-474-thread-1] INFO  server.RaftServerConfigKeys (ConfUtils.java:logGet(43)) - raft.server.snapshot.auto.trigger.threshold = 10000 (custom)
2019-09-20 04:50:19,080 [pool-474-thread-1] INFO  server.RaftServerConfigKeys (ConfUtils.java:logGet(43)) - raft.server.retrycache.expirytime = 600000ms (custom)
2019-09-20 04:50:19,080 [pool-474-thread-1] INFO  impl.RaftServerImpl (RaftServerImpl.java:start(180)) - 4f359ed3-becf-4d18-b0a0-f8169dd132e0: start group-CFC4CB0745FC
2019-09-20 04:50:19,080 [pool-474-thread-1] INFO  impl.RaftServerImpl (RaftServerImpl.java:setRole(171)) - 4f359ed3-becf-4d18-b0a0-f8169dd132e0:group-CFC4CB0745FC changes role from null to FOLLOWER at term 0 for startAsFollower
2019-09-20 04:50:19,080 [pool-474-thread-1] INFO  impl.RoleInfo (RoleInfo.java:updateAndGet(143)) - 4f359ed3-becf-4d18-b0a0-f8169dd132e0: start FollowerState
2019-09-20 04:50:19,080 [pool-474-thread-1] INFO  util.JmxRegister (JmxRegister.java:tryRegister(44)) - Successfully registered JMX Bean with object name Ratis:service=RaftServer,group=group-CFC4CB0745FC,id=4f359ed3-becf-4d18-b0a0-f8169dd132e0
2019-09-20 04:50:19,082 [RatisPipelineUtilsThread] INFO  pipeline.PipelineStateManager (PipelineStateManager.java:addPipeline(56)) - Created pipeline Pipeline[ Id: 5d8732ee-c38f-4235-ac2b-cfc4cb0745fc, Nodes: 4f359ed3-becf-4d18-b0a0-f8169dd132e0{ip: 192.168.36.79, host: pr-hdds-1569-s8kj2-2266485376, networkLocation: /default-rack, certSerialId: null}, Type:RATIS, Factor:ONE, State:OPEN]
2019-09-20 04:50:19,082 [RatisPipelineUtilsThread] INFO  pipeline.PipelinePlacementPolicy (PipelinePlacementPolicy.java:meetCriteria(91)) - Pipeline Placement: Doesn't meet the criteria to be viable node： 376583b5-abad-4180-897e-71183665062e Heaviness: 6 limit: 5
2019-09-20 04:50:19,082 [RatisPipelineUtilsThread] INFO  pipeline.PipelinePlacementPolicy (PipelinePlacementPolicy.java:meetCriteria(91)) - Pipeline Placement: Doesn't meet the criteria to be viable node： c9a37c78-8605-4a88-9b79-5cbe235210f1 Heaviness: 6 limit: 5
2019-09-20 04:50:19,082 [RatisPipelineUtilsThread] INFO  pipeline.PipelinePlacementPolicy (PipelinePlacementPolicy.java:meetCriteria(91)) - Pipeline Placement: Doesn't meet the criteria to be viable node： 42e8bc24-f019-48ef-96ce-72365fee6e4e Heaviness: 6 limit: 5
2019-09-20 04:50:19,083 [RatisPipelineUtilsThread] INFO  pipeline.PipelinePlacementPolicy (PipelinePlacementPolicy.java:meetCriteria(91)) - Pipeline Placement: Doesn't meet the criteria to be viable node： b3ecc8dd-01a1-4f26-a416-3a35ccdca24e Heaviness: 6 limit: 5
2019-09-20 04:50:19,083 [RatisPipelineUtilsThread] INFO  pipeline.PipelinePlacementPolicy (PipelinePlacementPolicy.java:meetCriteria(91)) - Pipeline Placement: Doesn't meet the criteria to be viable node： c8347fee-8d34-4c42-854b-90a05a956525 Heaviness: 6 limit: 5
2019-09-20 04:50:19,083 [RatisPipelineUtilsThread] INFO  pipeline.PipelinePlacementPolicy (PipelinePlacementPolicy.java:meetCriteria(91)) - Pipeline Placement: Doesn't meet the criteria to be viable node： e011d6a7-ac9a-466f-8998-9632cd871284 Heaviness: 6 limit: 5
2019-09-20 04:50:19,086 [grpc-default-executor-1] INFO  impl.RaftServerProxy (RaftServerProxy.java:addNew(89)) - 4f359ed3-becf-4d18-b0a0-f8169dd132e0: addNew group-58E429456EF0:[4f359ed3-becf-4d18-b0a0-f8169dd132e0:192.168.36.79:45670] returns group-58E429456EF0:java.util.concurrent.CompletableFuture@c40a19f[Not completed]
2019-09-20 04:50:19,087 [pool-474-thread-1] INFO  impl.RaftServerImpl (RaftServerImpl.java:<init>(93)) - 4f359ed3-becf-4d18-b0a0-f8169dd132e0: new RaftServerImpl for group-58E429456EF0:[4f359ed3-becf-4d18-b0a0-f8169dd132e0:192.168.36.79:45670] with ContainerStateMachine:uninitialized
2019-09-20 04:50:19,087 [pool-474-thread-1] INFO  server.RaftServerConfigKeys (ConfUtils.java:logGet(43)) - raft.server.rpc.timeout.min = 5s (custom)
2019-09-20 04:50:19,088 [pool-474-thread-1] INFO  server.RaftServerConfigKeys (ConfUtils.java:logGet(43)) - raft.server.rpc.timeout.max = 5200ms (custom)
2019-09-20 04:50:19,088 [pool-474-thread-1] INFO  server.RaftServerConfigKeys (ConfUtils.java:logGet(43)) - raft.server.rpcslowness.timeout = 120s (custom)
2019-09-20 04:50:19,088 [pool-474-thread-1] INFO  server.RaftServerConfigKeys (ConfUtils.java:logGet(43)) - raft.server.sleep.deviation.threshold = 300 (default)
2019-09-20 04:50:19,088 [pool-474-thread-1] INFO  server.RaftServerConfigKeys (ConfUtils.java:logGet(43)) - raft.server.log.appender.install.snapshot.enabled = false (custom)
2019-09-20 04:50:19,088 [pool-474-thread-1] INFO  impl.RaftServerImpl (ServerState.java:<init>(105)) - 4f359ed3-becf-4d18-b0a0-f8169dd132e0:group-58E429456EF0 ConfigurationManager, init=-1: [4f359ed3-becf-4d18-b0a0-f8169dd132e0:192.168.36.79:45670], old=null, confs=<EMPTY_MAP>
2019-09-20 04:50:19,088 [pool-474-thread-1] INFO  server.RaftServerConfigKeys (ConfUtils.java:logGet(43)) - raft.server.storage.dir = [/workdir/hadoop-ozone/integration-test/target/test-dir/MiniOzoneClusterImpl-5481c8ea-466e-4137-a567-737be5b6f247/datanode-6/data/ratis] (custom)
2019-09-20 04:50:19,088 [pool-474-thread-1] INFO  storage.RaftStorageDirectory (RaftStorageDirectory.java:analyzeStorage(246)) - The storage directory /workdir/hadoop-ozone/integration-test/target/test-dir/MiniOzoneClusterImpl-5481c8ea-466e-4137-a567-737be5b6f247/datanode-6/data/ratis/51f28f11-43e2-4577-a54e-58e429456ef0 does not exist. Creating ...
2019-09-20 04:50:19,103 [pool-474-thread-1] INFO  storage.RaftStorageDirectory (RaftStorageDirectory.java:tryLock(328)) - Lock on /workdir/hadoop-ozone/integration-test/target/test-dir/MiniOzoneClusterImpl-5481c8ea-466e-4137-a567-737be5b6f247/datanode-6/data/ratis/51f28f11-43e2-4577-a54e-58e429456ef0/in_use.lock acquired by nodename 9457@pr-hdds-1569-s8kj2-2266485376
2019-09-20 04:50:19,104 | INFO  | SCMAudit | user=jenkins1000 | ip=192.168.36.79 | op=SEND_HEARTBEAT {datanodeUUID=c8347fee-8d34-4c42-854b-90a05a956525, command=[]} | ret=SUCCESS |  
2019-09-20 04:50:19,128 [pool-474-thread-1] INFO  storage.RaftStorage (RaftStorage.java:format(72)) - Storage directory /workdir/hadoop-ozone/integration-test/target/test-dir/MiniOzoneClusterImpl-5481c8ea-466e-4137-a567-737be5b6f247/datanode-6/data/ratis/51f28f11-43e2-4577-a54e-58e429456ef0 has been successfully formatted.
2019-09-20 04:50:19,128 [pool-474-thread-1] INFO  ratis.ContainerStateMachine (ContainerStateMachine.java:loadSnapshot(226)) - group-58E429456EF0: The snapshot info is null. Setting the last applied indexto:(t:0, i:~)
2019-09-20 04:50:19,128 [pool-474-thread-1] INFO  server.RaftServerConfigKeys (ConfUtils.java:logGet(43)) - raft.server.leader.election.timeout = 120s (custom)
2019-09-20 04:50:19,129 [pool-474-thread-1] INFO  server.RaftServerConfigKeys (ConfUtils.java:logGet(43)) - raft.server.log.use.memory = false (default)
2019-09-20 04:50:19,129 [pool-474-thread-1] INFO  server.RaftServerConfigKeys (ConfUtils.java:logGet(43)) - raft.server.log.purge.gap = 1000000 (custom)
2019-09-20 04:50:19,129 [pool-474-thread-1] INFO  server.RaftServerConfigKeys (ConfUtils.java:logGet(43)) - raft.server.log.appender.buffer.byte-limit = 33554432 (custom)
2019-09-20 04:50:19,129 [pool-474-thread-1] INFO  server.RaftServerConfigKeys (ConfUtils.java:logGet(43)) - raft.server.log.segment.size.max = 1048576 (custom)
2019-09-20 04:50:19,129 [pool-474-thread-1] INFO  server.RaftServerConfigKeys (ConfUtils.java:logGet(43)) - raft.server.log.segment.cache.num.max = 2 (custom)
2019-09-20 04:50:19,129 [pool-474-thread-1] INFO  segmented.SegmentedRaftLogWorker (SegmentedRaftLogWorker.java:<init>(172)) - new 4f359ed3-becf-4d18-b0a0-f8169dd132e0-SegmentedRaftLogWorker:Storage Directory /workdir/hadoop-ozone/integration-test/target/test-dir/MiniOzoneClusterImpl-5481c8ea-466e-4137-a567-737be5b6f247/datanode-6/data/ratis/51f28f11-43e2-4577-a54e-58e429456ef0 for RaftStorage:Storage Directory /workdir/hadoop-ozone/integration-test/target/test-dir/MiniOzoneClusterImpl-5481c8ea-466e-4137-a567-737be5b6f247/datanode-6/data/ratis/51f28f11-43e2-4577-a54e-58e429456ef0
2019-09-20 04:50:19,129 [pool-474-thread-1] INFO  server.RaftServerConfigKeys (ConfUtils.java:logGet(43)) - raft.server.log.queue.byte-limit = 2147483647 (custom)
2019-09-20 04:50:19,129 [pool-474-thread-1] INFO  server.RaftServerConfigKeys (ConfUtils.java:logGet(43)) - raft.server.log.queue.element-limit = 1024 (custom)
2019-09-20 04:50:19,129 [pool-474-thread-1] INFO  server.RaftServerConfigKeys (ConfUtils.java:logGet(43)) - raft.server.log.segment.size.max = 1048576 (custom)
2019-09-20 04:50:19,130 [pool-474-thread-1] INFO  server.RaftServerConfigKeys (ConfUtils.java:logGet(43)) - raft.server.log.preallocated.size = 16384 (custom)
2019-09-20 04:50:19,130 [pool-474-thread-1] INFO  server.RaftServerConfigKeys (ConfUtils.java:logGet(43)) - raft.server.log.write.buffer.size = 33554432 (custom)
2019-09-20 04:50:19,130 [pool-474-thread-1] INFO  server.RaftServerConfigKeys (ConfUtils.java:logGet(43)) - raft.server.log.force.sync.num = 128 (default)
2019-09-20 04:50:19,130 [pool-474-thread-1] INFO  server.RaftServerConfigKeys (ConfUtils.java:logGet(43)) - raft.server.log.statemachine.data.sync = true (default)
2019-09-20 04:50:19,130 [pool-474-thread-1] INFO  server.RaftServerConfigKeys (ConfUtils.java:logGet(43)) - raft.server.log.statemachine.data.sync.timeout = 10s (default)
2019-09-20 04:50:19,130 [pool-474-thread-1] INFO  server.RaftServerConfigKeys (ConfUtils.java:logGet(43)) - raft.server.log.statemachine.data.sync.timeout.retry = -1 (default)
2019-09-20 04:50:19,130 [pool-474-thread-1] INFO  server.RaftServerConfigKeys (ConfUtils.java:logGet(43)) - raft.server.log.statemachine.data.caching.enabled = true (custom)
2019-09-20 04:50:19,130 [pool-474-thread-1] INFO  segmented.SegmentedRaftLogWorker (SegmentedRaftLogWorker.java:lambda$new$0(132)) - 4f359ed3-becf-4d18-b0a0-f8169dd132e0-SegmentedRaftLogWorker:Storage Directory /workdir/hadoop-ozone/integration-test/target/test-dir/MiniOzoneClusterImpl-5481c8ea-466e-4137-a567-737be5b6f247/datanode-6/data/ratis/51f28f11-43e2-4577-a54e-58e429456ef0: flushIndex: setUnconditionally 0 -> -1
2019-09-20 04:50:19,131 [pool-474-thread-1] INFO  server.RaftServerConfigKeys (ConfUtils.java:logGet(43)) - raft.server.snapshot.auto.trigger.enabled = true (custom)
2019-09-20 04:50:19,131 [pool-474-thread-1] INFO  server.RaftServerConfigKeys (ConfUtils.java:logGet(43)) - raft.server.snapshot.auto.trigger.threshold = 10000 (custom)
2019-09-20 04:50:19,131 [pool-474-thread-1] INFO  server.RaftServerConfigKeys (ConfUtils.java:logGet(43)) - raft.server.retrycache.expirytime = 600000ms (custom)
2019-09-20 04:50:19,131 [pool-474-thread-1] INFO  impl.RaftServerImpl (RaftServerImpl.java:start(180)) - 4f359ed3-becf-4d18-b0a0-f8169dd132e0: start group-58E429456EF0
2019-09-20 04:50:19,131 [pool-474-thread-1] INFO  impl.RaftServerImpl (RaftServerImpl.java:setRole(171)) - 4f359ed3-becf-4d18-b0a0-f8169dd132e0:group-58E429456EF0 changes role from null to FOLLOWER at term 0 for startAsFollower
2019-09-20 04:50:19,131 [pool-474-thread-1] INFO  impl.RoleInfo (RoleInfo.java:updateAndGet(143)) - 4f359ed3-becf-4d18-b0a0-f8169dd132e0: start FollowerState
2019-09-20 04:50:19,131 [pool-474-thread-1] INFO  util.JmxRegister (JmxRegister.java:tryRegister(44)) - Successfully registered JMX Bean with object name Ratis:service=RaftServer,group=group-58E429456EF0,id=4f359ed3-becf-4d18-b0a0-f8169dd132e0
2019-09-20 04:50:19,133 [RatisPipelineUtilsThread] INFO  pipeline.PipelineStateManager (PipelineStateManager.java:addPipeline(56)) - Created pipeline Pipeline[ Id: 51f28f11-43e2-4577-a54e-58e429456ef0, Nodes: 4f359ed3-becf-4d18-b0a0-f8169dd132e0{ip: 192.168.36.79, host: pr-hdds-1569-s8kj2-2266485376, networkLocation: /default-rack, certSerialId: null}, Type:RATIS, Factor:ONE, State:OPEN]
2019-09-20 04:50:19,134 [RatisPipelineUtilsThread] INFO  pipeline.PipelinePlacementPolicy (PipelinePlacementPolicy.java:meetCriteria(91)) - Pipeline Placement: Doesn't meet the criteria to be viable node： 376583b5-abad-4180-897e-71183665062e Heaviness: 6 limit: 5
2019-09-20 04:50:19,134 [RatisPipelineUtilsThread] INFO  pipeline.PipelinePlacementPolicy (PipelinePlacementPolicy.java:meetCriteria(91)) - Pipeline Placement: Doesn't meet the criteria to be viable node： c9a37c78-8605-4a88-9b79-5cbe235210f1 Heaviness: 6 limit: 5
2019-09-20 04:50:19,134 [RatisPipelineUtilsThread] INFO  pipeline.PipelinePlacementPolicy (PipelinePlacementPolicy.java:meetCriteria(91)) - Pipeline Placement: Doesn't meet the criteria to be viable node： 42e8bc24-f019-48ef-96ce-72365fee6e4e Heaviness: 6 limit: 5
2019-09-20 04:50:19,134 [RatisPipelineUtilsThread] INFO  pipeline.PipelinePlacementPolicy (PipelinePlacementPolicy.java:meetCriteria(91)) - Pipeline Placement: Doesn't meet the criteria to be viable node： b3ecc8dd-01a1-4f26-a416-3a35ccdca24e Heaviness: 6 limit: 5
2019-09-20 04:50:19,134 [RatisPipelineUtilsThread] INFO  pipeline.PipelinePlacementPolicy (PipelinePlacementPolicy.java:meetCriteria(91)) - Pipeline Placement: Doesn't meet the criteria to be viable node： c8347fee-8d34-4c42-854b-90a05a956525 Heaviness: 6 limit: 5
2019-09-20 04:50:19,134 [RatisPipelineUtilsThread] INFO  pipeline.PipelinePlacementPolicy (PipelinePlacementPolicy.java:meetCriteria(91)) - Pipeline Placement: Doesn't meet the criteria to be viable node： e011d6a7-ac9a-466f-8998-9632cd871284 Heaviness: 6 limit: 5
2019-09-20 04:50:19,138 [grpc-default-executor-1] INFO  impl.RaftServerProxy (RaftServerProxy.java:addNew(89)) - 4f359ed3-becf-4d18-b0a0-f8169dd132e0: addNew group-AFCA6507F316:[4f359ed3-becf-4d18-b0a0-f8169dd132e0:192.168.36.79:45670] returns group-AFCA6507F316:java.util.concurrent.CompletableFuture@cc05ada[Not completed]
2019-09-20 04:50:19,139 [pool-474-thread-1] INFO  impl.RaftServerImpl (RaftServerImpl.java:<init>(93)) - 4f359ed3-becf-4d18-b0a0-f8169dd132e0: new RaftServerImpl for group-AFCA6507F316:[4f359ed3-becf-4d18-b0a0-f8169dd132e0:192.168.36.79:45670] with ContainerStateMachine:uninitialized
2019-09-20 04:50:19,139 [pool-474-thread-1] INFO  server.RaftServerConfigKeys (ConfUtils.java:logGet(43)) - raft.server.rpc.timeout.min = 5s (custom)
2019-09-20 04:50:19,139 [pool-474-thread-1] INFO  server.RaftServerConfigKeys (ConfUtils.java:logGet(43)) - raft.server.rpc.timeout.max = 5200ms (custom)
2019-09-20 04:50:19,139 [pool-474-thread-1] INFO  server.RaftServerConfigKeys (ConfUtils.java:logGet(43)) - raft.server.rpcslowness.timeout = 120s (custom)
2019-09-20 04:50:19,139 [pool-474-thread-1] INFO  server.RaftServerConfigKeys (ConfUtils.java:logGet(43)) - raft.server.sleep.deviation.threshold = 300 (default)
2019-09-20 04:50:19,139 [pool-474-thread-1] INFO  server.RaftServerConfigKeys (ConfUtils.java:logGet(43)) - raft.server.log.appender.install.snapshot.enabled = false (custom)
2019-09-20 04:50:19,139 [pool-474-thread-1] INFO  impl.RaftServerImpl (ServerState.java:<init>(105)) - 4f359ed3-becf-4d18-b0a0-f8169dd132e0:group-AFCA6507F316 ConfigurationManager, init=-1: [4f359ed3-becf-4d18-b0a0-f8169dd132e0:192.168.36.79:45670], old=null, confs=<EMPTY_MAP>
2019-09-20 04:50:19,139 [pool-474-thread-1] INFO  server.RaftServerConfigKeys (ConfUtils.java:logGet(43)) - raft.server.storage.dir = [/workdir/hadoop-ozone/integration-test/target/test-dir/MiniOzoneClusterImpl-5481c8ea-466e-4137-a567-737be5b6f247/datanode-6/data/ratis] (custom)
2019-09-20 04:50:19,139 [pool-474-thread-1] INFO  storage.RaftStorageDirectory (RaftStorageDirectory.java:analyzeStorage(246)) - The storage directory /workdir/hadoop-ozone/integration-test/target/test-dir/MiniOzoneClusterImpl-5481c8ea-466e-4137-a567-737be5b6f247/datanode-6/data/ratis/1bf86ddb-3ccf-473f-9baa-afca6507f316 does not exist. Creating ...
2019-09-20 04:50:19,162 [pool-474-thread-1] INFO  storage.RaftStorageDirectory (RaftStorageDirectory.java:tryLock(328)) - Lock on /workdir/hadoop-ozone/integration-test/target/test-dir/MiniOzoneClusterImpl-5481c8ea-466e-4137-a567-737be5b6f247/datanode-6/data/ratis/1bf86ddb-3ccf-473f-9baa-afca6507f316/in_use.lock acquired by nodename 9457@pr-hdds-1569-s8kj2-2266485376
2019-09-20 04:50:19,187 [pool-474-thread-1] INFO  storage.RaftStorage (RaftStorage.java:format(72)) - Storage directory /workdir/hadoop-ozone/integration-test/target/test-dir/MiniOzoneClusterImpl-5481c8ea-466e-4137-a567-737be5b6f247/datanode-6/data/ratis/1bf86ddb-3ccf-473f-9baa-afca6507f316 has been successfully formatted.
2019-09-20 04:50:19,187 [pool-474-thread-1] INFO  ratis.ContainerStateMachine (ContainerStateMachine.java:loadSnapshot(226)) - group-AFCA6507F316: The snapshot info is null. Setting the last applied indexto:(t:0, i:~)
2019-09-20 04:50:19,187 [pool-474-thread-1] INFO  server.RaftServerConfigKeys (ConfUtils.java:logGet(43)) - raft.server.leader.election.timeout = 120s (custom)
2019-09-20 04:50:19,188 [pool-474-thread-1] INFO  server.RaftServerConfigKeys (ConfUtils.java:logGet(43)) - raft.server.log.use.memory = false (default)
2019-09-20 04:50:19,188 [pool-474-thread-1] INFO  server.RaftServerConfigKeys (ConfUtils.java:logGet(43)) - raft.server.log.purge.gap = 1000000 (custom)
2019-09-20 04:50:19,188 [pool-474-thread-1] INFO  server.RaftServerConfigKeys (ConfUtils.java:logGet(43)) - raft.server.log.appender.buffer.byte-limit = 33554432 (custom)
2019-09-20 04:50:19,188 [pool-474-thread-1] INFO  server.RaftServerConfigKeys (ConfUtils.java:logGet(43)) - raft.server.log.segment.size.max = 1048576 (custom)
2019-09-20 04:50:19,188 [pool-474-thread-1] INFO  server.RaftServerConfigKeys (ConfUtils.java:logGet(43)) - raft.server.log.segment.cache.num.max = 2 (custom)
2019-09-20 04:50:19,188 [pool-474-thread-1] INFO  segmented.SegmentedRaftLogWorker (SegmentedRaftLogWorker.java:<init>(172)) - new 4f359ed3-becf-4d18-b0a0-f8169dd132e0-SegmentedRaftLogWorker:Storage Directory /workdir/hadoop-ozone/integration-test/target/test-dir/MiniOzoneClusterImpl-5481c8ea-466e-4137-a567-737be5b6f247/datanode-6/data/ratis/1bf86ddb-3ccf-473f-9baa-afca6507f316 for RaftStorage:Storage Directory /workdir/hadoop-ozone/integration-test/target/test-dir/MiniOzoneClusterImpl-5481c8ea-466e-4137-a567-737be5b6f247/datanode-6/data/ratis/1bf86ddb-3ccf-473f-9baa-afca6507f316
2019-09-20 04:50:19,188 [pool-474-thread-1] INFO  server.RaftServerConfigKeys (ConfUtils.java:logGet(43)) - raft.server.log.queue.byte-limit = 2147483647 (custom)
2019-09-20 04:50:19,188 [pool-474-thread-1] INFO  server.RaftServerConfigKeys (ConfUtils.java:logGet(43)) - raft.server.log.queue.element-limit = 1024 (custom)
2019-09-20 04:50:19,188 [pool-474-thread-1] INFO  server.RaftServerConfigKeys (ConfUtils.java:logGet(43)) - raft.server.log.segment.size.max = 1048576 (custom)
2019-09-20 04:50:19,188 [pool-474-thread-1] INFO  server.RaftServerConfigKeys (ConfUtils.java:logGet(43)) - raft.server.log.preallocated.size = 16384 (custom)
2019-09-20 04:50:19,188 [pool-474-thread-1] INFO  server.RaftServerConfigKeys (ConfUtils.java:logGet(43)) - raft.server.log.write.buffer.size = 33554432 (custom)
2019-09-20 04:50:19,189 [pool-474-thread-1] INFO  server.RaftServerConfigKeys (ConfUtils.java:logGet(43)) - raft.server.log.force.sync.num = 128 (default)
2019-09-20 04:50:19,189 [pool-474-thread-1] INFO  server.RaftServerConfigKeys (ConfUtils.java:logGet(43)) - raft.server.log.statemachine.data.sync = true (default)
2019-09-20 04:50:19,189 [pool-474-thread-1] INFO  server.RaftServerConfigKeys (ConfUtils.java:logGet(43)) - raft.server.log.statemachine.data.sync.timeout = 10s (default)
2019-09-20 04:50:19,189 [pool-474-thread-1] INFO  server.RaftServerConfigKeys (ConfUtils.java:logGet(43)) - raft.server.log.statemachine.data.sync.timeout.retry = -1 (default)
2019-09-20 04:50:19,189 [pool-474-thread-1] INFO  server.RaftServerConfigKeys (ConfUtils.java:logGet(43)) - raft.server.log.statemachine.data.caching.enabled = true (custom)
2019-09-20 04:50:19,189 [pool-474-thread-1] INFO  segmented.SegmentedRaftLogWorker (SegmentedRaftLogWorker.java:lambda$new$0(132)) - 4f359ed3-becf-4d18-b0a0-f8169dd132e0-SegmentedRaftLogWorker:Storage Directory /workdir/hadoop-ozone/integration-test/target/test-dir/MiniOzoneClusterImpl-5481c8ea-466e-4137-a567-737be5b6f247/datanode-6/data/ratis/1bf86ddb-3ccf-473f-9baa-afca6507f316: flushIndex: setUnconditionally 0 -> -1
2019-09-20 04:50:19,189 [pool-474-thread-1] INFO  server.RaftServerConfigKeys (ConfUtils.java:logGet(43)) - raft.server.snapshot.auto.trigger.enabled = true (custom)
2019-09-20 04:50:19,189 [pool-474-thread-1] INFO  server.RaftServerConfigKeys (ConfUtils.java:logGet(43)) - raft.server.snapshot.auto.trigger.threshold = 10000 (custom)
2019-09-20 04:50:19,190 [pool-474-thread-1] INFO  server.RaftServerConfigKeys (ConfUtils.java:logGet(43)) - raft.server.retrycache.expirytime = 600000ms (custom)
2019-09-20 04:50:19,190 [pool-474-thread-1] INFO  impl.RaftServerImpl (RaftServerImpl.java:start(180)) - 4f359ed3-becf-4d18-b0a0-f8169dd132e0: start group-AFCA6507F316
2019-09-20 04:50:19,190 [pool-474-thread-1] INFO  impl.RaftServerImpl (RaftServerImpl.java:setRole(171)) - 4f359ed3-becf-4d18-b0a0-f8169dd132e0:group-AFCA6507F316 changes role from null to FOLLOWER at term 0 for startAsFollower
2019-09-20 04:50:19,190 [pool-474-thread-1] INFO  impl.RoleInfo (RoleInfo.java:updateAndGet(143)) - 4f359ed3-becf-4d18-b0a0-f8169dd132e0: start FollowerState
2019-09-20 04:50:19,190 [pool-474-thread-1] INFO  util.JmxRegister (JmxRegister.java:tryRegister(44)) - Successfully registered JMX Bean with object name Ratis:service=RaftServer,group=group-AFCA6507F316,id=4f359ed3-becf-4d18-b0a0-f8169dd132e0
2019-09-20 04:50:19,192 [RatisPipelineUtilsThread] INFO  pipeline.PipelineStateManager (PipelineStateManager.java:addPipeline(56)) - Created pipeline Pipeline[ Id: 1bf86ddb-3ccf-473f-9baa-afca6507f316, Nodes: 4f359ed3-becf-4d18-b0a0-f8169dd132e0{ip: 192.168.36.79, host: pr-hdds-1569-s8kj2-2266485376, networkLocation: /default-rack, certSerialId: null}, Type:RATIS, Factor:ONE, State:OPEN]
2019-09-20 04:50:19,192 [RatisPipelineUtilsThread] INFO  pipeline.PipelinePlacementPolicy (PipelinePlacementPolicy.java:meetCriteria(91)) - Pipeline Placement: Doesn't meet the criteria to be viable node： 376583b5-abad-4180-897e-71183665062e Heaviness: 6 limit: 5
2019-09-20 04:50:19,193 [RatisPipelineUtilsThread] INFO  pipeline.PipelinePlacementPolicy (PipelinePlacementPolicy.java:meetCriteria(91)) - Pipeline Placement: Doesn't meet the criteria to be viable node： c9a37c78-8605-4a88-9b79-5cbe235210f1 Heaviness: 6 limit: 5
2019-09-20 04:50:19,193 [RatisPipelineUtilsThread] INFO  pipeline.PipelinePlacementPolicy (PipelinePlacementPolicy.java:meetCriteria(91)) - Pipeline Placement: Doesn't meet the criteria to be viable node： 42e8bc24-f019-48ef-96ce-72365fee6e4e Heaviness: 6 limit: 5
2019-09-20 04:50:19,193 [RatisPipelineUtilsThread] INFO  pipeline.PipelinePlacementPolicy (PipelinePlacementPolicy.java:meetCriteria(91)) - Pipeline Placement: Doesn't meet the criteria to be viable node： 4f359ed3-becf-4d18-b0a0-f8169dd132e0 Heaviness: 6 limit: 5
2019-09-20 04:50:19,193 [RatisPipelineUtilsThread] INFO  pipeline.PipelinePlacementPolicy (PipelinePlacementPolicy.java:meetCriteria(91)) - Pipeline Placement: Doesn't meet the criteria to be viable node： b3ecc8dd-01a1-4f26-a416-3a35ccdca24e Heaviness: 6 limit: 5
2019-09-20 04:50:19,193 [RatisPipelineUtilsThread] INFO  pipeline.PipelinePlacementPolicy (PipelinePlacementPolicy.java:meetCriteria(91)) - Pipeline Placement: Doesn't meet the criteria to be viable node： c8347fee-8d34-4c42-854b-90a05a956525 Heaviness: 6 limit: 5
2019-09-20 04:50:19,193 [RatisPipelineUtilsThread] INFO  pipeline.PipelinePlacementPolicy (PipelinePlacementPolicy.java:meetCriteria(91)) - Pipeline Placement: Doesn't meet the criteria to be viable node： e011d6a7-ac9a-466f-8998-9632cd871284 Heaviness: 6 limit: 5
2019-09-20 04:50:19,193 [RatisPipelineUtilsThread] ERROR pipeline.PipelinePlacementPolicy (PipelinePlacementPolicy.java:filterViableNodes(148)) - Unable to find enough nodes that meet the criteria that cannot engage in more than 5 pipelines. Nodes required: 1 Found: 0, healthy nodes count inNodeManager: 7.
2019-09-20 04:50:19,193 [RatisPipelineUtilsThread] ERROR pipeline.SCMPipelineManager (SCMPipelineManager.java:createPipeline(161)) - Pipeline creation failed due to exception: Unable to find enough nodes that meet the criteria that cannot engage in more than 5 pipelines. Nodes required: 1 Found: 0, healthy nodes count inNodeManager: 7.
2019-09-20 04:50:19,193 [RatisPipelineUtilsThread] INFO  pipeline.PipelinePlacementPolicy (PipelinePlacementPolicy.java:meetCriteria(91)) - Pipeline Placement: Doesn't meet the criteria to be viable node： 376583b5-abad-4180-897e-71183665062e Heaviness: 6 limit: 5
2019-09-20 04:50:19,193 [RatisPipelineUtilsThread] INFO  pipeline.PipelinePlacementPolicy (PipelinePlacementPolicy.java:meetCriteria(91)) - Pipeline Placement: Doesn't meet the criteria to be viable node： c9a37c78-8605-4a88-9b79-5cbe235210f1 Heaviness: 6 limit: 5
2019-09-20 04:50:19,193 [RatisPipelineUtilsThread] INFO  pipeline.PipelinePlacementPolicy (PipelinePlacementPolicy.java:meetCriteria(91)) - Pipeline Placement: Doesn't meet the criteria to be viable node： 42e8bc24-f019-48ef-96ce-72365fee6e4e Heaviness: 6 limit: 5
2019-09-20 04:50:19,194 [RatisPipelineUtilsThread] INFO  pipeline.PipelinePlacementPolicy (PipelinePlacementPolicy.java:meetCriteria(91)) - Pipeline Placement: Doesn't meet the criteria to be viable node： 4f359ed3-becf-4d18-b0a0-f8169dd132e0 Heaviness: 6 limit: 5
2019-09-20 04:50:19,194 [RatisPipelineUtilsThread] INFO  pipeline.PipelinePlacementPolicy (PipelinePlacementPolicy.java:meetCriteria(91)) - Pipeline Placement: Doesn't meet the criteria to be viable node： b3ecc8dd-01a1-4f26-a416-3a35ccdca24e Heaviness: 6 limit: 5
2019-09-20 04:50:19,194 [RatisPipelineUtilsThread] INFO  pipeline.PipelinePlacementPolicy (PipelinePlacementPolicy.java:meetCriteria(91)) - Pipeline Placement: Doesn't meet the criteria to be viable node： c8347fee-8d34-4c42-854b-90a05a956525 Heaviness: 6 limit: 5
2019-09-20 04:50:19,194 [RatisPipelineUtilsThread] INFO  pipeline.PipelinePlacementPolicy (PipelinePlacementPolicy.java:meetCriteria(91)) - Pipeline Placement: Doesn't meet the criteria to be viable node： e011d6a7-ac9a-466f-8998-9632cd871284 Heaviness: 6 limit: 5
2019-09-20 04:50:19,194 [RatisPipelineUtilsThread] ERROR pipeline.PipelinePlacementPolicy (PipelinePlacementPolicy.java:filterViableNodes(148)) - Unable to find enough nodes that meet the criteria that cannot engage in more than 5 pipelines. Nodes required: 3 Found: 0, healthy nodes count inNodeManager: 7.
2019-09-20 04:50:19,194 [RatisPipelineUtilsThread] ERROR pipeline.SCMPipelineManager (SCMPipelineManager.java:createPipeline(161)) - Pipeline creation failed due to exception: Unable to find enough nodes that meet the criteria that cannot engage in more than 5 pipelines. Nodes required: 3 Found: 0, healthy nodes count inNodeManager: 7.
2019-09-20 04:50:19,241 | INFO  | SCMAudit | user=jenkins1000 | ip=192.168.36.79 | op=SEND_HEARTBEAT {datanodeUUID=b3ecc8dd-01a1-4f26-a416-3a35ccdca24e, command=[]} | ret=SUCCESS |  
2019-09-20 04:50:19,686 | INFO  | SCMAudit | user=jenkins1000 | ip=192.168.36.79 | op=SEND_HEARTBEAT {datanodeUUID=376583b5-abad-4180-897e-71183665062e, command=[]} | ret=SUCCESS |  
2019-09-20 04:50:19,795 [main] INFO  ozone.MiniOzoneClusterImpl (MiniOzoneClusterImpl.java:lambda$waitForClusterToBeReady$0(142)) - Cluster is ready. Got 7 of 7 DN Heartbeats.
2019-09-20 04:50:19,832 | INFO  | SCMAudit | user=jenkins1000 | ip=192.168.36.79 | op=SEND_HEARTBEAT {datanodeUUID=e011d6a7-ac9a-466f-8998-9632cd871284, command=[]} | ret=SUCCESS |  
2019-09-20 04:50:19,898 [main] INFO  rpc.RpcClient (RpcClient.java:createVolume(293)) - Creating Volume: watchforcommithandlingtest, with jenkins1000 as owner.
2019-09-20 04:50:19,900 | INFO  | OMAudit | user=jenkins1000 | ip=127.0.0.1 | op=CREATE_VOLUME {admin=jenkins1000, owner=jenkins1000, volume=watchforcommithandlingtest, creationTime=1568955019899, quotaInBytes=1152921504606846976} | ret=SUCCESS |  
2019-09-20 04:50:19,929 | INFO  | OMAudit | user=jenkins1000 | ip=127.0.0.1 | op=READ_VOLUME {volume=watchforcommithandlingtest} | ret=SUCCESS |  
2019-09-20 04:50:19,930 [main] INFO  rpc.RpcClient (RpcClient.java:createBucket(432)) - Creating Bucket: watchforcommithandlingtest/watchforcommithandlingtest, with Versioning false and Storage Type set to DISK and Encryption set to false 
2019-09-20 04:50:19,939 | INFO  | OMAudit | user=jenkins1000 | ip=127.0.0.1 | op=CREATE_BUCKET {volume=watchforcommithandlingtest, bucket=watchforcommithandlingtest, acls=[user:jenkins1000:a[ACCESS], group:default:a[ACCESS]], isVersionEnabled=false, storageType=DISK, creationTime=0} | ret=SUCCESS |  
2019-09-20 04:50:19,939 [main] INFO  ozone.MiniOzoneClusterImpl (MiniOzoneClusterImpl.java:getStorageContainerLocationClient(241)) - Creating StorageContainerLocationProtocol RPC client with address /0.0.0.0:43241
2019-09-20 04:50:19,940 [IPC Server handler 10 on 43241] INFO  pipeline.PipelinePlacementPolicy (PipelinePlacementPolicy.java:meetCriteria(91)) - Pipeline Placement: Doesn't meet the criteria to be viable node： 376583b5-abad-4180-897e-71183665062e Heaviness: 6 limit: 5
2019-09-20 04:50:19,940 [IPC Server handler 10 on 43241] INFO  pipeline.PipelinePlacementPolicy (PipelinePlacementPolicy.java:meetCriteria(91)) - Pipeline Placement: Doesn't meet the criteria to be viable node： c9a37c78-8605-4a88-9b79-5cbe235210f1 Heaviness: 6 limit: 5
2019-09-20 04:50:19,940 [IPC Server handler 10 on 43241] INFO  pipeline.PipelinePlacementPolicy (PipelinePlacementPolicy.java:meetCriteria(91)) - Pipeline Placement: Doesn't meet the criteria to be viable node： 42e8bc24-f019-48ef-96ce-72365fee6e4e Heaviness: 6 limit: 5
2019-09-20 04:50:19,940 [IPC Server handler 10 on 43241] INFO  pipeline.PipelinePlacementPolicy (PipelinePlacementPolicy.java:meetCriteria(91)) - Pipeline Placement: Doesn't meet the criteria to be viable node： 4f359ed3-becf-4d18-b0a0-f8169dd132e0 Heaviness: 6 limit: 5
2019-09-20 04:50:19,940 [IPC Server handler 10 on 43241] INFO  pipeline.PipelinePlacementPolicy (PipelinePlacementPolicy.java:meetCriteria(91)) - Pipeline Placement: Doesn't meet the criteria to be viable node： b3ecc8dd-01a1-4f26-a416-3a35ccdca24e Heaviness: 6 limit: 5
2019-09-20 04:50:19,940 [IPC Server handler 10 on 43241] INFO  pipeline.PipelinePlacementPolicy (PipelinePlacementPolicy.java:meetCriteria(91)) - Pipeline Placement: Doesn't meet the criteria to be viable node： c8347fee-8d34-4c42-854b-90a05a956525 Heaviness: 6 limit: 5
2019-09-20 04:50:19,940 [IPC Server handler 10 on 43241] INFO  pipeline.PipelinePlacementPolicy (PipelinePlacementPolicy.java:meetCriteria(91)) - Pipeline Placement: Doesn't meet the criteria to be viable node： e011d6a7-ac9a-466f-8998-9632cd871284 Heaviness: 6 limit: 5
2019-09-20 04:50:19,940 [IPC Server handler 10 on 43241] ERROR pipeline.PipelinePlacementPolicy (PipelinePlacementPolicy.java:filterViableNodes(148)) - Unable to find enough nodes that meet the criteria that cannot engage in more than 5 pipelines. Nodes required: 3 Found: 0, healthy nodes count inNodeManager: 7.
2019-09-20 04:50:19,941 [IPC Server handler 10 on 43241] ERROR pipeline.SCMPipelineManager (SCMPipelineManager.java:createPipeline(161)) - Pipeline creation failed due to exception: Unable to find enough nodes that meet the criteria that cannot engage in more than 5 pipelines. Nodes required: 3 Found: 0, healthy nodes count inNodeManager: 7.
2019-09-20 04:50:19,941 [IPC Server handler 10 on 43241] INFO  ipc.Server (Server.java:logException(2726)) - IPC Server handler 10 on 43241, call Call#1795 Retry#0 org.apache.hadoop.hdds.scm.protocol.StorageContainerLocationProtocol.allocateContainer from 192.168.36.79:56476
java.io.IOException: Could not allocate container. Cannot get any matching pipeline for Type:RATIS, Factor:THREE, State:PipelineState.OPEN
	at org.apache.hadoop.hdds.scm.container.ContainerStateManager.allocateContainer(ContainerStateManager.java:260)
	at org.apache.hadoop.hdds.scm.container.SCMContainerManager.allocateContainer(SCMContainerManager.java:247)
	at org.apache.hadoop.hdds.scm.server.SCMClientProtocolServer.allocateContainer(SCMClientProtocolServer.java:186)
	at org.apache.hadoop.ozone.protocolPB.StorageContainerLocationProtocolServerSideTranslatorPB.allocateContainer(StorageContainerLocationProtocolServerSideTranslatorPB.java:115)
	at org.apache.hadoop.hdds.protocol.proto.StorageContainerLocationProtocolProtos$StorageContainerLocationProtocolService$2.callBlockingMethod(StorageContainerLocationProtocolProtos.java:19079)
	at org.apache.hadoop.ipc.ProtobufRpcEngine$Server$ProtoBufRpcInvoker.call(ProtobufRpcEngine.java:524)
	at org.apache.hadoop.ipc.RPC$Server.call(RPC.java:1025)
	at org.apache.hadoop.ipc.Server$RpcCall.run(Server.java:876)
	at org.apache.hadoop.ipc.Server$RpcCall.run(Server.java:822)
	at java.security.AccessController.doPrivileged(Native Method)
	at javax.security.auth.Subject.doAs(Subject.java:422)
	at org.apache.hadoop.security.UserGroupInformation.doAs(UserGroupInformation.java:1730)
	at org.apache.hadoop.ipc.Server$Handler.run(Server.java:2682)
]]></system-out>
    <system-err><![CDATA[Sep 20, 2019 4:50:10 AM com.sun.jersey.server.impl.application.WebApplicationImpl _initiate
INFO: Initiating Jersey application, version 'Jersey: 1.19 02/11/2015 03:25 AM'
Sep 20, 2019 4:50:12 AM com.sun.jersey.server.impl.application.WebApplicationImpl _initiate
INFO: Initiating Jersey application, version 'Jersey: 1.19 02/11/2015 03:25 AM'
Sep 20, 2019 4:50:12 AM com.sun.jersey.server.impl.application.WebApplicationImpl _initiate
INFO: Initiating Jersey application, version 'Jersey: 1.19 02/11/2015 03:25 AM'
Sep 20, 2019 4:50:12 AM com.sun.jersey.server.impl.application.WebApplicationImpl _initiate
INFO: Initiating Jersey application, version 'Jersey: 1.19 02/11/2015 03:25 AM'
Sep 20, 2019 4:50:13 AM com.sun.jersey.server.impl.application.WebApplicationImpl _initiate
INFO: Initiating Jersey application, version 'Jersey: 1.19 02/11/2015 03:25 AM'
Sep 20, 2019 4:50:13 AM com.sun.jersey.server.impl.application.WebApplicationImpl _initiate
INFO: Initiating Jersey application, version 'Jersey: 1.19 02/11/2015 03:25 AM'
Sep 20, 2019 4:50:14 AM com.sun.jersey.server.impl.application.WebApplicationImpl _initiate
INFO: Initiating Jersey application, version 'Jersey: 1.19 02/11/2015 03:25 AM'
Sep 20, 2019 4:50:15 AM org.apache.ratis.thirdparty.io.grpc.internal.ManagedChannelOrphanWrapper$ManagedChannelReference cleanQueue
SEVERE: *~*~*~ Channel ManagedChannelImpl{logId=882, target=192.168.36.79:46574} was not shutdown properly!!! ~*~*~*
    Make sure to call shutdown()/shutdownNow() and wait until awaitTermination() returns true.
java.lang.RuntimeException: ManagedChannel allocation site
	at org.apache.ratis.thirdparty.io.grpc.internal.ManagedChannelOrphanWrapper$ManagedChannelReference.<init>(ManagedChannelOrphanWrapper.java:103)
	at org.apache.ratis.thirdparty.io.grpc.internal.ManagedChannelOrphanWrapper.<init>(ManagedChannelOrphanWrapper.java:53)
	at org.apache.ratis.thirdparty.io.grpc.internal.ManagedChannelOrphanWrapper.<init>(ManagedChannelOrphanWrapper.java:44)
	at org.apache.ratis.thirdparty.io.grpc.internal.AbstractManagedChannelImplBuilder.build(AbstractManagedChannelImplBuilder.java:411)
	at org.apache.ratis.grpc.client.GrpcClientProtocolClient.<init>(GrpcClientProtocolClient.java:119)
	at org.apache.ratis.grpc.client.GrpcClientRpc.lambda$new$0(GrpcClientRpc.java:55)
	at org.apache.ratis.util.PeerProxyMap$PeerAndProxy.lambda$getProxy$0(PeerProxyMap.java:61)
	at org.apache.ratis.util.LifeCycle.startAndTransition(LifeCycle.java:202)
	at org.apache.ratis.util.PeerProxyMap$PeerAndProxy.getProxy(PeerProxyMap.java:60)
	at org.apache.ratis.util.PeerProxyMap.getProxy(PeerProxyMap.java:107)
	at org.apache.ratis.grpc.client.GrpcClientRpc.sendRequestAsync(GrpcClientRpc.java:66)
	at org.apache.ratis.client.impl.OrderedAsync.sendRequest(OrderedAsync.java:208)
	at org.apache.ratis.client.impl.OrderedAsync.sendRequestWithRetry(OrderedAsync.java:169)
	at org.apache.ratis.util.SlidingWindow$Client.sendOrDelayRequest(SlidingWindow.java:278)
	at org.apache.ratis.util.SlidingWindow$Client.retry(SlidingWindow.java:294)
	at org.apache.ratis.client.impl.OrderedAsync.lambda$scheduleWithTimeout$7(OrderedAsync.java:195)
	at org.apache.ratis.util.TimeoutScheduler.lambda$onTimeout$0(TimeoutScheduler.java:85)
	at org.apache.ratis.util.TimeoutScheduler.lambda$onTimeout$1(TimeoutScheduler.java:104)
	at org.apache.ratis.util.LogUtils.runAndLog(LogUtils.java:50)
	at org.apache.ratis.util.LogUtils$1.run(LogUtils.java:91)
	at java.util.concurrent.Executors$RunnableAdapter.call(Executors.java:511)
	at java.util.concurrent.FutureTask.run(FutureTask.java:266)
	at java.util.concurrent.ScheduledThreadPoolExecutor$ScheduledFutureTask.access$201(ScheduledThreadPoolExecutor.java:180)
	at java.util.concurrent.ScheduledThreadPoolExecutor$ScheduledFutureTask.run(ScheduledThreadPoolExecutor.java:293)
	at java.util.concurrent.ThreadPoolExecutor.runWorker(ThreadPoolExecutor.java:1149)
	at java.util.concurrent.ThreadPoolExecutor$Worker.run(ThreadPoolExecutor.java:624)
	at java.lang.Thread.run(Thread.java:748)

]]></system-err>
  </testcase>
</testsuite>