<?xml version="1.0" encoding="UTF-8"?>
<testsuite xmlns:xsi="http://www.w3.org/2001/XMLSchema-instance" xsi:noNamespaceSchemaLocation="https://maven.apache.org/surefire/maven-surefire-plugin/xsd/surefire-test-report.xsd" name="org.apache.hadoop.ozone.client.rpc.TestMultiBlockWritesWithDnFailures" time="153.492" tests="2" errors="1" skipped="0" failures="0">
  <properties>
    <property name="awt.toolkit" value="sun.awt.X11.XToolkit"/>
    <property name="file.encoding.pkg" value="sun.io"/>
    <property name="java.specification.version" value="1.8"/>
    <property name="sun.cpu.isalist" value=""/>
    <property name="sun.jnu.encoding" value="UTF-8"/>
    <property name="java.class.path" value="/workdir/hadoop-ozone/integration-test/target/test-classes:/workdir/hadoop-ozone/integration-test/target/classes:/home/user/.m2/repository/org/apache/hadoop/hadoop-ozone-common/0.5.0-SNAPSHOT/hadoop-ozone-common-0.5.0-SNAPSHOT.jar:/home/user/.m2/repository/org/apache/commons/commons-compress/1.4.1/commons-compress-1.4.1.jar:/home/user/.m2/repository/org/tukaani/xz/1.0/xz-1.0.jar:/home/user/.m2/repository/org/apache/hadoop/hadoop-common/3.2.0/hadoop-common-3.2.0.jar:/home/user/.m2/repository/org/apache/hadoop/hadoop-hdfs/3.2.0/hadoop-hdfs-3.2.0.jar:/home/user/.m2/repository/org/apache/hadoop/hadoop-hdfs-client/3.2.0/hadoop-hdfs-client-3.2.0.jar:/home/user/.m2/repository/com/fasterxml/jackson/core/jackson-annotations/2.9.5/jackson-annotations-2.9.5.jar:/home/user/.m2/repository/org/apache/hadoop/hadoop-hdds-common/0.5.0-SNAPSHOT/hadoop-hdds-common-0.5.0-SNAPSHOT.jar:/home/user/.m2/repository/javax/annotation/javax.annotation-api/1.2/javax.annotation-api-1.2.jar:/home/user/.m2/repository/org/apache/ratis/ratis-server/0.4.0-78e95b9-SNAPSHOT/ratis-server-0.4.0-78e95b9-SNAPSHOT.jar:/home/user/.m2/repository/org/apache/ratis/ratis-thirdparty-misc/0.2.0/ratis-thirdparty-misc-0.2.0.jar:/home/user/.m2/repository/org/apache/ratis/ratis-proto/0.4.0-78e95b9-SNAPSHOT/ratis-proto-0.4.0-78e95b9-SNAPSHOT.jar:/home/user/.m2/repository/org/apache/ratis/ratis-common/0.4.0-78e95b9-SNAPSHOT/ratis-common-0.4.0-78e95b9-SNAPSHOT.jar:/home/user/.m2/repository/org/apache/ratis/ratis-client/0.4.0-78e95b9-SNAPSHOT/ratis-client-0.4.0-78e95b9-SNAPSHOT.jar:/home/user/.m2/repository/org/apache/ratis/ratis-metrics/0.4.0-78e95b9-SNAPSHOT/ratis-metrics-0.4.0-78e95b9-SNAPSHOT.jar:/home/user/.m2/repository/com/github/joshelser/dropwizard-metrics-hadoop-metrics2-reporter/0.1.2/dropwizard-metrics-hadoop-metrics2-reporter-0.1.2.jar:/home/user/.m2/repository/io/dropwizard/metrics/metrics-jvm/3.2.5/metrics-jvm-3.2.5.jar:/home/user/.m2/repository/io/dropwizard/metrics/metrics-ganglia/3.2.5/metrics-ganglia-3.2.5.jar:/home/user/.m2/repository/info/ganglia/gmetric4j/gmetric4j/1.0.7/gmetric4j-1.0.7.jar:/home/user/.m2/repository/org/apache/ratis/ratis-netty/0.4.0-78e95b9-SNAPSHOT/ratis-netty-0.4.0-78e95b9-SNAPSHOT.jar:/home/user/.m2/repository/org/apache/ratis/ratis-grpc/0.4.0-78e95b9-SNAPSHOT/ratis-grpc-0.4.0-78e95b9-SNAPSHOT.jar:/home/user/.m2/repository/org/rocksdb/rocksdbjni/6.0.1/rocksdbjni-6.0.1.jar:/home/user/.m2/repository/org/apache/logging/log4j/log4j-api/2.11.0/log4j-api-2.11.0.jar:/home/user/.m2/repository/org/apache/logging/log4j/log4j-core/2.11.0/log4j-core-2.11.0.jar:/home/user/.m2/repository/com/lmax/disruptor/3.4.2/disruptor-3.4.2.jar:/home/user/.m2/repository/org/apache/commons/commons-pool2/2.6.0/commons-pool2-2.6.0.jar:/home/user/.m2/repository/org/bouncycastle/bcpkix-jdk15on/1.60/bcpkix-jdk15on-1.60.jar:/home/user/.m2/repository/commons-validator/commons-validator/1.6/commons-validator-1.6.jar:/home/user/.m2/repository/commons-digester/commons-digester/1.8.1/commons-digester-1.8.1.jar:/home/user/.m2/repository/io/jaegertracing/jaeger-client/0.33.1/jaeger-client-0.33.1.jar:/home/user/.m2/repository/io/jaegertracing/jaeger-thrift/0.33.1/jaeger-thrift-0.33.1.jar:/home/user/.m2/repository/org/apache/thrift/libthrift/0.11.0/libthrift-0.11.0.jar:/home/user/.m2/repository/com/squareup/okhttp3/okhttp/3.9.0/okhttp-3.9.0.jar:/home/user/.m2/repository/com/squareup/okio/okio/1.13.0/okio-1.13.0.jar:/home/user/.m2/repository/io/jaegertracing/jaeger-core/0.33.1/jaeger-core-0.33.1.jar:/home/user/.m2/repository/io/jaegertracing/jaeger-tracerresolver/0.33.1/jaeger-tracerresolver-0.33.1.jar:/home/user/.m2/repository/io/opentracing/contrib/opentracing-tracerresolver/0.1.5/opentracing-tracerresolver-0.1.5.jar:/home/user/.m2/repository/io/opentracing/opentracing-util/0.31.0/opentracing-util-0.31.0.jar:/home/user/.m2/repository/io/opentracing/opentracing-api/0.31.0/opentracing-api-0.31.0.jar:/home/user/.m2/repository/io/opentracing/opentracing-noop/0.31.0/opentracing-noop-0.31.0.jar:/home/user/.m2/repository/org/apache/hadoop/hadoop-hdds-server-framework/0.5.0-SNAPSHOT/hadoop-hdds-server-framework-0.5.0-SNAPSHOT.jar:/home/user/.m2/repository/org/apache/hadoop/hadoop-hdds-container-service/0.5.0-SNAPSHOT/hadoop-hdds-container-service-0.5.0-SNAPSHOT.jar:/home/user/.m2/repository/org/apache/hadoop/hadoop-hdds-client/0.5.0-SNAPSHOT/hadoop-hdds-client-0.5.0-SNAPSHOT.jar:/home/user/.m2/repository/org/apache/hadoop/hadoop-hdds-tools/0.5.0-SNAPSHOT/hadoop-hdds-tools-0.5.0-SNAPSHOT.jar:/home/user/.m2/repository/org/apache/hadoop/hadoop-hdds-server-scm/0.5.0-SNAPSHOT/hadoop-hdds-server-scm-0.5.0-SNAPSHOT.jar:/home/user/.m2/repository/org/apache/hadoop/hadoop-hdds-docs/0.5.0-SNAPSHOT/hadoop-hdds-docs-0.5.0-SNAPSHOT.jar:/home/user/.m2/repository/io/dropwizard/metrics/metrics-core/3.2.4/metrics-core-3.2.4.jar:/home/user/.m2/repository/org/hamcrest/hamcrest-all/1.3/hamcrest-all-1.3.jar:/home/user/.m2/repository/org/bouncycastle/bcprov-jdk15on/1.60/bcprov-jdk15on-1.60.jar:/home/user/.m2/repository/info/picocli/picocli/3.9.6/picocli-3.9.6.jar:/home/user/.m2/repository/com/google/protobuf/protobuf-java/2.5.0/protobuf-java-2.5.0.jar:/home/user/.m2/repository/com/google/guava/guava/11.0.2/guava-11.0.2.jar:/home/user/.m2/repository/org/apache/hadoop/hadoop-ozone-ozone-manager/0.5.0-SNAPSHOT/hadoop-ozone-ozone-manager-0.5.0-SNAPSHOT.jar:/home/user/.m2/repository/org/apache/hadoop/hadoop-minikdc/3.2.0/hadoop-minikdc-3.2.0.jar:/home/user/.m2/repository/commons-io/commons-io/2.5/commons-io-2.5.jar:/home/user/.m2/repository/org/apache/kerby/kerb-simplekdc/1.0.1/kerb-simplekdc-1.0.1.jar:/home/user/.m2/repository/org/apache/kerby/kerb-client/1.0.1/kerb-client-1.0.1.jar:/home/user/.m2/repository/org/apache/kerby/kerby-config/1.0.1/kerby-config-1.0.1.jar:/home/user/.m2/repository/org/apache/kerby/kerb-core/1.0.1/kerb-core-1.0.1.jar:/home/user/.m2/repository/org/apache/kerby/kerby-pkix/1.0.1/kerby-pkix-1.0.1.jar:/home/user/.m2/repository/org/apache/kerby/kerby-asn1/1.0.1/kerby-asn1-1.0.1.jar:/home/user/.m2/repository/org/apache/kerby/kerby-util/1.0.1/kerby-util-1.0.1.jar:/home/user/.m2/repository/org/apache/kerby/kerb-common/1.0.1/kerb-common-1.0.1.jar:/home/user/.m2/repository/org/apache/kerby/kerb-crypto/1.0.1/kerb-crypto-1.0.1.jar:/home/user/.m2/repository/org/apache/kerby/kerb-util/1.0.1/kerb-util-1.0.1.jar:/home/user/.m2/repository/org/apache/kerby/token-provider/1.0.1/token-provider-1.0.1.jar:/home/user/.m2/repository/org/apache/kerby/kerb-admin/1.0.1/kerb-admin-1.0.1.jar:/home/user/.m2/repository/org/apache/kerby/kerb-server/1.0.1/kerb-server-1.0.1.jar:/home/user/.m2/repository/org/apache/kerby/kerb-identity/1.0.1/kerb-identity-1.0.1.jar:/home/user/.m2/repository/org/apache/kerby/kerby-xdr/1.0.1/kerby-xdr-1.0.1.jar:/home/user/.m2/repository/org/slf4j/slf4j-log4j12/1.7.25/slf4j-log4j12-1.7.25.jar:/home/user/.m2/repository/org/apache/hadoop/hadoop-ozone-s3gateway/0.5.0-SNAPSHOT/hadoop-ozone-s3gateway-0.5.0-SNAPSHOT.jar:/home/user/.m2/repository/org/jboss/weld/servlet/weld-servlet/2.4.7.Final/weld-servlet-2.4.7.Final.jar:/home/user/.m2/repository/org/glassfish/jersey/containers/jersey-container-servlet-core/2.27/jersey-container-servlet-core-2.27.jar:/home/user/.m2/repository/org/glassfish/hk2/external/javax.inject/2.5.0-b42/javax.inject-2.5.0-b42.jar:/home/user/.m2/repository/org/glassfish/jersey/core/jersey-common/2.27/jersey-common-2.27.jar:/home/user/.m2/repository/org/glassfish/hk2/osgi-resource-locator/1.0.1/osgi-resource-locator-1.0.1.jar:/home/user/.m2/repository/javax/ws/rs/javax.ws.rs-api/2.1/javax.ws.rs-api-2.1.jar:/home/user/.m2/repository/org/glassfish/jersey/ext/cdi/jersey-cdi1x/2.27/jersey-cdi1x-2.27.jar:/home/user/.m2/repository/org/glassfish/jersey/inject/jersey-hk2/2.27/jersey-hk2-2.27.jar:/home/user/.m2/repository/org/glassfish/hk2/hk2-locator/2.5.0-b42/hk2-locator-2.5.0-b42.jar:/home/user/.m2/repository/org/javassist/javassist/3.22.0-CR2/javassist-3.22.0-CR2.jar:/home/user/.m2/repository/org/glassfish/hk2/hk2-api/2.5.0/hk2-api-2.5.0.jar:/home/user/.m2/repository/org/glassfish/hk2/external/jakarta.inject/2.5.0/jakarta.inject-2.5.0.jar:/home/user/.m2/repository/org/glassfish/hk2/hk2-utils/2.5.0/hk2-utils-2.5.0.jar:/home/user/.m2/repository/jakarta/annotation/jakarta.annotation-api/1.3.4/jakarta.annotation-api-1.3.4.jar:/home/user/.m2/repository/org/glassfish/hk2/external/aopalliance-repackaged/2.5.0/aopalliance-repackaged-2.5.0.jar:/home/user/.m2/repository/com/fasterxml/jackson/dataformat/jackson-dataformat-xml/2.9.0/jackson-dataformat-xml-2.9.0.jar:/home/user/.m2/repository/com/fasterxml/jackson/core/jackson-core/2.9.5/jackson-core-2.9.5.jar:/home/user/.m2/repository/com/fasterxml/jackson/module/jackson-module-jaxb-annotations/2.9.5/jackson-module-jaxb-annotations-2.9.5.jar:/home/user/.m2/repository/javax/enterprise/cdi-api/1.2/cdi-api-1.2.jar:/home/user/.m2/repository/javax/el/javax.el-api/3.0.0/javax.el-api-3.0.0.jar:/home/user/.m2/repository/javax/interceptor/javax.interceptor-api/1.2/javax.interceptor-api-1.2.jar:/home/user/.m2/repository/javax/inject/javax.inject/1/javax.inject-1.jar:/home/user/.m2/repository/com/sun/xml/bind/jaxb-impl/2.3.0.1/jaxb-impl-2.3.0.1.jar:/home/user/.m2/repository/com/sun/xml/bind/jaxb-core/2.3.0.1/jaxb-core-2.3.0.1.jar:/home/user/.m2/repository/javax/xml/bind/jaxb-api/2.3.0/jaxb-api-2.3.0.jar:/home/user/.m2/repository/javax/activation/activation/1.1.1/activation-1.1.1.jar:/home/user/.m2/repository/org/apache/hadoop/hadoop-ozone-csi/0.5.0-SNAPSHOT/hadoop-ozone-csi-0.5.0-SNAPSHOT.jar:/home/user/.m2/repository/com/google/protobuf/protobuf-java-util/3.5.1/protobuf-java-util-3.5.1.jar:/home/user/.m2/repository/org/apache/hadoop/hadoop-hdds-config/0.5.0-SNAPSHOT/hadoop-hdds-config-0.5.0-SNAPSHOT.jar:/home/user/.m2/repository/io/grpc/grpc-netty/1.17.1/grpc-netty-1.17.1.jar:/home/user/.m2/repository/io/grpc/grpc-core/1.17.1/grpc-core-1.17.1.jar:/home/user/.m2/repository/io/grpc/grpc-context/1.17.1/grpc-context-1.17.1.jar:/home/user/.m2/repository/com/google/errorprone/error_prone_annotations/2.2.0/error_prone_annotations-2.2.0.jar:/home/user/.m2/repository/org/codehaus/mojo/animal-sniffer-annotations/1.17/animal-sniffer-annotations-1.17.jar:/home/user/.m2/repository/io/opencensus/opencensus-api/0.17.0/opencensus-api-0.17.0.jar:/home/user/.m2/repository/io/opencensus/opencensus-contrib-grpc-metrics/0.17.0/opencensus-contrib-grpc-metrics-0.17.0.jar:/home/user/.m2/repository/io/netty/netty-codec-http2/4.1.30.Final/netty-codec-http2-4.1.30.Final.jar:/home/user/.m2/repository/io/netty/netty-codec-http/4.1.30.Final/netty-codec-http-4.1.30.Final.jar:/home/user/.m2/repository/io/netty/netty-codec/4.1.30.Final/netty-codec-4.1.30.Final.jar:/home/user/.m2/repository/io/netty/netty-handler/4.1.30.Final/netty-handler-4.1.30.Final.jar:/home/user/.m2/repository/io/netty/netty-handler-proxy/4.1.30.Final/netty-handler-proxy-4.1.30.Final.jar:/home/user/.m2/repository/io/netty/netty-codec-socks/4.1.30.Final/netty-codec-socks-4.1.30.Final.jar:/home/user/.m2/repository/io/netty/netty-transport-native-epoll/4.1.30.Final/netty-transport-native-epoll-4.1.30.Final.jar:/home/user/.m2/repository/io/netty/netty-common/4.1.30.Final/netty-common-4.1.30.Final.jar:/home/user/.m2/repository/io/netty/netty-buffer/4.1.30.Final/netty-buffer-4.1.30.Final.jar:/home/user/.m2/repository/io/netty/netty-transport/4.1.30.Final/netty-transport-4.1.30.Final.jar:/home/user/.m2/repository/io/netty/netty-resolver/4.1.30.Final/netty-resolver-4.1.30.Final.jar:/home/user/.m2/repository/io/netty/netty-transport-native-unix-common/4.1.30.Final/netty-transport-native-unix-common-4.1.30.Final.jar:/home/user/.m2/repository/io/grpc/grpc-protobuf/1.17.1/grpc-protobuf-1.17.1.jar:/home/user/.m2/repository/com/google/api/grpc/proto-google-common-protos/1.0.0/proto-google-common-protos-1.0.0.jar:/home/user/.m2/repository/io/grpc/grpc-protobuf-lite/1.17.1/grpc-protobuf-lite-1.17.1.jar:/home/user/.m2/repository/io/grpc/grpc-stub/1.17.1/grpc-stub-1.17.1.jar:/home/user/.m2/repository/org/apache/hadoop/hadoop-ozone-recon/0.5.0-SNAPSHOT/hadoop-ozone-recon-0.5.0-SNAPSHOT.jar:/home/user/.m2/repository/org/apache/hadoop/hadoop-ozone-reconcodegen/0.5.0-SNAPSHOT/hadoop-ozone-reconcodegen-0.5.0-SNAPSHOT.jar:/home/user/.m2/repository/com/google/inject/extensions/guice-multibindings/4.0/guice-multibindings-4.0.jar:/home/user/.m2/repository/com/google/inject/guice/4.0/guice-4.0.jar:/home/user/.m2/repository/aopalliance/aopalliance/1.0/aopalliance-1.0.jar:/home/user/.m2/repository/com/google/inject/extensions/guice-servlet/4.0/guice-servlet-4.0.jar:/home/user/.m2/repository/org/glassfish/jersey/containers/jersey-container-servlet/2.27/jersey-container-servlet-2.27.jar:/home/user/.m2/repository/org/glassfish/hk2/guice-bridge/2.5.0/guice-bridge-2.5.0.jar:/home/user/.m2/repository/org/glassfish/jersey/core/jersey-server/2.27/jersey-server-2.27.jar:/home/user/.m2/repository/org/glassfish/jersey/core/jersey-client/2.27/jersey-client-2.27.jar:/home/user/.m2/repository/org/glassfish/jersey/media/jersey-media-jaxb/2.27/jersey-media-jaxb-2.27.jar:/home/user/.m2/repository/javax/validation/validation-api/1.1.0.Final/validation-api-1.1.0.Final.jar:/home/user/.m2/repository/org/glassfish/jersey/media/jersey-media-json-jackson/2.27/jersey-media-json-jackson-2.27.jar:/home/user/.m2/repository/org/glassfish/jersey/ext/jersey-entity-filtering/2.27/jersey-entity-filtering-2.27.jar:/home/user/.m2/repository/com/google/inject/extensions/guice-assistedinject/4.0/guice-assistedinject-4.0.jar:/home/user/.m2/repository/org/jooq/jooq/3.11.10/jooq-3.11.10.jar:/home/user/.m2/repository/org/jooq/jooq-meta/3.11.10/jooq-meta-3.11.10.jar:/home/user/.m2/repository/org/jooq/jooq-codegen/3.11.10/jooq-codegen-3.11.10.jar:/home/user/.m2/repository/com/jolbox/bonecp/0.8.0.RELEASE/bonecp-0.8.0.RELEASE.jar:/home/user/.m2/repository/org/xerial/sqlite-jdbc/3.25.2/sqlite-jdbc-3.25.2.jar:/home/user/.m2/repository/org/springframework/spring-jdbc/5.1.3.RELEASE/spring-jdbc-5.1.3.RELEASE.jar:/home/user/.m2/repository/org/springframework/spring-beans/5.1.3.RELEASE/spring-beans-5.1.3.RELEASE.jar:/home/user/.m2/repository/org/springframework/spring-core/5.1.3.RELEASE/spring-core-5.1.3.RELEASE.jar:/home/user/.m2/repository/org/springframework/spring-jcl/5.1.3.RELEASE/spring-jcl-5.1.3.RELEASE.jar:/home/user/.m2/repository/org/springframework/spring-tx/5.1.3.RELEASE/spring-tx-5.1.3.RELEASE.jar:/home/user/.m2/repository/org/apache/hadoop/hadoop-ozone-client/0.5.0-SNAPSHOT/hadoop-ozone-client-0.5.0-SNAPSHOT.jar:/home/user/.m2/repository/commons-lang/commons-lang/2.6/commons-lang-2.6.jar:/home/user/.m2/repository/org/apache/hadoop/hadoop-ozone-ozone-manager/0.5.0-SNAPSHOT/hadoop-ozone-ozone-manager-0.5.0-SNAPSHOT-tests.jar:/home/user/.m2/repository/junit/junit/4.11/junit-4.11.jar:/home/user/.m2/repository/org/hamcrest/hamcrest-core/1.3/hamcrest-core-1.3.jar:/home/user/.m2/repository/org/openjdk/jmh/jmh-core/1.19/jmh-core-1.19.jar:/home/user/.m2/repository/net/sf/jopt-simple/jopt-simple/4.6/jopt-simple-4.6.jar:/home/user/.m2/repository/org/apache/commons/commons-math3/3.1.1/commons-math3-3.1.1.jar:/home/user/.m2/repository/org/openjdk/jmh/jmh-generator-annprocess/1.19/jmh-generator-annprocess-1.19.jar:/home/user/.m2/repository/org/mockito/mockito-all/1.8.5/mockito-all-1.8.5.jar:/home/user/.m2/repository/org/apache/hadoop/hadoop-kms/3.2.0/hadoop-kms-3.2.0.jar:/home/user/.m2/repository/org/apache/hadoop/hadoop-auth/3.2.0/hadoop-auth-3.2.0.jar:/home/user/.m2/repository/com/nimbusds/nimbus-jose-jwt/4.41.1/nimbus-jose-jwt-4.41.1.jar:/home/user/.m2/repository/com/github/stephenc/jcip/jcip-annotations/1.0-1/jcip-annotations-1.0-1.jar:/home/user/.m2/repository/net/minidev/json-smart/2.3/json-smart-2.3.jar:/home/user/.m2/repository/net/minidev/accessors-smart/1.2/accessors-smart-1.2.jar:/home/user/.m2/repository/org/ow2/asm/asm/5.0.4/asm-5.0.4.jar:/home/user/.m2/repository/org/apache/curator/curator-framework/2.12.0/curator-framework-2.12.0.jar:/home/user/.m2/repository/com/sun/jersey/jersey-core/1.19/jersey-core-1.19.jar:/home/user/.m2/repository/javax/ws/rs/jsr311-api/1.1.1/jsr311-api-1.1.1.jar:/home/user/.m2/repository/com/sun/jersey/jersey-server/1.19/jersey-server-1.19.jar:/home/user/.m2/repository/javax/servlet/javax.servlet-api/3.1.0/javax.servlet-api-3.1.0.jar:/home/user/.m2/repository/org/eclipse/jetty/jetty-server/9.3.24.v20180605/jetty-server-9.3.24.v20180605.jar:/home/user/.m2/repository/org/eclipse/jetty/jetty-http/9.3.24.v20180605/jetty-http-9.3.24.v20180605.jar:/home/user/.m2/repository/org/eclipse/jetty/jetty-io/9.3.24.v20180605/jetty-io-9.3.24.v20180605.jar:/home/user/.m2/repository/org/eclipse/jetty/jetty-webapp/9.3.24.v20180605/jetty-webapp-9.3.24.v20180605.jar:/home/user/.m2/repository/org/eclipse/jetty/jetty-xml/9.3.24.v20180605/jetty-xml-9.3.24.v20180605.jar:/home/user/.m2/repository/log4j/log4j/1.2.17/log4j-1.2.17.jar:/home/user/.m2/repository/org/slf4j/slf4j-api/1.7.25/slf4j-api-1.7.25.jar:/home/user/.m2/repository/org/slf4j/jul-to-slf4j/1.7.25/jul-to-slf4j-1.7.25.jar:/home/user/.m2/repository/org/eclipse/jetty/jetty-util/9.3.24.v20180605/jetty-util-9.3.24.v20180605.jar:/home/user/.m2/repository/com/fasterxml/jackson/core/jackson-databind/2.9.5/jackson-databind-2.9.5.jar:/home/user/.m2/repository/org/apache/hadoop/hadoop-kms/3.2.0/hadoop-kms-3.2.0-tests.jar:/home/user/.m2/repository/org/apache/hadoop/hadoop-hdds-server-scm/0.5.0-SNAPSHOT/hadoop-hdds-server-scm-0.5.0-SNAPSHOT-tests.jar:/home/user/.m2/repository/org/apache/hadoop/hadoop-hdds-container-service/0.5.0-SNAPSHOT/hadoop-hdds-container-service-0.5.0-SNAPSHOT-tests.jar:/home/user/.m2/repository/org/yaml/snakeyaml/1.16/snakeyaml-1.16.jar:/home/user/.m2/repository/org/apache/hadoop/hadoop-common/3.2.0/hadoop-common-3.2.0-tests.jar:/home/user/.m2/repository/org/apache/hadoop/hadoop-annotations/3.2.0/hadoop-annotations-3.2.0.jar:/usr/lib/jvm/java-1.8-openjdk/jre/../lib/tools.jar:/home/user/.m2/repository/commons-cli/commons-cli/1.2/commons-cli-1.2.jar:/home/user/.m2/repository/org/apache/httpcomponents/httpclient/4.5.2/httpclient-4.5.2.jar:/home/user/.m2/repository/org/apache/httpcomponents/httpcore/4.4.4/httpcore-4.4.4.jar:/home/user/.m2/repository/commons-codec/commons-codec/1.11/commons-codec-1.11.jar:/home/user/.m2/repository/commons-net/commons-net/3.6/commons-net-3.6.jar:/home/user/.m2/repository/commons-collections/commons-collections/3.2.2/commons-collections-3.2.2.jar:/home/user/.m2/repository/org/eclipse/jetty/jetty-servlet/9.3.24.v20180605/jetty-servlet-9.3.24.v20180605.jar:/home/user/.m2/repository/org/eclipse/jetty/jetty-security/9.3.24.v20180605/jetty-security-9.3.24.v20180605.jar:/home/user/.m2/repository/javax/servlet/jsp/jsp-api/2.1/jsp-api-2.1.jar:/home/user/.m2/repository/com/sun/jersey/jersey-servlet/1.19/jersey-servlet-1.19.jar:/home/user/.m2/repository/com/sun/jersey/jersey-json/1.19/jersey-json-1.19.jar:/home/user/.m2/repository/org/codehaus/jettison/jettison/1.1/jettison-1.1.jar:/home/user/.m2/repository/org/codehaus/jackson/jackson-core-asl/1.9.13/jackson-core-asl-1.9.13.jar:/home/user/.m2/repository/org/codehaus/jackson/jackson-mapper-asl/1.9.13/jackson-mapper-asl-1.9.13.jar:/home/user/.m2/repository/org/codehaus/jackson/jackson-jaxrs/1.9.13/jackson-jaxrs-1.9.13.jar:/home/user/.m2/repository/org/codehaus/jackson/jackson-xc/1.9.13/jackson-xc-1.9.13.jar:/home/user/.m2/repository/commons-logging/commons-logging/1.1.3/commons-logging-1.1.3.jar:/home/user/.m2/repository/commons-beanutils/commons-beanutils/1.9.3/commons-beanutils-1.9.3.jar:/home/user/.m2/repository/org/apache/commons/commons-configuration2/2.1.1/commons-configuration2-2.1.1.jar:/home/user/.m2/repository/org/apache/commons/commons-lang3/3.7/commons-lang3-3.7.jar:/home/user/.m2/repository/org/apache/commons/commons-text/1.4/commons-text-1.4.jar:/home/user/.m2/repository/org/apache/avro/avro/1.7.7/avro-1.7.7.jar:/home/user/.m2/repository/com/thoughtworks/paranamer/paranamer/2.3/paranamer-2.3.jar:/home/user/.m2/repository/org/xerial/snappy/snappy-java/1.0.5/snappy-java-1.0.5.jar:/home/user/.m2/repository/com/google/re2j/re2j/1.1/re2j-1.1.jar:/home/user/.m2/repository/com/google/code/gson/gson/2.2.4/gson-2.2.4.jar:/home/user/.m2/repository/com/jcraft/jsch/0.1.54/jsch-0.1.54.jar:/home/user/.m2/repository/org/apache/curator/curator-client/2.12.0/curator-client-2.12.0.jar:/home/user/.m2/repository/org/apache/curator/curator-recipes/2.12.0/curator-recipes-2.12.0.jar:/home/user/.m2/repository/com/google/code/findbugs/jsr305/3.0.0/jsr305-3.0.0.jar:/home/user/.m2/repository/org/apache/htrace/htrace-core4/4.1.0-incubating/htrace-core4-4.1.0-incubating.jar:/home/user/.m2/repository/org/apache/zookeeper/zookeeper/3.4.13/zookeeper-3.4.13.jar:/home/user/.m2/repository/org/apache/yetus/audience-annotations/0.5.0/audience-annotations-0.5.0.jar:/home/user/.m2/repository/org/codehaus/woodstox/stax2-api/3.1.4/stax2-api-3.1.4.jar:/home/user/.m2/repository/com/fasterxml/woodstox/woodstox-core/5.0.3/woodstox-core-5.0.3.jar:/home/user/.m2/repository/dnsjava/dnsjava/2.1.7/dnsjava-2.1.7.jar:/home/user/.m2/repository/org/apache/hadoop/hadoop-hdfs/3.2.0/hadoop-hdfs-3.2.0-tests.jar:/home/user/.m2/repository/org/eclipse/jetty/jetty-util-ajax/9.3.24.v20180605/jetty-util-ajax-9.3.24.v20180605.jar:/home/user/.m2/repository/commons-daemon/commons-daemon/1.0.13/commons-daemon-1.0.13.jar:/home/user/.m2/repository/io/netty/netty/3.10.5.Final/netty-3.10.5.Final.jar:/home/user/.m2/repository/io/netty/netty-all/4.0.52.Final/netty-all-4.0.52.Final.jar:/home/user/.m2/repository/org/fusesource/leveldbjni/leveldbjni-all/1.8/leveldbjni-all-1.8.jar:"/>
    <property name="java.vm.vendor" value="IcedTea"/>
    <property name="sun.arch.data.model" value="64"/>
    <property name="test.build.dir" value="/workdir/hadoop-ozone/integration-test/target/test-dir"/>
    <property name="test.cache.data" value=""/>
    <property name="java.vendor.url" value="https://icedtea.classpath.org"/>
    <property name="user.timezone" value=""/>
    <property name="java.vm.specification.version" value="1.8"/>
    <property name="os.name" value="Linux"/>
    <property name="test.build.data" value="/workdir/hadoop-ozone/integration-test/target/test-dir"/>
    <property name="user.country" value="US"/>
    <property name="sun.java.launcher" value="SUN_STANDARD"/>
    <property name="sun.boot.library.path" value="/usr/lib/jvm/java-1.8-openjdk/jre/lib/amd64"/>
    <property name="sun.java.command" value="/workdir/hadoop-ozone/integration-test/target/surefire/surefirebooter7807760803494427280.jar /workdir/hadoop-ozone/integration-test/target/surefire 2019-09-10T17-32-40_455-jvmRun1 surefire7264884929887294683tmp surefire_317644273723219998170tmp"/>
    <property name="test" value="!TestMiniChaosOzoneCluster"/>
    <property name="surefire.test.class.path" value="/workdir/hadoop-ozone/integration-test/target/test-classes:/workdir/hadoop-ozone/integration-test/target/classes:/home/user/.m2/repository/org/apache/hadoop/hadoop-ozone-common/0.5.0-SNAPSHOT/hadoop-ozone-common-0.5.0-SNAPSHOT.jar:/home/user/.m2/repository/org/apache/commons/commons-compress/1.4.1/commons-compress-1.4.1.jar:/home/user/.m2/repository/org/tukaani/xz/1.0/xz-1.0.jar:/home/user/.m2/repository/org/apache/hadoop/hadoop-common/3.2.0/hadoop-common-3.2.0.jar:/home/user/.m2/repository/org/apache/hadoop/hadoop-hdfs/3.2.0/hadoop-hdfs-3.2.0.jar:/home/user/.m2/repository/org/apache/hadoop/hadoop-hdfs-client/3.2.0/hadoop-hdfs-client-3.2.0.jar:/home/user/.m2/repository/com/fasterxml/jackson/core/jackson-annotations/2.9.5/jackson-annotations-2.9.5.jar:/home/user/.m2/repository/org/apache/hadoop/hadoop-hdds-common/0.5.0-SNAPSHOT/hadoop-hdds-common-0.5.0-SNAPSHOT.jar:/home/user/.m2/repository/javax/annotation/javax.annotation-api/1.2/javax.annotation-api-1.2.jar:/home/user/.m2/repository/org/apache/ratis/ratis-server/0.4.0-78e95b9-SNAPSHOT/ratis-server-0.4.0-78e95b9-SNAPSHOT.jar:/home/user/.m2/repository/org/apache/ratis/ratis-thirdparty-misc/0.2.0/ratis-thirdparty-misc-0.2.0.jar:/home/user/.m2/repository/org/apache/ratis/ratis-proto/0.4.0-78e95b9-SNAPSHOT/ratis-proto-0.4.0-78e95b9-SNAPSHOT.jar:/home/user/.m2/repository/org/apache/ratis/ratis-common/0.4.0-78e95b9-SNAPSHOT/ratis-common-0.4.0-78e95b9-SNAPSHOT.jar:/home/user/.m2/repository/org/apache/ratis/ratis-client/0.4.0-78e95b9-SNAPSHOT/ratis-client-0.4.0-78e95b9-SNAPSHOT.jar:/home/user/.m2/repository/org/apache/ratis/ratis-metrics/0.4.0-78e95b9-SNAPSHOT/ratis-metrics-0.4.0-78e95b9-SNAPSHOT.jar:/home/user/.m2/repository/com/github/joshelser/dropwizard-metrics-hadoop-metrics2-reporter/0.1.2/dropwizard-metrics-hadoop-metrics2-reporter-0.1.2.jar:/home/user/.m2/repository/io/dropwizard/metrics/metrics-jvm/3.2.5/metrics-jvm-3.2.5.jar:/home/user/.m2/repository/io/dropwizard/metrics/metrics-ganglia/3.2.5/metrics-ganglia-3.2.5.jar:/home/user/.m2/repository/info/ganglia/gmetric4j/gmetric4j/1.0.7/gmetric4j-1.0.7.jar:/home/user/.m2/repository/org/apache/ratis/ratis-netty/0.4.0-78e95b9-SNAPSHOT/ratis-netty-0.4.0-78e95b9-SNAPSHOT.jar:/home/user/.m2/repository/org/apache/ratis/ratis-grpc/0.4.0-78e95b9-SNAPSHOT/ratis-grpc-0.4.0-78e95b9-SNAPSHOT.jar:/home/user/.m2/repository/org/rocksdb/rocksdbjni/6.0.1/rocksdbjni-6.0.1.jar:/home/user/.m2/repository/org/apache/logging/log4j/log4j-api/2.11.0/log4j-api-2.11.0.jar:/home/user/.m2/repository/org/apache/logging/log4j/log4j-core/2.11.0/log4j-core-2.11.0.jar:/home/user/.m2/repository/com/lmax/disruptor/3.4.2/disruptor-3.4.2.jar:/home/user/.m2/repository/org/apache/commons/commons-pool2/2.6.0/commons-pool2-2.6.0.jar:/home/user/.m2/repository/org/bouncycastle/bcpkix-jdk15on/1.60/bcpkix-jdk15on-1.60.jar:/home/user/.m2/repository/commons-validator/commons-validator/1.6/commons-validator-1.6.jar:/home/user/.m2/repository/commons-digester/commons-digester/1.8.1/commons-digester-1.8.1.jar:/home/user/.m2/repository/io/jaegertracing/jaeger-client/0.33.1/jaeger-client-0.33.1.jar:/home/user/.m2/repository/io/jaegertracing/jaeger-thrift/0.33.1/jaeger-thrift-0.33.1.jar:/home/user/.m2/repository/org/apache/thrift/libthrift/0.11.0/libthrift-0.11.0.jar:/home/user/.m2/repository/com/squareup/okhttp3/okhttp/3.9.0/okhttp-3.9.0.jar:/home/user/.m2/repository/com/squareup/okio/okio/1.13.0/okio-1.13.0.jar:/home/user/.m2/repository/io/jaegertracing/jaeger-core/0.33.1/jaeger-core-0.33.1.jar:/home/user/.m2/repository/io/jaegertracing/jaeger-tracerresolver/0.33.1/jaeger-tracerresolver-0.33.1.jar:/home/user/.m2/repository/io/opentracing/contrib/opentracing-tracerresolver/0.1.5/opentracing-tracerresolver-0.1.5.jar:/home/user/.m2/repository/io/opentracing/opentracing-util/0.31.0/opentracing-util-0.31.0.jar:/home/user/.m2/repository/io/opentracing/opentracing-api/0.31.0/opentracing-api-0.31.0.jar:/home/user/.m2/repository/io/opentracing/opentracing-noop/0.31.0/opentracing-noop-0.31.0.jar:/home/user/.m2/repository/org/apache/hadoop/hadoop-hdds-server-framework/0.5.0-SNAPSHOT/hadoop-hdds-server-framework-0.5.0-SNAPSHOT.jar:/home/user/.m2/repository/org/apache/hadoop/hadoop-hdds-container-service/0.5.0-SNAPSHOT/hadoop-hdds-container-service-0.5.0-SNAPSHOT.jar:/home/user/.m2/repository/org/apache/hadoop/hadoop-hdds-client/0.5.0-SNAPSHOT/hadoop-hdds-client-0.5.0-SNAPSHOT.jar:/home/user/.m2/repository/org/apache/hadoop/hadoop-hdds-tools/0.5.0-SNAPSHOT/hadoop-hdds-tools-0.5.0-SNAPSHOT.jar:/home/user/.m2/repository/org/apache/hadoop/hadoop-hdds-server-scm/0.5.0-SNAPSHOT/hadoop-hdds-server-scm-0.5.0-SNAPSHOT.jar:/home/user/.m2/repository/org/apache/hadoop/hadoop-hdds-docs/0.5.0-SNAPSHOT/hadoop-hdds-docs-0.5.0-SNAPSHOT.jar:/home/user/.m2/repository/io/dropwizard/metrics/metrics-core/3.2.4/metrics-core-3.2.4.jar:/home/user/.m2/repository/org/hamcrest/hamcrest-all/1.3/hamcrest-all-1.3.jar:/home/user/.m2/repository/org/bouncycastle/bcprov-jdk15on/1.60/bcprov-jdk15on-1.60.jar:/home/user/.m2/repository/info/picocli/picocli/3.9.6/picocli-3.9.6.jar:/home/user/.m2/repository/com/google/protobuf/protobuf-java/2.5.0/protobuf-java-2.5.0.jar:/home/user/.m2/repository/com/google/guava/guava/11.0.2/guava-11.0.2.jar:/home/user/.m2/repository/org/apache/hadoop/hadoop-ozone-ozone-manager/0.5.0-SNAPSHOT/hadoop-ozone-ozone-manager-0.5.0-SNAPSHOT.jar:/home/user/.m2/repository/org/apache/hadoop/hadoop-minikdc/3.2.0/hadoop-minikdc-3.2.0.jar:/home/user/.m2/repository/commons-io/commons-io/2.5/commons-io-2.5.jar:/home/user/.m2/repository/org/apache/kerby/kerb-simplekdc/1.0.1/kerb-simplekdc-1.0.1.jar:/home/user/.m2/repository/org/apache/kerby/kerb-client/1.0.1/kerb-client-1.0.1.jar:/home/user/.m2/repository/org/apache/kerby/kerby-config/1.0.1/kerby-config-1.0.1.jar:/home/user/.m2/repository/org/apache/kerby/kerb-core/1.0.1/kerb-core-1.0.1.jar:/home/user/.m2/repository/org/apache/kerby/kerby-pkix/1.0.1/kerby-pkix-1.0.1.jar:/home/user/.m2/repository/org/apache/kerby/kerby-asn1/1.0.1/kerby-asn1-1.0.1.jar:/home/user/.m2/repository/org/apache/kerby/kerby-util/1.0.1/kerby-util-1.0.1.jar:/home/user/.m2/repository/org/apache/kerby/kerb-common/1.0.1/kerb-common-1.0.1.jar:/home/user/.m2/repository/org/apache/kerby/kerb-crypto/1.0.1/kerb-crypto-1.0.1.jar:/home/user/.m2/repository/org/apache/kerby/kerb-util/1.0.1/kerb-util-1.0.1.jar:/home/user/.m2/repository/org/apache/kerby/token-provider/1.0.1/token-provider-1.0.1.jar:/home/user/.m2/repository/org/apache/kerby/kerb-admin/1.0.1/kerb-admin-1.0.1.jar:/home/user/.m2/repository/org/apache/kerby/kerb-server/1.0.1/kerb-server-1.0.1.jar:/home/user/.m2/repository/org/apache/kerby/kerb-identity/1.0.1/kerb-identity-1.0.1.jar:/home/user/.m2/repository/org/apache/kerby/kerby-xdr/1.0.1/kerby-xdr-1.0.1.jar:/home/user/.m2/repository/org/slf4j/slf4j-log4j12/1.7.25/slf4j-log4j12-1.7.25.jar:/home/user/.m2/repository/org/apache/hadoop/hadoop-ozone-s3gateway/0.5.0-SNAPSHOT/hadoop-ozone-s3gateway-0.5.0-SNAPSHOT.jar:/home/user/.m2/repository/org/jboss/weld/servlet/weld-servlet/2.4.7.Final/weld-servlet-2.4.7.Final.jar:/home/user/.m2/repository/org/glassfish/jersey/containers/jersey-container-servlet-core/2.27/jersey-container-servlet-core-2.27.jar:/home/user/.m2/repository/org/glassfish/hk2/external/javax.inject/2.5.0-b42/javax.inject-2.5.0-b42.jar:/home/user/.m2/repository/org/glassfish/jersey/core/jersey-common/2.27/jersey-common-2.27.jar:/home/user/.m2/repository/org/glassfish/hk2/osgi-resource-locator/1.0.1/osgi-resource-locator-1.0.1.jar:/home/user/.m2/repository/javax/ws/rs/javax.ws.rs-api/2.1/javax.ws.rs-api-2.1.jar:/home/user/.m2/repository/org/glassfish/jersey/ext/cdi/jersey-cdi1x/2.27/jersey-cdi1x-2.27.jar:/home/user/.m2/repository/org/glassfish/jersey/inject/jersey-hk2/2.27/jersey-hk2-2.27.jar:/home/user/.m2/repository/org/glassfish/hk2/hk2-locator/2.5.0-b42/hk2-locator-2.5.0-b42.jar:/home/user/.m2/repository/org/javassist/javassist/3.22.0-CR2/javassist-3.22.0-CR2.jar:/home/user/.m2/repository/org/glassfish/hk2/hk2-api/2.5.0/hk2-api-2.5.0.jar:/home/user/.m2/repository/org/glassfish/hk2/external/jakarta.inject/2.5.0/jakarta.inject-2.5.0.jar:/home/user/.m2/repository/org/glassfish/hk2/hk2-utils/2.5.0/hk2-utils-2.5.0.jar:/home/user/.m2/repository/jakarta/annotation/jakarta.annotation-api/1.3.4/jakarta.annotation-api-1.3.4.jar:/home/user/.m2/repository/org/glassfish/hk2/external/aopalliance-repackaged/2.5.0/aopalliance-repackaged-2.5.0.jar:/home/user/.m2/repository/com/fasterxml/jackson/dataformat/jackson-dataformat-xml/2.9.0/jackson-dataformat-xml-2.9.0.jar:/home/user/.m2/repository/com/fasterxml/jackson/core/jackson-core/2.9.5/jackson-core-2.9.5.jar:/home/user/.m2/repository/com/fasterxml/jackson/module/jackson-module-jaxb-annotations/2.9.5/jackson-module-jaxb-annotations-2.9.5.jar:/home/user/.m2/repository/javax/enterprise/cdi-api/1.2/cdi-api-1.2.jar:/home/user/.m2/repository/javax/el/javax.el-api/3.0.0/javax.el-api-3.0.0.jar:/home/user/.m2/repository/javax/interceptor/javax.interceptor-api/1.2/javax.interceptor-api-1.2.jar:/home/user/.m2/repository/javax/inject/javax.inject/1/javax.inject-1.jar:/home/user/.m2/repository/com/sun/xml/bind/jaxb-impl/2.3.0.1/jaxb-impl-2.3.0.1.jar:/home/user/.m2/repository/com/sun/xml/bind/jaxb-core/2.3.0.1/jaxb-core-2.3.0.1.jar:/home/user/.m2/repository/javax/xml/bind/jaxb-api/2.3.0/jaxb-api-2.3.0.jar:/home/user/.m2/repository/javax/activation/activation/1.1.1/activation-1.1.1.jar:/home/user/.m2/repository/org/apache/hadoop/hadoop-ozone-csi/0.5.0-SNAPSHOT/hadoop-ozone-csi-0.5.0-SNAPSHOT.jar:/home/user/.m2/repository/com/google/protobuf/protobuf-java-util/3.5.1/protobuf-java-util-3.5.1.jar:/home/user/.m2/repository/org/apache/hadoop/hadoop-hdds-config/0.5.0-SNAPSHOT/hadoop-hdds-config-0.5.0-SNAPSHOT.jar:/home/user/.m2/repository/io/grpc/grpc-netty/1.17.1/grpc-netty-1.17.1.jar:/home/user/.m2/repository/io/grpc/grpc-core/1.17.1/grpc-core-1.17.1.jar:/home/user/.m2/repository/io/grpc/grpc-context/1.17.1/grpc-context-1.17.1.jar:/home/user/.m2/repository/com/google/errorprone/error_prone_annotations/2.2.0/error_prone_annotations-2.2.0.jar:/home/user/.m2/repository/org/codehaus/mojo/animal-sniffer-annotations/1.17/animal-sniffer-annotations-1.17.jar:/home/user/.m2/repository/io/opencensus/opencensus-api/0.17.0/opencensus-api-0.17.0.jar:/home/user/.m2/repository/io/opencensus/opencensus-contrib-grpc-metrics/0.17.0/opencensus-contrib-grpc-metrics-0.17.0.jar:/home/user/.m2/repository/io/netty/netty-codec-http2/4.1.30.Final/netty-codec-http2-4.1.30.Final.jar:/home/user/.m2/repository/io/netty/netty-codec-http/4.1.30.Final/netty-codec-http-4.1.30.Final.jar:/home/user/.m2/repository/io/netty/netty-codec/4.1.30.Final/netty-codec-4.1.30.Final.jar:/home/user/.m2/repository/io/netty/netty-handler/4.1.30.Final/netty-handler-4.1.30.Final.jar:/home/user/.m2/repository/io/netty/netty-handler-proxy/4.1.30.Final/netty-handler-proxy-4.1.30.Final.jar:/home/user/.m2/repository/io/netty/netty-codec-socks/4.1.30.Final/netty-codec-socks-4.1.30.Final.jar:/home/user/.m2/repository/io/netty/netty-transport-native-epoll/4.1.30.Final/netty-transport-native-epoll-4.1.30.Final.jar:/home/user/.m2/repository/io/netty/netty-common/4.1.30.Final/netty-common-4.1.30.Final.jar:/home/user/.m2/repository/io/netty/netty-buffer/4.1.30.Final/netty-buffer-4.1.30.Final.jar:/home/user/.m2/repository/io/netty/netty-transport/4.1.30.Final/netty-transport-4.1.30.Final.jar:/home/user/.m2/repository/io/netty/netty-resolver/4.1.30.Final/netty-resolver-4.1.30.Final.jar:/home/user/.m2/repository/io/netty/netty-transport-native-unix-common/4.1.30.Final/netty-transport-native-unix-common-4.1.30.Final.jar:/home/user/.m2/repository/io/grpc/grpc-protobuf/1.17.1/grpc-protobuf-1.17.1.jar:/home/user/.m2/repository/com/google/api/grpc/proto-google-common-protos/1.0.0/proto-google-common-protos-1.0.0.jar:/home/user/.m2/repository/io/grpc/grpc-protobuf-lite/1.17.1/grpc-protobuf-lite-1.17.1.jar:/home/user/.m2/repository/io/grpc/grpc-stub/1.17.1/grpc-stub-1.17.1.jar:/home/user/.m2/repository/org/apache/hadoop/hadoop-ozone-recon/0.5.0-SNAPSHOT/hadoop-ozone-recon-0.5.0-SNAPSHOT.jar:/home/user/.m2/repository/org/apache/hadoop/hadoop-ozone-reconcodegen/0.5.0-SNAPSHOT/hadoop-ozone-reconcodegen-0.5.0-SNAPSHOT.jar:/home/user/.m2/repository/com/google/inject/extensions/guice-multibindings/4.0/guice-multibindings-4.0.jar:/home/user/.m2/repository/com/google/inject/guice/4.0/guice-4.0.jar:/home/user/.m2/repository/aopalliance/aopalliance/1.0/aopalliance-1.0.jar:/home/user/.m2/repository/com/google/inject/extensions/guice-servlet/4.0/guice-servlet-4.0.jar:/home/user/.m2/repository/org/glassfish/jersey/containers/jersey-container-servlet/2.27/jersey-container-servlet-2.27.jar:/home/user/.m2/repository/org/glassfish/hk2/guice-bridge/2.5.0/guice-bridge-2.5.0.jar:/home/user/.m2/repository/org/glassfish/jersey/core/jersey-server/2.27/jersey-server-2.27.jar:/home/user/.m2/repository/org/glassfish/jersey/core/jersey-client/2.27/jersey-client-2.27.jar:/home/user/.m2/repository/org/glassfish/jersey/media/jersey-media-jaxb/2.27/jersey-media-jaxb-2.27.jar:/home/user/.m2/repository/javax/validation/validation-api/1.1.0.Final/validation-api-1.1.0.Final.jar:/home/user/.m2/repository/org/glassfish/jersey/media/jersey-media-json-jackson/2.27/jersey-media-json-jackson-2.27.jar:/home/user/.m2/repository/org/glassfish/jersey/ext/jersey-entity-filtering/2.27/jersey-entity-filtering-2.27.jar:/home/user/.m2/repository/com/google/inject/extensions/guice-assistedinject/4.0/guice-assistedinject-4.0.jar:/home/user/.m2/repository/org/jooq/jooq/3.11.10/jooq-3.11.10.jar:/home/user/.m2/repository/org/jooq/jooq-meta/3.11.10/jooq-meta-3.11.10.jar:/home/user/.m2/repository/org/jooq/jooq-codegen/3.11.10/jooq-codegen-3.11.10.jar:/home/user/.m2/repository/com/jolbox/bonecp/0.8.0.RELEASE/bonecp-0.8.0.RELEASE.jar:/home/user/.m2/repository/org/xerial/sqlite-jdbc/3.25.2/sqlite-jdbc-3.25.2.jar:/home/user/.m2/repository/org/springframework/spring-jdbc/5.1.3.RELEASE/spring-jdbc-5.1.3.RELEASE.jar:/home/user/.m2/repository/org/springframework/spring-beans/5.1.3.RELEASE/spring-beans-5.1.3.RELEASE.jar:/home/user/.m2/repository/org/springframework/spring-core/5.1.3.RELEASE/spring-core-5.1.3.RELEASE.jar:/home/user/.m2/repository/org/springframework/spring-jcl/5.1.3.RELEASE/spring-jcl-5.1.3.RELEASE.jar:/home/user/.m2/repository/org/springframework/spring-tx/5.1.3.RELEASE/spring-tx-5.1.3.RELEASE.jar:/home/user/.m2/repository/org/apache/hadoop/hadoop-ozone-client/0.5.0-SNAPSHOT/hadoop-ozone-client-0.5.0-SNAPSHOT.jar:/home/user/.m2/repository/commons-lang/commons-lang/2.6/commons-lang-2.6.jar:/home/user/.m2/repository/org/apache/hadoop/hadoop-ozone-ozone-manager/0.5.0-SNAPSHOT/hadoop-ozone-ozone-manager-0.5.0-SNAPSHOT-tests.jar:/home/user/.m2/repository/junit/junit/4.11/junit-4.11.jar:/home/user/.m2/repository/org/hamcrest/hamcrest-core/1.3/hamcrest-core-1.3.jar:/home/user/.m2/repository/org/openjdk/jmh/jmh-core/1.19/jmh-core-1.19.jar:/home/user/.m2/repository/net/sf/jopt-simple/jopt-simple/4.6/jopt-simple-4.6.jar:/home/user/.m2/repository/org/apache/commons/commons-math3/3.1.1/commons-math3-3.1.1.jar:/home/user/.m2/repository/org/openjdk/jmh/jmh-generator-annprocess/1.19/jmh-generator-annprocess-1.19.jar:/home/user/.m2/repository/org/mockito/mockito-all/1.8.5/mockito-all-1.8.5.jar:/home/user/.m2/repository/org/apache/hadoop/hadoop-kms/3.2.0/hadoop-kms-3.2.0.jar:/home/user/.m2/repository/org/apache/hadoop/hadoop-auth/3.2.0/hadoop-auth-3.2.0.jar:/home/user/.m2/repository/com/nimbusds/nimbus-jose-jwt/4.41.1/nimbus-jose-jwt-4.41.1.jar:/home/user/.m2/repository/com/github/stephenc/jcip/jcip-annotations/1.0-1/jcip-annotations-1.0-1.jar:/home/user/.m2/repository/net/minidev/json-smart/2.3/json-smart-2.3.jar:/home/user/.m2/repository/net/minidev/accessors-smart/1.2/accessors-smart-1.2.jar:/home/user/.m2/repository/org/ow2/asm/asm/5.0.4/asm-5.0.4.jar:/home/user/.m2/repository/org/apache/curator/curator-framework/2.12.0/curator-framework-2.12.0.jar:/home/user/.m2/repository/com/sun/jersey/jersey-core/1.19/jersey-core-1.19.jar:/home/user/.m2/repository/javax/ws/rs/jsr311-api/1.1.1/jsr311-api-1.1.1.jar:/home/user/.m2/repository/com/sun/jersey/jersey-server/1.19/jersey-server-1.19.jar:/home/user/.m2/repository/javax/servlet/javax.servlet-api/3.1.0/javax.servlet-api-3.1.0.jar:/home/user/.m2/repository/org/eclipse/jetty/jetty-server/9.3.24.v20180605/jetty-server-9.3.24.v20180605.jar:/home/user/.m2/repository/org/eclipse/jetty/jetty-http/9.3.24.v20180605/jetty-http-9.3.24.v20180605.jar:/home/user/.m2/repository/org/eclipse/jetty/jetty-io/9.3.24.v20180605/jetty-io-9.3.24.v20180605.jar:/home/user/.m2/repository/org/eclipse/jetty/jetty-webapp/9.3.24.v20180605/jetty-webapp-9.3.24.v20180605.jar:/home/user/.m2/repository/org/eclipse/jetty/jetty-xml/9.3.24.v20180605/jetty-xml-9.3.24.v20180605.jar:/home/user/.m2/repository/log4j/log4j/1.2.17/log4j-1.2.17.jar:/home/user/.m2/repository/org/slf4j/slf4j-api/1.7.25/slf4j-api-1.7.25.jar:/home/user/.m2/repository/org/slf4j/jul-to-slf4j/1.7.25/jul-to-slf4j-1.7.25.jar:/home/user/.m2/repository/org/eclipse/jetty/jetty-util/9.3.24.v20180605/jetty-util-9.3.24.v20180605.jar:/home/user/.m2/repository/com/fasterxml/jackson/core/jackson-databind/2.9.5/jackson-databind-2.9.5.jar:/home/user/.m2/repository/org/apache/hadoop/hadoop-kms/3.2.0/hadoop-kms-3.2.0-tests.jar:/home/user/.m2/repository/org/apache/hadoop/hadoop-hdds-server-scm/0.5.0-SNAPSHOT/hadoop-hdds-server-scm-0.5.0-SNAPSHOT-tests.jar:/home/user/.m2/repository/org/apache/hadoop/hadoop-hdds-container-service/0.5.0-SNAPSHOT/hadoop-hdds-container-service-0.5.0-SNAPSHOT-tests.jar:/home/user/.m2/repository/org/yaml/snakeyaml/1.16/snakeyaml-1.16.jar:/home/user/.m2/repository/org/apache/hadoop/hadoop-common/3.2.0/hadoop-common-3.2.0-tests.jar:/home/user/.m2/repository/org/apache/hadoop/hadoop-annotations/3.2.0/hadoop-annotations-3.2.0.jar:/usr/lib/jvm/java-1.8-openjdk/jre/../lib/tools.jar:/home/user/.m2/repository/commons-cli/commons-cli/1.2/commons-cli-1.2.jar:/home/user/.m2/repository/org/apache/httpcomponents/httpclient/4.5.2/httpclient-4.5.2.jar:/home/user/.m2/repository/org/apache/httpcomponents/httpcore/4.4.4/httpcore-4.4.4.jar:/home/user/.m2/repository/commons-codec/commons-codec/1.11/commons-codec-1.11.jar:/home/user/.m2/repository/commons-net/commons-net/3.6/commons-net-3.6.jar:/home/user/.m2/repository/commons-collections/commons-collections/3.2.2/commons-collections-3.2.2.jar:/home/user/.m2/repository/org/eclipse/jetty/jetty-servlet/9.3.24.v20180605/jetty-servlet-9.3.24.v20180605.jar:/home/user/.m2/repository/org/eclipse/jetty/jetty-security/9.3.24.v20180605/jetty-security-9.3.24.v20180605.jar:/home/user/.m2/repository/javax/servlet/jsp/jsp-api/2.1/jsp-api-2.1.jar:/home/user/.m2/repository/com/sun/jersey/jersey-servlet/1.19/jersey-servlet-1.19.jar:/home/user/.m2/repository/com/sun/jersey/jersey-json/1.19/jersey-json-1.19.jar:/home/user/.m2/repository/org/codehaus/jettison/jettison/1.1/jettison-1.1.jar:/home/user/.m2/repository/org/codehaus/jackson/jackson-core-asl/1.9.13/jackson-core-asl-1.9.13.jar:/home/user/.m2/repository/org/codehaus/jackson/jackson-mapper-asl/1.9.13/jackson-mapper-asl-1.9.13.jar:/home/user/.m2/repository/org/codehaus/jackson/jackson-jaxrs/1.9.13/jackson-jaxrs-1.9.13.jar:/home/user/.m2/repository/org/codehaus/jackson/jackson-xc/1.9.13/jackson-xc-1.9.13.jar:/home/user/.m2/repository/commons-logging/commons-logging/1.1.3/commons-logging-1.1.3.jar:/home/user/.m2/repository/commons-beanutils/commons-beanutils/1.9.3/commons-beanutils-1.9.3.jar:/home/user/.m2/repository/org/apache/commons/commons-configuration2/2.1.1/commons-configuration2-2.1.1.jar:/home/user/.m2/repository/org/apache/commons/commons-lang3/3.7/commons-lang3-3.7.jar:/home/user/.m2/repository/org/apache/commons/commons-text/1.4/commons-text-1.4.jar:/home/user/.m2/repository/org/apache/avro/avro/1.7.7/avro-1.7.7.jar:/home/user/.m2/repository/com/thoughtworks/paranamer/paranamer/2.3/paranamer-2.3.jar:/home/user/.m2/repository/org/xerial/snappy/snappy-java/1.0.5/snappy-java-1.0.5.jar:/home/user/.m2/repository/com/google/re2j/re2j/1.1/re2j-1.1.jar:/home/user/.m2/repository/com/google/code/gson/gson/2.2.4/gson-2.2.4.jar:/home/user/.m2/repository/com/jcraft/jsch/0.1.54/jsch-0.1.54.jar:/home/user/.m2/repository/org/apache/curator/curator-client/2.12.0/curator-client-2.12.0.jar:/home/user/.m2/repository/org/apache/curator/curator-recipes/2.12.0/curator-recipes-2.12.0.jar:/home/user/.m2/repository/com/google/code/findbugs/jsr305/3.0.0/jsr305-3.0.0.jar:/home/user/.m2/repository/org/apache/htrace/htrace-core4/4.1.0-incubating/htrace-core4-4.1.0-incubating.jar:/home/user/.m2/repository/org/apache/zookeeper/zookeeper/3.4.13/zookeeper-3.4.13.jar:/home/user/.m2/repository/org/apache/yetus/audience-annotations/0.5.0/audience-annotations-0.5.0.jar:/home/user/.m2/repository/org/codehaus/woodstox/stax2-api/3.1.4/stax2-api-3.1.4.jar:/home/user/.m2/repository/com/fasterxml/woodstox/woodstox-core/5.0.3/woodstox-core-5.0.3.jar:/home/user/.m2/repository/dnsjava/dnsjava/2.1.7/dnsjava-2.1.7.jar:/home/user/.m2/repository/org/apache/hadoop/hadoop-hdfs/3.2.0/hadoop-hdfs-3.2.0-tests.jar:/home/user/.m2/repository/org/eclipse/jetty/jetty-util-ajax/9.3.24.v20180605/jetty-util-ajax-9.3.24.v20180605.jar:/home/user/.m2/repository/commons-daemon/commons-daemon/1.0.13/commons-daemon-1.0.13.jar:/home/user/.m2/repository/io/netty/netty/3.10.5.Final/netty-3.10.5.Final.jar:/home/user/.m2/repository/io/netty/netty-all/4.0.52.Final/netty-all-4.0.52.Final.jar:/home/user/.m2/repository/org/fusesource/leveldbjni/leveldbjni-all/1.8/leveldbjni-all-1.8.jar:"/>
    <property name="sun.cpu.endian" value="little"/>
    <property name="user.home" value="/home/user"/>
    <property name="user.language" value="en"/>
    <property name="java.specification.vendor" value="Oracle Corporation"/>
    <property name="java.home" value="/usr/lib/jvm/java-1.8-openjdk/jre"/>
    <property name="java.security.krb5.conf" value="/workdir/hadoop-ozone/integration-test/target/test-classes/krb5.conf"/>
    <property name="basedir" value="/workdir/hadoop-ozone/integration-test"/>
    <property name="file.separator" value="/"/>
    <property name="line.separator" value="&#10;"/>
    <property name="java.vm.specification.vendor" value="Oracle Corporation"/>
    <property name="java.specification.name" value="Java Platform API Specification"/>
    <property name="java.awt.graphicsenv" value="sun.awt.X11GraphicsEnvironment"/>
    <property name="surefire.real.class.path" value="/workdir/hadoop-ozone/integration-test/target/surefire/surefirebooter7807760803494427280.jar"/>
    <property name="hadoop.log.dir" value="/workdir/hadoop-ozone/integration-test/target/log"/>
    <property name="sun.boot.class.path" value="/usr/lib/jvm/java-1.8-openjdk/jre/lib/resources.jar:/usr/lib/jvm/java-1.8-openjdk/jre/lib/rt.jar:/usr/lib/jvm/java-1.8-openjdk/jre/lib/sunrsasign.jar:/usr/lib/jvm/java-1.8-openjdk/jre/lib/jsse.jar:/usr/lib/jvm/java-1.8-openjdk/jre/lib/jce.jar:/usr/lib/jvm/java-1.8-openjdk/jre/lib/charsets.jar:/usr/lib/jvm/java-1.8-openjdk/jre/lib/jfr.jar:/usr/lib/jvm/java-1.8-openjdk/jre/classes"/>
    <property name="sun.management.compiler" value="HotSpot 64-Bit Tiered Compilers"/>
    <property name="java.runtime.version" value="1.8.0_212-b04"/>
    <property name="java.net.preferIPv4Stack" value="true"/>
    <property name="user.name" value="jenkins1000"/>
    <property name="path.separator" value=":"/>
    <property name="java.security.egd" value="file:///dev/urandom"/>
    <property name="os.version" value="3.10.0-957.12.2.el7.x86_64"/>
    <property name="java.endorsed.dirs" value="/usr/lib/jvm/java-1.8-openjdk/jre/lib/endorsed"/>
    <property name="java.runtime.name" value="OpenJDK Runtime Environment"/>
    <property name="file.encoding" value="UTF-8"/>
    <property name="java.vm.name" value="OpenJDK 64-Bit Server VM"/>
    <property name="test.build.webapps" value=""/>
    <property name="localRepository" value="/home/user/.m2/repository"/>
    <property name="java.vendor.url.bug" value="https://icedtea.classpath.org/bugzilla"/>
    <property name="java.io.tmpdir" value="/tmp"/>
    <property name="require.test.libhadoop" value=""/>
    <property name="java.version" value="1.8.0_212"/>
    <property name="user.dir" value="/workdir/hadoop-ozone/integration-test"/>
    <property name="os.arch" value="amd64"/>
    <property name="java.vm.specification.name" value="Java Virtual Machine Specification"/>
    <property name="test.build.classes" value="/workdir/hadoop-ozone/integration-test/target/test-classes"/>
    <property name="java.awt.printerjob" value="sun.print.PSPrinterJob"/>
    <property name="sun.os.patch.level" value="unknown"/>
    <property name="hadoop.tmp.dir" value="/workdir/hadoop-ozone/integration-test/target/tmp"/>
    <property name="java.library.path" value="/usr/lib/jvm/java-1.8-openjdk/jre/lib/amd64/server:/usr/lib/jvm/java-1.8-openjdk/jre/lib/amd64:/usr/lib/jvm/java-1.8-openjdk/jre/../lib/amd64:/workdir/hadoop-ozone/integration-test/target/native/target/usr/local/lib:/workdir/hadoop-ozone/integration-test/../../hadoop-common-project/hadoop-common/target/native/target/usr/local/lib:/usr/java/packages/lib/amd64:/usr/lib64:/lib64:/lib:/usr/lib"/>
    <property name="java.vm.info" value="mixed mode"/>
    <property name="java.vendor" value="IcedTea"/>
    <property name="java.vm.version" value="25.212-b04"/>
    <property name="java.ext.dirs" value="/usr/lib/jvm/java-1.8-openjdk/jre/lib/ext:/usr/java/packages/lib/ext"/>
    <property name="sun.io.unicode.encoding" value="UnicodeLittle"/>
    <property name="java.class.version" value="52.0"/>
  </properties>
  <testcase name="testMultiBlockWritesWithIntermittentDnFailures" classname="org.apache.hadoop.ozone.client.rpc.TestMultiBlockWritesWithDnFailures" time="102.935">
    <error message="Allocated 0 blocks. Requested 1 blocks" type="INTERNAL_ERROR org.apache.hadoop.ozone.om.exceptions.OMException">INTERNAL_ERROR org.apache.hadoop.ozone.om.exceptions.OMException: Allocated 0 blocks. Requested 1 blocks
	at org.apache.hadoop.ozone.om.protocolPB.OzoneManagerProtocolClientSideTranslatorPB.handleError(OzoneManagerProtocolClientSideTranslatorPB.java:725)
	at org.apache.hadoop.ozone.om.protocolPB.OzoneManagerProtocolClientSideTranslatorPB.allocateBlock(OzoneManagerProtocolClientSideTranslatorPB.java:757)
	at org.apache.hadoop.ozone.client.io.BlockOutputStreamEntryPool.allocateNewBlock(BlockOutputStreamEntryPool.java:248)
	at org.apache.hadoop.ozone.client.io.BlockOutputStreamEntryPool.allocateBlockIfNeeded(BlockOutputStreamEntryPool.java:296)
	at org.apache.hadoop.ozone.client.io.KeyOutputStream.handleWrite(KeyOutputStream.java:201)
	at org.apache.hadoop.ozone.client.io.KeyOutputStream.handleRetry(KeyOutputStream.java:376)
	at org.apache.hadoop.ozone.client.io.KeyOutputStream.handleException(KeyOutputStream.java:325)
	at org.apache.hadoop.ozone.client.io.KeyOutputStream.handleWrite(KeyOutputStream.java:231)
	at org.apache.hadoop.ozone.client.io.KeyOutputStream.write(KeyOutputStream.java:193)
	at org.apache.hadoop.ozone.client.io.OzoneOutputStream.write(OzoneOutputStream.java:49)
	at java.io.OutputStream.write(OutputStream.java:75)
	at org.apache.hadoop.ozone.client.rpc.TestMultiBlockWritesWithDnFailures.testMultiBlockWritesWithIntermittentDnFailures(TestMultiBlockWritesWithDnFailures.java:196)
	at sun.reflect.NativeMethodAccessorImpl.invoke0(Native Method)
	at sun.reflect.NativeMethodAccessorImpl.invoke(NativeMethodAccessorImpl.java:62)
	at sun.reflect.DelegatingMethodAccessorImpl.invoke(DelegatingMethodAccessorImpl.java:43)
	at java.lang.reflect.Method.invoke(Method.java:498)
	at org.junit.runners.model.FrameworkMethod$1.runReflectiveCall(FrameworkMethod.java:47)
	at org.junit.internal.runners.model.ReflectiveCallable.run(ReflectiveCallable.java:12)
	at org.junit.runners.model.FrameworkMethod.invokeExplosively(FrameworkMethod.java:44)
	at org.junit.internal.runners.statements.InvokeMethod.evaluate(InvokeMethod.java:17)
	at org.junit.internal.runners.statements.RunAfters.evaluate(RunAfters.java:27)
	at org.junit.runners.ParentRunner.runLeaf(ParentRunner.java:271)
	at org.junit.runners.BlockJUnit4ClassRunner.runChild(BlockJUnit4ClassRunner.java:70)
	at org.junit.runners.BlockJUnit4ClassRunner.runChild(BlockJUnit4ClassRunner.java:50)
	at org.junit.runners.ParentRunner$3.run(ParentRunner.java:238)
	at org.junit.runners.ParentRunner$1.schedule(ParentRunner.java:63)
	at org.junit.runners.ParentRunner.runChildren(ParentRunner.java:236)
	at org.junit.runners.ParentRunner.access$000(ParentRunner.java:53)
	at org.junit.runners.ParentRunner$2.evaluate(ParentRunner.java:229)
	at org.junit.runners.ParentRunner.run(ParentRunner.java:309)
	at org.apache.maven.surefire.junit4.JUnit4Provider.execute(JUnit4Provider.java:365)
	at org.apache.maven.surefire.junit4.JUnit4Provider.executeWithRerun(JUnit4Provider.java:273)
	at org.apache.maven.surefire.junit4.JUnit4Provider.executeTestSet(JUnit4Provider.java:238)
	at org.apache.maven.surefire.junit4.JUnit4Provider.invoke(JUnit4Provider.java:159)
	at org.apache.maven.surefire.booter.ForkedBooter.invokeProviderInSameClassLoader(ForkedBooter.java:384)
	at org.apache.maven.surefire.booter.ForkedBooter.runSuitesInProcess(ForkedBooter.java:345)
	at org.apache.maven.surefire.booter.ForkedBooter.execute(ForkedBooter.java:126)
	at org.apache.maven.surefire.booter.ForkedBooter.main(ForkedBooter.java:418)
</error>
    <system-out><![CDATA[2019-09-10 18:32:41,090 [main] WARN  server.ServerUtils (ServerUtils.java:getScmDbDir(145)) - ozone.scm.db.dirs is not configured. We recommend adding this setting. Falling back to ozone.metadata.dirs instead.
2019-09-10 18:32:41,253 [main] WARN  server.ServerUtils (ServerUtils.java:getScmDbDir(145)) - ozone.scm.db.dirs is not configured. We recommend adding this setting. Falling back to ozone.metadata.dirs instead.
2019-09-10 18:32:41,257 [main] WARN  server.ServerUtils (ServerUtils.java:getScmDbDir(145)) - ozone.scm.db.dirs is not configured. We recommend adding this setting. Falling back to ozone.metadata.dirs instead.
2019-09-10 18:32:41,277 [main] INFO  util.log (Log.java:initialized(192)) - Logging initialized @872ms
2019-09-10 18:32:41,385 [main] INFO  db.DBStoreBuilder (DBStoreBuilder.java:addTable(110)) - using custom profile for table: deletedBlocks
2019-09-10 18:32:41,386 [main] INFO  db.DBStoreBuilder (DBStoreBuilder.java:processTables(161)) - Using default column profile:DBProfile.DISK for Table:deletedBlocks
2019-09-10 18:32:41,387 [main] INFO  db.DBStoreBuilder (DBStoreBuilder.java:addTable(110)) - using custom profile for table: validCerts
2019-09-10 18:32:41,387 [main] INFO  db.DBStoreBuilder (DBStoreBuilder.java:processTables(161)) - Using default column profile:DBProfile.DISK for Table:validCerts
2019-09-10 18:32:41,388 [main] INFO  db.DBStoreBuilder (DBStoreBuilder.java:addTable(110)) - using custom profile for table: revokedCerts
2019-09-10 18:32:41,388 [main] INFO  db.DBStoreBuilder (DBStoreBuilder.java:processTables(161)) - Using default column profile:DBProfile.DISK for Table:revokedCerts
2019-09-10 18:32:41,406 [main] INFO  db.DBStoreBuilder (DBStoreBuilder.java:addTable(110)) - using custom profile for table: default
2019-09-10 18:32:41,406 [main] INFO  db.DBStoreBuilder (DBStoreBuilder.java:processTables(167)) - Using default column profile:DBProfile.DISK for Table:default
2019-09-10 18:32:41,408 [main] INFO  db.DBStoreBuilder (DBStoreBuilder.java:getDbProfile(198)) - Using default options. DBProfile.DISK
2019-09-10 18:32:41,856 [main] INFO  net.NodeSchemaLoader (NodeSchemaLoader.java:loadSchemaFromFile(125)) - Loading file from sun.misc.CompoundEnumeration@55182842
2019-09-10 18:32:41,858 [main] INFO  net.NodeSchemaLoader (NodeSchemaLoader.java:loadSchema(171)) - Loading network topology layer schema file
2019-09-10 18:32:41,932 [main] INFO  node.SCMNodeManager (SCMNodeManager.java:<init>(114)) - Entering startup safe mode.
2019-09-10 18:32:42,006 [main] INFO  algorithms.ContainerPlacementPolicyFactory (ContainerPlacementPolicyFactory.java:getPolicy(57)) - Create container placement policy of type org.apache.hadoop.hdds.scm.container.placement.algorithms.SCMContainerPlacementRandom
2019-09-10 18:32:42,021 [main] WARN  server.ServerUtils (ServerUtils.java:getScmDbDir(145)) - ozone.scm.db.dirs is not configured. We recommend adding this setting. Falling back to ozone.metadata.dirs instead.
2019-09-10 18:32:42,173 [main] INFO  pipeline.SCMPipelineManager (SCMPipelineManager.java:initializePipelineState(128)) - No pipeline exists in current db
2019-09-10 18:32:42,177 [main] WARN  server.ServerUtils (ServerUtils.java:getScmDbDir(145)) - ozone.scm.db.dirs is not configured. We recommend adding this setting. Falling back to ozone.metadata.dirs instead.
2019-09-10 18:32:42,430 [main] WARN  events.EventQueue (EventQueue.java:fireEvent(183)) - No event handler registered for event TypedEvent{payloadType=SafeModeStatus, name='SafeModeStatus'}
2019-09-10 18:32:42,824 [main] INFO  ipc.CallQueueManager (CallQueueManager.java:<init>(84)) - Using callQueue: class java.util.concurrent.LinkedBlockingQueue, queueCapacity: 2000, scheduler: class org.apache.hadoop.ipc.DefaultRpcScheduler, ipcBackoff: false.
2019-09-10 18:32:42,855 [Socket Reader #1 for port 35934] INFO  ipc.Server (Server.java:run(1074)) - Starting Socket Reader #1 for port 35934
2019-09-10 18:32:43,012 [main] INFO  ipc.CallQueueManager (CallQueueManager.java:<init>(84)) - Using callQueue: class java.util.concurrent.LinkedBlockingQueue, queueCapacity: 2000, scheduler: class org.apache.hadoop.ipc.DefaultRpcScheduler, ipcBackoff: false.
2019-09-10 18:32:43,013 [Socket Reader #1 for port 46213] INFO  ipc.Server (Server.java:run(1074)) - Starting Socket Reader #1 for port 46213
2019-09-10 18:32:43,026 [main] INFO  ipc.CallQueueManager (CallQueueManager.java:<init>(84)) - Using callQueue: class java.util.concurrent.LinkedBlockingQueue, queueCapacity: 2000, scheduler: class org.apache.hadoop.ipc.DefaultRpcScheduler, ipcBackoff: false.
2019-09-10 18:32:43,027 [Socket Reader #1 for port 44790] INFO  ipc.Server (Server.java:run(1074)) - Starting Socket Reader #1 for port 44790
2019-09-10 18:32:43,057 [main] INFO  hdfs.DFSUtil (DFSUtil.java:httpServerTemplateForNNAndJN(1641)) - Starting Web-server for scm at: http://0.0.0.0:0
2019-09-10 18:32:43,244 [main] INFO  server.AuthenticationFilter (AuthenticationFilter.java:constructSecretProvider(240)) - Unable to initialize FileSignerSecretProvider, falling back to use random secrets.
2019-09-10 18:32:43,254 [main] WARN  http.HttpRequestLog (HttpRequestLog.java:getRequestLog(97)) - Jetty request log can only be enabled using Log4j
2019-09-10 18:32:43,263 [main] INFO  http.HttpServer2 (HttpServer2.java:addGlobalFilter(975)) - Added global filter 'safety' (class=org.apache.hadoop.http.HttpServer2$QuotingInputFilter)
2019-09-10 18:32:43,266 [main] INFO  http.HttpServer2 (HttpServer2.java:addFilter(948)) - Added filter static_user_filter (class=org.apache.hadoop.http.lib.StaticUserWebFilter$StaticUserFilter) to context scm
2019-09-10 18:32:43,266 [main] INFO  http.HttpServer2 (HttpServer2.java:addFilter(958)) - Added filter static_user_filter (class=org.apache.hadoop.http.lib.StaticUserWebFilter$StaticUserFilter) to context static
2019-09-10 18:32:43,266 [main] INFO  http.HttpServer2 (HttpServer2.java:addFilter(958)) - Added filter static_user_filter (class=org.apache.hadoop.http.lib.StaticUserWebFilter$StaticUserFilter) to context logs
2019-09-10 18:32:43,300 [main] INFO  server.StorageContainerManager (StorageContainerManager.java:start(763)) - StorageContainerLocationProtocol RPC server is listening at /0.0.0.0:44790
2019-09-10 18:32:43,392 [main] WARN  impl.MetricsConfig (MetricsConfig.java:loadFirst(134)) - Cannot locate configuration: tried hadoop-metrics2-storagecontainermanager.properties,hadoop-metrics2.properties
2019-09-10 18:32:43,409 [main] INFO  impl.MetricsSystemImpl (MetricsSystemImpl.java:startTimer(374)) - Scheduled Metric snapshot period at 10 second(s).
2019-09-10 18:32:43,409 [main] INFO  impl.MetricsSystemImpl (MetricsSystemImpl.java:start(191)) - StorageContainerManager metrics system started
2019-09-10 18:32:43,686 [main] INFO  server.SCMClientProtocolServer (SCMClientProtocolServer.java:start(151)) - RPC server for Client  is listening at /0.0.0.0:44790
2019-09-10 18:32:43,686 [IPC Server listener on 44790] INFO  ipc.Server (Server.java:run(1153)) - IPC Server listener on 44790: starting
2019-09-10 18:32:43,686 [IPC Server Responder] INFO  ipc.Server (Server.java:run(1314)) - IPC Server Responder: starting
2019-09-10 18:32:43,689 [main] INFO  server.StorageContainerManager (StorageContainerManager.java:start(773)) - ScmBlockLocationProtocol RPC server is listening at /0.0.0.0:46213
2019-09-10 18:32:43,691 [main] INFO  server.SCMBlockProtocolServer (SCMBlockProtocolServer.java:start(146)) - RPC server for Block Protocol is listening at /0.0.0.0:46213
2019-09-10 18:32:43,691 [IPC Server Responder] INFO  ipc.Server (Server.java:run(1314)) - IPC Server Responder: starting
2019-09-10 18:32:43,691 [IPC Server listener on 46213] INFO  ipc.Server (Server.java:run(1153)) - IPC Server listener on 46213: starting
2019-09-10 18:32:43,693 [main] INFO  server.StorageContainerManager (StorageContainerManager.java:start(777)) - ScmDatanodeProtocl RPC server is listening at /0.0.0.0:35934
2019-09-10 18:32:43,694 [main] INFO  server.SCMDatanodeProtocolServer (SCMDatanodeProtocolServer.java:start(191)) - RPC server for DataNodes is listening at /0.0.0.0:35934
2019-09-10 18:32:43,694 [IPC Server Responder] INFO  ipc.Server (Server.java:run(1314)) - IPC Server Responder: starting
2019-09-10 18:32:43,694 [IPC Server listener on 35934] INFO  ipc.Server (Server.java:run(1153)) - IPC Server listener on 35934: starting
2019-09-10 18:32:43,698 [main] INFO  http.HttpServer2 (HttpServer2.java:bindListener(1191)) - Jetty bound to port 43391
2019-09-10 18:32:43,699 [main] INFO  server.Server (Server.java:doStart(351)) - jetty-9.3.24.v20180605, build timestamp: 2018-06-05T17:11:56Z, git hash: 84205aa28f11a4f31f2a3b86d1bba2cc8ab69827
2019-09-10 18:32:43,736 [main] INFO  handler.ContextHandler (ContextHandler.java:doStart(781)) - Started o.e.j.s.ServletContextHandler@45815ffc{/logs,file:///workdir/hadoop-ozone/integration-test/target/log,AVAILABLE}
2019-09-10 18:32:43,737 [main] INFO  handler.ContextHandler (ContextHandler.java:doStart(781)) - Started o.e.j.s.ServletContextHandler@d3957fe{/static,file:///workdir/hadoop-ozone/integration-test/target/test-classes/webapps/static,AVAILABLE}
2019-09-10 18:32:43,772 [main] INFO  handler.ContextHandler (ContextHandler.java:doStart(781)) - Started o.e.j.w.WebAppContext@4cc547a{/,file:///workdir/hadoop-ozone/integration-test/target/test-classes/webapps/scm/,AVAILABLE}{/scm}
2019-09-10 18:32:43,781 [main] INFO  server.AbstractConnector (AbstractConnector.java:doStart(278)) - Started ServerConnector@3574e198{HTTP/1.1,[http/1.1]}{0.0.0.0:43391}
2019-09-10 18:32:43,782 [main] INFO  server.Server (Server.java:doStart(419)) - Started @3376ms
2019-09-10 18:32:43,785 [main] INFO  impl.MetricsSinkAdapter (MetricsSinkAdapter.java:start(204)) - Sink prometheus started
2019-09-10 18:32:43,785 [main] INFO  impl.MetricsSystemImpl (MetricsSystemImpl.java:registerSink(301)) - Registered sink prometheus
2019-09-10 18:32:43,787 [main] INFO  server.BaseHttpServer (BaseHttpServer.java:updateConnectorAddress(215)) - HTTP server of SCM is listening at http://0.0.0.0:43391
2019-09-10 18:32:43,792 [org.apache.hadoop.util.JvmPauseMonitor$Monitor@67427b69] INFO  util.JvmPauseMonitor (JvmPauseMonitor.java:run(188)) - Starting JVM pause monitor
2019-09-10 18:32:43,795 [main] WARN  server.ServerUtils (ServerUtils.java:getDBPath(222)) - ozone.om.db.dirs is not configured. We recommend adding this setting. Falling back to ozone.metadata.dirs instead.
2019-09-10 18:32:43,929 [main] WARN  server.ServerUtils (ServerUtils.java:getDBPath(222)) - ozone.om.db.dirs is not configured. We recommend adding this setting. Falling back to ozone.metadata.dirs instead.
2019-09-10 18:32:43,930 [main] WARN  server.ServerUtils (ServerUtils.java:getDBPath(222)) - ozone.om.db.dirs is not configured. We recommend adding this setting. Falling back to ozone.metadata.dirs instead.
2019-09-10 18:32:43,931 [main] INFO  om.OzoneManager (OzoneManager.java:setOMNodeDetails(649)) - OM Service ID is not set. Setting it to the default ID: omServiceIdDefault
2019-09-10 18:32:43,931 [main] INFO  om.OzoneManager (OzoneManager.java:setOMNodeDetails(655)) - OM Node ID is not set. Setting it to the OmStorage's OmID: 2bc58bf3-bcba-4492-a04b-64f2ed9ec8ce
2019-09-10 18:32:43,932 [main] INFO  om.OzoneManager (OzoneManager.java:loadOMHAConfigs(606)) - Found matching OM address with OMServiceId: null, OMNodeId: null, RPC Address: localhost:0 and Ratis port: 9872
2019-09-10 18:32:44,656 [main] WARN  server.ServerUtils (ServerUtils.java:getDBPath(222)) - ozone.om.db.dirs is not configured. We recommend adding this setting. Falling back to ozone.metadata.dirs instead.
2019-09-10 18:32:44,664 [main] INFO  db.DBStoreBuilder (DBStoreBuilder.java:addTable(110)) - using custom profile for table: userTable
2019-09-10 18:32:44,664 [main] INFO  db.DBStoreBuilder (DBStoreBuilder.java:processTables(161)) - Using default column profile:DBProfile.DISK for Table:userTable
2019-09-10 18:32:44,664 [main] INFO  db.DBStoreBuilder (DBStoreBuilder.java:addTable(110)) - using custom profile for table: volumeTable
2019-09-10 18:32:44,665 [main] INFO  db.DBStoreBuilder (DBStoreBuilder.java:processTables(161)) - Using default column profile:DBProfile.DISK for Table:volumeTable
2019-09-10 18:32:44,665 [main] INFO  db.DBStoreBuilder (DBStoreBuilder.java:addTable(110)) - using custom profile for table: bucketTable
2019-09-10 18:32:44,665 [main] INFO  db.DBStoreBuilder (DBStoreBuilder.java:processTables(161)) - Using default column profile:DBProfile.DISK for Table:bucketTable
2019-09-10 18:32:44,665 [main] INFO  db.DBStoreBuilder (DBStoreBuilder.java:addTable(110)) - using custom profile for table: keyTable
2019-09-10 18:32:44,666 [main] INFO  db.DBStoreBuilder (DBStoreBuilder.java:processTables(161)) - Using default column profile:DBProfile.DISK for Table:keyTable
2019-09-10 18:32:44,666 [main] INFO  db.DBStoreBuilder (DBStoreBuilder.java:addTable(110)) - using custom profile for table: deletedTable
2019-09-10 18:32:44,666 [main] INFO  db.DBStoreBuilder (DBStoreBuilder.java:processTables(161)) - Using default column profile:DBProfile.DISK for Table:deletedTable
2019-09-10 18:32:44,666 [main] INFO  db.DBStoreBuilder (DBStoreBuilder.java:addTable(110)) - using custom profile for table: openKeyTable
2019-09-10 18:32:44,667 [main] INFO  db.DBStoreBuilder (DBStoreBuilder.java:processTables(161)) - Using default column profile:DBProfile.DISK for Table:openKeyTable
2019-09-10 18:32:44,667 [main] INFO  db.DBStoreBuilder (DBStoreBuilder.java:addTable(110)) - using custom profile for table: s3Table
2019-09-10 18:32:44,667 [main] INFO  db.DBStoreBuilder (DBStoreBuilder.java:processTables(161)) - Using default column profile:DBProfile.DISK for Table:s3Table
2019-09-10 18:32:44,667 [main] INFO  db.DBStoreBuilder (DBStoreBuilder.java:addTable(110)) - using custom profile for table: multipartInfoTable
2019-09-10 18:32:44,668 [main] INFO  db.DBStoreBuilder (DBStoreBuilder.java:processTables(161)) - Using default column profile:DBProfile.DISK for Table:multipartInfoTable
2019-09-10 18:32:44,668 [main] INFO  db.DBStoreBuilder (DBStoreBuilder.java:addTable(110)) - using custom profile for table: dTokenTable
2019-09-10 18:32:44,668 [main] INFO  db.DBStoreBuilder (DBStoreBuilder.java:processTables(161)) - Using default column profile:DBProfile.DISK for Table:dTokenTable
2019-09-10 18:32:44,668 [main] INFO  db.DBStoreBuilder (DBStoreBuilder.java:addTable(110)) - using custom profile for table: s3SecretTable
2019-09-10 18:32:44,669 [main] INFO  db.DBStoreBuilder (DBStoreBuilder.java:processTables(161)) - Using default column profile:DBProfile.DISK for Table:s3SecretTable
2019-09-10 18:32:44,669 [main] INFO  db.DBStoreBuilder (DBStoreBuilder.java:addTable(110)) - using custom profile for table: prefixTable
2019-09-10 18:32:44,669 [main] INFO  db.DBStoreBuilder (DBStoreBuilder.java:processTables(161)) - Using default column profile:DBProfile.DISK for Table:prefixTable
2019-09-10 18:32:44,669 [main] INFO  db.DBStoreBuilder (DBStoreBuilder.java:addTable(110)) - using custom profile for table: default
2019-09-10 18:32:44,670 [main] INFO  db.DBStoreBuilder (DBStoreBuilder.java:processTables(167)) - Using default column profile:DBProfile.DISK for Table:default
2019-09-10 18:32:44,670 [main] INFO  db.DBStoreBuilder (DBStoreBuilder.java:getDbProfile(198)) - Using default options. DBProfile.DISK
2019-09-10 18:32:45,500 [main] INFO  ipc.CallQueueManager (CallQueueManager.java:<init>(84)) - Using callQueue: class java.util.concurrent.LinkedBlockingQueue, queueCapacity: 2000, scheduler: class org.apache.hadoop.ipc.DefaultRpcScheduler, ipcBackoff: false.
2019-09-10 18:32:45,501 [Socket Reader #1 for port 34247] INFO  ipc.Server (Server.java:run(1074)) - Starting Socket Reader #1 for port 34247
2019-09-10 18:32:45,524 [main] INFO  om.OzoneManager (OzoneManager.java:start(1240)) - OzoneManager RPC server is listening at localhost/127.0.0.1:34247
2019-09-10 18:32:45,524 [main] INFO  impl.MetricsSystemImpl (MetricsSystemImpl.java:init(158)) - OzoneManager metrics system started (again)
2019-09-10 18:32:45,526 [IPC Server Responder] INFO  ipc.Server (Server.java:run(1314)) - IPC Server Responder: starting
2019-09-10 18:32:45,526 [IPC Server listener on 34247] INFO  ipc.Server (Server.java:run(1153)) - IPC Server listener on 34247: starting
2019-09-10 18:32:45,532 [main] INFO  hdfs.DFSUtil (DFSUtil.java:httpServerTemplateForNNAndJN(1641)) - Starting Web-server for ozoneManager at: http://0.0.0.0:0
2019-09-10 18:32:45,534 [main] INFO  server.AuthenticationFilter (AuthenticationFilter.java:constructSecretProvider(240)) - Unable to initialize FileSignerSecretProvider, falling back to use random secrets.
2019-09-10 18:32:45,535 [main] WARN  http.HttpRequestLog (HttpRequestLog.java:getRequestLog(97)) - Jetty request log can only be enabled using Log4j
2019-09-10 18:32:45,539 [main] INFO  http.HttpServer2 (HttpServer2.java:addGlobalFilter(975)) - Added global filter 'safety' (class=org.apache.hadoop.http.HttpServer2$QuotingInputFilter)
2019-09-10 18:32:45,540 [main] INFO  http.HttpServer2 (HttpServer2.java:addFilter(948)) - Added filter static_user_filter (class=org.apache.hadoop.http.lib.StaticUserWebFilter$StaticUserFilter) to context ozoneManager
2019-09-10 18:32:45,540 [main] INFO  http.HttpServer2 (HttpServer2.java:addFilter(958)) - Added filter static_user_filter (class=org.apache.hadoop.http.lib.StaticUserWebFilter$StaticUserFilter) to context logs
2019-09-10 18:32:45,541 [main] INFO  http.HttpServer2 (HttpServer2.java:addFilter(958)) - Added filter static_user_filter (class=org.apache.hadoop.http.lib.StaticUserWebFilter$StaticUserFilter) to context static
2019-09-10 18:32:45,544 [main] INFO  http.HttpServer2 (HttpServer2.java:bindListener(1191)) - Jetty bound to port 46844
2019-09-10 18:32:45,544 [main] INFO  server.Server (Server.java:doStart(351)) - jetty-9.3.24.v20180605, build timestamp: 2018-06-05T17:11:56Z, git hash: 84205aa28f11a4f31f2a3b86d1bba2cc8ab69827
2019-09-10 18:32:45,547 [main] INFO  handler.ContextHandler (ContextHandler.java:doStart(781)) - Started o.e.j.s.ServletContextHandler@6c37bd27{/logs,file:///workdir/hadoop-ozone/integration-test/target/log,AVAILABLE}
2019-09-10 18:32:45,548 [main] INFO  handler.ContextHandler (ContextHandler.java:doStart(781)) - Started o.e.j.s.ServletContextHandler@30331109{/static,file:///workdir/hadoop-ozone/integration-test/target/test-classes/webapps/static,AVAILABLE}
2019-09-10 18:32:45,555 [main] INFO  handler.ContextHandler (ContextHandler.java:doStart(781)) - Started o.e.j.w.WebAppContext@66e889df{/,file:///workdir/hadoop-ozone/integration-test/target/test-classes/webapps/ozoneManager/,AVAILABLE}{/ozoneManager}
2019-09-10 18:32:45,557 [main] INFO  server.AbstractConnector (AbstractConnector.java:doStart(278)) - Started ServerConnector@444548a0{HTTP/1.1,[http/1.1]}{0.0.0.0:46844}
2019-09-10 18:32:45,558 [main] INFO  server.Server (Server.java:doStart(419)) - Started @5153ms
2019-09-10 18:32:45,558 [main] WARN  impl.MetricsSystemImpl (MetricsSystemImpl.java:register(276)) - Sink prometheus already exists!
2019-09-10 18:32:45,559 [main] INFO  server.BaseHttpServer (BaseHttpServer.java:updateConnectorAddress(215)) - HTTP server of OZONEMANAGER is listening at http://0.0.0.0:46844
2019-09-10 18:32:45,945 [main] INFO  impl.MetricsSystemImpl (MetricsSystemImpl.java:init(158)) - HddsDatanode metrics system started (again)
2019-09-10 18:32:46,002 [main] INFO  ozone.HddsDatanodeService (HddsDatanodeService.java:start(184)) - HddsDatanodeService host:pr-hdds-1786-trunk-k6rzm-1803654198 ip:192.168.5.139
2019-09-10 18:32:46,045 [main] INFO  volume.HddsVolume (HddsVolume.java:<init>(176)) - Creating Volume: /workdir/hadoop-ozone/integration-test/target/test-dir/MiniOzoneClusterImpl-34bd394c-9e3d-49fb-9b5f-f4de544d8d6b/datanode-0/data/containers/hdds of  storage type : DISK and capacity : 1482555576320
2019-09-10 18:32:46,048 [main] INFO  volume.VolumeSet (VolumeSet.java:initializeVolumeSet(170)) - Added Volume : /workdir/hadoop-ozone/integration-test/target/test-dir/MiniOzoneClusterImpl-34bd394c-9e3d-49fb-9b5f-f4de544d8d6b/datanode-0/data/containers/hdds to VolumeSet
2019-09-10 18:32:46,052 [main] INFO  volume.ThrottledAsyncChecker (ThrottledAsyncChecker.java:schedule(139)) - Scheduling a check for org.apache.hadoop.ozone.container.common.volume.HddsVolume@6fd5717c
2019-09-10 18:32:46,074 [main] INFO  volume.HddsVolumeChecker (HddsVolumeChecker.java:checkAllVolumes(202)) - Scheduled health check for volume org.apache.hadoop.ozone.container.common.volume.HddsVolume@6fd5717c
2019-09-10 18:32:46,219 [main] INFO  impl.RaftServerProxy (ConfUtils.java:logGet(43)) - raft.rpc.type = GRPC (default)
2019-09-10 18:32:46,289 [main] INFO  grpc.GrpcFactory (GrpcFactory.java:checkPooledByteBufAllocatorUseCacheForAllThreads(45)) - PERFORMANCE WARNING: useCacheForAllThreads is true that may cause Netty to create a lot garbage objects and, as a result, trigger GC.
	It is recommended to disable useCacheForAllThreads by setting -Dorg.apache.ratis.thirdparty.io.netty.allocator.useCacheForAllThreads=false in command line.
2019-09-10 18:32:46,294 [main] INFO  grpc.GrpcConfigKeys$Server (ConfUtils.java:logGet(43)) - raft.grpc.server.port = 0 (default)
2019-09-10 18:32:46,296 [main] INFO  server.GrpcService (ConfUtils.java:logGet(43)) - raft.grpc.message.size.max = 33570816 (custom)
2019-09-10 18:32:46,297 [main] INFO  server.RaftServerConfigKeys (ConfUtils.java:logGet(43)) - raft.server.log.appender.buffer.byte-limit = 33554432 (custom)
2019-09-10 18:32:46,298 [main] INFO  server.GrpcService (ConfUtils.java:logGet(43)) - raft.grpc.flow.control.window = 1MB (=1048576) (default)
2019-09-10 18:32:46,299 [main] INFO  server.RaftServerConfigKeys (ConfUtils.java:logGet(43)) - raft.server.rpc.request.timeout = 3000ms (default)
2019-09-10 18:32:46,460 [main] INFO  server.RaftServerConfigKeys (ConfUtils.java:logGet(43)) - raft.server.storage.dir = [/workdir/hadoop-ozone/integration-test/target/test-dir/MiniOzoneClusterImpl-34bd394c-9e3d-49fb-9b5f-f4de544d8d6b/datanode-0/data/ratis] (custom)
2019-09-10 18:32:46,511 [main] INFO  hdfs.DFSUtil (DFSUtil.java:httpServerTemplateForNNAndJN(1641)) - Starting Web-server for hddsDatanode at: http://0.0.0.0:0
2019-09-10 18:32:46,514 [main] INFO  server.AuthenticationFilter (AuthenticationFilter.java:constructSecretProvider(240)) - Unable to initialize FileSignerSecretProvider, falling back to use random secrets.
2019-09-10 18:32:46,515 [main] WARN  http.HttpRequestLog (HttpRequestLog.java:getRequestLog(97)) - Jetty request log can only be enabled using Log4j
2019-09-10 18:32:46,517 [main] INFO  http.HttpServer2 (HttpServer2.java:addGlobalFilter(975)) - Added global filter 'safety' (class=org.apache.hadoop.http.HttpServer2$QuotingInputFilter)
2019-09-10 18:32:46,518 [main] INFO  http.HttpServer2 (HttpServer2.java:addFilter(948)) - Added filter static_user_filter (class=org.apache.hadoop.http.lib.StaticUserWebFilter$StaticUserFilter) to context hddsDatanode
2019-09-10 18:32:46,519 [main] INFO  http.HttpServer2 (HttpServer2.java:addFilter(958)) - Added filter static_user_filter (class=org.apache.hadoop.http.lib.StaticUserWebFilter$StaticUserFilter) to context logs
2019-09-10 18:32:46,519 [main] INFO  http.HttpServer2 (HttpServer2.java:addFilter(958)) - Added filter static_user_filter (class=org.apache.hadoop.http.lib.StaticUserWebFilter$StaticUserFilter) to context static
2019-09-10 18:32:46,520 [main] INFO  http.HttpServer2 (HttpServer2.java:bindListener(1191)) - Jetty bound to port 44633
2019-09-10 18:32:46,521 [main] INFO  server.Server (Server.java:doStart(351)) - jetty-9.3.24.v20180605, build timestamp: 2018-06-05T17:11:56Z, git hash: 84205aa28f11a4f31f2a3b86d1bba2cc8ab69827
2019-09-10 18:32:46,524 [main] INFO  handler.ContextHandler (ContextHandler.java:doStart(781)) - Started o.e.j.s.ServletContextHandler@6069dd38{/logs,file:///workdir/hadoop-ozone/integration-test/target/log,AVAILABLE}
2019-09-10 18:32:46,524 [main] INFO  handler.ContextHandler (ContextHandler.java:doStart(781)) - Started o.e.j.s.ServletContextHandler@558756be{/static,jar:file:/home/user/.m2/repository/org/apache/hadoop/hadoop-hdds-container-service/0.5.0-SNAPSHOT/hadoop-hdds-container-service-0.5.0-SNAPSHOT.jar!/webapps/static,AVAILABLE}
2019-09-10 18:32:46,575 [main] INFO  handler.ContextHandler (ContextHandler.java:doStart(781)) - Started o.e.j.w.WebAppContext@43e9089{/,file:///tmp/jetty-0.0.0.0-44633-hddsDatanode-_-any-2055185842414883411.dir/webapp/,AVAILABLE}{/hddsDatanode}
2019-09-10 18:32:46,576 [main] INFO  server.AbstractConnector (AbstractConnector.java:doStart(278)) - Started ServerConnector@3c5dbdf8{HTTP/1.1,[http/1.1]}{0.0.0.0:44633}
2019-09-10 18:32:46,578 [main] INFO  server.Server (Server.java:doStart(419)) - Started @6172ms
2019-09-10 18:32:46,578 [main] WARN  impl.MetricsSystemImpl (MetricsSystemImpl.java:register(276)) - Sink prometheus already exists!
2019-09-10 18:32:46,579 [main] INFO  server.BaseHttpServer (BaseHttpServer.java:updateConnectorAddress(215)) - HTTP server of HDDSDATANODE is listening at http://0.0.0.0:44633
2019-09-10 18:32:46,581 [main] INFO  impl.MetricsSystemImpl (MetricsSystemImpl.java:init(158)) - HddsDatanode metrics system started (again)
2019-09-10 18:32:46,587 [main] INFO  ozone.HddsDatanodeService (HddsDatanodeService.java:start(184)) - HddsDatanodeService host:pr-hdds-1786-trunk-k6rzm-1803654198 ip:192.168.5.139
2019-09-10 18:32:46,587 [org.apache.hadoop.util.JvmPauseMonitor$Monitor@519d87e3] INFO  util.JvmPauseMonitor (JvmPauseMonitor.java:run(188)) - Starting JVM pause monitor
2019-09-10 18:32:46,600 [main] INFO  volume.HddsVolume (HddsVolume.java:<init>(176)) - Creating Volume: /workdir/hadoop-ozone/integration-test/target/test-dir/MiniOzoneClusterImpl-34bd394c-9e3d-49fb-9b5f-f4de544d8d6b/datanode-1/data/containers/hdds of  storage type : DISK and capacity : 1482555576320
2019-09-10 18:32:46,600 [main] INFO  volume.VolumeSet (VolumeSet.java:initializeVolumeSet(170)) - Added Volume : /workdir/hadoop-ozone/integration-test/target/test-dir/MiniOzoneClusterImpl-34bd394c-9e3d-49fb-9b5f-f4de544d8d6b/datanode-1/data/containers/hdds to VolumeSet
2019-09-10 18:32:46,601 [main] INFO  volume.ThrottledAsyncChecker (ThrottledAsyncChecker.java:schedule(139)) - Scheduling a check for org.apache.hadoop.ozone.container.common.volume.HddsVolume@646c0a67
2019-09-10 18:32:46,602 [main] INFO  volume.HddsVolumeChecker (HddsVolumeChecker.java:checkAllVolumes(202)) - Scheduled health check for volume org.apache.hadoop.ozone.container.common.volume.HddsVolume@646c0a67
2019-09-10 18:32:46,625 [main] INFO  impl.RaftServerProxy (ConfUtils.java:logGet(43)) - raft.rpc.type = GRPC (default)
2019-09-10 18:32:46,625 [main] INFO  grpc.GrpcFactory (GrpcFactory.java:checkPooledByteBufAllocatorUseCacheForAllThreads(45)) - PERFORMANCE WARNING: useCacheForAllThreads is true that may cause Netty to create a lot garbage objects and, as a result, trigger GC.
	It is recommended to disable useCacheForAllThreads by setting -Dorg.apache.ratis.thirdparty.io.netty.allocator.useCacheForAllThreads=false in command line.
2019-09-10 18:32:46,625 [main] INFO  grpc.GrpcConfigKeys$Server (ConfUtils.java:logGet(43)) - raft.grpc.server.port = 0 (default)
2019-09-10 18:32:46,626 [main] INFO  server.GrpcService (ConfUtils.java:logGet(43)) - raft.grpc.message.size.max = 33570816 (custom)
2019-09-10 18:32:46,626 [main] INFO  server.RaftServerConfigKeys (ConfUtils.java:logGet(43)) - raft.server.log.appender.buffer.byte-limit = 33554432 (custom)
2019-09-10 18:32:46,627 [main] INFO  server.GrpcService (ConfUtils.java:logGet(43)) - raft.grpc.flow.control.window = 1MB (=1048576) (default)
2019-09-10 18:32:46,627 [main] INFO  server.RaftServerConfigKeys (ConfUtils.java:logGet(43)) - raft.server.rpc.request.timeout = 3000ms (default)
2019-09-10 18:32:46,628 [main] INFO  server.RaftServerConfigKeys (ConfUtils.java:logGet(43)) - raft.server.storage.dir = [/workdir/hadoop-ozone/integration-test/target/test-dir/MiniOzoneClusterImpl-34bd394c-9e3d-49fb-9b5f-f4de544d8d6b/datanode-1/data/ratis] (custom)
2019-09-10 18:32:46,631 [main] INFO  hdfs.DFSUtil (DFSUtil.java:httpServerTemplateForNNAndJN(1641)) - Starting Web-server for hddsDatanode at: http://0.0.0.0:0
2019-09-10 18:32:46,634 [main] INFO  server.AuthenticationFilter (AuthenticationFilter.java:constructSecretProvider(240)) - Unable to initialize FileSignerSecretProvider, falling back to use random secrets.
2019-09-10 18:32:46,635 [main] WARN  http.HttpRequestLog (HttpRequestLog.java:getRequestLog(97)) - Jetty request log can only be enabled using Log4j
2019-09-10 18:32:46,637 [main] INFO  http.HttpServer2 (HttpServer2.java:addGlobalFilter(975)) - Added global filter 'safety' (class=org.apache.hadoop.http.HttpServer2$QuotingInputFilter)
2019-09-10 18:32:46,638 [main] INFO  http.HttpServer2 (HttpServer2.java:addFilter(948)) - Added filter static_user_filter (class=org.apache.hadoop.http.lib.StaticUserWebFilter$StaticUserFilter) to context hddsDatanode
2019-09-10 18:32:46,638 [main] INFO  http.HttpServer2 (HttpServer2.java:addFilter(958)) - Added filter static_user_filter (class=org.apache.hadoop.http.lib.StaticUserWebFilter$StaticUserFilter) to context static
2019-09-10 18:32:46,639 [main] INFO  http.HttpServer2 (HttpServer2.java:addFilter(958)) - Added filter static_user_filter (class=org.apache.hadoop.http.lib.StaticUserWebFilter$StaticUserFilter) to context logs
2019-09-10 18:32:46,640 [main] INFO  http.HttpServer2 (HttpServer2.java:bindListener(1191)) - Jetty bound to port 33315
2019-09-10 18:32:46,640 [main] INFO  server.Server (Server.java:doStart(351)) - jetty-9.3.24.v20180605, build timestamp: 2018-06-05T17:11:56Z, git hash: 84205aa28f11a4f31f2a3b86d1bba2cc8ab69827
2019-09-10 18:32:46,646 [main] INFO  handler.ContextHandler (ContextHandler.java:doStart(781)) - Started o.e.j.s.ServletContextHandler@1e7ab390{/logs,file:///workdir/hadoop-ozone/integration-test/target/log,AVAILABLE}
2019-09-10 18:32:46,647 [main] INFO  handler.ContextHandler (ContextHandler.java:doStart(781)) - Started o.e.j.s.ServletContextHandler@77774571{/static,jar:file:/home/user/.m2/repository/org/apache/hadoop/hadoop-hdds-container-service/0.5.0-SNAPSHOT/hadoop-hdds-container-service-0.5.0-SNAPSHOT.jar!/webapps/static,AVAILABLE}
2019-09-10 18:32:46,685 [main] INFO  handler.ContextHandler (ContextHandler.java:doStart(781)) - Started o.e.j.w.WebAppContext@a451491{/,file:///tmp/jetty-0.0.0.0-33315-hddsDatanode-_-any-1569157537573437002.dir/webapp/,AVAILABLE}{/hddsDatanode}
2019-09-10 18:32:46,686 [main] INFO  server.AbstractConnector (AbstractConnector.java:doStart(278)) - Started ServerConnector@1422ac7f{HTTP/1.1,[http/1.1]}{0.0.0.0:33315}
2019-09-10 18:32:46,688 [main] INFO  server.Server (Server.java:doStart(419)) - Started @6282ms
2019-09-10 18:32:46,689 [main] WARN  impl.MetricsSystemImpl (MetricsSystemImpl.java:register(276)) - Sink prometheus already exists!
2019-09-10 18:32:46,690 [main] INFO  server.BaseHttpServer (BaseHttpServer.java:updateConnectorAddress(215)) - HTTP server of HDDSDATANODE is listening at http://0.0.0.0:33315
2019-09-10 18:32:46,691 [main] INFO  impl.MetricsSystemImpl (MetricsSystemImpl.java:init(158)) - HddsDatanode metrics system started (again)
2019-09-10 18:32:46,695 [org.apache.hadoop.util.JvmPauseMonitor$Monitor@65daaa7] INFO  util.JvmPauseMonitor (JvmPauseMonitor.java:run(188)) - Starting JVM pause monitor
2019-09-10 18:32:46,697 [main] INFO  ozone.HddsDatanodeService (HddsDatanodeService.java:start(184)) - HddsDatanodeService host:pr-hdds-1786-trunk-k6rzm-1803654198 ip:192.168.5.139
2019-09-10 18:32:46,699 [Datanode State Machine Thread - 0] INFO  datanode.InitDatanodeState (InitDatanodeState.java:persistContainerDatanodeDetails(140)) - DatanodeDetails is persisted to /workdir/hadoop-ozone/integration-test/target/test-dir/MiniOzoneClusterImpl-34bd394c-9e3d-49fb-9b5f-f4de544d8d6b/datanode-0/meta/datanode.id
2019-09-10 18:32:46,703 [Datanode State Machine Thread - 0] INFO  datanode.InitDatanodeState (InitDatanodeState.java:persistContainerDatanodeDetails(140)) - DatanodeDetails is persisted to /workdir/hadoop-ozone/integration-test/target/test-dir/MiniOzoneClusterImpl-34bd394c-9e3d-49fb-9b5f-f4de544d8d6b/datanode-1/meta/datanode.id
2019-09-10 18:32:46,707 [main] INFO  volume.HddsVolume (HddsVolume.java:<init>(176)) - Creating Volume: /workdir/hadoop-ozone/integration-test/target/test-dir/MiniOzoneClusterImpl-34bd394c-9e3d-49fb-9b5f-f4de544d8d6b/datanode-2/data/containers/hdds of  storage type : DISK and capacity : 1482555576320
2019-09-10 18:32:46,707 [main] INFO  volume.VolumeSet (VolumeSet.java:initializeVolumeSet(170)) - Added Volume : /workdir/hadoop-ozone/integration-test/target/test-dir/MiniOzoneClusterImpl-34bd394c-9e3d-49fb-9b5f-f4de544d8d6b/datanode-2/data/containers/hdds to VolumeSet
2019-09-10 18:32:46,707 [main] INFO  volume.ThrottledAsyncChecker (ThrottledAsyncChecker.java:schedule(139)) - Scheduling a check for org.apache.hadoop.ozone.container.common.volume.HddsVolume@6cff61fc
2019-09-10 18:32:46,708 [main] INFO  volume.HddsVolumeChecker (HddsVolumeChecker.java:checkAllVolumes(202)) - Scheduled health check for volume org.apache.hadoop.ozone.container.common.volume.HddsVolume@6cff61fc
2019-09-10 18:32:46,726 [main] INFO  impl.RaftServerProxy (ConfUtils.java:logGet(43)) - raft.rpc.type = GRPC (default)
2019-09-10 18:32:46,727 [main] INFO  grpc.GrpcFactory (GrpcFactory.java:checkPooledByteBufAllocatorUseCacheForAllThreads(45)) - PERFORMANCE WARNING: useCacheForAllThreads is true that may cause Netty to create a lot garbage objects and, as a result, trigger GC.
	It is recommended to disable useCacheForAllThreads by setting -Dorg.apache.ratis.thirdparty.io.netty.allocator.useCacheForAllThreads=false in command line.
2019-09-10 18:32:46,727 [main] INFO  grpc.GrpcConfigKeys$Server (ConfUtils.java:logGet(43)) - raft.grpc.server.port = 0 (default)
2019-09-10 18:32:46,728 [main] INFO  server.GrpcService (ConfUtils.java:logGet(43)) - raft.grpc.message.size.max = 33570816 (custom)
2019-09-10 18:32:46,728 [main] INFO  server.RaftServerConfigKeys (ConfUtils.java:logGet(43)) - raft.server.log.appender.buffer.byte-limit = 33554432 (custom)
2019-09-10 18:32:46,728 [main] INFO  server.GrpcService (ConfUtils.java:logGet(43)) - raft.grpc.flow.control.window = 1MB (=1048576) (default)
2019-09-10 18:32:46,729 [main] INFO  server.RaftServerConfigKeys (ConfUtils.java:logGet(43)) - raft.server.rpc.request.timeout = 3000ms (default)
2019-09-10 18:32:46,729 [main] INFO  server.RaftServerConfigKeys (ConfUtils.java:logGet(43)) - raft.server.storage.dir = [/workdir/hadoop-ozone/integration-test/target/test-dir/MiniOzoneClusterImpl-34bd394c-9e3d-49fb-9b5f-f4de544d8d6b/datanode-2/data/ratis] (custom)
2019-09-10 18:32:46,732 [main] INFO  hdfs.DFSUtil (DFSUtil.java:httpServerTemplateForNNAndJN(1641)) - Starting Web-server for hddsDatanode at: http://0.0.0.0:0
2019-09-10 18:32:46,733 [main] INFO  server.AuthenticationFilter (AuthenticationFilter.java:constructSecretProvider(240)) - Unable to initialize FileSignerSecretProvider, falling back to use random secrets.
2019-09-10 18:32:46,734 [main] WARN  http.HttpRequestLog (HttpRequestLog.java:getRequestLog(97)) - Jetty request log can only be enabled using Log4j
2019-09-10 18:32:46,736 [main] INFO  http.HttpServer2 (HttpServer2.java:addGlobalFilter(975)) - Added global filter 'safety' (class=org.apache.hadoop.http.HttpServer2$QuotingInputFilter)
2019-09-10 18:32:46,737 [main] INFO  http.HttpServer2 (HttpServer2.java:addFilter(948)) - Added filter static_user_filter (class=org.apache.hadoop.http.lib.StaticUserWebFilter$StaticUserFilter) to context hddsDatanode
2019-09-10 18:32:46,737 [main] INFO  http.HttpServer2 (HttpServer2.java:addFilter(958)) - Added filter static_user_filter (class=org.apache.hadoop.http.lib.StaticUserWebFilter$StaticUserFilter) to context logs
2019-09-10 18:32:46,737 [main] INFO  http.HttpServer2 (HttpServer2.java:addFilter(958)) - Added filter static_user_filter (class=org.apache.hadoop.http.lib.StaticUserWebFilter$StaticUserFilter) to context static
2019-09-10 18:32:46,738 [main] INFO  http.HttpServer2 (HttpServer2.java:bindListener(1191)) - Jetty bound to port 32886
2019-09-10 18:32:46,738 [main] INFO  server.Server (Server.java:doStart(351)) - jetty-9.3.24.v20180605, build timestamp: 2018-06-05T17:11:56Z, git hash: 84205aa28f11a4f31f2a3b86d1bba2cc8ab69827
2019-09-10 18:32:46,741 [main] INFO  handler.ContextHandler (ContextHandler.java:doStart(781)) - Started o.e.j.s.ServletContextHandler@44536de4{/logs,file:///workdir/hadoop-ozone/integration-test/target/log,AVAILABLE}
2019-09-10 18:32:46,741 [main] INFO  handler.ContextHandler (ContextHandler.java:doStart(781)) - Started o.e.j.s.ServletContextHandler@4d95a72e{/static,jar:file:/home/user/.m2/repository/org/apache/hadoop/hadoop-hdds-container-service/0.5.0-SNAPSHOT/hadoop-hdds-container-service-0.5.0-SNAPSHOT.jar!/webapps/static,AVAILABLE}
2019-09-10 18:32:46,776 [main] INFO  handler.ContextHandler (ContextHandler.java:doStart(781)) - Started o.e.j.w.WebAppContext@fc807c1{/,file:///tmp/jetty-0.0.0.0-32886-hddsDatanode-_-any-8093450200573755716.dir/webapp/,AVAILABLE}{/hddsDatanode}
2019-09-10 18:32:46,777 [main] INFO  server.AbstractConnector (AbstractConnector.java:doStart(278)) - Started ServerConnector@296e281a{HTTP/1.1,[http/1.1]}{0.0.0.0:32886}
2019-09-10 18:32:46,778 [main] INFO  server.Server (Server.java:doStart(419)) - Started @6373ms
2019-09-10 18:32:46,778 [main] WARN  impl.MetricsSystemImpl (MetricsSystemImpl.java:register(276)) - Sink prometheus already exists!
2019-09-10 18:32:46,779 [main] INFO  server.BaseHttpServer (BaseHttpServer.java:updateConnectorAddress(215)) - HTTP server of HDDSDATANODE is listening at http://0.0.0.0:32886
2019-09-10 18:32:46,780 [main] INFO  impl.MetricsSystemImpl (MetricsSystemImpl.java:init(158)) - HddsDatanode metrics system started (again)
2019-09-10 18:32:46,782 [org.apache.hadoop.util.JvmPauseMonitor$Monitor@32c64e81] INFO  util.JvmPauseMonitor (JvmPauseMonitor.java:run(188)) - Starting JVM pause monitor
2019-09-10 18:32:46,782 [main] INFO  ozone.HddsDatanodeService (HddsDatanodeService.java:start(184)) - HddsDatanodeService host:pr-hdds-1786-trunk-k6rzm-1803654198 ip:192.168.5.139
2019-09-10 18:32:46,785 [Datanode State Machine Thread - 0] INFO  datanode.InitDatanodeState (InitDatanodeState.java:persistContainerDatanodeDetails(140)) - DatanodeDetails is persisted to /workdir/hadoop-ozone/integration-test/target/test-dir/MiniOzoneClusterImpl-34bd394c-9e3d-49fb-9b5f-f4de544d8d6b/datanode-2/meta/datanode.id
2019-09-10 18:32:46,790 [main] INFO  volume.HddsVolume (HddsVolume.java:<init>(176)) - Creating Volume: /workdir/hadoop-ozone/integration-test/target/test-dir/MiniOzoneClusterImpl-34bd394c-9e3d-49fb-9b5f-f4de544d8d6b/datanode-3/data/containers/hdds of  storage type : DISK and capacity : 1482555576320
2019-09-10 18:32:46,790 [main] INFO  volume.VolumeSet (VolumeSet.java:initializeVolumeSet(170)) - Added Volume : /workdir/hadoop-ozone/integration-test/target/test-dir/MiniOzoneClusterImpl-34bd394c-9e3d-49fb-9b5f-f4de544d8d6b/datanode-3/data/containers/hdds to VolumeSet
2019-09-10 18:32:46,790 [main] INFO  volume.ThrottledAsyncChecker (ThrottledAsyncChecker.java:schedule(139)) - Scheduling a check for org.apache.hadoop.ozone.container.common.volume.HddsVolume@36c2b646
2019-09-10 18:32:46,791 [main] INFO  volume.HddsVolumeChecker (HddsVolumeChecker.java:checkAllVolumes(202)) - Scheduled health check for volume org.apache.hadoop.ozone.container.common.volume.HddsVolume@36c2b646
2019-09-10 18:32:46,816 [main] INFO  impl.RaftServerProxy (ConfUtils.java:logGet(43)) - raft.rpc.type = GRPC (default)
2019-09-10 18:32:46,817 [main] INFO  grpc.GrpcFactory (GrpcFactory.java:checkPooledByteBufAllocatorUseCacheForAllThreads(45)) - PERFORMANCE WARNING: useCacheForAllThreads is true that may cause Netty to create a lot garbage objects and, as a result, trigger GC.
	It is recommended to disable useCacheForAllThreads by setting -Dorg.apache.ratis.thirdparty.io.netty.allocator.useCacheForAllThreads=false in command line.
2019-09-10 18:32:46,817 [main] INFO  grpc.GrpcConfigKeys$Server (ConfUtils.java:logGet(43)) - raft.grpc.server.port = 0 (default)
2019-09-10 18:32:46,817 [main] INFO  server.GrpcService (ConfUtils.java:logGet(43)) - raft.grpc.message.size.max = 33570816 (custom)
2019-09-10 18:32:46,818 [main] INFO  server.RaftServerConfigKeys (ConfUtils.java:logGet(43)) - raft.server.log.appender.buffer.byte-limit = 33554432 (custom)
2019-09-10 18:32:46,818 [main] INFO  server.GrpcService (ConfUtils.java:logGet(43)) - raft.grpc.flow.control.window = 1MB (=1048576) (default)
2019-09-10 18:32:46,818 [main] INFO  server.RaftServerConfigKeys (ConfUtils.java:logGet(43)) - raft.server.rpc.request.timeout = 3000ms (default)
2019-09-10 18:32:46,819 [main] INFO  server.RaftServerConfigKeys (ConfUtils.java:logGet(43)) - raft.server.storage.dir = [/workdir/hadoop-ozone/integration-test/target/test-dir/MiniOzoneClusterImpl-34bd394c-9e3d-49fb-9b5f-f4de544d8d6b/datanode-3/data/ratis] (custom)
2019-09-10 18:32:46,822 [main] INFO  hdfs.DFSUtil (DFSUtil.java:httpServerTemplateForNNAndJN(1641)) - Starting Web-server for hddsDatanode at: http://0.0.0.0:0
2019-09-10 18:32:46,823 [main] INFO  server.AuthenticationFilter (AuthenticationFilter.java:constructSecretProvider(240)) - Unable to initialize FileSignerSecretProvider, falling back to use random secrets.
2019-09-10 18:32:46,824 [main] WARN  http.HttpRequestLog (HttpRequestLog.java:getRequestLog(97)) - Jetty request log can only be enabled using Log4j
2019-09-10 18:32:46,826 [main] INFO  http.HttpServer2 (HttpServer2.java:addGlobalFilter(975)) - Added global filter 'safety' (class=org.apache.hadoop.http.HttpServer2$QuotingInputFilter)
2019-09-10 18:32:46,826 [main] INFO  http.HttpServer2 (HttpServer2.java:addFilter(948)) - Added filter static_user_filter (class=org.apache.hadoop.http.lib.StaticUserWebFilter$StaticUserFilter) to context hddsDatanode
2019-09-10 18:32:46,827 [main] INFO  http.HttpServer2 (HttpServer2.java:addFilter(958)) - Added filter static_user_filter (class=org.apache.hadoop.http.lib.StaticUserWebFilter$StaticUserFilter) to context static
2019-09-10 18:32:46,827 [main] INFO  http.HttpServer2 (HttpServer2.java:addFilter(958)) - Added filter static_user_filter (class=org.apache.hadoop.http.lib.StaticUserWebFilter$StaticUserFilter) to context logs
2019-09-10 18:32:46,828 [main] INFO  http.HttpServer2 (HttpServer2.java:bindListener(1191)) - Jetty bound to port 34075
2019-09-10 18:32:46,828 [main] INFO  server.Server (Server.java:doStart(351)) - jetty-9.3.24.v20180605, build timestamp: 2018-06-05T17:11:56Z, git hash: 84205aa28f11a4f31f2a3b86d1bba2cc8ab69827
2019-09-10 18:32:46,835 [main] INFO  handler.ContextHandler (ContextHandler.java:doStart(781)) - Started o.e.j.s.ServletContextHandler@36480b2d{/logs,file:///workdir/hadoop-ozone/integration-test/target/log,AVAILABLE}
2019-09-10 18:32:46,836 [main] INFO  handler.ContextHandler (ContextHandler.java:doStart(781)) - Started o.e.j.s.ServletContextHandler@1f6917fb{/static,jar:file:/home/user/.m2/repository/org/apache/hadoop/hadoop-hdds-container-service/0.5.0-SNAPSHOT/hadoop-hdds-container-service-0.5.0-SNAPSHOT.jar!/webapps/static,AVAILABLE}
2019-09-10 18:32:46,869 [main] INFO  handler.ContextHandler (ContextHandler.java:doStart(781)) - Started o.e.j.w.WebAppContext@6573d2f7{/,file:///tmp/jetty-0.0.0.0-34075-hddsDatanode-_-any-2737459491399931550.dir/webapp/,AVAILABLE}{/hddsDatanode}
2019-09-10 18:32:46,870 [main] INFO  server.AbstractConnector (AbstractConnector.java:doStart(278)) - Started ServerConnector@4052c8c2{HTTP/1.1,[http/1.1]}{0.0.0.0:34075}
2019-09-10 18:32:46,871 [main] INFO  server.Server (Server.java:doStart(419)) - Started @6466ms
2019-09-10 18:32:46,871 [main] WARN  impl.MetricsSystemImpl (MetricsSystemImpl.java:register(276)) - Sink prometheus already exists!
2019-09-10 18:32:46,872 [main] INFO  server.BaseHttpServer (BaseHttpServer.java:updateConnectorAddress(215)) - HTTP server of HDDSDATANODE is listening at http://0.0.0.0:34075
2019-09-10 18:32:46,872 [main] INFO  impl.MetricsSystemImpl (MetricsSystemImpl.java:init(158)) - HddsDatanode metrics system started (again)
2019-09-10 18:32:46,875 [org.apache.hadoop.util.JvmPauseMonitor$Monitor@7f585103] INFO  util.JvmPauseMonitor (JvmPauseMonitor.java:run(188)) - Starting JVM pause monitor
2019-09-10 18:32:46,875 [main] INFO  ozone.HddsDatanodeService (HddsDatanodeService.java:start(184)) - HddsDatanodeService host:pr-hdds-1786-trunk-k6rzm-1803654198 ip:192.168.5.139
2019-09-10 18:32:46,878 [Datanode State Machine Thread - 0] INFO  datanode.InitDatanodeState (InitDatanodeState.java:persistContainerDatanodeDetails(140)) - DatanodeDetails is persisted to /workdir/hadoop-ozone/integration-test/target/test-dir/MiniOzoneClusterImpl-34bd394c-9e3d-49fb-9b5f-f4de544d8d6b/datanode-3/meta/datanode.id
2019-09-10 18:32:46,883 [main] INFO  volume.HddsVolume (HddsVolume.java:<init>(176)) - Creating Volume: /workdir/hadoop-ozone/integration-test/target/test-dir/MiniOzoneClusterImpl-34bd394c-9e3d-49fb-9b5f-f4de544d8d6b/datanode-4/data/containers/hdds of  storage type : DISK and capacity : 1482555576320
2019-09-10 18:32:46,883 [main] INFO  volume.VolumeSet (VolumeSet.java:initializeVolumeSet(170)) - Added Volume : /workdir/hadoop-ozone/integration-test/target/test-dir/MiniOzoneClusterImpl-34bd394c-9e3d-49fb-9b5f-f4de544d8d6b/datanode-4/data/containers/hdds to VolumeSet
2019-09-10 18:32:46,884 [main] INFO  volume.ThrottledAsyncChecker (ThrottledAsyncChecker.java:schedule(139)) - Scheduling a check for org.apache.hadoop.ozone.container.common.volume.HddsVolume@46349b95
2019-09-10 18:32:46,884 [main] INFO  volume.HddsVolumeChecker (HddsVolumeChecker.java:checkAllVolumes(202)) - Scheduled health check for volume org.apache.hadoop.ozone.container.common.volume.HddsVolume@46349b95
2019-09-10 18:32:46,898 [main] INFO  impl.RaftServerProxy (ConfUtils.java:logGet(43)) - raft.rpc.type = GRPC (default)
2019-09-10 18:32:46,898 [main] INFO  grpc.GrpcFactory (GrpcFactory.java:checkPooledByteBufAllocatorUseCacheForAllThreads(45)) - PERFORMANCE WARNING: useCacheForAllThreads is true that may cause Netty to create a lot garbage objects and, as a result, trigger GC.
	It is recommended to disable useCacheForAllThreads by setting -Dorg.apache.ratis.thirdparty.io.netty.allocator.useCacheForAllThreads=false in command line.
2019-09-10 18:32:46,898 [main] INFO  grpc.GrpcConfigKeys$Server (ConfUtils.java:logGet(43)) - raft.grpc.server.port = 0 (default)
2019-09-10 18:32:46,899 [main] INFO  server.GrpcService (ConfUtils.java:logGet(43)) - raft.grpc.message.size.max = 33570816 (custom)
2019-09-10 18:32:46,899 [main] INFO  server.RaftServerConfigKeys (ConfUtils.java:logGet(43)) - raft.server.log.appender.buffer.byte-limit = 33554432 (custom)
2019-09-10 18:32:46,899 [main] INFO  server.GrpcService (ConfUtils.java:logGet(43)) - raft.grpc.flow.control.window = 1MB (=1048576) (default)
2019-09-10 18:32:46,900 [main] INFO  server.RaftServerConfigKeys (ConfUtils.java:logGet(43)) - raft.server.rpc.request.timeout = 3000ms (default)
2019-09-10 18:32:46,900 [main] INFO  server.RaftServerConfigKeys (ConfUtils.java:logGet(43)) - raft.server.storage.dir = [/workdir/hadoop-ozone/integration-test/target/test-dir/MiniOzoneClusterImpl-34bd394c-9e3d-49fb-9b5f-f4de544d8d6b/datanode-4/data/ratis] (custom)
2019-09-10 18:32:46,902 [main] INFO  hdfs.DFSUtil (DFSUtil.java:httpServerTemplateForNNAndJN(1641)) - Starting Web-server for hddsDatanode at: http://0.0.0.0:0
2019-09-10 18:32:46,903 [main] INFO  server.AuthenticationFilter (AuthenticationFilter.java:constructSecretProvider(240)) - Unable to initialize FileSignerSecretProvider, falling back to use random secrets.
2019-09-10 18:32:46,903 [main] WARN  http.HttpRequestLog (HttpRequestLog.java:getRequestLog(97)) - Jetty request log can only be enabled using Log4j
2019-09-10 18:32:46,905 [main] INFO  http.HttpServer2 (HttpServer2.java:addGlobalFilter(975)) - Added global filter 'safety' (class=org.apache.hadoop.http.HttpServer2$QuotingInputFilter)
2019-09-10 18:32:46,905 [main] INFO  http.HttpServer2 (HttpServer2.java:addFilter(948)) - Added filter static_user_filter (class=org.apache.hadoop.http.lib.StaticUserWebFilter$StaticUserFilter) to context hddsDatanode
2019-09-10 18:32:46,906 [main] INFO  http.HttpServer2 (HttpServer2.java:addFilter(958)) - Added filter static_user_filter (class=org.apache.hadoop.http.lib.StaticUserWebFilter$StaticUserFilter) to context static
2019-09-10 18:32:46,906 [main] INFO  http.HttpServer2 (HttpServer2.java:addFilter(958)) - Added filter static_user_filter (class=org.apache.hadoop.http.lib.StaticUserWebFilter$StaticUserFilter) to context logs
2019-09-10 18:32:46,906 [main] INFO  http.HttpServer2 (HttpServer2.java:bindListener(1191)) - Jetty bound to port 36216
2019-09-10 18:32:46,907 [main] INFO  server.Server (Server.java:doStart(351)) - jetty-9.3.24.v20180605, build timestamp: 2018-06-05T17:11:56Z, git hash: 84205aa28f11a4f31f2a3b86d1bba2cc8ab69827
2019-09-10 18:32:46,909 [main] INFO  handler.ContextHandler (ContextHandler.java:doStart(781)) - Started o.e.j.s.ServletContextHandler@22eaa86e{/logs,file:///workdir/hadoop-ozone/integration-test/target/log,AVAILABLE}
2019-09-10 18:32:46,909 [main] INFO  handler.ContextHandler (ContextHandler.java:doStart(781)) - Started o.e.j.s.ServletContextHandler@1cc680e{/static,jar:file:/home/user/.m2/repository/org/apache/hadoop/hadoop-hdds-container-service/0.5.0-SNAPSHOT/hadoop-hdds-container-service-0.5.0-SNAPSHOT.jar!/webapps/static,AVAILABLE}
2019-09-10 18:32:46,938 [main] INFO  handler.ContextHandler (ContextHandler.java:doStart(781)) - Started o.e.j.w.WebAppContext@4dba773d{/,file:///tmp/jetty-0.0.0.0-36216-hddsDatanode-_-any-2071474613130295176.dir/webapp/,AVAILABLE}{/hddsDatanode}
2019-09-10 18:32:46,939 [main] INFO  server.AbstractConnector (AbstractConnector.java:doStart(278)) - Started ServerConnector@1d9bd4da{HTTP/1.1,[http/1.1]}{0.0.0.0:36216}
2019-09-10 18:32:46,940 [main] INFO  server.Server (Server.java:doStart(419)) - Started @6535ms
2019-09-10 18:32:46,940 [main] WARN  impl.MetricsSystemImpl (MetricsSystemImpl.java:register(276)) - Sink prometheus already exists!
2019-09-10 18:32:46,941 [main] INFO  server.BaseHttpServer (BaseHttpServer.java:updateConnectorAddress(215)) - HTTP server of HDDSDATANODE is listening at http://0.0.0.0:36216
2019-09-10 18:32:46,941 [main] INFO  impl.MetricsSystemImpl (MetricsSystemImpl.java:init(158)) - HddsDatanode metrics system started (again)
2019-09-10 18:32:46,944 [main] INFO  ozone.HddsDatanodeService (HddsDatanodeService.java:start(184)) - HddsDatanodeService host:pr-hdds-1786-trunk-k6rzm-1803654198 ip:192.168.5.139
2019-09-10 18:32:46,945 [org.apache.hadoop.util.JvmPauseMonitor$Monitor@3f99b067] INFO  util.JvmPauseMonitor (JvmPauseMonitor.java:run(188)) - Starting JVM pause monitor
2019-09-10 18:32:46,949 [Datanode State Machine Thread - 0] INFO  datanode.InitDatanodeState (InitDatanodeState.java:persistContainerDatanodeDetails(140)) - DatanodeDetails is persisted to /workdir/hadoop-ozone/integration-test/target/test-dir/MiniOzoneClusterImpl-34bd394c-9e3d-49fb-9b5f-f4de544d8d6b/datanode-4/meta/datanode.id
2019-09-10 18:32:46,952 [main] INFO  volume.HddsVolume (HddsVolume.java:<init>(176)) - Creating Volume: /workdir/hadoop-ozone/integration-test/target/test-dir/MiniOzoneClusterImpl-34bd394c-9e3d-49fb-9b5f-f4de544d8d6b/datanode-5/data/containers/hdds of  storage type : DISK and capacity : 1482555576320
2019-09-10 18:32:46,953 [main] INFO  volume.VolumeSet (VolumeSet.java:initializeVolumeSet(170)) - Added Volume : /workdir/hadoop-ozone/integration-test/target/test-dir/MiniOzoneClusterImpl-34bd394c-9e3d-49fb-9b5f-f4de544d8d6b/datanode-5/data/containers/hdds to VolumeSet
2019-09-10 18:32:46,953 [main] INFO  volume.ThrottledAsyncChecker (ThrottledAsyncChecker.java:schedule(139)) - Scheduling a check for org.apache.hadoop.ozone.container.common.volume.HddsVolume@ff23ae7
2019-09-10 18:32:46,954 [main] INFO  volume.HddsVolumeChecker (HddsVolumeChecker.java:checkAllVolumes(202)) - Scheduled health check for volume org.apache.hadoop.ozone.container.common.volume.HddsVolume@ff23ae7
2019-09-10 18:32:46,970 [main] INFO  impl.RaftServerProxy (ConfUtils.java:logGet(43)) - raft.rpc.type = GRPC (default)
2019-09-10 18:32:46,971 [main] INFO  grpc.GrpcFactory (GrpcFactory.java:checkPooledByteBufAllocatorUseCacheForAllThreads(45)) - PERFORMANCE WARNING: useCacheForAllThreads is true that may cause Netty to create a lot garbage objects and, as a result, trigger GC.
	It is recommended to disable useCacheForAllThreads by setting -Dorg.apache.ratis.thirdparty.io.netty.allocator.useCacheForAllThreads=false in command line.
2019-09-10 18:32:46,971 [main] INFO  grpc.GrpcConfigKeys$Server (ConfUtils.java:logGet(43)) - raft.grpc.server.port = 0 (default)
2019-09-10 18:32:46,971 [main] INFO  server.GrpcService (ConfUtils.java:logGet(43)) - raft.grpc.message.size.max = 33570816 (custom)
2019-09-10 18:32:46,971 [main] INFO  server.RaftServerConfigKeys (ConfUtils.java:logGet(43)) - raft.server.log.appender.buffer.byte-limit = 33554432 (custom)
2019-09-10 18:32:46,972 [main] INFO  server.GrpcService (ConfUtils.java:logGet(43)) - raft.grpc.flow.control.window = 1MB (=1048576) (default)
2019-09-10 18:32:46,972 [main] INFO  server.RaftServerConfigKeys (ConfUtils.java:logGet(43)) - raft.server.rpc.request.timeout = 3000ms (default)
2019-09-10 18:32:46,972 [main] INFO  server.RaftServerConfigKeys (ConfUtils.java:logGet(43)) - raft.server.storage.dir = [/workdir/hadoop-ozone/integration-test/target/test-dir/MiniOzoneClusterImpl-34bd394c-9e3d-49fb-9b5f-f4de544d8d6b/datanode-5/data/ratis] (custom)
2019-09-10 18:32:46,974 [main] INFO  hdfs.DFSUtil (DFSUtil.java:httpServerTemplateForNNAndJN(1641)) - Starting Web-server for hddsDatanode at: http://0.0.0.0:0
2019-09-10 18:32:46,975 [main] INFO  server.AuthenticationFilter (AuthenticationFilter.java:constructSecretProvider(240)) - Unable to initialize FileSignerSecretProvider, falling back to use random secrets.
2019-09-10 18:32:46,976 [main] WARN  http.HttpRequestLog (HttpRequestLog.java:getRequestLog(97)) - Jetty request log can only be enabled using Log4j
2019-09-10 18:32:46,977 [main] INFO  http.HttpServer2 (HttpServer2.java:addGlobalFilter(975)) - Added global filter 'safety' (class=org.apache.hadoop.http.HttpServer2$QuotingInputFilter)
2019-09-10 18:32:46,978 [main] INFO  http.HttpServer2 (HttpServer2.java:addFilter(948)) - Added filter static_user_filter (class=org.apache.hadoop.http.lib.StaticUserWebFilter$StaticUserFilter) to context hddsDatanode
2019-09-10 18:32:46,978 [main] INFO  http.HttpServer2 (HttpServer2.java:addFilter(958)) - Added filter static_user_filter (class=org.apache.hadoop.http.lib.StaticUserWebFilter$StaticUserFilter) to context logs
2019-09-10 18:32:46,978 [main] INFO  http.HttpServer2 (HttpServer2.java:addFilter(958)) - Added filter static_user_filter (class=org.apache.hadoop.http.lib.StaticUserWebFilter$StaticUserFilter) to context static
2019-09-10 18:32:46,979 [main] INFO  http.HttpServer2 (HttpServer2.java:bindListener(1191)) - Jetty bound to port 42146
2019-09-10 18:32:46,979 [main] INFO  server.Server (Server.java:doStart(351)) - jetty-9.3.24.v20180605, build timestamp: 2018-06-05T17:11:56Z, git hash: 84205aa28f11a4f31f2a3b86d1bba2cc8ab69827
2019-09-10 18:32:46,981 [main] INFO  handler.ContextHandler (ContextHandler.java:doStart(781)) - Started o.e.j.s.ServletContextHandler@ccf91df{/logs,file:///workdir/hadoop-ozone/integration-test/target/log,AVAILABLE}
2019-09-10 18:32:46,982 [main] INFO  handler.ContextHandler (ContextHandler.java:doStart(781)) - Started o.e.j.s.ServletContextHandler@51d387d3{/static,jar:file:/home/user/.m2/repository/org/apache/hadoop/hadoop-hdds-container-service/0.5.0-SNAPSHOT/hadoop-hdds-container-service-0.5.0-SNAPSHOT.jar!/webapps/static,AVAILABLE}
2019-09-10 18:32:47,015 [main] INFO  handler.ContextHandler (ContextHandler.java:doStart(781)) - Started o.e.j.w.WebAppContext@3d7fb838{/,file:///tmp/jetty-0.0.0.0-42146-hddsDatanode-_-any-5670531961551371198.dir/webapp/,AVAILABLE}{/hddsDatanode}
2019-09-10 18:32:47,016 [main] INFO  server.AbstractConnector (AbstractConnector.java:doStart(278)) - Started ServerConnector@1c26273d{HTTP/1.1,[http/1.1]}{0.0.0.0:42146}
2019-09-10 18:32:47,018 [main] INFO  server.Server (Server.java:doStart(419)) - Started @6613ms
2019-09-10 18:32:47,018 [main] WARN  impl.MetricsSystemImpl (MetricsSystemImpl.java:register(276)) - Sink prometheus already exists!
2019-09-10 18:32:47,019 [main] INFO  server.BaseHttpServer (BaseHttpServer.java:updateConnectorAddress(215)) - HTTP server of HDDSDATANODE is listening at http://0.0.0.0:42146
2019-09-10 18:32:47,020 [main] INFO  impl.MetricsSystemImpl (MetricsSystemImpl.java:init(158)) - HddsDatanode metrics system started (again)
2019-09-10 18:32:47,023 [org.apache.hadoop.util.JvmPauseMonitor$Monitor@2010bf2] INFO  util.JvmPauseMonitor (JvmPauseMonitor.java:run(188)) - Starting JVM pause monitor
2019-09-10 18:32:47,024 [main] INFO  ozone.HddsDatanodeService (HddsDatanodeService.java:start(184)) - HddsDatanodeService host:pr-hdds-1786-trunk-k6rzm-1803654198 ip:192.168.5.139
2019-09-10 18:32:47,026 [Datanode State Machine Thread - 0] INFO  datanode.InitDatanodeState (InitDatanodeState.java:persistContainerDatanodeDetails(140)) - DatanodeDetails is persisted to /workdir/hadoop-ozone/integration-test/target/test-dir/MiniOzoneClusterImpl-34bd394c-9e3d-49fb-9b5f-f4de544d8d6b/datanode-5/meta/datanode.id
2019-09-10 18:32:47,031 [main] INFO  volume.HddsVolume (HddsVolume.java:<init>(176)) - Creating Volume: /workdir/hadoop-ozone/integration-test/target/test-dir/MiniOzoneClusterImpl-34bd394c-9e3d-49fb-9b5f-f4de544d8d6b/datanode-6/data/containers/hdds of  storage type : DISK and capacity : 1482555576320
2019-09-10 18:32:47,032 [main] INFO  volume.VolumeSet (VolumeSet.java:initializeVolumeSet(170)) - Added Volume : /workdir/hadoop-ozone/integration-test/target/test-dir/MiniOzoneClusterImpl-34bd394c-9e3d-49fb-9b5f-f4de544d8d6b/datanode-6/data/containers/hdds to VolumeSet
2019-09-10 18:32:47,032 [main] INFO  volume.ThrottledAsyncChecker (ThrottledAsyncChecker.java:schedule(139)) - Scheduling a check for org.apache.hadoop.ozone.container.common.volume.HddsVolume@3d0035d2
2019-09-10 18:32:47,032 [main] INFO  volume.HddsVolumeChecker (HddsVolumeChecker.java:checkAllVolumes(202)) - Scheduled health check for volume org.apache.hadoop.ozone.container.common.volume.HddsVolume@3d0035d2
2019-09-10 18:32:47,046 [main] INFO  impl.RaftServerProxy (ConfUtils.java:logGet(43)) - raft.rpc.type = GRPC (default)
2019-09-10 18:32:47,047 [main] INFO  grpc.GrpcFactory (GrpcFactory.java:checkPooledByteBufAllocatorUseCacheForAllThreads(45)) - PERFORMANCE WARNING: useCacheForAllThreads is true that may cause Netty to create a lot garbage objects and, as a result, trigger GC.
	It is recommended to disable useCacheForAllThreads by setting -Dorg.apache.ratis.thirdparty.io.netty.allocator.useCacheForAllThreads=false in command line.
2019-09-10 18:32:47,047 [main] INFO  grpc.GrpcConfigKeys$Server (ConfUtils.java:logGet(43)) - raft.grpc.server.port = 0 (default)
2019-09-10 18:32:47,047 [main] INFO  server.GrpcService (ConfUtils.java:logGet(43)) - raft.grpc.message.size.max = 33570816 (custom)
2019-09-10 18:32:47,047 [main] INFO  server.RaftServerConfigKeys (ConfUtils.java:logGet(43)) - raft.server.log.appender.buffer.byte-limit = 33554432 (custom)
2019-09-10 18:32:47,048 [main] INFO  server.GrpcService (ConfUtils.java:logGet(43)) - raft.grpc.flow.control.window = 1MB (=1048576) (default)
2019-09-10 18:32:47,048 [main] INFO  server.RaftServerConfigKeys (ConfUtils.java:logGet(43)) - raft.server.rpc.request.timeout = 3000ms (default)
2019-09-10 18:32:47,049 [main] INFO  server.RaftServerConfigKeys (ConfUtils.java:logGet(43)) - raft.server.storage.dir = [/workdir/hadoop-ozone/integration-test/target/test-dir/MiniOzoneClusterImpl-34bd394c-9e3d-49fb-9b5f-f4de544d8d6b/datanode-6/data/ratis] (custom)
2019-09-10 18:32:47,050 [main] INFO  hdfs.DFSUtil (DFSUtil.java:httpServerTemplateForNNAndJN(1641)) - Starting Web-server for hddsDatanode at: http://0.0.0.0:0
2019-09-10 18:32:47,052 [main] INFO  server.AuthenticationFilter (AuthenticationFilter.java:constructSecretProvider(240)) - Unable to initialize FileSignerSecretProvider, falling back to use random secrets.
2019-09-10 18:32:47,052 [main] WARN  http.HttpRequestLog (HttpRequestLog.java:getRequestLog(97)) - Jetty request log can only be enabled using Log4j
2019-09-10 18:32:47,053 [main] INFO  http.HttpServer2 (HttpServer2.java:addGlobalFilter(975)) - Added global filter 'safety' (class=org.apache.hadoop.http.HttpServer2$QuotingInputFilter)
2019-09-10 18:32:47,054 [main] INFO  http.HttpServer2 (HttpServer2.java:addFilter(948)) - Added filter static_user_filter (class=org.apache.hadoop.http.lib.StaticUserWebFilter$StaticUserFilter) to context hddsDatanode
2019-09-10 18:32:47,054 [main] INFO  http.HttpServer2 (HttpServer2.java:addFilter(958)) - Added filter static_user_filter (class=org.apache.hadoop.http.lib.StaticUserWebFilter$StaticUserFilter) to context static
2019-09-10 18:32:47,054 [main] INFO  http.HttpServer2 (HttpServer2.java:addFilter(958)) - Added filter static_user_filter (class=org.apache.hadoop.http.lib.StaticUserWebFilter$StaticUserFilter) to context logs
2019-09-10 18:32:47,055 [main] INFO  http.HttpServer2 (HttpServer2.java:bindListener(1191)) - Jetty bound to port 46587
2019-09-10 18:32:47,055 [main] INFO  server.Server (Server.java:doStart(351)) - jetty-9.3.24.v20180605, build timestamp: 2018-06-05T17:11:56Z, git hash: 84205aa28f11a4f31f2a3b86d1bba2cc8ab69827
2019-09-10 18:32:47,057 [main] INFO  handler.ContextHandler (ContextHandler.java:doStart(781)) - Started o.e.j.s.ServletContextHandler@3b920bdc{/logs,file:///workdir/hadoop-ozone/integration-test/target/log,AVAILABLE}
2019-09-10 18:32:47,058 [main] INFO  handler.ContextHandler (ContextHandler.java:doStart(781)) - Started o.e.j.s.ServletContextHandler@72fd8a3c{/static,jar:file:/home/user/.m2/repository/org/apache/hadoop/hadoop-hdds-container-service/0.5.0-SNAPSHOT/hadoop-hdds-container-service-0.5.0-SNAPSHOT.jar!/webapps/static,AVAILABLE}
2019-09-10 18:32:47,087 [main] INFO  handler.ContextHandler (ContextHandler.java:doStart(781)) - Started o.e.j.w.WebAppContext@64db4967{/,file:///tmp/jetty-0.0.0.0-46587-hddsDatanode-_-any-1091749706493879996.dir/webapp/,AVAILABLE}{/hddsDatanode}
2019-09-10 18:32:47,087 [main] INFO  server.AbstractConnector (AbstractConnector.java:doStart(278)) - Started ServerConnector@74e6094b{HTTP/1.1,[http/1.1]}{0.0.0.0:46587}
2019-09-10 18:32:47,089 [main] INFO  server.Server (Server.java:doStart(419)) - Started @6684ms
2019-09-10 18:32:47,089 [main] WARN  impl.MetricsSystemImpl (MetricsSystemImpl.java:register(276)) - Sink prometheus already exists!
2019-09-10 18:32:47,090 [main] INFO  server.BaseHttpServer (BaseHttpServer.java:updateConnectorAddress(215)) - HTTP server of HDDSDATANODE is listening at http://0.0.0.0:46587
2019-09-10 18:32:47,091 [main] INFO  impl.MetricsSystemImpl (MetricsSystemImpl.java:init(158)) - HddsDatanode metrics system started (again)
2019-09-10 18:32:47,096 [org.apache.hadoop.util.JvmPauseMonitor$Monitor@6c81cb6b] INFO  util.JvmPauseMonitor (JvmPauseMonitor.java:run(188)) - Starting JVM pause monitor
2019-09-10 18:32:47,097 [main] INFO  ozone.HddsDatanodeService (HddsDatanodeService.java:start(184)) - HddsDatanodeService host:pr-hdds-1786-trunk-k6rzm-1803654198 ip:192.168.5.139
2019-09-10 18:32:47,099 [Datanode State Machine Thread - 0] INFO  datanode.InitDatanodeState (InitDatanodeState.java:persistContainerDatanodeDetails(140)) - DatanodeDetails is persisted to /workdir/hadoop-ozone/integration-test/target/test-dir/MiniOzoneClusterImpl-34bd394c-9e3d-49fb-9b5f-f4de544d8d6b/datanode-6/meta/datanode.id
2019-09-10 18:32:47,108 [main] INFO  volume.HddsVolume (HddsVolume.java:<init>(176)) - Creating Volume: /workdir/hadoop-ozone/integration-test/target/test-dir/MiniOzoneClusterImpl-34bd394c-9e3d-49fb-9b5f-f4de544d8d6b/datanode-7/data/containers/hdds of  storage type : DISK and capacity : 1482555576320
2019-09-10 18:32:47,108 [main] INFO  volume.VolumeSet (VolumeSet.java:initializeVolumeSet(170)) - Added Volume : /workdir/hadoop-ozone/integration-test/target/test-dir/MiniOzoneClusterImpl-34bd394c-9e3d-49fb-9b5f-f4de544d8d6b/datanode-7/data/containers/hdds to VolumeSet
2019-09-10 18:32:47,108 [main] INFO  volume.ThrottledAsyncChecker (ThrottledAsyncChecker.java:schedule(139)) - Scheduling a check for org.apache.hadoop.ozone.container.common.volume.HddsVolume@7544ac86
2019-09-10 18:32:47,109 [main] INFO  volume.HddsVolumeChecker (HddsVolumeChecker.java:checkAllVolumes(202)) - Scheduled health check for volume org.apache.hadoop.ozone.container.common.volume.HddsVolume@7544ac86
2019-09-10 18:32:47,130 [main] INFO  impl.RaftServerProxy (ConfUtils.java:logGet(43)) - raft.rpc.type = GRPC (default)
2019-09-10 18:32:47,131 [main] INFO  grpc.GrpcFactory (GrpcFactory.java:checkPooledByteBufAllocatorUseCacheForAllThreads(45)) - PERFORMANCE WARNING: useCacheForAllThreads is true that may cause Netty to create a lot garbage objects and, as a result, trigger GC.
	It is recommended to disable useCacheForAllThreads by setting -Dorg.apache.ratis.thirdparty.io.netty.allocator.useCacheForAllThreads=false in command line.
2019-09-10 18:32:47,131 [main] INFO  grpc.GrpcConfigKeys$Server (ConfUtils.java:logGet(43)) - raft.grpc.server.port = 0 (default)
2019-09-10 18:32:47,131 [main] INFO  server.GrpcService (ConfUtils.java:logGet(43)) - raft.grpc.message.size.max = 33570816 (custom)
2019-09-10 18:32:47,132 [main] INFO  server.RaftServerConfigKeys (ConfUtils.java:logGet(43)) - raft.server.log.appender.buffer.byte-limit = 33554432 (custom)
2019-09-10 18:32:47,132 [main] INFO  server.GrpcService (ConfUtils.java:logGet(43)) - raft.grpc.flow.control.window = 1MB (=1048576) (default)
2019-09-10 18:32:47,132 [main] INFO  server.RaftServerConfigKeys (ConfUtils.java:logGet(43)) - raft.server.rpc.request.timeout = 3000ms (default)
2019-09-10 18:32:47,133 [main] INFO  server.RaftServerConfigKeys (ConfUtils.java:logGet(43)) - raft.server.storage.dir = [/workdir/hadoop-ozone/integration-test/target/test-dir/MiniOzoneClusterImpl-34bd394c-9e3d-49fb-9b5f-f4de544d8d6b/datanode-7/data/ratis] (custom)
2019-09-10 18:32:47,135 [main] INFO  hdfs.DFSUtil (DFSUtil.java:httpServerTemplateForNNAndJN(1641)) - Starting Web-server for hddsDatanode at: http://0.0.0.0:0
2019-09-10 18:32:47,137 [main] INFO  server.AuthenticationFilter (AuthenticationFilter.java:constructSecretProvider(240)) - Unable to initialize FileSignerSecretProvider, falling back to use random secrets.
2019-09-10 18:32:47,137 [main] WARN  http.HttpRequestLog (HttpRequestLog.java:getRequestLog(97)) - Jetty request log can only be enabled using Log4j
2019-09-10 18:32:47,139 [main] INFO  http.HttpServer2 (HttpServer2.java:addGlobalFilter(975)) - Added global filter 'safety' (class=org.apache.hadoop.http.HttpServer2$QuotingInputFilter)
2019-09-10 18:32:47,140 [main] INFO  http.HttpServer2 (HttpServer2.java:addFilter(948)) - Added filter static_user_filter (class=org.apache.hadoop.http.lib.StaticUserWebFilter$StaticUserFilter) to context hddsDatanode
2019-09-10 18:32:47,140 [main] INFO  http.HttpServer2 (HttpServer2.java:addFilter(958)) - Added filter static_user_filter (class=org.apache.hadoop.http.lib.StaticUserWebFilter$StaticUserFilter) to context logs
2019-09-10 18:32:47,140 [main] INFO  http.HttpServer2 (HttpServer2.java:addFilter(958)) - Added filter static_user_filter (class=org.apache.hadoop.http.lib.StaticUserWebFilter$StaticUserFilter) to context static
2019-09-10 18:32:47,141 [main] INFO  http.HttpServer2 (HttpServer2.java:bindListener(1191)) - Jetty bound to port 44811
2019-09-10 18:32:47,142 [main] INFO  server.Server (Server.java:doStart(351)) - jetty-9.3.24.v20180605, build timestamp: 2018-06-05T17:11:56Z, git hash: 84205aa28f11a4f31f2a3b86d1bba2cc8ab69827
2019-09-10 18:32:47,144 [main] INFO  handler.ContextHandler (ContextHandler.java:doStart(781)) - Started o.e.j.s.ServletContextHandler@75181b50{/logs,file:///workdir/hadoop-ozone/integration-test/target/log,AVAILABLE}
2019-09-10 18:32:47,144 [main] INFO  handler.ContextHandler (ContextHandler.java:doStart(781)) - Started o.e.j.s.ServletContextHandler@5f254608{/static,jar:file:/home/user/.m2/repository/org/apache/hadoop/hadoop-hdds-container-service/0.5.0-SNAPSHOT/hadoop-hdds-container-service-0.5.0-SNAPSHOT.jar!/webapps/static,AVAILABLE}
2019-09-10 18:32:47,192 [main] INFO  handler.ContextHandler (ContextHandler.java:doStart(781)) - Started o.e.j.w.WebAppContext@7e5843db{/,file:///tmp/jetty-0.0.0.0-44811-hddsDatanode-_-any-3109117417705629638.dir/webapp/,AVAILABLE}{/hddsDatanode}
2019-09-10 18:32:47,194 [main] INFO  server.AbstractConnector (AbstractConnector.java:doStart(278)) - Started ServerConnector@459f703f{HTTP/1.1,[http/1.1]}{0.0.0.0:44811}
2019-09-10 18:32:47,194 [main] INFO  server.Server (Server.java:doStart(419)) - Started @6789ms
2019-09-10 18:32:47,195 [main] WARN  impl.MetricsSystemImpl (MetricsSystemImpl.java:register(276)) - Sink prometheus already exists!
2019-09-10 18:32:47,196 [main] INFO  server.BaseHttpServer (BaseHttpServer.java:updateConnectorAddress(215)) - HTTP server of HDDSDATANODE is listening at http://0.0.0.0:44811
2019-09-10 18:32:47,197 [main] INFO  impl.MetricsSystemImpl (MetricsSystemImpl.java:init(158)) - HddsDatanode metrics system started (again)
2019-09-10 18:32:47,202 [org.apache.hadoop.util.JvmPauseMonitor$Monitor@4073a411] INFO  util.JvmPauseMonitor (JvmPauseMonitor.java:run(188)) - Starting JVM pause monitor
2019-09-10 18:32:47,204 [main] INFO  ozone.HddsDatanodeService (HddsDatanodeService.java:start(184)) - HddsDatanodeService host:pr-hdds-1786-trunk-k6rzm-1803654198 ip:192.168.5.139
2019-09-10 18:32:47,205 [Datanode State Machine Thread - 0] INFO  datanode.InitDatanodeState (InitDatanodeState.java:persistContainerDatanodeDetails(140)) - DatanodeDetails is persisted to /workdir/hadoop-ozone/integration-test/target/test-dir/MiniOzoneClusterImpl-34bd394c-9e3d-49fb-9b5f-f4de544d8d6b/datanode-7/meta/datanode.id
2019-09-10 18:32:47,216 [main] INFO  volume.HddsVolume (HddsVolume.java:<init>(176)) - Creating Volume: /workdir/hadoop-ozone/integration-test/target/test-dir/MiniOzoneClusterImpl-34bd394c-9e3d-49fb-9b5f-f4de544d8d6b/datanode-8/data/containers/hdds of  storage type : DISK and capacity : 1482555576320
2019-09-10 18:32:47,217 [main] INFO  volume.VolumeSet (VolumeSet.java:initializeVolumeSet(170)) - Added Volume : /workdir/hadoop-ozone/integration-test/target/test-dir/MiniOzoneClusterImpl-34bd394c-9e3d-49fb-9b5f-f4de544d8d6b/datanode-8/data/containers/hdds to VolumeSet
2019-09-10 18:32:47,217 [main] INFO  volume.ThrottledAsyncChecker (ThrottledAsyncChecker.java:schedule(139)) - Scheduling a check for org.apache.hadoop.ozone.container.common.volume.HddsVolume@f6de586
2019-09-10 18:32:47,218 [main] INFO  volume.HddsVolumeChecker (HddsVolumeChecker.java:checkAllVolumes(202)) - Scheduled health check for volume org.apache.hadoop.ozone.container.common.volume.HddsVolume@f6de586
2019-09-10 18:32:47,239 [main] INFO  impl.RaftServerProxy (ConfUtils.java:logGet(43)) - raft.rpc.type = GRPC (default)
2019-09-10 18:32:47,240 [main] INFO  grpc.GrpcFactory (GrpcFactory.java:checkPooledByteBufAllocatorUseCacheForAllThreads(45)) - PERFORMANCE WARNING: useCacheForAllThreads is true that may cause Netty to create a lot garbage objects and, as a result, trigger GC.
	It is recommended to disable useCacheForAllThreads by setting -Dorg.apache.ratis.thirdparty.io.netty.allocator.useCacheForAllThreads=false in command line.
2019-09-10 18:32:47,240 [main] INFO  grpc.GrpcConfigKeys$Server (ConfUtils.java:logGet(43)) - raft.grpc.server.port = 0 (default)
2019-09-10 18:32:47,240 [main] INFO  server.GrpcService (ConfUtils.java:logGet(43)) - raft.grpc.message.size.max = 33570816 (custom)
2019-09-10 18:32:47,241 [main] INFO  server.RaftServerConfigKeys (ConfUtils.java:logGet(43)) - raft.server.log.appender.buffer.byte-limit = 33554432 (custom)
2019-09-10 18:32:47,241 [main] INFO  server.GrpcService (ConfUtils.java:logGet(43)) - raft.grpc.flow.control.window = 1MB (=1048576) (default)
2019-09-10 18:32:47,241 [main] INFO  server.RaftServerConfigKeys (ConfUtils.java:logGet(43)) - raft.server.rpc.request.timeout = 3000ms (default)
2019-09-10 18:32:47,242 [main] INFO  server.RaftServerConfigKeys (ConfUtils.java:logGet(43)) - raft.server.storage.dir = [/workdir/hadoop-ozone/integration-test/target/test-dir/MiniOzoneClusterImpl-34bd394c-9e3d-49fb-9b5f-f4de544d8d6b/datanode-8/data/ratis] (custom)
2019-09-10 18:32:47,244 [main] INFO  hdfs.DFSUtil (DFSUtil.java:httpServerTemplateForNNAndJN(1641)) - Starting Web-server for hddsDatanode at: http://0.0.0.0:0
2019-09-10 18:32:47,246 [main] INFO  server.AuthenticationFilter (AuthenticationFilter.java:constructSecretProvider(240)) - Unable to initialize FileSignerSecretProvider, falling back to use random secrets.
2019-09-10 18:32:47,246 [main] WARN  http.HttpRequestLog (HttpRequestLog.java:getRequestLog(97)) - Jetty request log can only be enabled using Log4j
2019-09-10 18:32:47,248 [main] INFO  http.HttpServer2 (HttpServer2.java:addGlobalFilter(975)) - Added global filter 'safety' (class=org.apache.hadoop.http.HttpServer2$QuotingInputFilter)
2019-09-10 18:32:47,249 [main] INFO  http.HttpServer2 (HttpServer2.java:addFilter(948)) - Added filter static_user_filter (class=org.apache.hadoop.http.lib.StaticUserWebFilter$StaticUserFilter) to context hddsDatanode
2019-09-10 18:32:47,249 [main] INFO  http.HttpServer2 (HttpServer2.java:addFilter(958)) - Added filter static_user_filter (class=org.apache.hadoop.http.lib.StaticUserWebFilter$StaticUserFilter) to context logs
2019-09-10 18:32:47,249 [main] INFO  http.HttpServer2 (HttpServer2.java:addFilter(958)) - Added filter static_user_filter (class=org.apache.hadoop.http.lib.StaticUserWebFilter$StaticUserFilter) to context static
2019-09-10 18:32:47,250 [main] INFO  http.HttpServer2 (HttpServer2.java:bindListener(1191)) - Jetty bound to port 35638
2019-09-10 18:32:47,250 [main] INFO  server.Server (Server.java:doStart(351)) - jetty-9.3.24.v20180605, build timestamp: 2018-06-05T17:11:56Z, git hash: 84205aa28f11a4f31f2a3b86d1bba2cc8ab69827
2019-09-10 18:32:47,252 [main] INFO  handler.ContextHandler (ContextHandler.java:doStart(781)) - Started o.e.j.s.ServletContextHandler@47be0f9b{/logs,file:///workdir/hadoop-ozone/integration-test/target/log,AVAILABLE}
2019-09-10 18:32:47,253 [main] INFO  handler.ContextHandler (ContextHandler.java:doStart(781)) - Started o.e.j.s.ServletContextHandler@4bd51d3e{/static,jar:file:/home/user/.m2/repository/org/apache/hadoop/hadoop-hdds-container-service/0.5.0-SNAPSHOT/hadoop-hdds-container-service-0.5.0-SNAPSHOT.jar!/webapps/static,AVAILABLE}
2019-09-10 18:32:47,286 [main] INFO  handler.ContextHandler (ContextHandler.java:doStart(781)) - Started o.e.j.w.WebAppContext@352ed70d{/,file:///tmp/jetty-0.0.0.0-35638-hddsDatanode-_-any-1320575608758455558.dir/webapp/,AVAILABLE}{/hddsDatanode}
2019-09-10 18:32:47,287 [main] INFO  server.AbstractConnector (AbstractConnector.java:doStart(278)) - Started ServerConnector@70730db{HTTP/1.1,[http/1.1]}{0.0.0.0:35638}
2019-09-10 18:32:47,288 [main] INFO  server.Server (Server.java:doStart(419)) - Started @6883ms
2019-09-10 18:32:47,288 [main] WARN  impl.MetricsSystemImpl (MetricsSystemImpl.java:register(276)) - Sink prometheus already exists!
2019-09-10 18:32:47,289 [main] INFO  server.BaseHttpServer (BaseHttpServer.java:updateConnectorAddress(215)) - HTTP server of HDDSDATANODE is listening at http://0.0.0.0:35638
2019-09-10 18:32:47,290 [main] INFO  impl.MetricsSystemImpl (MetricsSystemImpl.java:init(158)) - HddsDatanode metrics system started (again)
2019-09-10 18:32:47,294 [org.apache.hadoop.util.JvmPauseMonitor$Monitor@12442dbe] INFO  util.JvmPauseMonitor (JvmPauseMonitor.java:run(188)) - Starting JVM pause monitor
2019-09-10 18:32:47,297 [main] INFO  ozone.HddsDatanodeService (HddsDatanodeService.java:start(184)) - HddsDatanodeService host:pr-hdds-1786-trunk-k6rzm-1803654198 ip:192.168.5.139
2019-09-10 18:32:47,324 [main] INFO  volume.HddsVolume (HddsVolume.java:<init>(176)) - Creating Volume: /workdir/hadoop-ozone/integration-test/target/test-dir/MiniOzoneClusterImpl-34bd394c-9e3d-49fb-9b5f-f4de544d8d6b/datanode-9/data/containers/hdds of  storage type : DISK and capacity : 1482555576320
2019-09-10 18:32:47,324 [main] INFO  volume.VolumeSet (VolumeSet.java:initializeVolumeSet(170)) - Added Volume : /workdir/hadoop-ozone/integration-test/target/test-dir/MiniOzoneClusterImpl-34bd394c-9e3d-49fb-9b5f-f4de544d8d6b/datanode-9/data/containers/hdds to VolumeSet
2019-09-10 18:32:47,325 [main] INFO  volume.ThrottledAsyncChecker (ThrottledAsyncChecker.java:schedule(139)) - Scheduling a check for org.apache.hadoop.ozone.container.common.volume.HddsVolume@7a360554
2019-09-10 18:32:47,325 [Datanode State Machine Thread - 0] INFO  datanode.InitDatanodeState (InitDatanodeState.java:persistContainerDatanodeDetails(140)) - DatanodeDetails is persisted to /workdir/hadoop-ozone/integration-test/target/test-dir/MiniOzoneClusterImpl-34bd394c-9e3d-49fb-9b5f-f4de544d8d6b/datanode-8/meta/datanode.id
2019-09-10 18:32:47,326 [main] INFO  volume.HddsVolumeChecker (HddsVolumeChecker.java:checkAllVolumes(202)) - Scheduled health check for volume org.apache.hadoop.ozone.container.common.volume.HddsVolume@7a360554
2019-09-10 18:32:47,347 [main] INFO  impl.RaftServerProxy (ConfUtils.java:logGet(43)) - raft.rpc.type = GRPC (default)
2019-09-10 18:32:47,347 [main] INFO  grpc.GrpcFactory (GrpcFactory.java:checkPooledByteBufAllocatorUseCacheForAllThreads(45)) - PERFORMANCE WARNING: useCacheForAllThreads is true that may cause Netty to create a lot garbage objects and, as a result, trigger GC.
	It is recommended to disable useCacheForAllThreads by setting -Dorg.apache.ratis.thirdparty.io.netty.allocator.useCacheForAllThreads=false in command line.
2019-09-10 18:32:47,347 [main] INFO  grpc.GrpcConfigKeys$Server (ConfUtils.java:logGet(43)) - raft.grpc.server.port = 0 (default)
2019-09-10 18:32:47,348 [main] INFO  server.GrpcService (ConfUtils.java:logGet(43)) - raft.grpc.message.size.max = 33570816 (custom)
2019-09-10 18:32:47,348 [main] INFO  server.RaftServerConfigKeys (ConfUtils.java:logGet(43)) - raft.server.log.appender.buffer.byte-limit = 33554432 (custom)
2019-09-10 18:32:47,348 [main] INFO  server.GrpcService (ConfUtils.java:logGet(43)) - raft.grpc.flow.control.window = 1MB (=1048576) (default)
2019-09-10 18:32:47,349 [main] INFO  server.RaftServerConfigKeys (ConfUtils.java:logGet(43)) - raft.server.rpc.request.timeout = 3000ms (default)
2019-09-10 18:32:47,349 [main] INFO  server.RaftServerConfigKeys (ConfUtils.java:logGet(43)) - raft.server.storage.dir = [/workdir/hadoop-ozone/integration-test/target/test-dir/MiniOzoneClusterImpl-34bd394c-9e3d-49fb-9b5f-f4de544d8d6b/datanode-9/data/ratis] (custom)
2019-09-10 18:32:47,351 [main] INFO  hdfs.DFSUtil (DFSUtil.java:httpServerTemplateForNNAndJN(1641)) - Starting Web-server for hddsDatanode at: http://0.0.0.0:0
2019-09-10 18:32:47,353 [main] INFO  server.AuthenticationFilter (AuthenticationFilter.java:constructSecretProvider(240)) - Unable to initialize FileSignerSecretProvider, falling back to use random secrets.
2019-09-10 18:32:47,354 [main] WARN  http.HttpRequestLog (HttpRequestLog.java:getRequestLog(97)) - Jetty request log can only be enabled using Log4j
2019-09-10 18:32:47,356 [main] INFO  http.HttpServer2 (HttpServer2.java:addGlobalFilter(975)) - Added global filter 'safety' (class=org.apache.hadoop.http.HttpServer2$QuotingInputFilter)
2019-09-10 18:32:47,357 [main] INFO  http.HttpServer2 (HttpServer2.java:addFilter(948)) - Added filter static_user_filter (class=org.apache.hadoop.http.lib.StaticUserWebFilter$StaticUserFilter) to context hddsDatanode
2019-09-10 18:32:47,358 [main] INFO  http.HttpServer2 (HttpServer2.java:addFilter(958)) - Added filter static_user_filter (class=org.apache.hadoop.http.lib.StaticUserWebFilter$StaticUserFilter) to context static
2019-09-10 18:32:47,358 [main] INFO  http.HttpServer2 (HttpServer2.java:addFilter(958)) - Added filter static_user_filter (class=org.apache.hadoop.http.lib.StaticUserWebFilter$StaticUserFilter) to context logs
2019-09-10 18:32:47,359 [main] INFO  http.HttpServer2 (HttpServer2.java:bindListener(1191)) - Jetty bound to port 39345
2019-09-10 18:32:47,360 [main] INFO  server.Server (Server.java:doStart(351)) - jetty-9.3.24.v20180605, build timestamp: 2018-06-05T17:11:56Z, git hash: 84205aa28f11a4f31f2a3b86d1bba2cc8ab69827
2019-09-10 18:32:47,362 [main] INFO  handler.ContextHandler (ContextHandler.java:doStart(781)) - Started o.e.j.s.ServletContextHandler@136965e3{/logs,file:///workdir/hadoop-ozone/integration-test/target/log,AVAILABLE}
2019-09-10 18:32:47,363 [main] INFO  handler.ContextHandler (ContextHandler.java:doStart(781)) - Started o.e.j.s.ServletContextHandler@435cc7f9{/static,jar:file:/home/user/.m2/repository/org/apache/hadoop/hadoop-hdds-container-service/0.5.0-SNAPSHOT/hadoop-hdds-container-service-0.5.0-SNAPSHOT.jar!/webapps/static,AVAILABLE}
2019-09-10 18:32:47,409 [main] INFO  handler.ContextHandler (ContextHandler.java:doStart(781)) - Started o.e.j.w.WebAppContext@3c98781a{/,file:///tmp/jetty-0.0.0.0-39345-hddsDatanode-_-any-9041647819994236553.dir/webapp/,AVAILABLE}{/hddsDatanode}
2019-09-10 18:32:47,409 [main] INFO  server.AbstractConnector (AbstractConnector.java:doStart(278)) - Started ServerConnector@3f736a16{HTTP/1.1,[http/1.1]}{0.0.0.0:39345}
2019-09-10 18:32:47,411 [main] INFO  server.Server (Server.java:doStart(419)) - Started @7006ms
2019-09-10 18:32:47,411 [main] WARN  impl.MetricsSystemImpl (MetricsSystemImpl.java:register(276)) - Sink prometheus already exists!
2019-09-10 18:32:47,413 [main] INFO  server.BaseHttpServer (BaseHttpServer.java:updateConnectorAddress(215)) - HTTP server of HDDSDATANODE is listening at http://0.0.0.0:39345
2019-09-10 18:32:47,418 [main] INFO  ozone.MiniOzoneClusterImpl (MiniOzoneClusterImpl.java:lambda$waitForClusterToBeReady$0(140)) - Waiting for cluster to be ready. Got 0 of 10 DN Heartbeats.
2019-09-10 18:32:47,419 [org.apache.hadoop.util.JvmPauseMonitor$Monitor@74d6804f] INFO  util.JvmPauseMonitor (JvmPauseMonitor.java:run(188)) - Starting JVM pause monitor
2019-09-10 18:32:47,422 [Datanode State Machine Thread - 0] INFO  datanode.InitDatanodeState (InitDatanodeState.java:persistContainerDatanodeDetails(140)) - DatanodeDetails is persisted to /workdir/hadoop-ozone/integration-test/target/test-dir/MiniOzoneClusterImpl-34bd394c-9e3d-49fb-9b5f-f4de544d8d6b/datanode-9/meta/datanode.id
2019-09-10 18:32:48,419 [main] INFO  ozone.MiniOzoneClusterImpl (MiniOzoneClusterImpl.java:lambda$waitForClusterToBeReady$0(140)) - Waiting for cluster to be ready. Got 0 of 10 DN Heartbeats.
2019-09-10 18:32:48,649 [Datanode State Machine Thread - 0] INFO  ozoneimpl.OzoneContainer (OzoneContainer.java:start(217)) - Attempting to start container services.
2019-09-10 18:32:48,651 [Datanode State Machine Thread - 0] INFO  ozoneimpl.OzoneContainer (OzoneContainer.java:startContainerScrub(179)) - Background container scanner has been disabled.
2019-09-10 18:32:48,651 [Datanode State Machine Thread - 0] INFO  ratis.XceiverServerRatis (XceiverServerRatis.java:start(411)) - Starting XceiverServerRatis 59afee6f-3342-47f6-8cd2-a67165187773 at port 0
2019-09-10 18:32:48,675 [Datanode State Machine Thread - 0] INFO  impl.RaftServerProxy (RaftServerProxy.java:lambda$start$3(299)) - 59afee6f-3342-47f6-8cd2-a67165187773: start RPC server
2019-09-10 18:32:48,715 [Datanode State Machine Thread - 0] INFO  ozoneimpl.OzoneContainer (OzoneContainer.java:start(217)) - Attempting to start container services.
2019-09-10 18:32:48,722 [Datanode State Machine Thread - 0] INFO  ozoneimpl.OzoneContainer (OzoneContainer.java:startContainerScrub(179)) - Background container scanner has been disabled.
2019-09-10 18:32:48,722 [Datanode State Machine Thread - 0] INFO  ratis.XceiverServerRatis (XceiverServerRatis.java:start(411)) - Starting XceiverServerRatis 114338b4-3ae2-46b3-98b7-a583d2a0bf23 at port 0
2019-09-10 18:32:48,733 [Datanode State Machine Thread - 0] INFO  impl.RaftServerProxy (RaftServerProxy.java:lambda$start$3(299)) - 114338b4-3ae2-46b3-98b7-a583d2a0bf23: start RPC server
2019-09-10 18:32:48,809 [Datanode State Machine Thread - 0] INFO  ozoneimpl.OzoneContainer (OzoneContainer.java:start(217)) - Attempting to start container services.
2019-09-10 18:32:48,810 [Datanode State Machine Thread - 0] INFO  ozoneimpl.OzoneContainer (OzoneContainer.java:startContainerScrub(179)) - Background container scanner has been disabled.
2019-09-10 18:32:48,810 [Datanode State Machine Thread - 0] INFO  ratis.XceiverServerRatis (XceiverServerRatis.java:start(411)) - Starting XceiverServerRatis 166d57fa-ec73-4a99-b6df-0ab3ad0d7909 at port 0
2019-09-10 18:32:48,819 [Datanode State Machine Thread - 0] INFO  impl.RaftServerProxy (RaftServerProxy.java:lambda$start$3(299)) - 166d57fa-ec73-4a99-b6df-0ab3ad0d7909: start RPC server
2019-09-10 18:32:48,862 [Datanode State Machine Thread - 0] INFO  server.GrpcService (GrpcService.java:startImpl(158)) - 166d57fa-ec73-4a99-b6df-0ab3ad0d7909: GrpcService started, listening on 0.0.0.0/0.0.0.0:39780
2019-09-10 18:32:48,862 [Datanode State Machine Thread - 0] INFO  server.GrpcService (GrpcService.java:startImpl(158)) - 59afee6f-3342-47f6-8cd2-a67165187773: GrpcService started, listening on 0.0.0.0/0.0.0.0:42383
2019-09-10 18:32:48,862 [Datanode State Machine Thread - 0] INFO  server.GrpcService (GrpcService.java:startImpl(158)) - 114338b4-3ae2-46b3-98b7-a583d2a0bf23: GrpcService started, listening on 0.0.0.0/0.0.0.0:33171
2019-09-10 18:32:48,863 [Datanode State Machine Thread - 0] INFO  ratis.XceiverServerRatis (XceiverServerRatis.java:start(421)) - XceiverServerRatis 59afee6f-3342-47f6-8cd2-a67165187773 is started using port 42383
2019-09-10 18:32:48,863 [Datanode State Machine Thread - 0] INFO  ratis.XceiverServerRatis (XceiverServerRatis.java:start(421)) - XceiverServerRatis 166d57fa-ec73-4a99-b6df-0ab3ad0d7909 is started using port 39780
2019-09-10 18:32:48,863 [Datanode State Machine Thread - 0] INFO  ratis.XceiverServerRatis (XceiverServerRatis.java:start(421)) - XceiverServerRatis 114338b4-3ae2-46b3-98b7-a583d2a0bf23 is started using port 33171
2019-09-10 18:32:48,870 [Datanode State Machine Thread - 0] INFO  server.XceiverServerGrpc (XceiverServerGrpc.java:start(163)) - XceiverServerGrpc 114338b4-3ae2-46b3-98b7-a583d2a0bf23 is started using port 43151
2019-09-10 18:32:48,870 [Datanode State Machine Thread - 0] INFO  server.XceiverServerGrpc (XceiverServerGrpc.java:start(163)) - XceiverServerGrpc 59afee6f-3342-47f6-8cd2-a67165187773 is started using port 41552
2019-09-10 18:32:48,870 [Datanode State Machine Thread - 0] INFO  server.XceiverServerGrpc (XceiverServerGrpc.java:start(163)) - XceiverServerGrpc 166d57fa-ec73-4a99-b6df-0ab3ad0d7909 is started using port 32780
2019-09-10 18:32:48,898 [Datanode State Machine Thread - 0] INFO  ozoneimpl.OzoneContainer (OzoneContainer.java:start(217)) - Attempting to start container services.
2019-09-10 18:32:48,898 [Datanode State Machine Thread - 0] INFO  ozoneimpl.OzoneContainer (OzoneContainer.java:startContainerScrub(179)) - Background container scanner has been disabled.
2019-09-10 18:32:48,899 [Datanode State Machine Thread - 0] INFO  ratis.XceiverServerRatis (XceiverServerRatis.java:start(411)) - Starting XceiverServerRatis cfb62293-4a7a-44de-bace-70c992c1cb58 at port 0
2019-09-10 18:32:48,906 [Datanode State Machine Thread - 0] INFO  impl.RaftServerProxy (RaftServerProxy.java:lambda$start$3(299)) - cfb62293-4a7a-44de-bace-70c992c1cb58: start RPC server
2019-09-10 18:32:48,910 [Datanode State Machine Thread - 0] INFO  server.GrpcService (GrpcService.java:startImpl(158)) - cfb62293-4a7a-44de-bace-70c992c1cb58: GrpcService started, listening on 0.0.0.0/0.0.0.0:38941
2019-09-10 18:32:48,910 [Datanode State Machine Thread - 0] INFO  ratis.XceiverServerRatis (XceiverServerRatis.java:start(421)) - XceiverServerRatis cfb62293-4a7a-44de-bace-70c992c1cb58 is started using port 38941
2019-09-10 18:32:48,912 [Datanode State Machine Thread - 0] INFO  server.XceiverServerGrpc (XceiverServerGrpc.java:start(163)) - XceiverServerGrpc cfb62293-4a7a-44de-bace-70c992c1cb58 is started using port 33612
2019-09-10 18:32:49,299 [Datanode State Machine Thread - 0] INFO  ozoneimpl.OzoneContainer (OzoneContainer.java:start(217)) - Attempting to start container services.
2019-09-10 18:32:49,299 [Datanode State Machine Thread - 0] INFO  ozoneimpl.OzoneContainer (OzoneContainer.java:start(217)) - Attempting to start container services.
2019-09-10 18:32:49,299 [Datanode State Machine Thread - 0] INFO  ozoneimpl.OzoneContainer (OzoneContainer.java:startContainerScrub(179)) - Background container scanner has been disabled.
2019-09-10 18:32:49,299 [Datanode State Machine Thread - 0] INFO  ozoneimpl.OzoneContainer (OzoneContainer.java:start(217)) - Attempting to start container services.
2019-09-10 18:32:49,299 [Datanode State Machine Thread - 0] INFO  ozoneimpl.OzoneContainer (OzoneContainer.java:start(217)) - Attempting to start container services.
2019-09-10 18:32:49,300 [Datanode State Machine Thread - 0] INFO  ozoneimpl.OzoneContainer (OzoneContainer.java:startContainerScrub(179)) - Background container scanner has been disabled.
2019-09-10 18:32:49,299 [Datanode State Machine Thread - 0] INFO  ratis.XceiverServerRatis (XceiverServerRatis.java:start(411)) - Starting XceiverServerRatis 7e7e06ff-ff15-4a73-bf67-b60124f5dbc2 at port 0
2019-09-10 18:32:49,299 [Datanode State Machine Thread - 0] INFO  ozoneimpl.OzoneContainer (OzoneContainer.java:startContainerScrub(179)) - Background container scanner has been disabled.
2019-09-10 18:32:49,300 [Datanode State Machine Thread - 0] INFO  ratis.XceiverServerRatis (XceiverServerRatis.java:start(411)) - Starting XceiverServerRatis dc34f224-6fe7-4a16-b3d0-41df1e51aada at port 0
2019-09-10 18:32:49,300 [Datanode State Machine Thread - 0] INFO  ozoneimpl.OzoneContainer (OzoneContainer.java:startContainerScrub(179)) - Background container scanner has been disabled.
2019-09-10 18:32:49,300 [Datanode State Machine Thread - 0] INFO  ratis.XceiverServerRatis (XceiverServerRatis.java:start(411)) - Starting XceiverServerRatis a5c56bc8-e609-4560-873f-c4715c8bfbf6 at port 0
2019-09-10 18:32:49,301 [Datanode State Machine Thread - 0] INFO  ratis.XceiverServerRatis (XceiverServerRatis.java:start(411)) - Starting XceiverServerRatis f9c92805-78f9-4aa2-ad11-0f5c06c060e3 at port 0
2019-09-10 18:32:49,316 [Datanode State Machine Thread - 0] INFO  ozoneimpl.OzoneContainer (OzoneContainer.java:start(217)) - Attempting to start container services.
2019-09-10 18:32:49,316 [Datanode State Machine Thread - 0] INFO  ozoneimpl.OzoneContainer (OzoneContainer.java:startContainerScrub(179)) - Background container scanner has been disabled.
2019-09-10 18:32:49,316 [Datanode State Machine Thread - 0] INFO  ratis.XceiverServerRatis (XceiverServerRatis.java:start(411)) - Starting XceiverServerRatis 43b8dda0-1fac-498c-94e0-436a32ed8ccd at port 0
2019-09-10 18:32:49,326 [Datanode State Machine Thread - 0] INFO  impl.RaftServerProxy (RaftServerProxy.java:lambda$start$3(299)) - dc34f224-6fe7-4a16-b3d0-41df1e51aada: start RPC server
2019-09-10 18:32:49,331 [Datanode State Machine Thread - 0] INFO  server.GrpcService (GrpcService.java:startImpl(158)) - dc34f224-6fe7-4a16-b3d0-41df1e51aada: GrpcService started, listening on 0.0.0.0/0.0.0.0:40510
2019-09-10 18:32:49,331 [Datanode State Machine Thread - 0] INFO  ratis.XceiverServerRatis (XceiverServerRatis.java:start(421)) - XceiverServerRatis dc34f224-6fe7-4a16-b3d0-41df1e51aada is started using port 40510
2019-09-10 18:32:49,335 [Datanode State Machine Thread - 0] INFO  server.XceiverServerGrpc (XceiverServerGrpc.java:start(163)) - XceiverServerGrpc dc34f224-6fe7-4a16-b3d0-41df1e51aada is started using port 33493
2019-09-10 18:32:49,345 [Datanode State Machine Thread - 0] INFO  impl.RaftServerProxy (RaftServerProxy.java:lambda$start$3(299)) - a5c56bc8-e609-4560-873f-c4715c8bfbf6: start RPC server
2019-09-10 18:32:49,349 [Datanode State Machine Thread - 0] INFO  impl.RaftServerProxy (RaftServerProxy.java:lambda$start$3(299)) - f9c92805-78f9-4aa2-ad11-0f5c06c060e3: start RPC server
2019-09-10 18:32:49,349 [Datanode State Machine Thread - 0] INFO  server.GrpcService (GrpcService.java:startImpl(158)) - a5c56bc8-e609-4560-873f-c4715c8bfbf6: GrpcService started, listening on 0.0.0.0/0.0.0.0:44770
2019-09-10 18:32:49,349 [Datanode State Machine Thread - 0] INFO  ratis.XceiverServerRatis (XceiverServerRatis.java:start(421)) - XceiverServerRatis a5c56bc8-e609-4560-873f-c4715c8bfbf6 is started using port 44770
2019-09-10 18:32:49,350 [Datanode State Machine Thread - 0] INFO  impl.RaftServerProxy (RaftServerProxy.java:lambda$start$3(299)) - 7e7e06ff-ff15-4a73-bf67-b60124f5dbc2: start RPC server
2019-09-10 18:32:49,360 [Datanode State Machine Thread - 0] INFO  server.GrpcService (GrpcService.java:startImpl(158)) - f9c92805-78f9-4aa2-ad11-0f5c06c060e3: GrpcService started, listening on 0.0.0.0/0.0.0.0:43690
2019-09-10 18:32:49,360 [Datanode State Machine Thread - 0] INFO  server.XceiverServerGrpc (XceiverServerGrpc.java:start(163)) - XceiverServerGrpc a5c56bc8-e609-4560-873f-c4715c8bfbf6 is started using port 38889
2019-09-10 18:32:49,360 [Datanode State Machine Thread - 0] INFO  ratis.XceiverServerRatis (XceiverServerRatis.java:start(421)) - XceiverServerRatis f9c92805-78f9-4aa2-ad11-0f5c06c060e3 is started using port 43690
2019-09-10 18:32:49,360 [Datanode State Machine Thread - 0] INFO  server.GrpcService (GrpcService.java:startImpl(158)) - 7e7e06ff-ff15-4a73-bf67-b60124f5dbc2: GrpcService started, listening on 0.0.0.0/0.0.0.0:37758
2019-09-10 18:32:49,360 [Datanode State Machine Thread - 0] INFO  impl.RaftServerProxy (RaftServerProxy.java:lambda$start$3(299)) - 43b8dda0-1fac-498c-94e0-436a32ed8ccd: start RPC server
2019-09-10 18:32:49,361 [Datanode State Machine Thread - 0] INFO  ratis.XceiverServerRatis (XceiverServerRatis.java:start(421)) - XceiverServerRatis 7e7e06ff-ff15-4a73-bf67-b60124f5dbc2 is started using port 37758
2019-09-10 18:32:49,368 [Datanode State Machine Thread - 0] INFO  server.XceiverServerGrpc (XceiverServerGrpc.java:start(163)) - XceiverServerGrpc f9c92805-78f9-4aa2-ad11-0f5c06c060e3 is started using port 40647
2019-09-10 18:32:49,370 [Datanode State Machine Thread - 0] INFO  server.GrpcService (GrpcService.java:startImpl(158)) - 43b8dda0-1fac-498c-94e0-436a32ed8ccd: GrpcService started, listening on 0.0.0.0/0.0.0.0:45091
2019-09-10 18:32:49,370 [Datanode State Machine Thread - 0] INFO  server.XceiverServerGrpc (XceiverServerGrpc.java:start(163)) - XceiverServerGrpc 7e7e06ff-ff15-4a73-bf67-b60124f5dbc2 is started using port 43660
2019-09-10 18:32:49,370 [Datanode State Machine Thread - 0] INFO  ratis.XceiverServerRatis (XceiverServerRatis.java:start(421)) - XceiverServerRatis 43b8dda0-1fac-498c-94e0-436a32ed8ccd is started using port 45091
2019-09-10 18:32:49,375 [Datanode State Machine Thread - 0] INFO  server.XceiverServerGrpc (XceiverServerGrpc.java:start(163)) - XceiverServerGrpc 43b8dda0-1fac-498c-94e0-436a32ed8ccd is started using port 39356
2019-09-10 18:32:49,419 [main] INFO  ozone.MiniOzoneClusterImpl (MiniOzoneClusterImpl.java:lambda$waitForClusterToBeReady$0(140)) - Waiting for cluster to be ready. Got 0 of 10 DN Heartbeats.
2019-09-10 18:32:49,444 [Datanode State Machine Thread - 0] INFO  ozoneimpl.OzoneContainer (OzoneContainer.java:start(217)) - Attempting to start container services.
2019-09-10 18:32:49,444 [Datanode State Machine Thread - 0] INFO  ozoneimpl.OzoneContainer (OzoneContainer.java:startContainerScrub(179)) - Background container scanner has been disabled.
2019-09-10 18:32:49,444 [Datanode State Machine Thread - 0] INFO  ratis.XceiverServerRatis (XceiverServerRatis.java:start(411)) - Starting XceiverServerRatis fc430ad7-c10f-4afd-84a3-4263b60fc3a5 at port 0
2019-09-10 18:32:49,453 [Datanode State Machine Thread - 0] INFO  impl.RaftServerProxy (RaftServerProxy.java:lambda$start$3(299)) - fc430ad7-c10f-4afd-84a3-4263b60fc3a5: start RPC server
2019-09-10 18:32:49,470 [Datanode State Machine Thread - 0] INFO  server.GrpcService (GrpcService.java:startImpl(158)) - fc430ad7-c10f-4afd-84a3-4263b60fc3a5: GrpcService started, listening on 0.0.0.0/0.0.0.0:34501
2019-09-10 18:32:49,470 [Datanode State Machine Thread - 0] INFO  ratis.XceiverServerRatis (XceiverServerRatis.java:start(421)) - XceiverServerRatis fc430ad7-c10f-4afd-84a3-4263b60fc3a5 is started using port 34501
2019-09-10 18:32:49,500 [Datanode State Machine Thread - 0] INFO  server.XceiverServerGrpc (XceiverServerGrpc.java:start(163)) - XceiverServerGrpc fc430ad7-c10f-4afd-84a3-4263b60fc3a5 is started using port 33005
2019-09-10 18:32:50,420 [main] INFO  ozone.MiniOzoneClusterImpl (MiniOzoneClusterImpl.java:lambda$waitForClusterToBeReady$0(140)) - Waiting for cluster to be ready. Got 0 of 10 DN Heartbeats.
2019-09-10 18:32:50,633 [IPC Server handler 17 on 35934] INFO  net.NetworkTopology (NetworkTopologyImpl.java:add(110)) - Added a new node: /default-rack/59afee6f-3342-47f6-8cd2-a67165187773
2019-09-10 18:32:50,633 [IPC Server handler 17 on 35934] INFO  node.SCMNodeManager (SCMNodeManager.java:register(266)) - Registered Data node : 59afee6f-3342-47f6-8cd2-a67165187773{ip: 192.168.5.139, host: pr-hdds-1786-trunk-k6rzm-1803654198, networkLocation: /default-rack, certSerialId: null}
2019-09-10 18:32:50,640 [EventQueue-NodeRegistrationContainerReportForDataNodeSafeModeRule] INFO  safemode.SCMSafeModeManager (DataNodeSafeModeRule.java:process(71)) - SCM in safe mode. 1 DataNodes registered, 1 required.
2019-09-10 18:32:50,640 [EventQueue-NodeRegistrationContainerReportForDataNodeSafeModeRule] INFO  safemode.SCMSafeModeManager (SCMSafeModeManager.java:validateSafeModeExitRules(177)) - ScmSafeModeManager, all rules are successfully validated
2019-09-10 18:32:50,641 [EventQueue-NodeRegistrationContainerReportForDataNodeSafeModeRule] INFO  safemode.SCMSafeModeManager (SCMSafeModeManager.java:exitSafeMode(193)) - SCM exiting safe mode.
2019-09-10 18:32:50,700 [IPC Server handler 12 on 35934] INFO  net.NetworkTopology (NetworkTopologyImpl.java:add(110)) - Added a new node: /default-rack/114338b4-3ae2-46b3-98b7-a583d2a0bf23
2019-09-10 18:32:50,700 [IPC Server handler 12 on 35934] INFO  node.SCMNodeManager (SCMNodeManager.java:register(266)) - Registered Data node : 114338b4-3ae2-46b3-98b7-a583d2a0bf23{ip: 192.168.5.139, host: pr-hdds-1786-trunk-k6rzm-1803654198, networkLocation: /default-rack, certSerialId: null}
2019-09-10 18:32:50,787 [IPC Server handler 5 on 35934] INFO  net.NetworkTopology (NetworkTopologyImpl.java:add(110)) - Added a new node: /default-rack/166d57fa-ec73-4a99-b6df-0ab3ad0d7909
2019-09-10 18:32:50,788 [IPC Server handler 5 on 35934] INFO  node.SCMNodeManager (SCMNodeManager.java:register(266)) - Registered Data node : 166d57fa-ec73-4a99-b6df-0ab3ad0d7909{ip: 192.168.5.139, host: pr-hdds-1786-trunk-k6rzm-1803654198, networkLocation: /default-rack, certSerialId: null}
2019-09-10 18:32:50,882 [IPC Server handler 18 on 35934] INFO  net.NetworkTopology (NetworkTopologyImpl.java:add(110)) - Added a new node: /default-rack/cfb62293-4a7a-44de-bace-70c992c1cb58
2019-09-10 18:32:50,882 [IPC Server handler 18 on 35934] INFO  node.SCMNodeManager (SCMNodeManager.java:register(266)) - Registered Data node : cfb62293-4a7a-44de-bace-70c992c1cb58{ip: 192.168.5.139, host: pr-hdds-1786-trunk-k6rzm-1803654198, networkLocation: /default-rack, certSerialId: null}
2019-09-10 18:32:50,951 [IPC Server handler 16 on 35934] INFO  net.NetworkTopology (NetworkTopologyImpl.java:add(110)) - Added a new node: /default-rack/f9c92805-78f9-4aa2-ad11-0f5c06c060e3
2019-09-10 18:32:50,951 [IPC Server handler 16 on 35934] INFO  node.SCMNodeManager (SCMNodeManager.java:register(266)) - Registered Data node : f9c92805-78f9-4aa2-ad11-0f5c06c060e3{ip: 192.168.5.139, host: pr-hdds-1786-trunk-k6rzm-1803654198, networkLocation: /default-rack, certSerialId: null}
2019-09-10 18:32:51,029 [IPC Server handler 13 on 35934] INFO  net.NetworkTopology (NetworkTopologyImpl.java:add(110)) - Added a new node: /default-rack/a5c56bc8-e609-4560-873f-c4715c8bfbf6
2019-09-10 18:32:51,029 [IPC Server handler 13 on 35934] INFO  node.SCMNodeManager (SCMNodeManager.java:register(266)) - Registered Data node : a5c56bc8-e609-4560-873f-c4715c8bfbf6{ip: 192.168.5.139, host: pr-hdds-1786-trunk-k6rzm-1803654198, networkLocation: /default-rack, certSerialId: null}
2019-09-10 18:32:51,115 [IPC Server handler 15 on 35934] INFO  net.NetworkTopology (NetworkTopologyImpl.java:add(110)) - Added a new node: /default-rack/7e7e06ff-ff15-4a73-bf67-b60124f5dbc2
2019-09-10 18:32:51,116 [IPC Server handler 15 on 35934] INFO  node.SCMNodeManager (SCMNodeManager.java:register(266)) - Registered Data node : 7e7e06ff-ff15-4a73-bf67-b60124f5dbc2{ip: 192.168.5.139, host: pr-hdds-1786-trunk-k6rzm-1803654198, networkLocation: /default-rack, certSerialId: null}
2019-09-10 18:32:51,207 [IPC Server handler 10 on 35934] INFO  net.NetworkTopology (NetworkTopologyImpl.java:add(110)) - Added a new node: /default-rack/dc34f224-6fe7-4a16-b3d0-41df1e51aada
2019-09-10 18:32:51,208 [IPC Server handler 10 on 35934] INFO  node.SCMNodeManager (SCMNodeManager.java:register(266)) - Registered Data node : dc34f224-6fe7-4a16-b3d0-41df1e51aada{ip: 192.168.5.139, host: pr-hdds-1786-trunk-k6rzm-1803654198, networkLocation: /default-rack, certSerialId: null}
2019-09-10 18:32:51,289 [grpc-default-executor-0] INFO  impl.RaftServerProxy (RaftServerProxy.java:addNew(89)) - 59afee6f-3342-47f6-8cd2-a67165187773: addNew group-BCBF04B8F1C4:[59afee6f-3342-47f6-8cd2-a67165187773:192.168.5.139:42383] returns group-BCBF04B8F1C4:java.util.concurrent.CompletableFuture@75bc48a7[Not completed]
2019-09-10 18:32:51,313 [IPC Server handler 9 on 35934] INFO  net.NetworkTopology (NetworkTopologyImpl.java:add(110)) - Added a new node: /default-rack/43b8dda0-1fac-498c-94e0-436a32ed8ccd
2019-09-10 18:32:51,314 [IPC Server handler 9 on 35934] INFO  node.SCMNodeManager (SCMNodeManager.java:register(266)) - Registered Data node : 43b8dda0-1fac-498c-94e0-436a32ed8ccd{ip: 192.168.5.139, host: pr-hdds-1786-trunk-k6rzm-1803654198, networkLocation: /default-rack, certSerialId: null}
2019-09-10 18:32:51,329 [pool-27-thread-1] INFO  impl.RaftServerImpl (RaftServerImpl.java:<init>(95)) - 59afee6f-3342-47f6-8cd2-a67165187773: new RaftServerImpl for group-BCBF04B8F1C4:[59afee6f-3342-47f6-8cd2-a67165187773:192.168.5.139:42383] with ContainerStateMachine:uninitialized
2019-09-10 18:32:51,331 [pool-27-thread-1] INFO  server.RaftServerConfigKeys (ConfUtils.java:logGet(43)) - raft.server.rpc.timeout.min = 1s (custom)
2019-09-10 18:32:51,333 [pool-27-thread-1] INFO  server.RaftServerConfigKeys (ConfUtils.java:logGet(43)) - raft.server.rpc.timeout.max = 1200ms (custom)
2019-09-10 18:32:51,334 [pool-27-thread-1] INFO  server.RaftServerConfigKeys (ConfUtils.java:logGet(43)) - raft.server.rpcslowness.timeout = 120s (custom)
2019-09-10 18:32:51,335 [pool-27-thread-1] INFO  server.RaftServerConfigKeys (ConfUtils.java:logGet(43)) - raft.server.sleep.deviation.threshold = 300 (default)
2019-09-10 18:32:51,336 [pool-27-thread-1] INFO  server.RaftServerConfigKeys (ConfUtils.java:logGet(43)) - raft.server.log.appender.install.snapshot.enabled = false (custom)
2019-09-10 18:32:51,346 [pool-27-thread-1] INFO  impl.RaftServerImpl (ServerState.java:<init>(103)) - 59afee6f-3342-47f6-8cd2-a67165187773@group-BCBF04B8F1C4: ConfigurationManager, init=-1: [59afee6f-3342-47f6-8cd2-a67165187773:192.168.5.139:42383], old=null, confs=<EMPTY_MAP>
2019-09-10 18:32:51,347 [pool-27-thread-1] INFO  server.RaftServerConfigKeys (ConfUtils.java:logGet(43)) - raft.server.storage.dir = [/workdir/hadoop-ozone/integration-test/target/test-dir/MiniOzoneClusterImpl-34bd394c-9e3d-49fb-9b5f-f4de544d8d6b/datanode-0/data/ratis] (custom)
2019-09-10 18:32:51,356 [pool-27-thread-1] INFO  storage.RaftStorageDirectory (RaftStorageDirectory.java:analyzeStorage(246)) - The storage directory /workdir/hadoop-ozone/integration-test/target/test-dir/MiniOzoneClusterImpl-34bd394c-9e3d-49fb-9b5f-f4de544d8d6b/datanode-0/data/ratis/d74e2245-fb22-415b-9d4e-bcbf04b8f1c4 does not exist. Creating ...
2019-09-10 18:32:51,385 [pool-27-thread-1] INFO  storage.RaftStorageDirectory (RaftStorageDirectory.java:tryLock(328)) - Lock on /workdir/hadoop-ozone/integration-test/target/test-dir/MiniOzoneClusterImpl-34bd394c-9e3d-49fb-9b5f-f4de544d8d6b/datanode-0/data/ratis/d74e2245-fb22-415b-9d4e-bcbf04b8f1c4/in_use.lock acquired by nodename 32311@pr-hdds-1786-trunk-k6rzm-1803654198
2019-09-10 18:32:51,418 [pool-27-thread-1] INFO  storage.RaftStorage (RaftStorage.java:format(72)) - Storage directory /workdir/hadoop-ozone/integration-test/target/test-dir/MiniOzoneClusterImpl-34bd394c-9e3d-49fb-9b5f-f4de544d8d6b/datanode-0/data/ratis/d74e2245-fb22-415b-9d4e-bcbf04b8f1c4 has been successfully formatted.
2019-09-10 18:32:51,420 [main] INFO  ozone.MiniOzoneClusterImpl (MiniOzoneClusterImpl.java:lambda$waitForClusterToBeReady$0(140)) - Waiting for cluster to be ready. Got 9 of 10 DN Heartbeats.
2019-09-10 18:32:51,442 [pool-27-thread-1] INFO  ratis.ContainerStateMachine (ContainerStateMachine.java:loadSnapshot(230)) - group-BCBF04B8F1C4: The snapshot info is null. Setting the last applied indexto:(t:0, i:~)
2019-09-10 18:32:51,442 [IPC Server handler 17 on 35934] INFO  net.NetworkTopology (NetworkTopologyImpl.java:add(110)) - Added a new node: /default-rack/fc430ad7-c10f-4afd-84a3-4263b60fc3a5
2019-09-10 18:32:51,442 [pool-27-thread-1] INFO  server.RaftServerConfigKeys (ConfUtils.java:logGet(43)) - raft.server.notification.no-leader.timeout = 120s (custom)
2019-09-10 18:32:51,443 [IPC Server handler 17 on 35934] INFO  node.SCMNodeManager (SCMNodeManager.java:register(266)) - Registered Data node : fc430ad7-c10f-4afd-84a3-4263b60fc3a5{ip: 192.168.5.139, host: pr-hdds-1786-trunk-k6rzm-1803654198, networkLocation: /default-rack, certSerialId: null}
2019-09-10 18:32:51,445 [pool-27-thread-1] INFO  server.RaftServerConfigKeys (ConfUtils.java:logGet(43)) - raft.server.log.use.memory = false (default)
2019-09-10 18:32:51,450 [pool-27-thread-1] INFO  server.RaftServerConfigKeys (ConfUtils.java:logGet(43)) - raft.server.log.purge.gap = 1000000 (custom)
2019-09-10 18:32:51,450 [pool-27-thread-1] INFO  server.RaftServerConfigKeys (ConfUtils.java:logGet(43)) - raft.server.log.appender.buffer.byte-limit = 33554432 (custom)
2019-09-10 18:32:51,452 [pool-27-thread-1] INFO  server.RaftServerConfigKeys (ConfUtils.java:logGet(43)) - raft.server.log.segment.size.max = 1048576 (custom)
2019-09-10 18:32:51,456 [pool-27-thread-1] INFO  server.RaftServerConfigKeys (ConfUtils.java:logGet(43)) - raft.server.log.segment.cache.num.max = 2 (custom)
2019-09-10 18:32:51,461 [pool-27-thread-1] INFO  segmented.SegmentedRaftLogWorker (SegmentedRaftLogWorker.java:<init>(172)) - new 59afee6f-3342-47f6-8cd2-a67165187773@group-BCBF04B8F1C4-SegmentedRaftLogWorker for RaftStorage:Storage Directory /workdir/hadoop-ozone/integration-test/target/test-dir/MiniOzoneClusterImpl-34bd394c-9e3d-49fb-9b5f-f4de544d8d6b/datanode-0/data/ratis/d74e2245-fb22-415b-9d4e-bcbf04b8f1c4
2019-09-10 18:32:51,462 [pool-27-thread-1] INFO  impl.MetricsSystemImpl (MetricsSystemImpl.java:init(158)) - ratis metrics system started (again)
2019-09-10 18:32:51,495 [pool-27-thread-1] INFO  server.RaftServerConfigKeys (ConfUtils.java:logGet(43)) - raft.server.log.queue.byte-limit = 2147483647 (custom)
2019-09-10 18:32:51,496 [pool-27-thread-1] INFO  server.RaftServerConfigKeys (ConfUtils.java:logGet(43)) - raft.server.log.queue.element-limit = 1024 (custom)
2019-09-10 18:32:51,499 [pool-27-thread-1] INFO  server.RaftServerConfigKeys (ConfUtils.java:logGet(43)) - raft.server.log.segment.size.max = 1048576 (custom)
2019-09-10 18:32:51,499 [pool-27-thread-1] INFO  server.RaftServerConfigKeys (ConfUtils.java:logGet(43)) - raft.server.log.preallocated.size = 16384 (custom)
2019-09-10 18:32:51,500 [pool-27-thread-1] INFO  server.RaftServerConfigKeys (ConfUtils.java:logGet(43)) - raft.server.log.write.buffer.size = 33554432 (custom)
2019-09-10 18:32:51,500 [pool-27-thread-1] INFO  server.RaftServerConfigKeys (ConfUtils.java:logGet(43)) - raft.server.log.force.sync.num = 128 (default)
2019-09-10 18:32:51,501 [pool-27-thread-1] INFO  server.RaftServerConfigKeys (ConfUtils.java:logGet(43)) - raft.server.log.statemachine.data.sync = true (default)
2019-09-10 18:32:51,501 [pool-27-thread-1] INFO  server.RaftServerConfigKeys (ConfUtils.java:logGet(43)) - raft.server.log.statemachine.data.sync.timeout = 10s (default)
2019-09-10 18:32:51,502 [pool-27-thread-1] INFO  server.RaftServerConfigKeys (ConfUtils.java:logGet(43)) - raft.server.log.statemachine.data.sync.timeout.retry = -1 (default)
2019-09-10 18:32:51,510 [pool-27-thread-1] INFO  server.RaftServerConfigKeys (ConfUtils.java:logGet(43)) - raft.server.log.statemachine.data.caching.enabled = true (custom)
2019-09-10 18:32:51,515 [pool-27-thread-1] INFO  segmented.SegmentedRaftLogWorker (SegmentedRaftLogWorker.java:lambda$new$0(132)) - 59afee6f-3342-47f6-8cd2-a67165187773@group-BCBF04B8F1C4-SegmentedRaftLogWorker: flushIndex: setUnconditionally 0 -> -1
2019-09-10 18:32:51,519 [pool-27-thread-1] INFO  server.RaftServerConfigKeys (ConfUtils.java:logGet(43)) - raft.server.snapshot.auto.trigger.enabled = true (custom)
2019-09-10 18:32:51,520 [pool-27-thread-1] INFO  server.RaftServerConfigKeys (ConfUtils.java:logGet(43)) - raft.server.snapshot.auto.trigger.threshold = 10000 (custom)
2019-09-10 18:32:51,520 [pool-27-thread-1] INFO  server.RaftServerConfigKeys (ConfUtils.java:logGet(43)) - raft.server.snapshot.retention.num.files = 5 (custom)
2019-09-10 18:32:51,521 [pool-27-thread-1] INFO  server.RaftServerConfigKeys (ConfUtils.java:logGet(43)) - raft.server.retrycache.expirytime = 600000ms (custom)
2019-09-10 18:32:51,547 [pool-27-thread-1] INFO  impl.RaftServerImpl (RaftServerImpl.java:start(185)) - 59afee6f-3342-47f6-8cd2-a67165187773@group-BCBF04B8F1C4: start as a follower, conf=-1: [59afee6f-3342-47f6-8cd2-a67165187773:192.168.5.139:42383], old=null
2019-09-10 18:32:51,548 [pool-27-thread-1] INFO  impl.RaftServerImpl (RaftServerImpl.java:setRole(174)) - 59afee6f-3342-47f6-8cd2-a67165187773@group-BCBF04B8F1C4: changes role from      null to FOLLOWER at term 0 for startAsFollower
2019-09-10 18:32:51,549 [pool-27-thread-1] INFO  impl.RoleInfo (RoleInfo.java:updateAndGet(143)) - 59afee6f-3342-47f6-8cd2-a67165187773: start FollowerState
2019-09-10 18:32:51,550 [pool-27-thread-1] INFO  util.JmxRegister (JmxRegister.java:tryRegister(44)) - Successfully registered JMX Bean with object name Ratis:service=RaftServer,group=group-BCBF04B8F1C4,id=59afee6f-3342-47f6-8cd2-a67165187773
2019-09-10 18:32:51,626 [RatisPipelineUtilsThread] INFO  pipeline.PipelineStateManager (PipelineStateManager.java:addPipeline(56)) - Created pipeline Pipeline[ Id: d74e2245-fb22-415b-9d4e-bcbf04b8f1c4, Nodes: 59afee6f-3342-47f6-8cd2-a67165187773{ip: 192.168.5.139, host: pr-hdds-1786-trunk-k6rzm-1803654198, networkLocation: /default-rack, certSerialId: null}, Type:RATIS, Factor:ONE, State:OPEN]
2019-09-10 18:32:51,654 [grpc-default-executor-0] INFO  impl.RaftServerProxy (RaftServerProxy.java:addNew(89)) - 114338b4-3ae2-46b3-98b7-a583d2a0bf23: addNew group-E68311B11822:[114338b4-3ae2-46b3-98b7-a583d2a0bf23:192.168.5.139:33171] returns group-E68311B11822:java.util.concurrent.CompletableFuture@524bc5d[Not completed]
2019-09-10 18:32:51,713 [pool-37-thread-1] INFO  impl.RaftServerImpl (RaftServerImpl.java:<init>(95)) - 114338b4-3ae2-46b3-98b7-a583d2a0bf23: new RaftServerImpl for group-E68311B11822:[114338b4-3ae2-46b3-98b7-a583d2a0bf23:192.168.5.139:33171] with ContainerStateMachine:uninitialized
2019-09-10 18:32:51,714 [pool-37-thread-1] INFO  server.RaftServerConfigKeys (ConfUtils.java:logGet(43)) - raft.server.rpc.timeout.min = 1s (custom)
2019-09-10 18:32:51,714 [pool-37-thread-1] INFO  server.RaftServerConfigKeys (ConfUtils.java:logGet(43)) - raft.server.rpc.timeout.max = 1200ms (custom)
2019-09-10 18:32:51,715 [pool-37-thread-1] INFO  server.RaftServerConfigKeys (ConfUtils.java:logGet(43)) - raft.server.rpcslowness.timeout = 120s (custom)
2019-09-10 18:32:51,715 [pool-37-thread-1] INFO  server.RaftServerConfigKeys (ConfUtils.java:logGet(43)) - raft.server.sleep.deviation.threshold = 300 (default)
2019-09-10 18:32:51,715 [pool-37-thread-1] INFO  server.RaftServerConfigKeys (ConfUtils.java:logGet(43)) - raft.server.log.appender.install.snapshot.enabled = false (custom)
2019-09-10 18:32:51,715 [pool-37-thread-1] INFO  impl.RaftServerImpl (ServerState.java:<init>(103)) - 114338b4-3ae2-46b3-98b7-a583d2a0bf23@group-E68311B11822: ConfigurationManager, init=-1: [114338b4-3ae2-46b3-98b7-a583d2a0bf23:192.168.5.139:33171], old=null, confs=<EMPTY_MAP>
2019-09-10 18:32:51,715 [pool-37-thread-1] INFO  server.RaftServerConfigKeys (ConfUtils.java:logGet(43)) - raft.server.storage.dir = [/workdir/hadoop-ozone/integration-test/target/test-dir/MiniOzoneClusterImpl-34bd394c-9e3d-49fb-9b5f-f4de544d8d6b/datanode-1/data/ratis] (custom)
2019-09-10 18:32:51,716 [pool-37-thread-1] INFO  storage.RaftStorageDirectory (RaftStorageDirectory.java:analyzeStorage(246)) - The storage directory /workdir/hadoop-ozone/integration-test/target/test-dir/MiniOzoneClusterImpl-34bd394c-9e3d-49fb-9b5f-f4de544d8d6b/datanode-1/data/ratis/5688654a-0622-479d-8391-e68311b11822 does not exist. Creating ...
2019-09-10 18:32:51,744 [pool-37-thread-1] INFO  storage.RaftStorageDirectory (RaftStorageDirectory.java:tryLock(328)) - Lock on /workdir/hadoop-ozone/integration-test/target/test-dir/MiniOzoneClusterImpl-34bd394c-9e3d-49fb-9b5f-f4de544d8d6b/datanode-1/data/ratis/5688654a-0622-479d-8391-e68311b11822/in_use.lock acquired by nodename 32311@pr-hdds-1786-trunk-k6rzm-1803654198
2019-09-10 18:32:51,769 [pool-37-thread-1] INFO  storage.RaftStorage (RaftStorage.java:format(72)) - Storage directory /workdir/hadoop-ozone/integration-test/target/test-dir/MiniOzoneClusterImpl-34bd394c-9e3d-49fb-9b5f-f4de544d8d6b/datanode-1/data/ratis/5688654a-0622-479d-8391-e68311b11822 has been successfully formatted.
2019-09-10 18:32:51,772 [pool-37-thread-1] INFO  ratis.ContainerStateMachine (ContainerStateMachine.java:loadSnapshot(230)) - group-E68311B11822: The snapshot info is null. Setting the last applied indexto:(t:0, i:~)
2019-09-10 18:32:51,773 [pool-37-thread-1] INFO  server.RaftServerConfigKeys (ConfUtils.java:logGet(43)) - raft.server.notification.no-leader.timeout = 120s (custom)
2019-09-10 18:32:51,774 [pool-37-thread-1] INFO  server.RaftServerConfigKeys (ConfUtils.java:logGet(43)) - raft.server.log.use.memory = false (default)
2019-09-10 18:32:51,774 [pool-37-thread-1] INFO  server.RaftServerConfigKeys (ConfUtils.java:logGet(43)) - raft.server.log.purge.gap = 1000000 (custom)
2019-09-10 18:32:51,774 [pool-37-thread-1] INFO  server.RaftServerConfigKeys (ConfUtils.java:logGet(43)) - raft.server.log.appender.buffer.byte-limit = 33554432 (custom)
2019-09-10 18:32:51,774 [pool-37-thread-1] INFO  server.RaftServerConfigKeys (ConfUtils.java:logGet(43)) - raft.server.log.segment.size.max = 1048576 (custom)
2019-09-10 18:32:51,775 [pool-37-thread-1] INFO  server.RaftServerConfigKeys (ConfUtils.java:logGet(43)) - raft.server.log.segment.cache.num.max = 2 (custom)
2019-09-10 18:32:51,775 [pool-37-thread-1] INFO  segmented.SegmentedRaftLogWorker (SegmentedRaftLogWorker.java:<init>(172)) - new 114338b4-3ae2-46b3-98b7-a583d2a0bf23@group-E68311B11822-SegmentedRaftLogWorker for RaftStorage:Storage Directory /workdir/hadoop-ozone/integration-test/target/test-dir/MiniOzoneClusterImpl-34bd394c-9e3d-49fb-9b5f-f4de544d8d6b/datanode-1/data/ratis/5688654a-0622-479d-8391-e68311b11822
2019-09-10 18:32:51,783 [pool-37-thread-1] INFO  server.RaftServerConfigKeys (ConfUtils.java:logGet(43)) - raft.server.log.queue.byte-limit = 2147483647 (custom)
2019-09-10 18:32:51,783 [pool-37-thread-1] INFO  server.RaftServerConfigKeys (ConfUtils.java:logGet(43)) - raft.server.log.queue.element-limit = 1024 (custom)
2019-09-10 18:32:51,784 [pool-37-thread-1] INFO  server.RaftServerConfigKeys (ConfUtils.java:logGet(43)) - raft.server.log.segment.size.max = 1048576 (custom)
2019-09-10 18:32:51,784 [pool-37-thread-1] INFO  server.RaftServerConfigKeys (ConfUtils.java:logGet(43)) - raft.server.log.preallocated.size = 16384 (custom)
2019-09-10 18:32:51,784 [pool-37-thread-1] INFO  server.RaftServerConfigKeys (ConfUtils.java:logGet(43)) - raft.server.log.write.buffer.size = 33554432 (custom)
2019-09-10 18:32:51,784 [pool-37-thread-1] INFO  server.RaftServerConfigKeys (ConfUtils.java:logGet(43)) - raft.server.log.force.sync.num = 128 (default)
2019-09-10 18:32:51,784 [pool-37-thread-1] INFO  server.RaftServerConfigKeys (ConfUtils.java:logGet(43)) - raft.server.log.statemachine.data.sync = true (default)
2019-09-10 18:32:51,785 [pool-37-thread-1] INFO  server.RaftServerConfigKeys (ConfUtils.java:logGet(43)) - raft.server.log.statemachine.data.sync.timeout = 10s (default)
2019-09-10 18:32:51,785 [pool-37-thread-1] INFO  server.RaftServerConfigKeys (ConfUtils.java:logGet(43)) - raft.server.log.statemachine.data.sync.timeout.retry = -1 (default)
2019-09-10 18:32:51,785 [pool-37-thread-1] INFO  server.RaftServerConfigKeys (ConfUtils.java:logGet(43)) - raft.server.log.statemachine.data.caching.enabled = true (custom)
2019-09-10 18:32:51,786 [pool-37-thread-1] INFO  segmented.SegmentedRaftLogWorker (SegmentedRaftLogWorker.java:lambda$new$0(132)) - 114338b4-3ae2-46b3-98b7-a583d2a0bf23@group-E68311B11822-SegmentedRaftLogWorker: flushIndex: setUnconditionally 0 -> -1
2019-09-10 18:32:51,786 [pool-37-thread-1] INFO  server.RaftServerConfigKeys (ConfUtils.java:logGet(43)) - raft.server.snapshot.auto.trigger.enabled = true (custom)
2019-09-10 18:32:51,786 [pool-37-thread-1] INFO  server.RaftServerConfigKeys (ConfUtils.java:logGet(43)) - raft.server.snapshot.auto.trigger.threshold = 10000 (custom)
2019-09-10 18:32:51,787 [pool-37-thread-1] INFO  server.RaftServerConfigKeys (ConfUtils.java:logGet(43)) - raft.server.snapshot.retention.num.files = 5 (custom)
2019-09-10 18:32:51,787 [pool-37-thread-1] INFO  server.RaftServerConfigKeys (ConfUtils.java:logGet(43)) - raft.server.retrycache.expirytime = 600000ms (custom)
2019-09-10 18:32:51,793 [pool-37-thread-1] INFO  impl.RaftServerImpl (RaftServerImpl.java:start(185)) - 114338b4-3ae2-46b3-98b7-a583d2a0bf23@group-E68311B11822: start as a follower, conf=-1: [114338b4-3ae2-46b3-98b7-a583d2a0bf23:192.168.5.139:33171], old=null
2019-09-10 18:32:51,793 [pool-37-thread-1] INFO  impl.RaftServerImpl (RaftServerImpl.java:setRole(174)) - 114338b4-3ae2-46b3-98b7-a583d2a0bf23@group-E68311B11822: changes role from      null to FOLLOWER at term 0 for startAsFollower
2019-09-10 18:32:51,793 [pool-37-thread-1] INFO  impl.RoleInfo (RoleInfo.java:updateAndGet(143)) - 114338b4-3ae2-46b3-98b7-a583d2a0bf23: start FollowerState
2019-09-10 18:32:51,796 [pool-37-thread-1] INFO  util.JmxRegister (JmxRegister.java:tryRegister(44)) - Successfully registered JMX Bean with object name Ratis:service=RaftServer,group=group-E68311B11822,id=114338b4-3ae2-46b3-98b7-a583d2a0bf23
2019-09-10 18:32:51,810 [RatisPipelineUtilsThread] INFO  pipeline.PipelineStateManager (PipelineStateManager.java:addPipeline(56)) - Created pipeline Pipeline[ Id: 5688654a-0622-479d-8391-e68311b11822, Nodes: 114338b4-3ae2-46b3-98b7-a583d2a0bf23{ip: 192.168.5.139, host: pr-hdds-1786-trunk-k6rzm-1803654198, networkLocation: /default-rack, certSerialId: null}, Type:RATIS, Factor:ONE, State:OPEN]
2019-09-10 18:32:51,831 [grpc-default-executor-0] INFO  impl.RaftServerProxy (RaftServerProxy.java:addNew(89)) - 43b8dda0-1fac-498c-94e0-436a32ed8ccd: addNew group-C33457F8591A:[43b8dda0-1fac-498c-94e0-436a32ed8ccd:192.168.5.139:45091] returns group-C33457F8591A:java.util.concurrent.CompletableFuture@6a13a1b1[Not completed]
2019-09-10 18:32:51,861 [pool-107-thread-1] INFO  impl.RaftServerImpl (RaftServerImpl.java:<init>(95)) - 43b8dda0-1fac-498c-94e0-436a32ed8ccd: new RaftServerImpl for group-C33457F8591A:[43b8dda0-1fac-498c-94e0-436a32ed8ccd:192.168.5.139:45091] with ContainerStateMachine:uninitialized
2019-09-10 18:32:51,861 [pool-107-thread-1] INFO  server.RaftServerConfigKeys (ConfUtils.java:logGet(43)) - raft.server.rpc.timeout.min = 1s (custom)
2019-09-10 18:32:51,862 [pool-107-thread-1] INFO  server.RaftServerConfigKeys (ConfUtils.java:logGet(43)) - raft.server.rpc.timeout.max = 1200ms (custom)
2019-09-10 18:32:51,862 [pool-107-thread-1] INFO  server.RaftServerConfigKeys (ConfUtils.java:logGet(43)) - raft.server.rpcslowness.timeout = 120s (custom)
2019-09-10 18:32:51,862 [pool-107-thread-1] INFO  server.RaftServerConfigKeys (ConfUtils.java:logGet(43)) - raft.server.sleep.deviation.threshold = 300 (default)
2019-09-10 18:32:51,862 [pool-107-thread-1] INFO  server.RaftServerConfigKeys (ConfUtils.java:logGet(43)) - raft.server.log.appender.install.snapshot.enabled = false (custom)
2019-09-10 18:32:51,862 [pool-107-thread-1] INFO  impl.RaftServerImpl (ServerState.java:<init>(103)) - 43b8dda0-1fac-498c-94e0-436a32ed8ccd@group-C33457F8591A: ConfigurationManager, init=-1: [43b8dda0-1fac-498c-94e0-436a32ed8ccd:192.168.5.139:45091], old=null, confs=<EMPTY_MAP>
2019-09-10 18:32:51,862 [pool-107-thread-1] INFO  server.RaftServerConfigKeys (ConfUtils.java:logGet(43)) - raft.server.storage.dir = [/workdir/hadoop-ozone/integration-test/target/test-dir/MiniOzoneClusterImpl-34bd394c-9e3d-49fb-9b5f-f4de544d8d6b/datanode-8/data/ratis] (custom)
2019-09-10 18:32:51,863 [pool-107-thread-1] INFO  storage.RaftStorageDirectory (RaftStorageDirectory.java:analyzeStorage(246)) - The storage directory /workdir/hadoop-ozone/integration-test/target/test-dir/MiniOzoneClusterImpl-34bd394c-9e3d-49fb-9b5f-f4de544d8d6b/datanode-8/data/ratis/4cbccf86-b055-4fb1-98a3-c33457f8591a does not exist. Creating ...
2019-09-10 18:32:51,886 [pool-107-thread-1] INFO  storage.RaftStorageDirectory (RaftStorageDirectory.java:tryLock(328)) - Lock on /workdir/hadoop-ozone/integration-test/target/test-dir/MiniOzoneClusterImpl-34bd394c-9e3d-49fb-9b5f-f4de544d8d6b/datanode-8/data/ratis/4cbccf86-b055-4fb1-98a3-c33457f8591a/in_use.lock acquired by nodename 32311@pr-hdds-1786-trunk-k6rzm-1803654198
2019-09-10 18:32:51,911 [pool-107-thread-1] INFO  storage.RaftStorage (RaftStorage.java:format(72)) - Storage directory /workdir/hadoop-ozone/integration-test/target/test-dir/MiniOzoneClusterImpl-34bd394c-9e3d-49fb-9b5f-f4de544d8d6b/datanode-8/data/ratis/4cbccf86-b055-4fb1-98a3-c33457f8591a has been successfully formatted.
2019-09-10 18:32:51,912 [pool-107-thread-1] INFO  ratis.ContainerStateMachine (ContainerStateMachine.java:loadSnapshot(230)) - group-C33457F8591A: The snapshot info is null. Setting the last applied indexto:(t:0, i:~)
2019-09-10 18:32:51,912 [pool-107-thread-1] INFO  server.RaftServerConfigKeys (ConfUtils.java:logGet(43)) - raft.server.notification.no-leader.timeout = 120s (custom)
2019-09-10 18:32:51,912 [pool-107-thread-1] INFO  server.RaftServerConfigKeys (ConfUtils.java:logGet(43)) - raft.server.log.use.memory = false (default)
2019-09-10 18:32:51,912 [pool-107-thread-1] INFO  server.RaftServerConfigKeys (ConfUtils.java:logGet(43)) - raft.server.log.purge.gap = 1000000 (custom)
2019-09-10 18:32:51,912 [pool-107-thread-1] INFO  server.RaftServerConfigKeys (ConfUtils.java:logGet(43)) - raft.server.log.appender.buffer.byte-limit = 33554432 (custom)
2019-09-10 18:32:51,912 [pool-107-thread-1] INFO  server.RaftServerConfigKeys (ConfUtils.java:logGet(43)) - raft.server.log.segment.size.max = 1048576 (custom)
2019-09-10 18:32:51,913 [pool-107-thread-1] INFO  server.RaftServerConfigKeys (ConfUtils.java:logGet(43)) - raft.server.log.segment.cache.num.max = 2 (custom)
2019-09-10 18:32:51,913 [pool-107-thread-1] INFO  segmented.SegmentedRaftLogWorker (SegmentedRaftLogWorker.java:<init>(172)) - new 43b8dda0-1fac-498c-94e0-436a32ed8ccd@group-C33457F8591A-SegmentedRaftLogWorker for RaftStorage:Storage Directory /workdir/hadoop-ozone/integration-test/target/test-dir/MiniOzoneClusterImpl-34bd394c-9e3d-49fb-9b5f-f4de544d8d6b/datanode-8/data/ratis/4cbccf86-b055-4fb1-98a3-c33457f8591a
2019-09-10 18:32:51,969 [pool-107-thread-1] INFO  server.RaftServerConfigKeys (ConfUtils.java:logGet(43)) - raft.server.log.queue.byte-limit = 2147483647 (custom)
2019-09-10 18:32:51,970 [pool-107-thread-1] INFO  server.RaftServerConfigKeys (ConfUtils.java:logGet(43)) - raft.server.log.queue.element-limit = 1024 (custom)
2019-09-10 18:32:51,970 [pool-107-thread-1] INFO  server.RaftServerConfigKeys (ConfUtils.java:logGet(43)) - raft.server.log.segment.size.max = 1048576 (custom)
2019-09-10 18:32:51,970 [pool-107-thread-1] INFO  server.RaftServerConfigKeys (ConfUtils.java:logGet(43)) - raft.server.log.preallocated.size = 16384 (custom)
2019-09-10 18:32:51,970 [pool-107-thread-1] INFO  server.RaftServerConfigKeys (ConfUtils.java:logGet(43)) - raft.server.log.write.buffer.size = 33554432 (custom)
2019-09-10 18:32:51,970 [pool-107-thread-1] INFO  server.RaftServerConfigKeys (ConfUtils.java:logGet(43)) - raft.server.log.force.sync.num = 128 (default)
2019-09-10 18:32:51,970 [pool-107-thread-1] INFO  server.RaftServerConfigKeys (ConfUtils.java:logGet(43)) - raft.server.log.statemachine.data.sync = true (default)
2019-09-10 18:32:51,971 [pool-107-thread-1] INFO  server.RaftServerConfigKeys (ConfUtils.java:logGet(43)) - raft.server.log.statemachine.data.sync.timeout = 10s (default)
2019-09-10 18:32:51,971 [pool-107-thread-1] INFO  server.RaftServerConfigKeys (ConfUtils.java:logGet(43)) - raft.server.log.statemachine.data.sync.timeout.retry = -1 (default)
2019-09-10 18:32:51,971 [pool-107-thread-1] INFO  server.RaftServerConfigKeys (ConfUtils.java:logGet(43)) - raft.server.log.statemachine.data.caching.enabled = true (custom)
2019-09-10 18:32:51,971 [pool-107-thread-1] INFO  segmented.SegmentedRaftLogWorker (SegmentedRaftLogWorker.java:lambda$new$0(132)) - 43b8dda0-1fac-498c-94e0-436a32ed8ccd@group-C33457F8591A-SegmentedRaftLogWorker: flushIndex: setUnconditionally 0 -> -1
2019-09-10 18:32:51,972 [pool-107-thread-1] INFO  server.RaftServerConfigKeys (ConfUtils.java:logGet(43)) - raft.server.snapshot.auto.trigger.enabled = true (custom)
2019-09-10 18:32:51,972 [pool-107-thread-1] INFO  server.RaftServerConfigKeys (ConfUtils.java:logGet(43)) - raft.server.snapshot.auto.trigger.threshold = 10000 (custom)
2019-09-10 18:32:51,972 [pool-107-thread-1] INFO  server.RaftServerConfigKeys (ConfUtils.java:logGet(43)) - raft.server.snapshot.retention.num.files = 5 (custom)
2019-09-10 18:32:51,972 [pool-107-thread-1] INFO  server.RaftServerConfigKeys (ConfUtils.java:logGet(43)) - raft.server.retrycache.expirytime = 600000ms (custom)
2019-09-10 18:32:51,975 [pool-107-thread-1] INFO  impl.RaftServerImpl (RaftServerImpl.java:start(185)) - 43b8dda0-1fac-498c-94e0-436a32ed8ccd@group-C33457F8591A: start as a follower, conf=-1: [43b8dda0-1fac-498c-94e0-436a32ed8ccd:192.168.5.139:45091], old=null
2019-09-10 18:32:51,975 [pool-107-thread-1] INFO  impl.RaftServerImpl (RaftServerImpl.java:setRole(174)) - 43b8dda0-1fac-498c-94e0-436a32ed8ccd@group-C33457F8591A: changes role from      null to FOLLOWER at term 0 for startAsFollower
2019-09-10 18:32:51,976 [pool-107-thread-1] INFO  impl.RoleInfo (RoleInfo.java:updateAndGet(143)) - 43b8dda0-1fac-498c-94e0-436a32ed8ccd: start FollowerState
2019-09-10 18:32:51,976 [pool-107-thread-1] INFO  util.JmxRegister (JmxRegister.java:tryRegister(44)) - Successfully registered JMX Bean with object name Ratis:service=RaftServer,group=group-C33457F8591A,id=43b8dda0-1fac-498c-94e0-436a32ed8ccd
2019-09-10 18:32:51,992 [RatisPipelineUtilsThread] INFO  pipeline.PipelineStateManager (PipelineStateManager.java:addPipeline(56)) - Created pipeline Pipeline[ Id: 4cbccf86-b055-4fb1-98a3-c33457f8591a, Nodes: 43b8dda0-1fac-498c-94e0-436a32ed8ccd{ip: 192.168.5.139, host: pr-hdds-1786-trunk-k6rzm-1803654198, networkLocation: /default-rack, certSerialId: null}, Type:RATIS, Factor:ONE, State:OPEN]
2019-09-10 18:32:52,014 [grpc-default-executor-0] INFO  impl.RaftServerProxy (RaftServerProxy.java:addNew(89)) - 166d57fa-ec73-4a99-b6df-0ab3ad0d7909: addNew group-5FBA8DCEBC14:[166d57fa-ec73-4a99-b6df-0ab3ad0d7909:192.168.5.139:39780] returns group-5FBA8DCEBC14:java.util.concurrent.CompletableFuture@16e08aff[Not completed]
2019-09-10 18:32:52,019 [pool-47-thread-1] INFO  impl.RaftServerImpl (RaftServerImpl.java:<init>(95)) - 166d57fa-ec73-4a99-b6df-0ab3ad0d7909: new RaftServerImpl for group-5FBA8DCEBC14:[166d57fa-ec73-4a99-b6df-0ab3ad0d7909:192.168.5.139:39780] with ContainerStateMachine:uninitialized
2019-09-10 18:32:52,020 [pool-47-thread-1] INFO  server.RaftServerConfigKeys (ConfUtils.java:logGet(43)) - raft.server.rpc.timeout.min = 1s (custom)
2019-09-10 18:32:52,020 [pool-47-thread-1] INFO  server.RaftServerConfigKeys (ConfUtils.java:logGet(43)) - raft.server.rpc.timeout.max = 1200ms (custom)
2019-09-10 18:32:52,020 [pool-47-thread-1] INFO  server.RaftServerConfigKeys (ConfUtils.java:logGet(43)) - raft.server.rpcslowness.timeout = 120s (custom)
2019-09-10 18:32:52,020 [pool-47-thread-1] INFO  server.RaftServerConfigKeys (ConfUtils.java:logGet(43)) - raft.server.sleep.deviation.threshold = 300 (default)
2019-09-10 18:32:52,020 [pool-47-thread-1] INFO  server.RaftServerConfigKeys (ConfUtils.java:logGet(43)) - raft.server.log.appender.install.snapshot.enabled = false (custom)
2019-09-10 18:32:52,021 [pool-47-thread-1] INFO  impl.RaftServerImpl (ServerState.java:<init>(103)) - 166d57fa-ec73-4a99-b6df-0ab3ad0d7909@group-5FBA8DCEBC14: ConfigurationManager, init=-1: [166d57fa-ec73-4a99-b6df-0ab3ad0d7909:192.168.5.139:39780], old=null, confs=<EMPTY_MAP>
2019-09-10 18:32:52,021 [pool-47-thread-1] INFO  server.RaftServerConfigKeys (ConfUtils.java:logGet(43)) - raft.server.storage.dir = [/workdir/hadoop-ozone/integration-test/target/test-dir/MiniOzoneClusterImpl-34bd394c-9e3d-49fb-9b5f-f4de544d8d6b/datanode-2/data/ratis] (custom)
2019-09-10 18:32:52,022 [pool-47-thread-1] INFO  storage.RaftStorageDirectory (RaftStorageDirectory.java:analyzeStorage(246)) - The storage directory /workdir/hadoop-ozone/integration-test/target/test-dir/MiniOzoneClusterImpl-34bd394c-9e3d-49fb-9b5f-f4de544d8d6b/datanode-2/data/ratis/214212a1-f17d-4b2b-ac0b-5fba8dcebc14 does not exist. Creating ...
2019-09-10 18:32:52,045 [pool-47-thread-1] INFO  storage.RaftStorageDirectory (RaftStorageDirectory.java:tryLock(328)) - Lock on /workdir/hadoop-ozone/integration-test/target/test-dir/MiniOzoneClusterImpl-34bd394c-9e3d-49fb-9b5f-f4de544d8d6b/datanode-2/data/ratis/214212a1-f17d-4b2b-ac0b-5fba8dcebc14/in_use.lock acquired by nodename 32311@pr-hdds-1786-trunk-k6rzm-1803654198
2019-09-10 18:32:52,071 [pool-47-thread-1] INFO  storage.RaftStorage (RaftStorage.java:format(72)) - Storage directory /workdir/hadoop-ozone/integration-test/target/test-dir/MiniOzoneClusterImpl-34bd394c-9e3d-49fb-9b5f-f4de544d8d6b/datanode-2/data/ratis/214212a1-f17d-4b2b-ac0b-5fba8dcebc14 has been successfully formatted.
2019-09-10 18:32:52,071 [pool-47-thread-1] INFO  ratis.ContainerStateMachine (ContainerStateMachine.java:loadSnapshot(230)) - group-5FBA8DCEBC14: The snapshot info is null. Setting the last applied indexto:(t:0, i:~)
2019-09-10 18:32:52,071 [pool-47-thread-1] INFO  server.RaftServerConfigKeys (ConfUtils.java:logGet(43)) - raft.server.notification.no-leader.timeout = 120s (custom)
2019-09-10 18:32:52,072 [pool-47-thread-1] INFO  server.RaftServerConfigKeys (ConfUtils.java:logGet(43)) - raft.server.log.use.memory = false (default)
2019-09-10 18:32:52,072 [pool-47-thread-1] INFO  server.RaftServerConfigKeys (ConfUtils.java:logGet(43)) - raft.server.log.purge.gap = 1000000 (custom)
2019-09-10 18:32:52,072 [pool-47-thread-1] INFO  server.RaftServerConfigKeys (ConfUtils.java:logGet(43)) - raft.server.log.appender.buffer.byte-limit = 33554432 (custom)
2019-09-10 18:32:52,072 [pool-47-thread-1] INFO  server.RaftServerConfigKeys (ConfUtils.java:logGet(43)) - raft.server.log.segment.size.max = 1048576 (custom)
2019-09-10 18:32:52,072 [pool-47-thread-1] INFO  server.RaftServerConfigKeys (ConfUtils.java:logGet(43)) - raft.server.log.segment.cache.num.max = 2 (custom)
2019-09-10 18:32:52,073 [pool-47-thread-1] INFO  segmented.SegmentedRaftLogWorker (SegmentedRaftLogWorker.java:<init>(172)) - new 166d57fa-ec73-4a99-b6df-0ab3ad0d7909@group-5FBA8DCEBC14-SegmentedRaftLogWorker for RaftStorage:Storage Directory /workdir/hadoop-ozone/integration-test/target/test-dir/MiniOzoneClusterImpl-34bd394c-9e3d-49fb-9b5f-f4de544d8d6b/datanode-2/data/ratis/214212a1-f17d-4b2b-ac0b-5fba8dcebc14
2019-09-10 18:32:52,079 [pool-47-thread-1] INFO  server.RaftServerConfigKeys (ConfUtils.java:logGet(43)) - raft.server.log.queue.byte-limit = 2147483647 (custom)
2019-09-10 18:32:52,079 [pool-47-thread-1] INFO  server.RaftServerConfigKeys (ConfUtils.java:logGet(43)) - raft.server.log.queue.element-limit = 1024 (custom)
2019-09-10 18:32:52,079 [pool-47-thread-1] INFO  server.RaftServerConfigKeys (ConfUtils.java:logGet(43)) - raft.server.log.segment.size.max = 1048576 (custom)
2019-09-10 18:32:52,079 [pool-47-thread-1] INFO  server.RaftServerConfigKeys (ConfUtils.java:logGet(43)) - raft.server.log.preallocated.size = 16384 (custom)
2019-09-10 18:32:52,080 [pool-47-thread-1] INFO  server.RaftServerConfigKeys (ConfUtils.java:logGet(43)) - raft.server.log.write.buffer.size = 33554432 (custom)
2019-09-10 18:32:52,080 [pool-47-thread-1] INFO  server.RaftServerConfigKeys (ConfUtils.java:logGet(43)) - raft.server.log.force.sync.num = 128 (default)
2019-09-10 18:32:52,080 [pool-47-thread-1] INFO  server.RaftServerConfigKeys (ConfUtils.java:logGet(43)) - raft.server.log.statemachine.data.sync = true (default)
2019-09-10 18:32:52,080 [pool-47-thread-1] INFO  server.RaftServerConfigKeys (ConfUtils.java:logGet(43)) - raft.server.log.statemachine.data.sync.timeout = 10s (default)
2019-09-10 18:32:52,080 [pool-47-thread-1] INFO  server.RaftServerConfigKeys (ConfUtils.java:logGet(43)) - raft.server.log.statemachine.data.sync.timeout.retry = -1 (default)
2019-09-10 18:32:52,081 [pool-47-thread-1] INFO  server.RaftServerConfigKeys (ConfUtils.java:logGet(43)) - raft.server.log.statemachine.data.caching.enabled = true (custom)
2019-09-10 18:32:52,081 [pool-47-thread-1] INFO  segmented.SegmentedRaftLogWorker (SegmentedRaftLogWorker.java:lambda$new$0(132)) - 166d57fa-ec73-4a99-b6df-0ab3ad0d7909@group-5FBA8DCEBC14-SegmentedRaftLogWorker: flushIndex: setUnconditionally 0 -> -1
2019-09-10 18:32:52,082 [pool-47-thread-1] INFO  server.RaftServerConfigKeys (ConfUtils.java:logGet(43)) - raft.server.snapshot.auto.trigger.enabled = true (custom)
2019-09-10 18:32:52,082 [pool-47-thread-1] INFO  server.RaftServerConfigKeys (ConfUtils.java:logGet(43)) - raft.server.snapshot.auto.trigger.threshold = 10000 (custom)
2019-09-10 18:32:52,082 [pool-47-thread-1] INFO  server.RaftServerConfigKeys (ConfUtils.java:logGet(43)) - raft.server.snapshot.retention.num.files = 5 (custom)
2019-09-10 18:32:52,082 [pool-47-thread-1] INFO  server.RaftServerConfigKeys (ConfUtils.java:logGet(43)) - raft.server.retrycache.expirytime = 600000ms (custom)
2019-09-10 18:32:52,088 [pool-47-thread-1] INFO  impl.RaftServerImpl (RaftServerImpl.java:start(185)) - 166d57fa-ec73-4a99-b6df-0ab3ad0d7909@group-5FBA8DCEBC14: start as a follower, conf=-1: [166d57fa-ec73-4a99-b6df-0ab3ad0d7909:192.168.5.139:39780], old=null
2019-09-10 18:32:52,088 [pool-47-thread-1] INFO  impl.RaftServerImpl (RaftServerImpl.java:setRole(174)) - 166d57fa-ec73-4a99-b6df-0ab3ad0d7909@group-5FBA8DCEBC14: changes role from      null to FOLLOWER at term 0 for startAsFollower
2019-09-10 18:32:52,089 [pool-47-thread-1] INFO  impl.RoleInfo (RoleInfo.java:updateAndGet(143)) - 166d57fa-ec73-4a99-b6df-0ab3ad0d7909: start FollowerState
2019-09-10 18:32:52,089 [pool-47-thread-1] INFO  util.JmxRegister (JmxRegister.java:tryRegister(44)) - Successfully registered JMX Bean with object name Ratis:service=RaftServer,group=group-5FBA8DCEBC14,id=166d57fa-ec73-4a99-b6df-0ab3ad0d7909
2019-09-10 18:32:52,108 [RatisPipelineUtilsThread] INFO  pipeline.PipelineStateManager (PipelineStateManager.java:addPipeline(56)) - Created pipeline Pipeline[ Id: 214212a1-f17d-4b2b-ac0b-5fba8dcebc14, Nodes: 166d57fa-ec73-4a99-b6df-0ab3ad0d7909{ip: 192.168.5.139, host: pr-hdds-1786-trunk-k6rzm-1803654198, networkLocation: /default-rack, certSerialId: null}, Type:RATIS, Factor:ONE, State:OPEN]
2019-09-10 18:32:52,124 [grpc-default-executor-0] INFO  impl.RaftServerProxy (RaftServerProxy.java:addNew(89)) - dc34f224-6fe7-4a16-b3d0-41df1e51aada: addNew group-B87C7F8F1F2D:[dc34f224-6fe7-4a16-b3d0-41df1e51aada:192.168.5.139:40510] returns group-B87C7F8F1F2D:java.util.concurrent.CompletableFuture@22a01758[Not completed]
2019-09-10 18:32:52,130 [pool-97-thread-1] INFO  impl.RaftServerImpl (RaftServerImpl.java:<init>(95)) - dc34f224-6fe7-4a16-b3d0-41df1e51aada: new RaftServerImpl for group-B87C7F8F1F2D:[dc34f224-6fe7-4a16-b3d0-41df1e51aada:192.168.5.139:40510] with ContainerStateMachine:uninitialized
2019-09-10 18:32:52,130 [pool-97-thread-1] INFO  server.RaftServerConfigKeys (ConfUtils.java:logGet(43)) - raft.server.rpc.timeout.min = 1s (custom)
2019-09-10 18:32:52,130 [pool-97-thread-1] INFO  server.RaftServerConfigKeys (ConfUtils.java:logGet(43)) - raft.server.rpc.timeout.max = 1200ms (custom)
2019-09-10 18:32:52,130 [pool-97-thread-1] INFO  server.RaftServerConfigKeys (ConfUtils.java:logGet(43)) - raft.server.rpcslowness.timeout = 120s (custom)
2019-09-10 18:32:52,131 [pool-97-thread-1] INFO  server.RaftServerConfigKeys (ConfUtils.java:logGet(43)) - raft.server.sleep.deviation.threshold = 300 (default)
2019-09-10 18:32:52,131 [pool-97-thread-1] INFO  server.RaftServerConfigKeys (ConfUtils.java:logGet(43)) - raft.server.log.appender.install.snapshot.enabled = false (custom)
2019-09-10 18:32:52,131 [pool-97-thread-1] INFO  impl.RaftServerImpl (ServerState.java:<init>(103)) - dc34f224-6fe7-4a16-b3d0-41df1e51aada@group-B87C7F8F1F2D: ConfigurationManager, init=-1: [dc34f224-6fe7-4a16-b3d0-41df1e51aada:192.168.5.139:40510], old=null, confs=<EMPTY_MAP>
2019-09-10 18:32:52,131 [pool-97-thread-1] INFO  server.RaftServerConfigKeys (ConfUtils.java:logGet(43)) - raft.server.storage.dir = [/workdir/hadoop-ozone/integration-test/target/test-dir/MiniOzoneClusterImpl-34bd394c-9e3d-49fb-9b5f-f4de544d8d6b/datanode-7/data/ratis] (custom)
2019-09-10 18:32:52,132 [pool-97-thread-1] INFO  storage.RaftStorageDirectory (RaftStorageDirectory.java:analyzeStorage(246)) - The storage directory /workdir/hadoop-ozone/integration-test/target/test-dir/MiniOzoneClusterImpl-34bd394c-9e3d-49fb-9b5f-f4de544d8d6b/datanode-7/data/ratis/a8b8ad29-64cd-43ce-bd37-b87c7f8f1f2d does not exist. Creating ...
2019-09-10 18:32:52,154 [pool-97-thread-1] INFO  storage.RaftStorageDirectory (RaftStorageDirectory.java:tryLock(328)) - Lock on /workdir/hadoop-ozone/integration-test/target/test-dir/MiniOzoneClusterImpl-34bd394c-9e3d-49fb-9b5f-f4de544d8d6b/datanode-7/data/ratis/a8b8ad29-64cd-43ce-bd37-b87c7f8f1f2d/in_use.lock acquired by nodename 32311@pr-hdds-1786-trunk-k6rzm-1803654198
2019-09-10 18:32:52,171 [pool-97-thread-1] INFO  storage.RaftStorage (RaftStorage.java:format(72)) - Storage directory /workdir/hadoop-ozone/integration-test/target/test-dir/MiniOzoneClusterImpl-34bd394c-9e3d-49fb-9b5f-f4de544d8d6b/datanode-7/data/ratis/a8b8ad29-64cd-43ce-bd37-b87c7f8f1f2d has been successfully formatted.
2019-09-10 18:32:52,172 [pool-97-thread-1] INFO  ratis.ContainerStateMachine (ContainerStateMachine.java:loadSnapshot(230)) - group-B87C7F8F1F2D: The snapshot info is null. Setting the last applied indexto:(t:0, i:~)
2019-09-10 18:32:52,172 [pool-97-thread-1] INFO  server.RaftServerConfigKeys (ConfUtils.java:logGet(43)) - raft.server.notification.no-leader.timeout = 120s (custom)
2019-09-10 18:32:52,172 [pool-97-thread-1] INFO  server.RaftServerConfigKeys (ConfUtils.java:logGet(43)) - raft.server.log.use.memory = false (default)
2019-09-10 18:32:52,172 [pool-97-thread-1] INFO  server.RaftServerConfigKeys (ConfUtils.java:logGet(43)) - raft.server.log.purge.gap = 1000000 (custom)
2019-09-10 18:32:52,173 [pool-97-thread-1] INFO  server.RaftServerConfigKeys (ConfUtils.java:logGet(43)) - raft.server.log.appender.buffer.byte-limit = 33554432 (custom)
2019-09-10 18:32:52,173 [pool-97-thread-1] INFO  server.RaftServerConfigKeys (ConfUtils.java:logGet(43)) - raft.server.log.segment.size.max = 1048576 (custom)
2019-09-10 18:32:52,173 [pool-97-thread-1] INFO  server.RaftServerConfigKeys (ConfUtils.java:logGet(43)) - raft.server.log.segment.cache.num.max = 2 (custom)
2019-09-10 18:32:52,173 [pool-97-thread-1] INFO  segmented.SegmentedRaftLogWorker (SegmentedRaftLogWorker.java:<init>(172)) - new dc34f224-6fe7-4a16-b3d0-41df1e51aada@group-B87C7F8F1F2D-SegmentedRaftLogWorker for RaftStorage:Storage Directory /workdir/hadoop-ozone/integration-test/target/test-dir/MiniOzoneClusterImpl-34bd394c-9e3d-49fb-9b5f-f4de544d8d6b/datanode-7/data/ratis/a8b8ad29-64cd-43ce-bd37-b87c7f8f1f2d
2019-09-10 18:32:52,178 [pool-97-thread-1] INFO  server.RaftServerConfigKeys (ConfUtils.java:logGet(43)) - raft.server.log.queue.byte-limit = 2147483647 (custom)
2019-09-10 18:32:52,178 [pool-97-thread-1] INFO  server.RaftServerConfigKeys (ConfUtils.java:logGet(43)) - raft.server.log.queue.element-limit = 1024 (custom)
2019-09-10 18:32:52,179 [pool-97-thread-1] INFO  server.RaftServerConfigKeys (ConfUtils.java:logGet(43)) - raft.server.log.segment.size.max = 1048576 (custom)
2019-09-10 18:32:52,179 [pool-97-thread-1] INFO  server.RaftServerConfigKeys (ConfUtils.java:logGet(43)) - raft.server.log.preallocated.size = 16384 (custom)
2019-09-10 18:32:52,179 [pool-97-thread-1] INFO  server.RaftServerConfigKeys (ConfUtils.java:logGet(43)) - raft.server.log.write.buffer.size = 33554432 (custom)
2019-09-10 18:32:52,179 [pool-97-thread-1] INFO  server.RaftServerConfigKeys (ConfUtils.java:logGet(43)) - raft.server.log.force.sync.num = 128 (default)
2019-09-10 18:32:52,179 [pool-97-thread-1] INFO  server.RaftServerConfigKeys (ConfUtils.java:logGet(43)) - raft.server.log.statemachine.data.sync = true (default)
2019-09-10 18:32:52,180 [pool-97-thread-1] INFO  server.RaftServerConfigKeys (ConfUtils.java:logGet(43)) - raft.server.log.statemachine.data.sync.timeout = 10s (default)
2019-09-10 18:32:52,180 [pool-97-thread-1] INFO  server.RaftServerConfigKeys (ConfUtils.java:logGet(43)) - raft.server.log.statemachine.data.sync.timeout.retry = -1 (default)
2019-09-10 18:32:52,180 [pool-97-thread-1] INFO  server.RaftServerConfigKeys (ConfUtils.java:logGet(43)) - raft.server.log.statemachine.data.caching.enabled = true (custom)
2019-09-10 18:32:52,181 [pool-97-thread-1] INFO  segmented.SegmentedRaftLogWorker (SegmentedRaftLogWorker.java:lambda$new$0(132)) - dc34f224-6fe7-4a16-b3d0-41df1e51aada@group-B87C7F8F1F2D-SegmentedRaftLogWorker: flushIndex: setUnconditionally 0 -> -1
2019-09-10 18:32:52,181 [pool-97-thread-1] INFO  server.RaftServerConfigKeys (ConfUtils.java:logGet(43)) - raft.server.snapshot.auto.trigger.enabled = true (custom)
2019-09-10 18:32:52,181 [pool-97-thread-1] INFO  server.RaftServerConfigKeys (ConfUtils.java:logGet(43)) - raft.server.snapshot.auto.trigger.threshold = 10000 (custom)
2019-09-10 18:32:52,181 [pool-97-thread-1] INFO  server.RaftServerConfigKeys (ConfUtils.java:logGet(43)) - raft.server.snapshot.retention.num.files = 5 (custom)
2019-09-10 18:32:52,182 [pool-97-thread-1] INFO  server.RaftServerConfigKeys (ConfUtils.java:logGet(43)) - raft.server.retrycache.expirytime = 600000ms (custom)
2019-09-10 18:32:52,186 [pool-97-thread-1] INFO  impl.RaftServerImpl (RaftServerImpl.java:start(185)) - dc34f224-6fe7-4a16-b3d0-41df1e51aada@group-B87C7F8F1F2D: start as a follower, conf=-1: [dc34f224-6fe7-4a16-b3d0-41df1e51aada:192.168.5.139:40510], old=null
2019-09-10 18:32:52,186 [pool-97-thread-1] INFO  impl.RaftServerImpl (RaftServerImpl.java:setRole(174)) - dc34f224-6fe7-4a16-b3d0-41df1e51aada@group-B87C7F8F1F2D: changes role from      null to FOLLOWER at term 0 for startAsFollower
2019-09-10 18:32:52,186 [pool-97-thread-1] INFO  impl.RoleInfo (RoleInfo.java:updateAndGet(143)) - dc34f224-6fe7-4a16-b3d0-41df1e51aada: start FollowerState
2019-09-10 18:32:52,187 [pool-97-thread-1] INFO  util.JmxRegister (JmxRegister.java:tryRegister(44)) - Successfully registered JMX Bean with object name Ratis:service=RaftServer,group=group-B87C7F8F1F2D,id=dc34f224-6fe7-4a16-b3d0-41df1e51aada
2019-09-10 18:32:52,203 [RatisPipelineUtilsThread] INFO  pipeline.PipelineStateManager (PipelineStateManager.java:addPipeline(56)) - Created pipeline Pipeline[ Id: a8b8ad29-64cd-43ce-bd37-b87c7f8f1f2d, Nodes: dc34f224-6fe7-4a16-b3d0-41df1e51aada{ip: 192.168.5.139, host: pr-hdds-1786-trunk-k6rzm-1803654198, networkLocation: /default-rack, certSerialId: null}, Type:RATIS, Factor:ONE, State:OPEN]
2019-09-10 18:32:52,222 [grpc-default-executor-0] INFO  impl.RaftServerProxy (RaftServerProxy.java:addNew(89)) - 7e7e06ff-ff15-4a73-bf67-b60124f5dbc2: addNew group-E77A4CB279AA:[7e7e06ff-ff15-4a73-bf67-b60124f5dbc2:192.168.5.139:37758] returns group-E77A4CB279AA:java.util.concurrent.CompletableFuture@5c896b77[Not completed]
2019-09-10 18:32:52,229 [pool-87-thread-1] INFO  impl.RaftServerImpl (RaftServerImpl.java:<init>(95)) - 7e7e06ff-ff15-4a73-bf67-b60124f5dbc2: new RaftServerImpl for group-E77A4CB279AA:[7e7e06ff-ff15-4a73-bf67-b60124f5dbc2:192.168.5.139:37758] with ContainerStateMachine:uninitialized
2019-09-10 18:32:52,229 [pool-87-thread-1] INFO  server.RaftServerConfigKeys (ConfUtils.java:logGet(43)) - raft.server.rpc.timeout.min = 1s (custom)
2019-09-10 18:32:52,229 [pool-87-thread-1] INFO  server.RaftServerConfigKeys (ConfUtils.java:logGet(43)) - raft.server.rpc.timeout.max = 1200ms (custom)
2019-09-10 18:32:52,229 [pool-87-thread-1] INFO  server.RaftServerConfigKeys (ConfUtils.java:logGet(43)) - raft.server.rpcslowness.timeout = 120s (custom)
2019-09-10 18:32:52,230 [pool-87-thread-1] INFO  server.RaftServerConfigKeys (ConfUtils.java:logGet(43)) - raft.server.sleep.deviation.threshold = 300 (default)
2019-09-10 18:32:52,230 [pool-87-thread-1] INFO  server.RaftServerConfigKeys (ConfUtils.java:logGet(43)) - raft.server.log.appender.install.snapshot.enabled = false (custom)
2019-09-10 18:32:52,230 [pool-87-thread-1] INFO  impl.RaftServerImpl (ServerState.java:<init>(103)) - 7e7e06ff-ff15-4a73-bf67-b60124f5dbc2@group-E77A4CB279AA: ConfigurationManager, init=-1: [7e7e06ff-ff15-4a73-bf67-b60124f5dbc2:192.168.5.139:37758], old=null, confs=<EMPTY_MAP>
2019-09-10 18:32:52,230 [pool-87-thread-1] INFO  server.RaftServerConfigKeys (ConfUtils.java:logGet(43)) - raft.server.storage.dir = [/workdir/hadoop-ozone/integration-test/target/test-dir/MiniOzoneClusterImpl-34bd394c-9e3d-49fb-9b5f-f4de544d8d6b/datanode-6/data/ratis] (custom)
2019-09-10 18:32:52,231 [pool-87-thread-1] INFO  storage.RaftStorageDirectory (RaftStorageDirectory.java:analyzeStorage(246)) - The storage directory /workdir/hadoop-ozone/integration-test/target/test-dir/MiniOzoneClusterImpl-34bd394c-9e3d-49fb-9b5f-f4de544d8d6b/datanode-6/data/ratis/2ffe841b-a4a3-4f3a-ba1f-e77a4cb279aa does not exist. Creating ...
2019-09-10 18:32:52,255 [pool-87-thread-1] INFO  storage.RaftStorageDirectory (RaftStorageDirectory.java:tryLock(328)) - Lock on /workdir/hadoop-ozone/integration-test/target/test-dir/MiniOzoneClusterImpl-34bd394c-9e3d-49fb-9b5f-f4de544d8d6b/datanode-6/data/ratis/2ffe841b-a4a3-4f3a-ba1f-e77a4cb279aa/in_use.lock acquired by nodename 32311@pr-hdds-1786-trunk-k6rzm-1803654198
2019-09-10 18:32:52,281 [pool-87-thread-1] INFO  storage.RaftStorage (RaftStorage.java:format(72)) - Storage directory /workdir/hadoop-ozone/integration-test/target/test-dir/MiniOzoneClusterImpl-34bd394c-9e3d-49fb-9b5f-f4de544d8d6b/datanode-6/data/ratis/2ffe841b-a4a3-4f3a-ba1f-e77a4cb279aa has been successfully formatted.
2019-09-10 18:32:52,282 [pool-87-thread-1] INFO  ratis.ContainerStateMachine (ContainerStateMachine.java:loadSnapshot(230)) - group-E77A4CB279AA: The snapshot info is null. Setting the last applied indexto:(t:0, i:~)
2019-09-10 18:32:52,282 [pool-87-thread-1] INFO  server.RaftServerConfigKeys (ConfUtils.java:logGet(43)) - raft.server.notification.no-leader.timeout = 120s (custom)
2019-09-10 18:32:52,282 [pool-87-thread-1] INFO  server.RaftServerConfigKeys (ConfUtils.java:logGet(43)) - raft.server.log.use.memory = false (default)
2019-09-10 18:32:52,282 [pool-87-thread-1] INFO  server.RaftServerConfigKeys (ConfUtils.java:logGet(43)) - raft.server.log.purge.gap = 1000000 (custom)
2019-09-10 18:32:52,283 [pool-87-thread-1] INFO  server.RaftServerConfigKeys (ConfUtils.java:logGet(43)) - raft.server.log.appender.buffer.byte-limit = 33554432 (custom)
2019-09-10 18:32:52,283 [pool-87-thread-1] INFO  server.RaftServerConfigKeys (ConfUtils.java:logGet(43)) - raft.server.log.segment.size.max = 1048576 (custom)
2019-09-10 18:32:52,283 [pool-87-thread-1] INFO  server.RaftServerConfigKeys (ConfUtils.java:logGet(43)) - raft.server.log.segment.cache.num.max = 2 (custom)
2019-09-10 18:32:52,283 [pool-87-thread-1] INFO  segmented.SegmentedRaftLogWorker (SegmentedRaftLogWorker.java:<init>(172)) - new 7e7e06ff-ff15-4a73-bf67-b60124f5dbc2@group-E77A4CB279AA-SegmentedRaftLogWorker for RaftStorage:Storage Directory /workdir/hadoop-ozone/integration-test/target/test-dir/MiniOzoneClusterImpl-34bd394c-9e3d-49fb-9b5f-f4de544d8d6b/datanode-6/data/ratis/2ffe841b-a4a3-4f3a-ba1f-e77a4cb279aa
2019-09-10 18:32:52,291 [pool-87-thread-1] INFO  server.RaftServerConfigKeys (ConfUtils.java:logGet(43)) - raft.server.log.queue.byte-limit = 2147483647 (custom)
2019-09-10 18:32:52,291 [pool-87-thread-1] INFO  server.RaftServerConfigKeys (ConfUtils.java:logGet(43)) - raft.server.log.queue.element-limit = 1024 (custom)
2019-09-10 18:32:52,292 [pool-87-thread-1] INFO  server.RaftServerConfigKeys (ConfUtils.java:logGet(43)) - raft.server.log.segment.size.max = 1048576 (custom)
2019-09-10 18:32:52,292 [pool-87-thread-1] INFO  server.RaftServerConfigKeys (ConfUtils.java:logGet(43)) - raft.server.log.preallocated.size = 16384 (custom)
2019-09-10 18:32:52,292 [pool-87-thread-1] INFO  server.RaftServerConfigKeys (ConfUtils.java:logGet(43)) - raft.server.log.write.buffer.size = 33554432 (custom)
2019-09-10 18:32:52,292 [pool-87-thread-1] INFO  server.RaftServerConfigKeys (ConfUtils.java:logGet(43)) - raft.server.log.force.sync.num = 128 (default)
2019-09-10 18:32:52,292 [pool-87-thread-1] INFO  server.RaftServerConfigKeys (ConfUtils.java:logGet(43)) - raft.server.log.statemachine.data.sync = true (default)
2019-09-10 18:32:52,292 [pool-87-thread-1] INFO  server.RaftServerConfigKeys (ConfUtils.java:logGet(43)) - raft.server.log.statemachine.data.sync.timeout = 10s (default)
2019-09-10 18:32:52,293 [pool-87-thread-1] INFO  server.RaftServerConfigKeys (ConfUtils.java:logGet(43)) - raft.server.log.statemachine.data.sync.timeout.retry = -1 (default)
2019-09-10 18:32:52,293 [pool-87-thread-1] INFO  server.RaftServerConfigKeys (ConfUtils.java:logGet(43)) - raft.server.log.statemachine.data.caching.enabled = true (custom)
2019-09-10 18:32:52,293 [pool-87-thread-1] INFO  segmented.SegmentedRaftLogWorker (SegmentedRaftLogWorker.java:lambda$new$0(132)) - 7e7e06ff-ff15-4a73-bf67-b60124f5dbc2@group-E77A4CB279AA-SegmentedRaftLogWorker: flushIndex: setUnconditionally 0 -> -1
2019-09-10 18:32:52,294 [pool-87-thread-1] INFO  server.RaftServerConfigKeys (ConfUtils.java:logGet(43)) - raft.server.snapshot.auto.trigger.enabled = true (custom)
2019-09-10 18:32:52,294 [pool-87-thread-1] INFO  server.RaftServerConfigKeys (ConfUtils.java:logGet(43)) - raft.server.snapshot.auto.trigger.threshold = 10000 (custom)
2019-09-10 18:32:52,294 [pool-87-thread-1] INFO  server.RaftServerConfigKeys (ConfUtils.java:logGet(43)) - raft.server.snapshot.retention.num.files = 5 (custom)
2019-09-10 18:32:52,295 [pool-87-thread-1] INFO  server.RaftServerConfigKeys (ConfUtils.java:logGet(43)) - raft.server.retrycache.expirytime = 600000ms (custom)
2019-09-10 18:32:52,299 [pool-87-thread-1] INFO  impl.RaftServerImpl (RaftServerImpl.java:start(185)) - 7e7e06ff-ff15-4a73-bf67-b60124f5dbc2@group-E77A4CB279AA: start as a follower, conf=-1: [7e7e06ff-ff15-4a73-bf67-b60124f5dbc2:192.168.5.139:37758], old=null
2019-09-10 18:32:52,299 [pool-87-thread-1] INFO  impl.RaftServerImpl (RaftServerImpl.java:setRole(174)) - 7e7e06ff-ff15-4a73-bf67-b60124f5dbc2@group-E77A4CB279AA: changes role from      null to FOLLOWER at term 0 for startAsFollower
2019-09-10 18:32:52,299 [pool-87-thread-1] INFO  impl.RoleInfo (RoleInfo.java:updateAndGet(143)) - 7e7e06ff-ff15-4a73-bf67-b60124f5dbc2: start FollowerState
2019-09-10 18:32:52,300 [pool-87-thread-1] INFO  util.JmxRegister (JmxRegister.java:tryRegister(44)) - Successfully registered JMX Bean with object name Ratis:service=RaftServer,group=group-E77A4CB279AA,id=7e7e06ff-ff15-4a73-bf67-b60124f5dbc2
2019-09-10 18:32:52,316 [RatisPipelineUtilsThread] INFO  pipeline.PipelineStateManager (PipelineStateManager.java:addPipeline(56)) - Created pipeline Pipeline[ Id: 2ffe841b-a4a3-4f3a-ba1f-e77a4cb279aa, Nodes: 7e7e06ff-ff15-4a73-bf67-b60124f5dbc2{ip: 192.168.5.139, host: pr-hdds-1786-trunk-k6rzm-1803654198, networkLocation: /default-rack, certSerialId: null}, Type:RATIS, Factor:ONE, State:OPEN]
2019-09-10 18:32:52,335 [grpc-default-executor-0] INFO  impl.RaftServerProxy (RaftServerProxy.java:addNew(89)) - a5c56bc8-e609-4560-873f-c4715c8bfbf6: addNew group-E0F4C567A405:[a5c56bc8-e609-4560-873f-c4715c8bfbf6:192.168.5.139:44770] returns group-E0F4C567A405:java.util.concurrent.CompletableFuture@162f3d15[Not completed]
2019-09-10 18:32:52,342 [pool-77-thread-1] INFO  impl.RaftServerImpl (RaftServerImpl.java:<init>(95)) - a5c56bc8-e609-4560-873f-c4715c8bfbf6: new RaftServerImpl for group-E0F4C567A405:[a5c56bc8-e609-4560-873f-c4715c8bfbf6:192.168.5.139:44770] with ContainerStateMachine:uninitialized
2019-09-10 18:32:52,342 [pool-77-thread-1] INFO  server.RaftServerConfigKeys (ConfUtils.java:logGet(43)) - raft.server.rpc.timeout.min = 1s (custom)
2019-09-10 18:32:52,342 [pool-77-thread-1] INFO  server.RaftServerConfigKeys (ConfUtils.java:logGet(43)) - raft.server.rpc.timeout.max = 1200ms (custom)
2019-09-10 18:32:52,343 [pool-77-thread-1] INFO  server.RaftServerConfigKeys (ConfUtils.java:logGet(43)) - raft.server.rpcslowness.timeout = 120s (custom)
2019-09-10 18:32:52,343 [pool-77-thread-1] INFO  server.RaftServerConfigKeys (ConfUtils.java:logGet(43)) - raft.server.sleep.deviation.threshold = 300 (default)
2019-09-10 18:32:52,343 [pool-77-thread-1] INFO  server.RaftServerConfigKeys (ConfUtils.java:logGet(43)) - raft.server.log.appender.install.snapshot.enabled = false (custom)
2019-09-10 18:32:52,343 [pool-77-thread-1] INFO  impl.RaftServerImpl (ServerState.java:<init>(103)) - a5c56bc8-e609-4560-873f-c4715c8bfbf6@group-E0F4C567A405: ConfigurationManager, init=-1: [a5c56bc8-e609-4560-873f-c4715c8bfbf6:192.168.5.139:44770], old=null, confs=<EMPTY_MAP>
2019-09-10 18:32:52,343 [pool-77-thread-1] INFO  server.RaftServerConfigKeys (ConfUtils.java:logGet(43)) - raft.server.storage.dir = [/workdir/hadoop-ozone/integration-test/target/test-dir/MiniOzoneClusterImpl-34bd394c-9e3d-49fb-9b5f-f4de544d8d6b/datanode-5/data/ratis] (custom)
2019-09-10 18:32:52,344 [pool-77-thread-1] INFO  storage.RaftStorageDirectory (RaftStorageDirectory.java:analyzeStorage(246)) - The storage directory /workdir/hadoop-ozone/integration-test/target/test-dir/MiniOzoneClusterImpl-34bd394c-9e3d-49fb-9b5f-f4de544d8d6b/datanode-5/data/ratis/a6d54b20-34e3-4893-8a87-e0f4c567a405 does not exist. Creating ...
2019-09-10 18:32:52,372 [pool-77-thread-1] INFO  storage.RaftStorageDirectory (RaftStorageDirectory.java:tryLock(328)) - Lock on /workdir/hadoop-ozone/integration-test/target/test-dir/MiniOzoneClusterImpl-34bd394c-9e3d-49fb-9b5f-f4de544d8d6b/datanode-5/data/ratis/a6d54b20-34e3-4893-8a87-e0f4c567a405/in_use.lock acquired by nodename 32311@pr-hdds-1786-trunk-k6rzm-1803654198
2019-09-10 18:32:52,398 [pool-77-thread-1] INFO  storage.RaftStorage (RaftStorage.java:format(72)) - Storage directory /workdir/hadoop-ozone/integration-test/target/test-dir/MiniOzoneClusterImpl-34bd394c-9e3d-49fb-9b5f-f4de544d8d6b/datanode-5/data/ratis/a6d54b20-34e3-4893-8a87-e0f4c567a405 has been successfully formatted.
2019-09-10 18:32:52,398 [pool-77-thread-1] INFO  ratis.ContainerStateMachine (ContainerStateMachine.java:loadSnapshot(230)) - group-E0F4C567A405: The snapshot info is null. Setting the last applied indexto:(t:0, i:~)
2019-09-10 18:32:52,399 [pool-77-thread-1] INFO  server.RaftServerConfigKeys (ConfUtils.java:logGet(43)) - raft.server.notification.no-leader.timeout = 120s (custom)
2019-09-10 18:32:52,399 [pool-77-thread-1] INFO  server.RaftServerConfigKeys (ConfUtils.java:logGet(43)) - raft.server.log.use.memory = false (default)
2019-09-10 18:32:52,399 [pool-77-thread-1] INFO  server.RaftServerConfigKeys (ConfUtils.java:logGet(43)) - raft.server.log.purge.gap = 1000000 (custom)
2019-09-10 18:32:52,399 [pool-77-thread-1] INFO  server.RaftServerConfigKeys (ConfUtils.java:logGet(43)) - raft.server.log.appender.buffer.byte-limit = 33554432 (custom)
2019-09-10 18:32:52,399 [pool-77-thread-1] INFO  server.RaftServerConfigKeys (ConfUtils.java:logGet(43)) - raft.server.log.segment.size.max = 1048576 (custom)
2019-09-10 18:32:52,400 [pool-77-thread-1] INFO  server.RaftServerConfigKeys (ConfUtils.java:logGet(43)) - raft.server.log.segment.cache.num.max = 2 (custom)
2019-09-10 18:32:52,400 [pool-77-thread-1] INFO  segmented.SegmentedRaftLogWorker (SegmentedRaftLogWorker.java:<init>(172)) - new a5c56bc8-e609-4560-873f-c4715c8bfbf6@group-E0F4C567A405-SegmentedRaftLogWorker for RaftStorage:Storage Directory /workdir/hadoop-ozone/integration-test/target/test-dir/MiniOzoneClusterImpl-34bd394c-9e3d-49fb-9b5f-f4de544d8d6b/datanode-5/data/ratis/a6d54b20-34e3-4893-8a87-e0f4c567a405
2019-09-10 18:32:52,404 [pool-77-thread-1] INFO  server.RaftServerConfigKeys (ConfUtils.java:logGet(43)) - raft.server.log.queue.byte-limit = 2147483647 (custom)
2019-09-10 18:32:52,404 [pool-77-thread-1] INFO  server.RaftServerConfigKeys (ConfUtils.java:logGet(43)) - raft.server.log.queue.element-limit = 1024 (custom)
2019-09-10 18:32:52,404 [pool-77-thread-1] INFO  server.RaftServerConfigKeys (ConfUtils.java:logGet(43)) - raft.server.log.segment.size.max = 1048576 (custom)
2019-09-10 18:32:52,405 [pool-77-thread-1] INFO  server.RaftServerConfigKeys (ConfUtils.java:logGet(43)) - raft.server.log.preallocated.size = 16384 (custom)
2019-09-10 18:32:52,405 [pool-77-thread-1] INFO  server.RaftServerConfigKeys (ConfUtils.java:logGet(43)) - raft.server.log.write.buffer.size = 33554432 (custom)
2019-09-10 18:32:52,405 [pool-77-thread-1] INFO  server.RaftServerConfigKeys (ConfUtils.java:logGet(43)) - raft.server.log.force.sync.num = 128 (default)
2019-09-10 18:32:52,405 [pool-77-thread-1] INFO  server.RaftServerConfigKeys (ConfUtils.java:logGet(43)) - raft.server.log.statemachine.data.sync = true (default)
2019-09-10 18:32:52,405 [pool-77-thread-1] INFO  server.RaftServerConfigKeys (ConfUtils.java:logGet(43)) - raft.server.log.statemachine.data.sync.timeout = 10s (default)
2019-09-10 18:32:52,406 [pool-77-thread-1] INFO  server.RaftServerConfigKeys (ConfUtils.java:logGet(43)) - raft.server.log.statemachine.data.sync.timeout.retry = -1 (default)
2019-09-10 18:32:52,406 [pool-77-thread-1] INFO  server.RaftServerConfigKeys (ConfUtils.java:logGet(43)) - raft.server.log.statemachine.data.caching.enabled = true (custom)
2019-09-10 18:32:52,407 [pool-77-thread-1] INFO  segmented.SegmentedRaftLogWorker (SegmentedRaftLogWorker.java:lambda$new$0(132)) - a5c56bc8-e609-4560-873f-c4715c8bfbf6@group-E0F4C567A405-SegmentedRaftLogWorker: flushIndex: setUnconditionally 0 -> -1
2019-09-10 18:32:52,407 [pool-77-thread-1] INFO  server.RaftServerConfigKeys (ConfUtils.java:logGet(43)) - raft.server.snapshot.auto.trigger.enabled = true (custom)
2019-09-10 18:32:52,407 [pool-77-thread-1] INFO  server.RaftServerConfigKeys (ConfUtils.java:logGet(43)) - raft.server.snapshot.auto.trigger.threshold = 10000 (custom)
2019-09-10 18:32:52,407 [pool-77-thread-1] INFO  server.RaftServerConfigKeys (ConfUtils.java:logGet(43)) - raft.server.snapshot.retention.num.files = 5 (custom)
2019-09-10 18:32:52,408 [pool-77-thread-1] INFO  server.RaftServerConfigKeys (ConfUtils.java:logGet(43)) - raft.server.retrycache.expirytime = 600000ms (custom)
2019-09-10 18:32:52,411 [pool-77-thread-1] INFO  impl.RaftServerImpl (RaftServerImpl.java:start(185)) - a5c56bc8-e609-4560-873f-c4715c8bfbf6@group-E0F4C567A405: start as a follower, conf=-1: [a5c56bc8-e609-4560-873f-c4715c8bfbf6:192.168.5.139:44770], old=null
2019-09-10 18:32:52,411 [pool-77-thread-1] INFO  impl.RaftServerImpl (RaftServerImpl.java:setRole(174)) - a5c56bc8-e609-4560-873f-c4715c8bfbf6@group-E0F4C567A405: changes role from      null to FOLLOWER at term 0 for startAsFollower
2019-09-10 18:32:52,412 [pool-77-thread-1] INFO  impl.RoleInfo (RoleInfo.java:updateAndGet(143)) - a5c56bc8-e609-4560-873f-c4715c8bfbf6: start FollowerState
2019-09-10 18:32:52,412 [pool-77-thread-1] INFO  util.JmxRegister (JmxRegister.java:tryRegister(44)) - Successfully registered JMX Bean with object name Ratis:service=RaftServer,group=group-E0F4C567A405,id=a5c56bc8-e609-4560-873f-c4715c8bfbf6
2019-09-10 18:32:52,432 [main] INFO  ozone.MiniOzoneClusterImpl (MiniOzoneClusterImpl.java:lambda$waitForClusterToBeReady$0(140)) - Cluster is ready. Got 10 of 10 DN Heartbeats.
2019-09-10 18:32:52,436 [RatisPipelineUtilsThread] INFO  pipeline.PipelineStateManager (PipelineStateManager.java:addPipeline(56)) - Created pipeline Pipeline[ Id: a6d54b20-34e3-4893-8a87-e0f4c567a405, Nodes: a5c56bc8-e609-4560-873f-c4715c8bfbf6{ip: 192.168.5.139, host: pr-hdds-1786-trunk-k6rzm-1803654198, networkLocation: /default-rack, certSerialId: null}, Type:RATIS, Factor:ONE, State:OPEN]
2019-09-10 18:32:52,457 [grpc-default-executor-0] INFO  impl.RaftServerProxy (RaftServerProxy.java:addNew(89)) - f9c92805-78f9-4aa2-ad11-0f5c06c060e3: addNew group-389E025C87D1:[f9c92805-78f9-4aa2-ad11-0f5c06c060e3:192.168.5.139:43690] returns group-389E025C87D1:java.util.concurrent.CompletableFuture@60a02330[Not completed]
2019-09-10 18:32:52,464 [pool-67-thread-1] INFO  impl.RaftServerImpl (RaftServerImpl.java:<init>(95)) - f9c92805-78f9-4aa2-ad11-0f5c06c060e3: new RaftServerImpl for group-389E025C87D1:[f9c92805-78f9-4aa2-ad11-0f5c06c060e3:192.168.5.139:43690] with ContainerStateMachine:uninitialized
2019-09-10 18:32:52,464 [pool-67-thread-1] INFO  server.RaftServerConfigKeys (ConfUtils.java:logGet(43)) - raft.server.rpc.timeout.min = 1s (custom)
2019-09-10 18:32:52,464 [pool-67-thread-1] INFO  server.RaftServerConfigKeys (ConfUtils.java:logGet(43)) - raft.server.rpc.timeout.max = 1200ms (custom)
2019-09-10 18:32:52,465 [pool-67-thread-1] INFO  server.RaftServerConfigKeys (ConfUtils.java:logGet(43)) - raft.server.rpcslowness.timeout = 120s (custom)
2019-09-10 18:32:52,465 [pool-67-thread-1] INFO  server.RaftServerConfigKeys (ConfUtils.java:logGet(43)) - raft.server.sleep.deviation.threshold = 300 (default)
2019-09-10 18:32:52,465 [pool-67-thread-1] INFO  server.RaftServerConfigKeys (ConfUtils.java:logGet(43)) - raft.server.log.appender.install.snapshot.enabled = false (custom)
2019-09-10 18:32:52,465 [pool-67-thread-1] INFO  impl.RaftServerImpl (ServerState.java:<init>(103)) - f9c92805-78f9-4aa2-ad11-0f5c06c060e3@group-389E025C87D1: ConfigurationManager, init=-1: [f9c92805-78f9-4aa2-ad11-0f5c06c060e3:192.168.5.139:43690], old=null, confs=<EMPTY_MAP>
2019-09-10 18:32:52,465 [pool-67-thread-1] INFO  server.RaftServerConfigKeys (ConfUtils.java:logGet(43)) - raft.server.storage.dir = [/workdir/hadoop-ozone/integration-test/target/test-dir/MiniOzoneClusterImpl-34bd394c-9e3d-49fb-9b5f-f4de544d8d6b/datanode-4/data/ratis] (custom)
2019-09-10 18:32:52,466 [pool-67-thread-1] INFO  storage.RaftStorageDirectory (RaftStorageDirectory.java:analyzeStorage(246)) - The storage directory /workdir/hadoop-ozone/integration-test/target/test-dir/MiniOzoneClusterImpl-34bd394c-9e3d-49fb-9b5f-f4de544d8d6b/datanode-4/data/ratis/537933fd-7a41-475a-aed8-389e025c87d1 does not exist. Creating ...
2019-09-10 18:32:52,490 [pool-67-thread-1] INFO  storage.RaftStorageDirectory (RaftStorageDirectory.java:tryLock(328)) - Lock on /workdir/hadoop-ozone/integration-test/target/test-dir/MiniOzoneClusterImpl-34bd394c-9e3d-49fb-9b5f-f4de544d8d6b/datanode-4/data/ratis/537933fd-7a41-475a-aed8-389e025c87d1/in_use.lock acquired by nodename 32311@pr-hdds-1786-trunk-k6rzm-1803654198
2019-09-10 18:32:52,515 [pool-67-thread-1] INFO  storage.RaftStorage (RaftStorage.java:format(72)) - Storage directory /workdir/hadoop-ozone/integration-test/target/test-dir/MiniOzoneClusterImpl-34bd394c-9e3d-49fb-9b5f-f4de544d8d6b/datanode-4/data/ratis/537933fd-7a41-475a-aed8-389e025c87d1 has been successfully formatted.
2019-09-10 18:32:52,516 [pool-67-thread-1] INFO  ratis.ContainerStateMachine (ContainerStateMachine.java:loadSnapshot(230)) - group-389E025C87D1: The snapshot info is null. Setting the last applied indexto:(t:0, i:~)
2019-09-10 18:32:52,516 [pool-67-thread-1] INFO  server.RaftServerConfigKeys (ConfUtils.java:logGet(43)) - raft.server.notification.no-leader.timeout = 120s (custom)
2019-09-10 18:32:52,516 [pool-67-thread-1] INFO  server.RaftServerConfigKeys (ConfUtils.java:logGet(43)) - raft.server.log.use.memory = false (default)
2019-09-10 18:32:52,516 [pool-67-thread-1] INFO  server.RaftServerConfigKeys (ConfUtils.java:logGet(43)) - raft.server.log.purge.gap = 1000000 (custom)
2019-09-10 18:32:52,517 [pool-67-thread-1] INFO  server.RaftServerConfigKeys (ConfUtils.java:logGet(43)) - raft.server.log.appender.buffer.byte-limit = 33554432 (custom)
2019-09-10 18:32:52,517 [pool-67-thread-1] INFO  server.RaftServerConfigKeys (ConfUtils.java:logGet(43)) - raft.server.log.segment.size.max = 1048576 (custom)
2019-09-10 18:32:52,517 [pool-67-thread-1] INFO  server.RaftServerConfigKeys (ConfUtils.java:logGet(43)) - raft.server.log.segment.cache.num.max = 2 (custom)
2019-09-10 18:32:52,517 [pool-67-thread-1] INFO  segmented.SegmentedRaftLogWorker (SegmentedRaftLogWorker.java:<init>(172)) - new f9c92805-78f9-4aa2-ad11-0f5c06c060e3@group-389E025C87D1-SegmentedRaftLogWorker for RaftStorage:Storage Directory /workdir/hadoop-ozone/integration-test/target/test-dir/MiniOzoneClusterImpl-34bd394c-9e3d-49fb-9b5f-f4de544d8d6b/datanode-4/data/ratis/537933fd-7a41-475a-aed8-389e025c87d1
2019-09-10 18:32:52,520 [pool-67-thread-1] INFO  server.RaftServerConfigKeys (ConfUtils.java:logGet(43)) - raft.server.log.queue.byte-limit = 2147483647 (custom)
2019-09-10 18:32:52,521 [pool-67-thread-1] INFO  server.RaftServerConfigKeys (ConfUtils.java:logGet(43)) - raft.server.log.queue.element-limit = 1024 (custom)
2019-09-10 18:32:52,521 [pool-67-thread-1] INFO  server.RaftServerConfigKeys (ConfUtils.java:logGet(43)) - raft.server.log.segment.size.max = 1048576 (custom)
2019-09-10 18:32:52,521 [pool-67-thread-1] INFO  server.RaftServerConfigKeys (ConfUtils.java:logGet(43)) - raft.server.log.preallocated.size = 16384 (custom)
2019-09-10 18:32:52,521 [pool-67-thread-1] INFO  server.RaftServerConfigKeys (ConfUtils.java:logGet(43)) - raft.server.log.write.buffer.size = 33554432 (custom)
2019-09-10 18:32:52,521 [pool-67-thread-1] INFO  server.RaftServerConfigKeys (ConfUtils.java:logGet(43)) - raft.server.log.force.sync.num = 128 (default)
2019-09-10 18:32:52,522 [pool-67-thread-1] INFO  server.RaftServerConfigKeys (ConfUtils.java:logGet(43)) - raft.server.log.statemachine.data.sync = true (default)
2019-09-10 18:32:52,522 [pool-67-thread-1] INFO  server.RaftServerConfigKeys (ConfUtils.java:logGet(43)) - raft.server.log.statemachine.data.sync.timeout = 10s (default)
2019-09-10 18:32:52,522 [pool-67-thread-1] INFO  server.RaftServerConfigKeys (ConfUtils.java:logGet(43)) - raft.server.log.statemachine.data.sync.timeout.retry = -1 (default)
2019-09-10 18:32:52,522 [pool-67-thread-1] INFO  server.RaftServerConfigKeys (ConfUtils.java:logGet(43)) - raft.server.log.statemachine.data.caching.enabled = true (custom)
2019-09-10 18:32:52,523 [pool-67-thread-1] INFO  segmented.SegmentedRaftLogWorker (SegmentedRaftLogWorker.java:lambda$new$0(132)) - f9c92805-78f9-4aa2-ad11-0f5c06c060e3@group-389E025C87D1-SegmentedRaftLogWorker: flushIndex: setUnconditionally 0 -> -1
2019-09-10 18:32:52,523 [pool-67-thread-1] INFO  server.RaftServerConfigKeys (ConfUtils.java:logGet(43)) - raft.server.snapshot.auto.trigger.enabled = true (custom)
2019-09-10 18:32:52,523 [pool-67-thread-1] INFO  server.RaftServerConfigKeys (ConfUtils.java:logGet(43)) - raft.server.snapshot.auto.trigger.threshold = 10000 (custom)
2019-09-10 18:32:52,523 [pool-67-thread-1] INFO  server.RaftServerConfigKeys (ConfUtils.java:logGet(43)) - raft.server.snapshot.retention.num.files = 5 (custom)
2019-09-10 18:32:52,524 [pool-67-thread-1] INFO  server.RaftServerConfigKeys (ConfUtils.java:logGet(43)) - raft.server.retrycache.expirytime = 600000ms (custom)
2019-09-10 18:32:52,527 [pool-67-thread-1] INFO  impl.RaftServerImpl (RaftServerImpl.java:start(185)) - f9c92805-78f9-4aa2-ad11-0f5c06c060e3@group-389E025C87D1: start as a follower, conf=-1: [f9c92805-78f9-4aa2-ad11-0f5c06c060e3:192.168.5.139:43690], old=null
2019-09-10 18:32:52,527 [pool-67-thread-1] INFO  impl.RaftServerImpl (RaftServerImpl.java:setRole(174)) - f9c92805-78f9-4aa2-ad11-0f5c06c060e3@group-389E025C87D1: changes role from      null to FOLLOWER at term 0 for startAsFollower
2019-09-10 18:32:52,527 [pool-67-thread-1] INFO  impl.RoleInfo (RoleInfo.java:updateAndGet(143)) - f9c92805-78f9-4aa2-ad11-0f5c06c060e3: start FollowerState
2019-09-10 18:32:52,527 [pool-67-thread-1] INFO  util.JmxRegister (JmxRegister.java:tryRegister(44)) - Successfully registered JMX Bean with object name Ratis:service=RaftServer,group=group-389E025C87D1,id=f9c92805-78f9-4aa2-ad11-0f5c06c060e3
2019-09-10 18:32:52,546 [RatisPipelineUtilsThread] INFO  pipeline.PipelineStateManager (PipelineStateManager.java:addPipeline(56)) - Created pipeline Pipeline[ Id: 537933fd-7a41-475a-aed8-389e025c87d1, Nodes: f9c92805-78f9-4aa2-ad11-0f5c06c060e3{ip: 192.168.5.139, host: pr-hdds-1786-trunk-k6rzm-1803654198, networkLocation: /default-rack, certSerialId: null}, Type:RATIS, Factor:ONE, State:OPEN]
2019-09-10 18:32:52,567 [grpc-default-executor-0] INFO  impl.RaftServerProxy (RaftServerProxy.java:addNew(89)) - fc430ad7-c10f-4afd-84a3-4263b60fc3a5: addNew group-42EBC7B4679C:[fc430ad7-c10f-4afd-84a3-4263b60fc3a5:192.168.5.139:34501] returns group-42EBC7B4679C:java.util.concurrent.CompletableFuture@356604ab[Not completed]
2019-09-10 18:32:52,667 [pool-117-thread-1] INFO  impl.RaftServerImpl (RaftServerImpl.java:<init>(95)) - fc430ad7-c10f-4afd-84a3-4263b60fc3a5: new RaftServerImpl for group-42EBC7B4679C:[fc430ad7-c10f-4afd-84a3-4263b60fc3a5:192.168.5.139:34501] with ContainerStateMachine:uninitialized
2019-09-10 18:32:52,667 [pool-117-thread-1] INFO  server.RaftServerConfigKeys (ConfUtils.java:logGet(43)) - raft.server.rpc.timeout.min = 1s (custom)
2019-09-10 18:32:52,667 [pool-117-thread-1] INFO  server.RaftServerConfigKeys (ConfUtils.java:logGet(43)) - raft.server.rpc.timeout.max = 1200ms (custom)
2019-09-10 18:32:52,668 [pool-117-thread-1] INFO  server.RaftServerConfigKeys (ConfUtils.java:logGet(43)) - raft.server.rpcslowness.timeout = 120s (custom)
2019-09-10 18:32:52,668 [pool-117-thread-1] INFO  server.RaftServerConfigKeys (ConfUtils.java:logGet(43)) - raft.server.sleep.deviation.threshold = 300 (default)
2019-09-10 18:32:52,668 [pool-117-thread-1] INFO  server.RaftServerConfigKeys (ConfUtils.java:logGet(43)) - raft.server.log.appender.install.snapshot.enabled = false (custom)
2019-09-10 18:32:52,668 [pool-117-thread-1] INFO  impl.RaftServerImpl (ServerState.java:<init>(103)) - fc430ad7-c10f-4afd-84a3-4263b60fc3a5@group-42EBC7B4679C: ConfigurationManager, init=-1: [fc430ad7-c10f-4afd-84a3-4263b60fc3a5:192.168.5.139:34501], old=null, confs=<EMPTY_MAP>
2019-09-10 18:32:52,668 [pool-117-thread-1] INFO  server.RaftServerConfigKeys (ConfUtils.java:logGet(43)) - raft.server.storage.dir = [/workdir/hadoop-ozone/integration-test/target/test-dir/MiniOzoneClusterImpl-34bd394c-9e3d-49fb-9b5f-f4de544d8d6b/datanode-9/data/ratis] (custom)
2019-09-10 18:32:52,669 [pool-117-thread-1] INFO  storage.RaftStorageDirectory (RaftStorageDirectory.java:analyzeStorage(246)) - The storage directory /workdir/hadoop-ozone/integration-test/target/test-dir/MiniOzoneClusterImpl-34bd394c-9e3d-49fb-9b5f-f4de544d8d6b/datanode-9/data/ratis/f39e26ad-f5f2-4eb2-b294-42ebc7b4679c does not exist. Creating ...
2019-09-10 18:32:52,699 [pool-117-thread-1] INFO  storage.RaftStorageDirectory (RaftStorageDirectory.java:tryLock(328)) - Lock on /workdir/hadoop-ozone/integration-test/target/test-dir/MiniOzoneClusterImpl-34bd394c-9e3d-49fb-9b5f-f4de544d8d6b/datanode-9/data/ratis/f39e26ad-f5f2-4eb2-b294-42ebc7b4679c/in_use.lock acquired by nodename 32311@pr-hdds-1786-trunk-k6rzm-1803654198
2019-09-10 18:32:52,739 [Thread-285] INFO  impl.FollowerState (FollowerState.java:run(106)) - 59afee6f-3342-47f6-8cd2-a67165187773:group-BCBF04B8F1C4 changes to CANDIDATE, lastRpcTime:1190, electionTimeout:1190ms
2019-09-10 18:32:52,741 [Thread-285] INFO  impl.RoleInfo (RoleInfo.java:shutdownFollowerState(121)) - 59afee6f-3342-47f6-8cd2-a67165187773: shutdown FollowerState
2019-09-10 18:32:52,741 [Thread-285] INFO  impl.RaftServerImpl (RaftServerImpl.java:setRole(174)) - 59afee6f-3342-47f6-8cd2-a67165187773@group-BCBF04B8F1C4: changes role from  FOLLOWER to CANDIDATE at term 0 for changeToCandidate
2019-09-10 18:32:52,747 [Thread-285] INFO  impl.RoleInfo (RoleInfo.java:updateAndGet(143)) - 59afee6f-3342-47f6-8cd2-a67165187773: start LeaderElection
2019-09-10 18:32:52,752 [pool-117-thread-1] INFO  storage.RaftStorage (RaftStorage.java:format(72)) - Storage directory /workdir/hadoop-ozone/integration-test/target/test-dir/MiniOzoneClusterImpl-34bd394c-9e3d-49fb-9b5f-f4de544d8d6b/datanode-9/data/ratis/f39e26ad-f5f2-4eb2-b294-42ebc7b4679c has been successfully formatted.
2019-09-10 18:32:52,752 [pool-117-thread-1] INFO  ratis.ContainerStateMachine (ContainerStateMachine.java:loadSnapshot(230)) - group-42EBC7B4679C: The snapshot info is null. Setting the last applied indexto:(t:0, i:~)
2019-09-10 18:32:52,753 [pool-117-thread-1] INFO  server.RaftServerConfigKeys (ConfUtils.java:logGet(43)) - raft.server.notification.no-leader.timeout = 120s (custom)
2019-09-10 18:32:52,753 [pool-117-thread-1] INFO  server.RaftServerConfigKeys (ConfUtils.java:logGet(43)) - raft.server.log.use.memory = false (default)
2019-09-10 18:32:52,753 [pool-117-thread-1] INFO  server.RaftServerConfigKeys (ConfUtils.java:logGet(43)) - raft.server.log.purge.gap = 1000000 (custom)
2019-09-10 18:32:52,753 [pool-117-thread-1] INFO  server.RaftServerConfigKeys (ConfUtils.java:logGet(43)) - raft.server.log.appender.buffer.byte-limit = 33554432 (custom)
2019-09-10 18:32:52,753 [pool-117-thread-1] INFO  server.RaftServerConfigKeys (ConfUtils.java:logGet(43)) - raft.server.log.segment.size.max = 1048576 (custom)
2019-09-10 18:32:52,754 [pool-117-thread-1] INFO  server.RaftServerConfigKeys (ConfUtils.java:logGet(43)) - raft.server.log.segment.cache.num.max = 2 (custom)
2019-09-10 18:32:52,754 [pool-117-thread-1] INFO  segmented.SegmentedRaftLogWorker (SegmentedRaftLogWorker.java:<init>(172)) - new fc430ad7-c10f-4afd-84a3-4263b60fc3a5@group-42EBC7B4679C-SegmentedRaftLogWorker for RaftStorage:Storage Directory /workdir/hadoop-ozone/integration-test/target/test-dir/MiniOzoneClusterImpl-34bd394c-9e3d-49fb-9b5f-f4de544d8d6b/datanode-9/data/ratis/f39e26ad-f5f2-4eb2-b294-42ebc7b4679c
2019-09-10 18:32:52,757 [pool-117-thread-1] INFO  server.RaftServerConfigKeys (ConfUtils.java:logGet(43)) - raft.server.log.queue.byte-limit = 2147483647 (custom)
2019-09-10 18:32:52,757 [pool-117-thread-1] INFO  server.RaftServerConfigKeys (ConfUtils.java:logGet(43)) - raft.server.log.queue.element-limit = 1024 (custom)
2019-09-10 18:32:52,757 [pool-117-thread-1] INFO  server.RaftServerConfigKeys (ConfUtils.java:logGet(43)) - raft.server.log.segment.size.max = 1048576 (custom)
2019-09-10 18:32:52,757 [pool-117-thread-1] INFO  server.RaftServerConfigKeys (ConfUtils.java:logGet(43)) - raft.server.log.preallocated.size = 16384 (custom)
2019-09-10 18:32:52,757 [pool-117-thread-1] INFO  server.RaftServerConfigKeys (ConfUtils.java:logGet(43)) - raft.server.log.write.buffer.size = 33554432 (custom)
2019-09-10 18:32:52,758 [pool-117-thread-1] INFO  server.RaftServerConfigKeys (ConfUtils.java:logGet(43)) - raft.server.log.force.sync.num = 128 (default)
2019-09-10 18:32:52,758 [pool-117-thread-1] INFO  server.RaftServerConfigKeys (ConfUtils.java:logGet(43)) - raft.server.log.statemachine.data.sync = true (default)
2019-09-10 18:32:52,758 [pool-117-thread-1] INFO  server.RaftServerConfigKeys (ConfUtils.java:logGet(43)) - raft.server.log.statemachine.data.sync.timeout = 10s (default)
2019-09-10 18:32:52,758 [pool-117-thread-1] INFO  server.RaftServerConfigKeys (ConfUtils.java:logGet(43)) - raft.server.log.statemachine.data.sync.timeout.retry = -1 (default)
2019-09-10 18:32:52,759 [pool-117-thread-1] INFO  server.RaftServerConfigKeys (ConfUtils.java:logGet(43)) - raft.server.log.statemachine.data.caching.enabled = true (custom)
2019-09-10 18:32:52,759 [pool-117-thread-1] INFO  segmented.SegmentedRaftLogWorker (SegmentedRaftLogWorker.java:lambda$new$0(132)) - fc430ad7-c10f-4afd-84a3-4263b60fc3a5@group-42EBC7B4679C-SegmentedRaftLogWorker: flushIndex: setUnconditionally 0 -> -1
2019-09-10 18:32:52,759 [pool-117-thread-1] INFO  server.RaftServerConfigKeys (ConfUtils.java:logGet(43)) - raft.server.snapshot.auto.trigger.enabled = true (custom)
2019-09-10 18:32:52,759 [pool-117-thread-1] INFO  server.RaftServerConfigKeys (ConfUtils.java:logGet(43)) - raft.server.snapshot.auto.trigger.threshold = 10000 (custom)
2019-09-10 18:32:52,760 [pool-117-thread-1] INFO  server.RaftServerConfigKeys (ConfUtils.java:logGet(43)) - raft.server.snapshot.retention.num.files = 5 (custom)
2019-09-10 18:32:52,760 [pool-117-thread-1] INFO  server.RaftServerConfigKeys (ConfUtils.java:logGet(43)) - raft.server.retrycache.expirytime = 600000ms (custom)
2019-09-10 18:32:52,763 [pool-117-thread-1] INFO  impl.RaftServerImpl (RaftServerImpl.java:start(185)) - fc430ad7-c10f-4afd-84a3-4263b60fc3a5@group-42EBC7B4679C: start as a follower, conf=-1: [fc430ad7-c10f-4afd-84a3-4263b60fc3a5:192.168.5.139:34501], old=null
2019-09-10 18:32:52,763 [pool-117-thread-1] INFO  impl.RaftServerImpl (RaftServerImpl.java:setRole(174)) - fc430ad7-c10f-4afd-84a3-4263b60fc3a5@group-42EBC7B4679C: changes role from      null to FOLLOWER at term 0 for startAsFollower
2019-09-10 18:32:52,763 [pool-117-thread-1] INFO  impl.RoleInfo (RoleInfo.java:updateAndGet(143)) - fc430ad7-c10f-4afd-84a3-4263b60fc3a5: start FollowerState
2019-09-10 18:32:52,763 [pool-117-thread-1] INFO  util.JmxRegister (JmxRegister.java:tryRegister(44)) - Successfully registered JMX Bean with object name Ratis:service=RaftServer,group=group-42EBC7B4679C,id=fc430ad7-c10f-4afd-84a3-4263b60fc3a5
2019-09-10 18:32:52,774 [RatisPipelineUtilsThread] INFO  pipeline.PipelineStateManager (PipelineStateManager.java:addPipeline(56)) - Created pipeline Pipeline[ Id: f39e26ad-f5f2-4eb2-b294-42ebc7b4679c, Nodes: fc430ad7-c10f-4afd-84a3-4263b60fc3a5{ip: 192.168.5.139, host: pr-hdds-1786-trunk-k6rzm-1803654198, networkLocation: /default-rack, certSerialId: null}, Type:RATIS, Factor:ONE, State:OPEN]
2019-09-10 18:32:52,776 [59afee6f-3342-47f6-8cd2-a67165187773@group-BCBF04B8F1C4:LeaderElection1] INFO  impl.LeaderElection (LeaderElection.java:askForVotes(182)) - 59afee6f-3342-47f6-8cd2-a67165187773@group-BCBF04B8F1C4:LeaderElection1: begin an election at term 1 for -1: [59afee6f-3342-47f6-8cd2-a67165187773:192.168.5.139:42383], old=null
2019-09-10 18:32:52,780 [59afee6f-3342-47f6-8cd2-a67165187773@group-BCBF04B8F1C4:LeaderElection1] INFO  impl.RoleInfo (RoleInfo.java:shutdownLeaderElection(134)) - 59afee6f-3342-47f6-8cd2-a67165187773: shutdown LeaderElection
2019-09-10 18:32:52,784 [59afee6f-3342-47f6-8cd2-a67165187773@group-BCBF04B8F1C4:LeaderElection1] INFO  impl.RaftServerImpl (RaftServerImpl.java:setRole(174)) - 59afee6f-3342-47f6-8cd2-a67165187773@group-BCBF04B8F1C4: changes role from CANDIDATE to LEADER at term 1 for changeToLeader
2019-09-10 18:32:52,797 [59afee6f-3342-47f6-8cd2-a67165187773@group-BCBF04B8F1C4:LeaderElection1] INFO  impl.RaftServerImpl (ServerState.java:setLeader(253)) - 59afee6f-3342-47f6-8cd2-a67165187773@group-BCBF04B8F1C4: change Leader from null to 59afee6f-3342-47f6-8cd2-a67165187773 at term 1 for becomeLeader, leader elected after 1354ms
2019-09-10 18:32:52,811 [grpc-default-executor-0] INFO  impl.RaftServerProxy (RaftServerProxy.java:addNew(89)) - cfb62293-4a7a-44de-bace-70c992c1cb58: addNew group-472E82651CB3:[cfb62293-4a7a-44de-bace-70c992c1cb58:192.168.5.139:38941] returns group-472E82651CB3:java.util.concurrent.CompletableFuture@48db36c4[Not completed]
2019-09-10 18:32:52,827 [59afee6f-3342-47f6-8cd2-a67165187773@group-BCBF04B8F1C4:LeaderElection1] INFO  server.RaftServerConfigKeys (ConfUtils.java:logGet(43)) - raft.server.staging.catchup.gap = 1000 (default)
2019-09-10 18:32:52,827 [59afee6f-3342-47f6-8cd2-a67165187773@group-BCBF04B8F1C4:LeaderElection1] INFO  server.RaftServerConfigKeys (ConfUtils.java:logGet(43)) - raft.server.rpc.sleep.time = 25ms (default)
2019-09-10 18:32:52,829 [pool-57-thread-1] INFO  impl.RaftServerImpl (RaftServerImpl.java:<init>(95)) - cfb62293-4a7a-44de-bace-70c992c1cb58: new RaftServerImpl for group-472E82651CB3:[cfb62293-4a7a-44de-bace-70c992c1cb58:192.168.5.139:38941] with ContainerStateMachine:uninitialized
2019-09-10 18:32:52,829 [pool-57-thread-1] INFO  server.RaftServerConfigKeys (ConfUtils.java:logGet(43)) - raft.server.rpc.timeout.min = 1s (custom)
2019-09-10 18:32:52,829 [pool-57-thread-1] INFO  server.RaftServerConfigKeys (ConfUtils.java:logGet(43)) - raft.server.rpc.timeout.max = 1200ms (custom)
2019-09-10 18:32:52,830 [pool-57-thread-1] INFO  server.RaftServerConfigKeys (ConfUtils.java:logGet(43)) - raft.server.rpcslowness.timeout = 120s (custom)
2019-09-10 18:32:52,830 [pool-57-thread-1] INFO  server.RaftServerConfigKeys (ConfUtils.java:logGet(43)) - raft.server.sleep.deviation.threshold = 300 (default)
2019-09-10 18:32:52,830 [pool-57-thread-1] INFO  server.RaftServerConfigKeys (ConfUtils.java:logGet(43)) - raft.server.log.appender.install.snapshot.enabled = false (custom)
2019-09-10 18:32:52,830 [pool-57-thread-1] INFO  impl.RaftServerImpl (ServerState.java:<init>(103)) - cfb62293-4a7a-44de-bace-70c992c1cb58@group-472E82651CB3: ConfigurationManager, init=-1: [cfb62293-4a7a-44de-bace-70c992c1cb58:192.168.5.139:38941], old=null, confs=<EMPTY_MAP>
2019-09-10 18:32:52,830 [pool-57-thread-1] INFO  server.RaftServerConfigKeys (ConfUtils.java:logGet(43)) - raft.server.storage.dir = [/workdir/hadoop-ozone/integration-test/target/test-dir/MiniOzoneClusterImpl-34bd394c-9e3d-49fb-9b5f-f4de544d8d6b/datanode-3/data/ratis] (custom)
2019-09-10 18:32:52,831 [pool-57-thread-1] INFO  storage.RaftStorageDirectory (RaftStorageDirectory.java:analyzeStorage(246)) - The storage directory /workdir/hadoop-ozone/integration-test/target/test-dir/MiniOzoneClusterImpl-34bd394c-9e3d-49fb-9b5f-f4de544d8d6b/datanode-3/data/ratis/de38bea3-6563-4100-9478-472e82651cb3 does not exist. Creating ...
2019-09-10 18:32:52,831 [59afee6f-3342-47f6-8cd2-a67165187773@group-BCBF04B8F1C4:LeaderElection1] INFO  server.RaftServerConfigKeys (ConfUtils.java:logGet(43)) - raft.server.write.element-limit = 4096 (default)
2019-09-10 18:32:52,834 [59afee6f-3342-47f6-8cd2-a67165187773@group-BCBF04B8F1C4:LeaderElection1] INFO  server.RaftServerConfigKeys (ConfUtils.java:logGet(43)) - raft.server.watch.timeout = 10s (default)
2019-09-10 18:32:52,834 [59afee6f-3342-47f6-8cd2-a67165187773@group-BCBF04B8F1C4:LeaderElection1] INFO  server.RaftServerConfigKeys (ConfUtils.java:logGet(43)) - raft.server.watch.timeout.denomination = 1s (default)
2019-09-10 18:32:52,835 [59afee6f-3342-47f6-8cd2-a67165187773@group-BCBF04B8F1C4:LeaderElection1] INFO  server.RaftServerConfigKeys (ConfUtils.java:logGet(43)) - raft.server.watch.element-limit = 65536 (default)
2019-09-10 18:32:52,845 [59afee6f-3342-47f6-8cd2-a67165187773@group-BCBF04B8F1C4:LeaderElection1] INFO  impl.RoleInfo (RoleInfo.java:updateAndGet(143)) - 59afee6f-3342-47f6-8cd2-a67165187773: start LeaderState
2019-09-10 18:32:52,864 [pool-57-thread-1] INFO  storage.RaftStorageDirectory (RaftStorageDirectory.java:tryLock(328)) - Lock on /workdir/hadoop-ozone/integration-test/target/test-dir/MiniOzoneClusterImpl-34bd394c-9e3d-49fb-9b5f-f4de544d8d6b/datanode-3/data/ratis/de38bea3-6563-4100-9478-472e82651cb3/in_use.lock acquired by nodename 32311@pr-hdds-1786-trunk-k6rzm-1803654198
2019-09-10 18:32:52,866 [59afee6f-3342-47f6-8cd2-a67165187773@group-BCBF04B8F1C4:LeaderElection1] INFO  segmented.SegmentedRaftLogWorker (SegmentedRaftLogWorker.java:startLogSegment(380)) - 59afee6f-3342-47f6-8cd2-a67165187773@group-BCBF04B8F1C4-SegmentedRaftLogWorker: Starting segment from index:0
2019-09-10 18:32:52,874 [59afee6f-3342-47f6-8cd2-a67165187773@group-BCBF04B8F1C4:LeaderElection1] INFO  impl.RaftServerImpl (ServerState.java:setRaftConf(354)) - 59afee6f-3342-47f6-8cd2-a67165187773@group-BCBF04B8F1C4: set configuration 0: [59afee6f-3342-47f6-8cd2-a67165187773:192.168.5.139:42383], old=null at 0
2019-09-10 18:32:52,887 [pool-57-thread-1] INFO  storage.RaftStorage (RaftStorage.java:format(72)) - Storage directory /workdir/hadoop-ozone/integration-test/target/test-dir/MiniOzoneClusterImpl-34bd394c-9e3d-49fb-9b5f-f4de544d8d6b/datanode-3/data/ratis/de38bea3-6563-4100-9478-472e82651cb3 has been successfully formatted.
2019-09-10 18:32:52,887 [pool-57-thread-1] INFO  ratis.ContainerStateMachine (ContainerStateMachine.java:loadSnapshot(230)) - group-472E82651CB3: The snapshot info is null. Setting the last applied indexto:(t:0, i:~)
2019-09-10 18:32:52,887 [pool-57-thread-1] INFO  server.RaftServerConfigKeys (ConfUtils.java:logGet(43)) - raft.server.notification.no-leader.timeout = 120s (custom)
2019-09-10 18:32:52,887 [pool-57-thread-1] INFO  server.RaftServerConfigKeys (ConfUtils.java:logGet(43)) - raft.server.log.use.memory = false (default)
2019-09-10 18:32:52,887 [pool-57-thread-1] INFO  server.RaftServerConfigKeys (ConfUtils.java:logGet(43)) - raft.server.log.purge.gap = 1000000 (custom)
2019-09-10 18:32:52,887 [pool-57-thread-1] INFO  server.RaftServerConfigKeys (ConfUtils.java:logGet(43)) - raft.server.log.appender.buffer.byte-limit = 33554432 (custom)
2019-09-10 18:32:52,888 [pool-57-thread-1] INFO  server.RaftServerConfigKeys (ConfUtils.java:logGet(43)) - raft.server.log.segment.size.max = 1048576 (custom)
2019-09-10 18:32:52,888 [pool-57-thread-1] INFO  server.RaftServerConfigKeys (ConfUtils.java:logGet(43)) - raft.server.log.segment.cache.num.max = 2 (custom)
2019-09-10 18:32:52,888 [pool-57-thread-1] INFO  segmented.SegmentedRaftLogWorker (SegmentedRaftLogWorker.java:<init>(172)) - new cfb62293-4a7a-44de-bace-70c992c1cb58@group-472E82651CB3-SegmentedRaftLogWorker for RaftStorage:Storage Directory /workdir/hadoop-ozone/integration-test/target/test-dir/MiniOzoneClusterImpl-34bd394c-9e3d-49fb-9b5f-f4de544d8d6b/datanode-3/data/ratis/de38bea3-6563-4100-9478-472e82651cb3
2019-09-10 18:32:52,890 [pool-57-thread-1] INFO  server.RaftServerConfigKeys (ConfUtils.java:logGet(43)) - raft.server.log.queue.byte-limit = 2147483647 (custom)
2019-09-10 18:32:52,890 [pool-57-thread-1] INFO  server.RaftServerConfigKeys (ConfUtils.java:logGet(43)) - raft.server.log.queue.element-limit = 1024 (custom)
2019-09-10 18:32:52,890 [pool-57-thread-1] INFO  server.RaftServerConfigKeys (ConfUtils.java:logGet(43)) - raft.server.log.segment.size.max = 1048576 (custom)
2019-09-10 18:32:52,890 [pool-57-thread-1] INFO  server.RaftServerConfigKeys (ConfUtils.java:logGet(43)) - raft.server.log.preallocated.size = 16384 (custom)
2019-09-10 18:32:52,890 [pool-57-thread-1] INFO  server.RaftServerConfigKeys (ConfUtils.java:logGet(43)) - raft.server.log.write.buffer.size = 33554432 (custom)
2019-09-10 18:32:52,890 [pool-57-thread-1] INFO  server.RaftServerConfigKeys (ConfUtils.java:logGet(43)) - raft.server.log.force.sync.num = 128 (default)
2019-09-10 18:32:52,890 [pool-57-thread-1] INFO  server.RaftServerConfigKeys (ConfUtils.java:logGet(43)) - raft.server.log.statemachine.data.sync = true (default)
2019-09-10 18:32:52,891 [pool-57-thread-1] INFO  server.RaftServerConfigKeys (ConfUtils.java:logGet(43)) - raft.server.log.statemachine.data.sync.timeout = 10s (default)
2019-09-10 18:32:52,891 [pool-57-thread-1] INFO  server.RaftServerConfigKeys (ConfUtils.java:logGet(43)) - raft.server.log.statemachine.data.sync.timeout.retry = -1 (default)
2019-09-10 18:32:52,891 [pool-57-thread-1] INFO  server.RaftServerConfigKeys (ConfUtils.java:logGet(43)) - raft.server.log.statemachine.data.caching.enabled = true (custom)
2019-09-10 18:32:52,891 [pool-57-thread-1] INFO  segmented.SegmentedRaftLogWorker (SegmentedRaftLogWorker.java:lambda$new$0(132)) - cfb62293-4a7a-44de-bace-70c992c1cb58@group-472E82651CB3-SegmentedRaftLogWorker: flushIndex: setUnconditionally 0 -> -1
2019-09-10 18:32:52,891 [pool-57-thread-1] INFO  server.RaftServerConfigKeys (ConfUtils.java:logGet(43)) - raft.server.snapshot.auto.trigger.enabled = true (custom)
2019-09-10 18:32:52,891 [pool-57-thread-1] INFO  server.RaftServerConfigKeys (ConfUtils.java:logGet(43)) - raft.server.snapshot.auto.trigger.threshold = 10000 (custom)
2019-09-10 18:32:52,892 [pool-57-thread-1] INFO  server.RaftServerConfigKeys (ConfUtils.java:logGet(43)) - raft.server.snapshot.retention.num.files = 5 (custom)
2019-09-10 18:32:52,892 [pool-57-thread-1] INFO  server.RaftServerConfigKeys (ConfUtils.java:logGet(43)) - raft.server.retrycache.expirytime = 600000ms (custom)
2019-09-10 18:32:52,894 [pool-57-thread-1] INFO  impl.RaftServerImpl (RaftServerImpl.java:start(185)) - cfb62293-4a7a-44de-bace-70c992c1cb58@group-472E82651CB3: start as a follower, conf=-1: [cfb62293-4a7a-44de-bace-70c992c1cb58:192.168.5.139:38941], old=null
2019-09-10 18:32:52,894 [pool-57-thread-1] INFO  impl.RaftServerImpl (RaftServerImpl.java:setRole(174)) - cfb62293-4a7a-44de-bace-70c992c1cb58@group-472E82651CB3: changes role from      null to FOLLOWER at term 0 for startAsFollower
2019-09-10 18:32:52,894 [pool-57-thread-1] INFO  impl.RoleInfo (RoleInfo.java:updateAndGet(143)) - cfb62293-4a7a-44de-bace-70c992c1cb58: start FollowerState
2019-09-10 18:32:52,894 [pool-57-thread-1] INFO  util.JmxRegister (JmxRegister.java:tryRegister(44)) - Successfully registered JMX Bean with object name Ratis:service=RaftServer,group=group-472E82651CB3,id=cfb62293-4a7a-44de-bace-70c992c1cb58
2019-09-10 18:32:52,903 [Thread-288] INFO  impl.FollowerState (FollowerState.java:run(106)) - 114338b4-3ae2-46b3-98b7-a583d2a0bf23:group-E68311B11822 changes to CANDIDATE, lastRpcTime:1109, electionTimeout:1105ms
2019-09-10 18:32:52,907 [Thread-288] INFO  impl.RoleInfo (RoleInfo.java:shutdownFollowerState(121)) - 114338b4-3ae2-46b3-98b7-a583d2a0bf23: shutdown FollowerState
2019-09-10 18:32:52,907 [Thread-288] INFO  impl.RaftServerImpl (RaftServerImpl.java:setRole(174)) - 114338b4-3ae2-46b3-98b7-a583d2a0bf23@group-E68311B11822: changes role from  FOLLOWER to CANDIDATE at term 0 for changeToCandidate
2019-09-10 18:32:52,907 [Thread-288] INFO  impl.RoleInfo (RoleInfo.java:updateAndGet(143)) - 114338b4-3ae2-46b3-98b7-a583d2a0bf23: start LeaderElection
2019-09-10 18:32:52,907 [RatisPipelineUtilsThread] INFO  pipeline.PipelineStateManager (PipelineStateManager.java:addPipeline(56)) - Created pipeline Pipeline[ Id: de38bea3-6563-4100-9478-472e82651cb3, Nodes: cfb62293-4a7a-44de-bace-70c992c1cb58{ip: 192.168.5.139, host: pr-hdds-1786-trunk-k6rzm-1803654198, networkLocation: /default-rack, certSerialId: null}, Type:RATIS, Factor:ONE, State:OPEN]
2019-09-10 18:32:52,946 [114338b4-3ae2-46b3-98b7-a583d2a0bf23@group-E68311B11822:LeaderElection2] INFO  impl.LeaderElection (LeaderElection.java:askForVotes(182)) - 114338b4-3ae2-46b3-98b7-a583d2a0bf23@group-E68311B11822:LeaderElection2: begin an election at term 1 for -1: [114338b4-3ae2-46b3-98b7-a583d2a0bf23:192.168.5.139:33171], old=null
2019-09-10 18:32:52,948 [114338b4-3ae2-46b3-98b7-a583d2a0bf23@group-E68311B11822:LeaderElection2] INFO  impl.RoleInfo (RoleInfo.java:shutdownLeaderElection(134)) - 114338b4-3ae2-46b3-98b7-a583d2a0bf23: shutdown LeaderElection
2019-09-10 18:32:52,951 [114338b4-3ae2-46b3-98b7-a583d2a0bf23@group-E68311B11822:LeaderElection2] INFO  impl.RaftServerImpl (RaftServerImpl.java:setRole(174)) - 114338b4-3ae2-46b3-98b7-a583d2a0bf23@group-E68311B11822: changes role from CANDIDATE to LEADER at term 1 for changeToLeader
2019-09-10 18:32:52,953 [114338b4-3ae2-46b3-98b7-a583d2a0bf23@group-E68311B11822:LeaderElection2] INFO  impl.RaftServerImpl (ServerState.java:setLeader(253)) - 114338b4-3ae2-46b3-98b7-a583d2a0bf23@group-E68311B11822: change Leader from null to 114338b4-3ae2-46b3-98b7-a583d2a0bf23 at term 1 for becomeLeader, leader elected after 1177ms
2019-09-10 18:32:52,953 [114338b4-3ae2-46b3-98b7-a583d2a0bf23@group-E68311B11822:LeaderElection2] INFO  server.RaftServerConfigKeys (ConfUtils.java:logGet(43)) - raft.server.staging.catchup.gap = 1000 (default)
2019-09-10 18:32:52,953 [114338b4-3ae2-46b3-98b7-a583d2a0bf23@group-E68311B11822:LeaderElection2] INFO  server.RaftServerConfigKeys (ConfUtils.java:logGet(43)) - raft.server.rpc.sleep.time = 25ms (default)
2019-09-10 18:32:52,955 [114338b4-3ae2-46b3-98b7-a583d2a0bf23@group-E68311B11822:LeaderElection2] INFO  server.RaftServerConfigKeys (ConfUtils.java:logGet(43)) - raft.server.write.element-limit = 4096 (default)
2019-09-10 18:32:52,955 [114338b4-3ae2-46b3-98b7-a583d2a0bf23@group-E68311B11822:LeaderElection2] INFO  server.RaftServerConfigKeys (ConfUtils.java:logGet(43)) - raft.server.watch.timeout = 10s (default)
2019-09-10 18:32:52,955 [114338b4-3ae2-46b3-98b7-a583d2a0bf23@group-E68311B11822:LeaderElection2] INFO  server.RaftServerConfigKeys (ConfUtils.java:logGet(43)) - raft.server.watch.timeout.denomination = 1s (default)
2019-09-10 18:32:52,955 [114338b4-3ae2-46b3-98b7-a583d2a0bf23@group-E68311B11822:LeaderElection2] INFO  server.RaftServerConfigKeys (ConfUtils.java:logGet(43)) - raft.server.watch.element-limit = 65536 (default)
2019-09-10 18:32:52,962 [114338b4-3ae2-46b3-98b7-a583d2a0bf23@group-E68311B11822:LeaderElection2] INFO  impl.RoleInfo (RoleInfo.java:updateAndGet(143)) - 114338b4-3ae2-46b3-98b7-a583d2a0bf23: start LeaderState
2019-09-10 18:32:52,967 [114338b4-3ae2-46b3-98b7-a583d2a0bf23@group-E68311B11822:LeaderElection2] INFO  segmented.SegmentedRaftLogWorker (SegmentedRaftLogWorker.java:startLogSegment(380)) - 114338b4-3ae2-46b3-98b7-a583d2a0bf23@group-E68311B11822-SegmentedRaftLogWorker: Starting segment from index:0
2019-09-10 18:32:52,967 [grpc-default-executor-1] INFO  impl.RaftServerProxy (RaftServerProxy.java:addNew(89)) - 43b8dda0-1fac-498c-94e0-436a32ed8ccd: addNew group-248F13D822B7:[43b8dda0-1fac-498c-94e0-436a32ed8ccd:192.168.5.139:45091, 166d57fa-ec73-4a99-b6df-0ab3ad0d7909:192.168.5.139:39780, 114338b4-3ae2-46b3-98b7-a583d2a0bf23:192.168.5.139:33171] returns group-248F13D822B7:java.util.concurrent.CompletableFuture@125d9d20[Not completed]
2019-09-10 18:32:52,968 [114338b4-3ae2-46b3-98b7-a583d2a0bf23@group-E68311B11822:LeaderElection2] INFO  impl.RaftServerImpl (ServerState.java:setRaftConf(354)) - 114338b4-3ae2-46b3-98b7-a583d2a0bf23@group-E68311B11822: set configuration 0: [114338b4-3ae2-46b3-98b7-a583d2a0bf23:192.168.5.139:33171], old=null at 0
2019-09-10 18:32:52,973 [grpc-default-executor-1] INFO  impl.RaftServerProxy (RaftServerProxy.java:addNew(89)) - 114338b4-3ae2-46b3-98b7-a583d2a0bf23: addNew group-248F13D822B7:[43b8dda0-1fac-498c-94e0-436a32ed8ccd:192.168.5.139:45091, 166d57fa-ec73-4a99-b6df-0ab3ad0d7909:192.168.5.139:39780, 114338b4-3ae2-46b3-98b7-a583d2a0bf23:192.168.5.139:33171] returns group-248F13D822B7:java.util.concurrent.CompletableFuture@23852deb[Not completed]
2019-09-10 18:32:52,979 [pool-107-thread-1] INFO  impl.RaftServerImpl (RaftServerImpl.java:<init>(95)) - 43b8dda0-1fac-498c-94e0-436a32ed8ccd: new RaftServerImpl for group-248F13D822B7:[43b8dda0-1fac-498c-94e0-436a32ed8ccd:192.168.5.139:45091, 166d57fa-ec73-4a99-b6df-0ab3ad0d7909:192.168.5.139:39780, 114338b4-3ae2-46b3-98b7-a583d2a0bf23:192.168.5.139:33171] with ContainerStateMachine:uninitialized
2019-09-10 18:32:52,979 [pool-107-thread-1] INFO  server.RaftServerConfigKeys (ConfUtils.java:logGet(43)) - raft.server.rpc.timeout.min = 1s (custom)
2019-09-10 18:32:52,979 [pool-107-thread-1] INFO  server.RaftServerConfigKeys (ConfUtils.java:logGet(43)) - raft.server.rpc.timeout.max = 1200ms (custom)
2019-09-10 18:32:52,979 [pool-107-thread-1] INFO  server.RaftServerConfigKeys (ConfUtils.java:logGet(43)) - raft.server.rpcslowness.timeout = 120s (custom)
2019-09-10 18:32:52,980 [pool-107-thread-1] INFO  server.RaftServerConfigKeys (ConfUtils.java:logGet(43)) - raft.server.sleep.deviation.threshold = 300 (default)
2019-09-10 18:32:52,980 [pool-107-thread-1] INFO  server.RaftServerConfigKeys (ConfUtils.java:logGet(43)) - raft.server.log.appender.install.snapshot.enabled = false (custom)
2019-09-10 18:32:52,980 [grpc-default-executor-1] INFO  impl.RaftServerProxy (RaftServerProxy.java:addNew(89)) - 166d57fa-ec73-4a99-b6df-0ab3ad0d7909: addNew group-248F13D822B7:[43b8dda0-1fac-498c-94e0-436a32ed8ccd:192.168.5.139:45091, 166d57fa-ec73-4a99-b6df-0ab3ad0d7909:192.168.5.139:39780, 114338b4-3ae2-46b3-98b7-a583d2a0bf23:192.168.5.139:33171] returns group-248F13D822B7:java.util.concurrent.CompletableFuture@cb84a45[Not completed]
2019-09-10 18:32:52,980 [pool-107-thread-1] INFO  impl.RaftServerImpl (ServerState.java:<init>(103)) - 43b8dda0-1fac-498c-94e0-436a32ed8ccd@group-248F13D822B7: ConfigurationManager, init=-1: [43b8dda0-1fac-498c-94e0-436a32ed8ccd:192.168.5.139:45091, 166d57fa-ec73-4a99-b6df-0ab3ad0d7909:192.168.5.139:39780, 114338b4-3ae2-46b3-98b7-a583d2a0bf23:192.168.5.139:33171], old=null, confs=<EMPTY_MAP>
2019-09-10 18:32:52,980 [pool-37-thread-1] INFO  impl.RaftServerImpl (RaftServerImpl.java:<init>(95)) - 114338b4-3ae2-46b3-98b7-a583d2a0bf23: new RaftServerImpl for group-248F13D822B7:[43b8dda0-1fac-498c-94e0-436a32ed8ccd:192.168.5.139:45091, 166d57fa-ec73-4a99-b6df-0ab3ad0d7909:192.168.5.139:39780, 114338b4-3ae2-46b3-98b7-a583d2a0bf23:192.168.5.139:33171] with ContainerStateMachine:uninitialized
2019-09-10 18:32:52,980 [pool-107-thread-1] INFO  server.RaftServerConfigKeys (ConfUtils.java:logGet(43)) - raft.server.storage.dir = [/workdir/hadoop-ozone/integration-test/target/test-dir/MiniOzoneClusterImpl-34bd394c-9e3d-49fb-9b5f-f4de544d8d6b/datanode-8/data/ratis] (custom)
2019-09-10 18:32:52,980 [pool-37-thread-1] INFO  server.RaftServerConfigKeys (ConfUtils.java:logGet(43)) - raft.server.rpc.timeout.min = 1s (custom)
2019-09-10 18:32:52,980 [pool-37-thread-1] INFO  server.RaftServerConfigKeys (ConfUtils.java:logGet(43)) - raft.server.rpc.timeout.max = 1200ms (custom)
2019-09-10 18:32:52,980 [pool-37-thread-1] INFO  server.RaftServerConfigKeys (ConfUtils.java:logGet(43)) - raft.server.rpcslowness.timeout = 120s (custom)
2019-09-10 18:32:52,980 [pool-107-thread-1] INFO  storage.RaftStorageDirectory (RaftStorageDirectory.java:analyzeStorage(246)) - The storage directory /workdir/hadoop-ozone/integration-test/target/test-dir/MiniOzoneClusterImpl-34bd394c-9e3d-49fb-9b5f-f4de544d8d6b/datanode-8/data/ratis/65e8c64c-afec-4d62-a834-248f13d822b7 does not exist. Creating ...
2019-09-10 18:32:52,980 [pool-37-thread-1] INFO  server.RaftServerConfigKeys (ConfUtils.java:logGet(43)) - raft.server.sleep.deviation.threshold = 300 (default)
2019-09-10 18:32:52,981 [pool-37-thread-1] INFO  server.RaftServerConfigKeys (ConfUtils.java:logGet(43)) - raft.server.log.appender.install.snapshot.enabled = false (custom)
2019-09-10 18:32:52,981 [pool-37-thread-1] INFO  impl.RaftServerImpl (ServerState.java:<init>(103)) - 114338b4-3ae2-46b3-98b7-a583d2a0bf23@group-248F13D822B7: ConfigurationManager, init=-1: [43b8dda0-1fac-498c-94e0-436a32ed8ccd:192.168.5.139:45091, 166d57fa-ec73-4a99-b6df-0ab3ad0d7909:192.168.5.139:39780, 114338b4-3ae2-46b3-98b7-a583d2a0bf23:192.168.5.139:33171], old=null, confs=<EMPTY_MAP>
2019-09-10 18:32:52,981 [pool-37-thread-1] INFO  server.RaftServerConfigKeys (ConfUtils.java:logGet(43)) - raft.server.storage.dir = [/workdir/hadoop-ozone/integration-test/target/test-dir/MiniOzoneClusterImpl-34bd394c-9e3d-49fb-9b5f-f4de544d8d6b/datanode-1/data/ratis] (custom)
2019-09-10 18:32:52,981 [pool-37-thread-1] INFO  storage.RaftStorageDirectory (RaftStorageDirectory.java:analyzeStorage(246)) - The storage directory /workdir/hadoop-ozone/integration-test/target/test-dir/MiniOzoneClusterImpl-34bd394c-9e3d-49fb-9b5f-f4de544d8d6b/datanode-1/data/ratis/65e8c64c-afec-4d62-a834-248f13d822b7 does not exist. Creating ...
2019-09-10 18:32:52,981 [pool-47-thread-1] INFO  impl.RaftServerImpl (RaftServerImpl.java:<init>(95)) - 166d57fa-ec73-4a99-b6df-0ab3ad0d7909: new RaftServerImpl for group-248F13D822B7:[43b8dda0-1fac-498c-94e0-436a32ed8ccd:192.168.5.139:45091, 166d57fa-ec73-4a99-b6df-0ab3ad0d7909:192.168.5.139:39780, 114338b4-3ae2-46b3-98b7-a583d2a0bf23:192.168.5.139:33171] with ContainerStateMachine:uninitialized
2019-09-10 18:32:52,991 [pool-47-thread-1] INFO  server.RaftServerConfigKeys (ConfUtils.java:logGet(43)) - raft.server.rpc.timeout.min = 1s (custom)
2019-09-10 18:32:52,991 [Thread-291] INFO  impl.FollowerState (FollowerState.java:run(106)) - 43b8dda0-1fac-498c-94e0-436a32ed8ccd:group-C33457F8591A changes to CANDIDATE, lastRpcTime:1015, electionTimeout:1015ms
2019-09-10 18:32:52,991 [pool-47-thread-1] INFO  server.RaftServerConfigKeys (ConfUtils.java:logGet(43)) - raft.server.rpc.timeout.max = 1200ms (custom)
2019-09-10 18:32:52,991 [Thread-291] INFO  impl.RoleInfo (RoleInfo.java:shutdownFollowerState(121)) - 43b8dda0-1fac-498c-94e0-436a32ed8ccd: shutdown FollowerState
2019-09-10 18:32:52,991 [pool-47-thread-1] INFO  server.RaftServerConfigKeys (ConfUtils.java:logGet(43)) - raft.server.rpcslowness.timeout = 120s (custom)
2019-09-10 18:32:52,992 [Thread-291] INFO  impl.RaftServerImpl (RaftServerImpl.java:setRole(174)) - 43b8dda0-1fac-498c-94e0-436a32ed8ccd@group-C33457F8591A: changes role from  FOLLOWER to CANDIDATE at term 0 for changeToCandidate
2019-09-10 18:32:52,992 [pool-47-thread-1] INFO  server.RaftServerConfigKeys (ConfUtils.java:logGet(43)) - raft.server.sleep.deviation.threshold = 300 (default)
2019-09-10 18:32:52,992 [Thread-291] INFO  impl.RoleInfo (RoleInfo.java:updateAndGet(143)) - 43b8dda0-1fac-498c-94e0-436a32ed8ccd: start LeaderElection
2019-09-10 18:32:52,992 [pool-47-thread-1] INFO  server.RaftServerConfigKeys (ConfUtils.java:logGet(43)) - raft.server.log.appender.install.snapshot.enabled = false (custom)
2019-09-10 18:32:52,992 [pool-47-thread-1] INFO  impl.RaftServerImpl (ServerState.java:<init>(103)) - 166d57fa-ec73-4a99-b6df-0ab3ad0d7909@group-248F13D822B7: ConfigurationManager, init=-1: [43b8dda0-1fac-498c-94e0-436a32ed8ccd:192.168.5.139:45091, 166d57fa-ec73-4a99-b6df-0ab3ad0d7909:192.168.5.139:39780, 114338b4-3ae2-46b3-98b7-a583d2a0bf23:192.168.5.139:33171], old=null, confs=<EMPTY_MAP>
2019-09-10 18:32:52,996 [pool-47-thread-1] INFO  server.RaftServerConfigKeys (ConfUtils.java:logGet(43)) - raft.server.storage.dir = [/workdir/hadoop-ozone/integration-test/target/test-dir/MiniOzoneClusterImpl-34bd394c-9e3d-49fb-9b5f-f4de544d8d6b/datanode-2/data/ratis] (custom)
2019-09-10 18:32:52,996 [pool-47-thread-1] INFO  storage.RaftStorageDirectory (RaftStorageDirectory.java:analyzeStorage(246)) - The storage directory /workdir/hadoop-ozone/integration-test/target/test-dir/MiniOzoneClusterImpl-34bd394c-9e3d-49fb-9b5f-f4de544d8d6b/datanode-2/data/ratis/65e8c64c-afec-4d62-a834-248f13d822b7 does not exist. Creating ...
2019-09-10 18:32:53,003 [pool-37-thread-1] INFO  storage.RaftStorageDirectory (RaftStorageDirectory.java:tryLock(328)) - Lock on /workdir/hadoop-ozone/integration-test/target/test-dir/MiniOzoneClusterImpl-34bd394c-9e3d-49fb-9b5f-f4de544d8d6b/datanode-1/data/ratis/65e8c64c-afec-4d62-a834-248f13d822b7/in_use.lock acquired by nodename 32311@pr-hdds-1786-trunk-k6rzm-1803654198
2019-09-10 18:32:53,003 [pool-107-thread-1] INFO  storage.RaftStorageDirectory (RaftStorageDirectory.java:tryLock(328)) - Lock on /workdir/hadoop-ozone/integration-test/target/test-dir/MiniOzoneClusterImpl-34bd394c-9e3d-49fb-9b5f-f4de544d8d6b/datanode-8/data/ratis/65e8c64c-afec-4d62-a834-248f13d822b7/in_use.lock acquired by nodename 32311@pr-hdds-1786-trunk-k6rzm-1803654198
2019-09-10 18:32:53,021 [pool-47-thread-1] INFO  storage.RaftStorageDirectory (RaftStorageDirectory.java:tryLock(328)) - Lock on /workdir/hadoop-ozone/integration-test/target/test-dir/MiniOzoneClusterImpl-34bd394c-9e3d-49fb-9b5f-f4de544d8d6b/datanode-2/data/ratis/65e8c64c-afec-4d62-a834-248f13d822b7/in_use.lock acquired by nodename 32311@pr-hdds-1786-trunk-k6rzm-1803654198
2019-09-10 18:32:53,022 [43b8dda0-1fac-498c-94e0-436a32ed8ccd@group-C33457F8591A:LeaderElection3] INFO  impl.LeaderElection (LeaderElection.java:askForVotes(182)) - 43b8dda0-1fac-498c-94e0-436a32ed8ccd@group-C33457F8591A:LeaderElection3: begin an election at term 1 for -1: [43b8dda0-1fac-498c-94e0-436a32ed8ccd:192.168.5.139:45091], old=null
2019-09-10 18:32:53,021 [pool-107-thread-1] INFO  storage.RaftStorage (RaftStorage.java:format(72)) - Storage directory /workdir/hadoop-ozone/integration-test/target/test-dir/MiniOzoneClusterImpl-34bd394c-9e3d-49fb-9b5f-f4de544d8d6b/datanode-8/data/ratis/65e8c64c-afec-4d62-a834-248f13d822b7 has been successfully formatted.
2019-09-10 18:32:53,025 [43b8dda0-1fac-498c-94e0-436a32ed8ccd@group-C33457F8591A:LeaderElection3] INFO  impl.RoleInfo (RoleInfo.java:shutdownLeaderElection(134)) - 43b8dda0-1fac-498c-94e0-436a32ed8ccd: shutdown LeaderElection
2019-09-10 18:32:53,021 [pool-37-thread-1] INFO  storage.RaftStorage (RaftStorage.java:format(72)) - Storage directory /workdir/hadoop-ozone/integration-test/target/test-dir/MiniOzoneClusterImpl-34bd394c-9e3d-49fb-9b5f-f4de544d8d6b/datanode-1/data/ratis/65e8c64c-afec-4d62-a834-248f13d822b7 has been successfully formatted.
2019-09-10 18:32:53,028 [pool-107-thread-1] INFO  ratis.ContainerStateMachine (ContainerStateMachine.java:loadSnapshot(230)) - group-248F13D822B7: The snapshot info is null. Setting the last applied indexto:(t:0, i:~)
2019-09-10 18:32:53,028 [43b8dda0-1fac-498c-94e0-436a32ed8ccd@group-C33457F8591A:LeaderElection3] INFO  impl.RaftServerImpl (RaftServerImpl.java:setRole(174)) - 43b8dda0-1fac-498c-94e0-436a32ed8ccd@group-C33457F8591A: changes role from CANDIDATE to LEADER at term 1 for changeToLeader
2019-09-10 18:32:53,031 [pool-107-thread-1] INFO  server.RaftServerConfigKeys (ConfUtils.java:logGet(43)) - raft.server.notification.no-leader.timeout = 120s (custom)
2019-09-10 18:32:53,030 [pool-37-thread-1] INFO  ratis.ContainerStateMachine (ContainerStateMachine.java:loadSnapshot(230)) - group-248F13D822B7: The snapshot info is null. Setting the last applied indexto:(t:0, i:~)
2019-09-10 18:32:53,031 [pool-107-thread-1] INFO  server.RaftServerConfigKeys (ConfUtils.java:logGet(43)) - raft.server.log.use.memory = false (default)
2019-09-10 18:32:53,031 [43b8dda0-1fac-498c-94e0-436a32ed8ccd@group-C33457F8591A:LeaderElection3] INFO  impl.RaftServerImpl (ServerState.java:setLeader(253)) - 43b8dda0-1fac-498c-94e0-436a32ed8ccd@group-C33457F8591A: change Leader from null to 43b8dda0-1fac-498c-94e0-436a32ed8ccd at term 1 for becomeLeader, leader elected after 1118ms
2019-09-10 18:32:53,031 [pool-107-thread-1] INFO  server.RaftServerConfigKeys (ConfUtils.java:logGet(43)) - raft.server.log.purge.gap = 1000000 (custom)
2019-09-10 18:32:53,031 [pool-37-thread-1] INFO  server.RaftServerConfigKeys (ConfUtils.java:logGet(43)) - raft.server.notification.no-leader.timeout = 120s (custom)
2019-09-10 18:32:53,032 [pool-107-thread-1] INFO  server.RaftServerConfigKeys (ConfUtils.java:logGet(43)) - raft.server.log.appender.buffer.byte-limit = 33554432 (custom)
2019-09-10 18:32:53,031 [43b8dda0-1fac-498c-94e0-436a32ed8ccd@group-C33457F8591A:LeaderElection3] INFO  server.RaftServerConfigKeys (ConfUtils.java:logGet(43)) - raft.server.staging.catchup.gap = 1000 (default)
2019-09-10 18:32:53,032 [pool-107-thread-1] INFO  server.RaftServerConfigKeys (ConfUtils.java:logGet(43)) - raft.server.log.segment.size.max = 1048576 (custom)
2019-09-10 18:32:53,032 [pool-37-thread-1] INFO  server.RaftServerConfigKeys (ConfUtils.java:logGet(43)) - raft.server.log.use.memory = false (default)
2019-09-10 18:32:53,032 [pool-107-thread-1] INFO  server.RaftServerConfigKeys (ConfUtils.java:logGet(43)) - raft.server.log.segment.cache.num.max = 2 (custom)
2019-09-10 18:32:53,032 [43b8dda0-1fac-498c-94e0-436a32ed8ccd@group-C33457F8591A:LeaderElection3] INFO  server.RaftServerConfigKeys (ConfUtils.java:logGet(43)) - raft.server.rpc.sleep.time = 25ms (default)
2019-09-10 18:32:53,032 [pool-107-thread-1] INFO  segmented.SegmentedRaftLogWorker (SegmentedRaftLogWorker.java:<init>(172)) - new 43b8dda0-1fac-498c-94e0-436a32ed8ccd@group-248F13D822B7-SegmentedRaftLogWorker for RaftStorage:Storage Directory /workdir/hadoop-ozone/integration-test/target/test-dir/MiniOzoneClusterImpl-34bd394c-9e3d-49fb-9b5f-f4de544d8d6b/datanode-8/data/ratis/65e8c64c-afec-4d62-a834-248f13d822b7
2019-09-10 18:32:53,032 [pool-37-thread-1] INFO  server.RaftServerConfigKeys (ConfUtils.java:logGet(43)) - raft.server.log.purge.gap = 1000000 (custom)
2019-09-10 18:32:53,033 [pool-107-thread-1] INFO  server.RaftServerConfigKeys (ConfUtils.java:logGet(43)) - raft.server.log.queue.byte-limit = 2147483647 (custom)
2019-09-10 18:32:53,033 [pool-107-thread-1] INFO  server.RaftServerConfigKeys (ConfUtils.java:logGet(43)) - raft.server.log.queue.element-limit = 1024 (custom)
2019-09-10 18:32:53,033 [43b8dda0-1fac-498c-94e0-436a32ed8ccd@group-C33457F8591A:LeaderElection3] INFO  server.RaftServerConfigKeys (ConfUtils.java:logGet(43)) - raft.server.write.element-limit = 4096 (default)
2019-09-10 18:32:53,033 [pool-107-thread-1] INFO  server.RaftServerConfigKeys (ConfUtils.java:logGet(43)) - raft.server.log.segment.size.max = 1048576 (custom)
2019-09-10 18:32:53,033 [pool-37-thread-1] INFO  server.RaftServerConfigKeys (ConfUtils.java:logGet(43)) - raft.server.log.appender.buffer.byte-limit = 33554432 (custom)
2019-09-10 18:32:53,033 [pool-107-thread-1] INFO  server.RaftServerConfigKeys (ConfUtils.java:logGet(43)) - raft.server.log.preallocated.size = 16384 (custom)
2019-09-10 18:32:53,034 [pool-107-thread-1] INFO  server.RaftServerConfigKeys (ConfUtils.java:logGet(43)) - raft.server.log.write.buffer.size = 33554432 (custom)
2019-09-10 18:32:53,033 [43b8dda0-1fac-498c-94e0-436a32ed8ccd@group-C33457F8591A:LeaderElection3] INFO  server.RaftServerConfigKeys (ConfUtils.java:logGet(43)) - raft.server.watch.timeout = 10s (default)
2019-09-10 18:32:53,034 [pool-107-thread-1] INFO  server.RaftServerConfigKeys (ConfUtils.java:logGet(43)) - raft.server.log.force.sync.num = 128 (default)
2019-09-10 18:32:53,034 [pool-37-thread-1] INFO  server.RaftServerConfigKeys (ConfUtils.java:logGet(43)) - raft.server.log.segment.size.max = 1048576 (custom)
2019-09-10 18:32:53,034 [pool-107-thread-1] INFO  server.RaftServerConfigKeys (ConfUtils.java:logGet(43)) - raft.server.log.statemachine.data.sync = true (default)
2019-09-10 18:32:53,034 [43b8dda0-1fac-498c-94e0-436a32ed8ccd@group-C33457F8591A:LeaderElection3] INFO  server.RaftServerConfigKeys (ConfUtils.java:logGet(43)) - raft.server.watch.timeout.denomination = 1s (default)
2019-09-10 18:32:53,035 [pool-107-thread-1] INFO  server.RaftServerConfigKeys (ConfUtils.java:logGet(43)) - raft.server.log.statemachine.data.sync.timeout = 10s (default)
2019-09-10 18:32:53,034 [pool-37-thread-1] INFO  server.RaftServerConfigKeys (ConfUtils.java:logGet(43)) - raft.server.log.segment.cache.num.max = 2 (custom)
2019-09-10 18:32:53,035 [pool-107-thread-1] INFO  server.RaftServerConfigKeys (ConfUtils.java:logGet(43)) - raft.server.log.statemachine.data.sync.timeout.retry = -1 (default)
2019-09-10 18:32:53,035 [43b8dda0-1fac-498c-94e0-436a32ed8ccd@group-C33457F8591A:LeaderElection3] INFO  server.RaftServerConfigKeys (ConfUtils.java:logGet(43)) - raft.server.watch.element-limit = 65536 (default)
2019-09-10 18:32:53,035 [pool-37-thread-1] INFO  segmented.SegmentedRaftLogWorker (SegmentedRaftLogWorker.java:<init>(172)) - new 114338b4-3ae2-46b3-98b7-a583d2a0bf23@group-248F13D822B7-SegmentedRaftLogWorker for RaftStorage:Storage Directory /workdir/hadoop-ozone/integration-test/target/test-dir/MiniOzoneClusterImpl-34bd394c-9e3d-49fb-9b5f-f4de544d8d6b/datanode-1/data/ratis/65e8c64c-afec-4d62-a834-248f13d822b7
2019-09-10 18:32:53,035 [pool-107-thread-1] INFO  server.RaftServerConfigKeys (ConfUtils.java:logGet(43)) - raft.server.log.statemachine.data.caching.enabled = true (custom)
2019-09-10 18:32:53,035 [pool-37-thread-1] INFO  server.RaftServerConfigKeys (ConfUtils.java:logGet(43)) - raft.server.log.queue.byte-limit = 2147483647 (custom)
2019-09-10 18:32:53,036 [pool-37-thread-1] INFO  server.RaftServerConfigKeys (ConfUtils.java:logGet(43)) - raft.server.log.queue.element-limit = 1024 (custom)
2019-09-10 18:32:53,036 [pool-107-thread-1] INFO  segmented.SegmentedRaftLogWorker (SegmentedRaftLogWorker.java:lambda$new$0(132)) - 43b8dda0-1fac-498c-94e0-436a32ed8ccd@group-248F13D822B7-SegmentedRaftLogWorker: flushIndex: setUnconditionally 0 -> -1
2019-09-10 18:32:53,036 [pool-37-thread-1] INFO  server.RaftServerConfigKeys (ConfUtils.java:logGet(43)) - raft.server.log.segment.size.max = 1048576 (custom)
2019-09-10 18:32:53,036 [pool-37-thread-1] INFO  server.RaftServerConfigKeys (ConfUtils.java:logGet(43)) - raft.server.log.preallocated.size = 16384 (custom)
2019-09-10 18:32:53,036 [pool-107-thread-1] INFO  server.RaftServerConfigKeys (ConfUtils.java:logGet(43)) - raft.server.snapshot.auto.trigger.enabled = true (custom)
2019-09-10 18:32:53,036 [pool-37-thread-1] INFO  server.RaftServerConfigKeys (ConfUtils.java:logGet(43)) - raft.server.log.write.buffer.size = 33554432 (custom)
2019-09-10 18:32:53,036 [pool-107-thread-1] INFO  server.RaftServerConfigKeys (ConfUtils.java:logGet(43)) - raft.server.snapshot.auto.trigger.threshold = 10000 (custom)
2019-09-10 18:32:53,036 [pool-37-thread-1] INFO  server.RaftServerConfigKeys (ConfUtils.java:logGet(43)) - raft.server.log.force.sync.num = 128 (default)
2019-09-10 18:32:53,037 [pool-107-thread-1] INFO  server.RaftServerConfigKeys (ConfUtils.java:logGet(43)) - raft.server.snapshot.retention.num.files = 5 (custom)
2019-09-10 18:32:53,037 [pool-37-thread-1] INFO  server.RaftServerConfigKeys (ConfUtils.java:logGet(43)) - raft.server.log.statemachine.data.sync = true (default)
2019-09-10 18:32:53,037 [pool-107-thread-1] INFO  server.RaftServerConfigKeys (ConfUtils.java:logGet(43)) - raft.server.retrycache.expirytime = 600000ms (custom)
2019-09-10 18:32:53,037 [pool-37-thread-1] INFO  server.RaftServerConfigKeys (ConfUtils.java:logGet(43)) - raft.server.log.statemachine.data.sync.timeout = 10s (default)
2019-09-10 18:32:53,037 [pool-37-thread-1] INFO  server.RaftServerConfigKeys (ConfUtils.java:logGet(43)) - raft.server.log.statemachine.data.sync.timeout.retry = -1 (default)
2019-09-10 18:32:53,037 [pool-37-thread-1] INFO  server.RaftServerConfigKeys (ConfUtils.java:logGet(43)) - raft.server.log.statemachine.data.caching.enabled = true (custom)
2019-09-10 18:32:53,038 [pool-37-thread-1] INFO  segmented.SegmentedRaftLogWorker (SegmentedRaftLogWorker.java:lambda$new$0(132)) - 114338b4-3ae2-46b3-98b7-a583d2a0bf23@group-248F13D822B7-SegmentedRaftLogWorker: flushIndex: setUnconditionally 0 -> -1
2019-09-10 18:32:53,038 [pool-37-thread-1] INFO  server.RaftServerConfigKeys (ConfUtils.java:logGet(43)) - raft.server.snapshot.auto.trigger.enabled = true (custom)
2019-09-10 18:32:53,038 [pool-37-thread-1] INFO  server.RaftServerConfigKeys (ConfUtils.java:logGet(43)) - raft.server.snapshot.auto.trigger.threshold = 10000 (custom)
2019-09-10 18:32:53,038 [pool-37-thread-1] INFO  server.RaftServerConfigKeys (ConfUtils.java:logGet(43)) - raft.server.snapshot.retention.num.files = 5 (custom)
2019-09-10 18:32:53,038 [pool-37-thread-1] INFO  server.RaftServerConfigKeys (ConfUtils.java:logGet(43)) - raft.server.retrycache.expirytime = 600000ms (custom)
2019-09-10 18:32:53,039 [43b8dda0-1fac-498c-94e0-436a32ed8ccd@group-C33457F8591A:LeaderElection3] INFO  impl.RoleInfo (RoleInfo.java:updateAndGet(143)) - 43b8dda0-1fac-498c-94e0-436a32ed8ccd: start LeaderState
2019-09-10 18:32:53,039 [43b8dda0-1fac-498c-94e0-436a32ed8ccd@group-C33457F8591A:LeaderElection3] INFO  segmented.SegmentedRaftLogWorker (SegmentedRaftLogWorker.java:startLogSegment(380)) - 43b8dda0-1fac-498c-94e0-436a32ed8ccd@group-C33457F8591A-SegmentedRaftLogWorker: Starting segment from index:0
2019-09-10 18:32:53,040 [43b8dda0-1fac-498c-94e0-436a32ed8ccd@group-C33457F8591A:LeaderElection3] INFO  impl.RaftServerImpl (ServerState.java:setRaftConf(354)) - 43b8dda0-1fac-498c-94e0-436a32ed8ccd@group-C33457F8591A: set configuration 0: [43b8dda0-1fac-498c-94e0-436a32ed8ccd:192.168.5.139:45091], old=null at 0
2019-09-10 18:32:53,043 [pool-107-thread-1] INFO  impl.RaftServerImpl (RaftServerImpl.java:start(185)) - 43b8dda0-1fac-498c-94e0-436a32ed8ccd@group-248F13D822B7: start as a follower, conf=-1: [43b8dda0-1fac-498c-94e0-436a32ed8ccd:192.168.5.139:45091, 166d57fa-ec73-4a99-b6df-0ab3ad0d7909:192.168.5.139:39780, 114338b4-3ae2-46b3-98b7-a583d2a0bf23:192.168.5.139:33171], old=null
2019-09-10 18:32:53,043 [pool-107-thread-1] INFO  impl.RaftServerImpl (RaftServerImpl.java:setRole(174)) - 43b8dda0-1fac-498c-94e0-436a32ed8ccd@group-248F13D822B7: changes role from      null to FOLLOWER at term 0 for startAsFollower
2019-09-10 18:32:53,043 [pool-37-thread-1] INFO  impl.RaftServerImpl (RaftServerImpl.java:start(185)) - 114338b4-3ae2-46b3-98b7-a583d2a0bf23@group-248F13D822B7: start as a follower, conf=-1: [43b8dda0-1fac-498c-94e0-436a32ed8ccd:192.168.5.139:45091, 166d57fa-ec73-4a99-b6df-0ab3ad0d7909:192.168.5.139:39780, 114338b4-3ae2-46b3-98b7-a583d2a0bf23:192.168.5.139:33171], old=null
2019-09-10 18:32:53,043 [pool-107-thread-1] INFO  impl.RoleInfo (RoleInfo.java:updateAndGet(143)) - 43b8dda0-1fac-498c-94e0-436a32ed8ccd: start FollowerState
2019-09-10 18:32:53,043 [pool-37-thread-1] INFO  impl.RaftServerImpl (RaftServerImpl.java:setRole(174)) - 114338b4-3ae2-46b3-98b7-a583d2a0bf23@group-248F13D822B7: changes role from      null to FOLLOWER at term 0 for startAsFollower
2019-09-10 18:32:53,044 [pool-37-thread-1] INFO  impl.RoleInfo (RoleInfo.java:updateAndGet(143)) - 114338b4-3ae2-46b3-98b7-a583d2a0bf23: start FollowerState
2019-09-10 18:32:53,044 [pool-107-thread-1] INFO  util.JmxRegister (JmxRegister.java:tryRegister(44)) - Successfully registered JMX Bean with object name Ratis:service=RaftServer,group=group-248F13D822B7,id=43b8dda0-1fac-498c-94e0-436a32ed8ccd
2019-09-10 18:32:53,044 [pool-37-thread-1] INFO  util.JmxRegister (JmxRegister.java:tryRegister(44)) - Successfully registered JMX Bean with object name Ratis:service=RaftServer,group=group-248F13D822B7,id=114338b4-3ae2-46b3-98b7-a583d2a0bf23
2019-09-10 18:32:53,056 [pool-47-thread-1] INFO  storage.RaftStorage (RaftStorage.java:format(72)) - Storage directory /workdir/hadoop-ozone/integration-test/target/test-dir/MiniOzoneClusterImpl-34bd394c-9e3d-49fb-9b5f-f4de544d8d6b/datanode-2/data/ratis/65e8c64c-afec-4d62-a834-248f13d822b7 has been successfully formatted.
2019-09-10 18:32:53,059 [pool-47-thread-1] INFO  ratis.ContainerStateMachine (ContainerStateMachine.java:loadSnapshot(230)) - group-248F13D822B7: The snapshot info is null. Setting the last applied indexto:(t:0, i:~)
2019-09-10 18:32:53,061 [pool-47-thread-1] INFO  server.RaftServerConfigKeys (ConfUtils.java:logGet(43)) - raft.server.notification.no-leader.timeout = 120s (custom)
2019-09-10 18:32:53,062 [pool-47-thread-1] INFO  server.RaftServerConfigKeys (ConfUtils.java:logGet(43)) - raft.server.log.use.memory = false (default)
2019-09-10 18:32:53,062 [pool-47-thread-1] INFO  server.RaftServerConfigKeys (ConfUtils.java:logGet(43)) - raft.server.log.purge.gap = 1000000 (custom)
2019-09-10 18:32:53,064 [pool-47-thread-1] INFO  server.RaftServerConfigKeys (ConfUtils.java:logGet(43)) - raft.server.log.appender.buffer.byte-limit = 33554432 (custom)
2019-09-10 18:32:53,066 [pool-47-thread-1] INFO  server.RaftServerConfigKeys (ConfUtils.java:logGet(43)) - raft.server.log.segment.size.max = 1048576 (custom)
2019-09-10 18:32:53,071 [pool-47-thread-1] INFO  server.RaftServerConfigKeys (ConfUtils.java:logGet(43)) - raft.server.log.segment.cache.num.max = 2 (custom)
2019-09-10 18:32:53,071 [pool-47-thread-1] INFO  segmented.SegmentedRaftLogWorker (SegmentedRaftLogWorker.java:<init>(172)) - new 166d57fa-ec73-4a99-b6df-0ab3ad0d7909@group-248F13D822B7-SegmentedRaftLogWorker for RaftStorage:Storage Directory /workdir/hadoop-ozone/integration-test/target/test-dir/MiniOzoneClusterImpl-34bd394c-9e3d-49fb-9b5f-f4de544d8d6b/datanode-2/data/ratis/65e8c64c-afec-4d62-a834-248f13d822b7
2019-09-10 18:32:53,075 [pool-47-thread-1] INFO  server.RaftServerConfigKeys (ConfUtils.java:logGet(43)) - raft.server.log.queue.byte-limit = 2147483647 (custom)
2019-09-10 18:32:53,075 [pool-47-thread-1] INFO  server.RaftServerConfigKeys (ConfUtils.java:logGet(43)) - raft.server.log.queue.element-limit = 1024 (custom)
2019-09-10 18:32:53,076 [pool-47-thread-1] INFO  server.RaftServerConfigKeys (ConfUtils.java:logGet(43)) - raft.server.log.segment.size.max = 1048576 (custom)
2019-09-10 18:32:53,078 [pool-47-thread-1] INFO  server.RaftServerConfigKeys (ConfUtils.java:logGet(43)) - raft.server.log.preallocated.size = 16384 (custom)
2019-09-10 18:32:53,078 [pool-47-thread-1] INFO  server.RaftServerConfigKeys (ConfUtils.java:logGet(43)) - raft.server.log.write.buffer.size = 33554432 (custom)
2019-09-10 18:32:53,078 [pool-47-thread-1] INFO  server.RaftServerConfigKeys (ConfUtils.java:logGet(43)) - raft.server.log.force.sync.num = 128 (default)
2019-09-10 18:32:53,080 [pool-47-thread-1] INFO  server.RaftServerConfigKeys (ConfUtils.java:logGet(43)) - raft.server.log.statemachine.data.sync = true (default)
2019-09-10 18:32:53,080 [pool-47-thread-1] INFO  server.RaftServerConfigKeys (ConfUtils.java:logGet(43)) - raft.server.log.statemachine.data.sync.timeout = 10s (default)
2019-09-10 18:32:53,080 [pool-47-thread-1] INFO  server.RaftServerConfigKeys (ConfUtils.java:logGet(43)) - raft.server.log.statemachine.data.sync.timeout.retry = -1 (default)
2019-09-10 18:32:53,080 [pool-47-thread-1] INFO  server.RaftServerConfigKeys (ConfUtils.java:logGet(43)) - raft.server.log.statemachine.data.caching.enabled = true (custom)
2019-09-10 18:32:53,081 [pool-47-thread-1] INFO  segmented.SegmentedRaftLogWorker (SegmentedRaftLogWorker.java:lambda$new$0(132)) - 166d57fa-ec73-4a99-b6df-0ab3ad0d7909@group-248F13D822B7-SegmentedRaftLogWorker: flushIndex: setUnconditionally 0 -> -1
2019-09-10 18:32:53,081 [pool-47-thread-1] INFO  server.RaftServerConfigKeys (ConfUtils.java:logGet(43)) - raft.server.snapshot.auto.trigger.enabled = true (custom)
2019-09-10 18:32:53,081 [pool-47-thread-1] INFO  server.RaftServerConfigKeys (ConfUtils.java:logGet(43)) - raft.server.snapshot.auto.trigger.threshold = 10000 (custom)
2019-09-10 18:32:53,081 [pool-47-thread-1] INFO  server.RaftServerConfigKeys (ConfUtils.java:logGet(43)) - raft.server.snapshot.retention.num.files = 5 (custom)
2019-09-10 18:32:53,081 [pool-47-thread-1] INFO  server.RaftServerConfigKeys (ConfUtils.java:logGet(43)) - raft.server.retrycache.expirytime = 600000ms (custom)
2019-09-10 18:32:53,084 [pool-47-thread-1] INFO  impl.RaftServerImpl (RaftServerImpl.java:start(185)) - 166d57fa-ec73-4a99-b6df-0ab3ad0d7909@group-248F13D822B7: start as a follower, conf=-1: [43b8dda0-1fac-498c-94e0-436a32ed8ccd:192.168.5.139:45091, 166d57fa-ec73-4a99-b6df-0ab3ad0d7909:192.168.5.139:39780, 114338b4-3ae2-46b3-98b7-a583d2a0bf23:192.168.5.139:33171], old=null
2019-09-10 18:32:53,084 [pool-47-thread-1] INFO  impl.RaftServerImpl (RaftServerImpl.java:setRole(174)) - 166d57fa-ec73-4a99-b6df-0ab3ad0d7909@group-248F13D822B7: changes role from      null to FOLLOWER at term 0 for startAsFollower
2019-09-10 18:32:53,084 [pool-47-thread-1] INFO  impl.RoleInfo (RoleInfo.java:updateAndGet(143)) - 166d57fa-ec73-4a99-b6df-0ab3ad0d7909: start FollowerState
2019-09-10 18:32:53,085 [pool-47-thread-1] INFO  util.JmxRegister (JmxRegister.java:tryRegister(44)) - Successfully registered JMX Bean with object name Ratis:service=RaftServer,group=group-248F13D822B7,id=166d57fa-ec73-4a99-b6df-0ab3ad0d7909
2019-09-10 18:32:53,094 [RatisPipelineUtilsThread] INFO  pipeline.PipelineStateManager (PipelineStateManager.java:addPipeline(56)) - Created pipeline Pipeline[ Id: 65e8c64c-afec-4d62-a834-248f13d822b7, Nodes: 114338b4-3ae2-46b3-98b7-a583d2a0bf23{ip: 192.168.5.139, host: pr-hdds-1786-trunk-k6rzm-1803654198, networkLocation: /default-rack, certSerialId: null}43b8dda0-1fac-498c-94e0-436a32ed8ccd{ip: 192.168.5.139, host: pr-hdds-1786-trunk-k6rzm-1803654198, networkLocation: /default-rack, certSerialId: null}166d57fa-ec73-4a99-b6df-0ab3ad0d7909{ip: 192.168.5.139, host: pr-hdds-1786-trunk-k6rzm-1803654198, networkLocation: /default-rack, certSerialId: null}, Type:RATIS, Factor:THREE, State:OPEN]
2019-09-10 18:32:53,117 [grpc-default-executor-0] INFO  impl.RaftServerProxy (RaftServerProxy.java:addNew(89)) - a5c56bc8-e609-4560-873f-c4715c8bfbf6: addNew group-F10CA6FB56ED:[7e7e06ff-ff15-4a73-bf67-b60124f5dbc2:192.168.5.139:37758, a5c56bc8-e609-4560-873f-c4715c8bfbf6:192.168.5.139:44770, dc34f224-6fe7-4a16-b3d0-41df1e51aada:192.168.5.139:40510] returns group-F10CA6FB56ED:java.util.concurrent.CompletableFuture@7d66593a[Not completed]
2019-09-10 18:32:53,119 [grpc-default-executor-0] INFO  impl.RaftServerProxy (RaftServerProxy.java:addNew(89)) - dc34f224-6fe7-4a16-b3d0-41df1e51aada: addNew group-F10CA6FB56ED:[7e7e06ff-ff15-4a73-bf67-b60124f5dbc2:192.168.5.139:37758, a5c56bc8-e609-4560-873f-c4715c8bfbf6:192.168.5.139:44770, dc34f224-6fe7-4a16-b3d0-41df1e51aada:192.168.5.139:40510] returns group-F10CA6FB56ED:java.util.concurrent.CompletableFuture@f8a9bf2[Not completed]
2019-09-10 18:32:53,119 [grpc-default-executor-2] INFO  impl.RaftServerProxy (RaftServerProxy.java:addNew(89)) - 7e7e06ff-ff15-4a73-bf67-b60124f5dbc2: addNew group-F10CA6FB56ED:[7e7e06ff-ff15-4a73-bf67-b60124f5dbc2:192.168.5.139:37758, a5c56bc8-e609-4560-873f-c4715c8bfbf6:192.168.5.139:44770, dc34f224-6fe7-4a16-b3d0-41df1e51aada:192.168.5.139:40510] returns group-F10CA6FB56ED:java.util.concurrent.CompletableFuture@243e74ff[Not completed]
2019-09-10 18:32:53,122 [pool-97-thread-1] INFO  impl.RaftServerImpl (RaftServerImpl.java:<init>(95)) - dc34f224-6fe7-4a16-b3d0-41df1e51aada: new RaftServerImpl for group-F10CA6FB56ED:[7e7e06ff-ff15-4a73-bf67-b60124f5dbc2:192.168.5.139:37758, a5c56bc8-e609-4560-873f-c4715c8bfbf6:192.168.5.139:44770, dc34f224-6fe7-4a16-b3d0-41df1e51aada:192.168.5.139:40510] with ContainerStateMachine:uninitialized
2019-09-10 18:32:53,123 [pool-97-thread-1] INFO  server.RaftServerConfigKeys (ConfUtils.java:logGet(43)) - raft.server.rpc.timeout.min = 1s (custom)
2019-09-10 18:32:53,123 [pool-97-thread-1] INFO  server.RaftServerConfigKeys (ConfUtils.java:logGet(43)) - raft.server.rpc.timeout.max = 1200ms (custom)
2019-09-10 18:32:53,123 [pool-97-thread-1] INFO  server.RaftServerConfigKeys (ConfUtils.java:logGet(43)) - raft.server.rpcslowness.timeout = 120s (custom)
2019-09-10 18:32:53,123 [pool-97-thread-1] INFO  server.RaftServerConfigKeys (ConfUtils.java:logGet(43)) - raft.server.sleep.deviation.threshold = 300 (default)
2019-09-10 18:32:53,123 [pool-97-thread-1] INFO  server.RaftServerConfigKeys (ConfUtils.java:logGet(43)) - raft.server.log.appender.install.snapshot.enabled = false (custom)
2019-09-10 18:32:53,123 [pool-97-thread-1] INFO  impl.RaftServerImpl (ServerState.java:<init>(103)) - dc34f224-6fe7-4a16-b3d0-41df1e51aada@group-F10CA6FB56ED: ConfigurationManager, init=-1: [7e7e06ff-ff15-4a73-bf67-b60124f5dbc2:192.168.5.139:37758, a5c56bc8-e609-4560-873f-c4715c8bfbf6:192.168.5.139:44770, dc34f224-6fe7-4a16-b3d0-41df1e51aada:192.168.5.139:40510], old=null, confs=<EMPTY_MAP>
2019-09-10 18:32:53,124 [pool-87-thread-1] INFO  impl.RaftServerImpl (RaftServerImpl.java:<init>(95)) - 7e7e06ff-ff15-4a73-bf67-b60124f5dbc2: new RaftServerImpl for group-F10CA6FB56ED:[7e7e06ff-ff15-4a73-bf67-b60124f5dbc2:192.168.5.139:37758, a5c56bc8-e609-4560-873f-c4715c8bfbf6:192.168.5.139:44770, dc34f224-6fe7-4a16-b3d0-41df1e51aada:192.168.5.139:40510] with ContainerStateMachine:uninitialized
2019-09-10 18:32:53,124 [pool-97-thread-1] INFO  server.RaftServerConfigKeys (ConfUtils.java:logGet(43)) - raft.server.storage.dir = [/workdir/hadoop-ozone/integration-test/target/test-dir/MiniOzoneClusterImpl-34bd394c-9e3d-49fb-9b5f-f4de544d8d6b/datanode-7/data/ratis] (custom)
2019-09-10 18:32:53,124 [pool-87-thread-1] INFO  server.RaftServerConfigKeys (ConfUtils.java:logGet(43)) - raft.server.rpc.timeout.min = 1s (custom)
2019-09-10 18:32:53,124 [pool-87-thread-1] INFO  server.RaftServerConfigKeys (ConfUtils.java:logGet(43)) - raft.server.rpc.timeout.max = 1200ms (custom)
2019-09-10 18:32:53,124 [pool-87-thread-1] INFO  server.RaftServerConfigKeys (ConfUtils.java:logGet(43)) - raft.server.rpcslowness.timeout = 120s (custom)
2019-09-10 18:32:53,124 [pool-97-thread-1] INFO  storage.RaftStorageDirectory (RaftStorageDirectory.java:analyzeStorage(246)) - The storage directory /workdir/hadoop-ozone/integration-test/target/test-dir/MiniOzoneClusterImpl-34bd394c-9e3d-49fb-9b5f-f4de544d8d6b/datanode-7/data/ratis/990742a9-49d4-45ad-a51e-f10ca6fb56ed does not exist. Creating ...
2019-09-10 18:32:53,124 [pool-87-thread-1] INFO  server.RaftServerConfigKeys (ConfUtils.java:logGet(43)) - raft.server.sleep.deviation.threshold = 300 (default)
2019-09-10 18:32:53,125 [pool-87-thread-1] INFO  server.RaftServerConfigKeys (ConfUtils.java:logGet(43)) - raft.server.log.appender.install.snapshot.enabled = false (custom)
2019-09-10 18:32:53,125 [pool-87-thread-1] INFO  impl.RaftServerImpl (ServerState.java:<init>(103)) - 7e7e06ff-ff15-4a73-bf67-b60124f5dbc2@group-F10CA6FB56ED: ConfigurationManager, init=-1: [7e7e06ff-ff15-4a73-bf67-b60124f5dbc2:192.168.5.139:37758, a5c56bc8-e609-4560-873f-c4715c8bfbf6:192.168.5.139:44770, dc34f224-6fe7-4a16-b3d0-41df1e51aada:192.168.5.139:40510], old=null, confs=<EMPTY_MAP>
2019-09-10 18:32:53,125 [pool-77-thread-1] INFO  impl.RaftServerImpl (RaftServerImpl.java:<init>(95)) - a5c56bc8-e609-4560-873f-c4715c8bfbf6: new RaftServerImpl for group-F10CA6FB56ED:[7e7e06ff-ff15-4a73-bf67-b60124f5dbc2:192.168.5.139:37758, a5c56bc8-e609-4560-873f-c4715c8bfbf6:192.168.5.139:44770, dc34f224-6fe7-4a16-b3d0-41df1e51aada:192.168.5.139:40510] with ContainerStateMachine:uninitialized
2019-09-10 18:32:53,125 [pool-87-thread-1] INFO  server.RaftServerConfigKeys (ConfUtils.java:logGet(43)) - raft.server.storage.dir = [/workdir/hadoop-ozone/integration-test/target/test-dir/MiniOzoneClusterImpl-34bd394c-9e3d-49fb-9b5f-f4de544d8d6b/datanode-6/data/ratis] (custom)
2019-09-10 18:32:53,125 [pool-77-thread-1] INFO  server.RaftServerConfigKeys (ConfUtils.java:logGet(43)) - raft.server.rpc.timeout.min = 1s (custom)
2019-09-10 18:32:53,126 [pool-77-thread-1] INFO  server.RaftServerConfigKeys (ConfUtils.java:logGet(43)) - raft.server.rpc.timeout.max = 1200ms (custom)
2019-09-10 18:32:53,126 [pool-87-thread-1] INFO  storage.RaftStorageDirectory (RaftStorageDirectory.java:analyzeStorage(246)) - The storage directory /workdir/hadoop-ozone/integration-test/target/test-dir/MiniOzoneClusterImpl-34bd394c-9e3d-49fb-9b5f-f4de544d8d6b/datanode-6/data/ratis/990742a9-49d4-45ad-a51e-f10ca6fb56ed does not exist. Creating ...
2019-09-10 18:32:53,126 [pool-77-thread-1] INFO  server.RaftServerConfigKeys (ConfUtils.java:logGet(43)) - raft.server.rpcslowness.timeout = 120s (custom)
2019-09-10 18:32:53,126 [pool-77-thread-1] INFO  server.RaftServerConfigKeys (ConfUtils.java:logGet(43)) - raft.server.sleep.deviation.threshold = 300 (default)
2019-09-10 18:32:53,126 [pool-77-thread-1] INFO  server.RaftServerConfigKeys (ConfUtils.java:logGet(43)) - raft.server.log.appender.install.snapshot.enabled = false (custom)
2019-09-10 18:32:53,127 [pool-77-thread-1] INFO  impl.RaftServerImpl (ServerState.java:<init>(103)) - a5c56bc8-e609-4560-873f-c4715c8bfbf6@group-F10CA6FB56ED: ConfigurationManager, init=-1: [7e7e06ff-ff15-4a73-bf67-b60124f5dbc2:192.168.5.139:37758, a5c56bc8-e609-4560-873f-c4715c8bfbf6:192.168.5.139:44770, dc34f224-6fe7-4a16-b3d0-41df1e51aada:192.168.5.139:40510], old=null, confs=<EMPTY_MAP>
2019-09-10 18:32:53,127 [pool-77-thread-1] INFO  server.RaftServerConfigKeys (ConfUtils.java:logGet(43)) - raft.server.storage.dir = [/workdir/hadoop-ozone/integration-test/target/test-dir/MiniOzoneClusterImpl-34bd394c-9e3d-49fb-9b5f-f4de544d8d6b/datanode-5/data/ratis] (custom)
2019-09-10 18:32:53,127 [pool-77-thread-1] INFO  storage.RaftStorageDirectory (RaftStorageDirectory.java:analyzeStorage(246)) - The storage directory /workdir/hadoop-ozone/integration-test/target/test-dir/MiniOzoneClusterImpl-34bd394c-9e3d-49fb-9b5f-f4de544d8d6b/datanode-5/data/ratis/990742a9-49d4-45ad-a51e-f10ca6fb56ed does not exist. Creating ...
2019-09-10 18:32:53,146 [pool-97-thread-1] INFO  storage.RaftStorageDirectory (RaftStorageDirectory.java:tryLock(328)) - Lock on /workdir/hadoop-ozone/integration-test/target/test-dir/MiniOzoneClusterImpl-34bd394c-9e3d-49fb-9b5f-f4de544d8d6b/datanode-7/data/ratis/990742a9-49d4-45ad-a51e-f10ca6fb56ed/in_use.lock acquired by nodename 32311@pr-hdds-1786-trunk-k6rzm-1803654198
2019-09-10 18:32:53,147 [pool-87-thread-1] INFO  storage.RaftStorageDirectory (RaftStorageDirectory.java:tryLock(328)) - Lock on /workdir/hadoop-ozone/integration-test/target/test-dir/MiniOzoneClusterImpl-34bd394c-9e3d-49fb-9b5f-f4de544d8d6b/datanode-6/data/ratis/990742a9-49d4-45ad-a51e-f10ca6fb56ed/in_use.lock acquired by nodename 32311@pr-hdds-1786-trunk-k6rzm-1803654198
2019-09-10 18:32:53,147 [pool-77-thread-1] INFO  storage.RaftStorageDirectory (RaftStorageDirectory.java:tryLock(328)) - Lock on /workdir/hadoop-ozone/integration-test/target/test-dir/MiniOzoneClusterImpl-34bd394c-9e3d-49fb-9b5f-f4de544d8d6b/datanode-5/data/ratis/990742a9-49d4-45ad-a51e-f10ca6fb56ed/in_use.lock acquired by nodename 32311@pr-hdds-1786-trunk-k6rzm-1803654198
2019-09-10 18:32:53,172 [pool-87-thread-1] INFO  storage.RaftStorage (RaftStorage.java:format(72)) - Storage directory /workdir/hadoop-ozone/integration-test/target/test-dir/MiniOzoneClusterImpl-34bd394c-9e3d-49fb-9b5f-f4de544d8d6b/datanode-6/data/ratis/990742a9-49d4-45ad-a51e-f10ca6fb56ed has been successfully formatted.
2019-09-10 18:32:53,172 [pool-77-thread-1] INFO  storage.RaftStorage (RaftStorage.java:format(72)) - Storage directory /workdir/hadoop-ozone/integration-test/target/test-dir/MiniOzoneClusterImpl-34bd394c-9e3d-49fb-9b5f-f4de544d8d6b/datanode-5/data/ratis/990742a9-49d4-45ad-a51e-f10ca6fb56ed has been successfully formatted.
2019-09-10 18:32:53,172 [pool-97-thread-1] INFO  storage.RaftStorage (RaftStorage.java:format(72)) - Storage directory /workdir/hadoop-ozone/integration-test/target/test-dir/MiniOzoneClusterImpl-34bd394c-9e3d-49fb-9b5f-f4de544d8d6b/datanode-7/data/ratis/990742a9-49d4-45ad-a51e-f10ca6fb56ed has been successfully formatted.
2019-09-10 18:32:53,173 [pool-87-thread-1] INFO  ratis.ContainerStateMachine (ContainerStateMachine.java:loadSnapshot(230)) - group-F10CA6FB56ED: The snapshot info is null. Setting the last applied indexto:(t:0, i:~)
2019-09-10 18:32:53,173 [pool-97-thread-1] INFO  ratis.ContainerStateMachine (ContainerStateMachine.java:loadSnapshot(230)) - group-F10CA6FB56ED: The snapshot info is null. Setting the last applied indexto:(t:0, i:~)
2019-09-10 18:32:53,173 [pool-77-thread-1] INFO  ratis.ContainerStateMachine (ContainerStateMachine.java:loadSnapshot(230)) - group-F10CA6FB56ED: The snapshot info is null. Setting the last applied indexto:(t:0, i:~)
2019-09-10 18:32:53,173 [pool-97-thread-1] INFO  server.RaftServerConfigKeys (ConfUtils.java:logGet(43)) - raft.server.notification.no-leader.timeout = 120s (custom)
2019-09-10 18:32:53,173 [pool-87-thread-1] INFO  server.RaftServerConfigKeys (ConfUtils.java:logGet(43)) - raft.server.notification.no-leader.timeout = 120s (custom)
2019-09-10 18:32:53,173 [pool-97-thread-1] INFO  server.RaftServerConfigKeys (ConfUtils.java:logGet(43)) - raft.server.log.use.memory = false (default)
2019-09-10 18:32:53,173 [pool-77-thread-1] INFO  server.RaftServerConfigKeys (ConfUtils.java:logGet(43)) - raft.server.notification.no-leader.timeout = 120s (custom)
2019-09-10 18:32:53,174 [pool-97-thread-1] INFO  server.RaftServerConfigKeys (ConfUtils.java:logGet(43)) - raft.server.log.purge.gap = 1000000 (custom)
2019-09-10 18:32:53,173 [pool-87-thread-1] INFO  server.RaftServerConfigKeys (ConfUtils.java:logGet(43)) - raft.server.log.use.memory = false (default)
2019-09-10 18:32:53,174 [pool-97-thread-1] INFO  server.RaftServerConfigKeys (ConfUtils.java:logGet(43)) - raft.server.log.appender.buffer.byte-limit = 33554432 (custom)
2019-09-10 18:32:53,174 [pool-77-thread-1] INFO  server.RaftServerConfigKeys (ConfUtils.java:logGet(43)) - raft.server.log.use.memory = false (default)
2019-09-10 18:32:53,174 [pool-97-thread-1] INFO  server.RaftServerConfigKeys (ConfUtils.java:logGet(43)) - raft.server.log.segment.size.max = 1048576 (custom)
2019-09-10 18:32:53,174 [pool-87-thread-1] INFO  server.RaftServerConfigKeys (ConfUtils.java:logGet(43)) - raft.server.log.purge.gap = 1000000 (custom)
2019-09-10 18:32:53,174 [pool-97-thread-1] INFO  server.RaftServerConfigKeys (ConfUtils.java:logGet(43)) - raft.server.log.segment.cache.num.max = 2 (custom)
2019-09-10 18:32:53,174 [pool-77-thread-1] INFO  server.RaftServerConfigKeys (ConfUtils.java:logGet(43)) - raft.server.log.purge.gap = 1000000 (custom)
2019-09-10 18:32:53,175 [pool-97-thread-1] INFO  segmented.SegmentedRaftLogWorker (SegmentedRaftLogWorker.java:<init>(172)) - new dc34f224-6fe7-4a16-b3d0-41df1e51aada@group-F10CA6FB56ED-SegmentedRaftLogWorker for RaftStorage:Storage Directory /workdir/hadoop-ozone/integration-test/target/test-dir/MiniOzoneClusterImpl-34bd394c-9e3d-49fb-9b5f-f4de544d8d6b/datanode-7/data/ratis/990742a9-49d4-45ad-a51e-f10ca6fb56ed
2019-09-10 18:32:53,175 [pool-87-thread-1] INFO  server.RaftServerConfigKeys (ConfUtils.java:logGet(43)) - raft.server.log.appender.buffer.byte-limit = 33554432 (custom)
2019-09-10 18:32:53,175 [pool-97-thread-1] INFO  server.RaftServerConfigKeys (ConfUtils.java:logGet(43)) - raft.server.log.queue.byte-limit = 2147483647 (custom)
2019-09-10 18:32:53,175 [pool-77-thread-1] INFO  server.RaftServerConfigKeys (ConfUtils.java:logGet(43)) - raft.server.log.appender.buffer.byte-limit = 33554432 (custom)
2019-09-10 18:32:53,175 [pool-97-thread-1] INFO  server.RaftServerConfigKeys (ConfUtils.java:logGet(43)) - raft.server.log.queue.element-limit = 1024 (custom)
2019-09-10 18:32:53,175 [pool-87-thread-1] INFO  server.RaftServerConfigKeys (ConfUtils.java:logGet(43)) - raft.server.log.segment.size.max = 1048576 (custom)
2019-09-10 18:32:53,176 [pool-97-thread-1] INFO  server.RaftServerConfigKeys (ConfUtils.java:logGet(43)) - raft.server.log.segment.size.max = 1048576 (custom)
2019-09-10 18:32:53,176 [pool-77-thread-1] INFO  server.RaftServerConfigKeys (ConfUtils.java:logGet(43)) - raft.server.log.segment.size.max = 1048576 (custom)
2019-09-10 18:32:53,176 [pool-97-thread-1] INFO  server.RaftServerConfigKeys (ConfUtils.java:logGet(43)) - raft.server.log.preallocated.size = 16384 (custom)
2019-09-10 18:32:53,176 [pool-87-thread-1] INFO  server.RaftServerConfigKeys (ConfUtils.java:logGet(43)) - raft.server.log.segment.cache.num.max = 2 (custom)
2019-09-10 18:32:53,176 [pool-97-thread-1] INFO  server.RaftServerConfigKeys (ConfUtils.java:logGet(43)) - raft.server.log.write.buffer.size = 33554432 (custom)
2019-09-10 18:32:53,176 [pool-77-thread-1] INFO  server.RaftServerConfigKeys (ConfUtils.java:logGet(43)) - raft.server.log.segment.cache.num.max = 2 (custom)
2019-09-10 18:32:53,177 [pool-97-thread-1] INFO  server.RaftServerConfigKeys (ConfUtils.java:logGet(43)) - raft.server.log.force.sync.num = 128 (default)
2019-09-10 18:32:53,176 [pool-87-thread-1] INFO  segmented.SegmentedRaftLogWorker (SegmentedRaftLogWorker.java:<init>(172)) - new 7e7e06ff-ff15-4a73-bf67-b60124f5dbc2@group-F10CA6FB56ED-SegmentedRaftLogWorker for RaftStorage:Storage Directory /workdir/hadoop-ozone/integration-test/target/test-dir/MiniOzoneClusterImpl-34bd394c-9e3d-49fb-9b5f-f4de544d8d6b/datanode-6/data/ratis/990742a9-49d4-45ad-a51e-f10ca6fb56ed
2019-09-10 18:32:53,177 [pool-97-thread-1] INFO  server.RaftServerConfigKeys (ConfUtils.java:logGet(43)) - raft.server.log.statemachine.data.sync = true (default)
2019-09-10 18:32:53,177 [pool-77-thread-1] INFO  segmented.SegmentedRaftLogWorker (SegmentedRaftLogWorker.java:<init>(172)) - new a5c56bc8-e609-4560-873f-c4715c8bfbf6@group-F10CA6FB56ED-SegmentedRaftLogWorker for RaftStorage:Storage Directory /workdir/hadoop-ozone/integration-test/target/test-dir/MiniOzoneClusterImpl-34bd394c-9e3d-49fb-9b5f-f4de544d8d6b/datanode-5/data/ratis/990742a9-49d4-45ad-a51e-f10ca6fb56ed
2019-09-10 18:32:53,177 [pool-97-thread-1] INFO  server.RaftServerConfigKeys (ConfUtils.java:logGet(43)) - raft.server.log.statemachine.data.sync.timeout = 10s (default)
2019-09-10 18:32:53,177 [pool-87-thread-1] INFO  server.RaftServerConfigKeys (ConfUtils.java:logGet(43)) - raft.server.log.queue.byte-limit = 2147483647 (custom)
2019-09-10 18:32:53,178 [pool-97-thread-1] INFO  server.RaftServerConfigKeys (ConfUtils.java:logGet(43)) - raft.server.log.statemachine.data.sync.timeout.retry = -1 (default)
2019-09-10 18:32:53,177 [pool-77-thread-1] INFO  server.RaftServerConfigKeys (ConfUtils.java:logGet(43)) - raft.server.log.queue.byte-limit = 2147483647 (custom)
2019-09-10 18:32:53,178 [pool-97-thread-1] INFO  server.RaftServerConfigKeys (ConfUtils.java:logGet(43)) - raft.server.log.statemachine.data.caching.enabled = true (custom)
2019-09-10 18:32:53,178 [pool-87-thread-1] INFO  server.RaftServerConfigKeys (ConfUtils.java:logGet(43)) - raft.server.log.queue.element-limit = 1024 (custom)
2019-09-10 18:32:53,178 [pool-77-thread-1] INFO  server.RaftServerConfigKeys (ConfUtils.java:logGet(43)) - raft.server.log.queue.element-limit = 1024 (custom)
2019-09-10 18:32:53,178 [pool-97-thread-1] INFO  segmented.SegmentedRaftLogWorker (SegmentedRaftLogWorker.java:lambda$new$0(132)) - dc34f224-6fe7-4a16-b3d0-41df1e51aada@group-F10CA6FB56ED-SegmentedRaftLogWorker: flushIndex: setUnconditionally 0 -> -1
2019-09-10 18:32:53,178 [pool-87-thread-1] INFO  server.RaftServerConfigKeys (ConfUtils.java:logGet(43)) - raft.server.log.segment.size.max = 1048576 (custom)
2019-09-10 18:32:53,178 [pool-77-thread-1] INFO  server.RaftServerConfigKeys (ConfUtils.java:logGet(43)) - raft.server.log.segment.size.max = 1048576 (custom)
2019-09-10 18:32:53,179 [pool-97-thread-1] INFO  server.RaftServerConfigKeys (ConfUtils.java:logGet(43)) - raft.server.snapshot.auto.trigger.enabled = true (custom)
2019-09-10 18:32:53,179 [pool-87-thread-1] INFO  server.RaftServerConfigKeys (ConfUtils.java:logGet(43)) - raft.server.log.preallocated.size = 16384 (custom)
2019-09-10 18:32:53,179 [pool-97-thread-1] INFO  server.RaftServerConfigKeys (ConfUtils.java:logGet(43)) - raft.server.snapshot.auto.trigger.threshold = 10000 (custom)
2019-09-10 18:32:53,179 [pool-77-thread-1] INFO  server.RaftServerConfigKeys (ConfUtils.java:logGet(43)) - raft.server.log.preallocated.size = 16384 (custom)
2019-09-10 18:32:53,179 [pool-97-thread-1] INFO  server.RaftServerConfigKeys (ConfUtils.java:logGet(43)) - raft.server.snapshot.retention.num.files = 5 (custom)
2019-09-10 18:32:53,179 [pool-87-thread-1] INFO  server.RaftServerConfigKeys (ConfUtils.java:logGet(43)) - raft.server.log.write.buffer.size = 33554432 (custom)
2019-09-10 18:32:53,179 [pool-77-thread-1] INFO  server.RaftServerConfigKeys (ConfUtils.java:logGet(43)) - raft.server.log.write.buffer.size = 33554432 (custom)
2019-09-10 18:32:53,180 [pool-87-thread-1] INFO  server.RaftServerConfigKeys (ConfUtils.java:logGet(43)) - raft.server.log.force.sync.num = 128 (default)
2019-09-10 18:32:53,180 [pool-97-thread-1] INFO  server.RaftServerConfigKeys (ConfUtils.java:logGet(43)) - raft.server.retrycache.expirytime = 600000ms (custom)
2019-09-10 18:32:53,180 [pool-87-thread-1] INFO  server.RaftServerConfigKeys (ConfUtils.java:logGet(43)) - raft.server.log.statemachine.data.sync = true (default)
2019-09-10 18:32:53,180 [pool-77-thread-1] INFO  server.RaftServerConfigKeys (ConfUtils.java:logGet(43)) - raft.server.log.force.sync.num = 128 (default)
2019-09-10 18:32:53,180 [pool-87-thread-1] INFO  server.RaftServerConfigKeys (ConfUtils.java:logGet(43)) - raft.server.log.statemachine.data.sync.timeout = 10s (default)
2019-09-10 18:32:53,180 [pool-77-thread-1] INFO  server.RaftServerConfigKeys (ConfUtils.java:logGet(43)) - raft.server.log.statemachine.data.sync = true (default)
2019-09-10 18:32:53,180 [pool-87-thread-1] INFO  server.RaftServerConfigKeys (ConfUtils.java:logGet(43)) - raft.server.log.statemachine.data.sync.timeout.retry = -1 (default)
2019-09-10 18:32:53,181 [pool-77-thread-1] INFO  server.RaftServerConfigKeys (ConfUtils.java:logGet(43)) - raft.server.log.statemachine.data.sync.timeout = 10s (default)
2019-09-10 18:32:53,181 [pool-87-thread-1] INFO  server.RaftServerConfigKeys (ConfUtils.java:logGet(43)) - raft.server.log.statemachine.data.caching.enabled = true (custom)
2019-09-10 18:32:53,181 [pool-77-thread-1] INFO  server.RaftServerConfigKeys (ConfUtils.java:logGet(43)) - raft.server.log.statemachine.data.sync.timeout.retry = -1 (default)
2019-09-10 18:32:53,181 [pool-77-thread-1] INFO  server.RaftServerConfigKeys (ConfUtils.java:logGet(43)) - raft.server.log.statemachine.data.caching.enabled = true (custom)
2019-09-10 18:32:53,181 [pool-87-thread-1] INFO  segmented.SegmentedRaftLogWorker (SegmentedRaftLogWorker.java:lambda$new$0(132)) - 7e7e06ff-ff15-4a73-bf67-b60124f5dbc2@group-F10CA6FB56ED-SegmentedRaftLogWorker: flushIndex: setUnconditionally 0 -> -1
2019-09-10 18:32:53,182 [pool-77-thread-1] INFO  segmented.SegmentedRaftLogWorker (SegmentedRaftLogWorker.java:lambda$new$0(132)) - a5c56bc8-e609-4560-873f-c4715c8bfbf6@group-F10CA6FB56ED-SegmentedRaftLogWorker: flushIndex: setUnconditionally 0 -> -1
2019-09-10 18:32:53,182 [pool-87-thread-1] INFO  server.RaftServerConfigKeys (ConfUtils.java:logGet(43)) - raft.server.snapshot.auto.trigger.enabled = true (custom)
2019-09-10 18:32:53,182 [pool-77-thread-1] INFO  server.RaftServerConfigKeys (ConfUtils.java:logGet(43)) - raft.server.snapshot.auto.trigger.enabled = true (custom)
2019-09-10 18:32:53,182 [pool-87-thread-1] INFO  server.RaftServerConfigKeys (ConfUtils.java:logGet(43)) - raft.server.snapshot.auto.trigger.threshold = 10000 (custom)
2019-09-10 18:32:53,182 [pool-77-thread-1] INFO  server.RaftServerConfigKeys (ConfUtils.java:logGet(43)) - raft.server.snapshot.auto.trigger.threshold = 10000 (custom)
2019-09-10 18:32:53,182 [pool-87-thread-1] INFO  server.RaftServerConfigKeys (ConfUtils.java:logGet(43)) - raft.server.snapshot.retention.num.files = 5 (custom)
2019-09-10 18:32:53,183 [pool-77-thread-1] INFO  server.RaftServerConfigKeys (ConfUtils.java:logGet(43)) - raft.server.snapshot.retention.num.files = 5 (custom)
2019-09-10 18:32:53,183 [pool-87-thread-1] INFO  server.RaftServerConfigKeys (ConfUtils.java:logGet(43)) - raft.server.retrycache.expirytime = 600000ms (custom)
2019-09-10 18:32:53,183 [pool-77-thread-1] INFO  server.RaftServerConfigKeys (ConfUtils.java:logGet(43)) - raft.server.retrycache.expirytime = 600000ms (custom)
2019-09-10 18:32:53,183 [pool-97-thread-1] INFO  impl.RaftServerImpl (RaftServerImpl.java:start(185)) - dc34f224-6fe7-4a16-b3d0-41df1e51aada@group-F10CA6FB56ED: start as a follower, conf=-1: [7e7e06ff-ff15-4a73-bf67-b60124f5dbc2:192.168.5.139:37758, a5c56bc8-e609-4560-873f-c4715c8bfbf6:192.168.5.139:44770, dc34f224-6fe7-4a16-b3d0-41df1e51aada:192.168.5.139:40510], old=null
2019-09-10 18:32:53,183 [pool-97-thread-1] INFO  impl.RaftServerImpl (RaftServerImpl.java:setRole(174)) - dc34f224-6fe7-4a16-b3d0-41df1e51aada@group-F10CA6FB56ED: changes role from      null to FOLLOWER at term 0 for startAsFollower
2019-09-10 18:32:53,184 [pool-97-thread-1] INFO  impl.RoleInfo (RoleInfo.java:updateAndGet(143)) - dc34f224-6fe7-4a16-b3d0-41df1e51aada: start FollowerState
2019-09-10 18:32:53,184 [pool-97-thread-1] INFO  util.JmxRegister (JmxRegister.java:tryRegister(44)) - Successfully registered JMX Bean with object name Ratis:service=RaftServer,group=group-F10CA6FB56ED,id=dc34f224-6fe7-4a16-b3d0-41df1e51aada
2019-09-10 18:32:53,203 [pool-87-thread-1] INFO  impl.RaftServerImpl (RaftServerImpl.java:start(185)) - 7e7e06ff-ff15-4a73-bf67-b60124f5dbc2@group-F10CA6FB56ED: start as a follower, conf=-1: [7e7e06ff-ff15-4a73-bf67-b60124f5dbc2:192.168.5.139:37758, a5c56bc8-e609-4560-873f-c4715c8bfbf6:192.168.5.139:44770, dc34f224-6fe7-4a16-b3d0-41df1e51aada:192.168.5.139:40510], old=null
2019-09-10 18:32:53,203 [pool-87-thread-1] INFO  impl.RaftServerImpl (RaftServerImpl.java:setRole(174)) - 7e7e06ff-ff15-4a73-bf67-b60124f5dbc2@group-F10CA6FB56ED: changes role from      null to FOLLOWER at term 0 for startAsFollower
2019-09-10 18:32:53,203 [pool-77-thread-1] INFO  impl.RaftServerImpl (RaftServerImpl.java:start(185)) - a5c56bc8-e609-4560-873f-c4715c8bfbf6@group-F10CA6FB56ED: start as a follower, conf=-1: [7e7e06ff-ff15-4a73-bf67-b60124f5dbc2:192.168.5.139:37758, a5c56bc8-e609-4560-873f-c4715c8bfbf6:192.168.5.139:44770, dc34f224-6fe7-4a16-b3d0-41df1e51aada:192.168.5.139:40510], old=null
2019-09-10 18:32:53,203 [pool-87-thread-1] INFO  impl.RoleInfo (RoleInfo.java:updateAndGet(143)) - 7e7e06ff-ff15-4a73-bf67-b60124f5dbc2: start FollowerState
2019-09-10 18:32:53,204 [pool-87-thread-1] INFO  util.JmxRegister (JmxRegister.java:tryRegister(44)) - Successfully registered JMX Bean with object name Ratis:service=RaftServer,group=group-F10CA6FB56ED,id=7e7e06ff-ff15-4a73-bf67-b60124f5dbc2
2019-09-10 18:32:53,203 [pool-77-thread-1] INFO  impl.RaftServerImpl (RaftServerImpl.java:setRole(174)) - a5c56bc8-e609-4560-873f-c4715c8bfbf6@group-F10CA6FB56ED: changes role from      null to FOLLOWER at term 0 for startAsFollower
2019-09-10 18:32:53,207 [pool-77-thread-1] INFO  impl.RoleInfo (RoleInfo.java:updateAndGet(143)) - a5c56bc8-e609-4560-873f-c4715c8bfbf6: start FollowerState
2019-09-10 18:32:53,207 [pool-77-thread-1] INFO  util.JmxRegister (JmxRegister.java:tryRegister(44)) - Successfully registered JMX Bean with object name Ratis:service=RaftServer,group=group-F10CA6FB56ED,id=a5c56bc8-e609-4560-873f-c4715c8bfbf6
2019-09-10 18:32:53,216 [RatisPipelineUtilsThread] INFO  pipeline.PipelineStateManager (PipelineStateManager.java:addPipeline(56)) - Created pipeline Pipeline[ Id: 990742a9-49d4-45ad-a51e-f10ca6fb56ed, Nodes: dc34f224-6fe7-4a16-b3d0-41df1e51aada{ip: 192.168.5.139, host: pr-hdds-1786-trunk-k6rzm-1803654198, networkLocation: /default-rack, certSerialId: null}7e7e06ff-ff15-4a73-bf67-b60124f5dbc2{ip: 192.168.5.139, host: pr-hdds-1786-trunk-k6rzm-1803654198, networkLocation: /default-rack, certSerialId: null}a5c56bc8-e609-4560-873f-c4715c8bfbf6{ip: 192.168.5.139, host: pr-hdds-1786-trunk-k6rzm-1803654198, networkLocation: /default-rack, certSerialId: null}, Type:RATIS, Factor:THREE, State:OPEN]
2019-09-10 18:32:53,223 [Thread-294] INFO  impl.FollowerState (FollowerState.java:run(106)) - 166d57fa-ec73-4a99-b6df-0ab3ad0d7909:group-5FBA8DCEBC14 changes to CANDIDATE, lastRpcTime:1134, electionTimeout:1134ms
2019-09-10 18:32:53,229 [Thread-294] INFO  impl.RoleInfo (RoleInfo.java:shutdownFollowerState(121)) - 166d57fa-ec73-4a99-b6df-0ab3ad0d7909: shutdown FollowerState
2019-09-10 18:32:53,229 [Thread-294] INFO  impl.RaftServerImpl (RaftServerImpl.java:setRole(174)) - 166d57fa-ec73-4a99-b6df-0ab3ad0d7909@group-5FBA8DCEBC14: changes role from  FOLLOWER to CANDIDATE at term 0 for changeToCandidate
2019-09-10 18:32:53,229 [Thread-294] INFO  impl.RoleInfo (RoleInfo.java:updateAndGet(143)) - 166d57fa-ec73-4a99-b6df-0ab3ad0d7909: start LeaderElection
2019-09-10 18:32:53,235 [Thread-297] INFO  impl.FollowerState (FollowerState.java:run(106)) - dc34f224-6fe7-4a16-b3d0-41df1e51aada:group-B87C7F8F1F2D changes to CANDIDATE, lastRpcTime:1048, electionTimeout:1047ms
2019-09-10 18:32:53,280 [Thread-297] INFO  impl.RoleInfo (RoleInfo.java:shutdownFollowerState(121)) - dc34f224-6fe7-4a16-b3d0-41df1e51aada: shutdown FollowerState
2019-09-10 18:32:53,283 [Thread-297] INFO  impl.RaftServerImpl (RaftServerImpl.java:setRole(174)) - dc34f224-6fe7-4a16-b3d0-41df1e51aada@group-B87C7F8F1F2D: changes role from  FOLLOWER to CANDIDATE at term 0 for changeToCandidate
2019-09-10 18:32:53,283 [Thread-297] INFO  impl.RoleInfo (RoleInfo.java:updateAndGet(143)) - dc34f224-6fe7-4a16-b3d0-41df1e51aada: start LeaderElection
2019-09-10 18:32:53,298 [grpc-default-executor-0] INFO  impl.RaftServerProxy (RaftServerProxy.java:addNew(89)) - fc430ad7-c10f-4afd-84a3-4263b60fc3a5: addNew group-C790A911BCD5:[f9c92805-78f9-4aa2-ad11-0f5c06c060e3:192.168.5.139:43690, 59afee6f-3342-47f6-8cd2-a67165187773:192.168.5.139:42383, fc430ad7-c10f-4afd-84a3-4263b60fc3a5:192.168.5.139:34501] returns group-C790A911BCD5:java.util.concurrent.CompletableFuture@7d92b8a5[Not completed]
2019-09-10 18:32:53,300 [grpc-default-executor-1] INFO  impl.RaftServerProxy (RaftServerProxy.java:addNew(89)) - f9c92805-78f9-4aa2-ad11-0f5c06c060e3: addNew group-C790A911BCD5:[f9c92805-78f9-4aa2-ad11-0f5c06c060e3:192.168.5.139:43690, 59afee6f-3342-47f6-8cd2-a67165187773:192.168.5.139:42383, fc430ad7-c10f-4afd-84a3-4263b60fc3a5:192.168.5.139:34501] returns group-C790A911BCD5:java.util.concurrent.CompletableFuture@5998962a[Not completed]
2019-09-10 18:32:53,301 [grpc-default-executor-2] INFO  impl.RaftServerProxy (RaftServerProxy.java:addNew(89)) - 59afee6f-3342-47f6-8cd2-a67165187773: addNew group-C790A911BCD5:[f9c92805-78f9-4aa2-ad11-0f5c06c060e3:192.168.5.139:43690, 59afee6f-3342-47f6-8cd2-a67165187773:192.168.5.139:42383, fc430ad7-c10f-4afd-84a3-4263b60fc3a5:192.168.5.139:34501] returns group-C790A911BCD5:java.util.concurrent.CompletableFuture@7f18afd3[Not completed]
2019-09-10 18:32:53,301 [114338b4-3ae2-46b3-98b7-a583d2a0bf23@group-E68311B11822-SegmentedRaftLogWorker] INFO  segmented.SegmentedRaftLogWorker (SegmentedRaftLogWorker.java:execute(569)) - 114338b4-3ae2-46b3-98b7-a583d2a0bf23@group-E68311B11822-SegmentedRaftLogWorker: created new log segment /workdir/hadoop-ozone/integration-test/target/test-dir/MiniOzoneClusterImpl-34bd394c-9e3d-49fb-9b5f-f4de544d8d6b/datanode-1/data/ratis/5688654a-0622-479d-8391-e68311b11822/current/log_inprogress_0
2019-09-10 18:32:53,301 [43b8dda0-1fac-498c-94e0-436a32ed8ccd@group-C33457F8591A-SegmentedRaftLogWorker] INFO  segmented.SegmentedRaftLogWorker (SegmentedRaftLogWorker.java:execute(569)) - 43b8dda0-1fac-498c-94e0-436a32ed8ccd@group-C33457F8591A-SegmentedRaftLogWorker: created new log segment /workdir/hadoop-ozone/integration-test/target/test-dir/MiniOzoneClusterImpl-34bd394c-9e3d-49fb-9b5f-f4de544d8d6b/datanode-8/data/ratis/4cbccf86-b055-4fb1-98a3-c33457f8591a/current/log_inprogress_0
2019-09-10 18:32:53,301 [166d57fa-ec73-4a99-b6df-0ab3ad0d7909@group-5FBA8DCEBC14:LeaderElection4] INFO  impl.LeaderElection (LeaderElection.java:askForVotes(182)) - 166d57fa-ec73-4a99-b6df-0ab3ad0d7909@group-5FBA8DCEBC14:LeaderElection4: begin an election at term 1 for -1: [166d57fa-ec73-4a99-b6df-0ab3ad0d7909:192.168.5.139:39780], old=null
2019-09-10 18:32:53,302 [166d57fa-ec73-4a99-b6df-0ab3ad0d7909@group-5FBA8DCEBC14:LeaderElection4] INFO  impl.RoleInfo (RoleInfo.java:shutdownLeaderElection(134)) - 166d57fa-ec73-4a99-b6df-0ab3ad0d7909: shutdown LeaderElection
2019-09-10 18:32:53,301 [dc34f224-6fe7-4a16-b3d0-41df1e51aada@group-B87C7F8F1F2D:LeaderElection5] INFO  impl.LeaderElection (LeaderElection.java:askForVotes(182)) - dc34f224-6fe7-4a16-b3d0-41df1e51aada@group-B87C7F8F1F2D:LeaderElection5: begin an election at term 1 for -1: [dc34f224-6fe7-4a16-b3d0-41df1e51aada:192.168.5.139:40510], old=null
2019-09-10 18:32:53,301 [59afee6f-3342-47f6-8cd2-a67165187773@group-BCBF04B8F1C4-SegmentedRaftLogWorker] INFO  segmented.SegmentedRaftLogWorker (SegmentedRaftLogWorker.java:execute(569)) - 59afee6f-3342-47f6-8cd2-a67165187773@group-BCBF04B8F1C4-SegmentedRaftLogWorker: created new log segment /workdir/hadoop-ozone/integration-test/target/test-dir/MiniOzoneClusterImpl-34bd394c-9e3d-49fb-9b5f-f4de544d8d6b/datanode-0/data/ratis/d74e2245-fb22-415b-9d4e-bcbf04b8f1c4/current/log_inprogress_0
2019-09-10 18:32:53,302 [dc34f224-6fe7-4a16-b3d0-41df1e51aada@group-B87C7F8F1F2D:LeaderElection5] INFO  impl.RoleInfo (RoleInfo.java:shutdownLeaderElection(134)) - dc34f224-6fe7-4a16-b3d0-41df1e51aada: shutdown LeaderElection
2019-09-10 18:32:53,302 [166d57fa-ec73-4a99-b6df-0ab3ad0d7909@group-5FBA8DCEBC14:LeaderElection4] INFO  impl.RaftServerImpl (RaftServerImpl.java:setRole(174)) - 166d57fa-ec73-4a99-b6df-0ab3ad0d7909@group-5FBA8DCEBC14: changes role from CANDIDATE to LEADER at term 1 for changeToLeader
2019-09-10 18:32:53,302 [dc34f224-6fe7-4a16-b3d0-41df1e51aada@group-B87C7F8F1F2D:LeaderElection5] INFO  impl.RaftServerImpl (RaftServerImpl.java:setRole(174)) - dc34f224-6fe7-4a16-b3d0-41df1e51aada@group-B87C7F8F1F2D: changes role from CANDIDATE to LEADER at term 1 for changeToLeader
2019-09-10 18:32:53,302 [166d57fa-ec73-4a99-b6df-0ab3ad0d7909@group-5FBA8DCEBC14:LeaderElection4] INFO  impl.RaftServerImpl (ServerState.java:setLeader(253)) - 166d57fa-ec73-4a99-b6df-0ab3ad0d7909@group-5FBA8DCEBC14: change Leader from null to 166d57fa-ec73-4a99-b6df-0ab3ad0d7909 at term 1 for becomeLeader, leader elected after 1231ms
2019-09-10 18:32:53,303 [dc34f224-6fe7-4a16-b3d0-41df1e51aada@group-B87C7F8F1F2D:LeaderElection5] INFO  impl.RaftServerImpl (ServerState.java:setLeader(253)) - dc34f224-6fe7-4a16-b3d0-41df1e51aada@group-B87C7F8F1F2D: change Leader from null to dc34f224-6fe7-4a16-b3d0-41df1e51aada at term 1 for becomeLeader, leader elected after 1130ms
2019-09-10 18:32:53,303 [dc34f224-6fe7-4a16-b3d0-41df1e51aada@group-B87C7F8F1F2D:LeaderElection5] INFO  server.RaftServerConfigKeys (ConfUtils.java:logGet(43)) - raft.server.staging.catchup.gap = 1000 (default)
2019-09-10 18:32:53,303 [pool-117-thread-1] INFO  impl.RaftServerImpl (RaftServerImpl.java:<init>(95)) - fc430ad7-c10f-4afd-84a3-4263b60fc3a5: new RaftServerImpl for group-C790A911BCD5:[f9c92805-78f9-4aa2-ad11-0f5c06c060e3:192.168.5.139:43690, 59afee6f-3342-47f6-8cd2-a67165187773:192.168.5.139:42383, fc430ad7-c10f-4afd-84a3-4263b60fc3a5:192.168.5.139:34501] with ContainerStateMachine:uninitialized
2019-09-10 18:32:53,303 [166d57fa-ec73-4a99-b6df-0ab3ad0d7909@group-5FBA8DCEBC14:LeaderElection4] INFO  server.RaftServerConfigKeys (ConfUtils.java:logGet(43)) - raft.server.staging.catchup.gap = 1000 (default)
2019-09-10 18:32:53,305 [pool-117-thread-1] INFO  server.RaftServerConfigKeys (ConfUtils.java:logGet(43)) - raft.server.rpc.timeout.min = 1s (custom)
2019-09-10 18:32:53,303 [dc34f224-6fe7-4a16-b3d0-41df1e51aada@group-B87C7F8F1F2D:LeaderElection5] INFO  server.RaftServerConfigKeys (ConfUtils.java:logGet(43)) - raft.server.rpc.sleep.time = 25ms (default)
2019-09-10 18:32:53,305 [pool-117-thread-1] INFO  server.RaftServerConfigKeys (ConfUtils.java:logGet(43)) - raft.server.rpc.timeout.max = 1200ms (custom)
2019-09-10 18:32:53,305 [166d57fa-ec73-4a99-b6df-0ab3ad0d7909@group-5FBA8DCEBC14:LeaderElection4] INFO  server.RaftServerConfigKeys (ConfUtils.java:logGet(43)) - raft.server.rpc.sleep.time = 25ms (default)
2019-09-10 18:32:53,306 [pool-117-thread-1] INFO  server.RaftServerConfigKeys (ConfUtils.java:logGet(43)) - raft.server.rpcslowness.timeout = 120s (custom)
2019-09-10 18:32:53,305 [dc34f224-6fe7-4a16-b3d0-41df1e51aada@group-B87C7F8F1F2D:LeaderElection5] INFO  server.RaftServerConfigKeys (ConfUtils.java:logGet(43)) - raft.server.write.element-limit = 4096 (default)
2019-09-10 18:32:53,306 [pool-117-thread-1] INFO  server.RaftServerConfigKeys (ConfUtils.java:logGet(43)) - raft.server.sleep.deviation.threshold = 300 (default)
2019-09-10 18:32:53,306 [166d57fa-ec73-4a99-b6df-0ab3ad0d7909@group-5FBA8DCEBC14:LeaderElection4] INFO  server.RaftServerConfigKeys (ConfUtils.java:logGet(43)) - raft.server.write.element-limit = 4096 (default)
2019-09-10 18:32:53,311 [pool-117-thread-1] INFO  server.RaftServerConfigKeys (ConfUtils.java:logGet(43)) - raft.server.log.appender.install.snapshot.enabled = false (custom)
2019-09-10 18:32:53,311 [dc34f224-6fe7-4a16-b3d0-41df1e51aada@group-B87C7F8F1F2D:LeaderElection5] INFO  server.RaftServerConfigKeys (ConfUtils.java:logGet(43)) - raft.server.watch.timeout = 10s (default)
2019-09-10 18:32:53,311 [pool-117-thread-1] INFO  impl.RaftServerImpl (ServerState.java:<init>(103)) - fc430ad7-c10f-4afd-84a3-4263b60fc3a5@group-C790A911BCD5: ConfigurationManager, init=-1: [f9c92805-78f9-4aa2-ad11-0f5c06c060e3:192.168.5.139:43690, 59afee6f-3342-47f6-8cd2-a67165187773:192.168.5.139:42383, fc430ad7-c10f-4afd-84a3-4263b60fc3a5:192.168.5.139:34501], old=null, confs=<EMPTY_MAP>
2019-09-10 18:32:53,311 [pool-67-thread-1] INFO  impl.RaftServerImpl (RaftServerImpl.java:<init>(95)) - f9c92805-78f9-4aa2-ad11-0f5c06c060e3: new RaftServerImpl for group-C790A911BCD5:[f9c92805-78f9-4aa2-ad11-0f5c06c060e3:192.168.5.139:43690, 59afee6f-3342-47f6-8cd2-a67165187773:192.168.5.139:42383, fc430ad7-c10f-4afd-84a3-4263b60fc3a5:192.168.5.139:34501] with ContainerStateMachine:uninitialized
2019-09-10 18:32:53,311 [166d57fa-ec73-4a99-b6df-0ab3ad0d7909@group-5FBA8DCEBC14:LeaderElection4] INFO  server.RaftServerConfigKeys (ConfUtils.java:logGet(43)) - raft.server.watch.timeout = 10s (default)
2019-09-10 18:32:53,312 [pool-67-thread-1] INFO  server.RaftServerConfigKeys (ConfUtils.java:logGet(43)) - raft.server.rpc.timeout.min = 1s (custom)
2019-09-10 18:32:53,311 [pool-117-thread-1] INFO  server.RaftServerConfigKeys (ConfUtils.java:logGet(43)) - raft.server.storage.dir = [/workdir/hadoop-ozone/integration-test/target/test-dir/MiniOzoneClusterImpl-34bd394c-9e3d-49fb-9b5f-f4de544d8d6b/datanode-9/data/ratis] (custom)
2019-09-10 18:32:53,311 [dc34f224-6fe7-4a16-b3d0-41df1e51aada@group-B87C7F8F1F2D:LeaderElection5] INFO  server.RaftServerConfigKeys (ConfUtils.java:logGet(43)) - raft.server.watch.timeout.denomination = 1s (default)
2019-09-10 18:32:53,312 [pool-67-thread-1] INFO  server.RaftServerConfigKeys (ConfUtils.java:logGet(43)) - raft.server.rpc.timeout.max = 1200ms (custom)
2019-09-10 18:32:53,312 [166d57fa-ec73-4a99-b6df-0ab3ad0d7909@group-5FBA8DCEBC14:LeaderElection4] INFO  server.RaftServerConfigKeys (ConfUtils.java:logGet(43)) - raft.server.watch.timeout.denomination = 1s (default)
2019-09-10 18:32:53,313 [pool-117-thread-1] INFO  storage.RaftStorageDirectory (RaftStorageDirectory.java:analyzeStorage(246)) - The storage directory /workdir/hadoop-ozone/integration-test/target/test-dir/MiniOzoneClusterImpl-34bd394c-9e3d-49fb-9b5f-f4de544d8d6b/datanode-9/data/ratis/fde91d5f-f83b-424e-970c-c790a911bcd5 does not exist. Creating ...
2019-09-10 18:32:53,313 [pool-67-thread-1] INFO  server.RaftServerConfigKeys (ConfUtils.java:logGet(43)) - raft.server.rpcslowness.timeout = 120s (custom)
2019-09-10 18:32:53,312 [dc34f224-6fe7-4a16-b3d0-41df1e51aada@group-B87C7F8F1F2D:LeaderElection5] INFO  server.RaftServerConfigKeys (ConfUtils.java:logGet(43)) - raft.server.watch.element-limit = 65536 (default)
2019-09-10 18:32:53,313 [pool-27-thread-1] INFO  impl.RaftServerImpl (RaftServerImpl.java:<init>(95)) - 59afee6f-3342-47f6-8cd2-a67165187773: new RaftServerImpl for group-C790A911BCD5:[f9c92805-78f9-4aa2-ad11-0f5c06c060e3:192.168.5.139:43690, 59afee6f-3342-47f6-8cd2-a67165187773:192.168.5.139:42383, fc430ad7-c10f-4afd-84a3-4263b60fc3a5:192.168.5.139:34501] with ContainerStateMachine:uninitialized
2019-09-10 18:32:53,313 [pool-67-thread-1] INFO  server.RaftServerConfigKeys (ConfUtils.java:logGet(43)) - raft.server.sleep.deviation.threshold = 300 (default)
2019-09-10 18:32:53,313 [166d57fa-ec73-4a99-b6df-0ab3ad0d7909@group-5FBA8DCEBC14:LeaderElection4] INFO  server.RaftServerConfigKeys (ConfUtils.java:logGet(43)) - raft.server.watch.element-limit = 65536 (default)
2019-09-10 18:32:53,314 [pool-67-thread-1] INFO  server.RaftServerConfigKeys (ConfUtils.java:logGet(43)) - raft.server.log.appender.install.snapshot.enabled = false (custom)
2019-09-10 18:32:53,313 [pool-27-thread-1] INFO  server.RaftServerConfigKeys (ConfUtils.java:logGet(43)) - raft.server.rpc.timeout.min = 1s (custom)
2019-09-10 18:32:53,314 [pool-67-thread-1] INFO  impl.RaftServerImpl (ServerState.java:<init>(103)) - f9c92805-78f9-4aa2-ad11-0f5c06c060e3@group-C790A911BCD5: ConfigurationManager, init=-1: [f9c92805-78f9-4aa2-ad11-0f5c06c060e3:192.168.5.139:43690, 59afee6f-3342-47f6-8cd2-a67165187773:192.168.5.139:42383, fc430ad7-c10f-4afd-84a3-4263b60fc3a5:192.168.5.139:34501], old=null, confs=<EMPTY_MAP>
2019-09-10 18:32:53,314 [pool-27-thread-1] INFO  server.RaftServerConfigKeys (ConfUtils.java:logGet(43)) - raft.server.rpc.timeout.max = 1200ms (custom)
2019-09-10 18:32:53,314 [pool-67-thread-1] INFO  server.RaftServerConfigKeys (ConfUtils.java:logGet(43)) - raft.server.storage.dir = [/workdir/hadoop-ozone/integration-test/target/test-dir/MiniOzoneClusterImpl-34bd394c-9e3d-49fb-9b5f-f4de544d8d6b/datanode-4/data/ratis] (custom)
2019-09-10 18:32:53,314 [pool-27-thread-1] INFO  server.RaftServerConfigKeys (ConfUtils.java:logGet(43)) - raft.server.rpcslowness.timeout = 120s (custom)
2019-09-10 18:32:53,315 [pool-27-thread-1] INFO  server.RaftServerConfigKeys (ConfUtils.java:logGet(43)) - raft.server.sleep.deviation.threshold = 300 (default)
2019-09-10 18:32:53,315 [pool-67-thread-1] INFO  storage.RaftStorageDirectory (RaftStorageDirectory.java:analyzeStorage(246)) - The storage directory /workdir/hadoop-ozone/integration-test/target/test-dir/MiniOzoneClusterImpl-34bd394c-9e3d-49fb-9b5f-f4de544d8d6b/datanode-4/data/ratis/fde91d5f-f83b-424e-970c-c790a911bcd5 does not exist. Creating ...
2019-09-10 18:32:53,315 [pool-27-thread-1] INFO  server.RaftServerConfigKeys (ConfUtils.java:logGet(43)) - raft.server.log.appender.install.snapshot.enabled = false (custom)
2019-09-10 18:32:53,315 [pool-27-thread-1] INFO  impl.RaftServerImpl (ServerState.java:<init>(103)) - 59afee6f-3342-47f6-8cd2-a67165187773@group-C790A911BCD5: ConfigurationManager, init=-1: [f9c92805-78f9-4aa2-ad11-0f5c06c060e3:192.168.5.139:43690, 59afee6f-3342-47f6-8cd2-a67165187773:192.168.5.139:42383, fc430ad7-c10f-4afd-84a3-4263b60fc3a5:192.168.5.139:34501], old=null, confs=<EMPTY_MAP>
2019-09-10 18:32:53,316 [pool-27-thread-1] INFO  server.RaftServerConfigKeys (ConfUtils.java:logGet(43)) - raft.server.storage.dir = [/workdir/hadoop-ozone/integration-test/target/test-dir/MiniOzoneClusterImpl-34bd394c-9e3d-49fb-9b5f-f4de544d8d6b/datanode-0/data/ratis] (custom)
2019-09-10 18:32:53,316 [dc34f224-6fe7-4a16-b3d0-41df1e51aada@group-B87C7F8F1F2D:LeaderElection5] INFO  impl.RoleInfo (RoleInfo.java:updateAndGet(143)) - dc34f224-6fe7-4a16-b3d0-41df1e51aada: start LeaderState
2019-09-10 18:32:53,316 [pool-27-thread-1] INFO  storage.RaftStorageDirectory (RaftStorageDirectory.java:analyzeStorage(246)) - The storage directory /workdir/hadoop-ozone/integration-test/target/test-dir/MiniOzoneClusterImpl-34bd394c-9e3d-49fb-9b5f-f4de544d8d6b/datanode-0/data/ratis/fde91d5f-f83b-424e-970c-c790a911bcd5 does not exist. Creating ...
2019-09-10 18:32:53,316 [dc34f224-6fe7-4a16-b3d0-41df1e51aada@group-B87C7F8F1F2D:LeaderElection5] INFO  segmented.SegmentedRaftLogWorker (SegmentedRaftLogWorker.java:startLogSegment(380)) - dc34f224-6fe7-4a16-b3d0-41df1e51aada@group-B87C7F8F1F2D-SegmentedRaftLogWorker: Starting segment from index:0
2019-09-10 18:32:53,317 [dc34f224-6fe7-4a16-b3d0-41df1e51aada@group-B87C7F8F1F2D:LeaderElection5] INFO  impl.RaftServerImpl (ServerState.java:setRaftConf(354)) - dc34f224-6fe7-4a16-b3d0-41df1e51aada@group-B87C7F8F1F2D: set configuration 0: [dc34f224-6fe7-4a16-b3d0-41df1e51aada:192.168.5.139:40510], old=null at 0
2019-09-10 18:32:53,350 [pool-67-thread-1] INFO  storage.RaftStorageDirectory (RaftStorageDirectory.java:tryLock(328)) - Lock on /workdir/hadoop-ozone/integration-test/target/test-dir/MiniOzoneClusterImpl-34bd394c-9e3d-49fb-9b5f-f4de544d8d6b/datanode-4/data/ratis/fde91d5f-f83b-424e-970c-c790a911bcd5/in_use.lock acquired by nodename 32311@pr-hdds-1786-trunk-k6rzm-1803654198
2019-09-10 18:32:53,352 [pool-27-thread-1] INFO  storage.RaftStorageDirectory (RaftStorageDirectory.java:tryLock(328)) - Lock on /workdir/hadoop-ozone/integration-test/target/test-dir/MiniOzoneClusterImpl-34bd394c-9e3d-49fb-9b5f-f4de544d8d6b/datanode-0/data/ratis/fde91d5f-f83b-424e-970c-c790a911bcd5/in_use.lock acquired by nodename 32311@pr-hdds-1786-trunk-k6rzm-1803654198
2019-09-10 18:32:53,352 [pool-117-thread-1] INFO  storage.RaftStorageDirectory (RaftStorageDirectory.java:tryLock(328)) - Lock on /workdir/hadoop-ozone/integration-test/target/test-dir/MiniOzoneClusterImpl-34bd394c-9e3d-49fb-9b5f-f4de544d8d6b/datanode-9/data/ratis/fde91d5f-f83b-424e-970c-c790a911bcd5/in_use.lock acquired by nodename 32311@pr-hdds-1786-trunk-k6rzm-1803654198
2019-09-10 18:32:53,353 [166d57fa-ec73-4a99-b6df-0ab3ad0d7909@group-5FBA8DCEBC14:LeaderElection4] INFO  impl.RoleInfo (RoleInfo.java:updateAndGet(143)) - 166d57fa-ec73-4a99-b6df-0ab3ad0d7909: start LeaderState
2019-09-10 18:32:53,354 [166d57fa-ec73-4a99-b6df-0ab3ad0d7909@group-5FBA8DCEBC14:LeaderElection4] INFO  segmented.SegmentedRaftLogWorker (SegmentedRaftLogWorker.java:startLogSegment(380)) - 166d57fa-ec73-4a99-b6df-0ab3ad0d7909@group-5FBA8DCEBC14-SegmentedRaftLogWorker: Starting segment from index:0
2019-09-10 18:32:53,355 [166d57fa-ec73-4a99-b6df-0ab3ad0d7909@group-5FBA8DCEBC14:LeaderElection4] INFO  impl.RaftServerImpl (ServerState.java:setRaftConf(354)) - 166d57fa-ec73-4a99-b6df-0ab3ad0d7909@group-5FBA8DCEBC14: set configuration 0: [166d57fa-ec73-4a99-b6df-0ab3ad0d7909:192.168.5.139:39780], old=null at 0
2019-09-10 18:32:53,408 [dc34f224-6fe7-4a16-b3d0-41df1e51aada@group-B87C7F8F1F2D-SegmentedRaftLogWorker] INFO  segmented.SegmentedRaftLogWorker (SegmentedRaftLogWorker.java:execute(569)) - dc34f224-6fe7-4a16-b3d0-41df1e51aada@group-B87C7F8F1F2D-SegmentedRaftLogWorker: created new log segment /workdir/hadoop-ozone/integration-test/target/test-dir/MiniOzoneClusterImpl-34bd394c-9e3d-49fb-9b5f-f4de544d8d6b/datanode-7/data/ratis/a8b8ad29-64cd-43ce-bd37-b87c7f8f1f2d/current/log_inprogress_0
2019-09-10 18:32:53,408 [pool-27-thread-1] INFO  storage.RaftStorage (RaftStorage.java:format(72)) - Storage directory /workdir/hadoop-ozone/integration-test/target/test-dir/MiniOzoneClusterImpl-34bd394c-9e3d-49fb-9b5f-f4de544d8d6b/datanode-0/data/ratis/fde91d5f-f83b-424e-970c-c790a911bcd5 has been successfully formatted.
2019-09-10 18:32:53,408 [pool-117-thread-1] INFO  storage.RaftStorage (RaftStorage.java:format(72)) - Storage directory /workdir/hadoop-ozone/integration-test/target/test-dir/MiniOzoneClusterImpl-34bd394c-9e3d-49fb-9b5f-f4de544d8d6b/datanode-9/data/ratis/fde91d5f-f83b-424e-970c-c790a911bcd5 has been successfully formatted.
2019-09-10 18:32:53,408 [pool-67-thread-1] INFO  storage.RaftStorage (RaftStorage.java:format(72)) - Storage directory /workdir/hadoop-ozone/integration-test/target/test-dir/MiniOzoneClusterImpl-34bd394c-9e3d-49fb-9b5f-f4de544d8d6b/datanode-4/data/ratis/fde91d5f-f83b-424e-970c-c790a911bcd5 has been successfully formatted.
2019-09-10 18:32:53,409 [pool-27-thread-1] INFO  ratis.ContainerStateMachine (ContainerStateMachine.java:loadSnapshot(230)) - group-C790A911BCD5: The snapshot info is null. Setting the last applied indexto:(t:0, i:~)
2019-09-10 18:32:53,409 [pool-117-thread-1] INFO  ratis.ContainerStateMachine (ContainerStateMachine.java:loadSnapshot(230)) - group-C790A911BCD5: The snapshot info is null. Setting the last applied indexto:(t:0, i:~)
2019-09-10 18:32:53,409 [pool-27-thread-1] INFO  server.RaftServerConfigKeys (ConfUtils.java:logGet(43)) - raft.server.notification.no-leader.timeout = 120s (custom)
2019-09-10 18:32:53,409 [pool-67-thread-1] INFO  ratis.ContainerStateMachine (ContainerStateMachine.java:loadSnapshot(230)) - group-C790A911BCD5: The snapshot info is null. Setting the last applied indexto:(t:0, i:~)
2019-09-10 18:32:53,410 [pool-27-thread-1] INFO  server.RaftServerConfigKeys (ConfUtils.java:logGet(43)) - raft.server.log.use.memory = false (default)
2019-09-10 18:32:53,409 [pool-117-thread-1] INFO  server.RaftServerConfigKeys (ConfUtils.java:logGet(43)) - raft.server.notification.no-leader.timeout = 120s (custom)
2019-09-10 18:32:53,410 [pool-27-thread-1] INFO  server.RaftServerConfigKeys (ConfUtils.java:logGet(43)) - raft.server.log.purge.gap = 1000000 (custom)
2019-09-10 18:32:53,410 [pool-67-thread-1] INFO  server.RaftServerConfigKeys (ConfUtils.java:logGet(43)) - raft.server.notification.no-leader.timeout = 120s (custom)
2019-09-10 18:32:53,411 [pool-27-thread-1] INFO  server.RaftServerConfigKeys (ConfUtils.java:logGet(43)) - raft.server.log.appender.buffer.byte-limit = 33554432 (custom)
2019-09-10 18:32:53,410 [pool-117-thread-1] INFO  server.RaftServerConfigKeys (ConfUtils.java:logGet(43)) - raft.server.log.use.memory = false (default)
2019-09-10 18:32:53,411 [pool-27-thread-1] INFO  server.RaftServerConfigKeys (ConfUtils.java:logGet(43)) - raft.server.log.segment.size.max = 1048576 (custom)
2019-09-10 18:32:53,411 [pool-67-thread-1] INFO  server.RaftServerConfigKeys (ConfUtils.java:logGet(43)) - raft.server.log.use.memory = false (default)
2019-09-10 18:32:53,412 [pool-27-thread-1] INFO  server.RaftServerConfigKeys (ConfUtils.java:logGet(43)) - raft.server.log.segment.cache.num.max = 2 (custom)
2019-09-10 18:32:53,411 [pool-117-thread-1] INFO  server.RaftServerConfigKeys (ConfUtils.java:logGet(43)) - raft.server.log.purge.gap = 1000000 (custom)
2019-09-10 18:32:53,412 [pool-27-thread-1] INFO  segmented.SegmentedRaftLogWorker (SegmentedRaftLogWorker.java:<init>(172)) - new 59afee6f-3342-47f6-8cd2-a67165187773@group-C790A911BCD5-SegmentedRaftLogWorker for RaftStorage:Storage Directory /workdir/hadoop-ozone/integration-test/target/test-dir/MiniOzoneClusterImpl-34bd394c-9e3d-49fb-9b5f-f4de544d8d6b/datanode-0/data/ratis/fde91d5f-f83b-424e-970c-c790a911bcd5
2019-09-10 18:32:53,412 [pool-67-thread-1] INFO  server.RaftServerConfigKeys (ConfUtils.java:logGet(43)) - raft.server.log.purge.gap = 1000000 (custom)
2019-09-10 18:32:53,412 [pool-27-thread-1] INFO  server.RaftServerConfigKeys (ConfUtils.java:logGet(43)) - raft.server.log.queue.byte-limit = 2147483647 (custom)
2019-09-10 18:32:53,412 [pool-117-thread-1] INFO  server.RaftServerConfigKeys (ConfUtils.java:logGet(43)) - raft.server.log.appender.buffer.byte-limit = 33554432 (custom)
2019-09-10 18:32:53,413 [pool-27-thread-1] INFO  server.RaftServerConfigKeys (ConfUtils.java:logGet(43)) - raft.server.log.queue.element-limit = 1024 (custom)
2019-09-10 18:32:53,413 [pool-67-thread-1] INFO  server.RaftServerConfigKeys (ConfUtils.java:logGet(43)) - raft.server.log.appender.buffer.byte-limit = 33554432 (custom)
2019-09-10 18:32:53,416 [pool-27-thread-1] INFO  server.RaftServerConfigKeys (ConfUtils.java:logGet(43)) - raft.server.log.segment.size.max = 1048576 (custom)
2019-09-10 18:32:53,416 [pool-117-thread-1] INFO  server.RaftServerConfigKeys (ConfUtils.java:logGet(43)) - raft.server.log.segment.size.max = 1048576 (custom)
2019-09-10 18:32:53,427 [pool-27-thread-1] INFO  server.RaftServerConfigKeys (ConfUtils.java:logGet(43)) - raft.server.log.preallocated.size = 16384 (custom)
2019-09-10 18:32:53,417 [pool-67-thread-1] INFO  server.RaftServerConfigKeys (ConfUtils.java:logGet(43)) - raft.server.log.segment.size.max = 1048576 (custom)
2019-09-10 18:32:53,427 [pool-27-thread-1] INFO  server.RaftServerConfigKeys (ConfUtils.java:logGet(43)) - raft.server.log.write.buffer.size = 33554432 (custom)
2019-09-10 18:32:53,427 [pool-117-thread-1] INFO  server.RaftServerConfigKeys (ConfUtils.java:logGet(43)) - raft.server.log.segment.cache.num.max = 2 (custom)
2019-09-10 18:32:53,428 [pool-27-thread-1] INFO  server.RaftServerConfigKeys (ConfUtils.java:logGet(43)) - raft.server.log.force.sync.num = 128 (default)
2019-09-10 18:32:53,427 [pool-67-thread-1] INFO  server.RaftServerConfigKeys (ConfUtils.java:logGet(43)) - raft.server.log.segment.cache.num.max = 2 (custom)
2019-09-10 18:32:53,434 [166d57fa-ec73-4a99-b6df-0ab3ad0d7909@group-5FBA8DCEBC14-SegmentedRaftLogWorker] INFO  segmented.SegmentedRaftLogWorker (SegmentedRaftLogWorker.java:execute(569)) - 166d57fa-ec73-4a99-b6df-0ab3ad0d7909@group-5FBA8DCEBC14-SegmentedRaftLogWorker: created new log segment /workdir/hadoop-ozone/integration-test/target/test-dir/MiniOzoneClusterImpl-34bd394c-9e3d-49fb-9b5f-f4de544d8d6b/datanode-2/data/ratis/214212a1-f17d-4b2b-ac0b-5fba8dcebc14/current/log_inprogress_0
2019-09-10 18:32:53,431 [pool-27-thread-1] INFO  server.RaftServerConfigKeys (ConfUtils.java:logGet(43)) - raft.server.log.statemachine.data.sync = true (default)
2019-09-10 18:32:53,428 [pool-117-thread-1] INFO  segmented.SegmentedRaftLogWorker (SegmentedRaftLogWorker.java:<init>(172)) - new fc430ad7-c10f-4afd-84a3-4263b60fc3a5@group-C790A911BCD5-SegmentedRaftLogWorker for RaftStorage:Storage Directory /workdir/hadoop-ozone/integration-test/target/test-dir/MiniOzoneClusterImpl-34bd394c-9e3d-49fb-9b5f-f4de544d8d6b/datanode-9/data/ratis/fde91d5f-f83b-424e-970c-c790a911bcd5
2019-09-10 18:32:53,440 [pool-27-thread-1] INFO  server.RaftServerConfigKeys (ConfUtils.java:logGet(43)) - raft.server.log.statemachine.data.sync.timeout = 10s (default)
2019-09-10 18:32:53,440 [Thread-300] INFO  impl.FollowerState (FollowerState.java:run(106)) - 7e7e06ff-ff15-4a73-bf67-b60124f5dbc2:group-E77A4CB279AA changes to CANDIDATE, lastRpcTime:1140, electionTimeout:1135ms
2019-09-10 18:32:53,439 [pool-67-thread-1] INFO  segmented.SegmentedRaftLogWorker (SegmentedRaftLogWorker.java:<init>(172)) - new f9c92805-78f9-4aa2-ad11-0f5c06c060e3@group-C790A911BCD5-SegmentedRaftLogWorker for RaftStorage:Storage Directory /workdir/hadoop-ozone/integration-test/target/test-dir/MiniOzoneClusterImpl-34bd394c-9e3d-49fb-9b5f-f4de544d8d6b/datanode-4/data/ratis/fde91d5f-f83b-424e-970c-c790a911bcd5
2019-09-10 18:32:53,441 [Thread-300] INFO  impl.RoleInfo (RoleInfo.java:shutdownFollowerState(121)) - 7e7e06ff-ff15-4a73-bf67-b60124f5dbc2: shutdown FollowerState
2019-09-10 18:32:53,440 [pool-27-thread-1] INFO  server.RaftServerConfigKeys (ConfUtils.java:logGet(43)) - raft.server.log.statemachine.data.sync.timeout.retry = -1 (default)
2019-09-10 18:32:53,440 [pool-117-thread-1] INFO  server.RaftServerConfigKeys (ConfUtils.java:logGet(43)) - raft.server.log.queue.byte-limit = 2147483647 (custom)
2019-09-10 18:32:53,441 [Thread-300] INFO  impl.RaftServerImpl (RaftServerImpl.java:setRole(174)) - 7e7e06ff-ff15-4a73-bf67-b60124f5dbc2@group-E77A4CB279AA: changes role from  FOLLOWER to CANDIDATE at term 0 for changeToCandidate
2019-09-10 18:32:53,441 [pool-67-thread-1] INFO  server.RaftServerConfigKeys (ConfUtils.java:logGet(43)) - raft.server.log.queue.byte-limit = 2147483647 (custom)
2019-09-10 18:32:53,441 [Thread-300] INFO  impl.RoleInfo (RoleInfo.java:updateAndGet(143)) - 7e7e06ff-ff15-4a73-bf67-b60124f5dbc2: start LeaderElection
2019-09-10 18:32:53,441 [pool-27-thread-1] INFO  server.RaftServerConfigKeys (ConfUtils.java:logGet(43)) - raft.server.log.statemachine.data.caching.enabled = true (custom)
2019-09-10 18:32:53,441 [pool-117-thread-1] INFO  server.RaftServerConfigKeys (ConfUtils.java:logGet(43)) - raft.server.log.queue.element-limit = 1024 (custom)
2019-09-10 18:32:53,480 [pool-27-thread-1] INFO  segmented.SegmentedRaftLogWorker (SegmentedRaftLogWorker.java:lambda$new$0(132)) - 59afee6f-3342-47f6-8cd2-a67165187773@group-C790A911BCD5-SegmentedRaftLogWorker: flushIndex: setUnconditionally 0 -> -1
2019-09-10 18:32:53,483 [pool-117-thread-1] INFO  server.RaftServerConfigKeys (ConfUtils.java:logGet(43)) - raft.server.log.segment.size.max = 1048576 (custom)
2019-09-10 18:32:53,442 [pool-67-thread-1] INFO  server.RaftServerConfigKeys (ConfUtils.java:logGet(43)) - raft.server.log.queue.element-limit = 1024 (custom)
2019-09-10 18:32:53,487 [pool-117-thread-1] INFO  server.RaftServerConfigKeys (ConfUtils.java:logGet(43)) - raft.server.log.preallocated.size = 16384 (custom)
2019-09-10 18:32:53,483 [pool-27-thread-1] INFO  server.RaftServerConfigKeys (ConfUtils.java:logGet(43)) - raft.server.snapshot.auto.trigger.enabled = true (custom)
2019-09-10 18:32:53,496 [pool-117-thread-1] INFO  server.RaftServerConfigKeys (ConfUtils.java:logGet(43)) - raft.server.log.write.buffer.size = 33554432 (custom)
2019-09-10 18:32:53,495 [pool-67-thread-1] INFO  server.RaftServerConfigKeys (ConfUtils.java:logGet(43)) - raft.server.log.segment.size.max = 1048576 (custom)
2019-09-10 18:32:53,496 [pool-117-thread-1] INFO  server.RaftServerConfigKeys (ConfUtils.java:logGet(43)) - raft.server.log.force.sync.num = 128 (default)
2019-09-10 18:32:53,496 [pool-27-thread-1] INFO  server.RaftServerConfigKeys (ConfUtils.java:logGet(43)) - raft.server.snapshot.auto.trigger.threshold = 10000 (custom)
2019-09-10 18:32:53,497 [pool-117-thread-1] INFO  server.RaftServerConfigKeys (ConfUtils.java:logGet(43)) - raft.server.log.statemachine.data.sync = true (default)
2019-09-10 18:32:53,497 [pool-67-thread-1] INFO  server.RaftServerConfigKeys (ConfUtils.java:logGet(43)) - raft.server.log.preallocated.size = 16384 (custom)
2019-09-10 18:32:53,497 [pool-117-thread-1] INFO  server.RaftServerConfigKeys (ConfUtils.java:logGet(43)) - raft.server.log.statemachine.data.sync.timeout = 10s (default)
2019-09-10 18:32:53,497 [pool-27-thread-1] INFO  server.RaftServerConfigKeys (ConfUtils.java:logGet(43)) - raft.server.snapshot.retention.num.files = 5 (custom)
2019-09-10 18:32:53,497 [pool-117-thread-1] INFO  server.RaftServerConfigKeys (ConfUtils.java:logGet(43)) - raft.server.log.statemachine.data.sync.timeout.retry = -1 (default)
2019-09-10 18:32:53,497 [pool-67-thread-1] INFO  server.RaftServerConfigKeys (ConfUtils.java:logGet(43)) - raft.server.log.write.buffer.size = 33554432 (custom)
2019-09-10 18:32:53,498 [pool-67-thread-1] INFO  server.RaftServerConfigKeys (ConfUtils.java:logGet(43)) - raft.server.log.force.sync.num = 128 (default)
2019-09-10 18:32:53,498 [pool-67-thread-1] INFO  server.RaftServerConfigKeys (ConfUtils.java:logGet(43)) - raft.server.log.statemachine.data.sync = true (default)
2019-09-10 18:32:53,499 [pool-67-thread-1] INFO  server.RaftServerConfigKeys (ConfUtils.java:logGet(43)) - raft.server.log.statemachine.data.sync.timeout = 10s (default)
2019-09-10 18:32:53,499 [pool-67-thread-1] INFO  server.RaftServerConfigKeys (ConfUtils.java:logGet(43)) - raft.server.log.statemachine.data.sync.timeout.retry = -1 (default)
2019-09-10 18:32:53,510 [7e7e06ff-ff15-4a73-bf67-b60124f5dbc2@group-E77A4CB279AA:LeaderElection6] INFO  impl.LeaderElection (LeaderElection.java:askForVotes(182)) - 7e7e06ff-ff15-4a73-bf67-b60124f5dbc2@group-E77A4CB279AA:LeaderElection6: begin an election at term 1 for -1: [7e7e06ff-ff15-4a73-bf67-b60124f5dbc2:192.168.5.139:37758], old=null
2019-09-10 18:32:53,510 [7e7e06ff-ff15-4a73-bf67-b60124f5dbc2@group-E77A4CB279AA:LeaderElection6] INFO  impl.RoleInfo (RoleInfo.java:shutdownLeaderElection(134)) - 7e7e06ff-ff15-4a73-bf67-b60124f5dbc2: shutdown LeaderElection
2019-09-10 18:32:53,510 [7e7e06ff-ff15-4a73-bf67-b60124f5dbc2@group-E77A4CB279AA:LeaderElection6] INFO  impl.RaftServerImpl (RaftServerImpl.java:setRole(174)) - 7e7e06ff-ff15-4a73-bf67-b60124f5dbc2@group-E77A4CB279AA: changes role from CANDIDATE to LEADER at term 1 for changeToLeader
2019-09-10 18:32:53,510 [7e7e06ff-ff15-4a73-bf67-b60124f5dbc2@group-E77A4CB279AA:LeaderElection6] INFO  impl.RaftServerImpl (ServerState.java:setLeader(253)) - 7e7e06ff-ff15-4a73-bf67-b60124f5dbc2@group-E77A4CB279AA: change Leader from null to 7e7e06ff-ff15-4a73-bf67-b60124f5dbc2 at term 1 for becomeLeader, leader elected after 1228ms
2019-09-10 18:32:53,510 [7e7e06ff-ff15-4a73-bf67-b60124f5dbc2@group-E77A4CB279AA:LeaderElection6] INFO  server.RaftServerConfigKeys (ConfUtils.java:logGet(43)) - raft.server.staging.catchup.gap = 1000 (default)
2019-09-10 18:32:53,510 [7e7e06ff-ff15-4a73-bf67-b60124f5dbc2@group-E77A4CB279AA:LeaderElection6] INFO  server.RaftServerConfigKeys (ConfUtils.java:logGet(43)) - raft.server.rpc.sleep.time = 25ms (default)
2019-09-10 18:32:53,513 [7e7e06ff-ff15-4a73-bf67-b60124f5dbc2@group-E77A4CB279AA:LeaderElection6] INFO  server.RaftServerConfigKeys (ConfUtils.java:logGet(43)) - raft.server.write.element-limit = 4096 (default)
2019-09-10 18:32:53,513 [pool-67-thread-1] INFO  server.RaftServerConfigKeys (ConfUtils.java:logGet(43)) - raft.server.log.statemachine.data.caching.enabled = true (custom)
2019-09-10 18:32:53,513 [pool-27-thread-1] INFO  server.RaftServerConfigKeys (ConfUtils.java:logGet(43)) - raft.server.retrycache.expirytime = 600000ms (custom)
2019-09-10 18:32:53,513 [pool-117-thread-1] INFO  server.RaftServerConfigKeys (ConfUtils.java:logGet(43)) - raft.server.log.statemachine.data.caching.enabled = true (custom)
2019-09-10 18:32:53,513 [7e7e06ff-ff15-4a73-bf67-b60124f5dbc2@group-E77A4CB279AA:LeaderElection6] INFO  server.RaftServerConfigKeys (ConfUtils.java:logGet(43)) - raft.server.watch.timeout = 10s (default)
2019-09-10 18:32:53,514 [pool-67-thread-1] INFO  segmented.SegmentedRaftLogWorker (SegmentedRaftLogWorker.java:lambda$new$0(132)) - f9c92805-78f9-4aa2-ad11-0f5c06c060e3@group-C790A911BCD5-SegmentedRaftLogWorker: flushIndex: setUnconditionally 0 -> -1
2019-09-10 18:32:53,514 [pool-117-thread-1] INFO  segmented.SegmentedRaftLogWorker (SegmentedRaftLogWorker.java:lambda$new$0(132)) - fc430ad7-c10f-4afd-84a3-4263b60fc3a5@group-C790A911BCD5-SegmentedRaftLogWorker: flushIndex: setUnconditionally 0 -> -1
2019-09-10 18:32:53,514 [7e7e06ff-ff15-4a73-bf67-b60124f5dbc2@group-E77A4CB279AA:LeaderElection6] INFO  server.RaftServerConfigKeys (ConfUtils.java:logGet(43)) - raft.server.watch.timeout.denomination = 1s (default)
2019-09-10 18:32:53,515 [pool-67-thread-1] INFO  server.RaftServerConfigKeys (ConfUtils.java:logGet(43)) - raft.server.snapshot.auto.trigger.enabled = true (custom)
2019-09-10 18:32:53,515 [7e7e06ff-ff15-4a73-bf67-b60124f5dbc2@group-E77A4CB279AA:LeaderElection6] INFO  server.RaftServerConfigKeys (ConfUtils.java:logGet(43)) - raft.server.watch.element-limit = 65536 (default)
2019-09-10 18:32:53,515 [pool-117-thread-1] INFO  server.RaftServerConfigKeys (ConfUtils.java:logGet(43)) - raft.server.snapshot.auto.trigger.enabled = true (custom)
2019-09-10 18:32:53,515 [pool-67-thread-1] INFO  server.RaftServerConfigKeys (ConfUtils.java:logGet(43)) - raft.server.snapshot.auto.trigger.threshold = 10000 (custom)
2019-09-10 18:32:53,515 [pool-117-thread-1] INFO  server.RaftServerConfigKeys (ConfUtils.java:logGet(43)) - raft.server.snapshot.auto.trigger.threshold = 10000 (custom)
2019-09-10 18:32:53,516 [pool-67-thread-1] INFO  server.RaftServerConfigKeys (ConfUtils.java:logGet(43)) - raft.server.snapshot.retention.num.files = 5 (custom)
2019-09-10 18:32:53,516 [pool-117-thread-1] INFO  server.RaftServerConfigKeys (ConfUtils.java:logGet(43)) - raft.server.snapshot.retention.num.files = 5 (custom)
2019-09-10 18:32:53,516 [pool-117-thread-1] INFO  server.RaftServerConfigKeys (ConfUtils.java:logGet(43)) - raft.server.retrycache.expirytime = 600000ms (custom)
2019-09-10 18:32:53,516 [pool-67-thread-1] INFO  server.RaftServerConfigKeys (ConfUtils.java:logGet(43)) - raft.server.retrycache.expirytime = 600000ms (custom)
2019-09-10 18:32:53,594 [Thread-303] INFO  impl.FollowerState (FollowerState.java:run(106)) - a5c56bc8-e609-4560-873f-c4715c8bfbf6:group-E0F4C567A405 changes to CANDIDATE, lastRpcTime:1182, electionTimeout:1176ms
2019-09-10 18:32:53,630 [Thread-303] INFO  impl.RoleInfo (RoleInfo.java:shutdownFollowerState(121)) - a5c56bc8-e609-4560-873f-c4715c8bfbf6: shutdown FollowerState
2019-09-10 18:32:53,630 [Thread-303] INFO  impl.RaftServerImpl (RaftServerImpl.java:setRole(174)) - a5c56bc8-e609-4560-873f-c4715c8bfbf6@group-E0F4C567A405: changes role from  FOLLOWER to CANDIDATE at term 0 for changeToCandidate
2019-09-10 18:32:53,631 [Thread-303] INFO  impl.RoleInfo (RoleInfo.java:updateAndGet(143)) - a5c56bc8-e609-4560-873f-c4715c8bfbf6: start LeaderElection
2019-09-10 18:32:53,636 [main] INFO  rpc.RpcClient (RpcClient.java:createVolume(298)) - Creating Volume: datanodefailurehandlingtest, with jenkins1000 as owner.
2019-09-10 18:32:53,687 [a5c56bc8-e609-4560-873f-c4715c8bfbf6@group-E0F4C567A405:LeaderElection7] INFO  impl.LeaderElection (LeaderElection.java:askForVotes(182)) - a5c56bc8-e609-4560-873f-c4715c8bfbf6@group-E0F4C567A405:LeaderElection7: begin an election at term 1 for -1: [a5c56bc8-e609-4560-873f-c4715c8bfbf6:192.168.5.139:44770], old=null
2019-09-10 18:32:53,687 [a5c56bc8-e609-4560-873f-c4715c8bfbf6@group-E0F4C567A405:LeaderElection7] INFO  impl.RoleInfo (RoleInfo.java:shutdownLeaderElection(134)) - a5c56bc8-e609-4560-873f-c4715c8bfbf6: shutdown LeaderElection
2019-09-10 18:32:53,688 [a5c56bc8-e609-4560-873f-c4715c8bfbf6@group-E0F4C567A405:LeaderElection7] INFO  impl.RaftServerImpl (RaftServerImpl.java:setRole(174)) - a5c56bc8-e609-4560-873f-c4715c8bfbf6@group-E0F4C567A405: changes role from CANDIDATE to LEADER at term 1 for changeToLeader
2019-09-10 18:32:53,688 [a5c56bc8-e609-4560-873f-c4715c8bfbf6@group-E0F4C567A405:LeaderElection7] INFO  impl.RaftServerImpl (ServerState.java:setLeader(253)) - a5c56bc8-e609-4560-873f-c4715c8bfbf6@group-E0F4C567A405: change Leader from null to a5c56bc8-e609-4560-873f-c4715c8bfbf6 at term 1 for becomeLeader, leader elected after 1289ms
2019-09-10 18:32:53,688 [a5c56bc8-e609-4560-873f-c4715c8bfbf6@group-E0F4C567A405:LeaderElection7] INFO  server.RaftServerConfigKeys (ConfUtils.java:logGet(43)) - raft.server.staging.catchup.gap = 1000 (default)
2019-09-10 18:32:53,688 [a5c56bc8-e609-4560-873f-c4715c8bfbf6@group-E0F4C567A405:LeaderElection7] INFO  server.RaftServerConfigKeys (ConfUtils.java:logGet(43)) - raft.server.rpc.sleep.time = 25ms (default)
2019-09-10 18:32:53,688 [a5c56bc8-e609-4560-873f-c4715c8bfbf6@group-E0F4C567A405:LeaderElection7] INFO  server.RaftServerConfigKeys (ConfUtils.java:logGet(43)) - raft.server.write.element-limit = 4096 (default)
2019-09-10 18:32:53,689 [a5c56bc8-e609-4560-873f-c4715c8bfbf6@group-E0F4C567A405:LeaderElection7] INFO  server.RaftServerConfigKeys (ConfUtils.java:logGet(43)) - raft.server.watch.timeout = 10s (default)
2019-09-10 18:32:53,689 [a5c56bc8-e609-4560-873f-c4715c8bfbf6@group-E0F4C567A405:LeaderElection7] INFO  server.RaftServerConfigKeys (ConfUtils.java:logGet(43)) - raft.server.watch.timeout.denomination = 1s (default)
2019-09-10 18:32:53,689 [a5c56bc8-e609-4560-873f-c4715c8bfbf6@group-E0F4C567A405:LeaderElection7] INFO  server.RaftServerConfigKeys (ConfUtils.java:logGet(43)) - raft.server.watch.element-limit = 65536 (default)
2019-09-10 18:32:53,728 [Thread-306] INFO  impl.FollowerState (FollowerState.java:run(106)) - f9c92805-78f9-4aa2-ad11-0f5c06c060e3:group-389E025C87D1 changes to CANDIDATE, lastRpcTime:1200, electionTimeout:1200ms
2019-09-10 18:32:53,728 [Thread-306] INFO  impl.RoleInfo (RoleInfo.java:shutdownFollowerState(121)) - f9c92805-78f9-4aa2-ad11-0f5c06c060e3: shutdown FollowerState
2019-09-10 18:32:53,728 [Thread-306] INFO  impl.RaftServerImpl (RaftServerImpl.java:setRole(174)) - f9c92805-78f9-4aa2-ad11-0f5c06c060e3@group-389E025C87D1: changes role from  FOLLOWER to CANDIDATE at term 0 for changeToCandidate
2019-09-10 18:32:53,738 [Thread-306] INFO  impl.RoleInfo (RoleInfo.java:updateAndGet(143)) - f9c92805-78f9-4aa2-ad11-0f5c06c060e3: start LeaderElection
2019-09-10 18:32:53,764 [f9c92805-78f9-4aa2-ad11-0f5c06c060e3@group-389E025C87D1:LeaderElection8] INFO  impl.LeaderElection (LeaderElection.java:askForVotes(182)) - f9c92805-78f9-4aa2-ad11-0f5c06c060e3@group-389E025C87D1:LeaderElection8: begin an election at term 1 for -1: [f9c92805-78f9-4aa2-ad11-0f5c06c060e3:192.168.5.139:43690], old=null
2019-09-10 18:32:53,764 [f9c92805-78f9-4aa2-ad11-0f5c06c060e3@group-389E025C87D1:LeaderElection8] INFO  impl.RoleInfo (RoleInfo.java:shutdownLeaderElection(134)) - f9c92805-78f9-4aa2-ad11-0f5c06c060e3: shutdown LeaderElection
2019-09-10 18:32:53,764 [f9c92805-78f9-4aa2-ad11-0f5c06c060e3@group-389E025C87D1:LeaderElection8] INFO  impl.RaftServerImpl (RaftServerImpl.java:setRole(174)) - f9c92805-78f9-4aa2-ad11-0f5c06c060e3@group-389E025C87D1: changes role from CANDIDATE to LEADER at term 1 for changeToLeader
2019-09-10 18:32:53,764 [f9c92805-78f9-4aa2-ad11-0f5c06c060e3@group-389E025C87D1:LeaderElection8] INFO  impl.RaftServerImpl (ServerState.java:setLeader(253)) - f9c92805-78f9-4aa2-ad11-0f5c06c060e3@group-389E025C87D1: change Leader from null to f9c92805-78f9-4aa2-ad11-0f5c06c060e3 at term 1 for becomeLeader, leader elected after 1248ms
2019-09-10 18:32:53,765 [f9c92805-78f9-4aa2-ad11-0f5c06c060e3@group-389E025C87D1:LeaderElection8] INFO  server.RaftServerConfigKeys (ConfUtils.java:logGet(43)) - raft.server.staging.catchup.gap = 1000 (default)
2019-09-10 18:32:53,765 [f9c92805-78f9-4aa2-ad11-0f5c06c060e3@group-389E025C87D1:LeaderElection8] INFO  server.RaftServerConfigKeys (ConfUtils.java:logGet(43)) - raft.server.rpc.sleep.time = 25ms (default)
2019-09-10 18:32:54,096 [Thread-310] INFO  impl.FollowerState (FollowerState.java:run(106)) - fc430ad7-c10f-4afd-84a3-4263b60fc3a5:group-42EBC7B4679C changes to CANDIDATE, lastRpcTime:1332, electionTimeout:1047ms
2019-09-10 18:32:54,100 [Thread-314] INFO  impl.FollowerState (FollowerState.java:run(106)) - cfb62293-4a7a-44de-bace-70c992c1cb58:group-472E82651CB3 changes to CANDIDATE, lastRpcTime:1195, electionTimeout:1182ms
2019-09-10 18:32:54,100 [f9c92805-78f9-4aa2-ad11-0f5c06c060e3@group-389E025C87D1:LeaderElection8] INFO  server.RaftServerConfigKeys (ConfUtils.java:logGet(43)) - raft.server.write.element-limit = 4096 (default)
2019-09-10 18:32:54,111 [Thread-323] INFO  impl.FollowerState (FollowerState.java:run(106)) - 43b8dda0-1fac-498c-94e0-436a32ed8ccd:group-248F13D822B7 changes to CANDIDATE, lastRpcTime:1067, electionTimeout:1067ms
2019-09-10 18:32:54,135 [Thread-310] INFO  impl.RoleInfo (RoleInfo.java:shutdownFollowerState(121)) - fc430ad7-c10f-4afd-84a3-4263b60fc3a5: shutdown FollowerState
2019-09-10 18:32:54,136 [f9c92805-78f9-4aa2-ad11-0f5c06c060e3@group-389E025C87D1:LeaderElection8] INFO  server.RaftServerConfigKeys (ConfUtils.java:logGet(43)) - raft.server.watch.timeout = 10s (default)
2019-09-10 18:32:54,136 [Thread-314] INFO  impl.RoleInfo (RoleInfo.java:shutdownFollowerState(121)) - cfb62293-4a7a-44de-bace-70c992c1cb58: shutdown FollowerState
2019-09-10 18:32:54,139 [f9c92805-78f9-4aa2-ad11-0f5c06c060e3@group-389E025C87D1:LeaderElection8] INFO  server.RaftServerConfigKeys (ConfUtils.java:logGet(43)) - raft.server.watch.timeout.denomination = 1s (default)
2019-09-10 18:32:54,139 [Thread-323] INFO  impl.RoleInfo (RoleInfo.java:shutdownFollowerState(121)) - 43b8dda0-1fac-498c-94e0-436a32ed8ccd: shutdown FollowerState
2019-09-10 18:32:54,139 [Thread-310] INFO  impl.RaftServerImpl (RaftServerImpl.java:setRole(174)) - fc430ad7-c10f-4afd-84a3-4263b60fc3a5@group-42EBC7B4679C: changes role from  FOLLOWER to CANDIDATE at term 0 for changeToCandidate
2019-09-10 18:32:54,142 [Thread-323] INFO  impl.RaftServerImpl (RaftServerImpl.java:setRole(174)) - 43b8dda0-1fac-498c-94e0-436a32ed8ccd@group-248F13D822B7: changes role from  FOLLOWER to CANDIDATE at term 0 for changeToCandidate
2019-09-10 18:32:54,142 [f9c92805-78f9-4aa2-ad11-0f5c06c060e3@group-389E025C87D1:LeaderElection8] INFO  server.RaftServerConfigKeys (ConfUtils.java:logGet(43)) - raft.server.watch.element-limit = 65536 (default)
2019-09-10 18:32:54,142 [Thread-314] INFO  impl.RaftServerImpl (RaftServerImpl.java:setRole(174)) - cfb62293-4a7a-44de-bace-70c992c1cb58@group-472E82651CB3: changes role from  FOLLOWER to CANDIDATE at term 0 for changeToCandidate
2019-09-10 18:32:54,143 [Thread-323] INFO  impl.RoleInfo (RoleInfo.java:updateAndGet(143)) - 43b8dda0-1fac-498c-94e0-436a32ed8ccd: start LeaderElection
2019-09-10 18:32:54,143 [Thread-310] INFO  impl.RoleInfo (RoleInfo.java:updateAndGet(143)) - fc430ad7-c10f-4afd-84a3-4263b60fc3a5: start LeaderElection
2019-09-10 18:32:54,143 [Thread-314] INFO  impl.RoleInfo (RoleInfo.java:updateAndGet(143)) - cfb62293-4a7a-44de-bace-70c992c1cb58: start LeaderElection
2019-09-10 18:32:54,165 [Thread-328] INFO  impl.FollowerState (FollowerState.java:run(106)) - 166d57fa-ec73-4a99-b6df-0ab3ad0d7909:group-248F13D822B7 changes to CANDIDATE, lastRpcTime:1080, electionTimeout:1080ms
2019-09-10 18:32:54,165 [Thread-328] INFO  impl.RoleInfo (RoleInfo.java:shutdownFollowerState(121)) - 166d57fa-ec73-4a99-b6df-0ab3ad0d7909: shutdown FollowerState
2019-09-10 18:32:54,165 [Thread-328] INFO  impl.RaftServerImpl (RaftServerImpl.java:setRole(174)) - 166d57fa-ec73-4a99-b6df-0ab3ad0d7909@group-248F13D822B7: changes role from  FOLLOWER to CANDIDATE at term 0 for changeToCandidate
2019-09-10 18:32:54,169 [fc430ad7-c10f-4afd-84a3-4263b60fc3a5@group-42EBC7B4679C:LeaderElection9] INFO  impl.LeaderElection (LeaderElection.java:askForVotes(182)) - fc430ad7-c10f-4afd-84a3-4263b60fc3a5@group-42EBC7B4679C:LeaderElection9: begin an election at term 1 for -1: [fc430ad7-c10f-4afd-84a3-4263b60fc3a5:192.168.5.139:34501], old=null
2019-09-10 18:32:54,169 [cfb62293-4a7a-44de-bace-70c992c1cb58@group-472E82651CB3:LeaderElection11] INFO  impl.LeaderElection (LeaderElection.java:askForVotes(182)) - cfb62293-4a7a-44de-bace-70c992c1cb58@group-472E82651CB3:LeaderElection11: begin an election at term 1 for -1: [cfb62293-4a7a-44de-bace-70c992c1cb58:192.168.5.139:38941], old=null
2019-09-10 18:32:54,169 [fc430ad7-c10f-4afd-84a3-4263b60fc3a5@group-42EBC7B4679C:LeaderElection9] INFO  impl.RoleInfo (RoleInfo.java:shutdownLeaderElection(134)) - fc430ad7-c10f-4afd-84a3-4263b60fc3a5: shutdown LeaderElection
2019-09-10 18:32:54,169 [43b8dda0-1fac-498c-94e0-436a32ed8ccd@group-248F13D822B7:LeaderElection10] INFO  impl.LeaderElection (LeaderElection.java:askForVotes(182)) - 43b8dda0-1fac-498c-94e0-436a32ed8ccd@group-248F13D822B7:LeaderElection10: begin an election at term 1 for -1: [43b8dda0-1fac-498c-94e0-436a32ed8ccd:192.168.5.139:45091, 166d57fa-ec73-4a99-b6df-0ab3ad0d7909:192.168.5.139:39780, 114338b4-3ae2-46b3-98b7-a583d2a0bf23:192.168.5.139:33171], old=null
2019-09-10 18:32:54,169 [fc430ad7-c10f-4afd-84a3-4263b60fc3a5@group-42EBC7B4679C:LeaderElection9] INFO  impl.RaftServerImpl (RaftServerImpl.java:setRole(174)) - fc430ad7-c10f-4afd-84a3-4263b60fc3a5@group-42EBC7B4679C: changes role from CANDIDATE to LEADER at term 1 for changeToLeader
2019-09-10 18:32:54,169 [cfb62293-4a7a-44de-bace-70c992c1cb58@group-472E82651CB3:LeaderElection11] INFO  impl.RoleInfo (RoleInfo.java:shutdownLeaderElection(134)) - cfb62293-4a7a-44de-bace-70c992c1cb58: shutdown LeaderElection
2019-09-10 18:32:54,169 [fc430ad7-c10f-4afd-84a3-4263b60fc3a5@group-42EBC7B4679C:LeaderElection9] INFO  impl.RaftServerImpl (ServerState.java:setLeader(253)) - fc430ad7-c10f-4afd-84a3-4263b60fc3a5@group-42EBC7B4679C: change Leader from null to fc430ad7-c10f-4afd-84a3-4263b60fc3a5 at term 1 for becomeLeader, leader elected after 1416ms
2019-09-10 18:32:54,170 [cfb62293-4a7a-44de-bace-70c992c1cb58@group-472E82651CB3:LeaderElection11] INFO  impl.RaftServerImpl (RaftServerImpl.java:setRole(174)) - cfb62293-4a7a-44de-bace-70c992c1cb58@group-472E82651CB3: changes role from CANDIDATE to LEADER at term 1 for changeToLeader
2019-09-10 18:32:54,170 [fc430ad7-c10f-4afd-84a3-4263b60fc3a5@group-42EBC7B4679C:LeaderElection9] INFO  server.RaftServerConfigKeys (ConfUtils.java:logGet(43)) - raft.server.staging.catchup.gap = 1000 (default)
2019-09-10 18:32:54,170 [cfb62293-4a7a-44de-bace-70c992c1cb58@group-472E82651CB3:LeaderElection11] INFO  impl.RaftServerImpl (ServerState.java:setLeader(253)) - cfb62293-4a7a-44de-bace-70c992c1cb58@group-472E82651CB3: change Leader from null to cfb62293-4a7a-44de-bace-70c992c1cb58 at term 1 for becomeLeader, leader elected after 1282ms
2019-09-10 18:32:54,170 [fc430ad7-c10f-4afd-84a3-4263b60fc3a5@group-42EBC7B4679C:LeaderElection9] INFO  server.RaftServerConfigKeys (ConfUtils.java:logGet(43)) - raft.server.rpc.sleep.time = 25ms (default)
2019-09-10 18:32:54,170 [cfb62293-4a7a-44de-bace-70c992c1cb58@group-472E82651CB3:LeaderElection11] INFO  server.RaftServerConfigKeys (ConfUtils.java:logGet(43)) - raft.server.staging.catchup.gap = 1000 (default)
2019-09-10 18:32:54,171 [cfb62293-4a7a-44de-bace-70c992c1cb58@group-472E82651CB3:LeaderElection11] INFO  server.RaftServerConfigKeys (ConfUtils.java:logGet(43)) - raft.server.rpc.sleep.time = 25ms (default)
2019-09-10 18:32:54,180 [Thread-328] INFO  impl.RoleInfo (RoleInfo.java:updateAndGet(143)) - 166d57fa-ec73-4a99-b6df-0ab3ad0d7909: start LeaderElection
2019-09-10 18:32:54,180 [cfb62293-4a7a-44de-bace-70c992c1cb58@group-472E82651CB3:LeaderElection11] INFO  server.RaftServerConfigKeys (ConfUtils.java:logGet(43)) - raft.server.write.element-limit = 4096 (default)
2019-09-10 18:32:54,180 [fc430ad7-c10f-4afd-84a3-4263b60fc3a5@group-42EBC7B4679C:LeaderElection9] INFO  server.RaftServerConfigKeys (ConfUtils.java:logGet(43)) - raft.server.write.element-limit = 4096 (default)
2019-09-10 18:32:54,185 [cfb62293-4a7a-44de-bace-70c992c1cb58@group-472E82651CB3:LeaderElection11] INFO  server.RaftServerConfigKeys (ConfUtils.java:logGet(43)) - raft.server.watch.timeout = 10s (default)
2019-09-10 18:32:54,185 [fc430ad7-c10f-4afd-84a3-4263b60fc3a5@group-42EBC7B4679C:LeaderElection9] INFO  server.RaftServerConfigKeys (ConfUtils.java:logGet(43)) - raft.server.watch.timeout = 10s (default)
2019-09-10 18:32:54,186 [cfb62293-4a7a-44de-bace-70c992c1cb58@group-472E82651CB3:LeaderElection11] INFO  server.RaftServerConfigKeys (ConfUtils.java:logGet(43)) - raft.server.watch.timeout.denomination = 1s (default)
2019-09-10 18:32:54,186 [fc430ad7-c10f-4afd-84a3-4263b60fc3a5@group-42EBC7B4679C:LeaderElection9] INFO  server.RaftServerConfigKeys (ConfUtils.java:logGet(43)) - raft.server.watch.timeout.denomination = 1s (default)
2019-09-10 18:32:54,186 [cfb62293-4a7a-44de-bace-70c992c1cb58@group-472E82651CB3:LeaderElection11] INFO  server.RaftServerConfigKeys (ConfUtils.java:logGet(43)) - raft.server.watch.element-limit = 65536 (default)
2019-09-10 18:32:54,186 [fc430ad7-c10f-4afd-84a3-4263b60fc3a5@group-42EBC7B4679C:LeaderElection9] INFO  server.RaftServerConfigKeys (ConfUtils.java:logGet(43)) - raft.server.watch.element-limit = 65536 (default)
2019-09-10 18:32:54,199 [166d57fa-ec73-4a99-b6df-0ab3ad0d7909@group-248F13D822B7:LeaderElection12] INFO  impl.LeaderElection (LeaderElection.java:askForVotes(182)) - 166d57fa-ec73-4a99-b6df-0ab3ad0d7909@group-248F13D822B7:LeaderElection12: begin an election at term 1 for -1: [43b8dda0-1fac-498c-94e0-436a32ed8ccd:192.168.5.139:45091, 166d57fa-ec73-4a99-b6df-0ab3ad0d7909:192.168.5.139:39780, 114338b4-3ae2-46b3-98b7-a583d2a0bf23:192.168.5.139:33171], old=null
2019-09-10 18:32:54,214 [IPC Server handler 1 on 34247] INFO  volume.OMVolumeCreateRequest (OMVolumeCreateRequest.java:validateAndUpdateCache(189)) - created volume:datanodefailurehandlingtest for user:jenkins1000
2019-09-10 18:32:54,218 [Thread-324] INFO  impl.FollowerState (FollowerState.java:run(106)) - 114338b4-3ae2-46b3-98b7-a583d2a0bf23:group-248F13D822B7 changes to CANDIDATE, lastRpcTime:1174, electionTimeout:1174ms
2019-09-10 18:32:54,218 [Thread-324] INFO  impl.RoleInfo (RoleInfo.java:shutdownFollowerState(121)) - 114338b4-3ae2-46b3-98b7-a583d2a0bf23: shutdown FollowerState
2019-09-10 18:32:54,218 [Thread-324] INFO  impl.RaftServerImpl (RaftServerImpl.java:setRole(174)) - 114338b4-3ae2-46b3-98b7-a583d2a0bf23@group-248F13D822B7: changes role from  FOLLOWER to CANDIDATE at term 0 for changeToCandidate
2019-09-10 18:32:54,219 [Thread-324] INFO  impl.RoleInfo (RoleInfo.java:updateAndGet(143)) - 114338b4-3ae2-46b3-98b7-a583d2a0bf23: start LeaderElection
2019-09-10 18:32:54,248 [Thread-333] INFO  impl.FollowerState (FollowerState.java:run(106)) - dc34f224-6fe7-4a16-b3d0-41df1e51aada:group-F10CA6FB56ED changes to CANDIDATE, lastRpcTime:1064, electionTimeout:1064ms
2019-09-10 18:32:54,248 [Thread-333] INFO  impl.RoleInfo (RoleInfo.java:shutdownFollowerState(121)) - dc34f224-6fe7-4a16-b3d0-41df1e51aada: shutdown FollowerState
2019-09-10 18:32:54,249 [Thread-333] INFO  impl.RaftServerImpl (RaftServerImpl.java:setRole(174)) - dc34f224-6fe7-4a16-b3d0-41df1e51aada@group-F10CA6FB56ED: changes role from  FOLLOWER to CANDIDATE at term 0 for changeToCandidate
2019-09-10 18:32:54,255 [114338b4-3ae2-46b3-98b7-a583d2a0bf23@group-248F13D822B7:LeaderElection13] INFO  impl.LeaderElection (LeaderElection.java:askForVotes(182)) - 114338b4-3ae2-46b3-98b7-a583d2a0bf23@group-248F13D822B7:LeaderElection13: begin an election at term 1 for -1: [43b8dda0-1fac-498c-94e0-436a32ed8ccd:192.168.5.139:45091, 166d57fa-ec73-4a99-b6df-0ab3ad0d7909:192.168.5.139:39780, 114338b4-3ae2-46b3-98b7-a583d2a0bf23:192.168.5.139:33171], old=null
2019-09-10 18:32:54,269 [Thread-335] INFO  impl.FollowerState (FollowerState.java:run(106)) - 7e7e06ff-ff15-4a73-bf67-b60124f5dbc2:group-F10CA6FB56ED changes to CANDIDATE, lastRpcTime:1065, electionTimeout:1065ms
2019-09-10 18:32:54,269 [Thread-335] INFO  impl.RoleInfo (RoleInfo.java:shutdownFollowerState(121)) - 7e7e06ff-ff15-4a73-bf67-b60124f5dbc2: shutdown FollowerState
2019-09-10 18:32:54,269 [Thread-335] INFO  impl.RaftServerImpl (RaftServerImpl.java:setRole(174)) - 7e7e06ff-ff15-4a73-bf67-b60124f5dbc2@group-F10CA6FB56ED: changes role from  FOLLOWER to CANDIDATE at term 0 for changeToCandidate
2019-09-10 18:32:54,272 [Thread-335] INFO  impl.RoleInfo (RoleInfo.java:updateAndGet(143)) - 7e7e06ff-ff15-4a73-bf67-b60124f5dbc2: start LeaderElection
2019-09-10 18:32:54,272 [Thread-333] INFO  impl.RoleInfo (RoleInfo.java:updateAndGet(143)) - dc34f224-6fe7-4a16-b3d0-41df1e51aada: start LeaderElection
2019-09-10 18:32:54,298 [Thread-336] INFO  impl.FollowerState (FollowerState.java:run(106)) - a5c56bc8-e609-4560-873f-c4715c8bfbf6:group-F10CA6FB56ED changes to CANDIDATE, lastRpcTime:1091, electionTimeout:1091ms
2019-09-10 18:32:54,298 [Thread-336] INFO  impl.RoleInfo (RoleInfo.java:shutdownFollowerState(121)) - a5c56bc8-e609-4560-873f-c4715c8bfbf6: shutdown FollowerState
2019-09-10 18:32:54,299 [Thread-336] INFO  impl.RaftServerImpl (RaftServerImpl.java:setRole(174)) - a5c56bc8-e609-4560-873f-c4715c8bfbf6@group-F10CA6FB56ED: changes role from  FOLLOWER to CANDIDATE at term 0 for changeToCandidate
2019-09-10 18:32:54,302 [43b8dda0-1fac-498c-94e0-436a32ed8ccd@group-248F13D822B7:LeaderElection10] INFO  impl.LeaderElection (LeaderElection.java:logAndReturn(56)) - 43b8dda0-1fac-498c-94e0-436a32ed8ccd@group-248F13D822B7:LeaderElection10: Election REJECTED; received 2 response(s) [43b8dda0-1fac-498c-94e0-436a32ed8ccd<-166d57fa-ec73-4a99-b6df-0ab3ad0d7909#0:FAIL-t1, 43b8dda0-1fac-498c-94e0-436a32ed8ccd<-114338b4-3ae2-46b3-98b7-a583d2a0bf23#0:FAIL-t1] and 0 exception(s); 43b8dda0-1fac-498c-94e0-436a32ed8ccd@group-248F13D822B7:t1, leader=null, voted=43b8dda0-1fac-498c-94e0-436a32ed8ccd, raftlog=43b8dda0-1fac-498c-94e0-436a32ed8ccd@group-248F13D822B7-SegmentedRaftLog:OPENED:c-1,f-1,i0, conf=-1: [43b8dda0-1fac-498c-94e0-436a32ed8ccd:192.168.5.139:45091, 166d57fa-ec73-4a99-b6df-0ab3ad0d7909:192.168.5.139:39780, 114338b4-3ae2-46b3-98b7-a583d2a0bf23:192.168.5.139:33171], old=null
2019-09-10 18:32:54,319 [dc34f224-6fe7-4a16-b3d0-41df1e51aada@group-F10CA6FB56ED:LeaderElection14] INFO  impl.LeaderElection (LeaderElection.java:askForVotes(182)) - dc34f224-6fe7-4a16-b3d0-41df1e51aada@group-F10CA6FB56ED:LeaderElection14: begin an election at term 1 for -1: [7e7e06ff-ff15-4a73-bf67-b60124f5dbc2:192.168.5.139:37758, a5c56bc8-e609-4560-873f-c4715c8bfbf6:192.168.5.139:44770, dc34f224-6fe7-4a16-b3d0-41df1e51aada:192.168.5.139:40510], old=null
2019-09-10 18:32:54,319 [7e7e06ff-ff15-4a73-bf67-b60124f5dbc2@group-F10CA6FB56ED:LeaderElection15] INFO  impl.LeaderElection (LeaderElection.java:askForVotes(182)) - 7e7e06ff-ff15-4a73-bf67-b60124f5dbc2@group-F10CA6FB56ED:LeaderElection15: begin an election at term 1 for -1: [7e7e06ff-ff15-4a73-bf67-b60124f5dbc2:192.168.5.139:37758, a5c56bc8-e609-4560-873f-c4715c8bfbf6:192.168.5.139:44770, dc34f224-6fe7-4a16-b3d0-41df1e51aada:192.168.5.139:40510], old=null
2019-09-10 18:32:54,330 [Thread-336] INFO  impl.RoleInfo (RoleInfo.java:updateAndGet(143)) - a5c56bc8-e609-4560-873f-c4715c8bfbf6: start LeaderElection
2019-09-10 18:32:54,343 [43b8dda0-1fac-498c-94e0-436a32ed8ccd@group-248F13D822B7:LeaderElection10] INFO  impl.RaftServerImpl (RaftServerImpl.java:setRole(174)) - 43b8dda0-1fac-498c-94e0-436a32ed8ccd@group-248F13D822B7: changes role from CANDIDATE to FOLLOWER at term 1 for DISCOVERED_A_NEW_TERM
2019-09-10 18:32:54,343 [166d57fa-ec73-4a99-b6df-0ab3ad0d7909@group-248F13D822B7:LeaderElection12] INFO  impl.LeaderElection (LeaderElection.java:logAndReturn(56)) - 166d57fa-ec73-4a99-b6df-0ab3ad0d7909@group-248F13D822B7:LeaderElection12: Election REJECTED; received 2 response(s) [166d57fa-ec73-4a99-b6df-0ab3ad0d7909<-43b8dda0-1fac-498c-94e0-436a32ed8ccd#0:FAIL-t1, 166d57fa-ec73-4a99-b6df-0ab3ad0d7909<-114338b4-3ae2-46b3-98b7-a583d2a0bf23#0:FAIL-t1] and 0 exception(s); 166d57fa-ec73-4a99-b6df-0ab3ad0d7909@group-248F13D822B7:t1, leader=null, voted=166d57fa-ec73-4a99-b6df-0ab3ad0d7909, raftlog=166d57fa-ec73-4a99-b6df-0ab3ad0d7909@group-248F13D822B7-SegmentedRaftLog:OPENED:c-1,f-1,i0, conf=-1: [43b8dda0-1fac-498c-94e0-436a32ed8ccd:192.168.5.139:45091, 166d57fa-ec73-4a99-b6df-0ab3ad0d7909:192.168.5.139:39780, 114338b4-3ae2-46b3-98b7-a583d2a0bf23:192.168.5.139:33171], old=null
2019-09-10 18:32:54,350 [43b8dda0-1fac-498c-94e0-436a32ed8ccd@group-248F13D822B7:LeaderElection10] INFO  impl.RoleInfo (RoleInfo.java:shutdownLeaderElection(134)) - 43b8dda0-1fac-498c-94e0-436a32ed8ccd: shutdown LeaderElection
2019-09-10 18:32:54,355 [166d57fa-ec73-4a99-b6df-0ab3ad0d7909@group-248F13D822B7:LeaderElection12] INFO  impl.RaftServerImpl (RaftServerImpl.java:setRole(174)) - 166d57fa-ec73-4a99-b6df-0ab3ad0d7909@group-248F13D822B7: changes role from CANDIDATE to FOLLOWER at term 1 for DISCOVERED_A_NEW_TERM
2019-09-10 18:32:54,358 [166d57fa-ec73-4a99-b6df-0ab3ad0d7909@group-248F13D822B7:LeaderElection12] INFO  impl.RoleInfo (RoleInfo.java:shutdownLeaderElection(134)) - 166d57fa-ec73-4a99-b6df-0ab3ad0d7909: shutdown LeaderElection
2019-09-10 18:32:54,360 [43b8dda0-1fac-498c-94e0-436a32ed8ccd@group-248F13D822B7:LeaderElection10] INFO  impl.RoleInfo (RoleInfo.java:updateAndGet(143)) - 43b8dda0-1fac-498c-94e0-436a32ed8ccd: start FollowerState
2019-09-10 18:32:54,364 [166d57fa-ec73-4a99-b6df-0ab3ad0d7909@group-248F13D822B7:LeaderElection12] INFO  impl.RoleInfo (RoleInfo.java:updateAndGet(143)) - 166d57fa-ec73-4a99-b6df-0ab3ad0d7909: start FollowerState
2019-09-10 18:32:54,373 [a5c56bc8-e609-4560-873f-c4715c8bfbf6@group-F10CA6FB56ED:LeaderElection16] INFO  impl.LeaderElection (LeaderElection.java:askForVotes(182)) - a5c56bc8-e609-4560-873f-c4715c8bfbf6@group-F10CA6FB56ED:LeaderElection16: begin an election at term 1 for -1: [7e7e06ff-ff15-4a73-bf67-b60124f5dbc2:192.168.5.139:37758, a5c56bc8-e609-4560-873f-c4715c8bfbf6:192.168.5.139:44770, dc34f224-6fe7-4a16-b3d0-41df1e51aada:192.168.5.139:40510], old=null
2019-09-10 18:32:54,418 [114338b4-3ae2-46b3-98b7-a583d2a0bf23@group-248F13D822B7:LeaderElection13] INFO  impl.LeaderElection (LeaderElection.java:logAndReturn(56)) - 114338b4-3ae2-46b3-98b7-a583d2a0bf23@group-248F13D822B7:LeaderElection13: Election REJECTED; received 2 response(s) [114338b4-3ae2-46b3-98b7-a583d2a0bf23<-43b8dda0-1fac-498c-94e0-436a32ed8ccd#0:FAIL-t1, 114338b4-3ae2-46b3-98b7-a583d2a0bf23<-166d57fa-ec73-4a99-b6df-0ab3ad0d7909#0:FAIL-t1] and 0 exception(s); 114338b4-3ae2-46b3-98b7-a583d2a0bf23@group-248F13D822B7:t1, leader=null, voted=114338b4-3ae2-46b3-98b7-a583d2a0bf23, raftlog=114338b4-3ae2-46b3-98b7-a583d2a0bf23@group-248F13D822B7-SegmentedRaftLog:OPENED:c-1,f-1,i0, conf=-1: [43b8dda0-1fac-498c-94e0-436a32ed8ccd:192.168.5.139:45091, 166d57fa-ec73-4a99-b6df-0ab3ad0d7909:192.168.5.139:39780, 114338b4-3ae2-46b3-98b7-a583d2a0bf23:192.168.5.139:33171], old=null
2019-09-10 18:32:54,418 [114338b4-3ae2-46b3-98b7-a583d2a0bf23@group-248F13D822B7:LeaderElection13] INFO  impl.RaftServerImpl (RaftServerImpl.java:setRole(174)) - 114338b4-3ae2-46b3-98b7-a583d2a0bf23@group-248F13D822B7: changes role from CANDIDATE to FOLLOWER at term 1 for DISCOVERED_A_NEW_TERM
2019-09-10 18:32:54,421 [114338b4-3ae2-46b3-98b7-a583d2a0bf23@group-248F13D822B7:LeaderElection13] INFO  impl.RoleInfo (RoleInfo.java:shutdownLeaderElection(134)) - 114338b4-3ae2-46b3-98b7-a583d2a0bf23: shutdown LeaderElection
2019-09-10 18:32:54,421 [114338b4-3ae2-46b3-98b7-a583d2a0bf23@group-248F13D822B7:LeaderElection13] INFO  impl.RoleInfo (RoleInfo.java:updateAndGet(143)) - 114338b4-3ae2-46b3-98b7-a583d2a0bf23: start FollowerState
2019-09-10 18:32:54,431 [main] INFO  rpc.RpcClient (RpcClient.java:createBucket(437)) - Creating Bucket: datanodefailurehandlingtest/datanodefailurehandlingtest, with Versioning false and Storage Type set to DISK and Encryption set to false 
2019-09-10 18:32:54,459 [7e7e06ff-ff15-4a73-bf67-b60124f5dbc2@group-F10CA6FB56ED:LeaderElection15] INFO  impl.LeaderElection (LeaderElection.java:logAndReturn(56)) - 7e7e06ff-ff15-4a73-bf67-b60124f5dbc2@group-F10CA6FB56ED:LeaderElection15: Election REJECTED; received 2 response(s) [7e7e06ff-ff15-4a73-bf67-b60124f5dbc2<-a5c56bc8-e609-4560-873f-c4715c8bfbf6#0:FAIL-t1, 7e7e06ff-ff15-4a73-bf67-b60124f5dbc2<-dc34f224-6fe7-4a16-b3d0-41df1e51aada#0:FAIL-t1] and 0 exception(s); 7e7e06ff-ff15-4a73-bf67-b60124f5dbc2@group-F10CA6FB56ED:t1, leader=null, voted=7e7e06ff-ff15-4a73-bf67-b60124f5dbc2, raftlog=7e7e06ff-ff15-4a73-bf67-b60124f5dbc2@group-F10CA6FB56ED-SegmentedRaftLog:OPENED:c-1,f-1,i0, conf=-1: [7e7e06ff-ff15-4a73-bf67-b60124f5dbc2:192.168.5.139:37758, a5c56bc8-e609-4560-873f-c4715c8bfbf6:192.168.5.139:44770, dc34f224-6fe7-4a16-b3d0-41df1e51aada:192.168.5.139:40510], old=null
2019-09-10 18:32:54,459 [dc34f224-6fe7-4a16-b3d0-41df1e51aada@group-F10CA6FB56ED:LeaderElection14] INFO  impl.LeaderElection (LeaderElection.java:logAndReturn(56)) - dc34f224-6fe7-4a16-b3d0-41df1e51aada@group-F10CA6FB56ED:LeaderElection14: Election REJECTED; received 2 response(s) [dc34f224-6fe7-4a16-b3d0-41df1e51aada<-7e7e06ff-ff15-4a73-bf67-b60124f5dbc2#0:FAIL-t1, dc34f224-6fe7-4a16-b3d0-41df1e51aada<-a5c56bc8-e609-4560-873f-c4715c8bfbf6#0:FAIL-t1] and 0 exception(s); dc34f224-6fe7-4a16-b3d0-41df1e51aada@group-F10CA6FB56ED:t1, leader=null, voted=dc34f224-6fe7-4a16-b3d0-41df1e51aada, raftlog=dc34f224-6fe7-4a16-b3d0-41df1e51aada@group-F10CA6FB56ED-SegmentedRaftLog:OPENED:c-1,f-1,i0, conf=-1: [7e7e06ff-ff15-4a73-bf67-b60124f5dbc2:192.168.5.139:37758, a5c56bc8-e609-4560-873f-c4715c8bfbf6:192.168.5.139:44770, dc34f224-6fe7-4a16-b3d0-41df1e51aada:192.168.5.139:40510], old=null
2019-09-10 18:32:54,460 [7e7e06ff-ff15-4a73-bf67-b60124f5dbc2@group-F10CA6FB56ED:LeaderElection15] INFO  impl.RaftServerImpl (RaftServerImpl.java:setRole(174)) - 7e7e06ff-ff15-4a73-bf67-b60124f5dbc2@group-F10CA6FB56ED: changes role from CANDIDATE to FOLLOWER at term 1 for DISCOVERED_A_NEW_TERM
2019-09-10 18:32:54,464 [dc34f224-6fe7-4a16-b3d0-41df1e51aada@group-F10CA6FB56ED:LeaderElection14] INFO  impl.RaftServerImpl (RaftServerImpl.java:setRole(174)) - dc34f224-6fe7-4a16-b3d0-41df1e51aada@group-F10CA6FB56ED: changes role from CANDIDATE to FOLLOWER at term 1 for DISCOVERED_A_NEW_TERM
2019-09-10 18:32:54,467 [Thread-283] INFO  container.ReplicationManager (ReplicationManager.java:start(162)) - Starting Replication Monitor Thread.
2019-09-10 18:32:54,465 [7e7e06ff-ff15-4a73-bf67-b60124f5dbc2@group-F10CA6FB56ED:LeaderElection15] INFO  impl.RoleInfo (RoleInfo.java:shutdownLeaderElection(134)) - 7e7e06ff-ff15-4a73-bf67-b60124f5dbc2: shutdown LeaderElection
2019-09-10 18:32:54,467 [a5c56bc8-e609-4560-873f-c4715c8bfbf6@group-F10CA6FB56ED:LeaderElection16] INFO  impl.LeaderElection (LeaderElection.java:logAndReturn(56)) - a5c56bc8-e609-4560-873f-c4715c8bfbf6@group-F10CA6FB56ED:LeaderElection16: Election REJECTED; received 2 response(s) [a5c56bc8-e609-4560-873f-c4715c8bfbf6<-7e7e06ff-ff15-4a73-bf67-b60124f5dbc2#0:FAIL-t1, a5c56bc8-e609-4560-873f-c4715c8bfbf6<-dc34f224-6fe7-4a16-b3d0-41df1e51aada#0:FAIL-t1] and 0 exception(s); a5c56bc8-e609-4560-873f-c4715c8bfbf6@group-F10CA6FB56ED:t1, leader=null, voted=a5c56bc8-e609-4560-873f-c4715c8bfbf6, raftlog=a5c56bc8-e609-4560-873f-c4715c8bfbf6@group-F10CA6FB56ED-SegmentedRaftLog:OPENED:c-1,f-1,i0, conf=-1: [7e7e06ff-ff15-4a73-bf67-b60124f5dbc2:192.168.5.139:37758, a5c56bc8-e609-4560-873f-c4715c8bfbf6:192.168.5.139:44770, dc34f224-6fe7-4a16-b3d0-41df1e51aada:192.168.5.139:40510], old=null
2019-09-10 18:32:54,467 [7e7e06ff-ff15-4a73-bf67-b60124f5dbc2@group-F10CA6FB56ED:LeaderElection15] INFO  impl.RoleInfo (RoleInfo.java:updateAndGet(143)) - 7e7e06ff-ff15-4a73-bf67-b60124f5dbc2: start FollowerState
2019-09-10 18:32:54,467 [dc34f224-6fe7-4a16-b3d0-41df1e51aada@group-F10CA6FB56ED:LeaderElection14] INFO  impl.RoleInfo (RoleInfo.java:shutdownLeaderElection(134)) - dc34f224-6fe7-4a16-b3d0-41df1e51aada: shutdown LeaderElection
2019-09-10 18:32:54,468 [a5c56bc8-e609-4560-873f-c4715c8bfbf6@group-F10CA6FB56ED:LeaderElection16] INFO  impl.RaftServerImpl (RaftServerImpl.java:setRole(174)) - a5c56bc8-e609-4560-873f-c4715c8bfbf6@group-F10CA6FB56ED: changes role from CANDIDATE to FOLLOWER at term 1 for DISCOVERED_A_NEW_TERM
2019-09-10 18:32:54,467 [cfb62293-4a7a-44de-bace-70c992c1cb58@group-472E82651CB3:LeaderElection11] INFO  impl.RoleInfo (RoleInfo.java:updateAndGet(143)) - cfb62293-4a7a-44de-bace-70c992c1cb58: start LeaderState
2019-09-10 18:32:54,479 [a5c56bc8-e609-4560-873f-c4715c8bfbf6@group-F10CA6FB56ED:LeaderElection16] INFO  impl.RoleInfo (RoleInfo.java:shutdownLeaderElection(134)) - a5c56bc8-e609-4560-873f-c4715c8bfbf6: shutdown LeaderElection
2019-09-10 18:32:54,479 [dc34f224-6fe7-4a16-b3d0-41df1e51aada@group-F10CA6FB56ED:LeaderElection14] INFO  impl.RoleInfo (RoleInfo.java:updateAndGet(143)) - dc34f224-6fe7-4a16-b3d0-41df1e51aada: start FollowerState
2019-09-10 18:32:54,479 [a5c56bc8-e609-4560-873f-c4715c8bfbf6@group-F10CA6FB56ED:LeaderElection16] INFO  impl.RoleInfo (RoleInfo.java:updateAndGet(143)) - a5c56bc8-e609-4560-873f-c4715c8bfbf6: start FollowerState
2019-09-10 18:32:54,479 [cfb62293-4a7a-44de-bace-70c992c1cb58@group-472E82651CB3:LeaderElection11] INFO  segmented.SegmentedRaftLogWorker (SegmentedRaftLogWorker.java:startLogSegment(380)) - cfb62293-4a7a-44de-bace-70c992c1cb58@group-472E82651CB3-SegmentedRaftLogWorker: Starting segment from index:0
2019-09-10 18:32:54,479 [ReplicationMonitor] INFO  container.ReplicationManager (ReplicationManager.java:run(225)) - Replication Monitor Thread took 0 milliseconds for processing 0 containers.
2019-09-10 18:32:54,480 [cfb62293-4a7a-44de-bace-70c992c1cb58@group-472E82651CB3:LeaderElection11] INFO  impl.RaftServerImpl (ServerState.java:setRaftConf(354)) - cfb62293-4a7a-44de-bace-70c992c1cb58@group-472E82651CB3: set configuration 0: [cfb62293-4a7a-44de-bace-70c992c1cb58:192.168.5.139:38941], old=null at 0
2019-09-10 18:32:54,481 [f9c92805-78f9-4aa2-ad11-0f5c06c060e3@group-389E025C87D1:LeaderElection8] INFO  impl.RoleInfo (RoleInfo.java:updateAndGet(143)) - f9c92805-78f9-4aa2-ad11-0f5c06c060e3: start LeaderState
2019-09-10 18:32:54,481 [fc430ad7-c10f-4afd-84a3-4263b60fc3a5@group-42EBC7B4679C:LeaderElection9] INFO  impl.RoleInfo (RoleInfo.java:updateAndGet(143)) - fc430ad7-c10f-4afd-84a3-4263b60fc3a5: start LeaderState
2019-09-10 18:32:54,481 [f9c92805-78f9-4aa2-ad11-0f5c06c060e3@group-389E025C87D1:LeaderElection8] INFO  segmented.SegmentedRaftLogWorker (SegmentedRaftLogWorker.java:startLogSegment(380)) - f9c92805-78f9-4aa2-ad11-0f5c06c060e3@group-389E025C87D1-SegmentedRaftLogWorker: Starting segment from index:0
2019-09-10 18:32:54,481 [fc430ad7-c10f-4afd-84a3-4263b60fc3a5@group-42EBC7B4679C:LeaderElection9] INFO  segmented.SegmentedRaftLogWorker (SegmentedRaftLogWorker.java:startLogSegment(380)) - fc430ad7-c10f-4afd-84a3-4263b60fc3a5@group-42EBC7B4679C-SegmentedRaftLogWorker: Starting segment from index:0
2019-09-10 18:32:54,481 [f9c92805-78f9-4aa2-ad11-0f5c06c060e3@group-389E025C87D1:LeaderElection8] INFO  impl.RaftServerImpl (ServerState.java:setRaftConf(354)) - f9c92805-78f9-4aa2-ad11-0f5c06c060e3@group-389E025C87D1: set configuration 0: [f9c92805-78f9-4aa2-ad11-0f5c06c060e3:192.168.5.139:43690], old=null at 0
2019-09-10 18:32:54,481 [a5c56bc8-e609-4560-873f-c4715c8bfbf6@group-E0F4C567A405:LeaderElection7] INFO  impl.RoleInfo (RoleInfo.java:updateAndGet(143)) - a5c56bc8-e609-4560-873f-c4715c8bfbf6: start LeaderState
2019-09-10 18:32:54,482 [a5c56bc8-e609-4560-873f-c4715c8bfbf6@group-E0F4C567A405:LeaderElection7] INFO  segmented.SegmentedRaftLogWorker (SegmentedRaftLogWorker.java:startLogSegment(380)) - a5c56bc8-e609-4560-873f-c4715c8bfbf6@group-E0F4C567A405-SegmentedRaftLogWorker: Starting segment from index:0
2019-09-10 18:32:54,482 [fc430ad7-c10f-4afd-84a3-4263b60fc3a5@group-42EBC7B4679C:LeaderElection9] INFO  impl.RaftServerImpl (ServerState.java:setRaftConf(354)) - fc430ad7-c10f-4afd-84a3-4263b60fc3a5@group-42EBC7B4679C: set configuration 0: [fc430ad7-c10f-4afd-84a3-4263b60fc3a5:192.168.5.139:34501], old=null at 0
2019-09-10 18:32:54,482 [a5c56bc8-e609-4560-873f-c4715c8bfbf6@group-E0F4C567A405:LeaderElection7] INFO  impl.RaftServerImpl (ServerState.java:setRaftConf(354)) - a5c56bc8-e609-4560-873f-c4715c8bfbf6@group-E0F4C567A405: set configuration 0: [a5c56bc8-e609-4560-873f-c4715c8bfbf6:192.168.5.139:44770], old=null at 0
2019-09-10 18:32:54,515 [pool-67-thread-1] INFO  impl.RaftServerImpl (RaftServerImpl.java:start(185)) - f9c92805-78f9-4aa2-ad11-0f5c06c060e3@group-C790A911BCD5: start as a follower, conf=-1: [f9c92805-78f9-4aa2-ad11-0f5c06c060e3:192.168.5.139:43690, 59afee6f-3342-47f6-8cd2-a67165187773:192.168.5.139:42383, fc430ad7-c10f-4afd-84a3-4263b60fc3a5:192.168.5.139:34501], old=null
2019-09-10 18:32:54,516 [pool-67-thread-1] INFO  impl.RaftServerImpl (RaftServerImpl.java:setRole(174)) - f9c92805-78f9-4aa2-ad11-0f5c06c060e3@group-C790A911BCD5: changes role from      null to FOLLOWER at term 0 for startAsFollower
2019-09-10 18:32:54,516 [pool-67-thread-1] INFO  impl.RoleInfo (RoleInfo.java:updateAndGet(143)) - f9c92805-78f9-4aa2-ad11-0f5c06c060e3: start FollowerState
2019-09-10 18:32:54,516 [pool-67-thread-1] INFO  util.JmxRegister (JmxRegister.java:tryRegister(44)) - Successfully registered JMX Bean with object name Ratis:service=RaftServer,group=group-C790A911BCD5,id=f9c92805-78f9-4aa2-ad11-0f5c06c060e3
2019-09-10 18:32:54,516 [pool-117-thread-1] INFO  impl.RaftServerImpl (RaftServerImpl.java:start(185)) - fc430ad7-c10f-4afd-84a3-4263b60fc3a5@group-C790A911BCD5: start as a follower, conf=-1: [f9c92805-78f9-4aa2-ad11-0f5c06c060e3:192.168.5.139:43690, 59afee6f-3342-47f6-8cd2-a67165187773:192.168.5.139:42383, fc430ad7-c10f-4afd-84a3-4263b60fc3a5:192.168.5.139:34501], old=null
2019-09-10 18:32:54,516 [7e7e06ff-ff15-4a73-bf67-b60124f5dbc2@group-E77A4CB279AA:LeaderElection6] INFO  impl.RoleInfo (RoleInfo.java:updateAndGet(143)) - 7e7e06ff-ff15-4a73-bf67-b60124f5dbc2: start LeaderState
2019-09-10 18:32:54,516 [pool-27-thread-1] INFO  impl.RaftServerImpl (RaftServerImpl.java:start(185)) - 59afee6f-3342-47f6-8cd2-a67165187773@group-C790A911BCD5: start as a follower, conf=-1: [f9c92805-78f9-4aa2-ad11-0f5c06c060e3:192.168.5.139:43690, 59afee6f-3342-47f6-8cd2-a67165187773:192.168.5.139:42383, fc430ad7-c10f-4afd-84a3-4263b60fc3a5:192.168.5.139:34501], old=null
2019-09-10 18:32:54,516 [pool-117-thread-1] INFO  impl.RaftServerImpl (RaftServerImpl.java:setRole(174)) - fc430ad7-c10f-4afd-84a3-4263b60fc3a5@group-C790A911BCD5: changes role from      null to FOLLOWER at term 0 for startAsFollower
2019-09-10 18:32:54,517 [7e7e06ff-ff15-4a73-bf67-b60124f5dbc2@group-E77A4CB279AA:LeaderElection6] INFO  segmented.SegmentedRaftLogWorker (SegmentedRaftLogWorker.java:startLogSegment(380)) - 7e7e06ff-ff15-4a73-bf67-b60124f5dbc2@group-E77A4CB279AA-SegmentedRaftLogWorker: Starting segment from index:0
2019-09-10 18:32:54,517 [pool-27-thread-1] INFO  impl.RaftServerImpl (RaftServerImpl.java:setRole(174)) - 59afee6f-3342-47f6-8cd2-a67165187773@group-C790A911BCD5: changes role from      null to FOLLOWER at term 0 for startAsFollower
2019-09-10 18:32:54,517 [pool-117-thread-1] INFO  impl.RoleInfo (RoleInfo.java:updateAndGet(143)) - fc430ad7-c10f-4afd-84a3-4263b60fc3a5: start FollowerState
2019-09-10 18:32:54,517 [pool-27-thread-1] INFO  impl.RoleInfo (RoleInfo.java:updateAndGet(143)) - 59afee6f-3342-47f6-8cd2-a67165187773: start FollowerState
2019-09-10 18:32:54,517 [7e7e06ff-ff15-4a73-bf67-b60124f5dbc2@group-E77A4CB279AA:LeaderElection6] INFO  impl.RaftServerImpl (ServerState.java:setRaftConf(354)) - 7e7e06ff-ff15-4a73-bf67-b60124f5dbc2@group-E77A4CB279AA: set configuration 0: [7e7e06ff-ff15-4a73-bf67-b60124f5dbc2:192.168.5.139:37758], old=null at 0
2019-09-10 18:32:54,518 [pool-117-thread-1] INFO  util.JmxRegister (JmxRegister.java:tryRegister(44)) - Successfully registered JMX Bean with object name Ratis:service=RaftServer,group=group-C790A911BCD5,id=fc430ad7-c10f-4afd-84a3-4263b60fc3a5
2019-09-10 18:32:54,518 [pool-27-thread-1] INFO  util.JmxRegister (JmxRegister.java:tryRegister(44)) - Successfully registered JMX Bean with object name Ratis:service=RaftServer,group=group-C790A911BCD5,id=59afee6f-3342-47f6-8cd2-a67165187773
2019-09-10 18:32:54,521 [RatisPipelineUtilsThread] INFO  pipeline.PipelineStateManager (PipelineStateManager.java:addPipeline(56)) - Created pipeline Pipeline[ Id: fde91d5f-f83b-424e-970c-c790a911bcd5, Nodes: f9c92805-78f9-4aa2-ad11-0f5c06c060e3{ip: 192.168.5.139, host: pr-hdds-1786-trunk-k6rzm-1803654198, networkLocation: /default-rack, certSerialId: null}59afee6f-3342-47f6-8cd2-a67165187773{ip: 192.168.5.139, host: pr-hdds-1786-trunk-k6rzm-1803654198, networkLocation: /default-rack, certSerialId: null}fc430ad7-c10f-4afd-84a3-4263b60fc3a5{ip: 192.168.5.139, host: pr-hdds-1786-trunk-k6rzm-1803654198, networkLocation: /default-rack, certSerialId: null}, Type:RATIS, Factor:THREE, State:OPEN]
2019-09-10 18:32:54,555 [a5c56bc8-e609-4560-873f-c4715c8bfbf6@group-E0F4C567A405-SegmentedRaftLogWorker] INFO  segmented.SegmentedRaftLogWorker (SegmentedRaftLogWorker.java:execute(569)) - a5c56bc8-e609-4560-873f-c4715c8bfbf6@group-E0F4C567A405-SegmentedRaftLogWorker: created new log segment /workdir/hadoop-ozone/integration-test/target/test-dir/MiniOzoneClusterImpl-34bd394c-9e3d-49fb-9b5f-f4de544d8d6b/datanode-5/data/ratis/a6d54b20-34e3-4893-8a87-e0f4c567a405/current/log_inprogress_0
2019-09-10 18:32:54,555 [cfb62293-4a7a-44de-bace-70c992c1cb58@group-472E82651CB3-SegmentedRaftLogWorker] INFO  segmented.SegmentedRaftLogWorker (SegmentedRaftLogWorker.java:execute(569)) - cfb62293-4a7a-44de-bace-70c992c1cb58@group-472E82651CB3-SegmentedRaftLogWorker: created new log segment /workdir/hadoop-ozone/integration-test/target/test-dir/MiniOzoneClusterImpl-34bd394c-9e3d-49fb-9b5f-f4de544d8d6b/datanode-3/data/ratis/de38bea3-6563-4100-9478-472e82651cb3/current/log_inprogress_0
2019-09-10 18:32:54,556 [f9c92805-78f9-4aa2-ad11-0f5c06c060e3@group-389E025C87D1-SegmentedRaftLogWorker] INFO  segmented.SegmentedRaftLogWorker (SegmentedRaftLogWorker.java:execute(569)) - f9c92805-78f9-4aa2-ad11-0f5c06c060e3@group-389E025C87D1-SegmentedRaftLogWorker: created new log segment /workdir/hadoop-ozone/integration-test/target/test-dir/MiniOzoneClusterImpl-34bd394c-9e3d-49fb-9b5f-f4de544d8d6b/datanode-4/data/ratis/537933fd-7a41-475a-aed8-389e025c87d1/current/log_inprogress_0
2019-09-10 18:32:54,555 [fc430ad7-c10f-4afd-84a3-4263b60fc3a5@group-42EBC7B4679C-SegmentedRaftLogWorker] INFO  segmented.SegmentedRaftLogWorker (SegmentedRaftLogWorker.java:execute(569)) - fc430ad7-c10f-4afd-84a3-4263b60fc3a5@group-42EBC7B4679C-SegmentedRaftLogWorker: created new log segment /workdir/hadoop-ozone/integration-test/target/test-dir/MiniOzoneClusterImpl-34bd394c-9e3d-49fb-9b5f-f4de544d8d6b/datanode-9/data/ratis/f39e26ad-f5f2-4eb2-b294-42ebc7b4679c/current/log_inprogress_0
2019-09-10 18:32:54,577 [7e7e06ff-ff15-4a73-bf67-b60124f5dbc2@group-E77A4CB279AA-SegmentedRaftLogWorker] INFO  segmented.SegmentedRaftLogWorker (SegmentedRaftLogWorker.java:execute(569)) - 7e7e06ff-ff15-4a73-bf67-b60124f5dbc2@group-E77A4CB279AA-SegmentedRaftLogWorker: created new log segment /workdir/hadoop-ozone/integration-test/target/test-dir/MiniOzoneClusterImpl-34bd394c-9e3d-49fb-9b5f-f4de544d8d6b/datanode-6/data/ratis/2ffe841b-a4a3-4f3a-ba1f-e77a4cb279aa/current/log_inprogress_0
2019-09-10 18:32:54,872 [main] INFO  impl.MetricsSystemImpl (MetricsSystemImpl.java:init(158)) - XceiverClientMetrics metrics system started (again)
2019-09-10 18:32:55,032 [grpc-default-executor-3] INFO  client.GrpcClientProtocolClient (GrpcClientProtocolClient.java:onNext(264)) - client-6009901347B3->dc34f224-6fe7-4a16-b3d0-41df1e51aada: receive RaftClientReply:client-6009901347B3->dc34f224-6fe7-4a16-b3d0-41df1e51aada@group-F10CA6FB56ED, cid=19, FAILED org.apache.ratis.protocol.NotLeaderException: Server dc34f224-6fe7-4a16-b3d0-41df1e51aada@group-F10CA6FB56ED is not the leader, logIndex=0, commits[dc34f224-6fe7-4a16-b3d0-41df1e51aada:c-1]
2019-09-10 18:32:55,381 [Thread-374] INFO  impl.FollowerState (FollowerState.java:run(106)) - 43b8dda0-1fac-498c-94e0-436a32ed8ccd:group-248F13D822B7 changes to CANDIDATE, lastRpcTime:1021, electionTimeout:1017ms
2019-09-10 18:32:55,381 [Thread-374] INFO  impl.RoleInfo (RoleInfo.java:shutdownFollowerState(121)) - 43b8dda0-1fac-498c-94e0-436a32ed8ccd: shutdown FollowerState
2019-09-10 18:32:55,382 [Thread-374] INFO  impl.RaftServerImpl (RaftServerImpl.java:setRole(174)) - 43b8dda0-1fac-498c-94e0-436a32ed8ccd@group-248F13D822B7: changes role from  FOLLOWER to CANDIDATE at term 1 for changeToCandidate
2019-09-10 18:32:55,382 [Thread-374] INFO  impl.RoleInfo (RoleInfo.java:updateAndGet(143)) - 43b8dda0-1fac-498c-94e0-436a32ed8ccd: start LeaderElection
2019-09-10 18:32:55,412 [43b8dda0-1fac-498c-94e0-436a32ed8ccd@group-248F13D822B7:LeaderElection17] INFO  impl.LeaderElection (LeaderElection.java:askForVotes(182)) - 43b8dda0-1fac-498c-94e0-436a32ed8ccd@group-248F13D822B7:LeaderElection17: begin an election at term 2 for -1: [43b8dda0-1fac-498c-94e0-436a32ed8ccd:192.168.5.139:45091, 166d57fa-ec73-4a99-b6df-0ab3ad0d7909:192.168.5.139:39780, 114338b4-3ae2-46b3-98b7-a583d2a0bf23:192.168.5.139:33171], old=null
2019-09-10 18:32:55,423 [grpc-default-executor-2] INFO  impl.RaftServerImpl (RaftServerImpl.java:setRole(174)) - 166d57fa-ec73-4a99-b6df-0ab3ad0d7909@group-248F13D822B7: changes role from  FOLLOWER to FOLLOWER at term 2 for recognizeCandidate:43b8dda0-1fac-498c-94e0-436a32ed8ccd
2019-09-10 18:32:55,423 [grpc-default-executor-3] INFO  impl.RaftServerImpl (RaftServerImpl.java:setRole(174)) - 114338b4-3ae2-46b3-98b7-a583d2a0bf23@group-248F13D822B7: changes role from  FOLLOWER to FOLLOWER at term 2 for recognizeCandidate:43b8dda0-1fac-498c-94e0-436a32ed8ccd
2019-09-10 18:32:55,423 [grpc-default-executor-2] INFO  impl.RoleInfo (RoleInfo.java:shutdownFollowerState(121)) - 166d57fa-ec73-4a99-b6df-0ab3ad0d7909: shutdown FollowerState
2019-09-10 18:32:55,423 [grpc-default-executor-3] INFO  impl.RoleInfo (RoleInfo.java:shutdownFollowerState(121)) - 114338b4-3ae2-46b3-98b7-a583d2a0bf23: shutdown FollowerState
2019-09-10 18:32:55,424 [grpc-default-executor-2] INFO  impl.RoleInfo (RoleInfo.java:updateAndGet(143)) - 166d57fa-ec73-4a99-b6df-0ab3ad0d7909: start FollowerState
2019-09-10 18:32:55,424 [Thread-378] INFO  impl.FollowerState (FollowerState.java:run(115)) - 114338b4-3ae2-46b3-98b7-a583d2a0bf23: FollowerState was interrupted: java.lang.InterruptedException: sleep interrupted
2019-09-10 18:32:55,424 [grpc-default-executor-3] INFO  impl.RoleInfo (RoleInfo.java:updateAndGet(143)) - 114338b4-3ae2-46b3-98b7-a583d2a0bf23: start FollowerState
2019-09-10 18:32:55,424 [Thread-375] INFO  impl.FollowerState (FollowerState.java:run(115)) - 166d57fa-ec73-4a99-b6df-0ab3ad0d7909: FollowerState was interrupted: java.lang.InterruptedException: sleep interrupted
2019-09-10 18:32:55,468 [43b8dda0-1fac-498c-94e0-436a32ed8ccd@group-248F13D822B7:LeaderElection17] INFO  impl.LeaderElection (LeaderElection.java:logAndReturn(56)) - 43b8dda0-1fac-498c-94e0-436a32ed8ccd@group-248F13D822B7:LeaderElection17: Election PASSED; received 1 response(s) [43b8dda0-1fac-498c-94e0-436a32ed8ccd<-166d57fa-ec73-4a99-b6df-0ab3ad0d7909#0:OK-t2] and 0 exception(s); 43b8dda0-1fac-498c-94e0-436a32ed8ccd@group-248F13D822B7:t2, leader=null, voted=43b8dda0-1fac-498c-94e0-436a32ed8ccd, raftlog=43b8dda0-1fac-498c-94e0-436a32ed8ccd@group-248F13D822B7-SegmentedRaftLog:OPENED:c-1,f-1,i0, conf=-1: [43b8dda0-1fac-498c-94e0-436a32ed8ccd:192.168.5.139:45091, 166d57fa-ec73-4a99-b6df-0ab3ad0d7909:192.168.5.139:39780, 114338b4-3ae2-46b3-98b7-a583d2a0bf23:192.168.5.139:33171], old=null
2019-09-10 18:32:55,468 [43b8dda0-1fac-498c-94e0-436a32ed8ccd@group-248F13D822B7:LeaderElection17] INFO  impl.RoleInfo (RoleInfo.java:shutdownLeaderElection(134)) - 43b8dda0-1fac-498c-94e0-436a32ed8ccd: shutdown LeaderElection
2019-09-10 18:32:55,472 [43b8dda0-1fac-498c-94e0-436a32ed8ccd@group-248F13D822B7:LeaderElection17] INFO  impl.RaftServerImpl (RaftServerImpl.java:setRole(174)) - 43b8dda0-1fac-498c-94e0-436a32ed8ccd@group-248F13D822B7: changes role from CANDIDATE to LEADER at term 2 for changeToLeader
2019-09-10 18:32:55,472 [43b8dda0-1fac-498c-94e0-436a32ed8ccd@group-248F13D822B7:LeaderElection17] INFO  impl.RaftServerImpl (ServerState.java:setLeader(253)) - 43b8dda0-1fac-498c-94e0-436a32ed8ccd@group-248F13D822B7: change Leader from null to 43b8dda0-1fac-498c-94e0-436a32ed8ccd at term 2 for becomeLeader, leader elected after 2441ms
2019-09-10 18:32:55,472 [43b8dda0-1fac-498c-94e0-436a32ed8ccd@group-248F13D822B7:LeaderElection17] INFO  server.RaftServerConfigKeys (ConfUtils.java:logGet(43)) - raft.server.staging.catchup.gap = 1000 (default)
2019-09-10 18:32:55,473 [43b8dda0-1fac-498c-94e0-436a32ed8ccd@group-248F13D822B7:LeaderElection17] INFO  server.RaftServerConfigKeys (ConfUtils.java:logGet(43)) - raft.server.rpc.sleep.time = 25ms (default)
2019-09-10 18:32:55,473 [43b8dda0-1fac-498c-94e0-436a32ed8ccd@group-248F13D822B7:LeaderElection17] INFO  server.RaftServerConfigKeys (ConfUtils.java:logGet(43)) - raft.server.write.element-limit = 4096 (default)
2019-09-10 18:32:55,473 [43b8dda0-1fac-498c-94e0-436a32ed8ccd@group-248F13D822B7:LeaderElection17] INFO  server.RaftServerConfigKeys (ConfUtils.java:logGet(43)) - raft.server.watch.timeout = 10s (default)
2019-09-10 18:32:55,473 [43b8dda0-1fac-498c-94e0-436a32ed8ccd@group-248F13D822B7:LeaderElection17] INFO  server.RaftServerConfigKeys (ConfUtils.java:logGet(43)) - raft.server.watch.timeout.denomination = 1s (default)
2019-09-10 18:32:55,473 [43b8dda0-1fac-498c-94e0-436a32ed8ccd@group-248F13D822B7:LeaderElection17] INFO  server.RaftServerConfigKeys (ConfUtils.java:logGet(43)) - raft.server.watch.element-limit = 65536 (default)
2019-09-10 18:32:55,480 [43b8dda0-1fac-498c-94e0-436a32ed8ccd@group-248F13D822B7:LeaderElection17] INFO  server.RaftServerConfigKeys (ConfUtils.java:logGet(43)) - raft.server.log.appender.snapshot.chunk.size.max = 16MB (=16777216) (default)
2019-09-10 18:32:55,480 [43b8dda0-1fac-498c-94e0-436a32ed8ccd@group-248F13D822B7:LeaderElection17] INFO  server.RaftServerConfigKeys (ConfUtils.java:logGet(43)) - raft.server.log.appender.buffer.byte-limit = 33554432 (custom)
2019-09-10 18:32:55,481 [43b8dda0-1fac-498c-94e0-436a32ed8ccd@group-248F13D822B7:LeaderElection17] INFO  server.RaftServerConfigKeys (ConfUtils.java:logGet(43)) - raft.server.log.appender.buffer.element-limit = 1 (custom)
2019-09-10 18:32:55,485 [43b8dda0-1fac-498c-94e0-436a32ed8ccd@group-248F13D822B7:LeaderElection17] INFO  grpc.GrpcConfigKeys$Server (ConfUtils.java:logGet(43)) - raft.grpc.server.leader.outstanding.appends.max = 128 (default)
2019-09-10 18:32:55,496 [43b8dda0-1fac-498c-94e0-436a32ed8ccd@group-248F13D822B7:LeaderElection17] INFO  server.RaftServerConfigKeys (ConfUtils.java:logGet(43)) - raft.server.rpc.request.timeout = 3000ms (default)
2019-09-10 18:32:55,496 [43b8dda0-1fac-498c-94e0-436a32ed8ccd@group-248F13D822B7:LeaderElection17] INFO  server.RaftServerConfigKeys (ConfUtils.java:logGet(43)) - raft.server.log.appender.install.snapshot.enabled = false (custom)
2019-09-10 18:32:55,497 [43b8dda0-1fac-498c-94e0-436a32ed8ccd@group-248F13D822B7:LeaderElection17] INFO  server.RaftServerConfigKeys (ConfUtils.java:logGet(43)) - raft.server.log.appender.snapshot.chunk.size.max = 16MB (=16777216) (default)
2019-09-10 18:32:55,498 [43b8dda0-1fac-498c-94e0-436a32ed8ccd@group-248F13D822B7:LeaderElection17] INFO  server.RaftServerConfigKeys (ConfUtils.java:logGet(43)) - raft.server.log.appender.buffer.byte-limit = 33554432 (custom)
2019-09-10 18:32:55,498 [43b8dda0-1fac-498c-94e0-436a32ed8ccd@group-248F13D822B7:LeaderElection17] INFO  server.RaftServerConfigKeys (ConfUtils.java:logGet(43)) - raft.server.log.appender.buffer.element-limit = 1 (custom)
2019-09-10 18:32:55,498 [43b8dda0-1fac-498c-94e0-436a32ed8ccd@group-248F13D822B7:LeaderElection17] INFO  grpc.GrpcConfigKeys$Server (ConfUtils.java:logGet(43)) - raft.grpc.server.leader.outstanding.appends.max = 128 (default)
2019-09-10 18:32:55,498 [43b8dda0-1fac-498c-94e0-436a32ed8ccd@group-248F13D822B7:LeaderElection17] INFO  server.RaftServerConfigKeys (ConfUtils.java:logGet(43)) - raft.server.rpc.request.timeout = 3000ms (default)
2019-09-10 18:32:55,498 [43b8dda0-1fac-498c-94e0-436a32ed8ccd@group-248F13D822B7:LeaderElection17] INFO  server.RaftServerConfigKeys (ConfUtils.java:logGet(43)) - raft.server.log.appender.install.snapshot.enabled = false (custom)
2019-09-10 18:32:55,500 [43b8dda0-1fac-498c-94e0-436a32ed8ccd@group-248F13D822B7:LeaderElection17] INFO  impl.RoleInfo (RoleInfo.java:updateAndGet(143)) - 43b8dda0-1fac-498c-94e0-436a32ed8ccd: start LeaderState
2019-09-10 18:32:55,500 [43b8dda0-1fac-498c-94e0-436a32ed8ccd@group-248F13D822B7:LeaderElection17] INFO  segmented.SegmentedRaftLogWorker (SegmentedRaftLogWorker.java:startLogSegment(380)) - 43b8dda0-1fac-498c-94e0-436a32ed8ccd@group-248F13D822B7-SegmentedRaftLogWorker: Starting segment from index:0
2019-09-10 18:32:55,501 [43b8dda0-1fac-498c-94e0-436a32ed8ccd@group-248F13D822B7:LeaderElection17] INFO  impl.RaftServerImpl (ServerState.java:setRaftConf(354)) - 43b8dda0-1fac-498c-94e0-436a32ed8ccd@group-248F13D822B7: set configuration 0: [43b8dda0-1fac-498c-94e0-436a32ed8ccd:192.168.5.139:45091, 166d57fa-ec73-4a99-b6df-0ab3ad0d7909:192.168.5.139:39780, 114338b4-3ae2-46b3-98b7-a583d2a0bf23:192.168.5.139:33171], old=null at 0
2019-09-10 18:32:55,566 [43b8dda0-1fac-498c-94e0-436a32ed8ccd@group-248F13D822B7-SegmentedRaftLogWorker] INFO  segmented.SegmentedRaftLogWorker (SegmentedRaftLogWorker.java:execute(569)) - 43b8dda0-1fac-498c-94e0-436a32ed8ccd@group-248F13D822B7-SegmentedRaftLogWorker: created new log segment /workdir/hadoop-ozone/integration-test/target/test-dir/MiniOzoneClusterImpl-34bd394c-9e3d-49fb-9b5f-f4de544d8d6b/datanode-8/data/ratis/65e8c64c-afec-4d62-a834-248f13d822b7/current/log_inprogress_0
2019-09-10 18:32:55,569 [Thread-379] INFO  impl.FollowerState (FollowerState.java:run(106)) - 7e7e06ff-ff15-4a73-bf67-b60124f5dbc2:group-F10CA6FB56ED changes to CANDIDATE, lastRpcTime:1101, electionTimeout:1088ms
2019-09-10 18:32:55,568 [Thread-385] INFO  impl.FollowerState (FollowerState.java:run(106)) - fc430ad7-c10f-4afd-84a3-4263b60fc3a5:group-C790A911BCD5 changes to CANDIDATE, lastRpcTime:1051, electionTimeout:1050ms
2019-09-10 18:32:55,569 [Thread-379] INFO  impl.RoleInfo (RoleInfo.java:shutdownFollowerState(121)) - 7e7e06ff-ff15-4a73-bf67-b60124f5dbc2: shutdown FollowerState
2019-09-10 18:32:55,569 [Thread-385] INFO  impl.RoleInfo (RoleInfo.java:shutdownFollowerState(121)) - fc430ad7-c10f-4afd-84a3-4263b60fc3a5: shutdown FollowerState
2019-09-10 18:32:55,569 [Thread-379] INFO  impl.RaftServerImpl (RaftServerImpl.java:setRole(174)) - 7e7e06ff-ff15-4a73-bf67-b60124f5dbc2@group-F10CA6FB56ED: changes role from  FOLLOWER to CANDIDATE at term 1 for changeToCandidate
2019-09-10 18:32:55,569 [Thread-385] INFO  impl.RaftServerImpl (RaftServerImpl.java:setRole(174)) - fc430ad7-c10f-4afd-84a3-4263b60fc3a5@group-C790A911BCD5: changes role from  FOLLOWER to CANDIDATE at term 0 for changeToCandidate
2019-09-10 18:32:55,569 [Thread-379] INFO  impl.RoleInfo (RoleInfo.java:updateAndGet(143)) - 7e7e06ff-ff15-4a73-bf67-b60124f5dbc2: start LeaderElection
2019-09-10 18:32:55,570 [Thread-385] INFO  impl.RoleInfo (RoleInfo.java:updateAndGet(143)) - fc430ad7-c10f-4afd-84a3-4263b60fc3a5: start LeaderElection
2019-09-10 18:32:55,588 [grpc-default-executor-3] INFO  impl.RaftServerImpl (ServerState.java:setLeader(253)) - 166d57fa-ec73-4a99-b6df-0ab3ad0d7909@group-248F13D822B7: change Leader from null to 43b8dda0-1fac-498c-94e0-436a32ed8ccd at term 2 for appendEntries, leader elected after 2528ms
2019-09-10 18:32:55,588 [grpc-default-executor-2] INFO  impl.RaftServerImpl (ServerState.java:setLeader(253)) - 114338b4-3ae2-46b3-98b7-a583d2a0bf23@group-248F13D822B7: change Leader from null to 43b8dda0-1fac-498c-94e0-436a32ed8ccd at term 2 for appendEntries, leader elected after 2556ms
2019-09-10 18:32:55,598 [Thread-381] INFO  impl.FollowerState (FollowerState.java:run(106)) - dc34f224-6fe7-4a16-b3d0-41df1e51aada:group-F10CA6FB56ED changes to CANDIDATE, lastRpcTime:1119, electionTimeout:1118ms
2019-09-10 18:32:55,598 [Thread-381] INFO  impl.RoleInfo (RoleInfo.java:shutdownFollowerState(121)) - dc34f224-6fe7-4a16-b3d0-41df1e51aada: shutdown FollowerState
2019-09-10 18:32:55,598 [Thread-381] INFO  impl.RaftServerImpl (RaftServerImpl.java:setRole(174)) - dc34f224-6fe7-4a16-b3d0-41df1e51aada@group-F10CA6FB56ED: changes role from  FOLLOWER to CANDIDATE at term 1 for changeToCandidate
2019-09-10 18:32:55,599 [Thread-381] INFO  impl.RoleInfo (RoleInfo.java:updateAndGet(143)) - dc34f224-6fe7-4a16-b3d0-41df1e51aada: start LeaderElection
2019-09-10 18:32:55,604 [Thread-386] INFO  impl.FollowerState (FollowerState.java:run(106)) - 59afee6f-3342-47f6-8cd2-a67165187773:group-C790A911BCD5 changes to CANDIDATE, lastRpcTime:1086, electionTimeout:1085ms
2019-09-10 18:32:55,607 [Thread-386] INFO  impl.RoleInfo (RoleInfo.java:shutdownFollowerState(121)) - 59afee6f-3342-47f6-8cd2-a67165187773: shutdown FollowerState
2019-09-10 18:32:55,607 [Thread-386] INFO  impl.RaftServerImpl (RaftServerImpl.java:setRole(174)) - 59afee6f-3342-47f6-8cd2-a67165187773@group-C790A911BCD5: changes role from  FOLLOWER to CANDIDATE at term 0 for changeToCandidate
2019-09-10 18:32:55,607 [Thread-386] INFO  impl.RoleInfo (RoleInfo.java:updateAndGet(143)) - 59afee6f-3342-47f6-8cd2-a67165187773: start LeaderElection
2019-09-10 18:32:55,616 [fc430ad7-c10f-4afd-84a3-4263b60fc3a5@group-C790A911BCD5:LeaderElection19] INFO  impl.LeaderElection (LeaderElection.java:askForVotes(182)) - fc430ad7-c10f-4afd-84a3-4263b60fc3a5@group-C790A911BCD5:LeaderElection19: begin an election at term 1 for -1: [f9c92805-78f9-4aa2-ad11-0f5c06c060e3:192.168.5.139:43690, 59afee6f-3342-47f6-8cd2-a67165187773:192.168.5.139:42383, fc430ad7-c10f-4afd-84a3-4263b60fc3a5:192.168.5.139:34501], old=null
2019-09-10 18:32:55,616 [7e7e06ff-ff15-4a73-bf67-b60124f5dbc2@group-F10CA6FB56ED:LeaderElection18] INFO  impl.LeaderElection (LeaderElection.java:askForVotes(182)) - 7e7e06ff-ff15-4a73-bf67-b60124f5dbc2@group-F10CA6FB56ED:LeaderElection18: begin an election at term 2 for -1: [7e7e06ff-ff15-4a73-bf67-b60124f5dbc2:192.168.5.139:37758, a5c56bc8-e609-4560-873f-c4715c8bfbf6:192.168.5.139:44770, dc34f224-6fe7-4a16-b3d0-41df1e51aada:192.168.5.139:40510], old=null
2019-09-10 18:32:55,631 [grpc-default-executor-1] INFO  impl.RaftServerImpl (RaftServerImpl.java:setRole(174)) - a5c56bc8-e609-4560-873f-c4715c8bfbf6@group-F10CA6FB56ED: changes role from  FOLLOWER to FOLLOWER at term 2 for recognizeCandidate:7e7e06ff-ff15-4a73-bf67-b60124f5dbc2
2019-09-10 18:32:55,634 [dc34f224-6fe7-4a16-b3d0-41df1e51aada@group-F10CA6FB56ED:LeaderElection20] INFO  impl.LeaderElection (LeaderElection.java:askForVotes(182)) - dc34f224-6fe7-4a16-b3d0-41df1e51aada@group-F10CA6FB56ED:LeaderElection20: begin an election at term 2 for -1: [7e7e06ff-ff15-4a73-bf67-b60124f5dbc2:192.168.5.139:37758, a5c56bc8-e609-4560-873f-c4715c8bfbf6:192.168.5.139:44770, dc34f224-6fe7-4a16-b3d0-41df1e51aada:192.168.5.139:40510], old=null
2019-09-10 18:32:55,634 [grpc-default-executor-1] INFO  impl.RoleInfo (RoleInfo.java:shutdownFollowerState(121)) - a5c56bc8-e609-4560-873f-c4715c8bfbf6: shutdown FollowerState
2019-09-10 18:32:55,634 [Thread-382] INFO  impl.FollowerState (FollowerState.java:run(115)) - a5c56bc8-e609-4560-873f-c4715c8bfbf6: FollowerState was interrupted: java.lang.InterruptedException: sleep interrupted
2019-09-10 18:32:55,634 [grpc-default-executor-1] INFO  impl.RoleInfo (RoleInfo.java:updateAndGet(143)) - a5c56bc8-e609-4560-873f-c4715c8bfbf6: start FollowerState
2019-09-10 18:32:55,640 [Thread-383] INFO  impl.FollowerState (FollowerState.java:run(106)) - f9c92805-78f9-4aa2-ad11-0f5c06c060e3:group-C790A911BCD5 changes to CANDIDATE, lastRpcTime:1124, electionTimeout:1122ms
2019-09-10 18:32:55,644 [Thread-383] INFO  impl.RoleInfo (RoleInfo.java:shutdownFollowerState(121)) - f9c92805-78f9-4aa2-ad11-0f5c06c060e3: shutdown FollowerState
2019-09-10 18:32:55,644 [59afee6f-3342-47f6-8cd2-a67165187773@group-C790A911BCD5:LeaderElection21] INFO  impl.LeaderElection (LeaderElection.java:askForVotes(182)) - 59afee6f-3342-47f6-8cd2-a67165187773@group-C790A911BCD5:LeaderElection21: begin an election at term 1 for -1: [f9c92805-78f9-4aa2-ad11-0f5c06c060e3:192.168.5.139:43690, 59afee6f-3342-47f6-8cd2-a67165187773:192.168.5.139:42383, fc430ad7-c10f-4afd-84a3-4263b60fc3a5:192.168.5.139:34501], old=null
2019-09-10 18:32:55,644 [Thread-383] INFO  impl.RaftServerImpl (RaftServerImpl.java:setRole(174)) - f9c92805-78f9-4aa2-ad11-0f5c06c060e3@group-C790A911BCD5: changes role from  FOLLOWER to CANDIDATE at term 0 for changeToCandidate
2019-09-10 18:32:55,647 [Thread-383] INFO  impl.RoleInfo (RoleInfo.java:updateAndGet(143)) - f9c92805-78f9-4aa2-ad11-0f5c06c060e3: start LeaderElection
2019-09-10 18:32:55,677 [grpc-default-executor-3] INFO  impl.RaftServerImpl (ServerState.java:setRaftConf(354)) - 166d57fa-ec73-4a99-b6df-0ab3ad0d7909@group-248F13D822B7: set configuration 0: [43b8dda0-1fac-498c-94e0-436a32ed8ccd:192.168.5.139:45091, 166d57fa-ec73-4a99-b6df-0ab3ad0d7909:192.168.5.139:39780, 114338b4-3ae2-46b3-98b7-a583d2a0bf23:192.168.5.139:33171], old=null at 0
2019-09-10 18:32:55,677 [7e7e06ff-ff15-4a73-bf67-b60124f5dbc2@group-F10CA6FB56ED:LeaderElection18] INFO  impl.LeaderElection (LeaderElection.java:logAndReturn(56)) - 7e7e06ff-ff15-4a73-bf67-b60124f5dbc2@group-F10CA6FB56ED:LeaderElection18: Election PASSED; received 2 response(s) [7e7e06ff-ff15-4a73-bf67-b60124f5dbc2<-a5c56bc8-e609-4560-873f-c4715c8bfbf6#0:OK-t2, 7e7e06ff-ff15-4a73-bf67-b60124f5dbc2<-dc34f224-6fe7-4a16-b3d0-41df1e51aada#0:FAIL-t2] and 0 exception(s); 7e7e06ff-ff15-4a73-bf67-b60124f5dbc2@group-F10CA6FB56ED:t2, leader=null, voted=7e7e06ff-ff15-4a73-bf67-b60124f5dbc2, raftlog=7e7e06ff-ff15-4a73-bf67-b60124f5dbc2@group-F10CA6FB56ED-SegmentedRaftLog:OPENED:c-1,f-1,i0, conf=-1: [7e7e06ff-ff15-4a73-bf67-b60124f5dbc2:192.168.5.139:37758, a5c56bc8-e609-4560-873f-c4715c8bfbf6:192.168.5.139:44770, dc34f224-6fe7-4a16-b3d0-41df1e51aada:192.168.5.139:40510], old=null
2019-09-10 18:32:55,678 [grpc-default-executor-3] INFO  segmented.SegmentedRaftLogWorker (SegmentedRaftLogWorker.java:startLogSegment(380)) - 166d57fa-ec73-4a99-b6df-0ab3ad0d7909@group-248F13D822B7-SegmentedRaftLogWorker: Starting segment from index:0
2019-09-10 18:32:55,677 [grpc-default-executor-4] INFO  impl.RaftServerImpl (ServerState.java:setRaftConf(354)) - 114338b4-3ae2-46b3-98b7-a583d2a0bf23@group-248F13D822B7: set configuration 0: [43b8dda0-1fac-498c-94e0-436a32ed8ccd:192.168.5.139:45091, 166d57fa-ec73-4a99-b6df-0ab3ad0d7909:192.168.5.139:39780, 114338b4-3ae2-46b3-98b7-a583d2a0bf23:192.168.5.139:33171], old=null at 0
2019-09-10 18:32:55,678 [dc34f224-6fe7-4a16-b3d0-41df1e51aada@group-F10CA6FB56ED:LeaderElection20] INFO  impl.LeaderElection (LeaderElection.java:logAndReturn(56)) - dc34f224-6fe7-4a16-b3d0-41df1e51aada@group-F10CA6FB56ED:LeaderElection20: Election REJECTED; received 2 response(s) [dc34f224-6fe7-4a16-b3d0-41df1e51aada<-7e7e06ff-ff15-4a73-bf67-b60124f5dbc2#0:FAIL-t2, dc34f224-6fe7-4a16-b3d0-41df1e51aada<-a5c56bc8-e609-4560-873f-c4715c8bfbf6#0:FAIL-t2] and 0 exception(s); dc34f224-6fe7-4a16-b3d0-41df1e51aada@group-F10CA6FB56ED:t2, leader=null, voted=dc34f224-6fe7-4a16-b3d0-41df1e51aada, raftlog=dc34f224-6fe7-4a16-b3d0-41df1e51aada@group-F10CA6FB56ED-SegmentedRaftLog:OPENED:c-1,f-1,i0, conf=-1: [7e7e06ff-ff15-4a73-bf67-b60124f5dbc2:192.168.5.139:37758, a5c56bc8-e609-4560-873f-c4715c8bfbf6:192.168.5.139:44770, dc34f224-6fe7-4a16-b3d0-41df1e51aada:192.168.5.139:40510], old=null
2019-09-10 18:32:55,678 [7e7e06ff-ff15-4a73-bf67-b60124f5dbc2@group-F10CA6FB56ED:LeaderElection18] INFO  impl.RoleInfo (RoleInfo.java:shutdownLeaderElection(134)) - 7e7e06ff-ff15-4a73-bf67-b60124f5dbc2: shutdown LeaderElection
2019-09-10 18:32:55,683 [dc34f224-6fe7-4a16-b3d0-41df1e51aada@group-F10CA6FB56ED:LeaderElection20] INFO  impl.RaftServerImpl (RaftServerImpl.java:setRole(174)) - dc34f224-6fe7-4a16-b3d0-41df1e51aada@group-F10CA6FB56ED: changes role from CANDIDATE to FOLLOWER at term 2 for DISCOVERED_A_NEW_TERM
2019-09-10 18:32:55,689 [dc34f224-6fe7-4a16-b3d0-41df1e51aada@group-F10CA6FB56ED:LeaderElection20] INFO  impl.RoleInfo (RoleInfo.java:shutdownLeaderElection(134)) - dc34f224-6fe7-4a16-b3d0-41df1e51aada: shutdown LeaderElection
2019-09-10 18:32:55,683 [grpc-default-executor-4] INFO  segmented.SegmentedRaftLogWorker (SegmentedRaftLogWorker.java:startLogSegment(380)) - 114338b4-3ae2-46b3-98b7-a583d2a0bf23@group-248F13D822B7-SegmentedRaftLogWorker: Starting segment from index:0
2019-09-10 18:32:55,689 [dc34f224-6fe7-4a16-b3d0-41df1e51aada@group-F10CA6FB56ED:LeaderElection20] INFO  impl.RoleInfo (RoleInfo.java:updateAndGet(143)) - dc34f224-6fe7-4a16-b3d0-41df1e51aada: start FollowerState
2019-09-10 18:32:55,689 [7e7e06ff-ff15-4a73-bf67-b60124f5dbc2@group-F10CA6FB56ED:LeaderElection18] INFO  impl.RaftServerImpl (RaftServerImpl.java:setRole(174)) - 7e7e06ff-ff15-4a73-bf67-b60124f5dbc2@group-F10CA6FB56ED: changes role from CANDIDATE to LEADER at term 2 for changeToLeader
2019-09-10 18:32:55,688 [f9c92805-78f9-4aa2-ad11-0f5c06c060e3@group-C790A911BCD5:LeaderElection22] INFO  impl.LeaderElection (LeaderElection.java:askForVotes(182)) - f9c92805-78f9-4aa2-ad11-0f5c06c060e3@group-C790A911BCD5:LeaderElection22: begin an election at term 1 for -1: [f9c92805-78f9-4aa2-ad11-0f5c06c060e3:192.168.5.139:43690, 59afee6f-3342-47f6-8cd2-a67165187773:192.168.5.139:42383, fc430ad7-c10f-4afd-84a3-4263b60fc3a5:192.168.5.139:34501], old=null
2019-09-10 18:32:55,689 [7e7e06ff-ff15-4a73-bf67-b60124f5dbc2@group-F10CA6FB56ED:LeaderElection18] INFO  impl.RaftServerImpl (ServerState.java:setLeader(253)) - 7e7e06ff-ff15-4a73-bf67-b60124f5dbc2@group-F10CA6FB56ED: change Leader from null to 7e7e06ff-ff15-4a73-bf67-b60124f5dbc2 at term 2 for becomeLeader, leader elected after 2516ms
2019-09-10 18:32:55,692 [7e7e06ff-ff15-4a73-bf67-b60124f5dbc2@group-F10CA6FB56ED:LeaderElection18] INFO  server.RaftServerConfigKeys (ConfUtils.java:logGet(43)) - raft.server.staging.catchup.gap = 1000 (default)
2019-09-10 18:32:55,692 [7e7e06ff-ff15-4a73-bf67-b60124f5dbc2@group-F10CA6FB56ED:LeaderElection18] INFO  server.RaftServerConfigKeys (ConfUtils.java:logGet(43)) - raft.server.rpc.sleep.time = 25ms (default)
2019-09-10 18:32:55,692 [7e7e06ff-ff15-4a73-bf67-b60124f5dbc2@group-F10CA6FB56ED:LeaderElection18] INFO  server.RaftServerConfigKeys (ConfUtils.java:logGet(43)) - raft.server.write.element-limit = 4096 (default)
2019-09-10 18:32:55,692 [7e7e06ff-ff15-4a73-bf67-b60124f5dbc2@group-F10CA6FB56ED:LeaderElection18] INFO  server.RaftServerConfigKeys (ConfUtils.java:logGet(43)) - raft.server.watch.timeout = 10s (default)
2019-09-10 18:32:55,692 [7e7e06ff-ff15-4a73-bf67-b60124f5dbc2@group-F10CA6FB56ED:LeaderElection18] INFO  server.RaftServerConfigKeys (ConfUtils.java:logGet(43)) - raft.server.watch.timeout.denomination = 1s (default)
2019-09-10 18:32:55,693 [7e7e06ff-ff15-4a73-bf67-b60124f5dbc2@group-F10CA6FB56ED:LeaderElection18] INFO  server.RaftServerConfigKeys (ConfUtils.java:logGet(43)) - raft.server.watch.element-limit = 65536 (default)
2019-09-10 18:32:55,693 [59afee6f-3342-47f6-8cd2-a67165187773@group-C790A911BCD5:LeaderElection21] INFO  impl.LeaderElection (LeaderElection.java:logAndReturn(56)) - 59afee6f-3342-47f6-8cd2-a67165187773@group-C790A911BCD5:LeaderElection21: Election REJECTED; received 2 response(s) [59afee6f-3342-47f6-8cd2-a67165187773<-f9c92805-78f9-4aa2-ad11-0f5c06c060e3#0:FAIL-t1, 59afee6f-3342-47f6-8cd2-a67165187773<-fc430ad7-c10f-4afd-84a3-4263b60fc3a5#0:FAIL-t1] and 0 exception(s); 59afee6f-3342-47f6-8cd2-a67165187773@group-C790A911BCD5:t1, leader=null, voted=59afee6f-3342-47f6-8cd2-a67165187773, raftlog=59afee6f-3342-47f6-8cd2-a67165187773@group-C790A911BCD5-SegmentedRaftLog:OPENED:c-1,f-1,i0, conf=-1: [f9c92805-78f9-4aa2-ad11-0f5c06c060e3:192.168.5.139:43690, 59afee6f-3342-47f6-8cd2-a67165187773:192.168.5.139:42383, fc430ad7-c10f-4afd-84a3-4263b60fc3a5:192.168.5.139:34501], old=null
2019-09-10 18:32:55,727 [59afee6f-3342-47f6-8cd2-a67165187773@group-C790A911BCD5:LeaderElection21] INFO  impl.RaftServerImpl (RaftServerImpl.java:setRole(174)) - 59afee6f-3342-47f6-8cd2-a67165187773@group-C790A911BCD5: changes role from CANDIDATE to FOLLOWER at term 1 for DISCOVERED_A_NEW_TERM
2019-09-10 18:32:55,730 [59afee6f-3342-47f6-8cd2-a67165187773@group-C790A911BCD5:LeaderElection21] INFO  impl.RoleInfo (RoleInfo.java:shutdownLeaderElection(134)) - 59afee6f-3342-47f6-8cd2-a67165187773: shutdown LeaderElection
2019-09-10 18:32:55,730 [59afee6f-3342-47f6-8cd2-a67165187773@group-C790A911BCD5:LeaderElection21] INFO  impl.RoleInfo (RoleInfo.java:updateAndGet(143)) - 59afee6f-3342-47f6-8cd2-a67165187773: start FollowerState
2019-09-10 18:32:55,731 [fc430ad7-c10f-4afd-84a3-4263b60fc3a5@group-C790A911BCD5:LeaderElection19] INFO  impl.LeaderElection (LeaderElection.java:logAndReturn(56)) - fc430ad7-c10f-4afd-84a3-4263b60fc3a5@group-C790A911BCD5:LeaderElection19: Election REJECTED; received 2 response(s) [fc430ad7-c10f-4afd-84a3-4263b60fc3a5<-f9c92805-78f9-4aa2-ad11-0f5c06c060e3#0:FAIL-t1, fc430ad7-c10f-4afd-84a3-4263b60fc3a5<-59afee6f-3342-47f6-8cd2-a67165187773#0:FAIL-t1] and 0 exception(s); fc430ad7-c10f-4afd-84a3-4263b60fc3a5@group-C790A911BCD5:t1, leader=null, voted=fc430ad7-c10f-4afd-84a3-4263b60fc3a5, raftlog=fc430ad7-c10f-4afd-84a3-4263b60fc3a5@group-C790A911BCD5-SegmentedRaftLog:OPENED:c-1,f-1,i0, conf=-1: [f9c92805-78f9-4aa2-ad11-0f5c06c060e3:192.168.5.139:43690, 59afee6f-3342-47f6-8cd2-a67165187773:192.168.5.139:42383, fc430ad7-c10f-4afd-84a3-4263b60fc3a5:192.168.5.139:34501], old=null
2019-09-10 18:32:55,732 [fc430ad7-c10f-4afd-84a3-4263b60fc3a5@group-C790A911BCD5:LeaderElection19] INFO  impl.RaftServerImpl (RaftServerImpl.java:setRole(174)) - fc430ad7-c10f-4afd-84a3-4263b60fc3a5@group-C790A911BCD5: changes role from CANDIDATE to FOLLOWER at term 1 for DISCOVERED_A_NEW_TERM
2019-09-10 18:32:55,737 [fc430ad7-c10f-4afd-84a3-4263b60fc3a5@group-C790A911BCD5:LeaderElection19] INFO  impl.RoleInfo (RoleInfo.java:shutdownLeaderElection(134)) - fc430ad7-c10f-4afd-84a3-4263b60fc3a5: shutdown LeaderElection
2019-09-10 18:32:55,738 [fc430ad7-c10f-4afd-84a3-4263b60fc3a5@group-C790A911BCD5:LeaderElection19] INFO  impl.RoleInfo (RoleInfo.java:updateAndGet(143)) - fc430ad7-c10f-4afd-84a3-4263b60fc3a5: start FollowerState
2019-09-10 18:32:55,741 [7e7e06ff-ff15-4a73-bf67-b60124f5dbc2@group-F10CA6FB56ED:LeaderElection18] INFO  server.RaftServerConfigKeys (ConfUtils.java:logGet(43)) - raft.server.log.appender.snapshot.chunk.size.max = 16MB (=16777216) (default)
2019-09-10 18:32:55,742 [7e7e06ff-ff15-4a73-bf67-b60124f5dbc2@group-F10CA6FB56ED:LeaderElection18] INFO  server.RaftServerConfigKeys (ConfUtils.java:logGet(43)) - raft.server.log.appender.buffer.byte-limit = 33554432 (custom)
2019-09-10 18:32:55,742 [7e7e06ff-ff15-4a73-bf67-b60124f5dbc2@group-F10CA6FB56ED:LeaderElection18] INFO  server.RaftServerConfigKeys (ConfUtils.java:logGet(43)) - raft.server.log.appender.buffer.element-limit = 1 (custom)
2019-09-10 18:32:55,743 [7e7e06ff-ff15-4a73-bf67-b60124f5dbc2@group-F10CA6FB56ED:LeaderElection18] INFO  grpc.GrpcConfigKeys$Server (ConfUtils.java:logGet(43)) - raft.grpc.server.leader.outstanding.appends.max = 128 (default)
2019-09-10 18:32:55,744 [7e7e06ff-ff15-4a73-bf67-b60124f5dbc2@group-F10CA6FB56ED:LeaderElection18] INFO  server.RaftServerConfigKeys (ConfUtils.java:logGet(43)) - raft.server.rpc.request.timeout = 3000ms (default)
2019-09-10 18:32:55,745 [7e7e06ff-ff15-4a73-bf67-b60124f5dbc2@group-F10CA6FB56ED:LeaderElection18] INFO  server.RaftServerConfigKeys (ConfUtils.java:logGet(43)) - raft.server.log.appender.install.snapshot.enabled = false (custom)
2019-09-10 18:32:55,745 [7e7e06ff-ff15-4a73-bf67-b60124f5dbc2@group-F10CA6FB56ED:LeaderElection18] INFO  server.RaftServerConfigKeys (ConfUtils.java:logGet(43)) - raft.server.log.appender.snapshot.chunk.size.max = 16MB (=16777216) (default)
2019-09-10 18:32:55,745 [7e7e06ff-ff15-4a73-bf67-b60124f5dbc2@group-F10CA6FB56ED:LeaderElection18] INFO  server.RaftServerConfigKeys (ConfUtils.java:logGet(43)) - raft.server.log.appender.buffer.byte-limit = 33554432 (custom)
2019-09-10 18:32:55,745 [7e7e06ff-ff15-4a73-bf67-b60124f5dbc2@group-F10CA6FB56ED:LeaderElection18] INFO  server.RaftServerConfigKeys (ConfUtils.java:logGet(43)) - raft.server.log.appender.buffer.element-limit = 1 (custom)
2019-09-10 18:32:55,745 [7e7e06ff-ff15-4a73-bf67-b60124f5dbc2@group-F10CA6FB56ED:LeaderElection18] INFO  grpc.GrpcConfigKeys$Server (ConfUtils.java:logGet(43)) - raft.grpc.server.leader.outstanding.appends.max = 128 (default)
2019-09-10 18:32:55,745 [7e7e06ff-ff15-4a73-bf67-b60124f5dbc2@group-F10CA6FB56ED:LeaderElection18] INFO  server.RaftServerConfigKeys (ConfUtils.java:logGet(43)) - raft.server.rpc.request.timeout = 3000ms (default)
2019-09-10 18:32:55,745 [7e7e06ff-ff15-4a73-bf67-b60124f5dbc2@group-F10CA6FB56ED:LeaderElection18] INFO  server.RaftServerConfigKeys (ConfUtils.java:logGet(43)) - raft.server.log.appender.install.snapshot.enabled = false (custom)
2019-09-10 18:32:55,746 [7e7e06ff-ff15-4a73-bf67-b60124f5dbc2@group-F10CA6FB56ED:LeaderElection18] INFO  impl.RoleInfo (RoleInfo.java:updateAndGet(143)) - 7e7e06ff-ff15-4a73-bf67-b60124f5dbc2: start LeaderState
2019-09-10 18:32:55,746 [7e7e06ff-ff15-4a73-bf67-b60124f5dbc2@group-F10CA6FB56ED:LeaderElection18] INFO  segmented.SegmentedRaftLogWorker (SegmentedRaftLogWorker.java:startLogSegment(380)) - 7e7e06ff-ff15-4a73-bf67-b60124f5dbc2@group-F10CA6FB56ED-SegmentedRaftLogWorker: Starting segment from index:0
2019-09-10 18:32:55,773 [166d57fa-ec73-4a99-b6df-0ab3ad0d7909@group-248F13D822B7-SegmentedRaftLogWorker] INFO  segmented.SegmentedRaftLogWorker (SegmentedRaftLogWorker.java:execute(569)) - 166d57fa-ec73-4a99-b6df-0ab3ad0d7909@group-248F13D822B7-SegmentedRaftLogWorker: created new log segment /workdir/hadoop-ozone/integration-test/target/test-dir/MiniOzoneClusterImpl-34bd394c-9e3d-49fb-9b5f-f4de544d8d6b/datanode-2/data/ratis/65e8c64c-afec-4d62-a834-248f13d822b7/current/log_inprogress_0
2019-09-10 18:32:55,773 [114338b4-3ae2-46b3-98b7-a583d2a0bf23@group-248F13D822B7-SegmentedRaftLogWorker] INFO  segmented.SegmentedRaftLogWorker (SegmentedRaftLogWorker.java:execute(569)) - 114338b4-3ae2-46b3-98b7-a583d2a0bf23@group-248F13D822B7-SegmentedRaftLogWorker: created new log segment /workdir/hadoop-ozone/integration-test/target/test-dir/MiniOzoneClusterImpl-34bd394c-9e3d-49fb-9b5f-f4de544d8d6b/datanode-1/data/ratis/65e8c64c-afec-4d62-a834-248f13d822b7/current/log_inprogress_0
2019-09-10 18:32:55,773 [7e7e06ff-ff15-4a73-bf67-b60124f5dbc2@group-F10CA6FB56ED:LeaderElection18] INFO  impl.RaftServerImpl (ServerState.java:setRaftConf(354)) - 7e7e06ff-ff15-4a73-bf67-b60124f5dbc2@group-F10CA6FB56ED: set configuration 0: [7e7e06ff-ff15-4a73-bf67-b60124f5dbc2:192.168.5.139:37758, a5c56bc8-e609-4560-873f-c4715c8bfbf6:192.168.5.139:44770, dc34f224-6fe7-4a16-b3d0-41df1e51aada:192.168.5.139:40510], old=null at 0
2019-09-10 18:32:55,778 [f9c92805-78f9-4aa2-ad11-0f5c06c060e3@group-C790A911BCD5:LeaderElection22] INFO  impl.LeaderElection (LeaderElection.java:logAndReturn(56)) - f9c92805-78f9-4aa2-ad11-0f5c06c060e3@group-C790A911BCD5:LeaderElection22: Election REJECTED; received 2 response(s) [f9c92805-78f9-4aa2-ad11-0f5c06c060e3<-59afee6f-3342-47f6-8cd2-a67165187773#0:FAIL-t1, f9c92805-78f9-4aa2-ad11-0f5c06c060e3<-fc430ad7-c10f-4afd-84a3-4263b60fc3a5#0:FAIL-t1] and 0 exception(s); f9c92805-78f9-4aa2-ad11-0f5c06c060e3@group-C790A911BCD5:t1, leader=null, voted=f9c92805-78f9-4aa2-ad11-0f5c06c060e3, raftlog=f9c92805-78f9-4aa2-ad11-0f5c06c060e3@group-C790A911BCD5-SegmentedRaftLog:OPENED:c-1,f-1,i0, conf=-1: [f9c92805-78f9-4aa2-ad11-0f5c06c060e3:192.168.5.139:43690, 59afee6f-3342-47f6-8cd2-a67165187773:192.168.5.139:42383, fc430ad7-c10f-4afd-84a3-4263b60fc3a5:192.168.5.139:34501], old=null
2019-09-10 18:32:55,778 [f9c92805-78f9-4aa2-ad11-0f5c06c060e3@group-C790A911BCD5:LeaderElection22] INFO  impl.RaftServerImpl (RaftServerImpl.java:setRole(174)) - f9c92805-78f9-4aa2-ad11-0f5c06c060e3@group-C790A911BCD5: changes role from CANDIDATE to FOLLOWER at term 1 for DISCOVERED_A_NEW_TERM
2019-09-10 18:32:55,778 [f9c92805-78f9-4aa2-ad11-0f5c06c060e3@group-C790A911BCD5:LeaderElection22] INFO  impl.RoleInfo (RoleInfo.java:shutdownLeaderElection(134)) - f9c92805-78f9-4aa2-ad11-0f5c06c060e3: shutdown LeaderElection
2019-09-10 18:32:55,782 [f9c92805-78f9-4aa2-ad11-0f5c06c060e3@group-C790A911BCD5:LeaderElection22] INFO  impl.RoleInfo (RoleInfo.java:updateAndGet(143)) - f9c92805-78f9-4aa2-ad11-0f5c06c060e3: start FollowerState
2019-09-10 18:32:55,784 [grpc-default-executor-4] INFO  impl.RaftServerImpl (ServerState.java:setLeader(253)) - a5c56bc8-e609-4560-873f-c4715c8bfbf6@group-F10CA6FB56ED: change Leader from null to 7e7e06ff-ff15-4a73-bf67-b60124f5dbc2 at term 2 for appendEntries, leader elected after 2610ms
2019-09-10 18:32:55,785 [7e7e06ff-ff15-4a73-bf67-b60124f5dbc2@group-F10CA6FB56ED-SegmentedRaftLogWorker] INFO  segmented.SegmentedRaftLogWorker (SegmentedRaftLogWorker.java:execute(569)) - 7e7e06ff-ff15-4a73-bf67-b60124f5dbc2@group-F10CA6FB56ED-SegmentedRaftLogWorker: created new log segment /workdir/hadoop-ozone/integration-test/target/test-dir/MiniOzoneClusterImpl-34bd394c-9e3d-49fb-9b5f-f4de544d8d6b/datanode-6/data/ratis/990742a9-49d4-45ad-a51e-f10ca6fb56ed/current/log_inprogress_0
2019-09-10 18:32:55,784 [grpc-default-executor-5] INFO  impl.RaftServerImpl (ServerState.java:setLeader(253)) - dc34f224-6fe7-4a16-b3d0-41df1e51aada@group-F10CA6FB56ED: change Leader from null to 7e7e06ff-ff15-4a73-bf67-b60124f5dbc2 at term 2 for appendEntries, leader elected after 2610ms
2019-09-10 18:32:55,798 [grpc-default-executor-4] INFO  impl.RaftServerImpl (ServerState.java:setRaftConf(354)) - a5c56bc8-e609-4560-873f-c4715c8bfbf6@group-F10CA6FB56ED: set configuration 0: [7e7e06ff-ff15-4a73-bf67-b60124f5dbc2:192.168.5.139:37758, a5c56bc8-e609-4560-873f-c4715c8bfbf6:192.168.5.139:44770, dc34f224-6fe7-4a16-b3d0-41df1e51aada:192.168.5.139:40510], old=null at 0
2019-09-10 18:32:55,798 [grpc-default-executor-5] INFO  impl.RaftServerImpl (ServerState.java:setRaftConf(354)) - dc34f224-6fe7-4a16-b3d0-41df1e51aada@group-F10CA6FB56ED: set configuration 0: [7e7e06ff-ff15-4a73-bf67-b60124f5dbc2:192.168.5.139:37758, a5c56bc8-e609-4560-873f-c4715c8bfbf6:192.168.5.139:44770, dc34f224-6fe7-4a16-b3d0-41df1e51aada:192.168.5.139:40510], old=null at 0
2019-09-10 18:32:55,798 [grpc-default-executor-4] INFO  segmented.SegmentedRaftLogWorker (SegmentedRaftLogWorker.java:startLogSegment(380)) - a5c56bc8-e609-4560-873f-c4715c8bfbf6@group-F10CA6FB56ED-SegmentedRaftLogWorker: Starting segment from index:0
2019-09-10 18:32:55,798 [grpc-default-executor-5] INFO  segmented.SegmentedRaftLogWorker (SegmentedRaftLogWorker.java:startLogSegment(380)) - dc34f224-6fe7-4a16-b3d0-41df1e51aada@group-F10CA6FB56ED-SegmentedRaftLogWorker: Starting segment from index:0
2019-09-10 18:32:55,838 [a5c56bc8-e609-4560-873f-c4715c8bfbf6@group-F10CA6FB56ED-SegmentedRaftLogWorker] INFO  segmented.SegmentedRaftLogWorker (SegmentedRaftLogWorker.java:execute(569)) - a5c56bc8-e609-4560-873f-c4715c8bfbf6@group-F10CA6FB56ED-SegmentedRaftLogWorker: created new log segment /workdir/hadoop-ozone/integration-test/target/test-dir/MiniOzoneClusterImpl-34bd394c-9e3d-49fb-9b5f-f4de544d8d6b/datanode-5/data/ratis/990742a9-49d4-45ad-a51e-f10ca6fb56ed/current/log_inprogress_0
2019-09-10 18:32:55,850 [dc34f224-6fe7-4a16-b3d0-41df1e51aada@group-F10CA6FB56ED-SegmentedRaftLogWorker] INFO  segmented.SegmentedRaftLogWorker (SegmentedRaftLogWorker.java:execute(569)) - dc34f224-6fe7-4a16-b3d0-41df1e51aada@group-F10CA6FB56ED-SegmentedRaftLogWorker: created new log segment /workdir/hadoop-ozone/integration-test/target/test-dir/MiniOzoneClusterImpl-34bd394c-9e3d-49fb-9b5f-f4de544d8d6b/datanode-7/data/ratis/990742a9-49d4-45ad-a51e-f10ca6fb56ed/current/log_inprogress_0
2019-09-10 18:32:56,499 [grpc-default-executor-4] INFO  client.GrpcClientProtocolClient (GrpcClientProtocolClient.java:onNext(264)) - client-6009901347B3->7e7e06ff-ff15-4a73-bf67-b60124f5dbc2: receive RaftClientReply:client-6009901347B3->7e7e06ff-ff15-4a73-bf67-b60124f5dbc2@group-F10CA6FB56ED, cid=19, SUCCESS, logIndex=1, commits[7e7e06ff-ff15-4a73-bf67-b60124f5dbc2:c2, a5c56bc8-e609-4560-873f-c4715c8bfbf6:c1, dc34f224-6fe7-4a16-b3d0-41df1e51aada:c1]
2019-09-10 18:32:56,648 [grpc-default-executor-0] INFO  client.GrpcClientProtocolClient (GrpcClientProtocolClient.java:onNext(264)) - client-6009901347B3->7e7e06ff-ff15-4a73-bf67-b60124f5dbc2: receive RaftClientReply:client-6009901347B3->7e7e06ff-ff15-4a73-bf67-b60124f5dbc2@group-F10CA6FB56ED, cid=20, SUCCESS, logIndex=3, commits[7e7e06ff-ff15-4a73-bf67-b60124f5dbc2:c8, a5c56bc8-e609-4560-873f-c4715c8bfbf6:c6, dc34f224-6fe7-4a16-b3d0-41df1e51aada:c6]
2019-09-10 18:32:56,658 [grpc-default-executor-0] INFO  client.GrpcClientProtocolClient (GrpcClientProtocolClient.java:onNext(264)) - client-6009901347B3->7e7e06ff-ff15-4a73-bf67-b60124f5dbc2: receive RaftClientReply:client-6009901347B3->7e7e06ff-ff15-4a73-bf67-b60124f5dbc2@group-F10CA6FB56ED, cid=21, SUCCESS, logIndex=4, commits[7e7e06ff-ff15-4a73-bf67-b60124f5dbc2:c8, a5c56bc8-e609-4560-873f-c4715c8bfbf6:c6, dc34f224-6fe7-4a16-b3d0-41df1e51aada:c6]
2019-09-10 18:32:56,812 [grpc-default-executor-4] INFO  client.GrpcClientProtocolClient (GrpcClientProtocolClient.java:onNext(264)) - client-6009901347B3->7e7e06ff-ff15-4a73-bf67-b60124f5dbc2: receive RaftClientReply:client-6009901347B3->7e7e06ff-ff15-4a73-bf67-b60124f5dbc2@group-F10CA6FB56ED, cid=22, SUCCESS, logIndex=6, commits[7e7e06ff-ff15-4a73-bf67-b60124f5dbc2:c8, a5c56bc8-e609-4560-873f-c4715c8bfbf6:c6, dc34f224-6fe7-4a16-b3d0-41df1e51aada:c6]
2019-09-10 18:32:56,873 [grpc-default-executor-3] INFO  client.GrpcClientProtocolClient (GrpcClientProtocolClient.java:onNext(264)) - client-6009901347B3->7e7e06ff-ff15-4a73-bf67-b60124f5dbc2: receive RaftClientReply:client-6009901347B3->7e7e06ff-ff15-4a73-bf67-b60124f5dbc2@group-F10CA6FB56ED, cid=23, SUCCESS, logIndex=9, commits[7e7e06ff-ff15-4a73-bf67-b60124f5dbc2:c9, a5c56bc8-e609-4560-873f-c4715c8bfbf6:c8, dc34f224-6fe7-4a16-b3d0-41df1e51aada:c8]
2019-09-10 18:32:56,880 [grpc-default-executor-5] INFO  client.GrpcClientProtocolClient (GrpcClientProtocolClient.java:onNext(264)) - client-6009901347B3->7e7e06ff-ff15-4a73-bf67-b60124f5dbc2: receive RaftClientReply:client-6009901347B3->7e7e06ff-ff15-4a73-bf67-b60124f5dbc2@group-F10CA6FB56ED, cid=24, SUCCESS, logIndex=10, commits[7e7e06ff-ff15-4a73-bf67-b60124f5dbc2:c10, a5c56bc8-e609-4560-873f-c4715c8bfbf6:c8, dc34f224-6fe7-4a16-b3d0-41df1e51aada:c8]
2019-09-10 18:32:56,889 [Thread-429] INFO  impl.FollowerState (FollowerState.java:run(106)) - f9c92805-78f9-4aa2-ad11-0f5c06c060e3:group-C790A911BCD5 changes to CANDIDATE, lastRpcTime:1107, electionTimeout:1105ms
2019-09-10 18:32:56,889 [Thread-423] INFO  impl.FollowerState (FollowerState.java:run(106)) - 59afee6f-3342-47f6-8cd2-a67165187773:group-C790A911BCD5 changes to CANDIDATE, lastRpcTime:1158, electionTimeout:1149ms
2019-09-10 18:32:56,889 [Thread-429] INFO  impl.RoleInfo (RoleInfo.java:shutdownFollowerState(121)) - f9c92805-78f9-4aa2-ad11-0f5c06c060e3: shutdown FollowerState
2019-09-10 18:32:56,889 [Thread-423] INFO  impl.RoleInfo (RoleInfo.java:shutdownFollowerState(121)) - 59afee6f-3342-47f6-8cd2-a67165187773: shutdown FollowerState
2019-09-10 18:32:56,890 [Thread-429] INFO  impl.RaftServerImpl (RaftServerImpl.java:setRole(174)) - f9c92805-78f9-4aa2-ad11-0f5c06c060e3@group-C790A911BCD5: changes role from  FOLLOWER to CANDIDATE at term 1 for changeToCandidate
2019-09-10 18:32:56,890 [Thread-423] INFO  impl.RaftServerImpl (RaftServerImpl.java:setRole(174)) - 59afee6f-3342-47f6-8cd2-a67165187773@group-C790A911BCD5: changes role from  FOLLOWER to CANDIDATE at term 1 for changeToCandidate
2019-09-10 18:32:56,900 [Thread-423] INFO  impl.RoleInfo (RoleInfo.java:updateAndGet(143)) - 59afee6f-3342-47f6-8cd2-a67165187773: start LeaderElection
2019-09-10 18:32:56,907 [Thread-429] INFO  impl.RoleInfo (RoleInfo.java:updateAndGet(143)) - f9c92805-78f9-4aa2-ad11-0f5c06c060e3: start LeaderElection
2019-09-10 18:32:56,907 [grpc-default-executor-5] INFO  client.GrpcClientProtocolClient (GrpcClientProtocolClient.java:onNext(264)) - client-6009901347B3->7e7e06ff-ff15-4a73-bf67-b60124f5dbc2: receive RaftClientReply:client-6009901347B3->7e7e06ff-ff15-4a73-bf67-b60124f5dbc2@group-F10CA6FB56ED, cid=25, SUCCESS, logIndex=11, commits[7e7e06ff-ff15-4a73-bf67-b60124f5dbc2:c13, a5c56bc8-e609-4560-873f-c4715c8bfbf6:c9, dc34f224-6fe7-4a16-b3d0-41df1e51aada:c8]
2019-09-10 18:32:56,914 [grpc-default-executor-4] INFO  client.GrpcClientProtocolClient (GrpcClientProtocolClient.java:onNext(264)) - client-6009901347B3->7e7e06ff-ff15-4a73-bf67-b60124f5dbc2: receive RaftClientReply:client-6009901347B3->7e7e06ff-ff15-4a73-bf67-b60124f5dbc2@group-F10CA6FB56ED, cid=26, SUCCESS, logIndex=12, commits[7e7e06ff-ff15-4a73-bf67-b60124f5dbc2:c13, a5c56bc8-e609-4560-873f-c4715c8bfbf6:c9, dc34f224-6fe7-4a16-b3d0-41df1e51aada:c8]
2019-09-10 18:32:56,922 [Thread-424] INFO  impl.FollowerState (FollowerState.java:run(106)) - fc430ad7-c10f-4afd-84a3-4263b60fc3a5:group-C790A911BCD5 changes to CANDIDATE, lastRpcTime:1184, electionTimeout:1181ms
2019-09-10 18:32:56,922 [Thread-424] INFO  impl.RoleInfo (RoleInfo.java:shutdownFollowerState(121)) - fc430ad7-c10f-4afd-84a3-4263b60fc3a5: shutdown FollowerState
2019-09-10 18:32:56,922 [Thread-424] INFO  impl.RaftServerImpl (RaftServerImpl.java:setRole(174)) - fc430ad7-c10f-4afd-84a3-4263b60fc3a5@group-C790A911BCD5: changes role from  FOLLOWER to CANDIDATE at term 1 for changeToCandidate
2019-09-10 18:32:56,922 [Thread-424] INFO  impl.RoleInfo (RoleInfo.java:updateAndGet(143)) - fc430ad7-c10f-4afd-84a3-4263b60fc3a5: start LeaderElection
2019-09-10 18:32:56,925 [59afee6f-3342-47f6-8cd2-a67165187773@group-C790A911BCD5:LeaderElection23] INFO  impl.LeaderElection (LeaderElection.java:askForVotes(182)) - 59afee6f-3342-47f6-8cd2-a67165187773@group-C790A911BCD5:LeaderElection23: begin an election at term 2 for -1: [f9c92805-78f9-4aa2-ad11-0f5c06c060e3:192.168.5.139:43690, 59afee6f-3342-47f6-8cd2-a67165187773:192.168.5.139:42383, fc430ad7-c10f-4afd-84a3-4263b60fc3a5:192.168.5.139:34501], old=null
2019-09-10 18:32:56,925 [f9c92805-78f9-4aa2-ad11-0f5c06c060e3@group-C790A911BCD5:LeaderElection24] INFO  impl.LeaderElection (LeaderElection.java:askForVotes(182)) - f9c92805-78f9-4aa2-ad11-0f5c06c060e3@group-C790A911BCD5:LeaderElection24: begin an election at term 2 for -1: [f9c92805-78f9-4aa2-ad11-0f5c06c060e3:192.168.5.139:43690, 59afee6f-3342-47f6-8cd2-a67165187773:192.168.5.139:42383, fc430ad7-c10f-4afd-84a3-4263b60fc3a5:192.168.5.139:34501], old=null
2019-09-10 18:32:56,939 [grpc-default-executor-4] INFO  client.GrpcClientProtocolClient (GrpcClientProtocolClient.java:onNext(264)) - client-6009901347B3->7e7e06ff-ff15-4a73-bf67-b60124f5dbc2: receive RaftClientReply:client-6009901347B3->7e7e06ff-ff15-4a73-bf67-b60124f5dbc2@group-F10CA6FB56ED, cid=27, SUCCESS, logIndex=0, commits[7e7e06ff-ff15-4a73-bf67-b60124f5dbc2:c16, a5c56bc8-e609-4560-873f-c4715c8bfbf6:c13, dc34f224-6fe7-4a16-b3d0-41df1e51aada:c13]
2019-09-10 18:32:56,944 [grpc-default-executor-4] INFO  client.GrpcClientProtocolClient (GrpcClientProtocolClient.java:onNext(264)) - client-6009901347B3->7e7e06ff-ff15-4a73-bf67-b60124f5dbc2: receive RaftClientReply:client-6009901347B3->7e7e06ff-ff15-4a73-bf67-b60124f5dbc2@group-F10CA6FB56ED, cid=28, SUCCESS, logIndex=0, commits[7e7e06ff-ff15-4a73-bf67-b60124f5dbc2:c16, a5c56bc8-e609-4560-873f-c4715c8bfbf6:c13, dc34f224-6fe7-4a16-b3d0-41df1e51aada:c13]
2019-09-10 18:32:56,948 [fc430ad7-c10f-4afd-84a3-4263b60fc3a5@group-C790A911BCD5:LeaderElection25] INFO  impl.LeaderElection (LeaderElection.java:askForVotes(182)) - fc430ad7-c10f-4afd-84a3-4263b60fc3a5@group-C790A911BCD5:LeaderElection25: begin an election at term 2 for -1: [f9c92805-78f9-4aa2-ad11-0f5c06c060e3:192.168.5.139:43690, 59afee6f-3342-47f6-8cd2-a67165187773:192.168.5.139:42383, fc430ad7-c10f-4afd-84a3-4263b60fc3a5:192.168.5.139:34501], old=null
2019-09-10 18:32:56,958 [f9c92805-78f9-4aa2-ad11-0f5c06c060e3@group-C790A911BCD5:LeaderElection24] INFO  impl.LeaderElection (LeaderElection.java:logAndReturn(56)) - f9c92805-78f9-4aa2-ad11-0f5c06c060e3@group-C790A911BCD5:LeaderElection24: Election REJECTED; received 2 response(s) [f9c92805-78f9-4aa2-ad11-0f5c06c060e3<-59afee6f-3342-47f6-8cd2-a67165187773#0:FAIL-t2, f9c92805-78f9-4aa2-ad11-0f5c06c060e3<-fc430ad7-c10f-4afd-84a3-4263b60fc3a5#0:FAIL-t2] and 0 exception(s); f9c92805-78f9-4aa2-ad11-0f5c06c060e3@group-C790A911BCD5:t2, leader=null, voted=f9c92805-78f9-4aa2-ad11-0f5c06c060e3, raftlog=f9c92805-78f9-4aa2-ad11-0f5c06c060e3@group-C790A911BCD5-SegmentedRaftLog:OPENED:c-1,f-1,i0, conf=-1: [f9c92805-78f9-4aa2-ad11-0f5c06c060e3:192.168.5.139:43690, 59afee6f-3342-47f6-8cd2-a67165187773:192.168.5.139:42383, fc430ad7-c10f-4afd-84a3-4263b60fc3a5:192.168.5.139:34501], old=null
2019-09-10 18:32:56,958 [f9c92805-78f9-4aa2-ad11-0f5c06c060e3@group-C790A911BCD5:LeaderElection24] INFO  impl.RaftServerImpl (RaftServerImpl.java:setRole(174)) - f9c92805-78f9-4aa2-ad11-0f5c06c060e3@group-C790A911BCD5: changes role from CANDIDATE to FOLLOWER at term 2 for DISCOVERED_A_NEW_TERM
2019-09-10 18:32:56,974 [f9c92805-78f9-4aa2-ad11-0f5c06c060e3@group-C790A911BCD5:LeaderElection24] INFO  impl.RoleInfo (RoleInfo.java:shutdownLeaderElection(134)) - f9c92805-78f9-4aa2-ad11-0f5c06c060e3: shutdown LeaderElection
2019-09-10 18:32:56,974 [59afee6f-3342-47f6-8cd2-a67165187773@group-C790A911BCD5:LeaderElection23] INFO  impl.LeaderElection (LeaderElection.java:logAndReturn(56)) - 59afee6f-3342-47f6-8cd2-a67165187773@group-C790A911BCD5:LeaderElection23: Election REJECTED; received 2 response(s) [59afee6f-3342-47f6-8cd2-a67165187773<-f9c92805-78f9-4aa2-ad11-0f5c06c060e3#0:FAIL-t2, 59afee6f-3342-47f6-8cd2-a67165187773<-fc430ad7-c10f-4afd-84a3-4263b60fc3a5#0:FAIL-t2] and 0 exception(s); 59afee6f-3342-47f6-8cd2-a67165187773@group-C790A911BCD5:t2, leader=null, voted=59afee6f-3342-47f6-8cd2-a67165187773, raftlog=59afee6f-3342-47f6-8cd2-a67165187773@group-C790A911BCD5-SegmentedRaftLog:OPENED:c-1,f-1,i0, conf=-1: [f9c92805-78f9-4aa2-ad11-0f5c06c060e3:192.168.5.139:43690, 59afee6f-3342-47f6-8cd2-a67165187773:192.168.5.139:42383, fc430ad7-c10f-4afd-84a3-4263b60fc3a5:192.168.5.139:34501], old=null
2019-09-10 18:32:56,982 [59afee6f-3342-47f6-8cd2-a67165187773@group-C790A911BCD5:LeaderElection23] INFO  impl.RaftServerImpl (RaftServerImpl.java:setRole(174)) - 59afee6f-3342-47f6-8cd2-a67165187773@group-C790A911BCD5: changes role from CANDIDATE to FOLLOWER at term 2 for DISCOVERED_A_NEW_TERM
2019-09-10 18:32:56,982 [59afee6f-3342-47f6-8cd2-a67165187773@group-C790A911BCD5:LeaderElection23] INFO  impl.RoleInfo (RoleInfo.java:shutdownLeaderElection(134)) - 59afee6f-3342-47f6-8cd2-a67165187773: shutdown LeaderElection
2019-09-10 18:32:56,982 [f9c92805-78f9-4aa2-ad11-0f5c06c060e3@group-C790A911BCD5:LeaderElection24] INFO  impl.RoleInfo (RoleInfo.java:updateAndGet(143)) - f9c92805-78f9-4aa2-ad11-0f5c06c060e3: start FollowerState
2019-09-10 18:32:56,986 [59afee6f-3342-47f6-8cd2-a67165187773@group-C790A911BCD5:LeaderElection23] INFO  impl.RoleInfo (RoleInfo.java:updateAndGet(143)) - 59afee6f-3342-47f6-8cd2-a67165187773: start FollowerState
2019-09-10 18:32:56,988 [fc430ad7-c10f-4afd-84a3-4263b60fc3a5@group-C790A911BCD5:LeaderElection25] INFO  impl.LeaderElection (LeaderElection.java:logAndReturn(56)) - fc430ad7-c10f-4afd-84a3-4263b60fc3a5@group-C790A911BCD5:LeaderElection25: Election REJECTED; received 2 response(s) [fc430ad7-c10f-4afd-84a3-4263b60fc3a5<-f9c92805-78f9-4aa2-ad11-0f5c06c060e3#0:FAIL-t2, fc430ad7-c10f-4afd-84a3-4263b60fc3a5<-59afee6f-3342-47f6-8cd2-a67165187773#0:FAIL-t2] and 0 exception(s); fc430ad7-c10f-4afd-84a3-4263b60fc3a5@group-C790A911BCD5:t2, leader=null, voted=fc430ad7-c10f-4afd-84a3-4263b60fc3a5, raftlog=fc430ad7-c10f-4afd-84a3-4263b60fc3a5@group-C790A911BCD5-SegmentedRaftLog:OPENED:c-1,f-1,i0, conf=-1: [f9c92805-78f9-4aa2-ad11-0f5c06c060e3:192.168.5.139:43690, 59afee6f-3342-47f6-8cd2-a67165187773:192.168.5.139:42383, fc430ad7-c10f-4afd-84a3-4263b60fc3a5:192.168.5.139:34501], old=null
2019-09-10 18:32:56,988 [fc430ad7-c10f-4afd-84a3-4263b60fc3a5@group-C790A911BCD5:LeaderElection25] INFO  impl.RaftServerImpl (RaftServerImpl.java:setRole(174)) - fc430ad7-c10f-4afd-84a3-4263b60fc3a5@group-C790A911BCD5: changes role from CANDIDATE to FOLLOWER at term 2 for DISCOVERED_A_NEW_TERM
2019-09-10 18:32:56,988 [fc430ad7-c10f-4afd-84a3-4263b60fc3a5@group-C790A911BCD5:LeaderElection25] INFO  impl.RoleInfo (RoleInfo.java:shutdownLeaderElection(134)) - fc430ad7-c10f-4afd-84a3-4263b60fc3a5: shutdown LeaderElection
2019-09-10 18:32:56,989 [fc430ad7-c10f-4afd-84a3-4263b60fc3a5@group-C790A911BCD5:LeaderElection25] INFO  impl.RoleInfo (RoleInfo.java:updateAndGet(143)) - fc430ad7-c10f-4afd-84a3-4263b60fc3a5: start FollowerState
2019-09-10 18:32:57,009 [grpc-default-executor-3] INFO  client.GrpcClientProtocolClient (GrpcClientProtocolClient.java:onNext(264)) - client-B2117E40EB7F->f9c92805-78f9-4aa2-ad11-0f5c06c060e3: receive RaftClientReply:client-B2117E40EB7F->f9c92805-78f9-4aa2-ad11-0f5c06c060e3@group-C790A911BCD5, cid=29, FAILED org.apache.ratis.protocol.NotLeaderException: Server f9c92805-78f9-4aa2-ad11-0f5c06c060e3@group-C790A911BCD5 is not the leader, logIndex=0, commits[f9c92805-78f9-4aa2-ad11-0f5c06c060e3:c-1]
2019-09-10 18:32:57,998 [Thread-500] INFO  impl.FollowerState (FollowerState.java:run(106)) - 59afee6f-3342-47f6-8cd2-a67165187773:group-C790A911BCD5 changes to CANDIDATE, lastRpcTime:1011, electionTimeout:1011ms
2019-09-10 18:32:57,998 [Thread-500] INFO  impl.RoleInfo (RoleInfo.java:shutdownFollowerState(121)) - 59afee6f-3342-47f6-8cd2-a67165187773: shutdown FollowerState
2019-09-10 18:32:57,998 [Thread-500] INFO  impl.RaftServerImpl (RaftServerImpl.java:setRole(174)) - 59afee6f-3342-47f6-8cd2-a67165187773@group-C790A911BCD5: changes role from  FOLLOWER to CANDIDATE at term 2 for changeToCandidate
2019-09-10 18:32:57,999 [Thread-500] INFO  impl.RoleInfo (RoleInfo.java:updateAndGet(143)) - 59afee6f-3342-47f6-8cd2-a67165187773: start LeaderElection
2019-09-10 18:32:58,015 [Thread-501] INFO  impl.FollowerState (FollowerState.java:run(106)) - fc430ad7-c10f-4afd-84a3-4263b60fc3a5:group-C790A911BCD5 changes to CANDIDATE, lastRpcTime:1026, electionTimeout:1026ms
2019-09-10 18:32:58,016 [Thread-501] INFO  impl.RoleInfo (RoleInfo.java:shutdownFollowerState(121)) - fc430ad7-c10f-4afd-84a3-4263b60fc3a5: shutdown FollowerState
2019-09-10 18:32:58,016 [Thread-501] INFO  impl.RaftServerImpl (RaftServerImpl.java:setRole(174)) - fc430ad7-c10f-4afd-84a3-4263b60fc3a5@group-C790A911BCD5: changes role from  FOLLOWER to CANDIDATE at term 2 for changeToCandidate
2019-09-10 18:32:58,016 [Thread-501] INFO  impl.RoleInfo (RoleInfo.java:updateAndGet(143)) - fc430ad7-c10f-4afd-84a3-4263b60fc3a5: start LeaderElection
2019-09-10 18:32:58,020 [59afee6f-3342-47f6-8cd2-a67165187773@group-C790A911BCD5:LeaderElection26] INFO  impl.LeaderElection (LeaderElection.java:askForVotes(182)) - 59afee6f-3342-47f6-8cd2-a67165187773@group-C790A911BCD5:LeaderElection26: begin an election at term 3 for -1: [f9c92805-78f9-4aa2-ad11-0f5c06c060e3:192.168.5.139:43690, 59afee6f-3342-47f6-8cd2-a67165187773:192.168.5.139:42383, fc430ad7-c10f-4afd-84a3-4263b60fc3a5:192.168.5.139:34501], old=null
2019-09-10 18:32:58,025 [grpc-default-executor-3] INFO  impl.RaftServerImpl (RaftServerImpl.java:setRole(174)) - f9c92805-78f9-4aa2-ad11-0f5c06c060e3@group-C790A911BCD5: changes role from  FOLLOWER to FOLLOWER at term 3 for recognizeCandidate:59afee6f-3342-47f6-8cd2-a67165187773
2019-09-10 18:32:58,025 [grpc-default-executor-3] INFO  impl.RoleInfo (RoleInfo.java:shutdownFollowerState(121)) - f9c92805-78f9-4aa2-ad11-0f5c06c060e3: shutdown FollowerState
2019-09-10 18:32:58,025 [grpc-default-executor-3] INFO  impl.RoleInfo (RoleInfo.java:updateAndGet(143)) - f9c92805-78f9-4aa2-ad11-0f5c06c060e3: start FollowerState
2019-09-10 18:32:58,025 [Thread-499] INFO  impl.FollowerState (FollowerState.java:run(115)) - f9c92805-78f9-4aa2-ad11-0f5c06c060e3: FollowerState was interrupted: java.lang.InterruptedException: sleep interrupted
2019-09-10 18:32:58,035 [fc430ad7-c10f-4afd-84a3-4263b60fc3a5@group-C790A911BCD5:LeaderElection27] INFO  impl.LeaderElection (LeaderElection.java:askForVotes(182)) - fc430ad7-c10f-4afd-84a3-4263b60fc3a5@group-C790A911BCD5:LeaderElection27: begin an election at term 3 for -1: [f9c92805-78f9-4aa2-ad11-0f5c06c060e3:192.168.5.139:43690, 59afee6f-3342-47f6-8cd2-a67165187773:192.168.5.139:42383, fc430ad7-c10f-4afd-84a3-4263b60fc3a5:192.168.5.139:34501], old=null
2019-09-10 18:32:58,051 [grpc-default-executor-5] INFO  client.GrpcClientProtocolClient (GrpcClientProtocolClient.java:onNext(264)) - client-B2117E40EB7F->fc430ad7-c10f-4afd-84a3-4263b60fc3a5: receive RaftClientReply:client-B2117E40EB7F->fc430ad7-c10f-4afd-84a3-4263b60fc3a5@group-C790A911BCD5, cid=29, FAILED org.apache.ratis.protocol.NotLeaderException: Server fc430ad7-c10f-4afd-84a3-4263b60fc3a5@group-C790A911BCD5 is not the leader, logIndex=0, commits[fc430ad7-c10f-4afd-84a3-4263b60fc3a5:c-1]
2019-09-10 18:32:58,051 [fc430ad7-c10f-4afd-84a3-4263b60fc3a5@group-C790A911BCD5:LeaderElection27] INFO  impl.LeaderElection (LeaderElection.java:logAndReturn(56)) - fc430ad7-c10f-4afd-84a3-4263b60fc3a5@group-C790A911BCD5:LeaderElection27: Election REJECTED; received 2 response(s) [fc430ad7-c10f-4afd-84a3-4263b60fc3a5<-f9c92805-78f9-4aa2-ad11-0f5c06c060e3#0:FAIL-t3, fc430ad7-c10f-4afd-84a3-4263b60fc3a5<-59afee6f-3342-47f6-8cd2-a67165187773#0:FAIL-t3] and 0 exception(s); fc430ad7-c10f-4afd-84a3-4263b60fc3a5@group-C790A911BCD5:t3, leader=null, voted=fc430ad7-c10f-4afd-84a3-4263b60fc3a5, raftlog=fc430ad7-c10f-4afd-84a3-4263b60fc3a5@group-C790A911BCD5-SegmentedRaftLog:OPENED:c-1,f-1,i0, conf=-1: [f9c92805-78f9-4aa2-ad11-0f5c06c060e3:192.168.5.139:43690, 59afee6f-3342-47f6-8cd2-a67165187773:192.168.5.139:42383, fc430ad7-c10f-4afd-84a3-4263b60fc3a5:192.168.5.139:34501], old=null
2019-09-10 18:32:58,054 [fc430ad7-c10f-4afd-84a3-4263b60fc3a5@group-C790A911BCD5:LeaderElection27] INFO  impl.RaftServerImpl (RaftServerImpl.java:setRole(174)) - fc430ad7-c10f-4afd-84a3-4263b60fc3a5@group-C790A911BCD5: changes role from CANDIDATE to FOLLOWER at term 3 for DISCOVERED_A_NEW_TERM
2019-09-10 18:32:58,059 [fc430ad7-c10f-4afd-84a3-4263b60fc3a5@group-C790A911BCD5:LeaderElection27] INFO  impl.RoleInfo (RoleInfo.java:shutdownLeaderElection(134)) - fc430ad7-c10f-4afd-84a3-4263b60fc3a5: shutdown LeaderElection
2019-09-10 18:32:58,059 [fc430ad7-c10f-4afd-84a3-4263b60fc3a5@group-C790A911BCD5:LeaderElection27] INFO  impl.RoleInfo (RoleInfo.java:updateAndGet(143)) - fc430ad7-c10f-4afd-84a3-4263b60fc3a5: start FollowerState
2019-09-10 18:32:58,059 [59afee6f-3342-47f6-8cd2-a67165187773@group-C790A911BCD5:LeaderElection26] INFO  impl.LeaderElection (LeaderElection.java:logAndReturn(56)) - 59afee6f-3342-47f6-8cd2-a67165187773@group-C790A911BCD5:LeaderElection26: Election PASSED; received 2 response(s) [59afee6f-3342-47f6-8cd2-a67165187773<-f9c92805-78f9-4aa2-ad11-0f5c06c060e3#0:OK-t3, 59afee6f-3342-47f6-8cd2-a67165187773<-fc430ad7-c10f-4afd-84a3-4263b60fc3a5#0:FAIL-t3] and 0 exception(s); 59afee6f-3342-47f6-8cd2-a67165187773@group-C790A911BCD5:t3, leader=null, voted=59afee6f-3342-47f6-8cd2-a67165187773, raftlog=59afee6f-3342-47f6-8cd2-a67165187773@group-C790A911BCD5-SegmentedRaftLog:OPENED:c-1,f-1,i0, conf=-1: [f9c92805-78f9-4aa2-ad11-0f5c06c060e3:192.168.5.139:43690, 59afee6f-3342-47f6-8cd2-a67165187773:192.168.5.139:42383, fc430ad7-c10f-4afd-84a3-4263b60fc3a5:192.168.5.139:34501], old=null
2019-09-10 18:32:58,062 [59afee6f-3342-47f6-8cd2-a67165187773@group-C790A911BCD5:LeaderElection26] INFO  impl.RoleInfo (RoleInfo.java:shutdownLeaderElection(134)) - 59afee6f-3342-47f6-8cd2-a67165187773: shutdown LeaderElection
2019-09-10 18:32:58,065 [59afee6f-3342-47f6-8cd2-a67165187773@group-C790A911BCD5:LeaderElection26] INFO  impl.RaftServerImpl (RaftServerImpl.java:setRole(174)) - 59afee6f-3342-47f6-8cd2-a67165187773@group-C790A911BCD5: changes role from CANDIDATE to LEADER at term 3 for changeToLeader
2019-09-10 18:32:58,065 [59afee6f-3342-47f6-8cd2-a67165187773@group-C790A911BCD5:LeaderElection26] INFO  impl.RaftServerImpl (ServerState.java:setLeader(253)) - 59afee6f-3342-47f6-8cd2-a67165187773@group-C790A911BCD5: change Leader from null to 59afee6f-3342-47f6-8cd2-a67165187773 at term 3 for becomeLeader, leader elected after 4655ms
2019-09-10 18:32:58,065 [59afee6f-3342-47f6-8cd2-a67165187773@group-C790A911BCD5:LeaderElection26] INFO  server.RaftServerConfigKeys (ConfUtils.java:logGet(43)) - raft.server.staging.catchup.gap = 1000 (default)
2019-09-10 18:32:58,065 [59afee6f-3342-47f6-8cd2-a67165187773@group-C790A911BCD5:LeaderElection26] INFO  server.RaftServerConfigKeys (ConfUtils.java:logGet(43)) - raft.server.rpc.sleep.time = 25ms (default)
2019-09-10 18:32:58,065 [59afee6f-3342-47f6-8cd2-a67165187773@group-C790A911BCD5:LeaderElection26] INFO  server.RaftServerConfigKeys (ConfUtils.java:logGet(43)) - raft.server.write.element-limit = 4096 (default)
2019-09-10 18:32:58,066 [59afee6f-3342-47f6-8cd2-a67165187773@group-C790A911BCD5:LeaderElection26] INFO  server.RaftServerConfigKeys (ConfUtils.java:logGet(43)) - raft.server.watch.timeout = 10s (default)
2019-09-10 18:32:58,066 [59afee6f-3342-47f6-8cd2-a67165187773@group-C790A911BCD5:LeaderElection26] INFO  server.RaftServerConfigKeys (ConfUtils.java:logGet(43)) - raft.server.watch.timeout.denomination = 1s (default)
2019-09-10 18:32:58,066 [59afee6f-3342-47f6-8cd2-a67165187773@group-C790A911BCD5:LeaderElection26] INFO  server.RaftServerConfigKeys (ConfUtils.java:logGet(43)) - raft.server.watch.element-limit = 65536 (default)
2019-09-10 18:32:58,070 [59afee6f-3342-47f6-8cd2-a67165187773@group-C790A911BCD5:LeaderElection26] INFO  server.RaftServerConfigKeys (ConfUtils.java:logGet(43)) - raft.server.log.appender.snapshot.chunk.size.max = 16MB (=16777216) (default)
2019-09-10 18:32:58,070 [59afee6f-3342-47f6-8cd2-a67165187773@group-C790A911BCD5:LeaderElection26] INFO  server.RaftServerConfigKeys (ConfUtils.java:logGet(43)) - raft.server.log.appender.buffer.byte-limit = 33554432 (custom)
2019-09-10 18:32:58,070 [59afee6f-3342-47f6-8cd2-a67165187773@group-C790A911BCD5:LeaderElection26] INFO  server.RaftServerConfigKeys (ConfUtils.java:logGet(43)) - raft.server.log.appender.buffer.element-limit = 1 (custom)
2019-09-10 18:32:58,070 [59afee6f-3342-47f6-8cd2-a67165187773@group-C790A911BCD5:LeaderElection26] INFO  grpc.GrpcConfigKeys$Server (ConfUtils.java:logGet(43)) - raft.grpc.server.leader.outstanding.appends.max = 128 (default)
2019-09-10 18:32:58,071 [59afee6f-3342-47f6-8cd2-a67165187773@group-C790A911BCD5:LeaderElection26] INFO  server.RaftServerConfigKeys (ConfUtils.java:logGet(43)) - raft.server.rpc.request.timeout = 3000ms (default)
2019-09-10 18:32:58,071 [59afee6f-3342-47f6-8cd2-a67165187773@group-C790A911BCD5:LeaderElection26] INFO  server.RaftServerConfigKeys (ConfUtils.java:logGet(43)) - raft.server.log.appender.install.snapshot.enabled = false (custom)
2019-09-10 18:32:58,071 [59afee6f-3342-47f6-8cd2-a67165187773@group-C790A911BCD5:LeaderElection26] INFO  server.RaftServerConfigKeys (ConfUtils.java:logGet(43)) - raft.server.log.appender.snapshot.chunk.size.max = 16MB (=16777216) (default)
2019-09-10 18:32:58,071 [59afee6f-3342-47f6-8cd2-a67165187773@group-C790A911BCD5:LeaderElection26] INFO  server.RaftServerConfigKeys (ConfUtils.java:logGet(43)) - raft.server.log.appender.buffer.byte-limit = 33554432 (custom)
2019-09-10 18:32:58,072 [59afee6f-3342-47f6-8cd2-a67165187773@group-C790A911BCD5:LeaderElection26] INFO  server.RaftServerConfigKeys (ConfUtils.java:logGet(43)) - raft.server.log.appender.buffer.element-limit = 1 (custom)
2019-09-10 18:32:58,072 [59afee6f-3342-47f6-8cd2-a67165187773@group-C790A911BCD5:LeaderElection26] INFO  grpc.GrpcConfigKeys$Server (ConfUtils.java:logGet(43)) - raft.grpc.server.leader.outstanding.appends.max = 128 (default)
2019-09-10 18:32:58,072 [59afee6f-3342-47f6-8cd2-a67165187773@group-C790A911BCD5:LeaderElection26] INFO  server.RaftServerConfigKeys (ConfUtils.java:logGet(43)) - raft.server.rpc.request.timeout = 3000ms (default)
2019-09-10 18:32:58,072 [59afee6f-3342-47f6-8cd2-a67165187773@group-C790A911BCD5:LeaderElection26] INFO  server.RaftServerConfigKeys (ConfUtils.java:logGet(43)) - raft.server.log.appender.install.snapshot.enabled = false (custom)
2019-09-10 18:32:58,073 [59afee6f-3342-47f6-8cd2-a67165187773@group-C790A911BCD5:LeaderElection26] INFO  impl.RoleInfo (RoleInfo.java:updateAndGet(143)) - 59afee6f-3342-47f6-8cd2-a67165187773: start LeaderState
2019-09-10 18:32:58,073 [59afee6f-3342-47f6-8cd2-a67165187773@group-C790A911BCD5:LeaderElection26] INFO  segmented.SegmentedRaftLogWorker (SegmentedRaftLogWorker.java:startLogSegment(380)) - 59afee6f-3342-47f6-8cd2-a67165187773@group-C790A911BCD5-SegmentedRaftLogWorker: Starting segment from index:0
2019-09-10 18:32:58,107 [59afee6f-3342-47f6-8cd2-a67165187773@group-C790A911BCD5:LeaderElection26] INFO  impl.RaftServerImpl (ServerState.java:setRaftConf(354)) - 59afee6f-3342-47f6-8cd2-a67165187773@group-C790A911BCD5: set configuration 0: [f9c92805-78f9-4aa2-ad11-0f5c06c060e3:192.168.5.139:43690, 59afee6f-3342-47f6-8cd2-a67165187773:192.168.5.139:42383, fc430ad7-c10f-4afd-84a3-4263b60fc3a5:192.168.5.139:34501], old=null at 0
2019-09-10 18:32:58,110 [grpc-default-executor-3] INFO  impl.RaftServerImpl (ServerState.java:setLeader(253)) - f9c92805-78f9-4aa2-ad11-0f5c06c060e3@group-C790A911BCD5: change Leader from null to 59afee6f-3342-47f6-8cd2-a67165187773 at term 3 for appendEntries, leader elected after 4700ms
2019-09-10 18:32:58,110 [grpc-default-executor-5] INFO  impl.RaftServerImpl (ServerState.java:setLeader(253)) - fc430ad7-c10f-4afd-84a3-4263b60fc3a5@group-C790A911BCD5: change Leader from null to 59afee6f-3342-47f6-8cd2-a67165187773 at term 3 for appendEntries, leader elected after 4701ms
2019-09-10 18:32:58,131 [59afee6f-3342-47f6-8cd2-a67165187773@group-C790A911BCD5-SegmentedRaftLogWorker] INFO  segmented.SegmentedRaftLogWorker (SegmentedRaftLogWorker.java:execute(569)) - 59afee6f-3342-47f6-8cd2-a67165187773@group-C790A911BCD5-SegmentedRaftLogWorker: created new log segment /workdir/hadoop-ozone/integration-test/target/test-dir/MiniOzoneClusterImpl-34bd394c-9e3d-49fb-9b5f-f4de544d8d6b/datanode-0/data/ratis/fde91d5f-f83b-424e-970c-c790a911bcd5/current/log_inprogress_0
2019-09-10 18:32:58,138 [grpc-default-executor-5] INFO  impl.RaftServerImpl (ServerState.java:setRaftConf(354)) - fc430ad7-c10f-4afd-84a3-4263b60fc3a5@group-C790A911BCD5: set configuration 0: [f9c92805-78f9-4aa2-ad11-0f5c06c060e3:192.168.5.139:43690, 59afee6f-3342-47f6-8cd2-a67165187773:192.168.5.139:42383, fc430ad7-c10f-4afd-84a3-4263b60fc3a5:192.168.5.139:34501], old=null at 0
2019-09-10 18:32:58,138 [grpc-default-executor-5] INFO  segmented.SegmentedRaftLogWorker (SegmentedRaftLogWorker.java:startLogSegment(380)) - fc430ad7-c10f-4afd-84a3-4263b60fc3a5@group-C790A911BCD5-SegmentedRaftLogWorker: Starting segment from index:0
2019-09-10 18:32:58,138 [grpc-default-executor-3] INFO  impl.RaftServerImpl (ServerState.java:setRaftConf(354)) - f9c92805-78f9-4aa2-ad11-0f5c06c060e3@group-C790A911BCD5: set configuration 0: [f9c92805-78f9-4aa2-ad11-0f5c06c060e3:192.168.5.139:43690, 59afee6f-3342-47f6-8cd2-a67165187773:192.168.5.139:42383, fc430ad7-c10f-4afd-84a3-4263b60fc3a5:192.168.5.139:34501], old=null at 0
2019-09-10 18:32:58,138 [grpc-default-executor-3] INFO  segmented.SegmentedRaftLogWorker (SegmentedRaftLogWorker.java:startLogSegment(380)) - f9c92805-78f9-4aa2-ad11-0f5c06c060e3@group-C790A911BCD5-SegmentedRaftLogWorker: Starting segment from index:0
2019-09-10 18:32:58,174 [fc430ad7-c10f-4afd-84a3-4263b60fc3a5@group-C790A911BCD5-SegmentedRaftLogWorker] INFO  segmented.SegmentedRaftLogWorker (SegmentedRaftLogWorker.java:execute(569)) - fc430ad7-c10f-4afd-84a3-4263b60fc3a5@group-C790A911BCD5-SegmentedRaftLogWorker: created new log segment /workdir/hadoop-ozone/integration-test/target/test-dir/MiniOzoneClusterImpl-34bd394c-9e3d-49fb-9b5f-f4de544d8d6b/datanode-9/data/ratis/fde91d5f-f83b-424e-970c-c790a911bcd5/current/log_inprogress_0
2019-09-10 18:32:58,207 [f9c92805-78f9-4aa2-ad11-0f5c06c060e3@group-C790A911BCD5-SegmentedRaftLogWorker] INFO  segmented.SegmentedRaftLogWorker (SegmentedRaftLogWorker.java:execute(569)) - f9c92805-78f9-4aa2-ad11-0f5c06c060e3@group-C790A911BCD5-SegmentedRaftLogWorker: created new log segment /workdir/hadoop-ozone/integration-test/target/test-dir/MiniOzoneClusterImpl-34bd394c-9e3d-49fb-9b5f-f4de544d8d6b/datanode-4/data/ratis/fde91d5f-f83b-424e-970c-c790a911bcd5/current/log_inprogress_0
2019-09-10 18:32:59,080 [grpc-default-executor-3] INFO  client.GrpcClientProtocolClient (GrpcClientProtocolClient.java:onNext(264)) - client-B2117E40EB7F->f9c92805-78f9-4aa2-ad11-0f5c06c060e3: receive RaftClientReply:client-B2117E40EB7F->f9c92805-78f9-4aa2-ad11-0f5c06c060e3@group-C790A911BCD5, cid=29, FAILED org.apache.ratis.protocol.NotLeaderException: Server f9c92805-78f9-4aa2-ad11-0f5c06c060e3@group-C790A911BCD5 is not the leader 59afee6f-3342-47f6-8cd2-a67165187773:192.168.5.139:42383, logIndex=0, commits[f9c92805-78f9-4aa2-ad11-0f5c06c060e3:c0, 59afee6f-3342-47f6-8cd2-a67165187773:c0, fc430ad7-c10f-4afd-84a3-4263b60fc3a5:c0]
2019-09-10 18:32:59,405 [grpc-default-executor-3] INFO  client.GrpcClientProtocolClient (GrpcClientProtocolClient.java:onNext(264)) - client-B2117E40EB7F->59afee6f-3342-47f6-8cd2-a67165187773: receive RaftClientReply:client-B2117E40EB7F->59afee6f-3342-47f6-8cd2-a67165187773@group-C790A911BCD5, cid=29, SUCCESS, logIndex=1, commits[59afee6f-3342-47f6-8cd2-a67165187773:c1, f9c92805-78f9-4aa2-ad11-0f5c06c060e3:c0, fc430ad7-c10f-4afd-84a3-4263b60fc3a5:c0]
2019-09-10 18:32:59,528 [grpc-default-executor-0] INFO  client.GrpcClientProtocolClient (GrpcClientProtocolClient.java:onNext(264)) - client-B2117E40EB7F->59afee6f-3342-47f6-8cd2-a67165187773: receive RaftClientReply:client-B2117E40EB7F->59afee6f-3342-47f6-8cd2-a67165187773@group-C790A911BCD5, cid=30, SUCCESS, logIndex=3, commits[59afee6f-3342-47f6-8cd2-a67165187773:c8, f9c92805-78f9-4aa2-ad11-0f5c06c060e3:c5, fc430ad7-c10f-4afd-84a3-4263b60fc3a5:c5]
2019-09-10 18:32:59,531 [grpc-default-executor-0] INFO  client.GrpcClientProtocolClient (GrpcClientProtocolClient.java:onNext(264)) - client-B2117E40EB7F->59afee6f-3342-47f6-8cd2-a67165187773: receive RaftClientReply:client-B2117E40EB7F->59afee6f-3342-47f6-8cd2-a67165187773@group-C790A911BCD5, cid=31, SUCCESS, logIndex=4, commits[59afee6f-3342-47f6-8cd2-a67165187773:c8, f9c92805-78f9-4aa2-ad11-0f5c06c060e3:c5, fc430ad7-c10f-4afd-84a3-4263b60fc3a5:c5]
2019-09-10 18:32:59,709 [grpc-default-executor-0] INFO  client.GrpcClientProtocolClient (GrpcClientProtocolClient.java:onNext(264)) - client-B2117E40EB7F->59afee6f-3342-47f6-8cd2-a67165187773: receive RaftClientReply:client-B2117E40EB7F->59afee6f-3342-47f6-8cd2-a67165187773@group-C790A911BCD5, cid=32, SUCCESS, logIndex=5, commits[59afee6f-3342-47f6-8cd2-a67165187773:c8, f9c92805-78f9-4aa2-ad11-0f5c06c060e3:c5, fc430ad7-c10f-4afd-84a3-4263b60fc3a5:c5]
2019-09-10 18:32:59,756 [grpc-default-executor-5] INFO  client.GrpcClientProtocolClient (GrpcClientProtocolClient.java:onNext(264)) - client-B2117E40EB7F->59afee6f-3342-47f6-8cd2-a67165187773: receive RaftClientReply:client-B2117E40EB7F->59afee6f-3342-47f6-8cd2-a67165187773@group-C790A911BCD5, cid=33, SUCCESS, logIndex=9, commits[59afee6f-3342-47f6-8cd2-a67165187773:c10, f9c92805-78f9-4aa2-ad11-0f5c06c060e3:c8, fc430ad7-c10f-4afd-84a3-4263b60fc3a5:c8]
2019-09-10 18:32:59,758 [grpc-default-executor-3] INFO  client.GrpcClientProtocolClient (GrpcClientProtocolClient.java:onNext(264)) - client-B2117E40EB7F->59afee6f-3342-47f6-8cd2-a67165187773: receive RaftClientReply:client-B2117E40EB7F->59afee6f-3342-47f6-8cd2-a67165187773@group-C790A911BCD5, cid=34, SUCCESS, logIndex=10, commits[59afee6f-3342-47f6-8cd2-a67165187773:c10, f9c92805-78f9-4aa2-ad11-0f5c06c060e3:c8, fc430ad7-c10f-4afd-84a3-4263b60fc3a5:c8]
2019-09-10 18:32:59,771 [grpc-default-executor-4] INFO  client.GrpcClientProtocolClient (GrpcClientProtocolClient.java:onNext(264)) - client-B2117E40EB7F->59afee6f-3342-47f6-8cd2-a67165187773: receive RaftClientReply:client-B2117E40EB7F->59afee6f-3342-47f6-8cd2-a67165187773@group-C790A911BCD5, cid=35, SUCCESS, logIndex=11, commits[59afee6f-3342-47f6-8cd2-a67165187773:c12, f9c92805-78f9-4aa2-ad11-0f5c06c060e3:c8, fc430ad7-c10f-4afd-84a3-4263b60fc3a5:c8]
2019-09-10 18:32:59,772 [grpc-default-executor-4] INFO  client.GrpcClientProtocolClient (GrpcClientProtocolClient.java:onNext(264)) - client-B2117E40EB7F->59afee6f-3342-47f6-8cd2-a67165187773: receive RaftClientReply:client-B2117E40EB7F->59afee6f-3342-47f6-8cd2-a67165187773@group-C790A911BCD5, cid=36, SUCCESS, logIndex=12, commits[59afee6f-3342-47f6-8cd2-a67165187773:c14, f9c92805-78f9-4aa2-ad11-0f5c06c060e3:c10, fc430ad7-c10f-4afd-84a3-4263b60fc3a5:c10]
2019-09-10 18:32:59,801 [grpc-default-executor-4] INFO  client.GrpcClientProtocolClient (GrpcClientProtocolClient.java:onNext(264)) - client-B2117E40EB7F->59afee6f-3342-47f6-8cd2-a67165187773: receive RaftClientReply:client-B2117E40EB7F->59afee6f-3342-47f6-8cd2-a67165187773@group-C790A911BCD5, cid=37, SUCCESS, logIndex=0, commits[59afee6f-3342-47f6-8cd2-a67165187773:c15, f9c92805-78f9-4aa2-ad11-0f5c06c060e3:c12, fc430ad7-c10f-4afd-84a3-4263b60fc3a5:c12]
2019-09-10 18:33:02,819 [java.util.concurrent.ThreadPoolExecutor$Worker@781538ae[State = -1, empty queue]] WARN  server.GrpcLogAppender (GrpcLogAppender.java:timeoutAppendRequest(200)) - 59afee6f-3342-47f6-8cd2-a67165187773@group-C790A911BCD5->fc430ad7-c10f-4afd-84a3-4263b60fc3a5-GrpcLogAppender: appendEntries Timeout, request=59afee6f-3342-47f6-8cd2-a67165187773->fc430ad7-c10f-4afd-84a3-4263b60fc3a5#19-t3, previous=(t:3, i:16), leaderCommit=16, initializing? false, entries: size=1, first=(t:3, i:17), STATEMACHINELOGENTRY, client-B2117E40EB7F, cid=38
2019-09-10 18:33:02,820 [java.util.concurrent.ThreadPoolExecutor$Worker@2130bf45[State = -1, empty queue]] WARN  server.GrpcLogAppender (GrpcLogAppender.java:timeoutAppendRequest(200)) - 59afee6f-3342-47f6-8cd2-a67165187773@group-C790A911BCD5->f9c92805-78f9-4aa2-ad11-0f5c06c060e3-GrpcLogAppender: appendEntries Timeout, request=59afee6f-3342-47f6-8cd2-a67165187773->f9c92805-78f9-4aa2-ad11-0f5c06c060e3#19-t3, previous=(t:3, i:16), leaderCommit=16, initializing? false, entries: size=1, first=(t:3, i:17), STATEMACHINELOGENTRY, client-B2117E40EB7F, cid=38
2019-09-10 18:33:02,824 [java.util.concurrent.ThreadPoolExecutor$Worker@781538ae[State = -1, empty queue]] WARN  server.GrpcLogAppender (GrpcLogAppender.java:timeoutAppendRequest(200)) - 59afee6f-3342-47f6-8cd2-a67165187773@group-C790A911BCD5->fc430ad7-c10f-4afd-84a3-4263b60fc3a5-GrpcLogAppender: appendEntries Timeout, request=59afee6f-3342-47f6-8cd2-a67165187773->fc430ad7-c10f-4afd-84a3-4263b60fc3a5#20-t3, previous=(t:3, i:17), leaderCommit=16, initializing? false, entries: size=1, first=(t:3, i:18), STATEMACHINELOGENTRY, client-B2117E40EB7F, cid=39
2019-09-10 18:33:02,827 [java.util.concurrent.ThreadPoolExecutor$Worker@2130bf45[State = -1, empty queue]] WARN  server.GrpcLogAppender (GrpcLogAppender.java:timeoutAppendRequest(200)) - 59afee6f-3342-47f6-8cd2-a67165187773@group-C790A911BCD5->f9c92805-78f9-4aa2-ad11-0f5c06c060e3-GrpcLogAppender: appendEntries Timeout, request=59afee6f-3342-47f6-8cd2-a67165187773->f9c92805-78f9-4aa2-ad11-0f5c06c060e3#20-t3, previous=(t:3, i:17), leaderCommit=16, initializing? false, entries: size=1, first=(t:3, i:18), STATEMACHINELOGENTRY, client-B2117E40EB7F, cid=39
2019-09-10 18:33:02,830 [java.util.concurrent.ThreadPoolExecutor$Worker@781538ae[State = -1, empty queue]] WARN  server.GrpcLogAppender (GrpcLogAppender.java:timeoutAppendRequest(200)) - 59afee6f-3342-47f6-8cd2-a67165187773@group-C790A911BCD5->fc430ad7-c10f-4afd-84a3-4263b60fc3a5-GrpcLogAppender: appendEntries Timeout, request=59afee6f-3342-47f6-8cd2-a67165187773->fc430ad7-c10f-4afd-84a3-4263b60fc3a5#21-t3, previous=(t:3, i:18), leaderCommit=16, initializing? false, entries: size=1, first=(t:3, i:19), STATEMACHINELOGENTRY, client-B2117E40EB7F, cid=40
2019-09-10 18:33:02,833 [java.util.concurrent.ThreadPoolExecutor$Worker@2130bf45[State = -1, empty queue]] WARN  server.GrpcLogAppender (GrpcLogAppender.java:timeoutAppendRequest(200)) - 59afee6f-3342-47f6-8cd2-a67165187773@group-C790A911BCD5->f9c92805-78f9-4aa2-ad11-0f5c06c060e3-GrpcLogAppender: appendEntries Timeout, request=59afee6f-3342-47f6-8cd2-a67165187773->f9c92805-78f9-4aa2-ad11-0f5c06c060e3#21-t3, previous=(t:3, i:18), leaderCommit=16, initializing? false, entries: size=1, first=(t:3, i:19), STATEMACHINELOGENTRY, client-B2117E40EB7F, cid=40
2019-09-10 18:33:02,836 [java.util.concurrent.ThreadPoolExecutor$Worker@781538ae[State = -1, empty queue]] WARN  server.GrpcLogAppender (GrpcLogAppender.java:timeoutAppendRequest(200)) - 59afee6f-3342-47f6-8cd2-a67165187773@group-C790A911BCD5->fc430ad7-c10f-4afd-84a3-4263b60fc3a5-GrpcLogAppender: appendEntries Timeout, request=59afee6f-3342-47f6-8cd2-a67165187773->fc430ad7-c10f-4afd-84a3-4263b60fc3a5#22-t3, previous=(t:3, i:19), leaderCommit=16, initializing? false, entries: size=1, first=(t:3, i:20), STATEMACHINELOGENTRY, client-B2117E40EB7F, cid=41
2019-09-10 18:33:02,838 [java.util.concurrent.ThreadPoolExecutor$Worker@2130bf45[State = -1, empty queue]] WARN  server.GrpcLogAppender (GrpcLogAppender.java:timeoutAppendRequest(200)) - 59afee6f-3342-47f6-8cd2-a67165187773@group-C790A911BCD5->f9c92805-78f9-4aa2-ad11-0f5c06c060e3-GrpcLogAppender: appendEntries Timeout, request=59afee6f-3342-47f6-8cd2-a67165187773->f9c92805-78f9-4aa2-ad11-0f5c06c060e3#22-t3, previous=(t:3, i:19), leaderCommit=16, initializing? false, entries: size=1, first=(t:3, i:20), STATEMACHINELOGENTRY, client-B2117E40EB7F, cid=41
2019-09-10 18:33:03,331 [java.util.concurrent.ThreadPoolExecutor$Worker@781538ae[State = -1, empty queue]] WARN  server.GrpcLogAppender (GrpcLogAppender.java:timeoutAppendRequest(200)) - 59afee6f-3342-47f6-8cd2-a67165187773@group-C790A911BCD5->fc430ad7-c10f-4afd-84a3-4263b60fc3a5-GrpcLogAppender: appendEntries Timeout, request=59afee6f-3342-47f6-8cd2-a67165187773->fc430ad7-c10f-4afd-84a3-4263b60fc3a5#23-t3, previous=(t:3, i:20), leaderCommit=16, initializing? false, entries: <empty>
2019-09-10 18:33:03,331 [java.util.concurrent.ThreadPoolExecutor$Worker@2130bf45[State = -1, empty queue]] WARN  server.GrpcLogAppender (GrpcLogAppender.java:timeoutAppendRequest(200)) - 59afee6f-3342-47f6-8cd2-a67165187773@group-C790A911BCD5->f9c92805-78f9-4aa2-ad11-0f5c06c060e3-GrpcLogAppender: appendEntries Timeout, request=59afee6f-3342-47f6-8cd2-a67165187773->f9c92805-78f9-4aa2-ad11-0f5c06c060e3#23-t3, previous=(t:3, i:20), leaderCommit=16, initializing? false, entries: <empty>
2019-09-10 18:33:03,832 [java.util.concurrent.ThreadPoolExecutor$Worker@2130bf45[State = -1, empty queue]] WARN  server.GrpcLogAppender (GrpcLogAppender.java:timeoutAppendRequest(200)) - 59afee6f-3342-47f6-8cd2-a67165187773@group-C790A911BCD5->f9c92805-78f9-4aa2-ad11-0f5c06c060e3-GrpcLogAppender: appendEntries Timeout, request=59afee6f-3342-47f6-8cd2-a67165187773->f9c92805-78f9-4aa2-ad11-0f5c06c060e3#24-t3, previous=(t:3, i:20), leaderCommit=16, initializing? false, entries: <empty>
2019-09-10 18:33:03,832 [java.util.concurrent.ThreadPoolExecutor$Worker@781538ae[State = -1, empty queue]] WARN  server.GrpcLogAppender (GrpcLogAppender.java:timeoutAppendRequest(200)) - 59afee6f-3342-47f6-8cd2-a67165187773@group-C790A911BCD5->fc430ad7-c10f-4afd-84a3-4263b60fc3a5-GrpcLogAppender: appendEntries Timeout, request=59afee6f-3342-47f6-8cd2-a67165187773->fc430ad7-c10f-4afd-84a3-4263b60fc3a5#24-t3, previous=(t:3, i:20), leaderCommit=16, initializing? false, entries: <empty>
2019-09-10 18:33:04,333 [java.util.concurrent.ThreadPoolExecutor$Worker@2130bf45[State = -1, empty queue]] WARN  server.GrpcLogAppender (GrpcLogAppender.java:timeoutAppendRequest(200)) - 59afee6f-3342-47f6-8cd2-a67165187773@group-C790A911BCD5->f9c92805-78f9-4aa2-ad11-0f5c06c060e3-GrpcLogAppender: appendEntries Timeout, request=59afee6f-3342-47f6-8cd2-a67165187773->f9c92805-78f9-4aa2-ad11-0f5c06c060e3#25-t3, previous=(t:3, i:20), leaderCommit=16, initializing? false, entries: <empty>
2019-09-10 18:33:04,333 [java.util.concurrent.ThreadPoolExecutor$Worker@781538ae[State = -1, empty queue]] WARN  server.GrpcLogAppender (GrpcLogAppender.java:timeoutAppendRequest(200)) - 59afee6f-3342-47f6-8cd2-a67165187773@group-C790A911BCD5->fc430ad7-c10f-4afd-84a3-4263b60fc3a5-GrpcLogAppender: appendEntries Timeout, request=59afee6f-3342-47f6-8cd2-a67165187773->fc430ad7-c10f-4afd-84a3-4263b60fc3a5#25-t3, previous=(t:3, i:20), leaderCommit=16, initializing? false, entries: <empty>
2019-09-10 18:33:04,833 [java.util.concurrent.ThreadPoolExecutor$Worker@2130bf45[State = -1, empty queue]] WARN  server.GrpcLogAppender (GrpcLogAppender.java:timeoutAppendRequest(200)) - 59afee6f-3342-47f6-8cd2-a67165187773@group-C790A911BCD5->f9c92805-78f9-4aa2-ad11-0f5c06c060e3-GrpcLogAppender: appendEntries Timeout, request=59afee6f-3342-47f6-8cd2-a67165187773->f9c92805-78f9-4aa2-ad11-0f5c06c060e3#26-t3, previous=(t:3, i:20), leaderCommit=16, initializing? false, entries: <empty>
2019-09-10 18:33:04,833 [java.util.concurrent.ThreadPoolExecutor$Worker@781538ae[State = -1, empty queue]] WARN  server.GrpcLogAppender (GrpcLogAppender.java:timeoutAppendRequest(200)) - 59afee6f-3342-47f6-8cd2-a67165187773@group-C790A911BCD5->fc430ad7-c10f-4afd-84a3-4263b60fc3a5-GrpcLogAppender: appendEntries Timeout, request=59afee6f-3342-47f6-8cd2-a67165187773->fc430ad7-c10f-4afd-84a3-4263b60fc3a5#26-t3, previous=(t:3, i:20), leaderCommit=16, initializing? false, entries: <empty>
2019-09-10 18:33:04,886 [grpc-default-executor-5] INFO  client.GrpcClientProtocolClient (GrpcClientProtocolClient.java:onNext(264)) - client-B2117E40EB7F->f9c92805-78f9-4aa2-ad11-0f5c06c060e3: receive RaftClientReply:client-B2117E40EB7F->f9c92805-78f9-4aa2-ad11-0f5c06c060e3@group-C790A911BCD5, cid=38, FAILED org.apache.ratis.protocol.NotLeaderException: Server f9c92805-78f9-4aa2-ad11-0f5c06c060e3@group-C790A911BCD5 is not the leader 59afee6f-3342-47f6-8cd2-a67165187773:192.168.5.139:42383, logIndex=0, commits[f9c92805-78f9-4aa2-ad11-0f5c06c060e3:c16, 59afee6f-3342-47f6-8cd2-a67165187773:c16, fc430ad7-c10f-4afd-84a3-4263b60fc3a5:c12]
2019-09-10 18:33:05,334 [java.util.concurrent.ThreadPoolExecutor$Worker@2130bf45[State = -1, empty queue]] WARN  server.GrpcLogAppender (GrpcLogAppender.java:timeoutAppendRequest(200)) - 59afee6f-3342-47f6-8cd2-a67165187773@group-C790A911BCD5->f9c92805-78f9-4aa2-ad11-0f5c06c060e3-GrpcLogAppender: appendEntries Timeout, request=59afee6f-3342-47f6-8cd2-a67165187773->f9c92805-78f9-4aa2-ad11-0f5c06c060e3#27-t3, previous=(t:3, i:20), leaderCommit=16, initializing? false, entries: <empty>
2019-09-10 18:33:05,334 [java.util.concurrent.ThreadPoolExecutor$Worker@781538ae[State = -1, empty queue]] WARN  server.GrpcLogAppender (GrpcLogAppender.java:timeoutAppendRequest(200)) - 59afee6f-3342-47f6-8cd2-a67165187773@group-C790A911BCD5->fc430ad7-c10f-4afd-84a3-4263b60fc3a5-GrpcLogAppender: appendEntries Timeout, request=59afee6f-3342-47f6-8cd2-a67165187773->fc430ad7-c10f-4afd-84a3-4263b60fc3a5#27-t3, previous=(t:3, i:20), leaderCommit=16, initializing? false, entries: <empty>
2019-09-10 18:33:05,841 [java.util.concurrent.ThreadPoolExecutor$Worker@2130bf45[State = -1, empty queue]] WARN  server.GrpcLogAppender (GrpcLogAppender.java:timeoutAppendRequest(200)) - 59afee6f-3342-47f6-8cd2-a67165187773@group-C790A911BCD5->f9c92805-78f9-4aa2-ad11-0f5c06c060e3-GrpcLogAppender: appendEntries Timeout, request=59afee6f-3342-47f6-8cd2-a67165187773->f9c92805-78f9-4aa2-ad11-0f5c06c060e3#28-t3, previous=(t:3, i:20), leaderCommit=16, initializing? false, entries: <empty>
2019-09-10 18:33:05,841 [java.util.concurrent.ThreadPoolExecutor$Worker@781538ae[State = -1, empty queue]] WARN  server.GrpcLogAppender (GrpcLogAppender.java:timeoutAppendRequest(200)) - 59afee6f-3342-47f6-8cd2-a67165187773@group-C790A911BCD5->fc430ad7-c10f-4afd-84a3-4263b60fc3a5-GrpcLogAppender: appendEntries Timeout, request=59afee6f-3342-47f6-8cd2-a67165187773->fc430ad7-c10f-4afd-84a3-4263b60fc3a5#28-t3, previous=(t:3, i:20), leaderCommit=16, initializing? false, entries: <empty>
2019-09-10 18:33:06,342 [java.util.concurrent.ThreadPoolExecutor$Worker@2130bf45[State = -1, empty queue]] WARN  server.GrpcLogAppender (GrpcLogAppender.java:timeoutAppendRequest(200)) - 59afee6f-3342-47f6-8cd2-a67165187773@group-C790A911BCD5->f9c92805-78f9-4aa2-ad11-0f5c06c060e3-GrpcLogAppender: appendEntries Timeout, request=59afee6f-3342-47f6-8cd2-a67165187773->f9c92805-78f9-4aa2-ad11-0f5c06c060e3#29-t3, previous=(t:3, i:20), leaderCommit=16, initializing? false, entries: <empty>
2019-09-10 18:33:06,342 [java.util.concurrent.ThreadPoolExecutor$Worker@781538ae[State = -1, empty queue]] WARN  server.GrpcLogAppender (GrpcLogAppender.java:timeoutAppendRequest(200)) - 59afee6f-3342-47f6-8cd2-a67165187773@group-C790A911BCD5->fc430ad7-c10f-4afd-84a3-4263b60fc3a5-GrpcLogAppender: appendEntries Timeout, request=59afee6f-3342-47f6-8cd2-a67165187773->fc430ad7-c10f-4afd-84a3-4263b60fc3a5#29-t3, previous=(t:3, i:20), leaderCommit=16, initializing? false, entries: <empty>
2019-09-10 18:33:06,842 [java.util.concurrent.ThreadPoolExecutor$Worker@781538ae[State = -1, empty queue]] WARN  server.GrpcLogAppender (GrpcLogAppender.java:timeoutAppendRequest(200)) - 59afee6f-3342-47f6-8cd2-a67165187773@group-C790A911BCD5->fc430ad7-c10f-4afd-84a3-4263b60fc3a5-GrpcLogAppender: appendEntries Timeout, request=59afee6f-3342-47f6-8cd2-a67165187773->fc430ad7-c10f-4afd-84a3-4263b60fc3a5#30-t3, previous=(t:3, i:20), leaderCommit=16, initializing? false, entries: <empty>
2019-09-10 18:33:06,842 [java.util.concurrent.ThreadPoolExecutor$Worker@2130bf45[State = -1, empty queue]] WARN  server.GrpcLogAppender (GrpcLogAppender.java:timeoutAppendRequest(200)) - 59afee6f-3342-47f6-8cd2-a67165187773@group-C790A911BCD5->f9c92805-78f9-4aa2-ad11-0f5c06c060e3-GrpcLogAppender: appendEntries Timeout, request=59afee6f-3342-47f6-8cd2-a67165187773->f9c92805-78f9-4aa2-ad11-0f5c06c060e3#30-t3, previous=(t:3, i:20), leaderCommit=16, initializing? false, entries: <empty>
2019-09-10 18:33:07,343 [java.util.concurrent.ThreadPoolExecutor$Worker@781538ae[State = -1, empty queue]] WARN  server.GrpcLogAppender (GrpcLogAppender.java:timeoutAppendRequest(200)) - 59afee6f-3342-47f6-8cd2-a67165187773@group-C790A911BCD5->fc430ad7-c10f-4afd-84a3-4263b60fc3a5-GrpcLogAppender: appendEntries Timeout, request=59afee6f-3342-47f6-8cd2-a67165187773->fc430ad7-c10f-4afd-84a3-4263b60fc3a5#31-t3, previous=(t:3, i:20), leaderCommit=16, initializing? false, entries: <empty>
2019-09-10 18:33:07,343 [java.util.concurrent.ThreadPoolExecutor$Worker@2130bf45[State = -1, empty queue]] WARN  server.GrpcLogAppender (GrpcLogAppender.java:timeoutAppendRequest(200)) - 59afee6f-3342-47f6-8cd2-a67165187773@group-C790A911BCD5->f9c92805-78f9-4aa2-ad11-0f5c06c060e3-GrpcLogAppender: appendEntries Timeout, request=59afee6f-3342-47f6-8cd2-a67165187773->f9c92805-78f9-4aa2-ad11-0f5c06c060e3#31-t3, previous=(t:3, i:20), leaderCommit=16, initializing? false, entries: <empty>
2019-09-10 18:33:07,843 [java.util.concurrent.ThreadPoolExecutor$Worker@2130bf45[State = -1, empty queue]] WARN  server.GrpcLogAppender (GrpcLogAppender.java:timeoutAppendRequest(200)) - 59afee6f-3342-47f6-8cd2-a67165187773@group-C790A911BCD5->f9c92805-78f9-4aa2-ad11-0f5c06c060e3-GrpcLogAppender: appendEntries Timeout, request=59afee6f-3342-47f6-8cd2-a67165187773->f9c92805-78f9-4aa2-ad11-0f5c06c060e3#32-t3, previous=(t:3, i:20), leaderCommit=16, initializing? false, entries: <empty>
2019-09-10 18:33:07,843 [java.util.concurrent.ThreadPoolExecutor$Worker@781538ae[State = -1, empty queue]] WARN  server.GrpcLogAppender (GrpcLogAppender.java:timeoutAppendRequest(200)) - 59afee6f-3342-47f6-8cd2-a67165187773@group-C790A911BCD5->fc430ad7-c10f-4afd-84a3-4263b60fc3a5-GrpcLogAppender: appendEntries Timeout, request=59afee6f-3342-47f6-8cd2-a67165187773->fc430ad7-c10f-4afd-84a3-4263b60fc3a5#32-t3, previous=(t:3, i:20), leaderCommit=16, initializing? false, entries: <empty>
2019-09-10 18:33:08,344 [java.util.concurrent.ThreadPoolExecutor$Worker@781538ae[State = -1, empty queue]] WARN  server.GrpcLogAppender (GrpcLogAppender.java:timeoutAppendRequest(200)) - 59afee6f-3342-47f6-8cd2-a67165187773@group-C790A911BCD5->fc430ad7-c10f-4afd-84a3-4263b60fc3a5-GrpcLogAppender: appendEntries Timeout, request=59afee6f-3342-47f6-8cd2-a67165187773->fc430ad7-c10f-4afd-84a3-4263b60fc3a5#33-t3, previous=(t:3, i:20), leaderCommit=16, initializing? false, entries: <empty>
2019-09-10 18:33:08,345 [java.util.concurrent.ThreadPoolExecutor$Worker@2130bf45[State = -1, empty queue]] WARN  server.GrpcLogAppender (GrpcLogAppender.java:timeoutAppendRequest(200)) - 59afee6f-3342-47f6-8cd2-a67165187773@group-C790A911BCD5->f9c92805-78f9-4aa2-ad11-0f5c06c060e3-GrpcLogAppender: appendEntries Timeout, request=59afee6f-3342-47f6-8cd2-a67165187773->f9c92805-78f9-4aa2-ad11-0f5c06c060e3#33-t3, previous=(t:3, i:20), leaderCommit=16, initializing? false, entries: <empty>
2019-09-10 18:33:08,845 [java.util.concurrent.ThreadPoolExecutor$Worker@781538ae[State = -1, empty queue]] WARN  server.GrpcLogAppender (GrpcLogAppender.java:timeoutAppendRequest(200)) - 59afee6f-3342-47f6-8cd2-a67165187773@group-C790A911BCD5->fc430ad7-c10f-4afd-84a3-4263b60fc3a5-GrpcLogAppender: appendEntries Timeout, request=59afee6f-3342-47f6-8cd2-a67165187773->fc430ad7-c10f-4afd-84a3-4263b60fc3a5#34-t3, previous=(t:3, i:20), leaderCommit=16, initializing? false, entries: <empty>
2019-09-10 18:33:08,845 [java.util.concurrent.ThreadPoolExecutor$Worker@2130bf45[State = -1, empty queue]] WARN  server.GrpcLogAppender (GrpcLogAppender.java:timeoutAppendRequest(200)) - 59afee6f-3342-47f6-8cd2-a67165187773@group-C790A911BCD5->f9c92805-78f9-4aa2-ad11-0f5c06c060e3-GrpcLogAppender: appendEntries Timeout, request=59afee6f-3342-47f6-8cd2-a67165187773->f9c92805-78f9-4aa2-ad11-0f5c06c060e3#34-t3, previous=(t:3, i:20), leaderCommit=16, initializing? false, entries: <empty>
2019-09-10 18:33:09,346 [java.util.concurrent.ThreadPoolExecutor$Worker@781538ae[State = -1, empty queue]] WARN  server.GrpcLogAppender (GrpcLogAppender.java:timeoutAppendRequest(200)) - 59afee6f-3342-47f6-8cd2-a67165187773@group-C790A911BCD5->fc430ad7-c10f-4afd-84a3-4263b60fc3a5-GrpcLogAppender: appendEntries Timeout, request=59afee6f-3342-47f6-8cd2-a67165187773->fc430ad7-c10f-4afd-84a3-4263b60fc3a5#35-t3, previous=(t:3, i:20), leaderCommit=16, initializing? false, entries: <empty>
2019-09-10 18:33:09,346 [java.util.concurrent.ThreadPoolExecutor$Worker@2130bf45[State = -1, empty queue]] WARN  server.GrpcLogAppender (GrpcLogAppender.java:timeoutAppendRequest(200)) - 59afee6f-3342-47f6-8cd2-a67165187773@group-C790A911BCD5->f9c92805-78f9-4aa2-ad11-0f5c06c060e3-GrpcLogAppender: appendEntries Timeout, request=59afee6f-3342-47f6-8cd2-a67165187773->f9c92805-78f9-4aa2-ad11-0f5c06c060e3#35-t3, previous=(t:3, i:20), leaderCommit=16, initializing? false, entries: <empty>
2019-09-10 18:33:09,833 [fc430ad7-c10f-4afd-84a3-4263b60fc3a5@group-C790A911BCD5-SegmentedRaftLogWorker] WARN  segmented.SegmentedRaftLogWorker (SegmentedRaftLogWorker.java:getFromFuture(90)) - Timeout 0/~
org.apache.ratis.protocol.TimeoutIOException: Timeout 10s: WriteLog:17: (t:3, i:17), STATEMACHINELOGENTRY, client-B2117E40EB7F, cid=38-writeStateMachineData
	at org.apache.ratis.util.IOUtils.getFromFuture(IOUtils.java:87)
	at org.apache.ratis.server.raftlog.segmented.SegmentedRaftLogWorker$StateMachineDataPolicy.getFromFuture(SegmentedRaftLogWorker.java:87)
	at org.apache.ratis.server.raftlog.segmented.SegmentedRaftLogWorker$WriteLog.execute(SegmentedRaftLogWorker.java:477)
	at org.apache.ratis.server.raftlog.segmented.SegmentedRaftLogWorker.run(SegmentedRaftLogWorker.java:289)
	at java.lang.Thread.run(Thread.java:748)
Caused by: java.util.concurrent.TimeoutException
	at java.util.concurrent.CompletableFuture.timedGet(CompletableFuture.java:1771)
	at java.util.concurrent.CompletableFuture.get(CompletableFuture.java:1915)
	at org.apache.ratis.util.IOUtils.getFromFuture(IOUtils.java:79)
	... 4 more
2019-09-10 18:33:09,847 [java.util.concurrent.ThreadPoolExecutor$Worker@2130bf45[State = -1, empty queue]] WARN  server.GrpcLogAppender (GrpcLogAppender.java:timeoutAppendRequest(200)) - 59afee6f-3342-47f6-8cd2-a67165187773@group-C790A911BCD5->f9c92805-78f9-4aa2-ad11-0f5c06c060e3-GrpcLogAppender: appendEntries Timeout, request=59afee6f-3342-47f6-8cd2-a67165187773->f9c92805-78f9-4aa2-ad11-0f5c06c060e3#36-t3, previous=(t:3, i:20), leaderCommit=16, initializing? false, entries: <empty>
2019-09-10 18:33:09,847 [java.util.concurrent.ThreadPoolExecutor$Worker@781538ae[State = -1, empty queue]] WARN  server.GrpcLogAppender (GrpcLogAppender.java:timeoutAppendRequest(200)) - 59afee6f-3342-47f6-8cd2-a67165187773@group-C790A911BCD5->fc430ad7-c10f-4afd-84a3-4263b60fc3a5-GrpcLogAppender: appendEntries Timeout, request=59afee6f-3342-47f6-8cd2-a67165187773->fc430ad7-c10f-4afd-84a3-4263b60fc3a5#36-t3, previous=(t:3, i:20), leaderCommit=16, initializing? false, entries: <empty>
2019-09-10 18:33:09,945 [grpc-default-executor-3] INFO  client.GrpcClientProtocolClient (GrpcClientProtocolClient.java:onNext(264)) - client-B2117E40EB7F->fc430ad7-c10f-4afd-84a3-4263b60fc3a5: receive RaftClientReply:client-B2117E40EB7F->fc430ad7-c10f-4afd-84a3-4263b60fc3a5@group-C790A911BCD5, cid=38, FAILED org.apache.ratis.protocol.NotLeaderException: Server fc430ad7-c10f-4afd-84a3-4263b60fc3a5@group-C790A911BCD5 is not the leader 59afee6f-3342-47f6-8cd2-a67165187773:192.168.5.139:42383, logIndex=0, commits[fc430ad7-c10f-4afd-84a3-4263b60fc3a5:c16, f9c92805-78f9-4aa2-ad11-0f5c06c060e3:c12, 59afee6f-3342-47f6-8cd2-a67165187773:c16]
2019-09-10 18:33:10,048 [59afee6f-3342-47f6-8cd2-a67165187773@group-C790A911BCD5-SegmentedRaftLogWorker] WARN  segmented.SegmentedRaftLogWorker (SegmentedRaftLogWorker.java:getFromFuture(90)) - Timeout 0/~
org.apache.ratis.protocol.TimeoutIOException: Timeout 10s: WriteLog:19: (t:3, i:19), STATEMACHINELOGENTRY, client-B2117E40EB7F, cid=40-writeStateMachineData
	at org.apache.ratis.util.IOUtils.getFromFuture(IOUtils.java:87)
	at org.apache.ratis.server.raftlog.segmented.SegmentedRaftLogWorker$StateMachineDataPolicy.getFromFuture(SegmentedRaftLogWorker.java:87)
	at org.apache.ratis.server.raftlog.segmented.SegmentedRaftLogWorker$WriteLog.execute(SegmentedRaftLogWorker.java:477)
	at org.apache.ratis.server.raftlog.segmented.SegmentedRaftLogWorker.run(SegmentedRaftLogWorker.java:289)
	at java.lang.Thread.run(Thread.java:748)
Caused by: java.util.concurrent.TimeoutException
	at java.util.concurrent.CompletableFuture.timedGet(CompletableFuture.java:1771)
	at java.util.concurrent.CompletableFuture.get(CompletableFuture.java:1915)
	at org.apache.ratis.util.IOUtils.getFromFuture(IOUtils.java:79)
	... 4 more
2019-09-10 18:33:10,065 [f9c92805-78f9-4aa2-ad11-0f5c06c060e3@group-C790A911BCD5-SegmentedRaftLogWorker] WARN  segmented.SegmentedRaftLogWorker (SegmentedRaftLogWorker.java:getFromFuture(90)) - Timeout 0/~
org.apache.ratis.protocol.TimeoutIOException: Timeout 10s: WriteLog:19: (t:3, i:19), STATEMACHINELOGENTRY, client-B2117E40EB7F, cid=40-writeStateMachineData
	at org.apache.ratis.util.IOUtils.getFromFuture(IOUtils.java:87)
	at org.apache.ratis.server.raftlog.segmented.SegmentedRaftLogWorker$StateMachineDataPolicy.getFromFuture(SegmentedRaftLogWorker.java:87)
	at org.apache.ratis.server.raftlog.segmented.SegmentedRaftLogWorker$WriteLog.execute(SegmentedRaftLogWorker.java:477)
	at org.apache.ratis.server.raftlog.segmented.SegmentedRaftLogWorker.run(SegmentedRaftLogWorker.java:289)
	at java.lang.Thread.run(Thread.java:748)
Caused by: java.util.concurrent.TimeoutException
	at java.util.concurrent.CompletableFuture.timedGet(CompletableFuture.java:1771)
	at java.util.concurrent.CompletableFuture.get(CompletableFuture.java:1915)
	at org.apache.ratis.util.IOUtils.getFromFuture(IOUtils.java:79)
	... 4 more
2019-09-10 18:33:10,347 [java.util.concurrent.ThreadPoolExecutor$Worker@781538ae[State = -1, empty queue]] WARN  server.GrpcLogAppender (GrpcLogAppender.java:timeoutAppendRequest(200)) - 59afee6f-3342-47f6-8cd2-a67165187773@group-C790A911BCD5->fc430ad7-c10f-4afd-84a3-4263b60fc3a5-GrpcLogAppender: appendEntries Timeout, request=59afee6f-3342-47f6-8cd2-a67165187773->fc430ad7-c10f-4afd-84a3-4263b60fc3a5#37-t3, previous=(t:3, i:20), leaderCommit=16, initializing? false, entries: <empty>
2019-09-10 18:33:10,347 [java.util.concurrent.ThreadPoolExecutor$Worker@2130bf45[State = -1, empty queue]] WARN  server.GrpcLogAppender (GrpcLogAppender.java:timeoutAppendRequest(200)) - 59afee6f-3342-47f6-8cd2-a67165187773@group-C790A911BCD5->f9c92805-78f9-4aa2-ad11-0f5c06c060e3-GrpcLogAppender: appendEntries Timeout, request=59afee6f-3342-47f6-8cd2-a67165187773->f9c92805-78f9-4aa2-ad11-0f5c06c060e3#37-t3, previous=(t:3, i:20), leaderCommit=16, initializing? false, entries: <empty>
2019-09-10 18:33:10,848 [java.util.concurrent.ThreadPoolExecutor$Worker@2130bf45[State = -1, empty queue]] WARN  server.GrpcLogAppender (GrpcLogAppender.java:timeoutAppendRequest(200)) - 59afee6f-3342-47f6-8cd2-a67165187773@group-C790A911BCD5->f9c92805-78f9-4aa2-ad11-0f5c06c060e3-GrpcLogAppender: appendEntries Timeout, request=59afee6f-3342-47f6-8cd2-a67165187773->f9c92805-78f9-4aa2-ad11-0f5c06c060e3#38-t3, previous=(t:3, i:20), leaderCommit=16, initializing? false, entries: <empty>
2019-09-10 18:33:10,848 [java.util.concurrent.ThreadPoolExecutor$Worker@781538ae[State = -1, empty queue]] WARN  server.GrpcLogAppender (GrpcLogAppender.java:timeoutAppendRequest(200)) - 59afee6f-3342-47f6-8cd2-a67165187773@group-C790A911BCD5->fc430ad7-c10f-4afd-84a3-4263b60fc3a5-GrpcLogAppender: appendEntries Timeout, request=59afee6f-3342-47f6-8cd2-a67165187773->fc430ad7-c10f-4afd-84a3-4263b60fc3a5#38-t3, previous=(t:3, i:20), leaderCommit=16, initializing? false, entries: <empty>
2019-09-10 18:33:11,349 [java.util.concurrent.ThreadPoolExecutor$Worker@2130bf45[State = -1, empty queue]] WARN  server.GrpcLogAppender (GrpcLogAppender.java:timeoutAppendRequest(200)) - 59afee6f-3342-47f6-8cd2-a67165187773@group-C790A911BCD5->f9c92805-78f9-4aa2-ad11-0f5c06c060e3-GrpcLogAppender: appendEntries Timeout, request=59afee6f-3342-47f6-8cd2-a67165187773->f9c92805-78f9-4aa2-ad11-0f5c06c060e3#39-t3, previous=(t:3, i:20), leaderCommit=16, initializing? false, entries: <empty>
2019-09-10 18:33:11,349 [java.util.concurrent.ThreadPoolExecutor$Worker@781538ae[State = -1, empty queue]] WARN  server.GrpcLogAppender (GrpcLogAppender.java:timeoutAppendRequest(200)) - 59afee6f-3342-47f6-8cd2-a67165187773@group-C790A911BCD5->fc430ad7-c10f-4afd-84a3-4263b60fc3a5-GrpcLogAppender: appendEntries Timeout, request=59afee6f-3342-47f6-8cd2-a67165187773->fc430ad7-c10f-4afd-84a3-4263b60fc3a5#39-t3, previous=(t:3, i:20), leaderCommit=16, initializing? false, entries: <empty>
2019-09-10 18:33:11,850 [java.util.concurrent.ThreadPoolExecutor$Worker@781538ae[State = -1, empty queue]] WARN  server.GrpcLogAppender (GrpcLogAppender.java:timeoutAppendRequest(200)) - 59afee6f-3342-47f6-8cd2-a67165187773@group-C790A911BCD5->fc430ad7-c10f-4afd-84a3-4263b60fc3a5-GrpcLogAppender: appendEntries Timeout, request=59afee6f-3342-47f6-8cd2-a67165187773->fc430ad7-c10f-4afd-84a3-4263b60fc3a5#40-t3, previous=(t:3, i:20), leaderCommit=16, initializing? false, entries: <empty>
2019-09-10 18:33:11,850 [java.util.concurrent.ThreadPoolExecutor$Worker@2130bf45[State = -1, empty queue]] WARN  server.GrpcLogAppender (GrpcLogAppender.java:timeoutAppendRequest(200)) - 59afee6f-3342-47f6-8cd2-a67165187773@group-C790A911BCD5->f9c92805-78f9-4aa2-ad11-0f5c06c060e3-GrpcLogAppender: appendEntries Timeout, request=59afee6f-3342-47f6-8cd2-a67165187773->f9c92805-78f9-4aa2-ad11-0f5c06c060e3#40-t3, previous=(t:3, i:20), leaderCommit=16, initializing? false, entries: <empty>
2019-09-10 18:33:12,351 [java.util.concurrent.ThreadPoolExecutor$Worker@2130bf45[State = -1, empty queue]] WARN  server.GrpcLogAppender (GrpcLogAppender.java:timeoutAppendRequest(200)) - 59afee6f-3342-47f6-8cd2-a67165187773@group-C790A911BCD5->f9c92805-78f9-4aa2-ad11-0f5c06c060e3-GrpcLogAppender: appendEntries Timeout, request=59afee6f-3342-47f6-8cd2-a67165187773->f9c92805-78f9-4aa2-ad11-0f5c06c060e3#41-t3, previous=(t:3, i:20), leaderCommit=16, initializing? false, entries: <empty>
2019-09-10 18:33:12,351 [java.util.concurrent.ThreadPoolExecutor$Worker@781538ae[State = -1, empty queue]] WARN  server.GrpcLogAppender (GrpcLogAppender.java:timeoutAppendRequest(200)) - 59afee6f-3342-47f6-8cd2-a67165187773@group-C790A911BCD5->fc430ad7-c10f-4afd-84a3-4263b60fc3a5-GrpcLogAppender: appendEntries Timeout, request=59afee6f-3342-47f6-8cd2-a67165187773->fc430ad7-c10f-4afd-84a3-4263b60fc3a5#41-t3, previous=(t:3, i:20), leaderCommit=16, initializing? false, entries: <empty>
2019-09-10 18:33:12,853 [java.util.concurrent.ThreadPoolExecutor$Worker@2130bf45[State = -1, empty queue]] WARN  server.GrpcLogAppender (GrpcLogAppender.java:timeoutAppendRequest(200)) - 59afee6f-3342-47f6-8cd2-a67165187773@group-C790A911BCD5->f9c92805-78f9-4aa2-ad11-0f5c06c060e3-GrpcLogAppender: appendEntries Timeout, request=59afee6f-3342-47f6-8cd2-a67165187773->f9c92805-78f9-4aa2-ad11-0f5c06c060e3#42-t3, previous=(t:3, i:20), leaderCommit=16, initializing? false, entries: <empty>
2019-09-10 18:33:12,853 [java.util.concurrent.ThreadPoolExecutor$Worker@781538ae[State = -1, empty queue]] WARN  server.GrpcLogAppender (GrpcLogAppender.java:timeoutAppendRequest(200)) - 59afee6f-3342-47f6-8cd2-a67165187773@group-C790A911BCD5->fc430ad7-c10f-4afd-84a3-4263b60fc3a5-GrpcLogAppender: appendEntries Timeout, request=59afee6f-3342-47f6-8cd2-a67165187773->fc430ad7-c10f-4afd-84a3-4263b60fc3a5#42-t3, previous=(t:3, i:20), leaderCommit=16, initializing? false, entries: <empty>
2019-09-10 18:33:13,353 [java.util.concurrent.ThreadPoolExecutor$Worker@781538ae[State = -1, empty queue]] WARN  server.GrpcLogAppender (GrpcLogAppender.java:timeoutAppendRequest(200)) - 59afee6f-3342-47f6-8cd2-a67165187773@group-C790A911BCD5->fc430ad7-c10f-4afd-84a3-4263b60fc3a5-GrpcLogAppender: appendEntries Timeout, request=59afee6f-3342-47f6-8cd2-a67165187773->fc430ad7-c10f-4afd-84a3-4263b60fc3a5#43-t3, previous=(t:3, i:20), leaderCommit=16, initializing? false, entries: <empty>
2019-09-10 18:33:13,353 [java.util.concurrent.ThreadPoolExecutor$Worker@2130bf45[State = -1, empty queue]] WARN  server.GrpcLogAppender (GrpcLogAppender.java:timeoutAppendRequest(200)) - 59afee6f-3342-47f6-8cd2-a67165187773@group-C790A911BCD5->f9c92805-78f9-4aa2-ad11-0f5c06c060e3-GrpcLogAppender: appendEntries Timeout, request=59afee6f-3342-47f6-8cd2-a67165187773->f9c92805-78f9-4aa2-ad11-0f5c06c060e3#43-t3, previous=(t:3, i:20), leaderCommit=16, initializing? false, entries: <empty>
2019-09-10 18:33:13,853 [java.util.concurrent.ThreadPoolExecutor$Worker@781538ae[State = -1, empty queue]] WARN  server.GrpcLogAppender (GrpcLogAppender.java:timeoutAppendRequest(200)) - 59afee6f-3342-47f6-8cd2-a67165187773@group-C790A911BCD5->fc430ad7-c10f-4afd-84a3-4263b60fc3a5-GrpcLogAppender: appendEntries Timeout, request=59afee6f-3342-47f6-8cd2-a67165187773->fc430ad7-c10f-4afd-84a3-4263b60fc3a5#44-t3, previous=(t:3, i:20), leaderCommit=16, initializing? false, entries: <empty>
2019-09-10 18:33:13,853 [java.util.concurrent.ThreadPoolExecutor$Worker@2130bf45[State = -1, empty queue]] WARN  server.GrpcLogAppender (GrpcLogAppender.java:timeoutAppendRequest(200)) - 59afee6f-3342-47f6-8cd2-a67165187773@group-C790A911BCD5->f9c92805-78f9-4aa2-ad11-0f5c06c060e3-GrpcLogAppender: appendEntries Timeout, request=59afee6f-3342-47f6-8cd2-a67165187773->f9c92805-78f9-4aa2-ad11-0f5c06c060e3#44-t3, previous=(t:3, i:20), leaderCommit=16, initializing? false, entries: <empty>
2019-09-10 18:33:14,354 [java.util.concurrent.ThreadPoolExecutor$Worker@781538ae[State = -1, empty queue]] WARN  server.GrpcLogAppender (GrpcLogAppender.java:timeoutAppendRequest(200)) - 59afee6f-3342-47f6-8cd2-a67165187773@group-C790A911BCD5->fc430ad7-c10f-4afd-84a3-4263b60fc3a5-GrpcLogAppender: appendEntries Timeout, request=59afee6f-3342-47f6-8cd2-a67165187773->fc430ad7-c10f-4afd-84a3-4263b60fc3a5#45-t3, previous=(t:3, i:20), leaderCommit=16, initializing? false, entries: <empty>
2019-09-10 18:33:14,354 [java.util.concurrent.ThreadPoolExecutor$Worker@2130bf45[State = -1, empty queue]] WARN  server.GrpcLogAppender (GrpcLogAppender.java:timeoutAppendRequest(200)) - 59afee6f-3342-47f6-8cd2-a67165187773@group-C790A911BCD5->f9c92805-78f9-4aa2-ad11-0f5c06c060e3-GrpcLogAppender: appendEntries Timeout, request=59afee6f-3342-47f6-8cd2-a67165187773->f9c92805-78f9-4aa2-ad11-0f5c06c060e3#45-t3, previous=(t:3, i:20), leaderCommit=16, initializing? false, entries: <empty>
2019-09-10 18:33:14,854 [java.util.concurrent.ThreadPoolExecutor$Worker@2130bf45[State = -1, empty queue]] WARN  server.GrpcLogAppender (GrpcLogAppender.java:timeoutAppendRequest(200)) - 59afee6f-3342-47f6-8cd2-a67165187773@group-C790A911BCD5->f9c92805-78f9-4aa2-ad11-0f5c06c060e3-GrpcLogAppender: appendEntries Timeout, request=59afee6f-3342-47f6-8cd2-a67165187773->f9c92805-78f9-4aa2-ad11-0f5c06c060e3#46-t3, previous=(t:3, i:20), leaderCommit=16, initializing? false, entries: <empty>
2019-09-10 18:33:14,854 [java.util.concurrent.ThreadPoolExecutor$Worker@781538ae[State = -1, empty queue]] WARN  server.GrpcLogAppender (GrpcLogAppender.java:timeoutAppendRequest(200)) - 59afee6f-3342-47f6-8cd2-a67165187773@group-C790A911BCD5->fc430ad7-c10f-4afd-84a3-4263b60fc3a5-GrpcLogAppender: appendEntries Timeout, request=59afee6f-3342-47f6-8cd2-a67165187773->fc430ad7-c10f-4afd-84a3-4263b60fc3a5#46-t3, previous=(t:3, i:20), leaderCommit=16, initializing? false, entries: <empty>
2019-09-10 18:33:15,015 [grpc-default-executor-4] INFO  client.GrpcClientProtocolClient (GrpcClientProtocolClient.java:onNext(264)) - client-B2117E40EB7F->fc430ad7-c10f-4afd-84a3-4263b60fc3a5: receive RaftClientReply:client-B2117E40EB7F->fc430ad7-c10f-4afd-84a3-4263b60fc3a5@group-C790A911BCD5, cid=38, FAILED org.apache.ratis.protocol.NotLeaderException: Server fc430ad7-c10f-4afd-84a3-4263b60fc3a5@group-C790A911BCD5 is not the leader 59afee6f-3342-47f6-8cd2-a67165187773:192.168.5.139:42383, logIndex=0, commits[fc430ad7-c10f-4afd-84a3-4263b60fc3a5:c16, f9c92805-78f9-4aa2-ad11-0f5c06c060e3:c12, 59afee6f-3342-47f6-8cd2-a67165187773:c16]
2019-09-10 18:33:15,355 [java.util.concurrent.ThreadPoolExecutor$Worker@2130bf45[State = -1, empty queue]] WARN  server.GrpcLogAppender (GrpcLogAppender.java:timeoutAppendRequest(200)) - 59afee6f-3342-47f6-8cd2-a67165187773@group-C790A911BCD5->f9c92805-78f9-4aa2-ad11-0f5c06c060e3-GrpcLogAppender: appendEntries Timeout, request=59afee6f-3342-47f6-8cd2-a67165187773->f9c92805-78f9-4aa2-ad11-0f5c06c060e3#47-t3, previous=(t:3, i:20), leaderCommit=16, initializing? false, entries: <empty>
2019-09-10 18:33:15,355 [java.util.concurrent.ThreadPoolExecutor$Worker@781538ae[State = -1, empty queue]] WARN  server.GrpcLogAppender (GrpcLogAppender.java:timeoutAppendRequest(200)) - 59afee6f-3342-47f6-8cd2-a67165187773@group-C790A911BCD5->fc430ad7-c10f-4afd-84a3-4263b60fc3a5-GrpcLogAppender: appendEntries Timeout, request=59afee6f-3342-47f6-8cd2-a67165187773->fc430ad7-c10f-4afd-84a3-4263b60fc3a5#47-t3, previous=(t:3, i:20), leaderCommit=16, initializing? false, entries: <empty>
2019-09-10 18:33:15,856 [java.util.concurrent.ThreadPoolExecutor$Worker@781538ae[State = -1, empty queue]] WARN  server.GrpcLogAppender (GrpcLogAppender.java:timeoutAppendRequest(200)) - 59afee6f-3342-47f6-8cd2-a67165187773@group-C790A911BCD5->fc430ad7-c10f-4afd-84a3-4263b60fc3a5-GrpcLogAppender: appendEntries Timeout, request=59afee6f-3342-47f6-8cd2-a67165187773->fc430ad7-c10f-4afd-84a3-4263b60fc3a5#48-t3, previous=(t:3, i:20), leaderCommit=16, initializing? false, entries: <empty>
2019-09-10 18:33:15,856 [java.util.concurrent.ThreadPoolExecutor$Worker@2130bf45[State = -1, empty queue]] WARN  server.GrpcLogAppender (GrpcLogAppender.java:timeoutAppendRequest(200)) - 59afee6f-3342-47f6-8cd2-a67165187773@group-C790A911BCD5->f9c92805-78f9-4aa2-ad11-0f5c06c060e3-GrpcLogAppender: appendEntries Timeout, request=59afee6f-3342-47f6-8cd2-a67165187773->f9c92805-78f9-4aa2-ad11-0f5c06c060e3#48-t3, previous=(t:3, i:20), leaderCommit=16, initializing? false, entries: <empty>
2019-09-10 18:33:16,356 [java.util.concurrent.ThreadPoolExecutor$Worker@2130bf45[State = -1, empty queue]] WARN  server.GrpcLogAppender (GrpcLogAppender.java:timeoutAppendRequest(200)) - 59afee6f-3342-47f6-8cd2-a67165187773@group-C790A911BCD5->f9c92805-78f9-4aa2-ad11-0f5c06c060e3-GrpcLogAppender: appendEntries Timeout, request=59afee6f-3342-47f6-8cd2-a67165187773->f9c92805-78f9-4aa2-ad11-0f5c06c060e3#49-t3, previous=(t:3, i:20), leaderCommit=16, initializing? false, entries: <empty>
2019-09-10 18:33:16,356 [java.util.concurrent.ThreadPoolExecutor$Worker@781538ae[State = -1, empty queue]] WARN  server.GrpcLogAppender (GrpcLogAppender.java:timeoutAppendRequest(200)) - 59afee6f-3342-47f6-8cd2-a67165187773@group-C790A911BCD5->fc430ad7-c10f-4afd-84a3-4263b60fc3a5-GrpcLogAppender: appendEntries Timeout, request=59afee6f-3342-47f6-8cd2-a67165187773->fc430ad7-c10f-4afd-84a3-4263b60fc3a5#49-t3, previous=(t:3, i:20), leaderCommit=16, initializing? false, entries: <empty>
2019-09-10 18:33:16,857 [java.util.concurrent.ThreadPoolExecutor$Worker@781538ae[State = -1, empty queue]] WARN  server.GrpcLogAppender (GrpcLogAppender.java:timeoutAppendRequest(200)) - 59afee6f-3342-47f6-8cd2-a67165187773@group-C790A911BCD5->fc430ad7-c10f-4afd-84a3-4263b60fc3a5-GrpcLogAppender: appendEntries Timeout, request=59afee6f-3342-47f6-8cd2-a67165187773->fc430ad7-c10f-4afd-84a3-4263b60fc3a5#50-t3, previous=(t:3, i:20), leaderCommit=16, initializing? false, entries: <empty>
2019-09-10 18:33:16,857 [java.util.concurrent.ThreadPoolExecutor$Worker@2130bf45[State = -1, empty queue]] WARN  server.GrpcLogAppender (GrpcLogAppender.java:timeoutAppendRequest(200)) - 59afee6f-3342-47f6-8cd2-a67165187773@group-C790A911BCD5->f9c92805-78f9-4aa2-ad11-0f5c06c060e3-GrpcLogAppender: appendEntries Timeout, request=59afee6f-3342-47f6-8cd2-a67165187773->f9c92805-78f9-4aa2-ad11-0f5c06c060e3#50-t3, previous=(t:3, i:20), leaderCommit=16, initializing? false, entries: <empty>
2019-09-10 18:33:17,456 [java.util.concurrent.ThreadPoolExecutor$Worker@2130bf45[State = -1, empty queue]] WARN  server.GrpcLogAppender (GrpcLogAppender.java:timeoutAppendRequest(200)) - 59afee6f-3342-47f6-8cd2-a67165187773@group-C790A911BCD5->f9c92805-78f9-4aa2-ad11-0f5c06c060e3-GrpcLogAppender: appendEntries Timeout, request=59afee6f-3342-47f6-8cd2-a67165187773->f9c92805-78f9-4aa2-ad11-0f5c06c060e3#51-t3, previous=(t:3, i:20), leaderCommit=16, initializing? false, entries: <empty>
2019-09-10 18:33:17,456 [java.util.concurrent.ThreadPoolExecutor$Worker@781538ae[State = -1, empty queue]] WARN  server.GrpcLogAppender (GrpcLogAppender.java:timeoutAppendRequest(200)) - 59afee6f-3342-47f6-8cd2-a67165187773@group-C790A911BCD5->fc430ad7-c10f-4afd-84a3-4263b60fc3a5-GrpcLogAppender: appendEntries Timeout, request=59afee6f-3342-47f6-8cd2-a67165187773->fc430ad7-c10f-4afd-84a3-4263b60fc3a5#51-t3, previous=(t:3, i:20), leaderCommit=16, initializing? false, entries: <empty>
2019-09-10 18:33:17,857 [java.util.concurrent.ThreadPoolExecutor$Worker@781538ae[State = -1, empty queue]] WARN  server.GrpcLogAppender (GrpcLogAppender.java:timeoutAppendRequest(200)) - 59afee6f-3342-47f6-8cd2-a67165187773@group-C790A911BCD5->fc430ad7-c10f-4afd-84a3-4263b60fc3a5-GrpcLogAppender: appendEntries Timeout, request=59afee6f-3342-47f6-8cd2-a67165187773->fc430ad7-c10f-4afd-84a3-4263b60fc3a5#52-t3, previous=(t:3, i:20), leaderCommit=16, initializing? false, entries: <empty>
2019-09-10 18:33:17,857 [java.util.concurrent.ThreadPoolExecutor$Worker@2130bf45[State = -1, empty queue]] WARN  server.GrpcLogAppender (GrpcLogAppender.java:timeoutAppendRequest(200)) - 59afee6f-3342-47f6-8cd2-a67165187773@group-C790A911BCD5->f9c92805-78f9-4aa2-ad11-0f5c06c060e3-GrpcLogAppender: appendEntries Timeout, request=59afee6f-3342-47f6-8cd2-a67165187773->f9c92805-78f9-4aa2-ad11-0f5c06c060e3#52-t3, previous=(t:3, i:20), leaderCommit=16, initializing? false, entries: <empty>
2019-09-10 18:33:18,051 [main] WARN  io.KeyOutputStream (KeyOutputStream.java:handleException(276)) - Encountered exception java.io.IOException: Unexpected Storage Container Exception: java.util.concurrent.CompletionException: java.util.concurrent.CompletionException: org.apache.ratis.protocol.RaftRetryFailureException: Failed RaftClientRequest:client-B2117E40EB7F->59afee6f-3342-47f6-8cd2-a67165187773@group-C790A911BCD5, cid=38, seq=9*, RW, org.apache.hadoop.hdds.scm.XceiverClientRatis$$Lambda$456/309790180@36b3fc20 for 10 attempts with RetryLimited(maxAttempts=10, sleepTime=1000ms) on the pipeline Pipeline[ Id: fde91d5f-f83b-424e-970c-c790a911bcd5, Nodes: f9c92805-78f9-4aa2-ad11-0f5c06c060e3{ip: 192.168.5.139, host: pr-hdds-1786-trunk-k6rzm-1803654198, networkLocation: /default-rack, certSerialId: null}59afee6f-3342-47f6-8cd2-a67165187773{ip: 192.168.5.139, host: pr-hdds-1786-trunk-k6rzm-1803654198, networkLocation: /default-rack, certSerialId: null}fc430ad7-c10f-4afd-84a3-4263b60fc3a5{ip: 192.168.5.139, host: pr-hdds-1786-trunk-k6rzm-1803654198, networkLocation: /default-rack, certSerialId: null}, Type:RATIS, Factor:THREE, State:OPEN]. The last committed block length is 0, uncommitted data length is 2097152 retry count 0
2019-09-10 18:33:18,093 [grpc-default-executor-4] INFO  client.GrpcClientProtocolClient (GrpcClientProtocolClient.java:onNext(264)) - client-0789F71498A2->dc34f224-6fe7-4a16-b3d0-41df1e51aada: receive RaftClientReply:client-0789F71498A2->dc34f224-6fe7-4a16-b3d0-41df1e51aada@group-F10CA6FB56ED, cid=42, FAILED org.apache.ratis.protocol.NotLeaderException: Server dc34f224-6fe7-4a16-b3d0-41df1e51aada@group-F10CA6FB56ED is not the leader 7e7e06ff-ff15-4a73-bf67-b60124f5dbc2:192.168.5.139:37758, logIndex=0, commits[dc34f224-6fe7-4a16-b3d0-41df1e51aada:c16, 7e7e06ff-ff15-4a73-bf67-b60124f5dbc2:c16, a5c56bc8-e609-4560-873f-c4715c8bfbf6:c16]
2019-09-10 18:33:18,318 [grpc-default-executor-3] INFO  client.GrpcClientProtocolClient (GrpcClientProtocolClient.java:onNext(264)) - client-0789F71498A2->7e7e06ff-ff15-4a73-bf67-b60124f5dbc2: receive RaftClientReply:client-0789F71498A2->7e7e06ff-ff15-4a73-bf67-b60124f5dbc2@group-F10CA6FB56ED, cid=42, SUCCESS, logIndex=17, commits[7e7e06ff-ff15-4a73-bf67-b60124f5dbc2:c17, a5c56bc8-e609-4560-873f-c4715c8bfbf6:c16, dc34f224-6fe7-4a16-b3d0-41df1e51aada:c16]
2019-09-10 18:33:18,358 [java.util.concurrent.ThreadPoolExecutor$Worker@781538ae[State = -1, empty queue]] WARN  server.GrpcLogAppender (GrpcLogAppender.java:timeoutAppendRequest(200)) - 59afee6f-3342-47f6-8cd2-a67165187773@group-C790A911BCD5->fc430ad7-c10f-4afd-84a3-4263b60fc3a5-GrpcLogAppender: appendEntries Timeout, request=59afee6f-3342-47f6-8cd2-a67165187773->fc430ad7-c10f-4afd-84a3-4263b60fc3a5#53-t3, previous=(t:3, i:20), leaderCommit=16, initializing? false, entries: <empty>
2019-09-10 18:33:18,358 [java.util.concurrent.ThreadPoolExecutor$Worker@2130bf45[State = -1, empty queue]] WARN  server.GrpcLogAppender (GrpcLogAppender.java:timeoutAppendRequest(200)) - 59afee6f-3342-47f6-8cd2-a67165187773@group-C790A911BCD5->f9c92805-78f9-4aa2-ad11-0f5c06c060e3-GrpcLogAppender: appendEntries Timeout, request=59afee6f-3342-47f6-8cd2-a67165187773->f9c92805-78f9-4aa2-ad11-0f5c06c060e3#53-t3, previous=(t:3, i:20), leaderCommit=16, initializing? false, entries: <empty>
2019-09-10 18:33:18,456 [grpc-default-executor-3] INFO  client.GrpcClientProtocolClient (GrpcClientProtocolClient.java:onNext(264)) - client-0789F71498A2->7e7e06ff-ff15-4a73-bf67-b60124f5dbc2: receive RaftClientReply:client-0789F71498A2->7e7e06ff-ff15-4a73-bf67-b60124f5dbc2@group-F10CA6FB56ED, cid=43, SUCCESS, logIndex=19, commits[7e7e06ff-ff15-4a73-bf67-b60124f5dbc2:c24, a5c56bc8-e609-4560-873f-c4715c8bfbf6:c22, dc34f224-6fe7-4a16-b3d0-41df1e51aada:c22]
2019-09-10 18:33:18,457 [grpc-default-executor-1] INFO  client.GrpcClientProtocolClient (GrpcClientProtocolClient.java:onNext(264)) - client-0789F71498A2->7e7e06ff-ff15-4a73-bf67-b60124f5dbc2: receive RaftClientReply:client-0789F71498A2->7e7e06ff-ff15-4a73-bf67-b60124f5dbc2@group-F10CA6FB56ED, cid=44, SUCCESS, logIndex=21, commits[7e7e06ff-ff15-4a73-bf67-b60124f5dbc2:c24, a5c56bc8-e609-4560-873f-c4715c8bfbf6:c22, dc34f224-6fe7-4a16-b3d0-41df1e51aada:c22]
2019-09-10 18:33:18,647 [grpc-default-executor-4] INFO  client.GrpcClientProtocolClient (GrpcClientProtocolClient.java:onNext(264)) - client-0789F71498A2->7e7e06ff-ff15-4a73-bf67-b60124f5dbc2: receive RaftClientReply:client-0789F71498A2->7e7e06ff-ff15-4a73-bf67-b60124f5dbc2@group-F10CA6FB56ED, cid=45, SUCCESS, logIndex=22, commits[7e7e06ff-ff15-4a73-bf67-b60124f5dbc2:c24, a5c56bc8-e609-4560-873f-c4715c8bfbf6:c22, dc34f224-6fe7-4a16-b3d0-41df1e51aada:c22]
2019-09-10 18:33:18,859 [java.util.concurrent.ThreadPoolExecutor$Worker@2130bf45[State = -1, empty queue]] WARN  server.GrpcLogAppender (GrpcLogAppender.java:timeoutAppendRequest(200)) - 59afee6f-3342-47f6-8cd2-a67165187773@group-C790A911BCD5->f9c92805-78f9-4aa2-ad11-0f5c06c060e3-GrpcLogAppender: appendEntries Timeout, request=59afee6f-3342-47f6-8cd2-a67165187773->f9c92805-78f9-4aa2-ad11-0f5c06c060e3#54-t3, previous=(t:3, i:20), leaderCommit=16, initializing? false, entries: <empty>
2019-09-10 18:33:18,859 [java.util.concurrent.ThreadPoolExecutor$Worker@781538ae[State = -1, empty queue]] WARN  server.GrpcLogAppender (GrpcLogAppender.java:timeoutAppendRequest(200)) - 59afee6f-3342-47f6-8cd2-a67165187773@group-C790A911BCD5->fc430ad7-c10f-4afd-84a3-4263b60fc3a5-GrpcLogAppender: appendEntries Timeout, request=59afee6f-3342-47f6-8cd2-a67165187773->fc430ad7-c10f-4afd-84a3-4263b60fc3a5#54-t3, previous=(t:3, i:20), leaderCommit=16, initializing? false, entries: <empty>
2019-09-10 18:33:19,347 [Datanode State Machine Thread - 0] INFO  statemachine.DatanodeStateMachine (DatanodeStateMachine.java:lambda$startDaemon$0(350)) - Ozone container server started.
2019-09-10 18:33:19,362 [java.util.concurrent.ThreadPoolExecutor$Worker@2130bf45[State = -1, empty queue]] WARN  server.GrpcLogAppender (GrpcLogAppender.java:timeoutAppendRequest(200)) - 59afee6f-3342-47f6-8cd2-a67165187773@group-C790A911BCD5->f9c92805-78f9-4aa2-ad11-0f5c06c060e3-GrpcLogAppender: appendEntries Timeout, request=59afee6f-3342-47f6-8cd2-a67165187773->f9c92805-78f9-4aa2-ad11-0f5c06c060e3#55-t3, previous=(t:3, i:20), leaderCommit=16, initializing? false, entries: <empty>
2019-09-10 18:33:19,362 [java.util.concurrent.ThreadPoolExecutor$Worker@781538ae[State = -1, empty queue]] WARN  server.GrpcLogAppender (GrpcLogAppender.java:timeoutAppendRequest(200)) - 59afee6f-3342-47f6-8cd2-a67165187773@group-C790A911BCD5->fc430ad7-c10f-4afd-84a3-4263b60fc3a5-GrpcLogAppender: appendEntries Timeout, request=59afee6f-3342-47f6-8cd2-a67165187773->fc430ad7-c10f-4afd-84a3-4263b60fc3a5#55-t3, previous=(t:3, i:20), leaderCommit=16, initializing? false, entries: <empty>
2019-09-10 18:33:19,836 [fc430ad7-c10f-4afd-84a3-4263b60fc3a5@group-C790A911BCD5-SegmentedRaftLogWorker] WARN  segmented.SegmentedRaftLogWorker (SegmentedRaftLogWorker.java:getFromFuture(90)) - Timeout 1/~
org.apache.ratis.protocol.TimeoutIOException: Timeout 10s: WriteLog:17: (t:3, i:17), STATEMACHINELOGENTRY, client-B2117E40EB7F, cid=38-writeStateMachineData
	at org.apache.ratis.util.IOUtils.getFromFuture(IOUtils.java:87)
	at org.apache.ratis.server.raftlog.segmented.SegmentedRaftLogWorker$StateMachineDataPolicy.getFromFuture(SegmentedRaftLogWorker.java:87)
	at org.apache.ratis.server.raftlog.segmented.SegmentedRaftLogWorker$WriteLog.execute(SegmentedRaftLogWorker.java:477)
	at org.apache.ratis.server.raftlog.segmented.SegmentedRaftLogWorker.run(SegmentedRaftLogWorker.java:289)
	at java.lang.Thread.run(Thread.java:748)
Caused by: java.util.concurrent.TimeoutException
	at java.util.concurrent.CompletableFuture.timedGet(CompletableFuture.java:1771)
	at java.util.concurrent.CompletableFuture.get(CompletableFuture.java:1915)
	at org.apache.ratis.util.IOUtils.getFromFuture(IOUtils.java:79)
	... 4 more
2019-09-10 18:33:19,862 [java.util.concurrent.ThreadPoolExecutor$Worker@2130bf45[State = -1, empty queue]] WARN  server.GrpcLogAppender (GrpcLogAppender.java:timeoutAppendRequest(200)) - 59afee6f-3342-47f6-8cd2-a67165187773@group-C790A911BCD5->f9c92805-78f9-4aa2-ad11-0f5c06c060e3-GrpcLogAppender: appendEntries Timeout, request=59afee6f-3342-47f6-8cd2-a67165187773->f9c92805-78f9-4aa2-ad11-0f5c06c060e3#56-t3, previous=(t:3, i:20), leaderCommit=16, initializing? false, entries: <empty>
2019-09-10 18:33:19,862 [java.util.concurrent.ThreadPoolExecutor$Worker@781538ae[State = -1, empty queue]] WARN  server.GrpcLogAppender (GrpcLogAppender.java:timeoutAppendRequest(200)) - 59afee6f-3342-47f6-8cd2-a67165187773@group-C790A911BCD5->fc430ad7-c10f-4afd-84a3-4263b60fc3a5-GrpcLogAppender: appendEntries Timeout, request=59afee6f-3342-47f6-8cd2-a67165187773->fc430ad7-c10f-4afd-84a3-4263b60fc3a5#56-t3, previous=(t:3, i:20), leaderCommit=16, initializing? false, entries: <empty>
2019-09-10 18:33:20,049 [59afee6f-3342-47f6-8cd2-a67165187773@group-C790A911BCD5-SegmentedRaftLogWorker] WARN  segmented.SegmentedRaftLogWorker (SegmentedRaftLogWorker.java:getFromFuture(90)) - Timeout 1/~
org.apache.ratis.protocol.TimeoutIOException: Timeout 10s: WriteLog:19: (t:3, i:19), STATEMACHINELOGENTRY, client-B2117E40EB7F, cid=40-writeStateMachineData
	at org.apache.ratis.util.IOUtils.getFromFuture(IOUtils.java:87)
	at org.apache.ratis.server.raftlog.segmented.SegmentedRaftLogWorker$StateMachineDataPolicy.getFromFuture(SegmentedRaftLogWorker.java:87)
	at org.apache.ratis.server.raftlog.segmented.SegmentedRaftLogWorker$WriteLog.execute(SegmentedRaftLogWorker.java:477)
	at org.apache.ratis.server.raftlog.segmented.SegmentedRaftLogWorker.run(SegmentedRaftLogWorker.java:289)
	at java.lang.Thread.run(Thread.java:748)
Caused by: java.util.concurrent.TimeoutException
	at java.util.concurrent.CompletableFuture.timedGet(CompletableFuture.java:1771)
	at java.util.concurrent.CompletableFuture.get(CompletableFuture.java:1915)
	at org.apache.ratis.util.IOUtils.getFromFuture(IOUtils.java:79)
	... 4 more
2019-09-10 18:33:20,069 [f9c92805-78f9-4aa2-ad11-0f5c06c060e3@group-C790A911BCD5-SegmentedRaftLogWorker] WARN  segmented.SegmentedRaftLogWorker (SegmentedRaftLogWorker.java:getFromFuture(90)) - Timeout 1/~
org.apache.ratis.protocol.TimeoutIOException: Timeout 10s: WriteLog:19: (t:3, i:19), STATEMACHINELOGENTRY, client-B2117E40EB7F, cid=40-writeStateMachineData
	at org.apache.ratis.util.IOUtils.getFromFuture(IOUtils.java:87)
	at org.apache.ratis.server.raftlog.segmented.SegmentedRaftLogWorker$StateMachineDataPolicy.getFromFuture(SegmentedRaftLogWorker.java:87)
	at org.apache.ratis.server.raftlog.segmented.SegmentedRaftLogWorker$WriteLog.execute(SegmentedRaftLogWorker.java:477)
	at org.apache.ratis.server.raftlog.segmented.SegmentedRaftLogWorker.run(SegmentedRaftLogWorker.java:289)
	at java.lang.Thread.run(Thread.java:748)
Caused by: java.util.concurrent.TimeoutException
	at java.util.concurrent.CompletableFuture.timedGet(CompletableFuture.java:1771)
	at java.util.concurrent.CompletableFuture.get(CompletableFuture.java:1915)
	at org.apache.ratis.util.IOUtils.getFromFuture(IOUtils.java:79)
	... 4 more
2019-09-10 18:33:20,456 [java.util.concurrent.ThreadPoolExecutor$Worker@2130bf45[State = -1, empty queue]] WARN  server.GrpcLogAppender (GrpcLogAppender.java:timeoutAppendRequest(200)) - 59afee6f-3342-47f6-8cd2-a67165187773@group-C790A911BCD5->f9c92805-78f9-4aa2-ad11-0f5c06c060e3-GrpcLogAppender: appendEntries Timeout, request=59afee6f-3342-47f6-8cd2-a67165187773->f9c92805-78f9-4aa2-ad11-0f5c06c060e3#57-t3, previous=(t:3, i:20), leaderCommit=16, initializing? false, entries: <empty>
2019-09-10 18:33:20,456 [java.util.concurrent.ThreadPoolExecutor$Worker@781538ae[State = -1, empty queue]] WARN  server.GrpcLogAppender (GrpcLogAppender.java:timeoutAppendRequest(200)) - 59afee6f-3342-47f6-8cd2-a67165187773@group-C790A911BCD5->fc430ad7-c10f-4afd-84a3-4263b60fc3a5-GrpcLogAppender: appendEntries Timeout, request=59afee6f-3342-47f6-8cd2-a67165187773->fc430ad7-c10f-4afd-84a3-4263b60fc3a5#57-t3, previous=(t:3, i:20), leaderCommit=16, initializing? false, entries: <empty>
2019-09-10 18:33:20,956 [java.util.concurrent.ThreadPoolExecutor$Worker@2130bf45[State = -1, empty queue]] WARN  server.GrpcLogAppender (GrpcLogAppender.java:timeoutAppendRequest(200)) - 59afee6f-3342-47f6-8cd2-a67165187773@group-C790A911BCD5->f9c92805-78f9-4aa2-ad11-0f5c06c060e3-GrpcLogAppender: appendEntries Timeout, request=59afee6f-3342-47f6-8cd2-a67165187773->f9c92805-78f9-4aa2-ad11-0f5c06c060e3#58-t3, previous=(t:3, i:20), leaderCommit=16, initializing? false, entries: <empty>
2019-09-10 18:33:20,956 [java.util.concurrent.ThreadPoolExecutor$Worker@781538ae[State = -1, empty queue]] WARN  server.GrpcLogAppender (GrpcLogAppender.java:timeoutAppendRequest(200)) - 59afee6f-3342-47f6-8cd2-a67165187773@group-C790A911BCD5->fc430ad7-c10f-4afd-84a3-4263b60fc3a5-GrpcLogAppender: appendEntries Timeout, request=59afee6f-3342-47f6-8cd2-a67165187773->fc430ad7-c10f-4afd-84a3-4263b60fc3a5#58-t3, previous=(t:3, i:20), leaderCommit=16, initializing? false, entries: <empty>
2019-09-10 18:33:21,457 [java.util.concurrent.ThreadPoolExecutor$Worker@2130bf45[State = -1, empty queue]] WARN  server.GrpcLogAppender (GrpcLogAppender.java:timeoutAppendRequest(200)) - 59afee6f-3342-47f6-8cd2-a67165187773@group-C790A911BCD5->f9c92805-78f9-4aa2-ad11-0f5c06c060e3-GrpcLogAppender: appendEntries Timeout, request=59afee6f-3342-47f6-8cd2-a67165187773->f9c92805-78f9-4aa2-ad11-0f5c06c060e3#59-t3, previous=(t:3, i:20), leaderCommit=16, initializing? false, entries: <empty>
2019-09-10 18:33:21,457 [java.util.concurrent.ThreadPoolExecutor$Worker@781538ae[State = -1, empty queue]] WARN  server.GrpcLogAppender (GrpcLogAppender.java:timeoutAppendRequest(200)) - 59afee6f-3342-47f6-8cd2-a67165187773@group-C790A911BCD5->fc430ad7-c10f-4afd-84a3-4263b60fc3a5-GrpcLogAppender: appendEntries Timeout, request=59afee6f-3342-47f6-8cd2-a67165187773->fc430ad7-c10f-4afd-84a3-4263b60fc3a5#59-t3, previous=(t:3, i:20), leaderCommit=16, initializing? false, entries: <empty>
2019-09-10 18:33:21,957 [java.util.concurrent.ThreadPoolExecutor$Worker@2130bf45[State = -1, empty queue]] WARN  server.GrpcLogAppender (GrpcLogAppender.java:timeoutAppendRequest(200)) - 59afee6f-3342-47f6-8cd2-a67165187773@group-C790A911BCD5->f9c92805-78f9-4aa2-ad11-0f5c06c060e3-GrpcLogAppender: appendEntries Timeout, request=59afee6f-3342-47f6-8cd2-a67165187773->f9c92805-78f9-4aa2-ad11-0f5c06c060e3#60-t3, previous=(t:3, i:20), leaderCommit=16, initializing? false, entries: <empty>
2019-09-10 18:33:21,957 [java.util.concurrent.ThreadPoolExecutor$Worker@781538ae[State = -1, empty queue]] WARN  server.GrpcLogAppender (GrpcLogAppender.java:timeoutAppendRequest(200)) - 59afee6f-3342-47f6-8cd2-a67165187773@group-C790A911BCD5->fc430ad7-c10f-4afd-84a3-4263b60fc3a5-GrpcLogAppender: appendEntries Timeout, request=59afee6f-3342-47f6-8cd2-a67165187773->fc430ad7-c10f-4afd-84a3-4263b60fc3a5#60-t3, previous=(t:3, i:20), leaderCommit=16, initializing? false, entries: <empty>
2019-09-10 18:33:22,460 [java.util.concurrent.ThreadPoolExecutor$Worker@2130bf45[State = -1, empty queue]] WARN  server.GrpcLogAppender (GrpcLogAppender.java:timeoutAppendRequest(200)) - 59afee6f-3342-47f6-8cd2-a67165187773@group-C790A911BCD5->f9c92805-78f9-4aa2-ad11-0f5c06c060e3-GrpcLogAppender: appendEntries Timeout, request=59afee6f-3342-47f6-8cd2-a67165187773->f9c92805-78f9-4aa2-ad11-0f5c06c060e3#61-t3, previous=(t:3, i:20), leaderCommit=16, initializing? false, entries: <empty>
2019-09-10 18:33:22,460 [java.util.concurrent.ThreadPoolExecutor$Worker@781538ae[State = -1, empty queue]] WARN  server.GrpcLogAppender (GrpcLogAppender.java:timeoutAppendRequest(200)) - 59afee6f-3342-47f6-8cd2-a67165187773@group-C790A911BCD5->fc430ad7-c10f-4afd-84a3-4263b60fc3a5-GrpcLogAppender: appendEntries Timeout, request=59afee6f-3342-47f6-8cd2-a67165187773->fc430ad7-c10f-4afd-84a3-4263b60fc3a5#61-t3, previous=(t:3, i:20), leaderCommit=16, initializing? false, entries: <empty>
2019-09-10 18:33:22,960 [java.util.concurrent.ThreadPoolExecutor$Worker@781538ae[State = -1, empty queue]] WARN  server.GrpcLogAppender (GrpcLogAppender.java:timeoutAppendRequest(200)) - 59afee6f-3342-47f6-8cd2-a67165187773@group-C790A911BCD5->fc430ad7-c10f-4afd-84a3-4263b60fc3a5-GrpcLogAppender: appendEntries Timeout, request=59afee6f-3342-47f6-8cd2-a67165187773->fc430ad7-c10f-4afd-84a3-4263b60fc3a5#62-t3, previous=(t:3, i:20), leaderCommit=16, initializing? false, entries: <empty>
2019-09-10 18:33:22,960 [java.util.concurrent.ThreadPoolExecutor$Worker@2130bf45[State = -1, empty queue]] WARN  server.GrpcLogAppender (GrpcLogAppender.java:timeoutAppendRequest(200)) - 59afee6f-3342-47f6-8cd2-a67165187773@group-C790A911BCD5->f9c92805-78f9-4aa2-ad11-0f5c06c060e3-GrpcLogAppender: appendEntries Timeout, request=59afee6f-3342-47f6-8cd2-a67165187773->f9c92805-78f9-4aa2-ad11-0f5c06c060e3#62-t3, previous=(t:3, i:20), leaderCommit=16, initializing? false, entries: <empty>
2019-09-10 18:33:23,463 [java.util.concurrent.ThreadPoolExecutor$Worker@2130bf45[State = -1, empty queue]] WARN  server.GrpcLogAppender (GrpcLogAppender.java:timeoutAppendRequest(200)) - 59afee6f-3342-47f6-8cd2-a67165187773@group-C790A911BCD5->f9c92805-78f9-4aa2-ad11-0f5c06c060e3-GrpcLogAppender: appendEntries Timeout, request=59afee6f-3342-47f6-8cd2-a67165187773->f9c92805-78f9-4aa2-ad11-0f5c06c060e3#63-t3, previous=(t:3, i:20), leaderCommit=16, initializing? false, entries: <empty>
2019-09-10 18:33:23,463 [java.util.concurrent.ThreadPoolExecutor$Worker@781538ae[State = -1, empty queue]] WARN  server.GrpcLogAppender (GrpcLogAppender.java:timeoutAppendRequest(200)) - 59afee6f-3342-47f6-8cd2-a67165187773@group-C790A911BCD5->fc430ad7-c10f-4afd-84a3-4263b60fc3a5-GrpcLogAppender: appendEntries Timeout, request=59afee6f-3342-47f6-8cd2-a67165187773->fc430ad7-c10f-4afd-84a3-4263b60fc3a5#63-t3, previous=(t:3, i:20), leaderCommit=16, initializing? false, entries: <empty>
2019-09-10 18:33:23,659 [main] INFO  ozoneimpl.OzoneContainer (OzoneContainer.java:stop(231)) - Attempting to stop container services.
2019-09-10 18:33:23,664 [main] INFO  impl.RaftServerProxy (RaftServerProxy.java:lambda$close$4(314)) - dc34f224-6fe7-4a16-b3d0-41df1e51aada: close
2019-09-10 18:33:23,667 [main] INFO  impl.RaftServerImpl (RaftServerImpl.java:lambda$shutdown$3(251)) - dc34f224-6fe7-4a16-b3d0-41df1e51aada@group-F10CA6FB56ED: shutdown
2019-09-10 18:33:23,667 [ForkJoinPool.commonPool-worker-0] INFO  impl.RaftServerImpl (RaftServerImpl.java:lambda$shutdown$3(251)) - dc34f224-6fe7-4a16-b3d0-41df1e51aada@group-B87C7F8F1F2D: shutdown
2019-09-10 18:33:23,668 [main] INFO  util.JmxRegister (JmxRegister.java:unregister(73)) - Successfully un-registered JMX Bean with object name Ratis:service=RaftServer,group=group-F10CA6FB56ED,id=dc34f224-6fe7-4a16-b3d0-41df1e51aada
2019-09-10 18:33:23,668 [ForkJoinPool.commonPool-worker-0] INFO  util.JmxRegister (JmxRegister.java:unregister(73)) - Successfully un-registered JMX Bean with object name Ratis:service=RaftServer,group=group-B87C7F8F1F2D,id=dc34f224-6fe7-4a16-b3d0-41df1e51aada
2019-09-10 18:33:23,669 [main] INFO  impl.RoleInfo (RoleInfo.java:shutdownFollowerState(121)) - dc34f224-6fe7-4a16-b3d0-41df1e51aada: shutdown FollowerState
2019-09-10 18:33:23,669 [ForkJoinPool.commonPool-worker-0] INFO  impl.RoleInfo (RoleInfo.java:shutdownLeaderState(104)) - dc34f224-6fe7-4a16-b3d0-41df1e51aada: shutdown LeaderState
2019-09-10 18:33:23,669 [main] INFO  impl.StateMachineUpdater (StateMachineUpdater.java:stopAndJoin(125)) - dc34f224-6fe7-4a16-b3d0-41df1e51aada@group-F10CA6FB56ED-StateMachineUpdater: set stopIndex = 24
2019-09-10 18:33:23,669 [Thread-419] INFO  impl.FollowerState (FollowerState.java:run(115)) - dc34f224-6fe7-4a16-b3d0-41df1e51aada: FollowerState was interrupted: java.lang.InterruptedException: sleep interrupted
2019-09-10 18:33:23,670 [ForkJoinPool.commonPool-worker-0] INFO  impl.PendingRequests (PendingRequests.java:sendNotLeaderResponses(202)) - dc34f224-6fe7-4a16-b3d0-41df1e51aada-PendingRequests: sendNotLeaderResponses
2019-09-10 18:33:23,670 [dc34f224-6fe7-4a16-b3d0-41df1e51aada@group-F10CA6FB56ED-StateMachineUpdater] INFO  ratis.ContainerStateMachine (ContainerStateMachine.java:takeSnapshot(289)) - group-F10CA6FB56ED: Taking a snapshot at:(t:2, i:22) file /workdir/hadoop-ozone/integration-test/target/test-dir/MiniOzoneClusterImpl-34bd394c-9e3d-49fb-9b5f-f4de544d8d6b/datanode-7/data/ratis/990742a9-49d4-45ad-a51e-f10ca6fb56ed/sm/snapshot.2_22
2019-09-10 18:33:23,676 [ForkJoinPool.commonPool-worker-0] INFO  impl.StateMachineUpdater (StateMachineUpdater.java:stopAndJoin(125)) - dc34f224-6fe7-4a16-b3d0-41df1e51aada@group-B87C7F8F1F2D-StateMachineUpdater: set stopIndex = 0
2019-09-10 18:33:23,680 [ForkJoinPool.commonPool-worker-0] INFO  impl.RaftServerImpl (ServerState.java:close(385)) - dc34f224-6fe7-4a16-b3d0-41df1e51aada@group-B87C7F8F1F2D: closes. applyIndex: 0
2019-09-10 18:33:23,683 [dc34f224-6fe7-4a16-b3d0-41df1e51aada@group-B87C7F8F1F2D-SegmentedRaftLogWorker] INFO  segmented.SegmentedRaftLogWorker (SegmentedRaftLogWorker.java:run(313)) - dc34f224-6fe7-4a16-b3d0-41df1e51aada@group-B87C7F8F1F2D-SegmentedRaftLogWorker was interrupted, exiting. There are 0 tasks remaining in the queue.
2019-09-10 18:33:23,686 [ForkJoinPool.commonPool-worker-0] INFO  segmented.SegmentedRaftLogWorker (SegmentedRaftLogWorker.java:close(228)) - dc34f224-6fe7-4a16-b3d0-41df1e51aada@group-B87C7F8F1F2D-SegmentedRaftLogWorker close()
2019-09-10 18:33:23,723 [dc34f224-6fe7-4a16-b3d0-41df1e51aada@group-F10CA6FB56ED-StateMachineUpdater] INFO  ratis.ContainerStateMachine (ContainerStateMachine.java:takeSnapshot(300)) - group-F10CA6FB56ED: Finished taking a snapshot at:(t:2, i:22) file:/workdir/hadoop-ozone/integration-test/target/test-dir/MiniOzoneClusterImpl-34bd394c-9e3d-49fb-9b5f-f4de544d8d6b/datanode-7/data/ratis/990742a9-49d4-45ad-a51e-f10ca6fb56ed/sm/snapshot.2_22 time:54
2019-09-10 18:33:23,731 [dc34f224-6fe7-4a16-b3d0-41df1e51aada@group-F10CA6FB56ED-StateMachineUpdater] INFO  impl.StateMachineUpdater (StateMachineUpdater.java:takeSnapshot(258)) - dc34f224-6fe7-4a16-b3d0-41df1e51aada@group-F10CA6FB56ED-StateMachineUpdater: Took a snapshot at index 22
2019-09-10 18:33:23,731 [dc34f224-6fe7-4a16-b3d0-41df1e51aada@group-F10CA6FB56ED-StateMachineUpdater] INFO  impl.StateMachineUpdater (StateMachineUpdater.java:lambda$new$0(83)) - dc34f224-6fe7-4a16-b3d0-41df1e51aada@group-F10CA6FB56ED-StateMachineUpdater: snapshotIndex: updateIncreasingly -1 -> 22
2019-09-10 18:33:23,738 [dc34f224-6fe7-4a16-b3d0-41df1e51aada@group-F10CA6FB56ED-StateMachineUpdater] INFO  ratis.ContainerStateMachine (ContainerStateMachine.java:takeSnapshot(289)) - group-F10CA6FB56ED: Taking a snapshot at:(t:2, i:22) file /workdir/hadoop-ozone/integration-test/target/test-dir/MiniOzoneClusterImpl-34bd394c-9e3d-49fb-9b5f-f4de544d8d6b/datanode-7/data/ratis/990742a9-49d4-45ad-a51e-f10ca6fb56ed/sm/snapshot.2_22
2019-09-10 18:33:23,758 [dc34f224-6fe7-4a16-b3d0-41df1e51aada@group-F10CA6FB56ED-StateMachineUpdater] INFO  ratis.ContainerStateMachine (ContainerStateMachine.java:takeSnapshot(300)) - group-F10CA6FB56ED: Finished taking a snapshot at:(t:2, i:22) file:/workdir/hadoop-ozone/integration-test/target/test-dir/MiniOzoneClusterImpl-34bd394c-9e3d-49fb-9b5f-f4de544d8d6b/datanode-7/data/ratis/990742a9-49d4-45ad-a51e-f10ca6fb56ed/sm/snapshot.2_22 time:20
2019-09-10 18:33:23,758 [dc34f224-6fe7-4a16-b3d0-41df1e51aada@group-F10CA6FB56ED-StateMachineUpdater] INFO  impl.StateMachineUpdater (StateMachineUpdater.java:takeSnapshot(258)) - dc34f224-6fe7-4a16-b3d0-41df1e51aada@group-F10CA6FB56ED-StateMachineUpdater: Took a snapshot at index 22
2019-09-10 18:33:23,758 [dc34f224-6fe7-4a16-b3d0-41df1e51aada@group-F10CA6FB56ED-StateMachineUpdater] INFO  impl.StateMachineUpdater (StateMachineUpdater.java:lambda$new$0(83)) - dc34f224-6fe7-4a16-b3d0-41df1e51aada@group-F10CA6FB56ED-StateMachineUpdater: snapshotIndex: updateIncreasingly 22 -> 22
2019-09-10 18:33:23,759 [main] INFO  impl.RaftServerImpl (ServerState.java:close(385)) - dc34f224-6fe7-4a16-b3d0-41df1e51aada@group-F10CA6FB56ED: closes. applyIndex: 24
2019-09-10 18:33:23,759 [dc34f224-6fe7-4a16-b3d0-41df1e51aada@group-F10CA6FB56ED-SegmentedRaftLogWorker] INFO  segmented.SegmentedRaftLogWorker (SegmentedRaftLogWorker.java:run(313)) - dc34f224-6fe7-4a16-b3d0-41df1e51aada@group-F10CA6FB56ED-SegmentedRaftLogWorker was interrupted, exiting. There are 0 tasks remaining in the queue.
2019-09-10 18:33:23,763 [main] INFO  segmented.SegmentedRaftLogWorker (SegmentedRaftLogWorker.java:close(228)) - dc34f224-6fe7-4a16-b3d0-41df1e51aada@group-F10CA6FB56ED-SegmentedRaftLogWorker close()
2019-09-10 18:33:23,768 [main] INFO  server.GrpcService (GrpcService.java:closeImpl(164)) - dc34f224-6fe7-4a16-b3d0-41df1e51aada: shutdown server with port 40510 now
2019-09-10 18:33:23,776 [main] INFO  server.GrpcService (GrpcService.java:closeImpl(172)) - dc34f224-6fe7-4a16-b3d0-41df1e51aada: shutdown server with port 40510 successfully
2019-09-10 18:33:23,777 [grpc-default-executor-3] WARN  server.GrpcServerProtocolService (LogUtils.java:warn(134)) - dc34f224-6fe7-4a16-b3d0-41df1e51aada: installSnapshot onError, lastRequest: 7e7e06ff-ff15-4a73-bf67-b60124f5dbc2->dc34f224-6fe7-4a16-b3d0-41df1e51aada#77-t2, previous=(t:2, i:24), leaderCommit=24, initializing? false, entries: <empty>: org.apache.ratis.thirdparty.io.grpc.StatusRuntimeException: CANCELLED: cancelled before receiving half close
2019-09-10 18:33:23,777 [grpc-default-executor-1] WARN  server.GrpcLogAppender (LogUtils.java:warn(134)) - 7e7e06ff-ff15-4a73-bf67-b60124f5dbc2@group-F10CA6FB56ED->dc34f224-6fe7-4a16-b3d0-41df1e51aada-AppendLogResponseHandler: Failed appendEntries: org.apache.ratis.thirdparty.io.grpc.StatusRuntimeException: CANCELLED: HTTP/2 error code: CANCEL
Received Rst Stream
2019-09-10 18:33:23,783 [grpc-default-executor-1] INFO  impl.FollowerInfo (FollowerInfo.java:lambda$new$0(51)) - 7e7e06ff-ff15-4a73-bf67-b60124f5dbc2@group-F10CA6FB56ED->dc34f224-6fe7-4a16-b3d0-41df1e51aada: nextIndex: updateUnconditionally 25 -> 24
2019-09-10 18:33:23,792 [refreshUsed-/workdir/hadoop-ozone/integration-test/target/test-dir/MiniOzoneClusterImpl-34bd394c-9e3d-49fb-9b5f-f4de544d8d6b/datanode-7/data/containers] WARN  fs.CachingGetSpaceUsed (CachingGetSpaceUsed.java:run(183)) - Thread Interrupted waiting to refresh disk information: sleep interrupted
2019-09-10 18:33:23,803 [main] INFO  utils.BackgroundService (BackgroundService.java:shutdown(148)) - Shutting down service BlockDeletingService
2019-09-10 18:33:23,810 [main] INFO  statemachine.DatanodeStateMachine (DatanodeStateMachine.java:stopDaemon(395)) - Ozone container server stopped.
2019-09-10 18:33:23,815 [main] INFO  handler.ContextHandler (ContextHandler.java:doStop(910)) - Stopped o.e.j.w.WebAppContext@7e5843db{/,null,UNAVAILABLE}{/hddsDatanode}
2019-09-10 18:33:23,820 [main] INFO  server.AbstractConnector (AbstractConnector.java:doStop(318)) - Stopped ServerConnector@459f703f{HTTP/1.1,[http/1.1]}{0.0.0.0:0}
2019-09-10 18:33:23,820 [main] INFO  handler.ContextHandler (ContextHandler.java:doStop(910)) - Stopped o.e.j.s.ServletContextHandler@5f254608{/static,jar:file:/home/user/.m2/repository/org/apache/hadoop/hadoop-hdds-container-service/0.5.0-SNAPSHOT/hadoop-hdds-container-service-0.5.0-SNAPSHOT.jar!/webapps/static,UNAVAILABLE}
2019-09-10 18:33:23,821 [main] INFO  handler.ContextHandler (ContextHandler.java:doStop(910)) - Stopped o.e.j.s.ServletContextHandler@75181b50{/logs,file:///workdir/hadoop-ozone/integration-test/target/log,UNAVAILABLE}
2019-09-10 18:33:23,854 [grpc-default-executor-3] WARN  server.GrpcLogAppender (LogUtils.java:warn(134)) - 7e7e06ff-ff15-4a73-bf67-b60124f5dbc2@group-F10CA6FB56ED->dc34f224-6fe7-4a16-b3d0-41df1e51aada-AppendLogResponseHandler: Failed appendEntries: org.apache.ratis.thirdparty.io.grpc.StatusRuntimeException: UNAVAILABLE: io exception
2019-09-10 18:33:23,857 [grpc-default-executor-3] INFO  impl.FollowerInfo (FollowerInfo.java:lambda$new$0(51)) - 7e7e06ff-ff15-4a73-bf67-b60124f5dbc2@group-F10CA6FB56ED->dc34f224-6fe7-4a16-b3d0-41df1e51aada: nextIndex: updateUnconditionally 25 -> 24
2019-09-10 18:33:23,863 [grpc-default-executor-1] INFO  client.GrpcClientProtocolClient (GrpcClientProtocolClient.java:onNext(264)) - client-0789F71498A2->7e7e06ff-ff15-4a73-bf67-b60124f5dbc2: receive RaftClientReply:client-0789F71498A2->7e7e06ff-ff15-4a73-bf67-b60124f5dbc2@group-F10CA6FB56ED, cid=46, SUCCESS, logIndex=25, commits[7e7e06ff-ff15-4a73-bf67-b60124f5dbc2:c26, a5c56bc8-e609-4560-873f-c4715c8bfbf6:c24, dc34f224-6fe7-4a16-b3d0-41df1e51aada:c24]
2019-09-10 18:33:23,863 [grpc-default-executor-0] WARN  server.GrpcLogAppender (LogUtils.java:warn(134)) - 7e7e06ff-ff15-4a73-bf67-b60124f5dbc2@group-F10CA6FB56ED->dc34f224-6fe7-4a16-b3d0-41df1e51aada-AppendLogResponseHandler: Failed appendEntries: org.apache.ratis.thirdparty.io.grpc.StatusRuntimeException: UNAVAILABLE: io exception
2019-09-10 18:33:23,866 [grpc-default-executor-0] INFO  impl.FollowerInfo (FollowerInfo.java:lambda$new$0(51)) - 7e7e06ff-ff15-4a73-bf67-b60124f5dbc2@group-F10CA6FB56ED->dc34f224-6fe7-4a16-b3d0-41df1e51aada: nextIndex: updateUnconditionally 25 -> 24
2019-09-10 18:33:23,866 [grpc-default-executor-0] INFO  client.GrpcClientProtocolClient (GrpcClientProtocolClient.java:onNext(264)) - client-0789F71498A2->7e7e06ff-ff15-4a73-bf67-b60124f5dbc2: receive RaftClientReply:client-0789F71498A2->7e7e06ff-ff15-4a73-bf67-b60124f5dbc2@group-F10CA6FB56ED, cid=47, SUCCESS, logIndex=26, commits[7e7e06ff-ff15-4a73-bf67-b60124f5dbc2:c26, a5c56bc8-e609-4560-873f-c4715c8bfbf6:c24, dc34f224-6fe7-4a16-b3d0-41df1e51aada:c24]
2019-09-10 18:33:23,875 [grpc-default-executor-3] INFO  client.GrpcClientProtocolClient (GrpcClientProtocolClient.java:onNext(264)) - client-0789F71498A2->7e7e06ff-ff15-4a73-bf67-b60124f5dbc2: receive RaftClientReply:client-0789F71498A2->7e7e06ff-ff15-4a73-bf67-b60124f5dbc2@group-F10CA6FB56ED, cid=48, SUCCESS, logIndex=27, commits[7e7e06ff-ff15-4a73-bf67-b60124f5dbc2:c28, a5c56bc8-e609-4560-873f-c4715c8bfbf6:c26, dc34f224-6fe7-4a16-b3d0-41df1e51aada:c24]
2019-09-10 18:33:23,876 [grpc-default-executor-1] WARN  server.GrpcLogAppender (LogUtils.java:warn(134)) - 7e7e06ff-ff15-4a73-bf67-b60124f5dbc2@group-F10CA6FB56ED->dc34f224-6fe7-4a16-b3d0-41df1e51aada-AppendLogResponseHandler: Failed appendEntries: org.apache.ratis.thirdparty.io.grpc.StatusRuntimeException: UNAVAILABLE: io exception
2019-09-10 18:33:23,879 [grpc-default-executor-0] INFO  client.GrpcClientProtocolClient (GrpcClientProtocolClient.java:onNext(264)) - client-0789F71498A2->7e7e06ff-ff15-4a73-bf67-b60124f5dbc2: receive RaftClientReply:client-0789F71498A2->7e7e06ff-ff15-4a73-bf67-b60124f5dbc2@group-F10CA6FB56ED, cid=49, SUCCESS, logIndex=28, commits[7e7e06ff-ff15-4a73-bf67-b60124f5dbc2:c30, a5c56bc8-e609-4560-873f-c4715c8bfbf6:c26, dc34f224-6fe7-4a16-b3d0-41df1e51aada:c24]
2019-09-10 18:33:23,879 [grpc-default-executor-1] INFO  impl.FollowerInfo (FollowerInfo.java:lambda$new$0(51)) - 7e7e06ff-ff15-4a73-bf67-b60124f5dbc2@group-F10CA6FB56ED->dc34f224-6fe7-4a16-b3d0-41df1e51aada: nextIndex: updateUnconditionally 25 -> 24
2019-09-10 18:33:23,881 [grpc-default-executor-4] WARN  server.GrpcLogAppender (LogUtils.java:warn(134)) - 7e7e06ff-ff15-4a73-bf67-b60124f5dbc2@group-F10CA6FB56ED->dc34f224-6fe7-4a16-b3d0-41df1e51aada-AppendLogResponseHandler: Failed appendEntries: org.apache.ratis.thirdparty.io.grpc.StatusRuntimeException: UNAVAILABLE: io exception
2019-09-10 18:33:23,894 [grpc-default-executor-4] INFO  impl.FollowerInfo (FollowerInfo.java:lambda$new$0(51)) - 7e7e06ff-ff15-4a73-bf67-b60124f5dbc2@group-F10CA6FB56ED->dc34f224-6fe7-4a16-b3d0-41df1e51aada: nextIndex: updateUnconditionally 25 -> 24
2019-09-10 18:33:23,964 [java.util.concurrent.ThreadPoolExecutor$Worker@781538ae[State = -1, empty queue]] WARN  server.GrpcLogAppender (GrpcLogAppender.java:timeoutAppendRequest(200)) - 59afee6f-3342-47f6-8cd2-a67165187773@group-C790A911BCD5->fc430ad7-c10f-4afd-84a3-4263b60fc3a5-GrpcLogAppender: appendEntries Timeout, request=59afee6f-3342-47f6-8cd2-a67165187773->fc430ad7-c10f-4afd-84a3-4263b60fc3a5#64-t3, previous=(t:3, i:20), leaderCommit=16, initializing? false, entries: <empty>
2019-09-10 18:33:23,964 [java.util.concurrent.ThreadPoolExecutor$Worker@2130bf45[State = -1, empty queue]] WARN  server.GrpcLogAppender (GrpcLogAppender.java:timeoutAppendRequest(200)) - 59afee6f-3342-47f6-8cd2-a67165187773@group-C790A911BCD5->f9c92805-78f9-4aa2-ad11-0f5c06c060e3-GrpcLogAppender: appendEntries Timeout, request=59afee6f-3342-47f6-8cd2-a67165187773->f9c92805-78f9-4aa2-ad11-0f5c06c060e3#64-t3, previous=(t:3, i:20), leaderCommit=16, initializing? false, entries: <empty>
2019-09-10 18:33:24,383 [grpc-default-executor-1] WARN  server.GrpcLogAppender (LogUtils.java:warn(134)) - 7e7e06ff-ff15-4a73-bf67-b60124f5dbc2@group-F10CA6FB56ED->dc34f224-6fe7-4a16-b3d0-41df1e51aada-AppendLogResponseHandler: Failed appendEntries: org.apache.ratis.thirdparty.io.grpc.StatusRuntimeException: UNAVAILABLE: io exception
2019-09-10 18:33:24,388 [grpc-default-executor-1] INFO  impl.FollowerInfo (FollowerInfo.java:lambda$new$0(51)) - 7e7e06ff-ff15-4a73-bf67-b60124f5dbc2@group-F10CA6FB56ED->dc34f224-6fe7-4a16-b3d0-41df1e51aada: nextIndex: updateUnconditionally 24 -> 23
2019-09-10 18:33:24,464 [java.util.concurrent.ThreadPoolExecutor$Worker@2130bf45[State = -1, empty queue]] WARN  server.GrpcLogAppender (GrpcLogAppender.java:timeoutAppendRequest(200)) - 59afee6f-3342-47f6-8cd2-a67165187773@group-C790A911BCD5->f9c92805-78f9-4aa2-ad11-0f5c06c060e3-GrpcLogAppender: appendEntries Timeout, request=59afee6f-3342-47f6-8cd2-a67165187773->f9c92805-78f9-4aa2-ad11-0f5c06c060e3#65-t3, previous=(t:3, i:20), leaderCommit=16, initializing? false, entries: <empty>
2019-09-10 18:33:24,464 [java.util.concurrent.ThreadPoolExecutor$Worker@781538ae[State = -1, empty queue]] WARN  server.GrpcLogAppender (GrpcLogAppender.java:timeoutAppendRequest(200)) - 59afee6f-3342-47f6-8cd2-a67165187773@group-C790A911BCD5->fc430ad7-c10f-4afd-84a3-4263b60fc3a5-GrpcLogAppender: appendEntries Timeout, request=59afee6f-3342-47f6-8cd2-a67165187773->fc430ad7-c10f-4afd-84a3-4263b60fc3a5#65-t3, previous=(t:3, i:20), leaderCommit=16, initializing? false, entries: <empty>
2019-09-10 18:33:24,884 [grpc-default-executor-0] WARN  server.GrpcLogAppender (LogUtils.java:warn(134)) - 7e7e06ff-ff15-4a73-bf67-b60124f5dbc2@group-F10CA6FB56ED->dc34f224-6fe7-4a16-b3d0-41df1e51aada-AppendLogResponseHandler: Failed appendEntries: org.apache.ratis.thirdparty.io.grpc.StatusRuntimeException: UNAVAILABLE: io exception
2019-09-10 18:33:24,887 [grpc-default-executor-0] INFO  impl.FollowerInfo (FollowerInfo.java:lambda$new$0(51)) - 7e7e06ff-ff15-4a73-bf67-b60124f5dbc2@group-F10CA6FB56ED->dc34f224-6fe7-4a16-b3d0-41df1e51aada: nextIndex: updateUnconditionally 23 -> 22
2019-09-10 18:33:24,964 [java.util.concurrent.ThreadPoolExecutor$Worker@2130bf45[State = -1, empty queue]] WARN  server.GrpcLogAppender (GrpcLogAppender.java:timeoutAppendRequest(200)) - 59afee6f-3342-47f6-8cd2-a67165187773@group-C790A911BCD5->f9c92805-78f9-4aa2-ad11-0f5c06c060e3-GrpcLogAppender: appendEntries Timeout, request=59afee6f-3342-47f6-8cd2-a67165187773->f9c92805-78f9-4aa2-ad11-0f5c06c060e3#66-t3, previous=(t:3, i:20), leaderCommit=16, initializing? false, entries: <empty>
2019-09-10 18:33:24,964 [java.util.concurrent.ThreadPoolExecutor$Worker@781538ae[State = -1, empty queue]] WARN  server.GrpcLogAppender (GrpcLogAppender.java:timeoutAppendRequest(200)) - 59afee6f-3342-47f6-8cd2-a67165187773@group-C790A911BCD5->fc430ad7-c10f-4afd-84a3-4263b60fc3a5-GrpcLogAppender: appendEntries Timeout, request=59afee6f-3342-47f6-8cd2-a67165187773->fc430ad7-c10f-4afd-84a3-4263b60fc3a5#66-t3, previous=(t:3, i:20), leaderCommit=16, initializing? false, entries: <empty>
2019-09-10 18:33:25,385 [grpc-default-executor-1] WARN  server.GrpcLogAppender (LogUtils.java:warn(134)) - 7e7e06ff-ff15-4a73-bf67-b60124f5dbc2@group-F10CA6FB56ED->dc34f224-6fe7-4a16-b3d0-41df1e51aada-AppendLogResponseHandler: Failed appendEntries: org.apache.ratis.thirdparty.io.grpc.StatusRuntimeException: UNAVAILABLE: io exception
2019-09-10 18:33:25,388 [grpc-default-executor-1] INFO  impl.FollowerInfo (FollowerInfo.java:lambda$new$0(51)) - 7e7e06ff-ff15-4a73-bf67-b60124f5dbc2@group-F10CA6FB56ED->dc34f224-6fe7-4a16-b3d0-41df1e51aada: nextIndex: updateUnconditionally 22 -> 21
2019-09-10 18:33:25,465 [java.util.concurrent.ThreadPoolExecutor$Worker@2130bf45[State = -1, empty queue]] WARN  server.GrpcLogAppender (GrpcLogAppender.java:timeoutAppendRequest(200)) - 59afee6f-3342-47f6-8cd2-a67165187773@group-C790A911BCD5->f9c92805-78f9-4aa2-ad11-0f5c06c060e3-GrpcLogAppender: appendEntries Timeout, request=59afee6f-3342-47f6-8cd2-a67165187773->f9c92805-78f9-4aa2-ad11-0f5c06c060e3#67-t3, previous=(t:3, i:20), leaderCommit=16, initializing? false, entries: <empty>
2019-09-10 18:33:25,465 [java.util.concurrent.ThreadPoolExecutor$Worker@781538ae[State = -1, empty queue]] WARN  server.GrpcLogAppender (GrpcLogAppender.java:timeoutAppendRequest(200)) - 59afee6f-3342-47f6-8cd2-a67165187773@group-C790A911BCD5->fc430ad7-c10f-4afd-84a3-4263b60fc3a5-GrpcLogAppender: appendEntries Timeout, request=59afee6f-3342-47f6-8cd2-a67165187773->fc430ad7-c10f-4afd-84a3-4263b60fc3a5#67-t3, previous=(t:3, i:20), leaderCommit=16, initializing? false, entries: <empty>
2019-09-10 18:33:25,887 [grpc-default-executor-3] WARN  server.GrpcLogAppender (LogUtils.java:warn(134)) - 7e7e06ff-ff15-4a73-bf67-b60124f5dbc2@group-F10CA6FB56ED->dc34f224-6fe7-4a16-b3d0-41df1e51aada-AppendLogResponseHandler: Failed appendEntries: org.apache.ratis.thirdparty.io.grpc.StatusRuntimeException: UNAVAILABLE: io exception
2019-09-10 18:33:25,890 [grpc-default-executor-3] INFO  impl.FollowerInfo (FollowerInfo.java:lambda$new$0(51)) - 7e7e06ff-ff15-4a73-bf67-b60124f5dbc2@group-F10CA6FB56ED->dc34f224-6fe7-4a16-b3d0-41df1e51aada: nextIndex: updateUnconditionally 21 -> 20
2019-09-10 18:33:25,965 [java.util.concurrent.ThreadPoolExecutor$Worker@781538ae[State = -1, empty queue]] WARN  server.GrpcLogAppender (GrpcLogAppender.java:timeoutAppendRequest(200)) - 59afee6f-3342-47f6-8cd2-a67165187773@group-C790A911BCD5->fc430ad7-c10f-4afd-84a3-4263b60fc3a5-GrpcLogAppender: appendEntries Timeout, request=59afee6f-3342-47f6-8cd2-a67165187773->fc430ad7-c10f-4afd-84a3-4263b60fc3a5#68-t3, previous=(t:3, i:20), leaderCommit=16, initializing? false, entries: <empty>
2019-09-10 18:33:25,965 [java.util.concurrent.ThreadPoolExecutor$Worker@2130bf45[State = -1, empty queue]] WARN  server.GrpcLogAppender (GrpcLogAppender.java:timeoutAppendRequest(200)) - 59afee6f-3342-47f6-8cd2-a67165187773@group-C790A911BCD5->f9c92805-78f9-4aa2-ad11-0f5c06c060e3-GrpcLogAppender: appendEntries Timeout, request=59afee6f-3342-47f6-8cd2-a67165187773->f9c92805-78f9-4aa2-ad11-0f5c06c060e3#68-t3, previous=(t:3, i:20), leaderCommit=16, initializing? false, entries: <empty>
2019-09-10 18:33:26,388 [grpc-default-executor-0] WARN  server.GrpcLogAppender (LogUtils.java:warn(134)) - 7e7e06ff-ff15-4a73-bf67-b60124f5dbc2@group-F10CA6FB56ED->dc34f224-6fe7-4a16-b3d0-41df1e51aada-AppendLogResponseHandler: Failed appendEntries: org.apache.ratis.thirdparty.io.grpc.StatusRuntimeException: UNAVAILABLE: io exception
2019-09-10 18:33:26,395 [grpc-default-executor-0] INFO  impl.FollowerInfo (FollowerInfo.java:lambda$new$0(51)) - 7e7e06ff-ff15-4a73-bf67-b60124f5dbc2@group-F10CA6FB56ED->dc34f224-6fe7-4a16-b3d0-41df1e51aada: nextIndex: updateUnconditionally 20 -> 19
2019-09-10 18:33:26,465 [java.util.concurrent.ThreadPoolExecutor$Worker@2130bf45[State = -1, empty queue]] WARN  server.GrpcLogAppender (GrpcLogAppender.java:timeoutAppendRequest(200)) - 59afee6f-3342-47f6-8cd2-a67165187773@group-C790A911BCD5->f9c92805-78f9-4aa2-ad11-0f5c06c060e3-GrpcLogAppender: appendEntries Timeout, request=59afee6f-3342-47f6-8cd2-a67165187773->f9c92805-78f9-4aa2-ad11-0f5c06c060e3#69-t3, previous=(t:3, i:20), leaderCommit=16, initializing? false, entries: <empty>
2019-09-10 18:33:26,465 [java.util.concurrent.ThreadPoolExecutor$Worker@781538ae[State = -1, empty queue]] WARN  server.GrpcLogAppender (GrpcLogAppender.java:timeoutAppendRequest(200)) - 59afee6f-3342-47f6-8cd2-a67165187773@group-C790A911BCD5->fc430ad7-c10f-4afd-84a3-4263b60fc3a5-GrpcLogAppender: appendEntries Timeout, request=59afee6f-3342-47f6-8cd2-a67165187773->fc430ad7-c10f-4afd-84a3-4263b60fc3a5#69-t3, previous=(t:3, i:20), leaderCommit=16, initializing? false, entries: <empty>
2019-09-10 18:33:26,888 [grpc-default-executor-3] WARN  server.GrpcLogAppender (LogUtils.java:warn(134)) - 7e7e06ff-ff15-4a73-bf67-b60124f5dbc2@group-F10CA6FB56ED->dc34f224-6fe7-4a16-b3d0-41df1e51aada-AppendLogResponseHandler: Failed appendEntries: org.apache.ratis.thirdparty.io.grpc.StatusRuntimeException: UNAVAILABLE: io exception
2019-09-10 18:33:26,892 [grpc-default-executor-3] INFO  impl.FollowerInfo (FollowerInfo.java:lambda$new$0(51)) - 7e7e06ff-ff15-4a73-bf67-b60124f5dbc2@group-F10CA6FB56ED->dc34f224-6fe7-4a16-b3d0-41df1e51aada: nextIndex: updateUnconditionally 19 -> 18
2019-09-10 18:33:26,966 [java.util.concurrent.ThreadPoolExecutor$Worker@781538ae[State = -1, empty queue]] WARN  server.GrpcLogAppender (GrpcLogAppender.java:timeoutAppendRequest(200)) - 59afee6f-3342-47f6-8cd2-a67165187773@group-C790A911BCD5->fc430ad7-c10f-4afd-84a3-4263b60fc3a5-GrpcLogAppender: appendEntries Timeout, request=59afee6f-3342-47f6-8cd2-a67165187773->fc430ad7-c10f-4afd-84a3-4263b60fc3a5#70-t3, previous=(t:3, i:20), leaderCommit=16, initializing? false, entries: <empty>
2019-09-10 18:33:26,966 [java.util.concurrent.ThreadPoolExecutor$Worker@2130bf45[State = -1, empty queue]] WARN  server.GrpcLogAppender (GrpcLogAppender.java:timeoutAppendRequest(200)) - 59afee6f-3342-47f6-8cd2-a67165187773@group-C790A911BCD5->f9c92805-78f9-4aa2-ad11-0f5c06c060e3-GrpcLogAppender: appendEntries Timeout, request=59afee6f-3342-47f6-8cd2-a67165187773->f9c92805-78f9-4aa2-ad11-0f5c06c060e3#70-t3, previous=(t:3, i:20), leaderCommit=16, initializing? false, entries: <empty>
2019-09-10 18:33:27,392 [grpc-default-executor-0] WARN  server.GrpcLogAppender (LogUtils.java:warn(134)) - 7e7e06ff-ff15-4a73-bf67-b60124f5dbc2@group-F10CA6FB56ED->dc34f224-6fe7-4a16-b3d0-41df1e51aada-AppendLogResponseHandler: Failed appendEntries: org.apache.ratis.thirdparty.io.grpc.StatusRuntimeException: UNAVAILABLE: io exception
2019-09-10 18:33:27,399 [grpc-default-executor-0] INFO  impl.FollowerInfo (FollowerInfo.java:lambda$new$0(51)) - 7e7e06ff-ff15-4a73-bf67-b60124f5dbc2@group-F10CA6FB56ED->dc34f224-6fe7-4a16-b3d0-41df1e51aada: nextIndex: updateUnconditionally 18 -> 17
2019-09-10 18:33:27,466 [java.util.concurrent.ThreadPoolExecutor$Worker@2130bf45[State = -1, empty queue]] WARN  server.GrpcLogAppender (GrpcLogAppender.java:timeoutAppendRequest(200)) - 59afee6f-3342-47f6-8cd2-a67165187773@group-C790A911BCD5->f9c92805-78f9-4aa2-ad11-0f5c06c060e3-GrpcLogAppender: appendEntries Timeout, request=59afee6f-3342-47f6-8cd2-a67165187773->f9c92805-78f9-4aa2-ad11-0f5c06c060e3#71-t3, previous=(t:3, i:20), leaderCommit=16, initializing? false, entries: <empty>
2019-09-10 18:33:27,466 [java.util.concurrent.ThreadPoolExecutor$Worker@781538ae[State = -1, empty queue]] WARN  server.GrpcLogAppender (GrpcLogAppender.java:timeoutAppendRequest(200)) - 59afee6f-3342-47f6-8cd2-a67165187773@group-C790A911BCD5->fc430ad7-c10f-4afd-84a3-4263b60fc3a5-GrpcLogAppender: appendEntries Timeout, request=59afee6f-3342-47f6-8cd2-a67165187773->fc430ad7-c10f-4afd-84a3-4263b60fc3a5#71-t3, previous=(t:3, i:20), leaderCommit=16, initializing? false, entries: <empty>
2019-09-10 18:33:27,904 [grpc-default-executor-1] WARN  server.GrpcLogAppender (LogUtils.java:warn(134)) - 7e7e06ff-ff15-4a73-bf67-b60124f5dbc2@group-F10CA6FB56ED->dc34f224-6fe7-4a16-b3d0-41df1e51aada-AppendLogResponseHandler: Failed appendEntries: org.apache.ratis.thirdparty.io.grpc.StatusRuntimeException: UNAVAILABLE: io exception
2019-09-10 18:33:27,907 [grpc-default-executor-1] INFO  impl.FollowerInfo (FollowerInfo.java:lambda$new$0(51)) - 7e7e06ff-ff15-4a73-bf67-b60124f5dbc2@group-F10CA6FB56ED->dc34f224-6fe7-4a16-b3d0-41df1e51aada: nextIndex: updateUnconditionally 17 -> 16
2019-09-10 18:33:27,966 [java.util.concurrent.ThreadPoolExecutor$Worker@781538ae[State = -1, empty queue]] WARN  server.GrpcLogAppender (GrpcLogAppender.java:timeoutAppendRequest(200)) - 59afee6f-3342-47f6-8cd2-a67165187773@group-C790A911BCD5->fc430ad7-c10f-4afd-84a3-4263b60fc3a5-GrpcLogAppender: appendEntries Timeout, request=59afee6f-3342-47f6-8cd2-a67165187773->fc430ad7-c10f-4afd-84a3-4263b60fc3a5#72-t3, previous=(t:3, i:20), leaderCommit=16, initializing? false, entries: <empty>
2019-09-10 18:33:27,966 [java.util.concurrent.ThreadPoolExecutor$Worker@2130bf45[State = -1, empty queue]] WARN  server.GrpcLogAppender (GrpcLogAppender.java:timeoutAppendRequest(200)) - 59afee6f-3342-47f6-8cd2-a67165187773@group-C790A911BCD5->f9c92805-78f9-4aa2-ad11-0f5c06c060e3-GrpcLogAppender: appendEntries Timeout, request=59afee6f-3342-47f6-8cd2-a67165187773->f9c92805-78f9-4aa2-ad11-0f5c06c060e3#72-t3, previous=(t:3, i:20), leaderCommit=16, initializing? false, entries: <empty>
2019-09-10 18:33:28,400 [grpc-default-executor-0] WARN  server.GrpcLogAppender (LogUtils.java:warn(134)) - 7e7e06ff-ff15-4a73-bf67-b60124f5dbc2@group-F10CA6FB56ED->dc34f224-6fe7-4a16-b3d0-41df1e51aada-AppendLogResponseHandler: Failed appendEntries: org.apache.ratis.thirdparty.io.grpc.StatusRuntimeException: UNAVAILABLE: io exception
2019-09-10 18:33:28,405 [grpc-default-executor-0] INFO  impl.FollowerInfo (FollowerInfo.java:lambda$new$0(51)) - 7e7e06ff-ff15-4a73-bf67-b60124f5dbc2@group-F10CA6FB56ED->dc34f224-6fe7-4a16-b3d0-41df1e51aada: nextIndex: updateUnconditionally 16 -> 15
2019-09-10 18:33:28,467 [java.util.concurrent.ThreadPoolExecutor$Worker@781538ae[State = -1, empty queue]] WARN  server.GrpcLogAppender (GrpcLogAppender.java:timeoutAppendRequest(200)) - 59afee6f-3342-47f6-8cd2-a67165187773@group-C790A911BCD5->fc430ad7-c10f-4afd-84a3-4263b60fc3a5-GrpcLogAppender: appendEntries Timeout, request=59afee6f-3342-47f6-8cd2-a67165187773->fc430ad7-c10f-4afd-84a3-4263b60fc3a5#73-t3, previous=(t:3, i:20), leaderCommit=16, initializing? false, entries: <empty>
2019-09-10 18:33:28,467 [java.util.concurrent.ThreadPoolExecutor$Worker@2130bf45[State = -1, empty queue]] WARN  server.GrpcLogAppender (GrpcLogAppender.java:timeoutAppendRequest(200)) - 59afee6f-3342-47f6-8cd2-a67165187773@group-C790A911BCD5->f9c92805-78f9-4aa2-ad11-0f5c06c060e3-GrpcLogAppender: appendEntries Timeout, request=59afee6f-3342-47f6-8cd2-a67165187773->f9c92805-78f9-4aa2-ad11-0f5c06c060e3#73-t3, previous=(t:3, i:20), leaderCommit=16, initializing? false, entries: <empty>
2019-09-10 18:33:28,881 [main] WARN  scm.XceiverClientRatis (XceiverClientRatis.java:watchForCommit(262)) - 3 way commit failed on pipeline Pipeline[ Id: 990742a9-49d4-45ad-a51e-f10ca6fb56ed, Nodes: dc34f224-6fe7-4a16-b3d0-41df1e51aada{ip: 192.168.5.139, host: pr-hdds-1786-trunk-k6rzm-1803654198, networkLocation: /default-rack, certSerialId: null}7e7e06ff-ff15-4a73-bf67-b60124f5dbc2{ip: 192.168.5.139, host: pr-hdds-1786-trunk-k6rzm-1803654198, networkLocation: /default-rack, certSerialId: null}a5c56bc8-e609-4560-873f-c4715c8bfbf6{ip: 192.168.5.139, host: pr-hdds-1786-trunk-k6rzm-1803654198, networkLocation: /default-rack, certSerialId: null}, Type:RATIS, Factor:THREE, State:OPEN]
java.util.concurrent.TimeoutException
	at java.util.concurrent.CompletableFuture.timedGet(CompletableFuture.java:1771)
	at java.util.concurrent.CompletableFuture.get(CompletableFuture.java:1915)
	at org.apache.hadoop.hdds.scm.XceiverClientRatis.watchForCommit(XceiverClientRatis.java:259)
	at org.apache.hadoop.hdds.scm.storage.CommitWatcher.watchForCommit(CommitWatcher.java:194)
	at org.apache.hadoop.hdds.scm.storage.CommitWatcher.watchOnFirstIndex(CommitWatcher.java:135)
	at org.apache.hadoop.hdds.scm.storage.BlockOutputStream.watchForCommit(BlockOutputStream.java:347)
	at org.apache.hadoop.hdds.scm.storage.BlockOutputStream.handleFullBuffer(BlockOutputStream.java:324)
	at org.apache.hadoop.hdds.scm.storage.BlockOutputStream.write(BlockOutputStream.java:251)
	at org.apache.hadoop.ozone.client.io.BlockOutputStreamEntry.write(BlockOutputStreamEntry.java:129)
	at org.apache.hadoop.ozone.client.io.KeyOutputStream.handleWrite(KeyOutputStream.java:211)
	at org.apache.hadoop.ozone.client.io.KeyOutputStream.write(KeyOutputStream.java:193)
	at org.apache.hadoop.ozone.client.io.OzoneOutputStream.write(OzoneOutputStream.java:49)
	at java.io.OutputStream.write(OutputStream.java:75)
	at org.apache.hadoop.ozone.client.rpc.TestMultiBlockWritesWithDnFailures.testMultiBlockWritesWithIntermittentDnFailures(TestMultiBlockWritesWithDnFailures.java:192)
	at sun.reflect.NativeMethodAccessorImpl.invoke0(Native Method)
	at sun.reflect.NativeMethodAccessorImpl.invoke(NativeMethodAccessorImpl.java:62)
	at sun.reflect.DelegatingMethodAccessorImpl.invoke(DelegatingMethodAccessorImpl.java:43)
	at java.lang.reflect.Method.invoke(Method.java:498)
	at org.junit.runners.model.FrameworkMethod$1.runReflectiveCall(FrameworkMethod.java:47)
	at org.junit.internal.runners.model.ReflectiveCallable.run(ReflectiveCallable.java:12)
	at org.junit.runners.model.FrameworkMethod.invokeExplosively(FrameworkMethod.java:44)
	at org.junit.internal.runners.statements.InvokeMethod.evaluate(InvokeMethod.java:17)
	at org.junit.internal.runners.statements.RunAfters.evaluate(RunAfters.java:27)
	at org.junit.runners.ParentRunner.runLeaf(ParentRunner.java:271)
	at org.junit.runners.BlockJUnit4ClassRunner.runChild(BlockJUnit4ClassRunner.java:70)
	at org.junit.runners.BlockJUnit4ClassRunner.runChild(BlockJUnit4ClassRunner.java:50)
	at org.junit.runners.ParentRunner$3.run(ParentRunner.java:238)
	at org.junit.runners.ParentRunner$1.schedule(ParentRunner.java:63)
	at org.junit.runners.ParentRunner.runChildren(ParentRunner.java:236)
	at org.junit.runners.ParentRunner.access$000(ParentRunner.java:53)
	at org.junit.runners.ParentRunner$2.evaluate(ParentRunner.java:229)
	at org.junit.runners.ParentRunner.run(ParentRunner.java:309)
	at org.apache.maven.surefire.junit4.JUnit4Provider.execute(JUnit4Provider.java:365)
	at org.apache.maven.surefire.junit4.JUnit4Provider.executeWithRerun(JUnit4Provider.java:273)
	at org.apache.maven.surefire.junit4.JUnit4Provider.executeTestSet(JUnit4Provider.java:238)
	at org.apache.maven.surefire.junit4.JUnit4Provider.invoke(JUnit4Provider.java:159)
	at org.apache.maven.surefire.booter.ForkedBooter.invokeProviderInSameClassLoader(ForkedBooter.java:384)
	at org.apache.maven.surefire.booter.ForkedBooter.runSuitesInProcess(ForkedBooter.java:345)
	at org.apache.maven.surefire.booter.ForkedBooter.execute(ForkedBooter.java:126)
	at org.apache.maven.surefire.booter.ForkedBooter.main(ForkedBooter.java:418)
2019-09-10 18:33:28,885 [grpc-default-executor-3] INFO  client.GrpcClientProtocolClient (GrpcClientProtocolClient.java:onNext(264)) - client-0789F71498A2->7e7e06ff-ff15-4a73-bf67-b60124f5dbc2: receive RaftClientReply:client-0789F71498A2->7e7e06ff-ff15-4a73-bf67-b60124f5dbc2@group-F10CA6FB56ED, cid=51, SUCCESS, logIndex=0, commits[7e7e06ff-ff15-4a73-bf67-b60124f5dbc2:c32, a5c56bc8-e609-4560-873f-c4715c8bfbf6:c32, dc34f224-6fe7-4a16-b3d0-41df1e51aada:c24]
2019-09-10 18:33:28,890 [main] INFO  scm.XceiverClientRatis (XceiverClientRatis.java:lambda$watchForCommit$7(280)) - Could not commit index 26 on pipeline Pipeline[ Id: 990742a9-49d4-45ad-a51e-f10ca6fb56ed, Nodes: dc34f224-6fe7-4a16-b3d0-41df1e51aada{ip: 192.168.5.139, host: pr-hdds-1786-trunk-k6rzm-1803654198, networkLocation: /default-rack, certSerialId: null}7e7e06ff-ff15-4a73-bf67-b60124f5dbc2{ip: 192.168.5.139, host: pr-hdds-1786-trunk-k6rzm-1803654198, networkLocation: /default-rack, certSerialId: null}a5c56bc8-e609-4560-873f-c4715c8bfbf6{ip: 192.168.5.139, host: pr-hdds-1786-trunk-k6rzm-1803654198, networkLocation: /default-rack, certSerialId: null}, Type:RATIS, Factor:THREE, State:OPEN] to all the nodes. Server dc34f224-6fe7-4a16-b3d0-41df1e51aada has failed. Committed by majority.
2019-09-10 18:33:28,894 [main] WARN  storage.BlockOutputStream (BlockOutputStream.java:watchForCommit(353)) - Failed to commit BlockId conID: 5 locID: 102769647592275972 bcsId: 28 on Pipeline[ Id: 990742a9-49d4-45ad-a51e-f10ca6fb56ed, Nodes: dc34f224-6fe7-4a16-b3d0-41df1e51aada{ip: 192.168.5.139, host: pr-hdds-1786-trunk-k6rzm-1803654198, networkLocation: /default-rack, certSerialId: null}7e7e06ff-ff15-4a73-bf67-b60124f5dbc2{ip: 192.168.5.139, host: pr-hdds-1786-trunk-k6rzm-1803654198, networkLocation: /default-rack, certSerialId: null}a5c56bc8-e609-4560-873f-c4715c8bfbf6{ip: 192.168.5.139, host: pr-hdds-1786-trunk-k6rzm-1803654198, networkLocation: /default-rack, certSerialId: null}, Type:RATIS, Factor:THREE, State:OPEN]. Failed nodes: [dc34f224-6fe7-4a16-b3d0-41df1e51aada{ip: null, host: null, networkLocation: /default-rack, certSerialId: null}]
2019-09-10 18:33:28,901 [grpc-default-executor-1] WARN  server.GrpcLogAppender (LogUtils.java:warn(134)) - 7e7e06ff-ff15-4a73-bf67-b60124f5dbc2@group-F10CA6FB56ED->dc34f224-6fe7-4a16-b3d0-41df1e51aada-AppendLogResponseHandler: Failed appendEntries: org.apache.ratis.thirdparty.io.grpc.StatusRuntimeException: UNAVAILABLE: io exception
2019-09-10 18:33:28,906 [grpc-default-executor-1] INFO  impl.FollowerInfo (FollowerInfo.java:lambda$new$0(51)) - 7e7e06ff-ff15-4a73-bf67-b60124f5dbc2@group-F10CA6FB56ED->dc34f224-6fe7-4a16-b3d0-41df1e51aada: nextIndex: updateUnconditionally 15 -> 14
2019-09-10 18:33:28,967 [java.util.concurrent.ThreadPoolExecutor$Worker@781538ae[State = -1, empty queue]] WARN  server.GrpcLogAppender (GrpcLogAppender.java:timeoutAppendRequest(200)) - 59afee6f-3342-47f6-8cd2-a67165187773@group-C790A911BCD5->fc430ad7-c10f-4afd-84a3-4263b60fc3a5-GrpcLogAppender: appendEntries Timeout, request=59afee6f-3342-47f6-8cd2-a67165187773->fc430ad7-c10f-4afd-84a3-4263b60fc3a5#74-t3, previous=(t:3, i:20), leaderCommit=16, initializing? false, entries: <empty>
2019-09-10 18:33:28,967 [java.util.concurrent.ThreadPoolExecutor$Worker@2130bf45[State = -1, empty queue]] WARN  server.GrpcLogAppender (GrpcLogAppender.java:timeoutAppendRequest(200)) - 59afee6f-3342-47f6-8cd2-a67165187773@group-C790A911BCD5->f9c92805-78f9-4aa2-ad11-0f5c06c060e3-GrpcLogAppender: appendEntries Timeout, request=59afee6f-3342-47f6-8cd2-a67165187773->f9c92805-78f9-4aa2-ad11-0f5c06c060e3#74-t3, previous=(t:3, i:20), leaderCommit=16, initializing? false, entries: <empty>
2019-09-10 18:33:29,402 [grpc-default-executor-3] WARN  server.GrpcLogAppender (LogUtils.java:warn(134)) - 7e7e06ff-ff15-4a73-bf67-b60124f5dbc2@group-F10CA6FB56ED->dc34f224-6fe7-4a16-b3d0-41df1e51aada-AppendLogResponseHandler: Failed appendEntries: org.apache.ratis.thirdparty.io.grpc.StatusRuntimeException: UNAVAILABLE: io exception
2019-09-10 18:33:29,407 [grpc-default-executor-3] INFO  impl.FollowerInfo (FollowerInfo.java:lambda$new$0(51)) - 7e7e06ff-ff15-4a73-bf67-b60124f5dbc2@group-F10CA6FB56ED->dc34f224-6fe7-4a16-b3d0-41df1e51aada: nextIndex: updateUnconditionally 14 -> 13
2019-09-10 18:33:29,467 [java.util.concurrent.ThreadPoolExecutor$Worker@781538ae[State = -1, empty queue]] WARN  server.GrpcLogAppender (GrpcLogAppender.java:timeoutAppendRequest(200)) - 59afee6f-3342-47f6-8cd2-a67165187773@group-C790A911BCD5->fc430ad7-c10f-4afd-84a3-4263b60fc3a5-GrpcLogAppender: appendEntries Timeout, request=59afee6f-3342-47f6-8cd2-a67165187773->fc430ad7-c10f-4afd-84a3-4263b60fc3a5#75-t3, previous=(t:3, i:20), leaderCommit=16, initializing? false, entries: <empty>
2019-09-10 18:33:29,467 [java.util.concurrent.ThreadPoolExecutor$Worker@2130bf45[State = -1, empty queue]] WARN  server.GrpcLogAppender (GrpcLogAppender.java:timeoutAppendRequest(200)) - 59afee6f-3342-47f6-8cd2-a67165187773@group-C790A911BCD5->f9c92805-78f9-4aa2-ad11-0f5c06c060e3-GrpcLogAppender: appendEntries Timeout, request=59afee6f-3342-47f6-8cd2-a67165187773->f9c92805-78f9-4aa2-ad11-0f5c06c060e3#75-t3, previous=(t:3, i:20), leaderCommit=16, initializing? false, entries: <empty>
2019-09-10 18:33:29,837 [fc430ad7-c10f-4afd-84a3-4263b60fc3a5@group-C790A911BCD5-SegmentedRaftLogWorker] WARN  segmented.SegmentedRaftLogWorker (SegmentedRaftLogWorker.java:getFromFuture(90)) - Timeout 2/~
org.apache.ratis.protocol.TimeoutIOException: Timeout 10s: WriteLog:17: (t:3, i:17), STATEMACHINELOGENTRY, client-B2117E40EB7F, cid=38-writeStateMachineData
	at org.apache.ratis.util.IOUtils.getFromFuture(IOUtils.java:87)
	at org.apache.ratis.server.raftlog.segmented.SegmentedRaftLogWorker$StateMachineDataPolicy.getFromFuture(SegmentedRaftLogWorker.java:87)
	at org.apache.ratis.server.raftlog.segmented.SegmentedRaftLogWorker$WriteLog.execute(SegmentedRaftLogWorker.java:477)
	at org.apache.ratis.server.raftlog.segmented.SegmentedRaftLogWorker.run(SegmentedRaftLogWorker.java:289)
	at java.lang.Thread.run(Thread.java:748)
Caused by: java.util.concurrent.TimeoutException
	at java.util.concurrent.CompletableFuture.timedGet(CompletableFuture.java:1771)
	at java.util.concurrent.CompletableFuture.get(CompletableFuture.java:1915)
	at org.apache.ratis.util.IOUtils.getFromFuture(IOUtils.java:79)
	... 4 more
2019-09-10 18:33:29,905 [grpc-default-executor-0] WARN  server.GrpcLogAppender (LogUtils.java:warn(134)) - 7e7e06ff-ff15-4a73-bf67-b60124f5dbc2@group-F10CA6FB56ED->dc34f224-6fe7-4a16-b3d0-41df1e51aada-AppendLogResponseHandler: Failed appendEntries: org.apache.ratis.thirdparty.io.grpc.StatusRuntimeException: UNAVAILABLE: io exception
2019-09-10 18:33:29,914 [grpc-default-executor-0] INFO  impl.FollowerInfo (FollowerInfo.java:lambda$new$0(51)) - 7e7e06ff-ff15-4a73-bf67-b60124f5dbc2@group-F10CA6FB56ED->dc34f224-6fe7-4a16-b3d0-41df1e51aada: nextIndex: updateUnconditionally 13 -> 12
2019-09-10 18:33:29,968 [java.util.concurrent.ThreadPoolExecutor$Worker@781538ae[State = -1, empty queue]] WARN  server.GrpcLogAppender (GrpcLogAppender.java:timeoutAppendRequest(200)) - 59afee6f-3342-47f6-8cd2-a67165187773@group-C790A911BCD5->fc430ad7-c10f-4afd-84a3-4263b60fc3a5-GrpcLogAppender: appendEntries Timeout, request=59afee6f-3342-47f6-8cd2-a67165187773->fc430ad7-c10f-4afd-84a3-4263b60fc3a5#76-t3, previous=(t:3, i:20), leaderCommit=16, initializing? false, entries: <empty>
2019-09-10 18:33:29,968 [java.util.concurrent.ThreadPoolExecutor$Worker@2130bf45[State = -1, empty queue]] WARN  server.GrpcLogAppender (GrpcLogAppender.java:timeoutAppendRequest(200)) - 59afee6f-3342-47f6-8cd2-a67165187773@group-C790A911BCD5->f9c92805-78f9-4aa2-ad11-0f5c06c060e3-GrpcLogAppender: appendEntries Timeout, request=59afee6f-3342-47f6-8cd2-a67165187773->f9c92805-78f9-4aa2-ad11-0f5c06c060e3#76-t3, previous=(t:3, i:20), leaderCommit=16, initializing? false, entries: <empty>
2019-09-10 18:33:30,050 [59afee6f-3342-47f6-8cd2-a67165187773@group-C790A911BCD5-SegmentedRaftLogWorker] WARN  segmented.SegmentedRaftLogWorker (SegmentedRaftLogWorker.java:getFromFuture(90)) - Timeout 2/~
org.apache.ratis.protocol.TimeoutIOException: Timeout 10s: WriteLog:19: (t:3, i:19), STATEMACHINELOGENTRY, client-B2117E40EB7F, cid=40-writeStateMachineData
	at org.apache.ratis.util.IOUtils.getFromFuture(IOUtils.java:87)
	at org.apache.ratis.server.raftlog.segmented.SegmentedRaftLogWorker$StateMachineDataPolicy.getFromFuture(SegmentedRaftLogWorker.java:87)
	at org.apache.ratis.server.raftlog.segmented.SegmentedRaftLogWorker$WriteLog.execute(SegmentedRaftLogWorker.java:477)
	at org.apache.ratis.server.raftlog.segmented.SegmentedRaftLogWorker.run(SegmentedRaftLogWorker.java:289)
	at java.lang.Thread.run(Thread.java:748)
Caused by: java.util.concurrent.TimeoutException
	at java.util.concurrent.CompletableFuture.timedGet(CompletableFuture.java:1771)
	at java.util.concurrent.CompletableFuture.get(CompletableFuture.java:1915)
	at org.apache.ratis.util.IOUtils.getFromFuture(IOUtils.java:79)
	... 4 more
2019-09-10 18:33:30,070 [f9c92805-78f9-4aa2-ad11-0f5c06c060e3@group-C790A911BCD5-SegmentedRaftLogWorker] WARN  segmented.SegmentedRaftLogWorker (SegmentedRaftLogWorker.java:getFromFuture(90)) - Timeout 2/~
org.apache.ratis.protocol.TimeoutIOException: Timeout 10s: WriteLog:19: (t:3, i:19), STATEMACHINELOGENTRY, client-B2117E40EB7F, cid=40-writeStateMachineData
	at org.apache.ratis.util.IOUtils.getFromFuture(IOUtils.java:87)
	at org.apache.ratis.server.raftlog.segmented.SegmentedRaftLogWorker$StateMachineDataPolicy.getFromFuture(SegmentedRaftLogWorker.java:87)
	at org.apache.ratis.server.raftlog.segmented.SegmentedRaftLogWorker$WriteLog.execute(SegmentedRaftLogWorker.java:477)
	at org.apache.ratis.server.raftlog.segmented.SegmentedRaftLogWorker.run(SegmentedRaftLogWorker.java:289)
	at java.lang.Thread.run(Thread.java:748)
Caused by: java.util.concurrent.TimeoutException
	at java.util.concurrent.CompletableFuture.timedGet(CompletableFuture.java:1771)
	at java.util.concurrent.CompletableFuture.get(CompletableFuture.java:1915)
	at org.apache.ratis.util.IOUtils.getFromFuture(IOUtils.java:79)
	... 4 more
2019-09-10 18:33:30,406 [grpc-default-executor-0] WARN  server.GrpcLogAppender (LogUtils.java:warn(134)) - 7e7e06ff-ff15-4a73-bf67-b60124f5dbc2@group-F10CA6FB56ED->dc34f224-6fe7-4a16-b3d0-41df1e51aada-AppendLogResponseHandler: Failed appendEntries: org.apache.ratis.thirdparty.io.grpc.StatusRuntimeException: UNAVAILABLE: io exception
2019-09-10 18:33:30,411 [grpc-default-executor-0] INFO  impl.FollowerInfo (FollowerInfo.java:lambda$new$0(51)) - 7e7e06ff-ff15-4a73-bf67-b60124f5dbc2@group-F10CA6FB56ED->dc34f224-6fe7-4a16-b3d0-41df1e51aada: nextIndex: updateUnconditionally 12 -> 11
2019-09-10 18:33:30,468 [java.util.concurrent.ThreadPoolExecutor$Worker@781538ae[State = -1, empty queue]] WARN  server.GrpcLogAppender (GrpcLogAppender.java:timeoutAppendRequest(200)) - 59afee6f-3342-47f6-8cd2-a67165187773@group-C790A911BCD5->fc430ad7-c10f-4afd-84a3-4263b60fc3a5-GrpcLogAppender: appendEntries Timeout, request=59afee6f-3342-47f6-8cd2-a67165187773->fc430ad7-c10f-4afd-84a3-4263b60fc3a5#77-t3, previous=(t:3, i:20), leaderCommit=16, initializing? false, entries: <empty>
2019-09-10 18:33:30,468 [java.util.concurrent.ThreadPoolExecutor$Worker@2130bf45[State = -1, empty queue]] WARN  server.GrpcLogAppender (GrpcLogAppender.java:timeoutAppendRequest(200)) - 59afee6f-3342-47f6-8cd2-a67165187773@group-C790A911BCD5->f9c92805-78f9-4aa2-ad11-0f5c06c060e3-GrpcLogAppender: appendEntries Timeout, request=59afee6f-3342-47f6-8cd2-a67165187773->f9c92805-78f9-4aa2-ad11-0f5c06c060e3#77-t3, previous=(t:3, i:20), leaderCommit=16, initializing? false, entries: <empty>
2019-09-10 18:33:30,911 [grpc-default-executor-3] WARN  server.GrpcLogAppender (LogUtils.java:warn(134)) - 7e7e06ff-ff15-4a73-bf67-b60124f5dbc2@group-F10CA6FB56ED->dc34f224-6fe7-4a16-b3d0-41df1e51aada-AppendLogResponseHandler: Failed appendEntries: org.apache.ratis.thirdparty.io.grpc.StatusRuntimeException: UNAVAILABLE: io exception
2019-09-10 18:33:30,915 [grpc-default-executor-3] INFO  impl.FollowerInfo (FollowerInfo.java:lambda$new$0(51)) - 7e7e06ff-ff15-4a73-bf67-b60124f5dbc2@group-F10CA6FB56ED->dc34f224-6fe7-4a16-b3d0-41df1e51aada: nextIndex: updateUnconditionally 11 -> 10
2019-09-10 18:33:30,968 [java.util.concurrent.ThreadPoolExecutor$Worker@781538ae[State = -1, empty queue]] WARN  server.GrpcLogAppender (GrpcLogAppender.java:timeoutAppendRequest(200)) - 59afee6f-3342-47f6-8cd2-a67165187773@group-C790A911BCD5->fc430ad7-c10f-4afd-84a3-4263b60fc3a5-GrpcLogAppender: appendEntries Timeout, request=59afee6f-3342-47f6-8cd2-a67165187773->fc430ad7-c10f-4afd-84a3-4263b60fc3a5#78-t3, previous=(t:3, i:20), leaderCommit=16, initializing? false, entries: <empty>
2019-09-10 18:33:30,968 [java.util.concurrent.ThreadPoolExecutor$Worker@2130bf45[State = -1, empty queue]] WARN  server.GrpcLogAppender (GrpcLogAppender.java:timeoutAppendRequest(200)) - 59afee6f-3342-47f6-8cd2-a67165187773@group-C790A911BCD5->f9c92805-78f9-4aa2-ad11-0f5c06c060e3-GrpcLogAppender: appendEntries Timeout, request=59afee6f-3342-47f6-8cd2-a67165187773->f9c92805-78f9-4aa2-ad11-0f5c06c060e3#78-t3, previous=(t:3, i:20), leaderCommit=16, initializing? false, entries: <empty>
2019-09-10 18:33:31,410 [grpc-default-executor-1] WARN  server.GrpcLogAppender (LogUtils.java:warn(134)) - 7e7e06ff-ff15-4a73-bf67-b60124f5dbc2@group-F10CA6FB56ED->dc34f224-6fe7-4a16-b3d0-41df1e51aada-AppendLogResponseHandler: Failed appendEntries: org.apache.ratis.thirdparty.io.grpc.StatusRuntimeException: UNAVAILABLE: io exception
2019-09-10 18:33:31,416 [grpc-default-executor-1] INFO  impl.FollowerInfo (FollowerInfo.java:lambda$new$0(51)) - 7e7e06ff-ff15-4a73-bf67-b60124f5dbc2@group-F10CA6FB56ED->dc34f224-6fe7-4a16-b3d0-41df1e51aada: nextIndex: updateUnconditionally 10 -> 9
2019-09-10 18:33:31,469 [java.util.concurrent.ThreadPoolExecutor$Worker@781538ae[State = -1, empty queue]] WARN  server.GrpcLogAppender (GrpcLogAppender.java:timeoutAppendRequest(200)) - 59afee6f-3342-47f6-8cd2-a67165187773@group-C790A911BCD5->fc430ad7-c10f-4afd-84a3-4263b60fc3a5-GrpcLogAppender: appendEntries Timeout, request=59afee6f-3342-47f6-8cd2-a67165187773->fc430ad7-c10f-4afd-84a3-4263b60fc3a5#79-t3, previous=(t:3, i:20), leaderCommit=16, initializing? false, entries: <empty>
2019-09-10 18:33:31,469 [java.util.concurrent.ThreadPoolExecutor$Worker@2130bf45[State = -1, empty queue]] WARN  server.GrpcLogAppender (GrpcLogAppender.java:timeoutAppendRequest(200)) - 59afee6f-3342-47f6-8cd2-a67165187773@group-C790A911BCD5->f9c92805-78f9-4aa2-ad11-0f5c06c060e3-GrpcLogAppender: appendEntries Timeout, request=59afee6f-3342-47f6-8cd2-a67165187773->f9c92805-78f9-4aa2-ad11-0f5c06c060e3#79-t3, previous=(t:3, i:20), leaderCommit=16, initializing? false, entries: <empty>
2019-09-10 18:33:31,940 [grpc-default-executor-0] WARN  server.GrpcLogAppender (LogUtils.java:warn(134)) - 7e7e06ff-ff15-4a73-bf67-b60124f5dbc2@group-F10CA6FB56ED->dc34f224-6fe7-4a16-b3d0-41df1e51aada-AppendLogResponseHandler: Failed appendEntries: org.apache.ratis.thirdparty.io.grpc.StatusRuntimeException: UNAVAILABLE: io exception
2019-09-10 18:33:31,943 [grpc-default-executor-0] INFO  impl.FollowerInfo (FollowerInfo.java:lambda$new$0(51)) - 7e7e06ff-ff15-4a73-bf67-b60124f5dbc2@group-F10CA6FB56ED->dc34f224-6fe7-4a16-b3d0-41df1e51aada: nextIndex: updateUnconditionally 9 -> 8
2019-09-10 18:33:31,971 [java.util.concurrent.ThreadPoolExecutor$Worker@781538ae[State = -1, empty queue]] WARN  server.GrpcLogAppender (GrpcLogAppender.java:timeoutAppendRequest(200)) - 59afee6f-3342-47f6-8cd2-a67165187773@group-C790A911BCD5->fc430ad7-c10f-4afd-84a3-4263b60fc3a5-GrpcLogAppender: appendEntries Timeout, request=59afee6f-3342-47f6-8cd2-a67165187773->fc430ad7-c10f-4afd-84a3-4263b60fc3a5#80-t3, previous=(t:3, i:20), leaderCommit=16, initializing? false, entries: <empty>
2019-09-10 18:33:31,971 [java.util.concurrent.ThreadPoolExecutor$Worker@2130bf45[State = -1, empty queue]] WARN  server.GrpcLogAppender (GrpcLogAppender.java:timeoutAppendRequest(200)) - 59afee6f-3342-47f6-8cd2-a67165187773@group-C790A911BCD5->f9c92805-78f9-4aa2-ad11-0f5c06c060e3-GrpcLogAppender: appendEntries Timeout, request=59afee6f-3342-47f6-8cd2-a67165187773->f9c92805-78f9-4aa2-ad11-0f5c06c060e3#80-t3, previous=(t:3, i:20), leaderCommit=16, initializing? false, entries: <empty>
2019-09-10 18:33:32,412 [grpc-default-executor-3] WARN  server.GrpcLogAppender (LogUtils.java:warn(134)) - 7e7e06ff-ff15-4a73-bf67-b60124f5dbc2@group-F10CA6FB56ED->dc34f224-6fe7-4a16-b3d0-41df1e51aada-AppendLogResponseHandler: Failed appendEntries: org.apache.ratis.thirdparty.io.grpc.StatusRuntimeException: UNAVAILABLE: io exception
2019-09-10 18:33:32,416 [grpc-default-executor-3] INFO  impl.FollowerInfo (FollowerInfo.java:lambda$new$0(51)) - 7e7e06ff-ff15-4a73-bf67-b60124f5dbc2@group-F10CA6FB56ED->dc34f224-6fe7-4a16-b3d0-41df1e51aada: nextIndex: updateUnconditionally 8 -> 7
2019-09-10 18:33:32,472 [java.util.concurrent.ThreadPoolExecutor$Worker@2130bf45[State = -1, empty queue]] WARN  server.GrpcLogAppender (GrpcLogAppender.java:timeoutAppendRequest(200)) - 59afee6f-3342-47f6-8cd2-a67165187773@group-C790A911BCD5->f9c92805-78f9-4aa2-ad11-0f5c06c060e3-GrpcLogAppender: appendEntries Timeout, request=59afee6f-3342-47f6-8cd2-a67165187773->f9c92805-78f9-4aa2-ad11-0f5c06c060e3#81-t3, previous=(t:3, i:20), leaderCommit=16, initializing? false, entries: <empty>
2019-09-10 18:33:32,472 [java.util.concurrent.ThreadPoolExecutor$Worker@781538ae[State = -1, empty queue]] WARN  server.GrpcLogAppender (GrpcLogAppender.java:timeoutAppendRequest(200)) - 59afee6f-3342-47f6-8cd2-a67165187773@group-C790A911BCD5->fc430ad7-c10f-4afd-84a3-4263b60fc3a5-GrpcLogAppender: appendEntries Timeout, request=59afee6f-3342-47f6-8cd2-a67165187773->fc430ad7-c10f-4afd-84a3-4263b60fc3a5#81-t3, previous=(t:3, i:20), leaderCommit=16, initializing? false, entries: <empty>
2019-09-10 18:33:32,913 [grpc-default-executor-0] WARN  server.GrpcLogAppender (LogUtils.java:warn(134)) - 7e7e06ff-ff15-4a73-bf67-b60124f5dbc2@group-F10CA6FB56ED->dc34f224-6fe7-4a16-b3d0-41df1e51aada-AppendLogResponseHandler: Failed appendEntries: org.apache.ratis.thirdparty.io.grpc.StatusRuntimeException: UNAVAILABLE: io exception
2019-09-10 18:33:32,921 [grpc-default-executor-0] INFO  impl.FollowerInfo (FollowerInfo.java:lambda$new$0(51)) - 7e7e06ff-ff15-4a73-bf67-b60124f5dbc2@group-F10CA6FB56ED->dc34f224-6fe7-4a16-b3d0-41df1e51aada: nextIndex: updateUnconditionally 7 -> 6
2019-09-10 18:33:32,972 [java.util.concurrent.ThreadPoolExecutor$Worker@781538ae[State = -1, empty queue]] WARN  server.GrpcLogAppender (GrpcLogAppender.java:timeoutAppendRequest(200)) - 59afee6f-3342-47f6-8cd2-a67165187773@group-C790A911BCD5->fc430ad7-c10f-4afd-84a3-4263b60fc3a5-GrpcLogAppender: appendEntries Timeout, request=59afee6f-3342-47f6-8cd2-a67165187773->fc430ad7-c10f-4afd-84a3-4263b60fc3a5#82-t3, previous=(t:3, i:20), leaderCommit=16, initializing? false, entries: <empty>
2019-09-10 18:33:32,972 [java.util.concurrent.ThreadPoolExecutor$Worker@2130bf45[State = -1, empty queue]] WARN  server.GrpcLogAppender (GrpcLogAppender.java:timeoutAppendRequest(200)) - 59afee6f-3342-47f6-8cd2-a67165187773@group-C790A911BCD5->f9c92805-78f9-4aa2-ad11-0f5c06c060e3-GrpcLogAppender: appendEntries Timeout, request=59afee6f-3342-47f6-8cd2-a67165187773->f9c92805-78f9-4aa2-ad11-0f5c06c060e3#82-t3, previous=(t:3, i:20), leaderCommit=16, initializing? false, entries: <empty>
2019-09-10 18:33:33,414 [grpc-default-executor-3] WARN  server.GrpcLogAppender (LogUtils.java:warn(134)) - 7e7e06ff-ff15-4a73-bf67-b60124f5dbc2@group-F10CA6FB56ED->dc34f224-6fe7-4a16-b3d0-41df1e51aada-AppendLogResponseHandler: Failed appendEntries: org.apache.ratis.thirdparty.io.grpc.StatusRuntimeException: UNAVAILABLE: io exception
2019-09-10 18:33:33,418 [grpc-default-executor-3] INFO  impl.FollowerInfo (FollowerInfo.java:lambda$new$0(51)) - 7e7e06ff-ff15-4a73-bf67-b60124f5dbc2@group-F10CA6FB56ED->dc34f224-6fe7-4a16-b3d0-41df1e51aada: nextIndex: updateUnconditionally 6 -> 5
2019-09-10 18:33:33,472 [java.util.concurrent.ThreadPoolExecutor$Worker@781538ae[State = -1, empty queue]] WARN  server.GrpcLogAppender (GrpcLogAppender.java:timeoutAppendRequest(200)) - 59afee6f-3342-47f6-8cd2-a67165187773@group-C790A911BCD5->fc430ad7-c10f-4afd-84a3-4263b60fc3a5-GrpcLogAppender: appendEntries Timeout, request=59afee6f-3342-47f6-8cd2-a67165187773->fc430ad7-c10f-4afd-84a3-4263b60fc3a5#83-t3, previous=(t:3, i:20), leaderCommit=16, initializing? false, entries: <empty>
2019-09-10 18:33:33,472 [java.util.concurrent.ThreadPoolExecutor$Worker@2130bf45[State = -1, empty queue]] WARN  server.GrpcLogAppender (GrpcLogAppender.java:timeoutAppendRequest(200)) - 59afee6f-3342-47f6-8cd2-a67165187773@group-C790A911BCD5->f9c92805-78f9-4aa2-ad11-0f5c06c060e3-GrpcLogAppender: appendEntries Timeout, request=59afee6f-3342-47f6-8cd2-a67165187773->f9c92805-78f9-4aa2-ad11-0f5c06c060e3#83-t3, previous=(t:3, i:20), leaderCommit=16, initializing? false, entries: <empty>
2019-09-10 18:33:33,895 [main] WARN  scm.XceiverClientRatis (XceiverClientRatis.java:watchForCommit(262)) - 3 way commit failed on pipeline Pipeline[ Id: 990742a9-49d4-45ad-a51e-f10ca6fb56ed, Nodes: dc34f224-6fe7-4a16-b3d0-41df1e51aada{ip: 192.168.5.139, host: pr-hdds-1786-trunk-k6rzm-1803654198, networkLocation: /default-rack, certSerialId: null}7e7e06ff-ff15-4a73-bf67-b60124f5dbc2{ip: 192.168.5.139, host: pr-hdds-1786-trunk-k6rzm-1803654198, networkLocation: /default-rack, certSerialId: null}a5c56bc8-e609-4560-873f-c4715c8bfbf6{ip: 192.168.5.139, host: pr-hdds-1786-trunk-k6rzm-1803654198, networkLocation: /default-rack, certSerialId: null}, Type:RATIS, Factor:THREE, State:OPEN]
java.util.concurrent.TimeoutException
	at java.util.concurrent.CompletableFuture.timedGet(CompletableFuture.java:1771)
	at java.util.concurrent.CompletableFuture.get(CompletableFuture.java:1915)
	at org.apache.hadoop.hdds.scm.XceiverClientRatis.watchForCommit(XceiverClientRatis.java:259)
	at org.apache.hadoop.hdds.scm.storage.CommitWatcher.watchForCommit(CommitWatcher.java:194)
	at org.apache.hadoop.hdds.scm.storage.CommitWatcher.watchOnLastIndex(CommitWatcher.java:157)
	at org.apache.hadoop.hdds.scm.storage.BlockOutputStream.watchForCommit(BlockOutputStream.java:347)
	at org.apache.hadoop.hdds.scm.storage.BlockOutputStream.handleFlush(BlockOutputStream.java:479)
	at org.apache.hadoop.hdds.scm.storage.BlockOutputStream.close(BlockOutputStream.java:493)
	at org.apache.hadoop.ozone.client.io.BlockOutputStreamEntry.close(BlockOutputStreamEntry.java:143)
	at org.apache.hadoop.ozone.client.io.KeyOutputStream.handleFlushOrClose(KeyOutputStream.java:438)
	at org.apache.hadoop.ozone.client.io.KeyOutputStream.handleWrite(KeyOutputStream.java:235)
	at org.apache.hadoop.ozone.client.io.KeyOutputStream.write(KeyOutputStream.java:193)
	at org.apache.hadoop.ozone.client.io.OzoneOutputStream.write(OzoneOutputStream.java:49)
	at java.io.OutputStream.write(OutputStream.java:75)
	at org.apache.hadoop.ozone.client.rpc.TestMultiBlockWritesWithDnFailures.testMultiBlockWritesWithIntermittentDnFailures(TestMultiBlockWritesWithDnFailures.java:192)
	at sun.reflect.NativeMethodAccessorImpl.invoke0(Native Method)
	at sun.reflect.NativeMethodAccessorImpl.invoke(NativeMethodAccessorImpl.java:62)
	at sun.reflect.DelegatingMethodAccessorImpl.invoke(DelegatingMethodAccessorImpl.java:43)
	at java.lang.reflect.Method.invoke(Method.java:498)
	at org.junit.runners.model.FrameworkMethod$1.runReflectiveCall(FrameworkMethod.java:47)
	at org.junit.internal.runners.model.ReflectiveCallable.run(ReflectiveCallable.java:12)
	at org.junit.runners.model.FrameworkMethod.invokeExplosively(FrameworkMethod.java:44)
	at org.junit.internal.runners.statements.InvokeMethod.evaluate(InvokeMethod.java:17)
	at org.junit.internal.runners.statements.RunAfters.evaluate(RunAfters.java:27)
	at org.junit.runners.ParentRunner.runLeaf(ParentRunner.java:271)
	at org.junit.runners.BlockJUnit4ClassRunner.runChild(BlockJUnit4ClassRunner.java:70)
	at org.junit.runners.BlockJUnit4ClassRunner.runChild(BlockJUnit4ClassRunner.java:50)
	at org.junit.runners.ParentRunner$3.run(ParentRunner.java:238)
	at org.junit.runners.ParentRunner$1.schedule(ParentRunner.java:63)
	at org.junit.runners.ParentRunner.runChildren(ParentRunner.java:236)
	at org.junit.runners.ParentRunner.access$000(ParentRunner.java:53)
	at org.junit.runners.ParentRunner$2.evaluate(ParentRunner.java:229)
	at org.junit.runners.ParentRunner.run(ParentRunner.java:309)
	at org.apache.maven.surefire.junit4.JUnit4Provider.execute(JUnit4Provider.java:365)
	at org.apache.maven.surefire.junit4.JUnit4Provider.executeWithRerun(JUnit4Provider.java:273)
	at org.apache.maven.surefire.junit4.JUnit4Provider.executeTestSet(JUnit4Provider.java:238)
	at org.apache.maven.surefire.junit4.JUnit4Provider.invoke(JUnit4Provider.java:159)
	at org.apache.maven.surefire.booter.ForkedBooter.invokeProviderInSameClassLoader(ForkedBooter.java:384)
	at org.apache.maven.surefire.booter.ForkedBooter.runSuitesInProcess(ForkedBooter.java:345)
	at org.apache.maven.surefire.booter.ForkedBooter.execute(ForkedBooter.java:126)
	at org.apache.maven.surefire.booter.ForkedBooter.main(ForkedBooter.java:418)
2019-09-10 18:33:33,898 [grpc-default-executor-1] INFO  client.GrpcClientProtocolClient (GrpcClientProtocolClient.java:onNext(264)) - client-0789F71498A2->7e7e06ff-ff15-4a73-bf67-b60124f5dbc2: receive RaftClientReply:client-0789F71498A2->7e7e06ff-ff15-4a73-bf67-b60124f5dbc2@group-F10CA6FB56ED, cid=53, SUCCESS, logIndex=0, commits[7e7e06ff-ff15-4a73-bf67-b60124f5dbc2:c32, a5c56bc8-e609-4560-873f-c4715c8bfbf6:c32, dc34f224-6fe7-4a16-b3d0-41df1e51aada:c24]
2019-09-10 18:33:33,899 [main] INFO  scm.XceiverClientRatis (XceiverClientRatis.java:lambda$watchForCommit$7(280)) - Could not commit index 28 on pipeline Pipeline[ Id: 990742a9-49d4-45ad-a51e-f10ca6fb56ed, Nodes: dc34f224-6fe7-4a16-b3d0-41df1e51aada{ip: 192.168.5.139, host: pr-hdds-1786-trunk-k6rzm-1803654198, networkLocation: /default-rack, certSerialId: null}7e7e06ff-ff15-4a73-bf67-b60124f5dbc2{ip: 192.168.5.139, host: pr-hdds-1786-trunk-k6rzm-1803654198, networkLocation: /default-rack, certSerialId: null}a5c56bc8-e609-4560-873f-c4715c8bfbf6{ip: 192.168.5.139, host: pr-hdds-1786-trunk-k6rzm-1803654198, networkLocation: /default-rack, certSerialId: null}, Type:RATIS, Factor:THREE, State:OPEN] to all the nodes. Server dc34f224-6fe7-4a16-b3d0-41df1e51aada has failed. Committed by majority.
2019-09-10 18:33:33,905 [main] WARN  storage.BlockOutputStream (BlockOutputStream.java:watchForCommit(353)) - Failed to commit BlockId conID: 5 locID: 102769647592275972 bcsId: 28 on Pipeline[ Id: 990742a9-49d4-45ad-a51e-f10ca6fb56ed, Nodes: dc34f224-6fe7-4a16-b3d0-41df1e51aada{ip: 192.168.5.139, host: pr-hdds-1786-trunk-k6rzm-1803654198, networkLocation: /default-rack, certSerialId: null}7e7e06ff-ff15-4a73-bf67-b60124f5dbc2{ip: 192.168.5.139, host: pr-hdds-1786-trunk-k6rzm-1803654198, networkLocation: /default-rack, certSerialId: null}a5c56bc8-e609-4560-873f-c4715c8bfbf6{ip: 192.168.5.139, host: pr-hdds-1786-trunk-k6rzm-1803654198, networkLocation: /default-rack, certSerialId: null}, Type:RATIS, Factor:THREE, State:OPEN]. Failed nodes: [dc34f224-6fe7-4a16-b3d0-41df1e51aada{ip: null, host: null, networkLocation: /default-rack, certSerialId: null}]
2019-09-10 18:33:33,915 [grpc-default-executor-0] WARN  server.GrpcLogAppender (LogUtils.java:warn(134)) - 7e7e06ff-ff15-4a73-bf67-b60124f5dbc2@group-F10CA6FB56ED->dc34f224-6fe7-4a16-b3d0-41df1e51aada-AppendLogResponseHandler: Failed appendEntries: org.apache.ratis.thirdparty.io.grpc.StatusRuntimeException: UNAVAILABLE: io exception
2019-09-10 18:33:33,933 [grpc-default-executor-0] INFO  impl.FollowerInfo (FollowerInfo.java:lambda$new$0(51)) - 7e7e06ff-ff15-4a73-bf67-b60124f5dbc2@group-F10CA6FB56ED->dc34f224-6fe7-4a16-b3d0-41df1e51aada: nextIndex: updateUnconditionally 5 -> 4
2019-09-10 18:33:33,946 [grpc-default-executor-3] INFO  client.GrpcClientProtocolClient (GrpcClientProtocolClient.java:onNext(264)) - client-35727EB443AA->114338b4-3ae2-46b3-98b7-a583d2a0bf23: receive RaftClientReply:client-35727EB443AA->114338b4-3ae2-46b3-98b7-a583d2a0bf23@group-248F13D822B7, cid=54, FAILED org.apache.ratis.protocol.NotLeaderException: Server 114338b4-3ae2-46b3-98b7-a583d2a0bf23@group-248F13D822B7 is not the leader 43b8dda0-1fac-498c-94e0-436a32ed8ccd:192.168.5.139:45091, logIndex=0, commits[114338b4-3ae2-46b3-98b7-a583d2a0bf23:c0, 43b8dda0-1fac-498c-94e0-436a32ed8ccd:c0, 166d57fa-ec73-4a99-b6df-0ab3ad0d7909:c0]
2019-09-10 18:33:33,973 [java.util.concurrent.ThreadPoolExecutor$Worker@2130bf45[State = -1, empty queue]] WARN  server.GrpcLogAppender (GrpcLogAppender.java:timeoutAppendRequest(200)) - 59afee6f-3342-47f6-8cd2-a67165187773@group-C790A911BCD5->f9c92805-78f9-4aa2-ad11-0f5c06c060e3-GrpcLogAppender: appendEntries Timeout, request=59afee6f-3342-47f6-8cd2-a67165187773->f9c92805-78f9-4aa2-ad11-0f5c06c060e3#84-t3, previous=(t:3, i:20), leaderCommit=16, initializing? false, entries: <empty>
2019-09-10 18:33:33,973 [java.util.concurrent.ThreadPoolExecutor$Worker@781538ae[State = -1, empty queue]] WARN  server.GrpcLogAppender (GrpcLogAppender.java:timeoutAppendRequest(200)) - 59afee6f-3342-47f6-8cd2-a67165187773@group-C790A911BCD5->fc430ad7-c10f-4afd-84a3-4263b60fc3a5-GrpcLogAppender: appendEntries Timeout, request=59afee6f-3342-47f6-8cd2-a67165187773->fc430ad7-c10f-4afd-84a3-4263b60fc3a5#84-t3, previous=(t:3, i:20), leaderCommit=16, initializing? false, entries: <empty>
2019-09-10 18:33:34,182 [grpc-default-executor-0] INFO  client.GrpcClientProtocolClient (GrpcClientProtocolClient.java:onNext(264)) - client-35727EB443AA->43b8dda0-1fac-498c-94e0-436a32ed8ccd: receive RaftClientReply:client-35727EB443AA->43b8dda0-1fac-498c-94e0-436a32ed8ccd@group-248F13D822B7, cid=54, SUCCESS, logIndex=1, commits[43b8dda0-1fac-498c-94e0-436a32ed8ccd:c1, 166d57fa-ec73-4a99-b6df-0ab3ad0d7909:c0, 114338b4-3ae2-46b3-98b7-a583d2a0bf23:c0]
2019-09-10 18:33:34,267 [grpc-default-executor-0] INFO  client.GrpcClientProtocolClient (GrpcClientProtocolClient.java:onNext(264)) - client-35727EB443AA->43b8dda0-1fac-498c-94e0-436a32ed8ccd: receive RaftClientReply:client-35727EB443AA->43b8dda0-1fac-498c-94e0-436a32ed8ccd@group-248F13D822B7, cid=55, SUCCESS, logIndex=3, commits[43b8dda0-1fac-498c-94e0-436a32ed8ccd:c8, 166d57fa-ec73-4a99-b6df-0ab3ad0d7909:c5, 114338b4-3ae2-46b3-98b7-a583d2a0bf23:c5]
2019-09-10 18:33:34,273 [grpc-default-executor-0] INFO  client.GrpcClientProtocolClient (GrpcClientProtocolClient.java:onNext(264)) - client-35727EB443AA->43b8dda0-1fac-498c-94e0-436a32ed8ccd: receive RaftClientReply:client-35727EB443AA->43b8dda0-1fac-498c-94e0-436a32ed8ccd@group-248F13D822B7, cid=56, SUCCESS, logIndex=4, commits[43b8dda0-1fac-498c-94e0-436a32ed8ccd:c8, 166d57fa-ec73-4a99-b6df-0ab3ad0d7909:c5, 114338b4-3ae2-46b3-98b7-a583d2a0bf23:c5]
2019-09-10 18:33:34,416 [grpc-default-executor-1] WARN  server.GrpcLogAppender (LogUtils.java:warn(134)) - 7e7e06ff-ff15-4a73-bf67-b60124f5dbc2@group-F10CA6FB56ED->dc34f224-6fe7-4a16-b3d0-41df1e51aada-AppendLogResponseHandler: Failed appendEntries: org.apache.ratis.thirdparty.io.grpc.StatusRuntimeException: UNAVAILABLE: io exception
2019-09-10 18:33:34,416 [grpc-default-executor-1] INFO  impl.FollowerInfo (FollowerInfo.java:lambda$new$0(51)) - 7e7e06ff-ff15-4a73-bf67-b60124f5dbc2@group-F10CA6FB56ED->dc34f224-6fe7-4a16-b3d0-41df1e51aada: nextIndex: updateUnconditionally 4 -> 3
2019-09-10 18:33:34,453 [grpc-default-executor-1] INFO  client.GrpcClientProtocolClient (GrpcClientProtocolClient.java:onNext(264)) - client-35727EB443AA->43b8dda0-1fac-498c-94e0-436a32ed8ccd: receive RaftClientReply:client-35727EB443AA->43b8dda0-1fac-498c-94e0-436a32ed8ccd@group-248F13D822B7, cid=57, SUCCESS, logIndex=5, commits[43b8dda0-1fac-498c-94e0-436a32ed8ccd:c8, 166d57fa-ec73-4a99-b6df-0ab3ad0d7909:c5, 114338b4-3ae2-46b3-98b7-a583d2a0bf23:c5]
2019-09-10 18:33:34,473 [java.util.concurrent.ThreadPoolExecutor$Worker@781538ae[State = -1, empty queue]] WARN  server.GrpcLogAppender (GrpcLogAppender.java:timeoutAppendRequest(200)) - 59afee6f-3342-47f6-8cd2-a67165187773@group-C790A911BCD5->fc430ad7-c10f-4afd-84a3-4263b60fc3a5-GrpcLogAppender: appendEntries Timeout, request=59afee6f-3342-47f6-8cd2-a67165187773->fc430ad7-c10f-4afd-84a3-4263b60fc3a5#85-t3, previous=(t:3, i:20), leaderCommit=16, initializing? false, entries: <empty>
2019-09-10 18:33:34,473 [java.util.concurrent.ThreadPoolExecutor$Worker@2130bf45[State = -1, empty queue]] WARN  server.GrpcLogAppender (GrpcLogAppender.java:timeoutAppendRequest(200)) - 59afee6f-3342-47f6-8cd2-a67165187773@group-C790A911BCD5->f9c92805-78f9-4aa2-ad11-0f5c06c060e3-GrpcLogAppender: appendEntries Timeout, request=59afee6f-3342-47f6-8cd2-a67165187773->f9c92805-78f9-4aa2-ad11-0f5c06c060e3#85-t3, previous=(t:3, i:20), leaderCommit=16, initializing? false, entries: <empty>
2019-09-10 18:33:34,487 [grpc-default-executor-1] INFO  client.GrpcClientProtocolClient (GrpcClientProtocolClient.java:onNext(264)) - client-35727EB443AA->43b8dda0-1fac-498c-94e0-436a32ed8ccd: receive RaftClientReply:client-35727EB443AA->43b8dda0-1fac-498c-94e0-436a32ed8ccd@group-248F13D822B7, cid=58, SUCCESS, logIndex=9, commits[43b8dda0-1fac-498c-94e0-436a32ed8ccd:c10, 166d57fa-ec73-4a99-b6df-0ab3ad0d7909:c5, 114338b4-3ae2-46b3-98b7-a583d2a0bf23:c8]
2019-09-10 18:33:34,488 [grpc-default-executor-1] INFO  client.GrpcClientProtocolClient (GrpcClientProtocolClient.java:onNext(264)) - client-35727EB443AA->43b8dda0-1fac-498c-94e0-436a32ed8ccd: receive RaftClientReply:client-35727EB443AA->43b8dda0-1fac-498c-94e0-436a32ed8ccd@group-248F13D822B7, cid=59, SUCCESS, logIndex=10, commits[43b8dda0-1fac-498c-94e0-436a32ed8ccd:c10, 166d57fa-ec73-4a99-b6df-0ab3ad0d7909:c5, 114338b4-3ae2-46b3-98b7-a583d2a0bf23:c8]
2019-09-10 18:33:34,857 [Thread-1076] INFO  client.GrpcClientProtocolService (GrpcClientProtocolService.java:lambda$processClientRequest$0(278)) - Failed RaftClientRequest:client-0789F71498A2->7e7e06ff-ff15-4a73-bf67-b60124f5dbc2@group-F10CA6FB56ED, cid=50, seq=0, Watch-ALL_COMMITTED(26), Message:<EMPTY>, reply=RaftClientReply:client-0789F71498A2->7e7e06ff-ff15-4a73-bf67-b60124f5dbc2@group-F10CA6FB56ED, cid=50, FAILED org.apache.ratis.protocol.NotReplicatedException: Request with call Id 50 and log index 26 is not yet replicated to ALL_COMMITTED, logIndex=26, commits[7e7e06ff-ff15-4a73-bf67-b60124f5dbc2:c32, a5c56bc8-e609-4560-873f-c4715c8bfbf6:c32, dc34f224-6fe7-4a16-b3d0-41df1e51aada:c24]
2019-09-10 18:33:34,865 [grpc-default-executor-1] INFO  client.GrpcClientProtocolClient (GrpcClientProtocolClient.java:onNext(264)) - client-0789F71498A2->7e7e06ff-ff15-4a73-bf67-b60124f5dbc2: receive RaftClientReply:client-0789F71498A2->7e7e06ff-ff15-4a73-bf67-b60124f5dbc2@group-F10CA6FB56ED, cid=50, FAILED org.apache.ratis.protocol.NotReplicatedException: Request with call Id 50 and log index 26 is not yet replicated to ALL_COMMITTED, logIndex=26, commits[7e7e06ff-ff15-4a73-bf67-b60124f5dbc2:c32, a5c56bc8-e609-4560-873f-c4715c8bfbf6:c32, dc34f224-6fe7-4a16-b3d0-41df1e51aada:c24]
2019-09-10 18:33:34,917 [grpc-default-executor-3] WARN  server.GrpcLogAppender (LogUtils.java:warn(134)) - 7e7e06ff-ff15-4a73-bf67-b60124f5dbc2@group-F10CA6FB56ED->dc34f224-6fe7-4a16-b3d0-41df1e51aada-AppendLogResponseHandler: Failed appendEntries: org.apache.ratis.thirdparty.io.grpc.StatusRuntimeException: UNAVAILABLE: io exception
2019-09-10 18:33:34,921 [grpc-default-executor-3] INFO  impl.FollowerInfo (FollowerInfo.java:lambda$new$0(51)) - 7e7e06ff-ff15-4a73-bf67-b60124f5dbc2@group-F10CA6FB56ED->dc34f224-6fe7-4a16-b3d0-41df1e51aada: nextIndex: updateUnconditionally 3 -> 2
2019-09-10 18:33:34,973 [java.util.concurrent.ThreadPoolExecutor$Worker@781538ae[State = -1, empty queue]] WARN  server.GrpcLogAppender (GrpcLogAppender.java:timeoutAppendRequest(200)) - 59afee6f-3342-47f6-8cd2-a67165187773@group-C790A911BCD5->fc430ad7-c10f-4afd-84a3-4263b60fc3a5-GrpcLogAppender: appendEntries Timeout, request=59afee6f-3342-47f6-8cd2-a67165187773->fc430ad7-c10f-4afd-84a3-4263b60fc3a5#86-t3, previous=(t:3, i:20), leaderCommit=16, initializing? false, entries: <empty>
2019-09-10 18:33:34,973 [java.util.concurrent.ThreadPoolExecutor$Worker@2130bf45[State = -1, empty queue]] WARN  server.GrpcLogAppender (GrpcLogAppender.java:timeoutAppendRequest(200)) - 59afee6f-3342-47f6-8cd2-a67165187773@group-C790A911BCD5->f9c92805-78f9-4aa2-ad11-0f5c06c060e3-GrpcLogAppender: appendEntries Timeout, request=59afee6f-3342-47f6-8cd2-a67165187773->f9c92805-78f9-4aa2-ad11-0f5c06c060e3#86-t3, previous=(t:3, i:20), leaderCommit=16, initializing? false, entries: <empty>
2019-09-10 18:33:35,257 [Datanode State Machine Thread - 0] INFO  statemachine.DatanodeStateMachine (DatanodeStateMachine.java:lambda$startDaemon$0(350)) - Ozone container server started.
2019-09-10 18:33:35,417 [grpc-default-executor-0] WARN  server.GrpcLogAppender (LogUtils.java:warn(134)) - 7e7e06ff-ff15-4a73-bf67-b60124f5dbc2@group-F10CA6FB56ED->dc34f224-6fe7-4a16-b3d0-41df1e51aada-AppendLogResponseHandler: Failed appendEntries: org.apache.ratis.thirdparty.io.grpc.StatusRuntimeException: UNAVAILABLE: io exception
2019-09-10 18:33:35,418 [grpc-default-executor-0] INFO  impl.FollowerInfo (FollowerInfo.java:lambda$new$0(51)) - 7e7e06ff-ff15-4a73-bf67-b60124f5dbc2@group-F10CA6FB56ED->dc34f224-6fe7-4a16-b3d0-41df1e51aada: nextIndex: updateUnconditionally 2 -> 1
2019-09-10 18:33:35,474 [java.util.concurrent.ThreadPoolExecutor$Worker@2130bf45[State = -1, empty queue]] WARN  server.GrpcLogAppender (GrpcLogAppender.java:timeoutAppendRequest(200)) - 59afee6f-3342-47f6-8cd2-a67165187773@group-C790A911BCD5->f9c92805-78f9-4aa2-ad11-0f5c06c060e3-GrpcLogAppender: appendEntries Timeout, request=59afee6f-3342-47f6-8cd2-a67165187773->f9c92805-78f9-4aa2-ad11-0f5c06c060e3#87-t3, previous=(t:3, i:20), leaderCommit=16, initializing? false, entries: <empty>
2019-09-10 18:33:35,474 [java.util.concurrent.ThreadPoolExecutor$Worker@781538ae[State = -1, empty queue]] WARN  server.GrpcLogAppender (GrpcLogAppender.java:timeoutAppendRequest(200)) - 59afee6f-3342-47f6-8cd2-a67165187773@group-C790A911BCD5->fc430ad7-c10f-4afd-84a3-4263b60fc3a5-GrpcLogAppender: appendEntries Timeout, request=59afee6f-3342-47f6-8cd2-a67165187773->fc430ad7-c10f-4afd-84a3-4263b60fc3a5#87-t3, previous=(t:3, i:20), leaderCommit=16, initializing? false, entries: <empty>
2019-09-10 18:33:35,919 [grpc-default-executor-1] WARN  server.GrpcLogAppender (LogUtils.java:warn(134)) - 7e7e06ff-ff15-4a73-bf67-b60124f5dbc2@group-F10CA6FB56ED->dc34f224-6fe7-4a16-b3d0-41df1e51aada-AppendLogResponseHandler: Failed appendEntries: org.apache.ratis.thirdparty.io.grpc.StatusRuntimeException: UNAVAILABLE: io exception
2019-09-10 18:33:35,920 [grpc-default-executor-1] INFO  impl.FollowerInfo (FollowerInfo.java:lambda$new$0(51)) - 7e7e06ff-ff15-4a73-bf67-b60124f5dbc2@group-F10CA6FB56ED->dc34f224-6fe7-4a16-b3d0-41df1e51aada: nextIndex: updateUnconditionally 1 -> 0
2019-09-10 18:33:35,974 [java.util.concurrent.ThreadPoolExecutor$Worker@2130bf45[State = -1, empty queue]] WARN  server.GrpcLogAppender (GrpcLogAppender.java:timeoutAppendRequest(200)) - 59afee6f-3342-47f6-8cd2-a67165187773@group-C790A911BCD5->f9c92805-78f9-4aa2-ad11-0f5c06c060e3-GrpcLogAppender: appendEntries Timeout, request=59afee6f-3342-47f6-8cd2-a67165187773->f9c92805-78f9-4aa2-ad11-0f5c06c060e3#88-t3, previous=(t:3, i:20), leaderCommit=16, initializing? false, entries: <empty>
2019-09-10 18:33:35,974 [java.util.concurrent.ThreadPoolExecutor$Worker@781538ae[State = -1, empty queue]] WARN  server.GrpcLogAppender (GrpcLogAppender.java:timeoutAppendRequest(200)) - 59afee6f-3342-47f6-8cd2-a67165187773@group-C790A911BCD5->fc430ad7-c10f-4afd-84a3-4263b60fc3a5-GrpcLogAppender: appendEntries Timeout, request=59afee6f-3342-47f6-8cd2-a67165187773->fc430ad7-c10f-4afd-84a3-4263b60fc3a5#88-t3, previous=(t:3, i:20), leaderCommit=16, initializing? false, entries: <empty>
2019-09-10 18:33:36,420 [grpc-default-executor-0] WARN  server.GrpcLogAppender (LogUtils.java:warn(134)) - 7e7e06ff-ff15-4a73-bf67-b60124f5dbc2@group-F10CA6FB56ED->dc34f224-6fe7-4a16-b3d0-41df1e51aada-AppendLogResponseHandler: Failed appendEntries: org.apache.ratis.thirdparty.io.grpc.StatusRuntimeException: UNAVAILABLE: io exception
2019-09-10 18:33:36,420 [grpc-default-executor-0] INFO  impl.FollowerInfo (FollowerInfo.java:lambda$new$0(51)) - 7e7e06ff-ff15-4a73-bf67-b60124f5dbc2@group-F10CA6FB56ED->dc34f224-6fe7-4a16-b3d0-41df1e51aada: nextIndex: updateUnconditionally 0 -> 0
2019-09-10 18:33:36,474 [java.util.concurrent.ThreadPoolExecutor$Worker@2130bf45[State = -1, empty queue]] WARN  server.GrpcLogAppender (GrpcLogAppender.java:timeoutAppendRequest(200)) - 59afee6f-3342-47f6-8cd2-a67165187773@group-C790A911BCD5->f9c92805-78f9-4aa2-ad11-0f5c06c060e3-GrpcLogAppender: appendEntries Timeout, request=59afee6f-3342-47f6-8cd2-a67165187773->f9c92805-78f9-4aa2-ad11-0f5c06c060e3#89-t3, previous=(t:3, i:20), leaderCommit=16, initializing? false, entries: <empty>
2019-09-10 18:33:36,474 [java.util.concurrent.ThreadPoolExecutor$Worker@781538ae[State = -1, empty queue]] WARN  server.GrpcLogAppender (GrpcLogAppender.java:timeoutAppendRequest(200)) - 59afee6f-3342-47f6-8cd2-a67165187773@group-C790A911BCD5->fc430ad7-c10f-4afd-84a3-4263b60fc3a5-GrpcLogAppender: appendEntries Timeout, request=59afee6f-3342-47f6-8cd2-a67165187773->fc430ad7-c10f-4afd-84a3-4263b60fc3a5#89-t3, previous=(t:3, i:20), leaderCommit=16, initializing? false, entries: <empty>
2019-09-10 18:33:36,924 [grpc-default-executor-3] WARN  server.GrpcLogAppender (LogUtils.java:warn(134)) - 7e7e06ff-ff15-4a73-bf67-b60124f5dbc2@group-F10CA6FB56ED->dc34f224-6fe7-4a16-b3d0-41df1e51aada-AppendLogResponseHandler: Failed appendEntries: org.apache.ratis.thirdparty.io.grpc.StatusRuntimeException: UNAVAILABLE: io exception
2019-09-10 18:33:36,925 [grpc-default-executor-3] INFO  impl.FollowerInfo (FollowerInfo.java:lambda$new$0(51)) - 7e7e06ff-ff15-4a73-bf67-b60124f5dbc2@group-F10CA6FB56ED->dc34f224-6fe7-4a16-b3d0-41df1e51aada: nextIndex: updateUnconditionally 0 -> 0
2019-09-10 18:33:36,976 [java.util.concurrent.ThreadPoolExecutor$Worker@781538ae[State = -1, empty queue]] WARN  server.GrpcLogAppender (GrpcLogAppender.java:timeoutAppendRequest(200)) - 59afee6f-3342-47f6-8cd2-a67165187773@group-C790A911BCD5->fc430ad7-c10f-4afd-84a3-4263b60fc3a5-GrpcLogAppender: appendEntries Timeout, request=59afee6f-3342-47f6-8cd2-a67165187773->fc430ad7-c10f-4afd-84a3-4263b60fc3a5#90-t3, previous=(t:3, i:20), leaderCommit=16, initializing? false, entries: <empty>
2019-09-10 18:33:36,976 [java.util.concurrent.ThreadPoolExecutor$Worker@2130bf45[State = -1, empty queue]] WARN  server.GrpcLogAppender (GrpcLogAppender.java:timeoutAppendRequest(200)) - 59afee6f-3342-47f6-8cd2-a67165187773@group-C790A911BCD5->f9c92805-78f9-4aa2-ad11-0f5c06c060e3-GrpcLogAppender: appendEntries Timeout, request=59afee6f-3342-47f6-8cd2-a67165187773->f9c92805-78f9-4aa2-ad11-0f5c06c060e3#90-t3, previous=(t:3, i:20), leaderCommit=16, initializing? false, entries: <empty>
2019-09-10 18:33:37,422 [grpc-default-executor-0] WARN  server.GrpcLogAppender (LogUtils.java:warn(134)) - 7e7e06ff-ff15-4a73-bf67-b60124f5dbc2@group-F10CA6FB56ED->dc34f224-6fe7-4a16-b3d0-41df1e51aada-AppendLogResponseHandler: Failed appendEntries: org.apache.ratis.thirdparty.io.grpc.StatusRuntimeException: UNAVAILABLE: io exception
2019-09-10 18:33:37,423 [grpc-default-executor-0] INFO  impl.FollowerInfo (FollowerInfo.java:lambda$new$0(51)) - 7e7e06ff-ff15-4a73-bf67-b60124f5dbc2@group-F10CA6FB56ED->dc34f224-6fe7-4a16-b3d0-41df1e51aada: nextIndex: updateUnconditionally 0 -> 0
2019-09-10 18:33:37,476 [java.util.concurrent.ThreadPoolExecutor$Worker@781538ae[State = -1, empty queue]] WARN  server.GrpcLogAppender (GrpcLogAppender.java:timeoutAppendRequest(200)) - 59afee6f-3342-47f6-8cd2-a67165187773@group-C790A911BCD5->fc430ad7-c10f-4afd-84a3-4263b60fc3a5-GrpcLogAppender: appendEntries Timeout, request=59afee6f-3342-47f6-8cd2-a67165187773->fc430ad7-c10f-4afd-84a3-4263b60fc3a5#91-t3, previous=(t:3, i:20), leaderCommit=16, initializing? false, entries: <empty>
2019-09-10 18:33:37,476 [java.util.concurrent.ThreadPoolExecutor$Worker@2130bf45[State = -1, empty queue]] WARN  server.GrpcLogAppender (GrpcLogAppender.java:timeoutAppendRequest(200)) - 59afee6f-3342-47f6-8cd2-a67165187773@group-C790A911BCD5->f9c92805-78f9-4aa2-ad11-0f5c06c060e3-GrpcLogAppender: appendEntries Timeout, request=59afee6f-3342-47f6-8cd2-a67165187773->f9c92805-78f9-4aa2-ad11-0f5c06c060e3#91-t3, previous=(t:3, i:20), leaderCommit=16, initializing? false, entries: <empty>
2019-09-10 18:33:37,924 [grpc-default-executor-0] WARN  server.GrpcLogAppender (LogUtils.java:warn(134)) - 7e7e06ff-ff15-4a73-bf67-b60124f5dbc2@group-F10CA6FB56ED->dc34f224-6fe7-4a16-b3d0-41df1e51aada-AppendLogResponseHandler: Failed appendEntries: org.apache.ratis.thirdparty.io.grpc.StatusRuntimeException: UNAVAILABLE: io exception
2019-09-10 18:33:37,925 [grpc-default-executor-0] INFO  impl.FollowerInfo (FollowerInfo.java:lambda$new$0(51)) - 7e7e06ff-ff15-4a73-bf67-b60124f5dbc2@group-F10CA6FB56ED->dc34f224-6fe7-4a16-b3d0-41df1e51aada: nextIndex: updateUnconditionally 0 -> 0
2019-09-10 18:33:37,977 [java.util.concurrent.ThreadPoolExecutor$Worker@781538ae[State = -1, empty queue]] WARN  server.GrpcLogAppender (GrpcLogAppender.java:timeoutAppendRequest(200)) - 59afee6f-3342-47f6-8cd2-a67165187773@group-C790A911BCD5->fc430ad7-c10f-4afd-84a3-4263b60fc3a5-GrpcLogAppender: appendEntries Timeout, request=59afee6f-3342-47f6-8cd2-a67165187773->fc430ad7-c10f-4afd-84a3-4263b60fc3a5#92-t3, previous=(t:3, i:20), leaderCommit=16, initializing? false, entries: <empty>
2019-09-10 18:33:37,977 [java.util.concurrent.ThreadPoolExecutor$Worker@2130bf45[State = -1, empty queue]] WARN  server.GrpcLogAppender (GrpcLogAppender.java:timeoutAppendRequest(200)) - 59afee6f-3342-47f6-8cd2-a67165187773@group-C790A911BCD5->f9c92805-78f9-4aa2-ad11-0f5c06c060e3-GrpcLogAppender: appendEntries Timeout, request=59afee6f-3342-47f6-8cd2-a67165187773->f9c92805-78f9-4aa2-ad11-0f5c06c060e3#92-t3, previous=(t:3, i:20), leaderCommit=16, initializing? false, entries: <empty>
2019-09-10 18:33:38,427 [grpc-default-executor-0] WARN  server.GrpcLogAppender (LogUtils.java:warn(134)) - 7e7e06ff-ff15-4a73-bf67-b60124f5dbc2@group-F10CA6FB56ED->dc34f224-6fe7-4a16-b3d0-41df1e51aada-AppendLogResponseHandler: Failed appendEntries: org.apache.ratis.thirdparty.io.grpc.StatusRuntimeException: UNAVAILABLE: io exception
2019-09-10 18:33:38,428 [grpc-default-executor-0] INFO  impl.FollowerInfo (FollowerInfo.java:lambda$new$0(51)) - 7e7e06ff-ff15-4a73-bf67-b60124f5dbc2@group-F10CA6FB56ED->dc34f224-6fe7-4a16-b3d0-41df1e51aada: nextIndex: updateUnconditionally 0 -> 0
2019-09-10 18:33:38,477 [java.util.concurrent.ThreadPoolExecutor$Worker@781538ae[State = -1, empty queue]] WARN  server.GrpcLogAppender (GrpcLogAppender.java:timeoutAppendRequest(200)) - 59afee6f-3342-47f6-8cd2-a67165187773@group-C790A911BCD5->fc430ad7-c10f-4afd-84a3-4263b60fc3a5-GrpcLogAppender: appendEntries Timeout, request=59afee6f-3342-47f6-8cd2-a67165187773->fc430ad7-c10f-4afd-84a3-4263b60fc3a5#93-t3, previous=(t:3, i:20), leaderCommit=16, initializing? false, entries: <empty>
2019-09-10 18:33:38,477 [java.util.concurrent.ThreadPoolExecutor$Worker@2130bf45[State = -1, empty queue]] WARN  server.GrpcLogAppender (GrpcLogAppender.java:timeoutAppendRequest(200)) - 59afee6f-3342-47f6-8cd2-a67165187773@group-C790A911BCD5->f9c92805-78f9-4aa2-ad11-0f5c06c060e3-GrpcLogAppender: appendEntries Timeout, request=59afee6f-3342-47f6-8cd2-a67165187773->f9c92805-78f9-4aa2-ad11-0f5c06c060e3#93-t3, previous=(t:3, i:20), leaderCommit=16, initializing? false, entries: <empty>
2019-09-10 18:33:38,860 [Thread-1119] INFO  client.GrpcClientProtocolService (GrpcClientProtocolService.java:lambda$processClientRequest$0(278)) - Failed RaftClientRequest:client-0789F71498A2->7e7e06ff-ff15-4a73-bf67-b60124f5dbc2@group-F10CA6FB56ED, cid=50, seq=0, Watch-ALL_COMMITTED(26), Message:<EMPTY>, reply=RaftClientReply:client-0789F71498A2->7e7e06ff-ff15-4a73-bf67-b60124f5dbc2@group-F10CA6FB56ED, cid=50, FAILED org.apache.ratis.protocol.NotReplicatedException: Request with call Id 50 and log index 26 is not yet replicated to ALL_COMMITTED, logIndex=26, commits[7e7e06ff-ff15-4a73-bf67-b60124f5dbc2:c32, a5c56bc8-e609-4560-873f-c4715c8bfbf6:c32, dc34f224-6fe7-4a16-b3d0-41df1e51aada:c24]
2019-09-10 18:33:38,868 [grpc-default-executor-0] INFO  client.GrpcClientProtocolClient (GrpcClientProtocolClient.java:onNext(264)) - client-0789F71498A2->7e7e06ff-ff15-4a73-bf67-b60124f5dbc2: receive RaftClientReply:client-0789F71498A2->7e7e06ff-ff15-4a73-bf67-b60124f5dbc2@group-F10CA6FB56ED, cid=50, FAILED org.apache.ratis.protocol.NotReplicatedException: Request with call Id 50 and log index 26 is not yet replicated to ALL_COMMITTED, logIndex=26, commits[7e7e06ff-ff15-4a73-bf67-b60124f5dbc2:c32, a5c56bc8-e609-4560-873f-c4715c8bfbf6:c32, dc34f224-6fe7-4a16-b3d0-41df1e51aada:c24]
2019-09-10 18:33:38,928 [grpc-default-executor-0] WARN  server.GrpcLogAppender (LogUtils.java:warn(134)) - 7e7e06ff-ff15-4a73-bf67-b60124f5dbc2@group-F10CA6FB56ED->dc34f224-6fe7-4a16-b3d0-41df1e51aada-AppendLogResponseHandler: Failed appendEntries: org.apache.ratis.thirdparty.io.grpc.StatusRuntimeException: UNAVAILABLE: io exception
2019-09-10 18:33:38,928 [grpc-default-executor-0] INFO  impl.FollowerInfo (FollowerInfo.java:lambda$new$0(51)) - 7e7e06ff-ff15-4a73-bf67-b60124f5dbc2@group-F10CA6FB56ED->dc34f224-6fe7-4a16-b3d0-41df1e51aada: nextIndex: updateUnconditionally 0 -> 0
2019-09-10 18:33:38,978 [java.util.concurrent.ThreadPoolExecutor$Worker@2130bf45[State = -1, empty queue]] WARN  server.GrpcLogAppender (GrpcLogAppender.java:timeoutAppendRequest(200)) - 59afee6f-3342-47f6-8cd2-a67165187773@group-C790A911BCD5->f9c92805-78f9-4aa2-ad11-0f5c06c060e3-GrpcLogAppender: appendEntries Timeout, request=59afee6f-3342-47f6-8cd2-a67165187773->f9c92805-78f9-4aa2-ad11-0f5c06c060e3#94-t3, previous=(t:3, i:20), leaderCommit=16, initializing? false, entries: <empty>
2019-09-10 18:33:38,978 [java.util.concurrent.ThreadPoolExecutor$Worker@781538ae[State = -1, empty queue]] WARN  server.GrpcLogAppender (GrpcLogAppender.java:timeoutAppendRequest(200)) - 59afee6f-3342-47f6-8cd2-a67165187773@group-C790A911BCD5->fc430ad7-c10f-4afd-84a3-4263b60fc3a5-GrpcLogAppender: appendEntries Timeout, request=59afee6f-3342-47f6-8cd2-a67165187773->fc430ad7-c10f-4afd-84a3-4263b60fc3a5#94-t3, previous=(t:3, i:20), leaderCommit=16, initializing? false, entries: <empty>
2019-09-10 18:33:39,434 [grpc-default-executor-0] WARN  server.GrpcLogAppender (LogUtils.java:warn(134)) - 7e7e06ff-ff15-4a73-bf67-b60124f5dbc2@group-F10CA6FB56ED->dc34f224-6fe7-4a16-b3d0-41df1e51aada-AppendLogResponseHandler: Failed appendEntries: org.apache.ratis.thirdparty.io.grpc.StatusRuntimeException: UNAVAILABLE: io exception
2019-09-10 18:33:39,436 [grpc-default-executor-0] INFO  impl.FollowerInfo (FollowerInfo.java:lambda$new$0(51)) - 7e7e06ff-ff15-4a73-bf67-b60124f5dbc2@group-F10CA6FB56ED->dc34f224-6fe7-4a16-b3d0-41df1e51aada: nextIndex: updateUnconditionally 0 -> 0
2019-09-10 18:33:39,464 [main] INFO  ozoneimpl.OzoneContainer (OzoneContainer.java:stop(231)) - Attempting to stop container services.
2019-09-10 18:33:39,465 [main] INFO  impl.RaftServerProxy (RaftServerProxy.java:lambda$close$4(314)) - 7e7e06ff-ff15-4a73-bf67-b60124f5dbc2: close
2019-09-10 18:33:39,466 [main] INFO  impl.RaftServerImpl (RaftServerImpl.java:lambda$shutdown$3(251)) - 7e7e06ff-ff15-4a73-bf67-b60124f5dbc2@group-E77A4CB279AA: shutdown
2019-09-10 18:33:39,467 [main] INFO  util.JmxRegister (JmxRegister.java:unregister(73)) - Successfully un-registered JMX Bean with object name Ratis:service=RaftServer,group=group-E77A4CB279AA,id=7e7e06ff-ff15-4a73-bf67-b60124f5dbc2
2019-09-10 18:33:39,468 [main] INFO  impl.RoleInfo (RoleInfo.java:shutdownLeaderState(104)) - 7e7e06ff-ff15-4a73-bf67-b60124f5dbc2: shutdown LeaderState
2019-09-10 18:33:39,468 [main] INFO  impl.PendingRequests (PendingRequests.java:sendNotLeaderResponses(202)) - 7e7e06ff-ff15-4a73-bf67-b60124f5dbc2-PendingRequests: sendNotLeaderResponses
2019-09-10 18:33:39,475 [main] INFO  impl.StateMachineUpdater (StateMachineUpdater.java:stopAndJoin(125)) - 7e7e06ff-ff15-4a73-bf67-b60124f5dbc2@group-E77A4CB279AA-StateMachineUpdater: set stopIndex = 0
2019-09-10 18:33:39,476 [main] INFO  impl.RaftServerImpl (ServerState.java:close(385)) - 7e7e06ff-ff15-4a73-bf67-b60124f5dbc2@group-E77A4CB279AA: closes. applyIndex: 0
2019-09-10 18:33:39,477 [7e7e06ff-ff15-4a73-bf67-b60124f5dbc2@group-E77A4CB279AA-SegmentedRaftLogWorker] INFO  segmented.SegmentedRaftLogWorker (SegmentedRaftLogWorker.java:run(313)) - 7e7e06ff-ff15-4a73-bf67-b60124f5dbc2@group-E77A4CB279AA-SegmentedRaftLogWorker was interrupted, exiting. There are 0 tasks remaining in the queue.
2019-09-10 18:33:39,480 [main] INFO  segmented.SegmentedRaftLogWorker (SegmentedRaftLogWorker.java:close(228)) - 7e7e06ff-ff15-4a73-bf67-b60124f5dbc2@group-E77A4CB279AA-SegmentedRaftLogWorker close()
2019-09-10 18:33:39,481 [java.util.concurrent.ThreadPoolExecutor$Worker@781538ae[State = -1, empty queue]] WARN  server.GrpcLogAppender (GrpcLogAppender.java:timeoutAppendRequest(200)) - 59afee6f-3342-47f6-8cd2-a67165187773@group-C790A911BCD5->fc430ad7-c10f-4afd-84a3-4263b60fc3a5-GrpcLogAppender: appendEntries Timeout, request=59afee6f-3342-47f6-8cd2-a67165187773->fc430ad7-c10f-4afd-84a3-4263b60fc3a5#95-t3, previous=(t:3, i:20), leaderCommit=16, initializing? false, entries: <empty>
2019-09-10 18:33:39,484 [main] INFO  impl.RaftServerImpl (RaftServerImpl.java:lambda$shutdown$3(251)) - 7e7e06ff-ff15-4a73-bf67-b60124f5dbc2@group-F10CA6FB56ED: shutdown
2019-09-10 18:33:39,481 [java.util.concurrent.ThreadPoolExecutor$Worker@2130bf45[State = -1, empty queue]] WARN  server.GrpcLogAppender (GrpcLogAppender.java:timeoutAppendRequest(200)) - 59afee6f-3342-47f6-8cd2-a67165187773@group-C790A911BCD5->f9c92805-78f9-4aa2-ad11-0f5c06c060e3-GrpcLogAppender: appendEntries Timeout, request=59afee6f-3342-47f6-8cd2-a67165187773->f9c92805-78f9-4aa2-ad11-0f5c06c060e3#95-t3, previous=(t:3, i:20), leaderCommit=16, initializing? false, entries: <empty>
2019-09-10 18:33:39,485 [main] INFO  util.JmxRegister (JmxRegister.java:unregister(73)) - Successfully un-registered JMX Bean with object name Ratis:service=RaftServer,group=group-F10CA6FB56ED,id=7e7e06ff-ff15-4a73-bf67-b60124f5dbc2
2019-09-10 18:33:39,485 [main] INFO  impl.RoleInfo (RoleInfo.java:shutdownLeaderState(104)) - 7e7e06ff-ff15-4a73-bf67-b60124f5dbc2: shutdown LeaderState
2019-09-10 18:33:39,489 [main] INFO  impl.PendingRequests (PendingRequests.java:sendNotLeaderResponses(202)) - 7e7e06ff-ff15-4a73-bf67-b60124f5dbc2-PendingRequests: sendNotLeaderResponses
2019-09-10 18:33:39,489 [org.apache.ratis.server.impl.LogAppender$AppenderDaemon$$Lambda$527/1529406920@7bc47c0b] WARN  server.GrpcLogAppender (GrpcLogAppender.java:mayWait(143)) - 7e7e06ff-ff15-4a73-bf67-b60124f5dbc2@group-F10CA6FB56ED->dc34f224-6fe7-4a16-b3d0-41df1e51aada-GrpcLogAppender: Wait interrupted by java.lang.InterruptedException
2019-09-10 18:33:39,489 [org.apache.ratis.server.impl.LogAppender$AppenderDaemon$$Lambda$527/1529406920@7a6c651e] WARN  server.GrpcLogAppender (GrpcLogAppender.java:mayWait(143)) - 7e7e06ff-ff15-4a73-bf67-b60124f5dbc2@group-F10CA6FB56ED->a5c56bc8-e609-4560-873f-c4715c8bfbf6-GrpcLogAppender: Wait interrupted by java.lang.InterruptedException
2019-09-10 18:33:39,496 [Thread-1128] INFO  client.GrpcClientProtocolService (GrpcClientProtocolService.java:lambda$processClientRequest$0(278)) - Failed RaftClientRequest:client-0789F71498A2->7e7e06ff-ff15-4a73-bf67-b60124f5dbc2@group-F10CA6FB56ED, cid=50, seq=0, Watch-ALL_COMMITTED(26), Message:<EMPTY>, reply=RaftClientReply:client-0789F71498A2->7e7e06ff-ff15-4a73-bf67-b60124f5dbc2@group-F10CA6FB56ED, cid=50, FAILED org.apache.ratis.protocol.NotLeaderException: Server 7e7e06ff-ff15-4a73-bf67-b60124f5dbc2@group-F10CA6FB56ED is not the leader, logIndex=0, commits[7e7e06ff-ff15-4a73-bf67-b60124f5dbc2:c32]
2019-09-10 18:33:39,496 [Thread-1129] INFO  client.GrpcClientProtocolService (GrpcClientProtocolService.java:lambda$processClientRequest$0(278)) - Failed RaftClientRequest:client-0789F71498A2->7e7e06ff-ff15-4a73-bf67-b60124f5dbc2@group-F10CA6FB56ED, cid=52, seq=0, Watch-ALL_COMMITTED(28), Message:<EMPTY>, reply=RaftClientReply:client-0789F71498A2->7e7e06ff-ff15-4a73-bf67-b60124f5dbc2@group-F10CA6FB56ED, cid=52, FAILED org.apache.ratis.protocol.NotLeaderException: Server 7e7e06ff-ff15-4a73-bf67-b60124f5dbc2@group-F10CA6FB56ED is not the leader, logIndex=0, commits[7e7e06ff-ff15-4a73-bf67-b60124f5dbc2:c32]
2019-09-10 18:33:39,496 [Thread-1130] INFO  client.GrpcClientProtocolService (GrpcClientProtocolService.java:lambda$processClientRequest$0(278)) - Failed RaftClientRequest:client-0789F71498A2->7e7e06ff-ff15-4a73-bf67-b60124f5dbc2@group-F10CA6FB56ED, cid=52, seq=0, Watch-ALL_COMMITTED(28), Message:<EMPTY>, reply=RaftClientReply:client-0789F71498A2->7e7e06ff-ff15-4a73-bf67-b60124f5dbc2@group-F10CA6FB56ED, cid=52, FAILED org.apache.ratis.protocol.NotLeaderException: Server 7e7e06ff-ff15-4a73-bf67-b60124f5dbc2@group-F10CA6FB56ED is not the leader, logIndex=0, commits[7e7e06ff-ff15-4a73-bf67-b60124f5dbc2:c32]
2019-09-10 18:33:39,498 [Thread-1131] INFO  client.GrpcClientProtocolService (GrpcClientProtocolService.java:lambda$processClientRequest$0(278)) - Failed RaftClientRequest:client-0789F71498A2->7e7e06ff-ff15-4a73-bf67-b60124f5dbc2@group-F10CA6FB56ED, cid=52, seq=0, Watch-ALL_COMMITTED(28), Message:<EMPTY>, reply=RaftClientReply:client-0789F71498A2->7e7e06ff-ff15-4a73-bf67-b60124f5dbc2@group-F10CA6FB56ED, cid=52, FAILED org.apache.ratis.protocol.NotLeaderException: Server 7e7e06ff-ff15-4a73-bf67-b60124f5dbc2@group-F10CA6FB56ED is not the leader, logIndex=0, commits[7e7e06ff-ff15-4a73-bf67-b60124f5dbc2:c32]
2019-09-10 18:33:39,501 [main] INFO  impl.StateMachineUpdater (StateMachineUpdater.java:stopAndJoin(125)) - 7e7e06ff-ff15-4a73-bf67-b60124f5dbc2@group-F10CA6FB56ED-StateMachineUpdater: set stopIndex = 32
2019-09-10 18:33:39,504 [grpc-default-executor-0] INFO  server.GrpcServerProtocolService (GrpcServerProtocolService.java:onCompleted(113)) - a5c56bc8-e609-4560-873f-c4715c8bfbf6: Completed APPEND_ENTRIES, lastRequest: 7e7e06ff-ff15-4a73-bf67-b60124f5dbc2->a5c56bc8-e609-4560-873f-c4715c8bfbf6#116-t2, previous=(t:2, i:32), leaderCommit=32, initializing? false, entries: <empty>
2019-09-10 18:33:39,508 [7e7e06ff-ff15-4a73-bf67-b60124f5dbc2@group-F10CA6FB56ED-StateMachineUpdater] INFO  ratis.ContainerStateMachine (ContainerStateMachine.java:takeSnapshot(289)) - group-F10CA6FB56ED: Taking a snapshot at:(t:2, i:30) file /workdir/hadoop-ozone/integration-test/target/test-dir/MiniOzoneClusterImpl-34bd394c-9e3d-49fb-9b5f-f4de544d8d6b/datanode-6/data/ratis/990742a9-49d4-45ad-a51e-f10ca6fb56ed/sm/snapshot.2_30
2019-09-10 18:33:39,509 [grpc-default-executor-0] INFO  server.GrpcLogAppender (GrpcLogAppender.java:onCompleted(293)) - 7e7e06ff-ff15-4a73-bf67-b60124f5dbc2@group-F10CA6FB56ED->a5c56bc8-e609-4560-873f-c4715c8bfbf6-AppendLogResponseHandler: follower responses appendEntries COMPLETED
2019-09-10 18:33:39,509 [grpc-default-executor-0] INFO  impl.FollowerInfo (FollowerInfo.java:lambda$new$0(51)) - 7e7e06ff-ff15-4a73-bf67-b60124f5dbc2@group-F10CA6FB56ED->a5c56bc8-e609-4560-873f-c4715c8bfbf6: nextIndex: updateUnconditionally 33 -> 32
2019-09-10 18:33:39,509 [grpc-default-executor-1] INFO  client.GrpcClientProtocolClient (GrpcClientProtocolClient.java:onNext(264)) - client-0789F71498A2->7e7e06ff-ff15-4a73-bf67-b60124f5dbc2: receive RaftClientReply:client-0789F71498A2->7e7e06ff-ff15-4a73-bf67-b60124f5dbc2@group-F10CA6FB56ED, cid=52, FAILED org.apache.ratis.protocol.NotLeaderException: Server 7e7e06ff-ff15-4a73-bf67-b60124f5dbc2@group-F10CA6FB56ED is not the leader, logIndex=0, commits[7e7e06ff-ff15-4a73-bf67-b60124f5dbc2:c32]
2019-09-10 18:33:39,510 [grpc-default-executor-1] INFO  client.GrpcClientProtocolClient (GrpcClientProtocolClient.java:onNext(264)) - client-0789F71498A2->7e7e06ff-ff15-4a73-bf67-b60124f5dbc2: receive RaftClientReply:client-0789F71498A2->7e7e06ff-ff15-4a73-bf67-b60124f5dbc2@group-F10CA6FB56ED, cid=52, FAILED org.apache.ratis.protocol.NotLeaderException: Server 7e7e06ff-ff15-4a73-bf67-b60124f5dbc2@group-F10CA6FB56ED is not the leader, logIndex=0, commits[7e7e06ff-ff15-4a73-bf67-b60124f5dbc2:c32]
2019-09-10 18:33:39,511 [grpc-default-executor-1] INFO  client.GrpcClientProtocolClient (GrpcClientProtocolClient.java:onNext(264)) - client-0789F71498A2->7e7e06ff-ff15-4a73-bf67-b60124f5dbc2: receive RaftClientReply:client-0789F71498A2->7e7e06ff-ff15-4a73-bf67-b60124f5dbc2@group-F10CA6FB56ED, cid=52, FAILED org.apache.ratis.protocol.NotLeaderException: Server 7e7e06ff-ff15-4a73-bf67-b60124f5dbc2@group-F10CA6FB56ED is not the leader, logIndex=0, commits[7e7e06ff-ff15-4a73-bf67-b60124f5dbc2:c32]
2019-09-10 18:33:39,532 [7e7e06ff-ff15-4a73-bf67-b60124f5dbc2@group-F10CA6FB56ED-StateMachineUpdater] INFO  ratis.ContainerStateMachine (ContainerStateMachine.java:takeSnapshot(300)) - group-F10CA6FB56ED: Finished taking a snapshot at:(t:2, i:30) file:/workdir/hadoop-ozone/integration-test/target/test-dir/MiniOzoneClusterImpl-34bd394c-9e3d-49fb-9b5f-f4de544d8d6b/datanode-6/data/ratis/990742a9-49d4-45ad-a51e-f10ca6fb56ed/sm/snapshot.2_30 time:26
2019-09-10 18:33:39,532 [7e7e06ff-ff15-4a73-bf67-b60124f5dbc2@group-F10CA6FB56ED-StateMachineUpdater] INFO  impl.StateMachineUpdater (StateMachineUpdater.java:takeSnapshot(258)) - 7e7e06ff-ff15-4a73-bf67-b60124f5dbc2@group-F10CA6FB56ED-StateMachineUpdater: Took a snapshot at index 30
2019-09-10 18:33:39,532 [7e7e06ff-ff15-4a73-bf67-b60124f5dbc2@group-F10CA6FB56ED-StateMachineUpdater] INFO  impl.StateMachineUpdater (StateMachineUpdater.java:lambda$new$0(83)) - 7e7e06ff-ff15-4a73-bf67-b60124f5dbc2@group-F10CA6FB56ED-StateMachineUpdater: snapshotIndex: updateIncreasingly -1 -> 30
2019-09-10 18:33:39,533 [7e7e06ff-ff15-4a73-bf67-b60124f5dbc2@group-F10CA6FB56ED-StateMachineUpdater] INFO  ratis.ContainerStateMachine (ContainerStateMachine.java:takeSnapshot(289)) - group-F10CA6FB56ED: Taking a snapshot at:(t:2, i:30) file /workdir/hadoop-ozone/integration-test/target/test-dir/MiniOzoneClusterImpl-34bd394c-9e3d-49fb-9b5f-f4de544d8d6b/datanode-6/data/ratis/990742a9-49d4-45ad-a51e-f10ca6fb56ed/sm/snapshot.2_30
2019-09-10 18:33:39,556 [7e7e06ff-ff15-4a73-bf67-b60124f5dbc2@group-F10CA6FB56ED-StateMachineUpdater] INFO  ratis.ContainerStateMachine (ContainerStateMachine.java:takeSnapshot(300)) - group-F10CA6FB56ED: Finished taking a snapshot at:(t:2, i:30) file:/workdir/hadoop-ozone/integration-test/target/test-dir/MiniOzoneClusterImpl-34bd394c-9e3d-49fb-9b5f-f4de544d8d6b/datanode-6/data/ratis/990742a9-49d4-45ad-a51e-f10ca6fb56ed/sm/snapshot.2_30 time:23
2019-09-10 18:33:39,556 [7e7e06ff-ff15-4a73-bf67-b60124f5dbc2@group-F10CA6FB56ED-StateMachineUpdater] INFO  impl.StateMachineUpdater (StateMachineUpdater.java:takeSnapshot(258)) - 7e7e06ff-ff15-4a73-bf67-b60124f5dbc2@group-F10CA6FB56ED-StateMachineUpdater: Took a snapshot at index 30
2019-09-10 18:33:39,556 [7e7e06ff-ff15-4a73-bf67-b60124f5dbc2@group-F10CA6FB56ED-StateMachineUpdater] INFO  impl.StateMachineUpdater (StateMachineUpdater.java:lambda$new$0(83)) - 7e7e06ff-ff15-4a73-bf67-b60124f5dbc2@group-F10CA6FB56ED-StateMachineUpdater: snapshotIndex: updateIncreasingly 30 -> 30
2019-09-10 18:33:39,557 [main] INFO  impl.RaftServerImpl (ServerState.java:close(385)) - 7e7e06ff-ff15-4a73-bf67-b60124f5dbc2@group-F10CA6FB56ED: closes. applyIndex: 32
2019-09-10 18:33:39,558 [7e7e06ff-ff15-4a73-bf67-b60124f5dbc2@group-F10CA6FB56ED-SegmentedRaftLogWorker] INFO  segmented.SegmentedRaftLogWorker (SegmentedRaftLogWorker.java:run(313)) - 7e7e06ff-ff15-4a73-bf67-b60124f5dbc2@group-F10CA6FB56ED-SegmentedRaftLogWorker was interrupted, exiting. There are 0 tasks remaining in the queue.
2019-09-10 18:33:39,560 [main] INFO  segmented.SegmentedRaftLogWorker (SegmentedRaftLogWorker.java:close(228)) - 7e7e06ff-ff15-4a73-bf67-b60124f5dbc2@group-F10CA6FB56ED-SegmentedRaftLogWorker close()
2019-09-10 18:33:39,564 [main] INFO  server.GrpcService (GrpcService.java:closeImpl(164)) - 7e7e06ff-ff15-4a73-bf67-b60124f5dbc2: shutdown server with port 37758 now
2019-09-10 18:33:39,566 [main] INFO  server.GrpcService (GrpcService.java:closeImpl(172)) - 7e7e06ff-ff15-4a73-bf67-b60124f5dbc2: shutdown server with port 37758 successfully
2019-09-10 18:33:39,578 [refreshUsed-/workdir/hadoop-ozone/integration-test/target/test-dir/MiniOzoneClusterImpl-34bd394c-9e3d-49fb-9b5f-f4de544d8d6b/datanode-6/data/containers] WARN  fs.CachingGetSpaceUsed (CachingGetSpaceUsed.java:run(183)) - Thread Interrupted waiting to refresh disk information: sleep interrupted
2019-09-10 18:33:39,601 [main] INFO  utils.BackgroundService (BackgroundService.java:shutdown(148)) - Shutting down service BlockDeletingService
2019-09-10 18:33:39,607 [main] INFO  statemachine.DatanodeStateMachine (DatanodeStateMachine.java:stopDaemon(395)) - Ozone container server stopped.
2019-09-10 18:33:39,608 [main] INFO  handler.ContextHandler (ContextHandler.java:doStop(910)) - Stopped o.e.j.w.WebAppContext@64db4967{/,null,UNAVAILABLE}{/hddsDatanode}
2019-09-10 18:33:39,609 [main] INFO  server.AbstractConnector (AbstractConnector.java:doStop(318)) - Stopped ServerConnector@74e6094b{HTTP/1.1,[http/1.1]}{0.0.0.0:0}
2019-09-10 18:33:39,610 [main] INFO  handler.ContextHandler (ContextHandler.java:doStop(910)) - Stopped o.e.j.s.ServletContextHandler@72fd8a3c{/static,jar:file:/home/user/.m2/repository/org/apache/hadoop/hadoop-hdds-container-service/0.5.0-SNAPSHOT/hadoop-hdds-container-service-0.5.0-SNAPSHOT.jar!/webapps/static,UNAVAILABLE}
2019-09-10 18:33:39,610 [main] INFO  handler.ContextHandler (ContextHandler.java:doStop(910)) - Stopped o.e.j.s.ServletContextHandler@3b920bdc{/logs,file:///workdir/hadoop-ozone/integration-test/target/log,UNAVAILABLE}
2019-09-10 18:33:39,678 [grpc-default-executor-1] INFO  client.GrpcClientProtocolClient (GrpcClientProtocolClient.java:onNext(264)) - client-35727EB443AA->43b8dda0-1fac-498c-94e0-436a32ed8ccd: receive RaftClientReply:client-35727EB443AA->43b8dda0-1fac-498c-94e0-436a32ed8ccd@group-248F13D822B7, cid=60, SUCCESS, logIndex=13, commits[43b8dda0-1fac-498c-94e0-436a32ed8ccd:c14, 166d57fa-ec73-4a99-b6df-0ab3ad0d7909:c12, 114338b4-3ae2-46b3-98b7-a583d2a0bf23:c12]
2019-09-10 18:33:39,680 [grpc-default-executor-1] INFO  client.GrpcClientProtocolClient (GrpcClientProtocolClient.java:onNext(264)) - client-35727EB443AA->43b8dda0-1fac-498c-94e0-436a32ed8ccd: receive RaftClientReply:client-35727EB443AA->43b8dda0-1fac-498c-94e0-436a32ed8ccd@group-248F13D822B7, cid=61, SUCCESS, logIndex=14, commits[43b8dda0-1fac-498c-94e0-436a32ed8ccd:c14, 166d57fa-ec73-4a99-b6df-0ab3ad0d7909:c12, 114338b4-3ae2-46b3-98b7-a583d2a0bf23:c12]
2019-09-10 18:33:39,692 [grpc-default-executor-1] INFO  client.GrpcClientProtocolClient (GrpcClientProtocolClient.java:onNext(264)) - client-35727EB443AA->43b8dda0-1fac-498c-94e0-436a32ed8ccd: receive RaftClientReply:client-35727EB443AA->43b8dda0-1fac-498c-94e0-436a32ed8ccd@group-248F13D822B7, cid=62, SUCCESS, logIndex=0, commits[43b8dda0-1fac-498c-94e0-436a32ed8ccd:c16, 166d57fa-ec73-4a99-b6df-0ab3ad0d7909:c14, 114338b4-3ae2-46b3-98b7-a583d2a0bf23:c14]
2019-09-10 18:33:39,838 [fc430ad7-c10f-4afd-84a3-4263b60fc3a5@group-C790A911BCD5-SegmentedRaftLogWorker] WARN  segmented.SegmentedRaftLogWorker (SegmentedRaftLogWorker.java:getFromFuture(90)) - Timeout 3/~
org.apache.ratis.protocol.TimeoutIOException: Timeout 10s: WriteLog:17: (t:3, i:17), STATEMACHINELOGENTRY, client-B2117E40EB7F, cid=38-writeStateMachineData
	at org.apache.ratis.util.IOUtils.getFromFuture(IOUtils.java:87)
	at org.apache.ratis.server.raftlog.segmented.SegmentedRaftLogWorker$StateMachineDataPolicy.getFromFuture(SegmentedRaftLogWorker.java:87)
	at org.apache.ratis.server.raftlog.segmented.SegmentedRaftLogWorker$WriteLog.execute(SegmentedRaftLogWorker.java:477)
	at org.apache.ratis.server.raftlog.segmented.SegmentedRaftLogWorker.run(SegmentedRaftLogWorker.java:289)
	at java.lang.Thread.run(Thread.java:748)
Caused by: java.util.concurrent.TimeoutException
	at java.util.concurrent.CompletableFuture.timedGet(CompletableFuture.java:1771)
	at java.util.concurrent.CompletableFuture.get(CompletableFuture.java:1915)
	at org.apache.ratis.util.IOUtils.getFromFuture(IOUtils.java:79)
	... 4 more
2019-09-10 18:33:39,978 [java.util.concurrent.ThreadPoolExecutor$Worker@2130bf45[State = -1, empty queue]] WARN  server.GrpcLogAppender (GrpcLogAppender.java:timeoutAppendRequest(200)) - 59afee6f-3342-47f6-8cd2-a67165187773@group-C790A911BCD5->f9c92805-78f9-4aa2-ad11-0f5c06c060e3-GrpcLogAppender: appendEntries Timeout, request=59afee6f-3342-47f6-8cd2-a67165187773->f9c92805-78f9-4aa2-ad11-0f5c06c060e3#96-t3, previous=(t:3, i:20), leaderCommit=16, initializing? false, entries: <empty>
2019-09-10 18:33:39,978 [java.util.concurrent.ThreadPoolExecutor$Worker@781538ae[State = -1, empty queue]] WARN  server.GrpcLogAppender (GrpcLogAppender.java:timeoutAppendRequest(200)) - 59afee6f-3342-47f6-8cd2-a67165187773@group-C790A911BCD5->fc430ad7-c10f-4afd-84a3-4263b60fc3a5-GrpcLogAppender: appendEntries Timeout, request=59afee6f-3342-47f6-8cd2-a67165187773->fc430ad7-c10f-4afd-84a3-4263b60fc3a5#96-t3, previous=(t:3, i:20), leaderCommit=16, initializing? false, entries: <empty>
2019-09-10 18:33:40,051 [59afee6f-3342-47f6-8cd2-a67165187773@group-C790A911BCD5-SegmentedRaftLogWorker] WARN  segmented.SegmentedRaftLogWorker (SegmentedRaftLogWorker.java:getFromFuture(90)) - Timeout 3/~
org.apache.ratis.protocol.TimeoutIOException: Timeout 10s: WriteLog:19: (t:3, i:19), STATEMACHINELOGENTRY, client-B2117E40EB7F, cid=40-writeStateMachineData
	at org.apache.ratis.util.IOUtils.getFromFuture(IOUtils.java:87)
	at org.apache.ratis.server.raftlog.segmented.SegmentedRaftLogWorker$StateMachineDataPolicy.getFromFuture(SegmentedRaftLogWorker.java:87)
	at org.apache.ratis.server.raftlog.segmented.SegmentedRaftLogWorker$WriteLog.execute(SegmentedRaftLogWorker.java:477)
	at org.apache.ratis.server.raftlog.segmented.SegmentedRaftLogWorker.run(SegmentedRaftLogWorker.java:289)
	at java.lang.Thread.run(Thread.java:748)
Caused by: java.util.concurrent.TimeoutException
	at java.util.concurrent.CompletableFuture.timedGet(CompletableFuture.java:1771)
	at java.util.concurrent.CompletableFuture.get(CompletableFuture.java:1915)
	at org.apache.ratis.util.IOUtils.getFromFuture(IOUtils.java:79)
	... 4 more
2019-09-10 18:33:40,071 [f9c92805-78f9-4aa2-ad11-0f5c06c060e3@group-C790A911BCD5-SegmentedRaftLogWorker] WARN  segmented.SegmentedRaftLogWorker (SegmentedRaftLogWorker.java:getFromFuture(90)) - Timeout 3/~
org.apache.ratis.protocol.TimeoutIOException: Timeout 10s: WriteLog:19: (t:3, i:19), STATEMACHINELOGENTRY, client-B2117E40EB7F, cid=40-writeStateMachineData
	at org.apache.ratis.util.IOUtils.getFromFuture(IOUtils.java:87)
	at org.apache.ratis.server.raftlog.segmented.SegmentedRaftLogWorker$StateMachineDataPolicy.getFromFuture(SegmentedRaftLogWorker.java:87)
	at org.apache.ratis.server.raftlog.segmented.SegmentedRaftLogWorker$WriteLog.execute(SegmentedRaftLogWorker.java:477)
	at org.apache.ratis.server.raftlog.segmented.SegmentedRaftLogWorker.run(SegmentedRaftLogWorker.java:289)
	at java.lang.Thread.run(Thread.java:748)
Caused by: java.util.concurrent.TimeoutException
	at java.util.concurrent.CompletableFuture.timedGet(CompletableFuture.java:1771)
	at java.util.concurrent.CompletableFuture.get(CompletableFuture.java:1915)
	at org.apache.ratis.util.IOUtils.getFromFuture(IOUtils.java:79)
	... 4 more
2019-09-10 18:33:40,478 [java.util.concurrent.ThreadPoolExecutor$Worker@781538ae[State = -1, empty queue]] WARN  server.GrpcLogAppender (GrpcLogAppender.java:timeoutAppendRequest(200)) - 59afee6f-3342-47f6-8cd2-a67165187773@group-C790A911BCD5->fc430ad7-c10f-4afd-84a3-4263b60fc3a5-GrpcLogAppender: appendEntries Timeout, request=59afee6f-3342-47f6-8cd2-a67165187773->fc430ad7-c10f-4afd-84a3-4263b60fc3a5#97-t3, previous=(t:3, i:20), leaderCommit=16, initializing? false, entries: <empty>
2019-09-10 18:33:40,478 [java.util.concurrent.ThreadPoolExecutor$Worker@2130bf45[State = -1, empty queue]] WARN  server.GrpcLogAppender (GrpcLogAppender.java:timeoutAppendRequest(200)) - 59afee6f-3342-47f6-8cd2-a67165187773@group-C790A911BCD5->f9c92805-78f9-4aa2-ad11-0f5c06c060e3-GrpcLogAppender: appendEntries Timeout, request=59afee6f-3342-47f6-8cd2-a67165187773->f9c92805-78f9-4aa2-ad11-0f5c06c060e3#97-t3, previous=(t:3, i:20), leaderCommit=16, initializing? false, entries: <empty>
2019-09-10 18:33:40,979 [java.util.concurrent.ThreadPoolExecutor$Worker@2130bf45[State = -1, empty queue]] WARN  server.GrpcLogAppender (GrpcLogAppender.java:timeoutAppendRequest(200)) - 59afee6f-3342-47f6-8cd2-a67165187773@group-C790A911BCD5->f9c92805-78f9-4aa2-ad11-0f5c06c060e3-GrpcLogAppender: appendEntries Timeout, request=59afee6f-3342-47f6-8cd2-a67165187773->f9c92805-78f9-4aa2-ad11-0f5c06c060e3#98-t3, previous=(t:3, i:20), leaderCommit=16, initializing? false, entries: <empty>
2019-09-10 18:33:40,979 [java.util.concurrent.ThreadPoolExecutor$Worker@781538ae[State = -1, empty queue]] WARN  server.GrpcLogAppender (GrpcLogAppender.java:timeoutAppendRequest(200)) - 59afee6f-3342-47f6-8cd2-a67165187773@group-C790A911BCD5->fc430ad7-c10f-4afd-84a3-4263b60fc3a5-GrpcLogAppender: appendEntries Timeout, request=59afee6f-3342-47f6-8cd2-a67165187773->fc430ad7-c10f-4afd-84a3-4263b60fc3a5#98-t3, previous=(t:3, i:20), leaderCommit=16, initializing? false, entries: <empty>
2019-09-10 18:33:41,209 [Thread-414] INFO  impl.FollowerState (FollowerState.java:run(106)) - a5c56bc8-e609-4560-873f-c4715c8bfbf6:group-F10CA6FB56ED changes to CANDIDATE, lastRpcTime:1721, electionTimeout:1147ms
2019-09-10 18:33:41,209 [Thread-414] INFO  impl.RoleInfo (RoleInfo.java:shutdownFollowerState(121)) - a5c56bc8-e609-4560-873f-c4715c8bfbf6: shutdown FollowerState
2019-09-10 18:33:41,209 [Thread-414] INFO  impl.RaftServerImpl (RaftServerImpl.java:setRole(174)) - a5c56bc8-e609-4560-873f-c4715c8bfbf6@group-F10CA6FB56ED: changes role from  FOLLOWER to CANDIDATE at term 2 for changeToCandidate
2019-09-10 18:33:41,210 [Thread-414] INFO  impl.RoleInfo (RoleInfo.java:updateAndGet(143)) - a5c56bc8-e609-4560-873f-c4715c8bfbf6: start LeaderElection
2019-09-10 18:33:41,214 [a5c56bc8-e609-4560-873f-c4715c8bfbf6@group-F10CA6FB56ED:LeaderElection28] INFO  impl.RaftServerImpl (ServerState.java:setLeader(253)) - a5c56bc8-e609-4560-873f-c4715c8bfbf6@group-F10CA6FB56ED: change Leader from 7e7e06ff-ff15-4a73-bf67-b60124f5dbc2 to null at term 2 for initElection
2019-09-10 18:33:41,249 [a5c56bc8-e609-4560-873f-c4715c8bfbf6@group-F10CA6FB56ED:LeaderElection28] INFO  impl.LeaderElection (LeaderElection.java:askForVotes(182)) - a5c56bc8-e609-4560-873f-c4715c8bfbf6@group-F10CA6FB56ED:LeaderElection28: begin an election at term 3 for 0: [7e7e06ff-ff15-4a73-bf67-b60124f5dbc2:192.168.5.139:37758, a5c56bc8-e609-4560-873f-c4715c8bfbf6:192.168.5.139:44770, dc34f224-6fe7-4a16-b3d0-41df1e51aada:192.168.5.139:40510], old=null
2019-09-10 18:33:41,255 [a5c56bc8-e609-4560-873f-c4715c8bfbf6@group-F10CA6FB56ED:LeaderElection28] INFO  impl.LeaderElection (LogUtils.java:infoOrTrace(149)) - a5c56bc8-e609-4560-873f-c4715c8bfbf6@group-F10CA6FB56ED:LeaderElection28 got exception when requesting votes: {}
java.util.concurrent.ExecutionException: org.apache.ratis.thirdparty.io.grpc.StatusRuntimeException: UNAVAILABLE: io exception
	at java.util.concurrent.FutureTask.report(FutureTask.java:122)
	at java.util.concurrent.FutureTask.get(FutureTask.java:192)
	at org.apache.ratis.server.impl.LeaderElection.waitForResults(LeaderElection.java:263)
	at org.apache.ratis.server.impl.LeaderElection.askForVotes(LeaderElection.java:201)
	at org.apache.ratis.server.impl.LeaderElection.run(LeaderElection.java:133)
	at java.lang.Thread.run(Thread.java:748)
Caused by: org.apache.ratis.thirdparty.io.grpc.StatusRuntimeException: UNAVAILABLE: io exception
	at org.apache.ratis.thirdparty.io.grpc.stub.ClientCalls.toStatusRuntimeException(ClientCalls.java:233)
	at org.apache.ratis.thirdparty.io.grpc.stub.ClientCalls.getUnchecked(ClientCalls.java:214)
	at org.apache.ratis.thirdparty.io.grpc.stub.ClientCalls.blockingUnaryCall(ClientCalls.java:139)
	at org.apache.ratis.proto.grpc.RaftServerProtocolServiceGrpc$RaftServerProtocolServiceBlockingStub.requestVote(RaftServerProtocolServiceGrpc.java:265)
	at org.apache.ratis.grpc.server.GrpcServerProtocolClient.requestVote(GrpcServerProtocolClient.java:90)
	at org.apache.ratis.grpc.server.GrpcService.requestVote(GrpcService.java:204)
	at org.apache.ratis.server.impl.LeaderElection.lambda$submitRequests$1(LeaderElection.java:238)
	at java.util.concurrent.FutureTask.run(FutureTask.java:266)
	at java.util.concurrent.Executors$RunnableAdapter.call(Executors.java:511)
	at java.util.concurrent.FutureTask.run(FutureTask.java:266)
	at java.util.concurrent.ThreadPoolExecutor.runWorker(ThreadPoolExecutor.java:1149)
	at java.util.concurrent.ThreadPoolExecutor$Worker.run(ThreadPoolExecutor.java:624)
	... 1 more
Caused by: org.apache.ratis.thirdparty.io.netty.channel.AbstractChannel$AnnotatedConnectException: Connection refused: /192.168.5.139:40510
	at sun.nio.ch.SocketChannelImpl.checkConnect(Native Method)
	at sun.nio.ch.SocketChannelImpl.finishConnect(SocketChannelImpl.java:717)
	at org.apache.ratis.thirdparty.io.netty.channel.socket.nio.NioSocketChannel.doFinishConnect(NioSocketChannel.java:327)
	at org.apache.ratis.thirdparty.io.netty.channel.nio.AbstractNioChannel$AbstractNioUnsafe.finishConnect(AbstractNioChannel.java:340)
	at org.apache.ratis.thirdparty.io.netty.channel.nio.NioEventLoop.processSelectedKey(NioEventLoop.java:632)
	at org.apache.ratis.thirdparty.io.netty.channel.nio.NioEventLoop.processSelectedKeysOptimized(NioEventLoop.java:579)
	at org.apache.ratis.thirdparty.io.netty.channel.nio.NioEventLoop.processSelectedKeys(NioEventLoop.java:496)
	at org.apache.ratis.thirdparty.io.netty.channel.nio.NioEventLoop.run(NioEventLoop.java:458)
	at org.apache.ratis.thirdparty.io.netty.util.concurrent.SingleThreadEventExecutor$5.run(SingleThreadEventExecutor.java:897)
	at org.apache.ratis.thirdparty.io.netty.util.concurrent.FastThreadLocalRunnable.run(FastThreadLocalRunnable.java:30)
	... 1 more
Caused by: java.net.ConnectException: Connection refused
	... 11 more
2019-09-10 18:33:41,259 [a5c56bc8-e609-4560-873f-c4715c8bfbf6@group-F10CA6FB56ED:LeaderElection28] INFO  impl.LeaderElection (LogUtils.java:infoOrTrace(149)) - a5c56bc8-e609-4560-873f-c4715c8bfbf6@group-F10CA6FB56ED:LeaderElection28 got exception when requesting votes: {}
java.util.concurrent.ExecutionException: org.apache.ratis.thirdparty.io.grpc.StatusRuntimeException: UNAVAILABLE: io exception
	at java.util.concurrent.FutureTask.report(FutureTask.java:122)
	at java.util.concurrent.FutureTask.get(FutureTask.java:192)
	at org.apache.ratis.server.impl.LeaderElection.waitForResults(LeaderElection.java:263)
	at org.apache.ratis.server.impl.LeaderElection.askForVotes(LeaderElection.java:201)
	at org.apache.ratis.server.impl.LeaderElection.run(LeaderElection.java:133)
	at java.lang.Thread.run(Thread.java:748)
Caused by: org.apache.ratis.thirdparty.io.grpc.StatusRuntimeException: UNAVAILABLE: io exception
	at org.apache.ratis.thirdparty.io.grpc.stub.ClientCalls.toStatusRuntimeException(ClientCalls.java:233)
	at org.apache.ratis.thirdparty.io.grpc.stub.ClientCalls.getUnchecked(ClientCalls.java:214)
	at org.apache.ratis.thirdparty.io.grpc.stub.ClientCalls.blockingUnaryCall(ClientCalls.java:139)
	at org.apache.ratis.proto.grpc.RaftServerProtocolServiceGrpc$RaftServerProtocolServiceBlockingStub.requestVote(RaftServerProtocolServiceGrpc.java:265)
	at org.apache.ratis.grpc.server.GrpcServerProtocolClient.requestVote(GrpcServerProtocolClient.java:90)
	at org.apache.ratis.grpc.server.GrpcService.requestVote(GrpcService.java:204)
	at org.apache.ratis.server.impl.LeaderElection.lambda$submitRequests$1(LeaderElection.java:238)
	at java.util.concurrent.FutureTask.run(FutureTask.java:266)
	at java.util.concurrent.Executors$RunnableAdapter.call(Executors.java:511)
	at java.util.concurrent.FutureTask.run(FutureTask.java:266)
	at java.util.concurrent.ThreadPoolExecutor.runWorker(ThreadPoolExecutor.java:1149)
	at java.util.concurrent.ThreadPoolExecutor$Worker.run(ThreadPoolExecutor.java:624)
	... 1 more
Caused by: org.apache.ratis.thirdparty.io.netty.channel.AbstractChannel$AnnotatedConnectException: Connection refused: /192.168.5.139:37758
	at sun.nio.ch.SocketChannelImpl.checkConnect(Native Method)
	at sun.nio.ch.SocketChannelImpl.finishConnect(SocketChannelImpl.java:717)
	at org.apache.ratis.thirdparty.io.netty.channel.socket.nio.NioSocketChannel.doFinishConnect(NioSocketChannel.java:327)
	at org.apache.ratis.thirdparty.io.netty.channel.nio.AbstractNioChannel$AbstractNioUnsafe.finishConnect(AbstractNioChannel.java:340)
	at org.apache.ratis.thirdparty.io.netty.channel.nio.NioEventLoop.processSelectedKey(NioEventLoop.java:632)
	at org.apache.ratis.thirdparty.io.netty.channel.nio.NioEventLoop.processSelectedKeysOptimized(NioEventLoop.java:579)
	at org.apache.ratis.thirdparty.io.netty.channel.nio.NioEventLoop.processSelectedKeys(NioEventLoop.java:496)
	at org.apache.ratis.thirdparty.io.netty.channel.nio.NioEventLoop.run(NioEventLoop.java:458)
	at org.apache.ratis.thirdparty.io.netty.util.concurrent.SingleThreadEventExecutor$5.run(SingleThreadEventExecutor.java:897)
	at org.apache.ratis.thirdparty.io.netty.util.concurrent.FastThreadLocalRunnable.run(FastThreadLocalRunnable.java:30)
	... 1 more
Caused by: java.net.ConnectException: Connection refused
	... 11 more
2019-09-10 18:33:41,262 [a5c56bc8-e609-4560-873f-c4715c8bfbf6@group-F10CA6FB56ED:LeaderElection28] INFO  impl.LeaderElection (LeaderElection.java:logAndReturn(56)) - a5c56bc8-e609-4560-873f-c4715c8bfbf6@group-F10CA6FB56ED:LeaderElection28: Election REJECTED; received 0 response(s) [] and 2 exception(s); a5c56bc8-e609-4560-873f-c4715c8bfbf6@group-F10CA6FB56ED:t3, leader=null, voted=a5c56bc8-e609-4560-873f-c4715c8bfbf6, raftlog=a5c56bc8-e609-4560-873f-c4715c8bfbf6@group-F10CA6FB56ED-SegmentedRaftLog:OPENED:c32,f32,i32, conf=0: [7e7e06ff-ff15-4a73-bf67-b60124f5dbc2:192.168.5.139:37758, a5c56bc8-e609-4560-873f-c4715c8bfbf6:192.168.5.139:44770, dc34f224-6fe7-4a16-b3d0-41df1e51aada:192.168.5.139:40510], old=null
2019-09-10 18:33:41,263 [a5c56bc8-e609-4560-873f-c4715c8bfbf6@group-F10CA6FB56ED:LeaderElection28] INFO  impl.LeaderElection (LogUtils.java:infoOrTrace(149)) -   Exception 0: {}
java.util.concurrent.ExecutionException: org.apache.ratis.thirdparty.io.grpc.StatusRuntimeException: UNAVAILABLE: io exception
	at java.util.concurrent.FutureTask.report(FutureTask.java:122)
	at java.util.concurrent.FutureTask.get(FutureTask.java:192)
	at org.apache.ratis.server.impl.LeaderElection.waitForResults(LeaderElection.java:263)
	at org.apache.ratis.server.impl.LeaderElection.askForVotes(LeaderElection.java:201)
	at org.apache.ratis.server.impl.LeaderElection.run(LeaderElection.java:133)
	at java.lang.Thread.run(Thread.java:748)
Caused by: org.apache.ratis.thirdparty.io.grpc.StatusRuntimeException: UNAVAILABLE: io exception
	at org.apache.ratis.thirdparty.io.grpc.stub.ClientCalls.toStatusRuntimeException(ClientCalls.java:233)
	at org.apache.ratis.thirdparty.io.grpc.stub.ClientCalls.getUnchecked(ClientCalls.java:214)
	at org.apache.ratis.thirdparty.io.grpc.stub.ClientCalls.blockingUnaryCall(ClientCalls.java:139)
	at org.apache.ratis.proto.grpc.RaftServerProtocolServiceGrpc$RaftServerProtocolServiceBlockingStub.requestVote(RaftServerProtocolServiceGrpc.java:265)
	at org.apache.ratis.grpc.server.GrpcServerProtocolClient.requestVote(GrpcServerProtocolClient.java:90)
	at org.apache.ratis.grpc.server.GrpcService.requestVote(GrpcService.java:204)
	at org.apache.ratis.server.impl.LeaderElection.lambda$submitRequests$1(LeaderElection.java:238)
	at java.util.concurrent.FutureTask.run(FutureTask.java:266)
	at java.util.concurrent.Executors$RunnableAdapter.call(Executors.java:511)
	at java.util.concurrent.FutureTask.run(FutureTask.java:266)
	at java.util.concurrent.ThreadPoolExecutor.runWorker(ThreadPoolExecutor.java:1149)
	at java.util.concurrent.ThreadPoolExecutor$Worker.run(ThreadPoolExecutor.java:624)
	... 1 more
Caused by: org.apache.ratis.thirdparty.io.netty.channel.AbstractChannel$AnnotatedConnectException: Connection refused: /192.168.5.139:40510
	at sun.nio.ch.SocketChannelImpl.checkConnect(Native Method)
	at sun.nio.ch.SocketChannelImpl.finishConnect(SocketChannelImpl.java:717)
	at org.apache.ratis.thirdparty.io.netty.channel.socket.nio.NioSocketChannel.doFinishConnect(NioSocketChannel.java:327)
	at org.apache.ratis.thirdparty.io.netty.channel.nio.AbstractNioChannel$AbstractNioUnsafe.finishConnect(AbstractNioChannel.java:340)
	at org.apache.ratis.thirdparty.io.netty.channel.nio.NioEventLoop.processSelectedKey(NioEventLoop.java:632)
	at org.apache.ratis.thirdparty.io.netty.channel.nio.NioEventLoop.processSelectedKeysOptimized(NioEventLoop.java:579)
	at org.apache.ratis.thirdparty.io.netty.channel.nio.NioEventLoop.processSelectedKeys(NioEventLoop.java:496)
	at org.apache.ratis.thirdparty.io.netty.channel.nio.NioEventLoop.run(NioEventLoop.java:458)
	at org.apache.ratis.thirdparty.io.netty.util.concurrent.SingleThreadEventExecutor$5.run(SingleThreadEventExecutor.java:897)
	at org.apache.ratis.thirdparty.io.netty.util.concurrent.FastThreadLocalRunnable.run(FastThreadLocalRunnable.java:30)
	... 1 more
Caused by: java.net.ConnectException: Connection refused
	... 11 more
2019-09-10 18:33:41,264 [a5c56bc8-e609-4560-873f-c4715c8bfbf6@group-F10CA6FB56ED:LeaderElection28] INFO  impl.LeaderElection (LogUtils.java:infoOrTrace(149)) -   Exception 1: {}
java.util.concurrent.ExecutionException: org.apache.ratis.thirdparty.io.grpc.StatusRuntimeException: UNAVAILABLE: io exception
	at java.util.concurrent.FutureTask.report(FutureTask.java:122)
	at java.util.concurrent.FutureTask.get(FutureTask.java:192)
	at org.apache.ratis.server.impl.LeaderElection.waitForResults(LeaderElection.java:263)
	at org.apache.ratis.server.impl.LeaderElection.askForVotes(LeaderElection.java:201)
	at org.apache.ratis.server.impl.LeaderElection.run(LeaderElection.java:133)
	at java.lang.Thread.run(Thread.java:748)
Caused by: org.apache.ratis.thirdparty.io.grpc.StatusRuntimeException: UNAVAILABLE: io exception
	at org.apache.ratis.thirdparty.io.grpc.stub.ClientCalls.toStatusRuntimeException(ClientCalls.java:233)
	at org.apache.ratis.thirdparty.io.grpc.stub.ClientCalls.getUnchecked(ClientCalls.java:214)
	at org.apache.ratis.thirdparty.io.grpc.stub.ClientCalls.blockingUnaryCall(ClientCalls.java:139)
	at org.apache.ratis.proto.grpc.RaftServerProtocolServiceGrpc$RaftServerProtocolServiceBlockingStub.requestVote(RaftServerProtocolServiceGrpc.java:265)
	at org.apache.ratis.grpc.server.GrpcServerProtocolClient.requestVote(GrpcServerProtocolClient.java:90)
	at org.apache.ratis.grpc.server.GrpcService.requestVote(GrpcService.java:204)
	at org.apache.ratis.server.impl.LeaderElection.lambda$submitRequests$1(LeaderElection.java:238)
	at java.util.concurrent.FutureTask.run(FutureTask.java:266)
	at java.util.concurrent.Executors$RunnableAdapter.call(Executors.java:511)
	at java.util.concurrent.FutureTask.run(FutureTask.java:266)
	at java.util.concurrent.ThreadPoolExecutor.runWorker(ThreadPoolExecutor.java:1149)
	at java.util.concurrent.ThreadPoolExecutor$Worker.run(ThreadPoolExecutor.java:624)
	... 1 more
Caused by: org.apache.ratis.thirdparty.io.netty.channel.AbstractChannel$AnnotatedConnectException: Connection refused: /192.168.5.139:37758
	at sun.nio.ch.SocketChannelImpl.checkConnect(Native Method)
	at sun.nio.ch.SocketChannelImpl.finishConnect(SocketChannelImpl.java:717)
	at org.apache.ratis.thirdparty.io.netty.channel.socket.nio.NioSocketChannel.doFinishConnect(NioSocketChannel.java:327)
	at org.apache.ratis.thirdparty.io.netty.channel.nio.AbstractNioChannel$AbstractNioUnsafe.finishConnect(AbstractNioChannel.java:340)
	at org.apache.ratis.thirdparty.io.netty.channel.nio.NioEventLoop.processSelectedKey(NioEventLoop.java:632)
	at org.apache.ratis.thirdparty.io.netty.channel.nio.NioEventLoop.processSelectedKeysOptimized(NioEventLoop.java:579)
	at org.apache.ratis.thirdparty.io.netty.channel.nio.NioEventLoop.processSelectedKeys(NioEventLoop.java:496)
	at org.apache.ratis.thirdparty.io.netty.channel.nio.NioEventLoop.run(NioEventLoop.java:458)
	at org.apache.ratis.thirdparty.io.netty.util.concurrent.SingleThreadEventExecutor$5.run(SingleThreadEventExecutor.java:897)
	at org.apache.ratis.thirdparty.io.netty.util.concurrent.FastThreadLocalRunnable.run(FastThreadLocalRunnable.java:30)
	... 1 more
Caused by: java.net.ConnectException: Connection refused
	... 11 more
2019-09-10 18:33:41,267 [a5c56bc8-e609-4560-873f-c4715c8bfbf6@group-F10CA6FB56ED:LeaderElection28] INFO  impl.RaftServerImpl (RaftServerImpl.java:setRole(174)) - a5c56bc8-e609-4560-873f-c4715c8bfbf6@group-F10CA6FB56ED: changes role from CANDIDATE to FOLLOWER at term 3 for DISCOVERED_A_NEW_TERM
2019-09-10 18:33:41,267 [a5c56bc8-e609-4560-873f-c4715c8bfbf6@group-F10CA6FB56ED:LeaderElection28] INFO  impl.RoleInfo (RoleInfo.java:shutdownLeaderElection(134)) - a5c56bc8-e609-4560-873f-c4715c8bfbf6: shutdown LeaderElection
2019-09-10 18:33:41,267 [a5c56bc8-e609-4560-873f-c4715c8bfbf6@group-F10CA6FB56ED:LeaderElection28] INFO  impl.RoleInfo (RoleInfo.java:updateAndGet(143)) - a5c56bc8-e609-4560-873f-c4715c8bfbf6: start FollowerState
2019-09-10 18:33:41,479 [java.util.concurrent.ThreadPoolExecutor$Worker@2130bf45[State = -1, empty queue]] WARN  server.GrpcLogAppender (GrpcLogAppender.java:timeoutAppendRequest(200)) - 59afee6f-3342-47f6-8cd2-a67165187773@group-C790A911BCD5->f9c92805-78f9-4aa2-ad11-0f5c06c060e3-GrpcLogAppender: appendEntries Timeout, request=59afee6f-3342-47f6-8cd2-a67165187773->f9c92805-78f9-4aa2-ad11-0f5c06c060e3#99-t3, previous=(t:3, i:20), leaderCommit=16, initializing? false, entries: <empty>
2019-09-10 18:33:41,479 [java.util.concurrent.ThreadPoolExecutor$Worker@781538ae[State = -1, empty queue]] WARN  server.GrpcLogAppender (GrpcLogAppender.java:timeoutAppendRequest(200)) - 59afee6f-3342-47f6-8cd2-a67165187773@group-C790A911BCD5->fc430ad7-c10f-4afd-84a3-4263b60fc3a5-GrpcLogAppender: appendEntries Timeout, request=59afee6f-3342-47f6-8cd2-a67165187773->fc430ad7-c10f-4afd-84a3-4263b60fc3a5#99-t3, previous=(t:3, i:20), leaderCommit=16, initializing? false, entries: <empty>
2019-09-10 18:33:41,545 [Thread-1171] INFO  client.GrpcClientProtocolService (GrpcClientProtocolService.java:lambda$processClientRequest$0(278)) - Failed RaftClientRequest:client-0789F71498A2->a5c56bc8-e609-4560-873f-c4715c8bfbf6@group-F10CA6FB56ED, cid=52, seq=0, Watch-ALL_COMMITTED(28), Message:<EMPTY>, reply=RaftClientReply:client-0789F71498A2->a5c56bc8-e609-4560-873f-c4715c8bfbf6@group-F10CA6FB56ED, cid=52, FAILED org.apache.ratis.protocol.NotLeaderException: Server a5c56bc8-e609-4560-873f-c4715c8bfbf6@group-F10CA6FB56ED is not the leader, logIndex=0, commits[a5c56bc8-e609-4560-873f-c4715c8bfbf6:c32, 7e7e06ff-ff15-4a73-bf67-b60124f5dbc2:c32, dc34f224-6fe7-4a16-b3d0-41df1e51aada:c24]
2019-09-10 18:33:41,551 [grpc-default-executor-1] INFO  client.GrpcClientProtocolClient (GrpcClientProtocolClient.java:onNext(264)) - client-0789F71498A2->a5c56bc8-e609-4560-873f-c4715c8bfbf6: receive RaftClientReply:client-0789F71498A2->a5c56bc8-e609-4560-873f-c4715c8bfbf6@group-F10CA6FB56ED, cid=52, FAILED org.apache.ratis.protocol.NotLeaderException: Server a5c56bc8-e609-4560-873f-c4715c8bfbf6@group-F10CA6FB56ED is not the leader, logIndex=0, commits[a5c56bc8-e609-4560-873f-c4715c8bfbf6:c32, 7e7e06ff-ff15-4a73-bf67-b60124f5dbc2:c32, dc34f224-6fe7-4a16-b3d0-41df1e51aada:c24]
2019-09-10 18:33:41,982 [java.util.concurrent.ThreadPoolExecutor$Worker@781538ae[State = -1, empty queue]] WARN  server.GrpcLogAppender (GrpcLogAppender.java:timeoutAppendRequest(200)) - 59afee6f-3342-47f6-8cd2-a67165187773@group-C790A911BCD5->fc430ad7-c10f-4afd-84a3-4263b60fc3a5-GrpcLogAppender: appendEntries Timeout, request=59afee6f-3342-47f6-8cd2-a67165187773->fc430ad7-c10f-4afd-84a3-4263b60fc3a5#100-t3, previous=(t:3, i:20), leaderCommit=16, initializing? false, entries: <empty>
2019-09-10 18:33:41,982 [java.util.concurrent.ThreadPoolExecutor$Worker@2130bf45[State = -1, empty queue]] WARN  server.GrpcLogAppender (GrpcLogAppender.java:timeoutAppendRequest(200)) - 59afee6f-3342-47f6-8cd2-a67165187773@group-C790A911BCD5->f9c92805-78f9-4aa2-ad11-0f5c06c060e3-GrpcLogAppender: appendEntries Timeout, request=59afee6f-3342-47f6-8cd2-a67165187773->f9c92805-78f9-4aa2-ad11-0f5c06c060e3#100-t3, previous=(t:3, i:20), leaderCommit=16, initializing? false, entries: <empty>
2019-09-10 18:33:42,328 [Thread-1167] INFO  impl.FollowerState (FollowerState.java:run(106)) - a5c56bc8-e609-4560-873f-c4715c8bfbf6:group-F10CA6FB56ED changes to CANDIDATE, lastRpcTime:1060, electionTimeout:1060ms
2019-09-10 18:33:42,328 [Thread-1167] INFO  impl.RoleInfo (RoleInfo.java:shutdownFollowerState(121)) - a5c56bc8-e609-4560-873f-c4715c8bfbf6: shutdown FollowerState
2019-09-10 18:33:42,328 [Thread-1167] INFO  impl.RaftServerImpl (RaftServerImpl.java:setRole(174)) - a5c56bc8-e609-4560-873f-c4715c8bfbf6@group-F10CA6FB56ED: changes role from  FOLLOWER to CANDIDATE at term 3 for changeToCandidate
2019-09-10 18:33:42,329 [Thread-1167] INFO  impl.RoleInfo (RoleInfo.java:updateAndGet(143)) - a5c56bc8-e609-4560-873f-c4715c8bfbf6: start LeaderElection
2019-09-10 18:33:42,358 [a5c56bc8-e609-4560-873f-c4715c8bfbf6@group-F10CA6FB56ED:LeaderElection29] INFO  impl.LeaderElection (LeaderElection.java:askForVotes(182)) - a5c56bc8-e609-4560-873f-c4715c8bfbf6@group-F10CA6FB56ED:LeaderElection29: begin an election at term 4 for 0: [7e7e06ff-ff15-4a73-bf67-b60124f5dbc2:192.168.5.139:37758, a5c56bc8-e609-4560-873f-c4715c8bfbf6:192.168.5.139:44770, dc34f224-6fe7-4a16-b3d0-41df1e51aada:192.168.5.139:40510], old=null
2019-09-10 18:33:42,359 [a5c56bc8-e609-4560-873f-c4715c8bfbf6@group-F10CA6FB56ED:LeaderElection29] INFO  impl.LeaderElection (LogUtils.java:infoOrTrace(149)) - a5c56bc8-e609-4560-873f-c4715c8bfbf6@group-F10CA6FB56ED:LeaderElection29 got exception when requesting votes: {}
java.util.concurrent.ExecutionException: org.apache.ratis.thirdparty.io.grpc.StatusRuntimeException: UNAVAILABLE: io exception
	at java.util.concurrent.FutureTask.report(FutureTask.java:122)
	at java.util.concurrent.FutureTask.get(FutureTask.java:192)
	at org.apache.ratis.server.impl.LeaderElection.waitForResults(LeaderElection.java:263)
	at org.apache.ratis.server.impl.LeaderElection.askForVotes(LeaderElection.java:201)
	at org.apache.ratis.server.impl.LeaderElection.run(LeaderElection.java:133)
	at java.lang.Thread.run(Thread.java:748)
Caused by: org.apache.ratis.thirdparty.io.grpc.StatusRuntimeException: UNAVAILABLE: io exception
	at org.apache.ratis.thirdparty.io.grpc.stub.ClientCalls.toStatusRuntimeException(ClientCalls.java:233)
	at org.apache.ratis.thirdparty.io.grpc.stub.ClientCalls.getUnchecked(ClientCalls.java:214)
	at org.apache.ratis.thirdparty.io.grpc.stub.ClientCalls.blockingUnaryCall(ClientCalls.java:139)
	at org.apache.ratis.proto.grpc.RaftServerProtocolServiceGrpc$RaftServerProtocolServiceBlockingStub.requestVote(RaftServerProtocolServiceGrpc.java:265)
	at org.apache.ratis.grpc.server.GrpcServerProtocolClient.requestVote(GrpcServerProtocolClient.java:90)
	at org.apache.ratis.grpc.server.GrpcService.requestVote(GrpcService.java:204)
	at org.apache.ratis.server.impl.LeaderElection.lambda$submitRequests$1(LeaderElection.java:238)
	at java.util.concurrent.FutureTask.run(FutureTask.java:266)
	at java.util.concurrent.Executors$RunnableAdapter.call(Executors.java:511)
	at java.util.concurrent.FutureTask.run(FutureTask.java:266)
	at java.util.concurrent.ThreadPoolExecutor.runWorker(ThreadPoolExecutor.java:1149)
	at java.util.concurrent.ThreadPoolExecutor$Worker.run(ThreadPoolExecutor.java:624)
	... 1 more
Caused by: org.apache.ratis.thirdparty.io.netty.channel.AbstractChannel$AnnotatedConnectException: Connection refused: /192.168.5.139:40510
	at sun.nio.ch.SocketChannelImpl.checkConnect(Native Method)
	at sun.nio.ch.SocketChannelImpl.finishConnect(SocketChannelImpl.java:717)
	at org.apache.ratis.thirdparty.io.netty.channel.socket.nio.NioSocketChannel.doFinishConnect(NioSocketChannel.java:327)
	at org.apache.ratis.thirdparty.io.netty.channel.nio.AbstractNioChannel$AbstractNioUnsafe.finishConnect(AbstractNioChannel.java:340)
	at org.apache.ratis.thirdparty.io.netty.channel.nio.NioEventLoop.processSelectedKey(NioEventLoop.java:632)
	at org.apache.ratis.thirdparty.io.netty.channel.nio.NioEventLoop.processSelectedKeysOptimized(NioEventLoop.java:579)
	at org.apache.ratis.thirdparty.io.netty.channel.nio.NioEventLoop.processSelectedKeys(NioEventLoop.java:496)
	at org.apache.ratis.thirdparty.io.netty.channel.nio.NioEventLoop.run(NioEventLoop.java:458)
	at org.apache.ratis.thirdparty.io.netty.util.concurrent.SingleThreadEventExecutor$5.run(SingleThreadEventExecutor.java:897)
	at org.apache.ratis.thirdparty.io.netty.util.concurrent.FastThreadLocalRunnable.run(FastThreadLocalRunnable.java:30)
	... 1 more
Caused by: java.net.ConnectException: Connection refused
	... 11 more
2019-09-10 18:33:42,363 [a5c56bc8-e609-4560-873f-c4715c8bfbf6@group-F10CA6FB56ED:LeaderElection29] INFO  impl.LeaderElection (LogUtils.java:infoOrTrace(149)) - a5c56bc8-e609-4560-873f-c4715c8bfbf6@group-F10CA6FB56ED:LeaderElection29 got exception when requesting votes: {}
java.util.concurrent.ExecutionException: org.apache.ratis.thirdparty.io.grpc.StatusRuntimeException: UNAVAILABLE: io exception
	at java.util.concurrent.FutureTask.report(FutureTask.java:122)
	at java.util.concurrent.FutureTask.get(FutureTask.java:192)
	at org.apache.ratis.server.impl.LeaderElection.waitForResults(LeaderElection.java:263)
	at org.apache.ratis.server.impl.LeaderElection.askForVotes(LeaderElection.java:201)
	at org.apache.ratis.server.impl.LeaderElection.run(LeaderElection.java:133)
	at java.lang.Thread.run(Thread.java:748)
Caused by: org.apache.ratis.thirdparty.io.grpc.StatusRuntimeException: UNAVAILABLE: io exception
	at org.apache.ratis.thirdparty.io.grpc.stub.ClientCalls.toStatusRuntimeException(ClientCalls.java:233)
	at org.apache.ratis.thirdparty.io.grpc.stub.ClientCalls.getUnchecked(ClientCalls.java:214)
	at org.apache.ratis.thirdparty.io.grpc.stub.ClientCalls.blockingUnaryCall(ClientCalls.java:139)
	at org.apache.ratis.proto.grpc.RaftServerProtocolServiceGrpc$RaftServerProtocolServiceBlockingStub.requestVote(RaftServerProtocolServiceGrpc.java:265)
	at org.apache.ratis.grpc.server.GrpcServerProtocolClient.requestVote(GrpcServerProtocolClient.java:90)
	at org.apache.ratis.grpc.server.GrpcService.requestVote(GrpcService.java:204)
	at org.apache.ratis.server.impl.LeaderElection.lambda$submitRequests$1(LeaderElection.java:238)
	at java.util.concurrent.FutureTask.run(FutureTask.java:266)
	at java.util.concurrent.Executors$RunnableAdapter.call(Executors.java:511)
	at java.util.concurrent.FutureTask.run(FutureTask.java:266)
	at java.util.concurrent.ThreadPoolExecutor.runWorker(ThreadPoolExecutor.java:1149)
	at java.util.concurrent.ThreadPoolExecutor$Worker.run(ThreadPoolExecutor.java:624)
	... 1 more
Caused by: org.apache.ratis.thirdparty.io.netty.channel.AbstractChannel$AnnotatedConnectException: Connection refused: /192.168.5.139:37758
	at sun.nio.ch.SocketChannelImpl.checkConnect(Native Method)
	at sun.nio.ch.SocketChannelImpl.finishConnect(SocketChannelImpl.java:717)
	at org.apache.ratis.thirdparty.io.netty.channel.socket.nio.NioSocketChannel.doFinishConnect(NioSocketChannel.java:327)
	at org.apache.ratis.thirdparty.io.netty.channel.nio.AbstractNioChannel$AbstractNioUnsafe.finishConnect(AbstractNioChannel.java:340)
	at org.apache.ratis.thirdparty.io.netty.channel.nio.NioEventLoop.processSelectedKey(NioEventLoop.java:632)
	at org.apache.ratis.thirdparty.io.netty.channel.nio.NioEventLoop.processSelectedKeysOptimized(NioEventLoop.java:579)
	at org.apache.ratis.thirdparty.io.netty.channel.nio.NioEventLoop.processSelectedKeys(NioEventLoop.java:496)
	at org.apache.ratis.thirdparty.io.netty.channel.nio.NioEventLoop.run(NioEventLoop.java:458)
	at org.apache.ratis.thirdparty.io.netty.util.concurrent.SingleThreadEventExecutor$5.run(SingleThreadEventExecutor.java:897)
	at org.apache.ratis.thirdparty.io.netty.util.concurrent.FastThreadLocalRunnable.run(FastThreadLocalRunnable.java:30)
	... 1 more
Caused by: java.net.ConnectException: Connection refused
	... 11 more
2019-09-10 18:33:42,367 [a5c56bc8-e609-4560-873f-c4715c8bfbf6@group-F10CA6FB56ED:LeaderElection29] INFO  impl.LeaderElection (LeaderElection.java:logAndReturn(56)) - a5c56bc8-e609-4560-873f-c4715c8bfbf6@group-F10CA6FB56ED:LeaderElection29: Election REJECTED; received 0 response(s) [] and 2 exception(s); a5c56bc8-e609-4560-873f-c4715c8bfbf6@group-F10CA6FB56ED:t4, leader=null, voted=a5c56bc8-e609-4560-873f-c4715c8bfbf6, raftlog=a5c56bc8-e609-4560-873f-c4715c8bfbf6@group-F10CA6FB56ED-SegmentedRaftLog:OPENED:c32,f32,i32, conf=0: [7e7e06ff-ff15-4a73-bf67-b60124f5dbc2:192.168.5.139:37758, a5c56bc8-e609-4560-873f-c4715c8bfbf6:192.168.5.139:44770, dc34f224-6fe7-4a16-b3d0-41df1e51aada:192.168.5.139:40510], old=null
2019-09-10 18:33:42,367 [a5c56bc8-e609-4560-873f-c4715c8bfbf6@group-F10CA6FB56ED:LeaderElection29] INFO  impl.LeaderElection (LogUtils.java:infoOrTrace(149)) -   Exception 0: {}
java.util.concurrent.ExecutionException: org.apache.ratis.thirdparty.io.grpc.StatusRuntimeException: UNAVAILABLE: io exception
	at java.util.concurrent.FutureTask.report(FutureTask.java:122)
	at java.util.concurrent.FutureTask.get(FutureTask.java:192)
	at org.apache.ratis.server.impl.LeaderElection.waitForResults(LeaderElection.java:263)
	at org.apache.ratis.server.impl.LeaderElection.askForVotes(LeaderElection.java:201)
	at org.apache.ratis.server.impl.LeaderElection.run(LeaderElection.java:133)
	at java.lang.Thread.run(Thread.java:748)
Caused by: org.apache.ratis.thirdparty.io.grpc.StatusRuntimeException: UNAVAILABLE: io exception
	at org.apache.ratis.thirdparty.io.grpc.stub.ClientCalls.toStatusRuntimeException(ClientCalls.java:233)
	at org.apache.ratis.thirdparty.io.grpc.stub.ClientCalls.getUnchecked(ClientCalls.java:214)
	at org.apache.ratis.thirdparty.io.grpc.stub.ClientCalls.blockingUnaryCall(ClientCalls.java:139)
	at org.apache.ratis.proto.grpc.RaftServerProtocolServiceGrpc$RaftServerProtocolServiceBlockingStub.requestVote(RaftServerProtocolServiceGrpc.java:265)
	at org.apache.ratis.grpc.server.GrpcServerProtocolClient.requestVote(GrpcServerProtocolClient.java:90)
	at org.apache.ratis.grpc.server.GrpcService.requestVote(GrpcService.java:204)
	at org.apache.ratis.server.impl.LeaderElection.lambda$submitRequests$1(LeaderElection.java:238)
	at java.util.concurrent.FutureTask.run(FutureTask.java:266)
	at java.util.concurrent.Executors$RunnableAdapter.call(Executors.java:511)
	at java.util.concurrent.FutureTask.run(FutureTask.java:266)
	at java.util.concurrent.ThreadPoolExecutor.runWorker(ThreadPoolExecutor.java:1149)
	at java.util.concurrent.ThreadPoolExecutor$Worker.run(ThreadPoolExecutor.java:624)
	... 1 more
Caused by: org.apache.ratis.thirdparty.io.netty.channel.AbstractChannel$AnnotatedConnectException: Connection refused: /192.168.5.139:40510
	at sun.nio.ch.SocketChannelImpl.checkConnect(Native Method)
	at sun.nio.ch.SocketChannelImpl.finishConnect(SocketChannelImpl.java:717)
	at org.apache.ratis.thirdparty.io.netty.channel.socket.nio.NioSocketChannel.doFinishConnect(NioSocketChannel.java:327)
	at org.apache.ratis.thirdparty.io.netty.channel.nio.AbstractNioChannel$AbstractNioUnsafe.finishConnect(AbstractNioChannel.java:340)
	at org.apache.ratis.thirdparty.io.netty.channel.nio.NioEventLoop.processSelectedKey(NioEventLoop.java:632)
	at org.apache.ratis.thirdparty.io.netty.channel.nio.NioEventLoop.processSelectedKeysOptimized(NioEventLoop.java:579)
	at org.apache.ratis.thirdparty.io.netty.channel.nio.NioEventLoop.processSelectedKeys(NioEventLoop.java:496)
	at org.apache.ratis.thirdparty.io.netty.channel.nio.NioEventLoop.run(NioEventLoop.java:458)
	at org.apache.ratis.thirdparty.io.netty.util.concurrent.SingleThreadEventExecutor$5.run(SingleThreadEventExecutor.java:897)
	at org.apache.ratis.thirdparty.io.netty.util.concurrent.FastThreadLocalRunnable.run(FastThreadLocalRunnable.java:30)
	... 1 more
Caused by: java.net.ConnectException: Connection refused
	... 11 more
2019-09-10 18:33:42,367 [a5c56bc8-e609-4560-873f-c4715c8bfbf6@group-F10CA6FB56ED:LeaderElection29] INFO  impl.LeaderElection (LogUtils.java:infoOrTrace(149)) -   Exception 1: {}
java.util.concurrent.ExecutionException: org.apache.ratis.thirdparty.io.grpc.StatusRuntimeException: UNAVAILABLE: io exception
	at java.util.concurrent.FutureTask.report(FutureTask.java:122)
	at java.util.concurrent.FutureTask.get(FutureTask.java:192)
	at org.apache.ratis.server.impl.LeaderElection.waitForResults(LeaderElection.java:263)
	at org.apache.ratis.server.impl.LeaderElection.askForVotes(LeaderElection.java:201)
	at org.apache.ratis.server.impl.LeaderElection.run(LeaderElection.java:133)
	at java.lang.Thread.run(Thread.java:748)
Caused by: org.apache.ratis.thirdparty.io.grpc.StatusRuntimeException: UNAVAILABLE: io exception
	at org.apache.ratis.thirdparty.io.grpc.stub.ClientCalls.toStatusRuntimeException(ClientCalls.java:233)
	at org.apache.ratis.thirdparty.io.grpc.stub.ClientCalls.getUnchecked(ClientCalls.java:214)
	at org.apache.ratis.thirdparty.io.grpc.stub.ClientCalls.blockingUnaryCall(ClientCalls.java:139)
	at org.apache.ratis.proto.grpc.RaftServerProtocolServiceGrpc$RaftServerProtocolServiceBlockingStub.requestVote(RaftServerProtocolServiceGrpc.java:265)
	at org.apache.ratis.grpc.server.GrpcServerProtocolClient.requestVote(GrpcServerProtocolClient.java:90)
	at org.apache.ratis.grpc.server.GrpcService.requestVote(GrpcService.java:204)
	at org.apache.ratis.server.impl.LeaderElection.lambda$submitRequests$1(LeaderElection.java:238)
	at java.util.concurrent.FutureTask.run(FutureTask.java:266)
	at java.util.concurrent.Executors$RunnableAdapter.call(Executors.java:511)
	at java.util.concurrent.FutureTask.run(FutureTask.java:266)
	at java.util.concurrent.ThreadPoolExecutor.runWorker(ThreadPoolExecutor.java:1149)
	at java.util.concurrent.ThreadPoolExecutor$Worker.run(ThreadPoolExecutor.java:624)
	... 1 more
Caused by: org.apache.ratis.thirdparty.io.netty.channel.AbstractChannel$AnnotatedConnectException: Connection refused: /192.168.5.139:37758
	at sun.nio.ch.SocketChannelImpl.checkConnect(Native Method)
	at sun.nio.ch.SocketChannelImpl.finishConnect(SocketChannelImpl.java:717)
	at org.apache.ratis.thirdparty.io.netty.channel.socket.nio.NioSocketChannel.doFinishConnect(NioSocketChannel.java:327)
	at org.apache.ratis.thirdparty.io.netty.channel.nio.AbstractNioChannel$AbstractNioUnsafe.finishConnect(AbstractNioChannel.java:340)
	at org.apache.ratis.thirdparty.io.netty.channel.nio.NioEventLoop.processSelectedKey(NioEventLoop.java:632)
	at org.apache.ratis.thirdparty.io.netty.channel.nio.NioEventLoop.processSelectedKeysOptimized(NioEventLoop.java:579)
	at org.apache.ratis.thirdparty.io.netty.channel.nio.NioEventLoop.processSelectedKeys(NioEventLoop.java:496)
	at org.apache.ratis.thirdparty.io.netty.channel.nio.NioEventLoop.run(NioEventLoop.java:458)
	at org.apache.ratis.thirdparty.io.netty.util.concurrent.SingleThreadEventExecutor$5.run(SingleThreadEventExecutor.java:897)
	at org.apache.ratis.thirdparty.io.netty.util.concurrent.FastThreadLocalRunnable.run(FastThreadLocalRunnable.java:30)
	... 1 more
Caused by: java.net.ConnectException: Connection refused
	... 11 more
2019-09-10 18:33:42,368 [a5c56bc8-e609-4560-873f-c4715c8bfbf6@group-F10CA6FB56ED:LeaderElection29] INFO  impl.RaftServerImpl (RaftServerImpl.java:setRole(174)) - a5c56bc8-e609-4560-873f-c4715c8bfbf6@group-F10CA6FB56ED: changes role from CANDIDATE to FOLLOWER at term 4 for DISCOVERED_A_NEW_TERM
2019-09-10 18:33:42,369 [a5c56bc8-e609-4560-873f-c4715c8bfbf6@group-F10CA6FB56ED:LeaderElection29] INFO  impl.RoleInfo (RoleInfo.java:shutdownLeaderElection(134)) - a5c56bc8-e609-4560-873f-c4715c8bfbf6: shutdown LeaderElection
2019-09-10 18:33:42,369 [a5c56bc8-e609-4560-873f-c4715c8bfbf6@group-F10CA6FB56ED:LeaderElection29] INFO  impl.RoleInfo (RoleInfo.java:updateAndGet(143)) - a5c56bc8-e609-4560-873f-c4715c8bfbf6: start FollowerState
2019-09-10 18:33:42,485 [java.util.concurrent.ThreadPoolExecutor$Worker@781538ae[State = -1, empty queue]] WARN  server.GrpcLogAppender (GrpcLogAppender.java:timeoutAppendRequest(200)) - 59afee6f-3342-47f6-8cd2-a67165187773@group-C790A911BCD5->fc430ad7-c10f-4afd-84a3-4263b60fc3a5-GrpcLogAppender: appendEntries Timeout, request=59afee6f-3342-47f6-8cd2-a67165187773->fc430ad7-c10f-4afd-84a3-4263b60fc3a5#101-t3, previous=(t:3, i:20), leaderCommit=16, initializing? false, entries: <empty>
2019-09-10 18:33:42,485 [java.util.concurrent.ThreadPoolExecutor$Worker@2130bf45[State = -1, empty queue]] WARN  server.GrpcLogAppender (GrpcLogAppender.java:timeoutAppendRequest(200)) - 59afee6f-3342-47f6-8cd2-a67165187773@group-C790A911BCD5->f9c92805-78f9-4aa2-ad11-0f5c06c060e3-GrpcLogAppender: appendEntries Timeout, request=59afee6f-3342-47f6-8cd2-a67165187773->f9c92805-78f9-4aa2-ad11-0f5c06c060e3#101-t3, previous=(t:3, i:20), leaderCommit=16, initializing? false, entries: <empty>
2019-09-10 18:33:42,738 [java.util.concurrent.ThreadPoolExecutor$Worker@2fb8de94[State = -1, empty queue]] WARN  server.GrpcLogAppender (GrpcLogAppender.java:timeoutAppendRequest(200)) - 43b8dda0-1fac-498c-94e0-436a32ed8ccd@group-248F13D822B7->114338b4-3ae2-46b3-98b7-a583d2a0bf23-GrpcLogAppender: appendEntries Timeout, request=43b8dda0-1fac-498c-94e0-436a32ed8ccd->114338b4-3ae2-46b3-98b7-a583d2a0bf23#103-t2, previous=(t:2, i:16), leaderCommit=16, initializing? false, entries: size=1, first=(t:2, i:17), STATEMACHINELOGENTRY, client-35727EB443AA, cid=63
2019-09-10 18:33:42,739 [java.util.concurrent.ThreadPoolExecutor$Worker@7aeb99c5[State = -1, empty queue]] WARN  server.GrpcLogAppender (GrpcLogAppender.java:timeoutAppendRequest(200)) - 43b8dda0-1fac-498c-94e0-436a32ed8ccd@group-248F13D822B7->166d57fa-ec73-4a99-b6df-0ab3ad0d7909-GrpcLogAppender: appendEntries Timeout, request=43b8dda0-1fac-498c-94e0-436a32ed8ccd->166d57fa-ec73-4a99-b6df-0ab3ad0d7909#103-t2, previous=(t:2, i:16), leaderCommit=16, initializing? false, entries: size=1, first=(t:2, i:17), STATEMACHINELOGENTRY, client-35727EB443AA, cid=63
2019-09-10 18:33:42,739 [java.util.concurrent.ThreadPoolExecutor$Worker@2fb8de94[State = -1, empty queue]] WARN  server.GrpcLogAppender (GrpcLogAppender.java:timeoutAppendRequest(200)) - 43b8dda0-1fac-498c-94e0-436a32ed8ccd@group-248F13D822B7->114338b4-3ae2-46b3-98b7-a583d2a0bf23-GrpcLogAppender: appendEntries Timeout, request=43b8dda0-1fac-498c-94e0-436a32ed8ccd->114338b4-3ae2-46b3-98b7-a583d2a0bf23#104-t2, previous=(t:2, i:17), leaderCommit=16, initializing? false, entries: size=1, first=(t:2, i:18), STATEMACHINELOGENTRY, client-35727EB443AA, cid=64
2019-09-10 18:33:42,747 [java.util.concurrent.ThreadPoolExecutor$Worker@7aeb99c5[State = -1, empty queue]] WARN  server.GrpcLogAppender (GrpcLogAppender.java:timeoutAppendRequest(200)) - 43b8dda0-1fac-498c-94e0-436a32ed8ccd@group-248F13D822B7->166d57fa-ec73-4a99-b6df-0ab3ad0d7909-GrpcLogAppender: appendEntries Timeout, request=43b8dda0-1fac-498c-94e0-436a32ed8ccd->166d57fa-ec73-4a99-b6df-0ab3ad0d7909#104-t2, previous=(t:2, i:17), leaderCommit=16, initializing? false, entries: size=1, first=(t:2, i:18), STATEMACHINELOGENTRY, client-35727EB443AA, cid=64
2019-09-10 18:33:42,762 [java.util.concurrent.ThreadPoolExecutor$Worker@2fb8de94[State = -1, empty queue]] WARN  server.GrpcLogAppender (GrpcLogAppender.java:timeoutAppendRequest(200)) - 43b8dda0-1fac-498c-94e0-436a32ed8ccd@group-248F13D822B7->114338b4-3ae2-46b3-98b7-a583d2a0bf23-GrpcLogAppender: appendEntries Timeout, request=43b8dda0-1fac-498c-94e0-436a32ed8ccd->114338b4-3ae2-46b3-98b7-a583d2a0bf23#105-t2, previous=(t:2, i:18), leaderCommit=16, initializing? false, entries: size=1, first=(t:2, i:19), STATEMACHINELOGENTRY, client-35727EB443AA, cid=65
2019-09-10 18:33:42,765 [java.util.concurrent.ThreadPoolExecutor$Worker@7aeb99c5[State = -1, empty queue]] WARN  server.GrpcLogAppender (GrpcLogAppender.java:timeoutAppendRequest(200)) - 43b8dda0-1fac-498c-94e0-436a32ed8ccd@group-248F13D822B7->166d57fa-ec73-4a99-b6df-0ab3ad0d7909-GrpcLogAppender: appendEntries Timeout, request=43b8dda0-1fac-498c-94e0-436a32ed8ccd->166d57fa-ec73-4a99-b6df-0ab3ad0d7909#105-t2, previous=(t:2, i:18), leaderCommit=16, initializing? false, entries: size=1, first=(t:2, i:19), STATEMACHINELOGENTRY, client-35727EB443AA, cid=65
2019-09-10 18:33:42,767 [java.util.concurrent.ThreadPoolExecutor$Worker@2fb8de94[State = -1, empty queue]] WARN  server.GrpcLogAppender (GrpcLogAppender.java:timeoutAppendRequest(200)) - 43b8dda0-1fac-498c-94e0-436a32ed8ccd@group-248F13D822B7->114338b4-3ae2-46b3-98b7-a583d2a0bf23-GrpcLogAppender: appendEntries Timeout, request=43b8dda0-1fac-498c-94e0-436a32ed8ccd->114338b4-3ae2-46b3-98b7-a583d2a0bf23#106-t2, previous=(t:2, i:19), leaderCommit=16, initializing? false, entries: size=1, first=(t:2, i:20), STATEMACHINELOGENTRY, client-35727EB443AA, cid=66
2019-09-10 18:33:42,769 [java.util.concurrent.ThreadPoolExecutor$Worker@7aeb99c5[State = -1, empty queue]] WARN  server.GrpcLogAppender (GrpcLogAppender.java:timeoutAppendRequest(200)) - 43b8dda0-1fac-498c-94e0-436a32ed8ccd@group-248F13D822B7->166d57fa-ec73-4a99-b6df-0ab3ad0d7909-GrpcLogAppender: appendEntries Timeout, request=43b8dda0-1fac-498c-94e0-436a32ed8ccd->166d57fa-ec73-4a99-b6df-0ab3ad0d7909#106-t2, previous=(t:2, i:19), leaderCommit=16, initializing? false, entries: size=1, first=(t:2, i:20), STATEMACHINELOGENTRY, client-35727EB443AA, cid=66
2019-09-10 18:33:42,985 [java.util.concurrent.ThreadPoolExecutor$Worker@2130bf45[State = -1, empty queue]] WARN  server.GrpcLogAppender (GrpcLogAppender.java:timeoutAppendRequest(200)) - 59afee6f-3342-47f6-8cd2-a67165187773@group-C790A911BCD5->f9c92805-78f9-4aa2-ad11-0f5c06c060e3-GrpcLogAppender: appendEntries Timeout, request=59afee6f-3342-47f6-8cd2-a67165187773->f9c92805-78f9-4aa2-ad11-0f5c06c060e3#102-t3, previous=(t:3, i:20), leaderCommit=16, initializing? false, entries: <empty>
2019-09-10 18:33:42,985 [java.util.concurrent.ThreadPoolExecutor$Worker@781538ae[State = -1, empty queue]] WARN  server.GrpcLogAppender (GrpcLogAppender.java:timeoutAppendRequest(200)) - 59afee6f-3342-47f6-8cd2-a67165187773@group-C790A911BCD5->fc430ad7-c10f-4afd-84a3-4263b60fc3a5-GrpcLogAppender: appendEntries Timeout, request=59afee6f-3342-47f6-8cd2-a67165187773->fc430ad7-c10f-4afd-84a3-4263b60fc3a5#102-t3, previous=(t:3, i:20), leaderCommit=16, initializing? false, entries: <empty>
2019-09-10 18:33:43,244 [java.util.concurrent.ThreadPoolExecutor$Worker@2fb8de94[State = -1, empty queue]] WARN  server.GrpcLogAppender (GrpcLogAppender.java:timeoutAppendRequest(200)) - 43b8dda0-1fac-498c-94e0-436a32ed8ccd@group-248F13D822B7->114338b4-3ae2-46b3-98b7-a583d2a0bf23-GrpcLogAppender: appendEntries Timeout, request=43b8dda0-1fac-498c-94e0-436a32ed8ccd->114338b4-3ae2-46b3-98b7-a583d2a0bf23#107-t2, previous=(t:2, i:20), leaderCommit=16, initializing? false, entries: <empty>
2019-09-10 18:33:43,244 [java.util.concurrent.ThreadPoolExecutor$Worker@7aeb99c5[State = -1, empty queue]] WARN  server.GrpcLogAppender (GrpcLogAppender.java:timeoutAppendRequest(200)) - 43b8dda0-1fac-498c-94e0-436a32ed8ccd@group-248F13D822B7->166d57fa-ec73-4a99-b6df-0ab3ad0d7909-GrpcLogAppender: appendEntries Timeout, request=43b8dda0-1fac-498c-94e0-436a32ed8ccd->166d57fa-ec73-4a99-b6df-0ab3ad0d7909#107-t2, previous=(t:2, i:20), leaderCommit=16, initializing? false, entries: <empty>
2019-09-10 18:33:43,463 [Thread-1182] INFO  impl.FollowerState (FollowerState.java:run(106)) - a5c56bc8-e609-4560-873f-c4715c8bfbf6:group-F10CA6FB56ED changes to CANDIDATE, lastRpcTime:1094, electionTimeout:1094ms
2019-09-10 18:33:43,464 [Thread-1182] INFO  impl.RoleInfo (RoleInfo.java:shutdownFollowerState(121)) - a5c56bc8-e609-4560-873f-c4715c8bfbf6: shutdown FollowerState
2019-09-10 18:33:43,464 [Thread-1182] INFO  impl.RaftServerImpl (RaftServerImpl.java:setRole(174)) - a5c56bc8-e609-4560-873f-c4715c8bfbf6@group-F10CA6FB56ED: changes role from  FOLLOWER to CANDIDATE at term 4 for changeToCandidate
2019-09-10 18:33:43,464 [Thread-1182] INFO  impl.RoleInfo (RoleInfo.java:updateAndGet(143)) - a5c56bc8-e609-4560-873f-c4715c8bfbf6: start LeaderElection
2019-09-10 18:33:43,482 [a5c56bc8-e609-4560-873f-c4715c8bfbf6@group-F10CA6FB56ED:LeaderElection30] INFO  impl.LeaderElection (LeaderElection.java:askForVotes(182)) - a5c56bc8-e609-4560-873f-c4715c8bfbf6@group-F10CA6FB56ED:LeaderElection30: begin an election at term 5 for 0: [7e7e06ff-ff15-4a73-bf67-b60124f5dbc2:192.168.5.139:37758, a5c56bc8-e609-4560-873f-c4715c8bfbf6:192.168.5.139:44770, dc34f224-6fe7-4a16-b3d0-41df1e51aada:192.168.5.139:40510], old=null
2019-09-10 18:33:43,485 [java.util.concurrent.ThreadPoolExecutor$Worker@2130bf45[State = -1, empty queue]] WARN  server.GrpcLogAppender (GrpcLogAppender.java:timeoutAppendRequest(200)) - 59afee6f-3342-47f6-8cd2-a67165187773@group-C790A911BCD5->f9c92805-78f9-4aa2-ad11-0f5c06c060e3-GrpcLogAppender: appendEntries Timeout, request=59afee6f-3342-47f6-8cd2-a67165187773->f9c92805-78f9-4aa2-ad11-0f5c06c060e3#103-t3, previous=(t:3, i:20), leaderCommit=16, initializing? false, entries: <empty>
2019-09-10 18:33:43,485 [java.util.concurrent.ThreadPoolExecutor$Worker@781538ae[State = -1, empty queue]] WARN  server.GrpcLogAppender (GrpcLogAppender.java:timeoutAppendRequest(200)) - 59afee6f-3342-47f6-8cd2-a67165187773@group-C790A911BCD5->fc430ad7-c10f-4afd-84a3-4263b60fc3a5-GrpcLogAppender: appendEntries Timeout, request=59afee6f-3342-47f6-8cd2-a67165187773->fc430ad7-c10f-4afd-84a3-4263b60fc3a5#103-t3, previous=(t:3, i:20), leaderCommit=16, initializing? false, entries: <empty>
2019-09-10 18:33:43,489 [a5c56bc8-e609-4560-873f-c4715c8bfbf6@group-F10CA6FB56ED:LeaderElection30] INFO  impl.LeaderElection (LogUtils.java:infoOrTrace(149)) - a5c56bc8-e609-4560-873f-c4715c8bfbf6@group-F10CA6FB56ED:LeaderElection30 got exception when requesting votes: {}
java.util.concurrent.ExecutionException: org.apache.ratis.thirdparty.io.grpc.StatusRuntimeException: UNAVAILABLE: io exception
	at java.util.concurrent.FutureTask.report(FutureTask.java:122)
	at java.util.concurrent.FutureTask.get(FutureTask.java:192)
	at org.apache.ratis.server.impl.LeaderElection.waitForResults(LeaderElection.java:263)
	at org.apache.ratis.server.impl.LeaderElection.askForVotes(LeaderElection.java:201)
	at org.apache.ratis.server.impl.LeaderElection.run(LeaderElection.java:133)
	at java.lang.Thread.run(Thread.java:748)
Caused by: org.apache.ratis.thirdparty.io.grpc.StatusRuntimeException: UNAVAILABLE: io exception
	at org.apache.ratis.thirdparty.io.grpc.stub.ClientCalls.toStatusRuntimeException(ClientCalls.java:233)
	at org.apache.ratis.thirdparty.io.grpc.stub.ClientCalls.getUnchecked(ClientCalls.java:214)
	at org.apache.ratis.thirdparty.io.grpc.stub.ClientCalls.blockingUnaryCall(ClientCalls.java:139)
	at org.apache.ratis.proto.grpc.RaftServerProtocolServiceGrpc$RaftServerProtocolServiceBlockingStub.requestVote(RaftServerProtocolServiceGrpc.java:265)
	at org.apache.ratis.grpc.server.GrpcServerProtocolClient.requestVote(GrpcServerProtocolClient.java:90)
	at org.apache.ratis.grpc.server.GrpcService.requestVote(GrpcService.java:204)
	at org.apache.ratis.server.impl.LeaderElection.lambda$submitRequests$1(LeaderElection.java:238)
	at java.util.concurrent.FutureTask.run(FutureTask.java:266)
	at java.util.concurrent.Executors$RunnableAdapter.call(Executors.java:511)
	at java.util.concurrent.FutureTask.run(FutureTask.java:266)
	at java.util.concurrent.ThreadPoolExecutor.runWorker(ThreadPoolExecutor.java:1149)
	at java.util.concurrent.ThreadPoolExecutor$Worker.run(ThreadPoolExecutor.java:624)
	... 1 more
Caused by: org.apache.ratis.thirdparty.io.netty.channel.AbstractChannel$AnnotatedConnectException: Connection refused: /192.168.5.139:40510
	at sun.nio.ch.SocketChannelImpl.checkConnect(Native Method)
	at sun.nio.ch.SocketChannelImpl.finishConnect(SocketChannelImpl.java:717)
	at org.apache.ratis.thirdparty.io.netty.channel.socket.nio.NioSocketChannel.doFinishConnect(NioSocketChannel.java:327)
	at org.apache.ratis.thirdparty.io.netty.channel.nio.AbstractNioChannel$AbstractNioUnsafe.finishConnect(AbstractNioChannel.java:340)
	at org.apache.ratis.thirdparty.io.netty.channel.nio.NioEventLoop.processSelectedKey(NioEventLoop.java:632)
	at org.apache.ratis.thirdparty.io.netty.channel.nio.NioEventLoop.processSelectedKeysOptimized(NioEventLoop.java:579)
	at org.apache.ratis.thirdparty.io.netty.channel.nio.NioEventLoop.processSelectedKeys(NioEventLoop.java:496)
	at org.apache.ratis.thirdparty.io.netty.channel.nio.NioEventLoop.run(NioEventLoop.java:458)
	at org.apache.ratis.thirdparty.io.netty.util.concurrent.SingleThreadEventExecutor$5.run(SingleThreadEventExecutor.java:897)
	at org.apache.ratis.thirdparty.io.netty.util.concurrent.FastThreadLocalRunnable.run(FastThreadLocalRunnable.java:30)
	... 1 more
Caused by: java.net.ConnectException: Connection refused
	... 11 more
2019-09-10 18:33:43,493 [a5c56bc8-e609-4560-873f-c4715c8bfbf6@group-F10CA6FB56ED:LeaderElection30] INFO  impl.LeaderElection (LogUtils.java:infoOrTrace(149)) - a5c56bc8-e609-4560-873f-c4715c8bfbf6@group-F10CA6FB56ED:LeaderElection30 got exception when requesting votes: {}
java.util.concurrent.ExecutionException: org.apache.ratis.thirdparty.io.grpc.StatusRuntimeException: UNAVAILABLE: io exception
	at java.util.concurrent.FutureTask.report(FutureTask.java:122)
	at java.util.concurrent.FutureTask.get(FutureTask.java:192)
	at org.apache.ratis.server.impl.LeaderElection.waitForResults(LeaderElection.java:263)
	at org.apache.ratis.server.impl.LeaderElection.askForVotes(LeaderElection.java:201)
	at org.apache.ratis.server.impl.LeaderElection.run(LeaderElection.java:133)
	at java.lang.Thread.run(Thread.java:748)
Caused by: org.apache.ratis.thirdparty.io.grpc.StatusRuntimeException: UNAVAILABLE: io exception
	at org.apache.ratis.thirdparty.io.grpc.stub.ClientCalls.toStatusRuntimeException(ClientCalls.java:233)
	at org.apache.ratis.thirdparty.io.grpc.stub.ClientCalls.getUnchecked(ClientCalls.java:214)
	at org.apache.ratis.thirdparty.io.grpc.stub.ClientCalls.blockingUnaryCall(ClientCalls.java:139)
	at org.apache.ratis.proto.grpc.RaftServerProtocolServiceGrpc$RaftServerProtocolServiceBlockingStub.requestVote(RaftServerProtocolServiceGrpc.java:265)
	at org.apache.ratis.grpc.server.GrpcServerProtocolClient.requestVote(GrpcServerProtocolClient.java:90)
	at org.apache.ratis.grpc.server.GrpcService.requestVote(GrpcService.java:204)
	at org.apache.ratis.server.impl.LeaderElection.lambda$submitRequests$1(LeaderElection.java:238)
	at java.util.concurrent.FutureTask.run(FutureTask.java:266)
	at java.util.concurrent.Executors$RunnableAdapter.call(Executors.java:511)
	at java.util.concurrent.FutureTask.run(FutureTask.java:266)
	at java.util.concurrent.ThreadPoolExecutor.runWorker(ThreadPoolExecutor.java:1149)
	at java.util.concurrent.ThreadPoolExecutor$Worker.run(ThreadPoolExecutor.java:624)
	... 1 more
Caused by: org.apache.ratis.thirdparty.io.netty.channel.AbstractChannel$AnnotatedConnectException: Connection refused: /192.168.5.139:37758
	at sun.nio.ch.SocketChannelImpl.checkConnect(Native Method)
	at sun.nio.ch.SocketChannelImpl.finishConnect(SocketChannelImpl.java:717)
	at org.apache.ratis.thirdparty.io.netty.channel.socket.nio.NioSocketChannel.doFinishConnect(NioSocketChannel.java:327)
	at org.apache.ratis.thirdparty.io.netty.channel.nio.AbstractNioChannel$AbstractNioUnsafe.finishConnect(AbstractNioChannel.java:340)
	at org.apache.ratis.thirdparty.io.netty.channel.nio.NioEventLoop.processSelectedKey(NioEventLoop.java:632)
	at org.apache.ratis.thirdparty.io.netty.channel.nio.NioEventLoop.processSelectedKeysOptimized(NioEventLoop.java:579)
	at org.apache.ratis.thirdparty.io.netty.channel.nio.NioEventLoop.processSelectedKeys(NioEventLoop.java:496)
	at org.apache.ratis.thirdparty.io.netty.channel.nio.NioEventLoop.run(NioEventLoop.java:458)
	at org.apache.ratis.thirdparty.io.netty.util.concurrent.SingleThreadEventExecutor$5.run(SingleThreadEventExecutor.java:897)
	at org.apache.ratis.thirdparty.io.netty.util.concurrent.FastThreadLocalRunnable.run(FastThreadLocalRunnable.java:30)
	... 1 more
Caused by: java.net.ConnectException: Connection refused
	... 11 more
2019-09-10 18:33:43,496 [a5c56bc8-e609-4560-873f-c4715c8bfbf6@group-F10CA6FB56ED:LeaderElection30] INFO  impl.LeaderElection (LeaderElection.java:logAndReturn(56)) - a5c56bc8-e609-4560-873f-c4715c8bfbf6@group-F10CA6FB56ED:LeaderElection30: Election REJECTED; received 0 response(s) [] and 2 exception(s); a5c56bc8-e609-4560-873f-c4715c8bfbf6@group-F10CA6FB56ED:t5, leader=null, voted=a5c56bc8-e609-4560-873f-c4715c8bfbf6, raftlog=a5c56bc8-e609-4560-873f-c4715c8bfbf6@group-F10CA6FB56ED-SegmentedRaftLog:OPENED:c32,f32,i32, conf=0: [7e7e06ff-ff15-4a73-bf67-b60124f5dbc2:192.168.5.139:37758, a5c56bc8-e609-4560-873f-c4715c8bfbf6:192.168.5.139:44770, dc34f224-6fe7-4a16-b3d0-41df1e51aada:192.168.5.139:40510], old=null
2019-09-10 18:33:43,496 [a5c56bc8-e609-4560-873f-c4715c8bfbf6@group-F10CA6FB56ED:LeaderElection30] INFO  impl.LeaderElection (LogUtils.java:infoOrTrace(149)) -   Exception 0: {}
java.util.concurrent.ExecutionException: org.apache.ratis.thirdparty.io.grpc.StatusRuntimeException: UNAVAILABLE: io exception
	at java.util.concurrent.FutureTask.report(FutureTask.java:122)
	at java.util.concurrent.FutureTask.get(FutureTask.java:192)
	at org.apache.ratis.server.impl.LeaderElection.waitForResults(LeaderElection.java:263)
	at org.apache.ratis.server.impl.LeaderElection.askForVotes(LeaderElection.java:201)
	at org.apache.ratis.server.impl.LeaderElection.run(LeaderElection.java:133)
	at java.lang.Thread.run(Thread.java:748)
Caused by: org.apache.ratis.thirdparty.io.grpc.StatusRuntimeException: UNAVAILABLE: io exception
	at org.apache.ratis.thirdparty.io.grpc.stub.ClientCalls.toStatusRuntimeException(ClientCalls.java:233)
	at org.apache.ratis.thirdparty.io.grpc.stub.ClientCalls.getUnchecked(ClientCalls.java:214)
	at org.apache.ratis.thirdparty.io.grpc.stub.ClientCalls.blockingUnaryCall(ClientCalls.java:139)
	at org.apache.ratis.proto.grpc.RaftServerProtocolServiceGrpc$RaftServerProtocolServiceBlockingStub.requestVote(RaftServerProtocolServiceGrpc.java:265)
	at org.apache.ratis.grpc.server.GrpcServerProtocolClient.requestVote(GrpcServerProtocolClient.java:90)
	at org.apache.ratis.grpc.server.GrpcService.requestVote(GrpcService.java:204)
	at org.apache.ratis.server.impl.LeaderElection.lambda$submitRequests$1(LeaderElection.java:238)
	at java.util.concurrent.FutureTask.run(FutureTask.java:266)
	at java.util.concurrent.Executors$RunnableAdapter.call(Executors.java:511)
	at java.util.concurrent.FutureTask.run(FutureTask.java:266)
	at java.util.concurrent.ThreadPoolExecutor.runWorker(ThreadPoolExecutor.java:1149)
	at java.util.concurrent.ThreadPoolExecutor$Worker.run(ThreadPoolExecutor.java:624)
	... 1 more
Caused by: org.apache.ratis.thirdparty.io.netty.channel.AbstractChannel$AnnotatedConnectException: Connection refused: /192.168.5.139:40510
	at sun.nio.ch.SocketChannelImpl.checkConnect(Native Method)
	at sun.nio.ch.SocketChannelImpl.finishConnect(SocketChannelImpl.java:717)
	at org.apache.ratis.thirdparty.io.netty.channel.socket.nio.NioSocketChannel.doFinishConnect(NioSocketChannel.java:327)
	at org.apache.ratis.thirdparty.io.netty.channel.nio.AbstractNioChannel$AbstractNioUnsafe.finishConnect(AbstractNioChannel.java:340)
	at org.apache.ratis.thirdparty.io.netty.channel.nio.NioEventLoop.processSelectedKey(NioEventLoop.java:632)
	at org.apache.ratis.thirdparty.io.netty.channel.nio.NioEventLoop.processSelectedKeysOptimized(NioEventLoop.java:579)
	at org.apache.ratis.thirdparty.io.netty.channel.nio.NioEventLoop.processSelectedKeys(NioEventLoop.java:496)
	at org.apache.ratis.thirdparty.io.netty.channel.nio.NioEventLoop.run(NioEventLoop.java:458)
	at org.apache.ratis.thirdparty.io.netty.util.concurrent.SingleThreadEventExecutor$5.run(SingleThreadEventExecutor.java:897)
	at org.apache.ratis.thirdparty.io.netty.util.concurrent.FastThreadLocalRunnable.run(FastThreadLocalRunnable.java:30)
	... 1 more
Caused by: java.net.ConnectException: Connection refused
	... 11 more
2019-09-10 18:33:43,497 [a5c56bc8-e609-4560-873f-c4715c8bfbf6@group-F10CA6FB56ED:LeaderElection30] INFO  impl.LeaderElection (LogUtils.java:infoOrTrace(149)) -   Exception 1: {}
java.util.concurrent.ExecutionException: org.apache.ratis.thirdparty.io.grpc.StatusRuntimeException: UNAVAILABLE: io exception
	at java.util.concurrent.FutureTask.report(FutureTask.java:122)
	at java.util.concurrent.FutureTask.get(FutureTask.java:192)
	at org.apache.ratis.server.impl.LeaderElection.waitForResults(LeaderElection.java:263)
	at org.apache.ratis.server.impl.LeaderElection.askForVotes(LeaderElection.java:201)
	at org.apache.ratis.server.impl.LeaderElection.run(LeaderElection.java:133)
	at java.lang.Thread.run(Thread.java:748)
Caused by: org.apache.ratis.thirdparty.io.grpc.StatusRuntimeException: UNAVAILABLE: io exception
	at org.apache.ratis.thirdparty.io.grpc.stub.ClientCalls.toStatusRuntimeException(ClientCalls.java:233)
	at org.apache.ratis.thirdparty.io.grpc.stub.ClientCalls.getUnchecked(ClientCalls.java:214)
	at org.apache.ratis.thirdparty.io.grpc.stub.ClientCalls.blockingUnaryCall(ClientCalls.java:139)
	at org.apache.ratis.proto.grpc.RaftServerProtocolServiceGrpc$RaftServerProtocolServiceBlockingStub.requestVote(RaftServerProtocolServiceGrpc.java:265)
	at org.apache.ratis.grpc.server.GrpcServerProtocolClient.requestVote(GrpcServerProtocolClient.java:90)
	at org.apache.ratis.grpc.server.GrpcService.requestVote(GrpcService.java:204)
	at org.apache.ratis.server.impl.LeaderElection.lambda$submitRequests$1(LeaderElection.java:238)
	at java.util.concurrent.FutureTask.run(FutureTask.java:266)
	at java.util.concurrent.Executors$RunnableAdapter.call(Executors.java:511)
	at java.util.concurrent.FutureTask.run(FutureTask.java:266)
	at java.util.concurrent.ThreadPoolExecutor.runWorker(ThreadPoolExecutor.java:1149)
	at java.util.concurrent.ThreadPoolExecutor$Worker.run(ThreadPoolExecutor.java:624)
	... 1 more
Caused by: org.apache.ratis.thirdparty.io.netty.channel.AbstractChannel$AnnotatedConnectException: Connection refused: /192.168.5.139:37758
	at sun.nio.ch.SocketChannelImpl.checkConnect(Native Method)
	at sun.nio.ch.SocketChannelImpl.finishConnect(SocketChannelImpl.java:717)
	at org.apache.ratis.thirdparty.io.netty.channel.socket.nio.NioSocketChannel.doFinishConnect(NioSocketChannel.java:327)
	at org.apache.ratis.thirdparty.io.netty.channel.nio.AbstractNioChannel$AbstractNioUnsafe.finishConnect(AbstractNioChannel.java:340)
	at org.apache.ratis.thirdparty.io.netty.channel.nio.NioEventLoop.processSelectedKey(NioEventLoop.java:632)
	at org.apache.ratis.thirdparty.io.netty.channel.nio.NioEventLoop.processSelectedKeysOptimized(NioEventLoop.java:579)
	at org.apache.ratis.thirdparty.io.netty.channel.nio.NioEventLoop.processSelectedKeys(NioEventLoop.java:496)
	at org.apache.ratis.thirdparty.io.netty.channel.nio.NioEventLoop.run(NioEventLoop.java:458)
	at org.apache.ratis.thirdparty.io.netty.util.concurrent.SingleThreadEventExecutor$5.run(SingleThreadEventExecutor.java:897)
	at org.apache.ratis.thirdparty.io.netty.util.concurrent.FastThreadLocalRunnable.run(FastThreadLocalRunnable.java:30)
	... 1 more
Caused by: java.net.ConnectException: Connection refused
	... 11 more
2019-09-10 18:33:43,513 [a5c56bc8-e609-4560-873f-c4715c8bfbf6@group-F10CA6FB56ED:LeaderElection30] INFO  impl.RaftServerImpl (RaftServerImpl.java:setRole(174)) - a5c56bc8-e609-4560-873f-c4715c8bfbf6@group-F10CA6FB56ED: changes role from CANDIDATE to FOLLOWER at term 5 for DISCOVERED_A_NEW_TERM
2019-09-10 18:33:43,513 [a5c56bc8-e609-4560-873f-c4715c8bfbf6@group-F10CA6FB56ED:LeaderElection30] INFO  impl.RoleInfo (RoleInfo.java:shutdownLeaderElection(134)) - a5c56bc8-e609-4560-873f-c4715c8bfbf6: shutdown LeaderElection
2019-09-10 18:33:43,513 [a5c56bc8-e609-4560-873f-c4715c8bfbf6@group-F10CA6FB56ED:LeaderElection30] INFO  impl.RoleInfo (RoleInfo.java:updateAndGet(143)) - a5c56bc8-e609-4560-873f-c4715c8bfbf6: start FollowerState
2019-09-10 18:33:43,744 [java.util.concurrent.ThreadPoolExecutor$Worker@2fb8de94[State = -1, empty queue]] WARN  server.GrpcLogAppender (GrpcLogAppender.java:timeoutAppendRequest(200)) - 43b8dda0-1fac-498c-94e0-436a32ed8ccd@group-248F13D822B7->114338b4-3ae2-46b3-98b7-a583d2a0bf23-GrpcLogAppender: appendEntries Timeout, request=43b8dda0-1fac-498c-94e0-436a32ed8ccd->114338b4-3ae2-46b3-98b7-a583d2a0bf23#108-t2, previous=(t:2, i:20), leaderCommit=16, initializing? false, entries: <empty>
2019-09-10 18:33:43,748 [java.util.concurrent.ThreadPoolExecutor$Worker@7aeb99c5[State = -1, empty queue]] WARN  server.GrpcLogAppender (GrpcLogAppender.java:timeoutAppendRequest(200)) - 43b8dda0-1fac-498c-94e0-436a32ed8ccd@group-248F13D822B7->166d57fa-ec73-4a99-b6df-0ab3ad0d7909-GrpcLogAppender: appendEntries Timeout, request=43b8dda0-1fac-498c-94e0-436a32ed8ccd->166d57fa-ec73-4a99-b6df-0ab3ad0d7909#108-t2, previous=(t:2, i:20), leaderCommit=16, initializing? false, entries: <empty>
2019-09-10 18:33:43,985 [java.util.concurrent.ThreadPoolExecutor$Worker@781538ae[State = -1, empty queue]] WARN  server.GrpcLogAppender (GrpcLogAppender.java:timeoutAppendRequest(200)) - 59afee6f-3342-47f6-8cd2-a67165187773@group-C790A911BCD5->fc430ad7-c10f-4afd-84a3-4263b60fc3a5-GrpcLogAppender: appendEntries Timeout, request=59afee6f-3342-47f6-8cd2-a67165187773->fc430ad7-c10f-4afd-84a3-4263b60fc3a5#104-t3, previous=(t:3, i:20), leaderCommit=16, initializing? false, entries: <empty>
2019-09-10 18:33:43,985 [java.util.concurrent.ThreadPoolExecutor$Worker@2130bf45[State = -1, empty queue]] WARN  server.GrpcLogAppender (GrpcLogAppender.java:timeoutAppendRequest(200)) - 59afee6f-3342-47f6-8cd2-a67165187773@group-C790A911BCD5->f9c92805-78f9-4aa2-ad11-0f5c06c060e3-GrpcLogAppender: appendEntries Timeout, request=59afee6f-3342-47f6-8cd2-a67165187773->f9c92805-78f9-4aa2-ad11-0f5c06c060e3#104-t3, previous=(t:3, i:20), leaderCommit=16, initializing? false, entries: <empty>
2019-09-10 18:33:44,245 [java.util.concurrent.ThreadPoolExecutor$Worker@2fb8de94[State = -1, empty queue]] WARN  server.GrpcLogAppender (GrpcLogAppender.java:timeoutAppendRequest(200)) - 43b8dda0-1fac-498c-94e0-436a32ed8ccd@group-248F13D822B7->114338b4-3ae2-46b3-98b7-a583d2a0bf23-GrpcLogAppender: appendEntries Timeout, request=43b8dda0-1fac-498c-94e0-436a32ed8ccd->114338b4-3ae2-46b3-98b7-a583d2a0bf23#109-t2, previous=(t:2, i:20), leaderCommit=16, initializing? false, entries: <empty>
2019-09-10 18:33:44,245 [java.util.concurrent.ThreadPoolExecutor$Worker@7aeb99c5[State = -1, empty queue]] WARN  server.GrpcLogAppender (GrpcLogAppender.java:timeoutAppendRequest(200)) - 43b8dda0-1fac-498c-94e0-436a32ed8ccd@group-248F13D822B7->166d57fa-ec73-4a99-b6df-0ab3ad0d7909-GrpcLogAppender: appendEntries Timeout, request=43b8dda0-1fac-498c-94e0-436a32ed8ccd->166d57fa-ec73-4a99-b6df-0ab3ad0d7909#109-t2, previous=(t:2, i:20), leaderCommit=16, initializing? false, entries: <empty>
2019-09-10 18:33:44,486 [java.util.concurrent.ThreadPoolExecutor$Worker@781538ae[State = -1, empty queue]] WARN  server.GrpcLogAppender (GrpcLogAppender.java:timeoutAppendRequest(200)) - 59afee6f-3342-47f6-8cd2-a67165187773@group-C790A911BCD5->fc430ad7-c10f-4afd-84a3-4263b60fc3a5-GrpcLogAppender: appendEntries Timeout, request=59afee6f-3342-47f6-8cd2-a67165187773->fc430ad7-c10f-4afd-84a3-4263b60fc3a5#105-t3, previous=(t:3, i:20), leaderCommit=16, initializing? false, entries: <empty>
2019-09-10 18:33:44,486 [java.util.concurrent.ThreadPoolExecutor$Worker@2130bf45[State = -1, empty queue]] WARN  server.GrpcLogAppender (GrpcLogAppender.java:timeoutAppendRequest(200)) - 59afee6f-3342-47f6-8cd2-a67165187773@group-C790A911BCD5->f9c92805-78f9-4aa2-ad11-0f5c06c060e3-GrpcLogAppender: appendEntries Timeout, request=59afee6f-3342-47f6-8cd2-a67165187773->f9c92805-78f9-4aa2-ad11-0f5c06c060e3#105-t3, previous=(t:3, i:20), leaderCommit=16, initializing? false, entries: <empty>
2019-09-10 18:33:44,649 [Thread-1198] INFO  impl.FollowerState (FollowerState.java:run(106)) - a5c56bc8-e609-4560-873f-c4715c8bfbf6:group-F10CA6FB56ED changes to CANDIDATE, lastRpcTime:1135, electionTimeout:1135ms
2019-09-10 18:33:44,649 [Thread-1198] INFO  impl.RoleInfo (RoleInfo.java:shutdownFollowerState(121)) - a5c56bc8-e609-4560-873f-c4715c8bfbf6: shutdown FollowerState
2019-09-10 18:33:44,649 [Thread-1198] INFO  impl.RaftServerImpl (RaftServerImpl.java:setRole(174)) - a5c56bc8-e609-4560-873f-c4715c8bfbf6@group-F10CA6FB56ED: changes role from  FOLLOWER to CANDIDATE at term 5 for changeToCandidate
2019-09-10 18:33:44,650 [Thread-1198] INFO  impl.RoleInfo (RoleInfo.java:updateAndGet(143)) - a5c56bc8-e609-4560-873f-c4715c8bfbf6: start LeaderElection
2019-09-10 18:33:44,677 [a5c56bc8-e609-4560-873f-c4715c8bfbf6@group-F10CA6FB56ED:LeaderElection31] INFO  impl.LeaderElection (LeaderElection.java:askForVotes(182)) - a5c56bc8-e609-4560-873f-c4715c8bfbf6@group-F10CA6FB56ED:LeaderElection31: begin an election at term 6 for 0: [7e7e06ff-ff15-4a73-bf67-b60124f5dbc2:192.168.5.139:37758, a5c56bc8-e609-4560-873f-c4715c8bfbf6:192.168.5.139:44770, dc34f224-6fe7-4a16-b3d0-41df1e51aada:192.168.5.139:40510], old=null
2019-09-10 18:33:44,678 [a5c56bc8-e609-4560-873f-c4715c8bfbf6@group-F10CA6FB56ED:LeaderElection31] INFO  impl.LeaderElection (LogUtils.java:infoOrTrace(149)) - a5c56bc8-e609-4560-873f-c4715c8bfbf6@group-F10CA6FB56ED:LeaderElection31 got exception when requesting votes: {}
java.util.concurrent.ExecutionException: org.apache.ratis.thirdparty.io.grpc.StatusRuntimeException: UNAVAILABLE: io exception
	at java.util.concurrent.FutureTask.report(FutureTask.java:122)
	at java.util.concurrent.FutureTask.get(FutureTask.java:192)
	at org.apache.ratis.server.impl.LeaderElection.waitForResults(LeaderElection.java:263)
	at org.apache.ratis.server.impl.LeaderElection.askForVotes(LeaderElection.java:201)
	at org.apache.ratis.server.impl.LeaderElection.run(LeaderElection.java:133)
	at java.lang.Thread.run(Thread.java:748)
Caused by: org.apache.ratis.thirdparty.io.grpc.StatusRuntimeException: UNAVAILABLE: io exception
	at org.apache.ratis.thirdparty.io.grpc.stub.ClientCalls.toStatusRuntimeException(ClientCalls.java:233)
	at org.apache.ratis.thirdparty.io.grpc.stub.ClientCalls.getUnchecked(ClientCalls.java:214)
	at org.apache.ratis.thirdparty.io.grpc.stub.ClientCalls.blockingUnaryCall(ClientCalls.java:139)
	at org.apache.ratis.proto.grpc.RaftServerProtocolServiceGrpc$RaftServerProtocolServiceBlockingStub.requestVote(RaftServerProtocolServiceGrpc.java:265)
	at org.apache.ratis.grpc.server.GrpcServerProtocolClient.requestVote(GrpcServerProtocolClient.java:90)
	at org.apache.ratis.grpc.server.GrpcService.requestVote(GrpcService.java:204)
	at org.apache.ratis.server.impl.LeaderElection.lambda$submitRequests$1(LeaderElection.java:238)
	at java.util.concurrent.FutureTask.run(FutureTask.java:266)
	at java.util.concurrent.Executors$RunnableAdapter.call(Executors.java:511)
	at java.util.concurrent.FutureTask.run(FutureTask.java:266)
	at java.util.concurrent.ThreadPoolExecutor.runWorker(ThreadPoolExecutor.java:1149)
	at java.util.concurrent.ThreadPoolExecutor$Worker.run(ThreadPoolExecutor.java:624)
	... 1 more
Caused by: org.apache.ratis.thirdparty.io.netty.channel.AbstractChannel$AnnotatedConnectException: Connection refused: /192.168.5.139:37758
	at sun.nio.ch.SocketChannelImpl.checkConnect(Native Method)
	at sun.nio.ch.SocketChannelImpl.finishConnect(SocketChannelImpl.java:717)
	at org.apache.ratis.thirdparty.io.netty.channel.socket.nio.NioSocketChannel.doFinishConnect(NioSocketChannel.java:327)
	at org.apache.ratis.thirdparty.io.netty.channel.nio.AbstractNioChannel$AbstractNioUnsafe.finishConnect(AbstractNioChannel.java:340)
	at org.apache.ratis.thirdparty.io.netty.channel.nio.NioEventLoop.processSelectedKey(NioEventLoop.java:632)
	at org.apache.ratis.thirdparty.io.netty.channel.nio.NioEventLoop.processSelectedKeysOptimized(NioEventLoop.java:579)
	at org.apache.ratis.thirdparty.io.netty.channel.nio.NioEventLoop.processSelectedKeys(NioEventLoop.java:496)
	at org.apache.ratis.thirdparty.io.netty.channel.nio.NioEventLoop.run(NioEventLoop.java:458)
	at org.apache.ratis.thirdparty.io.netty.util.concurrent.SingleThreadEventExecutor$5.run(SingleThreadEventExecutor.java:897)
	at org.apache.ratis.thirdparty.io.netty.util.concurrent.FastThreadLocalRunnable.run(FastThreadLocalRunnable.java:30)
	... 1 more
Caused by: java.net.ConnectException: Connection refused
	... 11 more
2019-09-10 18:33:44,682 [a5c56bc8-e609-4560-873f-c4715c8bfbf6@group-F10CA6FB56ED:LeaderElection31] INFO  impl.LeaderElection (LogUtils.java:infoOrTrace(149)) - a5c56bc8-e609-4560-873f-c4715c8bfbf6@group-F10CA6FB56ED:LeaderElection31 got exception when requesting votes: {}
java.util.concurrent.ExecutionException: org.apache.ratis.thirdparty.io.grpc.StatusRuntimeException: UNAVAILABLE: io exception
	at java.util.concurrent.FutureTask.report(FutureTask.java:122)
	at java.util.concurrent.FutureTask.get(FutureTask.java:192)
	at org.apache.ratis.server.impl.LeaderElection.waitForResults(LeaderElection.java:263)
	at org.apache.ratis.server.impl.LeaderElection.askForVotes(LeaderElection.java:201)
	at org.apache.ratis.server.impl.LeaderElection.run(LeaderElection.java:133)
	at java.lang.Thread.run(Thread.java:748)
Caused by: org.apache.ratis.thirdparty.io.grpc.StatusRuntimeException: UNAVAILABLE: io exception
	at org.apache.ratis.thirdparty.io.grpc.stub.ClientCalls.toStatusRuntimeException(ClientCalls.java:233)
	at org.apache.ratis.thirdparty.io.grpc.stub.ClientCalls.getUnchecked(ClientCalls.java:214)
	at org.apache.ratis.thirdparty.io.grpc.stub.ClientCalls.blockingUnaryCall(ClientCalls.java:139)
	at org.apache.ratis.proto.grpc.RaftServerProtocolServiceGrpc$RaftServerProtocolServiceBlockingStub.requestVote(RaftServerProtocolServiceGrpc.java:265)
	at org.apache.ratis.grpc.server.GrpcServerProtocolClient.requestVote(GrpcServerProtocolClient.java:90)
	at org.apache.ratis.grpc.server.GrpcService.requestVote(GrpcService.java:204)
	at org.apache.ratis.server.impl.LeaderElection.lambda$submitRequests$1(LeaderElection.java:238)
	at java.util.concurrent.FutureTask.run(FutureTask.java:266)
	at java.util.concurrent.Executors$RunnableAdapter.call(Executors.java:511)
	at java.util.concurrent.FutureTask.run(FutureTask.java:266)
	at java.util.concurrent.ThreadPoolExecutor.runWorker(ThreadPoolExecutor.java:1149)
	at java.util.concurrent.ThreadPoolExecutor$Worker.run(ThreadPoolExecutor.java:624)
	... 1 more
Caused by: org.apache.ratis.thirdparty.io.netty.channel.AbstractChannel$AnnotatedConnectException: Connection refused: /192.168.5.139:40510
	at sun.nio.ch.SocketChannelImpl.checkConnect(Native Method)
	at sun.nio.ch.SocketChannelImpl.finishConnect(SocketChannelImpl.java:717)
	at org.apache.ratis.thirdparty.io.netty.channel.socket.nio.NioSocketChannel.doFinishConnect(NioSocketChannel.java:327)
	at org.apache.ratis.thirdparty.io.netty.channel.nio.AbstractNioChannel$AbstractNioUnsafe.finishConnect(AbstractNioChannel.java:340)
	at org.apache.ratis.thirdparty.io.netty.channel.nio.NioEventLoop.processSelectedKey(NioEventLoop.java:632)
	at org.apache.ratis.thirdparty.io.netty.channel.nio.NioEventLoop.processSelectedKeysOptimized(NioEventLoop.java:579)
	at org.apache.ratis.thirdparty.io.netty.channel.nio.NioEventLoop.processSelectedKeys(NioEventLoop.java:496)
	at org.apache.ratis.thirdparty.io.netty.channel.nio.NioEventLoop.run(NioEventLoop.java:458)
	at org.apache.ratis.thirdparty.io.netty.util.concurrent.SingleThreadEventExecutor$5.run(SingleThreadEventExecutor.java:897)
	at org.apache.ratis.thirdparty.io.netty.util.concurrent.FastThreadLocalRunnable.run(FastThreadLocalRunnable.java:30)
	... 1 more
Caused by: java.net.ConnectException: Connection refused
	... 11 more
2019-09-10 18:33:44,686 [a5c56bc8-e609-4560-873f-c4715c8bfbf6@group-F10CA6FB56ED:LeaderElection31] INFO  impl.LeaderElection (LeaderElection.java:logAndReturn(56)) - a5c56bc8-e609-4560-873f-c4715c8bfbf6@group-F10CA6FB56ED:LeaderElection31: Election REJECTED; received 0 response(s) [] and 2 exception(s); a5c56bc8-e609-4560-873f-c4715c8bfbf6@group-F10CA6FB56ED:t6, leader=null, voted=a5c56bc8-e609-4560-873f-c4715c8bfbf6, raftlog=a5c56bc8-e609-4560-873f-c4715c8bfbf6@group-F10CA6FB56ED-SegmentedRaftLog:OPENED:c32,f32,i32, conf=0: [7e7e06ff-ff15-4a73-bf67-b60124f5dbc2:192.168.5.139:37758, a5c56bc8-e609-4560-873f-c4715c8bfbf6:192.168.5.139:44770, dc34f224-6fe7-4a16-b3d0-41df1e51aada:192.168.5.139:40510], old=null
2019-09-10 18:33:44,686 [a5c56bc8-e609-4560-873f-c4715c8bfbf6@group-F10CA6FB56ED:LeaderElection31] INFO  impl.LeaderElection (LogUtils.java:infoOrTrace(149)) -   Exception 0: {}
java.util.concurrent.ExecutionException: org.apache.ratis.thirdparty.io.grpc.StatusRuntimeException: UNAVAILABLE: io exception
	at java.util.concurrent.FutureTask.report(FutureTask.java:122)
	at java.util.concurrent.FutureTask.get(FutureTask.java:192)
	at org.apache.ratis.server.impl.LeaderElection.waitForResults(LeaderElection.java:263)
	at org.apache.ratis.server.impl.LeaderElection.askForVotes(LeaderElection.java:201)
	at org.apache.ratis.server.impl.LeaderElection.run(LeaderElection.java:133)
	at java.lang.Thread.run(Thread.java:748)
Caused by: org.apache.ratis.thirdparty.io.grpc.StatusRuntimeException: UNAVAILABLE: io exception
	at org.apache.ratis.thirdparty.io.grpc.stub.ClientCalls.toStatusRuntimeException(ClientCalls.java:233)
	at org.apache.ratis.thirdparty.io.grpc.stub.ClientCalls.getUnchecked(ClientCalls.java:214)
	at org.apache.ratis.thirdparty.io.grpc.stub.ClientCalls.blockingUnaryCall(ClientCalls.java:139)
	at org.apache.ratis.proto.grpc.RaftServerProtocolServiceGrpc$RaftServerProtocolServiceBlockingStub.requestVote(RaftServerProtocolServiceGrpc.java:265)
	at org.apache.ratis.grpc.server.GrpcServerProtocolClient.requestVote(GrpcServerProtocolClient.java:90)
	at org.apache.ratis.grpc.server.GrpcService.requestVote(GrpcService.java:204)
	at org.apache.ratis.server.impl.LeaderElection.lambda$submitRequests$1(LeaderElection.java:238)
	at java.util.concurrent.FutureTask.run(FutureTask.java:266)
	at java.util.concurrent.Executors$RunnableAdapter.call(Executors.java:511)
	at java.util.concurrent.FutureTask.run(FutureTask.java:266)
	at java.util.concurrent.ThreadPoolExecutor.runWorker(ThreadPoolExecutor.java:1149)
	at java.util.concurrent.ThreadPoolExecutor$Worker.run(ThreadPoolExecutor.java:624)
	... 1 more
Caused by: org.apache.ratis.thirdparty.io.netty.channel.AbstractChannel$AnnotatedConnectException: Connection refused: /192.168.5.139:37758
	at sun.nio.ch.SocketChannelImpl.checkConnect(Native Method)
	at sun.nio.ch.SocketChannelImpl.finishConnect(SocketChannelImpl.java:717)
	at org.apache.ratis.thirdparty.io.netty.channel.socket.nio.NioSocketChannel.doFinishConnect(NioSocketChannel.java:327)
	at org.apache.ratis.thirdparty.io.netty.channel.nio.AbstractNioChannel$AbstractNioUnsafe.finishConnect(AbstractNioChannel.java:340)
	at org.apache.ratis.thirdparty.io.netty.channel.nio.NioEventLoop.processSelectedKey(NioEventLoop.java:632)
	at org.apache.ratis.thirdparty.io.netty.channel.nio.NioEventLoop.processSelectedKeysOptimized(NioEventLoop.java:579)
	at org.apache.ratis.thirdparty.io.netty.channel.nio.NioEventLoop.processSelectedKeys(NioEventLoop.java:496)
	at org.apache.ratis.thirdparty.io.netty.channel.nio.NioEventLoop.run(NioEventLoop.java:458)
	at org.apache.ratis.thirdparty.io.netty.util.concurrent.SingleThreadEventExecutor$5.run(SingleThreadEventExecutor.java:897)
	at org.apache.ratis.thirdparty.io.netty.util.concurrent.FastThreadLocalRunnable.run(FastThreadLocalRunnable.java:30)
	... 1 more
Caused by: java.net.ConnectException: Connection refused
	... 11 more
2019-09-10 18:33:44,687 [a5c56bc8-e609-4560-873f-c4715c8bfbf6@group-F10CA6FB56ED:LeaderElection31] INFO  impl.LeaderElection (LogUtils.java:infoOrTrace(149)) -   Exception 1: {}
java.util.concurrent.ExecutionException: org.apache.ratis.thirdparty.io.grpc.StatusRuntimeException: UNAVAILABLE: io exception
	at java.util.concurrent.FutureTask.report(FutureTask.java:122)
	at java.util.concurrent.FutureTask.get(FutureTask.java:192)
	at org.apache.ratis.server.impl.LeaderElection.waitForResults(LeaderElection.java:263)
	at org.apache.ratis.server.impl.LeaderElection.askForVotes(LeaderElection.java:201)
	at org.apache.ratis.server.impl.LeaderElection.run(LeaderElection.java:133)
	at java.lang.Thread.run(Thread.java:748)
Caused by: org.apache.ratis.thirdparty.io.grpc.StatusRuntimeException: UNAVAILABLE: io exception
	at org.apache.ratis.thirdparty.io.grpc.stub.ClientCalls.toStatusRuntimeException(ClientCalls.java:233)
	at org.apache.ratis.thirdparty.io.grpc.stub.ClientCalls.getUnchecked(ClientCalls.java:214)
	at org.apache.ratis.thirdparty.io.grpc.stub.ClientCalls.blockingUnaryCall(ClientCalls.java:139)
	at org.apache.ratis.proto.grpc.RaftServerProtocolServiceGrpc$RaftServerProtocolServiceBlockingStub.requestVote(RaftServerProtocolServiceGrpc.java:265)
	at org.apache.ratis.grpc.server.GrpcServerProtocolClient.requestVote(GrpcServerProtocolClient.java:90)
	at org.apache.ratis.grpc.server.GrpcService.requestVote(GrpcService.java:204)
	at org.apache.ratis.server.impl.LeaderElection.lambda$submitRequests$1(LeaderElection.java:238)
	at java.util.concurrent.FutureTask.run(FutureTask.java:266)
	at java.util.concurrent.Executors$RunnableAdapter.call(Executors.java:511)
	at java.util.concurrent.FutureTask.run(FutureTask.java:266)
	at java.util.concurrent.ThreadPoolExecutor.runWorker(ThreadPoolExecutor.java:1149)
	at java.util.concurrent.ThreadPoolExecutor$Worker.run(ThreadPoolExecutor.java:624)
	... 1 more
Caused by: org.apache.ratis.thirdparty.io.netty.channel.AbstractChannel$AnnotatedConnectException: Connection refused: /192.168.5.139:40510
	at sun.nio.ch.SocketChannelImpl.checkConnect(Native Method)
	at sun.nio.ch.SocketChannelImpl.finishConnect(SocketChannelImpl.java:717)
	at org.apache.ratis.thirdparty.io.netty.channel.socket.nio.NioSocketChannel.doFinishConnect(NioSocketChannel.java:327)
	at org.apache.ratis.thirdparty.io.netty.channel.nio.AbstractNioChannel$AbstractNioUnsafe.finishConnect(AbstractNioChannel.java:340)
	at org.apache.ratis.thirdparty.io.netty.channel.nio.NioEventLoop.processSelectedKey(NioEventLoop.java:632)
	at org.apache.ratis.thirdparty.io.netty.channel.nio.NioEventLoop.processSelectedKeysOptimized(NioEventLoop.java:579)
	at org.apache.ratis.thirdparty.io.netty.channel.nio.NioEventLoop.processSelectedKeys(NioEventLoop.java:496)
	at org.apache.ratis.thirdparty.io.netty.channel.nio.NioEventLoop.run(NioEventLoop.java:458)
	at org.apache.ratis.thirdparty.io.netty.util.concurrent.SingleThreadEventExecutor$5.run(SingleThreadEventExecutor.java:897)
	at org.apache.ratis.thirdparty.io.netty.util.concurrent.FastThreadLocalRunnable.run(FastThreadLocalRunnable.java:30)
	... 1 more
Caused by: java.net.ConnectException: Connection refused
	... 11 more
2019-09-10 18:33:44,687 [a5c56bc8-e609-4560-873f-c4715c8bfbf6@group-F10CA6FB56ED:LeaderElection31] INFO  impl.RaftServerImpl (RaftServerImpl.java:setRole(174)) - a5c56bc8-e609-4560-873f-c4715c8bfbf6@group-F10CA6FB56ED: changes role from CANDIDATE to FOLLOWER at term 6 for DISCOVERED_A_NEW_TERM
2019-09-10 18:33:44,688 [a5c56bc8-e609-4560-873f-c4715c8bfbf6@group-F10CA6FB56ED:LeaderElection31] INFO  impl.RoleInfo (RoleInfo.java:shutdownLeaderElection(134)) - a5c56bc8-e609-4560-873f-c4715c8bfbf6: shutdown LeaderElection
2019-09-10 18:33:44,688 [a5c56bc8-e609-4560-873f-c4715c8bfbf6@group-F10CA6FB56ED:LeaderElection31] INFO  impl.RoleInfo (RoleInfo.java:updateAndGet(143)) - a5c56bc8-e609-4560-873f-c4715c8bfbf6: start FollowerState
2019-09-10 18:33:44,745 [java.util.concurrent.ThreadPoolExecutor$Worker@7aeb99c5[State = -1, empty queue]] WARN  server.GrpcLogAppender (GrpcLogAppender.java:timeoutAppendRequest(200)) - 43b8dda0-1fac-498c-94e0-436a32ed8ccd@group-248F13D822B7->166d57fa-ec73-4a99-b6df-0ab3ad0d7909-GrpcLogAppender: appendEntries Timeout, request=43b8dda0-1fac-498c-94e0-436a32ed8ccd->166d57fa-ec73-4a99-b6df-0ab3ad0d7909#110-t2, previous=(t:2, i:20), leaderCommit=16, initializing? false, entries: <empty>
2019-09-10 18:33:44,745 [java.util.concurrent.ThreadPoolExecutor$Worker@2fb8de94[State = -1, empty queue]] WARN  server.GrpcLogAppender (GrpcLogAppender.java:timeoutAppendRequest(200)) - 43b8dda0-1fac-498c-94e0-436a32ed8ccd@group-248F13D822B7->114338b4-3ae2-46b3-98b7-a583d2a0bf23-GrpcLogAppender: appendEntries Timeout, request=43b8dda0-1fac-498c-94e0-436a32ed8ccd->114338b4-3ae2-46b3-98b7-a583d2a0bf23#110-t2, previous=(t:2, i:20), leaderCommit=16, initializing? false, entries: <empty>
2019-09-10 18:33:44,769 [grpc-default-executor-4] INFO  client.GrpcClientProtocolClient (GrpcClientProtocolClient.java:onNext(264)) - client-35727EB443AA->166d57fa-ec73-4a99-b6df-0ab3ad0d7909: receive RaftClientReply:client-35727EB443AA->166d57fa-ec73-4a99-b6df-0ab3ad0d7909@group-248F13D822B7, cid=63, FAILED org.apache.ratis.protocol.NotLeaderException: Server 166d57fa-ec73-4a99-b6df-0ab3ad0d7909@group-248F13D822B7 is not the leader 43b8dda0-1fac-498c-94e0-436a32ed8ccd:192.168.5.139:45091, logIndex=0, commits[166d57fa-ec73-4a99-b6df-0ab3ad0d7909:c16, 43b8dda0-1fac-498c-94e0-436a32ed8ccd:c16, 114338b4-3ae2-46b3-98b7-a583d2a0bf23:c14]
2019-09-10 18:33:44,989 [java.util.concurrent.ThreadPoolExecutor$Worker@781538ae[State = -1, empty queue]] WARN  server.GrpcLogAppender (GrpcLogAppender.java:timeoutAppendRequest(200)) - 59afee6f-3342-47f6-8cd2-a67165187773@group-C790A911BCD5->fc430ad7-c10f-4afd-84a3-4263b60fc3a5-GrpcLogAppender: appendEntries Timeout, request=59afee6f-3342-47f6-8cd2-a67165187773->fc430ad7-c10f-4afd-84a3-4263b60fc3a5#106-t3, previous=(t:3, i:20), leaderCommit=16, initializing? false, entries: <empty>
2019-09-10 18:33:44,989 [java.util.concurrent.ThreadPoolExecutor$Worker@2130bf45[State = -1, empty queue]] WARN  server.GrpcLogAppender (GrpcLogAppender.java:timeoutAppendRequest(200)) - 59afee6f-3342-47f6-8cd2-a67165187773@group-C790A911BCD5->f9c92805-78f9-4aa2-ad11-0f5c06c060e3-GrpcLogAppender: appendEntries Timeout, request=59afee6f-3342-47f6-8cd2-a67165187773->f9c92805-78f9-4aa2-ad11-0f5c06c060e3#106-t3, previous=(t:3, i:20), leaderCommit=16, initializing? false, entries: <empty>
2019-09-10 18:33:45,245 [java.util.concurrent.ThreadPoolExecutor$Worker@2fb8de94[State = -1, empty queue]] WARN  server.GrpcLogAppender (GrpcLogAppender.java:timeoutAppendRequest(200)) - 43b8dda0-1fac-498c-94e0-436a32ed8ccd@group-248F13D822B7->114338b4-3ae2-46b3-98b7-a583d2a0bf23-GrpcLogAppender: appendEntries Timeout, request=43b8dda0-1fac-498c-94e0-436a32ed8ccd->114338b4-3ae2-46b3-98b7-a583d2a0bf23#111-t2, previous=(t:2, i:20), leaderCommit=16, initializing? false, entries: <empty>
2019-09-10 18:33:45,245 [java.util.concurrent.ThreadPoolExecutor$Worker@7aeb99c5[State = -1, empty queue]] WARN  server.GrpcLogAppender (GrpcLogAppender.java:timeoutAppendRequest(200)) - 43b8dda0-1fac-498c-94e0-436a32ed8ccd@group-248F13D822B7->166d57fa-ec73-4a99-b6df-0ab3ad0d7909-GrpcLogAppender: appendEntries Timeout, request=43b8dda0-1fac-498c-94e0-436a32ed8ccd->166d57fa-ec73-4a99-b6df-0ab3ad0d7909#111-t2, previous=(t:2, i:20), leaderCommit=16, initializing? false, entries: <empty>
2019-09-10 18:33:45,489 [java.util.concurrent.ThreadPoolExecutor$Worker@2130bf45[State = -1, empty queue]] WARN  server.GrpcLogAppender (GrpcLogAppender.java:timeoutAppendRequest(200)) - 59afee6f-3342-47f6-8cd2-a67165187773@group-C790A911BCD5->f9c92805-78f9-4aa2-ad11-0f5c06c060e3-GrpcLogAppender: appendEntries Timeout, request=59afee6f-3342-47f6-8cd2-a67165187773->f9c92805-78f9-4aa2-ad11-0f5c06c060e3#107-t3, previous=(t:3, i:20), leaderCommit=16, initializing? false, entries: <empty>
2019-09-10 18:33:45,489 [java.util.concurrent.ThreadPoolExecutor$Worker@781538ae[State = -1, empty queue]] WARN  server.GrpcLogAppender (GrpcLogAppender.java:timeoutAppendRequest(200)) - 59afee6f-3342-47f6-8cd2-a67165187773@group-C790A911BCD5->fc430ad7-c10f-4afd-84a3-4263b60fc3a5-GrpcLogAppender: appendEntries Timeout, request=59afee6f-3342-47f6-8cd2-a67165187773->fc430ad7-c10f-4afd-84a3-4263b60fc3a5#107-t3, previous=(t:3, i:20), leaderCommit=16, initializing? false, entries: <empty>
2019-09-10 18:33:45,619 [Thread-1227] INFO  client.GrpcClientProtocolService (GrpcClientProtocolService.java:lambda$processClientRequest$0(278)) - Failed RaftClientRequest:client-0789F71498A2->a5c56bc8-e609-4560-873f-c4715c8bfbf6@group-F10CA6FB56ED, cid=52, seq=0, Watch-ALL_COMMITTED(28), Message:<EMPTY>, reply=RaftClientReply:client-0789F71498A2->a5c56bc8-e609-4560-873f-c4715c8bfbf6@group-F10CA6FB56ED, cid=52, FAILED org.apache.ratis.protocol.NotLeaderException: Server a5c56bc8-e609-4560-873f-c4715c8bfbf6@group-F10CA6FB56ED is not the leader, logIndex=0, commits[a5c56bc8-e609-4560-873f-c4715c8bfbf6:c32, 7e7e06ff-ff15-4a73-bf67-b60124f5dbc2:c32, dc34f224-6fe7-4a16-b3d0-41df1e51aada:c24]
2019-09-10 18:33:45,625 [grpc-default-executor-0] INFO  client.GrpcClientProtocolClient (GrpcClientProtocolClient.java:onNext(264)) - client-0789F71498A2->a5c56bc8-e609-4560-873f-c4715c8bfbf6: receive RaftClientReply:client-0789F71498A2->a5c56bc8-e609-4560-873f-c4715c8bfbf6@group-F10CA6FB56ED, cid=52, FAILED org.apache.ratis.protocol.NotLeaderException: Server a5c56bc8-e609-4560-873f-c4715c8bfbf6@group-F10CA6FB56ED is not the leader, logIndex=0, commits[a5c56bc8-e609-4560-873f-c4715c8bfbf6:c32, 7e7e06ff-ff15-4a73-bf67-b60124f5dbc2:c32, dc34f224-6fe7-4a16-b3d0-41df1e51aada:c24]
2019-09-10 18:33:45,759 [Thread-1214] INFO  impl.FollowerState (FollowerState.java:run(106)) - a5c56bc8-e609-4560-873f-c4715c8bfbf6:group-F10CA6FB56ED changes to CANDIDATE, lastRpcTime:1070, electionTimeout:1070ms
2019-09-10 18:33:45,762 [Thread-1214] INFO  impl.RoleInfo (RoleInfo.java:shutdownFollowerState(121)) - a5c56bc8-e609-4560-873f-c4715c8bfbf6: shutdown FollowerState
2019-09-10 18:33:45,763 [Thread-1214] INFO  impl.RaftServerImpl (RaftServerImpl.java:setRole(174)) - a5c56bc8-e609-4560-873f-c4715c8bfbf6@group-F10CA6FB56ED: changes role from  FOLLOWER to CANDIDATE at term 6 for changeToCandidate
2019-09-10 18:33:45,763 [Thread-1214] INFO  impl.RoleInfo (RoleInfo.java:updateAndGet(143)) - a5c56bc8-e609-4560-873f-c4715c8bfbf6: start LeaderElection
2019-09-10 18:33:45,766 [java.util.concurrent.ThreadPoolExecutor$Worker@2fb8de94[State = -1, empty queue]] WARN  server.GrpcLogAppender (GrpcLogAppender.java:timeoutAppendRequest(200)) - 43b8dda0-1fac-498c-94e0-436a32ed8ccd@group-248F13D822B7->114338b4-3ae2-46b3-98b7-a583d2a0bf23-GrpcLogAppender: appendEntries Timeout, request=43b8dda0-1fac-498c-94e0-436a32ed8ccd->114338b4-3ae2-46b3-98b7-a583d2a0bf23#112-t2, previous=(t:2, i:20), leaderCommit=16, initializing? false, entries: <empty>
2019-09-10 18:33:45,766 [java.util.concurrent.ThreadPoolExecutor$Worker@7aeb99c5[State = -1, empty queue]] WARN  server.GrpcLogAppender (GrpcLogAppender.java:timeoutAppendRequest(200)) - 43b8dda0-1fac-498c-94e0-436a32ed8ccd@group-248F13D822B7->166d57fa-ec73-4a99-b6df-0ab3ad0d7909-GrpcLogAppender: appendEntries Timeout, request=43b8dda0-1fac-498c-94e0-436a32ed8ccd->166d57fa-ec73-4a99-b6df-0ab3ad0d7909#112-t2, previous=(t:2, i:20), leaderCommit=16, initializing? false, entries: <empty>
2019-09-10 18:33:45,785 [a5c56bc8-e609-4560-873f-c4715c8bfbf6@group-F10CA6FB56ED:LeaderElection32] INFO  impl.LeaderElection (LeaderElection.java:askForVotes(182)) - a5c56bc8-e609-4560-873f-c4715c8bfbf6@group-F10CA6FB56ED:LeaderElection32: begin an election at term 7 for 0: [7e7e06ff-ff15-4a73-bf67-b60124f5dbc2:192.168.5.139:37758, a5c56bc8-e609-4560-873f-c4715c8bfbf6:192.168.5.139:44770, dc34f224-6fe7-4a16-b3d0-41df1e51aada:192.168.5.139:40510], old=null
2019-09-10 18:33:45,786 [a5c56bc8-e609-4560-873f-c4715c8bfbf6@group-F10CA6FB56ED:LeaderElection32] INFO  impl.LeaderElection (LogUtils.java:infoOrTrace(149)) - a5c56bc8-e609-4560-873f-c4715c8bfbf6@group-F10CA6FB56ED:LeaderElection32 got exception when requesting votes: {}
java.util.concurrent.ExecutionException: org.apache.ratis.thirdparty.io.grpc.StatusRuntimeException: UNAVAILABLE: io exception
	at java.util.concurrent.FutureTask.report(FutureTask.java:122)
	at java.util.concurrent.FutureTask.get(FutureTask.java:192)
	at org.apache.ratis.server.impl.LeaderElection.waitForResults(LeaderElection.java:263)
	at org.apache.ratis.server.impl.LeaderElection.askForVotes(LeaderElection.java:201)
	at org.apache.ratis.server.impl.LeaderElection.run(LeaderElection.java:133)
	at java.lang.Thread.run(Thread.java:748)
Caused by: org.apache.ratis.thirdparty.io.grpc.StatusRuntimeException: UNAVAILABLE: io exception
	at org.apache.ratis.thirdparty.io.grpc.stub.ClientCalls.toStatusRuntimeException(ClientCalls.java:233)
	at org.apache.ratis.thirdparty.io.grpc.stub.ClientCalls.getUnchecked(ClientCalls.java:214)
	at org.apache.ratis.thirdparty.io.grpc.stub.ClientCalls.blockingUnaryCall(ClientCalls.java:139)
	at org.apache.ratis.proto.grpc.RaftServerProtocolServiceGrpc$RaftServerProtocolServiceBlockingStub.requestVote(RaftServerProtocolServiceGrpc.java:265)
	at org.apache.ratis.grpc.server.GrpcServerProtocolClient.requestVote(GrpcServerProtocolClient.java:90)
	at org.apache.ratis.grpc.server.GrpcService.requestVote(GrpcService.java:204)
	at org.apache.ratis.server.impl.LeaderElection.lambda$submitRequests$1(LeaderElection.java:238)
	at java.util.concurrent.FutureTask.run(FutureTask.java:266)
	at java.util.concurrent.Executors$RunnableAdapter.call(Executors.java:511)
	at java.util.concurrent.FutureTask.run(FutureTask.java:266)
	at java.util.concurrent.ThreadPoolExecutor.runWorker(ThreadPoolExecutor.java:1149)
	at java.util.concurrent.ThreadPoolExecutor$Worker.run(ThreadPoolExecutor.java:624)
	... 1 more
Caused by: org.apache.ratis.thirdparty.io.netty.channel.AbstractChannel$AnnotatedConnectException: Connection refused: /192.168.5.139:37758
	at sun.nio.ch.SocketChannelImpl.checkConnect(Native Method)
	at sun.nio.ch.SocketChannelImpl.finishConnect(SocketChannelImpl.java:717)
	at org.apache.ratis.thirdparty.io.netty.channel.socket.nio.NioSocketChannel.doFinishConnect(NioSocketChannel.java:327)
	at org.apache.ratis.thirdparty.io.netty.channel.nio.AbstractNioChannel$AbstractNioUnsafe.finishConnect(AbstractNioChannel.java:340)
	at org.apache.ratis.thirdparty.io.netty.channel.nio.NioEventLoop.processSelectedKey(NioEventLoop.java:632)
	at org.apache.ratis.thirdparty.io.netty.channel.nio.NioEventLoop.processSelectedKeysOptimized(NioEventLoop.java:579)
	at org.apache.ratis.thirdparty.io.netty.channel.nio.NioEventLoop.processSelectedKeys(NioEventLoop.java:496)
	at org.apache.ratis.thirdparty.io.netty.channel.nio.NioEventLoop.run(NioEventLoop.java:458)
	at org.apache.ratis.thirdparty.io.netty.util.concurrent.SingleThreadEventExecutor$5.run(SingleThreadEventExecutor.java:897)
	at org.apache.ratis.thirdparty.io.netty.util.concurrent.FastThreadLocalRunnable.run(FastThreadLocalRunnable.java:30)
	... 1 more
Caused by: java.net.ConnectException: Connection refused
	... 11 more
2019-09-10 18:33:45,790 [a5c56bc8-e609-4560-873f-c4715c8bfbf6@group-F10CA6FB56ED:LeaderElection32] INFO  impl.LeaderElection (LogUtils.java:infoOrTrace(149)) - a5c56bc8-e609-4560-873f-c4715c8bfbf6@group-F10CA6FB56ED:LeaderElection32 got exception when requesting votes: {}
java.util.concurrent.ExecutionException: org.apache.ratis.thirdparty.io.grpc.StatusRuntimeException: UNAVAILABLE: io exception
	at java.util.concurrent.FutureTask.report(FutureTask.java:122)
	at java.util.concurrent.FutureTask.get(FutureTask.java:192)
	at org.apache.ratis.server.impl.LeaderElection.waitForResults(LeaderElection.java:263)
	at org.apache.ratis.server.impl.LeaderElection.askForVotes(LeaderElection.java:201)
	at org.apache.ratis.server.impl.LeaderElection.run(LeaderElection.java:133)
	at java.lang.Thread.run(Thread.java:748)
Caused by: org.apache.ratis.thirdparty.io.grpc.StatusRuntimeException: UNAVAILABLE: io exception
	at org.apache.ratis.thirdparty.io.grpc.stub.ClientCalls.toStatusRuntimeException(ClientCalls.java:233)
	at org.apache.ratis.thirdparty.io.grpc.stub.ClientCalls.getUnchecked(ClientCalls.java:214)
	at org.apache.ratis.thirdparty.io.grpc.stub.ClientCalls.blockingUnaryCall(ClientCalls.java:139)
	at org.apache.ratis.proto.grpc.RaftServerProtocolServiceGrpc$RaftServerProtocolServiceBlockingStub.requestVote(RaftServerProtocolServiceGrpc.java:265)
	at org.apache.ratis.grpc.server.GrpcServerProtocolClient.requestVote(GrpcServerProtocolClient.java:90)
	at org.apache.ratis.grpc.server.GrpcService.requestVote(GrpcService.java:204)
	at org.apache.ratis.server.impl.LeaderElection.lambda$submitRequests$1(LeaderElection.java:238)
	at java.util.concurrent.FutureTask.run(FutureTask.java:266)
	at java.util.concurrent.Executors$RunnableAdapter.call(Executors.java:511)
	at java.util.concurrent.FutureTask.run(FutureTask.java:266)
	at java.util.concurrent.ThreadPoolExecutor.runWorker(ThreadPoolExecutor.java:1149)
	at java.util.concurrent.ThreadPoolExecutor$Worker.run(ThreadPoolExecutor.java:624)
	... 1 more
Caused by: org.apache.ratis.thirdparty.io.netty.channel.AbstractChannel$AnnotatedConnectException: Connection refused: /192.168.5.139:40510
	at sun.nio.ch.SocketChannelImpl.checkConnect(Native Method)
	at sun.nio.ch.SocketChannelImpl.finishConnect(SocketChannelImpl.java:717)
	at org.apache.ratis.thirdparty.io.netty.channel.socket.nio.NioSocketChannel.doFinishConnect(NioSocketChannel.java:327)
	at org.apache.ratis.thirdparty.io.netty.channel.nio.AbstractNioChannel$AbstractNioUnsafe.finishConnect(AbstractNioChannel.java:340)
	at org.apache.ratis.thirdparty.io.netty.channel.nio.NioEventLoop.processSelectedKey(NioEventLoop.java:632)
	at org.apache.ratis.thirdparty.io.netty.channel.nio.NioEventLoop.processSelectedKeysOptimized(NioEventLoop.java:579)
	at org.apache.ratis.thirdparty.io.netty.channel.nio.NioEventLoop.processSelectedKeys(NioEventLoop.java:496)
	at org.apache.ratis.thirdparty.io.netty.channel.nio.NioEventLoop.run(NioEventLoop.java:458)
	at org.apache.ratis.thirdparty.io.netty.util.concurrent.SingleThreadEventExecutor$5.run(SingleThreadEventExecutor.java:897)
	at org.apache.ratis.thirdparty.io.netty.util.concurrent.FastThreadLocalRunnable.run(FastThreadLocalRunnable.java:30)
	... 1 more
Caused by: java.net.ConnectException: Connection refused
	... 11 more
2019-09-10 18:33:45,794 [a5c56bc8-e609-4560-873f-c4715c8bfbf6@group-F10CA6FB56ED:LeaderElection32] INFO  impl.LeaderElection (LeaderElection.java:logAndReturn(56)) - a5c56bc8-e609-4560-873f-c4715c8bfbf6@group-F10CA6FB56ED:LeaderElection32: Election REJECTED; received 0 response(s) [] and 2 exception(s); a5c56bc8-e609-4560-873f-c4715c8bfbf6@group-F10CA6FB56ED:t7, leader=null, voted=a5c56bc8-e609-4560-873f-c4715c8bfbf6, raftlog=a5c56bc8-e609-4560-873f-c4715c8bfbf6@group-F10CA6FB56ED-SegmentedRaftLog:OPENED:c32,f32,i32, conf=0: [7e7e06ff-ff15-4a73-bf67-b60124f5dbc2:192.168.5.139:37758, a5c56bc8-e609-4560-873f-c4715c8bfbf6:192.168.5.139:44770, dc34f224-6fe7-4a16-b3d0-41df1e51aada:192.168.5.139:40510], old=null
2019-09-10 18:33:45,794 [a5c56bc8-e609-4560-873f-c4715c8bfbf6@group-F10CA6FB56ED:LeaderElection32] INFO  impl.LeaderElection (LogUtils.java:infoOrTrace(149)) -   Exception 0: {}
java.util.concurrent.ExecutionException: org.apache.ratis.thirdparty.io.grpc.StatusRuntimeException: UNAVAILABLE: io exception
	at java.util.concurrent.FutureTask.report(FutureTask.java:122)
	at java.util.concurrent.FutureTask.get(FutureTask.java:192)
	at org.apache.ratis.server.impl.LeaderElection.waitForResults(LeaderElection.java:263)
	at org.apache.ratis.server.impl.LeaderElection.askForVotes(LeaderElection.java:201)
	at org.apache.ratis.server.impl.LeaderElection.run(LeaderElection.java:133)
	at java.lang.Thread.run(Thread.java:748)
Caused by: org.apache.ratis.thirdparty.io.grpc.StatusRuntimeException: UNAVAILABLE: io exception
	at org.apache.ratis.thirdparty.io.grpc.stub.ClientCalls.toStatusRuntimeException(ClientCalls.java:233)
	at org.apache.ratis.thirdparty.io.grpc.stub.ClientCalls.getUnchecked(ClientCalls.java:214)
	at org.apache.ratis.thirdparty.io.grpc.stub.ClientCalls.blockingUnaryCall(ClientCalls.java:139)
	at org.apache.ratis.proto.grpc.RaftServerProtocolServiceGrpc$RaftServerProtocolServiceBlockingStub.requestVote(RaftServerProtocolServiceGrpc.java:265)
	at org.apache.ratis.grpc.server.GrpcServerProtocolClient.requestVote(GrpcServerProtocolClient.java:90)
	at org.apache.ratis.grpc.server.GrpcService.requestVote(GrpcService.java:204)
	at org.apache.ratis.server.impl.LeaderElection.lambda$submitRequests$1(LeaderElection.java:238)
	at java.util.concurrent.FutureTask.run(FutureTask.java:266)
	at java.util.concurrent.Executors$RunnableAdapter.call(Executors.java:511)
	at java.util.concurrent.FutureTask.run(FutureTask.java:266)
	at java.util.concurrent.ThreadPoolExecutor.runWorker(ThreadPoolExecutor.java:1149)
	at java.util.concurrent.ThreadPoolExecutor$Worker.run(ThreadPoolExecutor.java:624)
	... 1 more
Caused by: org.apache.ratis.thirdparty.io.netty.channel.AbstractChannel$AnnotatedConnectException: Connection refused: /192.168.5.139:37758
	at sun.nio.ch.SocketChannelImpl.checkConnect(Native Method)
	at sun.nio.ch.SocketChannelImpl.finishConnect(SocketChannelImpl.java:717)
	at org.apache.ratis.thirdparty.io.netty.channel.socket.nio.NioSocketChannel.doFinishConnect(NioSocketChannel.java:327)
	at org.apache.ratis.thirdparty.io.netty.channel.nio.AbstractNioChannel$AbstractNioUnsafe.finishConnect(AbstractNioChannel.java:340)
	at org.apache.ratis.thirdparty.io.netty.channel.nio.NioEventLoop.processSelectedKey(NioEventLoop.java:632)
	at org.apache.ratis.thirdparty.io.netty.channel.nio.NioEventLoop.processSelectedKeysOptimized(NioEventLoop.java:579)
	at org.apache.ratis.thirdparty.io.netty.channel.nio.NioEventLoop.processSelectedKeys(NioEventLoop.java:496)
	at org.apache.ratis.thirdparty.io.netty.channel.nio.NioEventLoop.run(NioEventLoop.java:458)
	at org.apache.ratis.thirdparty.io.netty.util.concurrent.SingleThreadEventExecutor$5.run(SingleThreadEventExecutor.java:897)
	at org.apache.ratis.thirdparty.io.netty.util.concurrent.FastThreadLocalRunnable.run(FastThreadLocalRunnable.java:30)
	... 1 more
Caused by: java.net.ConnectException: Connection refused
	... 11 more
2019-09-10 18:33:45,794 [a5c56bc8-e609-4560-873f-c4715c8bfbf6@group-F10CA6FB56ED:LeaderElection32] INFO  impl.LeaderElection (LogUtils.java:infoOrTrace(149)) -   Exception 1: {}
java.util.concurrent.ExecutionException: org.apache.ratis.thirdparty.io.grpc.StatusRuntimeException: UNAVAILABLE: io exception
	at java.util.concurrent.FutureTask.report(FutureTask.java:122)
	at java.util.concurrent.FutureTask.get(FutureTask.java:192)
	at org.apache.ratis.server.impl.LeaderElection.waitForResults(LeaderElection.java:263)
	at org.apache.ratis.server.impl.LeaderElection.askForVotes(LeaderElection.java:201)
	at org.apache.ratis.server.impl.LeaderElection.run(LeaderElection.java:133)
	at java.lang.Thread.run(Thread.java:748)
Caused by: org.apache.ratis.thirdparty.io.grpc.StatusRuntimeException: UNAVAILABLE: io exception
	at org.apache.ratis.thirdparty.io.grpc.stub.ClientCalls.toStatusRuntimeException(ClientCalls.java:233)
	at org.apache.ratis.thirdparty.io.grpc.stub.ClientCalls.getUnchecked(ClientCalls.java:214)
	at org.apache.ratis.thirdparty.io.grpc.stub.ClientCalls.blockingUnaryCall(ClientCalls.java:139)
	at org.apache.ratis.proto.grpc.RaftServerProtocolServiceGrpc$RaftServerProtocolServiceBlockingStub.requestVote(RaftServerProtocolServiceGrpc.java:265)
	at org.apache.ratis.grpc.server.GrpcServerProtocolClient.requestVote(GrpcServerProtocolClient.java:90)
	at org.apache.ratis.grpc.server.GrpcService.requestVote(GrpcService.java:204)
	at org.apache.ratis.server.impl.LeaderElection.lambda$submitRequests$1(LeaderElection.java:238)
	at java.util.concurrent.FutureTask.run(FutureTask.java:266)
	at java.util.concurrent.Executors$RunnableAdapter.call(Executors.java:511)
	at java.util.concurrent.FutureTask.run(FutureTask.java:266)
	at java.util.concurrent.ThreadPoolExecutor.runWorker(ThreadPoolExecutor.java:1149)
	at java.util.concurrent.ThreadPoolExecutor$Worker.run(ThreadPoolExecutor.java:624)
	... 1 more
Caused by: org.apache.ratis.thirdparty.io.netty.channel.AbstractChannel$AnnotatedConnectException: Connection refused: /192.168.5.139:40510
	at sun.nio.ch.SocketChannelImpl.checkConnect(Native Method)
	at sun.nio.ch.SocketChannelImpl.finishConnect(SocketChannelImpl.java:717)
	at org.apache.ratis.thirdparty.io.netty.channel.socket.nio.NioSocketChannel.doFinishConnect(NioSocketChannel.java:327)
	at org.apache.ratis.thirdparty.io.netty.channel.nio.AbstractNioChannel$AbstractNioUnsafe.finishConnect(AbstractNioChannel.java:340)
	at org.apache.ratis.thirdparty.io.netty.channel.nio.NioEventLoop.processSelectedKey(NioEventLoop.java:632)
	at org.apache.ratis.thirdparty.io.netty.channel.nio.NioEventLoop.processSelectedKeysOptimized(NioEventLoop.java:579)
	at org.apache.ratis.thirdparty.io.netty.channel.nio.NioEventLoop.processSelectedKeys(NioEventLoop.java:496)
	at org.apache.ratis.thirdparty.io.netty.channel.nio.NioEventLoop.run(NioEventLoop.java:458)
	at org.apache.ratis.thirdparty.io.netty.util.concurrent.SingleThreadEventExecutor$5.run(SingleThreadEventExecutor.java:897)
	at org.apache.ratis.thirdparty.io.netty.util.concurrent.FastThreadLocalRunnable.run(FastThreadLocalRunnable.java:30)
	... 1 more
Caused by: java.net.ConnectException: Connection refused
	... 11 more
2019-09-10 18:33:45,795 [a5c56bc8-e609-4560-873f-c4715c8bfbf6@group-F10CA6FB56ED:LeaderElection32] INFO  impl.RaftServerImpl (RaftServerImpl.java:setRole(174)) - a5c56bc8-e609-4560-873f-c4715c8bfbf6@group-F10CA6FB56ED: changes role from CANDIDATE to FOLLOWER at term 7 for DISCOVERED_A_NEW_TERM
2019-09-10 18:33:45,795 [a5c56bc8-e609-4560-873f-c4715c8bfbf6@group-F10CA6FB56ED:LeaderElection32] INFO  impl.RoleInfo (RoleInfo.java:shutdownLeaderElection(134)) - a5c56bc8-e609-4560-873f-c4715c8bfbf6: shutdown LeaderElection
2019-09-10 18:33:45,795 [a5c56bc8-e609-4560-873f-c4715c8bfbf6@group-F10CA6FB56ED:LeaderElection32] INFO  impl.RoleInfo (RoleInfo.java:updateAndGet(143)) - a5c56bc8-e609-4560-873f-c4715c8bfbf6: start FollowerState
2019-09-10 18:33:45,992 [java.util.concurrent.ThreadPoolExecutor$Worker@2130bf45[State = -1, empty queue]] WARN  server.GrpcLogAppender (GrpcLogAppender.java:timeoutAppendRequest(200)) - 59afee6f-3342-47f6-8cd2-a67165187773@group-C790A911BCD5->f9c92805-78f9-4aa2-ad11-0f5c06c060e3-GrpcLogAppender: appendEntries Timeout, request=59afee6f-3342-47f6-8cd2-a67165187773->f9c92805-78f9-4aa2-ad11-0f5c06c060e3#108-t3, previous=(t:3, i:20), leaderCommit=16, initializing? false, entries: <empty>
2019-09-10 18:33:45,992 [java.util.concurrent.ThreadPoolExecutor$Worker@781538ae[State = -1, empty queue]] WARN  server.GrpcLogAppender (GrpcLogAppender.java:timeoutAppendRequest(200)) - 59afee6f-3342-47f6-8cd2-a67165187773@group-C790A911BCD5->fc430ad7-c10f-4afd-84a3-4263b60fc3a5-GrpcLogAppender: appendEntries Timeout, request=59afee6f-3342-47f6-8cd2-a67165187773->fc430ad7-c10f-4afd-84a3-4263b60fc3a5#108-t3, previous=(t:3, i:20), leaderCommit=16, initializing? false, entries: <empty>
2019-09-10 18:33:46,265 [java.util.concurrent.ThreadPoolExecutor$Worker@2fb8de94[State = -1, empty queue]] WARN  server.GrpcLogAppender (GrpcLogAppender.java:timeoutAppendRequest(200)) - 43b8dda0-1fac-498c-94e0-436a32ed8ccd@group-248F13D822B7->114338b4-3ae2-46b3-98b7-a583d2a0bf23-GrpcLogAppender: appendEntries Timeout, request=43b8dda0-1fac-498c-94e0-436a32ed8ccd->114338b4-3ae2-46b3-98b7-a583d2a0bf23#113-t2, previous=(t:2, i:20), leaderCommit=16, initializing? false, entries: <empty>
2019-09-10 18:33:46,265 [java.util.concurrent.ThreadPoolExecutor$Worker@7aeb99c5[State = -1, empty queue]] WARN  server.GrpcLogAppender (GrpcLogAppender.java:timeoutAppendRequest(200)) - 43b8dda0-1fac-498c-94e0-436a32ed8ccd@group-248F13D822B7->166d57fa-ec73-4a99-b6df-0ab3ad0d7909-GrpcLogAppender: appendEntries Timeout, request=43b8dda0-1fac-498c-94e0-436a32ed8ccd->166d57fa-ec73-4a99-b6df-0ab3ad0d7909#113-t2, previous=(t:2, i:20), leaderCommit=16, initializing? false, entries: <empty>
2019-09-10 18:33:46,493 [java.util.concurrent.ThreadPoolExecutor$Worker@2130bf45[State = -1, empty queue]] WARN  server.GrpcLogAppender (GrpcLogAppender.java:timeoutAppendRequest(200)) - 59afee6f-3342-47f6-8cd2-a67165187773@group-C790A911BCD5->f9c92805-78f9-4aa2-ad11-0f5c06c060e3-GrpcLogAppender: appendEntries Timeout, request=59afee6f-3342-47f6-8cd2-a67165187773->f9c92805-78f9-4aa2-ad11-0f5c06c060e3#109-t3, previous=(t:3, i:20), leaderCommit=16, initializing? false, entries: <empty>
2019-09-10 18:33:46,493 [java.util.concurrent.ThreadPoolExecutor$Worker@781538ae[State = -1, empty queue]] WARN  server.GrpcLogAppender (GrpcLogAppender.java:timeoutAppendRequest(200)) - 59afee6f-3342-47f6-8cd2-a67165187773@group-C790A911BCD5->fc430ad7-c10f-4afd-84a3-4263b60fc3a5-GrpcLogAppender: appendEntries Timeout, request=59afee6f-3342-47f6-8cd2-a67165187773->fc430ad7-c10f-4afd-84a3-4263b60fc3a5#109-t3, previous=(t:3, i:20), leaderCommit=16, initializing? false, entries: <empty>
2019-09-10 18:33:46,765 [java.util.concurrent.ThreadPoolExecutor$Worker@2fb8de94[State = -1, empty queue]] WARN  server.GrpcLogAppender (GrpcLogAppender.java:timeoutAppendRequest(200)) - 43b8dda0-1fac-498c-94e0-436a32ed8ccd@group-248F13D822B7->114338b4-3ae2-46b3-98b7-a583d2a0bf23-GrpcLogAppender: appendEntries Timeout, request=43b8dda0-1fac-498c-94e0-436a32ed8ccd->114338b4-3ae2-46b3-98b7-a583d2a0bf23#114-t2, previous=(t:2, i:20), leaderCommit=16, initializing? false, entries: <empty>
2019-09-10 18:33:46,765 [java.util.concurrent.ThreadPoolExecutor$Worker@7aeb99c5[State = -1, empty queue]] WARN  server.GrpcLogAppender (GrpcLogAppender.java:timeoutAppendRequest(200)) - 43b8dda0-1fac-498c-94e0-436a32ed8ccd@group-248F13D822B7->166d57fa-ec73-4a99-b6df-0ab3ad0d7909-GrpcLogAppender: appendEntries Timeout, request=43b8dda0-1fac-498c-94e0-436a32ed8ccd->166d57fa-ec73-4a99-b6df-0ab3ad0d7909#114-t2, previous=(t:2, i:20), leaderCommit=16, initializing? false, entries: <empty>
2019-09-10 18:33:46,909 [Thread-1234] INFO  impl.FollowerState (FollowerState.java:run(106)) - a5c56bc8-e609-4560-873f-c4715c8bfbf6:group-F10CA6FB56ED changes to CANDIDATE, lastRpcTime:1113, electionTimeout:1113ms
2019-09-10 18:33:46,909 [Thread-1234] INFO  impl.RoleInfo (RoleInfo.java:shutdownFollowerState(121)) - a5c56bc8-e609-4560-873f-c4715c8bfbf6: shutdown FollowerState
2019-09-10 18:33:46,909 [Thread-1234] INFO  impl.RaftServerImpl (RaftServerImpl.java:setRole(174)) - a5c56bc8-e609-4560-873f-c4715c8bfbf6@group-F10CA6FB56ED: changes role from  FOLLOWER to CANDIDATE at term 7 for changeToCandidate
2019-09-10 18:33:46,909 [Thread-1234] INFO  impl.RoleInfo (RoleInfo.java:updateAndGet(143)) - a5c56bc8-e609-4560-873f-c4715c8bfbf6: start LeaderElection
2019-09-10 18:33:46,945 [a5c56bc8-e609-4560-873f-c4715c8bfbf6@group-F10CA6FB56ED:LeaderElection33] INFO  impl.LeaderElection (LeaderElection.java:askForVotes(182)) - a5c56bc8-e609-4560-873f-c4715c8bfbf6@group-F10CA6FB56ED:LeaderElection33: begin an election at term 8 for 0: [7e7e06ff-ff15-4a73-bf67-b60124f5dbc2:192.168.5.139:37758, a5c56bc8-e609-4560-873f-c4715c8bfbf6:192.168.5.139:44770, dc34f224-6fe7-4a16-b3d0-41df1e51aada:192.168.5.139:40510], old=null
2019-09-10 18:33:46,946 [a5c56bc8-e609-4560-873f-c4715c8bfbf6@group-F10CA6FB56ED:LeaderElection33] INFO  impl.LeaderElection (LogUtils.java:infoOrTrace(149)) - a5c56bc8-e609-4560-873f-c4715c8bfbf6@group-F10CA6FB56ED:LeaderElection33 got exception when requesting votes: {}
java.util.concurrent.ExecutionException: org.apache.ratis.thirdparty.io.grpc.StatusRuntimeException: UNAVAILABLE: io exception
	at java.util.concurrent.FutureTask.report(FutureTask.java:122)
	at java.util.concurrent.FutureTask.get(FutureTask.java:192)
	at org.apache.ratis.server.impl.LeaderElection.waitForResults(LeaderElection.java:263)
	at org.apache.ratis.server.impl.LeaderElection.askForVotes(LeaderElection.java:201)
	at org.apache.ratis.server.impl.LeaderElection.run(LeaderElection.java:133)
	at java.lang.Thread.run(Thread.java:748)
Caused by: org.apache.ratis.thirdparty.io.grpc.StatusRuntimeException: UNAVAILABLE: io exception
	at org.apache.ratis.thirdparty.io.grpc.stub.ClientCalls.toStatusRuntimeException(ClientCalls.java:233)
	at org.apache.ratis.thirdparty.io.grpc.stub.ClientCalls.getUnchecked(ClientCalls.java:214)
	at org.apache.ratis.thirdparty.io.grpc.stub.ClientCalls.blockingUnaryCall(ClientCalls.java:139)
	at org.apache.ratis.proto.grpc.RaftServerProtocolServiceGrpc$RaftServerProtocolServiceBlockingStub.requestVote(RaftServerProtocolServiceGrpc.java:265)
	at org.apache.ratis.grpc.server.GrpcServerProtocolClient.requestVote(GrpcServerProtocolClient.java:90)
	at org.apache.ratis.grpc.server.GrpcService.requestVote(GrpcService.java:204)
	at org.apache.ratis.server.impl.LeaderElection.lambda$submitRequests$1(LeaderElection.java:238)
	at java.util.concurrent.FutureTask.run(FutureTask.java:266)
	at java.util.concurrent.Executors$RunnableAdapter.call(Executors.java:511)
	at java.util.concurrent.FutureTask.run(FutureTask.java:266)
	at java.util.concurrent.ThreadPoolExecutor.runWorker(ThreadPoolExecutor.java:1149)
	at java.util.concurrent.ThreadPoolExecutor$Worker.run(ThreadPoolExecutor.java:624)
	... 1 more
Caused by: org.apache.ratis.thirdparty.io.netty.channel.AbstractChannel$AnnotatedConnectException: Connection refused: /192.168.5.139:37758
	at sun.nio.ch.SocketChannelImpl.checkConnect(Native Method)
	at sun.nio.ch.SocketChannelImpl.finishConnect(SocketChannelImpl.java:717)
	at org.apache.ratis.thirdparty.io.netty.channel.socket.nio.NioSocketChannel.doFinishConnect(NioSocketChannel.java:327)
	at org.apache.ratis.thirdparty.io.netty.channel.nio.AbstractNioChannel$AbstractNioUnsafe.finishConnect(AbstractNioChannel.java:340)
	at org.apache.ratis.thirdparty.io.netty.channel.nio.NioEventLoop.processSelectedKey(NioEventLoop.java:632)
	at org.apache.ratis.thirdparty.io.netty.channel.nio.NioEventLoop.processSelectedKeysOptimized(NioEventLoop.java:579)
	at org.apache.ratis.thirdparty.io.netty.channel.nio.NioEventLoop.processSelectedKeys(NioEventLoop.java:496)
	at org.apache.ratis.thirdparty.io.netty.channel.nio.NioEventLoop.run(NioEventLoop.java:458)
	at org.apache.ratis.thirdparty.io.netty.util.concurrent.SingleThreadEventExecutor$5.run(SingleThreadEventExecutor.java:897)
	at org.apache.ratis.thirdparty.io.netty.util.concurrent.FastThreadLocalRunnable.run(FastThreadLocalRunnable.java:30)
	... 1 more
Caused by: java.net.ConnectException: Connection refused
	... 11 more
2019-09-10 18:33:46,950 [a5c56bc8-e609-4560-873f-c4715c8bfbf6@group-F10CA6FB56ED:LeaderElection33] INFO  impl.LeaderElection (LogUtils.java:infoOrTrace(149)) - a5c56bc8-e609-4560-873f-c4715c8bfbf6@group-F10CA6FB56ED:LeaderElection33 got exception when requesting votes: {}
java.util.concurrent.ExecutionException: org.apache.ratis.thirdparty.io.grpc.StatusRuntimeException: UNAVAILABLE: io exception
	at java.util.concurrent.FutureTask.report(FutureTask.java:122)
	at java.util.concurrent.FutureTask.get(FutureTask.java:192)
	at org.apache.ratis.server.impl.LeaderElection.waitForResults(LeaderElection.java:263)
	at org.apache.ratis.server.impl.LeaderElection.askForVotes(LeaderElection.java:201)
	at org.apache.ratis.server.impl.LeaderElection.run(LeaderElection.java:133)
	at java.lang.Thread.run(Thread.java:748)
Caused by: org.apache.ratis.thirdparty.io.grpc.StatusRuntimeException: UNAVAILABLE: io exception
	at org.apache.ratis.thirdparty.io.grpc.stub.ClientCalls.toStatusRuntimeException(ClientCalls.java:233)
	at org.apache.ratis.thirdparty.io.grpc.stub.ClientCalls.getUnchecked(ClientCalls.java:214)
	at org.apache.ratis.thirdparty.io.grpc.stub.ClientCalls.blockingUnaryCall(ClientCalls.java:139)
	at org.apache.ratis.proto.grpc.RaftServerProtocolServiceGrpc$RaftServerProtocolServiceBlockingStub.requestVote(RaftServerProtocolServiceGrpc.java:265)
	at org.apache.ratis.grpc.server.GrpcServerProtocolClient.requestVote(GrpcServerProtocolClient.java:90)
	at org.apache.ratis.grpc.server.GrpcService.requestVote(GrpcService.java:204)
	at org.apache.ratis.server.impl.LeaderElection.lambda$submitRequests$1(LeaderElection.java:238)
	at java.util.concurrent.FutureTask.run(FutureTask.java:266)
	at java.util.concurrent.Executors$RunnableAdapter.call(Executors.java:511)
	at java.util.concurrent.FutureTask.run(FutureTask.java:266)
	at java.util.concurrent.ThreadPoolExecutor.runWorker(ThreadPoolExecutor.java:1149)
	at java.util.concurrent.ThreadPoolExecutor$Worker.run(ThreadPoolExecutor.java:624)
	... 1 more
Caused by: org.apache.ratis.thirdparty.io.netty.channel.AbstractChannel$AnnotatedConnectException: Connection refused: /192.168.5.139:40510
	at sun.nio.ch.SocketChannelImpl.checkConnect(Native Method)
	at sun.nio.ch.SocketChannelImpl.finishConnect(SocketChannelImpl.java:717)
	at org.apache.ratis.thirdparty.io.netty.channel.socket.nio.NioSocketChannel.doFinishConnect(NioSocketChannel.java:327)
	at org.apache.ratis.thirdparty.io.netty.channel.nio.AbstractNioChannel$AbstractNioUnsafe.finishConnect(AbstractNioChannel.java:340)
	at org.apache.ratis.thirdparty.io.netty.channel.nio.NioEventLoop.processSelectedKey(NioEventLoop.java:632)
	at org.apache.ratis.thirdparty.io.netty.channel.nio.NioEventLoop.processSelectedKeysOptimized(NioEventLoop.java:579)
	at org.apache.ratis.thirdparty.io.netty.channel.nio.NioEventLoop.processSelectedKeys(NioEventLoop.java:496)
	at org.apache.ratis.thirdparty.io.netty.channel.nio.NioEventLoop.run(NioEventLoop.java:458)
	at org.apache.ratis.thirdparty.io.netty.util.concurrent.SingleThreadEventExecutor$5.run(SingleThreadEventExecutor.java:897)
	at org.apache.ratis.thirdparty.io.netty.util.concurrent.FastThreadLocalRunnable.run(FastThreadLocalRunnable.java:30)
	... 1 more
Caused by: java.net.ConnectException: Connection refused
	... 11 more
2019-09-10 18:33:46,952 [a5c56bc8-e609-4560-873f-c4715c8bfbf6@group-F10CA6FB56ED:LeaderElection33] INFO  impl.LeaderElection (LeaderElection.java:logAndReturn(56)) - a5c56bc8-e609-4560-873f-c4715c8bfbf6@group-F10CA6FB56ED:LeaderElection33: Election REJECTED; received 0 response(s) [] and 2 exception(s); a5c56bc8-e609-4560-873f-c4715c8bfbf6@group-F10CA6FB56ED:t8, leader=null, voted=a5c56bc8-e609-4560-873f-c4715c8bfbf6, raftlog=a5c56bc8-e609-4560-873f-c4715c8bfbf6@group-F10CA6FB56ED-SegmentedRaftLog:OPENED:c32,f32,i32, conf=0: [7e7e06ff-ff15-4a73-bf67-b60124f5dbc2:192.168.5.139:37758, a5c56bc8-e609-4560-873f-c4715c8bfbf6:192.168.5.139:44770, dc34f224-6fe7-4a16-b3d0-41df1e51aada:192.168.5.139:40510], old=null
2019-09-10 18:33:46,952 [a5c56bc8-e609-4560-873f-c4715c8bfbf6@group-F10CA6FB56ED:LeaderElection33] INFO  impl.LeaderElection (LogUtils.java:infoOrTrace(149)) -   Exception 0: {}
java.util.concurrent.ExecutionException: org.apache.ratis.thirdparty.io.grpc.StatusRuntimeException: UNAVAILABLE: io exception
	at java.util.concurrent.FutureTask.report(FutureTask.java:122)
	at java.util.concurrent.FutureTask.get(FutureTask.java:192)
	at org.apache.ratis.server.impl.LeaderElection.waitForResults(LeaderElection.java:263)
	at org.apache.ratis.server.impl.LeaderElection.askForVotes(LeaderElection.java:201)
	at org.apache.ratis.server.impl.LeaderElection.run(LeaderElection.java:133)
	at java.lang.Thread.run(Thread.java:748)
Caused by: org.apache.ratis.thirdparty.io.grpc.StatusRuntimeException: UNAVAILABLE: io exception
	at org.apache.ratis.thirdparty.io.grpc.stub.ClientCalls.toStatusRuntimeException(ClientCalls.java:233)
	at org.apache.ratis.thirdparty.io.grpc.stub.ClientCalls.getUnchecked(ClientCalls.java:214)
	at org.apache.ratis.thirdparty.io.grpc.stub.ClientCalls.blockingUnaryCall(ClientCalls.java:139)
	at org.apache.ratis.proto.grpc.RaftServerProtocolServiceGrpc$RaftServerProtocolServiceBlockingStub.requestVote(RaftServerProtocolServiceGrpc.java:265)
	at org.apache.ratis.grpc.server.GrpcServerProtocolClient.requestVote(GrpcServerProtocolClient.java:90)
	at org.apache.ratis.grpc.server.GrpcService.requestVote(GrpcService.java:204)
	at org.apache.ratis.server.impl.LeaderElection.lambda$submitRequests$1(LeaderElection.java:238)
	at java.util.concurrent.FutureTask.run(FutureTask.java:266)
	at java.util.concurrent.Executors$RunnableAdapter.call(Executors.java:511)
	at java.util.concurrent.FutureTask.run(FutureTask.java:266)
	at java.util.concurrent.ThreadPoolExecutor.runWorker(ThreadPoolExecutor.java:1149)
	at java.util.concurrent.ThreadPoolExecutor$Worker.run(ThreadPoolExecutor.java:624)
	... 1 more
Caused by: org.apache.ratis.thirdparty.io.netty.channel.AbstractChannel$AnnotatedConnectException: Connection refused: /192.168.5.139:37758
	at sun.nio.ch.SocketChannelImpl.checkConnect(Native Method)
	at sun.nio.ch.SocketChannelImpl.finishConnect(SocketChannelImpl.java:717)
	at org.apache.ratis.thirdparty.io.netty.channel.socket.nio.NioSocketChannel.doFinishConnect(NioSocketChannel.java:327)
	at org.apache.ratis.thirdparty.io.netty.channel.nio.AbstractNioChannel$AbstractNioUnsafe.finishConnect(AbstractNioChannel.java:340)
	at org.apache.ratis.thirdparty.io.netty.channel.nio.NioEventLoop.processSelectedKey(NioEventLoop.java:632)
	at org.apache.ratis.thirdparty.io.netty.channel.nio.NioEventLoop.processSelectedKeysOptimized(NioEventLoop.java:579)
	at org.apache.ratis.thirdparty.io.netty.channel.nio.NioEventLoop.processSelectedKeys(NioEventLoop.java:496)
	at org.apache.ratis.thirdparty.io.netty.channel.nio.NioEventLoop.run(NioEventLoop.java:458)
	at org.apache.ratis.thirdparty.io.netty.util.concurrent.SingleThreadEventExecutor$5.run(SingleThreadEventExecutor.java:897)
	at org.apache.ratis.thirdparty.io.netty.util.concurrent.FastThreadLocalRunnable.run(FastThreadLocalRunnable.java:30)
	... 1 more
Caused by: java.net.ConnectException: Connection refused
	... 11 more
2019-09-10 18:33:46,953 [a5c56bc8-e609-4560-873f-c4715c8bfbf6@group-F10CA6FB56ED:LeaderElection33] INFO  impl.LeaderElection (LogUtils.java:infoOrTrace(149)) -   Exception 1: {}
java.util.concurrent.ExecutionException: org.apache.ratis.thirdparty.io.grpc.StatusRuntimeException: UNAVAILABLE: io exception
	at java.util.concurrent.FutureTask.report(FutureTask.java:122)
	at java.util.concurrent.FutureTask.get(FutureTask.java:192)
	at org.apache.ratis.server.impl.LeaderElection.waitForResults(LeaderElection.java:263)
	at org.apache.ratis.server.impl.LeaderElection.askForVotes(LeaderElection.java:201)
	at org.apache.ratis.server.impl.LeaderElection.run(LeaderElection.java:133)
	at java.lang.Thread.run(Thread.java:748)
Caused by: org.apache.ratis.thirdparty.io.grpc.StatusRuntimeException: UNAVAILABLE: io exception
	at org.apache.ratis.thirdparty.io.grpc.stub.ClientCalls.toStatusRuntimeException(ClientCalls.java:233)
	at org.apache.ratis.thirdparty.io.grpc.stub.ClientCalls.getUnchecked(ClientCalls.java:214)
	at org.apache.ratis.thirdparty.io.grpc.stub.ClientCalls.blockingUnaryCall(ClientCalls.java:139)
	at org.apache.ratis.proto.grpc.RaftServerProtocolServiceGrpc$RaftServerProtocolServiceBlockingStub.requestVote(RaftServerProtocolServiceGrpc.java:265)
	at org.apache.ratis.grpc.server.GrpcServerProtocolClient.requestVote(GrpcServerProtocolClient.java:90)
	at org.apache.ratis.grpc.server.GrpcService.requestVote(GrpcService.java:204)
	at org.apache.ratis.server.impl.LeaderElection.lambda$submitRequests$1(LeaderElection.java:238)
	at java.util.concurrent.FutureTask.run(FutureTask.java:266)
	at java.util.concurrent.Executors$RunnableAdapter.call(Executors.java:511)
	at java.util.concurrent.FutureTask.run(FutureTask.java:266)
	at java.util.concurrent.ThreadPoolExecutor.runWorker(ThreadPoolExecutor.java:1149)
	at java.util.concurrent.ThreadPoolExecutor$Worker.run(ThreadPoolExecutor.java:624)
	... 1 more
Caused by: org.apache.ratis.thirdparty.io.netty.channel.AbstractChannel$AnnotatedConnectException: Connection refused: /192.168.5.139:40510
	at sun.nio.ch.SocketChannelImpl.checkConnect(Native Method)
	at sun.nio.ch.SocketChannelImpl.finishConnect(SocketChannelImpl.java:717)
	at org.apache.ratis.thirdparty.io.netty.channel.socket.nio.NioSocketChannel.doFinishConnect(NioSocketChannel.java:327)
	at org.apache.ratis.thirdparty.io.netty.channel.nio.AbstractNioChannel$AbstractNioUnsafe.finishConnect(AbstractNioChannel.java:340)
	at org.apache.ratis.thirdparty.io.netty.channel.nio.NioEventLoop.processSelectedKey(NioEventLoop.java:632)
	at org.apache.ratis.thirdparty.io.netty.channel.nio.NioEventLoop.processSelectedKeysOptimized(NioEventLoop.java:579)
	at org.apache.ratis.thirdparty.io.netty.channel.nio.NioEventLoop.processSelectedKeys(NioEventLoop.java:496)
	at org.apache.ratis.thirdparty.io.netty.channel.nio.NioEventLoop.run(NioEventLoop.java:458)
	at org.apache.ratis.thirdparty.io.netty.util.concurrent.SingleThreadEventExecutor$5.run(SingleThreadEventExecutor.java:897)
	at org.apache.ratis.thirdparty.io.netty.util.concurrent.FastThreadLocalRunnable.run(FastThreadLocalRunnable.java:30)
	... 1 more
Caused by: java.net.ConnectException: Connection refused
	... 11 more
2019-09-10 18:33:46,953 [a5c56bc8-e609-4560-873f-c4715c8bfbf6@group-F10CA6FB56ED:LeaderElection33] INFO  impl.RaftServerImpl (RaftServerImpl.java:setRole(174)) - a5c56bc8-e609-4560-873f-c4715c8bfbf6@group-F10CA6FB56ED: changes role from CANDIDATE to FOLLOWER at term 8 for DISCOVERED_A_NEW_TERM
2019-09-10 18:33:46,953 [a5c56bc8-e609-4560-873f-c4715c8bfbf6@group-F10CA6FB56ED:LeaderElection33] INFO  impl.RoleInfo (RoleInfo.java:shutdownLeaderElection(134)) - a5c56bc8-e609-4560-873f-c4715c8bfbf6: shutdown LeaderElection
2019-09-10 18:33:46,953 [a5c56bc8-e609-4560-873f-c4715c8bfbf6@group-F10CA6FB56ED:LeaderElection33] INFO  impl.RoleInfo (RoleInfo.java:updateAndGet(143)) - a5c56bc8-e609-4560-873f-c4715c8bfbf6: start FollowerState
2019-09-10 18:33:46,993 [java.util.concurrent.ThreadPoolExecutor$Worker@2130bf45[State = -1, empty queue]] WARN  server.GrpcLogAppender (GrpcLogAppender.java:timeoutAppendRequest(200)) - 59afee6f-3342-47f6-8cd2-a67165187773@group-C790A911BCD5->f9c92805-78f9-4aa2-ad11-0f5c06c060e3-GrpcLogAppender: appendEntries Timeout, request=59afee6f-3342-47f6-8cd2-a67165187773->f9c92805-78f9-4aa2-ad11-0f5c06c060e3#110-t3, previous=(t:3, i:20), leaderCommit=16, initializing? false, entries: <empty>
2019-09-10 18:33:46,993 [java.util.concurrent.ThreadPoolExecutor$Worker@781538ae[State = -1, empty queue]] WARN  server.GrpcLogAppender (GrpcLogAppender.java:timeoutAppendRequest(200)) - 59afee6f-3342-47f6-8cd2-a67165187773@group-C790A911BCD5->fc430ad7-c10f-4afd-84a3-4263b60fc3a5-GrpcLogAppender: appendEntries Timeout, request=59afee6f-3342-47f6-8cd2-a67165187773->fc430ad7-c10f-4afd-84a3-4263b60fc3a5#110-t3, previous=(t:3, i:20), leaderCommit=16, initializing? false, entries: <empty>
2019-09-10 18:33:47,266 [java.util.concurrent.ThreadPoolExecutor$Worker@2fb8de94[State = -1, empty queue]] WARN  server.GrpcLogAppender (GrpcLogAppender.java:timeoutAppendRequest(200)) - 43b8dda0-1fac-498c-94e0-436a32ed8ccd@group-248F13D822B7->114338b4-3ae2-46b3-98b7-a583d2a0bf23-GrpcLogAppender: appendEntries Timeout, request=43b8dda0-1fac-498c-94e0-436a32ed8ccd->114338b4-3ae2-46b3-98b7-a583d2a0bf23#115-t2, previous=(t:2, i:20), leaderCommit=16, initializing? false, entries: <empty>
2019-09-10 18:33:47,266 [java.util.concurrent.ThreadPoolExecutor$Worker@7aeb99c5[State = -1, empty queue]] WARN  server.GrpcLogAppender (GrpcLogAppender.java:timeoutAppendRequest(200)) - 43b8dda0-1fac-498c-94e0-436a32ed8ccd@group-248F13D822B7->166d57fa-ec73-4a99-b6df-0ab3ad0d7909-GrpcLogAppender: appendEntries Timeout, request=43b8dda0-1fac-498c-94e0-436a32ed8ccd->166d57fa-ec73-4a99-b6df-0ab3ad0d7909#115-t2, previous=(t:2, i:20), leaderCommit=16, initializing? false, entries: <empty>
2019-09-10 18:33:47,493 [java.util.concurrent.ThreadPoolExecutor$Worker@781538ae[State = -1, empty queue]] WARN  server.GrpcLogAppender (GrpcLogAppender.java:timeoutAppendRequest(200)) - 59afee6f-3342-47f6-8cd2-a67165187773@group-C790A911BCD5->fc430ad7-c10f-4afd-84a3-4263b60fc3a5-GrpcLogAppender: appendEntries Timeout, request=59afee6f-3342-47f6-8cd2-a67165187773->fc430ad7-c10f-4afd-84a3-4263b60fc3a5#111-t3, previous=(t:3, i:20), leaderCommit=16, initializing? false, entries: <empty>
2019-09-10 18:33:47,493 [java.util.concurrent.ThreadPoolExecutor$Worker@2130bf45[State = -1, empty queue]] WARN  server.GrpcLogAppender (GrpcLogAppender.java:timeoutAppendRequest(200)) - 59afee6f-3342-47f6-8cd2-a67165187773@group-C790A911BCD5->f9c92805-78f9-4aa2-ad11-0f5c06c060e3-GrpcLogAppender: appendEntries Timeout, request=59afee6f-3342-47f6-8cd2-a67165187773->f9c92805-78f9-4aa2-ad11-0f5c06c060e3#111-t3, previous=(t:3, i:20), leaderCommit=16, initializing? false, entries: <empty>
2019-09-10 18:33:47,767 [java.util.concurrent.ThreadPoolExecutor$Worker@7aeb99c5[State = -1, empty queue]] WARN  server.GrpcLogAppender (GrpcLogAppender.java:timeoutAppendRequest(200)) - 43b8dda0-1fac-498c-94e0-436a32ed8ccd@group-248F13D822B7->166d57fa-ec73-4a99-b6df-0ab3ad0d7909-GrpcLogAppender: appendEntries Timeout, request=43b8dda0-1fac-498c-94e0-436a32ed8ccd->166d57fa-ec73-4a99-b6df-0ab3ad0d7909#116-t2, previous=(t:2, i:20), leaderCommit=16, initializing? false, entries: <empty>
2019-09-10 18:33:47,767 [java.util.concurrent.ThreadPoolExecutor$Worker@2fb8de94[State = -1, empty queue]] WARN  server.GrpcLogAppender (GrpcLogAppender.java:timeoutAppendRequest(200)) - 43b8dda0-1fac-498c-94e0-436a32ed8ccd@group-248F13D822B7->114338b4-3ae2-46b3-98b7-a583d2a0bf23-GrpcLogAppender: appendEntries Timeout, request=43b8dda0-1fac-498c-94e0-436a32ed8ccd->114338b4-3ae2-46b3-98b7-a583d2a0bf23#116-t2, previous=(t:2, i:20), leaderCommit=16, initializing? false, entries: <empty>
2019-09-10 18:33:47,993 [java.util.concurrent.ThreadPoolExecutor$Worker@2130bf45[State = -1, empty queue]] WARN  server.GrpcLogAppender (GrpcLogAppender.java:timeoutAppendRequest(200)) - 59afee6f-3342-47f6-8cd2-a67165187773@group-C790A911BCD5->f9c92805-78f9-4aa2-ad11-0f5c06c060e3-GrpcLogAppender: appendEntries Timeout, request=59afee6f-3342-47f6-8cd2-a67165187773->f9c92805-78f9-4aa2-ad11-0f5c06c060e3#112-t3, previous=(t:3, i:20), leaderCommit=16, initializing? false, entries: <empty>
2019-09-10 18:33:47,993 [java.util.concurrent.ThreadPoolExecutor$Worker@781538ae[State = -1, empty queue]] WARN  server.GrpcLogAppender (GrpcLogAppender.java:timeoutAppendRequest(200)) - 59afee6f-3342-47f6-8cd2-a67165187773@group-C790A911BCD5->fc430ad7-c10f-4afd-84a3-4263b60fc3a5-GrpcLogAppender: appendEntries Timeout, request=59afee6f-3342-47f6-8cd2-a67165187773->fc430ad7-c10f-4afd-84a3-4263b60fc3a5#112-t3, previous=(t:3, i:20), leaderCommit=16, initializing? false, entries: <empty>
2019-09-10 18:33:48,028 [Thread-1249] INFO  impl.FollowerState (FollowerState.java:run(106)) - a5c56bc8-e609-4560-873f-c4715c8bfbf6:group-F10CA6FB56ED changes to CANDIDATE, lastRpcTime:1074, electionTimeout:1074ms
2019-09-10 18:33:48,028 [Thread-1249] INFO  impl.RoleInfo (RoleInfo.java:shutdownFollowerState(121)) - a5c56bc8-e609-4560-873f-c4715c8bfbf6: shutdown FollowerState
2019-09-10 18:33:48,028 [Thread-1249] INFO  impl.RaftServerImpl (RaftServerImpl.java:setRole(174)) - a5c56bc8-e609-4560-873f-c4715c8bfbf6@group-F10CA6FB56ED: changes role from  FOLLOWER to CANDIDATE at term 8 for changeToCandidate
2019-09-10 18:33:48,028 [Thread-1249] INFO  impl.RoleInfo (RoleInfo.java:updateAndGet(143)) - a5c56bc8-e609-4560-873f-c4715c8bfbf6: start LeaderElection
2019-09-10 18:33:48,048 [a5c56bc8-e609-4560-873f-c4715c8bfbf6@group-F10CA6FB56ED:LeaderElection34] INFO  impl.LeaderElection (LeaderElection.java:askForVotes(182)) - a5c56bc8-e609-4560-873f-c4715c8bfbf6@group-F10CA6FB56ED:LeaderElection34: begin an election at term 9 for 0: [7e7e06ff-ff15-4a73-bf67-b60124f5dbc2:192.168.5.139:37758, a5c56bc8-e609-4560-873f-c4715c8bfbf6:192.168.5.139:44770, dc34f224-6fe7-4a16-b3d0-41df1e51aada:192.168.5.139:40510], old=null
2019-09-10 18:33:48,049 [a5c56bc8-e609-4560-873f-c4715c8bfbf6@group-F10CA6FB56ED:LeaderElection34] INFO  impl.LeaderElection (LogUtils.java:infoOrTrace(149)) - a5c56bc8-e609-4560-873f-c4715c8bfbf6@group-F10CA6FB56ED:LeaderElection34 got exception when requesting votes: {}
java.util.concurrent.ExecutionException: org.apache.ratis.thirdparty.io.grpc.StatusRuntimeException: UNAVAILABLE: io exception
	at java.util.concurrent.FutureTask.report(FutureTask.java:122)
	at java.util.concurrent.FutureTask.get(FutureTask.java:192)
	at org.apache.ratis.server.impl.LeaderElection.waitForResults(LeaderElection.java:263)
	at org.apache.ratis.server.impl.LeaderElection.askForVotes(LeaderElection.java:201)
	at org.apache.ratis.server.impl.LeaderElection.run(LeaderElection.java:133)
	at java.lang.Thread.run(Thread.java:748)
Caused by: org.apache.ratis.thirdparty.io.grpc.StatusRuntimeException: UNAVAILABLE: io exception
	at org.apache.ratis.thirdparty.io.grpc.stub.ClientCalls.toStatusRuntimeException(ClientCalls.java:233)
	at org.apache.ratis.thirdparty.io.grpc.stub.ClientCalls.getUnchecked(ClientCalls.java:214)
	at org.apache.ratis.thirdparty.io.grpc.stub.ClientCalls.blockingUnaryCall(ClientCalls.java:139)
	at org.apache.ratis.proto.grpc.RaftServerProtocolServiceGrpc$RaftServerProtocolServiceBlockingStub.requestVote(RaftServerProtocolServiceGrpc.java:265)
	at org.apache.ratis.grpc.server.GrpcServerProtocolClient.requestVote(GrpcServerProtocolClient.java:90)
	at org.apache.ratis.grpc.server.GrpcService.requestVote(GrpcService.java:204)
	at org.apache.ratis.server.impl.LeaderElection.lambda$submitRequests$1(LeaderElection.java:238)
	at java.util.concurrent.FutureTask.run(FutureTask.java:266)
	at java.util.concurrent.Executors$RunnableAdapter.call(Executors.java:511)
	at java.util.concurrent.FutureTask.run(FutureTask.java:266)
	at java.util.concurrent.ThreadPoolExecutor.runWorker(ThreadPoolExecutor.java:1149)
	at java.util.concurrent.ThreadPoolExecutor$Worker.run(ThreadPoolExecutor.java:624)
	... 1 more
Caused by: org.apache.ratis.thirdparty.io.netty.channel.AbstractChannel$AnnotatedConnectException: Connection refused: /192.168.5.139:37758
	at sun.nio.ch.SocketChannelImpl.checkConnect(Native Method)
	at sun.nio.ch.SocketChannelImpl.finishConnect(SocketChannelImpl.java:717)
	at org.apache.ratis.thirdparty.io.netty.channel.socket.nio.NioSocketChannel.doFinishConnect(NioSocketChannel.java:327)
	at org.apache.ratis.thirdparty.io.netty.channel.nio.AbstractNioChannel$AbstractNioUnsafe.finishConnect(AbstractNioChannel.java:340)
	at org.apache.ratis.thirdparty.io.netty.channel.nio.NioEventLoop.processSelectedKey(NioEventLoop.java:632)
	at org.apache.ratis.thirdparty.io.netty.channel.nio.NioEventLoop.processSelectedKeysOptimized(NioEventLoop.java:579)
	at org.apache.ratis.thirdparty.io.netty.channel.nio.NioEventLoop.processSelectedKeys(NioEventLoop.java:496)
	at org.apache.ratis.thirdparty.io.netty.channel.nio.NioEventLoop.run(NioEventLoop.java:458)
	at org.apache.ratis.thirdparty.io.netty.util.concurrent.SingleThreadEventExecutor$5.run(SingleThreadEventExecutor.java:897)
	at org.apache.ratis.thirdparty.io.netty.util.concurrent.FastThreadLocalRunnable.run(FastThreadLocalRunnable.java:30)
	... 1 more
Caused by: java.net.ConnectException: Connection refused
	... 11 more
2019-09-10 18:33:48,052 [a5c56bc8-e609-4560-873f-c4715c8bfbf6@group-F10CA6FB56ED:LeaderElection34] INFO  impl.LeaderElection (LogUtils.java:infoOrTrace(149)) - a5c56bc8-e609-4560-873f-c4715c8bfbf6@group-F10CA6FB56ED:LeaderElection34 got exception when requesting votes: {}
java.util.concurrent.ExecutionException: org.apache.ratis.thirdparty.io.grpc.StatusRuntimeException: UNAVAILABLE: io exception
	at java.util.concurrent.FutureTask.report(FutureTask.java:122)
	at java.util.concurrent.FutureTask.get(FutureTask.java:192)
	at org.apache.ratis.server.impl.LeaderElection.waitForResults(LeaderElection.java:263)
	at org.apache.ratis.server.impl.LeaderElection.askForVotes(LeaderElection.java:201)
	at org.apache.ratis.server.impl.LeaderElection.run(LeaderElection.java:133)
	at java.lang.Thread.run(Thread.java:748)
Caused by: org.apache.ratis.thirdparty.io.grpc.StatusRuntimeException: UNAVAILABLE: io exception
	at org.apache.ratis.thirdparty.io.grpc.stub.ClientCalls.toStatusRuntimeException(ClientCalls.java:233)
	at org.apache.ratis.thirdparty.io.grpc.stub.ClientCalls.getUnchecked(ClientCalls.java:214)
	at org.apache.ratis.thirdparty.io.grpc.stub.ClientCalls.blockingUnaryCall(ClientCalls.java:139)
	at org.apache.ratis.proto.grpc.RaftServerProtocolServiceGrpc$RaftServerProtocolServiceBlockingStub.requestVote(RaftServerProtocolServiceGrpc.java:265)
	at org.apache.ratis.grpc.server.GrpcServerProtocolClient.requestVote(GrpcServerProtocolClient.java:90)
	at org.apache.ratis.grpc.server.GrpcService.requestVote(GrpcService.java:204)
	at org.apache.ratis.server.impl.LeaderElection.lambda$submitRequests$1(LeaderElection.java:238)
	at java.util.concurrent.FutureTask.run(FutureTask.java:266)
	at java.util.concurrent.Executors$RunnableAdapter.call(Executors.java:511)
	at java.util.concurrent.FutureTask.run(FutureTask.java:266)
	at java.util.concurrent.ThreadPoolExecutor.runWorker(ThreadPoolExecutor.java:1149)
	at java.util.concurrent.ThreadPoolExecutor$Worker.run(ThreadPoolExecutor.java:624)
	... 1 more
Caused by: org.apache.ratis.thirdparty.io.netty.channel.AbstractChannel$AnnotatedConnectException: Connection refused: /192.168.5.139:40510
	at sun.nio.ch.SocketChannelImpl.checkConnect(Native Method)
	at sun.nio.ch.SocketChannelImpl.finishConnect(SocketChannelImpl.java:717)
	at org.apache.ratis.thirdparty.io.netty.channel.socket.nio.NioSocketChannel.doFinishConnect(NioSocketChannel.java:327)
	at org.apache.ratis.thirdparty.io.netty.channel.nio.AbstractNioChannel$AbstractNioUnsafe.finishConnect(AbstractNioChannel.java:340)
	at org.apache.ratis.thirdparty.io.netty.channel.nio.NioEventLoop.processSelectedKey(NioEventLoop.java:632)
	at org.apache.ratis.thirdparty.io.netty.channel.nio.NioEventLoop.processSelectedKeysOptimized(NioEventLoop.java:579)
	at org.apache.ratis.thirdparty.io.netty.channel.nio.NioEventLoop.processSelectedKeys(NioEventLoop.java:496)
	at org.apache.ratis.thirdparty.io.netty.channel.nio.NioEventLoop.run(NioEventLoop.java:458)
	at org.apache.ratis.thirdparty.io.netty.util.concurrent.SingleThreadEventExecutor$5.run(SingleThreadEventExecutor.java:897)
	at org.apache.ratis.thirdparty.io.netty.util.concurrent.FastThreadLocalRunnable.run(FastThreadLocalRunnable.java:30)
	... 1 more
Caused by: java.net.ConnectException: Connection refused
	... 11 more
2019-09-10 18:33:48,054 [a5c56bc8-e609-4560-873f-c4715c8bfbf6@group-F10CA6FB56ED:LeaderElection34] INFO  impl.LeaderElection (LeaderElection.java:logAndReturn(56)) - a5c56bc8-e609-4560-873f-c4715c8bfbf6@group-F10CA6FB56ED:LeaderElection34: Election REJECTED; received 0 response(s) [] and 2 exception(s); a5c56bc8-e609-4560-873f-c4715c8bfbf6@group-F10CA6FB56ED:t9, leader=null, voted=a5c56bc8-e609-4560-873f-c4715c8bfbf6, raftlog=a5c56bc8-e609-4560-873f-c4715c8bfbf6@group-F10CA6FB56ED-SegmentedRaftLog:OPENED:c32,f32,i32, conf=0: [7e7e06ff-ff15-4a73-bf67-b60124f5dbc2:192.168.5.139:37758, a5c56bc8-e609-4560-873f-c4715c8bfbf6:192.168.5.139:44770, dc34f224-6fe7-4a16-b3d0-41df1e51aada:192.168.5.139:40510], old=null
2019-09-10 18:33:48,054 [a5c56bc8-e609-4560-873f-c4715c8bfbf6@group-F10CA6FB56ED:LeaderElection34] INFO  impl.LeaderElection (LogUtils.java:infoOrTrace(149)) -   Exception 0: {}
java.util.concurrent.ExecutionException: org.apache.ratis.thirdparty.io.grpc.StatusRuntimeException: UNAVAILABLE: io exception
	at java.util.concurrent.FutureTask.report(FutureTask.java:122)
	at java.util.concurrent.FutureTask.get(FutureTask.java:192)
	at org.apache.ratis.server.impl.LeaderElection.waitForResults(LeaderElection.java:263)
	at org.apache.ratis.server.impl.LeaderElection.askForVotes(LeaderElection.java:201)
	at org.apache.ratis.server.impl.LeaderElection.run(LeaderElection.java:133)
	at java.lang.Thread.run(Thread.java:748)
Caused by: org.apache.ratis.thirdparty.io.grpc.StatusRuntimeException: UNAVAILABLE: io exception
	at org.apache.ratis.thirdparty.io.grpc.stub.ClientCalls.toStatusRuntimeException(ClientCalls.java:233)
	at org.apache.ratis.thirdparty.io.grpc.stub.ClientCalls.getUnchecked(ClientCalls.java:214)
	at org.apache.ratis.thirdparty.io.grpc.stub.ClientCalls.blockingUnaryCall(ClientCalls.java:139)
	at org.apache.ratis.proto.grpc.RaftServerProtocolServiceGrpc$RaftServerProtocolServiceBlockingStub.requestVote(RaftServerProtocolServiceGrpc.java:265)
	at org.apache.ratis.grpc.server.GrpcServerProtocolClient.requestVote(GrpcServerProtocolClient.java:90)
	at org.apache.ratis.grpc.server.GrpcService.requestVote(GrpcService.java:204)
	at org.apache.ratis.server.impl.LeaderElection.lambda$submitRequests$1(LeaderElection.java:238)
	at java.util.concurrent.FutureTask.run(FutureTask.java:266)
	at java.util.concurrent.Executors$RunnableAdapter.call(Executors.java:511)
	at java.util.concurrent.FutureTask.run(FutureTask.java:266)
	at java.util.concurrent.ThreadPoolExecutor.runWorker(ThreadPoolExecutor.java:1149)
	at java.util.concurrent.ThreadPoolExecutor$Worker.run(ThreadPoolExecutor.java:624)
	... 1 more
Caused by: org.apache.ratis.thirdparty.io.netty.channel.AbstractChannel$AnnotatedConnectException: Connection refused: /192.168.5.139:37758
	at sun.nio.ch.SocketChannelImpl.checkConnect(Native Method)
	at sun.nio.ch.SocketChannelImpl.finishConnect(SocketChannelImpl.java:717)
	at org.apache.ratis.thirdparty.io.netty.channel.socket.nio.NioSocketChannel.doFinishConnect(NioSocketChannel.java:327)
	at org.apache.ratis.thirdparty.io.netty.channel.nio.AbstractNioChannel$AbstractNioUnsafe.finishConnect(AbstractNioChannel.java:340)
	at org.apache.ratis.thirdparty.io.netty.channel.nio.NioEventLoop.processSelectedKey(NioEventLoop.java:632)
	at org.apache.ratis.thirdparty.io.netty.channel.nio.NioEventLoop.processSelectedKeysOptimized(NioEventLoop.java:579)
	at org.apache.ratis.thirdparty.io.netty.channel.nio.NioEventLoop.processSelectedKeys(NioEventLoop.java:496)
	at org.apache.ratis.thirdparty.io.netty.channel.nio.NioEventLoop.run(NioEventLoop.java:458)
	at org.apache.ratis.thirdparty.io.netty.util.concurrent.SingleThreadEventExecutor$5.run(SingleThreadEventExecutor.java:897)
	at org.apache.ratis.thirdparty.io.netty.util.concurrent.FastThreadLocalRunnable.run(FastThreadLocalRunnable.java:30)
	... 1 more
Caused by: java.net.ConnectException: Connection refused
	... 11 more
2019-09-10 18:33:48,055 [a5c56bc8-e609-4560-873f-c4715c8bfbf6@group-F10CA6FB56ED:LeaderElection34] INFO  impl.LeaderElection (LogUtils.java:infoOrTrace(149)) -   Exception 1: {}
java.util.concurrent.ExecutionException: org.apache.ratis.thirdparty.io.grpc.StatusRuntimeException: UNAVAILABLE: io exception
	at java.util.concurrent.FutureTask.report(FutureTask.java:122)
	at java.util.concurrent.FutureTask.get(FutureTask.java:192)
	at org.apache.ratis.server.impl.LeaderElection.waitForResults(LeaderElection.java:263)
	at org.apache.ratis.server.impl.LeaderElection.askForVotes(LeaderElection.java:201)
	at org.apache.ratis.server.impl.LeaderElection.run(LeaderElection.java:133)
	at java.lang.Thread.run(Thread.java:748)
Caused by: org.apache.ratis.thirdparty.io.grpc.StatusRuntimeException: UNAVAILABLE: io exception
	at org.apache.ratis.thirdparty.io.grpc.stub.ClientCalls.toStatusRuntimeException(ClientCalls.java:233)
	at org.apache.ratis.thirdparty.io.grpc.stub.ClientCalls.getUnchecked(ClientCalls.java:214)
	at org.apache.ratis.thirdparty.io.grpc.stub.ClientCalls.blockingUnaryCall(ClientCalls.java:139)
	at org.apache.ratis.proto.grpc.RaftServerProtocolServiceGrpc$RaftServerProtocolServiceBlockingStub.requestVote(RaftServerProtocolServiceGrpc.java:265)
	at org.apache.ratis.grpc.server.GrpcServerProtocolClient.requestVote(GrpcServerProtocolClient.java:90)
	at org.apache.ratis.grpc.server.GrpcService.requestVote(GrpcService.java:204)
	at org.apache.ratis.server.impl.LeaderElection.lambda$submitRequests$1(LeaderElection.java:238)
	at java.util.concurrent.FutureTask.run(FutureTask.java:266)
	at java.util.concurrent.Executors$RunnableAdapter.call(Executors.java:511)
	at java.util.concurrent.FutureTask.run(FutureTask.java:266)
	at java.util.concurrent.ThreadPoolExecutor.runWorker(ThreadPoolExecutor.java:1149)
	at java.util.concurrent.ThreadPoolExecutor$Worker.run(ThreadPoolExecutor.java:624)
	... 1 more
Caused by: org.apache.ratis.thirdparty.io.netty.channel.AbstractChannel$AnnotatedConnectException: Connection refused: /192.168.5.139:40510
	at sun.nio.ch.SocketChannelImpl.checkConnect(Native Method)
	at sun.nio.ch.SocketChannelImpl.finishConnect(SocketChannelImpl.java:717)
	at org.apache.ratis.thirdparty.io.netty.channel.socket.nio.NioSocketChannel.doFinishConnect(NioSocketChannel.java:327)
	at org.apache.ratis.thirdparty.io.netty.channel.nio.AbstractNioChannel$AbstractNioUnsafe.finishConnect(AbstractNioChannel.java:340)
	at org.apache.ratis.thirdparty.io.netty.channel.nio.NioEventLoop.processSelectedKey(NioEventLoop.java:632)
	at org.apache.ratis.thirdparty.io.netty.channel.nio.NioEventLoop.processSelectedKeysOptimized(NioEventLoop.java:579)
	at org.apache.ratis.thirdparty.io.netty.channel.nio.NioEventLoop.processSelectedKeys(NioEventLoop.java:496)
	at org.apache.ratis.thirdparty.io.netty.channel.nio.NioEventLoop.run(NioEventLoop.java:458)
	at org.apache.ratis.thirdparty.io.netty.util.concurrent.SingleThreadEventExecutor$5.run(SingleThreadEventExecutor.java:897)
	at org.apache.ratis.thirdparty.io.netty.util.concurrent.FastThreadLocalRunnable.run(FastThreadLocalRunnable.java:30)
	... 1 more
Caused by: java.net.ConnectException: Connection refused
	... 11 more
2019-09-10 18:33:48,055 [a5c56bc8-e609-4560-873f-c4715c8bfbf6@group-F10CA6FB56ED:LeaderElection34] INFO  impl.RaftServerImpl (RaftServerImpl.java:setRole(174)) - a5c56bc8-e609-4560-873f-c4715c8bfbf6@group-F10CA6FB56ED: changes role from CANDIDATE to FOLLOWER at term 9 for DISCOVERED_A_NEW_TERM
2019-09-10 18:33:48,055 [a5c56bc8-e609-4560-873f-c4715c8bfbf6@group-F10CA6FB56ED:LeaderElection34] INFO  impl.RoleInfo (RoleInfo.java:shutdownLeaderElection(134)) - a5c56bc8-e609-4560-873f-c4715c8bfbf6: shutdown LeaderElection
2019-09-10 18:33:48,056 [a5c56bc8-e609-4560-873f-c4715c8bfbf6@group-F10CA6FB56ED:LeaderElection34] INFO  impl.RoleInfo (RoleInfo.java:updateAndGet(143)) - a5c56bc8-e609-4560-873f-c4715c8bfbf6: start FollowerState
2019-09-10 18:33:48,268 [java.util.concurrent.ThreadPoolExecutor$Worker@2fb8de94[State = -1, empty queue]] WARN  server.GrpcLogAppender (GrpcLogAppender.java:timeoutAppendRequest(200)) - 43b8dda0-1fac-498c-94e0-436a32ed8ccd@group-248F13D822B7->114338b4-3ae2-46b3-98b7-a583d2a0bf23-GrpcLogAppender: appendEntries Timeout, request=43b8dda0-1fac-498c-94e0-436a32ed8ccd->114338b4-3ae2-46b3-98b7-a583d2a0bf23#117-t2, previous=(t:2, i:20), leaderCommit=16, initializing? false, entries: <empty>
2019-09-10 18:33:48,268 [java.util.concurrent.ThreadPoolExecutor$Worker@7aeb99c5[State = -1, empty queue]] WARN  server.GrpcLogAppender (GrpcLogAppender.java:timeoutAppendRequest(200)) - 43b8dda0-1fac-498c-94e0-436a32ed8ccd@group-248F13D822B7->166d57fa-ec73-4a99-b6df-0ab3ad0d7909-GrpcLogAppender: appendEntries Timeout, request=43b8dda0-1fac-498c-94e0-436a32ed8ccd->166d57fa-ec73-4a99-b6df-0ab3ad0d7909#117-t2, previous=(t:2, i:20), leaderCommit=16, initializing? false, entries: <empty>
2019-09-10 18:33:48,494 [java.util.concurrent.ThreadPoolExecutor$Worker@781538ae[State = -1, empty queue]] WARN  server.GrpcLogAppender (GrpcLogAppender.java:timeoutAppendRequest(200)) - 59afee6f-3342-47f6-8cd2-a67165187773@group-C790A911BCD5->fc430ad7-c10f-4afd-84a3-4263b60fc3a5-GrpcLogAppender: appendEntries Timeout, request=59afee6f-3342-47f6-8cd2-a67165187773->fc430ad7-c10f-4afd-84a3-4263b60fc3a5#113-t3, previous=(t:3, i:20), leaderCommit=16, initializing? false, entries: <empty>
2019-09-10 18:33:48,494 [java.util.concurrent.ThreadPoolExecutor$Worker@2130bf45[State = -1, empty queue]] WARN  server.GrpcLogAppender (GrpcLogAppender.java:timeoutAppendRequest(200)) - 59afee6f-3342-47f6-8cd2-a67165187773@group-C790A911BCD5->f9c92805-78f9-4aa2-ad11-0f5c06c060e3-GrpcLogAppender: appendEntries Timeout, request=59afee6f-3342-47f6-8cd2-a67165187773->f9c92805-78f9-4aa2-ad11-0f5c06c060e3#113-t3, previous=(t:3, i:20), leaderCommit=16, initializing? false, entries: <empty>
2019-09-10 18:33:48,769 [java.util.concurrent.ThreadPoolExecutor$Worker@2fb8de94[State = -1, empty queue]] WARN  server.GrpcLogAppender (GrpcLogAppender.java:timeoutAppendRequest(200)) - 43b8dda0-1fac-498c-94e0-436a32ed8ccd@group-248F13D822B7->114338b4-3ae2-46b3-98b7-a583d2a0bf23-GrpcLogAppender: appendEntries Timeout, request=43b8dda0-1fac-498c-94e0-436a32ed8ccd->114338b4-3ae2-46b3-98b7-a583d2a0bf23#118-t2, previous=(t:2, i:20), leaderCommit=16, initializing? false, entries: <empty>
2019-09-10 18:33:48,769 [java.util.concurrent.ThreadPoolExecutor$Worker@7aeb99c5[State = -1, empty queue]] WARN  server.GrpcLogAppender (GrpcLogAppender.java:timeoutAppendRequest(200)) - 43b8dda0-1fac-498c-94e0-436a32ed8ccd@group-248F13D822B7->166d57fa-ec73-4a99-b6df-0ab3ad0d7909-GrpcLogAppender: appendEntries Timeout, request=43b8dda0-1fac-498c-94e0-436a32ed8ccd->166d57fa-ec73-4a99-b6df-0ab3ad0d7909#118-t2, previous=(t:2, i:20), leaderCommit=16, initializing? false, entries: <empty>
2019-09-10 18:33:48,996 [java.util.concurrent.ThreadPoolExecutor$Worker@2130bf45[State = -1, empty queue]] WARN  server.GrpcLogAppender (GrpcLogAppender.java:timeoutAppendRequest(200)) - 59afee6f-3342-47f6-8cd2-a67165187773@group-C790A911BCD5->f9c92805-78f9-4aa2-ad11-0f5c06c060e3-GrpcLogAppender: appendEntries Timeout, request=59afee6f-3342-47f6-8cd2-a67165187773->f9c92805-78f9-4aa2-ad11-0f5c06c060e3#114-t3, previous=(t:3, i:20), leaderCommit=16, initializing? false, entries: <empty>
2019-09-10 18:33:48,996 [java.util.concurrent.ThreadPoolExecutor$Worker@781538ae[State = -1, empty queue]] WARN  server.GrpcLogAppender (GrpcLogAppender.java:timeoutAppendRequest(200)) - 59afee6f-3342-47f6-8cd2-a67165187773@group-C790A911BCD5->fc430ad7-c10f-4afd-84a3-4263b60fc3a5-GrpcLogAppender: appendEntries Timeout, request=59afee6f-3342-47f6-8cd2-a67165187773->fc430ad7-c10f-4afd-84a3-4263b60fc3a5#114-t3, previous=(t:3, i:20), leaderCommit=16, initializing? false, entries: <empty>
2019-09-10 18:33:49,137 [Thread-1263] INFO  impl.FollowerState (FollowerState.java:run(106)) - a5c56bc8-e609-4560-873f-c4715c8bfbf6:group-F10CA6FB56ED changes to CANDIDATE, lastRpcTime:1081, electionTimeout:1081ms
2019-09-10 18:33:49,137 [Thread-1263] INFO  impl.RoleInfo (RoleInfo.java:shutdownFollowerState(121)) - a5c56bc8-e609-4560-873f-c4715c8bfbf6: shutdown FollowerState
2019-09-10 18:33:49,137 [Thread-1263] INFO  impl.RaftServerImpl (RaftServerImpl.java:setRole(174)) - a5c56bc8-e609-4560-873f-c4715c8bfbf6@group-F10CA6FB56ED: changes role from  FOLLOWER to CANDIDATE at term 9 for changeToCandidate
2019-09-10 18:33:49,138 [Thread-1263] INFO  impl.RoleInfo (RoleInfo.java:updateAndGet(143)) - a5c56bc8-e609-4560-873f-c4715c8bfbf6: start LeaderElection
2019-09-10 18:33:49,165 [a5c56bc8-e609-4560-873f-c4715c8bfbf6@group-F10CA6FB56ED:LeaderElection35] INFO  impl.LeaderElection (LeaderElection.java:askForVotes(182)) - a5c56bc8-e609-4560-873f-c4715c8bfbf6@group-F10CA6FB56ED:LeaderElection35: begin an election at term 10 for 0: [7e7e06ff-ff15-4a73-bf67-b60124f5dbc2:192.168.5.139:37758, a5c56bc8-e609-4560-873f-c4715c8bfbf6:192.168.5.139:44770, dc34f224-6fe7-4a16-b3d0-41df1e51aada:192.168.5.139:40510], old=null
2019-09-10 18:33:49,166 [a5c56bc8-e609-4560-873f-c4715c8bfbf6@group-F10CA6FB56ED:LeaderElection35] INFO  impl.LeaderElection (LogUtils.java:infoOrTrace(149)) - a5c56bc8-e609-4560-873f-c4715c8bfbf6@group-F10CA6FB56ED:LeaderElection35 got exception when requesting votes: {}
java.util.concurrent.ExecutionException: org.apache.ratis.thirdparty.io.grpc.StatusRuntimeException: UNAVAILABLE: io exception
	at java.util.concurrent.FutureTask.report(FutureTask.java:122)
	at java.util.concurrent.FutureTask.get(FutureTask.java:192)
	at org.apache.ratis.server.impl.LeaderElection.waitForResults(LeaderElection.java:263)
	at org.apache.ratis.server.impl.LeaderElection.askForVotes(LeaderElection.java:201)
	at org.apache.ratis.server.impl.LeaderElection.run(LeaderElection.java:133)
	at java.lang.Thread.run(Thread.java:748)
Caused by: org.apache.ratis.thirdparty.io.grpc.StatusRuntimeException: UNAVAILABLE: io exception
	at org.apache.ratis.thirdparty.io.grpc.stub.ClientCalls.toStatusRuntimeException(ClientCalls.java:233)
	at org.apache.ratis.thirdparty.io.grpc.stub.ClientCalls.getUnchecked(ClientCalls.java:214)
	at org.apache.ratis.thirdparty.io.grpc.stub.ClientCalls.blockingUnaryCall(ClientCalls.java:139)
	at org.apache.ratis.proto.grpc.RaftServerProtocolServiceGrpc$RaftServerProtocolServiceBlockingStub.requestVote(RaftServerProtocolServiceGrpc.java:265)
	at org.apache.ratis.grpc.server.GrpcServerProtocolClient.requestVote(GrpcServerProtocolClient.java:90)
	at org.apache.ratis.grpc.server.GrpcService.requestVote(GrpcService.java:204)
	at org.apache.ratis.server.impl.LeaderElection.lambda$submitRequests$1(LeaderElection.java:238)
	at java.util.concurrent.FutureTask.run(FutureTask.java:266)
	at java.util.concurrent.Executors$RunnableAdapter.call(Executors.java:511)
	at java.util.concurrent.FutureTask.run(FutureTask.java:266)
	at java.util.concurrent.ThreadPoolExecutor.runWorker(ThreadPoolExecutor.java:1149)
	at java.util.concurrent.ThreadPoolExecutor$Worker.run(ThreadPoolExecutor.java:624)
	... 1 more
Caused by: org.apache.ratis.thirdparty.io.netty.channel.AbstractChannel$AnnotatedConnectException: Connection refused: /192.168.5.139:40510
	at sun.nio.ch.SocketChannelImpl.checkConnect(Native Method)
	at sun.nio.ch.SocketChannelImpl.finishConnect(SocketChannelImpl.java:717)
	at org.apache.ratis.thirdparty.io.netty.channel.socket.nio.NioSocketChannel.doFinishConnect(NioSocketChannel.java:327)
	at org.apache.ratis.thirdparty.io.netty.channel.nio.AbstractNioChannel$AbstractNioUnsafe.finishConnect(AbstractNioChannel.java:340)
	at org.apache.ratis.thirdparty.io.netty.channel.nio.NioEventLoop.processSelectedKey(NioEventLoop.java:632)
	at org.apache.ratis.thirdparty.io.netty.channel.nio.NioEventLoop.processSelectedKeysOptimized(NioEventLoop.java:579)
	at org.apache.ratis.thirdparty.io.netty.channel.nio.NioEventLoop.processSelectedKeys(NioEventLoop.java:496)
	at org.apache.ratis.thirdparty.io.netty.channel.nio.NioEventLoop.run(NioEventLoop.java:458)
	at org.apache.ratis.thirdparty.io.netty.util.concurrent.SingleThreadEventExecutor$5.run(SingleThreadEventExecutor.java:897)
	at org.apache.ratis.thirdparty.io.netty.util.concurrent.FastThreadLocalRunnable.run(FastThreadLocalRunnable.java:30)
	... 1 more
Caused by: java.net.ConnectException: Connection refused
	... 11 more
2019-09-10 18:33:49,169 [a5c56bc8-e609-4560-873f-c4715c8bfbf6@group-F10CA6FB56ED:LeaderElection35] INFO  impl.LeaderElection (LogUtils.java:infoOrTrace(149)) - a5c56bc8-e609-4560-873f-c4715c8bfbf6@group-F10CA6FB56ED:LeaderElection35 got exception when requesting votes: {}
java.util.concurrent.ExecutionException: org.apache.ratis.thirdparty.io.grpc.StatusRuntimeException: UNAVAILABLE: io exception
	at java.util.concurrent.FutureTask.report(FutureTask.java:122)
	at java.util.concurrent.FutureTask.get(FutureTask.java:192)
	at org.apache.ratis.server.impl.LeaderElection.waitForResults(LeaderElection.java:263)
	at org.apache.ratis.server.impl.LeaderElection.askForVotes(LeaderElection.java:201)
	at org.apache.ratis.server.impl.LeaderElection.run(LeaderElection.java:133)
	at java.lang.Thread.run(Thread.java:748)
Caused by: org.apache.ratis.thirdparty.io.grpc.StatusRuntimeException: UNAVAILABLE: io exception
	at org.apache.ratis.thirdparty.io.grpc.stub.ClientCalls.toStatusRuntimeException(ClientCalls.java:233)
	at org.apache.ratis.thirdparty.io.grpc.stub.ClientCalls.getUnchecked(ClientCalls.java:214)
	at org.apache.ratis.thirdparty.io.grpc.stub.ClientCalls.blockingUnaryCall(ClientCalls.java:139)
	at org.apache.ratis.proto.grpc.RaftServerProtocolServiceGrpc$RaftServerProtocolServiceBlockingStub.requestVote(RaftServerProtocolServiceGrpc.java:265)
	at org.apache.ratis.grpc.server.GrpcServerProtocolClient.requestVote(GrpcServerProtocolClient.java:90)
	at org.apache.ratis.grpc.server.GrpcService.requestVote(GrpcService.java:204)
	at org.apache.ratis.server.impl.LeaderElection.lambda$submitRequests$1(LeaderElection.java:238)
	at java.util.concurrent.FutureTask.run(FutureTask.java:266)
	at java.util.concurrent.Executors$RunnableAdapter.call(Executors.java:511)
	at java.util.concurrent.FutureTask.run(FutureTask.java:266)
	at java.util.concurrent.ThreadPoolExecutor.runWorker(ThreadPoolExecutor.java:1149)
	at java.util.concurrent.ThreadPoolExecutor$Worker.run(ThreadPoolExecutor.java:624)
	... 1 more
Caused by: org.apache.ratis.thirdparty.io.netty.channel.AbstractChannel$AnnotatedConnectException: Connection refused: /192.168.5.139:37758
	at sun.nio.ch.SocketChannelImpl.checkConnect(Native Method)
	at sun.nio.ch.SocketChannelImpl.finishConnect(SocketChannelImpl.java:717)
	at org.apache.ratis.thirdparty.io.netty.channel.socket.nio.NioSocketChannel.doFinishConnect(NioSocketChannel.java:327)
	at org.apache.ratis.thirdparty.io.netty.channel.nio.AbstractNioChannel$AbstractNioUnsafe.finishConnect(AbstractNioChannel.java:340)
	at org.apache.ratis.thirdparty.io.netty.channel.nio.NioEventLoop.processSelectedKey(NioEventLoop.java:632)
	at org.apache.ratis.thirdparty.io.netty.channel.nio.NioEventLoop.processSelectedKeysOptimized(NioEventLoop.java:579)
	at org.apache.ratis.thirdparty.io.netty.channel.nio.NioEventLoop.processSelectedKeys(NioEventLoop.java:496)
	at org.apache.ratis.thirdparty.io.netty.channel.nio.NioEventLoop.run(NioEventLoop.java:458)
	at org.apache.ratis.thirdparty.io.netty.util.concurrent.SingleThreadEventExecutor$5.run(SingleThreadEventExecutor.java:897)
	at org.apache.ratis.thirdparty.io.netty.util.concurrent.FastThreadLocalRunnable.run(FastThreadLocalRunnable.java:30)
	... 1 more
Caused by: java.net.ConnectException: Connection refused
	... 11 more
2019-09-10 18:33:49,172 [a5c56bc8-e609-4560-873f-c4715c8bfbf6@group-F10CA6FB56ED:LeaderElection35] INFO  impl.LeaderElection (LeaderElection.java:logAndReturn(56)) - a5c56bc8-e609-4560-873f-c4715c8bfbf6@group-F10CA6FB56ED:LeaderElection35: Election REJECTED; received 0 response(s) [] and 2 exception(s); a5c56bc8-e609-4560-873f-c4715c8bfbf6@group-F10CA6FB56ED:t10, leader=null, voted=a5c56bc8-e609-4560-873f-c4715c8bfbf6, raftlog=a5c56bc8-e609-4560-873f-c4715c8bfbf6@group-F10CA6FB56ED-SegmentedRaftLog:OPENED:c32,f32,i32, conf=0: [7e7e06ff-ff15-4a73-bf67-b60124f5dbc2:192.168.5.139:37758, a5c56bc8-e609-4560-873f-c4715c8bfbf6:192.168.5.139:44770, dc34f224-6fe7-4a16-b3d0-41df1e51aada:192.168.5.139:40510], old=null
2019-09-10 18:33:49,172 [a5c56bc8-e609-4560-873f-c4715c8bfbf6@group-F10CA6FB56ED:LeaderElection35] INFO  impl.LeaderElection (LogUtils.java:infoOrTrace(149)) -   Exception 0: {}
java.util.concurrent.ExecutionException: org.apache.ratis.thirdparty.io.grpc.StatusRuntimeException: UNAVAILABLE: io exception
	at java.util.concurrent.FutureTask.report(FutureTask.java:122)
	at java.util.concurrent.FutureTask.get(FutureTask.java:192)
	at org.apache.ratis.server.impl.LeaderElection.waitForResults(LeaderElection.java:263)
	at org.apache.ratis.server.impl.LeaderElection.askForVotes(LeaderElection.java:201)
	at org.apache.ratis.server.impl.LeaderElection.run(LeaderElection.java:133)
	at java.lang.Thread.run(Thread.java:748)
Caused by: org.apache.ratis.thirdparty.io.grpc.StatusRuntimeException: UNAVAILABLE: io exception
	at org.apache.ratis.thirdparty.io.grpc.stub.ClientCalls.toStatusRuntimeException(ClientCalls.java:233)
	at org.apache.ratis.thirdparty.io.grpc.stub.ClientCalls.getUnchecked(ClientCalls.java:214)
	at org.apache.ratis.thirdparty.io.grpc.stub.ClientCalls.blockingUnaryCall(ClientCalls.java:139)
	at org.apache.ratis.proto.grpc.RaftServerProtocolServiceGrpc$RaftServerProtocolServiceBlockingStub.requestVote(RaftServerProtocolServiceGrpc.java:265)
	at org.apache.ratis.grpc.server.GrpcServerProtocolClient.requestVote(GrpcServerProtocolClient.java:90)
	at org.apache.ratis.grpc.server.GrpcService.requestVote(GrpcService.java:204)
	at org.apache.ratis.server.impl.LeaderElection.lambda$submitRequests$1(LeaderElection.java:238)
	at java.util.concurrent.FutureTask.run(FutureTask.java:266)
	at java.util.concurrent.Executors$RunnableAdapter.call(Executors.java:511)
	at java.util.concurrent.FutureTask.run(FutureTask.java:266)
	at java.util.concurrent.ThreadPoolExecutor.runWorker(ThreadPoolExecutor.java:1149)
	at java.util.concurrent.ThreadPoolExecutor$Worker.run(ThreadPoolExecutor.java:624)
	... 1 more
Caused by: org.apache.ratis.thirdparty.io.netty.channel.AbstractChannel$AnnotatedConnectException: Connection refused: /192.168.5.139:40510
	at sun.nio.ch.SocketChannelImpl.checkConnect(Native Method)
	at sun.nio.ch.SocketChannelImpl.finishConnect(SocketChannelImpl.java:717)
	at org.apache.ratis.thirdparty.io.netty.channel.socket.nio.NioSocketChannel.doFinishConnect(NioSocketChannel.java:327)
	at org.apache.ratis.thirdparty.io.netty.channel.nio.AbstractNioChannel$AbstractNioUnsafe.finishConnect(AbstractNioChannel.java:340)
	at org.apache.ratis.thirdparty.io.netty.channel.nio.NioEventLoop.processSelectedKey(NioEventLoop.java:632)
	at org.apache.ratis.thirdparty.io.netty.channel.nio.NioEventLoop.processSelectedKeysOptimized(NioEventLoop.java:579)
	at org.apache.ratis.thirdparty.io.netty.channel.nio.NioEventLoop.processSelectedKeys(NioEventLoop.java:496)
	at org.apache.ratis.thirdparty.io.netty.channel.nio.NioEventLoop.run(NioEventLoop.java:458)
	at org.apache.ratis.thirdparty.io.netty.util.concurrent.SingleThreadEventExecutor$5.run(SingleThreadEventExecutor.java:897)
	at org.apache.ratis.thirdparty.io.netty.util.concurrent.FastThreadLocalRunnable.run(FastThreadLocalRunnable.java:30)
	... 1 more
Caused by: java.net.ConnectException: Connection refused
	... 11 more
2019-09-10 18:33:49,172 [a5c56bc8-e609-4560-873f-c4715c8bfbf6@group-F10CA6FB56ED:LeaderElection35] INFO  impl.LeaderElection (LogUtils.java:infoOrTrace(149)) -   Exception 1: {}
java.util.concurrent.ExecutionException: org.apache.ratis.thirdparty.io.grpc.StatusRuntimeException: UNAVAILABLE: io exception
	at java.util.concurrent.FutureTask.report(FutureTask.java:122)
	at java.util.concurrent.FutureTask.get(FutureTask.java:192)
	at org.apache.ratis.server.impl.LeaderElection.waitForResults(LeaderElection.java:263)
	at org.apache.ratis.server.impl.LeaderElection.askForVotes(LeaderElection.java:201)
	at org.apache.ratis.server.impl.LeaderElection.run(LeaderElection.java:133)
	at java.lang.Thread.run(Thread.java:748)
Caused by: org.apache.ratis.thirdparty.io.grpc.StatusRuntimeException: UNAVAILABLE: io exception
	at org.apache.ratis.thirdparty.io.grpc.stub.ClientCalls.toStatusRuntimeException(ClientCalls.java:233)
	at org.apache.ratis.thirdparty.io.grpc.stub.ClientCalls.getUnchecked(ClientCalls.java:214)
	at org.apache.ratis.thirdparty.io.grpc.stub.ClientCalls.blockingUnaryCall(ClientCalls.java:139)
	at org.apache.ratis.proto.grpc.RaftServerProtocolServiceGrpc$RaftServerProtocolServiceBlockingStub.requestVote(RaftServerProtocolServiceGrpc.java:265)
	at org.apache.ratis.grpc.server.GrpcServerProtocolClient.requestVote(GrpcServerProtocolClient.java:90)
	at org.apache.ratis.grpc.server.GrpcService.requestVote(GrpcService.java:204)
	at org.apache.ratis.server.impl.LeaderElection.lambda$submitRequests$1(LeaderElection.java:238)
	at java.util.concurrent.FutureTask.run(FutureTask.java:266)
	at java.util.concurrent.Executors$RunnableAdapter.call(Executors.java:511)
	at java.util.concurrent.FutureTask.run(FutureTask.java:266)
	at java.util.concurrent.ThreadPoolExecutor.runWorker(ThreadPoolExecutor.java:1149)
	at java.util.concurrent.ThreadPoolExecutor$Worker.run(ThreadPoolExecutor.java:624)
	... 1 more
Caused by: org.apache.ratis.thirdparty.io.netty.channel.AbstractChannel$AnnotatedConnectException: Connection refused: /192.168.5.139:37758
	at sun.nio.ch.SocketChannelImpl.checkConnect(Native Method)
	at sun.nio.ch.SocketChannelImpl.finishConnect(SocketChannelImpl.java:717)
	at org.apache.ratis.thirdparty.io.netty.channel.socket.nio.NioSocketChannel.doFinishConnect(NioSocketChannel.java:327)
	at org.apache.ratis.thirdparty.io.netty.channel.nio.AbstractNioChannel$AbstractNioUnsafe.finishConnect(AbstractNioChannel.java:340)
	at org.apache.ratis.thirdparty.io.netty.channel.nio.NioEventLoop.processSelectedKey(NioEventLoop.java:632)
	at org.apache.ratis.thirdparty.io.netty.channel.nio.NioEventLoop.processSelectedKeysOptimized(NioEventLoop.java:579)
	at org.apache.ratis.thirdparty.io.netty.channel.nio.NioEventLoop.processSelectedKeys(NioEventLoop.java:496)
	at org.apache.ratis.thirdparty.io.netty.channel.nio.NioEventLoop.run(NioEventLoop.java:458)
	at org.apache.ratis.thirdparty.io.netty.util.concurrent.SingleThreadEventExecutor$5.run(SingleThreadEventExecutor.java:897)
	at org.apache.ratis.thirdparty.io.netty.util.concurrent.FastThreadLocalRunnable.run(FastThreadLocalRunnable.java:30)
	... 1 more
Caused by: java.net.ConnectException: Connection refused
	... 11 more
2019-09-10 18:33:49,173 [a5c56bc8-e609-4560-873f-c4715c8bfbf6@group-F10CA6FB56ED:LeaderElection35] INFO  impl.RaftServerImpl (RaftServerImpl.java:setRole(174)) - a5c56bc8-e609-4560-873f-c4715c8bfbf6@group-F10CA6FB56ED: changes role from CANDIDATE to FOLLOWER at term 10 for DISCOVERED_A_NEW_TERM
2019-09-10 18:33:49,173 [a5c56bc8-e609-4560-873f-c4715c8bfbf6@group-F10CA6FB56ED:LeaderElection35] INFO  impl.RoleInfo (RoleInfo.java:shutdownLeaderElection(134)) - a5c56bc8-e609-4560-873f-c4715c8bfbf6: shutdown LeaderElection
2019-09-10 18:33:49,173 [a5c56bc8-e609-4560-873f-c4715c8bfbf6@group-F10CA6FB56ED:LeaderElection35] INFO  impl.RoleInfo (RoleInfo.java:updateAndGet(143)) - a5c56bc8-e609-4560-873f-c4715c8bfbf6: start FollowerState
2019-09-10 18:33:49,269 [java.util.concurrent.ThreadPoolExecutor$Worker@7aeb99c5[State = -1, empty queue]] WARN  server.GrpcLogAppender (GrpcLogAppender.java:timeoutAppendRequest(200)) - 43b8dda0-1fac-498c-94e0-436a32ed8ccd@group-248F13D822B7->166d57fa-ec73-4a99-b6df-0ab3ad0d7909-GrpcLogAppender: appendEntries Timeout, request=43b8dda0-1fac-498c-94e0-436a32ed8ccd->166d57fa-ec73-4a99-b6df-0ab3ad0d7909#119-t2, previous=(t:2, i:20), leaderCommit=16, initializing? false, entries: <empty>
2019-09-10 18:33:49,269 [java.util.concurrent.ThreadPoolExecutor$Worker@2fb8de94[State = -1, empty queue]] WARN  server.GrpcLogAppender (GrpcLogAppender.java:timeoutAppendRequest(200)) - 43b8dda0-1fac-498c-94e0-436a32ed8ccd@group-248F13D822B7->114338b4-3ae2-46b3-98b7-a583d2a0bf23-GrpcLogAppender: appendEntries Timeout, request=43b8dda0-1fac-498c-94e0-436a32ed8ccd->114338b4-3ae2-46b3-98b7-a583d2a0bf23#119-t2, previous=(t:2, i:20), leaderCommit=16, initializing? false, entries: <empty>
2019-09-10 18:33:49,496 [java.util.concurrent.ThreadPoolExecutor$Worker@2130bf45[State = -1, empty queue]] WARN  server.GrpcLogAppender (GrpcLogAppender.java:timeoutAppendRequest(200)) - 59afee6f-3342-47f6-8cd2-a67165187773@group-C790A911BCD5->f9c92805-78f9-4aa2-ad11-0f5c06c060e3-GrpcLogAppender: appendEntries Timeout, request=59afee6f-3342-47f6-8cd2-a67165187773->f9c92805-78f9-4aa2-ad11-0f5c06c060e3#115-t3, previous=(t:3, i:20), leaderCommit=16, initializing? false, entries: <empty>
2019-09-10 18:33:49,496 [java.util.concurrent.ThreadPoolExecutor$Worker@781538ae[State = -1, empty queue]] WARN  server.GrpcLogAppender (GrpcLogAppender.java:timeoutAppendRequest(200)) - 59afee6f-3342-47f6-8cd2-a67165187773@group-C790A911BCD5->fc430ad7-c10f-4afd-84a3-4263b60fc3a5-GrpcLogAppender: appendEntries Timeout, request=59afee6f-3342-47f6-8cd2-a67165187773->fc430ad7-c10f-4afd-84a3-4263b60fc3a5#115-t3, previous=(t:3, i:20), leaderCommit=16, initializing? false, entries: <empty>
2019-09-10 18:33:49,738 [43b8dda0-1fac-498c-94e0-436a32ed8ccd@group-248F13D822B7-SegmentedRaftLogWorker] WARN  segmented.SegmentedRaftLogWorker (SegmentedRaftLogWorker.java:getFromFuture(90)) - Timeout 0/~
org.apache.ratis.protocol.TimeoutIOException: Timeout 10s: WriteLog:17: (t:2, i:17), STATEMACHINELOGENTRY, client-35727EB443AA, cid=63-writeStateMachineData
	at org.apache.ratis.util.IOUtils.getFromFuture(IOUtils.java:87)
	at org.apache.ratis.server.raftlog.segmented.SegmentedRaftLogWorker$StateMachineDataPolicy.getFromFuture(SegmentedRaftLogWorker.java:87)
	at org.apache.ratis.server.raftlog.segmented.SegmentedRaftLogWorker$WriteLog.execute(SegmentedRaftLogWorker.java:477)
	at org.apache.ratis.server.raftlog.segmented.SegmentedRaftLogWorker.run(SegmentedRaftLogWorker.java:289)
	at java.lang.Thread.run(Thread.java:748)
Caused by: java.util.concurrent.TimeoutException
	at java.util.concurrent.CompletableFuture.timedGet(CompletableFuture.java:1771)
	at java.util.concurrent.CompletableFuture.get(CompletableFuture.java:1915)
	at org.apache.ratis.util.IOUtils.getFromFuture(IOUtils.java:79)
	... 4 more
2019-09-10 18:33:49,743 [166d57fa-ec73-4a99-b6df-0ab3ad0d7909@group-248F13D822B7-SegmentedRaftLogWorker] WARN  segmented.SegmentedRaftLogWorker (SegmentedRaftLogWorker.java:getFromFuture(90)) - Timeout 0/~
org.apache.ratis.protocol.TimeoutIOException: Timeout 10s: WriteLog:17: (t:2, i:17), STATEMACHINELOGENTRY, client-35727EB443AA, cid=63-writeStateMachineData
	at org.apache.ratis.util.IOUtils.getFromFuture(IOUtils.java:87)
	at org.apache.ratis.server.raftlog.segmented.SegmentedRaftLogWorker$StateMachineDataPolicy.getFromFuture(SegmentedRaftLogWorker.java:87)
	at org.apache.ratis.server.raftlog.segmented.SegmentedRaftLogWorker$WriteLog.execute(SegmentedRaftLogWorker.java:477)
	at org.apache.ratis.server.raftlog.segmented.SegmentedRaftLogWorker.run(SegmentedRaftLogWorker.java:289)
	at java.lang.Thread.run(Thread.java:748)
Caused by: java.util.concurrent.TimeoutException
	at java.util.concurrent.CompletableFuture.timedGet(CompletableFuture.java:1771)
	at java.util.concurrent.CompletableFuture.get(CompletableFuture.java:1915)
	at org.apache.ratis.util.IOUtils.getFromFuture(IOUtils.java:79)
	... 4 more
2019-09-10 18:33:49,743 [114338b4-3ae2-46b3-98b7-a583d2a0bf23@group-248F13D822B7-SegmentedRaftLogWorker] WARN  segmented.SegmentedRaftLogWorker (SegmentedRaftLogWorker.java:getFromFuture(90)) - Timeout 0/~
org.apache.ratis.protocol.TimeoutIOException: Timeout 10s: WriteLog:17: (t:2, i:17), STATEMACHINELOGENTRY, client-35727EB443AA, cid=63-writeStateMachineData
	at org.apache.ratis.util.IOUtils.getFromFuture(IOUtils.java:87)
	at org.apache.ratis.server.raftlog.segmented.SegmentedRaftLogWorker$StateMachineDataPolicy.getFromFuture(SegmentedRaftLogWorker.java:87)
	at org.apache.ratis.server.raftlog.segmented.SegmentedRaftLogWorker$WriteLog.execute(SegmentedRaftLogWorker.java:477)
	at org.apache.ratis.server.raftlog.segmented.SegmentedRaftLogWorker.run(SegmentedRaftLogWorker.java:289)
	at java.lang.Thread.run(Thread.java:748)
Caused by: java.util.concurrent.TimeoutException
	at java.util.concurrent.CompletableFuture.timedGet(CompletableFuture.java:1771)
	at java.util.concurrent.CompletableFuture.get(CompletableFuture.java:1915)
	at org.apache.ratis.util.IOUtils.getFromFuture(IOUtils.java:79)
	... 4 more
2019-09-10 18:33:49,769 [java.util.concurrent.ThreadPoolExecutor$Worker@2fb8de94[State = -1, empty queue]] WARN  server.GrpcLogAppender (GrpcLogAppender.java:timeoutAppendRequest(200)) - 43b8dda0-1fac-498c-94e0-436a32ed8ccd@group-248F13D822B7->114338b4-3ae2-46b3-98b7-a583d2a0bf23-GrpcLogAppender: appendEntries Timeout, request=43b8dda0-1fac-498c-94e0-436a32ed8ccd->114338b4-3ae2-46b3-98b7-a583d2a0bf23#120-t2, previous=(t:2, i:20), leaderCommit=16, initializing? false, entries: <empty>
2019-09-10 18:33:49,769 [java.util.concurrent.ThreadPoolExecutor$Worker@7aeb99c5[State = -1, empty queue]] WARN  server.GrpcLogAppender (GrpcLogAppender.java:timeoutAppendRequest(200)) - 43b8dda0-1fac-498c-94e0-436a32ed8ccd@group-248F13D822B7->166d57fa-ec73-4a99-b6df-0ab3ad0d7909-GrpcLogAppender: appendEntries Timeout, request=43b8dda0-1fac-498c-94e0-436a32ed8ccd->166d57fa-ec73-4a99-b6df-0ab3ad0d7909#120-t2, previous=(t:2, i:20), leaderCommit=16, initializing? false, entries: <empty>
2019-09-10 18:33:49,804 [grpc-default-executor-0] INFO  client.GrpcClientProtocolClient (GrpcClientProtocolClient.java:onNext(264)) - client-35727EB443AA->114338b4-3ae2-46b3-98b7-a583d2a0bf23: receive RaftClientReply:client-35727EB443AA->114338b4-3ae2-46b3-98b7-a583d2a0bf23@group-248F13D822B7, cid=63, FAILED org.apache.ratis.protocol.NotLeaderException: Server 114338b4-3ae2-46b3-98b7-a583d2a0bf23@group-248F13D822B7 is not the leader 43b8dda0-1fac-498c-94e0-436a32ed8ccd:192.168.5.139:45091, logIndex=0, commits[114338b4-3ae2-46b3-98b7-a583d2a0bf23:c16, 43b8dda0-1fac-498c-94e0-436a32ed8ccd:c16, 166d57fa-ec73-4a99-b6df-0ab3ad0d7909:c14]
2019-09-10 18:33:49,839 [fc430ad7-c10f-4afd-84a3-4263b60fc3a5@group-C790A911BCD5-SegmentedRaftLogWorker] WARN  segmented.SegmentedRaftLogWorker (SegmentedRaftLogWorker.java:getFromFuture(90)) - Timeout 4/~
org.apache.ratis.protocol.TimeoutIOException: Timeout 10s: WriteLog:17: (t:3, i:17), STATEMACHINELOGENTRY, client-B2117E40EB7F, cid=38-writeStateMachineData
	at org.apache.ratis.util.IOUtils.getFromFuture(IOUtils.java:87)
	at org.apache.ratis.server.raftlog.segmented.SegmentedRaftLogWorker$StateMachineDataPolicy.getFromFuture(SegmentedRaftLogWorker.java:87)
	at org.apache.ratis.server.raftlog.segmented.SegmentedRaftLogWorker$WriteLog.execute(SegmentedRaftLogWorker.java:477)
	at org.apache.ratis.server.raftlog.segmented.SegmentedRaftLogWorker.run(SegmentedRaftLogWorker.java:289)
	at java.lang.Thread.run(Thread.java:748)
Caused by: java.util.concurrent.TimeoutException
	at java.util.concurrent.CompletableFuture.timedGet(CompletableFuture.java:1771)
	at java.util.concurrent.CompletableFuture.get(CompletableFuture.java:1915)
	at org.apache.ratis.util.IOUtils.getFromFuture(IOUtils.java:79)
	... 4 more
2019-09-10 18:33:49,996 [java.util.concurrent.ThreadPoolExecutor$Worker@781538ae[State = -1, empty queue]] WARN  server.GrpcLogAppender (GrpcLogAppender.java:timeoutAppendRequest(200)) - 59afee6f-3342-47f6-8cd2-a67165187773@group-C790A911BCD5->fc430ad7-c10f-4afd-84a3-4263b60fc3a5-GrpcLogAppender: appendEntries Timeout, request=59afee6f-3342-47f6-8cd2-a67165187773->fc430ad7-c10f-4afd-84a3-4263b60fc3a5#116-t3, previous=(t:3, i:20), leaderCommit=16, initializing? false, entries: <empty>
2019-09-10 18:33:49,997 [java.util.concurrent.ThreadPoolExecutor$Worker@2130bf45[State = -1, empty queue]] WARN  server.GrpcLogAppender (GrpcLogAppender.java:timeoutAppendRequest(200)) - 59afee6f-3342-47f6-8cd2-a67165187773@group-C790A911BCD5->f9c92805-78f9-4aa2-ad11-0f5c06c060e3-GrpcLogAppender: appendEntries Timeout, request=59afee6f-3342-47f6-8cd2-a67165187773->f9c92805-78f9-4aa2-ad11-0f5c06c060e3#116-t3, previous=(t:3, i:20), leaderCommit=16, initializing? false, entries: <empty>
2019-09-10 18:33:50,052 [59afee6f-3342-47f6-8cd2-a67165187773@group-C790A911BCD5-SegmentedRaftLogWorker] WARN  segmented.SegmentedRaftLogWorker (SegmentedRaftLogWorker.java:getFromFuture(90)) - Timeout 4/~
org.apache.ratis.protocol.TimeoutIOException: Timeout 10s: WriteLog:19: (t:3, i:19), STATEMACHINELOGENTRY, client-B2117E40EB7F, cid=40-writeStateMachineData
	at org.apache.ratis.util.IOUtils.getFromFuture(IOUtils.java:87)
	at org.apache.ratis.server.raftlog.segmented.SegmentedRaftLogWorker$StateMachineDataPolicy.getFromFuture(SegmentedRaftLogWorker.java:87)
	at org.apache.ratis.server.raftlog.segmented.SegmentedRaftLogWorker$WriteLog.execute(SegmentedRaftLogWorker.java:477)
	at org.apache.ratis.server.raftlog.segmented.SegmentedRaftLogWorker.run(SegmentedRaftLogWorker.java:289)
	at java.lang.Thread.run(Thread.java:748)
Caused by: java.util.concurrent.TimeoutException
	at java.util.concurrent.CompletableFuture.timedGet(CompletableFuture.java:1771)
	at java.util.concurrent.CompletableFuture.get(CompletableFuture.java:1915)
	at org.apache.ratis.util.IOUtils.getFromFuture(IOUtils.java:79)
	... 4 more
2019-09-10 18:33:50,072 [f9c92805-78f9-4aa2-ad11-0f5c06c060e3@group-C790A911BCD5-SegmentedRaftLogWorker] WARN  segmented.SegmentedRaftLogWorker (SegmentedRaftLogWorker.java:getFromFuture(90)) - Timeout 4/~
org.apache.ratis.protocol.TimeoutIOException: Timeout 10s: WriteLog:19: (t:3, i:19), STATEMACHINELOGENTRY, client-B2117E40EB7F, cid=40-writeStateMachineData
	at org.apache.ratis.util.IOUtils.getFromFuture(IOUtils.java:87)
	at org.apache.ratis.server.raftlog.segmented.SegmentedRaftLogWorker$StateMachineDataPolicy.getFromFuture(SegmentedRaftLogWorker.java:87)
	at org.apache.ratis.server.raftlog.segmented.SegmentedRaftLogWorker$WriteLog.execute(SegmentedRaftLogWorker.java:477)
	at org.apache.ratis.server.raftlog.segmented.SegmentedRaftLogWorker.run(SegmentedRaftLogWorker.java:289)
	at java.lang.Thread.run(Thread.java:748)
Caused by: java.util.concurrent.TimeoutException
	at java.util.concurrent.CompletableFuture.timedGet(CompletableFuture.java:1771)
	at java.util.concurrent.CompletableFuture.get(CompletableFuture.java:1915)
	at org.apache.ratis.util.IOUtils.getFromFuture(IOUtils.java:79)
	... 4 more
2019-09-10 18:33:50,203 [Thread-1279] INFO  impl.FollowerState (FollowerState.java:run(106)) - a5c56bc8-e609-4560-873f-c4715c8bfbf6:group-F10CA6FB56ED changes to CANDIDATE, lastRpcTime:1029, electionTimeout:1029ms
2019-09-10 18:33:50,203 [Thread-1279] INFO  impl.RoleInfo (RoleInfo.java:shutdownFollowerState(121)) - a5c56bc8-e609-4560-873f-c4715c8bfbf6: shutdown FollowerState
2019-09-10 18:33:50,203 [Thread-1279] INFO  impl.RaftServerImpl (RaftServerImpl.java:setRole(174)) - a5c56bc8-e609-4560-873f-c4715c8bfbf6@group-F10CA6FB56ED: changes role from  FOLLOWER to CANDIDATE at term 10 for changeToCandidate
2019-09-10 18:33:50,203 [Thread-1279] INFO  impl.RoleInfo (RoleInfo.java:updateAndGet(143)) - a5c56bc8-e609-4560-873f-c4715c8bfbf6: start LeaderElection
2019-09-10 18:33:50,270 [java.util.concurrent.ThreadPoolExecutor$Worker@7aeb99c5[State = -1, empty queue]] WARN  server.GrpcLogAppender (GrpcLogAppender.java:timeoutAppendRequest(200)) - 43b8dda0-1fac-498c-94e0-436a32ed8ccd@group-248F13D822B7->166d57fa-ec73-4a99-b6df-0ab3ad0d7909-GrpcLogAppender: appendEntries Timeout, request=43b8dda0-1fac-498c-94e0-436a32ed8ccd->166d57fa-ec73-4a99-b6df-0ab3ad0d7909#121-t2, previous=(t:2, i:20), leaderCommit=16, initializing? false, entries: <empty>
2019-09-10 18:33:50,270 [java.util.concurrent.ThreadPoolExecutor$Worker@2fb8de94[State = -1, empty queue]] WARN  server.GrpcLogAppender (GrpcLogAppender.java:timeoutAppendRequest(200)) - 43b8dda0-1fac-498c-94e0-436a32ed8ccd@group-248F13D822B7->114338b4-3ae2-46b3-98b7-a583d2a0bf23-GrpcLogAppender: appendEntries Timeout, request=43b8dda0-1fac-498c-94e0-436a32ed8ccd->114338b4-3ae2-46b3-98b7-a583d2a0bf23#121-t2, previous=(t:2, i:20), leaderCommit=16, initializing? false, entries: <empty>
2019-09-10 18:33:50,497 [java.util.concurrent.ThreadPoolExecutor$Worker@781538ae[State = -1, empty queue]] WARN  server.GrpcLogAppender (GrpcLogAppender.java:timeoutAppendRequest(200)) - 59afee6f-3342-47f6-8cd2-a67165187773@group-C790A911BCD5->fc430ad7-c10f-4afd-84a3-4263b60fc3a5-GrpcLogAppender: appendEntries Timeout, request=59afee6f-3342-47f6-8cd2-a67165187773->fc430ad7-c10f-4afd-84a3-4263b60fc3a5#117-t3, previous=(t:3, i:20), leaderCommit=16, initializing? false, entries: <empty>
2019-09-10 18:33:50,497 [java.util.concurrent.ThreadPoolExecutor$Worker@2130bf45[State = -1, empty queue]] WARN  server.GrpcLogAppender (GrpcLogAppender.java:timeoutAppendRequest(200)) - 59afee6f-3342-47f6-8cd2-a67165187773@group-C790A911BCD5->f9c92805-78f9-4aa2-ad11-0f5c06c060e3-GrpcLogAppender: appendEntries Timeout, request=59afee6f-3342-47f6-8cd2-a67165187773->f9c92805-78f9-4aa2-ad11-0f5c06c060e3#117-t3, previous=(t:3, i:20), leaderCommit=16, initializing? false, entries: <empty>
2019-09-10 18:33:50,514 [a5c56bc8-e609-4560-873f-c4715c8bfbf6@group-F10CA6FB56ED:LeaderElection36] INFO  impl.LeaderElection (LeaderElection.java:askForVotes(182)) - a5c56bc8-e609-4560-873f-c4715c8bfbf6@group-F10CA6FB56ED:LeaderElection36: begin an election at term 11 for 0: [7e7e06ff-ff15-4a73-bf67-b60124f5dbc2:192.168.5.139:37758, a5c56bc8-e609-4560-873f-c4715c8bfbf6:192.168.5.139:44770, dc34f224-6fe7-4a16-b3d0-41df1e51aada:192.168.5.139:40510], old=null
2019-09-10 18:33:50,516 [a5c56bc8-e609-4560-873f-c4715c8bfbf6@group-F10CA6FB56ED:LeaderElection36] INFO  impl.LeaderElection (LogUtils.java:infoOrTrace(149)) - a5c56bc8-e609-4560-873f-c4715c8bfbf6@group-F10CA6FB56ED:LeaderElection36 got exception when requesting votes: {}
java.util.concurrent.ExecutionException: org.apache.ratis.thirdparty.io.grpc.StatusRuntimeException: UNAVAILABLE: io exception
	at java.util.concurrent.FutureTask.report(FutureTask.java:122)
	at java.util.concurrent.FutureTask.get(FutureTask.java:192)
	at org.apache.ratis.server.impl.LeaderElection.waitForResults(LeaderElection.java:263)
	at org.apache.ratis.server.impl.LeaderElection.askForVotes(LeaderElection.java:201)
	at org.apache.ratis.server.impl.LeaderElection.run(LeaderElection.java:133)
	at java.lang.Thread.run(Thread.java:748)
Caused by: org.apache.ratis.thirdparty.io.grpc.StatusRuntimeException: UNAVAILABLE: io exception
	at org.apache.ratis.thirdparty.io.grpc.stub.ClientCalls.toStatusRuntimeException(ClientCalls.java:233)
	at org.apache.ratis.thirdparty.io.grpc.stub.ClientCalls.getUnchecked(ClientCalls.java:214)
	at org.apache.ratis.thirdparty.io.grpc.stub.ClientCalls.blockingUnaryCall(ClientCalls.java:139)
	at org.apache.ratis.proto.grpc.RaftServerProtocolServiceGrpc$RaftServerProtocolServiceBlockingStub.requestVote(RaftServerProtocolServiceGrpc.java:265)
	at org.apache.ratis.grpc.server.GrpcServerProtocolClient.requestVote(GrpcServerProtocolClient.java:90)
	at org.apache.ratis.grpc.server.GrpcService.requestVote(GrpcService.java:204)
	at org.apache.ratis.server.impl.LeaderElection.lambda$submitRequests$1(LeaderElection.java:238)
	at java.util.concurrent.FutureTask.run(FutureTask.java:266)
	at java.util.concurrent.Executors$RunnableAdapter.call(Executors.java:511)
	at java.util.concurrent.FutureTask.run(FutureTask.java:266)
	at java.util.concurrent.ThreadPoolExecutor.runWorker(ThreadPoolExecutor.java:1149)
	at java.util.concurrent.ThreadPoolExecutor$Worker.run(ThreadPoolExecutor.java:624)
	... 1 more
Caused by: org.apache.ratis.thirdparty.io.netty.channel.AbstractChannel$AnnotatedConnectException: Connection refused: /192.168.5.139:37758
	at sun.nio.ch.SocketChannelImpl.checkConnect(Native Method)
	at sun.nio.ch.SocketChannelImpl.finishConnect(SocketChannelImpl.java:717)
	at org.apache.ratis.thirdparty.io.netty.channel.socket.nio.NioSocketChannel.doFinishConnect(NioSocketChannel.java:327)
	at org.apache.ratis.thirdparty.io.netty.channel.nio.AbstractNioChannel$AbstractNioUnsafe.finishConnect(AbstractNioChannel.java:340)
	at org.apache.ratis.thirdparty.io.netty.channel.nio.NioEventLoop.processSelectedKey(NioEventLoop.java:632)
	at org.apache.ratis.thirdparty.io.netty.channel.nio.NioEventLoop.processSelectedKeysOptimized(NioEventLoop.java:579)
	at org.apache.ratis.thirdparty.io.netty.channel.nio.NioEventLoop.processSelectedKeys(NioEventLoop.java:496)
	at org.apache.ratis.thirdparty.io.netty.channel.nio.NioEventLoop.run(NioEventLoop.java:458)
	at org.apache.ratis.thirdparty.io.netty.util.concurrent.SingleThreadEventExecutor$5.run(SingleThreadEventExecutor.java:897)
	at org.apache.ratis.thirdparty.io.netty.util.concurrent.FastThreadLocalRunnable.run(FastThreadLocalRunnable.java:30)
	... 1 more
Caused by: java.net.ConnectException: Connection refused
	... 11 more
2019-09-10 18:33:50,521 [a5c56bc8-e609-4560-873f-c4715c8bfbf6@group-F10CA6FB56ED:LeaderElection36] INFO  impl.LeaderElection (LogUtils.java:infoOrTrace(149)) - a5c56bc8-e609-4560-873f-c4715c8bfbf6@group-F10CA6FB56ED:LeaderElection36 got exception when requesting votes: {}
java.util.concurrent.ExecutionException: org.apache.ratis.thirdparty.io.grpc.StatusRuntimeException: UNAVAILABLE: io exception
	at java.util.concurrent.FutureTask.report(FutureTask.java:122)
	at java.util.concurrent.FutureTask.get(FutureTask.java:192)
	at org.apache.ratis.server.impl.LeaderElection.waitForResults(LeaderElection.java:263)
	at org.apache.ratis.server.impl.LeaderElection.askForVotes(LeaderElection.java:201)
	at org.apache.ratis.server.impl.LeaderElection.run(LeaderElection.java:133)
	at java.lang.Thread.run(Thread.java:748)
Caused by: org.apache.ratis.thirdparty.io.grpc.StatusRuntimeException: UNAVAILABLE: io exception
	at org.apache.ratis.thirdparty.io.grpc.stub.ClientCalls.toStatusRuntimeException(ClientCalls.java:233)
	at org.apache.ratis.thirdparty.io.grpc.stub.ClientCalls.getUnchecked(ClientCalls.java:214)
	at org.apache.ratis.thirdparty.io.grpc.stub.ClientCalls.blockingUnaryCall(ClientCalls.java:139)
	at org.apache.ratis.proto.grpc.RaftServerProtocolServiceGrpc$RaftServerProtocolServiceBlockingStub.requestVote(RaftServerProtocolServiceGrpc.java:265)
	at org.apache.ratis.grpc.server.GrpcServerProtocolClient.requestVote(GrpcServerProtocolClient.java:90)
	at org.apache.ratis.grpc.server.GrpcService.requestVote(GrpcService.java:204)
	at org.apache.ratis.server.impl.LeaderElection.lambda$submitRequests$1(LeaderElection.java:238)
	at java.util.concurrent.FutureTask.run(FutureTask.java:266)
	at java.util.concurrent.Executors$RunnableAdapter.call(Executors.java:511)
	at java.util.concurrent.FutureTask.run(FutureTask.java:266)
	at java.util.concurrent.ThreadPoolExecutor.runWorker(ThreadPoolExecutor.java:1149)
	at java.util.concurrent.ThreadPoolExecutor$Worker.run(ThreadPoolExecutor.java:624)
	... 1 more
Caused by: org.apache.ratis.thirdparty.io.netty.channel.AbstractChannel$AnnotatedConnectException: Connection refused: /192.168.5.139:40510
	at sun.nio.ch.SocketChannelImpl.checkConnect(Native Method)
	at sun.nio.ch.SocketChannelImpl.finishConnect(SocketChannelImpl.java:717)
	at org.apache.ratis.thirdparty.io.netty.channel.socket.nio.NioSocketChannel.doFinishConnect(NioSocketChannel.java:327)
	at org.apache.ratis.thirdparty.io.netty.channel.nio.AbstractNioChannel$AbstractNioUnsafe.finishConnect(AbstractNioChannel.java:340)
	at org.apache.ratis.thirdparty.io.netty.channel.nio.NioEventLoop.processSelectedKey(NioEventLoop.java:632)
	at org.apache.ratis.thirdparty.io.netty.channel.nio.NioEventLoop.processSelectedKeysOptimized(NioEventLoop.java:579)
	at org.apache.ratis.thirdparty.io.netty.channel.nio.NioEventLoop.processSelectedKeys(NioEventLoop.java:496)
	at org.apache.ratis.thirdparty.io.netty.channel.nio.NioEventLoop.run(NioEventLoop.java:458)
	at org.apache.ratis.thirdparty.io.netty.util.concurrent.SingleThreadEventExecutor$5.run(SingleThreadEventExecutor.java:897)
	at org.apache.ratis.thirdparty.io.netty.util.concurrent.FastThreadLocalRunnable.run(FastThreadLocalRunnable.java:30)
	... 1 more
Caused by: java.net.ConnectException: Connection refused
	... 11 more
2019-09-10 18:33:50,525 [a5c56bc8-e609-4560-873f-c4715c8bfbf6@group-F10CA6FB56ED:LeaderElection36] INFO  impl.LeaderElection (LeaderElection.java:logAndReturn(56)) - a5c56bc8-e609-4560-873f-c4715c8bfbf6@group-F10CA6FB56ED:LeaderElection36: Election REJECTED; received 0 response(s) [] and 2 exception(s); a5c56bc8-e609-4560-873f-c4715c8bfbf6@group-F10CA6FB56ED:t11, leader=null, voted=a5c56bc8-e609-4560-873f-c4715c8bfbf6, raftlog=a5c56bc8-e609-4560-873f-c4715c8bfbf6@group-F10CA6FB56ED-SegmentedRaftLog:OPENED:c32,f32,i32, conf=0: [7e7e06ff-ff15-4a73-bf67-b60124f5dbc2:192.168.5.139:37758, a5c56bc8-e609-4560-873f-c4715c8bfbf6:192.168.5.139:44770, dc34f224-6fe7-4a16-b3d0-41df1e51aada:192.168.5.139:40510], old=null
2019-09-10 18:33:50,525 [a5c56bc8-e609-4560-873f-c4715c8bfbf6@group-F10CA6FB56ED:LeaderElection36] INFO  impl.LeaderElection (LogUtils.java:infoOrTrace(149)) -   Exception 0: {}
java.util.concurrent.ExecutionException: org.apache.ratis.thirdparty.io.grpc.StatusRuntimeException: UNAVAILABLE: io exception
	at java.util.concurrent.FutureTask.report(FutureTask.java:122)
	at java.util.concurrent.FutureTask.get(FutureTask.java:192)
	at org.apache.ratis.server.impl.LeaderElection.waitForResults(LeaderElection.java:263)
	at org.apache.ratis.server.impl.LeaderElection.askForVotes(LeaderElection.java:201)
	at org.apache.ratis.server.impl.LeaderElection.run(LeaderElection.java:133)
	at java.lang.Thread.run(Thread.java:748)
Caused by: org.apache.ratis.thirdparty.io.grpc.StatusRuntimeException: UNAVAILABLE: io exception
	at org.apache.ratis.thirdparty.io.grpc.stub.ClientCalls.toStatusRuntimeException(ClientCalls.java:233)
	at org.apache.ratis.thirdparty.io.grpc.stub.ClientCalls.getUnchecked(ClientCalls.java:214)
	at org.apache.ratis.thirdparty.io.grpc.stub.ClientCalls.blockingUnaryCall(ClientCalls.java:139)
	at org.apache.ratis.proto.grpc.RaftServerProtocolServiceGrpc$RaftServerProtocolServiceBlockingStub.requestVote(RaftServerProtocolServiceGrpc.java:265)
	at org.apache.ratis.grpc.server.GrpcServerProtocolClient.requestVote(GrpcServerProtocolClient.java:90)
	at org.apache.ratis.grpc.server.GrpcService.requestVote(GrpcService.java:204)
	at org.apache.ratis.server.impl.LeaderElection.lambda$submitRequests$1(LeaderElection.java:238)
	at java.util.concurrent.FutureTask.run(FutureTask.java:266)
	at java.util.concurrent.Executors$RunnableAdapter.call(Executors.java:511)
	at java.util.concurrent.FutureTask.run(FutureTask.java:266)
	at java.util.concurrent.ThreadPoolExecutor.runWorker(ThreadPoolExecutor.java:1149)
	at java.util.concurrent.ThreadPoolExecutor$Worker.run(ThreadPoolExecutor.java:624)
	... 1 more
Caused by: org.apache.ratis.thirdparty.io.netty.channel.AbstractChannel$AnnotatedConnectException: Connection refused: /192.168.5.139:37758
	at sun.nio.ch.SocketChannelImpl.checkConnect(Native Method)
	at sun.nio.ch.SocketChannelImpl.finishConnect(SocketChannelImpl.java:717)
	at org.apache.ratis.thirdparty.io.netty.channel.socket.nio.NioSocketChannel.doFinishConnect(NioSocketChannel.java:327)
	at org.apache.ratis.thirdparty.io.netty.channel.nio.AbstractNioChannel$AbstractNioUnsafe.finishConnect(AbstractNioChannel.java:340)
	at org.apache.ratis.thirdparty.io.netty.channel.nio.NioEventLoop.processSelectedKey(NioEventLoop.java:632)
	at org.apache.ratis.thirdparty.io.netty.channel.nio.NioEventLoop.processSelectedKeysOptimized(NioEventLoop.java:579)
	at org.apache.ratis.thirdparty.io.netty.channel.nio.NioEventLoop.processSelectedKeys(NioEventLoop.java:496)
	at org.apache.ratis.thirdparty.io.netty.channel.nio.NioEventLoop.run(NioEventLoop.java:458)
	at org.apache.ratis.thirdparty.io.netty.util.concurrent.SingleThreadEventExecutor$5.run(SingleThreadEventExecutor.java:897)
	at org.apache.ratis.thirdparty.io.netty.util.concurrent.FastThreadLocalRunnable.run(FastThreadLocalRunnable.java:30)
	... 1 more
Caused by: java.net.ConnectException: Connection refused
	... 11 more
2019-09-10 18:33:50,526 [a5c56bc8-e609-4560-873f-c4715c8bfbf6@group-F10CA6FB56ED:LeaderElection36] INFO  impl.LeaderElection (LogUtils.java:infoOrTrace(149)) -   Exception 1: {}
java.util.concurrent.ExecutionException: org.apache.ratis.thirdparty.io.grpc.StatusRuntimeException: UNAVAILABLE: io exception
	at java.util.concurrent.FutureTask.report(FutureTask.java:122)
	at java.util.concurrent.FutureTask.get(FutureTask.java:192)
	at org.apache.ratis.server.impl.LeaderElection.waitForResults(LeaderElection.java:263)
	at org.apache.ratis.server.impl.LeaderElection.askForVotes(LeaderElection.java:201)
	at org.apache.ratis.server.impl.LeaderElection.run(LeaderElection.java:133)
	at java.lang.Thread.run(Thread.java:748)
Caused by: org.apache.ratis.thirdparty.io.grpc.StatusRuntimeException: UNAVAILABLE: io exception
	at org.apache.ratis.thirdparty.io.grpc.stub.ClientCalls.toStatusRuntimeException(ClientCalls.java:233)
	at org.apache.ratis.thirdparty.io.grpc.stub.ClientCalls.getUnchecked(ClientCalls.java:214)
	at org.apache.ratis.thirdparty.io.grpc.stub.ClientCalls.blockingUnaryCall(ClientCalls.java:139)
	at org.apache.ratis.proto.grpc.RaftServerProtocolServiceGrpc$RaftServerProtocolServiceBlockingStub.requestVote(RaftServerProtocolServiceGrpc.java:265)
	at org.apache.ratis.grpc.server.GrpcServerProtocolClient.requestVote(GrpcServerProtocolClient.java:90)
	at org.apache.ratis.grpc.server.GrpcService.requestVote(GrpcService.java:204)
	at org.apache.ratis.server.impl.LeaderElection.lambda$submitRequests$1(LeaderElection.java:238)
	at java.util.concurrent.FutureTask.run(FutureTask.java:266)
	at java.util.concurrent.Executors$RunnableAdapter.call(Executors.java:511)
	at java.util.concurrent.FutureTask.run(FutureTask.java:266)
	at java.util.concurrent.ThreadPoolExecutor.runWorker(ThreadPoolExecutor.java:1149)
	at java.util.concurrent.ThreadPoolExecutor$Worker.run(ThreadPoolExecutor.java:624)
	... 1 more
Caused by: org.apache.ratis.thirdparty.io.netty.channel.AbstractChannel$AnnotatedConnectException: Connection refused: /192.168.5.139:40510
	at sun.nio.ch.SocketChannelImpl.checkConnect(Native Method)
	at sun.nio.ch.SocketChannelImpl.finishConnect(SocketChannelImpl.java:717)
	at org.apache.ratis.thirdparty.io.netty.channel.socket.nio.NioSocketChannel.doFinishConnect(NioSocketChannel.java:327)
	at org.apache.ratis.thirdparty.io.netty.channel.nio.AbstractNioChannel$AbstractNioUnsafe.finishConnect(AbstractNioChannel.java:340)
	at org.apache.ratis.thirdparty.io.netty.channel.nio.NioEventLoop.processSelectedKey(NioEventLoop.java:632)
	at org.apache.ratis.thirdparty.io.netty.channel.nio.NioEventLoop.processSelectedKeysOptimized(NioEventLoop.java:579)
	at org.apache.ratis.thirdparty.io.netty.channel.nio.NioEventLoop.processSelectedKeys(NioEventLoop.java:496)
	at org.apache.ratis.thirdparty.io.netty.channel.nio.NioEventLoop.run(NioEventLoop.java:458)
	at org.apache.ratis.thirdparty.io.netty.util.concurrent.SingleThreadEventExecutor$5.run(SingleThreadEventExecutor.java:897)
	at org.apache.ratis.thirdparty.io.netty.util.concurrent.FastThreadLocalRunnable.run(FastThreadLocalRunnable.java:30)
	... 1 more
Caused by: java.net.ConnectException: Connection refused
	... 11 more
2019-09-10 18:33:50,526 [a5c56bc8-e609-4560-873f-c4715c8bfbf6@group-F10CA6FB56ED:LeaderElection36] INFO  impl.RaftServerImpl (RaftServerImpl.java:setRole(174)) - a5c56bc8-e609-4560-873f-c4715c8bfbf6@group-F10CA6FB56ED: changes role from CANDIDATE to FOLLOWER at term 11 for DISCOVERED_A_NEW_TERM
2019-09-10 18:33:50,526 [a5c56bc8-e609-4560-873f-c4715c8bfbf6@group-F10CA6FB56ED:LeaderElection36] INFO  impl.RoleInfo (RoleInfo.java:shutdownLeaderElection(134)) - a5c56bc8-e609-4560-873f-c4715c8bfbf6: shutdown LeaderElection
2019-09-10 18:33:50,527 [a5c56bc8-e609-4560-873f-c4715c8bfbf6@group-F10CA6FB56ED:LeaderElection36] INFO  impl.RoleInfo (RoleInfo.java:updateAndGet(143)) - a5c56bc8-e609-4560-873f-c4715c8bfbf6: start FollowerState
2019-09-10 18:33:50,770 [java.util.concurrent.ThreadPoolExecutor$Worker@7aeb99c5[State = -1, empty queue]] WARN  server.GrpcLogAppender (GrpcLogAppender.java:timeoutAppendRequest(200)) - 43b8dda0-1fac-498c-94e0-436a32ed8ccd@group-248F13D822B7->166d57fa-ec73-4a99-b6df-0ab3ad0d7909-GrpcLogAppender: appendEntries Timeout, request=43b8dda0-1fac-498c-94e0-436a32ed8ccd->166d57fa-ec73-4a99-b6df-0ab3ad0d7909#122-t2, previous=(t:2, i:20), leaderCommit=16, initializing? false, entries: <empty>
2019-09-10 18:33:50,770 [java.util.concurrent.ThreadPoolExecutor$Worker@2fb8de94[State = -1, empty queue]] WARN  server.GrpcLogAppender (GrpcLogAppender.java:timeoutAppendRequest(200)) - 43b8dda0-1fac-498c-94e0-436a32ed8ccd@group-248F13D822B7->114338b4-3ae2-46b3-98b7-a583d2a0bf23-GrpcLogAppender: appendEntries Timeout, request=43b8dda0-1fac-498c-94e0-436a32ed8ccd->114338b4-3ae2-46b3-98b7-a583d2a0bf23#122-t2, previous=(t:2, i:20), leaderCommit=16, initializing? false, entries: <empty>
2019-09-10 18:33:50,997 [java.util.concurrent.ThreadPoolExecutor$Worker@2130bf45[State = -1, empty queue]] WARN  server.GrpcLogAppender (GrpcLogAppender.java:timeoutAppendRequest(200)) - 59afee6f-3342-47f6-8cd2-a67165187773@group-C790A911BCD5->f9c92805-78f9-4aa2-ad11-0f5c06c060e3-GrpcLogAppender: appendEntries Timeout, request=59afee6f-3342-47f6-8cd2-a67165187773->f9c92805-78f9-4aa2-ad11-0f5c06c060e3#118-t3, previous=(t:3, i:20), leaderCommit=16, initializing? false, entries: <empty>
2019-09-10 18:33:50,997 [java.util.concurrent.ThreadPoolExecutor$Worker@781538ae[State = -1, empty queue]] WARN  server.GrpcLogAppender (GrpcLogAppender.java:timeoutAppendRequest(200)) - 59afee6f-3342-47f6-8cd2-a67165187773@group-C790A911BCD5->fc430ad7-c10f-4afd-84a3-4263b60fc3a5-GrpcLogAppender: appendEntries Timeout, request=59afee6f-3342-47f6-8cd2-a67165187773->fc430ad7-c10f-4afd-84a3-4263b60fc3a5#118-t3, previous=(t:3, i:20), leaderCommit=16, initializing? false, entries: <empty>
2019-09-10 18:33:51,271 [java.util.concurrent.ThreadPoolExecutor$Worker@2fb8de94[State = -1, empty queue]] WARN  server.GrpcLogAppender (GrpcLogAppender.java:timeoutAppendRequest(200)) - 43b8dda0-1fac-498c-94e0-436a32ed8ccd@group-248F13D822B7->114338b4-3ae2-46b3-98b7-a583d2a0bf23-GrpcLogAppender: appendEntries Timeout, request=43b8dda0-1fac-498c-94e0-436a32ed8ccd->114338b4-3ae2-46b3-98b7-a583d2a0bf23#123-t2, previous=(t:2, i:20), leaderCommit=16, initializing? false, entries: <empty>
2019-09-10 18:33:51,271 [java.util.concurrent.ThreadPoolExecutor$Worker@7aeb99c5[State = -1, empty queue]] WARN  server.GrpcLogAppender (GrpcLogAppender.java:timeoutAppendRequest(200)) - 43b8dda0-1fac-498c-94e0-436a32ed8ccd@group-248F13D822B7->166d57fa-ec73-4a99-b6df-0ab3ad0d7909-GrpcLogAppender: appendEntries Timeout, request=43b8dda0-1fac-498c-94e0-436a32ed8ccd->166d57fa-ec73-4a99-b6df-0ab3ad0d7909#123-t2, previous=(t:2, i:20), leaderCommit=16, initializing? false, entries: <empty>
2019-09-10 18:33:51,497 [java.util.concurrent.ThreadPoolExecutor$Worker@781538ae[State = -1, empty queue]] WARN  server.GrpcLogAppender (GrpcLogAppender.java:timeoutAppendRequest(200)) - 59afee6f-3342-47f6-8cd2-a67165187773@group-C790A911BCD5->fc430ad7-c10f-4afd-84a3-4263b60fc3a5-GrpcLogAppender: appendEntries Timeout, request=59afee6f-3342-47f6-8cd2-a67165187773->fc430ad7-c10f-4afd-84a3-4263b60fc3a5#119-t3, previous=(t:3, i:20), leaderCommit=16, initializing? false, entries: <empty>
2019-09-10 18:33:51,497 [java.util.concurrent.ThreadPoolExecutor$Worker@2130bf45[State = -1, empty queue]] WARN  server.GrpcLogAppender (GrpcLogAppender.java:timeoutAppendRequest(200)) - 59afee6f-3342-47f6-8cd2-a67165187773@group-C790A911BCD5->f9c92805-78f9-4aa2-ad11-0f5c06c060e3-GrpcLogAppender: appendEntries Timeout, request=59afee6f-3342-47f6-8cd2-a67165187773->f9c92805-78f9-4aa2-ad11-0f5c06c060e3#119-t3, previous=(t:3, i:20), leaderCommit=16, initializing? false, entries: <empty>
2019-09-10 18:33:51,625 [Thread-1302] INFO  impl.FollowerState (FollowerState.java:run(106)) - a5c56bc8-e609-4560-873f-c4715c8bfbf6:group-F10CA6FB56ED changes to CANDIDATE, lastRpcTime:1098, electionTimeout:1098ms
2019-09-10 18:33:51,625 [Thread-1302] INFO  impl.RoleInfo (RoleInfo.java:shutdownFollowerState(121)) - a5c56bc8-e609-4560-873f-c4715c8bfbf6: shutdown FollowerState
2019-09-10 18:33:51,625 [Thread-1302] INFO  impl.RaftServerImpl (RaftServerImpl.java:setRole(174)) - a5c56bc8-e609-4560-873f-c4715c8bfbf6@group-F10CA6FB56ED: changes role from  FOLLOWER to CANDIDATE at term 11 for changeToCandidate
2019-09-10 18:33:51,626 [Thread-1302] INFO  impl.RoleInfo (RoleInfo.java:updateAndGet(143)) - a5c56bc8-e609-4560-873f-c4715c8bfbf6: start LeaderElection
2019-09-10 18:33:51,649 [a5c56bc8-e609-4560-873f-c4715c8bfbf6@group-F10CA6FB56ED:LeaderElection37] INFO  impl.LeaderElection (LeaderElection.java:askForVotes(182)) - a5c56bc8-e609-4560-873f-c4715c8bfbf6@group-F10CA6FB56ED:LeaderElection37: begin an election at term 12 for 0: [7e7e06ff-ff15-4a73-bf67-b60124f5dbc2:192.168.5.139:37758, a5c56bc8-e609-4560-873f-c4715c8bfbf6:192.168.5.139:44770, dc34f224-6fe7-4a16-b3d0-41df1e51aada:192.168.5.139:40510], old=null
2019-09-10 18:33:51,650 [a5c56bc8-e609-4560-873f-c4715c8bfbf6@group-F10CA6FB56ED:LeaderElection37] INFO  impl.LeaderElection (LogUtils.java:infoOrTrace(149)) - a5c56bc8-e609-4560-873f-c4715c8bfbf6@group-F10CA6FB56ED:LeaderElection37 got exception when requesting votes: {}
java.util.concurrent.ExecutionException: org.apache.ratis.thirdparty.io.grpc.StatusRuntimeException: UNAVAILABLE: io exception
	at java.util.concurrent.FutureTask.report(FutureTask.java:122)
	at java.util.concurrent.FutureTask.get(FutureTask.java:192)
	at org.apache.ratis.server.impl.LeaderElection.waitForResults(LeaderElection.java:263)
	at org.apache.ratis.server.impl.LeaderElection.askForVotes(LeaderElection.java:201)
	at org.apache.ratis.server.impl.LeaderElection.run(LeaderElection.java:133)
	at java.lang.Thread.run(Thread.java:748)
Caused by: org.apache.ratis.thirdparty.io.grpc.StatusRuntimeException: UNAVAILABLE: io exception
	at org.apache.ratis.thirdparty.io.grpc.stub.ClientCalls.toStatusRuntimeException(ClientCalls.java:233)
	at org.apache.ratis.thirdparty.io.grpc.stub.ClientCalls.getUnchecked(ClientCalls.java:214)
	at org.apache.ratis.thirdparty.io.grpc.stub.ClientCalls.blockingUnaryCall(ClientCalls.java:139)
	at org.apache.ratis.proto.grpc.RaftServerProtocolServiceGrpc$RaftServerProtocolServiceBlockingStub.requestVote(RaftServerProtocolServiceGrpc.java:265)
	at org.apache.ratis.grpc.server.GrpcServerProtocolClient.requestVote(GrpcServerProtocolClient.java:90)
	at org.apache.ratis.grpc.server.GrpcService.requestVote(GrpcService.java:204)
	at org.apache.ratis.server.impl.LeaderElection.lambda$submitRequests$1(LeaderElection.java:238)
	at java.util.concurrent.FutureTask.run(FutureTask.java:266)
	at java.util.concurrent.Executors$RunnableAdapter.call(Executors.java:511)
	at java.util.concurrent.FutureTask.run(FutureTask.java:266)
	at java.util.concurrent.ThreadPoolExecutor.runWorker(ThreadPoolExecutor.java:1149)
	at java.util.concurrent.ThreadPoolExecutor$Worker.run(ThreadPoolExecutor.java:624)
	... 1 more
Caused by: org.apache.ratis.thirdparty.io.netty.channel.AbstractChannel$AnnotatedConnectException: Connection refused: /192.168.5.139:40510
	at sun.nio.ch.SocketChannelImpl.checkConnect(Native Method)
	at sun.nio.ch.SocketChannelImpl.finishConnect(SocketChannelImpl.java:717)
	at org.apache.ratis.thirdparty.io.netty.channel.socket.nio.NioSocketChannel.doFinishConnect(NioSocketChannel.java:327)
	at org.apache.ratis.thirdparty.io.netty.channel.nio.AbstractNioChannel$AbstractNioUnsafe.finishConnect(AbstractNioChannel.java:340)
	at org.apache.ratis.thirdparty.io.netty.channel.nio.NioEventLoop.processSelectedKey(NioEventLoop.java:632)
	at org.apache.ratis.thirdparty.io.netty.channel.nio.NioEventLoop.processSelectedKeysOptimized(NioEventLoop.java:579)
	at org.apache.ratis.thirdparty.io.netty.channel.nio.NioEventLoop.processSelectedKeys(NioEventLoop.java:496)
	at org.apache.ratis.thirdparty.io.netty.channel.nio.NioEventLoop.run(NioEventLoop.java:458)
	at org.apache.ratis.thirdparty.io.netty.util.concurrent.SingleThreadEventExecutor$5.run(SingleThreadEventExecutor.java:897)
	at org.apache.ratis.thirdparty.io.netty.util.concurrent.FastThreadLocalRunnable.run(FastThreadLocalRunnable.java:30)
	... 1 more
Caused by: java.net.ConnectException: Connection refused
	... 11 more
2019-09-10 18:33:51,666 [a5c56bc8-e609-4560-873f-c4715c8bfbf6@group-F10CA6FB56ED:LeaderElection37] INFO  impl.LeaderElection (LogUtils.java:infoOrTrace(149)) - a5c56bc8-e609-4560-873f-c4715c8bfbf6@group-F10CA6FB56ED:LeaderElection37 got exception when requesting votes: {}
java.util.concurrent.ExecutionException: org.apache.ratis.thirdparty.io.grpc.StatusRuntimeException: UNAVAILABLE: io exception
	at java.util.concurrent.FutureTask.report(FutureTask.java:122)
	at java.util.concurrent.FutureTask.get(FutureTask.java:192)
	at org.apache.ratis.server.impl.LeaderElection.waitForResults(LeaderElection.java:263)
	at org.apache.ratis.server.impl.LeaderElection.askForVotes(LeaderElection.java:201)
	at org.apache.ratis.server.impl.LeaderElection.run(LeaderElection.java:133)
	at java.lang.Thread.run(Thread.java:748)
Caused by: org.apache.ratis.thirdparty.io.grpc.StatusRuntimeException: UNAVAILABLE: io exception
	at org.apache.ratis.thirdparty.io.grpc.stub.ClientCalls.toStatusRuntimeException(ClientCalls.java:233)
	at org.apache.ratis.thirdparty.io.grpc.stub.ClientCalls.getUnchecked(ClientCalls.java:214)
	at org.apache.ratis.thirdparty.io.grpc.stub.ClientCalls.blockingUnaryCall(ClientCalls.java:139)
	at org.apache.ratis.proto.grpc.RaftServerProtocolServiceGrpc$RaftServerProtocolServiceBlockingStub.requestVote(RaftServerProtocolServiceGrpc.java:265)
	at org.apache.ratis.grpc.server.GrpcServerProtocolClient.requestVote(GrpcServerProtocolClient.java:90)
	at org.apache.ratis.grpc.server.GrpcService.requestVote(GrpcService.java:204)
	at org.apache.ratis.server.impl.LeaderElection.lambda$submitRequests$1(LeaderElection.java:238)
	at java.util.concurrent.FutureTask.run(FutureTask.java:266)
	at java.util.concurrent.Executors$RunnableAdapter.call(Executors.java:511)
	at java.util.concurrent.FutureTask.run(FutureTask.java:266)
	at java.util.concurrent.ThreadPoolExecutor.runWorker(ThreadPoolExecutor.java:1149)
	at java.util.concurrent.ThreadPoolExecutor$Worker.run(ThreadPoolExecutor.java:624)
	... 1 more
Caused by: org.apache.ratis.thirdparty.io.netty.channel.AbstractChannel$AnnotatedConnectException: Connection refused: /192.168.5.139:37758
	at sun.nio.ch.SocketChannelImpl.checkConnect(Native Method)
	at sun.nio.ch.SocketChannelImpl.finishConnect(SocketChannelImpl.java:717)
	at org.apache.ratis.thirdparty.io.netty.channel.socket.nio.NioSocketChannel.doFinishConnect(NioSocketChannel.java:327)
	at org.apache.ratis.thirdparty.io.netty.channel.nio.AbstractNioChannel$AbstractNioUnsafe.finishConnect(AbstractNioChannel.java:340)
	at org.apache.ratis.thirdparty.io.netty.channel.nio.NioEventLoop.processSelectedKey(NioEventLoop.java:632)
	at org.apache.ratis.thirdparty.io.netty.channel.nio.NioEventLoop.processSelectedKeysOptimized(NioEventLoop.java:579)
	at org.apache.ratis.thirdparty.io.netty.channel.nio.NioEventLoop.processSelectedKeys(NioEventLoop.java:496)
	at org.apache.ratis.thirdparty.io.netty.channel.nio.NioEventLoop.run(NioEventLoop.java:458)
	at org.apache.ratis.thirdparty.io.netty.util.concurrent.SingleThreadEventExecutor$5.run(SingleThreadEventExecutor.java:897)
	at org.apache.ratis.thirdparty.io.netty.util.concurrent.FastThreadLocalRunnable.run(FastThreadLocalRunnable.java:30)
	... 1 more
Caused by: java.net.ConnectException: Connection refused
	... 11 more
2019-09-10 18:33:51,677 [a5c56bc8-e609-4560-873f-c4715c8bfbf6@group-F10CA6FB56ED:LeaderElection37] INFO  impl.LeaderElection (LeaderElection.java:logAndReturn(56)) - a5c56bc8-e609-4560-873f-c4715c8bfbf6@group-F10CA6FB56ED:LeaderElection37: Election REJECTED; received 0 response(s) [] and 2 exception(s); a5c56bc8-e609-4560-873f-c4715c8bfbf6@group-F10CA6FB56ED:t12, leader=null, voted=a5c56bc8-e609-4560-873f-c4715c8bfbf6, raftlog=a5c56bc8-e609-4560-873f-c4715c8bfbf6@group-F10CA6FB56ED-SegmentedRaftLog:OPENED:c32,f32,i32, conf=0: [7e7e06ff-ff15-4a73-bf67-b60124f5dbc2:192.168.5.139:37758, a5c56bc8-e609-4560-873f-c4715c8bfbf6:192.168.5.139:44770, dc34f224-6fe7-4a16-b3d0-41df1e51aada:192.168.5.139:40510], old=null
2019-09-10 18:33:51,677 [a5c56bc8-e609-4560-873f-c4715c8bfbf6@group-F10CA6FB56ED:LeaderElection37] INFO  impl.LeaderElection (LogUtils.java:infoOrTrace(149)) -   Exception 0: {}
java.util.concurrent.ExecutionException: org.apache.ratis.thirdparty.io.grpc.StatusRuntimeException: UNAVAILABLE: io exception
	at java.util.concurrent.FutureTask.report(FutureTask.java:122)
	at java.util.concurrent.FutureTask.get(FutureTask.java:192)
	at org.apache.ratis.server.impl.LeaderElection.waitForResults(LeaderElection.java:263)
	at org.apache.ratis.server.impl.LeaderElection.askForVotes(LeaderElection.java:201)
	at org.apache.ratis.server.impl.LeaderElection.run(LeaderElection.java:133)
	at java.lang.Thread.run(Thread.java:748)
Caused by: org.apache.ratis.thirdparty.io.grpc.StatusRuntimeException: UNAVAILABLE: io exception
	at org.apache.ratis.thirdparty.io.grpc.stub.ClientCalls.toStatusRuntimeException(ClientCalls.java:233)
	at org.apache.ratis.thirdparty.io.grpc.stub.ClientCalls.getUnchecked(ClientCalls.java:214)
	at org.apache.ratis.thirdparty.io.grpc.stub.ClientCalls.blockingUnaryCall(ClientCalls.java:139)
	at org.apache.ratis.proto.grpc.RaftServerProtocolServiceGrpc$RaftServerProtocolServiceBlockingStub.requestVote(RaftServerProtocolServiceGrpc.java:265)
	at org.apache.ratis.grpc.server.GrpcServerProtocolClient.requestVote(GrpcServerProtocolClient.java:90)
	at org.apache.ratis.grpc.server.GrpcService.requestVote(GrpcService.java:204)
	at org.apache.ratis.server.impl.LeaderElection.lambda$submitRequests$1(LeaderElection.java:238)
	at java.util.concurrent.FutureTask.run(FutureTask.java:266)
	at java.util.concurrent.Executors$RunnableAdapter.call(Executors.java:511)
	at java.util.concurrent.FutureTask.run(FutureTask.java:266)
	at java.util.concurrent.ThreadPoolExecutor.runWorker(ThreadPoolExecutor.java:1149)
	at java.util.concurrent.ThreadPoolExecutor$Worker.run(ThreadPoolExecutor.java:624)
	... 1 more
Caused by: org.apache.ratis.thirdparty.io.netty.channel.AbstractChannel$AnnotatedConnectException: Connection refused: /192.168.5.139:40510
	at sun.nio.ch.SocketChannelImpl.checkConnect(Native Method)
	at sun.nio.ch.SocketChannelImpl.finishConnect(SocketChannelImpl.java:717)
	at org.apache.ratis.thirdparty.io.netty.channel.socket.nio.NioSocketChannel.doFinishConnect(NioSocketChannel.java:327)
	at org.apache.ratis.thirdparty.io.netty.channel.nio.AbstractNioChannel$AbstractNioUnsafe.finishConnect(AbstractNioChannel.java:340)
	at org.apache.ratis.thirdparty.io.netty.channel.nio.NioEventLoop.processSelectedKey(NioEventLoop.java:632)
	at org.apache.ratis.thirdparty.io.netty.channel.nio.NioEventLoop.processSelectedKeysOptimized(NioEventLoop.java:579)
	at org.apache.ratis.thirdparty.io.netty.channel.nio.NioEventLoop.processSelectedKeys(NioEventLoop.java:496)
	at org.apache.ratis.thirdparty.io.netty.channel.nio.NioEventLoop.run(NioEventLoop.java:458)
	at org.apache.ratis.thirdparty.io.netty.util.concurrent.SingleThreadEventExecutor$5.run(SingleThreadEventExecutor.java:897)
	at org.apache.ratis.thirdparty.io.netty.util.concurrent.FastThreadLocalRunnable.run(FastThreadLocalRunnable.java:30)
	... 1 more
Caused by: java.net.ConnectException: Connection refused
	... 11 more
2019-09-10 18:33:51,677 [a5c56bc8-e609-4560-873f-c4715c8bfbf6@group-F10CA6FB56ED:LeaderElection37] INFO  impl.LeaderElection (LogUtils.java:infoOrTrace(149)) -   Exception 1: {}
java.util.concurrent.ExecutionException: org.apache.ratis.thirdparty.io.grpc.StatusRuntimeException: UNAVAILABLE: io exception
	at java.util.concurrent.FutureTask.report(FutureTask.java:122)
	at java.util.concurrent.FutureTask.get(FutureTask.java:192)
	at org.apache.ratis.server.impl.LeaderElection.waitForResults(LeaderElection.java:263)
	at org.apache.ratis.server.impl.LeaderElection.askForVotes(LeaderElection.java:201)
	at org.apache.ratis.server.impl.LeaderElection.run(LeaderElection.java:133)
	at java.lang.Thread.run(Thread.java:748)
Caused by: org.apache.ratis.thirdparty.io.grpc.StatusRuntimeException: UNAVAILABLE: io exception
	at org.apache.ratis.thirdparty.io.grpc.stub.ClientCalls.toStatusRuntimeException(ClientCalls.java:233)
	at org.apache.ratis.thirdparty.io.grpc.stub.ClientCalls.getUnchecked(ClientCalls.java:214)
	at org.apache.ratis.thirdparty.io.grpc.stub.ClientCalls.blockingUnaryCall(ClientCalls.java:139)
	at org.apache.ratis.proto.grpc.RaftServerProtocolServiceGrpc$RaftServerProtocolServiceBlockingStub.requestVote(RaftServerProtocolServiceGrpc.java:265)
	at org.apache.ratis.grpc.server.GrpcServerProtocolClient.requestVote(GrpcServerProtocolClient.java:90)
	at org.apache.ratis.grpc.server.GrpcService.requestVote(GrpcService.java:204)
	at org.apache.ratis.server.impl.LeaderElection.lambda$submitRequests$1(LeaderElection.java:238)
	at java.util.concurrent.FutureTask.run(FutureTask.java:266)
	at java.util.concurrent.Executors$RunnableAdapter.call(Executors.java:511)
	at java.util.concurrent.FutureTask.run(FutureTask.java:266)
	at java.util.concurrent.ThreadPoolExecutor.runWorker(ThreadPoolExecutor.java:1149)
	at java.util.concurrent.ThreadPoolExecutor$Worker.run(ThreadPoolExecutor.java:624)
	... 1 more
Caused by: org.apache.ratis.thirdparty.io.netty.channel.AbstractChannel$AnnotatedConnectException: Connection refused: /192.168.5.139:37758
	at sun.nio.ch.SocketChannelImpl.checkConnect(Native Method)
	at sun.nio.ch.SocketChannelImpl.finishConnect(SocketChannelImpl.java:717)
	at org.apache.ratis.thirdparty.io.netty.channel.socket.nio.NioSocketChannel.doFinishConnect(NioSocketChannel.java:327)
	at org.apache.ratis.thirdparty.io.netty.channel.nio.AbstractNioChannel$AbstractNioUnsafe.finishConnect(AbstractNioChannel.java:340)
	at org.apache.ratis.thirdparty.io.netty.channel.nio.NioEventLoop.processSelectedKey(NioEventLoop.java:632)
	at org.apache.ratis.thirdparty.io.netty.channel.nio.NioEventLoop.processSelectedKeysOptimized(NioEventLoop.java:579)
	at org.apache.ratis.thirdparty.io.netty.channel.nio.NioEventLoop.processSelectedKeys(NioEventLoop.java:496)
	at org.apache.ratis.thirdparty.io.netty.channel.nio.NioEventLoop.run(NioEventLoop.java:458)
	at org.apache.ratis.thirdparty.io.netty.util.concurrent.SingleThreadEventExecutor$5.run(SingleThreadEventExecutor.java:897)
	at org.apache.ratis.thirdparty.io.netty.util.concurrent.FastThreadLocalRunnable.run(FastThreadLocalRunnable.java:30)
	... 1 more
Caused by: java.net.ConnectException: Connection refused
	... 11 more
2019-09-10 18:33:51,678 [a5c56bc8-e609-4560-873f-c4715c8bfbf6@group-F10CA6FB56ED:LeaderElection37] INFO  impl.RaftServerImpl (RaftServerImpl.java:setRole(174)) - a5c56bc8-e609-4560-873f-c4715c8bfbf6@group-F10CA6FB56ED: changes role from CANDIDATE to FOLLOWER at term 12 for DISCOVERED_A_NEW_TERM
2019-09-10 18:33:51,678 [a5c56bc8-e609-4560-873f-c4715c8bfbf6@group-F10CA6FB56ED:LeaderElection37] INFO  impl.RoleInfo (RoleInfo.java:shutdownLeaderElection(134)) - a5c56bc8-e609-4560-873f-c4715c8bfbf6: shutdown LeaderElection
2019-09-10 18:33:51,678 [a5c56bc8-e609-4560-873f-c4715c8bfbf6@group-F10CA6FB56ED:LeaderElection37] INFO  impl.RoleInfo (RoleInfo.java:updateAndGet(143)) - a5c56bc8-e609-4560-873f-c4715c8bfbf6: start FollowerState
2019-09-10 18:33:51,772 [java.util.concurrent.ThreadPoolExecutor$Worker@7aeb99c5[State = -1, empty queue]] WARN  server.GrpcLogAppender (GrpcLogAppender.java:timeoutAppendRequest(200)) - 43b8dda0-1fac-498c-94e0-436a32ed8ccd@group-248F13D822B7->166d57fa-ec73-4a99-b6df-0ab3ad0d7909-GrpcLogAppender: appendEntries Timeout, request=43b8dda0-1fac-498c-94e0-436a32ed8ccd->166d57fa-ec73-4a99-b6df-0ab3ad0d7909#124-t2, previous=(t:2, i:20), leaderCommit=16, initializing? false, entries: <empty>
2019-09-10 18:33:51,772 [java.util.concurrent.ThreadPoolExecutor$Worker@2fb8de94[State = -1, empty queue]] WARN  server.GrpcLogAppender (GrpcLogAppender.java:timeoutAppendRequest(200)) - 43b8dda0-1fac-498c-94e0-436a32ed8ccd@group-248F13D822B7->114338b4-3ae2-46b3-98b7-a583d2a0bf23-GrpcLogAppender: appendEntries Timeout, request=43b8dda0-1fac-498c-94e0-436a32ed8ccd->114338b4-3ae2-46b3-98b7-a583d2a0bf23#124-t2, previous=(t:2, i:20), leaderCommit=16, initializing? false, entries: <empty>
2019-09-10 18:33:51,998 [java.util.concurrent.ThreadPoolExecutor$Worker@2130bf45[State = -1, empty queue]] WARN  server.GrpcLogAppender (GrpcLogAppender.java:timeoutAppendRequest(200)) - 59afee6f-3342-47f6-8cd2-a67165187773@group-C790A911BCD5->f9c92805-78f9-4aa2-ad11-0f5c06c060e3-GrpcLogAppender: appendEntries Timeout, request=59afee6f-3342-47f6-8cd2-a67165187773->f9c92805-78f9-4aa2-ad11-0f5c06c060e3#120-t3, previous=(t:3, i:20), leaderCommit=16, initializing? false, entries: <empty>
2019-09-10 18:33:51,998 [java.util.concurrent.ThreadPoolExecutor$Worker@781538ae[State = -1, empty queue]] WARN  server.GrpcLogAppender (GrpcLogAppender.java:timeoutAppendRequest(200)) - 59afee6f-3342-47f6-8cd2-a67165187773@group-C790A911BCD5->fc430ad7-c10f-4afd-84a3-4263b60fc3a5-GrpcLogAppender: appendEntries Timeout, request=59afee6f-3342-47f6-8cd2-a67165187773->fc430ad7-c10f-4afd-84a3-4263b60fc3a5#120-t3, previous=(t:3, i:20), leaderCommit=16, initializing? false, entries: <empty>
2019-09-10 18:33:52,273 [java.util.concurrent.ThreadPoolExecutor$Worker@7aeb99c5[State = -1, empty queue]] WARN  server.GrpcLogAppender (GrpcLogAppender.java:timeoutAppendRequest(200)) - 43b8dda0-1fac-498c-94e0-436a32ed8ccd@group-248F13D822B7->166d57fa-ec73-4a99-b6df-0ab3ad0d7909-GrpcLogAppender: appendEntries Timeout, request=43b8dda0-1fac-498c-94e0-436a32ed8ccd->166d57fa-ec73-4a99-b6df-0ab3ad0d7909#125-t2, previous=(t:2, i:20), leaderCommit=16, initializing? false, entries: <empty>
2019-09-10 18:33:52,273 [java.util.concurrent.ThreadPoolExecutor$Worker@2fb8de94[State = -1, empty queue]] WARN  server.GrpcLogAppender (GrpcLogAppender.java:timeoutAppendRequest(200)) - 43b8dda0-1fac-498c-94e0-436a32ed8ccd@group-248F13D822B7->114338b4-3ae2-46b3-98b7-a583d2a0bf23-GrpcLogAppender: appendEntries Timeout, request=43b8dda0-1fac-498c-94e0-436a32ed8ccd->114338b4-3ae2-46b3-98b7-a583d2a0bf23#125-t2, previous=(t:2, i:20), leaderCommit=16, initializing? false, entries: <empty>
2019-09-10 18:33:52,498 [java.util.concurrent.ThreadPoolExecutor$Worker@2130bf45[State = -1, empty queue]] WARN  server.GrpcLogAppender (GrpcLogAppender.java:timeoutAppendRequest(200)) - 59afee6f-3342-47f6-8cd2-a67165187773@group-C790A911BCD5->f9c92805-78f9-4aa2-ad11-0f5c06c060e3-GrpcLogAppender: appendEntries Timeout, request=59afee6f-3342-47f6-8cd2-a67165187773->f9c92805-78f9-4aa2-ad11-0f5c06c060e3#121-t3, previous=(t:3, i:20), leaderCommit=16, initializing? false, entries: <empty>
2019-09-10 18:33:52,498 [java.util.concurrent.ThreadPoolExecutor$Worker@781538ae[State = -1, empty queue]] WARN  server.GrpcLogAppender (GrpcLogAppender.java:timeoutAppendRequest(200)) - 59afee6f-3342-47f6-8cd2-a67165187773@group-C790A911BCD5->fc430ad7-c10f-4afd-84a3-4263b60fc3a5-GrpcLogAppender: appendEntries Timeout, request=59afee6f-3342-47f6-8cd2-a67165187773->fc430ad7-c10f-4afd-84a3-4263b60fc3a5#121-t3, previous=(t:3, i:20), leaderCommit=16, initializing? false, entries: <empty>
2019-09-10 18:33:52,773 [java.util.concurrent.ThreadPoolExecutor$Worker@2fb8de94[State = -1, empty queue]] WARN  server.GrpcLogAppender (GrpcLogAppender.java:timeoutAppendRequest(200)) - 43b8dda0-1fac-498c-94e0-436a32ed8ccd@group-248F13D822B7->114338b4-3ae2-46b3-98b7-a583d2a0bf23-GrpcLogAppender: appendEntries Timeout, request=43b8dda0-1fac-498c-94e0-436a32ed8ccd->114338b4-3ae2-46b3-98b7-a583d2a0bf23#126-t2, previous=(t:2, i:20), leaderCommit=16, initializing? false, entries: <empty>
2019-09-10 18:33:52,773 [java.util.concurrent.ThreadPoolExecutor$Worker@7aeb99c5[State = -1, empty queue]] WARN  server.GrpcLogAppender (GrpcLogAppender.java:timeoutAppendRequest(200)) - 43b8dda0-1fac-498c-94e0-436a32ed8ccd@group-248F13D822B7->166d57fa-ec73-4a99-b6df-0ab3ad0d7909-GrpcLogAppender: appendEntries Timeout, request=43b8dda0-1fac-498c-94e0-436a32ed8ccd->166d57fa-ec73-4a99-b6df-0ab3ad0d7909#126-t2, previous=(t:2, i:20), leaderCommit=16, initializing? false, entries: <empty>
2019-09-10 18:33:52,872 [Thread-1314] INFO  impl.FollowerState (FollowerState.java:run(106)) - a5c56bc8-e609-4560-873f-c4715c8bfbf6:group-F10CA6FB56ED changes to CANDIDATE, lastRpcTime:1193, electionTimeout:1193ms
2019-09-10 18:33:52,872 [Thread-1314] INFO  impl.RoleInfo (RoleInfo.java:shutdownFollowerState(121)) - a5c56bc8-e609-4560-873f-c4715c8bfbf6: shutdown FollowerState
2019-09-10 18:33:52,872 [Thread-1314] INFO  impl.RaftServerImpl (RaftServerImpl.java:setRole(174)) - a5c56bc8-e609-4560-873f-c4715c8bfbf6@group-F10CA6FB56ED: changes role from  FOLLOWER to CANDIDATE at term 12 for changeToCandidate
2019-09-10 18:33:52,872 [Thread-1314] INFO  impl.RoleInfo (RoleInfo.java:updateAndGet(143)) - a5c56bc8-e609-4560-873f-c4715c8bfbf6: start LeaderElection
2019-09-10 18:33:52,901 [a5c56bc8-e609-4560-873f-c4715c8bfbf6@group-F10CA6FB56ED:LeaderElection38] INFO  impl.LeaderElection (LeaderElection.java:askForVotes(182)) - a5c56bc8-e609-4560-873f-c4715c8bfbf6@group-F10CA6FB56ED:LeaderElection38: begin an election at term 13 for 0: [7e7e06ff-ff15-4a73-bf67-b60124f5dbc2:192.168.5.139:37758, a5c56bc8-e609-4560-873f-c4715c8bfbf6:192.168.5.139:44770, dc34f224-6fe7-4a16-b3d0-41df1e51aada:192.168.5.139:40510], old=null
2019-09-10 18:33:52,903 [a5c56bc8-e609-4560-873f-c4715c8bfbf6@group-F10CA6FB56ED:LeaderElection38] INFO  impl.LeaderElection (LogUtils.java:infoOrTrace(149)) - a5c56bc8-e609-4560-873f-c4715c8bfbf6@group-F10CA6FB56ED:LeaderElection38 got exception when requesting votes: {}
java.util.concurrent.ExecutionException: org.apache.ratis.thirdparty.io.grpc.StatusRuntimeException: UNAVAILABLE: io exception
	at java.util.concurrent.FutureTask.report(FutureTask.java:122)
	at java.util.concurrent.FutureTask.get(FutureTask.java:192)
	at org.apache.ratis.server.impl.LeaderElection.waitForResults(LeaderElection.java:263)
	at org.apache.ratis.server.impl.LeaderElection.askForVotes(LeaderElection.java:201)
	at org.apache.ratis.server.impl.LeaderElection.run(LeaderElection.java:133)
	at java.lang.Thread.run(Thread.java:748)
Caused by: org.apache.ratis.thirdparty.io.grpc.StatusRuntimeException: UNAVAILABLE: io exception
	at org.apache.ratis.thirdparty.io.grpc.stub.ClientCalls.toStatusRuntimeException(ClientCalls.java:233)
	at org.apache.ratis.thirdparty.io.grpc.stub.ClientCalls.getUnchecked(ClientCalls.java:214)
	at org.apache.ratis.thirdparty.io.grpc.stub.ClientCalls.blockingUnaryCall(ClientCalls.java:139)
	at org.apache.ratis.proto.grpc.RaftServerProtocolServiceGrpc$RaftServerProtocolServiceBlockingStub.requestVote(RaftServerProtocolServiceGrpc.java:265)
	at org.apache.ratis.grpc.server.GrpcServerProtocolClient.requestVote(GrpcServerProtocolClient.java:90)
	at org.apache.ratis.grpc.server.GrpcService.requestVote(GrpcService.java:204)
	at org.apache.ratis.server.impl.LeaderElection.lambda$submitRequests$1(LeaderElection.java:238)
	at java.util.concurrent.FutureTask.run(FutureTask.java:266)
	at java.util.concurrent.Executors$RunnableAdapter.call(Executors.java:511)
	at java.util.concurrent.FutureTask.run(FutureTask.java:266)
	at java.util.concurrent.ThreadPoolExecutor.runWorker(ThreadPoolExecutor.java:1149)
	at java.util.concurrent.ThreadPoolExecutor$Worker.run(ThreadPoolExecutor.java:624)
	... 1 more
Caused by: org.apache.ratis.thirdparty.io.netty.channel.AbstractChannel$AnnotatedConnectException: Connection refused: /192.168.5.139:37758
	at sun.nio.ch.SocketChannelImpl.checkConnect(Native Method)
	at sun.nio.ch.SocketChannelImpl.finishConnect(SocketChannelImpl.java:717)
	at org.apache.ratis.thirdparty.io.netty.channel.socket.nio.NioSocketChannel.doFinishConnect(NioSocketChannel.java:327)
	at org.apache.ratis.thirdparty.io.netty.channel.nio.AbstractNioChannel$AbstractNioUnsafe.finishConnect(AbstractNioChannel.java:340)
	at org.apache.ratis.thirdparty.io.netty.channel.nio.NioEventLoop.processSelectedKey(NioEventLoop.java:632)
	at org.apache.ratis.thirdparty.io.netty.channel.nio.NioEventLoop.processSelectedKeysOptimized(NioEventLoop.java:579)
	at org.apache.ratis.thirdparty.io.netty.channel.nio.NioEventLoop.processSelectedKeys(NioEventLoop.java:496)
	at org.apache.ratis.thirdparty.io.netty.channel.nio.NioEventLoop.run(NioEventLoop.java:458)
	at org.apache.ratis.thirdparty.io.netty.util.concurrent.SingleThreadEventExecutor$5.run(SingleThreadEventExecutor.java:897)
	at org.apache.ratis.thirdparty.io.netty.util.concurrent.FastThreadLocalRunnable.run(FastThreadLocalRunnable.java:30)
	... 1 more
Caused by: java.net.ConnectException: Connection refused
	... 11 more
2019-09-10 18:33:52,907 [a5c56bc8-e609-4560-873f-c4715c8bfbf6@group-F10CA6FB56ED:LeaderElection38] INFO  impl.LeaderElection (LogUtils.java:infoOrTrace(149)) - a5c56bc8-e609-4560-873f-c4715c8bfbf6@group-F10CA6FB56ED:LeaderElection38 got exception when requesting votes: {}
java.util.concurrent.ExecutionException: org.apache.ratis.thirdparty.io.grpc.StatusRuntimeException: UNAVAILABLE: io exception
	at java.util.concurrent.FutureTask.report(FutureTask.java:122)
	at java.util.concurrent.FutureTask.get(FutureTask.java:192)
	at org.apache.ratis.server.impl.LeaderElection.waitForResults(LeaderElection.java:263)
	at org.apache.ratis.server.impl.LeaderElection.askForVotes(LeaderElection.java:201)
	at org.apache.ratis.server.impl.LeaderElection.run(LeaderElection.java:133)
	at java.lang.Thread.run(Thread.java:748)
Caused by: org.apache.ratis.thirdparty.io.grpc.StatusRuntimeException: UNAVAILABLE: io exception
	at org.apache.ratis.thirdparty.io.grpc.stub.ClientCalls.toStatusRuntimeException(ClientCalls.java:233)
	at org.apache.ratis.thirdparty.io.grpc.stub.ClientCalls.getUnchecked(ClientCalls.java:214)
	at org.apache.ratis.thirdparty.io.grpc.stub.ClientCalls.blockingUnaryCall(ClientCalls.java:139)
	at org.apache.ratis.proto.grpc.RaftServerProtocolServiceGrpc$RaftServerProtocolServiceBlockingStub.requestVote(RaftServerProtocolServiceGrpc.java:265)
	at org.apache.ratis.grpc.server.GrpcServerProtocolClient.requestVote(GrpcServerProtocolClient.java:90)
	at org.apache.ratis.grpc.server.GrpcService.requestVote(GrpcService.java:204)
	at org.apache.ratis.server.impl.LeaderElection.lambda$submitRequests$1(LeaderElection.java:238)
	at java.util.concurrent.FutureTask.run(FutureTask.java:266)
	at java.util.concurrent.Executors$RunnableAdapter.call(Executors.java:511)
	at java.util.concurrent.FutureTask.run(FutureTask.java:266)
	at java.util.concurrent.ThreadPoolExecutor.runWorker(ThreadPoolExecutor.java:1149)
	at java.util.concurrent.ThreadPoolExecutor$Worker.run(ThreadPoolExecutor.java:624)
	... 1 more
Caused by: org.apache.ratis.thirdparty.io.netty.channel.AbstractChannel$AnnotatedConnectException: Connection refused: /192.168.5.139:40510
	at sun.nio.ch.SocketChannelImpl.checkConnect(Native Method)
	at sun.nio.ch.SocketChannelImpl.finishConnect(SocketChannelImpl.java:717)
	at org.apache.ratis.thirdparty.io.netty.channel.socket.nio.NioSocketChannel.doFinishConnect(NioSocketChannel.java:327)
	at org.apache.ratis.thirdparty.io.netty.channel.nio.AbstractNioChannel$AbstractNioUnsafe.finishConnect(AbstractNioChannel.java:340)
	at org.apache.ratis.thirdparty.io.netty.channel.nio.NioEventLoop.processSelectedKey(NioEventLoop.java:632)
	at org.apache.ratis.thirdparty.io.netty.channel.nio.NioEventLoop.processSelectedKeysOptimized(NioEventLoop.java:579)
	at org.apache.ratis.thirdparty.io.netty.channel.nio.NioEventLoop.processSelectedKeys(NioEventLoop.java:496)
	at org.apache.ratis.thirdparty.io.netty.channel.nio.NioEventLoop.run(NioEventLoop.java:458)
	at org.apache.ratis.thirdparty.io.netty.util.concurrent.SingleThreadEventExecutor$5.run(SingleThreadEventExecutor.java:897)
	at org.apache.ratis.thirdparty.io.netty.util.concurrent.FastThreadLocalRunnable.run(FastThreadLocalRunnable.java:30)
	... 1 more
Caused by: java.net.ConnectException: Connection refused
	... 11 more
2019-09-10 18:33:52,910 [a5c56bc8-e609-4560-873f-c4715c8bfbf6@group-F10CA6FB56ED:LeaderElection38] INFO  impl.LeaderElection (LeaderElection.java:logAndReturn(56)) - a5c56bc8-e609-4560-873f-c4715c8bfbf6@group-F10CA6FB56ED:LeaderElection38: Election REJECTED; received 0 response(s) [] and 2 exception(s); a5c56bc8-e609-4560-873f-c4715c8bfbf6@group-F10CA6FB56ED:t13, leader=null, voted=a5c56bc8-e609-4560-873f-c4715c8bfbf6, raftlog=a5c56bc8-e609-4560-873f-c4715c8bfbf6@group-F10CA6FB56ED-SegmentedRaftLog:OPENED:c32,f32,i32, conf=0: [7e7e06ff-ff15-4a73-bf67-b60124f5dbc2:192.168.5.139:37758, a5c56bc8-e609-4560-873f-c4715c8bfbf6:192.168.5.139:44770, dc34f224-6fe7-4a16-b3d0-41df1e51aada:192.168.5.139:40510], old=null
2019-09-10 18:33:52,911 [a5c56bc8-e609-4560-873f-c4715c8bfbf6@group-F10CA6FB56ED:LeaderElection38] INFO  impl.LeaderElection (LogUtils.java:infoOrTrace(149)) -   Exception 0: {}
java.util.concurrent.ExecutionException: org.apache.ratis.thirdparty.io.grpc.StatusRuntimeException: UNAVAILABLE: io exception
	at java.util.concurrent.FutureTask.report(FutureTask.java:122)
	at java.util.concurrent.FutureTask.get(FutureTask.java:192)
	at org.apache.ratis.server.impl.LeaderElection.waitForResults(LeaderElection.java:263)
	at org.apache.ratis.server.impl.LeaderElection.askForVotes(LeaderElection.java:201)
	at org.apache.ratis.server.impl.LeaderElection.run(LeaderElection.java:133)
	at java.lang.Thread.run(Thread.java:748)
Caused by: org.apache.ratis.thirdparty.io.grpc.StatusRuntimeException: UNAVAILABLE: io exception
	at org.apache.ratis.thirdparty.io.grpc.stub.ClientCalls.toStatusRuntimeException(ClientCalls.java:233)
	at org.apache.ratis.thirdparty.io.grpc.stub.ClientCalls.getUnchecked(ClientCalls.java:214)
	at org.apache.ratis.thirdparty.io.grpc.stub.ClientCalls.blockingUnaryCall(ClientCalls.java:139)
	at org.apache.ratis.proto.grpc.RaftServerProtocolServiceGrpc$RaftServerProtocolServiceBlockingStub.requestVote(RaftServerProtocolServiceGrpc.java:265)
	at org.apache.ratis.grpc.server.GrpcServerProtocolClient.requestVote(GrpcServerProtocolClient.java:90)
	at org.apache.ratis.grpc.server.GrpcService.requestVote(GrpcService.java:204)
	at org.apache.ratis.server.impl.LeaderElection.lambda$submitRequests$1(LeaderElection.java:238)
	at java.util.concurrent.FutureTask.run(FutureTask.java:266)
	at java.util.concurrent.Executors$RunnableAdapter.call(Executors.java:511)
	at java.util.concurrent.FutureTask.run(FutureTask.java:266)
	at java.util.concurrent.ThreadPoolExecutor.runWorker(ThreadPoolExecutor.java:1149)
	at java.util.concurrent.ThreadPoolExecutor$Worker.run(ThreadPoolExecutor.java:624)
	... 1 more
Caused by: org.apache.ratis.thirdparty.io.netty.channel.AbstractChannel$AnnotatedConnectException: Connection refused: /192.168.5.139:37758
	at sun.nio.ch.SocketChannelImpl.checkConnect(Native Method)
	at sun.nio.ch.SocketChannelImpl.finishConnect(SocketChannelImpl.java:717)
	at org.apache.ratis.thirdparty.io.netty.channel.socket.nio.NioSocketChannel.doFinishConnect(NioSocketChannel.java:327)
	at org.apache.ratis.thirdparty.io.netty.channel.nio.AbstractNioChannel$AbstractNioUnsafe.finishConnect(AbstractNioChannel.java:340)
	at org.apache.ratis.thirdparty.io.netty.channel.nio.NioEventLoop.processSelectedKey(NioEventLoop.java:632)
	at org.apache.ratis.thirdparty.io.netty.channel.nio.NioEventLoop.processSelectedKeysOptimized(NioEventLoop.java:579)
	at org.apache.ratis.thirdparty.io.netty.channel.nio.NioEventLoop.processSelectedKeys(NioEventLoop.java:496)
	at org.apache.ratis.thirdparty.io.netty.channel.nio.NioEventLoop.run(NioEventLoop.java:458)
	at org.apache.ratis.thirdparty.io.netty.util.concurrent.SingleThreadEventExecutor$5.run(SingleThreadEventExecutor.java:897)
	at org.apache.ratis.thirdparty.io.netty.util.concurrent.FastThreadLocalRunnable.run(FastThreadLocalRunnable.java:30)
	... 1 more
Caused by: java.net.ConnectException: Connection refused
	... 11 more
2019-09-10 18:33:52,911 [a5c56bc8-e609-4560-873f-c4715c8bfbf6@group-F10CA6FB56ED:LeaderElection38] INFO  impl.LeaderElection (LogUtils.java:infoOrTrace(149)) -   Exception 1: {}
java.util.concurrent.ExecutionException: org.apache.ratis.thirdparty.io.grpc.StatusRuntimeException: UNAVAILABLE: io exception
	at java.util.concurrent.FutureTask.report(FutureTask.java:122)
	at java.util.concurrent.FutureTask.get(FutureTask.java:192)
	at org.apache.ratis.server.impl.LeaderElection.waitForResults(LeaderElection.java:263)
	at org.apache.ratis.server.impl.LeaderElection.askForVotes(LeaderElection.java:201)
	at org.apache.ratis.server.impl.LeaderElection.run(LeaderElection.java:133)
	at java.lang.Thread.run(Thread.java:748)
Caused by: org.apache.ratis.thirdparty.io.grpc.StatusRuntimeException: UNAVAILABLE: io exception
	at org.apache.ratis.thirdparty.io.grpc.stub.ClientCalls.toStatusRuntimeException(ClientCalls.java:233)
	at org.apache.ratis.thirdparty.io.grpc.stub.ClientCalls.getUnchecked(ClientCalls.java:214)
	at org.apache.ratis.thirdparty.io.grpc.stub.ClientCalls.blockingUnaryCall(ClientCalls.java:139)
	at org.apache.ratis.proto.grpc.RaftServerProtocolServiceGrpc$RaftServerProtocolServiceBlockingStub.requestVote(RaftServerProtocolServiceGrpc.java:265)
	at org.apache.ratis.grpc.server.GrpcServerProtocolClient.requestVote(GrpcServerProtocolClient.java:90)
	at org.apache.ratis.grpc.server.GrpcService.requestVote(GrpcService.java:204)
	at org.apache.ratis.server.impl.LeaderElection.lambda$submitRequests$1(LeaderElection.java:238)
	at java.util.concurrent.FutureTask.run(FutureTask.java:266)
	at java.util.concurrent.Executors$RunnableAdapter.call(Executors.java:511)
	at java.util.concurrent.FutureTask.run(FutureTask.java:266)
	at java.util.concurrent.ThreadPoolExecutor.runWorker(ThreadPoolExecutor.java:1149)
	at java.util.concurrent.ThreadPoolExecutor$Worker.run(ThreadPoolExecutor.java:624)
	... 1 more
Caused by: org.apache.ratis.thirdparty.io.netty.channel.AbstractChannel$AnnotatedConnectException: Connection refused: /192.168.5.139:40510
	at sun.nio.ch.SocketChannelImpl.checkConnect(Native Method)
	at sun.nio.ch.SocketChannelImpl.finishConnect(SocketChannelImpl.java:717)
	at org.apache.ratis.thirdparty.io.netty.channel.socket.nio.NioSocketChannel.doFinishConnect(NioSocketChannel.java:327)
	at org.apache.ratis.thirdparty.io.netty.channel.nio.AbstractNioChannel$AbstractNioUnsafe.finishConnect(AbstractNioChannel.java:340)
	at org.apache.ratis.thirdparty.io.netty.channel.nio.NioEventLoop.processSelectedKey(NioEventLoop.java:632)
	at org.apache.ratis.thirdparty.io.netty.channel.nio.NioEventLoop.processSelectedKeysOptimized(NioEventLoop.java:579)
	at org.apache.ratis.thirdparty.io.netty.channel.nio.NioEventLoop.processSelectedKeys(NioEventLoop.java:496)
	at org.apache.ratis.thirdparty.io.netty.channel.nio.NioEventLoop.run(NioEventLoop.java:458)
	at org.apache.ratis.thirdparty.io.netty.util.concurrent.SingleThreadEventExecutor$5.run(SingleThreadEventExecutor.java:897)
	at org.apache.ratis.thirdparty.io.netty.util.concurrent.FastThreadLocalRunnable.run(FastThreadLocalRunnable.java:30)
	... 1 more
Caused by: java.net.ConnectException: Connection refused
	... 11 more
2019-09-10 18:33:52,916 [a5c56bc8-e609-4560-873f-c4715c8bfbf6@group-F10CA6FB56ED:LeaderElection38] INFO  impl.RaftServerImpl (RaftServerImpl.java:setRole(174)) - a5c56bc8-e609-4560-873f-c4715c8bfbf6@group-F10CA6FB56ED: changes role from CANDIDATE to FOLLOWER at term 13 for DISCOVERED_A_NEW_TERM
2019-09-10 18:33:52,916 [a5c56bc8-e609-4560-873f-c4715c8bfbf6@group-F10CA6FB56ED:LeaderElection38] INFO  impl.RoleInfo (RoleInfo.java:shutdownLeaderElection(134)) - a5c56bc8-e609-4560-873f-c4715c8bfbf6: shutdown LeaderElection
2019-09-10 18:33:52,917 [a5c56bc8-e609-4560-873f-c4715c8bfbf6@group-F10CA6FB56ED:LeaderElection38] INFO  impl.RoleInfo (RoleInfo.java:updateAndGet(143)) - a5c56bc8-e609-4560-873f-c4715c8bfbf6: start FollowerState
2019-09-10 18:33:53,000 [java.util.concurrent.ThreadPoolExecutor$Worker@781538ae[State = -1, empty queue]] WARN  server.GrpcLogAppender (GrpcLogAppender.java:timeoutAppendRequest(200)) - 59afee6f-3342-47f6-8cd2-a67165187773@group-C790A911BCD5->fc430ad7-c10f-4afd-84a3-4263b60fc3a5-GrpcLogAppender: appendEntries Timeout, request=59afee6f-3342-47f6-8cd2-a67165187773->fc430ad7-c10f-4afd-84a3-4263b60fc3a5#122-t3, previous=(t:3, i:20), leaderCommit=16, initializing? false, entries: <empty>
2019-09-10 18:33:53,003 [java.util.concurrent.ThreadPoolExecutor$Worker@2130bf45[State = -1, empty queue]] WARN  server.GrpcLogAppender (GrpcLogAppender.java:timeoutAppendRequest(200)) - 59afee6f-3342-47f6-8cd2-a67165187773@group-C790A911BCD5->f9c92805-78f9-4aa2-ad11-0f5c06c060e3-GrpcLogAppender: appendEntries Timeout, request=59afee6f-3342-47f6-8cd2-a67165187773->f9c92805-78f9-4aa2-ad11-0f5c06c060e3#122-t3, previous=(t:3, i:20), leaderCommit=16, initializing? false, entries: <empty>
2019-09-10 18:33:53,274 [java.util.concurrent.ThreadPoolExecutor$Worker@7aeb99c5[State = -1, empty queue]] WARN  server.GrpcLogAppender (GrpcLogAppender.java:timeoutAppendRequest(200)) - 43b8dda0-1fac-498c-94e0-436a32ed8ccd@group-248F13D822B7->166d57fa-ec73-4a99-b6df-0ab3ad0d7909-GrpcLogAppender: appendEntries Timeout, request=43b8dda0-1fac-498c-94e0-436a32ed8ccd->166d57fa-ec73-4a99-b6df-0ab3ad0d7909#127-t2, previous=(t:2, i:20), leaderCommit=16, initializing? false, entries: <empty>
2019-09-10 18:33:53,274 [java.util.concurrent.ThreadPoolExecutor$Worker@2fb8de94[State = -1, empty queue]] WARN  server.GrpcLogAppender (GrpcLogAppender.java:timeoutAppendRequest(200)) - 43b8dda0-1fac-498c-94e0-436a32ed8ccd@group-248F13D822B7->114338b4-3ae2-46b3-98b7-a583d2a0bf23-GrpcLogAppender: appendEntries Timeout, request=43b8dda0-1fac-498c-94e0-436a32ed8ccd->114338b4-3ae2-46b3-98b7-a583d2a0bf23#127-t2, previous=(t:2, i:20), leaderCommit=16, initializing? false, entries: <empty>
2019-09-10 18:33:53,500 [java.util.concurrent.ThreadPoolExecutor$Worker@2130bf45[State = -1, empty queue]] WARN  server.GrpcLogAppender (GrpcLogAppender.java:timeoutAppendRequest(200)) - 59afee6f-3342-47f6-8cd2-a67165187773@group-C790A911BCD5->f9c92805-78f9-4aa2-ad11-0f5c06c060e3-GrpcLogAppender: appendEntries Timeout, request=59afee6f-3342-47f6-8cd2-a67165187773->f9c92805-78f9-4aa2-ad11-0f5c06c060e3#123-t3, previous=(t:3, i:20), leaderCommit=16, initializing? false, entries: <empty>
2019-09-10 18:33:53,500 [java.util.concurrent.ThreadPoolExecutor$Worker@781538ae[State = -1, empty queue]] WARN  server.GrpcLogAppender (GrpcLogAppender.java:timeoutAppendRequest(200)) - 59afee6f-3342-47f6-8cd2-a67165187773@group-C790A911BCD5->fc430ad7-c10f-4afd-84a3-4263b60fc3a5-GrpcLogAppender: appendEntries Timeout, request=59afee6f-3342-47f6-8cd2-a67165187773->fc430ad7-c10f-4afd-84a3-4263b60fc3a5#123-t3, previous=(t:3, i:20), leaderCommit=16, initializing? false, entries: <empty>
2019-09-10 18:33:53,774 [java.util.concurrent.ThreadPoolExecutor$Worker@2fb8de94[State = -1, empty queue]] WARN  server.GrpcLogAppender (GrpcLogAppender.java:timeoutAppendRequest(200)) - 43b8dda0-1fac-498c-94e0-436a32ed8ccd@group-248F13D822B7->114338b4-3ae2-46b3-98b7-a583d2a0bf23-GrpcLogAppender: appendEntries Timeout, request=43b8dda0-1fac-498c-94e0-436a32ed8ccd->114338b4-3ae2-46b3-98b7-a583d2a0bf23#128-t2, previous=(t:2, i:20), leaderCommit=16, initializing? false, entries: <empty>
2019-09-10 18:33:53,774 [java.util.concurrent.ThreadPoolExecutor$Worker@7aeb99c5[State = -1, empty queue]] WARN  server.GrpcLogAppender (GrpcLogAppender.java:timeoutAppendRequest(200)) - 43b8dda0-1fac-498c-94e0-436a32ed8ccd@group-248F13D822B7->166d57fa-ec73-4a99-b6df-0ab3ad0d7909-GrpcLogAppender: appendEntries Timeout, request=43b8dda0-1fac-498c-94e0-436a32ed8ccd->166d57fa-ec73-4a99-b6df-0ab3ad0d7909#128-t2, previous=(t:2, i:20), leaderCommit=16, initializing? false, entries: <empty>
2019-09-10 18:33:54,000 [java.util.concurrent.ThreadPoolExecutor$Worker@2130bf45[State = -1, empty queue]] WARN  server.GrpcLogAppender (GrpcLogAppender.java:timeoutAppendRequest(200)) - 59afee6f-3342-47f6-8cd2-a67165187773@group-C790A911BCD5->f9c92805-78f9-4aa2-ad11-0f5c06c060e3-GrpcLogAppender: appendEntries Timeout, request=59afee6f-3342-47f6-8cd2-a67165187773->f9c92805-78f9-4aa2-ad11-0f5c06c060e3#124-t3, previous=(t:3, i:20), leaderCommit=16, initializing? false, entries: <empty>
2019-09-10 18:33:54,000 [java.util.concurrent.ThreadPoolExecutor$Worker@781538ae[State = -1, empty queue]] WARN  server.GrpcLogAppender (GrpcLogAppender.java:timeoutAppendRequest(200)) - 59afee6f-3342-47f6-8cd2-a67165187773@group-C790A911BCD5->fc430ad7-c10f-4afd-84a3-4263b60fc3a5-GrpcLogAppender: appendEntries Timeout, request=59afee6f-3342-47f6-8cd2-a67165187773->fc430ad7-c10f-4afd-84a3-4263b60fc3a5#124-t3, previous=(t:3, i:20), leaderCommit=16, initializing? false, entries: <empty>
2019-09-10 18:33:54,075 [Thread-1328] INFO  impl.FollowerState (FollowerState.java:run(106)) - a5c56bc8-e609-4560-873f-c4715c8bfbf6:group-F10CA6FB56ED changes to CANDIDATE, lastRpcTime:1158, electionTimeout:1158ms
2019-09-10 18:33:54,075 [Thread-1328] INFO  impl.RoleInfo (RoleInfo.java:shutdownFollowerState(121)) - a5c56bc8-e609-4560-873f-c4715c8bfbf6: shutdown FollowerState
2019-09-10 18:33:54,076 [Thread-1328] INFO  impl.RaftServerImpl (RaftServerImpl.java:setRole(174)) - a5c56bc8-e609-4560-873f-c4715c8bfbf6@group-F10CA6FB56ED: changes role from  FOLLOWER to CANDIDATE at term 13 for changeToCandidate
2019-09-10 18:33:54,076 [Thread-1328] INFO  impl.RoleInfo (RoleInfo.java:updateAndGet(143)) - a5c56bc8-e609-4560-873f-c4715c8bfbf6: start LeaderElection
2019-09-10 18:33:54,104 [a5c56bc8-e609-4560-873f-c4715c8bfbf6@group-F10CA6FB56ED:LeaderElection39] INFO  impl.LeaderElection (LeaderElection.java:askForVotes(182)) - a5c56bc8-e609-4560-873f-c4715c8bfbf6@group-F10CA6FB56ED:LeaderElection39: begin an election at term 14 for 0: [7e7e06ff-ff15-4a73-bf67-b60124f5dbc2:192.168.5.139:37758, a5c56bc8-e609-4560-873f-c4715c8bfbf6:192.168.5.139:44770, dc34f224-6fe7-4a16-b3d0-41df1e51aada:192.168.5.139:40510], old=null
2019-09-10 18:33:54,105 [a5c56bc8-e609-4560-873f-c4715c8bfbf6@group-F10CA6FB56ED:LeaderElection39] INFO  impl.LeaderElection (LogUtils.java:infoOrTrace(149)) - a5c56bc8-e609-4560-873f-c4715c8bfbf6@group-F10CA6FB56ED:LeaderElection39 got exception when requesting votes: {}
java.util.concurrent.ExecutionException: org.apache.ratis.thirdparty.io.grpc.StatusRuntimeException: UNAVAILABLE: io exception
	at java.util.concurrent.FutureTask.report(FutureTask.java:122)
	at java.util.concurrent.FutureTask.get(FutureTask.java:192)
	at org.apache.ratis.server.impl.LeaderElection.waitForResults(LeaderElection.java:263)
	at org.apache.ratis.server.impl.LeaderElection.askForVotes(LeaderElection.java:201)
	at org.apache.ratis.server.impl.LeaderElection.run(LeaderElection.java:133)
	at java.lang.Thread.run(Thread.java:748)
Caused by: org.apache.ratis.thirdparty.io.grpc.StatusRuntimeException: UNAVAILABLE: io exception
	at org.apache.ratis.thirdparty.io.grpc.stub.ClientCalls.toStatusRuntimeException(ClientCalls.java:233)
	at org.apache.ratis.thirdparty.io.grpc.stub.ClientCalls.getUnchecked(ClientCalls.java:214)
	at org.apache.ratis.thirdparty.io.grpc.stub.ClientCalls.blockingUnaryCall(ClientCalls.java:139)
	at org.apache.ratis.proto.grpc.RaftServerProtocolServiceGrpc$RaftServerProtocolServiceBlockingStub.requestVote(RaftServerProtocolServiceGrpc.java:265)
	at org.apache.ratis.grpc.server.GrpcServerProtocolClient.requestVote(GrpcServerProtocolClient.java:90)
	at org.apache.ratis.grpc.server.GrpcService.requestVote(GrpcService.java:204)
	at org.apache.ratis.server.impl.LeaderElection.lambda$submitRequests$1(LeaderElection.java:238)
	at java.util.concurrent.FutureTask.run(FutureTask.java:266)
	at java.util.concurrent.Executors$RunnableAdapter.call(Executors.java:511)
	at java.util.concurrent.FutureTask.run(FutureTask.java:266)
	at java.util.concurrent.ThreadPoolExecutor.runWorker(ThreadPoolExecutor.java:1149)
	at java.util.concurrent.ThreadPoolExecutor$Worker.run(ThreadPoolExecutor.java:624)
	... 1 more
Caused by: org.apache.ratis.thirdparty.io.netty.channel.AbstractChannel$AnnotatedConnectException: Connection refused: /192.168.5.139:37758
	at sun.nio.ch.SocketChannelImpl.checkConnect(Native Method)
	at sun.nio.ch.SocketChannelImpl.finishConnect(SocketChannelImpl.java:717)
	at org.apache.ratis.thirdparty.io.netty.channel.socket.nio.NioSocketChannel.doFinishConnect(NioSocketChannel.java:327)
	at org.apache.ratis.thirdparty.io.netty.channel.nio.AbstractNioChannel$AbstractNioUnsafe.finishConnect(AbstractNioChannel.java:340)
	at org.apache.ratis.thirdparty.io.netty.channel.nio.NioEventLoop.processSelectedKey(NioEventLoop.java:632)
	at org.apache.ratis.thirdparty.io.netty.channel.nio.NioEventLoop.processSelectedKeysOptimized(NioEventLoop.java:579)
	at org.apache.ratis.thirdparty.io.netty.channel.nio.NioEventLoop.processSelectedKeys(NioEventLoop.java:496)
	at org.apache.ratis.thirdparty.io.netty.channel.nio.NioEventLoop.run(NioEventLoop.java:458)
	at org.apache.ratis.thirdparty.io.netty.util.concurrent.SingleThreadEventExecutor$5.run(SingleThreadEventExecutor.java:897)
	at org.apache.ratis.thirdparty.io.netty.util.concurrent.FastThreadLocalRunnable.run(FastThreadLocalRunnable.java:30)
	... 1 more
Caused by: java.net.ConnectException: Connection refused
	... 11 more
2019-09-10 18:33:54,107 [a5c56bc8-e609-4560-873f-c4715c8bfbf6@group-F10CA6FB56ED:LeaderElection39] INFO  impl.LeaderElection (LogUtils.java:infoOrTrace(149)) - a5c56bc8-e609-4560-873f-c4715c8bfbf6@group-F10CA6FB56ED:LeaderElection39 got exception when requesting votes: {}
java.util.concurrent.ExecutionException: org.apache.ratis.thirdparty.io.grpc.StatusRuntimeException: UNAVAILABLE: io exception
	at java.util.concurrent.FutureTask.report(FutureTask.java:122)
	at java.util.concurrent.FutureTask.get(FutureTask.java:192)
	at org.apache.ratis.server.impl.LeaderElection.waitForResults(LeaderElection.java:263)
	at org.apache.ratis.server.impl.LeaderElection.askForVotes(LeaderElection.java:201)
	at org.apache.ratis.server.impl.LeaderElection.run(LeaderElection.java:133)
	at java.lang.Thread.run(Thread.java:748)
Caused by: org.apache.ratis.thirdparty.io.grpc.StatusRuntimeException: UNAVAILABLE: io exception
	at org.apache.ratis.thirdparty.io.grpc.stub.ClientCalls.toStatusRuntimeException(ClientCalls.java:233)
	at org.apache.ratis.thirdparty.io.grpc.stub.ClientCalls.getUnchecked(ClientCalls.java:214)
	at org.apache.ratis.thirdparty.io.grpc.stub.ClientCalls.blockingUnaryCall(ClientCalls.java:139)
	at org.apache.ratis.proto.grpc.RaftServerProtocolServiceGrpc$RaftServerProtocolServiceBlockingStub.requestVote(RaftServerProtocolServiceGrpc.java:265)
	at org.apache.ratis.grpc.server.GrpcServerProtocolClient.requestVote(GrpcServerProtocolClient.java:90)
	at org.apache.ratis.grpc.server.GrpcService.requestVote(GrpcService.java:204)
	at org.apache.ratis.server.impl.LeaderElection.lambda$submitRequests$1(LeaderElection.java:238)
	at java.util.concurrent.FutureTask.run(FutureTask.java:266)
	at java.util.concurrent.Executors$RunnableAdapter.call(Executors.java:511)
	at java.util.concurrent.FutureTask.run(FutureTask.java:266)
	at java.util.concurrent.ThreadPoolExecutor.runWorker(ThreadPoolExecutor.java:1149)
	at java.util.concurrent.ThreadPoolExecutor$Worker.run(ThreadPoolExecutor.java:624)
	... 1 more
Caused by: org.apache.ratis.thirdparty.io.netty.channel.AbstractChannel$AnnotatedConnectException: Connection refused: /192.168.5.139:40510
	at sun.nio.ch.SocketChannelImpl.checkConnect(Native Method)
	at sun.nio.ch.SocketChannelImpl.finishConnect(SocketChannelImpl.java:717)
	at org.apache.ratis.thirdparty.io.netty.channel.socket.nio.NioSocketChannel.doFinishConnect(NioSocketChannel.java:327)
	at org.apache.ratis.thirdparty.io.netty.channel.nio.AbstractNioChannel$AbstractNioUnsafe.finishConnect(AbstractNioChannel.java:340)
	at org.apache.ratis.thirdparty.io.netty.channel.nio.NioEventLoop.processSelectedKey(NioEventLoop.java:632)
	at org.apache.ratis.thirdparty.io.netty.channel.nio.NioEventLoop.processSelectedKeysOptimized(NioEventLoop.java:579)
	at org.apache.ratis.thirdparty.io.netty.channel.nio.NioEventLoop.processSelectedKeys(NioEventLoop.java:496)
	at org.apache.ratis.thirdparty.io.netty.channel.nio.NioEventLoop.run(NioEventLoop.java:458)
	at org.apache.ratis.thirdparty.io.netty.util.concurrent.SingleThreadEventExecutor$5.run(SingleThreadEventExecutor.java:897)
	at org.apache.ratis.thirdparty.io.netty.util.concurrent.FastThreadLocalRunnable.run(FastThreadLocalRunnable.java:30)
	... 1 more
Caused by: java.net.ConnectException: Connection refused
	... 11 more
2019-09-10 18:33:54,109 [a5c56bc8-e609-4560-873f-c4715c8bfbf6@group-F10CA6FB56ED:LeaderElection39] INFO  impl.LeaderElection (LeaderElection.java:logAndReturn(56)) - a5c56bc8-e609-4560-873f-c4715c8bfbf6@group-F10CA6FB56ED:LeaderElection39: Election REJECTED; received 0 response(s) [] and 2 exception(s); a5c56bc8-e609-4560-873f-c4715c8bfbf6@group-F10CA6FB56ED:t14, leader=null, voted=a5c56bc8-e609-4560-873f-c4715c8bfbf6, raftlog=a5c56bc8-e609-4560-873f-c4715c8bfbf6@group-F10CA6FB56ED-SegmentedRaftLog:OPENED:c32,f32,i32, conf=0: [7e7e06ff-ff15-4a73-bf67-b60124f5dbc2:192.168.5.139:37758, a5c56bc8-e609-4560-873f-c4715c8bfbf6:192.168.5.139:44770, dc34f224-6fe7-4a16-b3d0-41df1e51aada:192.168.5.139:40510], old=null
2019-09-10 18:33:54,109 [a5c56bc8-e609-4560-873f-c4715c8bfbf6@group-F10CA6FB56ED:LeaderElection39] INFO  impl.LeaderElection (LogUtils.java:infoOrTrace(149)) -   Exception 0: {}
java.util.concurrent.ExecutionException: org.apache.ratis.thirdparty.io.grpc.StatusRuntimeException: UNAVAILABLE: io exception
	at java.util.concurrent.FutureTask.report(FutureTask.java:122)
	at java.util.concurrent.FutureTask.get(FutureTask.java:192)
	at org.apache.ratis.server.impl.LeaderElection.waitForResults(LeaderElection.java:263)
	at org.apache.ratis.server.impl.LeaderElection.askForVotes(LeaderElection.java:201)
	at org.apache.ratis.server.impl.LeaderElection.run(LeaderElection.java:133)
	at java.lang.Thread.run(Thread.java:748)
Caused by: org.apache.ratis.thirdparty.io.grpc.StatusRuntimeException: UNAVAILABLE: io exception
	at org.apache.ratis.thirdparty.io.grpc.stub.ClientCalls.toStatusRuntimeException(ClientCalls.java:233)
	at org.apache.ratis.thirdparty.io.grpc.stub.ClientCalls.getUnchecked(ClientCalls.java:214)
	at org.apache.ratis.thirdparty.io.grpc.stub.ClientCalls.blockingUnaryCall(ClientCalls.java:139)
	at org.apache.ratis.proto.grpc.RaftServerProtocolServiceGrpc$RaftServerProtocolServiceBlockingStub.requestVote(RaftServerProtocolServiceGrpc.java:265)
	at org.apache.ratis.grpc.server.GrpcServerProtocolClient.requestVote(GrpcServerProtocolClient.java:90)
	at org.apache.ratis.grpc.server.GrpcService.requestVote(GrpcService.java:204)
	at org.apache.ratis.server.impl.LeaderElection.lambda$submitRequests$1(LeaderElection.java:238)
	at java.util.concurrent.FutureTask.run(FutureTask.java:266)
	at java.util.concurrent.Executors$RunnableAdapter.call(Executors.java:511)
	at java.util.concurrent.FutureTask.run(FutureTask.java:266)
	at java.util.concurrent.ThreadPoolExecutor.runWorker(ThreadPoolExecutor.java:1149)
	at java.util.concurrent.ThreadPoolExecutor$Worker.run(ThreadPoolExecutor.java:624)
	... 1 more
Caused by: org.apache.ratis.thirdparty.io.netty.channel.AbstractChannel$AnnotatedConnectException: Connection refused: /192.168.5.139:37758
	at sun.nio.ch.SocketChannelImpl.checkConnect(Native Method)
	at sun.nio.ch.SocketChannelImpl.finishConnect(SocketChannelImpl.java:717)
	at org.apache.ratis.thirdparty.io.netty.channel.socket.nio.NioSocketChannel.doFinishConnect(NioSocketChannel.java:327)
	at org.apache.ratis.thirdparty.io.netty.channel.nio.AbstractNioChannel$AbstractNioUnsafe.finishConnect(AbstractNioChannel.java:340)
	at org.apache.ratis.thirdparty.io.netty.channel.nio.NioEventLoop.processSelectedKey(NioEventLoop.java:632)
	at org.apache.ratis.thirdparty.io.netty.channel.nio.NioEventLoop.processSelectedKeysOptimized(NioEventLoop.java:579)
	at org.apache.ratis.thirdparty.io.netty.channel.nio.NioEventLoop.processSelectedKeys(NioEventLoop.java:496)
	at org.apache.ratis.thirdparty.io.netty.channel.nio.NioEventLoop.run(NioEventLoop.java:458)
	at org.apache.ratis.thirdparty.io.netty.util.concurrent.SingleThreadEventExecutor$5.run(SingleThreadEventExecutor.java:897)
	at org.apache.ratis.thirdparty.io.netty.util.concurrent.FastThreadLocalRunnable.run(FastThreadLocalRunnable.java:30)
	... 1 more
Caused by: java.net.ConnectException: Connection refused
	... 11 more
2019-09-10 18:33:54,110 [a5c56bc8-e609-4560-873f-c4715c8bfbf6@group-F10CA6FB56ED:LeaderElection39] INFO  impl.LeaderElection (LogUtils.java:infoOrTrace(149)) -   Exception 1: {}
java.util.concurrent.ExecutionException: org.apache.ratis.thirdparty.io.grpc.StatusRuntimeException: UNAVAILABLE: io exception
	at java.util.concurrent.FutureTask.report(FutureTask.java:122)
	at java.util.concurrent.FutureTask.get(FutureTask.java:192)
	at org.apache.ratis.server.impl.LeaderElection.waitForResults(LeaderElection.java:263)
	at org.apache.ratis.server.impl.LeaderElection.askForVotes(LeaderElection.java:201)
	at org.apache.ratis.server.impl.LeaderElection.run(LeaderElection.java:133)
	at java.lang.Thread.run(Thread.java:748)
Caused by: org.apache.ratis.thirdparty.io.grpc.StatusRuntimeException: UNAVAILABLE: io exception
	at org.apache.ratis.thirdparty.io.grpc.stub.ClientCalls.toStatusRuntimeException(ClientCalls.java:233)
	at org.apache.ratis.thirdparty.io.grpc.stub.ClientCalls.getUnchecked(ClientCalls.java:214)
	at org.apache.ratis.thirdparty.io.grpc.stub.ClientCalls.blockingUnaryCall(ClientCalls.java:139)
	at org.apache.ratis.proto.grpc.RaftServerProtocolServiceGrpc$RaftServerProtocolServiceBlockingStub.requestVote(RaftServerProtocolServiceGrpc.java:265)
	at org.apache.ratis.grpc.server.GrpcServerProtocolClient.requestVote(GrpcServerProtocolClient.java:90)
	at org.apache.ratis.grpc.server.GrpcService.requestVote(GrpcService.java:204)
	at org.apache.ratis.server.impl.LeaderElection.lambda$submitRequests$1(LeaderElection.java:238)
	at java.util.concurrent.FutureTask.run(FutureTask.java:266)
	at java.util.concurrent.Executors$RunnableAdapter.call(Executors.java:511)
	at java.util.concurrent.FutureTask.run(FutureTask.java:266)
	at java.util.concurrent.ThreadPoolExecutor.runWorker(ThreadPoolExecutor.java:1149)
	at java.util.concurrent.ThreadPoolExecutor$Worker.run(ThreadPoolExecutor.java:624)
	... 1 more
Caused by: org.apache.ratis.thirdparty.io.netty.channel.AbstractChannel$AnnotatedConnectException: Connection refused: /192.168.5.139:40510
	at sun.nio.ch.SocketChannelImpl.checkConnect(Native Method)
	at sun.nio.ch.SocketChannelImpl.finishConnect(SocketChannelImpl.java:717)
	at org.apache.ratis.thirdparty.io.netty.channel.socket.nio.NioSocketChannel.doFinishConnect(NioSocketChannel.java:327)
	at org.apache.ratis.thirdparty.io.netty.channel.nio.AbstractNioChannel$AbstractNioUnsafe.finishConnect(AbstractNioChannel.java:340)
	at org.apache.ratis.thirdparty.io.netty.channel.nio.NioEventLoop.processSelectedKey(NioEventLoop.java:632)
	at org.apache.ratis.thirdparty.io.netty.channel.nio.NioEventLoop.processSelectedKeysOptimized(NioEventLoop.java:579)
	at org.apache.ratis.thirdparty.io.netty.channel.nio.NioEventLoop.processSelectedKeys(NioEventLoop.java:496)
	at org.apache.ratis.thirdparty.io.netty.channel.nio.NioEventLoop.run(NioEventLoop.java:458)
	at org.apache.ratis.thirdparty.io.netty.util.concurrent.SingleThreadEventExecutor$5.run(SingleThreadEventExecutor.java:897)
	at org.apache.ratis.thirdparty.io.netty.util.concurrent.FastThreadLocalRunnable.run(FastThreadLocalRunnable.java:30)
	... 1 more
Caused by: java.net.ConnectException: Connection refused
	... 11 more
2019-09-10 18:33:54,110 [a5c56bc8-e609-4560-873f-c4715c8bfbf6@group-F10CA6FB56ED:LeaderElection39] INFO  impl.RaftServerImpl (RaftServerImpl.java:setRole(174)) - a5c56bc8-e609-4560-873f-c4715c8bfbf6@group-F10CA6FB56ED: changes role from CANDIDATE to FOLLOWER at term 14 for DISCOVERED_A_NEW_TERM
2019-09-10 18:33:54,110 [a5c56bc8-e609-4560-873f-c4715c8bfbf6@group-F10CA6FB56ED:LeaderElection39] INFO  impl.RoleInfo (RoleInfo.java:shutdownLeaderElection(134)) - a5c56bc8-e609-4560-873f-c4715c8bfbf6: shutdown LeaderElection
2019-09-10 18:33:54,110 [a5c56bc8-e609-4560-873f-c4715c8bfbf6@group-F10CA6FB56ED:LeaderElection39] INFO  impl.RoleInfo (RoleInfo.java:updateAndGet(143)) - a5c56bc8-e609-4560-873f-c4715c8bfbf6: start FollowerState
2019-09-10 18:33:54,274 [java.util.concurrent.ThreadPoolExecutor$Worker@2fb8de94[State = -1, empty queue]] WARN  server.GrpcLogAppender (GrpcLogAppender.java:timeoutAppendRequest(200)) - 43b8dda0-1fac-498c-94e0-436a32ed8ccd@group-248F13D822B7->114338b4-3ae2-46b3-98b7-a583d2a0bf23-GrpcLogAppender: appendEntries Timeout, request=43b8dda0-1fac-498c-94e0-436a32ed8ccd->114338b4-3ae2-46b3-98b7-a583d2a0bf23#129-t2, previous=(t:2, i:20), leaderCommit=16, initializing? false, entries: <empty>
2019-09-10 18:33:54,274 [java.util.concurrent.ThreadPoolExecutor$Worker@7aeb99c5[State = -1, empty queue]] WARN  server.GrpcLogAppender (GrpcLogAppender.java:timeoutAppendRequest(200)) - 43b8dda0-1fac-498c-94e0-436a32ed8ccd@group-248F13D822B7->166d57fa-ec73-4a99-b6df-0ab3ad0d7909-GrpcLogAppender: appendEntries Timeout, request=43b8dda0-1fac-498c-94e0-436a32ed8ccd->166d57fa-ec73-4a99-b6df-0ab3ad0d7909#129-t2, previous=(t:2, i:20), leaderCommit=16, initializing? false, entries: <empty>
2019-09-10 18:33:54,501 [java.util.concurrent.ThreadPoolExecutor$Worker@781538ae[State = -1, empty queue]] WARN  server.GrpcLogAppender (GrpcLogAppender.java:timeoutAppendRequest(200)) - 59afee6f-3342-47f6-8cd2-a67165187773@group-C790A911BCD5->fc430ad7-c10f-4afd-84a3-4263b60fc3a5-GrpcLogAppender: appendEntries Timeout, request=59afee6f-3342-47f6-8cd2-a67165187773->fc430ad7-c10f-4afd-84a3-4263b60fc3a5#125-t3, previous=(t:3, i:20), leaderCommit=16, initializing? false, entries: <empty>
2019-09-10 18:33:54,501 [java.util.concurrent.ThreadPoolExecutor$Worker@2130bf45[State = -1, empty queue]] WARN  server.GrpcLogAppender (GrpcLogAppender.java:timeoutAppendRequest(200)) - 59afee6f-3342-47f6-8cd2-a67165187773@group-C790A911BCD5->f9c92805-78f9-4aa2-ad11-0f5c06c060e3-GrpcLogAppender: appendEntries Timeout, request=59afee6f-3342-47f6-8cd2-a67165187773->f9c92805-78f9-4aa2-ad11-0f5c06c060e3#125-t3, previous=(t:3, i:20), leaderCommit=16, initializing? false, entries: <empty>
2019-09-10 18:33:54,777 [java.util.concurrent.ThreadPoolExecutor$Worker@7aeb99c5[State = -1, empty queue]] WARN  server.GrpcLogAppender (GrpcLogAppender.java:timeoutAppendRequest(200)) - 43b8dda0-1fac-498c-94e0-436a32ed8ccd@group-248F13D822B7->166d57fa-ec73-4a99-b6df-0ab3ad0d7909-GrpcLogAppender: appendEntries Timeout, request=43b8dda0-1fac-498c-94e0-436a32ed8ccd->166d57fa-ec73-4a99-b6df-0ab3ad0d7909#130-t2, previous=(t:2, i:20), leaderCommit=16, initializing? false, entries: <empty>
2019-09-10 18:33:54,777 [java.util.concurrent.ThreadPoolExecutor$Worker@2fb8de94[State = -1, empty queue]] WARN  server.GrpcLogAppender (GrpcLogAppender.java:timeoutAppendRequest(200)) - 43b8dda0-1fac-498c-94e0-436a32ed8ccd@group-248F13D822B7->114338b4-3ae2-46b3-98b7-a583d2a0bf23-GrpcLogAppender: appendEntries Timeout, request=43b8dda0-1fac-498c-94e0-436a32ed8ccd->114338b4-3ae2-46b3-98b7-a583d2a0bf23#130-t2, previous=(t:2, i:20), leaderCommit=16, initializing? false, entries: <empty>
2019-09-10 18:33:54,850 [grpc-default-executor-0] INFO  client.GrpcClientProtocolClient (GrpcClientProtocolClient.java:onNext(264)) - client-35727EB443AA->114338b4-3ae2-46b3-98b7-a583d2a0bf23: receive RaftClientReply:client-35727EB443AA->114338b4-3ae2-46b3-98b7-a583d2a0bf23@group-248F13D822B7, cid=63, FAILED org.apache.ratis.protocol.NotLeaderException: Server 114338b4-3ae2-46b3-98b7-a583d2a0bf23@group-248F13D822B7 is not the leader 43b8dda0-1fac-498c-94e0-436a32ed8ccd:192.168.5.139:45091, logIndex=0, commits[114338b4-3ae2-46b3-98b7-a583d2a0bf23:c16, 43b8dda0-1fac-498c-94e0-436a32ed8ccd:c16, 166d57fa-ec73-4a99-b6df-0ab3ad0d7909:c14]
2019-09-10 18:33:55,001 [java.util.concurrent.ThreadPoolExecutor$Worker@781538ae[State = -1, empty queue]] WARN  server.GrpcLogAppender (GrpcLogAppender.java:timeoutAppendRequest(200)) - 59afee6f-3342-47f6-8cd2-a67165187773@group-C790A911BCD5->fc430ad7-c10f-4afd-84a3-4263b60fc3a5-GrpcLogAppender: appendEntries Timeout, request=59afee6f-3342-47f6-8cd2-a67165187773->fc430ad7-c10f-4afd-84a3-4263b60fc3a5#126-t3, previous=(t:3, i:20), leaderCommit=16, initializing? false, entries: <empty>
2019-09-10 18:33:55,001 [java.util.concurrent.ThreadPoolExecutor$Worker@2130bf45[State = -1, empty queue]] WARN  server.GrpcLogAppender (GrpcLogAppender.java:timeoutAppendRequest(200)) - 59afee6f-3342-47f6-8cd2-a67165187773@group-C790A911BCD5->f9c92805-78f9-4aa2-ad11-0f5c06c060e3-GrpcLogAppender: appendEntries Timeout, request=59afee6f-3342-47f6-8cd2-a67165187773->f9c92805-78f9-4aa2-ad11-0f5c06c060e3#126-t3, previous=(t:3, i:20), leaderCommit=16, initializing? false, entries: <empty>
2019-09-10 18:33:55,243 [Thread-1342] INFO  impl.FollowerState (FollowerState.java:run(106)) - a5c56bc8-e609-4560-873f-c4715c8bfbf6:group-F10CA6FB56ED changes to CANDIDATE, lastRpcTime:1132, electionTimeout:1132ms
2019-09-10 18:33:55,243 [Thread-1342] INFO  impl.RoleInfo (RoleInfo.java:shutdownFollowerState(121)) - a5c56bc8-e609-4560-873f-c4715c8bfbf6: shutdown FollowerState
2019-09-10 18:33:55,244 [Thread-1342] INFO  impl.RaftServerImpl (RaftServerImpl.java:setRole(174)) - a5c56bc8-e609-4560-873f-c4715c8bfbf6@group-F10CA6FB56ED: changes role from  FOLLOWER to CANDIDATE at term 14 for changeToCandidate
2019-09-10 18:33:55,244 [Thread-1342] INFO  impl.RoleInfo (RoleInfo.java:updateAndGet(143)) - a5c56bc8-e609-4560-873f-c4715c8bfbf6: start LeaderElection
2019-09-10 18:33:55,272 [a5c56bc8-e609-4560-873f-c4715c8bfbf6@group-F10CA6FB56ED:LeaderElection40] INFO  impl.LeaderElection (LeaderElection.java:askForVotes(182)) - a5c56bc8-e609-4560-873f-c4715c8bfbf6@group-F10CA6FB56ED:LeaderElection40: begin an election at term 15 for 0: [7e7e06ff-ff15-4a73-bf67-b60124f5dbc2:192.168.5.139:37758, a5c56bc8-e609-4560-873f-c4715c8bfbf6:192.168.5.139:44770, dc34f224-6fe7-4a16-b3d0-41df1e51aada:192.168.5.139:40510], old=null
2019-09-10 18:33:55,273 [a5c56bc8-e609-4560-873f-c4715c8bfbf6@group-F10CA6FB56ED:LeaderElection40] INFO  impl.LeaderElection (LogUtils.java:infoOrTrace(149)) - a5c56bc8-e609-4560-873f-c4715c8bfbf6@group-F10CA6FB56ED:LeaderElection40 got exception when requesting votes: {}
java.util.concurrent.ExecutionException: org.apache.ratis.thirdparty.io.grpc.StatusRuntimeException: UNAVAILABLE: io exception
	at java.util.concurrent.FutureTask.report(FutureTask.java:122)
	at java.util.concurrent.FutureTask.get(FutureTask.java:192)
	at org.apache.ratis.server.impl.LeaderElection.waitForResults(LeaderElection.java:263)
	at org.apache.ratis.server.impl.LeaderElection.askForVotes(LeaderElection.java:201)
	at org.apache.ratis.server.impl.LeaderElection.run(LeaderElection.java:133)
	at java.lang.Thread.run(Thread.java:748)
Caused by: org.apache.ratis.thirdparty.io.grpc.StatusRuntimeException: UNAVAILABLE: io exception
	at org.apache.ratis.thirdparty.io.grpc.stub.ClientCalls.toStatusRuntimeException(ClientCalls.java:233)
	at org.apache.ratis.thirdparty.io.grpc.stub.ClientCalls.getUnchecked(ClientCalls.java:214)
	at org.apache.ratis.thirdparty.io.grpc.stub.ClientCalls.blockingUnaryCall(ClientCalls.java:139)
	at org.apache.ratis.proto.grpc.RaftServerProtocolServiceGrpc$RaftServerProtocolServiceBlockingStub.requestVote(RaftServerProtocolServiceGrpc.java:265)
	at org.apache.ratis.grpc.server.GrpcServerProtocolClient.requestVote(GrpcServerProtocolClient.java:90)
	at org.apache.ratis.grpc.server.GrpcService.requestVote(GrpcService.java:204)
	at org.apache.ratis.server.impl.LeaderElection.lambda$submitRequests$1(LeaderElection.java:238)
	at java.util.concurrent.FutureTask.run(FutureTask.java:266)
	at java.util.concurrent.Executors$RunnableAdapter.call(Executors.java:511)
	at java.util.concurrent.FutureTask.run(FutureTask.java:266)
	at java.util.concurrent.ThreadPoolExecutor.runWorker(ThreadPoolExecutor.java:1149)
	at java.util.concurrent.ThreadPoolExecutor$Worker.run(ThreadPoolExecutor.java:624)
	... 1 more
Caused by: org.apache.ratis.thirdparty.io.netty.channel.AbstractChannel$AnnotatedConnectException: Connection refused: /192.168.5.139:37758
	at sun.nio.ch.SocketChannelImpl.checkConnect(Native Method)
	at sun.nio.ch.SocketChannelImpl.finishConnect(SocketChannelImpl.java:717)
	at org.apache.ratis.thirdparty.io.netty.channel.socket.nio.NioSocketChannel.doFinishConnect(NioSocketChannel.java:327)
	at org.apache.ratis.thirdparty.io.netty.channel.nio.AbstractNioChannel$AbstractNioUnsafe.finishConnect(AbstractNioChannel.java:340)
	at org.apache.ratis.thirdparty.io.netty.channel.nio.NioEventLoop.processSelectedKey(NioEventLoop.java:632)
	at org.apache.ratis.thirdparty.io.netty.channel.nio.NioEventLoop.processSelectedKeysOptimized(NioEventLoop.java:579)
	at org.apache.ratis.thirdparty.io.netty.channel.nio.NioEventLoop.processSelectedKeys(NioEventLoop.java:496)
	at org.apache.ratis.thirdparty.io.netty.channel.nio.NioEventLoop.run(NioEventLoop.java:458)
	at org.apache.ratis.thirdparty.io.netty.util.concurrent.SingleThreadEventExecutor$5.run(SingleThreadEventExecutor.java:897)
	at org.apache.ratis.thirdparty.io.netty.util.concurrent.FastThreadLocalRunnable.run(FastThreadLocalRunnable.java:30)
	... 1 more
Caused by: java.net.ConnectException: Connection refused
	... 11 more
2019-09-10 18:33:55,276 [a5c56bc8-e609-4560-873f-c4715c8bfbf6@group-F10CA6FB56ED:LeaderElection40] INFO  impl.LeaderElection (LogUtils.java:infoOrTrace(149)) - a5c56bc8-e609-4560-873f-c4715c8bfbf6@group-F10CA6FB56ED:LeaderElection40 got exception when requesting votes: {}
java.util.concurrent.ExecutionException: org.apache.ratis.thirdparty.io.grpc.StatusRuntimeException: UNAVAILABLE: io exception
	at java.util.concurrent.FutureTask.report(FutureTask.java:122)
	at java.util.concurrent.FutureTask.get(FutureTask.java:192)
	at org.apache.ratis.server.impl.LeaderElection.waitForResults(LeaderElection.java:263)
	at org.apache.ratis.server.impl.LeaderElection.askForVotes(LeaderElection.java:201)
	at org.apache.ratis.server.impl.LeaderElection.run(LeaderElection.java:133)
	at java.lang.Thread.run(Thread.java:748)
Caused by: org.apache.ratis.thirdparty.io.grpc.StatusRuntimeException: UNAVAILABLE: io exception
	at org.apache.ratis.thirdparty.io.grpc.stub.ClientCalls.toStatusRuntimeException(ClientCalls.java:233)
	at org.apache.ratis.thirdparty.io.grpc.stub.ClientCalls.getUnchecked(ClientCalls.java:214)
	at org.apache.ratis.thirdparty.io.grpc.stub.ClientCalls.blockingUnaryCall(ClientCalls.java:139)
	at org.apache.ratis.proto.grpc.RaftServerProtocolServiceGrpc$RaftServerProtocolServiceBlockingStub.requestVote(RaftServerProtocolServiceGrpc.java:265)
	at org.apache.ratis.grpc.server.GrpcServerProtocolClient.requestVote(GrpcServerProtocolClient.java:90)
	at org.apache.ratis.grpc.server.GrpcService.requestVote(GrpcService.java:204)
	at org.apache.ratis.server.impl.LeaderElection.lambda$submitRequests$1(LeaderElection.java:238)
	at java.util.concurrent.FutureTask.run(FutureTask.java:266)
	at java.util.concurrent.Executors$RunnableAdapter.call(Executors.java:511)
	at java.util.concurrent.FutureTask.run(FutureTask.java:266)
	at java.util.concurrent.ThreadPoolExecutor.runWorker(ThreadPoolExecutor.java:1149)
	at java.util.concurrent.ThreadPoolExecutor$Worker.run(ThreadPoolExecutor.java:624)
	... 1 more
Caused by: org.apache.ratis.thirdparty.io.netty.channel.AbstractChannel$AnnotatedConnectException: Connection refused: /192.168.5.139:40510
	at sun.nio.ch.SocketChannelImpl.checkConnect(Native Method)
	at sun.nio.ch.SocketChannelImpl.finishConnect(SocketChannelImpl.java:717)
	at org.apache.ratis.thirdparty.io.netty.channel.socket.nio.NioSocketChannel.doFinishConnect(NioSocketChannel.java:327)
	at org.apache.ratis.thirdparty.io.netty.channel.nio.AbstractNioChannel$AbstractNioUnsafe.finishConnect(AbstractNioChannel.java:340)
	at org.apache.ratis.thirdparty.io.netty.channel.nio.NioEventLoop.processSelectedKey(NioEventLoop.java:632)
	at org.apache.ratis.thirdparty.io.netty.channel.nio.NioEventLoop.processSelectedKeysOptimized(NioEventLoop.java:579)
	at org.apache.ratis.thirdparty.io.netty.channel.nio.NioEventLoop.processSelectedKeys(NioEventLoop.java:496)
	at org.apache.ratis.thirdparty.io.netty.channel.nio.NioEventLoop.run(NioEventLoop.java:458)
	at org.apache.ratis.thirdparty.io.netty.util.concurrent.SingleThreadEventExecutor$5.run(SingleThreadEventExecutor.java:897)
	at org.apache.ratis.thirdparty.io.netty.util.concurrent.FastThreadLocalRunnable.run(FastThreadLocalRunnable.java:30)
	... 1 more
Caused by: java.net.ConnectException: Connection refused
	... 11 more
2019-09-10 18:33:55,278 [java.util.concurrent.ThreadPoolExecutor$Worker@2fb8de94[State = -1, empty queue]] WARN  server.GrpcLogAppender (GrpcLogAppender.java:timeoutAppendRequest(200)) - 43b8dda0-1fac-498c-94e0-436a32ed8ccd@group-248F13D822B7->114338b4-3ae2-46b3-98b7-a583d2a0bf23-GrpcLogAppender: appendEntries Timeout, request=43b8dda0-1fac-498c-94e0-436a32ed8ccd->114338b4-3ae2-46b3-98b7-a583d2a0bf23#131-t2, previous=(t:2, i:20), leaderCommit=16, initializing? false, entries: <empty>
2019-09-10 18:33:55,278 [a5c56bc8-e609-4560-873f-c4715c8bfbf6@group-F10CA6FB56ED:LeaderElection40] INFO  impl.LeaderElection (LeaderElection.java:logAndReturn(56)) - a5c56bc8-e609-4560-873f-c4715c8bfbf6@group-F10CA6FB56ED:LeaderElection40: Election REJECTED; received 0 response(s) [] and 2 exception(s); a5c56bc8-e609-4560-873f-c4715c8bfbf6@group-F10CA6FB56ED:t15, leader=null, voted=a5c56bc8-e609-4560-873f-c4715c8bfbf6, raftlog=a5c56bc8-e609-4560-873f-c4715c8bfbf6@group-F10CA6FB56ED-SegmentedRaftLog:OPENED:c32,f32,i32, conf=0: [7e7e06ff-ff15-4a73-bf67-b60124f5dbc2:192.168.5.139:37758, a5c56bc8-e609-4560-873f-c4715c8bfbf6:192.168.5.139:44770, dc34f224-6fe7-4a16-b3d0-41df1e51aada:192.168.5.139:40510], old=null
2019-09-10 18:33:55,278 [java.util.concurrent.ThreadPoolExecutor$Worker@7aeb99c5[State = -1, empty queue]] WARN  server.GrpcLogAppender (GrpcLogAppender.java:timeoutAppendRequest(200)) - 43b8dda0-1fac-498c-94e0-436a32ed8ccd@group-248F13D822B7->166d57fa-ec73-4a99-b6df-0ab3ad0d7909-GrpcLogAppender: appendEntries Timeout, request=43b8dda0-1fac-498c-94e0-436a32ed8ccd->166d57fa-ec73-4a99-b6df-0ab3ad0d7909#131-t2, previous=(t:2, i:20), leaderCommit=16, initializing? false, entries: <empty>
2019-09-10 18:33:55,278 [a5c56bc8-e609-4560-873f-c4715c8bfbf6@group-F10CA6FB56ED:LeaderElection40] INFO  impl.LeaderElection (LogUtils.java:infoOrTrace(149)) -   Exception 0: {}
java.util.concurrent.ExecutionException: org.apache.ratis.thirdparty.io.grpc.StatusRuntimeException: UNAVAILABLE: io exception
	at java.util.concurrent.FutureTask.report(FutureTask.java:122)
	at java.util.concurrent.FutureTask.get(FutureTask.java:192)
	at org.apache.ratis.server.impl.LeaderElection.waitForResults(LeaderElection.java:263)
	at org.apache.ratis.server.impl.LeaderElection.askForVotes(LeaderElection.java:201)
	at org.apache.ratis.server.impl.LeaderElection.run(LeaderElection.java:133)
	at java.lang.Thread.run(Thread.java:748)
Caused by: org.apache.ratis.thirdparty.io.grpc.StatusRuntimeException: UNAVAILABLE: io exception
	at org.apache.ratis.thirdparty.io.grpc.stub.ClientCalls.toStatusRuntimeException(ClientCalls.java:233)
	at org.apache.ratis.thirdparty.io.grpc.stub.ClientCalls.getUnchecked(ClientCalls.java:214)
	at org.apache.ratis.thirdparty.io.grpc.stub.ClientCalls.blockingUnaryCall(ClientCalls.java:139)
	at org.apache.ratis.proto.grpc.RaftServerProtocolServiceGrpc$RaftServerProtocolServiceBlockingStub.requestVote(RaftServerProtocolServiceGrpc.java:265)
	at org.apache.ratis.grpc.server.GrpcServerProtocolClient.requestVote(GrpcServerProtocolClient.java:90)
	at org.apache.ratis.grpc.server.GrpcService.requestVote(GrpcService.java:204)
	at org.apache.ratis.server.impl.LeaderElection.lambda$submitRequests$1(LeaderElection.java:238)
	at java.util.concurrent.FutureTask.run(FutureTask.java:266)
	at java.util.concurrent.Executors$RunnableAdapter.call(Executors.java:511)
	at java.util.concurrent.FutureTask.run(FutureTask.java:266)
	at java.util.concurrent.ThreadPoolExecutor.runWorker(ThreadPoolExecutor.java:1149)
	at java.util.concurrent.ThreadPoolExecutor$Worker.run(ThreadPoolExecutor.java:624)
	... 1 more
Caused by: org.apache.ratis.thirdparty.io.netty.channel.AbstractChannel$AnnotatedConnectException: Connection refused: /192.168.5.139:37758
	at sun.nio.ch.SocketChannelImpl.checkConnect(Native Method)
	at sun.nio.ch.SocketChannelImpl.finishConnect(SocketChannelImpl.java:717)
	at org.apache.ratis.thirdparty.io.netty.channel.socket.nio.NioSocketChannel.doFinishConnect(NioSocketChannel.java:327)
	at org.apache.ratis.thirdparty.io.netty.channel.nio.AbstractNioChannel$AbstractNioUnsafe.finishConnect(AbstractNioChannel.java:340)
	at org.apache.ratis.thirdparty.io.netty.channel.nio.NioEventLoop.processSelectedKey(NioEventLoop.java:632)
	at org.apache.ratis.thirdparty.io.netty.channel.nio.NioEventLoop.processSelectedKeysOptimized(NioEventLoop.java:579)
	at org.apache.ratis.thirdparty.io.netty.channel.nio.NioEventLoop.processSelectedKeys(NioEventLoop.java:496)
	at org.apache.ratis.thirdparty.io.netty.channel.nio.NioEventLoop.run(NioEventLoop.java:458)
	at org.apache.ratis.thirdparty.io.netty.util.concurrent.SingleThreadEventExecutor$5.run(SingleThreadEventExecutor.java:897)
	at org.apache.ratis.thirdparty.io.netty.util.concurrent.FastThreadLocalRunnable.run(FastThreadLocalRunnable.java:30)
	... 1 more
Caused by: java.net.ConnectException: Connection refused
	... 11 more
2019-09-10 18:33:55,279 [a5c56bc8-e609-4560-873f-c4715c8bfbf6@group-F10CA6FB56ED:LeaderElection40] INFO  impl.LeaderElection (LogUtils.java:infoOrTrace(149)) -   Exception 1: {}
java.util.concurrent.ExecutionException: org.apache.ratis.thirdparty.io.grpc.StatusRuntimeException: UNAVAILABLE: io exception
	at java.util.concurrent.FutureTask.report(FutureTask.java:122)
	at java.util.concurrent.FutureTask.get(FutureTask.java:192)
	at org.apache.ratis.server.impl.LeaderElection.waitForResults(LeaderElection.java:263)
	at org.apache.ratis.server.impl.LeaderElection.askForVotes(LeaderElection.java:201)
	at org.apache.ratis.server.impl.LeaderElection.run(LeaderElection.java:133)
	at java.lang.Thread.run(Thread.java:748)
Caused by: org.apache.ratis.thirdparty.io.grpc.StatusRuntimeException: UNAVAILABLE: io exception
	at org.apache.ratis.thirdparty.io.grpc.stub.ClientCalls.toStatusRuntimeException(ClientCalls.java:233)
	at org.apache.ratis.thirdparty.io.grpc.stub.ClientCalls.getUnchecked(ClientCalls.java:214)
	at org.apache.ratis.thirdparty.io.grpc.stub.ClientCalls.blockingUnaryCall(ClientCalls.java:139)
	at org.apache.ratis.proto.grpc.RaftServerProtocolServiceGrpc$RaftServerProtocolServiceBlockingStub.requestVote(RaftServerProtocolServiceGrpc.java:265)
	at org.apache.ratis.grpc.server.GrpcServerProtocolClient.requestVote(GrpcServerProtocolClient.java:90)
	at org.apache.ratis.grpc.server.GrpcService.requestVote(GrpcService.java:204)
	at org.apache.ratis.server.impl.LeaderElection.lambda$submitRequests$1(LeaderElection.java:238)
	at java.util.concurrent.FutureTask.run(FutureTask.java:266)
	at java.util.concurrent.Executors$RunnableAdapter.call(Executors.java:511)
	at java.util.concurrent.FutureTask.run(FutureTask.java:266)
	at java.util.concurrent.ThreadPoolExecutor.runWorker(ThreadPoolExecutor.java:1149)
	at java.util.concurrent.ThreadPoolExecutor$Worker.run(ThreadPoolExecutor.java:624)
	... 1 more
Caused by: org.apache.ratis.thirdparty.io.netty.channel.AbstractChannel$AnnotatedConnectException: Connection refused: /192.168.5.139:40510
	at sun.nio.ch.SocketChannelImpl.checkConnect(Native Method)
	at sun.nio.ch.SocketChannelImpl.finishConnect(SocketChannelImpl.java:717)
	at org.apache.ratis.thirdparty.io.netty.channel.socket.nio.NioSocketChannel.doFinishConnect(NioSocketChannel.java:327)
	at org.apache.ratis.thirdparty.io.netty.channel.nio.AbstractNioChannel$AbstractNioUnsafe.finishConnect(AbstractNioChannel.java:340)
	at org.apache.ratis.thirdparty.io.netty.channel.nio.NioEventLoop.processSelectedKey(NioEventLoop.java:632)
	at org.apache.ratis.thirdparty.io.netty.channel.nio.NioEventLoop.processSelectedKeysOptimized(NioEventLoop.java:579)
	at org.apache.ratis.thirdparty.io.netty.channel.nio.NioEventLoop.processSelectedKeys(NioEventLoop.java:496)
	at org.apache.ratis.thirdparty.io.netty.channel.nio.NioEventLoop.run(NioEventLoop.java:458)
	at org.apache.ratis.thirdparty.io.netty.util.concurrent.SingleThreadEventExecutor$5.run(SingleThreadEventExecutor.java:897)
	at org.apache.ratis.thirdparty.io.netty.util.concurrent.FastThreadLocalRunnable.run(FastThreadLocalRunnable.java:30)
	... 1 more
Caused by: java.net.ConnectException: Connection refused
	... 11 more
2019-09-10 18:33:55,279 [a5c56bc8-e609-4560-873f-c4715c8bfbf6@group-F10CA6FB56ED:LeaderElection40] INFO  impl.RaftServerImpl (RaftServerImpl.java:setRole(174)) - a5c56bc8-e609-4560-873f-c4715c8bfbf6@group-F10CA6FB56ED: changes role from CANDIDATE to FOLLOWER at term 15 for DISCOVERED_A_NEW_TERM
2019-09-10 18:33:55,280 [a5c56bc8-e609-4560-873f-c4715c8bfbf6@group-F10CA6FB56ED:LeaderElection40] INFO  impl.RoleInfo (RoleInfo.java:shutdownLeaderElection(134)) - a5c56bc8-e609-4560-873f-c4715c8bfbf6: shutdown LeaderElection
2019-09-10 18:33:55,280 [a5c56bc8-e609-4560-873f-c4715c8bfbf6@group-F10CA6FB56ED:LeaderElection40] INFO  impl.RoleInfo (RoleInfo.java:updateAndGet(143)) - a5c56bc8-e609-4560-873f-c4715c8bfbf6: start FollowerState
2019-09-10 18:33:55,502 [java.util.concurrent.ThreadPoolExecutor$Worker@781538ae[State = -1, empty queue]] WARN  server.GrpcLogAppender (GrpcLogAppender.java:timeoutAppendRequest(200)) - 59afee6f-3342-47f6-8cd2-a67165187773@group-C790A911BCD5->fc430ad7-c10f-4afd-84a3-4263b60fc3a5-GrpcLogAppender: appendEntries Timeout, request=59afee6f-3342-47f6-8cd2-a67165187773->fc430ad7-c10f-4afd-84a3-4263b60fc3a5#127-t3, previous=(t:3, i:20), leaderCommit=16, initializing? false, entries: <empty>
2019-09-10 18:33:55,502 [java.util.concurrent.ThreadPoolExecutor$Worker@2130bf45[State = -1, empty queue]] WARN  server.GrpcLogAppender (GrpcLogAppender.java:timeoutAppendRequest(200)) - 59afee6f-3342-47f6-8cd2-a67165187773@group-C790A911BCD5->f9c92805-78f9-4aa2-ad11-0f5c06c060e3-GrpcLogAppender: appendEntries Timeout, request=59afee6f-3342-47f6-8cd2-a67165187773->f9c92805-78f9-4aa2-ad11-0f5c06c060e3#127-t3, previous=(t:3, i:20), leaderCommit=16, initializing? false, entries: <empty>
2019-09-10 18:33:55,782 [java.util.concurrent.ThreadPoolExecutor$Worker@2fb8de94[State = -1, empty queue]] WARN  server.GrpcLogAppender (GrpcLogAppender.java:timeoutAppendRequest(200)) - 43b8dda0-1fac-498c-94e0-436a32ed8ccd@group-248F13D822B7->114338b4-3ae2-46b3-98b7-a583d2a0bf23-GrpcLogAppender: appendEntries Timeout, request=43b8dda0-1fac-498c-94e0-436a32ed8ccd->114338b4-3ae2-46b3-98b7-a583d2a0bf23#132-t2, previous=(t:2, i:20), leaderCommit=16, initializing? false, entries: <empty>
2019-09-10 18:33:55,782 [java.util.concurrent.ThreadPoolExecutor$Worker@7aeb99c5[State = -1, empty queue]] WARN  server.GrpcLogAppender (GrpcLogAppender.java:timeoutAppendRequest(200)) - 43b8dda0-1fac-498c-94e0-436a32ed8ccd@group-248F13D822B7->166d57fa-ec73-4a99-b6df-0ab3ad0d7909-GrpcLogAppender: appendEntries Timeout, request=43b8dda0-1fac-498c-94e0-436a32ed8ccd->166d57fa-ec73-4a99-b6df-0ab3ad0d7909#132-t2, previous=(t:2, i:20), leaderCommit=16, initializing? false, entries: <empty>
2019-09-10 18:33:56,004 [java.util.concurrent.ThreadPoolExecutor$Worker@781538ae[State = -1, empty queue]] WARN  server.GrpcLogAppender (GrpcLogAppender.java:timeoutAppendRequest(200)) - 59afee6f-3342-47f6-8cd2-a67165187773@group-C790A911BCD5->fc430ad7-c10f-4afd-84a3-4263b60fc3a5-GrpcLogAppender: appendEntries Timeout, request=59afee6f-3342-47f6-8cd2-a67165187773->fc430ad7-c10f-4afd-84a3-4263b60fc3a5#128-t3, previous=(t:3, i:20), leaderCommit=16, initializing? false, entries: <empty>
2019-09-10 18:33:56,004 [java.util.concurrent.ThreadPoolExecutor$Worker@2130bf45[State = -1, empty queue]] WARN  server.GrpcLogAppender (GrpcLogAppender.java:timeoutAppendRequest(200)) - 59afee6f-3342-47f6-8cd2-a67165187773@group-C790A911BCD5->f9c92805-78f9-4aa2-ad11-0f5c06c060e3-GrpcLogAppender: appendEntries Timeout, request=59afee6f-3342-47f6-8cd2-a67165187773->f9c92805-78f9-4aa2-ad11-0f5c06c060e3#128-t3, previous=(t:3, i:20), leaderCommit=16, initializing? false, entries: <empty>
2019-09-10 18:33:56,283 [java.util.concurrent.ThreadPoolExecutor$Worker@7aeb99c5[State = -1, empty queue]] WARN  server.GrpcLogAppender (GrpcLogAppender.java:timeoutAppendRequest(200)) - 43b8dda0-1fac-498c-94e0-436a32ed8ccd@group-248F13D822B7->166d57fa-ec73-4a99-b6df-0ab3ad0d7909-GrpcLogAppender: appendEntries Timeout, request=43b8dda0-1fac-498c-94e0-436a32ed8ccd->166d57fa-ec73-4a99-b6df-0ab3ad0d7909#133-t2, previous=(t:2, i:20), leaderCommit=16, initializing? false, entries: <empty>
2019-09-10 18:33:56,283 [java.util.concurrent.ThreadPoolExecutor$Worker@2fb8de94[State = -1, empty queue]] WARN  server.GrpcLogAppender (GrpcLogAppender.java:timeoutAppendRequest(200)) - 43b8dda0-1fac-498c-94e0-436a32ed8ccd@group-248F13D822B7->114338b4-3ae2-46b3-98b7-a583d2a0bf23-GrpcLogAppender: appendEntries Timeout, request=43b8dda0-1fac-498c-94e0-436a32ed8ccd->114338b4-3ae2-46b3-98b7-a583d2a0bf23#133-t2, previous=(t:2, i:20), leaderCommit=16, initializing? false, entries: <empty>
2019-09-10 18:33:56,477 [Thread-1357] INFO  impl.FollowerState (FollowerState.java:run(106)) - a5c56bc8-e609-4560-873f-c4715c8bfbf6:group-F10CA6FB56ED changes to CANDIDATE, lastRpcTime:1197, electionTimeout:1197ms
2019-09-10 18:33:56,478 [Thread-1357] INFO  impl.RoleInfo (RoleInfo.java:shutdownFollowerState(121)) - a5c56bc8-e609-4560-873f-c4715c8bfbf6: shutdown FollowerState
2019-09-10 18:33:56,478 [Thread-1357] INFO  impl.RaftServerImpl (RaftServerImpl.java:setRole(174)) - a5c56bc8-e609-4560-873f-c4715c8bfbf6@group-F10CA6FB56ED: changes role from  FOLLOWER to CANDIDATE at term 15 for changeToCandidate
2019-09-10 18:33:56,478 [Thread-1357] INFO  impl.RoleInfo (RoleInfo.java:updateAndGet(143)) - a5c56bc8-e609-4560-873f-c4715c8bfbf6: start LeaderElection
2019-09-10 18:33:56,500 [a5c56bc8-e609-4560-873f-c4715c8bfbf6@group-F10CA6FB56ED:LeaderElection41] INFO  impl.LeaderElection (LeaderElection.java:askForVotes(182)) - a5c56bc8-e609-4560-873f-c4715c8bfbf6@group-F10CA6FB56ED:LeaderElection41: begin an election at term 16 for 0: [7e7e06ff-ff15-4a73-bf67-b60124f5dbc2:192.168.5.139:37758, a5c56bc8-e609-4560-873f-c4715c8bfbf6:192.168.5.139:44770, dc34f224-6fe7-4a16-b3d0-41df1e51aada:192.168.5.139:40510], old=null
2019-09-10 18:33:56,501 [a5c56bc8-e609-4560-873f-c4715c8bfbf6@group-F10CA6FB56ED:LeaderElection41] INFO  impl.LeaderElection (LogUtils.java:infoOrTrace(149)) - a5c56bc8-e609-4560-873f-c4715c8bfbf6@group-F10CA6FB56ED:LeaderElection41 got exception when requesting votes: {}
java.util.concurrent.ExecutionException: org.apache.ratis.thirdparty.io.grpc.StatusRuntimeException: UNAVAILABLE: io exception
	at java.util.concurrent.FutureTask.report(FutureTask.java:122)
	at java.util.concurrent.FutureTask.get(FutureTask.java:192)
	at org.apache.ratis.server.impl.LeaderElection.waitForResults(LeaderElection.java:263)
	at org.apache.ratis.server.impl.LeaderElection.askForVotes(LeaderElection.java:201)
	at org.apache.ratis.server.impl.LeaderElection.run(LeaderElection.java:133)
	at java.lang.Thread.run(Thread.java:748)
Caused by: org.apache.ratis.thirdparty.io.grpc.StatusRuntimeException: UNAVAILABLE: io exception
	at org.apache.ratis.thirdparty.io.grpc.stub.ClientCalls.toStatusRuntimeException(ClientCalls.java:233)
	at org.apache.ratis.thirdparty.io.grpc.stub.ClientCalls.getUnchecked(ClientCalls.java:214)
	at org.apache.ratis.thirdparty.io.grpc.stub.ClientCalls.blockingUnaryCall(ClientCalls.java:139)
	at org.apache.ratis.proto.grpc.RaftServerProtocolServiceGrpc$RaftServerProtocolServiceBlockingStub.requestVote(RaftServerProtocolServiceGrpc.java:265)
	at org.apache.ratis.grpc.server.GrpcServerProtocolClient.requestVote(GrpcServerProtocolClient.java:90)
	at org.apache.ratis.grpc.server.GrpcService.requestVote(GrpcService.java:204)
	at org.apache.ratis.server.impl.LeaderElection.lambda$submitRequests$1(LeaderElection.java:238)
	at java.util.concurrent.FutureTask.run(FutureTask.java:266)
	at java.util.concurrent.Executors$RunnableAdapter.call(Executors.java:511)
	at java.util.concurrent.FutureTask.run(FutureTask.java:266)
	at java.util.concurrent.ThreadPoolExecutor.runWorker(ThreadPoolExecutor.java:1149)
	at java.util.concurrent.ThreadPoolExecutor$Worker.run(ThreadPoolExecutor.java:624)
	... 1 more
Caused by: org.apache.ratis.thirdparty.io.netty.channel.AbstractChannel$AnnotatedConnectException: Connection refused: /192.168.5.139:40510
	at sun.nio.ch.SocketChannelImpl.checkConnect(Native Method)
	at sun.nio.ch.SocketChannelImpl.finishConnect(SocketChannelImpl.java:717)
	at org.apache.ratis.thirdparty.io.netty.channel.socket.nio.NioSocketChannel.doFinishConnect(NioSocketChannel.java:327)
	at org.apache.ratis.thirdparty.io.netty.channel.nio.AbstractNioChannel$AbstractNioUnsafe.finishConnect(AbstractNioChannel.java:340)
	at org.apache.ratis.thirdparty.io.netty.channel.nio.NioEventLoop.processSelectedKey(NioEventLoop.java:632)
	at org.apache.ratis.thirdparty.io.netty.channel.nio.NioEventLoop.processSelectedKeysOptimized(NioEventLoop.java:579)
	at org.apache.ratis.thirdparty.io.netty.channel.nio.NioEventLoop.processSelectedKeys(NioEventLoop.java:496)
	at org.apache.ratis.thirdparty.io.netty.channel.nio.NioEventLoop.run(NioEventLoop.java:458)
	at org.apache.ratis.thirdparty.io.netty.util.concurrent.SingleThreadEventExecutor$5.run(SingleThreadEventExecutor.java:897)
	at org.apache.ratis.thirdparty.io.netty.util.concurrent.FastThreadLocalRunnable.run(FastThreadLocalRunnable.java:30)
	... 1 more
Caused by: java.net.ConnectException: Connection refused
	... 11 more
2019-09-10 18:33:56,505 [java.util.concurrent.ThreadPoolExecutor$Worker@781538ae[State = -1, empty queue]] WARN  server.GrpcLogAppender (GrpcLogAppender.java:timeoutAppendRequest(200)) - 59afee6f-3342-47f6-8cd2-a67165187773@group-C790A911BCD5->fc430ad7-c10f-4afd-84a3-4263b60fc3a5-GrpcLogAppender: appendEntries Timeout, request=59afee6f-3342-47f6-8cd2-a67165187773->fc430ad7-c10f-4afd-84a3-4263b60fc3a5#129-t3, previous=(t:3, i:20), leaderCommit=16, initializing? false, entries: <empty>
2019-09-10 18:33:56,505 [java.util.concurrent.ThreadPoolExecutor$Worker@2130bf45[State = -1, empty queue]] WARN  server.GrpcLogAppender (GrpcLogAppender.java:timeoutAppendRequest(200)) - 59afee6f-3342-47f6-8cd2-a67165187773@group-C790A911BCD5->f9c92805-78f9-4aa2-ad11-0f5c06c060e3-GrpcLogAppender: appendEntries Timeout, request=59afee6f-3342-47f6-8cd2-a67165187773->f9c92805-78f9-4aa2-ad11-0f5c06c060e3#129-t3, previous=(t:3, i:20), leaderCommit=16, initializing? false, entries: <empty>
2019-09-10 18:33:56,505 [a5c56bc8-e609-4560-873f-c4715c8bfbf6@group-F10CA6FB56ED:LeaderElection41] INFO  impl.LeaderElection (LogUtils.java:infoOrTrace(149)) - a5c56bc8-e609-4560-873f-c4715c8bfbf6@group-F10CA6FB56ED:LeaderElection41 got exception when requesting votes: {}
java.util.concurrent.ExecutionException: org.apache.ratis.thirdparty.io.grpc.StatusRuntimeException: UNAVAILABLE: io exception
	at java.util.concurrent.FutureTask.report(FutureTask.java:122)
	at java.util.concurrent.FutureTask.get(FutureTask.java:192)
	at org.apache.ratis.server.impl.LeaderElection.waitForResults(LeaderElection.java:263)
	at org.apache.ratis.server.impl.LeaderElection.askForVotes(LeaderElection.java:201)
	at org.apache.ratis.server.impl.LeaderElection.run(LeaderElection.java:133)
	at java.lang.Thread.run(Thread.java:748)
Caused by: org.apache.ratis.thirdparty.io.grpc.StatusRuntimeException: UNAVAILABLE: io exception
	at org.apache.ratis.thirdparty.io.grpc.stub.ClientCalls.toStatusRuntimeException(ClientCalls.java:233)
	at org.apache.ratis.thirdparty.io.grpc.stub.ClientCalls.getUnchecked(ClientCalls.java:214)
	at org.apache.ratis.thirdparty.io.grpc.stub.ClientCalls.blockingUnaryCall(ClientCalls.java:139)
	at org.apache.ratis.proto.grpc.RaftServerProtocolServiceGrpc$RaftServerProtocolServiceBlockingStub.requestVote(RaftServerProtocolServiceGrpc.java:265)
	at org.apache.ratis.grpc.server.GrpcServerProtocolClient.requestVote(GrpcServerProtocolClient.java:90)
	at org.apache.ratis.grpc.server.GrpcService.requestVote(GrpcService.java:204)
	at org.apache.ratis.server.impl.LeaderElection.lambda$submitRequests$1(LeaderElection.java:238)
	at java.util.concurrent.FutureTask.run(FutureTask.java:266)
	at java.util.concurrent.Executors$RunnableAdapter.call(Executors.java:511)
	at java.util.concurrent.FutureTask.run(FutureTask.java:266)
	at java.util.concurrent.ThreadPoolExecutor.runWorker(ThreadPoolExecutor.java:1149)
	at java.util.concurrent.ThreadPoolExecutor$Worker.run(ThreadPoolExecutor.java:624)
	... 1 more
Caused by: org.apache.ratis.thirdparty.io.netty.channel.AbstractChannel$AnnotatedConnectException: Connection refused: /192.168.5.139:37758
	at sun.nio.ch.SocketChannelImpl.checkConnect(Native Method)
	at sun.nio.ch.SocketChannelImpl.finishConnect(SocketChannelImpl.java:717)
	at org.apache.ratis.thirdparty.io.netty.channel.socket.nio.NioSocketChannel.doFinishConnect(NioSocketChannel.java:327)
	at org.apache.ratis.thirdparty.io.netty.channel.nio.AbstractNioChannel$AbstractNioUnsafe.finishConnect(AbstractNioChannel.java:340)
	at org.apache.ratis.thirdparty.io.netty.channel.nio.NioEventLoop.processSelectedKey(NioEventLoop.java:632)
	at org.apache.ratis.thirdparty.io.netty.channel.nio.NioEventLoop.processSelectedKeysOptimized(NioEventLoop.java:579)
	at org.apache.ratis.thirdparty.io.netty.channel.nio.NioEventLoop.processSelectedKeys(NioEventLoop.java:496)
	at org.apache.ratis.thirdparty.io.netty.channel.nio.NioEventLoop.run(NioEventLoop.java:458)
	at org.apache.ratis.thirdparty.io.netty.util.concurrent.SingleThreadEventExecutor$5.run(SingleThreadEventExecutor.java:897)
	at org.apache.ratis.thirdparty.io.netty.util.concurrent.FastThreadLocalRunnable.run(FastThreadLocalRunnable.java:30)
	... 1 more
Caused by: java.net.ConnectException: Connection refused
	... 11 more
2019-09-10 18:33:56,508 [a5c56bc8-e609-4560-873f-c4715c8bfbf6@group-F10CA6FB56ED:LeaderElection41] INFO  impl.LeaderElection (LeaderElection.java:logAndReturn(56)) - a5c56bc8-e609-4560-873f-c4715c8bfbf6@group-F10CA6FB56ED:LeaderElection41: Election REJECTED; received 0 response(s) [] and 2 exception(s); a5c56bc8-e609-4560-873f-c4715c8bfbf6@group-F10CA6FB56ED:t16, leader=null, voted=a5c56bc8-e609-4560-873f-c4715c8bfbf6, raftlog=a5c56bc8-e609-4560-873f-c4715c8bfbf6@group-F10CA6FB56ED-SegmentedRaftLog:OPENED:c32,f32,i32, conf=0: [7e7e06ff-ff15-4a73-bf67-b60124f5dbc2:192.168.5.139:37758, a5c56bc8-e609-4560-873f-c4715c8bfbf6:192.168.5.139:44770, dc34f224-6fe7-4a16-b3d0-41df1e51aada:192.168.5.139:40510], old=null
2019-09-10 18:33:56,509 [a5c56bc8-e609-4560-873f-c4715c8bfbf6@group-F10CA6FB56ED:LeaderElection41] INFO  impl.LeaderElection (LogUtils.java:infoOrTrace(149)) -   Exception 0: {}
java.util.concurrent.ExecutionException: org.apache.ratis.thirdparty.io.grpc.StatusRuntimeException: UNAVAILABLE: io exception
	at java.util.concurrent.FutureTask.report(FutureTask.java:122)
	at java.util.concurrent.FutureTask.get(FutureTask.java:192)
	at org.apache.ratis.server.impl.LeaderElection.waitForResults(LeaderElection.java:263)
	at org.apache.ratis.server.impl.LeaderElection.askForVotes(LeaderElection.java:201)
	at org.apache.ratis.server.impl.LeaderElection.run(LeaderElection.java:133)
	at java.lang.Thread.run(Thread.java:748)
Caused by: org.apache.ratis.thirdparty.io.grpc.StatusRuntimeException: UNAVAILABLE: io exception
	at org.apache.ratis.thirdparty.io.grpc.stub.ClientCalls.toStatusRuntimeException(ClientCalls.java:233)
	at org.apache.ratis.thirdparty.io.grpc.stub.ClientCalls.getUnchecked(ClientCalls.java:214)
	at org.apache.ratis.thirdparty.io.grpc.stub.ClientCalls.blockingUnaryCall(ClientCalls.java:139)
	at org.apache.ratis.proto.grpc.RaftServerProtocolServiceGrpc$RaftServerProtocolServiceBlockingStub.requestVote(RaftServerProtocolServiceGrpc.java:265)
	at org.apache.ratis.grpc.server.GrpcServerProtocolClient.requestVote(GrpcServerProtocolClient.java:90)
	at org.apache.ratis.grpc.server.GrpcService.requestVote(GrpcService.java:204)
	at org.apache.ratis.server.impl.LeaderElection.lambda$submitRequests$1(LeaderElection.java:238)
	at java.util.concurrent.FutureTask.run(FutureTask.java:266)
	at java.util.concurrent.Executors$RunnableAdapter.call(Executors.java:511)
	at java.util.concurrent.FutureTask.run(FutureTask.java:266)
	at java.util.concurrent.ThreadPoolExecutor.runWorker(ThreadPoolExecutor.java:1149)
	at java.util.concurrent.ThreadPoolExecutor$Worker.run(ThreadPoolExecutor.java:624)
	... 1 more
Caused by: org.apache.ratis.thirdparty.io.netty.channel.AbstractChannel$AnnotatedConnectException: Connection refused: /192.168.5.139:40510
	at sun.nio.ch.SocketChannelImpl.checkConnect(Native Method)
	at sun.nio.ch.SocketChannelImpl.finishConnect(SocketChannelImpl.java:717)
	at org.apache.ratis.thirdparty.io.netty.channel.socket.nio.NioSocketChannel.doFinishConnect(NioSocketChannel.java:327)
	at org.apache.ratis.thirdparty.io.netty.channel.nio.AbstractNioChannel$AbstractNioUnsafe.finishConnect(AbstractNioChannel.java:340)
	at org.apache.ratis.thirdparty.io.netty.channel.nio.NioEventLoop.processSelectedKey(NioEventLoop.java:632)
	at org.apache.ratis.thirdparty.io.netty.channel.nio.NioEventLoop.processSelectedKeysOptimized(NioEventLoop.java:579)
	at org.apache.ratis.thirdparty.io.netty.channel.nio.NioEventLoop.processSelectedKeys(NioEventLoop.java:496)
	at org.apache.ratis.thirdparty.io.netty.channel.nio.NioEventLoop.run(NioEventLoop.java:458)
	at org.apache.ratis.thirdparty.io.netty.util.concurrent.SingleThreadEventExecutor$5.run(SingleThreadEventExecutor.java:897)
	at org.apache.ratis.thirdparty.io.netty.util.concurrent.FastThreadLocalRunnable.run(FastThreadLocalRunnable.java:30)
	... 1 more
Caused by: java.net.ConnectException: Connection refused
	... 11 more
2019-09-10 18:33:56,509 [a5c56bc8-e609-4560-873f-c4715c8bfbf6@group-F10CA6FB56ED:LeaderElection41] INFO  impl.LeaderElection (LogUtils.java:infoOrTrace(149)) -   Exception 1: {}
java.util.concurrent.ExecutionException: org.apache.ratis.thirdparty.io.grpc.StatusRuntimeException: UNAVAILABLE: io exception
	at java.util.concurrent.FutureTask.report(FutureTask.java:122)
	at java.util.concurrent.FutureTask.get(FutureTask.java:192)
	at org.apache.ratis.server.impl.LeaderElection.waitForResults(LeaderElection.java:263)
	at org.apache.ratis.server.impl.LeaderElection.askForVotes(LeaderElection.java:201)
	at org.apache.ratis.server.impl.LeaderElection.run(LeaderElection.java:133)
	at java.lang.Thread.run(Thread.java:748)
Caused by: org.apache.ratis.thirdparty.io.grpc.StatusRuntimeException: UNAVAILABLE: io exception
	at org.apache.ratis.thirdparty.io.grpc.stub.ClientCalls.toStatusRuntimeException(ClientCalls.java:233)
	at org.apache.ratis.thirdparty.io.grpc.stub.ClientCalls.getUnchecked(ClientCalls.java:214)
	at org.apache.ratis.thirdparty.io.grpc.stub.ClientCalls.blockingUnaryCall(ClientCalls.java:139)
	at org.apache.ratis.proto.grpc.RaftServerProtocolServiceGrpc$RaftServerProtocolServiceBlockingStub.requestVote(RaftServerProtocolServiceGrpc.java:265)
	at org.apache.ratis.grpc.server.GrpcServerProtocolClient.requestVote(GrpcServerProtocolClient.java:90)
	at org.apache.ratis.grpc.server.GrpcService.requestVote(GrpcService.java:204)
	at org.apache.ratis.server.impl.LeaderElection.lambda$submitRequests$1(LeaderElection.java:238)
	at java.util.concurrent.FutureTask.run(FutureTask.java:266)
	at java.util.concurrent.Executors$RunnableAdapter.call(Executors.java:511)
	at java.util.concurrent.FutureTask.run(FutureTask.java:266)
	at java.util.concurrent.ThreadPoolExecutor.runWorker(ThreadPoolExecutor.java:1149)
	at java.util.concurrent.ThreadPoolExecutor$Worker.run(ThreadPoolExecutor.java:624)
	... 1 more
Caused by: org.apache.ratis.thirdparty.io.netty.channel.AbstractChannel$AnnotatedConnectException: Connection refused: /192.168.5.139:37758
	at sun.nio.ch.SocketChannelImpl.checkConnect(Native Method)
	at sun.nio.ch.SocketChannelImpl.finishConnect(SocketChannelImpl.java:717)
	at org.apache.ratis.thirdparty.io.netty.channel.socket.nio.NioSocketChannel.doFinishConnect(NioSocketChannel.java:327)
	at org.apache.ratis.thirdparty.io.netty.channel.nio.AbstractNioChannel$AbstractNioUnsafe.finishConnect(AbstractNioChannel.java:340)
	at org.apache.ratis.thirdparty.io.netty.channel.nio.NioEventLoop.processSelectedKey(NioEventLoop.java:632)
	at org.apache.ratis.thirdparty.io.netty.channel.nio.NioEventLoop.processSelectedKeysOptimized(NioEventLoop.java:579)
	at org.apache.ratis.thirdparty.io.netty.channel.nio.NioEventLoop.processSelectedKeys(NioEventLoop.java:496)
	at org.apache.ratis.thirdparty.io.netty.channel.nio.NioEventLoop.run(NioEventLoop.java:458)
	at org.apache.ratis.thirdparty.io.netty.util.concurrent.SingleThreadEventExecutor$5.run(SingleThreadEventExecutor.java:897)
	at org.apache.ratis.thirdparty.io.netty.util.concurrent.FastThreadLocalRunnable.run(FastThreadLocalRunnable.java:30)
	... 1 more
Caused by: java.net.ConnectException: Connection refused
	... 11 more
2019-09-10 18:33:56,510 [a5c56bc8-e609-4560-873f-c4715c8bfbf6@group-F10CA6FB56ED:LeaderElection41] INFO  impl.RaftServerImpl (RaftServerImpl.java:setRole(174)) - a5c56bc8-e609-4560-873f-c4715c8bfbf6@group-F10CA6FB56ED: changes role from CANDIDATE to FOLLOWER at term 16 for DISCOVERED_A_NEW_TERM
2019-09-10 18:33:56,510 [a5c56bc8-e609-4560-873f-c4715c8bfbf6@group-F10CA6FB56ED:LeaderElection41] INFO  impl.RoleInfo (RoleInfo.java:shutdownLeaderElection(134)) - a5c56bc8-e609-4560-873f-c4715c8bfbf6: shutdown LeaderElection
2019-09-10 18:33:56,510 [a5c56bc8-e609-4560-873f-c4715c8bfbf6@group-F10CA6FB56ED:LeaderElection41] INFO  impl.RoleInfo (RoleInfo.java:updateAndGet(143)) - a5c56bc8-e609-4560-873f-c4715c8bfbf6: start FollowerState
2019-09-10 18:33:56,783 [java.util.concurrent.ThreadPoolExecutor$Worker@2fb8de94[State = -1, empty queue]] WARN  server.GrpcLogAppender (GrpcLogAppender.java:timeoutAppendRequest(200)) - 43b8dda0-1fac-498c-94e0-436a32ed8ccd@group-248F13D822B7->114338b4-3ae2-46b3-98b7-a583d2a0bf23-GrpcLogAppender: appendEntries Timeout, request=43b8dda0-1fac-498c-94e0-436a32ed8ccd->114338b4-3ae2-46b3-98b7-a583d2a0bf23#134-t2, previous=(t:2, i:20), leaderCommit=16, initializing? false, entries: <empty>
2019-09-10 18:33:56,783 [java.util.concurrent.ThreadPoolExecutor$Worker@7aeb99c5[State = -1, empty queue]] WARN  server.GrpcLogAppender (GrpcLogAppender.java:timeoutAppendRequest(200)) - 43b8dda0-1fac-498c-94e0-436a32ed8ccd@group-248F13D822B7->166d57fa-ec73-4a99-b6df-0ab3ad0d7909-GrpcLogAppender: appendEntries Timeout, request=43b8dda0-1fac-498c-94e0-436a32ed8ccd->166d57fa-ec73-4a99-b6df-0ab3ad0d7909#134-t2, previous=(t:2, i:20), leaderCommit=16, initializing? false, entries: <empty>
2019-09-10 18:33:57,004 [java.util.concurrent.ThreadPoolExecutor$Worker@781538ae[State = -1, empty queue]] WARN  server.GrpcLogAppender (GrpcLogAppender.java:timeoutAppendRequest(200)) - 59afee6f-3342-47f6-8cd2-a67165187773@group-C790A911BCD5->fc430ad7-c10f-4afd-84a3-4263b60fc3a5-GrpcLogAppender: appendEntries Timeout, request=59afee6f-3342-47f6-8cd2-a67165187773->fc430ad7-c10f-4afd-84a3-4263b60fc3a5#130-t3, previous=(t:3, i:20), leaderCommit=16, initializing? false, entries: <empty>
2019-09-10 18:33:57,004 [java.util.concurrent.ThreadPoolExecutor$Worker@2130bf45[State = -1, empty queue]] WARN  server.GrpcLogAppender (GrpcLogAppender.java:timeoutAppendRequest(200)) - 59afee6f-3342-47f6-8cd2-a67165187773@group-C790A911BCD5->f9c92805-78f9-4aa2-ad11-0f5c06c060e3-GrpcLogAppender: appendEntries Timeout, request=59afee6f-3342-47f6-8cd2-a67165187773->f9c92805-78f9-4aa2-ad11-0f5c06c060e3#130-t3, previous=(t:3, i:20), leaderCommit=16, initializing? false, entries: <empty>
2019-09-10 18:33:57,283 [java.util.concurrent.ThreadPoolExecutor$Worker@2fb8de94[State = -1, empty queue]] WARN  server.GrpcLogAppender (GrpcLogAppender.java:timeoutAppendRequest(200)) - 43b8dda0-1fac-498c-94e0-436a32ed8ccd@group-248F13D822B7->114338b4-3ae2-46b3-98b7-a583d2a0bf23-GrpcLogAppender: appendEntries Timeout, request=43b8dda0-1fac-498c-94e0-436a32ed8ccd->114338b4-3ae2-46b3-98b7-a583d2a0bf23#135-t2, previous=(t:2, i:20), leaderCommit=16, initializing? false, entries: <empty>
2019-09-10 18:33:57,283 [java.util.concurrent.ThreadPoolExecutor$Worker@7aeb99c5[State = -1, empty queue]] WARN  server.GrpcLogAppender (GrpcLogAppender.java:timeoutAppendRequest(200)) - 43b8dda0-1fac-498c-94e0-436a32ed8ccd@group-248F13D822B7->166d57fa-ec73-4a99-b6df-0ab3ad0d7909-GrpcLogAppender: appendEntries Timeout, request=43b8dda0-1fac-498c-94e0-436a32ed8ccd->166d57fa-ec73-4a99-b6df-0ab3ad0d7909#135-t2, previous=(t:2, i:20), leaderCommit=16, initializing? false, entries: <empty>
2019-09-10 18:33:57,505 [java.util.concurrent.ThreadPoolExecutor$Worker@781538ae[State = -1, empty queue]] WARN  server.GrpcLogAppender (GrpcLogAppender.java:timeoutAppendRequest(200)) - 59afee6f-3342-47f6-8cd2-a67165187773@group-C790A911BCD5->fc430ad7-c10f-4afd-84a3-4263b60fc3a5-GrpcLogAppender: appendEntries Timeout, request=59afee6f-3342-47f6-8cd2-a67165187773->fc430ad7-c10f-4afd-84a3-4263b60fc3a5#131-t3, previous=(t:3, i:20), leaderCommit=16, initializing? false, entries: <empty>
2019-09-10 18:33:57,505 [java.util.concurrent.ThreadPoolExecutor$Worker@2130bf45[State = -1, empty queue]] WARN  server.GrpcLogAppender (GrpcLogAppender.java:timeoutAppendRequest(200)) - 59afee6f-3342-47f6-8cd2-a67165187773@group-C790A911BCD5->f9c92805-78f9-4aa2-ad11-0f5c06c060e3-GrpcLogAppender: appendEntries Timeout, request=59afee6f-3342-47f6-8cd2-a67165187773->f9c92805-78f9-4aa2-ad11-0f5c06c060e3#131-t3, previous=(t:3, i:20), leaderCommit=16, initializing? false, entries: <empty>
2019-09-10 18:33:57,628 [Thread-1373] INFO  impl.FollowerState (FollowerState.java:run(106)) - a5c56bc8-e609-4560-873f-c4715c8bfbf6:group-F10CA6FB56ED changes to CANDIDATE, lastRpcTime:1118, electionTimeout:1118ms
2019-09-10 18:33:57,629 [Thread-1373] INFO  impl.RoleInfo (RoleInfo.java:shutdownFollowerState(121)) - a5c56bc8-e609-4560-873f-c4715c8bfbf6: shutdown FollowerState
2019-09-10 18:33:57,629 [Thread-1373] INFO  impl.RaftServerImpl (RaftServerImpl.java:setRole(174)) - a5c56bc8-e609-4560-873f-c4715c8bfbf6@group-F10CA6FB56ED: changes role from  FOLLOWER to CANDIDATE at term 16 for changeToCandidate
2019-09-10 18:33:57,629 [Thread-1373] INFO  impl.RoleInfo (RoleInfo.java:updateAndGet(143)) - a5c56bc8-e609-4560-873f-c4715c8bfbf6: start LeaderElection
2019-09-10 18:33:57,664 [a5c56bc8-e609-4560-873f-c4715c8bfbf6@group-F10CA6FB56ED:LeaderElection42] INFO  impl.LeaderElection (LeaderElection.java:askForVotes(182)) - a5c56bc8-e609-4560-873f-c4715c8bfbf6@group-F10CA6FB56ED:LeaderElection42: begin an election at term 17 for 0: [7e7e06ff-ff15-4a73-bf67-b60124f5dbc2:192.168.5.139:37758, a5c56bc8-e609-4560-873f-c4715c8bfbf6:192.168.5.139:44770, dc34f224-6fe7-4a16-b3d0-41df1e51aada:192.168.5.139:40510], old=null
2019-09-10 18:33:57,665 [a5c56bc8-e609-4560-873f-c4715c8bfbf6@group-F10CA6FB56ED:LeaderElection42] INFO  impl.LeaderElection (LogUtils.java:infoOrTrace(149)) - a5c56bc8-e609-4560-873f-c4715c8bfbf6@group-F10CA6FB56ED:LeaderElection42 got exception when requesting votes: {}
java.util.concurrent.ExecutionException: org.apache.ratis.thirdparty.io.grpc.StatusRuntimeException: UNAVAILABLE: io exception
	at java.util.concurrent.FutureTask.report(FutureTask.java:122)
	at java.util.concurrent.FutureTask.get(FutureTask.java:192)
	at org.apache.ratis.server.impl.LeaderElection.waitForResults(LeaderElection.java:263)
	at org.apache.ratis.server.impl.LeaderElection.askForVotes(LeaderElection.java:201)
	at org.apache.ratis.server.impl.LeaderElection.run(LeaderElection.java:133)
	at java.lang.Thread.run(Thread.java:748)
Caused by: org.apache.ratis.thirdparty.io.grpc.StatusRuntimeException: UNAVAILABLE: io exception
	at org.apache.ratis.thirdparty.io.grpc.stub.ClientCalls.toStatusRuntimeException(ClientCalls.java:233)
	at org.apache.ratis.thirdparty.io.grpc.stub.ClientCalls.getUnchecked(ClientCalls.java:214)
	at org.apache.ratis.thirdparty.io.grpc.stub.ClientCalls.blockingUnaryCall(ClientCalls.java:139)
	at org.apache.ratis.proto.grpc.RaftServerProtocolServiceGrpc$RaftServerProtocolServiceBlockingStub.requestVote(RaftServerProtocolServiceGrpc.java:265)
	at org.apache.ratis.grpc.server.GrpcServerProtocolClient.requestVote(GrpcServerProtocolClient.java:90)
	at org.apache.ratis.grpc.server.GrpcService.requestVote(GrpcService.java:204)
	at org.apache.ratis.server.impl.LeaderElection.lambda$submitRequests$1(LeaderElection.java:238)
	at java.util.concurrent.FutureTask.run(FutureTask.java:266)
	at java.util.concurrent.Executors$RunnableAdapter.call(Executors.java:511)
	at java.util.concurrent.FutureTask.run(FutureTask.java:266)
	at java.util.concurrent.ThreadPoolExecutor.runWorker(ThreadPoolExecutor.java:1149)
	at java.util.concurrent.ThreadPoolExecutor$Worker.run(ThreadPoolExecutor.java:624)
	... 1 more
Caused by: org.apache.ratis.thirdparty.io.netty.channel.AbstractChannel$AnnotatedConnectException: Connection refused: /192.168.5.139:37758
	at sun.nio.ch.SocketChannelImpl.checkConnect(Native Method)
	at sun.nio.ch.SocketChannelImpl.finishConnect(SocketChannelImpl.java:717)
	at org.apache.ratis.thirdparty.io.netty.channel.socket.nio.NioSocketChannel.doFinishConnect(NioSocketChannel.java:327)
	at org.apache.ratis.thirdparty.io.netty.channel.nio.AbstractNioChannel$AbstractNioUnsafe.finishConnect(AbstractNioChannel.java:340)
	at org.apache.ratis.thirdparty.io.netty.channel.nio.NioEventLoop.processSelectedKey(NioEventLoop.java:632)
	at org.apache.ratis.thirdparty.io.netty.channel.nio.NioEventLoop.processSelectedKeysOptimized(NioEventLoop.java:579)
	at org.apache.ratis.thirdparty.io.netty.channel.nio.NioEventLoop.processSelectedKeys(NioEventLoop.java:496)
	at org.apache.ratis.thirdparty.io.netty.channel.nio.NioEventLoop.run(NioEventLoop.java:458)
	at org.apache.ratis.thirdparty.io.netty.util.concurrent.SingleThreadEventExecutor$5.run(SingleThreadEventExecutor.java:897)
	at org.apache.ratis.thirdparty.io.netty.util.concurrent.FastThreadLocalRunnable.run(FastThreadLocalRunnable.java:30)
	... 1 more
Caused by: java.net.ConnectException: Connection refused
	... 11 more
2019-09-10 18:33:57,669 [a5c56bc8-e609-4560-873f-c4715c8bfbf6@group-F10CA6FB56ED:LeaderElection42] INFO  impl.LeaderElection (LogUtils.java:infoOrTrace(149)) - a5c56bc8-e609-4560-873f-c4715c8bfbf6@group-F10CA6FB56ED:LeaderElection42 got exception when requesting votes: {}
java.util.concurrent.ExecutionException: org.apache.ratis.thirdparty.io.grpc.StatusRuntimeException: UNAVAILABLE: io exception
	at java.util.concurrent.FutureTask.report(FutureTask.java:122)
	at java.util.concurrent.FutureTask.get(FutureTask.java:192)
	at org.apache.ratis.server.impl.LeaderElection.waitForResults(LeaderElection.java:263)
	at org.apache.ratis.server.impl.LeaderElection.askForVotes(LeaderElection.java:201)
	at org.apache.ratis.server.impl.LeaderElection.run(LeaderElection.java:133)
	at java.lang.Thread.run(Thread.java:748)
Caused by: org.apache.ratis.thirdparty.io.grpc.StatusRuntimeException: UNAVAILABLE: io exception
	at org.apache.ratis.thirdparty.io.grpc.stub.ClientCalls.toStatusRuntimeException(ClientCalls.java:233)
	at org.apache.ratis.thirdparty.io.grpc.stub.ClientCalls.getUnchecked(ClientCalls.java:214)
	at org.apache.ratis.thirdparty.io.grpc.stub.ClientCalls.blockingUnaryCall(ClientCalls.java:139)
	at org.apache.ratis.proto.grpc.RaftServerProtocolServiceGrpc$RaftServerProtocolServiceBlockingStub.requestVote(RaftServerProtocolServiceGrpc.java:265)
	at org.apache.ratis.grpc.server.GrpcServerProtocolClient.requestVote(GrpcServerProtocolClient.java:90)
	at org.apache.ratis.grpc.server.GrpcService.requestVote(GrpcService.java:204)
	at org.apache.ratis.server.impl.LeaderElection.lambda$submitRequests$1(LeaderElection.java:238)
	at java.util.concurrent.FutureTask.run(FutureTask.java:266)
	at java.util.concurrent.Executors$RunnableAdapter.call(Executors.java:511)
	at java.util.concurrent.FutureTask.run(FutureTask.java:266)
	at java.util.concurrent.ThreadPoolExecutor.runWorker(ThreadPoolExecutor.java:1149)
	at java.util.concurrent.ThreadPoolExecutor$Worker.run(ThreadPoolExecutor.java:624)
	... 1 more
Caused by: org.apache.ratis.thirdparty.io.netty.channel.AbstractChannel$AnnotatedConnectException: Connection refused: /192.168.5.139:40510
	at sun.nio.ch.SocketChannelImpl.checkConnect(Native Method)
	at sun.nio.ch.SocketChannelImpl.finishConnect(SocketChannelImpl.java:717)
	at org.apache.ratis.thirdparty.io.netty.channel.socket.nio.NioSocketChannel.doFinishConnect(NioSocketChannel.java:327)
	at org.apache.ratis.thirdparty.io.netty.channel.nio.AbstractNioChannel$AbstractNioUnsafe.finishConnect(AbstractNioChannel.java:340)
	at org.apache.ratis.thirdparty.io.netty.channel.nio.NioEventLoop.processSelectedKey(NioEventLoop.java:632)
	at org.apache.ratis.thirdparty.io.netty.channel.nio.NioEventLoop.processSelectedKeysOptimized(NioEventLoop.java:579)
	at org.apache.ratis.thirdparty.io.netty.channel.nio.NioEventLoop.processSelectedKeys(NioEventLoop.java:496)
	at org.apache.ratis.thirdparty.io.netty.channel.nio.NioEventLoop.run(NioEventLoop.java:458)
	at org.apache.ratis.thirdparty.io.netty.util.concurrent.SingleThreadEventExecutor$5.run(SingleThreadEventExecutor.java:897)
	at org.apache.ratis.thirdparty.io.netty.util.concurrent.FastThreadLocalRunnable.run(FastThreadLocalRunnable.java:30)
	... 1 more
Caused by: java.net.ConnectException: Connection refused
	... 11 more
2019-09-10 18:33:57,673 [a5c56bc8-e609-4560-873f-c4715c8bfbf6@group-F10CA6FB56ED:LeaderElection42] INFO  impl.LeaderElection (LeaderElection.java:logAndReturn(56)) - a5c56bc8-e609-4560-873f-c4715c8bfbf6@group-F10CA6FB56ED:LeaderElection42: Election REJECTED; received 0 response(s) [] and 2 exception(s); a5c56bc8-e609-4560-873f-c4715c8bfbf6@group-F10CA6FB56ED:t17, leader=null, voted=a5c56bc8-e609-4560-873f-c4715c8bfbf6, raftlog=a5c56bc8-e609-4560-873f-c4715c8bfbf6@group-F10CA6FB56ED-SegmentedRaftLog:OPENED:c32,f32,i32, conf=0: [7e7e06ff-ff15-4a73-bf67-b60124f5dbc2:192.168.5.139:37758, a5c56bc8-e609-4560-873f-c4715c8bfbf6:192.168.5.139:44770, dc34f224-6fe7-4a16-b3d0-41df1e51aada:192.168.5.139:40510], old=null
2019-09-10 18:33:57,673 [a5c56bc8-e609-4560-873f-c4715c8bfbf6@group-F10CA6FB56ED:LeaderElection42] INFO  impl.LeaderElection (LogUtils.java:infoOrTrace(149)) -   Exception 0: {}
java.util.concurrent.ExecutionException: org.apache.ratis.thirdparty.io.grpc.StatusRuntimeException: UNAVAILABLE: io exception
	at java.util.concurrent.FutureTask.report(FutureTask.java:122)
	at java.util.concurrent.FutureTask.get(FutureTask.java:192)
	at org.apache.ratis.server.impl.LeaderElection.waitForResults(LeaderElection.java:263)
	at org.apache.ratis.server.impl.LeaderElection.askForVotes(LeaderElection.java:201)
	at org.apache.ratis.server.impl.LeaderElection.run(LeaderElection.java:133)
	at java.lang.Thread.run(Thread.java:748)
Caused by: org.apache.ratis.thirdparty.io.grpc.StatusRuntimeException: UNAVAILABLE: io exception
	at org.apache.ratis.thirdparty.io.grpc.stub.ClientCalls.toStatusRuntimeException(ClientCalls.java:233)
	at org.apache.ratis.thirdparty.io.grpc.stub.ClientCalls.getUnchecked(ClientCalls.java:214)
	at org.apache.ratis.thirdparty.io.grpc.stub.ClientCalls.blockingUnaryCall(ClientCalls.java:139)
	at org.apache.ratis.proto.grpc.RaftServerProtocolServiceGrpc$RaftServerProtocolServiceBlockingStub.requestVote(RaftServerProtocolServiceGrpc.java:265)
	at org.apache.ratis.grpc.server.GrpcServerProtocolClient.requestVote(GrpcServerProtocolClient.java:90)
	at org.apache.ratis.grpc.server.GrpcService.requestVote(GrpcService.java:204)
	at org.apache.ratis.server.impl.LeaderElection.lambda$submitRequests$1(LeaderElection.java:238)
	at java.util.concurrent.FutureTask.run(FutureTask.java:266)
	at java.util.concurrent.Executors$RunnableAdapter.call(Executors.java:511)
	at java.util.concurrent.FutureTask.run(FutureTask.java:266)
	at java.util.concurrent.ThreadPoolExecutor.runWorker(ThreadPoolExecutor.java:1149)
	at java.util.concurrent.ThreadPoolExecutor$Worker.run(ThreadPoolExecutor.java:624)
	... 1 more
Caused by: org.apache.ratis.thirdparty.io.netty.channel.AbstractChannel$AnnotatedConnectException: Connection refused: /192.168.5.139:37758
	at sun.nio.ch.SocketChannelImpl.checkConnect(Native Method)
	at sun.nio.ch.SocketChannelImpl.finishConnect(SocketChannelImpl.java:717)
	at org.apache.ratis.thirdparty.io.netty.channel.socket.nio.NioSocketChannel.doFinishConnect(NioSocketChannel.java:327)
	at org.apache.ratis.thirdparty.io.netty.channel.nio.AbstractNioChannel$AbstractNioUnsafe.finishConnect(AbstractNioChannel.java:340)
	at org.apache.ratis.thirdparty.io.netty.channel.nio.NioEventLoop.processSelectedKey(NioEventLoop.java:632)
	at org.apache.ratis.thirdparty.io.netty.channel.nio.NioEventLoop.processSelectedKeysOptimized(NioEventLoop.java:579)
	at org.apache.ratis.thirdparty.io.netty.channel.nio.NioEventLoop.processSelectedKeys(NioEventLoop.java:496)
	at org.apache.ratis.thirdparty.io.netty.channel.nio.NioEventLoop.run(NioEventLoop.java:458)
	at org.apache.ratis.thirdparty.io.netty.util.concurrent.SingleThreadEventExecutor$5.run(SingleThreadEventExecutor.java:897)
	at org.apache.ratis.thirdparty.io.netty.util.concurrent.FastThreadLocalRunnable.run(FastThreadLocalRunnable.java:30)
	... 1 more
Caused by: java.net.ConnectException: Connection refused
	... 11 more
2019-09-10 18:33:57,673 [a5c56bc8-e609-4560-873f-c4715c8bfbf6@group-F10CA6FB56ED:LeaderElection42] INFO  impl.LeaderElection (LogUtils.java:infoOrTrace(149)) -   Exception 1: {}
java.util.concurrent.ExecutionException: org.apache.ratis.thirdparty.io.grpc.StatusRuntimeException: UNAVAILABLE: io exception
	at java.util.concurrent.FutureTask.report(FutureTask.java:122)
	at java.util.concurrent.FutureTask.get(FutureTask.java:192)
	at org.apache.ratis.server.impl.LeaderElection.waitForResults(LeaderElection.java:263)
	at org.apache.ratis.server.impl.LeaderElection.askForVotes(LeaderElection.java:201)
	at org.apache.ratis.server.impl.LeaderElection.run(LeaderElection.java:133)
	at java.lang.Thread.run(Thread.java:748)
Caused by: org.apache.ratis.thirdparty.io.grpc.StatusRuntimeException: UNAVAILABLE: io exception
	at org.apache.ratis.thirdparty.io.grpc.stub.ClientCalls.toStatusRuntimeException(ClientCalls.java:233)
	at org.apache.ratis.thirdparty.io.grpc.stub.ClientCalls.getUnchecked(ClientCalls.java:214)
	at org.apache.ratis.thirdparty.io.grpc.stub.ClientCalls.blockingUnaryCall(ClientCalls.java:139)
	at org.apache.ratis.proto.grpc.RaftServerProtocolServiceGrpc$RaftServerProtocolServiceBlockingStub.requestVote(RaftServerProtocolServiceGrpc.java:265)
	at org.apache.ratis.grpc.server.GrpcServerProtocolClient.requestVote(GrpcServerProtocolClient.java:90)
	at org.apache.ratis.grpc.server.GrpcService.requestVote(GrpcService.java:204)
	at org.apache.ratis.server.impl.LeaderElection.lambda$submitRequests$1(LeaderElection.java:238)
	at java.util.concurrent.FutureTask.run(FutureTask.java:266)
	at java.util.concurrent.Executors$RunnableAdapter.call(Executors.java:511)
	at java.util.concurrent.FutureTask.run(FutureTask.java:266)
	at java.util.concurrent.ThreadPoolExecutor.runWorker(ThreadPoolExecutor.java:1149)
	at java.util.concurrent.ThreadPoolExecutor$Worker.run(ThreadPoolExecutor.java:624)
	... 1 more
Caused by: org.apache.ratis.thirdparty.io.netty.channel.AbstractChannel$AnnotatedConnectException: Connection refused: /192.168.5.139:40510
	at sun.nio.ch.SocketChannelImpl.checkConnect(Native Method)
	at sun.nio.ch.SocketChannelImpl.finishConnect(SocketChannelImpl.java:717)
	at org.apache.ratis.thirdparty.io.netty.channel.socket.nio.NioSocketChannel.doFinishConnect(NioSocketChannel.java:327)
	at org.apache.ratis.thirdparty.io.netty.channel.nio.AbstractNioChannel$AbstractNioUnsafe.finishConnect(AbstractNioChannel.java:340)
	at org.apache.ratis.thirdparty.io.netty.channel.nio.NioEventLoop.processSelectedKey(NioEventLoop.java:632)
	at org.apache.ratis.thirdparty.io.netty.channel.nio.NioEventLoop.processSelectedKeysOptimized(NioEventLoop.java:579)
	at org.apache.ratis.thirdparty.io.netty.channel.nio.NioEventLoop.processSelectedKeys(NioEventLoop.java:496)
	at org.apache.ratis.thirdparty.io.netty.channel.nio.NioEventLoop.run(NioEventLoop.java:458)
	at org.apache.ratis.thirdparty.io.netty.util.concurrent.SingleThreadEventExecutor$5.run(SingleThreadEventExecutor.java:897)
	at org.apache.ratis.thirdparty.io.netty.util.concurrent.FastThreadLocalRunnable.run(FastThreadLocalRunnable.java:30)
	... 1 more
Caused by: java.net.ConnectException: Connection refused
	... 11 more
2019-09-10 18:33:57,674 [a5c56bc8-e609-4560-873f-c4715c8bfbf6@group-F10CA6FB56ED:LeaderElection42] INFO  impl.RaftServerImpl (RaftServerImpl.java:setRole(174)) - a5c56bc8-e609-4560-873f-c4715c8bfbf6@group-F10CA6FB56ED: changes role from CANDIDATE to FOLLOWER at term 17 for DISCOVERED_A_NEW_TERM
2019-09-10 18:33:57,674 [a5c56bc8-e609-4560-873f-c4715c8bfbf6@group-F10CA6FB56ED:LeaderElection42] INFO  impl.RoleInfo (RoleInfo.java:shutdownLeaderElection(134)) - a5c56bc8-e609-4560-873f-c4715c8bfbf6: shutdown LeaderElection
2019-09-10 18:33:57,674 [a5c56bc8-e609-4560-873f-c4715c8bfbf6@group-F10CA6FB56ED:LeaderElection42] INFO  impl.RoleInfo (RoleInfo.java:updateAndGet(143)) - a5c56bc8-e609-4560-873f-c4715c8bfbf6: start FollowerState
2019-09-10 18:33:57,784 [java.util.concurrent.ThreadPoolExecutor$Worker@7aeb99c5[State = -1, empty queue]] WARN  server.GrpcLogAppender (GrpcLogAppender.java:timeoutAppendRequest(200)) - 43b8dda0-1fac-498c-94e0-436a32ed8ccd@group-248F13D822B7->166d57fa-ec73-4a99-b6df-0ab3ad0d7909-GrpcLogAppender: appendEntries Timeout, request=43b8dda0-1fac-498c-94e0-436a32ed8ccd->166d57fa-ec73-4a99-b6df-0ab3ad0d7909#136-t2, previous=(t:2, i:20), leaderCommit=16, initializing? false, entries: <empty>
2019-09-10 18:33:57,784 [java.util.concurrent.ThreadPoolExecutor$Worker@2fb8de94[State = -1, empty queue]] WARN  server.GrpcLogAppender (GrpcLogAppender.java:timeoutAppendRequest(200)) - 43b8dda0-1fac-498c-94e0-436a32ed8ccd@group-248F13D822B7->114338b4-3ae2-46b3-98b7-a583d2a0bf23-GrpcLogAppender: appendEntries Timeout, request=43b8dda0-1fac-498c-94e0-436a32ed8ccd->114338b4-3ae2-46b3-98b7-a583d2a0bf23#136-t2, previous=(t:2, i:20), leaderCommit=16, initializing? false, entries: <empty>
2019-09-10 18:33:57,875 [main] WARN  io.KeyOutputStream (KeyOutputStream.java:handleException(276)) - Encountered exception java.io.IOException: Unexpected Storage Container Exception: java.util.concurrent.CompletionException: java.util.concurrent.CompletionException: org.apache.ratis.protocol.RaftRetryFailureException: Failed RaftClientRequest:client-35727EB443AA->43b8dda0-1fac-498c-94e0-436a32ed8ccd@group-248F13D822B7, cid=63, seq=9*, RW, org.apache.hadoop.hdds.scm.XceiverClientRatis$$Lambda$456/309790180@6cafef59 for 10 attempts with RetryLimited(maxAttempts=10, sleepTime=1000ms) on the pipeline Pipeline[ Id: 65e8c64c-afec-4d62-a834-248f13d822b7, Nodes: 114338b4-3ae2-46b3-98b7-a583d2a0bf23{ip: 192.168.5.139, host: pr-hdds-1786-trunk-k6rzm-1803654198, networkLocation: /default-rack, certSerialId: null}43b8dda0-1fac-498c-94e0-436a32ed8ccd{ip: 192.168.5.139, host: pr-hdds-1786-trunk-k6rzm-1803654198, networkLocation: /default-rack, certSerialId: null}166d57fa-ec73-4a99-b6df-0ab3ad0d7909{ip: 192.168.5.139, host: pr-hdds-1786-trunk-k6rzm-1803654198, networkLocation: /default-rack, certSerialId: null}, Type:RATIS, Factor:THREE, State:OPEN]. The last committed block length is 0, uncommitted data length is 2097152 retry count 0
2019-09-10 18:33:57,908 [IPC Server handler 14 on 46213] WARN  block.BlockManagerImpl (BlockManagerImpl.java:allocateBlock(192)) - Pipeline creation failed for type:RATIS factor:THREE. Retrying get pipelines call once.
org.apache.hadoop.hdds.scm.pipeline.InsufficientDatanodesException: Cannot create pipeline of factor 3 using 1 nodes.
	at org.apache.hadoop.hdds.scm.pipeline.RatisPipelineProvider.create(RatisPipelineProvider.java:152)
	at org.apache.hadoop.hdds.scm.pipeline.PipelineFactory.create(PipelineFactory.java:57)
	at org.apache.hadoop.hdds.scm.pipeline.SCMPipelineManager.createPipeline(SCMPipelineManager.java:151)
	at org.apache.hadoop.hdds.scm.block.BlockManagerImpl.allocateBlock(BlockManagerImpl.java:190)
	at org.apache.hadoop.hdds.scm.server.SCMBlockProtocolServer.allocateBlock(SCMBlockProtocolServer.java:182)
	at org.apache.hadoop.ozone.protocolPB.ScmBlockLocationProtocolServerSideTranslatorPB.allocateScmBlock(ScmBlockLocationProtocolServerSideTranslatorPB.java:183)
	at org.apache.hadoop.ozone.protocolPB.ScmBlockLocationProtocolServerSideTranslatorPB.processMessage(ScmBlockLocationProtocolServerSideTranslatorPB.java:141)
	at org.apache.hadoop.ozone.protocolPB.ScmBlockLocationProtocolServerSideTranslatorPB.send(ScmBlockLocationProtocolServerSideTranslatorPB.java:116)
	at org.apache.hadoop.hdds.protocol.proto.ScmBlockLocationProtocolProtos$ScmBlockLocationProtocolService$2.callBlockingMethod(ScmBlockLocationProtocolProtos.java:13157)
	at org.apache.hadoop.ipc.ProtobufRpcEngine$Server$ProtoBufRpcInvoker.call(ProtobufRpcEngine.java:524)
	at org.apache.hadoop.ipc.RPC$Server.call(RPC.java:1025)
	at org.apache.hadoop.ipc.Server$RpcCall.run(Server.java:876)
	at org.apache.hadoop.ipc.Server$RpcCall.run(Server.java:822)
	at java.security.AccessController.doPrivileged(Native Method)
	at javax.security.auth.Subject.doAs(Subject.java:422)
	at org.apache.hadoop.security.UserGroupInformation.doAs(UserGroupInformation.java:1730)
	at org.apache.hadoop.ipc.Server$Handler.run(Server.java:2682)
2019-09-10 18:33:57,913 [IPC Server handler 14 on 46213] INFO  block.BlockManagerImpl (BlockManagerImpl.java:allocateBlock(198)) - Could not find available pipeline of type:RATIS and factor:THREE even after retrying
2019-09-10 18:33:57,913 [IPC Server handler 14 on 46213] ERROR block.BlockManagerImpl (BlockManagerImpl.java:allocateBlock(222)) - Unable to allocate a block for the size: 4194304, type: RATIS, factor: THREE
2019-09-10 18:33:57,919 [main] ERROR io.BlockOutputStreamEntryPool (BlockOutputStreamEntryPool.java:allocateBlockIfNeeded(299)) - Try to allocate more blocks for write failed, already allocated 0 blocks for this write.
INTERNAL_ERROR org.apache.hadoop.ozone.om.exceptions.OMException: Allocated 0 blocks. Requested 1 blocks
	at org.apache.hadoop.ozone.om.protocolPB.OzoneManagerProtocolClientSideTranslatorPB.handleError(OzoneManagerProtocolClientSideTranslatorPB.java:725)
	at org.apache.hadoop.ozone.om.protocolPB.OzoneManagerProtocolClientSideTranslatorPB.allocateBlock(OzoneManagerProtocolClientSideTranslatorPB.java:757)
	at org.apache.hadoop.ozone.client.io.BlockOutputStreamEntryPool.allocateNewBlock(BlockOutputStreamEntryPool.java:248)
	at org.apache.hadoop.ozone.client.io.BlockOutputStreamEntryPool.allocateBlockIfNeeded(BlockOutputStreamEntryPool.java:296)
	at org.apache.hadoop.ozone.client.io.KeyOutputStream.handleWrite(KeyOutputStream.java:201)
	at org.apache.hadoop.ozone.client.io.KeyOutputStream.handleRetry(KeyOutputStream.java:376)
	at org.apache.hadoop.ozone.client.io.KeyOutputStream.handleException(KeyOutputStream.java:325)
	at org.apache.hadoop.ozone.client.io.KeyOutputStream.handleWrite(KeyOutputStream.java:231)
	at org.apache.hadoop.ozone.client.io.KeyOutputStream.write(KeyOutputStream.java:193)
	at org.apache.hadoop.ozone.client.io.OzoneOutputStream.write(OzoneOutputStream.java:49)
	at java.io.OutputStream.write(OutputStream.java:75)
	at org.apache.hadoop.ozone.client.rpc.TestMultiBlockWritesWithDnFailures.testMultiBlockWritesWithIntermittentDnFailures(TestMultiBlockWritesWithDnFailures.java:196)
	at sun.reflect.NativeMethodAccessorImpl.invoke0(Native Method)
	at sun.reflect.NativeMethodAccessorImpl.invoke(NativeMethodAccessorImpl.java:62)
	at sun.reflect.DelegatingMethodAccessorImpl.invoke(DelegatingMethodAccessorImpl.java:43)
	at java.lang.reflect.Method.invoke(Method.java:498)
	at org.junit.runners.model.FrameworkMethod$1.runReflectiveCall(FrameworkMethod.java:47)
	at org.junit.internal.runners.model.ReflectiveCallable.run(ReflectiveCallable.java:12)
	at org.junit.runners.model.FrameworkMethod.invokeExplosively(FrameworkMethod.java:44)
	at org.junit.internal.runners.statements.InvokeMethod.evaluate(InvokeMethod.java:17)
	at org.junit.internal.runners.statements.RunAfters.evaluate(RunAfters.java:27)
	at org.junit.runners.ParentRunner.runLeaf(ParentRunner.java:271)
	at org.junit.runners.BlockJUnit4ClassRunner.runChild(BlockJUnit4ClassRunner.java:70)
	at org.junit.runners.BlockJUnit4ClassRunner.runChild(BlockJUnit4ClassRunner.java:50)
	at org.junit.runners.ParentRunner$3.run(ParentRunner.java:238)
	at org.junit.runners.ParentRunner$1.schedule(ParentRunner.java:63)
	at org.junit.runners.ParentRunner.runChildren(ParentRunner.java:236)
	at org.junit.runners.ParentRunner.access$000(ParentRunner.java:53)
	at org.junit.runners.ParentRunner$2.evaluate(ParentRunner.java:229)
	at org.junit.runners.ParentRunner.run(ParentRunner.java:309)
	at org.apache.maven.surefire.junit4.JUnit4Provider.execute(JUnit4Provider.java:365)
	at org.apache.maven.surefire.junit4.JUnit4Provider.executeWithRerun(JUnit4Provider.java:273)
	at org.apache.maven.surefire.junit4.JUnit4Provider.executeTestSet(JUnit4Provider.java:238)
	at org.apache.maven.surefire.junit4.JUnit4Provider.invoke(JUnit4Provider.java:159)
	at org.apache.maven.surefire.booter.ForkedBooter.invokeProviderInSameClassLoader(ForkedBooter.java:384)
	at org.apache.maven.surefire.booter.ForkedBooter.runSuitesInProcess(ForkedBooter.java:345)
	at org.apache.maven.surefire.booter.ForkedBooter.execute(ForkedBooter.java:126)
	at org.apache.maven.surefire.booter.ForkedBooter.main(ForkedBooter.java:418)
2019-09-10 18:33:57,920 [main] INFO  ozone.MiniOzoneClusterImpl (MiniOzoneClusterImpl.java:shutdown(307)) - Shutting down the Mini Ozone Cluster
2019-09-10 18:33:57,921 [main] INFO  ozone.MiniOzoneClusterImpl (MiniOzoneClusterImpl.java:stop(322)) - Stopping the Mini Ozone Cluster
2019-09-10 18:33:57,921 [main] INFO  ozone.MiniOzoneClusterImpl (MiniOzoneClusterImpl.java:stop(324)) - Stopping the OzoneManager
2019-09-10 18:33:57,921 [main] INFO  ipc.Server (Server.java:stop(3082)) - Stopping server on 34247
2019-09-10 18:33:57,932 [IPC Server listener on 34247] INFO  ipc.Server (Server.java:run(1185)) - Stopping IPC Server listener on 34247
2019-09-10 18:33:57,935 [main] INFO  ratis.OzoneManagerDoubleBuffer (OzoneManagerDoubleBuffer.java:stop(248)) - Stopping OMDoubleBuffer flush thread
2019-09-10 18:33:57,938 [IPC Server Responder] INFO  ipc.Server (Server.java:run(1319)) - Stopping IPC Server Responder
2019-09-10 18:33:57,940 [OMDoubleBufferFlushThread] INFO  ratis.OzoneManagerDoubleBuffer (OzoneManagerDoubleBuffer.java:flushTransactions(191)) - OMDoubleBuffer flush thread OMDoubleBufferFlushThread is interrupted and will exit. OMDoubleBufferFlushThread
2019-09-10 18:33:57,950 [main] INFO  utils.BackgroundService (BackgroundService.java:shutdown(148)) - Shutting down service KeyDeletingService
2019-09-10 18:33:57,962 [main] INFO  handler.ContextHandler (ContextHandler.java:doStop(910)) - Stopped o.e.j.w.WebAppContext@66e889df{/,null,UNAVAILABLE}{/ozoneManager}
2019-09-10 18:33:57,963 [main] INFO  server.AbstractConnector (AbstractConnector.java:doStop(318)) - Stopped ServerConnector@444548a0{HTTP/1.1,[http/1.1]}{0.0.0.0:0}
2019-09-10 18:33:57,963 [main] INFO  handler.ContextHandler (ContextHandler.java:doStop(910)) - Stopped o.e.j.s.ServletContextHandler@30331109{/static,file:///workdir/hadoop-ozone/integration-test/target/test-classes/webapps/static,UNAVAILABLE}
2019-09-10 18:33:57,963 [main] INFO  handler.ContextHandler (ContextHandler.java:doStop(910)) - Stopped o.e.j.s.ServletContextHandler@6c37bd27{/logs,file:///workdir/hadoop-ozone/integration-test/target/log,UNAVAILABLE}
2019-09-10 18:33:57,967 [main] INFO  ozone.MiniOzoneClusterImpl (MiniOzoneClusterImpl.java:stop(330)) - Shutting the HddsDatanodes
2019-09-10 18:33:58,005 [java.util.concurrent.ThreadPoolExecutor$Worker@781538ae[State = -1, empty queue]] WARN  server.GrpcLogAppender (GrpcLogAppender.java:timeoutAppendRequest(200)) - 59afee6f-3342-47f6-8cd2-a67165187773@group-C790A911BCD5->fc430ad7-c10f-4afd-84a3-4263b60fc3a5-GrpcLogAppender: appendEntries Timeout, request=59afee6f-3342-47f6-8cd2-a67165187773->fc430ad7-c10f-4afd-84a3-4263b60fc3a5#132-t3, previous=(t:3, i:20), leaderCommit=16, initializing? false, entries: <empty>
2019-09-10 18:33:58,005 [java.util.concurrent.ThreadPoolExecutor$Worker@2130bf45[State = -1, empty queue]] WARN  server.GrpcLogAppender (GrpcLogAppender.java:timeoutAppendRequest(200)) - 59afee6f-3342-47f6-8cd2-a67165187773@group-C790A911BCD5->f9c92805-78f9-4aa2-ad11-0f5c06c060e3-GrpcLogAppender: appendEntries Timeout, request=59afee6f-3342-47f6-8cd2-a67165187773->f9c92805-78f9-4aa2-ad11-0f5c06c060e3#132-t3, previous=(t:3, i:20), leaderCommit=16, initializing? false, entries: <empty>
2019-09-10 18:33:58,284 [java.util.concurrent.ThreadPoolExecutor$Worker@7aeb99c5[State = -1, empty queue]] WARN  server.GrpcLogAppender (GrpcLogAppender.java:timeoutAppendRequest(200)) - 43b8dda0-1fac-498c-94e0-436a32ed8ccd@group-248F13D822B7->166d57fa-ec73-4a99-b6df-0ab3ad0d7909-GrpcLogAppender: appendEntries Timeout, request=43b8dda0-1fac-498c-94e0-436a32ed8ccd->166d57fa-ec73-4a99-b6df-0ab3ad0d7909#137-t2, previous=(t:2, i:20), leaderCommit=16, initializing? false, entries: <empty>
2019-09-10 18:33:58,284 [java.util.concurrent.ThreadPoolExecutor$Worker@2fb8de94[State = -1, empty queue]] WARN  server.GrpcLogAppender (GrpcLogAppender.java:timeoutAppendRequest(200)) - 43b8dda0-1fac-498c-94e0-436a32ed8ccd@group-248F13D822B7->114338b4-3ae2-46b3-98b7-a583d2a0bf23-GrpcLogAppender: appendEntries Timeout, request=43b8dda0-1fac-498c-94e0-436a32ed8ccd->114338b4-3ae2-46b3-98b7-a583d2a0bf23#137-t2, previous=(t:2, i:20), leaderCommit=16, initializing? false, entries: <empty>
2019-09-10 18:33:58,311 [Datanode State Machine Thread - 0] INFO  statemachine.DatanodeStateMachine (DatanodeStateMachine.java:lambda$startDaemon$0(350)) - Ozone container server started.
2019-09-10 18:33:58,505 [java.util.concurrent.ThreadPoolExecutor$Worker@781538ae[State = -1, empty queue]] WARN  server.GrpcLogAppender (GrpcLogAppender.java:timeoutAppendRequest(200)) - 59afee6f-3342-47f6-8cd2-a67165187773@group-C790A911BCD5->fc430ad7-c10f-4afd-84a3-4263b60fc3a5-GrpcLogAppender: appendEntries Timeout, request=59afee6f-3342-47f6-8cd2-a67165187773->fc430ad7-c10f-4afd-84a3-4263b60fc3a5#133-t3, previous=(t:3, i:20), leaderCommit=16, initializing? false, entries: <empty>
2019-09-10 18:33:58,505 [java.util.concurrent.ThreadPoolExecutor$Worker@2130bf45[State = -1, empty queue]] WARN  server.GrpcLogAppender (GrpcLogAppender.java:timeoutAppendRequest(200)) - 59afee6f-3342-47f6-8cd2-a67165187773@group-C790A911BCD5->f9c92805-78f9-4aa2-ad11-0f5c06c060e3-GrpcLogAppender: appendEntries Timeout, request=59afee6f-3342-47f6-8cd2-a67165187773->f9c92805-78f9-4aa2-ad11-0f5c06c060e3#133-t3, previous=(t:3, i:20), leaderCommit=16, initializing? false, entries: <empty>
2019-09-10 18:33:58,714 [Thread-1385] INFO  impl.FollowerState (FollowerState.java:run(106)) - a5c56bc8-e609-4560-873f-c4715c8bfbf6:group-F10CA6FB56ED changes to CANDIDATE, lastRpcTime:1039, electionTimeout:1039ms
2019-09-10 18:33:58,714 [Thread-1385] INFO  impl.RoleInfo (RoleInfo.java:shutdownFollowerState(121)) - a5c56bc8-e609-4560-873f-c4715c8bfbf6: shutdown FollowerState
2019-09-10 18:33:58,714 [Thread-1385] INFO  impl.RaftServerImpl (RaftServerImpl.java:setRole(174)) - a5c56bc8-e609-4560-873f-c4715c8bfbf6@group-F10CA6FB56ED: changes role from  FOLLOWER to CANDIDATE at term 17 for changeToCandidate
2019-09-10 18:33:58,715 [Thread-1385] INFO  impl.RoleInfo (RoleInfo.java:updateAndGet(143)) - a5c56bc8-e609-4560-873f-c4715c8bfbf6: start LeaderElection
2019-09-10 18:33:58,751 [a5c56bc8-e609-4560-873f-c4715c8bfbf6@group-F10CA6FB56ED:LeaderElection43] INFO  impl.LeaderElection (LeaderElection.java:askForVotes(182)) - a5c56bc8-e609-4560-873f-c4715c8bfbf6@group-F10CA6FB56ED:LeaderElection43: begin an election at term 18 for 0: [7e7e06ff-ff15-4a73-bf67-b60124f5dbc2:192.168.5.139:37758, a5c56bc8-e609-4560-873f-c4715c8bfbf6:192.168.5.139:44770, dc34f224-6fe7-4a16-b3d0-41df1e51aada:192.168.5.139:40510], old=null
2019-09-10 18:33:58,752 [a5c56bc8-e609-4560-873f-c4715c8bfbf6@group-F10CA6FB56ED:LeaderElection43] INFO  impl.LeaderElection (LogUtils.java:infoOrTrace(149)) - a5c56bc8-e609-4560-873f-c4715c8bfbf6@group-F10CA6FB56ED:LeaderElection43 got exception when requesting votes: {}
java.util.concurrent.ExecutionException: org.apache.ratis.thirdparty.io.grpc.StatusRuntimeException: UNAVAILABLE: io exception
	at java.util.concurrent.FutureTask.report(FutureTask.java:122)
	at java.util.concurrent.FutureTask.get(FutureTask.java:192)
	at org.apache.ratis.server.impl.LeaderElection.waitForResults(LeaderElection.java:263)
	at org.apache.ratis.server.impl.LeaderElection.askForVotes(LeaderElection.java:201)
	at org.apache.ratis.server.impl.LeaderElection.run(LeaderElection.java:133)
	at java.lang.Thread.run(Thread.java:748)
Caused by: org.apache.ratis.thirdparty.io.grpc.StatusRuntimeException: UNAVAILABLE: io exception
	at org.apache.ratis.thirdparty.io.grpc.stub.ClientCalls.toStatusRuntimeException(ClientCalls.java:233)
	at org.apache.ratis.thirdparty.io.grpc.stub.ClientCalls.getUnchecked(ClientCalls.java:214)
	at org.apache.ratis.thirdparty.io.grpc.stub.ClientCalls.blockingUnaryCall(ClientCalls.java:139)
	at org.apache.ratis.proto.grpc.RaftServerProtocolServiceGrpc$RaftServerProtocolServiceBlockingStub.requestVote(RaftServerProtocolServiceGrpc.java:265)
	at org.apache.ratis.grpc.server.GrpcServerProtocolClient.requestVote(GrpcServerProtocolClient.java:90)
	at org.apache.ratis.grpc.server.GrpcService.requestVote(GrpcService.java:204)
	at org.apache.ratis.server.impl.LeaderElection.lambda$submitRequests$1(LeaderElection.java:238)
	at java.util.concurrent.FutureTask.run(FutureTask.java:266)
	at java.util.concurrent.Executors$RunnableAdapter.call(Executors.java:511)
	at java.util.concurrent.FutureTask.run(FutureTask.java:266)
	at java.util.concurrent.ThreadPoolExecutor.runWorker(ThreadPoolExecutor.java:1149)
	at java.util.concurrent.ThreadPoolExecutor$Worker.run(ThreadPoolExecutor.java:624)
	... 1 more
Caused by: org.apache.ratis.thirdparty.io.netty.channel.AbstractChannel$AnnotatedConnectException: Connection refused: /192.168.5.139:40510
	at sun.nio.ch.SocketChannelImpl.checkConnect(Native Method)
	at sun.nio.ch.SocketChannelImpl.finishConnect(SocketChannelImpl.java:717)
	at org.apache.ratis.thirdparty.io.netty.channel.socket.nio.NioSocketChannel.doFinishConnect(NioSocketChannel.java:327)
	at org.apache.ratis.thirdparty.io.netty.channel.nio.AbstractNioChannel$AbstractNioUnsafe.finishConnect(AbstractNioChannel.java:340)
	at org.apache.ratis.thirdparty.io.netty.channel.nio.NioEventLoop.processSelectedKey(NioEventLoop.java:632)
	at org.apache.ratis.thirdparty.io.netty.channel.nio.NioEventLoop.processSelectedKeysOptimized(NioEventLoop.java:579)
	at org.apache.ratis.thirdparty.io.netty.channel.nio.NioEventLoop.processSelectedKeys(NioEventLoop.java:496)
	at org.apache.ratis.thirdparty.io.netty.channel.nio.NioEventLoop.run(NioEventLoop.java:458)
	at org.apache.ratis.thirdparty.io.netty.util.concurrent.SingleThreadEventExecutor$5.run(SingleThreadEventExecutor.java:897)
	at org.apache.ratis.thirdparty.io.netty.util.concurrent.FastThreadLocalRunnable.run(FastThreadLocalRunnable.java:30)
	... 1 more
Caused by: java.net.ConnectException: Connection refused
	... 11 more
2019-09-10 18:33:58,756 [a5c56bc8-e609-4560-873f-c4715c8bfbf6@group-F10CA6FB56ED:LeaderElection43] INFO  impl.LeaderElection (LogUtils.java:infoOrTrace(149)) - a5c56bc8-e609-4560-873f-c4715c8bfbf6@group-F10CA6FB56ED:LeaderElection43 got exception when requesting votes: {}
java.util.concurrent.ExecutionException: org.apache.ratis.thirdparty.io.grpc.StatusRuntimeException: UNAVAILABLE: io exception
	at java.util.concurrent.FutureTask.report(FutureTask.java:122)
	at java.util.concurrent.FutureTask.get(FutureTask.java:192)
	at org.apache.ratis.server.impl.LeaderElection.waitForResults(LeaderElection.java:263)
	at org.apache.ratis.server.impl.LeaderElection.askForVotes(LeaderElection.java:201)
	at org.apache.ratis.server.impl.LeaderElection.run(LeaderElection.java:133)
	at java.lang.Thread.run(Thread.java:748)
Caused by: org.apache.ratis.thirdparty.io.grpc.StatusRuntimeException: UNAVAILABLE: io exception
	at org.apache.ratis.thirdparty.io.grpc.stub.ClientCalls.toStatusRuntimeException(ClientCalls.java:233)
	at org.apache.ratis.thirdparty.io.grpc.stub.ClientCalls.getUnchecked(ClientCalls.java:214)
	at org.apache.ratis.thirdparty.io.grpc.stub.ClientCalls.blockingUnaryCall(ClientCalls.java:139)
	at org.apache.ratis.proto.grpc.RaftServerProtocolServiceGrpc$RaftServerProtocolServiceBlockingStub.requestVote(RaftServerProtocolServiceGrpc.java:265)
	at org.apache.ratis.grpc.server.GrpcServerProtocolClient.requestVote(GrpcServerProtocolClient.java:90)
	at org.apache.ratis.grpc.server.GrpcService.requestVote(GrpcService.java:204)
	at org.apache.ratis.server.impl.LeaderElection.lambda$submitRequests$1(LeaderElection.java:238)
	at java.util.concurrent.FutureTask.run(FutureTask.java:266)
	at java.util.concurrent.Executors$RunnableAdapter.call(Executors.java:511)
	at java.util.concurrent.FutureTask.run(FutureTask.java:266)
	at java.util.concurrent.ThreadPoolExecutor.runWorker(ThreadPoolExecutor.java:1149)
	at java.util.concurrent.ThreadPoolExecutor$Worker.run(ThreadPoolExecutor.java:624)
	... 1 more
Caused by: org.apache.ratis.thirdparty.io.netty.channel.AbstractChannel$AnnotatedConnectException: Connection refused: /192.168.5.139:37758
	at sun.nio.ch.SocketChannelImpl.checkConnect(Native Method)
	at sun.nio.ch.SocketChannelImpl.finishConnect(SocketChannelImpl.java:717)
	at org.apache.ratis.thirdparty.io.netty.channel.socket.nio.NioSocketChannel.doFinishConnect(NioSocketChannel.java:327)
	at org.apache.ratis.thirdparty.io.netty.channel.nio.AbstractNioChannel$AbstractNioUnsafe.finishConnect(AbstractNioChannel.java:340)
	at org.apache.ratis.thirdparty.io.netty.channel.nio.NioEventLoop.processSelectedKey(NioEventLoop.java:632)
	at org.apache.ratis.thirdparty.io.netty.channel.nio.NioEventLoop.processSelectedKeysOptimized(NioEventLoop.java:579)
	at org.apache.ratis.thirdparty.io.netty.channel.nio.NioEventLoop.processSelectedKeys(NioEventLoop.java:496)
	at org.apache.ratis.thirdparty.io.netty.channel.nio.NioEventLoop.run(NioEventLoop.java:458)
	at org.apache.ratis.thirdparty.io.netty.util.concurrent.SingleThreadEventExecutor$5.run(SingleThreadEventExecutor.java:897)
	at org.apache.ratis.thirdparty.io.netty.util.concurrent.FastThreadLocalRunnable.run(FastThreadLocalRunnable.java:30)
	... 1 more
Caused by: java.net.ConnectException: Connection refused
	... 11 more
2019-09-10 18:33:58,759 [a5c56bc8-e609-4560-873f-c4715c8bfbf6@group-F10CA6FB56ED:LeaderElection43] INFO  impl.LeaderElection (LeaderElection.java:logAndReturn(56)) - a5c56bc8-e609-4560-873f-c4715c8bfbf6@group-F10CA6FB56ED:LeaderElection43: Election REJECTED; received 0 response(s) [] and 2 exception(s); a5c56bc8-e609-4560-873f-c4715c8bfbf6@group-F10CA6FB56ED:t18, leader=null, voted=a5c56bc8-e609-4560-873f-c4715c8bfbf6, raftlog=a5c56bc8-e609-4560-873f-c4715c8bfbf6@group-F10CA6FB56ED-SegmentedRaftLog:OPENED:c32,f32,i32, conf=0: [7e7e06ff-ff15-4a73-bf67-b60124f5dbc2:192.168.5.139:37758, a5c56bc8-e609-4560-873f-c4715c8bfbf6:192.168.5.139:44770, dc34f224-6fe7-4a16-b3d0-41df1e51aada:192.168.5.139:40510], old=null
2019-09-10 18:33:58,760 [a5c56bc8-e609-4560-873f-c4715c8bfbf6@group-F10CA6FB56ED:LeaderElection43] INFO  impl.LeaderElection (LogUtils.java:infoOrTrace(149)) -   Exception 0: {}
java.util.concurrent.ExecutionException: org.apache.ratis.thirdparty.io.grpc.StatusRuntimeException: UNAVAILABLE: io exception
	at java.util.concurrent.FutureTask.report(FutureTask.java:122)
	at java.util.concurrent.FutureTask.get(FutureTask.java:192)
	at org.apache.ratis.server.impl.LeaderElection.waitForResults(LeaderElection.java:263)
	at org.apache.ratis.server.impl.LeaderElection.askForVotes(LeaderElection.java:201)
	at org.apache.ratis.server.impl.LeaderElection.run(LeaderElection.java:133)
	at java.lang.Thread.run(Thread.java:748)
Caused by: org.apache.ratis.thirdparty.io.grpc.StatusRuntimeException: UNAVAILABLE: io exception
	at org.apache.ratis.thirdparty.io.grpc.stub.ClientCalls.toStatusRuntimeException(ClientCalls.java:233)
	at org.apache.ratis.thirdparty.io.grpc.stub.ClientCalls.getUnchecked(ClientCalls.java:214)
	at org.apache.ratis.thirdparty.io.grpc.stub.ClientCalls.blockingUnaryCall(ClientCalls.java:139)
	at org.apache.ratis.proto.grpc.RaftServerProtocolServiceGrpc$RaftServerProtocolServiceBlockingStub.requestVote(RaftServerProtocolServiceGrpc.java:265)
	at org.apache.ratis.grpc.server.GrpcServerProtocolClient.requestVote(GrpcServerProtocolClient.java:90)
	at org.apache.ratis.grpc.server.GrpcService.requestVote(GrpcService.java:204)
	at org.apache.ratis.server.impl.LeaderElection.lambda$submitRequests$1(LeaderElection.java:238)
	at java.util.concurrent.FutureTask.run(FutureTask.java:266)
	at java.util.concurrent.Executors$RunnableAdapter.call(Executors.java:511)
	at java.util.concurrent.FutureTask.run(FutureTask.java:266)
	at java.util.concurrent.ThreadPoolExecutor.runWorker(ThreadPoolExecutor.java:1149)
	at java.util.concurrent.ThreadPoolExecutor$Worker.run(ThreadPoolExecutor.java:624)
	... 1 more
Caused by: org.apache.ratis.thirdparty.io.netty.channel.AbstractChannel$AnnotatedConnectException: Connection refused: /192.168.5.139:40510
	at sun.nio.ch.SocketChannelImpl.checkConnect(Native Method)
	at sun.nio.ch.SocketChannelImpl.finishConnect(SocketChannelImpl.java:717)
	at org.apache.ratis.thirdparty.io.netty.channel.socket.nio.NioSocketChannel.doFinishConnect(NioSocketChannel.java:327)
	at org.apache.ratis.thirdparty.io.netty.channel.nio.AbstractNioChannel$AbstractNioUnsafe.finishConnect(AbstractNioChannel.java:340)
	at org.apache.ratis.thirdparty.io.netty.channel.nio.NioEventLoop.processSelectedKey(NioEventLoop.java:632)
	at org.apache.ratis.thirdparty.io.netty.channel.nio.NioEventLoop.processSelectedKeysOptimized(NioEventLoop.java:579)
	at org.apache.ratis.thirdparty.io.netty.channel.nio.NioEventLoop.processSelectedKeys(NioEventLoop.java:496)
	at org.apache.ratis.thirdparty.io.netty.channel.nio.NioEventLoop.run(NioEventLoop.java:458)
	at org.apache.ratis.thirdparty.io.netty.util.concurrent.SingleThreadEventExecutor$5.run(SingleThreadEventExecutor.java:897)
	at org.apache.ratis.thirdparty.io.netty.util.concurrent.FastThreadLocalRunnable.run(FastThreadLocalRunnable.java:30)
	... 1 more
Caused by: java.net.ConnectException: Connection refused
	... 11 more
2019-09-10 18:33:58,760 [a5c56bc8-e609-4560-873f-c4715c8bfbf6@group-F10CA6FB56ED:LeaderElection43] INFO  impl.LeaderElection (LogUtils.java:infoOrTrace(149)) -   Exception 1: {}
java.util.concurrent.ExecutionException: org.apache.ratis.thirdparty.io.grpc.StatusRuntimeException: UNAVAILABLE: io exception
	at java.util.concurrent.FutureTask.report(FutureTask.java:122)
	at java.util.concurrent.FutureTask.get(FutureTask.java:192)
	at org.apache.ratis.server.impl.LeaderElection.waitForResults(LeaderElection.java:263)
	at org.apache.ratis.server.impl.LeaderElection.askForVotes(LeaderElection.java:201)
	at org.apache.ratis.server.impl.LeaderElection.run(LeaderElection.java:133)
	at java.lang.Thread.run(Thread.java:748)
Caused by: org.apache.ratis.thirdparty.io.grpc.StatusRuntimeException: UNAVAILABLE: io exception
	at org.apache.ratis.thirdparty.io.grpc.stub.ClientCalls.toStatusRuntimeException(ClientCalls.java:233)
	at org.apache.ratis.thirdparty.io.grpc.stub.ClientCalls.getUnchecked(ClientCalls.java:214)
	at org.apache.ratis.thirdparty.io.grpc.stub.ClientCalls.blockingUnaryCall(ClientCalls.java:139)
	at org.apache.ratis.proto.grpc.RaftServerProtocolServiceGrpc$RaftServerProtocolServiceBlockingStub.requestVote(RaftServerProtocolServiceGrpc.java:265)
	at org.apache.ratis.grpc.server.GrpcServerProtocolClient.requestVote(GrpcServerProtocolClient.java:90)
	at org.apache.ratis.grpc.server.GrpcService.requestVote(GrpcService.java:204)
	at org.apache.ratis.server.impl.LeaderElection.lambda$submitRequests$1(LeaderElection.java:238)
	at java.util.concurrent.FutureTask.run(FutureTask.java:266)
	at java.util.concurrent.Executors$RunnableAdapter.call(Executors.java:511)
	at java.util.concurrent.FutureTask.run(FutureTask.java:266)
	at java.util.concurrent.ThreadPoolExecutor.runWorker(ThreadPoolExecutor.java:1149)
	at java.util.concurrent.ThreadPoolExecutor$Worker.run(ThreadPoolExecutor.java:624)
	... 1 more
Caused by: org.apache.ratis.thirdparty.io.netty.channel.AbstractChannel$AnnotatedConnectException: Connection refused: /192.168.5.139:37758
	at sun.nio.ch.SocketChannelImpl.checkConnect(Native Method)
	at sun.nio.ch.SocketChannelImpl.finishConnect(SocketChannelImpl.java:717)
	at org.apache.ratis.thirdparty.io.netty.channel.socket.nio.NioSocketChannel.doFinishConnect(NioSocketChannel.java:327)
	at org.apache.ratis.thirdparty.io.netty.channel.nio.AbstractNioChannel$AbstractNioUnsafe.finishConnect(AbstractNioChannel.java:340)
	at org.apache.ratis.thirdparty.io.netty.channel.nio.NioEventLoop.processSelectedKey(NioEventLoop.java:632)
	at org.apache.ratis.thirdparty.io.netty.channel.nio.NioEventLoop.processSelectedKeysOptimized(NioEventLoop.java:579)
	at org.apache.ratis.thirdparty.io.netty.channel.nio.NioEventLoop.processSelectedKeys(NioEventLoop.java:496)
	at org.apache.ratis.thirdparty.io.netty.channel.nio.NioEventLoop.run(NioEventLoop.java:458)
	at org.apache.ratis.thirdparty.io.netty.util.concurrent.SingleThreadEventExecutor$5.run(SingleThreadEventExecutor.java:897)
	at org.apache.ratis.thirdparty.io.netty.util.concurrent.FastThreadLocalRunnable.run(FastThreadLocalRunnable.java:30)
	... 1 more
Caused by: java.net.ConnectException: Connection refused
	... 11 more
2019-09-10 18:33:58,761 [a5c56bc8-e609-4560-873f-c4715c8bfbf6@group-F10CA6FB56ED:LeaderElection43] INFO  impl.RaftServerImpl (RaftServerImpl.java:setRole(174)) - a5c56bc8-e609-4560-873f-c4715c8bfbf6@group-F10CA6FB56ED: changes role from CANDIDATE to FOLLOWER at term 18 for DISCOVERED_A_NEW_TERM
2019-09-10 18:33:58,761 [a5c56bc8-e609-4560-873f-c4715c8bfbf6@group-F10CA6FB56ED:LeaderElection43] INFO  impl.RoleInfo (RoleInfo.java:shutdownLeaderElection(134)) - a5c56bc8-e609-4560-873f-c4715c8bfbf6: shutdown LeaderElection
2019-09-10 18:33:58,761 [a5c56bc8-e609-4560-873f-c4715c8bfbf6@group-F10CA6FB56ED:LeaderElection43] INFO  impl.RoleInfo (RoleInfo.java:updateAndGet(143)) - a5c56bc8-e609-4560-873f-c4715c8bfbf6: start FollowerState
2019-09-10 18:33:58,784 [java.util.concurrent.ThreadPoolExecutor$Worker@7aeb99c5[State = -1, empty queue]] WARN  server.GrpcLogAppender (GrpcLogAppender.java:timeoutAppendRequest(200)) - 43b8dda0-1fac-498c-94e0-436a32ed8ccd@group-248F13D822B7->166d57fa-ec73-4a99-b6df-0ab3ad0d7909-GrpcLogAppender: appendEntries Timeout, request=43b8dda0-1fac-498c-94e0-436a32ed8ccd->166d57fa-ec73-4a99-b6df-0ab3ad0d7909#138-t2, previous=(t:2, i:20), leaderCommit=16, initializing? false, entries: <empty>
2019-09-10 18:33:58,784 [java.util.concurrent.ThreadPoolExecutor$Worker@2fb8de94[State = -1, empty queue]] WARN  server.GrpcLogAppender (GrpcLogAppender.java:timeoutAppendRequest(200)) - 43b8dda0-1fac-498c-94e0-436a32ed8ccd@group-248F13D822B7->114338b4-3ae2-46b3-98b7-a583d2a0bf23-GrpcLogAppender: appendEntries Timeout, request=43b8dda0-1fac-498c-94e0-436a32ed8ccd->114338b4-3ae2-46b3-98b7-a583d2a0bf23#138-t2, previous=(t:2, i:20), leaderCommit=16, initializing? false, entries: <empty>
2019-09-10 18:33:58,905 [Datanode State Machine Thread - 0] INFO  statemachine.DatanodeStateMachine (DatanodeStateMachine.java:lambda$startDaemon$0(350)) - Ozone container server started.
2019-09-10 18:33:59,005 [java.util.concurrent.ThreadPoolExecutor$Worker@781538ae[State = -1, empty queue]] WARN  server.GrpcLogAppender (GrpcLogAppender.java:timeoutAppendRequest(200)) - 59afee6f-3342-47f6-8cd2-a67165187773@group-C790A911BCD5->fc430ad7-c10f-4afd-84a3-4263b60fc3a5-GrpcLogAppender: appendEntries Timeout, request=59afee6f-3342-47f6-8cd2-a67165187773->fc430ad7-c10f-4afd-84a3-4263b60fc3a5#134-t3, previous=(t:3, i:20), leaderCommit=16, initializing? false, entries: <empty>
2019-09-10 18:33:59,005 [java.util.concurrent.ThreadPoolExecutor$Worker@2130bf45[State = -1, empty queue]] WARN  server.GrpcLogAppender (GrpcLogAppender.java:timeoutAppendRequest(200)) - 59afee6f-3342-47f6-8cd2-a67165187773@group-C790A911BCD5->f9c92805-78f9-4aa2-ad11-0f5c06c060e3-GrpcLogAppender: appendEntries Timeout, request=59afee6f-3342-47f6-8cd2-a67165187773->f9c92805-78f9-4aa2-ad11-0f5c06c060e3#134-t3, previous=(t:3, i:20), leaderCommit=16, initializing? false, entries: <empty>
2019-09-10 18:33:59,284 [java.util.concurrent.ThreadPoolExecutor$Worker@2fb8de94[State = -1, empty queue]] WARN  server.GrpcLogAppender (GrpcLogAppender.java:timeoutAppendRequest(200)) - 43b8dda0-1fac-498c-94e0-436a32ed8ccd@group-248F13D822B7->114338b4-3ae2-46b3-98b7-a583d2a0bf23-GrpcLogAppender: appendEntries Timeout, request=43b8dda0-1fac-498c-94e0-436a32ed8ccd->114338b4-3ae2-46b3-98b7-a583d2a0bf23#139-t2, previous=(t:2, i:20), leaderCommit=16, initializing? false, entries: <empty>
2019-09-10 18:33:59,284 [java.util.concurrent.ThreadPoolExecutor$Worker@7aeb99c5[State = -1, empty queue]] WARN  server.GrpcLogAppender (GrpcLogAppender.java:timeoutAppendRequest(200)) - 43b8dda0-1fac-498c-94e0-436a32ed8ccd@group-248F13D822B7->166d57fa-ec73-4a99-b6df-0ab3ad0d7909-GrpcLogAppender: appendEntries Timeout, request=43b8dda0-1fac-498c-94e0-436a32ed8ccd->166d57fa-ec73-4a99-b6df-0ab3ad0d7909#139-t2, previous=(t:2, i:20), leaderCommit=16, initializing? false, entries: <empty>
2019-09-10 18:33:59,508 [java.util.concurrent.ThreadPoolExecutor$Worker@2130bf45[State = -1, empty queue]] WARN  server.GrpcLogAppender (GrpcLogAppender.java:timeoutAppendRequest(200)) - 59afee6f-3342-47f6-8cd2-a67165187773@group-C790A911BCD5->f9c92805-78f9-4aa2-ad11-0f5c06c060e3-GrpcLogAppender: appendEntries Timeout, request=59afee6f-3342-47f6-8cd2-a67165187773->f9c92805-78f9-4aa2-ad11-0f5c06c060e3#135-t3, previous=(t:3, i:20), leaderCommit=16, initializing? false, entries: <empty>
2019-09-10 18:33:59,508 [java.util.concurrent.ThreadPoolExecutor$Worker@781538ae[State = -1, empty queue]] WARN  server.GrpcLogAppender (GrpcLogAppender.java:timeoutAppendRequest(200)) - 59afee6f-3342-47f6-8cd2-a67165187773@group-C790A911BCD5->fc430ad7-c10f-4afd-84a3-4263b60fc3a5-GrpcLogAppender: appendEntries Timeout, request=59afee6f-3342-47f6-8cd2-a67165187773->fc430ad7-c10f-4afd-84a3-4263b60fc3a5#135-t3, previous=(t:3, i:20), leaderCommit=16, initializing? false, entries: <empty>
2019-09-10 18:33:59,739 [43b8dda0-1fac-498c-94e0-436a32ed8ccd@group-248F13D822B7-SegmentedRaftLogWorker] WARN  segmented.SegmentedRaftLogWorker (SegmentedRaftLogWorker.java:getFromFuture(90)) - Timeout 1/~
org.apache.ratis.protocol.TimeoutIOException: Timeout 10s: WriteLog:17: (t:2, i:17), STATEMACHINELOGENTRY, client-35727EB443AA, cid=63-writeStateMachineData
	at org.apache.ratis.util.IOUtils.getFromFuture(IOUtils.java:87)
	at org.apache.ratis.server.raftlog.segmented.SegmentedRaftLogWorker$StateMachineDataPolicy.getFromFuture(SegmentedRaftLogWorker.java:87)
	at org.apache.ratis.server.raftlog.segmented.SegmentedRaftLogWorker$WriteLog.execute(SegmentedRaftLogWorker.java:477)
	at org.apache.ratis.server.raftlog.segmented.SegmentedRaftLogWorker.run(SegmentedRaftLogWorker.java:289)
	at java.lang.Thread.run(Thread.java:748)
Caused by: java.util.concurrent.TimeoutException
	at java.util.concurrent.CompletableFuture.timedGet(CompletableFuture.java:1771)
	at java.util.concurrent.CompletableFuture.get(CompletableFuture.java:1915)
	at org.apache.ratis.util.IOUtils.getFromFuture(IOUtils.java:79)
	... 4 more
2019-09-10 18:33:59,744 [166d57fa-ec73-4a99-b6df-0ab3ad0d7909@group-248F13D822B7-SegmentedRaftLogWorker] WARN  segmented.SegmentedRaftLogWorker (SegmentedRaftLogWorker.java:getFromFuture(90)) - Timeout 1/~
org.apache.ratis.protocol.TimeoutIOException: Timeout 10s: WriteLog:17: (t:2, i:17), STATEMACHINELOGENTRY, client-35727EB443AA, cid=63-writeStateMachineData
	at org.apache.ratis.util.IOUtils.getFromFuture(IOUtils.java:87)
	at org.apache.ratis.server.raftlog.segmented.SegmentedRaftLogWorker$StateMachineDataPolicy.getFromFuture(SegmentedRaftLogWorker.java:87)
	at org.apache.ratis.server.raftlog.segmented.SegmentedRaftLogWorker$WriteLog.execute(SegmentedRaftLogWorker.java:477)
	at org.apache.ratis.server.raftlog.segmented.SegmentedRaftLogWorker.run(SegmentedRaftLogWorker.java:289)
	at java.lang.Thread.run(Thread.java:748)
Caused by: java.util.concurrent.TimeoutException
	at java.util.concurrent.CompletableFuture.timedGet(CompletableFuture.java:1771)
	at java.util.concurrent.CompletableFuture.get(CompletableFuture.java:1915)
	at org.apache.ratis.util.IOUtils.getFromFuture(IOUtils.java:79)
	... 4 more
2019-09-10 18:33:59,744 [114338b4-3ae2-46b3-98b7-a583d2a0bf23@group-248F13D822B7-SegmentedRaftLogWorker] WARN  segmented.SegmentedRaftLogWorker (SegmentedRaftLogWorker.java:getFromFuture(90)) - Timeout 1/~
org.apache.ratis.protocol.TimeoutIOException: Timeout 10s: WriteLog:17: (t:2, i:17), STATEMACHINELOGENTRY, client-35727EB443AA, cid=63-writeStateMachineData
	at org.apache.ratis.util.IOUtils.getFromFuture(IOUtils.java:87)
	at org.apache.ratis.server.raftlog.segmented.SegmentedRaftLogWorker$StateMachineDataPolicy.getFromFuture(SegmentedRaftLogWorker.java:87)
	at org.apache.ratis.server.raftlog.segmented.SegmentedRaftLogWorker$WriteLog.execute(SegmentedRaftLogWorker.java:477)
	at org.apache.ratis.server.raftlog.segmented.SegmentedRaftLogWorker.run(SegmentedRaftLogWorker.java:289)
	at java.lang.Thread.run(Thread.java:748)
Caused by: java.util.concurrent.TimeoutException
	at java.util.concurrent.CompletableFuture.timedGet(CompletableFuture.java:1771)
	at java.util.concurrent.CompletableFuture.get(CompletableFuture.java:1915)
	at org.apache.ratis.util.IOUtils.getFromFuture(IOUtils.java:79)
	... 4 more
2019-09-10 18:33:59,785 [java.util.concurrent.ThreadPoolExecutor$Worker@2fb8de94[State = -1, empty queue]] WARN  server.GrpcLogAppender (GrpcLogAppender.java:timeoutAppendRequest(200)) - 43b8dda0-1fac-498c-94e0-436a32ed8ccd@group-248F13D822B7->114338b4-3ae2-46b3-98b7-a583d2a0bf23-GrpcLogAppender: appendEntries Timeout, request=43b8dda0-1fac-498c-94e0-436a32ed8ccd->114338b4-3ae2-46b3-98b7-a583d2a0bf23#140-t2, previous=(t:2, i:20), leaderCommit=16, initializing? false, entries: <empty>
2019-09-10 18:33:59,785 [java.util.concurrent.ThreadPoolExecutor$Worker@7aeb99c5[State = -1, empty queue]] WARN  server.GrpcLogAppender (GrpcLogAppender.java:timeoutAppendRequest(200)) - 43b8dda0-1fac-498c-94e0-436a32ed8ccd@group-248F13D822B7->166d57fa-ec73-4a99-b6df-0ab3ad0d7909-GrpcLogAppender: appendEntries Timeout, request=43b8dda0-1fac-498c-94e0-436a32ed8ccd->166d57fa-ec73-4a99-b6df-0ab3ad0d7909#140-t2, previous=(t:2, i:20), leaderCommit=16, initializing? false, entries: <empty>
2019-09-10 18:33:59,859 [fc430ad7-c10f-4afd-84a3-4263b60fc3a5@group-C790A911BCD5-SegmentedRaftLogWorker] WARN  segmented.SegmentedRaftLogWorker (SegmentedRaftLogWorker.java:getFromFuture(90)) - Timeout 5/~
org.apache.ratis.protocol.TimeoutIOException: Timeout 10s: WriteLog:17: (t:3, i:17), STATEMACHINELOGENTRY, client-B2117E40EB7F, cid=38-writeStateMachineData
	at org.apache.ratis.util.IOUtils.getFromFuture(IOUtils.java:87)
	at org.apache.ratis.server.raftlog.segmented.SegmentedRaftLogWorker$StateMachineDataPolicy.getFromFuture(SegmentedRaftLogWorker.java:87)
	at org.apache.ratis.server.raftlog.segmented.SegmentedRaftLogWorker$WriteLog.execute(SegmentedRaftLogWorker.java:477)
	at org.apache.ratis.server.raftlog.segmented.SegmentedRaftLogWorker.run(SegmentedRaftLogWorker.java:289)
	at java.lang.Thread.run(Thread.java:748)
Caused by: java.util.concurrent.TimeoutException
	at java.util.concurrent.CompletableFuture.timedGet(CompletableFuture.java:1771)
	at java.util.concurrent.CompletableFuture.get(CompletableFuture.java:1915)
	at org.apache.ratis.util.IOUtils.getFromFuture(IOUtils.java:79)
	... 4 more
2019-09-10 18:33:59,962 [Thread-1399] INFO  impl.FollowerState (FollowerState.java:run(106)) - a5c56bc8-e609-4560-873f-c4715c8bfbf6:group-F10CA6FB56ED changes to CANDIDATE, lastRpcTime:1200, electionTimeout:1200ms
2019-09-10 18:33:59,962 [Thread-1399] INFO  impl.RoleInfo (RoleInfo.java:shutdownFollowerState(121)) - a5c56bc8-e609-4560-873f-c4715c8bfbf6: shutdown FollowerState
2019-09-10 18:33:59,962 [Thread-1399] INFO  impl.RaftServerImpl (RaftServerImpl.java:setRole(174)) - a5c56bc8-e609-4560-873f-c4715c8bfbf6@group-F10CA6FB56ED: changes role from  FOLLOWER to CANDIDATE at term 18 for changeToCandidate
2019-09-10 18:33:59,962 [Thread-1399] INFO  impl.RoleInfo (RoleInfo.java:updateAndGet(143)) - a5c56bc8-e609-4560-873f-c4715c8bfbf6: start LeaderElection
2019-09-10 18:33:59,990 [a5c56bc8-e609-4560-873f-c4715c8bfbf6@group-F10CA6FB56ED:LeaderElection44] INFO  impl.LeaderElection (LeaderElection.java:askForVotes(182)) - a5c56bc8-e609-4560-873f-c4715c8bfbf6@group-F10CA6FB56ED:LeaderElection44: begin an election at term 19 for 0: [7e7e06ff-ff15-4a73-bf67-b60124f5dbc2:192.168.5.139:37758, a5c56bc8-e609-4560-873f-c4715c8bfbf6:192.168.5.139:44770, dc34f224-6fe7-4a16-b3d0-41df1e51aada:192.168.5.139:40510], old=null
2019-09-10 18:33:59,991 [a5c56bc8-e609-4560-873f-c4715c8bfbf6@group-F10CA6FB56ED:LeaderElection44] INFO  impl.LeaderElection (LogUtils.java:infoOrTrace(149)) - a5c56bc8-e609-4560-873f-c4715c8bfbf6@group-F10CA6FB56ED:LeaderElection44 got exception when requesting votes: {}
java.util.concurrent.ExecutionException: org.apache.ratis.thirdparty.io.grpc.StatusRuntimeException: UNAVAILABLE: io exception
	at java.util.concurrent.FutureTask.report(FutureTask.java:122)
	at java.util.concurrent.FutureTask.get(FutureTask.java:192)
	at org.apache.ratis.server.impl.LeaderElection.waitForResults(LeaderElection.java:263)
	at org.apache.ratis.server.impl.LeaderElection.askForVotes(LeaderElection.java:201)
	at org.apache.ratis.server.impl.LeaderElection.run(LeaderElection.java:133)
	at java.lang.Thread.run(Thread.java:748)
Caused by: org.apache.ratis.thirdparty.io.grpc.StatusRuntimeException: UNAVAILABLE: io exception
	at org.apache.ratis.thirdparty.io.grpc.stub.ClientCalls.toStatusRuntimeException(ClientCalls.java:233)
	at org.apache.ratis.thirdparty.io.grpc.stub.ClientCalls.getUnchecked(ClientCalls.java:214)
	at org.apache.ratis.thirdparty.io.grpc.stub.ClientCalls.blockingUnaryCall(ClientCalls.java:139)
	at org.apache.ratis.proto.grpc.RaftServerProtocolServiceGrpc$RaftServerProtocolServiceBlockingStub.requestVote(RaftServerProtocolServiceGrpc.java:265)
	at org.apache.ratis.grpc.server.GrpcServerProtocolClient.requestVote(GrpcServerProtocolClient.java:90)
	at org.apache.ratis.grpc.server.GrpcService.requestVote(GrpcService.java:204)
	at org.apache.ratis.server.impl.LeaderElection.lambda$submitRequests$1(LeaderElection.java:238)
	at java.util.concurrent.FutureTask.run(FutureTask.java:266)
	at java.util.concurrent.Executors$RunnableAdapter.call(Executors.java:511)
	at java.util.concurrent.FutureTask.run(FutureTask.java:266)
	at java.util.concurrent.ThreadPoolExecutor.runWorker(ThreadPoolExecutor.java:1149)
	at java.util.concurrent.ThreadPoolExecutor$Worker.run(ThreadPoolExecutor.java:624)
	... 1 more
Caused by: org.apache.ratis.thirdparty.io.netty.channel.AbstractChannel$AnnotatedConnectException: Connection refused: /192.168.5.139:37758
	at sun.nio.ch.SocketChannelImpl.checkConnect(Native Method)
	at sun.nio.ch.SocketChannelImpl.finishConnect(SocketChannelImpl.java:717)
	at org.apache.ratis.thirdparty.io.netty.channel.socket.nio.NioSocketChannel.doFinishConnect(NioSocketChannel.java:327)
	at org.apache.ratis.thirdparty.io.netty.channel.nio.AbstractNioChannel$AbstractNioUnsafe.finishConnect(AbstractNioChannel.java:340)
	at org.apache.ratis.thirdparty.io.netty.channel.nio.NioEventLoop.processSelectedKey(NioEventLoop.java:632)
	at org.apache.ratis.thirdparty.io.netty.channel.nio.NioEventLoop.processSelectedKeysOptimized(NioEventLoop.java:579)
	at org.apache.ratis.thirdparty.io.netty.channel.nio.NioEventLoop.processSelectedKeys(NioEventLoop.java:496)
	at org.apache.ratis.thirdparty.io.netty.channel.nio.NioEventLoop.run(NioEventLoop.java:458)
	at org.apache.ratis.thirdparty.io.netty.util.concurrent.SingleThreadEventExecutor$5.run(SingleThreadEventExecutor.java:897)
	at org.apache.ratis.thirdparty.io.netty.util.concurrent.FastThreadLocalRunnable.run(FastThreadLocalRunnable.java:30)
	... 1 more
Caused by: java.net.ConnectException: Connection refused
	... 11 more
2019-09-10 18:33:59,994 [a5c56bc8-e609-4560-873f-c4715c8bfbf6@group-F10CA6FB56ED:LeaderElection44] INFO  impl.LeaderElection (LogUtils.java:infoOrTrace(149)) - a5c56bc8-e609-4560-873f-c4715c8bfbf6@group-F10CA6FB56ED:LeaderElection44 got exception when requesting votes: {}
java.util.concurrent.ExecutionException: org.apache.ratis.thirdparty.io.grpc.StatusRuntimeException: UNAVAILABLE: io exception
	at java.util.concurrent.FutureTask.report(FutureTask.java:122)
	at java.util.concurrent.FutureTask.get(FutureTask.java:192)
	at org.apache.ratis.server.impl.LeaderElection.waitForResults(LeaderElection.java:263)
	at org.apache.ratis.server.impl.LeaderElection.askForVotes(LeaderElection.java:201)
	at org.apache.ratis.server.impl.LeaderElection.run(LeaderElection.java:133)
	at java.lang.Thread.run(Thread.java:748)
Caused by: org.apache.ratis.thirdparty.io.grpc.StatusRuntimeException: UNAVAILABLE: io exception
	at org.apache.ratis.thirdparty.io.grpc.stub.ClientCalls.toStatusRuntimeException(ClientCalls.java:233)
	at org.apache.ratis.thirdparty.io.grpc.stub.ClientCalls.getUnchecked(ClientCalls.java:214)
	at org.apache.ratis.thirdparty.io.grpc.stub.ClientCalls.blockingUnaryCall(ClientCalls.java:139)
	at org.apache.ratis.proto.grpc.RaftServerProtocolServiceGrpc$RaftServerProtocolServiceBlockingStub.requestVote(RaftServerProtocolServiceGrpc.java:265)
	at org.apache.ratis.grpc.server.GrpcServerProtocolClient.requestVote(GrpcServerProtocolClient.java:90)
	at org.apache.ratis.grpc.server.GrpcService.requestVote(GrpcService.java:204)
	at org.apache.ratis.server.impl.LeaderElection.lambda$submitRequests$1(LeaderElection.java:238)
	at java.util.concurrent.FutureTask.run(FutureTask.java:266)
	at java.util.concurrent.Executors$RunnableAdapter.call(Executors.java:511)
	at java.util.concurrent.FutureTask.run(FutureTask.java:266)
	at java.util.concurrent.ThreadPoolExecutor.runWorker(ThreadPoolExecutor.java:1149)
	at java.util.concurrent.ThreadPoolExecutor$Worker.run(ThreadPoolExecutor.java:624)
	... 1 more
Caused by: org.apache.ratis.thirdparty.io.netty.channel.AbstractChannel$AnnotatedConnectException: Connection refused: /192.168.5.139:40510
	at sun.nio.ch.SocketChannelImpl.checkConnect(Native Method)
	at sun.nio.ch.SocketChannelImpl.finishConnect(SocketChannelImpl.java:717)
	at org.apache.ratis.thirdparty.io.netty.channel.socket.nio.NioSocketChannel.doFinishConnect(NioSocketChannel.java:327)
	at org.apache.ratis.thirdparty.io.netty.channel.nio.AbstractNioChannel$AbstractNioUnsafe.finishConnect(AbstractNioChannel.java:340)
	at org.apache.ratis.thirdparty.io.netty.channel.nio.NioEventLoop.processSelectedKey(NioEventLoop.java:632)
	at org.apache.ratis.thirdparty.io.netty.channel.nio.NioEventLoop.processSelectedKeysOptimized(NioEventLoop.java:579)
	at org.apache.ratis.thirdparty.io.netty.channel.nio.NioEventLoop.processSelectedKeys(NioEventLoop.java:496)
	at org.apache.ratis.thirdparty.io.netty.channel.nio.NioEventLoop.run(NioEventLoop.java:458)
	at org.apache.ratis.thirdparty.io.netty.util.concurrent.SingleThreadEventExecutor$5.run(SingleThreadEventExecutor.java:897)
	at org.apache.ratis.thirdparty.io.netty.util.concurrent.FastThreadLocalRunnable.run(FastThreadLocalRunnable.java:30)
	... 1 more
Caused by: java.net.ConnectException: Connection refused
	... 11 more
2019-09-10 18:33:59,997 [a5c56bc8-e609-4560-873f-c4715c8bfbf6@group-F10CA6FB56ED:LeaderElection44] INFO  impl.LeaderElection (LeaderElection.java:logAndReturn(56)) - a5c56bc8-e609-4560-873f-c4715c8bfbf6@group-F10CA6FB56ED:LeaderElection44: Election REJECTED; received 0 response(s) [] and 2 exception(s); a5c56bc8-e609-4560-873f-c4715c8bfbf6@group-F10CA6FB56ED:t19, leader=null, voted=a5c56bc8-e609-4560-873f-c4715c8bfbf6, raftlog=a5c56bc8-e609-4560-873f-c4715c8bfbf6@group-F10CA6FB56ED-SegmentedRaftLog:OPENED:c32,f32,i32, conf=0: [7e7e06ff-ff15-4a73-bf67-b60124f5dbc2:192.168.5.139:37758, a5c56bc8-e609-4560-873f-c4715c8bfbf6:192.168.5.139:44770, dc34f224-6fe7-4a16-b3d0-41df1e51aada:192.168.5.139:40510], old=null
2019-09-10 18:33:59,997 [a5c56bc8-e609-4560-873f-c4715c8bfbf6@group-F10CA6FB56ED:LeaderElection44] INFO  impl.LeaderElection (LogUtils.java:infoOrTrace(149)) -   Exception 0: {}
java.util.concurrent.ExecutionException: org.apache.ratis.thirdparty.io.grpc.StatusRuntimeException: UNAVAILABLE: io exception
	at java.util.concurrent.FutureTask.report(FutureTask.java:122)
	at java.util.concurrent.FutureTask.get(FutureTask.java:192)
	at org.apache.ratis.server.impl.LeaderElection.waitForResults(LeaderElection.java:263)
	at org.apache.ratis.server.impl.LeaderElection.askForVotes(LeaderElection.java:201)
	at org.apache.ratis.server.impl.LeaderElection.run(LeaderElection.java:133)
	at java.lang.Thread.run(Thread.java:748)
Caused by: org.apache.ratis.thirdparty.io.grpc.StatusRuntimeException: UNAVAILABLE: io exception
	at org.apache.ratis.thirdparty.io.grpc.stub.ClientCalls.toStatusRuntimeException(ClientCalls.java:233)
	at org.apache.ratis.thirdparty.io.grpc.stub.ClientCalls.getUnchecked(ClientCalls.java:214)
	at org.apache.ratis.thirdparty.io.grpc.stub.ClientCalls.blockingUnaryCall(ClientCalls.java:139)
	at org.apache.ratis.proto.grpc.RaftServerProtocolServiceGrpc$RaftServerProtocolServiceBlockingStub.requestVote(RaftServerProtocolServiceGrpc.java:265)
	at org.apache.ratis.grpc.server.GrpcServerProtocolClient.requestVote(GrpcServerProtocolClient.java:90)
	at org.apache.ratis.grpc.server.GrpcService.requestVote(GrpcService.java:204)
	at org.apache.ratis.server.impl.LeaderElection.lambda$submitRequests$1(LeaderElection.java:238)
	at java.util.concurrent.FutureTask.run(FutureTask.java:266)
	at java.util.concurrent.Executors$RunnableAdapter.call(Executors.java:511)
	at java.util.concurrent.FutureTask.run(FutureTask.java:266)
	at java.util.concurrent.ThreadPoolExecutor.runWorker(ThreadPoolExecutor.java:1149)
	at java.util.concurrent.ThreadPoolExecutor$Worker.run(ThreadPoolExecutor.java:624)
	... 1 more
Caused by: org.apache.ratis.thirdparty.io.netty.channel.AbstractChannel$AnnotatedConnectException: Connection refused: /192.168.5.139:37758
	at sun.nio.ch.SocketChannelImpl.checkConnect(Native Method)
	at sun.nio.ch.SocketChannelImpl.finishConnect(SocketChannelImpl.java:717)
	at org.apache.ratis.thirdparty.io.netty.channel.socket.nio.NioSocketChannel.doFinishConnect(NioSocketChannel.java:327)
	at org.apache.ratis.thirdparty.io.netty.channel.nio.AbstractNioChannel$AbstractNioUnsafe.finishConnect(AbstractNioChannel.java:340)
	at org.apache.ratis.thirdparty.io.netty.channel.nio.NioEventLoop.processSelectedKey(NioEventLoop.java:632)
	at org.apache.ratis.thirdparty.io.netty.channel.nio.NioEventLoop.processSelectedKeysOptimized(NioEventLoop.java:579)
	at org.apache.ratis.thirdparty.io.netty.channel.nio.NioEventLoop.processSelectedKeys(NioEventLoop.java:496)
	at org.apache.ratis.thirdparty.io.netty.channel.nio.NioEventLoop.run(NioEventLoop.java:458)
	at org.apache.ratis.thirdparty.io.netty.util.concurrent.SingleThreadEventExecutor$5.run(SingleThreadEventExecutor.java:897)
	at org.apache.ratis.thirdparty.io.netty.util.concurrent.FastThreadLocalRunnable.run(FastThreadLocalRunnable.java:30)
	... 1 more
Caused by: java.net.ConnectException: Connection refused
	... 11 more
2019-09-10 18:33:59,997 [a5c56bc8-e609-4560-873f-c4715c8bfbf6@group-F10CA6FB56ED:LeaderElection44] INFO  impl.LeaderElection (LogUtils.java:infoOrTrace(149)) -   Exception 1: {}
java.util.concurrent.ExecutionException: org.apache.ratis.thirdparty.io.grpc.StatusRuntimeException: UNAVAILABLE: io exception
	at java.util.concurrent.FutureTask.report(FutureTask.java:122)
	at java.util.concurrent.FutureTask.get(FutureTask.java:192)
	at org.apache.ratis.server.impl.LeaderElection.waitForResults(LeaderElection.java:263)
	at org.apache.ratis.server.impl.LeaderElection.askForVotes(LeaderElection.java:201)
	at org.apache.ratis.server.impl.LeaderElection.run(LeaderElection.java:133)
	at java.lang.Thread.run(Thread.java:748)
Caused by: org.apache.ratis.thirdparty.io.grpc.StatusRuntimeException: UNAVAILABLE: io exception
	at org.apache.ratis.thirdparty.io.grpc.stub.ClientCalls.toStatusRuntimeException(ClientCalls.java:233)
	at org.apache.ratis.thirdparty.io.grpc.stub.ClientCalls.getUnchecked(ClientCalls.java:214)
	at org.apache.ratis.thirdparty.io.grpc.stub.ClientCalls.blockingUnaryCall(ClientCalls.java:139)
	at org.apache.ratis.proto.grpc.RaftServerProtocolServiceGrpc$RaftServerProtocolServiceBlockingStub.requestVote(RaftServerProtocolServiceGrpc.java:265)
	at org.apache.ratis.grpc.server.GrpcServerProtocolClient.requestVote(GrpcServerProtocolClient.java:90)
	at org.apache.ratis.grpc.server.GrpcService.requestVote(GrpcService.java:204)
	at org.apache.ratis.server.impl.LeaderElection.lambda$submitRequests$1(LeaderElection.java:238)
	at java.util.concurrent.FutureTask.run(FutureTask.java:266)
	at java.util.concurrent.Executors$RunnableAdapter.call(Executors.java:511)
	at java.util.concurrent.FutureTask.run(FutureTask.java:266)
	at java.util.concurrent.ThreadPoolExecutor.runWorker(ThreadPoolExecutor.java:1149)
	at java.util.concurrent.ThreadPoolExecutor$Worker.run(ThreadPoolExecutor.java:624)
	... 1 more
Caused by: org.apache.ratis.thirdparty.io.netty.channel.AbstractChannel$AnnotatedConnectException: Connection refused: /192.168.5.139:40510
	at sun.nio.ch.SocketChannelImpl.checkConnect(Native Method)
	at sun.nio.ch.SocketChannelImpl.finishConnect(SocketChannelImpl.java:717)
	at org.apache.ratis.thirdparty.io.netty.channel.socket.nio.NioSocketChannel.doFinishConnect(NioSocketChannel.java:327)
	at org.apache.ratis.thirdparty.io.netty.channel.nio.AbstractNioChannel$AbstractNioUnsafe.finishConnect(AbstractNioChannel.java:340)
	at org.apache.ratis.thirdparty.io.netty.channel.nio.NioEventLoop.processSelectedKey(NioEventLoop.java:632)
	at org.apache.ratis.thirdparty.io.netty.channel.nio.NioEventLoop.processSelectedKeysOptimized(NioEventLoop.java:579)
	at org.apache.ratis.thirdparty.io.netty.channel.nio.NioEventLoop.processSelectedKeys(NioEventLoop.java:496)
	at org.apache.ratis.thirdparty.io.netty.channel.nio.NioEventLoop.run(NioEventLoop.java:458)
	at org.apache.ratis.thirdparty.io.netty.util.concurrent.SingleThreadEventExecutor$5.run(SingleThreadEventExecutor.java:897)
	at org.apache.ratis.thirdparty.io.netty.util.concurrent.FastThreadLocalRunnable.run(FastThreadLocalRunnable.java:30)
	... 1 more
Caused by: java.net.ConnectException: Connection refused
	... 11 more
2019-09-10 18:33:59,997 [a5c56bc8-e609-4560-873f-c4715c8bfbf6@group-F10CA6FB56ED:LeaderElection44] INFO  impl.RaftServerImpl (RaftServerImpl.java:setRole(174)) - a5c56bc8-e609-4560-873f-c4715c8bfbf6@group-F10CA6FB56ED: changes role from CANDIDATE to FOLLOWER at term 19 for DISCOVERED_A_NEW_TERM
2019-09-10 18:33:59,998 [a5c56bc8-e609-4560-873f-c4715c8bfbf6@group-F10CA6FB56ED:LeaderElection44] INFO  impl.RoleInfo (RoleInfo.java:shutdownLeaderElection(134)) - a5c56bc8-e609-4560-873f-c4715c8bfbf6: shutdown LeaderElection
2019-09-10 18:33:59,998 [a5c56bc8-e609-4560-873f-c4715c8bfbf6@group-F10CA6FB56ED:LeaderElection44] INFO  impl.RoleInfo (RoleInfo.java:updateAndGet(143)) - a5c56bc8-e609-4560-873f-c4715c8bfbf6: start FollowerState
2019-09-10 18:34:00,009 [java.util.concurrent.ThreadPoolExecutor$Worker@2130bf45[State = -1, empty queue]] WARN  server.GrpcLogAppender (GrpcLogAppender.java:timeoutAppendRequest(200)) - 59afee6f-3342-47f6-8cd2-a67165187773@group-C790A911BCD5->f9c92805-78f9-4aa2-ad11-0f5c06c060e3-GrpcLogAppender: appendEntries Timeout, request=59afee6f-3342-47f6-8cd2-a67165187773->f9c92805-78f9-4aa2-ad11-0f5c06c060e3#136-t3, previous=(t:3, i:20), leaderCommit=16, initializing? false, entries: <empty>
2019-09-10 18:34:00,009 [java.util.concurrent.ThreadPoolExecutor$Worker@781538ae[State = -1, empty queue]] WARN  server.GrpcLogAppender (GrpcLogAppender.java:timeoutAppendRequest(200)) - 59afee6f-3342-47f6-8cd2-a67165187773@group-C790A911BCD5->fc430ad7-c10f-4afd-84a3-4263b60fc3a5-GrpcLogAppender: appendEntries Timeout, request=59afee6f-3342-47f6-8cd2-a67165187773->fc430ad7-c10f-4afd-84a3-4263b60fc3a5#136-t3, previous=(t:3, i:20), leaderCommit=16, initializing? false, entries: <empty>
2019-09-10 18:34:00,052 [59afee6f-3342-47f6-8cd2-a67165187773@group-C790A911BCD5-SegmentedRaftLogWorker] WARN  segmented.SegmentedRaftLogWorker (SegmentedRaftLogWorker.java:getFromFuture(90)) - Timeout 5/~
org.apache.ratis.protocol.TimeoutIOException: Timeout 10s: WriteLog:19: (t:3, i:19), STATEMACHINELOGENTRY, client-B2117E40EB7F, cid=40-writeStateMachineData
	at org.apache.ratis.util.IOUtils.getFromFuture(IOUtils.java:87)
	at org.apache.ratis.server.raftlog.segmented.SegmentedRaftLogWorker$StateMachineDataPolicy.getFromFuture(SegmentedRaftLogWorker.java:87)
	at org.apache.ratis.server.raftlog.segmented.SegmentedRaftLogWorker$WriteLog.execute(SegmentedRaftLogWorker.java:477)
	at org.apache.ratis.server.raftlog.segmented.SegmentedRaftLogWorker.run(SegmentedRaftLogWorker.java:289)
	at java.lang.Thread.run(Thread.java:748)
Caused by: java.util.concurrent.TimeoutException
	at java.util.concurrent.CompletableFuture.timedGet(CompletableFuture.java:1771)
	at java.util.concurrent.CompletableFuture.get(CompletableFuture.java:1915)
	at org.apache.ratis.util.IOUtils.getFromFuture(IOUtils.java:79)
	... 4 more
2019-09-10 18:34:00,082 [f9c92805-78f9-4aa2-ad11-0f5c06c060e3@group-C790A911BCD5-SegmentedRaftLogWorker] WARN  segmented.SegmentedRaftLogWorker (SegmentedRaftLogWorker.java:getFromFuture(90)) - Timeout 5/~
org.apache.ratis.protocol.TimeoutIOException: Timeout 10s: WriteLog:19: (t:3, i:19), STATEMACHINELOGENTRY, client-B2117E40EB7F, cid=40-writeStateMachineData
	at org.apache.ratis.util.IOUtils.getFromFuture(IOUtils.java:87)
	at org.apache.ratis.server.raftlog.segmented.SegmentedRaftLogWorker$StateMachineDataPolicy.getFromFuture(SegmentedRaftLogWorker.java:87)
	at org.apache.ratis.server.raftlog.segmented.SegmentedRaftLogWorker$WriteLog.execute(SegmentedRaftLogWorker.java:477)
	at org.apache.ratis.server.raftlog.segmented.SegmentedRaftLogWorker.run(SegmentedRaftLogWorker.java:289)
	at java.lang.Thread.run(Thread.java:748)
Caused by: java.util.concurrent.TimeoutException
	at java.util.concurrent.CompletableFuture.timedGet(CompletableFuture.java:1771)
	at java.util.concurrent.CompletableFuture.get(CompletableFuture.java:1915)
	at org.apache.ratis.util.IOUtils.getFromFuture(IOUtils.java:79)
	... 4 more
2019-09-10 18:34:00,285 [java.util.concurrent.ThreadPoolExecutor$Worker@2fb8de94[State = -1, empty queue]] WARN  server.GrpcLogAppender (GrpcLogAppender.java:timeoutAppendRequest(200)) - 43b8dda0-1fac-498c-94e0-436a32ed8ccd@group-248F13D822B7->114338b4-3ae2-46b3-98b7-a583d2a0bf23-GrpcLogAppender: appendEntries Timeout, request=43b8dda0-1fac-498c-94e0-436a32ed8ccd->114338b4-3ae2-46b3-98b7-a583d2a0bf23#141-t2, previous=(t:2, i:20), leaderCommit=16, initializing? false, entries: <empty>
2019-09-10 18:34:00,285 [java.util.concurrent.ThreadPoolExecutor$Worker@7aeb99c5[State = -1, empty queue]] WARN  server.GrpcLogAppender (GrpcLogAppender.java:timeoutAppendRequest(200)) - 43b8dda0-1fac-498c-94e0-436a32ed8ccd@group-248F13D822B7->166d57fa-ec73-4a99-b6df-0ab3ad0d7909-GrpcLogAppender: appendEntries Timeout, request=43b8dda0-1fac-498c-94e0-436a32ed8ccd->166d57fa-ec73-4a99-b6df-0ab3ad0d7909#141-t2, previous=(t:2, i:20), leaderCommit=16, initializing? false, entries: <empty>
2019-09-10 18:34:00,509 [java.util.concurrent.ThreadPoolExecutor$Worker@2130bf45[State = -1, empty queue]] WARN  server.GrpcLogAppender (GrpcLogAppender.java:timeoutAppendRequest(200)) - 59afee6f-3342-47f6-8cd2-a67165187773@group-C790A911BCD5->f9c92805-78f9-4aa2-ad11-0f5c06c060e3-GrpcLogAppender: appendEntries Timeout, request=59afee6f-3342-47f6-8cd2-a67165187773->f9c92805-78f9-4aa2-ad11-0f5c06c060e3#137-t3, previous=(t:3, i:20), leaderCommit=16, initializing? false, entries: <empty>
2019-09-10 18:34:00,509 [java.util.concurrent.ThreadPoolExecutor$Worker@781538ae[State = -1, empty queue]] WARN  server.GrpcLogAppender (GrpcLogAppender.java:timeoutAppendRequest(200)) - 59afee6f-3342-47f6-8cd2-a67165187773@group-C790A911BCD5->fc430ad7-c10f-4afd-84a3-4263b60fc3a5-GrpcLogAppender: appendEntries Timeout, request=59afee6f-3342-47f6-8cd2-a67165187773->fc430ad7-c10f-4afd-84a3-4263b60fc3a5#137-t3, previous=(t:3, i:20), leaderCommit=16, initializing? false, entries: <empty>
2019-09-10 18:34:00,786 [java.util.concurrent.ThreadPoolExecutor$Worker@2fb8de94[State = -1, empty queue]] WARN  server.GrpcLogAppender (GrpcLogAppender.java:timeoutAppendRequest(200)) - 43b8dda0-1fac-498c-94e0-436a32ed8ccd@group-248F13D822B7->114338b4-3ae2-46b3-98b7-a583d2a0bf23-GrpcLogAppender: appendEntries Timeout, request=43b8dda0-1fac-498c-94e0-436a32ed8ccd->114338b4-3ae2-46b3-98b7-a583d2a0bf23#142-t2, previous=(t:2, i:20), leaderCommit=16, initializing? false, entries: <empty>
2019-09-10 18:34:00,786 [java.util.concurrent.ThreadPoolExecutor$Worker@7aeb99c5[State = -1, empty queue]] WARN  server.GrpcLogAppender (GrpcLogAppender.java:timeoutAppendRequest(200)) - 43b8dda0-1fac-498c-94e0-436a32ed8ccd@group-248F13D822B7->166d57fa-ec73-4a99-b6df-0ab3ad0d7909-GrpcLogAppender: appendEntries Timeout, request=43b8dda0-1fac-498c-94e0-436a32ed8ccd->166d57fa-ec73-4a99-b6df-0ab3ad0d7909#142-t2, previous=(t:2, i:20), leaderCommit=16, initializing? false, entries: <empty>
2019-09-10 18:34:01,009 [java.util.concurrent.ThreadPoolExecutor$Worker@2130bf45[State = -1, empty queue]] WARN  server.GrpcLogAppender (GrpcLogAppender.java:timeoutAppendRequest(200)) - 59afee6f-3342-47f6-8cd2-a67165187773@group-C790A911BCD5->f9c92805-78f9-4aa2-ad11-0f5c06c060e3-GrpcLogAppender: appendEntries Timeout, request=59afee6f-3342-47f6-8cd2-a67165187773->f9c92805-78f9-4aa2-ad11-0f5c06c060e3#138-t3, previous=(t:3, i:20), leaderCommit=16, initializing? false, entries: <empty>
2019-09-10 18:34:01,009 [java.util.concurrent.ThreadPoolExecutor$Worker@781538ae[State = -1, empty queue]] WARN  server.GrpcLogAppender (GrpcLogAppender.java:timeoutAppendRequest(200)) - 59afee6f-3342-47f6-8cd2-a67165187773@group-C790A911BCD5->fc430ad7-c10f-4afd-84a3-4263b60fc3a5-GrpcLogAppender: appendEntries Timeout, request=59afee6f-3342-47f6-8cd2-a67165187773->fc430ad7-c10f-4afd-84a3-4263b60fc3a5#138-t3, previous=(t:3, i:20), leaderCommit=16, initializing? false, entries: <empty>
2019-09-10 18:34:01,042 [Thread-1413] INFO  impl.FollowerState (FollowerState.java:run(106)) - a5c56bc8-e609-4560-873f-c4715c8bfbf6:group-F10CA6FB56ED changes to CANDIDATE, lastRpcTime:1044, electionTimeout:1044ms
2019-09-10 18:34:01,042 [Thread-1413] INFO  impl.RoleInfo (RoleInfo.java:shutdownFollowerState(121)) - a5c56bc8-e609-4560-873f-c4715c8bfbf6: shutdown FollowerState
2019-09-10 18:34:01,043 [Thread-1413] INFO  impl.RaftServerImpl (RaftServerImpl.java:setRole(174)) - a5c56bc8-e609-4560-873f-c4715c8bfbf6@group-F10CA6FB56ED: changes role from  FOLLOWER to CANDIDATE at term 19 for changeToCandidate
2019-09-10 18:34:01,043 [Thread-1413] INFO  impl.RoleInfo (RoleInfo.java:updateAndGet(143)) - a5c56bc8-e609-4560-873f-c4715c8bfbf6: start LeaderElection
2019-09-10 18:34:01,064 [a5c56bc8-e609-4560-873f-c4715c8bfbf6@group-F10CA6FB56ED:LeaderElection45] INFO  impl.LeaderElection (LeaderElection.java:askForVotes(182)) - a5c56bc8-e609-4560-873f-c4715c8bfbf6@group-F10CA6FB56ED:LeaderElection45: begin an election at term 20 for 0: [7e7e06ff-ff15-4a73-bf67-b60124f5dbc2:192.168.5.139:37758, a5c56bc8-e609-4560-873f-c4715c8bfbf6:192.168.5.139:44770, dc34f224-6fe7-4a16-b3d0-41df1e51aada:192.168.5.139:40510], old=null
2019-09-10 18:34:01,067 [a5c56bc8-e609-4560-873f-c4715c8bfbf6@group-F10CA6FB56ED:LeaderElection45] INFO  impl.LeaderElection (LogUtils.java:infoOrTrace(149)) - a5c56bc8-e609-4560-873f-c4715c8bfbf6@group-F10CA6FB56ED:LeaderElection45 got exception when requesting votes: {}
java.util.concurrent.ExecutionException: org.apache.ratis.thirdparty.io.grpc.StatusRuntimeException: UNAVAILABLE: io exception
	at java.util.concurrent.FutureTask.report(FutureTask.java:122)
	at java.util.concurrent.FutureTask.get(FutureTask.java:192)
	at org.apache.ratis.server.impl.LeaderElection.waitForResults(LeaderElection.java:263)
	at org.apache.ratis.server.impl.LeaderElection.askForVotes(LeaderElection.java:201)
	at org.apache.ratis.server.impl.LeaderElection.run(LeaderElection.java:133)
	at java.lang.Thread.run(Thread.java:748)
Caused by: org.apache.ratis.thirdparty.io.grpc.StatusRuntimeException: UNAVAILABLE: io exception
	at org.apache.ratis.thirdparty.io.grpc.stub.ClientCalls.toStatusRuntimeException(ClientCalls.java:233)
	at org.apache.ratis.thirdparty.io.grpc.stub.ClientCalls.getUnchecked(ClientCalls.java:214)
	at org.apache.ratis.thirdparty.io.grpc.stub.ClientCalls.blockingUnaryCall(ClientCalls.java:139)
	at org.apache.ratis.proto.grpc.RaftServerProtocolServiceGrpc$RaftServerProtocolServiceBlockingStub.requestVote(RaftServerProtocolServiceGrpc.java:265)
	at org.apache.ratis.grpc.server.GrpcServerProtocolClient.requestVote(GrpcServerProtocolClient.java:90)
	at org.apache.ratis.grpc.server.GrpcService.requestVote(GrpcService.java:204)
	at org.apache.ratis.server.impl.LeaderElection.lambda$submitRequests$1(LeaderElection.java:238)
	at java.util.concurrent.FutureTask.run(FutureTask.java:266)
	at java.util.concurrent.Executors$RunnableAdapter.call(Executors.java:511)
	at java.util.concurrent.FutureTask.run(FutureTask.java:266)
	at java.util.concurrent.ThreadPoolExecutor.runWorker(ThreadPoolExecutor.java:1149)
	at java.util.concurrent.ThreadPoolExecutor$Worker.run(ThreadPoolExecutor.java:624)
	... 1 more
Caused by: org.apache.ratis.thirdparty.io.netty.channel.AbstractChannel$AnnotatedConnectException: Connection refused: /192.168.5.139:40510
	at sun.nio.ch.SocketChannelImpl.checkConnect(Native Method)
	at sun.nio.ch.SocketChannelImpl.finishConnect(SocketChannelImpl.java:717)
	at org.apache.ratis.thirdparty.io.netty.channel.socket.nio.NioSocketChannel.doFinishConnect(NioSocketChannel.java:327)
	at org.apache.ratis.thirdparty.io.netty.channel.nio.AbstractNioChannel$AbstractNioUnsafe.finishConnect(AbstractNioChannel.java:340)
	at org.apache.ratis.thirdparty.io.netty.channel.nio.NioEventLoop.processSelectedKey(NioEventLoop.java:632)
	at org.apache.ratis.thirdparty.io.netty.channel.nio.NioEventLoop.processSelectedKeysOptimized(NioEventLoop.java:579)
	at org.apache.ratis.thirdparty.io.netty.channel.nio.NioEventLoop.processSelectedKeys(NioEventLoop.java:496)
	at org.apache.ratis.thirdparty.io.netty.channel.nio.NioEventLoop.run(NioEventLoop.java:458)
	at org.apache.ratis.thirdparty.io.netty.util.concurrent.SingleThreadEventExecutor$5.run(SingleThreadEventExecutor.java:897)
	at org.apache.ratis.thirdparty.io.netty.util.concurrent.FastThreadLocalRunnable.run(FastThreadLocalRunnable.java:30)
	... 1 more
Caused by: java.net.ConnectException: Connection refused
	... 11 more
2019-09-10 18:34:01,071 [a5c56bc8-e609-4560-873f-c4715c8bfbf6@group-F10CA6FB56ED:LeaderElection45] INFO  impl.LeaderElection (LogUtils.java:infoOrTrace(149)) - a5c56bc8-e609-4560-873f-c4715c8bfbf6@group-F10CA6FB56ED:LeaderElection45 got exception when requesting votes: {}
java.util.concurrent.ExecutionException: org.apache.ratis.thirdparty.io.grpc.StatusRuntimeException: UNAVAILABLE: io exception
	at java.util.concurrent.FutureTask.report(FutureTask.java:122)
	at java.util.concurrent.FutureTask.get(FutureTask.java:192)
	at org.apache.ratis.server.impl.LeaderElection.waitForResults(LeaderElection.java:263)
	at org.apache.ratis.server.impl.LeaderElection.askForVotes(LeaderElection.java:201)
	at org.apache.ratis.server.impl.LeaderElection.run(LeaderElection.java:133)
	at java.lang.Thread.run(Thread.java:748)
Caused by: org.apache.ratis.thirdparty.io.grpc.StatusRuntimeException: UNAVAILABLE: io exception
	at org.apache.ratis.thirdparty.io.grpc.stub.ClientCalls.toStatusRuntimeException(ClientCalls.java:233)
	at org.apache.ratis.thirdparty.io.grpc.stub.ClientCalls.getUnchecked(ClientCalls.java:214)
	at org.apache.ratis.thirdparty.io.grpc.stub.ClientCalls.blockingUnaryCall(ClientCalls.java:139)
	at org.apache.ratis.proto.grpc.RaftServerProtocolServiceGrpc$RaftServerProtocolServiceBlockingStub.requestVote(RaftServerProtocolServiceGrpc.java:265)
	at org.apache.ratis.grpc.server.GrpcServerProtocolClient.requestVote(GrpcServerProtocolClient.java:90)
	at org.apache.ratis.grpc.server.GrpcService.requestVote(GrpcService.java:204)
	at org.apache.ratis.server.impl.LeaderElection.lambda$submitRequests$1(LeaderElection.java:238)
	at java.util.concurrent.FutureTask.run(FutureTask.java:266)
	at java.util.concurrent.Executors$RunnableAdapter.call(Executors.java:511)
	at java.util.concurrent.FutureTask.run(FutureTask.java:266)
	at java.util.concurrent.ThreadPoolExecutor.runWorker(ThreadPoolExecutor.java:1149)
	at java.util.concurrent.ThreadPoolExecutor$Worker.run(ThreadPoolExecutor.java:624)
	... 1 more
Caused by: org.apache.ratis.thirdparty.io.netty.channel.AbstractChannel$AnnotatedConnectException: Connection refused: /192.168.5.139:37758
	at sun.nio.ch.SocketChannelImpl.checkConnect(Native Method)
	at sun.nio.ch.SocketChannelImpl.finishConnect(SocketChannelImpl.java:717)
	at org.apache.ratis.thirdparty.io.netty.channel.socket.nio.NioSocketChannel.doFinishConnect(NioSocketChannel.java:327)
	at org.apache.ratis.thirdparty.io.netty.channel.nio.AbstractNioChannel$AbstractNioUnsafe.finishConnect(AbstractNioChannel.java:340)
	at org.apache.ratis.thirdparty.io.netty.channel.nio.NioEventLoop.processSelectedKey(NioEventLoop.java:632)
	at org.apache.ratis.thirdparty.io.netty.channel.nio.NioEventLoop.processSelectedKeysOptimized(NioEventLoop.java:579)
	at org.apache.ratis.thirdparty.io.netty.channel.nio.NioEventLoop.processSelectedKeys(NioEventLoop.java:496)
	at org.apache.ratis.thirdparty.io.netty.channel.nio.NioEventLoop.run(NioEventLoop.java:458)
	at org.apache.ratis.thirdparty.io.netty.util.concurrent.SingleThreadEventExecutor$5.run(SingleThreadEventExecutor.java:897)
	at org.apache.ratis.thirdparty.io.netty.util.concurrent.FastThreadLocalRunnable.run(FastThreadLocalRunnable.java:30)
	... 1 more
Caused by: java.net.ConnectException: Connection refused
	... 11 more
2019-09-10 18:34:01,074 [a5c56bc8-e609-4560-873f-c4715c8bfbf6@group-F10CA6FB56ED:LeaderElection45] INFO  impl.LeaderElection (LeaderElection.java:logAndReturn(56)) - a5c56bc8-e609-4560-873f-c4715c8bfbf6@group-F10CA6FB56ED:LeaderElection45: Election REJECTED; received 0 response(s) [] and 2 exception(s); a5c56bc8-e609-4560-873f-c4715c8bfbf6@group-F10CA6FB56ED:t20, leader=null, voted=a5c56bc8-e609-4560-873f-c4715c8bfbf6, raftlog=a5c56bc8-e609-4560-873f-c4715c8bfbf6@group-F10CA6FB56ED-SegmentedRaftLog:OPENED:c32,f32,i32, conf=0: [7e7e06ff-ff15-4a73-bf67-b60124f5dbc2:192.168.5.139:37758, a5c56bc8-e609-4560-873f-c4715c8bfbf6:192.168.5.139:44770, dc34f224-6fe7-4a16-b3d0-41df1e51aada:192.168.5.139:40510], old=null
2019-09-10 18:34:01,075 [a5c56bc8-e609-4560-873f-c4715c8bfbf6@group-F10CA6FB56ED:LeaderElection45] INFO  impl.LeaderElection (LogUtils.java:infoOrTrace(149)) -   Exception 0: {}
java.util.concurrent.ExecutionException: org.apache.ratis.thirdparty.io.grpc.StatusRuntimeException: UNAVAILABLE: io exception
	at java.util.concurrent.FutureTask.report(FutureTask.java:122)
	at java.util.concurrent.FutureTask.get(FutureTask.java:192)
	at org.apache.ratis.server.impl.LeaderElection.waitForResults(LeaderElection.java:263)
	at org.apache.ratis.server.impl.LeaderElection.askForVotes(LeaderElection.java:201)
	at org.apache.ratis.server.impl.LeaderElection.run(LeaderElection.java:133)
	at java.lang.Thread.run(Thread.java:748)
Caused by: org.apache.ratis.thirdparty.io.grpc.StatusRuntimeException: UNAVAILABLE: io exception
	at org.apache.ratis.thirdparty.io.grpc.stub.ClientCalls.toStatusRuntimeException(ClientCalls.java:233)
	at org.apache.ratis.thirdparty.io.grpc.stub.ClientCalls.getUnchecked(ClientCalls.java:214)
	at org.apache.ratis.thirdparty.io.grpc.stub.ClientCalls.blockingUnaryCall(ClientCalls.java:139)
	at org.apache.ratis.proto.grpc.RaftServerProtocolServiceGrpc$RaftServerProtocolServiceBlockingStub.requestVote(RaftServerProtocolServiceGrpc.java:265)
	at org.apache.ratis.grpc.server.GrpcServerProtocolClient.requestVote(GrpcServerProtocolClient.java:90)
	at org.apache.ratis.grpc.server.GrpcService.requestVote(GrpcService.java:204)
	at org.apache.ratis.server.impl.LeaderElection.lambda$submitRequests$1(LeaderElection.java:238)
	at java.util.concurrent.FutureTask.run(FutureTask.java:266)
	at java.util.concurrent.Executors$RunnableAdapter.call(Executors.java:511)
	at java.util.concurrent.FutureTask.run(FutureTask.java:266)
	at java.util.concurrent.ThreadPoolExecutor.runWorker(ThreadPoolExecutor.java:1149)
	at java.util.concurrent.ThreadPoolExecutor$Worker.run(ThreadPoolExecutor.java:624)
	... 1 more
Caused by: org.apache.ratis.thirdparty.io.netty.channel.AbstractChannel$AnnotatedConnectException: Connection refused: /192.168.5.139:40510
	at sun.nio.ch.SocketChannelImpl.checkConnect(Native Method)
	at sun.nio.ch.SocketChannelImpl.finishConnect(SocketChannelImpl.java:717)
	at org.apache.ratis.thirdparty.io.netty.channel.socket.nio.NioSocketChannel.doFinishConnect(NioSocketChannel.java:327)
	at org.apache.ratis.thirdparty.io.netty.channel.nio.AbstractNioChannel$AbstractNioUnsafe.finishConnect(AbstractNioChannel.java:340)
	at org.apache.ratis.thirdparty.io.netty.channel.nio.NioEventLoop.processSelectedKey(NioEventLoop.java:632)
	at org.apache.ratis.thirdparty.io.netty.channel.nio.NioEventLoop.processSelectedKeysOptimized(NioEventLoop.java:579)
	at org.apache.ratis.thirdparty.io.netty.channel.nio.NioEventLoop.processSelectedKeys(NioEventLoop.java:496)
	at org.apache.ratis.thirdparty.io.netty.channel.nio.NioEventLoop.run(NioEventLoop.java:458)
	at org.apache.ratis.thirdparty.io.netty.util.concurrent.SingleThreadEventExecutor$5.run(SingleThreadEventExecutor.java:897)
	at org.apache.ratis.thirdparty.io.netty.util.concurrent.FastThreadLocalRunnable.run(FastThreadLocalRunnable.java:30)
	... 1 more
Caused by: java.net.ConnectException: Connection refused
	... 11 more
2019-09-10 18:34:01,075 [a5c56bc8-e609-4560-873f-c4715c8bfbf6@group-F10CA6FB56ED:LeaderElection45] INFO  impl.LeaderElection (LogUtils.java:infoOrTrace(149)) -   Exception 1: {}
java.util.concurrent.ExecutionException: org.apache.ratis.thirdparty.io.grpc.StatusRuntimeException: UNAVAILABLE: io exception
	at java.util.concurrent.FutureTask.report(FutureTask.java:122)
	at java.util.concurrent.FutureTask.get(FutureTask.java:192)
	at org.apache.ratis.server.impl.LeaderElection.waitForResults(LeaderElection.java:263)
	at org.apache.ratis.server.impl.LeaderElection.askForVotes(LeaderElection.java:201)
	at org.apache.ratis.server.impl.LeaderElection.run(LeaderElection.java:133)
	at java.lang.Thread.run(Thread.java:748)
Caused by: org.apache.ratis.thirdparty.io.grpc.StatusRuntimeException: UNAVAILABLE: io exception
	at org.apache.ratis.thirdparty.io.grpc.stub.ClientCalls.toStatusRuntimeException(ClientCalls.java:233)
	at org.apache.ratis.thirdparty.io.grpc.stub.ClientCalls.getUnchecked(ClientCalls.java:214)
	at org.apache.ratis.thirdparty.io.grpc.stub.ClientCalls.blockingUnaryCall(ClientCalls.java:139)
	at org.apache.ratis.proto.grpc.RaftServerProtocolServiceGrpc$RaftServerProtocolServiceBlockingStub.requestVote(RaftServerProtocolServiceGrpc.java:265)
	at org.apache.ratis.grpc.server.GrpcServerProtocolClient.requestVote(GrpcServerProtocolClient.java:90)
	at org.apache.ratis.grpc.server.GrpcService.requestVote(GrpcService.java:204)
	at org.apache.ratis.server.impl.LeaderElection.lambda$submitRequests$1(LeaderElection.java:238)
	at java.util.concurrent.FutureTask.run(FutureTask.java:266)
	at java.util.concurrent.Executors$RunnableAdapter.call(Executors.java:511)
	at java.util.concurrent.FutureTask.run(FutureTask.java:266)
	at java.util.concurrent.ThreadPoolExecutor.runWorker(ThreadPoolExecutor.java:1149)
	at java.util.concurrent.ThreadPoolExecutor$Worker.run(ThreadPoolExecutor.java:624)
	... 1 more
Caused by: org.apache.ratis.thirdparty.io.netty.channel.AbstractChannel$AnnotatedConnectException: Connection refused: /192.168.5.139:37758
	at sun.nio.ch.SocketChannelImpl.checkConnect(Native Method)
	at sun.nio.ch.SocketChannelImpl.finishConnect(SocketChannelImpl.java:717)
	at org.apache.ratis.thirdparty.io.netty.channel.socket.nio.NioSocketChannel.doFinishConnect(NioSocketChannel.java:327)
	at org.apache.ratis.thirdparty.io.netty.channel.nio.AbstractNioChannel$AbstractNioUnsafe.finishConnect(AbstractNioChannel.java:340)
	at org.apache.ratis.thirdparty.io.netty.channel.nio.NioEventLoop.processSelectedKey(NioEventLoop.java:632)
	at org.apache.ratis.thirdparty.io.netty.channel.nio.NioEventLoop.processSelectedKeysOptimized(NioEventLoop.java:579)
	at org.apache.ratis.thirdparty.io.netty.channel.nio.NioEventLoop.processSelectedKeys(NioEventLoop.java:496)
	at org.apache.ratis.thirdparty.io.netty.channel.nio.NioEventLoop.run(NioEventLoop.java:458)
	at org.apache.ratis.thirdparty.io.netty.util.concurrent.SingleThreadEventExecutor$5.run(SingleThreadEventExecutor.java:897)
	at org.apache.ratis.thirdparty.io.netty.util.concurrent.FastThreadLocalRunnable.run(FastThreadLocalRunnable.java:30)
	... 1 more
Caused by: java.net.ConnectException: Connection refused
	... 11 more
2019-09-10 18:34:01,075 [a5c56bc8-e609-4560-873f-c4715c8bfbf6@group-F10CA6FB56ED:LeaderElection45] INFO  impl.RaftServerImpl (RaftServerImpl.java:setRole(174)) - a5c56bc8-e609-4560-873f-c4715c8bfbf6@group-F10CA6FB56ED: changes role from CANDIDATE to FOLLOWER at term 20 for DISCOVERED_A_NEW_TERM
2019-09-10 18:34:01,076 [a5c56bc8-e609-4560-873f-c4715c8bfbf6@group-F10CA6FB56ED:LeaderElection45] INFO  impl.RoleInfo (RoleInfo.java:shutdownLeaderElection(134)) - a5c56bc8-e609-4560-873f-c4715c8bfbf6: shutdown LeaderElection
2019-09-10 18:34:01,076 [a5c56bc8-e609-4560-873f-c4715c8bfbf6@group-F10CA6FB56ED:LeaderElection45] INFO  impl.RoleInfo (RoleInfo.java:updateAndGet(143)) - a5c56bc8-e609-4560-873f-c4715c8bfbf6: start FollowerState
2019-09-10 18:34:01,286 [java.util.concurrent.ThreadPoolExecutor$Worker@2fb8de94[State = -1, empty queue]] WARN  server.GrpcLogAppender (GrpcLogAppender.java:timeoutAppendRequest(200)) - 43b8dda0-1fac-498c-94e0-436a32ed8ccd@group-248F13D822B7->114338b4-3ae2-46b3-98b7-a583d2a0bf23-GrpcLogAppender: appendEntries Timeout, request=43b8dda0-1fac-498c-94e0-436a32ed8ccd->114338b4-3ae2-46b3-98b7-a583d2a0bf23#143-t2, previous=(t:2, i:20), leaderCommit=16, initializing? false, entries: <empty>
2019-09-10 18:34:01,286 [java.util.concurrent.ThreadPoolExecutor$Worker@7aeb99c5[State = -1, empty queue]] WARN  server.GrpcLogAppender (GrpcLogAppender.java:timeoutAppendRequest(200)) - 43b8dda0-1fac-498c-94e0-436a32ed8ccd@group-248F13D822B7->166d57fa-ec73-4a99-b6df-0ab3ad0d7909-GrpcLogAppender: appendEntries Timeout, request=43b8dda0-1fac-498c-94e0-436a32ed8ccd->166d57fa-ec73-4a99-b6df-0ab3ad0d7909#143-t2, previous=(t:2, i:20), leaderCommit=16, initializing? false, entries: <empty>
2019-09-10 18:34:01,510 [java.util.concurrent.ThreadPoolExecutor$Worker@2130bf45[State = -1, empty queue]] WARN  server.GrpcLogAppender (GrpcLogAppender.java:timeoutAppendRequest(200)) - 59afee6f-3342-47f6-8cd2-a67165187773@group-C790A911BCD5->f9c92805-78f9-4aa2-ad11-0f5c06c060e3-GrpcLogAppender: appendEntries Timeout, request=59afee6f-3342-47f6-8cd2-a67165187773->f9c92805-78f9-4aa2-ad11-0f5c06c060e3#139-t3, previous=(t:3, i:20), leaderCommit=16, initializing? false, entries: <empty>
2019-09-10 18:34:01,510 [java.util.concurrent.ThreadPoolExecutor$Worker@781538ae[State = -1, empty queue]] WARN  server.GrpcLogAppender (GrpcLogAppender.java:timeoutAppendRequest(200)) - 59afee6f-3342-47f6-8cd2-a67165187773@group-C790A911BCD5->fc430ad7-c10f-4afd-84a3-4263b60fc3a5-GrpcLogAppender: appendEntries Timeout, request=59afee6f-3342-47f6-8cd2-a67165187773->fc430ad7-c10f-4afd-84a3-4263b60fc3a5#139-t3, previous=(t:3, i:20), leaderCommit=16, initializing? false, entries: <empty>
2019-09-10 18:34:01,786 [java.util.concurrent.ThreadPoolExecutor$Worker@7aeb99c5[State = -1, empty queue]] WARN  server.GrpcLogAppender (GrpcLogAppender.java:timeoutAppendRequest(200)) - 43b8dda0-1fac-498c-94e0-436a32ed8ccd@group-248F13D822B7->166d57fa-ec73-4a99-b6df-0ab3ad0d7909-GrpcLogAppender: appendEntries Timeout, request=43b8dda0-1fac-498c-94e0-436a32ed8ccd->166d57fa-ec73-4a99-b6df-0ab3ad0d7909#144-t2, previous=(t:2, i:20), leaderCommit=16, initializing? false, entries: <empty>
2019-09-10 18:34:01,786 [java.util.concurrent.ThreadPoolExecutor$Worker@2fb8de94[State = -1, empty queue]] WARN  server.GrpcLogAppender (GrpcLogAppender.java:timeoutAppendRequest(200)) - 43b8dda0-1fac-498c-94e0-436a32ed8ccd@group-248F13D822B7->114338b4-3ae2-46b3-98b7-a583d2a0bf23-GrpcLogAppender: appendEntries Timeout, request=43b8dda0-1fac-498c-94e0-436a32ed8ccd->114338b4-3ae2-46b3-98b7-a583d2a0bf23#144-t2, previous=(t:2, i:20), leaderCommit=16, initializing? false, entries: <empty>
2019-09-10 18:34:02,010 [java.util.concurrent.ThreadPoolExecutor$Worker@781538ae[State = -1, empty queue]] WARN  server.GrpcLogAppender (GrpcLogAppender.java:timeoutAppendRequest(200)) - 59afee6f-3342-47f6-8cd2-a67165187773@group-C790A911BCD5->fc430ad7-c10f-4afd-84a3-4263b60fc3a5-GrpcLogAppender: appendEntries Timeout, request=59afee6f-3342-47f6-8cd2-a67165187773->fc430ad7-c10f-4afd-84a3-4263b60fc3a5#140-t3, previous=(t:3, i:20), leaderCommit=16, initializing? false, entries: <empty>
2019-09-10 18:34:02,010 [java.util.concurrent.ThreadPoolExecutor$Worker@2130bf45[State = -1, empty queue]] WARN  server.GrpcLogAppender (GrpcLogAppender.java:timeoutAppendRequest(200)) - 59afee6f-3342-47f6-8cd2-a67165187773@group-C790A911BCD5->f9c92805-78f9-4aa2-ad11-0f5c06c060e3-GrpcLogAppender: appendEntries Timeout, request=59afee6f-3342-47f6-8cd2-a67165187773->f9c92805-78f9-4aa2-ad11-0f5c06c060e3#140-t3, previous=(t:3, i:20), leaderCommit=16, initializing? false, entries: <empty>
2019-09-10 18:34:02,179 [Thread-1427] INFO  impl.FollowerState (FollowerState.java:run(106)) - a5c56bc8-e609-4560-873f-c4715c8bfbf6:group-F10CA6FB56ED changes to CANDIDATE, lastRpcTime:1102, electionTimeout:1102ms
2019-09-10 18:34:02,179 [Thread-1427] INFO  impl.RoleInfo (RoleInfo.java:shutdownFollowerState(121)) - a5c56bc8-e609-4560-873f-c4715c8bfbf6: shutdown FollowerState
2019-09-10 18:34:02,179 [Thread-1427] INFO  impl.RaftServerImpl (RaftServerImpl.java:setRole(174)) - a5c56bc8-e609-4560-873f-c4715c8bfbf6@group-F10CA6FB56ED: changes role from  FOLLOWER to CANDIDATE at term 20 for changeToCandidate
2019-09-10 18:34:02,180 [Thread-1427] INFO  impl.RoleInfo (RoleInfo.java:updateAndGet(143)) - a5c56bc8-e609-4560-873f-c4715c8bfbf6: start LeaderElection
2019-09-10 18:34:02,208 [a5c56bc8-e609-4560-873f-c4715c8bfbf6@group-F10CA6FB56ED:LeaderElection46] INFO  impl.LeaderElection (LeaderElection.java:askForVotes(182)) - a5c56bc8-e609-4560-873f-c4715c8bfbf6@group-F10CA6FB56ED:LeaderElection46: begin an election at term 21 for 0: [7e7e06ff-ff15-4a73-bf67-b60124f5dbc2:192.168.5.139:37758, a5c56bc8-e609-4560-873f-c4715c8bfbf6:192.168.5.139:44770, dc34f224-6fe7-4a16-b3d0-41df1e51aada:192.168.5.139:40510], old=null
2019-09-10 18:34:02,210 [a5c56bc8-e609-4560-873f-c4715c8bfbf6@group-F10CA6FB56ED:LeaderElection46] INFO  impl.LeaderElection (LogUtils.java:infoOrTrace(149)) - a5c56bc8-e609-4560-873f-c4715c8bfbf6@group-F10CA6FB56ED:LeaderElection46 got exception when requesting votes: {}
java.util.concurrent.ExecutionException: org.apache.ratis.thirdparty.io.grpc.StatusRuntimeException: UNAVAILABLE: io exception
	at java.util.concurrent.FutureTask.report(FutureTask.java:122)
	at java.util.concurrent.FutureTask.get(FutureTask.java:192)
	at org.apache.ratis.server.impl.LeaderElection.waitForResults(LeaderElection.java:263)
	at org.apache.ratis.server.impl.LeaderElection.askForVotes(LeaderElection.java:201)
	at org.apache.ratis.server.impl.LeaderElection.run(LeaderElection.java:133)
	at java.lang.Thread.run(Thread.java:748)
Caused by: org.apache.ratis.thirdparty.io.grpc.StatusRuntimeException: UNAVAILABLE: io exception
	at org.apache.ratis.thirdparty.io.grpc.stub.ClientCalls.toStatusRuntimeException(ClientCalls.java:233)
	at org.apache.ratis.thirdparty.io.grpc.stub.ClientCalls.getUnchecked(ClientCalls.java:214)
	at org.apache.ratis.thirdparty.io.grpc.stub.ClientCalls.blockingUnaryCall(ClientCalls.java:139)
	at org.apache.ratis.proto.grpc.RaftServerProtocolServiceGrpc$RaftServerProtocolServiceBlockingStub.requestVote(RaftServerProtocolServiceGrpc.java:265)
	at org.apache.ratis.grpc.server.GrpcServerProtocolClient.requestVote(GrpcServerProtocolClient.java:90)
	at org.apache.ratis.grpc.server.GrpcService.requestVote(GrpcService.java:204)
	at org.apache.ratis.server.impl.LeaderElection.lambda$submitRequests$1(LeaderElection.java:238)
	at java.util.concurrent.FutureTask.run(FutureTask.java:266)
	at java.util.concurrent.Executors$RunnableAdapter.call(Executors.java:511)
	at java.util.concurrent.FutureTask.run(FutureTask.java:266)
	at java.util.concurrent.ThreadPoolExecutor.runWorker(ThreadPoolExecutor.java:1149)
	at java.util.concurrent.ThreadPoolExecutor$Worker.run(ThreadPoolExecutor.java:624)
	... 1 more
Caused by: org.apache.ratis.thirdparty.io.netty.channel.AbstractChannel$AnnotatedConnectException: Connection refused: /192.168.5.139:37758
	at sun.nio.ch.SocketChannelImpl.checkConnect(Native Method)
	at sun.nio.ch.SocketChannelImpl.finishConnect(SocketChannelImpl.java:717)
	at org.apache.ratis.thirdparty.io.netty.channel.socket.nio.NioSocketChannel.doFinishConnect(NioSocketChannel.java:327)
	at org.apache.ratis.thirdparty.io.netty.channel.nio.AbstractNioChannel$AbstractNioUnsafe.finishConnect(AbstractNioChannel.java:340)
	at org.apache.ratis.thirdparty.io.netty.channel.nio.NioEventLoop.processSelectedKey(NioEventLoop.java:632)
	at org.apache.ratis.thirdparty.io.netty.channel.nio.NioEventLoop.processSelectedKeysOptimized(NioEventLoop.java:579)
	at org.apache.ratis.thirdparty.io.netty.channel.nio.NioEventLoop.processSelectedKeys(NioEventLoop.java:496)
	at org.apache.ratis.thirdparty.io.netty.channel.nio.NioEventLoop.run(NioEventLoop.java:458)
	at org.apache.ratis.thirdparty.io.netty.util.concurrent.SingleThreadEventExecutor$5.run(SingleThreadEventExecutor.java:897)
	at org.apache.ratis.thirdparty.io.netty.util.concurrent.FastThreadLocalRunnable.run(FastThreadLocalRunnable.java:30)
	... 1 more
Caused by: java.net.ConnectException: Connection refused
	... 11 more
2019-09-10 18:34:02,214 [a5c56bc8-e609-4560-873f-c4715c8bfbf6@group-F10CA6FB56ED:LeaderElection46] INFO  impl.LeaderElection (LogUtils.java:infoOrTrace(149)) - a5c56bc8-e609-4560-873f-c4715c8bfbf6@group-F10CA6FB56ED:LeaderElection46 got exception when requesting votes: {}
java.util.concurrent.ExecutionException: org.apache.ratis.thirdparty.io.grpc.StatusRuntimeException: UNAVAILABLE: io exception
	at java.util.concurrent.FutureTask.report(FutureTask.java:122)
	at java.util.concurrent.FutureTask.get(FutureTask.java:192)
	at org.apache.ratis.server.impl.LeaderElection.waitForResults(LeaderElection.java:263)
	at org.apache.ratis.server.impl.LeaderElection.askForVotes(LeaderElection.java:201)
	at org.apache.ratis.server.impl.LeaderElection.run(LeaderElection.java:133)
	at java.lang.Thread.run(Thread.java:748)
Caused by: org.apache.ratis.thirdparty.io.grpc.StatusRuntimeException: UNAVAILABLE: io exception
	at org.apache.ratis.thirdparty.io.grpc.stub.ClientCalls.toStatusRuntimeException(ClientCalls.java:233)
	at org.apache.ratis.thirdparty.io.grpc.stub.ClientCalls.getUnchecked(ClientCalls.java:214)
	at org.apache.ratis.thirdparty.io.grpc.stub.ClientCalls.blockingUnaryCall(ClientCalls.java:139)
	at org.apache.ratis.proto.grpc.RaftServerProtocolServiceGrpc$RaftServerProtocolServiceBlockingStub.requestVote(RaftServerProtocolServiceGrpc.java:265)
	at org.apache.ratis.grpc.server.GrpcServerProtocolClient.requestVote(GrpcServerProtocolClient.java:90)
	at org.apache.ratis.grpc.server.GrpcService.requestVote(GrpcService.java:204)
	at org.apache.ratis.server.impl.LeaderElection.lambda$submitRequests$1(LeaderElection.java:238)
	at java.util.concurrent.FutureTask.run(FutureTask.java:266)
	at java.util.concurrent.Executors$RunnableAdapter.call(Executors.java:511)
	at java.util.concurrent.FutureTask.run(FutureTask.java:266)
	at java.util.concurrent.ThreadPoolExecutor.runWorker(ThreadPoolExecutor.java:1149)
	at java.util.concurrent.ThreadPoolExecutor$Worker.run(ThreadPoolExecutor.java:624)
	... 1 more
Caused by: org.apache.ratis.thirdparty.io.netty.channel.AbstractChannel$AnnotatedConnectException: Connection refused: /192.168.5.139:40510
	at sun.nio.ch.SocketChannelImpl.checkConnect(Native Method)
	at sun.nio.ch.SocketChannelImpl.finishConnect(SocketChannelImpl.java:717)
	at org.apache.ratis.thirdparty.io.netty.channel.socket.nio.NioSocketChannel.doFinishConnect(NioSocketChannel.java:327)
	at org.apache.ratis.thirdparty.io.netty.channel.nio.AbstractNioChannel$AbstractNioUnsafe.finishConnect(AbstractNioChannel.java:340)
	at org.apache.ratis.thirdparty.io.netty.channel.nio.NioEventLoop.processSelectedKey(NioEventLoop.java:632)
	at org.apache.ratis.thirdparty.io.netty.channel.nio.NioEventLoop.processSelectedKeysOptimized(NioEventLoop.java:579)
	at org.apache.ratis.thirdparty.io.netty.channel.nio.NioEventLoop.processSelectedKeys(NioEventLoop.java:496)
	at org.apache.ratis.thirdparty.io.netty.channel.nio.NioEventLoop.run(NioEventLoop.java:458)
	at org.apache.ratis.thirdparty.io.netty.util.concurrent.SingleThreadEventExecutor$5.run(SingleThreadEventExecutor.java:897)
	at org.apache.ratis.thirdparty.io.netty.util.concurrent.FastThreadLocalRunnable.run(FastThreadLocalRunnable.java:30)
	... 1 more
Caused by: java.net.ConnectException: Connection refused
	... 11 more
2019-09-10 18:34:02,218 [a5c56bc8-e609-4560-873f-c4715c8bfbf6@group-F10CA6FB56ED:LeaderElection46] INFO  impl.LeaderElection (LeaderElection.java:logAndReturn(56)) - a5c56bc8-e609-4560-873f-c4715c8bfbf6@group-F10CA6FB56ED:LeaderElection46: Election REJECTED; received 0 response(s) [] and 2 exception(s); a5c56bc8-e609-4560-873f-c4715c8bfbf6@group-F10CA6FB56ED:t21, leader=null, voted=a5c56bc8-e609-4560-873f-c4715c8bfbf6, raftlog=a5c56bc8-e609-4560-873f-c4715c8bfbf6@group-F10CA6FB56ED-SegmentedRaftLog:OPENED:c32,f32,i32, conf=0: [7e7e06ff-ff15-4a73-bf67-b60124f5dbc2:192.168.5.139:37758, a5c56bc8-e609-4560-873f-c4715c8bfbf6:192.168.5.139:44770, dc34f224-6fe7-4a16-b3d0-41df1e51aada:192.168.5.139:40510], old=null
2019-09-10 18:34:02,218 [a5c56bc8-e609-4560-873f-c4715c8bfbf6@group-F10CA6FB56ED:LeaderElection46] INFO  impl.LeaderElection (LogUtils.java:infoOrTrace(149)) -   Exception 0: {}
java.util.concurrent.ExecutionException: org.apache.ratis.thirdparty.io.grpc.StatusRuntimeException: UNAVAILABLE: io exception
	at java.util.concurrent.FutureTask.report(FutureTask.java:122)
	at java.util.concurrent.FutureTask.get(FutureTask.java:192)
	at org.apache.ratis.server.impl.LeaderElection.waitForResults(LeaderElection.java:263)
	at org.apache.ratis.server.impl.LeaderElection.askForVotes(LeaderElection.java:201)
	at org.apache.ratis.server.impl.LeaderElection.run(LeaderElection.java:133)
	at java.lang.Thread.run(Thread.java:748)
Caused by: org.apache.ratis.thirdparty.io.grpc.StatusRuntimeException: UNAVAILABLE: io exception
	at org.apache.ratis.thirdparty.io.grpc.stub.ClientCalls.toStatusRuntimeException(ClientCalls.java:233)
	at org.apache.ratis.thirdparty.io.grpc.stub.ClientCalls.getUnchecked(ClientCalls.java:214)
	at org.apache.ratis.thirdparty.io.grpc.stub.ClientCalls.blockingUnaryCall(ClientCalls.java:139)
	at org.apache.ratis.proto.grpc.RaftServerProtocolServiceGrpc$RaftServerProtocolServiceBlockingStub.requestVote(RaftServerProtocolServiceGrpc.java:265)
	at org.apache.ratis.grpc.server.GrpcServerProtocolClient.requestVote(GrpcServerProtocolClient.java:90)
	at org.apache.ratis.grpc.server.GrpcService.requestVote(GrpcService.java:204)
	at org.apache.ratis.server.impl.LeaderElection.lambda$submitRequests$1(LeaderElection.java:238)
	at java.util.concurrent.FutureTask.run(FutureTask.java:266)
	at java.util.concurrent.Executors$RunnableAdapter.call(Executors.java:511)
	at java.util.concurrent.FutureTask.run(FutureTask.java:266)
	at java.util.concurrent.ThreadPoolExecutor.runWorker(ThreadPoolExecutor.java:1149)
	at java.util.concurrent.ThreadPoolExecutor$Worker.run(ThreadPoolExecutor.java:624)
	... 1 more
Caused by: org.apache.ratis.thirdparty.io.netty.channel.AbstractChannel$AnnotatedConnectException: Connection refused: /192.168.5.139:37758
	at sun.nio.ch.SocketChannelImpl.checkConnect(Native Method)
	at sun.nio.ch.SocketChannelImpl.finishConnect(SocketChannelImpl.java:717)
	at org.apache.ratis.thirdparty.io.netty.channel.socket.nio.NioSocketChannel.doFinishConnect(NioSocketChannel.java:327)
	at org.apache.ratis.thirdparty.io.netty.channel.nio.AbstractNioChannel$AbstractNioUnsafe.finishConnect(AbstractNioChannel.java:340)
	at org.apache.ratis.thirdparty.io.netty.channel.nio.NioEventLoop.processSelectedKey(NioEventLoop.java:632)
	at org.apache.ratis.thirdparty.io.netty.channel.nio.NioEventLoop.processSelectedKeysOptimized(NioEventLoop.java:579)
	at org.apache.ratis.thirdparty.io.netty.channel.nio.NioEventLoop.processSelectedKeys(NioEventLoop.java:496)
	at org.apache.ratis.thirdparty.io.netty.channel.nio.NioEventLoop.run(NioEventLoop.java:458)
	at org.apache.ratis.thirdparty.io.netty.util.concurrent.SingleThreadEventExecutor$5.run(SingleThreadEventExecutor.java:897)
	at org.apache.ratis.thirdparty.io.netty.util.concurrent.FastThreadLocalRunnable.run(FastThreadLocalRunnable.java:30)
	... 1 more
Caused by: java.net.ConnectException: Connection refused
	... 11 more
2019-09-10 18:34:02,218 [a5c56bc8-e609-4560-873f-c4715c8bfbf6@group-F10CA6FB56ED:LeaderElection46] INFO  impl.LeaderElection (LogUtils.java:infoOrTrace(149)) -   Exception 1: {}
java.util.concurrent.ExecutionException: org.apache.ratis.thirdparty.io.grpc.StatusRuntimeException: UNAVAILABLE: io exception
	at java.util.concurrent.FutureTask.report(FutureTask.java:122)
	at java.util.concurrent.FutureTask.get(FutureTask.java:192)
	at org.apache.ratis.server.impl.LeaderElection.waitForResults(LeaderElection.java:263)
	at org.apache.ratis.server.impl.LeaderElection.askForVotes(LeaderElection.java:201)
	at org.apache.ratis.server.impl.LeaderElection.run(LeaderElection.java:133)
	at java.lang.Thread.run(Thread.java:748)
Caused by: org.apache.ratis.thirdparty.io.grpc.StatusRuntimeException: UNAVAILABLE: io exception
	at org.apache.ratis.thirdparty.io.grpc.stub.ClientCalls.toStatusRuntimeException(ClientCalls.java:233)
	at org.apache.ratis.thirdparty.io.grpc.stub.ClientCalls.getUnchecked(ClientCalls.java:214)
	at org.apache.ratis.thirdparty.io.grpc.stub.ClientCalls.blockingUnaryCall(ClientCalls.java:139)
	at org.apache.ratis.proto.grpc.RaftServerProtocolServiceGrpc$RaftServerProtocolServiceBlockingStub.requestVote(RaftServerProtocolServiceGrpc.java:265)
	at org.apache.ratis.grpc.server.GrpcServerProtocolClient.requestVote(GrpcServerProtocolClient.java:90)
	at org.apache.ratis.grpc.server.GrpcService.requestVote(GrpcService.java:204)
	at org.apache.ratis.server.impl.LeaderElection.lambda$submitRequests$1(LeaderElection.java:238)
	at java.util.concurrent.FutureTask.run(FutureTask.java:266)
	at java.util.concurrent.Executors$RunnableAdapter.call(Executors.java:511)
	at java.util.concurrent.FutureTask.run(FutureTask.java:266)
	at java.util.concurrent.ThreadPoolExecutor.runWorker(ThreadPoolExecutor.java:1149)
	at java.util.concurrent.ThreadPoolExecutor$Worker.run(ThreadPoolExecutor.java:624)
	... 1 more
Caused by: org.apache.ratis.thirdparty.io.netty.channel.AbstractChannel$AnnotatedConnectException: Connection refused: /192.168.5.139:40510
	at sun.nio.ch.SocketChannelImpl.checkConnect(Native Method)
	at sun.nio.ch.SocketChannelImpl.finishConnect(SocketChannelImpl.java:717)
	at org.apache.ratis.thirdparty.io.netty.channel.socket.nio.NioSocketChannel.doFinishConnect(NioSocketChannel.java:327)
	at org.apache.ratis.thirdparty.io.netty.channel.nio.AbstractNioChannel$AbstractNioUnsafe.finishConnect(AbstractNioChannel.java:340)
	at org.apache.ratis.thirdparty.io.netty.channel.nio.NioEventLoop.processSelectedKey(NioEventLoop.java:632)
	at org.apache.ratis.thirdparty.io.netty.channel.nio.NioEventLoop.processSelectedKeysOptimized(NioEventLoop.java:579)
	at org.apache.ratis.thirdparty.io.netty.channel.nio.NioEventLoop.processSelectedKeys(NioEventLoop.java:496)
	at org.apache.ratis.thirdparty.io.netty.channel.nio.NioEventLoop.run(NioEventLoop.java:458)
	at org.apache.ratis.thirdparty.io.netty.util.concurrent.SingleThreadEventExecutor$5.run(SingleThreadEventExecutor.java:897)
	at org.apache.ratis.thirdparty.io.netty.util.concurrent.FastThreadLocalRunnable.run(FastThreadLocalRunnable.java:30)
	... 1 more
Caused by: java.net.ConnectException: Connection refused
	... 11 more
2019-09-10 18:34:02,219 [a5c56bc8-e609-4560-873f-c4715c8bfbf6@group-F10CA6FB56ED:LeaderElection46] INFO  impl.RaftServerImpl (RaftServerImpl.java:setRole(174)) - a5c56bc8-e609-4560-873f-c4715c8bfbf6@group-F10CA6FB56ED: changes role from CANDIDATE to FOLLOWER at term 21 for DISCOVERED_A_NEW_TERM
2019-09-10 18:34:02,219 [a5c56bc8-e609-4560-873f-c4715c8bfbf6@group-F10CA6FB56ED:LeaderElection46] INFO  impl.RoleInfo (RoleInfo.java:shutdownLeaderElection(134)) - a5c56bc8-e609-4560-873f-c4715c8bfbf6: shutdown LeaderElection
2019-09-10 18:34:02,219 [a5c56bc8-e609-4560-873f-c4715c8bfbf6@group-F10CA6FB56ED:LeaderElection46] INFO  impl.RoleInfo (RoleInfo.java:updateAndGet(143)) - a5c56bc8-e609-4560-873f-c4715c8bfbf6: start FollowerState
2019-09-10 18:34:02,287 [java.util.concurrent.ThreadPoolExecutor$Worker@7aeb99c5[State = -1, empty queue]] WARN  server.GrpcLogAppender (GrpcLogAppender.java:timeoutAppendRequest(200)) - 43b8dda0-1fac-498c-94e0-436a32ed8ccd@group-248F13D822B7->166d57fa-ec73-4a99-b6df-0ab3ad0d7909-GrpcLogAppender: appendEntries Timeout, request=43b8dda0-1fac-498c-94e0-436a32ed8ccd->166d57fa-ec73-4a99-b6df-0ab3ad0d7909#145-t2, previous=(t:2, i:20), leaderCommit=16, initializing? false, entries: <empty>
2019-09-10 18:34:02,287 [java.util.concurrent.ThreadPoolExecutor$Worker@2fb8de94[State = -1, empty queue]] WARN  server.GrpcLogAppender (GrpcLogAppender.java:timeoutAppendRequest(200)) - 43b8dda0-1fac-498c-94e0-436a32ed8ccd@group-248F13D822B7->114338b4-3ae2-46b3-98b7-a583d2a0bf23-GrpcLogAppender: appendEntries Timeout, request=43b8dda0-1fac-498c-94e0-436a32ed8ccd->114338b4-3ae2-46b3-98b7-a583d2a0bf23#145-t2, previous=(t:2, i:20), leaderCommit=16, initializing? false, entries: <empty>
2019-09-10 18:34:02,510 [java.util.concurrent.ThreadPoolExecutor$Worker@781538ae[State = -1, empty queue]] WARN  server.GrpcLogAppender (GrpcLogAppender.java:timeoutAppendRequest(200)) - 59afee6f-3342-47f6-8cd2-a67165187773@group-C790A911BCD5->fc430ad7-c10f-4afd-84a3-4263b60fc3a5-GrpcLogAppender: appendEntries Timeout, request=59afee6f-3342-47f6-8cd2-a67165187773->fc430ad7-c10f-4afd-84a3-4263b60fc3a5#141-t3, previous=(t:3, i:20), leaderCommit=16, initializing? false, entries: <empty>
2019-09-10 18:34:02,510 [java.util.concurrent.ThreadPoolExecutor$Worker@2130bf45[State = -1, empty queue]] WARN  server.GrpcLogAppender (GrpcLogAppender.java:timeoutAppendRequest(200)) - 59afee6f-3342-47f6-8cd2-a67165187773@group-C790A911BCD5->f9c92805-78f9-4aa2-ad11-0f5c06c060e3-GrpcLogAppender: appendEntries Timeout, request=59afee6f-3342-47f6-8cd2-a67165187773->f9c92805-78f9-4aa2-ad11-0f5c06c060e3#141-t3, previous=(t:3, i:20), leaderCommit=16, initializing? false, entries: <empty>
2019-09-10 18:34:02,787 [java.util.concurrent.ThreadPoolExecutor$Worker@2fb8de94[State = -1, empty queue]] WARN  server.GrpcLogAppender (GrpcLogAppender.java:timeoutAppendRequest(200)) - 43b8dda0-1fac-498c-94e0-436a32ed8ccd@group-248F13D822B7->114338b4-3ae2-46b3-98b7-a583d2a0bf23-GrpcLogAppender: appendEntries Timeout, request=43b8dda0-1fac-498c-94e0-436a32ed8ccd->114338b4-3ae2-46b3-98b7-a583d2a0bf23#146-t2, previous=(t:2, i:20), leaderCommit=16, initializing? false, entries: <empty>
2019-09-10 18:34:02,787 [java.util.concurrent.ThreadPoolExecutor$Worker@7aeb99c5[State = -1, empty queue]] WARN  server.GrpcLogAppender (GrpcLogAppender.java:timeoutAppendRequest(200)) - 43b8dda0-1fac-498c-94e0-436a32ed8ccd@group-248F13D822B7->166d57fa-ec73-4a99-b6df-0ab3ad0d7909-GrpcLogAppender: appendEntries Timeout, request=43b8dda0-1fac-498c-94e0-436a32ed8ccd->166d57fa-ec73-4a99-b6df-0ab3ad0d7909#146-t2, previous=(t:2, i:20), leaderCommit=16, initializing? false, entries: <empty>
2019-09-10 18:34:02,969 [ForkJoinPool.commonPool-worker-1] INFO  ozoneimpl.OzoneContainer (OzoneContainer.java:stop(231)) - Attempting to stop container services.
2019-09-10 18:34:02,969 [main] INFO  ozoneimpl.OzoneContainer (OzoneContainer.java:stop(231)) - Attempting to stop container services.
2019-09-10 18:34:02,969 [ForkJoinPool.commonPool-worker-1] INFO  impl.RaftServerProxy (RaftServerProxy.java:lambda$close$4(314)) - 166d57fa-ec73-4a99-b6df-0ab3ad0d7909: close
2019-09-10 18:34:02,970 [main] INFO  impl.RaftServerProxy (RaftServerProxy.java:lambda$close$4(314)) - a5c56bc8-e609-4560-873f-c4715c8bfbf6: close
2019-09-10 18:34:02,970 [ForkJoinPool.commonPool-worker-1] INFO  impl.RaftServerImpl (RaftServerImpl.java:lambda$shutdown$3(251)) - 166d57fa-ec73-4a99-b6df-0ab3ad0d7909@group-5FBA8DCEBC14: shutdown
2019-09-10 18:34:02,971 [main] INFO  impl.RaftServerImpl (RaftServerImpl.java:lambda$shutdown$3(251)) - a5c56bc8-e609-4560-873f-c4715c8bfbf6@group-F10CA6FB56ED: shutdown
2019-09-10 18:34:02,971 [ForkJoinPool.commonPool-worker-1] INFO  util.JmxRegister (JmxRegister.java:unregister(73)) - Successfully un-registered JMX Bean with object name Ratis:service=RaftServer,group=group-5FBA8DCEBC14,id=166d57fa-ec73-4a99-b6df-0ab3ad0d7909
2019-09-10 18:34:02,971 [main] INFO  util.JmxRegister (JmxRegister.java:unregister(73)) - Successfully un-registered JMX Bean with object name Ratis:service=RaftServer,group=group-F10CA6FB56ED,id=a5c56bc8-e609-4560-873f-c4715c8bfbf6
2019-09-10 18:34:02,972 [ForkJoinPool.commonPool-worker-1] INFO  impl.RoleInfo (RoleInfo.java:shutdownLeaderState(104)) - 166d57fa-ec73-4a99-b6df-0ab3ad0d7909: shutdown LeaderState
2019-09-10 18:34:02,972 [main] INFO  impl.RoleInfo (RoleInfo.java:shutdownFollowerState(121)) - a5c56bc8-e609-4560-873f-c4715c8bfbf6: shutdown FollowerState
2019-09-10 18:34:02,972 [ForkJoinPool.commonPool-worker-1] INFO  impl.PendingRequests (PendingRequests.java:sendNotLeaderResponses(202)) - 166d57fa-ec73-4a99-b6df-0ab3ad0d7909-PendingRequests: sendNotLeaderResponses
2019-09-10 18:34:02,973 [Thread-1439] INFO  impl.FollowerState (FollowerState.java:run(115)) - a5c56bc8-e609-4560-873f-c4715c8bfbf6: FollowerState was interrupted: java.lang.InterruptedException: sleep interrupted
2019-09-10 18:34:02,973 [main] INFO  impl.StateMachineUpdater (StateMachineUpdater.java:stopAndJoin(125)) - a5c56bc8-e609-4560-873f-c4715c8bfbf6@group-F10CA6FB56ED-StateMachineUpdater: set stopIndex = 32
2019-09-10 18:34:02,978 [ForkJoinPool.commonPool-worker-1] INFO  impl.StateMachineUpdater (StateMachineUpdater.java:stopAndJoin(125)) - 166d57fa-ec73-4a99-b6df-0ab3ad0d7909@group-5FBA8DCEBC14-StateMachineUpdater: set stopIndex = 0
2019-09-10 18:34:02,973 [a5c56bc8-e609-4560-873f-c4715c8bfbf6@group-F10CA6FB56ED-StateMachineUpdater] INFO  ratis.ContainerStateMachine (ContainerStateMachine.java:takeSnapshot(289)) - group-F10CA6FB56ED: Taking a snapshot at:(t:2, i:28) file /workdir/hadoop-ozone/integration-test/target/test-dir/MiniOzoneClusterImpl-34bd394c-9e3d-49fb-9b5f-f4de544d8d6b/datanode-5/data/ratis/990742a9-49d4-45ad-a51e-f10ca6fb56ed/sm/snapshot.2_28
2019-09-10 18:34:02,978 [ForkJoinPool.commonPool-worker-1] INFO  impl.RaftServerImpl (ServerState.java:close(385)) - 166d57fa-ec73-4a99-b6df-0ab3ad0d7909@group-5FBA8DCEBC14: closes. applyIndex: 0
2019-09-10 18:34:02,979 [166d57fa-ec73-4a99-b6df-0ab3ad0d7909@group-5FBA8DCEBC14-SegmentedRaftLogWorker] INFO  segmented.SegmentedRaftLogWorker (SegmentedRaftLogWorker.java:run(313)) - 166d57fa-ec73-4a99-b6df-0ab3ad0d7909@group-5FBA8DCEBC14-SegmentedRaftLogWorker was interrupted, exiting. There are 0 tasks remaining in the queue.
2019-09-10 18:34:02,981 [ForkJoinPool.commonPool-worker-1] INFO  segmented.SegmentedRaftLogWorker (SegmentedRaftLogWorker.java:close(228)) - 166d57fa-ec73-4a99-b6df-0ab3ad0d7909@group-5FBA8DCEBC14-SegmentedRaftLogWorker close()
2019-09-10 18:34:02,984 [ForkJoinPool.commonPool-worker-1] INFO  impl.RaftServerImpl (RaftServerImpl.java:lambda$shutdown$3(251)) - 166d57fa-ec73-4a99-b6df-0ab3ad0d7909@group-248F13D822B7: shutdown
2019-09-10 18:34:02,985 [ForkJoinPool.commonPool-worker-1] INFO  util.JmxRegister (JmxRegister.java:unregister(73)) - Successfully un-registered JMX Bean with object name Ratis:service=RaftServer,group=group-248F13D822B7,id=166d57fa-ec73-4a99-b6df-0ab3ad0d7909
2019-09-10 18:34:02,985 [ForkJoinPool.commonPool-worker-1] INFO  impl.RoleInfo (RoleInfo.java:shutdownFollowerState(121)) - 166d57fa-ec73-4a99-b6df-0ab3ad0d7909: shutdown FollowerState
2019-09-10 18:34:02,985 [ForkJoinPool.commonPool-worker-1] INFO  impl.StateMachineUpdater (StateMachineUpdater.java:stopAndJoin(125)) - 166d57fa-ec73-4a99-b6df-0ab3ad0d7909@group-248F13D822B7-StateMachineUpdater: set stopIndex = 16
2019-09-10 18:34:02,985 [Thread-396] INFO  impl.FollowerState (FollowerState.java:run(115)) - 166d57fa-ec73-4a99-b6df-0ab3ad0d7909: FollowerState was interrupted: java.lang.InterruptedException: sleep interrupted
2019-09-10 18:34:02,985 [166d57fa-ec73-4a99-b6df-0ab3ad0d7909@group-248F13D822B7-StateMachineUpdater] INFO  ratis.ContainerStateMachine (ContainerStateMachine.java:takeSnapshot(289)) - group-248F13D822B7: Taking a snapshot at:(t:2, i:14) file /workdir/hadoop-ozone/integration-test/target/test-dir/MiniOzoneClusterImpl-34bd394c-9e3d-49fb-9b5f-f4de544d8d6b/datanode-2/data/ratis/65e8c64c-afec-4d62-a834-248f13d822b7/sm/snapshot.2_14
2019-09-10 18:34:03,002 [166d57fa-ec73-4a99-b6df-0ab3ad0d7909@group-248F13D822B7-StateMachineUpdater] INFO  ratis.ContainerStateMachine (ContainerStateMachine.java:takeSnapshot(300)) - group-248F13D822B7: Finished taking a snapshot at:(t:2, i:14) file:/workdir/hadoop-ozone/integration-test/target/test-dir/MiniOzoneClusterImpl-34bd394c-9e3d-49fb-9b5f-f4de544d8d6b/datanode-2/data/ratis/65e8c64c-afec-4d62-a834-248f13d822b7/sm/snapshot.2_14 time:17
2019-09-10 18:34:03,002 [a5c56bc8-e609-4560-873f-c4715c8bfbf6@group-F10CA6FB56ED-StateMachineUpdater] INFO  ratis.ContainerStateMachine (ContainerStateMachine.java:takeSnapshot(300)) - group-F10CA6FB56ED: Finished taking a snapshot at:(t:2, i:28) file:/workdir/hadoop-ozone/integration-test/target/test-dir/MiniOzoneClusterImpl-34bd394c-9e3d-49fb-9b5f-f4de544d8d6b/datanode-5/data/ratis/990742a9-49d4-45ad-a51e-f10ca6fb56ed/sm/snapshot.2_28 time:29
2019-09-10 18:34:03,002 [166d57fa-ec73-4a99-b6df-0ab3ad0d7909@group-248F13D822B7-StateMachineUpdater] INFO  impl.StateMachineUpdater (StateMachineUpdater.java:takeSnapshot(258)) - 166d57fa-ec73-4a99-b6df-0ab3ad0d7909@group-248F13D822B7-StateMachineUpdater: Took a snapshot at index 14
2019-09-10 18:34:03,002 [166d57fa-ec73-4a99-b6df-0ab3ad0d7909@group-248F13D822B7-StateMachineUpdater] INFO  impl.StateMachineUpdater (StateMachineUpdater.java:lambda$new$0(83)) - 166d57fa-ec73-4a99-b6df-0ab3ad0d7909@group-248F13D822B7-StateMachineUpdater: snapshotIndex: updateIncreasingly -1 -> 14
2019-09-10 18:34:03,002 [a5c56bc8-e609-4560-873f-c4715c8bfbf6@group-F10CA6FB56ED-StateMachineUpdater] INFO  impl.StateMachineUpdater (StateMachineUpdater.java:takeSnapshot(258)) - a5c56bc8-e609-4560-873f-c4715c8bfbf6@group-F10CA6FB56ED-StateMachineUpdater: Took a snapshot at index 28
2019-09-10 18:34:03,003 [a5c56bc8-e609-4560-873f-c4715c8bfbf6@group-F10CA6FB56ED-StateMachineUpdater] INFO  impl.StateMachineUpdater (StateMachineUpdater.java:lambda$new$0(83)) - a5c56bc8-e609-4560-873f-c4715c8bfbf6@group-F10CA6FB56ED-StateMachineUpdater: snapshotIndex: updateIncreasingly -1 -> 28
2019-09-10 18:34:03,003 [166d57fa-ec73-4a99-b6df-0ab3ad0d7909@group-248F13D822B7-StateMachineUpdater] INFO  ratis.ContainerStateMachine (ContainerStateMachine.java:takeSnapshot(289)) - group-248F13D822B7: Taking a snapshot at:(t:2, i:14) file /workdir/hadoop-ozone/integration-test/target/test-dir/MiniOzoneClusterImpl-34bd394c-9e3d-49fb-9b5f-f4de544d8d6b/datanode-2/data/ratis/65e8c64c-afec-4d62-a834-248f13d822b7/sm/snapshot.2_14
2019-09-10 18:34:03,003 [a5c56bc8-e609-4560-873f-c4715c8bfbf6@group-F10CA6FB56ED-StateMachineUpdater] INFO  ratis.ContainerStateMachine (ContainerStateMachine.java:takeSnapshot(289)) - group-F10CA6FB56ED: Taking a snapshot at:(t:2, i:28) file /workdir/hadoop-ozone/integration-test/target/test-dir/MiniOzoneClusterImpl-34bd394c-9e3d-49fb-9b5f-f4de544d8d6b/datanode-5/data/ratis/990742a9-49d4-45ad-a51e-f10ca6fb56ed/sm/snapshot.2_28
2019-09-10 18:34:03,010 [java.util.concurrent.ThreadPoolExecutor$Worker@781538ae[State = -1, empty queue]] WARN  server.GrpcLogAppender (GrpcLogAppender.java:timeoutAppendRequest(200)) - 59afee6f-3342-47f6-8cd2-a67165187773@group-C790A911BCD5->fc430ad7-c10f-4afd-84a3-4263b60fc3a5-GrpcLogAppender: appendEntries Timeout, request=59afee6f-3342-47f6-8cd2-a67165187773->fc430ad7-c10f-4afd-84a3-4263b60fc3a5#142-t3, previous=(t:3, i:20), leaderCommit=16, initializing? false, entries: <empty>
2019-09-10 18:34:03,010 [java.util.concurrent.ThreadPoolExecutor$Worker@2130bf45[State = -1, empty queue]] WARN  server.GrpcLogAppender (GrpcLogAppender.java:timeoutAppendRequest(200)) - 59afee6f-3342-47f6-8cd2-a67165187773@group-C790A911BCD5->f9c92805-78f9-4aa2-ad11-0f5c06c060e3-GrpcLogAppender: appendEntries Timeout, request=59afee6f-3342-47f6-8cd2-a67165187773->f9c92805-78f9-4aa2-ad11-0f5c06c060e3#142-t3, previous=(t:3, i:20), leaderCommit=16, initializing? false, entries: <empty>
2019-09-10 18:34:03,026 [166d57fa-ec73-4a99-b6df-0ab3ad0d7909@group-248F13D822B7-StateMachineUpdater] INFO  ratis.ContainerStateMachine (ContainerStateMachine.java:takeSnapshot(300)) - group-248F13D822B7: Finished taking a snapshot at:(t:2, i:14) file:/workdir/hadoop-ozone/integration-test/target/test-dir/MiniOzoneClusterImpl-34bd394c-9e3d-49fb-9b5f-f4de544d8d6b/datanode-2/data/ratis/65e8c64c-afec-4d62-a834-248f13d822b7/sm/snapshot.2_14 time:24
2019-09-10 18:34:03,026 [a5c56bc8-e609-4560-873f-c4715c8bfbf6@group-F10CA6FB56ED-StateMachineUpdater] INFO  ratis.ContainerStateMachine (ContainerStateMachine.java:takeSnapshot(300)) - group-F10CA6FB56ED: Finished taking a snapshot at:(t:2, i:28) file:/workdir/hadoop-ozone/integration-test/target/test-dir/MiniOzoneClusterImpl-34bd394c-9e3d-49fb-9b5f-f4de544d8d6b/datanode-5/data/ratis/990742a9-49d4-45ad-a51e-f10ca6fb56ed/sm/snapshot.2_28 time:23
2019-09-10 18:34:03,026 [166d57fa-ec73-4a99-b6df-0ab3ad0d7909@group-248F13D822B7-StateMachineUpdater] INFO  impl.StateMachineUpdater (StateMachineUpdater.java:takeSnapshot(258)) - 166d57fa-ec73-4a99-b6df-0ab3ad0d7909@group-248F13D822B7-StateMachineUpdater: Took a snapshot at index 14
2019-09-10 18:34:03,026 [a5c56bc8-e609-4560-873f-c4715c8bfbf6@group-F10CA6FB56ED-StateMachineUpdater] INFO  impl.StateMachineUpdater (StateMachineUpdater.java:takeSnapshot(258)) - a5c56bc8-e609-4560-873f-c4715c8bfbf6@group-F10CA6FB56ED-StateMachineUpdater: Took a snapshot at index 28
2019-09-10 18:34:03,027 [166d57fa-ec73-4a99-b6df-0ab3ad0d7909@group-248F13D822B7-StateMachineUpdater] INFO  impl.StateMachineUpdater (StateMachineUpdater.java:lambda$new$0(83)) - 166d57fa-ec73-4a99-b6df-0ab3ad0d7909@group-248F13D822B7-StateMachineUpdater: snapshotIndex: updateIncreasingly 14 -> 14
2019-09-10 18:34:03,027 [a5c56bc8-e609-4560-873f-c4715c8bfbf6@group-F10CA6FB56ED-StateMachineUpdater] INFO  impl.StateMachineUpdater (StateMachineUpdater.java:lambda$new$0(83)) - a5c56bc8-e609-4560-873f-c4715c8bfbf6@group-F10CA6FB56ED-StateMachineUpdater: snapshotIndex: updateIncreasingly 28 -> 28
2019-09-10 18:34:03,027 [ForkJoinPool.commonPool-worker-1] INFO  impl.RaftServerImpl (ServerState.java:close(385)) - 166d57fa-ec73-4a99-b6df-0ab3ad0d7909@group-248F13D822B7: closes. applyIndex: 16
2019-09-10 18:34:03,027 [main] INFO  impl.RaftServerImpl (ServerState.java:close(385)) - a5c56bc8-e609-4560-873f-c4715c8bfbf6@group-F10CA6FB56ED: closes. applyIndex: 32
2019-09-10 18:34:03,028 [a5c56bc8-e609-4560-873f-c4715c8bfbf6@group-F10CA6FB56ED-SegmentedRaftLogWorker] INFO  segmented.SegmentedRaftLogWorker (SegmentedRaftLogWorker.java:run(313)) - a5c56bc8-e609-4560-873f-c4715c8bfbf6@group-F10CA6FB56ED-SegmentedRaftLogWorker was interrupted, exiting. There are 0 tasks remaining in the queue.
2019-09-10 18:34:03,032 [main] INFO  segmented.SegmentedRaftLogWorker (SegmentedRaftLogWorker.java:close(228)) - a5c56bc8-e609-4560-873f-c4715c8bfbf6@group-F10CA6FB56ED-SegmentedRaftLogWorker close()
2019-09-10 18:34:03,037 [main] INFO  impl.RaftServerImpl (RaftServerImpl.java:lambda$shutdown$3(251)) - a5c56bc8-e609-4560-873f-c4715c8bfbf6@group-E0F4C567A405: shutdown
2019-09-10 18:34:03,037 [main] INFO  util.JmxRegister (JmxRegister.java:unregister(73)) - Successfully un-registered JMX Bean with object name Ratis:service=RaftServer,group=group-E0F4C567A405,id=a5c56bc8-e609-4560-873f-c4715c8bfbf6
2019-09-10 18:34:03,037 [main] INFO  impl.RoleInfo (RoleInfo.java:shutdownLeaderState(104)) - a5c56bc8-e609-4560-873f-c4715c8bfbf6: shutdown LeaderState
2019-09-10 18:34:03,037 [main] INFO  impl.PendingRequests (PendingRequests.java:sendNotLeaderResponses(202)) - a5c56bc8-e609-4560-873f-c4715c8bfbf6-PendingRequests: sendNotLeaderResponses
2019-09-10 18:34:03,038 [main] INFO  impl.StateMachineUpdater (StateMachineUpdater.java:stopAndJoin(125)) - a5c56bc8-e609-4560-873f-c4715c8bfbf6@group-E0F4C567A405-StateMachineUpdater: set stopIndex = 0
2019-09-10 18:34:03,038 [main] INFO  impl.RaftServerImpl (ServerState.java:close(385)) - a5c56bc8-e609-4560-873f-c4715c8bfbf6@group-E0F4C567A405: closes. applyIndex: 0
2019-09-10 18:34:03,039 [a5c56bc8-e609-4560-873f-c4715c8bfbf6@group-E0F4C567A405-SegmentedRaftLogWorker] INFO  segmented.SegmentedRaftLogWorker (SegmentedRaftLogWorker.java:run(313)) - a5c56bc8-e609-4560-873f-c4715c8bfbf6@group-E0F4C567A405-SegmentedRaftLogWorker was interrupted, exiting. There are 0 tasks remaining in the queue.
2019-09-10 18:34:03,041 [main] INFO  segmented.SegmentedRaftLogWorker (SegmentedRaftLogWorker.java:close(228)) - a5c56bc8-e609-4560-873f-c4715c8bfbf6@group-E0F4C567A405-SegmentedRaftLogWorker close()
2019-09-10 18:34:03,044 [main] INFO  server.GrpcService (GrpcService.java:closeImpl(164)) - a5c56bc8-e609-4560-873f-c4715c8bfbf6: shutdown server with port 44770 now
2019-09-10 18:34:03,045 [main] INFO  server.GrpcService (GrpcService.java:closeImpl(172)) - a5c56bc8-e609-4560-873f-c4715c8bfbf6: shutdown server with port 44770 successfully
2019-09-10 18:34:03,046 [refreshUsed-/workdir/hadoop-ozone/integration-test/target/test-dir/MiniOzoneClusterImpl-34bd394c-9e3d-49fb-9b5f-f4de544d8d6b/datanode-5/data/containers] WARN  fs.CachingGetSpaceUsed (CachingGetSpaceUsed.java:run(183)) - Thread Interrupted waiting to refresh disk information: sleep interrupted
2019-09-10 18:34:03,058 [166d57fa-ec73-4a99-b6df-0ab3ad0d7909@group-248F13D822B7-SegmentedRaftLogWorker] ERROR ratis.XceiverServerRatis (XceiverServerRatis.java:triggerPipelineClose(575)) - pipeline Action CLOSE  on pipeline PipelineID=65e8c64c-afec-4d62-a834-248f13d822b7.Reason : WriteLog:17: (t:2, i:17), STATEMACHINELOGENTRY, client-35727EB443AA, cid=63-writeStateMachineData interrupted.
2019-09-10 18:34:03,063 [ForkJoinPool.commonPool-worker-1] INFO  segmented.SegmentedRaftLogWorker (SegmentedRaftLogWorker.java:close(228)) - 166d57fa-ec73-4a99-b6df-0ab3ad0d7909@group-248F13D822B7-SegmentedRaftLogWorker close()
2019-09-10 18:34:03,067 [ForkJoinPool.commonPool-worker-1] INFO  server.GrpcService (GrpcService.java:closeImpl(164)) - 166d57fa-ec73-4a99-b6df-0ab3ad0d7909: shutdown server with port 39780 now
2019-09-10 18:34:03,068 [grpc-default-executor-4] WARN  server.GrpcServerProtocolService (LogUtils.java:warn(134)) - 166d57fa-ec73-4a99-b6df-0ab3ad0d7909: installSnapshot onError, lastRequest: 43b8dda0-1fac-498c-94e0-436a32ed8ccd->166d57fa-ec73-4a99-b6df-0ab3ad0d7909#152-t2, previous=(t:2, i:20), leaderCommit=16, initializing? false, entries: <empty>: org.apache.ratis.thirdparty.io.grpc.StatusRuntimeException: CANCELLED: cancelled before receiving half close
2019-09-10 18:34:03,068 [ForkJoinPool.commonPool-worker-1] INFO  server.GrpcService (GrpcService.java:closeImpl(172)) - 166d57fa-ec73-4a99-b6df-0ab3ad0d7909: shutdown server with port 39780 successfully
2019-09-10 18:34:03,068 [grpc-default-executor-3] WARN  server.GrpcLogAppender (LogUtils.java:warn(134)) - 43b8dda0-1fac-498c-94e0-436a32ed8ccd@group-248F13D822B7->166d57fa-ec73-4a99-b6df-0ab3ad0d7909-AppendLogResponseHandler: Failed appendEntries: org.apache.ratis.thirdparty.io.grpc.StatusRuntimeException: CANCELLED: HTTP/2 error code: CANCEL
Received Rst Stream
2019-09-10 18:34:03,072 [grpc-default-executor-3] INFO  impl.FollowerInfo (FollowerInfo.java:lambda$new$0(51)) - 43b8dda0-1fac-498c-94e0-436a32ed8ccd@group-248F13D822B7->166d57fa-ec73-4a99-b6df-0ab3ad0d7909: nextIndex: updateUnconditionally 21 -> 17
2019-09-10 18:34:03,080 [main] INFO  utils.BackgroundService (BackgroundService.java:shutdown(148)) - Shutting down service BlockDeletingService
2019-09-10 18:34:03,083 [refreshUsed-/workdir/hadoop-ozone/integration-test/target/test-dir/MiniOzoneClusterImpl-34bd394c-9e3d-49fb-9b5f-f4de544d8d6b/datanode-2/data/containers] WARN  fs.CachingGetSpaceUsed (CachingGetSpaceUsed.java:run(183)) - Thread Interrupted waiting to refresh disk information: sleep interrupted
2019-09-10 18:34:03,095 [main] INFO  statemachine.DatanodeStateMachine (DatanodeStateMachine.java:stopDaemon(395)) - Ozone container server stopped.
2019-09-10 18:34:03,097 [main] INFO  handler.ContextHandler (ContextHandler.java:doStop(910)) - Stopped o.e.j.w.WebAppContext@3d7fb838{/,null,UNAVAILABLE}{/hddsDatanode}
2019-09-10 18:34:03,098 [main] INFO  server.AbstractConnector (AbstractConnector.java:doStop(318)) - Stopped ServerConnector@1c26273d{HTTP/1.1,[http/1.1]}{0.0.0.0:0}
2019-09-10 18:34:03,098 [main] INFO  handler.ContextHandler (ContextHandler.java:doStop(910)) - Stopped o.e.j.s.ServletContextHandler@51d387d3{/static,jar:file:/home/user/.m2/repository/org/apache/hadoop/hadoop-hdds-container-service/0.5.0-SNAPSHOT/hadoop-hdds-container-service-0.5.0-SNAPSHOT.jar!/webapps/static,UNAVAILABLE}
2019-09-10 18:34:03,098 [main] INFO  handler.ContextHandler (ContextHandler.java:doStop(910)) - Stopped o.e.j.s.ServletContextHandler@ccf91df{/logs,file:///workdir/hadoop-ozone/integration-test/target/log,UNAVAILABLE}
2019-09-10 18:34:03,108 [ForkJoinPool.commonPool-worker-1] INFO  utils.BackgroundService (BackgroundService.java:shutdown(148)) - Shutting down service BlockDeletingService
2019-09-10 18:34:03,112 [ForkJoinPool.commonPool-worker-1] INFO  statemachine.DatanodeStateMachine (DatanodeStateMachine.java:stopDaemon(395)) - Ozone container server stopped.
2019-09-10 18:34:03,117 [ForkJoinPool.commonPool-worker-1] INFO  handler.ContextHandler (ContextHandler.java:doStop(910)) - Stopped o.e.j.w.WebAppContext@fc807c1{/,null,UNAVAILABLE}{/hddsDatanode}
2019-09-10 18:34:03,118 [ForkJoinPool.commonPool-worker-1] INFO  server.AbstractConnector (AbstractConnector.java:doStop(318)) - Stopped ServerConnector@296e281a{HTTP/1.1,[http/1.1]}{0.0.0.0:0}
2019-09-10 18:34:03,119 [ForkJoinPool.commonPool-worker-1] INFO  handler.ContextHandler (ContextHandler.java:doStop(910)) - Stopped o.e.j.s.ServletContextHandler@4d95a72e{/static,jar:file:/home/user/.m2/repository/org/apache/hadoop/hadoop-hdds-container-service/0.5.0-SNAPSHOT/hadoop-hdds-container-service-0.5.0-SNAPSHOT.jar!/webapps/static,UNAVAILABLE}
2019-09-10 18:34:03,121 [ForkJoinPool.commonPool-worker-1] INFO  handler.ContextHandler (ContextHandler.java:doStop(910)) - Stopped o.e.j.s.ServletContextHandler@44536de4{/logs,file:///workdir/hadoop-ozone/integration-test/target/log,UNAVAILABLE}
2019-09-10 18:34:03,287 [java.util.concurrent.ThreadPoolExecutor$Worker@2fb8de94[State = -1, empty queue]] WARN  server.GrpcLogAppender (GrpcLogAppender.java:timeoutAppendRequest(200)) - 43b8dda0-1fac-498c-94e0-436a32ed8ccd@group-248F13D822B7->114338b4-3ae2-46b3-98b7-a583d2a0bf23-GrpcLogAppender: appendEntries Timeout, request=43b8dda0-1fac-498c-94e0-436a32ed8ccd->114338b4-3ae2-46b3-98b7-a583d2a0bf23#147-t2, previous=(t:2, i:20), leaderCommit=16, initializing? false, entries: <empty>
2019-09-10 18:34:03,293 [grpc-default-executor-1] WARN  server.GrpcLogAppender (LogUtils.java:warn(134)) - 43b8dda0-1fac-498c-94e0-436a32ed8ccd@group-248F13D822B7->166d57fa-ec73-4a99-b6df-0ab3ad0d7909-AppendLogResponseHandler: Failed appendEntries: org.apache.ratis.thirdparty.io.grpc.StatusRuntimeException: UNAVAILABLE: io exception
2019-09-10 18:34:03,293 [grpc-default-executor-1] INFO  impl.FollowerInfo (FollowerInfo.java:lambda$new$0(51)) - 43b8dda0-1fac-498c-94e0-436a32ed8ccd@group-248F13D822B7->166d57fa-ec73-4a99-b6df-0ab3ad0d7909: nextIndex: updateUnconditionally 17 -> 16
2019-09-10 18:34:03,511 [java.util.concurrent.ThreadPoolExecutor$Worker@781538ae[State = -1, empty queue]] WARN  server.GrpcLogAppender (GrpcLogAppender.java:timeoutAppendRequest(200)) - 59afee6f-3342-47f6-8cd2-a67165187773@group-C790A911BCD5->fc430ad7-c10f-4afd-84a3-4263b60fc3a5-GrpcLogAppender: appendEntries Timeout, request=59afee6f-3342-47f6-8cd2-a67165187773->fc430ad7-c10f-4afd-84a3-4263b60fc3a5#143-t3, previous=(t:3, i:20), leaderCommit=16, initializing? false, entries: <empty>
2019-09-10 18:34:03,511 [java.util.concurrent.ThreadPoolExecutor$Worker@2130bf45[State = -1, empty queue]] WARN  server.GrpcLogAppender (GrpcLogAppender.java:timeoutAppendRequest(200)) - 59afee6f-3342-47f6-8cd2-a67165187773@group-C790A911BCD5->f9c92805-78f9-4aa2-ad11-0f5c06c060e3-GrpcLogAppender: appendEntries Timeout, request=59afee6f-3342-47f6-8cd2-a67165187773->f9c92805-78f9-4aa2-ad11-0f5c06c060e3#143-t3, previous=(t:3, i:20), leaderCommit=16, initializing? false, entries: <empty>
2019-09-10 18:34:03,788 [java.util.concurrent.ThreadPoolExecutor$Worker@2fb8de94[State = -1, empty queue]] WARN  server.GrpcLogAppender (GrpcLogAppender.java:timeoutAppendRequest(200)) - 43b8dda0-1fac-498c-94e0-436a32ed8ccd@group-248F13D822B7->114338b4-3ae2-46b3-98b7-a583d2a0bf23-GrpcLogAppender: appendEntries Timeout, request=43b8dda0-1fac-498c-94e0-436a32ed8ccd->114338b4-3ae2-46b3-98b7-a583d2a0bf23#148-t2, previous=(t:2, i:20), leaderCommit=16, initializing? false, entries: <empty>
2019-09-10 18:34:03,793 [grpc-default-executor-1] WARN  server.GrpcLogAppender (LogUtils.java:warn(134)) - 43b8dda0-1fac-498c-94e0-436a32ed8ccd@group-248F13D822B7->166d57fa-ec73-4a99-b6df-0ab3ad0d7909-AppendLogResponseHandler: Failed appendEntries: org.apache.ratis.thirdparty.io.grpc.StatusRuntimeException: UNAVAILABLE: io exception
2019-09-10 18:34:03,794 [grpc-default-executor-1] INFO  impl.FollowerInfo (FollowerInfo.java:lambda$new$0(51)) - 43b8dda0-1fac-498c-94e0-436a32ed8ccd@group-248F13D822B7->166d57fa-ec73-4a99-b6df-0ab3ad0d7909: nextIndex: updateUnconditionally 16 -> 15
2019-09-10 18:34:03,905 [Datanode State Machine Thread - 0] INFO  statemachine.DatanodeStateMachine (DatanodeStateMachine.java:lambda$startDaemon$0(350)) - Ozone container server started.
2019-09-10 18:34:04,011 [java.util.concurrent.ThreadPoolExecutor$Worker@781538ae[State = -1, empty queue]] WARN  server.GrpcLogAppender (GrpcLogAppender.java:timeoutAppendRequest(200)) - 59afee6f-3342-47f6-8cd2-a67165187773@group-C790A911BCD5->fc430ad7-c10f-4afd-84a3-4263b60fc3a5-GrpcLogAppender: appendEntries Timeout, request=59afee6f-3342-47f6-8cd2-a67165187773->fc430ad7-c10f-4afd-84a3-4263b60fc3a5#144-t3, previous=(t:3, i:20), leaderCommit=16, initializing? false, entries: <empty>
2019-09-10 18:34:04,011 [java.util.concurrent.ThreadPoolExecutor$Worker@2130bf45[State = -1, empty queue]] WARN  server.GrpcLogAppender (GrpcLogAppender.java:timeoutAppendRequest(200)) - 59afee6f-3342-47f6-8cd2-a67165187773@group-C790A911BCD5->f9c92805-78f9-4aa2-ad11-0f5c06c060e3-GrpcLogAppender: appendEntries Timeout, request=59afee6f-3342-47f6-8cd2-a67165187773->f9c92805-78f9-4aa2-ad11-0f5c06c060e3#144-t3, previous=(t:3, i:20), leaderCommit=16, initializing? false, entries: <empty>
2019-09-10 18:34:04,115 [Datanode State Machine Thread - 0] INFO  statemachine.DatanodeStateMachine (DatanodeStateMachine.java:lambda$startDaemon$0(350)) - Ozone container server started.
2019-09-10 18:34:04,288 [java.util.concurrent.ThreadPoolExecutor$Worker@2fb8de94[State = -1, empty queue]] WARN  server.GrpcLogAppender (GrpcLogAppender.java:timeoutAppendRequest(200)) - 43b8dda0-1fac-498c-94e0-436a32ed8ccd@group-248F13D822B7->114338b4-3ae2-46b3-98b7-a583d2a0bf23-GrpcLogAppender: appendEntries Timeout, request=43b8dda0-1fac-498c-94e0-436a32ed8ccd->114338b4-3ae2-46b3-98b7-a583d2a0bf23#149-t2, previous=(t:2, i:20), leaderCommit=16, initializing? false, entries: <empty>
2019-09-10 18:34:04,294 [grpc-default-executor-3] WARN  server.GrpcLogAppender (LogUtils.java:warn(134)) - 43b8dda0-1fac-498c-94e0-436a32ed8ccd@group-248F13D822B7->166d57fa-ec73-4a99-b6df-0ab3ad0d7909-AppendLogResponseHandler: Failed appendEntries: org.apache.ratis.thirdparty.io.grpc.StatusRuntimeException: UNAVAILABLE: io exception
2019-09-10 18:34:04,294 [grpc-default-executor-3] INFO  impl.FollowerInfo (FollowerInfo.java:lambda$new$0(51)) - 43b8dda0-1fac-498c-94e0-436a32ed8ccd@group-248F13D822B7->166d57fa-ec73-4a99-b6df-0ab3ad0d7909: nextIndex: updateUnconditionally 15 -> 14
2019-09-10 18:34:04,512 [java.util.concurrent.ThreadPoolExecutor$Worker@2130bf45[State = -1, empty queue]] WARN  server.GrpcLogAppender (GrpcLogAppender.java:timeoutAppendRequest(200)) - 59afee6f-3342-47f6-8cd2-a67165187773@group-C790A911BCD5->f9c92805-78f9-4aa2-ad11-0f5c06c060e3-GrpcLogAppender: appendEntries Timeout, request=59afee6f-3342-47f6-8cd2-a67165187773->f9c92805-78f9-4aa2-ad11-0f5c06c060e3#145-t3, previous=(t:3, i:20), leaderCommit=16, initializing? false, entries: <empty>
2019-09-10 18:34:04,512 [java.util.concurrent.ThreadPoolExecutor$Worker@781538ae[State = -1, empty queue]] WARN  server.GrpcLogAppender (GrpcLogAppender.java:timeoutAppendRequest(200)) - 59afee6f-3342-47f6-8cd2-a67165187773@group-C790A911BCD5->fc430ad7-c10f-4afd-84a3-4263b60fc3a5-GrpcLogAppender: appendEntries Timeout, request=59afee6f-3342-47f6-8cd2-a67165187773->fc430ad7-c10f-4afd-84a3-4263b60fc3a5#145-t3, previous=(t:3, i:20), leaderCommit=16, initializing? false, entries: <empty>
2019-09-10 18:34:04,788 [java.util.concurrent.ThreadPoolExecutor$Worker@2fb8de94[State = -1, empty queue]] WARN  server.GrpcLogAppender (GrpcLogAppender.java:timeoutAppendRequest(200)) - 43b8dda0-1fac-498c-94e0-436a32ed8ccd@group-248F13D822B7->114338b4-3ae2-46b3-98b7-a583d2a0bf23-GrpcLogAppender: appendEntries Timeout, request=43b8dda0-1fac-498c-94e0-436a32ed8ccd->114338b4-3ae2-46b3-98b7-a583d2a0bf23#150-t2, previous=(t:2, i:20), leaderCommit=16, initializing? false, entries: <empty>
2019-09-10 18:34:04,795 [grpc-default-executor-4] WARN  server.GrpcLogAppender (LogUtils.java:warn(134)) - 43b8dda0-1fac-498c-94e0-436a32ed8ccd@group-248F13D822B7->166d57fa-ec73-4a99-b6df-0ab3ad0d7909-AppendLogResponseHandler: Failed appendEntries: org.apache.ratis.thirdparty.io.grpc.StatusRuntimeException: UNAVAILABLE: io exception
2019-09-10 18:34:04,795 [grpc-default-executor-4] INFO  impl.FollowerInfo (FollowerInfo.java:lambda$new$0(51)) - 43b8dda0-1fac-498c-94e0-436a32ed8ccd@group-248F13D822B7->166d57fa-ec73-4a99-b6df-0ab3ad0d7909: nextIndex: updateUnconditionally 14 -> 13
2019-09-10 18:34:05,012 [java.util.concurrent.ThreadPoolExecutor$Worker@781538ae[State = -1, empty queue]] WARN  server.GrpcLogAppender (GrpcLogAppender.java:timeoutAppendRequest(200)) - 59afee6f-3342-47f6-8cd2-a67165187773@group-C790A911BCD5->fc430ad7-c10f-4afd-84a3-4263b60fc3a5-GrpcLogAppender: appendEntries Timeout, request=59afee6f-3342-47f6-8cd2-a67165187773->fc430ad7-c10f-4afd-84a3-4263b60fc3a5#146-t3, previous=(t:3, i:20), leaderCommit=16, initializing? false, entries: <empty>
2019-09-10 18:34:05,012 [java.util.concurrent.ThreadPoolExecutor$Worker@2130bf45[State = -1, empty queue]] WARN  server.GrpcLogAppender (GrpcLogAppender.java:timeoutAppendRequest(200)) - 59afee6f-3342-47f6-8cd2-a67165187773@group-C790A911BCD5->f9c92805-78f9-4aa2-ad11-0f5c06c060e3-GrpcLogAppender: appendEntries Timeout, request=59afee6f-3342-47f6-8cd2-a67165187773->f9c92805-78f9-4aa2-ad11-0f5c06c060e3#146-t3, previous=(t:3, i:20), leaderCommit=16, initializing? false, entries: <empty>
2019-09-10 18:34:05,289 [java.util.concurrent.ThreadPoolExecutor$Worker@2fb8de94[State = -1, empty queue]] WARN  server.GrpcLogAppender (GrpcLogAppender.java:timeoutAppendRequest(200)) - 43b8dda0-1fac-498c-94e0-436a32ed8ccd@group-248F13D822B7->114338b4-3ae2-46b3-98b7-a583d2a0bf23-GrpcLogAppender: appendEntries Timeout, request=43b8dda0-1fac-498c-94e0-436a32ed8ccd->114338b4-3ae2-46b3-98b7-a583d2a0bf23#151-t2, previous=(t:2, i:20), leaderCommit=16, initializing? false, entries: <empty>
2019-09-10 18:34:05,296 [grpc-default-executor-1] WARN  server.GrpcLogAppender (LogUtils.java:warn(134)) - 43b8dda0-1fac-498c-94e0-436a32ed8ccd@group-248F13D822B7->166d57fa-ec73-4a99-b6df-0ab3ad0d7909-AppendLogResponseHandler: Failed appendEntries: org.apache.ratis.thirdparty.io.grpc.StatusRuntimeException: UNAVAILABLE: io exception
2019-09-10 18:34:05,296 [grpc-default-executor-1] INFO  impl.FollowerInfo (FollowerInfo.java:lambda$new$0(51)) - 43b8dda0-1fac-498c-94e0-436a32ed8ccd@group-248F13D822B7->166d57fa-ec73-4a99-b6df-0ab3ad0d7909: nextIndex: updateUnconditionally 13 -> 12
2019-09-10 18:34:05,512 [java.util.concurrent.ThreadPoolExecutor$Worker@781538ae[State = -1, empty queue]] WARN  server.GrpcLogAppender (GrpcLogAppender.java:timeoutAppendRequest(200)) - 59afee6f-3342-47f6-8cd2-a67165187773@group-C790A911BCD5->fc430ad7-c10f-4afd-84a3-4263b60fc3a5-GrpcLogAppender: appendEntries Timeout, request=59afee6f-3342-47f6-8cd2-a67165187773->fc430ad7-c10f-4afd-84a3-4263b60fc3a5#147-t3, previous=(t:3, i:20), leaderCommit=16, initializing? false, entries: <empty>
2019-09-10 18:34:05,512 [java.util.concurrent.ThreadPoolExecutor$Worker@2130bf45[State = -1, empty queue]] WARN  server.GrpcLogAppender (GrpcLogAppender.java:timeoutAppendRequest(200)) - 59afee6f-3342-47f6-8cd2-a67165187773@group-C790A911BCD5->f9c92805-78f9-4aa2-ad11-0f5c06c060e3-GrpcLogAppender: appendEntries Timeout, request=59afee6f-3342-47f6-8cd2-a67165187773->f9c92805-78f9-4aa2-ad11-0f5c06c060e3#147-t3, previous=(t:3, i:20), leaderCommit=16, initializing? false, entries: <empty>
2019-09-10 18:34:05,790 [java.util.concurrent.ThreadPoolExecutor$Worker@2fb8de94[State = -1, empty queue]] WARN  server.GrpcLogAppender (GrpcLogAppender.java:timeoutAppendRequest(200)) - 43b8dda0-1fac-498c-94e0-436a32ed8ccd@group-248F13D822B7->114338b4-3ae2-46b3-98b7-a583d2a0bf23-GrpcLogAppender: appendEntries Timeout, request=43b8dda0-1fac-498c-94e0-436a32ed8ccd->114338b4-3ae2-46b3-98b7-a583d2a0bf23#152-t2, previous=(t:2, i:20), leaderCommit=16, initializing? false, entries: <empty>
2019-09-10 18:34:05,797 [grpc-default-executor-4] WARN  server.GrpcLogAppender (LogUtils.java:warn(134)) - 43b8dda0-1fac-498c-94e0-436a32ed8ccd@group-248F13D822B7->166d57fa-ec73-4a99-b6df-0ab3ad0d7909-AppendLogResponseHandler: Failed appendEntries: org.apache.ratis.thirdparty.io.grpc.StatusRuntimeException: UNAVAILABLE: io exception
2019-09-10 18:34:05,797 [grpc-default-executor-4] INFO  impl.FollowerInfo (FollowerInfo.java:lambda$new$0(51)) - 43b8dda0-1fac-498c-94e0-436a32ed8ccd@group-248F13D822B7->166d57fa-ec73-4a99-b6df-0ab3ad0d7909: nextIndex: updateUnconditionally 12 -> 11
2019-09-10 18:34:06,013 [java.util.concurrent.ThreadPoolExecutor$Worker@781538ae[State = -1, empty queue]] WARN  server.GrpcLogAppender (GrpcLogAppender.java:timeoutAppendRequest(200)) - 59afee6f-3342-47f6-8cd2-a67165187773@group-C790A911BCD5->fc430ad7-c10f-4afd-84a3-4263b60fc3a5-GrpcLogAppender: appendEntries Timeout, request=59afee6f-3342-47f6-8cd2-a67165187773->fc430ad7-c10f-4afd-84a3-4263b60fc3a5#148-t3, previous=(t:3, i:20), leaderCommit=16, initializing? false, entries: <empty>
2019-09-10 18:34:06,013 [java.util.concurrent.ThreadPoolExecutor$Worker@2130bf45[State = -1, empty queue]] WARN  server.GrpcLogAppender (GrpcLogAppender.java:timeoutAppendRequest(200)) - 59afee6f-3342-47f6-8cd2-a67165187773@group-C790A911BCD5->f9c92805-78f9-4aa2-ad11-0f5c06c060e3-GrpcLogAppender: appendEntries Timeout, request=59afee6f-3342-47f6-8cd2-a67165187773->f9c92805-78f9-4aa2-ad11-0f5c06c060e3#148-t3, previous=(t:3, i:20), leaderCommit=16, initializing? false, entries: <empty>
2019-09-10 18:34:06,290 [java.util.concurrent.ThreadPoolExecutor$Worker@2fb8de94[State = -1, empty queue]] WARN  server.GrpcLogAppender (GrpcLogAppender.java:timeoutAppendRequest(200)) - 43b8dda0-1fac-498c-94e0-436a32ed8ccd@group-248F13D822B7->114338b4-3ae2-46b3-98b7-a583d2a0bf23-GrpcLogAppender: appendEntries Timeout, request=43b8dda0-1fac-498c-94e0-436a32ed8ccd->114338b4-3ae2-46b3-98b7-a583d2a0bf23#153-t2, previous=(t:2, i:20), leaderCommit=16, initializing? false, entries: <empty>
2019-09-10 18:34:06,298 [grpc-default-executor-3] WARN  server.GrpcLogAppender (LogUtils.java:warn(134)) - 43b8dda0-1fac-498c-94e0-436a32ed8ccd@group-248F13D822B7->166d57fa-ec73-4a99-b6df-0ab3ad0d7909-AppendLogResponseHandler: Failed appendEntries: org.apache.ratis.thirdparty.io.grpc.StatusRuntimeException: UNAVAILABLE: io exception
2019-09-10 18:34:06,298 [grpc-default-executor-3] INFO  impl.FollowerInfo (FollowerInfo.java:lambda$new$0(51)) - 43b8dda0-1fac-498c-94e0-436a32ed8ccd@group-248F13D822B7->166d57fa-ec73-4a99-b6df-0ab3ad0d7909: nextIndex: updateUnconditionally 11 -> 10
2019-09-10 18:34:06,513 [java.util.concurrent.ThreadPoolExecutor$Worker@2130bf45[State = -1, empty queue]] WARN  server.GrpcLogAppender (GrpcLogAppender.java:timeoutAppendRequest(200)) - 59afee6f-3342-47f6-8cd2-a67165187773@group-C790A911BCD5->f9c92805-78f9-4aa2-ad11-0f5c06c060e3-GrpcLogAppender: appendEntries Timeout, request=59afee6f-3342-47f6-8cd2-a67165187773->f9c92805-78f9-4aa2-ad11-0f5c06c060e3#149-t3, previous=(t:3, i:20), leaderCommit=16, initializing? false, entries: <empty>
2019-09-10 18:34:06,513 [java.util.concurrent.ThreadPoolExecutor$Worker@781538ae[State = -1, empty queue]] WARN  server.GrpcLogAppender (GrpcLogAppender.java:timeoutAppendRequest(200)) - 59afee6f-3342-47f6-8cd2-a67165187773@group-C790A911BCD5->fc430ad7-c10f-4afd-84a3-4263b60fc3a5-GrpcLogAppender: appendEntries Timeout, request=59afee6f-3342-47f6-8cd2-a67165187773->fc430ad7-c10f-4afd-84a3-4263b60fc3a5#149-t3, previous=(t:3, i:20), leaderCommit=16, initializing? false, entries: <empty>
2019-09-10 18:34:06,790 [java.util.concurrent.ThreadPoolExecutor$Worker@2fb8de94[State = -1, empty queue]] WARN  server.GrpcLogAppender (GrpcLogAppender.java:timeoutAppendRequest(200)) - 43b8dda0-1fac-498c-94e0-436a32ed8ccd@group-248F13D822B7->114338b4-3ae2-46b3-98b7-a583d2a0bf23-GrpcLogAppender: appendEntries Timeout, request=43b8dda0-1fac-498c-94e0-436a32ed8ccd->114338b4-3ae2-46b3-98b7-a583d2a0bf23#154-t2, previous=(t:2, i:20), leaderCommit=16, initializing? false, entries: <empty>
2019-09-10 18:34:06,799 [grpc-default-executor-3] WARN  server.GrpcLogAppender (LogUtils.java:warn(134)) - 43b8dda0-1fac-498c-94e0-436a32ed8ccd@group-248F13D822B7->166d57fa-ec73-4a99-b6df-0ab3ad0d7909-AppendLogResponseHandler: Failed appendEntries: org.apache.ratis.thirdparty.io.grpc.StatusRuntimeException: UNAVAILABLE: io exception
2019-09-10 18:34:06,799 [grpc-default-executor-3] INFO  impl.FollowerInfo (FollowerInfo.java:lambda$new$0(51)) - 43b8dda0-1fac-498c-94e0-436a32ed8ccd@group-248F13D822B7->166d57fa-ec73-4a99-b6df-0ab3ad0d7909: nextIndex: updateUnconditionally 10 -> 9
2019-09-10 18:34:07,014 [java.util.concurrent.ThreadPoolExecutor$Worker@781538ae[State = -1, empty queue]] WARN  server.GrpcLogAppender (GrpcLogAppender.java:timeoutAppendRequest(200)) - 59afee6f-3342-47f6-8cd2-a67165187773@group-C790A911BCD5->fc430ad7-c10f-4afd-84a3-4263b60fc3a5-GrpcLogAppender: appendEntries Timeout, request=59afee6f-3342-47f6-8cd2-a67165187773->fc430ad7-c10f-4afd-84a3-4263b60fc3a5#150-t3, previous=(t:3, i:20), leaderCommit=16, initializing? false, entries: <empty>
2019-09-10 18:34:07,014 [java.util.concurrent.ThreadPoolExecutor$Worker@2130bf45[State = -1, empty queue]] WARN  server.GrpcLogAppender (GrpcLogAppender.java:timeoutAppendRequest(200)) - 59afee6f-3342-47f6-8cd2-a67165187773@group-C790A911BCD5->f9c92805-78f9-4aa2-ad11-0f5c06c060e3-GrpcLogAppender: appendEntries Timeout, request=59afee6f-3342-47f6-8cd2-a67165187773->f9c92805-78f9-4aa2-ad11-0f5c06c060e3#150-t3, previous=(t:3, i:20), leaderCommit=16, initializing? false, entries: <empty>
2019-09-10 18:34:07,291 [java.util.concurrent.ThreadPoolExecutor$Worker@2fb8de94[State = -1, empty queue]] WARN  server.GrpcLogAppender (GrpcLogAppender.java:timeoutAppendRequest(200)) - 43b8dda0-1fac-498c-94e0-436a32ed8ccd@group-248F13D822B7->114338b4-3ae2-46b3-98b7-a583d2a0bf23-GrpcLogAppender: appendEntries Timeout, request=43b8dda0-1fac-498c-94e0-436a32ed8ccd->114338b4-3ae2-46b3-98b7-a583d2a0bf23#155-t2, previous=(t:2, i:20), leaderCommit=16, initializing? false, entries: <empty>
2019-09-10 18:34:07,301 [grpc-default-executor-1] WARN  server.GrpcLogAppender (LogUtils.java:warn(134)) - 43b8dda0-1fac-498c-94e0-436a32ed8ccd@group-248F13D822B7->166d57fa-ec73-4a99-b6df-0ab3ad0d7909-AppendLogResponseHandler: Failed appendEntries: org.apache.ratis.thirdparty.io.grpc.StatusRuntimeException: UNAVAILABLE: io exception
2019-09-10 18:34:07,301 [grpc-default-executor-1] INFO  impl.FollowerInfo (FollowerInfo.java:lambda$new$0(51)) - 43b8dda0-1fac-498c-94e0-436a32ed8ccd@group-248F13D822B7->166d57fa-ec73-4a99-b6df-0ab3ad0d7909: nextIndex: updateUnconditionally 9 -> 8
2019-09-10 18:34:07,514 [java.util.concurrent.ThreadPoolExecutor$Worker@2130bf45[State = -1, empty queue]] WARN  server.GrpcLogAppender (GrpcLogAppender.java:timeoutAppendRequest(200)) - 59afee6f-3342-47f6-8cd2-a67165187773@group-C790A911BCD5->f9c92805-78f9-4aa2-ad11-0f5c06c060e3-GrpcLogAppender: appendEntries Timeout, request=59afee6f-3342-47f6-8cd2-a67165187773->f9c92805-78f9-4aa2-ad11-0f5c06c060e3#151-t3, previous=(t:3, i:20), leaderCommit=16, initializing? false, entries: <empty>
2019-09-10 18:34:07,514 [java.util.concurrent.ThreadPoolExecutor$Worker@781538ae[State = -1, empty queue]] WARN  server.GrpcLogAppender (GrpcLogAppender.java:timeoutAppendRequest(200)) - 59afee6f-3342-47f6-8cd2-a67165187773@group-C790A911BCD5->fc430ad7-c10f-4afd-84a3-4263b60fc3a5-GrpcLogAppender: appendEntries Timeout, request=59afee6f-3342-47f6-8cd2-a67165187773->fc430ad7-c10f-4afd-84a3-4263b60fc3a5#151-t3, previous=(t:3, i:20), leaderCommit=16, initializing? false, entries: <empty>
2019-09-10 18:34:07,791 [java.util.concurrent.ThreadPoolExecutor$Worker@2fb8de94[State = -1, empty queue]] WARN  server.GrpcLogAppender (GrpcLogAppender.java:timeoutAppendRequest(200)) - 43b8dda0-1fac-498c-94e0-436a32ed8ccd@group-248F13D822B7->114338b4-3ae2-46b3-98b7-a583d2a0bf23-GrpcLogAppender: appendEntries Timeout, request=43b8dda0-1fac-498c-94e0-436a32ed8ccd->114338b4-3ae2-46b3-98b7-a583d2a0bf23#156-t2, previous=(t:2, i:20), leaderCommit=16, initializing? false, entries: <empty>
2019-09-10 18:34:07,801 [grpc-default-executor-4] WARN  server.GrpcLogAppender (LogUtils.java:warn(134)) - 43b8dda0-1fac-498c-94e0-436a32ed8ccd@group-248F13D822B7->166d57fa-ec73-4a99-b6df-0ab3ad0d7909-AppendLogResponseHandler: Failed appendEntries: org.apache.ratis.thirdparty.io.grpc.StatusRuntimeException: UNAVAILABLE: io exception
2019-09-10 18:34:07,801 [grpc-default-executor-4] INFO  impl.FollowerInfo (FollowerInfo.java:lambda$new$0(51)) - 43b8dda0-1fac-498c-94e0-436a32ed8ccd@group-248F13D822B7->166d57fa-ec73-4a99-b6df-0ab3ad0d7909: nextIndex: updateUnconditionally 8 -> 7
2019-09-10 18:34:08,014 [java.util.concurrent.ThreadPoolExecutor$Worker@2130bf45[State = -1, empty queue]] WARN  server.GrpcLogAppender (GrpcLogAppender.java:timeoutAppendRequest(200)) - 59afee6f-3342-47f6-8cd2-a67165187773@group-C790A911BCD5->f9c92805-78f9-4aa2-ad11-0f5c06c060e3-GrpcLogAppender: appendEntries Timeout, request=59afee6f-3342-47f6-8cd2-a67165187773->f9c92805-78f9-4aa2-ad11-0f5c06c060e3#152-t3, previous=(t:3, i:20), leaderCommit=16, initializing? false, entries: <empty>
2019-09-10 18:34:08,014 [java.util.concurrent.ThreadPoolExecutor$Worker@781538ae[State = -1, empty queue]] WARN  server.GrpcLogAppender (GrpcLogAppender.java:timeoutAppendRequest(200)) - 59afee6f-3342-47f6-8cd2-a67165187773@group-C790A911BCD5->fc430ad7-c10f-4afd-84a3-4263b60fc3a5-GrpcLogAppender: appendEntries Timeout, request=59afee6f-3342-47f6-8cd2-a67165187773->fc430ad7-c10f-4afd-84a3-4263b60fc3a5#152-t3, previous=(t:3, i:20), leaderCommit=16, initializing? false, entries: <empty>
2019-09-10 18:34:08,100 [main] INFO  ozoneimpl.OzoneContainer (OzoneContainer.java:stop(231)) - Attempting to stop container services.
2019-09-10 18:34:08,101 [main] INFO  impl.RaftServerProxy (RaftServerProxy.java:lambda$close$4(314)) - 43b8dda0-1fac-498c-94e0-436a32ed8ccd: close
2019-09-10 18:34:08,102 [main] INFO  impl.RaftServerImpl (RaftServerImpl.java:lambda$shutdown$3(251)) - 43b8dda0-1fac-498c-94e0-436a32ed8ccd@group-C33457F8591A: shutdown
2019-09-10 18:34:08,102 [main] INFO  util.JmxRegister (JmxRegister.java:unregister(73)) - Successfully un-registered JMX Bean with object name Ratis:service=RaftServer,group=group-C33457F8591A,id=43b8dda0-1fac-498c-94e0-436a32ed8ccd
2019-09-10 18:34:08,103 [main] INFO  impl.RoleInfo (RoleInfo.java:shutdownLeaderState(104)) - 43b8dda0-1fac-498c-94e0-436a32ed8ccd: shutdown LeaderState
2019-09-10 18:34:08,103 [main] INFO  impl.PendingRequests (PendingRequests.java:sendNotLeaderResponses(202)) - 43b8dda0-1fac-498c-94e0-436a32ed8ccd-PendingRequests: sendNotLeaderResponses
2019-09-10 18:34:08,104 [main] INFO  impl.StateMachineUpdater (StateMachineUpdater.java:stopAndJoin(125)) - 43b8dda0-1fac-498c-94e0-436a32ed8ccd@group-C33457F8591A-StateMachineUpdater: set stopIndex = 0
2019-09-10 18:34:08,104 [main] INFO  impl.RaftServerImpl (ServerState.java:close(385)) - 43b8dda0-1fac-498c-94e0-436a32ed8ccd@group-C33457F8591A: closes. applyIndex: 0
2019-09-10 18:34:08,105 [43b8dda0-1fac-498c-94e0-436a32ed8ccd@group-C33457F8591A-SegmentedRaftLogWorker] INFO  segmented.SegmentedRaftLogWorker (SegmentedRaftLogWorker.java:run(313)) - 43b8dda0-1fac-498c-94e0-436a32ed8ccd@group-C33457F8591A-SegmentedRaftLogWorker was interrupted, exiting. There are 0 tasks remaining in the queue.
2019-09-10 18:34:08,121 [main] INFO  segmented.SegmentedRaftLogWorker (SegmentedRaftLogWorker.java:close(228)) - 43b8dda0-1fac-498c-94e0-436a32ed8ccd@group-C33457F8591A-SegmentedRaftLogWorker close()
2019-09-10 18:34:08,124 [main] INFO  impl.RaftServerImpl (RaftServerImpl.java:lambda$shutdown$3(251)) - 43b8dda0-1fac-498c-94e0-436a32ed8ccd@group-248F13D822B7: shutdown
2019-09-10 18:34:08,124 [main] INFO  util.JmxRegister (JmxRegister.java:unregister(73)) - Successfully un-registered JMX Bean with object name Ratis:service=RaftServer,group=group-248F13D822B7,id=43b8dda0-1fac-498c-94e0-436a32ed8ccd
2019-09-10 18:34:08,125 [ForkJoinPool.commonPool-worker-1] INFO  ozoneimpl.OzoneContainer (OzoneContainer.java:stop(231)) - Attempting to stop container services.
2019-09-10 18:34:08,125 [main] INFO  impl.RoleInfo (RoleInfo.java:shutdownLeaderState(104)) - 43b8dda0-1fac-498c-94e0-436a32ed8ccd: shutdown LeaderState
2019-09-10 18:34:08,125 [ForkJoinPool.commonPool-worker-1] INFO  impl.RaftServerProxy (RaftServerProxy.java:lambda$close$4(314)) - cfb62293-4a7a-44de-bace-70c992c1cb58: close
2019-09-10 18:34:08,128 [org.apache.ratis.server.impl.LogAppender$AppenderDaemon$$Lambda$527/1529406920@4c6d8953] WARN  server.GrpcLogAppender (GrpcLogAppender.java:mayWait(143)) - 43b8dda0-1fac-498c-94e0-436a32ed8ccd@group-248F13D822B7->114338b4-3ae2-46b3-98b7-a583d2a0bf23-GrpcLogAppender: Wait interrupted by java.lang.InterruptedException
2019-09-10 18:34:08,128 [org.apache.ratis.server.impl.LogAppender$AppenderDaemon$$Lambda$527/1529406920@1a70867a] WARN  server.GrpcLogAppender (GrpcLogAppender.java:mayWait(143)) - 43b8dda0-1fac-498c-94e0-436a32ed8ccd@group-248F13D822B7->166d57fa-ec73-4a99-b6df-0ab3ad0d7909-GrpcLogAppender: Wait interrupted by java.lang.InterruptedException
2019-09-10 18:34:08,128 [main] INFO  impl.PendingRequests (PendingRequests.java:sendNotLeaderResponses(202)) - 43b8dda0-1fac-498c-94e0-436a32ed8ccd-PendingRequests: sendNotLeaderResponses
2019-09-10 18:34:08,128 [grpc-default-executor-3] INFO  server.GrpcServerProtocolService (GrpcServerProtocolService.java:onCompleted(113)) - 114338b4-3ae2-46b3-98b7-a583d2a0bf23: Completed APPEND_ENTRIES, lastRequest: 43b8dda0-1fac-498c-94e0-436a32ed8ccd->114338b4-3ae2-46b3-98b7-a583d2a0bf23#162-t2, previous=(t:2, i:20), leaderCommit=16, initializing? false, entries: <empty>
2019-09-10 18:34:08,128 [ForkJoinPool.commonPool-worker-1] INFO  impl.RaftServerImpl (RaftServerImpl.java:lambda$shutdown$3(251)) - cfb62293-4a7a-44de-bace-70c992c1cb58@group-472E82651CB3: shutdown
2019-09-10 18:34:08,129 [ForkJoinPool.commonPool-worker-1] INFO  util.JmxRegister (JmxRegister.java:unregister(73)) - Successfully un-registered JMX Bean with object name Ratis:service=RaftServer,group=group-472E82651CB3,id=cfb62293-4a7a-44de-bace-70c992c1cb58
2019-09-10 18:34:08,129 [ForkJoinPool.commonPool-worker-1] INFO  impl.RoleInfo (RoleInfo.java:shutdownLeaderState(104)) - cfb62293-4a7a-44de-bace-70c992c1cb58: shutdown LeaderState
2019-09-10 18:34:08,129 [ForkJoinPool.commonPool-worker-1] INFO  impl.PendingRequests (PendingRequests.java:sendNotLeaderResponses(202)) - cfb62293-4a7a-44de-bace-70c992c1cb58-PendingRequests: sendNotLeaderResponses
2019-09-10 18:34:08,129 [ForkJoinPool.commonPool-worker-1] INFO  impl.StateMachineUpdater (StateMachineUpdater.java:stopAndJoin(125)) - cfb62293-4a7a-44de-bace-70c992c1cb58@group-472E82651CB3-StateMachineUpdater: set stopIndex = 0
2019-09-10 18:34:08,130 [grpc-default-executor-3] INFO  server.GrpcLogAppender (GrpcLogAppender.java:onCompleted(293)) - 43b8dda0-1fac-498c-94e0-436a32ed8ccd@group-248F13D822B7->114338b4-3ae2-46b3-98b7-a583d2a0bf23-AppendLogResponseHandler: follower responses appendEntries COMPLETED
2019-09-10 18:34:08,133 [main] INFO  impl.StateMachineUpdater (StateMachineUpdater.java:stopAndJoin(125)) - 43b8dda0-1fac-498c-94e0-436a32ed8ccd@group-248F13D822B7-StateMachineUpdater: set stopIndex = 16
2019-09-10 18:34:08,133 [43b8dda0-1fac-498c-94e0-436a32ed8ccd@group-248F13D822B7-StateMachineUpdater] INFO  ratis.ContainerStateMachine (ContainerStateMachine.java:takeSnapshot(289)) - group-248F13D822B7: Taking a snapshot at:(t:2, i:14) file /workdir/hadoop-ozone/integration-test/target/test-dir/MiniOzoneClusterImpl-34bd394c-9e3d-49fb-9b5f-f4de544d8d6b/datanode-8/data/ratis/65e8c64c-afec-4d62-a834-248f13d822b7/sm/snapshot.2_14
2019-09-10 18:34:08,133 [grpc-default-executor-3] INFO  impl.FollowerInfo (FollowerInfo.java:lambda$new$0(51)) - 43b8dda0-1fac-498c-94e0-436a32ed8ccd@group-248F13D822B7->114338b4-3ae2-46b3-98b7-a583d2a0bf23: nextIndex: updateUnconditionally 21 -> 17
2019-09-10 18:34:08,133 [ForkJoinPool.commonPool-worker-1] INFO  impl.RaftServerImpl (ServerState.java:close(385)) - cfb62293-4a7a-44de-bace-70c992c1cb58@group-472E82651CB3: closes. applyIndex: 0
2019-09-10 18:34:08,137 [cfb62293-4a7a-44de-bace-70c992c1cb58@group-472E82651CB3-SegmentedRaftLogWorker] INFO  segmented.SegmentedRaftLogWorker (SegmentedRaftLogWorker.java:run(313)) - cfb62293-4a7a-44de-bace-70c992c1cb58@group-472E82651CB3-SegmentedRaftLogWorker was interrupted, exiting. There are 0 tasks remaining in the queue.
2019-09-10 18:34:08,138 [ForkJoinPool.commonPool-worker-1] INFO  segmented.SegmentedRaftLogWorker (SegmentedRaftLogWorker.java:close(228)) - cfb62293-4a7a-44de-bace-70c992c1cb58@group-472E82651CB3-SegmentedRaftLogWorker close()
2019-09-10 18:34:08,149 [ForkJoinPool.commonPool-worker-1] INFO  server.GrpcService (GrpcService.java:closeImpl(164)) - cfb62293-4a7a-44de-bace-70c992c1cb58: shutdown server with port 38941 now
2019-09-10 18:34:08,151 [ForkJoinPool.commonPool-worker-1] INFO  server.GrpcService (GrpcService.java:closeImpl(172)) - cfb62293-4a7a-44de-bace-70c992c1cb58: shutdown server with port 38941 successfully
2019-09-10 18:34:08,159 [refreshUsed-/workdir/hadoop-ozone/integration-test/target/test-dir/MiniOzoneClusterImpl-34bd394c-9e3d-49fb-9b5f-f4de544d8d6b/datanode-3/data/containers] WARN  fs.CachingGetSpaceUsed (CachingGetSpaceUsed.java:run(183)) - Thread Interrupted waiting to refresh disk information: sleep interrupted
2019-09-10 18:34:08,159 [43b8dda0-1fac-498c-94e0-436a32ed8ccd@group-248F13D822B7-StateMachineUpdater] INFO  ratis.ContainerStateMachine (ContainerStateMachine.java:takeSnapshot(300)) - group-248F13D822B7: Finished taking a snapshot at:(t:2, i:14) file:/workdir/hadoop-ozone/integration-test/target/test-dir/MiniOzoneClusterImpl-34bd394c-9e3d-49fb-9b5f-f4de544d8d6b/datanode-8/data/ratis/65e8c64c-afec-4d62-a834-248f13d822b7/sm/snapshot.2_14 time:27
2019-09-10 18:34:08,160 [43b8dda0-1fac-498c-94e0-436a32ed8ccd@group-248F13D822B7-StateMachineUpdater] INFO  impl.StateMachineUpdater (StateMachineUpdater.java:takeSnapshot(258)) - 43b8dda0-1fac-498c-94e0-436a32ed8ccd@group-248F13D822B7-StateMachineUpdater: Took a snapshot at index 14
2019-09-10 18:34:08,161 [43b8dda0-1fac-498c-94e0-436a32ed8ccd@group-248F13D822B7-StateMachineUpdater] INFO  impl.StateMachineUpdater (StateMachineUpdater.java:lambda$new$0(83)) - 43b8dda0-1fac-498c-94e0-436a32ed8ccd@group-248F13D822B7-StateMachineUpdater: snapshotIndex: updateIncreasingly -1 -> 14
2019-09-10 18:34:08,161 [43b8dda0-1fac-498c-94e0-436a32ed8ccd@group-248F13D822B7-StateMachineUpdater] INFO  ratis.ContainerStateMachine (ContainerStateMachine.java:takeSnapshot(289)) - group-248F13D822B7: Taking a snapshot at:(t:2, i:14) file /workdir/hadoop-ozone/integration-test/target/test-dir/MiniOzoneClusterImpl-34bd394c-9e3d-49fb-9b5f-f4de544d8d6b/datanode-8/data/ratis/65e8c64c-afec-4d62-a834-248f13d822b7/sm/snapshot.2_14
2019-09-10 18:34:08,179 [ForkJoinPool.commonPool-worker-1] INFO  utils.BackgroundService (BackgroundService.java:shutdown(148)) - Shutting down service BlockDeletingService
2019-09-10 18:34:08,183 [43b8dda0-1fac-498c-94e0-436a32ed8ccd@group-248F13D822B7-StateMachineUpdater] INFO  ratis.ContainerStateMachine (ContainerStateMachine.java:takeSnapshot(300)) - group-248F13D822B7: Finished taking a snapshot at:(t:2, i:14) file:/workdir/hadoop-ozone/integration-test/target/test-dir/MiniOzoneClusterImpl-34bd394c-9e3d-49fb-9b5f-f4de544d8d6b/datanode-8/data/ratis/65e8c64c-afec-4d62-a834-248f13d822b7/sm/snapshot.2_14 time:22
2019-09-10 18:34:08,185 [ForkJoinPool.commonPool-worker-1] INFO  statemachine.DatanodeStateMachine (DatanodeStateMachine.java:stopDaemon(395)) - Ozone container server stopped.
2019-09-10 18:34:08,185 [43b8dda0-1fac-498c-94e0-436a32ed8ccd@group-248F13D822B7-StateMachineUpdater] INFO  impl.StateMachineUpdater (StateMachineUpdater.java:takeSnapshot(258)) - 43b8dda0-1fac-498c-94e0-436a32ed8ccd@group-248F13D822B7-StateMachineUpdater: Took a snapshot at index 14
2019-09-10 18:34:08,186 [43b8dda0-1fac-498c-94e0-436a32ed8ccd@group-248F13D822B7-StateMachineUpdater] INFO  impl.StateMachineUpdater (StateMachineUpdater.java:lambda$new$0(83)) - 43b8dda0-1fac-498c-94e0-436a32ed8ccd@group-248F13D822B7-StateMachineUpdater: snapshotIndex: updateIncreasingly 14 -> 14
2019-09-10 18:34:08,188 [main] INFO  impl.RaftServerImpl (ServerState.java:close(385)) - 43b8dda0-1fac-498c-94e0-436a32ed8ccd@group-248F13D822B7: closes. applyIndex: 16
2019-09-10 18:34:08,190 [ForkJoinPool.commonPool-worker-1] INFO  handler.ContextHandler (ContextHandler.java:doStop(910)) - Stopped o.e.j.w.WebAppContext@6573d2f7{/,null,UNAVAILABLE}{/hddsDatanode}
2019-09-10 18:34:08,190 [ForkJoinPool.commonPool-worker-1] INFO  server.AbstractConnector (AbstractConnector.java:doStop(318)) - Stopped ServerConnector@4052c8c2{HTTP/1.1,[http/1.1]}{0.0.0.0:0}
2019-09-10 18:34:08,193 [ForkJoinPool.commonPool-worker-1] INFO  handler.ContextHandler (ContextHandler.java:doStop(910)) - Stopped o.e.j.s.ServletContextHandler@1f6917fb{/static,jar:file:/home/user/.m2/repository/org/apache/hadoop/hadoop-hdds-container-service/0.5.0-SNAPSHOT/hadoop-hdds-container-service-0.5.0-SNAPSHOT.jar!/webapps/static,UNAVAILABLE}
2019-09-10 18:34:08,193 [43b8dda0-1fac-498c-94e0-436a32ed8ccd@group-248F13D822B7-SegmentedRaftLogWorker] ERROR ratis.XceiverServerRatis (XceiverServerRatis.java:triggerPipelineClose(575)) - pipeline Action CLOSE  on pipeline PipelineID=65e8c64c-afec-4d62-a834-248f13d822b7.Reason : WriteLog:17: (t:2, i:17), STATEMACHINELOGENTRY, client-35727EB443AA, cid=63-writeStateMachineData interrupted.
2019-09-10 18:34:08,195 [ForkJoinPool.commonPool-worker-1] INFO  handler.ContextHandler (ContextHandler.java:doStop(910)) - Stopped o.e.j.s.ServletContextHandler@36480b2d{/logs,file:///workdir/hadoop-ozone/integration-test/target/log,UNAVAILABLE}
2019-09-10 18:34:08,195 [main] INFO  segmented.SegmentedRaftLogWorker (SegmentedRaftLogWorker.java:close(228)) - 43b8dda0-1fac-498c-94e0-436a32ed8ccd@group-248F13D822B7-SegmentedRaftLogWorker close()
2019-09-10 18:34:08,197 [main] INFO  server.GrpcService (GrpcService.java:closeImpl(164)) - 43b8dda0-1fac-498c-94e0-436a32ed8ccd: shutdown server with port 45091 now
2019-09-10 18:34:08,198 [main] INFO  server.GrpcService (GrpcService.java:closeImpl(172)) - 43b8dda0-1fac-498c-94e0-436a32ed8ccd: shutdown server with port 45091 successfully
2019-09-10 18:34:08,338 [refreshUsed-/workdir/hadoop-ozone/integration-test/target/test-dir/MiniOzoneClusterImpl-34bd394c-9e3d-49fb-9b5f-f4de544d8d6b/datanode-8/data/containers] WARN  fs.CachingGetSpaceUsed (CachingGetSpaceUsed.java:run(183)) - Thread Interrupted waiting to refresh disk information: sleep interrupted
2019-09-10 18:34:08,402 [main] INFO  utils.BackgroundService (BackgroundService.java:shutdown(148)) - Shutting down service BlockDeletingService
2019-09-10 18:34:08,406 [main] INFO  statemachine.DatanodeStateMachine (DatanodeStateMachine.java:stopDaemon(395)) - Ozone container server stopped.
2019-09-10 18:34:08,407 [main] INFO  handler.ContextHandler (ContextHandler.java:doStop(910)) - Stopped o.e.j.w.WebAppContext@352ed70d{/,null,UNAVAILABLE}{/hddsDatanode}
2019-09-10 18:34:08,408 [main] INFO  server.AbstractConnector (AbstractConnector.java:doStop(318)) - Stopped ServerConnector@70730db{HTTP/1.1,[http/1.1]}{0.0.0.0:0}
2019-09-10 18:34:08,408 [main] INFO  handler.ContextHandler (ContextHandler.java:doStop(910)) - Stopped o.e.j.s.ServletContextHandler@4bd51d3e{/static,jar:file:/home/user/.m2/repository/org/apache/hadoop/hadoop-hdds-container-service/0.5.0-SNAPSHOT/hadoop-hdds-container-service-0.5.0-SNAPSHOT.jar!/webapps/static,UNAVAILABLE}
2019-09-10 18:34:08,409 [main] INFO  handler.ContextHandler (ContextHandler.java:doStop(910)) - Stopped o.e.j.s.ServletContextHandler@47be0f9b{/logs,file:///workdir/hadoop-ozone/integration-test/target/log,UNAVAILABLE}
2019-09-10 18:34:08,514 [java.util.concurrent.ThreadPoolExecutor$Worker@2130bf45[State = -1, empty queue]] WARN  server.GrpcLogAppender (GrpcLogAppender.java:timeoutAppendRequest(200)) - 59afee6f-3342-47f6-8cd2-a67165187773@group-C790A911BCD5->f9c92805-78f9-4aa2-ad11-0f5c06c060e3-GrpcLogAppender: appendEntries Timeout, request=59afee6f-3342-47f6-8cd2-a67165187773->f9c92805-78f9-4aa2-ad11-0f5c06c060e3#153-t3, previous=(t:3, i:20), leaderCommit=16, initializing? false, entries: <empty>
2019-09-10 18:34:08,514 [java.util.concurrent.ThreadPoolExecutor$Worker@781538ae[State = -1, empty queue]] WARN  server.GrpcLogAppender (GrpcLogAppender.java:timeoutAppendRequest(200)) - 59afee6f-3342-47f6-8cd2-a67165187773@group-C790A911BCD5->fc430ad7-c10f-4afd-84a3-4263b60fc3a5-GrpcLogAppender: appendEntries Timeout, request=59afee6f-3342-47f6-8cd2-a67165187773->fc430ad7-c10f-4afd-84a3-4263b60fc3a5#153-t3, previous=(t:3, i:20), leaderCommit=16, initializing? false, entries: <empty>
2019-09-10 18:34:09,015 [java.util.concurrent.ThreadPoolExecutor$Worker@2130bf45[State = -1, empty queue]] WARN  server.GrpcLogAppender (GrpcLogAppender.java:timeoutAppendRequest(200)) - 59afee6f-3342-47f6-8cd2-a67165187773@group-C790A911BCD5->f9c92805-78f9-4aa2-ad11-0f5c06c060e3-GrpcLogAppender: appendEntries Timeout, request=59afee6f-3342-47f6-8cd2-a67165187773->f9c92805-78f9-4aa2-ad11-0f5c06c060e3#154-t3, previous=(t:3, i:20), leaderCommit=16, initializing? false, entries: <empty>
2019-09-10 18:34:09,015 [java.util.concurrent.ThreadPoolExecutor$Worker@781538ae[State = -1, empty queue]] WARN  server.GrpcLogAppender (GrpcLogAppender.java:timeoutAppendRequest(200)) - 59afee6f-3342-47f6-8cd2-a67165187773@group-C790A911BCD5->fc430ad7-c10f-4afd-84a3-4263b60fc3a5-GrpcLogAppender: appendEntries Timeout, request=59afee6f-3342-47f6-8cd2-a67165187773->fc430ad7-c10f-4afd-84a3-4263b60fc3a5#154-t3, previous=(t:3, i:20), leaderCommit=16, initializing? false, entries: <empty>
2019-09-10 18:34:09,083 [Datanode State Machine Thread - 0] INFO  statemachine.DatanodeStateMachine (DatanodeStateMachine.java:lambda$startDaemon$0(350)) - Ozone container server started.
2019-09-10 18:34:09,086 [Datanode State Machine Thread - 0] INFO  statemachine.DatanodeStateMachine (DatanodeStateMachine.java:lambda$startDaemon$0(350)) - Ozone container server started.
2019-09-10 18:34:09,515 [java.util.concurrent.ThreadPoolExecutor$Worker@2130bf45[State = -1, empty queue]] WARN  server.GrpcLogAppender (GrpcLogAppender.java:timeoutAppendRequest(200)) - 59afee6f-3342-47f6-8cd2-a67165187773@group-C790A911BCD5->f9c92805-78f9-4aa2-ad11-0f5c06c060e3-GrpcLogAppender: appendEntries Timeout, request=59afee6f-3342-47f6-8cd2-a67165187773->f9c92805-78f9-4aa2-ad11-0f5c06c060e3#155-t3, previous=(t:3, i:20), leaderCommit=16, initializing? false, entries: <empty>
2019-09-10 18:34:09,515 [java.util.concurrent.ThreadPoolExecutor$Worker@781538ae[State = -1, empty queue]] WARN  server.GrpcLogAppender (GrpcLogAppender.java:timeoutAppendRequest(200)) - 59afee6f-3342-47f6-8cd2-a67165187773@group-C790A911BCD5->fc430ad7-c10f-4afd-84a3-4263b60fc3a5-GrpcLogAppender: appendEntries Timeout, request=59afee6f-3342-47f6-8cd2-a67165187773->fc430ad7-c10f-4afd-84a3-4263b60fc3a5#155-t3, previous=(t:3, i:20), leaderCommit=16, initializing? false, entries: <empty>
2019-09-10 18:34:09,745 [114338b4-3ae2-46b3-98b7-a583d2a0bf23@group-248F13D822B7-SegmentedRaftLogWorker] WARN  segmented.SegmentedRaftLogWorker (SegmentedRaftLogWorker.java:getFromFuture(90)) - Timeout 2/~
org.apache.ratis.protocol.TimeoutIOException: Timeout 10s: WriteLog:17: (t:2, i:17), STATEMACHINELOGENTRY, client-35727EB443AA, cid=63-writeStateMachineData
	at org.apache.ratis.util.IOUtils.getFromFuture(IOUtils.java:87)
	at org.apache.ratis.server.raftlog.segmented.SegmentedRaftLogWorker$StateMachineDataPolicy.getFromFuture(SegmentedRaftLogWorker.java:87)
	at org.apache.ratis.server.raftlog.segmented.SegmentedRaftLogWorker$WriteLog.execute(SegmentedRaftLogWorker.java:477)
	at org.apache.ratis.server.raftlog.segmented.SegmentedRaftLogWorker.run(SegmentedRaftLogWorker.java:289)
	at java.lang.Thread.run(Thread.java:748)
Caused by: java.util.concurrent.TimeoutException
	at java.util.concurrent.CompletableFuture.timedGet(CompletableFuture.java:1771)
	at java.util.concurrent.CompletableFuture.get(CompletableFuture.java:1915)
	at org.apache.ratis.util.IOUtils.getFromFuture(IOUtils.java:79)
	... 4 more
2019-09-10 18:34:09,860 [fc430ad7-c10f-4afd-84a3-4263b60fc3a5@group-C790A911BCD5-SegmentedRaftLogWorker] WARN  segmented.SegmentedRaftLogWorker (SegmentedRaftLogWorker.java:getFromFuture(90)) - Timeout 6/~
org.apache.ratis.protocol.TimeoutIOException: Timeout 10s: WriteLog:17: (t:3, i:17), STATEMACHINELOGENTRY, client-B2117E40EB7F, cid=38-writeStateMachineData
	at org.apache.ratis.util.IOUtils.getFromFuture(IOUtils.java:87)
	at org.apache.ratis.server.raftlog.segmented.SegmentedRaftLogWorker$StateMachineDataPolicy.getFromFuture(SegmentedRaftLogWorker.java:87)
	at org.apache.ratis.server.raftlog.segmented.SegmentedRaftLogWorker$WriteLog.execute(SegmentedRaftLogWorker.java:477)
	at org.apache.ratis.server.raftlog.segmented.SegmentedRaftLogWorker.run(SegmentedRaftLogWorker.java:289)
	at java.lang.Thread.run(Thread.java:748)
Caused by: java.util.concurrent.TimeoutException
	at java.util.concurrent.CompletableFuture.timedGet(CompletableFuture.java:1771)
	at java.util.concurrent.CompletableFuture.get(CompletableFuture.java:1915)
	at org.apache.ratis.util.IOUtils.getFromFuture(IOUtils.java:79)
	... 4 more
2019-09-10 18:34:10,015 [java.util.concurrent.ThreadPoolExecutor$Worker@2130bf45[State = -1, empty queue]] WARN  server.GrpcLogAppender (GrpcLogAppender.java:timeoutAppendRequest(200)) - 59afee6f-3342-47f6-8cd2-a67165187773@group-C790A911BCD5->f9c92805-78f9-4aa2-ad11-0f5c06c060e3-GrpcLogAppender: appendEntries Timeout, request=59afee6f-3342-47f6-8cd2-a67165187773->f9c92805-78f9-4aa2-ad11-0f5c06c060e3#156-t3, previous=(t:3, i:20), leaderCommit=16, initializing? false, entries: <empty>
2019-09-10 18:34:10,015 [java.util.concurrent.ThreadPoolExecutor$Worker@781538ae[State = -1, empty queue]] WARN  server.GrpcLogAppender (GrpcLogAppender.java:timeoutAppendRequest(200)) - 59afee6f-3342-47f6-8cd2-a67165187773@group-C790A911BCD5->fc430ad7-c10f-4afd-84a3-4263b60fc3a5-GrpcLogAppender: appendEntries Timeout, request=59afee6f-3342-47f6-8cd2-a67165187773->fc430ad7-c10f-4afd-84a3-4263b60fc3a5#156-t3, previous=(t:3, i:20), leaderCommit=16, initializing? false, entries: <empty>
2019-09-10 18:34:10,053 [59afee6f-3342-47f6-8cd2-a67165187773@group-C790A911BCD5-SegmentedRaftLogWorker] WARN  segmented.SegmentedRaftLogWorker (SegmentedRaftLogWorker.java:getFromFuture(90)) - Timeout 6/~
org.apache.ratis.protocol.TimeoutIOException: Timeout 10s: WriteLog:19: (t:3, i:19), STATEMACHINELOGENTRY, client-B2117E40EB7F, cid=40-writeStateMachineData
	at org.apache.ratis.util.IOUtils.getFromFuture(IOUtils.java:87)
	at org.apache.ratis.server.raftlog.segmented.SegmentedRaftLogWorker$StateMachineDataPolicy.getFromFuture(SegmentedRaftLogWorker.java:87)
	at org.apache.ratis.server.raftlog.segmented.SegmentedRaftLogWorker$WriteLog.execute(SegmentedRaftLogWorker.java:477)
	at org.apache.ratis.server.raftlog.segmented.SegmentedRaftLogWorker.run(SegmentedRaftLogWorker.java:289)
	at java.lang.Thread.run(Thread.java:748)
Caused by: java.util.concurrent.TimeoutException
	at java.util.concurrent.CompletableFuture.timedGet(CompletableFuture.java:1771)
	at java.util.concurrent.CompletableFuture.get(CompletableFuture.java:1915)
	at org.apache.ratis.util.IOUtils.getFromFuture(IOUtils.java:79)
	... 4 more
2019-09-10 18:34:10,083 [f9c92805-78f9-4aa2-ad11-0f5c06c060e3@group-C790A911BCD5-SegmentedRaftLogWorker] WARN  segmented.SegmentedRaftLogWorker (SegmentedRaftLogWorker.java:getFromFuture(90)) - Timeout 6/~
org.apache.ratis.protocol.TimeoutIOException: Timeout 10s: WriteLog:19: (t:3, i:19), STATEMACHINELOGENTRY, client-B2117E40EB7F, cid=40-writeStateMachineData
	at org.apache.ratis.util.IOUtils.getFromFuture(IOUtils.java:87)
	at org.apache.ratis.server.raftlog.segmented.SegmentedRaftLogWorker$StateMachineDataPolicy.getFromFuture(SegmentedRaftLogWorker.java:87)
	at org.apache.ratis.server.raftlog.segmented.SegmentedRaftLogWorker$WriteLog.execute(SegmentedRaftLogWorker.java:477)
	at org.apache.ratis.server.raftlog.segmented.SegmentedRaftLogWorker.run(SegmentedRaftLogWorker.java:289)
	at java.lang.Thread.run(Thread.java:748)
Caused by: java.util.concurrent.TimeoutException
	at java.util.concurrent.CompletableFuture.timedGet(CompletableFuture.java:1771)
	at java.util.concurrent.CompletableFuture.get(CompletableFuture.java:1915)
	at org.apache.ratis.util.IOUtils.getFromFuture(IOUtils.java:79)
	... 4 more
2019-09-10 18:34:10,516 [java.util.concurrent.ThreadPoolExecutor$Worker@2130bf45[State = -1, empty queue]] WARN  server.GrpcLogAppender (GrpcLogAppender.java:timeoutAppendRequest(200)) - 59afee6f-3342-47f6-8cd2-a67165187773@group-C790A911BCD5->f9c92805-78f9-4aa2-ad11-0f5c06c060e3-GrpcLogAppender: appendEntries Timeout, request=59afee6f-3342-47f6-8cd2-a67165187773->f9c92805-78f9-4aa2-ad11-0f5c06c060e3#157-t3, previous=(t:3, i:20), leaderCommit=16, initializing? false, entries: <empty>
2019-09-10 18:34:10,516 [java.util.concurrent.ThreadPoolExecutor$Worker@781538ae[State = -1, empty queue]] WARN  server.GrpcLogAppender (GrpcLogAppender.java:timeoutAppendRequest(200)) - 59afee6f-3342-47f6-8cd2-a67165187773@group-C790A911BCD5->fc430ad7-c10f-4afd-84a3-4263b60fc3a5-GrpcLogAppender: appendEntries Timeout, request=59afee6f-3342-47f6-8cd2-a67165187773->fc430ad7-c10f-4afd-84a3-4263b60fc3a5#157-t3, previous=(t:3, i:20), leaderCommit=16, initializing? false, entries: <empty>
2019-09-10 18:34:11,016 [java.util.concurrent.ThreadPoolExecutor$Worker@2130bf45[State = -1, empty queue]] WARN  server.GrpcLogAppender (GrpcLogAppender.java:timeoutAppendRequest(200)) - 59afee6f-3342-47f6-8cd2-a67165187773@group-C790A911BCD5->f9c92805-78f9-4aa2-ad11-0f5c06c060e3-GrpcLogAppender: appendEntries Timeout, request=59afee6f-3342-47f6-8cd2-a67165187773->f9c92805-78f9-4aa2-ad11-0f5c06c060e3#158-t3, previous=(t:3, i:20), leaderCommit=16, initializing? false, entries: <empty>
2019-09-10 18:34:11,016 [java.util.concurrent.ThreadPoolExecutor$Worker@781538ae[State = -1, empty queue]] WARN  server.GrpcLogAppender (GrpcLogAppender.java:timeoutAppendRequest(200)) - 59afee6f-3342-47f6-8cd2-a67165187773@group-C790A911BCD5->fc430ad7-c10f-4afd-84a3-4263b60fc3a5-GrpcLogAppender: appendEntries Timeout, request=59afee6f-3342-47f6-8cd2-a67165187773->fc430ad7-c10f-4afd-84a3-4263b60fc3a5#158-t3, previous=(t:3, i:20), leaderCommit=16, initializing? false, entries: <empty>
2019-09-10 18:34:11,516 [java.util.concurrent.ThreadPoolExecutor$Worker@781538ae[State = -1, empty queue]] WARN  server.GrpcLogAppender (GrpcLogAppender.java:timeoutAppendRequest(200)) - 59afee6f-3342-47f6-8cd2-a67165187773@group-C790A911BCD5->fc430ad7-c10f-4afd-84a3-4263b60fc3a5-GrpcLogAppender: appendEntries Timeout, request=59afee6f-3342-47f6-8cd2-a67165187773->fc430ad7-c10f-4afd-84a3-4263b60fc3a5#159-t3, previous=(t:3, i:20), leaderCommit=16, initializing? false, entries: <empty>
2019-09-10 18:34:11,516 [java.util.concurrent.ThreadPoolExecutor$Worker@2130bf45[State = -1, empty queue]] WARN  server.GrpcLogAppender (GrpcLogAppender.java:timeoutAppendRequest(200)) - 59afee6f-3342-47f6-8cd2-a67165187773@group-C790A911BCD5->f9c92805-78f9-4aa2-ad11-0f5c06c060e3-GrpcLogAppender: appendEntries Timeout, request=59afee6f-3342-47f6-8cd2-a67165187773->f9c92805-78f9-4aa2-ad11-0f5c06c060e3#159-t3, previous=(t:3, i:20), leaderCommit=16, initializing? false, entries: <empty>
2019-09-10 18:34:12,016 [java.util.concurrent.ThreadPoolExecutor$Worker@2130bf45[State = -1, empty queue]] WARN  server.GrpcLogAppender (GrpcLogAppender.java:timeoutAppendRequest(200)) - 59afee6f-3342-47f6-8cd2-a67165187773@group-C790A911BCD5->f9c92805-78f9-4aa2-ad11-0f5c06c060e3-GrpcLogAppender: appendEntries Timeout, request=59afee6f-3342-47f6-8cd2-a67165187773->f9c92805-78f9-4aa2-ad11-0f5c06c060e3#160-t3, previous=(t:3, i:20), leaderCommit=16, initializing? false, entries: <empty>
2019-09-10 18:34:12,016 [java.util.concurrent.ThreadPoolExecutor$Worker@781538ae[State = -1, empty queue]] WARN  server.GrpcLogAppender (GrpcLogAppender.java:timeoutAppendRequest(200)) - 59afee6f-3342-47f6-8cd2-a67165187773@group-C790A911BCD5->fc430ad7-c10f-4afd-84a3-4263b60fc3a5-GrpcLogAppender: appendEntries Timeout, request=59afee6f-3342-47f6-8cd2-a67165187773->fc430ad7-c10f-4afd-84a3-4263b60fc3a5#160-t3, previous=(t:3, i:20), leaderCommit=16, initializing? false, entries: <empty>
2019-09-10 18:34:12,517 [java.util.concurrent.ThreadPoolExecutor$Worker@781538ae[State = -1, empty queue]] WARN  server.GrpcLogAppender (GrpcLogAppender.java:timeoutAppendRequest(200)) - 59afee6f-3342-47f6-8cd2-a67165187773@group-C790A911BCD5->fc430ad7-c10f-4afd-84a3-4263b60fc3a5-GrpcLogAppender: appendEntries Timeout, request=59afee6f-3342-47f6-8cd2-a67165187773->fc430ad7-c10f-4afd-84a3-4263b60fc3a5#161-t3, previous=(t:3, i:20), leaderCommit=16, initializing? false, entries: <empty>
2019-09-10 18:34:12,517 [java.util.concurrent.ThreadPoolExecutor$Worker@2130bf45[State = -1, empty queue]] WARN  server.GrpcLogAppender (GrpcLogAppender.java:timeoutAppendRequest(200)) - 59afee6f-3342-47f6-8cd2-a67165187773@group-C790A911BCD5->f9c92805-78f9-4aa2-ad11-0f5c06c060e3-GrpcLogAppender: appendEntries Timeout, request=59afee6f-3342-47f6-8cd2-a67165187773->f9c92805-78f9-4aa2-ad11-0f5c06c060e3#161-t3, previous=(t:3, i:20), leaderCommit=16, initializing? false, entries: <empty>
2019-09-10 18:34:13,017 [java.util.concurrent.ThreadPoolExecutor$Worker@2130bf45[State = -1, empty queue]] WARN  server.GrpcLogAppender (GrpcLogAppender.java:timeoutAppendRequest(200)) - 59afee6f-3342-47f6-8cd2-a67165187773@group-C790A911BCD5->f9c92805-78f9-4aa2-ad11-0f5c06c060e3-GrpcLogAppender: appendEntries Timeout, request=59afee6f-3342-47f6-8cd2-a67165187773->f9c92805-78f9-4aa2-ad11-0f5c06c060e3#162-t3, previous=(t:3, i:20), leaderCommit=16, initializing? false, entries: <empty>
2019-09-10 18:34:13,017 [java.util.concurrent.ThreadPoolExecutor$Worker@781538ae[State = -1, empty queue]] WARN  server.GrpcLogAppender (GrpcLogAppender.java:timeoutAppendRequest(200)) - 59afee6f-3342-47f6-8cd2-a67165187773@group-C790A911BCD5->fc430ad7-c10f-4afd-84a3-4263b60fc3a5-GrpcLogAppender: appendEntries Timeout, request=59afee6f-3342-47f6-8cd2-a67165187773->fc430ad7-c10f-4afd-84a3-4263b60fc3a5#162-t3, previous=(t:3, i:20), leaderCommit=16, initializing? false, entries: <empty>
2019-09-10 18:34:13,198 [ForkJoinPool.commonPool-worker-1] INFO  ozoneimpl.OzoneContainer (OzoneContainer.java:stop(231)) - Attempting to stop container services.
2019-09-10 18:34:13,199 [ForkJoinPool.commonPool-worker-1] INFO  impl.RaftServerProxy (RaftServerProxy.java:lambda$close$4(314)) - f9c92805-78f9-4aa2-ad11-0f5c06c060e3: close
2019-09-10 18:34:13,199 [ForkJoinPool.commonPool-worker-1] INFO  impl.RaftServerImpl (RaftServerImpl.java:lambda$shutdown$3(251)) - f9c92805-78f9-4aa2-ad11-0f5c06c060e3@group-389E025C87D1: shutdown
2019-09-10 18:34:13,199 [ForkJoinPool.commonPool-worker-1] INFO  util.JmxRegister (JmxRegister.java:unregister(73)) - Successfully un-registered JMX Bean with object name Ratis:service=RaftServer,group=group-389E025C87D1,id=f9c92805-78f9-4aa2-ad11-0f5c06c060e3
2019-09-10 18:34:13,200 [ForkJoinPool.commonPool-worker-1] INFO  impl.RoleInfo (RoleInfo.java:shutdownLeaderState(104)) - f9c92805-78f9-4aa2-ad11-0f5c06c060e3: shutdown LeaderState
2019-09-10 18:34:13,200 [ForkJoinPool.commonPool-worker-1] INFO  impl.PendingRequests (PendingRequests.java:sendNotLeaderResponses(202)) - f9c92805-78f9-4aa2-ad11-0f5c06c060e3-PendingRequests: sendNotLeaderResponses
2019-09-10 18:34:13,201 [ForkJoinPool.commonPool-worker-1] INFO  impl.StateMachineUpdater (StateMachineUpdater.java:stopAndJoin(125)) - f9c92805-78f9-4aa2-ad11-0f5c06c060e3@group-389E025C87D1-StateMachineUpdater: set stopIndex = 0
2019-09-10 18:34:13,201 [ForkJoinPool.commonPool-worker-1] INFO  impl.RaftServerImpl (ServerState.java:close(385)) - f9c92805-78f9-4aa2-ad11-0f5c06c060e3@group-389E025C87D1: closes. applyIndex: 0
2019-09-10 18:34:13,202 [f9c92805-78f9-4aa2-ad11-0f5c06c060e3@group-389E025C87D1-SegmentedRaftLogWorker] INFO  segmented.SegmentedRaftLogWorker (SegmentedRaftLogWorker.java:run(313)) - f9c92805-78f9-4aa2-ad11-0f5c06c060e3@group-389E025C87D1-SegmentedRaftLogWorker was interrupted, exiting. There are 0 tasks remaining in the queue.
2019-09-10 18:34:13,202 [ForkJoinPool.commonPool-worker-1] INFO  segmented.SegmentedRaftLogWorker (SegmentedRaftLogWorker.java:close(228)) - f9c92805-78f9-4aa2-ad11-0f5c06c060e3@group-389E025C87D1-SegmentedRaftLogWorker close()
2019-09-10 18:34:13,206 [ForkJoinPool.commonPool-worker-1] INFO  impl.RaftServerImpl (RaftServerImpl.java:lambda$shutdown$3(251)) - f9c92805-78f9-4aa2-ad11-0f5c06c060e3@group-C790A911BCD5: shutdown
2019-09-10 18:34:13,206 [ForkJoinPool.commonPool-worker-1] INFO  util.JmxRegister (JmxRegister.java:unregister(73)) - Successfully un-registered JMX Bean with object name Ratis:service=RaftServer,group=group-C790A911BCD5,id=f9c92805-78f9-4aa2-ad11-0f5c06c060e3
2019-09-10 18:34:13,206 [ForkJoinPool.commonPool-worker-1] INFO  impl.RoleInfo (RoleInfo.java:shutdownFollowerState(121)) - f9c92805-78f9-4aa2-ad11-0f5c06c060e3: shutdown FollowerState
2019-09-10 18:34:13,207 [ForkJoinPool.commonPool-worker-1] INFO  impl.StateMachineUpdater (StateMachineUpdater.java:stopAndJoin(125)) - f9c92805-78f9-4aa2-ad11-0f5c06c060e3@group-C790A911BCD5-StateMachineUpdater: set stopIndex = 16
2019-09-10 18:34:13,207 [Thread-516] INFO  impl.FollowerState (FollowerState.java:run(115)) - f9c92805-78f9-4aa2-ad11-0f5c06c060e3: FollowerState was interrupted: java.lang.InterruptedException: sleep interrupted
2019-09-10 18:34:13,207 [f9c92805-78f9-4aa2-ad11-0f5c06c060e3@group-C790A911BCD5-StateMachineUpdater] INFO  ratis.ContainerStateMachine (ContainerStateMachine.java:takeSnapshot(289)) - group-C790A911BCD5: Taking a snapshot at:(t:3, i:12) file /workdir/hadoop-ozone/integration-test/target/test-dir/MiniOzoneClusterImpl-34bd394c-9e3d-49fb-9b5f-f4de544d8d6b/datanode-4/data/ratis/fde91d5f-f83b-424e-970c-c790a911bcd5/sm/snapshot.3_12
2019-09-10 18:34:13,227 [f9c92805-78f9-4aa2-ad11-0f5c06c060e3@group-C790A911BCD5-StateMachineUpdater] INFO  ratis.ContainerStateMachine (ContainerStateMachine.java:takeSnapshot(300)) - group-C790A911BCD5: Finished taking a snapshot at:(t:3, i:12) file:/workdir/hadoop-ozone/integration-test/target/test-dir/MiniOzoneClusterImpl-34bd394c-9e3d-49fb-9b5f-f4de544d8d6b/datanode-4/data/ratis/fde91d5f-f83b-424e-970c-c790a911bcd5/sm/snapshot.3_12 time:20
2019-09-10 18:34:13,227 [f9c92805-78f9-4aa2-ad11-0f5c06c060e3@group-C790A911BCD5-StateMachineUpdater] INFO  impl.StateMachineUpdater (StateMachineUpdater.java:takeSnapshot(258)) - f9c92805-78f9-4aa2-ad11-0f5c06c060e3@group-C790A911BCD5-StateMachineUpdater: Took a snapshot at index 12
2019-09-10 18:34:13,227 [f9c92805-78f9-4aa2-ad11-0f5c06c060e3@group-C790A911BCD5-StateMachineUpdater] INFO  impl.StateMachineUpdater (StateMachineUpdater.java:lambda$new$0(83)) - f9c92805-78f9-4aa2-ad11-0f5c06c060e3@group-C790A911BCD5-StateMachineUpdater: snapshotIndex: updateIncreasingly -1 -> 12
2019-09-10 18:34:13,228 [f9c92805-78f9-4aa2-ad11-0f5c06c060e3@group-C790A911BCD5-StateMachineUpdater] INFO  ratis.ContainerStateMachine (ContainerStateMachine.java:takeSnapshot(289)) - group-C790A911BCD5: Taking a snapshot at:(t:3, i:12) file /workdir/hadoop-ozone/integration-test/target/test-dir/MiniOzoneClusterImpl-34bd394c-9e3d-49fb-9b5f-f4de544d8d6b/datanode-4/data/ratis/fde91d5f-f83b-424e-970c-c790a911bcd5/sm/snapshot.3_12
2019-09-10 18:34:13,250 [f9c92805-78f9-4aa2-ad11-0f5c06c060e3@group-C790A911BCD5-StateMachineUpdater] INFO  ratis.ContainerStateMachine (ContainerStateMachine.java:takeSnapshot(300)) - group-C790A911BCD5: Finished taking a snapshot at:(t:3, i:12) file:/workdir/hadoop-ozone/integration-test/target/test-dir/MiniOzoneClusterImpl-34bd394c-9e3d-49fb-9b5f-f4de544d8d6b/datanode-4/data/ratis/fde91d5f-f83b-424e-970c-c790a911bcd5/sm/snapshot.3_12 time:22
2019-09-10 18:34:13,251 [f9c92805-78f9-4aa2-ad11-0f5c06c060e3@group-C790A911BCD5-StateMachineUpdater] INFO  impl.StateMachineUpdater (StateMachineUpdater.java:takeSnapshot(258)) - f9c92805-78f9-4aa2-ad11-0f5c06c060e3@group-C790A911BCD5-StateMachineUpdater: Took a snapshot at index 12
2019-09-10 18:34:13,251 [f9c92805-78f9-4aa2-ad11-0f5c06c060e3@group-C790A911BCD5-StateMachineUpdater] INFO  impl.StateMachineUpdater (StateMachineUpdater.java:lambda$new$0(83)) - f9c92805-78f9-4aa2-ad11-0f5c06c060e3@group-C790A911BCD5-StateMachineUpdater: snapshotIndex: updateIncreasingly 12 -> 12
2019-09-10 18:34:13,251 [ForkJoinPool.commonPool-worker-1] INFO  impl.RaftServerImpl (ServerState.java:close(385)) - f9c92805-78f9-4aa2-ad11-0f5c06c060e3@group-C790A911BCD5: closes. applyIndex: 16
2019-09-10 18:34:13,255 [f9c92805-78f9-4aa2-ad11-0f5c06c060e3@group-C790A911BCD5-SegmentedRaftLogWorker] ERROR ratis.XceiverServerRatis (XceiverServerRatis.java:triggerPipelineClose(575)) - pipeline Action CLOSE  on pipeline PipelineID=fde91d5f-f83b-424e-970c-c790a911bcd5.Reason : WriteLog:19: (t:3, i:19), STATEMACHINELOGENTRY, client-B2117E40EB7F, cid=40-writeStateMachineData interrupted.
2019-09-10 18:34:13,266 [ForkJoinPool.commonPool-worker-1] INFO  segmented.SegmentedRaftLogWorker (SegmentedRaftLogWorker.java:close(228)) - f9c92805-78f9-4aa2-ad11-0f5c06c060e3@group-C790A911BCD5-SegmentedRaftLogWorker close()
2019-09-10 18:34:13,268 [ForkJoinPool.commonPool-worker-1] INFO  server.GrpcService (GrpcService.java:closeImpl(164)) - f9c92805-78f9-4aa2-ad11-0f5c06c060e3: shutdown server with port 43690 now
2019-09-10 18:34:13,269 [grpc-default-executor-3] WARN  server.GrpcServerProtocolService (LogUtils.java:warn(134)) - f9c92805-78f9-4aa2-ad11-0f5c06c060e3: installSnapshot onError, lastRequest: 59afee6f-3342-47f6-8cd2-a67165187773->f9c92805-78f9-4aa2-ad11-0f5c06c060e3#168-t3, previous=(t:3, i:20), leaderCommit=16, initializing? false, entries: <empty>: org.apache.ratis.thirdparty.io.grpc.StatusRuntimeException: CANCELLED: cancelled before receiving half close
2019-09-10 18:34:13,269 [ForkJoinPool.commonPool-worker-1] INFO  server.GrpcService (GrpcService.java:closeImpl(172)) - f9c92805-78f9-4aa2-ad11-0f5c06c060e3: shutdown server with port 43690 successfully
2019-09-10 18:34:13,279 [grpc-default-executor-3] WARN  server.GrpcLogAppender (LogUtils.java:warn(134)) - 59afee6f-3342-47f6-8cd2-a67165187773@group-C790A911BCD5->f9c92805-78f9-4aa2-ad11-0f5c06c060e3-AppendLogResponseHandler: Failed appendEntries: org.apache.ratis.thirdparty.io.grpc.StatusRuntimeException: CANCELLED: HTTP/2 error code: CANCEL
Received Rst Stream
2019-09-10 18:34:13,280 [grpc-default-executor-3] INFO  impl.FollowerInfo (FollowerInfo.java:lambda$new$0(51)) - 59afee6f-3342-47f6-8cd2-a67165187773@group-C790A911BCD5->f9c92805-78f9-4aa2-ad11-0f5c06c060e3: nextIndex: updateUnconditionally 21 -> 17
2019-09-10 18:34:13,280 [refreshUsed-/workdir/hadoop-ozone/integration-test/target/test-dir/MiniOzoneClusterImpl-34bd394c-9e3d-49fb-9b5f-f4de544d8d6b/datanode-4/data/containers] WARN  fs.CachingGetSpaceUsed (CachingGetSpaceUsed.java:run(183)) - Thread Interrupted waiting to refresh disk information: sleep interrupted
2019-09-10 18:34:13,301 [ForkJoinPool.commonPool-worker-1] INFO  utils.BackgroundService (BackgroundService.java:shutdown(148)) - Shutting down service BlockDeletingService
2019-09-10 18:34:13,305 [ForkJoinPool.commonPool-worker-1] INFO  statemachine.DatanodeStateMachine (DatanodeStateMachine.java:stopDaemon(395)) - Ozone container server stopped.
2019-09-10 18:34:13,311 [ForkJoinPool.commonPool-worker-1] INFO  handler.ContextHandler (ContextHandler.java:doStop(910)) - Stopped o.e.j.w.WebAppContext@4dba773d{/,null,UNAVAILABLE}{/hddsDatanode}
2019-09-10 18:34:13,312 [ForkJoinPool.commonPool-worker-1] INFO  server.AbstractConnector (AbstractConnector.java:doStop(318)) - Stopped ServerConnector@1d9bd4da{HTTP/1.1,[http/1.1]}{0.0.0.0:0}
2019-09-10 18:34:13,314 [ForkJoinPool.commonPool-worker-1] INFO  handler.ContextHandler (ContextHandler.java:doStop(910)) - Stopped o.e.j.s.ServletContextHandler@1cc680e{/static,jar:file:/home/user/.m2/repository/org/apache/hadoop/hadoop-hdds-container-service/0.5.0-SNAPSHOT/hadoop-hdds-container-service-0.5.0-SNAPSHOT.jar!/webapps/static,UNAVAILABLE}
2019-09-10 18:34:13,315 [ForkJoinPool.commonPool-worker-1] INFO  handler.ContextHandler (ContextHandler.java:doStop(910)) - Stopped o.e.j.s.ServletContextHandler@22eaa86e{/logs,file:///workdir/hadoop-ozone/integration-test/target/log,UNAVAILABLE}
2019-09-10 18:34:13,410 [main] INFO  ozoneimpl.OzoneContainer (OzoneContainer.java:stop(231)) - Attempting to stop container services.
2019-09-10 18:34:13,411 [main] INFO  impl.RaftServerProxy (RaftServerProxy.java:lambda$close$4(314)) - fc430ad7-c10f-4afd-84a3-4263b60fc3a5: close
2019-09-10 18:34:13,411 [main] INFO  impl.RaftServerImpl (RaftServerImpl.java:lambda$shutdown$3(251)) - fc430ad7-c10f-4afd-84a3-4263b60fc3a5@group-42EBC7B4679C: shutdown
2019-09-10 18:34:13,412 [main] INFO  util.JmxRegister (JmxRegister.java:unregister(73)) - Successfully un-registered JMX Bean with object name Ratis:service=RaftServer,group=group-42EBC7B4679C,id=fc430ad7-c10f-4afd-84a3-4263b60fc3a5
2019-09-10 18:34:13,412 [main] INFO  impl.RoleInfo (RoleInfo.java:shutdownLeaderState(104)) - fc430ad7-c10f-4afd-84a3-4263b60fc3a5: shutdown LeaderState
2019-09-10 18:34:13,413 [main] INFO  impl.PendingRequests (PendingRequests.java:sendNotLeaderResponses(202)) - fc430ad7-c10f-4afd-84a3-4263b60fc3a5-PendingRequests: sendNotLeaderResponses
2019-09-10 18:34:13,413 [main] INFO  impl.StateMachineUpdater (StateMachineUpdater.java:stopAndJoin(125)) - fc430ad7-c10f-4afd-84a3-4263b60fc3a5@group-42EBC7B4679C-StateMachineUpdater: set stopIndex = 0
2019-09-10 18:34:13,414 [main] INFO  impl.RaftServerImpl (ServerState.java:close(385)) - fc430ad7-c10f-4afd-84a3-4263b60fc3a5@group-42EBC7B4679C: closes. applyIndex: 0
2019-09-10 18:34:13,414 [fc430ad7-c10f-4afd-84a3-4263b60fc3a5@group-42EBC7B4679C-SegmentedRaftLogWorker] INFO  segmented.SegmentedRaftLogWorker (SegmentedRaftLogWorker.java:run(313)) - fc430ad7-c10f-4afd-84a3-4263b60fc3a5@group-42EBC7B4679C-SegmentedRaftLogWorker was interrupted, exiting. There are 0 tasks remaining in the queue.
2019-09-10 18:34:13,415 [main] INFO  segmented.SegmentedRaftLogWorker (SegmentedRaftLogWorker.java:close(228)) - fc430ad7-c10f-4afd-84a3-4263b60fc3a5@group-42EBC7B4679C-SegmentedRaftLogWorker close()
2019-09-10 18:34:13,417 [main] INFO  impl.RaftServerImpl (RaftServerImpl.java:lambda$shutdown$3(251)) - fc430ad7-c10f-4afd-84a3-4263b60fc3a5@group-C790A911BCD5: shutdown
2019-09-10 18:34:13,418 [main] INFO  util.JmxRegister (JmxRegister.java:unregister(73)) - Successfully un-registered JMX Bean with object name Ratis:service=RaftServer,group=group-C790A911BCD5,id=fc430ad7-c10f-4afd-84a3-4263b60fc3a5
2019-09-10 18:34:13,418 [main] INFO  impl.RoleInfo (RoleInfo.java:shutdownFollowerState(121)) - fc430ad7-c10f-4afd-84a3-4263b60fc3a5: shutdown FollowerState
2019-09-10 18:34:13,422 [main] INFO  impl.StateMachineUpdater (StateMachineUpdater.java:stopAndJoin(125)) - fc430ad7-c10f-4afd-84a3-4263b60fc3a5@group-C790A911BCD5-StateMachineUpdater: set stopIndex = 16
2019-09-10 18:34:13,422 [fc430ad7-c10f-4afd-84a3-4263b60fc3a5@group-C790A911BCD5-StateMachineUpdater] INFO  ratis.ContainerStateMachine (ContainerStateMachine.java:takeSnapshot(289)) - group-C790A911BCD5: Taking a snapshot at:(t:3, i:12) file /workdir/hadoop-ozone/integration-test/target/test-dir/MiniOzoneClusterImpl-34bd394c-9e3d-49fb-9b5f-f4de544d8d6b/datanode-9/data/ratis/fde91d5f-f83b-424e-970c-c790a911bcd5/sm/snapshot.3_12
2019-09-10 18:34:13,422 [Thread-521] INFO  impl.FollowerState (FollowerState.java:run(115)) - fc430ad7-c10f-4afd-84a3-4263b60fc3a5: FollowerState was interrupted: java.lang.InterruptedException: sleep interrupted
2019-09-10 18:34:13,445 [fc430ad7-c10f-4afd-84a3-4263b60fc3a5@group-C790A911BCD5-StateMachineUpdater] INFO  ratis.ContainerStateMachine (ContainerStateMachine.java:takeSnapshot(300)) - group-C790A911BCD5: Finished taking a snapshot at:(t:3, i:12) file:/workdir/hadoop-ozone/integration-test/target/test-dir/MiniOzoneClusterImpl-34bd394c-9e3d-49fb-9b5f-f4de544d8d6b/datanode-9/data/ratis/fde91d5f-f83b-424e-970c-c790a911bcd5/sm/snapshot.3_12 time:23
2019-09-10 18:34:13,446 [fc430ad7-c10f-4afd-84a3-4263b60fc3a5@group-C790A911BCD5-StateMachineUpdater] INFO  impl.StateMachineUpdater (StateMachineUpdater.java:takeSnapshot(258)) - fc430ad7-c10f-4afd-84a3-4263b60fc3a5@group-C790A911BCD5-StateMachineUpdater: Took a snapshot at index 12
2019-09-10 18:34:13,446 [fc430ad7-c10f-4afd-84a3-4263b60fc3a5@group-C790A911BCD5-StateMachineUpdater] INFO  impl.StateMachineUpdater (StateMachineUpdater.java:lambda$new$0(83)) - fc430ad7-c10f-4afd-84a3-4263b60fc3a5@group-C790A911BCD5-StateMachineUpdater: snapshotIndex: updateIncreasingly -1 -> 12
2019-09-10 18:34:13,446 [fc430ad7-c10f-4afd-84a3-4263b60fc3a5@group-C790A911BCD5-StateMachineUpdater] INFO  ratis.ContainerStateMachine (ContainerStateMachine.java:takeSnapshot(289)) - group-C790A911BCD5: Taking a snapshot at:(t:3, i:12) file /workdir/hadoop-ozone/integration-test/target/test-dir/MiniOzoneClusterImpl-34bd394c-9e3d-49fb-9b5f-f4de544d8d6b/datanode-9/data/ratis/fde91d5f-f83b-424e-970c-c790a911bcd5/sm/snapshot.3_12
2019-09-10 18:34:13,463 [fc430ad7-c10f-4afd-84a3-4263b60fc3a5@group-C790A911BCD5-StateMachineUpdater] INFO  ratis.ContainerStateMachine (ContainerStateMachine.java:takeSnapshot(300)) - group-C790A911BCD5: Finished taking a snapshot at:(t:3, i:12) file:/workdir/hadoop-ozone/integration-test/target/test-dir/MiniOzoneClusterImpl-34bd394c-9e3d-49fb-9b5f-f4de544d8d6b/datanode-9/data/ratis/fde91d5f-f83b-424e-970c-c790a911bcd5/sm/snapshot.3_12 time:17
2019-09-10 18:34:13,464 [fc430ad7-c10f-4afd-84a3-4263b60fc3a5@group-C790A911BCD5-StateMachineUpdater] INFO  impl.StateMachineUpdater (StateMachineUpdater.java:takeSnapshot(258)) - fc430ad7-c10f-4afd-84a3-4263b60fc3a5@group-C790A911BCD5-StateMachineUpdater: Took a snapshot at index 12
2019-09-10 18:34:13,464 [fc430ad7-c10f-4afd-84a3-4263b60fc3a5@group-C790A911BCD5-StateMachineUpdater] INFO  impl.StateMachineUpdater (StateMachineUpdater.java:lambda$new$0(83)) - fc430ad7-c10f-4afd-84a3-4263b60fc3a5@group-C790A911BCD5-StateMachineUpdater: snapshotIndex: updateIncreasingly 12 -> 12
2019-09-10 18:34:13,464 [main] INFO  impl.RaftServerImpl (ServerState.java:close(385)) - fc430ad7-c10f-4afd-84a3-4263b60fc3a5@group-C790A911BCD5: closes. applyIndex: 16
2019-09-10 18:34:13,467 [fc430ad7-c10f-4afd-84a3-4263b60fc3a5@group-C790A911BCD5-SegmentedRaftLogWorker] ERROR ratis.XceiverServerRatis (XceiverServerRatis.java:triggerPipelineClose(575)) - pipeline Action CLOSE  on pipeline PipelineID=fde91d5f-f83b-424e-970c-c790a911bcd5.Reason : WriteLog:17: (t:3, i:17), STATEMACHINELOGENTRY, client-B2117E40EB7F, cid=38-writeStateMachineData interrupted.
2019-09-10 18:34:13,468 [main] INFO  segmented.SegmentedRaftLogWorker (SegmentedRaftLogWorker.java:close(228)) - fc430ad7-c10f-4afd-84a3-4263b60fc3a5@group-C790A911BCD5-SegmentedRaftLogWorker close()
2019-09-10 18:34:13,473 [main] INFO  server.GrpcService (GrpcService.java:closeImpl(164)) - fc430ad7-c10f-4afd-84a3-4263b60fc3a5: shutdown server with port 34501 now
2019-09-10 18:34:13,475 [grpc-default-executor-4] WARN  server.GrpcServerProtocolService (LogUtils.java:warn(134)) - fc430ad7-c10f-4afd-84a3-4263b60fc3a5: installSnapshot onError, lastRequest: 59afee6f-3342-47f6-8cd2-a67165187773->fc430ad7-c10f-4afd-84a3-4263b60fc3a5#168-t3, previous=(t:3, i:20), leaderCommit=16, initializing? false, entries: <empty>: org.apache.ratis.thirdparty.io.grpc.StatusRuntimeException: CANCELLED: cancelled before receiving half close
2019-09-10 18:34:13,475 [grpc-default-executor-1] WARN  server.GrpcLogAppender (LogUtils.java:warn(134)) - 59afee6f-3342-47f6-8cd2-a67165187773@group-C790A911BCD5->fc430ad7-c10f-4afd-84a3-4263b60fc3a5-AppendLogResponseHandler: Failed appendEntries: org.apache.ratis.thirdparty.io.grpc.StatusRuntimeException: CANCELLED: HTTP/2 error code: CANCEL
Received Rst Stream
2019-09-10 18:34:13,475 [main] INFO  server.GrpcService (GrpcService.java:closeImpl(172)) - fc430ad7-c10f-4afd-84a3-4263b60fc3a5: shutdown server with port 34501 successfully
2019-09-10 18:34:13,476 [grpc-default-executor-1] INFO  impl.FollowerInfo (FollowerInfo.java:lambda$new$0(51)) - 59afee6f-3342-47f6-8cd2-a67165187773@group-C790A911BCD5->fc430ad7-c10f-4afd-84a3-4263b60fc3a5: nextIndex: updateUnconditionally 21 -> 17
2019-09-10 18:34:13,480 [refreshUsed-/workdir/hadoop-ozone/integration-test/target/test-dir/MiniOzoneClusterImpl-34bd394c-9e3d-49fb-9b5f-f4de544d8d6b/datanode-9/data/containers] WARN  fs.CachingGetSpaceUsed (CachingGetSpaceUsed.java:run(183)) - Thread Interrupted waiting to refresh disk information: sleep interrupted
2019-09-10 18:34:13,501 [main] INFO  utils.BackgroundService (BackgroundService.java:shutdown(148)) - Shutting down service BlockDeletingService
2019-09-10 18:34:13,506 [main] INFO  statemachine.DatanodeStateMachine (DatanodeStateMachine.java:stopDaemon(395)) - Ozone container server stopped.
2019-09-10 18:34:13,507 [main] INFO  handler.ContextHandler (ContextHandler.java:doStop(910)) - Stopped o.e.j.w.WebAppContext@3c98781a{/,null,UNAVAILABLE}{/hddsDatanode}
2019-09-10 18:34:13,508 [main] INFO  server.AbstractConnector (AbstractConnector.java:doStop(318)) - Stopped ServerConnector@3f736a16{HTTP/1.1,[http/1.1]}{0.0.0.0:0}
2019-09-10 18:34:13,508 [main] INFO  handler.ContextHandler (ContextHandler.java:doStop(910)) - Stopped o.e.j.s.ServletContextHandler@435cc7f9{/static,jar:file:/home/user/.m2/repository/org/apache/hadoop/hadoop-hdds-container-service/0.5.0-SNAPSHOT/hadoop-hdds-container-service-0.5.0-SNAPSHOT.jar!/webapps/static,UNAVAILABLE}
2019-09-10 18:34:13,508 [main] INFO  handler.ContextHandler (ContextHandler.java:doStop(910)) - Stopped o.e.j.s.ServletContextHandler@136965e3{/logs,file:///workdir/hadoop-ozone/integration-test/target/log,UNAVAILABLE}
2019-09-10 18:34:13,521 [grpc-default-executor-1] WARN  server.GrpcLogAppender (LogUtils.java:warn(134)) - 59afee6f-3342-47f6-8cd2-a67165187773@group-C790A911BCD5->f9c92805-78f9-4aa2-ad11-0f5c06c060e3-AppendLogResponseHandler: Failed appendEntries: org.apache.ratis.thirdparty.io.grpc.StatusRuntimeException: UNAVAILABLE: io exception
2019-09-10 18:34:13,521 [grpc-default-executor-0] WARN  server.GrpcLogAppender (LogUtils.java:warn(134)) - 59afee6f-3342-47f6-8cd2-a67165187773@group-C790A911BCD5->fc430ad7-c10f-4afd-84a3-4263b60fc3a5-AppendLogResponseHandler: Failed appendEntries: org.apache.ratis.thirdparty.io.grpc.StatusRuntimeException: UNAVAILABLE: io exception
2019-09-10 18:34:13,522 [grpc-default-executor-1] INFO  impl.FollowerInfo (FollowerInfo.java:lambda$new$0(51)) - 59afee6f-3342-47f6-8cd2-a67165187773@group-C790A911BCD5->f9c92805-78f9-4aa2-ad11-0f5c06c060e3: nextIndex: updateUnconditionally 17 -> 16
2019-09-10 18:34:13,522 [grpc-default-executor-0] INFO  impl.FollowerInfo (FollowerInfo.java:lambda$new$0(51)) - 59afee6f-3342-47f6-8cd2-a67165187773@group-C790A911BCD5->fc430ad7-c10f-4afd-84a3-4263b60fc3a5: nextIndex: updateUnconditionally 17 -> 16
2019-09-10 18:34:14,022 [grpc-default-executor-3] WARN  server.GrpcLogAppender (LogUtils.java:warn(134)) - 59afee6f-3342-47f6-8cd2-a67165187773@group-C790A911BCD5->fc430ad7-c10f-4afd-84a3-4263b60fc3a5-AppendLogResponseHandler: Failed appendEntries: org.apache.ratis.thirdparty.io.grpc.StatusRuntimeException: UNAVAILABLE: io exception
2019-09-10 18:34:14,023 [grpc-default-executor-3] INFO  impl.FollowerInfo (FollowerInfo.java:lambda$new$0(51)) - 59afee6f-3342-47f6-8cd2-a67165187773@group-C790A911BCD5->fc430ad7-c10f-4afd-84a3-4263b60fc3a5: nextIndex: updateUnconditionally 16 -> 15
2019-09-10 18:34:14,023 [grpc-default-executor-4] WARN  server.GrpcLogAppender (LogUtils.java:warn(134)) - 59afee6f-3342-47f6-8cd2-a67165187773@group-C790A911BCD5->f9c92805-78f9-4aa2-ad11-0f5c06c060e3-AppendLogResponseHandler: Failed appendEntries: org.apache.ratis.thirdparty.io.grpc.StatusRuntimeException: UNAVAILABLE: io exception
2019-09-10 18:34:14,024 [grpc-default-executor-4] INFO  impl.FollowerInfo (FollowerInfo.java:lambda$new$0(51)) - 59afee6f-3342-47f6-8cd2-a67165187773@group-C790A911BCD5->f9c92805-78f9-4aa2-ad11-0f5c06c060e3: nextIndex: updateUnconditionally 16 -> 15
2019-09-10 18:34:14,051 [Datanode State Machine Thread - 0] INFO  statemachine.DatanodeStateMachine (DatanodeStateMachine.java:lambda$startDaemon$0(350)) - Ozone container server started.
2019-09-10 18:34:14,524 [grpc-default-executor-3] WARN  server.GrpcLogAppender (LogUtils.java:warn(134)) - 59afee6f-3342-47f6-8cd2-a67165187773@group-C790A911BCD5->fc430ad7-c10f-4afd-84a3-4263b60fc3a5-AppendLogResponseHandler: Failed appendEntries: org.apache.ratis.thirdparty.io.grpc.StatusRuntimeException: UNAVAILABLE: io exception
2019-09-10 18:34:14,524 [grpc-default-executor-5] WARN  server.GrpcLogAppender (LogUtils.java:warn(134)) - 59afee6f-3342-47f6-8cd2-a67165187773@group-C790A911BCD5->f9c92805-78f9-4aa2-ad11-0f5c06c060e3-AppendLogResponseHandler: Failed appendEntries: org.apache.ratis.thirdparty.io.grpc.StatusRuntimeException: UNAVAILABLE: io exception
2019-09-10 18:34:14,524 [grpc-default-executor-3] INFO  impl.FollowerInfo (FollowerInfo.java:lambda$new$0(51)) - 59afee6f-3342-47f6-8cd2-a67165187773@group-C790A911BCD5->fc430ad7-c10f-4afd-84a3-4263b60fc3a5: nextIndex: updateUnconditionally 15 -> 14
2019-09-10 18:34:14,525 [grpc-default-executor-5] INFO  impl.FollowerInfo (FollowerInfo.java:lambda$new$0(51)) - 59afee6f-3342-47f6-8cd2-a67165187773@group-C790A911BCD5->f9c92805-78f9-4aa2-ad11-0f5c06c060e3: nextIndex: updateUnconditionally 15 -> 14
2019-09-10 18:34:15,024 [grpc-default-executor-3] WARN  server.GrpcLogAppender (LogUtils.java:warn(134)) - 59afee6f-3342-47f6-8cd2-a67165187773@group-C790A911BCD5->f9c92805-78f9-4aa2-ad11-0f5c06c060e3-AppendLogResponseHandler: Failed appendEntries: org.apache.ratis.thirdparty.io.grpc.StatusRuntimeException: UNAVAILABLE: io exception
2019-09-10 18:34:15,024 [grpc-default-executor-4] WARN  server.GrpcLogAppender (LogUtils.java:warn(134)) - 59afee6f-3342-47f6-8cd2-a67165187773@group-C790A911BCD5->fc430ad7-c10f-4afd-84a3-4263b60fc3a5-AppendLogResponseHandler: Failed appendEntries: org.apache.ratis.thirdparty.io.grpc.StatusRuntimeException: UNAVAILABLE: io exception
2019-09-10 18:34:15,024 [grpc-default-executor-3] INFO  impl.FollowerInfo (FollowerInfo.java:lambda$new$0(51)) - 59afee6f-3342-47f6-8cd2-a67165187773@group-C790A911BCD5->f9c92805-78f9-4aa2-ad11-0f5c06c060e3: nextIndex: updateUnconditionally 14 -> 13
2019-09-10 18:34:15,024 [grpc-default-executor-4] INFO  impl.FollowerInfo (FollowerInfo.java:lambda$new$0(51)) - 59afee6f-3342-47f6-8cd2-a67165187773@group-C790A911BCD5->fc430ad7-c10f-4afd-84a3-4263b60fc3a5: nextIndex: updateUnconditionally 14 -> 13
2019-09-10 18:34:15,525 [grpc-default-executor-3] WARN  server.GrpcLogAppender (LogUtils.java:warn(134)) - 59afee6f-3342-47f6-8cd2-a67165187773@group-C790A911BCD5->f9c92805-78f9-4aa2-ad11-0f5c06c060e3-AppendLogResponseHandler: Failed appendEntries: org.apache.ratis.thirdparty.io.grpc.StatusRuntimeException: UNAVAILABLE: io exception
2019-09-10 18:34:15,525 [grpc-default-executor-5] WARN  server.GrpcLogAppender (LogUtils.java:warn(134)) - 59afee6f-3342-47f6-8cd2-a67165187773@group-C790A911BCD5->fc430ad7-c10f-4afd-84a3-4263b60fc3a5-AppendLogResponseHandler: Failed appendEntries: org.apache.ratis.thirdparty.io.grpc.StatusRuntimeException: UNAVAILABLE: io exception
2019-09-10 18:34:15,526 [grpc-default-executor-3] INFO  impl.FollowerInfo (FollowerInfo.java:lambda$new$0(51)) - 59afee6f-3342-47f6-8cd2-a67165187773@group-C790A911BCD5->f9c92805-78f9-4aa2-ad11-0f5c06c060e3: nextIndex: updateUnconditionally 13 -> 12
2019-09-10 18:34:15,526 [grpc-default-executor-5] INFO  impl.FollowerInfo (FollowerInfo.java:lambda$new$0(51)) - 59afee6f-3342-47f6-8cd2-a67165187773@group-C790A911BCD5->fc430ad7-c10f-4afd-84a3-4263b60fc3a5: nextIndex: updateUnconditionally 13 -> 12
2019-09-10 18:34:16,029 [grpc-default-executor-1] WARN  server.GrpcLogAppender (LogUtils.java:warn(134)) - 59afee6f-3342-47f6-8cd2-a67165187773@group-C790A911BCD5->f9c92805-78f9-4aa2-ad11-0f5c06c060e3-AppendLogResponseHandler: Failed appendEntries: org.apache.ratis.thirdparty.io.grpc.StatusRuntimeException: UNAVAILABLE: io exception
2019-09-10 18:34:16,029 [grpc-default-executor-7] WARN  server.GrpcLogAppender (LogUtils.java:warn(134)) - 59afee6f-3342-47f6-8cd2-a67165187773@group-C790A911BCD5->fc430ad7-c10f-4afd-84a3-4263b60fc3a5-AppendLogResponseHandler: Failed appendEntries: org.apache.ratis.thirdparty.io.grpc.StatusRuntimeException: UNAVAILABLE: io exception
2019-09-10 18:34:16,029 [grpc-default-executor-1] INFO  impl.FollowerInfo (FollowerInfo.java:lambda$new$0(51)) - 59afee6f-3342-47f6-8cd2-a67165187773@group-C790A911BCD5->f9c92805-78f9-4aa2-ad11-0f5c06c060e3: nextIndex: updateUnconditionally 12 -> 11
2019-09-10 18:34:16,030 [grpc-default-executor-7] INFO  impl.FollowerInfo (FollowerInfo.java:lambda$new$0(51)) - 59afee6f-3342-47f6-8cd2-a67165187773@group-C790A911BCD5->fc430ad7-c10f-4afd-84a3-4263b60fc3a5: nextIndex: updateUnconditionally 12 -> 11
2019-09-10 18:34:16,530 [grpc-default-executor-4] WARN  server.GrpcLogAppender (LogUtils.java:warn(134)) - 59afee6f-3342-47f6-8cd2-a67165187773@group-C790A911BCD5->f9c92805-78f9-4aa2-ad11-0f5c06c060e3-AppendLogResponseHandler: Failed appendEntries: org.apache.ratis.thirdparty.io.grpc.StatusRuntimeException: UNAVAILABLE: io exception
2019-09-10 18:34:16,530 [grpc-default-executor-3] WARN  server.GrpcLogAppender (LogUtils.java:warn(134)) - 59afee6f-3342-47f6-8cd2-a67165187773@group-C790A911BCD5->fc430ad7-c10f-4afd-84a3-4263b60fc3a5-AppendLogResponseHandler: Failed appendEntries: org.apache.ratis.thirdparty.io.grpc.StatusRuntimeException: UNAVAILABLE: io exception
2019-09-10 18:34:16,531 [grpc-default-executor-4] INFO  impl.FollowerInfo (FollowerInfo.java:lambda$new$0(51)) - 59afee6f-3342-47f6-8cd2-a67165187773@group-C790A911BCD5->f9c92805-78f9-4aa2-ad11-0f5c06c060e3: nextIndex: updateUnconditionally 11 -> 10
2019-09-10 18:34:16,531 [grpc-default-executor-3] INFO  impl.FollowerInfo (FollowerInfo.java:lambda$new$0(51)) - 59afee6f-3342-47f6-8cd2-a67165187773@group-C790A911BCD5->fc430ad7-c10f-4afd-84a3-4263b60fc3a5: nextIndex: updateUnconditionally 11 -> 10
2019-09-10 18:34:17,030 [grpc-default-executor-4] WARN  server.GrpcLogAppender (LogUtils.java:warn(134)) - 59afee6f-3342-47f6-8cd2-a67165187773@group-C790A911BCD5->fc430ad7-c10f-4afd-84a3-4263b60fc3a5-AppendLogResponseHandler: Failed appendEntries: org.apache.ratis.thirdparty.io.grpc.StatusRuntimeException: UNAVAILABLE: io exception
2019-09-10 18:34:17,030 [grpc-default-executor-3] WARN  server.GrpcLogAppender (LogUtils.java:warn(134)) - 59afee6f-3342-47f6-8cd2-a67165187773@group-C790A911BCD5->f9c92805-78f9-4aa2-ad11-0f5c06c060e3-AppendLogResponseHandler: Failed appendEntries: org.apache.ratis.thirdparty.io.grpc.StatusRuntimeException: UNAVAILABLE: io exception
2019-09-10 18:34:17,030 [grpc-default-executor-4] INFO  impl.FollowerInfo (FollowerInfo.java:lambda$new$0(51)) - 59afee6f-3342-47f6-8cd2-a67165187773@group-C790A911BCD5->fc430ad7-c10f-4afd-84a3-4263b60fc3a5: nextIndex: updateUnconditionally 10 -> 9
2019-09-10 18:34:17,030 [grpc-default-executor-3] INFO  impl.FollowerInfo (FollowerInfo.java:lambda$new$0(51)) - 59afee6f-3342-47f6-8cd2-a67165187773@group-C790A911BCD5->f9c92805-78f9-4aa2-ad11-0f5c06c060e3: nextIndex: updateUnconditionally 10 -> 9
2019-09-10 18:34:17,531 [grpc-default-executor-1] WARN  server.GrpcLogAppender (LogUtils.java:warn(134)) - 59afee6f-3342-47f6-8cd2-a67165187773@group-C790A911BCD5->f9c92805-78f9-4aa2-ad11-0f5c06c060e3-AppendLogResponseHandler: Failed appendEntries: org.apache.ratis.thirdparty.io.grpc.StatusRuntimeException: UNAVAILABLE: io exception
2019-09-10 18:34:17,531 [grpc-default-executor-3] WARN  server.GrpcLogAppender (LogUtils.java:warn(134)) - 59afee6f-3342-47f6-8cd2-a67165187773@group-C790A911BCD5->fc430ad7-c10f-4afd-84a3-4263b60fc3a5-AppendLogResponseHandler: Failed appendEntries: org.apache.ratis.thirdparty.io.grpc.StatusRuntimeException: UNAVAILABLE: io exception
2019-09-10 18:34:17,532 [grpc-default-executor-1] INFO  impl.FollowerInfo (FollowerInfo.java:lambda$new$0(51)) - 59afee6f-3342-47f6-8cd2-a67165187773@group-C790A911BCD5->f9c92805-78f9-4aa2-ad11-0f5c06c060e3: nextIndex: updateUnconditionally 9 -> 8
2019-09-10 18:34:17,532 [grpc-default-executor-3] INFO  impl.FollowerInfo (FollowerInfo.java:lambda$new$0(51)) - 59afee6f-3342-47f6-8cd2-a67165187773@group-C790A911BCD5->fc430ad7-c10f-4afd-84a3-4263b60fc3a5: nextIndex: updateUnconditionally 9 -> 8
2019-09-10 18:34:18,033 [grpc-default-executor-4] WARN  server.GrpcLogAppender (LogUtils.java:warn(134)) - 59afee6f-3342-47f6-8cd2-a67165187773@group-C790A911BCD5->f9c92805-78f9-4aa2-ad11-0f5c06c060e3-AppendLogResponseHandler: Failed appendEntries: org.apache.ratis.thirdparty.io.grpc.StatusRuntimeException: UNAVAILABLE: io exception
2019-09-10 18:34:18,033 [grpc-default-executor-4] INFO  impl.FollowerInfo (FollowerInfo.java:lambda$new$0(51)) - 59afee6f-3342-47f6-8cd2-a67165187773@group-C790A911BCD5->f9c92805-78f9-4aa2-ad11-0f5c06c060e3: nextIndex: updateUnconditionally 8 -> 7
2019-09-10 18:34:18,034 [grpc-default-executor-5] WARN  server.GrpcLogAppender (LogUtils.java:warn(134)) - 59afee6f-3342-47f6-8cd2-a67165187773@group-C790A911BCD5->fc430ad7-c10f-4afd-84a3-4263b60fc3a5-AppendLogResponseHandler: Failed appendEntries: org.apache.ratis.thirdparty.io.grpc.StatusRuntimeException: UNAVAILABLE: io exception
2019-09-10 18:34:18,034 [grpc-default-executor-5] INFO  impl.FollowerInfo (FollowerInfo.java:lambda$new$0(51)) - 59afee6f-3342-47f6-8cd2-a67165187773@group-C790A911BCD5->fc430ad7-c10f-4afd-84a3-4263b60fc3a5: nextIndex: updateUnconditionally 8 -> 7
2019-09-10 18:34:18,318 [ForkJoinPool.commonPool-worker-1] INFO  ozoneimpl.OzoneContainer (OzoneContainer.java:stop(231)) - Attempting to stop container services.
2019-09-10 18:34:18,320 [ForkJoinPool.commonPool-worker-1] INFO  impl.RaftServerProxy (RaftServerProxy.java:lambda$close$4(314)) - 59afee6f-3342-47f6-8cd2-a67165187773: close
2019-09-10 18:34:18,320 [ForkJoinPool.commonPool-worker-1] INFO  impl.RaftServerImpl (RaftServerImpl.java:lambda$shutdown$3(251)) - 59afee6f-3342-47f6-8cd2-a67165187773@group-C790A911BCD5: shutdown
2019-09-10 18:34:18,320 [ForkJoinPool.commonPool-worker-1] INFO  util.JmxRegister (JmxRegister.java:unregister(73)) - Successfully un-registered JMX Bean with object name Ratis:service=RaftServer,group=group-C790A911BCD5,id=59afee6f-3342-47f6-8cd2-a67165187773
2019-09-10 18:34:18,321 [ForkJoinPool.commonPool-worker-1] INFO  impl.RoleInfo (RoleInfo.java:shutdownLeaderState(104)) - 59afee6f-3342-47f6-8cd2-a67165187773: shutdown LeaderState
2019-09-10 18:34:18,324 [org.apache.ratis.server.impl.LogAppender$AppenderDaemon$$Lambda$527/1529406920@365c07ed] WARN  server.GrpcLogAppender (GrpcLogAppender.java:mayWait(143)) - 59afee6f-3342-47f6-8cd2-a67165187773@group-C790A911BCD5->fc430ad7-c10f-4afd-84a3-4263b60fc3a5-GrpcLogAppender: Wait interrupted by java.lang.InterruptedException
2019-09-10 18:34:18,324 [ForkJoinPool.commonPool-worker-1] INFO  impl.PendingRequests (PendingRequests.java:sendNotLeaderResponses(202)) - 59afee6f-3342-47f6-8cd2-a67165187773-PendingRequests: sendNotLeaderResponses
2019-09-10 18:34:18,324 [org.apache.ratis.server.impl.LogAppender$AppenderDaemon$$Lambda$527/1529406920@1df5cfa7] WARN  server.GrpcLogAppender (GrpcLogAppender.java:mayWait(143)) - 59afee6f-3342-47f6-8cd2-a67165187773@group-C790A911BCD5->f9c92805-78f9-4aa2-ad11-0f5c06c060e3-GrpcLogAppender: Wait interrupted by java.lang.InterruptedException
2019-09-10 18:34:18,328 [ForkJoinPool.commonPool-worker-1] INFO  impl.StateMachineUpdater (StateMachineUpdater.java:stopAndJoin(125)) - 59afee6f-3342-47f6-8cd2-a67165187773@group-C790A911BCD5-StateMachineUpdater: set stopIndex = 16
2019-09-10 18:34:18,328 [59afee6f-3342-47f6-8cd2-a67165187773@group-C790A911BCD5-StateMachineUpdater] INFO  ratis.ContainerStateMachine (ContainerStateMachine.java:takeSnapshot(289)) - group-C790A911BCD5: Taking a snapshot at:(t:3, i:14) file /workdir/hadoop-ozone/integration-test/target/test-dir/MiniOzoneClusterImpl-34bd394c-9e3d-49fb-9b5f-f4de544d8d6b/datanode-0/data/ratis/fde91d5f-f83b-424e-970c-c790a911bcd5/sm/snapshot.3_14
2019-09-10 18:34:18,343 [59afee6f-3342-47f6-8cd2-a67165187773@group-C790A911BCD5-StateMachineUpdater] INFO  ratis.ContainerStateMachine (ContainerStateMachine.java:takeSnapshot(300)) - group-C790A911BCD5: Finished taking a snapshot at:(t:3, i:14) file:/workdir/hadoop-ozone/integration-test/target/test-dir/MiniOzoneClusterImpl-34bd394c-9e3d-49fb-9b5f-f4de544d8d6b/datanode-0/data/ratis/fde91d5f-f83b-424e-970c-c790a911bcd5/sm/snapshot.3_14 time:15
2019-09-10 18:34:18,344 [59afee6f-3342-47f6-8cd2-a67165187773@group-C790A911BCD5-StateMachineUpdater] INFO  impl.StateMachineUpdater (StateMachineUpdater.java:takeSnapshot(258)) - 59afee6f-3342-47f6-8cd2-a67165187773@group-C790A911BCD5-StateMachineUpdater: Took a snapshot at index 14
2019-09-10 18:34:18,344 [59afee6f-3342-47f6-8cd2-a67165187773@group-C790A911BCD5-StateMachineUpdater] INFO  impl.StateMachineUpdater (StateMachineUpdater.java:lambda$new$0(83)) - 59afee6f-3342-47f6-8cd2-a67165187773@group-C790A911BCD5-StateMachineUpdater: snapshotIndex: updateIncreasingly -1 -> 14
2019-09-10 18:34:18,344 [59afee6f-3342-47f6-8cd2-a67165187773@group-C790A911BCD5-StateMachineUpdater] INFO  ratis.ContainerStateMachine (ContainerStateMachine.java:takeSnapshot(289)) - group-C790A911BCD5: Taking a snapshot at:(t:3, i:14) file /workdir/hadoop-ozone/integration-test/target/test-dir/MiniOzoneClusterImpl-34bd394c-9e3d-49fb-9b5f-f4de544d8d6b/datanode-0/data/ratis/fde91d5f-f83b-424e-970c-c790a911bcd5/sm/snapshot.3_14
2019-09-10 18:34:18,355 [59afee6f-3342-47f6-8cd2-a67165187773@group-C790A911BCD5-StateMachineUpdater] INFO  ratis.ContainerStateMachine (ContainerStateMachine.java:takeSnapshot(300)) - group-C790A911BCD5: Finished taking a snapshot at:(t:3, i:14) file:/workdir/hadoop-ozone/integration-test/target/test-dir/MiniOzoneClusterImpl-34bd394c-9e3d-49fb-9b5f-f4de544d8d6b/datanode-0/data/ratis/fde91d5f-f83b-424e-970c-c790a911bcd5/sm/snapshot.3_14 time:11
2019-09-10 18:34:18,355 [59afee6f-3342-47f6-8cd2-a67165187773@group-C790A911BCD5-StateMachineUpdater] INFO  impl.StateMachineUpdater (StateMachineUpdater.java:takeSnapshot(258)) - 59afee6f-3342-47f6-8cd2-a67165187773@group-C790A911BCD5-StateMachineUpdater: Took a snapshot at index 14
2019-09-10 18:34:18,355 [59afee6f-3342-47f6-8cd2-a67165187773@group-C790A911BCD5-StateMachineUpdater] INFO  impl.StateMachineUpdater (StateMachineUpdater.java:lambda$new$0(83)) - 59afee6f-3342-47f6-8cd2-a67165187773@group-C790A911BCD5-StateMachineUpdater: snapshotIndex: updateIncreasingly 14 -> 14
2019-09-10 18:34:18,356 [ForkJoinPool.commonPool-worker-1] INFO  impl.RaftServerImpl (ServerState.java:close(385)) - 59afee6f-3342-47f6-8cd2-a67165187773@group-C790A911BCD5: closes. applyIndex: 16
2019-09-10 18:34:18,358 [59afee6f-3342-47f6-8cd2-a67165187773@group-C790A911BCD5-SegmentedRaftLogWorker] ERROR ratis.XceiverServerRatis (XceiverServerRatis.java:triggerPipelineClose(575)) - pipeline Action CLOSE  on pipeline PipelineID=fde91d5f-f83b-424e-970c-c790a911bcd5.Reason : WriteLog:19: (t:3, i:19), STATEMACHINELOGENTRY, client-B2117E40EB7F, cid=40-writeStateMachineData interrupted.
2019-09-10 18:34:18,359 [ForkJoinPool.commonPool-worker-1] INFO  segmented.SegmentedRaftLogWorker (SegmentedRaftLogWorker.java:close(228)) - 59afee6f-3342-47f6-8cd2-a67165187773@group-C790A911BCD5-SegmentedRaftLogWorker close()
2019-09-10 18:34:18,360 [ForkJoinPool.commonPool-worker-1] INFO  impl.RaftServerImpl (RaftServerImpl.java:lambda$shutdown$3(251)) - 59afee6f-3342-47f6-8cd2-a67165187773@group-BCBF04B8F1C4: shutdown
2019-09-10 18:34:18,361 [ForkJoinPool.commonPool-worker-1] INFO  util.JmxRegister (JmxRegister.java:unregister(73)) - Successfully un-registered JMX Bean with object name Ratis:service=RaftServer,group=group-BCBF04B8F1C4,id=59afee6f-3342-47f6-8cd2-a67165187773
2019-09-10 18:34:18,361 [ForkJoinPool.commonPool-worker-1] INFO  impl.RoleInfo (RoleInfo.java:shutdownLeaderState(104)) - 59afee6f-3342-47f6-8cd2-a67165187773: shutdown LeaderState
2019-09-10 18:34:18,361 [ForkJoinPool.commonPool-worker-1] INFO  impl.PendingRequests (PendingRequests.java:sendNotLeaderResponses(202)) - 59afee6f-3342-47f6-8cd2-a67165187773-PendingRequests: sendNotLeaderResponses
2019-09-10 18:34:18,361 [ForkJoinPool.commonPool-worker-1] INFO  impl.StateMachineUpdater (StateMachineUpdater.java:stopAndJoin(125)) - 59afee6f-3342-47f6-8cd2-a67165187773@group-BCBF04B8F1C4-StateMachineUpdater: set stopIndex = 0
2019-09-10 18:34:18,362 [ForkJoinPool.commonPool-worker-1] INFO  impl.RaftServerImpl (ServerState.java:close(385)) - 59afee6f-3342-47f6-8cd2-a67165187773@group-BCBF04B8F1C4: closes. applyIndex: 0
2019-09-10 18:34:18,362 [59afee6f-3342-47f6-8cd2-a67165187773@group-BCBF04B8F1C4-SegmentedRaftLogWorker] INFO  segmented.SegmentedRaftLogWorker (SegmentedRaftLogWorker.java:run(313)) - 59afee6f-3342-47f6-8cd2-a67165187773@group-BCBF04B8F1C4-SegmentedRaftLogWorker was interrupted, exiting. There are 0 tasks remaining in the queue.
2019-09-10 18:34:18,362 [ForkJoinPool.commonPool-worker-1] INFO  segmented.SegmentedRaftLogWorker (SegmentedRaftLogWorker.java:close(228)) - 59afee6f-3342-47f6-8cd2-a67165187773@group-BCBF04B8F1C4-SegmentedRaftLogWorker close()
2019-09-10 18:34:18,363 [ForkJoinPool.commonPool-worker-1] INFO  server.GrpcService (GrpcService.java:closeImpl(164)) - 59afee6f-3342-47f6-8cd2-a67165187773: shutdown server with port 42383 now
2019-09-10 18:34:18,364 [ForkJoinPool.commonPool-worker-1] INFO  server.GrpcService (GrpcService.java:closeImpl(172)) - 59afee6f-3342-47f6-8cd2-a67165187773: shutdown server with port 42383 successfully
2019-09-10 18:34:18,366 [refreshUsed-/workdir/hadoop-ozone/integration-test/target/test-dir/MiniOzoneClusterImpl-34bd394c-9e3d-49fb-9b5f-f4de544d8d6b/datanode-0/data/containers] WARN  fs.CachingGetSpaceUsed (CachingGetSpaceUsed.java:run(183)) - Thread Interrupted waiting to refresh disk information: sleep interrupted
2019-09-10 18:34:18,384 [ForkJoinPool.commonPool-worker-1] INFO  utils.BackgroundService (BackgroundService.java:shutdown(148)) - Shutting down service BlockDeletingService
2019-09-10 18:34:18,387 [ForkJoinPool.commonPool-worker-1] INFO  statemachine.DatanodeStateMachine (DatanodeStateMachine.java:stopDaemon(395)) - Ozone container server stopped.
2019-09-10 18:34:18,390 [ForkJoinPool.commonPool-worker-1] INFO  handler.ContextHandler (ContextHandler.java:doStop(910)) - Stopped o.e.j.w.WebAppContext@43e9089{/,null,UNAVAILABLE}{/hddsDatanode}
2019-09-10 18:34:18,391 [ForkJoinPool.commonPool-worker-1] INFO  server.AbstractConnector (AbstractConnector.java:doStop(318)) - Stopped ServerConnector@3c5dbdf8{HTTP/1.1,[http/1.1]}{0.0.0.0:0}
2019-09-10 18:34:18,392 [ForkJoinPool.commonPool-worker-1] INFO  handler.ContextHandler (ContextHandler.java:doStop(910)) - Stopped o.e.j.s.ServletContextHandler@558756be{/static,jar:file:/home/user/.m2/repository/org/apache/hadoop/hadoop-hdds-container-service/0.5.0-SNAPSHOT/hadoop-hdds-container-service-0.5.0-SNAPSHOT.jar!/webapps/static,UNAVAILABLE}
2019-09-10 18:34:18,393 [ForkJoinPool.commonPool-worker-1] INFO  handler.ContextHandler (ContextHandler.java:doStop(910)) - Stopped o.e.j.s.ServletContextHandler@6069dd38{/logs,file:///workdir/hadoop-ozone/integration-test/target/log,UNAVAILABLE}
2019-09-10 18:34:18,906 [Datanode State Machine Thread - 0] INFO  statemachine.DatanodeStateMachine (DatanodeStateMachine.java:lambda$startDaemon$0(350)) - Ozone container server started.
2019-09-10 18:34:19,746 [114338b4-3ae2-46b3-98b7-a583d2a0bf23@group-248F13D822B7-SegmentedRaftLogWorker] WARN  segmented.SegmentedRaftLogWorker (SegmentedRaftLogWorker.java:getFromFuture(90)) - Timeout 3/~
org.apache.ratis.protocol.TimeoutIOException: Timeout 10s: WriteLog:17: (t:2, i:17), STATEMACHINELOGENTRY, client-35727EB443AA, cid=63-writeStateMachineData
	at org.apache.ratis.util.IOUtils.getFromFuture(IOUtils.java:87)
	at org.apache.ratis.server.raftlog.segmented.SegmentedRaftLogWorker$StateMachineDataPolicy.getFromFuture(SegmentedRaftLogWorker.java:87)
	at org.apache.ratis.server.raftlog.segmented.SegmentedRaftLogWorker$WriteLog.execute(SegmentedRaftLogWorker.java:477)
	at org.apache.ratis.server.raftlog.segmented.SegmentedRaftLogWorker.run(SegmentedRaftLogWorker.java:289)
	at java.lang.Thread.run(Thread.java:748)
Caused by: java.util.concurrent.TimeoutException
	at java.util.concurrent.CompletableFuture.timedGet(CompletableFuture.java:1771)
	at java.util.concurrent.CompletableFuture.get(CompletableFuture.java:1915)
	at org.apache.ratis.util.IOUtils.getFromFuture(IOUtils.java:79)
	... 4 more
2019-09-10 18:34:23,395 [ForkJoinPool.commonPool-worker-1] INFO  ozoneimpl.OzoneContainer (OzoneContainer.java:stop(231)) - Attempting to stop container services.
2019-09-10 18:34:23,397 [ForkJoinPool.commonPool-worker-1] INFO  impl.RaftServerProxy (RaftServerProxy.java:lambda$close$4(314)) - 114338b4-3ae2-46b3-98b7-a583d2a0bf23: close
2019-09-10 18:34:23,397 [ForkJoinPool.commonPool-worker-1] INFO  impl.RaftServerImpl (RaftServerImpl.java:lambda$shutdown$3(251)) - 114338b4-3ae2-46b3-98b7-a583d2a0bf23@group-E68311B11822: shutdown
2019-09-10 18:34:23,398 [ForkJoinPool.commonPool-worker-1] INFO  util.JmxRegister (JmxRegister.java:unregister(73)) - Successfully un-registered JMX Bean with object name Ratis:service=RaftServer,group=group-E68311B11822,id=114338b4-3ae2-46b3-98b7-a583d2a0bf23
2019-09-10 18:34:23,398 [ForkJoinPool.commonPool-worker-1] INFO  impl.RoleInfo (RoleInfo.java:shutdownLeaderState(104)) - 114338b4-3ae2-46b3-98b7-a583d2a0bf23: shutdown LeaderState
2019-09-10 18:34:23,398 [ForkJoinPool.commonPool-worker-1] INFO  impl.PendingRequests (PendingRequests.java:sendNotLeaderResponses(202)) - 114338b4-3ae2-46b3-98b7-a583d2a0bf23-PendingRequests: sendNotLeaderResponses
2019-09-10 18:34:23,399 [ForkJoinPool.commonPool-worker-1] INFO  impl.StateMachineUpdater (StateMachineUpdater.java:stopAndJoin(125)) - 114338b4-3ae2-46b3-98b7-a583d2a0bf23@group-E68311B11822-StateMachineUpdater: set stopIndex = 0
2019-09-10 18:34:23,400 [ForkJoinPool.commonPool-worker-1] INFO  impl.RaftServerImpl (ServerState.java:close(385)) - 114338b4-3ae2-46b3-98b7-a583d2a0bf23@group-E68311B11822: closes. applyIndex: 0
2019-09-10 18:34:23,400 [114338b4-3ae2-46b3-98b7-a583d2a0bf23@group-E68311B11822-SegmentedRaftLogWorker] INFO  segmented.SegmentedRaftLogWorker (SegmentedRaftLogWorker.java:run(313)) - 114338b4-3ae2-46b3-98b7-a583d2a0bf23@group-E68311B11822-SegmentedRaftLogWorker was interrupted, exiting. There are 0 tasks remaining in the queue.
2019-09-10 18:34:23,401 [ForkJoinPool.commonPool-worker-1] INFO  segmented.SegmentedRaftLogWorker (SegmentedRaftLogWorker.java:close(228)) - 114338b4-3ae2-46b3-98b7-a583d2a0bf23@group-E68311B11822-SegmentedRaftLogWorker close()
2019-09-10 18:34:23,402 [ForkJoinPool.commonPool-worker-1] INFO  impl.RaftServerImpl (RaftServerImpl.java:lambda$shutdown$3(251)) - 114338b4-3ae2-46b3-98b7-a583d2a0bf23@group-248F13D822B7: shutdown
2019-09-10 18:34:23,402 [ForkJoinPool.commonPool-worker-1] INFO  util.JmxRegister (JmxRegister.java:unregister(73)) - Successfully un-registered JMX Bean with object name Ratis:service=RaftServer,group=group-248F13D822B7,id=114338b4-3ae2-46b3-98b7-a583d2a0bf23
2019-09-10 18:34:23,403 [ForkJoinPool.commonPool-worker-1] INFO  impl.RoleInfo (RoleInfo.java:shutdownFollowerState(121)) - 114338b4-3ae2-46b3-98b7-a583d2a0bf23: shutdown FollowerState
2019-09-10 18:34:23,403 [ForkJoinPool.commonPool-worker-1] INFO  impl.StateMachineUpdater (StateMachineUpdater.java:stopAndJoin(125)) - 114338b4-3ae2-46b3-98b7-a583d2a0bf23@group-248F13D822B7-StateMachineUpdater: set stopIndex = 16
2019-09-10 18:34:23,403 [114338b4-3ae2-46b3-98b7-a583d2a0bf23@group-248F13D822B7-StateMachineUpdater] INFO  ratis.ContainerStateMachine (ContainerStateMachine.java:takeSnapshot(289)) - group-248F13D822B7: Taking a snapshot at:(t:2, i:14) file /workdir/hadoop-ozone/integration-test/target/test-dir/MiniOzoneClusterImpl-34bd394c-9e3d-49fb-9b5f-f4de544d8d6b/datanode-1/data/ratis/65e8c64c-afec-4d62-a834-248f13d822b7/sm/snapshot.2_14
2019-09-10 18:34:23,403 [Thread-397] INFO  impl.FollowerState (FollowerState.java:run(115)) - 114338b4-3ae2-46b3-98b7-a583d2a0bf23: FollowerState was interrupted: java.lang.InterruptedException: sleep interrupted
2019-09-10 18:34:23,434 [114338b4-3ae2-46b3-98b7-a583d2a0bf23@group-248F13D822B7-StateMachineUpdater] INFO  ratis.ContainerStateMachine (ContainerStateMachine.java:takeSnapshot(300)) - group-248F13D822B7: Finished taking a snapshot at:(t:2, i:14) file:/workdir/hadoop-ozone/integration-test/target/test-dir/MiniOzoneClusterImpl-34bd394c-9e3d-49fb-9b5f-f4de544d8d6b/datanode-1/data/ratis/65e8c64c-afec-4d62-a834-248f13d822b7/sm/snapshot.2_14 time:31
2019-09-10 18:34:23,435 [114338b4-3ae2-46b3-98b7-a583d2a0bf23@group-248F13D822B7-StateMachineUpdater] INFO  impl.StateMachineUpdater (StateMachineUpdater.java:takeSnapshot(258)) - 114338b4-3ae2-46b3-98b7-a583d2a0bf23@group-248F13D822B7-StateMachineUpdater: Took a snapshot at index 14
2019-09-10 18:34:23,435 [114338b4-3ae2-46b3-98b7-a583d2a0bf23@group-248F13D822B7-StateMachineUpdater] INFO  impl.StateMachineUpdater (StateMachineUpdater.java:lambda$new$0(83)) - 114338b4-3ae2-46b3-98b7-a583d2a0bf23@group-248F13D822B7-StateMachineUpdater: snapshotIndex: updateIncreasingly -1 -> 14
2019-09-10 18:34:23,436 [114338b4-3ae2-46b3-98b7-a583d2a0bf23@group-248F13D822B7-StateMachineUpdater] INFO  ratis.ContainerStateMachine (ContainerStateMachine.java:takeSnapshot(289)) - group-248F13D822B7: Taking a snapshot at:(t:2, i:14) file /workdir/hadoop-ozone/integration-test/target/test-dir/MiniOzoneClusterImpl-34bd394c-9e3d-49fb-9b5f-f4de544d8d6b/datanode-1/data/ratis/65e8c64c-afec-4d62-a834-248f13d822b7/sm/snapshot.2_14
2019-09-10 18:34:23,442 [114338b4-3ae2-46b3-98b7-a583d2a0bf23@group-248F13D822B7-StateMachineUpdater] INFO  ratis.ContainerStateMachine (ContainerStateMachine.java:takeSnapshot(300)) - group-248F13D822B7: Finished taking a snapshot at:(t:2, i:14) file:/workdir/hadoop-ozone/integration-test/target/test-dir/MiniOzoneClusterImpl-34bd394c-9e3d-49fb-9b5f-f4de544d8d6b/datanode-1/data/ratis/65e8c64c-afec-4d62-a834-248f13d822b7/sm/snapshot.2_14 time:7
2019-09-10 18:34:23,443 [114338b4-3ae2-46b3-98b7-a583d2a0bf23@group-248F13D822B7-StateMachineUpdater] INFO  impl.StateMachineUpdater (StateMachineUpdater.java:takeSnapshot(258)) - 114338b4-3ae2-46b3-98b7-a583d2a0bf23@group-248F13D822B7-StateMachineUpdater: Took a snapshot at index 14
2019-09-10 18:34:23,443 [114338b4-3ae2-46b3-98b7-a583d2a0bf23@group-248F13D822B7-StateMachineUpdater] INFO  impl.StateMachineUpdater (StateMachineUpdater.java:lambda$new$0(83)) - 114338b4-3ae2-46b3-98b7-a583d2a0bf23@group-248F13D822B7-StateMachineUpdater: snapshotIndex: updateIncreasingly 14 -> 14
2019-09-10 18:34:23,443 [ForkJoinPool.commonPool-worker-1] INFO  impl.RaftServerImpl (ServerState.java:close(385)) - 114338b4-3ae2-46b3-98b7-a583d2a0bf23@group-248F13D822B7: closes. applyIndex: 16
2019-09-10 18:34:23,445 [114338b4-3ae2-46b3-98b7-a583d2a0bf23@group-248F13D822B7-SegmentedRaftLogWorker] ERROR ratis.XceiverServerRatis (XceiverServerRatis.java:triggerPipelineClose(575)) - pipeline Action CLOSE  on pipeline PipelineID=65e8c64c-afec-4d62-a834-248f13d822b7.Reason : WriteLog:17: (t:2, i:17), STATEMACHINELOGENTRY, client-35727EB443AA, cid=63-writeStateMachineData interrupted.
2019-09-10 18:34:23,446 [ForkJoinPool.commonPool-worker-1] INFO  segmented.SegmentedRaftLogWorker (SegmentedRaftLogWorker.java:close(228)) - 114338b4-3ae2-46b3-98b7-a583d2a0bf23@group-248F13D822B7-SegmentedRaftLogWorker close()
2019-09-10 18:34:23,447 [ForkJoinPool.commonPool-worker-1] INFO  server.GrpcService (GrpcService.java:closeImpl(164)) - 114338b4-3ae2-46b3-98b7-a583d2a0bf23: shutdown server with port 33171 now
2019-09-10 18:34:23,448 [ForkJoinPool.commonPool-worker-1] INFO  server.GrpcService (GrpcService.java:closeImpl(172)) - 114338b4-3ae2-46b3-98b7-a583d2a0bf23: shutdown server with port 33171 successfully
2019-09-10 18:34:23,450 [refreshUsed-/workdir/hadoop-ozone/integration-test/target/test-dir/MiniOzoneClusterImpl-34bd394c-9e3d-49fb-9b5f-f4de544d8d6b/datanode-1/data/containers] WARN  fs.CachingGetSpaceUsed (CachingGetSpaceUsed.java:run(183)) - Thread Interrupted waiting to refresh disk information: sleep interrupted
2019-09-10 18:34:23,480 [ForkJoinPool.commonPool-worker-1] INFO  utils.BackgroundService (BackgroundService.java:shutdown(148)) - Shutting down service BlockDeletingService
2019-09-10 18:34:23,483 [ForkJoinPool.commonPool-worker-1] INFO  statemachine.DatanodeStateMachine (DatanodeStateMachine.java:stopDaemon(395)) - Ozone container server stopped.
2019-09-10 18:34:23,487 [ForkJoinPool.commonPool-worker-1] INFO  handler.ContextHandler (ContextHandler.java:doStop(910)) - Stopped o.e.j.w.WebAppContext@a451491{/,null,UNAVAILABLE}{/hddsDatanode}
2019-09-10 18:34:23,489 [ForkJoinPool.commonPool-worker-1] INFO  server.AbstractConnector (AbstractConnector.java:doStop(318)) - Stopped ServerConnector@1422ac7f{HTTP/1.1,[http/1.1]}{0.0.0.0:0}
2019-09-10 18:34:23,490 [ForkJoinPool.commonPool-worker-1] INFO  handler.ContextHandler (ContextHandler.java:doStop(910)) - Stopped o.e.j.s.ServletContextHandler@77774571{/static,jar:file:/home/user/.m2/repository/org/apache/hadoop/hadoop-hdds-container-service/0.5.0-SNAPSHOT/hadoop-hdds-container-service-0.5.0-SNAPSHOT.jar!/webapps/static,UNAVAILABLE}
2019-09-10 18:34:23,491 [ForkJoinPool.commonPool-worker-1] INFO  handler.ContextHandler (ContextHandler.java:doStop(910)) - Stopped o.e.j.s.ServletContextHandler@1e7ab390{/logs,file:///workdir/hadoop-ozone/integration-test/target/log,UNAVAILABLE}
2019-09-10 18:34:23,492 [main] INFO  ozone.MiniOzoneClusterImpl (MiniOzoneClusterImpl.java:stop(339)) - Stopping the StorageContainerManager
2019-09-10 18:34:23,493 [main] INFO  server.StorageContainerManager (StorageContainerManager.java:stop(801)) - Stopping Replication Manager Service.
2019-09-10 18:34:23,493 [main] INFO  container.ReplicationManager (ReplicationManager.java:stop(203)) - Stopping Replication Monitor Thread.
2019-09-10 18:34:23,493 [main] INFO  server.StorageContainerManager (StorageContainerManager.java:stop(808)) - Stopping Lease Manager of the command watchers
2019-09-10 18:34:23,493 [main] INFO  server.StorageContainerManager (StorageContainerManager.java:stop(815)) - Stopping datanode service RPC server
2019-09-10 18:34:23,494 [main] INFO  server.SCMDatanodeProtocolServer (SCMDatanodeProtocolServer.java:stop(367)) - Stopping the RPC server for DataNodes
2019-09-10 18:34:23,494 [main] INFO  ipc.Server (Server.java:stop(3082)) - Stopping server on 35934
2019-09-10 18:34:23,501 [IPC Server listener on 35934] INFO  ipc.Server (Server.java:run(1185)) - Stopping IPC Server listener on 35934
2019-09-10 18:34:23,502 [IPC Server Responder] INFO  ipc.Server (Server.java:run(1319)) - Stopping IPC Server Responder
2019-09-10 18:34:23,557 [SCM Heartbeat Processing Thread - 0] WARN  node.NodeStateManager (NodeStateManager.java:scheduleNextHealthCheck(646)) - Current Thread is interrupted, shutting down HB processing thread for Node Manager.
2019-09-10 18:34:23,558 [main] INFO  server.StorageContainerManager (StorageContainerManager.java:stop(823)) - Stopping block service RPC server
2019-09-10 18:34:23,558 [main] INFO  server.SCMBlockProtocolServer (SCMBlockProtocolServer.java:stop(155)) - Stopping the RPC server for Block Protocol
2019-09-10 18:34:23,558 [main] INFO  ipc.Server (Server.java:stop(3082)) - Stopping server on 46213
2019-09-10 18:34:23,559 [IPC Server listener on 46213] INFO  ipc.Server (Server.java:run(1185)) - Stopping IPC Server listener on 46213
2019-09-10 18:34:23,560 [main] INFO  server.StorageContainerManager (StorageContainerManager.java:stop(830)) - Stopping the StorageContainerLocationProtocol RPC server
2019-09-10 18:34:23,560 [IPC Server Responder] INFO  ipc.Server (Server.java:run(1319)) - Stopping IPC Server Responder
2019-09-10 18:34:23,560 [main] INFO  server.SCMClientProtocolServer (SCMClientProtocolServer.java:stop(159)) - Stopping the RPC server for Client Protocol
2019-09-10 18:34:23,561 [main] INFO  ipc.Server (Server.java:stop(3082)) - Stopping server on 44790
2019-09-10 18:34:23,562 [IPC Server listener on 44790] INFO  ipc.Server (Server.java:run(1185)) - Stopping IPC Server listener on 44790
2019-09-10 18:34:23,562 [IPC Server Responder] INFO  ipc.Server (Server.java:run(1319)) - Stopping IPC Server Responder
2019-09-10 18:34:23,562 [main] INFO  server.StorageContainerManager (StorageContainerManager.java:stop(837)) - Stopping Storage Container Manager HTTP server.
2019-09-10 18:34:23,564 [main] INFO  handler.ContextHandler (ContextHandler.java:doStop(910)) - Stopped o.e.j.w.WebAppContext@4cc547a{/,null,UNAVAILABLE}{/scm}
2019-09-10 18:34:23,565 [main] INFO  server.AbstractConnector (AbstractConnector.java:doStop(318)) - Stopped ServerConnector@3574e198{HTTP/1.1,[http/1.1]}{0.0.0.0:0}
2019-09-10 18:34:23,565 [main] INFO  handler.ContextHandler (ContextHandler.java:doStop(910)) - Stopped o.e.j.s.ServletContextHandler@d3957fe{/static,file:///workdir/hadoop-ozone/integration-test/target/test-classes/webapps/static,UNAVAILABLE}
2019-09-10 18:34:23,566 [main] INFO  handler.ContextHandler (ContextHandler.java:doStop(910)) - Stopped o.e.j.s.ServletContextHandler@45815ffc{/logs,file:///workdir/hadoop-ozone/integration-test/target/log,UNAVAILABLE}
2019-09-10 18:34:23,566 [main] INFO  server.StorageContainerManager (StorageContainerManager.java:stop(848)) - Stopping Block Manager Service.
2019-09-10 18:34:23,567 [main] INFO  utils.BackgroundService (BackgroundService.java:shutdown(148)) - Shutting down service SCMBlockDeletingService
2019-09-10 18:34:23,567 [main] INFO  utils.BackgroundService (BackgroundService.java:shutdown(148)) - Shutting down service SCMBlockDeletingService
2019-09-10 18:34:23,567 [main] INFO  server.StorageContainerManager (StorageContainerManager.java:stop(870)) - Stopping SCM Event Queue.
2019-09-10 18:34:23,574 [main] INFO  impl.MetricsSystemImpl (MetricsSystemImpl.java:stop(210)) - Stopping XceiverClientMetrics metrics system...
2019-09-10 18:34:23,584 [prometheus] INFO  impl.MetricsSinkAdapter (MetricsSinkAdapter.java:publishMetricsFromQueue(141)) - prometheus thread interrupted.
2019-09-10 18:34:23,585 [main] INFO  impl.MetricsSystemImpl (MetricsSystemImpl.java:stop(216)) - XceiverClientMetrics metrics system stopped.
]]></system-out>
    <system-err><![CDATA[ERROR StatusLogger No Log4j 2 configuration file found. Using default configuration (logging only errors to the console), or user programmatically provided configurations. Set system property 'log4j2.debug' to show Log4j 2 internal initialization logging. See https://logging.apache.org/log4j/2.x/manual/configuration.html for instructions on how to configure Log4j 2
Sep 10, 2019 6:33:23 PM org.apache.ratis.thirdparty.io.grpc.internal.SerializingExecutor run
SEVERE: Exception while executing runnable org.apache.ratis.thirdparty.io.grpc.internal.ServerImpl$JumpToApplicationThreadServerStreamListener$1Closed@4614e6ea
org.apache.ratis.thirdparty.io.grpc.StatusRuntimeException: CANCELLED: call already cancelled
	at org.apache.ratis.thirdparty.io.grpc.Status.asRuntimeException(Status.java:517)
	at org.apache.ratis.thirdparty.io.grpc.stub.ServerCalls$ServerCallStreamObserverImpl.onCompleted(ServerCalls.java:356)
	at org.apache.ratis.grpc.server.GrpcServerProtocolService$ServerRequestStreamObserver.onError(GrpcServerProtocolService.java:121)
	at org.apache.ratis.thirdparty.io.grpc.stub.ServerCalls$StreamingServerCallHandler$StreamingServerCallListener.onCancel(ServerCalls.java:269)
	at org.apache.ratis.thirdparty.io.grpc.internal.ServerCallImpl$ServerStreamListenerImpl.closed(ServerCallImpl.java:293)
	at org.apache.ratis.thirdparty.io.grpc.internal.ServerImpl$JumpToApplicationThreadServerStreamListener$1Closed.runInContext(ServerImpl.java:741)
	at org.apache.ratis.thirdparty.io.grpc.internal.ContextRunnable.run(ContextRunnable.java:37)
	at org.apache.ratis.thirdparty.io.grpc.internal.SerializingExecutor.run(SerializingExecutor.java:123)
	at java.util.concurrent.ThreadPoolExecutor.runWorker(ThreadPoolExecutor.java:1149)
	at java.util.concurrent.ThreadPoolExecutor$Worker.run(ThreadPoolExecutor.java:624)
	at java.lang.Thread.run(Thread.java:748)

Sep 10, 2019 6:34:03 PM org.apache.ratis.thirdparty.io.grpc.internal.SerializingExecutor run
SEVERE: Exception while executing runnable org.apache.ratis.thirdparty.io.grpc.internal.ServerImpl$JumpToApplicationThreadServerStreamListener$1Closed@2401e243
org.apache.ratis.thirdparty.io.grpc.StatusRuntimeException: CANCELLED: call already cancelled
	at org.apache.ratis.thirdparty.io.grpc.Status.asRuntimeException(Status.java:517)
	at org.apache.ratis.thirdparty.io.grpc.stub.ServerCalls$ServerCallStreamObserverImpl.onCompleted(ServerCalls.java:356)
	at org.apache.ratis.grpc.server.GrpcServerProtocolService$ServerRequestStreamObserver.onError(GrpcServerProtocolService.java:121)
	at org.apache.ratis.thirdparty.io.grpc.stub.ServerCalls$StreamingServerCallHandler$StreamingServerCallListener.onCancel(ServerCalls.java:269)
	at org.apache.ratis.thirdparty.io.grpc.internal.ServerCallImpl$ServerStreamListenerImpl.closed(ServerCallImpl.java:293)
	at org.apache.ratis.thirdparty.io.grpc.internal.ServerImpl$JumpToApplicationThreadServerStreamListener$1Closed.runInContext(ServerImpl.java:741)
	at org.apache.ratis.thirdparty.io.grpc.internal.ContextRunnable.run(ContextRunnable.java:37)
	at org.apache.ratis.thirdparty.io.grpc.internal.SerializingExecutor.run(SerializingExecutor.java:123)
	at java.util.concurrent.ThreadPoolExecutor.runWorker(ThreadPoolExecutor.java:1149)
	at java.util.concurrent.ThreadPoolExecutor$Worker.run(ThreadPoolExecutor.java:624)
	at java.lang.Thread.run(Thread.java:748)

Sep 10, 2019 6:34:13 PM org.apache.ratis.thirdparty.io.grpc.internal.SerializingExecutor run
SEVERE: Exception while executing runnable org.apache.ratis.thirdparty.io.grpc.internal.ServerImpl$JumpToApplicationThreadServerStreamListener$1Closed@f12cf7b
org.apache.ratis.thirdparty.io.grpc.StatusRuntimeException: CANCELLED: call already cancelled
	at org.apache.ratis.thirdparty.io.grpc.Status.asRuntimeException(Status.java:517)
	at org.apache.ratis.thirdparty.io.grpc.stub.ServerCalls$ServerCallStreamObserverImpl.onCompleted(ServerCalls.java:356)
	at org.apache.ratis.grpc.server.GrpcServerProtocolService$ServerRequestStreamObserver.onError(GrpcServerProtocolService.java:121)
	at org.apache.ratis.thirdparty.io.grpc.stub.ServerCalls$StreamingServerCallHandler$StreamingServerCallListener.onCancel(ServerCalls.java:269)
	at org.apache.ratis.thirdparty.io.grpc.internal.ServerCallImpl$ServerStreamListenerImpl.closed(ServerCallImpl.java:293)
	at org.apache.ratis.thirdparty.io.grpc.internal.ServerImpl$JumpToApplicationThreadServerStreamListener$1Closed.runInContext(ServerImpl.java:741)
	at org.apache.ratis.thirdparty.io.grpc.internal.ContextRunnable.run(ContextRunnable.java:37)
	at org.apache.ratis.thirdparty.io.grpc.internal.SerializingExecutor.run(SerializingExecutor.java:123)
	at java.util.concurrent.ThreadPoolExecutor.runWorker(ThreadPoolExecutor.java:1149)
	at java.util.concurrent.ThreadPoolExecutor$Worker.run(ThreadPoolExecutor.java:624)
	at java.lang.Thread.run(Thread.java:748)

Sep 10, 2019 6:34:13 PM org.apache.ratis.thirdparty.io.grpc.internal.SerializingExecutor run
SEVERE: Exception while executing runnable org.apache.ratis.thirdparty.io.grpc.internal.ServerImpl$JumpToApplicationThreadServerStreamListener$1Closed@518cc5c1
org.apache.ratis.thirdparty.io.grpc.StatusRuntimeException: CANCELLED: call already cancelled
	at org.apache.ratis.thirdparty.io.grpc.Status.asRuntimeException(Status.java:517)
	at org.apache.ratis.thirdparty.io.grpc.stub.ServerCalls$ServerCallStreamObserverImpl.onCompleted(ServerCalls.java:356)
	at org.apache.ratis.grpc.server.GrpcServerProtocolService$ServerRequestStreamObserver.onError(GrpcServerProtocolService.java:121)
	at org.apache.ratis.thirdparty.io.grpc.stub.ServerCalls$StreamingServerCallHandler$StreamingServerCallListener.onCancel(ServerCalls.java:269)
	at org.apache.ratis.thirdparty.io.grpc.internal.ServerCallImpl$ServerStreamListenerImpl.closed(ServerCallImpl.java:293)
	at org.apache.ratis.thirdparty.io.grpc.internal.ServerImpl$JumpToApplicationThreadServerStreamListener$1Closed.runInContext(ServerImpl.java:741)
	at org.apache.ratis.thirdparty.io.grpc.internal.ContextRunnable.run(ContextRunnable.java:37)
	at org.apache.ratis.thirdparty.io.grpc.internal.SerializingExecutor.run(SerializingExecutor.java:123)
	at java.util.concurrent.ThreadPoolExecutor.runWorker(ThreadPoolExecutor.java:1149)
	at java.util.concurrent.ThreadPoolExecutor$Worker.run(ThreadPoolExecutor.java:624)
	at java.lang.Thread.run(Thread.java:748)

]]></system-err>
  </testcase>
  <testcase name="testMultiBlockWritesWithDnFailures" classname="org.apache.hadoop.ozone.client.rpc.TestMultiBlockWritesWithDnFailures" time="50.501"/>
</testsuite>