<?xml version="1.0" encoding="UTF-8"?>
<testsuite xmlns:xsi="http://www.w3.org/2001/XMLSchema-instance" xsi:noNamespaceSchemaLocation="https://maven.apache.org/surefire/maven-surefire-plugin/xsd/surefire-test-report.xsd" name="org.apache.hadoop.ozone.client.rpc.TestBlockOutputStream" time="608.761" tests="6" errors="0" skipped="0" failures="3">
  <properties>
    <property name="awt.toolkit" value="sun.awt.X11.XToolkit"/>
    <property name="file.encoding.pkg" value="sun.io"/>
    <property name="java.specification.version" value="1.8"/>
    <property name="sun.cpu.isalist" value=""/>
    <property name="sun.jnu.encoding" value="UTF-8"/>
    <property name="java.class.path" value="/workdir/hadoop-ozone/integration-test/target/test-classes:/workdir/hadoop-ozone/integration-test/target/classes:/home/user/.m2/repository/org/apache/hadoop/hadoop-ozone-common/0.5.0-SNAPSHOT/hadoop-ozone-common-0.5.0-SNAPSHOT.jar:/home/user/.m2/repository/org/apache/commons/commons-compress/1.4.1/commons-compress-1.4.1.jar:/home/user/.m2/repository/org/tukaani/xz/1.0/xz-1.0.jar:/home/user/.m2/repository/org/apache/hadoop/hadoop-common/3.2.0/hadoop-common-3.2.0.jar:/home/user/.m2/repository/org/apache/hadoop/hadoop-hdfs/3.2.0/hadoop-hdfs-3.2.0.jar:/home/user/.m2/repository/org/apache/hadoop/hadoop-hdfs-client/3.2.0/hadoop-hdfs-client-3.2.0.jar:/home/user/.m2/repository/com/fasterxml/jackson/core/jackson-annotations/2.9.5/jackson-annotations-2.9.5.jar:/home/user/.m2/repository/org/apache/hadoop/hadoop-hdds-common/0.5.0-SNAPSHOT/hadoop-hdds-common-0.5.0-SNAPSHOT.jar:/home/user/.m2/repository/javax/annotation/javax.annotation-api/1.2/javax.annotation-api-1.2.jar:/home/user/.m2/repository/org/apache/ratis/ratis-server/0.4.0-78e95b9-SNAPSHOT/ratis-server-0.4.0-78e95b9-SNAPSHOT.jar:/home/user/.m2/repository/org/apache/ratis/ratis-thirdparty-misc/0.2.0/ratis-thirdparty-misc-0.2.0.jar:/home/user/.m2/repository/org/apache/ratis/ratis-proto/0.4.0-78e95b9-SNAPSHOT/ratis-proto-0.4.0-78e95b9-SNAPSHOT.jar:/home/user/.m2/repository/org/apache/ratis/ratis-common/0.4.0-78e95b9-SNAPSHOT/ratis-common-0.4.0-78e95b9-SNAPSHOT.jar:/home/user/.m2/repository/org/apache/ratis/ratis-client/0.4.0-78e95b9-SNAPSHOT/ratis-client-0.4.0-78e95b9-SNAPSHOT.jar:/home/user/.m2/repository/org/apache/ratis/ratis-metrics/0.4.0-78e95b9-SNAPSHOT/ratis-metrics-0.4.0-78e95b9-SNAPSHOT.jar:/home/user/.m2/repository/com/github/joshelser/dropwizard-metrics-hadoop-metrics2-reporter/0.1.2/dropwizard-metrics-hadoop-metrics2-reporter-0.1.2.jar:/home/user/.m2/repository/io/dropwizard/metrics/metrics-jvm/3.2.5/metrics-jvm-3.2.5.jar:/home/user/.m2/repository/io/dropwizard/metrics/metrics-ganglia/3.2.5/metrics-ganglia-3.2.5.jar:/home/user/.m2/repository/info/ganglia/gmetric4j/gmetric4j/1.0.7/gmetric4j-1.0.7.jar:/home/user/.m2/repository/org/apache/ratis/ratis-netty/0.4.0-78e95b9-SNAPSHOT/ratis-netty-0.4.0-78e95b9-SNAPSHOT.jar:/home/user/.m2/repository/org/apache/ratis/ratis-grpc/0.4.0-78e95b9-SNAPSHOT/ratis-grpc-0.4.0-78e95b9-SNAPSHOT.jar:/home/user/.m2/repository/org/rocksdb/rocksdbjni/6.0.1/rocksdbjni-6.0.1.jar:/home/user/.m2/repository/org/apache/logging/log4j/log4j-api/2.11.0/log4j-api-2.11.0.jar:/home/user/.m2/repository/org/apache/logging/log4j/log4j-core/2.11.0/log4j-core-2.11.0.jar:/home/user/.m2/repository/com/lmax/disruptor/3.4.2/disruptor-3.4.2.jar:/home/user/.m2/repository/org/apache/commons/commons-pool2/2.6.0/commons-pool2-2.6.0.jar:/home/user/.m2/repository/org/bouncycastle/bcpkix-jdk15on/1.60/bcpkix-jdk15on-1.60.jar:/home/user/.m2/repository/commons-validator/commons-validator/1.6/commons-validator-1.6.jar:/home/user/.m2/repository/commons-digester/commons-digester/1.8.1/commons-digester-1.8.1.jar:/home/user/.m2/repository/io/jaegertracing/jaeger-client/0.33.1/jaeger-client-0.33.1.jar:/home/user/.m2/repository/io/jaegertracing/jaeger-thrift/0.33.1/jaeger-thrift-0.33.1.jar:/home/user/.m2/repository/org/apache/thrift/libthrift/0.11.0/libthrift-0.11.0.jar:/home/user/.m2/repository/com/squareup/okhttp3/okhttp/3.9.0/okhttp-3.9.0.jar:/home/user/.m2/repository/com/squareup/okio/okio/1.13.0/okio-1.13.0.jar:/home/user/.m2/repository/io/jaegertracing/jaeger-core/0.33.1/jaeger-core-0.33.1.jar:/home/user/.m2/repository/io/jaegertracing/jaeger-tracerresolver/0.33.1/jaeger-tracerresolver-0.33.1.jar:/home/user/.m2/repository/io/opentracing/contrib/opentracing-tracerresolver/0.1.5/opentracing-tracerresolver-0.1.5.jar:/home/user/.m2/repository/io/opentracing/opentracing-util/0.31.0/opentracing-util-0.31.0.jar:/home/user/.m2/repository/io/opentracing/opentracing-api/0.31.0/opentracing-api-0.31.0.jar:/home/user/.m2/repository/io/opentracing/opentracing-noop/0.31.0/opentracing-noop-0.31.0.jar:/home/user/.m2/repository/org/apache/hadoop/hadoop-hdds-server-framework/0.5.0-SNAPSHOT/hadoop-hdds-server-framework-0.5.0-SNAPSHOT.jar:/home/user/.m2/repository/org/apache/hadoop/hadoop-hdds-container-service/0.5.0-SNAPSHOT/hadoop-hdds-container-service-0.5.0-SNAPSHOT.jar:/home/user/.m2/repository/org/apache/hadoop/hadoop-hdds-client/0.5.0-SNAPSHOT/hadoop-hdds-client-0.5.0-SNAPSHOT.jar:/home/user/.m2/repository/org/apache/hadoop/hadoop-hdds-tools/0.5.0-SNAPSHOT/hadoop-hdds-tools-0.5.0-SNAPSHOT.jar:/home/user/.m2/repository/org/apache/hadoop/hadoop-hdds-server-scm/0.5.0-SNAPSHOT/hadoop-hdds-server-scm-0.5.0-SNAPSHOT.jar:/home/user/.m2/repository/org/apache/hadoop/hadoop-hdds-docs/0.5.0-SNAPSHOT/hadoop-hdds-docs-0.5.0-SNAPSHOT.jar:/home/user/.m2/repository/io/dropwizard/metrics/metrics-core/3.2.4/metrics-core-3.2.4.jar:/home/user/.m2/repository/org/hamcrest/hamcrest-all/1.3/hamcrest-all-1.3.jar:/home/user/.m2/repository/org/bouncycastle/bcprov-jdk15on/1.60/bcprov-jdk15on-1.60.jar:/home/user/.m2/repository/info/picocli/picocli/3.9.6/picocli-3.9.6.jar:/home/user/.m2/repository/com/google/protobuf/protobuf-java/2.5.0/protobuf-java-2.5.0.jar:/home/user/.m2/repository/com/google/guava/guava/11.0.2/guava-11.0.2.jar:/home/user/.m2/repository/org/apache/hadoop/hadoop-ozone-ozone-manager/0.5.0-SNAPSHOT/hadoop-ozone-ozone-manager-0.5.0-SNAPSHOT.jar:/home/user/.m2/repository/org/apache/hadoop/hadoop-minikdc/3.2.0/hadoop-minikdc-3.2.0.jar:/home/user/.m2/repository/commons-io/commons-io/2.5/commons-io-2.5.jar:/home/user/.m2/repository/org/apache/kerby/kerb-simplekdc/1.0.1/kerb-simplekdc-1.0.1.jar:/home/user/.m2/repository/org/apache/kerby/kerb-client/1.0.1/kerb-client-1.0.1.jar:/home/user/.m2/repository/org/apache/kerby/kerby-config/1.0.1/kerby-config-1.0.1.jar:/home/user/.m2/repository/org/apache/kerby/kerb-core/1.0.1/kerb-core-1.0.1.jar:/home/user/.m2/repository/org/apache/kerby/kerby-pkix/1.0.1/kerby-pkix-1.0.1.jar:/home/user/.m2/repository/org/apache/kerby/kerby-asn1/1.0.1/kerby-asn1-1.0.1.jar:/home/user/.m2/repository/org/apache/kerby/kerby-util/1.0.1/kerby-util-1.0.1.jar:/home/user/.m2/repository/org/apache/kerby/kerb-common/1.0.1/kerb-common-1.0.1.jar:/home/user/.m2/repository/org/apache/kerby/kerb-crypto/1.0.1/kerb-crypto-1.0.1.jar:/home/user/.m2/repository/org/apache/kerby/kerb-util/1.0.1/kerb-util-1.0.1.jar:/home/user/.m2/repository/org/apache/kerby/token-provider/1.0.1/token-provider-1.0.1.jar:/home/user/.m2/repository/org/apache/kerby/kerb-admin/1.0.1/kerb-admin-1.0.1.jar:/home/user/.m2/repository/org/apache/kerby/kerb-server/1.0.1/kerb-server-1.0.1.jar:/home/user/.m2/repository/org/apache/kerby/kerb-identity/1.0.1/kerb-identity-1.0.1.jar:/home/user/.m2/repository/org/apache/kerby/kerby-xdr/1.0.1/kerby-xdr-1.0.1.jar:/home/user/.m2/repository/org/slf4j/slf4j-log4j12/1.7.25/slf4j-log4j12-1.7.25.jar:/home/user/.m2/repository/org/apache/hadoop/hadoop-ozone-s3gateway/0.5.0-SNAPSHOT/hadoop-ozone-s3gateway-0.5.0-SNAPSHOT.jar:/home/user/.m2/repository/org/jboss/weld/servlet/weld-servlet/2.4.7.Final/weld-servlet-2.4.7.Final.jar:/home/user/.m2/repository/org/glassfish/jersey/containers/jersey-container-servlet-core/2.27/jersey-container-servlet-core-2.27.jar:/home/user/.m2/repository/org/glassfish/hk2/external/javax.inject/2.5.0-b42/javax.inject-2.5.0-b42.jar:/home/user/.m2/repository/org/glassfish/jersey/core/jersey-common/2.27/jersey-common-2.27.jar:/home/user/.m2/repository/org/glassfish/hk2/osgi-resource-locator/1.0.1/osgi-resource-locator-1.0.1.jar:/home/user/.m2/repository/javax/ws/rs/javax.ws.rs-api/2.1/javax.ws.rs-api-2.1.jar:/home/user/.m2/repository/org/glassfish/jersey/ext/cdi/jersey-cdi1x/2.27/jersey-cdi1x-2.27.jar:/home/user/.m2/repository/org/glassfish/jersey/inject/jersey-hk2/2.27/jersey-hk2-2.27.jar:/home/user/.m2/repository/org/glassfish/hk2/hk2-locator/2.5.0-b42/hk2-locator-2.5.0-b42.jar:/home/user/.m2/repository/org/javassist/javassist/3.22.0-CR2/javassist-3.22.0-CR2.jar:/home/user/.m2/repository/org/glassfish/hk2/hk2-api/2.5.0/hk2-api-2.5.0.jar:/home/user/.m2/repository/org/glassfish/hk2/external/jakarta.inject/2.5.0/jakarta.inject-2.5.0.jar:/home/user/.m2/repository/org/glassfish/hk2/hk2-utils/2.5.0/hk2-utils-2.5.0.jar:/home/user/.m2/repository/jakarta/annotation/jakarta.annotation-api/1.3.4/jakarta.annotation-api-1.3.4.jar:/home/user/.m2/repository/org/glassfish/hk2/external/aopalliance-repackaged/2.5.0/aopalliance-repackaged-2.5.0.jar:/home/user/.m2/repository/com/fasterxml/jackson/dataformat/jackson-dataformat-xml/2.9.0/jackson-dataformat-xml-2.9.0.jar:/home/user/.m2/repository/com/fasterxml/jackson/core/jackson-core/2.9.5/jackson-core-2.9.5.jar:/home/user/.m2/repository/com/fasterxml/jackson/module/jackson-module-jaxb-annotations/2.9.5/jackson-module-jaxb-annotations-2.9.5.jar:/home/user/.m2/repository/javax/enterprise/cdi-api/1.2/cdi-api-1.2.jar:/home/user/.m2/repository/javax/el/javax.el-api/3.0.0/javax.el-api-3.0.0.jar:/home/user/.m2/repository/javax/interceptor/javax.interceptor-api/1.2/javax.interceptor-api-1.2.jar:/home/user/.m2/repository/javax/inject/javax.inject/1/javax.inject-1.jar:/home/user/.m2/repository/com/sun/xml/bind/jaxb-impl/2.3.0.1/jaxb-impl-2.3.0.1.jar:/home/user/.m2/repository/com/sun/xml/bind/jaxb-core/2.3.0.1/jaxb-core-2.3.0.1.jar:/home/user/.m2/repository/javax/xml/bind/jaxb-api/2.3.0/jaxb-api-2.3.0.jar:/home/user/.m2/repository/javax/activation/activation/1.1.1/activation-1.1.1.jar:/home/user/.m2/repository/org/apache/hadoop/hadoop-ozone-csi/0.5.0-SNAPSHOT/hadoop-ozone-csi-0.5.0-SNAPSHOT.jar:/home/user/.m2/repository/com/google/protobuf/protobuf-java-util/3.5.1/protobuf-java-util-3.5.1.jar:/home/user/.m2/repository/org/apache/hadoop/hadoop-hdds-config/0.5.0-SNAPSHOT/hadoop-hdds-config-0.5.0-SNAPSHOT.jar:/home/user/.m2/repository/io/grpc/grpc-netty/1.17.1/grpc-netty-1.17.1.jar:/home/user/.m2/repository/io/grpc/grpc-core/1.17.1/grpc-core-1.17.1.jar:/home/user/.m2/repository/io/grpc/grpc-context/1.17.1/grpc-context-1.17.1.jar:/home/user/.m2/repository/com/google/errorprone/error_prone_annotations/2.2.0/error_prone_annotations-2.2.0.jar:/home/user/.m2/repository/org/codehaus/mojo/animal-sniffer-annotations/1.17/animal-sniffer-annotations-1.17.jar:/home/user/.m2/repository/io/opencensus/opencensus-api/0.17.0/opencensus-api-0.17.0.jar:/home/user/.m2/repository/io/opencensus/opencensus-contrib-grpc-metrics/0.17.0/opencensus-contrib-grpc-metrics-0.17.0.jar:/home/user/.m2/repository/io/netty/netty-codec-http2/4.1.30.Final/netty-codec-http2-4.1.30.Final.jar:/home/user/.m2/repository/io/netty/netty-codec-http/4.1.30.Final/netty-codec-http-4.1.30.Final.jar:/home/user/.m2/repository/io/netty/netty-codec/4.1.30.Final/netty-codec-4.1.30.Final.jar:/home/user/.m2/repository/io/netty/netty-handler/4.1.30.Final/netty-handler-4.1.30.Final.jar:/home/user/.m2/repository/io/netty/netty-handler-proxy/4.1.30.Final/netty-handler-proxy-4.1.30.Final.jar:/home/user/.m2/repository/io/netty/netty-codec-socks/4.1.30.Final/netty-codec-socks-4.1.30.Final.jar:/home/user/.m2/repository/io/netty/netty-transport-native-epoll/4.1.30.Final/netty-transport-native-epoll-4.1.30.Final.jar:/home/user/.m2/repository/io/netty/netty-common/4.1.30.Final/netty-common-4.1.30.Final.jar:/home/user/.m2/repository/io/netty/netty-buffer/4.1.30.Final/netty-buffer-4.1.30.Final.jar:/home/user/.m2/repository/io/netty/netty-transport/4.1.30.Final/netty-transport-4.1.30.Final.jar:/home/user/.m2/repository/io/netty/netty-resolver/4.1.30.Final/netty-resolver-4.1.30.Final.jar:/home/user/.m2/repository/io/netty/netty-transport-native-unix-common/4.1.30.Final/netty-transport-native-unix-common-4.1.30.Final.jar:/home/user/.m2/repository/io/grpc/grpc-protobuf/1.17.1/grpc-protobuf-1.17.1.jar:/home/user/.m2/repository/com/google/api/grpc/proto-google-common-protos/1.0.0/proto-google-common-protos-1.0.0.jar:/home/user/.m2/repository/io/grpc/grpc-protobuf-lite/1.17.1/grpc-protobuf-lite-1.17.1.jar:/home/user/.m2/repository/io/grpc/grpc-stub/1.17.1/grpc-stub-1.17.1.jar:/home/user/.m2/repository/org/apache/hadoop/hadoop-ozone-recon/0.5.0-SNAPSHOT/hadoop-ozone-recon-0.5.0-SNAPSHOT.jar:/home/user/.m2/repository/org/apache/hadoop/hadoop-ozone-reconcodegen/0.5.0-SNAPSHOT/hadoop-ozone-reconcodegen-0.5.0-SNAPSHOT.jar:/home/user/.m2/repository/com/google/inject/extensions/guice-multibindings/4.0/guice-multibindings-4.0.jar:/home/user/.m2/repository/com/google/inject/guice/4.0/guice-4.0.jar:/home/user/.m2/repository/aopalliance/aopalliance/1.0/aopalliance-1.0.jar:/home/user/.m2/repository/com/google/inject/extensions/guice-servlet/4.0/guice-servlet-4.0.jar:/home/user/.m2/repository/org/glassfish/jersey/containers/jersey-container-servlet/2.27/jersey-container-servlet-2.27.jar:/home/user/.m2/repository/org/glassfish/hk2/guice-bridge/2.5.0/guice-bridge-2.5.0.jar:/home/user/.m2/repository/org/glassfish/jersey/core/jersey-server/2.27/jersey-server-2.27.jar:/home/user/.m2/repository/org/glassfish/jersey/core/jersey-client/2.27/jersey-client-2.27.jar:/home/user/.m2/repository/org/glassfish/jersey/media/jersey-media-jaxb/2.27/jersey-media-jaxb-2.27.jar:/home/user/.m2/repository/javax/validation/validation-api/1.1.0.Final/validation-api-1.1.0.Final.jar:/home/user/.m2/repository/org/glassfish/jersey/media/jersey-media-json-jackson/2.27/jersey-media-json-jackson-2.27.jar:/home/user/.m2/repository/org/glassfish/jersey/ext/jersey-entity-filtering/2.27/jersey-entity-filtering-2.27.jar:/home/user/.m2/repository/com/google/inject/extensions/guice-assistedinject/4.0/guice-assistedinject-4.0.jar:/home/user/.m2/repository/org/jooq/jooq/3.11.10/jooq-3.11.10.jar:/home/user/.m2/repository/org/jooq/jooq-meta/3.11.10/jooq-meta-3.11.10.jar:/home/user/.m2/repository/org/jooq/jooq-codegen/3.11.10/jooq-codegen-3.11.10.jar:/home/user/.m2/repository/com/jolbox/bonecp/0.8.0.RELEASE/bonecp-0.8.0.RELEASE.jar:/home/user/.m2/repository/org/xerial/sqlite-jdbc/3.25.2/sqlite-jdbc-3.25.2.jar:/home/user/.m2/repository/org/springframework/spring-jdbc/5.1.3.RELEASE/spring-jdbc-5.1.3.RELEASE.jar:/home/user/.m2/repository/org/springframework/spring-beans/5.1.3.RELEASE/spring-beans-5.1.3.RELEASE.jar:/home/user/.m2/repository/org/springframework/spring-core/5.1.3.RELEASE/spring-core-5.1.3.RELEASE.jar:/home/user/.m2/repository/org/springframework/spring-jcl/5.1.3.RELEASE/spring-jcl-5.1.3.RELEASE.jar:/home/user/.m2/repository/org/springframework/spring-tx/5.1.3.RELEASE/spring-tx-5.1.3.RELEASE.jar:/home/user/.m2/repository/org/apache/hadoop/hadoop-ozone-client/0.5.0-SNAPSHOT/hadoop-ozone-client-0.5.0-SNAPSHOT.jar:/home/user/.m2/repository/commons-lang/commons-lang/2.6/commons-lang-2.6.jar:/home/user/.m2/repository/org/apache/hadoop/hadoop-ozone-ozone-manager/0.5.0-SNAPSHOT/hadoop-ozone-ozone-manager-0.5.0-SNAPSHOT-tests.jar:/home/user/.m2/repository/junit/junit/4.11/junit-4.11.jar:/home/user/.m2/repository/org/hamcrest/hamcrest-core/1.3/hamcrest-core-1.3.jar:/home/user/.m2/repository/org/openjdk/jmh/jmh-core/1.19/jmh-core-1.19.jar:/home/user/.m2/repository/net/sf/jopt-simple/jopt-simple/4.6/jopt-simple-4.6.jar:/home/user/.m2/repository/org/apache/commons/commons-math3/3.1.1/commons-math3-3.1.1.jar:/home/user/.m2/repository/org/openjdk/jmh/jmh-generator-annprocess/1.19/jmh-generator-annprocess-1.19.jar:/home/user/.m2/repository/org/mockito/mockito-all/1.8.5/mockito-all-1.8.5.jar:/home/user/.m2/repository/org/apache/hadoop/hadoop-kms/3.2.0/hadoop-kms-3.2.0.jar:/home/user/.m2/repository/org/apache/hadoop/hadoop-auth/3.2.0/hadoop-auth-3.2.0.jar:/home/user/.m2/repository/com/nimbusds/nimbus-jose-jwt/4.41.1/nimbus-jose-jwt-4.41.1.jar:/home/user/.m2/repository/com/github/stephenc/jcip/jcip-annotations/1.0-1/jcip-annotations-1.0-1.jar:/home/user/.m2/repository/net/minidev/json-smart/2.3/json-smart-2.3.jar:/home/user/.m2/repository/net/minidev/accessors-smart/1.2/accessors-smart-1.2.jar:/home/user/.m2/repository/org/ow2/asm/asm/5.0.4/asm-5.0.4.jar:/home/user/.m2/repository/org/apache/curator/curator-framework/2.12.0/curator-framework-2.12.0.jar:/home/user/.m2/repository/com/sun/jersey/jersey-core/1.19/jersey-core-1.19.jar:/home/user/.m2/repository/javax/ws/rs/jsr311-api/1.1.1/jsr311-api-1.1.1.jar:/home/user/.m2/repository/com/sun/jersey/jersey-server/1.19/jersey-server-1.19.jar:/home/user/.m2/repository/javax/servlet/javax.servlet-api/3.1.0/javax.servlet-api-3.1.0.jar:/home/user/.m2/repository/org/eclipse/jetty/jetty-server/9.3.24.v20180605/jetty-server-9.3.24.v20180605.jar:/home/user/.m2/repository/org/eclipse/jetty/jetty-http/9.3.24.v20180605/jetty-http-9.3.24.v20180605.jar:/home/user/.m2/repository/org/eclipse/jetty/jetty-io/9.3.24.v20180605/jetty-io-9.3.24.v20180605.jar:/home/user/.m2/repository/org/eclipse/jetty/jetty-webapp/9.3.24.v20180605/jetty-webapp-9.3.24.v20180605.jar:/home/user/.m2/repository/org/eclipse/jetty/jetty-xml/9.3.24.v20180605/jetty-xml-9.3.24.v20180605.jar:/home/user/.m2/repository/log4j/log4j/1.2.17/log4j-1.2.17.jar:/home/user/.m2/repository/org/slf4j/slf4j-api/1.7.25/slf4j-api-1.7.25.jar:/home/user/.m2/repository/org/slf4j/jul-to-slf4j/1.7.25/jul-to-slf4j-1.7.25.jar:/home/user/.m2/repository/org/eclipse/jetty/jetty-util/9.3.24.v20180605/jetty-util-9.3.24.v20180605.jar:/home/user/.m2/repository/com/fasterxml/jackson/core/jackson-databind/2.9.5/jackson-databind-2.9.5.jar:/home/user/.m2/repository/org/apache/hadoop/hadoop-kms/3.2.0/hadoop-kms-3.2.0-tests.jar:/home/user/.m2/repository/org/apache/hadoop/hadoop-hdds-server-scm/0.5.0-SNAPSHOT/hadoop-hdds-server-scm-0.5.0-SNAPSHOT-tests.jar:/home/user/.m2/repository/org/apache/hadoop/hadoop-hdds-container-service/0.5.0-SNAPSHOT/hadoop-hdds-container-service-0.5.0-SNAPSHOT-tests.jar:/home/user/.m2/repository/org/yaml/snakeyaml/1.16/snakeyaml-1.16.jar:/home/user/.m2/repository/org/apache/hadoop/hadoop-common/3.2.0/hadoop-common-3.2.0-tests.jar:/home/user/.m2/repository/org/apache/hadoop/hadoop-annotations/3.2.0/hadoop-annotations-3.2.0.jar:/usr/lib/jvm/java-1.8-openjdk/jre/../lib/tools.jar:/home/user/.m2/repository/commons-cli/commons-cli/1.2/commons-cli-1.2.jar:/home/user/.m2/repository/org/apache/httpcomponents/httpclient/4.5.2/httpclient-4.5.2.jar:/home/user/.m2/repository/org/apache/httpcomponents/httpcore/4.4.4/httpcore-4.4.4.jar:/home/user/.m2/repository/commons-codec/commons-codec/1.11/commons-codec-1.11.jar:/home/user/.m2/repository/commons-net/commons-net/3.6/commons-net-3.6.jar:/home/user/.m2/repository/commons-collections/commons-collections/3.2.2/commons-collections-3.2.2.jar:/home/user/.m2/repository/org/eclipse/jetty/jetty-servlet/9.3.24.v20180605/jetty-servlet-9.3.24.v20180605.jar:/home/user/.m2/repository/org/eclipse/jetty/jetty-security/9.3.24.v20180605/jetty-security-9.3.24.v20180605.jar:/home/user/.m2/repository/javax/servlet/jsp/jsp-api/2.1/jsp-api-2.1.jar:/home/user/.m2/repository/com/sun/jersey/jersey-servlet/1.19/jersey-servlet-1.19.jar:/home/user/.m2/repository/com/sun/jersey/jersey-json/1.19/jersey-json-1.19.jar:/home/user/.m2/repository/org/codehaus/jettison/jettison/1.1/jettison-1.1.jar:/home/user/.m2/repository/org/codehaus/jackson/jackson-core-asl/1.9.13/jackson-core-asl-1.9.13.jar:/home/user/.m2/repository/org/codehaus/jackson/jackson-mapper-asl/1.9.13/jackson-mapper-asl-1.9.13.jar:/home/user/.m2/repository/org/codehaus/jackson/jackson-jaxrs/1.9.13/jackson-jaxrs-1.9.13.jar:/home/user/.m2/repository/org/codehaus/jackson/jackson-xc/1.9.13/jackson-xc-1.9.13.jar:/home/user/.m2/repository/commons-logging/commons-logging/1.1.3/commons-logging-1.1.3.jar:/home/user/.m2/repository/commons-beanutils/commons-beanutils/1.9.3/commons-beanutils-1.9.3.jar:/home/user/.m2/repository/org/apache/commons/commons-configuration2/2.1.1/commons-configuration2-2.1.1.jar:/home/user/.m2/repository/org/apache/commons/commons-lang3/3.7/commons-lang3-3.7.jar:/home/user/.m2/repository/org/apache/commons/commons-text/1.4/commons-text-1.4.jar:/home/user/.m2/repository/org/apache/avro/avro/1.7.7/avro-1.7.7.jar:/home/user/.m2/repository/com/thoughtworks/paranamer/paranamer/2.3/paranamer-2.3.jar:/home/user/.m2/repository/org/xerial/snappy/snappy-java/1.0.5/snappy-java-1.0.5.jar:/home/user/.m2/repository/com/google/re2j/re2j/1.1/re2j-1.1.jar:/home/user/.m2/repository/com/google/code/gson/gson/2.2.4/gson-2.2.4.jar:/home/user/.m2/repository/com/jcraft/jsch/0.1.54/jsch-0.1.54.jar:/home/user/.m2/repository/org/apache/curator/curator-client/2.12.0/curator-client-2.12.0.jar:/home/user/.m2/repository/org/apache/curator/curator-recipes/2.12.0/curator-recipes-2.12.0.jar:/home/user/.m2/repository/com/google/code/findbugs/jsr305/3.0.0/jsr305-3.0.0.jar:/home/user/.m2/repository/org/apache/htrace/htrace-core4/4.1.0-incubating/htrace-core4-4.1.0-incubating.jar:/home/user/.m2/repository/org/apache/zookeeper/zookeeper/3.4.13/zookeeper-3.4.13.jar:/home/user/.m2/repository/org/apache/yetus/audience-annotations/0.5.0/audience-annotations-0.5.0.jar:/home/user/.m2/repository/org/codehaus/woodstox/stax2-api/3.1.4/stax2-api-3.1.4.jar:/home/user/.m2/repository/com/fasterxml/woodstox/woodstox-core/5.0.3/woodstox-core-5.0.3.jar:/home/user/.m2/repository/dnsjava/dnsjava/2.1.7/dnsjava-2.1.7.jar:/home/user/.m2/repository/org/apache/hadoop/hadoop-hdfs/3.2.0/hadoop-hdfs-3.2.0-tests.jar:/home/user/.m2/repository/org/eclipse/jetty/jetty-util-ajax/9.3.24.v20180605/jetty-util-ajax-9.3.24.v20180605.jar:/home/user/.m2/repository/commons-daemon/commons-daemon/1.0.13/commons-daemon-1.0.13.jar:/home/user/.m2/repository/io/netty/netty/3.10.5.Final/netty-3.10.5.Final.jar:/home/user/.m2/repository/io/netty/netty-all/4.0.52.Final/netty-all-4.0.52.Final.jar:/home/user/.m2/repository/org/fusesource/leveldbjni/leveldbjni-all/1.8/leveldbjni-all-1.8.jar:"/>
    <property name="java.vm.vendor" value="IcedTea"/>
    <property name="sun.arch.data.model" value="64"/>
    <property name="test.build.dir" value="/workdir/hadoop-ozone/integration-test/target/test-dir"/>
    <property name="test.cache.data" value=""/>
    <property name="java.vendor.url" value="https://icedtea.classpath.org"/>
    <property name="user.timezone" value=""/>
    <property name="java.vm.specification.version" value="1.8"/>
    <property name="os.name" value="Linux"/>
    <property name="test.build.data" value="/workdir/hadoop-ozone/integration-test/target/test-dir"/>
    <property name="user.country" value="US"/>
    <property name="sun.java.launcher" value="SUN_STANDARD"/>
    <property name="sun.boot.library.path" value="/usr/lib/jvm/java-1.8-openjdk/jre/lib/amd64"/>
    <property name="sun.java.command" value="/workdir/hadoop-ozone/integration-test/target/surefire/surefirebooter391308853083300109.jar /workdir/hadoop-ozone/integration-test/target/surefire 2019-09-10T17-32-40_455-jvmRun1 surefire3133683914881415295tmp surefire_335973970909887634371tmp"/>
    <property name="test" value="!TestMiniChaosOzoneCluster"/>
    <property name="surefire.test.class.path" value="/workdir/hadoop-ozone/integration-test/target/test-classes:/workdir/hadoop-ozone/integration-test/target/classes:/home/user/.m2/repository/org/apache/hadoop/hadoop-ozone-common/0.5.0-SNAPSHOT/hadoop-ozone-common-0.5.0-SNAPSHOT.jar:/home/user/.m2/repository/org/apache/commons/commons-compress/1.4.1/commons-compress-1.4.1.jar:/home/user/.m2/repository/org/tukaani/xz/1.0/xz-1.0.jar:/home/user/.m2/repository/org/apache/hadoop/hadoop-common/3.2.0/hadoop-common-3.2.0.jar:/home/user/.m2/repository/org/apache/hadoop/hadoop-hdfs/3.2.0/hadoop-hdfs-3.2.0.jar:/home/user/.m2/repository/org/apache/hadoop/hadoop-hdfs-client/3.2.0/hadoop-hdfs-client-3.2.0.jar:/home/user/.m2/repository/com/fasterxml/jackson/core/jackson-annotations/2.9.5/jackson-annotations-2.9.5.jar:/home/user/.m2/repository/org/apache/hadoop/hadoop-hdds-common/0.5.0-SNAPSHOT/hadoop-hdds-common-0.5.0-SNAPSHOT.jar:/home/user/.m2/repository/javax/annotation/javax.annotation-api/1.2/javax.annotation-api-1.2.jar:/home/user/.m2/repository/org/apache/ratis/ratis-server/0.4.0-78e95b9-SNAPSHOT/ratis-server-0.4.0-78e95b9-SNAPSHOT.jar:/home/user/.m2/repository/org/apache/ratis/ratis-thirdparty-misc/0.2.0/ratis-thirdparty-misc-0.2.0.jar:/home/user/.m2/repository/org/apache/ratis/ratis-proto/0.4.0-78e95b9-SNAPSHOT/ratis-proto-0.4.0-78e95b9-SNAPSHOT.jar:/home/user/.m2/repository/org/apache/ratis/ratis-common/0.4.0-78e95b9-SNAPSHOT/ratis-common-0.4.0-78e95b9-SNAPSHOT.jar:/home/user/.m2/repository/org/apache/ratis/ratis-client/0.4.0-78e95b9-SNAPSHOT/ratis-client-0.4.0-78e95b9-SNAPSHOT.jar:/home/user/.m2/repository/org/apache/ratis/ratis-metrics/0.4.0-78e95b9-SNAPSHOT/ratis-metrics-0.4.0-78e95b9-SNAPSHOT.jar:/home/user/.m2/repository/com/github/joshelser/dropwizard-metrics-hadoop-metrics2-reporter/0.1.2/dropwizard-metrics-hadoop-metrics2-reporter-0.1.2.jar:/home/user/.m2/repository/io/dropwizard/metrics/metrics-jvm/3.2.5/metrics-jvm-3.2.5.jar:/home/user/.m2/repository/io/dropwizard/metrics/metrics-ganglia/3.2.5/metrics-ganglia-3.2.5.jar:/home/user/.m2/repository/info/ganglia/gmetric4j/gmetric4j/1.0.7/gmetric4j-1.0.7.jar:/home/user/.m2/repository/org/apache/ratis/ratis-netty/0.4.0-78e95b9-SNAPSHOT/ratis-netty-0.4.0-78e95b9-SNAPSHOT.jar:/home/user/.m2/repository/org/apache/ratis/ratis-grpc/0.4.0-78e95b9-SNAPSHOT/ratis-grpc-0.4.0-78e95b9-SNAPSHOT.jar:/home/user/.m2/repository/org/rocksdb/rocksdbjni/6.0.1/rocksdbjni-6.0.1.jar:/home/user/.m2/repository/org/apache/logging/log4j/log4j-api/2.11.0/log4j-api-2.11.0.jar:/home/user/.m2/repository/org/apache/logging/log4j/log4j-core/2.11.0/log4j-core-2.11.0.jar:/home/user/.m2/repository/com/lmax/disruptor/3.4.2/disruptor-3.4.2.jar:/home/user/.m2/repository/org/apache/commons/commons-pool2/2.6.0/commons-pool2-2.6.0.jar:/home/user/.m2/repository/org/bouncycastle/bcpkix-jdk15on/1.60/bcpkix-jdk15on-1.60.jar:/home/user/.m2/repository/commons-validator/commons-validator/1.6/commons-validator-1.6.jar:/home/user/.m2/repository/commons-digester/commons-digester/1.8.1/commons-digester-1.8.1.jar:/home/user/.m2/repository/io/jaegertracing/jaeger-client/0.33.1/jaeger-client-0.33.1.jar:/home/user/.m2/repository/io/jaegertracing/jaeger-thrift/0.33.1/jaeger-thrift-0.33.1.jar:/home/user/.m2/repository/org/apache/thrift/libthrift/0.11.0/libthrift-0.11.0.jar:/home/user/.m2/repository/com/squareup/okhttp3/okhttp/3.9.0/okhttp-3.9.0.jar:/home/user/.m2/repository/com/squareup/okio/okio/1.13.0/okio-1.13.0.jar:/home/user/.m2/repository/io/jaegertracing/jaeger-core/0.33.1/jaeger-core-0.33.1.jar:/home/user/.m2/repository/io/jaegertracing/jaeger-tracerresolver/0.33.1/jaeger-tracerresolver-0.33.1.jar:/home/user/.m2/repository/io/opentracing/contrib/opentracing-tracerresolver/0.1.5/opentracing-tracerresolver-0.1.5.jar:/home/user/.m2/repository/io/opentracing/opentracing-util/0.31.0/opentracing-util-0.31.0.jar:/home/user/.m2/repository/io/opentracing/opentracing-api/0.31.0/opentracing-api-0.31.0.jar:/home/user/.m2/repository/io/opentracing/opentracing-noop/0.31.0/opentracing-noop-0.31.0.jar:/home/user/.m2/repository/org/apache/hadoop/hadoop-hdds-server-framework/0.5.0-SNAPSHOT/hadoop-hdds-server-framework-0.5.0-SNAPSHOT.jar:/home/user/.m2/repository/org/apache/hadoop/hadoop-hdds-container-service/0.5.0-SNAPSHOT/hadoop-hdds-container-service-0.5.0-SNAPSHOT.jar:/home/user/.m2/repository/org/apache/hadoop/hadoop-hdds-client/0.5.0-SNAPSHOT/hadoop-hdds-client-0.5.0-SNAPSHOT.jar:/home/user/.m2/repository/org/apache/hadoop/hadoop-hdds-tools/0.5.0-SNAPSHOT/hadoop-hdds-tools-0.5.0-SNAPSHOT.jar:/home/user/.m2/repository/org/apache/hadoop/hadoop-hdds-server-scm/0.5.0-SNAPSHOT/hadoop-hdds-server-scm-0.5.0-SNAPSHOT.jar:/home/user/.m2/repository/org/apache/hadoop/hadoop-hdds-docs/0.5.0-SNAPSHOT/hadoop-hdds-docs-0.5.0-SNAPSHOT.jar:/home/user/.m2/repository/io/dropwizard/metrics/metrics-core/3.2.4/metrics-core-3.2.4.jar:/home/user/.m2/repository/org/hamcrest/hamcrest-all/1.3/hamcrest-all-1.3.jar:/home/user/.m2/repository/org/bouncycastle/bcprov-jdk15on/1.60/bcprov-jdk15on-1.60.jar:/home/user/.m2/repository/info/picocli/picocli/3.9.6/picocli-3.9.6.jar:/home/user/.m2/repository/com/google/protobuf/protobuf-java/2.5.0/protobuf-java-2.5.0.jar:/home/user/.m2/repository/com/google/guava/guava/11.0.2/guava-11.0.2.jar:/home/user/.m2/repository/org/apache/hadoop/hadoop-ozone-ozone-manager/0.5.0-SNAPSHOT/hadoop-ozone-ozone-manager-0.5.0-SNAPSHOT.jar:/home/user/.m2/repository/org/apache/hadoop/hadoop-minikdc/3.2.0/hadoop-minikdc-3.2.0.jar:/home/user/.m2/repository/commons-io/commons-io/2.5/commons-io-2.5.jar:/home/user/.m2/repository/org/apache/kerby/kerb-simplekdc/1.0.1/kerb-simplekdc-1.0.1.jar:/home/user/.m2/repository/org/apache/kerby/kerb-client/1.0.1/kerb-client-1.0.1.jar:/home/user/.m2/repository/org/apache/kerby/kerby-config/1.0.1/kerby-config-1.0.1.jar:/home/user/.m2/repository/org/apache/kerby/kerb-core/1.0.1/kerb-core-1.0.1.jar:/home/user/.m2/repository/org/apache/kerby/kerby-pkix/1.0.1/kerby-pkix-1.0.1.jar:/home/user/.m2/repository/org/apache/kerby/kerby-asn1/1.0.1/kerby-asn1-1.0.1.jar:/home/user/.m2/repository/org/apache/kerby/kerby-util/1.0.1/kerby-util-1.0.1.jar:/home/user/.m2/repository/org/apache/kerby/kerb-common/1.0.1/kerb-common-1.0.1.jar:/home/user/.m2/repository/org/apache/kerby/kerb-crypto/1.0.1/kerb-crypto-1.0.1.jar:/home/user/.m2/repository/org/apache/kerby/kerb-util/1.0.1/kerb-util-1.0.1.jar:/home/user/.m2/repository/org/apache/kerby/token-provider/1.0.1/token-provider-1.0.1.jar:/home/user/.m2/repository/org/apache/kerby/kerb-admin/1.0.1/kerb-admin-1.0.1.jar:/home/user/.m2/repository/org/apache/kerby/kerb-server/1.0.1/kerb-server-1.0.1.jar:/home/user/.m2/repository/org/apache/kerby/kerb-identity/1.0.1/kerb-identity-1.0.1.jar:/home/user/.m2/repository/org/apache/kerby/kerby-xdr/1.0.1/kerby-xdr-1.0.1.jar:/home/user/.m2/repository/org/slf4j/slf4j-log4j12/1.7.25/slf4j-log4j12-1.7.25.jar:/home/user/.m2/repository/org/apache/hadoop/hadoop-ozone-s3gateway/0.5.0-SNAPSHOT/hadoop-ozone-s3gateway-0.5.0-SNAPSHOT.jar:/home/user/.m2/repository/org/jboss/weld/servlet/weld-servlet/2.4.7.Final/weld-servlet-2.4.7.Final.jar:/home/user/.m2/repository/org/glassfish/jersey/containers/jersey-container-servlet-core/2.27/jersey-container-servlet-core-2.27.jar:/home/user/.m2/repository/org/glassfish/hk2/external/javax.inject/2.5.0-b42/javax.inject-2.5.0-b42.jar:/home/user/.m2/repository/org/glassfish/jersey/core/jersey-common/2.27/jersey-common-2.27.jar:/home/user/.m2/repository/org/glassfish/hk2/osgi-resource-locator/1.0.1/osgi-resource-locator-1.0.1.jar:/home/user/.m2/repository/javax/ws/rs/javax.ws.rs-api/2.1/javax.ws.rs-api-2.1.jar:/home/user/.m2/repository/org/glassfish/jersey/ext/cdi/jersey-cdi1x/2.27/jersey-cdi1x-2.27.jar:/home/user/.m2/repository/org/glassfish/jersey/inject/jersey-hk2/2.27/jersey-hk2-2.27.jar:/home/user/.m2/repository/org/glassfish/hk2/hk2-locator/2.5.0-b42/hk2-locator-2.5.0-b42.jar:/home/user/.m2/repository/org/javassist/javassist/3.22.0-CR2/javassist-3.22.0-CR2.jar:/home/user/.m2/repository/org/glassfish/hk2/hk2-api/2.5.0/hk2-api-2.5.0.jar:/home/user/.m2/repository/org/glassfish/hk2/external/jakarta.inject/2.5.0/jakarta.inject-2.5.0.jar:/home/user/.m2/repository/org/glassfish/hk2/hk2-utils/2.5.0/hk2-utils-2.5.0.jar:/home/user/.m2/repository/jakarta/annotation/jakarta.annotation-api/1.3.4/jakarta.annotation-api-1.3.4.jar:/home/user/.m2/repository/org/glassfish/hk2/external/aopalliance-repackaged/2.5.0/aopalliance-repackaged-2.5.0.jar:/home/user/.m2/repository/com/fasterxml/jackson/dataformat/jackson-dataformat-xml/2.9.0/jackson-dataformat-xml-2.9.0.jar:/home/user/.m2/repository/com/fasterxml/jackson/core/jackson-core/2.9.5/jackson-core-2.9.5.jar:/home/user/.m2/repository/com/fasterxml/jackson/module/jackson-module-jaxb-annotations/2.9.5/jackson-module-jaxb-annotations-2.9.5.jar:/home/user/.m2/repository/javax/enterprise/cdi-api/1.2/cdi-api-1.2.jar:/home/user/.m2/repository/javax/el/javax.el-api/3.0.0/javax.el-api-3.0.0.jar:/home/user/.m2/repository/javax/interceptor/javax.interceptor-api/1.2/javax.interceptor-api-1.2.jar:/home/user/.m2/repository/javax/inject/javax.inject/1/javax.inject-1.jar:/home/user/.m2/repository/com/sun/xml/bind/jaxb-impl/2.3.0.1/jaxb-impl-2.3.0.1.jar:/home/user/.m2/repository/com/sun/xml/bind/jaxb-core/2.3.0.1/jaxb-core-2.3.0.1.jar:/home/user/.m2/repository/javax/xml/bind/jaxb-api/2.3.0/jaxb-api-2.3.0.jar:/home/user/.m2/repository/javax/activation/activation/1.1.1/activation-1.1.1.jar:/home/user/.m2/repository/org/apache/hadoop/hadoop-ozone-csi/0.5.0-SNAPSHOT/hadoop-ozone-csi-0.5.0-SNAPSHOT.jar:/home/user/.m2/repository/com/google/protobuf/protobuf-java-util/3.5.1/protobuf-java-util-3.5.1.jar:/home/user/.m2/repository/org/apache/hadoop/hadoop-hdds-config/0.5.0-SNAPSHOT/hadoop-hdds-config-0.5.0-SNAPSHOT.jar:/home/user/.m2/repository/io/grpc/grpc-netty/1.17.1/grpc-netty-1.17.1.jar:/home/user/.m2/repository/io/grpc/grpc-core/1.17.1/grpc-core-1.17.1.jar:/home/user/.m2/repository/io/grpc/grpc-context/1.17.1/grpc-context-1.17.1.jar:/home/user/.m2/repository/com/google/errorprone/error_prone_annotations/2.2.0/error_prone_annotations-2.2.0.jar:/home/user/.m2/repository/org/codehaus/mojo/animal-sniffer-annotations/1.17/animal-sniffer-annotations-1.17.jar:/home/user/.m2/repository/io/opencensus/opencensus-api/0.17.0/opencensus-api-0.17.0.jar:/home/user/.m2/repository/io/opencensus/opencensus-contrib-grpc-metrics/0.17.0/opencensus-contrib-grpc-metrics-0.17.0.jar:/home/user/.m2/repository/io/netty/netty-codec-http2/4.1.30.Final/netty-codec-http2-4.1.30.Final.jar:/home/user/.m2/repository/io/netty/netty-codec-http/4.1.30.Final/netty-codec-http-4.1.30.Final.jar:/home/user/.m2/repository/io/netty/netty-codec/4.1.30.Final/netty-codec-4.1.30.Final.jar:/home/user/.m2/repository/io/netty/netty-handler/4.1.30.Final/netty-handler-4.1.30.Final.jar:/home/user/.m2/repository/io/netty/netty-handler-proxy/4.1.30.Final/netty-handler-proxy-4.1.30.Final.jar:/home/user/.m2/repository/io/netty/netty-codec-socks/4.1.30.Final/netty-codec-socks-4.1.30.Final.jar:/home/user/.m2/repository/io/netty/netty-transport-native-epoll/4.1.30.Final/netty-transport-native-epoll-4.1.30.Final.jar:/home/user/.m2/repository/io/netty/netty-common/4.1.30.Final/netty-common-4.1.30.Final.jar:/home/user/.m2/repository/io/netty/netty-buffer/4.1.30.Final/netty-buffer-4.1.30.Final.jar:/home/user/.m2/repository/io/netty/netty-transport/4.1.30.Final/netty-transport-4.1.30.Final.jar:/home/user/.m2/repository/io/netty/netty-resolver/4.1.30.Final/netty-resolver-4.1.30.Final.jar:/home/user/.m2/repository/io/netty/netty-transport-native-unix-common/4.1.30.Final/netty-transport-native-unix-common-4.1.30.Final.jar:/home/user/.m2/repository/io/grpc/grpc-protobuf/1.17.1/grpc-protobuf-1.17.1.jar:/home/user/.m2/repository/com/google/api/grpc/proto-google-common-protos/1.0.0/proto-google-common-protos-1.0.0.jar:/home/user/.m2/repository/io/grpc/grpc-protobuf-lite/1.17.1/grpc-protobuf-lite-1.17.1.jar:/home/user/.m2/repository/io/grpc/grpc-stub/1.17.1/grpc-stub-1.17.1.jar:/home/user/.m2/repository/org/apache/hadoop/hadoop-ozone-recon/0.5.0-SNAPSHOT/hadoop-ozone-recon-0.5.0-SNAPSHOT.jar:/home/user/.m2/repository/org/apache/hadoop/hadoop-ozone-reconcodegen/0.5.0-SNAPSHOT/hadoop-ozone-reconcodegen-0.5.0-SNAPSHOT.jar:/home/user/.m2/repository/com/google/inject/extensions/guice-multibindings/4.0/guice-multibindings-4.0.jar:/home/user/.m2/repository/com/google/inject/guice/4.0/guice-4.0.jar:/home/user/.m2/repository/aopalliance/aopalliance/1.0/aopalliance-1.0.jar:/home/user/.m2/repository/com/google/inject/extensions/guice-servlet/4.0/guice-servlet-4.0.jar:/home/user/.m2/repository/org/glassfish/jersey/containers/jersey-container-servlet/2.27/jersey-container-servlet-2.27.jar:/home/user/.m2/repository/org/glassfish/hk2/guice-bridge/2.5.0/guice-bridge-2.5.0.jar:/home/user/.m2/repository/org/glassfish/jersey/core/jersey-server/2.27/jersey-server-2.27.jar:/home/user/.m2/repository/org/glassfish/jersey/core/jersey-client/2.27/jersey-client-2.27.jar:/home/user/.m2/repository/org/glassfish/jersey/media/jersey-media-jaxb/2.27/jersey-media-jaxb-2.27.jar:/home/user/.m2/repository/javax/validation/validation-api/1.1.0.Final/validation-api-1.1.0.Final.jar:/home/user/.m2/repository/org/glassfish/jersey/media/jersey-media-json-jackson/2.27/jersey-media-json-jackson-2.27.jar:/home/user/.m2/repository/org/glassfish/jersey/ext/jersey-entity-filtering/2.27/jersey-entity-filtering-2.27.jar:/home/user/.m2/repository/com/google/inject/extensions/guice-assistedinject/4.0/guice-assistedinject-4.0.jar:/home/user/.m2/repository/org/jooq/jooq/3.11.10/jooq-3.11.10.jar:/home/user/.m2/repository/org/jooq/jooq-meta/3.11.10/jooq-meta-3.11.10.jar:/home/user/.m2/repository/org/jooq/jooq-codegen/3.11.10/jooq-codegen-3.11.10.jar:/home/user/.m2/repository/com/jolbox/bonecp/0.8.0.RELEASE/bonecp-0.8.0.RELEASE.jar:/home/user/.m2/repository/org/xerial/sqlite-jdbc/3.25.2/sqlite-jdbc-3.25.2.jar:/home/user/.m2/repository/org/springframework/spring-jdbc/5.1.3.RELEASE/spring-jdbc-5.1.3.RELEASE.jar:/home/user/.m2/repository/org/springframework/spring-beans/5.1.3.RELEASE/spring-beans-5.1.3.RELEASE.jar:/home/user/.m2/repository/org/springframework/spring-core/5.1.3.RELEASE/spring-core-5.1.3.RELEASE.jar:/home/user/.m2/repository/org/springframework/spring-jcl/5.1.3.RELEASE/spring-jcl-5.1.3.RELEASE.jar:/home/user/.m2/repository/org/springframework/spring-tx/5.1.3.RELEASE/spring-tx-5.1.3.RELEASE.jar:/home/user/.m2/repository/org/apache/hadoop/hadoop-ozone-client/0.5.0-SNAPSHOT/hadoop-ozone-client-0.5.0-SNAPSHOT.jar:/home/user/.m2/repository/commons-lang/commons-lang/2.6/commons-lang-2.6.jar:/home/user/.m2/repository/org/apache/hadoop/hadoop-ozone-ozone-manager/0.5.0-SNAPSHOT/hadoop-ozone-ozone-manager-0.5.0-SNAPSHOT-tests.jar:/home/user/.m2/repository/junit/junit/4.11/junit-4.11.jar:/home/user/.m2/repository/org/hamcrest/hamcrest-core/1.3/hamcrest-core-1.3.jar:/home/user/.m2/repository/org/openjdk/jmh/jmh-core/1.19/jmh-core-1.19.jar:/home/user/.m2/repository/net/sf/jopt-simple/jopt-simple/4.6/jopt-simple-4.6.jar:/home/user/.m2/repository/org/apache/commons/commons-math3/3.1.1/commons-math3-3.1.1.jar:/home/user/.m2/repository/org/openjdk/jmh/jmh-generator-annprocess/1.19/jmh-generator-annprocess-1.19.jar:/home/user/.m2/repository/org/mockito/mockito-all/1.8.5/mockito-all-1.8.5.jar:/home/user/.m2/repository/org/apache/hadoop/hadoop-kms/3.2.0/hadoop-kms-3.2.0.jar:/home/user/.m2/repository/org/apache/hadoop/hadoop-auth/3.2.0/hadoop-auth-3.2.0.jar:/home/user/.m2/repository/com/nimbusds/nimbus-jose-jwt/4.41.1/nimbus-jose-jwt-4.41.1.jar:/home/user/.m2/repository/com/github/stephenc/jcip/jcip-annotations/1.0-1/jcip-annotations-1.0-1.jar:/home/user/.m2/repository/net/minidev/json-smart/2.3/json-smart-2.3.jar:/home/user/.m2/repository/net/minidev/accessors-smart/1.2/accessors-smart-1.2.jar:/home/user/.m2/repository/org/ow2/asm/asm/5.0.4/asm-5.0.4.jar:/home/user/.m2/repository/org/apache/curator/curator-framework/2.12.0/curator-framework-2.12.0.jar:/home/user/.m2/repository/com/sun/jersey/jersey-core/1.19/jersey-core-1.19.jar:/home/user/.m2/repository/javax/ws/rs/jsr311-api/1.1.1/jsr311-api-1.1.1.jar:/home/user/.m2/repository/com/sun/jersey/jersey-server/1.19/jersey-server-1.19.jar:/home/user/.m2/repository/javax/servlet/javax.servlet-api/3.1.0/javax.servlet-api-3.1.0.jar:/home/user/.m2/repository/org/eclipse/jetty/jetty-server/9.3.24.v20180605/jetty-server-9.3.24.v20180605.jar:/home/user/.m2/repository/org/eclipse/jetty/jetty-http/9.3.24.v20180605/jetty-http-9.3.24.v20180605.jar:/home/user/.m2/repository/org/eclipse/jetty/jetty-io/9.3.24.v20180605/jetty-io-9.3.24.v20180605.jar:/home/user/.m2/repository/org/eclipse/jetty/jetty-webapp/9.3.24.v20180605/jetty-webapp-9.3.24.v20180605.jar:/home/user/.m2/repository/org/eclipse/jetty/jetty-xml/9.3.24.v20180605/jetty-xml-9.3.24.v20180605.jar:/home/user/.m2/repository/log4j/log4j/1.2.17/log4j-1.2.17.jar:/home/user/.m2/repository/org/slf4j/slf4j-api/1.7.25/slf4j-api-1.7.25.jar:/home/user/.m2/repository/org/slf4j/jul-to-slf4j/1.7.25/jul-to-slf4j-1.7.25.jar:/home/user/.m2/repository/org/eclipse/jetty/jetty-util/9.3.24.v20180605/jetty-util-9.3.24.v20180605.jar:/home/user/.m2/repository/com/fasterxml/jackson/core/jackson-databind/2.9.5/jackson-databind-2.9.5.jar:/home/user/.m2/repository/org/apache/hadoop/hadoop-kms/3.2.0/hadoop-kms-3.2.0-tests.jar:/home/user/.m2/repository/org/apache/hadoop/hadoop-hdds-server-scm/0.5.0-SNAPSHOT/hadoop-hdds-server-scm-0.5.0-SNAPSHOT-tests.jar:/home/user/.m2/repository/org/apache/hadoop/hadoop-hdds-container-service/0.5.0-SNAPSHOT/hadoop-hdds-container-service-0.5.0-SNAPSHOT-tests.jar:/home/user/.m2/repository/org/yaml/snakeyaml/1.16/snakeyaml-1.16.jar:/home/user/.m2/repository/org/apache/hadoop/hadoop-common/3.2.0/hadoop-common-3.2.0-tests.jar:/home/user/.m2/repository/org/apache/hadoop/hadoop-annotations/3.2.0/hadoop-annotations-3.2.0.jar:/usr/lib/jvm/java-1.8-openjdk/jre/../lib/tools.jar:/home/user/.m2/repository/commons-cli/commons-cli/1.2/commons-cli-1.2.jar:/home/user/.m2/repository/org/apache/httpcomponents/httpclient/4.5.2/httpclient-4.5.2.jar:/home/user/.m2/repository/org/apache/httpcomponents/httpcore/4.4.4/httpcore-4.4.4.jar:/home/user/.m2/repository/commons-codec/commons-codec/1.11/commons-codec-1.11.jar:/home/user/.m2/repository/commons-net/commons-net/3.6/commons-net-3.6.jar:/home/user/.m2/repository/commons-collections/commons-collections/3.2.2/commons-collections-3.2.2.jar:/home/user/.m2/repository/org/eclipse/jetty/jetty-servlet/9.3.24.v20180605/jetty-servlet-9.3.24.v20180605.jar:/home/user/.m2/repository/org/eclipse/jetty/jetty-security/9.3.24.v20180605/jetty-security-9.3.24.v20180605.jar:/home/user/.m2/repository/javax/servlet/jsp/jsp-api/2.1/jsp-api-2.1.jar:/home/user/.m2/repository/com/sun/jersey/jersey-servlet/1.19/jersey-servlet-1.19.jar:/home/user/.m2/repository/com/sun/jersey/jersey-json/1.19/jersey-json-1.19.jar:/home/user/.m2/repository/org/codehaus/jettison/jettison/1.1/jettison-1.1.jar:/home/user/.m2/repository/org/codehaus/jackson/jackson-core-asl/1.9.13/jackson-core-asl-1.9.13.jar:/home/user/.m2/repository/org/codehaus/jackson/jackson-mapper-asl/1.9.13/jackson-mapper-asl-1.9.13.jar:/home/user/.m2/repository/org/codehaus/jackson/jackson-jaxrs/1.9.13/jackson-jaxrs-1.9.13.jar:/home/user/.m2/repository/org/codehaus/jackson/jackson-xc/1.9.13/jackson-xc-1.9.13.jar:/home/user/.m2/repository/commons-logging/commons-logging/1.1.3/commons-logging-1.1.3.jar:/home/user/.m2/repository/commons-beanutils/commons-beanutils/1.9.3/commons-beanutils-1.9.3.jar:/home/user/.m2/repository/org/apache/commons/commons-configuration2/2.1.1/commons-configuration2-2.1.1.jar:/home/user/.m2/repository/org/apache/commons/commons-lang3/3.7/commons-lang3-3.7.jar:/home/user/.m2/repository/org/apache/commons/commons-text/1.4/commons-text-1.4.jar:/home/user/.m2/repository/org/apache/avro/avro/1.7.7/avro-1.7.7.jar:/home/user/.m2/repository/com/thoughtworks/paranamer/paranamer/2.3/paranamer-2.3.jar:/home/user/.m2/repository/org/xerial/snappy/snappy-java/1.0.5/snappy-java-1.0.5.jar:/home/user/.m2/repository/com/google/re2j/re2j/1.1/re2j-1.1.jar:/home/user/.m2/repository/com/google/code/gson/gson/2.2.4/gson-2.2.4.jar:/home/user/.m2/repository/com/jcraft/jsch/0.1.54/jsch-0.1.54.jar:/home/user/.m2/repository/org/apache/curator/curator-client/2.12.0/curator-client-2.12.0.jar:/home/user/.m2/repository/org/apache/curator/curator-recipes/2.12.0/curator-recipes-2.12.0.jar:/home/user/.m2/repository/com/google/code/findbugs/jsr305/3.0.0/jsr305-3.0.0.jar:/home/user/.m2/repository/org/apache/htrace/htrace-core4/4.1.0-incubating/htrace-core4-4.1.0-incubating.jar:/home/user/.m2/repository/org/apache/zookeeper/zookeeper/3.4.13/zookeeper-3.4.13.jar:/home/user/.m2/repository/org/apache/yetus/audience-annotations/0.5.0/audience-annotations-0.5.0.jar:/home/user/.m2/repository/org/codehaus/woodstox/stax2-api/3.1.4/stax2-api-3.1.4.jar:/home/user/.m2/repository/com/fasterxml/woodstox/woodstox-core/5.0.3/woodstox-core-5.0.3.jar:/home/user/.m2/repository/dnsjava/dnsjava/2.1.7/dnsjava-2.1.7.jar:/home/user/.m2/repository/org/apache/hadoop/hadoop-hdfs/3.2.0/hadoop-hdfs-3.2.0-tests.jar:/home/user/.m2/repository/org/eclipse/jetty/jetty-util-ajax/9.3.24.v20180605/jetty-util-ajax-9.3.24.v20180605.jar:/home/user/.m2/repository/commons-daemon/commons-daemon/1.0.13/commons-daemon-1.0.13.jar:/home/user/.m2/repository/io/netty/netty/3.10.5.Final/netty-3.10.5.Final.jar:/home/user/.m2/repository/io/netty/netty-all/4.0.52.Final/netty-all-4.0.52.Final.jar:/home/user/.m2/repository/org/fusesource/leveldbjni/leveldbjni-all/1.8/leveldbjni-all-1.8.jar:"/>
    <property name="sun.cpu.endian" value="little"/>
    <property name="user.home" value="/home/user"/>
    <property name="user.language" value="en"/>
    <property name="java.specification.vendor" value="Oracle Corporation"/>
    <property name="java.home" value="/usr/lib/jvm/java-1.8-openjdk/jre"/>
    <property name="java.security.krb5.conf" value="/workdir/hadoop-ozone/integration-test/target/test-classes/krb5.conf"/>
    <property name="basedir" value="/workdir/hadoop-ozone/integration-test"/>
    <property name="file.separator" value="/"/>
    <property name="line.separator" value="&#10;"/>
    <property name="java.vm.specification.vendor" value="Oracle Corporation"/>
    <property name="java.specification.name" value="Java Platform API Specification"/>
    <property name="java.awt.graphicsenv" value="sun.awt.X11GraphicsEnvironment"/>
    <property name="surefire.real.class.path" value="/workdir/hadoop-ozone/integration-test/target/surefire/surefirebooter391308853083300109.jar"/>
    <property name="hadoop.log.dir" value="/workdir/hadoop-ozone/integration-test/target/log"/>
    <property name="sun.boot.class.path" value="/usr/lib/jvm/java-1.8-openjdk/jre/lib/resources.jar:/usr/lib/jvm/java-1.8-openjdk/jre/lib/rt.jar:/usr/lib/jvm/java-1.8-openjdk/jre/lib/sunrsasign.jar:/usr/lib/jvm/java-1.8-openjdk/jre/lib/jsse.jar:/usr/lib/jvm/java-1.8-openjdk/jre/lib/jce.jar:/usr/lib/jvm/java-1.8-openjdk/jre/lib/charsets.jar:/usr/lib/jvm/java-1.8-openjdk/jre/lib/jfr.jar:/usr/lib/jvm/java-1.8-openjdk/jre/classes"/>
    <property name="sun.management.compiler" value="HotSpot 64-Bit Tiered Compilers"/>
    <property name="java.runtime.version" value="1.8.0_212-b04"/>
    <property name="java.net.preferIPv4Stack" value="true"/>
    <property name="user.name" value="jenkins1000"/>
    <property name="path.separator" value=":"/>
    <property name="java.security.egd" value="file:///dev/urandom"/>
    <property name="os.version" value="3.10.0-957.12.2.el7.x86_64"/>
    <property name="java.endorsed.dirs" value="/usr/lib/jvm/java-1.8-openjdk/jre/lib/endorsed"/>
    <property name="java.runtime.name" value="OpenJDK Runtime Environment"/>
    <property name="file.encoding" value="UTF-8"/>
    <property name="java.vm.name" value="OpenJDK 64-Bit Server VM"/>
    <property name="test.build.webapps" value=""/>
    <property name="localRepository" value="/home/user/.m2/repository"/>
    <property name="java.vendor.url.bug" value="https://icedtea.classpath.org/bugzilla"/>
    <property name="java.io.tmpdir" value="/tmp"/>
    <property name="require.test.libhadoop" value=""/>
    <property name="java.version" value="1.8.0_212"/>
    <property name="user.dir" value="/workdir/hadoop-ozone/integration-test"/>
    <property name="os.arch" value="amd64"/>
    <property name="java.vm.specification.name" value="Java Virtual Machine Specification"/>
    <property name="test.build.classes" value="/workdir/hadoop-ozone/integration-test/target/test-classes"/>
    <property name="java.awt.printerjob" value="sun.print.PSPrinterJob"/>
    <property name="sun.os.patch.level" value="unknown"/>
    <property name="hadoop.tmp.dir" value="/workdir/hadoop-ozone/integration-test/target/tmp"/>
    <property name="java.library.path" value="/usr/lib/jvm/java-1.8-openjdk/jre/lib/amd64/server:/usr/lib/jvm/java-1.8-openjdk/jre/lib/amd64:/usr/lib/jvm/java-1.8-openjdk/jre/../lib/amd64:/workdir/hadoop-ozone/integration-test/target/native/target/usr/local/lib:/workdir/hadoop-ozone/integration-test/../../hadoop-common-project/hadoop-common/target/native/target/usr/local/lib:/usr/java/packages/lib/amd64:/usr/lib64:/lib64:/lib:/usr/lib"/>
    <property name="java.vm.info" value="mixed mode"/>
    <property name="java.vendor" value="IcedTea"/>
    <property name="java.vm.version" value="25.212-b04"/>
    <property name="java.ext.dirs" value="/usr/lib/jvm/java-1.8-openjdk/jre/lib/ext:/usr/java/packages/lib/ext"/>
    <property name="sun.io.unicode.encoding" value="UnicodeLittle"/>
    <property name="java.class.version" value="52.0"/>
  </properties>
  <testcase name="testFlushChunk" classname="org.apache.hadoop.ozone.client.rpc.TestBlockOutputStream" time="6.875"/>
  <testcase name="testMultiChunkWrite2" classname="org.apache.hadoop.ozone.client.rpc.TestBlockOutputStream" time="0.662"/>
  <testcase name="testMultiChunkWrite" classname="org.apache.hadoop.ozone.client.rpc.TestBlockOutputStream" time="192.792">
    <failure message="expected:&lt;7&gt; but was:&lt;9&gt;" type="java.lang.AssertionError"><![CDATA[java.lang.AssertionError: expected:<7> but was:<9>
	at org.junit.Assert.fail(Assert.java:88)
	at org.junit.Assert.failNotEquals(Assert.java:743)
	at org.junit.Assert.assertEquals(Assert.java:118)
	at org.junit.Assert.assertEquals(Assert.java:555)
	at org.junit.Assert.assertEquals(Assert.java:542)
	at org.apache.hadoop.ozone.client.rpc.TestBlockOutputStream.testMultiChunkWrite(TestBlockOutputStream.java:364)
	at sun.reflect.NativeMethodAccessorImpl.invoke0(Native Method)
	at sun.reflect.NativeMethodAccessorImpl.invoke(NativeMethodAccessorImpl.java:62)
	at sun.reflect.DelegatingMethodAccessorImpl.invoke(DelegatingMethodAccessorImpl.java:43)
	at java.lang.reflect.Method.invoke(Method.java:498)
	at org.junit.runners.model.FrameworkMethod$1.runReflectiveCall(FrameworkMethod.java:47)
	at org.junit.internal.runners.model.ReflectiveCallable.run(ReflectiveCallable.java:12)
	at org.junit.runners.model.FrameworkMethod.invokeExplosively(FrameworkMethod.java:44)
	at org.junit.internal.runners.statements.InvokeMethod.evaluate(InvokeMethod.java:17)
	at org.junit.runners.ParentRunner.runLeaf(ParentRunner.java:271)
	at org.junit.runners.BlockJUnit4ClassRunner.runChild(BlockJUnit4ClassRunner.java:70)
	at org.junit.runners.BlockJUnit4ClassRunner.runChild(BlockJUnit4ClassRunner.java:50)
	at org.junit.runners.ParentRunner$3.run(ParentRunner.java:238)
	at org.junit.runners.ParentRunner$1.schedule(ParentRunner.java:63)
	at org.junit.runners.ParentRunner.runChildren(ParentRunner.java:236)
	at org.junit.runners.ParentRunner.access$000(ParentRunner.java:53)
	at org.junit.runners.ParentRunner$2.evaluate(ParentRunner.java:229)
	at org.junit.internal.runners.statements.RunBefores.evaluate(RunBefores.java:26)
	at org.junit.internal.runners.statements.RunAfters.evaluate(RunAfters.java:27)
	at org.junit.runners.ParentRunner.run(ParentRunner.java:309)
	at org.apache.maven.surefire.junit4.JUnit4Provider.execute(JUnit4Provider.java:365)
	at org.apache.maven.surefire.junit4.JUnit4Provider.executeWithRerun(JUnit4Provider.java:273)
	at org.apache.maven.surefire.junit4.JUnit4Provider.executeTestSet(JUnit4Provider.java:238)
	at org.apache.maven.surefire.junit4.JUnit4Provider.invoke(JUnit4Provider.java:159)
	at org.apache.maven.surefire.booter.ForkedBooter.invokeProviderInSameClassLoader(ForkedBooter.java:384)
	at org.apache.maven.surefire.booter.ForkedBooter.runSuitesInProcess(ForkedBooter.java:345)
	at org.apache.maven.surefire.booter.ForkedBooter.execute(ForkedBooter.java:126)
	at org.apache.maven.surefire.booter.ForkedBooter.main(ForkedBooter.java:418)
]]></failure>
    <system-out><![CDATA[2019-09-10 18:38:07,018 [java.util.concurrent.ThreadPoolExecutor$Worker@2ca0dbdc[State = -1, empty queue]] WARN  server.GrpcLogAppender (GrpcLogAppender.java:timeoutAppendRequest(200)) - b72696e0-9c4e-4740-8bcd-ca4650f90538@group-5CC95CFBF3DB->4d5e76d1-94b4-4344-b272-620ca499a368-GrpcLogAppender: appendEntries Timeout, request=b72696e0-9c4e-4740-8bcd-ca4650f90538->4d5e76d1-94b4-4344-b272-620ca499a368#12-t1, previous=(t:1, i:10), leaderCommit=10, initializing? false, entries: size=1, first=(t:1, i:11), STATEMACHINELOGENTRY, client-1CFF480DE3DE, cid=21
2019-09-10 18:38:07,018 [java.util.concurrent.ThreadPoolExecutor$Worker@38b49b[State = -1, empty queue]] WARN  server.GrpcLogAppender (GrpcLogAppender.java:timeoutAppendRequest(200)) - b72696e0-9c4e-4740-8bcd-ca4650f90538@group-5CC95CFBF3DB->a2905edf-b9c1-421a-8807-b5d3e2a2f0d1-GrpcLogAppender: appendEntries Timeout, request=b72696e0-9c4e-4740-8bcd-ca4650f90538->a2905edf-b9c1-421a-8807-b5d3e2a2f0d1#12-t1, previous=(t:1, i:10), leaderCommit=10, initializing? false, entries: size=1, first=(t:1, i:11), STATEMACHINELOGENTRY, client-1CFF480DE3DE, cid=21
2019-09-10 18:38:07,022 [java.util.concurrent.ThreadPoolExecutor$Worker@2ca0dbdc[State = -1, empty queue]] WARN  server.GrpcLogAppender (GrpcLogAppender.java:timeoutAppendRequest(200)) - b72696e0-9c4e-4740-8bcd-ca4650f90538@group-5CC95CFBF3DB->4d5e76d1-94b4-4344-b272-620ca499a368-GrpcLogAppender: appendEntries Timeout, request=b72696e0-9c4e-4740-8bcd-ca4650f90538->4d5e76d1-94b4-4344-b272-620ca499a368#13-t1, previous=(t:1, i:11), leaderCommit=10, initializing? false, entries: size=1, first=(t:1, i:12), STATEMACHINELOGENTRY, client-1CFF480DE3DE, cid=22
2019-09-10 18:38:07,025 [java.util.concurrent.ThreadPoolExecutor$Worker@38b49b[State = -1, empty queue]] WARN  server.GrpcLogAppender (GrpcLogAppender.java:timeoutAppendRequest(200)) - b72696e0-9c4e-4740-8bcd-ca4650f90538@group-5CC95CFBF3DB->a2905edf-b9c1-421a-8807-b5d3e2a2f0d1-GrpcLogAppender: appendEntries Timeout, request=b72696e0-9c4e-4740-8bcd-ca4650f90538->a2905edf-b9c1-421a-8807-b5d3e2a2f0d1#13-t1, previous=(t:1, i:11), leaderCommit=10, initializing? false, entries: size=1, first=(t:1, i:12), STATEMACHINELOGENTRY, client-1CFF480DE3DE, cid=22
2019-09-10 18:38:07,027 [java.util.concurrent.ThreadPoolExecutor$Worker@2ca0dbdc[State = -1, empty queue]] WARN  server.GrpcLogAppender (GrpcLogAppender.java:timeoutAppendRequest(200)) - b72696e0-9c4e-4740-8bcd-ca4650f90538@group-5CC95CFBF3DB->4d5e76d1-94b4-4344-b272-620ca499a368-GrpcLogAppender: appendEntries Timeout, request=b72696e0-9c4e-4740-8bcd-ca4650f90538->4d5e76d1-94b4-4344-b272-620ca499a368#14-t1, previous=(t:1, i:12), leaderCommit=10, initializing? false, entries: size=1, first=(t:1, i:13), STATEMACHINELOGENTRY, client-1CFF480DE3DE, cid=23
2019-09-10 18:38:07,029 [java.util.concurrent.ThreadPoolExecutor$Worker@38b49b[State = -1, empty queue]] WARN  server.GrpcLogAppender (GrpcLogAppender.java:timeoutAppendRequest(200)) - b72696e0-9c4e-4740-8bcd-ca4650f90538@group-5CC95CFBF3DB->a2905edf-b9c1-421a-8807-b5d3e2a2f0d1-GrpcLogAppender: appendEntries Timeout, request=b72696e0-9c4e-4740-8bcd-ca4650f90538->a2905edf-b9c1-421a-8807-b5d3e2a2f0d1#14-t1, previous=(t:1, i:12), leaderCommit=10, initializing? false, entries: size=1, first=(t:1, i:13), STATEMACHINELOGENTRY, client-1CFF480DE3DE, cid=23
2019-09-10 18:38:09,094 [grpc-default-executor-3] INFO  client.GrpcClientProtocolClient (GrpcClientProtocolClient.java:onNext(264)) - client-1CFF480DE3DE->4d5e76d1-94b4-4344-b272-620ca499a368: receive RaftClientReply:client-1CFF480DE3DE->4d5e76d1-94b4-4344-b272-620ca499a368@group-5CC95CFBF3DB, cid=21, FAILED org.apache.ratis.protocol.NotLeaderException: Server 4d5e76d1-94b4-4344-b272-620ca499a368@group-5CC95CFBF3DB is not the leader b72696e0-9c4e-4740-8bcd-ca4650f90538:192.168.5.139:36803, logIndex=0, commits[4d5e76d1-94b4-4344-b272-620ca499a368:c10, b72696e0-9c4e-4740-8bcd-ca4650f90538:c10, a2905edf-b9c1-421a-8807-b5d3e2a2f0d1:c6]
2019-09-10 18:38:09,520 [java.util.concurrent.ThreadPoolExecutor$Worker@2ca0dbdc[State = -1, empty queue]] WARN  server.GrpcLogAppender (GrpcLogAppender.java:timeoutAppendRequest(200)) - b72696e0-9c4e-4740-8bcd-ca4650f90538@group-5CC95CFBF3DB->4d5e76d1-94b4-4344-b272-620ca499a368-GrpcLogAppender: appendEntries Timeout, request=b72696e0-9c4e-4740-8bcd-ca4650f90538->4d5e76d1-94b4-4344-b272-620ca499a368#15-t1, previous=(t:1, i:13), leaderCommit=10, initializing? false, entries: <empty>
2019-09-10 18:38:09,520 [java.util.concurrent.ThreadPoolExecutor$Worker@38b49b[State = -1, empty queue]] WARN  server.GrpcLogAppender (GrpcLogAppender.java:timeoutAppendRequest(200)) - b72696e0-9c4e-4740-8bcd-ca4650f90538@group-5CC95CFBF3DB->a2905edf-b9c1-421a-8807-b5d3e2a2f0d1-GrpcLogAppender: appendEntries Timeout, request=b72696e0-9c4e-4740-8bcd-ca4650f90538->a2905edf-b9c1-421a-8807-b5d3e2a2f0d1#15-t1, previous=(t:1, i:13), leaderCommit=10, initializing? false, entries: <empty>
2019-09-10 18:38:12,022 [java.util.concurrent.ThreadPoolExecutor$Worker@2ca0dbdc[State = -1, empty queue]] WARN  server.GrpcLogAppender (GrpcLogAppender.java:timeoutAppendRequest(200)) - b72696e0-9c4e-4740-8bcd-ca4650f90538@group-5CC95CFBF3DB->4d5e76d1-94b4-4344-b272-620ca499a368-GrpcLogAppender: appendEntries Timeout, request=b72696e0-9c4e-4740-8bcd-ca4650f90538->4d5e76d1-94b4-4344-b272-620ca499a368#16-t1, previous=(t:1, i:13), leaderCommit=10, initializing? false, entries: <empty>
2019-09-10 18:38:12,022 [java.util.concurrent.ThreadPoolExecutor$Worker@38b49b[State = -1, empty queue]] WARN  server.GrpcLogAppender (GrpcLogAppender.java:timeoutAppendRequest(200)) - b72696e0-9c4e-4740-8bcd-ca4650f90538@group-5CC95CFBF3DB->a2905edf-b9c1-421a-8807-b5d3e2a2f0d1-GrpcLogAppender: appendEntries Timeout, request=b72696e0-9c4e-4740-8bcd-ca4650f90538->a2905edf-b9c1-421a-8807-b5d3e2a2f0d1#16-t1, previous=(t:1, i:13), leaderCommit=10, initializing? false, entries: <empty>
2019-09-10 18:38:14,148 [grpc-default-executor-0] INFO  client.GrpcClientProtocolClient (GrpcClientProtocolClient.java:onNext(264)) - client-1CFF480DE3DE->a2905edf-b9c1-421a-8807-b5d3e2a2f0d1: receive RaftClientReply:client-1CFF480DE3DE->a2905edf-b9c1-421a-8807-b5d3e2a2f0d1@group-5CC95CFBF3DB, cid=21, FAILED org.apache.ratis.protocol.NotLeaderException: Server a2905edf-b9c1-421a-8807-b5d3e2a2f0d1@group-5CC95CFBF3DB is not the leader b72696e0-9c4e-4740-8bcd-ca4650f90538:192.168.5.139:36803, logIndex=0, commits[a2905edf-b9c1-421a-8807-b5d3e2a2f0d1:c10, b72696e0-9c4e-4740-8bcd-ca4650f90538:c10, 4d5e76d1-94b4-4344-b272-620ca499a368:c6]
2019-09-10 18:38:14,206 [4d5e76d1-94b4-4344-b272-620ca499a368@group-5CC95CFBF3DB-SegmentedRaftLogWorker] WARN  segmented.SegmentedRaftLogWorker (SegmentedRaftLogWorker.java:getFromFuture(90)) - Timeout 0/~
org.apache.ratis.protocol.TimeoutIOException: Timeout 10s: WriteLog:12: (t:1, i:12), STATEMACHINELOGENTRY, client-1CFF480DE3DE, cid=22-writeStateMachineData
	at org.apache.ratis.util.IOUtils.getFromFuture(IOUtils.java:87)
	at org.apache.ratis.server.raftlog.segmented.SegmentedRaftLogWorker$StateMachineDataPolicy.getFromFuture(SegmentedRaftLogWorker.java:87)
	at org.apache.ratis.server.raftlog.segmented.SegmentedRaftLogWorker$WriteLog.execute(SegmentedRaftLogWorker.java:477)
	at org.apache.ratis.server.raftlog.segmented.SegmentedRaftLogWorker.run(SegmentedRaftLogWorker.java:289)
	at java.lang.Thread.run(Thread.java:748)
Caused by: java.util.concurrent.TimeoutException
	at java.util.concurrent.CompletableFuture.timedGet(CompletableFuture.java:1771)
	at java.util.concurrent.CompletableFuture.get(CompletableFuture.java:1915)
	at org.apache.ratis.util.IOUtils.getFromFuture(IOUtils.java:79)
	... 4 more
2019-09-10 18:38:14,206 [a2905edf-b9c1-421a-8807-b5d3e2a2f0d1@group-5CC95CFBF3DB-SegmentedRaftLogWorker] WARN  segmented.SegmentedRaftLogWorker (SegmentedRaftLogWorker.java:getFromFuture(90)) - Timeout 0/~
org.apache.ratis.protocol.TimeoutIOException: Timeout 10s: WriteLog:12: (t:1, i:12), STATEMACHINELOGENTRY, client-1CFF480DE3DE, cid=22-writeStateMachineData
	at org.apache.ratis.util.IOUtils.getFromFuture(IOUtils.java:87)
	at org.apache.ratis.server.raftlog.segmented.SegmentedRaftLogWorker$StateMachineDataPolicy.getFromFuture(SegmentedRaftLogWorker.java:87)
	at org.apache.ratis.server.raftlog.segmented.SegmentedRaftLogWorker$WriteLog.execute(SegmentedRaftLogWorker.java:477)
	at org.apache.ratis.server.raftlog.segmented.SegmentedRaftLogWorker.run(SegmentedRaftLogWorker.java:289)
	at java.lang.Thread.run(Thread.java:748)
Caused by: java.util.concurrent.TimeoutException
	at java.util.concurrent.CompletableFuture.timedGet(CompletableFuture.java:1771)
	at java.util.concurrent.CompletableFuture.get(CompletableFuture.java:1915)
	at org.apache.ratis.util.IOUtils.getFromFuture(IOUtils.java:79)
	... 4 more
2019-09-10 18:38:14,206 [b72696e0-9c4e-4740-8bcd-ca4650f90538@group-5CC95CFBF3DB-SegmentedRaftLogWorker] WARN  segmented.SegmentedRaftLogWorker (SegmentedRaftLogWorker.java:getFromFuture(90)) - Timeout 0/~
org.apache.ratis.protocol.TimeoutIOException: Timeout 10s: WriteLog:12: (t:1, i:12), STATEMACHINELOGENTRY, client-1CFF480DE3DE, cid=22-writeStateMachineData
	at org.apache.ratis.util.IOUtils.getFromFuture(IOUtils.java:87)
	at org.apache.ratis.server.raftlog.segmented.SegmentedRaftLogWorker$StateMachineDataPolicy.getFromFuture(SegmentedRaftLogWorker.java:87)
	at org.apache.ratis.server.raftlog.segmented.SegmentedRaftLogWorker$WriteLog.execute(SegmentedRaftLogWorker.java:477)
	at org.apache.ratis.server.raftlog.segmented.SegmentedRaftLogWorker.run(SegmentedRaftLogWorker.java:289)
	at java.lang.Thread.run(Thread.java:748)
Caused by: java.util.concurrent.TimeoutException
	at java.util.concurrent.CompletableFuture.timedGet(CompletableFuture.java:1771)
	at java.util.concurrent.CompletableFuture.get(CompletableFuture.java:1915)
	at org.apache.ratis.util.IOUtils.getFromFuture(IOUtils.java:79)
	... 4 more
2019-09-10 18:38:14,523 [java.util.concurrent.ThreadPoolExecutor$Worker@38b49b[State = -1, empty queue]] WARN  server.GrpcLogAppender (GrpcLogAppender.java:timeoutAppendRequest(200)) - b72696e0-9c4e-4740-8bcd-ca4650f90538@group-5CC95CFBF3DB->a2905edf-b9c1-421a-8807-b5d3e2a2f0d1-GrpcLogAppender: appendEntries Timeout, request=b72696e0-9c4e-4740-8bcd-ca4650f90538->a2905edf-b9c1-421a-8807-b5d3e2a2f0d1#17-t1, previous=(t:1, i:13), leaderCommit=10, initializing? false, entries: <empty>
2019-09-10 18:38:14,523 [java.util.concurrent.ThreadPoolExecutor$Worker@2ca0dbdc[State = -1, empty queue]] WARN  server.GrpcLogAppender (GrpcLogAppender.java:timeoutAppendRequest(200)) - b72696e0-9c4e-4740-8bcd-ca4650f90538@group-5CC95CFBF3DB->4d5e76d1-94b4-4344-b272-620ca499a368-GrpcLogAppender: appendEntries Timeout, request=b72696e0-9c4e-4740-8bcd-ca4650f90538->4d5e76d1-94b4-4344-b272-620ca499a368#17-t1, previous=(t:1, i:13), leaderCommit=10, initializing? false, entries: <empty>
2019-09-10 18:38:17,023 [java.util.concurrent.ThreadPoolExecutor$Worker@2ca0dbdc[State = -1, empty queue]] WARN  server.GrpcLogAppender (GrpcLogAppender.java:timeoutAppendRequest(200)) - b72696e0-9c4e-4740-8bcd-ca4650f90538@group-5CC95CFBF3DB->4d5e76d1-94b4-4344-b272-620ca499a368-GrpcLogAppender: appendEntries Timeout, request=b72696e0-9c4e-4740-8bcd-ca4650f90538->4d5e76d1-94b4-4344-b272-620ca499a368#18-t1, previous=(t:1, i:13), leaderCommit=10, initializing? false, entries: <empty>
2019-09-10 18:38:17,023 [java.util.concurrent.ThreadPoolExecutor$Worker@38b49b[State = -1, empty queue]] WARN  server.GrpcLogAppender (GrpcLogAppender.java:timeoutAppendRequest(200)) - b72696e0-9c4e-4740-8bcd-ca4650f90538@group-5CC95CFBF3DB->a2905edf-b9c1-421a-8807-b5d3e2a2f0d1-GrpcLogAppender: appendEntries Timeout, request=b72696e0-9c4e-4740-8bcd-ca4650f90538->a2905edf-b9c1-421a-8807-b5d3e2a2f0d1#18-t1, previous=(t:1, i:13), leaderCommit=10, initializing? false, entries: <empty>
2019-09-10 18:38:19,204 [grpc-default-executor-0] INFO  client.GrpcClientProtocolClient (GrpcClientProtocolClient.java:onNext(264)) - client-1CFF480DE3DE->4d5e76d1-94b4-4344-b272-620ca499a368: receive RaftClientReply:client-1CFF480DE3DE->4d5e76d1-94b4-4344-b272-620ca499a368@group-5CC95CFBF3DB, cid=21, FAILED org.apache.ratis.protocol.NotLeaderException: Server 4d5e76d1-94b4-4344-b272-620ca499a368@group-5CC95CFBF3DB is not the leader b72696e0-9c4e-4740-8bcd-ca4650f90538:192.168.5.139:36803, logIndex=0, commits[4d5e76d1-94b4-4344-b272-620ca499a368:c10, b72696e0-9c4e-4740-8bcd-ca4650f90538:c10, a2905edf-b9c1-421a-8807-b5d3e2a2f0d1:c6]
2019-09-10 18:38:19,526 [java.util.concurrent.ThreadPoolExecutor$Worker@38b49b[State = -1, empty queue]] WARN  server.GrpcLogAppender (GrpcLogAppender.java:timeoutAppendRequest(200)) - b72696e0-9c4e-4740-8bcd-ca4650f90538@group-5CC95CFBF3DB->a2905edf-b9c1-421a-8807-b5d3e2a2f0d1-GrpcLogAppender: appendEntries Timeout, request=b72696e0-9c4e-4740-8bcd-ca4650f90538->a2905edf-b9c1-421a-8807-b5d3e2a2f0d1#19-t1, previous=(t:1, i:13), leaderCommit=10, initializing? false, entries: <empty>
2019-09-10 18:38:19,526 [java.util.concurrent.ThreadPoolExecutor$Worker@2ca0dbdc[State = -1, empty queue]] WARN  server.GrpcLogAppender (GrpcLogAppender.java:timeoutAppendRequest(200)) - b72696e0-9c4e-4740-8bcd-ca4650f90538@group-5CC95CFBF3DB->4d5e76d1-94b4-4344-b272-620ca499a368-GrpcLogAppender: appendEntries Timeout, request=b72696e0-9c4e-4740-8bcd-ca4650f90538->4d5e76d1-94b4-4344-b272-620ca499a368#19-t1, previous=(t:1, i:13), leaderCommit=10, initializing? false, entries: <empty>
2019-09-10 18:38:22,027 [java.util.concurrent.ThreadPoolExecutor$Worker@2ca0dbdc[State = -1, empty queue]] WARN  server.GrpcLogAppender (GrpcLogAppender.java:timeoutAppendRequest(200)) - b72696e0-9c4e-4740-8bcd-ca4650f90538@group-5CC95CFBF3DB->4d5e76d1-94b4-4344-b272-620ca499a368-GrpcLogAppender: appendEntries Timeout, request=b72696e0-9c4e-4740-8bcd-ca4650f90538->4d5e76d1-94b4-4344-b272-620ca499a368#20-t1, previous=(t:1, i:13), leaderCommit=10, initializing? false, entries: <empty>
2019-09-10 18:38:22,027 [java.util.concurrent.ThreadPoolExecutor$Worker@38b49b[State = -1, empty queue]] WARN  server.GrpcLogAppender (GrpcLogAppender.java:timeoutAppendRequest(200)) - b72696e0-9c4e-4740-8bcd-ca4650f90538@group-5CC95CFBF3DB->a2905edf-b9c1-421a-8807-b5d3e2a2f0d1-GrpcLogAppender: appendEntries Timeout, request=b72696e0-9c4e-4740-8bcd-ca4650f90538->a2905edf-b9c1-421a-8807-b5d3e2a2f0d1#20-t1, previous=(t:1, i:13), leaderCommit=10, initializing? false, entries: <empty>
2019-09-10 18:38:24,208 [4d5e76d1-94b4-4344-b272-620ca499a368@group-5CC95CFBF3DB-SegmentedRaftLogWorker] WARN  segmented.SegmentedRaftLogWorker (SegmentedRaftLogWorker.java:getFromFuture(90)) - Timeout 1/~
org.apache.ratis.protocol.TimeoutIOException: Timeout 10s: WriteLog:12: (t:1, i:12), STATEMACHINELOGENTRY, client-1CFF480DE3DE, cid=22-writeStateMachineData
	at org.apache.ratis.util.IOUtils.getFromFuture(IOUtils.java:87)
	at org.apache.ratis.server.raftlog.segmented.SegmentedRaftLogWorker$StateMachineDataPolicy.getFromFuture(SegmentedRaftLogWorker.java:87)
	at org.apache.ratis.server.raftlog.segmented.SegmentedRaftLogWorker$WriteLog.execute(SegmentedRaftLogWorker.java:477)
	at org.apache.ratis.server.raftlog.segmented.SegmentedRaftLogWorker.run(SegmentedRaftLogWorker.java:289)
	at java.lang.Thread.run(Thread.java:748)
Caused by: java.util.concurrent.TimeoutException
	at java.util.concurrent.CompletableFuture.timedGet(CompletableFuture.java:1771)
	at java.util.concurrent.CompletableFuture.get(CompletableFuture.java:1915)
	at org.apache.ratis.util.IOUtils.getFromFuture(IOUtils.java:79)
	... 4 more
2019-09-10 18:38:24,211 [a2905edf-b9c1-421a-8807-b5d3e2a2f0d1@group-5CC95CFBF3DB-SegmentedRaftLogWorker] WARN  segmented.SegmentedRaftLogWorker (SegmentedRaftLogWorker.java:getFromFuture(90)) - Timeout 1/~
org.apache.ratis.protocol.TimeoutIOException: Timeout 10s: WriteLog:12: (t:1, i:12), STATEMACHINELOGENTRY, client-1CFF480DE3DE, cid=22-writeStateMachineData
	at org.apache.ratis.util.IOUtils.getFromFuture(IOUtils.java:87)
	at org.apache.ratis.server.raftlog.segmented.SegmentedRaftLogWorker$StateMachineDataPolicy.getFromFuture(SegmentedRaftLogWorker.java:87)
	at org.apache.ratis.server.raftlog.segmented.SegmentedRaftLogWorker$WriteLog.execute(SegmentedRaftLogWorker.java:477)
	at org.apache.ratis.server.raftlog.segmented.SegmentedRaftLogWorker.run(SegmentedRaftLogWorker.java:289)
	at java.lang.Thread.run(Thread.java:748)
Caused by: java.util.concurrent.TimeoutException
	at java.util.concurrent.CompletableFuture.timedGet(CompletableFuture.java:1771)
	at java.util.concurrent.CompletableFuture.get(CompletableFuture.java:1915)
	at org.apache.ratis.util.IOUtils.getFromFuture(IOUtils.java:79)
	... 4 more
2019-09-10 18:38:24,211 [b72696e0-9c4e-4740-8bcd-ca4650f90538@group-5CC95CFBF3DB-SegmentedRaftLogWorker] WARN  segmented.SegmentedRaftLogWorker (SegmentedRaftLogWorker.java:getFromFuture(90)) - Timeout 1/~
org.apache.ratis.protocol.TimeoutIOException: Timeout 10s: WriteLog:12: (t:1, i:12), STATEMACHINELOGENTRY, client-1CFF480DE3DE, cid=22-writeStateMachineData
	at org.apache.ratis.util.IOUtils.getFromFuture(IOUtils.java:87)
	at org.apache.ratis.server.raftlog.segmented.SegmentedRaftLogWorker$StateMachineDataPolicy.getFromFuture(SegmentedRaftLogWorker.java:87)
	at org.apache.ratis.server.raftlog.segmented.SegmentedRaftLogWorker$WriteLog.execute(SegmentedRaftLogWorker.java:477)
	at org.apache.ratis.server.raftlog.segmented.SegmentedRaftLogWorker.run(SegmentedRaftLogWorker.java:289)
	at java.lang.Thread.run(Thread.java:748)
Caused by: java.util.concurrent.TimeoutException
	at java.util.concurrent.CompletableFuture.timedGet(CompletableFuture.java:1771)
	at java.util.concurrent.CompletableFuture.get(CompletableFuture.java:1915)
	at org.apache.ratis.util.IOUtils.getFromFuture(IOUtils.java:79)
	... 4 more
2019-09-10 18:38:24,276 [grpc-default-executor-0] INFO  client.GrpcClientProtocolClient (GrpcClientProtocolClient.java:onNext(264)) - client-1CFF480DE3DE->a2905edf-b9c1-421a-8807-b5d3e2a2f0d1: receive RaftClientReply:client-1CFF480DE3DE->a2905edf-b9c1-421a-8807-b5d3e2a2f0d1@group-5CC95CFBF3DB, cid=21, FAILED org.apache.ratis.protocol.NotLeaderException: Server a2905edf-b9c1-421a-8807-b5d3e2a2f0d1@group-5CC95CFBF3DB is not the leader b72696e0-9c4e-4740-8bcd-ca4650f90538:192.168.5.139:36803, logIndex=0, commits[a2905edf-b9c1-421a-8807-b5d3e2a2f0d1:c10, b72696e0-9c4e-4740-8bcd-ca4650f90538:c10, 4d5e76d1-94b4-4344-b272-620ca499a368:c6]
2019-09-10 18:38:24,527 [java.util.concurrent.ThreadPoolExecutor$Worker@2ca0dbdc[State = -1, empty queue]] WARN  server.GrpcLogAppender (GrpcLogAppender.java:timeoutAppendRequest(200)) - b72696e0-9c4e-4740-8bcd-ca4650f90538@group-5CC95CFBF3DB->4d5e76d1-94b4-4344-b272-620ca499a368-GrpcLogAppender: appendEntries Timeout, request=b72696e0-9c4e-4740-8bcd-ca4650f90538->4d5e76d1-94b4-4344-b272-620ca499a368#21-t1, previous=(t:1, i:13), leaderCommit=10, initializing? false, entries: <empty>
2019-09-10 18:38:24,527 [java.util.concurrent.ThreadPoolExecutor$Worker@38b49b[State = -1, empty queue]] WARN  server.GrpcLogAppender (GrpcLogAppender.java:timeoutAppendRequest(200)) - b72696e0-9c4e-4740-8bcd-ca4650f90538@group-5CC95CFBF3DB->a2905edf-b9c1-421a-8807-b5d3e2a2f0d1-GrpcLogAppender: appendEntries Timeout, request=b72696e0-9c4e-4740-8bcd-ca4650f90538->a2905edf-b9c1-421a-8807-b5d3e2a2f0d1#21-t1, previous=(t:1, i:13), leaderCommit=10, initializing? false, entries: <empty>
2019-09-10 18:38:27,029 [java.util.concurrent.ThreadPoolExecutor$Worker@2ca0dbdc[State = -1, empty queue]] WARN  server.GrpcLogAppender (GrpcLogAppender.java:timeoutAppendRequest(200)) - b72696e0-9c4e-4740-8bcd-ca4650f90538@group-5CC95CFBF3DB->4d5e76d1-94b4-4344-b272-620ca499a368-GrpcLogAppender: appendEntries Timeout, request=b72696e0-9c4e-4740-8bcd-ca4650f90538->4d5e76d1-94b4-4344-b272-620ca499a368#22-t1, previous=(t:1, i:13), leaderCommit=10, initializing? false, entries: <empty>
2019-09-10 18:38:27,029 [java.util.concurrent.ThreadPoolExecutor$Worker@38b49b[State = -1, empty queue]] WARN  server.GrpcLogAppender (GrpcLogAppender.java:timeoutAppendRequest(200)) - b72696e0-9c4e-4740-8bcd-ca4650f90538@group-5CC95CFBF3DB->a2905edf-b9c1-421a-8807-b5d3e2a2f0d1-GrpcLogAppender: appendEntries Timeout, request=b72696e0-9c4e-4740-8bcd-ca4650f90538->a2905edf-b9c1-421a-8807-b5d3e2a2f0d1#22-t1, previous=(t:1, i:13), leaderCommit=10, initializing? false, entries: <empty>
2019-09-10 18:38:29,348 [grpc-default-executor-3] INFO  client.GrpcClientProtocolClient (GrpcClientProtocolClient.java:onNext(264)) - client-1CFF480DE3DE->4d5e76d1-94b4-4344-b272-620ca499a368: receive RaftClientReply:client-1CFF480DE3DE->4d5e76d1-94b4-4344-b272-620ca499a368@group-5CC95CFBF3DB, cid=21, FAILED org.apache.ratis.protocol.NotLeaderException: Server 4d5e76d1-94b4-4344-b272-620ca499a368@group-5CC95CFBF3DB is not the leader b72696e0-9c4e-4740-8bcd-ca4650f90538:192.168.5.139:36803, logIndex=0, commits[4d5e76d1-94b4-4344-b272-620ca499a368:c10, b72696e0-9c4e-4740-8bcd-ca4650f90538:c10, a2905edf-b9c1-421a-8807-b5d3e2a2f0d1:c6]
2019-09-10 18:38:29,531 [java.util.concurrent.ThreadPoolExecutor$Worker@2ca0dbdc[State = -1, empty queue]] WARN  server.GrpcLogAppender (GrpcLogAppender.java:timeoutAppendRequest(200)) - b72696e0-9c4e-4740-8bcd-ca4650f90538@group-5CC95CFBF3DB->4d5e76d1-94b4-4344-b272-620ca499a368-GrpcLogAppender: appendEntries Timeout, request=b72696e0-9c4e-4740-8bcd-ca4650f90538->4d5e76d1-94b4-4344-b272-620ca499a368#23-t1, previous=(t:1, i:13), leaderCommit=10, initializing? false, entries: <empty>
2019-09-10 18:38:29,531 [java.util.concurrent.ThreadPoolExecutor$Worker@38b49b[State = -1, empty queue]] WARN  server.GrpcLogAppender (GrpcLogAppender.java:timeoutAppendRequest(200)) - b72696e0-9c4e-4740-8bcd-ca4650f90538@group-5CC95CFBF3DB->a2905edf-b9c1-421a-8807-b5d3e2a2f0d1-GrpcLogAppender: appendEntries Timeout, request=b72696e0-9c4e-4740-8bcd-ca4650f90538->a2905edf-b9c1-421a-8807-b5d3e2a2f0d1#23-t1, previous=(t:1, i:13), leaderCommit=10, initializing? false, entries: <empty>
2019-09-10 18:38:32,031 [java.util.concurrent.ThreadPoolExecutor$Worker@2ca0dbdc[State = -1, empty queue]] WARN  server.GrpcLogAppender (GrpcLogAppender.java:timeoutAppendRequest(200)) - b72696e0-9c4e-4740-8bcd-ca4650f90538@group-5CC95CFBF3DB->4d5e76d1-94b4-4344-b272-620ca499a368-GrpcLogAppender: appendEntries Timeout, request=b72696e0-9c4e-4740-8bcd-ca4650f90538->4d5e76d1-94b4-4344-b272-620ca499a368#24-t1, previous=(t:1, i:13), leaderCommit=10, initializing? false, entries: <empty>
2019-09-10 18:38:32,031 [java.util.concurrent.ThreadPoolExecutor$Worker@38b49b[State = -1, empty queue]] WARN  server.GrpcLogAppender (GrpcLogAppender.java:timeoutAppendRequest(200)) - b72696e0-9c4e-4740-8bcd-ca4650f90538@group-5CC95CFBF3DB->a2905edf-b9c1-421a-8807-b5d3e2a2f0d1-GrpcLogAppender: appendEntries Timeout, request=b72696e0-9c4e-4740-8bcd-ca4650f90538->a2905edf-b9c1-421a-8807-b5d3e2a2f0d1#24-t1, previous=(t:1, i:13), leaderCommit=10, initializing? false, entries: <empty>
2019-09-10 18:38:34,209 [4d5e76d1-94b4-4344-b272-620ca499a368@group-5CC95CFBF3DB-SegmentedRaftLogWorker] WARN  segmented.SegmentedRaftLogWorker (SegmentedRaftLogWorker.java:getFromFuture(90)) - Timeout 2/~
org.apache.ratis.protocol.TimeoutIOException: Timeout 10s: WriteLog:12: (t:1, i:12), STATEMACHINELOGENTRY, client-1CFF480DE3DE, cid=22-writeStateMachineData
	at org.apache.ratis.util.IOUtils.getFromFuture(IOUtils.java:87)
	at org.apache.ratis.server.raftlog.segmented.SegmentedRaftLogWorker$StateMachineDataPolicy.getFromFuture(SegmentedRaftLogWorker.java:87)
	at org.apache.ratis.server.raftlog.segmented.SegmentedRaftLogWorker$WriteLog.execute(SegmentedRaftLogWorker.java:477)
	at org.apache.ratis.server.raftlog.segmented.SegmentedRaftLogWorker.run(SegmentedRaftLogWorker.java:289)
	at java.lang.Thread.run(Thread.java:748)
Caused by: java.util.concurrent.TimeoutException
	at java.util.concurrent.CompletableFuture.timedGet(CompletableFuture.java:1771)
	at java.util.concurrent.CompletableFuture.get(CompletableFuture.java:1915)
	at org.apache.ratis.util.IOUtils.getFromFuture(IOUtils.java:79)
	... 4 more
2019-09-10 18:38:34,212 [a2905edf-b9c1-421a-8807-b5d3e2a2f0d1@group-5CC95CFBF3DB-SegmentedRaftLogWorker] WARN  segmented.SegmentedRaftLogWorker (SegmentedRaftLogWorker.java:getFromFuture(90)) - Timeout 2/~
org.apache.ratis.protocol.TimeoutIOException: Timeout 10s: WriteLog:12: (t:1, i:12), STATEMACHINELOGENTRY, client-1CFF480DE3DE, cid=22-writeStateMachineData
	at org.apache.ratis.util.IOUtils.getFromFuture(IOUtils.java:87)
	at org.apache.ratis.server.raftlog.segmented.SegmentedRaftLogWorker$StateMachineDataPolicy.getFromFuture(SegmentedRaftLogWorker.java:87)
	at org.apache.ratis.server.raftlog.segmented.SegmentedRaftLogWorker$WriteLog.execute(SegmentedRaftLogWorker.java:477)
	at org.apache.ratis.server.raftlog.segmented.SegmentedRaftLogWorker.run(SegmentedRaftLogWorker.java:289)
	at java.lang.Thread.run(Thread.java:748)
Caused by: java.util.concurrent.TimeoutException
	at java.util.concurrent.CompletableFuture.timedGet(CompletableFuture.java:1771)
	at java.util.concurrent.CompletableFuture.get(CompletableFuture.java:1915)
	at org.apache.ratis.util.IOUtils.getFromFuture(IOUtils.java:79)
	... 4 more
2019-09-10 18:38:34,212 [b72696e0-9c4e-4740-8bcd-ca4650f90538@group-5CC95CFBF3DB-SegmentedRaftLogWorker] WARN  segmented.SegmentedRaftLogWorker (SegmentedRaftLogWorker.java:getFromFuture(90)) - Timeout 2/~
org.apache.ratis.protocol.TimeoutIOException: Timeout 10s: WriteLog:12: (t:1, i:12), STATEMACHINELOGENTRY, client-1CFF480DE3DE, cid=22-writeStateMachineData
	at org.apache.ratis.util.IOUtils.getFromFuture(IOUtils.java:87)
	at org.apache.ratis.server.raftlog.segmented.SegmentedRaftLogWorker$StateMachineDataPolicy.getFromFuture(SegmentedRaftLogWorker.java:87)
	at org.apache.ratis.server.raftlog.segmented.SegmentedRaftLogWorker$WriteLog.execute(SegmentedRaftLogWorker.java:477)
	at org.apache.ratis.server.raftlog.segmented.SegmentedRaftLogWorker.run(SegmentedRaftLogWorker.java:289)
	at java.lang.Thread.run(Thread.java:748)
Caused by: java.util.concurrent.TimeoutException
	at java.util.concurrent.CompletableFuture.timedGet(CompletableFuture.java:1771)
	at java.util.concurrent.CompletableFuture.get(CompletableFuture.java:1915)
	at org.apache.ratis.util.IOUtils.getFromFuture(IOUtils.java:79)
	... 4 more
2019-09-10 18:38:34,398 [grpc-default-executor-0] INFO  client.GrpcClientProtocolClient (GrpcClientProtocolClient.java:onNext(264)) - client-1CFF480DE3DE->4d5e76d1-94b4-4344-b272-620ca499a368: receive RaftClientReply:client-1CFF480DE3DE->4d5e76d1-94b4-4344-b272-620ca499a368@group-5CC95CFBF3DB, cid=21, FAILED org.apache.ratis.protocol.NotLeaderException: Server 4d5e76d1-94b4-4344-b272-620ca499a368@group-5CC95CFBF3DB is not the leader b72696e0-9c4e-4740-8bcd-ca4650f90538:192.168.5.139:36803, logIndex=0, commits[4d5e76d1-94b4-4344-b272-620ca499a368:c10, b72696e0-9c4e-4740-8bcd-ca4650f90538:c10, a2905edf-b9c1-421a-8807-b5d3e2a2f0d1:c6]
2019-09-10 18:38:34,533 [java.util.concurrent.ThreadPoolExecutor$Worker@2ca0dbdc[State = -1, empty queue]] WARN  server.GrpcLogAppender (GrpcLogAppender.java:timeoutAppendRequest(200)) - b72696e0-9c4e-4740-8bcd-ca4650f90538@group-5CC95CFBF3DB->4d5e76d1-94b4-4344-b272-620ca499a368-GrpcLogAppender: appendEntries Timeout, request=b72696e0-9c4e-4740-8bcd-ca4650f90538->4d5e76d1-94b4-4344-b272-620ca499a368#25-t1, previous=(t:1, i:13), leaderCommit=10, initializing? false, entries: <empty>
2019-09-10 18:38:34,533 [java.util.concurrent.ThreadPoolExecutor$Worker@38b49b[State = -1, empty queue]] WARN  server.GrpcLogAppender (GrpcLogAppender.java:timeoutAppendRequest(200)) - b72696e0-9c4e-4740-8bcd-ca4650f90538@group-5CC95CFBF3DB->a2905edf-b9c1-421a-8807-b5d3e2a2f0d1-GrpcLogAppender: appendEntries Timeout, request=b72696e0-9c4e-4740-8bcd-ca4650f90538->a2905edf-b9c1-421a-8807-b5d3e2a2f0d1#25-t1, previous=(t:1, i:13), leaderCommit=10, initializing? false, entries: <empty>
2019-09-10 18:38:37,034 [java.util.concurrent.ThreadPoolExecutor$Worker@38b49b[State = -1, empty queue]] WARN  server.GrpcLogAppender (GrpcLogAppender.java:timeoutAppendRequest(200)) - b72696e0-9c4e-4740-8bcd-ca4650f90538@group-5CC95CFBF3DB->a2905edf-b9c1-421a-8807-b5d3e2a2f0d1-GrpcLogAppender: appendEntries Timeout, request=b72696e0-9c4e-4740-8bcd-ca4650f90538->a2905edf-b9c1-421a-8807-b5d3e2a2f0d1#26-t1, previous=(t:1, i:13), leaderCommit=10, initializing? false, entries: <empty>
2019-09-10 18:38:37,034 [java.util.concurrent.ThreadPoolExecutor$Worker@2ca0dbdc[State = -1, empty queue]] WARN  server.GrpcLogAppender (GrpcLogAppender.java:timeoutAppendRequest(200)) - b72696e0-9c4e-4740-8bcd-ca4650f90538@group-5CC95CFBF3DB->4d5e76d1-94b4-4344-b272-620ca499a368-GrpcLogAppender: appendEntries Timeout, request=b72696e0-9c4e-4740-8bcd-ca4650f90538->4d5e76d1-94b4-4344-b272-620ca499a368#26-t1, previous=(t:1, i:13), leaderCommit=10, initializing? false, entries: <empty>
2019-09-10 18:38:39,475 [grpc-default-executor-0] INFO  client.GrpcClientProtocolClient (GrpcClientProtocolClient.java:onNext(264)) - client-1CFF480DE3DE->4d5e76d1-94b4-4344-b272-620ca499a368: receive RaftClientReply:client-1CFF480DE3DE->4d5e76d1-94b4-4344-b272-620ca499a368@group-5CC95CFBF3DB, cid=21, FAILED org.apache.ratis.protocol.NotLeaderException: Server 4d5e76d1-94b4-4344-b272-620ca499a368@group-5CC95CFBF3DB is not the leader b72696e0-9c4e-4740-8bcd-ca4650f90538:192.168.5.139:36803, logIndex=0, commits[4d5e76d1-94b4-4344-b272-620ca499a368:c10, b72696e0-9c4e-4740-8bcd-ca4650f90538:c10, a2905edf-b9c1-421a-8807-b5d3e2a2f0d1:c6]
2019-09-10 18:38:39,534 [java.util.concurrent.ThreadPoolExecutor$Worker@2ca0dbdc[State = -1, empty queue]] WARN  server.GrpcLogAppender (GrpcLogAppender.java:timeoutAppendRequest(200)) - b72696e0-9c4e-4740-8bcd-ca4650f90538@group-5CC95CFBF3DB->4d5e76d1-94b4-4344-b272-620ca499a368-GrpcLogAppender: appendEntries Timeout, request=b72696e0-9c4e-4740-8bcd-ca4650f90538->4d5e76d1-94b4-4344-b272-620ca499a368#27-t1, previous=(t:1, i:13), leaderCommit=10, initializing? false, entries: <empty>
2019-09-10 18:38:39,534 [java.util.concurrent.ThreadPoolExecutor$Worker@38b49b[State = -1, empty queue]] WARN  server.GrpcLogAppender (GrpcLogAppender.java:timeoutAppendRequest(200)) - b72696e0-9c4e-4740-8bcd-ca4650f90538@group-5CC95CFBF3DB->a2905edf-b9c1-421a-8807-b5d3e2a2f0d1-GrpcLogAppender: appendEntries Timeout, request=b72696e0-9c4e-4740-8bcd-ca4650f90538->a2905edf-b9c1-421a-8807-b5d3e2a2f0d1#27-t1, previous=(t:1, i:13), leaderCommit=10, initializing? false, entries: <empty>
2019-09-10 18:38:42,036 [java.util.concurrent.ThreadPoolExecutor$Worker@38b49b[State = -1, empty queue]] WARN  server.GrpcLogAppender (GrpcLogAppender.java:timeoutAppendRequest(200)) - b72696e0-9c4e-4740-8bcd-ca4650f90538@group-5CC95CFBF3DB->a2905edf-b9c1-421a-8807-b5d3e2a2f0d1-GrpcLogAppender: appendEntries Timeout, request=b72696e0-9c4e-4740-8bcd-ca4650f90538->a2905edf-b9c1-421a-8807-b5d3e2a2f0d1#28-t1, previous=(t:1, i:13), leaderCommit=10, initializing? false, entries: <empty>
2019-09-10 18:38:42,036 [java.util.concurrent.ThreadPoolExecutor$Worker@2ca0dbdc[State = -1, empty queue]] WARN  server.GrpcLogAppender (GrpcLogAppender.java:timeoutAppendRequest(200)) - b72696e0-9c4e-4740-8bcd-ca4650f90538@group-5CC95CFBF3DB->4d5e76d1-94b4-4344-b272-620ca499a368-GrpcLogAppender: appendEntries Timeout, request=b72696e0-9c4e-4740-8bcd-ca4650f90538->4d5e76d1-94b4-4344-b272-620ca499a368#28-t1, previous=(t:1, i:13), leaderCommit=10, initializing? false, entries: <empty>
2019-09-10 18:38:44,211 [4d5e76d1-94b4-4344-b272-620ca499a368@group-5CC95CFBF3DB-SegmentedRaftLogWorker] WARN  segmented.SegmentedRaftLogWorker (SegmentedRaftLogWorker.java:getFromFuture(90)) - Timeout 3/~
org.apache.ratis.protocol.TimeoutIOException: Timeout 10s: WriteLog:12: (t:1, i:12), STATEMACHINELOGENTRY, client-1CFF480DE3DE, cid=22-writeStateMachineData
	at org.apache.ratis.util.IOUtils.getFromFuture(IOUtils.java:87)
	at org.apache.ratis.server.raftlog.segmented.SegmentedRaftLogWorker$StateMachineDataPolicy.getFromFuture(SegmentedRaftLogWorker.java:87)
	at org.apache.ratis.server.raftlog.segmented.SegmentedRaftLogWorker$WriteLog.execute(SegmentedRaftLogWorker.java:477)
	at org.apache.ratis.server.raftlog.segmented.SegmentedRaftLogWorker.run(SegmentedRaftLogWorker.java:289)
	at java.lang.Thread.run(Thread.java:748)
Caused by: java.util.concurrent.TimeoutException
	at java.util.concurrent.CompletableFuture.timedGet(CompletableFuture.java:1771)
	at java.util.concurrent.CompletableFuture.get(CompletableFuture.java:1915)
	at org.apache.ratis.util.IOUtils.getFromFuture(IOUtils.java:79)
	... 4 more
2019-09-10 18:38:44,212 [a2905edf-b9c1-421a-8807-b5d3e2a2f0d1@group-5CC95CFBF3DB-SegmentedRaftLogWorker] WARN  segmented.SegmentedRaftLogWorker (SegmentedRaftLogWorker.java:getFromFuture(90)) - Timeout 3/~
org.apache.ratis.protocol.TimeoutIOException: Timeout 10s: WriteLog:12: (t:1, i:12), STATEMACHINELOGENTRY, client-1CFF480DE3DE, cid=22-writeStateMachineData
	at org.apache.ratis.util.IOUtils.getFromFuture(IOUtils.java:87)
	at org.apache.ratis.server.raftlog.segmented.SegmentedRaftLogWorker$StateMachineDataPolicy.getFromFuture(SegmentedRaftLogWorker.java:87)
	at org.apache.ratis.server.raftlog.segmented.SegmentedRaftLogWorker$WriteLog.execute(SegmentedRaftLogWorker.java:477)
	at org.apache.ratis.server.raftlog.segmented.SegmentedRaftLogWorker.run(SegmentedRaftLogWorker.java:289)
	at java.lang.Thread.run(Thread.java:748)
Caused by: java.util.concurrent.TimeoutException
	at java.util.concurrent.CompletableFuture.timedGet(CompletableFuture.java:1771)
	at java.util.concurrent.CompletableFuture.get(CompletableFuture.java:1915)
	at org.apache.ratis.util.IOUtils.getFromFuture(IOUtils.java:79)
	... 4 more
2019-09-10 18:38:44,213 [b72696e0-9c4e-4740-8bcd-ca4650f90538@group-5CC95CFBF3DB-SegmentedRaftLogWorker] WARN  segmented.SegmentedRaftLogWorker (SegmentedRaftLogWorker.java:getFromFuture(90)) - Timeout 3/~
org.apache.ratis.protocol.TimeoutIOException: Timeout 10s: WriteLog:12: (t:1, i:12), STATEMACHINELOGENTRY, client-1CFF480DE3DE, cid=22-writeStateMachineData
	at org.apache.ratis.util.IOUtils.getFromFuture(IOUtils.java:87)
	at org.apache.ratis.server.raftlog.segmented.SegmentedRaftLogWorker$StateMachineDataPolicy.getFromFuture(SegmentedRaftLogWorker.java:87)
	at org.apache.ratis.server.raftlog.segmented.SegmentedRaftLogWorker$WriteLog.execute(SegmentedRaftLogWorker.java:477)
	at org.apache.ratis.server.raftlog.segmented.SegmentedRaftLogWorker.run(SegmentedRaftLogWorker.java:289)
	at java.lang.Thread.run(Thread.java:748)
Caused by: java.util.concurrent.TimeoutException
	at java.util.concurrent.CompletableFuture.timedGet(CompletableFuture.java:1771)
	at java.util.concurrent.CompletableFuture.get(CompletableFuture.java:1915)
	at org.apache.ratis.util.IOUtils.getFromFuture(IOUtils.java:79)
	... 4 more
2019-09-10 18:38:44,534 [grpc-default-executor-3] INFO  client.GrpcClientProtocolClient (GrpcClientProtocolClient.java:onNext(264)) - client-1CFF480DE3DE->4d5e76d1-94b4-4344-b272-620ca499a368: receive RaftClientReply:client-1CFF480DE3DE->4d5e76d1-94b4-4344-b272-620ca499a368@group-5CC95CFBF3DB, cid=21, FAILED org.apache.ratis.protocol.NotLeaderException: Server 4d5e76d1-94b4-4344-b272-620ca499a368@group-5CC95CFBF3DB is not the leader b72696e0-9c4e-4740-8bcd-ca4650f90538:192.168.5.139:36803, logIndex=0, commits[4d5e76d1-94b4-4344-b272-620ca499a368:c10, b72696e0-9c4e-4740-8bcd-ca4650f90538:c10, a2905edf-b9c1-421a-8807-b5d3e2a2f0d1:c6]
2019-09-10 18:38:44,540 [java.util.concurrent.ThreadPoolExecutor$Worker@38b49b[State = -1, empty queue]] WARN  server.GrpcLogAppender (GrpcLogAppender.java:timeoutAppendRequest(200)) - b72696e0-9c4e-4740-8bcd-ca4650f90538@group-5CC95CFBF3DB->a2905edf-b9c1-421a-8807-b5d3e2a2f0d1-GrpcLogAppender: appendEntries Timeout, request=b72696e0-9c4e-4740-8bcd-ca4650f90538->a2905edf-b9c1-421a-8807-b5d3e2a2f0d1#29-t1, previous=(t:1, i:13), leaderCommit=10, initializing? false, entries: <empty>
2019-09-10 18:38:44,544 [java.util.concurrent.ThreadPoolExecutor$Worker@2ca0dbdc[State = -1, empty queue]] WARN  server.GrpcLogAppender (GrpcLogAppender.java:timeoutAppendRequest(200)) - b72696e0-9c4e-4740-8bcd-ca4650f90538@group-5CC95CFBF3DB->4d5e76d1-94b4-4344-b272-620ca499a368-GrpcLogAppender: appendEntries Timeout, request=b72696e0-9c4e-4740-8bcd-ca4650f90538->4d5e76d1-94b4-4344-b272-620ca499a368#29-t1, previous=(t:1, i:13), leaderCommit=10, initializing? false, entries: <empty>
2019-09-10 18:38:47,037 [java.util.concurrent.ThreadPoolExecutor$Worker@2ca0dbdc[State = -1, empty queue]] WARN  server.GrpcLogAppender (GrpcLogAppender.java:timeoutAppendRequest(200)) - b72696e0-9c4e-4740-8bcd-ca4650f90538@group-5CC95CFBF3DB->4d5e76d1-94b4-4344-b272-620ca499a368-GrpcLogAppender: appendEntries Timeout, request=b72696e0-9c4e-4740-8bcd-ca4650f90538->4d5e76d1-94b4-4344-b272-620ca499a368#30-t1, previous=(t:1, i:13), leaderCommit=10, initializing? false, entries: <empty>
2019-09-10 18:38:47,037 [java.util.concurrent.ThreadPoolExecutor$Worker@38b49b[State = -1, empty queue]] WARN  server.GrpcLogAppender (GrpcLogAppender.java:timeoutAppendRequest(200)) - b72696e0-9c4e-4740-8bcd-ca4650f90538@group-5CC95CFBF3DB->a2905edf-b9c1-421a-8807-b5d3e2a2f0d1-GrpcLogAppender: appendEntries Timeout, request=b72696e0-9c4e-4740-8bcd-ca4650f90538->a2905edf-b9c1-421a-8807-b5d3e2a2f0d1#30-t1, previous=(t:1, i:13), leaderCommit=10, initializing? false, entries: <empty>
2019-09-10 18:38:49,538 [java.util.concurrent.ThreadPoolExecutor$Worker@2ca0dbdc[State = -1, empty queue]] WARN  server.GrpcLogAppender (GrpcLogAppender.java:timeoutAppendRequest(200)) - b72696e0-9c4e-4740-8bcd-ca4650f90538@group-5CC95CFBF3DB->4d5e76d1-94b4-4344-b272-620ca499a368-GrpcLogAppender: appendEntries Timeout, request=b72696e0-9c4e-4740-8bcd-ca4650f90538->4d5e76d1-94b4-4344-b272-620ca499a368#31-t1, previous=(t:1, i:13), leaderCommit=10, initializing? false, entries: <empty>
2019-09-10 18:38:49,538 [java.util.concurrent.ThreadPoolExecutor$Worker@38b49b[State = -1, empty queue]] WARN  server.GrpcLogAppender (GrpcLogAppender.java:timeoutAppendRequest(200)) - b72696e0-9c4e-4740-8bcd-ca4650f90538@group-5CC95CFBF3DB->a2905edf-b9c1-421a-8807-b5d3e2a2f0d1-GrpcLogAppender: appendEntries Timeout, request=b72696e0-9c4e-4740-8bcd-ca4650f90538->a2905edf-b9c1-421a-8807-b5d3e2a2f0d1#31-t1, previous=(t:1, i:13), leaderCommit=10, initializing? false, entries: <empty>
2019-09-10 18:38:49,579 [grpc-default-executor-0] INFO  client.GrpcClientProtocolClient (GrpcClientProtocolClient.java:onNext(264)) - client-1CFF480DE3DE->a2905edf-b9c1-421a-8807-b5d3e2a2f0d1: receive RaftClientReply:client-1CFF480DE3DE->a2905edf-b9c1-421a-8807-b5d3e2a2f0d1@group-5CC95CFBF3DB, cid=21, FAILED org.apache.ratis.protocol.NotLeaderException: Server a2905edf-b9c1-421a-8807-b5d3e2a2f0d1@group-5CC95CFBF3DB is not the leader b72696e0-9c4e-4740-8bcd-ca4650f90538:192.168.5.139:36803, logIndex=0, commits[a2905edf-b9c1-421a-8807-b5d3e2a2f0d1:c10, b72696e0-9c4e-4740-8bcd-ca4650f90538:c10, 4d5e76d1-94b4-4344-b272-620ca499a368:c6]
2019-09-10 18:38:52,039 [java.util.concurrent.ThreadPoolExecutor$Worker@2ca0dbdc[State = -1, empty queue]] WARN  server.GrpcLogAppender (GrpcLogAppender.java:timeoutAppendRequest(200)) - b72696e0-9c4e-4740-8bcd-ca4650f90538@group-5CC95CFBF3DB->4d5e76d1-94b4-4344-b272-620ca499a368-GrpcLogAppender: appendEntries Timeout, request=b72696e0-9c4e-4740-8bcd-ca4650f90538->4d5e76d1-94b4-4344-b272-620ca499a368#32-t1, previous=(t:1, i:13), leaderCommit=10, initializing? false, entries: <empty>
2019-09-10 18:38:52,039 [java.util.concurrent.ThreadPoolExecutor$Worker@38b49b[State = -1, empty queue]] WARN  server.GrpcLogAppender (GrpcLogAppender.java:timeoutAppendRequest(200)) - b72696e0-9c4e-4740-8bcd-ca4650f90538@group-5CC95CFBF3DB->a2905edf-b9c1-421a-8807-b5d3e2a2f0d1-GrpcLogAppender: appendEntries Timeout, request=b72696e0-9c4e-4740-8bcd-ca4650f90538->a2905edf-b9c1-421a-8807-b5d3e2a2f0d1#32-t1, previous=(t:1, i:13), leaderCommit=10, initializing? false, entries: <empty>
2019-09-10 18:38:54,212 [4d5e76d1-94b4-4344-b272-620ca499a368@group-5CC95CFBF3DB-SegmentedRaftLogWorker] WARN  segmented.SegmentedRaftLogWorker (SegmentedRaftLogWorker.java:getFromFuture(90)) - Timeout 4/~
org.apache.ratis.protocol.TimeoutIOException: Timeout 10s: WriteLog:12: (t:1, i:12), STATEMACHINELOGENTRY, client-1CFF480DE3DE, cid=22-writeStateMachineData
	at org.apache.ratis.util.IOUtils.getFromFuture(IOUtils.java:87)
	at org.apache.ratis.server.raftlog.segmented.SegmentedRaftLogWorker$StateMachineDataPolicy.getFromFuture(SegmentedRaftLogWorker.java:87)
	at org.apache.ratis.server.raftlog.segmented.SegmentedRaftLogWorker$WriteLog.execute(SegmentedRaftLogWorker.java:477)
	at org.apache.ratis.server.raftlog.segmented.SegmentedRaftLogWorker.run(SegmentedRaftLogWorker.java:289)
	at java.lang.Thread.run(Thread.java:748)
Caused by: java.util.concurrent.TimeoutException
	at java.util.concurrent.CompletableFuture.timedGet(CompletableFuture.java:1771)
	at java.util.concurrent.CompletableFuture.get(CompletableFuture.java:1915)
	at org.apache.ratis.util.IOUtils.getFromFuture(IOUtils.java:79)
	... 4 more
2019-09-10 18:38:54,213 [a2905edf-b9c1-421a-8807-b5d3e2a2f0d1@group-5CC95CFBF3DB-SegmentedRaftLogWorker] WARN  segmented.SegmentedRaftLogWorker (SegmentedRaftLogWorker.java:getFromFuture(90)) - Timeout 4/~
org.apache.ratis.protocol.TimeoutIOException: Timeout 10s: WriteLog:12: (t:1, i:12), STATEMACHINELOGENTRY, client-1CFF480DE3DE, cid=22-writeStateMachineData
	at org.apache.ratis.util.IOUtils.getFromFuture(IOUtils.java:87)
	at org.apache.ratis.server.raftlog.segmented.SegmentedRaftLogWorker$StateMachineDataPolicy.getFromFuture(SegmentedRaftLogWorker.java:87)
	at org.apache.ratis.server.raftlog.segmented.SegmentedRaftLogWorker$WriteLog.execute(SegmentedRaftLogWorker.java:477)
	at org.apache.ratis.server.raftlog.segmented.SegmentedRaftLogWorker.run(SegmentedRaftLogWorker.java:289)
	at java.lang.Thread.run(Thread.java:748)
Caused by: java.util.concurrent.TimeoutException
	at java.util.concurrent.CompletableFuture.timedGet(CompletableFuture.java:1771)
	at java.util.concurrent.CompletableFuture.get(CompletableFuture.java:1915)
	at org.apache.ratis.util.IOUtils.getFromFuture(IOUtils.java:79)
	... 4 more
2019-09-10 18:38:54,214 [b72696e0-9c4e-4740-8bcd-ca4650f90538@group-5CC95CFBF3DB-SegmentedRaftLogWorker] WARN  segmented.SegmentedRaftLogWorker (SegmentedRaftLogWorker.java:getFromFuture(90)) - Timeout 4/~
org.apache.ratis.protocol.TimeoutIOException: Timeout 10s: WriteLog:12: (t:1, i:12), STATEMACHINELOGENTRY, client-1CFF480DE3DE, cid=22-writeStateMachineData
	at org.apache.ratis.util.IOUtils.getFromFuture(IOUtils.java:87)
	at org.apache.ratis.server.raftlog.segmented.SegmentedRaftLogWorker$StateMachineDataPolicy.getFromFuture(SegmentedRaftLogWorker.java:87)
	at org.apache.ratis.server.raftlog.segmented.SegmentedRaftLogWorker$WriteLog.execute(SegmentedRaftLogWorker.java:477)
	at org.apache.ratis.server.raftlog.segmented.SegmentedRaftLogWorker.run(SegmentedRaftLogWorker.java:289)
	at java.lang.Thread.run(Thread.java:748)
Caused by: java.util.concurrent.TimeoutException
	at java.util.concurrent.CompletableFuture.timedGet(CompletableFuture.java:1771)
	at java.util.concurrent.CompletableFuture.get(CompletableFuture.java:1915)
	at org.apache.ratis.util.IOUtils.getFromFuture(IOUtils.java:79)
	... 4 more
2019-09-10 18:38:54,539 [java.util.concurrent.ThreadPoolExecutor$Worker@38b49b[State = -1, empty queue]] WARN  server.GrpcLogAppender (GrpcLogAppender.java:timeoutAppendRequest(200)) - b72696e0-9c4e-4740-8bcd-ca4650f90538@group-5CC95CFBF3DB->a2905edf-b9c1-421a-8807-b5d3e2a2f0d1-GrpcLogAppender: appendEntries Timeout, request=b72696e0-9c4e-4740-8bcd-ca4650f90538->a2905edf-b9c1-421a-8807-b5d3e2a2f0d1#33-t1, previous=(t:1, i:13), leaderCommit=10, initializing? false, entries: <empty>
2019-09-10 18:38:54,539 [java.util.concurrent.ThreadPoolExecutor$Worker@2ca0dbdc[State = -1, empty queue]] WARN  server.GrpcLogAppender (GrpcLogAppender.java:timeoutAppendRequest(200)) - b72696e0-9c4e-4740-8bcd-ca4650f90538@group-5CC95CFBF3DB->4d5e76d1-94b4-4344-b272-620ca499a368-GrpcLogAppender: appendEntries Timeout, request=b72696e0-9c4e-4740-8bcd-ca4650f90538->4d5e76d1-94b4-4344-b272-620ca499a368#33-t1, previous=(t:1, i:13), leaderCommit=10, initializing? false, entries: <empty>
2019-09-10 18:38:54,626 [grpc-default-executor-0] INFO  client.GrpcClientProtocolClient (GrpcClientProtocolClient.java:onNext(264)) - client-1CFF480DE3DE->4d5e76d1-94b4-4344-b272-620ca499a368: receive RaftClientReply:client-1CFF480DE3DE->4d5e76d1-94b4-4344-b272-620ca499a368@group-5CC95CFBF3DB, cid=21, FAILED org.apache.ratis.protocol.NotLeaderException: Server 4d5e76d1-94b4-4344-b272-620ca499a368@group-5CC95CFBF3DB is not the leader b72696e0-9c4e-4740-8bcd-ca4650f90538:192.168.5.139:36803, logIndex=0, commits[4d5e76d1-94b4-4344-b272-620ca499a368:c10, b72696e0-9c4e-4740-8bcd-ca4650f90538:c10, a2905edf-b9c1-421a-8807-b5d3e2a2f0d1:c6]
2019-09-10 18:38:57,040 [java.util.concurrent.ThreadPoolExecutor$Worker@2ca0dbdc[State = -1, empty queue]] WARN  server.GrpcLogAppender (GrpcLogAppender.java:timeoutAppendRequest(200)) - b72696e0-9c4e-4740-8bcd-ca4650f90538@group-5CC95CFBF3DB->4d5e76d1-94b4-4344-b272-620ca499a368-GrpcLogAppender: appendEntries Timeout, request=b72696e0-9c4e-4740-8bcd-ca4650f90538->4d5e76d1-94b4-4344-b272-620ca499a368#34-t1, previous=(t:1, i:13), leaderCommit=10, initializing? false, entries: <empty>
2019-09-10 18:38:57,040 [java.util.concurrent.ThreadPoolExecutor$Worker@38b49b[State = -1, empty queue]] WARN  server.GrpcLogAppender (GrpcLogAppender.java:timeoutAppendRequest(200)) - b72696e0-9c4e-4740-8bcd-ca4650f90538@group-5CC95CFBF3DB->a2905edf-b9c1-421a-8807-b5d3e2a2f0d1-GrpcLogAppender: appendEntries Timeout, request=b72696e0-9c4e-4740-8bcd-ca4650f90538->a2905edf-b9c1-421a-8807-b5d3e2a2f0d1#34-t1, previous=(t:1, i:13), leaderCommit=10, initializing? false, entries: <empty>
2019-09-10 18:38:59,541 [java.util.concurrent.ThreadPoolExecutor$Worker@2ca0dbdc[State = -1, empty queue]] WARN  server.GrpcLogAppender (GrpcLogAppender.java:timeoutAppendRequest(200)) - b72696e0-9c4e-4740-8bcd-ca4650f90538@group-5CC95CFBF3DB->4d5e76d1-94b4-4344-b272-620ca499a368-GrpcLogAppender: appendEntries Timeout, request=b72696e0-9c4e-4740-8bcd-ca4650f90538->4d5e76d1-94b4-4344-b272-620ca499a368#35-t1, previous=(t:1, i:13), leaderCommit=10, initializing? false, entries: <empty>
2019-09-10 18:38:59,541 [java.util.concurrent.ThreadPoolExecutor$Worker@38b49b[State = -1, empty queue]] WARN  server.GrpcLogAppender (GrpcLogAppender.java:timeoutAppendRequest(200)) - b72696e0-9c4e-4740-8bcd-ca4650f90538@group-5CC95CFBF3DB->a2905edf-b9c1-421a-8807-b5d3e2a2f0d1-GrpcLogAppender: appendEntries Timeout, request=b72696e0-9c4e-4740-8bcd-ca4650f90538->a2905edf-b9c1-421a-8807-b5d3e2a2f0d1#35-t1, previous=(t:1, i:13), leaderCommit=10, initializing? false, entries: <empty>
2019-09-10 18:38:59,684 [grpc-default-executor-2] INFO  client.GrpcClientProtocolClient (GrpcClientProtocolClient.java:onNext(264)) - client-1CFF480DE3DE->a2905edf-b9c1-421a-8807-b5d3e2a2f0d1: receive RaftClientReply:client-1CFF480DE3DE->a2905edf-b9c1-421a-8807-b5d3e2a2f0d1@group-5CC95CFBF3DB, cid=21, FAILED org.apache.ratis.protocol.NotLeaderException: Server a2905edf-b9c1-421a-8807-b5d3e2a2f0d1@group-5CC95CFBF3DB is not the leader b72696e0-9c4e-4740-8bcd-ca4650f90538:192.168.5.139:36803, logIndex=0, commits[a2905edf-b9c1-421a-8807-b5d3e2a2f0d1:c10, b72696e0-9c4e-4740-8bcd-ca4650f90538:c10, 4d5e76d1-94b4-4344-b272-620ca499a368:c6]
2019-09-10 18:39:02,042 [java.util.concurrent.ThreadPoolExecutor$Worker@38b49b[State = -1, empty queue]] WARN  server.GrpcLogAppender (GrpcLogAppender.java:timeoutAppendRequest(200)) - b72696e0-9c4e-4740-8bcd-ca4650f90538@group-5CC95CFBF3DB->a2905edf-b9c1-421a-8807-b5d3e2a2f0d1-GrpcLogAppender: appendEntries Timeout, request=b72696e0-9c4e-4740-8bcd-ca4650f90538->a2905edf-b9c1-421a-8807-b5d3e2a2f0d1#36-t1, previous=(t:1, i:13), leaderCommit=10, initializing? false, entries: <empty>
2019-09-10 18:39:02,042 [java.util.concurrent.ThreadPoolExecutor$Worker@2ca0dbdc[State = -1, empty queue]] WARN  server.GrpcLogAppender (GrpcLogAppender.java:timeoutAppendRequest(200)) - b72696e0-9c4e-4740-8bcd-ca4650f90538@group-5CC95CFBF3DB->4d5e76d1-94b4-4344-b272-620ca499a368-GrpcLogAppender: appendEntries Timeout, request=b72696e0-9c4e-4740-8bcd-ca4650f90538->4d5e76d1-94b4-4344-b272-620ca499a368#36-t1, previous=(t:1, i:13), leaderCommit=10, initializing? false, entries: <empty>
2019-09-10 18:39:04,213 [4d5e76d1-94b4-4344-b272-620ca499a368@group-5CC95CFBF3DB-SegmentedRaftLogWorker] WARN  segmented.SegmentedRaftLogWorker (SegmentedRaftLogWorker.java:getFromFuture(90)) - Timeout 5/~
org.apache.ratis.protocol.TimeoutIOException: Timeout 10s: WriteLog:12: (t:1, i:12), STATEMACHINELOGENTRY, client-1CFF480DE3DE, cid=22-writeStateMachineData
	at org.apache.ratis.util.IOUtils.getFromFuture(IOUtils.java:87)
	at org.apache.ratis.server.raftlog.segmented.SegmentedRaftLogWorker$StateMachineDataPolicy.getFromFuture(SegmentedRaftLogWorker.java:87)
	at org.apache.ratis.server.raftlog.segmented.SegmentedRaftLogWorker$WriteLog.execute(SegmentedRaftLogWorker.java:477)
	at org.apache.ratis.server.raftlog.segmented.SegmentedRaftLogWorker.run(SegmentedRaftLogWorker.java:289)
	at java.lang.Thread.run(Thread.java:748)
Caused by: java.util.concurrent.TimeoutException
	at java.util.concurrent.CompletableFuture.timedGet(CompletableFuture.java:1771)
	at java.util.concurrent.CompletableFuture.get(CompletableFuture.java:1915)
	at org.apache.ratis.util.IOUtils.getFromFuture(IOUtils.java:79)
	... 4 more
2019-09-10 18:39:04,214 [a2905edf-b9c1-421a-8807-b5d3e2a2f0d1@group-5CC95CFBF3DB-SegmentedRaftLogWorker] WARN  segmented.SegmentedRaftLogWorker (SegmentedRaftLogWorker.java:getFromFuture(90)) - Timeout 5/~
org.apache.ratis.protocol.TimeoutIOException: Timeout 10s: WriteLog:12: (t:1, i:12), STATEMACHINELOGENTRY, client-1CFF480DE3DE, cid=22-writeStateMachineData
	at org.apache.ratis.util.IOUtils.getFromFuture(IOUtils.java:87)
	at org.apache.ratis.server.raftlog.segmented.SegmentedRaftLogWorker$StateMachineDataPolicy.getFromFuture(SegmentedRaftLogWorker.java:87)
	at org.apache.ratis.server.raftlog.segmented.SegmentedRaftLogWorker$WriteLog.execute(SegmentedRaftLogWorker.java:477)
	at org.apache.ratis.server.raftlog.segmented.SegmentedRaftLogWorker.run(SegmentedRaftLogWorker.java:289)
	at java.lang.Thread.run(Thread.java:748)
Caused by: java.util.concurrent.TimeoutException
	at java.util.concurrent.CompletableFuture.timedGet(CompletableFuture.java:1771)
	at java.util.concurrent.CompletableFuture.get(CompletableFuture.java:1915)
	at org.apache.ratis.util.IOUtils.getFromFuture(IOUtils.java:79)
	... 4 more
2019-09-10 18:39:04,214 [b72696e0-9c4e-4740-8bcd-ca4650f90538@group-5CC95CFBF3DB-SegmentedRaftLogWorker] WARN  segmented.SegmentedRaftLogWorker (SegmentedRaftLogWorker.java:getFromFuture(90)) - Timeout 5/~
org.apache.ratis.protocol.TimeoutIOException: Timeout 10s: WriteLog:12: (t:1, i:12), STATEMACHINELOGENTRY, client-1CFF480DE3DE, cid=22-writeStateMachineData
	at org.apache.ratis.util.IOUtils.getFromFuture(IOUtils.java:87)
	at org.apache.ratis.server.raftlog.segmented.SegmentedRaftLogWorker$StateMachineDataPolicy.getFromFuture(SegmentedRaftLogWorker.java:87)
	at org.apache.ratis.server.raftlog.segmented.SegmentedRaftLogWorker$WriteLog.execute(SegmentedRaftLogWorker.java:477)
	at org.apache.ratis.server.raftlog.segmented.SegmentedRaftLogWorker.run(SegmentedRaftLogWorker.java:289)
	at java.lang.Thread.run(Thread.java:748)
Caused by: java.util.concurrent.TimeoutException
	at java.util.concurrent.CompletableFuture.timedGet(CompletableFuture.java:1771)
	at java.util.concurrent.CompletableFuture.get(CompletableFuture.java:1915)
	at org.apache.ratis.util.IOUtils.getFromFuture(IOUtils.java:79)
	... 4 more
2019-09-10 18:39:04,543 [java.util.concurrent.ThreadPoolExecutor$Worker@38b49b[State = -1, empty queue]] WARN  server.GrpcLogAppender (GrpcLogAppender.java:timeoutAppendRequest(200)) - b72696e0-9c4e-4740-8bcd-ca4650f90538@group-5CC95CFBF3DB->a2905edf-b9c1-421a-8807-b5d3e2a2f0d1-GrpcLogAppender: appendEntries Timeout, request=b72696e0-9c4e-4740-8bcd-ca4650f90538->a2905edf-b9c1-421a-8807-b5d3e2a2f0d1#37-t1, previous=(t:1, i:13), leaderCommit=10, initializing? false, entries: <empty>
2019-09-10 18:39:04,543 [java.util.concurrent.ThreadPoolExecutor$Worker@2ca0dbdc[State = -1, empty queue]] WARN  server.GrpcLogAppender (GrpcLogAppender.java:timeoutAppendRequest(200)) - b72696e0-9c4e-4740-8bcd-ca4650f90538@group-5CC95CFBF3DB->4d5e76d1-94b4-4344-b272-620ca499a368-GrpcLogAppender: appendEntries Timeout, request=b72696e0-9c4e-4740-8bcd-ca4650f90538->4d5e76d1-94b4-4344-b272-620ca499a368#37-t1, previous=(t:1, i:13), leaderCommit=10, initializing? false, entries: <empty>
2019-09-10 18:39:04,756 [grpc-default-executor-0] INFO  client.GrpcClientProtocolClient (GrpcClientProtocolClient.java:onNext(264)) - client-1CFF480DE3DE->4d5e76d1-94b4-4344-b272-620ca499a368: receive RaftClientReply:client-1CFF480DE3DE->4d5e76d1-94b4-4344-b272-620ca499a368@group-5CC95CFBF3DB, cid=21, FAILED org.apache.ratis.protocol.NotLeaderException: Server 4d5e76d1-94b4-4344-b272-620ca499a368@group-5CC95CFBF3DB is not the leader b72696e0-9c4e-4740-8bcd-ca4650f90538:192.168.5.139:36803, logIndex=0, commits[4d5e76d1-94b4-4344-b272-620ca499a368:c10, b72696e0-9c4e-4740-8bcd-ca4650f90538:c10, a2905edf-b9c1-421a-8807-b5d3e2a2f0d1:c6]
2019-09-10 18:39:07,044 [java.util.concurrent.ThreadPoolExecutor$Worker@38b49b[State = -1, empty queue]] WARN  server.GrpcLogAppender (GrpcLogAppender.java:timeoutAppendRequest(200)) - b72696e0-9c4e-4740-8bcd-ca4650f90538@group-5CC95CFBF3DB->a2905edf-b9c1-421a-8807-b5d3e2a2f0d1-GrpcLogAppender: appendEntries Timeout, request=b72696e0-9c4e-4740-8bcd-ca4650f90538->a2905edf-b9c1-421a-8807-b5d3e2a2f0d1#38-t1, previous=(t:1, i:13), leaderCommit=10, initializing? false, entries: <empty>
2019-09-10 18:39:07,044 [java.util.concurrent.ThreadPoolExecutor$Worker@2ca0dbdc[State = -1, empty queue]] WARN  server.GrpcLogAppender (GrpcLogAppender.java:timeoutAppendRequest(200)) - b72696e0-9c4e-4740-8bcd-ca4650f90538@group-5CC95CFBF3DB->4d5e76d1-94b4-4344-b272-620ca499a368-GrpcLogAppender: appendEntries Timeout, request=b72696e0-9c4e-4740-8bcd-ca4650f90538->4d5e76d1-94b4-4344-b272-620ca499a368#38-t1, previous=(t:1, i:13), leaderCommit=10, initializing? false, entries: <empty>
2019-09-10 18:39:09,546 [java.util.concurrent.ThreadPoolExecutor$Worker@38b49b[State = -1, empty queue]] WARN  server.GrpcLogAppender (GrpcLogAppender.java:timeoutAppendRequest(200)) - b72696e0-9c4e-4740-8bcd-ca4650f90538@group-5CC95CFBF3DB->a2905edf-b9c1-421a-8807-b5d3e2a2f0d1-GrpcLogAppender: appendEntries Timeout, request=b72696e0-9c4e-4740-8bcd-ca4650f90538->a2905edf-b9c1-421a-8807-b5d3e2a2f0d1#39-t1, previous=(t:1, i:13), leaderCommit=10, initializing? false, entries: <empty>
2019-09-10 18:39:09,546 [java.util.concurrent.ThreadPoolExecutor$Worker@2ca0dbdc[State = -1, empty queue]] WARN  server.GrpcLogAppender (GrpcLogAppender.java:timeoutAppendRequest(200)) - b72696e0-9c4e-4740-8bcd-ca4650f90538@group-5CC95CFBF3DB->4d5e76d1-94b4-4344-b272-620ca499a368-GrpcLogAppender: appendEntries Timeout, request=b72696e0-9c4e-4740-8bcd-ca4650f90538->4d5e76d1-94b4-4344-b272-620ca499a368#39-t1, previous=(t:1, i:13), leaderCommit=10, initializing? false, entries: <empty>
2019-09-10 18:39:09,821 [grpc-default-executor-0] INFO  client.GrpcClientProtocolClient (GrpcClientProtocolClient.java:onNext(264)) - client-1CFF480DE3DE->4d5e76d1-94b4-4344-b272-620ca499a368: receive RaftClientReply:client-1CFF480DE3DE->4d5e76d1-94b4-4344-b272-620ca499a368@group-5CC95CFBF3DB, cid=21, FAILED org.apache.ratis.protocol.NotLeaderException: Server 4d5e76d1-94b4-4344-b272-620ca499a368@group-5CC95CFBF3DB is not the leader b72696e0-9c4e-4740-8bcd-ca4650f90538:192.168.5.139:36803, logIndex=0, commits[4d5e76d1-94b4-4344-b272-620ca499a368:c10, b72696e0-9c4e-4740-8bcd-ca4650f90538:c10, a2905edf-b9c1-421a-8807-b5d3e2a2f0d1:c6]
2019-09-10 18:39:12,047 [java.util.concurrent.ThreadPoolExecutor$Worker@2ca0dbdc[State = -1, empty queue]] WARN  server.GrpcLogAppender (GrpcLogAppender.java:timeoutAppendRequest(200)) - b72696e0-9c4e-4740-8bcd-ca4650f90538@group-5CC95CFBF3DB->4d5e76d1-94b4-4344-b272-620ca499a368-GrpcLogAppender: appendEntries Timeout, request=b72696e0-9c4e-4740-8bcd-ca4650f90538->4d5e76d1-94b4-4344-b272-620ca499a368#40-t1, previous=(t:1, i:13), leaderCommit=10, initializing? false, entries: <empty>
2019-09-10 18:39:12,047 [java.util.concurrent.ThreadPoolExecutor$Worker@38b49b[State = -1, empty queue]] WARN  server.GrpcLogAppender (GrpcLogAppender.java:timeoutAppendRequest(200)) - b72696e0-9c4e-4740-8bcd-ca4650f90538@group-5CC95CFBF3DB->a2905edf-b9c1-421a-8807-b5d3e2a2f0d1-GrpcLogAppender: appendEntries Timeout, request=b72696e0-9c4e-4740-8bcd-ca4650f90538->a2905edf-b9c1-421a-8807-b5d3e2a2f0d1#40-t1, previous=(t:1, i:13), leaderCommit=10, initializing? false, entries: <empty>
2019-09-10 18:39:14,214 [4d5e76d1-94b4-4344-b272-620ca499a368@group-5CC95CFBF3DB-SegmentedRaftLogWorker] WARN  segmented.SegmentedRaftLogWorker (SegmentedRaftLogWorker.java:getFromFuture(90)) - Timeout 6/~
org.apache.ratis.protocol.TimeoutIOException: Timeout 10s: WriteLog:12: (t:1, i:12), STATEMACHINELOGENTRY, client-1CFF480DE3DE, cid=22-writeStateMachineData
	at org.apache.ratis.util.IOUtils.getFromFuture(IOUtils.java:87)
	at org.apache.ratis.server.raftlog.segmented.SegmentedRaftLogWorker$StateMachineDataPolicy.getFromFuture(SegmentedRaftLogWorker.java:87)
	at org.apache.ratis.server.raftlog.segmented.SegmentedRaftLogWorker$WriteLog.execute(SegmentedRaftLogWorker.java:477)
	at org.apache.ratis.server.raftlog.segmented.SegmentedRaftLogWorker.run(SegmentedRaftLogWorker.java:289)
	at java.lang.Thread.run(Thread.java:748)
Caused by: java.util.concurrent.TimeoutException
	at java.util.concurrent.CompletableFuture.timedGet(CompletableFuture.java:1771)
	at java.util.concurrent.CompletableFuture.get(CompletableFuture.java:1915)
	at org.apache.ratis.util.IOUtils.getFromFuture(IOUtils.java:79)
	... 4 more
2019-09-10 18:39:14,215 [a2905edf-b9c1-421a-8807-b5d3e2a2f0d1@group-5CC95CFBF3DB-SegmentedRaftLogWorker] WARN  segmented.SegmentedRaftLogWorker (SegmentedRaftLogWorker.java:getFromFuture(90)) - Timeout 6/~
org.apache.ratis.protocol.TimeoutIOException: Timeout 10s: WriteLog:12: (t:1, i:12), STATEMACHINELOGENTRY, client-1CFF480DE3DE, cid=22-writeStateMachineData
	at org.apache.ratis.util.IOUtils.getFromFuture(IOUtils.java:87)
	at org.apache.ratis.server.raftlog.segmented.SegmentedRaftLogWorker$StateMachineDataPolicy.getFromFuture(SegmentedRaftLogWorker.java:87)
	at org.apache.ratis.server.raftlog.segmented.SegmentedRaftLogWorker$WriteLog.execute(SegmentedRaftLogWorker.java:477)
	at org.apache.ratis.server.raftlog.segmented.SegmentedRaftLogWorker.run(SegmentedRaftLogWorker.java:289)
	at java.lang.Thread.run(Thread.java:748)
Caused by: java.util.concurrent.TimeoutException
	at java.util.concurrent.CompletableFuture.timedGet(CompletableFuture.java:1771)
	at java.util.concurrent.CompletableFuture.get(CompletableFuture.java:1915)
	at org.apache.ratis.util.IOUtils.getFromFuture(IOUtils.java:79)
	... 4 more
2019-09-10 18:39:14,215 [b72696e0-9c4e-4740-8bcd-ca4650f90538@group-5CC95CFBF3DB-SegmentedRaftLogWorker] WARN  segmented.SegmentedRaftLogWorker (SegmentedRaftLogWorker.java:getFromFuture(90)) - Timeout 6/~
org.apache.ratis.protocol.TimeoutIOException: Timeout 10s: WriteLog:12: (t:1, i:12), STATEMACHINELOGENTRY, client-1CFF480DE3DE, cid=22-writeStateMachineData
	at org.apache.ratis.util.IOUtils.getFromFuture(IOUtils.java:87)
	at org.apache.ratis.server.raftlog.segmented.SegmentedRaftLogWorker$StateMachineDataPolicy.getFromFuture(SegmentedRaftLogWorker.java:87)
	at org.apache.ratis.server.raftlog.segmented.SegmentedRaftLogWorker$WriteLog.execute(SegmentedRaftLogWorker.java:477)
	at org.apache.ratis.server.raftlog.segmented.SegmentedRaftLogWorker.run(SegmentedRaftLogWorker.java:289)
	at java.lang.Thread.run(Thread.java:748)
Caused by: java.util.concurrent.TimeoutException
	at java.util.concurrent.CompletableFuture.timedGet(CompletableFuture.java:1771)
	at java.util.concurrent.CompletableFuture.get(CompletableFuture.java:1915)
	at org.apache.ratis.util.IOUtils.getFromFuture(IOUtils.java:79)
	... 4 more
2019-09-10 18:39:14,548 [java.util.concurrent.ThreadPoolExecutor$Worker@38b49b[State = -1, empty queue]] WARN  server.GrpcLogAppender (GrpcLogAppender.java:timeoutAppendRequest(200)) - b72696e0-9c4e-4740-8bcd-ca4650f90538@group-5CC95CFBF3DB->a2905edf-b9c1-421a-8807-b5d3e2a2f0d1-GrpcLogAppender: appendEntries Timeout, request=b72696e0-9c4e-4740-8bcd-ca4650f90538->a2905edf-b9c1-421a-8807-b5d3e2a2f0d1#41-t1, previous=(t:1, i:13), leaderCommit=10, initializing? false, entries: <empty>
2019-09-10 18:39:14,548 [java.util.concurrent.ThreadPoolExecutor$Worker@2ca0dbdc[State = -1, empty queue]] WARN  server.GrpcLogAppender (GrpcLogAppender.java:timeoutAppendRequest(200)) - b72696e0-9c4e-4740-8bcd-ca4650f90538@group-5CC95CFBF3DB->4d5e76d1-94b4-4344-b272-620ca499a368-GrpcLogAppender: appendEntries Timeout, request=b72696e0-9c4e-4740-8bcd-ca4650f90538->4d5e76d1-94b4-4344-b272-620ca499a368#41-t1, previous=(t:1, i:13), leaderCommit=10, initializing? false, entries: <empty>
2019-09-10 18:39:14,906 [grpc-default-executor-3] INFO  client.GrpcClientProtocolClient (GrpcClientProtocolClient.java:onNext(264)) - client-1CFF480DE3DE->4d5e76d1-94b4-4344-b272-620ca499a368: receive RaftClientReply:client-1CFF480DE3DE->4d5e76d1-94b4-4344-b272-620ca499a368@group-5CC95CFBF3DB, cid=21, FAILED org.apache.ratis.protocol.NotLeaderException: Server 4d5e76d1-94b4-4344-b272-620ca499a368@group-5CC95CFBF3DB is not the leader b72696e0-9c4e-4740-8bcd-ca4650f90538:192.168.5.139:36803, logIndex=0, commits[4d5e76d1-94b4-4344-b272-620ca499a368:c10, b72696e0-9c4e-4740-8bcd-ca4650f90538:c10, a2905edf-b9c1-421a-8807-b5d3e2a2f0d1:c6]
2019-09-10 18:39:17,049 [java.util.concurrent.ThreadPoolExecutor$Worker@38b49b[State = -1, empty queue]] WARN  server.GrpcLogAppender (GrpcLogAppender.java:timeoutAppendRequest(200)) - b72696e0-9c4e-4740-8bcd-ca4650f90538@group-5CC95CFBF3DB->a2905edf-b9c1-421a-8807-b5d3e2a2f0d1-GrpcLogAppender: appendEntries Timeout, request=b72696e0-9c4e-4740-8bcd-ca4650f90538->a2905edf-b9c1-421a-8807-b5d3e2a2f0d1#42-t1, previous=(t:1, i:13), leaderCommit=10, initializing? false, entries: <empty>
2019-09-10 18:39:17,049 [java.util.concurrent.ThreadPoolExecutor$Worker@2ca0dbdc[State = -1, empty queue]] WARN  server.GrpcLogAppender (GrpcLogAppender.java:timeoutAppendRequest(200)) - b72696e0-9c4e-4740-8bcd-ca4650f90538@group-5CC95CFBF3DB->4d5e76d1-94b4-4344-b272-620ca499a368-GrpcLogAppender: appendEntries Timeout, request=b72696e0-9c4e-4740-8bcd-ca4650f90538->4d5e76d1-94b4-4344-b272-620ca499a368#42-t1, previous=(t:1, i:13), leaderCommit=10, initializing? false, entries: <empty>
2019-09-10 18:39:19,549 [java.util.concurrent.ThreadPoolExecutor$Worker@38b49b[State = -1, empty queue]] WARN  server.GrpcLogAppender (GrpcLogAppender.java:timeoutAppendRequest(200)) - b72696e0-9c4e-4740-8bcd-ca4650f90538@group-5CC95CFBF3DB->a2905edf-b9c1-421a-8807-b5d3e2a2f0d1-GrpcLogAppender: appendEntries Timeout, request=b72696e0-9c4e-4740-8bcd-ca4650f90538->a2905edf-b9c1-421a-8807-b5d3e2a2f0d1#43-t1, previous=(t:1, i:13), leaderCommit=10, initializing? false, entries: <empty>
2019-09-10 18:39:19,549 [java.util.concurrent.ThreadPoolExecutor$Worker@2ca0dbdc[State = -1, empty queue]] WARN  server.GrpcLogAppender (GrpcLogAppender.java:timeoutAppendRequest(200)) - b72696e0-9c4e-4740-8bcd-ca4650f90538@group-5CC95CFBF3DB->4d5e76d1-94b4-4344-b272-620ca499a368-GrpcLogAppender: appendEntries Timeout, request=b72696e0-9c4e-4740-8bcd-ca4650f90538->4d5e76d1-94b4-4344-b272-620ca499a368#43-t1, previous=(t:1, i:13), leaderCommit=10, initializing? false, entries: <empty>
2019-09-10 18:39:19,972 [grpc-default-executor-0] INFO  client.GrpcClientProtocolClient (GrpcClientProtocolClient.java:onNext(264)) - client-1CFF480DE3DE->4d5e76d1-94b4-4344-b272-620ca499a368: receive RaftClientReply:client-1CFF480DE3DE->4d5e76d1-94b4-4344-b272-620ca499a368@group-5CC95CFBF3DB, cid=21, FAILED org.apache.ratis.protocol.NotLeaderException: Server 4d5e76d1-94b4-4344-b272-620ca499a368@group-5CC95CFBF3DB is not the leader b72696e0-9c4e-4740-8bcd-ca4650f90538:192.168.5.139:36803, logIndex=0, commits[4d5e76d1-94b4-4344-b272-620ca499a368:c10, b72696e0-9c4e-4740-8bcd-ca4650f90538:c10, a2905edf-b9c1-421a-8807-b5d3e2a2f0d1:c6]
2019-09-10 18:39:22,050 [java.util.concurrent.ThreadPoolExecutor$Worker@38b49b[State = -1, empty queue]] WARN  server.GrpcLogAppender (GrpcLogAppender.java:timeoutAppendRequest(200)) - b72696e0-9c4e-4740-8bcd-ca4650f90538@group-5CC95CFBF3DB->a2905edf-b9c1-421a-8807-b5d3e2a2f0d1-GrpcLogAppender: appendEntries Timeout, request=b72696e0-9c4e-4740-8bcd-ca4650f90538->a2905edf-b9c1-421a-8807-b5d3e2a2f0d1#44-t1, previous=(t:1, i:13), leaderCommit=10, initializing? false, entries: <empty>
2019-09-10 18:39:22,050 [java.util.concurrent.ThreadPoolExecutor$Worker@2ca0dbdc[State = -1, empty queue]] WARN  server.GrpcLogAppender (GrpcLogAppender.java:timeoutAppendRequest(200)) - b72696e0-9c4e-4740-8bcd-ca4650f90538@group-5CC95CFBF3DB->4d5e76d1-94b4-4344-b272-620ca499a368-GrpcLogAppender: appendEntries Timeout, request=b72696e0-9c4e-4740-8bcd-ca4650f90538->4d5e76d1-94b4-4344-b272-620ca499a368#44-t1, previous=(t:1, i:13), leaderCommit=10, initializing? false, entries: <empty>
2019-09-10 18:39:24,215 [4d5e76d1-94b4-4344-b272-620ca499a368@group-5CC95CFBF3DB-SegmentedRaftLogWorker] WARN  segmented.SegmentedRaftLogWorker (SegmentedRaftLogWorker.java:getFromFuture(90)) - Timeout 7/~
org.apache.ratis.protocol.TimeoutIOException: Timeout 10s: WriteLog:12: (t:1, i:12), STATEMACHINELOGENTRY, client-1CFF480DE3DE, cid=22-writeStateMachineData
	at org.apache.ratis.util.IOUtils.getFromFuture(IOUtils.java:87)
	at org.apache.ratis.server.raftlog.segmented.SegmentedRaftLogWorker$StateMachineDataPolicy.getFromFuture(SegmentedRaftLogWorker.java:87)
	at org.apache.ratis.server.raftlog.segmented.SegmentedRaftLogWorker$WriteLog.execute(SegmentedRaftLogWorker.java:477)
	at org.apache.ratis.server.raftlog.segmented.SegmentedRaftLogWorker.run(SegmentedRaftLogWorker.java:289)
	at java.lang.Thread.run(Thread.java:748)
Caused by: java.util.concurrent.TimeoutException
	at java.util.concurrent.CompletableFuture.timedGet(CompletableFuture.java:1771)
	at java.util.concurrent.CompletableFuture.get(CompletableFuture.java:1915)
	at org.apache.ratis.util.IOUtils.getFromFuture(IOUtils.java:79)
	... 4 more
2019-09-10 18:39:24,232 [a2905edf-b9c1-421a-8807-b5d3e2a2f0d1@group-5CC95CFBF3DB-SegmentedRaftLogWorker] WARN  segmented.SegmentedRaftLogWorker (SegmentedRaftLogWorker.java:getFromFuture(90)) - Timeout 7/~
org.apache.ratis.protocol.TimeoutIOException: Timeout 10s: WriteLog:12: (t:1, i:12), STATEMACHINELOGENTRY, client-1CFF480DE3DE, cid=22-writeStateMachineData
	at org.apache.ratis.util.IOUtils.getFromFuture(IOUtils.java:87)
	at org.apache.ratis.server.raftlog.segmented.SegmentedRaftLogWorker$StateMachineDataPolicy.getFromFuture(SegmentedRaftLogWorker.java:87)
	at org.apache.ratis.server.raftlog.segmented.SegmentedRaftLogWorker$WriteLog.execute(SegmentedRaftLogWorker.java:477)
	at org.apache.ratis.server.raftlog.segmented.SegmentedRaftLogWorker.run(SegmentedRaftLogWorker.java:289)
	at java.lang.Thread.run(Thread.java:748)
Caused by: java.util.concurrent.TimeoutException
	at java.util.concurrent.CompletableFuture.timedGet(CompletableFuture.java:1771)
	at java.util.concurrent.CompletableFuture.get(CompletableFuture.java:1915)
	at org.apache.ratis.util.IOUtils.getFromFuture(IOUtils.java:79)
	... 4 more
2019-09-10 18:39:24,233 [b72696e0-9c4e-4740-8bcd-ca4650f90538@group-5CC95CFBF3DB-SegmentedRaftLogWorker] WARN  segmented.SegmentedRaftLogWorker (SegmentedRaftLogWorker.java:getFromFuture(90)) - Timeout 7/~
org.apache.ratis.protocol.TimeoutIOException: Timeout 10s: WriteLog:12: (t:1, i:12), STATEMACHINELOGENTRY, client-1CFF480DE3DE, cid=22-writeStateMachineData
	at org.apache.ratis.util.IOUtils.getFromFuture(IOUtils.java:87)
	at org.apache.ratis.server.raftlog.segmented.SegmentedRaftLogWorker$StateMachineDataPolicy.getFromFuture(SegmentedRaftLogWorker.java:87)
	at org.apache.ratis.server.raftlog.segmented.SegmentedRaftLogWorker$WriteLog.execute(SegmentedRaftLogWorker.java:477)
	at org.apache.ratis.server.raftlog.segmented.SegmentedRaftLogWorker.run(SegmentedRaftLogWorker.java:289)
	at java.lang.Thread.run(Thread.java:748)
Caused by: java.util.concurrent.TimeoutException
	at java.util.concurrent.CompletableFuture.timedGet(CompletableFuture.java:1771)
	at java.util.concurrent.CompletableFuture.get(CompletableFuture.java:1915)
	at org.apache.ratis.util.IOUtils.getFromFuture(IOUtils.java:79)
	... 4 more
2019-09-10 18:39:24,551 [java.util.concurrent.ThreadPoolExecutor$Worker@38b49b[State = -1, empty queue]] WARN  server.GrpcLogAppender (GrpcLogAppender.java:timeoutAppendRequest(200)) - b72696e0-9c4e-4740-8bcd-ca4650f90538@group-5CC95CFBF3DB->a2905edf-b9c1-421a-8807-b5d3e2a2f0d1-GrpcLogAppender: appendEntries Timeout, request=b72696e0-9c4e-4740-8bcd-ca4650f90538->a2905edf-b9c1-421a-8807-b5d3e2a2f0d1#45-t1, previous=(t:1, i:13), leaderCommit=10, initializing? false, entries: <empty>
2019-09-10 18:39:24,551 [java.util.concurrent.ThreadPoolExecutor$Worker@2ca0dbdc[State = -1, empty queue]] WARN  server.GrpcLogAppender (GrpcLogAppender.java:timeoutAppendRequest(200)) - b72696e0-9c4e-4740-8bcd-ca4650f90538@group-5CC95CFBF3DB->4d5e76d1-94b4-4344-b272-620ca499a368-GrpcLogAppender: appendEntries Timeout, request=b72696e0-9c4e-4740-8bcd-ca4650f90538->4d5e76d1-94b4-4344-b272-620ca499a368#45-t1, previous=(t:1, i:13), leaderCommit=10, initializing? false, entries: <empty>
2019-09-10 18:39:25,030 [grpc-default-executor-0] INFO  client.GrpcClientProtocolClient (GrpcClientProtocolClient.java:onNext(264)) - client-1CFF480DE3DE->4d5e76d1-94b4-4344-b272-620ca499a368: receive RaftClientReply:client-1CFF480DE3DE->4d5e76d1-94b4-4344-b272-620ca499a368@group-5CC95CFBF3DB, cid=21, FAILED org.apache.ratis.protocol.NotLeaderException: Server 4d5e76d1-94b4-4344-b272-620ca499a368@group-5CC95CFBF3DB is not the leader b72696e0-9c4e-4740-8bcd-ca4650f90538:192.168.5.139:36803, logIndex=0, commits[4d5e76d1-94b4-4344-b272-620ca499a368:c10, b72696e0-9c4e-4740-8bcd-ca4650f90538:c10, a2905edf-b9c1-421a-8807-b5d3e2a2f0d1:c6]
2019-09-10 18:39:27,051 [java.util.concurrent.ThreadPoolExecutor$Worker@38b49b[State = -1, empty queue]] WARN  server.GrpcLogAppender (GrpcLogAppender.java:timeoutAppendRequest(200)) - b72696e0-9c4e-4740-8bcd-ca4650f90538@group-5CC95CFBF3DB->a2905edf-b9c1-421a-8807-b5d3e2a2f0d1-GrpcLogAppender: appendEntries Timeout, request=b72696e0-9c4e-4740-8bcd-ca4650f90538->a2905edf-b9c1-421a-8807-b5d3e2a2f0d1#46-t1, previous=(t:1, i:13), leaderCommit=10, initializing? false, entries: <empty>
2019-09-10 18:39:27,051 [java.util.concurrent.ThreadPoolExecutor$Worker@2ca0dbdc[State = -1, empty queue]] WARN  server.GrpcLogAppender (GrpcLogAppender.java:timeoutAppendRequest(200)) - b72696e0-9c4e-4740-8bcd-ca4650f90538@group-5CC95CFBF3DB->4d5e76d1-94b4-4344-b272-620ca499a368-GrpcLogAppender: appendEntries Timeout, request=b72696e0-9c4e-4740-8bcd-ca4650f90538->4d5e76d1-94b4-4344-b272-620ca499a368#46-t1, previous=(t:1, i:13), leaderCommit=10, initializing? false, entries: <empty>
2019-09-10 18:39:29,552 [java.util.concurrent.ThreadPoolExecutor$Worker@2ca0dbdc[State = -1, empty queue]] WARN  server.GrpcLogAppender (GrpcLogAppender.java:timeoutAppendRequest(200)) - b72696e0-9c4e-4740-8bcd-ca4650f90538@group-5CC95CFBF3DB->4d5e76d1-94b4-4344-b272-620ca499a368-GrpcLogAppender: appendEntries Timeout, request=b72696e0-9c4e-4740-8bcd-ca4650f90538->4d5e76d1-94b4-4344-b272-620ca499a368#47-t1, previous=(t:1, i:13), leaderCommit=10, initializing? false, entries: <empty>
2019-09-10 18:39:29,552 [java.util.concurrent.ThreadPoolExecutor$Worker@38b49b[State = -1, empty queue]] WARN  server.GrpcLogAppender (GrpcLogAppender.java:timeoutAppendRequest(200)) - b72696e0-9c4e-4740-8bcd-ca4650f90538@group-5CC95CFBF3DB->a2905edf-b9c1-421a-8807-b5d3e2a2f0d1-GrpcLogAppender: appendEntries Timeout, request=b72696e0-9c4e-4740-8bcd-ca4650f90538->a2905edf-b9c1-421a-8807-b5d3e2a2f0d1#47-t1, previous=(t:1, i:13), leaderCommit=10, initializing? false, entries: <empty>
2019-09-10 18:39:30,096 [grpc-default-executor-0] INFO  client.GrpcClientProtocolClient (GrpcClientProtocolClient.java:onNext(264)) - client-1CFF480DE3DE->a2905edf-b9c1-421a-8807-b5d3e2a2f0d1: receive RaftClientReply:client-1CFF480DE3DE->a2905edf-b9c1-421a-8807-b5d3e2a2f0d1@group-5CC95CFBF3DB, cid=21, FAILED org.apache.ratis.protocol.NotLeaderException: Server a2905edf-b9c1-421a-8807-b5d3e2a2f0d1@group-5CC95CFBF3DB is not the leader b72696e0-9c4e-4740-8bcd-ca4650f90538:192.168.5.139:36803, logIndex=0, commits[a2905edf-b9c1-421a-8807-b5d3e2a2f0d1:c10, b72696e0-9c4e-4740-8bcd-ca4650f90538:c10, 4d5e76d1-94b4-4344-b272-620ca499a368:c6]
2019-09-10 18:39:32,059 [java.util.concurrent.ThreadPoolExecutor$Worker@2ca0dbdc[State = -1, empty queue]] WARN  server.GrpcLogAppender (GrpcLogAppender.java:timeoutAppendRequest(200)) - b72696e0-9c4e-4740-8bcd-ca4650f90538@group-5CC95CFBF3DB->4d5e76d1-94b4-4344-b272-620ca499a368-GrpcLogAppender: appendEntries Timeout, request=b72696e0-9c4e-4740-8bcd-ca4650f90538->4d5e76d1-94b4-4344-b272-620ca499a368#48-t1, previous=(t:1, i:13), leaderCommit=10, initializing? false, entries: <empty>
2019-09-10 18:39:32,059 [java.util.concurrent.ThreadPoolExecutor$Worker@38b49b[State = -1, empty queue]] WARN  server.GrpcLogAppender (GrpcLogAppender.java:timeoutAppendRequest(200)) - b72696e0-9c4e-4740-8bcd-ca4650f90538@group-5CC95CFBF3DB->a2905edf-b9c1-421a-8807-b5d3e2a2f0d1-GrpcLogAppender: appendEntries Timeout, request=b72696e0-9c4e-4740-8bcd-ca4650f90538->a2905edf-b9c1-421a-8807-b5d3e2a2f0d1#48-t1, previous=(t:1, i:13), leaderCommit=10, initializing? false, entries: <empty>
2019-09-10 18:39:34,217 [4d5e76d1-94b4-4344-b272-620ca499a368@group-5CC95CFBF3DB-SegmentedRaftLogWorker] WARN  segmented.SegmentedRaftLogWorker (SegmentedRaftLogWorker.java:getFromFuture(90)) - Timeout 8/~
org.apache.ratis.protocol.TimeoutIOException: Timeout 10s: WriteLog:12: (t:1, i:12), STATEMACHINELOGENTRY, client-1CFF480DE3DE, cid=22-writeStateMachineData
	at org.apache.ratis.util.IOUtils.getFromFuture(IOUtils.java:87)
	at org.apache.ratis.server.raftlog.segmented.SegmentedRaftLogWorker$StateMachineDataPolicy.getFromFuture(SegmentedRaftLogWorker.java:87)
	at org.apache.ratis.server.raftlog.segmented.SegmentedRaftLogWorker$WriteLog.execute(SegmentedRaftLogWorker.java:477)
	at org.apache.ratis.server.raftlog.segmented.SegmentedRaftLogWorker.run(SegmentedRaftLogWorker.java:289)
	at java.lang.Thread.run(Thread.java:748)
Caused by: java.util.concurrent.TimeoutException
	at java.util.concurrent.CompletableFuture.timedGet(CompletableFuture.java:1771)
	at java.util.concurrent.CompletableFuture.get(CompletableFuture.java:1915)
	at org.apache.ratis.util.IOUtils.getFromFuture(IOUtils.java:79)
	... 4 more
2019-09-10 18:39:34,233 [a2905edf-b9c1-421a-8807-b5d3e2a2f0d1@group-5CC95CFBF3DB-SegmentedRaftLogWorker] WARN  segmented.SegmentedRaftLogWorker (SegmentedRaftLogWorker.java:getFromFuture(90)) - Timeout 8/~
org.apache.ratis.protocol.TimeoutIOException: Timeout 10s: WriteLog:12: (t:1, i:12), STATEMACHINELOGENTRY, client-1CFF480DE3DE, cid=22-writeStateMachineData
	at org.apache.ratis.util.IOUtils.getFromFuture(IOUtils.java:87)
	at org.apache.ratis.server.raftlog.segmented.SegmentedRaftLogWorker$StateMachineDataPolicy.getFromFuture(SegmentedRaftLogWorker.java:87)
	at org.apache.ratis.server.raftlog.segmented.SegmentedRaftLogWorker$WriteLog.execute(SegmentedRaftLogWorker.java:477)
	at org.apache.ratis.server.raftlog.segmented.SegmentedRaftLogWorker.run(SegmentedRaftLogWorker.java:289)
	at java.lang.Thread.run(Thread.java:748)
Caused by: java.util.concurrent.TimeoutException
	at java.util.concurrent.CompletableFuture.timedGet(CompletableFuture.java:1771)
	at java.util.concurrent.CompletableFuture.get(CompletableFuture.java:1915)
	at org.apache.ratis.util.IOUtils.getFromFuture(IOUtils.java:79)
	... 4 more
2019-09-10 18:39:34,234 [b72696e0-9c4e-4740-8bcd-ca4650f90538@group-5CC95CFBF3DB-SegmentedRaftLogWorker] WARN  segmented.SegmentedRaftLogWorker (SegmentedRaftLogWorker.java:getFromFuture(90)) - Timeout 8/~
org.apache.ratis.protocol.TimeoutIOException: Timeout 10s: WriteLog:12: (t:1, i:12), STATEMACHINELOGENTRY, client-1CFF480DE3DE, cid=22-writeStateMachineData
	at org.apache.ratis.util.IOUtils.getFromFuture(IOUtils.java:87)
	at org.apache.ratis.server.raftlog.segmented.SegmentedRaftLogWorker$StateMachineDataPolicy.getFromFuture(SegmentedRaftLogWorker.java:87)
	at org.apache.ratis.server.raftlog.segmented.SegmentedRaftLogWorker$WriteLog.execute(SegmentedRaftLogWorker.java:477)
	at org.apache.ratis.server.raftlog.segmented.SegmentedRaftLogWorker.run(SegmentedRaftLogWorker.java:289)
	at java.lang.Thread.run(Thread.java:748)
Caused by: java.util.concurrent.TimeoutException
	at java.util.concurrent.CompletableFuture.timedGet(CompletableFuture.java:1771)
	at java.util.concurrent.CompletableFuture.get(CompletableFuture.java:1915)
	at org.apache.ratis.util.IOUtils.getFromFuture(IOUtils.java:79)
	... 4 more
2019-09-10 18:39:34,560 [java.util.concurrent.ThreadPoolExecutor$Worker@2ca0dbdc[State = -1, empty queue]] WARN  server.GrpcLogAppender (GrpcLogAppender.java:timeoutAppendRequest(200)) - b72696e0-9c4e-4740-8bcd-ca4650f90538@group-5CC95CFBF3DB->4d5e76d1-94b4-4344-b272-620ca499a368-GrpcLogAppender: appendEntries Timeout, request=b72696e0-9c4e-4740-8bcd-ca4650f90538->4d5e76d1-94b4-4344-b272-620ca499a368#49-t1, previous=(t:1, i:13), leaderCommit=10, initializing? false, entries: <empty>
2019-09-10 18:39:34,560 [java.util.concurrent.ThreadPoolExecutor$Worker@38b49b[State = -1, empty queue]] WARN  server.GrpcLogAppender (GrpcLogAppender.java:timeoutAppendRequest(200)) - b72696e0-9c4e-4740-8bcd-ca4650f90538@group-5CC95CFBF3DB->a2905edf-b9c1-421a-8807-b5d3e2a2f0d1-GrpcLogAppender: appendEntries Timeout, request=b72696e0-9c4e-4740-8bcd-ca4650f90538->a2905edf-b9c1-421a-8807-b5d3e2a2f0d1#49-t1, previous=(t:1, i:13), leaderCommit=10, initializing? false, entries: <empty>
2019-09-10 18:39:35,155 [grpc-default-executor-0] INFO  client.GrpcClientProtocolClient (GrpcClientProtocolClient.java:onNext(264)) - client-1CFF480DE3DE->4d5e76d1-94b4-4344-b272-620ca499a368: receive RaftClientReply:client-1CFF480DE3DE->4d5e76d1-94b4-4344-b272-620ca499a368@group-5CC95CFBF3DB, cid=21, FAILED org.apache.ratis.protocol.NotLeaderException: Server 4d5e76d1-94b4-4344-b272-620ca499a368@group-5CC95CFBF3DB is not the leader b72696e0-9c4e-4740-8bcd-ca4650f90538:192.168.5.139:36803, logIndex=0, commits[4d5e76d1-94b4-4344-b272-620ca499a368:c10, b72696e0-9c4e-4740-8bcd-ca4650f90538:c10, a2905edf-b9c1-421a-8807-b5d3e2a2f0d1:c6]
2019-09-10 18:39:37,061 [java.util.concurrent.ThreadPoolExecutor$Worker@2ca0dbdc[State = -1, empty queue]] WARN  server.GrpcLogAppender (GrpcLogAppender.java:timeoutAppendRequest(200)) - b72696e0-9c4e-4740-8bcd-ca4650f90538@group-5CC95CFBF3DB->4d5e76d1-94b4-4344-b272-620ca499a368-GrpcLogAppender: appendEntries Timeout, request=b72696e0-9c4e-4740-8bcd-ca4650f90538->4d5e76d1-94b4-4344-b272-620ca499a368#50-t1, previous=(t:1, i:13), leaderCommit=10, initializing? false, entries: <empty>
2019-09-10 18:39:37,061 [java.util.concurrent.ThreadPoolExecutor$Worker@38b49b[State = -1, empty queue]] WARN  server.GrpcLogAppender (GrpcLogAppender.java:timeoutAppendRequest(200)) - b72696e0-9c4e-4740-8bcd-ca4650f90538@group-5CC95CFBF3DB->a2905edf-b9c1-421a-8807-b5d3e2a2f0d1-GrpcLogAppender: appendEntries Timeout, request=b72696e0-9c4e-4740-8bcd-ca4650f90538->a2905edf-b9c1-421a-8807-b5d3e2a2f0d1#50-t1, previous=(t:1, i:13), leaderCommit=10, initializing? false, entries: <empty>
2019-09-10 18:39:39,562 [java.util.concurrent.ThreadPoolExecutor$Worker@38b49b[State = -1, empty queue]] WARN  server.GrpcLogAppender (GrpcLogAppender.java:timeoutAppendRequest(200)) - b72696e0-9c4e-4740-8bcd-ca4650f90538@group-5CC95CFBF3DB->a2905edf-b9c1-421a-8807-b5d3e2a2f0d1-GrpcLogAppender: appendEntries Timeout, request=b72696e0-9c4e-4740-8bcd-ca4650f90538->a2905edf-b9c1-421a-8807-b5d3e2a2f0d1#51-t1, previous=(t:1, i:13), leaderCommit=10, initializing? false, entries: <empty>
2019-09-10 18:39:39,562 [java.util.concurrent.ThreadPoolExecutor$Worker@2ca0dbdc[State = -1, empty queue]] WARN  server.GrpcLogAppender (GrpcLogAppender.java:timeoutAppendRequest(200)) - b72696e0-9c4e-4740-8bcd-ca4650f90538@group-5CC95CFBF3DB->4d5e76d1-94b4-4344-b272-620ca499a368-GrpcLogAppender: appendEntries Timeout, request=b72696e0-9c4e-4740-8bcd-ca4650f90538->4d5e76d1-94b4-4344-b272-620ca499a368#51-t1, previous=(t:1, i:13), leaderCommit=10, initializing? false, entries: <empty>
2019-09-10 18:39:40,214 [grpc-default-executor-3] INFO  client.GrpcClientProtocolClient (GrpcClientProtocolClient.java:onNext(264)) - client-1CFF480DE3DE->4d5e76d1-94b4-4344-b272-620ca499a368: receive RaftClientReply:client-1CFF480DE3DE->4d5e76d1-94b4-4344-b272-620ca499a368@group-5CC95CFBF3DB, cid=21, FAILED org.apache.ratis.protocol.NotLeaderException: Server 4d5e76d1-94b4-4344-b272-620ca499a368@group-5CC95CFBF3DB is not the leader b72696e0-9c4e-4740-8bcd-ca4650f90538:192.168.5.139:36803, logIndex=0, commits[4d5e76d1-94b4-4344-b272-620ca499a368:c10, b72696e0-9c4e-4740-8bcd-ca4650f90538:c10, a2905edf-b9c1-421a-8807-b5d3e2a2f0d1:c6]
2019-09-10 18:39:42,064 [java.util.concurrent.ThreadPoolExecutor$Worker@38b49b[State = -1, empty queue]] WARN  server.GrpcLogAppender (GrpcLogAppender.java:timeoutAppendRequest(200)) - b72696e0-9c4e-4740-8bcd-ca4650f90538@group-5CC95CFBF3DB->a2905edf-b9c1-421a-8807-b5d3e2a2f0d1-GrpcLogAppender: appendEntries Timeout, request=b72696e0-9c4e-4740-8bcd-ca4650f90538->a2905edf-b9c1-421a-8807-b5d3e2a2f0d1#52-t1, previous=(t:1, i:13), leaderCommit=10, initializing? false, entries: <empty>
2019-09-10 18:39:42,064 [java.util.concurrent.ThreadPoolExecutor$Worker@2ca0dbdc[State = -1, empty queue]] WARN  server.GrpcLogAppender (GrpcLogAppender.java:timeoutAppendRequest(200)) - b72696e0-9c4e-4740-8bcd-ca4650f90538@group-5CC95CFBF3DB->4d5e76d1-94b4-4344-b272-620ca499a368-GrpcLogAppender: appendEntries Timeout, request=b72696e0-9c4e-4740-8bcd-ca4650f90538->4d5e76d1-94b4-4344-b272-620ca499a368#52-t1, previous=(t:1, i:13), leaderCommit=10, initializing? false, entries: <empty>
2019-09-10 18:39:44,219 [4d5e76d1-94b4-4344-b272-620ca499a368@group-5CC95CFBF3DB-SegmentedRaftLogWorker] WARN  segmented.SegmentedRaftLogWorker (SegmentedRaftLogWorker.java:getFromFuture(90)) - Timeout 9/~
org.apache.ratis.protocol.TimeoutIOException: Timeout 10s: WriteLog:12: (t:1, i:12), STATEMACHINELOGENTRY, client-1CFF480DE3DE, cid=22-writeStateMachineData
	at org.apache.ratis.util.IOUtils.getFromFuture(IOUtils.java:87)
	at org.apache.ratis.server.raftlog.segmented.SegmentedRaftLogWorker$StateMachineDataPolicy.getFromFuture(SegmentedRaftLogWorker.java:87)
	at org.apache.ratis.server.raftlog.segmented.SegmentedRaftLogWorker$WriteLog.execute(SegmentedRaftLogWorker.java:477)
	at org.apache.ratis.server.raftlog.segmented.SegmentedRaftLogWorker.run(SegmentedRaftLogWorker.java:289)
	at java.lang.Thread.run(Thread.java:748)
Caused by: java.util.concurrent.TimeoutException
	at java.util.concurrent.CompletableFuture.timedGet(CompletableFuture.java:1771)
	at java.util.concurrent.CompletableFuture.get(CompletableFuture.java:1915)
	at org.apache.ratis.util.IOUtils.getFromFuture(IOUtils.java:79)
	... 4 more
2019-09-10 18:39:44,248 [b72696e0-9c4e-4740-8bcd-ca4650f90538@group-5CC95CFBF3DB-SegmentedRaftLogWorker] WARN  segmented.SegmentedRaftLogWorker (SegmentedRaftLogWorker.java:getFromFuture(90)) - Timeout 9/~
org.apache.ratis.protocol.TimeoutIOException: Timeout 10s: WriteLog:12: (t:1, i:12), STATEMACHINELOGENTRY, client-1CFF480DE3DE, cid=22-writeStateMachineData
	at org.apache.ratis.util.IOUtils.getFromFuture(IOUtils.java:87)
	at org.apache.ratis.server.raftlog.segmented.SegmentedRaftLogWorker$StateMachineDataPolicy.getFromFuture(SegmentedRaftLogWorker.java:87)
	at org.apache.ratis.server.raftlog.segmented.SegmentedRaftLogWorker$WriteLog.execute(SegmentedRaftLogWorker.java:477)
	at org.apache.ratis.server.raftlog.segmented.SegmentedRaftLogWorker.run(SegmentedRaftLogWorker.java:289)
	at java.lang.Thread.run(Thread.java:748)
Caused by: java.util.concurrent.TimeoutException
	at java.util.concurrent.CompletableFuture.timedGet(CompletableFuture.java:1771)
	at java.util.concurrent.CompletableFuture.get(CompletableFuture.java:1915)
	at org.apache.ratis.util.IOUtils.getFromFuture(IOUtils.java:79)
	... 4 more
2019-09-10 18:39:44,249 [a2905edf-b9c1-421a-8807-b5d3e2a2f0d1@group-5CC95CFBF3DB-SegmentedRaftLogWorker] WARN  segmented.SegmentedRaftLogWorker (SegmentedRaftLogWorker.java:getFromFuture(90)) - Timeout 9/~
org.apache.ratis.protocol.TimeoutIOException: Timeout 10s: WriteLog:12: (t:1, i:12), STATEMACHINELOGENTRY, client-1CFF480DE3DE, cid=22-writeStateMachineData
	at org.apache.ratis.util.IOUtils.getFromFuture(IOUtils.java:87)
	at org.apache.ratis.server.raftlog.segmented.SegmentedRaftLogWorker$StateMachineDataPolicy.getFromFuture(SegmentedRaftLogWorker.java:87)
	at org.apache.ratis.server.raftlog.segmented.SegmentedRaftLogWorker$WriteLog.execute(SegmentedRaftLogWorker.java:477)
	at org.apache.ratis.server.raftlog.segmented.SegmentedRaftLogWorker.run(SegmentedRaftLogWorker.java:289)
	at java.lang.Thread.run(Thread.java:748)
Caused by: java.util.concurrent.TimeoutException
	at java.util.concurrent.CompletableFuture.timedGet(CompletableFuture.java:1771)
	at java.util.concurrent.CompletableFuture.get(CompletableFuture.java:1915)
	at org.apache.ratis.util.IOUtils.getFromFuture(IOUtils.java:79)
	... 4 more
2019-09-10 18:39:44,565 [java.util.concurrent.ThreadPoolExecutor$Worker@2ca0dbdc[State = -1, empty queue]] WARN  server.GrpcLogAppender (GrpcLogAppender.java:timeoutAppendRequest(200)) - b72696e0-9c4e-4740-8bcd-ca4650f90538@group-5CC95CFBF3DB->4d5e76d1-94b4-4344-b272-620ca499a368-GrpcLogAppender: appendEntries Timeout, request=b72696e0-9c4e-4740-8bcd-ca4650f90538->4d5e76d1-94b4-4344-b272-620ca499a368#53-t1, previous=(t:1, i:13), leaderCommit=10, initializing? false, entries: <empty>
2019-09-10 18:39:44,565 [java.util.concurrent.ThreadPoolExecutor$Worker@38b49b[State = -1, empty queue]] WARN  server.GrpcLogAppender (GrpcLogAppender.java:timeoutAppendRequest(200)) - b72696e0-9c4e-4740-8bcd-ca4650f90538@group-5CC95CFBF3DB->a2905edf-b9c1-421a-8807-b5d3e2a2f0d1-GrpcLogAppender: appendEntries Timeout, request=b72696e0-9c4e-4740-8bcd-ca4650f90538->a2905edf-b9c1-421a-8807-b5d3e2a2f0d1#53-t1, previous=(t:1, i:13), leaderCommit=10, initializing? false, entries: <empty>
2019-09-10 18:39:45,277 [grpc-default-executor-0] INFO  client.GrpcClientProtocolClient (GrpcClientProtocolClient.java:onNext(264)) - client-1CFF480DE3DE->a2905edf-b9c1-421a-8807-b5d3e2a2f0d1: receive RaftClientReply:client-1CFF480DE3DE->a2905edf-b9c1-421a-8807-b5d3e2a2f0d1@group-5CC95CFBF3DB, cid=21, FAILED org.apache.ratis.protocol.NotLeaderException: Server a2905edf-b9c1-421a-8807-b5d3e2a2f0d1@group-5CC95CFBF3DB is not the leader b72696e0-9c4e-4740-8bcd-ca4650f90538:192.168.5.139:36803, logIndex=0, commits[a2905edf-b9c1-421a-8807-b5d3e2a2f0d1:c10, b72696e0-9c4e-4740-8bcd-ca4650f90538:c10, 4d5e76d1-94b4-4344-b272-620ca499a368:c6]
2019-09-10 18:39:47,066 [java.util.concurrent.ThreadPoolExecutor$Worker@38b49b[State = -1, empty queue]] WARN  server.GrpcLogAppender (GrpcLogAppender.java:timeoutAppendRequest(200)) - b72696e0-9c4e-4740-8bcd-ca4650f90538@group-5CC95CFBF3DB->a2905edf-b9c1-421a-8807-b5d3e2a2f0d1-GrpcLogAppender: appendEntries Timeout, request=b72696e0-9c4e-4740-8bcd-ca4650f90538->a2905edf-b9c1-421a-8807-b5d3e2a2f0d1#54-t1, previous=(t:1, i:13), leaderCommit=10, initializing? false, entries: <empty>
2019-09-10 18:39:47,066 [java.util.concurrent.ThreadPoolExecutor$Worker@2ca0dbdc[State = -1, empty queue]] WARN  server.GrpcLogAppender (GrpcLogAppender.java:timeoutAppendRequest(200)) - b72696e0-9c4e-4740-8bcd-ca4650f90538@group-5CC95CFBF3DB->4d5e76d1-94b4-4344-b272-620ca499a368-GrpcLogAppender: appendEntries Timeout, request=b72696e0-9c4e-4740-8bcd-ca4650f90538->4d5e76d1-94b4-4344-b272-620ca499a368#54-t1, previous=(t:1, i:13), leaderCommit=10, initializing? false, entries: <empty>
2019-09-10 18:39:49,566 [java.util.concurrent.ThreadPoolExecutor$Worker@38b49b[State = -1, empty queue]] WARN  server.GrpcLogAppender (GrpcLogAppender.java:timeoutAppendRequest(200)) - b72696e0-9c4e-4740-8bcd-ca4650f90538@group-5CC95CFBF3DB->a2905edf-b9c1-421a-8807-b5d3e2a2f0d1-GrpcLogAppender: appendEntries Timeout, request=b72696e0-9c4e-4740-8bcd-ca4650f90538->a2905edf-b9c1-421a-8807-b5d3e2a2f0d1#55-t1, previous=(t:1, i:13), leaderCommit=10, initializing? false, entries: <empty>
2019-09-10 18:39:49,566 [java.util.concurrent.ThreadPoolExecutor$Worker@2ca0dbdc[State = -1, empty queue]] WARN  server.GrpcLogAppender (GrpcLogAppender.java:timeoutAppendRequest(200)) - b72696e0-9c4e-4740-8bcd-ca4650f90538@group-5CC95CFBF3DB->4d5e76d1-94b4-4344-b272-620ca499a368-GrpcLogAppender: appendEntries Timeout, request=b72696e0-9c4e-4740-8bcd-ca4650f90538->4d5e76d1-94b4-4344-b272-620ca499a368#55-t1, previous=(t:1, i:13), leaderCommit=10, initializing? false, entries: <empty>
2019-09-10 18:39:50,347 [grpc-default-executor-2] INFO  client.GrpcClientProtocolClient (GrpcClientProtocolClient.java:onNext(264)) - client-1CFF480DE3DE->a2905edf-b9c1-421a-8807-b5d3e2a2f0d1: receive RaftClientReply:client-1CFF480DE3DE->a2905edf-b9c1-421a-8807-b5d3e2a2f0d1@group-5CC95CFBF3DB, cid=21, FAILED org.apache.ratis.protocol.NotLeaderException: Server a2905edf-b9c1-421a-8807-b5d3e2a2f0d1@group-5CC95CFBF3DB is not the leader b72696e0-9c4e-4740-8bcd-ca4650f90538:192.168.5.139:36803, logIndex=0, commits[a2905edf-b9c1-421a-8807-b5d3e2a2f0d1:c10, b72696e0-9c4e-4740-8bcd-ca4650f90538:c10, 4d5e76d1-94b4-4344-b272-620ca499a368:c6]
2019-09-10 18:39:52,067 [java.util.concurrent.ThreadPoolExecutor$Worker@38b49b[State = -1, empty queue]] WARN  server.GrpcLogAppender (GrpcLogAppender.java:timeoutAppendRequest(200)) - b72696e0-9c4e-4740-8bcd-ca4650f90538@group-5CC95CFBF3DB->a2905edf-b9c1-421a-8807-b5d3e2a2f0d1-GrpcLogAppender: appendEntries Timeout, request=b72696e0-9c4e-4740-8bcd-ca4650f90538->a2905edf-b9c1-421a-8807-b5d3e2a2f0d1#56-t1, previous=(t:1, i:13), leaderCommit=10, initializing? false, entries: <empty>
2019-09-10 18:39:52,067 [java.util.concurrent.ThreadPoolExecutor$Worker@2ca0dbdc[State = -1, empty queue]] WARN  server.GrpcLogAppender (GrpcLogAppender.java:timeoutAppendRequest(200)) - b72696e0-9c4e-4740-8bcd-ca4650f90538@group-5CC95CFBF3DB->4d5e76d1-94b4-4344-b272-620ca499a368-GrpcLogAppender: appendEntries Timeout, request=b72696e0-9c4e-4740-8bcd-ca4650f90538->4d5e76d1-94b4-4344-b272-620ca499a368#56-t1, previous=(t:1, i:13), leaderCommit=10, initializing? false, entries: <empty>
2019-09-10 18:39:54,220 [4d5e76d1-94b4-4344-b272-620ca499a368@group-5CC95CFBF3DB-SegmentedRaftLogWorker] WARN  segmented.SegmentedRaftLogWorker (SegmentedRaftLogWorker.java:getFromFuture(90)) - Timeout 10/~
org.apache.ratis.protocol.TimeoutIOException: Timeout 10s: WriteLog:12: (t:1, i:12), STATEMACHINELOGENTRY, client-1CFF480DE3DE, cid=22-writeStateMachineData
	at org.apache.ratis.util.IOUtils.getFromFuture(IOUtils.java:87)
	at org.apache.ratis.server.raftlog.segmented.SegmentedRaftLogWorker$StateMachineDataPolicy.getFromFuture(SegmentedRaftLogWorker.java:87)
	at org.apache.ratis.server.raftlog.segmented.SegmentedRaftLogWorker$WriteLog.execute(SegmentedRaftLogWorker.java:477)
	at org.apache.ratis.server.raftlog.segmented.SegmentedRaftLogWorker.run(SegmentedRaftLogWorker.java:289)
	at java.lang.Thread.run(Thread.java:748)
Caused by: java.util.concurrent.TimeoutException
	at java.util.concurrent.CompletableFuture.timedGet(CompletableFuture.java:1771)
	at java.util.concurrent.CompletableFuture.get(CompletableFuture.java:1915)
	at org.apache.ratis.util.IOUtils.getFromFuture(IOUtils.java:79)
	... 4 more
2019-09-10 18:39:54,249 [b72696e0-9c4e-4740-8bcd-ca4650f90538@group-5CC95CFBF3DB-SegmentedRaftLogWorker] WARN  segmented.SegmentedRaftLogWorker (SegmentedRaftLogWorker.java:getFromFuture(90)) - Timeout 10/~
org.apache.ratis.protocol.TimeoutIOException: Timeout 10s: WriteLog:12: (t:1, i:12), STATEMACHINELOGENTRY, client-1CFF480DE3DE, cid=22-writeStateMachineData
	at org.apache.ratis.util.IOUtils.getFromFuture(IOUtils.java:87)
	at org.apache.ratis.server.raftlog.segmented.SegmentedRaftLogWorker$StateMachineDataPolicy.getFromFuture(SegmentedRaftLogWorker.java:87)
	at org.apache.ratis.server.raftlog.segmented.SegmentedRaftLogWorker$WriteLog.execute(SegmentedRaftLogWorker.java:477)
	at org.apache.ratis.server.raftlog.segmented.SegmentedRaftLogWorker.run(SegmentedRaftLogWorker.java:289)
	at java.lang.Thread.run(Thread.java:748)
Caused by: java.util.concurrent.TimeoutException
	at java.util.concurrent.CompletableFuture.timedGet(CompletableFuture.java:1771)
	at java.util.concurrent.CompletableFuture.get(CompletableFuture.java:1915)
	at org.apache.ratis.util.IOUtils.getFromFuture(IOUtils.java:79)
	... 4 more
2019-09-10 18:39:54,250 [a2905edf-b9c1-421a-8807-b5d3e2a2f0d1@group-5CC95CFBF3DB-SegmentedRaftLogWorker] WARN  segmented.SegmentedRaftLogWorker (SegmentedRaftLogWorker.java:getFromFuture(90)) - Timeout 10/~
org.apache.ratis.protocol.TimeoutIOException: Timeout 10s: WriteLog:12: (t:1, i:12), STATEMACHINELOGENTRY, client-1CFF480DE3DE, cid=22-writeStateMachineData
	at org.apache.ratis.util.IOUtils.getFromFuture(IOUtils.java:87)
	at org.apache.ratis.server.raftlog.segmented.SegmentedRaftLogWorker$StateMachineDataPolicy.getFromFuture(SegmentedRaftLogWorker.java:87)
	at org.apache.ratis.server.raftlog.segmented.SegmentedRaftLogWorker$WriteLog.execute(SegmentedRaftLogWorker.java:477)
	at org.apache.ratis.server.raftlog.segmented.SegmentedRaftLogWorker.run(SegmentedRaftLogWorker.java:289)
	at java.lang.Thread.run(Thread.java:748)
Caused by: java.util.concurrent.TimeoutException
	at java.util.concurrent.CompletableFuture.timedGet(CompletableFuture.java:1771)
	at java.util.concurrent.CompletableFuture.get(CompletableFuture.java:1915)
	at org.apache.ratis.util.IOUtils.getFromFuture(IOUtils.java:79)
	... 4 more
2019-09-10 18:39:54,567 [java.util.concurrent.ThreadPoolExecutor$Worker@38b49b[State = -1, empty queue]] WARN  server.GrpcLogAppender (GrpcLogAppender.java:timeoutAppendRequest(200)) - b72696e0-9c4e-4740-8bcd-ca4650f90538@group-5CC95CFBF3DB->a2905edf-b9c1-421a-8807-b5d3e2a2f0d1-GrpcLogAppender: appendEntries Timeout, request=b72696e0-9c4e-4740-8bcd-ca4650f90538->a2905edf-b9c1-421a-8807-b5d3e2a2f0d1#57-t1, previous=(t:1, i:13), leaderCommit=10, initializing? false, entries: <empty>
2019-09-10 18:39:54,567 [java.util.concurrent.ThreadPoolExecutor$Worker@2ca0dbdc[State = -1, empty queue]] WARN  server.GrpcLogAppender (GrpcLogAppender.java:timeoutAppendRequest(200)) - b72696e0-9c4e-4740-8bcd-ca4650f90538@group-5CC95CFBF3DB->4d5e76d1-94b4-4344-b272-620ca499a368-GrpcLogAppender: appendEntries Timeout, request=b72696e0-9c4e-4740-8bcd-ca4650f90538->4d5e76d1-94b4-4344-b272-620ca499a368#57-t1, previous=(t:1, i:13), leaderCommit=10, initializing? false, entries: <empty>
2019-09-10 18:39:55,411 [grpc-default-executor-0] INFO  client.GrpcClientProtocolClient (GrpcClientProtocolClient.java:onNext(264)) - client-1CFF480DE3DE->a2905edf-b9c1-421a-8807-b5d3e2a2f0d1: receive RaftClientReply:client-1CFF480DE3DE->a2905edf-b9c1-421a-8807-b5d3e2a2f0d1@group-5CC95CFBF3DB, cid=21, FAILED org.apache.ratis.protocol.NotLeaderException: Server a2905edf-b9c1-421a-8807-b5d3e2a2f0d1@group-5CC95CFBF3DB is not the leader b72696e0-9c4e-4740-8bcd-ca4650f90538:192.168.5.139:36803, logIndex=0, commits[a2905edf-b9c1-421a-8807-b5d3e2a2f0d1:c10, b72696e0-9c4e-4740-8bcd-ca4650f90538:c10, 4d5e76d1-94b4-4344-b272-620ca499a368:c6]
2019-09-10 18:39:57,068 [java.util.concurrent.ThreadPoolExecutor$Worker@2ca0dbdc[State = -1, empty queue]] WARN  server.GrpcLogAppender (GrpcLogAppender.java:timeoutAppendRequest(200)) - b72696e0-9c4e-4740-8bcd-ca4650f90538@group-5CC95CFBF3DB->4d5e76d1-94b4-4344-b272-620ca499a368-GrpcLogAppender: appendEntries Timeout, request=b72696e0-9c4e-4740-8bcd-ca4650f90538->4d5e76d1-94b4-4344-b272-620ca499a368#58-t1, previous=(t:1, i:13), leaderCommit=10, initializing? false, entries: <empty>
2019-09-10 18:39:57,068 [java.util.concurrent.ThreadPoolExecutor$Worker@38b49b[State = -1, empty queue]] WARN  server.GrpcLogAppender (GrpcLogAppender.java:timeoutAppendRequest(200)) - b72696e0-9c4e-4740-8bcd-ca4650f90538@group-5CC95CFBF3DB->a2905edf-b9c1-421a-8807-b5d3e2a2f0d1-GrpcLogAppender: appendEntries Timeout, request=b72696e0-9c4e-4740-8bcd-ca4650f90538->a2905edf-b9c1-421a-8807-b5d3e2a2f0d1#58-t1, previous=(t:1, i:13), leaderCommit=10, initializing? false, entries: <empty>
2019-09-10 18:39:59,569 [java.util.concurrent.ThreadPoolExecutor$Worker@38b49b[State = -1, empty queue]] WARN  server.GrpcLogAppender (GrpcLogAppender.java:timeoutAppendRequest(200)) - b72696e0-9c4e-4740-8bcd-ca4650f90538@group-5CC95CFBF3DB->a2905edf-b9c1-421a-8807-b5d3e2a2f0d1-GrpcLogAppender: appendEntries Timeout, request=b72696e0-9c4e-4740-8bcd-ca4650f90538->a2905edf-b9c1-421a-8807-b5d3e2a2f0d1#59-t1, previous=(t:1, i:13), leaderCommit=10, initializing? false, entries: <empty>
2019-09-10 18:39:59,569 [java.util.concurrent.ThreadPoolExecutor$Worker@2ca0dbdc[State = -1, empty queue]] WARN  server.GrpcLogAppender (GrpcLogAppender.java:timeoutAppendRequest(200)) - b72696e0-9c4e-4740-8bcd-ca4650f90538@group-5CC95CFBF3DB->4d5e76d1-94b4-4344-b272-620ca499a368-GrpcLogAppender: appendEntries Timeout, request=b72696e0-9c4e-4740-8bcd-ca4650f90538->4d5e76d1-94b4-4344-b272-620ca499a368#59-t1, previous=(t:1, i:13), leaderCommit=10, initializing? false, entries: <empty>
2019-09-10 18:40:00,470 [grpc-default-executor-0] INFO  client.GrpcClientProtocolClient (GrpcClientProtocolClient.java:onNext(264)) - client-1CFF480DE3DE->4d5e76d1-94b4-4344-b272-620ca499a368: receive RaftClientReply:client-1CFF480DE3DE->4d5e76d1-94b4-4344-b272-620ca499a368@group-5CC95CFBF3DB, cid=21, FAILED org.apache.ratis.protocol.NotLeaderException: Server 4d5e76d1-94b4-4344-b272-620ca499a368@group-5CC95CFBF3DB is not the leader b72696e0-9c4e-4740-8bcd-ca4650f90538:192.168.5.139:36803, logIndex=0, commits[4d5e76d1-94b4-4344-b272-620ca499a368:c10, b72696e0-9c4e-4740-8bcd-ca4650f90538:c10, a2905edf-b9c1-421a-8807-b5d3e2a2f0d1:c6]
2019-09-10 18:40:02,070 [java.util.concurrent.ThreadPoolExecutor$Worker@38b49b[State = -1, empty queue]] WARN  server.GrpcLogAppender (GrpcLogAppender.java:timeoutAppendRequest(200)) - b72696e0-9c4e-4740-8bcd-ca4650f90538@group-5CC95CFBF3DB->a2905edf-b9c1-421a-8807-b5d3e2a2f0d1-GrpcLogAppender: appendEntries Timeout, request=b72696e0-9c4e-4740-8bcd-ca4650f90538->a2905edf-b9c1-421a-8807-b5d3e2a2f0d1#60-t1, previous=(t:1, i:13), leaderCommit=10, initializing? false, entries: <empty>
2019-09-10 18:40:02,070 [java.util.concurrent.ThreadPoolExecutor$Worker@2ca0dbdc[State = -1, empty queue]] WARN  server.GrpcLogAppender (GrpcLogAppender.java:timeoutAppendRequest(200)) - b72696e0-9c4e-4740-8bcd-ca4650f90538@group-5CC95CFBF3DB->4d5e76d1-94b4-4344-b272-620ca499a368-GrpcLogAppender: appendEntries Timeout, request=b72696e0-9c4e-4740-8bcd-ca4650f90538->4d5e76d1-94b4-4344-b272-620ca499a368#60-t1, previous=(t:1, i:13), leaderCommit=10, initializing? false, entries: <empty>
2019-09-10 18:40:04,125 [org.apache.ratis.server.impl.LogAppender$AppenderDaemon$$Lambda$491/1891770971@2b461a73] ERROR ratis.XceiverServerRatis (XceiverServerRatis.java:triggerPipelineClose(575)) - pipeline Action CLOSE  on pipeline PipelineID=7bf794f4-70ce-4b1b-9a52-5cc95cfbf3db.Reason : b72696e0-9c4e-4740-8bcd-ca4650f90538 has not seen follower/s 4d5e76d1-94b4-4344-b272-620ca499a368 for 120384ms a2905edf-b9c1-421a-8807-b5d3e2a2f0d1 for 120387ms
2019-09-10 18:40:04,125 [org.apache.ratis.server.impl.LogAppender$AppenderDaemon$$Lambda$491/1891770971@c58b2d9] ERROR ratis.XceiverServerRatis (XceiverServerRatis.java:triggerPipelineClose(575)) - pipeline Action CLOSE  on pipeline PipelineID=7bf794f4-70ce-4b1b-9a52-5cc95cfbf3db.Reason : b72696e0-9c4e-4740-8bcd-ca4650f90538 has not seen follower/s 4d5e76d1-94b4-4344-b272-620ca499a368 for 120384ms a2905edf-b9c1-421a-8807-b5d3e2a2f0d1 for 120387ms
2019-09-10 18:40:04,221 [4d5e76d1-94b4-4344-b272-620ca499a368@group-5CC95CFBF3DB-SegmentedRaftLogWorker] WARN  segmented.SegmentedRaftLogWorker (SegmentedRaftLogWorker.java:getFromFuture(90)) - Timeout 11/~
org.apache.ratis.protocol.TimeoutIOException: Timeout 10s: WriteLog:12: (t:1, i:12), STATEMACHINELOGENTRY, client-1CFF480DE3DE, cid=22-writeStateMachineData
	at org.apache.ratis.util.IOUtils.getFromFuture(IOUtils.java:87)
	at org.apache.ratis.server.raftlog.segmented.SegmentedRaftLogWorker$StateMachineDataPolicy.getFromFuture(SegmentedRaftLogWorker.java:87)
	at org.apache.ratis.server.raftlog.segmented.SegmentedRaftLogWorker$WriteLog.execute(SegmentedRaftLogWorker.java:477)
	at org.apache.ratis.server.raftlog.segmented.SegmentedRaftLogWorker.run(SegmentedRaftLogWorker.java:289)
	at java.lang.Thread.run(Thread.java:748)
Caused by: java.util.concurrent.TimeoutException
	at java.util.concurrent.CompletableFuture.timedGet(CompletableFuture.java:1771)
	at java.util.concurrent.CompletableFuture.get(CompletableFuture.java:1915)
	at org.apache.ratis.util.IOUtils.getFromFuture(IOUtils.java:79)
	... 4 more
2019-09-10 18:40:04,224 [EventQueue-PipelineActionsForPipelineActionHandler] ERROR pipeline.PipelineActionHandler (PipelineActionHandler.java:onMessage(60)) - Received pipeline action CLOSE for Pipeline[ Id: 7bf794f4-70ce-4b1b-9a52-5cc95cfbf3db, Nodes: 4d5e76d1-94b4-4344-b272-620ca499a368{ip: 192.168.5.139, host: pr-hdds-1786-trunk-k6rzm-1803654198, networkLocation: /default-rack, certSerialId: null}b72696e0-9c4e-4740-8bcd-ca4650f90538{ip: 192.168.5.139, host: pr-hdds-1786-trunk-k6rzm-1803654198, networkLocation: /default-rack, certSerialId: null}a2905edf-b9c1-421a-8807-b5d3e2a2f0d1{ip: 192.168.5.139, host: pr-hdds-1786-trunk-k6rzm-1803654198, networkLocation: /default-rack, certSerialId: null}, Type:RATIS, Factor:THREE, State:OPEN] from datanode b72696e0-9c4e-4740-8bcd-ca4650f90538{ip: 192.168.5.139, host: pr-hdds-1786-trunk-k6rzm-1803654198, networkLocation: /default-rack, certSerialId: null}. Reason : b72696e0-9c4e-4740-8bcd-ca4650f90538 has not seen follower/s 4d5e76d1-94b4-4344-b272-620ca499a368 for 120384ms a2905edf-b9c1-421a-8807-b5d3e2a2f0d1 for 120387ms
2019-09-10 18:40:04,224 [EventQueue-PipelineActionsForPipelineActionHandler] INFO  pipeline.SCMPipelineManager (SCMPipelineManager.java:finalizeAndDestroyPipeline(311)) - destroying pipeline:Pipeline[ Id: 7bf794f4-70ce-4b1b-9a52-5cc95cfbf3db, Nodes: 4d5e76d1-94b4-4344-b272-620ca499a368{ip: 192.168.5.139, host: pr-hdds-1786-trunk-k6rzm-1803654198, networkLocation: /default-rack, certSerialId: null}b72696e0-9c4e-4740-8bcd-ca4650f90538{ip: 192.168.5.139, host: pr-hdds-1786-trunk-k6rzm-1803654198, networkLocation: /default-rack, certSerialId: null}a2905edf-b9c1-421a-8807-b5d3e2a2f0d1{ip: 192.168.5.139, host: pr-hdds-1786-trunk-k6rzm-1803654198, networkLocation: /default-rack, certSerialId: null}, Type:RATIS, Factor:THREE, State:OPEN]
2019-09-10 18:40:04,225 [EventQueue-PipelineActionsForPipelineActionHandler] INFO  pipeline.PipelineStateManager (PipelineStateManager.java:finalizePipeline(123)) - Pipeline Pipeline[ Id: 7bf794f4-70ce-4b1b-9a52-5cc95cfbf3db, Nodes: 4d5e76d1-94b4-4344-b272-620ca499a368{ip: 192.168.5.139, host: pr-hdds-1786-trunk-k6rzm-1803654198, networkLocation: /default-rack, certSerialId: null}b72696e0-9c4e-4740-8bcd-ca4650f90538{ip: 192.168.5.139, host: pr-hdds-1786-trunk-k6rzm-1803654198, networkLocation: /default-rack, certSerialId: null}a2905edf-b9c1-421a-8807-b5d3e2a2f0d1{ip: 192.168.5.139, host: pr-hdds-1786-trunk-k6rzm-1803654198, networkLocation: /default-rack, certSerialId: null}, Type:RATIS, Factor:THREE, State:CLOSED] moved to CLOSED state
2019-09-10 18:40:04,228 [EventQueue-CloseContainerForCloseContainerEventHandler] INFO  container.CloseContainerEventHandler (CloseContainerEventHandler.java:onMessage(61)) - Close container Event triggered for container : #2
2019-09-10 18:40:04,234 [EventQueue-CloseContainerForCloseContainerEventHandler] INFO  container.CloseContainerEventHandler (CloseContainerEventHandler.java:onMessage(61)) - Close container Event triggered for container : #3
2019-09-10 18:40:04,250 [b72696e0-9c4e-4740-8bcd-ca4650f90538@group-5CC95CFBF3DB-SegmentedRaftLogWorker] WARN  segmented.SegmentedRaftLogWorker (SegmentedRaftLogWorker.java:getFromFuture(90)) - Timeout 11/~
org.apache.ratis.protocol.TimeoutIOException: Timeout 10s: WriteLog:12: (t:1, i:12), STATEMACHINELOGENTRY, client-1CFF480DE3DE, cid=22-writeStateMachineData
	at org.apache.ratis.util.IOUtils.getFromFuture(IOUtils.java:87)
	at org.apache.ratis.server.raftlog.segmented.SegmentedRaftLogWorker$StateMachineDataPolicy.getFromFuture(SegmentedRaftLogWorker.java:87)
	at org.apache.ratis.server.raftlog.segmented.SegmentedRaftLogWorker$WriteLog.execute(SegmentedRaftLogWorker.java:477)
	at org.apache.ratis.server.raftlog.segmented.SegmentedRaftLogWorker.run(SegmentedRaftLogWorker.java:289)
	at java.lang.Thread.run(Thread.java:748)
Caused by: java.util.concurrent.TimeoutException
	at java.util.concurrent.CompletableFuture.timedGet(CompletableFuture.java:1771)
	at java.util.concurrent.CompletableFuture.get(CompletableFuture.java:1915)
	at org.apache.ratis.util.IOUtils.getFromFuture(IOUtils.java:79)
	... 4 more
2019-09-10 18:40:04,252 [a2905edf-b9c1-421a-8807-b5d3e2a2f0d1@group-5CC95CFBF3DB-SegmentedRaftLogWorker] WARN  segmented.SegmentedRaftLogWorker (SegmentedRaftLogWorker.java:getFromFuture(90)) - Timeout 11/~
org.apache.ratis.protocol.TimeoutIOException: Timeout 10s: WriteLog:12: (t:1, i:12), STATEMACHINELOGENTRY, client-1CFF480DE3DE, cid=22-writeStateMachineData
	at org.apache.ratis.util.IOUtils.getFromFuture(IOUtils.java:87)
	at org.apache.ratis.server.raftlog.segmented.SegmentedRaftLogWorker$StateMachineDataPolicy.getFromFuture(SegmentedRaftLogWorker.java:87)
	at org.apache.ratis.server.raftlog.segmented.SegmentedRaftLogWorker$WriteLog.execute(SegmentedRaftLogWorker.java:477)
	at org.apache.ratis.server.raftlog.segmented.SegmentedRaftLogWorker.run(SegmentedRaftLogWorker.java:289)
	at java.lang.Thread.run(Thread.java:748)
Caused by: java.util.concurrent.TimeoutException
	at java.util.concurrent.CompletableFuture.timedGet(CompletableFuture.java:1771)
	at java.util.concurrent.CompletableFuture.get(CompletableFuture.java:1915)
	at org.apache.ratis.util.IOUtils.getFromFuture(IOUtils.java:79)
	... 4 more
2019-09-10 18:40:04,571 [java.util.concurrent.ThreadPoolExecutor$Worker@38b49b[State = -1, empty queue]] WARN  server.GrpcLogAppender (GrpcLogAppender.java:timeoutAppendRequest(200)) - b72696e0-9c4e-4740-8bcd-ca4650f90538@group-5CC95CFBF3DB->a2905edf-b9c1-421a-8807-b5d3e2a2f0d1-GrpcLogAppender: appendEntries Timeout, request=b72696e0-9c4e-4740-8bcd-ca4650f90538->a2905edf-b9c1-421a-8807-b5d3e2a2f0d1#61-t1, previous=(t:1, i:13), leaderCommit=10, initializing? false, entries: <empty>
2019-09-10 18:40:04,571 [java.util.concurrent.ThreadPoolExecutor$Worker@2ca0dbdc[State = -1, empty queue]] WARN  server.GrpcLogAppender (GrpcLogAppender.java:timeoutAppendRequest(200)) - b72696e0-9c4e-4740-8bcd-ca4650f90538@group-5CC95CFBF3DB->4d5e76d1-94b4-4344-b272-620ca499a368-GrpcLogAppender: appendEntries Timeout, request=b72696e0-9c4e-4740-8bcd-ca4650f90538->4d5e76d1-94b4-4344-b272-620ca499a368#61-t1, previous=(t:1, i:13), leaderCommit=10, initializing? false, entries: <empty>
2019-09-10 18:40:05,515 [grpc-default-executor-2] INFO  client.GrpcClientProtocolClient (GrpcClientProtocolClient.java:onNext(264)) - client-1CFF480DE3DE->a2905edf-b9c1-421a-8807-b5d3e2a2f0d1: receive RaftClientReply:client-1CFF480DE3DE->a2905edf-b9c1-421a-8807-b5d3e2a2f0d1@group-5CC95CFBF3DB, cid=21, FAILED org.apache.ratis.protocol.NotLeaderException: Server a2905edf-b9c1-421a-8807-b5d3e2a2f0d1@group-5CC95CFBF3DB is not the leader b72696e0-9c4e-4740-8bcd-ca4650f90538:192.168.5.139:36803, logIndex=0, commits[a2905edf-b9c1-421a-8807-b5d3e2a2f0d1:c10, b72696e0-9c4e-4740-8bcd-ca4650f90538:c10, 4d5e76d1-94b4-4344-b272-620ca499a368:c6]
2019-09-10 18:40:06,241 [org.apache.ratis.server.impl.LogAppender$AppenderDaemon$$Lambda$491/1891770971@c58b2d9] ERROR ratis.XceiverServerRatis (XceiverServerRatis.java:triggerPipelineClose(575)) - pipeline Action CLOSE  on pipeline PipelineID=7bf794f4-70ce-4b1b-9a52-5cc95cfbf3db.Reason : b72696e0-9c4e-4740-8bcd-ca4650f90538 has not seen follower/s 4d5e76d1-94b4-4344-b272-620ca499a368 for 122529ms a2905edf-b9c1-421a-8807-b5d3e2a2f0d1 for 122527ms
2019-09-10 18:40:06,241 [org.apache.ratis.server.impl.LogAppender$AppenderDaemon$$Lambda$491/1891770971@2b461a73] ERROR ratis.XceiverServerRatis (XceiverServerRatis.java:triggerPipelineClose(575)) - pipeline Action CLOSE  on pipeline PipelineID=7bf794f4-70ce-4b1b-9a52-5cc95cfbf3db.Reason : b72696e0-9c4e-4740-8bcd-ca4650f90538 has not seen follower/s 4d5e76d1-94b4-4344-b272-620ca499a368 for 122529ms a2905edf-b9c1-421a-8807-b5d3e2a2f0d1 for 122527ms
2019-09-10 18:40:07,072 [java.util.concurrent.ThreadPoolExecutor$Worker@2ca0dbdc[State = -1, empty queue]] WARN  server.GrpcLogAppender (GrpcLogAppender.java:timeoutAppendRequest(200)) - b72696e0-9c4e-4740-8bcd-ca4650f90538@group-5CC95CFBF3DB->4d5e76d1-94b4-4344-b272-620ca499a368-GrpcLogAppender: appendEntries Timeout, request=b72696e0-9c4e-4740-8bcd-ca4650f90538->4d5e76d1-94b4-4344-b272-620ca499a368#62-t1, previous=(t:1, i:13), leaderCommit=10, initializing? false, entries: <empty>
2019-09-10 18:40:07,072 [java.util.concurrent.ThreadPoolExecutor$Worker@38b49b[State = -1, empty queue]] WARN  server.GrpcLogAppender (GrpcLogAppender.java:timeoutAppendRequest(200)) - b72696e0-9c4e-4740-8bcd-ca4650f90538@group-5CC95CFBF3DB->a2905edf-b9c1-421a-8807-b5d3e2a2f0d1-GrpcLogAppender: appendEntries Timeout, request=b72696e0-9c4e-4740-8bcd-ca4650f90538->a2905edf-b9c1-421a-8807-b5d3e2a2f0d1#62-t1, previous=(t:1, i:13), leaderCommit=10, initializing? false, entries: <empty>
2019-09-10 18:40:07,239 [EventQueue-PipelineActionsForPipelineActionHandler] ERROR pipeline.PipelineActionHandler (PipelineActionHandler.java:onMessage(60)) - Received pipeline action CLOSE for Pipeline[ Id: 7bf794f4-70ce-4b1b-9a52-5cc95cfbf3db, Nodes: 4d5e76d1-94b4-4344-b272-620ca499a368{ip: 192.168.5.139, host: pr-hdds-1786-trunk-k6rzm-1803654198, networkLocation: /default-rack, certSerialId: null}b72696e0-9c4e-4740-8bcd-ca4650f90538{ip: 192.168.5.139, host: pr-hdds-1786-trunk-k6rzm-1803654198, networkLocation: /default-rack, certSerialId: null}a2905edf-b9c1-421a-8807-b5d3e2a2f0d1{ip: 192.168.5.139, host: pr-hdds-1786-trunk-k6rzm-1803654198, networkLocation: /default-rack, certSerialId: null}, Type:RATIS, Factor:THREE, State:CLOSED] from datanode b72696e0-9c4e-4740-8bcd-ca4650f90538{ip: 192.168.5.139, host: pr-hdds-1786-trunk-k6rzm-1803654198, networkLocation: /default-rack, certSerialId: null}. Reason : b72696e0-9c4e-4740-8bcd-ca4650f90538 has not seen follower/s 4d5e76d1-94b4-4344-b272-620ca499a368 for 122529ms a2905edf-b9c1-421a-8807-b5d3e2a2f0d1 for 122527ms
2019-09-10 18:40:07,240 [EventQueue-PipelineActionsForPipelineActionHandler] INFO  pipeline.SCMPipelineManager (SCMPipelineManager.java:finalizeAndDestroyPipeline(311)) - destroying pipeline:Pipeline[ Id: 7bf794f4-70ce-4b1b-9a52-5cc95cfbf3db, Nodes: 4d5e76d1-94b4-4344-b272-620ca499a368{ip: 192.168.5.139, host: pr-hdds-1786-trunk-k6rzm-1803654198, networkLocation: /default-rack, certSerialId: null}b72696e0-9c4e-4740-8bcd-ca4650f90538{ip: 192.168.5.139, host: pr-hdds-1786-trunk-k6rzm-1803654198, networkLocation: /default-rack, certSerialId: null}a2905edf-b9c1-421a-8807-b5d3e2a2f0d1{ip: 192.168.5.139, host: pr-hdds-1786-trunk-k6rzm-1803654198, networkLocation: /default-rack, certSerialId: null}, Type:RATIS, Factor:THREE, State:CLOSED]
2019-09-10 18:40:08,743 [org.apache.ratis.server.impl.LogAppender$AppenderDaemon$$Lambda$491/1891770971@2b461a73] ERROR ratis.XceiverServerRatis (XceiverServerRatis.java:triggerPipelineClose(575)) - pipeline Action CLOSE  on pipeline PipelineID=7bf794f4-70ce-4b1b-9a52-5cc95cfbf3db.Reason : b72696e0-9c4e-4740-8bcd-ca4650f90538 has not seen follower/s 4d5e76d1-94b4-4344-b272-620ca499a368 for 125030ms a2905edf-b9c1-421a-8807-b5d3e2a2f0d1 for 125029ms
2019-09-10 18:40:08,743 [org.apache.ratis.server.impl.LogAppender$AppenderDaemon$$Lambda$491/1891770971@c58b2d9] ERROR ratis.XceiverServerRatis (XceiverServerRatis.java:triggerPipelineClose(575)) - pipeline Action CLOSE  on pipeline PipelineID=7bf794f4-70ce-4b1b-9a52-5cc95cfbf3db.Reason : b72696e0-9c4e-4740-8bcd-ca4650f90538 has not seen follower/s 4d5e76d1-94b4-4344-b272-620ca499a368 for 125030ms a2905edf-b9c1-421a-8807-b5d3e2a2f0d1 for 125029ms
2019-09-10 18:40:09,242 [java.util.concurrent.ThreadPoolExecutor$Worker@2ca0dbdc[State = -1, empty queue]] WARN  server.GrpcLogAppender (GrpcLogAppender.java:timeoutAppendRequest(200)) - b72696e0-9c4e-4740-8bcd-ca4650f90538@group-5CC95CFBF3DB->4d5e76d1-94b4-4344-b272-620ca499a368-GrpcLogAppender: appendEntries Timeout, request=b72696e0-9c4e-4740-8bcd-ca4650f90538->4d5e76d1-94b4-4344-b272-620ca499a368#63-t1, previous=(t:1, i:13), leaderCommit=10, initializing? false, entries: size=1, first=(t:1, i:14), STATEMACHINELOGENTRY, client-D613979F88DF, cid=0
2019-09-10 18:40:09,242 [EventQueue-PipelineActionsForPipelineActionHandler] ERROR pipeline.PipelineActionHandler (PipelineActionHandler.java:onMessage(60)) - Received pipeline action CLOSE for Pipeline[ Id: 7bf794f4-70ce-4b1b-9a52-5cc95cfbf3db, Nodes: 4d5e76d1-94b4-4344-b272-620ca499a368{ip: 192.168.5.139, host: pr-hdds-1786-trunk-k6rzm-1803654198, networkLocation: /default-rack, certSerialId: null}b72696e0-9c4e-4740-8bcd-ca4650f90538{ip: 192.168.5.139, host: pr-hdds-1786-trunk-k6rzm-1803654198, networkLocation: /default-rack, certSerialId: null}a2905edf-b9c1-421a-8807-b5d3e2a2f0d1{ip: 192.168.5.139, host: pr-hdds-1786-trunk-k6rzm-1803654198, networkLocation: /default-rack, certSerialId: null}, Type:RATIS, Factor:THREE, State:CLOSED] from datanode b72696e0-9c4e-4740-8bcd-ca4650f90538{ip: 192.168.5.139, host: pr-hdds-1786-trunk-k6rzm-1803654198, networkLocation: /default-rack, certSerialId: null}. Reason : b72696e0-9c4e-4740-8bcd-ca4650f90538 has not seen follower/s 4d5e76d1-94b4-4344-b272-620ca499a368 for 125030ms a2905edf-b9c1-421a-8807-b5d3e2a2f0d1 for 125029ms
2019-09-10 18:40:09,242 [java.util.concurrent.ThreadPoolExecutor$Worker@38b49b[State = -1, empty queue]] WARN  server.GrpcLogAppender (GrpcLogAppender.java:timeoutAppendRequest(200)) - b72696e0-9c4e-4740-8bcd-ca4650f90538@group-5CC95CFBF3DB->a2905edf-b9c1-421a-8807-b5d3e2a2f0d1-GrpcLogAppender: appendEntries Timeout, request=b72696e0-9c4e-4740-8bcd-ca4650f90538->a2905edf-b9c1-421a-8807-b5d3e2a2f0d1#63-t1, previous=(t:1, i:13), leaderCommit=10, initializing? false, entries: size=1, first=(t:1, i:14), STATEMACHINELOGENTRY, client-D613979F88DF, cid=0
2019-09-10 18:40:09,243 [EventQueue-PipelineActionsForPipelineActionHandler] INFO  pipeline.SCMPipelineManager (SCMPipelineManager.java:finalizeAndDestroyPipeline(311)) - destroying pipeline:Pipeline[ Id: 7bf794f4-70ce-4b1b-9a52-5cc95cfbf3db, Nodes: 4d5e76d1-94b4-4344-b272-620ca499a368{ip: 192.168.5.139, host: pr-hdds-1786-trunk-k6rzm-1803654198, networkLocation: /default-rack, certSerialId: null}b72696e0-9c4e-4740-8bcd-ca4650f90538{ip: 192.168.5.139, host: pr-hdds-1786-trunk-k6rzm-1803654198, networkLocation: /default-rack, certSerialId: null}a2905edf-b9c1-421a-8807-b5d3e2a2f0d1{ip: 192.168.5.139, host: pr-hdds-1786-trunk-k6rzm-1803654198, networkLocation: /default-rack, certSerialId: null}, Type:RATIS, Factor:THREE, State:CLOSED]
2019-09-10 18:40:10,587 [grpc-default-executor-0] INFO  client.GrpcClientProtocolClient (GrpcClientProtocolClient.java:onNext(264)) - client-1CFF480DE3DE->a2905edf-b9c1-421a-8807-b5d3e2a2f0d1: receive RaftClientReply:client-1CFF480DE3DE->a2905edf-b9c1-421a-8807-b5d3e2a2f0d1@group-5CC95CFBF3DB, cid=21, FAILED org.apache.ratis.protocol.NotLeaderException: Server a2905edf-b9c1-421a-8807-b5d3e2a2f0d1@group-5CC95CFBF3DB is not the leader b72696e0-9c4e-4740-8bcd-ca4650f90538:192.168.5.139:36803, logIndex=0, commits[a2905edf-b9c1-421a-8807-b5d3e2a2f0d1:c10, b72696e0-9c4e-4740-8bcd-ca4650f90538:c10, 4d5e76d1-94b4-4344-b272-620ca499a368:c6]
2019-09-10 18:40:11,243 [org.apache.ratis.server.impl.LogAppender$AppenderDaemon$$Lambda$491/1891770971@2b461a73] ERROR ratis.XceiverServerRatis (XceiverServerRatis.java:triggerPipelineClose(575)) - pipeline Action CLOSE  on pipeline PipelineID=7bf794f4-70ce-4b1b-9a52-5cc95cfbf3db.Reason : b72696e0-9c4e-4740-8bcd-ca4650f90538 has not seen follower/s 4d5e76d1-94b4-4344-b272-620ca499a368 for 127531ms a2905edf-b9c1-421a-8807-b5d3e2a2f0d1 for 127529ms
2019-09-10 18:40:11,248 [org.apache.ratis.server.impl.LogAppender$AppenderDaemon$$Lambda$491/1891770971@c58b2d9] ERROR ratis.XceiverServerRatis (XceiverServerRatis.java:triggerPipelineClose(575)) - pipeline Action CLOSE  on pipeline PipelineID=7bf794f4-70ce-4b1b-9a52-5cc95cfbf3db.Reason : b72696e0-9c4e-4740-8bcd-ca4650f90538 has not seen follower/s 4d5e76d1-94b4-4344-b272-620ca499a368 for 127535ms a2905edf-b9c1-421a-8807-b5d3e2a2f0d1 for 127533ms
2019-09-10 18:40:11,743 [java.util.concurrent.ThreadPoolExecutor$Worker@38b49b[State = -1, empty queue]] WARN  server.GrpcLogAppender (GrpcLogAppender.java:timeoutAppendRequest(200)) - b72696e0-9c4e-4740-8bcd-ca4650f90538@group-5CC95CFBF3DB->a2905edf-b9c1-421a-8807-b5d3e2a2f0d1-GrpcLogAppender: appendEntries Timeout, request=b72696e0-9c4e-4740-8bcd-ca4650f90538->a2905edf-b9c1-421a-8807-b5d3e2a2f0d1#64-t1, previous=(t:1, i:14), leaderCommit=10, initializing? false, entries: <empty>
2019-09-10 18:40:11,743 [java.util.concurrent.ThreadPoolExecutor$Worker@2ca0dbdc[State = -1, empty queue]] WARN  server.GrpcLogAppender (GrpcLogAppender.java:timeoutAppendRequest(200)) - b72696e0-9c4e-4740-8bcd-ca4650f90538@group-5CC95CFBF3DB->4d5e76d1-94b4-4344-b272-620ca499a368-GrpcLogAppender: appendEntries Timeout, request=b72696e0-9c4e-4740-8bcd-ca4650f90538->4d5e76d1-94b4-4344-b272-620ca499a368#64-t1, previous=(t:1, i:14), leaderCommit=10, initializing? false, entries: <empty>
2019-09-10 18:40:12,240 [EventQueue-PipelineActionsForPipelineActionHandler] ERROR pipeline.PipelineActionHandler (PipelineActionHandler.java:onMessage(60)) - Received pipeline action CLOSE for Pipeline[ Id: 7bf794f4-70ce-4b1b-9a52-5cc95cfbf3db, Nodes: 4d5e76d1-94b4-4344-b272-620ca499a368{ip: 192.168.5.139, host: pr-hdds-1786-trunk-k6rzm-1803654198, networkLocation: /default-rack, certSerialId: null}b72696e0-9c4e-4740-8bcd-ca4650f90538{ip: 192.168.5.139, host: pr-hdds-1786-trunk-k6rzm-1803654198, networkLocation: /default-rack, certSerialId: null}a2905edf-b9c1-421a-8807-b5d3e2a2f0d1{ip: 192.168.5.139, host: pr-hdds-1786-trunk-k6rzm-1803654198, networkLocation: /default-rack, certSerialId: null}, Type:RATIS, Factor:THREE, State:CLOSED] from datanode b72696e0-9c4e-4740-8bcd-ca4650f90538{ip: 192.168.5.139, host: pr-hdds-1786-trunk-k6rzm-1803654198, networkLocation: /default-rack, certSerialId: null}. Reason : b72696e0-9c4e-4740-8bcd-ca4650f90538 has not seen follower/s 4d5e76d1-94b4-4344-b272-620ca499a368 for 127531ms a2905edf-b9c1-421a-8807-b5d3e2a2f0d1 for 127529ms
2019-09-10 18:40:12,240 [EventQueue-PipelineActionsForPipelineActionHandler] INFO  pipeline.SCMPipelineManager (SCMPipelineManager.java:finalizeAndDestroyPipeline(311)) - destroying pipeline:Pipeline[ Id: 7bf794f4-70ce-4b1b-9a52-5cc95cfbf3db, Nodes: 4d5e76d1-94b4-4344-b272-620ca499a368{ip: 192.168.5.139, host: pr-hdds-1786-trunk-k6rzm-1803654198, networkLocation: /default-rack, certSerialId: null}b72696e0-9c4e-4740-8bcd-ca4650f90538{ip: 192.168.5.139, host: pr-hdds-1786-trunk-k6rzm-1803654198, networkLocation: /default-rack, certSerialId: null}a2905edf-b9c1-421a-8807-b5d3e2a2f0d1{ip: 192.168.5.139, host: pr-hdds-1786-trunk-k6rzm-1803654198, networkLocation: /default-rack, certSerialId: null}, Type:RATIS, Factor:THREE, State:CLOSED]
2019-09-10 18:40:13,745 [org.apache.ratis.server.impl.LogAppender$AppenderDaemon$$Lambda$491/1891770971@2b461a73] ERROR ratis.XceiverServerRatis (XceiverServerRatis.java:triggerPipelineClose(575)) - pipeline Action CLOSE  on pipeline PipelineID=7bf794f4-70ce-4b1b-9a52-5cc95cfbf3db.Reason : b72696e0-9c4e-4740-8bcd-ca4650f90538 has not seen follower/s 4d5e76d1-94b4-4344-b272-620ca499a368 for 130032ms a2905edf-b9c1-421a-8807-b5d3e2a2f0d1 for 130031ms
2019-09-10 18:40:13,749 [org.apache.ratis.server.impl.LogAppender$AppenderDaemon$$Lambda$491/1891770971@c58b2d9] ERROR ratis.XceiverServerRatis (XceiverServerRatis.java:triggerPipelineClose(575)) - pipeline Action CLOSE  on pipeline PipelineID=7bf794f4-70ce-4b1b-9a52-5cc95cfbf3db.Reason : b72696e0-9c4e-4740-8bcd-ca4650f90538 has not seen follower/s 4d5e76d1-94b4-4344-b272-620ca499a368 for 130036ms a2905edf-b9c1-421a-8807-b5d3e2a2f0d1 for 130035ms
2019-09-10 18:40:14,223 [4d5e76d1-94b4-4344-b272-620ca499a368@group-5CC95CFBF3DB-SegmentedRaftLogWorker] WARN  segmented.SegmentedRaftLogWorker (SegmentedRaftLogWorker.java:getFromFuture(90)) - Timeout 12/~
org.apache.ratis.protocol.TimeoutIOException: Timeout 10s: WriteLog:12: (t:1, i:12), STATEMACHINELOGENTRY, client-1CFF480DE3DE, cid=22-writeStateMachineData
	at org.apache.ratis.util.IOUtils.getFromFuture(IOUtils.java:87)
	at org.apache.ratis.server.raftlog.segmented.SegmentedRaftLogWorker$StateMachineDataPolicy.getFromFuture(SegmentedRaftLogWorker.java:87)
	at org.apache.ratis.server.raftlog.segmented.SegmentedRaftLogWorker$WriteLog.execute(SegmentedRaftLogWorker.java:477)
	at org.apache.ratis.server.raftlog.segmented.SegmentedRaftLogWorker.run(SegmentedRaftLogWorker.java:289)
	at java.lang.Thread.run(Thread.java:748)
Caused by: java.util.concurrent.TimeoutException
	at java.util.concurrent.CompletableFuture.timedGet(CompletableFuture.java:1771)
	at java.util.concurrent.CompletableFuture.get(CompletableFuture.java:1915)
	at org.apache.ratis.util.IOUtils.getFromFuture(IOUtils.java:79)
	... 4 more
2019-09-10 18:40:14,240 [EventQueue-PipelineActionsForPipelineActionHandler] ERROR pipeline.PipelineActionHandler (PipelineActionHandler.java:onMessage(60)) - Received pipeline action CLOSE for Pipeline[ Id: 7bf794f4-70ce-4b1b-9a52-5cc95cfbf3db, Nodes: 4d5e76d1-94b4-4344-b272-620ca499a368{ip: 192.168.5.139, host: pr-hdds-1786-trunk-k6rzm-1803654198, networkLocation: /default-rack, certSerialId: null}b72696e0-9c4e-4740-8bcd-ca4650f90538{ip: 192.168.5.139, host: pr-hdds-1786-trunk-k6rzm-1803654198, networkLocation: /default-rack, certSerialId: null}a2905edf-b9c1-421a-8807-b5d3e2a2f0d1{ip: 192.168.5.139, host: pr-hdds-1786-trunk-k6rzm-1803654198, networkLocation: /default-rack, certSerialId: null}, Type:RATIS, Factor:THREE, State:CLOSED] from datanode b72696e0-9c4e-4740-8bcd-ca4650f90538{ip: 192.168.5.139, host: pr-hdds-1786-trunk-k6rzm-1803654198, networkLocation: /default-rack, certSerialId: null}. Reason : b72696e0-9c4e-4740-8bcd-ca4650f90538 has not seen follower/s 4d5e76d1-94b4-4344-b272-620ca499a368 for 130032ms a2905edf-b9c1-421a-8807-b5d3e2a2f0d1 for 130031ms
2019-09-10 18:40:14,240 [EventQueue-PipelineActionsForPipelineActionHandler] INFO  pipeline.SCMPipelineManager (SCMPipelineManager.java:finalizeAndDestroyPipeline(311)) - destroying pipeline:Pipeline[ Id: 7bf794f4-70ce-4b1b-9a52-5cc95cfbf3db, Nodes: 4d5e76d1-94b4-4344-b272-620ca499a368{ip: 192.168.5.139, host: pr-hdds-1786-trunk-k6rzm-1803654198, networkLocation: /default-rack, certSerialId: null}b72696e0-9c4e-4740-8bcd-ca4650f90538{ip: 192.168.5.139, host: pr-hdds-1786-trunk-k6rzm-1803654198, networkLocation: /default-rack, certSerialId: null}a2905edf-b9c1-421a-8807-b5d3e2a2f0d1{ip: 192.168.5.139, host: pr-hdds-1786-trunk-k6rzm-1803654198, networkLocation: /default-rack, certSerialId: null}, Type:RATIS, Factor:THREE, State:CLOSED]
2019-09-10 18:40:14,243 [java.util.concurrent.ThreadPoolExecutor$Worker@38b49b[State = -1, empty queue]] WARN  server.GrpcLogAppender (GrpcLogAppender.java:timeoutAppendRequest(200)) - b72696e0-9c4e-4740-8bcd-ca4650f90538@group-5CC95CFBF3DB->a2905edf-b9c1-421a-8807-b5d3e2a2f0d1-GrpcLogAppender: appendEntries Timeout, request=b72696e0-9c4e-4740-8bcd-ca4650f90538->a2905edf-b9c1-421a-8807-b5d3e2a2f0d1#65-t1, previous=(t:1, i:14), leaderCommit=10, initializing? false, entries: <empty>
2019-09-10 18:40:14,248 [java.util.concurrent.ThreadPoolExecutor$Worker@2ca0dbdc[State = -1, empty queue]] WARN  server.GrpcLogAppender (GrpcLogAppender.java:timeoutAppendRequest(200)) - b72696e0-9c4e-4740-8bcd-ca4650f90538@group-5CC95CFBF3DB->4d5e76d1-94b4-4344-b272-620ca499a368-GrpcLogAppender: appendEntries Timeout, request=b72696e0-9c4e-4740-8bcd-ca4650f90538->4d5e76d1-94b4-4344-b272-620ca499a368#65-t1, previous=(t:1, i:14), leaderCommit=10, initializing? false, entries: <empty>
2019-09-10 18:40:14,252 [b72696e0-9c4e-4740-8bcd-ca4650f90538@group-5CC95CFBF3DB-SegmentedRaftLogWorker] WARN  segmented.SegmentedRaftLogWorker (SegmentedRaftLogWorker.java:getFromFuture(90)) - Timeout 12/~
org.apache.ratis.protocol.TimeoutIOException: Timeout 10s: WriteLog:12: (t:1, i:12), STATEMACHINELOGENTRY, client-1CFF480DE3DE, cid=22-writeStateMachineData
	at org.apache.ratis.util.IOUtils.getFromFuture(IOUtils.java:87)
	at org.apache.ratis.server.raftlog.segmented.SegmentedRaftLogWorker$StateMachineDataPolicy.getFromFuture(SegmentedRaftLogWorker.java:87)
	at org.apache.ratis.server.raftlog.segmented.SegmentedRaftLogWorker$WriteLog.execute(SegmentedRaftLogWorker.java:477)
	at org.apache.ratis.server.raftlog.segmented.SegmentedRaftLogWorker.run(SegmentedRaftLogWorker.java:289)
	at java.lang.Thread.run(Thread.java:748)
Caused by: java.util.concurrent.TimeoutException
	at java.util.concurrent.CompletableFuture.timedGet(CompletableFuture.java:1771)
	at java.util.concurrent.CompletableFuture.get(CompletableFuture.java:1915)
	at org.apache.ratis.util.IOUtils.getFromFuture(IOUtils.java:79)
	... 4 more
2019-09-10 18:40:14,253 [a2905edf-b9c1-421a-8807-b5d3e2a2f0d1@group-5CC95CFBF3DB-SegmentedRaftLogWorker] WARN  segmented.SegmentedRaftLogWorker (SegmentedRaftLogWorker.java:getFromFuture(90)) - Timeout 12/~
org.apache.ratis.protocol.TimeoutIOException: Timeout 10s: WriteLog:12: (t:1, i:12), STATEMACHINELOGENTRY, client-1CFF480DE3DE, cid=22-writeStateMachineData
	at org.apache.ratis.util.IOUtils.getFromFuture(IOUtils.java:87)
	at org.apache.ratis.server.raftlog.segmented.SegmentedRaftLogWorker$StateMachineDataPolicy.getFromFuture(SegmentedRaftLogWorker.java:87)
	at org.apache.ratis.server.raftlog.segmented.SegmentedRaftLogWorker$WriteLog.execute(SegmentedRaftLogWorker.java:477)
	at org.apache.ratis.server.raftlog.segmented.SegmentedRaftLogWorker.run(SegmentedRaftLogWorker.java:289)
	at java.lang.Thread.run(Thread.java:748)
Caused by: java.util.concurrent.TimeoutException
	at java.util.concurrent.CompletableFuture.timedGet(CompletableFuture.java:1771)
	at java.util.concurrent.CompletableFuture.get(CompletableFuture.java:1915)
	at org.apache.ratis.util.IOUtils.getFromFuture(IOUtils.java:79)
	... 4 more
2019-09-10 18:40:15,643 [grpc-default-executor-2] INFO  client.GrpcClientProtocolClient (GrpcClientProtocolClient.java:onNext(264)) - client-1CFF480DE3DE->a2905edf-b9c1-421a-8807-b5d3e2a2f0d1: receive RaftClientReply:client-1CFF480DE3DE->a2905edf-b9c1-421a-8807-b5d3e2a2f0d1@group-5CC95CFBF3DB, cid=21, FAILED org.apache.ratis.protocol.NotLeaderException: Server a2905edf-b9c1-421a-8807-b5d3e2a2f0d1@group-5CC95CFBF3DB is not the leader b72696e0-9c4e-4740-8bcd-ca4650f90538:192.168.5.139:36803, logIndex=0, commits[a2905edf-b9c1-421a-8807-b5d3e2a2f0d1:c10, b72696e0-9c4e-4740-8bcd-ca4650f90538:c10, 4d5e76d1-94b4-4344-b272-620ca499a368:c6]
2019-09-10 18:40:16,246 [org.apache.ratis.server.impl.LogAppender$AppenderDaemon$$Lambda$491/1891770971@2b461a73] ERROR ratis.XceiverServerRatis (XceiverServerRatis.java:triggerPipelineClose(575)) - pipeline Action CLOSE  on pipeline PipelineID=7bf794f4-70ce-4b1b-9a52-5cc95cfbf3db.Reason : b72696e0-9c4e-4740-8bcd-ca4650f90538 has not seen follower/s 4d5e76d1-94b4-4344-b272-620ca499a368 for 132534ms a2905edf-b9c1-421a-8807-b5d3e2a2f0d1 for 132532ms
2019-09-10 18:40:16,249 [org.apache.ratis.server.impl.LogAppender$AppenderDaemon$$Lambda$491/1891770971@c58b2d9] ERROR ratis.XceiverServerRatis (XceiverServerRatis.java:triggerPipelineClose(575)) - pipeline Action CLOSE  on pipeline PipelineID=7bf794f4-70ce-4b1b-9a52-5cc95cfbf3db.Reason : b72696e0-9c4e-4740-8bcd-ca4650f90538 has not seen follower/s 4d5e76d1-94b4-4344-b272-620ca499a368 for 132536ms a2905edf-b9c1-421a-8807-b5d3e2a2f0d1 for 132535ms
2019-09-10 18:40:16,745 [java.util.concurrent.ThreadPoolExecutor$Worker@38b49b[State = -1, empty queue]] WARN  server.GrpcLogAppender (GrpcLogAppender.java:timeoutAppendRequest(200)) - b72696e0-9c4e-4740-8bcd-ca4650f90538@group-5CC95CFBF3DB->a2905edf-b9c1-421a-8807-b5d3e2a2f0d1-GrpcLogAppender: appendEntries Timeout, request=b72696e0-9c4e-4740-8bcd-ca4650f90538->a2905edf-b9c1-421a-8807-b5d3e2a2f0d1#66-t1, previous=(t:1, i:14), leaderCommit=10, initializing? false, entries: <empty>
2019-09-10 18:40:16,749 [java.util.concurrent.ThreadPoolExecutor$Worker@2ca0dbdc[State = -1, empty queue]] WARN  server.GrpcLogAppender (GrpcLogAppender.java:timeoutAppendRequest(200)) - b72696e0-9c4e-4740-8bcd-ca4650f90538@group-5CC95CFBF3DB->4d5e76d1-94b4-4344-b272-620ca499a368-GrpcLogAppender: appendEntries Timeout, request=b72696e0-9c4e-4740-8bcd-ca4650f90538->4d5e76d1-94b4-4344-b272-620ca499a368#66-t1, previous=(t:1, i:14), leaderCommit=10, initializing? false, entries: <empty>
2019-09-10 18:40:17,241 [EventQueue-PipelineActionsForPipelineActionHandler] ERROR pipeline.PipelineActionHandler (PipelineActionHandler.java:onMessage(60)) - Received pipeline action CLOSE for Pipeline[ Id: 7bf794f4-70ce-4b1b-9a52-5cc95cfbf3db, Nodes: 4d5e76d1-94b4-4344-b272-620ca499a368{ip: 192.168.5.139, host: pr-hdds-1786-trunk-k6rzm-1803654198, networkLocation: /default-rack, certSerialId: null}b72696e0-9c4e-4740-8bcd-ca4650f90538{ip: 192.168.5.139, host: pr-hdds-1786-trunk-k6rzm-1803654198, networkLocation: /default-rack, certSerialId: null}a2905edf-b9c1-421a-8807-b5d3e2a2f0d1{ip: 192.168.5.139, host: pr-hdds-1786-trunk-k6rzm-1803654198, networkLocation: /default-rack, certSerialId: null}, Type:RATIS, Factor:THREE, State:CLOSED] from datanode b72696e0-9c4e-4740-8bcd-ca4650f90538{ip: 192.168.5.139, host: pr-hdds-1786-trunk-k6rzm-1803654198, networkLocation: /default-rack, certSerialId: null}. Reason : b72696e0-9c4e-4740-8bcd-ca4650f90538 has not seen follower/s 4d5e76d1-94b4-4344-b272-620ca499a368 for 132534ms a2905edf-b9c1-421a-8807-b5d3e2a2f0d1 for 132532ms
2019-09-10 18:40:17,241 [EventQueue-PipelineActionsForPipelineActionHandler] INFO  pipeline.SCMPipelineManager (SCMPipelineManager.java:finalizeAndDestroyPipeline(311)) - destroying pipeline:Pipeline[ Id: 7bf794f4-70ce-4b1b-9a52-5cc95cfbf3db, Nodes: 4d5e76d1-94b4-4344-b272-620ca499a368{ip: 192.168.5.139, host: pr-hdds-1786-trunk-k6rzm-1803654198, networkLocation: /default-rack, certSerialId: null}b72696e0-9c4e-4740-8bcd-ca4650f90538{ip: 192.168.5.139, host: pr-hdds-1786-trunk-k6rzm-1803654198, networkLocation: /default-rack, certSerialId: null}a2905edf-b9c1-421a-8807-b5d3e2a2f0d1{ip: 192.168.5.139, host: pr-hdds-1786-trunk-k6rzm-1803654198, networkLocation: /default-rack, certSerialId: null}, Type:RATIS, Factor:THREE, State:CLOSED]
2019-09-10 18:40:18,749 [org.apache.ratis.server.impl.LogAppender$AppenderDaemon$$Lambda$491/1891770971@2b461a73] ERROR ratis.XceiverServerRatis (XceiverServerRatis.java:triggerPipelineClose(575)) - pipeline Action CLOSE  on pipeline PipelineID=7bf794f4-70ce-4b1b-9a52-5cc95cfbf3db.Reason : b72696e0-9c4e-4740-8bcd-ca4650f90538 has not seen follower/s 4d5e76d1-94b4-4344-b272-620ca499a368 for 135036ms a2905edf-b9c1-421a-8807-b5d3e2a2f0d1 for 135034ms
2019-09-10 18:40:18,753 [org.apache.ratis.server.impl.LogAppender$AppenderDaemon$$Lambda$491/1891770971@c58b2d9] ERROR ratis.XceiverServerRatis (XceiverServerRatis.java:triggerPipelineClose(575)) - pipeline Action CLOSE  on pipeline PipelineID=7bf794f4-70ce-4b1b-9a52-5cc95cfbf3db.Reason : b72696e0-9c4e-4740-8bcd-ca4650f90538 has not seen follower/s 4d5e76d1-94b4-4344-b272-620ca499a368 for 135040ms a2905edf-b9c1-421a-8807-b5d3e2a2f0d1 for 135039ms
2019-09-10 18:40:19,243 [EventQueue-PipelineActionsForPipelineActionHandler] ERROR pipeline.PipelineActionHandler (PipelineActionHandler.java:onMessage(60)) - Received pipeline action CLOSE for Pipeline[ Id: 7bf794f4-70ce-4b1b-9a52-5cc95cfbf3db, Nodes: 4d5e76d1-94b4-4344-b272-620ca499a368{ip: 192.168.5.139, host: pr-hdds-1786-trunk-k6rzm-1803654198, networkLocation: /default-rack, certSerialId: null}b72696e0-9c4e-4740-8bcd-ca4650f90538{ip: 192.168.5.139, host: pr-hdds-1786-trunk-k6rzm-1803654198, networkLocation: /default-rack, certSerialId: null}a2905edf-b9c1-421a-8807-b5d3e2a2f0d1{ip: 192.168.5.139, host: pr-hdds-1786-trunk-k6rzm-1803654198, networkLocation: /default-rack, certSerialId: null}, Type:RATIS, Factor:THREE, State:CLOSED] from datanode b72696e0-9c4e-4740-8bcd-ca4650f90538{ip: 192.168.5.139, host: pr-hdds-1786-trunk-k6rzm-1803654198, networkLocation: /default-rack, certSerialId: null}. Reason : b72696e0-9c4e-4740-8bcd-ca4650f90538 has not seen follower/s 4d5e76d1-94b4-4344-b272-620ca499a368 for 135036ms a2905edf-b9c1-421a-8807-b5d3e2a2f0d1 for 135034ms
2019-09-10 18:40:19,244 [EventQueue-PipelineActionsForPipelineActionHandler] INFO  pipeline.SCMPipelineManager (SCMPipelineManager.java:finalizeAndDestroyPipeline(311)) - destroying pipeline:Pipeline[ Id: 7bf794f4-70ce-4b1b-9a52-5cc95cfbf3db, Nodes: 4d5e76d1-94b4-4344-b272-620ca499a368{ip: 192.168.5.139, host: pr-hdds-1786-trunk-k6rzm-1803654198, networkLocation: /default-rack, certSerialId: null}b72696e0-9c4e-4740-8bcd-ca4650f90538{ip: 192.168.5.139, host: pr-hdds-1786-trunk-k6rzm-1803654198, networkLocation: /default-rack, certSerialId: null}a2905edf-b9c1-421a-8807-b5d3e2a2f0d1{ip: 192.168.5.139, host: pr-hdds-1786-trunk-k6rzm-1803654198, networkLocation: /default-rack, certSerialId: null}, Type:RATIS, Factor:THREE, State:CLOSED]
2019-09-10 18:40:19,247 [java.util.concurrent.ThreadPoolExecutor$Worker@38b49b[State = -1, empty queue]] WARN  server.GrpcLogAppender (GrpcLogAppender.java:timeoutAppendRequest(200)) - b72696e0-9c4e-4740-8bcd-ca4650f90538@group-5CC95CFBF3DB->a2905edf-b9c1-421a-8807-b5d3e2a2f0d1-GrpcLogAppender: appendEntries Timeout, request=b72696e0-9c4e-4740-8bcd-ca4650f90538->a2905edf-b9c1-421a-8807-b5d3e2a2f0d1#67-t1, previous=(t:1, i:14), leaderCommit=10, initializing? false, entries: <empty>
2019-09-10 18:40:19,250 [java.util.concurrent.ThreadPoolExecutor$Worker@2ca0dbdc[State = -1, empty queue]] WARN  server.GrpcLogAppender (GrpcLogAppender.java:timeoutAppendRequest(200)) - b72696e0-9c4e-4740-8bcd-ca4650f90538@group-5CC95CFBF3DB->4d5e76d1-94b4-4344-b272-620ca499a368-GrpcLogAppender: appendEntries Timeout, request=b72696e0-9c4e-4740-8bcd-ca4650f90538->4d5e76d1-94b4-4344-b272-620ca499a368#67-t1, previous=(t:1, i:14), leaderCommit=10, initializing? false, entries: <empty>
2019-09-10 18:40:20,688 [grpc-default-executor-2] INFO  client.GrpcClientProtocolClient (GrpcClientProtocolClient.java:onNext(264)) - client-1CFF480DE3DE->a2905edf-b9c1-421a-8807-b5d3e2a2f0d1: receive RaftClientReply:client-1CFF480DE3DE->a2905edf-b9c1-421a-8807-b5d3e2a2f0d1@group-5CC95CFBF3DB, cid=21, FAILED org.apache.ratis.protocol.NotLeaderException: Server a2905edf-b9c1-421a-8807-b5d3e2a2f0d1@group-5CC95CFBF3DB is not the leader b72696e0-9c4e-4740-8bcd-ca4650f90538:192.168.5.139:36803, logIndex=0, commits[a2905edf-b9c1-421a-8807-b5d3e2a2f0d1:c10, b72696e0-9c4e-4740-8bcd-ca4650f90538:c10, 4d5e76d1-94b4-4344-b272-620ca499a368:c6]
2019-09-10 18:40:21,250 [org.apache.ratis.server.impl.LogAppender$AppenderDaemon$$Lambda$491/1891770971@2b461a73] ERROR ratis.XceiverServerRatis (XceiverServerRatis.java:triggerPipelineClose(575)) - pipeline Action CLOSE  on pipeline PipelineID=7bf794f4-70ce-4b1b-9a52-5cc95cfbf3db.Reason : b72696e0-9c4e-4740-8bcd-ca4650f90538 has not seen follower/s 4d5e76d1-94b4-4344-b272-620ca499a368 for 137537ms a2905edf-b9c1-421a-8807-b5d3e2a2f0d1 for 137536ms
2019-09-10 18:40:21,254 [org.apache.ratis.server.impl.LogAppender$AppenderDaemon$$Lambda$491/1891770971@c58b2d9] ERROR ratis.XceiverServerRatis (XceiverServerRatis.java:triggerPipelineClose(575)) - pipeline Action CLOSE  on pipeline PipelineID=7bf794f4-70ce-4b1b-9a52-5cc95cfbf3db.Reason : b72696e0-9c4e-4740-8bcd-ca4650f90538 has not seen follower/s 4d5e76d1-94b4-4344-b272-620ca499a368 for 137542ms a2905edf-b9c1-421a-8807-b5d3e2a2f0d1 for 137540ms
2019-09-10 18:40:21,748 [java.util.concurrent.ThreadPoolExecutor$Worker@38b49b[State = -1, empty queue]] WARN  server.GrpcLogAppender (GrpcLogAppender.java:timeoutAppendRequest(200)) - b72696e0-9c4e-4740-8bcd-ca4650f90538@group-5CC95CFBF3DB->a2905edf-b9c1-421a-8807-b5d3e2a2f0d1-GrpcLogAppender: appendEntries Timeout, request=b72696e0-9c4e-4740-8bcd-ca4650f90538->a2905edf-b9c1-421a-8807-b5d3e2a2f0d1#68-t1, previous=(t:1, i:14), leaderCommit=10, initializing? false, entries: <empty>
2019-09-10 18:40:21,753 [java.util.concurrent.ThreadPoolExecutor$Worker@2ca0dbdc[State = -1, empty queue]] WARN  server.GrpcLogAppender (GrpcLogAppender.java:timeoutAppendRequest(200)) - b72696e0-9c4e-4740-8bcd-ca4650f90538@group-5CC95CFBF3DB->4d5e76d1-94b4-4344-b272-620ca499a368-GrpcLogAppender: appendEntries Timeout, request=b72696e0-9c4e-4740-8bcd-ca4650f90538->4d5e76d1-94b4-4344-b272-620ca499a368#68-t1, previous=(t:1, i:14), leaderCommit=10, initializing? false, entries: <empty>
2019-09-10 18:40:22,242 [EventQueue-PipelineActionsForPipelineActionHandler] ERROR pipeline.PipelineActionHandler (PipelineActionHandler.java:onMessage(60)) - Received pipeline action CLOSE for Pipeline[ Id: 7bf794f4-70ce-4b1b-9a52-5cc95cfbf3db, Nodes: 4d5e76d1-94b4-4344-b272-620ca499a368{ip: 192.168.5.139, host: pr-hdds-1786-trunk-k6rzm-1803654198, networkLocation: /default-rack, certSerialId: null}b72696e0-9c4e-4740-8bcd-ca4650f90538{ip: 192.168.5.139, host: pr-hdds-1786-trunk-k6rzm-1803654198, networkLocation: /default-rack, certSerialId: null}a2905edf-b9c1-421a-8807-b5d3e2a2f0d1{ip: 192.168.5.139, host: pr-hdds-1786-trunk-k6rzm-1803654198, networkLocation: /default-rack, certSerialId: null}, Type:RATIS, Factor:THREE, State:CLOSED] from datanode b72696e0-9c4e-4740-8bcd-ca4650f90538{ip: 192.168.5.139, host: pr-hdds-1786-trunk-k6rzm-1803654198, networkLocation: /default-rack, certSerialId: null}. Reason : b72696e0-9c4e-4740-8bcd-ca4650f90538 has not seen follower/s 4d5e76d1-94b4-4344-b272-620ca499a368 for 137537ms a2905edf-b9c1-421a-8807-b5d3e2a2f0d1 for 137536ms
2019-09-10 18:40:22,242 [EventQueue-PipelineActionsForPipelineActionHandler] INFO  pipeline.SCMPipelineManager (SCMPipelineManager.java:finalizeAndDestroyPipeline(311)) - destroying pipeline:Pipeline[ Id: 7bf794f4-70ce-4b1b-9a52-5cc95cfbf3db, Nodes: 4d5e76d1-94b4-4344-b272-620ca499a368{ip: 192.168.5.139, host: pr-hdds-1786-trunk-k6rzm-1803654198, networkLocation: /default-rack, certSerialId: null}b72696e0-9c4e-4740-8bcd-ca4650f90538{ip: 192.168.5.139, host: pr-hdds-1786-trunk-k6rzm-1803654198, networkLocation: /default-rack, certSerialId: null}a2905edf-b9c1-421a-8807-b5d3e2a2f0d1{ip: 192.168.5.139, host: pr-hdds-1786-trunk-k6rzm-1803654198, networkLocation: /default-rack, certSerialId: null}, Type:RATIS, Factor:THREE, State:CLOSED]
2019-09-10 18:40:23,751 [org.apache.ratis.server.impl.LogAppender$AppenderDaemon$$Lambda$491/1891770971@2b461a73] ERROR ratis.XceiverServerRatis (XceiverServerRatis.java:triggerPipelineClose(575)) - pipeline Action CLOSE  on pipeline PipelineID=7bf794f4-70ce-4b1b-9a52-5cc95cfbf3db.Reason : b72696e0-9c4e-4740-8bcd-ca4650f90538 has not seen follower/s 4d5e76d1-94b4-4344-b272-620ca499a368 for 140038ms a2905edf-b9c1-421a-8807-b5d3e2a2f0d1 for 140037ms
2019-09-10 18:40:23,755 [org.apache.ratis.server.impl.LogAppender$AppenderDaemon$$Lambda$491/1891770971@c58b2d9] ERROR ratis.XceiverServerRatis (XceiverServerRatis.java:triggerPipelineClose(575)) - pipeline Action CLOSE  on pipeline PipelineID=7bf794f4-70ce-4b1b-9a52-5cc95cfbf3db.Reason : b72696e0-9c4e-4740-8bcd-ca4650f90538 has not seen follower/s 4d5e76d1-94b4-4344-b272-620ca499a368 for 140042ms a2905edf-b9c1-421a-8807-b5d3e2a2f0d1 for 140041ms
2019-09-10 18:40:24,223 [4d5e76d1-94b4-4344-b272-620ca499a368@group-5CC95CFBF3DB-SegmentedRaftLogWorker] WARN  segmented.SegmentedRaftLogWorker (SegmentedRaftLogWorker.java:getFromFuture(90)) - Timeout 13/~
org.apache.ratis.protocol.TimeoutIOException: Timeout 10s: WriteLog:12: (t:1, i:12), STATEMACHINELOGENTRY, client-1CFF480DE3DE, cid=22-writeStateMachineData
	at org.apache.ratis.util.IOUtils.getFromFuture(IOUtils.java:87)
	at org.apache.ratis.server.raftlog.segmented.SegmentedRaftLogWorker$StateMachineDataPolicy.getFromFuture(SegmentedRaftLogWorker.java:87)
	at org.apache.ratis.server.raftlog.segmented.SegmentedRaftLogWorker$WriteLog.execute(SegmentedRaftLogWorker.java:477)
	at org.apache.ratis.server.raftlog.segmented.SegmentedRaftLogWorker.run(SegmentedRaftLogWorker.java:289)
	at java.lang.Thread.run(Thread.java:748)
Caused by: java.util.concurrent.TimeoutException
	at java.util.concurrent.CompletableFuture.timedGet(CompletableFuture.java:1771)
	at java.util.concurrent.CompletableFuture.get(CompletableFuture.java:1915)
	at org.apache.ratis.util.IOUtils.getFromFuture(IOUtils.java:79)
	... 4 more
2019-09-10 18:40:24,242 [EventQueue-PipelineActionsForPipelineActionHandler] ERROR pipeline.PipelineActionHandler (PipelineActionHandler.java:onMessage(60)) - Received pipeline action CLOSE for Pipeline[ Id: 7bf794f4-70ce-4b1b-9a52-5cc95cfbf3db, Nodes: 4d5e76d1-94b4-4344-b272-620ca499a368{ip: 192.168.5.139, host: pr-hdds-1786-trunk-k6rzm-1803654198, networkLocation: /default-rack, certSerialId: null}b72696e0-9c4e-4740-8bcd-ca4650f90538{ip: 192.168.5.139, host: pr-hdds-1786-trunk-k6rzm-1803654198, networkLocation: /default-rack, certSerialId: null}a2905edf-b9c1-421a-8807-b5d3e2a2f0d1{ip: 192.168.5.139, host: pr-hdds-1786-trunk-k6rzm-1803654198, networkLocation: /default-rack, certSerialId: null}, Type:RATIS, Factor:THREE, State:CLOSED] from datanode b72696e0-9c4e-4740-8bcd-ca4650f90538{ip: 192.168.5.139, host: pr-hdds-1786-trunk-k6rzm-1803654198, networkLocation: /default-rack, certSerialId: null}. Reason : b72696e0-9c4e-4740-8bcd-ca4650f90538 has not seen follower/s 4d5e76d1-94b4-4344-b272-620ca499a368 for 140038ms a2905edf-b9c1-421a-8807-b5d3e2a2f0d1 for 140037ms
2019-09-10 18:40:24,242 [EventQueue-PipelineActionsForPipelineActionHandler] INFO  pipeline.SCMPipelineManager (SCMPipelineManager.java:finalizeAndDestroyPipeline(311)) - destroying pipeline:Pipeline[ Id: 7bf794f4-70ce-4b1b-9a52-5cc95cfbf3db, Nodes: 4d5e76d1-94b4-4344-b272-620ca499a368{ip: 192.168.5.139, host: pr-hdds-1786-trunk-k6rzm-1803654198, networkLocation: /default-rack, certSerialId: null}b72696e0-9c4e-4740-8bcd-ca4650f90538{ip: 192.168.5.139, host: pr-hdds-1786-trunk-k6rzm-1803654198, networkLocation: /default-rack, certSerialId: null}a2905edf-b9c1-421a-8807-b5d3e2a2f0d1{ip: 192.168.5.139, host: pr-hdds-1786-trunk-k6rzm-1803654198, networkLocation: /default-rack, certSerialId: null}, Type:RATIS, Factor:THREE, State:CLOSED]
2019-09-10 18:40:24,250 [java.util.concurrent.ThreadPoolExecutor$Worker@38b49b[State = -1, empty queue]] WARN  server.GrpcLogAppender (GrpcLogAppender.java:timeoutAppendRequest(200)) - b72696e0-9c4e-4740-8bcd-ca4650f90538@group-5CC95CFBF3DB->a2905edf-b9c1-421a-8807-b5d3e2a2f0d1-GrpcLogAppender: appendEntries Timeout, request=b72696e0-9c4e-4740-8bcd-ca4650f90538->a2905edf-b9c1-421a-8807-b5d3e2a2f0d1#69-t1, previous=(t:1, i:14), leaderCommit=10, initializing? false, entries: <empty>
2019-09-10 18:40:24,253 [b72696e0-9c4e-4740-8bcd-ca4650f90538@group-5CC95CFBF3DB-SegmentedRaftLogWorker] WARN  segmented.SegmentedRaftLogWorker (SegmentedRaftLogWorker.java:getFromFuture(90)) - Timeout 13/~
org.apache.ratis.protocol.TimeoutIOException: Timeout 10s: WriteLog:12: (t:1, i:12), STATEMACHINELOGENTRY, client-1CFF480DE3DE, cid=22-writeStateMachineData
	at org.apache.ratis.util.IOUtils.getFromFuture(IOUtils.java:87)
	at org.apache.ratis.server.raftlog.segmented.SegmentedRaftLogWorker$StateMachineDataPolicy.getFromFuture(SegmentedRaftLogWorker.java:87)
	at org.apache.ratis.server.raftlog.segmented.SegmentedRaftLogWorker$WriteLog.execute(SegmentedRaftLogWorker.java:477)
	at org.apache.ratis.server.raftlog.segmented.SegmentedRaftLogWorker.run(SegmentedRaftLogWorker.java:289)
	at java.lang.Thread.run(Thread.java:748)
Caused by: java.util.concurrent.TimeoutException
	at java.util.concurrent.CompletableFuture.timedGet(CompletableFuture.java:1771)
	at java.util.concurrent.CompletableFuture.get(CompletableFuture.java:1915)
	at org.apache.ratis.util.IOUtils.getFromFuture(IOUtils.java:79)
	... 4 more
2019-09-10 18:40:24,255 [a2905edf-b9c1-421a-8807-b5d3e2a2f0d1@group-5CC95CFBF3DB-SegmentedRaftLogWorker] WARN  segmented.SegmentedRaftLogWorker (SegmentedRaftLogWorker.java:getFromFuture(90)) - Timeout 13/~
org.apache.ratis.protocol.TimeoutIOException: Timeout 10s: WriteLog:12: (t:1, i:12), STATEMACHINELOGENTRY, client-1CFF480DE3DE, cid=22-writeStateMachineData
	at org.apache.ratis.util.IOUtils.getFromFuture(IOUtils.java:87)
	at org.apache.ratis.server.raftlog.segmented.SegmentedRaftLogWorker$StateMachineDataPolicy.getFromFuture(SegmentedRaftLogWorker.java:87)
	at org.apache.ratis.server.raftlog.segmented.SegmentedRaftLogWorker$WriteLog.execute(SegmentedRaftLogWorker.java:477)
	at org.apache.ratis.server.raftlog.segmented.SegmentedRaftLogWorker.run(SegmentedRaftLogWorker.java:289)
	at java.lang.Thread.run(Thread.java:748)
Caused by: java.util.concurrent.TimeoutException
	at java.util.concurrent.CompletableFuture.timedGet(CompletableFuture.java:1771)
	at java.util.concurrent.CompletableFuture.get(CompletableFuture.java:1915)
	at org.apache.ratis.util.IOUtils.getFromFuture(IOUtils.java:79)
	... 4 more
2019-09-10 18:40:24,255 [java.util.concurrent.ThreadPoolExecutor$Worker@2ca0dbdc[State = -1, empty queue]] WARN  server.GrpcLogAppender (GrpcLogAppender.java:timeoutAppendRequest(200)) - b72696e0-9c4e-4740-8bcd-ca4650f90538@group-5CC95CFBF3DB->4d5e76d1-94b4-4344-b272-620ca499a368-GrpcLogAppender: appendEntries Timeout, request=b72696e0-9c4e-4740-8bcd-ca4650f90538->4d5e76d1-94b4-4344-b272-620ca499a368#69-t1, previous=(t:1, i:14), leaderCommit=10, initializing? false, entries: <empty>
2019-09-10 18:40:25,734 [grpc-default-executor-0] INFO  client.GrpcClientProtocolClient (GrpcClientProtocolClient.java:onNext(264)) - client-1CFF480DE3DE->4d5e76d1-94b4-4344-b272-620ca499a368: receive RaftClientReply:client-1CFF480DE3DE->4d5e76d1-94b4-4344-b272-620ca499a368@group-5CC95CFBF3DB, cid=21, FAILED org.apache.ratis.protocol.NotLeaderException: Server 4d5e76d1-94b4-4344-b272-620ca499a368@group-5CC95CFBF3DB is not the leader b72696e0-9c4e-4740-8bcd-ca4650f90538:192.168.5.139:36803, logIndex=0, commits[4d5e76d1-94b4-4344-b272-620ca499a368:c10, b72696e0-9c4e-4740-8bcd-ca4650f90538:c10, a2905edf-b9c1-421a-8807-b5d3e2a2f0d1:c6]
2019-09-10 18:40:26,252 [org.apache.ratis.server.impl.LogAppender$AppenderDaemon$$Lambda$491/1891770971@2b461a73] ERROR ratis.XceiverServerRatis (XceiverServerRatis.java:triggerPipelineClose(575)) - pipeline Action CLOSE  on pipeline PipelineID=7bf794f4-70ce-4b1b-9a52-5cc95cfbf3db.Reason : b72696e0-9c4e-4740-8bcd-ca4650f90538 has not seen follower/s 4d5e76d1-94b4-4344-b272-620ca499a368 for 142539ms a2905edf-b9c1-421a-8807-b5d3e2a2f0d1 for 142538ms
2019-09-10 18:40:26,256 [org.apache.ratis.server.impl.LogAppender$AppenderDaemon$$Lambda$491/1891770971@c58b2d9] ERROR ratis.XceiverServerRatis (XceiverServerRatis.java:triggerPipelineClose(575)) - pipeline Action CLOSE  on pipeline PipelineID=7bf794f4-70ce-4b1b-9a52-5cc95cfbf3db.Reason : b72696e0-9c4e-4740-8bcd-ca4650f90538 has not seen follower/s 4d5e76d1-94b4-4344-b272-620ca499a368 for 142543ms a2905edf-b9c1-421a-8807-b5d3e2a2f0d1 for 142541ms
2019-09-10 18:40:26,751 [java.util.concurrent.ThreadPoolExecutor$Worker@38b49b[State = -1, empty queue]] WARN  server.GrpcLogAppender (GrpcLogAppender.java:timeoutAppendRequest(200)) - b72696e0-9c4e-4740-8bcd-ca4650f90538@group-5CC95CFBF3DB->a2905edf-b9c1-421a-8807-b5d3e2a2f0d1-GrpcLogAppender: appendEntries Timeout, request=b72696e0-9c4e-4740-8bcd-ca4650f90538->a2905edf-b9c1-421a-8807-b5d3e2a2f0d1#70-t1, previous=(t:1, i:14), leaderCommit=10, initializing? false, entries: <empty>
2019-09-10 18:40:26,755 [java.util.concurrent.ThreadPoolExecutor$Worker@2ca0dbdc[State = -1, empty queue]] WARN  server.GrpcLogAppender (GrpcLogAppender.java:timeoutAppendRequest(200)) - b72696e0-9c4e-4740-8bcd-ca4650f90538@group-5CC95CFBF3DB->4d5e76d1-94b4-4344-b272-620ca499a368-GrpcLogAppender: appendEntries Timeout, request=b72696e0-9c4e-4740-8bcd-ca4650f90538->4d5e76d1-94b4-4344-b272-620ca499a368#70-t1, previous=(t:1, i:14), leaderCommit=10, initializing? false, entries: <empty>
2019-09-10 18:40:27,242 [EventQueue-PipelineActionsForPipelineActionHandler] ERROR pipeline.PipelineActionHandler (PipelineActionHandler.java:onMessage(60)) - Received pipeline action CLOSE for Pipeline[ Id: 7bf794f4-70ce-4b1b-9a52-5cc95cfbf3db, Nodes: 4d5e76d1-94b4-4344-b272-620ca499a368{ip: 192.168.5.139, host: pr-hdds-1786-trunk-k6rzm-1803654198, networkLocation: /default-rack, certSerialId: null}b72696e0-9c4e-4740-8bcd-ca4650f90538{ip: 192.168.5.139, host: pr-hdds-1786-trunk-k6rzm-1803654198, networkLocation: /default-rack, certSerialId: null}a2905edf-b9c1-421a-8807-b5d3e2a2f0d1{ip: 192.168.5.139, host: pr-hdds-1786-trunk-k6rzm-1803654198, networkLocation: /default-rack, certSerialId: null}, Type:RATIS, Factor:THREE, State:CLOSED] from datanode b72696e0-9c4e-4740-8bcd-ca4650f90538{ip: 192.168.5.139, host: pr-hdds-1786-trunk-k6rzm-1803654198, networkLocation: /default-rack, certSerialId: null}. Reason : b72696e0-9c4e-4740-8bcd-ca4650f90538 has not seen follower/s 4d5e76d1-94b4-4344-b272-620ca499a368 for 142539ms a2905edf-b9c1-421a-8807-b5d3e2a2f0d1 for 142538ms
2019-09-10 18:40:27,242 [EventQueue-PipelineActionsForPipelineActionHandler] INFO  pipeline.SCMPipelineManager (SCMPipelineManager.java:finalizeAndDestroyPipeline(311)) - destroying pipeline:Pipeline[ Id: 7bf794f4-70ce-4b1b-9a52-5cc95cfbf3db, Nodes: 4d5e76d1-94b4-4344-b272-620ca499a368{ip: 192.168.5.139, host: pr-hdds-1786-trunk-k6rzm-1803654198, networkLocation: /default-rack, certSerialId: null}b72696e0-9c4e-4740-8bcd-ca4650f90538{ip: 192.168.5.139, host: pr-hdds-1786-trunk-k6rzm-1803654198, networkLocation: /default-rack, certSerialId: null}a2905edf-b9c1-421a-8807-b5d3e2a2f0d1{ip: 192.168.5.139, host: pr-hdds-1786-trunk-k6rzm-1803654198, networkLocation: /default-rack, certSerialId: null}, Type:RATIS, Factor:THREE, State:CLOSED]
2019-09-10 18:40:28,753 [org.apache.ratis.server.impl.LogAppender$AppenderDaemon$$Lambda$491/1891770971@2b461a73] ERROR ratis.XceiverServerRatis (XceiverServerRatis.java:triggerPipelineClose(575)) - pipeline Action CLOSE  on pipeline PipelineID=7bf794f4-70ce-4b1b-9a52-5cc95cfbf3db.Reason : b72696e0-9c4e-4740-8bcd-ca4650f90538 has not seen follower/s 4d5e76d1-94b4-4344-b272-620ca499a368 for 145040ms a2905edf-b9c1-421a-8807-b5d3e2a2f0d1 for 145039ms
2019-09-10 18:40:28,757 [org.apache.ratis.server.impl.LogAppender$AppenderDaemon$$Lambda$491/1891770971@c58b2d9] ERROR ratis.XceiverServerRatis (XceiverServerRatis.java:triggerPipelineClose(575)) - pipeline Action CLOSE  on pipeline PipelineID=7bf794f4-70ce-4b1b-9a52-5cc95cfbf3db.Reason : b72696e0-9c4e-4740-8bcd-ca4650f90538 has not seen follower/s 4d5e76d1-94b4-4344-b272-620ca499a368 for 145044ms a2905edf-b9c1-421a-8807-b5d3e2a2f0d1 for 145043ms
2019-09-10 18:40:29,242 [EventQueue-PipelineActionsForPipelineActionHandler] ERROR pipeline.PipelineActionHandler (PipelineActionHandler.java:onMessage(60)) - Received pipeline action CLOSE for Pipeline[ Id: 7bf794f4-70ce-4b1b-9a52-5cc95cfbf3db, Nodes: 4d5e76d1-94b4-4344-b272-620ca499a368{ip: 192.168.5.139, host: pr-hdds-1786-trunk-k6rzm-1803654198, networkLocation: /default-rack, certSerialId: null}b72696e0-9c4e-4740-8bcd-ca4650f90538{ip: 192.168.5.139, host: pr-hdds-1786-trunk-k6rzm-1803654198, networkLocation: /default-rack, certSerialId: null}a2905edf-b9c1-421a-8807-b5d3e2a2f0d1{ip: 192.168.5.139, host: pr-hdds-1786-trunk-k6rzm-1803654198, networkLocation: /default-rack, certSerialId: null}, Type:RATIS, Factor:THREE, State:CLOSED] from datanode b72696e0-9c4e-4740-8bcd-ca4650f90538{ip: 192.168.5.139, host: pr-hdds-1786-trunk-k6rzm-1803654198, networkLocation: /default-rack, certSerialId: null}. Reason : b72696e0-9c4e-4740-8bcd-ca4650f90538 has not seen follower/s 4d5e76d1-94b4-4344-b272-620ca499a368 for 145040ms a2905edf-b9c1-421a-8807-b5d3e2a2f0d1 for 145039ms
2019-09-10 18:40:29,242 [EventQueue-PipelineActionsForPipelineActionHandler] INFO  pipeline.SCMPipelineManager (SCMPipelineManager.java:finalizeAndDestroyPipeline(311)) - destroying pipeline:Pipeline[ Id: 7bf794f4-70ce-4b1b-9a52-5cc95cfbf3db, Nodes: 4d5e76d1-94b4-4344-b272-620ca499a368{ip: 192.168.5.139, host: pr-hdds-1786-trunk-k6rzm-1803654198, networkLocation: /default-rack, certSerialId: null}b72696e0-9c4e-4740-8bcd-ca4650f90538{ip: 192.168.5.139, host: pr-hdds-1786-trunk-k6rzm-1803654198, networkLocation: /default-rack, certSerialId: null}a2905edf-b9c1-421a-8807-b5d3e2a2f0d1{ip: 192.168.5.139, host: pr-hdds-1786-trunk-k6rzm-1803654198, networkLocation: /default-rack, certSerialId: null}, Type:RATIS, Factor:THREE, State:CLOSED]
2019-09-10 18:40:29,252 [java.util.concurrent.ThreadPoolExecutor$Worker@38b49b[State = -1, empty queue]] WARN  server.GrpcLogAppender (GrpcLogAppender.java:timeoutAppendRequest(200)) - b72696e0-9c4e-4740-8bcd-ca4650f90538@group-5CC95CFBF3DB->a2905edf-b9c1-421a-8807-b5d3e2a2f0d1-GrpcLogAppender: appendEntries Timeout, request=b72696e0-9c4e-4740-8bcd-ca4650f90538->a2905edf-b9c1-421a-8807-b5d3e2a2f0d1#71-t1, previous=(t:1, i:14), leaderCommit=10, initializing? false, entries: <empty>
2019-09-10 18:40:29,263 [java.util.concurrent.ThreadPoolExecutor$Worker@2ca0dbdc[State = -1, empty queue]] WARN  server.GrpcLogAppender (GrpcLogAppender.java:timeoutAppendRequest(200)) - b72696e0-9c4e-4740-8bcd-ca4650f90538@group-5CC95CFBF3DB->4d5e76d1-94b4-4344-b272-620ca499a368-GrpcLogAppender: appendEntries Timeout, request=b72696e0-9c4e-4740-8bcd-ca4650f90538->4d5e76d1-94b4-4344-b272-620ca499a368#71-t1, previous=(t:1, i:14), leaderCommit=10, initializing? false, entries: <empty>
2019-09-10 18:40:30,803 [grpc-default-executor-2] INFO  client.GrpcClientProtocolClient (GrpcClientProtocolClient.java:onNext(264)) - client-1CFF480DE3DE->a2905edf-b9c1-421a-8807-b5d3e2a2f0d1: receive RaftClientReply:client-1CFF480DE3DE->a2905edf-b9c1-421a-8807-b5d3e2a2f0d1@group-5CC95CFBF3DB, cid=21, FAILED org.apache.ratis.protocol.NotLeaderException: Server a2905edf-b9c1-421a-8807-b5d3e2a2f0d1@group-5CC95CFBF3DB is not the leader b72696e0-9c4e-4740-8bcd-ca4650f90538:192.168.5.139:36803, logIndex=0, commits[a2905edf-b9c1-421a-8807-b5d3e2a2f0d1:c10, b72696e0-9c4e-4740-8bcd-ca4650f90538:c10, 4d5e76d1-94b4-4344-b272-620ca499a368:c6]
2019-09-10 18:40:31,254 [org.apache.ratis.server.impl.LogAppender$AppenderDaemon$$Lambda$491/1891770971@2b461a73] ERROR ratis.XceiverServerRatis (XceiverServerRatis.java:triggerPipelineClose(575)) - pipeline Action CLOSE  on pipeline PipelineID=7bf794f4-70ce-4b1b-9a52-5cc95cfbf3db.Reason : b72696e0-9c4e-4740-8bcd-ca4650f90538 has not seen follower/s 4d5e76d1-94b4-4344-b272-620ca499a368 for 147541ms a2905edf-b9c1-421a-8807-b5d3e2a2f0d1 for 147540ms
2019-09-10 18:40:31,258 [org.apache.ratis.server.impl.LogAppender$AppenderDaemon$$Lambda$491/1891770971@c58b2d9] ERROR ratis.XceiverServerRatis (XceiverServerRatis.java:triggerPipelineClose(575)) - pipeline Action CLOSE  on pipeline PipelineID=7bf794f4-70ce-4b1b-9a52-5cc95cfbf3db.Reason : b72696e0-9c4e-4740-8bcd-ca4650f90538 has not seen follower/s 4d5e76d1-94b4-4344-b272-620ca499a368 for 147545ms a2905edf-b9c1-421a-8807-b5d3e2a2f0d1 for 147543ms
2019-09-10 18:40:31,753 [java.util.concurrent.ThreadPoolExecutor$Worker@38b49b[State = -1, empty queue]] WARN  server.GrpcLogAppender (GrpcLogAppender.java:timeoutAppendRequest(200)) - b72696e0-9c4e-4740-8bcd-ca4650f90538@group-5CC95CFBF3DB->a2905edf-b9c1-421a-8807-b5d3e2a2f0d1-GrpcLogAppender: appendEntries Timeout, request=b72696e0-9c4e-4740-8bcd-ca4650f90538->a2905edf-b9c1-421a-8807-b5d3e2a2f0d1#72-t1, previous=(t:1, i:14), leaderCommit=10, initializing? false, entries: <empty>
2019-09-10 18:40:31,757 [java.util.concurrent.ThreadPoolExecutor$Worker@2ca0dbdc[State = -1, empty queue]] WARN  server.GrpcLogAppender (GrpcLogAppender.java:timeoutAppendRequest(200)) - b72696e0-9c4e-4740-8bcd-ca4650f90538@group-5CC95CFBF3DB->4d5e76d1-94b4-4344-b272-620ca499a368-GrpcLogAppender: appendEntries Timeout, request=b72696e0-9c4e-4740-8bcd-ca4650f90538->4d5e76d1-94b4-4344-b272-620ca499a368#72-t1, previous=(t:1, i:14), leaderCommit=10, initializing? false, entries: <empty>
2019-09-10 18:40:32,243 [EventQueue-PipelineActionsForPipelineActionHandler] ERROR pipeline.PipelineActionHandler (PipelineActionHandler.java:onMessage(60)) - Received pipeline action CLOSE for Pipeline[ Id: 7bf794f4-70ce-4b1b-9a52-5cc95cfbf3db, Nodes: 4d5e76d1-94b4-4344-b272-620ca499a368{ip: 192.168.5.139, host: pr-hdds-1786-trunk-k6rzm-1803654198, networkLocation: /default-rack, certSerialId: null}b72696e0-9c4e-4740-8bcd-ca4650f90538{ip: 192.168.5.139, host: pr-hdds-1786-trunk-k6rzm-1803654198, networkLocation: /default-rack, certSerialId: null}a2905edf-b9c1-421a-8807-b5d3e2a2f0d1{ip: 192.168.5.139, host: pr-hdds-1786-trunk-k6rzm-1803654198, networkLocation: /default-rack, certSerialId: null}, Type:RATIS, Factor:THREE, State:CLOSED] from datanode b72696e0-9c4e-4740-8bcd-ca4650f90538{ip: 192.168.5.139, host: pr-hdds-1786-trunk-k6rzm-1803654198, networkLocation: /default-rack, certSerialId: null}. Reason : b72696e0-9c4e-4740-8bcd-ca4650f90538 has not seen follower/s 4d5e76d1-94b4-4344-b272-620ca499a368 for 147541ms a2905edf-b9c1-421a-8807-b5d3e2a2f0d1 for 147540ms
2019-09-10 18:40:32,243 [EventQueue-PipelineActionsForPipelineActionHandler] INFO  pipeline.SCMPipelineManager (SCMPipelineManager.java:finalizeAndDestroyPipeline(311)) - destroying pipeline:Pipeline[ Id: 7bf794f4-70ce-4b1b-9a52-5cc95cfbf3db, Nodes: 4d5e76d1-94b4-4344-b272-620ca499a368{ip: 192.168.5.139, host: pr-hdds-1786-trunk-k6rzm-1803654198, networkLocation: /default-rack, certSerialId: null}b72696e0-9c4e-4740-8bcd-ca4650f90538{ip: 192.168.5.139, host: pr-hdds-1786-trunk-k6rzm-1803654198, networkLocation: /default-rack, certSerialId: null}a2905edf-b9c1-421a-8807-b5d3e2a2f0d1{ip: 192.168.5.139, host: pr-hdds-1786-trunk-k6rzm-1803654198, networkLocation: /default-rack, certSerialId: null}, Type:RATIS, Factor:THREE, State:CLOSED]
2019-09-10 18:40:33,756 [org.apache.ratis.server.impl.LogAppender$AppenderDaemon$$Lambda$491/1891770971@2b461a73] ERROR ratis.XceiverServerRatis (XceiverServerRatis.java:triggerPipelineClose(575)) - pipeline Action CLOSE  on pipeline PipelineID=7bf794f4-70ce-4b1b-9a52-5cc95cfbf3db.Reason : b72696e0-9c4e-4740-8bcd-ca4650f90538 has not seen follower/s 4d5e76d1-94b4-4344-b272-620ca499a368 for 150042ms a2905edf-b9c1-421a-8807-b5d3e2a2f0d1 for 150041ms
2019-09-10 18:40:33,758 [org.apache.ratis.server.impl.LogAppender$AppenderDaemon$$Lambda$491/1891770971@c58b2d9] ERROR ratis.XceiverServerRatis (XceiverServerRatis.java:triggerPipelineClose(575)) - pipeline Action CLOSE  on pipeline PipelineID=7bf794f4-70ce-4b1b-9a52-5cc95cfbf3db.Reason : b72696e0-9c4e-4740-8bcd-ca4650f90538 has not seen follower/s 4d5e76d1-94b4-4344-b272-620ca499a368 for 150046ms a2905edf-b9c1-421a-8807-b5d3e2a2f0d1 for 150044ms
2019-09-10 18:40:34,225 [4d5e76d1-94b4-4344-b272-620ca499a368@group-5CC95CFBF3DB-SegmentedRaftLogWorker] WARN  segmented.SegmentedRaftLogWorker (SegmentedRaftLogWorker.java:getFromFuture(90)) - Timeout 14/~
org.apache.ratis.protocol.TimeoutIOException: Timeout 10s: WriteLog:12: (t:1, i:12), STATEMACHINELOGENTRY, client-1CFF480DE3DE, cid=22-writeStateMachineData
	at org.apache.ratis.util.IOUtils.getFromFuture(IOUtils.java:87)
	at org.apache.ratis.server.raftlog.segmented.SegmentedRaftLogWorker$StateMachineDataPolicy.getFromFuture(SegmentedRaftLogWorker.java:87)
	at org.apache.ratis.server.raftlog.segmented.SegmentedRaftLogWorker$WriteLog.execute(SegmentedRaftLogWorker.java:477)
	at org.apache.ratis.server.raftlog.segmented.SegmentedRaftLogWorker.run(SegmentedRaftLogWorker.java:289)
	at java.lang.Thread.run(Thread.java:748)
Caused by: java.util.concurrent.TimeoutException
	at java.util.concurrent.CompletableFuture.timedGet(CompletableFuture.java:1771)
	at java.util.concurrent.CompletableFuture.get(CompletableFuture.java:1915)
	at org.apache.ratis.util.IOUtils.getFromFuture(IOUtils.java:79)
	... 4 more
2019-09-10 18:40:34,245 [EventQueue-PipelineActionsForPipelineActionHandler] ERROR pipeline.PipelineActionHandler (PipelineActionHandler.java:onMessage(60)) - Received pipeline action CLOSE for Pipeline[ Id: 7bf794f4-70ce-4b1b-9a52-5cc95cfbf3db, Nodes: 4d5e76d1-94b4-4344-b272-620ca499a368{ip: 192.168.5.139, host: pr-hdds-1786-trunk-k6rzm-1803654198, networkLocation: /default-rack, certSerialId: null}b72696e0-9c4e-4740-8bcd-ca4650f90538{ip: 192.168.5.139, host: pr-hdds-1786-trunk-k6rzm-1803654198, networkLocation: /default-rack, certSerialId: null}a2905edf-b9c1-421a-8807-b5d3e2a2f0d1{ip: 192.168.5.139, host: pr-hdds-1786-trunk-k6rzm-1803654198, networkLocation: /default-rack, certSerialId: null}, Type:RATIS, Factor:THREE, State:CLOSED] from datanode b72696e0-9c4e-4740-8bcd-ca4650f90538{ip: 192.168.5.139, host: pr-hdds-1786-trunk-k6rzm-1803654198, networkLocation: /default-rack, certSerialId: null}. Reason : b72696e0-9c4e-4740-8bcd-ca4650f90538 has not seen follower/s 4d5e76d1-94b4-4344-b272-620ca499a368 for 150042ms a2905edf-b9c1-421a-8807-b5d3e2a2f0d1 for 150041ms
2019-09-10 18:40:34,245 [EventQueue-PipelineActionsForPipelineActionHandler] INFO  pipeline.SCMPipelineManager (SCMPipelineManager.java:finalizeAndDestroyPipeline(311)) - destroying pipeline:Pipeline[ Id: 7bf794f4-70ce-4b1b-9a52-5cc95cfbf3db, Nodes: 4d5e76d1-94b4-4344-b272-620ca499a368{ip: 192.168.5.139, host: pr-hdds-1786-trunk-k6rzm-1803654198, networkLocation: /default-rack, certSerialId: null}b72696e0-9c4e-4740-8bcd-ca4650f90538{ip: 192.168.5.139, host: pr-hdds-1786-trunk-k6rzm-1803654198, networkLocation: /default-rack, certSerialId: null}a2905edf-b9c1-421a-8807-b5d3e2a2f0d1{ip: 192.168.5.139, host: pr-hdds-1786-trunk-k6rzm-1803654198, networkLocation: /default-rack, certSerialId: null}, Type:RATIS, Factor:THREE, State:CLOSED]
2019-09-10 18:40:34,254 [java.util.concurrent.ThreadPoolExecutor$Worker@38b49b[State = -1, empty queue]] WARN  server.GrpcLogAppender (GrpcLogAppender.java:timeoutAppendRequest(200)) - b72696e0-9c4e-4740-8bcd-ca4650f90538@group-5CC95CFBF3DB->a2905edf-b9c1-421a-8807-b5d3e2a2f0d1-GrpcLogAppender: appendEntries Timeout, request=b72696e0-9c4e-4740-8bcd-ca4650f90538->a2905edf-b9c1-421a-8807-b5d3e2a2f0d1#73-t1, previous=(t:1, i:14), leaderCommit=10, initializing? false, entries: <empty>
2019-09-10 18:40:34,256 [b72696e0-9c4e-4740-8bcd-ca4650f90538@group-5CC95CFBF3DB-SegmentedRaftLogWorker] WARN  segmented.SegmentedRaftLogWorker (SegmentedRaftLogWorker.java:getFromFuture(90)) - Timeout 14/~
org.apache.ratis.protocol.TimeoutIOException: Timeout 10s: WriteLog:12: (t:1, i:12), STATEMACHINELOGENTRY, client-1CFF480DE3DE, cid=22-writeStateMachineData
	at org.apache.ratis.util.IOUtils.getFromFuture(IOUtils.java:87)
	at org.apache.ratis.server.raftlog.segmented.SegmentedRaftLogWorker$StateMachineDataPolicy.getFromFuture(SegmentedRaftLogWorker.java:87)
	at org.apache.ratis.server.raftlog.segmented.SegmentedRaftLogWorker$WriteLog.execute(SegmentedRaftLogWorker.java:477)
	at org.apache.ratis.server.raftlog.segmented.SegmentedRaftLogWorker.run(SegmentedRaftLogWorker.java:289)
	at java.lang.Thread.run(Thread.java:748)
Caused by: java.util.concurrent.TimeoutException
	at java.util.concurrent.CompletableFuture.timedGet(CompletableFuture.java:1771)
	at java.util.concurrent.CompletableFuture.get(CompletableFuture.java:1915)
	at org.apache.ratis.util.IOUtils.getFromFuture(IOUtils.java:79)
	... 4 more
2019-09-10 18:40:34,256 [a2905edf-b9c1-421a-8807-b5d3e2a2f0d1@group-5CC95CFBF3DB-SegmentedRaftLogWorker] WARN  segmented.SegmentedRaftLogWorker (SegmentedRaftLogWorker.java:getFromFuture(90)) - Timeout 14/~
org.apache.ratis.protocol.TimeoutIOException: Timeout 10s: WriteLog:12: (t:1, i:12), STATEMACHINELOGENTRY, client-1CFF480DE3DE, cid=22-writeStateMachineData
	at org.apache.ratis.util.IOUtils.getFromFuture(IOUtils.java:87)
	at org.apache.ratis.server.raftlog.segmented.SegmentedRaftLogWorker$StateMachineDataPolicy.getFromFuture(SegmentedRaftLogWorker.java:87)
	at org.apache.ratis.server.raftlog.segmented.SegmentedRaftLogWorker$WriteLog.execute(SegmentedRaftLogWorker.java:477)
	at org.apache.ratis.server.raftlog.segmented.SegmentedRaftLogWorker.run(SegmentedRaftLogWorker.java:289)
	at java.lang.Thread.run(Thread.java:748)
Caused by: java.util.concurrent.TimeoutException
	at java.util.concurrent.CompletableFuture.timedGet(CompletableFuture.java:1771)
	at java.util.concurrent.CompletableFuture.get(CompletableFuture.java:1915)
	at org.apache.ratis.util.IOUtils.getFromFuture(IOUtils.java:79)
	... 4 more
2019-09-10 18:40:34,258 [java.util.concurrent.ThreadPoolExecutor$Worker@2ca0dbdc[State = -1, empty queue]] WARN  server.GrpcLogAppender (GrpcLogAppender.java:timeoutAppendRequest(200)) - b72696e0-9c4e-4740-8bcd-ca4650f90538@group-5CC95CFBF3DB->4d5e76d1-94b4-4344-b272-620ca499a368-GrpcLogAppender: appendEntries Timeout, request=b72696e0-9c4e-4740-8bcd-ca4650f90538->4d5e76d1-94b4-4344-b272-620ca499a368#73-t1, previous=(t:1, i:14), leaderCommit=10, initializing? false, entries: <empty>
2019-09-10 18:40:35,889 [grpc-default-executor-2] INFO  client.GrpcClientProtocolClient (GrpcClientProtocolClient.java:onNext(264)) - client-1CFF480DE3DE->4d5e76d1-94b4-4344-b272-620ca499a368: receive RaftClientReply:client-1CFF480DE3DE->4d5e76d1-94b4-4344-b272-620ca499a368@group-5CC95CFBF3DB, cid=21, FAILED org.apache.ratis.protocol.NotLeaderException: Server 4d5e76d1-94b4-4344-b272-620ca499a368@group-5CC95CFBF3DB is not the leader b72696e0-9c4e-4740-8bcd-ca4650f90538:192.168.5.139:36803, logIndex=0, commits[4d5e76d1-94b4-4344-b272-620ca499a368:c10, b72696e0-9c4e-4740-8bcd-ca4650f90538:c10, a2905edf-b9c1-421a-8807-b5d3e2a2f0d1:c6]
2019-09-10 18:40:36,256 [org.apache.ratis.server.impl.LogAppender$AppenderDaemon$$Lambda$491/1891770971@2b461a73] ERROR ratis.XceiverServerRatis (XceiverServerRatis.java:triggerPipelineClose(575)) - pipeline Action CLOSE  on pipeline PipelineID=7bf794f4-70ce-4b1b-9a52-5cc95cfbf3db.Reason : b72696e0-9c4e-4740-8bcd-ca4650f90538 has not seen follower/s 4d5e76d1-94b4-4344-b272-620ca499a368 for 152543ms a2905edf-b9c1-421a-8807-b5d3e2a2f0d1 for 152542ms
2019-09-10 18:40:36,259 [org.apache.ratis.server.impl.LogAppender$AppenderDaemon$$Lambda$491/1891770971@c58b2d9] ERROR ratis.XceiverServerRatis (XceiverServerRatis.java:triggerPipelineClose(575)) - pipeline Action CLOSE  on pipeline PipelineID=7bf794f4-70ce-4b1b-9a52-5cc95cfbf3db.Reason : b72696e0-9c4e-4740-8bcd-ca4650f90538 has not seen follower/s 4d5e76d1-94b4-4344-b272-620ca499a368 for 152546ms a2905edf-b9c1-421a-8807-b5d3e2a2f0d1 for 152545ms
2019-09-10 18:40:36,755 [java.util.concurrent.ThreadPoolExecutor$Worker@38b49b[State = -1, empty queue]] WARN  server.GrpcLogAppender (GrpcLogAppender.java:timeoutAppendRequest(200)) - b72696e0-9c4e-4740-8bcd-ca4650f90538@group-5CC95CFBF3DB->a2905edf-b9c1-421a-8807-b5d3e2a2f0d1-GrpcLogAppender: appendEntries Timeout, request=b72696e0-9c4e-4740-8bcd-ca4650f90538->a2905edf-b9c1-421a-8807-b5d3e2a2f0d1#74-t1, previous=(t:1, i:14), leaderCommit=10, initializing? false, entries: <empty>
2019-09-10 18:40:36,758 [java.util.concurrent.ThreadPoolExecutor$Worker@2ca0dbdc[State = -1, empty queue]] WARN  server.GrpcLogAppender (GrpcLogAppender.java:timeoutAppendRequest(200)) - b72696e0-9c4e-4740-8bcd-ca4650f90538@group-5CC95CFBF3DB->4d5e76d1-94b4-4344-b272-620ca499a368-GrpcLogAppender: appendEntries Timeout, request=b72696e0-9c4e-4740-8bcd-ca4650f90538->4d5e76d1-94b4-4344-b272-620ca499a368#74-t1, previous=(t:1, i:14), leaderCommit=10, initializing? false, entries: <empty>
2019-09-10 18:40:37,245 [EventQueue-PipelineActionsForPipelineActionHandler] ERROR pipeline.PipelineActionHandler (PipelineActionHandler.java:onMessage(60)) - Received pipeline action CLOSE for Pipeline[ Id: 7bf794f4-70ce-4b1b-9a52-5cc95cfbf3db, Nodes: 4d5e76d1-94b4-4344-b272-620ca499a368{ip: 192.168.5.139, host: pr-hdds-1786-trunk-k6rzm-1803654198, networkLocation: /default-rack, certSerialId: null}b72696e0-9c4e-4740-8bcd-ca4650f90538{ip: 192.168.5.139, host: pr-hdds-1786-trunk-k6rzm-1803654198, networkLocation: /default-rack, certSerialId: null}a2905edf-b9c1-421a-8807-b5d3e2a2f0d1{ip: 192.168.5.139, host: pr-hdds-1786-trunk-k6rzm-1803654198, networkLocation: /default-rack, certSerialId: null}, Type:RATIS, Factor:THREE, State:CLOSED] from datanode b72696e0-9c4e-4740-8bcd-ca4650f90538{ip: 192.168.5.139, host: pr-hdds-1786-trunk-k6rzm-1803654198, networkLocation: /default-rack, certSerialId: null}. Reason : b72696e0-9c4e-4740-8bcd-ca4650f90538 has not seen follower/s 4d5e76d1-94b4-4344-b272-620ca499a368 for 152543ms a2905edf-b9c1-421a-8807-b5d3e2a2f0d1 for 152542ms
2019-09-10 18:40:37,245 [EventQueue-PipelineActionsForPipelineActionHandler] INFO  pipeline.SCMPipelineManager (SCMPipelineManager.java:finalizeAndDestroyPipeline(311)) - destroying pipeline:Pipeline[ Id: 7bf794f4-70ce-4b1b-9a52-5cc95cfbf3db, Nodes: 4d5e76d1-94b4-4344-b272-620ca499a368{ip: 192.168.5.139, host: pr-hdds-1786-trunk-k6rzm-1803654198, networkLocation: /default-rack, certSerialId: null}b72696e0-9c4e-4740-8bcd-ca4650f90538{ip: 192.168.5.139, host: pr-hdds-1786-trunk-k6rzm-1803654198, networkLocation: /default-rack, certSerialId: null}a2905edf-b9c1-421a-8807-b5d3e2a2f0d1{ip: 192.168.5.139, host: pr-hdds-1786-trunk-k6rzm-1803654198, networkLocation: /default-rack, certSerialId: null}, Type:RATIS, Factor:THREE, State:CLOSED]
2019-09-10 18:40:38,757 [org.apache.ratis.server.impl.LogAppender$AppenderDaemon$$Lambda$491/1891770971@2b461a73] ERROR ratis.XceiverServerRatis (XceiverServerRatis.java:triggerPipelineClose(575)) - pipeline Action CLOSE  on pipeline PipelineID=7bf794f4-70ce-4b1b-9a52-5cc95cfbf3db.Reason : b72696e0-9c4e-4740-8bcd-ca4650f90538 has not seen follower/s 4d5e76d1-94b4-4344-b272-620ca499a368 for 155044ms a2905edf-b9c1-421a-8807-b5d3e2a2f0d1 for 155043ms
2019-09-10 18:40:38,760 [org.apache.ratis.server.impl.LogAppender$AppenderDaemon$$Lambda$491/1891770971@c58b2d9] ERROR ratis.XceiverServerRatis (XceiverServerRatis.java:triggerPipelineClose(575)) - pipeline Action CLOSE  on pipeline PipelineID=7bf794f4-70ce-4b1b-9a52-5cc95cfbf3db.Reason : b72696e0-9c4e-4740-8bcd-ca4650f90538 has not seen follower/s 4d5e76d1-94b4-4344-b272-620ca499a368 for 155047ms a2905edf-b9c1-421a-8807-b5d3e2a2f0d1 for 155046ms
2019-09-10 18:40:39,246 [EventQueue-PipelineActionsForPipelineActionHandler] ERROR pipeline.PipelineActionHandler (PipelineActionHandler.java:onMessage(60)) - Received pipeline action CLOSE for Pipeline[ Id: 7bf794f4-70ce-4b1b-9a52-5cc95cfbf3db, Nodes: 4d5e76d1-94b4-4344-b272-620ca499a368{ip: 192.168.5.139, host: pr-hdds-1786-trunk-k6rzm-1803654198, networkLocation: /default-rack, certSerialId: null}b72696e0-9c4e-4740-8bcd-ca4650f90538{ip: 192.168.5.139, host: pr-hdds-1786-trunk-k6rzm-1803654198, networkLocation: /default-rack, certSerialId: null}a2905edf-b9c1-421a-8807-b5d3e2a2f0d1{ip: 192.168.5.139, host: pr-hdds-1786-trunk-k6rzm-1803654198, networkLocation: /default-rack, certSerialId: null}, Type:RATIS, Factor:THREE, State:CLOSED] from datanode b72696e0-9c4e-4740-8bcd-ca4650f90538{ip: 192.168.5.139, host: pr-hdds-1786-trunk-k6rzm-1803654198, networkLocation: /default-rack, certSerialId: null}. Reason : b72696e0-9c4e-4740-8bcd-ca4650f90538 has not seen follower/s 4d5e76d1-94b4-4344-b272-620ca499a368 for 155044ms a2905edf-b9c1-421a-8807-b5d3e2a2f0d1 for 155043ms
2019-09-10 18:40:39,246 [EventQueue-PipelineActionsForPipelineActionHandler] INFO  pipeline.SCMPipelineManager (SCMPipelineManager.java:finalizeAndDestroyPipeline(311)) - destroying pipeline:Pipeline[ Id: 7bf794f4-70ce-4b1b-9a52-5cc95cfbf3db, Nodes: 4d5e76d1-94b4-4344-b272-620ca499a368{ip: 192.168.5.139, host: pr-hdds-1786-trunk-k6rzm-1803654198, networkLocation: /default-rack, certSerialId: null}b72696e0-9c4e-4740-8bcd-ca4650f90538{ip: 192.168.5.139, host: pr-hdds-1786-trunk-k6rzm-1803654198, networkLocation: /default-rack, certSerialId: null}a2905edf-b9c1-421a-8807-b5d3e2a2f0d1{ip: 192.168.5.139, host: pr-hdds-1786-trunk-k6rzm-1803654198, networkLocation: /default-rack, certSerialId: null}, Type:RATIS, Factor:THREE, State:CLOSED]
2019-09-10 18:40:39,256 [java.util.concurrent.ThreadPoolExecutor$Worker@38b49b[State = -1, empty queue]] WARN  server.GrpcLogAppender (GrpcLogAppender.java:timeoutAppendRequest(200)) - b72696e0-9c4e-4740-8bcd-ca4650f90538@group-5CC95CFBF3DB->a2905edf-b9c1-421a-8807-b5d3e2a2f0d1-GrpcLogAppender: appendEntries Timeout, request=b72696e0-9c4e-4740-8bcd-ca4650f90538->a2905edf-b9c1-421a-8807-b5d3e2a2f0d1#75-t1, previous=(t:1, i:14), leaderCommit=10, initializing? false, entries: <empty>
2019-09-10 18:40:39,259 [java.util.concurrent.ThreadPoolExecutor$Worker@2ca0dbdc[State = -1, empty queue]] WARN  server.GrpcLogAppender (GrpcLogAppender.java:timeoutAppendRequest(200)) - b72696e0-9c4e-4740-8bcd-ca4650f90538@group-5CC95CFBF3DB->4d5e76d1-94b4-4344-b272-620ca499a368-GrpcLogAppender: appendEntries Timeout, request=b72696e0-9c4e-4740-8bcd-ca4650f90538->4d5e76d1-94b4-4344-b272-620ca499a368#75-t1, previous=(t:1, i:14), leaderCommit=10, initializing? false, entries: <empty>
2019-09-10 18:40:40,944 [grpc-default-executor-2] INFO  client.GrpcClientProtocolClient (GrpcClientProtocolClient.java:onNext(264)) - client-1CFF480DE3DE->4d5e76d1-94b4-4344-b272-620ca499a368: receive RaftClientReply:client-1CFF480DE3DE->4d5e76d1-94b4-4344-b272-620ca499a368@group-5CC95CFBF3DB, cid=21, FAILED org.apache.ratis.protocol.NotLeaderException: Server 4d5e76d1-94b4-4344-b272-620ca499a368@group-5CC95CFBF3DB is not the leader b72696e0-9c4e-4740-8bcd-ca4650f90538:192.168.5.139:36803, logIndex=0, commits[4d5e76d1-94b4-4344-b272-620ca499a368:c10, b72696e0-9c4e-4740-8bcd-ca4650f90538:c10, a2905edf-b9c1-421a-8807-b5d3e2a2f0d1:c6]
2019-09-10 18:40:41,258 [org.apache.ratis.server.impl.LogAppender$AppenderDaemon$$Lambda$491/1891770971@2b461a73] ERROR ratis.XceiverServerRatis (XceiverServerRatis.java:triggerPipelineClose(575)) - pipeline Action CLOSE  on pipeline PipelineID=7bf794f4-70ce-4b1b-9a52-5cc95cfbf3db.Reason : b72696e0-9c4e-4740-8bcd-ca4650f90538 has not seen follower/s 4d5e76d1-94b4-4344-b272-620ca499a368 for 157545ms a2905edf-b9c1-421a-8807-b5d3e2a2f0d1 for 157544ms
2019-09-10 18:40:41,260 [org.apache.ratis.server.impl.LogAppender$AppenderDaemon$$Lambda$491/1891770971@c58b2d9] ERROR ratis.XceiverServerRatis (XceiverServerRatis.java:triggerPipelineClose(575)) - pipeline Action CLOSE  on pipeline PipelineID=7bf794f4-70ce-4b1b-9a52-5cc95cfbf3db.Reason : b72696e0-9c4e-4740-8bcd-ca4650f90538 has not seen follower/s 4d5e76d1-94b4-4344-b272-620ca499a368 for 157548ms a2905edf-b9c1-421a-8807-b5d3e2a2f0d1 for 157546ms
2019-09-10 18:40:41,758 [java.util.concurrent.ThreadPoolExecutor$Worker@38b49b[State = -1, empty queue]] WARN  server.GrpcLogAppender (GrpcLogAppender.java:timeoutAppendRequest(200)) - b72696e0-9c4e-4740-8bcd-ca4650f90538@group-5CC95CFBF3DB->a2905edf-b9c1-421a-8807-b5d3e2a2f0d1-GrpcLogAppender: appendEntries Timeout, request=b72696e0-9c4e-4740-8bcd-ca4650f90538->a2905edf-b9c1-421a-8807-b5d3e2a2f0d1#76-t1, previous=(t:1, i:14), leaderCommit=10, initializing? false, entries: <empty>
2019-09-10 18:40:41,760 [java.util.concurrent.ThreadPoolExecutor$Worker@2ca0dbdc[State = -1, empty queue]] WARN  server.GrpcLogAppender (GrpcLogAppender.java:timeoutAppendRequest(200)) - b72696e0-9c4e-4740-8bcd-ca4650f90538@group-5CC95CFBF3DB->4d5e76d1-94b4-4344-b272-620ca499a368-GrpcLogAppender: appendEntries Timeout, request=b72696e0-9c4e-4740-8bcd-ca4650f90538->4d5e76d1-94b4-4344-b272-620ca499a368#76-t1, previous=(t:1, i:14), leaderCommit=10, initializing? false, entries: <empty>
2019-09-10 18:40:42,247 [EventQueue-PipelineActionsForPipelineActionHandler] ERROR pipeline.PipelineActionHandler (PipelineActionHandler.java:onMessage(60)) - Received pipeline action CLOSE for Pipeline[ Id: 7bf794f4-70ce-4b1b-9a52-5cc95cfbf3db, Nodes: 4d5e76d1-94b4-4344-b272-620ca499a368{ip: 192.168.5.139, host: pr-hdds-1786-trunk-k6rzm-1803654198, networkLocation: /default-rack, certSerialId: null}b72696e0-9c4e-4740-8bcd-ca4650f90538{ip: 192.168.5.139, host: pr-hdds-1786-trunk-k6rzm-1803654198, networkLocation: /default-rack, certSerialId: null}a2905edf-b9c1-421a-8807-b5d3e2a2f0d1{ip: 192.168.5.139, host: pr-hdds-1786-trunk-k6rzm-1803654198, networkLocation: /default-rack, certSerialId: null}, Type:RATIS, Factor:THREE, State:CLOSED] from datanode b72696e0-9c4e-4740-8bcd-ca4650f90538{ip: 192.168.5.139, host: pr-hdds-1786-trunk-k6rzm-1803654198, networkLocation: /default-rack, certSerialId: null}. Reason : b72696e0-9c4e-4740-8bcd-ca4650f90538 has not seen follower/s 4d5e76d1-94b4-4344-b272-620ca499a368 for 157545ms a2905edf-b9c1-421a-8807-b5d3e2a2f0d1 for 157544ms
2019-09-10 18:40:42,247 [EventQueue-PipelineActionsForPipelineActionHandler] INFO  pipeline.SCMPipelineManager (SCMPipelineManager.java:finalizeAndDestroyPipeline(311)) - destroying pipeline:Pipeline[ Id: 7bf794f4-70ce-4b1b-9a52-5cc95cfbf3db, Nodes: 4d5e76d1-94b4-4344-b272-620ca499a368{ip: 192.168.5.139, host: pr-hdds-1786-trunk-k6rzm-1803654198, networkLocation: /default-rack, certSerialId: null}b72696e0-9c4e-4740-8bcd-ca4650f90538{ip: 192.168.5.139, host: pr-hdds-1786-trunk-k6rzm-1803654198, networkLocation: /default-rack, certSerialId: null}a2905edf-b9c1-421a-8807-b5d3e2a2f0d1{ip: 192.168.5.139, host: pr-hdds-1786-trunk-k6rzm-1803654198, networkLocation: /default-rack, certSerialId: null}, Type:RATIS, Factor:THREE, State:CLOSED]
2019-09-10 18:40:43,760 [org.apache.ratis.server.impl.LogAppender$AppenderDaemon$$Lambda$491/1891770971@2b461a73] ERROR ratis.XceiverServerRatis (XceiverServerRatis.java:triggerPipelineClose(575)) - pipeline Action CLOSE  on pipeline PipelineID=7bf794f4-70ce-4b1b-9a52-5cc95cfbf3db.Reason : b72696e0-9c4e-4740-8bcd-ca4650f90538 has not seen follower/s 4d5e76d1-94b4-4344-b272-620ca499a368 for 160047ms a2905edf-b9c1-421a-8807-b5d3e2a2f0d1 for 160045ms
2019-09-10 18:40:43,761 [org.apache.ratis.server.impl.LogAppender$AppenderDaemon$$Lambda$491/1891770971@c58b2d9] ERROR ratis.XceiverServerRatis (XceiverServerRatis.java:triggerPipelineClose(575)) - pipeline Action CLOSE  on pipeline PipelineID=7bf794f4-70ce-4b1b-9a52-5cc95cfbf3db.Reason : b72696e0-9c4e-4740-8bcd-ca4650f90538 has not seen follower/s 4d5e76d1-94b4-4344-b272-620ca499a368 for 160048ms a2905edf-b9c1-421a-8807-b5d3e2a2f0d1 for 160047ms
2019-09-10 18:40:44,227 [4d5e76d1-94b4-4344-b272-620ca499a368@group-5CC95CFBF3DB-SegmentedRaftLogWorker] WARN  segmented.SegmentedRaftLogWorker (SegmentedRaftLogWorker.java:getFromFuture(90)) - Timeout 15/~
org.apache.ratis.protocol.TimeoutIOException: Timeout 10s: WriteLog:12: (t:1, i:12), STATEMACHINELOGENTRY, client-1CFF480DE3DE, cid=22-writeStateMachineData
	at org.apache.ratis.util.IOUtils.getFromFuture(IOUtils.java:87)
	at org.apache.ratis.server.raftlog.segmented.SegmentedRaftLogWorker$StateMachineDataPolicy.getFromFuture(SegmentedRaftLogWorker.java:87)
	at org.apache.ratis.server.raftlog.segmented.SegmentedRaftLogWorker$WriteLog.execute(SegmentedRaftLogWorker.java:477)
	at org.apache.ratis.server.raftlog.segmented.SegmentedRaftLogWorker.run(SegmentedRaftLogWorker.java:289)
	at java.lang.Thread.run(Thread.java:748)
Caused by: java.util.concurrent.TimeoutException
	at java.util.concurrent.CompletableFuture.timedGet(CompletableFuture.java:1771)
	at java.util.concurrent.CompletableFuture.get(CompletableFuture.java:1915)
	at org.apache.ratis.util.IOUtils.getFromFuture(IOUtils.java:79)
	... 4 more
2019-09-10 18:40:44,248 [EventQueue-PipelineActionsForPipelineActionHandler] ERROR pipeline.PipelineActionHandler (PipelineActionHandler.java:onMessage(60)) - Received pipeline action CLOSE for Pipeline[ Id: 7bf794f4-70ce-4b1b-9a52-5cc95cfbf3db, Nodes: 4d5e76d1-94b4-4344-b272-620ca499a368{ip: 192.168.5.139, host: pr-hdds-1786-trunk-k6rzm-1803654198, networkLocation: /default-rack, certSerialId: null}b72696e0-9c4e-4740-8bcd-ca4650f90538{ip: 192.168.5.139, host: pr-hdds-1786-trunk-k6rzm-1803654198, networkLocation: /default-rack, certSerialId: null}a2905edf-b9c1-421a-8807-b5d3e2a2f0d1{ip: 192.168.5.139, host: pr-hdds-1786-trunk-k6rzm-1803654198, networkLocation: /default-rack, certSerialId: null}, Type:RATIS, Factor:THREE, State:CLOSED] from datanode b72696e0-9c4e-4740-8bcd-ca4650f90538{ip: 192.168.5.139, host: pr-hdds-1786-trunk-k6rzm-1803654198, networkLocation: /default-rack, certSerialId: null}. Reason : b72696e0-9c4e-4740-8bcd-ca4650f90538 has not seen follower/s 4d5e76d1-94b4-4344-b272-620ca499a368 for 160047ms a2905edf-b9c1-421a-8807-b5d3e2a2f0d1 for 160045ms
2019-09-10 18:40:44,248 [EventQueue-PipelineActionsForPipelineActionHandler] INFO  pipeline.SCMPipelineManager (SCMPipelineManager.java:finalizeAndDestroyPipeline(311)) - destroying pipeline:Pipeline[ Id: 7bf794f4-70ce-4b1b-9a52-5cc95cfbf3db, Nodes: 4d5e76d1-94b4-4344-b272-620ca499a368{ip: 192.168.5.139, host: pr-hdds-1786-trunk-k6rzm-1803654198, networkLocation: /default-rack, certSerialId: null}b72696e0-9c4e-4740-8bcd-ca4650f90538{ip: 192.168.5.139, host: pr-hdds-1786-trunk-k6rzm-1803654198, networkLocation: /default-rack, certSerialId: null}a2905edf-b9c1-421a-8807-b5d3e2a2f0d1{ip: 192.168.5.139, host: pr-hdds-1786-trunk-k6rzm-1803654198, networkLocation: /default-rack, certSerialId: null}, Type:RATIS, Factor:THREE, State:CLOSED]
2019-09-10 18:40:44,257 [b72696e0-9c4e-4740-8bcd-ca4650f90538@group-5CC95CFBF3DB-SegmentedRaftLogWorker] WARN  segmented.SegmentedRaftLogWorker (SegmentedRaftLogWorker.java:getFromFuture(90)) - Timeout 15/~
org.apache.ratis.protocol.TimeoutIOException: Timeout 10s: WriteLog:12: (t:1, i:12), STATEMACHINELOGENTRY, client-1CFF480DE3DE, cid=22-writeStateMachineData
	at org.apache.ratis.util.IOUtils.getFromFuture(IOUtils.java:87)
	at org.apache.ratis.server.raftlog.segmented.SegmentedRaftLogWorker$StateMachineDataPolicy.getFromFuture(SegmentedRaftLogWorker.java:87)
	at org.apache.ratis.server.raftlog.segmented.SegmentedRaftLogWorker$WriteLog.execute(SegmentedRaftLogWorker.java:477)
	at org.apache.ratis.server.raftlog.segmented.SegmentedRaftLogWorker.run(SegmentedRaftLogWorker.java:289)
	at java.lang.Thread.run(Thread.java:748)
Caused by: java.util.concurrent.TimeoutException
	at java.util.concurrent.CompletableFuture.timedGet(CompletableFuture.java:1771)
	at java.util.concurrent.CompletableFuture.get(CompletableFuture.java:1915)
	at org.apache.ratis.util.IOUtils.getFromFuture(IOUtils.java:79)
	... 4 more
2019-09-10 18:40:44,275 [a2905edf-b9c1-421a-8807-b5d3e2a2f0d1@group-5CC95CFBF3DB-SegmentedRaftLogWorker] WARN  segmented.SegmentedRaftLogWorker (SegmentedRaftLogWorker.java:getFromFuture(90)) - Timeout 15/~
org.apache.ratis.protocol.TimeoutIOException: Timeout 10s: WriteLog:12: (t:1, i:12), STATEMACHINELOGENTRY, client-1CFF480DE3DE, cid=22-writeStateMachineData
	at org.apache.ratis.util.IOUtils.getFromFuture(IOUtils.java:87)
	at org.apache.ratis.server.raftlog.segmented.SegmentedRaftLogWorker$StateMachineDataPolicy.getFromFuture(SegmentedRaftLogWorker.java:87)
	at org.apache.ratis.server.raftlog.segmented.SegmentedRaftLogWorker$WriteLog.execute(SegmentedRaftLogWorker.java:477)
	at org.apache.ratis.server.raftlog.segmented.SegmentedRaftLogWorker.run(SegmentedRaftLogWorker.java:289)
	at java.lang.Thread.run(Thread.java:748)
Caused by: java.util.concurrent.TimeoutException
	at java.util.concurrent.CompletableFuture.timedGet(CompletableFuture.java:1771)
	at java.util.concurrent.CompletableFuture.get(CompletableFuture.java:1915)
	at org.apache.ratis.util.IOUtils.getFromFuture(IOUtils.java:79)
	... 4 more
2019-09-10 18:40:44,275 [java.util.concurrent.ThreadPoolExecutor$Worker@38b49b[State = -1, empty queue]] WARN  server.GrpcLogAppender (GrpcLogAppender.java:timeoutAppendRequest(200)) - b72696e0-9c4e-4740-8bcd-ca4650f90538@group-5CC95CFBF3DB->a2905edf-b9c1-421a-8807-b5d3e2a2f0d1-GrpcLogAppender: appendEntries Timeout, request=b72696e0-9c4e-4740-8bcd-ca4650f90538->a2905edf-b9c1-421a-8807-b5d3e2a2f0d1#77-t1, previous=(t:1, i:14), leaderCommit=10, initializing? false, entries: <empty>
2019-09-10 18:40:44,275 [java.util.concurrent.ThreadPoolExecutor$Worker@2ca0dbdc[State = -1, empty queue]] WARN  server.GrpcLogAppender (GrpcLogAppender.java:timeoutAppendRequest(200)) - b72696e0-9c4e-4740-8bcd-ca4650f90538@group-5CC95CFBF3DB->4d5e76d1-94b4-4344-b272-620ca499a368-GrpcLogAppender: appendEntries Timeout, request=b72696e0-9c4e-4740-8bcd-ca4650f90538->4d5e76d1-94b4-4344-b272-620ca499a368#77-t1, previous=(t:1, i:14), leaderCommit=10, initializing? false, entries: <empty>
2019-09-10 18:40:46,002 [grpc-default-executor-2] INFO  client.GrpcClientProtocolClient (GrpcClientProtocolClient.java:onNext(264)) - client-1CFF480DE3DE->4d5e76d1-94b4-4344-b272-620ca499a368: receive RaftClientReply:client-1CFF480DE3DE->4d5e76d1-94b4-4344-b272-620ca499a368@group-5CC95CFBF3DB, cid=21, FAILED org.apache.ratis.protocol.NotLeaderException: Server 4d5e76d1-94b4-4344-b272-620ca499a368@group-5CC95CFBF3DB is not the leader b72696e0-9c4e-4740-8bcd-ca4650f90538:192.168.5.139:36803, logIndex=0, commits[4d5e76d1-94b4-4344-b272-620ca499a368:c10, b72696e0-9c4e-4740-8bcd-ca4650f90538:c10, a2905edf-b9c1-421a-8807-b5d3e2a2f0d1:c6]
2019-09-10 18:40:46,261 [org.apache.ratis.server.impl.LogAppender$AppenderDaemon$$Lambda$491/1891770971@2b461a73] ERROR ratis.XceiverServerRatis (XceiverServerRatis.java:triggerPipelineClose(575)) - pipeline Action CLOSE  on pipeline PipelineID=7bf794f4-70ce-4b1b-9a52-5cc95cfbf3db.Reason : b72696e0-9c4e-4740-8bcd-ca4650f90538 has not seen follower/s 4d5e76d1-94b4-4344-b272-620ca499a368 for 162548ms a2905edf-b9c1-421a-8807-b5d3e2a2f0d1 for 162547ms
2019-09-10 18:40:46,262 [org.apache.ratis.server.impl.LogAppender$AppenderDaemon$$Lambda$491/1891770971@c58b2d9] ERROR ratis.XceiverServerRatis (XceiverServerRatis.java:triggerPipelineClose(575)) - pipeline Action CLOSE  on pipeline PipelineID=7bf794f4-70ce-4b1b-9a52-5cc95cfbf3db.Reason : b72696e0-9c4e-4740-8bcd-ca4650f90538 has not seen follower/s 4d5e76d1-94b4-4344-b272-620ca499a368 for 162549ms a2905edf-b9c1-421a-8807-b5d3e2a2f0d1 for 162548ms
2019-09-10 18:40:46,759 [java.util.concurrent.ThreadPoolExecutor$Worker@38b49b[State = -1, empty queue]] WARN  server.GrpcLogAppender (GrpcLogAppender.java:timeoutAppendRequest(200)) - b72696e0-9c4e-4740-8bcd-ca4650f90538@group-5CC95CFBF3DB->a2905edf-b9c1-421a-8807-b5d3e2a2f0d1-GrpcLogAppender: appendEntries Timeout, request=b72696e0-9c4e-4740-8bcd-ca4650f90538->a2905edf-b9c1-421a-8807-b5d3e2a2f0d1#78-t1, previous=(t:1, i:14), leaderCommit=10, initializing? false, entries: <empty>
2019-09-10 18:40:46,761 [java.util.concurrent.ThreadPoolExecutor$Worker@2ca0dbdc[State = -1, empty queue]] WARN  server.GrpcLogAppender (GrpcLogAppender.java:timeoutAppendRequest(200)) - b72696e0-9c4e-4740-8bcd-ca4650f90538@group-5CC95CFBF3DB->4d5e76d1-94b4-4344-b272-620ca499a368-GrpcLogAppender: appendEntries Timeout, request=b72696e0-9c4e-4740-8bcd-ca4650f90538->4d5e76d1-94b4-4344-b272-620ca499a368#78-t1, previous=(t:1, i:14), leaderCommit=10, initializing? false, entries: <empty>
2019-09-10 18:40:47,248 [EventQueue-PipelineActionsForPipelineActionHandler] ERROR pipeline.PipelineActionHandler (PipelineActionHandler.java:onMessage(60)) - Received pipeline action CLOSE for Pipeline[ Id: 7bf794f4-70ce-4b1b-9a52-5cc95cfbf3db, Nodes: 4d5e76d1-94b4-4344-b272-620ca499a368{ip: 192.168.5.139, host: pr-hdds-1786-trunk-k6rzm-1803654198, networkLocation: /default-rack, certSerialId: null}b72696e0-9c4e-4740-8bcd-ca4650f90538{ip: 192.168.5.139, host: pr-hdds-1786-trunk-k6rzm-1803654198, networkLocation: /default-rack, certSerialId: null}a2905edf-b9c1-421a-8807-b5d3e2a2f0d1{ip: 192.168.5.139, host: pr-hdds-1786-trunk-k6rzm-1803654198, networkLocation: /default-rack, certSerialId: null}, Type:RATIS, Factor:THREE, State:CLOSED] from datanode b72696e0-9c4e-4740-8bcd-ca4650f90538{ip: 192.168.5.139, host: pr-hdds-1786-trunk-k6rzm-1803654198, networkLocation: /default-rack, certSerialId: null}. Reason : b72696e0-9c4e-4740-8bcd-ca4650f90538 has not seen follower/s 4d5e76d1-94b4-4344-b272-620ca499a368 for 162548ms a2905edf-b9c1-421a-8807-b5d3e2a2f0d1 for 162547ms
2019-09-10 18:40:47,248 [EventQueue-PipelineActionsForPipelineActionHandler] INFO  pipeline.SCMPipelineManager (SCMPipelineManager.java:finalizeAndDestroyPipeline(311)) - destroying pipeline:Pipeline[ Id: 7bf794f4-70ce-4b1b-9a52-5cc95cfbf3db, Nodes: 4d5e76d1-94b4-4344-b272-620ca499a368{ip: 192.168.5.139, host: pr-hdds-1786-trunk-k6rzm-1803654198, networkLocation: /default-rack, certSerialId: null}b72696e0-9c4e-4740-8bcd-ca4650f90538{ip: 192.168.5.139, host: pr-hdds-1786-trunk-k6rzm-1803654198, networkLocation: /default-rack, certSerialId: null}a2905edf-b9c1-421a-8807-b5d3e2a2f0d1{ip: 192.168.5.139, host: pr-hdds-1786-trunk-k6rzm-1803654198, networkLocation: /default-rack, certSerialId: null}, Type:RATIS, Factor:THREE, State:CLOSED]
2019-09-10 18:40:48,763 [org.apache.ratis.server.impl.LogAppender$AppenderDaemon$$Lambda$491/1891770971@2b461a73] ERROR ratis.XceiverServerRatis (XceiverServerRatis.java:triggerPipelineClose(575)) - pipeline Action CLOSE  on pipeline PipelineID=7bf794f4-70ce-4b1b-9a52-5cc95cfbf3db.Reason : b72696e0-9c4e-4740-8bcd-ca4650f90538 has not seen follower/s 4d5e76d1-94b4-4344-b272-620ca499a368 for 165049ms a2905edf-b9c1-421a-8807-b5d3e2a2f0d1 for 165048ms
2019-09-10 18:40:48,763 [org.apache.ratis.server.impl.LogAppender$AppenderDaemon$$Lambda$491/1891770971@c58b2d9] ERROR ratis.XceiverServerRatis (XceiverServerRatis.java:triggerPipelineClose(575)) - pipeline Action CLOSE  on pipeline PipelineID=7bf794f4-70ce-4b1b-9a52-5cc95cfbf3db.Reason : b72696e0-9c4e-4740-8bcd-ca4650f90538 has not seen follower/s 4d5e76d1-94b4-4344-b272-620ca499a368 for 165050ms a2905edf-b9c1-421a-8807-b5d3e2a2f0d1 for 165049ms
2019-09-10 18:40:49,248 [EventQueue-PipelineActionsForPipelineActionHandler] ERROR pipeline.PipelineActionHandler (PipelineActionHandler.java:onMessage(60)) - Received pipeline action CLOSE for Pipeline[ Id: 7bf794f4-70ce-4b1b-9a52-5cc95cfbf3db, Nodes: 4d5e76d1-94b4-4344-b272-620ca499a368{ip: 192.168.5.139, host: pr-hdds-1786-trunk-k6rzm-1803654198, networkLocation: /default-rack, certSerialId: null}b72696e0-9c4e-4740-8bcd-ca4650f90538{ip: 192.168.5.139, host: pr-hdds-1786-trunk-k6rzm-1803654198, networkLocation: /default-rack, certSerialId: null}a2905edf-b9c1-421a-8807-b5d3e2a2f0d1{ip: 192.168.5.139, host: pr-hdds-1786-trunk-k6rzm-1803654198, networkLocation: /default-rack, certSerialId: null}, Type:RATIS, Factor:THREE, State:CLOSED] from datanode b72696e0-9c4e-4740-8bcd-ca4650f90538{ip: 192.168.5.139, host: pr-hdds-1786-trunk-k6rzm-1803654198, networkLocation: /default-rack, certSerialId: null}. Reason : b72696e0-9c4e-4740-8bcd-ca4650f90538 has not seen follower/s 4d5e76d1-94b4-4344-b272-620ca499a368 for 165049ms a2905edf-b9c1-421a-8807-b5d3e2a2f0d1 for 165048ms
2019-09-10 18:40:49,249 [EventQueue-PipelineActionsForPipelineActionHandler] INFO  pipeline.SCMPipelineManager (SCMPipelineManager.java:finalizeAndDestroyPipeline(311)) - destroying pipeline:Pipeline[ Id: 7bf794f4-70ce-4b1b-9a52-5cc95cfbf3db, Nodes: 4d5e76d1-94b4-4344-b272-620ca499a368{ip: 192.168.5.139, host: pr-hdds-1786-trunk-k6rzm-1803654198, networkLocation: /default-rack, certSerialId: null}b72696e0-9c4e-4740-8bcd-ca4650f90538{ip: 192.168.5.139, host: pr-hdds-1786-trunk-k6rzm-1803654198, networkLocation: /default-rack, certSerialId: null}a2905edf-b9c1-421a-8807-b5d3e2a2f0d1{ip: 192.168.5.139, host: pr-hdds-1786-trunk-k6rzm-1803654198, networkLocation: /default-rack, certSerialId: null}, Type:RATIS, Factor:THREE, State:CLOSED]
2019-09-10 18:40:49,261 [java.util.concurrent.ThreadPoolExecutor$Worker@38b49b[State = -1, empty queue]] WARN  server.GrpcLogAppender (GrpcLogAppender.java:timeoutAppendRequest(200)) - b72696e0-9c4e-4740-8bcd-ca4650f90538@group-5CC95CFBF3DB->a2905edf-b9c1-421a-8807-b5d3e2a2f0d1-GrpcLogAppender: appendEntries Timeout, request=b72696e0-9c4e-4740-8bcd-ca4650f90538->a2905edf-b9c1-421a-8807-b5d3e2a2f0d1#79-t1, previous=(t:1, i:14), leaderCommit=10, initializing? false, entries: <empty>
2019-09-10 18:40:49,262 [java.util.concurrent.ThreadPoolExecutor$Worker@2ca0dbdc[State = -1, empty queue]] WARN  server.GrpcLogAppender (GrpcLogAppender.java:timeoutAppendRequest(200)) - b72696e0-9c4e-4740-8bcd-ca4650f90538@group-5CC95CFBF3DB->4d5e76d1-94b4-4344-b272-620ca499a368-GrpcLogAppender: appendEntries Timeout, request=b72696e0-9c4e-4740-8bcd-ca4650f90538->4d5e76d1-94b4-4344-b272-620ca499a368#79-t1, previous=(t:1, i:14), leaderCommit=10, initializing? false, entries: <empty>
2019-09-10 18:40:51,069 [grpc-default-executor-2] INFO  client.GrpcClientProtocolClient (GrpcClientProtocolClient.java:onNext(264)) - client-1CFF480DE3DE->a2905edf-b9c1-421a-8807-b5d3e2a2f0d1: receive RaftClientReply:client-1CFF480DE3DE->a2905edf-b9c1-421a-8807-b5d3e2a2f0d1@group-5CC95CFBF3DB, cid=21, FAILED org.apache.ratis.protocol.NotLeaderException: Server a2905edf-b9c1-421a-8807-b5d3e2a2f0d1@group-5CC95CFBF3DB is not the leader b72696e0-9c4e-4740-8bcd-ca4650f90538:192.168.5.139:36803, logIndex=0, commits[a2905edf-b9c1-421a-8807-b5d3e2a2f0d1:c10, b72696e0-9c4e-4740-8bcd-ca4650f90538:c10, 4d5e76d1-94b4-4344-b272-620ca499a368:c6]
2019-09-10 18:40:51,263 [org.apache.ratis.server.impl.LogAppender$AppenderDaemon$$Lambda$491/1891770971@2b461a73] ERROR ratis.XceiverServerRatis (XceiverServerRatis.java:triggerPipelineClose(575)) - pipeline Action CLOSE  on pipeline PipelineID=7bf794f4-70ce-4b1b-9a52-5cc95cfbf3db.Reason : b72696e0-9c4e-4740-8bcd-ca4650f90538 has not seen follower/s 4d5e76d1-94b4-4344-b272-620ca499a368 for 167550ms a2905edf-b9c1-421a-8807-b5d3e2a2f0d1 for 167549ms
2019-09-10 18:40:51,264 [org.apache.ratis.server.impl.LogAppender$AppenderDaemon$$Lambda$491/1891770971@c58b2d9] ERROR ratis.XceiverServerRatis (XceiverServerRatis.java:triggerPipelineClose(575)) - pipeline Action CLOSE  on pipeline PipelineID=7bf794f4-70ce-4b1b-9a52-5cc95cfbf3db.Reason : b72696e0-9c4e-4740-8bcd-ca4650f90538 has not seen follower/s 4d5e76d1-94b4-4344-b272-620ca499a368 for 167551ms a2905edf-b9c1-421a-8807-b5d3e2a2f0d1 for 167550ms
2019-09-10 18:40:51,762 [java.util.concurrent.ThreadPoolExecutor$Worker@38b49b[State = -1, empty queue]] WARN  server.GrpcLogAppender (GrpcLogAppender.java:timeoutAppendRequest(200)) - b72696e0-9c4e-4740-8bcd-ca4650f90538@group-5CC95CFBF3DB->a2905edf-b9c1-421a-8807-b5d3e2a2f0d1-GrpcLogAppender: appendEntries Timeout, request=b72696e0-9c4e-4740-8bcd-ca4650f90538->a2905edf-b9c1-421a-8807-b5d3e2a2f0d1#80-t1, previous=(t:1, i:14), leaderCommit=10, initializing? false, entries: <empty>
2019-09-10 18:40:51,763 [java.util.concurrent.ThreadPoolExecutor$Worker@2ca0dbdc[State = -1, empty queue]] WARN  server.GrpcLogAppender (GrpcLogAppender.java:timeoutAppendRequest(200)) - b72696e0-9c4e-4740-8bcd-ca4650f90538@group-5CC95CFBF3DB->4d5e76d1-94b4-4344-b272-620ca499a368-GrpcLogAppender: appendEntries Timeout, request=b72696e0-9c4e-4740-8bcd-ca4650f90538->4d5e76d1-94b4-4344-b272-620ca499a368#80-t1, previous=(t:1, i:14), leaderCommit=10, initializing? false, entries: <empty>
2019-09-10 18:40:52,249 [EventQueue-PipelineActionsForPipelineActionHandler] ERROR pipeline.PipelineActionHandler (PipelineActionHandler.java:onMessage(60)) - Received pipeline action CLOSE for Pipeline[ Id: 7bf794f4-70ce-4b1b-9a52-5cc95cfbf3db, Nodes: 4d5e76d1-94b4-4344-b272-620ca499a368{ip: 192.168.5.139, host: pr-hdds-1786-trunk-k6rzm-1803654198, networkLocation: /default-rack, certSerialId: null}b72696e0-9c4e-4740-8bcd-ca4650f90538{ip: 192.168.5.139, host: pr-hdds-1786-trunk-k6rzm-1803654198, networkLocation: /default-rack, certSerialId: null}a2905edf-b9c1-421a-8807-b5d3e2a2f0d1{ip: 192.168.5.139, host: pr-hdds-1786-trunk-k6rzm-1803654198, networkLocation: /default-rack, certSerialId: null}, Type:RATIS, Factor:THREE, State:CLOSED] from datanode b72696e0-9c4e-4740-8bcd-ca4650f90538{ip: 192.168.5.139, host: pr-hdds-1786-trunk-k6rzm-1803654198, networkLocation: /default-rack, certSerialId: null}. Reason : b72696e0-9c4e-4740-8bcd-ca4650f90538 has not seen follower/s 4d5e76d1-94b4-4344-b272-620ca499a368 for 167550ms a2905edf-b9c1-421a-8807-b5d3e2a2f0d1 for 167549ms
2019-09-10 18:40:52,249 [EventQueue-PipelineActionsForPipelineActionHandler] INFO  pipeline.SCMPipelineManager (SCMPipelineManager.java:finalizeAndDestroyPipeline(311)) - destroying pipeline:Pipeline[ Id: 7bf794f4-70ce-4b1b-9a52-5cc95cfbf3db, Nodes: 4d5e76d1-94b4-4344-b272-620ca499a368{ip: 192.168.5.139, host: pr-hdds-1786-trunk-k6rzm-1803654198, networkLocation: /default-rack, certSerialId: null}b72696e0-9c4e-4740-8bcd-ca4650f90538{ip: 192.168.5.139, host: pr-hdds-1786-trunk-k6rzm-1803654198, networkLocation: /default-rack, certSerialId: null}a2905edf-b9c1-421a-8807-b5d3e2a2f0d1{ip: 192.168.5.139, host: pr-hdds-1786-trunk-k6rzm-1803654198, networkLocation: /default-rack, certSerialId: null}, Type:RATIS, Factor:THREE, State:CLOSED]
2019-09-10 18:40:53,764 [org.apache.ratis.server.impl.LogAppender$AppenderDaemon$$Lambda$491/1891770971@2b461a73] ERROR ratis.XceiverServerRatis (XceiverServerRatis.java:triggerPipelineClose(575)) - pipeline Action CLOSE  on pipeline PipelineID=7bf794f4-70ce-4b1b-9a52-5cc95cfbf3db.Reason : b72696e0-9c4e-4740-8bcd-ca4650f90538 has not seen follower/s 4d5e76d1-94b4-4344-b272-620ca499a368 for 170051ms a2905edf-b9c1-421a-8807-b5d3e2a2f0d1 for 170050ms
2019-09-10 18:40:53,764 [org.apache.ratis.server.impl.LogAppender$AppenderDaemon$$Lambda$491/1891770971@c58b2d9] ERROR ratis.XceiverServerRatis (XceiverServerRatis.java:triggerPipelineClose(575)) - pipeline Action CLOSE  on pipeline PipelineID=7bf794f4-70ce-4b1b-9a52-5cc95cfbf3db.Reason : b72696e0-9c4e-4740-8bcd-ca4650f90538 has not seen follower/s 4d5e76d1-94b4-4344-b272-620ca499a368 for 170052ms a2905edf-b9c1-421a-8807-b5d3e2a2f0d1 for 170050ms
2019-09-10 18:40:54,228 [4d5e76d1-94b4-4344-b272-620ca499a368@group-5CC95CFBF3DB-SegmentedRaftLogWorker] WARN  segmented.SegmentedRaftLogWorker (SegmentedRaftLogWorker.java:getFromFuture(90)) - Timeout 16/~
org.apache.ratis.protocol.TimeoutIOException: Timeout 10s: WriteLog:12: (t:1, i:12), STATEMACHINELOGENTRY, client-1CFF480DE3DE, cid=22-writeStateMachineData
	at org.apache.ratis.util.IOUtils.getFromFuture(IOUtils.java:87)
	at org.apache.ratis.server.raftlog.segmented.SegmentedRaftLogWorker$StateMachineDataPolicy.getFromFuture(SegmentedRaftLogWorker.java:87)
	at org.apache.ratis.server.raftlog.segmented.SegmentedRaftLogWorker$WriteLog.execute(SegmentedRaftLogWorker.java:477)
	at org.apache.ratis.server.raftlog.segmented.SegmentedRaftLogWorker.run(SegmentedRaftLogWorker.java:289)
	at java.lang.Thread.run(Thread.java:748)
Caused by: java.util.concurrent.TimeoutException
	at java.util.concurrent.CompletableFuture.timedGet(CompletableFuture.java:1771)
	at java.util.concurrent.CompletableFuture.get(CompletableFuture.java:1915)
	at org.apache.ratis.util.IOUtils.getFromFuture(IOUtils.java:79)
	... 4 more
2019-09-10 18:40:54,249 [EventQueue-PipelineActionsForPipelineActionHandler] ERROR pipeline.PipelineActionHandler (PipelineActionHandler.java:onMessage(60)) - Received pipeline action CLOSE for Pipeline[ Id: 7bf794f4-70ce-4b1b-9a52-5cc95cfbf3db, Nodes: 4d5e76d1-94b4-4344-b272-620ca499a368{ip: 192.168.5.139, host: pr-hdds-1786-trunk-k6rzm-1803654198, networkLocation: /default-rack, certSerialId: null}b72696e0-9c4e-4740-8bcd-ca4650f90538{ip: 192.168.5.139, host: pr-hdds-1786-trunk-k6rzm-1803654198, networkLocation: /default-rack, certSerialId: null}a2905edf-b9c1-421a-8807-b5d3e2a2f0d1{ip: 192.168.5.139, host: pr-hdds-1786-trunk-k6rzm-1803654198, networkLocation: /default-rack, certSerialId: null}, Type:RATIS, Factor:THREE, State:CLOSED] from datanode b72696e0-9c4e-4740-8bcd-ca4650f90538{ip: 192.168.5.139, host: pr-hdds-1786-trunk-k6rzm-1803654198, networkLocation: /default-rack, certSerialId: null}. Reason : b72696e0-9c4e-4740-8bcd-ca4650f90538 has not seen follower/s 4d5e76d1-94b4-4344-b272-620ca499a368 for 170051ms a2905edf-b9c1-421a-8807-b5d3e2a2f0d1 for 170050ms
2019-09-10 18:40:54,249 [EventQueue-PipelineActionsForPipelineActionHandler] INFO  pipeline.SCMPipelineManager (SCMPipelineManager.java:finalizeAndDestroyPipeline(311)) - destroying pipeline:Pipeline[ Id: 7bf794f4-70ce-4b1b-9a52-5cc95cfbf3db, Nodes: 4d5e76d1-94b4-4344-b272-620ca499a368{ip: 192.168.5.139, host: pr-hdds-1786-trunk-k6rzm-1803654198, networkLocation: /default-rack, certSerialId: null}b72696e0-9c4e-4740-8bcd-ca4650f90538{ip: 192.168.5.139, host: pr-hdds-1786-trunk-k6rzm-1803654198, networkLocation: /default-rack, certSerialId: null}a2905edf-b9c1-421a-8807-b5d3e2a2f0d1{ip: 192.168.5.139, host: pr-hdds-1786-trunk-k6rzm-1803654198, networkLocation: /default-rack, certSerialId: null}, Type:RATIS, Factor:THREE, State:CLOSED]
2019-09-10 18:40:54,263 [java.util.concurrent.ThreadPoolExecutor$Worker@38b49b[State = -1, empty queue]] WARN  server.GrpcLogAppender (GrpcLogAppender.java:timeoutAppendRequest(200)) - b72696e0-9c4e-4740-8bcd-ca4650f90538@group-5CC95CFBF3DB->a2905edf-b9c1-421a-8807-b5d3e2a2f0d1-GrpcLogAppender: appendEntries Timeout, request=b72696e0-9c4e-4740-8bcd-ca4650f90538->a2905edf-b9c1-421a-8807-b5d3e2a2f0d1#81-t1, previous=(t:1, i:14), leaderCommit=10, initializing? false, entries: <empty>
2019-09-10 18:40:54,264 [java.util.concurrent.ThreadPoolExecutor$Worker@2ca0dbdc[State = -1, empty queue]] WARN  server.GrpcLogAppender (GrpcLogAppender.java:timeoutAppendRequest(200)) - b72696e0-9c4e-4740-8bcd-ca4650f90538@group-5CC95CFBF3DB->4d5e76d1-94b4-4344-b272-620ca499a368-GrpcLogAppender: appendEntries Timeout, request=b72696e0-9c4e-4740-8bcd-ca4650f90538->4d5e76d1-94b4-4344-b272-620ca499a368#81-t1, previous=(t:1, i:14), leaderCommit=10, initializing? false, entries: <empty>
2019-09-10 18:40:54,275 [b72696e0-9c4e-4740-8bcd-ca4650f90538@group-5CC95CFBF3DB-SegmentedRaftLogWorker] WARN  segmented.SegmentedRaftLogWorker (SegmentedRaftLogWorker.java:getFromFuture(90)) - Timeout 16/~
org.apache.ratis.protocol.TimeoutIOException: Timeout 10s: WriteLog:12: (t:1, i:12), STATEMACHINELOGENTRY, client-1CFF480DE3DE, cid=22-writeStateMachineData
	at org.apache.ratis.util.IOUtils.getFromFuture(IOUtils.java:87)
	at org.apache.ratis.server.raftlog.segmented.SegmentedRaftLogWorker$StateMachineDataPolicy.getFromFuture(SegmentedRaftLogWorker.java:87)
	at org.apache.ratis.server.raftlog.segmented.SegmentedRaftLogWorker$WriteLog.execute(SegmentedRaftLogWorker.java:477)
	at org.apache.ratis.server.raftlog.segmented.SegmentedRaftLogWorker.run(SegmentedRaftLogWorker.java:289)
	at java.lang.Thread.run(Thread.java:748)
Caused by: java.util.concurrent.TimeoutException
	at java.util.concurrent.CompletableFuture.timedGet(CompletableFuture.java:1771)
	at java.util.concurrent.CompletableFuture.get(CompletableFuture.java:1915)
	at org.apache.ratis.util.IOUtils.getFromFuture(IOUtils.java:79)
	... 4 more
2019-09-10 18:40:54,276 [a2905edf-b9c1-421a-8807-b5d3e2a2f0d1@group-5CC95CFBF3DB-SegmentedRaftLogWorker] WARN  segmented.SegmentedRaftLogWorker (SegmentedRaftLogWorker.java:getFromFuture(90)) - Timeout 16/~
org.apache.ratis.protocol.TimeoutIOException: Timeout 10s: WriteLog:12: (t:1, i:12), STATEMACHINELOGENTRY, client-1CFF480DE3DE, cid=22-writeStateMachineData
	at org.apache.ratis.util.IOUtils.getFromFuture(IOUtils.java:87)
	at org.apache.ratis.server.raftlog.segmented.SegmentedRaftLogWorker$StateMachineDataPolicy.getFromFuture(SegmentedRaftLogWorker.java:87)
	at org.apache.ratis.server.raftlog.segmented.SegmentedRaftLogWorker$WriteLog.execute(SegmentedRaftLogWorker.java:477)
	at org.apache.ratis.server.raftlog.segmented.SegmentedRaftLogWorker.run(SegmentedRaftLogWorker.java:289)
	at java.lang.Thread.run(Thread.java:748)
Caused by: java.util.concurrent.TimeoutException
	at java.util.concurrent.CompletableFuture.timedGet(CompletableFuture.java:1771)
	at java.util.concurrent.CompletableFuture.get(CompletableFuture.java:1915)
	at org.apache.ratis.util.IOUtils.getFromFuture(IOUtils.java:79)
	... 4 more
2019-09-10 18:40:56,117 [grpc-default-executor-2] INFO  client.GrpcClientProtocolClient (GrpcClientProtocolClient.java:onNext(264)) - client-1CFF480DE3DE->4d5e76d1-94b4-4344-b272-620ca499a368: receive RaftClientReply:client-1CFF480DE3DE->4d5e76d1-94b4-4344-b272-620ca499a368@group-5CC95CFBF3DB, cid=21, FAILED org.apache.ratis.protocol.NotLeaderException: Server 4d5e76d1-94b4-4344-b272-620ca499a368@group-5CC95CFBF3DB is not the leader b72696e0-9c4e-4740-8bcd-ca4650f90538:192.168.5.139:36803, logIndex=0, commits[4d5e76d1-94b4-4344-b272-620ca499a368:c10, b72696e0-9c4e-4740-8bcd-ca4650f90538:c10, a2905edf-b9c1-421a-8807-b5d3e2a2f0d1:c6]
2019-09-10 18:40:56,265 [org.apache.ratis.server.impl.LogAppender$AppenderDaemon$$Lambda$491/1891770971@2b461a73] ERROR ratis.XceiverServerRatis (XceiverServerRatis.java:triggerPipelineClose(575)) - pipeline Action CLOSE  on pipeline PipelineID=7bf794f4-70ce-4b1b-9a52-5cc95cfbf3db.Reason : b72696e0-9c4e-4740-8bcd-ca4650f90538 has not seen follower/s 4d5e76d1-94b4-4344-b272-620ca499a368 for 172552ms a2905edf-b9c1-421a-8807-b5d3e2a2f0d1 for 172551ms
2019-09-10 18:40:56,265 [org.apache.ratis.server.impl.LogAppender$AppenderDaemon$$Lambda$491/1891770971@c58b2d9] ERROR ratis.XceiverServerRatis (XceiverServerRatis.java:triggerPipelineClose(575)) - pipeline Action CLOSE  on pipeline PipelineID=7bf794f4-70ce-4b1b-9a52-5cc95cfbf3db.Reason : b72696e0-9c4e-4740-8bcd-ca4650f90538 has not seen follower/s 4d5e76d1-94b4-4344-b272-620ca499a368 for 172552ms a2905edf-b9c1-421a-8807-b5d3e2a2f0d1 for 172551ms
2019-09-10 18:40:56,764 [java.util.concurrent.ThreadPoolExecutor$Worker@38b49b[State = -1, empty queue]] WARN  server.GrpcLogAppender (GrpcLogAppender.java:timeoutAppendRequest(200)) - b72696e0-9c4e-4740-8bcd-ca4650f90538@group-5CC95CFBF3DB->a2905edf-b9c1-421a-8807-b5d3e2a2f0d1-GrpcLogAppender: appendEntries Timeout, request=b72696e0-9c4e-4740-8bcd-ca4650f90538->a2905edf-b9c1-421a-8807-b5d3e2a2f0d1#82-t1, previous=(t:1, i:14), leaderCommit=10, initializing? false, entries: <empty>
2019-09-10 18:40:56,764 [java.util.concurrent.ThreadPoolExecutor$Worker@2ca0dbdc[State = -1, empty queue]] WARN  server.GrpcLogAppender (GrpcLogAppender.java:timeoutAppendRequest(200)) - b72696e0-9c4e-4740-8bcd-ca4650f90538@group-5CC95CFBF3DB->4d5e76d1-94b4-4344-b272-620ca499a368-GrpcLogAppender: appendEntries Timeout, request=b72696e0-9c4e-4740-8bcd-ca4650f90538->4d5e76d1-94b4-4344-b272-620ca499a368#82-t1, previous=(t:1, i:14), leaderCommit=10, initializing? false, entries: <empty>
2019-09-10 18:40:57,250 [EventQueue-PipelineActionsForPipelineActionHandler] ERROR pipeline.PipelineActionHandler (PipelineActionHandler.java:onMessage(60)) - Received pipeline action CLOSE for Pipeline[ Id: 7bf794f4-70ce-4b1b-9a52-5cc95cfbf3db, Nodes: 4d5e76d1-94b4-4344-b272-620ca499a368{ip: 192.168.5.139, host: pr-hdds-1786-trunk-k6rzm-1803654198, networkLocation: /default-rack, certSerialId: null}b72696e0-9c4e-4740-8bcd-ca4650f90538{ip: 192.168.5.139, host: pr-hdds-1786-trunk-k6rzm-1803654198, networkLocation: /default-rack, certSerialId: null}a2905edf-b9c1-421a-8807-b5d3e2a2f0d1{ip: 192.168.5.139, host: pr-hdds-1786-trunk-k6rzm-1803654198, networkLocation: /default-rack, certSerialId: null}, Type:RATIS, Factor:THREE, State:CLOSED] from datanode b72696e0-9c4e-4740-8bcd-ca4650f90538{ip: 192.168.5.139, host: pr-hdds-1786-trunk-k6rzm-1803654198, networkLocation: /default-rack, certSerialId: null}. Reason : b72696e0-9c4e-4740-8bcd-ca4650f90538 has not seen follower/s 4d5e76d1-94b4-4344-b272-620ca499a368 for 172552ms a2905edf-b9c1-421a-8807-b5d3e2a2f0d1 for 172551ms
2019-09-10 18:40:57,250 [EventQueue-PipelineActionsForPipelineActionHandler] INFO  pipeline.SCMPipelineManager (SCMPipelineManager.java:finalizeAndDestroyPipeline(311)) - destroying pipeline:Pipeline[ Id: 7bf794f4-70ce-4b1b-9a52-5cc95cfbf3db, Nodes: 4d5e76d1-94b4-4344-b272-620ca499a368{ip: 192.168.5.139, host: pr-hdds-1786-trunk-k6rzm-1803654198, networkLocation: /default-rack, certSerialId: null}b72696e0-9c4e-4740-8bcd-ca4650f90538{ip: 192.168.5.139, host: pr-hdds-1786-trunk-k6rzm-1803654198, networkLocation: /default-rack, certSerialId: null}a2905edf-b9c1-421a-8807-b5d3e2a2f0d1{ip: 192.168.5.139, host: pr-hdds-1786-trunk-k6rzm-1803654198, networkLocation: /default-rack, certSerialId: null}, Type:RATIS, Factor:THREE, State:CLOSED]
2019-09-10 18:40:58,767 [org.apache.ratis.server.impl.LogAppender$AppenderDaemon$$Lambda$491/1891770971@c58b2d9] ERROR ratis.XceiverServerRatis (XceiverServerRatis.java:triggerPipelineClose(575)) - pipeline Action CLOSE  on pipeline PipelineID=7bf794f4-70ce-4b1b-9a52-5cc95cfbf3db.Reason : b72696e0-9c4e-4740-8bcd-ca4650f90538 has not seen follower/s 4d5e76d1-94b4-4344-b272-620ca499a368 for 175054ms a2905edf-b9c1-421a-8807-b5d3e2a2f0d1 for 175052ms
2019-09-10 18:40:58,767 [org.apache.ratis.server.impl.LogAppender$AppenderDaemon$$Lambda$491/1891770971@2b461a73] ERROR ratis.XceiverServerRatis (XceiverServerRatis.java:triggerPipelineClose(575)) - pipeline Action CLOSE  on pipeline PipelineID=7bf794f4-70ce-4b1b-9a52-5cc95cfbf3db.Reason : b72696e0-9c4e-4740-8bcd-ca4650f90538 has not seen follower/s 4d5e76d1-94b4-4344-b272-620ca499a368 for 175054ms a2905edf-b9c1-421a-8807-b5d3e2a2f0d1 for 175053ms
2019-09-10 18:40:59,251 [EventQueue-PipelineActionsForPipelineActionHandler] ERROR pipeline.PipelineActionHandler (PipelineActionHandler.java:onMessage(60)) - Received pipeline action CLOSE for Pipeline[ Id: 7bf794f4-70ce-4b1b-9a52-5cc95cfbf3db, Nodes: 4d5e76d1-94b4-4344-b272-620ca499a368{ip: 192.168.5.139, host: pr-hdds-1786-trunk-k6rzm-1803654198, networkLocation: /default-rack, certSerialId: null}b72696e0-9c4e-4740-8bcd-ca4650f90538{ip: 192.168.5.139, host: pr-hdds-1786-trunk-k6rzm-1803654198, networkLocation: /default-rack, certSerialId: null}a2905edf-b9c1-421a-8807-b5d3e2a2f0d1{ip: 192.168.5.139, host: pr-hdds-1786-trunk-k6rzm-1803654198, networkLocation: /default-rack, certSerialId: null}, Type:RATIS, Factor:THREE, State:CLOSED] from datanode b72696e0-9c4e-4740-8bcd-ca4650f90538{ip: 192.168.5.139, host: pr-hdds-1786-trunk-k6rzm-1803654198, networkLocation: /default-rack, certSerialId: null}. Reason : b72696e0-9c4e-4740-8bcd-ca4650f90538 has not seen follower/s 4d5e76d1-94b4-4344-b272-620ca499a368 for 175054ms a2905edf-b9c1-421a-8807-b5d3e2a2f0d1 for 175052ms
2019-09-10 18:40:59,252 [EventQueue-PipelineActionsForPipelineActionHandler] INFO  pipeline.SCMPipelineManager (SCMPipelineManager.java:finalizeAndDestroyPipeline(311)) - destroying pipeline:Pipeline[ Id: 7bf794f4-70ce-4b1b-9a52-5cc95cfbf3db, Nodes: 4d5e76d1-94b4-4344-b272-620ca499a368{ip: 192.168.5.139, host: pr-hdds-1786-trunk-k6rzm-1803654198, networkLocation: /default-rack, certSerialId: null}b72696e0-9c4e-4740-8bcd-ca4650f90538{ip: 192.168.5.139, host: pr-hdds-1786-trunk-k6rzm-1803654198, networkLocation: /default-rack, certSerialId: null}a2905edf-b9c1-421a-8807-b5d3e2a2f0d1{ip: 192.168.5.139, host: pr-hdds-1786-trunk-k6rzm-1803654198, networkLocation: /default-rack, certSerialId: null}, Type:RATIS, Factor:THREE, State:CLOSED]
2019-09-10 18:40:59,265 [java.util.concurrent.ThreadPoolExecutor$Worker@38b49b[State = -1, empty queue]] WARN  server.GrpcLogAppender (GrpcLogAppender.java:timeoutAppendRequest(200)) - b72696e0-9c4e-4740-8bcd-ca4650f90538@group-5CC95CFBF3DB->a2905edf-b9c1-421a-8807-b5d3e2a2f0d1-GrpcLogAppender: appendEntries Timeout, request=b72696e0-9c4e-4740-8bcd-ca4650f90538->a2905edf-b9c1-421a-8807-b5d3e2a2f0d1#83-t1, previous=(t:1, i:14), leaderCommit=10, initializing? false, entries: <empty>
2019-09-10 18:40:59,265 [java.util.concurrent.ThreadPoolExecutor$Worker@2ca0dbdc[State = -1, empty queue]] WARN  server.GrpcLogAppender (GrpcLogAppender.java:timeoutAppendRequest(200)) - b72696e0-9c4e-4740-8bcd-ca4650f90538@group-5CC95CFBF3DB->4d5e76d1-94b4-4344-b272-620ca499a368-GrpcLogAppender: appendEntries Timeout, request=b72696e0-9c4e-4740-8bcd-ca4650f90538->4d5e76d1-94b4-4344-b272-620ca499a368#83-t1, previous=(t:1, i:14), leaderCommit=10, initializing? false, entries: <empty>
2019-09-10 18:41:01,163 [grpc-default-executor-2] INFO  client.GrpcClientProtocolClient (GrpcClientProtocolClient.java:onNext(264)) - client-1CFF480DE3DE->a2905edf-b9c1-421a-8807-b5d3e2a2f0d1: receive RaftClientReply:client-1CFF480DE3DE->a2905edf-b9c1-421a-8807-b5d3e2a2f0d1@group-5CC95CFBF3DB, cid=21, FAILED org.apache.ratis.protocol.NotLeaderException: Server a2905edf-b9c1-421a-8807-b5d3e2a2f0d1@group-5CC95CFBF3DB is not the leader b72696e0-9c4e-4740-8bcd-ca4650f90538:192.168.5.139:36803, logIndex=0, commits[a2905edf-b9c1-421a-8807-b5d3e2a2f0d1:c10, b72696e0-9c4e-4740-8bcd-ca4650f90538:c10, 4d5e76d1-94b4-4344-b272-620ca499a368:c6]
2019-09-10 18:41:01,267 [org.apache.ratis.server.impl.LogAppender$AppenderDaemon$$Lambda$491/1891770971@c58b2d9] ERROR ratis.XceiverServerRatis (XceiverServerRatis.java:triggerPipelineClose(575)) - pipeline Action CLOSE  on pipeline PipelineID=7bf794f4-70ce-4b1b-9a52-5cc95cfbf3db.Reason : b72696e0-9c4e-4740-8bcd-ca4650f90538 has not seen follower/s 4d5e76d1-94b4-4344-b272-620ca499a368 for 177554ms a2905edf-b9c1-421a-8807-b5d3e2a2f0d1 for 177553ms
2019-09-10 18:41:01,267 [org.apache.ratis.server.impl.LogAppender$AppenderDaemon$$Lambda$491/1891770971@2b461a73] ERROR ratis.XceiverServerRatis (XceiverServerRatis.java:triggerPipelineClose(575)) - pipeline Action CLOSE  on pipeline PipelineID=7bf794f4-70ce-4b1b-9a52-5cc95cfbf3db.Reason : b72696e0-9c4e-4740-8bcd-ca4650f90538 has not seen follower/s 4d5e76d1-94b4-4344-b272-620ca499a368 for 177555ms a2905edf-b9c1-421a-8807-b5d3e2a2f0d1 for 177553ms
2019-09-10 18:41:01,766 [java.util.concurrent.ThreadPoolExecutor$Worker@2ca0dbdc[State = -1, empty queue]] WARN  server.GrpcLogAppender (GrpcLogAppender.java:timeoutAppendRequest(200)) - b72696e0-9c4e-4740-8bcd-ca4650f90538@group-5CC95CFBF3DB->4d5e76d1-94b4-4344-b272-620ca499a368-GrpcLogAppender: appendEntries Timeout, request=b72696e0-9c4e-4740-8bcd-ca4650f90538->4d5e76d1-94b4-4344-b272-620ca499a368#84-t1, previous=(t:1, i:14), leaderCommit=10, initializing? false, entries: <empty>
2019-09-10 18:41:01,766 [java.util.concurrent.ThreadPoolExecutor$Worker@38b49b[State = -1, empty queue]] WARN  server.GrpcLogAppender (GrpcLogAppender.java:timeoutAppendRequest(200)) - b72696e0-9c4e-4740-8bcd-ca4650f90538@group-5CC95CFBF3DB->a2905edf-b9c1-421a-8807-b5d3e2a2f0d1-GrpcLogAppender: appendEntries Timeout, request=b72696e0-9c4e-4740-8bcd-ca4650f90538->a2905edf-b9c1-421a-8807-b5d3e2a2f0d1#84-t1, previous=(t:1, i:14), leaderCommit=10, initializing? false, entries: <empty>
2019-09-10 18:41:02,250 [EventQueue-PipelineActionsForPipelineActionHandler] ERROR pipeline.PipelineActionHandler (PipelineActionHandler.java:onMessage(60)) - Received pipeline action CLOSE for Pipeline[ Id: 7bf794f4-70ce-4b1b-9a52-5cc95cfbf3db, Nodes: 4d5e76d1-94b4-4344-b272-620ca499a368{ip: 192.168.5.139, host: pr-hdds-1786-trunk-k6rzm-1803654198, networkLocation: /default-rack, certSerialId: null}b72696e0-9c4e-4740-8bcd-ca4650f90538{ip: 192.168.5.139, host: pr-hdds-1786-trunk-k6rzm-1803654198, networkLocation: /default-rack, certSerialId: null}a2905edf-b9c1-421a-8807-b5d3e2a2f0d1{ip: 192.168.5.139, host: pr-hdds-1786-trunk-k6rzm-1803654198, networkLocation: /default-rack, certSerialId: null}, Type:RATIS, Factor:THREE, State:CLOSED] from datanode b72696e0-9c4e-4740-8bcd-ca4650f90538{ip: 192.168.5.139, host: pr-hdds-1786-trunk-k6rzm-1803654198, networkLocation: /default-rack, certSerialId: null}. Reason : b72696e0-9c4e-4740-8bcd-ca4650f90538 has not seen follower/s 4d5e76d1-94b4-4344-b272-620ca499a368 for 177554ms a2905edf-b9c1-421a-8807-b5d3e2a2f0d1 for 177553ms
2019-09-10 18:41:02,250 [EventQueue-PipelineActionsForPipelineActionHandler] INFO  pipeline.SCMPipelineManager (SCMPipelineManager.java:finalizeAndDestroyPipeline(311)) - destroying pipeline:Pipeline[ Id: 7bf794f4-70ce-4b1b-9a52-5cc95cfbf3db, Nodes: 4d5e76d1-94b4-4344-b272-620ca499a368{ip: 192.168.5.139, host: pr-hdds-1786-trunk-k6rzm-1803654198, networkLocation: /default-rack, certSerialId: null}b72696e0-9c4e-4740-8bcd-ca4650f90538{ip: 192.168.5.139, host: pr-hdds-1786-trunk-k6rzm-1803654198, networkLocation: /default-rack, certSerialId: null}a2905edf-b9c1-421a-8807-b5d3e2a2f0d1{ip: 192.168.5.139, host: pr-hdds-1786-trunk-k6rzm-1803654198, networkLocation: /default-rack, certSerialId: null}, Type:RATIS, Factor:THREE, State:CLOSED]
2019-09-10 18:41:03,769 [org.apache.ratis.server.impl.LogAppender$AppenderDaemon$$Lambda$491/1891770971@2b461a73] ERROR ratis.XceiverServerRatis (XceiverServerRatis.java:triggerPipelineClose(575)) - pipeline Action CLOSE  on pipeline PipelineID=7bf794f4-70ce-4b1b-9a52-5cc95cfbf3db.Reason : b72696e0-9c4e-4740-8bcd-ca4650f90538 has not seen follower/s 4d5e76d1-94b4-4344-b272-620ca499a368 for 180056ms a2905edf-b9c1-421a-8807-b5d3e2a2f0d1 for 180055ms
2019-09-10 18:41:03,769 [org.apache.ratis.server.impl.LogAppender$AppenderDaemon$$Lambda$491/1891770971@c58b2d9] ERROR ratis.XceiverServerRatis (XceiverServerRatis.java:triggerPipelineClose(575)) - pipeline Action CLOSE  on pipeline PipelineID=7bf794f4-70ce-4b1b-9a52-5cc95cfbf3db.Reason : b72696e0-9c4e-4740-8bcd-ca4650f90538 has not seen follower/s 4d5e76d1-94b4-4344-b272-620ca499a368 for 180056ms a2905edf-b9c1-421a-8807-b5d3e2a2f0d1 for 180055ms
2019-09-10 18:41:04,229 [4d5e76d1-94b4-4344-b272-620ca499a368@group-5CC95CFBF3DB-SegmentedRaftLogWorker] WARN  segmented.SegmentedRaftLogWorker (SegmentedRaftLogWorker.java:getFromFuture(90)) - Timeout 17/~
org.apache.ratis.protocol.TimeoutIOException: Timeout 10s: WriteLog:12: (t:1, i:12), STATEMACHINELOGENTRY, client-1CFF480DE3DE, cid=22-writeStateMachineData
	at org.apache.ratis.util.IOUtils.getFromFuture(IOUtils.java:87)
	at org.apache.ratis.server.raftlog.segmented.SegmentedRaftLogWorker$StateMachineDataPolicy.getFromFuture(SegmentedRaftLogWorker.java:87)
	at org.apache.ratis.server.raftlog.segmented.SegmentedRaftLogWorker$WriteLog.execute(SegmentedRaftLogWorker.java:477)
	at org.apache.ratis.server.raftlog.segmented.SegmentedRaftLogWorker.run(SegmentedRaftLogWorker.java:289)
	at java.lang.Thread.run(Thread.java:748)
Caused by: java.util.concurrent.TimeoutException
	at java.util.concurrent.CompletableFuture.timedGet(CompletableFuture.java:1771)
	at java.util.concurrent.CompletableFuture.get(CompletableFuture.java:1915)
	at org.apache.ratis.util.IOUtils.getFromFuture(IOUtils.java:79)
	... 4 more
2019-09-10 18:41:04,251 [EventQueue-PipelineActionsForPipelineActionHandler] ERROR pipeline.PipelineActionHandler (PipelineActionHandler.java:onMessage(60)) - Received pipeline action CLOSE for Pipeline[ Id: 7bf794f4-70ce-4b1b-9a52-5cc95cfbf3db, Nodes: 4d5e76d1-94b4-4344-b272-620ca499a368{ip: 192.168.5.139, host: pr-hdds-1786-trunk-k6rzm-1803654198, networkLocation: /default-rack, certSerialId: null}b72696e0-9c4e-4740-8bcd-ca4650f90538{ip: 192.168.5.139, host: pr-hdds-1786-trunk-k6rzm-1803654198, networkLocation: /default-rack, certSerialId: null}a2905edf-b9c1-421a-8807-b5d3e2a2f0d1{ip: 192.168.5.139, host: pr-hdds-1786-trunk-k6rzm-1803654198, networkLocation: /default-rack, certSerialId: null}, Type:RATIS, Factor:THREE, State:CLOSED] from datanode b72696e0-9c4e-4740-8bcd-ca4650f90538{ip: 192.168.5.139, host: pr-hdds-1786-trunk-k6rzm-1803654198, networkLocation: /default-rack, certSerialId: null}. Reason : b72696e0-9c4e-4740-8bcd-ca4650f90538 has not seen follower/s 4d5e76d1-94b4-4344-b272-620ca499a368 for 180056ms a2905edf-b9c1-421a-8807-b5d3e2a2f0d1 for 180055ms
2019-09-10 18:41:04,251 [EventQueue-PipelineActionsForPipelineActionHandler] INFO  pipeline.SCMPipelineManager (SCMPipelineManager.java:finalizeAndDestroyPipeline(311)) - destroying pipeline:Pipeline[ Id: 7bf794f4-70ce-4b1b-9a52-5cc95cfbf3db, Nodes: 4d5e76d1-94b4-4344-b272-620ca499a368{ip: 192.168.5.139, host: pr-hdds-1786-trunk-k6rzm-1803654198, networkLocation: /default-rack, certSerialId: null}b72696e0-9c4e-4740-8bcd-ca4650f90538{ip: 192.168.5.139, host: pr-hdds-1786-trunk-k6rzm-1803654198, networkLocation: /default-rack, certSerialId: null}a2905edf-b9c1-421a-8807-b5d3e2a2f0d1{ip: 192.168.5.139, host: pr-hdds-1786-trunk-k6rzm-1803654198, networkLocation: /default-rack, certSerialId: null}, Type:RATIS, Factor:THREE, State:CLOSED]
2019-09-10 18:41:04,267 [java.util.concurrent.ThreadPoolExecutor$Worker@2ca0dbdc[State = -1, empty queue]] WARN  server.GrpcLogAppender (GrpcLogAppender.java:timeoutAppendRequest(200)) - b72696e0-9c4e-4740-8bcd-ca4650f90538@group-5CC95CFBF3DB->4d5e76d1-94b4-4344-b272-620ca499a368-GrpcLogAppender: appendEntries Timeout, request=b72696e0-9c4e-4740-8bcd-ca4650f90538->4d5e76d1-94b4-4344-b272-620ca499a368#85-t1, previous=(t:1, i:14), leaderCommit=10, initializing? false, entries: <empty>
2019-09-10 18:41:04,267 [java.util.concurrent.ThreadPoolExecutor$Worker@38b49b[State = -1, empty queue]] WARN  server.GrpcLogAppender (GrpcLogAppender.java:timeoutAppendRequest(200)) - b72696e0-9c4e-4740-8bcd-ca4650f90538@group-5CC95CFBF3DB->a2905edf-b9c1-421a-8807-b5d3e2a2f0d1-GrpcLogAppender: appendEntries Timeout, request=b72696e0-9c4e-4740-8bcd-ca4650f90538->a2905edf-b9c1-421a-8807-b5d3e2a2f0d1#85-t1, previous=(t:1, i:14), leaderCommit=10, initializing? false, entries: <empty>
2019-09-10 18:41:04,276 [b72696e0-9c4e-4740-8bcd-ca4650f90538@group-5CC95CFBF3DB-SegmentedRaftLogWorker] WARN  segmented.SegmentedRaftLogWorker (SegmentedRaftLogWorker.java:getFromFuture(90)) - Timeout 17/~
org.apache.ratis.protocol.TimeoutIOException: Timeout 10s: WriteLog:12: (t:1, i:12), STATEMACHINELOGENTRY, client-1CFF480DE3DE, cid=22-writeStateMachineData
	at org.apache.ratis.util.IOUtils.getFromFuture(IOUtils.java:87)
	at org.apache.ratis.server.raftlog.segmented.SegmentedRaftLogWorker$StateMachineDataPolicy.getFromFuture(SegmentedRaftLogWorker.java:87)
	at org.apache.ratis.server.raftlog.segmented.SegmentedRaftLogWorker$WriteLog.execute(SegmentedRaftLogWorker.java:477)
	at org.apache.ratis.server.raftlog.segmented.SegmentedRaftLogWorker.run(SegmentedRaftLogWorker.java:289)
	at java.lang.Thread.run(Thread.java:748)
Caused by: java.util.concurrent.TimeoutException
	at java.util.concurrent.CompletableFuture.timedGet(CompletableFuture.java:1771)
	at java.util.concurrent.CompletableFuture.get(CompletableFuture.java:1915)
	at org.apache.ratis.util.IOUtils.getFromFuture(IOUtils.java:79)
	... 4 more
2019-09-10 18:41:04,276 [a2905edf-b9c1-421a-8807-b5d3e2a2f0d1@group-5CC95CFBF3DB-SegmentedRaftLogWorker] WARN  segmented.SegmentedRaftLogWorker (SegmentedRaftLogWorker.java:getFromFuture(90)) - Timeout 17/~
org.apache.ratis.protocol.TimeoutIOException: Timeout 10s: WriteLog:12: (t:1, i:12), STATEMACHINELOGENTRY, client-1CFF480DE3DE, cid=22-writeStateMachineData
	at org.apache.ratis.util.IOUtils.getFromFuture(IOUtils.java:87)
	at org.apache.ratis.server.raftlog.segmented.SegmentedRaftLogWorker$StateMachineDataPolicy.getFromFuture(SegmentedRaftLogWorker.java:87)
	at org.apache.ratis.server.raftlog.segmented.SegmentedRaftLogWorker$WriteLog.execute(SegmentedRaftLogWorker.java:477)
	at org.apache.ratis.server.raftlog.segmented.SegmentedRaftLogWorker.run(SegmentedRaftLogWorker.java:289)
	at java.lang.Thread.run(Thread.java:748)
Caused by: java.util.concurrent.TimeoutException
	at java.util.concurrent.CompletableFuture.timedGet(CompletableFuture.java:1771)
	at java.util.concurrent.CompletableFuture.get(CompletableFuture.java:1915)
	at org.apache.ratis.util.IOUtils.getFromFuture(IOUtils.java:79)
	... 4 more
2019-09-10 18:41:06,231 [grpc-default-executor-0] INFO  client.GrpcClientProtocolClient (GrpcClientProtocolClient.java:onNext(264)) - client-1CFF480DE3DE->a2905edf-b9c1-421a-8807-b5d3e2a2f0d1: receive RaftClientReply:client-1CFF480DE3DE->a2905edf-b9c1-421a-8807-b5d3e2a2f0d1@group-5CC95CFBF3DB, cid=21, FAILED org.apache.ratis.protocol.NotLeaderException: Server a2905edf-b9c1-421a-8807-b5d3e2a2f0d1@group-5CC95CFBF3DB is not the leader b72696e0-9c4e-4740-8bcd-ca4650f90538:192.168.5.139:36803, logIndex=0, commits[a2905edf-b9c1-421a-8807-b5d3e2a2f0d1:c10, b72696e0-9c4e-4740-8bcd-ca4650f90538:c10, 4d5e76d1-94b4-4344-b272-620ca499a368:c6]
2019-09-10 18:41:06,270 [org.apache.ratis.server.impl.LogAppender$AppenderDaemon$$Lambda$491/1891770971@c58b2d9] ERROR ratis.XceiverServerRatis (XceiverServerRatis.java:triggerPipelineClose(575)) - pipeline Action CLOSE  on pipeline PipelineID=7bf794f4-70ce-4b1b-9a52-5cc95cfbf3db.Reason : b72696e0-9c4e-4740-8bcd-ca4650f90538 has not seen follower/s 4d5e76d1-94b4-4344-b272-620ca499a368 for 182557ms a2905edf-b9c1-421a-8807-b5d3e2a2f0d1 for 182556ms
2019-09-10 18:41:06,270 [org.apache.ratis.server.impl.LogAppender$AppenderDaemon$$Lambda$491/1891770971@2b461a73] ERROR ratis.XceiverServerRatis (XceiverServerRatis.java:triggerPipelineClose(575)) - pipeline Action CLOSE  on pipeline PipelineID=7bf794f4-70ce-4b1b-9a52-5cc95cfbf3db.Reason : b72696e0-9c4e-4740-8bcd-ca4650f90538 has not seen follower/s 4d5e76d1-94b4-4344-b272-620ca499a368 for 182557ms a2905edf-b9c1-421a-8807-b5d3e2a2f0d1 for 182556ms
2019-09-10 18:41:06,769 [java.util.concurrent.ThreadPoolExecutor$Worker@2ca0dbdc[State = -1, empty queue]] WARN  server.GrpcLogAppender (GrpcLogAppender.java:timeoutAppendRequest(200)) - b72696e0-9c4e-4740-8bcd-ca4650f90538@group-5CC95CFBF3DB->4d5e76d1-94b4-4344-b272-620ca499a368-GrpcLogAppender: appendEntries Timeout, request=b72696e0-9c4e-4740-8bcd-ca4650f90538->4d5e76d1-94b4-4344-b272-620ca499a368#86-t1, previous=(t:1, i:14), leaderCommit=10, initializing? false, entries: <empty>
2019-09-10 18:41:06,769 [java.util.concurrent.ThreadPoolExecutor$Worker@38b49b[State = -1, empty queue]] WARN  server.GrpcLogAppender (GrpcLogAppender.java:timeoutAppendRequest(200)) - b72696e0-9c4e-4740-8bcd-ca4650f90538@group-5CC95CFBF3DB->a2905edf-b9c1-421a-8807-b5d3e2a2f0d1-GrpcLogAppender: appendEntries Timeout, request=b72696e0-9c4e-4740-8bcd-ca4650f90538->a2905edf-b9c1-421a-8807-b5d3e2a2f0d1#86-t1, previous=(t:1, i:14), leaderCommit=10, initializing? false, entries: <empty>
2019-09-10 18:41:07,251 [EventQueue-PipelineActionsForPipelineActionHandler] ERROR pipeline.PipelineActionHandler (PipelineActionHandler.java:onMessage(60)) - Received pipeline action CLOSE for Pipeline[ Id: 7bf794f4-70ce-4b1b-9a52-5cc95cfbf3db, Nodes: 4d5e76d1-94b4-4344-b272-620ca499a368{ip: 192.168.5.139, host: pr-hdds-1786-trunk-k6rzm-1803654198, networkLocation: /default-rack, certSerialId: null}b72696e0-9c4e-4740-8bcd-ca4650f90538{ip: 192.168.5.139, host: pr-hdds-1786-trunk-k6rzm-1803654198, networkLocation: /default-rack, certSerialId: null}a2905edf-b9c1-421a-8807-b5d3e2a2f0d1{ip: 192.168.5.139, host: pr-hdds-1786-trunk-k6rzm-1803654198, networkLocation: /default-rack, certSerialId: null}, Type:RATIS, Factor:THREE, State:CLOSED] from datanode b72696e0-9c4e-4740-8bcd-ca4650f90538{ip: 192.168.5.139, host: pr-hdds-1786-trunk-k6rzm-1803654198, networkLocation: /default-rack, certSerialId: null}. Reason : b72696e0-9c4e-4740-8bcd-ca4650f90538 has not seen follower/s 4d5e76d1-94b4-4344-b272-620ca499a368 for 182557ms a2905edf-b9c1-421a-8807-b5d3e2a2f0d1 for 182556ms
2019-09-10 18:41:07,252 [EventQueue-PipelineActionsForPipelineActionHandler] INFO  pipeline.SCMPipelineManager (SCMPipelineManager.java:finalizeAndDestroyPipeline(311)) - destroying pipeline:Pipeline[ Id: 7bf794f4-70ce-4b1b-9a52-5cc95cfbf3db, Nodes: 4d5e76d1-94b4-4344-b272-620ca499a368{ip: 192.168.5.139, host: pr-hdds-1786-trunk-k6rzm-1803654198, networkLocation: /default-rack, certSerialId: null}b72696e0-9c4e-4740-8bcd-ca4650f90538{ip: 192.168.5.139, host: pr-hdds-1786-trunk-k6rzm-1803654198, networkLocation: /default-rack, certSerialId: null}a2905edf-b9c1-421a-8807-b5d3e2a2f0d1{ip: 192.168.5.139, host: pr-hdds-1786-trunk-k6rzm-1803654198, networkLocation: /default-rack, certSerialId: null}, Type:RATIS, Factor:THREE, State:CLOSED]
2019-09-10 18:41:08,772 [org.apache.ratis.server.impl.LogAppender$AppenderDaemon$$Lambda$491/1891770971@c58b2d9] ERROR ratis.XceiverServerRatis (XceiverServerRatis.java:triggerPipelineClose(575)) - pipeline Action CLOSE  on pipeline PipelineID=7bf794f4-70ce-4b1b-9a52-5cc95cfbf3db.Reason : b72696e0-9c4e-4740-8bcd-ca4650f90538 has not seen follower/s 4d5e76d1-94b4-4344-b272-620ca499a368 for 185059ms a2905edf-b9c1-421a-8807-b5d3e2a2f0d1 for 185058ms
2019-09-10 18:41:08,772 [org.apache.ratis.server.impl.LogAppender$AppenderDaemon$$Lambda$491/1891770971@2b461a73] ERROR ratis.XceiverServerRatis (XceiverServerRatis.java:triggerPipelineClose(575)) - pipeline Action CLOSE  on pipeline PipelineID=7bf794f4-70ce-4b1b-9a52-5cc95cfbf3db.Reason : b72696e0-9c4e-4740-8bcd-ca4650f90538 has not seen follower/s 4d5e76d1-94b4-4344-b272-620ca499a368 for 185059ms a2905edf-b9c1-421a-8807-b5d3e2a2f0d1 for 185058ms
2019-09-10 18:41:09,252 [EventQueue-PipelineActionsForPipelineActionHandler] ERROR pipeline.PipelineActionHandler (PipelineActionHandler.java:onMessage(60)) - Received pipeline action CLOSE for Pipeline[ Id: 7bf794f4-70ce-4b1b-9a52-5cc95cfbf3db, Nodes: 4d5e76d1-94b4-4344-b272-620ca499a368{ip: 192.168.5.139, host: pr-hdds-1786-trunk-k6rzm-1803654198, networkLocation: /default-rack, certSerialId: null}b72696e0-9c4e-4740-8bcd-ca4650f90538{ip: 192.168.5.139, host: pr-hdds-1786-trunk-k6rzm-1803654198, networkLocation: /default-rack, certSerialId: null}a2905edf-b9c1-421a-8807-b5d3e2a2f0d1{ip: 192.168.5.139, host: pr-hdds-1786-trunk-k6rzm-1803654198, networkLocation: /default-rack, certSerialId: null}, Type:RATIS, Factor:THREE, State:CLOSED] from datanode b72696e0-9c4e-4740-8bcd-ca4650f90538{ip: 192.168.5.139, host: pr-hdds-1786-trunk-k6rzm-1803654198, networkLocation: /default-rack, certSerialId: null}. Reason : b72696e0-9c4e-4740-8bcd-ca4650f90538 has not seen follower/s 4d5e76d1-94b4-4344-b272-620ca499a368 for 185059ms a2905edf-b9c1-421a-8807-b5d3e2a2f0d1 for 185058ms
2019-09-10 18:41:09,252 [EventQueue-PipelineActionsForPipelineActionHandler] INFO  pipeline.SCMPipelineManager (SCMPipelineManager.java:finalizeAndDestroyPipeline(311)) - destroying pipeline:Pipeline[ Id: 7bf794f4-70ce-4b1b-9a52-5cc95cfbf3db, Nodes: 4d5e76d1-94b4-4344-b272-620ca499a368{ip: 192.168.5.139, host: pr-hdds-1786-trunk-k6rzm-1803654198, networkLocation: /default-rack, certSerialId: null}b72696e0-9c4e-4740-8bcd-ca4650f90538{ip: 192.168.5.139, host: pr-hdds-1786-trunk-k6rzm-1803654198, networkLocation: /default-rack, certSerialId: null}a2905edf-b9c1-421a-8807-b5d3e2a2f0d1{ip: 192.168.5.139, host: pr-hdds-1786-trunk-k6rzm-1803654198, networkLocation: /default-rack, certSerialId: null}, Type:RATIS, Factor:THREE, State:CLOSED]
2019-09-10 18:41:09,270 [java.util.concurrent.ThreadPoolExecutor$Worker@2ca0dbdc[State = -1, empty queue]] WARN  server.GrpcLogAppender (GrpcLogAppender.java:timeoutAppendRequest(200)) - b72696e0-9c4e-4740-8bcd-ca4650f90538@group-5CC95CFBF3DB->4d5e76d1-94b4-4344-b272-620ca499a368-GrpcLogAppender: appendEntries Timeout, request=b72696e0-9c4e-4740-8bcd-ca4650f90538->4d5e76d1-94b4-4344-b272-620ca499a368#87-t1, previous=(t:1, i:14), leaderCommit=10, initializing? false, entries: <empty>
2019-09-10 18:41:09,270 [java.util.concurrent.ThreadPoolExecutor$Worker@38b49b[State = -1, empty queue]] WARN  server.GrpcLogAppender (GrpcLogAppender.java:timeoutAppendRequest(200)) - b72696e0-9c4e-4740-8bcd-ca4650f90538@group-5CC95CFBF3DB->a2905edf-b9c1-421a-8807-b5d3e2a2f0d1-GrpcLogAppender: appendEntries Timeout, request=b72696e0-9c4e-4740-8bcd-ca4650f90538->a2905edf-b9c1-421a-8807-b5d3e2a2f0d1#87-t1, previous=(t:1, i:14), leaderCommit=10, initializing? false, entries: <empty>
2019-09-10 18:41:10,256 [grpc-default-executor-2] INFO  impl.RaftServerProxy (RaftServerProxy.java:remove(95)) - 4d5e76d1-94b4-4344-b272-620ca499a368: remove  FOLLOWER 4d5e76d1-94b4-4344-b272-620ca499a368@group-5CC95CFBF3DB:t1, leader=b72696e0-9c4e-4740-8bcd-ca4650f90538, voted=b72696e0-9c4e-4740-8bcd-ca4650f90538, raftlog=4d5e76d1-94b4-4344-b272-620ca499a368@group-5CC95CFBF3DB-SegmentedRaftLog:OPENED:c10,f10,i14, conf=0: [b72696e0-9c4e-4740-8bcd-ca4650f90538:192.168.5.139:36803, 4d5e76d1-94b4-4344-b272-620ca499a368:192.168.5.139:43319, a2905edf-b9c1-421a-8807-b5d3e2a2f0d1:192.168.5.139:42187], old=null RUNNING
2019-09-10 18:41:10,272 [grpc-default-executor-2] INFO  impl.RaftServerImpl (RaftServerImpl.java:lambda$shutdown$3(251)) - 4d5e76d1-94b4-4344-b272-620ca499a368@group-5CC95CFBF3DB: shutdown
2019-09-10 18:41:10,273 [grpc-default-executor-2] INFO  util.JmxRegister (JmxRegister.java:unregister(73)) - Successfully un-registered JMX Bean with object name Ratis:service=RaftServer,group=group-5CC95CFBF3DB,id=4d5e76d1-94b4-4344-b272-620ca499a368
2019-09-10 18:41:10,273 [grpc-default-executor-2] INFO  impl.RoleInfo (RoleInfo.java:shutdownFollowerState(121)) - 4d5e76d1-94b4-4344-b272-620ca499a368: shutdown FollowerState
2019-09-10 18:41:10,274 [Thread-308] INFO  impl.FollowerState (FollowerState.java:run(115)) - 4d5e76d1-94b4-4344-b272-620ca499a368: FollowerState was interrupted: java.lang.InterruptedException: sleep interrupted
2019-09-10 18:41:10,274 [grpc-default-executor-2] INFO  impl.StateMachineUpdater (StateMachineUpdater.java:stopAndJoin(125)) - 4d5e76d1-94b4-4344-b272-620ca499a368@group-5CC95CFBF3DB-StateMachineUpdater: set stopIndex = 10
2019-09-10 18:41:10,276 [4d5e76d1-94b4-4344-b272-620ca499a368@group-5CC95CFBF3DB-StateMachineUpdater] INFO  ratis.ContainerStateMachine (ContainerStateMachine.java:takeSnapshot(289)) - group-5CC95CFBF3DB: Taking a snapshot at:(t:1, i:6) file /workdir/hadoop-ozone/integration-test/target/test-dir/MiniOzoneClusterImpl-27fa055b-1dd0-4a05-b5b8-5375f262b16d/datanode-3/data/ratis/7bf794f4-70ce-4b1b-9a52-5cc95cfbf3db/sm/snapshot.1_6
2019-09-10 18:41:10,318 [4d5e76d1-94b4-4344-b272-620ca499a368@group-5CC95CFBF3DB-StateMachineUpdater] INFO  ratis.ContainerStateMachine (ContainerStateMachine.java:takeSnapshot(300)) - group-5CC95CFBF3DB: Finished taking a snapshot at:(t:1, i:6) file:/workdir/hadoop-ozone/integration-test/target/test-dir/MiniOzoneClusterImpl-27fa055b-1dd0-4a05-b5b8-5375f262b16d/datanode-3/data/ratis/7bf794f4-70ce-4b1b-9a52-5cc95cfbf3db/sm/snapshot.1_6 time:42
2019-09-10 18:41:10,326 [4d5e76d1-94b4-4344-b272-620ca499a368@group-5CC95CFBF3DB-StateMachineUpdater] INFO  impl.StateMachineUpdater (StateMachineUpdater.java:takeSnapshot(258)) - 4d5e76d1-94b4-4344-b272-620ca499a368@group-5CC95CFBF3DB-StateMachineUpdater: Took a snapshot at index 6
2019-09-10 18:41:10,329 [4d5e76d1-94b4-4344-b272-620ca499a368@group-5CC95CFBF3DB-StateMachineUpdater] INFO  impl.StateMachineUpdater (StateMachineUpdater.java:lambda$new$0(83)) - 4d5e76d1-94b4-4344-b272-620ca499a368@group-5CC95CFBF3DB-StateMachineUpdater: snapshotIndex: updateIncreasingly -1 -> 6
2019-09-10 18:41:10,335 [4d5e76d1-94b4-4344-b272-620ca499a368@group-5CC95CFBF3DB-StateMachineUpdater] INFO  ratis.ContainerStateMachine (ContainerStateMachine.java:takeSnapshot(289)) - group-5CC95CFBF3DB: Taking a snapshot at:(t:1, i:6) file /workdir/hadoop-ozone/integration-test/target/test-dir/MiniOzoneClusterImpl-27fa055b-1dd0-4a05-b5b8-5375f262b16d/datanode-3/data/ratis/7bf794f4-70ce-4b1b-9a52-5cc95cfbf3db/sm/snapshot.1_6
2019-09-10 18:41:10,359 [4d5e76d1-94b4-4344-b272-620ca499a368@group-5CC95CFBF3DB-StateMachineUpdater] INFO  ratis.ContainerStateMachine (ContainerStateMachine.java:takeSnapshot(300)) - group-5CC95CFBF3DB: Finished taking a snapshot at:(t:1, i:6) file:/workdir/hadoop-ozone/integration-test/target/test-dir/MiniOzoneClusterImpl-27fa055b-1dd0-4a05-b5b8-5375f262b16d/datanode-3/data/ratis/7bf794f4-70ce-4b1b-9a52-5cc95cfbf3db/sm/snapshot.1_6 time:24
2019-09-10 18:41:10,359 [4d5e76d1-94b4-4344-b272-620ca499a368@group-5CC95CFBF3DB-StateMachineUpdater] INFO  impl.StateMachineUpdater (StateMachineUpdater.java:takeSnapshot(258)) - 4d5e76d1-94b4-4344-b272-620ca499a368@group-5CC95CFBF3DB-StateMachineUpdater: Took a snapshot at index 6
2019-09-10 18:41:10,359 [4d5e76d1-94b4-4344-b272-620ca499a368@group-5CC95CFBF3DB-StateMachineUpdater] INFO  impl.StateMachineUpdater (StateMachineUpdater.java:lambda$new$0(83)) - 4d5e76d1-94b4-4344-b272-620ca499a368@group-5CC95CFBF3DB-StateMachineUpdater: snapshotIndex: updateIncreasingly 6 -> 6
2019-09-10 18:41:10,360 [grpc-default-executor-2] INFO  impl.RaftServerImpl (ServerState.java:close(385)) - 4d5e76d1-94b4-4344-b272-620ca499a368@group-5CC95CFBF3DB: closes. applyIndex: 10
2019-09-10 18:41:10,379 [4d5e76d1-94b4-4344-b272-620ca499a368@group-5CC95CFBF3DB-SegmentedRaftLogWorker] ERROR ratis.XceiverServerRatis (XceiverServerRatis.java:triggerPipelineClose(575)) - pipeline Action CLOSE  on pipeline PipelineID=7bf794f4-70ce-4b1b-9a52-5cc95cfbf3db.Reason : WriteLog:12: (t:1, i:12), STATEMACHINELOGENTRY, client-1CFF480DE3DE, cid=22-writeStateMachineData interrupted.
2019-09-10 18:41:10,385 [EventQueue-PipelineActionsForPipelineActionHandler] ERROR pipeline.PipelineActionHandler (PipelineActionHandler.java:onMessage(60)) - Received pipeline action CLOSE for Pipeline[ Id: 7bf794f4-70ce-4b1b-9a52-5cc95cfbf3db, Nodes: 4d5e76d1-94b4-4344-b272-620ca499a368{ip: 192.168.5.139, host: pr-hdds-1786-trunk-k6rzm-1803654198, networkLocation: /default-rack, certSerialId: null}b72696e0-9c4e-4740-8bcd-ca4650f90538{ip: 192.168.5.139, host: pr-hdds-1786-trunk-k6rzm-1803654198, networkLocation: /default-rack, certSerialId: null}a2905edf-b9c1-421a-8807-b5d3e2a2f0d1{ip: 192.168.5.139, host: pr-hdds-1786-trunk-k6rzm-1803654198, networkLocation: /default-rack, certSerialId: null}, Type:RATIS, Factor:THREE, State:CLOSED] from datanode 4d5e76d1-94b4-4344-b272-620ca499a368{ip: 192.168.5.139, host: pr-hdds-1786-trunk-k6rzm-1803654198, networkLocation: /default-rack, certSerialId: null}. Reason : WriteLog:12: (t:1, i:12), STATEMACHINELOGENTRY, client-1CFF480DE3DE, cid=22-writeStateMachineData interrupted.
2019-09-10 18:41:10,385 [EventQueue-PipelineActionsForPipelineActionHandler] INFO  pipeline.SCMPipelineManager (SCMPipelineManager.java:finalizeAndDestroyPipeline(311)) - destroying pipeline:Pipeline[ Id: 7bf794f4-70ce-4b1b-9a52-5cc95cfbf3db, Nodes: 4d5e76d1-94b4-4344-b272-620ca499a368{ip: 192.168.5.139, host: pr-hdds-1786-trunk-k6rzm-1803654198, networkLocation: /default-rack, certSerialId: null}b72696e0-9c4e-4740-8bcd-ca4650f90538{ip: 192.168.5.139, host: pr-hdds-1786-trunk-k6rzm-1803654198, networkLocation: /default-rack, certSerialId: null}a2905edf-b9c1-421a-8807-b5d3e2a2f0d1{ip: 192.168.5.139, host: pr-hdds-1786-trunk-k6rzm-1803654198, networkLocation: /default-rack, certSerialId: null}, Type:RATIS, Factor:THREE, State:CLOSED]
2019-09-10 18:41:10,395 [grpc-default-executor-2] INFO  segmented.SegmentedRaftLogWorker (SegmentedRaftLogWorker.java:close(228)) - 4d5e76d1-94b4-4344-b272-620ca499a368@group-5CC95CFBF3DB-SegmentedRaftLogWorker close()
2019-09-10 18:41:10,431 [grpc-default-executor-2] INFO  interfaces.Container (KeyValueContainer.java:flushAndSyncDB(386)) - Container 2 is synced with bcsId 6.
2019-09-10 18:41:10,431 [grpc-default-executor-2] INFO  interfaces.Container (KeyValueContainer.java:flushAndSyncDB(386)) - Container 2 is synced with bcsId 6.
2019-09-10 18:41:10,460 [EventQueue-IncrementalContainerReportForIncrementalContainerReportHandler] INFO  container.IncrementalContainerReportHandler (AbstractContainerReportHandler.java:updateContainerState(169)) - Moving container #2 to QUASI_CLOSED state, datanode 4d5e76d1-94b4-4344-b272-620ca499a368{ip: 192.168.5.139, host: pr-hdds-1786-trunk-k6rzm-1803654198, networkLocation: /default-rack, certSerialId: null} reported QUASI_CLOSED replica.
2019-09-10 18:41:10,574 [grpc-default-executor-2] INFO  interfaces.Container (KeyValueContainer.java:flushAndSyncDB(386)) - Container 3 is synced with bcsId 0.
2019-09-10 18:41:10,574 [grpc-default-executor-2] INFO  interfaces.Container (KeyValueContainer.java:flushAndSyncDB(386)) - Container 3 is synced with bcsId 0.
2019-09-10 18:41:10,604 [EventQueue-IncrementalContainerReportForIncrementalContainerReportHandler] INFO  container.IncrementalContainerReportHandler (AbstractContainerReportHandler.java:updateContainerState(169)) - Moving container #3 to QUASI_CLOSED state, datanode 4d5e76d1-94b4-4344-b272-620ca499a368{ip: 192.168.5.139, host: pr-hdds-1786-trunk-k6rzm-1803654198, networkLocation: /default-rack, certSerialId: null} reported QUASI_CLOSED replica.
2019-09-10 18:41:10,612 [grpc-default-executor-2] INFO  impl.RaftServerProxy (RaftServerProxy.java:remove(95)) - b72696e0-9c4e-4740-8bcd-ca4650f90538: remove    LEADER b72696e0-9c4e-4740-8bcd-ca4650f90538@group-5CC95CFBF3DB:t1, leader=b72696e0-9c4e-4740-8bcd-ca4650f90538, voted=b72696e0-9c4e-4740-8bcd-ca4650f90538, raftlog=b72696e0-9c4e-4740-8bcd-ca4650f90538@group-5CC95CFBF3DB-SegmentedRaftLog:OPENED:c10,f10,i14, conf=0: [b72696e0-9c4e-4740-8bcd-ca4650f90538:192.168.5.139:36803, 4d5e76d1-94b4-4344-b272-620ca499a368:192.168.5.139:43319, a2905edf-b9c1-421a-8807-b5d3e2a2f0d1:192.168.5.139:42187], old=null RUNNING
2019-09-10 18:41:10,612 [grpc-default-executor-2] INFO  impl.RaftServerImpl (RaftServerImpl.java:lambda$shutdown$3(251)) - b72696e0-9c4e-4740-8bcd-ca4650f90538@group-5CC95CFBF3DB: shutdown
2019-09-10 18:41:10,613 [grpc-default-executor-2] INFO  util.JmxRegister (JmxRegister.java:unregister(73)) - Successfully un-registered JMX Bean with object name Ratis:service=RaftServer,group=group-5CC95CFBF3DB,id=b72696e0-9c4e-4740-8bcd-ca4650f90538
2019-09-10 18:41:10,613 [grpc-default-executor-2] INFO  impl.RoleInfo (RoleInfo.java:shutdownLeaderState(104)) - b72696e0-9c4e-4740-8bcd-ca4650f90538: shutdown LeaderState
2019-09-10 18:41:10,618 [grpc-default-executor-2] INFO  impl.PendingRequests (PendingRequests.java:sendNotLeaderResponses(202)) - b72696e0-9c4e-4740-8bcd-ca4650f90538-PendingRequests: sendNotLeaderResponses
2019-09-10 18:41:10,618 [org.apache.ratis.server.impl.LogAppender$AppenderDaemon$$Lambda$491/1891770971@c58b2d9] WARN  server.GrpcLogAppender (GrpcLogAppender.java:mayWait(143)) - b72696e0-9c4e-4740-8bcd-ca4650f90538@group-5CC95CFBF3DB->4d5e76d1-94b4-4344-b272-620ca499a368-GrpcLogAppender: Wait interrupted by java.lang.InterruptedException
2019-09-10 18:41:10,618 [org.apache.ratis.server.impl.LogAppender$AppenderDaemon$$Lambda$491/1891770971@2b461a73] WARN  server.GrpcLogAppender (GrpcLogAppender.java:mayWait(143)) - b72696e0-9c4e-4740-8bcd-ca4650f90538@group-5CC95CFBF3DB->a2905edf-b9c1-421a-8807-b5d3e2a2f0d1-GrpcLogAppender: Wait interrupted by java.lang.InterruptedException
2019-09-10 18:41:10,621 [grpc-default-executor-0] INFO  server.GrpcServerProtocolService (GrpcServerProtocolService.java:onCompleted(113)) - 4d5e76d1-94b4-4344-b272-620ca499a368: Completed APPEND_ENTRIES, lastRequest: b72696e0-9c4e-4740-8bcd-ca4650f90538->4d5e76d1-94b4-4344-b272-620ca499a368#88-t1, previous=(t:1, i:14), leaderCommit=10, initializing? false, entries: <empty>
2019-09-10 18:41:10,621 [grpc-default-executor-3] INFO  server.GrpcServerProtocolService (GrpcServerProtocolService.java:onCompleted(113)) - a2905edf-b9c1-421a-8807-b5d3e2a2f0d1: Completed APPEND_ENTRIES, lastRequest: b72696e0-9c4e-4740-8bcd-ca4650f90538->a2905edf-b9c1-421a-8807-b5d3e2a2f0d1#88-t1, previous=(t:1, i:14), leaderCommit=10, initializing? false, entries: <empty>
2019-09-10 18:41:10,624 [grpc-default-executor-3] INFO  server.GrpcLogAppender (GrpcLogAppender.java:onCompleted(293)) - b72696e0-9c4e-4740-8bcd-ca4650f90538@group-5CC95CFBF3DB->a2905edf-b9c1-421a-8807-b5d3e2a2f0d1-AppendLogResponseHandler: follower responses appendEntries COMPLETED
2019-09-10 18:41:10,624 [grpc-default-executor-0] INFO  server.GrpcLogAppender (GrpcLogAppender.java:onCompleted(293)) - b72696e0-9c4e-4740-8bcd-ca4650f90538@group-5CC95CFBF3DB->4d5e76d1-94b4-4344-b272-620ca499a368-AppendLogResponseHandler: follower responses appendEntries COMPLETED
2019-09-10 18:41:10,625 [grpc-default-executor-0] INFO  impl.FollowerInfo (FollowerInfo.java:lambda$new$0(51)) - b72696e0-9c4e-4740-8bcd-ca4650f90538@group-5CC95CFBF3DB->4d5e76d1-94b4-4344-b272-620ca499a368: nextIndex: updateUnconditionally 15 -> 11
2019-09-10 18:41:10,625 [grpc-default-executor-3] INFO  impl.FollowerInfo (FollowerInfo.java:lambda$new$0(51)) - b72696e0-9c4e-4740-8bcd-ca4650f90538@group-5CC95CFBF3DB->a2905edf-b9c1-421a-8807-b5d3e2a2f0d1: nextIndex: updateUnconditionally 15 -> 11
2019-09-10 18:41:10,632 [grpc-default-executor-2] INFO  impl.StateMachineUpdater (StateMachineUpdater.java:stopAndJoin(125)) - b72696e0-9c4e-4740-8bcd-ca4650f90538@group-5CC95CFBF3DB-StateMachineUpdater: set stopIndex = 10
2019-09-10 18:41:10,632 [b72696e0-9c4e-4740-8bcd-ca4650f90538@group-5CC95CFBF3DB-StateMachineUpdater] INFO  ratis.ContainerStateMachine (ContainerStateMachine.java:takeSnapshot(289)) - group-5CC95CFBF3DB: Taking a snapshot at:(t:1, i:10) file /workdir/hadoop-ozone/integration-test/target/test-dir/MiniOzoneClusterImpl-27fa055b-1dd0-4a05-b5b8-5375f262b16d/datanode-5/data/ratis/7bf794f4-70ce-4b1b-9a52-5cc95cfbf3db/sm/snapshot.1_10
2019-09-10 18:41:10,650 [b72696e0-9c4e-4740-8bcd-ca4650f90538@group-5CC95CFBF3DB-StateMachineUpdater] INFO  ratis.ContainerStateMachine (ContainerStateMachine.java:takeSnapshot(300)) - group-5CC95CFBF3DB: Finished taking a snapshot at:(t:1, i:10) file:/workdir/hadoop-ozone/integration-test/target/test-dir/MiniOzoneClusterImpl-27fa055b-1dd0-4a05-b5b8-5375f262b16d/datanode-5/data/ratis/7bf794f4-70ce-4b1b-9a52-5cc95cfbf3db/sm/snapshot.1_10 time:18
2019-09-10 18:41:10,650 [b72696e0-9c4e-4740-8bcd-ca4650f90538@group-5CC95CFBF3DB-StateMachineUpdater] INFO  impl.StateMachineUpdater (StateMachineUpdater.java:takeSnapshot(258)) - b72696e0-9c4e-4740-8bcd-ca4650f90538@group-5CC95CFBF3DB-StateMachineUpdater: Took a snapshot at index 10
2019-09-10 18:41:10,651 [b72696e0-9c4e-4740-8bcd-ca4650f90538@group-5CC95CFBF3DB-StateMachineUpdater] INFO  impl.StateMachineUpdater (StateMachineUpdater.java:lambda$new$0(83)) - b72696e0-9c4e-4740-8bcd-ca4650f90538@group-5CC95CFBF3DB-StateMachineUpdater: snapshotIndex: updateIncreasingly -1 -> 10
2019-09-10 18:41:10,651 [grpc-default-executor-2] INFO  impl.RaftServerImpl (ServerState.java:close(385)) - b72696e0-9c4e-4740-8bcd-ca4650f90538@group-5CC95CFBF3DB: closes. applyIndex: 10
2019-09-10 18:41:10,652 [Command processor thread] ERROR commandhandler.CloseContainerCommandHandler (CloseContainerCommandHandler.java:handle(125)) - Can't close container #3
java.io.IOException: org.apache.ratis.protocol.GroupMismatchException: b72696e0-9c4e-4740-8bcd-ca4650f90538: group-5CC95CFBF3DB not found.
	at org.apache.hadoop.ozone.container.common.transport.server.ratis.XceiverServerRatis.submitRequest(XceiverServerRatis.java:502)
	at org.apache.hadoop.ozone.container.common.statemachine.commandhandler.CloseContainerCommandHandler.handle(CloseContainerCommandHandler.java:102)
	at org.apache.hadoop.ozone.container.common.statemachine.commandhandler.CommandDispatcher.handle(CommandDispatcher.java:99)
	at org.apache.hadoop.ozone.container.common.statemachine.DatanodeStateMachine.lambda$initCommandHandlerThread$1(DatanodeStateMachine.java:432)
	at java.lang.Thread.run(Thread.java:748)
Caused by: java.util.concurrent.ExecutionException: org.apache.ratis.protocol.GroupMismatchException: b72696e0-9c4e-4740-8bcd-ca4650f90538: group-5CC95CFBF3DB not found.
	at java.util.concurrent.CompletableFuture.reportGet(CompletableFuture.java:357)
	at java.util.concurrent.CompletableFuture.get(CompletableFuture.java:1895)
	at org.apache.hadoop.ozone.container.common.transport.server.ratis.XceiverServerRatis.submitRequest(XceiverServerRatis.java:500)
	... 4 more
Caused by: org.apache.ratis.protocol.GroupMismatchException: b72696e0-9c4e-4740-8bcd-ca4650f90538: group-5CC95CFBF3DB not found.
	at org.apache.ratis.server.impl.RaftServerProxy$ImplMap.get(RaftServerProxy.java:122)
	at org.apache.ratis.server.impl.RaftServerProxy.getImplFuture(RaftServerProxy.java:269)
	at org.apache.ratis.server.impl.RaftServerProxy.submitRequest(RaftServerProxy.java:327)
	at org.apache.ratis.server.impl.RaftServerProxy.submitClientRequestAsync(RaftServerProxy.java:333)
	... 5 more
2019-09-10 18:41:10,652 [b72696e0-9c4e-4740-8bcd-ca4650f90538@group-5CC95CFBF3DB-SegmentedRaftLogWorker] ERROR ratis.XceiverServerRatis (XceiverServerRatis.java:triggerPipelineClose(575)) - pipeline Action CLOSE  on pipeline PipelineID=7bf794f4-70ce-4b1b-9a52-5cc95cfbf3db.Reason : WriteLog:12: (t:1, i:12), STATEMACHINELOGENTRY, client-1CFF480DE3DE, cid=22-writeStateMachineData interrupted.
2019-09-10 18:41:10,653 [EventQueue-PipelineActionsForPipelineActionHandler] ERROR pipeline.PipelineActionHandler (PipelineActionHandler.java:onMessage(60)) - Received pipeline action CLOSE for Pipeline[ Id: 7bf794f4-70ce-4b1b-9a52-5cc95cfbf3db, Nodes: 4d5e76d1-94b4-4344-b272-620ca499a368{ip: 192.168.5.139, host: pr-hdds-1786-trunk-k6rzm-1803654198, networkLocation: /default-rack, certSerialId: null}b72696e0-9c4e-4740-8bcd-ca4650f90538{ip: 192.168.5.139, host: pr-hdds-1786-trunk-k6rzm-1803654198, networkLocation: /default-rack, certSerialId: null}a2905edf-b9c1-421a-8807-b5d3e2a2f0d1{ip: 192.168.5.139, host: pr-hdds-1786-trunk-k6rzm-1803654198, networkLocation: /default-rack, certSerialId: null}, Type:RATIS, Factor:THREE, State:CLOSED] from datanode b72696e0-9c4e-4740-8bcd-ca4650f90538{ip: 192.168.5.139, host: pr-hdds-1786-trunk-k6rzm-1803654198, networkLocation: /default-rack, certSerialId: null}. Reason : WriteLog:12: (t:1, i:12), STATEMACHINELOGENTRY, client-1CFF480DE3DE, cid=22-writeStateMachineData interrupted.
2019-09-10 18:41:10,655 [EventQueue-PipelineActionsForPipelineActionHandler] INFO  pipeline.SCMPipelineManager (SCMPipelineManager.java:finalizeAndDestroyPipeline(311)) - destroying pipeline:Pipeline[ Id: 7bf794f4-70ce-4b1b-9a52-5cc95cfbf3db, Nodes: 4d5e76d1-94b4-4344-b272-620ca499a368{ip: 192.168.5.139, host: pr-hdds-1786-trunk-k6rzm-1803654198, networkLocation: /default-rack, certSerialId: null}b72696e0-9c4e-4740-8bcd-ca4650f90538{ip: 192.168.5.139, host: pr-hdds-1786-trunk-k6rzm-1803654198, networkLocation: /default-rack, certSerialId: null}a2905edf-b9c1-421a-8807-b5d3e2a2f0d1{ip: 192.168.5.139, host: pr-hdds-1786-trunk-k6rzm-1803654198, networkLocation: /default-rack, certSerialId: null}, Type:RATIS, Factor:THREE, State:CLOSED]
2019-09-10 18:41:10,665 [grpc-default-executor-2] INFO  segmented.SegmentedRaftLogWorker (SegmentedRaftLogWorker.java:close(228)) - b72696e0-9c4e-4740-8bcd-ca4650f90538@group-5CC95CFBF3DB-SegmentedRaftLogWorker close()
2019-09-10 18:41:10,682 [grpc-default-executor-2] INFO  interfaces.Container (KeyValueContainer.java:flushAndSyncDB(386)) - Container 2 is synced with bcsId 6.
2019-09-10 18:41:10,683 [grpc-default-executor-2] INFO  interfaces.Container (KeyValueContainer.java:flushAndSyncDB(386)) - Container 2 is synced with bcsId 6.
2019-09-10 18:41:10,808 [grpc-default-executor-2] INFO  interfaces.Container (KeyValueContainer.java:flushAndSyncDB(386)) - Container 3 is synced with bcsId 0.
2019-09-10 18:41:10,808 [grpc-default-executor-2] INFO  interfaces.Container (KeyValueContainer.java:flushAndSyncDB(386)) - Container 3 is synced with bcsId 0.
2019-09-10 18:41:10,856 [grpc-default-executor-3] INFO  impl.RaftServerProxy (RaftServerProxy.java:remove(95)) - a2905edf-b9c1-421a-8807-b5d3e2a2f0d1: remove  FOLLOWER a2905edf-b9c1-421a-8807-b5d3e2a2f0d1@group-5CC95CFBF3DB:t1, leader=b72696e0-9c4e-4740-8bcd-ca4650f90538, voted=b72696e0-9c4e-4740-8bcd-ca4650f90538, raftlog=a2905edf-b9c1-421a-8807-b5d3e2a2f0d1@group-5CC95CFBF3DB-SegmentedRaftLog:OPENED:c10,f10,i14, conf=0: [b72696e0-9c4e-4740-8bcd-ca4650f90538:192.168.5.139:36803, 4d5e76d1-94b4-4344-b272-620ca499a368:192.168.5.139:43319, a2905edf-b9c1-421a-8807-b5d3e2a2f0d1:192.168.5.139:42187], old=null RUNNING
2019-09-10 18:41:10,857 [grpc-default-executor-3] INFO  impl.RaftServerImpl (RaftServerImpl.java:lambda$shutdown$3(251)) - a2905edf-b9c1-421a-8807-b5d3e2a2f0d1@group-5CC95CFBF3DB: shutdown
2019-09-10 18:41:10,857 [grpc-default-executor-3] INFO  util.JmxRegister (JmxRegister.java:unregister(73)) - Successfully un-registered JMX Bean with object name Ratis:service=RaftServer,group=group-5CC95CFBF3DB,id=a2905edf-b9c1-421a-8807-b5d3e2a2f0d1
2019-09-10 18:41:10,857 [grpc-default-executor-3] INFO  impl.RoleInfo (RoleInfo.java:shutdownFollowerState(121)) - a2905edf-b9c1-421a-8807-b5d3e2a2f0d1: shutdown FollowerState
2019-09-10 18:41:10,857 [grpc-default-executor-3] INFO  impl.StateMachineUpdater (StateMachineUpdater.java:stopAndJoin(125)) - a2905edf-b9c1-421a-8807-b5d3e2a2f0d1@group-5CC95CFBF3DB-StateMachineUpdater: set stopIndex = 10
2019-09-10 18:41:10,857 [Thread-309] INFO  impl.FollowerState (FollowerState.java:run(115)) - a2905edf-b9c1-421a-8807-b5d3e2a2f0d1: FollowerState was interrupted: java.lang.InterruptedException: sleep interrupted
2019-09-10 18:41:10,859 [a2905edf-b9c1-421a-8807-b5d3e2a2f0d1@group-5CC95CFBF3DB-StateMachineUpdater] INFO  ratis.ContainerStateMachine (ContainerStateMachine.java:takeSnapshot(289)) - group-5CC95CFBF3DB: Taking a snapshot at:(t:1, i:6) file /workdir/hadoop-ozone/integration-test/target/test-dir/MiniOzoneClusterImpl-27fa055b-1dd0-4a05-b5b8-5375f262b16d/datanode-4/data/ratis/7bf794f4-70ce-4b1b-9a52-5cc95cfbf3db/sm/snapshot.1_6
2019-09-10 18:41:10,871 [a2905edf-b9c1-421a-8807-b5d3e2a2f0d1@group-5CC95CFBF3DB-StateMachineUpdater] INFO  ratis.ContainerStateMachine (ContainerStateMachine.java:takeSnapshot(300)) - group-5CC95CFBF3DB: Finished taking a snapshot at:(t:1, i:6) file:/workdir/hadoop-ozone/integration-test/target/test-dir/MiniOzoneClusterImpl-27fa055b-1dd0-4a05-b5b8-5375f262b16d/datanode-4/data/ratis/7bf794f4-70ce-4b1b-9a52-5cc95cfbf3db/sm/snapshot.1_6 time:12
2019-09-10 18:41:10,872 [a2905edf-b9c1-421a-8807-b5d3e2a2f0d1@group-5CC95CFBF3DB-StateMachineUpdater] INFO  impl.StateMachineUpdater (StateMachineUpdater.java:takeSnapshot(258)) - a2905edf-b9c1-421a-8807-b5d3e2a2f0d1@group-5CC95CFBF3DB-StateMachineUpdater: Took a snapshot at index 6
2019-09-10 18:41:10,872 [a2905edf-b9c1-421a-8807-b5d3e2a2f0d1@group-5CC95CFBF3DB-StateMachineUpdater] INFO  impl.StateMachineUpdater (StateMachineUpdater.java:lambda$new$0(83)) - a2905edf-b9c1-421a-8807-b5d3e2a2f0d1@group-5CC95CFBF3DB-StateMachineUpdater: snapshotIndex: updateIncreasingly -1 -> 6
2019-09-10 18:41:10,872 [a2905edf-b9c1-421a-8807-b5d3e2a2f0d1@group-5CC95CFBF3DB-StateMachineUpdater] INFO  ratis.ContainerStateMachine (ContainerStateMachine.java:takeSnapshot(289)) - group-5CC95CFBF3DB: Taking a snapshot at:(t:1, i:6) file /workdir/hadoop-ozone/integration-test/target/test-dir/MiniOzoneClusterImpl-27fa055b-1dd0-4a05-b5b8-5375f262b16d/datanode-4/data/ratis/7bf794f4-70ce-4b1b-9a52-5cc95cfbf3db/sm/snapshot.1_6
2019-09-10 18:41:10,888 [a2905edf-b9c1-421a-8807-b5d3e2a2f0d1@group-5CC95CFBF3DB-StateMachineUpdater] INFO  ratis.ContainerStateMachine (ContainerStateMachine.java:takeSnapshot(300)) - group-5CC95CFBF3DB: Finished taking a snapshot at:(t:1, i:6) file:/workdir/hadoop-ozone/integration-test/target/test-dir/MiniOzoneClusterImpl-27fa055b-1dd0-4a05-b5b8-5375f262b16d/datanode-4/data/ratis/7bf794f4-70ce-4b1b-9a52-5cc95cfbf3db/sm/snapshot.1_6 time:16
2019-09-10 18:41:10,888 [a2905edf-b9c1-421a-8807-b5d3e2a2f0d1@group-5CC95CFBF3DB-StateMachineUpdater] INFO  impl.StateMachineUpdater (StateMachineUpdater.java:takeSnapshot(258)) - a2905edf-b9c1-421a-8807-b5d3e2a2f0d1@group-5CC95CFBF3DB-StateMachineUpdater: Took a snapshot at index 6
2019-09-10 18:41:10,888 [a2905edf-b9c1-421a-8807-b5d3e2a2f0d1@group-5CC95CFBF3DB-StateMachineUpdater] INFO  impl.StateMachineUpdater (StateMachineUpdater.java:lambda$new$0(83)) - a2905edf-b9c1-421a-8807-b5d3e2a2f0d1@group-5CC95CFBF3DB-StateMachineUpdater: snapshotIndex: updateIncreasingly 6 -> 6
2019-09-10 18:41:10,889 [grpc-default-executor-3] INFO  impl.RaftServerImpl (ServerState.java:close(385)) - a2905edf-b9c1-421a-8807-b5d3e2a2f0d1@group-5CC95CFBF3DB: closes. applyIndex: 10
2019-09-10 18:41:10,890 [a2905edf-b9c1-421a-8807-b5d3e2a2f0d1@group-5CC95CFBF3DB-SegmentedRaftLogWorker] ERROR ratis.XceiverServerRatis (XceiverServerRatis.java:triggerPipelineClose(575)) - pipeline Action CLOSE  on pipeline PipelineID=7bf794f4-70ce-4b1b-9a52-5cc95cfbf3db.Reason : WriteLog:12: (t:1, i:12), STATEMACHINELOGENTRY, client-1CFF480DE3DE, cid=22-writeStateMachineData interrupted.
2019-09-10 18:41:10,893 [EventQueue-PipelineActionsForPipelineActionHandler] ERROR pipeline.PipelineActionHandler (PipelineActionHandler.java:onMessage(60)) - Received pipeline action CLOSE for Pipeline[ Id: 7bf794f4-70ce-4b1b-9a52-5cc95cfbf3db, Nodes: 4d5e76d1-94b4-4344-b272-620ca499a368{ip: 192.168.5.139, host: pr-hdds-1786-trunk-k6rzm-1803654198, networkLocation: /default-rack, certSerialId: null}b72696e0-9c4e-4740-8bcd-ca4650f90538{ip: 192.168.5.139, host: pr-hdds-1786-trunk-k6rzm-1803654198, networkLocation: /default-rack, certSerialId: null}a2905edf-b9c1-421a-8807-b5d3e2a2f0d1{ip: 192.168.5.139, host: pr-hdds-1786-trunk-k6rzm-1803654198, networkLocation: /default-rack, certSerialId: null}, Type:RATIS, Factor:THREE, State:CLOSED] from datanode a2905edf-b9c1-421a-8807-b5d3e2a2f0d1{ip: 192.168.5.139, host: pr-hdds-1786-trunk-k6rzm-1803654198, networkLocation: /default-rack, certSerialId: null}. Reason : WriteLog:12: (t:1, i:12), STATEMACHINELOGENTRY, client-1CFF480DE3DE, cid=22-writeStateMachineData interrupted.
2019-09-10 18:41:10,893 [EventQueue-PipelineActionsForPipelineActionHandler] INFO  pipeline.SCMPipelineManager (SCMPipelineManager.java:finalizeAndDestroyPipeline(311)) - destroying pipeline:Pipeline[ Id: 7bf794f4-70ce-4b1b-9a52-5cc95cfbf3db, Nodes: 4d5e76d1-94b4-4344-b272-620ca499a368{ip: 192.168.5.139, host: pr-hdds-1786-trunk-k6rzm-1803654198, networkLocation: /default-rack, certSerialId: null}b72696e0-9c4e-4740-8bcd-ca4650f90538{ip: 192.168.5.139, host: pr-hdds-1786-trunk-k6rzm-1803654198, networkLocation: /default-rack, certSerialId: null}a2905edf-b9c1-421a-8807-b5d3e2a2f0d1{ip: 192.168.5.139, host: pr-hdds-1786-trunk-k6rzm-1803654198, networkLocation: /default-rack, certSerialId: null}, Type:RATIS, Factor:THREE, State:CLOSED]
2019-09-10 18:41:10,894 [grpc-default-executor-3] INFO  segmented.SegmentedRaftLogWorker (SegmentedRaftLogWorker.java:close(228)) - a2905edf-b9c1-421a-8807-b5d3e2a2f0d1@group-5CC95CFBF3DB-SegmentedRaftLogWorker close()
2019-09-10 18:41:10,914 [grpc-default-executor-3] INFO  interfaces.Container (KeyValueContainer.java:flushAndSyncDB(386)) - Container 2 is synced with bcsId 6.
2019-09-10 18:41:10,916 [grpc-default-executor-3] INFO  interfaces.Container (KeyValueContainer.java:flushAndSyncDB(386)) - Container 2 is synced with bcsId 6.
2019-09-10 18:41:11,057 [grpc-default-executor-3] INFO  interfaces.Container (KeyValueContainer.java:flushAndSyncDB(386)) - Container 3 is synced with bcsId 0.
2019-09-10 18:41:11,058 [grpc-default-executor-3] INFO  interfaces.Container (KeyValueContainer.java:flushAndSyncDB(386)) - Container 3 is synced with bcsId 0.
2019-09-10 18:41:11,088 [RatisPipelineUtilsThread] INFO  pipeline.PipelineStateManager (PipelineStateManager.java:removePipeline(108)) - Pipeline Pipeline[ Id: 7bf794f4-70ce-4b1b-9a52-5cc95cfbf3db, Nodes: 4d5e76d1-94b4-4344-b272-620ca499a368{ip: 192.168.5.139, host: pr-hdds-1786-trunk-k6rzm-1803654198, networkLocation: /default-rack, certSerialId: null}b72696e0-9c4e-4740-8bcd-ca4650f90538{ip: 192.168.5.139, host: pr-hdds-1786-trunk-k6rzm-1803654198, networkLocation: /default-rack, certSerialId: null}a2905edf-b9c1-421a-8807-b5d3e2a2f0d1{ip: 192.168.5.139, host: pr-hdds-1786-trunk-k6rzm-1803654198, networkLocation: /default-rack, certSerialId: null}, Type:RATIS, Factor:THREE, State:CLOSED] removed from db
2019-09-10 18:41:11,105 [grpc-default-executor-3] INFO  impl.RaftServerProxy (RaftServerProxy.java:addNew(89)) - b72696e0-9c4e-4740-8bcd-ca4650f90538: addNew group-23E12DAC9301:[b72696e0-9c4e-4740-8bcd-ca4650f90538:192.168.5.139:36803, 4d5e76d1-94b4-4344-b272-620ca499a368:192.168.5.139:43319, a2905edf-b9c1-421a-8807-b5d3e2a2f0d1:192.168.5.139:42187] returns group-23E12DAC9301:java.util.concurrent.CompletableFuture@62ba0a6a[Not completed]
2019-09-10 18:41:11,105 [grpc-default-executor-0] INFO  impl.RaftServerProxy (RaftServerProxy.java:addNew(89)) - 4d5e76d1-94b4-4344-b272-620ca499a368: addNew group-23E12DAC9301:[b72696e0-9c4e-4740-8bcd-ca4650f90538:192.168.5.139:36803, 4d5e76d1-94b4-4344-b272-620ca499a368:192.168.5.139:43319, a2905edf-b9c1-421a-8807-b5d3e2a2f0d1:192.168.5.139:42187] returns group-23E12DAC9301:java.util.concurrent.CompletableFuture@6407f04a[Not completed]
2019-09-10 18:41:11,105 [grpc-default-executor-2] INFO  impl.RaftServerProxy (RaftServerProxy.java:addNew(89)) - a2905edf-b9c1-421a-8807-b5d3e2a2f0d1: addNew group-23E12DAC9301:[b72696e0-9c4e-4740-8bcd-ca4650f90538:192.168.5.139:36803, 4d5e76d1-94b4-4344-b272-620ca499a368:192.168.5.139:43319, a2905edf-b9c1-421a-8807-b5d3e2a2f0d1:192.168.5.139:42187] returns group-23E12DAC9301:java.util.concurrent.CompletableFuture@18ffe66a[Not completed]
2019-09-10 18:41:11,107 [pool-77-thread-1] INFO  impl.RaftServerImpl (RaftServerImpl.java:<init>(95)) - b72696e0-9c4e-4740-8bcd-ca4650f90538: new RaftServerImpl for group-23E12DAC9301:[b72696e0-9c4e-4740-8bcd-ca4650f90538:192.168.5.139:36803, 4d5e76d1-94b4-4344-b272-620ca499a368:192.168.5.139:43319, a2905edf-b9c1-421a-8807-b5d3e2a2f0d1:192.168.5.139:42187] with ContainerStateMachine:uninitialized
2019-09-10 18:41:11,108 [pool-77-thread-1] INFO  server.RaftServerConfigKeys (ConfUtils.java:logGet(43)) - raft.server.rpc.timeout.min = 5s (custom)
2019-09-10 18:41:11,108 [pool-77-thread-1] INFO  server.RaftServerConfigKeys (ConfUtils.java:logGet(43)) - raft.server.rpc.timeout.max = 5200ms (custom)
2019-09-10 18:41:11,108 [pool-77-thread-1] INFO  server.RaftServerConfigKeys (ConfUtils.java:logGet(43)) - raft.server.rpcslowness.timeout = 120s (custom)
2019-09-10 18:41:11,108 [pool-77-thread-1] INFO  server.RaftServerConfigKeys (ConfUtils.java:logGet(43)) - raft.server.sleep.deviation.threshold = 300 (default)
2019-09-10 18:41:11,108 [pool-77-thread-1] INFO  server.RaftServerConfigKeys (ConfUtils.java:logGet(43)) - raft.server.log.appender.install.snapshot.enabled = false (custom)
2019-09-10 18:41:11,108 [pool-77-thread-1] INFO  impl.RaftServerImpl (ServerState.java:<init>(103)) - b72696e0-9c4e-4740-8bcd-ca4650f90538@group-23E12DAC9301: ConfigurationManager, init=-1: [b72696e0-9c4e-4740-8bcd-ca4650f90538:192.168.5.139:36803, 4d5e76d1-94b4-4344-b272-620ca499a368:192.168.5.139:43319, a2905edf-b9c1-421a-8807-b5d3e2a2f0d1:192.168.5.139:42187], old=null, confs=<EMPTY_MAP>
2019-09-10 18:41:11,108 [pool-57-thread-1] INFO  impl.RaftServerImpl (RaftServerImpl.java:<init>(95)) - 4d5e76d1-94b4-4344-b272-620ca499a368: new RaftServerImpl for group-23E12DAC9301:[b72696e0-9c4e-4740-8bcd-ca4650f90538:192.168.5.139:36803, 4d5e76d1-94b4-4344-b272-620ca499a368:192.168.5.139:43319, a2905edf-b9c1-421a-8807-b5d3e2a2f0d1:192.168.5.139:42187] with ContainerStateMachine:uninitialized
2019-09-10 18:41:11,108 [pool-77-thread-1] INFO  server.RaftServerConfigKeys (ConfUtils.java:logGet(43)) - raft.server.storage.dir = [/workdir/hadoop-ozone/integration-test/target/test-dir/MiniOzoneClusterImpl-27fa055b-1dd0-4a05-b5b8-5375f262b16d/datanode-5/data/ratis] (custom)
2019-09-10 18:41:11,109 [pool-57-thread-1] INFO  server.RaftServerConfigKeys (ConfUtils.java:logGet(43)) - raft.server.rpc.timeout.min = 5s (custom)
2019-09-10 18:41:11,109 [pool-57-thread-1] INFO  server.RaftServerConfigKeys (ConfUtils.java:logGet(43)) - raft.server.rpc.timeout.max = 5200ms (custom)
2019-09-10 18:41:11,109 [pool-77-thread-1] INFO  storage.RaftStorageDirectory (RaftStorageDirectory.java:analyzeStorage(246)) - The storage directory /workdir/hadoop-ozone/integration-test/target/test-dir/MiniOzoneClusterImpl-27fa055b-1dd0-4a05-b5b8-5375f262b16d/datanode-5/data/ratis/a949f866-3595-4f72-be7a-23e12dac9301 does not exist. Creating ...
2019-09-10 18:41:11,109 [pool-57-thread-1] INFO  server.RaftServerConfigKeys (ConfUtils.java:logGet(43)) - raft.server.rpcslowness.timeout = 120s (custom)
2019-09-10 18:41:11,109 [pool-57-thread-1] INFO  server.RaftServerConfigKeys (ConfUtils.java:logGet(43)) - raft.server.sleep.deviation.threshold = 300 (default)
2019-09-10 18:41:11,109 [pool-67-thread-1] INFO  impl.RaftServerImpl (RaftServerImpl.java:<init>(95)) - a2905edf-b9c1-421a-8807-b5d3e2a2f0d1: new RaftServerImpl for group-23E12DAC9301:[b72696e0-9c4e-4740-8bcd-ca4650f90538:192.168.5.139:36803, 4d5e76d1-94b4-4344-b272-620ca499a368:192.168.5.139:43319, a2905edf-b9c1-421a-8807-b5d3e2a2f0d1:192.168.5.139:42187] with ContainerStateMachine:uninitialized
2019-09-10 18:41:11,109 [pool-57-thread-1] INFO  server.RaftServerConfigKeys (ConfUtils.java:logGet(43)) - raft.server.log.appender.install.snapshot.enabled = false (custom)
2019-09-10 18:41:11,109 [pool-67-thread-1] INFO  server.RaftServerConfigKeys (ConfUtils.java:logGet(43)) - raft.server.rpc.timeout.min = 5s (custom)
2019-09-10 18:41:11,109 [pool-57-thread-1] INFO  impl.RaftServerImpl (ServerState.java:<init>(103)) - 4d5e76d1-94b4-4344-b272-620ca499a368@group-23E12DAC9301: ConfigurationManager, init=-1: [b72696e0-9c4e-4740-8bcd-ca4650f90538:192.168.5.139:36803, 4d5e76d1-94b4-4344-b272-620ca499a368:192.168.5.139:43319, a2905edf-b9c1-421a-8807-b5d3e2a2f0d1:192.168.5.139:42187], old=null, confs=<EMPTY_MAP>
2019-09-10 18:41:11,110 [pool-67-thread-1] INFO  server.RaftServerConfigKeys (ConfUtils.java:logGet(43)) - raft.server.rpc.timeout.max = 5200ms (custom)
2019-09-10 18:41:11,110 [pool-57-thread-1] INFO  server.RaftServerConfigKeys (ConfUtils.java:logGet(43)) - raft.server.storage.dir = [/workdir/hadoop-ozone/integration-test/target/test-dir/MiniOzoneClusterImpl-27fa055b-1dd0-4a05-b5b8-5375f262b16d/datanode-3/data/ratis] (custom)
2019-09-10 18:41:11,110 [pool-67-thread-1] INFO  server.RaftServerConfigKeys (ConfUtils.java:logGet(43)) - raft.server.rpcslowness.timeout = 120s (custom)
2019-09-10 18:41:11,110 [pool-67-thread-1] INFO  server.RaftServerConfigKeys (ConfUtils.java:logGet(43)) - raft.server.sleep.deviation.threshold = 300 (default)
2019-09-10 18:41:11,110 [pool-67-thread-1] INFO  server.RaftServerConfigKeys (ConfUtils.java:logGet(43)) - raft.server.log.appender.install.snapshot.enabled = false (custom)
2019-09-10 18:41:11,110 [pool-57-thread-1] INFO  storage.RaftStorageDirectory (RaftStorageDirectory.java:analyzeStorage(246)) - The storage directory /workdir/hadoop-ozone/integration-test/target/test-dir/MiniOzoneClusterImpl-27fa055b-1dd0-4a05-b5b8-5375f262b16d/datanode-3/data/ratis/a949f866-3595-4f72-be7a-23e12dac9301 does not exist. Creating ...
2019-09-10 18:41:11,110 [pool-67-thread-1] INFO  impl.RaftServerImpl (ServerState.java:<init>(103)) - a2905edf-b9c1-421a-8807-b5d3e2a2f0d1@group-23E12DAC9301: ConfigurationManager, init=-1: [b72696e0-9c4e-4740-8bcd-ca4650f90538:192.168.5.139:36803, 4d5e76d1-94b4-4344-b272-620ca499a368:192.168.5.139:43319, a2905edf-b9c1-421a-8807-b5d3e2a2f0d1:192.168.5.139:42187], old=null, confs=<EMPTY_MAP>
2019-09-10 18:41:11,110 [pool-67-thread-1] INFO  server.RaftServerConfigKeys (ConfUtils.java:logGet(43)) - raft.server.storage.dir = [/workdir/hadoop-ozone/integration-test/target/test-dir/MiniOzoneClusterImpl-27fa055b-1dd0-4a05-b5b8-5375f262b16d/datanode-4/data/ratis] (custom)
2019-09-10 18:41:11,111 [pool-67-thread-1] INFO  storage.RaftStorageDirectory (RaftStorageDirectory.java:analyzeStorage(246)) - The storage directory /workdir/hadoop-ozone/integration-test/target/test-dir/MiniOzoneClusterImpl-27fa055b-1dd0-4a05-b5b8-5375f262b16d/datanode-4/data/ratis/a949f866-3595-4f72-be7a-23e12dac9301 does not exist. Creating ...
2019-09-10 18:41:11,125 [pool-57-thread-1] INFO  storage.RaftStorageDirectory (RaftStorageDirectory.java:tryLock(328)) - Lock on /workdir/hadoop-ozone/integration-test/target/test-dir/MiniOzoneClusterImpl-27fa055b-1dd0-4a05-b5b8-5375f262b16d/datanode-3/data/ratis/a949f866-3595-4f72-be7a-23e12dac9301/in_use.lock acquired by nodename 6168@pr-hdds-1786-trunk-k6rzm-1803654198
2019-09-10 18:41:11,125 [pool-67-thread-1] INFO  storage.RaftStorageDirectory (RaftStorageDirectory.java:tryLock(328)) - Lock on /workdir/hadoop-ozone/integration-test/target/test-dir/MiniOzoneClusterImpl-27fa055b-1dd0-4a05-b5b8-5375f262b16d/datanode-4/data/ratis/a949f866-3595-4f72-be7a-23e12dac9301/in_use.lock acquired by nodename 6168@pr-hdds-1786-trunk-k6rzm-1803654198
2019-09-10 18:41:11,125 [pool-77-thread-1] INFO  storage.RaftStorageDirectory (RaftStorageDirectory.java:tryLock(328)) - Lock on /workdir/hadoop-ozone/integration-test/target/test-dir/MiniOzoneClusterImpl-27fa055b-1dd0-4a05-b5b8-5375f262b16d/datanode-5/data/ratis/a949f866-3595-4f72-be7a-23e12dac9301/in_use.lock acquired by nodename 6168@pr-hdds-1786-trunk-k6rzm-1803654198
2019-09-10 18:41:11,143 [pool-77-thread-1] INFO  storage.RaftStorage (RaftStorage.java:format(72)) - Storage directory /workdir/hadoop-ozone/integration-test/target/test-dir/MiniOzoneClusterImpl-27fa055b-1dd0-4a05-b5b8-5375f262b16d/datanode-5/data/ratis/a949f866-3595-4f72-be7a-23e12dac9301 has been successfully formatted.
2019-09-10 18:41:11,143 [pool-67-thread-1] INFO  storage.RaftStorage (RaftStorage.java:format(72)) - Storage directory /workdir/hadoop-ozone/integration-test/target/test-dir/MiniOzoneClusterImpl-27fa055b-1dd0-4a05-b5b8-5375f262b16d/datanode-4/data/ratis/a949f866-3595-4f72-be7a-23e12dac9301 has been successfully formatted.
2019-09-10 18:41:11,143 [pool-57-thread-1] INFO  storage.RaftStorage (RaftStorage.java:format(72)) - Storage directory /workdir/hadoop-ozone/integration-test/target/test-dir/MiniOzoneClusterImpl-27fa055b-1dd0-4a05-b5b8-5375f262b16d/datanode-3/data/ratis/a949f866-3595-4f72-be7a-23e12dac9301 has been successfully formatted.
2019-09-10 18:41:11,143 [pool-77-thread-1] INFO  ratis.ContainerStateMachine (ContainerStateMachine.java:loadSnapshot(230)) - group-23E12DAC9301: The snapshot info is null. Setting the last applied indexto:(t:0, i:~)
2019-09-10 18:41:11,143 [pool-67-thread-1] INFO  ratis.ContainerStateMachine (ContainerStateMachine.java:loadSnapshot(230)) - group-23E12DAC9301: The snapshot info is null. Setting the last applied indexto:(t:0, i:~)
2019-09-10 18:41:11,143 [pool-57-thread-1] INFO  ratis.ContainerStateMachine (ContainerStateMachine.java:loadSnapshot(230)) - group-23E12DAC9301: The snapshot info is null. Setting the last applied indexto:(t:0, i:~)
2019-09-10 18:41:11,143 [pool-77-thread-1] INFO  server.RaftServerConfigKeys (ConfUtils.java:logGet(43)) - raft.server.notification.no-leader.timeout = 120s (custom)
2019-09-10 18:41:11,143 [pool-57-thread-1] INFO  server.RaftServerConfigKeys (ConfUtils.java:logGet(43)) - raft.server.notification.no-leader.timeout = 120s (custom)
2019-09-10 18:41:11,143 [pool-67-thread-1] INFO  server.RaftServerConfigKeys (ConfUtils.java:logGet(43)) - raft.server.notification.no-leader.timeout = 120s (custom)
2019-09-10 18:41:11,144 [pool-57-thread-1] INFO  server.RaftServerConfigKeys (ConfUtils.java:logGet(43)) - raft.server.log.use.memory = false (default)
2019-09-10 18:41:11,144 [pool-77-thread-1] INFO  server.RaftServerConfigKeys (ConfUtils.java:logGet(43)) - raft.server.log.use.memory = false (default)
2019-09-10 18:41:11,144 [pool-57-thread-1] INFO  server.RaftServerConfigKeys (ConfUtils.java:logGet(43)) - raft.server.log.purge.gap = 1000000 (custom)
2019-09-10 18:41:11,144 [pool-67-thread-1] INFO  server.RaftServerConfigKeys (ConfUtils.java:logGet(43)) - raft.server.log.use.memory = false (default)
2019-09-10 18:41:11,144 [pool-57-thread-1] INFO  server.RaftServerConfigKeys (ConfUtils.java:logGet(43)) - raft.server.log.appender.buffer.byte-limit = 33554432 (custom)
2019-09-10 18:41:11,144 [pool-77-thread-1] INFO  server.RaftServerConfigKeys (ConfUtils.java:logGet(43)) - raft.server.log.purge.gap = 1000000 (custom)
2019-09-10 18:41:11,144 [pool-57-thread-1] INFO  server.RaftServerConfigKeys (ConfUtils.java:logGet(43)) - raft.server.log.segment.size.max = 1048576 (custom)
2019-09-10 18:41:11,144 [pool-67-thread-1] INFO  server.RaftServerConfigKeys (ConfUtils.java:logGet(43)) - raft.server.log.purge.gap = 1000000 (custom)
2019-09-10 18:41:11,145 [pool-57-thread-1] INFO  server.RaftServerConfigKeys (ConfUtils.java:logGet(43)) - raft.server.log.segment.cache.num.max = 2 (custom)
2019-09-10 18:41:11,145 [pool-77-thread-1] INFO  server.RaftServerConfigKeys (ConfUtils.java:logGet(43)) - raft.server.log.appender.buffer.byte-limit = 33554432 (custom)
2019-09-10 18:41:11,145 [pool-57-thread-1] INFO  segmented.SegmentedRaftLogWorker (SegmentedRaftLogWorker.java:<init>(172)) - new 4d5e76d1-94b4-4344-b272-620ca499a368@group-23E12DAC9301-SegmentedRaftLogWorker for RaftStorage:Storage Directory /workdir/hadoop-ozone/integration-test/target/test-dir/MiniOzoneClusterImpl-27fa055b-1dd0-4a05-b5b8-5375f262b16d/datanode-3/data/ratis/a949f866-3595-4f72-be7a-23e12dac9301
2019-09-10 18:41:11,145 [pool-67-thread-1] INFO  server.RaftServerConfigKeys (ConfUtils.java:logGet(43)) - raft.server.log.appender.buffer.byte-limit = 33554432 (custom)
2019-09-10 18:41:11,145 [pool-57-thread-1] INFO  server.RaftServerConfigKeys (ConfUtils.java:logGet(43)) - raft.server.log.queue.byte-limit = 2147483647 (custom)
2019-09-10 18:41:11,145 [pool-77-thread-1] INFO  server.RaftServerConfigKeys (ConfUtils.java:logGet(43)) - raft.server.log.segment.size.max = 1048576 (custom)
2019-09-10 18:41:11,146 [pool-57-thread-1] INFO  server.RaftServerConfigKeys (ConfUtils.java:logGet(43)) - raft.server.log.queue.element-limit = 1024 (custom)
2019-09-10 18:41:11,145 [pool-67-thread-1] INFO  server.RaftServerConfigKeys (ConfUtils.java:logGet(43)) - raft.server.log.segment.size.max = 1048576 (custom)
2019-09-10 18:41:11,146 [pool-57-thread-1] INFO  server.RaftServerConfigKeys (ConfUtils.java:logGet(43)) - raft.server.log.segment.size.max = 1048576 (custom)
2019-09-10 18:41:11,146 [pool-77-thread-1] INFO  server.RaftServerConfigKeys (ConfUtils.java:logGet(43)) - raft.server.log.segment.cache.num.max = 2 (custom)
2019-09-10 18:41:11,146 [pool-57-thread-1] INFO  server.RaftServerConfigKeys (ConfUtils.java:logGet(43)) - raft.server.log.preallocated.size = 16384 (custom)
2019-09-10 18:41:11,146 [pool-67-thread-1] INFO  server.RaftServerConfigKeys (ConfUtils.java:logGet(43)) - raft.server.log.segment.cache.num.max = 2 (custom)
2019-09-10 18:41:11,146 [pool-57-thread-1] INFO  server.RaftServerConfigKeys (ConfUtils.java:logGet(43)) - raft.server.log.write.buffer.size = 33554432 (custom)
2019-09-10 18:41:11,146 [pool-77-thread-1] INFO  segmented.SegmentedRaftLogWorker (SegmentedRaftLogWorker.java:<init>(172)) - new b72696e0-9c4e-4740-8bcd-ca4650f90538@group-23E12DAC9301-SegmentedRaftLogWorker for RaftStorage:Storage Directory /workdir/hadoop-ozone/integration-test/target/test-dir/MiniOzoneClusterImpl-27fa055b-1dd0-4a05-b5b8-5375f262b16d/datanode-5/data/ratis/a949f866-3595-4f72-be7a-23e12dac9301
2019-09-10 18:41:11,147 [pool-57-thread-1] INFO  server.RaftServerConfigKeys (ConfUtils.java:logGet(43)) - raft.server.log.force.sync.num = 128 (default)
2019-09-10 18:41:11,147 [pool-67-thread-1] INFO  segmented.SegmentedRaftLogWorker (SegmentedRaftLogWorker.java:<init>(172)) - new a2905edf-b9c1-421a-8807-b5d3e2a2f0d1@group-23E12DAC9301-SegmentedRaftLogWorker for RaftStorage:Storage Directory /workdir/hadoop-ozone/integration-test/target/test-dir/MiniOzoneClusterImpl-27fa055b-1dd0-4a05-b5b8-5375f262b16d/datanode-4/data/ratis/a949f866-3595-4f72-be7a-23e12dac9301
2019-09-10 18:41:11,147 [pool-57-thread-1] INFO  server.RaftServerConfigKeys (ConfUtils.java:logGet(43)) - raft.server.log.statemachine.data.sync = true (default)
2019-09-10 18:41:11,147 [pool-77-thread-1] INFO  server.RaftServerConfigKeys (ConfUtils.java:logGet(43)) - raft.server.log.queue.byte-limit = 2147483647 (custom)
2019-09-10 18:41:11,147 [pool-57-thread-1] INFO  server.RaftServerConfigKeys (ConfUtils.java:logGet(43)) - raft.server.log.statemachine.data.sync.timeout = 10s (default)
2019-09-10 18:41:11,147 [pool-67-thread-1] INFO  server.RaftServerConfigKeys (ConfUtils.java:logGet(43)) - raft.server.log.queue.byte-limit = 2147483647 (custom)
2019-09-10 18:41:11,148 [pool-57-thread-1] INFO  server.RaftServerConfigKeys (ConfUtils.java:logGet(43)) - raft.server.log.statemachine.data.sync.timeout.retry = -1 (default)
2019-09-10 18:41:11,147 [pool-77-thread-1] INFO  server.RaftServerConfigKeys (ConfUtils.java:logGet(43)) - raft.server.log.queue.element-limit = 1024 (custom)
2019-09-10 18:41:11,148 [pool-57-thread-1] INFO  server.RaftServerConfigKeys (ConfUtils.java:logGet(43)) - raft.server.log.statemachine.data.caching.enabled = true (custom)
2019-09-10 18:41:11,148 [pool-67-thread-1] INFO  server.RaftServerConfigKeys (ConfUtils.java:logGet(43)) - raft.server.log.queue.element-limit = 1024 (custom)
2019-09-10 18:41:11,148 [pool-77-thread-1] INFO  server.RaftServerConfigKeys (ConfUtils.java:logGet(43)) - raft.server.log.segment.size.max = 1048576 (custom)
2019-09-10 18:41:11,148 [pool-67-thread-1] INFO  server.RaftServerConfigKeys (ConfUtils.java:logGet(43)) - raft.server.log.segment.size.max = 1048576 (custom)
2019-09-10 18:41:11,148 [pool-57-thread-1] INFO  segmented.SegmentedRaftLogWorker (SegmentedRaftLogWorker.java:lambda$new$0(132)) - 4d5e76d1-94b4-4344-b272-620ca499a368@group-23E12DAC9301-SegmentedRaftLogWorker: flushIndex: setUnconditionally 0 -> -1
2019-09-10 18:41:11,148 [pool-77-thread-1] INFO  server.RaftServerConfigKeys (ConfUtils.java:logGet(43)) - raft.server.log.preallocated.size = 16384 (custom)
2019-09-10 18:41:11,149 [pool-67-thread-1] INFO  server.RaftServerConfigKeys (ConfUtils.java:logGet(43)) - raft.server.log.preallocated.size = 16384 (custom)
2019-09-10 18:41:11,149 [pool-77-thread-1] INFO  server.RaftServerConfigKeys (ConfUtils.java:logGet(43)) - raft.server.log.write.buffer.size = 33554432 (custom)
2019-09-10 18:41:11,149 [pool-57-thread-1] INFO  server.RaftServerConfigKeys (ConfUtils.java:logGet(43)) - raft.server.snapshot.auto.trigger.enabled = true (custom)
2019-09-10 18:41:11,149 [pool-67-thread-1] INFO  server.RaftServerConfigKeys (ConfUtils.java:logGet(43)) - raft.server.log.write.buffer.size = 33554432 (custom)
2019-09-10 18:41:11,149 [pool-57-thread-1] INFO  server.RaftServerConfigKeys (ConfUtils.java:logGet(43)) - raft.server.snapshot.auto.trigger.threshold = 10000 (custom)
2019-09-10 18:41:11,149 [pool-77-thread-1] INFO  server.RaftServerConfigKeys (ConfUtils.java:logGet(43)) - raft.server.log.force.sync.num = 128 (default)
2019-09-10 18:41:11,149 [pool-57-thread-1] INFO  server.RaftServerConfigKeys (ConfUtils.java:logGet(43)) - raft.server.snapshot.retention.num.files = 5 (custom)
2019-09-10 18:41:11,149 [pool-67-thread-1] INFO  server.RaftServerConfigKeys (ConfUtils.java:logGet(43)) - raft.server.log.force.sync.num = 128 (default)
2019-09-10 18:41:11,150 [pool-57-thread-1] INFO  server.RaftServerConfigKeys (ConfUtils.java:logGet(43)) - raft.server.retrycache.expirytime = 600000ms (custom)
2019-09-10 18:41:11,150 [pool-77-thread-1] INFO  server.RaftServerConfigKeys (ConfUtils.java:logGet(43)) - raft.server.log.statemachine.data.sync = true (default)
2019-09-10 18:41:11,150 [pool-67-thread-1] INFO  server.RaftServerConfigKeys (ConfUtils.java:logGet(43)) - raft.server.log.statemachine.data.sync = true (default)
2019-09-10 18:41:11,150 [pool-77-thread-1] INFO  server.RaftServerConfigKeys (ConfUtils.java:logGet(43)) - raft.server.log.statemachine.data.sync.timeout = 10s (default)
2019-09-10 18:41:11,150 [pool-67-thread-1] INFO  server.RaftServerConfigKeys (ConfUtils.java:logGet(43)) - raft.server.log.statemachine.data.sync.timeout = 10s (default)
2019-09-10 18:41:11,150 [pool-77-thread-1] INFO  server.RaftServerConfigKeys (ConfUtils.java:logGet(43)) - raft.server.log.statemachine.data.sync.timeout.retry = -1 (default)
2019-09-10 18:41:11,151 [pool-67-thread-1] INFO  server.RaftServerConfigKeys (ConfUtils.java:logGet(43)) - raft.server.log.statemachine.data.sync.timeout.retry = -1 (default)
2019-09-10 18:41:11,151 [pool-77-thread-1] INFO  server.RaftServerConfigKeys (ConfUtils.java:logGet(43)) - raft.server.log.statemachine.data.caching.enabled = true (custom)
2019-09-10 18:41:11,151 [pool-67-thread-1] INFO  server.RaftServerConfigKeys (ConfUtils.java:logGet(43)) - raft.server.log.statemachine.data.caching.enabled = true (custom)
2019-09-10 18:41:11,151 [pool-77-thread-1] INFO  segmented.SegmentedRaftLogWorker (SegmentedRaftLogWorker.java:lambda$new$0(132)) - b72696e0-9c4e-4740-8bcd-ca4650f90538@group-23E12DAC9301-SegmentedRaftLogWorker: flushIndex: setUnconditionally 0 -> -1
2019-09-10 18:41:11,151 [pool-67-thread-1] INFO  segmented.SegmentedRaftLogWorker (SegmentedRaftLogWorker.java:lambda$new$0(132)) - a2905edf-b9c1-421a-8807-b5d3e2a2f0d1@group-23E12DAC9301-SegmentedRaftLogWorker: flushIndex: setUnconditionally 0 -> -1
2019-09-10 18:41:11,151 [pool-77-thread-1] INFO  server.RaftServerConfigKeys (ConfUtils.java:logGet(43)) - raft.server.snapshot.auto.trigger.enabled = true (custom)
2019-09-10 18:41:11,152 [pool-67-thread-1] INFO  server.RaftServerConfigKeys (ConfUtils.java:logGet(43)) - raft.server.snapshot.auto.trigger.enabled = true (custom)
2019-09-10 18:41:11,152 [pool-77-thread-1] INFO  server.RaftServerConfigKeys (ConfUtils.java:logGet(43)) - raft.server.snapshot.auto.trigger.threshold = 10000 (custom)
2019-09-10 18:41:11,152 [pool-67-thread-1] INFO  server.RaftServerConfigKeys (ConfUtils.java:logGet(43)) - raft.server.snapshot.auto.trigger.threshold = 10000 (custom)
2019-09-10 18:41:11,152 [pool-77-thread-1] INFO  server.RaftServerConfigKeys (ConfUtils.java:logGet(43)) - raft.server.snapshot.retention.num.files = 5 (custom)
2019-09-10 18:41:11,152 [pool-67-thread-1] INFO  server.RaftServerConfigKeys (ConfUtils.java:logGet(43)) - raft.server.snapshot.retention.num.files = 5 (custom)
2019-09-10 18:41:11,152 [pool-77-thread-1] INFO  server.RaftServerConfigKeys (ConfUtils.java:logGet(43)) - raft.server.retrycache.expirytime = 600000ms (custom)
2019-09-10 18:41:11,152 [pool-67-thread-1] INFO  server.RaftServerConfigKeys (ConfUtils.java:logGet(43)) - raft.server.retrycache.expirytime = 600000ms (custom)
2019-09-10 18:41:11,155 [pool-57-thread-1] INFO  impl.RaftServerImpl (RaftServerImpl.java:start(185)) - 4d5e76d1-94b4-4344-b272-620ca499a368@group-23E12DAC9301: start as a follower, conf=-1: [b72696e0-9c4e-4740-8bcd-ca4650f90538:192.168.5.139:36803, 4d5e76d1-94b4-4344-b272-620ca499a368:192.168.5.139:43319, a2905edf-b9c1-421a-8807-b5d3e2a2f0d1:192.168.5.139:42187], old=null
2019-09-10 18:41:11,155 [pool-57-thread-1] INFO  impl.RaftServerImpl (RaftServerImpl.java:setRole(174)) - 4d5e76d1-94b4-4344-b272-620ca499a368@group-23E12DAC9301: changes role from      null to FOLLOWER at term 0 for startAsFollower
2019-09-10 18:41:11,156 [pool-57-thread-1] INFO  impl.RoleInfo (RoleInfo.java:updateAndGet(143)) - 4d5e76d1-94b4-4344-b272-620ca499a368: start FollowerState
2019-09-10 18:41:11,156 [pool-57-thread-1] INFO  util.JmxRegister (JmxRegister.java:tryRegister(44)) - Successfully registered JMX Bean with object name Ratis:service=RaftServer,group=group-23E12DAC9301,id=4d5e76d1-94b4-4344-b272-620ca499a368
2019-09-10 18:41:11,156 [pool-77-thread-1] INFO  impl.RaftServerImpl (RaftServerImpl.java:start(185)) - b72696e0-9c4e-4740-8bcd-ca4650f90538@group-23E12DAC9301: start as a follower, conf=-1: [b72696e0-9c4e-4740-8bcd-ca4650f90538:192.168.5.139:36803, 4d5e76d1-94b4-4344-b272-620ca499a368:192.168.5.139:43319, a2905edf-b9c1-421a-8807-b5d3e2a2f0d1:192.168.5.139:42187], old=null
2019-09-10 18:41:11,157 [pool-77-thread-1] INFO  impl.RaftServerImpl (RaftServerImpl.java:setRole(174)) - b72696e0-9c4e-4740-8bcd-ca4650f90538@group-23E12DAC9301: changes role from      null to FOLLOWER at term 0 for startAsFollower
2019-09-10 18:41:11,157 [pool-67-thread-1] INFO  impl.RaftServerImpl (RaftServerImpl.java:start(185)) - a2905edf-b9c1-421a-8807-b5d3e2a2f0d1@group-23E12DAC9301: start as a follower, conf=-1: [b72696e0-9c4e-4740-8bcd-ca4650f90538:192.168.5.139:36803, 4d5e76d1-94b4-4344-b272-620ca499a368:192.168.5.139:43319, a2905edf-b9c1-421a-8807-b5d3e2a2f0d1:192.168.5.139:42187], old=null
2019-09-10 18:41:11,157 [pool-77-thread-1] INFO  impl.RoleInfo (RoleInfo.java:updateAndGet(143)) - b72696e0-9c4e-4740-8bcd-ca4650f90538: start FollowerState
2019-09-10 18:41:11,157 [pool-67-thread-1] INFO  impl.RaftServerImpl (RaftServerImpl.java:setRole(174)) - a2905edf-b9c1-421a-8807-b5d3e2a2f0d1@group-23E12DAC9301: changes role from      null to FOLLOWER at term 0 for startAsFollower
2019-09-10 18:41:11,157 [pool-67-thread-1] INFO  impl.RoleInfo (RoleInfo.java:updateAndGet(143)) - a2905edf-b9c1-421a-8807-b5d3e2a2f0d1: start FollowerState
2019-09-10 18:41:11,157 [pool-77-thread-1] INFO  util.JmxRegister (JmxRegister.java:tryRegister(44)) - Successfully registered JMX Bean with object name Ratis:service=RaftServer,group=group-23E12DAC9301,id=b72696e0-9c4e-4740-8bcd-ca4650f90538
2019-09-10 18:41:11,158 [pool-67-thread-1] INFO  util.JmxRegister (JmxRegister.java:tryRegister(44)) - Successfully registered JMX Bean with object name Ratis:service=RaftServer,group=group-23E12DAC9301,id=a2905edf-b9c1-421a-8807-b5d3e2a2f0d1
2019-09-10 18:41:11,169 [RatisPipelineUtilsThread] INFO  pipeline.PipelineStateManager (PipelineStateManager.java:addPipeline(56)) - Created pipeline Pipeline[ Id: a949f866-3595-4f72-be7a-23e12dac9301, Nodes: 4d5e76d1-94b4-4344-b272-620ca499a368{ip: 192.168.5.139, host: pr-hdds-1786-trunk-k6rzm-1803654198, networkLocation: /default-rack, certSerialId: null}b72696e0-9c4e-4740-8bcd-ca4650f90538{ip: 192.168.5.139, host: pr-hdds-1786-trunk-k6rzm-1803654198, networkLocation: /default-rack, certSerialId: null}a2905edf-b9c1-421a-8807-b5d3e2a2f0d1{ip: 192.168.5.139, host: pr-hdds-1786-trunk-k6rzm-1803654198, networkLocation: /default-rack, certSerialId: null}, Type:RATIS, Factor:THREE, State:OPEN]
2019-09-10 18:41:11,295 [main] WARN  io.KeyOutputStream (KeyOutputStream.java:handleException(276)) - Encountered exception java.io.IOException: Unexpected Storage Container Exception: java.util.concurrent.CompletionException: java.util.concurrent.CompletionException: org.apache.ratis.protocol.GroupMismatchException: a2905edf-b9c1-421a-8807-b5d3e2a2f0d1: group-5CC95CFBF3DB not found. on the pipeline Pipeline[ Id: 7bf794f4-70ce-4b1b-9a52-5cc95cfbf3db, Nodes: 4d5e76d1-94b4-4344-b272-620ca499a368{ip: 192.168.5.139, host: pr-hdds-1786-trunk-k6rzm-1803654198, networkLocation: /default-rack, certSerialId: null}b72696e0-9c4e-4740-8bcd-ca4650f90538{ip: 192.168.5.139, host: pr-hdds-1786-trunk-k6rzm-1803654198, networkLocation: /default-rack, certSerialId: null}a2905edf-b9c1-421a-8807-b5d3e2a2f0d1{ip: 192.168.5.139, host: pr-hdds-1786-trunk-k6rzm-1803654198, networkLocation: /default-rack, certSerialId: null}, Type:RATIS, Factor:THREE, State:OPEN]. The last committed block length is 0, uncommitted data length is 150 retry count 0
2019-09-10 18:41:11,337 [grpc-default-executor-2] INFO  client.GrpcClientProtocolClient (GrpcClientProtocolClient.java:onNext(264)) - client-D387AA9945EB->4d5e76d1-94b4-4344-b272-620ca499a368: receive RaftClientReply:client-D387AA9945EB->4d5e76d1-94b4-4344-b272-620ca499a368@group-23E12DAC9301, cid=30, FAILED org.apache.ratis.protocol.NotLeaderException: Server 4d5e76d1-94b4-4344-b272-620ca499a368@group-23E12DAC9301 is not the leader, logIndex=0, commits[4d5e76d1-94b4-4344-b272-620ca499a368:c-1]
2019-09-10 18:41:12,364 [grpc-default-executor-2] INFO  client.GrpcClientProtocolClient (GrpcClientProtocolClient.java:onNext(264)) - client-D387AA9945EB->a2905edf-b9c1-421a-8807-b5d3e2a2f0d1: receive RaftClientReply:client-D387AA9945EB->a2905edf-b9c1-421a-8807-b5d3e2a2f0d1@group-23E12DAC9301, cid=30, FAILED org.apache.ratis.protocol.NotLeaderException: Server a2905edf-b9c1-421a-8807-b5d3e2a2f0d1@group-23E12DAC9301 is not the leader, logIndex=0, commits[a2905edf-b9c1-421a-8807-b5d3e2a2f0d1:c-1]
2019-09-10 18:41:13,248 [grpc-default-executor-0] INFO  impl.RaftServerProxy (RaftServerProxy.java:remove(95)) - 4d5e76d1-94b4-4344-b272-620ca499a368: remove group-5CC95CFBF3DB:null
2019-09-10 18:41:13,260 [RatisPipelineUtilsThread] WARN  pipeline.RatisPipelineUtils (RatisPipelineUtils.java:destroyPipeline(66)) - Pipeline destroy failed for pipeline=PipelineID=7bf794f4-70ce-4b1b-9a52-5cc95cfbf3db dn=4d5e76d1-94b4-4344-b272-620ca499a368{ip: 192.168.5.139, host: pr-hdds-1786-trunk-k6rzm-1803654198, networkLocation: /default-rack, certSerialId: null}
2019-09-10 18:41:13,266 [grpc-default-executor-0] INFO  impl.RaftServerProxy (RaftServerProxy.java:remove(95)) - b72696e0-9c4e-4740-8bcd-ca4650f90538: remove group-5CC95CFBF3DB:null
2019-09-10 18:41:13,274 [RatisPipelineUtilsThread] WARN  pipeline.RatisPipelineUtils (RatisPipelineUtils.java:destroyPipeline(66)) - Pipeline destroy failed for pipeline=PipelineID=7bf794f4-70ce-4b1b-9a52-5cc95cfbf3db dn=b72696e0-9c4e-4740-8bcd-ca4650f90538{ip: 192.168.5.139, host: pr-hdds-1786-trunk-k6rzm-1803654198, networkLocation: /default-rack, certSerialId: null}
2019-09-10 18:41:13,286 [grpc-default-executor-0] INFO  impl.RaftServerProxy (RaftServerProxy.java:remove(95)) - a2905edf-b9c1-421a-8807-b5d3e2a2f0d1: remove group-5CC95CFBF3DB:null
2019-09-10 18:41:13,296 [RatisPipelineUtilsThread] WARN  pipeline.RatisPipelineUtils (RatisPipelineUtils.java:destroyPipeline(66)) - Pipeline destroy failed for pipeline=PipelineID=7bf794f4-70ce-4b1b-9a52-5cc95cfbf3db dn=a2905edf-b9c1-421a-8807-b5d3e2a2f0d1{ip: 192.168.5.139, host: pr-hdds-1786-trunk-k6rzm-1803654198, networkLocation: /default-rack, certSerialId: null}
2019-09-10 18:41:13,297 [RatisPipelineUtilsThread] ERROR pipeline.SCMPipelineManager (Scheduler.java:lambda$schedule$1(70)) - Destroy pipeline failed for pipeline:Pipeline[ Id: 7bf794f4-70ce-4b1b-9a52-5cc95cfbf3db, Nodes: 4d5e76d1-94b4-4344-b272-620ca499a368{ip: 192.168.5.139, host: pr-hdds-1786-trunk-k6rzm-1803654198, networkLocation: /default-rack, certSerialId: null}b72696e0-9c4e-4740-8bcd-ca4650f90538{ip: 192.168.5.139, host: pr-hdds-1786-trunk-k6rzm-1803654198, networkLocation: /default-rack, certSerialId: null}a2905edf-b9c1-421a-8807-b5d3e2a2f0d1{ip: 192.168.5.139, host: pr-hdds-1786-trunk-k6rzm-1803654198, networkLocation: /default-rack, certSerialId: null}, Type:RATIS, Factor:THREE, State:CLOSED]
org.apache.hadoop.hdds.scm.pipeline.PipelineNotFoundException: PipelineID=7bf794f4-70ce-4b1b-9a52-5cc95cfbf3db not found
	at org.apache.hadoop.hdds.scm.pipeline.PipelineStateMap.getPipeline(PipelineStateMap.java:132)
	at org.apache.hadoop.hdds.scm.pipeline.PipelineStateMap.removePipeline(PipelineStateMap.java:322)
	at org.apache.hadoop.hdds.scm.pipeline.PipelineStateManager.removePipeline(PipelineStateManager.java:107)
	at org.apache.hadoop.hdds.scm.pipeline.SCMPipelineManager.removePipeline(SCMPipelineManager.java:423)
	at org.apache.hadoop.hdds.scm.pipeline.SCMPipelineManager.destroyPipeline(SCMPipelineManager.java:409)
	at org.apache.hadoop.hdds.scm.pipeline.SCMPipelineManager.lambda$finalizeAndDestroyPipeline$0(SCMPipelineManager.java:318)
	at org.apache.hadoop.utils.Scheduler.lambda$schedule$1(Scheduler.java:68)
	at java.util.concurrent.Executors$RunnableAdapter.call(Executors.java:511)
	at java.util.concurrent.FutureTask.run(FutureTask.java:266)
	at java.util.concurrent.ScheduledThreadPoolExecutor$ScheduledFutureTask.access$201(ScheduledThreadPoolExecutor.java:180)
	at java.util.concurrent.ScheduledThreadPoolExecutor$ScheduledFutureTask.run(ScheduledThreadPoolExecutor.java:293)
	at java.util.concurrent.ThreadPoolExecutor.runWorker(ThreadPoolExecutor.java:1149)
	at java.util.concurrent.ThreadPoolExecutor$Worker.run(ThreadPoolExecutor.java:624)
	at java.lang.Thread.run(Thread.java:748)
2019-09-10 18:41:13,390 [grpc-default-executor-2] INFO  client.GrpcClientProtocolClient (GrpcClientProtocolClient.java:onNext(264)) - client-D387AA9945EB->b72696e0-9c4e-4740-8bcd-ca4650f90538: receive RaftClientReply:client-D387AA9945EB->b72696e0-9c4e-4740-8bcd-ca4650f90538@group-23E12DAC9301, cid=30, FAILED org.apache.ratis.protocol.NotLeaderException: Server b72696e0-9c4e-4740-8bcd-ca4650f90538@group-23E12DAC9301 is not the leader, logIndex=0, commits[b72696e0-9c4e-4740-8bcd-ca4650f90538:c-1]
2019-09-10 18:41:14,414 [grpc-default-executor-2] INFO  client.GrpcClientProtocolClient (GrpcClientProtocolClient.java:onNext(264)) - client-D387AA9945EB->a2905edf-b9c1-421a-8807-b5d3e2a2f0d1: receive RaftClientReply:client-D387AA9945EB->a2905edf-b9c1-421a-8807-b5d3e2a2f0d1@group-23E12DAC9301, cid=30, FAILED org.apache.ratis.protocol.NotLeaderException: Server a2905edf-b9c1-421a-8807-b5d3e2a2f0d1@group-23E12DAC9301 is not the leader, logIndex=0, commits[a2905edf-b9c1-421a-8807-b5d3e2a2f0d1:c-1]
2019-09-10 18:41:15,263 [grpc-default-executor-0] INFO  impl.RaftServerProxy (RaftServerProxy.java:remove(95)) - 4d5e76d1-94b4-4344-b272-620ca499a368: remove group-5CC95CFBF3DB:null
2019-09-10 18:41:15,272 [RatisPipelineUtilsThread] WARN  pipeline.RatisPipelineUtils (RatisPipelineUtils.java:destroyPipeline(66)) - Pipeline destroy failed for pipeline=PipelineID=7bf794f4-70ce-4b1b-9a52-5cc95cfbf3db dn=4d5e76d1-94b4-4344-b272-620ca499a368{ip: 192.168.5.139, host: pr-hdds-1786-trunk-k6rzm-1803654198, networkLocation: /default-rack, certSerialId: null}
2019-09-10 18:41:15,278 [grpc-default-executor-0] INFO  impl.RaftServerProxy (RaftServerProxy.java:remove(95)) - b72696e0-9c4e-4740-8bcd-ca4650f90538: remove group-5CC95CFBF3DB:null
2019-09-10 18:41:15,285 [RatisPipelineUtilsThread] WARN  pipeline.RatisPipelineUtils (RatisPipelineUtils.java:destroyPipeline(66)) - Pipeline destroy failed for pipeline=PipelineID=7bf794f4-70ce-4b1b-9a52-5cc95cfbf3db dn=b72696e0-9c4e-4740-8bcd-ca4650f90538{ip: 192.168.5.139, host: pr-hdds-1786-trunk-k6rzm-1803654198, networkLocation: /default-rack, certSerialId: null}
2019-09-10 18:41:15,291 [grpc-default-executor-0] INFO  impl.RaftServerProxy (RaftServerProxy.java:remove(95)) - a2905edf-b9c1-421a-8807-b5d3e2a2f0d1: remove group-5CC95CFBF3DB:null
2019-09-10 18:41:15,298 [RatisPipelineUtilsThread] WARN  pipeline.RatisPipelineUtils (RatisPipelineUtils.java:destroyPipeline(66)) - Pipeline destroy failed for pipeline=PipelineID=7bf794f4-70ce-4b1b-9a52-5cc95cfbf3db dn=a2905edf-b9c1-421a-8807-b5d3e2a2f0d1{ip: 192.168.5.139, host: pr-hdds-1786-trunk-k6rzm-1803654198, networkLocation: /default-rack, certSerialId: null}
2019-09-10 18:41:15,299 [RatisPipelineUtilsThread] ERROR pipeline.SCMPipelineManager (Scheduler.java:lambda$schedule$1(70)) - Destroy pipeline failed for pipeline:Pipeline[ Id: 7bf794f4-70ce-4b1b-9a52-5cc95cfbf3db, Nodes: 4d5e76d1-94b4-4344-b272-620ca499a368{ip: 192.168.5.139, host: pr-hdds-1786-trunk-k6rzm-1803654198, networkLocation: /default-rack, certSerialId: null}b72696e0-9c4e-4740-8bcd-ca4650f90538{ip: 192.168.5.139, host: pr-hdds-1786-trunk-k6rzm-1803654198, networkLocation: /default-rack, certSerialId: null}a2905edf-b9c1-421a-8807-b5d3e2a2f0d1{ip: 192.168.5.139, host: pr-hdds-1786-trunk-k6rzm-1803654198, networkLocation: /default-rack, certSerialId: null}, Type:RATIS, Factor:THREE, State:CLOSED]
org.apache.hadoop.hdds.scm.pipeline.PipelineNotFoundException: PipelineID=7bf794f4-70ce-4b1b-9a52-5cc95cfbf3db not found
	at org.apache.hadoop.hdds.scm.pipeline.PipelineStateMap.getPipeline(PipelineStateMap.java:132)
	at org.apache.hadoop.hdds.scm.pipeline.PipelineStateMap.removePipeline(PipelineStateMap.java:322)
	at org.apache.hadoop.hdds.scm.pipeline.PipelineStateManager.removePipeline(PipelineStateManager.java:107)
	at org.apache.hadoop.hdds.scm.pipeline.SCMPipelineManager.removePipeline(SCMPipelineManager.java:423)
	at org.apache.hadoop.hdds.scm.pipeline.SCMPipelineManager.destroyPipeline(SCMPipelineManager.java:409)
	at org.apache.hadoop.hdds.scm.pipeline.SCMPipelineManager.lambda$finalizeAndDestroyPipeline$0(SCMPipelineManager.java:318)
	at org.apache.hadoop.utils.Scheduler.lambda$schedule$1(Scheduler.java:68)
	at java.util.concurrent.Executors$RunnableAdapter.call(Executors.java:511)
	at java.util.concurrent.FutureTask.run(FutureTask.java:266)
	at java.util.concurrent.ScheduledThreadPoolExecutor$ScheduledFutureTask.access$201(ScheduledThreadPoolExecutor.java:180)
	at java.util.concurrent.ScheduledThreadPoolExecutor$ScheduledFutureTask.run(ScheduledThreadPoolExecutor.java:293)
	at java.util.concurrent.ThreadPoolExecutor.runWorker(ThreadPoolExecutor.java:1149)
	at java.util.concurrent.ThreadPoolExecutor$Worker.run(ThreadPoolExecutor.java:624)
	at java.lang.Thread.run(Thread.java:748)
2019-09-10 18:41:15,436 [grpc-default-executor-0] INFO  client.GrpcClientProtocolClient (GrpcClientProtocolClient.java:onNext(264)) - client-D387AA9945EB->b72696e0-9c4e-4740-8bcd-ca4650f90538: receive RaftClientReply:client-D387AA9945EB->b72696e0-9c4e-4740-8bcd-ca4650f90538@group-23E12DAC9301, cid=30, FAILED org.apache.ratis.protocol.NotLeaderException: Server b72696e0-9c4e-4740-8bcd-ca4650f90538@group-23E12DAC9301 is not the leader, logIndex=0, commits[b72696e0-9c4e-4740-8bcd-ca4650f90538:c-1]
2019-09-10 18:41:16,165 [Thread-833] INFO  impl.FollowerState (FollowerState.java:run(106)) - b72696e0-9c4e-4740-8bcd-ca4650f90538:group-23E12DAC9301 changes to CANDIDATE, lastRpcTime:5007, electionTimeout:5007ms
2019-09-10 18:41:16,165 [Thread-833] INFO  impl.RoleInfo (RoleInfo.java:shutdownFollowerState(121)) - b72696e0-9c4e-4740-8bcd-ca4650f90538: shutdown FollowerState
2019-09-10 18:41:16,166 [Thread-833] INFO  impl.RaftServerImpl (RaftServerImpl.java:setRole(174)) - b72696e0-9c4e-4740-8bcd-ca4650f90538@group-23E12DAC9301: changes role from  FOLLOWER to CANDIDATE at term 0 for changeToCandidate
2019-09-10 18:41:16,166 [Thread-833] INFO  impl.RoleInfo (RoleInfo.java:updateAndGet(143)) - b72696e0-9c4e-4740-8bcd-ca4650f90538: start LeaderElection
2019-09-10 18:41:16,219 [b72696e0-9c4e-4740-8bcd-ca4650f90538@group-23E12DAC9301:LeaderElection11] INFO  impl.LeaderElection (LeaderElection.java:askForVotes(182)) - b72696e0-9c4e-4740-8bcd-ca4650f90538@group-23E12DAC9301:LeaderElection11: begin an election at term 1 for -1: [b72696e0-9c4e-4740-8bcd-ca4650f90538:192.168.5.139:36803, 4d5e76d1-94b4-4344-b272-620ca499a368:192.168.5.139:43319, a2905edf-b9c1-421a-8807-b5d3e2a2f0d1:192.168.5.139:42187], old=null
2019-09-10 18:41:16,224 [Thread-835] INFO  impl.FollowerState (FollowerState.java:run(106)) - a2905edf-b9c1-421a-8807-b5d3e2a2f0d1:group-23E12DAC9301 changes to CANDIDATE, lastRpcTime:5066, electionTimeout:5066ms
2019-09-10 18:41:16,224 [Thread-835] INFO  impl.RoleInfo (RoleInfo.java:shutdownFollowerState(121)) - a2905edf-b9c1-421a-8807-b5d3e2a2f0d1: shutdown FollowerState
2019-09-10 18:41:16,224 [Thread-835] INFO  impl.RaftServerImpl (RaftServerImpl.java:setRole(174)) - a2905edf-b9c1-421a-8807-b5d3e2a2f0d1@group-23E12DAC9301: changes role from  FOLLOWER to CANDIDATE at term 0 for changeToCandidate
2019-09-10 18:41:16,225 [Thread-835] INFO  impl.RoleInfo (RoleInfo.java:updateAndGet(143)) - a2905edf-b9c1-421a-8807-b5d3e2a2f0d1: start LeaderElection
2019-09-10 18:41:16,242 [grpc-default-executor-0] INFO  impl.RaftServerImpl (RaftServerImpl.java:setRole(174)) - 4d5e76d1-94b4-4344-b272-620ca499a368@group-23E12DAC9301: changes role from  FOLLOWER to FOLLOWER at term 1 for recognizeCandidate:b72696e0-9c4e-4740-8bcd-ca4650f90538
2019-09-10 18:41:16,242 [grpc-default-executor-0] INFO  impl.RoleInfo (RoleInfo.java:shutdownFollowerState(121)) - 4d5e76d1-94b4-4344-b272-620ca499a368: shutdown FollowerState
2019-09-10 18:41:16,243 [grpc-default-executor-0] INFO  impl.RoleInfo (RoleInfo.java:updateAndGet(143)) - 4d5e76d1-94b4-4344-b272-620ca499a368: start FollowerState
2019-09-10 18:41:16,243 [Thread-832] INFO  impl.FollowerState (FollowerState.java:run(115)) - 4d5e76d1-94b4-4344-b272-620ca499a368: FollowerState was interrupted: java.lang.InterruptedException: sleep interrupted
2019-09-10 18:41:16,261 [a2905edf-b9c1-421a-8807-b5d3e2a2f0d1@group-23E12DAC9301:LeaderElection12] INFO  impl.LeaderElection (LeaderElection.java:askForVotes(182)) - a2905edf-b9c1-421a-8807-b5d3e2a2f0d1@group-23E12DAC9301:LeaderElection12: begin an election at term 1 for -1: [b72696e0-9c4e-4740-8bcd-ca4650f90538:192.168.5.139:36803, 4d5e76d1-94b4-4344-b272-620ca499a368:192.168.5.139:43319, a2905edf-b9c1-421a-8807-b5d3e2a2f0d1:192.168.5.139:42187], old=null
2019-09-10 18:41:16,263 [b72696e0-9c4e-4740-8bcd-ca4650f90538@group-23E12DAC9301:LeaderElection11] INFO  impl.LeaderElection (LeaderElection.java:logAndReturn(56)) - b72696e0-9c4e-4740-8bcd-ca4650f90538@group-23E12DAC9301:LeaderElection11: Election PASSED; received 1 response(s) [b72696e0-9c4e-4740-8bcd-ca4650f90538<-4d5e76d1-94b4-4344-b272-620ca499a368#0:OK-t1] and 0 exception(s); b72696e0-9c4e-4740-8bcd-ca4650f90538@group-23E12DAC9301:t1, leader=null, voted=b72696e0-9c4e-4740-8bcd-ca4650f90538, raftlog=b72696e0-9c4e-4740-8bcd-ca4650f90538@group-23E12DAC9301-SegmentedRaftLog:OPENED:c-1,f-1,i0, conf=-1: [b72696e0-9c4e-4740-8bcd-ca4650f90538:192.168.5.139:36803, 4d5e76d1-94b4-4344-b272-620ca499a368:192.168.5.139:43319, a2905edf-b9c1-421a-8807-b5d3e2a2f0d1:192.168.5.139:42187], old=null
2019-09-10 18:41:16,264 [b72696e0-9c4e-4740-8bcd-ca4650f90538@group-23E12DAC9301:LeaderElection11] INFO  impl.RoleInfo (RoleInfo.java:shutdownLeaderElection(134)) - b72696e0-9c4e-4740-8bcd-ca4650f90538: shutdown LeaderElection
2019-09-10 18:41:16,265 [b72696e0-9c4e-4740-8bcd-ca4650f90538@group-23E12DAC9301:LeaderElection11] INFO  impl.RaftServerImpl (RaftServerImpl.java:setRole(174)) - b72696e0-9c4e-4740-8bcd-ca4650f90538@group-23E12DAC9301: changes role from CANDIDATE to LEADER at term 1 for changeToLeader
2019-09-10 18:41:16,266 [b72696e0-9c4e-4740-8bcd-ca4650f90538@group-23E12DAC9301:LeaderElection11] INFO  impl.RaftServerImpl (ServerState.java:setLeader(253)) - b72696e0-9c4e-4740-8bcd-ca4650f90538@group-23E12DAC9301: change Leader from null to b72696e0-9c4e-4740-8bcd-ca4650f90538 at term 1 for becomeLeader, leader elected after 5122ms
2019-09-10 18:41:16,266 [b72696e0-9c4e-4740-8bcd-ca4650f90538@group-23E12DAC9301:LeaderElection11] INFO  server.RaftServerConfigKeys (ConfUtils.java:logGet(43)) - raft.server.staging.catchup.gap = 1000 (default)
2019-09-10 18:41:16,266 [b72696e0-9c4e-4740-8bcd-ca4650f90538@group-23E12DAC9301:LeaderElection11] INFO  server.RaftServerConfigKeys (ConfUtils.java:logGet(43)) - raft.server.rpc.sleep.time = 25ms (default)
2019-09-10 18:41:16,267 [b72696e0-9c4e-4740-8bcd-ca4650f90538@group-23E12DAC9301:LeaderElection11] INFO  server.RaftServerConfigKeys (ConfUtils.java:logGet(43)) - raft.server.write.element-limit = 4096 (default)
2019-09-10 18:41:16,267 [b72696e0-9c4e-4740-8bcd-ca4650f90538@group-23E12DAC9301:LeaderElection11] INFO  server.RaftServerConfigKeys (ConfUtils.java:logGet(43)) - raft.server.watch.timeout = 10s (default)
2019-09-10 18:41:16,267 [b72696e0-9c4e-4740-8bcd-ca4650f90538@group-23E12DAC9301:LeaderElection11] INFO  server.RaftServerConfigKeys (ConfUtils.java:logGet(43)) - raft.server.watch.timeout.denomination = 1s (default)
2019-09-10 18:41:16,267 [b72696e0-9c4e-4740-8bcd-ca4650f90538@group-23E12DAC9301:LeaderElection11] INFO  server.RaftServerConfigKeys (ConfUtils.java:logGet(43)) - raft.server.watch.element-limit = 65536 (default)
2019-09-10 18:41:16,278 [b72696e0-9c4e-4740-8bcd-ca4650f90538@group-23E12DAC9301:LeaderElection11] INFO  server.RaftServerConfigKeys (ConfUtils.java:logGet(43)) - raft.server.log.appender.snapshot.chunk.size.max = 16MB (=16777216) (default)
2019-09-10 18:41:16,279 [b72696e0-9c4e-4740-8bcd-ca4650f90538@group-23E12DAC9301:LeaderElection11] INFO  server.RaftServerConfigKeys (ConfUtils.java:logGet(43)) - raft.server.log.appender.buffer.byte-limit = 33554432 (custom)
2019-09-10 18:41:16,279 [b72696e0-9c4e-4740-8bcd-ca4650f90538@group-23E12DAC9301:LeaderElection11] INFO  server.RaftServerConfigKeys (ConfUtils.java:logGet(43)) - raft.server.log.appender.buffer.element-limit = 1 (custom)
2019-09-10 18:41:16,279 [b72696e0-9c4e-4740-8bcd-ca4650f90538@group-23E12DAC9301:LeaderElection11] INFO  grpc.GrpcConfigKeys$Server (ConfUtils.java:logGet(43)) - raft.grpc.server.leader.outstanding.appends.max = 128 (default)
2019-09-10 18:41:16,279 [b72696e0-9c4e-4740-8bcd-ca4650f90538@group-23E12DAC9301:LeaderElection11] INFO  server.RaftServerConfigKeys (ConfUtils.java:logGet(43)) - raft.server.rpc.request.timeout = 3000ms (default)
2019-09-10 18:41:16,280 [b72696e0-9c4e-4740-8bcd-ca4650f90538@group-23E12DAC9301:LeaderElection11] INFO  server.RaftServerConfigKeys (ConfUtils.java:logGet(43)) - raft.server.log.appender.install.snapshot.enabled = false (custom)
2019-09-10 18:41:16,280 [b72696e0-9c4e-4740-8bcd-ca4650f90538@group-23E12DAC9301:LeaderElection11] INFO  server.RaftServerConfigKeys (ConfUtils.java:logGet(43)) - raft.server.log.appender.snapshot.chunk.size.max = 16MB (=16777216) (default)
2019-09-10 18:41:16,280 [b72696e0-9c4e-4740-8bcd-ca4650f90538@group-23E12DAC9301:LeaderElection11] INFO  server.RaftServerConfigKeys (ConfUtils.java:logGet(43)) - raft.server.log.appender.buffer.byte-limit = 33554432 (custom)
2019-09-10 18:41:16,280 [b72696e0-9c4e-4740-8bcd-ca4650f90538@group-23E12DAC9301:LeaderElection11] INFO  server.RaftServerConfigKeys (ConfUtils.java:logGet(43)) - raft.server.log.appender.buffer.element-limit = 1 (custom)
2019-09-10 18:41:16,281 [b72696e0-9c4e-4740-8bcd-ca4650f90538@group-23E12DAC9301:LeaderElection11] INFO  grpc.GrpcConfigKeys$Server (ConfUtils.java:logGet(43)) - raft.grpc.server.leader.outstanding.appends.max = 128 (default)
2019-09-10 18:41:16,281 [b72696e0-9c4e-4740-8bcd-ca4650f90538@group-23E12DAC9301:LeaderElection11] INFO  server.RaftServerConfigKeys (ConfUtils.java:logGet(43)) - raft.server.rpc.request.timeout = 3000ms (default)
2019-09-10 18:41:16,281 [b72696e0-9c4e-4740-8bcd-ca4650f90538@group-23E12DAC9301:LeaderElection11] INFO  server.RaftServerConfigKeys (ConfUtils.java:logGet(43)) - raft.server.log.appender.install.snapshot.enabled = false (custom)
2019-09-10 18:41:16,281 [b72696e0-9c4e-4740-8bcd-ca4650f90538@group-23E12DAC9301:LeaderElection11] INFO  impl.RoleInfo (RoleInfo.java:updateAndGet(143)) - b72696e0-9c4e-4740-8bcd-ca4650f90538: start LeaderState
2019-09-10 18:41:16,282 [b72696e0-9c4e-4740-8bcd-ca4650f90538@group-23E12DAC9301:LeaderElection11] INFO  segmented.SegmentedRaftLogWorker (SegmentedRaftLogWorker.java:startLogSegment(380)) - b72696e0-9c4e-4740-8bcd-ca4650f90538@group-23E12DAC9301-SegmentedRaftLogWorker: Starting segment from index:0
2019-09-10 18:41:16,283 [b72696e0-9c4e-4740-8bcd-ca4650f90538@group-23E12DAC9301:LeaderElection11] INFO  impl.RaftServerImpl (ServerState.java:setRaftConf(354)) - b72696e0-9c4e-4740-8bcd-ca4650f90538@group-23E12DAC9301: set configuration 0: [b72696e0-9c4e-4740-8bcd-ca4650f90538:192.168.5.139:36803, 4d5e76d1-94b4-4344-b272-620ca499a368:192.168.5.139:43319, a2905edf-b9c1-421a-8807-b5d3e2a2f0d1:192.168.5.139:42187], old=null at 0
2019-09-10 18:41:16,322 [grpc-default-executor-2] INFO  impl.RaftServerImpl (RaftServerImpl.java:requestVote(758)) - b72696e0-9c4e-4740-8bcd-ca4650f90538@group-23E12DAC9301-   LEADER: Withhold vote from candidate a2905edf-b9c1-421a-8807-b5d3e2a2f0d1 with term 1. State: leader=b72696e0-9c4e-4740-8bcd-ca4650f90538, term=1, lastRpcElapsed=null
2019-09-10 18:41:16,327 [a2905edf-b9c1-421a-8807-b5d3e2a2f0d1@group-23E12DAC9301:LeaderElection12] INFO  impl.LeaderElection (LeaderElection.java:logAndReturn(56)) - a2905edf-b9c1-421a-8807-b5d3e2a2f0d1@group-23E12DAC9301:LeaderElection12: Election REJECTED; received 2 response(s) [a2905edf-b9c1-421a-8807-b5d3e2a2f0d1<-b72696e0-9c4e-4740-8bcd-ca4650f90538#0:FAIL-t1, a2905edf-b9c1-421a-8807-b5d3e2a2f0d1<-4d5e76d1-94b4-4344-b272-620ca499a368#0:FAIL-t1] and 0 exception(s); a2905edf-b9c1-421a-8807-b5d3e2a2f0d1@group-23E12DAC9301:t1, leader=null, voted=a2905edf-b9c1-421a-8807-b5d3e2a2f0d1, raftlog=a2905edf-b9c1-421a-8807-b5d3e2a2f0d1@group-23E12DAC9301-SegmentedRaftLog:OPENED:c-1,f-1,i0, conf=-1: [b72696e0-9c4e-4740-8bcd-ca4650f90538:192.168.5.139:36803, 4d5e76d1-94b4-4344-b272-620ca499a368:192.168.5.139:43319, a2905edf-b9c1-421a-8807-b5d3e2a2f0d1:192.168.5.139:42187], old=null
2019-09-10 18:41:16,329 [grpc-default-executor-2] INFO  impl.RaftServerImpl (ServerState.java:setLeader(253)) - 4d5e76d1-94b4-4344-b272-620ca499a368@group-23E12DAC9301: change Leader from null to b72696e0-9c4e-4740-8bcd-ca4650f90538 at term 1 for appendEntries, leader elected after 5186ms
2019-09-10 18:41:16,330 [a2905edf-b9c1-421a-8807-b5d3e2a2f0d1@group-23E12DAC9301:LeaderElection12] INFO  impl.RaftServerImpl (RaftServerImpl.java:setRole(174)) - a2905edf-b9c1-421a-8807-b5d3e2a2f0d1@group-23E12DAC9301: changes role from CANDIDATE to FOLLOWER at term 1 for DISCOVERED_A_NEW_TERM
2019-09-10 18:41:16,344 [b72696e0-9c4e-4740-8bcd-ca4650f90538@group-23E12DAC9301-SegmentedRaftLogWorker] INFO  segmented.SegmentedRaftLogWorker (SegmentedRaftLogWorker.java:execute(569)) - b72696e0-9c4e-4740-8bcd-ca4650f90538@group-23E12DAC9301-SegmentedRaftLogWorker: created new log segment /workdir/hadoop-ozone/integration-test/target/test-dir/MiniOzoneClusterImpl-27fa055b-1dd0-4a05-b5b8-5375f262b16d/datanode-5/data/ratis/a949f866-3595-4f72-be7a-23e12dac9301/current/log_inprogress_0
2019-09-10 18:41:16,344 [a2905edf-b9c1-421a-8807-b5d3e2a2f0d1@group-23E12DAC9301:LeaderElection12] INFO  impl.RoleInfo (RoleInfo.java:shutdownLeaderElection(134)) - a2905edf-b9c1-421a-8807-b5d3e2a2f0d1: shutdown LeaderElection
2019-09-10 18:41:16,344 [a2905edf-b9c1-421a-8807-b5d3e2a2f0d1@group-23E12DAC9301:LeaderElection12] INFO  impl.RoleInfo (RoleInfo.java:updateAndGet(143)) - a2905edf-b9c1-421a-8807-b5d3e2a2f0d1: start FollowerState
2019-09-10 18:41:16,345 [grpc-default-executor-0] INFO  impl.RaftServerImpl (ServerState.java:setLeader(253)) - a2905edf-b9c1-421a-8807-b5d3e2a2f0d1@group-23E12DAC9301: change Leader from null to b72696e0-9c4e-4740-8bcd-ca4650f90538 at term 1 for appendEntries, leader elected after 5201ms
2019-09-10 18:41:16,348 [grpc-default-executor-0] INFO  impl.RaftServerImpl (ServerState.java:setRaftConf(354)) - 4d5e76d1-94b4-4344-b272-620ca499a368@group-23E12DAC9301: set configuration 0: [b72696e0-9c4e-4740-8bcd-ca4650f90538:192.168.5.139:36803, 4d5e76d1-94b4-4344-b272-620ca499a368:192.168.5.139:43319, a2905edf-b9c1-421a-8807-b5d3e2a2f0d1:192.168.5.139:42187], old=null at 0
2019-09-10 18:41:16,348 [grpc-default-executor-0] INFO  segmented.SegmentedRaftLogWorker (SegmentedRaftLogWorker.java:startLogSegment(380)) - 4d5e76d1-94b4-4344-b272-620ca499a368@group-23E12DAC9301-SegmentedRaftLogWorker: Starting segment from index:0
2019-09-10 18:41:16,348 [grpc-default-executor-2] INFO  impl.RaftServerImpl (ServerState.java:setRaftConf(354)) - a2905edf-b9c1-421a-8807-b5d3e2a2f0d1@group-23E12DAC9301: set configuration 0: [b72696e0-9c4e-4740-8bcd-ca4650f90538:192.168.5.139:36803, 4d5e76d1-94b4-4344-b272-620ca499a368:192.168.5.139:43319, a2905edf-b9c1-421a-8807-b5d3e2a2f0d1:192.168.5.139:42187], old=null at 0
2019-09-10 18:41:16,349 [grpc-default-executor-2] INFO  segmented.SegmentedRaftLogWorker (SegmentedRaftLogWorker.java:startLogSegment(380)) - a2905edf-b9c1-421a-8807-b5d3e2a2f0d1@group-23E12DAC9301-SegmentedRaftLogWorker: Starting segment from index:0
2019-09-10 18:41:16,408 [a2905edf-b9c1-421a-8807-b5d3e2a2f0d1@group-23E12DAC9301-SegmentedRaftLogWorker] INFO  segmented.SegmentedRaftLogWorker (SegmentedRaftLogWorker.java:execute(569)) - a2905edf-b9c1-421a-8807-b5d3e2a2f0d1@group-23E12DAC9301-SegmentedRaftLogWorker: created new log segment /workdir/hadoop-ozone/integration-test/target/test-dir/MiniOzoneClusterImpl-27fa055b-1dd0-4a05-b5b8-5375f262b16d/datanode-4/data/ratis/a949f866-3595-4f72-be7a-23e12dac9301/current/log_inprogress_0
2019-09-10 18:41:16,408 [4d5e76d1-94b4-4344-b272-620ca499a368@group-23E12DAC9301-SegmentedRaftLogWorker] INFO  segmented.SegmentedRaftLogWorker (SegmentedRaftLogWorker.java:execute(569)) - 4d5e76d1-94b4-4344-b272-620ca499a368@group-23E12DAC9301-SegmentedRaftLogWorker: created new log segment /workdir/hadoop-ozone/integration-test/target/test-dir/MiniOzoneClusterImpl-27fa055b-1dd0-4a05-b5b8-5375f262b16d/datanode-3/data/ratis/a949f866-3595-4f72-be7a-23e12dac9301/current/log_inprogress_0
2019-09-10 18:41:16,456 [grpc-default-executor-2] INFO  client.GrpcClientProtocolClient (GrpcClientProtocolClient.java:onNext(264)) - client-D387AA9945EB->4d5e76d1-94b4-4344-b272-620ca499a368: receive RaftClientReply:client-D387AA9945EB->4d5e76d1-94b4-4344-b272-620ca499a368@group-23E12DAC9301, cid=30, FAILED org.apache.ratis.protocol.NotLeaderException: Server 4d5e76d1-94b4-4344-b272-620ca499a368@group-23E12DAC9301 is not the leader b72696e0-9c4e-4740-8bcd-ca4650f90538:192.168.5.139:36803, logIndex=0, commits[4d5e76d1-94b4-4344-b272-620ca499a368:c-1, b72696e0-9c4e-4740-8bcd-ca4650f90538:c-1, a2905edf-b9c1-421a-8807-b5d3e2a2f0d1:c-1]
2019-09-10 18:41:16,664 [grpc-default-executor-0] INFO  client.GrpcClientProtocolClient (GrpcClientProtocolClient.java:onNext(264)) - client-D387AA9945EB->b72696e0-9c4e-4740-8bcd-ca4650f90538: receive RaftClientReply:client-D387AA9945EB->b72696e0-9c4e-4740-8bcd-ca4650f90538@group-23E12DAC9301, cid=30, SUCCESS, logIndex=1, commits[b72696e0-9c4e-4740-8bcd-ca4650f90538:c1, 4d5e76d1-94b4-4344-b272-620ca499a368:c0, a2905edf-b9c1-421a-8807-b5d3e2a2f0d1:c0]
2019-09-10 18:41:16,681 [grpc-default-executor-3] INFO  client.GrpcClientProtocolClient (GrpcClientProtocolClient.java:onNext(264)) - client-D387AA9945EB->b72696e0-9c4e-4740-8bcd-ca4650f90538: receive RaftClientReply:client-D387AA9945EB->b72696e0-9c4e-4740-8bcd-ca4650f90538@group-23E12DAC9301, cid=31, SUCCESS, logIndex=3, commits[b72696e0-9c4e-4740-8bcd-ca4650f90538:c4, 4d5e76d1-94b4-4344-b272-620ca499a368:c2, a2905edf-b9c1-421a-8807-b5d3e2a2f0d1:c2]
2019-09-10 18:41:16,780 [grpc-default-executor-3] INFO  client.GrpcClientProtocolClient (GrpcClientProtocolClient.java:onNext(264)) - client-D387AA9945EB->b72696e0-9c4e-4740-8bcd-ca4650f90538: receive RaftClientReply:client-D387AA9945EB->b72696e0-9c4e-4740-8bcd-ca4650f90538@group-23E12DAC9301, cid=32, SUCCESS, logIndex=4, commits[b72696e0-9c4e-4740-8bcd-ca4650f90538:c6, 4d5e76d1-94b4-4344-b272-620ca499a368:c4, a2905edf-b9c1-421a-8807-b5d3e2a2f0d1:c4]
]]></system-out>
  </testcase>
  <testcase name="testFullBufferCondition" classname="org.apache.hadoop.ozone.client.rpc.TestBlockOutputStream" time="187.375">
    <failure type="java.lang.AssertionError">java.lang.AssertionError
	at org.junit.Assert.fail(Assert.java:86)
	at org.junit.Assert.assertTrue(Assert.java:41)
	at org.junit.Assert.assertTrue(Assert.java:52)
	at org.apache.hadoop.ozone.client.rpc.TestBlockOutputStream.testFullBufferCondition(TestBlockOutputStream.java:515)
	at sun.reflect.NativeMethodAccessorImpl.invoke0(Native Method)
	at sun.reflect.NativeMethodAccessorImpl.invoke(NativeMethodAccessorImpl.java:62)
	at sun.reflect.DelegatingMethodAccessorImpl.invoke(DelegatingMethodAccessorImpl.java:43)
	at java.lang.reflect.Method.invoke(Method.java:498)
	at org.junit.runners.model.FrameworkMethod$1.runReflectiveCall(FrameworkMethod.java:47)
	at org.junit.internal.runners.model.ReflectiveCallable.run(ReflectiveCallable.java:12)
	at org.junit.runners.model.FrameworkMethod.invokeExplosively(FrameworkMethod.java:44)
	at org.junit.internal.runners.statements.InvokeMethod.evaluate(InvokeMethod.java:17)
	at org.junit.runners.ParentRunner.runLeaf(ParentRunner.java:271)
	at org.junit.runners.BlockJUnit4ClassRunner.runChild(BlockJUnit4ClassRunner.java:70)
	at org.junit.runners.BlockJUnit4ClassRunner.runChild(BlockJUnit4ClassRunner.java:50)
	at org.junit.runners.ParentRunner$3.run(ParentRunner.java:238)
	at org.junit.runners.ParentRunner$1.schedule(ParentRunner.java:63)
	at org.junit.runners.ParentRunner.runChildren(ParentRunner.java:236)
	at org.junit.runners.ParentRunner.access$000(ParentRunner.java:53)
	at org.junit.runners.ParentRunner$2.evaluate(ParentRunner.java:229)
	at org.junit.internal.runners.statements.RunBefores.evaluate(RunBefores.java:26)
	at org.junit.internal.runners.statements.RunAfters.evaluate(RunAfters.java:27)
	at org.junit.runners.ParentRunner.run(ParentRunner.java:309)
	at org.apache.maven.surefire.junit4.JUnit4Provider.execute(JUnit4Provider.java:365)
	at org.apache.maven.surefire.junit4.JUnit4Provider.executeWithRerun(JUnit4Provider.java:273)
	at org.apache.maven.surefire.junit4.JUnit4Provider.executeTestSet(JUnit4Provider.java:238)
	at org.apache.maven.surefire.junit4.JUnit4Provider.invoke(JUnit4Provider.java:159)
	at org.apache.maven.surefire.booter.ForkedBooter.invokeProviderInSameClassLoader(ForkedBooter.java:384)
	at org.apache.maven.surefire.booter.ForkedBooter.runSuitesInProcess(ForkedBooter.java:345)
	at org.apache.maven.surefire.booter.ForkedBooter.execute(ForkedBooter.java:126)
	at org.apache.maven.surefire.booter.ForkedBooter.main(ForkedBooter.java:418)
</failure>
    <system-out><![CDATA[2019-09-10 18:41:18,248 [grpc-default-executor-3] INFO  impl.RaftServerProxy (RaftServerProxy.java:remove(95)) - 4d5e76d1-94b4-4344-b272-620ca499a368: remove group-5CC95CFBF3DB:null
2019-09-10 18:41:18,256 [RatisPipelineUtilsThread] WARN  pipeline.RatisPipelineUtils (RatisPipelineUtils.java:destroyPipeline(66)) - Pipeline destroy failed for pipeline=PipelineID=7bf794f4-70ce-4b1b-9a52-5cc95cfbf3db dn=4d5e76d1-94b4-4344-b272-620ca499a368{ip: 192.168.5.139, host: pr-hdds-1786-trunk-k6rzm-1803654198, networkLocation: /default-rack, certSerialId: null}
2019-09-10 18:41:18,261 [grpc-default-executor-3] INFO  impl.RaftServerProxy (RaftServerProxy.java:remove(95)) - b72696e0-9c4e-4740-8bcd-ca4650f90538: remove group-5CC95CFBF3DB:null
2019-09-10 18:41:18,268 [RatisPipelineUtilsThread] WARN  pipeline.RatisPipelineUtils (RatisPipelineUtils.java:destroyPipeline(66)) - Pipeline destroy failed for pipeline=PipelineID=7bf794f4-70ce-4b1b-9a52-5cc95cfbf3db dn=b72696e0-9c4e-4740-8bcd-ca4650f90538{ip: 192.168.5.139, host: pr-hdds-1786-trunk-k6rzm-1803654198, networkLocation: /default-rack, certSerialId: null}
2019-09-10 18:41:18,273 [grpc-default-executor-3] INFO  impl.RaftServerProxy (RaftServerProxy.java:remove(95)) - a2905edf-b9c1-421a-8807-b5d3e2a2f0d1: remove group-5CC95CFBF3DB:null
2019-09-10 18:41:18,280 [RatisPipelineUtilsThread] WARN  pipeline.RatisPipelineUtils (RatisPipelineUtils.java:destroyPipeline(66)) - Pipeline destroy failed for pipeline=PipelineID=7bf794f4-70ce-4b1b-9a52-5cc95cfbf3db dn=a2905edf-b9c1-421a-8807-b5d3e2a2f0d1{ip: 192.168.5.139, host: pr-hdds-1786-trunk-k6rzm-1803654198, networkLocation: /default-rack, certSerialId: null}
2019-09-10 18:41:18,280 [RatisPipelineUtilsThread] ERROR pipeline.SCMPipelineManager (Scheduler.java:lambda$schedule$1(70)) - Destroy pipeline failed for pipeline:Pipeline[ Id: 7bf794f4-70ce-4b1b-9a52-5cc95cfbf3db, Nodes: 4d5e76d1-94b4-4344-b272-620ca499a368{ip: 192.168.5.139, host: pr-hdds-1786-trunk-k6rzm-1803654198, networkLocation: /default-rack, certSerialId: null}b72696e0-9c4e-4740-8bcd-ca4650f90538{ip: 192.168.5.139, host: pr-hdds-1786-trunk-k6rzm-1803654198, networkLocation: /default-rack, certSerialId: null}a2905edf-b9c1-421a-8807-b5d3e2a2f0d1{ip: 192.168.5.139, host: pr-hdds-1786-trunk-k6rzm-1803654198, networkLocation: /default-rack, certSerialId: null}, Type:RATIS, Factor:THREE, State:CLOSED]
org.apache.hadoop.hdds.scm.pipeline.PipelineNotFoundException: PipelineID=7bf794f4-70ce-4b1b-9a52-5cc95cfbf3db not found
	at org.apache.hadoop.hdds.scm.pipeline.PipelineStateMap.getPipeline(PipelineStateMap.java:132)
	at org.apache.hadoop.hdds.scm.pipeline.PipelineStateMap.removePipeline(PipelineStateMap.java:322)
	at org.apache.hadoop.hdds.scm.pipeline.PipelineStateManager.removePipeline(PipelineStateManager.java:107)
	at org.apache.hadoop.hdds.scm.pipeline.SCMPipelineManager.removePipeline(SCMPipelineManager.java:423)
	at org.apache.hadoop.hdds.scm.pipeline.SCMPipelineManager.destroyPipeline(SCMPipelineManager.java:409)
	at org.apache.hadoop.hdds.scm.pipeline.SCMPipelineManager.lambda$finalizeAndDestroyPipeline$0(SCMPipelineManager.java:318)
	at org.apache.hadoop.utils.Scheduler.lambda$schedule$1(Scheduler.java:68)
	at java.util.concurrent.Executors$RunnableAdapter.call(Executors.java:511)
	at java.util.concurrent.FutureTask.run(FutureTask.java:266)
	at java.util.concurrent.ScheduledThreadPoolExecutor$ScheduledFutureTask.access$201(ScheduledThreadPoolExecutor.java:180)
	at java.util.concurrent.ScheduledThreadPoolExecutor$ScheduledFutureTask.run(ScheduledThreadPoolExecutor.java:293)
	at java.util.concurrent.ThreadPoolExecutor.runWorker(ThreadPoolExecutor.java:1149)
	at java.util.concurrent.ThreadPoolExecutor$Worker.run(ThreadPoolExecutor.java:624)
	at java.lang.Thread.run(Thread.java:748)
2019-09-10 18:41:19,829 [java.util.concurrent.ThreadPoolExecutor$Worker@5a51959c[State = -1, empty queue]] WARN  server.GrpcLogAppender (GrpcLogAppender.java:timeoutAppendRequest(200)) - b72696e0-9c4e-4740-8bcd-ca4650f90538@group-23E12DAC9301->4d5e76d1-94b4-4344-b272-620ca499a368-GrpcLogAppender: appendEntries Timeout, request=b72696e0-9c4e-4740-8bcd-ca4650f90538->4d5e76d1-94b4-4344-b272-620ca499a368#8-t1, previous=(t:1, i:6), leaderCommit=6, initializing? false, entries: size=1, first=(t:1, i:7), STATEMACHINELOGENTRY, client-D387AA9945EB, cid=39
2019-09-10 18:41:19,829 [java.util.concurrent.ThreadPoolExecutor$Worker@2c162ad4[State = -1, empty queue]] WARN  server.GrpcLogAppender (GrpcLogAppender.java:timeoutAppendRequest(200)) - b72696e0-9c4e-4740-8bcd-ca4650f90538@group-23E12DAC9301->a2905edf-b9c1-421a-8807-b5d3e2a2f0d1-GrpcLogAppender: appendEntries Timeout, request=b72696e0-9c4e-4740-8bcd-ca4650f90538->a2905edf-b9c1-421a-8807-b5d3e2a2f0d1#8-t1, previous=(t:1, i:6), leaderCommit=6, initializing? false, entries: size=1, first=(t:1, i:7), STATEMACHINELOGENTRY, client-D387AA9945EB, cid=39
2019-09-10 18:41:19,841 [java.util.concurrent.ThreadPoolExecutor$Worker@2c162ad4[State = -1, empty queue]] WARN  server.GrpcLogAppender (GrpcLogAppender.java:timeoutAppendRequest(200)) - b72696e0-9c4e-4740-8bcd-ca4650f90538@group-23E12DAC9301->a2905edf-b9c1-421a-8807-b5d3e2a2f0d1-GrpcLogAppender: appendEntries Timeout, request=b72696e0-9c4e-4740-8bcd-ca4650f90538->a2905edf-b9c1-421a-8807-b5d3e2a2f0d1#9-t1, previous=(t:1, i:7), leaderCommit=6, initializing? false, entries: size=1, first=(t:1, i:8), STATEMACHINELOGENTRY, client-D387AA9945EB, cid=40
2019-09-10 18:41:19,841 [java.util.concurrent.ThreadPoolExecutor$Worker@5a51959c[State = -1, empty queue]] WARN  server.GrpcLogAppender (GrpcLogAppender.java:timeoutAppendRequest(200)) - b72696e0-9c4e-4740-8bcd-ca4650f90538@group-23E12DAC9301->4d5e76d1-94b4-4344-b272-620ca499a368-GrpcLogAppender: appendEntries Timeout, request=b72696e0-9c4e-4740-8bcd-ca4650f90538->4d5e76d1-94b4-4344-b272-620ca499a368#9-t1, previous=(t:1, i:7), leaderCommit=6, initializing? false, entries: size=1, first=(t:1, i:8), STATEMACHINELOGENTRY, client-D387AA9945EB, cid=40
2019-09-10 18:41:19,841 [java.util.concurrent.ThreadPoolExecutor$Worker@2c162ad4[State = -1, empty queue]] WARN  server.GrpcLogAppender (GrpcLogAppender.java:timeoutAppendRequest(200)) - b72696e0-9c4e-4740-8bcd-ca4650f90538@group-23E12DAC9301->a2905edf-b9c1-421a-8807-b5d3e2a2f0d1-GrpcLogAppender: appendEntries Timeout, request=b72696e0-9c4e-4740-8bcd-ca4650f90538->a2905edf-b9c1-421a-8807-b5d3e2a2f0d1#10-t1, previous=(t:1, i:8), leaderCommit=6, initializing? false, entries: size=1, first=(t:1, i:9), STATEMACHINELOGENTRY, client-D387AA9945EB, cid=41
2019-09-10 18:41:19,842 [java.util.concurrent.ThreadPoolExecutor$Worker@5a51959c[State = -1, empty queue]] WARN  server.GrpcLogAppender (GrpcLogAppender.java:timeoutAppendRequest(200)) - b72696e0-9c4e-4740-8bcd-ca4650f90538@group-23E12DAC9301->4d5e76d1-94b4-4344-b272-620ca499a368-GrpcLogAppender: appendEntries Timeout, request=b72696e0-9c4e-4740-8bcd-ca4650f90538->4d5e76d1-94b4-4344-b272-620ca499a368#10-t1, previous=(t:1, i:8), leaderCommit=6, initializing? false, entries: size=1, first=(t:1, i:9), STATEMACHINELOGENTRY, client-D387AA9945EB, cid=41
2019-09-10 18:41:19,842 [java.util.concurrent.ThreadPoolExecutor$Worker@5a51959c[State = -1, empty queue]] WARN  server.GrpcLogAppender (GrpcLogAppender.java:timeoutAppendRequest(200)) - b72696e0-9c4e-4740-8bcd-ca4650f90538@group-23E12DAC9301->4d5e76d1-94b4-4344-b272-620ca499a368-GrpcLogAppender: appendEntries Timeout, request=b72696e0-9c4e-4740-8bcd-ca4650f90538->4d5e76d1-94b4-4344-b272-620ca499a368#11-t1, previous=(t:1, i:9), leaderCommit=6, initializing? false, entries: size=1, first=(t:1, i:10), STATEMACHINELOGENTRY, client-D387AA9945EB, cid=42
2019-09-10 18:41:19,843 [java.util.concurrent.ThreadPoolExecutor$Worker@2c162ad4[State = -1, empty queue]] WARN  server.GrpcLogAppender (GrpcLogAppender.java:timeoutAppendRequest(200)) - b72696e0-9c4e-4740-8bcd-ca4650f90538@group-23E12DAC9301->a2905edf-b9c1-421a-8807-b5d3e2a2f0d1-GrpcLogAppender: appendEntries Timeout, request=b72696e0-9c4e-4740-8bcd-ca4650f90538->a2905edf-b9c1-421a-8807-b5d3e2a2f0d1#11-t1, previous=(t:1, i:9), leaderCommit=6, initializing? false, entries: size=1, first=(t:1, i:10), STATEMACHINELOGENTRY, client-D387AA9945EB, cid=42
2019-09-10 18:41:19,854 [java.util.concurrent.ThreadPoolExecutor$Worker@2c162ad4[State = -1, empty queue]] WARN  server.GrpcLogAppender (GrpcLogAppender.java:timeoutAppendRequest(200)) - b72696e0-9c4e-4740-8bcd-ca4650f90538@group-23E12DAC9301->a2905edf-b9c1-421a-8807-b5d3e2a2f0d1-GrpcLogAppender: appendEntries Timeout, request=b72696e0-9c4e-4740-8bcd-ca4650f90538->a2905edf-b9c1-421a-8807-b5d3e2a2f0d1#12-t1, previous=(t:1, i:10), leaderCommit=6, initializing? false, entries: size=1, first=(t:1, i:11), STATEMACHINELOGENTRY, client-D387AA9945EB, cid=43
2019-09-10 18:41:19,854 [java.util.concurrent.ThreadPoolExecutor$Worker@5a51959c[State = -1, empty queue]] WARN  server.GrpcLogAppender (GrpcLogAppender.java:timeoutAppendRequest(200)) - b72696e0-9c4e-4740-8bcd-ca4650f90538@group-23E12DAC9301->4d5e76d1-94b4-4344-b272-620ca499a368-GrpcLogAppender: appendEntries Timeout, request=b72696e0-9c4e-4740-8bcd-ca4650f90538->4d5e76d1-94b4-4344-b272-620ca499a368#12-t1, previous=(t:1, i:10), leaderCommit=6, initializing? false, entries: size=1, first=(t:1, i:11), STATEMACHINELOGENTRY, client-D387AA9945EB, cid=43
2019-09-10 18:41:19,854 [java.util.concurrent.ThreadPoolExecutor$Worker@2c162ad4[State = -1, empty queue]] WARN  server.GrpcLogAppender (GrpcLogAppender.java:timeoutAppendRequest(200)) - b72696e0-9c4e-4740-8bcd-ca4650f90538@group-23E12DAC9301->a2905edf-b9c1-421a-8807-b5d3e2a2f0d1-GrpcLogAppender: appendEntries Timeout, request=b72696e0-9c4e-4740-8bcd-ca4650f90538->a2905edf-b9c1-421a-8807-b5d3e2a2f0d1#13-t1, previous=(t:1, i:11), leaderCommit=6, initializing? false, entries: size=1, first=(t:1, i:12), STATEMACHINELOGENTRY, client-D387AA9945EB, cid=44
2019-09-10 18:41:19,854 [java.util.concurrent.ThreadPoolExecutor$Worker@5a51959c[State = -1, empty queue]] WARN  server.GrpcLogAppender (GrpcLogAppender.java:timeoutAppendRequest(200)) - b72696e0-9c4e-4740-8bcd-ca4650f90538@group-23E12DAC9301->4d5e76d1-94b4-4344-b272-620ca499a368-GrpcLogAppender: appendEntries Timeout, request=b72696e0-9c4e-4740-8bcd-ca4650f90538->4d5e76d1-94b4-4344-b272-620ca499a368#13-t1, previous=(t:1, i:11), leaderCommit=6, initializing? false, entries: size=1, first=(t:1, i:12), STATEMACHINELOGENTRY, client-D387AA9945EB, cid=44
2019-09-10 18:41:20,253 [grpc-default-executor-2] INFO  impl.RaftServerProxy (RaftServerProxy.java:remove(95)) - 4d5e76d1-94b4-4344-b272-620ca499a368: remove group-5CC95CFBF3DB:null
2019-09-10 18:41:20,262 [RatisPipelineUtilsThread] WARN  pipeline.RatisPipelineUtils (RatisPipelineUtils.java:destroyPipeline(66)) - Pipeline destroy failed for pipeline=PipelineID=7bf794f4-70ce-4b1b-9a52-5cc95cfbf3db dn=4d5e76d1-94b4-4344-b272-620ca499a368{ip: 192.168.5.139, host: pr-hdds-1786-trunk-k6rzm-1803654198, networkLocation: /default-rack, certSerialId: null}
2019-09-10 18:41:20,266 [grpc-default-executor-2] INFO  impl.RaftServerProxy (RaftServerProxy.java:remove(95)) - b72696e0-9c4e-4740-8bcd-ca4650f90538: remove group-5CC95CFBF3DB:null
2019-09-10 18:41:20,273 [RatisPipelineUtilsThread] WARN  pipeline.RatisPipelineUtils (RatisPipelineUtils.java:destroyPipeline(66)) - Pipeline destroy failed for pipeline=PipelineID=7bf794f4-70ce-4b1b-9a52-5cc95cfbf3db dn=b72696e0-9c4e-4740-8bcd-ca4650f90538{ip: 192.168.5.139, host: pr-hdds-1786-trunk-k6rzm-1803654198, networkLocation: /default-rack, certSerialId: null}
2019-09-10 18:41:20,278 [grpc-default-executor-2] INFO  impl.RaftServerProxy (RaftServerProxy.java:remove(95)) - a2905edf-b9c1-421a-8807-b5d3e2a2f0d1: remove group-5CC95CFBF3DB:null
2019-09-10 18:41:20,285 [RatisPipelineUtilsThread] WARN  pipeline.RatisPipelineUtils (RatisPipelineUtils.java:destroyPipeline(66)) - Pipeline destroy failed for pipeline=PipelineID=7bf794f4-70ce-4b1b-9a52-5cc95cfbf3db dn=a2905edf-b9c1-421a-8807-b5d3e2a2f0d1{ip: 192.168.5.139, host: pr-hdds-1786-trunk-k6rzm-1803654198, networkLocation: /default-rack, certSerialId: null}
2019-09-10 18:41:20,285 [RatisPipelineUtilsThread] ERROR pipeline.SCMPipelineManager (Scheduler.java:lambda$schedule$1(70)) - Destroy pipeline failed for pipeline:Pipeline[ Id: 7bf794f4-70ce-4b1b-9a52-5cc95cfbf3db, Nodes: 4d5e76d1-94b4-4344-b272-620ca499a368{ip: 192.168.5.139, host: pr-hdds-1786-trunk-k6rzm-1803654198, networkLocation: /default-rack, certSerialId: null}b72696e0-9c4e-4740-8bcd-ca4650f90538{ip: 192.168.5.139, host: pr-hdds-1786-trunk-k6rzm-1803654198, networkLocation: /default-rack, certSerialId: null}a2905edf-b9c1-421a-8807-b5d3e2a2f0d1{ip: 192.168.5.139, host: pr-hdds-1786-trunk-k6rzm-1803654198, networkLocation: /default-rack, certSerialId: null}, Type:RATIS, Factor:THREE, State:CLOSED]
org.apache.hadoop.hdds.scm.pipeline.PipelineNotFoundException: PipelineID=7bf794f4-70ce-4b1b-9a52-5cc95cfbf3db not found
	at org.apache.hadoop.hdds.scm.pipeline.PipelineStateMap.getPipeline(PipelineStateMap.java:132)
	at org.apache.hadoop.hdds.scm.pipeline.PipelineStateMap.removePipeline(PipelineStateMap.java:322)
	at org.apache.hadoop.hdds.scm.pipeline.PipelineStateManager.removePipeline(PipelineStateManager.java:107)
	at org.apache.hadoop.hdds.scm.pipeline.SCMPipelineManager.removePipeline(SCMPipelineManager.java:423)
	at org.apache.hadoop.hdds.scm.pipeline.SCMPipelineManager.destroyPipeline(SCMPipelineManager.java:409)
	at org.apache.hadoop.hdds.scm.pipeline.SCMPipelineManager.lambda$finalizeAndDestroyPipeline$0(SCMPipelineManager.java:318)
	at org.apache.hadoop.utils.Scheduler.lambda$schedule$1(Scheduler.java:68)
	at java.util.concurrent.Executors$RunnableAdapter.call(Executors.java:511)
	at java.util.concurrent.FutureTask.run(FutureTask.java:266)
	at java.util.concurrent.ScheduledThreadPoolExecutor$ScheduledFutureTask.access$201(ScheduledThreadPoolExecutor.java:180)
	at java.util.concurrent.ScheduledThreadPoolExecutor$ScheduledFutureTask.run(ScheduledThreadPoolExecutor.java:293)
	at java.util.concurrent.ThreadPoolExecutor.runWorker(ThreadPoolExecutor.java:1149)
	at java.util.concurrent.ThreadPoolExecutor$Worker.run(ThreadPoolExecutor.java:624)
	at java.lang.Thread.run(Thread.java:748)
2019-09-10 18:41:21,859 [grpc-default-executor-3] INFO  client.GrpcClientProtocolClient (GrpcClientProtocolClient.java:onNext(264)) - client-D387AA9945EB->a2905edf-b9c1-421a-8807-b5d3e2a2f0d1: receive RaftClientReply:client-D387AA9945EB->a2905edf-b9c1-421a-8807-b5d3e2a2f0d1@group-23E12DAC9301, cid=39, FAILED org.apache.ratis.protocol.NotLeaderException: Server a2905edf-b9c1-421a-8807-b5d3e2a2f0d1@group-23E12DAC9301 is not the leader b72696e0-9c4e-4740-8bcd-ca4650f90538:192.168.5.139:36803, logIndex=0, commits[a2905edf-b9c1-421a-8807-b5d3e2a2f0d1:c6, b72696e0-9c4e-4740-8bcd-ca4650f90538:c6, 4d5e76d1-94b4-4344-b272-620ca499a368:c4]
2019-09-10 18:41:22,355 [java.util.concurrent.ThreadPoolExecutor$Worker@5a51959c[State = -1, empty queue]] WARN  server.GrpcLogAppender (GrpcLogAppender.java:timeoutAppendRequest(200)) - b72696e0-9c4e-4740-8bcd-ca4650f90538@group-23E12DAC9301->4d5e76d1-94b4-4344-b272-620ca499a368-GrpcLogAppender: appendEntries Timeout, request=b72696e0-9c4e-4740-8bcd-ca4650f90538->4d5e76d1-94b4-4344-b272-620ca499a368#14-t1, previous=(t:1, i:12), leaderCommit=6, initializing? false, entries: <empty>
2019-09-10 18:41:22,355 [java.util.concurrent.ThreadPoolExecutor$Worker@2c162ad4[State = -1, empty queue]] WARN  server.GrpcLogAppender (GrpcLogAppender.java:timeoutAppendRequest(200)) - b72696e0-9c4e-4740-8bcd-ca4650f90538@group-23E12DAC9301->a2905edf-b9c1-421a-8807-b5d3e2a2f0d1-GrpcLogAppender: appendEntries Timeout, request=b72696e0-9c4e-4740-8bcd-ca4650f90538->a2905edf-b9c1-421a-8807-b5d3e2a2f0d1#14-t1, previous=(t:1, i:12), leaderCommit=6, initializing? false, entries: <empty>
2019-09-10 18:41:23,252 [grpc-default-executor-3] INFO  impl.RaftServerProxy (RaftServerProxy.java:remove(95)) - 4d5e76d1-94b4-4344-b272-620ca499a368: remove group-5CC95CFBF3DB:null
2019-09-10 18:41:23,261 [RatisPipelineUtilsThread] WARN  pipeline.RatisPipelineUtils (RatisPipelineUtils.java:destroyPipeline(66)) - Pipeline destroy failed for pipeline=PipelineID=7bf794f4-70ce-4b1b-9a52-5cc95cfbf3db dn=4d5e76d1-94b4-4344-b272-620ca499a368{ip: 192.168.5.139, host: pr-hdds-1786-trunk-k6rzm-1803654198, networkLocation: /default-rack, certSerialId: null}
2019-09-10 18:41:23,267 [grpc-default-executor-3] INFO  impl.RaftServerProxy (RaftServerProxy.java:remove(95)) - b72696e0-9c4e-4740-8bcd-ca4650f90538: remove group-5CC95CFBF3DB:null
2019-09-10 18:41:23,286 [RatisPipelineUtilsThread] WARN  pipeline.RatisPipelineUtils (RatisPipelineUtils.java:destroyPipeline(66)) - Pipeline destroy failed for pipeline=PipelineID=7bf794f4-70ce-4b1b-9a52-5cc95cfbf3db dn=b72696e0-9c4e-4740-8bcd-ca4650f90538{ip: 192.168.5.139, host: pr-hdds-1786-trunk-k6rzm-1803654198, networkLocation: /default-rack, certSerialId: null}
2019-09-10 18:41:23,292 [grpc-default-executor-3] INFO  impl.RaftServerProxy (RaftServerProxy.java:remove(95)) - a2905edf-b9c1-421a-8807-b5d3e2a2f0d1: remove group-5CC95CFBF3DB:null
2019-09-10 18:41:23,298 [RatisPipelineUtilsThread] WARN  pipeline.RatisPipelineUtils (RatisPipelineUtils.java:destroyPipeline(66)) - Pipeline destroy failed for pipeline=PipelineID=7bf794f4-70ce-4b1b-9a52-5cc95cfbf3db dn=a2905edf-b9c1-421a-8807-b5d3e2a2f0d1{ip: 192.168.5.139, host: pr-hdds-1786-trunk-k6rzm-1803654198, networkLocation: /default-rack, certSerialId: null}
2019-09-10 18:41:23,298 [RatisPipelineUtilsThread] ERROR pipeline.SCMPipelineManager (Scheduler.java:lambda$schedule$1(70)) - Destroy pipeline failed for pipeline:Pipeline[ Id: 7bf794f4-70ce-4b1b-9a52-5cc95cfbf3db, Nodes: 4d5e76d1-94b4-4344-b272-620ca499a368{ip: 192.168.5.139, host: pr-hdds-1786-trunk-k6rzm-1803654198, networkLocation: /default-rack, certSerialId: null}b72696e0-9c4e-4740-8bcd-ca4650f90538{ip: 192.168.5.139, host: pr-hdds-1786-trunk-k6rzm-1803654198, networkLocation: /default-rack, certSerialId: null}a2905edf-b9c1-421a-8807-b5d3e2a2f0d1{ip: 192.168.5.139, host: pr-hdds-1786-trunk-k6rzm-1803654198, networkLocation: /default-rack, certSerialId: null}, Type:RATIS, Factor:THREE, State:CLOSED]
org.apache.hadoop.hdds.scm.pipeline.PipelineNotFoundException: PipelineID=7bf794f4-70ce-4b1b-9a52-5cc95cfbf3db not found
	at org.apache.hadoop.hdds.scm.pipeline.PipelineStateMap.getPipeline(PipelineStateMap.java:132)
	at org.apache.hadoop.hdds.scm.pipeline.PipelineStateMap.removePipeline(PipelineStateMap.java:322)
	at org.apache.hadoop.hdds.scm.pipeline.PipelineStateManager.removePipeline(PipelineStateManager.java:107)
	at org.apache.hadoop.hdds.scm.pipeline.SCMPipelineManager.removePipeline(SCMPipelineManager.java:423)
	at org.apache.hadoop.hdds.scm.pipeline.SCMPipelineManager.destroyPipeline(SCMPipelineManager.java:409)
	at org.apache.hadoop.hdds.scm.pipeline.SCMPipelineManager.lambda$finalizeAndDestroyPipeline$0(SCMPipelineManager.java:318)
	at org.apache.hadoop.utils.Scheduler.lambda$schedule$1(Scheduler.java:68)
	at java.util.concurrent.Executors$RunnableAdapter.call(Executors.java:511)
	at java.util.concurrent.FutureTask.run(FutureTask.java:266)
	at java.util.concurrent.ScheduledThreadPoolExecutor$ScheduledFutureTask.access$201(ScheduledThreadPoolExecutor.java:180)
	at java.util.concurrent.ScheduledThreadPoolExecutor$ScheduledFutureTask.run(ScheduledThreadPoolExecutor.java:293)
	at java.util.concurrent.ThreadPoolExecutor.runWorker(ThreadPoolExecutor.java:1149)
	at java.util.concurrent.ThreadPoolExecutor$Worker.run(ThreadPoolExecutor.java:624)
	at java.lang.Thread.run(Thread.java:748)
2019-09-10 18:41:24,858 [java.util.concurrent.ThreadPoolExecutor$Worker@5a51959c[State = -1, empty queue]] WARN  server.GrpcLogAppender (GrpcLogAppender.java:timeoutAppendRequest(200)) - b72696e0-9c4e-4740-8bcd-ca4650f90538@group-23E12DAC9301->4d5e76d1-94b4-4344-b272-620ca499a368-GrpcLogAppender: appendEntries Timeout, request=b72696e0-9c4e-4740-8bcd-ca4650f90538->4d5e76d1-94b4-4344-b272-620ca499a368#15-t1, previous=(t:1, i:12), leaderCommit=6, initializing? false, entries: <empty>
2019-09-10 18:41:24,858 [java.util.concurrent.ThreadPoolExecutor$Worker@2c162ad4[State = -1, empty queue]] WARN  server.GrpcLogAppender (GrpcLogAppender.java:timeoutAppendRequest(200)) - b72696e0-9c4e-4740-8bcd-ca4650f90538@group-23E12DAC9301->a2905edf-b9c1-421a-8807-b5d3e2a2f0d1-GrpcLogAppender: appendEntries Timeout, request=b72696e0-9c4e-4740-8bcd-ca4650f90538->a2905edf-b9c1-421a-8807-b5d3e2a2f0d1#15-t1, previous=(t:1, i:12), leaderCommit=6, initializing? false, entries: <empty>
2019-09-10 18:41:25,260 [grpc-default-executor-2] INFO  impl.RaftServerProxy (RaftServerProxy.java:remove(95)) - 4d5e76d1-94b4-4344-b272-620ca499a368: remove group-5CC95CFBF3DB:null
2019-09-10 18:41:25,268 [RatisPipelineUtilsThread] WARN  pipeline.RatisPipelineUtils (RatisPipelineUtils.java:destroyPipeline(66)) - Pipeline destroy failed for pipeline=PipelineID=7bf794f4-70ce-4b1b-9a52-5cc95cfbf3db dn=4d5e76d1-94b4-4344-b272-620ca499a368{ip: 192.168.5.139, host: pr-hdds-1786-trunk-k6rzm-1803654198, networkLocation: /default-rack, certSerialId: null}
2019-09-10 18:41:25,289 [grpc-default-executor-2] INFO  impl.RaftServerProxy (RaftServerProxy.java:remove(95)) - b72696e0-9c4e-4740-8bcd-ca4650f90538: remove group-5CC95CFBF3DB:null
2019-09-10 18:41:25,296 [RatisPipelineUtilsThread] WARN  pipeline.RatisPipelineUtils (RatisPipelineUtils.java:destroyPipeline(66)) - Pipeline destroy failed for pipeline=PipelineID=7bf794f4-70ce-4b1b-9a52-5cc95cfbf3db dn=b72696e0-9c4e-4740-8bcd-ca4650f90538{ip: 192.168.5.139, host: pr-hdds-1786-trunk-k6rzm-1803654198, networkLocation: /default-rack, certSerialId: null}
2019-09-10 18:41:25,300 [grpc-default-executor-2] INFO  impl.RaftServerProxy (RaftServerProxy.java:remove(95)) - a2905edf-b9c1-421a-8807-b5d3e2a2f0d1: remove group-5CC95CFBF3DB:null
2019-09-10 18:41:25,313 [RatisPipelineUtilsThread] WARN  pipeline.RatisPipelineUtils (RatisPipelineUtils.java:destroyPipeline(66)) - Pipeline destroy failed for pipeline=PipelineID=7bf794f4-70ce-4b1b-9a52-5cc95cfbf3db dn=a2905edf-b9c1-421a-8807-b5d3e2a2f0d1{ip: 192.168.5.139, host: pr-hdds-1786-trunk-k6rzm-1803654198, networkLocation: /default-rack, certSerialId: null}
2019-09-10 18:41:25,314 [RatisPipelineUtilsThread] ERROR pipeline.SCMPipelineManager (Scheduler.java:lambda$schedule$1(70)) - Destroy pipeline failed for pipeline:Pipeline[ Id: 7bf794f4-70ce-4b1b-9a52-5cc95cfbf3db, Nodes: 4d5e76d1-94b4-4344-b272-620ca499a368{ip: 192.168.5.139, host: pr-hdds-1786-trunk-k6rzm-1803654198, networkLocation: /default-rack, certSerialId: null}b72696e0-9c4e-4740-8bcd-ca4650f90538{ip: 192.168.5.139, host: pr-hdds-1786-trunk-k6rzm-1803654198, networkLocation: /default-rack, certSerialId: null}a2905edf-b9c1-421a-8807-b5d3e2a2f0d1{ip: 192.168.5.139, host: pr-hdds-1786-trunk-k6rzm-1803654198, networkLocation: /default-rack, certSerialId: null}, Type:RATIS, Factor:THREE, State:CLOSED]
org.apache.hadoop.hdds.scm.pipeline.PipelineNotFoundException: PipelineID=7bf794f4-70ce-4b1b-9a52-5cc95cfbf3db not found
	at org.apache.hadoop.hdds.scm.pipeline.PipelineStateMap.getPipeline(PipelineStateMap.java:132)
	at org.apache.hadoop.hdds.scm.pipeline.PipelineStateMap.removePipeline(PipelineStateMap.java:322)
	at org.apache.hadoop.hdds.scm.pipeline.PipelineStateManager.removePipeline(PipelineStateManager.java:107)
	at org.apache.hadoop.hdds.scm.pipeline.SCMPipelineManager.removePipeline(SCMPipelineManager.java:423)
	at org.apache.hadoop.hdds.scm.pipeline.SCMPipelineManager.destroyPipeline(SCMPipelineManager.java:409)
	at org.apache.hadoop.hdds.scm.pipeline.SCMPipelineManager.lambda$finalizeAndDestroyPipeline$0(SCMPipelineManager.java:318)
	at org.apache.hadoop.utils.Scheduler.lambda$schedule$1(Scheduler.java:68)
	at java.util.concurrent.Executors$RunnableAdapter.call(Executors.java:511)
	at java.util.concurrent.FutureTask.run(FutureTask.java:266)
	at java.util.concurrent.ScheduledThreadPoolExecutor$ScheduledFutureTask.access$201(ScheduledThreadPoolExecutor.java:180)
	at java.util.concurrent.ScheduledThreadPoolExecutor$ScheduledFutureTask.run(ScheduledThreadPoolExecutor.java:293)
	at java.util.concurrent.ThreadPoolExecutor.runWorker(ThreadPoolExecutor.java:1149)
	at java.util.concurrent.ThreadPoolExecutor$Worker.run(ThreadPoolExecutor.java:624)
	at java.lang.Thread.run(Thread.java:748)
2019-09-10 18:41:26,902 [grpc-default-executor-2] INFO  client.GrpcClientProtocolClient (GrpcClientProtocolClient.java:onNext(264)) - client-D387AA9945EB->4d5e76d1-94b4-4344-b272-620ca499a368: receive RaftClientReply:client-D387AA9945EB->4d5e76d1-94b4-4344-b272-620ca499a368@group-23E12DAC9301, cid=39, FAILED org.apache.ratis.protocol.NotLeaderException: Server 4d5e76d1-94b4-4344-b272-620ca499a368@group-23E12DAC9301 is not the leader b72696e0-9c4e-4740-8bcd-ca4650f90538:192.168.5.139:36803, logIndex=0, commits[4d5e76d1-94b4-4344-b272-620ca499a368:c6, b72696e0-9c4e-4740-8bcd-ca4650f90538:c6, a2905edf-b9c1-421a-8807-b5d3e2a2f0d1:c4]
2019-09-10 18:41:27,019 [4d5e76d1-94b4-4344-b272-620ca499a368@group-23E12DAC9301-SegmentedRaftLogWorker] WARN  segmented.SegmentedRaftLogWorker (SegmentedRaftLogWorker.java:getFromFuture(90)) - Timeout 0/~
org.apache.ratis.protocol.TimeoutIOException: Timeout 10s: WriteLog:8: (t:1, i:8), STATEMACHINELOGENTRY, client-D387AA9945EB, cid=40-writeStateMachineData
	at org.apache.ratis.util.IOUtils.getFromFuture(IOUtils.java:87)
	at org.apache.ratis.server.raftlog.segmented.SegmentedRaftLogWorker$StateMachineDataPolicy.getFromFuture(SegmentedRaftLogWorker.java:87)
	at org.apache.ratis.server.raftlog.segmented.SegmentedRaftLogWorker$WriteLog.execute(SegmentedRaftLogWorker.java:477)
	at org.apache.ratis.server.raftlog.segmented.SegmentedRaftLogWorker.run(SegmentedRaftLogWorker.java:289)
	at java.lang.Thread.run(Thread.java:748)
Caused by: java.util.concurrent.TimeoutException
	at java.util.concurrent.CompletableFuture.timedGet(CompletableFuture.java:1771)
	at java.util.concurrent.CompletableFuture.get(CompletableFuture.java:1915)
	at org.apache.ratis.util.IOUtils.getFromFuture(IOUtils.java:79)
	... 4 more
2019-09-10 18:41:27,061 [a2905edf-b9c1-421a-8807-b5d3e2a2f0d1@group-23E12DAC9301-SegmentedRaftLogWorker] WARN  segmented.SegmentedRaftLogWorker (SegmentedRaftLogWorker.java:getFromFuture(90)) - Timeout 0/~
org.apache.ratis.protocol.TimeoutIOException: Timeout 10s: WriteLog:8: (t:1, i:8), STATEMACHINELOGENTRY, client-D387AA9945EB, cid=40-writeStateMachineData
	at org.apache.ratis.util.IOUtils.getFromFuture(IOUtils.java:87)
	at org.apache.ratis.server.raftlog.segmented.SegmentedRaftLogWorker$StateMachineDataPolicy.getFromFuture(SegmentedRaftLogWorker.java:87)
	at org.apache.ratis.server.raftlog.segmented.SegmentedRaftLogWorker$WriteLog.execute(SegmentedRaftLogWorker.java:477)
	at org.apache.ratis.server.raftlog.segmented.SegmentedRaftLogWorker.run(SegmentedRaftLogWorker.java:289)
	at java.lang.Thread.run(Thread.java:748)
Caused by: java.util.concurrent.TimeoutException
	at java.util.concurrent.CompletableFuture.timedGet(CompletableFuture.java:1771)
	at java.util.concurrent.CompletableFuture.get(CompletableFuture.java:1915)
	at org.apache.ratis.util.IOUtils.getFromFuture(IOUtils.java:79)
	... 4 more
2019-09-10 18:41:27,061 [b72696e0-9c4e-4740-8bcd-ca4650f90538@group-23E12DAC9301-SegmentedRaftLogWorker] WARN  segmented.SegmentedRaftLogWorker (SegmentedRaftLogWorker.java:getFromFuture(90)) - Timeout 0/~
org.apache.ratis.protocol.TimeoutIOException: Timeout 10s: WriteLog:8: (t:1, i:8), STATEMACHINELOGENTRY, client-D387AA9945EB, cid=40-writeStateMachineData
	at org.apache.ratis.util.IOUtils.getFromFuture(IOUtils.java:87)
	at org.apache.ratis.server.raftlog.segmented.SegmentedRaftLogWorker$StateMachineDataPolicy.getFromFuture(SegmentedRaftLogWorker.java:87)
	at org.apache.ratis.server.raftlog.segmented.SegmentedRaftLogWorker$WriteLog.execute(SegmentedRaftLogWorker.java:477)
	at org.apache.ratis.server.raftlog.segmented.SegmentedRaftLogWorker.run(SegmentedRaftLogWorker.java:289)
	at java.lang.Thread.run(Thread.java:748)
Caused by: java.util.concurrent.TimeoutException
	at java.util.concurrent.CompletableFuture.timedGet(CompletableFuture.java:1771)
	at java.util.concurrent.CompletableFuture.get(CompletableFuture.java:1915)
	at org.apache.ratis.util.IOUtils.getFromFuture(IOUtils.java:79)
	... 4 more
2019-09-10 18:41:27,359 [java.util.concurrent.ThreadPoolExecutor$Worker@5a51959c[State = -1, empty queue]] WARN  server.GrpcLogAppender (GrpcLogAppender.java:timeoutAppendRequest(200)) - b72696e0-9c4e-4740-8bcd-ca4650f90538@group-23E12DAC9301->4d5e76d1-94b4-4344-b272-620ca499a368-GrpcLogAppender: appendEntries Timeout, request=b72696e0-9c4e-4740-8bcd-ca4650f90538->4d5e76d1-94b4-4344-b272-620ca499a368#16-t1, previous=(t:1, i:12), leaderCommit=6, initializing? false, entries: <empty>
2019-09-10 18:41:27,359 [java.util.concurrent.ThreadPoolExecutor$Worker@2c162ad4[State = -1, empty queue]] WARN  server.GrpcLogAppender (GrpcLogAppender.java:timeoutAppendRequest(200)) - b72696e0-9c4e-4740-8bcd-ca4650f90538@group-23E12DAC9301->a2905edf-b9c1-421a-8807-b5d3e2a2f0d1-GrpcLogAppender: appendEntries Timeout, request=b72696e0-9c4e-4740-8bcd-ca4650f90538->a2905edf-b9c1-421a-8807-b5d3e2a2f0d1#16-t1, previous=(t:1, i:12), leaderCommit=6, initializing? false, entries: <empty>
2019-09-10 18:41:28,249 [grpc-default-executor-3] INFO  impl.RaftServerProxy (RaftServerProxy.java:remove(95)) - 4d5e76d1-94b4-4344-b272-620ca499a368: remove group-5CC95CFBF3DB:null
2019-09-10 18:41:28,257 [RatisPipelineUtilsThread] WARN  pipeline.RatisPipelineUtils (RatisPipelineUtils.java:destroyPipeline(66)) - Pipeline destroy failed for pipeline=PipelineID=7bf794f4-70ce-4b1b-9a52-5cc95cfbf3db dn=4d5e76d1-94b4-4344-b272-620ca499a368{ip: 192.168.5.139, host: pr-hdds-1786-trunk-k6rzm-1803654198, networkLocation: /default-rack, certSerialId: null}
2019-09-10 18:41:28,262 [grpc-default-executor-3] INFO  impl.RaftServerProxy (RaftServerProxy.java:remove(95)) - b72696e0-9c4e-4740-8bcd-ca4650f90538: remove group-5CC95CFBF3DB:null
2019-09-10 18:41:28,267 [RatisPipelineUtilsThread] WARN  pipeline.RatisPipelineUtils (RatisPipelineUtils.java:destroyPipeline(66)) - Pipeline destroy failed for pipeline=PipelineID=7bf794f4-70ce-4b1b-9a52-5cc95cfbf3db dn=b72696e0-9c4e-4740-8bcd-ca4650f90538{ip: 192.168.5.139, host: pr-hdds-1786-trunk-k6rzm-1803654198, networkLocation: /default-rack, certSerialId: null}
2019-09-10 18:41:28,271 [grpc-default-executor-3] INFO  impl.RaftServerProxy (RaftServerProxy.java:remove(95)) - a2905edf-b9c1-421a-8807-b5d3e2a2f0d1: remove group-5CC95CFBF3DB:null
2019-09-10 18:41:28,277 [RatisPipelineUtilsThread] WARN  pipeline.RatisPipelineUtils (RatisPipelineUtils.java:destroyPipeline(66)) - Pipeline destroy failed for pipeline=PipelineID=7bf794f4-70ce-4b1b-9a52-5cc95cfbf3db dn=a2905edf-b9c1-421a-8807-b5d3e2a2f0d1{ip: 192.168.5.139, host: pr-hdds-1786-trunk-k6rzm-1803654198, networkLocation: /default-rack, certSerialId: null}
2019-09-10 18:41:28,278 [RatisPipelineUtilsThread] ERROR pipeline.SCMPipelineManager (Scheduler.java:lambda$schedule$1(70)) - Destroy pipeline failed for pipeline:Pipeline[ Id: 7bf794f4-70ce-4b1b-9a52-5cc95cfbf3db, Nodes: 4d5e76d1-94b4-4344-b272-620ca499a368{ip: 192.168.5.139, host: pr-hdds-1786-trunk-k6rzm-1803654198, networkLocation: /default-rack, certSerialId: null}b72696e0-9c4e-4740-8bcd-ca4650f90538{ip: 192.168.5.139, host: pr-hdds-1786-trunk-k6rzm-1803654198, networkLocation: /default-rack, certSerialId: null}a2905edf-b9c1-421a-8807-b5d3e2a2f0d1{ip: 192.168.5.139, host: pr-hdds-1786-trunk-k6rzm-1803654198, networkLocation: /default-rack, certSerialId: null}, Type:RATIS, Factor:THREE, State:CLOSED]
org.apache.hadoop.hdds.scm.pipeline.PipelineNotFoundException: PipelineID=7bf794f4-70ce-4b1b-9a52-5cc95cfbf3db not found
	at org.apache.hadoop.hdds.scm.pipeline.PipelineStateMap.getPipeline(PipelineStateMap.java:132)
	at org.apache.hadoop.hdds.scm.pipeline.PipelineStateMap.removePipeline(PipelineStateMap.java:322)
	at org.apache.hadoop.hdds.scm.pipeline.PipelineStateManager.removePipeline(PipelineStateManager.java:107)
	at org.apache.hadoop.hdds.scm.pipeline.SCMPipelineManager.removePipeline(SCMPipelineManager.java:423)
	at org.apache.hadoop.hdds.scm.pipeline.SCMPipelineManager.destroyPipeline(SCMPipelineManager.java:409)
	at org.apache.hadoop.hdds.scm.pipeline.SCMPipelineManager.lambda$finalizeAndDestroyPipeline$0(SCMPipelineManager.java:318)
	at org.apache.hadoop.utils.Scheduler.lambda$schedule$1(Scheduler.java:68)
	at java.util.concurrent.Executors$RunnableAdapter.call(Executors.java:511)
	at java.util.concurrent.FutureTask.run(FutureTask.java:266)
	at java.util.concurrent.ScheduledThreadPoolExecutor$ScheduledFutureTask.access$201(ScheduledThreadPoolExecutor.java:180)
	at java.util.concurrent.ScheduledThreadPoolExecutor$ScheduledFutureTask.run(ScheduledThreadPoolExecutor.java:293)
	at java.util.concurrent.ThreadPoolExecutor.runWorker(ThreadPoolExecutor.java:1149)
	at java.util.concurrent.ThreadPoolExecutor$Worker.run(ThreadPoolExecutor.java:624)
	at java.lang.Thread.run(Thread.java:748)
2019-09-10 18:41:29,860 [java.util.concurrent.ThreadPoolExecutor$Worker@5a51959c[State = -1, empty queue]] WARN  server.GrpcLogAppender (GrpcLogAppender.java:timeoutAppendRequest(200)) - b72696e0-9c4e-4740-8bcd-ca4650f90538@group-23E12DAC9301->4d5e76d1-94b4-4344-b272-620ca499a368-GrpcLogAppender: appendEntries Timeout, request=b72696e0-9c4e-4740-8bcd-ca4650f90538->4d5e76d1-94b4-4344-b272-620ca499a368#17-t1, previous=(t:1, i:12), leaderCommit=6, initializing? false, entries: <empty>
2019-09-10 18:41:29,860 [java.util.concurrent.ThreadPoolExecutor$Worker@2c162ad4[State = -1, empty queue]] WARN  server.GrpcLogAppender (GrpcLogAppender.java:timeoutAppendRequest(200)) - b72696e0-9c4e-4740-8bcd-ca4650f90538@group-23E12DAC9301->a2905edf-b9c1-421a-8807-b5d3e2a2f0d1-GrpcLogAppender: appendEntries Timeout, request=b72696e0-9c4e-4740-8bcd-ca4650f90538->a2905edf-b9c1-421a-8807-b5d3e2a2f0d1#17-t1, previous=(t:1, i:12), leaderCommit=6, initializing? false, entries: <empty>
2019-09-10 18:41:30,252 [grpc-default-executor-2] INFO  impl.RaftServerProxy (RaftServerProxy.java:remove(95)) - 4d5e76d1-94b4-4344-b272-620ca499a368: remove group-5CC95CFBF3DB:null
2019-09-10 18:41:30,262 [RatisPipelineUtilsThread] WARN  pipeline.RatisPipelineUtils (RatisPipelineUtils.java:destroyPipeline(66)) - Pipeline destroy failed for pipeline=PipelineID=7bf794f4-70ce-4b1b-9a52-5cc95cfbf3db dn=4d5e76d1-94b4-4344-b272-620ca499a368{ip: 192.168.5.139, host: pr-hdds-1786-trunk-k6rzm-1803654198, networkLocation: /default-rack, certSerialId: null}
2019-09-10 18:41:30,266 [grpc-default-executor-2] INFO  impl.RaftServerProxy (RaftServerProxy.java:remove(95)) - b72696e0-9c4e-4740-8bcd-ca4650f90538: remove group-5CC95CFBF3DB:null
2019-09-10 18:41:30,272 [RatisPipelineUtilsThread] WARN  pipeline.RatisPipelineUtils (RatisPipelineUtils.java:destroyPipeline(66)) - Pipeline destroy failed for pipeline=PipelineID=7bf794f4-70ce-4b1b-9a52-5cc95cfbf3db dn=b72696e0-9c4e-4740-8bcd-ca4650f90538{ip: 192.168.5.139, host: pr-hdds-1786-trunk-k6rzm-1803654198, networkLocation: /default-rack, certSerialId: null}
2019-09-10 18:41:30,275 [grpc-default-executor-2] INFO  impl.RaftServerProxy (RaftServerProxy.java:remove(95)) - a2905edf-b9c1-421a-8807-b5d3e2a2f0d1: remove group-5CC95CFBF3DB:null
2019-09-10 18:41:30,282 [RatisPipelineUtilsThread] WARN  pipeline.RatisPipelineUtils (RatisPipelineUtils.java:destroyPipeline(66)) - Pipeline destroy failed for pipeline=PipelineID=7bf794f4-70ce-4b1b-9a52-5cc95cfbf3db dn=a2905edf-b9c1-421a-8807-b5d3e2a2f0d1{ip: 192.168.5.139, host: pr-hdds-1786-trunk-k6rzm-1803654198, networkLocation: /default-rack, certSerialId: null}
2019-09-10 18:41:30,282 [RatisPipelineUtilsThread] ERROR pipeline.SCMPipelineManager (Scheduler.java:lambda$schedule$1(70)) - Destroy pipeline failed for pipeline:Pipeline[ Id: 7bf794f4-70ce-4b1b-9a52-5cc95cfbf3db, Nodes: 4d5e76d1-94b4-4344-b272-620ca499a368{ip: 192.168.5.139, host: pr-hdds-1786-trunk-k6rzm-1803654198, networkLocation: /default-rack, certSerialId: null}b72696e0-9c4e-4740-8bcd-ca4650f90538{ip: 192.168.5.139, host: pr-hdds-1786-trunk-k6rzm-1803654198, networkLocation: /default-rack, certSerialId: null}a2905edf-b9c1-421a-8807-b5d3e2a2f0d1{ip: 192.168.5.139, host: pr-hdds-1786-trunk-k6rzm-1803654198, networkLocation: /default-rack, certSerialId: null}, Type:RATIS, Factor:THREE, State:CLOSED]
org.apache.hadoop.hdds.scm.pipeline.PipelineNotFoundException: PipelineID=7bf794f4-70ce-4b1b-9a52-5cc95cfbf3db not found
	at org.apache.hadoop.hdds.scm.pipeline.PipelineStateMap.getPipeline(PipelineStateMap.java:132)
	at org.apache.hadoop.hdds.scm.pipeline.PipelineStateMap.removePipeline(PipelineStateMap.java:322)
	at org.apache.hadoop.hdds.scm.pipeline.PipelineStateManager.removePipeline(PipelineStateManager.java:107)
	at org.apache.hadoop.hdds.scm.pipeline.SCMPipelineManager.removePipeline(SCMPipelineManager.java:423)
	at org.apache.hadoop.hdds.scm.pipeline.SCMPipelineManager.destroyPipeline(SCMPipelineManager.java:409)
	at org.apache.hadoop.hdds.scm.pipeline.SCMPipelineManager.lambda$finalizeAndDestroyPipeline$0(SCMPipelineManager.java:318)
	at org.apache.hadoop.utils.Scheduler.lambda$schedule$1(Scheduler.java:68)
	at java.util.concurrent.Executors$RunnableAdapter.call(Executors.java:511)
	at java.util.concurrent.FutureTask.run(FutureTask.java:266)
	at java.util.concurrent.ScheduledThreadPoolExecutor$ScheduledFutureTask.access$201(ScheduledThreadPoolExecutor.java:180)
	at java.util.concurrent.ScheduledThreadPoolExecutor$ScheduledFutureTask.run(ScheduledThreadPoolExecutor.java:293)
	at java.util.concurrent.ThreadPoolExecutor.runWorker(ThreadPoolExecutor.java:1149)
	at java.util.concurrent.ThreadPoolExecutor$Worker.run(ThreadPoolExecutor.java:624)
	at java.lang.Thread.run(Thread.java:748)
2019-09-10 18:41:31,945 [grpc-default-executor-2] INFO  client.GrpcClientProtocolClient (GrpcClientProtocolClient.java:onNext(264)) - client-D387AA9945EB->a2905edf-b9c1-421a-8807-b5d3e2a2f0d1: receive RaftClientReply:client-D387AA9945EB->a2905edf-b9c1-421a-8807-b5d3e2a2f0d1@group-23E12DAC9301, cid=39, FAILED org.apache.ratis.protocol.NotLeaderException: Server a2905edf-b9c1-421a-8807-b5d3e2a2f0d1@group-23E12DAC9301 is not the leader b72696e0-9c4e-4740-8bcd-ca4650f90538:192.168.5.139:36803, logIndex=0, commits[a2905edf-b9c1-421a-8807-b5d3e2a2f0d1:c6, b72696e0-9c4e-4740-8bcd-ca4650f90538:c6, 4d5e76d1-94b4-4344-b272-620ca499a368:c4]
2019-09-10 18:41:32,362 [java.util.concurrent.ThreadPoolExecutor$Worker@5a51959c[State = -1, empty queue]] WARN  server.GrpcLogAppender (GrpcLogAppender.java:timeoutAppendRequest(200)) - b72696e0-9c4e-4740-8bcd-ca4650f90538@group-23E12DAC9301->4d5e76d1-94b4-4344-b272-620ca499a368-GrpcLogAppender: appendEntries Timeout, request=b72696e0-9c4e-4740-8bcd-ca4650f90538->4d5e76d1-94b4-4344-b272-620ca499a368#18-t1, previous=(t:1, i:12), leaderCommit=6, initializing? false, entries: <empty>
2019-09-10 18:41:32,362 [java.util.concurrent.ThreadPoolExecutor$Worker@2c162ad4[State = -1, empty queue]] WARN  server.GrpcLogAppender (GrpcLogAppender.java:timeoutAppendRequest(200)) - b72696e0-9c4e-4740-8bcd-ca4650f90538@group-23E12DAC9301->a2905edf-b9c1-421a-8807-b5d3e2a2f0d1-GrpcLogAppender: appendEntries Timeout, request=b72696e0-9c4e-4740-8bcd-ca4650f90538->a2905edf-b9c1-421a-8807-b5d3e2a2f0d1#18-t1, previous=(t:1, i:12), leaderCommit=6, initializing? false, entries: <empty>
2019-09-10 18:41:33,250 [grpc-default-executor-2] INFO  impl.RaftServerProxy (RaftServerProxy.java:remove(95)) - 4d5e76d1-94b4-4344-b272-620ca499a368: remove group-5CC95CFBF3DB:null
2019-09-10 18:41:33,259 [RatisPipelineUtilsThread] WARN  pipeline.RatisPipelineUtils (RatisPipelineUtils.java:destroyPipeline(66)) - Pipeline destroy failed for pipeline=PipelineID=7bf794f4-70ce-4b1b-9a52-5cc95cfbf3db dn=4d5e76d1-94b4-4344-b272-620ca499a368{ip: 192.168.5.139, host: pr-hdds-1786-trunk-k6rzm-1803654198, networkLocation: /default-rack, certSerialId: null}
2019-09-10 18:41:33,263 [grpc-default-executor-2] INFO  impl.RaftServerProxy (RaftServerProxy.java:remove(95)) - b72696e0-9c4e-4740-8bcd-ca4650f90538: remove group-5CC95CFBF3DB:null
2019-09-10 18:41:33,269 [RatisPipelineUtilsThread] WARN  pipeline.RatisPipelineUtils (RatisPipelineUtils.java:destroyPipeline(66)) - Pipeline destroy failed for pipeline=PipelineID=7bf794f4-70ce-4b1b-9a52-5cc95cfbf3db dn=b72696e0-9c4e-4740-8bcd-ca4650f90538{ip: 192.168.5.139, host: pr-hdds-1786-trunk-k6rzm-1803654198, networkLocation: /default-rack, certSerialId: null}
2019-09-10 18:41:33,272 [grpc-default-executor-2] INFO  impl.RaftServerProxy (RaftServerProxy.java:remove(95)) - a2905edf-b9c1-421a-8807-b5d3e2a2f0d1: remove group-5CC95CFBF3DB:null
2019-09-10 18:41:33,278 [RatisPipelineUtilsThread] WARN  pipeline.RatisPipelineUtils (RatisPipelineUtils.java:destroyPipeline(66)) - Pipeline destroy failed for pipeline=PipelineID=7bf794f4-70ce-4b1b-9a52-5cc95cfbf3db dn=a2905edf-b9c1-421a-8807-b5d3e2a2f0d1{ip: 192.168.5.139, host: pr-hdds-1786-trunk-k6rzm-1803654198, networkLocation: /default-rack, certSerialId: null}
2019-09-10 18:41:33,278 [RatisPipelineUtilsThread] ERROR pipeline.SCMPipelineManager (Scheduler.java:lambda$schedule$1(70)) - Destroy pipeline failed for pipeline:Pipeline[ Id: 7bf794f4-70ce-4b1b-9a52-5cc95cfbf3db, Nodes: 4d5e76d1-94b4-4344-b272-620ca499a368{ip: 192.168.5.139, host: pr-hdds-1786-trunk-k6rzm-1803654198, networkLocation: /default-rack, certSerialId: null}b72696e0-9c4e-4740-8bcd-ca4650f90538{ip: 192.168.5.139, host: pr-hdds-1786-trunk-k6rzm-1803654198, networkLocation: /default-rack, certSerialId: null}a2905edf-b9c1-421a-8807-b5d3e2a2f0d1{ip: 192.168.5.139, host: pr-hdds-1786-trunk-k6rzm-1803654198, networkLocation: /default-rack, certSerialId: null}, Type:RATIS, Factor:THREE, State:CLOSED]
org.apache.hadoop.hdds.scm.pipeline.PipelineNotFoundException: PipelineID=7bf794f4-70ce-4b1b-9a52-5cc95cfbf3db not found
	at org.apache.hadoop.hdds.scm.pipeline.PipelineStateMap.getPipeline(PipelineStateMap.java:132)
	at org.apache.hadoop.hdds.scm.pipeline.PipelineStateMap.removePipeline(PipelineStateMap.java:322)
	at org.apache.hadoop.hdds.scm.pipeline.PipelineStateManager.removePipeline(PipelineStateManager.java:107)
	at org.apache.hadoop.hdds.scm.pipeline.SCMPipelineManager.removePipeline(SCMPipelineManager.java:423)
	at org.apache.hadoop.hdds.scm.pipeline.SCMPipelineManager.destroyPipeline(SCMPipelineManager.java:409)
	at org.apache.hadoop.hdds.scm.pipeline.SCMPipelineManager.lambda$finalizeAndDestroyPipeline$0(SCMPipelineManager.java:318)
	at org.apache.hadoop.utils.Scheduler.lambda$schedule$1(Scheduler.java:68)
	at java.util.concurrent.Executors$RunnableAdapter.call(Executors.java:511)
	at java.util.concurrent.FutureTask.run(FutureTask.java:266)
	at java.util.concurrent.ScheduledThreadPoolExecutor$ScheduledFutureTask.access$201(ScheduledThreadPoolExecutor.java:180)
	at java.util.concurrent.ScheduledThreadPoolExecutor$ScheduledFutureTask.run(ScheduledThreadPoolExecutor.java:293)
	at java.util.concurrent.ThreadPoolExecutor.runWorker(ThreadPoolExecutor.java:1149)
	at java.util.concurrent.ThreadPoolExecutor$Worker.run(ThreadPoolExecutor.java:624)
	at java.lang.Thread.run(Thread.java:748)
2019-09-10 18:41:34,862 [java.util.concurrent.ThreadPoolExecutor$Worker@5a51959c[State = -1, empty queue]] WARN  server.GrpcLogAppender (GrpcLogAppender.java:timeoutAppendRequest(200)) - b72696e0-9c4e-4740-8bcd-ca4650f90538@group-23E12DAC9301->4d5e76d1-94b4-4344-b272-620ca499a368-GrpcLogAppender: appendEntries Timeout, request=b72696e0-9c4e-4740-8bcd-ca4650f90538->4d5e76d1-94b4-4344-b272-620ca499a368#19-t1, previous=(t:1, i:12), leaderCommit=6, initializing? false, entries: <empty>
2019-09-10 18:41:34,862 [java.util.concurrent.ThreadPoolExecutor$Worker@2c162ad4[State = -1, empty queue]] WARN  server.GrpcLogAppender (GrpcLogAppender.java:timeoutAppendRequest(200)) - b72696e0-9c4e-4740-8bcd-ca4650f90538@group-23E12DAC9301->a2905edf-b9c1-421a-8807-b5d3e2a2f0d1-GrpcLogAppender: appendEntries Timeout, request=b72696e0-9c4e-4740-8bcd-ca4650f90538->a2905edf-b9c1-421a-8807-b5d3e2a2f0d1#19-t1, previous=(t:1, i:12), leaderCommit=6, initializing? false, entries: <empty>
2019-09-10 18:41:35,253 [grpc-default-executor-3] INFO  impl.RaftServerProxy (RaftServerProxy.java:remove(95)) - 4d5e76d1-94b4-4344-b272-620ca499a368: remove group-5CC95CFBF3DB:null
2019-09-10 18:41:35,261 [RatisPipelineUtilsThread] WARN  pipeline.RatisPipelineUtils (RatisPipelineUtils.java:destroyPipeline(66)) - Pipeline destroy failed for pipeline=PipelineID=7bf794f4-70ce-4b1b-9a52-5cc95cfbf3db dn=4d5e76d1-94b4-4344-b272-620ca499a368{ip: 192.168.5.139, host: pr-hdds-1786-trunk-k6rzm-1803654198, networkLocation: /default-rack, certSerialId: null}
2019-09-10 18:41:35,264 [grpc-default-executor-3] INFO  impl.RaftServerProxy (RaftServerProxy.java:remove(95)) - b72696e0-9c4e-4740-8bcd-ca4650f90538: remove group-5CC95CFBF3DB:null
2019-09-10 18:41:35,271 [RatisPipelineUtilsThread] WARN  pipeline.RatisPipelineUtils (RatisPipelineUtils.java:destroyPipeline(66)) - Pipeline destroy failed for pipeline=PipelineID=7bf794f4-70ce-4b1b-9a52-5cc95cfbf3db dn=b72696e0-9c4e-4740-8bcd-ca4650f90538{ip: 192.168.5.139, host: pr-hdds-1786-trunk-k6rzm-1803654198, networkLocation: /default-rack, certSerialId: null}
2019-09-10 18:41:35,274 [grpc-default-executor-3] INFO  impl.RaftServerProxy (RaftServerProxy.java:remove(95)) - a2905edf-b9c1-421a-8807-b5d3e2a2f0d1: remove group-5CC95CFBF3DB:null
2019-09-10 18:41:35,279 [RatisPipelineUtilsThread] WARN  pipeline.RatisPipelineUtils (RatisPipelineUtils.java:destroyPipeline(66)) - Pipeline destroy failed for pipeline=PipelineID=7bf794f4-70ce-4b1b-9a52-5cc95cfbf3db dn=a2905edf-b9c1-421a-8807-b5d3e2a2f0d1{ip: 192.168.5.139, host: pr-hdds-1786-trunk-k6rzm-1803654198, networkLocation: /default-rack, certSerialId: null}
2019-09-10 18:41:35,280 [RatisPipelineUtilsThread] ERROR pipeline.SCMPipelineManager (Scheduler.java:lambda$schedule$1(70)) - Destroy pipeline failed for pipeline:Pipeline[ Id: 7bf794f4-70ce-4b1b-9a52-5cc95cfbf3db, Nodes: 4d5e76d1-94b4-4344-b272-620ca499a368{ip: 192.168.5.139, host: pr-hdds-1786-trunk-k6rzm-1803654198, networkLocation: /default-rack, certSerialId: null}b72696e0-9c4e-4740-8bcd-ca4650f90538{ip: 192.168.5.139, host: pr-hdds-1786-trunk-k6rzm-1803654198, networkLocation: /default-rack, certSerialId: null}a2905edf-b9c1-421a-8807-b5d3e2a2f0d1{ip: 192.168.5.139, host: pr-hdds-1786-trunk-k6rzm-1803654198, networkLocation: /default-rack, certSerialId: null}, Type:RATIS, Factor:THREE, State:CLOSED]
org.apache.hadoop.hdds.scm.pipeline.PipelineNotFoundException: PipelineID=7bf794f4-70ce-4b1b-9a52-5cc95cfbf3db not found
	at org.apache.hadoop.hdds.scm.pipeline.PipelineStateMap.getPipeline(PipelineStateMap.java:132)
	at org.apache.hadoop.hdds.scm.pipeline.PipelineStateMap.removePipeline(PipelineStateMap.java:322)
	at org.apache.hadoop.hdds.scm.pipeline.PipelineStateManager.removePipeline(PipelineStateManager.java:107)
	at org.apache.hadoop.hdds.scm.pipeline.SCMPipelineManager.removePipeline(SCMPipelineManager.java:423)
	at org.apache.hadoop.hdds.scm.pipeline.SCMPipelineManager.destroyPipeline(SCMPipelineManager.java:409)
	at org.apache.hadoop.hdds.scm.pipeline.SCMPipelineManager.lambda$finalizeAndDestroyPipeline$0(SCMPipelineManager.java:318)
	at org.apache.hadoop.utils.Scheduler.lambda$schedule$1(Scheduler.java:68)
	at java.util.concurrent.Executors$RunnableAdapter.call(Executors.java:511)
	at java.util.concurrent.FutureTask.run(FutureTask.java:266)
	at java.util.concurrent.ScheduledThreadPoolExecutor$ScheduledFutureTask.access$201(ScheduledThreadPoolExecutor.java:180)
	at java.util.concurrent.ScheduledThreadPoolExecutor$ScheduledFutureTask.run(ScheduledThreadPoolExecutor.java:293)
	at java.util.concurrent.ThreadPoolExecutor.runWorker(ThreadPoolExecutor.java:1149)
	at java.util.concurrent.ThreadPoolExecutor$Worker.run(ThreadPoolExecutor.java:624)
	at java.lang.Thread.run(Thread.java:748)
2019-09-10 18:41:36,983 [grpc-default-executor-3] INFO  client.GrpcClientProtocolClient (GrpcClientProtocolClient.java:onNext(264)) - client-D387AA9945EB->a2905edf-b9c1-421a-8807-b5d3e2a2f0d1: receive RaftClientReply:client-D387AA9945EB->a2905edf-b9c1-421a-8807-b5d3e2a2f0d1@group-23E12DAC9301, cid=39, FAILED org.apache.ratis.protocol.NotLeaderException: Server a2905edf-b9c1-421a-8807-b5d3e2a2f0d1@group-23E12DAC9301 is not the leader b72696e0-9c4e-4740-8bcd-ca4650f90538:192.168.5.139:36803, logIndex=0, commits[a2905edf-b9c1-421a-8807-b5d3e2a2f0d1:c6, b72696e0-9c4e-4740-8bcd-ca4650f90538:c6, 4d5e76d1-94b4-4344-b272-620ca499a368:c4]
2019-09-10 18:41:37,020 [4d5e76d1-94b4-4344-b272-620ca499a368@group-23E12DAC9301-SegmentedRaftLogWorker] WARN  segmented.SegmentedRaftLogWorker (SegmentedRaftLogWorker.java:getFromFuture(90)) - Timeout 1/~
org.apache.ratis.protocol.TimeoutIOException: Timeout 10s: WriteLog:8: (t:1, i:8), STATEMACHINELOGENTRY, client-D387AA9945EB, cid=40-writeStateMachineData
	at org.apache.ratis.util.IOUtils.getFromFuture(IOUtils.java:87)
	at org.apache.ratis.server.raftlog.segmented.SegmentedRaftLogWorker$StateMachineDataPolicy.getFromFuture(SegmentedRaftLogWorker.java:87)
	at org.apache.ratis.server.raftlog.segmented.SegmentedRaftLogWorker$WriteLog.execute(SegmentedRaftLogWorker.java:477)
	at org.apache.ratis.server.raftlog.segmented.SegmentedRaftLogWorker.run(SegmentedRaftLogWorker.java:289)
	at java.lang.Thread.run(Thread.java:748)
Caused by: java.util.concurrent.TimeoutException
	at java.util.concurrent.CompletableFuture.timedGet(CompletableFuture.java:1771)
	at java.util.concurrent.CompletableFuture.get(CompletableFuture.java:1915)
	at org.apache.ratis.util.IOUtils.getFromFuture(IOUtils.java:79)
	... 4 more
2019-09-10 18:41:37,061 [a2905edf-b9c1-421a-8807-b5d3e2a2f0d1@group-23E12DAC9301-SegmentedRaftLogWorker] WARN  segmented.SegmentedRaftLogWorker (SegmentedRaftLogWorker.java:getFromFuture(90)) - Timeout 1/~
org.apache.ratis.protocol.TimeoutIOException: Timeout 10s: WriteLog:8: (t:1, i:8), STATEMACHINELOGENTRY, client-D387AA9945EB, cid=40-writeStateMachineData
	at org.apache.ratis.util.IOUtils.getFromFuture(IOUtils.java:87)
	at org.apache.ratis.server.raftlog.segmented.SegmentedRaftLogWorker$StateMachineDataPolicy.getFromFuture(SegmentedRaftLogWorker.java:87)
	at org.apache.ratis.server.raftlog.segmented.SegmentedRaftLogWorker$WriteLog.execute(SegmentedRaftLogWorker.java:477)
	at org.apache.ratis.server.raftlog.segmented.SegmentedRaftLogWorker.run(SegmentedRaftLogWorker.java:289)
	at java.lang.Thread.run(Thread.java:748)
Caused by: java.util.concurrent.TimeoutException
	at java.util.concurrent.CompletableFuture.timedGet(CompletableFuture.java:1771)
	at java.util.concurrent.CompletableFuture.get(CompletableFuture.java:1915)
	at org.apache.ratis.util.IOUtils.getFromFuture(IOUtils.java:79)
	... 4 more
2019-09-10 18:41:37,062 [b72696e0-9c4e-4740-8bcd-ca4650f90538@group-23E12DAC9301-SegmentedRaftLogWorker] WARN  segmented.SegmentedRaftLogWorker (SegmentedRaftLogWorker.java:getFromFuture(90)) - Timeout 1/~
org.apache.ratis.protocol.TimeoutIOException: Timeout 10s: WriteLog:8: (t:1, i:8), STATEMACHINELOGENTRY, client-D387AA9945EB, cid=40-writeStateMachineData
	at org.apache.ratis.util.IOUtils.getFromFuture(IOUtils.java:87)
	at org.apache.ratis.server.raftlog.segmented.SegmentedRaftLogWorker$StateMachineDataPolicy.getFromFuture(SegmentedRaftLogWorker.java:87)
	at org.apache.ratis.server.raftlog.segmented.SegmentedRaftLogWorker$WriteLog.execute(SegmentedRaftLogWorker.java:477)
	at org.apache.ratis.server.raftlog.segmented.SegmentedRaftLogWorker.run(SegmentedRaftLogWorker.java:289)
	at java.lang.Thread.run(Thread.java:748)
Caused by: java.util.concurrent.TimeoutException
	at java.util.concurrent.CompletableFuture.timedGet(CompletableFuture.java:1771)
	at java.util.concurrent.CompletableFuture.get(CompletableFuture.java:1915)
	at org.apache.ratis.util.IOUtils.getFromFuture(IOUtils.java:79)
	... 4 more
2019-09-10 18:41:37,363 [java.util.concurrent.ThreadPoolExecutor$Worker@5a51959c[State = -1, empty queue]] WARN  server.GrpcLogAppender (GrpcLogAppender.java:timeoutAppendRequest(200)) - b72696e0-9c4e-4740-8bcd-ca4650f90538@group-23E12DAC9301->4d5e76d1-94b4-4344-b272-620ca499a368-GrpcLogAppender: appendEntries Timeout, request=b72696e0-9c4e-4740-8bcd-ca4650f90538->4d5e76d1-94b4-4344-b272-620ca499a368#20-t1, previous=(t:1, i:12), leaderCommit=6, initializing? false, entries: <empty>
2019-09-10 18:41:37,363 [java.util.concurrent.ThreadPoolExecutor$Worker@2c162ad4[State = -1, empty queue]] WARN  server.GrpcLogAppender (GrpcLogAppender.java:timeoutAppendRequest(200)) - b72696e0-9c4e-4740-8bcd-ca4650f90538@group-23E12DAC9301->a2905edf-b9c1-421a-8807-b5d3e2a2f0d1-GrpcLogAppender: appendEntries Timeout, request=b72696e0-9c4e-4740-8bcd-ca4650f90538->a2905edf-b9c1-421a-8807-b5d3e2a2f0d1#20-t1, previous=(t:1, i:12), leaderCommit=6, initializing? false, entries: <empty>
2019-09-10 18:41:38,251 [grpc-default-executor-2] INFO  impl.RaftServerProxy (RaftServerProxy.java:remove(95)) - 4d5e76d1-94b4-4344-b272-620ca499a368: remove group-5CC95CFBF3DB:null
2019-09-10 18:41:38,259 [RatisPipelineUtilsThread] WARN  pipeline.RatisPipelineUtils (RatisPipelineUtils.java:destroyPipeline(66)) - Pipeline destroy failed for pipeline=PipelineID=7bf794f4-70ce-4b1b-9a52-5cc95cfbf3db dn=4d5e76d1-94b4-4344-b272-620ca499a368{ip: 192.168.5.139, host: pr-hdds-1786-trunk-k6rzm-1803654198, networkLocation: /default-rack, certSerialId: null}
2019-09-10 18:41:38,263 [grpc-default-executor-2] INFO  impl.RaftServerProxy (RaftServerProxy.java:remove(95)) - b72696e0-9c4e-4740-8bcd-ca4650f90538: remove group-5CC95CFBF3DB:null
2019-09-10 18:41:38,269 [RatisPipelineUtilsThread] WARN  pipeline.RatisPipelineUtils (RatisPipelineUtils.java:destroyPipeline(66)) - Pipeline destroy failed for pipeline=PipelineID=7bf794f4-70ce-4b1b-9a52-5cc95cfbf3db dn=b72696e0-9c4e-4740-8bcd-ca4650f90538{ip: 192.168.5.139, host: pr-hdds-1786-trunk-k6rzm-1803654198, networkLocation: /default-rack, certSerialId: null}
2019-09-10 18:41:38,272 [grpc-default-executor-2] INFO  impl.RaftServerProxy (RaftServerProxy.java:remove(95)) - a2905edf-b9c1-421a-8807-b5d3e2a2f0d1: remove group-5CC95CFBF3DB:null
2019-09-10 18:41:38,277 [RatisPipelineUtilsThread] WARN  pipeline.RatisPipelineUtils (RatisPipelineUtils.java:destroyPipeline(66)) - Pipeline destroy failed for pipeline=PipelineID=7bf794f4-70ce-4b1b-9a52-5cc95cfbf3db dn=a2905edf-b9c1-421a-8807-b5d3e2a2f0d1{ip: 192.168.5.139, host: pr-hdds-1786-trunk-k6rzm-1803654198, networkLocation: /default-rack, certSerialId: null}
2019-09-10 18:41:38,277 [RatisPipelineUtilsThread] ERROR pipeline.SCMPipelineManager (Scheduler.java:lambda$schedule$1(70)) - Destroy pipeline failed for pipeline:Pipeline[ Id: 7bf794f4-70ce-4b1b-9a52-5cc95cfbf3db, Nodes: 4d5e76d1-94b4-4344-b272-620ca499a368{ip: 192.168.5.139, host: pr-hdds-1786-trunk-k6rzm-1803654198, networkLocation: /default-rack, certSerialId: null}b72696e0-9c4e-4740-8bcd-ca4650f90538{ip: 192.168.5.139, host: pr-hdds-1786-trunk-k6rzm-1803654198, networkLocation: /default-rack, certSerialId: null}a2905edf-b9c1-421a-8807-b5d3e2a2f0d1{ip: 192.168.5.139, host: pr-hdds-1786-trunk-k6rzm-1803654198, networkLocation: /default-rack, certSerialId: null}, Type:RATIS, Factor:THREE, State:CLOSED]
org.apache.hadoop.hdds.scm.pipeline.PipelineNotFoundException: PipelineID=7bf794f4-70ce-4b1b-9a52-5cc95cfbf3db not found
	at org.apache.hadoop.hdds.scm.pipeline.PipelineStateMap.getPipeline(PipelineStateMap.java:132)
	at org.apache.hadoop.hdds.scm.pipeline.PipelineStateMap.removePipeline(PipelineStateMap.java:322)
	at org.apache.hadoop.hdds.scm.pipeline.PipelineStateManager.removePipeline(PipelineStateManager.java:107)
	at org.apache.hadoop.hdds.scm.pipeline.SCMPipelineManager.removePipeline(SCMPipelineManager.java:423)
	at org.apache.hadoop.hdds.scm.pipeline.SCMPipelineManager.destroyPipeline(SCMPipelineManager.java:409)
	at org.apache.hadoop.hdds.scm.pipeline.SCMPipelineManager.lambda$finalizeAndDestroyPipeline$0(SCMPipelineManager.java:318)
	at org.apache.hadoop.utils.Scheduler.lambda$schedule$1(Scheduler.java:68)
	at java.util.concurrent.Executors$RunnableAdapter.call(Executors.java:511)
	at java.util.concurrent.FutureTask.run(FutureTask.java:266)
	at java.util.concurrent.ScheduledThreadPoolExecutor$ScheduledFutureTask.access$201(ScheduledThreadPoolExecutor.java:180)
	at java.util.concurrent.ScheduledThreadPoolExecutor$ScheduledFutureTask.run(ScheduledThreadPoolExecutor.java:293)
	at java.util.concurrent.ThreadPoolExecutor.runWorker(ThreadPoolExecutor.java:1149)
	at java.util.concurrent.ThreadPoolExecutor$Worker.run(ThreadPoolExecutor.java:624)
	at java.lang.Thread.run(Thread.java:748)
2019-09-10 18:41:39,863 [java.util.concurrent.ThreadPoolExecutor$Worker@2c162ad4[State = -1, empty queue]] WARN  server.GrpcLogAppender (GrpcLogAppender.java:timeoutAppendRequest(200)) - b72696e0-9c4e-4740-8bcd-ca4650f90538@group-23E12DAC9301->a2905edf-b9c1-421a-8807-b5d3e2a2f0d1-GrpcLogAppender: appendEntries Timeout, request=b72696e0-9c4e-4740-8bcd-ca4650f90538->a2905edf-b9c1-421a-8807-b5d3e2a2f0d1#21-t1, previous=(t:1, i:12), leaderCommit=6, initializing? false, entries: <empty>
2019-09-10 18:41:39,863 [java.util.concurrent.ThreadPoolExecutor$Worker@5a51959c[State = -1, empty queue]] WARN  server.GrpcLogAppender (GrpcLogAppender.java:timeoutAppendRequest(200)) - b72696e0-9c4e-4740-8bcd-ca4650f90538@group-23E12DAC9301->4d5e76d1-94b4-4344-b272-620ca499a368-GrpcLogAppender: appendEntries Timeout, request=b72696e0-9c4e-4740-8bcd-ca4650f90538->4d5e76d1-94b4-4344-b272-620ca499a368#21-t1, previous=(t:1, i:12), leaderCommit=6, initializing? false, entries: <empty>
2019-09-10 18:41:40,257 [grpc-default-executor-3] INFO  impl.RaftServerProxy (RaftServerProxy.java:remove(95)) - 4d5e76d1-94b4-4344-b272-620ca499a368: remove group-5CC95CFBF3DB:null
2019-09-10 18:41:40,266 [RatisPipelineUtilsThread] WARN  pipeline.RatisPipelineUtils (RatisPipelineUtils.java:destroyPipeline(66)) - Pipeline destroy failed for pipeline=PipelineID=7bf794f4-70ce-4b1b-9a52-5cc95cfbf3db dn=4d5e76d1-94b4-4344-b272-620ca499a368{ip: 192.168.5.139, host: pr-hdds-1786-trunk-k6rzm-1803654198, networkLocation: /default-rack, certSerialId: null}
2019-09-10 18:41:40,270 [grpc-default-executor-3] INFO  impl.RaftServerProxy (RaftServerProxy.java:remove(95)) - b72696e0-9c4e-4740-8bcd-ca4650f90538: remove group-5CC95CFBF3DB:null
2019-09-10 18:41:40,276 [RatisPipelineUtilsThread] WARN  pipeline.RatisPipelineUtils (RatisPipelineUtils.java:destroyPipeline(66)) - Pipeline destroy failed for pipeline=PipelineID=7bf794f4-70ce-4b1b-9a52-5cc95cfbf3db dn=b72696e0-9c4e-4740-8bcd-ca4650f90538{ip: 192.168.5.139, host: pr-hdds-1786-trunk-k6rzm-1803654198, networkLocation: /default-rack, certSerialId: null}
2019-09-10 18:41:40,280 [grpc-default-executor-3] INFO  impl.RaftServerProxy (RaftServerProxy.java:remove(95)) - a2905edf-b9c1-421a-8807-b5d3e2a2f0d1: remove group-5CC95CFBF3DB:null
2019-09-10 18:41:40,286 [RatisPipelineUtilsThread] WARN  pipeline.RatisPipelineUtils (RatisPipelineUtils.java:destroyPipeline(66)) - Pipeline destroy failed for pipeline=PipelineID=7bf794f4-70ce-4b1b-9a52-5cc95cfbf3db dn=a2905edf-b9c1-421a-8807-b5d3e2a2f0d1{ip: 192.168.5.139, host: pr-hdds-1786-trunk-k6rzm-1803654198, networkLocation: /default-rack, certSerialId: null}
2019-09-10 18:41:40,286 [RatisPipelineUtilsThread] ERROR pipeline.SCMPipelineManager (Scheduler.java:lambda$schedule$1(70)) - Destroy pipeline failed for pipeline:Pipeline[ Id: 7bf794f4-70ce-4b1b-9a52-5cc95cfbf3db, Nodes: 4d5e76d1-94b4-4344-b272-620ca499a368{ip: 192.168.5.139, host: pr-hdds-1786-trunk-k6rzm-1803654198, networkLocation: /default-rack, certSerialId: null}b72696e0-9c4e-4740-8bcd-ca4650f90538{ip: 192.168.5.139, host: pr-hdds-1786-trunk-k6rzm-1803654198, networkLocation: /default-rack, certSerialId: null}a2905edf-b9c1-421a-8807-b5d3e2a2f0d1{ip: 192.168.5.139, host: pr-hdds-1786-trunk-k6rzm-1803654198, networkLocation: /default-rack, certSerialId: null}, Type:RATIS, Factor:THREE, State:CLOSED]
org.apache.hadoop.hdds.scm.pipeline.PipelineNotFoundException: PipelineID=7bf794f4-70ce-4b1b-9a52-5cc95cfbf3db not found
	at org.apache.hadoop.hdds.scm.pipeline.PipelineStateMap.getPipeline(PipelineStateMap.java:132)
	at org.apache.hadoop.hdds.scm.pipeline.PipelineStateMap.removePipeline(PipelineStateMap.java:322)
	at org.apache.hadoop.hdds.scm.pipeline.PipelineStateManager.removePipeline(PipelineStateManager.java:107)
	at org.apache.hadoop.hdds.scm.pipeline.SCMPipelineManager.removePipeline(SCMPipelineManager.java:423)
	at org.apache.hadoop.hdds.scm.pipeline.SCMPipelineManager.destroyPipeline(SCMPipelineManager.java:409)
	at org.apache.hadoop.hdds.scm.pipeline.SCMPipelineManager.lambda$finalizeAndDestroyPipeline$0(SCMPipelineManager.java:318)
	at org.apache.hadoop.utils.Scheduler.lambda$schedule$1(Scheduler.java:68)
	at java.util.concurrent.Executors$RunnableAdapter.call(Executors.java:511)
	at java.util.concurrent.FutureTask.run(FutureTask.java:266)
	at java.util.concurrent.ScheduledThreadPoolExecutor$ScheduledFutureTask.access$201(ScheduledThreadPoolExecutor.java:180)
	at java.util.concurrent.ScheduledThreadPoolExecutor$ScheduledFutureTask.run(ScheduledThreadPoolExecutor.java:293)
	at java.util.concurrent.ThreadPoolExecutor.runWorker(ThreadPoolExecutor.java:1149)
	at java.util.concurrent.ThreadPoolExecutor$Worker.run(ThreadPoolExecutor.java:624)
	at java.lang.Thread.run(Thread.java:748)
2019-09-10 18:41:42,016 [grpc-default-executor-3] INFO  client.GrpcClientProtocolClient (GrpcClientProtocolClient.java:onNext(264)) - client-D387AA9945EB->a2905edf-b9c1-421a-8807-b5d3e2a2f0d1: receive RaftClientReply:client-D387AA9945EB->a2905edf-b9c1-421a-8807-b5d3e2a2f0d1@group-23E12DAC9301, cid=39, FAILED org.apache.ratis.protocol.NotLeaderException: Server a2905edf-b9c1-421a-8807-b5d3e2a2f0d1@group-23E12DAC9301 is not the leader b72696e0-9c4e-4740-8bcd-ca4650f90538:192.168.5.139:36803, logIndex=0, commits[a2905edf-b9c1-421a-8807-b5d3e2a2f0d1:c6, b72696e0-9c4e-4740-8bcd-ca4650f90538:c6, 4d5e76d1-94b4-4344-b272-620ca499a368:c4]
2019-09-10 18:41:42,364 [java.util.concurrent.ThreadPoolExecutor$Worker@5a51959c[State = -1, empty queue]] WARN  server.GrpcLogAppender (GrpcLogAppender.java:timeoutAppendRequest(200)) - b72696e0-9c4e-4740-8bcd-ca4650f90538@group-23E12DAC9301->4d5e76d1-94b4-4344-b272-620ca499a368-GrpcLogAppender: appendEntries Timeout, request=b72696e0-9c4e-4740-8bcd-ca4650f90538->4d5e76d1-94b4-4344-b272-620ca499a368#22-t1, previous=(t:1, i:12), leaderCommit=6, initializing? false, entries: <empty>
2019-09-10 18:41:42,364 [java.util.concurrent.ThreadPoolExecutor$Worker@2c162ad4[State = -1, empty queue]] WARN  server.GrpcLogAppender (GrpcLogAppender.java:timeoutAppendRequest(200)) - b72696e0-9c4e-4740-8bcd-ca4650f90538@group-23E12DAC9301->a2905edf-b9c1-421a-8807-b5d3e2a2f0d1-GrpcLogAppender: appendEntries Timeout, request=b72696e0-9c4e-4740-8bcd-ca4650f90538->a2905edf-b9c1-421a-8807-b5d3e2a2f0d1#22-t1, previous=(t:1, i:12), leaderCommit=6, initializing? false, entries: <empty>
2019-09-10 18:41:43,254 [grpc-default-executor-2] INFO  impl.RaftServerProxy (RaftServerProxy.java:remove(95)) - 4d5e76d1-94b4-4344-b272-620ca499a368: remove group-5CC95CFBF3DB:null
2019-09-10 18:41:43,263 [RatisPipelineUtilsThread] WARN  pipeline.RatisPipelineUtils (RatisPipelineUtils.java:destroyPipeline(66)) - Pipeline destroy failed for pipeline=PipelineID=7bf794f4-70ce-4b1b-9a52-5cc95cfbf3db dn=4d5e76d1-94b4-4344-b272-620ca499a368{ip: 192.168.5.139, host: pr-hdds-1786-trunk-k6rzm-1803654198, networkLocation: /default-rack, certSerialId: null}
2019-09-10 18:41:43,267 [grpc-default-executor-2] INFO  impl.RaftServerProxy (RaftServerProxy.java:remove(95)) - b72696e0-9c4e-4740-8bcd-ca4650f90538: remove group-5CC95CFBF3DB:null
2019-09-10 18:41:43,284 [RatisPipelineUtilsThread] WARN  pipeline.RatisPipelineUtils (RatisPipelineUtils.java:destroyPipeline(66)) - Pipeline destroy failed for pipeline=PipelineID=7bf794f4-70ce-4b1b-9a52-5cc95cfbf3db dn=b72696e0-9c4e-4740-8bcd-ca4650f90538{ip: 192.168.5.139, host: pr-hdds-1786-trunk-k6rzm-1803654198, networkLocation: /default-rack, certSerialId: null}
2019-09-10 18:41:43,288 [grpc-default-executor-2] INFO  impl.RaftServerProxy (RaftServerProxy.java:remove(95)) - a2905edf-b9c1-421a-8807-b5d3e2a2f0d1: remove group-5CC95CFBF3DB:null
2019-09-10 18:41:43,291 [RatisPipelineUtilsThread] WARN  pipeline.RatisPipelineUtils (RatisPipelineUtils.java:destroyPipeline(66)) - Pipeline destroy failed for pipeline=PipelineID=7bf794f4-70ce-4b1b-9a52-5cc95cfbf3db dn=a2905edf-b9c1-421a-8807-b5d3e2a2f0d1{ip: 192.168.5.139, host: pr-hdds-1786-trunk-k6rzm-1803654198, networkLocation: /default-rack, certSerialId: null}
2019-09-10 18:41:43,292 [RatisPipelineUtilsThread] ERROR pipeline.SCMPipelineManager (Scheduler.java:lambda$schedule$1(70)) - Destroy pipeline failed for pipeline:Pipeline[ Id: 7bf794f4-70ce-4b1b-9a52-5cc95cfbf3db, Nodes: 4d5e76d1-94b4-4344-b272-620ca499a368{ip: 192.168.5.139, host: pr-hdds-1786-trunk-k6rzm-1803654198, networkLocation: /default-rack, certSerialId: null}b72696e0-9c4e-4740-8bcd-ca4650f90538{ip: 192.168.5.139, host: pr-hdds-1786-trunk-k6rzm-1803654198, networkLocation: /default-rack, certSerialId: null}a2905edf-b9c1-421a-8807-b5d3e2a2f0d1{ip: 192.168.5.139, host: pr-hdds-1786-trunk-k6rzm-1803654198, networkLocation: /default-rack, certSerialId: null}, Type:RATIS, Factor:THREE, State:CLOSED]
org.apache.hadoop.hdds.scm.pipeline.PipelineNotFoundException: PipelineID=7bf794f4-70ce-4b1b-9a52-5cc95cfbf3db not found
	at org.apache.hadoop.hdds.scm.pipeline.PipelineStateMap.getPipeline(PipelineStateMap.java:132)
	at org.apache.hadoop.hdds.scm.pipeline.PipelineStateMap.removePipeline(PipelineStateMap.java:322)
	at org.apache.hadoop.hdds.scm.pipeline.PipelineStateManager.removePipeline(PipelineStateManager.java:107)
	at org.apache.hadoop.hdds.scm.pipeline.SCMPipelineManager.removePipeline(SCMPipelineManager.java:423)
	at org.apache.hadoop.hdds.scm.pipeline.SCMPipelineManager.destroyPipeline(SCMPipelineManager.java:409)
	at org.apache.hadoop.hdds.scm.pipeline.SCMPipelineManager.lambda$finalizeAndDestroyPipeline$0(SCMPipelineManager.java:318)
	at org.apache.hadoop.utils.Scheduler.lambda$schedule$1(Scheduler.java:68)
	at java.util.concurrent.Executors$RunnableAdapter.call(Executors.java:511)
	at java.util.concurrent.FutureTask.run(FutureTask.java:266)
	at java.util.concurrent.ScheduledThreadPoolExecutor$ScheduledFutureTask.access$201(ScheduledThreadPoolExecutor.java:180)
	at java.util.concurrent.ScheduledThreadPoolExecutor$ScheduledFutureTask.run(ScheduledThreadPoolExecutor.java:293)
	at java.util.concurrent.ThreadPoolExecutor.runWorker(ThreadPoolExecutor.java:1149)
	at java.util.concurrent.ThreadPoolExecutor$Worker.run(ThreadPoolExecutor.java:624)
	at java.lang.Thread.run(Thread.java:748)
2019-09-10 18:41:44,864 [java.util.concurrent.ThreadPoolExecutor$Worker@5a51959c[State = -1, empty queue]] WARN  server.GrpcLogAppender (GrpcLogAppender.java:timeoutAppendRequest(200)) - b72696e0-9c4e-4740-8bcd-ca4650f90538@group-23E12DAC9301->4d5e76d1-94b4-4344-b272-620ca499a368-GrpcLogAppender: appendEntries Timeout, request=b72696e0-9c4e-4740-8bcd-ca4650f90538->4d5e76d1-94b4-4344-b272-620ca499a368#23-t1, previous=(t:1, i:12), leaderCommit=6, initializing? false, entries: <empty>
2019-09-10 18:41:44,864 [java.util.concurrent.ThreadPoolExecutor$Worker@2c162ad4[State = -1, empty queue]] WARN  server.GrpcLogAppender (GrpcLogAppender.java:timeoutAppendRequest(200)) - b72696e0-9c4e-4740-8bcd-ca4650f90538@group-23E12DAC9301->a2905edf-b9c1-421a-8807-b5d3e2a2f0d1-GrpcLogAppender: appendEntries Timeout, request=b72696e0-9c4e-4740-8bcd-ca4650f90538->a2905edf-b9c1-421a-8807-b5d3e2a2f0d1#23-t1, previous=(t:1, i:12), leaderCommit=6, initializing? false, entries: <empty>
2019-09-10 18:41:45,256 [grpc-default-executor-2] INFO  impl.RaftServerProxy (RaftServerProxy.java:remove(95)) - 4d5e76d1-94b4-4344-b272-620ca499a368: remove group-5CC95CFBF3DB:null
2019-09-10 18:41:45,261 [RatisPipelineUtilsThread] WARN  pipeline.RatisPipelineUtils (RatisPipelineUtils.java:destroyPipeline(66)) - Pipeline destroy failed for pipeline=PipelineID=7bf794f4-70ce-4b1b-9a52-5cc95cfbf3db dn=4d5e76d1-94b4-4344-b272-620ca499a368{ip: 192.168.5.139, host: pr-hdds-1786-trunk-k6rzm-1803654198, networkLocation: /default-rack, certSerialId: null}
2019-09-10 18:41:45,265 [grpc-default-executor-3] INFO  impl.RaftServerProxy (RaftServerProxy.java:remove(95)) - b72696e0-9c4e-4740-8bcd-ca4650f90538: remove group-5CC95CFBF3DB:null
2019-09-10 18:41:45,268 [RatisPipelineUtilsThread] WARN  pipeline.RatisPipelineUtils (RatisPipelineUtils.java:destroyPipeline(66)) - Pipeline destroy failed for pipeline=PipelineID=7bf794f4-70ce-4b1b-9a52-5cc95cfbf3db dn=b72696e0-9c4e-4740-8bcd-ca4650f90538{ip: 192.168.5.139, host: pr-hdds-1786-trunk-k6rzm-1803654198, networkLocation: /default-rack, certSerialId: null}
2019-09-10 18:41:45,270 [grpc-default-executor-3] INFO  impl.RaftServerProxy (RaftServerProxy.java:remove(95)) - a2905edf-b9c1-421a-8807-b5d3e2a2f0d1: remove group-5CC95CFBF3DB:null
2019-09-10 18:41:45,273 [RatisPipelineUtilsThread] WARN  pipeline.RatisPipelineUtils (RatisPipelineUtils.java:destroyPipeline(66)) - Pipeline destroy failed for pipeline=PipelineID=7bf794f4-70ce-4b1b-9a52-5cc95cfbf3db dn=a2905edf-b9c1-421a-8807-b5d3e2a2f0d1{ip: 192.168.5.139, host: pr-hdds-1786-trunk-k6rzm-1803654198, networkLocation: /default-rack, certSerialId: null}
2019-09-10 18:41:45,273 [RatisPipelineUtilsThread] ERROR pipeline.SCMPipelineManager (Scheduler.java:lambda$schedule$1(70)) - Destroy pipeline failed for pipeline:Pipeline[ Id: 7bf794f4-70ce-4b1b-9a52-5cc95cfbf3db, Nodes: 4d5e76d1-94b4-4344-b272-620ca499a368{ip: 192.168.5.139, host: pr-hdds-1786-trunk-k6rzm-1803654198, networkLocation: /default-rack, certSerialId: null}b72696e0-9c4e-4740-8bcd-ca4650f90538{ip: 192.168.5.139, host: pr-hdds-1786-trunk-k6rzm-1803654198, networkLocation: /default-rack, certSerialId: null}a2905edf-b9c1-421a-8807-b5d3e2a2f0d1{ip: 192.168.5.139, host: pr-hdds-1786-trunk-k6rzm-1803654198, networkLocation: /default-rack, certSerialId: null}, Type:RATIS, Factor:THREE, State:CLOSED]
org.apache.hadoop.hdds.scm.pipeline.PipelineNotFoundException: PipelineID=7bf794f4-70ce-4b1b-9a52-5cc95cfbf3db not found
	at org.apache.hadoop.hdds.scm.pipeline.PipelineStateMap.getPipeline(PipelineStateMap.java:132)
	at org.apache.hadoop.hdds.scm.pipeline.PipelineStateMap.removePipeline(PipelineStateMap.java:322)
	at org.apache.hadoop.hdds.scm.pipeline.PipelineStateManager.removePipeline(PipelineStateManager.java:107)
	at org.apache.hadoop.hdds.scm.pipeline.SCMPipelineManager.removePipeline(SCMPipelineManager.java:423)
	at org.apache.hadoop.hdds.scm.pipeline.SCMPipelineManager.destroyPipeline(SCMPipelineManager.java:409)
	at org.apache.hadoop.hdds.scm.pipeline.SCMPipelineManager.lambda$finalizeAndDestroyPipeline$0(SCMPipelineManager.java:318)
	at org.apache.hadoop.utils.Scheduler.lambda$schedule$1(Scheduler.java:68)
	at java.util.concurrent.Executors$RunnableAdapter.call(Executors.java:511)
	at java.util.concurrent.FutureTask.run(FutureTask.java:266)
	at java.util.concurrent.ScheduledThreadPoolExecutor$ScheduledFutureTask.access$201(ScheduledThreadPoolExecutor.java:180)
	at java.util.concurrent.ScheduledThreadPoolExecutor$ScheduledFutureTask.run(ScheduledThreadPoolExecutor.java:293)
	at java.util.concurrent.ThreadPoolExecutor.runWorker(ThreadPoolExecutor.java:1149)
	at java.util.concurrent.ThreadPoolExecutor$Worker.run(ThreadPoolExecutor.java:624)
	at java.lang.Thread.run(Thread.java:748)
2019-09-10 18:41:47,021 [4d5e76d1-94b4-4344-b272-620ca499a368@group-23E12DAC9301-SegmentedRaftLogWorker] WARN  segmented.SegmentedRaftLogWorker (SegmentedRaftLogWorker.java:getFromFuture(90)) - Timeout 2/~
org.apache.ratis.protocol.TimeoutIOException: Timeout 10s: WriteLog:8: (t:1, i:8), STATEMACHINELOGENTRY, client-D387AA9945EB, cid=40-writeStateMachineData
	at org.apache.ratis.util.IOUtils.getFromFuture(IOUtils.java:87)
	at org.apache.ratis.server.raftlog.segmented.SegmentedRaftLogWorker$StateMachineDataPolicy.getFromFuture(SegmentedRaftLogWorker.java:87)
	at org.apache.ratis.server.raftlog.segmented.SegmentedRaftLogWorker$WriteLog.execute(SegmentedRaftLogWorker.java:477)
	at org.apache.ratis.server.raftlog.segmented.SegmentedRaftLogWorker.run(SegmentedRaftLogWorker.java:289)
	at java.lang.Thread.run(Thread.java:748)
Caused by: java.util.concurrent.TimeoutException
	at java.util.concurrent.CompletableFuture.timedGet(CompletableFuture.java:1771)
	at java.util.concurrent.CompletableFuture.get(CompletableFuture.java:1915)
	at org.apache.ratis.util.IOUtils.getFromFuture(IOUtils.java:79)
	... 4 more
2019-09-10 18:41:47,067 [b72696e0-9c4e-4740-8bcd-ca4650f90538@group-23E12DAC9301-SegmentedRaftLogWorker] WARN  segmented.SegmentedRaftLogWorker (SegmentedRaftLogWorker.java:getFromFuture(90)) - Timeout 2/~
org.apache.ratis.protocol.TimeoutIOException: Timeout 10s: WriteLog:8: (t:1, i:8), STATEMACHINELOGENTRY, client-D387AA9945EB, cid=40-writeStateMachineData
	at org.apache.ratis.util.IOUtils.getFromFuture(IOUtils.java:87)
	at org.apache.ratis.server.raftlog.segmented.SegmentedRaftLogWorker$StateMachineDataPolicy.getFromFuture(SegmentedRaftLogWorker.java:87)
	at org.apache.ratis.server.raftlog.segmented.SegmentedRaftLogWorker$WriteLog.execute(SegmentedRaftLogWorker.java:477)
	at org.apache.ratis.server.raftlog.segmented.SegmentedRaftLogWorker.run(SegmentedRaftLogWorker.java:289)
	at java.lang.Thread.run(Thread.java:748)
Caused by: java.util.concurrent.TimeoutException
	at java.util.concurrent.CompletableFuture.timedGet(CompletableFuture.java:1771)
	at java.util.concurrent.CompletableFuture.get(CompletableFuture.java:1915)
	at org.apache.ratis.util.IOUtils.getFromFuture(IOUtils.java:79)
	... 4 more
2019-09-10 18:41:47,067 [a2905edf-b9c1-421a-8807-b5d3e2a2f0d1@group-23E12DAC9301-SegmentedRaftLogWorker] WARN  segmented.SegmentedRaftLogWorker (SegmentedRaftLogWorker.java:getFromFuture(90)) - Timeout 2/~
org.apache.ratis.protocol.TimeoutIOException: Timeout 10s: WriteLog:8: (t:1, i:8), STATEMACHINELOGENTRY, client-D387AA9945EB, cid=40-writeStateMachineData
	at org.apache.ratis.util.IOUtils.getFromFuture(IOUtils.java:87)
	at org.apache.ratis.server.raftlog.segmented.SegmentedRaftLogWorker$StateMachineDataPolicy.getFromFuture(SegmentedRaftLogWorker.java:87)
	at org.apache.ratis.server.raftlog.segmented.SegmentedRaftLogWorker$WriteLog.execute(SegmentedRaftLogWorker.java:477)
	at org.apache.ratis.server.raftlog.segmented.SegmentedRaftLogWorker.run(SegmentedRaftLogWorker.java:289)
	at java.lang.Thread.run(Thread.java:748)
Caused by: java.util.concurrent.TimeoutException
	at java.util.concurrent.CompletableFuture.timedGet(CompletableFuture.java:1771)
	at java.util.concurrent.CompletableFuture.get(CompletableFuture.java:1915)
	at org.apache.ratis.util.IOUtils.getFromFuture(IOUtils.java:79)
	... 4 more
2019-09-10 18:41:47,076 [grpc-default-executor-3] INFO  client.GrpcClientProtocolClient (GrpcClientProtocolClient.java:onNext(264)) - client-D387AA9945EB->a2905edf-b9c1-421a-8807-b5d3e2a2f0d1: receive RaftClientReply:client-D387AA9945EB->a2905edf-b9c1-421a-8807-b5d3e2a2f0d1@group-23E12DAC9301, cid=39, FAILED org.apache.ratis.protocol.NotLeaderException: Server a2905edf-b9c1-421a-8807-b5d3e2a2f0d1@group-23E12DAC9301 is not the leader b72696e0-9c4e-4740-8bcd-ca4650f90538:192.168.5.139:36803, logIndex=0, commits[a2905edf-b9c1-421a-8807-b5d3e2a2f0d1:c6, b72696e0-9c4e-4740-8bcd-ca4650f90538:c6, 4d5e76d1-94b4-4344-b272-620ca499a368:c4]
2019-09-10 18:41:47,365 [java.util.concurrent.ThreadPoolExecutor$Worker@5a51959c[State = -1, empty queue]] WARN  server.GrpcLogAppender (GrpcLogAppender.java:timeoutAppendRequest(200)) - b72696e0-9c4e-4740-8bcd-ca4650f90538@group-23E12DAC9301->4d5e76d1-94b4-4344-b272-620ca499a368-GrpcLogAppender: appendEntries Timeout, request=b72696e0-9c4e-4740-8bcd-ca4650f90538->4d5e76d1-94b4-4344-b272-620ca499a368#24-t1, previous=(t:1, i:12), leaderCommit=6, initializing? false, entries: <empty>
2019-09-10 18:41:47,366 [java.util.concurrent.ThreadPoolExecutor$Worker@2c162ad4[State = -1, empty queue]] WARN  server.GrpcLogAppender (GrpcLogAppender.java:timeoutAppendRequest(200)) - b72696e0-9c4e-4740-8bcd-ca4650f90538@group-23E12DAC9301->a2905edf-b9c1-421a-8807-b5d3e2a2f0d1-GrpcLogAppender: appendEntries Timeout, request=b72696e0-9c4e-4740-8bcd-ca4650f90538->a2905edf-b9c1-421a-8807-b5d3e2a2f0d1#24-t1, previous=(t:1, i:12), leaderCommit=6, initializing? false, entries: <empty>
2019-09-10 18:41:48,256 [grpc-default-executor-2] INFO  impl.RaftServerProxy (RaftServerProxy.java:remove(95)) - 4d5e76d1-94b4-4344-b272-620ca499a368: remove group-5CC95CFBF3DB:null
2019-09-10 18:41:48,260 [RatisPipelineUtilsThread] WARN  pipeline.RatisPipelineUtils (RatisPipelineUtils.java:destroyPipeline(66)) - Pipeline destroy failed for pipeline=PipelineID=7bf794f4-70ce-4b1b-9a52-5cc95cfbf3db dn=4d5e76d1-94b4-4344-b272-620ca499a368{ip: 192.168.5.139, host: pr-hdds-1786-trunk-k6rzm-1803654198, networkLocation: /default-rack, certSerialId: null}
2019-09-10 18:41:48,264 [grpc-default-executor-2] INFO  impl.RaftServerProxy (RaftServerProxy.java:remove(95)) - b72696e0-9c4e-4740-8bcd-ca4650f90538: remove group-5CC95CFBF3DB:null
2019-09-10 18:41:48,266 [RatisPipelineUtilsThread] WARN  pipeline.RatisPipelineUtils (RatisPipelineUtils.java:destroyPipeline(66)) - Pipeline destroy failed for pipeline=PipelineID=7bf794f4-70ce-4b1b-9a52-5cc95cfbf3db dn=b72696e0-9c4e-4740-8bcd-ca4650f90538{ip: 192.168.5.139, host: pr-hdds-1786-trunk-k6rzm-1803654198, networkLocation: /default-rack, certSerialId: null}
2019-09-10 18:41:48,269 [grpc-default-executor-2] INFO  impl.RaftServerProxy (RaftServerProxy.java:remove(95)) - a2905edf-b9c1-421a-8807-b5d3e2a2f0d1: remove group-5CC95CFBF3DB:null
2019-09-10 18:41:48,272 [RatisPipelineUtilsThread] WARN  pipeline.RatisPipelineUtils (RatisPipelineUtils.java:destroyPipeline(66)) - Pipeline destroy failed for pipeline=PipelineID=7bf794f4-70ce-4b1b-9a52-5cc95cfbf3db dn=a2905edf-b9c1-421a-8807-b5d3e2a2f0d1{ip: 192.168.5.139, host: pr-hdds-1786-trunk-k6rzm-1803654198, networkLocation: /default-rack, certSerialId: null}
2019-09-10 18:41:48,272 [RatisPipelineUtilsThread] ERROR pipeline.SCMPipelineManager (Scheduler.java:lambda$schedule$1(70)) - Destroy pipeline failed for pipeline:Pipeline[ Id: 7bf794f4-70ce-4b1b-9a52-5cc95cfbf3db, Nodes: 4d5e76d1-94b4-4344-b272-620ca499a368{ip: 192.168.5.139, host: pr-hdds-1786-trunk-k6rzm-1803654198, networkLocation: /default-rack, certSerialId: null}b72696e0-9c4e-4740-8bcd-ca4650f90538{ip: 192.168.5.139, host: pr-hdds-1786-trunk-k6rzm-1803654198, networkLocation: /default-rack, certSerialId: null}a2905edf-b9c1-421a-8807-b5d3e2a2f0d1{ip: 192.168.5.139, host: pr-hdds-1786-trunk-k6rzm-1803654198, networkLocation: /default-rack, certSerialId: null}, Type:RATIS, Factor:THREE, State:CLOSED]
org.apache.hadoop.hdds.scm.pipeline.PipelineNotFoundException: PipelineID=7bf794f4-70ce-4b1b-9a52-5cc95cfbf3db not found
	at org.apache.hadoop.hdds.scm.pipeline.PipelineStateMap.getPipeline(PipelineStateMap.java:132)
	at org.apache.hadoop.hdds.scm.pipeline.PipelineStateMap.removePipeline(PipelineStateMap.java:322)
	at org.apache.hadoop.hdds.scm.pipeline.PipelineStateManager.removePipeline(PipelineStateManager.java:107)
	at org.apache.hadoop.hdds.scm.pipeline.SCMPipelineManager.removePipeline(SCMPipelineManager.java:423)
	at org.apache.hadoop.hdds.scm.pipeline.SCMPipelineManager.destroyPipeline(SCMPipelineManager.java:409)
	at org.apache.hadoop.hdds.scm.pipeline.SCMPipelineManager.lambda$finalizeAndDestroyPipeline$0(SCMPipelineManager.java:318)
	at org.apache.hadoop.utils.Scheduler.lambda$schedule$1(Scheduler.java:68)
	at java.util.concurrent.Executors$RunnableAdapter.call(Executors.java:511)
	at java.util.concurrent.FutureTask.run(FutureTask.java:266)
	at java.util.concurrent.ScheduledThreadPoolExecutor$ScheduledFutureTask.access$201(ScheduledThreadPoolExecutor.java:180)
	at java.util.concurrent.ScheduledThreadPoolExecutor$ScheduledFutureTask.run(ScheduledThreadPoolExecutor.java:293)
	at java.util.concurrent.ThreadPoolExecutor.runWorker(ThreadPoolExecutor.java:1149)
	at java.util.concurrent.ThreadPoolExecutor$Worker.run(ThreadPoolExecutor.java:624)
	at java.lang.Thread.run(Thread.java:748)
2019-09-10 18:41:49,866 [java.util.concurrent.ThreadPoolExecutor$Worker@5a51959c[State = -1, empty queue]] WARN  server.GrpcLogAppender (GrpcLogAppender.java:timeoutAppendRequest(200)) - b72696e0-9c4e-4740-8bcd-ca4650f90538@group-23E12DAC9301->4d5e76d1-94b4-4344-b272-620ca499a368-GrpcLogAppender: appendEntries Timeout, request=b72696e0-9c4e-4740-8bcd-ca4650f90538->4d5e76d1-94b4-4344-b272-620ca499a368#25-t1, previous=(t:1, i:12), leaderCommit=6, initializing? false, entries: <empty>
2019-09-10 18:41:49,866 [java.util.concurrent.ThreadPoolExecutor$Worker@2c162ad4[State = -1, empty queue]] WARN  server.GrpcLogAppender (GrpcLogAppender.java:timeoutAppendRequest(200)) - b72696e0-9c4e-4740-8bcd-ca4650f90538@group-23E12DAC9301->a2905edf-b9c1-421a-8807-b5d3e2a2f0d1-GrpcLogAppender: appendEntries Timeout, request=b72696e0-9c4e-4740-8bcd-ca4650f90538->a2905edf-b9c1-421a-8807-b5d3e2a2f0d1#25-t1, previous=(t:1, i:12), leaderCommit=6, initializing? false, entries: <empty>
2019-09-10 18:41:50,260 [grpc-default-executor-0] INFO  impl.RaftServerProxy (RaftServerProxy.java:remove(95)) - 4d5e76d1-94b4-4344-b272-620ca499a368: remove group-5CC95CFBF3DB:null
2019-09-10 18:41:50,265 [RatisPipelineUtilsThread] WARN  pipeline.RatisPipelineUtils (RatisPipelineUtils.java:destroyPipeline(66)) - Pipeline destroy failed for pipeline=PipelineID=7bf794f4-70ce-4b1b-9a52-5cc95cfbf3db dn=4d5e76d1-94b4-4344-b272-620ca499a368{ip: 192.168.5.139, host: pr-hdds-1786-trunk-k6rzm-1803654198, networkLocation: /default-rack, certSerialId: null}
2019-09-10 18:41:50,269 [grpc-default-executor-0] INFO  impl.RaftServerProxy (RaftServerProxy.java:remove(95)) - b72696e0-9c4e-4740-8bcd-ca4650f90538: remove group-5CC95CFBF3DB:null
2019-09-10 18:41:50,271 [RatisPipelineUtilsThread] WARN  pipeline.RatisPipelineUtils (RatisPipelineUtils.java:destroyPipeline(66)) - Pipeline destroy failed for pipeline=PipelineID=7bf794f4-70ce-4b1b-9a52-5cc95cfbf3db dn=b72696e0-9c4e-4740-8bcd-ca4650f90538{ip: 192.168.5.139, host: pr-hdds-1786-trunk-k6rzm-1803654198, networkLocation: /default-rack, certSerialId: null}
2019-09-10 18:41:50,274 [grpc-default-executor-0] INFO  impl.RaftServerProxy (RaftServerProxy.java:remove(95)) - a2905edf-b9c1-421a-8807-b5d3e2a2f0d1: remove group-5CC95CFBF3DB:null
2019-09-10 18:41:50,277 [RatisPipelineUtilsThread] WARN  pipeline.RatisPipelineUtils (RatisPipelineUtils.java:destroyPipeline(66)) - Pipeline destroy failed for pipeline=PipelineID=7bf794f4-70ce-4b1b-9a52-5cc95cfbf3db dn=a2905edf-b9c1-421a-8807-b5d3e2a2f0d1{ip: 192.168.5.139, host: pr-hdds-1786-trunk-k6rzm-1803654198, networkLocation: /default-rack, certSerialId: null}
2019-09-10 18:41:50,277 [RatisPipelineUtilsThread] ERROR pipeline.SCMPipelineManager (Scheduler.java:lambda$schedule$1(70)) - Destroy pipeline failed for pipeline:Pipeline[ Id: 7bf794f4-70ce-4b1b-9a52-5cc95cfbf3db, Nodes: 4d5e76d1-94b4-4344-b272-620ca499a368{ip: 192.168.5.139, host: pr-hdds-1786-trunk-k6rzm-1803654198, networkLocation: /default-rack, certSerialId: null}b72696e0-9c4e-4740-8bcd-ca4650f90538{ip: 192.168.5.139, host: pr-hdds-1786-trunk-k6rzm-1803654198, networkLocation: /default-rack, certSerialId: null}a2905edf-b9c1-421a-8807-b5d3e2a2f0d1{ip: 192.168.5.139, host: pr-hdds-1786-trunk-k6rzm-1803654198, networkLocation: /default-rack, certSerialId: null}, Type:RATIS, Factor:THREE, State:CLOSED]
org.apache.hadoop.hdds.scm.pipeline.PipelineNotFoundException: PipelineID=7bf794f4-70ce-4b1b-9a52-5cc95cfbf3db not found
	at org.apache.hadoop.hdds.scm.pipeline.PipelineStateMap.getPipeline(PipelineStateMap.java:132)
	at org.apache.hadoop.hdds.scm.pipeline.PipelineStateMap.removePipeline(PipelineStateMap.java:322)
	at org.apache.hadoop.hdds.scm.pipeline.PipelineStateManager.removePipeline(PipelineStateManager.java:107)
	at org.apache.hadoop.hdds.scm.pipeline.SCMPipelineManager.removePipeline(SCMPipelineManager.java:423)
	at org.apache.hadoop.hdds.scm.pipeline.SCMPipelineManager.destroyPipeline(SCMPipelineManager.java:409)
	at org.apache.hadoop.hdds.scm.pipeline.SCMPipelineManager.lambda$finalizeAndDestroyPipeline$0(SCMPipelineManager.java:318)
	at org.apache.hadoop.utils.Scheduler.lambda$schedule$1(Scheduler.java:68)
	at java.util.concurrent.Executors$RunnableAdapter.call(Executors.java:511)
	at java.util.concurrent.FutureTask.run(FutureTask.java:266)
	at java.util.concurrent.ScheduledThreadPoolExecutor$ScheduledFutureTask.access$201(ScheduledThreadPoolExecutor.java:180)
	at java.util.concurrent.ScheduledThreadPoolExecutor$ScheduledFutureTask.run(ScheduledThreadPoolExecutor.java:293)
	at java.util.concurrent.ThreadPoolExecutor.runWorker(ThreadPoolExecutor.java:1149)
	at java.util.concurrent.ThreadPoolExecutor$Worker.run(ThreadPoolExecutor.java:624)
	at java.lang.Thread.run(Thread.java:748)
2019-09-10 18:41:52,125 [grpc-default-executor-2] INFO  client.GrpcClientProtocolClient (GrpcClientProtocolClient.java:onNext(264)) - client-D387AA9945EB->4d5e76d1-94b4-4344-b272-620ca499a368: receive RaftClientReply:client-D387AA9945EB->4d5e76d1-94b4-4344-b272-620ca499a368@group-23E12DAC9301, cid=39, FAILED org.apache.ratis.protocol.NotLeaderException: Server 4d5e76d1-94b4-4344-b272-620ca499a368@group-23E12DAC9301 is not the leader b72696e0-9c4e-4740-8bcd-ca4650f90538:192.168.5.139:36803, logIndex=0, commits[4d5e76d1-94b4-4344-b272-620ca499a368:c6, b72696e0-9c4e-4740-8bcd-ca4650f90538:c6, a2905edf-b9c1-421a-8807-b5d3e2a2f0d1:c4]
2019-09-10 18:41:52,366 [java.util.concurrent.ThreadPoolExecutor$Worker@5a51959c[State = -1, empty queue]] WARN  server.GrpcLogAppender (GrpcLogAppender.java:timeoutAppendRequest(200)) - b72696e0-9c4e-4740-8bcd-ca4650f90538@group-23E12DAC9301->4d5e76d1-94b4-4344-b272-620ca499a368-GrpcLogAppender: appendEntries Timeout, request=b72696e0-9c4e-4740-8bcd-ca4650f90538->4d5e76d1-94b4-4344-b272-620ca499a368#26-t1, previous=(t:1, i:12), leaderCommit=6, initializing? false, entries: <empty>
2019-09-10 18:41:52,366 [java.util.concurrent.ThreadPoolExecutor$Worker@2c162ad4[State = -1, empty queue]] WARN  server.GrpcLogAppender (GrpcLogAppender.java:timeoutAppendRequest(200)) - b72696e0-9c4e-4740-8bcd-ca4650f90538@group-23E12DAC9301->a2905edf-b9c1-421a-8807-b5d3e2a2f0d1-GrpcLogAppender: appendEntries Timeout, request=b72696e0-9c4e-4740-8bcd-ca4650f90538->a2905edf-b9c1-421a-8807-b5d3e2a2f0d1#26-t1, previous=(t:1, i:12), leaderCommit=6, initializing? false, entries: <empty>
2019-09-10 18:41:53,254 [grpc-default-executor-2] INFO  impl.RaftServerProxy (RaftServerProxy.java:remove(95)) - 4d5e76d1-94b4-4344-b272-620ca499a368: remove group-5CC95CFBF3DB:null
2019-09-10 18:41:53,257 [RatisPipelineUtilsThread] WARN  pipeline.RatisPipelineUtils (RatisPipelineUtils.java:destroyPipeline(66)) - Pipeline destroy failed for pipeline=PipelineID=7bf794f4-70ce-4b1b-9a52-5cc95cfbf3db dn=4d5e76d1-94b4-4344-b272-620ca499a368{ip: 192.168.5.139, host: pr-hdds-1786-trunk-k6rzm-1803654198, networkLocation: /default-rack, certSerialId: null}
2019-09-10 18:41:53,260 [grpc-default-executor-2] INFO  impl.RaftServerProxy (RaftServerProxy.java:remove(95)) - b72696e0-9c4e-4740-8bcd-ca4650f90538: remove group-5CC95CFBF3DB:null
2019-09-10 18:41:53,263 [RatisPipelineUtilsThread] WARN  pipeline.RatisPipelineUtils (RatisPipelineUtils.java:destroyPipeline(66)) - Pipeline destroy failed for pipeline=PipelineID=7bf794f4-70ce-4b1b-9a52-5cc95cfbf3db dn=b72696e0-9c4e-4740-8bcd-ca4650f90538{ip: 192.168.5.139, host: pr-hdds-1786-trunk-k6rzm-1803654198, networkLocation: /default-rack, certSerialId: null}
2019-09-10 18:41:53,266 [grpc-default-executor-2] INFO  impl.RaftServerProxy (RaftServerProxy.java:remove(95)) - a2905edf-b9c1-421a-8807-b5d3e2a2f0d1: remove group-5CC95CFBF3DB:null
2019-09-10 18:41:53,268 [RatisPipelineUtilsThread] WARN  pipeline.RatisPipelineUtils (RatisPipelineUtils.java:destroyPipeline(66)) - Pipeline destroy failed for pipeline=PipelineID=7bf794f4-70ce-4b1b-9a52-5cc95cfbf3db dn=a2905edf-b9c1-421a-8807-b5d3e2a2f0d1{ip: 192.168.5.139, host: pr-hdds-1786-trunk-k6rzm-1803654198, networkLocation: /default-rack, certSerialId: null}
2019-09-10 18:41:53,269 [RatisPipelineUtilsThread] ERROR pipeline.SCMPipelineManager (Scheduler.java:lambda$schedule$1(70)) - Destroy pipeline failed for pipeline:Pipeline[ Id: 7bf794f4-70ce-4b1b-9a52-5cc95cfbf3db, Nodes: 4d5e76d1-94b4-4344-b272-620ca499a368{ip: 192.168.5.139, host: pr-hdds-1786-trunk-k6rzm-1803654198, networkLocation: /default-rack, certSerialId: null}b72696e0-9c4e-4740-8bcd-ca4650f90538{ip: 192.168.5.139, host: pr-hdds-1786-trunk-k6rzm-1803654198, networkLocation: /default-rack, certSerialId: null}a2905edf-b9c1-421a-8807-b5d3e2a2f0d1{ip: 192.168.5.139, host: pr-hdds-1786-trunk-k6rzm-1803654198, networkLocation: /default-rack, certSerialId: null}, Type:RATIS, Factor:THREE, State:CLOSED]
org.apache.hadoop.hdds.scm.pipeline.PipelineNotFoundException: PipelineID=7bf794f4-70ce-4b1b-9a52-5cc95cfbf3db not found
	at org.apache.hadoop.hdds.scm.pipeline.PipelineStateMap.getPipeline(PipelineStateMap.java:132)
	at org.apache.hadoop.hdds.scm.pipeline.PipelineStateMap.removePipeline(PipelineStateMap.java:322)
	at org.apache.hadoop.hdds.scm.pipeline.PipelineStateManager.removePipeline(PipelineStateManager.java:107)
	at org.apache.hadoop.hdds.scm.pipeline.SCMPipelineManager.removePipeline(SCMPipelineManager.java:423)
	at org.apache.hadoop.hdds.scm.pipeline.SCMPipelineManager.destroyPipeline(SCMPipelineManager.java:409)
	at org.apache.hadoop.hdds.scm.pipeline.SCMPipelineManager.lambda$finalizeAndDestroyPipeline$0(SCMPipelineManager.java:318)
	at org.apache.hadoop.utils.Scheduler.lambda$schedule$1(Scheduler.java:68)
	at java.util.concurrent.Executors$RunnableAdapter.call(Executors.java:511)
	at java.util.concurrent.FutureTask.run(FutureTask.java:266)
	at java.util.concurrent.ScheduledThreadPoolExecutor$ScheduledFutureTask.access$201(ScheduledThreadPoolExecutor.java:180)
	at java.util.concurrent.ScheduledThreadPoolExecutor$ScheduledFutureTask.run(ScheduledThreadPoolExecutor.java:293)
	at java.util.concurrent.ThreadPoolExecutor.runWorker(ThreadPoolExecutor.java:1149)
	at java.util.concurrent.ThreadPoolExecutor$Worker.run(ThreadPoolExecutor.java:624)
	at java.lang.Thread.run(Thread.java:748)
2019-09-10 18:41:54,867 [java.util.concurrent.ThreadPoolExecutor$Worker@5a51959c[State = -1, empty queue]] WARN  server.GrpcLogAppender (GrpcLogAppender.java:timeoutAppendRequest(200)) - b72696e0-9c4e-4740-8bcd-ca4650f90538@group-23E12DAC9301->4d5e76d1-94b4-4344-b272-620ca499a368-GrpcLogAppender: appendEntries Timeout, request=b72696e0-9c4e-4740-8bcd-ca4650f90538->4d5e76d1-94b4-4344-b272-620ca499a368#27-t1, previous=(t:1, i:12), leaderCommit=6, initializing? false, entries: <empty>
2019-09-10 18:41:54,867 [java.util.concurrent.ThreadPoolExecutor$Worker@2c162ad4[State = -1, empty queue]] WARN  server.GrpcLogAppender (GrpcLogAppender.java:timeoutAppendRequest(200)) - b72696e0-9c4e-4740-8bcd-ca4650f90538@group-23E12DAC9301->a2905edf-b9c1-421a-8807-b5d3e2a2f0d1-GrpcLogAppender: appendEntries Timeout, request=b72696e0-9c4e-4740-8bcd-ca4650f90538->a2905edf-b9c1-421a-8807-b5d3e2a2f0d1#27-t1, previous=(t:1, i:12), leaderCommit=6, initializing? false, entries: <empty>
2019-09-10 18:41:55,254 [grpc-default-executor-2] INFO  impl.RaftServerProxy (RaftServerProxy.java:remove(95)) - 4d5e76d1-94b4-4344-b272-620ca499a368: remove group-5CC95CFBF3DB:null
2019-09-10 18:41:55,257 [RatisPipelineUtilsThread] WARN  pipeline.RatisPipelineUtils (RatisPipelineUtils.java:destroyPipeline(66)) - Pipeline destroy failed for pipeline=PipelineID=7bf794f4-70ce-4b1b-9a52-5cc95cfbf3db dn=4d5e76d1-94b4-4344-b272-620ca499a368{ip: 192.168.5.139, host: pr-hdds-1786-trunk-k6rzm-1803654198, networkLocation: /default-rack, certSerialId: null}
2019-09-10 18:41:55,260 [grpc-default-executor-0] INFO  impl.RaftServerProxy (RaftServerProxy.java:remove(95)) - b72696e0-9c4e-4740-8bcd-ca4650f90538: remove group-5CC95CFBF3DB:null
2019-09-10 18:41:55,263 [RatisPipelineUtilsThread] WARN  pipeline.RatisPipelineUtils (RatisPipelineUtils.java:destroyPipeline(66)) - Pipeline destroy failed for pipeline=PipelineID=7bf794f4-70ce-4b1b-9a52-5cc95cfbf3db dn=b72696e0-9c4e-4740-8bcd-ca4650f90538{ip: 192.168.5.139, host: pr-hdds-1786-trunk-k6rzm-1803654198, networkLocation: /default-rack, certSerialId: null}
2019-09-10 18:41:55,266 [grpc-default-executor-0] INFO  impl.RaftServerProxy (RaftServerProxy.java:remove(95)) - a2905edf-b9c1-421a-8807-b5d3e2a2f0d1: remove group-5CC95CFBF3DB:null
2019-09-10 18:41:55,268 [RatisPipelineUtilsThread] WARN  pipeline.RatisPipelineUtils (RatisPipelineUtils.java:destroyPipeline(66)) - Pipeline destroy failed for pipeline=PipelineID=7bf794f4-70ce-4b1b-9a52-5cc95cfbf3db dn=a2905edf-b9c1-421a-8807-b5d3e2a2f0d1{ip: 192.168.5.139, host: pr-hdds-1786-trunk-k6rzm-1803654198, networkLocation: /default-rack, certSerialId: null}
2019-09-10 18:41:55,268 [RatisPipelineUtilsThread] ERROR pipeline.SCMPipelineManager (Scheduler.java:lambda$schedule$1(70)) - Destroy pipeline failed for pipeline:Pipeline[ Id: 7bf794f4-70ce-4b1b-9a52-5cc95cfbf3db, Nodes: 4d5e76d1-94b4-4344-b272-620ca499a368{ip: 192.168.5.139, host: pr-hdds-1786-trunk-k6rzm-1803654198, networkLocation: /default-rack, certSerialId: null}b72696e0-9c4e-4740-8bcd-ca4650f90538{ip: 192.168.5.139, host: pr-hdds-1786-trunk-k6rzm-1803654198, networkLocation: /default-rack, certSerialId: null}a2905edf-b9c1-421a-8807-b5d3e2a2f0d1{ip: 192.168.5.139, host: pr-hdds-1786-trunk-k6rzm-1803654198, networkLocation: /default-rack, certSerialId: null}, Type:RATIS, Factor:THREE, State:CLOSED]
org.apache.hadoop.hdds.scm.pipeline.PipelineNotFoundException: PipelineID=7bf794f4-70ce-4b1b-9a52-5cc95cfbf3db not found
	at org.apache.hadoop.hdds.scm.pipeline.PipelineStateMap.getPipeline(PipelineStateMap.java:132)
	at org.apache.hadoop.hdds.scm.pipeline.PipelineStateMap.removePipeline(PipelineStateMap.java:322)
	at org.apache.hadoop.hdds.scm.pipeline.PipelineStateManager.removePipeline(PipelineStateManager.java:107)
	at org.apache.hadoop.hdds.scm.pipeline.SCMPipelineManager.removePipeline(SCMPipelineManager.java:423)
	at org.apache.hadoop.hdds.scm.pipeline.SCMPipelineManager.destroyPipeline(SCMPipelineManager.java:409)
	at org.apache.hadoop.hdds.scm.pipeline.SCMPipelineManager.lambda$finalizeAndDestroyPipeline$0(SCMPipelineManager.java:318)
	at org.apache.hadoop.utils.Scheduler.lambda$schedule$1(Scheduler.java:68)
	at java.util.concurrent.Executors$RunnableAdapter.call(Executors.java:511)
	at java.util.concurrent.FutureTask.run(FutureTask.java:266)
	at java.util.concurrent.ScheduledThreadPoolExecutor$ScheduledFutureTask.access$201(ScheduledThreadPoolExecutor.java:180)
	at java.util.concurrent.ScheduledThreadPoolExecutor$ScheduledFutureTask.run(ScheduledThreadPoolExecutor.java:293)
	at java.util.concurrent.ThreadPoolExecutor.runWorker(ThreadPoolExecutor.java:1149)
	at java.util.concurrent.ThreadPoolExecutor$Worker.run(ThreadPoolExecutor.java:624)
	at java.lang.Thread.run(Thread.java:748)
2019-09-10 18:41:57,022 [4d5e76d1-94b4-4344-b272-620ca499a368@group-23E12DAC9301-SegmentedRaftLogWorker] WARN  segmented.SegmentedRaftLogWorker (SegmentedRaftLogWorker.java:getFromFuture(90)) - Timeout 3/~
org.apache.ratis.protocol.TimeoutIOException: Timeout 10s: WriteLog:8: (t:1, i:8), STATEMACHINELOGENTRY, client-D387AA9945EB, cid=40-writeStateMachineData
	at org.apache.ratis.util.IOUtils.getFromFuture(IOUtils.java:87)
	at org.apache.ratis.server.raftlog.segmented.SegmentedRaftLogWorker$StateMachineDataPolicy.getFromFuture(SegmentedRaftLogWorker.java:87)
	at org.apache.ratis.server.raftlog.segmented.SegmentedRaftLogWorker$WriteLog.execute(SegmentedRaftLogWorker.java:477)
	at org.apache.ratis.server.raftlog.segmented.SegmentedRaftLogWorker.run(SegmentedRaftLogWorker.java:289)
	at java.lang.Thread.run(Thread.java:748)
Caused by: java.util.concurrent.TimeoutException
	at java.util.concurrent.CompletableFuture.timedGet(CompletableFuture.java:1771)
	at java.util.concurrent.CompletableFuture.get(CompletableFuture.java:1915)
	at org.apache.ratis.util.IOUtils.getFromFuture(IOUtils.java:79)
	... 4 more
2019-09-10 18:41:57,068 [b72696e0-9c4e-4740-8bcd-ca4650f90538@group-23E12DAC9301-SegmentedRaftLogWorker] WARN  segmented.SegmentedRaftLogWorker (SegmentedRaftLogWorker.java:getFromFuture(90)) - Timeout 3/~
org.apache.ratis.protocol.TimeoutIOException: Timeout 10s: WriteLog:8: (t:1, i:8), STATEMACHINELOGENTRY, client-D387AA9945EB, cid=40-writeStateMachineData
	at org.apache.ratis.util.IOUtils.getFromFuture(IOUtils.java:87)
	at org.apache.ratis.server.raftlog.segmented.SegmentedRaftLogWorker$StateMachineDataPolicy.getFromFuture(SegmentedRaftLogWorker.java:87)
	at org.apache.ratis.server.raftlog.segmented.SegmentedRaftLogWorker$WriteLog.execute(SegmentedRaftLogWorker.java:477)
	at org.apache.ratis.server.raftlog.segmented.SegmentedRaftLogWorker.run(SegmentedRaftLogWorker.java:289)
	at java.lang.Thread.run(Thread.java:748)
Caused by: java.util.concurrent.TimeoutException
	at java.util.concurrent.CompletableFuture.timedGet(CompletableFuture.java:1771)
	at java.util.concurrent.CompletableFuture.get(CompletableFuture.java:1915)
	at org.apache.ratis.util.IOUtils.getFromFuture(IOUtils.java:79)
	... 4 more
2019-09-10 18:41:57,069 [a2905edf-b9c1-421a-8807-b5d3e2a2f0d1@group-23E12DAC9301-SegmentedRaftLogWorker] WARN  segmented.SegmentedRaftLogWorker (SegmentedRaftLogWorker.java:getFromFuture(90)) - Timeout 3/~
org.apache.ratis.protocol.TimeoutIOException: Timeout 10s: WriteLog:8: (t:1, i:8), STATEMACHINELOGENTRY, client-D387AA9945EB, cid=40-writeStateMachineData
	at org.apache.ratis.util.IOUtils.getFromFuture(IOUtils.java:87)
	at org.apache.ratis.server.raftlog.segmented.SegmentedRaftLogWorker$StateMachineDataPolicy.getFromFuture(SegmentedRaftLogWorker.java:87)
	at org.apache.ratis.server.raftlog.segmented.SegmentedRaftLogWorker$WriteLog.execute(SegmentedRaftLogWorker.java:477)
	at org.apache.ratis.server.raftlog.segmented.SegmentedRaftLogWorker.run(SegmentedRaftLogWorker.java:289)
	at java.lang.Thread.run(Thread.java:748)
Caused by: java.util.concurrent.TimeoutException
	at java.util.concurrent.CompletableFuture.timedGet(CompletableFuture.java:1771)
	at java.util.concurrent.CompletableFuture.get(CompletableFuture.java:1915)
	at org.apache.ratis.util.IOUtils.getFromFuture(IOUtils.java:79)
	... 4 more
2019-09-10 18:41:57,163 [grpc-default-executor-2] INFO  client.GrpcClientProtocolClient (GrpcClientProtocolClient.java:onNext(264)) - client-D387AA9945EB->a2905edf-b9c1-421a-8807-b5d3e2a2f0d1: receive RaftClientReply:client-D387AA9945EB->a2905edf-b9c1-421a-8807-b5d3e2a2f0d1@group-23E12DAC9301, cid=39, FAILED org.apache.ratis.protocol.NotLeaderException: Server a2905edf-b9c1-421a-8807-b5d3e2a2f0d1@group-23E12DAC9301 is not the leader b72696e0-9c4e-4740-8bcd-ca4650f90538:192.168.5.139:36803, logIndex=0, commits[a2905edf-b9c1-421a-8807-b5d3e2a2f0d1:c6, b72696e0-9c4e-4740-8bcd-ca4650f90538:c6, 4d5e76d1-94b4-4344-b272-620ca499a368:c4]
2019-09-10 18:41:57,367 [java.util.concurrent.ThreadPoolExecutor$Worker@5a51959c[State = -1, empty queue]] WARN  server.GrpcLogAppender (GrpcLogAppender.java:timeoutAppendRequest(200)) - b72696e0-9c4e-4740-8bcd-ca4650f90538@group-23E12DAC9301->4d5e76d1-94b4-4344-b272-620ca499a368-GrpcLogAppender: appendEntries Timeout, request=b72696e0-9c4e-4740-8bcd-ca4650f90538->4d5e76d1-94b4-4344-b272-620ca499a368#28-t1, previous=(t:1, i:12), leaderCommit=6, initializing? false, entries: <empty>
2019-09-10 18:41:57,367 [java.util.concurrent.ThreadPoolExecutor$Worker@2c162ad4[State = -1, empty queue]] WARN  server.GrpcLogAppender (GrpcLogAppender.java:timeoutAppendRequest(200)) - b72696e0-9c4e-4740-8bcd-ca4650f90538@group-23E12DAC9301->a2905edf-b9c1-421a-8807-b5d3e2a2f0d1-GrpcLogAppender: appendEntries Timeout, request=b72696e0-9c4e-4740-8bcd-ca4650f90538->a2905edf-b9c1-421a-8807-b5d3e2a2f0d1#28-t1, previous=(t:1, i:12), leaderCommit=6, initializing? false, entries: <empty>
2019-09-10 18:41:58,255 [grpc-default-executor-0] INFO  impl.RaftServerProxy (RaftServerProxy.java:remove(95)) - 4d5e76d1-94b4-4344-b272-620ca499a368: remove group-5CC95CFBF3DB:null
2019-09-10 18:41:58,259 [RatisPipelineUtilsThread] WARN  pipeline.RatisPipelineUtils (RatisPipelineUtils.java:destroyPipeline(66)) - Pipeline destroy failed for pipeline=PipelineID=7bf794f4-70ce-4b1b-9a52-5cc95cfbf3db dn=4d5e76d1-94b4-4344-b272-620ca499a368{ip: 192.168.5.139, host: pr-hdds-1786-trunk-k6rzm-1803654198, networkLocation: /default-rack, certSerialId: null}
2019-09-10 18:41:58,262 [grpc-default-executor-0] INFO  impl.RaftServerProxy (RaftServerProxy.java:remove(95)) - b72696e0-9c4e-4740-8bcd-ca4650f90538: remove group-5CC95CFBF3DB:null
2019-09-10 18:41:58,265 [RatisPipelineUtilsThread] WARN  pipeline.RatisPipelineUtils (RatisPipelineUtils.java:destroyPipeline(66)) - Pipeline destroy failed for pipeline=PipelineID=7bf794f4-70ce-4b1b-9a52-5cc95cfbf3db dn=b72696e0-9c4e-4740-8bcd-ca4650f90538{ip: 192.168.5.139, host: pr-hdds-1786-trunk-k6rzm-1803654198, networkLocation: /default-rack, certSerialId: null}
2019-09-10 18:41:58,267 [grpc-default-executor-0] INFO  impl.RaftServerProxy (RaftServerProxy.java:remove(95)) - a2905edf-b9c1-421a-8807-b5d3e2a2f0d1: remove group-5CC95CFBF3DB:null
2019-09-10 18:41:58,270 [RatisPipelineUtilsThread] WARN  pipeline.RatisPipelineUtils (RatisPipelineUtils.java:destroyPipeline(66)) - Pipeline destroy failed for pipeline=PipelineID=7bf794f4-70ce-4b1b-9a52-5cc95cfbf3db dn=a2905edf-b9c1-421a-8807-b5d3e2a2f0d1{ip: 192.168.5.139, host: pr-hdds-1786-trunk-k6rzm-1803654198, networkLocation: /default-rack, certSerialId: null}
2019-09-10 18:41:58,270 [RatisPipelineUtilsThread] ERROR pipeline.SCMPipelineManager (Scheduler.java:lambda$schedule$1(70)) - Destroy pipeline failed for pipeline:Pipeline[ Id: 7bf794f4-70ce-4b1b-9a52-5cc95cfbf3db, Nodes: 4d5e76d1-94b4-4344-b272-620ca499a368{ip: 192.168.5.139, host: pr-hdds-1786-trunk-k6rzm-1803654198, networkLocation: /default-rack, certSerialId: null}b72696e0-9c4e-4740-8bcd-ca4650f90538{ip: 192.168.5.139, host: pr-hdds-1786-trunk-k6rzm-1803654198, networkLocation: /default-rack, certSerialId: null}a2905edf-b9c1-421a-8807-b5d3e2a2f0d1{ip: 192.168.5.139, host: pr-hdds-1786-trunk-k6rzm-1803654198, networkLocation: /default-rack, certSerialId: null}, Type:RATIS, Factor:THREE, State:CLOSED]
org.apache.hadoop.hdds.scm.pipeline.PipelineNotFoundException: PipelineID=7bf794f4-70ce-4b1b-9a52-5cc95cfbf3db not found
	at org.apache.hadoop.hdds.scm.pipeline.PipelineStateMap.getPipeline(PipelineStateMap.java:132)
	at org.apache.hadoop.hdds.scm.pipeline.PipelineStateMap.removePipeline(PipelineStateMap.java:322)
	at org.apache.hadoop.hdds.scm.pipeline.PipelineStateManager.removePipeline(PipelineStateManager.java:107)
	at org.apache.hadoop.hdds.scm.pipeline.SCMPipelineManager.removePipeline(SCMPipelineManager.java:423)
	at org.apache.hadoop.hdds.scm.pipeline.SCMPipelineManager.destroyPipeline(SCMPipelineManager.java:409)
	at org.apache.hadoop.hdds.scm.pipeline.SCMPipelineManager.lambda$finalizeAndDestroyPipeline$0(SCMPipelineManager.java:318)
	at org.apache.hadoop.utils.Scheduler.lambda$schedule$1(Scheduler.java:68)
	at java.util.concurrent.Executors$RunnableAdapter.call(Executors.java:511)
	at java.util.concurrent.FutureTask.run(FutureTask.java:266)
	at java.util.concurrent.ScheduledThreadPoolExecutor$ScheduledFutureTask.access$201(ScheduledThreadPoolExecutor.java:180)
	at java.util.concurrent.ScheduledThreadPoolExecutor$ScheduledFutureTask.run(ScheduledThreadPoolExecutor.java:293)
	at java.util.concurrent.ThreadPoolExecutor.runWorker(ThreadPoolExecutor.java:1149)
	at java.util.concurrent.ThreadPoolExecutor$Worker.run(ThreadPoolExecutor.java:624)
	at java.lang.Thread.run(Thread.java:748)
2019-09-10 18:41:59,867 [java.util.concurrent.ThreadPoolExecutor$Worker@5a51959c[State = -1, empty queue]] WARN  server.GrpcLogAppender (GrpcLogAppender.java:timeoutAppendRequest(200)) - b72696e0-9c4e-4740-8bcd-ca4650f90538@group-23E12DAC9301->4d5e76d1-94b4-4344-b272-620ca499a368-GrpcLogAppender: appendEntries Timeout, request=b72696e0-9c4e-4740-8bcd-ca4650f90538->4d5e76d1-94b4-4344-b272-620ca499a368#29-t1, previous=(t:1, i:12), leaderCommit=6, initializing? false, entries: <empty>
2019-09-10 18:41:59,867 [java.util.concurrent.ThreadPoolExecutor$Worker@2c162ad4[State = -1, empty queue]] WARN  server.GrpcLogAppender (GrpcLogAppender.java:timeoutAppendRequest(200)) - b72696e0-9c4e-4740-8bcd-ca4650f90538@group-23E12DAC9301->a2905edf-b9c1-421a-8807-b5d3e2a2f0d1-GrpcLogAppender: appendEntries Timeout, request=b72696e0-9c4e-4740-8bcd-ca4650f90538->a2905edf-b9c1-421a-8807-b5d3e2a2f0d1#29-t1, previous=(t:1, i:12), leaderCommit=6, initializing? false, entries: <empty>
2019-09-10 18:42:00,259 [grpc-default-executor-2] INFO  impl.RaftServerProxy (RaftServerProxy.java:remove(95)) - 4d5e76d1-94b4-4344-b272-620ca499a368: remove group-5CC95CFBF3DB:null
2019-09-10 18:42:00,263 [RatisPipelineUtilsThread] WARN  pipeline.RatisPipelineUtils (RatisPipelineUtils.java:destroyPipeline(66)) - Pipeline destroy failed for pipeline=PipelineID=7bf794f4-70ce-4b1b-9a52-5cc95cfbf3db dn=4d5e76d1-94b4-4344-b272-620ca499a368{ip: 192.168.5.139, host: pr-hdds-1786-trunk-k6rzm-1803654198, networkLocation: /default-rack, certSerialId: null}
2019-09-10 18:42:00,266 [grpc-default-executor-2] INFO  impl.RaftServerProxy (RaftServerProxy.java:remove(95)) - b72696e0-9c4e-4740-8bcd-ca4650f90538: remove group-5CC95CFBF3DB:null
2019-09-10 18:42:00,270 [RatisPipelineUtilsThread] WARN  pipeline.RatisPipelineUtils (RatisPipelineUtils.java:destroyPipeline(66)) - Pipeline destroy failed for pipeline=PipelineID=7bf794f4-70ce-4b1b-9a52-5cc95cfbf3db dn=b72696e0-9c4e-4740-8bcd-ca4650f90538{ip: 192.168.5.139, host: pr-hdds-1786-trunk-k6rzm-1803654198, networkLocation: /default-rack, certSerialId: null}
2019-09-10 18:42:00,274 [grpc-default-executor-2] INFO  impl.RaftServerProxy (RaftServerProxy.java:remove(95)) - a2905edf-b9c1-421a-8807-b5d3e2a2f0d1: remove group-5CC95CFBF3DB:null
2019-09-10 18:42:00,276 [RatisPipelineUtilsThread] WARN  pipeline.RatisPipelineUtils (RatisPipelineUtils.java:destroyPipeline(66)) - Pipeline destroy failed for pipeline=PipelineID=7bf794f4-70ce-4b1b-9a52-5cc95cfbf3db dn=a2905edf-b9c1-421a-8807-b5d3e2a2f0d1{ip: 192.168.5.139, host: pr-hdds-1786-trunk-k6rzm-1803654198, networkLocation: /default-rack, certSerialId: null}
2019-09-10 18:42:00,277 [RatisPipelineUtilsThread] ERROR pipeline.SCMPipelineManager (Scheduler.java:lambda$schedule$1(70)) - Destroy pipeline failed for pipeline:Pipeline[ Id: 7bf794f4-70ce-4b1b-9a52-5cc95cfbf3db, Nodes: 4d5e76d1-94b4-4344-b272-620ca499a368{ip: 192.168.5.139, host: pr-hdds-1786-trunk-k6rzm-1803654198, networkLocation: /default-rack, certSerialId: null}b72696e0-9c4e-4740-8bcd-ca4650f90538{ip: 192.168.5.139, host: pr-hdds-1786-trunk-k6rzm-1803654198, networkLocation: /default-rack, certSerialId: null}a2905edf-b9c1-421a-8807-b5d3e2a2f0d1{ip: 192.168.5.139, host: pr-hdds-1786-trunk-k6rzm-1803654198, networkLocation: /default-rack, certSerialId: null}, Type:RATIS, Factor:THREE, State:CLOSED]
org.apache.hadoop.hdds.scm.pipeline.PipelineNotFoundException: PipelineID=7bf794f4-70ce-4b1b-9a52-5cc95cfbf3db not found
	at org.apache.hadoop.hdds.scm.pipeline.PipelineStateMap.getPipeline(PipelineStateMap.java:132)
	at org.apache.hadoop.hdds.scm.pipeline.PipelineStateMap.removePipeline(PipelineStateMap.java:322)
	at org.apache.hadoop.hdds.scm.pipeline.PipelineStateManager.removePipeline(PipelineStateManager.java:107)
	at org.apache.hadoop.hdds.scm.pipeline.SCMPipelineManager.removePipeline(SCMPipelineManager.java:423)
	at org.apache.hadoop.hdds.scm.pipeline.SCMPipelineManager.destroyPipeline(SCMPipelineManager.java:409)
	at org.apache.hadoop.hdds.scm.pipeline.SCMPipelineManager.lambda$finalizeAndDestroyPipeline$0(SCMPipelineManager.java:318)
	at org.apache.hadoop.utils.Scheduler.lambda$schedule$1(Scheduler.java:68)
	at java.util.concurrent.Executors$RunnableAdapter.call(Executors.java:511)
	at java.util.concurrent.FutureTask.run(FutureTask.java:266)
	at java.util.concurrent.ScheduledThreadPoolExecutor$ScheduledFutureTask.access$201(ScheduledThreadPoolExecutor.java:180)
	at java.util.concurrent.ScheduledThreadPoolExecutor$ScheduledFutureTask.run(ScheduledThreadPoolExecutor.java:293)
	at java.util.concurrent.ThreadPoolExecutor.runWorker(ThreadPoolExecutor.java:1149)
	at java.util.concurrent.ThreadPoolExecutor$Worker.run(ThreadPoolExecutor.java:624)
	at java.lang.Thread.run(Thread.java:748)
2019-09-10 18:42:02,208 [grpc-default-executor-0] INFO  client.GrpcClientProtocolClient (GrpcClientProtocolClient.java:onNext(264)) - client-D387AA9945EB->a2905edf-b9c1-421a-8807-b5d3e2a2f0d1: receive RaftClientReply:client-D387AA9945EB->a2905edf-b9c1-421a-8807-b5d3e2a2f0d1@group-23E12DAC9301, cid=39, FAILED org.apache.ratis.protocol.NotLeaderException: Server a2905edf-b9c1-421a-8807-b5d3e2a2f0d1@group-23E12DAC9301 is not the leader b72696e0-9c4e-4740-8bcd-ca4650f90538:192.168.5.139:36803, logIndex=0, commits[a2905edf-b9c1-421a-8807-b5d3e2a2f0d1:c6, b72696e0-9c4e-4740-8bcd-ca4650f90538:c6, 4d5e76d1-94b4-4344-b272-620ca499a368:c4]
2019-09-10 18:42:02,368 [java.util.concurrent.ThreadPoolExecutor$Worker@2c162ad4[State = -1, empty queue]] WARN  server.GrpcLogAppender (GrpcLogAppender.java:timeoutAppendRequest(200)) - b72696e0-9c4e-4740-8bcd-ca4650f90538@group-23E12DAC9301->a2905edf-b9c1-421a-8807-b5d3e2a2f0d1-GrpcLogAppender: appendEntries Timeout, request=b72696e0-9c4e-4740-8bcd-ca4650f90538->a2905edf-b9c1-421a-8807-b5d3e2a2f0d1#30-t1, previous=(t:1, i:12), leaderCommit=6, initializing? false, entries: <empty>
2019-09-10 18:42:02,368 [java.util.concurrent.ThreadPoolExecutor$Worker@5a51959c[State = -1, empty queue]] WARN  server.GrpcLogAppender (GrpcLogAppender.java:timeoutAppendRequest(200)) - b72696e0-9c4e-4740-8bcd-ca4650f90538@group-23E12DAC9301->4d5e76d1-94b4-4344-b272-620ca499a368-GrpcLogAppender: appendEntries Timeout, request=b72696e0-9c4e-4740-8bcd-ca4650f90538->4d5e76d1-94b4-4344-b272-620ca499a368#30-t1, previous=(t:1, i:12), leaderCommit=6, initializing? false, entries: <empty>
2019-09-10 18:42:03,256 [grpc-default-executor-2] INFO  impl.RaftServerProxy (RaftServerProxy.java:remove(95)) - 4d5e76d1-94b4-4344-b272-620ca499a368: remove group-5CC95CFBF3DB:null
2019-09-10 18:42:03,260 [RatisPipelineUtilsThread] WARN  pipeline.RatisPipelineUtils (RatisPipelineUtils.java:destroyPipeline(66)) - Pipeline destroy failed for pipeline=PipelineID=7bf794f4-70ce-4b1b-9a52-5cc95cfbf3db dn=4d5e76d1-94b4-4344-b272-620ca499a368{ip: 192.168.5.139, host: pr-hdds-1786-trunk-k6rzm-1803654198, networkLocation: /default-rack, certSerialId: null}
2019-09-10 18:42:03,263 [grpc-default-executor-2] INFO  impl.RaftServerProxy (RaftServerProxy.java:remove(95)) - b72696e0-9c4e-4740-8bcd-ca4650f90538: remove group-5CC95CFBF3DB:null
2019-09-10 18:42:03,266 [RatisPipelineUtilsThread] WARN  pipeline.RatisPipelineUtils (RatisPipelineUtils.java:destroyPipeline(66)) - Pipeline destroy failed for pipeline=PipelineID=7bf794f4-70ce-4b1b-9a52-5cc95cfbf3db dn=b72696e0-9c4e-4740-8bcd-ca4650f90538{ip: 192.168.5.139, host: pr-hdds-1786-trunk-k6rzm-1803654198, networkLocation: /default-rack, certSerialId: null}
2019-09-10 18:42:03,269 [grpc-default-executor-2] INFO  impl.RaftServerProxy (RaftServerProxy.java:remove(95)) - a2905edf-b9c1-421a-8807-b5d3e2a2f0d1: remove group-5CC95CFBF3DB:null
2019-09-10 18:42:03,271 [RatisPipelineUtilsThread] WARN  pipeline.RatisPipelineUtils (RatisPipelineUtils.java:destroyPipeline(66)) - Pipeline destroy failed for pipeline=PipelineID=7bf794f4-70ce-4b1b-9a52-5cc95cfbf3db dn=a2905edf-b9c1-421a-8807-b5d3e2a2f0d1{ip: 192.168.5.139, host: pr-hdds-1786-trunk-k6rzm-1803654198, networkLocation: /default-rack, certSerialId: null}
2019-09-10 18:42:03,271 [RatisPipelineUtilsThread] ERROR pipeline.SCMPipelineManager (Scheduler.java:lambda$schedule$1(70)) - Destroy pipeline failed for pipeline:Pipeline[ Id: 7bf794f4-70ce-4b1b-9a52-5cc95cfbf3db, Nodes: 4d5e76d1-94b4-4344-b272-620ca499a368{ip: 192.168.5.139, host: pr-hdds-1786-trunk-k6rzm-1803654198, networkLocation: /default-rack, certSerialId: null}b72696e0-9c4e-4740-8bcd-ca4650f90538{ip: 192.168.5.139, host: pr-hdds-1786-trunk-k6rzm-1803654198, networkLocation: /default-rack, certSerialId: null}a2905edf-b9c1-421a-8807-b5d3e2a2f0d1{ip: 192.168.5.139, host: pr-hdds-1786-trunk-k6rzm-1803654198, networkLocation: /default-rack, certSerialId: null}, Type:RATIS, Factor:THREE, State:CLOSED]
org.apache.hadoop.hdds.scm.pipeline.PipelineNotFoundException: PipelineID=7bf794f4-70ce-4b1b-9a52-5cc95cfbf3db not found
	at org.apache.hadoop.hdds.scm.pipeline.PipelineStateMap.getPipeline(PipelineStateMap.java:132)
	at org.apache.hadoop.hdds.scm.pipeline.PipelineStateMap.removePipeline(PipelineStateMap.java:322)
	at org.apache.hadoop.hdds.scm.pipeline.PipelineStateManager.removePipeline(PipelineStateManager.java:107)
	at org.apache.hadoop.hdds.scm.pipeline.SCMPipelineManager.removePipeline(SCMPipelineManager.java:423)
	at org.apache.hadoop.hdds.scm.pipeline.SCMPipelineManager.destroyPipeline(SCMPipelineManager.java:409)
	at org.apache.hadoop.hdds.scm.pipeline.SCMPipelineManager.lambda$finalizeAndDestroyPipeline$0(SCMPipelineManager.java:318)
	at org.apache.hadoop.utils.Scheduler.lambda$schedule$1(Scheduler.java:68)
	at java.util.concurrent.Executors$RunnableAdapter.call(Executors.java:511)
	at java.util.concurrent.FutureTask.run(FutureTask.java:266)
	at java.util.concurrent.ScheduledThreadPoolExecutor$ScheduledFutureTask.access$201(ScheduledThreadPoolExecutor.java:180)
	at java.util.concurrent.ScheduledThreadPoolExecutor$ScheduledFutureTask.run(ScheduledThreadPoolExecutor.java:293)
	at java.util.concurrent.ThreadPoolExecutor.runWorker(ThreadPoolExecutor.java:1149)
	at java.util.concurrent.ThreadPoolExecutor$Worker.run(ThreadPoolExecutor.java:624)
	at java.lang.Thread.run(Thread.java:748)
2019-09-10 18:42:04,869 [java.util.concurrent.ThreadPoolExecutor$Worker@5a51959c[State = -1, empty queue]] WARN  server.GrpcLogAppender (GrpcLogAppender.java:timeoutAppendRequest(200)) - b72696e0-9c4e-4740-8bcd-ca4650f90538@group-23E12DAC9301->4d5e76d1-94b4-4344-b272-620ca499a368-GrpcLogAppender: appendEntries Timeout, request=b72696e0-9c4e-4740-8bcd-ca4650f90538->4d5e76d1-94b4-4344-b272-620ca499a368#31-t1, previous=(t:1, i:12), leaderCommit=6, initializing? false, entries: <empty>
2019-09-10 18:42:04,869 [java.util.concurrent.ThreadPoolExecutor$Worker@2c162ad4[State = -1, empty queue]] WARN  server.GrpcLogAppender (GrpcLogAppender.java:timeoutAppendRequest(200)) - b72696e0-9c4e-4740-8bcd-ca4650f90538@group-23E12DAC9301->a2905edf-b9c1-421a-8807-b5d3e2a2f0d1-GrpcLogAppender: appendEntries Timeout, request=b72696e0-9c4e-4740-8bcd-ca4650f90538->a2905edf-b9c1-421a-8807-b5d3e2a2f0d1#31-t1, previous=(t:1, i:12), leaderCommit=6, initializing? false, entries: <empty>
2019-09-10 18:42:05,262 [grpc-default-executor-0] INFO  impl.RaftServerProxy (RaftServerProxy.java:remove(95)) - 4d5e76d1-94b4-4344-b272-620ca499a368: remove group-5CC95CFBF3DB:null
2019-09-10 18:42:05,266 [RatisPipelineUtilsThread] WARN  pipeline.RatisPipelineUtils (RatisPipelineUtils.java:destroyPipeline(66)) - Pipeline destroy failed for pipeline=PipelineID=7bf794f4-70ce-4b1b-9a52-5cc95cfbf3db dn=4d5e76d1-94b4-4344-b272-620ca499a368{ip: 192.168.5.139, host: pr-hdds-1786-trunk-k6rzm-1803654198, networkLocation: /default-rack, certSerialId: null}
2019-09-10 18:42:05,268 [grpc-default-executor-0] INFO  impl.RaftServerProxy (RaftServerProxy.java:remove(95)) - b72696e0-9c4e-4740-8bcd-ca4650f90538: remove group-5CC95CFBF3DB:null
2019-09-10 18:42:05,271 [RatisPipelineUtilsThread] WARN  pipeline.RatisPipelineUtils (RatisPipelineUtils.java:destroyPipeline(66)) - Pipeline destroy failed for pipeline=PipelineID=7bf794f4-70ce-4b1b-9a52-5cc95cfbf3db dn=b72696e0-9c4e-4740-8bcd-ca4650f90538{ip: 192.168.5.139, host: pr-hdds-1786-trunk-k6rzm-1803654198, networkLocation: /default-rack, certSerialId: null}
2019-09-10 18:42:05,273 [grpc-default-executor-0] INFO  impl.RaftServerProxy (RaftServerProxy.java:remove(95)) - a2905edf-b9c1-421a-8807-b5d3e2a2f0d1: remove group-5CC95CFBF3DB:null
2019-09-10 18:42:05,276 [RatisPipelineUtilsThread] WARN  pipeline.RatisPipelineUtils (RatisPipelineUtils.java:destroyPipeline(66)) - Pipeline destroy failed for pipeline=PipelineID=7bf794f4-70ce-4b1b-9a52-5cc95cfbf3db dn=a2905edf-b9c1-421a-8807-b5d3e2a2f0d1{ip: 192.168.5.139, host: pr-hdds-1786-trunk-k6rzm-1803654198, networkLocation: /default-rack, certSerialId: null}
2019-09-10 18:42:05,276 [RatisPipelineUtilsThread] ERROR pipeline.SCMPipelineManager (Scheduler.java:lambda$schedule$1(70)) - Destroy pipeline failed for pipeline:Pipeline[ Id: 7bf794f4-70ce-4b1b-9a52-5cc95cfbf3db, Nodes: 4d5e76d1-94b4-4344-b272-620ca499a368{ip: 192.168.5.139, host: pr-hdds-1786-trunk-k6rzm-1803654198, networkLocation: /default-rack, certSerialId: null}b72696e0-9c4e-4740-8bcd-ca4650f90538{ip: 192.168.5.139, host: pr-hdds-1786-trunk-k6rzm-1803654198, networkLocation: /default-rack, certSerialId: null}a2905edf-b9c1-421a-8807-b5d3e2a2f0d1{ip: 192.168.5.139, host: pr-hdds-1786-trunk-k6rzm-1803654198, networkLocation: /default-rack, certSerialId: null}, Type:RATIS, Factor:THREE, State:CLOSED]
org.apache.hadoop.hdds.scm.pipeline.PipelineNotFoundException: PipelineID=7bf794f4-70ce-4b1b-9a52-5cc95cfbf3db not found
	at org.apache.hadoop.hdds.scm.pipeline.PipelineStateMap.getPipeline(PipelineStateMap.java:132)
	at org.apache.hadoop.hdds.scm.pipeline.PipelineStateMap.removePipeline(PipelineStateMap.java:322)
	at org.apache.hadoop.hdds.scm.pipeline.PipelineStateManager.removePipeline(PipelineStateManager.java:107)
	at org.apache.hadoop.hdds.scm.pipeline.SCMPipelineManager.removePipeline(SCMPipelineManager.java:423)
	at org.apache.hadoop.hdds.scm.pipeline.SCMPipelineManager.destroyPipeline(SCMPipelineManager.java:409)
	at org.apache.hadoop.hdds.scm.pipeline.SCMPipelineManager.lambda$finalizeAndDestroyPipeline$0(SCMPipelineManager.java:318)
	at org.apache.hadoop.utils.Scheduler.lambda$schedule$1(Scheduler.java:68)
	at java.util.concurrent.Executors$RunnableAdapter.call(Executors.java:511)
	at java.util.concurrent.FutureTask.run(FutureTask.java:266)
	at java.util.concurrent.ScheduledThreadPoolExecutor$ScheduledFutureTask.access$201(ScheduledThreadPoolExecutor.java:180)
	at java.util.concurrent.ScheduledThreadPoolExecutor$ScheduledFutureTask.run(ScheduledThreadPoolExecutor.java:293)
	at java.util.concurrent.ThreadPoolExecutor.runWorker(ThreadPoolExecutor.java:1149)
	at java.util.concurrent.ThreadPoolExecutor$Worker.run(ThreadPoolExecutor.java:624)
	at java.lang.Thread.run(Thread.java:748)
2019-09-10 18:42:07,024 [4d5e76d1-94b4-4344-b272-620ca499a368@group-23E12DAC9301-SegmentedRaftLogWorker] WARN  segmented.SegmentedRaftLogWorker (SegmentedRaftLogWorker.java:getFromFuture(90)) - Timeout 4/~
org.apache.ratis.protocol.TimeoutIOException: Timeout 10s: WriteLog:8: (t:1, i:8), STATEMACHINELOGENTRY, client-D387AA9945EB, cid=40-writeStateMachineData
	at org.apache.ratis.util.IOUtils.getFromFuture(IOUtils.java:87)
	at org.apache.ratis.server.raftlog.segmented.SegmentedRaftLogWorker$StateMachineDataPolicy.getFromFuture(SegmentedRaftLogWorker.java:87)
	at org.apache.ratis.server.raftlog.segmented.SegmentedRaftLogWorker$WriteLog.execute(SegmentedRaftLogWorker.java:477)
	at org.apache.ratis.server.raftlog.segmented.SegmentedRaftLogWorker.run(SegmentedRaftLogWorker.java:289)
	at java.lang.Thread.run(Thread.java:748)
Caused by: java.util.concurrent.TimeoutException
	at java.util.concurrent.CompletableFuture.timedGet(CompletableFuture.java:1771)
	at java.util.concurrent.CompletableFuture.get(CompletableFuture.java:1915)
	at org.apache.ratis.util.IOUtils.getFromFuture(IOUtils.java:79)
	... 4 more
2019-09-10 18:42:07,069 [b72696e0-9c4e-4740-8bcd-ca4650f90538@group-23E12DAC9301-SegmentedRaftLogWorker] WARN  segmented.SegmentedRaftLogWorker (SegmentedRaftLogWorker.java:getFromFuture(90)) - Timeout 4/~
org.apache.ratis.protocol.TimeoutIOException: Timeout 10s: WriteLog:8: (t:1, i:8), STATEMACHINELOGENTRY, client-D387AA9945EB, cid=40-writeStateMachineData
	at org.apache.ratis.util.IOUtils.getFromFuture(IOUtils.java:87)
	at org.apache.ratis.server.raftlog.segmented.SegmentedRaftLogWorker$StateMachineDataPolicy.getFromFuture(SegmentedRaftLogWorker.java:87)
	at org.apache.ratis.server.raftlog.segmented.SegmentedRaftLogWorker$WriteLog.execute(SegmentedRaftLogWorker.java:477)
	at org.apache.ratis.server.raftlog.segmented.SegmentedRaftLogWorker.run(SegmentedRaftLogWorker.java:289)
	at java.lang.Thread.run(Thread.java:748)
Caused by: java.util.concurrent.TimeoutException
	at java.util.concurrent.CompletableFuture.timedGet(CompletableFuture.java:1771)
	at java.util.concurrent.CompletableFuture.get(CompletableFuture.java:1915)
	at org.apache.ratis.util.IOUtils.getFromFuture(IOUtils.java:79)
	... 4 more
2019-09-10 18:42:07,069 [a2905edf-b9c1-421a-8807-b5d3e2a2f0d1@group-23E12DAC9301-SegmentedRaftLogWorker] WARN  segmented.SegmentedRaftLogWorker (SegmentedRaftLogWorker.java:getFromFuture(90)) - Timeout 4/~
org.apache.ratis.protocol.TimeoutIOException: Timeout 10s: WriteLog:8: (t:1, i:8), STATEMACHINELOGENTRY, client-D387AA9945EB, cid=40-writeStateMachineData
	at org.apache.ratis.util.IOUtils.getFromFuture(IOUtils.java:87)
	at org.apache.ratis.server.raftlog.segmented.SegmentedRaftLogWorker$StateMachineDataPolicy.getFromFuture(SegmentedRaftLogWorker.java:87)
	at org.apache.ratis.server.raftlog.segmented.SegmentedRaftLogWorker$WriteLog.execute(SegmentedRaftLogWorker.java:477)
	at org.apache.ratis.server.raftlog.segmented.SegmentedRaftLogWorker.run(SegmentedRaftLogWorker.java:289)
	at java.lang.Thread.run(Thread.java:748)
Caused by: java.util.concurrent.TimeoutException
	at java.util.concurrent.CompletableFuture.timedGet(CompletableFuture.java:1771)
	at java.util.concurrent.CompletableFuture.get(CompletableFuture.java:1915)
	at org.apache.ratis.util.IOUtils.getFromFuture(IOUtils.java:79)
	... 4 more
2019-09-10 18:42:07,263 [grpc-default-executor-2] INFO  client.GrpcClientProtocolClient (GrpcClientProtocolClient.java:onNext(264)) - client-D387AA9945EB->a2905edf-b9c1-421a-8807-b5d3e2a2f0d1: receive RaftClientReply:client-D387AA9945EB->a2905edf-b9c1-421a-8807-b5d3e2a2f0d1@group-23E12DAC9301, cid=39, FAILED org.apache.ratis.protocol.NotLeaderException: Server a2905edf-b9c1-421a-8807-b5d3e2a2f0d1@group-23E12DAC9301 is not the leader b72696e0-9c4e-4740-8bcd-ca4650f90538:192.168.5.139:36803, logIndex=0, commits[a2905edf-b9c1-421a-8807-b5d3e2a2f0d1:c6, b72696e0-9c4e-4740-8bcd-ca4650f90538:c6, 4d5e76d1-94b4-4344-b272-620ca499a368:c4]
2019-09-10 18:42:07,369 [java.util.concurrent.ThreadPoolExecutor$Worker@2c162ad4[State = -1, empty queue]] WARN  server.GrpcLogAppender (GrpcLogAppender.java:timeoutAppendRequest(200)) - b72696e0-9c4e-4740-8bcd-ca4650f90538@group-23E12DAC9301->a2905edf-b9c1-421a-8807-b5d3e2a2f0d1-GrpcLogAppender: appendEntries Timeout, request=b72696e0-9c4e-4740-8bcd-ca4650f90538->a2905edf-b9c1-421a-8807-b5d3e2a2f0d1#32-t1, previous=(t:1, i:12), leaderCommit=6, initializing? false, entries: <empty>
2019-09-10 18:42:07,369 [java.util.concurrent.ThreadPoolExecutor$Worker@5a51959c[State = -1, empty queue]] WARN  server.GrpcLogAppender (GrpcLogAppender.java:timeoutAppendRequest(200)) - b72696e0-9c4e-4740-8bcd-ca4650f90538@group-23E12DAC9301->4d5e76d1-94b4-4344-b272-620ca499a368-GrpcLogAppender: appendEntries Timeout, request=b72696e0-9c4e-4740-8bcd-ca4650f90538->4d5e76d1-94b4-4344-b272-620ca499a368#32-t1, previous=(t:1, i:12), leaderCommit=6, initializing? false, entries: <empty>
2019-09-10 18:42:08,262 [grpc-default-executor-0] INFO  impl.RaftServerProxy (RaftServerProxy.java:remove(95)) - 4d5e76d1-94b4-4344-b272-620ca499a368: remove group-5CC95CFBF3DB:null
2019-09-10 18:42:08,268 [RatisPipelineUtilsThread] WARN  pipeline.RatisPipelineUtils (RatisPipelineUtils.java:destroyPipeline(66)) - Pipeline destroy failed for pipeline=PipelineID=7bf794f4-70ce-4b1b-9a52-5cc95cfbf3db dn=4d5e76d1-94b4-4344-b272-620ca499a368{ip: 192.168.5.139, host: pr-hdds-1786-trunk-k6rzm-1803654198, networkLocation: /default-rack, certSerialId: null}
2019-09-10 18:42:08,271 [grpc-default-executor-0] INFO  impl.RaftServerProxy (RaftServerProxy.java:remove(95)) - b72696e0-9c4e-4740-8bcd-ca4650f90538: remove group-5CC95CFBF3DB:null
2019-09-10 18:42:08,273 [RatisPipelineUtilsThread] WARN  pipeline.RatisPipelineUtils (RatisPipelineUtils.java:destroyPipeline(66)) - Pipeline destroy failed for pipeline=PipelineID=7bf794f4-70ce-4b1b-9a52-5cc95cfbf3db dn=b72696e0-9c4e-4740-8bcd-ca4650f90538{ip: 192.168.5.139, host: pr-hdds-1786-trunk-k6rzm-1803654198, networkLocation: /default-rack, certSerialId: null}
2019-09-10 18:42:08,282 [grpc-default-executor-0] INFO  impl.RaftServerProxy (RaftServerProxy.java:remove(95)) - a2905edf-b9c1-421a-8807-b5d3e2a2f0d1: remove group-5CC95CFBF3DB:null
2019-09-10 18:42:08,285 [RatisPipelineUtilsThread] WARN  pipeline.RatisPipelineUtils (RatisPipelineUtils.java:destroyPipeline(66)) - Pipeline destroy failed for pipeline=PipelineID=7bf794f4-70ce-4b1b-9a52-5cc95cfbf3db dn=a2905edf-b9c1-421a-8807-b5d3e2a2f0d1{ip: 192.168.5.139, host: pr-hdds-1786-trunk-k6rzm-1803654198, networkLocation: /default-rack, certSerialId: null}
2019-09-10 18:42:08,285 [RatisPipelineUtilsThread] ERROR pipeline.SCMPipelineManager (Scheduler.java:lambda$schedule$1(70)) - Destroy pipeline failed for pipeline:Pipeline[ Id: 7bf794f4-70ce-4b1b-9a52-5cc95cfbf3db, Nodes: 4d5e76d1-94b4-4344-b272-620ca499a368{ip: 192.168.5.139, host: pr-hdds-1786-trunk-k6rzm-1803654198, networkLocation: /default-rack, certSerialId: null}b72696e0-9c4e-4740-8bcd-ca4650f90538{ip: 192.168.5.139, host: pr-hdds-1786-trunk-k6rzm-1803654198, networkLocation: /default-rack, certSerialId: null}a2905edf-b9c1-421a-8807-b5d3e2a2f0d1{ip: 192.168.5.139, host: pr-hdds-1786-trunk-k6rzm-1803654198, networkLocation: /default-rack, certSerialId: null}, Type:RATIS, Factor:THREE, State:CLOSED]
org.apache.hadoop.hdds.scm.pipeline.PipelineNotFoundException: PipelineID=7bf794f4-70ce-4b1b-9a52-5cc95cfbf3db not found
	at org.apache.hadoop.hdds.scm.pipeline.PipelineStateMap.getPipeline(PipelineStateMap.java:132)
	at org.apache.hadoop.hdds.scm.pipeline.PipelineStateMap.removePipeline(PipelineStateMap.java:322)
	at org.apache.hadoop.hdds.scm.pipeline.PipelineStateManager.removePipeline(PipelineStateManager.java:107)
	at org.apache.hadoop.hdds.scm.pipeline.SCMPipelineManager.removePipeline(SCMPipelineManager.java:423)
	at org.apache.hadoop.hdds.scm.pipeline.SCMPipelineManager.destroyPipeline(SCMPipelineManager.java:409)
	at org.apache.hadoop.hdds.scm.pipeline.SCMPipelineManager.lambda$finalizeAndDestroyPipeline$0(SCMPipelineManager.java:318)
	at org.apache.hadoop.utils.Scheduler.lambda$schedule$1(Scheduler.java:68)
	at java.util.concurrent.Executors$RunnableAdapter.call(Executors.java:511)
	at java.util.concurrent.FutureTask.run(FutureTask.java:266)
	at java.util.concurrent.ScheduledThreadPoolExecutor$ScheduledFutureTask.access$201(ScheduledThreadPoolExecutor.java:180)
	at java.util.concurrent.ScheduledThreadPoolExecutor$ScheduledFutureTask.run(ScheduledThreadPoolExecutor.java:293)
	at java.util.concurrent.ThreadPoolExecutor.runWorker(ThreadPoolExecutor.java:1149)
	at java.util.concurrent.ThreadPoolExecutor$Worker.run(ThreadPoolExecutor.java:624)
	at java.lang.Thread.run(Thread.java:748)
2019-09-10 18:42:09,870 [java.util.concurrent.ThreadPoolExecutor$Worker@5a51959c[State = -1, empty queue]] WARN  server.GrpcLogAppender (GrpcLogAppender.java:timeoutAppendRequest(200)) - b72696e0-9c4e-4740-8bcd-ca4650f90538@group-23E12DAC9301->4d5e76d1-94b4-4344-b272-620ca499a368-GrpcLogAppender: appendEntries Timeout, request=b72696e0-9c4e-4740-8bcd-ca4650f90538->4d5e76d1-94b4-4344-b272-620ca499a368#33-t1, previous=(t:1, i:12), leaderCommit=6, initializing? false, entries: <empty>
2019-09-10 18:42:09,870 [java.util.concurrent.ThreadPoolExecutor$Worker@2c162ad4[State = -1, empty queue]] WARN  server.GrpcLogAppender (GrpcLogAppender.java:timeoutAppendRequest(200)) - b72696e0-9c4e-4740-8bcd-ca4650f90538@group-23E12DAC9301->a2905edf-b9c1-421a-8807-b5d3e2a2f0d1-GrpcLogAppender: appendEntries Timeout, request=b72696e0-9c4e-4740-8bcd-ca4650f90538->a2905edf-b9c1-421a-8807-b5d3e2a2f0d1#33-t1, previous=(t:1, i:12), leaderCommit=6, initializing? false, entries: <empty>
2019-09-10 18:42:10,260 [grpc-default-executor-0] INFO  impl.RaftServerProxy (RaftServerProxy.java:remove(95)) - 4d5e76d1-94b4-4344-b272-620ca499a368: remove group-5CC95CFBF3DB:null
2019-09-10 18:42:10,264 [RatisPipelineUtilsThread] WARN  pipeline.RatisPipelineUtils (RatisPipelineUtils.java:destroyPipeline(66)) - Pipeline destroy failed for pipeline=PipelineID=7bf794f4-70ce-4b1b-9a52-5cc95cfbf3db dn=4d5e76d1-94b4-4344-b272-620ca499a368{ip: 192.168.5.139, host: pr-hdds-1786-trunk-k6rzm-1803654198, networkLocation: /default-rack, certSerialId: null}
2019-09-10 18:42:10,268 [grpc-default-executor-0] INFO  impl.RaftServerProxy (RaftServerProxy.java:remove(95)) - b72696e0-9c4e-4740-8bcd-ca4650f90538: remove group-5CC95CFBF3DB:null
2019-09-10 18:42:10,270 [RatisPipelineUtilsThread] WARN  pipeline.RatisPipelineUtils (RatisPipelineUtils.java:destroyPipeline(66)) - Pipeline destroy failed for pipeline=PipelineID=7bf794f4-70ce-4b1b-9a52-5cc95cfbf3db dn=b72696e0-9c4e-4740-8bcd-ca4650f90538{ip: 192.168.5.139, host: pr-hdds-1786-trunk-k6rzm-1803654198, networkLocation: /default-rack, certSerialId: null}
2019-09-10 18:42:10,273 [grpc-default-executor-0] INFO  impl.RaftServerProxy (RaftServerProxy.java:remove(95)) - a2905edf-b9c1-421a-8807-b5d3e2a2f0d1: remove group-5CC95CFBF3DB:null
2019-09-10 18:42:10,275 [RatisPipelineUtilsThread] WARN  pipeline.RatisPipelineUtils (RatisPipelineUtils.java:destroyPipeline(66)) - Pipeline destroy failed for pipeline=PipelineID=7bf794f4-70ce-4b1b-9a52-5cc95cfbf3db dn=a2905edf-b9c1-421a-8807-b5d3e2a2f0d1{ip: 192.168.5.139, host: pr-hdds-1786-trunk-k6rzm-1803654198, networkLocation: /default-rack, certSerialId: null}
2019-09-10 18:42:10,276 [RatisPipelineUtilsThread] ERROR pipeline.SCMPipelineManager (Scheduler.java:lambda$schedule$1(70)) - Destroy pipeline failed for pipeline:Pipeline[ Id: 7bf794f4-70ce-4b1b-9a52-5cc95cfbf3db, Nodes: 4d5e76d1-94b4-4344-b272-620ca499a368{ip: 192.168.5.139, host: pr-hdds-1786-trunk-k6rzm-1803654198, networkLocation: /default-rack, certSerialId: null}b72696e0-9c4e-4740-8bcd-ca4650f90538{ip: 192.168.5.139, host: pr-hdds-1786-trunk-k6rzm-1803654198, networkLocation: /default-rack, certSerialId: null}a2905edf-b9c1-421a-8807-b5d3e2a2f0d1{ip: 192.168.5.139, host: pr-hdds-1786-trunk-k6rzm-1803654198, networkLocation: /default-rack, certSerialId: null}, Type:RATIS, Factor:THREE, State:CLOSED]
org.apache.hadoop.hdds.scm.pipeline.PipelineNotFoundException: PipelineID=7bf794f4-70ce-4b1b-9a52-5cc95cfbf3db not found
	at org.apache.hadoop.hdds.scm.pipeline.PipelineStateMap.getPipeline(PipelineStateMap.java:132)
	at org.apache.hadoop.hdds.scm.pipeline.PipelineStateMap.removePipeline(PipelineStateMap.java:322)
	at org.apache.hadoop.hdds.scm.pipeline.PipelineStateManager.removePipeline(PipelineStateManager.java:107)
	at org.apache.hadoop.hdds.scm.pipeline.SCMPipelineManager.removePipeline(SCMPipelineManager.java:423)
	at org.apache.hadoop.hdds.scm.pipeline.SCMPipelineManager.destroyPipeline(SCMPipelineManager.java:409)
	at org.apache.hadoop.hdds.scm.pipeline.SCMPipelineManager.lambda$finalizeAndDestroyPipeline$0(SCMPipelineManager.java:318)
	at org.apache.hadoop.utils.Scheduler.lambda$schedule$1(Scheduler.java:68)
	at java.util.concurrent.Executors$RunnableAdapter.call(Executors.java:511)
	at java.util.concurrent.FutureTask.run(FutureTask.java:266)
	at java.util.concurrent.ScheduledThreadPoolExecutor$ScheduledFutureTask.access$201(ScheduledThreadPoolExecutor.java:180)
	at java.util.concurrent.ScheduledThreadPoolExecutor$ScheduledFutureTask.run(ScheduledThreadPoolExecutor.java:293)
	at java.util.concurrent.ThreadPoolExecutor.runWorker(ThreadPoolExecutor.java:1149)
	at java.util.concurrent.ThreadPoolExecutor$Worker.run(ThreadPoolExecutor.java:624)
	at java.lang.Thread.run(Thread.java:748)
2019-09-10 18:42:12,306 [grpc-default-executor-0] INFO  client.GrpcClientProtocolClient (GrpcClientProtocolClient.java:onNext(264)) - client-D387AA9945EB->a2905edf-b9c1-421a-8807-b5d3e2a2f0d1: receive RaftClientReply:client-D387AA9945EB->a2905edf-b9c1-421a-8807-b5d3e2a2f0d1@group-23E12DAC9301, cid=39, FAILED org.apache.ratis.protocol.NotLeaderException: Server a2905edf-b9c1-421a-8807-b5d3e2a2f0d1@group-23E12DAC9301 is not the leader b72696e0-9c4e-4740-8bcd-ca4650f90538:192.168.5.139:36803, logIndex=0, commits[a2905edf-b9c1-421a-8807-b5d3e2a2f0d1:c6, b72696e0-9c4e-4740-8bcd-ca4650f90538:c6, 4d5e76d1-94b4-4344-b272-620ca499a368:c4]
2019-09-10 18:42:12,370 [java.util.concurrent.ThreadPoolExecutor$Worker@5a51959c[State = -1, empty queue]] WARN  server.GrpcLogAppender (GrpcLogAppender.java:timeoutAppendRequest(200)) - b72696e0-9c4e-4740-8bcd-ca4650f90538@group-23E12DAC9301->4d5e76d1-94b4-4344-b272-620ca499a368-GrpcLogAppender: appendEntries Timeout, request=b72696e0-9c4e-4740-8bcd-ca4650f90538->4d5e76d1-94b4-4344-b272-620ca499a368#34-t1, previous=(t:1, i:12), leaderCommit=6, initializing? false, entries: <empty>
2019-09-10 18:42:12,370 [java.util.concurrent.ThreadPoolExecutor$Worker@2c162ad4[State = -1, empty queue]] WARN  server.GrpcLogAppender (GrpcLogAppender.java:timeoutAppendRequest(200)) - b72696e0-9c4e-4740-8bcd-ca4650f90538@group-23E12DAC9301->a2905edf-b9c1-421a-8807-b5d3e2a2f0d1-GrpcLogAppender: appendEntries Timeout, request=b72696e0-9c4e-4740-8bcd-ca4650f90538->a2905edf-b9c1-421a-8807-b5d3e2a2f0d1#34-t1, previous=(t:1, i:12), leaderCommit=6, initializing? false, entries: <empty>
2019-09-10 18:42:13,261 [grpc-default-executor-2] INFO  impl.RaftServerProxy (RaftServerProxy.java:remove(95)) - 4d5e76d1-94b4-4344-b272-620ca499a368: remove group-5CC95CFBF3DB:null
2019-09-10 18:42:13,265 [RatisPipelineUtilsThread] WARN  pipeline.RatisPipelineUtils (RatisPipelineUtils.java:destroyPipeline(66)) - Pipeline destroy failed for pipeline=PipelineID=7bf794f4-70ce-4b1b-9a52-5cc95cfbf3db dn=4d5e76d1-94b4-4344-b272-620ca499a368{ip: 192.168.5.139, host: pr-hdds-1786-trunk-k6rzm-1803654198, networkLocation: /default-rack, certSerialId: null}
2019-09-10 18:42:13,269 [grpc-default-executor-2] INFO  impl.RaftServerProxy (RaftServerProxy.java:remove(95)) - b72696e0-9c4e-4740-8bcd-ca4650f90538: remove group-5CC95CFBF3DB:null
2019-09-10 18:42:13,271 [RatisPipelineUtilsThread] WARN  pipeline.RatisPipelineUtils (RatisPipelineUtils.java:destroyPipeline(66)) - Pipeline destroy failed for pipeline=PipelineID=7bf794f4-70ce-4b1b-9a52-5cc95cfbf3db dn=b72696e0-9c4e-4740-8bcd-ca4650f90538{ip: 192.168.5.139, host: pr-hdds-1786-trunk-k6rzm-1803654198, networkLocation: /default-rack, certSerialId: null}
2019-09-10 18:42:13,274 [grpc-default-executor-2] INFO  impl.RaftServerProxy (RaftServerProxy.java:remove(95)) - a2905edf-b9c1-421a-8807-b5d3e2a2f0d1: remove group-5CC95CFBF3DB:null
2019-09-10 18:42:13,277 [RatisPipelineUtilsThread] WARN  pipeline.RatisPipelineUtils (RatisPipelineUtils.java:destroyPipeline(66)) - Pipeline destroy failed for pipeline=PipelineID=7bf794f4-70ce-4b1b-9a52-5cc95cfbf3db dn=a2905edf-b9c1-421a-8807-b5d3e2a2f0d1{ip: 192.168.5.139, host: pr-hdds-1786-trunk-k6rzm-1803654198, networkLocation: /default-rack, certSerialId: null}
2019-09-10 18:42:13,277 [RatisPipelineUtilsThread] ERROR pipeline.SCMPipelineManager (Scheduler.java:lambda$schedule$1(70)) - Destroy pipeline failed for pipeline:Pipeline[ Id: 7bf794f4-70ce-4b1b-9a52-5cc95cfbf3db, Nodes: 4d5e76d1-94b4-4344-b272-620ca499a368{ip: 192.168.5.139, host: pr-hdds-1786-trunk-k6rzm-1803654198, networkLocation: /default-rack, certSerialId: null}b72696e0-9c4e-4740-8bcd-ca4650f90538{ip: 192.168.5.139, host: pr-hdds-1786-trunk-k6rzm-1803654198, networkLocation: /default-rack, certSerialId: null}a2905edf-b9c1-421a-8807-b5d3e2a2f0d1{ip: 192.168.5.139, host: pr-hdds-1786-trunk-k6rzm-1803654198, networkLocation: /default-rack, certSerialId: null}, Type:RATIS, Factor:THREE, State:CLOSED]
org.apache.hadoop.hdds.scm.pipeline.PipelineNotFoundException: PipelineID=7bf794f4-70ce-4b1b-9a52-5cc95cfbf3db not found
	at org.apache.hadoop.hdds.scm.pipeline.PipelineStateMap.getPipeline(PipelineStateMap.java:132)
	at org.apache.hadoop.hdds.scm.pipeline.PipelineStateMap.removePipeline(PipelineStateMap.java:322)
	at org.apache.hadoop.hdds.scm.pipeline.PipelineStateManager.removePipeline(PipelineStateManager.java:107)
	at org.apache.hadoop.hdds.scm.pipeline.SCMPipelineManager.removePipeline(SCMPipelineManager.java:423)
	at org.apache.hadoop.hdds.scm.pipeline.SCMPipelineManager.destroyPipeline(SCMPipelineManager.java:409)
	at org.apache.hadoop.hdds.scm.pipeline.SCMPipelineManager.lambda$finalizeAndDestroyPipeline$0(SCMPipelineManager.java:318)
	at org.apache.hadoop.utils.Scheduler.lambda$schedule$1(Scheduler.java:68)
	at java.util.concurrent.Executors$RunnableAdapter.call(Executors.java:511)
	at java.util.concurrent.FutureTask.run(FutureTask.java:266)
	at java.util.concurrent.ScheduledThreadPoolExecutor$ScheduledFutureTask.access$201(ScheduledThreadPoolExecutor.java:180)
	at java.util.concurrent.ScheduledThreadPoolExecutor$ScheduledFutureTask.run(ScheduledThreadPoolExecutor.java:293)
	at java.util.concurrent.ThreadPoolExecutor.runWorker(ThreadPoolExecutor.java:1149)
	at java.util.concurrent.ThreadPoolExecutor$Worker.run(ThreadPoolExecutor.java:624)
	at java.lang.Thread.run(Thread.java:748)
2019-09-10 18:42:14,871 [java.util.concurrent.ThreadPoolExecutor$Worker@5a51959c[State = -1, empty queue]] WARN  server.GrpcLogAppender (GrpcLogAppender.java:timeoutAppendRequest(200)) - b72696e0-9c4e-4740-8bcd-ca4650f90538@group-23E12DAC9301->4d5e76d1-94b4-4344-b272-620ca499a368-GrpcLogAppender: appendEntries Timeout, request=b72696e0-9c4e-4740-8bcd-ca4650f90538->4d5e76d1-94b4-4344-b272-620ca499a368#35-t1, previous=(t:1, i:12), leaderCommit=6, initializing? false, entries: <empty>
2019-09-10 18:42:14,871 [java.util.concurrent.ThreadPoolExecutor$Worker@2c162ad4[State = -1, empty queue]] WARN  server.GrpcLogAppender (GrpcLogAppender.java:timeoutAppendRequest(200)) - b72696e0-9c4e-4740-8bcd-ca4650f90538@group-23E12DAC9301->a2905edf-b9c1-421a-8807-b5d3e2a2f0d1-GrpcLogAppender: appendEntries Timeout, request=b72696e0-9c4e-4740-8bcd-ca4650f90538->a2905edf-b9c1-421a-8807-b5d3e2a2f0d1#35-t1, previous=(t:1, i:12), leaderCommit=6, initializing? false, entries: <empty>
2019-09-10 18:42:15,263 [grpc-default-executor-0] INFO  impl.RaftServerProxy (RaftServerProxy.java:remove(95)) - 4d5e76d1-94b4-4344-b272-620ca499a368: remove group-5CC95CFBF3DB:null
2019-09-10 18:42:15,267 [RatisPipelineUtilsThread] WARN  pipeline.RatisPipelineUtils (RatisPipelineUtils.java:destroyPipeline(66)) - Pipeline destroy failed for pipeline=PipelineID=7bf794f4-70ce-4b1b-9a52-5cc95cfbf3db dn=4d5e76d1-94b4-4344-b272-620ca499a368{ip: 192.168.5.139, host: pr-hdds-1786-trunk-k6rzm-1803654198, networkLocation: /default-rack, certSerialId: null}
2019-09-10 18:42:15,270 [grpc-default-executor-0] INFO  impl.RaftServerProxy (RaftServerProxy.java:remove(95)) - b72696e0-9c4e-4740-8bcd-ca4650f90538: remove group-5CC95CFBF3DB:null
2019-09-10 18:42:15,273 [RatisPipelineUtilsThread] WARN  pipeline.RatisPipelineUtils (RatisPipelineUtils.java:destroyPipeline(66)) - Pipeline destroy failed for pipeline=PipelineID=7bf794f4-70ce-4b1b-9a52-5cc95cfbf3db dn=b72696e0-9c4e-4740-8bcd-ca4650f90538{ip: 192.168.5.139, host: pr-hdds-1786-trunk-k6rzm-1803654198, networkLocation: /default-rack, certSerialId: null}
2019-09-10 18:42:15,276 [grpc-default-executor-0] INFO  impl.RaftServerProxy (RaftServerProxy.java:remove(95)) - a2905edf-b9c1-421a-8807-b5d3e2a2f0d1: remove group-5CC95CFBF3DB:null
2019-09-10 18:42:15,278 [RatisPipelineUtilsThread] WARN  pipeline.RatisPipelineUtils (RatisPipelineUtils.java:destroyPipeline(66)) - Pipeline destroy failed for pipeline=PipelineID=7bf794f4-70ce-4b1b-9a52-5cc95cfbf3db dn=a2905edf-b9c1-421a-8807-b5d3e2a2f0d1{ip: 192.168.5.139, host: pr-hdds-1786-trunk-k6rzm-1803654198, networkLocation: /default-rack, certSerialId: null}
2019-09-10 18:42:15,279 [RatisPipelineUtilsThread] ERROR pipeline.SCMPipelineManager (Scheduler.java:lambda$schedule$1(70)) - Destroy pipeline failed for pipeline:Pipeline[ Id: 7bf794f4-70ce-4b1b-9a52-5cc95cfbf3db, Nodes: 4d5e76d1-94b4-4344-b272-620ca499a368{ip: 192.168.5.139, host: pr-hdds-1786-trunk-k6rzm-1803654198, networkLocation: /default-rack, certSerialId: null}b72696e0-9c4e-4740-8bcd-ca4650f90538{ip: 192.168.5.139, host: pr-hdds-1786-trunk-k6rzm-1803654198, networkLocation: /default-rack, certSerialId: null}a2905edf-b9c1-421a-8807-b5d3e2a2f0d1{ip: 192.168.5.139, host: pr-hdds-1786-trunk-k6rzm-1803654198, networkLocation: /default-rack, certSerialId: null}, Type:RATIS, Factor:THREE, State:CLOSED]
org.apache.hadoop.hdds.scm.pipeline.PipelineNotFoundException: PipelineID=7bf794f4-70ce-4b1b-9a52-5cc95cfbf3db not found
	at org.apache.hadoop.hdds.scm.pipeline.PipelineStateMap.getPipeline(PipelineStateMap.java:132)
	at org.apache.hadoop.hdds.scm.pipeline.PipelineStateMap.removePipeline(PipelineStateMap.java:322)
	at org.apache.hadoop.hdds.scm.pipeline.PipelineStateManager.removePipeline(PipelineStateManager.java:107)
	at org.apache.hadoop.hdds.scm.pipeline.SCMPipelineManager.removePipeline(SCMPipelineManager.java:423)
	at org.apache.hadoop.hdds.scm.pipeline.SCMPipelineManager.destroyPipeline(SCMPipelineManager.java:409)
	at org.apache.hadoop.hdds.scm.pipeline.SCMPipelineManager.lambda$finalizeAndDestroyPipeline$0(SCMPipelineManager.java:318)
	at org.apache.hadoop.utils.Scheduler.lambda$schedule$1(Scheduler.java:68)
	at java.util.concurrent.Executors$RunnableAdapter.call(Executors.java:511)
	at java.util.concurrent.FutureTask.run(FutureTask.java:266)
	at java.util.concurrent.ScheduledThreadPoolExecutor$ScheduledFutureTask.access$201(ScheduledThreadPoolExecutor.java:180)
	at java.util.concurrent.ScheduledThreadPoolExecutor$ScheduledFutureTask.run(ScheduledThreadPoolExecutor.java:293)
	at java.util.concurrent.ThreadPoolExecutor.runWorker(ThreadPoolExecutor.java:1149)
	at java.util.concurrent.ThreadPoolExecutor$Worker.run(ThreadPoolExecutor.java:624)
	at java.lang.Thread.run(Thread.java:748)
2019-09-10 18:42:16,389 [grpc-default-executor-2] INFO  impl.RaftServerProxy (RaftServerProxy.java:remove(95)) - 4d5e76d1-94b4-4344-b272-620ca499a368: remove group-5CC95CFBF3DB:null
2019-09-10 18:42:16,391 [RatisPipelineUtilsThread] WARN  pipeline.RatisPipelineUtils (RatisPipelineUtils.java:destroyPipeline(66)) - Pipeline destroy failed for pipeline=PipelineID=7bf794f4-70ce-4b1b-9a52-5cc95cfbf3db dn=4d5e76d1-94b4-4344-b272-620ca499a368{ip: 192.168.5.139, host: pr-hdds-1786-trunk-k6rzm-1803654198, networkLocation: /default-rack, certSerialId: null}
2019-09-10 18:42:16,395 [grpc-default-executor-2] INFO  impl.RaftServerProxy (RaftServerProxy.java:remove(95)) - b72696e0-9c4e-4740-8bcd-ca4650f90538: remove group-5CC95CFBF3DB:null
2019-09-10 18:42:16,396 [RatisPipelineUtilsThread] WARN  pipeline.RatisPipelineUtils (RatisPipelineUtils.java:destroyPipeline(66)) - Pipeline destroy failed for pipeline=PipelineID=7bf794f4-70ce-4b1b-9a52-5cc95cfbf3db dn=b72696e0-9c4e-4740-8bcd-ca4650f90538{ip: 192.168.5.139, host: pr-hdds-1786-trunk-k6rzm-1803654198, networkLocation: /default-rack, certSerialId: null}
2019-09-10 18:42:16,398 [grpc-default-executor-2] INFO  impl.RaftServerProxy (RaftServerProxy.java:remove(95)) - a2905edf-b9c1-421a-8807-b5d3e2a2f0d1: remove group-5CC95CFBF3DB:null
2019-09-10 18:42:16,400 [RatisPipelineUtilsThread] WARN  pipeline.RatisPipelineUtils (RatisPipelineUtils.java:destroyPipeline(66)) - Pipeline destroy failed for pipeline=PipelineID=7bf794f4-70ce-4b1b-9a52-5cc95cfbf3db dn=a2905edf-b9c1-421a-8807-b5d3e2a2f0d1{ip: 192.168.5.139, host: pr-hdds-1786-trunk-k6rzm-1803654198, networkLocation: /default-rack, certSerialId: null}
2019-09-10 18:42:16,400 [RatisPipelineUtilsThread] ERROR pipeline.SCMPipelineManager (Scheduler.java:lambda$schedule$1(70)) - Destroy pipeline failed for pipeline:Pipeline[ Id: 7bf794f4-70ce-4b1b-9a52-5cc95cfbf3db, Nodes: 4d5e76d1-94b4-4344-b272-620ca499a368{ip: 192.168.5.139, host: pr-hdds-1786-trunk-k6rzm-1803654198, networkLocation: /default-rack, certSerialId: null}b72696e0-9c4e-4740-8bcd-ca4650f90538{ip: 192.168.5.139, host: pr-hdds-1786-trunk-k6rzm-1803654198, networkLocation: /default-rack, certSerialId: null}a2905edf-b9c1-421a-8807-b5d3e2a2f0d1{ip: 192.168.5.139, host: pr-hdds-1786-trunk-k6rzm-1803654198, networkLocation: /default-rack, certSerialId: null}, Type:RATIS, Factor:THREE, State:CLOSED]
org.apache.hadoop.hdds.scm.pipeline.PipelineNotFoundException: PipelineID=7bf794f4-70ce-4b1b-9a52-5cc95cfbf3db not found
	at org.apache.hadoop.hdds.scm.pipeline.PipelineStateMap.getPipeline(PipelineStateMap.java:132)
	at org.apache.hadoop.hdds.scm.pipeline.PipelineStateMap.removePipeline(PipelineStateMap.java:322)
	at org.apache.hadoop.hdds.scm.pipeline.PipelineStateManager.removePipeline(PipelineStateManager.java:107)
	at org.apache.hadoop.hdds.scm.pipeline.SCMPipelineManager.removePipeline(SCMPipelineManager.java:423)
	at org.apache.hadoop.hdds.scm.pipeline.SCMPipelineManager.destroyPipeline(SCMPipelineManager.java:409)
	at org.apache.hadoop.hdds.scm.pipeline.SCMPipelineManager.lambda$finalizeAndDestroyPipeline$0(SCMPipelineManager.java:318)
	at org.apache.hadoop.utils.Scheduler.lambda$schedule$1(Scheduler.java:68)
	at java.util.concurrent.Executors$RunnableAdapter.call(Executors.java:511)
	at java.util.concurrent.FutureTask.run(FutureTask.java:266)
	at java.util.concurrent.ScheduledThreadPoolExecutor$ScheduledFutureTask.access$201(ScheduledThreadPoolExecutor.java:180)
	at java.util.concurrent.ScheduledThreadPoolExecutor$ScheduledFutureTask.run(ScheduledThreadPoolExecutor.java:293)
	at java.util.concurrent.ThreadPoolExecutor.runWorker(ThreadPoolExecutor.java:1149)
	at java.util.concurrent.ThreadPoolExecutor$Worker.run(ThreadPoolExecutor.java:624)
	at java.lang.Thread.run(Thread.java:748)
2019-09-10 18:42:16,660 [grpc-default-executor-2] INFO  impl.RaftServerProxy (RaftServerProxy.java:remove(95)) - 4d5e76d1-94b4-4344-b272-620ca499a368: remove group-5CC95CFBF3DB:null
2019-09-10 18:42:16,663 [RatisPipelineUtilsThread] WARN  pipeline.RatisPipelineUtils (RatisPipelineUtils.java:destroyPipeline(66)) - Pipeline destroy failed for pipeline=PipelineID=7bf794f4-70ce-4b1b-9a52-5cc95cfbf3db dn=4d5e76d1-94b4-4344-b272-620ca499a368{ip: 192.168.5.139, host: pr-hdds-1786-trunk-k6rzm-1803654198, networkLocation: /default-rack, certSerialId: null}
2019-09-10 18:42:16,667 [grpc-default-executor-2] INFO  impl.RaftServerProxy (RaftServerProxy.java:remove(95)) - b72696e0-9c4e-4740-8bcd-ca4650f90538: remove group-5CC95CFBF3DB:null
2019-09-10 18:42:16,670 [RatisPipelineUtilsThread] WARN  pipeline.RatisPipelineUtils (RatisPipelineUtils.java:destroyPipeline(66)) - Pipeline destroy failed for pipeline=PipelineID=7bf794f4-70ce-4b1b-9a52-5cc95cfbf3db dn=b72696e0-9c4e-4740-8bcd-ca4650f90538{ip: 192.168.5.139, host: pr-hdds-1786-trunk-k6rzm-1803654198, networkLocation: /default-rack, certSerialId: null}
2019-09-10 18:42:16,673 [grpc-default-executor-2] INFO  impl.RaftServerProxy (RaftServerProxy.java:remove(95)) - a2905edf-b9c1-421a-8807-b5d3e2a2f0d1: remove group-5CC95CFBF3DB:null
2019-09-10 18:42:16,676 [RatisPipelineUtilsThread] WARN  pipeline.RatisPipelineUtils (RatisPipelineUtils.java:destroyPipeline(66)) - Pipeline destroy failed for pipeline=PipelineID=7bf794f4-70ce-4b1b-9a52-5cc95cfbf3db dn=a2905edf-b9c1-421a-8807-b5d3e2a2f0d1{ip: 192.168.5.139, host: pr-hdds-1786-trunk-k6rzm-1803654198, networkLocation: /default-rack, certSerialId: null}
2019-09-10 18:42:16,677 [RatisPipelineUtilsThread] ERROR pipeline.SCMPipelineManager (Scheduler.java:lambda$schedule$1(70)) - Destroy pipeline failed for pipeline:Pipeline[ Id: 7bf794f4-70ce-4b1b-9a52-5cc95cfbf3db, Nodes: 4d5e76d1-94b4-4344-b272-620ca499a368{ip: 192.168.5.139, host: pr-hdds-1786-trunk-k6rzm-1803654198, networkLocation: /default-rack, certSerialId: null}b72696e0-9c4e-4740-8bcd-ca4650f90538{ip: 192.168.5.139, host: pr-hdds-1786-trunk-k6rzm-1803654198, networkLocation: /default-rack, certSerialId: null}a2905edf-b9c1-421a-8807-b5d3e2a2f0d1{ip: 192.168.5.139, host: pr-hdds-1786-trunk-k6rzm-1803654198, networkLocation: /default-rack, certSerialId: null}, Type:RATIS, Factor:THREE, State:CLOSED]
org.apache.hadoop.hdds.scm.pipeline.PipelineNotFoundException: PipelineID=7bf794f4-70ce-4b1b-9a52-5cc95cfbf3db not found
	at org.apache.hadoop.hdds.scm.pipeline.PipelineStateMap.getPipeline(PipelineStateMap.java:132)
	at org.apache.hadoop.hdds.scm.pipeline.PipelineStateMap.removePipeline(PipelineStateMap.java:322)
	at org.apache.hadoop.hdds.scm.pipeline.PipelineStateManager.removePipeline(PipelineStateManager.java:107)
	at org.apache.hadoop.hdds.scm.pipeline.SCMPipelineManager.removePipeline(SCMPipelineManager.java:423)
	at org.apache.hadoop.hdds.scm.pipeline.SCMPipelineManager.destroyPipeline(SCMPipelineManager.java:409)
	at org.apache.hadoop.hdds.scm.pipeline.SCMPipelineManager.lambda$finalizeAndDestroyPipeline$0(SCMPipelineManager.java:318)
	at org.apache.hadoop.utils.Scheduler.lambda$schedule$1(Scheduler.java:68)
	at java.util.concurrent.Executors$RunnableAdapter.call(Executors.java:511)
	at java.util.concurrent.FutureTask.run(FutureTask.java:266)
	at java.util.concurrent.ScheduledThreadPoolExecutor$ScheduledFutureTask.access$201(ScheduledThreadPoolExecutor.java:180)
	at java.util.concurrent.ScheduledThreadPoolExecutor$ScheduledFutureTask.run(ScheduledThreadPoolExecutor.java:293)
	at java.util.concurrent.ThreadPoolExecutor.runWorker(ThreadPoolExecutor.java:1149)
	at java.util.concurrent.ThreadPoolExecutor$Worker.run(ThreadPoolExecutor.java:624)
	at java.lang.Thread.run(Thread.java:748)
2019-09-10 18:42:16,898 [grpc-default-executor-2] INFO  impl.RaftServerProxy (RaftServerProxy.java:remove(95)) - 4d5e76d1-94b4-4344-b272-620ca499a368: remove group-5CC95CFBF3DB:null
2019-09-10 18:42:16,901 [RatisPipelineUtilsThread] WARN  pipeline.RatisPipelineUtils (RatisPipelineUtils.java:destroyPipeline(66)) - Pipeline destroy failed for pipeline=PipelineID=7bf794f4-70ce-4b1b-9a52-5cc95cfbf3db dn=4d5e76d1-94b4-4344-b272-620ca499a368{ip: 192.168.5.139, host: pr-hdds-1786-trunk-k6rzm-1803654198, networkLocation: /default-rack, certSerialId: null}
2019-09-10 18:42:16,905 [grpc-default-executor-2] INFO  impl.RaftServerProxy (RaftServerProxy.java:remove(95)) - b72696e0-9c4e-4740-8bcd-ca4650f90538: remove group-5CC95CFBF3DB:null
2019-09-10 18:42:16,907 [RatisPipelineUtilsThread] WARN  pipeline.RatisPipelineUtils (RatisPipelineUtils.java:destroyPipeline(66)) - Pipeline destroy failed for pipeline=PipelineID=7bf794f4-70ce-4b1b-9a52-5cc95cfbf3db dn=b72696e0-9c4e-4740-8bcd-ca4650f90538{ip: 192.168.5.139, host: pr-hdds-1786-trunk-k6rzm-1803654198, networkLocation: /default-rack, certSerialId: null}
2019-09-10 18:42:16,910 [grpc-default-executor-2] INFO  impl.RaftServerProxy (RaftServerProxy.java:remove(95)) - a2905edf-b9c1-421a-8807-b5d3e2a2f0d1: remove group-5CC95CFBF3DB:null
2019-09-10 18:42:16,912 [RatisPipelineUtilsThread] WARN  pipeline.RatisPipelineUtils (RatisPipelineUtils.java:destroyPipeline(66)) - Pipeline destroy failed for pipeline=PipelineID=7bf794f4-70ce-4b1b-9a52-5cc95cfbf3db dn=a2905edf-b9c1-421a-8807-b5d3e2a2f0d1{ip: 192.168.5.139, host: pr-hdds-1786-trunk-k6rzm-1803654198, networkLocation: /default-rack, certSerialId: null}
2019-09-10 18:42:16,913 [RatisPipelineUtilsThread] ERROR pipeline.SCMPipelineManager (Scheduler.java:lambda$schedule$1(70)) - Destroy pipeline failed for pipeline:Pipeline[ Id: 7bf794f4-70ce-4b1b-9a52-5cc95cfbf3db, Nodes: 4d5e76d1-94b4-4344-b272-620ca499a368{ip: 192.168.5.139, host: pr-hdds-1786-trunk-k6rzm-1803654198, networkLocation: /default-rack, certSerialId: null}b72696e0-9c4e-4740-8bcd-ca4650f90538{ip: 192.168.5.139, host: pr-hdds-1786-trunk-k6rzm-1803654198, networkLocation: /default-rack, certSerialId: null}a2905edf-b9c1-421a-8807-b5d3e2a2f0d1{ip: 192.168.5.139, host: pr-hdds-1786-trunk-k6rzm-1803654198, networkLocation: /default-rack, certSerialId: null}, Type:RATIS, Factor:THREE, State:CLOSED]
org.apache.hadoop.hdds.scm.pipeline.PipelineNotFoundException: PipelineID=7bf794f4-70ce-4b1b-9a52-5cc95cfbf3db not found
	at org.apache.hadoop.hdds.scm.pipeline.PipelineStateMap.getPipeline(PipelineStateMap.java:132)
	at org.apache.hadoop.hdds.scm.pipeline.PipelineStateMap.removePipeline(PipelineStateMap.java:322)
	at org.apache.hadoop.hdds.scm.pipeline.PipelineStateManager.removePipeline(PipelineStateManager.java:107)
	at org.apache.hadoop.hdds.scm.pipeline.SCMPipelineManager.removePipeline(SCMPipelineManager.java:423)
	at org.apache.hadoop.hdds.scm.pipeline.SCMPipelineManager.destroyPipeline(SCMPipelineManager.java:409)
	at org.apache.hadoop.hdds.scm.pipeline.SCMPipelineManager.lambda$finalizeAndDestroyPipeline$0(SCMPipelineManager.java:318)
	at org.apache.hadoop.utils.Scheduler.lambda$schedule$1(Scheduler.java:68)
	at java.util.concurrent.Executors$RunnableAdapter.call(Executors.java:511)
	at java.util.concurrent.FutureTask.run(FutureTask.java:266)
	at java.util.concurrent.ScheduledThreadPoolExecutor$ScheduledFutureTask.access$201(ScheduledThreadPoolExecutor.java:180)
	at java.util.concurrent.ScheduledThreadPoolExecutor$ScheduledFutureTask.run(ScheduledThreadPoolExecutor.java:293)
	at java.util.concurrent.ThreadPoolExecutor.runWorker(ThreadPoolExecutor.java:1149)
	at java.util.concurrent.ThreadPoolExecutor$Worker.run(ThreadPoolExecutor.java:624)
	at java.lang.Thread.run(Thread.java:748)
2019-09-10 18:42:17,025 [4d5e76d1-94b4-4344-b272-620ca499a368@group-23E12DAC9301-SegmentedRaftLogWorker] WARN  segmented.SegmentedRaftLogWorker (SegmentedRaftLogWorker.java:getFromFuture(90)) - Timeout 5/~
org.apache.ratis.protocol.TimeoutIOException: Timeout 10s: WriteLog:8: (t:1, i:8), STATEMACHINELOGENTRY, client-D387AA9945EB, cid=40-writeStateMachineData
	at org.apache.ratis.util.IOUtils.getFromFuture(IOUtils.java:87)
	at org.apache.ratis.server.raftlog.segmented.SegmentedRaftLogWorker$StateMachineDataPolicy.getFromFuture(SegmentedRaftLogWorker.java:87)
	at org.apache.ratis.server.raftlog.segmented.SegmentedRaftLogWorker$WriteLog.execute(SegmentedRaftLogWorker.java:477)
	at org.apache.ratis.server.raftlog.segmented.SegmentedRaftLogWorker.run(SegmentedRaftLogWorker.java:289)
	at java.lang.Thread.run(Thread.java:748)
Caused by: java.util.concurrent.TimeoutException
	at java.util.concurrent.CompletableFuture.timedGet(CompletableFuture.java:1771)
	at java.util.concurrent.CompletableFuture.get(CompletableFuture.java:1915)
	at org.apache.ratis.util.IOUtils.getFromFuture(IOUtils.java:79)
	... 4 more
2019-09-10 18:42:17,070 [b72696e0-9c4e-4740-8bcd-ca4650f90538@group-23E12DAC9301-SegmentedRaftLogWorker] WARN  segmented.SegmentedRaftLogWorker (SegmentedRaftLogWorker.java:getFromFuture(90)) - Timeout 5/~
org.apache.ratis.protocol.TimeoutIOException: Timeout 10s: WriteLog:8: (t:1, i:8), STATEMACHINELOGENTRY, client-D387AA9945EB, cid=40-writeStateMachineData
	at org.apache.ratis.util.IOUtils.getFromFuture(IOUtils.java:87)
	at org.apache.ratis.server.raftlog.segmented.SegmentedRaftLogWorker$StateMachineDataPolicy.getFromFuture(SegmentedRaftLogWorker.java:87)
	at org.apache.ratis.server.raftlog.segmented.SegmentedRaftLogWorker$WriteLog.execute(SegmentedRaftLogWorker.java:477)
	at org.apache.ratis.server.raftlog.segmented.SegmentedRaftLogWorker.run(SegmentedRaftLogWorker.java:289)
	at java.lang.Thread.run(Thread.java:748)
Caused by: java.util.concurrent.TimeoutException
	at java.util.concurrent.CompletableFuture.timedGet(CompletableFuture.java:1771)
	at java.util.concurrent.CompletableFuture.get(CompletableFuture.java:1915)
	at org.apache.ratis.util.IOUtils.getFromFuture(IOUtils.java:79)
	... 4 more
2019-09-10 18:42:17,070 [a2905edf-b9c1-421a-8807-b5d3e2a2f0d1@group-23E12DAC9301-SegmentedRaftLogWorker] WARN  segmented.SegmentedRaftLogWorker (SegmentedRaftLogWorker.java:getFromFuture(90)) - Timeout 5/~
org.apache.ratis.protocol.TimeoutIOException: Timeout 10s: WriteLog:8: (t:1, i:8), STATEMACHINELOGENTRY, client-D387AA9945EB, cid=40-writeStateMachineData
	at org.apache.ratis.util.IOUtils.getFromFuture(IOUtils.java:87)
	at org.apache.ratis.server.raftlog.segmented.SegmentedRaftLogWorker$StateMachineDataPolicy.getFromFuture(SegmentedRaftLogWorker.java:87)
	at org.apache.ratis.server.raftlog.segmented.SegmentedRaftLogWorker$WriteLog.execute(SegmentedRaftLogWorker.java:477)
	at org.apache.ratis.server.raftlog.segmented.SegmentedRaftLogWorker.run(SegmentedRaftLogWorker.java:289)
	at java.lang.Thread.run(Thread.java:748)
Caused by: java.util.concurrent.TimeoutException
	at java.util.concurrent.CompletableFuture.timedGet(CompletableFuture.java:1771)
	at java.util.concurrent.CompletableFuture.get(CompletableFuture.java:1915)
	at org.apache.ratis.util.IOUtils.getFromFuture(IOUtils.java:79)
	... 4 more
2019-09-10 18:42:17,369 [grpc-default-executor-2] INFO  client.GrpcClientProtocolClient (GrpcClientProtocolClient.java:onNext(264)) - client-D387AA9945EB->a2905edf-b9c1-421a-8807-b5d3e2a2f0d1: receive RaftClientReply:client-D387AA9945EB->a2905edf-b9c1-421a-8807-b5d3e2a2f0d1@group-23E12DAC9301, cid=39, FAILED org.apache.ratis.protocol.NotLeaderException: Server a2905edf-b9c1-421a-8807-b5d3e2a2f0d1@group-23E12DAC9301 is not the leader b72696e0-9c4e-4740-8bcd-ca4650f90538:192.168.5.139:36803, logIndex=0, commits[a2905edf-b9c1-421a-8807-b5d3e2a2f0d1:c6, b72696e0-9c4e-4740-8bcd-ca4650f90538:c6, 4d5e76d1-94b4-4344-b272-620ca499a368:c4]
2019-09-10 18:42:17,384 [java.util.concurrent.ThreadPoolExecutor$Worker@5a51959c[State = -1, empty queue]] WARN  server.GrpcLogAppender (GrpcLogAppender.java:timeoutAppendRequest(200)) - b72696e0-9c4e-4740-8bcd-ca4650f90538@group-23E12DAC9301->4d5e76d1-94b4-4344-b272-620ca499a368-GrpcLogAppender: appendEntries Timeout, request=b72696e0-9c4e-4740-8bcd-ca4650f90538->4d5e76d1-94b4-4344-b272-620ca499a368#36-t1, previous=(t:1, i:12), leaderCommit=6, initializing? false, entries: <empty>
2019-09-10 18:42:17,384 [java.util.concurrent.ThreadPoolExecutor$Worker@2c162ad4[State = -1, empty queue]] WARN  server.GrpcLogAppender (GrpcLogAppender.java:timeoutAppendRequest(200)) - b72696e0-9c4e-4740-8bcd-ca4650f90538@group-23E12DAC9301->a2905edf-b9c1-421a-8807-b5d3e2a2f0d1-GrpcLogAppender: appendEntries Timeout, request=b72696e0-9c4e-4740-8bcd-ca4650f90538->a2905edf-b9c1-421a-8807-b5d3e2a2f0d1#36-t1, previous=(t:1, i:12), leaderCommit=6, initializing? false, entries: <empty>
2019-09-10 18:42:19,872 [java.util.concurrent.ThreadPoolExecutor$Worker@2c162ad4[State = -1, empty queue]] WARN  server.GrpcLogAppender (GrpcLogAppender.java:timeoutAppendRequest(200)) - b72696e0-9c4e-4740-8bcd-ca4650f90538@group-23E12DAC9301->a2905edf-b9c1-421a-8807-b5d3e2a2f0d1-GrpcLogAppender: appendEntries Timeout, request=b72696e0-9c4e-4740-8bcd-ca4650f90538->a2905edf-b9c1-421a-8807-b5d3e2a2f0d1#37-t1, previous=(t:1, i:12), leaderCommit=6, initializing? false, entries: <empty>
2019-09-10 18:42:19,872 [java.util.concurrent.ThreadPoolExecutor$Worker@5a51959c[State = -1, empty queue]] WARN  server.GrpcLogAppender (GrpcLogAppender.java:timeoutAppendRequest(200)) - b72696e0-9c4e-4740-8bcd-ca4650f90538@group-23E12DAC9301->4d5e76d1-94b4-4344-b272-620ca499a368-GrpcLogAppender: appendEntries Timeout, request=b72696e0-9c4e-4740-8bcd-ca4650f90538->4d5e76d1-94b4-4344-b272-620ca499a368#37-t1, previous=(t:1, i:12), leaderCommit=6, initializing? false, entries: <empty>
2019-09-10 18:42:22,372 [java.util.concurrent.ThreadPoolExecutor$Worker@2c162ad4[State = -1, empty queue]] WARN  server.GrpcLogAppender (GrpcLogAppender.java:timeoutAppendRequest(200)) - b72696e0-9c4e-4740-8bcd-ca4650f90538@group-23E12DAC9301->a2905edf-b9c1-421a-8807-b5d3e2a2f0d1-GrpcLogAppender: appendEntries Timeout, request=b72696e0-9c4e-4740-8bcd-ca4650f90538->a2905edf-b9c1-421a-8807-b5d3e2a2f0d1#38-t1, previous=(t:1, i:12), leaderCommit=6, initializing? false, entries: <empty>
2019-09-10 18:42:22,372 [java.util.concurrent.ThreadPoolExecutor$Worker@5a51959c[State = -1, empty queue]] WARN  server.GrpcLogAppender (GrpcLogAppender.java:timeoutAppendRequest(200)) - b72696e0-9c4e-4740-8bcd-ca4650f90538@group-23E12DAC9301->4d5e76d1-94b4-4344-b272-620ca499a368-GrpcLogAppender: appendEntries Timeout, request=b72696e0-9c4e-4740-8bcd-ca4650f90538->4d5e76d1-94b4-4344-b272-620ca499a368#38-t1, previous=(t:1, i:12), leaderCommit=6, initializing? false, entries: <empty>
2019-09-10 18:42:22,421 [grpc-default-executor-2] INFO  client.GrpcClientProtocolClient (GrpcClientProtocolClient.java:onNext(264)) - client-D387AA9945EB->4d5e76d1-94b4-4344-b272-620ca499a368: receive RaftClientReply:client-D387AA9945EB->4d5e76d1-94b4-4344-b272-620ca499a368@group-23E12DAC9301, cid=39, FAILED org.apache.ratis.protocol.NotLeaderException: Server 4d5e76d1-94b4-4344-b272-620ca499a368@group-23E12DAC9301 is not the leader b72696e0-9c4e-4740-8bcd-ca4650f90538:192.168.5.139:36803, logIndex=0, commits[4d5e76d1-94b4-4344-b272-620ca499a368:c6, b72696e0-9c4e-4740-8bcd-ca4650f90538:c6, a2905edf-b9c1-421a-8807-b5d3e2a2f0d1:c4]
2019-09-10 18:42:24,873 [java.util.concurrent.ThreadPoolExecutor$Worker@5a51959c[State = -1, empty queue]] WARN  server.GrpcLogAppender (GrpcLogAppender.java:timeoutAppendRequest(200)) - b72696e0-9c4e-4740-8bcd-ca4650f90538@group-23E12DAC9301->4d5e76d1-94b4-4344-b272-620ca499a368-GrpcLogAppender: appendEntries Timeout, request=b72696e0-9c4e-4740-8bcd-ca4650f90538->4d5e76d1-94b4-4344-b272-620ca499a368#39-t1, previous=(t:1, i:12), leaderCommit=6, initializing? false, entries: <empty>
2019-09-10 18:42:24,873 [java.util.concurrent.ThreadPoolExecutor$Worker@2c162ad4[State = -1, empty queue]] WARN  server.GrpcLogAppender (GrpcLogAppender.java:timeoutAppendRequest(200)) - b72696e0-9c4e-4740-8bcd-ca4650f90538@group-23E12DAC9301->a2905edf-b9c1-421a-8807-b5d3e2a2f0d1-GrpcLogAppender: appendEntries Timeout, request=b72696e0-9c4e-4740-8bcd-ca4650f90538->a2905edf-b9c1-421a-8807-b5d3e2a2f0d1#39-t1, previous=(t:1, i:12), leaderCommit=6, initializing? false, entries: <empty>
2019-09-10 18:42:27,027 [4d5e76d1-94b4-4344-b272-620ca499a368@group-23E12DAC9301-SegmentedRaftLogWorker] WARN  segmented.SegmentedRaftLogWorker (SegmentedRaftLogWorker.java:getFromFuture(90)) - Timeout 6/~
org.apache.ratis.protocol.TimeoutIOException: Timeout 10s: WriteLog:8: (t:1, i:8), STATEMACHINELOGENTRY, client-D387AA9945EB, cid=40-writeStateMachineData
	at org.apache.ratis.util.IOUtils.getFromFuture(IOUtils.java:87)
	at org.apache.ratis.server.raftlog.segmented.SegmentedRaftLogWorker$StateMachineDataPolicy.getFromFuture(SegmentedRaftLogWorker.java:87)
	at org.apache.ratis.server.raftlog.segmented.SegmentedRaftLogWorker$WriteLog.execute(SegmentedRaftLogWorker.java:477)
	at org.apache.ratis.server.raftlog.segmented.SegmentedRaftLogWorker.run(SegmentedRaftLogWorker.java:289)
	at java.lang.Thread.run(Thread.java:748)
Caused by: java.util.concurrent.TimeoutException
	at java.util.concurrent.CompletableFuture.timedGet(CompletableFuture.java:1771)
	at java.util.concurrent.CompletableFuture.get(CompletableFuture.java:1915)
	at org.apache.ratis.util.IOUtils.getFromFuture(IOUtils.java:79)
	... 4 more
2019-09-10 18:42:27,071 [b72696e0-9c4e-4740-8bcd-ca4650f90538@group-23E12DAC9301-SegmentedRaftLogWorker] WARN  segmented.SegmentedRaftLogWorker (SegmentedRaftLogWorker.java:getFromFuture(90)) - Timeout 6/~
org.apache.ratis.protocol.TimeoutIOException: Timeout 10s: WriteLog:8: (t:1, i:8), STATEMACHINELOGENTRY, client-D387AA9945EB, cid=40-writeStateMachineData
	at org.apache.ratis.util.IOUtils.getFromFuture(IOUtils.java:87)
	at org.apache.ratis.server.raftlog.segmented.SegmentedRaftLogWorker$StateMachineDataPolicy.getFromFuture(SegmentedRaftLogWorker.java:87)
	at org.apache.ratis.server.raftlog.segmented.SegmentedRaftLogWorker$WriteLog.execute(SegmentedRaftLogWorker.java:477)
	at org.apache.ratis.server.raftlog.segmented.SegmentedRaftLogWorker.run(SegmentedRaftLogWorker.java:289)
	at java.lang.Thread.run(Thread.java:748)
Caused by: java.util.concurrent.TimeoutException
	at java.util.concurrent.CompletableFuture.timedGet(CompletableFuture.java:1771)
	at java.util.concurrent.CompletableFuture.get(CompletableFuture.java:1915)
	at org.apache.ratis.util.IOUtils.getFromFuture(IOUtils.java:79)
	... 4 more
2019-09-10 18:42:27,099 [a2905edf-b9c1-421a-8807-b5d3e2a2f0d1@group-23E12DAC9301-SegmentedRaftLogWorker] WARN  segmented.SegmentedRaftLogWorker (SegmentedRaftLogWorker.java:getFromFuture(90)) - Timeout 6/~
org.apache.ratis.protocol.TimeoutIOException: Timeout 10s: WriteLog:8: (t:1, i:8), STATEMACHINELOGENTRY, client-D387AA9945EB, cid=40-writeStateMachineData
	at org.apache.ratis.util.IOUtils.getFromFuture(IOUtils.java:87)
	at org.apache.ratis.server.raftlog.segmented.SegmentedRaftLogWorker$StateMachineDataPolicy.getFromFuture(SegmentedRaftLogWorker.java:87)
	at org.apache.ratis.server.raftlog.segmented.SegmentedRaftLogWorker$WriteLog.execute(SegmentedRaftLogWorker.java:477)
	at org.apache.ratis.server.raftlog.segmented.SegmentedRaftLogWorker.run(SegmentedRaftLogWorker.java:289)
	at java.lang.Thread.run(Thread.java:748)
Caused by: java.util.concurrent.TimeoutException
	at java.util.concurrent.CompletableFuture.timedGet(CompletableFuture.java:1771)
	at java.util.concurrent.CompletableFuture.get(CompletableFuture.java:1915)
	at org.apache.ratis.util.IOUtils.getFromFuture(IOUtils.java:79)
	... 4 more
2019-09-10 18:42:27,374 [java.util.concurrent.ThreadPoolExecutor$Worker@2c162ad4[State = -1, empty queue]] WARN  server.GrpcLogAppender (GrpcLogAppender.java:timeoutAppendRequest(200)) - b72696e0-9c4e-4740-8bcd-ca4650f90538@group-23E12DAC9301->a2905edf-b9c1-421a-8807-b5d3e2a2f0d1-GrpcLogAppender: appendEntries Timeout, request=b72696e0-9c4e-4740-8bcd-ca4650f90538->a2905edf-b9c1-421a-8807-b5d3e2a2f0d1#40-t1, previous=(t:1, i:12), leaderCommit=6, initializing? false, entries: <empty>
2019-09-10 18:42:27,374 [java.util.concurrent.ThreadPoolExecutor$Worker@5a51959c[State = -1, empty queue]] WARN  server.GrpcLogAppender (GrpcLogAppender.java:timeoutAppendRequest(200)) - b72696e0-9c4e-4740-8bcd-ca4650f90538@group-23E12DAC9301->4d5e76d1-94b4-4344-b272-620ca499a368-GrpcLogAppender: appendEntries Timeout, request=b72696e0-9c4e-4740-8bcd-ca4650f90538->4d5e76d1-94b4-4344-b272-620ca499a368#40-t1, previous=(t:1, i:12), leaderCommit=6, initializing? false, entries: <empty>
2019-09-10 18:42:27,470 [grpc-default-executor-0] INFO  client.GrpcClientProtocolClient (GrpcClientProtocolClient.java:onNext(264)) - client-D387AA9945EB->a2905edf-b9c1-421a-8807-b5d3e2a2f0d1: receive RaftClientReply:client-D387AA9945EB->a2905edf-b9c1-421a-8807-b5d3e2a2f0d1@group-23E12DAC9301, cid=39, FAILED org.apache.ratis.protocol.NotLeaderException: Server a2905edf-b9c1-421a-8807-b5d3e2a2f0d1@group-23E12DAC9301 is not the leader b72696e0-9c4e-4740-8bcd-ca4650f90538:192.168.5.139:36803, logIndex=0, commits[a2905edf-b9c1-421a-8807-b5d3e2a2f0d1:c6, b72696e0-9c4e-4740-8bcd-ca4650f90538:c6, 4d5e76d1-94b4-4344-b272-620ca499a368:c4]
2019-09-10 18:42:29,874 [java.util.concurrent.ThreadPoolExecutor$Worker@2c162ad4[State = -1, empty queue]] WARN  server.GrpcLogAppender (GrpcLogAppender.java:timeoutAppendRequest(200)) - b72696e0-9c4e-4740-8bcd-ca4650f90538@group-23E12DAC9301->a2905edf-b9c1-421a-8807-b5d3e2a2f0d1-GrpcLogAppender: appendEntries Timeout, request=b72696e0-9c4e-4740-8bcd-ca4650f90538->a2905edf-b9c1-421a-8807-b5d3e2a2f0d1#41-t1, previous=(t:1, i:12), leaderCommit=6, initializing? false, entries: <empty>
2019-09-10 18:42:29,874 [java.util.concurrent.ThreadPoolExecutor$Worker@5a51959c[State = -1, empty queue]] WARN  server.GrpcLogAppender (GrpcLogAppender.java:timeoutAppendRequest(200)) - b72696e0-9c4e-4740-8bcd-ca4650f90538@group-23E12DAC9301->4d5e76d1-94b4-4344-b272-620ca499a368-GrpcLogAppender: appendEntries Timeout, request=b72696e0-9c4e-4740-8bcd-ca4650f90538->4d5e76d1-94b4-4344-b272-620ca499a368#41-t1, previous=(t:1, i:12), leaderCommit=6, initializing? false, entries: <empty>
2019-09-10 18:42:32,375 [java.util.concurrent.ThreadPoolExecutor$Worker@5a51959c[State = -1, empty queue]] WARN  server.GrpcLogAppender (GrpcLogAppender.java:timeoutAppendRequest(200)) - b72696e0-9c4e-4740-8bcd-ca4650f90538@group-23E12DAC9301->4d5e76d1-94b4-4344-b272-620ca499a368-GrpcLogAppender: appendEntries Timeout, request=b72696e0-9c4e-4740-8bcd-ca4650f90538->4d5e76d1-94b4-4344-b272-620ca499a368#42-t1, previous=(t:1, i:12), leaderCommit=6, initializing? false, entries: <empty>
2019-09-10 18:42:32,375 [java.util.concurrent.ThreadPoolExecutor$Worker@2c162ad4[State = -1, empty queue]] WARN  server.GrpcLogAppender (GrpcLogAppender.java:timeoutAppendRequest(200)) - b72696e0-9c4e-4740-8bcd-ca4650f90538@group-23E12DAC9301->a2905edf-b9c1-421a-8807-b5d3e2a2f0d1-GrpcLogAppender: appendEntries Timeout, request=b72696e0-9c4e-4740-8bcd-ca4650f90538->a2905edf-b9c1-421a-8807-b5d3e2a2f0d1#42-t1, previous=(t:1, i:12), leaderCommit=6, initializing? false, entries: <empty>
2019-09-10 18:42:32,511 [grpc-default-executor-0] INFO  client.GrpcClientProtocolClient (GrpcClientProtocolClient.java:onNext(264)) - client-D387AA9945EB->4d5e76d1-94b4-4344-b272-620ca499a368: receive RaftClientReply:client-D387AA9945EB->4d5e76d1-94b4-4344-b272-620ca499a368@group-23E12DAC9301, cid=39, FAILED org.apache.ratis.protocol.NotLeaderException: Server 4d5e76d1-94b4-4344-b272-620ca499a368@group-23E12DAC9301 is not the leader b72696e0-9c4e-4740-8bcd-ca4650f90538:192.168.5.139:36803, logIndex=0, commits[4d5e76d1-94b4-4344-b272-620ca499a368:c6, b72696e0-9c4e-4740-8bcd-ca4650f90538:c6, a2905edf-b9c1-421a-8807-b5d3e2a2f0d1:c4]
2019-09-10 18:42:34,875 [java.util.concurrent.ThreadPoolExecutor$Worker@2c162ad4[State = -1, empty queue]] WARN  server.GrpcLogAppender (GrpcLogAppender.java:timeoutAppendRequest(200)) - b72696e0-9c4e-4740-8bcd-ca4650f90538@group-23E12DAC9301->a2905edf-b9c1-421a-8807-b5d3e2a2f0d1-GrpcLogAppender: appendEntries Timeout, request=b72696e0-9c4e-4740-8bcd-ca4650f90538->a2905edf-b9c1-421a-8807-b5d3e2a2f0d1#43-t1, previous=(t:1, i:12), leaderCommit=6, initializing? false, entries: <empty>
2019-09-10 18:42:34,875 [java.util.concurrent.ThreadPoolExecutor$Worker@5a51959c[State = -1, empty queue]] WARN  server.GrpcLogAppender (GrpcLogAppender.java:timeoutAppendRequest(200)) - b72696e0-9c4e-4740-8bcd-ca4650f90538@group-23E12DAC9301->4d5e76d1-94b4-4344-b272-620ca499a368-GrpcLogAppender: appendEntries Timeout, request=b72696e0-9c4e-4740-8bcd-ca4650f90538->4d5e76d1-94b4-4344-b272-620ca499a368#43-t1, previous=(t:1, i:12), leaderCommit=6, initializing? false, entries: <empty>
2019-09-10 18:42:37,029 [4d5e76d1-94b4-4344-b272-620ca499a368@group-23E12DAC9301-SegmentedRaftLogWorker] WARN  segmented.SegmentedRaftLogWorker (SegmentedRaftLogWorker.java:getFromFuture(90)) - Timeout 7/~
org.apache.ratis.protocol.TimeoutIOException: Timeout 10s: WriteLog:8: (t:1, i:8), STATEMACHINELOGENTRY, client-D387AA9945EB, cid=40-writeStateMachineData
	at org.apache.ratis.util.IOUtils.getFromFuture(IOUtils.java:87)
	at org.apache.ratis.server.raftlog.segmented.SegmentedRaftLogWorker$StateMachineDataPolicy.getFromFuture(SegmentedRaftLogWorker.java:87)
	at org.apache.ratis.server.raftlog.segmented.SegmentedRaftLogWorker$WriteLog.execute(SegmentedRaftLogWorker.java:477)
	at org.apache.ratis.server.raftlog.segmented.SegmentedRaftLogWorker.run(SegmentedRaftLogWorker.java:289)
	at java.lang.Thread.run(Thread.java:748)
Caused by: java.util.concurrent.TimeoutException
	at java.util.concurrent.CompletableFuture.timedGet(CompletableFuture.java:1771)
	at java.util.concurrent.CompletableFuture.get(CompletableFuture.java:1915)
	at org.apache.ratis.util.IOUtils.getFromFuture(IOUtils.java:79)
	... 4 more
2019-09-10 18:42:37,096 [b72696e0-9c4e-4740-8bcd-ca4650f90538@group-23E12DAC9301-SegmentedRaftLogWorker] WARN  segmented.SegmentedRaftLogWorker (SegmentedRaftLogWorker.java:getFromFuture(90)) - Timeout 7/~
org.apache.ratis.protocol.TimeoutIOException: Timeout 10s: WriteLog:8: (t:1, i:8), STATEMACHINELOGENTRY, client-D387AA9945EB, cid=40-writeStateMachineData
	at org.apache.ratis.util.IOUtils.getFromFuture(IOUtils.java:87)
	at org.apache.ratis.server.raftlog.segmented.SegmentedRaftLogWorker$StateMachineDataPolicy.getFromFuture(SegmentedRaftLogWorker.java:87)
	at org.apache.ratis.server.raftlog.segmented.SegmentedRaftLogWorker$WriteLog.execute(SegmentedRaftLogWorker.java:477)
	at org.apache.ratis.server.raftlog.segmented.SegmentedRaftLogWorker.run(SegmentedRaftLogWorker.java:289)
	at java.lang.Thread.run(Thread.java:748)
Caused by: java.util.concurrent.TimeoutException
	at java.util.concurrent.CompletableFuture.timedGet(CompletableFuture.java:1771)
	at java.util.concurrent.CompletableFuture.get(CompletableFuture.java:1915)
	at org.apache.ratis.util.IOUtils.getFromFuture(IOUtils.java:79)
	... 4 more
2019-09-10 18:42:37,100 [a2905edf-b9c1-421a-8807-b5d3e2a2f0d1@group-23E12DAC9301-SegmentedRaftLogWorker] WARN  segmented.SegmentedRaftLogWorker (SegmentedRaftLogWorker.java:getFromFuture(90)) - Timeout 7/~
org.apache.ratis.protocol.TimeoutIOException: Timeout 10s: WriteLog:8: (t:1, i:8), STATEMACHINELOGENTRY, client-D387AA9945EB, cid=40-writeStateMachineData
	at org.apache.ratis.util.IOUtils.getFromFuture(IOUtils.java:87)
	at org.apache.ratis.server.raftlog.segmented.SegmentedRaftLogWorker$StateMachineDataPolicy.getFromFuture(SegmentedRaftLogWorker.java:87)
	at org.apache.ratis.server.raftlog.segmented.SegmentedRaftLogWorker$WriteLog.execute(SegmentedRaftLogWorker.java:477)
	at org.apache.ratis.server.raftlog.segmented.SegmentedRaftLogWorker.run(SegmentedRaftLogWorker.java:289)
	at java.lang.Thread.run(Thread.java:748)
Caused by: java.util.concurrent.TimeoutException
	at java.util.concurrent.CompletableFuture.timedGet(CompletableFuture.java:1771)
	at java.util.concurrent.CompletableFuture.get(CompletableFuture.java:1915)
	at org.apache.ratis.util.IOUtils.getFromFuture(IOUtils.java:79)
	... 4 more
2019-09-10 18:42:37,375 [java.util.concurrent.ThreadPoolExecutor$Worker@2c162ad4[State = -1, empty queue]] WARN  server.GrpcLogAppender (GrpcLogAppender.java:timeoutAppendRequest(200)) - b72696e0-9c4e-4740-8bcd-ca4650f90538@group-23E12DAC9301->a2905edf-b9c1-421a-8807-b5d3e2a2f0d1-GrpcLogAppender: appendEntries Timeout, request=b72696e0-9c4e-4740-8bcd-ca4650f90538->a2905edf-b9c1-421a-8807-b5d3e2a2f0d1#44-t1, previous=(t:1, i:12), leaderCommit=6, initializing? false, entries: <empty>
2019-09-10 18:42:37,375 [java.util.concurrent.ThreadPoolExecutor$Worker@5a51959c[State = -1, empty queue]] WARN  server.GrpcLogAppender (GrpcLogAppender.java:timeoutAppendRequest(200)) - b72696e0-9c4e-4740-8bcd-ca4650f90538@group-23E12DAC9301->4d5e76d1-94b4-4344-b272-620ca499a368-GrpcLogAppender: appendEntries Timeout, request=b72696e0-9c4e-4740-8bcd-ca4650f90538->4d5e76d1-94b4-4344-b272-620ca499a368#44-t1, previous=(t:1, i:12), leaderCommit=6, initializing? false, entries: <empty>
2019-09-10 18:42:37,549 [grpc-default-executor-0] INFO  client.GrpcClientProtocolClient (GrpcClientProtocolClient.java:onNext(264)) - client-D387AA9945EB->4d5e76d1-94b4-4344-b272-620ca499a368: receive RaftClientReply:client-D387AA9945EB->4d5e76d1-94b4-4344-b272-620ca499a368@group-23E12DAC9301, cid=39, FAILED org.apache.ratis.protocol.NotLeaderException: Server 4d5e76d1-94b4-4344-b272-620ca499a368@group-23E12DAC9301 is not the leader b72696e0-9c4e-4740-8bcd-ca4650f90538:192.168.5.139:36803, logIndex=0, commits[4d5e76d1-94b4-4344-b272-620ca499a368:c6, b72696e0-9c4e-4740-8bcd-ca4650f90538:c6, a2905edf-b9c1-421a-8807-b5d3e2a2f0d1:c4]
2019-09-10 18:42:39,876 [java.util.concurrent.ThreadPoolExecutor$Worker@2c162ad4[State = -1, empty queue]] WARN  server.GrpcLogAppender (GrpcLogAppender.java:timeoutAppendRequest(200)) - b72696e0-9c4e-4740-8bcd-ca4650f90538@group-23E12DAC9301->a2905edf-b9c1-421a-8807-b5d3e2a2f0d1-GrpcLogAppender: appendEntries Timeout, request=b72696e0-9c4e-4740-8bcd-ca4650f90538->a2905edf-b9c1-421a-8807-b5d3e2a2f0d1#45-t1, previous=(t:1, i:12), leaderCommit=6, initializing? false, entries: <empty>
2019-09-10 18:42:39,876 [java.util.concurrent.ThreadPoolExecutor$Worker@5a51959c[State = -1, empty queue]] WARN  server.GrpcLogAppender (GrpcLogAppender.java:timeoutAppendRequest(200)) - b72696e0-9c4e-4740-8bcd-ca4650f90538@group-23E12DAC9301->4d5e76d1-94b4-4344-b272-620ca499a368-GrpcLogAppender: appendEntries Timeout, request=b72696e0-9c4e-4740-8bcd-ca4650f90538->4d5e76d1-94b4-4344-b272-620ca499a368#45-t1, previous=(t:1, i:12), leaderCommit=6, initializing? false, entries: <empty>
2019-09-10 18:42:42,377 [java.util.concurrent.ThreadPoolExecutor$Worker@2c162ad4[State = -1, empty queue]] WARN  server.GrpcLogAppender (GrpcLogAppender.java:timeoutAppendRequest(200)) - b72696e0-9c4e-4740-8bcd-ca4650f90538@group-23E12DAC9301->a2905edf-b9c1-421a-8807-b5d3e2a2f0d1-GrpcLogAppender: appendEntries Timeout, request=b72696e0-9c4e-4740-8bcd-ca4650f90538->a2905edf-b9c1-421a-8807-b5d3e2a2f0d1#46-t1, previous=(t:1, i:12), leaderCommit=6, initializing? false, entries: <empty>
2019-09-10 18:42:42,377 [java.util.concurrent.ThreadPoolExecutor$Worker@5a51959c[State = -1, empty queue]] WARN  server.GrpcLogAppender (GrpcLogAppender.java:timeoutAppendRequest(200)) - b72696e0-9c4e-4740-8bcd-ca4650f90538@group-23E12DAC9301->4d5e76d1-94b4-4344-b272-620ca499a368-GrpcLogAppender: appendEntries Timeout, request=b72696e0-9c4e-4740-8bcd-ca4650f90538->4d5e76d1-94b4-4344-b272-620ca499a368#46-t1, previous=(t:1, i:12), leaderCommit=6, initializing? false, entries: <empty>
2019-09-10 18:42:42,600 [grpc-default-executor-0] INFO  client.GrpcClientProtocolClient (GrpcClientProtocolClient.java:onNext(264)) - client-D387AA9945EB->a2905edf-b9c1-421a-8807-b5d3e2a2f0d1: receive RaftClientReply:client-D387AA9945EB->a2905edf-b9c1-421a-8807-b5d3e2a2f0d1@group-23E12DAC9301, cid=39, FAILED org.apache.ratis.protocol.NotLeaderException: Server a2905edf-b9c1-421a-8807-b5d3e2a2f0d1@group-23E12DAC9301 is not the leader b72696e0-9c4e-4740-8bcd-ca4650f90538:192.168.5.139:36803, logIndex=0, commits[a2905edf-b9c1-421a-8807-b5d3e2a2f0d1:c6, b72696e0-9c4e-4740-8bcd-ca4650f90538:c6, 4d5e76d1-94b4-4344-b272-620ca499a368:c4]
2019-09-10 18:42:44,878 [java.util.concurrent.ThreadPoolExecutor$Worker@5a51959c[State = -1, empty queue]] WARN  server.GrpcLogAppender (GrpcLogAppender.java:timeoutAppendRequest(200)) - b72696e0-9c4e-4740-8bcd-ca4650f90538@group-23E12DAC9301->4d5e76d1-94b4-4344-b272-620ca499a368-GrpcLogAppender: appendEntries Timeout, request=b72696e0-9c4e-4740-8bcd-ca4650f90538->4d5e76d1-94b4-4344-b272-620ca499a368#47-t1, previous=(t:1, i:12), leaderCommit=6, initializing? false, entries: <empty>
2019-09-10 18:42:44,878 [java.util.concurrent.ThreadPoolExecutor$Worker@2c162ad4[State = -1, empty queue]] WARN  server.GrpcLogAppender (GrpcLogAppender.java:timeoutAppendRequest(200)) - b72696e0-9c4e-4740-8bcd-ca4650f90538@group-23E12DAC9301->a2905edf-b9c1-421a-8807-b5d3e2a2f0d1-GrpcLogAppender: appendEntries Timeout, request=b72696e0-9c4e-4740-8bcd-ca4650f90538->a2905edf-b9c1-421a-8807-b5d3e2a2f0d1#47-t1, previous=(t:1, i:12), leaderCommit=6, initializing? false, entries: <empty>
2019-09-10 18:42:47,030 [4d5e76d1-94b4-4344-b272-620ca499a368@group-23E12DAC9301-SegmentedRaftLogWorker] WARN  segmented.SegmentedRaftLogWorker (SegmentedRaftLogWorker.java:getFromFuture(90)) - Timeout 8/~
org.apache.ratis.protocol.TimeoutIOException: Timeout 10s: WriteLog:8: (t:1, i:8), STATEMACHINELOGENTRY, client-D387AA9945EB, cid=40-writeStateMachineData
	at org.apache.ratis.util.IOUtils.getFromFuture(IOUtils.java:87)
	at org.apache.ratis.server.raftlog.segmented.SegmentedRaftLogWorker$StateMachineDataPolicy.getFromFuture(SegmentedRaftLogWorker.java:87)
	at org.apache.ratis.server.raftlog.segmented.SegmentedRaftLogWorker$WriteLog.execute(SegmentedRaftLogWorker.java:477)
	at org.apache.ratis.server.raftlog.segmented.SegmentedRaftLogWorker.run(SegmentedRaftLogWorker.java:289)
	at java.lang.Thread.run(Thread.java:748)
Caused by: java.util.concurrent.TimeoutException
	at java.util.concurrent.CompletableFuture.timedGet(CompletableFuture.java:1771)
	at java.util.concurrent.CompletableFuture.get(CompletableFuture.java:1915)
	at org.apache.ratis.util.IOUtils.getFromFuture(IOUtils.java:79)
	... 4 more
2019-09-10 18:42:47,097 [b72696e0-9c4e-4740-8bcd-ca4650f90538@group-23E12DAC9301-SegmentedRaftLogWorker] WARN  segmented.SegmentedRaftLogWorker (SegmentedRaftLogWorker.java:getFromFuture(90)) - Timeout 8/~
org.apache.ratis.protocol.TimeoutIOException: Timeout 10s: WriteLog:8: (t:1, i:8), STATEMACHINELOGENTRY, client-D387AA9945EB, cid=40-writeStateMachineData
	at org.apache.ratis.util.IOUtils.getFromFuture(IOUtils.java:87)
	at org.apache.ratis.server.raftlog.segmented.SegmentedRaftLogWorker$StateMachineDataPolicy.getFromFuture(SegmentedRaftLogWorker.java:87)
	at org.apache.ratis.server.raftlog.segmented.SegmentedRaftLogWorker$WriteLog.execute(SegmentedRaftLogWorker.java:477)
	at org.apache.ratis.server.raftlog.segmented.SegmentedRaftLogWorker.run(SegmentedRaftLogWorker.java:289)
	at java.lang.Thread.run(Thread.java:748)
Caused by: java.util.concurrent.TimeoutException
	at java.util.concurrent.CompletableFuture.timedGet(CompletableFuture.java:1771)
	at java.util.concurrent.CompletableFuture.get(CompletableFuture.java:1915)
	at org.apache.ratis.util.IOUtils.getFromFuture(IOUtils.java:79)
	... 4 more
2019-09-10 18:42:47,101 [a2905edf-b9c1-421a-8807-b5d3e2a2f0d1@group-23E12DAC9301-SegmentedRaftLogWorker] WARN  segmented.SegmentedRaftLogWorker (SegmentedRaftLogWorker.java:getFromFuture(90)) - Timeout 8/~
org.apache.ratis.protocol.TimeoutIOException: Timeout 10s: WriteLog:8: (t:1, i:8), STATEMACHINELOGENTRY, client-D387AA9945EB, cid=40-writeStateMachineData
	at org.apache.ratis.util.IOUtils.getFromFuture(IOUtils.java:87)
	at org.apache.ratis.server.raftlog.segmented.SegmentedRaftLogWorker$StateMachineDataPolicy.getFromFuture(SegmentedRaftLogWorker.java:87)
	at org.apache.ratis.server.raftlog.segmented.SegmentedRaftLogWorker$WriteLog.execute(SegmentedRaftLogWorker.java:477)
	at org.apache.ratis.server.raftlog.segmented.SegmentedRaftLogWorker.run(SegmentedRaftLogWorker.java:289)
	at java.lang.Thread.run(Thread.java:748)
Caused by: java.util.concurrent.TimeoutException
	at java.util.concurrent.CompletableFuture.timedGet(CompletableFuture.java:1771)
	at java.util.concurrent.CompletableFuture.get(CompletableFuture.java:1915)
	at org.apache.ratis.util.IOUtils.getFromFuture(IOUtils.java:79)
	... 4 more
2019-09-10 18:42:47,379 [java.util.concurrent.ThreadPoolExecutor$Worker@5a51959c[State = -1, empty queue]] WARN  server.GrpcLogAppender (GrpcLogAppender.java:timeoutAppendRequest(200)) - b72696e0-9c4e-4740-8bcd-ca4650f90538@group-23E12DAC9301->4d5e76d1-94b4-4344-b272-620ca499a368-GrpcLogAppender: appendEntries Timeout, request=b72696e0-9c4e-4740-8bcd-ca4650f90538->4d5e76d1-94b4-4344-b272-620ca499a368#48-t1, previous=(t:1, i:12), leaderCommit=6, initializing? false, entries: <empty>
2019-09-10 18:42:47,379 [java.util.concurrent.ThreadPoolExecutor$Worker@2c162ad4[State = -1, empty queue]] WARN  server.GrpcLogAppender (GrpcLogAppender.java:timeoutAppendRequest(200)) - b72696e0-9c4e-4740-8bcd-ca4650f90538@group-23E12DAC9301->a2905edf-b9c1-421a-8807-b5d3e2a2f0d1-GrpcLogAppender: appendEntries Timeout, request=b72696e0-9c4e-4740-8bcd-ca4650f90538->a2905edf-b9c1-421a-8807-b5d3e2a2f0d1#48-t1, previous=(t:1, i:12), leaderCommit=6, initializing? false, entries: <empty>
2019-09-10 18:42:47,647 [grpc-default-executor-2] INFO  client.GrpcClientProtocolClient (GrpcClientProtocolClient.java:onNext(264)) - client-D387AA9945EB->a2905edf-b9c1-421a-8807-b5d3e2a2f0d1: receive RaftClientReply:client-D387AA9945EB->a2905edf-b9c1-421a-8807-b5d3e2a2f0d1@group-23E12DAC9301, cid=39, FAILED org.apache.ratis.protocol.NotLeaderException: Server a2905edf-b9c1-421a-8807-b5d3e2a2f0d1@group-23E12DAC9301 is not the leader b72696e0-9c4e-4740-8bcd-ca4650f90538:192.168.5.139:36803, logIndex=0, commits[a2905edf-b9c1-421a-8807-b5d3e2a2f0d1:c6, b72696e0-9c4e-4740-8bcd-ca4650f90538:c6, 4d5e76d1-94b4-4344-b272-620ca499a368:c4]
2019-09-10 18:42:49,879 [java.util.concurrent.ThreadPoolExecutor$Worker@2c162ad4[State = -1, empty queue]] WARN  server.GrpcLogAppender (GrpcLogAppender.java:timeoutAppendRequest(200)) - b72696e0-9c4e-4740-8bcd-ca4650f90538@group-23E12DAC9301->a2905edf-b9c1-421a-8807-b5d3e2a2f0d1-GrpcLogAppender: appendEntries Timeout, request=b72696e0-9c4e-4740-8bcd-ca4650f90538->a2905edf-b9c1-421a-8807-b5d3e2a2f0d1#49-t1, previous=(t:1, i:12), leaderCommit=6, initializing? false, entries: <empty>
2019-09-10 18:42:49,879 [java.util.concurrent.ThreadPoolExecutor$Worker@5a51959c[State = -1, empty queue]] WARN  server.GrpcLogAppender (GrpcLogAppender.java:timeoutAppendRequest(200)) - b72696e0-9c4e-4740-8bcd-ca4650f90538@group-23E12DAC9301->4d5e76d1-94b4-4344-b272-620ca499a368-GrpcLogAppender: appendEntries Timeout, request=b72696e0-9c4e-4740-8bcd-ca4650f90538->4d5e76d1-94b4-4344-b272-620ca499a368#49-t1, previous=(t:1, i:12), leaderCommit=6, initializing? false, entries: <empty>
2019-09-10 18:42:52,380 [java.util.concurrent.ThreadPoolExecutor$Worker@5a51959c[State = -1, empty queue]] WARN  server.GrpcLogAppender (GrpcLogAppender.java:timeoutAppendRequest(200)) - b72696e0-9c4e-4740-8bcd-ca4650f90538@group-23E12DAC9301->4d5e76d1-94b4-4344-b272-620ca499a368-GrpcLogAppender: appendEntries Timeout, request=b72696e0-9c4e-4740-8bcd-ca4650f90538->4d5e76d1-94b4-4344-b272-620ca499a368#50-t1, previous=(t:1, i:12), leaderCommit=6, initializing? false, entries: <empty>
2019-09-10 18:42:52,380 [java.util.concurrent.ThreadPoolExecutor$Worker@2c162ad4[State = -1, empty queue]] WARN  server.GrpcLogAppender (GrpcLogAppender.java:timeoutAppendRequest(200)) - b72696e0-9c4e-4740-8bcd-ca4650f90538@group-23E12DAC9301->a2905edf-b9c1-421a-8807-b5d3e2a2f0d1-GrpcLogAppender: appendEntries Timeout, request=b72696e0-9c4e-4740-8bcd-ca4650f90538->a2905edf-b9c1-421a-8807-b5d3e2a2f0d1#50-t1, previous=(t:1, i:12), leaderCommit=6, initializing? false, entries: <empty>
2019-09-10 18:42:52,702 [grpc-default-executor-0] INFO  client.GrpcClientProtocolClient (GrpcClientProtocolClient.java:onNext(264)) - client-D387AA9945EB->a2905edf-b9c1-421a-8807-b5d3e2a2f0d1: receive RaftClientReply:client-D387AA9945EB->a2905edf-b9c1-421a-8807-b5d3e2a2f0d1@group-23E12DAC9301, cid=39, FAILED org.apache.ratis.protocol.NotLeaderException: Server a2905edf-b9c1-421a-8807-b5d3e2a2f0d1@group-23E12DAC9301 is not the leader b72696e0-9c4e-4740-8bcd-ca4650f90538:192.168.5.139:36803, logIndex=0, commits[a2905edf-b9c1-421a-8807-b5d3e2a2f0d1:c6, b72696e0-9c4e-4740-8bcd-ca4650f90538:c6, 4d5e76d1-94b4-4344-b272-620ca499a368:c4]
2019-09-10 18:42:54,881 [java.util.concurrent.ThreadPoolExecutor$Worker@2c162ad4[State = -1, empty queue]] WARN  server.GrpcLogAppender (GrpcLogAppender.java:timeoutAppendRequest(200)) - b72696e0-9c4e-4740-8bcd-ca4650f90538@group-23E12DAC9301->a2905edf-b9c1-421a-8807-b5d3e2a2f0d1-GrpcLogAppender: appendEntries Timeout, request=b72696e0-9c4e-4740-8bcd-ca4650f90538->a2905edf-b9c1-421a-8807-b5d3e2a2f0d1#51-t1, previous=(t:1, i:12), leaderCommit=6, initializing? false, entries: <empty>
2019-09-10 18:42:54,881 [java.util.concurrent.ThreadPoolExecutor$Worker@5a51959c[State = -1, empty queue]] WARN  server.GrpcLogAppender (GrpcLogAppender.java:timeoutAppendRequest(200)) - b72696e0-9c4e-4740-8bcd-ca4650f90538@group-23E12DAC9301->4d5e76d1-94b4-4344-b272-620ca499a368-GrpcLogAppender: appendEntries Timeout, request=b72696e0-9c4e-4740-8bcd-ca4650f90538->4d5e76d1-94b4-4344-b272-620ca499a368#51-t1, previous=(t:1, i:12), leaderCommit=6, initializing? false, entries: <empty>
2019-09-10 18:42:57,032 [4d5e76d1-94b4-4344-b272-620ca499a368@group-23E12DAC9301-SegmentedRaftLogWorker] WARN  segmented.SegmentedRaftLogWorker (SegmentedRaftLogWorker.java:getFromFuture(90)) - Timeout 9/~
org.apache.ratis.protocol.TimeoutIOException: Timeout 10s: WriteLog:8: (t:1, i:8), STATEMACHINELOGENTRY, client-D387AA9945EB, cid=40-writeStateMachineData
	at org.apache.ratis.util.IOUtils.getFromFuture(IOUtils.java:87)
	at org.apache.ratis.server.raftlog.segmented.SegmentedRaftLogWorker$StateMachineDataPolicy.getFromFuture(SegmentedRaftLogWorker.java:87)
	at org.apache.ratis.server.raftlog.segmented.SegmentedRaftLogWorker$WriteLog.execute(SegmentedRaftLogWorker.java:477)
	at org.apache.ratis.server.raftlog.segmented.SegmentedRaftLogWorker.run(SegmentedRaftLogWorker.java:289)
	at java.lang.Thread.run(Thread.java:748)
Caused by: java.util.concurrent.TimeoutException
	at java.util.concurrent.CompletableFuture.timedGet(CompletableFuture.java:1771)
	at java.util.concurrent.CompletableFuture.get(CompletableFuture.java:1915)
	at org.apache.ratis.util.IOUtils.getFromFuture(IOUtils.java:79)
	... 4 more
2019-09-10 18:42:57,098 [b72696e0-9c4e-4740-8bcd-ca4650f90538@group-23E12DAC9301-SegmentedRaftLogWorker] WARN  segmented.SegmentedRaftLogWorker (SegmentedRaftLogWorker.java:getFromFuture(90)) - Timeout 9/~
org.apache.ratis.protocol.TimeoutIOException: Timeout 10s: WriteLog:8: (t:1, i:8), STATEMACHINELOGENTRY, client-D387AA9945EB, cid=40-writeStateMachineData
	at org.apache.ratis.util.IOUtils.getFromFuture(IOUtils.java:87)
	at org.apache.ratis.server.raftlog.segmented.SegmentedRaftLogWorker$StateMachineDataPolicy.getFromFuture(SegmentedRaftLogWorker.java:87)
	at org.apache.ratis.server.raftlog.segmented.SegmentedRaftLogWorker$WriteLog.execute(SegmentedRaftLogWorker.java:477)
	at org.apache.ratis.server.raftlog.segmented.SegmentedRaftLogWorker.run(SegmentedRaftLogWorker.java:289)
	at java.lang.Thread.run(Thread.java:748)
Caused by: java.util.concurrent.TimeoutException
	at java.util.concurrent.CompletableFuture.timedGet(CompletableFuture.java:1771)
	at java.util.concurrent.CompletableFuture.get(CompletableFuture.java:1915)
	at org.apache.ratis.util.IOUtils.getFromFuture(IOUtils.java:79)
	... 4 more
2019-09-10 18:42:57,102 [a2905edf-b9c1-421a-8807-b5d3e2a2f0d1@group-23E12DAC9301-SegmentedRaftLogWorker] WARN  segmented.SegmentedRaftLogWorker (SegmentedRaftLogWorker.java:getFromFuture(90)) - Timeout 9/~
org.apache.ratis.protocol.TimeoutIOException: Timeout 10s: WriteLog:8: (t:1, i:8), STATEMACHINELOGENTRY, client-D387AA9945EB, cid=40-writeStateMachineData
	at org.apache.ratis.util.IOUtils.getFromFuture(IOUtils.java:87)
	at org.apache.ratis.server.raftlog.segmented.SegmentedRaftLogWorker$StateMachineDataPolicy.getFromFuture(SegmentedRaftLogWorker.java:87)
	at org.apache.ratis.server.raftlog.segmented.SegmentedRaftLogWorker$WriteLog.execute(SegmentedRaftLogWorker.java:477)
	at org.apache.ratis.server.raftlog.segmented.SegmentedRaftLogWorker.run(SegmentedRaftLogWorker.java:289)
	at java.lang.Thread.run(Thread.java:748)
Caused by: java.util.concurrent.TimeoutException
	at java.util.concurrent.CompletableFuture.timedGet(CompletableFuture.java:1771)
	at java.util.concurrent.CompletableFuture.get(CompletableFuture.java:1915)
	at org.apache.ratis.util.IOUtils.getFromFuture(IOUtils.java:79)
	... 4 more
2019-09-10 18:42:57,303 [ReplicationMonitor] INFO  container.ReplicationManager (ReplicationManager.java:forceCloseContainer(464)) - Force closing container #2 with BCSID 6, which is in QUASI_CLOSED state.
2019-09-10 18:42:57,304 [ReplicationMonitor] INFO  container.ReplicationManager (ReplicationManager.java:sendCloseCommand(659)) - Sending close container command for container #2 to datanode 4d5e76d1-94b4-4344-b272-620ca499a368{ip: 192.168.5.139, host: pr-hdds-1786-trunk-k6rzm-1803654198, networkLocation: /default-rack, certSerialId: null}.
2019-09-10 18:42:57,304 [ReplicationMonitor] INFO  container.ReplicationManager (ReplicationManager.java:sendCloseCommand(659)) - Sending close container command for container #2 to datanode a2905edf-b9c1-421a-8807-b5d3e2a2f0d1{ip: 192.168.5.139, host: pr-hdds-1786-trunk-k6rzm-1803654198, networkLocation: /default-rack, certSerialId: null}.
2019-09-10 18:42:57,304 [ReplicationMonitor] INFO  container.ReplicationManager (ReplicationManager.java:sendCloseCommand(659)) - Sending close container command for container #2 to datanode b72696e0-9c4e-4740-8bcd-ca4650f90538{ip: 192.168.5.139, host: pr-hdds-1786-trunk-k6rzm-1803654198, networkLocation: /default-rack, certSerialId: null}.
2019-09-10 18:42:57,305 [ReplicationMonitor] INFO  container.ReplicationManager (ReplicationManager.java:forceCloseContainer(464)) - Force closing container #3 with BCSID 0, which is in QUASI_CLOSED state.
2019-09-10 18:42:57,305 [ReplicationMonitor] INFO  container.ReplicationManager (ReplicationManager.java:sendCloseCommand(659)) - Sending close container command for container #3 to datanode b72696e0-9c4e-4740-8bcd-ca4650f90538{ip: 192.168.5.139, host: pr-hdds-1786-trunk-k6rzm-1803654198, networkLocation: /default-rack, certSerialId: null}.
2019-09-10 18:42:57,305 [ReplicationMonitor] INFO  container.ReplicationManager (ReplicationManager.java:sendCloseCommand(659)) - Sending close container command for container #3 to datanode 4d5e76d1-94b4-4344-b272-620ca499a368{ip: 192.168.5.139, host: pr-hdds-1786-trunk-k6rzm-1803654198, networkLocation: /default-rack, certSerialId: null}.
2019-09-10 18:42:57,305 [ReplicationMonitor] INFO  container.ReplicationManager (ReplicationManager.java:sendCloseCommand(659)) - Sending close container command for container #3 to datanode a2905edf-b9c1-421a-8807-b5d3e2a2f0d1{ip: 192.168.5.139, host: pr-hdds-1786-trunk-k6rzm-1803654198, networkLocation: /default-rack, certSerialId: null}.
2019-09-10 18:42:57,305 [ReplicationMonitor] INFO  container.ReplicationManager (ReplicationManager.java:run(225)) - Replication Monitor Thread took 6 milliseconds for processing 5 containers.
2019-09-10 18:42:57,381 [java.util.concurrent.ThreadPoolExecutor$Worker@2c162ad4[State = -1, empty queue]] WARN  server.GrpcLogAppender (GrpcLogAppender.java:timeoutAppendRequest(200)) - b72696e0-9c4e-4740-8bcd-ca4650f90538@group-23E12DAC9301->a2905edf-b9c1-421a-8807-b5d3e2a2f0d1-GrpcLogAppender: appendEntries Timeout, request=b72696e0-9c4e-4740-8bcd-ca4650f90538->a2905edf-b9c1-421a-8807-b5d3e2a2f0d1#52-t1, previous=(t:1, i:12), leaderCommit=6, initializing? false, entries: <empty>
2019-09-10 18:42:57,381 [java.util.concurrent.ThreadPoolExecutor$Worker@5a51959c[State = -1, empty queue]] WARN  server.GrpcLogAppender (GrpcLogAppender.java:timeoutAppendRequest(200)) - b72696e0-9c4e-4740-8bcd-ca4650f90538@group-23E12DAC9301->4d5e76d1-94b4-4344-b272-620ca499a368-GrpcLogAppender: appendEntries Timeout, request=b72696e0-9c4e-4740-8bcd-ca4650f90538->4d5e76d1-94b4-4344-b272-620ca499a368#52-t1, previous=(t:1, i:12), leaderCommit=6, initializing? false, entries: <empty>
2019-09-10 18:42:57,749 [grpc-default-executor-2] INFO  client.GrpcClientProtocolClient (GrpcClientProtocolClient.java:onNext(264)) - client-D387AA9945EB->a2905edf-b9c1-421a-8807-b5d3e2a2f0d1: receive RaftClientReply:client-D387AA9945EB->a2905edf-b9c1-421a-8807-b5d3e2a2f0d1@group-23E12DAC9301, cid=39, FAILED org.apache.ratis.protocol.NotLeaderException: Server a2905edf-b9c1-421a-8807-b5d3e2a2f0d1@group-23E12DAC9301 is not the leader b72696e0-9c4e-4740-8bcd-ca4650f90538:192.168.5.139:36803, logIndex=0, commits[a2905edf-b9c1-421a-8807-b5d3e2a2f0d1:c6, b72696e0-9c4e-4740-8bcd-ca4650f90538:c6, 4d5e76d1-94b4-4344-b272-620ca499a368:c4]
2019-09-10 18:42:59,100 [Command processor thread] INFO  interfaces.Container (KeyValueContainer.java:flushAndSyncDB(386)) - Container 2 is synced with bcsId 6.
2019-09-10 18:42:59,100 [Command processor thread] INFO  interfaces.Container (KeyValueContainer.java:flushAndSyncDB(386)) - Container 2 is synced with bcsId 6.
2019-09-10 18:42:59,129 [Command processor thread] INFO  interfaces.Container (KeyValueContainer.java:close(335)) - Container 2 is closed with bcsId 6.
2019-09-10 18:42:59,130 [Command processor thread] INFO  interfaces.Container (KeyValueContainer.java:flushAndSyncDB(386)) - Container 3 is synced with bcsId 0.
2019-09-10 18:42:59,130 [Command processor thread] INFO  interfaces.Container (KeyValueContainer.java:flushAndSyncDB(386)) - Container 3 is synced with bcsId 0.
2019-09-10 18:42:59,131 [EventQueue-IncrementalContainerReportForIncrementalContainerReportHandler] INFO  container.IncrementalContainerReportHandler (AbstractContainerReportHandler.java:updateContainerState(202)) - Moving container #2 to CLOSED state, datanode b72696e0-9c4e-4740-8bcd-ca4650f90538{ip: 192.168.5.139, host: pr-hdds-1786-trunk-k6rzm-1803654198, networkLocation: /default-rack, certSerialId: null} reported CLOSED replica.
2019-09-10 18:42:59,155 [Command processor thread] INFO  interfaces.Container (KeyValueContainer.java:close(335)) - Container 3 is closed with bcsId 0.
2019-09-10 18:42:59,157 [EventQueue-IncrementalContainerReportForIncrementalContainerReportHandler] INFO  container.IncrementalContainerReportHandler (AbstractContainerReportHandler.java:updateContainerState(202)) - Moving container #3 to CLOSED state, datanode b72696e0-9c4e-4740-8bcd-ca4650f90538{ip: 192.168.5.139, host: pr-hdds-1786-trunk-k6rzm-1803654198, networkLocation: /default-rack, certSerialId: null} reported CLOSED replica.
2019-09-10 18:42:59,949 [java.util.concurrent.ThreadPoolExecutor$Worker@2c162ad4[State = -1, empty queue]] WARN  server.GrpcLogAppender (GrpcLogAppender.java:timeoutAppendRequest(200)) - b72696e0-9c4e-4740-8bcd-ca4650f90538@group-23E12DAC9301->a2905edf-b9c1-421a-8807-b5d3e2a2f0d1-GrpcLogAppender: appendEntries Timeout, request=b72696e0-9c4e-4740-8bcd-ca4650f90538->a2905edf-b9c1-421a-8807-b5d3e2a2f0d1#53-t1, previous=(t:1, i:12), leaderCommit=6, initializing? false, entries: <empty>
2019-09-10 18:42:59,949 [java.util.concurrent.ThreadPoolExecutor$Worker@5a51959c[State = -1, empty queue]] WARN  server.GrpcLogAppender (GrpcLogAppender.java:timeoutAppendRequest(200)) - b72696e0-9c4e-4740-8bcd-ca4650f90538@group-23E12DAC9301->4d5e76d1-94b4-4344-b272-620ca499a368-GrpcLogAppender: appendEntries Timeout, request=b72696e0-9c4e-4740-8bcd-ca4650f90538->4d5e76d1-94b4-4344-b272-620ca499a368#53-t1, previous=(t:1, i:12), leaderCommit=6, initializing? false, entries: <empty>
2019-09-10 18:43:00,047 [Command processor thread] INFO  interfaces.Container (KeyValueContainer.java:flushAndSyncDB(386)) - Container 2 is synced with bcsId 6.
2019-09-10 18:43:00,048 [Command processor thread] INFO  interfaces.Container (KeyValueContainer.java:flushAndSyncDB(386)) - Container 2 is synced with bcsId 6.
2019-09-10 18:43:00,073 [Command processor thread] INFO  interfaces.Container (KeyValueContainer.java:flushAndSyncDB(386)) - Container 2 is synced with bcsId 6.
2019-09-10 18:43:00,073 [Command processor thread] INFO  interfaces.Container (KeyValueContainer.java:flushAndSyncDB(386)) - Container 2 is synced with bcsId 6.
2019-09-10 18:43:00,074 [Command processor thread] INFO  interfaces.Container (KeyValueContainer.java:close(335)) - Container 2 is closed with bcsId 6.
2019-09-10 18:43:00,075 [Command processor thread] INFO  interfaces.Container (KeyValueContainer.java:flushAndSyncDB(386)) - Container 3 is synced with bcsId 0.
2019-09-10 18:43:00,075 [Command processor thread] INFO  interfaces.Container (KeyValueContainer.java:flushAndSyncDB(386)) - Container 3 is synced with bcsId 0.
2019-09-10 18:43:00,107 [Command processor thread] INFO  interfaces.Container (KeyValueContainer.java:close(335)) - Container 2 is closed with bcsId 6.
2019-09-10 18:43:00,107 [Command processor thread] INFO  interfaces.Container (KeyValueContainer.java:close(335)) - Container 3 is closed with bcsId 0.
2019-09-10 18:43:00,107 [Command processor thread] INFO  interfaces.Container (KeyValueContainer.java:flushAndSyncDB(386)) - Container 3 is synced with bcsId 0.
2019-09-10 18:43:00,108 [Command processor thread] INFO  interfaces.Container (KeyValueContainer.java:flushAndSyncDB(386)) - Container 3 is synced with bcsId 0.
2019-09-10 18:43:00,133 [Command processor thread] INFO  interfaces.Container (KeyValueContainer.java:close(335)) - Container 3 is closed with bcsId 0.
2019-09-10 18:43:02,451 [java.util.concurrent.ThreadPoolExecutor$Worker@5a51959c[State = -1, empty queue]] WARN  server.GrpcLogAppender (GrpcLogAppender.java:timeoutAppendRequest(200)) - b72696e0-9c4e-4740-8bcd-ca4650f90538@group-23E12DAC9301->4d5e76d1-94b4-4344-b272-620ca499a368-GrpcLogAppender: appendEntries Timeout, request=b72696e0-9c4e-4740-8bcd-ca4650f90538->4d5e76d1-94b4-4344-b272-620ca499a368#54-t1, previous=(t:1, i:12), leaderCommit=6, initializing? false, entries: <empty>
2019-09-10 18:43:02,451 [java.util.concurrent.ThreadPoolExecutor$Worker@2c162ad4[State = -1, empty queue]] WARN  server.GrpcLogAppender (GrpcLogAppender.java:timeoutAppendRequest(200)) - b72696e0-9c4e-4740-8bcd-ca4650f90538@group-23E12DAC9301->a2905edf-b9c1-421a-8807-b5d3e2a2f0d1-GrpcLogAppender: appendEntries Timeout, request=b72696e0-9c4e-4740-8bcd-ca4650f90538->a2905edf-b9c1-421a-8807-b5d3e2a2f0d1#54-t1, previous=(t:1, i:12), leaderCommit=6, initializing? false, entries: <empty>
2019-09-10 18:43:02,797 [grpc-default-executor-0] INFO  client.GrpcClientProtocolClient (GrpcClientProtocolClient.java:onNext(264)) - client-D387AA9945EB->4d5e76d1-94b4-4344-b272-620ca499a368: receive RaftClientReply:client-D387AA9945EB->4d5e76d1-94b4-4344-b272-620ca499a368@group-23E12DAC9301, cid=39, FAILED org.apache.ratis.protocol.NotLeaderException: Server 4d5e76d1-94b4-4344-b272-620ca499a368@group-23E12DAC9301 is not the leader b72696e0-9c4e-4740-8bcd-ca4650f90538:192.168.5.139:36803, logIndex=0, commits[4d5e76d1-94b4-4344-b272-620ca499a368:c6, b72696e0-9c4e-4740-8bcd-ca4650f90538:c6, a2905edf-b9c1-421a-8807-b5d3e2a2f0d1:c4]
2019-09-10 18:43:04,951 [java.util.concurrent.ThreadPoolExecutor$Worker@2c162ad4[State = -1, empty queue]] WARN  server.GrpcLogAppender (GrpcLogAppender.java:timeoutAppendRequest(200)) - b72696e0-9c4e-4740-8bcd-ca4650f90538@group-23E12DAC9301->a2905edf-b9c1-421a-8807-b5d3e2a2f0d1-GrpcLogAppender: appendEntries Timeout, request=b72696e0-9c4e-4740-8bcd-ca4650f90538->a2905edf-b9c1-421a-8807-b5d3e2a2f0d1#55-t1, previous=(t:1, i:12), leaderCommit=6, initializing? false, entries: <empty>
2019-09-10 18:43:04,951 [java.util.concurrent.ThreadPoolExecutor$Worker@5a51959c[State = -1, empty queue]] WARN  server.GrpcLogAppender (GrpcLogAppender.java:timeoutAppendRequest(200)) - b72696e0-9c4e-4740-8bcd-ca4650f90538@group-23E12DAC9301->4d5e76d1-94b4-4344-b272-620ca499a368-GrpcLogAppender: appendEntries Timeout, request=b72696e0-9c4e-4740-8bcd-ca4650f90538->4d5e76d1-94b4-4344-b272-620ca499a368#55-t1, previous=(t:1, i:12), leaderCommit=6, initializing? false, entries: <empty>
2019-09-10 18:43:07,033 [4d5e76d1-94b4-4344-b272-620ca499a368@group-23E12DAC9301-SegmentedRaftLogWorker] WARN  segmented.SegmentedRaftLogWorker (SegmentedRaftLogWorker.java:getFromFuture(90)) - Timeout 10/~
org.apache.ratis.protocol.TimeoutIOException: Timeout 10s: WriteLog:8: (t:1, i:8), STATEMACHINELOGENTRY, client-D387AA9945EB, cid=40-writeStateMachineData
	at org.apache.ratis.util.IOUtils.getFromFuture(IOUtils.java:87)
	at org.apache.ratis.server.raftlog.segmented.SegmentedRaftLogWorker$StateMachineDataPolicy.getFromFuture(SegmentedRaftLogWorker.java:87)
	at org.apache.ratis.server.raftlog.segmented.SegmentedRaftLogWorker$WriteLog.execute(SegmentedRaftLogWorker.java:477)
	at org.apache.ratis.server.raftlog.segmented.SegmentedRaftLogWorker.run(SegmentedRaftLogWorker.java:289)
	at java.lang.Thread.run(Thread.java:748)
Caused by: java.util.concurrent.TimeoutException
	at java.util.concurrent.CompletableFuture.timedGet(CompletableFuture.java:1771)
	at java.util.concurrent.CompletableFuture.get(CompletableFuture.java:1915)
	at org.apache.ratis.util.IOUtils.getFromFuture(IOUtils.java:79)
	... 4 more
2019-09-10 18:43:07,100 [b72696e0-9c4e-4740-8bcd-ca4650f90538@group-23E12DAC9301-SegmentedRaftLogWorker] WARN  segmented.SegmentedRaftLogWorker (SegmentedRaftLogWorker.java:getFromFuture(90)) - Timeout 10/~
org.apache.ratis.protocol.TimeoutIOException: Timeout 10s: WriteLog:8: (t:1, i:8), STATEMACHINELOGENTRY, client-D387AA9945EB, cid=40-writeStateMachineData
	at org.apache.ratis.util.IOUtils.getFromFuture(IOUtils.java:87)
	at org.apache.ratis.server.raftlog.segmented.SegmentedRaftLogWorker$StateMachineDataPolicy.getFromFuture(SegmentedRaftLogWorker.java:87)
	at org.apache.ratis.server.raftlog.segmented.SegmentedRaftLogWorker$WriteLog.execute(SegmentedRaftLogWorker.java:477)
	at org.apache.ratis.server.raftlog.segmented.SegmentedRaftLogWorker.run(SegmentedRaftLogWorker.java:289)
	at java.lang.Thread.run(Thread.java:748)
Caused by: java.util.concurrent.TimeoutException
	at java.util.concurrent.CompletableFuture.timedGet(CompletableFuture.java:1771)
	at java.util.concurrent.CompletableFuture.get(CompletableFuture.java:1915)
	at org.apache.ratis.util.IOUtils.getFromFuture(IOUtils.java:79)
	... 4 more
2019-09-10 18:43:07,103 [a2905edf-b9c1-421a-8807-b5d3e2a2f0d1@group-23E12DAC9301-SegmentedRaftLogWorker] WARN  segmented.SegmentedRaftLogWorker (SegmentedRaftLogWorker.java:getFromFuture(90)) - Timeout 10/~
org.apache.ratis.protocol.TimeoutIOException: Timeout 10s: WriteLog:8: (t:1, i:8), STATEMACHINELOGENTRY, client-D387AA9945EB, cid=40-writeStateMachineData
	at org.apache.ratis.util.IOUtils.getFromFuture(IOUtils.java:87)
	at org.apache.ratis.server.raftlog.segmented.SegmentedRaftLogWorker$StateMachineDataPolicy.getFromFuture(SegmentedRaftLogWorker.java:87)
	at org.apache.ratis.server.raftlog.segmented.SegmentedRaftLogWorker$WriteLog.execute(SegmentedRaftLogWorker.java:477)
	at org.apache.ratis.server.raftlog.segmented.SegmentedRaftLogWorker.run(SegmentedRaftLogWorker.java:289)
	at java.lang.Thread.run(Thread.java:748)
Caused by: java.util.concurrent.TimeoutException
	at java.util.concurrent.CompletableFuture.timedGet(CompletableFuture.java:1771)
	at java.util.concurrent.CompletableFuture.get(CompletableFuture.java:1915)
	at org.apache.ratis.util.IOUtils.getFromFuture(IOUtils.java:79)
	... 4 more
2019-09-10 18:43:07,452 [java.util.concurrent.ThreadPoolExecutor$Worker@5a51959c[State = -1, empty queue]] WARN  server.GrpcLogAppender (GrpcLogAppender.java:timeoutAppendRequest(200)) - b72696e0-9c4e-4740-8bcd-ca4650f90538@group-23E12DAC9301->4d5e76d1-94b4-4344-b272-620ca499a368-GrpcLogAppender: appendEntries Timeout, request=b72696e0-9c4e-4740-8bcd-ca4650f90538->4d5e76d1-94b4-4344-b272-620ca499a368#56-t1, previous=(t:1, i:12), leaderCommit=6, initializing? false, entries: <empty>
2019-09-10 18:43:07,452 [java.util.concurrent.ThreadPoolExecutor$Worker@2c162ad4[State = -1, empty queue]] WARN  server.GrpcLogAppender (GrpcLogAppender.java:timeoutAppendRequest(200)) - b72696e0-9c4e-4740-8bcd-ca4650f90538@group-23E12DAC9301->a2905edf-b9c1-421a-8807-b5d3e2a2f0d1-GrpcLogAppender: appendEntries Timeout, request=b72696e0-9c4e-4740-8bcd-ca4650f90538->a2905edf-b9c1-421a-8807-b5d3e2a2f0d1#56-t1, previous=(t:1, i:12), leaderCommit=6, initializing? false, entries: <empty>
2019-09-10 18:43:07,865 [grpc-default-executor-0] INFO  client.GrpcClientProtocolClient (GrpcClientProtocolClient.java:onNext(264)) - client-D387AA9945EB->4d5e76d1-94b4-4344-b272-620ca499a368: receive RaftClientReply:client-D387AA9945EB->4d5e76d1-94b4-4344-b272-620ca499a368@group-23E12DAC9301, cid=39, FAILED org.apache.ratis.protocol.NotLeaderException: Server 4d5e76d1-94b4-4344-b272-620ca499a368@group-23E12DAC9301 is not the leader b72696e0-9c4e-4740-8bcd-ca4650f90538:192.168.5.139:36803, logIndex=0, commits[4d5e76d1-94b4-4344-b272-620ca499a368:c6, b72696e0-9c4e-4740-8bcd-ca4650f90538:c6, a2905edf-b9c1-421a-8807-b5d3e2a2f0d1:c4]
2019-09-10 18:43:09,952 [java.util.concurrent.ThreadPoolExecutor$Worker@5a51959c[State = -1, empty queue]] WARN  server.GrpcLogAppender (GrpcLogAppender.java:timeoutAppendRequest(200)) - b72696e0-9c4e-4740-8bcd-ca4650f90538@group-23E12DAC9301->4d5e76d1-94b4-4344-b272-620ca499a368-GrpcLogAppender: appendEntries Timeout, request=b72696e0-9c4e-4740-8bcd-ca4650f90538->4d5e76d1-94b4-4344-b272-620ca499a368#57-t1, previous=(t:1, i:12), leaderCommit=6, initializing? false, entries: <empty>
2019-09-10 18:43:09,952 [java.util.concurrent.ThreadPoolExecutor$Worker@2c162ad4[State = -1, empty queue]] WARN  server.GrpcLogAppender (GrpcLogAppender.java:timeoutAppendRequest(200)) - b72696e0-9c4e-4740-8bcd-ca4650f90538@group-23E12DAC9301->a2905edf-b9c1-421a-8807-b5d3e2a2f0d1-GrpcLogAppender: appendEntries Timeout, request=b72696e0-9c4e-4740-8bcd-ca4650f90538->a2905edf-b9c1-421a-8807-b5d3e2a2f0d1#57-t1, previous=(t:1, i:12), leaderCommit=6, initializing? false, entries: <empty>
2019-09-10 18:43:12,452 [java.util.concurrent.ThreadPoolExecutor$Worker@5a51959c[State = -1, empty queue]] WARN  server.GrpcLogAppender (GrpcLogAppender.java:timeoutAppendRequest(200)) - b72696e0-9c4e-4740-8bcd-ca4650f90538@group-23E12DAC9301->4d5e76d1-94b4-4344-b272-620ca499a368-GrpcLogAppender: appendEntries Timeout, request=b72696e0-9c4e-4740-8bcd-ca4650f90538->4d5e76d1-94b4-4344-b272-620ca499a368#58-t1, previous=(t:1, i:12), leaderCommit=6, initializing? false, entries: <empty>
2019-09-10 18:43:12,452 [java.util.concurrent.ThreadPoolExecutor$Worker@2c162ad4[State = -1, empty queue]] WARN  server.GrpcLogAppender (GrpcLogAppender.java:timeoutAppendRequest(200)) - b72696e0-9c4e-4740-8bcd-ca4650f90538@group-23E12DAC9301->a2905edf-b9c1-421a-8807-b5d3e2a2f0d1-GrpcLogAppender: appendEntries Timeout, request=b72696e0-9c4e-4740-8bcd-ca4650f90538->a2905edf-b9c1-421a-8807-b5d3e2a2f0d1#58-t1, previous=(t:1, i:12), leaderCommit=6, initializing? false, entries: <empty>
2019-09-10 18:43:12,909 [grpc-default-executor-2] INFO  client.GrpcClientProtocolClient (GrpcClientProtocolClient.java:onNext(264)) - client-D387AA9945EB->4d5e76d1-94b4-4344-b272-620ca499a368: receive RaftClientReply:client-D387AA9945EB->4d5e76d1-94b4-4344-b272-620ca499a368@group-23E12DAC9301, cid=39, FAILED org.apache.ratis.protocol.NotLeaderException: Server 4d5e76d1-94b4-4344-b272-620ca499a368@group-23E12DAC9301 is not the leader b72696e0-9c4e-4740-8bcd-ca4650f90538:192.168.5.139:36803, logIndex=0, commits[4d5e76d1-94b4-4344-b272-620ca499a368:c6, b72696e0-9c4e-4740-8bcd-ca4650f90538:c6, a2905edf-b9c1-421a-8807-b5d3e2a2f0d1:c4]
2019-09-10 18:43:14,952 [java.util.concurrent.ThreadPoolExecutor$Worker@2c162ad4[State = -1, empty queue]] WARN  server.GrpcLogAppender (GrpcLogAppender.java:timeoutAppendRequest(200)) - b72696e0-9c4e-4740-8bcd-ca4650f90538@group-23E12DAC9301->a2905edf-b9c1-421a-8807-b5d3e2a2f0d1-GrpcLogAppender: appendEntries Timeout, request=b72696e0-9c4e-4740-8bcd-ca4650f90538->a2905edf-b9c1-421a-8807-b5d3e2a2f0d1#59-t1, previous=(t:1, i:12), leaderCommit=6, initializing? false, entries: <empty>
2019-09-10 18:43:14,953 [java.util.concurrent.ThreadPoolExecutor$Worker@5a51959c[State = -1, empty queue]] WARN  server.GrpcLogAppender (GrpcLogAppender.java:timeoutAppendRequest(200)) - b72696e0-9c4e-4740-8bcd-ca4650f90538@group-23E12DAC9301->4d5e76d1-94b4-4344-b272-620ca499a368-GrpcLogAppender: appendEntries Timeout, request=b72696e0-9c4e-4740-8bcd-ca4650f90538->4d5e76d1-94b4-4344-b272-620ca499a368#59-t1, previous=(t:1, i:12), leaderCommit=6, initializing? false, entries: <empty>
2019-09-10 18:43:16,953 [org.apache.ratis.server.impl.LogAppender$AppenderDaemon$$Lambda$491/1891770971@e29e936] ERROR ratis.XceiverServerRatis (XceiverServerRatis.java:triggerPipelineClose(575)) - pipeline Action CLOSE  on pipeline PipelineID=a949f866-3595-4f72-be7a-23e12dac9301.Reason : b72696e0-9c4e-4740-8bcd-ca4650f90538 has not seen follower/s 4d5e76d1-94b4-4344-b272-620ca499a368 for 120258ms a2905edf-b9c1-421a-8807-b5d3e2a2f0d1 for 120259ms
2019-09-10 18:43:16,953 [org.apache.ratis.server.impl.LogAppender$AppenderDaemon$$Lambda$491/1891770971@902d601] ERROR ratis.XceiverServerRatis (XceiverServerRatis.java:triggerPipelineClose(575)) - pipeline Action CLOSE  on pipeline PipelineID=a949f866-3595-4f72-be7a-23e12dac9301.Reason : b72696e0-9c4e-4740-8bcd-ca4650f90538 has not seen follower/s 4d5e76d1-94b4-4344-b272-620ca499a368 for 120258ms a2905edf-b9c1-421a-8807-b5d3e2a2f0d1 for 120259ms
2019-09-10 18:43:17,034 [4d5e76d1-94b4-4344-b272-620ca499a368@group-23E12DAC9301-SegmentedRaftLogWorker] WARN  segmented.SegmentedRaftLogWorker (SegmentedRaftLogWorker.java:getFromFuture(90)) - Timeout 11/~
org.apache.ratis.protocol.TimeoutIOException: Timeout 10s: WriteLog:8: (t:1, i:8), STATEMACHINELOGENTRY, client-D387AA9945EB, cid=40-writeStateMachineData
	at org.apache.ratis.util.IOUtils.getFromFuture(IOUtils.java:87)
	at org.apache.ratis.server.raftlog.segmented.SegmentedRaftLogWorker$StateMachineDataPolicy.getFromFuture(SegmentedRaftLogWorker.java:87)
	at org.apache.ratis.server.raftlog.segmented.SegmentedRaftLogWorker$WriteLog.execute(SegmentedRaftLogWorker.java:477)
	at org.apache.ratis.server.raftlog.segmented.SegmentedRaftLogWorker.run(SegmentedRaftLogWorker.java:289)
	at java.lang.Thread.run(Thread.java:748)
Caused by: java.util.concurrent.TimeoutException
	at java.util.concurrent.CompletableFuture.timedGet(CompletableFuture.java:1771)
	at java.util.concurrent.CompletableFuture.get(CompletableFuture.java:1915)
	at org.apache.ratis.util.IOUtils.getFromFuture(IOUtils.java:79)
	... 4 more
2019-09-10 18:43:17,101 [b72696e0-9c4e-4740-8bcd-ca4650f90538@group-23E12DAC9301-SegmentedRaftLogWorker] WARN  segmented.SegmentedRaftLogWorker (SegmentedRaftLogWorker.java:getFromFuture(90)) - Timeout 11/~
org.apache.ratis.protocol.TimeoutIOException: Timeout 10s: WriteLog:8: (t:1, i:8), STATEMACHINELOGENTRY, client-D387AA9945EB, cid=40-writeStateMachineData
	at org.apache.ratis.util.IOUtils.getFromFuture(IOUtils.java:87)
	at org.apache.ratis.server.raftlog.segmented.SegmentedRaftLogWorker$StateMachineDataPolicy.getFromFuture(SegmentedRaftLogWorker.java:87)
	at org.apache.ratis.server.raftlog.segmented.SegmentedRaftLogWorker$WriteLog.execute(SegmentedRaftLogWorker.java:477)
	at org.apache.ratis.server.raftlog.segmented.SegmentedRaftLogWorker.run(SegmentedRaftLogWorker.java:289)
	at java.lang.Thread.run(Thread.java:748)
Caused by: java.util.concurrent.TimeoutException
	at java.util.concurrent.CompletableFuture.timedGet(CompletableFuture.java:1771)
	at java.util.concurrent.CompletableFuture.get(CompletableFuture.java:1915)
	at org.apache.ratis.util.IOUtils.getFromFuture(IOUtils.java:79)
	... 4 more
2019-09-10 18:43:17,103 [a2905edf-b9c1-421a-8807-b5d3e2a2f0d1@group-23E12DAC9301-SegmentedRaftLogWorker] WARN  segmented.SegmentedRaftLogWorker (SegmentedRaftLogWorker.java:getFromFuture(90)) - Timeout 11/~
org.apache.ratis.protocol.TimeoutIOException: Timeout 10s: WriteLog:8: (t:1, i:8), STATEMACHINELOGENTRY, client-D387AA9945EB, cid=40-writeStateMachineData
	at org.apache.ratis.util.IOUtils.getFromFuture(IOUtils.java:87)
	at org.apache.ratis.server.raftlog.segmented.SegmentedRaftLogWorker$StateMachineDataPolicy.getFromFuture(SegmentedRaftLogWorker.java:87)
	at org.apache.ratis.server.raftlog.segmented.SegmentedRaftLogWorker$WriteLog.execute(SegmentedRaftLogWorker.java:477)
	at org.apache.ratis.server.raftlog.segmented.SegmentedRaftLogWorker.run(SegmentedRaftLogWorker.java:289)
	at java.lang.Thread.run(Thread.java:748)
Caused by: java.util.concurrent.TimeoutException
	at java.util.concurrent.CompletableFuture.timedGet(CompletableFuture.java:1771)
	at java.util.concurrent.CompletableFuture.get(CompletableFuture.java:1915)
	at org.apache.ratis.util.IOUtils.getFromFuture(IOUtils.java:79)
	... 4 more
2019-09-10 18:43:17,158 [EventQueue-PipelineActionsForPipelineActionHandler] ERROR pipeline.PipelineActionHandler (PipelineActionHandler.java:onMessage(60)) - Received pipeline action CLOSE for Pipeline[ Id: a949f866-3595-4f72-be7a-23e12dac9301, Nodes: 4d5e76d1-94b4-4344-b272-620ca499a368{ip: 192.168.5.139, host: pr-hdds-1786-trunk-k6rzm-1803654198, networkLocation: /default-rack, certSerialId: null}b72696e0-9c4e-4740-8bcd-ca4650f90538{ip: 192.168.5.139, host: pr-hdds-1786-trunk-k6rzm-1803654198, networkLocation: /default-rack, certSerialId: null}a2905edf-b9c1-421a-8807-b5d3e2a2f0d1{ip: 192.168.5.139, host: pr-hdds-1786-trunk-k6rzm-1803654198, networkLocation: /default-rack, certSerialId: null}, Type:RATIS, Factor:THREE, State:OPEN] from datanode b72696e0-9c4e-4740-8bcd-ca4650f90538{ip: 192.168.5.139, host: pr-hdds-1786-trunk-k6rzm-1803654198, networkLocation: /default-rack, certSerialId: null}. Reason : b72696e0-9c4e-4740-8bcd-ca4650f90538 has not seen follower/s 4d5e76d1-94b4-4344-b272-620ca499a368 for 120258ms a2905edf-b9c1-421a-8807-b5d3e2a2f0d1 for 120259ms
2019-09-10 18:43:17,158 [EventQueue-PipelineActionsForPipelineActionHandler] INFO  pipeline.SCMPipelineManager (SCMPipelineManager.java:finalizeAndDestroyPipeline(311)) - destroying pipeline:Pipeline[ Id: a949f866-3595-4f72-be7a-23e12dac9301, Nodes: 4d5e76d1-94b4-4344-b272-620ca499a368{ip: 192.168.5.139, host: pr-hdds-1786-trunk-k6rzm-1803654198, networkLocation: /default-rack, certSerialId: null}b72696e0-9c4e-4740-8bcd-ca4650f90538{ip: 192.168.5.139, host: pr-hdds-1786-trunk-k6rzm-1803654198, networkLocation: /default-rack, certSerialId: null}a2905edf-b9c1-421a-8807-b5d3e2a2f0d1{ip: 192.168.5.139, host: pr-hdds-1786-trunk-k6rzm-1803654198, networkLocation: /default-rack, certSerialId: null}, Type:RATIS, Factor:THREE, State:OPEN]
2019-09-10 18:43:17,158 [EventQueue-PipelineActionsForPipelineActionHandler] INFO  pipeline.PipelineStateManager (PipelineStateManager.java:finalizePipeline(123)) - Pipeline Pipeline[ Id: a949f866-3595-4f72-be7a-23e12dac9301, Nodes: 4d5e76d1-94b4-4344-b272-620ca499a368{ip: 192.168.5.139, host: pr-hdds-1786-trunk-k6rzm-1803654198, networkLocation: /default-rack, certSerialId: null}b72696e0-9c4e-4740-8bcd-ca4650f90538{ip: 192.168.5.139, host: pr-hdds-1786-trunk-k6rzm-1803654198, networkLocation: /default-rack, certSerialId: null}a2905edf-b9c1-421a-8807-b5d3e2a2f0d1{ip: 192.168.5.139, host: pr-hdds-1786-trunk-k6rzm-1803654198, networkLocation: /default-rack, certSerialId: null}, Type:RATIS, Factor:THREE, State:CLOSED] moved to CLOSED state
2019-09-10 18:43:17,159 [EventQueue-CloseContainerForCloseContainerEventHandler] INFO  container.CloseContainerEventHandler (CloseContainerEventHandler.java:onMessage(61)) - Close container Event triggered for container : #4
2019-09-10 18:43:17,160 [EventQueue-CloseContainerForCloseContainerEventHandler] INFO  container.CloseContainerEventHandler (CloseContainerEventHandler.java:onMessage(61)) - Close container Event triggered for container : #5
2019-09-10 18:43:17,453 [java.util.concurrent.ThreadPoolExecutor$Worker@5a51959c[State = -1, empty queue]] WARN  server.GrpcLogAppender (GrpcLogAppender.java:timeoutAppendRequest(200)) - b72696e0-9c4e-4740-8bcd-ca4650f90538@group-23E12DAC9301->4d5e76d1-94b4-4344-b272-620ca499a368-GrpcLogAppender: appendEntries Timeout, request=b72696e0-9c4e-4740-8bcd-ca4650f90538->4d5e76d1-94b4-4344-b272-620ca499a368#60-t1, previous=(t:1, i:12), leaderCommit=6, initializing? false, entries: <empty>
2019-09-10 18:43:17,453 [java.util.concurrent.ThreadPoolExecutor$Worker@2c162ad4[State = -1, empty queue]] WARN  server.GrpcLogAppender (GrpcLogAppender.java:timeoutAppendRequest(200)) - b72696e0-9c4e-4740-8bcd-ca4650f90538@group-23E12DAC9301->a2905edf-b9c1-421a-8807-b5d3e2a2f0d1-GrpcLogAppender: appendEntries Timeout, request=b72696e0-9c4e-4740-8bcd-ca4650f90538->a2905edf-b9c1-421a-8807-b5d3e2a2f0d1#60-t1, previous=(t:1, i:12), leaderCommit=6, initializing? false, entries: <empty>
2019-09-10 18:43:17,950 [grpc-default-executor-0] INFO  client.GrpcClientProtocolClient (GrpcClientProtocolClient.java:onNext(264)) - client-D387AA9945EB->a2905edf-b9c1-421a-8807-b5d3e2a2f0d1: receive RaftClientReply:client-D387AA9945EB->a2905edf-b9c1-421a-8807-b5d3e2a2f0d1@group-23E12DAC9301, cid=39, FAILED org.apache.ratis.protocol.NotLeaderException: Server a2905edf-b9c1-421a-8807-b5d3e2a2f0d1@group-23E12DAC9301 is not the leader b72696e0-9c4e-4740-8bcd-ca4650f90538:192.168.5.139:36803, logIndex=0, commits[a2905edf-b9c1-421a-8807-b5d3e2a2f0d1:c6, b72696e0-9c4e-4740-8bcd-ca4650f90538:c6, 4d5e76d1-94b4-4344-b272-620ca499a368:c4]
2019-09-10 18:43:19,453 [org.apache.ratis.server.impl.LogAppender$AppenderDaemon$$Lambda$491/1891770971@902d601] ERROR ratis.XceiverServerRatis (XceiverServerRatis.java:triggerPipelineClose(575)) - pipeline Action CLOSE  on pipeline PipelineID=a949f866-3595-4f72-be7a-23e12dac9301.Reason : b72696e0-9c4e-4740-8bcd-ca4650f90538 has not seen follower/s 4d5e76d1-94b4-4344-b272-620ca499a368 for 122759ms a2905edf-b9c1-421a-8807-b5d3e2a2f0d1 for 122759ms
2019-09-10 18:43:19,454 [org.apache.ratis.server.impl.LogAppender$AppenderDaemon$$Lambda$491/1891770971@e29e936] ERROR ratis.XceiverServerRatis (XceiverServerRatis.java:triggerPipelineClose(575)) - pipeline Action CLOSE  on pipeline PipelineID=a949f866-3595-4f72-be7a-23e12dac9301.Reason : b72696e0-9c4e-4740-8bcd-ca4650f90538 has not seen follower/s 4d5e76d1-94b4-4344-b272-620ca499a368 for 122759ms a2905edf-b9c1-421a-8807-b5d3e2a2f0d1 for 122759ms
2019-09-10 18:43:19,953 [java.util.concurrent.ThreadPoolExecutor$Worker@5a51959c[State = -1, empty queue]] WARN  server.GrpcLogAppender (GrpcLogAppender.java:timeoutAppendRequest(200)) - b72696e0-9c4e-4740-8bcd-ca4650f90538@group-23E12DAC9301->4d5e76d1-94b4-4344-b272-620ca499a368-GrpcLogAppender: appendEntries Timeout, request=b72696e0-9c4e-4740-8bcd-ca4650f90538->4d5e76d1-94b4-4344-b272-620ca499a368#61-t1, previous=(t:1, i:12), leaderCommit=6, initializing? false, entries: <empty>
2019-09-10 18:43:19,953 [java.util.concurrent.ThreadPoolExecutor$Worker@2c162ad4[State = -1, empty queue]] WARN  server.GrpcLogAppender (GrpcLogAppender.java:timeoutAppendRequest(200)) - b72696e0-9c4e-4740-8bcd-ca4650f90538@group-23E12DAC9301->a2905edf-b9c1-421a-8807-b5d3e2a2f0d1-GrpcLogAppender: appendEntries Timeout, request=b72696e0-9c4e-4740-8bcd-ca4650f90538->a2905edf-b9c1-421a-8807-b5d3e2a2f0d1#61-t1, previous=(t:1, i:12), leaderCommit=6, initializing? false, entries: <empty>
2019-09-10 18:43:20,157 [EventQueue-PipelineActionsForPipelineActionHandler] ERROR pipeline.PipelineActionHandler (PipelineActionHandler.java:onMessage(60)) - Received pipeline action CLOSE for Pipeline[ Id: a949f866-3595-4f72-be7a-23e12dac9301, Nodes: 4d5e76d1-94b4-4344-b272-620ca499a368{ip: 192.168.5.139, host: pr-hdds-1786-trunk-k6rzm-1803654198, networkLocation: /default-rack, certSerialId: null}b72696e0-9c4e-4740-8bcd-ca4650f90538{ip: 192.168.5.139, host: pr-hdds-1786-trunk-k6rzm-1803654198, networkLocation: /default-rack, certSerialId: null}a2905edf-b9c1-421a-8807-b5d3e2a2f0d1{ip: 192.168.5.139, host: pr-hdds-1786-trunk-k6rzm-1803654198, networkLocation: /default-rack, certSerialId: null}, Type:RATIS, Factor:THREE, State:CLOSED] from datanode b72696e0-9c4e-4740-8bcd-ca4650f90538{ip: 192.168.5.139, host: pr-hdds-1786-trunk-k6rzm-1803654198, networkLocation: /default-rack, certSerialId: null}. Reason : b72696e0-9c4e-4740-8bcd-ca4650f90538 has not seen follower/s 4d5e76d1-94b4-4344-b272-620ca499a368 for 122759ms a2905edf-b9c1-421a-8807-b5d3e2a2f0d1 for 122759ms
2019-09-10 18:43:20,157 [EventQueue-PipelineActionsForPipelineActionHandler] INFO  pipeline.SCMPipelineManager (SCMPipelineManager.java:finalizeAndDestroyPipeline(311)) - destroying pipeline:Pipeline[ Id: a949f866-3595-4f72-be7a-23e12dac9301, Nodes: 4d5e76d1-94b4-4344-b272-620ca499a368{ip: 192.168.5.139, host: pr-hdds-1786-trunk-k6rzm-1803654198, networkLocation: /default-rack, certSerialId: null}b72696e0-9c4e-4740-8bcd-ca4650f90538{ip: 192.168.5.139, host: pr-hdds-1786-trunk-k6rzm-1803654198, networkLocation: /default-rack, certSerialId: null}a2905edf-b9c1-421a-8807-b5d3e2a2f0d1{ip: 192.168.5.139, host: pr-hdds-1786-trunk-k6rzm-1803654198, networkLocation: /default-rack, certSerialId: null}, Type:RATIS, Factor:THREE, State:CLOSED]
2019-09-10 18:43:20,182 [org.apache.ratis.server.impl.LogAppender$AppenderDaemon$$Lambda$491/1891770971@902d601] ERROR ratis.XceiverServerRatis (XceiverServerRatis.java:triggerPipelineClose(575)) - pipeline Action CLOSE  on pipeline PipelineID=a949f866-3595-4f72-be7a-23e12dac9301.Reason : b72696e0-9c4e-4740-8bcd-ca4650f90538 has not seen follower/s 4d5e76d1-94b4-4344-b272-620ca499a368 for 123487ms a2905edf-b9c1-421a-8807-b5d3e2a2f0d1 for 123488ms
2019-09-10 18:43:20,182 [org.apache.ratis.server.impl.LogAppender$AppenderDaemon$$Lambda$491/1891770971@e29e936] ERROR ratis.XceiverServerRatis (XceiverServerRatis.java:triggerPipelineClose(575)) - pipeline Action CLOSE  on pipeline PipelineID=a949f866-3595-4f72-be7a-23e12dac9301.Reason : b72696e0-9c4e-4740-8bcd-ca4650f90538 has not seen follower/s 4d5e76d1-94b4-4344-b272-620ca499a368 for 123487ms a2905edf-b9c1-421a-8807-b5d3e2a2f0d1 for 123488ms
2019-09-10 18:43:21,181 [EventQueue-PipelineActionsForPipelineActionHandler] ERROR pipeline.PipelineActionHandler (PipelineActionHandler.java:onMessage(60)) - Received pipeline action CLOSE for Pipeline[ Id: a949f866-3595-4f72-be7a-23e12dac9301, Nodes: 4d5e76d1-94b4-4344-b272-620ca499a368{ip: 192.168.5.139, host: pr-hdds-1786-trunk-k6rzm-1803654198, networkLocation: /default-rack, certSerialId: null}b72696e0-9c4e-4740-8bcd-ca4650f90538{ip: 192.168.5.139, host: pr-hdds-1786-trunk-k6rzm-1803654198, networkLocation: /default-rack, certSerialId: null}a2905edf-b9c1-421a-8807-b5d3e2a2f0d1{ip: 192.168.5.139, host: pr-hdds-1786-trunk-k6rzm-1803654198, networkLocation: /default-rack, certSerialId: null}, Type:RATIS, Factor:THREE, State:CLOSED] from datanode b72696e0-9c4e-4740-8bcd-ca4650f90538{ip: 192.168.5.139, host: pr-hdds-1786-trunk-k6rzm-1803654198, networkLocation: /default-rack, certSerialId: null}. Reason : b72696e0-9c4e-4740-8bcd-ca4650f90538 has not seen follower/s 4d5e76d1-94b4-4344-b272-620ca499a368 for 123487ms a2905edf-b9c1-421a-8807-b5d3e2a2f0d1 for 123488ms
2019-09-10 18:43:21,181 [EventQueue-PipelineActionsForPipelineActionHandler] INFO  pipeline.SCMPipelineManager (SCMPipelineManager.java:finalizeAndDestroyPipeline(311)) - destroying pipeline:Pipeline[ Id: a949f866-3595-4f72-be7a-23e12dac9301, Nodes: 4d5e76d1-94b4-4344-b272-620ca499a368{ip: 192.168.5.139, host: pr-hdds-1786-trunk-k6rzm-1803654198, networkLocation: /default-rack, certSerialId: null}b72696e0-9c4e-4740-8bcd-ca4650f90538{ip: 192.168.5.139, host: pr-hdds-1786-trunk-k6rzm-1803654198, networkLocation: /default-rack, certSerialId: null}a2905edf-b9c1-421a-8807-b5d3e2a2f0d1{ip: 192.168.5.139, host: pr-hdds-1786-trunk-k6rzm-1803654198, networkLocation: /default-rack, certSerialId: null}, Type:RATIS, Factor:THREE, State:CLOSED]
2019-09-10 18:43:22,453 [java.util.concurrent.ThreadPoolExecutor$Worker@5a51959c[State = -1, empty queue]] WARN  server.GrpcLogAppender (GrpcLogAppender.java:timeoutAppendRequest(200)) - b72696e0-9c4e-4740-8bcd-ca4650f90538@group-23E12DAC9301->4d5e76d1-94b4-4344-b272-620ca499a368-GrpcLogAppender: appendEntries Timeout, request=b72696e0-9c4e-4740-8bcd-ca4650f90538->4d5e76d1-94b4-4344-b272-620ca499a368#62-t1, previous=(t:1, i:12), leaderCommit=6, initializing? false, entries: <empty>
2019-09-10 18:43:22,454 [java.util.concurrent.ThreadPoolExecutor$Worker@2c162ad4[State = -1, empty queue]] WARN  server.GrpcLogAppender (GrpcLogAppender.java:timeoutAppendRequest(200)) - b72696e0-9c4e-4740-8bcd-ca4650f90538@group-23E12DAC9301->a2905edf-b9c1-421a-8807-b5d3e2a2f0d1-GrpcLogAppender: appendEntries Timeout, request=b72696e0-9c4e-4740-8bcd-ca4650f90538->a2905edf-b9c1-421a-8807-b5d3e2a2f0d1#62-t1, previous=(t:1, i:12), leaderCommit=6, initializing? false, entries: <empty>
2019-09-10 18:43:22,683 [org.apache.ratis.server.impl.LogAppender$AppenderDaemon$$Lambda$491/1891770971@902d601] ERROR ratis.XceiverServerRatis (XceiverServerRatis.java:triggerPipelineClose(575)) - pipeline Action CLOSE  on pipeline PipelineID=a949f866-3595-4f72-be7a-23e12dac9301.Reason : b72696e0-9c4e-4740-8bcd-ca4650f90538 has not seen follower/s 4d5e76d1-94b4-4344-b272-620ca499a368 for 125988ms a2905edf-b9c1-421a-8807-b5d3e2a2f0d1 for 125988ms
2019-09-10 18:43:22,683 [org.apache.ratis.server.impl.LogAppender$AppenderDaemon$$Lambda$491/1891770971@e29e936] ERROR ratis.XceiverServerRatis (XceiverServerRatis.java:triggerPipelineClose(575)) - pipeline Action CLOSE  on pipeline PipelineID=a949f866-3595-4f72-be7a-23e12dac9301.Reason : b72696e0-9c4e-4740-8bcd-ca4650f90538 has not seen follower/s 4d5e76d1-94b4-4344-b272-620ca499a368 for 125988ms a2905edf-b9c1-421a-8807-b5d3e2a2f0d1 for 125989ms
2019-09-10 18:43:22,991 [grpc-default-executor-4] INFO  client.GrpcClientProtocolClient (GrpcClientProtocolClient.java:onNext(264)) - client-D387AA9945EB->a2905edf-b9c1-421a-8807-b5d3e2a2f0d1: receive RaftClientReply:client-D387AA9945EB->a2905edf-b9c1-421a-8807-b5d3e2a2f0d1@group-23E12DAC9301, cid=39, FAILED org.apache.ratis.protocol.NotLeaderException: Server a2905edf-b9c1-421a-8807-b5d3e2a2f0d1@group-23E12DAC9301 is not the leader b72696e0-9c4e-4740-8bcd-ca4650f90538:192.168.5.139:36803, logIndex=0, commits[a2905edf-b9c1-421a-8807-b5d3e2a2f0d1:c6, b72696e0-9c4e-4740-8bcd-ca4650f90538:c6, 4d5e76d1-94b4-4344-b272-620ca499a368:c4]
2019-09-10 18:43:23,181 [EventQueue-PipelineActionsForPipelineActionHandler] ERROR pipeline.PipelineActionHandler (PipelineActionHandler.java:onMessage(60)) - Received pipeline action CLOSE for Pipeline[ Id: a949f866-3595-4f72-be7a-23e12dac9301, Nodes: 4d5e76d1-94b4-4344-b272-620ca499a368{ip: 192.168.5.139, host: pr-hdds-1786-trunk-k6rzm-1803654198, networkLocation: /default-rack, certSerialId: null}b72696e0-9c4e-4740-8bcd-ca4650f90538{ip: 192.168.5.139, host: pr-hdds-1786-trunk-k6rzm-1803654198, networkLocation: /default-rack, certSerialId: null}a2905edf-b9c1-421a-8807-b5d3e2a2f0d1{ip: 192.168.5.139, host: pr-hdds-1786-trunk-k6rzm-1803654198, networkLocation: /default-rack, certSerialId: null}, Type:RATIS, Factor:THREE, State:CLOSED] from datanode b72696e0-9c4e-4740-8bcd-ca4650f90538{ip: 192.168.5.139, host: pr-hdds-1786-trunk-k6rzm-1803654198, networkLocation: /default-rack, certSerialId: null}. Reason : b72696e0-9c4e-4740-8bcd-ca4650f90538 has not seen follower/s 4d5e76d1-94b4-4344-b272-620ca499a368 for 125988ms a2905edf-b9c1-421a-8807-b5d3e2a2f0d1 for 125988ms
2019-09-10 18:43:23,181 [EventQueue-PipelineActionsForPipelineActionHandler] INFO  pipeline.SCMPipelineManager (SCMPipelineManager.java:finalizeAndDestroyPipeline(311)) - destroying pipeline:Pipeline[ Id: a949f866-3595-4f72-be7a-23e12dac9301, Nodes: 4d5e76d1-94b4-4344-b272-620ca499a368{ip: 192.168.5.139, host: pr-hdds-1786-trunk-k6rzm-1803654198, networkLocation: /default-rack, certSerialId: null}b72696e0-9c4e-4740-8bcd-ca4650f90538{ip: 192.168.5.139, host: pr-hdds-1786-trunk-k6rzm-1803654198, networkLocation: /default-rack, certSerialId: null}a2905edf-b9c1-421a-8807-b5d3e2a2f0d1{ip: 192.168.5.139, host: pr-hdds-1786-trunk-k6rzm-1803654198, networkLocation: /default-rack, certSerialId: null}, Type:RATIS, Factor:THREE, State:CLOSED]
2019-09-10 18:43:23,182 [java.util.concurrent.ThreadPoolExecutor$Worker@5a51959c[State = -1, empty queue]] WARN  server.GrpcLogAppender (GrpcLogAppender.java:timeoutAppendRequest(200)) - b72696e0-9c4e-4740-8bcd-ca4650f90538@group-23E12DAC9301->4d5e76d1-94b4-4344-b272-620ca499a368-GrpcLogAppender: appendEntries Timeout, request=b72696e0-9c4e-4740-8bcd-ca4650f90538->4d5e76d1-94b4-4344-b272-620ca499a368#63-t1, previous=(t:1, i:12), leaderCommit=6, initializing? false, entries: size=1, first=(t:1, i:13), STATEMACHINELOGENTRY, client-D613979F88DF, cid=10
2019-09-10 18:43:23,182 [java.util.concurrent.ThreadPoolExecutor$Worker@2c162ad4[State = -1, empty queue]] WARN  server.GrpcLogAppender (GrpcLogAppender.java:timeoutAppendRequest(200)) - b72696e0-9c4e-4740-8bcd-ca4650f90538@group-23E12DAC9301->a2905edf-b9c1-421a-8807-b5d3e2a2f0d1-GrpcLogAppender: appendEntries Timeout, request=b72696e0-9c4e-4740-8bcd-ca4650f90538->a2905edf-b9c1-421a-8807-b5d3e2a2f0d1#63-t1, previous=(t:1, i:12), leaderCommit=6, initializing? false, entries: size=1, first=(t:1, i:13), STATEMACHINELOGENTRY, client-D613979F88DF, cid=10
2019-09-10 18:43:25,184 [org.apache.ratis.server.impl.LogAppender$AppenderDaemon$$Lambda$491/1891770971@902d601] ERROR ratis.XceiverServerRatis (XceiverServerRatis.java:triggerPipelineClose(575)) - pipeline Action CLOSE  on pipeline PipelineID=a949f866-3595-4f72-be7a-23e12dac9301.Reason : b72696e0-9c4e-4740-8bcd-ca4650f90538 has not seen follower/s 4d5e76d1-94b4-4344-b272-620ca499a368 for 128489ms a2905edf-b9c1-421a-8807-b5d3e2a2f0d1 for 128490ms
2019-09-10 18:43:25,184 [org.apache.ratis.server.impl.LogAppender$AppenderDaemon$$Lambda$491/1891770971@e29e936] ERROR ratis.XceiverServerRatis (XceiverServerRatis.java:triggerPipelineClose(575)) - pipeline Action CLOSE  on pipeline PipelineID=a949f866-3595-4f72-be7a-23e12dac9301.Reason : b72696e0-9c4e-4740-8bcd-ca4650f90538 has not seen follower/s 4d5e76d1-94b4-4344-b272-620ca499a368 for 128489ms a2905edf-b9c1-421a-8807-b5d3e2a2f0d1 for 128490ms
2019-09-10 18:43:25,684 [java.util.concurrent.ThreadPoolExecutor$Worker@2c162ad4[State = -1, empty queue]] WARN  server.GrpcLogAppender (GrpcLogAppender.java:timeoutAppendRequest(200)) - b72696e0-9c4e-4740-8bcd-ca4650f90538@group-23E12DAC9301->a2905edf-b9c1-421a-8807-b5d3e2a2f0d1-GrpcLogAppender: appendEntries Timeout, request=b72696e0-9c4e-4740-8bcd-ca4650f90538->a2905edf-b9c1-421a-8807-b5d3e2a2f0d1#64-t1, previous=(t:1, i:13), leaderCommit=6, initializing? false, entries: <empty>
2019-09-10 18:43:25,684 [java.util.concurrent.ThreadPoolExecutor$Worker@5a51959c[State = -1, empty queue]] WARN  server.GrpcLogAppender (GrpcLogAppender.java:timeoutAppendRequest(200)) - b72696e0-9c4e-4740-8bcd-ca4650f90538@group-23E12DAC9301->4d5e76d1-94b4-4344-b272-620ca499a368-GrpcLogAppender: appendEntries Timeout, request=b72696e0-9c4e-4740-8bcd-ca4650f90538->4d5e76d1-94b4-4344-b272-620ca499a368#64-t1, previous=(t:1, i:13), leaderCommit=6, initializing? false, entries: <empty>
2019-09-10 18:43:26,183 [EventQueue-PipelineActionsForPipelineActionHandler] ERROR pipeline.PipelineActionHandler (PipelineActionHandler.java:onMessage(60)) - Received pipeline action CLOSE for Pipeline[ Id: a949f866-3595-4f72-be7a-23e12dac9301, Nodes: 4d5e76d1-94b4-4344-b272-620ca499a368{ip: 192.168.5.139, host: pr-hdds-1786-trunk-k6rzm-1803654198, networkLocation: /default-rack, certSerialId: null}b72696e0-9c4e-4740-8bcd-ca4650f90538{ip: 192.168.5.139, host: pr-hdds-1786-trunk-k6rzm-1803654198, networkLocation: /default-rack, certSerialId: null}a2905edf-b9c1-421a-8807-b5d3e2a2f0d1{ip: 192.168.5.139, host: pr-hdds-1786-trunk-k6rzm-1803654198, networkLocation: /default-rack, certSerialId: null}, Type:RATIS, Factor:THREE, State:CLOSED] from datanode b72696e0-9c4e-4740-8bcd-ca4650f90538{ip: 192.168.5.139, host: pr-hdds-1786-trunk-k6rzm-1803654198, networkLocation: /default-rack, certSerialId: null}. Reason : b72696e0-9c4e-4740-8bcd-ca4650f90538 has not seen follower/s 4d5e76d1-94b4-4344-b272-620ca499a368 for 128489ms a2905edf-b9c1-421a-8807-b5d3e2a2f0d1 for 128490ms
2019-09-10 18:43:26,183 [EventQueue-PipelineActionsForPipelineActionHandler] INFO  pipeline.SCMPipelineManager (SCMPipelineManager.java:finalizeAndDestroyPipeline(311)) - destroying pipeline:Pipeline[ Id: a949f866-3595-4f72-be7a-23e12dac9301, Nodes: 4d5e76d1-94b4-4344-b272-620ca499a368{ip: 192.168.5.139, host: pr-hdds-1786-trunk-k6rzm-1803654198, networkLocation: /default-rack, certSerialId: null}b72696e0-9c4e-4740-8bcd-ca4650f90538{ip: 192.168.5.139, host: pr-hdds-1786-trunk-k6rzm-1803654198, networkLocation: /default-rack, certSerialId: null}a2905edf-b9c1-421a-8807-b5d3e2a2f0d1{ip: 192.168.5.139, host: pr-hdds-1786-trunk-k6rzm-1803654198, networkLocation: /default-rack, certSerialId: null}, Type:RATIS, Factor:THREE, State:CLOSED]
2019-09-10 18:43:27,035 [4d5e76d1-94b4-4344-b272-620ca499a368@group-23E12DAC9301-SegmentedRaftLogWorker] WARN  segmented.SegmentedRaftLogWorker (SegmentedRaftLogWorker.java:getFromFuture(90)) - Timeout 12/~
org.apache.ratis.protocol.TimeoutIOException: Timeout 10s: WriteLog:8: (t:1, i:8), STATEMACHINELOGENTRY, client-D387AA9945EB, cid=40-writeStateMachineData
	at org.apache.ratis.util.IOUtils.getFromFuture(IOUtils.java:87)
	at org.apache.ratis.server.raftlog.segmented.SegmentedRaftLogWorker$StateMachineDataPolicy.getFromFuture(SegmentedRaftLogWorker.java:87)
	at org.apache.ratis.server.raftlog.segmented.SegmentedRaftLogWorker$WriteLog.execute(SegmentedRaftLogWorker.java:477)
	at org.apache.ratis.server.raftlog.segmented.SegmentedRaftLogWorker.run(SegmentedRaftLogWorker.java:289)
	at java.lang.Thread.run(Thread.java:748)
Caused by: java.util.concurrent.TimeoutException
	at java.util.concurrent.CompletableFuture.timedGet(CompletableFuture.java:1771)
	at java.util.concurrent.CompletableFuture.get(CompletableFuture.java:1915)
	at org.apache.ratis.util.IOUtils.getFromFuture(IOUtils.java:79)
	... 4 more
2019-09-10 18:43:27,102 [b72696e0-9c4e-4740-8bcd-ca4650f90538@group-23E12DAC9301-SegmentedRaftLogWorker] WARN  segmented.SegmentedRaftLogWorker (SegmentedRaftLogWorker.java:getFromFuture(90)) - Timeout 12/~
org.apache.ratis.protocol.TimeoutIOException: Timeout 10s: WriteLog:8: (t:1, i:8), STATEMACHINELOGENTRY, client-D387AA9945EB, cid=40-writeStateMachineData
	at org.apache.ratis.util.IOUtils.getFromFuture(IOUtils.java:87)
	at org.apache.ratis.server.raftlog.segmented.SegmentedRaftLogWorker$StateMachineDataPolicy.getFromFuture(SegmentedRaftLogWorker.java:87)
	at org.apache.ratis.server.raftlog.segmented.SegmentedRaftLogWorker$WriteLog.execute(SegmentedRaftLogWorker.java:477)
	at org.apache.ratis.server.raftlog.segmented.SegmentedRaftLogWorker.run(SegmentedRaftLogWorker.java:289)
	at java.lang.Thread.run(Thread.java:748)
Caused by: java.util.concurrent.TimeoutException
	at java.util.concurrent.CompletableFuture.timedGet(CompletableFuture.java:1771)
	at java.util.concurrent.CompletableFuture.get(CompletableFuture.java:1915)
	at org.apache.ratis.util.IOUtils.getFromFuture(IOUtils.java:79)
	... 4 more
2019-09-10 18:43:27,104 [a2905edf-b9c1-421a-8807-b5d3e2a2f0d1@group-23E12DAC9301-SegmentedRaftLogWorker] WARN  segmented.SegmentedRaftLogWorker (SegmentedRaftLogWorker.java:getFromFuture(90)) - Timeout 12/~
org.apache.ratis.protocol.TimeoutIOException: Timeout 10s: WriteLog:8: (t:1, i:8), STATEMACHINELOGENTRY, client-D387AA9945EB, cid=40-writeStateMachineData
	at org.apache.ratis.util.IOUtils.getFromFuture(IOUtils.java:87)
	at org.apache.ratis.server.raftlog.segmented.SegmentedRaftLogWorker$StateMachineDataPolicy.getFromFuture(SegmentedRaftLogWorker.java:87)
	at org.apache.ratis.server.raftlog.segmented.SegmentedRaftLogWorker$WriteLog.execute(SegmentedRaftLogWorker.java:477)
	at org.apache.ratis.server.raftlog.segmented.SegmentedRaftLogWorker.run(SegmentedRaftLogWorker.java:289)
	at java.lang.Thread.run(Thread.java:748)
Caused by: java.util.concurrent.TimeoutException
	at java.util.concurrent.CompletableFuture.timedGet(CompletableFuture.java:1771)
	at java.util.concurrent.CompletableFuture.get(CompletableFuture.java:1915)
	at org.apache.ratis.util.IOUtils.getFromFuture(IOUtils.java:79)
	... 4 more
2019-09-10 18:43:27,686 [org.apache.ratis.server.impl.LogAppender$AppenderDaemon$$Lambda$491/1891770971@e29e936] ERROR ratis.XceiverServerRatis (XceiverServerRatis.java:triggerPipelineClose(575)) - pipeline Action CLOSE  on pipeline PipelineID=a949f866-3595-4f72-be7a-23e12dac9301.Reason : b72696e0-9c4e-4740-8bcd-ca4650f90538 has not seen follower/s 4d5e76d1-94b4-4344-b272-620ca499a368 for 130991ms a2905edf-b9c1-421a-8807-b5d3e2a2f0d1 for 130991ms
2019-09-10 18:43:27,686 [org.apache.ratis.server.impl.LogAppender$AppenderDaemon$$Lambda$491/1891770971@902d601] ERROR ratis.XceiverServerRatis (XceiverServerRatis.java:triggerPipelineClose(575)) - pipeline Action CLOSE  on pipeline PipelineID=a949f866-3595-4f72-be7a-23e12dac9301.Reason : b72696e0-9c4e-4740-8bcd-ca4650f90538 has not seen follower/s 4d5e76d1-94b4-4344-b272-620ca499a368 for 130991ms a2905edf-b9c1-421a-8807-b5d3e2a2f0d1 for 130991ms
2019-09-10 18:43:28,040 [grpc-default-executor-4] INFO  client.GrpcClientProtocolClient (GrpcClientProtocolClient.java:onNext(264)) - client-D387AA9945EB->4d5e76d1-94b4-4344-b272-620ca499a368: receive RaftClientReply:client-D387AA9945EB->4d5e76d1-94b4-4344-b272-620ca499a368@group-23E12DAC9301, cid=39, FAILED org.apache.ratis.protocol.NotLeaderException: Server 4d5e76d1-94b4-4344-b272-620ca499a368@group-23E12DAC9301 is not the leader b72696e0-9c4e-4740-8bcd-ca4650f90538:192.168.5.139:36803, logIndex=0, commits[4d5e76d1-94b4-4344-b272-620ca499a368:c6, b72696e0-9c4e-4740-8bcd-ca4650f90538:c6, a2905edf-b9c1-421a-8807-b5d3e2a2f0d1:c4]
2019-09-10 18:43:28,182 [EventQueue-PipelineActionsForPipelineActionHandler] ERROR pipeline.PipelineActionHandler (PipelineActionHandler.java:onMessage(60)) - Received pipeline action CLOSE for Pipeline[ Id: a949f866-3595-4f72-be7a-23e12dac9301, Nodes: 4d5e76d1-94b4-4344-b272-620ca499a368{ip: 192.168.5.139, host: pr-hdds-1786-trunk-k6rzm-1803654198, networkLocation: /default-rack, certSerialId: null}b72696e0-9c4e-4740-8bcd-ca4650f90538{ip: 192.168.5.139, host: pr-hdds-1786-trunk-k6rzm-1803654198, networkLocation: /default-rack, certSerialId: null}a2905edf-b9c1-421a-8807-b5d3e2a2f0d1{ip: 192.168.5.139, host: pr-hdds-1786-trunk-k6rzm-1803654198, networkLocation: /default-rack, certSerialId: null}, Type:RATIS, Factor:THREE, State:CLOSED] from datanode b72696e0-9c4e-4740-8bcd-ca4650f90538{ip: 192.168.5.139, host: pr-hdds-1786-trunk-k6rzm-1803654198, networkLocation: /default-rack, certSerialId: null}. Reason : b72696e0-9c4e-4740-8bcd-ca4650f90538 has not seen follower/s 4d5e76d1-94b4-4344-b272-620ca499a368 for 130991ms a2905edf-b9c1-421a-8807-b5d3e2a2f0d1 for 130991ms
2019-09-10 18:43:28,183 [EventQueue-PipelineActionsForPipelineActionHandler] INFO  pipeline.SCMPipelineManager (SCMPipelineManager.java:finalizeAndDestroyPipeline(311)) - destroying pipeline:Pipeline[ Id: a949f866-3595-4f72-be7a-23e12dac9301, Nodes: 4d5e76d1-94b4-4344-b272-620ca499a368{ip: 192.168.5.139, host: pr-hdds-1786-trunk-k6rzm-1803654198, networkLocation: /default-rack, certSerialId: null}b72696e0-9c4e-4740-8bcd-ca4650f90538{ip: 192.168.5.139, host: pr-hdds-1786-trunk-k6rzm-1803654198, networkLocation: /default-rack, certSerialId: null}a2905edf-b9c1-421a-8807-b5d3e2a2f0d1{ip: 192.168.5.139, host: pr-hdds-1786-trunk-k6rzm-1803654198, networkLocation: /default-rack, certSerialId: null}, Type:RATIS, Factor:THREE, State:CLOSED]
2019-09-10 18:43:28,184 [java.util.concurrent.ThreadPoolExecutor$Worker@2c162ad4[State = -1, empty queue]] WARN  server.GrpcLogAppender (GrpcLogAppender.java:timeoutAppendRequest(200)) - b72696e0-9c4e-4740-8bcd-ca4650f90538@group-23E12DAC9301->a2905edf-b9c1-421a-8807-b5d3e2a2f0d1-GrpcLogAppender: appendEntries Timeout, request=b72696e0-9c4e-4740-8bcd-ca4650f90538->a2905edf-b9c1-421a-8807-b5d3e2a2f0d1#65-t1, previous=(t:1, i:13), leaderCommit=6, initializing? false, entries: <empty>
2019-09-10 18:43:28,184 [java.util.concurrent.ThreadPoolExecutor$Worker@5a51959c[State = -1, empty queue]] WARN  server.GrpcLogAppender (GrpcLogAppender.java:timeoutAppendRequest(200)) - b72696e0-9c4e-4740-8bcd-ca4650f90538@group-23E12DAC9301->4d5e76d1-94b4-4344-b272-620ca499a368-GrpcLogAppender: appendEntries Timeout, request=b72696e0-9c4e-4740-8bcd-ca4650f90538->4d5e76d1-94b4-4344-b272-620ca499a368#65-t1, previous=(t:1, i:13), leaderCommit=6, initializing? false, entries: <empty>
2019-09-10 18:43:30,187 [org.apache.ratis.server.impl.LogAppender$AppenderDaemon$$Lambda$491/1891770971@902d601] ERROR ratis.XceiverServerRatis (XceiverServerRatis.java:triggerPipelineClose(575)) - pipeline Action CLOSE  on pipeline PipelineID=a949f866-3595-4f72-be7a-23e12dac9301.Reason : b72696e0-9c4e-4740-8bcd-ca4650f90538 has not seen follower/s 4d5e76d1-94b4-4344-b272-620ca499a368 for 133492ms a2905edf-b9c1-421a-8807-b5d3e2a2f0d1 for 133492ms
2019-09-10 18:43:30,187 [org.apache.ratis.server.impl.LogAppender$AppenderDaemon$$Lambda$491/1891770971@e29e936] ERROR ratis.XceiverServerRatis (XceiverServerRatis.java:triggerPipelineClose(575)) - pipeline Action CLOSE  on pipeline PipelineID=a949f866-3595-4f72-be7a-23e12dac9301.Reason : b72696e0-9c4e-4740-8bcd-ca4650f90538 has not seen follower/s 4d5e76d1-94b4-4344-b272-620ca499a368 for 133492ms a2905edf-b9c1-421a-8807-b5d3e2a2f0d1 for 133492ms
2019-09-10 18:43:30,686 [java.util.concurrent.ThreadPoolExecutor$Worker@5a51959c[State = -1, empty queue]] WARN  server.GrpcLogAppender (GrpcLogAppender.java:timeoutAppendRequest(200)) - b72696e0-9c4e-4740-8bcd-ca4650f90538@group-23E12DAC9301->4d5e76d1-94b4-4344-b272-620ca499a368-GrpcLogAppender: appendEntries Timeout, request=b72696e0-9c4e-4740-8bcd-ca4650f90538->4d5e76d1-94b4-4344-b272-620ca499a368#66-t1, previous=(t:1, i:13), leaderCommit=6, initializing? false, entries: <empty>
2019-09-10 18:43:30,686 [java.util.concurrent.ThreadPoolExecutor$Worker@2c162ad4[State = -1, empty queue]] WARN  server.GrpcLogAppender (GrpcLogAppender.java:timeoutAppendRequest(200)) - b72696e0-9c4e-4740-8bcd-ca4650f90538@group-23E12DAC9301->a2905edf-b9c1-421a-8807-b5d3e2a2f0d1-GrpcLogAppender: appendEntries Timeout, request=b72696e0-9c4e-4740-8bcd-ca4650f90538->a2905edf-b9c1-421a-8807-b5d3e2a2f0d1#66-t1, previous=(t:1, i:13), leaderCommit=6, initializing? false, entries: <empty>
2019-09-10 18:43:31,182 [EventQueue-PipelineActionsForPipelineActionHandler] ERROR pipeline.PipelineActionHandler (PipelineActionHandler.java:onMessage(60)) - Received pipeline action CLOSE for Pipeline[ Id: a949f866-3595-4f72-be7a-23e12dac9301, Nodes: 4d5e76d1-94b4-4344-b272-620ca499a368{ip: 192.168.5.139, host: pr-hdds-1786-trunk-k6rzm-1803654198, networkLocation: /default-rack, certSerialId: null}b72696e0-9c4e-4740-8bcd-ca4650f90538{ip: 192.168.5.139, host: pr-hdds-1786-trunk-k6rzm-1803654198, networkLocation: /default-rack, certSerialId: null}a2905edf-b9c1-421a-8807-b5d3e2a2f0d1{ip: 192.168.5.139, host: pr-hdds-1786-trunk-k6rzm-1803654198, networkLocation: /default-rack, certSerialId: null}, Type:RATIS, Factor:THREE, State:CLOSED] from datanode b72696e0-9c4e-4740-8bcd-ca4650f90538{ip: 192.168.5.139, host: pr-hdds-1786-trunk-k6rzm-1803654198, networkLocation: /default-rack, certSerialId: null}. Reason : b72696e0-9c4e-4740-8bcd-ca4650f90538 has not seen follower/s 4d5e76d1-94b4-4344-b272-620ca499a368 for 133492ms a2905edf-b9c1-421a-8807-b5d3e2a2f0d1 for 133492ms
2019-09-10 18:43:31,182 [EventQueue-PipelineActionsForPipelineActionHandler] INFO  pipeline.SCMPipelineManager (SCMPipelineManager.java:finalizeAndDestroyPipeline(311)) - destroying pipeline:Pipeline[ Id: a949f866-3595-4f72-be7a-23e12dac9301, Nodes: 4d5e76d1-94b4-4344-b272-620ca499a368{ip: 192.168.5.139, host: pr-hdds-1786-trunk-k6rzm-1803654198, networkLocation: /default-rack, certSerialId: null}b72696e0-9c4e-4740-8bcd-ca4650f90538{ip: 192.168.5.139, host: pr-hdds-1786-trunk-k6rzm-1803654198, networkLocation: /default-rack, certSerialId: null}a2905edf-b9c1-421a-8807-b5d3e2a2f0d1{ip: 192.168.5.139, host: pr-hdds-1786-trunk-k6rzm-1803654198, networkLocation: /default-rack, certSerialId: null}, Type:RATIS, Factor:THREE, State:CLOSED]
2019-09-10 18:43:32,687 [org.apache.ratis.server.impl.LogAppender$AppenderDaemon$$Lambda$491/1891770971@e29e936] ERROR ratis.XceiverServerRatis (XceiverServerRatis.java:triggerPipelineClose(575)) - pipeline Action CLOSE  on pipeline PipelineID=a949f866-3595-4f72-be7a-23e12dac9301.Reason : b72696e0-9c4e-4740-8bcd-ca4650f90538 has not seen follower/s 4d5e76d1-94b4-4344-b272-620ca499a368 for 135992ms a2905edf-b9c1-421a-8807-b5d3e2a2f0d1 for 135992ms
2019-09-10 18:43:32,688 [org.apache.ratis.server.impl.LogAppender$AppenderDaemon$$Lambda$491/1891770971@902d601] ERROR ratis.XceiverServerRatis (XceiverServerRatis.java:triggerPipelineClose(575)) - pipeline Action CLOSE  on pipeline PipelineID=a949f866-3595-4f72-be7a-23e12dac9301.Reason : b72696e0-9c4e-4740-8bcd-ca4650f90538 has not seen follower/s 4d5e76d1-94b4-4344-b272-620ca499a368 for 135993ms a2905edf-b9c1-421a-8807-b5d3e2a2f0d1 for 135993ms
2019-09-10 18:43:33,113 [grpc-default-executor-0] INFO  client.GrpcClientProtocolClient (GrpcClientProtocolClient.java:onNext(264)) - client-D387AA9945EB->a2905edf-b9c1-421a-8807-b5d3e2a2f0d1: receive RaftClientReply:client-D387AA9945EB->a2905edf-b9c1-421a-8807-b5d3e2a2f0d1@group-23E12DAC9301, cid=39, FAILED org.apache.ratis.protocol.NotLeaderException: Server a2905edf-b9c1-421a-8807-b5d3e2a2f0d1@group-23E12DAC9301 is not the leader b72696e0-9c4e-4740-8bcd-ca4650f90538:192.168.5.139:36803, logIndex=0, commits[a2905edf-b9c1-421a-8807-b5d3e2a2f0d1:c6, b72696e0-9c4e-4740-8bcd-ca4650f90538:c6, 4d5e76d1-94b4-4344-b272-620ca499a368:c4]
2019-09-10 18:43:33,182 [EventQueue-PipelineActionsForPipelineActionHandler] ERROR pipeline.PipelineActionHandler (PipelineActionHandler.java:onMessage(60)) - Received pipeline action CLOSE for Pipeline[ Id: a949f866-3595-4f72-be7a-23e12dac9301, Nodes: 4d5e76d1-94b4-4344-b272-620ca499a368{ip: 192.168.5.139, host: pr-hdds-1786-trunk-k6rzm-1803654198, networkLocation: /default-rack, certSerialId: null}b72696e0-9c4e-4740-8bcd-ca4650f90538{ip: 192.168.5.139, host: pr-hdds-1786-trunk-k6rzm-1803654198, networkLocation: /default-rack, certSerialId: null}a2905edf-b9c1-421a-8807-b5d3e2a2f0d1{ip: 192.168.5.139, host: pr-hdds-1786-trunk-k6rzm-1803654198, networkLocation: /default-rack, certSerialId: null}, Type:RATIS, Factor:THREE, State:CLOSED] from datanode b72696e0-9c4e-4740-8bcd-ca4650f90538{ip: 192.168.5.139, host: pr-hdds-1786-trunk-k6rzm-1803654198, networkLocation: /default-rack, certSerialId: null}. Reason : b72696e0-9c4e-4740-8bcd-ca4650f90538 has not seen follower/s 4d5e76d1-94b4-4344-b272-620ca499a368 for 135992ms a2905edf-b9c1-421a-8807-b5d3e2a2f0d1 for 135992ms
2019-09-10 18:43:33,183 [EventQueue-PipelineActionsForPipelineActionHandler] INFO  pipeline.SCMPipelineManager (SCMPipelineManager.java:finalizeAndDestroyPipeline(311)) - destroying pipeline:Pipeline[ Id: a949f866-3595-4f72-be7a-23e12dac9301, Nodes: 4d5e76d1-94b4-4344-b272-620ca499a368{ip: 192.168.5.139, host: pr-hdds-1786-trunk-k6rzm-1803654198, networkLocation: /default-rack, certSerialId: null}b72696e0-9c4e-4740-8bcd-ca4650f90538{ip: 192.168.5.139, host: pr-hdds-1786-trunk-k6rzm-1803654198, networkLocation: /default-rack, certSerialId: null}a2905edf-b9c1-421a-8807-b5d3e2a2f0d1{ip: 192.168.5.139, host: pr-hdds-1786-trunk-k6rzm-1803654198, networkLocation: /default-rack, certSerialId: null}, Type:RATIS, Factor:THREE, State:CLOSED]
2019-09-10 18:43:33,187 [java.util.concurrent.ThreadPoolExecutor$Worker@5a51959c[State = -1, empty queue]] WARN  server.GrpcLogAppender (GrpcLogAppender.java:timeoutAppendRequest(200)) - b72696e0-9c4e-4740-8bcd-ca4650f90538@group-23E12DAC9301->4d5e76d1-94b4-4344-b272-620ca499a368-GrpcLogAppender: appendEntries Timeout, request=b72696e0-9c4e-4740-8bcd-ca4650f90538->4d5e76d1-94b4-4344-b272-620ca499a368#67-t1, previous=(t:1, i:13), leaderCommit=6, initializing? false, entries: <empty>
2019-09-10 18:43:33,187 [java.util.concurrent.ThreadPoolExecutor$Worker@2c162ad4[State = -1, empty queue]] WARN  server.GrpcLogAppender (GrpcLogAppender.java:timeoutAppendRequest(200)) - b72696e0-9c4e-4740-8bcd-ca4650f90538@group-23E12DAC9301->a2905edf-b9c1-421a-8807-b5d3e2a2f0d1-GrpcLogAppender: appendEntries Timeout, request=b72696e0-9c4e-4740-8bcd-ca4650f90538->a2905edf-b9c1-421a-8807-b5d3e2a2f0d1#67-t1, previous=(t:1, i:13), leaderCommit=6, initializing? false, entries: <empty>
2019-09-10 18:43:35,188 [org.apache.ratis.server.impl.LogAppender$AppenderDaemon$$Lambda$491/1891770971@e29e936] ERROR ratis.XceiverServerRatis (XceiverServerRatis.java:triggerPipelineClose(575)) - pipeline Action CLOSE  on pipeline PipelineID=a949f866-3595-4f72-be7a-23e12dac9301.Reason : b72696e0-9c4e-4740-8bcd-ca4650f90538 has not seen follower/s 4d5e76d1-94b4-4344-b272-620ca499a368 for 138493ms a2905edf-b9c1-421a-8807-b5d3e2a2f0d1 for 138493ms
2019-09-10 18:43:35,188 [org.apache.ratis.server.impl.LogAppender$AppenderDaemon$$Lambda$491/1891770971@902d601] ERROR ratis.XceiverServerRatis (XceiverServerRatis.java:triggerPipelineClose(575)) - pipeline Action CLOSE  on pipeline PipelineID=a949f866-3595-4f72-be7a-23e12dac9301.Reason : b72696e0-9c4e-4740-8bcd-ca4650f90538 has not seen follower/s 4d5e76d1-94b4-4344-b272-620ca499a368 for 138494ms a2905edf-b9c1-421a-8807-b5d3e2a2f0d1 for 138494ms
2019-09-10 18:43:35,687 [java.util.concurrent.ThreadPoolExecutor$Worker@2c162ad4[State = -1, empty queue]] WARN  server.GrpcLogAppender (GrpcLogAppender.java:timeoutAppendRequest(200)) - b72696e0-9c4e-4740-8bcd-ca4650f90538@group-23E12DAC9301->a2905edf-b9c1-421a-8807-b5d3e2a2f0d1-GrpcLogAppender: appendEntries Timeout, request=b72696e0-9c4e-4740-8bcd-ca4650f90538->a2905edf-b9c1-421a-8807-b5d3e2a2f0d1#68-t1, previous=(t:1, i:13), leaderCommit=6, initializing? false, entries: <empty>
2019-09-10 18:43:35,688 [java.util.concurrent.ThreadPoolExecutor$Worker@5a51959c[State = -1, empty queue]] WARN  server.GrpcLogAppender (GrpcLogAppender.java:timeoutAppendRequest(200)) - b72696e0-9c4e-4740-8bcd-ca4650f90538@group-23E12DAC9301->4d5e76d1-94b4-4344-b272-620ca499a368-GrpcLogAppender: appendEntries Timeout, request=b72696e0-9c4e-4740-8bcd-ca4650f90538->4d5e76d1-94b4-4344-b272-620ca499a368#68-t1, previous=(t:1, i:13), leaderCommit=6, initializing? false, entries: <empty>
2019-09-10 18:43:36,182 [EventQueue-PipelineActionsForPipelineActionHandler] ERROR pipeline.PipelineActionHandler (PipelineActionHandler.java:onMessage(60)) - Received pipeline action CLOSE for Pipeline[ Id: a949f866-3595-4f72-be7a-23e12dac9301, Nodes: 4d5e76d1-94b4-4344-b272-620ca499a368{ip: 192.168.5.139, host: pr-hdds-1786-trunk-k6rzm-1803654198, networkLocation: /default-rack, certSerialId: null}b72696e0-9c4e-4740-8bcd-ca4650f90538{ip: 192.168.5.139, host: pr-hdds-1786-trunk-k6rzm-1803654198, networkLocation: /default-rack, certSerialId: null}a2905edf-b9c1-421a-8807-b5d3e2a2f0d1{ip: 192.168.5.139, host: pr-hdds-1786-trunk-k6rzm-1803654198, networkLocation: /default-rack, certSerialId: null}, Type:RATIS, Factor:THREE, State:CLOSED] from datanode b72696e0-9c4e-4740-8bcd-ca4650f90538{ip: 192.168.5.139, host: pr-hdds-1786-trunk-k6rzm-1803654198, networkLocation: /default-rack, certSerialId: null}. Reason : b72696e0-9c4e-4740-8bcd-ca4650f90538 has not seen follower/s 4d5e76d1-94b4-4344-b272-620ca499a368 for 138493ms a2905edf-b9c1-421a-8807-b5d3e2a2f0d1 for 138493ms
2019-09-10 18:43:36,182 [EventQueue-PipelineActionsForPipelineActionHandler] INFO  pipeline.SCMPipelineManager (SCMPipelineManager.java:finalizeAndDestroyPipeline(311)) - destroying pipeline:Pipeline[ Id: a949f866-3595-4f72-be7a-23e12dac9301, Nodes: 4d5e76d1-94b4-4344-b272-620ca499a368{ip: 192.168.5.139, host: pr-hdds-1786-trunk-k6rzm-1803654198, networkLocation: /default-rack, certSerialId: null}b72696e0-9c4e-4740-8bcd-ca4650f90538{ip: 192.168.5.139, host: pr-hdds-1786-trunk-k6rzm-1803654198, networkLocation: /default-rack, certSerialId: null}a2905edf-b9c1-421a-8807-b5d3e2a2f0d1{ip: 192.168.5.139, host: pr-hdds-1786-trunk-k6rzm-1803654198, networkLocation: /default-rack, certSerialId: null}, Type:RATIS, Factor:THREE, State:CLOSED]
2019-09-10 18:43:37,036 [4d5e76d1-94b4-4344-b272-620ca499a368@group-23E12DAC9301-SegmentedRaftLogWorker] WARN  segmented.SegmentedRaftLogWorker (SegmentedRaftLogWorker.java:getFromFuture(90)) - Timeout 13/~
org.apache.ratis.protocol.TimeoutIOException: Timeout 10s: WriteLog:8: (t:1, i:8), STATEMACHINELOGENTRY, client-D387AA9945EB, cid=40-writeStateMachineData
	at org.apache.ratis.util.IOUtils.getFromFuture(IOUtils.java:87)
	at org.apache.ratis.server.raftlog.segmented.SegmentedRaftLogWorker$StateMachineDataPolicy.getFromFuture(SegmentedRaftLogWorker.java:87)
	at org.apache.ratis.server.raftlog.segmented.SegmentedRaftLogWorker$WriteLog.execute(SegmentedRaftLogWorker.java:477)
	at org.apache.ratis.server.raftlog.segmented.SegmentedRaftLogWorker.run(SegmentedRaftLogWorker.java:289)
	at java.lang.Thread.run(Thread.java:748)
Caused by: java.util.concurrent.TimeoutException
	at java.util.concurrent.CompletableFuture.timedGet(CompletableFuture.java:1771)
	at java.util.concurrent.CompletableFuture.get(CompletableFuture.java:1915)
	at org.apache.ratis.util.IOUtils.getFromFuture(IOUtils.java:79)
	... 4 more
2019-09-10 18:43:37,102 [b72696e0-9c4e-4740-8bcd-ca4650f90538@group-23E12DAC9301-SegmentedRaftLogWorker] WARN  segmented.SegmentedRaftLogWorker (SegmentedRaftLogWorker.java:getFromFuture(90)) - Timeout 13/~
org.apache.ratis.protocol.TimeoutIOException: Timeout 10s: WriteLog:8: (t:1, i:8), STATEMACHINELOGENTRY, client-D387AA9945EB, cid=40-writeStateMachineData
	at org.apache.ratis.util.IOUtils.getFromFuture(IOUtils.java:87)
	at org.apache.ratis.server.raftlog.segmented.SegmentedRaftLogWorker$StateMachineDataPolicy.getFromFuture(SegmentedRaftLogWorker.java:87)
	at org.apache.ratis.server.raftlog.segmented.SegmentedRaftLogWorker$WriteLog.execute(SegmentedRaftLogWorker.java:477)
	at org.apache.ratis.server.raftlog.segmented.SegmentedRaftLogWorker.run(SegmentedRaftLogWorker.java:289)
	at java.lang.Thread.run(Thread.java:748)
Caused by: java.util.concurrent.TimeoutException
	at java.util.concurrent.CompletableFuture.timedGet(CompletableFuture.java:1771)
	at java.util.concurrent.CompletableFuture.get(CompletableFuture.java:1915)
	at org.apache.ratis.util.IOUtils.getFromFuture(IOUtils.java:79)
	... 4 more
2019-09-10 18:43:37,104 [a2905edf-b9c1-421a-8807-b5d3e2a2f0d1@group-23E12DAC9301-SegmentedRaftLogWorker] WARN  segmented.SegmentedRaftLogWorker (SegmentedRaftLogWorker.java:getFromFuture(90)) - Timeout 13/~
org.apache.ratis.protocol.TimeoutIOException: Timeout 10s: WriteLog:8: (t:1, i:8), STATEMACHINELOGENTRY, client-D387AA9945EB, cid=40-writeStateMachineData
	at org.apache.ratis.util.IOUtils.getFromFuture(IOUtils.java:87)
	at org.apache.ratis.server.raftlog.segmented.SegmentedRaftLogWorker$StateMachineDataPolicy.getFromFuture(SegmentedRaftLogWorker.java:87)
	at org.apache.ratis.server.raftlog.segmented.SegmentedRaftLogWorker$WriteLog.execute(SegmentedRaftLogWorker.java:477)
	at org.apache.ratis.server.raftlog.segmented.SegmentedRaftLogWorker.run(SegmentedRaftLogWorker.java:289)
	at java.lang.Thread.run(Thread.java:748)
Caused by: java.util.concurrent.TimeoutException
	at java.util.concurrent.CompletableFuture.timedGet(CompletableFuture.java:1771)
	at java.util.concurrent.CompletableFuture.get(CompletableFuture.java:1915)
	at org.apache.ratis.util.IOUtils.getFromFuture(IOUtils.java:79)
	... 4 more
2019-09-10 18:43:37,689 [org.apache.ratis.server.impl.LogAppender$AppenderDaemon$$Lambda$491/1891770971@e29e936] ERROR ratis.XceiverServerRatis (XceiverServerRatis.java:triggerPipelineClose(575)) - pipeline Action CLOSE  on pipeline PipelineID=a949f866-3595-4f72-be7a-23e12dac9301.Reason : b72696e0-9c4e-4740-8bcd-ca4650f90538 has not seen follower/s 4d5e76d1-94b4-4344-b272-620ca499a368 for 140994ms a2905edf-b9c1-421a-8807-b5d3e2a2f0d1 for 140994ms
2019-09-10 18:43:37,689 [org.apache.ratis.server.impl.LogAppender$AppenderDaemon$$Lambda$491/1891770971@902d601] ERROR ratis.XceiverServerRatis (XceiverServerRatis.java:triggerPipelineClose(575)) - pipeline Action CLOSE  on pipeline PipelineID=a949f866-3595-4f72-be7a-23e12dac9301.Reason : b72696e0-9c4e-4740-8bcd-ca4650f90538 has not seen follower/s 4d5e76d1-94b4-4344-b272-620ca499a368 for 140994ms a2905edf-b9c1-421a-8807-b5d3e2a2f0d1 for 140994ms
2019-09-10 18:43:38,147 [grpc-default-executor-2] INFO  client.GrpcClientProtocolClient (GrpcClientProtocolClient.java:onNext(264)) - client-D387AA9945EB->a2905edf-b9c1-421a-8807-b5d3e2a2f0d1: receive RaftClientReply:client-D387AA9945EB->a2905edf-b9c1-421a-8807-b5d3e2a2f0d1@group-23E12DAC9301, cid=39, FAILED org.apache.ratis.protocol.NotLeaderException: Server a2905edf-b9c1-421a-8807-b5d3e2a2f0d1@group-23E12DAC9301 is not the leader b72696e0-9c4e-4740-8bcd-ca4650f90538:192.168.5.139:36803, logIndex=0, commits[a2905edf-b9c1-421a-8807-b5d3e2a2f0d1:c6, b72696e0-9c4e-4740-8bcd-ca4650f90538:c6, 4d5e76d1-94b4-4344-b272-620ca499a368:c4]
2019-09-10 18:43:38,182 [EventQueue-PipelineActionsForPipelineActionHandler] ERROR pipeline.PipelineActionHandler (PipelineActionHandler.java:onMessage(60)) - Received pipeline action CLOSE for Pipeline[ Id: a949f866-3595-4f72-be7a-23e12dac9301, Nodes: 4d5e76d1-94b4-4344-b272-620ca499a368{ip: 192.168.5.139, host: pr-hdds-1786-trunk-k6rzm-1803654198, networkLocation: /default-rack, certSerialId: null}b72696e0-9c4e-4740-8bcd-ca4650f90538{ip: 192.168.5.139, host: pr-hdds-1786-trunk-k6rzm-1803654198, networkLocation: /default-rack, certSerialId: null}a2905edf-b9c1-421a-8807-b5d3e2a2f0d1{ip: 192.168.5.139, host: pr-hdds-1786-trunk-k6rzm-1803654198, networkLocation: /default-rack, certSerialId: null}, Type:RATIS, Factor:THREE, State:CLOSED] from datanode b72696e0-9c4e-4740-8bcd-ca4650f90538{ip: 192.168.5.139, host: pr-hdds-1786-trunk-k6rzm-1803654198, networkLocation: /default-rack, certSerialId: null}. Reason : b72696e0-9c4e-4740-8bcd-ca4650f90538 has not seen follower/s 4d5e76d1-94b4-4344-b272-620ca499a368 for 140994ms a2905edf-b9c1-421a-8807-b5d3e2a2f0d1 for 140994ms
2019-09-10 18:43:38,182 [EventQueue-PipelineActionsForPipelineActionHandler] INFO  pipeline.SCMPipelineManager (SCMPipelineManager.java:finalizeAndDestroyPipeline(311)) - destroying pipeline:Pipeline[ Id: a949f866-3595-4f72-be7a-23e12dac9301, Nodes: 4d5e76d1-94b4-4344-b272-620ca499a368{ip: 192.168.5.139, host: pr-hdds-1786-trunk-k6rzm-1803654198, networkLocation: /default-rack, certSerialId: null}b72696e0-9c4e-4740-8bcd-ca4650f90538{ip: 192.168.5.139, host: pr-hdds-1786-trunk-k6rzm-1803654198, networkLocation: /default-rack, certSerialId: null}a2905edf-b9c1-421a-8807-b5d3e2a2f0d1{ip: 192.168.5.139, host: pr-hdds-1786-trunk-k6rzm-1803654198, networkLocation: /default-rack, certSerialId: null}, Type:RATIS, Factor:THREE, State:CLOSED]
2019-09-10 18:43:38,188 [java.util.concurrent.ThreadPoolExecutor$Worker@2c162ad4[State = -1, empty queue]] WARN  server.GrpcLogAppender (GrpcLogAppender.java:timeoutAppendRequest(200)) - b72696e0-9c4e-4740-8bcd-ca4650f90538@group-23E12DAC9301->a2905edf-b9c1-421a-8807-b5d3e2a2f0d1-GrpcLogAppender: appendEntries Timeout, request=b72696e0-9c4e-4740-8bcd-ca4650f90538->a2905edf-b9c1-421a-8807-b5d3e2a2f0d1#69-t1, previous=(t:1, i:13), leaderCommit=6, initializing? false, entries: <empty>
2019-09-10 18:43:38,188 [java.util.concurrent.ThreadPoolExecutor$Worker@5a51959c[State = -1, empty queue]] WARN  server.GrpcLogAppender (GrpcLogAppender.java:timeoutAppendRequest(200)) - b72696e0-9c4e-4740-8bcd-ca4650f90538@group-23E12DAC9301->4d5e76d1-94b4-4344-b272-620ca499a368-GrpcLogAppender: appendEntries Timeout, request=b72696e0-9c4e-4740-8bcd-ca4650f90538->4d5e76d1-94b4-4344-b272-620ca499a368#69-t1, previous=(t:1, i:13), leaderCommit=6, initializing? false, entries: <empty>
2019-09-10 18:43:40,190 [org.apache.ratis.server.impl.LogAppender$AppenderDaemon$$Lambda$491/1891770971@902d601] ERROR ratis.XceiverServerRatis (XceiverServerRatis.java:triggerPipelineClose(575)) - pipeline Action CLOSE  on pipeline PipelineID=a949f866-3595-4f72-be7a-23e12dac9301.Reason : b72696e0-9c4e-4740-8bcd-ca4650f90538 has not seen follower/s 4d5e76d1-94b4-4344-b272-620ca499a368 for 143495ms a2905edf-b9c1-421a-8807-b5d3e2a2f0d1 for 143496ms
2019-09-10 18:43:40,190 [org.apache.ratis.server.impl.LogAppender$AppenderDaemon$$Lambda$491/1891770971@e29e936] ERROR ratis.XceiverServerRatis (XceiverServerRatis.java:triggerPipelineClose(575)) - pipeline Action CLOSE  on pipeline PipelineID=a949f866-3595-4f72-be7a-23e12dac9301.Reason : b72696e0-9c4e-4740-8bcd-ca4650f90538 has not seen follower/s 4d5e76d1-94b4-4344-b272-620ca499a368 for 143495ms a2905edf-b9c1-421a-8807-b5d3e2a2f0d1 for 143496ms
2019-09-10 18:43:40,689 [java.util.concurrent.ThreadPoolExecutor$Worker@2c162ad4[State = -1, empty queue]] WARN  server.GrpcLogAppender (GrpcLogAppender.java:timeoutAppendRequest(200)) - b72696e0-9c4e-4740-8bcd-ca4650f90538@group-23E12DAC9301->a2905edf-b9c1-421a-8807-b5d3e2a2f0d1-GrpcLogAppender: appendEntries Timeout, request=b72696e0-9c4e-4740-8bcd-ca4650f90538->a2905edf-b9c1-421a-8807-b5d3e2a2f0d1#70-t1, previous=(t:1, i:13), leaderCommit=6, initializing? false, entries: <empty>
2019-09-10 18:43:40,689 [java.util.concurrent.ThreadPoolExecutor$Worker@5a51959c[State = -1, empty queue]] WARN  server.GrpcLogAppender (GrpcLogAppender.java:timeoutAppendRequest(200)) - b72696e0-9c4e-4740-8bcd-ca4650f90538@group-23E12DAC9301->4d5e76d1-94b4-4344-b272-620ca499a368-GrpcLogAppender: appendEntries Timeout, request=b72696e0-9c4e-4740-8bcd-ca4650f90538->4d5e76d1-94b4-4344-b272-620ca499a368#70-t1, previous=(t:1, i:13), leaderCommit=6, initializing? false, entries: <empty>
2019-09-10 18:43:41,183 [EventQueue-PipelineActionsForPipelineActionHandler] ERROR pipeline.PipelineActionHandler (PipelineActionHandler.java:onMessage(60)) - Received pipeline action CLOSE for Pipeline[ Id: a949f866-3595-4f72-be7a-23e12dac9301, Nodes: 4d5e76d1-94b4-4344-b272-620ca499a368{ip: 192.168.5.139, host: pr-hdds-1786-trunk-k6rzm-1803654198, networkLocation: /default-rack, certSerialId: null}b72696e0-9c4e-4740-8bcd-ca4650f90538{ip: 192.168.5.139, host: pr-hdds-1786-trunk-k6rzm-1803654198, networkLocation: /default-rack, certSerialId: null}a2905edf-b9c1-421a-8807-b5d3e2a2f0d1{ip: 192.168.5.139, host: pr-hdds-1786-trunk-k6rzm-1803654198, networkLocation: /default-rack, certSerialId: null}, Type:RATIS, Factor:THREE, State:CLOSED] from datanode b72696e0-9c4e-4740-8bcd-ca4650f90538{ip: 192.168.5.139, host: pr-hdds-1786-trunk-k6rzm-1803654198, networkLocation: /default-rack, certSerialId: null}. Reason : b72696e0-9c4e-4740-8bcd-ca4650f90538 has not seen follower/s 4d5e76d1-94b4-4344-b272-620ca499a368 for 143495ms a2905edf-b9c1-421a-8807-b5d3e2a2f0d1 for 143496ms
2019-09-10 18:43:41,184 [EventQueue-PipelineActionsForPipelineActionHandler] INFO  pipeline.SCMPipelineManager (SCMPipelineManager.java:finalizeAndDestroyPipeline(311)) - destroying pipeline:Pipeline[ Id: a949f866-3595-4f72-be7a-23e12dac9301, Nodes: 4d5e76d1-94b4-4344-b272-620ca499a368{ip: 192.168.5.139, host: pr-hdds-1786-trunk-k6rzm-1803654198, networkLocation: /default-rack, certSerialId: null}b72696e0-9c4e-4740-8bcd-ca4650f90538{ip: 192.168.5.139, host: pr-hdds-1786-trunk-k6rzm-1803654198, networkLocation: /default-rack, certSerialId: null}a2905edf-b9c1-421a-8807-b5d3e2a2f0d1{ip: 192.168.5.139, host: pr-hdds-1786-trunk-k6rzm-1803654198, networkLocation: /default-rack, certSerialId: null}, Type:RATIS, Factor:THREE, State:CLOSED]
2019-09-10 18:43:42,692 [org.apache.ratis.server.impl.LogAppender$AppenderDaemon$$Lambda$491/1891770971@e29e936] ERROR ratis.XceiverServerRatis (XceiverServerRatis.java:triggerPipelineClose(575)) - pipeline Action CLOSE  on pipeline PipelineID=a949f866-3595-4f72-be7a-23e12dac9301.Reason : b72696e0-9c4e-4740-8bcd-ca4650f90538 has not seen follower/s 4d5e76d1-94b4-4344-b272-620ca499a368 for 145997ms a2905edf-b9c1-421a-8807-b5d3e2a2f0d1 for 145997ms
2019-09-10 18:43:42,692 [org.apache.ratis.server.impl.LogAppender$AppenderDaemon$$Lambda$491/1891770971@902d601] ERROR ratis.XceiverServerRatis (XceiverServerRatis.java:triggerPipelineClose(575)) - pipeline Action CLOSE  on pipeline PipelineID=a949f866-3595-4f72-be7a-23e12dac9301.Reason : b72696e0-9c4e-4740-8bcd-ca4650f90538 has not seen follower/s 4d5e76d1-94b4-4344-b272-620ca499a368 for 145997ms a2905edf-b9c1-421a-8807-b5d3e2a2f0d1 for 145997ms
2019-09-10 18:43:43,182 [EventQueue-PipelineActionsForPipelineActionHandler] ERROR pipeline.PipelineActionHandler (PipelineActionHandler.java:onMessage(60)) - Received pipeline action CLOSE for Pipeline[ Id: a949f866-3595-4f72-be7a-23e12dac9301, Nodes: 4d5e76d1-94b4-4344-b272-620ca499a368{ip: 192.168.5.139, host: pr-hdds-1786-trunk-k6rzm-1803654198, networkLocation: /default-rack, certSerialId: null}b72696e0-9c4e-4740-8bcd-ca4650f90538{ip: 192.168.5.139, host: pr-hdds-1786-trunk-k6rzm-1803654198, networkLocation: /default-rack, certSerialId: null}a2905edf-b9c1-421a-8807-b5d3e2a2f0d1{ip: 192.168.5.139, host: pr-hdds-1786-trunk-k6rzm-1803654198, networkLocation: /default-rack, certSerialId: null}, Type:RATIS, Factor:THREE, State:CLOSED] from datanode b72696e0-9c4e-4740-8bcd-ca4650f90538{ip: 192.168.5.139, host: pr-hdds-1786-trunk-k6rzm-1803654198, networkLocation: /default-rack, certSerialId: null}. Reason : b72696e0-9c4e-4740-8bcd-ca4650f90538 has not seen follower/s 4d5e76d1-94b4-4344-b272-620ca499a368 for 145997ms a2905edf-b9c1-421a-8807-b5d3e2a2f0d1 for 145997ms
2019-09-10 18:43:43,182 [EventQueue-PipelineActionsForPipelineActionHandler] INFO  pipeline.SCMPipelineManager (SCMPipelineManager.java:finalizeAndDestroyPipeline(311)) - destroying pipeline:Pipeline[ Id: a949f866-3595-4f72-be7a-23e12dac9301, Nodes: 4d5e76d1-94b4-4344-b272-620ca499a368{ip: 192.168.5.139, host: pr-hdds-1786-trunk-k6rzm-1803654198, networkLocation: /default-rack, certSerialId: null}b72696e0-9c4e-4740-8bcd-ca4650f90538{ip: 192.168.5.139, host: pr-hdds-1786-trunk-k6rzm-1803654198, networkLocation: /default-rack, certSerialId: null}a2905edf-b9c1-421a-8807-b5d3e2a2f0d1{ip: 192.168.5.139, host: pr-hdds-1786-trunk-k6rzm-1803654198, networkLocation: /default-rack, certSerialId: null}, Type:RATIS, Factor:THREE, State:CLOSED]
2019-09-10 18:43:43,186 [grpc-default-executor-2] INFO  client.GrpcClientProtocolClient (GrpcClientProtocolClient.java:onNext(264)) - client-D387AA9945EB->a2905edf-b9c1-421a-8807-b5d3e2a2f0d1: receive RaftClientReply:client-D387AA9945EB->a2905edf-b9c1-421a-8807-b5d3e2a2f0d1@group-23E12DAC9301, cid=39, FAILED org.apache.ratis.protocol.NotLeaderException: Server a2905edf-b9c1-421a-8807-b5d3e2a2f0d1@group-23E12DAC9301 is not the leader b72696e0-9c4e-4740-8bcd-ca4650f90538:192.168.5.139:36803, logIndex=0, commits[a2905edf-b9c1-421a-8807-b5d3e2a2f0d1:c6, b72696e0-9c4e-4740-8bcd-ca4650f90538:c6, 4d5e76d1-94b4-4344-b272-620ca499a368:c4]
2019-09-10 18:43:43,193 [java.util.concurrent.ThreadPoolExecutor$Worker@5a51959c[State = -1, empty queue]] WARN  server.GrpcLogAppender (GrpcLogAppender.java:timeoutAppendRequest(200)) - b72696e0-9c4e-4740-8bcd-ca4650f90538@group-23E12DAC9301->4d5e76d1-94b4-4344-b272-620ca499a368-GrpcLogAppender: appendEntries Timeout, request=b72696e0-9c4e-4740-8bcd-ca4650f90538->4d5e76d1-94b4-4344-b272-620ca499a368#71-t1, previous=(t:1, i:13), leaderCommit=6, initializing? false, entries: <empty>
2019-09-10 18:43:43,193 [java.util.concurrent.ThreadPoolExecutor$Worker@2c162ad4[State = -1, empty queue]] WARN  server.GrpcLogAppender (GrpcLogAppender.java:timeoutAppendRequest(200)) - b72696e0-9c4e-4740-8bcd-ca4650f90538@group-23E12DAC9301->a2905edf-b9c1-421a-8807-b5d3e2a2f0d1-GrpcLogAppender: appendEntries Timeout, request=b72696e0-9c4e-4740-8bcd-ca4650f90538->a2905edf-b9c1-421a-8807-b5d3e2a2f0d1#71-t1, previous=(t:1, i:13), leaderCommit=6, initializing? false, entries: <empty>
2019-09-10 18:43:45,192 [org.apache.ratis.server.impl.LogAppender$AppenderDaemon$$Lambda$491/1891770971@e29e936] ERROR ratis.XceiverServerRatis (XceiverServerRatis.java:triggerPipelineClose(575)) - pipeline Action CLOSE  on pipeline PipelineID=a949f866-3595-4f72-be7a-23e12dac9301.Reason : b72696e0-9c4e-4740-8bcd-ca4650f90538 has not seen follower/s 4d5e76d1-94b4-4344-b272-620ca499a368 for 148497ms a2905edf-b9c1-421a-8807-b5d3e2a2f0d1 for 148498ms
2019-09-10 18:43:45,192 [org.apache.ratis.server.impl.LogAppender$AppenderDaemon$$Lambda$491/1891770971@902d601] ERROR ratis.XceiverServerRatis (XceiverServerRatis.java:triggerPipelineClose(575)) - pipeline Action CLOSE  on pipeline PipelineID=a949f866-3595-4f72-be7a-23e12dac9301.Reason : b72696e0-9c4e-4740-8bcd-ca4650f90538 has not seen follower/s 4d5e76d1-94b4-4344-b272-620ca499a368 for 148498ms a2905edf-b9c1-421a-8807-b5d3e2a2f0d1 for 148498ms
2019-09-10 18:43:45,691 [java.util.concurrent.ThreadPoolExecutor$Worker@5a51959c[State = -1, empty queue]] WARN  server.GrpcLogAppender (GrpcLogAppender.java:timeoutAppendRequest(200)) - b72696e0-9c4e-4740-8bcd-ca4650f90538@group-23E12DAC9301->4d5e76d1-94b4-4344-b272-620ca499a368-GrpcLogAppender: appendEntries Timeout, request=b72696e0-9c4e-4740-8bcd-ca4650f90538->4d5e76d1-94b4-4344-b272-620ca499a368#72-t1, previous=(t:1, i:13), leaderCommit=6, initializing? false, entries: <empty>
2019-09-10 18:43:45,691 [java.util.concurrent.ThreadPoolExecutor$Worker@2c162ad4[State = -1, empty queue]] WARN  server.GrpcLogAppender (GrpcLogAppender.java:timeoutAppendRequest(200)) - b72696e0-9c4e-4740-8bcd-ca4650f90538@group-23E12DAC9301->a2905edf-b9c1-421a-8807-b5d3e2a2f0d1-GrpcLogAppender: appendEntries Timeout, request=b72696e0-9c4e-4740-8bcd-ca4650f90538->a2905edf-b9c1-421a-8807-b5d3e2a2f0d1#72-t1, previous=(t:1, i:13), leaderCommit=6, initializing? false, entries: <empty>
2019-09-10 18:43:46,183 [EventQueue-PipelineActionsForPipelineActionHandler] ERROR pipeline.PipelineActionHandler (PipelineActionHandler.java:onMessage(60)) - Received pipeline action CLOSE for Pipeline[ Id: a949f866-3595-4f72-be7a-23e12dac9301, Nodes: 4d5e76d1-94b4-4344-b272-620ca499a368{ip: 192.168.5.139, host: pr-hdds-1786-trunk-k6rzm-1803654198, networkLocation: /default-rack, certSerialId: null}b72696e0-9c4e-4740-8bcd-ca4650f90538{ip: 192.168.5.139, host: pr-hdds-1786-trunk-k6rzm-1803654198, networkLocation: /default-rack, certSerialId: null}a2905edf-b9c1-421a-8807-b5d3e2a2f0d1{ip: 192.168.5.139, host: pr-hdds-1786-trunk-k6rzm-1803654198, networkLocation: /default-rack, certSerialId: null}, Type:RATIS, Factor:THREE, State:CLOSED] from datanode b72696e0-9c4e-4740-8bcd-ca4650f90538{ip: 192.168.5.139, host: pr-hdds-1786-trunk-k6rzm-1803654198, networkLocation: /default-rack, certSerialId: null}. Reason : b72696e0-9c4e-4740-8bcd-ca4650f90538 has not seen follower/s 4d5e76d1-94b4-4344-b272-620ca499a368 for 148497ms a2905edf-b9c1-421a-8807-b5d3e2a2f0d1 for 148498ms
2019-09-10 18:43:46,183 [EventQueue-PipelineActionsForPipelineActionHandler] INFO  pipeline.SCMPipelineManager (SCMPipelineManager.java:finalizeAndDestroyPipeline(311)) - destroying pipeline:Pipeline[ Id: a949f866-3595-4f72-be7a-23e12dac9301, Nodes: 4d5e76d1-94b4-4344-b272-620ca499a368{ip: 192.168.5.139, host: pr-hdds-1786-trunk-k6rzm-1803654198, networkLocation: /default-rack, certSerialId: null}b72696e0-9c4e-4740-8bcd-ca4650f90538{ip: 192.168.5.139, host: pr-hdds-1786-trunk-k6rzm-1803654198, networkLocation: /default-rack, certSerialId: null}a2905edf-b9c1-421a-8807-b5d3e2a2f0d1{ip: 192.168.5.139, host: pr-hdds-1786-trunk-k6rzm-1803654198, networkLocation: /default-rack, certSerialId: null}, Type:RATIS, Factor:THREE, State:CLOSED]
2019-09-10 18:43:47,037 [4d5e76d1-94b4-4344-b272-620ca499a368@group-23E12DAC9301-SegmentedRaftLogWorker] WARN  segmented.SegmentedRaftLogWorker (SegmentedRaftLogWorker.java:getFromFuture(90)) - Timeout 14/~
org.apache.ratis.protocol.TimeoutIOException: Timeout 10s: WriteLog:8: (t:1, i:8), STATEMACHINELOGENTRY, client-D387AA9945EB, cid=40-writeStateMachineData
	at org.apache.ratis.util.IOUtils.getFromFuture(IOUtils.java:87)
	at org.apache.ratis.server.raftlog.segmented.SegmentedRaftLogWorker$StateMachineDataPolicy.getFromFuture(SegmentedRaftLogWorker.java:87)
	at org.apache.ratis.server.raftlog.segmented.SegmentedRaftLogWorker$WriteLog.execute(SegmentedRaftLogWorker.java:477)
	at org.apache.ratis.server.raftlog.segmented.SegmentedRaftLogWorker.run(SegmentedRaftLogWorker.java:289)
	at java.lang.Thread.run(Thread.java:748)
Caused by: java.util.concurrent.TimeoutException
	at java.util.concurrent.CompletableFuture.timedGet(CompletableFuture.java:1771)
	at java.util.concurrent.CompletableFuture.get(CompletableFuture.java:1915)
	at org.apache.ratis.util.IOUtils.getFromFuture(IOUtils.java:79)
	... 4 more
2019-09-10 18:43:47,103 [b72696e0-9c4e-4740-8bcd-ca4650f90538@group-23E12DAC9301-SegmentedRaftLogWorker] WARN  segmented.SegmentedRaftLogWorker (SegmentedRaftLogWorker.java:getFromFuture(90)) - Timeout 14/~
org.apache.ratis.protocol.TimeoutIOException: Timeout 10s: WriteLog:8: (t:1, i:8), STATEMACHINELOGENTRY, client-D387AA9945EB, cid=40-writeStateMachineData
	at org.apache.ratis.util.IOUtils.getFromFuture(IOUtils.java:87)
	at org.apache.ratis.server.raftlog.segmented.SegmentedRaftLogWorker$StateMachineDataPolicy.getFromFuture(SegmentedRaftLogWorker.java:87)
	at org.apache.ratis.server.raftlog.segmented.SegmentedRaftLogWorker$WriteLog.execute(SegmentedRaftLogWorker.java:477)
	at org.apache.ratis.server.raftlog.segmented.SegmentedRaftLogWorker.run(SegmentedRaftLogWorker.java:289)
	at java.lang.Thread.run(Thread.java:748)
Caused by: java.util.concurrent.TimeoutException
	at java.util.concurrent.CompletableFuture.timedGet(CompletableFuture.java:1771)
	at java.util.concurrent.CompletableFuture.get(CompletableFuture.java:1915)
	at org.apache.ratis.util.IOUtils.getFromFuture(IOUtils.java:79)
	... 4 more
2019-09-10 18:43:47,105 [a2905edf-b9c1-421a-8807-b5d3e2a2f0d1@group-23E12DAC9301-SegmentedRaftLogWorker] WARN  segmented.SegmentedRaftLogWorker (SegmentedRaftLogWorker.java:getFromFuture(90)) - Timeout 14/~
org.apache.ratis.protocol.TimeoutIOException: Timeout 10s: WriteLog:8: (t:1, i:8), STATEMACHINELOGENTRY, client-D387AA9945EB, cid=40-writeStateMachineData
	at org.apache.ratis.util.IOUtils.getFromFuture(IOUtils.java:87)
	at org.apache.ratis.server.raftlog.segmented.SegmentedRaftLogWorker$StateMachineDataPolicy.getFromFuture(SegmentedRaftLogWorker.java:87)
	at org.apache.ratis.server.raftlog.segmented.SegmentedRaftLogWorker$WriteLog.execute(SegmentedRaftLogWorker.java:477)
	at org.apache.ratis.server.raftlog.segmented.SegmentedRaftLogWorker.run(SegmentedRaftLogWorker.java:289)
	at java.lang.Thread.run(Thread.java:748)
Caused by: java.util.concurrent.TimeoutException
	at java.util.concurrent.CompletableFuture.timedGet(CompletableFuture.java:1771)
	at java.util.concurrent.CompletableFuture.get(CompletableFuture.java:1915)
	at org.apache.ratis.util.IOUtils.getFromFuture(IOUtils.java:79)
	... 4 more
2019-09-10 18:43:47,693 [org.apache.ratis.server.impl.LogAppender$AppenderDaemon$$Lambda$491/1891770971@e29e936] ERROR ratis.XceiverServerRatis (XceiverServerRatis.java:triggerPipelineClose(575)) - pipeline Action CLOSE  on pipeline PipelineID=a949f866-3595-4f72-be7a-23e12dac9301.Reason : b72696e0-9c4e-4740-8bcd-ca4650f90538 has not seen follower/s 4d5e76d1-94b4-4344-b272-620ca499a368 for 150998ms a2905edf-b9c1-421a-8807-b5d3e2a2f0d1 for 150998ms
2019-09-10 18:43:47,693 [org.apache.ratis.server.impl.LogAppender$AppenderDaemon$$Lambda$491/1891770971@902d601] ERROR ratis.XceiverServerRatis (XceiverServerRatis.java:triggerPipelineClose(575)) - pipeline Action CLOSE  on pipeline PipelineID=a949f866-3595-4f72-be7a-23e12dac9301.Reason : b72696e0-9c4e-4740-8bcd-ca4650f90538 has not seen follower/s 4d5e76d1-94b4-4344-b272-620ca499a368 for 150998ms a2905edf-b9c1-421a-8807-b5d3e2a2f0d1 for 150998ms
2019-09-10 18:43:48,183 [EventQueue-PipelineActionsForPipelineActionHandler] ERROR pipeline.PipelineActionHandler (PipelineActionHandler.java:onMessage(60)) - Received pipeline action CLOSE for Pipeline[ Id: a949f866-3595-4f72-be7a-23e12dac9301, Nodes: 4d5e76d1-94b4-4344-b272-620ca499a368{ip: 192.168.5.139, host: pr-hdds-1786-trunk-k6rzm-1803654198, networkLocation: /default-rack, certSerialId: null}b72696e0-9c4e-4740-8bcd-ca4650f90538{ip: 192.168.5.139, host: pr-hdds-1786-trunk-k6rzm-1803654198, networkLocation: /default-rack, certSerialId: null}a2905edf-b9c1-421a-8807-b5d3e2a2f0d1{ip: 192.168.5.139, host: pr-hdds-1786-trunk-k6rzm-1803654198, networkLocation: /default-rack, certSerialId: null}, Type:RATIS, Factor:THREE, State:CLOSED] from datanode b72696e0-9c4e-4740-8bcd-ca4650f90538{ip: 192.168.5.139, host: pr-hdds-1786-trunk-k6rzm-1803654198, networkLocation: /default-rack, certSerialId: null}. Reason : b72696e0-9c4e-4740-8bcd-ca4650f90538 has not seen follower/s 4d5e76d1-94b4-4344-b272-620ca499a368 for 150998ms a2905edf-b9c1-421a-8807-b5d3e2a2f0d1 for 150998ms
2019-09-10 18:43:48,184 [EventQueue-PipelineActionsForPipelineActionHandler] INFO  pipeline.SCMPipelineManager (SCMPipelineManager.java:finalizeAndDestroyPipeline(311)) - destroying pipeline:Pipeline[ Id: a949f866-3595-4f72-be7a-23e12dac9301, Nodes: 4d5e76d1-94b4-4344-b272-620ca499a368{ip: 192.168.5.139, host: pr-hdds-1786-trunk-k6rzm-1803654198, networkLocation: /default-rack, certSerialId: null}b72696e0-9c4e-4740-8bcd-ca4650f90538{ip: 192.168.5.139, host: pr-hdds-1786-trunk-k6rzm-1803654198, networkLocation: /default-rack, certSerialId: null}a2905edf-b9c1-421a-8807-b5d3e2a2f0d1{ip: 192.168.5.139, host: pr-hdds-1786-trunk-k6rzm-1803654198, networkLocation: /default-rack, certSerialId: null}, Type:RATIS, Factor:THREE, State:CLOSED]
2019-09-10 18:43:48,192 [java.util.concurrent.ThreadPoolExecutor$Worker@2c162ad4[State = -1, empty queue]] WARN  server.GrpcLogAppender (GrpcLogAppender.java:timeoutAppendRequest(200)) - b72696e0-9c4e-4740-8bcd-ca4650f90538@group-23E12DAC9301->a2905edf-b9c1-421a-8807-b5d3e2a2f0d1-GrpcLogAppender: appendEntries Timeout, request=b72696e0-9c4e-4740-8bcd-ca4650f90538->a2905edf-b9c1-421a-8807-b5d3e2a2f0d1#73-t1, previous=(t:1, i:13), leaderCommit=6, initializing? false, entries: <empty>
2019-09-10 18:43:48,192 [java.util.concurrent.ThreadPoolExecutor$Worker@5a51959c[State = -1, empty queue]] WARN  server.GrpcLogAppender (GrpcLogAppender.java:timeoutAppendRequest(200)) - b72696e0-9c4e-4740-8bcd-ca4650f90538@group-23E12DAC9301->4d5e76d1-94b4-4344-b272-620ca499a368-GrpcLogAppender: appendEntries Timeout, request=b72696e0-9c4e-4740-8bcd-ca4650f90538->4d5e76d1-94b4-4344-b272-620ca499a368#73-t1, previous=(t:1, i:13), leaderCommit=6, initializing? false, entries: <empty>
2019-09-10 18:43:48,219 [grpc-default-executor-2] INFO  client.GrpcClientProtocolClient (GrpcClientProtocolClient.java:onNext(264)) - client-D387AA9945EB->a2905edf-b9c1-421a-8807-b5d3e2a2f0d1: receive RaftClientReply:client-D387AA9945EB->a2905edf-b9c1-421a-8807-b5d3e2a2f0d1@group-23E12DAC9301, cid=39, FAILED org.apache.ratis.protocol.NotLeaderException: Server a2905edf-b9c1-421a-8807-b5d3e2a2f0d1@group-23E12DAC9301 is not the leader b72696e0-9c4e-4740-8bcd-ca4650f90538:192.168.5.139:36803, logIndex=0, commits[a2905edf-b9c1-421a-8807-b5d3e2a2f0d1:c6, b72696e0-9c4e-4740-8bcd-ca4650f90538:c6, 4d5e76d1-94b4-4344-b272-620ca499a368:c4]
2019-09-10 18:43:50,194 [org.apache.ratis.server.impl.LogAppender$AppenderDaemon$$Lambda$491/1891770971@e29e936] ERROR ratis.XceiverServerRatis (XceiverServerRatis.java:triggerPipelineClose(575)) - pipeline Action CLOSE  on pipeline PipelineID=a949f866-3595-4f72-be7a-23e12dac9301.Reason : b72696e0-9c4e-4740-8bcd-ca4650f90538 has not seen follower/s 4d5e76d1-94b4-4344-b272-620ca499a368 for 153499ms a2905edf-b9c1-421a-8807-b5d3e2a2f0d1 for 153499ms
2019-09-10 18:43:50,194 [org.apache.ratis.server.impl.LogAppender$AppenderDaemon$$Lambda$491/1891770971@902d601] ERROR ratis.XceiverServerRatis (XceiverServerRatis.java:triggerPipelineClose(575)) - pipeline Action CLOSE  on pipeline PipelineID=a949f866-3595-4f72-be7a-23e12dac9301.Reason : b72696e0-9c4e-4740-8bcd-ca4650f90538 has not seen follower/s 4d5e76d1-94b4-4344-b272-620ca499a368 for 153499ms a2905edf-b9c1-421a-8807-b5d3e2a2f0d1 for 153499ms
2019-09-10 18:43:50,693 [java.util.concurrent.ThreadPoolExecutor$Worker@2c162ad4[State = -1, empty queue]] WARN  server.GrpcLogAppender (GrpcLogAppender.java:timeoutAppendRequest(200)) - b72696e0-9c4e-4740-8bcd-ca4650f90538@group-23E12DAC9301->a2905edf-b9c1-421a-8807-b5d3e2a2f0d1-GrpcLogAppender: appendEntries Timeout, request=b72696e0-9c4e-4740-8bcd-ca4650f90538->a2905edf-b9c1-421a-8807-b5d3e2a2f0d1#74-t1, previous=(t:1, i:13), leaderCommit=6, initializing? false, entries: <empty>
2019-09-10 18:43:50,693 [java.util.concurrent.ThreadPoolExecutor$Worker@5a51959c[State = -1, empty queue]] WARN  server.GrpcLogAppender (GrpcLogAppender.java:timeoutAppendRequest(200)) - b72696e0-9c4e-4740-8bcd-ca4650f90538@group-23E12DAC9301->4d5e76d1-94b4-4344-b272-620ca499a368-GrpcLogAppender: appendEntries Timeout, request=b72696e0-9c4e-4740-8bcd-ca4650f90538->4d5e76d1-94b4-4344-b272-620ca499a368#74-t1, previous=(t:1, i:13), leaderCommit=6, initializing? false, entries: <empty>
2019-09-10 18:43:51,183 [EventQueue-PipelineActionsForPipelineActionHandler] ERROR pipeline.PipelineActionHandler (PipelineActionHandler.java:onMessage(60)) - Received pipeline action CLOSE for Pipeline[ Id: a949f866-3595-4f72-be7a-23e12dac9301, Nodes: 4d5e76d1-94b4-4344-b272-620ca499a368{ip: 192.168.5.139, host: pr-hdds-1786-trunk-k6rzm-1803654198, networkLocation: /default-rack, certSerialId: null}b72696e0-9c4e-4740-8bcd-ca4650f90538{ip: 192.168.5.139, host: pr-hdds-1786-trunk-k6rzm-1803654198, networkLocation: /default-rack, certSerialId: null}a2905edf-b9c1-421a-8807-b5d3e2a2f0d1{ip: 192.168.5.139, host: pr-hdds-1786-trunk-k6rzm-1803654198, networkLocation: /default-rack, certSerialId: null}, Type:RATIS, Factor:THREE, State:CLOSED] from datanode b72696e0-9c4e-4740-8bcd-ca4650f90538{ip: 192.168.5.139, host: pr-hdds-1786-trunk-k6rzm-1803654198, networkLocation: /default-rack, certSerialId: null}. Reason : b72696e0-9c4e-4740-8bcd-ca4650f90538 has not seen follower/s 4d5e76d1-94b4-4344-b272-620ca499a368 for 153499ms a2905edf-b9c1-421a-8807-b5d3e2a2f0d1 for 153499ms
2019-09-10 18:43:51,183 [EventQueue-PipelineActionsForPipelineActionHandler] INFO  pipeline.SCMPipelineManager (SCMPipelineManager.java:finalizeAndDestroyPipeline(311)) - destroying pipeline:Pipeline[ Id: a949f866-3595-4f72-be7a-23e12dac9301, Nodes: 4d5e76d1-94b4-4344-b272-620ca499a368{ip: 192.168.5.139, host: pr-hdds-1786-trunk-k6rzm-1803654198, networkLocation: /default-rack, certSerialId: null}b72696e0-9c4e-4740-8bcd-ca4650f90538{ip: 192.168.5.139, host: pr-hdds-1786-trunk-k6rzm-1803654198, networkLocation: /default-rack, certSerialId: null}a2905edf-b9c1-421a-8807-b5d3e2a2f0d1{ip: 192.168.5.139, host: pr-hdds-1786-trunk-k6rzm-1803654198, networkLocation: /default-rack, certSerialId: null}, Type:RATIS, Factor:THREE, State:CLOSED]
2019-09-10 18:43:52,695 [org.apache.ratis.server.impl.LogAppender$AppenderDaemon$$Lambda$491/1891770971@e29e936] ERROR ratis.XceiverServerRatis (XceiverServerRatis.java:triggerPipelineClose(575)) - pipeline Action CLOSE  on pipeline PipelineID=a949f866-3595-4f72-be7a-23e12dac9301.Reason : b72696e0-9c4e-4740-8bcd-ca4650f90538 has not seen follower/s 4d5e76d1-94b4-4344-b272-620ca499a368 for 156000ms a2905edf-b9c1-421a-8807-b5d3e2a2f0d1 for 156000ms
2019-09-10 18:43:52,695 [org.apache.ratis.server.impl.LogAppender$AppenderDaemon$$Lambda$491/1891770971@902d601] ERROR ratis.XceiverServerRatis (XceiverServerRatis.java:triggerPipelineClose(575)) - pipeline Action CLOSE  on pipeline PipelineID=a949f866-3595-4f72-be7a-23e12dac9301.Reason : b72696e0-9c4e-4740-8bcd-ca4650f90538 has not seen follower/s 4d5e76d1-94b4-4344-b272-620ca499a368 for 156000ms a2905edf-b9c1-421a-8807-b5d3e2a2f0d1 for 156000ms
2019-09-10 18:43:53,184 [EventQueue-PipelineActionsForPipelineActionHandler] ERROR pipeline.PipelineActionHandler (PipelineActionHandler.java:onMessage(60)) - Received pipeline action CLOSE for Pipeline[ Id: a949f866-3595-4f72-be7a-23e12dac9301, Nodes: 4d5e76d1-94b4-4344-b272-620ca499a368{ip: 192.168.5.139, host: pr-hdds-1786-trunk-k6rzm-1803654198, networkLocation: /default-rack, certSerialId: null}b72696e0-9c4e-4740-8bcd-ca4650f90538{ip: 192.168.5.139, host: pr-hdds-1786-trunk-k6rzm-1803654198, networkLocation: /default-rack, certSerialId: null}a2905edf-b9c1-421a-8807-b5d3e2a2f0d1{ip: 192.168.5.139, host: pr-hdds-1786-trunk-k6rzm-1803654198, networkLocation: /default-rack, certSerialId: null}, Type:RATIS, Factor:THREE, State:CLOSED] from datanode b72696e0-9c4e-4740-8bcd-ca4650f90538{ip: 192.168.5.139, host: pr-hdds-1786-trunk-k6rzm-1803654198, networkLocation: /default-rack, certSerialId: null}. Reason : b72696e0-9c4e-4740-8bcd-ca4650f90538 has not seen follower/s 4d5e76d1-94b4-4344-b272-620ca499a368 for 156000ms a2905edf-b9c1-421a-8807-b5d3e2a2f0d1 for 156000ms
2019-09-10 18:43:53,184 [EventQueue-PipelineActionsForPipelineActionHandler] INFO  pipeline.SCMPipelineManager (SCMPipelineManager.java:finalizeAndDestroyPipeline(311)) - destroying pipeline:Pipeline[ Id: a949f866-3595-4f72-be7a-23e12dac9301, Nodes: 4d5e76d1-94b4-4344-b272-620ca499a368{ip: 192.168.5.139, host: pr-hdds-1786-trunk-k6rzm-1803654198, networkLocation: /default-rack, certSerialId: null}b72696e0-9c4e-4740-8bcd-ca4650f90538{ip: 192.168.5.139, host: pr-hdds-1786-trunk-k6rzm-1803654198, networkLocation: /default-rack, certSerialId: null}a2905edf-b9c1-421a-8807-b5d3e2a2f0d1{ip: 192.168.5.139, host: pr-hdds-1786-trunk-k6rzm-1803654198, networkLocation: /default-rack, certSerialId: null}, Type:RATIS, Factor:THREE, State:CLOSED]
2019-09-10 18:43:53,194 [java.util.concurrent.ThreadPoolExecutor$Worker@2c162ad4[State = -1, empty queue]] WARN  server.GrpcLogAppender (GrpcLogAppender.java:timeoutAppendRequest(200)) - b72696e0-9c4e-4740-8bcd-ca4650f90538@group-23E12DAC9301->a2905edf-b9c1-421a-8807-b5d3e2a2f0d1-GrpcLogAppender: appendEntries Timeout, request=b72696e0-9c4e-4740-8bcd-ca4650f90538->a2905edf-b9c1-421a-8807-b5d3e2a2f0d1#75-t1, previous=(t:1, i:13), leaderCommit=6, initializing? false, entries: <empty>
2019-09-10 18:43:53,194 [java.util.concurrent.ThreadPoolExecutor$Worker@5a51959c[State = -1, empty queue]] WARN  server.GrpcLogAppender (GrpcLogAppender.java:timeoutAppendRequest(200)) - b72696e0-9c4e-4740-8bcd-ca4650f90538@group-23E12DAC9301->4d5e76d1-94b4-4344-b272-620ca499a368-GrpcLogAppender: appendEntries Timeout, request=b72696e0-9c4e-4740-8bcd-ca4650f90538->4d5e76d1-94b4-4344-b272-620ca499a368#75-t1, previous=(t:1, i:13), leaderCommit=6, initializing? false, entries: <empty>
2019-09-10 18:43:53,288 [grpc-default-executor-4] INFO  client.GrpcClientProtocolClient (GrpcClientProtocolClient.java:onNext(264)) - client-D387AA9945EB->a2905edf-b9c1-421a-8807-b5d3e2a2f0d1: receive RaftClientReply:client-D387AA9945EB->a2905edf-b9c1-421a-8807-b5d3e2a2f0d1@group-23E12DAC9301, cid=39, FAILED org.apache.ratis.protocol.NotLeaderException: Server a2905edf-b9c1-421a-8807-b5d3e2a2f0d1@group-23E12DAC9301 is not the leader b72696e0-9c4e-4740-8bcd-ca4650f90538:192.168.5.139:36803, logIndex=0, commits[a2905edf-b9c1-421a-8807-b5d3e2a2f0d1:c6, b72696e0-9c4e-4740-8bcd-ca4650f90538:c6, 4d5e76d1-94b4-4344-b272-620ca499a368:c4]
2019-09-10 18:43:55,196 [org.apache.ratis.server.impl.LogAppender$AppenderDaemon$$Lambda$491/1891770971@e29e936] ERROR ratis.XceiverServerRatis (XceiverServerRatis.java:triggerPipelineClose(575)) - pipeline Action CLOSE  on pipeline PipelineID=a949f866-3595-4f72-be7a-23e12dac9301.Reason : b72696e0-9c4e-4740-8bcd-ca4650f90538 has not seen follower/s 4d5e76d1-94b4-4344-b272-620ca499a368 for 158501ms a2905edf-b9c1-421a-8807-b5d3e2a2f0d1 for 158501ms
2019-09-10 18:43:55,196 [org.apache.ratis.server.impl.LogAppender$AppenderDaemon$$Lambda$491/1891770971@902d601] ERROR ratis.XceiverServerRatis (XceiverServerRatis.java:triggerPipelineClose(575)) - pipeline Action CLOSE  on pipeline PipelineID=a949f866-3595-4f72-be7a-23e12dac9301.Reason : b72696e0-9c4e-4740-8bcd-ca4650f90538 has not seen follower/s 4d5e76d1-94b4-4344-b272-620ca499a368 for 158501ms a2905edf-b9c1-421a-8807-b5d3e2a2f0d1 for 158501ms
2019-09-10 18:43:55,695 [java.util.concurrent.ThreadPoolExecutor$Worker@2c162ad4[State = -1, empty queue]] WARN  server.GrpcLogAppender (GrpcLogAppender.java:timeoutAppendRequest(200)) - b72696e0-9c4e-4740-8bcd-ca4650f90538@group-23E12DAC9301->a2905edf-b9c1-421a-8807-b5d3e2a2f0d1-GrpcLogAppender: appendEntries Timeout, request=b72696e0-9c4e-4740-8bcd-ca4650f90538->a2905edf-b9c1-421a-8807-b5d3e2a2f0d1#76-t1, previous=(t:1, i:13), leaderCommit=6, initializing? false, entries: <empty>
2019-09-10 18:43:55,695 [java.util.concurrent.ThreadPoolExecutor$Worker@5a51959c[State = -1, empty queue]] WARN  server.GrpcLogAppender (GrpcLogAppender.java:timeoutAppendRequest(200)) - b72696e0-9c4e-4740-8bcd-ca4650f90538@group-23E12DAC9301->4d5e76d1-94b4-4344-b272-620ca499a368-GrpcLogAppender: appendEntries Timeout, request=b72696e0-9c4e-4740-8bcd-ca4650f90538->4d5e76d1-94b4-4344-b272-620ca499a368#76-t1, previous=(t:1, i:13), leaderCommit=6, initializing? false, entries: <empty>
2019-09-10 18:43:56,183 [EventQueue-PipelineActionsForPipelineActionHandler] ERROR pipeline.PipelineActionHandler (PipelineActionHandler.java:onMessage(60)) - Received pipeline action CLOSE for Pipeline[ Id: a949f866-3595-4f72-be7a-23e12dac9301, Nodes: 4d5e76d1-94b4-4344-b272-620ca499a368{ip: 192.168.5.139, host: pr-hdds-1786-trunk-k6rzm-1803654198, networkLocation: /default-rack, certSerialId: null}b72696e0-9c4e-4740-8bcd-ca4650f90538{ip: 192.168.5.139, host: pr-hdds-1786-trunk-k6rzm-1803654198, networkLocation: /default-rack, certSerialId: null}a2905edf-b9c1-421a-8807-b5d3e2a2f0d1{ip: 192.168.5.139, host: pr-hdds-1786-trunk-k6rzm-1803654198, networkLocation: /default-rack, certSerialId: null}, Type:RATIS, Factor:THREE, State:CLOSED] from datanode b72696e0-9c4e-4740-8bcd-ca4650f90538{ip: 192.168.5.139, host: pr-hdds-1786-trunk-k6rzm-1803654198, networkLocation: /default-rack, certSerialId: null}. Reason : b72696e0-9c4e-4740-8bcd-ca4650f90538 has not seen follower/s 4d5e76d1-94b4-4344-b272-620ca499a368 for 158501ms a2905edf-b9c1-421a-8807-b5d3e2a2f0d1 for 158501ms
2019-09-10 18:43:56,184 [EventQueue-PipelineActionsForPipelineActionHandler] INFO  pipeline.SCMPipelineManager (SCMPipelineManager.java:finalizeAndDestroyPipeline(311)) - destroying pipeline:Pipeline[ Id: a949f866-3595-4f72-be7a-23e12dac9301, Nodes: 4d5e76d1-94b4-4344-b272-620ca499a368{ip: 192.168.5.139, host: pr-hdds-1786-trunk-k6rzm-1803654198, networkLocation: /default-rack, certSerialId: null}b72696e0-9c4e-4740-8bcd-ca4650f90538{ip: 192.168.5.139, host: pr-hdds-1786-trunk-k6rzm-1803654198, networkLocation: /default-rack, certSerialId: null}a2905edf-b9c1-421a-8807-b5d3e2a2f0d1{ip: 192.168.5.139, host: pr-hdds-1786-trunk-k6rzm-1803654198, networkLocation: /default-rack, certSerialId: null}, Type:RATIS, Factor:THREE, State:CLOSED]
2019-09-10 18:43:56,603 [grpc-default-executor-4] INFO  impl.RaftServerProxy (RaftServerProxy.java:addNew(89)) - a2905edf-b9c1-421a-8807-b5d3e2a2f0d1: addNew group-FDDBAA2E873F:[b72696e0-9c4e-4740-8bcd-ca4650f90538:192.168.5.139:36803, 4d5e76d1-94b4-4344-b272-620ca499a368:192.168.5.139:43319, a2905edf-b9c1-421a-8807-b5d3e2a2f0d1:192.168.5.139:42187] returns group-FDDBAA2E873F:java.util.concurrent.CompletableFuture@80f73f8[Not completed]
2019-09-10 18:43:56,603 [grpc-default-executor-0] INFO  impl.RaftServerProxy (RaftServerProxy.java:addNew(89)) - b72696e0-9c4e-4740-8bcd-ca4650f90538: addNew group-FDDBAA2E873F:[b72696e0-9c4e-4740-8bcd-ca4650f90538:192.168.5.139:36803, 4d5e76d1-94b4-4344-b272-620ca499a368:192.168.5.139:43319, a2905edf-b9c1-421a-8807-b5d3e2a2f0d1:192.168.5.139:42187] returns group-FDDBAA2E873F:java.util.concurrent.CompletableFuture@4879d4d9[Not completed]
2019-09-10 18:43:56,603 [grpc-default-executor-2] INFO  impl.RaftServerProxy (RaftServerProxy.java:addNew(89)) - 4d5e76d1-94b4-4344-b272-620ca499a368: addNew group-FDDBAA2E873F:[b72696e0-9c4e-4740-8bcd-ca4650f90538:192.168.5.139:36803, 4d5e76d1-94b4-4344-b272-620ca499a368:192.168.5.139:43319, a2905edf-b9c1-421a-8807-b5d3e2a2f0d1:192.168.5.139:42187] returns group-FDDBAA2E873F:java.util.concurrent.CompletableFuture@74ce215b[Not completed]
2019-09-10 18:43:56,606 [pool-77-thread-1] INFO  impl.RaftServerImpl (RaftServerImpl.java:<init>(95)) - b72696e0-9c4e-4740-8bcd-ca4650f90538: new RaftServerImpl for group-FDDBAA2E873F:[b72696e0-9c4e-4740-8bcd-ca4650f90538:192.168.5.139:36803, 4d5e76d1-94b4-4344-b272-620ca499a368:192.168.5.139:43319, a2905edf-b9c1-421a-8807-b5d3e2a2f0d1:192.168.5.139:42187] with ContainerStateMachine:uninitialized
2019-09-10 18:43:56,607 [pool-77-thread-1] INFO  server.RaftServerConfigKeys (ConfUtils.java:logGet(43)) - raft.server.rpc.timeout.min = 5s (custom)
2019-09-10 18:43:56,607 [pool-77-thread-1] INFO  server.RaftServerConfigKeys (ConfUtils.java:logGet(43)) - raft.server.rpc.timeout.max = 5200ms (custom)
2019-09-10 18:43:56,607 [pool-77-thread-1] INFO  server.RaftServerConfigKeys (ConfUtils.java:logGet(43)) - raft.server.rpcslowness.timeout = 120s (custom)
2019-09-10 18:43:56,607 [pool-77-thread-1] INFO  server.RaftServerConfigKeys (ConfUtils.java:logGet(43)) - raft.server.sleep.deviation.threshold = 300 (default)
2019-09-10 18:43:56,607 [pool-77-thread-1] INFO  server.RaftServerConfigKeys (ConfUtils.java:logGet(43)) - raft.server.log.appender.install.snapshot.enabled = false (custom)
2019-09-10 18:43:56,607 [pool-77-thread-1] INFO  impl.RaftServerImpl (ServerState.java:<init>(103)) - b72696e0-9c4e-4740-8bcd-ca4650f90538@group-FDDBAA2E873F: ConfigurationManager, init=-1: [b72696e0-9c4e-4740-8bcd-ca4650f90538:192.168.5.139:36803, 4d5e76d1-94b4-4344-b272-620ca499a368:192.168.5.139:43319, a2905edf-b9c1-421a-8807-b5d3e2a2f0d1:192.168.5.139:42187], old=null, confs=<EMPTY_MAP>
2019-09-10 18:43:56,608 [pool-77-thread-1] INFO  server.RaftServerConfigKeys (ConfUtils.java:logGet(43)) - raft.server.storage.dir = [/workdir/hadoop-ozone/integration-test/target/test-dir/MiniOzoneClusterImpl-27fa055b-1dd0-4a05-b5b8-5375f262b16d/datanode-5/data/ratis] (custom)
2019-09-10 18:43:56,608 [pool-57-thread-1] INFO  impl.RaftServerImpl (RaftServerImpl.java:<init>(95)) - 4d5e76d1-94b4-4344-b272-620ca499a368: new RaftServerImpl for group-FDDBAA2E873F:[b72696e0-9c4e-4740-8bcd-ca4650f90538:192.168.5.139:36803, 4d5e76d1-94b4-4344-b272-620ca499a368:192.168.5.139:43319, a2905edf-b9c1-421a-8807-b5d3e2a2f0d1:192.168.5.139:42187] with ContainerStateMachine:uninitialized
2019-09-10 18:43:56,608 [pool-57-thread-1] INFO  server.RaftServerConfigKeys (ConfUtils.java:logGet(43)) - raft.server.rpc.timeout.min = 5s (custom)
2019-09-10 18:43:56,608 [pool-57-thread-1] INFO  server.RaftServerConfigKeys (ConfUtils.java:logGet(43)) - raft.server.rpc.timeout.max = 5200ms (custom)
2019-09-10 18:43:56,608 [pool-77-thread-1] INFO  storage.RaftStorageDirectory (RaftStorageDirectory.java:analyzeStorage(246)) - The storage directory /workdir/hadoop-ozone/integration-test/target/test-dir/MiniOzoneClusterImpl-27fa055b-1dd0-4a05-b5b8-5375f262b16d/datanode-5/data/ratis/6ceb4e77-0e1b-4828-a38c-fddbaa2e873f does not exist. Creating ...
2019-09-10 18:43:56,608 [pool-57-thread-1] INFO  server.RaftServerConfigKeys (ConfUtils.java:logGet(43)) - raft.server.rpcslowness.timeout = 120s (custom)
2019-09-10 18:43:56,609 [pool-57-thread-1] INFO  server.RaftServerConfigKeys (ConfUtils.java:logGet(43)) - raft.server.sleep.deviation.threshold = 300 (default)
2019-09-10 18:43:56,609 [pool-57-thread-1] INFO  server.RaftServerConfigKeys (ConfUtils.java:logGet(43)) - raft.server.log.appender.install.snapshot.enabled = false (custom)
2019-09-10 18:43:56,609 [pool-67-thread-1] INFO  impl.RaftServerImpl (RaftServerImpl.java:<init>(95)) - a2905edf-b9c1-421a-8807-b5d3e2a2f0d1: new RaftServerImpl for group-FDDBAA2E873F:[b72696e0-9c4e-4740-8bcd-ca4650f90538:192.168.5.139:36803, 4d5e76d1-94b4-4344-b272-620ca499a368:192.168.5.139:43319, a2905edf-b9c1-421a-8807-b5d3e2a2f0d1:192.168.5.139:42187] with ContainerStateMachine:uninitialized
2019-09-10 18:43:56,609 [pool-57-thread-1] INFO  impl.RaftServerImpl (ServerState.java:<init>(103)) - 4d5e76d1-94b4-4344-b272-620ca499a368@group-FDDBAA2E873F: ConfigurationManager, init=-1: [b72696e0-9c4e-4740-8bcd-ca4650f90538:192.168.5.139:36803, 4d5e76d1-94b4-4344-b272-620ca499a368:192.168.5.139:43319, a2905edf-b9c1-421a-8807-b5d3e2a2f0d1:192.168.5.139:42187], old=null, confs=<EMPTY_MAP>
2019-09-10 18:43:56,609 [pool-67-thread-1] INFO  server.RaftServerConfigKeys (ConfUtils.java:logGet(43)) - raft.server.rpc.timeout.min = 5s (custom)
2019-09-10 18:43:56,609 [pool-57-thread-1] INFO  server.RaftServerConfigKeys (ConfUtils.java:logGet(43)) - raft.server.storage.dir = [/workdir/hadoop-ozone/integration-test/target/test-dir/MiniOzoneClusterImpl-27fa055b-1dd0-4a05-b5b8-5375f262b16d/datanode-3/data/ratis] (custom)
2019-09-10 18:43:56,609 [pool-67-thread-1] INFO  server.RaftServerConfigKeys (ConfUtils.java:logGet(43)) - raft.server.rpc.timeout.max = 5200ms (custom)
2019-09-10 18:43:56,610 [pool-67-thread-1] INFO  server.RaftServerConfigKeys (ConfUtils.java:logGet(43)) - raft.server.rpcslowness.timeout = 120s (custom)
2019-09-10 18:43:56,610 [pool-57-thread-1] INFO  storage.RaftStorageDirectory (RaftStorageDirectory.java:analyzeStorage(246)) - The storage directory /workdir/hadoop-ozone/integration-test/target/test-dir/MiniOzoneClusterImpl-27fa055b-1dd0-4a05-b5b8-5375f262b16d/datanode-3/data/ratis/6ceb4e77-0e1b-4828-a38c-fddbaa2e873f does not exist. Creating ...
2019-09-10 18:43:56,610 [pool-67-thread-1] INFO  server.RaftServerConfigKeys (ConfUtils.java:logGet(43)) - raft.server.sleep.deviation.threshold = 300 (default)
2019-09-10 18:43:56,610 [pool-67-thread-1] INFO  server.RaftServerConfigKeys (ConfUtils.java:logGet(43)) - raft.server.log.appender.install.snapshot.enabled = false (custom)
2019-09-10 18:43:56,610 [pool-67-thread-1] INFO  impl.RaftServerImpl (ServerState.java:<init>(103)) - a2905edf-b9c1-421a-8807-b5d3e2a2f0d1@group-FDDBAA2E873F: ConfigurationManager, init=-1: [b72696e0-9c4e-4740-8bcd-ca4650f90538:192.168.5.139:36803, 4d5e76d1-94b4-4344-b272-620ca499a368:192.168.5.139:43319, a2905edf-b9c1-421a-8807-b5d3e2a2f0d1:192.168.5.139:42187], old=null, confs=<EMPTY_MAP>
2019-09-10 18:43:56,610 [pool-67-thread-1] INFO  server.RaftServerConfigKeys (ConfUtils.java:logGet(43)) - raft.server.storage.dir = [/workdir/hadoop-ozone/integration-test/target/test-dir/MiniOzoneClusterImpl-27fa055b-1dd0-4a05-b5b8-5375f262b16d/datanode-4/data/ratis] (custom)
2019-09-10 18:43:56,611 [pool-67-thread-1] INFO  storage.RaftStorageDirectory (RaftStorageDirectory.java:analyzeStorage(246)) - The storage directory /workdir/hadoop-ozone/integration-test/target/test-dir/MiniOzoneClusterImpl-27fa055b-1dd0-4a05-b5b8-5375f262b16d/datanode-4/data/ratis/6ceb4e77-0e1b-4828-a38c-fddbaa2e873f does not exist. Creating ...
2019-09-10 18:43:56,633 [pool-67-thread-1] INFO  storage.RaftStorageDirectory (RaftStorageDirectory.java:tryLock(328)) - Lock on /workdir/hadoop-ozone/integration-test/target/test-dir/MiniOzoneClusterImpl-27fa055b-1dd0-4a05-b5b8-5375f262b16d/datanode-4/data/ratis/6ceb4e77-0e1b-4828-a38c-fddbaa2e873f/in_use.lock acquired by nodename 6168@pr-hdds-1786-trunk-k6rzm-1803654198
2019-09-10 18:43:56,633 [pool-57-thread-1] INFO  storage.RaftStorageDirectory (RaftStorageDirectory.java:tryLock(328)) - Lock on /workdir/hadoop-ozone/integration-test/target/test-dir/MiniOzoneClusterImpl-27fa055b-1dd0-4a05-b5b8-5375f262b16d/datanode-3/data/ratis/6ceb4e77-0e1b-4828-a38c-fddbaa2e873f/in_use.lock acquired by nodename 6168@pr-hdds-1786-trunk-k6rzm-1803654198
2019-09-10 18:43:56,633 [pool-77-thread-1] INFO  storage.RaftStorageDirectory (RaftStorageDirectory.java:tryLock(328)) - Lock on /workdir/hadoop-ozone/integration-test/target/test-dir/MiniOzoneClusterImpl-27fa055b-1dd0-4a05-b5b8-5375f262b16d/datanode-5/data/ratis/6ceb4e77-0e1b-4828-a38c-fddbaa2e873f/in_use.lock acquired by nodename 6168@pr-hdds-1786-trunk-k6rzm-1803654198
2019-09-10 18:43:56,657 [pool-57-thread-1] INFO  storage.RaftStorage (RaftStorage.java:format(72)) - Storage directory /workdir/hadoop-ozone/integration-test/target/test-dir/MiniOzoneClusterImpl-27fa055b-1dd0-4a05-b5b8-5375f262b16d/datanode-3/data/ratis/6ceb4e77-0e1b-4828-a38c-fddbaa2e873f has been successfully formatted.
2019-09-10 18:43:56,657 [pool-67-thread-1] INFO  storage.RaftStorage (RaftStorage.java:format(72)) - Storage directory /workdir/hadoop-ozone/integration-test/target/test-dir/MiniOzoneClusterImpl-27fa055b-1dd0-4a05-b5b8-5375f262b16d/datanode-4/data/ratis/6ceb4e77-0e1b-4828-a38c-fddbaa2e873f has been successfully formatted.
2019-09-10 18:43:56,657 [pool-77-thread-1] INFO  storage.RaftStorage (RaftStorage.java:format(72)) - Storage directory /workdir/hadoop-ozone/integration-test/target/test-dir/MiniOzoneClusterImpl-27fa055b-1dd0-4a05-b5b8-5375f262b16d/datanode-5/data/ratis/6ceb4e77-0e1b-4828-a38c-fddbaa2e873f has been successfully formatted.
2019-09-10 18:43:56,658 [pool-57-thread-1] INFO  ratis.ContainerStateMachine (ContainerStateMachine.java:loadSnapshot(230)) - group-FDDBAA2E873F: The snapshot info is null. Setting the last applied indexto:(t:0, i:~)
2019-09-10 18:43:56,658 [pool-77-thread-1] INFO  ratis.ContainerStateMachine (ContainerStateMachine.java:loadSnapshot(230)) - group-FDDBAA2E873F: The snapshot info is null. Setting the last applied indexto:(t:0, i:~)
2019-09-10 18:43:56,658 [pool-67-thread-1] INFO  ratis.ContainerStateMachine (ContainerStateMachine.java:loadSnapshot(230)) - group-FDDBAA2E873F: The snapshot info is null. Setting the last applied indexto:(t:0, i:~)
2019-09-10 18:43:56,658 [pool-77-thread-1] INFO  server.RaftServerConfigKeys (ConfUtils.java:logGet(43)) - raft.server.notification.no-leader.timeout = 120s (custom)
2019-09-10 18:43:56,658 [pool-57-thread-1] INFO  server.RaftServerConfigKeys (ConfUtils.java:logGet(43)) - raft.server.notification.no-leader.timeout = 120s (custom)
2019-09-10 18:43:56,659 [pool-77-thread-1] INFO  server.RaftServerConfigKeys (ConfUtils.java:logGet(43)) - raft.server.log.use.memory = false (default)
2019-09-10 18:43:56,658 [pool-67-thread-1] INFO  server.RaftServerConfigKeys (ConfUtils.java:logGet(43)) - raft.server.notification.no-leader.timeout = 120s (custom)
2019-09-10 18:43:56,659 [pool-57-thread-1] INFO  server.RaftServerConfigKeys (ConfUtils.java:logGet(43)) - raft.server.log.use.memory = false (default)
2019-09-10 18:43:56,659 [pool-67-thread-1] INFO  server.RaftServerConfigKeys (ConfUtils.java:logGet(43)) - raft.server.log.use.memory = false (default)
2019-09-10 18:43:56,659 [pool-77-thread-1] INFO  server.RaftServerConfigKeys (ConfUtils.java:logGet(43)) - raft.server.log.purge.gap = 1000000 (custom)
2019-09-10 18:43:56,659 [pool-67-thread-1] INFO  server.RaftServerConfigKeys (ConfUtils.java:logGet(43)) - raft.server.log.purge.gap = 1000000 (custom)
2019-09-10 18:43:56,659 [pool-57-thread-1] INFO  server.RaftServerConfigKeys (ConfUtils.java:logGet(43)) - raft.server.log.purge.gap = 1000000 (custom)
2019-09-10 18:43:56,659 [pool-67-thread-1] INFO  server.RaftServerConfigKeys (ConfUtils.java:logGet(43)) - raft.server.log.appender.buffer.byte-limit = 33554432 (custom)
2019-09-10 18:43:56,659 [pool-77-thread-1] INFO  server.RaftServerConfigKeys (ConfUtils.java:logGet(43)) - raft.server.log.appender.buffer.byte-limit = 33554432 (custom)
2019-09-10 18:43:56,660 [pool-67-thread-1] INFO  server.RaftServerConfigKeys (ConfUtils.java:logGet(43)) - raft.server.log.segment.size.max = 1048576 (custom)
2019-09-10 18:43:56,660 [pool-57-thread-1] INFO  server.RaftServerConfigKeys (ConfUtils.java:logGet(43)) - raft.server.log.appender.buffer.byte-limit = 33554432 (custom)
2019-09-10 18:43:56,660 [pool-67-thread-1] INFO  server.RaftServerConfigKeys (ConfUtils.java:logGet(43)) - raft.server.log.segment.cache.num.max = 2 (custom)
2019-09-10 18:43:56,660 [pool-77-thread-1] INFO  server.RaftServerConfigKeys (ConfUtils.java:logGet(43)) - raft.server.log.segment.size.max = 1048576 (custom)
2019-09-10 18:43:56,660 [pool-67-thread-1] INFO  segmented.SegmentedRaftLogWorker (SegmentedRaftLogWorker.java:<init>(172)) - new a2905edf-b9c1-421a-8807-b5d3e2a2f0d1@group-FDDBAA2E873F-SegmentedRaftLogWorker for RaftStorage:Storage Directory /workdir/hadoop-ozone/integration-test/target/test-dir/MiniOzoneClusterImpl-27fa055b-1dd0-4a05-b5b8-5375f262b16d/datanode-4/data/ratis/6ceb4e77-0e1b-4828-a38c-fddbaa2e873f
2019-09-10 18:43:56,660 [pool-57-thread-1] INFO  server.RaftServerConfigKeys (ConfUtils.java:logGet(43)) - raft.server.log.segment.size.max = 1048576 (custom)
2019-09-10 18:43:56,661 [pool-67-thread-1] INFO  server.RaftServerConfigKeys (ConfUtils.java:logGet(43)) - raft.server.log.queue.byte-limit = 2147483647 (custom)
2019-09-10 18:43:56,660 [pool-77-thread-1] INFO  server.RaftServerConfigKeys (ConfUtils.java:logGet(43)) - raft.server.log.segment.cache.num.max = 2 (custom)
2019-09-10 18:43:56,661 [pool-67-thread-1] INFO  server.RaftServerConfigKeys (ConfUtils.java:logGet(43)) - raft.server.log.queue.element-limit = 1024 (custom)
2019-09-10 18:43:56,661 [pool-57-thread-1] INFO  server.RaftServerConfigKeys (ConfUtils.java:logGet(43)) - raft.server.log.segment.cache.num.max = 2 (custom)
2019-09-10 18:43:56,661 [pool-67-thread-1] INFO  server.RaftServerConfigKeys (ConfUtils.java:logGet(43)) - raft.server.log.segment.size.max = 1048576 (custom)
2019-09-10 18:43:56,661 [pool-67-thread-1] INFO  server.RaftServerConfigKeys (ConfUtils.java:logGet(43)) - raft.server.log.preallocated.size = 16384 (custom)
2019-09-10 18:43:56,661 [pool-77-thread-1] INFO  segmented.SegmentedRaftLogWorker (SegmentedRaftLogWorker.java:<init>(172)) - new b72696e0-9c4e-4740-8bcd-ca4650f90538@group-FDDBAA2E873F-SegmentedRaftLogWorker for RaftStorage:Storage Directory /workdir/hadoop-ozone/integration-test/target/test-dir/MiniOzoneClusterImpl-27fa055b-1dd0-4a05-b5b8-5375f262b16d/datanode-5/data/ratis/6ceb4e77-0e1b-4828-a38c-fddbaa2e873f
2019-09-10 18:43:56,661 [pool-67-thread-1] INFO  server.RaftServerConfigKeys (ConfUtils.java:logGet(43)) - raft.server.log.write.buffer.size = 33554432 (custom)
2019-09-10 18:43:56,661 [pool-57-thread-1] INFO  segmented.SegmentedRaftLogWorker (SegmentedRaftLogWorker.java:<init>(172)) - new 4d5e76d1-94b4-4344-b272-620ca499a368@group-FDDBAA2E873F-SegmentedRaftLogWorker for RaftStorage:Storage Directory /workdir/hadoop-ozone/integration-test/target/test-dir/MiniOzoneClusterImpl-27fa055b-1dd0-4a05-b5b8-5375f262b16d/datanode-3/data/ratis/6ceb4e77-0e1b-4828-a38c-fddbaa2e873f
2019-09-10 18:43:56,662 [pool-67-thread-1] INFO  server.RaftServerConfigKeys (ConfUtils.java:logGet(43)) - raft.server.log.force.sync.num = 128 (default)
2019-09-10 18:43:56,662 [pool-77-thread-1] INFO  server.RaftServerConfigKeys (ConfUtils.java:logGet(43)) - raft.server.log.queue.byte-limit = 2147483647 (custom)
2019-09-10 18:43:56,662 [pool-67-thread-1] INFO  server.RaftServerConfigKeys (ConfUtils.java:logGet(43)) - raft.server.log.statemachine.data.sync = true (default)
2019-09-10 18:43:56,662 [pool-57-thread-1] INFO  server.RaftServerConfigKeys (ConfUtils.java:logGet(43)) - raft.server.log.queue.byte-limit = 2147483647 (custom)
2019-09-10 18:43:56,662 [pool-67-thread-1] INFO  server.RaftServerConfigKeys (ConfUtils.java:logGet(43)) - raft.server.log.statemachine.data.sync.timeout = 10s (default)
2019-09-10 18:43:56,662 [pool-67-thread-1] INFO  server.RaftServerConfigKeys (ConfUtils.java:logGet(43)) - raft.server.log.statemachine.data.sync.timeout.retry = -1 (default)
2019-09-10 18:43:56,662 [pool-77-thread-1] INFO  server.RaftServerConfigKeys (ConfUtils.java:logGet(43)) - raft.server.log.queue.element-limit = 1024 (custom)
2019-09-10 18:43:56,663 [pool-67-thread-1] INFO  server.RaftServerConfigKeys (ConfUtils.java:logGet(43)) - raft.server.log.statemachine.data.caching.enabled = true (custom)
2019-09-10 18:43:56,662 [pool-57-thread-1] INFO  server.RaftServerConfigKeys (ConfUtils.java:logGet(43)) - raft.server.log.queue.element-limit = 1024 (custom)
2019-09-10 18:43:56,663 [pool-77-thread-1] INFO  server.RaftServerConfigKeys (ConfUtils.java:logGet(43)) - raft.server.log.segment.size.max = 1048576 (custom)
2019-09-10 18:43:56,663 [pool-67-thread-1] INFO  segmented.SegmentedRaftLogWorker (SegmentedRaftLogWorker.java:lambda$new$0(132)) - a2905edf-b9c1-421a-8807-b5d3e2a2f0d1@group-FDDBAA2E873F-SegmentedRaftLogWorker: flushIndex: setUnconditionally 0 -> -1
2019-09-10 18:43:56,663 [pool-57-thread-1] INFO  server.RaftServerConfigKeys (ConfUtils.java:logGet(43)) - raft.server.log.segment.size.max = 1048576 (custom)
2019-09-10 18:43:56,663 [pool-77-thread-1] INFO  server.RaftServerConfigKeys (ConfUtils.java:logGet(43)) - raft.server.log.preallocated.size = 16384 (custom)
2019-09-10 18:43:56,663 [pool-57-thread-1] INFO  server.RaftServerConfigKeys (ConfUtils.java:logGet(43)) - raft.server.log.preallocated.size = 16384 (custom)
2019-09-10 18:43:56,664 [pool-67-thread-1] INFO  server.RaftServerConfigKeys (ConfUtils.java:logGet(43)) - raft.server.snapshot.auto.trigger.enabled = true (custom)
2019-09-10 18:43:56,664 [pool-77-thread-1] INFO  server.RaftServerConfigKeys (ConfUtils.java:logGet(43)) - raft.server.log.write.buffer.size = 33554432 (custom)
2019-09-10 18:43:56,664 [pool-67-thread-1] INFO  server.RaftServerConfigKeys (ConfUtils.java:logGet(43)) - raft.server.snapshot.auto.trigger.threshold = 10000 (custom)
2019-09-10 18:43:56,664 [pool-57-thread-1] INFO  server.RaftServerConfigKeys (ConfUtils.java:logGet(43)) - raft.server.log.write.buffer.size = 33554432 (custom)
2019-09-10 18:43:56,664 [pool-67-thread-1] INFO  server.RaftServerConfigKeys (ConfUtils.java:logGet(43)) - raft.server.snapshot.retention.num.files = 5 (custom)
2019-09-10 18:43:56,664 [pool-77-thread-1] INFO  server.RaftServerConfigKeys (ConfUtils.java:logGet(43)) - raft.server.log.force.sync.num = 128 (default)
2019-09-10 18:43:56,664 [pool-67-thread-1] INFO  server.RaftServerConfigKeys (ConfUtils.java:logGet(43)) - raft.server.retrycache.expirytime = 600000ms (custom)
2019-09-10 18:43:56,664 [pool-57-thread-1] INFO  server.RaftServerConfigKeys (ConfUtils.java:logGet(43)) - raft.server.log.force.sync.num = 128 (default)
2019-09-10 18:43:56,664 [pool-77-thread-1] INFO  server.RaftServerConfigKeys (ConfUtils.java:logGet(43)) - raft.server.log.statemachine.data.sync = true (default)
2019-09-10 18:43:56,665 [pool-57-thread-1] INFO  server.RaftServerConfigKeys (ConfUtils.java:logGet(43)) - raft.server.log.statemachine.data.sync = true (default)
2019-09-10 18:43:56,665 [pool-77-thread-1] INFO  server.RaftServerConfigKeys (ConfUtils.java:logGet(43)) - raft.server.log.statemachine.data.sync.timeout = 10s (default)
2019-09-10 18:43:56,665 [pool-57-thread-1] INFO  server.RaftServerConfigKeys (ConfUtils.java:logGet(43)) - raft.server.log.statemachine.data.sync.timeout = 10s (default)
2019-09-10 18:43:56,665 [pool-77-thread-1] INFO  server.RaftServerConfigKeys (ConfUtils.java:logGet(43)) - raft.server.log.statemachine.data.sync.timeout.retry = -1 (default)
2019-09-10 18:43:56,665 [pool-57-thread-1] INFO  server.RaftServerConfigKeys (ConfUtils.java:logGet(43)) - raft.server.log.statemachine.data.sync.timeout.retry = -1 (default)
2019-09-10 18:43:56,666 [pool-77-thread-1] INFO  server.RaftServerConfigKeys (ConfUtils.java:logGet(43)) - raft.server.log.statemachine.data.caching.enabled = true (custom)
2019-09-10 18:43:56,666 [pool-57-thread-1] INFO  server.RaftServerConfigKeys (ConfUtils.java:logGet(43)) - raft.server.log.statemachine.data.caching.enabled = true (custom)
2019-09-10 18:43:56,666 [pool-77-thread-1] INFO  segmented.SegmentedRaftLogWorker (SegmentedRaftLogWorker.java:lambda$new$0(132)) - b72696e0-9c4e-4740-8bcd-ca4650f90538@group-FDDBAA2E873F-SegmentedRaftLogWorker: flushIndex: setUnconditionally 0 -> -1
2019-09-10 18:43:56,666 [pool-57-thread-1] INFO  segmented.SegmentedRaftLogWorker (SegmentedRaftLogWorker.java:lambda$new$0(132)) - 4d5e76d1-94b4-4344-b272-620ca499a368@group-FDDBAA2E873F-SegmentedRaftLogWorker: flushIndex: setUnconditionally 0 -> -1
2019-09-10 18:43:56,666 [pool-77-thread-1] INFO  server.RaftServerConfigKeys (ConfUtils.java:logGet(43)) - raft.server.snapshot.auto.trigger.enabled = true (custom)
2019-09-10 18:43:56,667 [pool-77-thread-1] INFO  server.RaftServerConfigKeys (ConfUtils.java:logGet(43)) - raft.server.snapshot.auto.trigger.threshold = 10000 (custom)
2019-09-10 18:43:56,667 [pool-57-thread-1] INFO  server.RaftServerConfigKeys (ConfUtils.java:logGet(43)) - raft.server.snapshot.auto.trigger.enabled = true (custom)
2019-09-10 18:43:56,667 [pool-77-thread-1] INFO  server.RaftServerConfigKeys (ConfUtils.java:logGet(43)) - raft.server.snapshot.retention.num.files = 5 (custom)
2019-09-10 18:43:56,667 [pool-57-thread-1] INFO  server.RaftServerConfigKeys (ConfUtils.java:logGet(43)) - raft.server.snapshot.auto.trigger.threshold = 10000 (custom)
2019-09-10 18:43:56,667 [pool-77-thread-1] INFO  server.RaftServerConfigKeys (ConfUtils.java:logGet(43)) - raft.server.retrycache.expirytime = 600000ms (custom)
2019-09-10 18:43:56,667 [pool-57-thread-1] INFO  server.RaftServerConfigKeys (ConfUtils.java:logGet(43)) - raft.server.snapshot.retention.num.files = 5 (custom)
2019-09-10 18:43:56,667 [pool-67-thread-1] INFO  impl.RaftServerImpl (RaftServerImpl.java:start(185)) - a2905edf-b9c1-421a-8807-b5d3e2a2f0d1@group-FDDBAA2E873F: start as a follower, conf=-1: [b72696e0-9c4e-4740-8bcd-ca4650f90538:192.168.5.139:36803, 4d5e76d1-94b4-4344-b272-620ca499a368:192.168.5.139:43319, a2905edf-b9c1-421a-8807-b5d3e2a2f0d1:192.168.5.139:42187], old=null
2019-09-10 18:43:56,668 [pool-57-thread-1] INFO  server.RaftServerConfigKeys (ConfUtils.java:logGet(43)) - raft.server.retrycache.expirytime = 600000ms (custom)
2019-09-10 18:43:56,668 [pool-67-thread-1] INFO  impl.RaftServerImpl (RaftServerImpl.java:setRole(174)) - a2905edf-b9c1-421a-8807-b5d3e2a2f0d1@group-FDDBAA2E873F: changes role from      null to FOLLOWER at term 0 for startAsFollower
2019-09-10 18:43:56,668 [pool-67-thread-1] INFO  impl.RoleInfo (RoleInfo.java:updateAndGet(143)) - a2905edf-b9c1-421a-8807-b5d3e2a2f0d1: start FollowerState
2019-09-10 18:43:56,671 [pool-67-thread-1] INFO  util.JmxRegister (JmxRegister.java:tryRegister(44)) - Successfully registered JMX Bean with object name Ratis:service=RaftServer,group=group-FDDBAA2E873F,id=a2905edf-b9c1-421a-8807-b5d3e2a2f0d1
2019-09-10 18:43:56,672 [pool-77-thread-1] INFO  impl.RaftServerImpl (RaftServerImpl.java:start(185)) - b72696e0-9c4e-4740-8bcd-ca4650f90538@group-FDDBAA2E873F: start as a follower, conf=-1: [b72696e0-9c4e-4740-8bcd-ca4650f90538:192.168.5.139:36803, 4d5e76d1-94b4-4344-b272-620ca499a368:192.168.5.139:43319, a2905edf-b9c1-421a-8807-b5d3e2a2f0d1:192.168.5.139:42187], old=null
2019-09-10 18:43:56,672 [pool-77-thread-1] INFO  impl.RaftServerImpl (RaftServerImpl.java:setRole(174)) - b72696e0-9c4e-4740-8bcd-ca4650f90538@group-FDDBAA2E873F: changes role from      null to FOLLOWER at term 0 for startAsFollower
2019-09-10 18:43:56,672 [pool-77-thread-1] INFO  impl.RoleInfo (RoleInfo.java:updateAndGet(143)) - b72696e0-9c4e-4740-8bcd-ca4650f90538: start FollowerState
2019-09-10 18:43:56,672 [pool-57-thread-1] INFO  impl.RaftServerImpl (RaftServerImpl.java:start(185)) - 4d5e76d1-94b4-4344-b272-620ca499a368@group-FDDBAA2E873F: start as a follower, conf=-1: [b72696e0-9c4e-4740-8bcd-ca4650f90538:192.168.5.139:36803, 4d5e76d1-94b4-4344-b272-620ca499a368:192.168.5.139:43319, a2905edf-b9c1-421a-8807-b5d3e2a2f0d1:192.168.5.139:42187], old=null
2019-09-10 18:43:56,673 [pool-77-thread-1] INFO  util.JmxRegister (JmxRegister.java:tryRegister(44)) - Successfully registered JMX Bean with object name Ratis:service=RaftServer,group=group-FDDBAA2E873F,id=b72696e0-9c4e-4740-8bcd-ca4650f90538
2019-09-10 18:43:56,674 [pool-57-thread-1] INFO  impl.RaftServerImpl (RaftServerImpl.java:setRole(174)) - 4d5e76d1-94b4-4344-b272-620ca499a368@group-FDDBAA2E873F: changes role from      null to FOLLOWER at term 0 for startAsFollower
2019-09-10 18:43:56,675 [pool-57-thread-1] INFO  impl.RoleInfo (RoleInfo.java:updateAndGet(143)) - 4d5e76d1-94b4-4344-b272-620ca499a368: start FollowerState
2019-09-10 18:43:56,677 [pool-57-thread-1] INFO  util.JmxRegister (JmxRegister.java:tryRegister(44)) - Successfully registered JMX Bean with object name Ratis:service=RaftServer,group=group-FDDBAA2E873F,id=4d5e76d1-94b4-4344-b272-620ca499a368
2019-09-10 18:43:56,679 [RatisPipelineUtilsThread] INFO  pipeline.PipelineStateManager (PipelineStateManager.java:addPipeline(56)) - Created pipeline Pipeline[ Id: 6ceb4e77-0e1b-4828-a38c-fddbaa2e873f, Nodes: 4d5e76d1-94b4-4344-b272-620ca499a368{ip: 192.168.5.139, host: pr-hdds-1786-trunk-k6rzm-1803654198, networkLocation: /default-rack, certSerialId: null}b72696e0-9c4e-4740-8bcd-ca4650f90538{ip: 192.168.5.139, host: pr-hdds-1786-trunk-k6rzm-1803654198, networkLocation: /default-rack, certSerialId: null}a2905edf-b9c1-421a-8807-b5d3e2a2f0d1{ip: 192.168.5.139, host: pr-hdds-1786-trunk-k6rzm-1803654198, networkLocation: /default-rack, certSerialId: null}, Type:RATIS, Factor:THREE, State:OPEN]
2019-09-10 18:43:57,038 [4d5e76d1-94b4-4344-b272-620ca499a368@group-23E12DAC9301-SegmentedRaftLogWorker] WARN  segmented.SegmentedRaftLogWorker (SegmentedRaftLogWorker.java:getFromFuture(90)) - Timeout 15/~
org.apache.ratis.protocol.TimeoutIOException: Timeout 10s: WriteLog:8: (t:1, i:8), STATEMACHINELOGENTRY, client-D387AA9945EB, cid=40-writeStateMachineData
	at org.apache.ratis.util.IOUtils.getFromFuture(IOUtils.java:87)
	at org.apache.ratis.server.raftlog.segmented.SegmentedRaftLogWorker$StateMachineDataPolicy.getFromFuture(SegmentedRaftLogWorker.java:87)
	at org.apache.ratis.server.raftlog.segmented.SegmentedRaftLogWorker$WriteLog.execute(SegmentedRaftLogWorker.java:477)
	at org.apache.ratis.server.raftlog.segmented.SegmentedRaftLogWorker.run(SegmentedRaftLogWorker.java:289)
	at java.lang.Thread.run(Thread.java:748)
Caused by: java.util.concurrent.TimeoutException
	at java.util.concurrent.CompletableFuture.timedGet(CompletableFuture.java:1771)
	at java.util.concurrent.CompletableFuture.get(CompletableFuture.java:1915)
	at org.apache.ratis.util.IOUtils.getFromFuture(IOUtils.java:79)
	... 4 more
2019-09-10 18:43:57,104 [b72696e0-9c4e-4740-8bcd-ca4650f90538@group-23E12DAC9301-SegmentedRaftLogWorker] WARN  segmented.SegmentedRaftLogWorker (SegmentedRaftLogWorker.java:getFromFuture(90)) - Timeout 15/~
org.apache.ratis.protocol.TimeoutIOException: Timeout 10s: WriteLog:8: (t:1, i:8), STATEMACHINELOGENTRY, client-D387AA9945EB, cid=40-writeStateMachineData
	at org.apache.ratis.util.IOUtils.getFromFuture(IOUtils.java:87)
	at org.apache.ratis.server.raftlog.segmented.SegmentedRaftLogWorker$StateMachineDataPolicy.getFromFuture(SegmentedRaftLogWorker.java:87)
	at org.apache.ratis.server.raftlog.segmented.SegmentedRaftLogWorker$WriteLog.execute(SegmentedRaftLogWorker.java:477)
	at org.apache.ratis.server.raftlog.segmented.SegmentedRaftLogWorker.run(SegmentedRaftLogWorker.java:289)
	at java.lang.Thread.run(Thread.java:748)
Caused by: java.util.concurrent.TimeoutException
	at java.util.concurrent.CompletableFuture.timedGet(CompletableFuture.java:1771)
	at java.util.concurrent.CompletableFuture.get(CompletableFuture.java:1915)
	at org.apache.ratis.util.IOUtils.getFromFuture(IOUtils.java:79)
	... 4 more
2019-09-10 18:43:57,116 [a2905edf-b9c1-421a-8807-b5d3e2a2f0d1@group-23E12DAC9301-SegmentedRaftLogWorker] WARN  segmented.SegmentedRaftLogWorker (SegmentedRaftLogWorker.java:getFromFuture(90)) - Timeout 15/~
org.apache.ratis.protocol.TimeoutIOException: Timeout 10s: WriteLog:8: (t:1, i:8), STATEMACHINELOGENTRY, client-D387AA9945EB, cid=40-writeStateMachineData
	at org.apache.ratis.util.IOUtils.getFromFuture(IOUtils.java:87)
	at org.apache.ratis.server.raftlog.segmented.SegmentedRaftLogWorker$StateMachineDataPolicy.getFromFuture(SegmentedRaftLogWorker.java:87)
	at org.apache.ratis.server.raftlog.segmented.SegmentedRaftLogWorker$WriteLog.execute(SegmentedRaftLogWorker.java:477)
	at org.apache.ratis.server.raftlog.segmented.SegmentedRaftLogWorker.run(SegmentedRaftLogWorker.java:289)
	at java.lang.Thread.run(Thread.java:748)
Caused by: java.util.concurrent.TimeoutException
	at java.util.concurrent.CompletableFuture.timedGet(CompletableFuture.java:1771)
	at java.util.concurrent.CompletableFuture.get(CompletableFuture.java:1915)
	at org.apache.ratis.util.IOUtils.getFromFuture(IOUtils.java:79)
	... 4 more
2019-09-10 18:43:57,697 [org.apache.ratis.server.impl.LogAppender$AppenderDaemon$$Lambda$491/1891770971@902d601] ERROR ratis.XceiverServerRatis (XceiverServerRatis.java:triggerPipelineClose(575)) - pipeline Action CLOSE  on pipeline PipelineID=a949f866-3595-4f72-be7a-23e12dac9301.Reason : b72696e0-9c4e-4740-8bcd-ca4650f90538 has not seen follower/s 4d5e76d1-94b4-4344-b272-620ca499a368 for 161002ms a2905edf-b9c1-421a-8807-b5d3e2a2f0d1 for 161002ms
2019-09-10 18:43:57,697 [org.apache.ratis.server.impl.LogAppender$AppenderDaemon$$Lambda$491/1891770971@e29e936] ERROR ratis.XceiverServerRatis (XceiverServerRatis.java:triggerPipelineClose(575)) - pipeline Action CLOSE  on pipeline PipelineID=a949f866-3595-4f72-be7a-23e12dac9301.Reason : b72696e0-9c4e-4740-8bcd-ca4650f90538 has not seen follower/s 4d5e76d1-94b4-4344-b272-620ca499a368 for 161002ms a2905edf-b9c1-421a-8807-b5d3e2a2f0d1 for 161002ms
2019-09-10 18:43:58,184 [EventQueue-PipelineActionsForPipelineActionHandler] ERROR pipeline.PipelineActionHandler (PipelineActionHandler.java:onMessage(60)) - Received pipeline action CLOSE for Pipeline[ Id: a949f866-3595-4f72-be7a-23e12dac9301, Nodes: 4d5e76d1-94b4-4344-b272-620ca499a368{ip: 192.168.5.139, host: pr-hdds-1786-trunk-k6rzm-1803654198, networkLocation: /default-rack, certSerialId: null}b72696e0-9c4e-4740-8bcd-ca4650f90538{ip: 192.168.5.139, host: pr-hdds-1786-trunk-k6rzm-1803654198, networkLocation: /default-rack, certSerialId: null}a2905edf-b9c1-421a-8807-b5d3e2a2f0d1{ip: 192.168.5.139, host: pr-hdds-1786-trunk-k6rzm-1803654198, networkLocation: /default-rack, certSerialId: null}, Type:RATIS, Factor:THREE, State:CLOSED] from datanode b72696e0-9c4e-4740-8bcd-ca4650f90538{ip: 192.168.5.139, host: pr-hdds-1786-trunk-k6rzm-1803654198, networkLocation: /default-rack, certSerialId: null}. Reason : b72696e0-9c4e-4740-8bcd-ca4650f90538 has not seen follower/s 4d5e76d1-94b4-4344-b272-620ca499a368 for 161002ms a2905edf-b9c1-421a-8807-b5d3e2a2f0d1 for 161002ms
2019-09-10 18:43:58,184 [EventQueue-PipelineActionsForPipelineActionHandler] INFO  pipeline.SCMPipelineManager (SCMPipelineManager.java:finalizeAndDestroyPipeline(311)) - destroying pipeline:Pipeline[ Id: a949f866-3595-4f72-be7a-23e12dac9301, Nodes: 4d5e76d1-94b4-4344-b272-620ca499a368{ip: 192.168.5.139, host: pr-hdds-1786-trunk-k6rzm-1803654198, networkLocation: /default-rack, certSerialId: null}b72696e0-9c4e-4740-8bcd-ca4650f90538{ip: 192.168.5.139, host: pr-hdds-1786-trunk-k6rzm-1803654198, networkLocation: /default-rack, certSerialId: null}a2905edf-b9c1-421a-8807-b5d3e2a2f0d1{ip: 192.168.5.139, host: pr-hdds-1786-trunk-k6rzm-1803654198, networkLocation: /default-rack, certSerialId: null}, Type:RATIS, Factor:THREE, State:CLOSED]
2019-09-10 18:43:58,196 [java.util.concurrent.ThreadPoolExecutor$Worker@5a51959c[State = -1, empty queue]] WARN  server.GrpcLogAppender (GrpcLogAppender.java:timeoutAppendRequest(200)) - b72696e0-9c4e-4740-8bcd-ca4650f90538@group-23E12DAC9301->4d5e76d1-94b4-4344-b272-620ca499a368-GrpcLogAppender: appendEntries Timeout, request=b72696e0-9c4e-4740-8bcd-ca4650f90538->4d5e76d1-94b4-4344-b272-620ca499a368#77-t1, previous=(t:1, i:13), leaderCommit=6, initializing? false, entries: <empty>
2019-09-10 18:43:58,196 [java.util.concurrent.ThreadPoolExecutor$Worker@2c162ad4[State = -1, empty queue]] WARN  server.GrpcLogAppender (GrpcLogAppender.java:timeoutAppendRequest(200)) - b72696e0-9c4e-4740-8bcd-ca4650f90538@group-23E12DAC9301->a2905edf-b9c1-421a-8807-b5d3e2a2f0d1-GrpcLogAppender: appendEntries Timeout, request=b72696e0-9c4e-4740-8bcd-ca4650f90538->a2905edf-b9c1-421a-8807-b5d3e2a2f0d1#77-t1, previous=(t:1, i:13), leaderCommit=6, initializing? false, entries: <empty>
2019-09-10 18:43:58,329 [grpc-default-executor-0] INFO  client.GrpcClientProtocolClient (GrpcClientProtocolClient.java:onNext(264)) - client-D387AA9945EB->4d5e76d1-94b4-4344-b272-620ca499a368: receive RaftClientReply:client-D387AA9945EB->4d5e76d1-94b4-4344-b272-620ca499a368@group-23E12DAC9301, cid=39, FAILED org.apache.ratis.protocol.NotLeaderException: Server 4d5e76d1-94b4-4344-b272-620ca499a368@group-23E12DAC9301 is not the leader b72696e0-9c4e-4740-8bcd-ca4650f90538:192.168.5.139:36803, logIndex=0, commits[4d5e76d1-94b4-4344-b272-620ca499a368:c6, b72696e0-9c4e-4740-8bcd-ca4650f90538:c6, a2905edf-b9c1-421a-8807-b5d3e2a2f0d1:c4]
2019-09-10 18:44:00,198 [org.apache.ratis.server.impl.LogAppender$AppenderDaemon$$Lambda$491/1891770971@e29e936] ERROR ratis.XceiverServerRatis (XceiverServerRatis.java:triggerPipelineClose(575)) - pipeline Action CLOSE  on pipeline PipelineID=a949f866-3595-4f72-be7a-23e12dac9301.Reason : b72696e0-9c4e-4740-8bcd-ca4650f90538 has not seen follower/s 4d5e76d1-94b4-4344-b272-620ca499a368 for 163503ms a2905edf-b9c1-421a-8807-b5d3e2a2f0d1 for 163504ms
2019-09-10 18:44:00,198 [org.apache.ratis.server.impl.LogAppender$AppenderDaemon$$Lambda$491/1891770971@902d601] ERROR ratis.XceiverServerRatis (XceiverServerRatis.java:triggerPipelineClose(575)) - pipeline Action CLOSE  on pipeline PipelineID=a949f866-3595-4f72-be7a-23e12dac9301.Reason : b72696e0-9c4e-4740-8bcd-ca4650f90538 has not seen follower/s 4d5e76d1-94b4-4344-b272-620ca499a368 for 163503ms a2905edf-b9c1-421a-8807-b5d3e2a2f0d1 for 163504ms
2019-09-10 18:44:00,697 [java.util.concurrent.ThreadPoolExecutor$Worker@5a51959c[State = -1, empty queue]] WARN  server.GrpcLogAppender (GrpcLogAppender.java:timeoutAppendRequest(200)) - b72696e0-9c4e-4740-8bcd-ca4650f90538@group-23E12DAC9301->4d5e76d1-94b4-4344-b272-620ca499a368-GrpcLogAppender: appendEntries Timeout, request=b72696e0-9c4e-4740-8bcd-ca4650f90538->4d5e76d1-94b4-4344-b272-620ca499a368#78-t1, previous=(t:1, i:13), leaderCommit=6, initializing? false, entries: <empty>
2019-09-10 18:44:00,697 [java.util.concurrent.ThreadPoolExecutor$Worker@2c162ad4[State = -1, empty queue]] WARN  server.GrpcLogAppender (GrpcLogAppender.java:timeoutAppendRequest(200)) - b72696e0-9c4e-4740-8bcd-ca4650f90538@group-23E12DAC9301->a2905edf-b9c1-421a-8807-b5d3e2a2f0d1-GrpcLogAppender: appendEntries Timeout, request=b72696e0-9c4e-4740-8bcd-ca4650f90538->a2905edf-b9c1-421a-8807-b5d3e2a2f0d1#78-t1, previous=(t:1, i:13), leaderCommit=6, initializing? false, entries: <empty>
2019-09-10 18:44:01,185 [EventQueue-PipelineActionsForPipelineActionHandler] ERROR pipeline.PipelineActionHandler (PipelineActionHandler.java:onMessage(60)) - Received pipeline action CLOSE for Pipeline[ Id: a949f866-3595-4f72-be7a-23e12dac9301, Nodes: 4d5e76d1-94b4-4344-b272-620ca499a368{ip: 192.168.5.139, host: pr-hdds-1786-trunk-k6rzm-1803654198, networkLocation: /default-rack, certSerialId: null}b72696e0-9c4e-4740-8bcd-ca4650f90538{ip: 192.168.5.139, host: pr-hdds-1786-trunk-k6rzm-1803654198, networkLocation: /default-rack, certSerialId: null}a2905edf-b9c1-421a-8807-b5d3e2a2f0d1{ip: 192.168.5.139, host: pr-hdds-1786-trunk-k6rzm-1803654198, networkLocation: /default-rack, certSerialId: null}, Type:RATIS, Factor:THREE, State:CLOSED] from datanode b72696e0-9c4e-4740-8bcd-ca4650f90538{ip: 192.168.5.139, host: pr-hdds-1786-trunk-k6rzm-1803654198, networkLocation: /default-rack, certSerialId: null}. Reason : b72696e0-9c4e-4740-8bcd-ca4650f90538 has not seen follower/s 4d5e76d1-94b4-4344-b272-620ca499a368 for 163503ms a2905edf-b9c1-421a-8807-b5d3e2a2f0d1 for 163504ms
2019-09-10 18:44:01,186 [EventQueue-PipelineActionsForPipelineActionHandler] INFO  pipeline.SCMPipelineManager (SCMPipelineManager.java:finalizeAndDestroyPipeline(311)) - destroying pipeline:Pipeline[ Id: a949f866-3595-4f72-be7a-23e12dac9301, Nodes: 4d5e76d1-94b4-4344-b272-620ca499a368{ip: 192.168.5.139, host: pr-hdds-1786-trunk-k6rzm-1803654198, networkLocation: /default-rack, certSerialId: null}b72696e0-9c4e-4740-8bcd-ca4650f90538{ip: 192.168.5.139, host: pr-hdds-1786-trunk-k6rzm-1803654198, networkLocation: /default-rack, certSerialId: null}a2905edf-b9c1-421a-8807-b5d3e2a2f0d1{ip: 192.168.5.139, host: pr-hdds-1786-trunk-k6rzm-1803654198, networkLocation: /default-rack, certSerialId: null}, Type:RATIS, Factor:THREE, State:CLOSED]
2019-09-10 18:44:01,734 [Thread-1352] INFO  impl.FollowerState (FollowerState.java:run(106)) - a2905edf-b9c1-421a-8807-b5d3e2a2f0d1:group-FDDBAA2E873F changes to CANDIDATE, lastRpcTime:5066, electionTimeout:5063ms
2019-09-10 18:44:01,735 [Thread-1352] INFO  impl.RoleInfo (RoleInfo.java:shutdownFollowerState(121)) - a2905edf-b9c1-421a-8807-b5d3e2a2f0d1: shutdown FollowerState
2019-09-10 18:44:01,735 [Thread-1352] INFO  impl.RaftServerImpl (RaftServerImpl.java:setRole(174)) - a2905edf-b9c1-421a-8807-b5d3e2a2f0d1@group-FDDBAA2E873F: changes role from  FOLLOWER to CANDIDATE at term 0 for changeToCandidate
2019-09-10 18:44:01,735 [Thread-1352] INFO  impl.RoleInfo (RoleInfo.java:updateAndGet(143)) - a2905edf-b9c1-421a-8807-b5d3e2a2f0d1: start LeaderElection
2019-09-10 18:44:01,762 [a2905edf-b9c1-421a-8807-b5d3e2a2f0d1@group-FDDBAA2E873F:LeaderElection13] INFO  impl.LeaderElection (LeaderElection.java:askForVotes(182)) - a2905edf-b9c1-421a-8807-b5d3e2a2f0d1@group-FDDBAA2E873F:LeaderElection13: begin an election at term 1 for -1: [b72696e0-9c4e-4740-8bcd-ca4650f90538:192.168.5.139:36803, 4d5e76d1-94b4-4344-b272-620ca499a368:192.168.5.139:43319, a2905edf-b9c1-421a-8807-b5d3e2a2f0d1:192.168.5.139:42187], old=null
2019-09-10 18:44:01,768 [grpc-default-executor-2] INFO  impl.RaftServerImpl (RaftServerImpl.java:setRole(174)) - b72696e0-9c4e-4740-8bcd-ca4650f90538@group-FDDBAA2E873F: changes role from  FOLLOWER to FOLLOWER at term 1 for recognizeCandidate:a2905edf-b9c1-421a-8807-b5d3e2a2f0d1
2019-09-10 18:44:01,768 [grpc-default-executor-0] INFO  impl.RaftServerImpl (RaftServerImpl.java:setRole(174)) - 4d5e76d1-94b4-4344-b272-620ca499a368@group-FDDBAA2E873F: changes role from  FOLLOWER to FOLLOWER at term 1 for recognizeCandidate:a2905edf-b9c1-421a-8807-b5d3e2a2f0d1
2019-09-10 18:44:01,768 [grpc-default-executor-2] INFO  impl.RoleInfo (RoleInfo.java:shutdownFollowerState(121)) - b72696e0-9c4e-4740-8bcd-ca4650f90538: shutdown FollowerState
2019-09-10 18:44:01,769 [grpc-default-executor-0] INFO  impl.RoleInfo (RoleInfo.java:shutdownFollowerState(121)) - 4d5e76d1-94b4-4344-b272-620ca499a368: shutdown FollowerState
2019-09-10 18:44:01,769 [grpc-default-executor-2] INFO  impl.RoleInfo (RoleInfo.java:updateAndGet(143)) - b72696e0-9c4e-4740-8bcd-ca4650f90538: start FollowerState
2019-09-10 18:44:01,769 [grpc-default-executor-0] INFO  impl.RoleInfo (RoleInfo.java:updateAndGet(143)) - 4d5e76d1-94b4-4344-b272-620ca499a368: start FollowerState
2019-09-10 18:44:01,769 [Thread-1354] INFO  impl.FollowerState (FollowerState.java:run(115)) - b72696e0-9c4e-4740-8bcd-ca4650f90538: FollowerState was interrupted: java.lang.InterruptedException: sleep interrupted
2019-09-10 18:44:01,769 [Thread-1355] INFO  impl.FollowerState (FollowerState.java:run(115)) - 4d5e76d1-94b4-4344-b272-620ca499a368: FollowerState was interrupted: java.lang.InterruptedException: sleep interrupted
2019-09-10 18:44:01,821 [a2905edf-b9c1-421a-8807-b5d3e2a2f0d1@group-FDDBAA2E873F:LeaderElection13] INFO  impl.LeaderElection (LeaderElection.java:logAndReturn(56)) - a2905edf-b9c1-421a-8807-b5d3e2a2f0d1@group-FDDBAA2E873F:LeaderElection13: Election PASSED; received 1 response(s) [a2905edf-b9c1-421a-8807-b5d3e2a2f0d1<-4d5e76d1-94b4-4344-b272-620ca499a368#0:OK-t1] and 0 exception(s); a2905edf-b9c1-421a-8807-b5d3e2a2f0d1@group-FDDBAA2E873F:t1, leader=null, voted=a2905edf-b9c1-421a-8807-b5d3e2a2f0d1, raftlog=a2905edf-b9c1-421a-8807-b5d3e2a2f0d1@group-FDDBAA2E873F-SegmentedRaftLog:OPENED:c-1,f-1,i0, conf=-1: [b72696e0-9c4e-4740-8bcd-ca4650f90538:192.168.5.139:36803, 4d5e76d1-94b4-4344-b272-620ca499a368:192.168.5.139:43319, a2905edf-b9c1-421a-8807-b5d3e2a2f0d1:192.168.5.139:42187], old=null
2019-09-10 18:44:01,822 [a2905edf-b9c1-421a-8807-b5d3e2a2f0d1@group-FDDBAA2E873F:LeaderElection13] INFO  impl.RoleInfo (RoleInfo.java:shutdownLeaderElection(134)) - a2905edf-b9c1-421a-8807-b5d3e2a2f0d1: shutdown LeaderElection
2019-09-10 18:44:01,824 [a2905edf-b9c1-421a-8807-b5d3e2a2f0d1@group-FDDBAA2E873F:LeaderElection13] INFO  impl.RaftServerImpl (RaftServerImpl.java:setRole(174)) - a2905edf-b9c1-421a-8807-b5d3e2a2f0d1@group-FDDBAA2E873F: changes role from CANDIDATE to LEADER at term 1 for changeToLeader
2019-09-10 18:44:01,824 [a2905edf-b9c1-421a-8807-b5d3e2a2f0d1@group-FDDBAA2E873F:LeaderElection13] INFO  impl.RaftServerImpl (ServerState.java:setLeader(253)) - a2905edf-b9c1-421a-8807-b5d3e2a2f0d1@group-FDDBAA2E873F: change Leader from null to a2905edf-b9c1-421a-8807-b5d3e2a2f0d1 at term 1 for becomeLeader, leader elected after 5166ms
2019-09-10 18:44:01,825 [a2905edf-b9c1-421a-8807-b5d3e2a2f0d1@group-FDDBAA2E873F:LeaderElection13] INFO  server.RaftServerConfigKeys (ConfUtils.java:logGet(43)) - raft.server.staging.catchup.gap = 1000 (default)
2019-09-10 18:44:01,825 [a2905edf-b9c1-421a-8807-b5d3e2a2f0d1@group-FDDBAA2E873F:LeaderElection13] INFO  server.RaftServerConfigKeys (ConfUtils.java:logGet(43)) - raft.server.rpc.sleep.time = 25ms (default)
2019-09-10 18:44:01,825 [a2905edf-b9c1-421a-8807-b5d3e2a2f0d1@group-FDDBAA2E873F:LeaderElection13] INFO  server.RaftServerConfigKeys (ConfUtils.java:logGet(43)) - raft.server.write.element-limit = 4096 (default)
2019-09-10 18:44:01,826 [a2905edf-b9c1-421a-8807-b5d3e2a2f0d1@group-FDDBAA2E873F:LeaderElection13] INFO  server.RaftServerConfigKeys (ConfUtils.java:logGet(43)) - raft.server.watch.timeout = 10s (default)
2019-09-10 18:44:01,826 [a2905edf-b9c1-421a-8807-b5d3e2a2f0d1@group-FDDBAA2E873F:LeaderElection13] INFO  server.RaftServerConfigKeys (ConfUtils.java:logGet(43)) - raft.server.watch.timeout.denomination = 1s (default)
2019-09-10 18:44:01,826 [a2905edf-b9c1-421a-8807-b5d3e2a2f0d1@group-FDDBAA2E873F:LeaderElection13] INFO  server.RaftServerConfigKeys (ConfUtils.java:logGet(43)) - raft.server.watch.element-limit = 65536 (default)
2019-09-10 18:44:01,831 [a2905edf-b9c1-421a-8807-b5d3e2a2f0d1@group-FDDBAA2E873F:LeaderElection13] INFO  server.RaftServerConfigKeys (ConfUtils.java:logGet(43)) - raft.server.log.appender.snapshot.chunk.size.max = 16MB (=16777216) (default)
2019-09-10 18:44:01,831 [a2905edf-b9c1-421a-8807-b5d3e2a2f0d1@group-FDDBAA2E873F:LeaderElection13] INFO  server.RaftServerConfigKeys (ConfUtils.java:logGet(43)) - raft.server.log.appender.buffer.byte-limit = 33554432 (custom)
2019-09-10 18:44:01,831 [a2905edf-b9c1-421a-8807-b5d3e2a2f0d1@group-FDDBAA2E873F:LeaderElection13] INFO  server.RaftServerConfigKeys (ConfUtils.java:logGet(43)) - raft.server.log.appender.buffer.element-limit = 1 (custom)
2019-09-10 18:44:01,832 [a2905edf-b9c1-421a-8807-b5d3e2a2f0d1@group-FDDBAA2E873F:LeaderElection13] INFO  grpc.GrpcConfigKeys$Server (ConfUtils.java:logGet(43)) - raft.grpc.server.leader.outstanding.appends.max = 128 (default)
2019-09-10 18:44:01,832 [a2905edf-b9c1-421a-8807-b5d3e2a2f0d1@group-FDDBAA2E873F:LeaderElection13] INFO  server.RaftServerConfigKeys (ConfUtils.java:logGet(43)) - raft.server.rpc.request.timeout = 3000ms (default)
2019-09-10 18:44:01,832 [a2905edf-b9c1-421a-8807-b5d3e2a2f0d1@group-FDDBAA2E873F:LeaderElection13] INFO  server.RaftServerConfigKeys (ConfUtils.java:logGet(43)) - raft.server.log.appender.install.snapshot.enabled = false (custom)
2019-09-10 18:44:01,832 [a2905edf-b9c1-421a-8807-b5d3e2a2f0d1@group-FDDBAA2E873F:LeaderElection13] INFO  server.RaftServerConfigKeys (ConfUtils.java:logGet(43)) - raft.server.log.appender.snapshot.chunk.size.max = 16MB (=16777216) (default)
2019-09-10 18:44:01,832 [a2905edf-b9c1-421a-8807-b5d3e2a2f0d1@group-FDDBAA2E873F:LeaderElection13] INFO  server.RaftServerConfigKeys (ConfUtils.java:logGet(43)) - raft.server.log.appender.buffer.byte-limit = 33554432 (custom)
2019-09-10 18:44:01,833 [a2905edf-b9c1-421a-8807-b5d3e2a2f0d1@group-FDDBAA2E873F:LeaderElection13] INFO  server.RaftServerConfigKeys (ConfUtils.java:logGet(43)) - raft.server.log.appender.buffer.element-limit = 1 (custom)
2019-09-10 18:44:01,833 [a2905edf-b9c1-421a-8807-b5d3e2a2f0d1@group-FDDBAA2E873F:LeaderElection13] INFO  grpc.GrpcConfigKeys$Server (ConfUtils.java:logGet(43)) - raft.grpc.server.leader.outstanding.appends.max = 128 (default)
2019-09-10 18:44:01,833 [a2905edf-b9c1-421a-8807-b5d3e2a2f0d1@group-FDDBAA2E873F:LeaderElection13] INFO  server.RaftServerConfigKeys (ConfUtils.java:logGet(43)) - raft.server.rpc.request.timeout = 3000ms (default)
2019-09-10 18:44:01,833 [a2905edf-b9c1-421a-8807-b5d3e2a2f0d1@group-FDDBAA2E873F:LeaderElection13] INFO  server.RaftServerConfigKeys (ConfUtils.java:logGet(43)) - raft.server.log.appender.install.snapshot.enabled = false (custom)
2019-09-10 18:44:01,834 [a2905edf-b9c1-421a-8807-b5d3e2a2f0d1@group-FDDBAA2E873F:LeaderElection13] INFO  impl.RoleInfo (RoleInfo.java:updateAndGet(143)) - a2905edf-b9c1-421a-8807-b5d3e2a2f0d1: start LeaderState
2019-09-10 18:44:01,834 [a2905edf-b9c1-421a-8807-b5d3e2a2f0d1@group-FDDBAA2E873F:LeaderElection13] INFO  segmented.SegmentedRaftLogWorker (SegmentedRaftLogWorker.java:startLogSegment(380)) - a2905edf-b9c1-421a-8807-b5d3e2a2f0d1@group-FDDBAA2E873F-SegmentedRaftLogWorker: Starting segment from index:0
2019-09-10 18:44:01,835 [a2905edf-b9c1-421a-8807-b5d3e2a2f0d1@group-FDDBAA2E873F:LeaderElection13] INFO  impl.RaftServerImpl (ServerState.java:setRaftConf(354)) - a2905edf-b9c1-421a-8807-b5d3e2a2f0d1@group-FDDBAA2E873F: set configuration 0: [b72696e0-9c4e-4740-8bcd-ca4650f90538:192.168.5.139:36803, 4d5e76d1-94b4-4344-b272-620ca499a368:192.168.5.139:43319, a2905edf-b9c1-421a-8807-b5d3e2a2f0d1:192.168.5.139:42187], old=null at 0
2019-09-10 18:44:01,865 [grpc-default-executor-0] INFO  impl.RaftServerImpl (ServerState.java:setLeader(253)) - b72696e0-9c4e-4740-8bcd-ca4650f90538@group-FDDBAA2E873F: change Leader from null to a2905edf-b9c1-421a-8807-b5d3e2a2f0d1 at term 1 for appendEntries, leader elected after 5207ms
2019-09-10 18:44:01,868 [grpc-default-executor-2] INFO  impl.RaftServerImpl (ServerState.java:setLeader(253)) - 4d5e76d1-94b4-4344-b272-620ca499a368@group-FDDBAA2E873F: change Leader from null to a2905edf-b9c1-421a-8807-b5d3e2a2f0d1 at term 1 for appendEntries, leader elected after 5209ms
2019-09-10 18:44:01,870 [grpc-default-executor-2] INFO  impl.RaftServerImpl (ServerState.java:setRaftConf(354)) - b72696e0-9c4e-4740-8bcd-ca4650f90538@group-FDDBAA2E873F: set configuration 0: [b72696e0-9c4e-4740-8bcd-ca4650f90538:192.168.5.139:36803, 4d5e76d1-94b4-4344-b272-620ca499a368:192.168.5.139:43319, a2905edf-b9c1-421a-8807-b5d3e2a2f0d1:192.168.5.139:42187], old=null at 0
2019-09-10 18:44:01,870 [grpc-default-executor-2] INFO  segmented.SegmentedRaftLogWorker (SegmentedRaftLogWorker.java:startLogSegment(380)) - b72696e0-9c4e-4740-8bcd-ca4650f90538@group-FDDBAA2E873F-SegmentedRaftLogWorker: Starting segment from index:0
2019-09-10 18:44:01,870 [grpc-default-executor-0] INFO  impl.RaftServerImpl (ServerState.java:setRaftConf(354)) - 4d5e76d1-94b4-4344-b272-620ca499a368@group-FDDBAA2E873F: set configuration 0: [b72696e0-9c4e-4740-8bcd-ca4650f90538:192.168.5.139:36803, 4d5e76d1-94b4-4344-b272-620ca499a368:192.168.5.139:43319, a2905edf-b9c1-421a-8807-b5d3e2a2f0d1:192.168.5.139:42187], old=null at 0
2019-09-10 18:44:01,871 [grpc-default-executor-0] INFO  segmented.SegmentedRaftLogWorker (SegmentedRaftLogWorker.java:startLogSegment(380)) - 4d5e76d1-94b4-4344-b272-620ca499a368@group-FDDBAA2E873F-SegmentedRaftLogWorker: Starting segment from index:0
2019-09-10 18:44:01,887 [a2905edf-b9c1-421a-8807-b5d3e2a2f0d1@group-FDDBAA2E873F-SegmentedRaftLogWorker] INFO  segmented.SegmentedRaftLogWorker (SegmentedRaftLogWorker.java:execute(569)) - a2905edf-b9c1-421a-8807-b5d3e2a2f0d1@group-FDDBAA2E873F-SegmentedRaftLogWorker: created new log segment /workdir/hadoop-ozone/integration-test/target/test-dir/MiniOzoneClusterImpl-27fa055b-1dd0-4a05-b5b8-5375f262b16d/datanode-4/data/ratis/6ceb4e77-0e1b-4828-a38c-fddbaa2e873f/current/log_inprogress_0
2019-09-10 18:44:01,930 [4d5e76d1-94b4-4344-b272-620ca499a368@group-FDDBAA2E873F-SegmentedRaftLogWorker] INFO  segmented.SegmentedRaftLogWorker (SegmentedRaftLogWorker.java:execute(569)) - 4d5e76d1-94b4-4344-b272-620ca499a368@group-FDDBAA2E873F-SegmentedRaftLogWorker: created new log segment /workdir/hadoop-ozone/integration-test/target/test-dir/MiniOzoneClusterImpl-27fa055b-1dd0-4a05-b5b8-5375f262b16d/datanode-3/data/ratis/6ceb4e77-0e1b-4828-a38c-fddbaa2e873f/current/log_inprogress_0
2019-09-10 18:44:01,930 [b72696e0-9c4e-4740-8bcd-ca4650f90538@group-FDDBAA2E873F-SegmentedRaftLogWorker] INFO  segmented.SegmentedRaftLogWorker (SegmentedRaftLogWorker.java:execute(569)) - b72696e0-9c4e-4740-8bcd-ca4650f90538@group-FDDBAA2E873F-SegmentedRaftLogWorker: created new log segment /workdir/hadoop-ozone/integration-test/target/test-dir/MiniOzoneClusterImpl-27fa055b-1dd0-4a05-b5b8-5375f262b16d/datanode-5/data/ratis/6ceb4e77-0e1b-4828-a38c-fddbaa2e873f/current/log_inprogress_0
2019-09-10 18:44:02,699 [org.apache.ratis.server.impl.LogAppender$AppenderDaemon$$Lambda$491/1891770971@902d601] ERROR ratis.XceiverServerRatis (XceiverServerRatis.java:triggerPipelineClose(575)) - pipeline Action CLOSE  on pipeline PipelineID=a949f866-3595-4f72-be7a-23e12dac9301.Reason : b72696e0-9c4e-4740-8bcd-ca4650f90538 has not seen follower/s 4d5e76d1-94b4-4344-b272-620ca499a368 for 166004ms a2905edf-b9c1-421a-8807-b5d3e2a2f0d1 for 166004ms
2019-09-10 18:44:02,699 [org.apache.ratis.server.impl.LogAppender$AppenderDaemon$$Lambda$491/1891770971@e29e936] ERROR ratis.XceiverServerRatis (XceiverServerRatis.java:triggerPipelineClose(575)) - pipeline Action CLOSE  on pipeline PipelineID=a949f866-3595-4f72-be7a-23e12dac9301.Reason : b72696e0-9c4e-4740-8bcd-ca4650f90538 has not seen follower/s 4d5e76d1-94b4-4344-b272-620ca499a368 for 166004ms a2905edf-b9c1-421a-8807-b5d3e2a2f0d1 for 166005ms
2019-09-10 18:44:03,186 [EventQueue-PipelineActionsForPipelineActionHandler] ERROR pipeline.PipelineActionHandler (PipelineActionHandler.java:onMessage(60)) - Received pipeline action CLOSE for Pipeline[ Id: a949f866-3595-4f72-be7a-23e12dac9301, Nodes: 4d5e76d1-94b4-4344-b272-620ca499a368{ip: 192.168.5.139, host: pr-hdds-1786-trunk-k6rzm-1803654198, networkLocation: /default-rack, certSerialId: null}b72696e0-9c4e-4740-8bcd-ca4650f90538{ip: 192.168.5.139, host: pr-hdds-1786-trunk-k6rzm-1803654198, networkLocation: /default-rack, certSerialId: null}a2905edf-b9c1-421a-8807-b5d3e2a2f0d1{ip: 192.168.5.139, host: pr-hdds-1786-trunk-k6rzm-1803654198, networkLocation: /default-rack, certSerialId: null}, Type:RATIS, Factor:THREE, State:CLOSED] from datanode b72696e0-9c4e-4740-8bcd-ca4650f90538{ip: 192.168.5.139, host: pr-hdds-1786-trunk-k6rzm-1803654198, networkLocation: /default-rack, certSerialId: null}. Reason : b72696e0-9c4e-4740-8bcd-ca4650f90538 has not seen follower/s 4d5e76d1-94b4-4344-b272-620ca499a368 for 166004ms a2905edf-b9c1-421a-8807-b5d3e2a2f0d1 for 166004ms
2019-09-10 18:44:03,186 [EventQueue-PipelineActionsForPipelineActionHandler] INFO  pipeline.SCMPipelineManager (SCMPipelineManager.java:finalizeAndDestroyPipeline(311)) - destroying pipeline:Pipeline[ Id: a949f866-3595-4f72-be7a-23e12dac9301, Nodes: 4d5e76d1-94b4-4344-b272-620ca499a368{ip: 192.168.5.139, host: pr-hdds-1786-trunk-k6rzm-1803654198, networkLocation: /default-rack, certSerialId: null}b72696e0-9c4e-4740-8bcd-ca4650f90538{ip: 192.168.5.139, host: pr-hdds-1786-trunk-k6rzm-1803654198, networkLocation: /default-rack, certSerialId: null}a2905edf-b9c1-421a-8807-b5d3e2a2f0d1{ip: 192.168.5.139, host: pr-hdds-1786-trunk-k6rzm-1803654198, networkLocation: /default-rack, certSerialId: null}, Type:RATIS, Factor:THREE, State:CLOSED]
2019-09-10 18:44:03,198 [java.util.concurrent.ThreadPoolExecutor$Worker@5a51959c[State = -1, empty queue]] WARN  server.GrpcLogAppender (GrpcLogAppender.java:timeoutAppendRequest(200)) - b72696e0-9c4e-4740-8bcd-ca4650f90538@group-23E12DAC9301->4d5e76d1-94b4-4344-b272-620ca499a368-GrpcLogAppender: appendEntries Timeout, request=b72696e0-9c4e-4740-8bcd-ca4650f90538->4d5e76d1-94b4-4344-b272-620ca499a368#79-t1, previous=(t:1, i:13), leaderCommit=6, initializing? false, entries: <empty>
2019-09-10 18:44:03,198 [java.util.concurrent.ThreadPoolExecutor$Worker@2c162ad4[State = -1, empty queue]] WARN  server.GrpcLogAppender (GrpcLogAppender.java:timeoutAppendRequest(200)) - b72696e0-9c4e-4740-8bcd-ca4650f90538@group-23E12DAC9301->a2905edf-b9c1-421a-8807-b5d3e2a2f0d1-GrpcLogAppender: appendEntries Timeout, request=b72696e0-9c4e-4740-8bcd-ca4650f90538->a2905edf-b9c1-421a-8807-b5d3e2a2f0d1#79-t1, previous=(t:1, i:13), leaderCommit=6, initializing? false, entries: <empty>
2019-09-10 18:44:03,363 [grpc-default-executor-0] INFO  client.GrpcClientProtocolClient (GrpcClientProtocolClient.java:onNext(264)) - client-D387AA9945EB->4d5e76d1-94b4-4344-b272-620ca499a368: receive RaftClientReply:client-D387AA9945EB->4d5e76d1-94b4-4344-b272-620ca499a368@group-23E12DAC9301, cid=39, FAILED org.apache.ratis.protocol.NotLeaderException: Server 4d5e76d1-94b4-4344-b272-620ca499a368@group-23E12DAC9301 is not the leader b72696e0-9c4e-4740-8bcd-ca4650f90538:192.168.5.139:36803, logIndex=0, commits[4d5e76d1-94b4-4344-b272-620ca499a368:c6, b72696e0-9c4e-4740-8bcd-ca4650f90538:c6, a2905edf-b9c1-421a-8807-b5d3e2a2f0d1:c4]
2019-09-10 18:44:05,200 [org.apache.ratis.server.impl.LogAppender$AppenderDaemon$$Lambda$491/1891770971@902d601] ERROR ratis.XceiverServerRatis (XceiverServerRatis.java:triggerPipelineClose(575)) - pipeline Action CLOSE  on pipeline PipelineID=a949f866-3595-4f72-be7a-23e12dac9301.Reason : b72696e0-9c4e-4740-8bcd-ca4650f90538 has not seen follower/s 4d5e76d1-94b4-4344-b272-620ca499a368 for 168505ms a2905edf-b9c1-421a-8807-b5d3e2a2f0d1 for 168505ms
2019-09-10 18:44:05,200 [org.apache.ratis.server.impl.LogAppender$AppenderDaemon$$Lambda$491/1891770971@e29e936] ERROR ratis.XceiverServerRatis (XceiverServerRatis.java:triggerPipelineClose(575)) - pipeline Action CLOSE  on pipeline PipelineID=a949f866-3595-4f72-be7a-23e12dac9301.Reason : b72696e0-9c4e-4740-8bcd-ca4650f90538 has not seen follower/s 4d5e76d1-94b4-4344-b272-620ca499a368 for 168505ms a2905edf-b9c1-421a-8807-b5d3e2a2f0d1 for 168505ms
2019-09-10 18:44:05,698 [java.util.concurrent.ThreadPoolExecutor$Worker@5a51959c[State = -1, empty queue]] WARN  server.GrpcLogAppender (GrpcLogAppender.java:timeoutAppendRequest(200)) - b72696e0-9c4e-4740-8bcd-ca4650f90538@group-23E12DAC9301->4d5e76d1-94b4-4344-b272-620ca499a368-GrpcLogAppender: appendEntries Timeout, request=b72696e0-9c4e-4740-8bcd-ca4650f90538->4d5e76d1-94b4-4344-b272-620ca499a368#80-t1, previous=(t:1, i:13), leaderCommit=6, initializing? false, entries: <empty>
2019-09-10 18:44:05,699 [java.util.concurrent.ThreadPoolExecutor$Worker@2c162ad4[State = -1, empty queue]] WARN  server.GrpcLogAppender (GrpcLogAppender.java:timeoutAppendRequest(200)) - b72696e0-9c4e-4740-8bcd-ca4650f90538@group-23E12DAC9301->a2905edf-b9c1-421a-8807-b5d3e2a2f0d1-GrpcLogAppender: appendEntries Timeout, request=b72696e0-9c4e-4740-8bcd-ca4650f90538->a2905edf-b9c1-421a-8807-b5d3e2a2f0d1#80-t1, previous=(t:1, i:13), leaderCommit=6, initializing? false, entries: <empty>
2019-09-10 18:44:06,185 [EventQueue-PipelineActionsForPipelineActionHandler] ERROR pipeline.PipelineActionHandler (PipelineActionHandler.java:onMessage(60)) - Received pipeline action CLOSE for Pipeline[ Id: a949f866-3595-4f72-be7a-23e12dac9301, Nodes: 4d5e76d1-94b4-4344-b272-620ca499a368{ip: 192.168.5.139, host: pr-hdds-1786-trunk-k6rzm-1803654198, networkLocation: /default-rack, certSerialId: null}b72696e0-9c4e-4740-8bcd-ca4650f90538{ip: 192.168.5.139, host: pr-hdds-1786-trunk-k6rzm-1803654198, networkLocation: /default-rack, certSerialId: null}a2905edf-b9c1-421a-8807-b5d3e2a2f0d1{ip: 192.168.5.139, host: pr-hdds-1786-trunk-k6rzm-1803654198, networkLocation: /default-rack, certSerialId: null}, Type:RATIS, Factor:THREE, State:CLOSED] from datanode b72696e0-9c4e-4740-8bcd-ca4650f90538{ip: 192.168.5.139, host: pr-hdds-1786-trunk-k6rzm-1803654198, networkLocation: /default-rack, certSerialId: null}. Reason : b72696e0-9c4e-4740-8bcd-ca4650f90538 has not seen follower/s 4d5e76d1-94b4-4344-b272-620ca499a368 for 168505ms a2905edf-b9c1-421a-8807-b5d3e2a2f0d1 for 168505ms
2019-09-10 18:44:06,186 [EventQueue-PipelineActionsForPipelineActionHandler] INFO  pipeline.SCMPipelineManager (SCMPipelineManager.java:finalizeAndDestroyPipeline(311)) - destroying pipeline:Pipeline[ Id: a949f866-3595-4f72-be7a-23e12dac9301, Nodes: 4d5e76d1-94b4-4344-b272-620ca499a368{ip: 192.168.5.139, host: pr-hdds-1786-trunk-k6rzm-1803654198, networkLocation: /default-rack, certSerialId: null}b72696e0-9c4e-4740-8bcd-ca4650f90538{ip: 192.168.5.139, host: pr-hdds-1786-trunk-k6rzm-1803654198, networkLocation: /default-rack, certSerialId: null}a2905edf-b9c1-421a-8807-b5d3e2a2f0d1{ip: 192.168.5.139, host: pr-hdds-1786-trunk-k6rzm-1803654198, networkLocation: /default-rack, certSerialId: null}, Type:RATIS, Factor:THREE, State:CLOSED]
2019-09-10 18:44:07,039 [4d5e76d1-94b4-4344-b272-620ca499a368@group-23E12DAC9301-SegmentedRaftLogWorker] WARN  segmented.SegmentedRaftLogWorker (SegmentedRaftLogWorker.java:getFromFuture(90)) - Timeout 16/~
org.apache.ratis.protocol.TimeoutIOException: Timeout 10s: WriteLog:8: (t:1, i:8), STATEMACHINELOGENTRY, client-D387AA9945EB, cid=40-writeStateMachineData
	at org.apache.ratis.util.IOUtils.getFromFuture(IOUtils.java:87)
	at org.apache.ratis.server.raftlog.segmented.SegmentedRaftLogWorker$StateMachineDataPolicy.getFromFuture(SegmentedRaftLogWorker.java:87)
	at org.apache.ratis.server.raftlog.segmented.SegmentedRaftLogWorker$WriteLog.execute(SegmentedRaftLogWorker.java:477)
	at org.apache.ratis.server.raftlog.segmented.SegmentedRaftLogWorker.run(SegmentedRaftLogWorker.java:289)
	at java.lang.Thread.run(Thread.java:748)
Caused by: java.util.concurrent.TimeoutException
	at java.util.concurrent.CompletableFuture.timedGet(CompletableFuture.java:1771)
	at java.util.concurrent.CompletableFuture.get(CompletableFuture.java:1915)
	at org.apache.ratis.util.IOUtils.getFromFuture(IOUtils.java:79)
	... 4 more
2019-09-10 18:44:07,121 [b72696e0-9c4e-4740-8bcd-ca4650f90538@group-23E12DAC9301-SegmentedRaftLogWorker] WARN  segmented.SegmentedRaftLogWorker (SegmentedRaftLogWorker.java:getFromFuture(90)) - Timeout 16/~
org.apache.ratis.protocol.TimeoutIOException: Timeout 10s: WriteLog:8: (t:1, i:8), STATEMACHINELOGENTRY, client-D387AA9945EB, cid=40-writeStateMachineData
	at org.apache.ratis.util.IOUtils.getFromFuture(IOUtils.java:87)
	at org.apache.ratis.server.raftlog.segmented.SegmentedRaftLogWorker$StateMachineDataPolicy.getFromFuture(SegmentedRaftLogWorker.java:87)
	at org.apache.ratis.server.raftlog.segmented.SegmentedRaftLogWorker$WriteLog.execute(SegmentedRaftLogWorker.java:477)
	at org.apache.ratis.server.raftlog.segmented.SegmentedRaftLogWorker.run(SegmentedRaftLogWorker.java:289)
	at java.lang.Thread.run(Thread.java:748)
Caused by: java.util.concurrent.TimeoutException
	at java.util.concurrent.CompletableFuture.timedGet(CompletableFuture.java:1771)
	at java.util.concurrent.CompletableFuture.get(CompletableFuture.java:1915)
	at org.apache.ratis.util.IOUtils.getFromFuture(IOUtils.java:79)
	... 4 more
2019-09-10 18:44:07,122 [a2905edf-b9c1-421a-8807-b5d3e2a2f0d1@group-23E12DAC9301-SegmentedRaftLogWorker] WARN  segmented.SegmentedRaftLogWorker (SegmentedRaftLogWorker.java:getFromFuture(90)) - Timeout 16/~
org.apache.ratis.protocol.TimeoutIOException: Timeout 10s: WriteLog:8: (t:1, i:8), STATEMACHINELOGENTRY, client-D387AA9945EB, cid=40-writeStateMachineData
	at org.apache.ratis.util.IOUtils.getFromFuture(IOUtils.java:87)
	at org.apache.ratis.server.raftlog.segmented.SegmentedRaftLogWorker$StateMachineDataPolicy.getFromFuture(SegmentedRaftLogWorker.java:87)
	at org.apache.ratis.server.raftlog.segmented.SegmentedRaftLogWorker$WriteLog.execute(SegmentedRaftLogWorker.java:477)
	at org.apache.ratis.server.raftlog.segmented.SegmentedRaftLogWorker.run(SegmentedRaftLogWorker.java:289)
	at java.lang.Thread.run(Thread.java:748)
Caused by: java.util.concurrent.TimeoutException
	at java.util.concurrent.CompletableFuture.timedGet(CompletableFuture.java:1771)
	at java.util.concurrent.CompletableFuture.get(CompletableFuture.java:1915)
	at org.apache.ratis.util.IOUtils.getFromFuture(IOUtils.java:79)
	... 4 more
2019-09-10 18:44:07,701 [org.apache.ratis.server.impl.LogAppender$AppenderDaemon$$Lambda$491/1891770971@902d601] ERROR ratis.XceiverServerRatis (XceiverServerRatis.java:triggerPipelineClose(575)) - pipeline Action CLOSE  on pipeline PipelineID=a949f866-3595-4f72-be7a-23e12dac9301.Reason : b72696e0-9c4e-4740-8bcd-ca4650f90538 has not seen follower/s 4d5e76d1-94b4-4344-b272-620ca499a368 for 171006ms a2905edf-b9c1-421a-8807-b5d3e2a2f0d1 for 171006ms
2019-09-10 18:44:07,701 [org.apache.ratis.server.impl.LogAppender$AppenderDaemon$$Lambda$491/1891770971@e29e936] ERROR ratis.XceiverServerRatis (XceiverServerRatis.java:triggerPipelineClose(575)) - pipeline Action CLOSE  on pipeline PipelineID=a949f866-3595-4f72-be7a-23e12dac9301.Reason : b72696e0-9c4e-4740-8bcd-ca4650f90538 has not seen follower/s 4d5e76d1-94b4-4344-b272-620ca499a368 for 171006ms a2905edf-b9c1-421a-8807-b5d3e2a2f0d1 for 171006ms
2019-09-10 18:44:08,185 [EventQueue-PipelineActionsForPipelineActionHandler] ERROR pipeline.PipelineActionHandler (PipelineActionHandler.java:onMessage(60)) - Received pipeline action CLOSE for Pipeline[ Id: a949f866-3595-4f72-be7a-23e12dac9301, Nodes: 4d5e76d1-94b4-4344-b272-620ca499a368{ip: 192.168.5.139, host: pr-hdds-1786-trunk-k6rzm-1803654198, networkLocation: /default-rack, certSerialId: null}b72696e0-9c4e-4740-8bcd-ca4650f90538{ip: 192.168.5.139, host: pr-hdds-1786-trunk-k6rzm-1803654198, networkLocation: /default-rack, certSerialId: null}a2905edf-b9c1-421a-8807-b5d3e2a2f0d1{ip: 192.168.5.139, host: pr-hdds-1786-trunk-k6rzm-1803654198, networkLocation: /default-rack, certSerialId: null}, Type:RATIS, Factor:THREE, State:CLOSED] from datanode b72696e0-9c4e-4740-8bcd-ca4650f90538{ip: 192.168.5.139, host: pr-hdds-1786-trunk-k6rzm-1803654198, networkLocation: /default-rack, certSerialId: null}. Reason : b72696e0-9c4e-4740-8bcd-ca4650f90538 has not seen follower/s 4d5e76d1-94b4-4344-b272-620ca499a368 for 171006ms a2905edf-b9c1-421a-8807-b5d3e2a2f0d1 for 171006ms
2019-09-10 18:44:08,185 [EventQueue-PipelineActionsForPipelineActionHandler] INFO  pipeline.SCMPipelineManager (SCMPipelineManager.java:finalizeAndDestroyPipeline(311)) - destroying pipeline:Pipeline[ Id: a949f866-3595-4f72-be7a-23e12dac9301, Nodes: 4d5e76d1-94b4-4344-b272-620ca499a368{ip: 192.168.5.139, host: pr-hdds-1786-trunk-k6rzm-1803654198, networkLocation: /default-rack, certSerialId: null}b72696e0-9c4e-4740-8bcd-ca4650f90538{ip: 192.168.5.139, host: pr-hdds-1786-trunk-k6rzm-1803654198, networkLocation: /default-rack, certSerialId: null}a2905edf-b9c1-421a-8807-b5d3e2a2f0d1{ip: 192.168.5.139, host: pr-hdds-1786-trunk-k6rzm-1803654198, networkLocation: /default-rack, certSerialId: null}, Type:RATIS, Factor:THREE, State:CLOSED]
2019-09-10 18:44:08,199 [java.util.concurrent.ThreadPoolExecutor$Worker@5a51959c[State = -1, empty queue]] WARN  server.GrpcLogAppender (GrpcLogAppender.java:timeoutAppendRequest(200)) - b72696e0-9c4e-4740-8bcd-ca4650f90538@group-23E12DAC9301->4d5e76d1-94b4-4344-b272-620ca499a368-GrpcLogAppender: appendEntries Timeout, request=b72696e0-9c4e-4740-8bcd-ca4650f90538->4d5e76d1-94b4-4344-b272-620ca499a368#81-t1, previous=(t:1, i:13), leaderCommit=6, initializing? false, entries: <empty>
2019-09-10 18:44:08,200 [java.util.concurrent.ThreadPoolExecutor$Worker@2c162ad4[State = -1, empty queue]] WARN  server.GrpcLogAppender (GrpcLogAppender.java:timeoutAppendRequest(200)) - b72696e0-9c4e-4740-8bcd-ca4650f90538@group-23E12DAC9301->a2905edf-b9c1-421a-8807-b5d3e2a2f0d1-GrpcLogAppender: appendEntries Timeout, request=b72696e0-9c4e-4740-8bcd-ca4650f90538->a2905edf-b9c1-421a-8807-b5d3e2a2f0d1#81-t1, previous=(t:1, i:13), leaderCommit=6, initializing? false, entries: <empty>
2019-09-10 18:44:08,404 [grpc-default-executor-2] INFO  client.GrpcClientProtocolClient (GrpcClientProtocolClient.java:onNext(264)) - client-D387AA9945EB->4d5e76d1-94b4-4344-b272-620ca499a368: receive RaftClientReply:client-D387AA9945EB->4d5e76d1-94b4-4344-b272-620ca499a368@group-23E12DAC9301, cid=39, FAILED org.apache.ratis.protocol.NotLeaderException: Server 4d5e76d1-94b4-4344-b272-620ca499a368@group-23E12DAC9301 is not the leader b72696e0-9c4e-4740-8bcd-ca4650f90538:192.168.5.139:36803, logIndex=0, commits[4d5e76d1-94b4-4344-b272-620ca499a368:c6, b72696e0-9c4e-4740-8bcd-ca4650f90538:c6, a2905edf-b9c1-421a-8807-b5d3e2a2f0d1:c4]
2019-09-10 18:44:10,202 [org.apache.ratis.server.impl.LogAppender$AppenderDaemon$$Lambda$491/1891770971@e29e936] ERROR ratis.XceiverServerRatis (XceiverServerRatis.java:triggerPipelineClose(575)) - pipeline Action CLOSE  on pipeline PipelineID=a949f866-3595-4f72-be7a-23e12dac9301.Reason : b72696e0-9c4e-4740-8bcd-ca4650f90538 has not seen follower/s 4d5e76d1-94b4-4344-b272-620ca499a368 for 173507ms a2905edf-b9c1-421a-8807-b5d3e2a2f0d1 for 173508ms
2019-09-10 18:44:10,202 [org.apache.ratis.server.impl.LogAppender$AppenderDaemon$$Lambda$491/1891770971@902d601] ERROR ratis.XceiverServerRatis (XceiverServerRatis.java:triggerPipelineClose(575)) - pipeline Action CLOSE  on pipeline PipelineID=a949f866-3595-4f72-be7a-23e12dac9301.Reason : b72696e0-9c4e-4740-8bcd-ca4650f90538 has not seen follower/s 4d5e76d1-94b4-4344-b272-620ca499a368 for 173507ms a2905edf-b9c1-421a-8807-b5d3e2a2f0d1 for 173508ms
2019-09-10 18:44:10,701 [java.util.concurrent.ThreadPoolExecutor$Worker@5a51959c[State = -1, empty queue]] WARN  server.GrpcLogAppender (GrpcLogAppender.java:timeoutAppendRequest(200)) - b72696e0-9c4e-4740-8bcd-ca4650f90538@group-23E12DAC9301->4d5e76d1-94b4-4344-b272-620ca499a368-GrpcLogAppender: appendEntries Timeout, request=b72696e0-9c4e-4740-8bcd-ca4650f90538->4d5e76d1-94b4-4344-b272-620ca499a368#82-t1, previous=(t:1, i:13), leaderCommit=6, initializing? false, entries: <empty>
2019-09-10 18:44:10,701 [java.util.concurrent.ThreadPoolExecutor$Worker@2c162ad4[State = -1, empty queue]] WARN  server.GrpcLogAppender (GrpcLogAppender.java:timeoutAppendRequest(200)) - b72696e0-9c4e-4740-8bcd-ca4650f90538@group-23E12DAC9301->a2905edf-b9c1-421a-8807-b5d3e2a2f0d1-GrpcLogAppender: appendEntries Timeout, request=b72696e0-9c4e-4740-8bcd-ca4650f90538->a2905edf-b9c1-421a-8807-b5d3e2a2f0d1#82-t1, previous=(t:1, i:13), leaderCommit=6, initializing? false, entries: <empty>
2019-09-10 18:44:11,193 [EventQueue-PipelineActionsForPipelineActionHandler] ERROR pipeline.PipelineActionHandler (PipelineActionHandler.java:onMessage(60)) - Received pipeline action CLOSE for Pipeline[ Id: a949f866-3595-4f72-be7a-23e12dac9301, Nodes: 4d5e76d1-94b4-4344-b272-620ca499a368{ip: 192.168.5.139, host: pr-hdds-1786-trunk-k6rzm-1803654198, networkLocation: /default-rack, certSerialId: null}b72696e0-9c4e-4740-8bcd-ca4650f90538{ip: 192.168.5.139, host: pr-hdds-1786-trunk-k6rzm-1803654198, networkLocation: /default-rack, certSerialId: null}a2905edf-b9c1-421a-8807-b5d3e2a2f0d1{ip: 192.168.5.139, host: pr-hdds-1786-trunk-k6rzm-1803654198, networkLocation: /default-rack, certSerialId: null}, Type:RATIS, Factor:THREE, State:CLOSED] from datanode b72696e0-9c4e-4740-8bcd-ca4650f90538{ip: 192.168.5.139, host: pr-hdds-1786-trunk-k6rzm-1803654198, networkLocation: /default-rack, certSerialId: null}. Reason : b72696e0-9c4e-4740-8bcd-ca4650f90538 has not seen follower/s 4d5e76d1-94b4-4344-b272-620ca499a368 for 173507ms a2905edf-b9c1-421a-8807-b5d3e2a2f0d1 for 173508ms
2019-09-10 18:44:11,194 [EventQueue-PipelineActionsForPipelineActionHandler] INFO  pipeline.SCMPipelineManager (SCMPipelineManager.java:finalizeAndDestroyPipeline(311)) - destroying pipeline:Pipeline[ Id: a949f866-3595-4f72-be7a-23e12dac9301, Nodes: 4d5e76d1-94b4-4344-b272-620ca499a368{ip: 192.168.5.139, host: pr-hdds-1786-trunk-k6rzm-1803654198, networkLocation: /default-rack, certSerialId: null}b72696e0-9c4e-4740-8bcd-ca4650f90538{ip: 192.168.5.139, host: pr-hdds-1786-trunk-k6rzm-1803654198, networkLocation: /default-rack, certSerialId: null}a2905edf-b9c1-421a-8807-b5d3e2a2f0d1{ip: 192.168.5.139, host: pr-hdds-1786-trunk-k6rzm-1803654198, networkLocation: /default-rack, certSerialId: null}, Type:RATIS, Factor:THREE, State:CLOSED]
2019-09-10 18:44:12,703 [org.apache.ratis.server.impl.LogAppender$AppenderDaemon$$Lambda$491/1891770971@e29e936] ERROR ratis.XceiverServerRatis (XceiverServerRatis.java:triggerPipelineClose(575)) - pipeline Action CLOSE  on pipeline PipelineID=a949f866-3595-4f72-be7a-23e12dac9301.Reason : b72696e0-9c4e-4740-8bcd-ca4650f90538 has not seen follower/s 4d5e76d1-94b4-4344-b272-620ca499a368 for 176008ms a2905edf-b9c1-421a-8807-b5d3e2a2f0d1 for 176009ms
2019-09-10 18:44:12,703 [org.apache.ratis.server.impl.LogAppender$AppenderDaemon$$Lambda$491/1891770971@902d601] ERROR ratis.XceiverServerRatis (XceiverServerRatis.java:triggerPipelineClose(575)) - pipeline Action CLOSE  on pipeline PipelineID=a949f866-3595-4f72-be7a-23e12dac9301.Reason : b72696e0-9c4e-4740-8bcd-ca4650f90538 has not seen follower/s 4d5e76d1-94b4-4344-b272-620ca499a368 for 176008ms a2905edf-b9c1-421a-8807-b5d3e2a2f0d1 for 176008ms
2019-09-10 18:44:13,193 [EventQueue-PipelineActionsForPipelineActionHandler] ERROR pipeline.PipelineActionHandler (PipelineActionHandler.java:onMessage(60)) - Received pipeline action CLOSE for Pipeline[ Id: a949f866-3595-4f72-be7a-23e12dac9301, Nodes: 4d5e76d1-94b4-4344-b272-620ca499a368{ip: 192.168.5.139, host: pr-hdds-1786-trunk-k6rzm-1803654198, networkLocation: /default-rack, certSerialId: null}b72696e0-9c4e-4740-8bcd-ca4650f90538{ip: 192.168.5.139, host: pr-hdds-1786-trunk-k6rzm-1803654198, networkLocation: /default-rack, certSerialId: null}a2905edf-b9c1-421a-8807-b5d3e2a2f0d1{ip: 192.168.5.139, host: pr-hdds-1786-trunk-k6rzm-1803654198, networkLocation: /default-rack, certSerialId: null}, Type:RATIS, Factor:THREE, State:CLOSED] from datanode b72696e0-9c4e-4740-8bcd-ca4650f90538{ip: 192.168.5.139, host: pr-hdds-1786-trunk-k6rzm-1803654198, networkLocation: /default-rack, certSerialId: null}. Reason : b72696e0-9c4e-4740-8bcd-ca4650f90538 has not seen follower/s 4d5e76d1-94b4-4344-b272-620ca499a368 for 176008ms a2905edf-b9c1-421a-8807-b5d3e2a2f0d1 for 176008ms
2019-09-10 18:44:13,193 [EventQueue-PipelineActionsForPipelineActionHandler] INFO  pipeline.SCMPipelineManager (SCMPipelineManager.java:finalizeAndDestroyPipeline(311)) - destroying pipeline:Pipeline[ Id: a949f866-3595-4f72-be7a-23e12dac9301, Nodes: 4d5e76d1-94b4-4344-b272-620ca499a368{ip: 192.168.5.139, host: pr-hdds-1786-trunk-k6rzm-1803654198, networkLocation: /default-rack, certSerialId: null}b72696e0-9c4e-4740-8bcd-ca4650f90538{ip: 192.168.5.139, host: pr-hdds-1786-trunk-k6rzm-1803654198, networkLocation: /default-rack, certSerialId: null}a2905edf-b9c1-421a-8807-b5d3e2a2f0d1{ip: 192.168.5.139, host: pr-hdds-1786-trunk-k6rzm-1803654198, networkLocation: /default-rack, certSerialId: null}, Type:RATIS, Factor:THREE, State:CLOSED]
2019-09-10 18:44:13,202 [java.util.concurrent.ThreadPoolExecutor$Worker@5a51959c[State = -1, empty queue]] WARN  server.GrpcLogAppender (GrpcLogAppender.java:timeoutAppendRequest(200)) - b72696e0-9c4e-4740-8bcd-ca4650f90538@group-23E12DAC9301->4d5e76d1-94b4-4344-b272-620ca499a368-GrpcLogAppender: appendEntries Timeout, request=b72696e0-9c4e-4740-8bcd-ca4650f90538->4d5e76d1-94b4-4344-b272-620ca499a368#83-t1, previous=(t:1, i:13), leaderCommit=6, initializing? false, entries: <empty>
2019-09-10 18:44:13,202 [java.util.concurrent.ThreadPoolExecutor$Worker@2c162ad4[State = -1, empty queue]] WARN  server.GrpcLogAppender (GrpcLogAppender.java:timeoutAppendRequest(200)) - b72696e0-9c4e-4740-8bcd-ca4650f90538@group-23E12DAC9301->a2905edf-b9c1-421a-8807-b5d3e2a2f0d1-GrpcLogAppender: appendEntries Timeout, request=b72696e0-9c4e-4740-8bcd-ca4650f90538->a2905edf-b9c1-421a-8807-b5d3e2a2f0d1#83-t1, previous=(t:1, i:13), leaderCommit=6, initializing? false, entries: <empty>
2019-09-10 18:44:13,455 [grpc-default-executor-0] INFO  client.GrpcClientProtocolClient (GrpcClientProtocolClient.java:onNext(264)) - client-D387AA9945EB->a2905edf-b9c1-421a-8807-b5d3e2a2f0d1: receive RaftClientReply:client-D387AA9945EB->a2905edf-b9c1-421a-8807-b5d3e2a2f0d1@group-23E12DAC9301, cid=39, FAILED org.apache.ratis.protocol.NotLeaderException: Server a2905edf-b9c1-421a-8807-b5d3e2a2f0d1@group-23E12DAC9301 is not the leader b72696e0-9c4e-4740-8bcd-ca4650f90538:192.168.5.139:36803, logIndex=0, commits[a2905edf-b9c1-421a-8807-b5d3e2a2f0d1:c6, b72696e0-9c4e-4740-8bcd-ca4650f90538:c6, 4d5e76d1-94b4-4344-b272-620ca499a368:c4]
2019-09-10 18:44:15,204 [org.apache.ratis.server.impl.LogAppender$AppenderDaemon$$Lambda$491/1891770971@e29e936] ERROR ratis.XceiverServerRatis (XceiverServerRatis.java:triggerPipelineClose(575)) - pipeline Action CLOSE  on pipeline PipelineID=a949f866-3595-4f72-be7a-23e12dac9301.Reason : b72696e0-9c4e-4740-8bcd-ca4650f90538 has not seen follower/s 4d5e76d1-94b4-4344-b272-620ca499a368 for 178509ms a2905edf-b9c1-421a-8807-b5d3e2a2f0d1 for 178509ms
2019-09-10 18:44:15,204 [org.apache.ratis.server.impl.LogAppender$AppenderDaemon$$Lambda$491/1891770971@902d601] ERROR ratis.XceiverServerRatis (XceiverServerRatis.java:triggerPipelineClose(575)) - pipeline Action CLOSE  on pipeline PipelineID=a949f866-3595-4f72-be7a-23e12dac9301.Reason : b72696e0-9c4e-4740-8bcd-ca4650f90538 has not seen follower/s 4d5e76d1-94b4-4344-b272-620ca499a368 for 178509ms a2905edf-b9c1-421a-8807-b5d3e2a2f0d1 for 178509ms
2019-09-10 18:44:15,703 [java.util.concurrent.ThreadPoolExecutor$Worker@5a51959c[State = -1, empty queue]] WARN  server.GrpcLogAppender (GrpcLogAppender.java:timeoutAppendRequest(200)) - b72696e0-9c4e-4740-8bcd-ca4650f90538@group-23E12DAC9301->4d5e76d1-94b4-4344-b272-620ca499a368-GrpcLogAppender: appendEntries Timeout, request=b72696e0-9c4e-4740-8bcd-ca4650f90538->4d5e76d1-94b4-4344-b272-620ca499a368#84-t1, previous=(t:1, i:13), leaderCommit=6, initializing? false, entries: <empty>
2019-09-10 18:44:15,703 [java.util.concurrent.ThreadPoolExecutor$Worker@2c162ad4[State = -1, empty queue]] WARN  server.GrpcLogAppender (GrpcLogAppender.java:timeoutAppendRequest(200)) - b72696e0-9c4e-4740-8bcd-ca4650f90538@group-23E12DAC9301->a2905edf-b9c1-421a-8807-b5d3e2a2f0d1-GrpcLogAppender: appendEntries Timeout, request=b72696e0-9c4e-4740-8bcd-ca4650f90538->a2905edf-b9c1-421a-8807-b5d3e2a2f0d1#84-t1, previous=(t:1, i:13), leaderCommit=6, initializing? false, entries: <empty>
2019-09-10 18:44:16,193 [EventQueue-PipelineActionsForPipelineActionHandler] ERROR pipeline.PipelineActionHandler (PipelineActionHandler.java:onMessage(60)) - Received pipeline action CLOSE for Pipeline[ Id: a949f866-3595-4f72-be7a-23e12dac9301, Nodes: 4d5e76d1-94b4-4344-b272-620ca499a368{ip: 192.168.5.139, host: pr-hdds-1786-trunk-k6rzm-1803654198, networkLocation: /default-rack, certSerialId: null}b72696e0-9c4e-4740-8bcd-ca4650f90538{ip: 192.168.5.139, host: pr-hdds-1786-trunk-k6rzm-1803654198, networkLocation: /default-rack, certSerialId: null}a2905edf-b9c1-421a-8807-b5d3e2a2f0d1{ip: 192.168.5.139, host: pr-hdds-1786-trunk-k6rzm-1803654198, networkLocation: /default-rack, certSerialId: null}, Type:RATIS, Factor:THREE, State:CLOSED] from datanode b72696e0-9c4e-4740-8bcd-ca4650f90538{ip: 192.168.5.139, host: pr-hdds-1786-trunk-k6rzm-1803654198, networkLocation: /default-rack, certSerialId: null}. Reason : b72696e0-9c4e-4740-8bcd-ca4650f90538 has not seen follower/s 4d5e76d1-94b4-4344-b272-620ca499a368 for 178509ms a2905edf-b9c1-421a-8807-b5d3e2a2f0d1 for 178509ms
2019-09-10 18:44:16,193 [EventQueue-PipelineActionsForPipelineActionHandler] INFO  pipeline.SCMPipelineManager (SCMPipelineManager.java:finalizeAndDestroyPipeline(311)) - destroying pipeline:Pipeline[ Id: a949f866-3595-4f72-be7a-23e12dac9301, Nodes: 4d5e76d1-94b4-4344-b272-620ca499a368{ip: 192.168.5.139, host: pr-hdds-1786-trunk-k6rzm-1803654198, networkLocation: /default-rack, certSerialId: null}b72696e0-9c4e-4740-8bcd-ca4650f90538{ip: 192.168.5.139, host: pr-hdds-1786-trunk-k6rzm-1803654198, networkLocation: /default-rack, certSerialId: null}a2905edf-b9c1-421a-8807-b5d3e2a2f0d1{ip: 192.168.5.139, host: pr-hdds-1786-trunk-k6rzm-1803654198, networkLocation: /default-rack, certSerialId: null}, Type:RATIS, Factor:THREE, State:CLOSED]
2019-09-10 18:44:17,040 [4d5e76d1-94b4-4344-b272-620ca499a368@group-23E12DAC9301-SegmentedRaftLogWorker] WARN  segmented.SegmentedRaftLogWorker (SegmentedRaftLogWorker.java:getFromFuture(90)) - Timeout 17/~
org.apache.ratis.protocol.TimeoutIOException: Timeout 10s: WriteLog:8: (t:1, i:8), STATEMACHINELOGENTRY, client-D387AA9945EB, cid=40-writeStateMachineData
	at org.apache.ratis.util.IOUtils.getFromFuture(IOUtils.java:87)
	at org.apache.ratis.server.raftlog.segmented.SegmentedRaftLogWorker$StateMachineDataPolicy.getFromFuture(SegmentedRaftLogWorker.java:87)
	at org.apache.ratis.server.raftlog.segmented.SegmentedRaftLogWorker$WriteLog.execute(SegmentedRaftLogWorker.java:477)
	at org.apache.ratis.server.raftlog.segmented.SegmentedRaftLogWorker.run(SegmentedRaftLogWorker.java:289)
	at java.lang.Thread.run(Thread.java:748)
Caused by: java.util.concurrent.TimeoutException
	at java.util.concurrent.CompletableFuture.timedGet(CompletableFuture.java:1771)
	at java.util.concurrent.CompletableFuture.get(CompletableFuture.java:1915)
	at org.apache.ratis.util.IOUtils.getFromFuture(IOUtils.java:79)
	... 4 more
2019-09-10 18:44:17,122 [b72696e0-9c4e-4740-8bcd-ca4650f90538@group-23E12DAC9301-SegmentedRaftLogWorker] WARN  segmented.SegmentedRaftLogWorker (SegmentedRaftLogWorker.java:getFromFuture(90)) - Timeout 17/~
org.apache.ratis.protocol.TimeoutIOException: Timeout 10s: WriteLog:8: (t:1, i:8), STATEMACHINELOGENTRY, client-D387AA9945EB, cid=40-writeStateMachineData
	at org.apache.ratis.util.IOUtils.getFromFuture(IOUtils.java:87)
	at org.apache.ratis.server.raftlog.segmented.SegmentedRaftLogWorker$StateMachineDataPolicy.getFromFuture(SegmentedRaftLogWorker.java:87)
	at org.apache.ratis.server.raftlog.segmented.SegmentedRaftLogWorker$WriteLog.execute(SegmentedRaftLogWorker.java:477)
	at org.apache.ratis.server.raftlog.segmented.SegmentedRaftLogWorker.run(SegmentedRaftLogWorker.java:289)
	at java.lang.Thread.run(Thread.java:748)
Caused by: java.util.concurrent.TimeoutException
	at java.util.concurrent.CompletableFuture.timedGet(CompletableFuture.java:1771)
	at java.util.concurrent.CompletableFuture.get(CompletableFuture.java:1915)
	at org.apache.ratis.util.IOUtils.getFromFuture(IOUtils.java:79)
	... 4 more
2019-09-10 18:44:17,122 [a2905edf-b9c1-421a-8807-b5d3e2a2f0d1@group-23E12DAC9301-SegmentedRaftLogWorker] WARN  segmented.SegmentedRaftLogWorker (SegmentedRaftLogWorker.java:getFromFuture(90)) - Timeout 17/~
org.apache.ratis.protocol.TimeoutIOException: Timeout 10s: WriteLog:8: (t:1, i:8), STATEMACHINELOGENTRY, client-D387AA9945EB, cid=40-writeStateMachineData
	at org.apache.ratis.util.IOUtils.getFromFuture(IOUtils.java:87)
	at org.apache.ratis.server.raftlog.segmented.SegmentedRaftLogWorker$StateMachineDataPolicy.getFromFuture(SegmentedRaftLogWorker.java:87)
	at org.apache.ratis.server.raftlog.segmented.SegmentedRaftLogWorker$WriteLog.execute(SegmentedRaftLogWorker.java:477)
	at org.apache.ratis.server.raftlog.segmented.SegmentedRaftLogWorker.run(SegmentedRaftLogWorker.java:289)
	at java.lang.Thread.run(Thread.java:748)
Caused by: java.util.concurrent.TimeoutException
	at java.util.concurrent.CompletableFuture.timedGet(CompletableFuture.java:1771)
	at java.util.concurrent.CompletableFuture.get(CompletableFuture.java:1915)
	at org.apache.ratis.util.IOUtils.getFromFuture(IOUtils.java:79)
	... 4 more
2019-09-10 18:44:17,705 [org.apache.ratis.server.impl.LogAppender$AppenderDaemon$$Lambda$491/1891770971@902d601] ERROR ratis.XceiverServerRatis (XceiverServerRatis.java:triggerPipelineClose(575)) - pipeline Action CLOSE  on pipeline PipelineID=a949f866-3595-4f72-be7a-23e12dac9301.Reason : b72696e0-9c4e-4740-8bcd-ca4650f90538 has not seen follower/s 4d5e76d1-94b4-4344-b272-620ca499a368 for 181011ms a2905edf-b9c1-421a-8807-b5d3e2a2f0d1 for 181011ms
2019-09-10 18:44:17,709 [org.apache.ratis.server.impl.LogAppender$AppenderDaemon$$Lambda$491/1891770971@e29e936] ERROR ratis.XceiverServerRatis (XceiverServerRatis.java:triggerPipelineClose(575)) - pipeline Action CLOSE  on pipeline PipelineID=a949f866-3595-4f72-be7a-23e12dac9301.Reason : b72696e0-9c4e-4740-8bcd-ca4650f90538 has not seen follower/s 4d5e76d1-94b4-4344-b272-620ca499a368 for 181014ms a2905edf-b9c1-421a-8807-b5d3e2a2f0d1 for 181015ms
2019-09-10 18:44:18,193 [EventQueue-PipelineActionsForPipelineActionHandler] ERROR pipeline.PipelineActionHandler (PipelineActionHandler.java:onMessage(60)) - Received pipeline action CLOSE for Pipeline[ Id: a949f866-3595-4f72-be7a-23e12dac9301, Nodes: 4d5e76d1-94b4-4344-b272-620ca499a368{ip: 192.168.5.139, host: pr-hdds-1786-trunk-k6rzm-1803654198, networkLocation: /default-rack, certSerialId: null}b72696e0-9c4e-4740-8bcd-ca4650f90538{ip: 192.168.5.139, host: pr-hdds-1786-trunk-k6rzm-1803654198, networkLocation: /default-rack, certSerialId: null}a2905edf-b9c1-421a-8807-b5d3e2a2f0d1{ip: 192.168.5.139, host: pr-hdds-1786-trunk-k6rzm-1803654198, networkLocation: /default-rack, certSerialId: null}, Type:RATIS, Factor:THREE, State:CLOSED] from datanode b72696e0-9c4e-4740-8bcd-ca4650f90538{ip: 192.168.5.139, host: pr-hdds-1786-trunk-k6rzm-1803654198, networkLocation: /default-rack, certSerialId: null}. Reason : b72696e0-9c4e-4740-8bcd-ca4650f90538 has not seen follower/s 4d5e76d1-94b4-4344-b272-620ca499a368 for 181011ms a2905edf-b9c1-421a-8807-b5d3e2a2f0d1 for 181011ms
2019-09-10 18:44:18,193 [EventQueue-PipelineActionsForPipelineActionHandler] INFO  pipeline.SCMPipelineManager (SCMPipelineManager.java:finalizeAndDestroyPipeline(311)) - destroying pipeline:Pipeline[ Id: a949f866-3595-4f72-be7a-23e12dac9301, Nodes: 4d5e76d1-94b4-4344-b272-620ca499a368{ip: 192.168.5.139, host: pr-hdds-1786-trunk-k6rzm-1803654198, networkLocation: /default-rack, certSerialId: null}b72696e0-9c4e-4740-8bcd-ca4650f90538{ip: 192.168.5.139, host: pr-hdds-1786-trunk-k6rzm-1803654198, networkLocation: /default-rack, certSerialId: null}a2905edf-b9c1-421a-8807-b5d3e2a2f0d1{ip: 192.168.5.139, host: pr-hdds-1786-trunk-k6rzm-1803654198, networkLocation: /default-rack, certSerialId: null}, Type:RATIS, Factor:THREE, State:CLOSED]
2019-09-10 18:44:18,204 [java.util.concurrent.ThreadPoolExecutor$Worker@2c162ad4[State = -1, empty queue]] WARN  server.GrpcLogAppender (GrpcLogAppender.java:timeoutAppendRequest(200)) - b72696e0-9c4e-4740-8bcd-ca4650f90538@group-23E12DAC9301->a2905edf-b9c1-421a-8807-b5d3e2a2f0d1-GrpcLogAppender: appendEntries Timeout, request=b72696e0-9c4e-4740-8bcd-ca4650f90538->a2905edf-b9c1-421a-8807-b5d3e2a2f0d1#85-t1, previous=(t:1, i:13), leaderCommit=6, initializing? false, entries: <empty>
2019-09-10 18:44:18,204 [java.util.concurrent.ThreadPoolExecutor$Worker@5a51959c[State = -1, empty queue]] WARN  server.GrpcLogAppender (GrpcLogAppender.java:timeoutAppendRequest(200)) - b72696e0-9c4e-4740-8bcd-ca4650f90538@group-23E12DAC9301->4d5e76d1-94b4-4344-b272-620ca499a368-GrpcLogAppender: appendEntries Timeout, request=b72696e0-9c4e-4740-8bcd-ca4650f90538->4d5e76d1-94b4-4344-b272-620ca499a368#85-t1, previous=(t:1, i:13), leaderCommit=6, initializing? false, entries: <empty>
2019-09-10 18:44:18,506 [grpc-default-executor-2] INFO  client.GrpcClientProtocolClient (GrpcClientProtocolClient.java:onNext(264)) - client-D387AA9945EB->a2905edf-b9c1-421a-8807-b5d3e2a2f0d1: receive RaftClientReply:client-D387AA9945EB->a2905edf-b9c1-421a-8807-b5d3e2a2f0d1@group-23E12DAC9301, cid=39, FAILED org.apache.ratis.protocol.NotLeaderException: Server a2905edf-b9c1-421a-8807-b5d3e2a2f0d1@group-23E12DAC9301 is not the leader b72696e0-9c4e-4740-8bcd-ca4650f90538:192.168.5.139:36803, logIndex=0, commits[a2905edf-b9c1-421a-8807-b5d3e2a2f0d1:c6, b72696e0-9c4e-4740-8bcd-ca4650f90538:c6, 4d5e76d1-94b4-4344-b272-620ca499a368:c4]
2019-09-10 18:44:20,207 [org.apache.ratis.server.impl.LogAppender$AppenderDaemon$$Lambda$491/1891770971@902d601] ERROR ratis.XceiverServerRatis (XceiverServerRatis.java:triggerPipelineClose(575)) - pipeline Action CLOSE  on pipeline PipelineID=a949f866-3595-4f72-be7a-23e12dac9301.Reason : b72696e0-9c4e-4740-8bcd-ca4650f90538 has not seen follower/s 4d5e76d1-94b4-4344-b272-620ca499a368 for 183512ms a2905edf-b9c1-421a-8807-b5d3e2a2f0d1 for 183512ms
2019-09-10 18:44:20,210 [org.apache.ratis.server.impl.LogAppender$AppenderDaemon$$Lambda$491/1891770971@e29e936] ERROR ratis.XceiverServerRatis (XceiverServerRatis.java:triggerPipelineClose(575)) - pipeline Action CLOSE  on pipeline PipelineID=a949f866-3595-4f72-be7a-23e12dac9301.Reason : b72696e0-9c4e-4740-8bcd-ca4650f90538 has not seen follower/s 4d5e76d1-94b4-4344-b272-620ca499a368 for 183515ms a2905edf-b9c1-421a-8807-b5d3e2a2f0d1 for 183516ms
2019-09-10 18:44:20,705 [java.util.concurrent.ThreadPoolExecutor$Worker@5a51959c[State = -1, empty queue]] WARN  server.GrpcLogAppender (GrpcLogAppender.java:timeoutAppendRequest(200)) - b72696e0-9c4e-4740-8bcd-ca4650f90538@group-23E12DAC9301->4d5e76d1-94b4-4344-b272-620ca499a368-GrpcLogAppender: appendEntries Timeout, request=b72696e0-9c4e-4740-8bcd-ca4650f90538->4d5e76d1-94b4-4344-b272-620ca499a368#86-t1, previous=(t:1, i:13), leaderCommit=6, initializing? false, entries: <empty>
2019-09-10 18:44:20,709 [java.util.concurrent.ThreadPoolExecutor$Worker@2c162ad4[State = -1, empty queue]] WARN  server.GrpcLogAppender (GrpcLogAppender.java:timeoutAppendRequest(200)) - b72696e0-9c4e-4740-8bcd-ca4650f90538@group-23E12DAC9301->a2905edf-b9c1-421a-8807-b5d3e2a2f0d1-GrpcLogAppender: appendEntries Timeout, request=b72696e0-9c4e-4740-8bcd-ca4650f90538->a2905edf-b9c1-421a-8807-b5d3e2a2f0d1#86-t1, previous=(t:1, i:13), leaderCommit=6, initializing? false, entries: <empty>
2019-09-10 18:44:21,194 [EventQueue-PipelineActionsForPipelineActionHandler] ERROR pipeline.PipelineActionHandler (PipelineActionHandler.java:onMessage(60)) - Received pipeline action CLOSE for Pipeline[ Id: a949f866-3595-4f72-be7a-23e12dac9301, Nodes: 4d5e76d1-94b4-4344-b272-620ca499a368{ip: 192.168.5.139, host: pr-hdds-1786-trunk-k6rzm-1803654198, networkLocation: /default-rack, certSerialId: null}b72696e0-9c4e-4740-8bcd-ca4650f90538{ip: 192.168.5.139, host: pr-hdds-1786-trunk-k6rzm-1803654198, networkLocation: /default-rack, certSerialId: null}a2905edf-b9c1-421a-8807-b5d3e2a2f0d1{ip: 192.168.5.139, host: pr-hdds-1786-trunk-k6rzm-1803654198, networkLocation: /default-rack, certSerialId: null}, Type:RATIS, Factor:THREE, State:CLOSED] from datanode b72696e0-9c4e-4740-8bcd-ca4650f90538{ip: 192.168.5.139, host: pr-hdds-1786-trunk-k6rzm-1803654198, networkLocation: /default-rack, certSerialId: null}. Reason : b72696e0-9c4e-4740-8bcd-ca4650f90538 has not seen follower/s 4d5e76d1-94b4-4344-b272-620ca499a368 for 183512ms a2905edf-b9c1-421a-8807-b5d3e2a2f0d1 for 183512ms
2019-09-10 18:44:21,194 [EventQueue-PipelineActionsForPipelineActionHandler] INFO  pipeline.SCMPipelineManager (SCMPipelineManager.java:finalizeAndDestroyPipeline(311)) - destroying pipeline:Pipeline[ Id: a949f866-3595-4f72-be7a-23e12dac9301, Nodes: 4d5e76d1-94b4-4344-b272-620ca499a368{ip: 192.168.5.139, host: pr-hdds-1786-trunk-k6rzm-1803654198, networkLocation: /default-rack, certSerialId: null}b72696e0-9c4e-4740-8bcd-ca4650f90538{ip: 192.168.5.139, host: pr-hdds-1786-trunk-k6rzm-1803654198, networkLocation: /default-rack, certSerialId: null}a2905edf-b9c1-421a-8807-b5d3e2a2f0d1{ip: 192.168.5.139, host: pr-hdds-1786-trunk-k6rzm-1803654198, networkLocation: /default-rack, certSerialId: null}, Type:RATIS, Factor:THREE, State:CLOSED]
2019-09-10 18:44:22,708 [org.apache.ratis.server.impl.LogAppender$AppenderDaemon$$Lambda$491/1891770971@902d601] ERROR ratis.XceiverServerRatis (XceiverServerRatis.java:triggerPipelineClose(575)) - pipeline Action CLOSE  on pipeline PipelineID=a949f866-3595-4f72-be7a-23e12dac9301.Reason : b72696e0-9c4e-4740-8bcd-ca4650f90538 has not seen follower/s 4d5e76d1-94b4-4344-b272-620ca499a368 for 186013ms a2905edf-b9c1-421a-8807-b5d3e2a2f0d1 for 186014ms
2019-09-10 18:44:22,711 [org.apache.ratis.server.impl.LogAppender$AppenderDaemon$$Lambda$491/1891770971@e29e936] ERROR ratis.XceiverServerRatis (XceiverServerRatis.java:triggerPipelineClose(575)) - pipeline Action CLOSE  on pipeline PipelineID=a949f866-3595-4f72-be7a-23e12dac9301.Reason : b72696e0-9c4e-4740-8bcd-ca4650f90538 has not seen follower/s 4d5e76d1-94b4-4344-b272-620ca499a368 for 186016ms a2905edf-b9c1-421a-8807-b5d3e2a2f0d1 for 186016ms
2019-09-10 18:44:23,168 [grpc-default-executor-2] INFO  impl.RaftServerProxy (RaftServerProxy.java:remove(95)) - 4d5e76d1-94b4-4344-b272-620ca499a368: remove  FOLLOWER 4d5e76d1-94b4-4344-b272-620ca499a368@group-23E12DAC9301:t1, leader=b72696e0-9c4e-4740-8bcd-ca4650f90538, voted=b72696e0-9c4e-4740-8bcd-ca4650f90538, raftlog=4d5e76d1-94b4-4344-b272-620ca499a368@group-23E12DAC9301-SegmentedRaftLog:OPENED:c6,f6,i13, conf=0: [b72696e0-9c4e-4740-8bcd-ca4650f90538:192.168.5.139:36803, 4d5e76d1-94b4-4344-b272-620ca499a368:192.168.5.139:43319, a2905edf-b9c1-421a-8807-b5d3e2a2f0d1:192.168.5.139:42187], old=null RUNNING
2019-09-10 18:44:23,168 [grpc-default-executor-2] INFO  impl.RaftServerImpl (RaftServerImpl.java:lambda$shutdown$3(251)) - 4d5e76d1-94b4-4344-b272-620ca499a368@group-23E12DAC9301: shutdown
2019-09-10 18:44:23,169 [grpc-default-executor-2] INFO  util.JmxRegister (JmxRegister.java:unregister(73)) - Successfully un-registered JMX Bean with object name Ratis:service=RaftServer,group=group-23E12DAC9301,id=4d5e76d1-94b4-4344-b272-620ca499a368
2019-09-10 18:44:23,169 [grpc-default-executor-2] INFO  impl.RoleInfo (RoleInfo.java:shutdownFollowerState(121)) - 4d5e76d1-94b4-4344-b272-620ca499a368: shutdown FollowerState
2019-09-10 18:44:23,169 [grpc-default-executor-2] INFO  impl.StateMachineUpdater (StateMachineUpdater.java:stopAndJoin(125)) - 4d5e76d1-94b4-4344-b272-620ca499a368@group-23E12DAC9301-StateMachineUpdater: set stopIndex = 6
2019-09-10 18:44:23,169 [Thread-866] INFO  impl.FollowerState (FollowerState.java:run(115)) - 4d5e76d1-94b4-4344-b272-620ca499a368: FollowerState was interrupted: java.lang.InterruptedException: sleep interrupted
2019-09-10 18:44:23,175 [4d5e76d1-94b4-4344-b272-620ca499a368@group-23E12DAC9301-StateMachineUpdater] INFO  ratis.ContainerStateMachine (ContainerStateMachine.java:takeSnapshot(289)) - group-23E12DAC9301: Taking a snapshot at:(t:1, i:4) file /workdir/hadoop-ozone/integration-test/target/test-dir/MiniOzoneClusterImpl-27fa055b-1dd0-4a05-b5b8-5375f262b16d/datanode-3/data/ratis/a949f866-3595-4f72-be7a-23e12dac9301/sm/snapshot.1_4
2019-09-10 18:44:23,194 [EventQueue-PipelineActionsForPipelineActionHandler] ERROR pipeline.PipelineActionHandler (PipelineActionHandler.java:onMessage(60)) - Received pipeline action CLOSE for Pipeline[ Id: a949f866-3595-4f72-be7a-23e12dac9301, Nodes: 4d5e76d1-94b4-4344-b272-620ca499a368{ip: 192.168.5.139, host: pr-hdds-1786-trunk-k6rzm-1803654198, networkLocation: /default-rack, certSerialId: null}b72696e0-9c4e-4740-8bcd-ca4650f90538{ip: 192.168.5.139, host: pr-hdds-1786-trunk-k6rzm-1803654198, networkLocation: /default-rack, certSerialId: null}a2905edf-b9c1-421a-8807-b5d3e2a2f0d1{ip: 192.168.5.139, host: pr-hdds-1786-trunk-k6rzm-1803654198, networkLocation: /default-rack, certSerialId: null}, Type:RATIS, Factor:THREE, State:CLOSED] from datanode b72696e0-9c4e-4740-8bcd-ca4650f90538{ip: 192.168.5.139, host: pr-hdds-1786-trunk-k6rzm-1803654198, networkLocation: /default-rack, certSerialId: null}. Reason : b72696e0-9c4e-4740-8bcd-ca4650f90538 has not seen follower/s 4d5e76d1-94b4-4344-b272-620ca499a368 for 186013ms a2905edf-b9c1-421a-8807-b5d3e2a2f0d1 for 186014ms
2019-09-10 18:44:23,195 [EventQueue-PipelineActionsForPipelineActionHandler] INFO  pipeline.SCMPipelineManager (SCMPipelineManager.java:finalizeAndDestroyPipeline(311)) - destroying pipeline:Pipeline[ Id: a949f866-3595-4f72-be7a-23e12dac9301, Nodes: 4d5e76d1-94b4-4344-b272-620ca499a368{ip: 192.168.5.139, host: pr-hdds-1786-trunk-k6rzm-1803654198, networkLocation: /default-rack, certSerialId: null}b72696e0-9c4e-4740-8bcd-ca4650f90538{ip: 192.168.5.139, host: pr-hdds-1786-trunk-k6rzm-1803654198, networkLocation: /default-rack, certSerialId: null}a2905edf-b9c1-421a-8807-b5d3e2a2f0d1{ip: 192.168.5.139, host: pr-hdds-1786-trunk-k6rzm-1803654198, networkLocation: /default-rack, certSerialId: null}, Type:RATIS, Factor:THREE, State:CLOSED]
2019-09-10 18:44:23,199 [4d5e76d1-94b4-4344-b272-620ca499a368@group-23E12DAC9301-StateMachineUpdater] INFO  ratis.ContainerStateMachine (ContainerStateMachine.java:takeSnapshot(300)) - group-23E12DAC9301: Finished taking a snapshot at:(t:1, i:4) file:/workdir/hadoop-ozone/integration-test/target/test-dir/MiniOzoneClusterImpl-27fa055b-1dd0-4a05-b5b8-5375f262b16d/datanode-3/data/ratis/a949f866-3595-4f72-be7a-23e12dac9301/sm/snapshot.1_4 time:30
2019-09-10 18:44:23,200 [4d5e76d1-94b4-4344-b272-620ca499a368@group-23E12DAC9301-StateMachineUpdater] INFO  impl.StateMachineUpdater (StateMachineUpdater.java:takeSnapshot(258)) - 4d5e76d1-94b4-4344-b272-620ca499a368@group-23E12DAC9301-StateMachineUpdater: Took a snapshot at index 4
2019-09-10 18:44:23,200 [4d5e76d1-94b4-4344-b272-620ca499a368@group-23E12DAC9301-StateMachineUpdater] INFO  impl.StateMachineUpdater (StateMachineUpdater.java:lambda$new$0(83)) - 4d5e76d1-94b4-4344-b272-620ca499a368@group-23E12DAC9301-StateMachineUpdater: snapshotIndex: updateIncreasingly -1 -> 4
2019-09-10 18:44:23,201 [4d5e76d1-94b4-4344-b272-620ca499a368@group-23E12DAC9301-StateMachineUpdater] INFO  ratis.ContainerStateMachine (ContainerStateMachine.java:takeSnapshot(289)) - group-23E12DAC9301: Taking a snapshot at:(t:1, i:4) file /workdir/hadoop-ozone/integration-test/target/test-dir/MiniOzoneClusterImpl-27fa055b-1dd0-4a05-b5b8-5375f262b16d/datanode-3/data/ratis/a949f866-3595-4f72-be7a-23e12dac9301/sm/snapshot.1_4
2019-09-10 18:44:23,207 [java.util.concurrent.ThreadPoolExecutor$Worker@5a51959c[State = -1, empty queue]] WARN  server.GrpcLogAppender (GrpcLogAppender.java:timeoutAppendRequest(200)) - b72696e0-9c4e-4740-8bcd-ca4650f90538@group-23E12DAC9301->4d5e76d1-94b4-4344-b272-620ca499a368-GrpcLogAppender: appendEntries Timeout, request=b72696e0-9c4e-4740-8bcd-ca4650f90538->4d5e76d1-94b4-4344-b272-620ca499a368#87-t1, previous=(t:1, i:13), leaderCommit=6, initializing? false, entries: <empty>
2019-09-10 18:44:23,210 [java.util.concurrent.ThreadPoolExecutor$Worker@2c162ad4[State = -1, empty queue]] WARN  server.GrpcLogAppender (GrpcLogAppender.java:timeoutAppendRequest(200)) - b72696e0-9c4e-4740-8bcd-ca4650f90538@group-23E12DAC9301->a2905edf-b9c1-421a-8807-b5d3e2a2f0d1-GrpcLogAppender: appendEntries Timeout, request=b72696e0-9c4e-4740-8bcd-ca4650f90538->a2905edf-b9c1-421a-8807-b5d3e2a2f0d1#87-t1, previous=(t:1, i:13), leaderCommit=6, initializing? false, entries: <empty>
2019-09-10 18:44:23,223 [4d5e76d1-94b4-4344-b272-620ca499a368@group-23E12DAC9301-StateMachineUpdater] INFO  ratis.ContainerStateMachine (ContainerStateMachine.java:takeSnapshot(300)) - group-23E12DAC9301: Finished taking a snapshot at:(t:1, i:4) file:/workdir/hadoop-ozone/integration-test/target/test-dir/MiniOzoneClusterImpl-27fa055b-1dd0-4a05-b5b8-5375f262b16d/datanode-3/data/ratis/a949f866-3595-4f72-be7a-23e12dac9301/sm/snapshot.1_4 time:22
2019-09-10 18:44:23,224 [4d5e76d1-94b4-4344-b272-620ca499a368@group-23E12DAC9301-StateMachineUpdater] INFO  impl.StateMachineUpdater (StateMachineUpdater.java:takeSnapshot(258)) - 4d5e76d1-94b4-4344-b272-620ca499a368@group-23E12DAC9301-StateMachineUpdater: Took a snapshot at index 4
2019-09-10 18:44:23,224 [4d5e76d1-94b4-4344-b272-620ca499a368@group-23E12DAC9301-StateMachineUpdater] INFO  impl.StateMachineUpdater (StateMachineUpdater.java:lambda$new$0(83)) - 4d5e76d1-94b4-4344-b272-620ca499a368@group-23E12DAC9301-StateMachineUpdater: snapshotIndex: updateIncreasingly 4 -> 4
2019-09-10 18:44:23,224 [grpc-default-executor-2] INFO  impl.RaftServerImpl (ServerState.java:close(385)) - 4d5e76d1-94b4-4344-b272-620ca499a368@group-23E12DAC9301: closes. applyIndex: 6
2019-09-10 18:44:23,225 [4d5e76d1-94b4-4344-b272-620ca499a368@group-23E12DAC9301-SegmentedRaftLogWorker] ERROR ratis.XceiverServerRatis (XceiverServerRatis.java:triggerPipelineClose(575)) - pipeline Action CLOSE  on pipeline PipelineID=a949f866-3595-4f72-be7a-23e12dac9301.Reason : WriteLog:8: (t:1, i:8), STATEMACHINELOGENTRY, client-D387AA9945EB, cid=40-writeStateMachineData interrupted.
2019-09-10 18:44:23,230 [EventQueue-PipelineActionsForPipelineActionHandler] ERROR pipeline.PipelineActionHandler (PipelineActionHandler.java:onMessage(60)) - Received pipeline action CLOSE for Pipeline[ Id: a949f866-3595-4f72-be7a-23e12dac9301, Nodes: 4d5e76d1-94b4-4344-b272-620ca499a368{ip: 192.168.5.139, host: pr-hdds-1786-trunk-k6rzm-1803654198, networkLocation: /default-rack, certSerialId: null}b72696e0-9c4e-4740-8bcd-ca4650f90538{ip: 192.168.5.139, host: pr-hdds-1786-trunk-k6rzm-1803654198, networkLocation: /default-rack, certSerialId: null}a2905edf-b9c1-421a-8807-b5d3e2a2f0d1{ip: 192.168.5.139, host: pr-hdds-1786-trunk-k6rzm-1803654198, networkLocation: /default-rack, certSerialId: null}, Type:RATIS, Factor:THREE, State:CLOSED] from datanode 4d5e76d1-94b4-4344-b272-620ca499a368{ip: 192.168.5.139, host: pr-hdds-1786-trunk-k6rzm-1803654198, networkLocation: /default-rack, certSerialId: null}. Reason : WriteLog:8: (t:1, i:8), STATEMACHINELOGENTRY, client-D387AA9945EB, cid=40-writeStateMachineData interrupted.
2019-09-10 18:44:23,230 [EventQueue-PipelineActionsForPipelineActionHandler] INFO  pipeline.SCMPipelineManager (SCMPipelineManager.java:finalizeAndDestroyPipeline(311)) - destroying pipeline:Pipeline[ Id: a949f866-3595-4f72-be7a-23e12dac9301, Nodes: 4d5e76d1-94b4-4344-b272-620ca499a368{ip: 192.168.5.139, host: pr-hdds-1786-trunk-k6rzm-1803654198, networkLocation: /default-rack, certSerialId: null}b72696e0-9c4e-4740-8bcd-ca4650f90538{ip: 192.168.5.139, host: pr-hdds-1786-trunk-k6rzm-1803654198, networkLocation: /default-rack, certSerialId: null}a2905edf-b9c1-421a-8807-b5d3e2a2f0d1{ip: 192.168.5.139, host: pr-hdds-1786-trunk-k6rzm-1803654198, networkLocation: /default-rack, certSerialId: null}, Type:RATIS, Factor:THREE, State:CLOSED]
2019-09-10 18:44:23,240 [grpc-default-executor-2] INFO  segmented.SegmentedRaftLogWorker (SegmentedRaftLogWorker.java:close(228)) - 4d5e76d1-94b4-4344-b272-620ca499a368@group-23E12DAC9301-SegmentedRaftLogWorker close()
2019-09-10 18:44:23,259 [grpc-default-executor-2] INFO  interfaces.Container (KeyValueContainer.java:flushAndSyncDB(386)) - Container 4 is synced with bcsId 4.
2019-09-10 18:44:23,260 [grpc-default-executor-2] INFO  interfaces.Container (KeyValueContainer.java:flushAndSyncDB(386)) - Container 4 is synced with bcsId 4.
2019-09-10 18:44:23,303 [EventQueue-IncrementalContainerReportForIncrementalContainerReportHandler] INFO  container.IncrementalContainerReportHandler (AbstractContainerReportHandler.java:updateContainerState(169)) - Moving container #4 to QUASI_CLOSED state, datanode 4d5e76d1-94b4-4344-b272-620ca499a368{ip: 192.168.5.139, host: pr-hdds-1786-trunk-k6rzm-1803654198, networkLocation: /default-rack, certSerialId: null} reported QUASI_CLOSED replica.
2019-09-10 18:44:23,411 [grpc-default-executor-2] INFO  interfaces.Container (KeyValueContainer.java:flushAndSyncDB(386)) - Container 5 is synced with bcsId 0.
2019-09-10 18:44:23,412 [grpc-default-executor-2] INFO  interfaces.Container (KeyValueContainer.java:flushAndSyncDB(386)) - Container 5 is synced with bcsId 0.
2019-09-10 18:44:23,438 [EventQueue-IncrementalContainerReportForIncrementalContainerReportHandler] INFO  container.IncrementalContainerReportHandler (AbstractContainerReportHandler.java:updateContainerState(169)) - Moving container #5 to QUASI_CLOSED state, datanode 4d5e76d1-94b4-4344-b272-620ca499a368{ip: 192.168.5.139, host: pr-hdds-1786-trunk-k6rzm-1803654198, networkLocation: /default-rack, certSerialId: null} reported QUASI_CLOSED replica.
2019-09-10 18:44:23,444 [grpc-default-executor-2] INFO  impl.RaftServerProxy (RaftServerProxy.java:remove(95)) - b72696e0-9c4e-4740-8bcd-ca4650f90538: remove    LEADER b72696e0-9c4e-4740-8bcd-ca4650f90538@group-23E12DAC9301:t1, leader=b72696e0-9c4e-4740-8bcd-ca4650f90538, voted=b72696e0-9c4e-4740-8bcd-ca4650f90538, raftlog=b72696e0-9c4e-4740-8bcd-ca4650f90538@group-23E12DAC9301-SegmentedRaftLog:OPENED:c6,f6,i13, conf=0: [b72696e0-9c4e-4740-8bcd-ca4650f90538:192.168.5.139:36803, 4d5e76d1-94b4-4344-b272-620ca499a368:192.168.5.139:43319, a2905edf-b9c1-421a-8807-b5d3e2a2f0d1:192.168.5.139:42187], old=null RUNNING
2019-09-10 18:44:23,444 [grpc-default-executor-2] INFO  impl.RaftServerImpl (RaftServerImpl.java:lambda$shutdown$3(251)) - b72696e0-9c4e-4740-8bcd-ca4650f90538@group-23E12DAC9301: shutdown
2019-09-10 18:44:23,445 [grpc-default-executor-2] INFO  util.JmxRegister (JmxRegister.java:unregister(73)) - Successfully un-registered JMX Bean with object name Ratis:service=RaftServer,group=group-23E12DAC9301,id=b72696e0-9c4e-4740-8bcd-ca4650f90538
2019-09-10 18:44:23,445 [grpc-default-executor-2] INFO  impl.RoleInfo (RoleInfo.java:shutdownLeaderState(104)) - b72696e0-9c4e-4740-8bcd-ca4650f90538: shutdown LeaderState
2019-09-10 18:44:23,451 [org.apache.ratis.server.impl.LogAppender$AppenderDaemon$$Lambda$491/1891770971@e29e936] WARN  server.GrpcLogAppender (GrpcLogAppender.java:mayWait(143)) - b72696e0-9c4e-4740-8bcd-ca4650f90538@group-23E12DAC9301->a2905edf-b9c1-421a-8807-b5d3e2a2f0d1-GrpcLogAppender: Wait interrupted by java.lang.InterruptedException
2019-09-10 18:44:23,451 [grpc-default-executor-2] INFO  impl.PendingRequests (PendingRequests.java:sendNotLeaderResponses(202)) - b72696e0-9c4e-4740-8bcd-ca4650f90538-PendingRequests: sendNotLeaderResponses
2019-09-10 18:44:23,451 [org.apache.ratis.server.impl.LogAppender$AppenderDaemon$$Lambda$491/1891770971@902d601] WARN  server.GrpcLogAppender (GrpcLogAppender.java:mayWait(143)) - b72696e0-9c4e-4740-8bcd-ca4650f90538@group-23E12DAC9301->4d5e76d1-94b4-4344-b272-620ca499a368-GrpcLogAppender: Wait interrupted by java.lang.InterruptedException
2019-09-10 18:44:23,456 [grpc-default-executor-5] INFO  server.GrpcServerProtocolService (GrpcServerProtocolService.java:onCompleted(113)) - a2905edf-b9c1-421a-8807-b5d3e2a2f0d1: Completed APPEND_ENTRIES, lastRequest: b72696e0-9c4e-4740-8bcd-ca4650f90538->a2905edf-b9c1-421a-8807-b5d3e2a2f0d1#88-t1, previous=(t:1, i:13), leaderCommit=6, initializing? false, entries: <empty>
2019-09-10 18:44:23,456 [grpc-default-executor-0] INFO  server.GrpcServerProtocolService (GrpcServerProtocolService.java:onCompleted(113)) - 4d5e76d1-94b4-4344-b272-620ca499a368: Completed APPEND_ENTRIES, lastRequest: b72696e0-9c4e-4740-8bcd-ca4650f90538->4d5e76d1-94b4-4344-b272-620ca499a368#88-t1, previous=(t:1, i:13), leaderCommit=6, initializing? false, entries: <empty>
2019-09-10 18:44:23,457 [grpc-default-executor-5] INFO  server.GrpcLogAppender (GrpcLogAppender.java:onCompleted(293)) - b72696e0-9c4e-4740-8bcd-ca4650f90538@group-23E12DAC9301->a2905edf-b9c1-421a-8807-b5d3e2a2f0d1-AppendLogResponseHandler: follower responses appendEntries COMPLETED
2019-09-10 18:44:23,461 [grpc-default-executor-2] INFO  impl.StateMachineUpdater (StateMachineUpdater.java:stopAndJoin(125)) - b72696e0-9c4e-4740-8bcd-ca4650f90538@group-23E12DAC9301-StateMachineUpdater: set stopIndex = 6
2019-09-10 18:44:23,462 [b72696e0-9c4e-4740-8bcd-ca4650f90538@group-23E12DAC9301-StateMachineUpdater] INFO  ratis.ContainerStateMachine (ContainerStateMachine.java:takeSnapshot(289)) - group-23E12DAC9301: Taking a snapshot at:(t:1, i:6) file /workdir/hadoop-ozone/integration-test/target/test-dir/MiniOzoneClusterImpl-27fa055b-1dd0-4a05-b5b8-5375f262b16d/datanode-5/data/ratis/a949f866-3595-4f72-be7a-23e12dac9301/sm/snapshot.1_6
2019-09-10 18:44:23,457 [grpc-default-executor-0] INFO  server.GrpcLogAppender (GrpcLogAppender.java:onCompleted(293)) - b72696e0-9c4e-4740-8bcd-ca4650f90538@group-23E12DAC9301->4d5e76d1-94b4-4344-b272-620ca499a368-AppendLogResponseHandler: follower responses appendEntries COMPLETED
2019-09-10 18:44:23,464 [grpc-default-executor-5] INFO  impl.FollowerInfo (FollowerInfo.java:lambda$new$0(51)) - b72696e0-9c4e-4740-8bcd-ca4650f90538@group-23E12DAC9301->a2905edf-b9c1-421a-8807-b5d3e2a2f0d1: nextIndex: updateUnconditionally 14 -> 7
2019-09-10 18:44:23,464 [grpc-default-executor-0] INFO  impl.FollowerInfo (FollowerInfo.java:lambda$new$0(51)) - b72696e0-9c4e-4740-8bcd-ca4650f90538@group-23E12DAC9301->4d5e76d1-94b4-4344-b272-620ca499a368: nextIndex: updateUnconditionally 14 -> 7
2019-09-10 18:44:23,487 [b72696e0-9c4e-4740-8bcd-ca4650f90538@group-23E12DAC9301-StateMachineUpdater] INFO  ratis.ContainerStateMachine (ContainerStateMachine.java:takeSnapshot(300)) - group-23E12DAC9301: Finished taking a snapshot at:(t:1, i:6) file:/workdir/hadoop-ozone/integration-test/target/test-dir/MiniOzoneClusterImpl-27fa055b-1dd0-4a05-b5b8-5375f262b16d/datanode-5/data/ratis/a949f866-3595-4f72-be7a-23e12dac9301/sm/snapshot.1_6 time:26
2019-09-10 18:44:23,487 [b72696e0-9c4e-4740-8bcd-ca4650f90538@group-23E12DAC9301-StateMachineUpdater] INFO  impl.StateMachineUpdater (StateMachineUpdater.java:takeSnapshot(258)) - b72696e0-9c4e-4740-8bcd-ca4650f90538@group-23E12DAC9301-StateMachineUpdater: Took a snapshot at index 6
2019-09-10 18:44:23,488 [b72696e0-9c4e-4740-8bcd-ca4650f90538@group-23E12DAC9301-StateMachineUpdater] INFO  impl.StateMachineUpdater (StateMachineUpdater.java:lambda$new$0(83)) - b72696e0-9c4e-4740-8bcd-ca4650f90538@group-23E12DAC9301-StateMachineUpdater: snapshotIndex: updateIncreasingly -1 -> 6
2019-09-10 18:44:23,488 [Command processor thread] ERROR commandhandler.CloseContainerCommandHandler (CloseContainerCommandHandler.java:handle(125)) - Can't close container #5
java.io.IOException: org.apache.ratis.protocol.GroupMismatchException: b72696e0-9c4e-4740-8bcd-ca4650f90538: group-23E12DAC9301 not found.
	at org.apache.hadoop.ozone.container.common.transport.server.ratis.XceiverServerRatis.submitRequest(XceiverServerRatis.java:502)
	at org.apache.hadoop.ozone.container.common.statemachine.commandhandler.CloseContainerCommandHandler.handle(CloseContainerCommandHandler.java:102)
	at org.apache.hadoop.ozone.container.common.statemachine.commandhandler.CommandDispatcher.handle(CommandDispatcher.java:99)
	at org.apache.hadoop.ozone.container.common.statemachine.DatanodeStateMachine.lambda$initCommandHandlerThread$1(DatanodeStateMachine.java:432)
	at java.lang.Thread.run(Thread.java:748)
Caused by: java.util.concurrent.ExecutionException: org.apache.ratis.protocol.GroupMismatchException: b72696e0-9c4e-4740-8bcd-ca4650f90538: group-23E12DAC9301 not found.
	at java.util.concurrent.CompletableFuture.reportGet(CompletableFuture.java:357)
	at java.util.concurrent.CompletableFuture.get(CompletableFuture.java:1895)
	at org.apache.hadoop.ozone.container.common.transport.server.ratis.XceiverServerRatis.submitRequest(XceiverServerRatis.java:500)
	... 4 more
Caused by: org.apache.ratis.protocol.GroupMismatchException: b72696e0-9c4e-4740-8bcd-ca4650f90538: group-23E12DAC9301 not found.
	at org.apache.ratis.server.impl.RaftServerProxy$ImplMap.get(RaftServerProxy.java:122)
	at org.apache.ratis.server.impl.RaftServerProxy.getImplFuture(RaftServerProxy.java:269)
	at org.apache.ratis.server.impl.RaftServerProxy.submitRequest(RaftServerProxy.java:327)
	at org.apache.ratis.server.impl.RaftServerProxy.submitClientRequestAsync(RaftServerProxy.java:333)
	... 5 more
2019-09-10 18:44:23,488 [grpc-default-executor-2] INFO  impl.RaftServerImpl (ServerState.java:close(385)) - b72696e0-9c4e-4740-8bcd-ca4650f90538@group-23E12DAC9301: closes. applyIndex: 6
2019-09-10 18:44:23,489 [b72696e0-9c4e-4740-8bcd-ca4650f90538@group-23E12DAC9301-SegmentedRaftLogWorker] ERROR ratis.XceiverServerRatis (XceiverServerRatis.java:triggerPipelineClose(575)) - pipeline Action CLOSE  on pipeline PipelineID=a949f866-3595-4f72-be7a-23e12dac9301.Reason : WriteLog:8: (t:1, i:8), STATEMACHINELOGENTRY, client-D387AA9945EB, cid=40-writeStateMachineData interrupted.
2019-09-10 18:44:23,492 [EventQueue-PipelineActionsForPipelineActionHandler] ERROR pipeline.PipelineActionHandler (PipelineActionHandler.java:onMessage(60)) - Received pipeline action CLOSE for Pipeline[ Id: a949f866-3595-4f72-be7a-23e12dac9301, Nodes: 4d5e76d1-94b4-4344-b272-620ca499a368{ip: 192.168.5.139, host: pr-hdds-1786-trunk-k6rzm-1803654198, networkLocation: /default-rack, certSerialId: null}b72696e0-9c4e-4740-8bcd-ca4650f90538{ip: 192.168.5.139, host: pr-hdds-1786-trunk-k6rzm-1803654198, networkLocation: /default-rack, certSerialId: null}a2905edf-b9c1-421a-8807-b5d3e2a2f0d1{ip: 192.168.5.139, host: pr-hdds-1786-trunk-k6rzm-1803654198, networkLocation: /default-rack, certSerialId: null}, Type:RATIS, Factor:THREE, State:CLOSED] from datanode b72696e0-9c4e-4740-8bcd-ca4650f90538{ip: 192.168.5.139, host: pr-hdds-1786-trunk-k6rzm-1803654198, networkLocation: /default-rack, certSerialId: null}. Reason : WriteLog:8: (t:1, i:8), STATEMACHINELOGENTRY, client-D387AA9945EB, cid=40-writeStateMachineData interrupted.
2019-09-10 18:44:23,492 [EventQueue-PipelineActionsForPipelineActionHandler] INFO  pipeline.SCMPipelineManager (SCMPipelineManager.java:finalizeAndDestroyPipeline(311)) - destroying pipeline:Pipeline[ Id: a949f866-3595-4f72-be7a-23e12dac9301, Nodes: 4d5e76d1-94b4-4344-b272-620ca499a368{ip: 192.168.5.139, host: pr-hdds-1786-trunk-k6rzm-1803654198, networkLocation: /default-rack, certSerialId: null}b72696e0-9c4e-4740-8bcd-ca4650f90538{ip: 192.168.5.139, host: pr-hdds-1786-trunk-k6rzm-1803654198, networkLocation: /default-rack, certSerialId: null}a2905edf-b9c1-421a-8807-b5d3e2a2f0d1{ip: 192.168.5.139, host: pr-hdds-1786-trunk-k6rzm-1803654198, networkLocation: /default-rack, certSerialId: null}, Type:RATIS, Factor:THREE, State:CLOSED]
2019-09-10 18:44:23,503 [grpc-default-executor-2] INFO  segmented.SegmentedRaftLogWorker (SegmentedRaftLogWorker.java:close(228)) - b72696e0-9c4e-4740-8bcd-ca4650f90538@group-23E12DAC9301-SegmentedRaftLogWorker close()
2019-09-10 18:44:23,521 [grpc-default-executor-2] INFO  interfaces.Container (KeyValueContainer.java:flushAndSyncDB(386)) - Container 4 is synced with bcsId 4.
2019-09-10 18:44:23,521 [grpc-default-executor-2] INFO  interfaces.Container (KeyValueContainer.java:flushAndSyncDB(386)) - Container 4 is synced with bcsId 4.
2019-09-10 18:44:23,572 [main] WARN  io.KeyOutputStream (KeyOutputStream.java:handleException(276)) - Encountered exception java.io.IOException: Unexpected Storage Container Exception: java.util.concurrent.CompletionException: java.util.concurrent.CompletionException: org.apache.ratis.protocol.GroupMismatchException: 4d5e76d1-94b4-4344-b272-620ca499a368: group-23E12DAC9301 not found. on the pipeline Pipeline[ Id: a949f866-3595-4f72-be7a-23e12dac9301, Nodes: 4d5e76d1-94b4-4344-b272-620ca499a368{ip: 192.168.5.139, host: pr-hdds-1786-trunk-k6rzm-1803654198, networkLocation: /default-rack, certSerialId: null}b72696e0-9c4e-4740-8bcd-ca4650f90538{ip: 192.168.5.139, host: pr-hdds-1786-trunk-k6rzm-1803654198, networkLocation: /default-rack, certSerialId: null}a2905edf-b9c1-421a-8807-b5d3e2a2f0d1{ip: 192.168.5.139, host: pr-hdds-1786-trunk-k6rzm-1803654198, networkLocation: /default-rack, certSerialId: null}, Type:RATIS, Factor:THREE, State:OPEN]. The last committed block length is 0, uncommitted data length is 400 retry count 0
2019-09-10 18:44:23,610 [grpc-default-executor-0] INFO  client.GrpcClientProtocolClient (GrpcClientProtocolClient.java:onNext(264)) - client-022477A8F022->6876bac9-11ad-40f6-880c-796bfc7745f2: receive RaftClientReply:client-022477A8F022->6876bac9-11ad-40f6-880c-796bfc7745f2@group-E9D835E888EB, cid=131, FAILED org.apache.ratis.protocol.NotLeaderException: Server 6876bac9-11ad-40f6-880c-796bfc7745f2@group-E9D835E888EB is not the leader c2ec732c-be0e-46a5-a2ed-f7f9dc34e031:192.168.5.139:45554, logIndex=0, commits[6876bac9-11ad-40f6-880c-796bfc7745f2:c6, c2ec732c-be0e-46a5-a2ed-f7f9dc34e031:c6, 64e81ce6-88e4-4777-9780-87a208f38655:c6]
2019-09-10 18:44:23,658 [grpc-default-executor-2] INFO  interfaces.Container (KeyValueContainer.java:flushAndSyncDB(386)) - Container 5 is synced with bcsId 0.
2019-09-10 18:44:23,659 [grpc-default-executor-2] INFO  interfaces.Container (KeyValueContainer.java:flushAndSyncDB(386)) - Container 5 is synced with bcsId 0.
2019-09-10 18:44:23,697 [grpc-default-executor-2] INFO  impl.RaftServerProxy (RaftServerProxy.java:remove(95)) - a2905edf-b9c1-421a-8807-b5d3e2a2f0d1: remove  FOLLOWER a2905edf-b9c1-421a-8807-b5d3e2a2f0d1@group-23E12DAC9301:t1, leader=b72696e0-9c4e-4740-8bcd-ca4650f90538, voted=a2905edf-b9c1-421a-8807-b5d3e2a2f0d1, raftlog=a2905edf-b9c1-421a-8807-b5d3e2a2f0d1@group-23E12DAC9301-SegmentedRaftLog:OPENED:c6,f6,i13, conf=0: [b72696e0-9c4e-4740-8bcd-ca4650f90538:192.168.5.139:36803, 4d5e76d1-94b4-4344-b272-620ca499a368:192.168.5.139:43319, a2905edf-b9c1-421a-8807-b5d3e2a2f0d1:192.168.5.139:42187], old=null RUNNING
2019-09-10 18:44:23,698 [grpc-default-executor-2] INFO  impl.RaftServerImpl (RaftServerImpl.java:lambda$shutdown$3(251)) - a2905edf-b9c1-421a-8807-b5d3e2a2f0d1@group-23E12DAC9301: shutdown
2019-09-10 18:44:23,698 [grpc-default-executor-2] INFO  util.JmxRegister (JmxRegister.java:unregister(73)) - Successfully un-registered JMX Bean with object name Ratis:service=RaftServer,group=group-23E12DAC9301,id=a2905edf-b9c1-421a-8807-b5d3e2a2f0d1
2019-09-10 18:44:23,698 [grpc-default-executor-2] INFO  impl.RoleInfo (RoleInfo.java:shutdownFollowerState(121)) - a2905edf-b9c1-421a-8807-b5d3e2a2f0d1: shutdown FollowerState
2019-09-10 18:44:23,698 [grpc-default-executor-2] INFO  impl.StateMachineUpdater (StateMachineUpdater.java:stopAndJoin(125)) - a2905edf-b9c1-421a-8807-b5d3e2a2f0d1@group-23E12DAC9301-StateMachineUpdater: set stopIndex = 6
2019-09-10 18:44:23,698 [Thread-875] INFO  impl.FollowerState (FollowerState.java:run(115)) - a2905edf-b9c1-421a-8807-b5d3e2a2f0d1: FollowerState was interrupted: java.lang.InterruptedException: sleep interrupted
2019-09-10 18:44:23,698 [a2905edf-b9c1-421a-8807-b5d3e2a2f0d1@group-23E12DAC9301-StateMachineUpdater] INFO  ratis.ContainerStateMachine (ContainerStateMachine.java:takeSnapshot(289)) - group-23E12DAC9301: Taking a snapshot at:(t:1, i:4) file /workdir/hadoop-ozone/integration-test/target/test-dir/MiniOzoneClusterImpl-27fa055b-1dd0-4a05-b5b8-5375f262b16d/datanode-4/data/ratis/a949f866-3595-4f72-be7a-23e12dac9301/sm/snapshot.1_4
2019-09-10 18:44:23,726 [a2905edf-b9c1-421a-8807-b5d3e2a2f0d1@group-23E12DAC9301-StateMachineUpdater] INFO  ratis.ContainerStateMachine (ContainerStateMachine.java:takeSnapshot(300)) - group-23E12DAC9301: Finished taking a snapshot at:(t:1, i:4) file:/workdir/hadoop-ozone/integration-test/target/test-dir/MiniOzoneClusterImpl-27fa055b-1dd0-4a05-b5b8-5375f262b16d/datanode-4/data/ratis/a949f866-3595-4f72-be7a-23e12dac9301/sm/snapshot.1_4 time:28
2019-09-10 18:44:23,727 [a2905edf-b9c1-421a-8807-b5d3e2a2f0d1@group-23E12DAC9301-StateMachineUpdater] INFO  impl.StateMachineUpdater (StateMachineUpdater.java:takeSnapshot(258)) - a2905edf-b9c1-421a-8807-b5d3e2a2f0d1@group-23E12DAC9301-StateMachineUpdater: Took a snapshot at index 4
2019-09-10 18:44:23,727 [a2905edf-b9c1-421a-8807-b5d3e2a2f0d1@group-23E12DAC9301-StateMachineUpdater] INFO  impl.StateMachineUpdater (StateMachineUpdater.java:lambda$new$0(83)) - a2905edf-b9c1-421a-8807-b5d3e2a2f0d1@group-23E12DAC9301-StateMachineUpdater: snapshotIndex: updateIncreasingly -1 -> 4
2019-09-10 18:44:23,727 [a2905edf-b9c1-421a-8807-b5d3e2a2f0d1@group-23E12DAC9301-StateMachineUpdater] INFO  ratis.ContainerStateMachine (ContainerStateMachine.java:takeSnapshot(289)) - group-23E12DAC9301: Taking a snapshot at:(t:1, i:4) file /workdir/hadoop-ozone/integration-test/target/test-dir/MiniOzoneClusterImpl-27fa055b-1dd0-4a05-b5b8-5375f262b16d/datanode-4/data/ratis/a949f866-3595-4f72-be7a-23e12dac9301/sm/snapshot.1_4
2019-09-10 18:44:23,744 [a2905edf-b9c1-421a-8807-b5d3e2a2f0d1@group-23E12DAC9301-StateMachineUpdater] INFO  ratis.ContainerStateMachine (ContainerStateMachine.java:takeSnapshot(300)) - group-23E12DAC9301: Finished taking a snapshot at:(t:1, i:4) file:/workdir/hadoop-ozone/integration-test/target/test-dir/MiniOzoneClusterImpl-27fa055b-1dd0-4a05-b5b8-5375f262b16d/datanode-4/data/ratis/a949f866-3595-4f72-be7a-23e12dac9301/sm/snapshot.1_4 time:16
2019-09-10 18:44:23,744 [a2905edf-b9c1-421a-8807-b5d3e2a2f0d1@group-23E12DAC9301-StateMachineUpdater] INFO  impl.StateMachineUpdater (StateMachineUpdater.java:takeSnapshot(258)) - a2905edf-b9c1-421a-8807-b5d3e2a2f0d1@group-23E12DAC9301-StateMachineUpdater: Took a snapshot at index 4
2019-09-10 18:44:23,744 [a2905edf-b9c1-421a-8807-b5d3e2a2f0d1@group-23E12DAC9301-StateMachineUpdater] INFO  impl.StateMachineUpdater (StateMachineUpdater.java:lambda$new$0(83)) - a2905edf-b9c1-421a-8807-b5d3e2a2f0d1@group-23E12DAC9301-StateMachineUpdater: snapshotIndex: updateIncreasingly 4 -> 4
2019-09-10 18:44:23,744 [grpc-default-executor-2] INFO  impl.RaftServerImpl (ServerState.java:close(385)) - a2905edf-b9c1-421a-8807-b5d3e2a2f0d1@group-23E12DAC9301: closes. applyIndex: 6
2019-09-10 18:44:23,745 [a2905edf-b9c1-421a-8807-b5d3e2a2f0d1@group-23E12DAC9301-SegmentedRaftLogWorker] ERROR ratis.XceiverServerRatis (XceiverServerRatis.java:triggerPipelineClose(575)) - pipeline Action CLOSE  on pipeline PipelineID=a949f866-3595-4f72-be7a-23e12dac9301.Reason : WriteLog:8: (t:1, i:8), STATEMACHINELOGENTRY, client-D387AA9945EB, cid=40-writeStateMachineData interrupted.
2019-09-10 18:44:23,748 [EventQueue-PipelineActionsForPipelineActionHandler] ERROR pipeline.PipelineActionHandler (PipelineActionHandler.java:onMessage(60)) - Received pipeline action CLOSE for Pipeline[ Id: a949f866-3595-4f72-be7a-23e12dac9301, Nodes: 4d5e76d1-94b4-4344-b272-620ca499a368{ip: 192.168.5.139, host: pr-hdds-1786-trunk-k6rzm-1803654198, networkLocation: /default-rack, certSerialId: null}b72696e0-9c4e-4740-8bcd-ca4650f90538{ip: 192.168.5.139, host: pr-hdds-1786-trunk-k6rzm-1803654198, networkLocation: /default-rack, certSerialId: null}a2905edf-b9c1-421a-8807-b5d3e2a2f0d1{ip: 192.168.5.139, host: pr-hdds-1786-trunk-k6rzm-1803654198, networkLocation: /default-rack, certSerialId: null}, Type:RATIS, Factor:THREE, State:CLOSED] from datanode a2905edf-b9c1-421a-8807-b5d3e2a2f0d1{ip: 192.168.5.139, host: pr-hdds-1786-trunk-k6rzm-1803654198, networkLocation: /default-rack, certSerialId: null}. Reason : WriteLog:8: (t:1, i:8), STATEMACHINELOGENTRY, client-D387AA9945EB, cid=40-writeStateMachineData interrupted.
2019-09-10 18:44:23,748 [EventQueue-PipelineActionsForPipelineActionHandler] INFO  pipeline.SCMPipelineManager (SCMPipelineManager.java:finalizeAndDestroyPipeline(311)) - destroying pipeline:Pipeline[ Id: a949f866-3595-4f72-be7a-23e12dac9301, Nodes: 4d5e76d1-94b4-4344-b272-620ca499a368{ip: 192.168.5.139, host: pr-hdds-1786-trunk-k6rzm-1803654198, networkLocation: /default-rack, certSerialId: null}b72696e0-9c4e-4740-8bcd-ca4650f90538{ip: 192.168.5.139, host: pr-hdds-1786-trunk-k6rzm-1803654198, networkLocation: /default-rack, certSerialId: null}a2905edf-b9c1-421a-8807-b5d3e2a2f0d1{ip: 192.168.5.139, host: pr-hdds-1786-trunk-k6rzm-1803654198, networkLocation: /default-rack, certSerialId: null}, Type:RATIS, Factor:THREE, State:CLOSED]
2019-09-10 18:44:23,759 [grpc-default-executor-2] INFO  segmented.SegmentedRaftLogWorker (SegmentedRaftLogWorker.java:close(228)) - a2905edf-b9c1-421a-8807-b5d3e2a2f0d1@group-23E12DAC9301-SegmentedRaftLogWorker close()
2019-09-10 18:44:23,795 [grpc-default-executor-2] INFO  interfaces.Container (KeyValueContainer.java:flushAndSyncDB(386)) - Container 4 is synced with bcsId 4.
2019-09-10 18:44:23,795 [grpc-default-executor-2] INFO  interfaces.Container (KeyValueContainer.java:flushAndSyncDB(386)) - Container 4 is synced with bcsId 4.
2019-09-10 18:44:23,855 [grpc-default-executor-0] INFO  client.GrpcClientProtocolClient (GrpcClientProtocolClient.java:onNext(264)) - client-022477A8F022->c2ec732c-be0e-46a5-a2ed-f7f9dc34e031: receive RaftClientReply:client-022477A8F022->c2ec732c-be0e-46a5-a2ed-f7f9dc34e031@group-E9D835E888EB, cid=131, SUCCESS, logIndex=7, commits[c2ec732c-be0e-46a5-a2ed-f7f9dc34e031:c7, 6876bac9-11ad-40f6-880c-796bfc7745f2:c6, 64e81ce6-88e4-4777-9780-87a208f38655:c6]
2019-09-10 18:44:23,884 [grpc-default-executor-4] INFO  client.GrpcClientProtocolClient (GrpcClientProtocolClient.java:onNext(264)) - client-022477A8F022->c2ec732c-be0e-46a5-a2ed-f7f9dc34e031: receive RaftClientReply:client-022477A8F022->c2ec732c-be0e-46a5-a2ed-f7f9dc34e031@group-E9D835E888EB, cid=132, SUCCESS, logIndex=9, commits[c2ec732c-be0e-46a5-a2ed-f7f9dc34e031:c10, 6876bac9-11ad-40f6-880c-796bfc7745f2:c8, 64e81ce6-88e4-4777-9780-87a208f38655:c8]
2019-09-10 18:44:23,896 [grpc-default-executor-2] INFO  interfaces.Container (KeyValueContainer.java:flushAndSyncDB(386)) - Container 5 is synced with bcsId 0.
2019-09-10 18:44:23,970 [grpc-default-executor-2] INFO  interfaces.Container (KeyValueContainer.java:flushAndSyncDB(386)) - Container 5 is synced with bcsId 0.
2019-09-10 18:44:23,988 [grpc-default-executor-0] INFO  client.GrpcClientProtocolClient (GrpcClientProtocolClient.java:onNext(264)) - client-022477A8F022->c2ec732c-be0e-46a5-a2ed-f7f9dc34e031: receive RaftClientReply:client-022477A8F022->c2ec732c-be0e-46a5-a2ed-f7f9dc34e031@group-E9D835E888EB, cid=133, SUCCESS, logIndex=10, commits[c2ec732c-be0e-46a5-a2ed-f7f9dc34e031:c17, 6876bac9-11ad-40f6-880c-796bfc7745f2:c13, 64e81ce6-88e4-4777-9780-87a208f38655:c13]
2019-09-10 18:44:23,994 [grpc-default-executor-0] INFO  client.GrpcClientProtocolClient (GrpcClientProtocolClient.java:onNext(264)) - client-022477A8F022->c2ec732c-be0e-46a5-a2ed-f7f9dc34e031: receive RaftClientReply:client-022477A8F022->c2ec732c-be0e-46a5-a2ed-f7f9dc34e031@group-E9D835E888EB, cid=134, SUCCESS, logIndex=11, commits[c2ec732c-be0e-46a5-a2ed-f7f9dc34e031:c17, 6876bac9-11ad-40f6-880c-796bfc7745f2:c13, 64e81ce6-88e4-4777-9780-87a208f38655:c13]
2019-09-10 18:44:23,994 [grpc-default-executor-0] INFO  client.GrpcClientProtocolClient (GrpcClientProtocolClient.java:onNext(264)) - client-022477A8F022->c2ec732c-be0e-46a5-a2ed-f7f9dc34e031: receive RaftClientReply:client-022477A8F022->c2ec732c-be0e-46a5-a2ed-f7f9dc34e031@group-E9D835E888EB, cid=135, SUCCESS, logIndex=12, commits[c2ec732c-be0e-46a5-a2ed-f7f9dc34e031:c17, 6876bac9-11ad-40f6-880c-796bfc7745f2:c13, 64e81ce6-88e4-4777-9780-87a208f38655:c13]
2019-09-10 18:44:24,003 [RatisPipelineUtilsThread] INFO  pipeline.PipelineStateManager (PipelineStateManager.java:removePipeline(108)) - Pipeline Pipeline[ Id: a949f866-3595-4f72-be7a-23e12dac9301, Nodes: 4d5e76d1-94b4-4344-b272-620ca499a368{ip: 192.168.5.139, host: pr-hdds-1786-trunk-k6rzm-1803654198, networkLocation: /default-rack, certSerialId: null}b72696e0-9c4e-4740-8bcd-ca4650f90538{ip: 192.168.5.139, host: pr-hdds-1786-trunk-k6rzm-1803654198, networkLocation: /default-rack, certSerialId: null}a2905edf-b9c1-421a-8807-b5d3e2a2f0d1{ip: 192.168.5.139, host: pr-hdds-1786-trunk-k6rzm-1803654198, networkLocation: /default-rack, certSerialId: null}, Type:RATIS, Factor:THREE, State:CLOSED] removed from db
2019-09-10 18:44:24,166 [grpc-default-executor-2] INFO  client.GrpcClientProtocolClient (GrpcClientProtocolClient.java:onNext(264)) - client-022477A8F022->c2ec732c-be0e-46a5-a2ed-f7f9dc34e031: receive RaftClientReply:client-022477A8F022->c2ec732c-be0e-46a5-a2ed-f7f9dc34e031@group-E9D835E888EB, cid=136, SUCCESS, logIndex=13, commits[c2ec732c-be0e-46a5-a2ed-f7f9dc34e031:c17, 6876bac9-11ad-40f6-880c-796bfc7745f2:c13, 64e81ce6-88e4-4777-9780-87a208f38655:c13]
]]></system-out>
  </testcase>
  <testcase name="testBufferCaching" classname="org.apache.hadoop.ozone.client.rpc.TestBlockOutputStream" time="0.692"/>
  <testcase name="testWriteWithExceedingMaxBufferLimit" classname="org.apache.hadoop.ozone.client.rpc.TestBlockOutputStream" time="187.478">
    <failure message="expected:&lt;22&gt; but was:&lt;26&gt;" type="java.lang.AssertionError"><![CDATA[java.lang.AssertionError: expected:<22> but was:<26>
	at org.junit.Assert.fail(Assert.java:88)
	at org.junit.Assert.failNotEquals(Assert.java:743)
	at org.junit.Assert.assertEquals(Assert.java:118)
	at org.junit.Assert.assertEquals(Assert.java:555)
	at org.junit.Assert.assertEquals(Assert.java:542)
	at org.apache.hadoop.ozone.client.rpc.TestBlockOutputStream.testWriteWithExceedingMaxBufferLimit(TestBlockOutputStream.java:614)
	at sun.reflect.NativeMethodAccessorImpl.invoke0(Native Method)
	at sun.reflect.NativeMethodAccessorImpl.invoke(NativeMethodAccessorImpl.java:62)
	at sun.reflect.DelegatingMethodAccessorImpl.invoke(DelegatingMethodAccessorImpl.java:43)
	at java.lang.reflect.Method.invoke(Method.java:498)
	at org.junit.runners.model.FrameworkMethod$1.runReflectiveCall(FrameworkMethod.java:47)
	at org.junit.internal.runners.model.ReflectiveCallable.run(ReflectiveCallable.java:12)
	at org.junit.runners.model.FrameworkMethod.invokeExplosively(FrameworkMethod.java:44)
	at org.junit.internal.runners.statements.InvokeMethod.evaluate(InvokeMethod.java:17)
	at org.junit.runners.ParentRunner.runLeaf(ParentRunner.java:271)
	at org.junit.runners.BlockJUnit4ClassRunner.runChild(BlockJUnit4ClassRunner.java:70)
	at org.junit.runners.BlockJUnit4ClassRunner.runChild(BlockJUnit4ClassRunner.java:50)
	at org.junit.runners.ParentRunner$3.run(ParentRunner.java:238)
	at org.junit.runners.ParentRunner$1.schedule(ParentRunner.java:63)
	at org.junit.runners.ParentRunner.runChildren(ParentRunner.java:236)
	at org.junit.runners.ParentRunner.access$000(ParentRunner.java:53)
	at org.junit.runners.ParentRunner$2.evaluate(ParentRunner.java:229)
	at org.junit.internal.runners.statements.RunBefores.evaluate(RunBefores.java:26)
	at org.junit.internal.runners.statements.RunAfters.evaluate(RunAfters.java:27)
	at org.junit.runners.ParentRunner.run(ParentRunner.java:309)
	at org.apache.maven.surefire.junit4.JUnit4Provider.execute(JUnit4Provider.java:365)
	at org.apache.maven.surefire.junit4.JUnit4Provider.executeWithRerun(JUnit4Provider.java:273)
	at org.apache.maven.surefire.junit4.JUnit4Provider.executeTestSet(JUnit4Provider.java:238)
	at org.apache.maven.surefire.junit4.JUnit4Provider.invoke(JUnit4Provider.java:159)
	at org.apache.maven.surefire.booter.ForkedBooter.invokeProviderInSameClassLoader(ForkedBooter.java:384)
	at org.apache.maven.surefire.booter.ForkedBooter.runSuitesInProcess(ForkedBooter.java:345)
	at org.apache.maven.surefire.booter.ForkedBooter.execute(ForkedBooter.java:126)
	at org.apache.maven.surefire.booter.ForkedBooter.main(ForkedBooter.java:418)
]]></failure>
    <system-out><![CDATA[2019-09-10 18:44:26,162 [grpc-default-executor-4] INFO  impl.RaftServerProxy (RaftServerProxy.java:remove(95)) - 4d5e76d1-94b4-4344-b272-620ca499a368: remove group-23E12DAC9301:null
2019-09-10 18:44:26,165 [RatisPipelineUtilsThread] WARN  pipeline.RatisPipelineUtils (RatisPipelineUtils.java:destroyPipeline(66)) - Pipeline destroy failed for pipeline=PipelineID=a949f866-3595-4f72-be7a-23e12dac9301 dn=4d5e76d1-94b4-4344-b272-620ca499a368{ip: 192.168.5.139, host: pr-hdds-1786-trunk-k6rzm-1803654198, networkLocation: /default-rack, certSerialId: null}
2019-09-10 18:44:26,167 [grpc-default-executor-4] INFO  impl.RaftServerProxy (RaftServerProxy.java:remove(95)) - b72696e0-9c4e-4740-8bcd-ca4650f90538: remove group-23E12DAC9301:null
2019-09-10 18:44:26,169 [RatisPipelineUtilsThread] WARN  pipeline.RatisPipelineUtils (RatisPipelineUtils.java:destroyPipeline(66)) - Pipeline destroy failed for pipeline=PipelineID=a949f866-3595-4f72-be7a-23e12dac9301 dn=b72696e0-9c4e-4740-8bcd-ca4650f90538{ip: 192.168.5.139, host: pr-hdds-1786-trunk-k6rzm-1803654198, networkLocation: /default-rack, certSerialId: null}
2019-09-10 18:44:26,172 [grpc-default-executor-4] INFO  impl.RaftServerProxy (RaftServerProxy.java:remove(95)) - a2905edf-b9c1-421a-8807-b5d3e2a2f0d1: remove group-23E12DAC9301:null
2019-09-10 18:44:26,174 [RatisPipelineUtilsThread] WARN  pipeline.RatisPipelineUtils (RatisPipelineUtils.java:destroyPipeline(66)) - Pipeline destroy failed for pipeline=PipelineID=a949f866-3595-4f72-be7a-23e12dac9301 dn=a2905edf-b9c1-421a-8807-b5d3e2a2f0d1{ip: 192.168.5.139, host: pr-hdds-1786-trunk-k6rzm-1803654198, networkLocation: /default-rack, certSerialId: null}
2019-09-10 18:44:26,174 [RatisPipelineUtilsThread] ERROR pipeline.SCMPipelineManager (Scheduler.java:lambda$schedule$1(70)) - Destroy pipeline failed for pipeline:Pipeline[ Id: a949f866-3595-4f72-be7a-23e12dac9301, Nodes: 4d5e76d1-94b4-4344-b272-620ca499a368{ip: 192.168.5.139, host: pr-hdds-1786-trunk-k6rzm-1803654198, networkLocation: /default-rack, certSerialId: null}b72696e0-9c4e-4740-8bcd-ca4650f90538{ip: 192.168.5.139, host: pr-hdds-1786-trunk-k6rzm-1803654198, networkLocation: /default-rack, certSerialId: null}a2905edf-b9c1-421a-8807-b5d3e2a2f0d1{ip: 192.168.5.139, host: pr-hdds-1786-trunk-k6rzm-1803654198, networkLocation: /default-rack, certSerialId: null}, Type:RATIS, Factor:THREE, State:CLOSED]
org.apache.hadoop.hdds.scm.pipeline.PipelineNotFoundException: PipelineID=a949f866-3595-4f72-be7a-23e12dac9301 not found
	at org.apache.hadoop.hdds.scm.pipeline.PipelineStateMap.getPipeline(PipelineStateMap.java:132)
	at org.apache.hadoop.hdds.scm.pipeline.PipelineStateMap.removePipeline(PipelineStateMap.java:322)
	at org.apache.hadoop.hdds.scm.pipeline.PipelineStateManager.removePipeline(PipelineStateManager.java:107)
	at org.apache.hadoop.hdds.scm.pipeline.SCMPipelineManager.removePipeline(SCMPipelineManager.java:423)
	at org.apache.hadoop.hdds.scm.pipeline.SCMPipelineManager.destroyPipeline(SCMPipelineManager.java:409)
	at org.apache.hadoop.hdds.scm.pipeline.SCMPipelineManager.lambda$finalizeAndDestroyPipeline$0(SCMPipelineManager.java:318)
	at org.apache.hadoop.utils.Scheduler.lambda$schedule$1(Scheduler.java:68)
	at java.util.concurrent.Executors$RunnableAdapter.call(Executors.java:511)
	at java.util.concurrent.FutureTask.run(FutureTask.java:266)
	at java.util.concurrent.ScheduledThreadPoolExecutor$ScheduledFutureTask.access$201(ScheduledThreadPoolExecutor.java:180)
	at java.util.concurrent.ScheduledThreadPoolExecutor$ScheduledFutureTask.run(ScheduledThreadPoolExecutor.java:293)
	at java.util.concurrent.ThreadPoolExecutor.runWorker(ThreadPoolExecutor.java:1149)
	at java.util.concurrent.ThreadPoolExecutor$Worker.run(ThreadPoolExecutor.java:624)
	at java.lang.Thread.run(Thread.java:748)
2019-09-10 18:44:27,186 [grpc-default-executor-0] INFO  impl.RaftServerProxy (RaftServerProxy.java:remove(95)) - 4d5e76d1-94b4-4344-b272-620ca499a368: remove group-23E12DAC9301:null
2019-09-10 18:44:27,189 [RatisPipelineUtilsThread] WARN  pipeline.RatisPipelineUtils (RatisPipelineUtils.java:destroyPipeline(66)) - Pipeline destroy failed for pipeline=PipelineID=a949f866-3595-4f72-be7a-23e12dac9301 dn=4d5e76d1-94b4-4344-b272-620ca499a368{ip: 192.168.5.139, host: pr-hdds-1786-trunk-k6rzm-1803654198, networkLocation: /default-rack, certSerialId: null}
2019-09-10 18:44:27,192 [grpc-default-executor-0] INFO  impl.RaftServerProxy (RaftServerProxy.java:remove(95)) - b72696e0-9c4e-4740-8bcd-ca4650f90538: remove group-23E12DAC9301:null
2019-09-10 18:44:27,194 [RatisPipelineUtilsThread] WARN  pipeline.RatisPipelineUtils (RatisPipelineUtils.java:destroyPipeline(66)) - Pipeline destroy failed for pipeline=PipelineID=a949f866-3595-4f72-be7a-23e12dac9301 dn=b72696e0-9c4e-4740-8bcd-ca4650f90538{ip: 192.168.5.139, host: pr-hdds-1786-trunk-k6rzm-1803654198, networkLocation: /default-rack, certSerialId: null}
2019-09-10 18:44:27,197 [grpc-default-executor-0] INFO  impl.RaftServerProxy (RaftServerProxy.java:remove(95)) - a2905edf-b9c1-421a-8807-b5d3e2a2f0d1: remove group-23E12DAC9301:null
2019-09-10 18:44:27,199 [RatisPipelineUtilsThread] WARN  pipeline.RatisPipelineUtils (RatisPipelineUtils.java:destroyPipeline(66)) - Pipeline destroy failed for pipeline=PipelineID=a949f866-3595-4f72-be7a-23e12dac9301 dn=a2905edf-b9c1-421a-8807-b5d3e2a2f0d1{ip: 192.168.5.139, host: pr-hdds-1786-trunk-k6rzm-1803654198, networkLocation: /default-rack, certSerialId: null}
2019-09-10 18:44:27,204 [RatisPipelineUtilsThread] ERROR pipeline.SCMPipelineManager (Scheduler.java:lambda$schedule$1(70)) - Destroy pipeline failed for pipeline:Pipeline[ Id: a949f866-3595-4f72-be7a-23e12dac9301, Nodes: 4d5e76d1-94b4-4344-b272-620ca499a368{ip: 192.168.5.139, host: pr-hdds-1786-trunk-k6rzm-1803654198, networkLocation: /default-rack, certSerialId: null}b72696e0-9c4e-4740-8bcd-ca4650f90538{ip: 192.168.5.139, host: pr-hdds-1786-trunk-k6rzm-1803654198, networkLocation: /default-rack, certSerialId: null}a2905edf-b9c1-421a-8807-b5d3e2a2f0d1{ip: 192.168.5.139, host: pr-hdds-1786-trunk-k6rzm-1803654198, networkLocation: /default-rack, certSerialId: null}, Type:RATIS, Factor:THREE, State:CLOSED]
org.apache.hadoop.hdds.scm.pipeline.PipelineNotFoundException: PipelineID=a949f866-3595-4f72-be7a-23e12dac9301 not found
	at org.apache.hadoop.hdds.scm.pipeline.PipelineStateMap.getPipeline(PipelineStateMap.java:132)
	at org.apache.hadoop.hdds.scm.pipeline.PipelineStateMap.removePipeline(PipelineStateMap.java:322)
	at org.apache.hadoop.hdds.scm.pipeline.PipelineStateManager.removePipeline(PipelineStateManager.java:107)
	at org.apache.hadoop.hdds.scm.pipeline.SCMPipelineManager.removePipeline(SCMPipelineManager.java:423)
	at org.apache.hadoop.hdds.scm.pipeline.SCMPipelineManager.destroyPipeline(SCMPipelineManager.java:409)
	at org.apache.hadoop.hdds.scm.pipeline.SCMPipelineManager.lambda$finalizeAndDestroyPipeline$0(SCMPipelineManager.java:318)
	at org.apache.hadoop.utils.Scheduler.lambda$schedule$1(Scheduler.java:68)
	at java.util.concurrent.Executors$RunnableAdapter.call(Executors.java:511)
	at java.util.concurrent.FutureTask.run(FutureTask.java:266)
	at java.util.concurrent.ScheduledThreadPoolExecutor$ScheduledFutureTask.access$201(ScheduledThreadPoolExecutor.java:180)
	at java.util.concurrent.ScheduledThreadPoolExecutor$ScheduledFutureTask.run(ScheduledThreadPoolExecutor.java:293)
	at java.util.concurrent.ThreadPoolExecutor.runWorker(ThreadPoolExecutor.java:1149)
	at java.util.concurrent.ThreadPoolExecutor$Worker.run(ThreadPoolExecutor.java:624)
	at java.lang.Thread.run(Thread.java:748)
2019-09-10 18:44:27,875 [java.util.concurrent.ThreadPoolExecutor$Worker@77688533[State = -1, empty queue]] WARN  server.GrpcLogAppender (GrpcLogAppender.java:timeoutAppendRequest(200)) - c2ec732c-be0e-46a5-a2ed-f7f9dc34e031@group-E9D835E888EB->6876bac9-11ad-40f6-880c-796bfc7745f2-GrpcLogAppender: appendEntries Timeout, request=c2ec732c-be0e-46a5-a2ed-f7f9dc34e031->6876bac9-11ad-40f6-880c-796bfc7745f2#171-t1, previous=(t:1, i:17), leaderCommit=17, initializing? false, entries: size=1, first=(t:1, i:18), STATEMACHINELOGENTRY, client-022477A8F022, cid=140
2019-09-10 18:44:27,875 [java.util.concurrent.ThreadPoolExecutor$Worker@506b2520[State = -1, empty queue]] WARN  server.GrpcLogAppender (GrpcLogAppender.java:timeoutAppendRequest(200)) - c2ec732c-be0e-46a5-a2ed-f7f9dc34e031@group-E9D835E888EB->64e81ce6-88e4-4777-9780-87a208f38655-GrpcLogAppender: appendEntries Timeout, request=c2ec732c-be0e-46a5-a2ed-f7f9dc34e031->64e81ce6-88e4-4777-9780-87a208f38655#171-t1, previous=(t:1, i:17), leaderCommit=17, initializing? false, entries: size=1, first=(t:1, i:18), STATEMACHINELOGENTRY, client-022477A8F022, cid=140
2019-09-10 18:44:27,876 [java.util.concurrent.ThreadPoolExecutor$Worker@77688533[State = -1, empty queue]] WARN  server.GrpcLogAppender (GrpcLogAppender.java:timeoutAppendRequest(200)) - c2ec732c-be0e-46a5-a2ed-f7f9dc34e031@group-E9D835E888EB->6876bac9-11ad-40f6-880c-796bfc7745f2-GrpcLogAppender: appendEntries Timeout, request=c2ec732c-be0e-46a5-a2ed-f7f9dc34e031->6876bac9-11ad-40f6-880c-796bfc7745f2#172-t1, previous=(t:1, i:18), leaderCommit=17, initializing? false, entries: size=1, first=(t:1, i:19), STATEMACHINELOGENTRY, client-022477A8F022, cid=141
2019-09-10 18:44:27,876 [java.util.concurrent.ThreadPoolExecutor$Worker@506b2520[State = -1, empty queue]] WARN  server.GrpcLogAppender (GrpcLogAppender.java:timeoutAppendRequest(200)) - c2ec732c-be0e-46a5-a2ed-f7f9dc34e031@group-E9D835E888EB->64e81ce6-88e4-4777-9780-87a208f38655-GrpcLogAppender: appendEntries Timeout, request=c2ec732c-be0e-46a5-a2ed-f7f9dc34e031->64e81ce6-88e4-4777-9780-87a208f38655#172-t1, previous=(t:1, i:18), leaderCommit=17, initializing? false, entries: size=1, first=(t:1, i:19), STATEMACHINELOGENTRY, client-022477A8F022, cid=141
2019-09-10 18:44:27,876 [java.util.concurrent.ThreadPoolExecutor$Worker@77688533[State = -1, empty queue]] WARN  server.GrpcLogAppender (GrpcLogAppender.java:timeoutAppendRequest(200)) - c2ec732c-be0e-46a5-a2ed-f7f9dc34e031@group-E9D835E888EB->6876bac9-11ad-40f6-880c-796bfc7745f2-GrpcLogAppender: appendEntries Timeout, request=c2ec732c-be0e-46a5-a2ed-f7f9dc34e031->6876bac9-11ad-40f6-880c-796bfc7745f2#173-t1, previous=(t:1, i:19), leaderCommit=17, initializing? false, entries: size=1, first=(t:1, i:20), STATEMACHINELOGENTRY, client-022477A8F022, cid=142
2019-09-10 18:44:27,876 [java.util.concurrent.ThreadPoolExecutor$Worker@506b2520[State = -1, empty queue]] WARN  server.GrpcLogAppender (GrpcLogAppender.java:timeoutAppendRequest(200)) - c2ec732c-be0e-46a5-a2ed-f7f9dc34e031@group-E9D835E888EB->64e81ce6-88e4-4777-9780-87a208f38655-GrpcLogAppender: appendEntries Timeout, request=c2ec732c-be0e-46a5-a2ed-f7f9dc34e031->64e81ce6-88e4-4777-9780-87a208f38655#173-t1, previous=(t:1, i:19), leaderCommit=17, initializing? false, entries: size=1, first=(t:1, i:20), STATEMACHINELOGENTRY, client-022477A8F022, cid=142
2019-09-10 18:44:27,877 [java.util.concurrent.ThreadPoolExecutor$Worker@506b2520[State = -1, empty queue]] WARN  server.GrpcLogAppender (GrpcLogAppender.java:timeoutAppendRequest(200)) - c2ec732c-be0e-46a5-a2ed-f7f9dc34e031@group-E9D835E888EB->64e81ce6-88e4-4777-9780-87a208f38655-GrpcLogAppender: appendEntries Timeout, request=c2ec732c-be0e-46a5-a2ed-f7f9dc34e031->64e81ce6-88e4-4777-9780-87a208f38655#174-t1, previous=(t:1, i:20), leaderCommit=17, initializing? false, entries: size=1, first=(t:1, i:21), STATEMACHINELOGENTRY, client-022477A8F022, cid=143
2019-09-10 18:44:27,877 [java.util.concurrent.ThreadPoolExecutor$Worker@77688533[State = -1, empty queue]] WARN  server.GrpcLogAppender (GrpcLogAppender.java:timeoutAppendRequest(200)) - c2ec732c-be0e-46a5-a2ed-f7f9dc34e031@group-E9D835E888EB->6876bac9-11ad-40f6-880c-796bfc7745f2-GrpcLogAppender: appendEntries Timeout, request=c2ec732c-be0e-46a5-a2ed-f7f9dc34e031->6876bac9-11ad-40f6-880c-796bfc7745f2#174-t1, previous=(t:1, i:20), leaderCommit=17, initializing? false, entries: size=1, first=(t:1, i:21), STATEMACHINELOGENTRY, client-022477A8F022, cid=143
2019-09-10 18:44:27,878 [java.util.concurrent.ThreadPoolExecutor$Worker@506b2520[State = -1, empty queue]] WARN  server.GrpcLogAppender (GrpcLogAppender.java:timeoutAppendRequest(200)) - c2ec732c-be0e-46a5-a2ed-f7f9dc34e031@group-E9D835E888EB->64e81ce6-88e4-4777-9780-87a208f38655-GrpcLogAppender: appendEntries Timeout, request=c2ec732c-be0e-46a5-a2ed-f7f9dc34e031->64e81ce6-88e4-4777-9780-87a208f38655#175-t1, previous=(t:1, i:21), leaderCommit=17, initializing? false, entries: size=1, first=(t:1, i:22), STATEMACHINELOGENTRY, client-022477A8F022, cid=144
2019-09-10 18:44:27,878 [java.util.concurrent.ThreadPoolExecutor$Worker@77688533[State = -1, empty queue]] WARN  server.GrpcLogAppender (GrpcLogAppender.java:timeoutAppendRequest(200)) - c2ec732c-be0e-46a5-a2ed-f7f9dc34e031@group-E9D835E888EB->6876bac9-11ad-40f6-880c-796bfc7745f2-GrpcLogAppender: appendEntries Timeout, request=c2ec732c-be0e-46a5-a2ed-f7f9dc34e031->6876bac9-11ad-40f6-880c-796bfc7745f2#175-t1, previous=(t:1, i:21), leaderCommit=17, initializing? false, entries: size=1, first=(t:1, i:22), STATEMACHINELOGENTRY, client-022477A8F022, cid=144
2019-09-10 18:44:27,878 [java.util.concurrent.ThreadPoolExecutor$Worker@506b2520[State = -1, empty queue]] WARN  server.GrpcLogAppender (GrpcLogAppender.java:timeoutAppendRequest(200)) - c2ec732c-be0e-46a5-a2ed-f7f9dc34e031@group-E9D835E888EB->64e81ce6-88e4-4777-9780-87a208f38655-GrpcLogAppender: appendEntries Timeout, request=c2ec732c-be0e-46a5-a2ed-f7f9dc34e031->64e81ce6-88e4-4777-9780-87a208f38655#176-t1, previous=(t:1, i:22), leaderCommit=17, initializing? false, entries: size=1, first=(t:1, i:23), STATEMACHINELOGENTRY, client-022477A8F022, cid=145
2019-09-10 18:44:27,878 [java.util.concurrent.ThreadPoolExecutor$Worker@77688533[State = -1, empty queue]] WARN  server.GrpcLogAppender (GrpcLogAppender.java:timeoutAppendRequest(200)) - c2ec732c-be0e-46a5-a2ed-f7f9dc34e031@group-E9D835E888EB->6876bac9-11ad-40f6-880c-796bfc7745f2-GrpcLogAppender: appendEntries Timeout, request=c2ec732c-be0e-46a5-a2ed-f7f9dc34e031->6876bac9-11ad-40f6-880c-796bfc7745f2#176-t1, previous=(t:1, i:22), leaderCommit=17, initializing? false, entries: size=1, first=(t:1, i:23), STATEMACHINELOGENTRY, client-022477A8F022, cid=145
2019-09-10 18:44:29,190 [grpc-default-executor-0] INFO  impl.RaftServerProxy (RaftServerProxy.java:remove(95)) - 4d5e76d1-94b4-4344-b272-620ca499a368: remove group-23E12DAC9301:null
2019-09-10 18:44:29,194 [RatisPipelineUtilsThread] WARN  pipeline.RatisPipelineUtils (RatisPipelineUtils.java:destroyPipeline(66)) - Pipeline destroy failed for pipeline=PipelineID=a949f866-3595-4f72-be7a-23e12dac9301 dn=4d5e76d1-94b4-4344-b272-620ca499a368{ip: 192.168.5.139, host: pr-hdds-1786-trunk-k6rzm-1803654198, networkLocation: /default-rack, certSerialId: null}
2019-09-10 18:44:29,197 [grpc-default-executor-0] INFO  impl.RaftServerProxy (RaftServerProxy.java:remove(95)) - b72696e0-9c4e-4740-8bcd-ca4650f90538: remove group-23E12DAC9301:null
2019-09-10 18:44:29,199 [RatisPipelineUtilsThread] WARN  pipeline.RatisPipelineUtils (RatisPipelineUtils.java:destroyPipeline(66)) - Pipeline destroy failed for pipeline=PipelineID=a949f866-3595-4f72-be7a-23e12dac9301 dn=b72696e0-9c4e-4740-8bcd-ca4650f90538{ip: 192.168.5.139, host: pr-hdds-1786-trunk-k6rzm-1803654198, networkLocation: /default-rack, certSerialId: null}
2019-09-10 18:44:29,202 [grpc-default-executor-0] INFO  impl.RaftServerProxy (RaftServerProxy.java:remove(95)) - a2905edf-b9c1-421a-8807-b5d3e2a2f0d1: remove group-23E12DAC9301:null
2019-09-10 18:44:29,204 [RatisPipelineUtilsThread] WARN  pipeline.RatisPipelineUtils (RatisPipelineUtils.java:destroyPipeline(66)) - Pipeline destroy failed for pipeline=PipelineID=a949f866-3595-4f72-be7a-23e12dac9301 dn=a2905edf-b9c1-421a-8807-b5d3e2a2f0d1{ip: 192.168.5.139, host: pr-hdds-1786-trunk-k6rzm-1803654198, networkLocation: /default-rack, certSerialId: null}
2019-09-10 18:44:29,205 [RatisPipelineUtilsThread] ERROR pipeline.SCMPipelineManager (Scheduler.java:lambda$schedule$1(70)) - Destroy pipeline failed for pipeline:Pipeline[ Id: a949f866-3595-4f72-be7a-23e12dac9301, Nodes: 4d5e76d1-94b4-4344-b272-620ca499a368{ip: 192.168.5.139, host: pr-hdds-1786-trunk-k6rzm-1803654198, networkLocation: /default-rack, certSerialId: null}b72696e0-9c4e-4740-8bcd-ca4650f90538{ip: 192.168.5.139, host: pr-hdds-1786-trunk-k6rzm-1803654198, networkLocation: /default-rack, certSerialId: null}a2905edf-b9c1-421a-8807-b5d3e2a2f0d1{ip: 192.168.5.139, host: pr-hdds-1786-trunk-k6rzm-1803654198, networkLocation: /default-rack, certSerialId: null}, Type:RATIS, Factor:THREE, State:CLOSED]
org.apache.hadoop.hdds.scm.pipeline.PipelineNotFoundException: PipelineID=a949f866-3595-4f72-be7a-23e12dac9301 not found
	at org.apache.hadoop.hdds.scm.pipeline.PipelineStateMap.getPipeline(PipelineStateMap.java:132)
	at org.apache.hadoop.hdds.scm.pipeline.PipelineStateMap.removePipeline(PipelineStateMap.java:322)
	at org.apache.hadoop.hdds.scm.pipeline.PipelineStateManager.removePipeline(PipelineStateManager.java:107)
	at org.apache.hadoop.hdds.scm.pipeline.SCMPipelineManager.removePipeline(SCMPipelineManager.java:423)
	at org.apache.hadoop.hdds.scm.pipeline.SCMPipelineManager.destroyPipeline(SCMPipelineManager.java:409)
	at org.apache.hadoop.hdds.scm.pipeline.SCMPipelineManager.lambda$finalizeAndDestroyPipeline$0(SCMPipelineManager.java:318)
	at org.apache.hadoop.utils.Scheduler.lambda$schedule$1(Scheduler.java:68)
	at java.util.concurrent.Executors$RunnableAdapter.call(Executors.java:511)
	at java.util.concurrent.FutureTask.run(FutureTask.java:266)
	at java.util.concurrent.ScheduledThreadPoolExecutor$ScheduledFutureTask.access$201(ScheduledThreadPoolExecutor.java:180)
	at java.util.concurrent.ScheduledThreadPoolExecutor$ScheduledFutureTask.run(ScheduledThreadPoolExecutor.java:293)
	at java.util.concurrent.ThreadPoolExecutor.runWorker(ThreadPoolExecutor.java:1149)
	at java.util.concurrent.ThreadPoolExecutor$Worker.run(ThreadPoolExecutor.java:624)
	at java.lang.Thread.run(Thread.java:748)
2019-09-10 18:44:29,918 [grpc-default-executor-4] INFO  client.GrpcClientProtocolClient (GrpcClientProtocolClient.java:onNext(264)) - client-022477A8F022->64e81ce6-88e4-4777-9780-87a208f38655: receive RaftClientReply:client-022477A8F022->64e81ce6-88e4-4777-9780-87a208f38655@group-E9D835E888EB, cid=140, FAILED org.apache.ratis.protocol.NotLeaderException: Server 64e81ce6-88e4-4777-9780-87a208f38655@group-E9D835E888EB is not the leader c2ec732c-be0e-46a5-a2ed-f7f9dc34e031:192.168.5.139:45554, logIndex=0, commits[64e81ce6-88e4-4777-9780-87a208f38655:c17, c2ec732c-be0e-46a5-a2ed-f7f9dc34e031:c17, 6876bac9-11ad-40f6-880c-796bfc7745f2:c13]
2019-09-10 18:44:30,378 [java.util.concurrent.ThreadPoolExecutor$Worker@77688533[State = -1, empty queue]] WARN  server.GrpcLogAppender (GrpcLogAppender.java:timeoutAppendRequest(200)) - c2ec732c-be0e-46a5-a2ed-f7f9dc34e031@group-E9D835E888EB->6876bac9-11ad-40f6-880c-796bfc7745f2-GrpcLogAppender: appendEntries Timeout, request=c2ec732c-be0e-46a5-a2ed-f7f9dc34e031->6876bac9-11ad-40f6-880c-796bfc7745f2#177-t1, previous=(t:1, i:23), leaderCommit=17, initializing? false, entries: <empty>
2019-09-10 18:44:30,378 [java.util.concurrent.ThreadPoolExecutor$Worker@506b2520[State = -1, empty queue]] WARN  server.GrpcLogAppender (GrpcLogAppender.java:timeoutAppendRequest(200)) - c2ec732c-be0e-46a5-a2ed-f7f9dc34e031@group-E9D835E888EB->64e81ce6-88e4-4777-9780-87a208f38655-GrpcLogAppender: appendEntries Timeout, request=c2ec732c-be0e-46a5-a2ed-f7f9dc34e031->64e81ce6-88e4-4777-9780-87a208f38655#177-t1, previous=(t:1, i:23), leaderCommit=17, initializing? false, entries: <empty>
2019-09-10 18:44:32,195 [grpc-default-executor-4] INFO  impl.RaftServerProxy (RaftServerProxy.java:remove(95)) - 4d5e76d1-94b4-4344-b272-620ca499a368: remove group-23E12DAC9301:null
2019-09-10 18:44:32,201 [RatisPipelineUtilsThread] WARN  pipeline.RatisPipelineUtils (RatisPipelineUtils.java:destroyPipeline(66)) - Pipeline destroy failed for pipeline=PipelineID=a949f866-3595-4f72-be7a-23e12dac9301 dn=4d5e76d1-94b4-4344-b272-620ca499a368{ip: 192.168.5.139, host: pr-hdds-1786-trunk-k6rzm-1803654198, networkLocation: /default-rack, certSerialId: null}
2019-09-10 18:44:32,205 [grpc-default-executor-4] INFO  impl.RaftServerProxy (RaftServerProxy.java:remove(95)) - b72696e0-9c4e-4740-8bcd-ca4650f90538: remove group-23E12DAC9301:null
2019-09-10 18:44:32,207 [RatisPipelineUtilsThread] WARN  pipeline.RatisPipelineUtils (RatisPipelineUtils.java:destroyPipeline(66)) - Pipeline destroy failed for pipeline=PipelineID=a949f866-3595-4f72-be7a-23e12dac9301 dn=b72696e0-9c4e-4740-8bcd-ca4650f90538{ip: 192.168.5.139, host: pr-hdds-1786-trunk-k6rzm-1803654198, networkLocation: /default-rack, certSerialId: null}
2019-09-10 18:44:32,210 [grpc-default-executor-4] INFO  impl.RaftServerProxy (RaftServerProxy.java:remove(95)) - a2905edf-b9c1-421a-8807-b5d3e2a2f0d1: remove group-23E12DAC9301:null
2019-09-10 18:44:32,213 [RatisPipelineUtilsThread] WARN  pipeline.RatisPipelineUtils (RatisPipelineUtils.java:destroyPipeline(66)) - Pipeline destroy failed for pipeline=PipelineID=a949f866-3595-4f72-be7a-23e12dac9301 dn=a2905edf-b9c1-421a-8807-b5d3e2a2f0d1{ip: 192.168.5.139, host: pr-hdds-1786-trunk-k6rzm-1803654198, networkLocation: /default-rack, certSerialId: null}
2019-09-10 18:44:32,213 [RatisPipelineUtilsThread] ERROR pipeline.SCMPipelineManager (Scheduler.java:lambda$schedule$1(70)) - Destroy pipeline failed for pipeline:Pipeline[ Id: a949f866-3595-4f72-be7a-23e12dac9301, Nodes: 4d5e76d1-94b4-4344-b272-620ca499a368{ip: 192.168.5.139, host: pr-hdds-1786-trunk-k6rzm-1803654198, networkLocation: /default-rack, certSerialId: null}b72696e0-9c4e-4740-8bcd-ca4650f90538{ip: 192.168.5.139, host: pr-hdds-1786-trunk-k6rzm-1803654198, networkLocation: /default-rack, certSerialId: null}a2905edf-b9c1-421a-8807-b5d3e2a2f0d1{ip: 192.168.5.139, host: pr-hdds-1786-trunk-k6rzm-1803654198, networkLocation: /default-rack, certSerialId: null}, Type:RATIS, Factor:THREE, State:CLOSED]
org.apache.hadoop.hdds.scm.pipeline.PipelineNotFoundException: PipelineID=a949f866-3595-4f72-be7a-23e12dac9301 not found
	at org.apache.hadoop.hdds.scm.pipeline.PipelineStateMap.getPipeline(PipelineStateMap.java:132)
	at org.apache.hadoop.hdds.scm.pipeline.PipelineStateMap.removePipeline(PipelineStateMap.java:322)
	at org.apache.hadoop.hdds.scm.pipeline.PipelineStateManager.removePipeline(PipelineStateManager.java:107)
	at org.apache.hadoop.hdds.scm.pipeline.SCMPipelineManager.removePipeline(SCMPipelineManager.java:423)
	at org.apache.hadoop.hdds.scm.pipeline.SCMPipelineManager.destroyPipeline(SCMPipelineManager.java:409)
	at org.apache.hadoop.hdds.scm.pipeline.SCMPipelineManager.lambda$finalizeAndDestroyPipeline$0(SCMPipelineManager.java:318)
	at org.apache.hadoop.utils.Scheduler.lambda$schedule$1(Scheduler.java:68)
	at java.util.concurrent.Executors$RunnableAdapter.call(Executors.java:511)
	at java.util.concurrent.FutureTask.run(FutureTask.java:266)
	at java.util.concurrent.ScheduledThreadPoolExecutor$ScheduledFutureTask.access$201(ScheduledThreadPoolExecutor.java:180)
	at java.util.concurrent.ScheduledThreadPoolExecutor$ScheduledFutureTask.run(ScheduledThreadPoolExecutor.java:293)
	at java.util.concurrent.ThreadPoolExecutor.runWorker(ThreadPoolExecutor.java:1149)
	at java.util.concurrent.ThreadPoolExecutor$Worker.run(ThreadPoolExecutor.java:624)
	at java.lang.Thread.run(Thread.java:748)
2019-09-10 18:44:32,879 [java.util.concurrent.ThreadPoolExecutor$Worker@506b2520[State = -1, empty queue]] WARN  server.GrpcLogAppender (GrpcLogAppender.java:timeoutAppendRequest(200)) - c2ec732c-be0e-46a5-a2ed-f7f9dc34e031@group-E9D835E888EB->64e81ce6-88e4-4777-9780-87a208f38655-GrpcLogAppender: appendEntries Timeout, request=c2ec732c-be0e-46a5-a2ed-f7f9dc34e031->64e81ce6-88e4-4777-9780-87a208f38655#178-t1, previous=(t:1, i:23), leaderCommit=17, initializing? false, entries: <empty>
2019-09-10 18:44:32,879 [java.util.concurrent.ThreadPoolExecutor$Worker@77688533[State = -1, empty queue]] WARN  server.GrpcLogAppender (GrpcLogAppender.java:timeoutAppendRequest(200)) - c2ec732c-be0e-46a5-a2ed-f7f9dc34e031@group-E9D835E888EB->6876bac9-11ad-40f6-880c-796bfc7745f2-GrpcLogAppender: appendEntries Timeout, request=c2ec732c-be0e-46a5-a2ed-f7f9dc34e031->6876bac9-11ad-40f6-880c-796bfc7745f2#178-t1, previous=(t:1, i:23), leaderCommit=17, initializing? false, entries: <empty>
2019-09-10 18:44:34,189 [grpc-default-executor-0] INFO  impl.RaftServerProxy (RaftServerProxy.java:remove(95)) - 4d5e76d1-94b4-4344-b272-620ca499a368: remove group-23E12DAC9301:null
2019-09-10 18:44:34,192 [RatisPipelineUtilsThread] WARN  pipeline.RatisPipelineUtils (RatisPipelineUtils.java:destroyPipeline(66)) - Pipeline destroy failed for pipeline=PipelineID=a949f866-3595-4f72-be7a-23e12dac9301 dn=4d5e76d1-94b4-4344-b272-620ca499a368{ip: 192.168.5.139, host: pr-hdds-1786-trunk-k6rzm-1803654198, networkLocation: /default-rack, certSerialId: null}
2019-09-10 18:44:34,195 [grpc-default-executor-0] INFO  impl.RaftServerProxy (RaftServerProxy.java:remove(95)) - b72696e0-9c4e-4740-8bcd-ca4650f90538: remove group-23E12DAC9301:null
2019-09-10 18:44:34,197 [RatisPipelineUtilsThread] WARN  pipeline.RatisPipelineUtils (RatisPipelineUtils.java:destroyPipeline(66)) - Pipeline destroy failed for pipeline=PipelineID=a949f866-3595-4f72-be7a-23e12dac9301 dn=b72696e0-9c4e-4740-8bcd-ca4650f90538{ip: 192.168.5.139, host: pr-hdds-1786-trunk-k6rzm-1803654198, networkLocation: /default-rack, certSerialId: null}
2019-09-10 18:44:34,200 [grpc-default-executor-0] INFO  impl.RaftServerProxy (RaftServerProxy.java:remove(95)) - a2905edf-b9c1-421a-8807-b5d3e2a2f0d1: remove group-23E12DAC9301:null
2019-09-10 18:44:34,202 [RatisPipelineUtilsThread] WARN  pipeline.RatisPipelineUtils (RatisPipelineUtils.java:destroyPipeline(66)) - Pipeline destroy failed for pipeline=PipelineID=a949f866-3595-4f72-be7a-23e12dac9301 dn=a2905edf-b9c1-421a-8807-b5d3e2a2f0d1{ip: 192.168.5.139, host: pr-hdds-1786-trunk-k6rzm-1803654198, networkLocation: /default-rack, certSerialId: null}
2019-09-10 18:44:34,202 [RatisPipelineUtilsThread] ERROR pipeline.SCMPipelineManager (Scheduler.java:lambda$schedule$1(70)) - Destroy pipeline failed for pipeline:Pipeline[ Id: a949f866-3595-4f72-be7a-23e12dac9301, Nodes: 4d5e76d1-94b4-4344-b272-620ca499a368{ip: 192.168.5.139, host: pr-hdds-1786-trunk-k6rzm-1803654198, networkLocation: /default-rack, certSerialId: null}b72696e0-9c4e-4740-8bcd-ca4650f90538{ip: 192.168.5.139, host: pr-hdds-1786-trunk-k6rzm-1803654198, networkLocation: /default-rack, certSerialId: null}a2905edf-b9c1-421a-8807-b5d3e2a2f0d1{ip: 192.168.5.139, host: pr-hdds-1786-trunk-k6rzm-1803654198, networkLocation: /default-rack, certSerialId: null}, Type:RATIS, Factor:THREE, State:CLOSED]
org.apache.hadoop.hdds.scm.pipeline.PipelineNotFoundException: PipelineID=a949f866-3595-4f72-be7a-23e12dac9301 not found
	at org.apache.hadoop.hdds.scm.pipeline.PipelineStateMap.getPipeline(PipelineStateMap.java:132)
	at org.apache.hadoop.hdds.scm.pipeline.PipelineStateMap.removePipeline(PipelineStateMap.java:322)
	at org.apache.hadoop.hdds.scm.pipeline.PipelineStateManager.removePipeline(PipelineStateManager.java:107)
	at org.apache.hadoop.hdds.scm.pipeline.SCMPipelineManager.removePipeline(SCMPipelineManager.java:423)
	at org.apache.hadoop.hdds.scm.pipeline.SCMPipelineManager.destroyPipeline(SCMPipelineManager.java:409)
	at org.apache.hadoop.hdds.scm.pipeline.SCMPipelineManager.lambda$finalizeAndDestroyPipeline$0(SCMPipelineManager.java:318)
	at org.apache.hadoop.utils.Scheduler.lambda$schedule$1(Scheduler.java:68)
	at java.util.concurrent.Executors$RunnableAdapter.call(Executors.java:511)
	at java.util.concurrent.FutureTask.run(FutureTask.java:266)
	at java.util.concurrent.ScheduledThreadPoolExecutor$ScheduledFutureTask.access$201(ScheduledThreadPoolExecutor.java:180)
	at java.util.concurrent.ScheduledThreadPoolExecutor$ScheduledFutureTask.run(ScheduledThreadPoolExecutor.java:293)
	at java.util.concurrent.ThreadPoolExecutor.runWorker(ThreadPoolExecutor.java:1149)
	at java.util.concurrent.ThreadPoolExecutor$Worker.run(ThreadPoolExecutor.java:624)
	at java.lang.Thread.run(Thread.java:748)
2019-09-10 18:44:34,876 [64e81ce6-88e4-4777-9780-87a208f38655@group-E9D835E888EB-SegmentedRaftLogWorker] WARN  segmented.SegmentedRaftLogWorker (SegmentedRaftLogWorker.java:getFromFuture(90)) - Timeout 0/~
org.apache.ratis.protocol.TimeoutIOException: Timeout 10s: WriteLog:18: (t:1, i:18), STATEMACHINELOGENTRY, client-022477A8F022, cid=140-writeStateMachineData
	at org.apache.ratis.util.IOUtils.getFromFuture(IOUtils.java:87)
	at org.apache.ratis.server.raftlog.segmented.SegmentedRaftLogWorker$StateMachineDataPolicy.getFromFuture(SegmentedRaftLogWorker.java:87)
	at org.apache.ratis.server.raftlog.segmented.SegmentedRaftLogWorker$WriteLog.execute(SegmentedRaftLogWorker.java:477)
	at org.apache.ratis.server.raftlog.segmented.SegmentedRaftLogWorker.run(SegmentedRaftLogWorker.java:289)
	at java.lang.Thread.run(Thread.java:748)
Caused by: java.util.concurrent.TimeoutException
	at java.util.concurrent.CompletableFuture.timedGet(CompletableFuture.java:1771)
	at java.util.concurrent.CompletableFuture.get(CompletableFuture.java:1915)
	at org.apache.ratis.util.IOUtils.getFromFuture(IOUtils.java:79)
	... 4 more
2019-09-10 18:44:34,876 [6876bac9-11ad-40f6-880c-796bfc7745f2@group-E9D835E888EB-SegmentedRaftLogWorker] WARN  segmented.SegmentedRaftLogWorker (SegmentedRaftLogWorker.java:getFromFuture(90)) - Timeout 0/~
org.apache.ratis.protocol.TimeoutIOException: Timeout 10s: WriteLog:18: (t:1, i:18), STATEMACHINELOGENTRY, client-022477A8F022, cid=140-writeStateMachineData
	at org.apache.ratis.util.IOUtils.getFromFuture(IOUtils.java:87)
	at org.apache.ratis.server.raftlog.segmented.SegmentedRaftLogWorker$StateMachineDataPolicy.getFromFuture(SegmentedRaftLogWorker.java:87)
	at org.apache.ratis.server.raftlog.segmented.SegmentedRaftLogWorker$WriteLog.execute(SegmentedRaftLogWorker.java:477)
	at org.apache.ratis.server.raftlog.segmented.SegmentedRaftLogWorker.run(SegmentedRaftLogWorker.java:289)
	at java.lang.Thread.run(Thread.java:748)
Caused by: java.util.concurrent.TimeoutException
	at java.util.concurrent.CompletableFuture.timedGet(CompletableFuture.java:1771)
	at java.util.concurrent.CompletableFuture.get(CompletableFuture.java:1915)
	at org.apache.ratis.util.IOUtils.getFromFuture(IOUtils.java:79)
	... 4 more
2019-09-10 18:44:34,973 [grpc-default-executor-4] INFO  client.GrpcClientProtocolClient (GrpcClientProtocolClient.java:onNext(264)) - client-022477A8F022->64e81ce6-88e4-4777-9780-87a208f38655: receive RaftClientReply:client-022477A8F022->64e81ce6-88e4-4777-9780-87a208f38655@group-E9D835E888EB, cid=140, FAILED org.apache.ratis.protocol.NotLeaderException: Server 64e81ce6-88e4-4777-9780-87a208f38655@group-E9D835E888EB is not the leader c2ec732c-be0e-46a5-a2ed-f7f9dc34e031:192.168.5.139:45554, logIndex=0, commits[64e81ce6-88e4-4777-9780-87a208f38655:c17, c2ec732c-be0e-46a5-a2ed-f7f9dc34e031:c17, 6876bac9-11ad-40f6-880c-796bfc7745f2:c13]
2019-09-10 18:44:35,055 [c2ec732c-be0e-46a5-a2ed-f7f9dc34e031@group-E9D835E888EB-SegmentedRaftLogWorker] WARN  segmented.SegmentedRaftLogWorker (SegmentedRaftLogWorker.java:getFromFuture(90)) - Timeout 0/~
org.apache.ratis.protocol.TimeoutIOException: Timeout 10s: WriteLog:21: (t:1, i:21), STATEMACHINELOGENTRY, client-022477A8F022, cid=143-writeStateMachineData
	at org.apache.ratis.util.IOUtils.getFromFuture(IOUtils.java:87)
	at org.apache.ratis.server.raftlog.segmented.SegmentedRaftLogWorker$StateMachineDataPolicy.getFromFuture(SegmentedRaftLogWorker.java:87)
	at org.apache.ratis.server.raftlog.segmented.SegmentedRaftLogWorker$WriteLog.execute(SegmentedRaftLogWorker.java:477)
	at org.apache.ratis.server.raftlog.segmented.SegmentedRaftLogWorker.run(SegmentedRaftLogWorker.java:289)
	at java.lang.Thread.run(Thread.java:748)
Caused by: java.util.concurrent.TimeoutException
	at java.util.concurrent.CompletableFuture.timedGet(CompletableFuture.java:1771)
	at java.util.concurrent.CompletableFuture.get(CompletableFuture.java:1915)
	at org.apache.ratis.util.IOUtils.getFromFuture(IOUtils.java:79)
	... 4 more
2019-09-10 18:44:35,380 [java.util.concurrent.ThreadPoolExecutor$Worker@506b2520[State = -1, empty queue]] WARN  server.GrpcLogAppender (GrpcLogAppender.java:timeoutAppendRequest(200)) - c2ec732c-be0e-46a5-a2ed-f7f9dc34e031@group-E9D835E888EB->64e81ce6-88e4-4777-9780-87a208f38655-GrpcLogAppender: appendEntries Timeout, request=c2ec732c-be0e-46a5-a2ed-f7f9dc34e031->64e81ce6-88e4-4777-9780-87a208f38655#179-t1, previous=(t:1, i:23), leaderCommit=17, initializing? false, entries: <empty>
2019-09-10 18:44:35,380 [java.util.concurrent.ThreadPoolExecutor$Worker@77688533[State = -1, empty queue]] WARN  server.GrpcLogAppender (GrpcLogAppender.java:timeoutAppendRequest(200)) - c2ec732c-be0e-46a5-a2ed-f7f9dc34e031@group-E9D835E888EB->6876bac9-11ad-40f6-880c-796bfc7745f2-GrpcLogAppender: appendEntries Timeout, request=c2ec732c-be0e-46a5-a2ed-f7f9dc34e031->6876bac9-11ad-40f6-880c-796bfc7745f2#179-t1, previous=(t:1, i:23), leaderCommit=17, initializing? false, entries: <empty>
2019-09-10 18:44:37,191 [grpc-default-executor-0] INFO  impl.RaftServerProxy (RaftServerProxy.java:remove(95)) - 4d5e76d1-94b4-4344-b272-620ca499a368: remove group-23E12DAC9301:null
2019-09-10 18:44:37,196 [RatisPipelineUtilsThread] WARN  pipeline.RatisPipelineUtils (RatisPipelineUtils.java:destroyPipeline(66)) - Pipeline destroy failed for pipeline=PipelineID=a949f866-3595-4f72-be7a-23e12dac9301 dn=4d5e76d1-94b4-4344-b272-620ca499a368{ip: 192.168.5.139, host: pr-hdds-1786-trunk-k6rzm-1803654198, networkLocation: /default-rack, certSerialId: null}
2019-09-10 18:44:37,200 [grpc-default-executor-0] INFO  impl.RaftServerProxy (RaftServerProxy.java:remove(95)) - b72696e0-9c4e-4740-8bcd-ca4650f90538: remove group-23E12DAC9301:null
2019-09-10 18:44:37,203 [RatisPipelineUtilsThread] WARN  pipeline.RatisPipelineUtils (RatisPipelineUtils.java:destroyPipeline(66)) - Pipeline destroy failed for pipeline=PipelineID=a949f866-3595-4f72-be7a-23e12dac9301 dn=b72696e0-9c4e-4740-8bcd-ca4650f90538{ip: 192.168.5.139, host: pr-hdds-1786-trunk-k6rzm-1803654198, networkLocation: /default-rack, certSerialId: null}
2019-09-10 18:44:37,206 [grpc-default-executor-0] INFO  impl.RaftServerProxy (RaftServerProxy.java:remove(95)) - a2905edf-b9c1-421a-8807-b5d3e2a2f0d1: remove group-23E12DAC9301:null
2019-09-10 18:44:37,208 [RatisPipelineUtilsThread] WARN  pipeline.RatisPipelineUtils (RatisPipelineUtils.java:destroyPipeline(66)) - Pipeline destroy failed for pipeline=PipelineID=a949f866-3595-4f72-be7a-23e12dac9301 dn=a2905edf-b9c1-421a-8807-b5d3e2a2f0d1{ip: 192.168.5.139, host: pr-hdds-1786-trunk-k6rzm-1803654198, networkLocation: /default-rack, certSerialId: null}
2019-09-10 18:44:37,208 [RatisPipelineUtilsThread] ERROR pipeline.SCMPipelineManager (Scheduler.java:lambda$schedule$1(70)) - Destroy pipeline failed for pipeline:Pipeline[ Id: a949f866-3595-4f72-be7a-23e12dac9301, Nodes: 4d5e76d1-94b4-4344-b272-620ca499a368{ip: 192.168.5.139, host: pr-hdds-1786-trunk-k6rzm-1803654198, networkLocation: /default-rack, certSerialId: null}b72696e0-9c4e-4740-8bcd-ca4650f90538{ip: 192.168.5.139, host: pr-hdds-1786-trunk-k6rzm-1803654198, networkLocation: /default-rack, certSerialId: null}a2905edf-b9c1-421a-8807-b5d3e2a2f0d1{ip: 192.168.5.139, host: pr-hdds-1786-trunk-k6rzm-1803654198, networkLocation: /default-rack, certSerialId: null}, Type:RATIS, Factor:THREE, State:CLOSED]
org.apache.hadoop.hdds.scm.pipeline.PipelineNotFoundException: PipelineID=a949f866-3595-4f72-be7a-23e12dac9301 not found
	at org.apache.hadoop.hdds.scm.pipeline.PipelineStateMap.getPipeline(PipelineStateMap.java:132)
	at org.apache.hadoop.hdds.scm.pipeline.PipelineStateMap.removePipeline(PipelineStateMap.java:322)
	at org.apache.hadoop.hdds.scm.pipeline.PipelineStateManager.removePipeline(PipelineStateManager.java:107)
	at org.apache.hadoop.hdds.scm.pipeline.SCMPipelineManager.removePipeline(SCMPipelineManager.java:423)
	at org.apache.hadoop.hdds.scm.pipeline.SCMPipelineManager.destroyPipeline(SCMPipelineManager.java:409)
	at org.apache.hadoop.hdds.scm.pipeline.SCMPipelineManager.lambda$finalizeAndDestroyPipeline$0(SCMPipelineManager.java:318)
	at org.apache.hadoop.utils.Scheduler.lambda$schedule$1(Scheduler.java:68)
	at java.util.concurrent.Executors$RunnableAdapter.call(Executors.java:511)
	at java.util.concurrent.FutureTask.run(FutureTask.java:266)
	at java.util.concurrent.ScheduledThreadPoolExecutor$ScheduledFutureTask.access$201(ScheduledThreadPoolExecutor.java:180)
	at java.util.concurrent.ScheduledThreadPoolExecutor$ScheduledFutureTask.run(ScheduledThreadPoolExecutor.java:293)
	at java.util.concurrent.ThreadPoolExecutor.runWorker(ThreadPoolExecutor.java:1149)
	at java.util.concurrent.ThreadPoolExecutor$Worker.run(ThreadPoolExecutor.java:624)
	at java.lang.Thread.run(Thread.java:748)
2019-09-10 18:44:37,881 [java.util.concurrent.ThreadPoolExecutor$Worker@506b2520[State = -1, empty queue]] WARN  server.GrpcLogAppender (GrpcLogAppender.java:timeoutAppendRequest(200)) - c2ec732c-be0e-46a5-a2ed-f7f9dc34e031@group-E9D835E888EB->64e81ce6-88e4-4777-9780-87a208f38655-GrpcLogAppender: appendEntries Timeout, request=c2ec732c-be0e-46a5-a2ed-f7f9dc34e031->64e81ce6-88e4-4777-9780-87a208f38655#180-t1, previous=(t:1, i:23), leaderCommit=17, initializing? false, entries: <empty>
2019-09-10 18:44:37,881 [java.util.concurrent.ThreadPoolExecutor$Worker@77688533[State = -1, empty queue]] WARN  server.GrpcLogAppender (GrpcLogAppender.java:timeoutAppendRequest(200)) - c2ec732c-be0e-46a5-a2ed-f7f9dc34e031@group-E9D835E888EB->6876bac9-11ad-40f6-880c-796bfc7745f2-GrpcLogAppender: appendEntries Timeout, request=c2ec732c-be0e-46a5-a2ed-f7f9dc34e031->6876bac9-11ad-40f6-880c-796bfc7745f2#180-t1, previous=(t:1, i:23), leaderCommit=17, initializing? false, entries: <empty>
2019-09-10 18:44:39,189 [grpc-default-executor-4] INFO  impl.RaftServerProxy (RaftServerProxy.java:remove(95)) - 4d5e76d1-94b4-4344-b272-620ca499a368: remove group-23E12DAC9301:null
2019-09-10 18:44:39,192 [RatisPipelineUtilsThread] WARN  pipeline.RatisPipelineUtils (RatisPipelineUtils.java:destroyPipeline(66)) - Pipeline destroy failed for pipeline=PipelineID=a949f866-3595-4f72-be7a-23e12dac9301 dn=4d5e76d1-94b4-4344-b272-620ca499a368{ip: 192.168.5.139, host: pr-hdds-1786-trunk-k6rzm-1803654198, networkLocation: /default-rack, certSerialId: null}
2019-09-10 18:44:39,195 [grpc-default-executor-4] INFO  impl.RaftServerProxy (RaftServerProxy.java:remove(95)) - b72696e0-9c4e-4740-8bcd-ca4650f90538: remove group-23E12DAC9301:null
2019-09-10 18:44:39,197 [RatisPipelineUtilsThread] WARN  pipeline.RatisPipelineUtils (RatisPipelineUtils.java:destroyPipeline(66)) - Pipeline destroy failed for pipeline=PipelineID=a949f866-3595-4f72-be7a-23e12dac9301 dn=b72696e0-9c4e-4740-8bcd-ca4650f90538{ip: 192.168.5.139, host: pr-hdds-1786-trunk-k6rzm-1803654198, networkLocation: /default-rack, certSerialId: null}
2019-09-10 18:44:39,199 [grpc-default-executor-4] INFO  impl.RaftServerProxy (RaftServerProxy.java:remove(95)) - a2905edf-b9c1-421a-8807-b5d3e2a2f0d1: remove group-23E12DAC9301:null
2019-09-10 18:44:39,201 [RatisPipelineUtilsThread] WARN  pipeline.RatisPipelineUtils (RatisPipelineUtils.java:destroyPipeline(66)) - Pipeline destroy failed for pipeline=PipelineID=a949f866-3595-4f72-be7a-23e12dac9301 dn=a2905edf-b9c1-421a-8807-b5d3e2a2f0d1{ip: 192.168.5.139, host: pr-hdds-1786-trunk-k6rzm-1803654198, networkLocation: /default-rack, certSerialId: null}
2019-09-10 18:44:39,201 [RatisPipelineUtilsThread] ERROR pipeline.SCMPipelineManager (Scheduler.java:lambda$schedule$1(70)) - Destroy pipeline failed for pipeline:Pipeline[ Id: a949f866-3595-4f72-be7a-23e12dac9301, Nodes: 4d5e76d1-94b4-4344-b272-620ca499a368{ip: 192.168.5.139, host: pr-hdds-1786-trunk-k6rzm-1803654198, networkLocation: /default-rack, certSerialId: null}b72696e0-9c4e-4740-8bcd-ca4650f90538{ip: 192.168.5.139, host: pr-hdds-1786-trunk-k6rzm-1803654198, networkLocation: /default-rack, certSerialId: null}a2905edf-b9c1-421a-8807-b5d3e2a2f0d1{ip: 192.168.5.139, host: pr-hdds-1786-trunk-k6rzm-1803654198, networkLocation: /default-rack, certSerialId: null}, Type:RATIS, Factor:THREE, State:CLOSED]
org.apache.hadoop.hdds.scm.pipeline.PipelineNotFoundException: PipelineID=a949f866-3595-4f72-be7a-23e12dac9301 not found
	at org.apache.hadoop.hdds.scm.pipeline.PipelineStateMap.getPipeline(PipelineStateMap.java:132)
	at org.apache.hadoop.hdds.scm.pipeline.PipelineStateMap.removePipeline(PipelineStateMap.java:322)
	at org.apache.hadoop.hdds.scm.pipeline.PipelineStateManager.removePipeline(PipelineStateManager.java:107)
	at org.apache.hadoop.hdds.scm.pipeline.SCMPipelineManager.removePipeline(SCMPipelineManager.java:423)
	at org.apache.hadoop.hdds.scm.pipeline.SCMPipelineManager.destroyPipeline(SCMPipelineManager.java:409)
	at org.apache.hadoop.hdds.scm.pipeline.SCMPipelineManager.lambda$finalizeAndDestroyPipeline$0(SCMPipelineManager.java:318)
	at org.apache.hadoop.utils.Scheduler.lambda$schedule$1(Scheduler.java:68)
	at java.util.concurrent.Executors$RunnableAdapter.call(Executors.java:511)
	at java.util.concurrent.FutureTask.run(FutureTask.java:266)
	at java.util.concurrent.ScheduledThreadPoolExecutor$ScheduledFutureTask.access$201(ScheduledThreadPoolExecutor.java:180)
	at java.util.concurrent.ScheduledThreadPoolExecutor$ScheduledFutureTask.run(ScheduledThreadPoolExecutor.java:293)
	at java.util.concurrent.ThreadPoolExecutor.runWorker(ThreadPoolExecutor.java:1149)
	at java.util.concurrent.ThreadPoolExecutor$Worker.run(ThreadPoolExecutor.java:624)
	at java.lang.Thread.run(Thread.java:748)
2019-09-10 18:44:40,044 [grpc-default-executor-0] INFO  client.GrpcClientProtocolClient (GrpcClientProtocolClient.java:onNext(264)) - client-022477A8F022->64e81ce6-88e4-4777-9780-87a208f38655: receive RaftClientReply:client-022477A8F022->64e81ce6-88e4-4777-9780-87a208f38655@group-E9D835E888EB, cid=140, FAILED org.apache.ratis.protocol.NotLeaderException: Server 64e81ce6-88e4-4777-9780-87a208f38655@group-E9D835E888EB is not the leader c2ec732c-be0e-46a5-a2ed-f7f9dc34e031:192.168.5.139:45554, logIndex=0, commits[64e81ce6-88e4-4777-9780-87a208f38655:c17, c2ec732c-be0e-46a5-a2ed-f7f9dc34e031:c17, 6876bac9-11ad-40f6-880c-796bfc7745f2:c13]
2019-09-10 18:44:40,381 [java.util.concurrent.ThreadPoolExecutor$Worker@506b2520[State = -1, empty queue]] WARN  server.GrpcLogAppender (GrpcLogAppender.java:timeoutAppendRequest(200)) - c2ec732c-be0e-46a5-a2ed-f7f9dc34e031@group-E9D835E888EB->64e81ce6-88e4-4777-9780-87a208f38655-GrpcLogAppender: appendEntries Timeout, request=c2ec732c-be0e-46a5-a2ed-f7f9dc34e031->64e81ce6-88e4-4777-9780-87a208f38655#181-t1, previous=(t:1, i:23), leaderCommit=17, initializing? false, entries: <empty>
2019-09-10 18:44:40,381 [java.util.concurrent.ThreadPoolExecutor$Worker@77688533[State = -1, empty queue]] WARN  server.GrpcLogAppender (GrpcLogAppender.java:timeoutAppendRequest(200)) - c2ec732c-be0e-46a5-a2ed-f7f9dc34e031@group-E9D835E888EB->6876bac9-11ad-40f6-880c-796bfc7745f2-GrpcLogAppender: appendEntries Timeout, request=c2ec732c-be0e-46a5-a2ed-f7f9dc34e031->6876bac9-11ad-40f6-880c-796bfc7745f2#181-t1, previous=(t:1, i:23), leaderCommit=17, initializing? false, entries: <empty>
2019-09-10 18:44:42,189 [grpc-default-executor-0] INFO  impl.RaftServerProxy (RaftServerProxy.java:remove(95)) - 4d5e76d1-94b4-4344-b272-620ca499a368: remove group-23E12DAC9301:null
2019-09-10 18:44:42,194 [RatisPipelineUtilsThread] WARN  pipeline.RatisPipelineUtils (RatisPipelineUtils.java:destroyPipeline(66)) - Pipeline destroy failed for pipeline=PipelineID=a949f866-3595-4f72-be7a-23e12dac9301 dn=4d5e76d1-94b4-4344-b272-620ca499a368{ip: 192.168.5.139, host: pr-hdds-1786-trunk-k6rzm-1803654198, networkLocation: /default-rack, certSerialId: null}
2019-09-10 18:44:42,197 [grpc-default-executor-0] INFO  impl.RaftServerProxy (RaftServerProxy.java:remove(95)) - b72696e0-9c4e-4740-8bcd-ca4650f90538: remove group-23E12DAC9301:null
2019-09-10 18:44:42,199 [RatisPipelineUtilsThread] WARN  pipeline.RatisPipelineUtils (RatisPipelineUtils.java:destroyPipeline(66)) - Pipeline destroy failed for pipeline=PipelineID=a949f866-3595-4f72-be7a-23e12dac9301 dn=b72696e0-9c4e-4740-8bcd-ca4650f90538{ip: 192.168.5.139, host: pr-hdds-1786-trunk-k6rzm-1803654198, networkLocation: /default-rack, certSerialId: null}
2019-09-10 18:44:42,201 [grpc-default-executor-0] INFO  impl.RaftServerProxy (RaftServerProxy.java:remove(95)) - a2905edf-b9c1-421a-8807-b5d3e2a2f0d1: remove group-23E12DAC9301:null
2019-09-10 18:44:42,203 [RatisPipelineUtilsThread] WARN  pipeline.RatisPipelineUtils (RatisPipelineUtils.java:destroyPipeline(66)) - Pipeline destroy failed for pipeline=PipelineID=a949f866-3595-4f72-be7a-23e12dac9301 dn=a2905edf-b9c1-421a-8807-b5d3e2a2f0d1{ip: 192.168.5.139, host: pr-hdds-1786-trunk-k6rzm-1803654198, networkLocation: /default-rack, certSerialId: null}
2019-09-10 18:44:42,203 [RatisPipelineUtilsThread] ERROR pipeline.SCMPipelineManager (Scheduler.java:lambda$schedule$1(70)) - Destroy pipeline failed for pipeline:Pipeline[ Id: a949f866-3595-4f72-be7a-23e12dac9301, Nodes: 4d5e76d1-94b4-4344-b272-620ca499a368{ip: 192.168.5.139, host: pr-hdds-1786-trunk-k6rzm-1803654198, networkLocation: /default-rack, certSerialId: null}b72696e0-9c4e-4740-8bcd-ca4650f90538{ip: 192.168.5.139, host: pr-hdds-1786-trunk-k6rzm-1803654198, networkLocation: /default-rack, certSerialId: null}a2905edf-b9c1-421a-8807-b5d3e2a2f0d1{ip: 192.168.5.139, host: pr-hdds-1786-trunk-k6rzm-1803654198, networkLocation: /default-rack, certSerialId: null}, Type:RATIS, Factor:THREE, State:CLOSED]
org.apache.hadoop.hdds.scm.pipeline.PipelineNotFoundException: PipelineID=a949f866-3595-4f72-be7a-23e12dac9301 not found
	at org.apache.hadoop.hdds.scm.pipeline.PipelineStateMap.getPipeline(PipelineStateMap.java:132)
	at org.apache.hadoop.hdds.scm.pipeline.PipelineStateMap.removePipeline(PipelineStateMap.java:322)
	at org.apache.hadoop.hdds.scm.pipeline.PipelineStateManager.removePipeline(PipelineStateManager.java:107)
	at org.apache.hadoop.hdds.scm.pipeline.SCMPipelineManager.removePipeline(SCMPipelineManager.java:423)
	at org.apache.hadoop.hdds.scm.pipeline.SCMPipelineManager.destroyPipeline(SCMPipelineManager.java:409)
	at org.apache.hadoop.hdds.scm.pipeline.SCMPipelineManager.lambda$finalizeAndDestroyPipeline$0(SCMPipelineManager.java:318)
	at org.apache.hadoop.utils.Scheduler.lambda$schedule$1(Scheduler.java:68)
	at java.util.concurrent.Executors$RunnableAdapter.call(Executors.java:511)
	at java.util.concurrent.FutureTask.run(FutureTask.java:266)
	at java.util.concurrent.ScheduledThreadPoolExecutor$ScheduledFutureTask.access$201(ScheduledThreadPoolExecutor.java:180)
	at java.util.concurrent.ScheduledThreadPoolExecutor$ScheduledFutureTask.run(ScheduledThreadPoolExecutor.java:293)
	at java.util.concurrent.ThreadPoolExecutor.runWorker(ThreadPoolExecutor.java:1149)
	at java.util.concurrent.ThreadPoolExecutor$Worker.run(ThreadPoolExecutor.java:624)
	at java.lang.Thread.run(Thread.java:748)
2019-09-10 18:44:42,882 [java.util.concurrent.ThreadPoolExecutor$Worker@506b2520[State = -1, empty queue]] WARN  server.GrpcLogAppender (GrpcLogAppender.java:timeoutAppendRequest(200)) - c2ec732c-be0e-46a5-a2ed-f7f9dc34e031@group-E9D835E888EB->64e81ce6-88e4-4777-9780-87a208f38655-GrpcLogAppender: appendEntries Timeout, request=c2ec732c-be0e-46a5-a2ed-f7f9dc34e031->64e81ce6-88e4-4777-9780-87a208f38655#182-t1, previous=(t:1, i:23), leaderCommit=17, initializing? false, entries: <empty>
2019-09-10 18:44:42,882 [java.util.concurrent.ThreadPoolExecutor$Worker@77688533[State = -1, empty queue]] WARN  server.GrpcLogAppender (GrpcLogAppender.java:timeoutAppendRequest(200)) - c2ec732c-be0e-46a5-a2ed-f7f9dc34e031@group-E9D835E888EB->6876bac9-11ad-40f6-880c-796bfc7745f2-GrpcLogAppender: appendEntries Timeout, request=c2ec732c-be0e-46a5-a2ed-f7f9dc34e031->6876bac9-11ad-40f6-880c-796bfc7745f2#182-t1, previous=(t:1, i:23), leaderCommit=17, initializing? false, entries: <empty>
2019-09-10 18:44:44,187 [grpc-default-executor-4] INFO  impl.RaftServerProxy (RaftServerProxy.java:remove(95)) - 4d5e76d1-94b4-4344-b272-620ca499a368: remove group-23E12DAC9301:null
2019-09-10 18:44:44,189 [RatisPipelineUtilsThread] WARN  pipeline.RatisPipelineUtils (RatisPipelineUtils.java:destroyPipeline(66)) - Pipeline destroy failed for pipeline=PipelineID=a949f866-3595-4f72-be7a-23e12dac9301 dn=4d5e76d1-94b4-4344-b272-620ca499a368{ip: 192.168.5.139, host: pr-hdds-1786-trunk-k6rzm-1803654198, networkLocation: /default-rack, certSerialId: null}
2019-09-10 18:44:44,191 [grpc-default-executor-4] INFO  impl.RaftServerProxy (RaftServerProxy.java:remove(95)) - b72696e0-9c4e-4740-8bcd-ca4650f90538: remove group-23E12DAC9301:null
2019-09-10 18:44:44,193 [RatisPipelineUtilsThread] WARN  pipeline.RatisPipelineUtils (RatisPipelineUtils.java:destroyPipeline(66)) - Pipeline destroy failed for pipeline=PipelineID=a949f866-3595-4f72-be7a-23e12dac9301 dn=b72696e0-9c4e-4740-8bcd-ca4650f90538{ip: 192.168.5.139, host: pr-hdds-1786-trunk-k6rzm-1803654198, networkLocation: /default-rack, certSerialId: null}
2019-09-10 18:44:44,195 [grpc-default-executor-4] INFO  impl.RaftServerProxy (RaftServerProxy.java:remove(95)) - a2905edf-b9c1-421a-8807-b5d3e2a2f0d1: remove group-23E12DAC9301:null
2019-09-10 18:44:44,197 [RatisPipelineUtilsThread] WARN  pipeline.RatisPipelineUtils (RatisPipelineUtils.java:destroyPipeline(66)) - Pipeline destroy failed for pipeline=PipelineID=a949f866-3595-4f72-be7a-23e12dac9301 dn=a2905edf-b9c1-421a-8807-b5d3e2a2f0d1{ip: 192.168.5.139, host: pr-hdds-1786-trunk-k6rzm-1803654198, networkLocation: /default-rack, certSerialId: null}
2019-09-10 18:44:44,197 [RatisPipelineUtilsThread] ERROR pipeline.SCMPipelineManager (Scheduler.java:lambda$schedule$1(70)) - Destroy pipeline failed for pipeline:Pipeline[ Id: a949f866-3595-4f72-be7a-23e12dac9301, Nodes: 4d5e76d1-94b4-4344-b272-620ca499a368{ip: 192.168.5.139, host: pr-hdds-1786-trunk-k6rzm-1803654198, networkLocation: /default-rack, certSerialId: null}b72696e0-9c4e-4740-8bcd-ca4650f90538{ip: 192.168.5.139, host: pr-hdds-1786-trunk-k6rzm-1803654198, networkLocation: /default-rack, certSerialId: null}a2905edf-b9c1-421a-8807-b5d3e2a2f0d1{ip: 192.168.5.139, host: pr-hdds-1786-trunk-k6rzm-1803654198, networkLocation: /default-rack, certSerialId: null}, Type:RATIS, Factor:THREE, State:CLOSED]
org.apache.hadoop.hdds.scm.pipeline.PipelineNotFoundException: PipelineID=a949f866-3595-4f72-be7a-23e12dac9301 not found
	at org.apache.hadoop.hdds.scm.pipeline.PipelineStateMap.getPipeline(PipelineStateMap.java:132)
	at org.apache.hadoop.hdds.scm.pipeline.PipelineStateMap.removePipeline(PipelineStateMap.java:322)
	at org.apache.hadoop.hdds.scm.pipeline.PipelineStateManager.removePipeline(PipelineStateManager.java:107)
	at org.apache.hadoop.hdds.scm.pipeline.SCMPipelineManager.removePipeline(SCMPipelineManager.java:423)
	at org.apache.hadoop.hdds.scm.pipeline.SCMPipelineManager.destroyPipeline(SCMPipelineManager.java:409)
	at org.apache.hadoop.hdds.scm.pipeline.SCMPipelineManager.lambda$finalizeAndDestroyPipeline$0(SCMPipelineManager.java:318)
	at org.apache.hadoop.utils.Scheduler.lambda$schedule$1(Scheduler.java:68)
	at java.util.concurrent.Executors$RunnableAdapter.call(Executors.java:511)
	at java.util.concurrent.FutureTask.run(FutureTask.java:266)
	at java.util.concurrent.ScheduledThreadPoolExecutor$ScheduledFutureTask.access$201(ScheduledThreadPoolExecutor.java:180)
	at java.util.concurrent.ScheduledThreadPoolExecutor$ScheduledFutureTask.run(ScheduledThreadPoolExecutor.java:293)
	at java.util.concurrent.ThreadPoolExecutor.runWorker(ThreadPoolExecutor.java:1149)
	at java.util.concurrent.ThreadPoolExecutor$Worker.run(ThreadPoolExecutor.java:624)
	at java.lang.Thread.run(Thread.java:748)
2019-09-10 18:44:44,877 [64e81ce6-88e4-4777-9780-87a208f38655@group-E9D835E888EB-SegmentedRaftLogWorker] WARN  segmented.SegmentedRaftLogWorker (SegmentedRaftLogWorker.java:getFromFuture(90)) - Timeout 1/~
org.apache.ratis.protocol.TimeoutIOException: Timeout 10s: WriteLog:18: (t:1, i:18), STATEMACHINELOGENTRY, client-022477A8F022, cid=140-writeStateMachineData
	at org.apache.ratis.util.IOUtils.getFromFuture(IOUtils.java:87)
	at org.apache.ratis.server.raftlog.segmented.SegmentedRaftLogWorker$StateMachineDataPolicy.getFromFuture(SegmentedRaftLogWorker.java:87)
	at org.apache.ratis.server.raftlog.segmented.SegmentedRaftLogWorker$WriteLog.execute(SegmentedRaftLogWorker.java:477)
	at org.apache.ratis.server.raftlog.segmented.SegmentedRaftLogWorker.run(SegmentedRaftLogWorker.java:289)
	at java.lang.Thread.run(Thread.java:748)
Caused by: java.util.concurrent.TimeoutException
	at java.util.concurrent.CompletableFuture.timedGet(CompletableFuture.java:1771)
	at java.util.concurrent.CompletableFuture.get(CompletableFuture.java:1915)
	at org.apache.ratis.util.IOUtils.getFromFuture(IOUtils.java:79)
	... 4 more
2019-09-10 18:44:44,877 [6876bac9-11ad-40f6-880c-796bfc7745f2@group-E9D835E888EB-SegmentedRaftLogWorker] WARN  segmented.SegmentedRaftLogWorker (SegmentedRaftLogWorker.java:getFromFuture(90)) - Timeout 1/~
org.apache.ratis.protocol.TimeoutIOException: Timeout 10s: WriteLog:18: (t:1, i:18), STATEMACHINELOGENTRY, client-022477A8F022, cid=140-writeStateMachineData
	at org.apache.ratis.util.IOUtils.getFromFuture(IOUtils.java:87)
	at org.apache.ratis.server.raftlog.segmented.SegmentedRaftLogWorker$StateMachineDataPolicy.getFromFuture(SegmentedRaftLogWorker.java:87)
	at org.apache.ratis.server.raftlog.segmented.SegmentedRaftLogWorker$WriteLog.execute(SegmentedRaftLogWorker.java:477)
	at org.apache.ratis.server.raftlog.segmented.SegmentedRaftLogWorker.run(SegmentedRaftLogWorker.java:289)
	at java.lang.Thread.run(Thread.java:748)
Caused by: java.util.concurrent.TimeoutException
	at java.util.concurrent.CompletableFuture.timedGet(CompletableFuture.java:1771)
	at java.util.concurrent.CompletableFuture.get(CompletableFuture.java:1915)
	at org.apache.ratis.util.IOUtils.getFromFuture(IOUtils.java:79)
	... 4 more
2019-09-10 18:44:45,056 [c2ec732c-be0e-46a5-a2ed-f7f9dc34e031@group-E9D835E888EB-SegmentedRaftLogWorker] WARN  segmented.SegmentedRaftLogWorker (SegmentedRaftLogWorker.java:getFromFuture(90)) - Timeout 1/~
org.apache.ratis.protocol.TimeoutIOException: Timeout 10s: WriteLog:21: (t:1, i:21), STATEMACHINELOGENTRY, client-022477A8F022, cid=143-writeStateMachineData
	at org.apache.ratis.util.IOUtils.getFromFuture(IOUtils.java:87)
	at org.apache.ratis.server.raftlog.segmented.SegmentedRaftLogWorker$StateMachineDataPolicy.getFromFuture(SegmentedRaftLogWorker.java:87)
	at org.apache.ratis.server.raftlog.segmented.SegmentedRaftLogWorker$WriteLog.execute(SegmentedRaftLogWorker.java:477)
	at org.apache.ratis.server.raftlog.segmented.SegmentedRaftLogWorker.run(SegmentedRaftLogWorker.java:289)
	at java.lang.Thread.run(Thread.java:748)
Caused by: java.util.concurrent.TimeoutException
	at java.util.concurrent.CompletableFuture.timedGet(CompletableFuture.java:1771)
	at java.util.concurrent.CompletableFuture.get(CompletableFuture.java:1915)
	at org.apache.ratis.util.IOUtils.getFromFuture(IOUtils.java:79)
	... 4 more
2019-09-10 18:44:45,102 [grpc-default-executor-4] INFO  client.GrpcClientProtocolClient (GrpcClientProtocolClient.java:onNext(264)) - client-022477A8F022->6876bac9-11ad-40f6-880c-796bfc7745f2: receive RaftClientReply:client-022477A8F022->6876bac9-11ad-40f6-880c-796bfc7745f2@group-E9D835E888EB, cid=140, FAILED org.apache.ratis.protocol.NotLeaderException: Server 6876bac9-11ad-40f6-880c-796bfc7745f2@group-E9D835E888EB is not the leader c2ec732c-be0e-46a5-a2ed-f7f9dc34e031:192.168.5.139:45554, logIndex=0, commits[6876bac9-11ad-40f6-880c-796bfc7745f2:c17, c2ec732c-be0e-46a5-a2ed-f7f9dc34e031:c17, 64e81ce6-88e4-4777-9780-87a208f38655:c13]
2019-09-10 18:44:45,382 [java.util.concurrent.ThreadPoolExecutor$Worker@77688533[State = -1, empty queue]] WARN  server.GrpcLogAppender (GrpcLogAppender.java:timeoutAppendRequest(200)) - c2ec732c-be0e-46a5-a2ed-f7f9dc34e031@group-E9D835E888EB->6876bac9-11ad-40f6-880c-796bfc7745f2-GrpcLogAppender: appendEntries Timeout, request=c2ec732c-be0e-46a5-a2ed-f7f9dc34e031->6876bac9-11ad-40f6-880c-796bfc7745f2#183-t1, previous=(t:1, i:23), leaderCommit=17, initializing? false, entries: <empty>
2019-09-10 18:44:45,382 [java.util.concurrent.ThreadPoolExecutor$Worker@506b2520[State = -1, empty queue]] WARN  server.GrpcLogAppender (GrpcLogAppender.java:timeoutAppendRequest(200)) - c2ec732c-be0e-46a5-a2ed-f7f9dc34e031@group-E9D835E888EB->64e81ce6-88e4-4777-9780-87a208f38655-GrpcLogAppender: appendEntries Timeout, request=c2ec732c-be0e-46a5-a2ed-f7f9dc34e031->64e81ce6-88e4-4777-9780-87a208f38655#183-t1, previous=(t:1, i:23), leaderCommit=17, initializing? false, entries: <empty>
2019-09-10 18:44:47,192 [grpc-default-executor-0] INFO  impl.RaftServerProxy (RaftServerProxy.java:remove(95)) - 4d5e76d1-94b4-4344-b272-620ca499a368: remove group-23E12DAC9301:null
2019-09-10 18:44:47,197 [RatisPipelineUtilsThread] WARN  pipeline.RatisPipelineUtils (RatisPipelineUtils.java:destroyPipeline(66)) - Pipeline destroy failed for pipeline=PipelineID=a949f866-3595-4f72-be7a-23e12dac9301 dn=4d5e76d1-94b4-4344-b272-620ca499a368{ip: 192.168.5.139, host: pr-hdds-1786-trunk-k6rzm-1803654198, networkLocation: /default-rack, certSerialId: null}
2019-09-10 18:44:47,199 [grpc-default-executor-0] INFO  impl.RaftServerProxy (RaftServerProxy.java:remove(95)) - b72696e0-9c4e-4740-8bcd-ca4650f90538: remove group-23E12DAC9301:null
2019-09-10 18:44:47,202 [RatisPipelineUtilsThread] WARN  pipeline.RatisPipelineUtils (RatisPipelineUtils.java:destroyPipeline(66)) - Pipeline destroy failed for pipeline=PipelineID=a949f866-3595-4f72-be7a-23e12dac9301 dn=b72696e0-9c4e-4740-8bcd-ca4650f90538{ip: 192.168.5.139, host: pr-hdds-1786-trunk-k6rzm-1803654198, networkLocation: /default-rack, certSerialId: null}
2019-09-10 18:44:47,204 [grpc-default-executor-0] INFO  impl.RaftServerProxy (RaftServerProxy.java:remove(95)) - a2905edf-b9c1-421a-8807-b5d3e2a2f0d1: remove group-23E12DAC9301:null
2019-09-10 18:44:47,207 [RatisPipelineUtilsThread] WARN  pipeline.RatisPipelineUtils (RatisPipelineUtils.java:destroyPipeline(66)) - Pipeline destroy failed for pipeline=PipelineID=a949f866-3595-4f72-be7a-23e12dac9301 dn=a2905edf-b9c1-421a-8807-b5d3e2a2f0d1{ip: 192.168.5.139, host: pr-hdds-1786-trunk-k6rzm-1803654198, networkLocation: /default-rack, certSerialId: null}
2019-09-10 18:44:47,207 [RatisPipelineUtilsThread] ERROR pipeline.SCMPipelineManager (Scheduler.java:lambda$schedule$1(70)) - Destroy pipeline failed for pipeline:Pipeline[ Id: a949f866-3595-4f72-be7a-23e12dac9301, Nodes: 4d5e76d1-94b4-4344-b272-620ca499a368{ip: 192.168.5.139, host: pr-hdds-1786-trunk-k6rzm-1803654198, networkLocation: /default-rack, certSerialId: null}b72696e0-9c4e-4740-8bcd-ca4650f90538{ip: 192.168.5.139, host: pr-hdds-1786-trunk-k6rzm-1803654198, networkLocation: /default-rack, certSerialId: null}a2905edf-b9c1-421a-8807-b5d3e2a2f0d1{ip: 192.168.5.139, host: pr-hdds-1786-trunk-k6rzm-1803654198, networkLocation: /default-rack, certSerialId: null}, Type:RATIS, Factor:THREE, State:CLOSED]
org.apache.hadoop.hdds.scm.pipeline.PipelineNotFoundException: PipelineID=a949f866-3595-4f72-be7a-23e12dac9301 not found
	at org.apache.hadoop.hdds.scm.pipeline.PipelineStateMap.getPipeline(PipelineStateMap.java:132)
	at org.apache.hadoop.hdds.scm.pipeline.PipelineStateMap.removePipeline(PipelineStateMap.java:322)
	at org.apache.hadoop.hdds.scm.pipeline.PipelineStateManager.removePipeline(PipelineStateManager.java:107)
	at org.apache.hadoop.hdds.scm.pipeline.SCMPipelineManager.removePipeline(SCMPipelineManager.java:423)
	at org.apache.hadoop.hdds.scm.pipeline.SCMPipelineManager.destroyPipeline(SCMPipelineManager.java:409)
	at org.apache.hadoop.hdds.scm.pipeline.SCMPipelineManager.lambda$finalizeAndDestroyPipeline$0(SCMPipelineManager.java:318)
	at org.apache.hadoop.utils.Scheduler.lambda$schedule$1(Scheduler.java:68)
	at java.util.concurrent.Executors$RunnableAdapter.call(Executors.java:511)
	at java.util.concurrent.FutureTask.run(FutureTask.java:266)
	at java.util.concurrent.ScheduledThreadPoolExecutor$ScheduledFutureTask.access$201(ScheduledThreadPoolExecutor.java:180)
	at java.util.concurrent.ScheduledThreadPoolExecutor$ScheduledFutureTask.run(ScheduledThreadPoolExecutor.java:293)
	at java.util.concurrent.ThreadPoolExecutor.runWorker(ThreadPoolExecutor.java:1149)
	at java.util.concurrent.ThreadPoolExecutor$Worker.run(ThreadPoolExecutor.java:624)
	at java.lang.Thread.run(Thread.java:748)
2019-09-10 18:44:47,882 [java.util.concurrent.ThreadPoolExecutor$Worker@77688533[State = -1, empty queue]] WARN  server.GrpcLogAppender (GrpcLogAppender.java:timeoutAppendRequest(200)) - c2ec732c-be0e-46a5-a2ed-f7f9dc34e031@group-E9D835E888EB->6876bac9-11ad-40f6-880c-796bfc7745f2-GrpcLogAppender: appendEntries Timeout, request=c2ec732c-be0e-46a5-a2ed-f7f9dc34e031->6876bac9-11ad-40f6-880c-796bfc7745f2#184-t1, previous=(t:1, i:23), leaderCommit=17, initializing? false, entries: <empty>
2019-09-10 18:44:47,882 [java.util.concurrent.ThreadPoolExecutor$Worker@506b2520[State = -1, empty queue]] WARN  server.GrpcLogAppender (GrpcLogAppender.java:timeoutAppendRequest(200)) - c2ec732c-be0e-46a5-a2ed-f7f9dc34e031@group-E9D835E888EB->64e81ce6-88e4-4777-9780-87a208f38655-GrpcLogAppender: appendEntries Timeout, request=c2ec732c-be0e-46a5-a2ed-f7f9dc34e031->64e81ce6-88e4-4777-9780-87a208f38655#184-t1, previous=(t:1, i:23), leaderCommit=17, initializing? false, entries: <empty>
2019-09-10 18:44:49,186 [grpc-default-executor-4] INFO  impl.RaftServerProxy (RaftServerProxy.java:remove(95)) - 4d5e76d1-94b4-4344-b272-620ca499a368: remove group-23E12DAC9301:null
2019-09-10 18:44:49,189 [RatisPipelineUtilsThread] WARN  pipeline.RatisPipelineUtils (RatisPipelineUtils.java:destroyPipeline(66)) - Pipeline destroy failed for pipeline=PipelineID=a949f866-3595-4f72-be7a-23e12dac9301 dn=4d5e76d1-94b4-4344-b272-620ca499a368{ip: 192.168.5.139, host: pr-hdds-1786-trunk-k6rzm-1803654198, networkLocation: /default-rack, certSerialId: null}
2019-09-10 18:44:49,191 [grpc-default-executor-4] INFO  impl.RaftServerProxy (RaftServerProxy.java:remove(95)) - b72696e0-9c4e-4740-8bcd-ca4650f90538: remove group-23E12DAC9301:null
2019-09-10 18:44:49,193 [RatisPipelineUtilsThread] WARN  pipeline.RatisPipelineUtils (RatisPipelineUtils.java:destroyPipeline(66)) - Pipeline destroy failed for pipeline=PipelineID=a949f866-3595-4f72-be7a-23e12dac9301 dn=b72696e0-9c4e-4740-8bcd-ca4650f90538{ip: 192.168.5.139, host: pr-hdds-1786-trunk-k6rzm-1803654198, networkLocation: /default-rack, certSerialId: null}
2019-09-10 18:44:49,195 [grpc-default-executor-4] INFO  impl.RaftServerProxy (RaftServerProxy.java:remove(95)) - a2905edf-b9c1-421a-8807-b5d3e2a2f0d1: remove group-23E12DAC9301:null
2019-09-10 18:44:49,197 [RatisPipelineUtilsThread] WARN  pipeline.RatisPipelineUtils (RatisPipelineUtils.java:destroyPipeline(66)) - Pipeline destroy failed for pipeline=PipelineID=a949f866-3595-4f72-be7a-23e12dac9301 dn=a2905edf-b9c1-421a-8807-b5d3e2a2f0d1{ip: 192.168.5.139, host: pr-hdds-1786-trunk-k6rzm-1803654198, networkLocation: /default-rack, certSerialId: null}
2019-09-10 18:44:49,197 [RatisPipelineUtilsThread] ERROR pipeline.SCMPipelineManager (Scheduler.java:lambda$schedule$1(70)) - Destroy pipeline failed for pipeline:Pipeline[ Id: a949f866-3595-4f72-be7a-23e12dac9301, Nodes: 4d5e76d1-94b4-4344-b272-620ca499a368{ip: 192.168.5.139, host: pr-hdds-1786-trunk-k6rzm-1803654198, networkLocation: /default-rack, certSerialId: null}b72696e0-9c4e-4740-8bcd-ca4650f90538{ip: 192.168.5.139, host: pr-hdds-1786-trunk-k6rzm-1803654198, networkLocation: /default-rack, certSerialId: null}a2905edf-b9c1-421a-8807-b5d3e2a2f0d1{ip: 192.168.5.139, host: pr-hdds-1786-trunk-k6rzm-1803654198, networkLocation: /default-rack, certSerialId: null}, Type:RATIS, Factor:THREE, State:CLOSED]
org.apache.hadoop.hdds.scm.pipeline.PipelineNotFoundException: PipelineID=a949f866-3595-4f72-be7a-23e12dac9301 not found
	at org.apache.hadoop.hdds.scm.pipeline.PipelineStateMap.getPipeline(PipelineStateMap.java:132)
	at org.apache.hadoop.hdds.scm.pipeline.PipelineStateMap.removePipeline(PipelineStateMap.java:322)
	at org.apache.hadoop.hdds.scm.pipeline.PipelineStateManager.removePipeline(PipelineStateManager.java:107)
	at org.apache.hadoop.hdds.scm.pipeline.SCMPipelineManager.removePipeline(SCMPipelineManager.java:423)
	at org.apache.hadoop.hdds.scm.pipeline.SCMPipelineManager.destroyPipeline(SCMPipelineManager.java:409)
	at org.apache.hadoop.hdds.scm.pipeline.SCMPipelineManager.lambda$finalizeAndDestroyPipeline$0(SCMPipelineManager.java:318)
	at org.apache.hadoop.utils.Scheduler.lambda$schedule$1(Scheduler.java:68)
	at java.util.concurrent.Executors$RunnableAdapter.call(Executors.java:511)
	at java.util.concurrent.FutureTask.run(FutureTask.java:266)
	at java.util.concurrent.ScheduledThreadPoolExecutor$ScheduledFutureTask.access$201(ScheduledThreadPoolExecutor.java:180)
	at java.util.concurrent.ScheduledThreadPoolExecutor$ScheduledFutureTask.run(ScheduledThreadPoolExecutor.java:293)
	at java.util.concurrent.ThreadPoolExecutor.runWorker(ThreadPoolExecutor.java:1149)
	at java.util.concurrent.ThreadPoolExecutor$Worker.run(ThreadPoolExecutor.java:624)
	at java.lang.Thread.run(Thread.java:748)
2019-09-10 18:44:50,146 [grpc-default-executor-0] INFO  client.GrpcClientProtocolClient (GrpcClientProtocolClient.java:onNext(264)) - client-022477A8F022->6876bac9-11ad-40f6-880c-796bfc7745f2: receive RaftClientReply:client-022477A8F022->6876bac9-11ad-40f6-880c-796bfc7745f2@group-E9D835E888EB, cid=140, FAILED org.apache.ratis.protocol.NotLeaderException: Server 6876bac9-11ad-40f6-880c-796bfc7745f2@group-E9D835E888EB is not the leader c2ec732c-be0e-46a5-a2ed-f7f9dc34e031:192.168.5.139:45554, logIndex=0, commits[6876bac9-11ad-40f6-880c-796bfc7745f2:c17, c2ec732c-be0e-46a5-a2ed-f7f9dc34e031:c17, 64e81ce6-88e4-4777-9780-87a208f38655:c13]
2019-09-10 18:44:50,383 [java.util.concurrent.ThreadPoolExecutor$Worker@506b2520[State = -1, empty queue]] WARN  server.GrpcLogAppender (GrpcLogAppender.java:timeoutAppendRequest(200)) - c2ec732c-be0e-46a5-a2ed-f7f9dc34e031@group-E9D835E888EB->64e81ce6-88e4-4777-9780-87a208f38655-GrpcLogAppender: appendEntries Timeout, request=c2ec732c-be0e-46a5-a2ed-f7f9dc34e031->64e81ce6-88e4-4777-9780-87a208f38655#185-t1, previous=(t:1, i:23), leaderCommit=17, initializing? false, entries: <empty>
2019-09-10 18:44:50,383 [java.util.concurrent.ThreadPoolExecutor$Worker@77688533[State = -1, empty queue]] WARN  server.GrpcLogAppender (GrpcLogAppender.java:timeoutAppendRequest(200)) - c2ec732c-be0e-46a5-a2ed-f7f9dc34e031@group-E9D835E888EB->6876bac9-11ad-40f6-880c-796bfc7745f2-GrpcLogAppender: appendEntries Timeout, request=c2ec732c-be0e-46a5-a2ed-f7f9dc34e031->6876bac9-11ad-40f6-880c-796bfc7745f2#185-t1, previous=(t:1, i:23), leaderCommit=17, initializing? false, entries: <empty>
2019-09-10 18:44:52,189 [grpc-default-executor-0] INFO  impl.RaftServerProxy (RaftServerProxy.java:remove(95)) - 4d5e76d1-94b4-4344-b272-620ca499a368: remove group-23E12DAC9301:null
2019-09-10 18:44:52,192 [RatisPipelineUtilsThread] WARN  pipeline.RatisPipelineUtils (RatisPipelineUtils.java:destroyPipeline(66)) - Pipeline destroy failed for pipeline=PipelineID=a949f866-3595-4f72-be7a-23e12dac9301 dn=4d5e76d1-94b4-4344-b272-620ca499a368{ip: 192.168.5.139, host: pr-hdds-1786-trunk-k6rzm-1803654198, networkLocation: /default-rack, certSerialId: null}
2019-09-10 18:44:52,194 [grpc-default-executor-0] INFO  impl.RaftServerProxy (RaftServerProxy.java:remove(95)) - b72696e0-9c4e-4740-8bcd-ca4650f90538: remove group-23E12DAC9301:null
2019-09-10 18:44:52,196 [RatisPipelineUtilsThread] WARN  pipeline.RatisPipelineUtils (RatisPipelineUtils.java:destroyPipeline(66)) - Pipeline destroy failed for pipeline=PipelineID=a949f866-3595-4f72-be7a-23e12dac9301 dn=b72696e0-9c4e-4740-8bcd-ca4650f90538{ip: 192.168.5.139, host: pr-hdds-1786-trunk-k6rzm-1803654198, networkLocation: /default-rack, certSerialId: null}
2019-09-10 18:44:52,198 [grpc-default-executor-0] INFO  impl.RaftServerProxy (RaftServerProxy.java:remove(95)) - a2905edf-b9c1-421a-8807-b5d3e2a2f0d1: remove group-23E12DAC9301:null
2019-09-10 18:44:52,200 [RatisPipelineUtilsThread] WARN  pipeline.RatisPipelineUtils (RatisPipelineUtils.java:destroyPipeline(66)) - Pipeline destroy failed for pipeline=PipelineID=a949f866-3595-4f72-be7a-23e12dac9301 dn=a2905edf-b9c1-421a-8807-b5d3e2a2f0d1{ip: 192.168.5.139, host: pr-hdds-1786-trunk-k6rzm-1803654198, networkLocation: /default-rack, certSerialId: null}
2019-09-10 18:44:52,200 [RatisPipelineUtilsThread] ERROR pipeline.SCMPipelineManager (Scheduler.java:lambda$schedule$1(70)) - Destroy pipeline failed for pipeline:Pipeline[ Id: a949f866-3595-4f72-be7a-23e12dac9301, Nodes: 4d5e76d1-94b4-4344-b272-620ca499a368{ip: 192.168.5.139, host: pr-hdds-1786-trunk-k6rzm-1803654198, networkLocation: /default-rack, certSerialId: null}b72696e0-9c4e-4740-8bcd-ca4650f90538{ip: 192.168.5.139, host: pr-hdds-1786-trunk-k6rzm-1803654198, networkLocation: /default-rack, certSerialId: null}a2905edf-b9c1-421a-8807-b5d3e2a2f0d1{ip: 192.168.5.139, host: pr-hdds-1786-trunk-k6rzm-1803654198, networkLocation: /default-rack, certSerialId: null}, Type:RATIS, Factor:THREE, State:CLOSED]
org.apache.hadoop.hdds.scm.pipeline.PipelineNotFoundException: PipelineID=a949f866-3595-4f72-be7a-23e12dac9301 not found
	at org.apache.hadoop.hdds.scm.pipeline.PipelineStateMap.getPipeline(PipelineStateMap.java:132)
	at org.apache.hadoop.hdds.scm.pipeline.PipelineStateMap.removePipeline(PipelineStateMap.java:322)
	at org.apache.hadoop.hdds.scm.pipeline.PipelineStateManager.removePipeline(PipelineStateManager.java:107)
	at org.apache.hadoop.hdds.scm.pipeline.SCMPipelineManager.removePipeline(SCMPipelineManager.java:423)
	at org.apache.hadoop.hdds.scm.pipeline.SCMPipelineManager.destroyPipeline(SCMPipelineManager.java:409)
	at org.apache.hadoop.hdds.scm.pipeline.SCMPipelineManager.lambda$finalizeAndDestroyPipeline$0(SCMPipelineManager.java:318)
	at org.apache.hadoop.utils.Scheduler.lambda$schedule$1(Scheduler.java:68)
	at java.util.concurrent.Executors$RunnableAdapter.call(Executors.java:511)
	at java.util.concurrent.FutureTask.run(FutureTask.java:266)
	at java.util.concurrent.ScheduledThreadPoolExecutor$ScheduledFutureTask.access$201(ScheduledThreadPoolExecutor.java:180)
	at java.util.concurrent.ScheduledThreadPoolExecutor$ScheduledFutureTask.run(ScheduledThreadPoolExecutor.java:293)
	at java.util.concurrent.ThreadPoolExecutor.runWorker(ThreadPoolExecutor.java:1149)
	at java.util.concurrent.ThreadPoolExecutor$Worker.run(ThreadPoolExecutor.java:624)
	at java.lang.Thread.run(Thread.java:748)
2019-09-10 18:44:52,883 [java.util.concurrent.ThreadPoolExecutor$Worker@77688533[State = -1, empty queue]] WARN  server.GrpcLogAppender (GrpcLogAppender.java:timeoutAppendRequest(200)) - c2ec732c-be0e-46a5-a2ed-f7f9dc34e031@group-E9D835E888EB->6876bac9-11ad-40f6-880c-796bfc7745f2-GrpcLogAppender: appendEntries Timeout, request=c2ec732c-be0e-46a5-a2ed-f7f9dc34e031->6876bac9-11ad-40f6-880c-796bfc7745f2#186-t1, previous=(t:1, i:23), leaderCommit=17, initializing? false, entries: <empty>
2019-09-10 18:44:52,883 [java.util.concurrent.ThreadPoolExecutor$Worker@506b2520[State = -1, empty queue]] WARN  server.GrpcLogAppender (GrpcLogAppender.java:timeoutAppendRequest(200)) - c2ec732c-be0e-46a5-a2ed-f7f9dc34e031@group-E9D835E888EB->64e81ce6-88e4-4777-9780-87a208f38655-GrpcLogAppender: appendEntries Timeout, request=c2ec732c-be0e-46a5-a2ed-f7f9dc34e031->64e81ce6-88e4-4777-9780-87a208f38655#186-t1, previous=(t:1, i:23), leaderCommit=17, initializing? false, entries: <empty>
2019-09-10 18:44:54,199 [grpc-default-executor-0] INFO  impl.RaftServerProxy (RaftServerProxy.java:remove(95)) - 4d5e76d1-94b4-4344-b272-620ca499a368: remove group-23E12DAC9301:null
2019-09-10 18:44:54,200 [RatisPipelineUtilsThread] WARN  pipeline.RatisPipelineUtils (RatisPipelineUtils.java:destroyPipeline(66)) - Pipeline destroy failed for pipeline=PipelineID=a949f866-3595-4f72-be7a-23e12dac9301 dn=4d5e76d1-94b4-4344-b272-620ca499a368{ip: 192.168.5.139, host: pr-hdds-1786-trunk-k6rzm-1803654198, networkLocation: /default-rack, certSerialId: null}
2019-09-10 18:44:54,203 [grpc-default-executor-0] INFO  impl.RaftServerProxy (RaftServerProxy.java:remove(95)) - b72696e0-9c4e-4740-8bcd-ca4650f90538: remove group-23E12DAC9301:null
2019-09-10 18:44:54,204 [RatisPipelineUtilsThread] WARN  pipeline.RatisPipelineUtils (RatisPipelineUtils.java:destroyPipeline(66)) - Pipeline destroy failed for pipeline=PipelineID=a949f866-3595-4f72-be7a-23e12dac9301 dn=b72696e0-9c4e-4740-8bcd-ca4650f90538{ip: 192.168.5.139, host: pr-hdds-1786-trunk-k6rzm-1803654198, networkLocation: /default-rack, certSerialId: null}
2019-09-10 18:44:54,207 [grpc-default-executor-0] INFO  impl.RaftServerProxy (RaftServerProxy.java:remove(95)) - a2905edf-b9c1-421a-8807-b5d3e2a2f0d1: remove group-23E12DAC9301:null
2019-09-10 18:44:54,209 [RatisPipelineUtilsThread] WARN  pipeline.RatisPipelineUtils (RatisPipelineUtils.java:destroyPipeline(66)) - Pipeline destroy failed for pipeline=PipelineID=a949f866-3595-4f72-be7a-23e12dac9301 dn=a2905edf-b9c1-421a-8807-b5d3e2a2f0d1{ip: 192.168.5.139, host: pr-hdds-1786-trunk-k6rzm-1803654198, networkLocation: /default-rack, certSerialId: null}
2019-09-10 18:44:54,209 [RatisPipelineUtilsThread] ERROR pipeline.SCMPipelineManager (Scheduler.java:lambda$schedule$1(70)) - Destroy pipeline failed for pipeline:Pipeline[ Id: a949f866-3595-4f72-be7a-23e12dac9301, Nodes: 4d5e76d1-94b4-4344-b272-620ca499a368{ip: 192.168.5.139, host: pr-hdds-1786-trunk-k6rzm-1803654198, networkLocation: /default-rack, certSerialId: null}b72696e0-9c4e-4740-8bcd-ca4650f90538{ip: 192.168.5.139, host: pr-hdds-1786-trunk-k6rzm-1803654198, networkLocation: /default-rack, certSerialId: null}a2905edf-b9c1-421a-8807-b5d3e2a2f0d1{ip: 192.168.5.139, host: pr-hdds-1786-trunk-k6rzm-1803654198, networkLocation: /default-rack, certSerialId: null}, Type:RATIS, Factor:THREE, State:CLOSED]
org.apache.hadoop.hdds.scm.pipeline.PipelineNotFoundException: PipelineID=a949f866-3595-4f72-be7a-23e12dac9301 not found
	at org.apache.hadoop.hdds.scm.pipeline.PipelineStateMap.getPipeline(PipelineStateMap.java:132)
	at org.apache.hadoop.hdds.scm.pipeline.PipelineStateMap.removePipeline(PipelineStateMap.java:322)
	at org.apache.hadoop.hdds.scm.pipeline.PipelineStateManager.removePipeline(PipelineStateManager.java:107)
	at org.apache.hadoop.hdds.scm.pipeline.SCMPipelineManager.removePipeline(SCMPipelineManager.java:423)
	at org.apache.hadoop.hdds.scm.pipeline.SCMPipelineManager.destroyPipeline(SCMPipelineManager.java:409)
	at org.apache.hadoop.hdds.scm.pipeline.SCMPipelineManager.lambda$finalizeAndDestroyPipeline$0(SCMPipelineManager.java:318)
	at org.apache.hadoop.utils.Scheduler.lambda$schedule$1(Scheduler.java:68)
	at java.util.concurrent.Executors$RunnableAdapter.call(Executors.java:511)
	at java.util.concurrent.FutureTask.run(FutureTask.java:266)
	at java.util.concurrent.ScheduledThreadPoolExecutor$ScheduledFutureTask.access$201(ScheduledThreadPoolExecutor.java:180)
	at java.util.concurrent.ScheduledThreadPoolExecutor$ScheduledFutureTask.run(ScheduledThreadPoolExecutor.java:293)
	at java.util.concurrent.ThreadPoolExecutor.runWorker(ThreadPoolExecutor.java:1149)
	at java.util.concurrent.ThreadPoolExecutor$Worker.run(ThreadPoolExecutor.java:624)
	at java.lang.Thread.run(Thread.java:748)
2019-09-10 18:44:54,878 [64e81ce6-88e4-4777-9780-87a208f38655@group-E9D835E888EB-SegmentedRaftLogWorker] WARN  segmented.SegmentedRaftLogWorker (SegmentedRaftLogWorker.java:getFromFuture(90)) - Timeout 2/~
org.apache.ratis.protocol.TimeoutIOException: Timeout 10s: WriteLog:18: (t:1, i:18), STATEMACHINELOGENTRY, client-022477A8F022, cid=140-writeStateMachineData
	at org.apache.ratis.util.IOUtils.getFromFuture(IOUtils.java:87)
	at org.apache.ratis.server.raftlog.segmented.SegmentedRaftLogWorker$StateMachineDataPolicy.getFromFuture(SegmentedRaftLogWorker.java:87)
	at org.apache.ratis.server.raftlog.segmented.SegmentedRaftLogWorker$WriteLog.execute(SegmentedRaftLogWorker.java:477)
	at org.apache.ratis.server.raftlog.segmented.SegmentedRaftLogWorker.run(SegmentedRaftLogWorker.java:289)
	at java.lang.Thread.run(Thread.java:748)
Caused by: java.util.concurrent.TimeoutException
	at java.util.concurrent.CompletableFuture.timedGet(CompletableFuture.java:1771)
	at java.util.concurrent.CompletableFuture.get(CompletableFuture.java:1915)
	at org.apache.ratis.util.IOUtils.getFromFuture(IOUtils.java:79)
	... 4 more
2019-09-10 18:44:54,878 [6876bac9-11ad-40f6-880c-796bfc7745f2@group-E9D835E888EB-SegmentedRaftLogWorker] WARN  segmented.SegmentedRaftLogWorker (SegmentedRaftLogWorker.java:getFromFuture(90)) - Timeout 2/~
org.apache.ratis.protocol.TimeoutIOException: Timeout 10s: WriteLog:18: (t:1, i:18), STATEMACHINELOGENTRY, client-022477A8F022, cid=140-writeStateMachineData
	at org.apache.ratis.util.IOUtils.getFromFuture(IOUtils.java:87)
	at org.apache.ratis.server.raftlog.segmented.SegmentedRaftLogWorker$StateMachineDataPolicy.getFromFuture(SegmentedRaftLogWorker.java:87)
	at org.apache.ratis.server.raftlog.segmented.SegmentedRaftLogWorker$WriteLog.execute(SegmentedRaftLogWorker.java:477)
	at org.apache.ratis.server.raftlog.segmented.SegmentedRaftLogWorker.run(SegmentedRaftLogWorker.java:289)
	at java.lang.Thread.run(Thread.java:748)
Caused by: java.util.concurrent.TimeoutException
	at java.util.concurrent.CompletableFuture.timedGet(CompletableFuture.java:1771)
	at java.util.concurrent.CompletableFuture.get(CompletableFuture.java:1915)
	at org.apache.ratis.util.IOUtils.getFromFuture(IOUtils.java:79)
	... 4 more
2019-09-10 18:44:55,056 [c2ec732c-be0e-46a5-a2ed-f7f9dc34e031@group-E9D835E888EB-SegmentedRaftLogWorker] WARN  segmented.SegmentedRaftLogWorker (SegmentedRaftLogWorker.java:getFromFuture(90)) - Timeout 2/~
org.apache.ratis.protocol.TimeoutIOException: Timeout 10s: WriteLog:21: (t:1, i:21), STATEMACHINELOGENTRY, client-022477A8F022, cid=143-writeStateMachineData
	at org.apache.ratis.util.IOUtils.getFromFuture(IOUtils.java:87)
	at org.apache.ratis.server.raftlog.segmented.SegmentedRaftLogWorker$StateMachineDataPolicy.getFromFuture(SegmentedRaftLogWorker.java:87)
	at org.apache.ratis.server.raftlog.segmented.SegmentedRaftLogWorker$WriteLog.execute(SegmentedRaftLogWorker.java:477)
	at org.apache.ratis.server.raftlog.segmented.SegmentedRaftLogWorker.run(SegmentedRaftLogWorker.java:289)
	at java.lang.Thread.run(Thread.java:748)
Caused by: java.util.concurrent.TimeoutException
	at java.util.concurrent.CompletableFuture.timedGet(CompletableFuture.java:1771)
	at java.util.concurrent.CompletableFuture.get(CompletableFuture.java:1915)
	at org.apache.ratis.util.IOUtils.getFromFuture(IOUtils.java:79)
	... 4 more
2019-09-10 18:44:55,210 [grpc-default-executor-0] INFO  client.GrpcClientProtocolClient (GrpcClientProtocolClient.java:onNext(264)) - client-022477A8F022->64e81ce6-88e4-4777-9780-87a208f38655: receive RaftClientReply:client-022477A8F022->64e81ce6-88e4-4777-9780-87a208f38655@group-E9D835E888EB, cid=140, FAILED org.apache.ratis.protocol.NotLeaderException: Server 64e81ce6-88e4-4777-9780-87a208f38655@group-E9D835E888EB is not the leader c2ec732c-be0e-46a5-a2ed-f7f9dc34e031:192.168.5.139:45554, logIndex=0, commits[64e81ce6-88e4-4777-9780-87a208f38655:c17, c2ec732c-be0e-46a5-a2ed-f7f9dc34e031:c17, 6876bac9-11ad-40f6-880c-796bfc7745f2:c13]
2019-09-10 18:44:55,384 [java.util.concurrent.ThreadPoolExecutor$Worker@77688533[State = -1, empty queue]] WARN  server.GrpcLogAppender (GrpcLogAppender.java:timeoutAppendRequest(200)) - c2ec732c-be0e-46a5-a2ed-f7f9dc34e031@group-E9D835E888EB->6876bac9-11ad-40f6-880c-796bfc7745f2-GrpcLogAppender: appendEntries Timeout, request=c2ec732c-be0e-46a5-a2ed-f7f9dc34e031->6876bac9-11ad-40f6-880c-796bfc7745f2#187-t1, previous=(t:1, i:23), leaderCommit=17, initializing? false, entries: <empty>
2019-09-10 18:44:55,384 [java.util.concurrent.ThreadPoolExecutor$Worker@506b2520[State = -1, empty queue]] WARN  server.GrpcLogAppender (GrpcLogAppender.java:timeoutAppendRequest(200)) - c2ec732c-be0e-46a5-a2ed-f7f9dc34e031@group-E9D835E888EB->64e81ce6-88e4-4777-9780-87a208f38655-GrpcLogAppender: appendEntries Timeout, request=c2ec732c-be0e-46a5-a2ed-f7f9dc34e031->64e81ce6-88e4-4777-9780-87a208f38655#187-t1, previous=(t:1, i:23), leaderCommit=17, initializing? false, entries: <empty>
2019-09-10 18:44:57,189 [grpc-default-executor-0] INFO  impl.RaftServerProxy (RaftServerProxy.java:remove(95)) - 4d5e76d1-94b4-4344-b272-620ca499a368: remove group-23E12DAC9301:null
2019-09-10 18:44:57,193 [RatisPipelineUtilsThread] WARN  pipeline.RatisPipelineUtils (RatisPipelineUtils.java:destroyPipeline(66)) - Pipeline destroy failed for pipeline=PipelineID=a949f866-3595-4f72-be7a-23e12dac9301 dn=4d5e76d1-94b4-4344-b272-620ca499a368{ip: 192.168.5.139, host: pr-hdds-1786-trunk-k6rzm-1803654198, networkLocation: /default-rack, certSerialId: null}
2019-09-10 18:44:57,196 [grpc-default-executor-0] INFO  impl.RaftServerProxy (RaftServerProxy.java:remove(95)) - b72696e0-9c4e-4740-8bcd-ca4650f90538: remove group-23E12DAC9301:null
2019-09-10 18:44:57,198 [RatisPipelineUtilsThread] WARN  pipeline.RatisPipelineUtils (RatisPipelineUtils.java:destroyPipeline(66)) - Pipeline destroy failed for pipeline=PipelineID=a949f866-3595-4f72-be7a-23e12dac9301 dn=b72696e0-9c4e-4740-8bcd-ca4650f90538{ip: 192.168.5.139, host: pr-hdds-1786-trunk-k6rzm-1803654198, networkLocation: /default-rack, certSerialId: null}
2019-09-10 18:44:57,201 [grpc-default-executor-0] INFO  impl.RaftServerProxy (RaftServerProxy.java:remove(95)) - a2905edf-b9c1-421a-8807-b5d3e2a2f0d1: remove group-23E12DAC9301:null
2019-09-10 18:44:57,203 [RatisPipelineUtilsThread] WARN  pipeline.RatisPipelineUtils (RatisPipelineUtils.java:destroyPipeline(66)) - Pipeline destroy failed for pipeline=PipelineID=a949f866-3595-4f72-be7a-23e12dac9301 dn=a2905edf-b9c1-421a-8807-b5d3e2a2f0d1{ip: 192.168.5.139, host: pr-hdds-1786-trunk-k6rzm-1803654198, networkLocation: /default-rack, certSerialId: null}
2019-09-10 18:44:57,203 [RatisPipelineUtilsThread] ERROR pipeline.SCMPipelineManager (Scheduler.java:lambda$schedule$1(70)) - Destroy pipeline failed for pipeline:Pipeline[ Id: a949f866-3595-4f72-be7a-23e12dac9301, Nodes: 4d5e76d1-94b4-4344-b272-620ca499a368{ip: 192.168.5.139, host: pr-hdds-1786-trunk-k6rzm-1803654198, networkLocation: /default-rack, certSerialId: null}b72696e0-9c4e-4740-8bcd-ca4650f90538{ip: 192.168.5.139, host: pr-hdds-1786-trunk-k6rzm-1803654198, networkLocation: /default-rack, certSerialId: null}a2905edf-b9c1-421a-8807-b5d3e2a2f0d1{ip: 192.168.5.139, host: pr-hdds-1786-trunk-k6rzm-1803654198, networkLocation: /default-rack, certSerialId: null}, Type:RATIS, Factor:THREE, State:CLOSED]
org.apache.hadoop.hdds.scm.pipeline.PipelineNotFoundException: PipelineID=a949f866-3595-4f72-be7a-23e12dac9301 not found
	at org.apache.hadoop.hdds.scm.pipeline.PipelineStateMap.getPipeline(PipelineStateMap.java:132)
	at org.apache.hadoop.hdds.scm.pipeline.PipelineStateMap.removePipeline(PipelineStateMap.java:322)
	at org.apache.hadoop.hdds.scm.pipeline.PipelineStateManager.removePipeline(PipelineStateManager.java:107)
	at org.apache.hadoop.hdds.scm.pipeline.SCMPipelineManager.removePipeline(SCMPipelineManager.java:423)
	at org.apache.hadoop.hdds.scm.pipeline.SCMPipelineManager.destroyPipeline(SCMPipelineManager.java:409)
	at org.apache.hadoop.hdds.scm.pipeline.SCMPipelineManager.lambda$finalizeAndDestroyPipeline$0(SCMPipelineManager.java:318)
	at org.apache.hadoop.utils.Scheduler.lambda$schedule$1(Scheduler.java:68)
	at java.util.concurrent.Executors$RunnableAdapter.call(Executors.java:511)
	at java.util.concurrent.FutureTask.run(FutureTask.java:266)
	at java.util.concurrent.ScheduledThreadPoolExecutor$ScheduledFutureTask.access$201(ScheduledThreadPoolExecutor.java:180)
	at java.util.concurrent.ScheduledThreadPoolExecutor$ScheduledFutureTask.run(ScheduledThreadPoolExecutor.java:293)
	at java.util.concurrent.ThreadPoolExecutor.runWorker(ThreadPoolExecutor.java:1149)
	at java.util.concurrent.ThreadPoolExecutor$Worker.run(ThreadPoolExecutor.java:624)
	at java.lang.Thread.run(Thread.java:748)
2019-09-10 18:44:57,884 [java.util.concurrent.ThreadPoolExecutor$Worker@506b2520[State = -1, empty queue]] WARN  server.GrpcLogAppender (GrpcLogAppender.java:timeoutAppendRequest(200)) - c2ec732c-be0e-46a5-a2ed-f7f9dc34e031@group-E9D835E888EB->64e81ce6-88e4-4777-9780-87a208f38655-GrpcLogAppender: appendEntries Timeout, request=c2ec732c-be0e-46a5-a2ed-f7f9dc34e031->64e81ce6-88e4-4777-9780-87a208f38655#188-t1, previous=(t:1, i:23), leaderCommit=17, initializing? false, entries: <empty>
2019-09-10 18:44:57,884 [java.util.concurrent.ThreadPoolExecutor$Worker@77688533[State = -1, empty queue]] WARN  server.GrpcLogAppender (GrpcLogAppender.java:timeoutAppendRequest(200)) - c2ec732c-be0e-46a5-a2ed-f7f9dc34e031@group-E9D835E888EB->6876bac9-11ad-40f6-880c-796bfc7745f2-GrpcLogAppender: appendEntries Timeout, request=c2ec732c-be0e-46a5-a2ed-f7f9dc34e031->6876bac9-11ad-40f6-880c-796bfc7745f2#188-t1, previous=(t:1, i:23), leaderCommit=17, initializing? false, entries: <empty>
2019-09-10 18:44:59,193 [grpc-default-executor-4] INFO  impl.RaftServerProxy (RaftServerProxy.java:remove(95)) - 4d5e76d1-94b4-4344-b272-620ca499a368: remove group-23E12DAC9301:null
2019-09-10 18:44:59,198 [RatisPipelineUtilsThread] WARN  pipeline.RatisPipelineUtils (RatisPipelineUtils.java:destroyPipeline(66)) - Pipeline destroy failed for pipeline=PipelineID=a949f866-3595-4f72-be7a-23e12dac9301 dn=4d5e76d1-94b4-4344-b272-620ca499a368{ip: 192.168.5.139, host: pr-hdds-1786-trunk-k6rzm-1803654198, networkLocation: /default-rack, certSerialId: null}
2019-09-10 18:44:59,200 [grpc-default-executor-4] INFO  impl.RaftServerProxy (RaftServerProxy.java:remove(95)) - b72696e0-9c4e-4740-8bcd-ca4650f90538: remove group-23E12DAC9301:null
2019-09-10 18:44:59,202 [RatisPipelineUtilsThread] WARN  pipeline.RatisPipelineUtils (RatisPipelineUtils.java:destroyPipeline(66)) - Pipeline destroy failed for pipeline=PipelineID=a949f866-3595-4f72-be7a-23e12dac9301 dn=b72696e0-9c4e-4740-8bcd-ca4650f90538{ip: 192.168.5.139, host: pr-hdds-1786-trunk-k6rzm-1803654198, networkLocation: /default-rack, certSerialId: null}
2019-09-10 18:44:59,205 [grpc-default-executor-4] INFO  impl.RaftServerProxy (RaftServerProxy.java:remove(95)) - a2905edf-b9c1-421a-8807-b5d3e2a2f0d1: remove group-23E12DAC9301:null
2019-09-10 18:44:59,207 [RatisPipelineUtilsThread] WARN  pipeline.RatisPipelineUtils (RatisPipelineUtils.java:destroyPipeline(66)) - Pipeline destroy failed for pipeline=PipelineID=a949f866-3595-4f72-be7a-23e12dac9301 dn=a2905edf-b9c1-421a-8807-b5d3e2a2f0d1{ip: 192.168.5.139, host: pr-hdds-1786-trunk-k6rzm-1803654198, networkLocation: /default-rack, certSerialId: null}
2019-09-10 18:44:59,207 [RatisPipelineUtilsThread] ERROR pipeline.SCMPipelineManager (Scheduler.java:lambda$schedule$1(70)) - Destroy pipeline failed for pipeline:Pipeline[ Id: a949f866-3595-4f72-be7a-23e12dac9301, Nodes: 4d5e76d1-94b4-4344-b272-620ca499a368{ip: 192.168.5.139, host: pr-hdds-1786-trunk-k6rzm-1803654198, networkLocation: /default-rack, certSerialId: null}b72696e0-9c4e-4740-8bcd-ca4650f90538{ip: 192.168.5.139, host: pr-hdds-1786-trunk-k6rzm-1803654198, networkLocation: /default-rack, certSerialId: null}a2905edf-b9c1-421a-8807-b5d3e2a2f0d1{ip: 192.168.5.139, host: pr-hdds-1786-trunk-k6rzm-1803654198, networkLocation: /default-rack, certSerialId: null}, Type:RATIS, Factor:THREE, State:CLOSED]
org.apache.hadoop.hdds.scm.pipeline.PipelineNotFoundException: PipelineID=a949f866-3595-4f72-be7a-23e12dac9301 not found
	at org.apache.hadoop.hdds.scm.pipeline.PipelineStateMap.getPipeline(PipelineStateMap.java:132)
	at org.apache.hadoop.hdds.scm.pipeline.PipelineStateMap.removePipeline(PipelineStateMap.java:322)
	at org.apache.hadoop.hdds.scm.pipeline.PipelineStateManager.removePipeline(PipelineStateManager.java:107)
	at org.apache.hadoop.hdds.scm.pipeline.SCMPipelineManager.removePipeline(SCMPipelineManager.java:423)
	at org.apache.hadoop.hdds.scm.pipeline.SCMPipelineManager.destroyPipeline(SCMPipelineManager.java:409)
	at org.apache.hadoop.hdds.scm.pipeline.SCMPipelineManager.lambda$finalizeAndDestroyPipeline$0(SCMPipelineManager.java:318)
	at org.apache.hadoop.utils.Scheduler.lambda$schedule$1(Scheduler.java:68)
	at java.util.concurrent.Executors$RunnableAdapter.call(Executors.java:511)
	at java.util.concurrent.FutureTask.run(FutureTask.java:266)
	at java.util.concurrent.ScheduledThreadPoolExecutor$ScheduledFutureTask.access$201(ScheduledThreadPoolExecutor.java:180)
	at java.util.concurrent.ScheduledThreadPoolExecutor$ScheduledFutureTask.run(ScheduledThreadPoolExecutor.java:293)
	at java.util.concurrent.ThreadPoolExecutor.runWorker(ThreadPoolExecutor.java:1149)
	at java.util.concurrent.ThreadPoolExecutor$Worker.run(ThreadPoolExecutor.java:624)
	at java.lang.Thread.run(Thread.java:748)
2019-09-10 18:45:00,245 [grpc-default-executor-0] INFO  client.GrpcClientProtocolClient (GrpcClientProtocolClient.java:onNext(264)) - client-022477A8F022->64e81ce6-88e4-4777-9780-87a208f38655: receive RaftClientReply:client-022477A8F022->64e81ce6-88e4-4777-9780-87a208f38655@group-E9D835E888EB, cid=140, FAILED org.apache.ratis.protocol.NotLeaderException: Server 64e81ce6-88e4-4777-9780-87a208f38655@group-E9D835E888EB is not the leader c2ec732c-be0e-46a5-a2ed-f7f9dc34e031:192.168.5.139:45554, logIndex=0, commits[64e81ce6-88e4-4777-9780-87a208f38655:c17, c2ec732c-be0e-46a5-a2ed-f7f9dc34e031:c17, 6876bac9-11ad-40f6-880c-796bfc7745f2:c13]
2019-09-10 18:45:00,385 [java.util.concurrent.ThreadPoolExecutor$Worker@506b2520[State = -1, empty queue]] WARN  server.GrpcLogAppender (GrpcLogAppender.java:timeoutAppendRequest(200)) - c2ec732c-be0e-46a5-a2ed-f7f9dc34e031@group-E9D835E888EB->64e81ce6-88e4-4777-9780-87a208f38655-GrpcLogAppender: appendEntries Timeout, request=c2ec732c-be0e-46a5-a2ed-f7f9dc34e031->64e81ce6-88e4-4777-9780-87a208f38655#189-t1, previous=(t:1, i:23), leaderCommit=17, initializing? false, entries: <empty>
2019-09-10 18:45:00,385 [java.util.concurrent.ThreadPoolExecutor$Worker@77688533[State = -1, empty queue]] WARN  server.GrpcLogAppender (GrpcLogAppender.java:timeoutAppendRequest(200)) - c2ec732c-be0e-46a5-a2ed-f7f9dc34e031@group-E9D835E888EB->6876bac9-11ad-40f6-880c-796bfc7745f2-GrpcLogAppender: appendEntries Timeout, request=c2ec732c-be0e-46a5-a2ed-f7f9dc34e031->6876bac9-11ad-40f6-880c-796bfc7745f2#189-t1, previous=(t:1, i:23), leaderCommit=17, initializing? false, entries: <empty>
2019-09-10 18:45:02,194 [grpc-default-executor-2] INFO  impl.RaftServerProxy (RaftServerProxy.java:remove(95)) - 4d5e76d1-94b4-4344-b272-620ca499a368: remove group-23E12DAC9301:null
2019-09-10 18:45:02,199 [RatisPipelineUtilsThread] WARN  pipeline.RatisPipelineUtils (RatisPipelineUtils.java:destroyPipeline(66)) - Pipeline destroy failed for pipeline=PipelineID=a949f866-3595-4f72-be7a-23e12dac9301 dn=4d5e76d1-94b4-4344-b272-620ca499a368{ip: 192.168.5.139, host: pr-hdds-1786-trunk-k6rzm-1803654198, networkLocation: /default-rack, certSerialId: null}
2019-09-10 18:45:02,202 [grpc-default-executor-2] INFO  impl.RaftServerProxy (RaftServerProxy.java:remove(95)) - b72696e0-9c4e-4740-8bcd-ca4650f90538: remove group-23E12DAC9301:null
2019-09-10 18:45:02,204 [RatisPipelineUtilsThread] WARN  pipeline.RatisPipelineUtils (RatisPipelineUtils.java:destroyPipeline(66)) - Pipeline destroy failed for pipeline=PipelineID=a949f866-3595-4f72-be7a-23e12dac9301 dn=b72696e0-9c4e-4740-8bcd-ca4650f90538{ip: 192.168.5.139, host: pr-hdds-1786-trunk-k6rzm-1803654198, networkLocation: /default-rack, certSerialId: null}
2019-09-10 18:45:02,206 [grpc-default-executor-2] INFO  impl.RaftServerProxy (RaftServerProxy.java:remove(95)) - a2905edf-b9c1-421a-8807-b5d3e2a2f0d1: remove group-23E12DAC9301:null
2019-09-10 18:45:02,207 [RatisPipelineUtilsThread] WARN  pipeline.RatisPipelineUtils (RatisPipelineUtils.java:destroyPipeline(66)) - Pipeline destroy failed for pipeline=PipelineID=a949f866-3595-4f72-be7a-23e12dac9301 dn=a2905edf-b9c1-421a-8807-b5d3e2a2f0d1{ip: 192.168.5.139, host: pr-hdds-1786-trunk-k6rzm-1803654198, networkLocation: /default-rack, certSerialId: null}
2019-09-10 18:45:02,208 [RatisPipelineUtilsThread] ERROR pipeline.SCMPipelineManager (Scheduler.java:lambda$schedule$1(70)) - Destroy pipeline failed for pipeline:Pipeline[ Id: a949f866-3595-4f72-be7a-23e12dac9301, Nodes: 4d5e76d1-94b4-4344-b272-620ca499a368{ip: 192.168.5.139, host: pr-hdds-1786-trunk-k6rzm-1803654198, networkLocation: /default-rack, certSerialId: null}b72696e0-9c4e-4740-8bcd-ca4650f90538{ip: 192.168.5.139, host: pr-hdds-1786-trunk-k6rzm-1803654198, networkLocation: /default-rack, certSerialId: null}a2905edf-b9c1-421a-8807-b5d3e2a2f0d1{ip: 192.168.5.139, host: pr-hdds-1786-trunk-k6rzm-1803654198, networkLocation: /default-rack, certSerialId: null}, Type:RATIS, Factor:THREE, State:CLOSED]
org.apache.hadoop.hdds.scm.pipeline.PipelineNotFoundException: PipelineID=a949f866-3595-4f72-be7a-23e12dac9301 not found
	at org.apache.hadoop.hdds.scm.pipeline.PipelineStateMap.getPipeline(PipelineStateMap.java:132)
	at org.apache.hadoop.hdds.scm.pipeline.PipelineStateMap.removePipeline(PipelineStateMap.java:322)
	at org.apache.hadoop.hdds.scm.pipeline.PipelineStateManager.removePipeline(PipelineStateManager.java:107)
	at org.apache.hadoop.hdds.scm.pipeline.SCMPipelineManager.removePipeline(SCMPipelineManager.java:423)
	at org.apache.hadoop.hdds.scm.pipeline.SCMPipelineManager.destroyPipeline(SCMPipelineManager.java:409)
	at org.apache.hadoop.hdds.scm.pipeline.SCMPipelineManager.lambda$finalizeAndDestroyPipeline$0(SCMPipelineManager.java:318)
	at org.apache.hadoop.utils.Scheduler.lambda$schedule$1(Scheduler.java:68)
	at java.util.concurrent.Executors$RunnableAdapter.call(Executors.java:511)
	at java.util.concurrent.FutureTask.run(FutureTask.java:266)
	at java.util.concurrent.ScheduledThreadPoolExecutor$ScheduledFutureTask.access$201(ScheduledThreadPoolExecutor.java:180)
	at java.util.concurrent.ScheduledThreadPoolExecutor$ScheduledFutureTask.run(ScheduledThreadPoolExecutor.java:293)
	at java.util.concurrent.ThreadPoolExecutor.runWorker(ThreadPoolExecutor.java:1149)
	at java.util.concurrent.ThreadPoolExecutor$Worker.run(ThreadPoolExecutor.java:624)
	at java.lang.Thread.run(Thread.java:748)
2019-09-10 18:45:02,885 [java.util.concurrent.ThreadPoolExecutor$Worker@506b2520[State = -1, empty queue]] WARN  server.GrpcLogAppender (GrpcLogAppender.java:timeoutAppendRequest(200)) - c2ec732c-be0e-46a5-a2ed-f7f9dc34e031@group-E9D835E888EB->64e81ce6-88e4-4777-9780-87a208f38655-GrpcLogAppender: appendEntries Timeout, request=c2ec732c-be0e-46a5-a2ed-f7f9dc34e031->64e81ce6-88e4-4777-9780-87a208f38655#190-t1, previous=(t:1, i:23), leaderCommit=17, initializing? false, entries: <empty>
2019-09-10 18:45:02,885 [java.util.concurrent.ThreadPoolExecutor$Worker@77688533[State = -1, empty queue]] WARN  server.GrpcLogAppender (GrpcLogAppender.java:timeoutAppendRequest(200)) - c2ec732c-be0e-46a5-a2ed-f7f9dc34e031@group-E9D835E888EB->6876bac9-11ad-40f6-880c-796bfc7745f2-GrpcLogAppender: appendEntries Timeout, request=c2ec732c-be0e-46a5-a2ed-f7f9dc34e031->6876bac9-11ad-40f6-880c-796bfc7745f2#190-t1, previous=(t:1, i:23), leaderCommit=17, initializing? false, entries: <empty>
2019-09-10 18:45:04,195 [grpc-default-executor-0] INFO  impl.RaftServerProxy (RaftServerProxy.java:remove(95)) - 4d5e76d1-94b4-4344-b272-620ca499a368: remove group-23E12DAC9301:null
2019-09-10 18:45:04,199 [RatisPipelineUtilsThread] WARN  pipeline.RatisPipelineUtils (RatisPipelineUtils.java:destroyPipeline(66)) - Pipeline destroy failed for pipeline=PipelineID=a949f866-3595-4f72-be7a-23e12dac9301 dn=4d5e76d1-94b4-4344-b272-620ca499a368{ip: 192.168.5.139, host: pr-hdds-1786-trunk-k6rzm-1803654198, networkLocation: /default-rack, certSerialId: null}
2019-09-10 18:45:04,201 [grpc-default-executor-0] INFO  impl.RaftServerProxy (RaftServerProxy.java:remove(95)) - b72696e0-9c4e-4740-8bcd-ca4650f90538: remove group-23E12DAC9301:null
2019-09-10 18:45:04,202 [RatisPipelineUtilsThread] WARN  pipeline.RatisPipelineUtils (RatisPipelineUtils.java:destroyPipeline(66)) - Pipeline destroy failed for pipeline=PipelineID=a949f866-3595-4f72-be7a-23e12dac9301 dn=b72696e0-9c4e-4740-8bcd-ca4650f90538{ip: 192.168.5.139, host: pr-hdds-1786-trunk-k6rzm-1803654198, networkLocation: /default-rack, certSerialId: null}
2019-09-10 18:45:04,204 [grpc-default-executor-0] INFO  impl.RaftServerProxy (RaftServerProxy.java:remove(95)) - a2905edf-b9c1-421a-8807-b5d3e2a2f0d1: remove group-23E12DAC9301:null
2019-09-10 18:45:04,206 [RatisPipelineUtilsThread] WARN  pipeline.RatisPipelineUtils (RatisPipelineUtils.java:destroyPipeline(66)) - Pipeline destroy failed for pipeline=PipelineID=a949f866-3595-4f72-be7a-23e12dac9301 dn=a2905edf-b9c1-421a-8807-b5d3e2a2f0d1{ip: 192.168.5.139, host: pr-hdds-1786-trunk-k6rzm-1803654198, networkLocation: /default-rack, certSerialId: null}
2019-09-10 18:45:04,206 [RatisPipelineUtilsThread] ERROR pipeline.SCMPipelineManager (Scheduler.java:lambda$schedule$1(70)) - Destroy pipeline failed for pipeline:Pipeline[ Id: a949f866-3595-4f72-be7a-23e12dac9301, Nodes: 4d5e76d1-94b4-4344-b272-620ca499a368{ip: 192.168.5.139, host: pr-hdds-1786-trunk-k6rzm-1803654198, networkLocation: /default-rack, certSerialId: null}b72696e0-9c4e-4740-8bcd-ca4650f90538{ip: 192.168.5.139, host: pr-hdds-1786-trunk-k6rzm-1803654198, networkLocation: /default-rack, certSerialId: null}a2905edf-b9c1-421a-8807-b5d3e2a2f0d1{ip: 192.168.5.139, host: pr-hdds-1786-trunk-k6rzm-1803654198, networkLocation: /default-rack, certSerialId: null}, Type:RATIS, Factor:THREE, State:CLOSED]
org.apache.hadoop.hdds.scm.pipeline.PipelineNotFoundException: PipelineID=a949f866-3595-4f72-be7a-23e12dac9301 not found
	at org.apache.hadoop.hdds.scm.pipeline.PipelineStateMap.getPipeline(PipelineStateMap.java:132)
	at org.apache.hadoop.hdds.scm.pipeline.PipelineStateMap.removePipeline(PipelineStateMap.java:322)
	at org.apache.hadoop.hdds.scm.pipeline.PipelineStateManager.removePipeline(PipelineStateManager.java:107)
	at org.apache.hadoop.hdds.scm.pipeline.SCMPipelineManager.removePipeline(SCMPipelineManager.java:423)
	at org.apache.hadoop.hdds.scm.pipeline.SCMPipelineManager.destroyPipeline(SCMPipelineManager.java:409)
	at org.apache.hadoop.hdds.scm.pipeline.SCMPipelineManager.lambda$finalizeAndDestroyPipeline$0(SCMPipelineManager.java:318)
	at org.apache.hadoop.utils.Scheduler.lambda$schedule$1(Scheduler.java:68)
	at java.util.concurrent.Executors$RunnableAdapter.call(Executors.java:511)
	at java.util.concurrent.FutureTask.run(FutureTask.java:266)
	at java.util.concurrent.ScheduledThreadPoolExecutor$ScheduledFutureTask.access$201(ScheduledThreadPoolExecutor.java:180)
	at java.util.concurrent.ScheduledThreadPoolExecutor$ScheduledFutureTask.run(ScheduledThreadPoolExecutor.java:293)
	at java.util.concurrent.ThreadPoolExecutor.runWorker(ThreadPoolExecutor.java:1149)
	at java.util.concurrent.ThreadPoolExecutor$Worker.run(ThreadPoolExecutor.java:624)
	at java.lang.Thread.run(Thread.java:748)
2019-09-10 18:45:04,879 [64e81ce6-88e4-4777-9780-87a208f38655@group-E9D835E888EB-SegmentedRaftLogWorker] WARN  segmented.SegmentedRaftLogWorker (SegmentedRaftLogWorker.java:getFromFuture(90)) - Timeout 3/~
org.apache.ratis.protocol.TimeoutIOException: Timeout 10s: WriteLog:18: (t:1, i:18), STATEMACHINELOGENTRY, client-022477A8F022, cid=140-writeStateMachineData
	at org.apache.ratis.util.IOUtils.getFromFuture(IOUtils.java:87)
	at org.apache.ratis.server.raftlog.segmented.SegmentedRaftLogWorker$StateMachineDataPolicy.getFromFuture(SegmentedRaftLogWorker.java:87)
	at org.apache.ratis.server.raftlog.segmented.SegmentedRaftLogWorker$WriteLog.execute(SegmentedRaftLogWorker.java:477)
	at org.apache.ratis.server.raftlog.segmented.SegmentedRaftLogWorker.run(SegmentedRaftLogWorker.java:289)
	at java.lang.Thread.run(Thread.java:748)
Caused by: java.util.concurrent.TimeoutException
	at java.util.concurrent.CompletableFuture.timedGet(CompletableFuture.java:1771)
	at java.util.concurrent.CompletableFuture.get(CompletableFuture.java:1915)
	at org.apache.ratis.util.IOUtils.getFromFuture(IOUtils.java:79)
	... 4 more
2019-09-10 18:45:04,880 [6876bac9-11ad-40f6-880c-796bfc7745f2@group-E9D835E888EB-SegmentedRaftLogWorker] WARN  segmented.SegmentedRaftLogWorker (SegmentedRaftLogWorker.java:getFromFuture(90)) - Timeout 3/~
org.apache.ratis.protocol.TimeoutIOException: Timeout 10s: WriteLog:18: (t:1, i:18), STATEMACHINELOGENTRY, client-022477A8F022, cid=140-writeStateMachineData
	at org.apache.ratis.util.IOUtils.getFromFuture(IOUtils.java:87)
	at org.apache.ratis.server.raftlog.segmented.SegmentedRaftLogWorker$StateMachineDataPolicy.getFromFuture(SegmentedRaftLogWorker.java:87)
	at org.apache.ratis.server.raftlog.segmented.SegmentedRaftLogWorker$WriteLog.execute(SegmentedRaftLogWorker.java:477)
	at org.apache.ratis.server.raftlog.segmented.SegmentedRaftLogWorker.run(SegmentedRaftLogWorker.java:289)
	at java.lang.Thread.run(Thread.java:748)
Caused by: java.util.concurrent.TimeoutException
	at java.util.concurrent.CompletableFuture.timedGet(CompletableFuture.java:1771)
	at java.util.concurrent.CompletableFuture.get(CompletableFuture.java:1915)
	at org.apache.ratis.util.IOUtils.getFromFuture(IOUtils.java:79)
	... 4 more
2019-09-10 18:45:05,057 [c2ec732c-be0e-46a5-a2ed-f7f9dc34e031@group-E9D835E888EB-SegmentedRaftLogWorker] WARN  segmented.SegmentedRaftLogWorker (SegmentedRaftLogWorker.java:getFromFuture(90)) - Timeout 3/~
org.apache.ratis.protocol.TimeoutIOException: Timeout 10s: WriteLog:21: (t:1, i:21), STATEMACHINELOGENTRY, client-022477A8F022, cid=143-writeStateMachineData
	at org.apache.ratis.util.IOUtils.getFromFuture(IOUtils.java:87)
	at org.apache.ratis.server.raftlog.segmented.SegmentedRaftLogWorker$StateMachineDataPolicy.getFromFuture(SegmentedRaftLogWorker.java:87)
	at org.apache.ratis.server.raftlog.segmented.SegmentedRaftLogWorker$WriteLog.execute(SegmentedRaftLogWorker.java:477)
	at org.apache.ratis.server.raftlog.segmented.SegmentedRaftLogWorker.run(SegmentedRaftLogWorker.java:289)
	at java.lang.Thread.run(Thread.java:748)
Caused by: java.util.concurrent.TimeoutException
	at java.util.concurrent.CompletableFuture.timedGet(CompletableFuture.java:1771)
	at java.util.concurrent.CompletableFuture.get(CompletableFuture.java:1915)
	at org.apache.ratis.util.IOUtils.getFromFuture(IOUtils.java:79)
	... 4 more
2019-09-10 18:45:05,275 [grpc-default-executor-2] INFO  client.GrpcClientProtocolClient (GrpcClientProtocolClient.java:onNext(264)) - client-022477A8F022->64e81ce6-88e4-4777-9780-87a208f38655: receive RaftClientReply:client-022477A8F022->64e81ce6-88e4-4777-9780-87a208f38655@group-E9D835E888EB, cid=140, FAILED org.apache.ratis.protocol.NotLeaderException: Server 64e81ce6-88e4-4777-9780-87a208f38655@group-E9D835E888EB is not the leader c2ec732c-be0e-46a5-a2ed-f7f9dc34e031:192.168.5.139:45554, logIndex=0, commits[64e81ce6-88e4-4777-9780-87a208f38655:c17, c2ec732c-be0e-46a5-a2ed-f7f9dc34e031:c17, 6876bac9-11ad-40f6-880c-796bfc7745f2:c13]
2019-09-10 18:45:05,385 [java.util.concurrent.ThreadPoolExecutor$Worker@506b2520[State = -1, empty queue]] WARN  server.GrpcLogAppender (GrpcLogAppender.java:timeoutAppendRequest(200)) - c2ec732c-be0e-46a5-a2ed-f7f9dc34e031@group-E9D835E888EB->64e81ce6-88e4-4777-9780-87a208f38655-GrpcLogAppender: appendEntries Timeout, request=c2ec732c-be0e-46a5-a2ed-f7f9dc34e031->64e81ce6-88e4-4777-9780-87a208f38655#191-t1, previous=(t:1, i:23), leaderCommit=17, initializing? false, entries: <empty>
2019-09-10 18:45:05,385 [java.util.concurrent.ThreadPoolExecutor$Worker@77688533[State = -1, empty queue]] WARN  server.GrpcLogAppender (GrpcLogAppender.java:timeoutAppendRequest(200)) - c2ec732c-be0e-46a5-a2ed-f7f9dc34e031@group-E9D835E888EB->6876bac9-11ad-40f6-880c-796bfc7745f2-GrpcLogAppender: appendEntries Timeout, request=c2ec732c-be0e-46a5-a2ed-f7f9dc34e031->6876bac9-11ad-40f6-880c-796bfc7745f2#191-t1, previous=(t:1, i:23), leaderCommit=17, initializing? false, entries: <empty>
2019-09-10 18:45:07,193 [grpc-default-executor-4] INFO  impl.RaftServerProxy (RaftServerProxy.java:remove(95)) - 4d5e76d1-94b4-4344-b272-620ca499a368: remove group-23E12DAC9301:null
2019-09-10 18:45:07,197 [RatisPipelineUtilsThread] WARN  pipeline.RatisPipelineUtils (RatisPipelineUtils.java:destroyPipeline(66)) - Pipeline destroy failed for pipeline=PipelineID=a949f866-3595-4f72-be7a-23e12dac9301 dn=4d5e76d1-94b4-4344-b272-620ca499a368{ip: 192.168.5.139, host: pr-hdds-1786-trunk-k6rzm-1803654198, networkLocation: /default-rack, certSerialId: null}
2019-09-10 18:45:07,200 [grpc-default-executor-4] INFO  impl.RaftServerProxy (RaftServerProxy.java:remove(95)) - b72696e0-9c4e-4740-8bcd-ca4650f90538: remove group-23E12DAC9301:null
2019-09-10 18:45:07,202 [RatisPipelineUtilsThread] WARN  pipeline.RatisPipelineUtils (RatisPipelineUtils.java:destroyPipeline(66)) - Pipeline destroy failed for pipeline=PipelineID=a949f866-3595-4f72-be7a-23e12dac9301 dn=b72696e0-9c4e-4740-8bcd-ca4650f90538{ip: 192.168.5.139, host: pr-hdds-1786-trunk-k6rzm-1803654198, networkLocation: /default-rack, certSerialId: null}
2019-09-10 18:45:07,204 [grpc-default-executor-4] INFO  impl.RaftServerProxy (RaftServerProxy.java:remove(95)) - a2905edf-b9c1-421a-8807-b5d3e2a2f0d1: remove group-23E12DAC9301:null
2019-09-10 18:45:07,206 [RatisPipelineUtilsThread] WARN  pipeline.RatisPipelineUtils (RatisPipelineUtils.java:destroyPipeline(66)) - Pipeline destroy failed for pipeline=PipelineID=a949f866-3595-4f72-be7a-23e12dac9301 dn=a2905edf-b9c1-421a-8807-b5d3e2a2f0d1{ip: 192.168.5.139, host: pr-hdds-1786-trunk-k6rzm-1803654198, networkLocation: /default-rack, certSerialId: null}
2019-09-10 18:45:07,207 [RatisPipelineUtilsThread] ERROR pipeline.SCMPipelineManager (Scheduler.java:lambda$schedule$1(70)) - Destroy pipeline failed for pipeline:Pipeline[ Id: a949f866-3595-4f72-be7a-23e12dac9301, Nodes: 4d5e76d1-94b4-4344-b272-620ca499a368{ip: 192.168.5.139, host: pr-hdds-1786-trunk-k6rzm-1803654198, networkLocation: /default-rack, certSerialId: null}b72696e0-9c4e-4740-8bcd-ca4650f90538{ip: 192.168.5.139, host: pr-hdds-1786-trunk-k6rzm-1803654198, networkLocation: /default-rack, certSerialId: null}a2905edf-b9c1-421a-8807-b5d3e2a2f0d1{ip: 192.168.5.139, host: pr-hdds-1786-trunk-k6rzm-1803654198, networkLocation: /default-rack, certSerialId: null}, Type:RATIS, Factor:THREE, State:CLOSED]
org.apache.hadoop.hdds.scm.pipeline.PipelineNotFoundException: PipelineID=a949f866-3595-4f72-be7a-23e12dac9301 not found
	at org.apache.hadoop.hdds.scm.pipeline.PipelineStateMap.getPipeline(PipelineStateMap.java:132)
	at org.apache.hadoop.hdds.scm.pipeline.PipelineStateMap.removePipeline(PipelineStateMap.java:322)
	at org.apache.hadoop.hdds.scm.pipeline.PipelineStateManager.removePipeline(PipelineStateManager.java:107)
	at org.apache.hadoop.hdds.scm.pipeline.SCMPipelineManager.removePipeline(SCMPipelineManager.java:423)
	at org.apache.hadoop.hdds.scm.pipeline.SCMPipelineManager.destroyPipeline(SCMPipelineManager.java:409)
	at org.apache.hadoop.hdds.scm.pipeline.SCMPipelineManager.lambda$finalizeAndDestroyPipeline$0(SCMPipelineManager.java:318)
	at org.apache.hadoop.utils.Scheduler.lambda$schedule$1(Scheduler.java:68)
	at java.util.concurrent.Executors$RunnableAdapter.call(Executors.java:511)
	at java.util.concurrent.FutureTask.run(FutureTask.java:266)
	at java.util.concurrent.ScheduledThreadPoolExecutor$ScheduledFutureTask.access$201(ScheduledThreadPoolExecutor.java:180)
	at java.util.concurrent.ScheduledThreadPoolExecutor$ScheduledFutureTask.run(ScheduledThreadPoolExecutor.java:293)
	at java.util.concurrent.ThreadPoolExecutor.runWorker(ThreadPoolExecutor.java:1149)
	at java.util.concurrent.ThreadPoolExecutor$Worker.run(ThreadPoolExecutor.java:624)
	at java.lang.Thread.run(Thread.java:748)
2019-09-10 18:45:07,886 [java.util.concurrent.ThreadPoolExecutor$Worker@506b2520[State = -1, empty queue]] WARN  server.GrpcLogAppender (GrpcLogAppender.java:timeoutAppendRequest(200)) - c2ec732c-be0e-46a5-a2ed-f7f9dc34e031@group-E9D835E888EB->64e81ce6-88e4-4777-9780-87a208f38655-GrpcLogAppender: appendEntries Timeout, request=c2ec732c-be0e-46a5-a2ed-f7f9dc34e031->64e81ce6-88e4-4777-9780-87a208f38655#192-t1, previous=(t:1, i:23), leaderCommit=17, initializing? false, entries: <empty>
2019-09-10 18:45:07,886 [java.util.concurrent.ThreadPoolExecutor$Worker@77688533[State = -1, empty queue]] WARN  server.GrpcLogAppender (GrpcLogAppender.java:timeoutAppendRequest(200)) - c2ec732c-be0e-46a5-a2ed-f7f9dc34e031@group-E9D835E888EB->6876bac9-11ad-40f6-880c-796bfc7745f2-GrpcLogAppender: appendEntries Timeout, request=c2ec732c-be0e-46a5-a2ed-f7f9dc34e031->6876bac9-11ad-40f6-880c-796bfc7745f2#192-t1, previous=(t:1, i:23), leaderCommit=17, initializing? false, entries: <empty>
2019-09-10 18:45:09,198 [grpc-default-executor-4] INFO  impl.RaftServerProxy (RaftServerProxy.java:remove(95)) - 4d5e76d1-94b4-4344-b272-620ca499a368: remove group-23E12DAC9301:null
2019-09-10 18:45:09,203 [RatisPipelineUtilsThread] WARN  pipeline.RatisPipelineUtils (RatisPipelineUtils.java:destroyPipeline(66)) - Pipeline destroy failed for pipeline=PipelineID=a949f866-3595-4f72-be7a-23e12dac9301 dn=4d5e76d1-94b4-4344-b272-620ca499a368{ip: 192.168.5.139, host: pr-hdds-1786-trunk-k6rzm-1803654198, networkLocation: /default-rack, certSerialId: null}
2019-09-10 18:45:09,206 [grpc-default-executor-4] INFO  impl.RaftServerProxy (RaftServerProxy.java:remove(95)) - b72696e0-9c4e-4740-8bcd-ca4650f90538: remove group-23E12DAC9301:null
2019-09-10 18:45:09,208 [RatisPipelineUtilsThread] WARN  pipeline.RatisPipelineUtils (RatisPipelineUtils.java:destroyPipeline(66)) - Pipeline destroy failed for pipeline=PipelineID=a949f866-3595-4f72-be7a-23e12dac9301 dn=b72696e0-9c4e-4740-8bcd-ca4650f90538{ip: 192.168.5.139, host: pr-hdds-1786-trunk-k6rzm-1803654198, networkLocation: /default-rack, certSerialId: null}
2019-09-10 18:45:09,211 [grpc-default-executor-4] INFO  impl.RaftServerProxy (RaftServerProxy.java:remove(95)) - a2905edf-b9c1-421a-8807-b5d3e2a2f0d1: remove group-23E12DAC9301:null
2019-09-10 18:45:09,213 [RatisPipelineUtilsThread] WARN  pipeline.RatisPipelineUtils (RatisPipelineUtils.java:destroyPipeline(66)) - Pipeline destroy failed for pipeline=PipelineID=a949f866-3595-4f72-be7a-23e12dac9301 dn=a2905edf-b9c1-421a-8807-b5d3e2a2f0d1{ip: 192.168.5.139, host: pr-hdds-1786-trunk-k6rzm-1803654198, networkLocation: /default-rack, certSerialId: null}
2019-09-10 18:45:09,213 [RatisPipelineUtilsThread] ERROR pipeline.SCMPipelineManager (Scheduler.java:lambda$schedule$1(70)) - Destroy pipeline failed for pipeline:Pipeline[ Id: a949f866-3595-4f72-be7a-23e12dac9301, Nodes: 4d5e76d1-94b4-4344-b272-620ca499a368{ip: 192.168.5.139, host: pr-hdds-1786-trunk-k6rzm-1803654198, networkLocation: /default-rack, certSerialId: null}b72696e0-9c4e-4740-8bcd-ca4650f90538{ip: 192.168.5.139, host: pr-hdds-1786-trunk-k6rzm-1803654198, networkLocation: /default-rack, certSerialId: null}a2905edf-b9c1-421a-8807-b5d3e2a2f0d1{ip: 192.168.5.139, host: pr-hdds-1786-trunk-k6rzm-1803654198, networkLocation: /default-rack, certSerialId: null}, Type:RATIS, Factor:THREE, State:CLOSED]
org.apache.hadoop.hdds.scm.pipeline.PipelineNotFoundException: PipelineID=a949f866-3595-4f72-be7a-23e12dac9301 not found
	at org.apache.hadoop.hdds.scm.pipeline.PipelineStateMap.getPipeline(PipelineStateMap.java:132)
	at org.apache.hadoop.hdds.scm.pipeline.PipelineStateMap.removePipeline(PipelineStateMap.java:322)
	at org.apache.hadoop.hdds.scm.pipeline.PipelineStateManager.removePipeline(PipelineStateManager.java:107)
	at org.apache.hadoop.hdds.scm.pipeline.SCMPipelineManager.removePipeline(SCMPipelineManager.java:423)
	at org.apache.hadoop.hdds.scm.pipeline.SCMPipelineManager.destroyPipeline(SCMPipelineManager.java:409)
	at org.apache.hadoop.hdds.scm.pipeline.SCMPipelineManager.lambda$finalizeAndDestroyPipeline$0(SCMPipelineManager.java:318)
	at org.apache.hadoop.utils.Scheduler.lambda$schedule$1(Scheduler.java:68)
	at java.util.concurrent.Executors$RunnableAdapter.call(Executors.java:511)
	at java.util.concurrent.FutureTask.run(FutureTask.java:266)
	at java.util.concurrent.ScheduledThreadPoolExecutor$ScheduledFutureTask.access$201(ScheduledThreadPoolExecutor.java:180)
	at java.util.concurrent.ScheduledThreadPoolExecutor$ScheduledFutureTask.run(ScheduledThreadPoolExecutor.java:293)
	at java.util.concurrent.ThreadPoolExecutor.runWorker(ThreadPoolExecutor.java:1149)
	at java.util.concurrent.ThreadPoolExecutor$Worker.run(ThreadPoolExecutor.java:624)
	at java.lang.Thread.run(Thread.java:748)
2019-09-10 18:45:10,320 [grpc-default-executor-2] INFO  client.GrpcClientProtocolClient (GrpcClientProtocolClient.java:onNext(264)) - client-022477A8F022->6876bac9-11ad-40f6-880c-796bfc7745f2: receive RaftClientReply:client-022477A8F022->6876bac9-11ad-40f6-880c-796bfc7745f2@group-E9D835E888EB, cid=140, FAILED org.apache.ratis.protocol.NotLeaderException: Server 6876bac9-11ad-40f6-880c-796bfc7745f2@group-E9D835E888EB is not the leader c2ec732c-be0e-46a5-a2ed-f7f9dc34e031:192.168.5.139:45554, logIndex=0, commits[6876bac9-11ad-40f6-880c-796bfc7745f2:c17, c2ec732c-be0e-46a5-a2ed-f7f9dc34e031:c17, 64e81ce6-88e4-4777-9780-87a208f38655:c13]
2019-09-10 18:45:10,387 [java.util.concurrent.ThreadPoolExecutor$Worker@506b2520[State = -1, empty queue]] WARN  server.GrpcLogAppender (GrpcLogAppender.java:timeoutAppendRequest(200)) - c2ec732c-be0e-46a5-a2ed-f7f9dc34e031@group-E9D835E888EB->64e81ce6-88e4-4777-9780-87a208f38655-GrpcLogAppender: appendEntries Timeout, request=c2ec732c-be0e-46a5-a2ed-f7f9dc34e031->64e81ce6-88e4-4777-9780-87a208f38655#193-t1, previous=(t:1, i:23), leaderCommit=17, initializing? false, entries: <empty>
2019-09-10 18:45:10,387 [java.util.concurrent.ThreadPoolExecutor$Worker@77688533[State = -1, empty queue]] WARN  server.GrpcLogAppender (GrpcLogAppender.java:timeoutAppendRequest(200)) - c2ec732c-be0e-46a5-a2ed-f7f9dc34e031@group-E9D835E888EB->6876bac9-11ad-40f6-880c-796bfc7745f2-GrpcLogAppender: appendEntries Timeout, request=c2ec732c-be0e-46a5-a2ed-f7f9dc34e031->6876bac9-11ad-40f6-880c-796bfc7745f2#193-t1, previous=(t:1, i:23), leaderCommit=17, initializing? false, entries: <empty>
2019-09-10 18:45:12,190 [grpc-default-executor-4] INFO  impl.RaftServerProxy (RaftServerProxy.java:remove(95)) - 4d5e76d1-94b4-4344-b272-620ca499a368: remove group-23E12DAC9301:null
2019-09-10 18:45:12,192 [RatisPipelineUtilsThread] WARN  pipeline.RatisPipelineUtils (RatisPipelineUtils.java:destroyPipeline(66)) - Pipeline destroy failed for pipeline=PipelineID=a949f866-3595-4f72-be7a-23e12dac9301 dn=4d5e76d1-94b4-4344-b272-620ca499a368{ip: 192.168.5.139, host: pr-hdds-1786-trunk-k6rzm-1803654198, networkLocation: /default-rack, certSerialId: null}
2019-09-10 18:45:12,195 [grpc-default-executor-4] INFO  impl.RaftServerProxy (RaftServerProxy.java:remove(95)) - b72696e0-9c4e-4740-8bcd-ca4650f90538: remove group-23E12DAC9301:null
2019-09-10 18:45:12,197 [RatisPipelineUtilsThread] WARN  pipeline.RatisPipelineUtils (RatisPipelineUtils.java:destroyPipeline(66)) - Pipeline destroy failed for pipeline=PipelineID=a949f866-3595-4f72-be7a-23e12dac9301 dn=b72696e0-9c4e-4740-8bcd-ca4650f90538{ip: 192.168.5.139, host: pr-hdds-1786-trunk-k6rzm-1803654198, networkLocation: /default-rack, certSerialId: null}
2019-09-10 18:45:12,200 [grpc-default-executor-4] INFO  impl.RaftServerProxy (RaftServerProxy.java:remove(95)) - a2905edf-b9c1-421a-8807-b5d3e2a2f0d1: remove group-23E12DAC9301:null
2019-09-10 18:45:12,202 [RatisPipelineUtilsThread] WARN  pipeline.RatisPipelineUtils (RatisPipelineUtils.java:destroyPipeline(66)) - Pipeline destroy failed for pipeline=PipelineID=a949f866-3595-4f72-be7a-23e12dac9301 dn=a2905edf-b9c1-421a-8807-b5d3e2a2f0d1{ip: 192.168.5.139, host: pr-hdds-1786-trunk-k6rzm-1803654198, networkLocation: /default-rack, certSerialId: null}
2019-09-10 18:45:12,202 [RatisPipelineUtilsThread] ERROR pipeline.SCMPipelineManager (Scheduler.java:lambda$schedule$1(70)) - Destroy pipeline failed for pipeline:Pipeline[ Id: a949f866-3595-4f72-be7a-23e12dac9301, Nodes: 4d5e76d1-94b4-4344-b272-620ca499a368{ip: 192.168.5.139, host: pr-hdds-1786-trunk-k6rzm-1803654198, networkLocation: /default-rack, certSerialId: null}b72696e0-9c4e-4740-8bcd-ca4650f90538{ip: 192.168.5.139, host: pr-hdds-1786-trunk-k6rzm-1803654198, networkLocation: /default-rack, certSerialId: null}a2905edf-b9c1-421a-8807-b5d3e2a2f0d1{ip: 192.168.5.139, host: pr-hdds-1786-trunk-k6rzm-1803654198, networkLocation: /default-rack, certSerialId: null}, Type:RATIS, Factor:THREE, State:CLOSED]
org.apache.hadoop.hdds.scm.pipeline.PipelineNotFoundException: PipelineID=a949f866-3595-4f72-be7a-23e12dac9301 not found
	at org.apache.hadoop.hdds.scm.pipeline.PipelineStateMap.getPipeline(PipelineStateMap.java:132)
	at org.apache.hadoop.hdds.scm.pipeline.PipelineStateMap.removePipeline(PipelineStateMap.java:322)
	at org.apache.hadoop.hdds.scm.pipeline.PipelineStateManager.removePipeline(PipelineStateManager.java:107)
	at org.apache.hadoop.hdds.scm.pipeline.SCMPipelineManager.removePipeline(SCMPipelineManager.java:423)
	at org.apache.hadoop.hdds.scm.pipeline.SCMPipelineManager.destroyPipeline(SCMPipelineManager.java:409)
	at org.apache.hadoop.hdds.scm.pipeline.SCMPipelineManager.lambda$finalizeAndDestroyPipeline$0(SCMPipelineManager.java:318)
	at org.apache.hadoop.utils.Scheduler.lambda$schedule$1(Scheduler.java:68)
	at java.util.concurrent.Executors$RunnableAdapter.call(Executors.java:511)
	at java.util.concurrent.FutureTask.run(FutureTask.java:266)
	at java.util.concurrent.ScheduledThreadPoolExecutor$ScheduledFutureTask.access$201(ScheduledThreadPoolExecutor.java:180)
	at java.util.concurrent.ScheduledThreadPoolExecutor$ScheduledFutureTask.run(ScheduledThreadPoolExecutor.java:293)
	at java.util.concurrent.ThreadPoolExecutor.runWorker(ThreadPoolExecutor.java:1149)
	at java.util.concurrent.ThreadPoolExecutor$Worker.run(ThreadPoolExecutor.java:624)
	at java.lang.Thread.run(Thread.java:748)
2019-09-10 18:45:12,887 [java.util.concurrent.ThreadPoolExecutor$Worker@77688533[State = -1, empty queue]] WARN  server.GrpcLogAppender (GrpcLogAppender.java:timeoutAppendRequest(200)) - c2ec732c-be0e-46a5-a2ed-f7f9dc34e031@group-E9D835E888EB->6876bac9-11ad-40f6-880c-796bfc7745f2-GrpcLogAppender: appendEntries Timeout, request=c2ec732c-be0e-46a5-a2ed-f7f9dc34e031->6876bac9-11ad-40f6-880c-796bfc7745f2#194-t1, previous=(t:1, i:23), leaderCommit=17, initializing? false, entries: <empty>
2019-09-10 18:45:12,887 [java.util.concurrent.ThreadPoolExecutor$Worker@506b2520[State = -1, empty queue]] WARN  server.GrpcLogAppender (GrpcLogAppender.java:timeoutAppendRequest(200)) - c2ec732c-be0e-46a5-a2ed-f7f9dc34e031@group-E9D835E888EB->64e81ce6-88e4-4777-9780-87a208f38655-GrpcLogAppender: appendEntries Timeout, request=c2ec732c-be0e-46a5-a2ed-f7f9dc34e031->64e81ce6-88e4-4777-9780-87a208f38655#194-t1, previous=(t:1, i:23), leaderCommit=17, initializing? false, entries: <empty>
2019-09-10 18:45:14,191 [grpc-default-executor-2] INFO  impl.RaftServerProxy (RaftServerProxy.java:remove(95)) - 4d5e76d1-94b4-4344-b272-620ca499a368: remove group-23E12DAC9301:null
2019-09-10 18:45:14,194 [RatisPipelineUtilsThread] WARN  pipeline.RatisPipelineUtils (RatisPipelineUtils.java:destroyPipeline(66)) - Pipeline destroy failed for pipeline=PipelineID=a949f866-3595-4f72-be7a-23e12dac9301 dn=4d5e76d1-94b4-4344-b272-620ca499a368{ip: 192.168.5.139, host: pr-hdds-1786-trunk-k6rzm-1803654198, networkLocation: /default-rack, certSerialId: null}
2019-09-10 18:45:14,196 [grpc-default-executor-2] INFO  impl.RaftServerProxy (RaftServerProxy.java:remove(95)) - b72696e0-9c4e-4740-8bcd-ca4650f90538: remove group-23E12DAC9301:null
2019-09-10 18:45:14,198 [RatisPipelineUtilsThread] WARN  pipeline.RatisPipelineUtils (RatisPipelineUtils.java:destroyPipeline(66)) - Pipeline destroy failed for pipeline=PipelineID=a949f866-3595-4f72-be7a-23e12dac9301 dn=b72696e0-9c4e-4740-8bcd-ca4650f90538{ip: 192.168.5.139, host: pr-hdds-1786-trunk-k6rzm-1803654198, networkLocation: /default-rack, certSerialId: null}
2019-09-10 18:45:14,200 [grpc-default-executor-2] INFO  impl.RaftServerProxy (RaftServerProxy.java:remove(95)) - a2905edf-b9c1-421a-8807-b5d3e2a2f0d1: remove group-23E12DAC9301:null
2019-09-10 18:45:14,202 [RatisPipelineUtilsThread] WARN  pipeline.RatisPipelineUtils (RatisPipelineUtils.java:destroyPipeline(66)) - Pipeline destroy failed for pipeline=PipelineID=a949f866-3595-4f72-be7a-23e12dac9301 dn=a2905edf-b9c1-421a-8807-b5d3e2a2f0d1{ip: 192.168.5.139, host: pr-hdds-1786-trunk-k6rzm-1803654198, networkLocation: /default-rack, certSerialId: null}
2019-09-10 18:45:14,202 [RatisPipelineUtilsThread] ERROR pipeline.SCMPipelineManager (Scheduler.java:lambda$schedule$1(70)) - Destroy pipeline failed for pipeline:Pipeline[ Id: a949f866-3595-4f72-be7a-23e12dac9301, Nodes: 4d5e76d1-94b4-4344-b272-620ca499a368{ip: 192.168.5.139, host: pr-hdds-1786-trunk-k6rzm-1803654198, networkLocation: /default-rack, certSerialId: null}b72696e0-9c4e-4740-8bcd-ca4650f90538{ip: 192.168.5.139, host: pr-hdds-1786-trunk-k6rzm-1803654198, networkLocation: /default-rack, certSerialId: null}a2905edf-b9c1-421a-8807-b5d3e2a2f0d1{ip: 192.168.5.139, host: pr-hdds-1786-trunk-k6rzm-1803654198, networkLocation: /default-rack, certSerialId: null}, Type:RATIS, Factor:THREE, State:CLOSED]
org.apache.hadoop.hdds.scm.pipeline.PipelineNotFoundException: PipelineID=a949f866-3595-4f72-be7a-23e12dac9301 not found
	at org.apache.hadoop.hdds.scm.pipeline.PipelineStateMap.getPipeline(PipelineStateMap.java:132)
	at org.apache.hadoop.hdds.scm.pipeline.PipelineStateMap.removePipeline(PipelineStateMap.java:322)
	at org.apache.hadoop.hdds.scm.pipeline.PipelineStateManager.removePipeline(PipelineStateManager.java:107)
	at org.apache.hadoop.hdds.scm.pipeline.SCMPipelineManager.removePipeline(SCMPipelineManager.java:423)
	at org.apache.hadoop.hdds.scm.pipeline.SCMPipelineManager.destroyPipeline(SCMPipelineManager.java:409)
	at org.apache.hadoop.hdds.scm.pipeline.SCMPipelineManager.lambda$finalizeAndDestroyPipeline$0(SCMPipelineManager.java:318)
	at org.apache.hadoop.utils.Scheduler.lambda$schedule$1(Scheduler.java:68)
	at java.util.concurrent.Executors$RunnableAdapter.call(Executors.java:511)
	at java.util.concurrent.FutureTask.run(FutureTask.java:266)
	at java.util.concurrent.ScheduledThreadPoolExecutor$ScheduledFutureTask.access$201(ScheduledThreadPoolExecutor.java:180)
	at java.util.concurrent.ScheduledThreadPoolExecutor$ScheduledFutureTask.run(ScheduledThreadPoolExecutor.java:293)
	at java.util.concurrent.ThreadPoolExecutor.runWorker(ThreadPoolExecutor.java:1149)
	at java.util.concurrent.ThreadPoolExecutor$Worker.run(ThreadPoolExecutor.java:624)
	at java.lang.Thread.run(Thread.java:748)
2019-09-10 18:45:14,880 [64e81ce6-88e4-4777-9780-87a208f38655@group-E9D835E888EB-SegmentedRaftLogWorker] WARN  segmented.SegmentedRaftLogWorker (SegmentedRaftLogWorker.java:getFromFuture(90)) - Timeout 4/~
org.apache.ratis.protocol.TimeoutIOException: Timeout 10s: WriteLog:18: (t:1, i:18), STATEMACHINELOGENTRY, client-022477A8F022, cid=140-writeStateMachineData
	at org.apache.ratis.util.IOUtils.getFromFuture(IOUtils.java:87)
	at org.apache.ratis.server.raftlog.segmented.SegmentedRaftLogWorker$StateMachineDataPolicy.getFromFuture(SegmentedRaftLogWorker.java:87)
	at org.apache.ratis.server.raftlog.segmented.SegmentedRaftLogWorker$WriteLog.execute(SegmentedRaftLogWorker.java:477)
	at org.apache.ratis.server.raftlog.segmented.SegmentedRaftLogWorker.run(SegmentedRaftLogWorker.java:289)
	at java.lang.Thread.run(Thread.java:748)
Caused by: java.util.concurrent.TimeoutException
	at java.util.concurrent.CompletableFuture.timedGet(CompletableFuture.java:1771)
	at java.util.concurrent.CompletableFuture.get(CompletableFuture.java:1915)
	at org.apache.ratis.util.IOUtils.getFromFuture(IOUtils.java:79)
	... 4 more
2019-09-10 18:45:14,881 [6876bac9-11ad-40f6-880c-796bfc7745f2@group-E9D835E888EB-SegmentedRaftLogWorker] WARN  segmented.SegmentedRaftLogWorker (SegmentedRaftLogWorker.java:getFromFuture(90)) - Timeout 4/~
org.apache.ratis.protocol.TimeoutIOException: Timeout 10s: WriteLog:18: (t:1, i:18), STATEMACHINELOGENTRY, client-022477A8F022, cid=140-writeStateMachineData
	at org.apache.ratis.util.IOUtils.getFromFuture(IOUtils.java:87)
	at org.apache.ratis.server.raftlog.segmented.SegmentedRaftLogWorker$StateMachineDataPolicy.getFromFuture(SegmentedRaftLogWorker.java:87)
	at org.apache.ratis.server.raftlog.segmented.SegmentedRaftLogWorker$WriteLog.execute(SegmentedRaftLogWorker.java:477)
	at org.apache.ratis.server.raftlog.segmented.SegmentedRaftLogWorker.run(SegmentedRaftLogWorker.java:289)
	at java.lang.Thread.run(Thread.java:748)
Caused by: java.util.concurrent.TimeoutException
	at java.util.concurrent.CompletableFuture.timedGet(CompletableFuture.java:1771)
	at java.util.concurrent.CompletableFuture.get(CompletableFuture.java:1915)
	at org.apache.ratis.util.IOUtils.getFromFuture(IOUtils.java:79)
	... 4 more
2019-09-10 18:45:15,058 [c2ec732c-be0e-46a5-a2ed-f7f9dc34e031@group-E9D835E888EB-SegmentedRaftLogWorker] WARN  segmented.SegmentedRaftLogWorker (SegmentedRaftLogWorker.java:getFromFuture(90)) - Timeout 4/~
org.apache.ratis.protocol.TimeoutIOException: Timeout 10s: WriteLog:21: (t:1, i:21), STATEMACHINELOGENTRY, client-022477A8F022, cid=143-writeStateMachineData
	at org.apache.ratis.util.IOUtils.getFromFuture(IOUtils.java:87)
	at org.apache.ratis.server.raftlog.segmented.SegmentedRaftLogWorker$StateMachineDataPolicy.getFromFuture(SegmentedRaftLogWorker.java:87)
	at org.apache.ratis.server.raftlog.segmented.SegmentedRaftLogWorker$WriteLog.execute(SegmentedRaftLogWorker.java:477)
	at org.apache.ratis.server.raftlog.segmented.SegmentedRaftLogWorker.run(SegmentedRaftLogWorker.java:289)
	at java.lang.Thread.run(Thread.java:748)
Caused by: java.util.concurrent.TimeoutException
	at java.util.concurrent.CompletableFuture.timedGet(CompletableFuture.java:1771)
	at java.util.concurrent.CompletableFuture.get(CompletableFuture.java:1915)
	at org.apache.ratis.util.IOUtils.getFromFuture(IOUtils.java:79)
	... 4 more
2019-09-10 18:45:15,352 [grpc-default-executor-2] INFO  client.GrpcClientProtocolClient (GrpcClientProtocolClient.java:onNext(264)) - client-022477A8F022->64e81ce6-88e4-4777-9780-87a208f38655: receive RaftClientReply:client-022477A8F022->64e81ce6-88e4-4777-9780-87a208f38655@group-E9D835E888EB, cid=140, FAILED org.apache.ratis.protocol.NotLeaderException: Server 64e81ce6-88e4-4777-9780-87a208f38655@group-E9D835E888EB is not the leader c2ec732c-be0e-46a5-a2ed-f7f9dc34e031:192.168.5.139:45554, logIndex=0, commits[64e81ce6-88e4-4777-9780-87a208f38655:c17, c2ec732c-be0e-46a5-a2ed-f7f9dc34e031:c17, 6876bac9-11ad-40f6-880c-796bfc7745f2:c13]
2019-09-10 18:45:15,387 [java.util.concurrent.ThreadPoolExecutor$Worker@506b2520[State = -1, empty queue]] WARN  server.GrpcLogAppender (GrpcLogAppender.java:timeoutAppendRequest(200)) - c2ec732c-be0e-46a5-a2ed-f7f9dc34e031@group-E9D835E888EB->64e81ce6-88e4-4777-9780-87a208f38655-GrpcLogAppender: appendEntries Timeout, request=c2ec732c-be0e-46a5-a2ed-f7f9dc34e031->64e81ce6-88e4-4777-9780-87a208f38655#195-t1, previous=(t:1, i:23), leaderCommit=17, initializing? false, entries: <empty>
2019-09-10 18:45:15,387 [java.util.concurrent.ThreadPoolExecutor$Worker@77688533[State = -1, empty queue]] WARN  server.GrpcLogAppender (GrpcLogAppender.java:timeoutAppendRequest(200)) - c2ec732c-be0e-46a5-a2ed-f7f9dc34e031@group-E9D835E888EB->6876bac9-11ad-40f6-880c-796bfc7745f2-GrpcLogAppender: appendEntries Timeout, request=c2ec732c-be0e-46a5-a2ed-f7f9dc34e031->6876bac9-11ad-40f6-880c-796bfc7745f2#195-t1, previous=(t:1, i:23), leaderCommit=17, initializing? false, entries: <empty>
2019-09-10 18:45:17,198 [grpc-default-executor-2] INFO  impl.RaftServerProxy (RaftServerProxy.java:remove(95)) - 4d5e76d1-94b4-4344-b272-620ca499a368: remove group-23E12DAC9301:null
2019-09-10 18:45:17,201 [RatisPipelineUtilsThread] WARN  pipeline.RatisPipelineUtils (RatisPipelineUtils.java:destroyPipeline(66)) - Pipeline destroy failed for pipeline=PipelineID=a949f866-3595-4f72-be7a-23e12dac9301 dn=4d5e76d1-94b4-4344-b272-620ca499a368{ip: 192.168.5.139, host: pr-hdds-1786-trunk-k6rzm-1803654198, networkLocation: /default-rack, certSerialId: null}
2019-09-10 18:45:17,203 [grpc-default-executor-2] INFO  impl.RaftServerProxy (RaftServerProxy.java:remove(95)) - b72696e0-9c4e-4740-8bcd-ca4650f90538: remove group-23E12DAC9301:null
2019-09-10 18:45:17,205 [RatisPipelineUtilsThread] WARN  pipeline.RatisPipelineUtils (RatisPipelineUtils.java:destroyPipeline(66)) - Pipeline destroy failed for pipeline=PipelineID=a949f866-3595-4f72-be7a-23e12dac9301 dn=b72696e0-9c4e-4740-8bcd-ca4650f90538{ip: 192.168.5.139, host: pr-hdds-1786-trunk-k6rzm-1803654198, networkLocation: /default-rack, certSerialId: null}
2019-09-10 18:45:17,208 [grpc-default-executor-2] INFO  impl.RaftServerProxy (RaftServerProxy.java:remove(95)) - a2905edf-b9c1-421a-8807-b5d3e2a2f0d1: remove group-23E12DAC9301:null
2019-09-10 18:45:17,210 [RatisPipelineUtilsThread] WARN  pipeline.RatisPipelineUtils (RatisPipelineUtils.java:destroyPipeline(66)) - Pipeline destroy failed for pipeline=PipelineID=a949f866-3595-4f72-be7a-23e12dac9301 dn=a2905edf-b9c1-421a-8807-b5d3e2a2f0d1{ip: 192.168.5.139, host: pr-hdds-1786-trunk-k6rzm-1803654198, networkLocation: /default-rack, certSerialId: null}
2019-09-10 18:45:17,210 [RatisPipelineUtilsThread] ERROR pipeline.SCMPipelineManager (Scheduler.java:lambda$schedule$1(70)) - Destroy pipeline failed for pipeline:Pipeline[ Id: a949f866-3595-4f72-be7a-23e12dac9301, Nodes: 4d5e76d1-94b4-4344-b272-620ca499a368{ip: 192.168.5.139, host: pr-hdds-1786-trunk-k6rzm-1803654198, networkLocation: /default-rack, certSerialId: null}b72696e0-9c4e-4740-8bcd-ca4650f90538{ip: 192.168.5.139, host: pr-hdds-1786-trunk-k6rzm-1803654198, networkLocation: /default-rack, certSerialId: null}a2905edf-b9c1-421a-8807-b5d3e2a2f0d1{ip: 192.168.5.139, host: pr-hdds-1786-trunk-k6rzm-1803654198, networkLocation: /default-rack, certSerialId: null}, Type:RATIS, Factor:THREE, State:CLOSED]
org.apache.hadoop.hdds.scm.pipeline.PipelineNotFoundException: PipelineID=a949f866-3595-4f72-be7a-23e12dac9301 not found
	at org.apache.hadoop.hdds.scm.pipeline.PipelineStateMap.getPipeline(PipelineStateMap.java:132)
	at org.apache.hadoop.hdds.scm.pipeline.PipelineStateMap.removePipeline(PipelineStateMap.java:322)
	at org.apache.hadoop.hdds.scm.pipeline.PipelineStateManager.removePipeline(PipelineStateManager.java:107)
	at org.apache.hadoop.hdds.scm.pipeline.SCMPipelineManager.removePipeline(SCMPipelineManager.java:423)
	at org.apache.hadoop.hdds.scm.pipeline.SCMPipelineManager.destroyPipeline(SCMPipelineManager.java:409)
	at org.apache.hadoop.hdds.scm.pipeline.SCMPipelineManager.lambda$finalizeAndDestroyPipeline$0(SCMPipelineManager.java:318)
	at org.apache.hadoop.utils.Scheduler.lambda$schedule$1(Scheduler.java:68)
	at java.util.concurrent.Executors$RunnableAdapter.call(Executors.java:511)
	at java.util.concurrent.FutureTask.run(FutureTask.java:266)
	at java.util.concurrent.ScheduledThreadPoolExecutor$ScheduledFutureTask.access$201(ScheduledThreadPoolExecutor.java:180)
	at java.util.concurrent.ScheduledThreadPoolExecutor$ScheduledFutureTask.run(ScheduledThreadPoolExecutor.java:293)
	at java.util.concurrent.ThreadPoolExecutor.runWorker(ThreadPoolExecutor.java:1149)
	at java.util.concurrent.ThreadPoolExecutor$Worker.run(ThreadPoolExecutor.java:624)
	at java.lang.Thread.run(Thread.java:748)
2019-09-10 18:45:17,888 [java.util.concurrent.ThreadPoolExecutor$Worker@506b2520[State = -1, empty queue]] WARN  server.GrpcLogAppender (GrpcLogAppender.java:timeoutAppendRequest(200)) - c2ec732c-be0e-46a5-a2ed-f7f9dc34e031@group-E9D835E888EB->64e81ce6-88e4-4777-9780-87a208f38655-GrpcLogAppender: appendEntries Timeout, request=c2ec732c-be0e-46a5-a2ed-f7f9dc34e031->64e81ce6-88e4-4777-9780-87a208f38655#196-t1, previous=(t:1, i:23), leaderCommit=17, initializing? false, entries: <empty>
2019-09-10 18:45:17,888 [java.util.concurrent.ThreadPoolExecutor$Worker@77688533[State = -1, empty queue]] WARN  server.GrpcLogAppender (GrpcLogAppender.java:timeoutAppendRequest(200)) - c2ec732c-be0e-46a5-a2ed-f7f9dc34e031@group-E9D835E888EB->6876bac9-11ad-40f6-880c-796bfc7745f2-GrpcLogAppender: appendEntries Timeout, request=c2ec732c-be0e-46a5-a2ed-f7f9dc34e031->6876bac9-11ad-40f6-880c-796bfc7745f2#196-t1, previous=(t:1, i:23), leaderCommit=17, initializing? false, entries: <empty>
2019-09-10 18:45:19,202 [grpc-default-executor-0] INFO  impl.RaftServerProxy (RaftServerProxy.java:remove(95)) - 4d5e76d1-94b4-4344-b272-620ca499a368: remove group-23E12DAC9301:null
2019-09-10 18:45:19,207 [RatisPipelineUtilsThread] WARN  pipeline.RatisPipelineUtils (RatisPipelineUtils.java:destroyPipeline(66)) - Pipeline destroy failed for pipeline=PipelineID=a949f866-3595-4f72-be7a-23e12dac9301 dn=4d5e76d1-94b4-4344-b272-620ca499a368{ip: 192.168.5.139, host: pr-hdds-1786-trunk-k6rzm-1803654198, networkLocation: /default-rack, certSerialId: null}
2019-09-10 18:45:19,209 [grpc-default-executor-0] INFO  impl.RaftServerProxy (RaftServerProxy.java:remove(95)) - b72696e0-9c4e-4740-8bcd-ca4650f90538: remove group-23E12DAC9301:null
2019-09-10 18:45:19,210 [RatisPipelineUtilsThread] WARN  pipeline.RatisPipelineUtils (RatisPipelineUtils.java:destroyPipeline(66)) - Pipeline destroy failed for pipeline=PipelineID=a949f866-3595-4f72-be7a-23e12dac9301 dn=b72696e0-9c4e-4740-8bcd-ca4650f90538{ip: 192.168.5.139, host: pr-hdds-1786-trunk-k6rzm-1803654198, networkLocation: /default-rack, certSerialId: null}
2019-09-10 18:45:19,212 [grpc-default-executor-0] INFO  impl.RaftServerProxy (RaftServerProxy.java:remove(95)) - a2905edf-b9c1-421a-8807-b5d3e2a2f0d1: remove group-23E12DAC9301:null
2019-09-10 18:45:19,214 [RatisPipelineUtilsThread] WARN  pipeline.RatisPipelineUtils (RatisPipelineUtils.java:destroyPipeline(66)) - Pipeline destroy failed for pipeline=PipelineID=a949f866-3595-4f72-be7a-23e12dac9301 dn=a2905edf-b9c1-421a-8807-b5d3e2a2f0d1{ip: 192.168.5.139, host: pr-hdds-1786-trunk-k6rzm-1803654198, networkLocation: /default-rack, certSerialId: null}
2019-09-10 18:45:19,214 [RatisPipelineUtilsThread] ERROR pipeline.SCMPipelineManager (Scheduler.java:lambda$schedule$1(70)) - Destroy pipeline failed for pipeline:Pipeline[ Id: a949f866-3595-4f72-be7a-23e12dac9301, Nodes: 4d5e76d1-94b4-4344-b272-620ca499a368{ip: 192.168.5.139, host: pr-hdds-1786-trunk-k6rzm-1803654198, networkLocation: /default-rack, certSerialId: null}b72696e0-9c4e-4740-8bcd-ca4650f90538{ip: 192.168.5.139, host: pr-hdds-1786-trunk-k6rzm-1803654198, networkLocation: /default-rack, certSerialId: null}a2905edf-b9c1-421a-8807-b5d3e2a2f0d1{ip: 192.168.5.139, host: pr-hdds-1786-trunk-k6rzm-1803654198, networkLocation: /default-rack, certSerialId: null}, Type:RATIS, Factor:THREE, State:CLOSED]
org.apache.hadoop.hdds.scm.pipeline.PipelineNotFoundException: PipelineID=a949f866-3595-4f72-be7a-23e12dac9301 not found
	at org.apache.hadoop.hdds.scm.pipeline.PipelineStateMap.getPipeline(PipelineStateMap.java:132)
	at org.apache.hadoop.hdds.scm.pipeline.PipelineStateMap.removePipeline(PipelineStateMap.java:322)
	at org.apache.hadoop.hdds.scm.pipeline.PipelineStateManager.removePipeline(PipelineStateManager.java:107)
	at org.apache.hadoop.hdds.scm.pipeline.SCMPipelineManager.removePipeline(SCMPipelineManager.java:423)
	at org.apache.hadoop.hdds.scm.pipeline.SCMPipelineManager.destroyPipeline(SCMPipelineManager.java:409)
	at org.apache.hadoop.hdds.scm.pipeline.SCMPipelineManager.lambda$finalizeAndDestroyPipeline$0(SCMPipelineManager.java:318)
	at org.apache.hadoop.utils.Scheduler.lambda$schedule$1(Scheduler.java:68)
	at java.util.concurrent.Executors$RunnableAdapter.call(Executors.java:511)
	at java.util.concurrent.FutureTask.run(FutureTask.java:266)
	at java.util.concurrent.ScheduledThreadPoolExecutor$ScheduledFutureTask.access$201(ScheduledThreadPoolExecutor.java:180)
	at java.util.concurrent.ScheduledThreadPoolExecutor$ScheduledFutureTask.run(ScheduledThreadPoolExecutor.java:293)
	at java.util.concurrent.ThreadPoolExecutor.runWorker(ThreadPoolExecutor.java:1149)
	at java.util.concurrent.ThreadPoolExecutor$Worker.run(ThreadPoolExecutor.java:624)
	at java.lang.Thread.run(Thread.java:748)
2019-09-10 18:45:20,387 [grpc-default-executor-0] INFO  client.GrpcClientProtocolClient (GrpcClientProtocolClient.java:onNext(264)) - client-022477A8F022->64e81ce6-88e4-4777-9780-87a208f38655: receive RaftClientReply:client-022477A8F022->64e81ce6-88e4-4777-9780-87a208f38655@group-E9D835E888EB, cid=140, FAILED org.apache.ratis.protocol.NotLeaderException: Server 64e81ce6-88e4-4777-9780-87a208f38655@group-E9D835E888EB is not the leader c2ec732c-be0e-46a5-a2ed-f7f9dc34e031:192.168.5.139:45554, logIndex=0, commits[64e81ce6-88e4-4777-9780-87a208f38655:c17, c2ec732c-be0e-46a5-a2ed-f7f9dc34e031:c17, 6876bac9-11ad-40f6-880c-796bfc7745f2:c13]
2019-09-10 18:45:20,397 [java.util.concurrent.ThreadPoolExecutor$Worker@77688533[State = -1, empty queue]] WARN  server.GrpcLogAppender (GrpcLogAppender.java:timeoutAppendRequest(200)) - c2ec732c-be0e-46a5-a2ed-f7f9dc34e031@group-E9D835E888EB->6876bac9-11ad-40f6-880c-796bfc7745f2-GrpcLogAppender: appendEntries Timeout, request=c2ec732c-be0e-46a5-a2ed-f7f9dc34e031->6876bac9-11ad-40f6-880c-796bfc7745f2#197-t1, previous=(t:1, i:23), leaderCommit=17, initializing? false, entries: <empty>
2019-09-10 18:45:20,397 [java.util.concurrent.ThreadPoolExecutor$Worker@506b2520[State = -1, empty queue]] WARN  server.GrpcLogAppender (GrpcLogAppender.java:timeoutAppendRequest(200)) - c2ec732c-be0e-46a5-a2ed-f7f9dc34e031@group-E9D835E888EB->64e81ce6-88e4-4777-9780-87a208f38655-GrpcLogAppender: appendEntries Timeout, request=c2ec732c-be0e-46a5-a2ed-f7f9dc34e031->64e81ce6-88e4-4777-9780-87a208f38655#197-t1, previous=(t:1, i:23), leaderCommit=17, initializing? false, entries: <empty>
2019-09-10 18:45:22,197 [grpc-default-executor-2] INFO  impl.RaftServerProxy (RaftServerProxy.java:remove(95)) - 4d5e76d1-94b4-4344-b272-620ca499a368: remove group-23E12DAC9301:null
2019-09-10 18:45:22,199 [RatisPipelineUtilsThread] WARN  pipeline.RatisPipelineUtils (RatisPipelineUtils.java:destroyPipeline(66)) - Pipeline destroy failed for pipeline=PipelineID=a949f866-3595-4f72-be7a-23e12dac9301 dn=4d5e76d1-94b4-4344-b272-620ca499a368{ip: 192.168.5.139, host: pr-hdds-1786-trunk-k6rzm-1803654198, networkLocation: /default-rack, certSerialId: null}
2019-09-10 18:45:22,202 [grpc-default-executor-2] INFO  impl.RaftServerProxy (RaftServerProxy.java:remove(95)) - b72696e0-9c4e-4740-8bcd-ca4650f90538: remove group-23E12DAC9301:null
2019-09-10 18:45:22,204 [RatisPipelineUtilsThread] WARN  pipeline.RatisPipelineUtils (RatisPipelineUtils.java:destroyPipeline(66)) - Pipeline destroy failed for pipeline=PipelineID=a949f866-3595-4f72-be7a-23e12dac9301 dn=b72696e0-9c4e-4740-8bcd-ca4650f90538{ip: 192.168.5.139, host: pr-hdds-1786-trunk-k6rzm-1803654198, networkLocation: /default-rack, certSerialId: null}
2019-09-10 18:45:22,206 [grpc-default-executor-2] INFO  impl.RaftServerProxy (RaftServerProxy.java:remove(95)) - a2905edf-b9c1-421a-8807-b5d3e2a2f0d1: remove group-23E12DAC9301:null
2019-09-10 18:45:22,208 [RatisPipelineUtilsThread] WARN  pipeline.RatisPipelineUtils (RatisPipelineUtils.java:destroyPipeline(66)) - Pipeline destroy failed for pipeline=PipelineID=a949f866-3595-4f72-be7a-23e12dac9301 dn=a2905edf-b9c1-421a-8807-b5d3e2a2f0d1{ip: 192.168.5.139, host: pr-hdds-1786-trunk-k6rzm-1803654198, networkLocation: /default-rack, certSerialId: null}
2019-09-10 18:45:22,208 [RatisPipelineUtilsThread] ERROR pipeline.SCMPipelineManager (Scheduler.java:lambda$schedule$1(70)) - Destroy pipeline failed for pipeline:Pipeline[ Id: a949f866-3595-4f72-be7a-23e12dac9301, Nodes: 4d5e76d1-94b4-4344-b272-620ca499a368{ip: 192.168.5.139, host: pr-hdds-1786-trunk-k6rzm-1803654198, networkLocation: /default-rack, certSerialId: null}b72696e0-9c4e-4740-8bcd-ca4650f90538{ip: 192.168.5.139, host: pr-hdds-1786-trunk-k6rzm-1803654198, networkLocation: /default-rack, certSerialId: null}a2905edf-b9c1-421a-8807-b5d3e2a2f0d1{ip: 192.168.5.139, host: pr-hdds-1786-trunk-k6rzm-1803654198, networkLocation: /default-rack, certSerialId: null}, Type:RATIS, Factor:THREE, State:CLOSED]
org.apache.hadoop.hdds.scm.pipeline.PipelineNotFoundException: PipelineID=a949f866-3595-4f72-be7a-23e12dac9301 not found
	at org.apache.hadoop.hdds.scm.pipeline.PipelineStateMap.getPipeline(PipelineStateMap.java:132)
	at org.apache.hadoop.hdds.scm.pipeline.PipelineStateMap.removePipeline(PipelineStateMap.java:322)
	at org.apache.hadoop.hdds.scm.pipeline.PipelineStateManager.removePipeline(PipelineStateManager.java:107)
	at org.apache.hadoop.hdds.scm.pipeline.SCMPipelineManager.removePipeline(SCMPipelineManager.java:423)
	at org.apache.hadoop.hdds.scm.pipeline.SCMPipelineManager.destroyPipeline(SCMPipelineManager.java:409)
	at org.apache.hadoop.hdds.scm.pipeline.SCMPipelineManager.lambda$finalizeAndDestroyPipeline$0(SCMPipelineManager.java:318)
	at org.apache.hadoop.utils.Scheduler.lambda$schedule$1(Scheduler.java:68)
	at java.util.concurrent.Executors$RunnableAdapter.call(Executors.java:511)
	at java.util.concurrent.FutureTask.run(FutureTask.java:266)
	at java.util.concurrent.ScheduledThreadPoolExecutor$ScheduledFutureTask.access$201(ScheduledThreadPoolExecutor.java:180)
	at java.util.concurrent.ScheduledThreadPoolExecutor$ScheduledFutureTask.run(ScheduledThreadPoolExecutor.java:293)
	at java.util.concurrent.ThreadPoolExecutor.runWorker(ThreadPoolExecutor.java:1149)
	at java.util.concurrent.ThreadPoolExecutor$Worker.run(ThreadPoolExecutor.java:624)
	at java.lang.Thread.run(Thread.java:748)
2019-09-10 18:45:22,888 [java.util.concurrent.ThreadPoolExecutor$Worker@506b2520[State = -1, empty queue]] WARN  server.GrpcLogAppender (GrpcLogAppender.java:timeoutAppendRequest(200)) - c2ec732c-be0e-46a5-a2ed-f7f9dc34e031@group-E9D835E888EB->64e81ce6-88e4-4777-9780-87a208f38655-GrpcLogAppender: appendEntries Timeout, request=c2ec732c-be0e-46a5-a2ed-f7f9dc34e031->64e81ce6-88e4-4777-9780-87a208f38655#198-t1, previous=(t:1, i:23), leaderCommit=17, initializing? false, entries: <empty>
2019-09-10 18:45:22,888 [java.util.concurrent.ThreadPoolExecutor$Worker@77688533[State = -1, empty queue]] WARN  server.GrpcLogAppender (GrpcLogAppender.java:timeoutAppendRequest(200)) - c2ec732c-be0e-46a5-a2ed-f7f9dc34e031@group-E9D835E888EB->6876bac9-11ad-40f6-880c-796bfc7745f2-GrpcLogAppender: appendEntries Timeout, request=c2ec732c-be0e-46a5-a2ed-f7f9dc34e031->6876bac9-11ad-40f6-880c-796bfc7745f2#198-t1, previous=(t:1, i:23), leaderCommit=17, initializing? false, entries: <empty>
2019-09-10 18:45:24,197 [grpc-default-executor-0] INFO  impl.RaftServerProxy (RaftServerProxy.java:remove(95)) - 4d5e76d1-94b4-4344-b272-620ca499a368: remove group-23E12DAC9301:null
2019-09-10 18:45:24,199 [RatisPipelineUtilsThread] WARN  pipeline.RatisPipelineUtils (RatisPipelineUtils.java:destroyPipeline(66)) - Pipeline destroy failed for pipeline=PipelineID=a949f866-3595-4f72-be7a-23e12dac9301 dn=4d5e76d1-94b4-4344-b272-620ca499a368{ip: 192.168.5.139, host: pr-hdds-1786-trunk-k6rzm-1803654198, networkLocation: /default-rack, certSerialId: null}
2019-09-10 18:45:24,202 [grpc-default-executor-0] INFO  impl.RaftServerProxy (RaftServerProxy.java:remove(95)) - b72696e0-9c4e-4740-8bcd-ca4650f90538: remove group-23E12DAC9301:null
2019-09-10 18:45:24,203 [RatisPipelineUtilsThread] WARN  pipeline.RatisPipelineUtils (RatisPipelineUtils.java:destroyPipeline(66)) - Pipeline destroy failed for pipeline=PipelineID=a949f866-3595-4f72-be7a-23e12dac9301 dn=b72696e0-9c4e-4740-8bcd-ca4650f90538{ip: 192.168.5.139, host: pr-hdds-1786-trunk-k6rzm-1803654198, networkLocation: /default-rack, certSerialId: null}
2019-09-10 18:45:24,206 [grpc-default-executor-0] INFO  impl.RaftServerProxy (RaftServerProxy.java:remove(95)) - a2905edf-b9c1-421a-8807-b5d3e2a2f0d1: remove group-23E12DAC9301:null
2019-09-10 18:45:24,208 [RatisPipelineUtilsThread] WARN  pipeline.RatisPipelineUtils (RatisPipelineUtils.java:destroyPipeline(66)) - Pipeline destroy failed for pipeline=PipelineID=a949f866-3595-4f72-be7a-23e12dac9301 dn=a2905edf-b9c1-421a-8807-b5d3e2a2f0d1{ip: 192.168.5.139, host: pr-hdds-1786-trunk-k6rzm-1803654198, networkLocation: /default-rack, certSerialId: null}
2019-09-10 18:45:24,208 [RatisPipelineUtilsThread] ERROR pipeline.SCMPipelineManager (Scheduler.java:lambda$schedule$1(70)) - Destroy pipeline failed for pipeline:Pipeline[ Id: a949f866-3595-4f72-be7a-23e12dac9301, Nodes: 4d5e76d1-94b4-4344-b272-620ca499a368{ip: 192.168.5.139, host: pr-hdds-1786-trunk-k6rzm-1803654198, networkLocation: /default-rack, certSerialId: null}b72696e0-9c4e-4740-8bcd-ca4650f90538{ip: 192.168.5.139, host: pr-hdds-1786-trunk-k6rzm-1803654198, networkLocation: /default-rack, certSerialId: null}a2905edf-b9c1-421a-8807-b5d3e2a2f0d1{ip: 192.168.5.139, host: pr-hdds-1786-trunk-k6rzm-1803654198, networkLocation: /default-rack, certSerialId: null}, Type:RATIS, Factor:THREE, State:CLOSED]
org.apache.hadoop.hdds.scm.pipeline.PipelineNotFoundException: PipelineID=a949f866-3595-4f72-be7a-23e12dac9301 not found
	at org.apache.hadoop.hdds.scm.pipeline.PipelineStateMap.getPipeline(PipelineStateMap.java:132)
	at org.apache.hadoop.hdds.scm.pipeline.PipelineStateMap.removePipeline(PipelineStateMap.java:322)
	at org.apache.hadoop.hdds.scm.pipeline.PipelineStateManager.removePipeline(PipelineStateManager.java:107)
	at org.apache.hadoop.hdds.scm.pipeline.SCMPipelineManager.removePipeline(SCMPipelineManager.java:423)
	at org.apache.hadoop.hdds.scm.pipeline.SCMPipelineManager.destroyPipeline(SCMPipelineManager.java:409)
	at org.apache.hadoop.hdds.scm.pipeline.SCMPipelineManager.lambda$finalizeAndDestroyPipeline$0(SCMPipelineManager.java:318)
	at org.apache.hadoop.utils.Scheduler.lambda$schedule$1(Scheduler.java:68)
	at java.util.concurrent.Executors$RunnableAdapter.call(Executors.java:511)
	at java.util.concurrent.FutureTask.run(FutureTask.java:266)
	at java.util.concurrent.ScheduledThreadPoolExecutor$ScheduledFutureTask.access$201(ScheduledThreadPoolExecutor.java:180)
	at java.util.concurrent.ScheduledThreadPoolExecutor$ScheduledFutureTask.run(ScheduledThreadPoolExecutor.java:293)
	at java.util.concurrent.ThreadPoolExecutor.runWorker(ThreadPoolExecutor.java:1149)
	at java.util.concurrent.ThreadPoolExecutor$Worker.run(ThreadPoolExecutor.java:624)
	at java.lang.Thread.run(Thread.java:748)
2019-09-10 18:45:24,881 [64e81ce6-88e4-4777-9780-87a208f38655@group-E9D835E888EB-SegmentedRaftLogWorker] WARN  segmented.SegmentedRaftLogWorker (SegmentedRaftLogWorker.java:getFromFuture(90)) - Timeout 5/~
org.apache.ratis.protocol.TimeoutIOException: Timeout 10s: WriteLog:18: (t:1, i:18), STATEMACHINELOGENTRY, client-022477A8F022, cid=140-writeStateMachineData
	at org.apache.ratis.util.IOUtils.getFromFuture(IOUtils.java:87)
	at org.apache.ratis.server.raftlog.segmented.SegmentedRaftLogWorker$StateMachineDataPolicy.getFromFuture(SegmentedRaftLogWorker.java:87)
	at org.apache.ratis.server.raftlog.segmented.SegmentedRaftLogWorker$WriteLog.execute(SegmentedRaftLogWorker.java:477)
	at org.apache.ratis.server.raftlog.segmented.SegmentedRaftLogWorker.run(SegmentedRaftLogWorker.java:289)
	at java.lang.Thread.run(Thread.java:748)
Caused by: java.util.concurrent.TimeoutException
	at java.util.concurrent.CompletableFuture.timedGet(CompletableFuture.java:1771)
	at java.util.concurrent.CompletableFuture.get(CompletableFuture.java:1915)
	at org.apache.ratis.util.IOUtils.getFromFuture(IOUtils.java:79)
	... 4 more
2019-09-10 18:45:24,881 [6876bac9-11ad-40f6-880c-796bfc7745f2@group-E9D835E888EB-SegmentedRaftLogWorker] WARN  segmented.SegmentedRaftLogWorker (SegmentedRaftLogWorker.java:getFromFuture(90)) - Timeout 5/~
org.apache.ratis.protocol.TimeoutIOException: Timeout 10s: WriteLog:18: (t:1, i:18), STATEMACHINELOGENTRY, client-022477A8F022, cid=140-writeStateMachineData
	at org.apache.ratis.util.IOUtils.getFromFuture(IOUtils.java:87)
	at org.apache.ratis.server.raftlog.segmented.SegmentedRaftLogWorker$StateMachineDataPolicy.getFromFuture(SegmentedRaftLogWorker.java:87)
	at org.apache.ratis.server.raftlog.segmented.SegmentedRaftLogWorker$WriteLog.execute(SegmentedRaftLogWorker.java:477)
	at org.apache.ratis.server.raftlog.segmented.SegmentedRaftLogWorker.run(SegmentedRaftLogWorker.java:289)
	at java.lang.Thread.run(Thread.java:748)
Caused by: java.util.concurrent.TimeoutException
	at java.util.concurrent.CompletableFuture.timedGet(CompletableFuture.java:1771)
	at java.util.concurrent.CompletableFuture.get(CompletableFuture.java:1915)
	at org.apache.ratis.util.IOUtils.getFromFuture(IOUtils.java:79)
	... 4 more
2019-09-10 18:45:25,058 [c2ec732c-be0e-46a5-a2ed-f7f9dc34e031@group-E9D835E888EB-SegmentedRaftLogWorker] WARN  segmented.SegmentedRaftLogWorker (SegmentedRaftLogWorker.java:getFromFuture(90)) - Timeout 5/~
org.apache.ratis.protocol.TimeoutIOException: Timeout 10s: WriteLog:21: (t:1, i:21), STATEMACHINELOGENTRY, client-022477A8F022, cid=143-writeStateMachineData
	at org.apache.ratis.util.IOUtils.getFromFuture(IOUtils.java:87)
	at org.apache.ratis.server.raftlog.segmented.SegmentedRaftLogWorker$StateMachineDataPolicy.getFromFuture(SegmentedRaftLogWorker.java:87)
	at org.apache.ratis.server.raftlog.segmented.SegmentedRaftLogWorker$WriteLog.execute(SegmentedRaftLogWorker.java:477)
	at org.apache.ratis.server.raftlog.segmented.SegmentedRaftLogWorker.run(SegmentedRaftLogWorker.java:289)
	at java.lang.Thread.run(Thread.java:748)
Caused by: java.util.concurrent.TimeoutException
	at java.util.concurrent.CompletableFuture.timedGet(CompletableFuture.java:1771)
	at java.util.concurrent.CompletableFuture.get(CompletableFuture.java:1915)
	at org.apache.ratis.util.IOUtils.getFromFuture(IOUtils.java:79)
	... 4 more
2019-09-10 18:45:25,389 [java.util.concurrent.ThreadPoolExecutor$Worker@77688533[State = -1, empty queue]] WARN  server.GrpcLogAppender (GrpcLogAppender.java:timeoutAppendRequest(200)) - c2ec732c-be0e-46a5-a2ed-f7f9dc34e031@group-E9D835E888EB->6876bac9-11ad-40f6-880c-796bfc7745f2-GrpcLogAppender: appendEntries Timeout, request=c2ec732c-be0e-46a5-a2ed-f7f9dc34e031->6876bac9-11ad-40f6-880c-796bfc7745f2#199-t1, previous=(t:1, i:23), leaderCommit=17, initializing? false, entries: <empty>
2019-09-10 18:45:25,389 [java.util.concurrent.ThreadPoolExecutor$Worker@506b2520[State = -1, empty queue]] WARN  server.GrpcLogAppender (GrpcLogAppender.java:timeoutAppendRequest(200)) - c2ec732c-be0e-46a5-a2ed-f7f9dc34e031@group-E9D835E888EB->64e81ce6-88e4-4777-9780-87a208f38655-GrpcLogAppender: appendEntries Timeout, request=c2ec732c-be0e-46a5-a2ed-f7f9dc34e031->64e81ce6-88e4-4777-9780-87a208f38655#199-t1, previous=(t:1, i:23), leaderCommit=17, initializing? false, entries: <empty>
2019-09-10 18:45:25,424 [grpc-default-executor-2] INFO  client.GrpcClientProtocolClient (GrpcClientProtocolClient.java:onNext(264)) - client-022477A8F022->64e81ce6-88e4-4777-9780-87a208f38655: receive RaftClientReply:client-022477A8F022->64e81ce6-88e4-4777-9780-87a208f38655@group-E9D835E888EB, cid=140, FAILED org.apache.ratis.protocol.NotLeaderException: Server 64e81ce6-88e4-4777-9780-87a208f38655@group-E9D835E888EB is not the leader c2ec732c-be0e-46a5-a2ed-f7f9dc34e031:192.168.5.139:45554, logIndex=0, commits[64e81ce6-88e4-4777-9780-87a208f38655:c17, c2ec732c-be0e-46a5-a2ed-f7f9dc34e031:c17, 6876bac9-11ad-40f6-880c-796bfc7745f2:c13]
2019-09-10 18:45:27,202 [grpc-default-executor-2] INFO  impl.RaftServerProxy (RaftServerProxy.java:remove(95)) - 4d5e76d1-94b4-4344-b272-620ca499a368: remove group-23E12DAC9301:null
2019-09-10 18:45:27,206 [RatisPipelineUtilsThread] WARN  pipeline.RatisPipelineUtils (RatisPipelineUtils.java:destroyPipeline(66)) - Pipeline destroy failed for pipeline=PipelineID=a949f866-3595-4f72-be7a-23e12dac9301 dn=4d5e76d1-94b4-4344-b272-620ca499a368{ip: 192.168.5.139, host: pr-hdds-1786-trunk-k6rzm-1803654198, networkLocation: /default-rack, certSerialId: null}
2019-09-10 18:45:27,209 [grpc-default-executor-2] INFO  impl.RaftServerProxy (RaftServerProxy.java:remove(95)) - b72696e0-9c4e-4740-8bcd-ca4650f90538: remove group-23E12DAC9301:null
2019-09-10 18:45:27,211 [RatisPipelineUtilsThread] WARN  pipeline.RatisPipelineUtils (RatisPipelineUtils.java:destroyPipeline(66)) - Pipeline destroy failed for pipeline=PipelineID=a949f866-3595-4f72-be7a-23e12dac9301 dn=b72696e0-9c4e-4740-8bcd-ca4650f90538{ip: 192.168.5.139, host: pr-hdds-1786-trunk-k6rzm-1803654198, networkLocation: /default-rack, certSerialId: null}
2019-09-10 18:45:27,213 [grpc-default-executor-2] INFO  impl.RaftServerProxy (RaftServerProxy.java:remove(95)) - a2905edf-b9c1-421a-8807-b5d3e2a2f0d1: remove group-23E12DAC9301:null
2019-09-10 18:45:27,216 [RatisPipelineUtilsThread] WARN  pipeline.RatisPipelineUtils (RatisPipelineUtils.java:destroyPipeline(66)) - Pipeline destroy failed for pipeline=PipelineID=a949f866-3595-4f72-be7a-23e12dac9301 dn=a2905edf-b9c1-421a-8807-b5d3e2a2f0d1{ip: 192.168.5.139, host: pr-hdds-1786-trunk-k6rzm-1803654198, networkLocation: /default-rack, certSerialId: null}
2019-09-10 18:45:27,217 [RatisPipelineUtilsThread] ERROR pipeline.SCMPipelineManager (Scheduler.java:lambda$schedule$1(70)) - Destroy pipeline failed for pipeline:Pipeline[ Id: a949f866-3595-4f72-be7a-23e12dac9301, Nodes: 4d5e76d1-94b4-4344-b272-620ca499a368{ip: 192.168.5.139, host: pr-hdds-1786-trunk-k6rzm-1803654198, networkLocation: /default-rack, certSerialId: null}b72696e0-9c4e-4740-8bcd-ca4650f90538{ip: 192.168.5.139, host: pr-hdds-1786-trunk-k6rzm-1803654198, networkLocation: /default-rack, certSerialId: null}a2905edf-b9c1-421a-8807-b5d3e2a2f0d1{ip: 192.168.5.139, host: pr-hdds-1786-trunk-k6rzm-1803654198, networkLocation: /default-rack, certSerialId: null}, Type:RATIS, Factor:THREE, State:CLOSED]
org.apache.hadoop.hdds.scm.pipeline.PipelineNotFoundException: PipelineID=a949f866-3595-4f72-be7a-23e12dac9301 not found
	at org.apache.hadoop.hdds.scm.pipeline.PipelineStateMap.getPipeline(PipelineStateMap.java:132)
	at org.apache.hadoop.hdds.scm.pipeline.PipelineStateMap.removePipeline(PipelineStateMap.java:322)
	at org.apache.hadoop.hdds.scm.pipeline.PipelineStateManager.removePipeline(PipelineStateManager.java:107)
	at org.apache.hadoop.hdds.scm.pipeline.SCMPipelineManager.removePipeline(SCMPipelineManager.java:423)
	at org.apache.hadoop.hdds.scm.pipeline.SCMPipelineManager.destroyPipeline(SCMPipelineManager.java:409)
	at org.apache.hadoop.hdds.scm.pipeline.SCMPipelineManager.lambda$finalizeAndDestroyPipeline$0(SCMPipelineManager.java:318)
	at org.apache.hadoop.utils.Scheduler.lambda$schedule$1(Scheduler.java:68)
	at java.util.concurrent.Executors$RunnableAdapter.call(Executors.java:511)
	at java.util.concurrent.FutureTask.run(FutureTask.java:266)
	at java.util.concurrent.ScheduledThreadPoolExecutor$ScheduledFutureTask.access$201(ScheduledThreadPoolExecutor.java:180)
	at java.util.concurrent.ScheduledThreadPoolExecutor$ScheduledFutureTask.run(ScheduledThreadPoolExecutor.java:293)
	at java.util.concurrent.ThreadPoolExecutor.runWorker(ThreadPoolExecutor.java:1149)
	at java.util.concurrent.ThreadPoolExecutor$Worker.run(ThreadPoolExecutor.java:624)
	at java.lang.Thread.run(Thread.java:748)
2019-09-10 18:45:27,889 [java.util.concurrent.ThreadPoolExecutor$Worker@77688533[State = -1, empty queue]] WARN  server.GrpcLogAppender (GrpcLogAppender.java:timeoutAppendRequest(200)) - c2ec732c-be0e-46a5-a2ed-f7f9dc34e031@group-E9D835E888EB->6876bac9-11ad-40f6-880c-796bfc7745f2-GrpcLogAppender: appendEntries Timeout, request=c2ec732c-be0e-46a5-a2ed-f7f9dc34e031->6876bac9-11ad-40f6-880c-796bfc7745f2#200-t1, previous=(t:1, i:23), leaderCommit=17, initializing? false, entries: <empty>
2019-09-10 18:45:27,889 [java.util.concurrent.ThreadPoolExecutor$Worker@506b2520[State = -1, empty queue]] WARN  server.GrpcLogAppender (GrpcLogAppender.java:timeoutAppendRequest(200)) - c2ec732c-be0e-46a5-a2ed-f7f9dc34e031@group-E9D835E888EB->64e81ce6-88e4-4777-9780-87a208f38655-GrpcLogAppender: appendEntries Timeout, request=c2ec732c-be0e-46a5-a2ed-f7f9dc34e031->64e81ce6-88e4-4777-9780-87a208f38655#200-t1, previous=(t:1, i:23), leaderCommit=17, initializing? false, entries: <empty>
2019-09-10 18:45:29,202 [grpc-default-executor-0] INFO  impl.RaftServerProxy (RaftServerProxy.java:remove(95)) - 4d5e76d1-94b4-4344-b272-620ca499a368: remove group-23E12DAC9301:null
2019-09-10 18:45:29,206 [RatisPipelineUtilsThread] WARN  pipeline.RatisPipelineUtils (RatisPipelineUtils.java:destroyPipeline(66)) - Pipeline destroy failed for pipeline=PipelineID=a949f866-3595-4f72-be7a-23e12dac9301 dn=4d5e76d1-94b4-4344-b272-620ca499a368{ip: 192.168.5.139, host: pr-hdds-1786-trunk-k6rzm-1803654198, networkLocation: /default-rack, certSerialId: null}
2019-09-10 18:45:29,209 [grpc-default-executor-0] INFO  impl.RaftServerProxy (RaftServerProxy.java:remove(95)) - b72696e0-9c4e-4740-8bcd-ca4650f90538: remove group-23E12DAC9301:null
2019-09-10 18:45:29,211 [RatisPipelineUtilsThread] WARN  pipeline.RatisPipelineUtils (RatisPipelineUtils.java:destroyPipeline(66)) - Pipeline destroy failed for pipeline=PipelineID=a949f866-3595-4f72-be7a-23e12dac9301 dn=b72696e0-9c4e-4740-8bcd-ca4650f90538{ip: 192.168.5.139, host: pr-hdds-1786-trunk-k6rzm-1803654198, networkLocation: /default-rack, certSerialId: null}
2019-09-10 18:45:29,213 [grpc-default-executor-0] INFO  impl.RaftServerProxy (RaftServerProxy.java:remove(95)) - a2905edf-b9c1-421a-8807-b5d3e2a2f0d1: remove group-23E12DAC9301:null
2019-09-10 18:45:29,216 [RatisPipelineUtilsThread] WARN  pipeline.RatisPipelineUtils (RatisPipelineUtils.java:destroyPipeline(66)) - Pipeline destroy failed for pipeline=PipelineID=a949f866-3595-4f72-be7a-23e12dac9301 dn=a2905edf-b9c1-421a-8807-b5d3e2a2f0d1{ip: 192.168.5.139, host: pr-hdds-1786-trunk-k6rzm-1803654198, networkLocation: /default-rack, certSerialId: null}
2019-09-10 18:45:29,216 [RatisPipelineUtilsThread] ERROR pipeline.SCMPipelineManager (Scheduler.java:lambda$schedule$1(70)) - Destroy pipeline failed for pipeline:Pipeline[ Id: a949f866-3595-4f72-be7a-23e12dac9301, Nodes: 4d5e76d1-94b4-4344-b272-620ca499a368{ip: 192.168.5.139, host: pr-hdds-1786-trunk-k6rzm-1803654198, networkLocation: /default-rack, certSerialId: null}b72696e0-9c4e-4740-8bcd-ca4650f90538{ip: 192.168.5.139, host: pr-hdds-1786-trunk-k6rzm-1803654198, networkLocation: /default-rack, certSerialId: null}a2905edf-b9c1-421a-8807-b5d3e2a2f0d1{ip: 192.168.5.139, host: pr-hdds-1786-trunk-k6rzm-1803654198, networkLocation: /default-rack, certSerialId: null}, Type:RATIS, Factor:THREE, State:CLOSED]
org.apache.hadoop.hdds.scm.pipeline.PipelineNotFoundException: PipelineID=a949f866-3595-4f72-be7a-23e12dac9301 not found
	at org.apache.hadoop.hdds.scm.pipeline.PipelineStateMap.getPipeline(PipelineStateMap.java:132)
	at org.apache.hadoop.hdds.scm.pipeline.PipelineStateMap.removePipeline(PipelineStateMap.java:322)
	at org.apache.hadoop.hdds.scm.pipeline.PipelineStateManager.removePipeline(PipelineStateManager.java:107)
	at org.apache.hadoop.hdds.scm.pipeline.SCMPipelineManager.removePipeline(SCMPipelineManager.java:423)
	at org.apache.hadoop.hdds.scm.pipeline.SCMPipelineManager.destroyPipeline(SCMPipelineManager.java:409)
	at org.apache.hadoop.hdds.scm.pipeline.SCMPipelineManager.lambda$finalizeAndDestroyPipeline$0(SCMPipelineManager.java:318)
	at org.apache.hadoop.utils.Scheduler.lambda$schedule$1(Scheduler.java:68)
	at java.util.concurrent.Executors$RunnableAdapter.call(Executors.java:511)
	at java.util.concurrent.FutureTask.run(FutureTask.java:266)
	at java.util.concurrent.ScheduledThreadPoolExecutor$ScheduledFutureTask.access$201(ScheduledThreadPoolExecutor.java:180)
	at java.util.concurrent.ScheduledThreadPoolExecutor$ScheduledFutureTask.run(ScheduledThreadPoolExecutor.java:293)
	at java.util.concurrent.ThreadPoolExecutor.runWorker(ThreadPoolExecutor.java:1149)
	at java.util.concurrent.ThreadPoolExecutor$Worker.run(ThreadPoolExecutor.java:624)
	at java.lang.Thread.run(Thread.java:748)
2019-09-10 18:45:29,233 [grpc-default-executor-0] INFO  impl.RaftServerProxy (RaftServerProxy.java:remove(95)) - 4d5e76d1-94b4-4344-b272-620ca499a368: remove group-23E12DAC9301:null
2019-09-10 18:45:29,235 [RatisPipelineUtilsThread] WARN  pipeline.RatisPipelineUtils (RatisPipelineUtils.java:destroyPipeline(66)) - Pipeline destroy failed for pipeline=PipelineID=a949f866-3595-4f72-be7a-23e12dac9301 dn=4d5e76d1-94b4-4344-b272-620ca499a368{ip: 192.168.5.139, host: pr-hdds-1786-trunk-k6rzm-1803654198, networkLocation: /default-rack, certSerialId: null}
2019-09-10 18:45:29,237 [grpc-default-executor-0] INFO  impl.RaftServerProxy (RaftServerProxy.java:remove(95)) - b72696e0-9c4e-4740-8bcd-ca4650f90538: remove group-23E12DAC9301:null
2019-09-10 18:45:29,239 [RatisPipelineUtilsThread] WARN  pipeline.RatisPipelineUtils (RatisPipelineUtils.java:destroyPipeline(66)) - Pipeline destroy failed for pipeline=PipelineID=a949f866-3595-4f72-be7a-23e12dac9301 dn=b72696e0-9c4e-4740-8bcd-ca4650f90538{ip: 192.168.5.139, host: pr-hdds-1786-trunk-k6rzm-1803654198, networkLocation: /default-rack, certSerialId: null}
2019-09-10 18:45:29,242 [grpc-default-executor-0] INFO  impl.RaftServerProxy (RaftServerProxy.java:remove(95)) - a2905edf-b9c1-421a-8807-b5d3e2a2f0d1: remove group-23E12DAC9301:null
2019-09-10 18:45:29,244 [RatisPipelineUtilsThread] WARN  pipeline.RatisPipelineUtils (RatisPipelineUtils.java:destroyPipeline(66)) - Pipeline destroy failed for pipeline=PipelineID=a949f866-3595-4f72-be7a-23e12dac9301 dn=a2905edf-b9c1-421a-8807-b5d3e2a2f0d1{ip: 192.168.5.139, host: pr-hdds-1786-trunk-k6rzm-1803654198, networkLocation: /default-rack, certSerialId: null}
2019-09-10 18:45:29,244 [RatisPipelineUtilsThread] ERROR pipeline.SCMPipelineManager (Scheduler.java:lambda$schedule$1(70)) - Destroy pipeline failed for pipeline:Pipeline[ Id: a949f866-3595-4f72-be7a-23e12dac9301, Nodes: 4d5e76d1-94b4-4344-b272-620ca499a368{ip: 192.168.5.139, host: pr-hdds-1786-trunk-k6rzm-1803654198, networkLocation: /default-rack, certSerialId: null}b72696e0-9c4e-4740-8bcd-ca4650f90538{ip: 192.168.5.139, host: pr-hdds-1786-trunk-k6rzm-1803654198, networkLocation: /default-rack, certSerialId: null}a2905edf-b9c1-421a-8807-b5d3e2a2f0d1{ip: 192.168.5.139, host: pr-hdds-1786-trunk-k6rzm-1803654198, networkLocation: /default-rack, certSerialId: null}, Type:RATIS, Factor:THREE, State:CLOSED]
org.apache.hadoop.hdds.scm.pipeline.PipelineNotFoundException: PipelineID=a949f866-3595-4f72-be7a-23e12dac9301 not found
	at org.apache.hadoop.hdds.scm.pipeline.PipelineStateMap.getPipeline(PipelineStateMap.java:132)
	at org.apache.hadoop.hdds.scm.pipeline.PipelineStateMap.removePipeline(PipelineStateMap.java:322)
	at org.apache.hadoop.hdds.scm.pipeline.PipelineStateManager.removePipeline(PipelineStateManager.java:107)
	at org.apache.hadoop.hdds.scm.pipeline.SCMPipelineManager.removePipeline(SCMPipelineManager.java:423)
	at org.apache.hadoop.hdds.scm.pipeline.SCMPipelineManager.destroyPipeline(SCMPipelineManager.java:409)
	at org.apache.hadoop.hdds.scm.pipeline.SCMPipelineManager.lambda$finalizeAndDestroyPipeline$0(SCMPipelineManager.java:318)
	at org.apache.hadoop.utils.Scheduler.lambda$schedule$1(Scheduler.java:68)
	at java.util.concurrent.Executors$RunnableAdapter.call(Executors.java:511)
	at java.util.concurrent.FutureTask.run(FutureTask.java:266)
	at java.util.concurrent.ScheduledThreadPoolExecutor$ScheduledFutureTask.access$201(ScheduledThreadPoolExecutor.java:180)
	at java.util.concurrent.ScheduledThreadPoolExecutor$ScheduledFutureTask.run(ScheduledThreadPoolExecutor.java:293)
	at java.util.concurrent.ThreadPoolExecutor.runWorker(ThreadPoolExecutor.java:1149)
	at java.util.concurrent.ThreadPoolExecutor$Worker.run(ThreadPoolExecutor.java:624)
	at java.lang.Thread.run(Thread.java:748)
2019-09-10 18:45:29,496 [grpc-default-executor-0] INFO  impl.RaftServerProxy (RaftServerProxy.java:remove(95)) - 4d5e76d1-94b4-4344-b272-620ca499a368: remove group-23E12DAC9301:null
2019-09-10 18:45:29,498 [RatisPipelineUtilsThread] WARN  pipeline.RatisPipelineUtils (RatisPipelineUtils.java:destroyPipeline(66)) - Pipeline destroy failed for pipeline=PipelineID=a949f866-3595-4f72-be7a-23e12dac9301 dn=4d5e76d1-94b4-4344-b272-620ca499a368{ip: 192.168.5.139, host: pr-hdds-1786-trunk-k6rzm-1803654198, networkLocation: /default-rack, certSerialId: null}
2019-09-10 18:45:29,501 [grpc-default-executor-0] INFO  impl.RaftServerProxy (RaftServerProxy.java:remove(95)) - b72696e0-9c4e-4740-8bcd-ca4650f90538: remove group-23E12DAC9301:null
2019-09-10 18:45:29,504 [RatisPipelineUtilsThread] WARN  pipeline.RatisPipelineUtils (RatisPipelineUtils.java:destroyPipeline(66)) - Pipeline destroy failed for pipeline=PipelineID=a949f866-3595-4f72-be7a-23e12dac9301 dn=b72696e0-9c4e-4740-8bcd-ca4650f90538{ip: 192.168.5.139, host: pr-hdds-1786-trunk-k6rzm-1803654198, networkLocation: /default-rack, certSerialId: null}
2019-09-10 18:45:29,506 [grpc-default-executor-0] INFO  impl.RaftServerProxy (RaftServerProxy.java:remove(95)) - a2905edf-b9c1-421a-8807-b5d3e2a2f0d1: remove group-23E12DAC9301:null
2019-09-10 18:45:29,508 [RatisPipelineUtilsThread] WARN  pipeline.RatisPipelineUtils (RatisPipelineUtils.java:destroyPipeline(66)) - Pipeline destroy failed for pipeline=PipelineID=a949f866-3595-4f72-be7a-23e12dac9301 dn=a2905edf-b9c1-421a-8807-b5d3e2a2f0d1{ip: 192.168.5.139, host: pr-hdds-1786-trunk-k6rzm-1803654198, networkLocation: /default-rack, certSerialId: null}
2019-09-10 18:45:29,509 [RatisPipelineUtilsThread] ERROR pipeline.SCMPipelineManager (Scheduler.java:lambda$schedule$1(70)) - Destroy pipeline failed for pipeline:Pipeline[ Id: a949f866-3595-4f72-be7a-23e12dac9301, Nodes: 4d5e76d1-94b4-4344-b272-620ca499a368{ip: 192.168.5.139, host: pr-hdds-1786-trunk-k6rzm-1803654198, networkLocation: /default-rack, certSerialId: null}b72696e0-9c4e-4740-8bcd-ca4650f90538{ip: 192.168.5.139, host: pr-hdds-1786-trunk-k6rzm-1803654198, networkLocation: /default-rack, certSerialId: null}a2905edf-b9c1-421a-8807-b5d3e2a2f0d1{ip: 192.168.5.139, host: pr-hdds-1786-trunk-k6rzm-1803654198, networkLocation: /default-rack, certSerialId: null}, Type:RATIS, Factor:THREE, State:CLOSED]
org.apache.hadoop.hdds.scm.pipeline.PipelineNotFoundException: PipelineID=a949f866-3595-4f72-be7a-23e12dac9301 not found
	at org.apache.hadoop.hdds.scm.pipeline.PipelineStateMap.getPipeline(PipelineStateMap.java:132)
	at org.apache.hadoop.hdds.scm.pipeline.PipelineStateMap.removePipeline(PipelineStateMap.java:322)
	at org.apache.hadoop.hdds.scm.pipeline.PipelineStateManager.removePipeline(PipelineStateManager.java:107)
	at org.apache.hadoop.hdds.scm.pipeline.SCMPipelineManager.removePipeline(SCMPipelineManager.java:423)
	at org.apache.hadoop.hdds.scm.pipeline.SCMPipelineManager.destroyPipeline(SCMPipelineManager.java:409)
	at org.apache.hadoop.hdds.scm.pipeline.SCMPipelineManager.lambda$finalizeAndDestroyPipeline$0(SCMPipelineManager.java:318)
	at org.apache.hadoop.utils.Scheduler.lambda$schedule$1(Scheduler.java:68)
	at java.util.concurrent.Executors$RunnableAdapter.call(Executors.java:511)
	at java.util.concurrent.FutureTask.run(FutureTask.java:266)
	at java.util.concurrent.ScheduledThreadPoolExecutor$ScheduledFutureTask.access$201(ScheduledThreadPoolExecutor.java:180)
	at java.util.concurrent.ScheduledThreadPoolExecutor$ScheduledFutureTask.run(ScheduledThreadPoolExecutor.java:293)
	at java.util.concurrent.ThreadPoolExecutor.runWorker(ThreadPoolExecutor.java:1149)
	at java.util.concurrent.ThreadPoolExecutor$Worker.run(ThreadPoolExecutor.java:624)
	at java.lang.Thread.run(Thread.java:748)
2019-09-10 18:45:29,753 [grpc-default-executor-2] INFO  impl.RaftServerProxy (RaftServerProxy.java:remove(95)) - 4d5e76d1-94b4-4344-b272-620ca499a368: remove group-23E12DAC9301:null
2019-09-10 18:45:29,756 [RatisPipelineUtilsThread] WARN  pipeline.RatisPipelineUtils (RatisPipelineUtils.java:destroyPipeline(66)) - Pipeline destroy failed for pipeline=PipelineID=a949f866-3595-4f72-be7a-23e12dac9301 dn=4d5e76d1-94b4-4344-b272-620ca499a368{ip: 192.168.5.139, host: pr-hdds-1786-trunk-k6rzm-1803654198, networkLocation: /default-rack, certSerialId: null}
2019-09-10 18:45:29,759 [grpc-default-executor-2] INFO  impl.RaftServerProxy (RaftServerProxy.java:remove(95)) - b72696e0-9c4e-4740-8bcd-ca4650f90538: remove group-23E12DAC9301:null
2019-09-10 18:45:29,762 [RatisPipelineUtilsThread] WARN  pipeline.RatisPipelineUtils (RatisPipelineUtils.java:destroyPipeline(66)) - Pipeline destroy failed for pipeline=PipelineID=a949f866-3595-4f72-be7a-23e12dac9301 dn=b72696e0-9c4e-4740-8bcd-ca4650f90538{ip: 192.168.5.139, host: pr-hdds-1786-trunk-k6rzm-1803654198, networkLocation: /default-rack, certSerialId: null}
2019-09-10 18:45:29,764 [grpc-default-executor-2] INFO  impl.RaftServerProxy (RaftServerProxy.java:remove(95)) - a2905edf-b9c1-421a-8807-b5d3e2a2f0d1: remove group-23E12DAC9301:null
2019-09-10 18:45:29,767 [RatisPipelineUtilsThread] WARN  pipeline.RatisPipelineUtils (RatisPipelineUtils.java:destroyPipeline(66)) - Pipeline destroy failed for pipeline=PipelineID=a949f866-3595-4f72-be7a-23e12dac9301 dn=a2905edf-b9c1-421a-8807-b5d3e2a2f0d1{ip: 192.168.5.139, host: pr-hdds-1786-trunk-k6rzm-1803654198, networkLocation: /default-rack, certSerialId: null}
2019-09-10 18:45:29,767 [RatisPipelineUtilsThread] ERROR pipeline.SCMPipelineManager (Scheduler.java:lambda$schedule$1(70)) - Destroy pipeline failed for pipeline:Pipeline[ Id: a949f866-3595-4f72-be7a-23e12dac9301, Nodes: 4d5e76d1-94b4-4344-b272-620ca499a368{ip: 192.168.5.139, host: pr-hdds-1786-trunk-k6rzm-1803654198, networkLocation: /default-rack, certSerialId: null}b72696e0-9c4e-4740-8bcd-ca4650f90538{ip: 192.168.5.139, host: pr-hdds-1786-trunk-k6rzm-1803654198, networkLocation: /default-rack, certSerialId: null}a2905edf-b9c1-421a-8807-b5d3e2a2f0d1{ip: 192.168.5.139, host: pr-hdds-1786-trunk-k6rzm-1803654198, networkLocation: /default-rack, certSerialId: null}, Type:RATIS, Factor:THREE, State:CLOSED]
org.apache.hadoop.hdds.scm.pipeline.PipelineNotFoundException: PipelineID=a949f866-3595-4f72-be7a-23e12dac9301 not found
	at org.apache.hadoop.hdds.scm.pipeline.PipelineStateMap.getPipeline(PipelineStateMap.java:132)
	at org.apache.hadoop.hdds.scm.pipeline.PipelineStateMap.removePipeline(PipelineStateMap.java:322)
	at org.apache.hadoop.hdds.scm.pipeline.PipelineStateManager.removePipeline(PipelineStateManager.java:107)
	at org.apache.hadoop.hdds.scm.pipeline.SCMPipelineManager.removePipeline(SCMPipelineManager.java:423)
	at org.apache.hadoop.hdds.scm.pipeline.SCMPipelineManager.destroyPipeline(SCMPipelineManager.java:409)
	at org.apache.hadoop.hdds.scm.pipeline.SCMPipelineManager.lambda$finalizeAndDestroyPipeline$0(SCMPipelineManager.java:318)
	at org.apache.hadoop.utils.Scheduler.lambda$schedule$1(Scheduler.java:68)
	at java.util.concurrent.Executors$RunnableAdapter.call(Executors.java:511)
	at java.util.concurrent.FutureTask.run(FutureTask.java:266)
	at java.util.concurrent.ScheduledThreadPoolExecutor$ScheduledFutureTask.access$201(ScheduledThreadPoolExecutor.java:180)
	at java.util.concurrent.ScheduledThreadPoolExecutor$ScheduledFutureTask.run(ScheduledThreadPoolExecutor.java:293)
	at java.util.concurrent.ThreadPoolExecutor.runWorker(ThreadPoolExecutor.java:1149)
	at java.util.concurrent.ThreadPoolExecutor$Worker.run(ThreadPoolExecutor.java:624)
	at java.lang.Thread.run(Thread.java:748)
2019-09-10 18:45:30,390 [java.util.concurrent.ThreadPoolExecutor$Worker@77688533[State = -1, empty queue]] WARN  server.GrpcLogAppender (GrpcLogAppender.java:timeoutAppendRequest(200)) - c2ec732c-be0e-46a5-a2ed-f7f9dc34e031@group-E9D835E888EB->6876bac9-11ad-40f6-880c-796bfc7745f2-GrpcLogAppender: appendEntries Timeout, request=c2ec732c-be0e-46a5-a2ed-f7f9dc34e031->6876bac9-11ad-40f6-880c-796bfc7745f2#201-t1, previous=(t:1, i:23), leaderCommit=17, initializing? false, entries: <empty>
2019-09-10 18:45:30,390 [java.util.concurrent.ThreadPoolExecutor$Worker@506b2520[State = -1, empty queue]] WARN  server.GrpcLogAppender (GrpcLogAppender.java:timeoutAppendRequest(200)) - c2ec732c-be0e-46a5-a2ed-f7f9dc34e031@group-E9D835E888EB->64e81ce6-88e4-4777-9780-87a208f38655-GrpcLogAppender: appendEntries Timeout, request=c2ec732c-be0e-46a5-a2ed-f7f9dc34e031->64e81ce6-88e4-4777-9780-87a208f38655#201-t1, previous=(t:1, i:23), leaderCommit=17, initializing? false, entries: <empty>
2019-09-10 18:45:30,458 [grpc-default-executor-0] INFO  client.GrpcClientProtocolClient (GrpcClientProtocolClient.java:onNext(264)) - client-022477A8F022->64e81ce6-88e4-4777-9780-87a208f38655: receive RaftClientReply:client-022477A8F022->64e81ce6-88e4-4777-9780-87a208f38655@group-E9D835E888EB, cid=140, FAILED org.apache.ratis.protocol.NotLeaderException: Server 64e81ce6-88e4-4777-9780-87a208f38655@group-E9D835E888EB is not the leader c2ec732c-be0e-46a5-a2ed-f7f9dc34e031:192.168.5.139:45554, logIndex=0, commits[64e81ce6-88e4-4777-9780-87a208f38655:c17, c2ec732c-be0e-46a5-a2ed-f7f9dc34e031:c17, 6876bac9-11ad-40f6-880c-796bfc7745f2:c13]
2019-09-10 18:45:32,890 [java.util.concurrent.ThreadPoolExecutor$Worker@77688533[State = -1, empty queue]] WARN  server.GrpcLogAppender (GrpcLogAppender.java:timeoutAppendRequest(200)) - c2ec732c-be0e-46a5-a2ed-f7f9dc34e031@group-E9D835E888EB->6876bac9-11ad-40f6-880c-796bfc7745f2-GrpcLogAppender: appendEntries Timeout, request=c2ec732c-be0e-46a5-a2ed-f7f9dc34e031->6876bac9-11ad-40f6-880c-796bfc7745f2#202-t1, previous=(t:1, i:23), leaderCommit=17, initializing? false, entries: <empty>
2019-09-10 18:45:32,890 [java.util.concurrent.ThreadPoolExecutor$Worker@506b2520[State = -1, empty queue]] WARN  server.GrpcLogAppender (GrpcLogAppender.java:timeoutAppendRequest(200)) - c2ec732c-be0e-46a5-a2ed-f7f9dc34e031@group-E9D835E888EB->64e81ce6-88e4-4777-9780-87a208f38655-GrpcLogAppender: appendEntries Timeout, request=c2ec732c-be0e-46a5-a2ed-f7f9dc34e031->64e81ce6-88e4-4777-9780-87a208f38655#202-t1, previous=(t:1, i:23), leaderCommit=17, initializing? false, entries: <empty>
2019-09-10 18:45:34,882 [6876bac9-11ad-40f6-880c-796bfc7745f2@group-E9D835E888EB-SegmentedRaftLogWorker] WARN  segmented.SegmentedRaftLogWorker (SegmentedRaftLogWorker.java:getFromFuture(90)) - Timeout 6/~
org.apache.ratis.protocol.TimeoutIOException: Timeout 10s: WriteLog:18: (t:1, i:18), STATEMACHINELOGENTRY, client-022477A8F022, cid=140-writeStateMachineData
	at org.apache.ratis.util.IOUtils.getFromFuture(IOUtils.java:87)
	at org.apache.ratis.server.raftlog.segmented.SegmentedRaftLogWorker$StateMachineDataPolicy.getFromFuture(SegmentedRaftLogWorker.java:87)
	at org.apache.ratis.server.raftlog.segmented.SegmentedRaftLogWorker$WriteLog.execute(SegmentedRaftLogWorker.java:477)
	at org.apache.ratis.server.raftlog.segmented.SegmentedRaftLogWorker.run(SegmentedRaftLogWorker.java:289)
	at java.lang.Thread.run(Thread.java:748)
Caused by: java.util.concurrent.TimeoutException
	at java.util.concurrent.CompletableFuture.timedGet(CompletableFuture.java:1771)
	at java.util.concurrent.CompletableFuture.get(CompletableFuture.java:1915)
	at org.apache.ratis.util.IOUtils.getFromFuture(IOUtils.java:79)
	... 4 more
2019-09-10 18:45:34,882 [64e81ce6-88e4-4777-9780-87a208f38655@group-E9D835E888EB-SegmentedRaftLogWorker] WARN  segmented.SegmentedRaftLogWorker (SegmentedRaftLogWorker.java:getFromFuture(90)) - Timeout 6/~
org.apache.ratis.protocol.TimeoutIOException: Timeout 10s: WriteLog:18: (t:1, i:18), STATEMACHINELOGENTRY, client-022477A8F022, cid=140-writeStateMachineData
	at org.apache.ratis.util.IOUtils.getFromFuture(IOUtils.java:87)
	at org.apache.ratis.server.raftlog.segmented.SegmentedRaftLogWorker$StateMachineDataPolicy.getFromFuture(SegmentedRaftLogWorker.java:87)
	at org.apache.ratis.server.raftlog.segmented.SegmentedRaftLogWorker$WriteLog.execute(SegmentedRaftLogWorker.java:477)
	at org.apache.ratis.server.raftlog.segmented.SegmentedRaftLogWorker.run(SegmentedRaftLogWorker.java:289)
	at java.lang.Thread.run(Thread.java:748)
Caused by: java.util.concurrent.TimeoutException
	at java.util.concurrent.CompletableFuture.timedGet(CompletableFuture.java:1771)
	at java.util.concurrent.CompletableFuture.get(CompletableFuture.java:1915)
	at org.apache.ratis.util.IOUtils.getFromFuture(IOUtils.java:79)
	... 4 more
2019-09-10 18:45:35,059 [c2ec732c-be0e-46a5-a2ed-f7f9dc34e031@group-E9D835E888EB-SegmentedRaftLogWorker] WARN  segmented.SegmentedRaftLogWorker (SegmentedRaftLogWorker.java:getFromFuture(90)) - Timeout 6/~
org.apache.ratis.protocol.TimeoutIOException: Timeout 10s: WriteLog:21: (t:1, i:21), STATEMACHINELOGENTRY, client-022477A8F022, cid=143-writeStateMachineData
	at org.apache.ratis.util.IOUtils.getFromFuture(IOUtils.java:87)
	at org.apache.ratis.server.raftlog.segmented.SegmentedRaftLogWorker$StateMachineDataPolicy.getFromFuture(SegmentedRaftLogWorker.java:87)
	at org.apache.ratis.server.raftlog.segmented.SegmentedRaftLogWorker$WriteLog.execute(SegmentedRaftLogWorker.java:477)
	at org.apache.ratis.server.raftlog.segmented.SegmentedRaftLogWorker.run(SegmentedRaftLogWorker.java:289)
	at java.lang.Thread.run(Thread.java:748)
Caused by: java.util.concurrent.TimeoutException
	at java.util.concurrent.CompletableFuture.timedGet(CompletableFuture.java:1771)
	at java.util.concurrent.CompletableFuture.get(CompletableFuture.java:1915)
	at org.apache.ratis.util.IOUtils.getFromFuture(IOUtils.java:79)
	... 4 more
2019-09-10 18:45:35,390 [java.util.concurrent.ThreadPoolExecutor$Worker@77688533[State = -1, empty queue]] WARN  server.GrpcLogAppender (GrpcLogAppender.java:timeoutAppendRequest(200)) - c2ec732c-be0e-46a5-a2ed-f7f9dc34e031@group-E9D835E888EB->6876bac9-11ad-40f6-880c-796bfc7745f2-GrpcLogAppender: appendEntries Timeout, request=c2ec732c-be0e-46a5-a2ed-f7f9dc34e031->6876bac9-11ad-40f6-880c-796bfc7745f2#203-t1, previous=(t:1, i:23), leaderCommit=17, initializing? false, entries: <empty>
2019-09-10 18:45:35,390 [java.util.concurrent.ThreadPoolExecutor$Worker@506b2520[State = -1, empty queue]] WARN  server.GrpcLogAppender (GrpcLogAppender.java:timeoutAppendRequest(200)) - c2ec732c-be0e-46a5-a2ed-f7f9dc34e031@group-E9D835E888EB->64e81ce6-88e4-4777-9780-87a208f38655-GrpcLogAppender: appendEntries Timeout, request=c2ec732c-be0e-46a5-a2ed-f7f9dc34e031->64e81ce6-88e4-4777-9780-87a208f38655#203-t1, previous=(t:1, i:23), leaderCommit=17, initializing? false, entries: <empty>
2019-09-10 18:45:35,504 [grpc-default-executor-2] INFO  client.GrpcClientProtocolClient (GrpcClientProtocolClient.java:onNext(264)) - client-022477A8F022->6876bac9-11ad-40f6-880c-796bfc7745f2: receive RaftClientReply:client-022477A8F022->6876bac9-11ad-40f6-880c-796bfc7745f2@group-E9D835E888EB, cid=140, FAILED org.apache.ratis.protocol.NotLeaderException: Server 6876bac9-11ad-40f6-880c-796bfc7745f2@group-E9D835E888EB is not the leader c2ec732c-be0e-46a5-a2ed-f7f9dc34e031:192.168.5.139:45554, logIndex=0, commits[6876bac9-11ad-40f6-880c-796bfc7745f2:c17, c2ec732c-be0e-46a5-a2ed-f7f9dc34e031:c17, 64e81ce6-88e4-4777-9780-87a208f38655:c13]
2019-09-10 18:45:37,907 [java.util.concurrent.ThreadPoolExecutor$Worker@77688533[State = -1, empty queue]] WARN  server.GrpcLogAppender (GrpcLogAppender.java:timeoutAppendRequest(200)) - c2ec732c-be0e-46a5-a2ed-f7f9dc34e031@group-E9D835E888EB->6876bac9-11ad-40f6-880c-796bfc7745f2-GrpcLogAppender: appendEntries Timeout, request=c2ec732c-be0e-46a5-a2ed-f7f9dc34e031->6876bac9-11ad-40f6-880c-796bfc7745f2#204-t1, previous=(t:1, i:23), leaderCommit=17, initializing? false, entries: <empty>
2019-09-10 18:45:37,907 [java.util.concurrent.ThreadPoolExecutor$Worker@506b2520[State = -1, empty queue]] WARN  server.GrpcLogAppender (GrpcLogAppender.java:timeoutAppendRequest(200)) - c2ec732c-be0e-46a5-a2ed-f7f9dc34e031@group-E9D835E888EB->64e81ce6-88e4-4777-9780-87a208f38655-GrpcLogAppender: appendEntries Timeout, request=c2ec732c-be0e-46a5-a2ed-f7f9dc34e031->64e81ce6-88e4-4777-9780-87a208f38655#204-t1, previous=(t:1, i:23), leaderCommit=17, initializing? false, entries: <empty>
2019-09-10 18:45:40,407 [java.util.concurrent.ThreadPoolExecutor$Worker@77688533[State = -1, empty queue]] WARN  server.GrpcLogAppender (GrpcLogAppender.java:timeoutAppendRequest(200)) - c2ec732c-be0e-46a5-a2ed-f7f9dc34e031@group-E9D835E888EB->6876bac9-11ad-40f6-880c-796bfc7745f2-GrpcLogAppender: appendEntries Timeout, request=c2ec732c-be0e-46a5-a2ed-f7f9dc34e031->6876bac9-11ad-40f6-880c-796bfc7745f2#205-t1, previous=(t:1, i:23), leaderCommit=17, initializing? false, entries: <empty>
2019-09-10 18:45:40,407 [java.util.concurrent.ThreadPoolExecutor$Worker@506b2520[State = -1, empty queue]] WARN  server.GrpcLogAppender (GrpcLogAppender.java:timeoutAppendRequest(200)) - c2ec732c-be0e-46a5-a2ed-f7f9dc34e031@group-E9D835E888EB->64e81ce6-88e4-4777-9780-87a208f38655-GrpcLogAppender: appendEntries Timeout, request=c2ec732c-be0e-46a5-a2ed-f7f9dc34e031->64e81ce6-88e4-4777-9780-87a208f38655#205-t1, previous=(t:1, i:23), leaderCommit=17, initializing? false, entries: <empty>
2019-09-10 18:45:40,588 [grpc-default-executor-2] INFO  client.GrpcClientProtocolClient (GrpcClientProtocolClient.java:onNext(264)) - client-022477A8F022->64e81ce6-88e4-4777-9780-87a208f38655: receive RaftClientReply:client-022477A8F022->64e81ce6-88e4-4777-9780-87a208f38655@group-E9D835E888EB, cid=140, FAILED org.apache.ratis.protocol.NotLeaderException: Server 64e81ce6-88e4-4777-9780-87a208f38655@group-E9D835E888EB is not the leader c2ec732c-be0e-46a5-a2ed-f7f9dc34e031:192.168.5.139:45554, logIndex=0, commits[64e81ce6-88e4-4777-9780-87a208f38655:c17, c2ec732c-be0e-46a5-a2ed-f7f9dc34e031:c17, 6876bac9-11ad-40f6-880c-796bfc7745f2:c13]
2019-09-10 18:45:42,908 [java.util.concurrent.ThreadPoolExecutor$Worker@506b2520[State = -1, empty queue]] WARN  server.GrpcLogAppender (GrpcLogAppender.java:timeoutAppendRequest(200)) - c2ec732c-be0e-46a5-a2ed-f7f9dc34e031@group-E9D835E888EB->64e81ce6-88e4-4777-9780-87a208f38655-GrpcLogAppender: appendEntries Timeout, request=c2ec732c-be0e-46a5-a2ed-f7f9dc34e031->64e81ce6-88e4-4777-9780-87a208f38655#206-t1, previous=(t:1, i:23), leaderCommit=17, initializing? false, entries: <empty>
2019-09-10 18:45:42,908 [java.util.concurrent.ThreadPoolExecutor$Worker@77688533[State = -1, empty queue]] WARN  server.GrpcLogAppender (GrpcLogAppender.java:timeoutAppendRequest(200)) - c2ec732c-be0e-46a5-a2ed-f7f9dc34e031@group-E9D835E888EB->6876bac9-11ad-40f6-880c-796bfc7745f2-GrpcLogAppender: appendEntries Timeout, request=c2ec732c-be0e-46a5-a2ed-f7f9dc34e031->6876bac9-11ad-40f6-880c-796bfc7745f2#206-t1, previous=(t:1, i:23), leaderCommit=17, initializing? false, entries: <empty>
2019-09-10 18:45:44,884 [6876bac9-11ad-40f6-880c-796bfc7745f2@group-E9D835E888EB-SegmentedRaftLogWorker] WARN  segmented.SegmentedRaftLogWorker (SegmentedRaftLogWorker.java:getFromFuture(90)) - Timeout 7/~
org.apache.ratis.protocol.TimeoutIOException: Timeout 10s: WriteLog:18: (t:1, i:18), STATEMACHINELOGENTRY, client-022477A8F022, cid=140-writeStateMachineData
	at org.apache.ratis.util.IOUtils.getFromFuture(IOUtils.java:87)
	at org.apache.ratis.server.raftlog.segmented.SegmentedRaftLogWorker$StateMachineDataPolicy.getFromFuture(SegmentedRaftLogWorker.java:87)
	at org.apache.ratis.server.raftlog.segmented.SegmentedRaftLogWorker$WriteLog.execute(SegmentedRaftLogWorker.java:477)
	at org.apache.ratis.server.raftlog.segmented.SegmentedRaftLogWorker.run(SegmentedRaftLogWorker.java:289)
	at java.lang.Thread.run(Thread.java:748)
Caused by: java.util.concurrent.TimeoutException
	at java.util.concurrent.CompletableFuture.timedGet(CompletableFuture.java:1771)
	at java.util.concurrent.CompletableFuture.get(CompletableFuture.java:1915)
	at org.apache.ratis.util.IOUtils.getFromFuture(IOUtils.java:79)
	... 4 more
2019-09-10 18:45:44,907 [64e81ce6-88e4-4777-9780-87a208f38655@group-E9D835E888EB-SegmentedRaftLogWorker] WARN  segmented.SegmentedRaftLogWorker (SegmentedRaftLogWorker.java:getFromFuture(90)) - Timeout 7/~
org.apache.ratis.protocol.TimeoutIOException: Timeout 10s: WriteLog:18: (t:1, i:18), STATEMACHINELOGENTRY, client-022477A8F022, cid=140-writeStateMachineData
	at org.apache.ratis.util.IOUtils.getFromFuture(IOUtils.java:87)
	at org.apache.ratis.server.raftlog.segmented.SegmentedRaftLogWorker$StateMachineDataPolicy.getFromFuture(SegmentedRaftLogWorker.java:87)
	at org.apache.ratis.server.raftlog.segmented.SegmentedRaftLogWorker$WriteLog.execute(SegmentedRaftLogWorker.java:477)
	at org.apache.ratis.server.raftlog.segmented.SegmentedRaftLogWorker.run(SegmentedRaftLogWorker.java:289)
	at java.lang.Thread.run(Thread.java:748)
Caused by: java.util.concurrent.TimeoutException
	at java.util.concurrent.CompletableFuture.timedGet(CompletableFuture.java:1771)
	at java.util.concurrent.CompletableFuture.get(CompletableFuture.java:1915)
	at org.apache.ratis.util.IOUtils.getFromFuture(IOUtils.java:79)
	... 4 more
2019-09-10 18:45:45,060 [c2ec732c-be0e-46a5-a2ed-f7f9dc34e031@group-E9D835E888EB-SegmentedRaftLogWorker] WARN  segmented.SegmentedRaftLogWorker (SegmentedRaftLogWorker.java:getFromFuture(90)) - Timeout 7/~
org.apache.ratis.protocol.TimeoutIOException: Timeout 10s: WriteLog:21: (t:1, i:21), STATEMACHINELOGENTRY, client-022477A8F022, cid=143-writeStateMachineData
	at org.apache.ratis.util.IOUtils.getFromFuture(IOUtils.java:87)
	at org.apache.ratis.server.raftlog.segmented.SegmentedRaftLogWorker$StateMachineDataPolicy.getFromFuture(SegmentedRaftLogWorker.java:87)
	at org.apache.ratis.server.raftlog.segmented.SegmentedRaftLogWorker$WriteLog.execute(SegmentedRaftLogWorker.java:477)
	at org.apache.ratis.server.raftlog.segmented.SegmentedRaftLogWorker.run(SegmentedRaftLogWorker.java:289)
	at java.lang.Thread.run(Thread.java:748)
Caused by: java.util.concurrent.TimeoutException
	at java.util.concurrent.CompletableFuture.timedGet(CompletableFuture.java:1771)
	at java.util.concurrent.CompletableFuture.get(CompletableFuture.java:1915)
	at org.apache.ratis.util.IOUtils.getFromFuture(IOUtils.java:79)
	... 4 more
2019-09-10 18:45:45,407 [java.util.concurrent.ThreadPoolExecutor$Worker@77688533[State = -1, empty queue]] WARN  server.GrpcLogAppender (GrpcLogAppender.java:timeoutAppendRequest(200)) - c2ec732c-be0e-46a5-a2ed-f7f9dc34e031@group-E9D835E888EB->6876bac9-11ad-40f6-880c-796bfc7745f2-GrpcLogAppender: appendEntries Timeout, request=c2ec732c-be0e-46a5-a2ed-f7f9dc34e031->6876bac9-11ad-40f6-880c-796bfc7745f2#207-t1, previous=(t:1, i:23), leaderCommit=17, initializing? false, entries: <empty>
2019-09-10 18:45:45,407 [java.util.concurrent.ThreadPoolExecutor$Worker@506b2520[State = -1, empty queue]] WARN  server.GrpcLogAppender (GrpcLogAppender.java:timeoutAppendRequest(200)) - c2ec732c-be0e-46a5-a2ed-f7f9dc34e031@group-E9D835E888EB->64e81ce6-88e4-4777-9780-87a208f38655-GrpcLogAppender: appendEntries Timeout, request=c2ec732c-be0e-46a5-a2ed-f7f9dc34e031->64e81ce6-88e4-4777-9780-87a208f38655#207-t1, previous=(t:1, i:23), leaderCommit=17, initializing? false, entries: <empty>
2019-09-10 18:45:45,632 [grpc-default-executor-0] INFO  client.GrpcClientProtocolClient (GrpcClientProtocolClient.java:onNext(264)) - client-022477A8F022->64e81ce6-88e4-4777-9780-87a208f38655: receive RaftClientReply:client-022477A8F022->64e81ce6-88e4-4777-9780-87a208f38655@group-E9D835E888EB, cid=140, FAILED org.apache.ratis.protocol.NotLeaderException: Server 64e81ce6-88e4-4777-9780-87a208f38655@group-E9D835E888EB is not the leader c2ec732c-be0e-46a5-a2ed-f7f9dc34e031:192.168.5.139:45554, logIndex=0, commits[64e81ce6-88e4-4777-9780-87a208f38655:c17, c2ec732c-be0e-46a5-a2ed-f7f9dc34e031:c17, 6876bac9-11ad-40f6-880c-796bfc7745f2:c13]
2019-09-10 18:45:47,908 [java.util.concurrent.ThreadPoolExecutor$Worker@77688533[State = -1, empty queue]] WARN  server.GrpcLogAppender (GrpcLogAppender.java:timeoutAppendRequest(200)) - c2ec732c-be0e-46a5-a2ed-f7f9dc34e031@group-E9D835E888EB->6876bac9-11ad-40f6-880c-796bfc7745f2-GrpcLogAppender: appendEntries Timeout, request=c2ec732c-be0e-46a5-a2ed-f7f9dc34e031->6876bac9-11ad-40f6-880c-796bfc7745f2#208-t1, previous=(t:1, i:23), leaderCommit=17, initializing? false, entries: <empty>
2019-09-10 18:45:47,908 [java.util.concurrent.ThreadPoolExecutor$Worker@506b2520[State = -1, empty queue]] WARN  server.GrpcLogAppender (GrpcLogAppender.java:timeoutAppendRequest(200)) - c2ec732c-be0e-46a5-a2ed-f7f9dc34e031@group-E9D835E888EB->64e81ce6-88e4-4777-9780-87a208f38655-GrpcLogAppender: appendEntries Timeout, request=c2ec732c-be0e-46a5-a2ed-f7f9dc34e031->64e81ce6-88e4-4777-9780-87a208f38655#208-t1, previous=(t:1, i:23), leaderCommit=17, initializing? false, entries: <empty>
2019-09-10 18:45:50,408 [java.util.concurrent.ThreadPoolExecutor$Worker@77688533[State = -1, empty queue]] WARN  server.GrpcLogAppender (GrpcLogAppender.java:timeoutAppendRequest(200)) - c2ec732c-be0e-46a5-a2ed-f7f9dc34e031@group-E9D835E888EB->6876bac9-11ad-40f6-880c-796bfc7745f2-GrpcLogAppender: appendEntries Timeout, request=c2ec732c-be0e-46a5-a2ed-f7f9dc34e031->6876bac9-11ad-40f6-880c-796bfc7745f2#209-t1, previous=(t:1, i:23), leaderCommit=17, initializing? false, entries: <empty>
2019-09-10 18:45:50,408 [java.util.concurrent.ThreadPoolExecutor$Worker@506b2520[State = -1, empty queue]] WARN  server.GrpcLogAppender (GrpcLogAppender.java:timeoutAppendRequest(200)) - c2ec732c-be0e-46a5-a2ed-f7f9dc34e031@group-E9D835E888EB->64e81ce6-88e4-4777-9780-87a208f38655-GrpcLogAppender: appendEntries Timeout, request=c2ec732c-be0e-46a5-a2ed-f7f9dc34e031->64e81ce6-88e4-4777-9780-87a208f38655#209-t1, previous=(t:1, i:23), leaderCommit=17, initializing? false, entries: <empty>
2019-09-10 18:45:50,661 [grpc-default-executor-4] INFO  client.GrpcClientProtocolClient (GrpcClientProtocolClient.java:onNext(264)) - client-022477A8F022->64e81ce6-88e4-4777-9780-87a208f38655: receive RaftClientReply:client-022477A8F022->64e81ce6-88e4-4777-9780-87a208f38655@group-E9D835E888EB, cid=140, FAILED org.apache.ratis.protocol.NotLeaderException: Server 64e81ce6-88e4-4777-9780-87a208f38655@group-E9D835E888EB is not the leader c2ec732c-be0e-46a5-a2ed-f7f9dc34e031:192.168.5.139:45554, logIndex=0, commits[64e81ce6-88e4-4777-9780-87a208f38655:c17, c2ec732c-be0e-46a5-a2ed-f7f9dc34e031:c17, 6876bac9-11ad-40f6-880c-796bfc7745f2:c13]
2019-09-10 18:45:52,908 [java.util.concurrent.ThreadPoolExecutor$Worker@77688533[State = -1, empty queue]] WARN  server.GrpcLogAppender (GrpcLogAppender.java:timeoutAppendRequest(200)) - c2ec732c-be0e-46a5-a2ed-f7f9dc34e031@group-E9D835E888EB->6876bac9-11ad-40f6-880c-796bfc7745f2-GrpcLogAppender: appendEntries Timeout, request=c2ec732c-be0e-46a5-a2ed-f7f9dc34e031->6876bac9-11ad-40f6-880c-796bfc7745f2#210-t1, previous=(t:1, i:23), leaderCommit=17, initializing? false, entries: <empty>
2019-09-10 18:45:52,908 [java.util.concurrent.ThreadPoolExecutor$Worker@506b2520[State = -1, empty queue]] WARN  server.GrpcLogAppender (GrpcLogAppender.java:timeoutAppendRequest(200)) - c2ec732c-be0e-46a5-a2ed-f7f9dc34e031@group-E9D835E888EB->64e81ce6-88e4-4777-9780-87a208f38655-GrpcLogAppender: appendEntries Timeout, request=c2ec732c-be0e-46a5-a2ed-f7f9dc34e031->64e81ce6-88e4-4777-9780-87a208f38655#210-t1, previous=(t:1, i:23), leaderCommit=17, initializing? false, entries: <empty>
2019-09-10 18:45:54,886 [6876bac9-11ad-40f6-880c-796bfc7745f2@group-E9D835E888EB-SegmentedRaftLogWorker] WARN  segmented.SegmentedRaftLogWorker (SegmentedRaftLogWorker.java:getFromFuture(90)) - Timeout 8/~
org.apache.ratis.protocol.TimeoutIOException: Timeout 10s: WriteLog:18: (t:1, i:18), STATEMACHINELOGENTRY, client-022477A8F022, cid=140-writeStateMachineData
	at org.apache.ratis.util.IOUtils.getFromFuture(IOUtils.java:87)
	at org.apache.ratis.server.raftlog.segmented.SegmentedRaftLogWorker$StateMachineDataPolicy.getFromFuture(SegmentedRaftLogWorker.java:87)
	at org.apache.ratis.server.raftlog.segmented.SegmentedRaftLogWorker$WriteLog.execute(SegmentedRaftLogWorker.java:477)
	at org.apache.ratis.server.raftlog.segmented.SegmentedRaftLogWorker.run(SegmentedRaftLogWorker.java:289)
	at java.lang.Thread.run(Thread.java:748)
Caused by: java.util.concurrent.TimeoutException
	at java.util.concurrent.CompletableFuture.timedGet(CompletableFuture.java:1771)
	at java.util.concurrent.CompletableFuture.get(CompletableFuture.java:1915)
	at org.apache.ratis.util.IOUtils.getFromFuture(IOUtils.java:79)
	... 4 more
2019-09-10 18:45:54,907 [64e81ce6-88e4-4777-9780-87a208f38655@group-E9D835E888EB-SegmentedRaftLogWorker] WARN  segmented.SegmentedRaftLogWorker (SegmentedRaftLogWorker.java:getFromFuture(90)) - Timeout 8/~
org.apache.ratis.protocol.TimeoutIOException: Timeout 10s: WriteLog:18: (t:1, i:18), STATEMACHINELOGENTRY, client-022477A8F022, cid=140-writeStateMachineData
	at org.apache.ratis.util.IOUtils.getFromFuture(IOUtils.java:87)
	at org.apache.ratis.server.raftlog.segmented.SegmentedRaftLogWorker$StateMachineDataPolicy.getFromFuture(SegmentedRaftLogWorker.java:87)
	at org.apache.ratis.server.raftlog.segmented.SegmentedRaftLogWorker$WriteLog.execute(SegmentedRaftLogWorker.java:477)
	at org.apache.ratis.server.raftlog.segmented.SegmentedRaftLogWorker.run(SegmentedRaftLogWorker.java:289)
	at java.lang.Thread.run(Thread.java:748)
Caused by: java.util.concurrent.TimeoutException
	at java.util.concurrent.CompletableFuture.timedGet(CompletableFuture.java:1771)
	at java.util.concurrent.CompletableFuture.get(CompletableFuture.java:1915)
	at org.apache.ratis.util.IOUtils.getFromFuture(IOUtils.java:79)
	... 4 more
2019-09-10 18:45:55,061 [c2ec732c-be0e-46a5-a2ed-f7f9dc34e031@group-E9D835E888EB-SegmentedRaftLogWorker] WARN  segmented.SegmentedRaftLogWorker (SegmentedRaftLogWorker.java:getFromFuture(90)) - Timeout 8/~
org.apache.ratis.protocol.TimeoutIOException: Timeout 10s: WriteLog:21: (t:1, i:21), STATEMACHINELOGENTRY, client-022477A8F022, cid=143-writeStateMachineData
	at org.apache.ratis.util.IOUtils.getFromFuture(IOUtils.java:87)
	at org.apache.ratis.server.raftlog.segmented.SegmentedRaftLogWorker$StateMachineDataPolicy.getFromFuture(SegmentedRaftLogWorker.java:87)
	at org.apache.ratis.server.raftlog.segmented.SegmentedRaftLogWorker$WriteLog.execute(SegmentedRaftLogWorker.java:477)
	at org.apache.ratis.server.raftlog.segmented.SegmentedRaftLogWorker.run(SegmentedRaftLogWorker.java:289)
	at java.lang.Thread.run(Thread.java:748)
Caused by: java.util.concurrent.TimeoutException
	at java.util.concurrent.CompletableFuture.timedGet(CompletableFuture.java:1771)
	at java.util.concurrent.CompletableFuture.get(CompletableFuture.java:1915)
	at org.apache.ratis.util.IOUtils.getFromFuture(IOUtils.java:79)
	... 4 more
2019-09-10 18:45:55,409 [java.util.concurrent.ThreadPoolExecutor$Worker@506b2520[State = -1, empty queue]] WARN  server.GrpcLogAppender (GrpcLogAppender.java:timeoutAppendRequest(200)) - c2ec732c-be0e-46a5-a2ed-f7f9dc34e031@group-E9D835E888EB->64e81ce6-88e4-4777-9780-87a208f38655-GrpcLogAppender: appendEntries Timeout, request=c2ec732c-be0e-46a5-a2ed-f7f9dc34e031->64e81ce6-88e4-4777-9780-87a208f38655#211-t1, previous=(t:1, i:23), leaderCommit=17, initializing? false, entries: <empty>
2019-09-10 18:45:55,409 [java.util.concurrent.ThreadPoolExecutor$Worker@77688533[State = -1, empty queue]] WARN  server.GrpcLogAppender (GrpcLogAppender.java:timeoutAppendRequest(200)) - c2ec732c-be0e-46a5-a2ed-f7f9dc34e031@group-E9D835E888EB->6876bac9-11ad-40f6-880c-796bfc7745f2-GrpcLogAppender: appendEntries Timeout, request=c2ec732c-be0e-46a5-a2ed-f7f9dc34e031->6876bac9-11ad-40f6-880c-796bfc7745f2#211-t1, previous=(t:1, i:23), leaderCommit=17, initializing? false, entries: <empty>
2019-09-10 18:45:55,729 [grpc-default-executor-2] INFO  client.GrpcClientProtocolClient (GrpcClientProtocolClient.java:onNext(264)) - client-022477A8F022->64e81ce6-88e4-4777-9780-87a208f38655: receive RaftClientReply:client-022477A8F022->64e81ce6-88e4-4777-9780-87a208f38655@group-E9D835E888EB, cid=140, FAILED org.apache.ratis.protocol.NotLeaderException: Server 64e81ce6-88e4-4777-9780-87a208f38655@group-E9D835E888EB is not the leader c2ec732c-be0e-46a5-a2ed-f7f9dc34e031:192.168.5.139:45554, logIndex=0, commits[64e81ce6-88e4-4777-9780-87a208f38655:c17, c2ec732c-be0e-46a5-a2ed-f7f9dc34e031:c17, 6876bac9-11ad-40f6-880c-796bfc7745f2:c13]
2019-09-10 18:45:57,909 [java.util.concurrent.ThreadPoolExecutor$Worker@506b2520[State = -1, empty queue]] WARN  server.GrpcLogAppender (GrpcLogAppender.java:timeoutAppendRequest(200)) - c2ec732c-be0e-46a5-a2ed-f7f9dc34e031@group-E9D835E888EB->64e81ce6-88e4-4777-9780-87a208f38655-GrpcLogAppender: appendEntries Timeout, request=c2ec732c-be0e-46a5-a2ed-f7f9dc34e031->64e81ce6-88e4-4777-9780-87a208f38655#212-t1, previous=(t:1, i:23), leaderCommit=17, initializing? false, entries: <empty>
2019-09-10 18:45:57,909 [java.util.concurrent.ThreadPoolExecutor$Worker@77688533[State = -1, empty queue]] WARN  server.GrpcLogAppender (GrpcLogAppender.java:timeoutAppendRequest(200)) - c2ec732c-be0e-46a5-a2ed-f7f9dc34e031@group-E9D835E888EB->6876bac9-11ad-40f6-880c-796bfc7745f2-GrpcLogAppender: appendEntries Timeout, request=c2ec732c-be0e-46a5-a2ed-f7f9dc34e031->6876bac9-11ad-40f6-880c-796bfc7745f2#212-t1, previous=(t:1, i:23), leaderCommit=17, initializing? false, entries: <empty>
2019-09-10 18:46:00,409 [java.util.concurrent.ThreadPoolExecutor$Worker@77688533[State = -1, empty queue]] WARN  server.GrpcLogAppender (GrpcLogAppender.java:timeoutAppendRequest(200)) - c2ec732c-be0e-46a5-a2ed-f7f9dc34e031@group-E9D835E888EB->6876bac9-11ad-40f6-880c-796bfc7745f2-GrpcLogAppender: appendEntries Timeout, request=c2ec732c-be0e-46a5-a2ed-f7f9dc34e031->6876bac9-11ad-40f6-880c-796bfc7745f2#213-t1, previous=(t:1, i:23), leaderCommit=17, initializing? false, entries: <empty>
2019-09-10 18:46:00,409 [java.util.concurrent.ThreadPoolExecutor$Worker@506b2520[State = -1, empty queue]] WARN  server.GrpcLogAppender (GrpcLogAppender.java:timeoutAppendRequest(200)) - c2ec732c-be0e-46a5-a2ed-f7f9dc34e031@group-E9D835E888EB->64e81ce6-88e4-4777-9780-87a208f38655-GrpcLogAppender: appendEntries Timeout, request=c2ec732c-be0e-46a5-a2ed-f7f9dc34e031->64e81ce6-88e4-4777-9780-87a208f38655#213-t1, previous=(t:1, i:23), leaderCommit=17, initializing? false, entries: <empty>
2019-09-10 18:46:00,784 [grpc-default-executor-4] INFO  client.GrpcClientProtocolClient (GrpcClientProtocolClient.java:onNext(264)) - client-022477A8F022->64e81ce6-88e4-4777-9780-87a208f38655: receive RaftClientReply:client-022477A8F022->64e81ce6-88e4-4777-9780-87a208f38655@group-E9D835E888EB, cid=140, FAILED org.apache.ratis.protocol.NotLeaderException: Server 64e81ce6-88e4-4777-9780-87a208f38655@group-E9D835E888EB is not the leader c2ec732c-be0e-46a5-a2ed-f7f9dc34e031:192.168.5.139:45554, logIndex=0, commits[64e81ce6-88e4-4777-9780-87a208f38655:c17, c2ec732c-be0e-46a5-a2ed-f7f9dc34e031:c17, 6876bac9-11ad-40f6-880c-796bfc7745f2:c13]
2019-09-10 18:46:02,909 [java.util.concurrent.ThreadPoolExecutor$Worker@506b2520[State = -1, empty queue]] WARN  server.GrpcLogAppender (GrpcLogAppender.java:timeoutAppendRequest(200)) - c2ec732c-be0e-46a5-a2ed-f7f9dc34e031@group-E9D835E888EB->64e81ce6-88e4-4777-9780-87a208f38655-GrpcLogAppender: appendEntries Timeout, request=c2ec732c-be0e-46a5-a2ed-f7f9dc34e031->64e81ce6-88e4-4777-9780-87a208f38655#214-t1, previous=(t:1, i:23), leaderCommit=17, initializing? false, entries: <empty>
2019-09-10 18:46:02,909 [java.util.concurrent.ThreadPoolExecutor$Worker@77688533[State = -1, empty queue]] WARN  server.GrpcLogAppender (GrpcLogAppender.java:timeoutAppendRequest(200)) - c2ec732c-be0e-46a5-a2ed-f7f9dc34e031@group-E9D835E888EB->6876bac9-11ad-40f6-880c-796bfc7745f2-GrpcLogAppender: appendEntries Timeout, request=c2ec732c-be0e-46a5-a2ed-f7f9dc34e031->6876bac9-11ad-40f6-880c-796bfc7745f2#214-t1, previous=(t:1, i:23), leaderCommit=17, initializing? false, entries: <empty>
2019-09-10 18:46:04,887 [6876bac9-11ad-40f6-880c-796bfc7745f2@group-E9D835E888EB-SegmentedRaftLogWorker] WARN  segmented.SegmentedRaftLogWorker (SegmentedRaftLogWorker.java:getFromFuture(90)) - Timeout 9/~
org.apache.ratis.protocol.TimeoutIOException: Timeout 10s: WriteLog:18: (t:1, i:18), STATEMACHINELOGENTRY, client-022477A8F022, cid=140-writeStateMachineData
	at org.apache.ratis.util.IOUtils.getFromFuture(IOUtils.java:87)
	at org.apache.ratis.server.raftlog.segmented.SegmentedRaftLogWorker$StateMachineDataPolicy.getFromFuture(SegmentedRaftLogWorker.java:87)
	at org.apache.ratis.server.raftlog.segmented.SegmentedRaftLogWorker$WriteLog.execute(SegmentedRaftLogWorker.java:477)
	at org.apache.ratis.server.raftlog.segmented.SegmentedRaftLogWorker.run(SegmentedRaftLogWorker.java:289)
	at java.lang.Thread.run(Thread.java:748)
Caused by: java.util.concurrent.TimeoutException
	at java.util.concurrent.CompletableFuture.timedGet(CompletableFuture.java:1771)
	at java.util.concurrent.CompletableFuture.get(CompletableFuture.java:1915)
	at org.apache.ratis.util.IOUtils.getFromFuture(IOUtils.java:79)
	... 4 more
2019-09-10 18:46:04,908 [64e81ce6-88e4-4777-9780-87a208f38655@group-E9D835E888EB-SegmentedRaftLogWorker] WARN  segmented.SegmentedRaftLogWorker (SegmentedRaftLogWorker.java:getFromFuture(90)) - Timeout 9/~
org.apache.ratis.protocol.TimeoutIOException: Timeout 10s: WriteLog:18: (t:1, i:18), STATEMACHINELOGENTRY, client-022477A8F022, cid=140-writeStateMachineData
	at org.apache.ratis.util.IOUtils.getFromFuture(IOUtils.java:87)
	at org.apache.ratis.server.raftlog.segmented.SegmentedRaftLogWorker$StateMachineDataPolicy.getFromFuture(SegmentedRaftLogWorker.java:87)
	at org.apache.ratis.server.raftlog.segmented.SegmentedRaftLogWorker$WriteLog.execute(SegmentedRaftLogWorker.java:477)
	at org.apache.ratis.server.raftlog.segmented.SegmentedRaftLogWorker.run(SegmentedRaftLogWorker.java:289)
	at java.lang.Thread.run(Thread.java:748)
Caused by: java.util.concurrent.TimeoutException
	at java.util.concurrent.CompletableFuture.timedGet(CompletableFuture.java:1771)
	at java.util.concurrent.CompletableFuture.get(CompletableFuture.java:1915)
	at org.apache.ratis.util.IOUtils.getFromFuture(IOUtils.java:79)
	... 4 more
2019-09-10 18:46:05,062 [c2ec732c-be0e-46a5-a2ed-f7f9dc34e031@group-E9D835E888EB-SegmentedRaftLogWorker] WARN  segmented.SegmentedRaftLogWorker (SegmentedRaftLogWorker.java:getFromFuture(90)) - Timeout 9/~
org.apache.ratis.protocol.TimeoutIOException: Timeout 10s: WriteLog:21: (t:1, i:21), STATEMACHINELOGENTRY, client-022477A8F022, cid=143-writeStateMachineData
	at org.apache.ratis.util.IOUtils.getFromFuture(IOUtils.java:87)
	at org.apache.ratis.server.raftlog.segmented.SegmentedRaftLogWorker$StateMachineDataPolicy.getFromFuture(SegmentedRaftLogWorker.java:87)
	at org.apache.ratis.server.raftlog.segmented.SegmentedRaftLogWorker$WriteLog.execute(SegmentedRaftLogWorker.java:477)
	at org.apache.ratis.server.raftlog.segmented.SegmentedRaftLogWorker.run(SegmentedRaftLogWorker.java:289)
	at java.lang.Thread.run(Thread.java:748)
Caused by: java.util.concurrent.TimeoutException
	at java.util.concurrent.CompletableFuture.timedGet(CompletableFuture.java:1771)
	at java.util.concurrent.CompletableFuture.get(CompletableFuture.java:1915)
	at org.apache.ratis.util.IOUtils.getFromFuture(IOUtils.java:79)
	... 4 more
2019-09-10 18:46:05,410 [java.util.concurrent.ThreadPoolExecutor$Worker@506b2520[State = -1, empty queue]] WARN  server.GrpcLogAppender (GrpcLogAppender.java:timeoutAppendRequest(200)) - c2ec732c-be0e-46a5-a2ed-f7f9dc34e031@group-E9D835E888EB->64e81ce6-88e4-4777-9780-87a208f38655-GrpcLogAppender: appendEntries Timeout, request=c2ec732c-be0e-46a5-a2ed-f7f9dc34e031->64e81ce6-88e4-4777-9780-87a208f38655#215-t1, previous=(t:1, i:23), leaderCommit=17, initializing? false, entries: <empty>
2019-09-10 18:46:05,410 [java.util.concurrent.ThreadPoolExecutor$Worker@77688533[State = -1, empty queue]] WARN  server.GrpcLogAppender (GrpcLogAppender.java:timeoutAppendRequest(200)) - c2ec732c-be0e-46a5-a2ed-f7f9dc34e031@group-E9D835E888EB->6876bac9-11ad-40f6-880c-796bfc7745f2-GrpcLogAppender: appendEntries Timeout, request=c2ec732c-be0e-46a5-a2ed-f7f9dc34e031->6876bac9-11ad-40f6-880c-796bfc7745f2#215-t1, previous=(t:1, i:23), leaderCommit=17, initializing? false, entries: <empty>
2019-09-10 18:46:05,817 [grpc-default-executor-4] INFO  client.GrpcClientProtocolClient (GrpcClientProtocolClient.java:onNext(264)) - client-022477A8F022->64e81ce6-88e4-4777-9780-87a208f38655: receive RaftClientReply:client-022477A8F022->64e81ce6-88e4-4777-9780-87a208f38655@group-E9D835E888EB, cid=140, FAILED org.apache.ratis.protocol.NotLeaderException: Server 64e81ce6-88e4-4777-9780-87a208f38655@group-E9D835E888EB is not the leader c2ec732c-be0e-46a5-a2ed-f7f9dc34e031:192.168.5.139:45554, logIndex=0, commits[64e81ce6-88e4-4777-9780-87a208f38655:c17, c2ec732c-be0e-46a5-a2ed-f7f9dc34e031:c17, 6876bac9-11ad-40f6-880c-796bfc7745f2:c13]
2019-09-10 18:46:07,910 [java.util.concurrent.ThreadPoolExecutor$Worker@77688533[State = -1, empty queue]] WARN  server.GrpcLogAppender (GrpcLogAppender.java:timeoutAppendRequest(200)) - c2ec732c-be0e-46a5-a2ed-f7f9dc34e031@group-E9D835E888EB->6876bac9-11ad-40f6-880c-796bfc7745f2-GrpcLogAppender: appendEntries Timeout, request=c2ec732c-be0e-46a5-a2ed-f7f9dc34e031->6876bac9-11ad-40f6-880c-796bfc7745f2#216-t1, previous=(t:1, i:23), leaderCommit=17, initializing? false, entries: <empty>
2019-09-10 18:46:07,910 [java.util.concurrent.ThreadPoolExecutor$Worker@506b2520[State = -1, empty queue]] WARN  server.GrpcLogAppender (GrpcLogAppender.java:timeoutAppendRequest(200)) - c2ec732c-be0e-46a5-a2ed-f7f9dc34e031@group-E9D835E888EB->64e81ce6-88e4-4777-9780-87a208f38655-GrpcLogAppender: appendEntries Timeout, request=c2ec732c-be0e-46a5-a2ed-f7f9dc34e031->64e81ce6-88e4-4777-9780-87a208f38655#216-t1, previous=(t:1, i:23), leaderCommit=17, initializing? false, entries: <empty>
2019-09-10 18:46:10,410 [java.util.concurrent.ThreadPoolExecutor$Worker@506b2520[State = -1, empty queue]] WARN  server.GrpcLogAppender (GrpcLogAppender.java:timeoutAppendRequest(200)) - c2ec732c-be0e-46a5-a2ed-f7f9dc34e031@group-E9D835E888EB->64e81ce6-88e4-4777-9780-87a208f38655-GrpcLogAppender: appendEntries Timeout, request=c2ec732c-be0e-46a5-a2ed-f7f9dc34e031->64e81ce6-88e4-4777-9780-87a208f38655#217-t1, previous=(t:1, i:23), leaderCommit=17, initializing? false, entries: <empty>
2019-09-10 18:46:10,410 [java.util.concurrent.ThreadPoolExecutor$Worker@77688533[State = -1, empty queue]] WARN  server.GrpcLogAppender (GrpcLogAppender.java:timeoutAppendRequest(200)) - c2ec732c-be0e-46a5-a2ed-f7f9dc34e031@group-E9D835E888EB->6876bac9-11ad-40f6-880c-796bfc7745f2-GrpcLogAppender: appendEntries Timeout, request=c2ec732c-be0e-46a5-a2ed-f7f9dc34e031->6876bac9-11ad-40f6-880c-796bfc7745f2#217-t1, previous=(t:1, i:23), leaderCommit=17, initializing? false, entries: <empty>
2019-09-10 18:46:10,876 [grpc-default-executor-4] INFO  client.GrpcClientProtocolClient (GrpcClientProtocolClient.java:onNext(264)) - client-022477A8F022->64e81ce6-88e4-4777-9780-87a208f38655: receive RaftClientReply:client-022477A8F022->64e81ce6-88e4-4777-9780-87a208f38655@group-E9D835E888EB, cid=140, FAILED org.apache.ratis.protocol.NotLeaderException: Server 64e81ce6-88e4-4777-9780-87a208f38655@group-E9D835E888EB is not the leader c2ec732c-be0e-46a5-a2ed-f7f9dc34e031:192.168.5.139:45554, logIndex=0, commits[64e81ce6-88e4-4777-9780-87a208f38655:c17, c2ec732c-be0e-46a5-a2ed-f7f9dc34e031:c17, 6876bac9-11ad-40f6-880c-796bfc7745f2:c13]
2019-09-10 18:46:12,911 [java.util.concurrent.ThreadPoolExecutor$Worker@77688533[State = -1, empty queue]] WARN  server.GrpcLogAppender (GrpcLogAppender.java:timeoutAppendRequest(200)) - c2ec732c-be0e-46a5-a2ed-f7f9dc34e031@group-E9D835E888EB->6876bac9-11ad-40f6-880c-796bfc7745f2-GrpcLogAppender: appendEntries Timeout, request=c2ec732c-be0e-46a5-a2ed-f7f9dc34e031->6876bac9-11ad-40f6-880c-796bfc7745f2#218-t1, previous=(t:1, i:23), leaderCommit=17, initializing? false, entries: <empty>
2019-09-10 18:46:12,911 [java.util.concurrent.ThreadPoolExecutor$Worker@506b2520[State = -1, empty queue]] WARN  server.GrpcLogAppender (GrpcLogAppender.java:timeoutAppendRequest(200)) - c2ec732c-be0e-46a5-a2ed-f7f9dc34e031@group-E9D835E888EB->64e81ce6-88e4-4777-9780-87a208f38655-GrpcLogAppender: appendEntries Timeout, request=c2ec732c-be0e-46a5-a2ed-f7f9dc34e031->64e81ce6-88e4-4777-9780-87a208f38655#218-t1, previous=(t:1, i:23), leaderCommit=17, initializing? false, entries: <empty>
2019-09-10 18:46:14,888 [6876bac9-11ad-40f6-880c-796bfc7745f2@group-E9D835E888EB-SegmentedRaftLogWorker] WARN  segmented.SegmentedRaftLogWorker (SegmentedRaftLogWorker.java:getFromFuture(90)) - Timeout 10/~
org.apache.ratis.protocol.TimeoutIOException: Timeout 10s: WriteLog:18: (t:1, i:18), STATEMACHINELOGENTRY, client-022477A8F022, cid=140-writeStateMachineData
	at org.apache.ratis.util.IOUtils.getFromFuture(IOUtils.java:87)
	at org.apache.ratis.server.raftlog.segmented.SegmentedRaftLogWorker$StateMachineDataPolicy.getFromFuture(SegmentedRaftLogWorker.java:87)
	at org.apache.ratis.server.raftlog.segmented.SegmentedRaftLogWorker$WriteLog.execute(SegmentedRaftLogWorker.java:477)
	at org.apache.ratis.server.raftlog.segmented.SegmentedRaftLogWorker.run(SegmentedRaftLogWorker.java:289)
	at java.lang.Thread.run(Thread.java:748)
Caused by: java.util.concurrent.TimeoutException
	at java.util.concurrent.CompletableFuture.timedGet(CompletableFuture.java:1771)
	at java.util.concurrent.CompletableFuture.get(CompletableFuture.java:1915)
	at org.apache.ratis.util.IOUtils.getFromFuture(IOUtils.java:79)
	... 4 more
2019-09-10 18:46:14,908 [64e81ce6-88e4-4777-9780-87a208f38655@group-E9D835E888EB-SegmentedRaftLogWorker] WARN  segmented.SegmentedRaftLogWorker (SegmentedRaftLogWorker.java:getFromFuture(90)) - Timeout 10/~
org.apache.ratis.protocol.TimeoutIOException: Timeout 10s: WriteLog:18: (t:1, i:18), STATEMACHINELOGENTRY, client-022477A8F022, cid=140-writeStateMachineData
	at org.apache.ratis.util.IOUtils.getFromFuture(IOUtils.java:87)
	at org.apache.ratis.server.raftlog.segmented.SegmentedRaftLogWorker$StateMachineDataPolicy.getFromFuture(SegmentedRaftLogWorker.java:87)
	at org.apache.ratis.server.raftlog.segmented.SegmentedRaftLogWorker$WriteLog.execute(SegmentedRaftLogWorker.java:477)
	at org.apache.ratis.server.raftlog.segmented.SegmentedRaftLogWorker.run(SegmentedRaftLogWorker.java:289)
	at java.lang.Thread.run(Thread.java:748)
Caused by: java.util.concurrent.TimeoutException
	at java.util.concurrent.CompletableFuture.timedGet(CompletableFuture.java:1771)
	at java.util.concurrent.CompletableFuture.get(CompletableFuture.java:1915)
	at org.apache.ratis.util.IOUtils.getFromFuture(IOUtils.java:79)
	... 4 more
2019-09-10 18:46:15,063 [c2ec732c-be0e-46a5-a2ed-f7f9dc34e031@group-E9D835E888EB-SegmentedRaftLogWorker] WARN  segmented.SegmentedRaftLogWorker (SegmentedRaftLogWorker.java:getFromFuture(90)) - Timeout 10/~
org.apache.ratis.protocol.TimeoutIOException: Timeout 10s: WriteLog:21: (t:1, i:21), STATEMACHINELOGENTRY, client-022477A8F022, cid=143-writeStateMachineData
	at org.apache.ratis.util.IOUtils.getFromFuture(IOUtils.java:87)
	at org.apache.ratis.server.raftlog.segmented.SegmentedRaftLogWorker$StateMachineDataPolicy.getFromFuture(SegmentedRaftLogWorker.java:87)
	at org.apache.ratis.server.raftlog.segmented.SegmentedRaftLogWorker$WriteLog.execute(SegmentedRaftLogWorker.java:477)
	at org.apache.ratis.server.raftlog.segmented.SegmentedRaftLogWorker.run(SegmentedRaftLogWorker.java:289)
	at java.lang.Thread.run(Thread.java:748)
Caused by: java.util.concurrent.TimeoutException
	at java.util.concurrent.CompletableFuture.timedGet(CompletableFuture.java:1771)
	at java.util.concurrent.CompletableFuture.get(CompletableFuture.java:1915)
	at org.apache.ratis.util.IOUtils.getFromFuture(IOUtils.java:79)
	... 4 more
2019-09-10 18:46:15,411 [java.util.concurrent.ThreadPoolExecutor$Worker@506b2520[State = -1, empty queue]] WARN  server.GrpcLogAppender (GrpcLogAppender.java:timeoutAppendRequest(200)) - c2ec732c-be0e-46a5-a2ed-f7f9dc34e031@group-E9D835E888EB->64e81ce6-88e4-4777-9780-87a208f38655-GrpcLogAppender: appendEntries Timeout, request=c2ec732c-be0e-46a5-a2ed-f7f9dc34e031->64e81ce6-88e4-4777-9780-87a208f38655#219-t1, previous=(t:1, i:23), leaderCommit=17, initializing? false, entries: <empty>
2019-09-10 18:46:15,411 [java.util.concurrent.ThreadPoolExecutor$Worker@77688533[State = -1, empty queue]] WARN  server.GrpcLogAppender (GrpcLogAppender.java:timeoutAppendRequest(200)) - c2ec732c-be0e-46a5-a2ed-f7f9dc34e031@group-E9D835E888EB->6876bac9-11ad-40f6-880c-796bfc7745f2-GrpcLogAppender: appendEntries Timeout, request=c2ec732c-be0e-46a5-a2ed-f7f9dc34e031->6876bac9-11ad-40f6-880c-796bfc7745f2#219-t1, previous=(t:1, i:23), leaderCommit=17, initializing? false, entries: <empty>
2019-09-10 18:46:15,916 [grpc-default-executor-0] INFO  client.GrpcClientProtocolClient (GrpcClientProtocolClient.java:onNext(264)) - client-022477A8F022->64e81ce6-88e4-4777-9780-87a208f38655: receive RaftClientReply:client-022477A8F022->64e81ce6-88e4-4777-9780-87a208f38655@group-E9D835E888EB, cid=140, FAILED org.apache.ratis.protocol.NotLeaderException: Server 64e81ce6-88e4-4777-9780-87a208f38655@group-E9D835E888EB is not the leader c2ec732c-be0e-46a5-a2ed-f7f9dc34e031:192.168.5.139:45554, logIndex=0, commits[64e81ce6-88e4-4777-9780-87a208f38655:c17, c2ec732c-be0e-46a5-a2ed-f7f9dc34e031:c17, 6876bac9-11ad-40f6-880c-796bfc7745f2:c13]
2019-09-10 18:46:17,911 [java.util.concurrent.ThreadPoolExecutor$Worker@77688533[State = -1, empty queue]] WARN  server.GrpcLogAppender (GrpcLogAppender.java:timeoutAppendRequest(200)) - c2ec732c-be0e-46a5-a2ed-f7f9dc34e031@group-E9D835E888EB->6876bac9-11ad-40f6-880c-796bfc7745f2-GrpcLogAppender: appendEntries Timeout, request=c2ec732c-be0e-46a5-a2ed-f7f9dc34e031->6876bac9-11ad-40f6-880c-796bfc7745f2#220-t1, previous=(t:1, i:23), leaderCommit=17, initializing? false, entries: <empty>
2019-09-10 18:46:17,911 [java.util.concurrent.ThreadPoolExecutor$Worker@506b2520[State = -1, empty queue]] WARN  server.GrpcLogAppender (GrpcLogAppender.java:timeoutAppendRequest(200)) - c2ec732c-be0e-46a5-a2ed-f7f9dc34e031@group-E9D835E888EB->64e81ce6-88e4-4777-9780-87a208f38655-GrpcLogAppender: appendEntries Timeout, request=c2ec732c-be0e-46a5-a2ed-f7f9dc34e031->64e81ce6-88e4-4777-9780-87a208f38655#220-t1, previous=(t:1, i:23), leaderCommit=17, initializing? false, entries: <empty>
2019-09-10 18:46:20,412 [java.util.concurrent.ThreadPoolExecutor$Worker@506b2520[State = -1, empty queue]] WARN  server.GrpcLogAppender (GrpcLogAppender.java:timeoutAppendRequest(200)) - c2ec732c-be0e-46a5-a2ed-f7f9dc34e031@group-E9D835E888EB->64e81ce6-88e4-4777-9780-87a208f38655-GrpcLogAppender: appendEntries Timeout, request=c2ec732c-be0e-46a5-a2ed-f7f9dc34e031->64e81ce6-88e4-4777-9780-87a208f38655#221-t1, previous=(t:1, i:23), leaderCommit=17, initializing? false, entries: <empty>
2019-09-10 18:46:20,412 [java.util.concurrent.ThreadPoolExecutor$Worker@77688533[State = -1, empty queue]] WARN  server.GrpcLogAppender (GrpcLogAppender.java:timeoutAppendRequest(200)) - c2ec732c-be0e-46a5-a2ed-f7f9dc34e031@group-E9D835E888EB->6876bac9-11ad-40f6-880c-796bfc7745f2-GrpcLogAppender: appendEntries Timeout, request=c2ec732c-be0e-46a5-a2ed-f7f9dc34e031->6876bac9-11ad-40f6-880c-796bfc7745f2#221-t1, previous=(t:1, i:23), leaderCommit=17, initializing? false, entries: <empty>
2019-09-10 18:46:20,961 [grpc-default-executor-0] INFO  client.GrpcClientProtocolClient (GrpcClientProtocolClient.java:onNext(264)) - client-022477A8F022->64e81ce6-88e4-4777-9780-87a208f38655: receive RaftClientReply:client-022477A8F022->64e81ce6-88e4-4777-9780-87a208f38655@group-E9D835E888EB, cid=140, FAILED org.apache.ratis.protocol.NotLeaderException: Server 64e81ce6-88e4-4777-9780-87a208f38655@group-E9D835E888EB is not the leader c2ec732c-be0e-46a5-a2ed-f7f9dc34e031:192.168.5.139:45554, logIndex=0, commits[64e81ce6-88e4-4777-9780-87a208f38655:c17, c2ec732c-be0e-46a5-a2ed-f7f9dc34e031:c17, 6876bac9-11ad-40f6-880c-796bfc7745f2:c13]
2019-09-10 18:46:22,912 [java.util.concurrent.ThreadPoolExecutor$Worker@77688533[State = -1, empty queue]] WARN  server.GrpcLogAppender (GrpcLogAppender.java:timeoutAppendRequest(200)) - c2ec732c-be0e-46a5-a2ed-f7f9dc34e031@group-E9D835E888EB->6876bac9-11ad-40f6-880c-796bfc7745f2-GrpcLogAppender: appendEntries Timeout, request=c2ec732c-be0e-46a5-a2ed-f7f9dc34e031->6876bac9-11ad-40f6-880c-796bfc7745f2#222-t1, previous=(t:1, i:23), leaderCommit=17, initializing? false, entries: <empty>
2019-09-10 18:46:22,912 [java.util.concurrent.ThreadPoolExecutor$Worker@506b2520[State = -1, empty queue]] WARN  server.GrpcLogAppender (GrpcLogAppender.java:timeoutAppendRequest(200)) - c2ec732c-be0e-46a5-a2ed-f7f9dc34e031@group-E9D835E888EB->64e81ce6-88e4-4777-9780-87a208f38655-GrpcLogAppender: appendEntries Timeout, request=c2ec732c-be0e-46a5-a2ed-f7f9dc34e031->64e81ce6-88e4-4777-9780-87a208f38655#222-t1, previous=(t:1, i:23), leaderCommit=17, initializing? false, entries: <empty>
2019-09-10 18:46:24,890 [6876bac9-11ad-40f6-880c-796bfc7745f2@group-E9D835E888EB-SegmentedRaftLogWorker] WARN  segmented.SegmentedRaftLogWorker (SegmentedRaftLogWorker.java:getFromFuture(90)) - Timeout 11/~
org.apache.ratis.protocol.TimeoutIOException: Timeout 10s: WriteLog:18: (t:1, i:18), STATEMACHINELOGENTRY, client-022477A8F022, cid=140-writeStateMachineData
	at org.apache.ratis.util.IOUtils.getFromFuture(IOUtils.java:87)
	at org.apache.ratis.server.raftlog.segmented.SegmentedRaftLogWorker$StateMachineDataPolicy.getFromFuture(SegmentedRaftLogWorker.java:87)
	at org.apache.ratis.server.raftlog.segmented.SegmentedRaftLogWorker$WriteLog.execute(SegmentedRaftLogWorker.java:477)
	at org.apache.ratis.server.raftlog.segmented.SegmentedRaftLogWorker.run(SegmentedRaftLogWorker.java:289)
	at java.lang.Thread.run(Thread.java:748)
Caused by: java.util.concurrent.TimeoutException
	at java.util.concurrent.CompletableFuture.timedGet(CompletableFuture.java:1771)
	at java.util.concurrent.CompletableFuture.get(CompletableFuture.java:1915)
	at org.apache.ratis.util.IOUtils.getFromFuture(IOUtils.java:79)
	... 4 more
2019-09-10 18:46:24,909 [64e81ce6-88e4-4777-9780-87a208f38655@group-E9D835E888EB-SegmentedRaftLogWorker] WARN  segmented.SegmentedRaftLogWorker (SegmentedRaftLogWorker.java:getFromFuture(90)) - Timeout 11/~
org.apache.ratis.protocol.TimeoutIOException: Timeout 10s: WriteLog:18: (t:1, i:18), STATEMACHINELOGENTRY, client-022477A8F022, cid=140-writeStateMachineData
	at org.apache.ratis.util.IOUtils.getFromFuture(IOUtils.java:87)
	at org.apache.ratis.server.raftlog.segmented.SegmentedRaftLogWorker$StateMachineDataPolicy.getFromFuture(SegmentedRaftLogWorker.java:87)
	at org.apache.ratis.server.raftlog.segmented.SegmentedRaftLogWorker$WriteLog.execute(SegmentedRaftLogWorker.java:477)
	at org.apache.ratis.server.raftlog.segmented.SegmentedRaftLogWorker.run(SegmentedRaftLogWorker.java:289)
	at java.lang.Thread.run(Thread.java:748)
Caused by: java.util.concurrent.TimeoutException
	at java.util.concurrent.CompletableFuture.timedGet(CompletableFuture.java:1771)
	at java.util.concurrent.CompletableFuture.get(CompletableFuture.java:1915)
	at org.apache.ratis.util.IOUtils.getFromFuture(IOUtils.java:79)
	... 4 more
2019-09-10 18:46:24,923 [org.apache.ratis.server.impl.LogAppender$AppenderDaemon$$Lambda$491/1891770971@6c4ed253] ERROR ratis.XceiverServerRatis (XceiverServerRatis.java:triggerPipelineClose(575)) - pipeline Action CLOSE  on pipeline PipelineID=65f96a82-f013-4c2d-a357-e9d835e888eb.Reason : c2ec732c-be0e-46a5-a2ed-f7f9dc34e031 has not seen follower/s 6876bac9-11ad-40f6-880c-796bfc7745f2 for 120993ms 64e81ce6-88e4-4777-9780-87a208f38655 for 121005ms
2019-09-10 18:46:24,923 [org.apache.ratis.server.impl.LogAppender$AppenderDaemon$$Lambda$491/1891770971@63ee96bb] ERROR ratis.XceiverServerRatis (XceiverServerRatis.java:triggerPipelineClose(575)) - pipeline Action CLOSE  on pipeline PipelineID=65f96a82-f013-4c2d-a357-e9d835e888eb.Reason : c2ec732c-be0e-46a5-a2ed-f7f9dc34e031 has not seen follower/s 6876bac9-11ad-40f6-880c-796bfc7745f2 for 120993ms 64e81ce6-88e4-4777-9780-87a208f38655 for 121005ms
2019-09-10 18:46:25,063 [c2ec732c-be0e-46a5-a2ed-f7f9dc34e031@group-E9D835E888EB-SegmentedRaftLogWorker] WARN  segmented.SegmentedRaftLogWorker (SegmentedRaftLogWorker.java:getFromFuture(90)) - Timeout 11/~
org.apache.ratis.protocol.TimeoutIOException: Timeout 10s: WriteLog:21: (t:1, i:21), STATEMACHINELOGENTRY, client-022477A8F022, cid=143-writeStateMachineData
	at org.apache.ratis.util.IOUtils.getFromFuture(IOUtils.java:87)
	at org.apache.ratis.server.raftlog.segmented.SegmentedRaftLogWorker$StateMachineDataPolicy.getFromFuture(SegmentedRaftLogWorker.java:87)
	at org.apache.ratis.server.raftlog.segmented.SegmentedRaftLogWorker$WriteLog.execute(SegmentedRaftLogWorker.java:477)
	at org.apache.ratis.server.raftlog.segmented.SegmentedRaftLogWorker.run(SegmentedRaftLogWorker.java:289)
	at java.lang.Thread.run(Thread.java:748)
Caused by: java.util.concurrent.TimeoutException
	at java.util.concurrent.CompletableFuture.timedGet(CompletableFuture.java:1771)
	at java.util.concurrent.CompletableFuture.get(CompletableFuture.java:1915)
	at org.apache.ratis.util.IOUtils.getFromFuture(IOUtils.java:79)
	... 4 more
2019-09-10 18:46:25,104 [EventQueue-PipelineActionsForPipelineActionHandler] ERROR pipeline.PipelineActionHandler (PipelineActionHandler.java:onMessage(60)) - Received pipeline action CLOSE for Pipeline[ Id: 65f96a82-f013-4c2d-a357-e9d835e888eb, Nodes: 6876bac9-11ad-40f6-880c-796bfc7745f2{ip: 192.168.5.139, host: pr-hdds-1786-trunk-k6rzm-1803654198, networkLocation: /default-rack, certSerialId: null}64e81ce6-88e4-4777-9780-87a208f38655{ip: 192.168.5.139, host: pr-hdds-1786-trunk-k6rzm-1803654198, networkLocation: /default-rack, certSerialId: null}c2ec732c-be0e-46a5-a2ed-f7f9dc34e031{ip: 192.168.5.139, host: pr-hdds-1786-trunk-k6rzm-1803654198, networkLocation: /default-rack, certSerialId: null}, Type:RATIS, Factor:THREE, State:OPEN] from datanode c2ec732c-be0e-46a5-a2ed-f7f9dc34e031{ip: 192.168.5.139, host: pr-hdds-1786-trunk-k6rzm-1803654198, networkLocation: /default-rack, certSerialId: null}. Reason : c2ec732c-be0e-46a5-a2ed-f7f9dc34e031 has not seen follower/s 6876bac9-11ad-40f6-880c-796bfc7745f2 for 120993ms 64e81ce6-88e4-4777-9780-87a208f38655 for 121005ms
2019-09-10 18:46:25,105 [EventQueue-PipelineActionsForPipelineActionHandler] INFO  pipeline.SCMPipelineManager (SCMPipelineManager.java:finalizeAndDestroyPipeline(311)) - destroying pipeline:Pipeline[ Id: 65f96a82-f013-4c2d-a357-e9d835e888eb, Nodes: 6876bac9-11ad-40f6-880c-796bfc7745f2{ip: 192.168.5.139, host: pr-hdds-1786-trunk-k6rzm-1803654198, networkLocation: /default-rack, certSerialId: null}64e81ce6-88e4-4777-9780-87a208f38655{ip: 192.168.5.139, host: pr-hdds-1786-trunk-k6rzm-1803654198, networkLocation: /default-rack, certSerialId: null}c2ec732c-be0e-46a5-a2ed-f7f9dc34e031{ip: 192.168.5.139, host: pr-hdds-1786-trunk-k6rzm-1803654198, networkLocation: /default-rack, certSerialId: null}, Type:RATIS, Factor:THREE, State:OPEN]
2019-09-10 18:46:25,105 [EventQueue-PipelineActionsForPipelineActionHandler] INFO  pipeline.PipelineStateManager (PipelineStateManager.java:finalizePipeline(123)) - Pipeline Pipeline[ Id: 65f96a82-f013-4c2d-a357-e9d835e888eb, Nodes: 6876bac9-11ad-40f6-880c-796bfc7745f2{ip: 192.168.5.139, host: pr-hdds-1786-trunk-k6rzm-1803654198, networkLocation: /default-rack, certSerialId: null}64e81ce6-88e4-4777-9780-87a208f38655{ip: 192.168.5.139, host: pr-hdds-1786-trunk-k6rzm-1803654198, networkLocation: /default-rack, certSerialId: null}c2ec732c-be0e-46a5-a2ed-f7f9dc34e031{ip: 192.168.5.139, host: pr-hdds-1786-trunk-k6rzm-1803654198, networkLocation: /default-rack, certSerialId: null}, Type:RATIS, Factor:THREE, State:CLOSED] moved to CLOSED state
2019-09-10 18:46:25,106 [EventQueue-CloseContainerForCloseContainerEventHandler] INFO  container.CloseContainerEventHandler (CloseContainerEventHandler.java:onMessage(61)) - Close container Event triggered for container : #1
2019-09-10 18:46:25,107 [EventQueue-CloseContainerForCloseContainerEventHandler] INFO  container.CloseContainerEventHandler (CloseContainerEventHandler.java:onMessage(61)) - Close container Event triggered for container : #6
2019-09-10 18:46:25,107 [EventQueue-CloseContainerForCloseContainerEventHandler] INFO  container.CloseContainerEventHandler (CloseContainerEventHandler.java:onMessage(61)) - Close container Event triggered for container : #8
2019-09-10 18:46:25,412 [java.util.concurrent.ThreadPoolExecutor$Worker@506b2520[State = -1, empty queue]] WARN  server.GrpcLogAppender (GrpcLogAppender.java:timeoutAppendRequest(200)) - c2ec732c-be0e-46a5-a2ed-f7f9dc34e031@group-E9D835E888EB->64e81ce6-88e4-4777-9780-87a208f38655-GrpcLogAppender: appendEntries Timeout, request=c2ec732c-be0e-46a5-a2ed-f7f9dc34e031->64e81ce6-88e4-4777-9780-87a208f38655#223-t1, previous=(t:1, i:23), leaderCommit=17, initializing? false, entries: <empty>
2019-09-10 18:46:25,412 [java.util.concurrent.ThreadPoolExecutor$Worker@77688533[State = -1, empty queue]] WARN  server.GrpcLogAppender (GrpcLogAppender.java:timeoutAppendRequest(200)) - c2ec732c-be0e-46a5-a2ed-f7f9dc34e031@group-E9D835E888EB->6876bac9-11ad-40f6-880c-796bfc7745f2-GrpcLogAppender: appendEntries Timeout, request=c2ec732c-be0e-46a5-a2ed-f7f9dc34e031->6876bac9-11ad-40f6-880c-796bfc7745f2#223-t1, previous=(t:1, i:23), leaderCommit=17, initializing? false, entries: <empty>
2019-09-10 18:46:25,997 [grpc-default-executor-2] INFO  client.GrpcClientProtocolClient (GrpcClientProtocolClient.java:onNext(264)) - client-022477A8F022->64e81ce6-88e4-4777-9780-87a208f38655: receive RaftClientReply:client-022477A8F022->64e81ce6-88e4-4777-9780-87a208f38655@group-E9D835E888EB, cid=140, FAILED org.apache.ratis.protocol.NotLeaderException: Server 64e81ce6-88e4-4777-9780-87a208f38655@group-E9D835E888EB is not the leader c2ec732c-be0e-46a5-a2ed-f7f9dc34e031:192.168.5.139:45554, logIndex=0, commits[64e81ce6-88e4-4777-9780-87a208f38655:c17, c2ec732c-be0e-46a5-a2ed-f7f9dc34e031:c17, 6876bac9-11ad-40f6-880c-796bfc7745f2:c13]
2019-09-10 18:46:27,413 [org.apache.ratis.server.impl.LogAppender$AppenderDaemon$$Lambda$491/1891770971@63ee96bb] ERROR ratis.XceiverServerRatis (XceiverServerRatis.java:triggerPipelineClose(575)) - pipeline Action CLOSE  on pipeline PipelineID=65f96a82-f013-4c2d-a357-e9d835e888eb.Reason : c2ec732c-be0e-46a5-a2ed-f7f9dc34e031 has not seen follower/s 6876bac9-11ad-40f6-880c-796bfc7745f2 for 123493ms 64e81ce6-88e4-4777-9780-87a208f38655 for 123506ms
2019-09-10 18:46:27,414 [org.apache.ratis.server.impl.LogAppender$AppenderDaemon$$Lambda$491/1891770971@6c4ed253] ERROR ratis.XceiverServerRatis (XceiverServerRatis.java:triggerPipelineClose(575)) - pipeline Action CLOSE  on pipeline PipelineID=65f96a82-f013-4c2d-a357-e9d835e888eb.Reason : c2ec732c-be0e-46a5-a2ed-f7f9dc34e031 has not seen follower/s 6876bac9-11ad-40f6-880c-796bfc7745f2 for 123494ms 64e81ce6-88e4-4777-9780-87a208f38655 for 123506ms
2019-09-10 18:46:27,913 [java.util.concurrent.ThreadPoolExecutor$Worker@506b2520[State = -1, empty queue]] WARN  server.GrpcLogAppender (GrpcLogAppender.java:timeoutAppendRequest(200)) - c2ec732c-be0e-46a5-a2ed-f7f9dc34e031@group-E9D835E888EB->64e81ce6-88e4-4777-9780-87a208f38655-GrpcLogAppender: appendEntries Timeout, request=c2ec732c-be0e-46a5-a2ed-f7f9dc34e031->64e81ce6-88e4-4777-9780-87a208f38655#224-t1, previous=(t:1, i:23), leaderCommit=17, initializing? false, entries: <empty>
2019-09-10 18:46:27,913 [java.util.concurrent.ThreadPoolExecutor$Worker@77688533[State = -1, empty queue]] WARN  server.GrpcLogAppender (GrpcLogAppender.java:timeoutAppendRequest(200)) - c2ec732c-be0e-46a5-a2ed-f7f9dc34e031@group-E9D835E888EB->6876bac9-11ad-40f6-880c-796bfc7745f2-GrpcLogAppender: appendEntries Timeout, request=c2ec732c-be0e-46a5-a2ed-f7f9dc34e031->6876bac9-11ad-40f6-880c-796bfc7745f2#224-t1, previous=(t:1, i:23), leaderCommit=17, initializing? false, entries: <empty>
2019-09-10 18:46:28,103 [EventQueue-PipelineActionsForPipelineActionHandler] ERROR pipeline.PipelineActionHandler (PipelineActionHandler.java:onMessage(60)) - Received pipeline action CLOSE for Pipeline[ Id: 65f96a82-f013-4c2d-a357-e9d835e888eb, Nodes: 6876bac9-11ad-40f6-880c-796bfc7745f2{ip: 192.168.5.139, host: pr-hdds-1786-trunk-k6rzm-1803654198, networkLocation: /default-rack, certSerialId: null}64e81ce6-88e4-4777-9780-87a208f38655{ip: 192.168.5.139, host: pr-hdds-1786-trunk-k6rzm-1803654198, networkLocation: /default-rack, certSerialId: null}c2ec732c-be0e-46a5-a2ed-f7f9dc34e031{ip: 192.168.5.139, host: pr-hdds-1786-trunk-k6rzm-1803654198, networkLocation: /default-rack, certSerialId: null}, Type:RATIS, Factor:THREE, State:CLOSED] from datanode c2ec732c-be0e-46a5-a2ed-f7f9dc34e031{ip: 192.168.5.139, host: pr-hdds-1786-trunk-k6rzm-1803654198, networkLocation: /default-rack, certSerialId: null}. Reason : c2ec732c-be0e-46a5-a2ed-f7f9dc34e031 has not seen follower/s 6876bac9-11ad-40f6-880c-796bfc7745f2 for 123493ms 64e81ce6-88e4-4777-9780-87a208f38655 for 123506ms
2019-09-10 18:46:28,103 [EventQueue-PipelineActionsForPipelineActionHandler] INFO  pipeline.SCMPipelineManager (SCMPipelineManager.java:finalizeAndDestroyPipeline(311)) - destroying pipeline:Pipeline[ Id: 65f96a82-f013-4c2d-a357-e9d835e888eb, Nodes: 6876bac9-11ad-40f6-880c-796bfc7745f2{ip: 192.168.5.139, host: pr-hdds-1786-trunk-k6rzm-1803654198, networkLocation: /default-rack, certSerialId: null}64e81ce6-88e4-4777-9780-87a208f38655{ip: 192.168.5.139, host: pr-hdds-1786-trunk-k6rzm-1803654198, networkLocation: /default-rack, certSerialId: null}c2ec732c-be0e-46a5-a2ed-f7f9dc34e031{ip: 192.168.5.139, host: pr-hdds-1786-trunk-k6rzm-1803654198, networkLocation: /default-rack, certSerialId: null}, Type:RATIS, Factor:THREE, State:CLOSED]
2019-09-10 18:46:28,130 [org.apache.ratis.server.impl.LogAppender$AppenderDaemon$$Lambda$491/1891770971@6c4ed253] ERROR ratis.XceiverServerRatis (XceiverServerRatis.java:triggerPipelineClose(575)) - pipeline Action CLOSE  on pipeline PipelineID=65f96a82-f013-4c2d-a357-e9d835e888eb.Reason : c2ec732c-be0e-46a5-a2ed-f7f9dc34e031 has not seen follower/s 6876bac9-11ad-40f6-880c-796bfc7745f2 for 124210ms 64e81ce6-88e4-4777-9780-87a208f38655 for 124222ms
2019-09-10 18:46:28,130 [org.apache.ratis.server.impl.LogAppender$AppenderDaemon$$Lambda$491/1891770971@63ee96bb] ERROR ratis.XceiverServerRatis (XceiverServerRatis.java:triggerPipelineClose(575)) - pipeline Action CLOSE  on pipeline PipelineID=65f96a82-f013-4c2d-a357-e9d835e888eb.Reason : c2ec732c-be0e-46a5-a2ed-f7f9dc34e031 has not seen follower/s 6876bac9-11ad-40f6-880c-796bfc7745f2 for 124210ms 64e81ce6-88e4-4777-9780-87a208f38655 for 124222ms
2019-09-10 18:46:29,132 [EventQueue-PipelineActionsForPipelineActionHandler] ERROR pipeline.PipelineActionHandler (PipelineActionHandler.java:onMessage(60)) - Received pipeline action CLOSE for Pipeline[ Id: 65f96a82-f013-4c2d-a357-e9d835e888eb, Nodes: 6876bac9-11ad-40f6-880c-796bfc7745f2{ip: 192.168.5.139, host: pr-hdds-1786-trunk-k6rzm-1803654198, networkLocation: /default-rack, certSerialId: null}64e81ce6-88e4-4777-9780-87a208f38655{ip: 192.168.5.139, host: pr-hdds-1786-trunk-k6rzm-1803654198, networkLocation: /default-rack, certSerialId: null}c2ec732c-be0e-46a5-a2ed-f7f9dc34e031{ip: 192.168.5.139, host: pr-hdds-1786-trunk-k6rzm-1803654198, networkLocation: /default-rack, certSerialId: null}, Type:RATIS, Factor:THREE, State:CLOSED] from datanode c2ec732c-be0e-46a5-a2ed-f7f9dc34e031{ip: 192.168.5.139, host: pr-hdds-1786-trunk-k6rzm-1803654198, networkLocation: /default-rack, certSerialId: null}. Reason : c2ec732c-be0e-46a5-a2ed-f7f9dc34e031 has not seen follower/s 6876bac9-11ad-40f6-880c-796bfc7745f2 for 124210ms 64e81ce6-88e4-4777-9780-87a208f38655 for 124222ms
2019-09-10 18:46:29,132 [EventQueue-PipelineActionsForPipelineActionHandler] INFO  pipeline.SCMPipelineManager (SCMPipelineManager.java:finalizeAndDestroyPipeline(311)) - destroying pipeline:Pipeline[ Id: 65f96a82-f013-4c2d-a357-e9d835e888eb, Nodes: 6876bac9-11ad-40f6-880c-796bfc7745f2{ip: 192.168.5.139, host: pr-hdds-1786-trunk-k6rzm-1803654198, networkLocation: /default-rack, certSerialId: null}64e81ce6-88e4-4777-9780-87a208f38655{ip: 192.168.5.139, host: pr-hdds-1786-trunk-k6rzm-1803654198, networkLocation: /default-rack, certSerialId: null}c2ec732c-be0e-46a5-a2ed-f7f9dc34e031{ip: 192.168.5.139, host: pr-hdds-1786-trunk-k6rzm-1803654198, networkLocation: /default-rack, certSerialId: null}, Type:RATIS, Factor:THREE, State:CLOSED]
2019-09-10 18:46:30,413 [java.util.concurrent.ThreadPoolExecutor$Worker@77688533[State = -1, empty queue]] WARN  server.GrpcLogAppender (GrpcLogAppender.java:timeoutAppendRequest(200)) - c2ec732c-be0e-46a5-a2ed-f7f9dc34e031@group-E9D835E888EB->6876bac9-11ad-40f6-880c-796bfc7745f2-GrpcLogAppender: appendEntries Timeout, request=c2ec732c-be0e-46a5-a2ed-f7f9dc34e031->6876bac9-11ad-40f6-880c-796bfc7745f2#225-t1, previous=(t:1, i:23), leaderCommit=17, initializing? false, entries: <empty>
2019-09-10 18:46:30,414 [java.util.concurrent.ThreadPoolExecutor$Worker@506b2520[State = -1, empty queue]] WARN  server.GrpcLogAppender (GrpcLogAppender.java:timeoutAppendRequest(200)) - c2ec732c-be0e-46a5-a2ed-f7f9dc34e031@group-E9D835E888EB->64e81ce6-88e4-4777-9780-87a208f38655-GrpcLogAppender: appendEntries Timeout, request=c2ec732c-be0e-46a5-a2ed-f7f9dc34e031->64e81ce6-88e4-4777-9780-87a208f38655#225-t1, previous=(t:1, i:23), leaderCommit=17, initializing? false, entries: <empty>
2019-09-10 18:46:30,630 [org.apache.ratis.server.impl.LogAppender$AppenderDaemon$$Lambda$491/1891770971@6c4ed253] ERROR ratis.XceiverServerRatis (XceiverServerRatis.java:triggerPipelineClose(575)) - pipeline Action CLOSE  on pipeline PipelineID=65f96a82-f013-4c2d-a357-e9d835e888eb.Reason : c2ec732c-be0e-46a5-a2ed-f7f9dc34e031 has not seen follower/s 6876bac9-11ad-40f6-880c-796bfc7745f2 for 126710ms 64e81ce6-88e4-4777-9780-87a208f38655 for 126723ms
2019-09-10 18:46:30,630 [org.apache.ratis.server.impl.LogAppender$AppenderDaemon$$Lambda$491/1891770971@63ee96bb] ERROR ratis.XceiverServerRatis (XceiverServerRatis.java:triggerPipelineClose(575)) - pipeline Action CLOSE  on pipeline PipelineID=65f96a82-f013-4c2d-a357-e9d835e888eb.Reason : c2ec732c-be0e-46a5-a2ed-f7f9dc34e031 has not seen follower/s 6876bac9-11ad-40f6-880c-796bfc7745f2 for 126710ms 64e81ce6-88e4-4777-9780-87a208f38655 for 126723ms
2019-09-10 18:46:31,044 [grpc-default-executor-0] INFO  client.GrpcClientProtocolClient (GrpcClientProtocolClient.java:onNext(264)) - client-022477A8F022->64e81ce6-88e4-4777-9780-87a208f38655: receive RaftClientReply:client-022477A8F022->64e81ce6-88e4-4777-9780-87a208f38655@group-E9D835E888EB, cid=140, FAILED org.apache.ratis.protocol.NotLeaderException: Server 64e81ce6-88e4-4777-9780-87a208f38655@group-E9D835E888EB is not the leader c2ec732c-be0e-46a5-a2ed-f7f9dc34e031:192.168.5.139:45554, logIndex=0, commits[64e81ce6-88e4-4777-9780-87a208f38655:c17, c2ec732c-be0e-46a5-a2ed-f7f9dc34e031:c17, 6876bac9-11ad-40f6-880c-796bfc7745f2:c13]
2019-09-10 18:46:31,130 [java.util.concurrent.ThreadPoolExecutor$Worker@506b2520[State = -1, empty queue]] WARN  server.GrpcLogAppender (GrpcLogAppender.java:timeoutAppendRequest(200)) - c2ec732c-be0e-46a5-a2ed-f7f9dc34e031@group-E9D835E888EB->64e81ce6-88e4-4777-9780-87a208f38655-GrpcLogAppender: appendEntries Timeout, request=c2ec732c-be0e-46a5-a2ed-f7f9dc34e031->64e81ce6-88e4-4777-9780-87a208f38655#226-t1, previous=(t:1, i:23), leaderCommit=17, initializing? false, entries: size=1, first=(t:1, i:24), STATEMACHINELOGENTRY, client-E3A01A5A9964, cid=15
2019-09-10 18:46:31,130 [java.util.concurrent.ThreadPoolExecutor$Worker@77688533[State = -1, empty queue]] WARN  server.GrpcLogAppender (GrpcLogAppender.java:timeoutAppendRequest(200)) - c2ec732c-be0e-46a5-a2ed-f7f9dc34e031@group-E9D835E888EB->6876bac9-11ad-40f6-880c-796bfc7745f2-GrpcLogAppender: appendEntries Timeout, request=c2ec732c-be0e-46a5-a2ed-f7f9dc34e031->6876bac9-11ad-40f6-880c-796bfc7745f2#226-t1, previous=(t:1, i:23), leaderCommit=17, initializing? false, entries: size=1, first=(t:1, i:24), STATEMACHINELOGENTRY, client-E3A01A5A9964, cid=15
2019-09-10 18:46:31,131 [EventQueue-PipelineActionsForPipelineActionHandler] ERROR pipeline.PipelineActionHandler (PipelineActionHandler.java:onMessage(60)) - Received pipeline action CLOSE for Pipeline[ Id: 65f96a82-f013-4c2d-a357-e9d835e888eb, Nodes: 6876bac9-11ad-40f6-880c-796bfc7745f2{ip: 192.168.5.139, host: pr-hdds-1786-trunk-k6rzm-1803654198, networkLocation: /default-rack, certSerialId: null}64e81ce6-88e4-4777-9780-87a208f38655{ip: 192.168.5.139, host: pr-hdds-1786-trunk-k6rzm-1803654198, networkLocation: /default-rack, certSerialId: null}c2ec732c-be0e-46a5-a2ed-f7f9dc34e031{ip: 192.168.5.139, host: pr-hdds-1786-trunk-k6rzm-1803654198, networkLocation: /default-rack, certSerialId: null}, Type:RATIS, Factor:THREE, State:CLOSED] from datanode c2ec732c-be0e-46a5-a2ed-f7f9dc34e031{ip: 192.168.5.139, host: pr-hdds-1786-trunk-k6rzm-1803654198, networkLocation: /default-rack, certSerialId: null}. Reason : c2ec732c-be0e-46a5-a2ed-f7f9dc34e031 has not seen follower/s 6876bac9-11ad-40f6-880c-796bfc7745f2 for 126710ms 64e81ce6-88e4-4777-9780-87a208f38655 for 126723ms
2019-09-10 18:46:31,131 [EventQueue-PipelineActionsForPipelineActionHandler] INFO  pipeline.SCMPipelineManager (SCMPipelineManager.java:finalizeAndDestroyPipeline(311)) - destroying pipeline:Pipeline[ Id: 65f96a82-f013-4c2d-a357-e9d835e888eb, Nodes: 6876bac9-11ad-40f6-880c-796bfc7745f2{ip: 192.168.5.139, host: pr-hdds-1786-trunk-k6rzm-1803654198, networkLocation: /default-rack, certSerialId: null}64e81ce6-88e4-4777-9780-87a208f38655{ip: 192.168.5.139, host: pr-hdds-1786-trunk-k6rzm-1803654198, networkLocation: /default-rack, certSerialId: null}c2ec732c-be0e-46a5-a2ed-f7f9dc34e031{ip: 192.168.5.139, host: pr-hdds-1786-trunk-k6rzm-1803654198, networkLocation: /default-rack, certSerialId: null}, Type:RATIS, Factor:THREE, State:CLOSED]
2019-09-10 18:46:33,131 [org.apache.ratis.server.impl.LogAppender$AppenderDaemon$$Lambda$491/1891770971@6c4ed253] ERROR ratis.XceiverServerRatis (XceiverServerRatis.java:triggerPipelineClose(575)) - pipeline Action CLOSE  on pipeline PipelineID=65f96a82-f013-4c2d-a357-e9d835e888eb.Reason : c2ec732c-be0e-46a5-a2ed-f7f9dc34e031 has not seen follower/s 6876bac9-11ad-40f6-880c-796bfc7745f2 for 129211ms 64e81ce6-88e4-4777-9780-87a208f38655 for 129224ms
2019-09-10 18:46:33,131 [org.apache.ratis.server.impl.LogAppender$AppenderDaemon$$Lambda$491/1891770971@63ee96bb] ERROR ratis.XceiverServerRatis (XceiverServerRatis.java:triggerPipelineClose(575)) - pipeline Action CLOSE  on pipeline PipelineID=65f96a82-f013-4c2d-a357-e9d835e888eb.Reason : c2ec732c-be0e-46a5-a2ed-f7f9dc34e031 has not seen follower/s 6876bac9-11ad-40f6-880c-796bfc7745f2 for 129211ms 64e81ce6-88e4-4777-9780-87a208f38655 for 129224ms
2019-09-10 18:46:33,630 [java.util.concurrent.ThreadPoolExecutor$Worker@506b2520[State = -1, empty queue]] WARN  server.GrpcLogAppender (GrpcLogAppender.java:timeoutAppendRequest(200)) - c2ec732c-be0e-46a5-a2ed-f7f9dc34e031@group-E9D835E888EB->64e81ce6-88e4-4777-9780-87a208f38655-GrpcLogAppender: appendEntries Timeout, request=c2ec732c-be0e-46a5-a2ed-f7f9dc34e031->64e81ce6-88e4-4777-9780-87a208f38655#227-t1, previous=(t:1, i:24), leaderCommit=17, initializing? false, entries: <empty>
2019-09-10 18:46:33,630 [java.util.concurrent.ThreadPoolExecutor$Worker@77688533[State = -1, empty queue]] WARN  server.GrpcLogAppender (GrpcLogAppender.java:timeoutAppendRequest(200)) - c2ec732c-be0e-46a5-a2ed-f7f9dc34e031@group-E9D835E888EB->6876bac9-11ad-40f6-880c-796bfc7745f2-GrpcLogAppender: appendEntries Timeout, request=c2ec732c-be0e-46a5-a2ed-f7f9dc34e031->6876bac9-11ad-40f6-880c-796bfc7745f2#227-t1, previous=(t:1, i:24), leaderCommit=17, initializing? false, entries: <empty>
2019-09-10 18:46:34,132 [EventQueue-PipelineActionsForPipelineActionHandler] ERROR pipeline.PipelineActionHandler (PipelineActionHandler.java:onMessage(60)) - Received pipeline action CLOSE for Pipeline[ Id: 65f96a82-f013-4c2d-a357-e9d835e888eb, Nodes: 6876bac9-11ad-40f6-880c-796bfc7745f2{ip: 192.168.5.139, host: pr-hdds-1786-trunk-k6rzm-1803654198, networkLocation: /default-rack, certSerialId: null}64e81ce6-88e4-4777-9780-87a208f38655{ip: 192.168.5.139, host: pr-hdds-1786-trunk-k6rzm-1803654198, networkLocation: /default-rack, certSerialId: null}c2ec732c-be0e-46a5-a2ed-f7f9dc34e031{ip: 192.168.5.139, host: pr-hdds-1786-trunk-k6rzm-1803654198, networkLocation: /default-rack, certSerialId: null}, Type:RATIS, Factor:THREE, State:CLOSED] from datanode c2ec732c-be0e-46a5-a2ed-f7f9dc34e031{ip: 192.168.5.139, host: pr-hdds-1786-trunk-k6rzm-1803654198, networkLocation: /default-rack, certSerialId: null}. Reason : c2ec732c-be0e-46a5-a2ed-f7f9dc34e031 has not seen follower/s 6876bac9-11ad-40f6-880c-796bfc7745f2 for 129211ms 64e81ce6-88e4-4777-9780-87a208f38655 for 129224ms
2019-09-10 18:46:34,133 [EventQueue-PipelineActionsForPipelineActionHandler] INFO  pipeline.SCMPipelineManager (SCMPipelineManager.java:finalizeAndDestroyPipeline(311)) - destroying pipeline:Pipeline[ Id: 65f96a82-f013-4c2d-a357-e9d835e888eb, Nodes: 6876bac9-11ad-40f6-880c-796bfc7745f2{ip: 192.168.5.139, host: pr-hdds-1786-trunk-k6rzm-1803654198, networkLocation: /default-rack, certSerialId: null}64e81ce6-88e4-4777-9780-87a208f38655{ip: 192.168.5.139, host: pr-hdds-1786-trunk-k6rzm-1803654198, networkLocation: /default-rack, certSerialId: null}c2ec732c-be0e-46a5-a2ed-f7f9dc34e031{ip: 192.168.5.139, host: pr-hdds-1786-trunk-k6rzm-1803654198, networkLocation: /default-rack, certSerialId: null}, Type:RATIS, Factor:THREE, State:CLOSED]
2019-09-10 18:46:34,891 [6876bac9-11ad-40f6-880c-796bfc7745f2@group-E9D835E888EB-SegmentedRaftLogWorker] WARN  segmented.SegmentedRaftLogWorker (SegmentedRaftLogWorker.java:getFromFuture(90)) - Timeout 12/~
org.apache.ratis.protocol.TimeoutIOException: Timeout 10s: WriteLog:18: (t:1, i:18), STATEMACHINELOGENTRY, client-022477A8F022, cid=140-writeStateMachineData
	at org.apache.ratis.util.IOUtils.getFromFuture(IOUtils.java:87)
	at org.apache.ratis.server.raftlog.segmented.SegmentedRaftLogWorker$StateMachineDataPolicy.getFromFuture(SegmentedRaftLogWorker.java:87)
	at org.apache.ratis.server.raftlog.segmented.SegmentedRaftLogWorker$WriteLog.execute(SegmentedRaftLogWorker.java:477)
	at org.apache.ratis.server.raftlog.segmented.SegmentedRaftLogWorker.run(SegmentedRaftLogWorker.java:289)
	at java.lang.Thread.run(Thread.java:748)
Caused by: java.util.concurrent.TimeoutException
	at java.util.concurrent.CompletableFuture.timedGet(CompletableFuture.java:1771)
	at java.util.concurrent.CompletableFuture.get(CompletableFuture.java:1915)
	at org.apache.ratis.util.IOUtils.getFromFuture(IOUtils.java:79)
	... 4 more
2019-09-10 18:46:34,909 [64e81ce6-88e4-4777-9780-87a208f38655@group-E9D835E888EB-SegmentedRaftLogWorker] WARN  segmented.SegmentedRaftLogWorker (SegmentedRaftLogWorker.java:getFromFuture(90)) - Timeout 12/~
org.apache.ratis.protocol.TimeoutIOException: Timeout 10s: WriteLog:18: (t:1, i:18), STATEMACHINELOGENTRY, client-022477A8F022, cid=140-writeStateMachineData
	at org.apache.ratis.util.IOUtils.getFromFuture(IOUtils.java:87)
	at org.apache.ratis.server.raftlog.segmented.SegmentedRaftLogWorker$StateMachineDataPolicy.getFromFuture(SegmentedRaftLogWorker.java:87)
	at org.apache.ratis.server.raftlog.segmented.SegmentedRaftLogWorker$WriteLog.execute(SegmentedRaftLogWorker.java:477)
	at org.apache.ratis.server.raftlog.segmented.SegmentedRaftLogWorker.run(SegmentedRaftLogWorker.java:289)
	at java.lang.Thread.run(Thread.java:748)
Caused by: java.util.concurrent.TimeoutException
	at java.util.concurrent.CompletableFuture.timedGet(CompletableFuture.java:1771)
	at java.util.concurrent.CompletableFuture.get(CompletableFuture.java:1915)
	at org.apache.ratis.util.IOUtils.getFromFuture(IOUtils.java:79)
	... 4 more
2019-09-10 18:46:35,064 [c2ec732c-be0e-46a5-a2ed-f7f9dc34e031@group-E9D835E888EB-SegmentedRaftLogWorker] WARN  segmented.SegmentedRaftLogWorker (SegmentedRaftLogWorker.java:getFromFuture(90)) - Timeout 12/~
org.apache.ratis.protocol.TimeoutIOException: Timeout 10s: WriteLog:21: (t:1, i:21), STATEMACHINELOGENTRY, client-022477A8F022, cid=143-writeStateMachineData
	at org.apache.ratis.util.IOUtils.getFromFuture(IOUtils.java:87)
	at org.apache.ratis.server.raftlog.segmented.SegmentedRaftLogWorker$StateMachineDataPolicy.getFromFuture(SegmentedRaftLogWorker.java:87)
	at org.apache.ratis.server.raftlog.segmented.SegmentedRaftLogWorker$WriteLog.execute(SegmentedRaftLogWorker.java:477)
	at org.apache.ratis.server.raftlog.segmented.SegmentedRaftLogWorker.run(SegmentedRaftLogWorker.java:289)
	at java.lang.Thread.run(Thread.java:748)
Caused by: java.util.concurrent.TimeoutException
	at java.util.concurrent.CompletableFuture.timedGet(CompletableFuture.java:1771)
	at java.util.concurrent.CompletableFuture.get(CompletableFuture.java:1915)
	at org.apache.ratis.util.IOUtils.getFromFuture(IOUtils.java:79)
	... 4 more
2019-09-10 18:46:35,633 [org.apache.ratis.server.impl.LogAppender$AppenderDaemon$$Lambda$491/1891770971@6c4ed253] ERROR ratis.XceiverServerRatis (XceiverServerRatis.java:triggerPipelineClose(575)) - pipeline Action CLOSE  on pipeline PipelineID=65f96a82-f013-4c2d-a357-e9d835e888eb.Reason : c2ec732c-be0e-46a5-a2ed-f7f9dc34e031 has not seen follower/s 6876bac9-11ad-40f6-880c-796bfc7745f2 for 131712ms 64e81ce6-88e4-4777-9780-87a208f38655 for 131725ms
2019-09-10 18:46:35,633 [org.apache.ratis.server.impl.LogAppender$AppenderDaemon$$Lambda$491/1891770971@63ee96bb] ERROR ratis.XceiverServerRatis (XceiverServerRatis.java:triggerPipelineClose(575)) - pipeline Action CLOSE  on pipeline PipelineID=65f96a82-f013-4c2d-a357-e9d835e888eb.Reason : c2ec732c-be0e-46a5-a2ed-f7f9dc34e031 has not seen follower/s 6876bac9-11ad-40f6-880c-796bfc7745f2 for 131712ms 64e81ce6-88e4-4777-9780-87a208f38655 for 131725ms
2019-09-10 18:46:36,109 [grpc-default-executor-4] INFO  client.GrpcClientProtocolClient (GrpcClientProtocolClient.java:onNext(264)) - client-022477A8F022->6876bac9-11ad-40f6-880c-796bfc7745f2: receive RaftClientReply:client-022477A8F022->6876bac9-11ad-40f6-880c-796bfc7745f2@group-E9D835E888EB, cid=140, FAILED org.apache.ratis.protocol.NotLeaderException: Server 6876bac9-11ad-40f6-880c-796bfc7745f2@group-E9D835E888EB is not the leader c2ec732c-be0e-46a5-a2ed-f7f9dc34e031:192.168.5.139:45554, logIndex=0, commits[6876bac9-11ad-40f6-880c-796bfc7745f2:c17, c2ec732c-be0e-46a5-a2ed-f7f9dc34e031:c17, 64e81ce6-88e4-4777-9780-87a208f38655:c13]
2019-09-10 18:46:36,130 [EventQueue-PipelineActionsForPipelineActionHandler] ERROR pipeline.PipelineActionHandler (PipelineActionHandler.java:onMessage(60)) - Received pipeline action CLOSE for Pipeline[ Id: 65f96a82-f013-4c2d-a357-e9d835e888eb, Nodes: 6876bac9-11ad-40f6-880c-796bfc7745f2{ip: 192.168.5.139, host: pr-hdds-1786-trunk-k6rzm-1803654198, networkLocation: /default-rack, certSerialId: null}64e81ce6-88e4-4777-9780-87a208f38655{ip: 192.168.5.139, host: pr-hdds-1786-trunk-k6rzm-1803654198, networkLocation: /default-rack, certSerialId: null}c2ec732c-be0e-46a5-a2ed-f7f9dc34e031{ip: 192.168.5.139, host: pr-hdds-1786-trunk-k6rzm-1803654198, networkLocation: /default-rack, certSerialId: null}, Type:RATIS, Factor:THREE, State:CLOSED] from datanode c2ec732c-be0e-46a5-a2ed-f7f9dc34e031{ip: 192.168.5.139, host: pr-hdds-1786-trunk-k6rzm-1803654198, networkLocation: /default-rack, certSerialId: null}. Reason : c2ec732c-be0e-46a5-a2ed-f7f9dc34e031 has not seen follower/s 6876bac9-11ad-40f6-880c-796bfc7745f2 for 131712ms 64e81ce6-88e4-4777-9780-87a208f38655 for 131725ms
2019-09-10 18:46:36,130 [EventQueue-PipelineActionsForPipelineActionHandler] INFO  pipeline.SCMPipelineManager (SCMPipelineManager.java:finalizeAndDestroyPipeline(311)) - destroying pipeline:Pipeline[ Id: 65f96a82-f013-4c2d-a357-e9d835e888eb, Nodes: 6876bac9-11ad-40f6-880c-796bfc7745f2{ip: 192.168.5.139, host: pr-hdds-1786-trunk-k6rzm-1803654198, networkLocation: /default-rack, certSerialId: null}64e81ce6-88e4-4777-9780-87a208f38655{ip: 192.168.5.139, host: pr-hdds-1786-trunk-k6rzm-1803654198, networkLocation: /default-rack, certSerialId: null}c2ec732c-be0e-46a5-a2ed-f7f9dc34e031{ip: 192.168.5.139, host: pr-hdds-1786-trunk-k6rzm-1803654198, networkLocation: /default-rack, certSerialId: null}, Type:RATIS, Factor:THREE, State:CLOSED]
2019-09-10 18:46:36,131 [java.util.concurrent.ThreadPoolExecutor$Worker@506b2520[State = -1, empty queue]] WARN  server.GrpcLogAppender (GrpcLogAppender.java:timeoutAppendRequest(200)) - c2ec732c-be0e-46a5-a2ed-f7f9dc34e031@group-E9D835E888EB->64e81ce6-88e4-4777-9780-87a208f38655-GrpcLogAppender: appendEntries Timeout, request=c2ec732c-be0e-46a5-a2ed-f7f9dc34e031->64e81ce6-88e4-4777-9780-87a208f38655#228-t1, previous=(t:1, i:24), leaderCommit=17, initializing? false, entries: <empty>
2019-09-10 18:46:36,131 [java.util.concurrent.ThreadPoolExecutor$Worker@77688533[State = -1, empty queue]] WARN  server.GrpcLogAppender (GrpcLogAppender.java:timeoutAppendRequest(200)) - c2ec732c-be0e-46a5-a2ed-f7f9dc34e031@group-E9D835E888EB->6876bac9-11ad-40f6-880c-796bfc7745f2-GrpcLogAppender: appendEntries Timeout, request=c2ec732c-be0e-46a5-a2ed-f7f9dc34e031->6876bac9-11ad-40f6-880c-796bfc7745f2#228-t1, previous=(t:1, i:24), leaderCommit=17, initializing? false, entries: <empty>
2019-09-10 18:46:38,133 [org.apache.ratis.server.impl.LogAppender$AppenderDaemon$$Lambda$491/1891770971@63ee96bb] ERROR ratis.XceiverServerRatis (XceiverServerRatis.java:triggerPipelineClose(575)) - pipeline Action CLOSE  on pipeline PipelineID=65f96a82-f013-4c2d-a357-e9d835e888eb.Reason : c2ec732c-be0e-46a5-a2ed-f7f9dc34e031 has not seen follower/s 6876bac9-11ad-40f6-880c-796bfc7745f2 for 134213ms 64e81ce6-88e4-4777-9780-87a208f38655 for 134225ms
2019-09-10 18:46:38,133 [org.apache.ratis.server.impl.LogAppender$AppenderDaemon$$Lambda$491/1891770971@6c4ed253] ERROR ratis.XceiverServerRatis (XceiverServerRatis.java:triggerPipelineClose(575)) - pipeline Action CLOSE  on pipeline PipelineID=65f96a82-f013-4c2d-a357-e9d835e888eb.Reason : c2ec732c-be0e-46a5-a2ed-f7f9dc34e031 has not seen follower/s 6876bac9-11ad-40f6-880c-796bfc7745f2 for 134213ms 64e81ce6-88e4-4777-9780-87a208f38655 for 134226ms
2019-09-10 18:46:38,632 [java.util.concurrent.ThreadPoolExecutor$Worker@77688533[State = -1, empty queue]] WARN  server.GrpcLogAppender (GrpcLogAppender.java:timeoutAppendRequest(200)) - c2ec732c-be0e-46a5-a2ed-f7f9dc34e031@group-E9D835E888EB->6876bac9-11ad-40f6-880c-796bfc7745f2-GrpcLogAppender: appendEntries Timeout, request=c2ec732c-be0e-46a5-a2ed-f7f9dc34e031->6876bac9-11ad-40f6-880c-796bfc7745f2#229-t1, previous=(t:1, i:24), leaderCommit=17, initializing? false, entries: <empty>
2019-09-10 18:46:38,632 [java.util.concurrent.ThreadPoolExecutor$Worker@506b2520[State = -1, empty queue]] WARN  server.GrpcLogAppender (GrpcLogAppender.java:timeoutAppendRequest(200)) - c2ec732c-be0e-46a5-a2ed-f7f9dc34e031@group-E9D835E888EB->64e81ce6-88e4-4777-9780-87a208f38655-GrpcLogAppender: appendEntries Timeout, request=c2ec732c-be0e-46a5-a2ed-f7f9dc34e031->64e81ce6-88e4-4777-9780-87a208f38655#229-t1, previous=(t:1, i:24), leaderCommit=17, initializing? false, entries: <empty>
2019-09-10 18:46:39,132 [EventQueue-PipelineActionsForPipelineActionHandler] ERROR pipeline.PipelineActionHandler (PipelineActionHandler.java:onMessage(60)) - Received pipeline action CLOSE for Pipeline[ Id: 65f96a82-f013-4c2d-a357-e9d835e888eb, Nodes: 6876bac9-11ad-40f6-880c-796bfc7745f2{ip: 192.168.5.139, host: pr-hdds-1786-trunk-k6rzm-1803654198, networkLocation: /default-rack, certSerialId: null}64e81ce6-88e4-4777-9780-87a208f38655{ip: 192.168.5.139, host: pr-hdds-1786-trunk-k6rzm-1803654198, networkLocation: /default-rack, certSerialId: null}c2ec732c-be0e-46a5-a2ed-f7f9dc34e031{ip: 192.168.5.139, host: pr-hdds-1786-trunk-k6rzm-1803654198, networkLocation: /default-rack, certSerialId: null}, Type:RATIS, Factor:THREE, State:CLOSED] from datanode c2ec732c-be0e-46a5-a2ed-f7f9dc34e031{ip: 192.168.5.139, host: pr-hdds-1786-trunk-k6rzm-1803654198, networkLocation: /default-rack, certSerialId: null}. Reason : c2ec732c-be0e-46a5-a2ed-f7f9dc34e031 has not seen follower/s 6876bac9-11ad-40f6-880c-796bfc7745f2 for 134213ms 64e81ce6-88e4-4777-9780-87a208f38655 for 134225ms
2019-09-10 18:46:39,132 [EventQueue-PipelineActionsForPipelineActionHandler] INFO  pipeline.SCMPipelineManager (SCMPipelineManager.java:finalizeAndDestroyPipeline(311)) - destroying pipeline:Pipeline[ Id: 65f96a82-f013-4c2d-a357-e9d835e888eb, Nodes: 6876bac9-11ad-40f6-880c-796bfc7745f2{ip: 192.168.5.139, host: pr-hdds-1786-trunk-k6rzm-1803654198, networkLocation: /default-rack, certSerialId: null}64e81ce6-88e4-4777-9780-87a208f38655{ip: 192.168.5.139, host: pr-hdds-1786-trunk-k6rzm-1803654198, networkLocation: /default-rack, certSerialId: null}c2ec732c-be0e-46a5-a2ed-f7f9dc34e031{ip: 192.168.5.139, host: pr-hdds-1786-trunk-k6rzm-1803654198, networkLocation: /default-rack, certSerialId: null}, Type:RATIS, Factor:THREE, State:CLOSED]
2019-09-10 18:46:40,633 [org.apache.ratis.server.impl.LogAppender$AppenderDaemon$$Lambda$491/1891770971@63ee96bb] ERROR ratis.XceiverServerRatis (XceiverServerRatis.java:triggerPipelineClose(575)) - pipeline Action CLOSE  on pipeline PipelineID=65f96a82-f013-4c2d-a357-e9d835e888eb.Reason : c2ec732c-be0e-46a5-a2ed-f7f9dc34e031 has not seen follower/s 6876bac9-11ad-40f6-880c-796bfc7745f2 for 136713ms 64e81ce6-88e4-4777-9780-87a208f38655 for 136726ms
2019-09-10 18:46:40,634 [org.apache.ratis.server.impl.LogAppender$AppenderDaemon$$Lambda$491/1891770971@6c4ed253] ERROR ratis.XceiverServerRatis (XceiverServerRatis.java:triggerPipelineClose(575)) - pipeline Action CLOSE  on pipeline PipelineID=65f96a82-f013-4c2d-a357-e9d835e888eb.Reason : c2ec732c-be0e-46a5-a2ed-f7f9dc34e031 has not seen follower/s 6876bac9-11ad-40f6-880c-796bfc7745f2 for 136714ms 64e81ce6-88e4-4777-9780-87a208f38655 for 136727ms
2019-09-10 18:46:41,133 [EventQueue-PipelineActionsForPipelineActionHandler] ERROR pipeline.PipelineActionHandler (PipelineActionHandler.java:onMessage(60)) - Received pipeline action CLOSE for Pipeline[ Id: 65f96a82-f013-4c2d-a357-e9d835e888eb, Nodes: 6876bac9-11ad-40f6-880c-796bfc7745f2{ip: 192.168.5.139, host: pr-hdds-1786-trunk-k6rzm-1803654198, networkLocation: /default-rack, certSerialId: null}64e81ce6-88e4-4777-9780-87a208f38655{ip: 192.168.5.139, host: pr-hdds-1786-trunk-k6rzm-1803654198, networkLocation: /default-rack, certSerialId: null}c2ec732c-be0e-46a5-a2ed-f7f9dc34e031{ip: 192.168.5.139, host: pr-hdds-1786-trunk-k6rzm-1803654198, networkLocation: /default-rack, certSerialId: null}, Type:RATIS, Factor:THREE, State:CLOSED] from datanode c2ec732c-be0e-46a5-a2ed-f7f9dc34e031{ip: 192.168.5.139, host: pr-hdds-1786-trunk-k6rzm-1803654198, networkLocation: /default-rack, certSerialId: null}. Reason : c2ec732c-be0e-46a5-a2ed-f7f9dc34e031 has not seen follower/s 6876bac9-11ad-40f6-880c-796bfc7745f2 for 136713ms 64e81ce6-88e4-4777-9780-87a208f38655 for 136726ms
2019-09-10 18:46:41,133 [java.util.concurrent.ThreadPoolExecutor$Worker@77688533[State = -1, empty queue]] WARN  server.GrpcLogAppender (GrpcLogAppender.java:timeoutAppendRequest(200)) - c2ec732c-be0e-46a5-a2ed-f7f9dc34e031@group-E9D835E888EB->6876bac9-11ad-40f6-880c-796bfc7745f2-GrpcLogAppender: appendEntries Timeout, request=c2ec732c-be0e-46a5-a2ed-f7f9dc34e031->6876bac9-11ad-40f6-880c-796bfc7745f2#230-t1, previous=(t:1, i:24), leaderCommit=17, initializing? false, entries: <empty>
2019-09-10 18:46:41,133 [java.util.concurrent.ThreadPoolExecutor$Worker@506b2520[State = -1, empty queue]] WARN  server.GrpcLogAppender (GrpcLogAppender.java:timeoutAppendRequest(200)) - c2ec732c-be0e-46a5-a2ed-f7f9dc34e031@group-E9D835E888EB->64e81ce6-88e4-4777-9780-87a208f38655-GrpcLogAppender: appendEntries Timeout, request=c2ec732c-be0e-46a5-a2ed-f7f9dc34e031->64e81ce6-88e4-4777-9780-87a208f38655#230-t1, previous=(t:1, i:24), leaderCommit=17, initializing? false, entries: <empty>
2019-09-10 18:46:41,133 [EventQueue-PipelineActionsForPipelineActionHandler] INFO  pipeline.SCMPipelineManager (SCMPipelineManager.java:finalizeAndDestroyPipeline(311)) - destroying pipeline:Pipeline[ Id: 65f96a82-f013-4c2d-a357-e9d835e888eb, Nodes: 6876bac9-11ad-40f6-880c-796bfc7745f2{ip: 192.168.5.139, host: pr-hdds-1786-trunk-k6rzm-1803654198, networkLocation: /default-rack, certSerialId: null}64e81ce6-88e4-4777-9780-87a208f38655{ip: 192.168.5.139, host: pr-hdds-1786-trunk-k6rzm-1803654198, networkLocation: /default-rack, certSerialId: null}c2ec732c-be0e-46a5-a2ed-f7f9dc34e031{ip: 192.168.5.139, host: pr-hdds-1786-trunk-k6rzm-1803654198, networkLocation: /default-rack, certSerialId: null}, Type:RATIS, Factor:THREE, State:CLOSED]
2019-09-10 18:46:41,162 [grpc-default-executor-0] INFO  client.GrpcClientProtocolClient (GrpcClientProtocolClient.java:onNext(264)) - client-022477A8F022->64e81ce6-88e4-4777-9780-87a208f38655: receive RaftClientReply:client-022477A8F022->64e81ce6-88e4-4777-9780-87a208f38655@group-E9D835E888EB, cid=140, FAILED org.apache.ratis.protocol.NotLeaderException: Server 64e81ce6-88e4-4777-9780-87a208f38655@group-E9D835E888EB is not the leader c2ec732c-be0e-46a5-a2ed-f7f9dc34e031:192.168.5.139:45554, logIndex=0, commits[64e81ce6-88e4-4777-9780-87a208f38655:c17, c2ec732c-be0e-46a5-a2ed-f7f9dc34e031:c17, 6876bac9-11ad-40f6-880c-796bfc7745f2:c13]
2019-09-10 18:46:43,135 [org.apache.ratis.server.impl.LogAppender$AppenderDaemon$$Lambda$491/1891770971@63ee96bb] ERROR ratis.XceiverServerRatis (XceiverServerRatis.java:triggerPipelineClose(575)) - pipeline Action CLOSE  on pipeline PipelineID=65f96a82-f013-4c2d-a357-e9d835e888eb.Reason : c2ec732c-be0e-46a5-a2ed-f7f9dc34e031 has not seen follower/s 6876bac9-11ad-40f6-880c-796bfc7745f2 for 139215ms 64e81ce6-88e4-4777-9780-87a208f38655 for 139227ms
2019-09-10 18:46:43,135 [org.apache.ratis.server.impl.LogAppender$AppenderDaemon$$Lambda$491/1891770971@6c4ed253] ERROR ratis.XceiverServerRatis (XceiverServerRatis.java:triggerPipelineClose(575)) - pipeline Action CLOSE  on pipeline PipelineID=65f96a82-f013-4c2d-a357-e9d835e888eb.Reason : c2ec732c-be0e-46a5-a2ed-f7f9dc34e031 has not seen follower/s 6876bac9-11ad-40f6-880c-796bfc7745f2 for 139215ms 64e81ce6-88e4-4777-9780-87a208f38655 for 139227ms
2019-09-10 18:46:43,633 [java.util.concurrent.ThreadPoolExecutor$Worker@77688533[State = -1, empty queue]] WARN  server.GrpcLogAppender (GrpcLogAppender.java:timeoutAppendRequest(200)) - c2ec732c-be0e-46a5-a2ed-f7f9dc34e031@group-E9D835E888EB->6876bac9-11ad-40f6-880c-796bfc7745f2-GrpcLogAppender: appendEntries Timeout, request=c2ec732c-be0e-46a5-a2ed-f7f9dc34e031->6876bac9-11ad-40f6-880c-796bfc7745f2#231-t1, previous=(t:1, i:24), leaderCommit=17, initializing? false, entries: <empty>
2019-09-10 18:46:43,634 [java.util.concurrent.ThreadPoolExecutor$Worker@506b2520[State = -1, empty queue]] WARN  server.GrpcLogAppender (GrpcLogAppender.java:timeoutAppendRequest(200)) - c2ec732c-be0e-46a5-a2ed-f7f9dc34e031@group-E9D835E888EB->64e81ce6-88e4-4777-9780-87a208f38655-GrpcLogAppender: appendEntries Timeout, request=c2ec732c-be0e-46a5-a2ed-f7f9dc34e031->64e81ce6-88e4-4777-9780-87a208f38655#231-t1, previous=(t:1, i:24), leaderCommit=17, initializing? false, entries: <empty>
2019-09-10 18:46:44,136 [EventQueue-PipelineActionsForPipelineActionHandler] ERROR pipeline.PipelineActionHandler (PipelineActionHandler.java:onMessage(60)) - Received pipeline action CLOSE for Pipeline[ Id: 65f96a82-f013-4c2d-a357-e9d835e888eb, Nodes: 6876bac9-11ad-40f6-880c-796bfc7745f2{ip: 192.168.5.139, host: pr-hdds-1786-trunk-k6rzm-1803654198, networkLocation: /default-rack, certSerialId: null}64e81ce6-88e4-4777-9780-87a208f38655{ip: 192.168.5.139, host: pr-hdds-1786-trunk-k6rzm-1803654198, networkLocation: /default-rack, certSerialId: null}c2ec732c-be0e-46a5-a2ed-f7f9dc34e031{ip: 192.168.5.139, host: pr-hdds-1786-trunk-k6rzm-1803654198, networkLocation: /default-rack, certSerialId: null}, Type:RATIS, Factor:THREE, State:CLOSED] from datanode c2ec732c-be0e-46a5-a2ed-f7f9dc34e031{ip: 192.168.5.139, host: pr-hdds-1786-trunk-k6rzm-1803654198, networkLocation: /default-rack, certSerialId: null}. Reason : c2ec732c-be0e-46a5-a2ed-f7f9dc34e031 has not seen follower/s 6876bac9-11ad-40f6-880c-796bfc7745f2 for 139215ms 64e81ce6-88e4-4777-9780-87a208f38655 for 139227ms
2019-09-10 18:46:44,136 [EventQueue-PipelineActionsForPipelineActionHandler] INFO  pipeline.SCMPipelineManager (SCMPipelineManager.java:finalizeAndDestroyPipeline(311)) - destroying pipeline:Pipeline[ Id: 65f96a82-f013-4c2d-a357-e9d835e888eb, Nodes: 6876bac9-11ad-40f6-880c-796bfc7745f2{ip: 192.168.5.139, host: pr-hdds-1786-trunk-k6rzm-1803654198, networkLocation: /default-rack, certSerialId: null}64e81ce6-88e4-4777-9780-87a208f38655{ip: 192.168.5.139, host: pr-hdds-1786-trunk-k6rzm-1803654198, networkLocation: /default-rack, certSerialId: null}c2ec732c-be0e-46a5-a2ed-f7f9dc34e031{ip: 192.168.5.139, host: pr-hdds-1786-trunk-k6rzm-1803654198, networkLocation: /default-rack, certSerialId: null}, Type:RATIS, Factor:THREE, State:CLOSED]
2019-09-10 18:46:44,893 [6876bac9-11ad-40f6-880c-796bfc7745f2@group-E9D835E888EB-SegmentedRaftLogWorker] WARN  segmented.SegmentedRaftLogWorker (SegmentedRaftLogWorker.java:getFromFuture(90)) - Timeout 13/~
org.apache.ratis.protocol.TimeoutIOException: Timeout 10s: WriteLog:18: (t:1, i:18), STATEMACHINELOGENTRY, client-022477A8F022, cid=140-writeStateMachineData
	at org.apache.ratis.util.IOUtils.getFromFuture(IOUtils.java:87)
	at org.apache.ratis.server.raftlog.segmented.SegmentedRaftLogWorker$StateMachineDataPolicy.getFromFuture(SegmentedRaftLogWorker.java:87)
	at org.apache.ratis.server.raftlog.segmented.SegmentedRaftLogWorker$WriteLog.execute(SegmentedRaftLogWorker.java:477)
	at org.apache.ratis.server.raftlog.segmented.SegmentedRaftLogWorker.run(SegmentedRaftLogWorker.java:289)
	at java.lang.Thread.run(Thread.java:748)
Caused by: java.util.concurrent.TimeoutException
	at java.util.concurrent.CompletableFuture.timedGet(CompletableFuture.java:1771)
	at java.util.concurrent.CompletableFuture.get(CompletableFuture.java:1915)
	at org.apache.ratis.util.IOUtils.getFromFuture(IOUtils.java:79)
	... 4 more
2019-09-10 18:46:44,910 [64e81ce6-88e4-4777-9780-87a208f38655@group-E9D835E888EB-SegmentedRaftLogWorker] WARN  segmented.SegmentedRaftLogWorker (SegmentedRaftLogWorker.java:getFromFuture(90)) - Timeout 13/~
org.apache.ratis.protocol.TimeoutIOException: Timeout 10s: WriteLog:18: (t:1, i:18), STATEMACHINELOGENTRY, client-022477A8F022, cid=140-writeStateMachineData
	at org.apache.ratis.util.IOUtils.getFromFuture(IOUtils.java:87)
	at org.apache.ratis.server.raftlog.segmented.SegmentedRaftLogWorker$StateMachineDataPolicy.getFromFuture(SegmentedRaftLogWorker.java:87)
	at org.apache.ratis.server.raftlog.segmented.SegmentedRaftLogWorker$WriteLog.execute(SegmentedRaftLogWorker.java:477)
	at org.apache.ratis.server.raftlog.segmented.SegmentedRaftLogWorker.run(SegmentedRaftLogWorker.java:289)
	at java.lang.Thread.run(Thread.java:748)
Caused by: java.util.concurrent.TimeoutException
	at java.util.concurrent.CompletableFuture.timedGet(CompletableFuture.java:1771)
	at java.util.concurrent.CompletableFuture.get(CompletableFuture.java:1915)
	at org.apache.ratis.util.IOUtils.getFromFuture(IOUtils.java:79)
	... 4 more
2019-09-10 18:46:45,065 [c2ec732c-be0e-46a5-a2ed-f7f9dc34e031@group-E9D835E888EB-SegmentedRaftLogWorker] WARN  segmented.SegmentedRaftLogWorker (SegmentedRaftLogWorker.java:getFromFuture(90)) - Timeout 13/~
org.apache.ratis.protocol.TimeoutIOException: Timeout 10s: WriteLog:21: (t:1, i:21), STATEMACHINELOGENTRY, client-022477A8F022, cid=143-writeStateMachineData
	at org.apache.ratis.util.IOUtils.getFromFuture(IOUtils.java:87)
	at org.apache.ratis.server.raftlog.segmented.SegmentedRaftLogWorker$StateMachineDataPolicy.getFromFuture(SegmentedRaftLogWorker.java:87)
	at org.apache.ratis.server.raftlog.segmented.SegmentedRaftLogWorker$WriteLog.execute(SegmentedRaftLogWorker.java:477)
	at org.apache.ratis.server.raftlog.segmented.SegmentedRaftLogWorker.run(SegmentedRaftLogWorker.java:289)
	at java.lang.Thread.run(Thread.java:748)
Caused by: java.util.concurrent.TimeoutException
	at java.util.concurrent.CompletableFuture.timedGet(CompletableFuture.java:1771)
	at java.util.concurrent.CompletableFuture.get(CompletableFuture.java:1915)
	at org.apache.ratis.util.IOUtils.getFromFuture(IOUtils.java:79)
	... 4 more
2019-09-10 18:46:45,636 [org.apache.ratis.server.impl.LogAppender$AppenderDaemon$$Lambda$491/1891770971@63ee96bb] ERROR ratis.XceiverServerRatis (XceiverServerRatis.java:triggerPipelineClose(575)) - pipeline Action CLOSE  on pipeline PipelineID=65f96a82-f013-4c2d-a357-e9d835e888eb.Reason : c2ec732c-be0e-46a5-a2ed-f7f9dc34e031 has not seen follower/s 6876bac9-11ad-40f6-880c-796bfc7745f2 for 141715ms 64e81ce6-88e4-4777-9780-87a208f38655 for 141728ms
2019-09-10 18:46:45,636 [org.apache.ratis.server.impl.LogAppender$AppenderDaemon$$Lambda$491/1891770971@6c4ed253] ERROR ratis.XceiverServerRatis (XceiverServerRatis.java:triggerPipelineClose(575)) - pipeline Action CLOSE  on pipeline PipelineID=65f96a82-f013-4c2d-a357-e9d835e888eb.Reason : c2ec732c-be0e-46a5-a2ed-f7f9dc34e031 has not seen follower/s 6876bac9-11ad-40f6-880c-796bfc7745f2 for 141716ms 64e81ce6-88e4-4777-9780-87a208f38655 for 141728ms
2019-09-10 18:46:46,134 [java.util.concurrent.ThreadPoolExecutor$Worker@77688533[State = -1, empty queue]] WARN  server.GrpcLogAppender (GrpcLogAppender.java:timeoutAppendRequest(200)) - c2ec732c-be0e-46a5-a2ed-f7f9dc34e031@group-E9D835E888EB->6876bac9-11ad-40f6-880c-796bfc7745f2-GrpcLogAppender: appendEntries Timeout, request=c2ec732c-be0e-46a5-a2ed-f7f9dc34e031->6876bac9-11ad-40f6-880c-796bfc7745f2#232-t1, previous=(t:1, i:24), leaderCommit=17, initializing? false, entries: <empty>
2019-09-10 18:46:46,135 [java.util.concurrent.ThreadPoolExecutor$Worker@506b2520[State = -1, empty queue]] WARN  server.GrpcLogAppender (GrpcLogAppender.java:timeoutAppendRequest(200)) - c2ec732c-be0e-46a5-a2ed-f7f9dc34e031@group-E9D835E888EB->64e81ce6-88e4-4777-9780-87a208f38655-GrpcLogAppender: appendEntries Timeout, request=c2ec732c-be0e-46a5-a2ed-f7f9dc34e031->64e81ce6-88e4-4777-9780-87a208f38655#232-t1, previous=(t:1, i:24), leaderCommit=17, initializing? false, entries: <empty>
2019-09-10 18:46:46,135 [EventQueue-PipelineActionsForPipelineActionHandler] ERROR pipeline.PipelineActionHandler (PipelineActionHandler.java:onMessage(60)) - Received pipeline action CLOSE for Pipeline[ Id: 65f96a82-f013-4c2d-a357-e9d835e888eb, Nodes: 6876bac9-11ad-40f6-880c-796bfc7745f2{ip: 192.168.5.139, host: pr-hdds-1786-trunk-k6rzm-1803654198, networkLocation: /default-rack, certSerialId: null}64e81ce6-88e4-4777-9780-87a208f38655{ip: 192.168.5.139, host: pr-hdds-1786-trunk-k6rzm-1803654198, networkLocation: /default-rack, certSerialId: null}c2ec732c-be0e-46a5-a2ed-f7f9dc34e031{ip: 192.168.5.139, host: pr-hdds-1786-trunk-k6rzm-1803654198, networkLocation: /default-rack, certSerialId: null}, Type:RATIS, Factor:THREE, State:CLOSED] from datanode c2ec732c-be0e-46a5-a2ed-f7f9dc34e031{ip: 192.168.5.139, host: pr-hdds-1786-trunk-k6rzm-1803654198, networkLocation: /default-rack, certSerialId: null}. Reason : c2ec732c-be0e-46a5-a2ed-f7f9dc34e031 has not seen follower/s 6876bac9-11ad-40f6-880c-796bfc7745f2 for 141715ms 64e81ce6-88e4-4777-9780-87a208f38655 for 141728ms
2019-09-10 18:46:46,136 [EventQueue-PipelineActionsForPipelineActionHandler] INFO  pipeline.SCMPipelineManager (SCMPipelineManager.java:finalizeAndDestroyPipeline(311)) - destroying pipeline:Pipeline[ Id: 65f96a82-f013-4c2d-a357-e9d835e888eb, Nodes: 6876bac9-11ad-40f6-880c-796bfc7745f2{ip: 192.168.5.139, host: pr-hdds-1786-trunk-k6rzm-1803654198, networkLocation: /default-rack, certSerialId: null}64e81ce6-88e4-4777-9780-87a208f38655{ip: 192.168.5.139, host: pr-hdds-1786-trunk-k6rzm-1803654198, networkLocation: /default-rack, certSerialId: null}c2ec732c-be0e-46a5-a2ed-f7f9dc34e031{ip: 192.168.5.139, host: pr-hdds-1786-trunk-k6rzm-1803654198, networkLocation: /default-rack, certSerialId: null}, Type:RATIS, Factor:THREE, State:CLOSED]
2019-09-10 18:46:46,224 [grpc-default-executor-0] INFO  client.GrpcClientProtocolClient (GrpcClientProtocolClient.java:onNext(264)) - client-022477A8F022->64e81ce6-88e4-4777-9780-87a208f38655: receive RaftClientReply:client-022477A8F022->64e81ce6-88e4-4777-9780-87a208f38655@group-E9D835E888EB, cid=140, FAILED org.apache.ratis.protocol.NotLeaderException: Server 64e81ce6-88e4-4777-9780-87a208f38655@group-E9D835E888EB is not the leader c2ec732c-be0e-46a5-a2ed-f7f9dc34e031:192.168.5.139:45554, logIndex=0, commits[64e81ce6-88e4-4777-9780-87a208f38655:c17, c2ec732c-be0e-46a5-a2ed-f7f9dc34e031:c17, 6876bac9-11ad-40f6-880c-796bfc7745f2:c13]
2019-09-10 18:46:48,137 [org.apache.ratis.server.impl.LogAppender$AppenderDaemon$$Lambda$491/1891770971@63ee96bb] ERROR ratis.XceiverServerRatis (XceiverServerRatis.java:triggerPipelineClose(575)) - pipeline Action CLOSE  on pipeline PipelineID=65f96a82-f013-4c2d-a357-e9d835e888eb.Reason : c2ec732c-be0e-46a5-a2ed-f7f9dc34e031 has not seen follower/s 6876bac9-11ad-40f6-880c-796bfc7745f2 for 144216ms 64e81ce6-88e4-4777-9780-87a208f38655 for 144229ms
2019-09-10 18:46:48,137 [org.apache.ratis.server.impl.LogAppender$AppenderDaemon$$Lambda$491/1891770971@6c4ed253] ERROR ratis.XceiverServerRatis (XceiverServerRatis.java:triggerPipelineClose(575)) - pipeline Action CLOSE  on pipeline PipelineID=65f96a82-f013-4c2d-a357-e9d835e888eb.Reason : c2ec732c-be0e-46a5-a2ed-f7f9dc34e031 has not seen follower/s 6876bac9-11ad-40f6-880c-796bfc7745f2 for 144217ms 64e81ce6-88e4-4777-9780-87a208f38655 for 144229ms
2019-09-10 18:46:48,635 [java.util.concurrent.ThreadPoolExecutor$Worker@77688533[State = -1, empty queue]] WARN  server.GrpcLogAppender (GrpcLogAppender.java:timeoutAppendRequest(200)) - c2ec732c-be0e-46a5-a2ed-f7f9dc34e031@group-E9D835E888EB->6876bac9-11ad-40f6-880c-796bfc7745f2-GrpcLogAppender: appendEntries Timeout, request=c2ec732c-be0e-46a5-a2ed-f7f9dc34e031->6876bac9-11ad-40f6-880c-796bfc7745f2#233-t1, previous=(t:1, i:24), leaderCommit=17, initializing? false, entries: <empty>
2019-09-10 18:46:48,636 [java.util.concurrent.ThreadPoolExecutor$Worker@506b2520[State = -1, empty queue]] WARN  server.GrpcLogAppender (GrpcLogAppender.java:timeoutAppendRequest(200)) - c2ec732c-be0e-46a5-a2ed-f7f9dc34e031@group-E9D835E888EB->64e81ce6-88e4-4777-9780-87a208f38655-GrpcLogAppender: appendEntries Timeout, request=c2ec732c-be0e-46a5-a2ed-f7f9dc34e031->64e81ce6-88e4-4777-9780-87a208f38655#233-t1, previous=(t:1, i:24), leaderCommit=17, initializing? false, entries: <empty>
2019-09-10 18:46:49,136 [EventQueue-PipelineActionsForPipelineActionHandler] ERROR pipeline.PipelineActionHandler (PipelineActionHandler.java:onMessage(60)) - Received pipeline action CLOSE for Pipeline[ Id: 65f96a82-f013-4c2d-a357-e9d835e888eb, Nodes: 6876bac9-11ad-40f6-880c-796bfc7745f2{ip: 192.168.5.139, host: pr-hdds-1786-trunk-k6rzm-1803654198, networkLocation: /default-rack, certSerialId: null}64e81ce6-88e4-4777-9780-87a208f38655{ip: 192.168.5.139, host: pr-hdds-1786-trunk-k6rzm-1803654198, networkLocation: /default-rack, certSerialId: null}c2ec732c-be0e-46a5-a2ed-f7f9dc34e031{ip: 192.168.5.139, host: pr-hdds-1786-trunk-k6rzm-1803654198, networkLocation: /default-rack, certSerialId: null}, Type:RATIS, Factor:THREE, State:CLOSED] from datanode c2ec732c-be0e-46a5-a2ed-f7f9dc34e031{ip: 192.168.5.139, host: pr-hdds-1786-trunk-k6rzm-1803654198, networkLocation: /default-rack, certSerialId: null}. Reason : c2ec732c-be0e-46a5-a2ed-f7f9dc34e031 has not seen follower/s 6876bac9-11ad-40f6-880c-796bfc7745f2 for 144216ms 64e81ce6-88e4-4777-9780-87a208f38655 for 144229ms
2019-09-10 18:46:49,137 [EventQueue-PipelineActionsForPipelineActionHandler] INFO  pipeline.SCMPipelineManager (SCMPipelineManager.java:finalizeAndDestroyPipeline(311)) - destroying pipeline:Pipeline[ Id: 65f96a82-f013-4c2d-a357-e9d835e888eb, Nodes: 6876bac9-11ad-40f6-880c-796bfc7745f2{ip: 192.168.5.139, host: pr-hdds-1786-trunk-k6rzm-1803654198, networkLocation: /default-rack, certSerialId: null}64e81ce6-88e4-4777-9780-87a208f38655{ip: 192.168.5.139, host: pr-hdds-1786-trunk-k6rzm-1803654198, networkLocation: /default-rack, certSerialId: null}c2ec732c-be0e-46a5-a2ed-f7f9dc34e031{ip: 192.168.5.139, host: pr-hdds-1786-trunk-k6rzm-1803654198, networkLocation: /default-rack, certSerialId: null}, Type:RATIS, Factor:THREE, State:CLOSED]
2019-09-10 18:46:50,637 [org.apache.ratis.server.impl.LogAppender$AppenderDaemon$$Lambda$491/1891770971@63ee96bb] ERROR ratis.XceiverServerRatis (XceiverServerRatis.java:triggerPipelineClose(575)) - pipeline Action CLOSE  on pipeline PipelineID=65f96a82-f013-4c2d-a357-e9d835e888eb.Reason : c2ec732c-be0e-46a5-a2ed-f7f9dc34e031 has not seen follower/s 6876bac9-11ad-40f6-880c-796bfc7745f2 for 146717ms 64e81ce6-88e4-4777-9780-87a208f38655 for 146730ms
2019-09-10 18:46:50,637 [org.apache.ratis.server.impl.LogAppender$AppenderDaemon$$Lambda$491/1891770971@6c4ed253] ERROR ratis.XceiverServerRatis (XceiverServerRatis.java:triggerPipelineClose(575)) - pipeline Action CLOSE  on pipeline PipelineID=65f96a82-f013-4c2d-a357-e9d835e888eb.Reason : c2ec732c-be0e-46a5-a2ed-f7f9dc34e031 has not seen follower/s 6876bac9-11ad-40f6-880c-796bfc7745f2 for 146717ms 64e81ce6-88e4-4777-9780-87a208f38655 for 146730ms
2019-09-10 18:46:51,135 [EventQueue-PipelineActionsForPipelineActionHandler] ERROR pipeline.PipelineActionHandler (PipelineActionHandler.java:onMessage(60)) - Received pipeline action CLOSE for Pipeline[ Id: 65f96a82-f013-4c2d-a357-e9d835e888eb, Nodes: 6876bac9-11ad-40f6-880c-796bfc7745f2{ip: 192.168.5.139, host: pr-hdds-1786-trunk-k6rzm-1803654198, networkLocation: /default-rack, certSerialId: null}64e81ce6-88e4-4777-9780-87a208f38655{ip: 192.168.5.139, host: pr-hdds-1786-trunk-k6rzm-1803654198, networkLocation: /default-rack, certSerialId: null}c2ec732c-be0e-46a5-a2ed-f7f9dc34e031{ip: 192.168.5.139, host: pr-hdds-1786-trunk-k6rzm-1803654198, networkLocation: /default-rack, certSerialId: null}, Type:RATIS, Factor:THREE, State:CLOSED] from datanode c2ec732c-be0e-46a5-a2ed-f7f9dc34e031{ip: 192.168.5.139, host: pr-hdds-1786-trunk-k6rzm-1803654198, networkLocation: /default-rack, certSerialId: null}. Reason : c2ec732c-be0e-46a5-a2ed-f7f9dc34e031 has not seen follower/s 6876bac9-11ad-40f6-880c-796bfc7745f2 for 146717ms 64e81ce6-88e4-4777-9780-87a208f38655 for 146730ms
2019-09-10 18:46:51,136 [EventQueue-PipelineActionsForPipelineActionHandler] INFO  pipeline.SCMPipelineManager (SCMPipelineManager.java:finalizeAndDestroyPipeline(311)) - destroying pipeline:Pipeline[ Id: 65f96a82-f013-4c2d-a357-e9d835e888eb, Nodes: 6876bac9-11ad-40f6-880c-796bfc7745f2{ip: 192.168.5.139, host: pr-hdds-1786-trunk-k6rzm-1803654198, networkLocation: /default-rack, certSerialId: null}64e81ce6-88e4-4777-9780-87a208f38655{ip: 192.168.5.139, host: pr-hdds-1786-trunk-k6rzm-1803654198, networkLocation: /default-rack, certSerialId: null}c2ec732c-be0e-46a5-a2ed-f7f9dc34e031{ip: 192.168.5.139, host: pr-hdds-1786-trunk-k6rzm-1803654198, networkLocation: /default-rack, certSerialId: null}, Type:RATIS, Factor:THREE, State:CLOSED]
2019-09-10 18:46:51,136 [java.util.concurrent.ThreadPoolExecutor$Worker@77688533[State = -1, empty queue]] WARN  server.GrpcLogAppender (GrpcLogAppender.java:timeoutAppendRequest(200)) - c2ec732c-be0e-46a5-a2ed-f7f9dc34e031@group-E9D835E888EB->6876bac9-11ad-40f6-880c-796bfc7745f2-GrpcLogAppender: appendEntries Timeout, request=c2ec732c-be0e-46a5-a2ed-f7f9dc34e031->6876bac9-11ad-40f6-880c-796bfc7745f2#234-t1, previous=(t:1, i:24), leaderCommit=17, initializing? false, entries: <empty>
2019-09-10 18:46:51,137 [java.util.concurrent.ThreadPoolExecutor$Worker@506b2520[State = -1, empty queue]] WARN  server.GrpcLogAppender (GrpcLogAppender.java:timeoutAppendRequest(200)) - c2ec732c-be0e-46a5-a2ed-f7f9dc34e031@group-E9D835E888EB->64e81ce6-88e4-4777-9780-87a208f38655-GrpcLogAppender: appendEntries Timeout, request=c2ec732c-be0e-46a5-a2ed-f7f9dc34e031->64e81ce6-88e4-4777-9780-87a208f38655#234-t1, previous=(t:1, i:24), leaderCommit=17, initializing? false, entries: <empty>
2019-09-10 18:46:51,265 [grpc-default-executor-0] INFO  client.GrpcClientProtocolClient (GrpcClientProtocolClient.java:onNext(264)) - client-022477A8F022->64e81ce6-88e4-4777-9780-87a208f38655: receive RaftClientReply:client-022477A8F022->64e81ce6-88e4-4777-9780-87a208f38655@group-E9D835E888EB, cid=140, FAILED org.apache.ratis.protocol.NotLeaderException: Server 64e81ce6-88e4-4777-9780-87a208f38655@group-E9D835E888EB is not the leader c2ec732c-be0e-46a5-a2ed-f7f9dc34e031:192.168.5.139:45554, logIndex=0, commits[64e81ce6-88e4-4777-9780-87a208f38655:c17, c2ec732c-be0e-46a5-a2ed-f7f9dc34e031:c17, 6876bac9-11ad-40f6-880c-796bfc7745f2:c13]
2019-09-10 18:46:53,138 [org.apache.ratis.server.impl.LogAppender$AppenderDaemon$$Lambda$491/1891770971@6c4ed253] ERROR ratis.XceiverServerRatis (XceiverServerRatis.java:triggerPipelineClose(575)) - pipeline Action CLOSE  on pipeline PipelineID=65f96a82-f013-4c2d-a357-e9d835e888eb.Reason : c2ec732c-be0e-46a5-a2ed-f7f9dc34e031 has not seen follower/s 6876bac9-11ad-40f6-880c-796bfc7745f2 for 149218ms 64e81ce6-88e4-4777-9780-87a208f38655 for 149230ms
2019-09-10 18:46:53,138 [org.apache.ratis.server.impl.LogAppender$AppenderDaemon$$Lambda$491/1891770971@63ee96bb] ERROR ratis.XceiverServerRatis (XceiverServerRatis.java:triggerPipelineClose(575)) - pipeline Action CLOSE  on pipeline PipelineID=65f96a82-f013-4c2d-a357-e9d835e888eb.Reason : c2ec732c-be0e-46a5-a2ed-f7f9dc34e031 has not seen follower/s 6876bac9-11ad-40f6-880c-796bfc7745f2 for 149218ms 64e81ce6-88e4-4777-9780-87a208f38655 for 149230ms
2019-09-10 18:46:53,637 [java.util.concurrent.ThreadPoolExecutor$Worker@77688533[State = -1, empty queue]] WARN  server.GrpcLogAppender (GrpcLogAppender.java:timeoutAppendRequest(200)) - c2ec732c-be0e-46a5-a2ed-f7f9dc34e031@group-E9D835E888EB->6876bac9-11ad-40f6-880c-796bfc7745f2-GrpcLogAppender: appendEntries Timeout, request=c2ec732c-be0e-46a5-a2ed-f7f9dc34e031->6876bac9-11ad-40f6-880c-796bfc7745f2#235-t1, previous=(t:1, i:24), leaderCommit=17, initializing? false, entries: <empty>
2019-09-10 18:46:53,637 [java.util.concurrent.ThreadPoolExecutor$Worker@506b2520[State = -1, empty queue]] WARN  server.GrpcLogAppender (GrpcLogAppender.java:timeoutAppendRequest(200)) - c2ec732c-be0e-46a5-a2ed-f7f9dc34e031@group-E9D835E888EB->64e81ce6-88e4-4777-9780-87a208f38655-GrpcLogAppender: appendEntries Timeout, request=c2ec732c-be0e-46a5-a2ed-f7f9dc34e031->64e81ce6-88e4-4777-9780-87a208f38655#235-t1, previous=(t:1, i:24), leaderCommit=17, initializing? false, entries: <empty>
2019-09-10 18:46:54,135 [EventQueue-PipelineActionsForPipelineActionHandler] ERROR pipeline.PipelineActionHandler (PipelineActionHandler.java:onMessage(60)) - Received pipeline action CLOSE for Pipeline[ Id: 65f96a82-f013-4c2d-a357-e9d835e888eb, Nodes: 6876bac9-11ad-40f6-880c-796bfc7745f2{ip: 192.168.5.139, host: pr-hdds-1786-trunk-k6rzm-1803654198, networkLocation: /default-rack, certSerialId: null}64e81ce6-88e4-4777-9780-87a208f38655{ip: 192.168.5.139, host: pr-hdds-1786-trunk-k6rzm-1803654198, networkLocation: /default-rack, certSerialId: null}c2ec732c-be0e-46a5-a2ed-f7f9dc34e031{ip: 192.168.5.139, host: pr-hdds-1786-trunk-k6rzm-1803654198, networkLocation: /default-rack, certSerialId: null}, Type:RATIS, Factor:THREE, State:CLOSED] from datanode c2ec732c-be0e-46a5-a2ed-f7f9dc34e031{ip: 192.168.5.139, host: pr-hdds-1786-trunk-k6rzm-1803654198, networkLocation: /default-rack, certSerialId: null}. Reason : c2ec732c-be0e-46a5-a2ed-f7f9dc34e031 has not seen follower/s 6876bac9-11ad-40f6-880c-796bfc7745f2 for 149218ms 64e81ce6-88e4-4777-9780-87a208f38655 for 149230ms
2019-09-10 18:46:54,136 [EventQueue-PipelineActionsForPipelineActionHandler] INFO  pipeline.SCMPipelineManager (SCMPipelineManager.java:finalizeAndDestroyPipeline(311)) - destroying pipeline:Pipeline[ Id: 65f96a82-f013-4c2d-a357-e9d835e888eb, Nodes: 6876bac9-11ad-40f6-880c-796bfc7745f2{ip: 192.168.5.139, host: pr-hdds-1786-trunk-k6rzm-1803654198, networkLocation: /default-rack, certSerialId: null}64e81ce6-88e4-4777-9780-87a208f38655{ip: 192.168.5.139, host: pr-hdds-1786-trunk-k6rzm-1803654198, networkLocation: /default-rack, certSerialId: null}c2ec732c-be0e-46a5-a2ed-f7f9dc34e031{ip: 192.168.5.139, host: pr-hdds-1786-trunk-k6rzm-1803654198, networkLocation: /default-rack, certSerialId: null}, Type:RATIS, Factor:THREE, State:CLOSED]
2019-09-10 18:46:54,894 [6876bac9-11ad-40f6-880c-796bfc7745f2@group-E9D835E888EB-SegmentedRaftLogWorker] WARN  segmented.SegmentedRaftLogWorker (SegmentedRaftLogWorker.java:getFromFuture(90)) - Timeout 14/~
org.apache.ratis.protocol.TimeoutIOException: Timeout 10s: WriteLog:18: (t:1, i:18), STATEMACHINELOGENTRY, client-022477A8F022, cid=140-writeStateMachineData
	at org.apache.ratis.util.IOUtils.getFromFuture(IOUtils.java:87)
	at org.apache.ratis.server.raftlog.segmented.SegmentedRaftLogWorker$StateMachineDataPolicy.getFromFuture(SegmentedRaftLogWorker.java:87)
	at org.apache.ratis.server.raftlog.segmented.SegmentedRaftLogWorker$WriteLog.execute(SegmentedRaftLogWorker.java:477)
	at org.apache.ratis.server.raftlog.segmented.SegmentedRaftLogWorker.run(SegmentedRaftLogWorker.java:289)
	at java.lang.Thread.run(Thread.java:748)
Caused by: java.util.concurrent.TimeoutException
	at java.util.concurrent.CompletableFuture.timedGet(CompletableFuture.java:1771)
	at java.util.concurrent.CompletableFuture.get(CompletableFuture.java:1915)
	at org.apache.ratis.util.IOUtils.getFromFuture(IOUtils.java:79)
	... 4 more
2019-09-10 18:46:54,912 [64e81ce6-88e4-4777-9780-87a208f38655@group-E9D835E888EB-SegmentedRaftLogWorker] WARN  segmented.SegmentedRaftLogWorker (SegmentedRaftLogWorker.java:getFromFuture(90)) - Timeout 14/~
org.apache.ratis.protocol.TimeoutIOException: Timeout 10s: WriteLog:18: (t:1, i:18), STATEMACHINELOGENTRY, client-022477A8F022, cid=140-writeStateMachineData
	at org.apache.ratis.util.IOUtils.getFromFuture(IOUtils.java:87)
	at org.apache.ratis.server.raftlog.segmented.SegmentedRaftLogWorker$StateMachineDataPolicy.getFromFuture(SegmentedRaftLogWorker.java:87)
	at org.apache.ratis.server.raftlog.segmented.SegmentedRaftLogWorker$WriteLog.execute(SegmentedRaftLogWorker.java:477)
	at org.apache.ratis.server.raftlog.segmented.SegmentedRaftLogWorker.run(SegmentedRaftLogWorker.java:289)
	at java.lang.Thread.run(Thread.java:748)
Caused by: java.util.concurrent.TimeoutException
	at java.util.concurrent.CompletableFuture.timedGet(CompletableFuture.java:1771)
	at java.util.concurrent.CompletableFuture.get(CompletableFuture.java:1915)
	at org.apache.ratis.util.IOUtils.getFromFuture(IOUtils.java:79)
	... 4 more
2019-09-10 18:46:55,066 [c2ec732c-be0e-46a5-a2ed-f7f9dc34e031@group-E9D835E888EB-SegmentedRaftLogWorker] WARN  segmented.SegmentedRaftLogWorker (SegmentedRaftLogWorker.java:getFromFuture(90)) - Timeout 14/~
org.apache.ratis.protocol.TimeoutIOException: Timeout 10s: WriteLog:21: (t:1, i:21), STATEMACHINELOGENTRY, client-022477A8F022, cid=143-writeStateMachineData
	at org.apache.ratis.util.IOUtils.getFromFuture(IOUtils.java:87)
	at org.apache.ratis.server.raftlog.segmented.SegmentedRaftLogWorker$StateMachineDataPolicy.getFromFuture(SegmentedRaftLogWorker.java:87)
	at org.apache.ratis.server.raftlog.segmented.SegmentedRaftLogWorker$WriteLog.execute(SegmentedRaftLogWorker.java:477)
	at org.apache.ratis.server.raftlog.segmented.SegmentedRaftLogWorker.run(SegmentedRaftLogWorker.java:289)
	at java.lang.Thread.run(Thread.java:748)
Caused by: java.util.concurrent.TimeoutException
	at java.util.concurrent.CompletableFuture.timedGet(CompletableFuture.java:1771)
	at java.util.concurrent.CompletableFuture.get(CompletableFuture.java:1915)
	at org.apache.ratis.util.IOUtils.getFromFuture(IOUtils.java:79)
	... 4 more
2019-09-10 18:46:55,639 [org.apache.ratis.server.impl.LogAppender$AppenderDaemon$$Lambda$491/1891770971@6c4ed253] ERROR ratis.XceiverServerRatis (XceiverServerRatis.java:triggerPipelineClose(575)) - pipeline Action CLOSE  on pipeline PipelineID=65f96a82-f013-4c2d-a357-e9d835e888eb.Reason : c2ec732c-be0e-46a5-a2ed-f7f9dc34e031 has not seen follower/s 6876bac9-11ad-40f6-880c-796bfc7745f2 for 151719ms 64e81ce6-88e4-4777-9780-87a208f38655 for 151732ms
2019-09-10 18:46:55,639 [org.apache.ratis.server.impl.LogAppender$AppenderDaemon$$Lambda$491/1891770971@63ee96bb] ERROR ratis.XceiverServerRatis (XceiverServerRatis.java:triggerPipelineClose(575)) - pipeline Action CLOSE  on pipeline PipelineID=65f96a82-f013-4c2d-a357-e9d835e888eb.Reason : c2ec732c-be0e-46a5-a2ed-f7f9dc34e031 has not seen follower/s 6876bac9-11ad-40f6-880c-796bfc7745f2 for 151719ms 64e81ce6-88e4-4777-9780-87a208f38655 for 151732ms
2019-09-10 18:46:56,137 [EventQueue-PipelineActionsForPipelineActionHandler] ERROR pipeline.PipelineActionHandler (PipelineActionHandler.java:onMessage(60)) - Received pipeline action CLOSE for Pipeline[ Id: 65f96a82-f013-4c2d-a357-e9d835e888eb, Nodes: 6876bac9-11ad-40f6-880c-796bfc7745f2{ip: 192.168.5.139, host: pr-hdds-1786-trunk-k6rzm-1803654198, networkLocation: /default-rack, certSerialId: null}64e81ce6-88e4-4777-9780-87a208f38655{ip: 192.168.5.139, host: pr-hdds-1786-trunk-k6rzm-1803654198, networkLocation: /default-rack, certSerialId: null}c2ec732c-be0e-46a5-a2ed-f7f9dc34e031{ip: 192.168.5.139, host: pr-hdds-1786-trunk-k6rzm-1803654198, networkLocation: /default-rack, certSerialId: null}, Type:RATIS, Factor:THREE, State:CLOSED] from datanode c2ec732c-be0e-46a5-a2ed-f7f9dc34e031{ip: 192.168.5.139, host: pr-hdds-1786-trunk-k6rzm-1803654198, networkLocation: /default-rack, certSerialId: null}. Reason : c2ec732c-be0e-46a5-a2ed-f7f9dc34e031 has not seen follower/s 6876bac9-11ad-40f6-880c-796bfc7745f2 for 151719ms 64e81ce6-88e4-4777-9780-87a208f38655 for 151732ms
2019-09-10 18:46:56,137 [EventQueue-PipelineActionsForPipelineActionHandler] INFO  pipeline.SCMPipelineManager (SCMPipelineManager.java:finalizeAndDestroyPipeline(311)) - destroying pipeline:Pipeline[ Id: 65f96a82-f013-4c2d-a357-e9d835e888eb, Nodes: 6876bac9-11ad-40f6-880c-796bfc7745f2{ip: 192.168.5.139, host: pr-hdds-1786-trunk-k6rzm-1803654198, networkLocation: /default-rack, certSerialId: null}64e81ce6-88e4-4777-9780-87a208f38655{ip: 192.168.5.139, host: pr-hdds-1786-trunk-k6rzm-1803654198, networkLocation: /default-rack, certSerialId: null}c2ec732c-be0e-46a5-a2ed-f7f9dc34e031{ip: 192.168.5.139, host: pr-hdds-1786-trunk-k6rzm-1803654198, networkLocation: /default-rack, certSerialId: null}, Type:RATIS, Factor:THREE, State:CLOSED]
2019-09-10 18:46:56,138 [java.util.concurrent.ThreadPoolExecutor$Worker@77688533[State = -1, empty queue]] WARN  server.GrpcLogAppender (GrpcLogAppender.java:timeoutAppendRequest(200)) - c2ec732c-be0e-46a5-a2ed-f7f9dc34e031@group-E9D835E888EB->6876bac9-11ad-40f6-880c-796bfc7745f2-GrpcLogAppender: appendEntries Timeout, request=c2ec732c-be0e-46a5-a2ed-f7f9dc34e031->6876bac9-11ad-40f6-880c-796bfc7745f2#236-t1, previous=(t:1, i:24), leaderCommit=17, initializing? false, entries: <empty>
2019-09-10 18:46:56,138 [java.util.concurrent.ThreadPoolExecutor$Worker@506b2520[State = -1, empty queue]] WARN  server.GrpcLogAppender (GrpcLogAppender.java:timeoutAppendRequest(200)) - c2ec732c-be0e-46a5-a2ed-f7f9dc34e031@group-E9D835E888EB->64e81ce6-88e4-4777-9780-87a208f38655-GrpcLogAppender: appendEntries Timeout, request=c2ec732c-be0e-46a5-a2ed-f7f9dc34e031->64e81ce6-88e4-4777-9780-87a208f38655#236-t1, previous=(t:1, i:24), leaderCommit=17, initializing? false, entries: <empty>
2019-09-10 18:46:56,327 [grpc-default-executor-0] INFO  client.GrpcClientProtocolClient (GrpcClientProtocolClient.java:onNext(264)) - client-022477A8F022->6876bac9-11ad-40f6-880c-796bfc7745f2: receive RaftClientReply:client-022477A8F022->6876bac9-11ad-40f6-880c-796bfc7745f2@group-E9D835E888EB, cid=140, FAILED org.apache.ratis.protocol.NotLeaderException: Server 6876bac9-11ad-40f6-880c-796bfc7745f2@group-E9D835E888EB is not the leader c2ec732c-be0e-46a5-a2ed-f7f9dc34e031:192.168.5.139:45554, logIndex=0, commits[6876bac9-11ad-40f6-880c-796bfc7745f2:c17, c2ec732c-be0e-46a5-a2ed-f7f9dc34e031:c17, 64e81ce6-88e4-4777-9780-87a208f38655:c13]
2019-09-10 18:46:58,141 [org.apache.ratis.server.impl.LogAppender$AppenderDaemon$$Lambda$491/1891770971@63ee96bb] ERROR ratis.XceiverServerRatis (XceiverServerRatis.java:triggerPipelineClose(575)) - pipeline Action CLOSE  on pipeline PipelineID=65f96a82-f013-4c2d-a357-e9d835e888eb.Reason : c2ec732c-be0e-46a5-a2ed-f7f9dc34e031 has not seen follower/s 6876bac9-11ad-40f6-880c-796bfc7745f2 for 154221ms 64e81ce6-88e4-4777-9780-87a208f38655 for 154233ms
2019-09-10 18:46:58,141 [org.apache.ratis.server.impl.LogAppender$AppenderDaemon$$Lambda$491/1891770971@6c4ed253] ERROR ratis.XceiverServerRatis (XceiverServerRatis.java:triggerPipelineClose(575)) - pipeline Action CLOSE  on pipeline PipelineID=65f96a82-f013-4c2d-a357-e9d835e888eb.Reason : c2ec732c-be0e-46a5-a2ed-f7f9dc34e031 has not seen follower/s 6876bac9-11ad-40f6-880c-796bfc7745f2 for 154221ms 64e81ce6-88e4-4777-9780-87a208f38655 for 154233ms
2019-09-10 18:46:58,639 [java.util.concurrent.ThreadPoolExecutor$Worker@77688533[State = -1, empty queue]] WARN  server.GrpcLogAppender (GrpcLogAppender.java:timeoutAppendRequest(200)) - c2ec732c-be0e-46a5-a2ed-f7f9dc34e031@group-E9D835E888EB->6876bac9-11ad-40f6-880c-796bfc7745f2-GrpcLogAppender: appendEntries Timeout, request=c2ec732c-be0e-46a5-a2ed-f7f9dc34e031->6876bac9-11ad-40f6-880c-796bfc7745f2#237-t1, previous=(t:1, i:24), leaderCommit=17, initializing? false, entries: <empty>
2019-09-10 18:46:58,639 [java.util.concurrent.ThreadPoolExecutor$Worker@506b2520[State = -1, empty queue]] WARN  server.GrpcLogAppender (GrpcLogAppender.java:timeoutAppendRequest(200)) - c2ec732c-be0e-46a5-a2ed-f7f9dc34e031@group-E9D835E888EB->64e81ce6-88e4-4777-9780-87a208f38655-GrpcLogAppender: appendEntries Timeout, request=c2ec732c-be0e-46a5-a2ed-f7f9dc34e031->64e81ce6-88e4-4777-9780-87a208f38655#237-t1, previous=(t:1, i:24), leaderCommit=17, initializing? false, entries: <empty>
2019-09-10 18:46:59,139 [EventQueue-PipelineActionsForPipelineActionHandler] ERROR pipeline.PipelineActionHandler (PipelineActionHandler.java:onMessage(60)) - Received pipeline action CLOSE for Pipeline[ Id: 65f96a82-f013-4c2d-a357-e9d835e888eb, Nodes: 6876bac9-11ad-40f6-880c-796bfc7745f2{ip: 192.168.5.139, host: pr-hdds-1786-trunk-k6rzm-1803654198, networkLocation: /default-rack, certSerialId: null}64e81ce6-88e4-4777-9780-87a208f38655{ip: 192.168.5.139, host: pr-hdds-1786-trunk-k6rzm-1803654198, networkLocation: /default-rack, certSerialId: null}c2ec732c-be0e-46a5-a2ed-f7f9dc34e031{ip: 192.168.5.139, host: pr-hdds-1786-trunk-k6rzm-1803654198, networkLocation: /default-rack, certSerialId: null}, Type:RATIS, Factor:THREE, State:CLOSED] from datanode c2ec732c-be0e-46a5-a2ed-f7f9dc34e031{ip: 192.168.5.139, host: pr-hdds-1786-trunk-k6rzm-1803654198, networkLocation: /default-rack, certSerialId: null}. Reason : c2ec732c-be0e-46a5-a2ed-f7f9dc34e031 has not seen follower/s 6876bac9-11ad-40f6-880c-796bfc7745f2 for 154221ms 64e81ce6-88e4-4777-9780-87a208f38655 for 154233ms
2019-09-10 18:46:59,140 [EventQueue-PipelineActionsForPipelineActionHandler] INFO  pipeline.SCMPipelineManager (SCMPipelineManager.java:finalizeAndDestroyPipeline(311)) - destroying pipeline:Pipeline[ Id: 65f96a82-f013-4c2d-a357-e9d835e888eb, Nodes: 6876bac9-11ad-40f6-880c-796bfc7745f2{ip: 192.168.5.139, host: pr-hdds-1786-trunk-k6rzm-1803654198, networkLocation: /default-rack, certSerialId: null}64e81ce6-88e4-4777-9780-87a208f38655{ip: 192.168.5.139, host: pr-hdds-1786-trunk-k6rzm-1803654198, networkLocation: /default-rack, certSerialId: null}c2ec732c-be0e-46a5-a2ed-f7f9dc34e031{ip: 192.168.5.139, host: pr-hdds-1786-trunk-k6rzm-1803654198, networkLocation: /default-rack, certSerialId: null}, Type:RATIS, Factor:THREE, State:CLOSED]
2019-09-10 18:47:00,642 [org.apache.ratis.server.impl.LogAppender$AppenderDaemon$$Lambda$491/1891770971@6c4ed253] ERROR ratis.XceiverServerRatis (XceiverServerRatis.java:triggerPipelineClose(575)) - pipeline Action CLOSE  on pipeline PipelineID=65f96a82-f013-4c2d-a357-e9d835e888eb.Reason : c2ec732c-be0e-46a5-a2ed-f7f9dc34e031 has not seen follower/s 6876bac9-11ad-40f6-880c-796bfc7745f2 for 156721ms 64e81ce6-88e4-4777-9780-87a208f38655 for 156734ms
2019-09-10 18:47:00,642 [org.apache.ratis.server.impl.LogAppender$AppenderDaemon$$Lambda$491/1891770971@63ee96bb] ERROR ratis.XceiverServerRatis (XceiverServerRatis.java:triggerPipelineClose(575)) - pipeline Action CLOSE  on pipeline PipelineID=65f96a82-f013-4c2d-a357-e9d835e888eb.Reason : c2ec732c-be0e-46a5-a2ed-f7f9dc34e031 has not seen follower/s 6876bac9-11ad-40f6-880c-796bfc7745f2 for 156721ms 64e81ce6-88e4-4777-9780-87a208f38655 for 156734ms
2019-09-10 18:47:01,140 [EventQueue-PipelineActionsForPipelineActionHandler] ERROR pipeline.PipelineActionHandler (PipelineActionHandler.java:onMessage(60)) - Received pipeline action CLOSE for Pipeline[ Id: 65f96a82-f013-4c2d-a357-e9d835e888eb, Nodes: 6876bac9-11ad-40f6-880c-796bfc7745f2{ip: 192.168.5.139, host: pr-hdds-1786-trunk-k6rzm-1803654198, networkLocation: /default-rack, certSerialId: null}64e81ce6-88e4-4777-9780-87a208f38655{ip: 192.168.5.139, host: pr-hdds-1786-trunk-k6rzm-1803654198, networkLocation: /default-rack, certSerialId: null}c2ec732c-be0e-46a5-a2ed-f7f9dc34e031{ip: 192.168.5.139, host: pr-hdds-1786-trunk-k6rzm-1803654198, networkLocation: /default-rack, certSerialId: null}, Type:RATIS, Factor:THREE, State:CLOSED] from datanode c2ec732c-be0e-46a5-a2ed-f7f9dc34e031{ip: 192.168.5.139, host: pr-hdds-1786-trunk-k6rzm-1803654198, networkLocation: /default-rack, certSerialId: null}. Reason : c2ec732c-be0e-46a5-a2ed-f7f9dc34e031 has not seen follower/s 6876bac9-11ad-40f6-880c-796bfc7745f2 for 156721ms 64e81ce6-88e4-4777-9780-87a208f38655 for 156734ms
2019-09-10 18:47:01,141 [java.util.concurrent.ThreadPoolExecutor$Worker@77688533[State = -1, empty queue]] WARN  server.GrpcLogAppender (GrpcLogAppender.java:timeoutAppendRequest(200)) - c2ec732c-be0e-46a5-a2ed-f7f9dc34e031@group-E9D835E888EB->6876bac9-11ad-40f6-880c-796bfc7745f2-GrpcLogAppender: appendEntries Timeout, request=c2ec732c-be0e-46a5-a2ed-f7f9dc34e031->6876bac9-11ad-40f6-880c-796bfc7745f2#238-t1, previous=(t:1, i:24), leaderCommit=17, initializing? false, entries: <empty>
2019-09-10 18:47:01,141 [java.util.concurrent.ThreadPoolExecutor$Worker@506b2520[State = -1, empty queue]] WARN  server.GrpcLogAppender (GrpcLogAppender.java:timeoutAppendRequest(200)) - c2ec732c-be0e-46a5-a2ed-f7f9dc34e031@group-E9D835E888EB->64e81ce6-88e4-4777-9780-87a208f38655-GrpcLogAppender: appendEntries Timeout, request=c2ec732c-be0e-46a5-a2ed-f7f9dc34e031->64e81ce6-88e4-4777-9780-87a208f38655#238-t1, previous=(t:1, i:24), leaderCommit=17, initializing? false, entries: <empty>
2019-09-10 18:47:01,141 [EventQueue-PipelineActionsForPipelineActionHandler] INFO  pipeline.SCMPipelineManager (SCMPipelineManager.java:finalizeAndDestroyPipeline(311)) - destroying pipeline:Pipeline[ Id: 65f96a82-f013-4c2d-a357-e9d835e888eb, Nodes: 6876bac9-11ad-40f6-880c-796bfc7745f2{ip: 192.168.5.139, host: pr-hdds-1786-trunk-k6rzm-1803654198, networkLocation: /default-rack, certSerialId: null}64e81ce6-88e4-4777-9780-87a208f38655{ip: 192.168.5.139, host: pr-hdds-1786-trunk-k6rzm-1803654198, networkLocation: /default-rack, certSerialId: null}c2ec732c-be0e-46a5-a2ed-f7f9dc34e031{ip: 192.168.5.139, host: pr-hdds-1786-trunk-k6rzm-1803654198, networkLocation: /default-rack, certSerialId: null}, Type:RATIS, Factor:THREE, State:CLOSED]
2019-09-10 18:47:01,372 [grpc-default-executor-2] INFO  client.GrpcClientProtocolClient (GrpcClientProtocolClient.java:onNext(264)) - client-022477A8F022->64e81ce6-88e4-4777-9780-87a208f38655: receive RaftClientReply:client-022477A8F022->64e81ce6-88e4-4777-9780-87a208f38655@group-E9D835E888EB, cid=140, FAILED org.apache.ratis.protocol.NotLeaderException: Server 64e81ce6-88e4-4777-9780-87a208f38655@group-E9D835E888EB is not the leader c2ec732c-be0e-46a5-a2ed-f7f9dc34e031:192.168.5.139:45554, logIndex=0, commits[64e81ce6-88e4-4777-9780-87a208f38655:c17, c2ec732c-be0e-46a5-a2ed-f7f9dc34e031:c17, 6876bac9-11ad-40f6-880c-796bfc7745f2:c13]
2019-09-10 18:47:03,143 [org.apache.ratis.server.impl.LogAppender$AppenderDaemon$$Lambda$491/1891770971@63ee96bb] ERROR ratis.XceiverServerRatis (XceiverServerRatis.java:triggerPipelineClose(575)) - pipeline Action CLOSE  on pipeline PipelineID=65f96a82-f013-4c2d-a357-e9d835e888eb.Reason : c2ec732c-be0e-46a5-a2ed-f7f9dc34e031 has not seen follower/s 6876bac9-11ad-40f6-880c-796bfc7745f2 for 159223ms 64e81ce6-88e4-4777-9780-87a208f38655 for 159235ms
2019-09-10 18:47:03,143 [org.apache.ratis.server.impl.LogAppender$AppenderDaemon$$Lambda$491/1891770971@6c4ed253] ERROR ratis.XceiverServerRatis (XceiverServerRatis.java:triggerPipelineClose(575)) - pipeline Action CLOSE  on pipeline PipelineID=65f96a82-f013-4c2d-a357-e9d835e888eb.Reason : c2ec732c-be0e-46a5-a2ed-f7f9dc34e031 has not seen follower/s 6876bac9-11ad-40f6-880c-796bfc7745f2 for 159223ms 64e81ce6-88e4-4777-9780-87a208f38655 for 159235ms
2019-09-10 18:47:03,642 [java.util.concurrent.ThreadPoolExecutor$Worker@77688533[State = -1, empty queue]] WARN  server.GrpcLogAppender (GrpcLogAppender.java:timeoutAppendRequest(200)) - c2ec732c-be0e-46a5-a2ed-f7f9dc34e031@group-E9D835E888EB->6876bac9-11ad-40f6-880c-796bfc7745f2-GrpcLogAppender: appendEntries Timeout, request=c2ec732c-be0e-46a5-a2ed-f7f9dc34e031->6876bac9-11ad-40f6-880c-796bfc7745f2#239-t1, previous=(t:1, i:24), leaderCommit=17, initializing? false, entries: <empty>
2019-09-10 18:47:03,642 [java.util.concurrent.ThreadPoolExecutor$Worker@506b2520[State = -1, empty queue]] WARN  server.GrpcLogAppender (GrpcLogAppender.java:timeoutAppendRequest(200)) - c2ec732c-be0e-46a5-a2ed-f7f9dc34e031@group-E9D835E888EB->64e81ce6-88e4-4777-9780-87a208f38655-GrpcLogAppender: appendEntries Timeout, request=c2ec732c-be0e-46a5-a2ed-f7f9dc34e031->64e81ce6-88e4-4777-9780-87a208f38655#239-t1, previous=(t:1, i:24), leaderCommit=17, initializing? false, entries: <empty>
2019-09-10 18:47:04,139 [EventQueue-PipelineActionsForPipelineActionHandler] ERROR pipeline.PipelineActionHandler (PipelineActionHandler.java:onMessage(60)) - Received pipeline action CLOSE for Pipeline[ Id: 65f96a82-f013-4c2d-a357-e9d835e888eb, Nodes: 6876bac9-11ad-40f6-880c-796bfc7745f2{ip: 192.168.5.139, host: pr-hdds-1786-trunk-k6rzm-1803654198, networkLocation: /default-rack, certSerialId: null}64e81ce6-88e4-4777-9780-87a208f38655{ip: 192.168.5.139, host: pr-hdds-1786-trunk-k6rzm-1803654198, networkLocation: /default-rack, certSerialId: null}c2ec732c-be0e-46a5-a2ed-f7f9dc34e031{ip: 192.168.5.139, host: pr-hdds-1786-trunk-k6rzm-1803654198, networkLocation: /default-rack, certSerialId: null}, Type:RATIS, Factor:THREE, State:CLOSED] from datanode c2ec732c-be0e-46a5-a2ed-f7f9dc34e031{ip: 192.168.5.139, host: pr-hdds-1786-trunk-k6rzm-1803654198, networkLocation: /default-rack, certSerialId: null}. Reason : c2ec732c-be0e-46a5-a2ed-f7f9dc34e031 has not seen follower/s 6876bac9-11ad-40f6-880c-796bfc7745f2 for 159223ms 64e81ce6-88e4-4777-9780-87a208f38655 for 159235ms
2019-09-10 18:47:04,139 [EventQueue-PipelineActionsForPipelineActionHandler] INFO  pipeline.SCMPipelineManager (SCMPipelineManager.java:finalizeAndDestroyPipeline(311)) - destroying pipeline:Pipeline[ Id: 65f96a82-f013-4c2d-a357-e9d835e888eb, Nodes: 6876bac9-11ad-40f6-880c-796bfc7745f2{ip: 192.168.5.139, host: pr-hdds-1786-trunk-k6rzm-1803654198, networkLocation: /default-rack, certSerialId: null}64e81ce6-88e4-4777-9780-87a208f38655{ip: 192.168.5.139, host: pr-hdds-1786-trunk-k6rzm-1803654198, networkLocation: /default-rack, certSerialId: null}c2ec732c-be0e-46a5-a2ed-f7f9dc34e031{ip: 192.168.5.139, host: pr-hdds-1786-trunk-k6rzm-1803654198, networkLocation: /default-rack, certSerialId: null}, Type:RATIS, Factor:THREE, State:CLOSED]
2019-09-10 18:47:04,895 [6876bac9-11ad-40f6-880c-796bfc7745f2@group-E9D835E888EB-SegmentedRaftLogWorker] WARN  segmented.SegmentedRaftLogWorker (SegmentedRaftLogWorker.java:getFromFuture(90)) - Timeout 15/~
org.apache.ratis.protocol.TimeoutIOException: Timeout 10s: WriteLog:18: (t:1, i:18), STATEMACHINELOGENTRY, client-022477A8F022, cid=140-writeStateMachineData
	at org.apache.ratis.util.IOUtils.getFromFuture(IOUtils.java:87)
	at org.apache.ratis.server.raftlog.segmented.SegmentedRaftLogWorker$StateMachineDataPolicy.getFromFuture(SegmentedRaftLogWorker.java:87)
	at org.apache.ratis.server.raftlog.segmented.SegmentedRaftLogWorker$WriteLog.execute(SegmentedRaftLogWorker.java:477)
	at org.apache.ratis.server.raftlog.segmented.SegmentedRaftLogWorker.run(SegmentedRaftLogWorker.java:289)
	at java.lang.Thread.run(Thread.java:748)
Caused by: java.util.concurrent.TimeoutException
	at java.util.concurrent.CompletableFuture.timedGet(CompletableFuture.java:1771)
	at java.util.concurrent.CompletableFuture.get(CompletableFuture.java:1915)
	at org.apache.ratis.util.IOUtils.getFromFuture(IOUtils.java:79)
	... 4 more
2019-09-10 18:47:04,913 [64e81ce6-88e4-4777-9780-87a208f38655@group-E9D835E888EB-SegmentedRaftLogWorker] WARN  segmented.SegmentedRaftLogWorker (SegmentedRaftLogWorker.java:getFromFuture(90)) - Timeout 15/~
org.apache.ratis.protocol.TimeoutIOException: Timeout 10s: WriteLog:18: (t:1, i:18), STATEMACHINELOGENTRY, client-022477A8F022, cid=140-writeStateMachineData
	at org.apache.ratis.util.IOUtils.getFromFuture(IOUtils.java:87)
	at org.apache.ratis.server.raftlog.segmented.SegmentedRaftLogWorker$StateMachineDataPolicy.getFromFuture(SegmentedRaftLogWorker.java:87)
	at org.apache.ratis.server.raftlog.segmented.SegmentedRaftLogWorker$WriteLog.execute(SegmentedRaftLogWorker.java:477)
	at org.apache.ratis.server.raftlog.segmented.SegmentedRaftLogWorker.run(SegmentedRaftLogWorker.java:289)
	at java.lang.Thread.run(Thread.java:748)
Caused by: java.util.concurrent.TimeoutException
	at java.util.concurrent.CompletableFuture.timedGet(CompletableFuture.java:1771)
	at java.util.concurrent.CompletableFuture.get(CompletableFuture.java:1915)
	at org.apache.ratis.util.IOUtils.getFromFuture(IOUtils.java:79)
	... 4 more
2019-09-10 18:47:05,067 [c2ec732c-be0e-46a5-a2ed-f7f9dc34e031@group-E9D835E888EB-SegmentedRaftLogWorker] WARN  segmented.SegmentedRaftLogWorker (SegmentedRaftLogWorker.java:getFromFuture(90)) - Timeout 15/~
org.apache.ratis.protocol.TimeoutIOException: Timeout 10s: WriteLog:21: (t:1, i:21), STATEMACHINELOGENTRY, client-022477A8F022, cid=143-writeStateMachineData
	at org.apache.ratis.util.IOUtils.getFromFuture(IOUtils.java:87)
	at org.apache.ratis.server.raftlog.segmented.SegmentedRaftLogWorker$StateMachineDataPolicy.getFromFuture(SegmentedRaftLogWorker.java:87)
	at org.apache.ratis.server.raftlog.segmented.SegmentedRaftLogWorker$WriteLog.execute(SegmentedRaftLogWorker.java:477)
	at org.apache.ratis.server.raftlog.segmented.SegmentedRaftLogWorker.run(SegmentedRaftLogWorker.java:289)
	at java.lang.Thread.run(Thread.java:748)
Caused by: java.util.concurrent.TimeoutException
	at java.util.concurrent.CompletableFuture.timedGet(CompletableFuture.java:1771)
	at java.util.concurrent.CompletableFuture.get(CompletableFuture.java:1915)
	at org.apache.ratis.util.IOUtils.getFromFuture(IOUtils.java:79)
	... 4 more
2019-09-10 18:47:05,644 [org.apache.ratis.server.impl.LogAppender$AppenderDaemon$$Lambda$491/1891770971@63ee96bb] ERROR ratis.XceiverServerRatis (XceiverServerRatis.java:triggerPipelineClose(575)) - pipeline Action CLOSE  on pipeline PipelineID=65f96a82-f013-4c2d-a357-e9d835e888eb.Reason : c2ec732c-be0e-46a5-a2ed-f7f9dc34e031 has not seen follower/s 6876bac9-11ad-40f6-880c-796bfc7745f2 for 161724ms 64e81ce6-88e4-4777-9780-87a208f38655 for 161736ms
2019-09-10 18:47:05,644 [org.apache.ratis.server.impl.LogAppender$AppenderDaemon$$Lambda$491/1891770971@6c4ed253] ERROR ratis.XceiverServerRatis (XceiverServerRatis.java:triggerPipelineClose(575)) - pipeline Action CLOSE  on pipeline PipelineID=65f96a82-f013-4c2d-a357-e9d835e888eb.Reason : c2ec732c-be0e-46a5-a2ed-f7f9dc34e031 has not seen follower/s 6876bac9-11ad-40f6-880c-796bfc7745f2 for 161724ms 64e81ce6-88e4-4777-9780-87a208f38655 for 161736ms
2019-09-10 18:47:06,138 [EventQueue-PipelineActionsForPipelineActionHandler] ERROR pipeline.PipelineActionHandler (PipelineActionHandler.java:onMessage(60)) - Received pipeline action CLOSE for Pipeline[ Id: 65f96a82-f013-4c2d-a357-e9d835e888eb, Nodes: 6876bac9-11ad-40f6-880c-796bfc7745f2{ip: 192.168.5.139, host: pr-hdds-1786-trunk-k6rzm-1803654198, networkLocation: /default-rack, certSerialId: null}64e81ce6-88e4-4777-9780-87a208f38655{ip: 192.168.5.139, host: pr-hdds-1786-trunk-k6rzm-1803654198, networkLocation: /default-rack, certSerialId: null}c2ec732c-be0e-46a5-a2ed-f7f9dc34e031{ip: 192.168.5.139, host: pr-hdds-1786-trunk-k6rzm-1803654198, networkLocation: /default-rack, certSerialId: null}, Type:RATIS, Factor:THREE, State:CLOSED] from datanode c2ec732c-be0e-46a5-a2ed-f7f9dc34e031{ip: 192.168.5.139, host: pr-hdds-1786-trunk-k6rzm-1803654198, networkLocation: /default-rack, certSerialId: null}. Reason : c2ec732c-be0e-46a5-a2ed-f7f9dc34e031 has not seen follower/s 6876bac9-11ad-40f6-880c-796bfc7745f2 for 161724ms 64e81ce6-88e4-4777-9780-87a208f38655 for 161736ms
2019-09-10 18:47:06,139 [EventQueue-PipelineActionsForPipelineActionHandler] INFO  pipeline.SCMPipelineManager (SCMPipelineManager.java:finalizeAndDestroyPipeline(311)) - destroying pipeline:Pipeline[ Id: 65f96a82-f013-4c2d-a357-e9d835e888eb, Nodes: 6876bac9-11ad-40f6-880c-796bfc7745f2{ip: 192.168.5.139, host: pr-hdds-1786-trunk-k6rzm-1803654198, networkLocation: /default-rack, certSerialId: null}64e81ce6-88e4-4777-9780-87a208f38655{ip: 192.168.5.139, host: pr-hdds-1786-trunk-k6rzm-1803654198, networkLocation: /default-rack, certSerialId: null}c2ec732c-be0e-46a5-a2ed-f7f9dc34e031{ip: 192.168.5.139, host: pr-hdds-1786-trunk-k6rzm-1803654198, networkLocation: /default-rack, certSerialId: null}, Type:RATIS, Factor:THREE, State:CLOSED]
2019-09-10 18:47:06,143 [java.util.concurrent.ThreadPoolExecutor$Worker@77688533[State = -1, empty queue]] WARN  server.GrpcLogAppender (GrpcLogAppender.java:timeoutAppendRequest(200)) - c2ec732c-be0e-46a5-a2ed-f7f9dc34e031@group-E9D835E888EB->6876bac9-11ad-40f6-880c-796bfc7745f2-GrpcLogAppender: appendEntries Timeout, request=c2ec732c-be0e-46a5-a2ed-f7f9dc34e031->6876bac9-11ad-40f6-880c-796bfc7745f2#240-t1, previous=(t:1, i:24), leaderCommit=17, initializing? false, entries: <empty>
2019-09-10 18:47:06,143 [java.util.concurrent.ThreadPoolExecutor$Worker@506b2520[State = -1, empty queue]] WARN  server.GrpcLogAppender (GrpcLogAppender.java:timeoutAppendRequest(200)) - c2ec732c-be0e-46a5-a2ed-f7f9dc34e031@group-E9D835E888EB->64e81ce6-88e4-4777-9780-87a208f38655-GrpcLogAppender: appendEntries Timeout, request=c2ec732c-be0e-46a5-a2ed-f7f9dc34e031->64e81ce6-88e4-4777-9780-87a208f38655#240-t1, previous=(t:1, i:24), leaderCommit=17, initializing? false, entries: <empty>
2019-09-10 18:47:06,434 [grpc-default-executor-0] INFO  client.GrpcClientProtocolClient (GrpcClientProtocolClient.java:onNext(264)) - client-022477A8F022->6876bac9-11ad-40f6-880c-796bfc7745f2: receive RaftClientReply:client-022477A8F022->6876bac9-11ad-40f6-880c-796bfc7745f2@group-E9D835E888EB, cid=140, FAILED org.apache.ratis.protocol.NotLeaderException: Server 6876bac9-11ad-40f6-880c-796bfc7745f2@group-E9D835E888EB is not the leader c2ec732c-be0e-46a5-a2ed-f7f9dc34e031:192.168.5.139:45554, logIndex=0, commits[6876bac9-11ad-40f6-880c-796bfc7745f2:c17, c2ec732c-be0e-46a5-a2ed-f7f9dc34e031:c17, 64e81ce6-88e4-4777-9780-87a208f38655:c13]
2019-09-10 18:47:08,145 [org.apache.ratis.server.impl.LogAppender$AppenderDaemon$$Lambda$491/1891770971@6c4ed253] ERROR ratis.XceiverServerRatis (XceiverServerRatis.java:triggerPipelineClose(575)) - pipeline Action CLOSE  on pipeline PipelineID=65f96a82-f013-4c2d-a357-e9d835e888eb.Reason : c2ec732c-be0e-46a5-a2ed-f7f9dc34e031 has not seen follower/s 6876bac9-11ad-40f6-880c-796bfc7745f2 for 164225ms 64e81ce6-88e4-4777-9780-87a208f38655 for 164237ms
2019-09-10 18:47:08,145 [org.apache.ratis.server.impl.LogAppender$AppenderDaemon$$Lambda$491/1891770971@63ee96bb] ERROR ratis.XceiverServerRatis (XceiverServerRatis.java:triggerPipelineClose(575)) - pipeline Action CLOSE  on pipeline PipelineID=65f96a82-f013-4c2d-a357-e9d835e888eb.Reason : c2ec732c-be0e-46a5-a2ed-f7f9dc34e031 has not seen follower/s 6876bac9-11ad-40f6-880c-796bfc7745f2 for 164225ms 64e81ce6-88e4-4777-9780-87a208f38655 for 164237ms
2019-09-10 18:47:08,644 [java.util.concurrent.ThreadPoolExecutor$Worker@506b2520[State = -1, empty queue]] WARN  server.GrpcLogAppender (GrpcLogAppender.java:timeoutAppendRequest(200)) - c2ec732c-be0e-46a5-a2ed-f7f9dc34e031@group-E9D835E888EB->64e81ce6-88e4-4777-9780-87a208f38655-GrpcLogAppender: appendEntries Timeout, request=c2ec732c-be0e-46a5-a2ed-f7f9dc34e031->64e81ce6-88e4-4777-9780-87a208f38655#241-t1, previous=(t:1, i:24), leaderCommit=17, initializing? false, entries: <empty>
2019-09-10 18:47:08,644 [java.util.concurrent.ThreadPoolExecutor$Worker@77688533[State = -1, empty queue]] WARN  server.GrpcLogAppender (GrpcLogAppender.java:timeoutAppendRequest(200)) - c2ec732c-be0e-46a5-a2ed-f7f9dc34e031@group-E9D835E888EB->6876bac9-11ad-40f6-880c-796bfc7745f2-GrpcLogAppender: appendEntries Timeout, request=c2ec732c-be0e-46a5-a2ed-f7f9dc34e031->6876bac9-11ad-40f6-880c-796bfc7745f2#241-t1, previous=(t:1, i:24), leaderCommit=17, initializing? false, entries: <empty>
2019-09-10 18:47:09,140 [EventQueue-PipelineActionsForPipelineActionHandler] ERROR pipeline.PipelineActionHandler (PipelineActionHandler.java:onMessage(60)) - Received pipeline action CLOSE for Pipeline[ Id: 65f96a82-f013-4c2d-a357-e9d835e888eb, Nodes: 6876bac9-11ad-40f6-880c-796bfc7745f2{ip: 192.168.5.139, host: pr-hdds-1786-trunk-k6rzm-1803654198, networkLocation: /default-rack, certSerialId: null}64e81ce6-88e4-4777-9780-87a208f38655{ip: 192.168.5.139, host: pr-hdds-1786-trunk-k6rzm-1803654198, networkLocation: /default-rack, certSerialId: null}c2ec732c-be0e-46a5-a2ed-f7f9dc34e031{ip: 192.168.5.139, host: pr-hdds-1786-trunk-k6rzm-1803654198, networkLocation: /default-rack, certSerialId: null}, Type:RATIS, Factor:THREE, State:CLOSED] from datanode c2ec732c-be0e-46a5-a2ed-f7f9dc34e031{ip: 192.168.5.139, host: pr-hdds-1786-trunk-k6rzm-1803654198, networkLocation: /default-rack, certSerialId: null}. Reason : c2ec732c-be0e-46a5-a2ed-f7f9dc34e031 has not seen follower/s 6876bac9-11ad-40f6-880c-796bfc7745f2 for 164225ms 64e81ce6-88e4-4777-9780-87a208f38655 for 164237ms
2019-09-10 18:47:09,140 [EventQueue-PipelineActionsForPipelineActionHandler] INFO  pipeline.SCMPipelineManager (SCMPipelineManager.java:finalizeAndDestroyPipeline(311)) - destroying pipeline:Pipeline[ Id: 65f96a82-f013-4c2d-a357-e9d835e888eb, Nodes: 6876bac9-11ad-40f6-880c-796bfc7745f2{ip: 192.168.5.139, host: pr-hdds-1786-trunk-k6rzm-1803654198, networkLocation: /default-rack, certSerialId: null}64e81ce6-88e4-4777-9780-87a208f38655{ip: 192.168.5.139, host: pr-hdds-1786-trunk-k6rzm-1803654198, networkLocation: /default-rack, certSerialId: null}c2ec732c-be0e-46a5-a2ed-f7f9dc34e031{ip: 192.168.5.139, host: pr-hdds-1786-trunk-k6rzm-1803654198, networkLocation: /default-rack, certSerialId: null}, Type:RATIS, Factor:THREE, State:CLOSED]
2019-09-10 18:47:10,646 [org.apache.ratis.server.impl.LogAppender$AppenderDaemon$$Lambda$491/1891770971@6c4ed253] ERROR ratis.XceiverServerRatis (XceiverServerRatis.java:triggerPipelineClose(575)) - pipeline Action CLOSE  on pipeline PipelineID=65f96a82-f013-4c2d-a357-e9d835e888eb.Reason : c2ec732c-be0e-46a5-a2ed-f7f9dc34e031 has not seen follower/s 6876bac9-11ad-40f6-880c-796bfc7745f2 for 166726ms 64e81ce6-88e4-4777-9780-87a208f38655 for 166738ms
2019-09-10 18:47:10,646 [org.apache.ratis.server.impl.LogAppender$AppenderDaemon$$Lambda$491/1891770971@63ee96bb] ERROR ratis.XceiverServerRatis (XceiverServerRatis.java:triggerPipelineClose(575)) - pipeline Action CLOSE  on pipeline PipelineID=65f96a82-f013-4c2d-a357-e9d835e888eb.Reason : c2ec732c-be0e-46a5-a2ed-f7f9dc34e031 has not seen follower/s 6876bac9-11ad-40f6-880c-796bfc7745f2 for 166726ms 64e81ce6-88e4-4777-9780-87a208f38655 for 166738ms
2019-09-10 18:47:11,141 [EventQueue-PipelineActionsForPipelineActionHandler] ERROR pipeline.PipelineActionHandler (PipelineActionHandler.java:onMessage(60)) - Received pipeline action CLOSE for Pipeline[ Id: 65f96a82-f013-4c2d-a357-e9d835e888eb, Nodes: 6876bac9-11ad-40f6-880c-796bfc7745f2{ip: 192.168.5.139, host: pr-hdds-1786-trunk-k6rzm-1803654198, networkLocation: /default-rack, certSerialId: null}64e81ce6-88e4-4777-9780-87a208f38655{ip: 192.168.5.139, host: pr-hdds-1786-trunk-k6rzm-1803654198, networkLocation: /default-rack, certSerialId: null}c2ec732c-be0e-46a5-a2ed-f7f9dc34e031{ip: 192.168.5.139, host: pr-hdds-1786-trunk-k6rzm-1803654198, networkLocation: /default-rack, certSerialId: null}, Type:RATIS, Factor:THREE, State:CLOSED] from datanode c2ec732c-be0e-46a5-a2ed-f7f9dc34e031{ip: 192.168.5.139, host: pr-hdds-1786-trunk-k6rzm-1803654198, networkLocation: /default-rack, certSerialId: null}. Reason : c2ec732c-be0e-46a5-a2ed-f7f9dc34e031 has not seen follower/s 6876bac9-11ad-40f6-880c-796bfc7745f2 for 166726ms 64e81ce6-88e4-4777-9780-87a208f38655 for 166738ms
2019-09-10 18:47:11,141 [EventQueue-PipelineActionsForPipelineActionHandler] INFO  pipeline.SCMPipelineManager (SCMPipelineManager.java:finalizeAndDestroyPipeline(311)) - destroying pipeline:Pipeline[ Id: 65f96a82-f013-4c2d-a357-e9d835e888eb, Nodes: 6876bac9-11ad-40f6-880c-796bfc7745f2{ip: 192.168.5.139, host: pr-hdds-1786-trunk-k6rzm-1803654198, networkLocation: /default-rack, certSerialId: null}64e81ce6-88e4-4777-9780-87a208f38655{ip: 192.168.5.139, host: pr-hdds-1786-trunk-k6rzm-1803654198, networkLocation: /default-rack, certSerialId: null}c2ec732c-be0e-46a5-a2ed-f7f9dc34e031{ip: 192.168.5.139, host: pr-hdds-1786-trunk-k6rzm-1803654198, networkLocation: /default-rack, certSerialId: null}, Type:RATIS, Factor:THREE, State:CLOSED]
2019-09-10 18:47:11,145 [java.util.concurrent.ThreadPoolExecutor$Worker@506b2520[State = -1, empty queue]] WARN  server.GrpcLogAppender (GrpcLogAppender.java:timeoutAppendRequest(200)) - c2ec732c-be0e-46a5-a2ed-f7f9dc34e031@group-E9D835E888EB->64e81ce6-88e4-4777-9780-87a208f38655-GrpcLogAppender: appendEntries Timeout, request=c2ec732c-be0e-46a5-a2ed-f7f9dc34e031->64e81ce6-88e4-4777-9780-87a208f38655#242-t1, previous=(t:1, i:24), leaderCommit=17, initializing? false, entries: <empty>
2019-09-10 18:47:11,145 [java.util.concurrent.ThreadPoolExecutor$Worker@77688533[State = -1, empty queue]] WARN  server.GrpcLogAppender (GrpcLogAppender.java:timeoutAppendRequest(200)) - c2ec732c-be0e-46a5-a2ed-f7f9dc34e031@group-E9D835E888EB->6876bac9-11ad-40f6-880c-796bfc7745f2-GrpcLogAppender: appendEntries Timeout, request=c2ec732c-be0e-46a5-a2ed-f7f9dc34e031->6876bac9-11ad-40f6-880c-796bfc7745f2#242-t1, previous=(t:1, i:24), leaderCommit=17, initializing? false, entries: <empty>
2019-09-10 18:47:11,499 [grpc-default-executor-0] INFO  client.GrpcClientProtocolClient (GrpcClientProtocolClient.java:onNext(264)) - client-022477A8F022->64e81ce6-88e4-4777-9780-87a208f38655: receive RaftClientReply:client-022477A8F022->64e81ce6-88e4-4777-9780-87a208f38655@group-E9D835E888EB, cid=140, FAILED org.apache.ratis.protocol.NotLeaderException: Server 64e81ce6-88e4-4777-9780-87a208f38655@group-E9D835E888EB is not the leader c2ec732c-be0e-46a5-a2ed-f7f9dc34e031:192.168.5.139:45554, logIndex=0, commits[64e81ce6-88e4-4777-9780-87a208f38655:c17, c2ec732c-be0e-46a5-a2ed-f7f9dc34e031:c17, 6876bac9-11ad-40f6-880c-796bfc7745f2:c13]
2019-09-10 18:47:13,146 [org.apache.ratis.server.impl.LogAppender$AppenderDaemon$$Lambda$491/1891770971@63ee96bb] ERROR ratis.XceiverServerRatis (XceiverServerRatis.java:triggerPipelineClose(575)) - pipeline Action CLOSE  on pipeline PipelineID=65f96a82-f013-4c2d-a357-e9d835e888eb.Reason : c2ec732c-be0e-46a5-a2ed-f7f9dc34e031 has not seen follower/s 6876bac9-11ad-40f6-880c-796bfc7745f2 for 169226ms 64e81ce6-88e4-4777-9780-87a208f38655 for 169239ms
2019-09-10 18:47:13,146 [org.apache.ratis.server.impl.LogAppender$AppenderDaemon$$Lambda$491/1891770971@6c4ed253] ERROR ratis.XceiverServerRatis (XceiverServerRatis.java:triggerPipelineClose(575)) - pipeline Action CLOSE  on pipeline PipelineID=65f96a82-f013-4c2d-a357-e9d835e888eb.Reason : c2ec732c-be0e-46a5-a2ed-f7f9dc34e031 has not seen follower/s 6876bac9-11ad-40f6-880c-796bfc7745f2 for 169226ms 64e81ce6-88e4-4777-9780-87a208f38655 for 169239ms
2019-09-10 18:47:13,646 [java.util.concurrent.ThreadPoolExecutor$Worker@506b2520[State = -1, empty queue]] WARN  server.GrpcLogAppender (GrpcLogAppender.java:timeoutAppendRequest(200)) - c2ec732c-be0e-46a5-a2ed-f7f9dc34e031@group-E9D835E888EB->64e81ce6-88e4-4777-9780-87a208f38655-GrpcLogAppender: appendEntries Timeout, request=c2ec732c-be0e-46a5-a2ed-f7f9dc34e031->64e81ce6-88e4-4777-9780-87a208f38655#243-t1, previous=(t:1, i:24), leaderCommit=17, initializing? false, entries: <empty>
2019-09-10 18:47:13,646 [java.util.concurrent.ThreadPoolExecutor$Worker@77688533[State = -1, empty queue]] WARN  server.GrpcLogAppender (GrpcLogAppender.java:timeoutAppendRequest(200)) - c2ec732c-be0e-46a5-a2ed-f7f9dc34e031@group-E9D835E888EB->6876bac9-11ad-40f6-880c-796bfc7745f2-GrpcLogAppender: appendEntries Timeout, request=c2ec732c-be0e-46a5-a2ed-f7f9dc34e031->6876bac9-11ad-40f6-880c-796bfc7745f2#243-t1, previous=(t:1, i:24), leaderCommit=17, initializing? false, entries: <empty>
2019-09-10 18:47:14,139 [EventQueue-PipelineActionsForPipelineActionHandler] ERROR pipeline.PipelineActionHandler (PipelineActionHandler.java:onMessage(60)) - Received pipeline action CLOSE for Pipeline[ Id: 65f96a82-f013-4c2d-a357-e9d835e888eb, Nodes: 6876bac9-11ad-40f6-880c-796bfc7745f2{ip: 192.168.5.139, host: pr-hdds-1786-trunk-k6rzm-1803654198, networkLocation: /default-rack, certSerialId: null}64e81ce6-88e4-4777-9780-87a208f38655{ip: 192.168.5.139, host: pr-hdds-1786-trunk-k6rzm-1803654198, networkLocation: /default-rack, certSerialId: null}c2ec732c-be0e-46a5-a2ed-f7f9dc34e031{ip: 192.168.5.139, host: pr-hdds-1786-trunk-k6rzm-1803654198, networkLocation: /default-rack, certSerialId: null}, Type:RATIS, Factor:THREE, State:CLOSED] from datanode c2ec732c-be0e-46a5-a2ed-f7f9dc34e031{ip: 192.168.5.139, host: pr-hdds-1786-trunk-k6rzm-1803654198, networkLocation: /default-rack, certSerialId: null}. Reason : c2ec732c-be0e-46a5-a2ed-f7f9dc34e031 has not seen follower/s 6876bac9-11ad-40f6-880c-796bfc7745f2 for 169226ms 64e81ce6-88e4-4777-9780-87a208f38655 for 169239ms
2019-09-10 18:47:14,139 [EventQueue-PipelineActionsForPipelineActionHandler] INFO  pipeline.SCMPipelineManager (SCMPipelineManager.java:finalizeAndDestroyPipeline(311)) - destroying pipeline:Pipeline[ Id: 65f96a82-f013-4c2d-a357-e9d835e888eb, Nodes: 6876bac9-11ad-40f6-880c-796bfc7745f2{ip: 192.168.5.139, host: pr-hdds-1786-trunk-k6rzm-1803654198, networkLocation: /default-rack, certSerialId: null}64e81ce6-88e4-4777-9780-87a208f38655{ip: 192.168.5.139, host: pr-hdds-1786-trunk-k6rzm-1803654198, networkLocation: /default-rack, certSerialId: null}c2ec732c-be0e-46a5-a2ed-f7f9dc34e031{ip: 192.168.5.139, host: pr-hdds-1786-trunk-k6rzm-1803654198, networkLocation: /default-rack, certSerialId: null}, Type:RATIS, Factor:THREE, State:CLOSED]
2019-09-10 18:47:14,897 [6876bac9-11ad-40f6-880c-796bfc7745f2@group-E9D835E888EB-SegmentedRaftLogWorker] WARN  segmented.SegmentedRaftLogWorker (SegmentedRaftLogWorker.java:getFromFuture(90)) - Timeout 16/~
org.apache.ratis.protocol.TimeoutIOException: Timeout 10s: WriteLog:18: (t:1, i:18), STATEMACHINELOGENTRY, client-022477A8F022, cid=140-writeStateMachineData
	at org.apache.ratis.util.IOUtils.getFromFuture(IOUtils.java:87)
	at org.apache.ratis.server.raftlog.segmented.SegmentedRaftLogWorker$StateMachineDataPolicy.getFromFuture(SegmentedRaftLogWorker.java:87)
	at org.apache.ratis.server.raftlog.segmented.SegmentedRaftLogWorker$WriteLog.execute(SegmentedRaftLogWorker.java:477)
	at org.apache.ratis.server.raftlog.segmented.SegmentedRaftLogWorker.run(SegmentedRaftLogWorker.java:289)
	at java.lang.Thread.run(Thread.java:748)
Caused by: java.util.concurrent.TimeoutException
	at java.util.concurrent.CompletableFuture.timedGet(CompletableFuture.java:1771)
	at java.util.concurrent.CompletableFuture.get(CompletableFuture.java:1915)
	at org.apache.ratis.util.IOUtils.getFromFuture(IOUtils.java:79)
	... 4 more
2019-09-10 18:47:14,938 [64e81ce6-88e4-4777-9780-87a208f38655@group-E9D835E888EB-SegmentedRaftLogWorker] WARN  segmented.SegmentedRaftLogWorker (SegmentedRaftLogWorker.java:getFromFuture(90)) - Timeout 16/~
org.apache.ratis.protocol.TimeoutIOException: Timeout 10s: WriteLog:18: (t:1, i:18), STATEMACHINELOGENTRY, client-022477A8F022, cid=140-writeStateMachineData
	at org.apache.ratis.util.IOUtils.getFromFuture(IOUtils.java:87)
	at org.apache.ratis.server.raftlog.segmented.SegmentedRaftLogWorker$StateMachineDataPolicy.getFromFuture(SegmentedRaftLogWorker.java:87)
	at org.apache.ratis.server.raftlog.segmented.SegmentedRaftLogWorker$WriteLog.execute(SegmentedRaftLogWorker.java:477)
	at org.apache.ratis.server.raftlog.segmented.SegmentedRaftLogWorker.run(SegmentedRaftLogWorker.java:289)
	at java.lang.Thread.run(Thread.java:748)
Caused by: java.util.concurrent.TimeoutException
	at java.util.concurrent.CompletableFuture.timedGet(CompletableFuture.java:1771)
	at java.util.concurrent.CompletableFuture.get(CompletableFuture.java:1915)
	at org.apache.ratis.util.IOUtils.getFromFuture(IOUtils.java:79)
	... 4 more
2019-09-10 18:47:15,068 [c2ec732c-be0e-46a5-a2ed-f7f9dc34e031@group-E9D835E888EB-SegmentedRaftLogWorker] WARN  segmented.SegmentedRaftLogWorker (SegmentedRaftLogWorker.java:getFromFuture(90)) - Timeout 16/~
org.apache.ratis.protocol.TimeoutIOException: Timeout 10s: WriteLog:21: (t:1, i:21), STATEMACHINELOGENTRY, client-022477A8F022, cid=143-writeStateMachineData
	at org.apache.ratis.util.IOUtils.getFromFuture(IOUtils.java:87)
	at org.apache.ratis.server.raftlog.segmented.SegmentedRaftLogWorker$StateMachineDataPolicy.getFromFuture(SegmentedRaftLogWorker.java:87)
	at org.apache.ratis.server.raftlog.segmented.SegmentedRaftLogWorker$WriteLog.execute(SegmentedRaftLogWorker.java:477)
	at org.apache.ratis.server.raftlog.segmented.SegmentedRaftLogWorker.run(SegmentedRaftLogWorker.java:289)
	at java.lang.Thread.run(Thread.java:748)
Caused by: java.util.concurrent.TimeoutException
	at java.util.concurrent.CompletableFuture.timedGet(CompletableFuture.java:1771)
	at java.util.concurrent.CompletableFuture.get(CompletableFuture.java:1915)
	at org.apache.ratis.util.IOUtils.getFromFuture(IOUtils.java:79)
	... 4 more
2019-09-10 18:47:15,647 [org.apache.ratis.server.impl.LogAppender$AppenderDaemon$$Lambda$491/1891770971@6c4ed253] ERROR ratis.XceiverServerRatis (XceiverServerRatis.java:triggerPipelineClose(575)) - pipeline Action CLOSE  on pipeline PipelineID=65f96a82-f013-4c2d-a357-e9d835e888eb.Reason : c2ec732c-be0e-46a5-a2ed-f7f9dc34e031 has not seen follower/s 6876bac9-11ad-40f6-880c-796bfc7745f2 for 171727ms 64e81ce6-88e4-4777-9780-87a208f38655 for 171740ms
2019-09-10 18:47:15,647 [org.apache.ratis.server.impl.LogAppender$AppenderDaemon$$Lambda$491/1891770971@63ee96bb] ERROR ratis.XceiverServerRatis (XceiverServerRatis.java:triggerPipelineClose(575)) - pipeline Action CLOSE  on pipeline PipelineID=65f96a82-f013-4c2d-a357-e9d835e888eb.Reason : c2ec732c-be0e-46a5-a2ed-f7f9dc34e031 has not seen follower/s 6876bac9-11ad-40f6-880c-796bfc7745f2 for 171727ms 64e81ce6-88e4-4777-9780-87a208f38655 for 171740ms
2019-09-10 18:47:16,140 [EventQueue-PipelineActionsForPipelineActionHandler] ERROR pipeline.PipelineActionHandler (PipelineActionHandler.java:onMessage(60)) - Received pipeline action CLOSE for Pipeline[ Id: 65f96a82-f013-4c2d-a357-e9d835e888eb, Nodes: 6876bac9-11ad-40f6-880c-796bfc7745f2{ip: 192.168.5.139, host: pr-hdds-1786-trunk-k6rzm-1803654198, networkLocation: /default-rack, certSerialId: null}64e81ce6-88e4-4777-9780-87a208f38655{ip: 192.168.5.139, host: pr-hdds-1786-trunk-k6rzm-1803654198, networkLocation: /default-rack, certSerialId: null}c2ec732c-be0e-46a5-a2ed-f7f9dc34e031{ip: 192.168.5.139, host: pr-hdds-1786-trunk-k6rzm-1803654198, networkLocation: /default-rack, certSerialId: null}, Type:RATIS, Factor:THREE, State:CLOSED] from datanode c2ec732c-be0e-46a5-a2ed-f7f9dc34e031{ip: 192.168.5.139, host: pr-hdds-1786-trunk-k6rzm-1803654198, networkLocation: /default-rack, certSerialId: null}. Reason : c2ec732c-be0e-46a5-a2ed-f7f9dc34e031 has not seen follower/s 6876bac9-11ad-40f6-880c-796bfc7745f2 for 171727ms 64e81ce6-88e4-4777-9780-87a208f38655 for 171740ms
2019-09-10 18:47:16,140 [EventQueue-PipelineActionsForPipelineActionHandler] INFO  pipeline.SCMPipelineManager (SCMPipelineManager.java:finalizeAndDestroyPipeline(311)) - destroying pipeline:Pipeline[ Id: 65f96a82-f013-4c2d-a357-e9d835e888eb, Nodes: 6876bac9-11ad-40f6-880c-796bfc7745f2{ip: 192.168.5.139, host: pr-hdds-1786-trunk-k6rzm-1803654198, networkLocation: /default-rack, certSerialId: null}64e81ce6-88e4-4777-9780-87a208f38655{ip: 192.168.5.139, host: pr-hdds-1786-trunk-k6rzm-1803654198, networkLocation: /default-rack, certSerialId: null}c2ec732c-be0e-46a5-a2ed-f7f9dc34e031{ip: 192.168.5.139, host: pr-hdds-1786-trunk-k6rzm-1803654198, networkLocation: /default-rack, certSerialId: null}, Type:RATIS, Factor:THREE, State:CLOSED]
2019-09-10 18:47:16,146 [java.util.concurrent.ThreadPoolExecutor$Worker@77688533[State = -1, empty queue]] WARN  server.GrpcLogAppender (GrpcLogAppender.java:timeoutAppendRequest(200)) - c2ec732c-be0e-46a5-a2ed-f7f9dc34e031@group-E9D835E888EB->6876bac9-11ad-40f6-880c-796bfc7745f2-GrpcLogAppender: appendEntries Timeout, request=c2ec732c-be0e-46a5-a2ed-f7f9dc34e031->6876bac9-11ad-40f6-880c-796bfc7745f2#244-t1, previous=(t:1, i:24), leaderCommit=17, initializing? false, entries: <empty>
2019-09-10 18:47:16,146 [java.util.concurrent.ThreadPoolExecutor$Worker@506b2520[State = -1, empty queue]] WARN  server.GrpcLogAppender (GrpcLogAppender.java:timeoutAppendRequest(200)) - c2ec732c-be0e-46a5-a2ed-f7f9dc34e031@group-E9D835E888EB->64e81ce6-88e4-4777-9780-87a208f38655-GrpcLogAppender: appendEntries Timeout, request=c2ec732c-be0e-46a5-a2ed-f7f9dc34e031->64e81ce6-88e4-4777-9780-87a208f38655#244-t1, previous=(t:1, i:24), leaderCommit=17, initializing? false, entries: <empty>
2019-09-10 18:47:16,543 [grpc-default-executor-4] INFO  client.GrpcClientProtocolClient (GrpcClientProtocolClient.java:onNext(264)) - client-022477A8F022->64e81ce6-88e4-4777-9780-87a208f38655: receive RaftClientReply:client-022477A8F022->64e81ce6-88e4-4777-9780-87a208f38655@group-E9D835E888EB, cid=140, FAILED org.apache.ratis.protocol.NotLeaderException: Server 64e81ce6-88e4-4777-9780-87a208f38655@group-E9D835E888EB is not the leader c2ec732c-be0e-46a5-a2ed-f7f9dc34e031:192.168.5.139:45554, logIndex=0, commits[64e81ce6-88e4-4777-9780-87a208f38655:c17, c2ec732c-be0e-46a5-a2ed-f7f9dc34e031:c17, 6876bac9-11ad-40f6-880c-796bfc7745f2:c13]
2019-09-10 18:47:18,148 [org.apache.ratis.server.impl.LogAppender$AppenderDaemon$$Lambda$491/1891770971@6c4ed253] ERROR ratis.XceiverServerRatis (XceiverServerRatis.java:triggerPipelineClose(575)) - pipeline Action CLOSE  on pipeline PipelineID=65f96a82-f013-4c2d-a357-e9d835e888eb.Reason : c2ec732c-be0e-46a5-a2ed-f7f9dc34e031 has not seen follower/s 6876bac9-11ad-40f6-880c-796bfc7745f2 for 174228ms 64e81ce6-88e4-4777-9780-87a208f38655 for 174241ms
2019-09-10 18:47:18,148 [org.apache.ratis.server.impl.LogAppender$AppenderDaemon$$Lambda$491/1891770971@63ee96bb] ERROR ratis.XceiverServerRatis (XceiverServerRatis.java:triggerPipelineClose(575)) - pipeline Action CLOSE  on pipeline PipelineID=65f96a82-f013-4c2d-a357-e9d835e888eb.Reason : c2ec732c-be0e-46a5-a2ed-f7f9dc34e031 has not seen follower/s 6876bac9-11ad-40f6-880c-796bfc7745f2 for 174228ms 64e81ce6-88e4-4777-9780-87a208f38655 for 174241ms
2019-09-10 18:47:18,647 [java.util.concurrent.ThreadPoolExecutor$Worker@506b2520[State = -1, empty queue]] WARN  server.GrpcLogAppender (GrpcLogAppender.java:timeoutAppendRequest(200)) - c2ec732c-be0e-46a5-a2ed-f7f9dc34e031@group-E9D835E888EB->64e81ce6-88e4-4777-9780-87a208f38655-GrpcLogAppender: appendEntries Timeout, request=c2ec732c-be0e-46a5-a2ed-f7f9dc34e031->64e81ce6-88e4-4777-9780-87a208f38655#245-t1, previous=(t:1, i:24), leaderCommit=17, initializing? false, entries: <empty>
2019-09-10 18:47:18,647 [java.util.concurrent.ThreadPoolExecutor$Worker@77688533[State = -1, empty queue]] WARN  server.GrpcLogAppender (GrpcLogAppender.java:timeoutAppendRequest(200)) - c2ec732c-be0e-46a5-a2ed-f7f9dc34e031@group-E9D835E888EB->6876bac9-11ad-40f6-880c-796bfc7745f2-GrpcLogAppender: appendEntries Timeout, request=c2ec732c-be0e-46a5-a2ed-f7f9dc34e031->6876bac9-11ad-40f6-880c-796bfc7745f2#245-t1, previous=(t:1, i:24), leaderCommit=17, initializing? false, entries: <empty>
2019-09-10 18:47:19,139 [EventQueue-PipelineActionsForPipelineActionHandler] ERROR pipeline.PipelineActionHandler (PipelineActionHandler.java:onMessage(60)) - Received pipeline action CLOSE for Pipeline[ Id: 65f96a82-f013-4c2d-a357-e9d835e888eb, Nodes: 6876bac9-11ad-40f6-880c-796bfc7745f2{ip: 192.168.5.139, host: pr-hdds-1786-trunk-k6rzm-1803654198, networkLocation: /default-rack, certSerialId: null}64e81ce6-88e4-4777-9780-87a208f38655{ip: 192.168.5.139, host: pr-hdds-1786-trunk-k6rzm-1803654198, networkLocation: /default-rack, certSerialId: null}c2ec732c-be0e-46a5-a2ed-f7f9dc34e031{ip: 192.168.5.139, host: pr-hdds-1786-trunk-k6rzm-1803654198, networkLocation: /default-rack, certSerialId: null}, Type:RATIS, Factor:THREE, State:CLOSED] from datanode c2ec732c-be0e-46a5-a2ed-f7f9dc34e031{ip: 192.168.5.139, host: pr-hdds-1786-trunk-k6rzm-1803654198, networkLocation: /default-rack, certSerialId: null}. Reason : c2ec732c-be0e-46a5-a2ed-f7f9dc34e031 has not seen follower/s 6876bac9-11ad-40f6-880c-796bfc7745f2 for 174228ms 64e81ce6-88e4-4777-9780-87a208f38655 for 174241ms
2019-09-10 18:47:19,139 [EventQueue-PipelineActionsForPipelineActionHandler] INFO  pipeline.SCMPipelineManager (SCMPipelineManager.java:finalizeAndDestroyPipeline(311)) - destroying pipeline:Pipeline[ Id: 65f96a82-f013-4c2d-a357-e9d835e888eb, Nodes: 6876bac9-11ad-40f6-880c-796bfc7745f2{ip: 192.168.5.139, host: pr-hdds-1786-trunk-k6rzm-1803654198, networkLocation: /default-rack, certSerialId: null}64e81ce6-88e4-4777-9780-87a208f38655{ip: 192.168.5.139, host: pr-hdds-1786-trunk-k6rzm-1803654198, networkLocation: /default-rack, certSerialId: null}c2ec732c-be0e-46a5-a2ed-f7f9dc34e031{ip: 192.168.5.139, host: pr-hdds-1786-trunk-k6rzm-1803654198, networkLocation: /default-rack, certSerialId: null}, Type:RATIS, Factor:THREE, State:CLOSED]
2019-09-10 18:47:20,650 [org.apache.ratis.server.impl.LogAppender$AppenderDaemon$$Lambda$491/1891770971@6c4ed253] ERROR ratis.XceiverServerRatis (XceiverServerRatis.java:triggerPipelineClose(575)) - pipeline Action CLOSE  on pipeline PipelineID=65f96a82-f013-4c2d-a357-e9d835e888eb.Reason : c2ec732c-be0e-46a5-a2ed-f7f9dc34e031 has not seen follower/s 6876bac9-11ad-40f6-880c-796bfc7745f2 for 176729ms 64e81ce6-88e4-4777-9780-87a208f38655 for 176742ms
2019-09-10 18:47:20,650 [org.apache.ratis.server.impl.LogAppender$AppenderDaemon$$Lambda$491/1891770971@63ee96bb] ERROR ratis.XceiverServerRatis (XceiverServerRatis.java:triggerPipelineClose(575)) - pipeline Action CLOSE  on pipeline PipelineID=65f96a82-f013-4c2d-a357-e9d835e888eb.Reason : c2ec732c-be0e-46a5-a2ed-f7f9dc34e031 has not seen follower/s 6876bac9-11ad-40f6-880c-796bfc7745f2 for 176729ms 64e81ce6-88e4-4777-9780-87a208f38655 for 176742ms
2019-09-10 18:47:21,140 [EventQueue-PipelineActionsForPipelineActionHandler] ERROR pipeline.PipelineActionHandler (PipelineActionHandler.java:onMessage(60)) - Received pipeline action CLOSE for Pipeline[ Id: 65f96a82-f013-4c2d-a357-e9d835e888eb, Nodes: 6876bac9-11ad-40f6-880c-796bfc7745f2{ip: 192.168.5.139, host: pr-hdds-1786-trunk-k6rzm-1803654198, networkLocation: /default-rack, certSerialId: null}64e81ce6-88e4-4777-9780-87a208f38655{ip: 192.168.5.139, host: pr-hdds-1786-trunk-k6rzm-1803654198, networkLocation: /default-rack, certSerialId: null}c2ec732c-be0e-46a5-a2ed-f7f9dc34e031{ip: 192.168.5.139, host: pr-hdds-1786-trunk-k6rzm-1803654198, networkLocation: /default-rack, certSerialId: null}, Type:RATIS, Factor:THREE, State:CLOSED] from datanode c2ec732c-be0e-46a5-a2ed-f7f9dc34e031{ip: 192.168.5.139, host: pr-hdds-1786-trunk-k6rzm-1803654198, networkLocation: /default-rack, certSerialId: null}. Reason : c2ec732c-be0e-46a5-a2ed-f7f9dc34e031 has not seen follower/s 6876bac9-11ad-40f6-880c-796bfc7745f2 for 176729ms 64e81ce6-88e4-4777-9780-87a208f38655 for 176742ms
2019-09-10 18:47:21,140 [EventQueue-PipelineActionsForPipelineActionHandler] INFO  pipeline.SCMPipelineManager (SCMPipelineManager.java:finalizeAndDestroyPipeline(311)) - destroying pipeline:Pipeline[ Id: 65f96a82-f013-4c2d-a357-e9d835e888eb, Nodes: 6876bac9-11ad-40f6-880c-796bfc7745f2{ip: 192.168.5.139, host: pr-hdds-1786-trunk-k6rzm-1803654198, networkLocation: /default-rack, certSerialId: null}64e81ce6-88e4-4777-9780-87a208f38655{ip: 192.168.5.139, host: pr-hdds-1786-trunk-k6rzm-1803654198, networkLocation: /default-rack, certSerialId: null}c2ec732c-be0e-46a5-a2ed-f7f9dc34e031{ip: 192.168.5.139, host: pr-hdds-1786-trunk-k6rzm-1803654198, networkLocation: /default-rack, certSerialId: null}, Type:RATIS, Factor:THREE, State:CLOSED]
2019-09-10 18:47:21,148 [java.util.concurrent.ThreadPoolExecutor$Worker@506b2520[State = -1, empty queue]] WARN  server.GrpcLogAppender (GrpcLogAppender.java:timeoutAppendRequest(200)) - c2ec732c-be0e-46a5-a2ed-f7f9dc34e031@group-E9D835E888EB->64e81ce6-88e4-4777-9780-87a208f38655-GrpcLogAppender: appendEntries Timeout, request=c2ec732c-be0e-46a5-a2ed-f7f9dc34e031->64e81ce6-88e4-4777-9780-87a208f38655#246-t1, previous=(t:1, i:24), leaderCommit=17, initializing? false, entries: <empty>
2019-09-10 18:47:21,148 [java.util.concurrent.ThreadPoolExecutor$Worker@77688533[State = -1, empty queue]] WARN  server.GrpcLogAppender (GrpcLogAppender.java:timeoutAppendRequest(200)) - c2ec732c-be0e-46a5-a2ed-f7f9dc34e031@group-E9D835E888EB->6876bac9-11ad-40f6-880c-796bfc7745f2-GrpcLogAppender: appendEntries Timeout, request=c2ec732c-be0e-46a5-a2ed-f7f9dc34e031->6876bac9-11ad-40f6-880c-796bfc7745f2#246-t1, previous=(t:1, i:24), leaderCommit=17, initializing? false, entries: <empty>
2019-09-10 18:47:21,607 [grpc-default-executor-4] INFO  client.GrpcClientProtocolClient (GrpcClientProtocolClient.java:onNext(264)) - client-022477A8F022->6876bac9-11ad-40f6-880c-796bfc7745f2: receive RaftClientReply:client-022477A8F022->6876bac9-11ad-40f6-880c-796bfc7745f2@group-E9D835E888EB, cid=140, FAILED org.apache.ratis.protocol.NotLeaderException: Server 6876bac9-11ad-40f6-880c-796bfc7745f2@group-E9D835E888EB is not the leader c2ec732c-be0e-46a5-a2ed-f7f9dc34e031:192.168.5.139:45554, logIndex=0, commits[6876bac9-11ad-40f6-880c-796bfc7745f2:c17, c2ec732c-be0e-46a5-a2ed-f7f9dc34e031:c17, 64e81ce6-88e4-4777-9780-87a208f38655:c13]
2019-09-10 18:47:23,150 [org.apache.ratis.server.impl.LogAppender$AppenderDaemon$$Lambda$491/1891770971@6c4ed253] ERROR ratis.XceiverServerRatis (XceiverServerRatis.java:triggerPipelineClose(575)) - pipeline Action CLOSE  on pipeline PipelineID=65f96a82-f013-4c2d-a357-e9d835e888eb.Reason : c2ec732c-be0e-46a5-a2ed-f7f9dc34e031 has not seen follower/s 6876bac9-11ad-40f6-880c-796bfc7745f2 for 179230ms 64e81ce6-88e4-4777-9780-87a208f38655 for 179242ms
2019-09-10 18:47:23,150 [org.apache.ratis.server.impl.LogAppender$AppenderDaemon$$Lambda$491/1891770971@63ee96bb] ERROR ratis.XceiverServerRatis (XceiverServerRatis.java:triggerPipelineClose(575)) - pipeline Action CLOSE  on pipeline PipelineID=65f96a82-f013-4c2d-a357-e9d835e888eb.Reason : c2ec732c-be0e-46a5-a2ed-f7f9dc34e031 has not seen follower/s 6876bac9-11ad-40f6-880c-796bfc7745f2 for 179230ms 64e81ce6-88e4-4777-9780-87a208f38655 for 179243ms
2019-09-10 18:47:23,649 [java.util.concurrent.ThreadPoolExecutor$Worker@77688533[State = -1, empty queue]] WARN  server.GrpcLogAppender (GrpcLogAppender.java:timeoutAppendRequest(200)) - c2ec732c-be0e-46a5-a2ed-f7f9dc34e031@group-E9D835E888EB->6876bac9-11ad-40f6-880c-796bfc7745f2-GrpcLogAppender: appendEntries Timeout, request=c2ec732c-be0e-46a5-a2ed-f7f9dc34e031->6876bac9-11ad-40f6-880c-796bfc7745f2#247-t1, previous=(t:1, i:24), leaderCommit=17, initializing? false, entries: <empty>
2019-09-10 18:47:23,649 [java.util.concurrent.ThreadPoolExecutor$Worker@506b2520[State = -1, empty queue]] WARN  server.GrpcLogAppender (GrpcLogAppender.java:timeoutAppendRequest(200)) - c2ec732c-be0e-46a5-a2ed-f7f9dc34e031@group-E9D835E888EB->64e81ce6-88e4-4777-9780-87a208f38655-GrpcLogAppender: appendEntries Timeout, request=c2ec732c-be0e-46a5-a2ed-f7f9dc34e031->64e81ce6-88e4-4777-9780-87a208f38655#247-t1, previous=(t:1, i:24), leaderCommit=17, initializing? false, entries: <empty>
2019-09-10 18:47:24,142 [EventQueue-PipelineActionsForPipelineActionHandler] ERROR pipeline.PipelineActionHandler (PipelineActionHandler.java:onMessage(60)) - Received pipeline action CLOSE for Pipeline[ Id: 65f96a82-f013-4c2d-a357-e9d835e888eb, Nodes: 6876bac9-11ad-40f6-880c-796bfc7745f2{ip: 192.168.5.139, host: pr-hdds-1786-trunk-k6rzm-1803654198, networkLocation: /default-rack, certSerialId: null}64e81ce6-88e4-4777-9780-87a208f38655{ip: 192.168.5.139, host: pr-hdds-1786-trunk-k6rzm-1803654198, networkLocation: /default-rack, certSerialId: null}c2ec732c-be0e-46a5-a2ed-f7f9dc34e031{ip: 192.168.5.139, host: pr-hdds-1786-trunk-k6rzm-1803654198, networkLocation: /default-rack, certSerialId: null}, Type:RATIS, Factor:THREE, State:CLOSED] from datanode c2ec732c-be0e-46a5-a2ed-f7f9dc34e031{ip: 192.168.5.139, host: pr-hdds-1786-trunk-k6rzm-1803654198, networkLocation: /default-rack, certSerialId: null}. Reason : c2ec732c-be0e-46a5-a2ed-f7f9dc34e031 has not seen follower/s 6876bac9-11ad-40f6-880c-796bfc7745f2 for 179230ms 64e81ce6-88e4-4777-9780-87a208f38655 for 179242ms
2019-09-10 18:47:24,142 [EventQueue-PipelineActionsForPipelineActionHandler] INFO  pipeline.SCMPipelineManager (SCMPipelineManager.java:finalizeAndDestroyPipeline(311)) - destroying pipeline:Pipeline[ Id: 65f96a82-f013-4c2d-a357-e9d835e888eb, Nodes: 6876bac9-11ad-40f6-880c-796bfc7745f2{ip: 192.168.5.139, host: pr-hdds-1786-trunk-k6rzm-1803654198, networkLocation: /default-rack, certSerialId: null}64e81ce6-88e4-4777-9780-87a208f38655{ip: 192.168.5.139, host: pr-hdds-1786-trunk-k6rzm-1803654198, networkLocation: /default-rack, certSerialId: null}c2ec732c-be0e-46a5-a2ed-f7f9dc34e031{ip: 192.168.5.139, host: pr-hdds-1786-trunk-k6rzm-1803654198, networkLocation: /default-rack, certSerialId: null}, Type:RATIS, Factor:THREE, State:CLOSED]
2019-09-10 18:47:24,899 [6876bac9-11ad-40f6-880c-796bfc7745f2@group-E9D835E888EB-SegmentedRaftLogWorker] WARN  segmented.SegmentedRaftLogWorker (SegmentedRaftLogWorker.java:getFromFuture(90)) - Timeout 17/~
org.apache.ratis.protocol.TimeoutIOException: Timeout 10s: WriteLog:18: (t:1, i:18), STATEMACHINELOGENTRY, client-022477A8F022, cid=140-writeStateMachineData
	at org.apache.ratis.util.IOUtils.getFromFuture(IOUtils.java:87)
	at org.apache.ratis.server.raftlog.segmented.SegmentedRaftLogWorker$StateMachineDataPolicy.getFromFuture(SegmentedRaftLogWorker.java:87)
	at org.apache.ratis.server.raftlog.segmented.SegmentedRaftLogWorker$WriteLog.execute(SegmentedRaftLogWorker.java:477)
	at org.apache.ratis.server.raftlog.segmented.SegmentedRaftLogWorker.run(SegmentedRaftLogWorker.java:289)
	at java.lang.Thread.run(Thread.java:748)
Caused by: java.util.concurrent.TimeoutException
	at java.util.concurrent.CompletableFuture.timedGet(CompletableFuture.java:1771)
	at java.util.concurrent.CompletableFuture.get(CompletableFuture.java:1915)
	at org.apache.ratis.util.IOUtils.getFromFuture(IOUtils.java:79)
	... 4 more
2019-09-10 18:47:24,939 [64e81ce6-88e4-4777-9780-87a208f38655@group-E9D835E888EB-SegmentedRaftLogWorker] WARN  segmented.SegmentedRaftLogWorker (SegmentedRaftLogWorker.java:getFromFuture(90)) - Timeout 17/~
org.apache.ratis.protocol.TimeoutIOException: Timeout 10s: WriteLog:18: (t:1, i:18), STATEMACHINELOGENTRY, client-022477A8F022, cid=140-writeStateMachineData
	at org.apache.ratis.util.IOUtils.getFromFuture(IOUtils.java:87)
	at org.apache.ratis.server.raftlog.segmented.SegmentedRaftLogWorker$StateMachineDataPolicy.getFromFuture(SegmentedRaftLogWorker.java:87)
	at org.apache.ratis.server.raftlog.segmented.SegmentedRaftLogWorker$WriteLog.execute(SegmentedRaftLogWorker.java:477)
	at org.apache.ratis.server.raftlog.segmented.SegmentedRaftLogWorker.run(SegmentedRaftLogWorker.java:289)
	at java.lang.Thread.run(Thread.java:748)
Caused by: java.util.concurrent.TimeoutException
	at java.util.concurrent.CompletableFuture.timedGet(CompletableFuture.java:1771)
	at java.util.concurrent.CompletableFuture.get(CompletableFuture.java:1915)
	at org.apache.ratis.util.IOUtils.getFromFuture(IOUtils.java:79)
	... 4 more
2019-09-10 18:47:25,069 [c2ec732c-be0e-46a5-a2ed-f7f9dc34e031@group-E9D835E888EB-SegmentedRaftLogWorker] WARN  segmented.SegmentedRaftLogWorker (SegmentedRaftLogWorker.java:getFromFuture(90)) - Timeout 17/~
org.apache.ratis.protocol.TimeoutIOException: Timeout 10s: WriteLog:21: (t:1, i:21), STATEMACHINELOGENTRY, client-022477A8F022, cid=143-writeStateMachineData
	at org.apache.ratis.util.IOUtils.getFromFuture(IOUtils.java:87)
	at org.apache.ratis.server.raftlog.segmented.SegmentedRaftLogWorker$StateMachineDataPolicy.getFromFuture(SegmentedRaftLogWorker.java:87)
	at org.apache.ratis.server.raftlog.segmented.SegmentedRaftLogWorker$WriteLog.execute(SegmentedRaftLogWorker.java:477)
	at org.apache.ratis.server.raftlog.segmented.SegmentedRaftLogWorker.run(SegmentedRaftLogWorker.java:289)
	at java.lang.Thread.run(Thread.java:748)
Caused by: java.util.concurrent.TimeoutException
	at java.util.concurrent.CompletableFuture.timedGet(CompletableFuture.java:1771)
	at java.util.concurrent.CompletableFuture.get(CompletableFuture.java:1915)
	at org.apache.ratis.util.IOUtils.getFromFuture(IOUtils.java:79)
	... 4 more
2019-09-10 18:47:25,651 [org.apache.ratis.server.impl.LogAppender$AppenderDaemon$$Lambda$491/1891770971@6c4ed253] ERROR ratis.XceiverServerRatis (XceiverServerRatis.java:triggerPipelineClose(575)) - pipeline Action CLOSE  on pipeline PipelineID=65f96a82-f013-4c2d-a357-e9d835e888eb.Reason : c2ec732c-be0e-46a5-a2ed-f7f9dc34e031 has not seen follower/s 6876bac9-11ad-40f6-880c-796bfc7745f2 for 181731ms 64e81ce6-88e4-4777-9780-87a208f38655 for 181744ms
2019-09-10 18:47:25,651 [org.apache.ratis.server.impl.LogAppender$AppenderDaemon$$Lambda$491/1891770971@63ee96bb] ERROR ratis.XceiverServerRatis (XceiverServerRatis.java:triggerPipelineClose(575)) - pipeline Action CLOSE  on pipeline PipelineID=65f96a82-f013-4c2d-a357-e9d835e888eb.Reason : c2ec732c-be0e-46a5-a2ed-f7f9dc34e031 has not seen follower/s 6876bac9-11ad-40f6-880c-796bfc7745f2 for 181731ms 64e81ce6-88e4-4777-9780-87a208f38655 for 181744ms
2019-09-10 18:47:26,142 [EventQueue-PipelineActionsForPipelineActionHandler] ERROR pipeline.PipelineActionHandler (PipelineActionHandler.java:onMessage(60)) - Received pipeline action CLOSE for Pipeline[ Id: 65f96a82-f013-4c2d-a357-e9d835e888eb, Nodes: 6876bac9-11ad-40f6-880c-796bfc7745f2{ip: 192.168.5.139, host: pr-hdds-1786-trunk-k6rzm-1803654198, networkLocation: /default-rack, certSerialId: null}64e81ce6-88e4-4777-9780-87a208f38655{ip: 192.168.5.139, host: pr-hdds-1786-trunk-k6rzm-1803654198, networkLocation: /default-rack, certSerialId: null}c2ec732c-be0e-46a5-a2ed-f7f9dc34e031{ip: 192.168.5.139, host: pr-hdds-1786-trunk-k6rzm-1803654198, networkLocation: /default-rack, certSerialId: null}, Type:RATIS, Factor:THREE, State:CLOSED] from datanode c2ec732c-be0e-46a5-a2ed-f7f9dc34e031{ip: 192.168.5.139, host: pr-hdds-1786-trunk-k6rzm-1803654198, networkLocation: /default-rack, certSerialId: null}. Reason : c2ec732c-be0e-46a5-a2ed-f7f9dc34e031 has not seen follower/s 6876bac9-11ad-40f6-880c-796bfc7745f2 for 181731ms 64e81ce6-88e4-4777-9780-87a208f38655 for 181744ms
2019-09-10 18:47:26,142 [EventQueue-PipelineActionsForPipelineActionHandler] INFO  pipeline.SCMPipelineManager (SCMPipelineManager.java:finalizeAndDestroyPipeline(311)) - destroying pipeline:Pipeline[ Id: 65f96a82-f013-4c2d-a357-e9d835e888eb, Nodes: 6876bac9-11ad-40f6-880c-796bfc7745f2{ip: 192.168.5.139, host: pr-hdds-1786-trunk-k6rzm-1803654198, networkLocation: /default-rack, certSerialId: null}64e81ce6-88e4-4777-9780-87a208f38655{ip: 192.168.5.139, host: pr-hdds-1786-trunk-k6rzm-1803654198, networkLocation: /default-rack, certSerialId: null}c2ec732c-be0e-46a5-a2ed-f7f9dc34e031{ip: 192.168.5.139, host: pr-hdds-1786-trunk-k6rzm-1803654198, networkLocation: /default-rack, certSerialId: null}, Type:RATIS, Factor:THREE, State:CLOSED]
2019-09-10 18:47:26,150 [java.util.concurrent.ThreadPoolExecutor$Worker@506b2520[State = -1, empty queue]] WARN  server.GrpcLogAppender (GrpcLogAppender.java:timeoutAppendRequest(200)) - c2ec732c-be0e-46a5-a2ed-f7f9dc34e031@group-E9D835E888EB->64e81ce6-88e4-4777-9780-87a208f38655-GrpcLogAppender: appendEntries Timeout, request=c2ec732c-be0e-46a5-a2ed-f7f9dc34e031->64e81ce6-88e4-4777-9780-87a208f38655#248-t1, previous=(t:1, i:24), leaderCommit=17, initializing? false, entries: <empty>
2019-09-10 18:47:26,150 [java.util.concurrent.ThreadPoolExecutor$Worker@77688533[State = -1, empty queue]] WARN  server.GrpcLogAppender (GrpcLogAppender.java:timeoutAppendRequest(200)) - c2ec732c-be0e-46a5-a2ed-f7f9dc34e031@group-E9D835E888EB->6876bac9-11ad-40f6-880c-796bfc7745f2-GrpcLogAppender: appendEntries Timeout, request=c2ec732c-be0e-46a5-a2ed-f7f9dc34e031->6876bac9-11ad-40f6-880c-796bfc7745f2#248-t1, previous=(t:1, i:24), leaderCommit=17, initializing? false, entries: <empty>
2019-09-10 18:47:26,643 [grpc-default-executor-2] INFO  client.GrpcClientProtocolClient (GrpcClientProtocolClient.java:onNext(264)) - client-022477A8F022->64e81ce6-88e4-4777-9780-87a208f38655: receive RaftClientReply:client-022477A8F022->64e81ce6-88e4-4777-9780-87a208f38655@group-E9D835E888EB, cid=140, FAILED org.apache.ratis.protocol.NotLeaderException: Server 64e81ce6-88e4-4777-9780-87a208f38655@group-E9D835E888EB is not the leader c2ec732c-be0e-46a5-a2ed-f7f9dc34e031:192.168.5.139:45554, logIndex=0, commits[64e81ce6-88e4-4777-9780-87a208f38655:c17, c2ec732c-be0e-46a5-a2ed-f7f9dc34e031:c17, 6876bac9-11ad-40f6-880c-796bfc7745f2:c13]
2019-09-10 18:47:28,152 [org.apache.ratis.server.impl.LogAppender$AppenderDaemon$$Lambda$491/1891770971@63ee96bb] ERROR ratis.XceiverServerRatis (XceiverServerRatis.java:triggerPipelineClose(575)) - pipeline Action CLOSE  on pipeline PipelineID=65f96a82-f013-4c2d-a357-e9d835e888eb.Reason : c2ec732c-be0e-46a5-a2ed-f7f9dc34e031 has not seen follower/s 6876bac9-11ad-40f6-880c-796bfc7745f2 for 184232ms 64e81ce6-88e4-4777-9780-87a208f38655 for 184244ms
2019-09-10 18:47:28,152 [org.apache.ratis.server.impl.LogAppender$AppenderDaemon$$Lambda$491/1891770971@6c4ed253] ERROR ratis.XceiverServerRatis (XceiverServerRatis.java:triggerPipelineClose(575)) - pipeline Action CLOSE  on pipeline PipelineID=65f96a82-f013-4c2d-a357-e9d835e888eb.Reason : c2ec732c-be0e-46a5-a2ed-f7f9dc34e031 has not seen follower/s 6876bac9-11ad-40f6-880c-796bfc7745f2 for 184232ms 64e81ce6-88e4-4777-9780-87a208f38655 for 184244ms
2019-09-10 18:47:28,651 [java.util.concurrent.ThreadPoolExecutor$Worker@506b2520[State = -1, empty queue]] WARN  server.GrpcLogAppender (GrpcLogAppender.java:timeoutAppendRequest(200)) - c2ec732c-be0e-46a5-a2ed-f7f9dc34e031@group-E9D835E888EB->64e81ce6-88e4-4777-9780-87a208f38655-GrpcLogAppender: appendEntries Timeout, request=c2ec732c-be0e-46a5-a2ed-f7f9dc34e031->64e81ce6-88e4-4777-9780-87a208f38655#249-t1, previous=(t:1, i:24), leaderCommit=17, initializing? false, entries: <empty>
2019-09-10 18:47:28,651 [java.util.concurrent.ThreadPoolExecutor$Worker@77688533[State = -1, empty queue]] WARN  server.GrpcLogAppender (GrpcLogAppender.java:timeoutAppendRequest(200)) - c2ec732c-be0e-46a5-a2ed-f7f9dc34e031@group-E9D835E888EB->6876bac9-11ad-40f6-880c-796bfc7745f2-GrpcLogAppender: appendEntries Timeout, request=c2ec732c-be0e-46a5-a2ed-f7f9dc34e031->6876bac9-11ad-40f6-880c-796bfc7745f2#249-t1, previous=(t:1, i:24), leaderCommit=17, initializing? false, entries: <empty>
2019-09-10 18:47:29,145 [EventQueue-PipelineActionsForPipelineActionHandler] ERROR pipeline.PipelineActionHandler (PipelineActionHandler.java:onMessage(60)) - Received pipeline action CLOSE for Pipeline[ Id: 65f96a82-f013-4c2d-a357-e9d835e888eb, Nodes: 6876bac9-11ad-40f6-880c-796bfc7745f2{ip: 192.168.5.139, host: pr-hdds-1786-trunk-k6rzm-1803654198, networkLocation: /default-rack, certSerialId: null}64e81ce6-88e4-4777-9780-87a208f38655{ip: 192.168.5.139, host: pr-hdds-1786-trunk-k6rzm-1803654198, networkLocation: /default-rack, certSerialId: null}c2ec732c-be0e-46a5-a2ed-f7f9dc34e031{ip: 192.168.5.139, host: pr-hdds-1786-trunk-k6rzm-1803654198, networkLocation: /default-rack, certSerialId: null}, Type:RATIS, Factor:THREE, State:CLOSED] from datanode c2ec732c-be0e-46a5-a2ed-f7f9dc34e031{ip: 192.168.5.139, host: pr-hdds-1786-trunk-k6rzm-1803654198, networkLocation: /default-rack, certSerialId: null}. Reason : c2ec732c-be0e-46a5-a2ed-f7f9dc34e031 has not seen follower/s 6876bac9-11ad-40f6-880c-796bfc7745f2 for 184232ms 64e81ce6-88e4-4777-9780-87a208f38655 for 184244ms
2019-09-10 18:47:29,146 [EventQueue-PipelineActionsForPipelineActionHandler] INFO  pipeline.SCMPipelineManager (SCMPipelineManager.java:finalizeAndDestroyPipeline(311)) - destroying pipeline:Pipeline[ Id: 65f96a82-f013-4c2d-a357-e9d835e888eb, Nodes: 6876bac9-11ad-40f6-880c-796bfc7745f2{ip: 192.168.5.139, host: pr-hdds-1786-trunk-k6rzm-1803654198, networkLocation: /default-rack, certSerialId: null}64e81ce6-88e4-4777-9780-87a208f38655{ip: 192.168.5.139, host: pr-hdds-1786-trunk-k6rzm-1803654198, networkLocation: /default-rack, certSerialId: null}c2ec732c-be0e-46a5-a2ed-f7f9dc34e031{ip: 192.168.5.139, host: pr-hdds-1786-trunk-k6rzm-1803654198, networkLocation: /default-rack, certSerialId: null}, Type:RATIS, Factor:THREE, State:CLOSED]
2019-09-10 18:47:30,653 [org.apache.ratis.server.impl.LogAppender$AppenderDaemon$$Lambda$491/1891770971@63ee96bb] ERROR ratis.XceiverServerRatis (XceiverServerRatis.java:triggerPipelineClose(575)) - pipeline Action CLOSE  on pipeline PipelineID=65f96a82-f013-4c2d-a357-e9d835e888eb.Reason : c2ec732c-be0e-46a5-a2ed-f7f9dc34e031 has not seen follower/s 6876bac9-11ad-40f6-880c-796bfc7745f2 for 186733ms 64e81ce6-88e4-4777-9780-87a208f38655 for 186745ms
2019-09-10 18:47:30,653 [org.apache.ratis.server.impl.LogAppender$AppenderDaemon$$Lambda$491/1891770971@6c4ed253] ERROR ratis.XceiverServerRatis (XceiverServerRatis.java:triggerPipelineClose(575)) - pipeline Action CLOSE  on pipeline PipelineID=65f96a82-f013-4c2d-a357-e9d835e888eb.Reason : c2ec732c-be0e-46a5-a2ed-f7f9dc34e031 has not seen follower/s 6876bac9-11ad-40f6-880c-796bfc7745f2 for 186733ms 64e81ce6-88e4-4777-9780-87a208f38655 for 186745ms
2019-09-10 18:47:31,113 [grpc-default-executor-0] INFO  impl.RaftServerProxy (RaftServerProxy.java:remove(95)) - 6876bac9-11ad-40f6-880c-796bfc7745f2: remove  FOLLOWER 6876bac9-11ad-40f6-880c-796bfc7745f2@group-E9D835E888EB:t1, leader=c2ec732c-be0e-46a5-a2ed-f7f9dc34e031, voted=c2ec732c-be0e-46a5-a2ed-f7f9dc34e031, raftlog=6876bac9-11ad-40f6-880c-796bfc7745f2@group-E9D835E888EB-SegmentedRaftLog:OPENED:c17,f17,i24, conf=0: [c2ec732c-be0e-46a5-a2ed-f7f9dc34e031:192.168.5.139:45554, 6876bac9-11ad-40f6-880c-796bfc7745f2:192.168.5.139:37653, 64e81ce6-88e4-4777-9780-87a208f38655:192.168.5.139:44745], old=null RUNNING
2019-09-10 18:47:31,114 [grpc-default-executor-0] INFO  impl.RaftServerImpl (RaftServerImpl.java:lambda$shutdown$3(251)) - 6876bac9-11ad-40f6-880c-796bfc7745f2@group-E9D835E888EB: shutdown
2019-09-10 18:47:31,114 [grpc-default-executor-0] INFO  util.JmxRegister (JmxRegister.java:unregister(73)) - Successfully un-registered JMX Bean with object name Ratis:service=RaftServer,group=group-E9D835E888EB,id=6876bac9-11ad-40f6-880c-796bfc7745f2
2019-09-10 18:47:31,115 [grpc-default-executor-0] INFO  impl.RoleInfo (RoleInfo.java:shutdownFollowerState(121)) - 6876bac9-11ad-40f6-880c-796bfc7745f2: shutdown FollowerState
2019-09-10 18:47:31,115 [grpc-default-executor-0] INFO  impl.StateMachineUpdater (StateMachineUpdater.java:stopAndJoin(125)) - 6876bac9-11ad-40f6-880c-796bfc7745f2@group-E9D835E888EB-StateMachineUpdater: set stopIndex = 17
2019-09-10 18:47:31,115 [Thread-325] INFO  impl.FollowerState (FollowerState.java:run(115)) - 6876bac9-11ad-40f6-880c-796bfc7745f2: FollowerState was interrupted: java.lang.InterruptedException: sleep interrupted
2019-09-10 18:47:31,115 [6876bac9-11ad-40f6-880c-796bfc7745f2@group-E9D835E888EB-StateMachineUpdater] INFO  ratis.ContainerStateMachine (ContainerStateMachine.java:takeSnapshot(289)) - group-E9D835E888EB: Taking a snapshot at:(t:1, i:13) file /workdir/hadoop-ozone/integration-test/target/test-dir/MiniOzoneClusterImpl-27fa055b-1dd0-4a05-b5b8-5375f262b16d/datanode-2/data/ratis/65f96a82-f013-4c2d-a357-e9d835e888eb/sm/snapshot.1_13
2019-09-10 18:47:31,139 [6876bac9-11ad-40f6-880c-796bfc7745f2@group-E9D835E888EB-StateMachineUpdater] INFO  ratis.ContainerStateMachine (ContainerStateMachine.java:takeSnapshot(300)) - group-E9D835E888EB: Finished taking a snapshot at:(t:1, i:13) file:/workdir/hadoop-ozone/integration-test/target/test-dir/MiniOzoneClusterImpl-27fa055b-1dd0-4a05-b5b8-5375f262b16d/datanode-2/data/ratis/65f96a82-f013-4c2d-a357-e9d835e888eb/sm/snapshot.1_13 time:24
2019-09-10 18:47:31,140 [6876bac9-11ad-40f6-880c-796bfc7745f2@group-E9D835E888EB-StateMachineUpdater] INFO  impl.StateMachineUpdater (StateMachineUpdater.java:takeSnapshot(258)) - 6876bac9-11ad-40f6-880c-796bfc7745f2@group-E9D835E888EB-StateMachineUpdater: Took a snapshot at index 13
2019-09-10 18:47:31,140 [6876bac9-11ad-40f6-880c-796bfc7745f2@group-E9D835E888EB-StateMachineUpdater] INFO  impl.StateMachineUpdater (StateMachineUpdater.java:lambda$new$0(83)) - 6876bac9-11ad-40f6-880c-796bfc7745f2@group-E9D835E888EB-StateMachineUpdater: snapshotIndex: updateIncreasingly -1 -> 13
2019-09-10 18:47:31,141 [6876bac9-11ad-40f6-880c-796bfc7745f2@group-E9D835E888EB-StateMachineUpdater] INFO  ratis.ContainerStateMachine (ContainerStateMachine.java:takeSnapshot(289)) - group-E9D835E888EB: Taking a snapshot at:(t:1, i:13) file /workdir/hadoop-ozone/integration-test/target/test-dir/MiniOzoneClusterImpl-27fa055b-1dd0-4a05-b5b8-5375f262b16d/datanode-2/data/ratis/65f96a82-f013-4c2d-a357-e9d835e888eb/sm/snapshot.1_13
2019-09-10 18:47:31,144 [EventQueue-PipelineActionsForPipelineActionHandler] ERROR pipeline.PipelineActionHandler (PipelineActionHandler.java:onMessage(60)) - Received pipeline action CLOSE for Pipeline[ Id: 65f96a82-f013-4c2d-a357-e9d835e888eb, Nodes: 6876bac9-11ad-40f6-880c-796bfc7745f2{ip: 192.168.5.139, host: pr-hdds-1786-trunk-k6rzm-1803654198, networkLocation: /default-rack, certSerialId: null}64e81ce6-88e4-4777-9780-87a208f38655{ip: 192.168.5.139, host: pr-hdds-1786-trunk-k6rzm-1803654198, networkLocation: /default-rack, certSerialId: null}c2ec732c-be0e-46a5-a2ed-f7f9dc34e031{ip: 192.168.5.139, host: pr-hdds-1786-trunk-k6rzm-1803654198, networkLocation: /default-rack, certSerialId: null}, Type:RATIS, Factor:THREE, State:CLOSED] from datanode c2ec732c-be0e-46a5-a2ed-f7f9dc34e031{ip: 192.168.5.139, host: pr-hdds-1786-trunk-k6rzm-1803654198, networkLocation: /default-rack, certSerialId: null}. Reason : c2ec732c-be0e-46a5-a2ed-f7f9dc34e031 has not seen follower/s 6876bac9-11ad-40f6-880c-796bfc7745f2 for 186733ms 64e81ce6-88e4-4777-9780-87a208f38655 for 186745ms
2019-09-10 18:47:31,145 [EventQueue-PipelineActionsForPipelineActionHandler] INFO  pipeline.SCMPipelineManager (SCMPipelineManager.java:finalizeAndDestroyPipeline(311)) - destroying pipeline:Pipeline[ Id: 65f96a82-f013-4c2d-a357-e9d835e888eb, Nodes: 6876bac9-11ad-40f6-880c-796bfc7745f2{ip: 192.168.5.139, host: pr-hdds-1786-trunk-k6rzm-1803654198, networkLocation: /default-rack, certSerialId: null}64e81ce6-88e4-4777-9780-87a208f38655{ip: 192.168.5.139, host: pr-hdds-1786-trunk-k6rzm-1803654198, networkLocation: /default-rack, certSerialId: null}c2ec732c-be0e-46a5-a2ed-f7f9dc34e031{ip: 192.168.5.139, host: pr-hdds-1786-trunk-k6rzm-1803654198, networkLocation: /default-rack, certSerialId: null}, Type:RATIS, Factor:THREE, State:CLOSED]
2019-09-10 18:47:31,152 [java.util.concurrent.ThreadPoolExecutor$Worker@77688533[State = -1, empty queue]] WARN  server.GrpcLogAppender (GrpcLogAppender.java:timeoutAppendRequest(200)) - c2ec732c-be0e-46a5-a2ed-f7f9dc34e031@group-E9D835E888EB->6876bac9-11ad-40f6-880c-796bfc7745f2-GrpcLogAppender: appendEntries Timeout, request=c2ec732c-be0e-46a5-a2ed-f7f9dc34e031->6876bac9-11ad-40f6-880c-796bfc7745f2#250-t1, previous=(t:1, i:24), leaderCommit=17, initializing? false, entries: <empty>
2019-09-10 18:47:31,152 [java.util.concurrent.ThreadPoolExecutor$Worker@506b2520[State = -1, empty queue]] WARN  server.GrpcLogAppender (GrpcLogAppender.java:timeoutAppendRequest(200)) - c2ec732c-be0e-46a5-a2ed-f7f9dc34e031@group-E9D835E888EB->64e81ce6-88e4-4777-9780-87a208f38655-GrpcLogAppender: appendEntries Timeout, request=c2ec732c-be0e-46a5-a2ed-f7f9dc34e031->64e81ce6-88e4-4777-9780-87a208f38655#250-t1, previous=(t:1, i:24), leaderCommit=17, initializing? false, entries: <empty>
2019-09-10 18:47:31,164 [6876bac9-11ad-40f6-880c-796bfc7745f2@group-E9D835E888EB-StateMachineUpdater] INFO  ratis.ContainerStateMachine (ContainerStateMachine.java:takeSnapshot(300)) - group-E9D835E888EB: Finished taking a snapshot at:(t:1, i:13) file:/workdir/hadoop-ozone/integration-test/target/test-dir/MiniOzoneClusterImpl-27fa055b-1dd0-4a05-b5b8-5375f262b16d/datanode-2/data/ratis/65f96a82-f013-4c2d-a357-e9d835e888eb/sm/snapshot.1_13 time:22
2019-09-10 18:47:31,164 [6876bac9-11ad-40f6-880c-796bfc7745f2@group-E9D835E888EB-StateMachineUpdater] INFO  impl.StateMachineUpdater (StateMachineUpdater.java:takeSnapshot(258)) - 6876bac9-11ad-40f6-880c-796bfc7745f2@group-E9D835E888EB-StateMachineUpdater: Took a snapshot at index 13
2019-09-10 18:47:31,164 [6876bac9-11ad-40f6-880c-796bfc7745f2@group-E9D835E888EB-StateMachineUpdater] INFO  impl.StateMachineUpdater (StateMachineUpdater.java:lambda$new$0(83)) - 6876bac9-11ad-40f6-880c-796bfc7745f2@group-E9D835E888EB-StateMachineUpdater: snapshotIndex: updateIncreasingly 13 -> 13
2019-09-10 18:47:31,165 [grpc-default-executor-0] INFO  impl.RaftServerImpl (ServerState.java:close(385)) - 6876bac9-11ad-40f6-880c-796bfc7745f2@group-E9D835E888EB: closes. applyIndex: 17
2019-09-10 18:47:31,174 [6876bac9-11ad-40f6-880c-796bfc7745f2@group-E9D835E888EB-SegmentedRaftLogWorker] ERROR ratis.XceiverServerRatis (XceiverServerRatis.java:triggerPipelineClose(575)) - pipeline Action CLOSE  on pipeline PipelineID=65f96a82-f013-4c2d-a357-e9d835e888eb.Reason : WriteLog:18: (t:1, i:18), STATEMACHINELOGENTRY, client-022477A8F022, cid=140-writeStateMachineData interrupted.
2019-09-10 18:47:31,177 [EventQueue-PipelineActionsForPipelineActionHandler] ERROR pipeline.PipelineActionHandler (PipelineActionHandler.java:onMessage(60)) - Received pipeline action CLOSE for Pipeline[ Id: 65f96a82-f013-4c2d-a357-e9d835e888eb, Nodes: 6876bac9-11ad-40f6-880c-796bfc7745f2{ip: 192.168.5.139, host: pr-hdds-1786-trunk-k6rzm-1803654198, networkLocation: /default-rack, certSerialId: null}64e81ce6-88e4-4777-9780-87a208f38655{ip: 192.168.5.139, host: pr-hdds-1786-trunk-k6rzm-1803654198, networkLocation: /default-rack, certSerialId: null}c2ec732c-be0e-46a5-a2ed-f7f9dc34e031{ip: 192.168.5.139, host: pr-hdds-1786-trunk-k6rzm-1803654198, networkLocation: /default-rack, certSerialId: null}, Type:RATIS, Factor:THREE, State:CLOSED] from datanode 6876bac9-11ad-40f6-880c-796bfc7745f2{ip: 192.168.5.139, host: pr-hdds-1786-trunk-k6rzm-1803654198, networkLocation: /default-rack, certSerialId: null}. Reason : WriteLog:18: (t:1, i:18), STATEMACHINELOGENTRY, client-022477A8F022, cid=140-writeStateMachineData interrupted.
2019-09-10 18:47:31,177 [grpc-default-executor-0] INFO  segmented.SegmentedRaftLogWorker (SegmentedRaftLogWorker.java:close(228)) - 6876bac9-11ad-40f6-880c-796bfc7745f2@group-E9D835E888EB-SegmentedRaftLogWorker close()
2019-09-10 18:47:31,177 [EventQueue-PipelineActionsForPipelineActionHandler] INFO  pipeline.SCMPipelineManager (SCMPipelineManager.java:finalizeAndDestroyPipeline(311)) - destroying pipeline:Pipeline[ Id: 65f96a82-f013-4c2d-a357-e9d835e888eb, Nodes: 6876bac9-11ad-40f6-880c-796bfc7745f2{ip: 192.168.5.139, host: pr-hdds-1786-trunk-k6rzm-1803654198, networkLocation: /default-rack, certSerialId: null}64e81ce6-88e4-4777-9780-87a208f38655{ip: 192.168.5.139, host: pr-hdds-1786-trunk-k6rzm-1803654198, networkLocation: /default-rack, certSerialId: null}c2ec732c-be0e-46a5-a2ed-f7f9dc34e031{ip: 192.168.5.139, host: pr-hdds-1786-trunk-k6rzm-1803654198, networkLocation: /default-rack, certSerialId: null}, Type:RATIS, Factor:THREE, State:CLOSED]
2019-09-10 18:47:31,194 [grpc-default-executor-0] INFO  interfaces.Container (KeyValueContainer.java:flushAndSyncDB(386)) - Container 1 is synced with bcsId 4.
2019-09-10 18:47:31,195 [grpc-default-executor-0] INFO  interfaces.Container (KeyValueContainer.java:flushAndSyncDB(386)) - Container 1 is synced with bcsId 4.
2019-09-10 18:47:31,222 [EventQueue-IncrementalContainerReportForIncrementalContainerReportHandler] INFO  container.IncrementalContainerReportHandler (AbstractContainerReportHandler.java:updateContainerState(169)) - Moving container #1 to QUASI_CLOSED state, datanode 6876bac9-11ad-40f6-880c-796bfc7745f2{ip: 192.168.5.139, host: pr-hdds-1786-trunk-k6rzm-1803654198, networkLocation: /default-rack, certSerialId: null} reported QUASI_CLOSED replica.
2019-09-10 18:47:31,232 [grpc-default-executor-0] INFO  interfaces.Container (KeyValueContainer.java:flushAndSyncDB(386)) - Container 6 is synced with bcsId 13.
2019-09-10 18:47:31,232 [grpc-default-executor-0] INFO  interfaces.Container (KeyValueContainer.java:flushAndSyncDB(386)) - Container 6 is synced with bcsId 13.
2019-09-10 18:47:31,259 [EventQueue-IncrementalContainerReportForIncrementalContainerReportHandler] INFO  container.IncrementalContainerReportHandler (AbstractContainerReportHandler.java:updateContainerState(169)) - Moving container #6 to QUASI_CLOSED state, datanode 6876bac9-11ad-40f6-880c-796bfc7745f2{ip: 192.168.5.139, host: pr-hdds-1786-trunk-k6rzm-1803654198, networkLocation: /default-rack, certSerialId: null} reported QUASI_CLOSED replica.
2019-09-10 18:47:31,360 [grpc-default-executor-0] INFO  interfaces.Container (KeyValueContainer.java:flushAndSyncDB(386)) - Container 8 is synced with bcsId 0.
2019-09-10 18:47:31,361 [grpc-default-executor-0] INFO  interfaces.Container (KeyValueContainer.java:flushAndSyncDB(386)) - Container 8 is synced with bcsId 0.
2019-09-10 18:47:31,378 [EventQueue-IncrementalContainerReportForIncrementalContainerReportHandler] INFO  container.IncrementalContainerReportHandler (AbstractContainerReportHandler.java:updateContainerState(169)) - Moving container #8 to QUASI_CLOSED state, datanode 6876bac9-11ad-40f6-880c-796bfc7745f2{ip: 192.168.5.139, host: pr-hdds-1786-trunk-k6rzm-1803654198, networkLocation: /default-rack, certSerialId: null} reported QUASI_CLOSED replica.
2019-09-10 18:47:31,384 [grpc-default-executor-0] INFO  impl.RaftServerProxy (RaftServerProxy.java:remove(95)) - 64e81ce6-88e4-4777-9780-87a208f38655: remove  FOLLOWER 64e81ce6-88e4-4777-9780-87a208f38655@group-E9D835E888EB:t1, leader=c2ec732c-be0e-46a5-a2ed-f7f9dc34e031, voted=64e81ce6-88e4-4777-9780-87a208f38655, raftlog=64e81ce6-88e4-4777-9780-87a208f38655@group-E9D835E888EB-SegmentedRaftLog:OPENED:c17,f17,i24, conf=0: [c2ec732c-be0e-46a5-a2ed-f7f9dc34e031:192.168.5.139:45554, 6876bac9-11ad-40f6-880c-796bfc7745f2:192.168.5.139:37653, 64e81ce6-88e4-4777-9780-87a208f38655:192.168.5.139:44745], old=null RUNNING
2019-09-10 18:47:31,384 [grpc-default-executor-0] INFO  impl.RaftServerImpl (RaftServerImpl.java:lambda$shutdown$3(251)) - 64e81ce6-88e4-4777-9780-87a208f38655@group-E9D835E888EB: shutdown
2019-09-10 18:47:31,384 [grpc-default-executor-0] INFO  util.JmxRegister (JmxRegister.java:unregister(73)) - Successfully un-registered JMX Bean with object name Ratis:service=RaftServer,group=group-E9D835E888EB,id=64e81ce6-88e4-4777-9780-87a208f38655
2019-09-10 18:47:31,384 [grpc-default-executor-0] INFO  impl.RoleInfo (RoleInfo.java:shutdownFollowerState(121)) - 64e81ce6-88e4-4777-9780-87a208f38655: shutdown FollowerState
2019-09-10 18:47:31,384 [grpc-default-executor-0] INFO  impl.StateMachineUpdater (StateMachineUpdater.java:stopAndJoin(125)) - 64e81ce6-88e4-4777-9780-87a208f38655@group-E9D835E888EB-StateMachineUpdater: set stopIndex = 17
2019-09-10 18:47:31,385 [64e81ce6-88e4-4777-9780-87a208f38655@group-E9D835E888EB-StateMachineUpdater] INFO  ratis.ContainerStateMachine (ContainerStateMachine.java:takeSnapshot(289)) - group-E9D835E888EB: Taking a snapshot at:(t:1, i:13) file /workdir/hadoop-ozone/integration-test/target/test-dir/MiniOzoneClusterImpl-27fa055b-1dd0-4a05-b5b8-5375f262b16d/datanode-0/data/ratis/65f96a82-f013-4c2d-a357-e9d835e888eb/sm/snapshot.1_13
2019-09-10 18:47:31,385 [Thread-328] INFO  impl.FollowerState (FollowerState.java:run(115)) - 64e81ce6-88e4-4777-9780-87a208f38655: FollowerState was interrupted: java.lang.InterruptedException: sleep interrupted
2019-09-10 18:47:31,403 [64e81ce6-88e4-4777-9780-87a208f38655@group-E9D835E888EB-StateMachineUpdater] INFO  ratis.ContainerStateMachine (ContainerStateMachine.java:takeSnapshot(300)) - group-E9D835E888EB: Finished taking a snapshot at:(t:1, i:13) file:/workdir/hadoop-ozone/integration-test/target/test-dir/MiniOzoneClusterImpl-27fa055b-1dd0-4a05-b5b8-5375f262b16d/datanode-0/data/ratis/65f96a82-f013-4c2d-a357-e9d835e888eb/sm/snapshot.1_13 time:19
2019-09-10 18:47:31,403 [64e81ce6-88e4-4777-9780-87a208f38655@group-E9D835E888EB-StateMachineUpdater] INFO  impl.StateMachineUpdater (StateMachineUpdater.java:takeSnapshot(258)) - 64e81ce6-88e4-4777-9780-87a208f38655@group-E9D835E888EB-StateMachineUpdater: Took a snapshot at index 13
2019-09-10 18:47:31,403 [64e81ce6-88e4-4777-9780-87a208f38655@group-E9D835E888EB-StateMachineUpdater] INFO  impl.StateMachineUpdater (StateMachineUpdater.java:lambda$new$0(83)) - 64e81ce6-88e4-4777-9780-87a208f38655@group-E9D835E888EB-StateMachineUpdater: snapshotIndex: updateIncreasingly -1 -> 13
2019-09-10 18:47:31,404 [64e81ce6-88e4-4777-9780-87a208f38655@group-E9D835E888EB-StateMachineUpdater] INFO  ratis.ContainerStateMachine (ContainerStateMachine.java:takeSnapshot(289)) - group-E9D835E888EB: Taking a snapshot at:(t:1, i:13) file /workdir/hadoop-ozone/integration-test/target/test-dir/MiniOzoneClusterImpl-27fa055b-1dd0-4a05-b5b8-5375f262b16d/datanode-0/data/ratis/65f96a82-f013-4c2d-a357-e9d835e888eb/sm/snapshot.1_13
2019-09-10 18:47:31,428 [64e81ce6-88e4-4777-9780-87a208f38655@group-E9D835E888EB-StateMachineUpdater] INFO  ratis.ContainerStateMachine (ContainerStateMachine.java:takeSnapshot(300)) - group-E9D835E888EB: Finished taking a snapshot at:(t:1, i:13) file:/workdir/hadoop-ozone/integration-test/target/test-dir/MiniOzoneClusterImpl-27fa055b-1dd0-4a05-b5b8-5375f262b16d/datanode-0/data/ratis/65f96a82-f013-4c2d-a357-e9d835e888eb/sm/snapshot.1_13 time:25
2019-09-10 18:47:31,428 [64e81ce6-88e4-4777-9780-87a208f38655@group-E9D835E888EB-StateMachineUpdater] INFO  impl.StateMachineUpdater (StateMachineUpdater.java:takeSnapshot(258)) - 64e81ce6-88e4-4777-9780-87a208f38655@group-E9D835E888EB-StateMachineUpdater: Took a snapshot at index 13
2019-09-10 18:47:31,428 [64e81ce6-88e4-4777-9780-87a208f38655@group-E9D835E888EB-StateMachineUpdater] INFO  impl.StateMachineUpdater (StateMachineUpdater.java:lambda$new$0(83)) - 64e81ce6-88e4-4777-9780-87a208f38655@group-E9D835E888EB-StateMachineUpdater: snapshotIndex: updateIncreasingly 13 -> 13
2019-09-10 18:47:31,429 [grpc-default-executor-0] INFO  impl.RaftServerImpl (ServerState.java:close(385)) - 64e81ce6-88e4-4777-9780-87a208f38655@group-E9D835E888EB: closes. applyIndex: 17
2019-09-10 18:47:31,433 [64e81ce6-88e4-4777-9780-87a208f38655@group-E9D835E888EB-SegmentedRaftLogWorker] ERROR ratis.XceiverServerRatis (XceiverServerRatis.java:triggerPipelineClose(575)) - pipeline Action CLOSE  on pipeline PipelineID=65f96a82-f013-4c2d-a357-e9d835e888eb.Reason : WriteLog:18: (t:1, i:18), STATEMACHINELOGENTRY, client-022477A8F022, cid=140-writeStateMachineData interrupted.
2019-09-10 18:47:31,436 [grpc-default-executor-0] INFO  segmented.SegmentedRaftLogWorker (SegmentedRaftLogWorker.java:close(228)) - 64e81ce6-88e4-4777-9780-87a208f38655@group-E9D835E888EB-SegmentedRaftLogWorker close()
2019-09-10 18:47:31,440 [EventQueue-PipelineActionsForPipelineActionHandler] ERROR pipeline.PipelineActionHandler (PipelineActionHandler.java:onMessage(60)) - Received pipeline action CLOSE for Pipeline[ Id: 65f96a82-f013-4c2d-a357-e9d835e888eb, Nodes: 6876bac9-11ad-40f6-880c-796bfc7745f2{ip: 192.168.5.139, host: pr-hdds-1786-trunk-k6rzm-1803654198, networkLocation: /default-rack, certSerialId: null}64e81ce6-88e4-4777-9780-87a208f38655{ip: 192.168.5.139, host: pr-hdds-1786-trunk-k6rzm-1803654198, networkLocation: /default-rack, certSerialId: null}c2ec732c-be0e-46a5-a2ed-f7f9dc34e031{ip: 192.168.5.139, host: pr-hdds-1786-trunk-k6rzm-1803654198, networkLocation: /default-rack, certSerialId: null}, Type:RATIS, Factor:THREE, State:CLOSED] from datanode 64e81ce6-88e4-4777-9780-87a208f38655{ip: 192.168.5.139, host: pr-hdds-1786-trunk-k6rzm-1803654198, networkLocation: /default-rack, certSerialId: null}. Reason : WriteLog:18: (t:1, i:18), STATEMACHINELOGENTRY, client-022477A8F022, cid=140-writeStateMachineData interrupted.
2019-09-10 18:47:31,440 [EventQueue-PipelineActionsForPipelineActionHandler] INFO  pipeline.SCMPipelineManager (SCMPipelineManager.java:finalizeAndDestroyPipeline(311)) - destroying pipeline:Pipeline[ Id: 65f96a82-f013-4c2d-a357-e9d835e888eb, Nodes: 6876bac9-11ad-40f6-880c-796bfc7745f2{ip: 192.168.5.139, host: pr-hdds-1786-trunk-k6rzm-1803654198, networkLocation: /default-rack, certSerialId: null}64e81ce6-88e4-4777-9780-87a208f38655{ip: 192.168.5.139, host: pr-hdds-1786-trunk-k6rzm-1803654198, networkLocation: /default-rack, certSerialId: null}c2ec732c-be0e-46a5-a2ed-f7f9dc34e031{ip: 192.168.5.139, host: pr-hdds-1786-trunk-k6rzm-1803654198, networkLocation: /default-rack, certSerialId: null}, Type:RATIS, Factor:THREE, State:CLOSED]
2019-09-10 18:47:31,454 [grpc-default-executor-0] INFO  interfaces.Container (KeyValueContainer.java:flushAndSyncDB(386)) - Container 1 is synced with bcsId 4.
2019-09-10 18:47:31,454 [grpc-default-executor-0] INFO  interfaces.Container (KeyValueContainer.java:flushAndSyncDB(386)) - Container 1 is synced with bcsId 4.
2019-09-10 18:47:31,488 [grpc-default-executor-0] INFO  interfaces.Container (KeyValueContainer.java:flushAndSyncDB(386)) - Container 6 is synced with bcsId 13.
2019-09-10 18:47:31,488 [grpc-default-executor-0] INFO  interfaces.Container (KeyValueContainer.java:flushAndSyncDB(386)) - Container 6 is synced with bcsId 13.
2019-09-10 18:47:31,599 [grpc-default-executor-0] INFO  interfaces.Container (KeyValueContainer.java:flushAndSyncDB(386)) - Container 8 is synced with bcsId 0.
2019-09-10 18:47:31,599 [grpc-default-executor-0] INFO  interfaces.Container (KeyValueContainer.java:flushAndSyncDB(386)) - Container 8 is synced with bcsId 0.
2019-09-10 18:47:31,622 [grpc-default-executor-0] INFO  impl.RaftServerProxy (RaftServerProxy.java:remove(95)) - c2ec732c-be0e-46a5-a2ed-f7f9dc34e031: remove    LEADER c2ec732c-be0e-46a5-a2ed-f7f9dc34e031@group-E9D835E888EB:t1, leader=c2ec732c-be0e-46a5-a2ed-f7f9dc34e031, voted=c2ec732c-be0e-46a5-a2ed-f7f9dc34e031, raftlog=c2ec732c-be0e-46a5-a2ed-f7f9dc34e031@group-E9D835E888EB-SegmentedRaftLog:OPENED:c17,f17,i24, conf=0: [c2ec732c-be0e-46a5-a2ed-f7f9dc34e031:192.168.5.139:45554, 6876bac9-11ad-40f6-880c-796bfc7745f2:192.168.5.139:37653, 64e81ce6-88e4-4777-9780-87a208f38655:192.168.5.139:44745], old=null RUNNING
2019-09-10 18:47:31,622 [grpc-default-executor-0] INFO  impl.RaftServerImpl (RaftServerImpl.java:lambda$shutdown$3(251)) - c2ec732c-be0e-46a5-a2ed-f7f9dc34e031@group-E9D835E888EB: shutdown
2019-09-10 18:47:31,622 [grpc-default-executor-0] INFO  util.JmxRegister (JmxRegister.java:unregister(73)) - Successfully un-registered JMX Bean with object name Ratis:service=RaftServer,group=group-E9D835E888EB,id=c2ec732c-be0e-46a5-a2ed-f7f9dc34e031
2019-09-10 18:47:31,623 [grpc-default-executor-0] INFO  impl.RoleInfo (RoleInfo.java:shutdownLeaderState(104)) - c2ec732c-be0e-46a5-a2ed-f7f9dc34e031: shutdown LeaderState
2019-09-10 18:47:31,628 [org.apache.ratis.server.impl.LogAppender$AppenderDaemon$$Lambda$491/1891770971@6c4ed253] WARN  server.GrpcLogAppender (GrpcLogAppender.java:mayWait(143)) - c2ec732c-be0e-46a5-a2ed-f7f9dc34e031@group-E9D835E888EB->64e81ce6-88e4-4777-9780-87a208f38655-GrpcLogAppender: Wait interrupted by java.lang.InterruptedException
2019-09-10 18:47:31,628 [org.apache.ratis.server.impl.LogAppender$AppenderDaemon$$Lambda$491/1891770971@63ee96bb] WARN  server.GrpcLogAppender (GrpcLogAppender.java:mayWait(143)) - c2ec732c-be0e-46a5-a2ed-f7f9dc34e031@group-E9D835E888EB->6876bac9-11ad-40f6-880c-796bfc7745f2-GrpcLogAppender: Wait interrupted by java.lang.InterruptedException
2019-09-10 18:47:31,628 [grpc-default-executor-0] INFO  impl.PendingRequests (PendingRequests.java:sendNotLeaderResponses(202)) - c2ec732c-be0e-46a5-a2ed-f7f9dc34e031-PendingRequests: sendNotLeaderResponses
2019-09-10 18:47:31,634 [grpc-default-executor-4] INFO  server.GrpcServerProtocolService (GrpcServerProtocolService.java:onCompleted(113)) - 64e81ce6-88e4-4777-9780-87a208f38655: Completed APPEND_ENTRIES, lastRequest: c2ec732c-be0e-46a5-a2ed-f7f9dc34e031->64e81ce6-88e4-4777-9780-87a208f38655#251-t1, previous=(t:1, i:24), leaderCommit=17, initializing? false, entries: <empty>
2019-09-10 18:47:31,634 [grpc-default-executor-2] INFO  server.GrpcServerProtocolService (GrpcServerProtocolService.java:onCompleted(113)) - 6876bac9-11ad-40f6-880c-796bfc7745f2: Completed APPEND_ENTRIES, lastRequest: c2ec732c-be0e-46a5-a2ed-f7f9dc34e031->6876bac9-11ad-40f6-880c-796bfc7745f2#251-t1, previous=(t:1, i:24), leaderCommit=17, initializing? false, entries: <empty>
2019-09-10 18:47:31,635 [grpc-default-executor-4] INFO  server.GrpcLogAppender (GrpcLogAppender.java:onCompleted(293)) - c2ec732c-be0e-46a5-a2ed-f7f9dc34e031@group-E9D835E888EB->64e81ce6-88e4-4777-9780-87a208f38655-AppendLogResponseHandler: follower responses appendEntries COMPLETED
2019-09-10 18:47:31,640 [grpc-default-executor-0] INFO  impl.StateMachineUpdater (StateMachineUpdater.java:stopAndJoin(125)) - c2ec732c-be0e-46a5-a2ed-f7f9dc34e031@group-E9D835E888EB-StateMachineUpdater: set stopIndex = 17
2019-09-10 18:47:31,635 [grpc-default-executor-2] INFO  server.GrpcLogAppender (GrpcLogAppender.java:onCompleted(293)) - c2ec732c-be0e-46a5-a2ed-f7f9dc34e031@group-E9D835E888EB->6876bac9-11ad-40f6-880c-796bfc7745f2-AppendLogResponseHandler: follower responses appendEntries COMPLETED
2019-09-10 18:47:31,642 [grpc-default-executor-4] INFO  impl.FollowerInfo (FollowerInfo.java:lambda$new$0(51)) - c2ec732c-be0e-46a5-a2ed-f7f9dc34e031@group-E9D835E888EB->64e81ce6-88e4-4777-9780-87a208f38655: nextIndex: updateUnconditionally 25 -> 18
2019-09-10 18:47:31,640 [c2ec732c-be0e-46a5-a2ed-f7f9dc34e031@group-E9D835E888EB-StateMachineUpdater] INFO  ratis.ContainerStateMachine (ContainerStateMachine.java:takeSnapshot(289)) - group-E9D835E888EB: Taking a snapshot at:(t:1, i:17) file /workdir/hadoop-ozone/integration-test/target/test-dir/MiniOzoneClusterImpl-27fa055b-1dd0-4a05-b5b8-5375f262b16d/datanode-6/data/ratis/65f96a82-f013-4c2d-a357-e9d835e888eb/sm/snapshot.1_17
2019-09-10 18:47:31,644 [grpc-default-executor-2] INFO  impl.FollowerInfo (FollowerInfo.java:lambda$new$0(51)) - c2ec732c-be0e-46a5-a2ed-f7f9dc34e031@group-E9D835E888EB->6876bac9-11ad-40f6-880c-796bfc7745f2: nextIndex: updateUnconditionally 25 -> 18
2019-09-10 18:47:31,675 [c2ec732c-be0e-46a5-a2ed-f7f9dc34e031@group-E9D835E888EB-StateMachineUpdater] INFO  ratis.ContainerStateMachine (ContainerStateMachine.java:takeSnapshot(300)) - group-E9D835E888EB: Finished taking a snapshot at:(t:1, i:17) file:/workdir/hadoop-ozone/integration-test/target/test-dir/MiniOzoneClusterImpl-27fa055b-1dd0-4a05-b5b8-5375f262b16d/datanode-6/data/ratis/65f96a82-f013-4c2d-a357-e9d835e888eb/sm/snapshot.1_17 time:35
2019-09-10 18:47:31,675 [c2ec732c-be0e-46a5-a2ed-f7f9dc34e031@group-E9D835E888EB-StateMachineUpdater] INFO  impl.StateMachineUpdater (StateMachineUpdater.java:takeSnapshot(258)) - c2ec732c-be0e-46a5-a2ed-f7f9dc34e031@group-E9D835E888EB-StateMachineUpdater: Took a snapshot at index 17
2019-09-10 18:47:31,676 [c2ec732c-be0e-46a5-a2ed-f7f9dc34e031@group-E9D835E888EB-StateMachineUpdater] INFO  impl.StateMachineUpdater (StateMachineUpdater.java:lambda$new$0(83)) - c2ec732c-be0e-46a5-a2ed-f7f9dc34e031@group-E9D835E888EB-StateMachineUpdater: snapshotIndex: updateIncreasingly -1 -> 17
2019-09-10 18:47:31,676 [Command processor thread] ERROR commandhandler.CloseContainerCommandHandler (CloseContainerCommandHandler.java:handle(125)) - Can't close container #6
java.io.IOException: org.apache.ratis.protocol.GroupMismatchException: c2ec732c-be0e-46a5-a2ed-f7f9dc34e031: group-E9D835E888EB not found.
	at org.apache.hadoop.ozone.container.common.transport.server.ratis.XceiverServerRatis.submitRequest(XceiverServerRatis.java:502)
	at org.apache.hadoop.ozone.container.common.statemachine.commandhandler.CloseContainerCommandHandler.handle(CloseContainerCommandHandler.java:102)
	at org.apache.hadoop.ozone.container.common.statemachine.commandhandler.CommandDispatcher.handle(CommandDispatcher.java:99)
	at org.apache.hadoop.ozone.container.common.statemachine.DatanodeStateMachine.lambda$initCommandHandlerThread$1(DatanodeStateMachine.java:432)
	at java.lang.Thread.run(Thread.java:748)
Caused by: java.util.concurrent.ExecutionException: org.apache.ratis.protocol.GroupMismatchException: c2ec732c-be0e-46a5-a2ed-f7f9dc34e031: group-E9D835E888EB not found.
	at java.util.concurrent.CompletableFuture.reportGet(CompletableFuture.java:357)
	at java.util.concurrent.CompletableFuture.get(CompletableFuture.java:1895)
	at org.apache.hadoop.ozone.container.common.transport.server.ratis.XceiverServerRatis.submitRequest(XceiverServerRatis.java:500)
	... 4 more
Caused by: org.apache.ratis.protocol.GroupMismatchException: c2ec732c-be0e-46a5-a2ed-f7f9dc34e031: group-E9D835E888EB not found.
	at org.apache.ratis.server.impl.RaftServerProxy$ImplMap.get(RaftServerProxy.java:122)
	at org.apache.ratis.server.impl.RaftServerProxy.getImplFuture(RaftServerProxy.java:269)
	at org.apache.ratis.server.impl.RaftServerProxy.submitRequest(RaftServerProxy.java:327)
	at org.apache.ratis.server.impl.RaftServerProxy.submitClientRequestAsync(RaftServerProxy.java:333)
	... 5 more
2019-09-10 18:47:31,678 [grpc-default-executor-0] INFO  impl.RaftServerImpl (ServerState.java:close(385)) - c2ec732c-be0e-46a5-a2ed-f7f9dc34e031@group-E9D835E888EB: closes. applyIndex: 17
2019-09-10 18:47:31,682 [c2ec732c-be0e-46a5-a2ed-f7f9dc34e031@group-E9D835E888EB-SegmentedRaftLogWorker] ERROR ratis.XceiverServerRatis (XceiverServerRatis.java:triggerPipelineClose(575)) - pipeline Action CLOSE  on pipeline PipelineID=65f96a82-f013-4c2d-a357-e9d835e888eb.Reason : WriteLog:21: (t:1, i:21), STATEMACHINELOGENTRY, client-022477A8F022, cid=143-writeStateMachineData interrupted.
2019-09-10 18:47:31,685 [EventQueue-PipelineActionsForPipelineActionHandler] ERROR pipeline.PipelineActionHandler (PipelineActionHandler.java:onMessage(60)) - Received pipeline action CLOSE for Pipeline[ Id: 65f96a82-f013-4c2d-a357-e9d835e888eb, Nodes: 6876bac9-11ad-40f6-880c-796bfc7745f2{ip: 192.168.5.139, host: pr-hdds-1786-trunk-k6rzm-1803654198, networkLocation: /default-rack, certSerialId: null}64e81ce6-88e4-4777-9780-87a208f38655{ip: 192.168.5.139, host: pr-hdds-1786-trunk-k6rzm-1803654198, networkLocation: /default-rack, certSerialId: null}c2ec732c-be0e-46a5-a2ed-f7f9dc34e031{ip: 192.168.5.139, host: pr-hdds-1786-trunk-k6rzm-1803654198, networkLocation: /default-rack, certSerialId: null}, Type:RATIS, Factor:THREE, State:CLOSED] from datanode c2ec732c-be0e-46a5-a2ed-f7f9dc34e031{ip: 192.168.5.139, host: pr-hdds-1786-trunk-k6rzm-1803654198, networkLocation: /default-rack, certSerialId: null}. Reason : WriteLog:21: (t:1, i:21), STATEMACHINELOGENTRY, client-022477A8F022, cid=143-writeStateMachineData interrupted.
2019-09-10 18:47:31,685 [EventQueue-PipelineActionsForPipelineActionHandler] INFO  pipeline.SCMPipelineManager (SCMPipelineManager.java:finalizeAndDestroyPipeline(311)) - destroying pipeline:Pipeline[ Id: 65f96a82-f013-4c2d-a357-e9d835e888eb, Nodes: 6876bac9-11ad-40f6-880c-796bfc7745f2{ip: 192.168.5.139, host: pr-hdds-1786-trunk-k6rzm-1803654198, networkLocation: /default-rack, certSerialId: null}64e81ce6-88e4-4777-9780-87a208f38655{ip: 192.168.5.139, host: pr-hdds-1786-trunk-k6rzm-1803654198, networkLocation: /default-rack, certSerialId: null}c2ec732c-be0e-46a5-a2ed-f7f9dc34e031{ip: 192.168.5.139, host: pr-hdds-1786-trunk-k6rzm-1803654198, networkLocation: /default-rack, certSerialId: null}, Type:RATIS, Factor:THREE, State:CLOSED]
2019-09-10 18:47:31,692 [main] WARN  io.KeyOutputStream (KeyOutputStream.java:handleException(276)) - Encountered exception java.io.IOException: Unexpected Storage Container Exception: java.util.concurrent.CompletionException: java.util.concurrent.CompletionException: org.apache.ratis.protocol.GroupMismatchException: 6876bac9-11ad-40f6-880c-796bfc7745f2: group-E9D835E888EB not found. on the pipeline Pipeline[ Id: 65f96a82-f013-4c2d-a357-e9d835e888eb, Nodes: 6876bac9-11ad-40f6-880c-796bfc7745f2{ip: 192.168.5.139, host: pr-hdds-1786-trunk-k6rzm-1803654198, networkLocation: /default-rack, certSerialId: null}64e81ce6-88e4-4777-9780-87a208f38655{ip: 192.168.5.139, host: pr-hdds-1786-trunk-k6rzm-1803654198, networkLocation: /default-rack, certSerialId: null}c2ec732c-be0e-46a5-a2ed-f7f9dc34e031{ip: 192.168.5.139, host: pr-hdds-1786-trunk-k6rzm-1803654198, networkLocation: /default-rack, certSerialId: null}, Type:RATIS, Factor:THREE, State:OPEN]. The last committed block length is 0, uncommitted data length is 400 retry count 0
2019-09-10 18:47:31,699 [grpc-default-executor-0] INFO  segmented.SegmentedRaftLogWorker (SegmentedRaftLogWorker.java:close(228)) - c2ec732c-be0e-46a5-a2ed-f7f9dc34e031@group-E9D835E888EB-SegmentedRaftLogWorker close()
2019-09-10 18:47:31,722 [Command processor thread] ERROR commandhandler.CloseContainerCommandHandler (CloseContainerCommandHandler.java:handle(125)) - Can't close container #8
java.io.IOException: org.apache.ratis.protocol.GroupMismatchException: c2ec732c-be0e-46a5-a2ed-f7f9dc34e031: group-E9D835E888EB not found.
	at org.apache.hadoop.ozone.container.common.transport.server.ratis.XceiverServerRatis.submitRequest(XceiverServerRatis.java:502)
	at org.apache.hadoop.ozone.container.common.statemachine.commandhandler.CloseContainerCommandHandler.handle(CloseContainerCommandHandler.java:102)
	at org.apache.hadoop.ozone.container.common.statemachine.commandhandler.CommandDispatcher.handle(CommandDispatcher.java:99)
	at org.apache.hadoop.ozone.container.common.statemachine.DatanodeStateMachine.lambda$initCommandHandlerThread$1(DatanodeStateMachine.java:432)
	at java.lang.Thread.run(Thread.java:748)
Caused by: java.util.concurrent.ExecutionException: org.apache.ratis.protocol.GroupMismatchException: c2ec732c-be0e-46a5-a2ed-f7f9dc34e031: group-E9D835E888EB not found.
	at java.util.concurrent.CompletableFuture.reportGet(CompletableFuture.java:357)
	at java.util.concurrent.CompletableFuture.get(CompletableFuture.java:1895)
	at org.apache.hadoop.ozone.container.common.transport.server.ratis.XceiverServerRatis.submitRequest(XceiverServerRatis.java:500)
	... 4 more
Caused by: org.apache.ratis.protocol.GroupMismatchException: c2ec732c-be0e-46a5-a2ed-f7f9dc34e031: group-E9D835E888EB not found.
	at org.apache.ratis.server.impl.RaftServerProxy$ImplMap.get(RaftServerProxy.java:122)
	at org.apache.ratis.server.impl.RaftServerProxy.getImplFuture(RaftServerProxy.java:269)
	at org.apache.ratis.server.impl.RaftServerProxy.submitRequest(RaftServerProxy.java:327)
	at org.apache.ratis.server.impl.RaftServerProxy.submitClientRequestAsync(RaftServerProxy.java:333)
	... 5 more
2019-09-10 18:47:31,734 [grpc-default-executor-0] INFO  interfaces.Container (KeyValueContainer.java:flushAndSyncDB(386)) - Container 1 is synced with bcsId 4.
2019-09-10 18:47:31,734 [grpc-default-executor-0] INFO  interfaces.Container (KeyValueContainer.java:flushAndSyncDB(386)) - Container 1 is synced with bcsId 4.
2019-09-10 18:47:31,734 [grpc-default-executor-4] INFO  client.GrpcClientProtocolClient (GrpcClientProtocolClient.java:onNext(264)) - client-68C21E218C06->4d5e76d1-94b4-4344-b272-620ca499a368: receive RaftClientReply:client-68C21E218C06->4d5e76d1-94b4-4344-b272-620ca499a368@group-FDDBAA2E873F, cid=239, FAILED org.apache.ratis.protocol.NotLeaderException: Server 4d5e76d1-94b4-4344-b272-620ca499a368@group-FDDBAA2E873F is not the leader a2905edf-b9c1-421a-8807-b5d3e2a2f0d1:192.168.5.139:42187, logIndex=0, commits[4d5e76d1-94b4-4344-b272-620ca499a368:c4, b72696e0-9c4e-4740-8bcd-ca4650f90538:c4, a2905edf-b9c1-421a-8807-b5d3e2a2f0d1:c4]
2019-09-10 18:47:31,786 [grpc-default-executor-0] INFO  interfaces.Container (KeyValueContainer.java:flushAndSyncDB(386)) - Container 6 is synced with bcsId 13.
2019-09-10 18:47:31,787 [grpc-default-executor-0] INFO  interfaces.Container (KeyValueContainer.java:flushAndSyncDB(386)) - Container 6 is synced with bcsId 13.
2019-09-10 18:47:31,968 [grpc-default-executor-0] INFO  interfaces.Container (KeyValueContainer.java:flushAndSyncDB(386)) - Container 8 is synced with bcsId 0.
2019-09-10 18:47:31,968 [grpc-default-executor-0] INFO  interfaces.Container (KeyValueContainer.java:flushAndSyncDB(386)) - Container 8 is synced with bcsId 0.
2019-09-10 18:47:32,002 [grpc-default-executor-4] INFO  client.GrpcClientProtocolClient (GrpcClientProtocolClient.java:onNext(264)) - client-68C21E218C06->a2905edf-b9c1-421a-8807-b5d3e2a2f0d1: receive RaftClientReply:client-68C21E218C06->a2905edf-b9c1-421a-8807-b5d3e2a2f0d1@group-FDDBAA2E873F, cid=239, SUCCESS, logIndex=5, commits[a2905edf-b9c1-421a-8807-b5d3e2a2f0d1:c5, b72696e0-9c4e-4740-8bcd-ca4650f90538:c4, 4d5e76d1-94b4-4344-b272-620ca499a368:c5]
2019-09-10 18:47:32,009 [RatisPipelineUtilsThread] INFO  pipeline.PipelineStateManager (PipelineStateManager.java:removePipeline(108)) - Pipeline Pipeline[ Id: 65f96a82-f013-4c2d-a357-e9d835e888eb, Nodes: 6876bac9-11ad-40f6-880c-796bfc7745f2{ip: 192.168.5.139, host: pr-hdds-1786-trunk-k6rzm-1803654198, networkLocation: /default-rack, certSerialId: null}64e81ce6-88e4-4777-9780-87a208f38655{ip: 192.168.5.139, host: pr-hdds-1786-trunk-k6rzm-1803654198, networkLocation: /default-rack, certSerialId: null}c2ec732c-be0e-46a5-a2ed-f7f9dc34e031{ip: 192.168.5.139, host: pr-hdds-1786-trunk-k6rzm-1803654198, networkLocation: /default-rack, certSerialId: null}, Type:RATIS, Factor:THREE, State:CLOSED] removed from db
2019-09-10 18:47:32,021 [grpc-default-executor-4] INFO  impl.RaftServerProxy (RaftServerProxy.java:addNew(89)) - c2ec732c-be0e-46a5-a2ed-f7f9dc34e031: addNew group-AFA1CA3D531E:[c2ec732c-be0e-46a5-a2ed-f7f9dc34e031:192.168.5.139:45554, 6876bac9-11ad-40f6-880c-796bfc7745f2:192.168.5.139:37653, 64e81ce6-88e4-4777-9780-87a208f38655:192.168.5.139:44745] returns group-AFA1CA3D531E:java.util.concurrent.CompletableFuture@513b73be[Not completed]
2019-09-10 18:47:32,021 [grpc-default-executor-2] INFO  impl.RaftServerProxy (RaftServerProxy.java:addNew(89)) - 64e81ce6-88e4-4777-9780-87a208f38655: addNew group-AFA1CA3D531E:[c2ec732c-be0e-46a5-a2ed-f7f9dc34e031:192.168.5.139:45554, 6876bac9-11ad-40f6-880c-796bfc7745f2:192.168.5.139:37653, 64e81ce6-88e4-4777-9780-87a208f38655:192.168.5.139:44745] returns group-AFA1CA3D531E:java.util.concurrent.CompletableFuture@26ee51b7[Not completed]
2019-09-10 18:47:32,021 [grpc-default-executor-6] INFO  impl.RaftServerProxy (RaftServerProxy.java:addNew(89)) - 6876bac9-11ad-40f6-880c-796bfc7745f2: addNew group-AFA1CA3D531E:[c2ec732c-be0e-46a5-a2ed-f7f9dc34e031:192.168.5.139:45554, 6876bac9-11ad-40f6-880c-796bfc7745f2:192.168.5.139:37653, 64e81ce6-88e4-4777-9780-87a208f38655:192.168.5.139:44745] returns group-AFA1CA3D531E:java.util.concurrent.CompletableFuture@374b6e63[Not completed]
2019-09-10 18:47:32,024 [pool-87-thread-1] INFO  impl.RaftServerImpl (RaftServerImpl.java:<init>(95)) - c2ec732c-be0e-46a5-a2ed-f7f9dc34e031: new RaftServerImpl for group-AFA1CA3D531E:[c2ec732c-be0e-46a5-a2ed-f7f9dc34e031:192.168.5.139:45554, 6876bac9-11ad-40f6-880c-796bfc7745f2:192.168.5.139:37653, 64e81ce6-88e4-4777-9780-87a208f38655:192.168.5.139:44745] with ContainerStateMachine:uninitialized
2019-09-10 18:47:32,024 [pool-87-thread-1] INFO  server.RaftServerConfigKeys (ConfUtils.java:logGet(43)) - raft.server.rpc.timeout.min = 5s (custom)
2019-09-10 18:47:32,024 [pool-87-thread-1] INFO  server.RaftServerConfigKeys (ConfUtils.java:logGet(43)) - raft.server.rpc.timeout.max = 5200ms (custom)
2019-09-10 18:47:32,024 [pool-87-thread-1] INFO  server.RaftServerConfigKeys (ConfUtils.java:logGet(43)) - raft.server.rpcslowness.timeout = 120s (custom)
2019-09-10 18:47:32,024 [pool-87-thread-1] INFO  server.RaftServerConfigKeys (ConfUtils.java:logGet(43)) - raft.server.sleep.deviation.threshold = 300 (default)
2019-09-10 18:47:32,024 [pool-27-thread-1] INFO  impl.RaftServerImpl (RaftServerImpl.java:<init>(95)) - 64e81ce6-88e4-4777-9780-87a208f38655: new RaftServerImpl for group-AFA1CA3D531E:[c2ec732c-be0e-46a5-a2ed-f7f9dc34e031:192.168.5.139:45554, 6876bac9-11ad-40f6-880c-796bfc7745f2:192.168.5.139:37653, 64e81ce6-88e4-4777-9780-87a208f38655:192.168.5.139:44745] with ContainerStateMachine:uninitialized
2019-09-10 18:47:32,025 [pool-87-thread-1] INFO  server.RaftServerConfigKeys (ConfUtils.java:logGet(43)) - raft.server.log.appender.install.snapshot.enabled = false (custom)
2019-09-10 18:47:32,025 [pool-27-thread-1] INFO  server.RaftServerConfigKeys (ConfUtils.java:logGet(43)) - raft.server.rpc.timeout.min = 5s (custom)
2019-09-10 18:47:32,025 [pool-87-thread-1] INFO  impl.RaftServerImpl (ServerState.java:<init>(103)) - c2ec732c-be0e-46a5-a2ed-f7f9dc34e031@group-AFA1CA3D531E: ConfigurationManager, init=-1: [c2ec732c-be0e-46a5-a2ed-f7f9dc34e031:192.168.5.139:45554, 6876bac9-11ad-40f6-880c-796bfc7745f2:192.168.5.139:37653, 64e81ce6-88e4-4777-9780-87a208f38655:192.168.5.139:44745], old=null, confs=<EMPTY_MAP>
2019-09-10 18:47:32,025 [pool-27-thread-1] INFO  server.RaftServerConfigKeys (ConfUtils.java:logGet(43)) - raft.server.rpc.timeout.max = 5200ms (custom)
2019-09-10 18:47:32,025 [pool-27-thread-1] INFO  server.RaftServerConfigKeys (ConfUtils.java:logGet(43)) - raft.server.rpcslowness.timeout = 120s (custom)
2019-09-10 18:47:32,025 [pool-87-thread-1] INFO  server.RaftServerConfigKeys (ConfUtils.java:logGet(43)) - raft.server.storage.dir = [/workdir/hadoop-ozone/integration-test/target/test-dir/MiniOzoneClusterImpl-27fa055b-1dd0-4a05-b5b8-5375f262b16d/datanode-6/data/ratis] (custom)
2019-09-10 18:47:32,025 [pool-47-thread-1] INFO  impl.RaftServerImpl (RaftServerImpl.java:<init>(95)) - 6876bac9-11ad-40f6-880c-796bfc7745f2: new RaftServerImpl for group-AFA1CA3D531E:[c2ec732c-be0e-46a5-a2ed-f7f9dc34e031:192.168.5.139:45554, 6876bac9-11ad-40f6-880c-796bfc7745f2:192.168.5.139:37653, 64e81ce6-88e4-4777-9780-87a208f38655:192.168.5.139:44745] with ContainerStateMachine:uninitialized
2019-09-10 18:47:32,025 [pool-27-thread-1] INFO  server.RaftServerConfigKeys (ConfUtils.java:logGet(43)) - raft.server.sleep.deviation.threshold = 300 (default)
2019-09-10 18:47:32,026 [pool-47-thread-1] INFO  server.RaftServerConfigKeys (ConfUtils.java:logGet(43)) - raft.server.rpc.timeout.min = 5s (custom)
2019-09-10 18:47:32,026 [pool-27-thread-1] INFO  server.RaftServerConfigKeys (ConfUtils.java:logGet(43)) - raft.server.log.appender.install.snapshot.enabled = false (custom)
2019-09-10 18:47:32,026 [pool-87-thread-1] INFO  storage.RaftStorageDirectory (RaftStorageDirectory.java:analyzeStorage(246)) - The storage directory /workdir/hadoop-ozone/integration-test/target/test-dir/MiniOzoneClusterImpl-27fa055b-1dd0-4a05-b5b8-5375f262b16d/datanode-6/data/ratis/0c0771c6-7c05-4fdf-80ae-afa1ca3d531e does not exist. Creating ...
2019-09-10 18:47:32,026 [pool-47-thread-1] INFO  server.RaftServerConfigKeys (ConfUtils.java:logGet(43)) - raft.server.rpc.timeout.max = 5200ms (custom)
2019-09-10 18:47:32,026 [pool-27-thread-1] INFO  impl.RaftServerImpl (ServerState.java:<init>(103)) - 64e81ce6-88e4-4777-9780-87a208f38655@group-AFA1CA3D531E: ConfigurationManager, init=-1: [c2ec732c-be0e-46a5-a2ed-f7f9dc34e031:192.168.5.139:45554, 6876bac9-11ad-40f6-880c-796bfc7745f2:192.168.5.139:37653, 64e81ce6-88e4-4777-9780-87a208f38655:192.168.5.139:44745], old=null, confs=<EMPTY_MAP>
2019-09-10 18:47:32,027 [pool-47-thread-1] INFO  server.RaftServerConfigKeys (ConfUtils.java:logGet(43)) - raft.server.rpcslowness.timeout = 120s (custom)
2019-09-10 18:47:32,027 [pool-27-thread-1] INFO  server.RaftServerConfigKeys (ConfUtils.java:logGet(43)) - raft.server.storage.dir = [/workdir/hadoop-ozone/integration-test/target/test-dir/MiniOzoneClusterImpl-27fa055b-1dd0-4a05-b5b8-5375f262b16d/datanode-0/data/ratis] (custom)
2019-09-10 18:47:32,027 [pool-47-thread-1] INFO  server.RaftServerConfigKeys (ConfUtils.java:logGet(43)) - raft.server.sleep.deviation.threshold = 300 (default)
2019-09-10 18:47:32,030 [pool-47-thread-1] INFO  server.RaftServerConfigKeys (ConfUtils.java:logGet(43)) - raft.server.log.appender.install.snapshot.enabled = false (custom)
2019-09-10 18:47:32,030 [pool-47-thread-1] INFO  impl.RaftServerImpl (ServerState.java:<init>(103)) - 6876bac9-11ad-40f6-880c-796bfc7745f2@group-AFA1CA3D531E: ConfigurationManager, init=-1: [c2ec732c-be0e-46a5-a2ed-f7f9dc34e031:192.168.5.139:45554, 6876bac9-11ad-40f6-880c-796bfc7745f2:192.168.5.139:37653, 64e81ce6-88e4-4777-9780-87a208f38655:192.168.5.139:44745], old=null, confs=<EMPTY_MAP>
2019-09-10 18:47:32,031 [pool-47-thread-1] INFO  server.RaftServerConfigKeys (ConfUtils.java:logGet(43)) - raft.server.storage.dir = [/workdir/hadoop-ozone/integration-test/target/test-dir/MiniOzoneClusterImpl-27fa055b-1dd0-4a05-b5b8-5375f262b16d/datanode-2/data/ratis] (custom)
2019-09-10 18:47:32,031 [pool-47-thread-1] INFO  storage.RaftStorageDirectory (RaftStorageDirectory.java:analyzeStorage(246)) - The storage directory /workdir/hadoop-ozone/integration-test/target/test-dir/MiniOzoneClusterImpl-27fa055b-1dd0-4a05-b5b8-5375f262b16d/datanode-2/data/ratis/0c0771c6-7c05-4fdf-80ae-afa1ca3d531e does not exist. Creating ...
2019-09-10 18:47:32,031 [grpc-default-executor-4] INFO  client.GrpcClientProtocolClient (GrpcClientProtocolClient.java:onNext(264)) - client-68C21E218C06->a2905edf-b9c1-421a-8807-b5d3e2a2f0d1: receive RaftClientReply:client-68C21E218C06->a2905edf-b9c1-421a-8807-b5d3e2a2f0d1@group-FDDBAA2E873F, cid=240, SUCCESS, logIndex=7, commits[a2905edf-b9c1-421a-8807-b5d3e2a2f0d1:c8, b72696e0-9c4e-4740-8bcd-ca4650f90538:c6, 4d5e76d1-94b4-4344-b272-620ca499a368:c6]
2019-09-10 18:47:32,031 [pool-27-thread-1] INFO  storage.RaftStorageDirectory (RaftStorageDirectory.java:analyzeStorage(246)) - The storage directory /workdir/hadoop-ozone/integration-test/target/test-dir/MiniOzoneClusterImpl-27fa055b-1dd0-4a05-b5b8-5375f262b16d/datanode-0/data/ratis/0c0771c6-7c05-4fdf-80ae-afa1ca3d531e does not exist. Creating ...
2019-09-10 18:47:32,044 [pool-87-thread-1] INFO  storage.RaftStorageDirectory (RaftStorageDirectory.java:tryLock(328)) - Lock on /workdir/hadoop-ozone/integration-test/target/test-dir/MiniOzoneClusterImpl-27fa055b-1dd0-4a05-b5b8-5375f262b16d/datanode-6/data/ratis/0c0771c6-7c05-4fdf-80ae-afa1ca3d531e/in_use.lock acquired by nodename 6168@pr-hdds-1786-trunk-k6rzm-1803654198
2019-09-10 18:47:32,062 [pool-47-thread-1] INFO  storage.RaftStorageDirectory (RaftStorageDirectory.java:tryLock(328)) - Lock on /workdir/hadoop-ozone/integration-test/target/test-dir/MiniOzoneClusterImpl-27fa055b-1dd0-4a05-b5b8-5375f262b16d/datanode-2/data/ratis/0c0771c6-7c05-4fdf-80ae-afa1ca3d531e/in_use.lock acquired by nodename 6168@pr-hdds-1786-trunk-k6rzm-1803654198
2019-09-10 18:47:32,062 [pool-87-thread-1] INFO  storage.RaftStorage (RaftStorage.java:format(72)) - Storage directory /workdir/hadoop-ozone/integration-test/target/test-dir/MiniOzoneClusterImpl-27fa055b-1dd0-4a05-b5b8-5375f262b16d/datanode-6/data/ratis/0c0771c6-7c05-4fdf-80ae-afa1ca3d531e has been successfully formatted.
2019-09-10 18:47:32,062 [pool-27-thread-1] INFO  storage.RaftStorageDirectory (RaftStorageDirectory.java:tryLock(328)) - Lock on /workdir/hadoop-ozone/integration-test/target/test-dir/MiniOzoneClusterImpl-27fa055b-1dd0-4a05-b5b8-5375f262b16d/datanode-0/data/ratis/0c0771c6-7c05-4fdf-80ae-afa1ca3d531e/in_use.lock acquired by nodename 6168@pr-hdds-1786-trunk-k6rzm-1803654198
2019-09-10 18:47:32,062 [pool-87-thread-1] INFO  ratis.ContainerStateMachine (ContainerStateMachine.java:loadSnapshot(230)) - group-AFA1CA3D531E: The snapshot info is null. Setting the last applied indexto:(t:0, i:~)
2019-09-10 18:47:32,062 [pool-87-thread-1] INFO  server.RaftServerConfigKeys (ConfUtils.java:logGet(43)) - raft.server.notification.no-leader.timeout = 120s (custom)
2019-09-10 18:47:32,062 [pool-87-thread-1] INFO  server.RaftServerConfigKeys (ConfUtils.java:logGet(43)) - raft.server.log.use.memory = false (default)
2019-09-10 18:47:32,062 [pool-87-thread-1] INFO  server.RaftServerConfigKeys (ConfUtils.java:logGet(43)) - raft.server.log.purge.gap = 1000000 (custom)
2019-09-10 18:47:32,063 [pool-87-thread-1] INFO  server.RaftServerConfigKeys (ConfUtils.java:logGet(43)) - raft.server.log.appender.buffer.byte-limit = 33554432 (custom)
2019-09-10 18:47:32,063 [pool-87-thread-1] INFO  server.RaftServerConfigKeys (ConfUtils.java:logGet(43)) - raft.server.log.segment.size.max = 1048576 (custom)
2019-09-10 18:47:32,063 [pool-87-thread-1] INFO  server.RaftServerConfigKeys (ConfUtils.java:logGet(43)) - raft.server.log.segment.cache.num.max = 2 (custom)
2019-09-10 18:47:32,063 [pool-87-thread-1] INFO  segmented.SegmentedRaftLogWorker (SegmentedRaftLogWorker.java:<init>(172)) - new c2ec732c-be0e-46a5-a2ed-f7f9dc34e031@group-AFA1CA3D531E-SegmentedRaftLogWorker for RaftStorage:Storage Directory /workdir/hadoop-ozone/integration-test/target/test-dir/MiniOzoneClusterImpl-27fa055b-1dd0-4a05-b5b8-5375f262b16d/datanode-6/data/ratis/0c0771c6-7c05-4fdf-80ae-afa1ca3d531e
2019-09-10 18:47:32,063 [pool-87-thread-1] INFO  server.RaftServerConfigKeys (ConfUtils.java:logGet(43)) - raft.server.log.queue.byte-limit = 2147483647 (custom)
2019-09-10 18:47:32,063 [pool-87-thread-1] INFO  server.RaftServerConfigKeys (ConfUtils.java:logGet(43)) - raft.server.log.queue.element-limit = 1024 (custom)
2019-09-10 18:47:32,063 [pool-87-thread-1] INFO  server.RaftServerConfigKeys (ConfUtils.java:logGet(43)) - raft.server.log.segment.size.max = 1048576 (custom)
2019-09-10 18:47:32,063 [pool-87-thread-1] INFO  server.RaftServerConfigKeys (ConfUtils.java:logGet(43)) - raft.server.log.preallocated.size = 16384 (custom)
2019-09-10 18:47:32,063 [pool-87-thread-1] INFO  server.RaftServerConfigKeys (ConfUtils.java:logGet(43)) - raft.server.log.write.buffer.size = 33554432 (custom)
2019-09-10 18:47:32,063 [pool-87-thread-1] INFO  server.RaftServerConfigKeys (ConfUtils.java:logGet(43)) - raft.server.log.force.sync.num = 128 (default)
2019-09-10 18:47:32,064 [pool-87-thread-1] INFO  server.RaftServerConfigKeys (ConfUtils.java:logGet(43)) - raft.server.log.statemachine.data.sync = true (default)
2019-09-10 18:47:32,064 [pool-87-thread-1] INFO  server.RaftServerConfigKeys (ConfUtils.java:logGet(43)) - raft.server.log.statemachine.data.sync.timeout = 10s (default)
2019-09-10 18:47:32,064 [pool-87-thread-1] INFO  server.RaftServerConfigKeys (ConfUtils.java:logGet(43)) - raft.server.log.statemachine.data.sync.timeout.retry = -1 (default)
2019-09-10 18:47:32,064 [pool-87-thread-1] INFO  server.RaftServerConfigKeys (ConfUtils.java:logGet(43)) - raft.server.log.statemachine.data.caching.enabled = true (custom)
2019-09-10 18:47:32,064 [pool-87-thread-1] INFO  segmented.SegmentedRaftLogWorker (SegmentedRaftLogWorker.java:lambda$new$0(132)) - c2ec732c-be0e-46a5-a2ed-f7f9dc34e031@group-AFA1CA3D531E-SegmentedRaftLogWorker: flushIndex: setUnconditionally 0 -> -1
2019-09-10 18:47:32,064 [pool-87-thread-1] INFO  server.RaftServerConfigKeys (ConfUtils.java:logGet(43)) - raft.server.snapshot.auto.trigger.enabled = true (custom)
2019-09-10 18:47:32,064 [pool-87-thread-1] INFO  server.RaftServerConfigKeys (ConfUtils.java:logGet(43)) - raft.server.snapshot.auto.trigger.threshold = 10000 (custom)
2019-09-10 18:47:32,065 [pool-87-thread-1] INFO  server.RaftServerConfigKeys (ConfUtils.java:logGet(43)) - raft.server.snapshot.retention.num.files = 5 (custom)
2019-09-10 18:47:32,065 [pool-87-thread-1] INFO  server.RaftServerConfigKeys (ConfUtils.java:logGet(43)) - raft.server.retrycache.expirytime = 600000ms (custom)
2019-09-10 18:47:32,067 [pool-87-thread-1] INFO  impl.RaftServerImpl (RaftServerImpl.java:start(185)) - c2ec732c-be0e-46a5-a2ed-f7f9dc34e031@group-AFA1CA3D531E: start as a follower, conf=-1: [c2ec732c-be0e-46a5-a2ed-f7f9dc34e031:192.168.5.139:45554, 6876bac9-11ad-40f6-880c-796bfc7745f2:192.168.5.139:37653, 64e81ce6-88e4-4777-9780-87a208f38655:192.168.5.139:44745], old=null
2019-09-10 18:47:32,067 [pool-87-thread-1] INFO  impl.RaftServerImpl (RaftServerImpl.java:setRole(174)) - c2ec732c-be0e-46a5-a2ed-f7f9dc34e031@group-AFA1CA3D531E: changes role from      null to FOLLOWER at term 0 for startAsFollower
2019-09-10 18:47:32,067 [pool-87-thread-1] INFO  impl.RoleInfo (RoleInfo.java:updateAndGet(143)) - c2ec732c-be0e-46a5-a2ed-f7f9dc34e031: start FollowerState
2019-09-10 18:47:32,081 [pool-87-thread-1] INFO  util.JmxRegister (JmxRegister.java:tryRegister(44)) - Successfully registered JMX Bean with object name Ratis:service=RaftServer,group=group-AFA1CA3D531E,id=c2ec732c-be0e-46a5-a2ed-f7f9dc34e031
2019-09-10 18:47:32,088 [pool-27-thread-1] INFO  storage.RaftStorage (RaftStorage.java:format(72)) - Storage directory /workdir/hadoop-ozone/integration-test/target/test-dir/MiniOzoneClusterImpl-27fa055b-1dd0-4a05-b5b8-5375f262b16d/datanode-0/data/ratis/0c0771c6-7c05-4fdf-80ae-afa1ca3d531e has been successfully formatted.
2019-09-10 18:47:32,088 [pool-27-thread-1] INFO  ratis.ContainerStateMachine (ContainerStateMachine.java:loadSnapshot(230)) - group-AFA1CA3D531E: The snapshot info is null. Setting the last applied indexto:(t:0, i:~)
2019-09-10 18:47:32,088 [pool-27-thread-1] INFO  server.RaftServerConfigKeys (ConfUtils.java:logGet(43)) - raft.server.notification.no-leader.timeout = 120s (custom)
2019-09-10 18:47:32,089 [pool-27-thread-1] INFO  server.RaftServerConfigKeys (ConfUtils.java:logGet(43)) - raft.server.log.use.memory = false (default)
2019-09-10 18:47:32,089 [pool-27-thread-1] INFO  server.RaftServerConfigKeys (ConfUtils.java:logGet(43)) - raft.server.log.purge.gap = 1000000 (custom)
2019-09-10 18:47:32,089 [pool-27-thread-1] INFO  server.RaftServerConfigKeys (ConfUtils.java:logGet(43)) - raft.server.log.appender.buffer.byte-limit = 33554432 (custom)
2019-09-10 18:47:32,089 [pool-27-thread-1] INFO  server.RaftServerConfigKeys (ConfUtils.java:logGet(43)) - raft.server.log.segment.size.max = 1048576 (custom)
2019-09-10 18:47:32,089 [pool-27-thread-1] INFO  server.RaftServerConfigKeys (ConfUtils.java:logGet(43)) - raft.server.log.segment.cache.num.max = 2 (custom)
2019-09-10 18:47:32,089 [pool-27-thread-1] INFO  segmented.SegmentedRaftLogWorker (SegmentedRaftLogWorker.java:<init>(172)) - new 64e81ce6-88e4-4777-9780-87a208f38655@group-AFA1CA3D531E-SegmentedRaftLogWorker for RaftStorage:Storage Directory /workdir/hadoop-ozone/integration-test/target/test-dir/MiniOzoneClusterImpl-27fa055b-1dd0-4a05-b5b8-5375f262b16d/datanode-0/data/ratis/0c0771c6-7c05-4fdf-80ae-afa1ca3d531e
2019-09-10 18:47:32,089 [pool-27-thread-1] INFO  server.RaftServerConfigKeys (ConfUtils.java:logGet(43)) - raft.server.log.queue.byte-limit = 2147483647 (custom)
2019-09-10 18:47:32,089 [pool-27-thread-1] INFO  server.RaftServerConfigKeys (ConfUtils.java:logGet(43)) - raft.server.log.queue.element-limit = 1024 (custom)
2019-09-10 18:47:32,090 [pool-27-thread-1] INFO  server.RaftServerConfigKeys (ConfUtils.java:logGet(43)) - raft.server.log.segment.size.max = 1048576 (custom)
2019-09-10 18:47:32,090 [pool-27-thread-1] INFO  server.RaftServerConfigKeys (ConfUtils.java:logGet(43)) - raft.server.log.preallocated.size = 16384 (custom)
2019-09-10 18:47:32,090 [pool-27-thread-1] INFO  server.RaftServerConfigKeys (ConfUtils.java:logGet(43)) - raft.server.log.write.buffer.size = 33554432 (custom)
2019-09-10 18:47:32,090 [pool-27-thread-1] INFO  server.RaftServerConfigKeys (ConfUtils.java:logGet(43)) - raft.server.log.force.sync.num = 128 (default)
2019-09-10 18:47:32,090 [pool-27-thread-1] INFO  server.RaftServerConfigKeys (ConfUtils.java:logGet(43)) - raft.server.log.statemachine.data.sync = true (default)
2019-09-10 18:47:32,090 [pool-27-thread-1] INFO  server.RaftServerConfigKeys (ConfUtils.java:logGet(43)) - raft.server.log.statemachine.data.sync.timeout = 10s (default)
2019-09-10 18:47:32,090 [pool-27-thread-1] INFO  server.RaftServerConfigKeys (ConfUtils.java:logGet(43)) - raft.server.log.statemachine.data.sync.timeout.retry = -1 (default)
2019-09-10 18:47:32,090 [pool-27-thread-1] INFO  server.RaftServerConfigKeys (ConfUtils.java:logGet(43)) - raft.server.log.statemachine.data.caching.enabled = true (custom)
2019-09-10 18:47:32,090 [pool-27-thread-1] INFO  segmented.SegmentedRaftLogWorker (SegmentedRaftLogWorker.java:lambda$new$0(132)) - 64e81ce6-88e4-4777-9780-87a208f38655@group-AFA1CA3D531E-SegmentedRaftLogWorker: flushIndex: setUnconditionally 0 -> -1
2019-09-10 18:47:32,091 [pool-27-thread-1] INFO  server.RaftServerConfigKeys (ConfUtils.java:logGet(43)) - raft.server.snapshot.auto.trigger.enabled = true (custom)
2019-09-10 18:47:32,091 [pool-27-thread-1] INFO  server.RaftServerConfigKeys (ConfUtils.java:logGet(43)) - raft.server.snapshot.auto.trigger.threshold = 10000 (custom)
2019-09-10 18:47:32,091 [pool-27-thread-1] INFO  server.RaftServerConfigKeys (ConfUtils.java:logGet(43)) - raft.server.snapshot.retention.num.files = 5 (custom)
2019-09-10 18:47:32,091 [pool-27-thread-1] INFO  server.RaftServerConfigKeys (ConfUtils.java:logGet(43)) - raft.server.retrycache.expirytime = 600000ms (custom)
2019-09-10 18:47:32,093 [pool-27-thread-1] INFO  impl.RaftServerImpl (RaftServerImpl.java:start(185)) - 64e81ce6-88e4-4777-9780-87a208f38655@group-AFA1CA3D531E: start as a follower, conf=-1: [c2ec732c-be0e-46a5-a2ed-f7f9dc34e031:192.168.5.139:45554, 6876bac9-11ad-40f6-880c-796bfc7745f2:192.168.5.139:37653, 64e81ce6-88e4-4777-9780-87a208f38655:192.168.5.139:44745], old=null
2019-09-10 18:47:32,093 [pool-27-thread-1] INFO  impl.RaftServerImpl (RaftServerImpl.java:setRole(174)) - 64e81ce6-88e4-4777-9780-87a208f38655@group-AFA1CA3D531E: changes role from      null to FOLLOWER at term 0 for startAsFollower
2019-09-10 18:47:32,093 [pool-27-thread-1] INFO  impl.RoleInfo (RoleInfo.java:updateAndGet(143)) - 64e81ce6-88e4-4777-9780-87a208f38655: start FollowerState
2019-09-10 18:47:32,094 [pool-27-thread-1] INFO  util.JmxRegister (JmxRegister.java:tryRegister(44)) - Successfully registered JMX Bean with object name Ratis:service=RaftServer,group=group-AFA1CA3D531E,id=64e81ce6-88e4-4777-9780-87a208f38655
2019-09-10 18:47:32,096 [pool-47-thread-1] INFO  storage.RaftStorage (RaftStorage.java:format(72)) - Storage directory /workdir/hadoop-ozone/integration-test/target/test-dir/MiniOzoneClusterImpl-27fa055b-1dd0-4a05-b5b8-5375f262b16d/datanode-2/data/ratis/0c0771c6-7c05-4fdf-80ae-afa1ca3d531e has been successfully formatted.
2019-09-10 18:47:32,096 [pool-47-thread-1] INFO  ratis.ContainerStateMachine (ContainerStateMachine.java:loadSnapshot(230)) - group-AFA1CA3D531E: The snapshot info is null. Setting the last applied indexto:(t:0, i:~)
2019-09-10 18:47:32,097 [pool-47-thread-1] INFO  server.RaftServerConfigKeys (ConfUtils.java:logGet(43)) - raft.server.notification.no-leader.timeout = 120s (custom)
2019-09-10 18:47:32,097 [pool-47-thread-1] INFO  server.RaftServerConfigKeys (ConfUtils.java:logGet(43)) - raft.server.log.use.memory = false (default)
2019-09-10 18:47:32,097 [pool-47-thread-1] INFO  server.RaftServerConfigKeys (ConfUtils.java:logGet(43)) - raft.server.log.purge.gap = 1000000 (custom)
2019-09-10 18:47:32,097 [pool-47-thread-1] INFO  server.RaftServerConfigKeys (ConfUtils.java:logGet(43)) - raft.server.log.appender.buffer.byte-limit = 33554432 (custom)
2019-09-10 18:47:32,097 [pool-47-thread-1] INFO  server.RaftServerConfigKeys (ConfUtils.java:logGet(43)) - raft.server.log.segment.size.max = 1048576 (custom)
2019-09-10 18:47:32,097 [pool-47-thread-1] INFO  server.RaftServerConfigKeys (ConfUtils.java:logGet(43)) - raft.server.log.segment.cache.num.max = 2 (custom)
2019-09-10 18:47:32,097 [pool-47-thread-1] INFO  segmented.SegmentedRaftLogWorker (SegmentedRaftLogWorker.java:<init>(172)) - new 6876bac9-11ad-40f6-880c-796bfc7745f2@group-AFA1CA3D531E-SegmentedRaftLogWorker for RaftStorage:Storage Directory /workdir/hadoop-ozone/integration-test/target/test-dir/MiniOzoneClusterImpl-27fa055b-1dd0-4a05-b5b8-5375f262b16d/datanode-2/data/ratis/0c0771c6-7c05-4fdf-80ae-afa1ca3d531e
2019-09-10 18:47:32,098 [pool-47-thread-1] INFO  server.RaftServerConfigKeys (ConfUtils.java:logGet(43)) - raft.server.log.queue.byte-limit = 2147483647 (custom)
2019-09-10 18:47:32,098 [pool-47-thread-1] INFO  server.RaftServerConfigKeys (ConfUtils.java:logGet(43)) - raft.server.log.queue.element-limit = 1024 (custom)
2019-09-10 18:47:32,098 [pool-47-thread-1] INFO  server.RaftServerConfigKeys (ConfUtils.java:logGet(43)) - raft.server.log.segment.size.max = 1048576 (custom)
2019-09-10 18:47:32,098 [pool-47-thread-1] INFO  server.RaftServerConfigKeys (ConfUtils.java:logGet(43)) - raft.server.log.preallocated.size = 16384 (custom)
2019-09-10 18:47:32,098 [pool-47-thread-1] INFO  server.RaftServerConfigKeys (ConfUtils.java:logGet(43)) - raft.server.log.write.buffer.size = 33554432 (custom)
2019-09-10 18:47:32,098 [pool-47-thread-1] INFO  server.RaftServerConfigKeys (ConfUtils.java:logGet(43)) - raft.server.log.force.sync.num = 128 (default)
2019-09-10 18:47:32,098 [pool-47-thread-1] INFO  server.RaftServerConfigKeys (ConfUtils.java:logGet(43)) - raft.server.log.statemachine.data.sync = true (default)
2019-09-10 18:47:32,098 [pool-47-thread-1] INFO  server.RaftServerConfigKeys (ConfUtils.java:logGet(43)) - raft.server.log.statemachine.data.sync.timeout = 10s (default)
2019-09-10 18:47:32,099 [pool-47-thread-1] INFO  server.RaftServerConfigKeys (ConfUtils.java:logGet(43)) - raft.server.log.statemachine.data.sync.timeout.retry = -1 (default)
2019-09-10 18:47:32,099 [pool-47-thread-1] INFO  server.RaftServerConfigKeys (ConfUtils.java:logGet(43)) - raft.server.log.statemachine.data.caching.enabled = true (custom)
2019-09-10 18:47:32,100 [pool-47-thread-1] INFO  segmented.SegmentedRaftLogWorker (SegmentedRaftLogWorker.java:lambda$new$0(132)) - 6876bac9-11ad-40f6-880c-796bfc7745f2@group-AFA1CA3D531E-SegmentedRaftLogWorker: flushIndex: setUnconditionally 0 -> -1
2019-09-10 18:47:32,100 [pool-47-thread-1] INFO  server.RaftServerConfigKeys (ConfUtils.java:logGet(43)) - raft.server.snapshot.auto.trigger.enabled = true (custom)
2019-09-10 18:47:32,100 [pool-47-thread-1] INFO  server.RaftServerConfigKeys (ConfUtils.java:logGet(43)) - raft.server.snapshot.auto.trigger.threshold = 10000 (custom)
2019-09-10 18:47:32,100 [pool-47-thread-1] INFO  server.RaftServerConfigKeys (ConfUtils.java:logGet(43)) - raft.server.snapshot.retention.num.files = 5 (custom)
2019-09-10 18:47:32,100 [pool-47-thread-1] INFO  server.RaftServerConfigKeys (ConfUtils.java:logGet(43)) - raft.server.retrycache.expirytime = 600000ms (custom)
2019-09-10 18:47:32,103 [pool-47-thread-1] INFO  impl.RaftServerImpl (RaftServerImpl.java:start(185)) - 6876bac9-11ad-40f6-880c-796bfc7745f2@group-AFA1CA3D531E: start as a follower, conf=-1: [c2ec732c-be0e-46a5-a2ed-f7f9dc34e031:192.168.5.139:45554, 6876bac9-11ad-40f6-880c-796bfc7745f2:192.168.5.139:37653, 64e81ce6-88e4-4777-9780-87a208f38655:192.168.5.139:44745], old=null
2019-09-10 18:47:32,103 [pool-47-thread-1] INFO  impl.RaftServerImpl (RaftServerImpl.java:setRole(174)) - 6876bac9-11ad-40f6-880c-796bfc7745f2@group-AFA1CA3D531E: changes role from      null to FOLLOWER at term 0 for startAsFollower
2019-09-10 18:47:32,103 [pool-47-thread-1] INFO  impl.RoleInfo (RoleInfo.java:updateAndGet(143)) - 6876bac9-11ad-40f6-880c-796bfc7745f2: start FollowerState
2019-09-10 18:47:32,103 [pool-47-thread-1] INFO  util.JmxRegister (JmxRegister.java:tryRegister(44)) - Successfully registered JMX Bean with object name Ratis:service=RaftServer,group=group-AFA1CA3D531E,id=6876bac9-11ad-40f6-880c-796bfc7745f2
2019-09-10 18:47:32,105 [RatisPipelineUtilsThread] INFO  pipeline.PipelineStateManager (PipelineStateManager.java:addPipeline(56)) - Created pipeline Pipeline[ Id: 0c0771c6-7c05-4fdf-80ae-afa1ca3d531e, Nodes: 6876bac9-11ad-40f6-880c-796bfc7745f2{ip: 192.168.5.139, host: pr-hdds-1786-trunk-k6rzm-1803654198, networkLocation: /default-rack, certSerialId: null}64e81ce6-88e4-4777-9780-87a208f38655{ip: 192.168.5.139, host: pr-hdds-1786-trunk-k6rzm-1803654198, networkLocation: /default-rack, certSerialId: null}c2ec732c-be0e-46a5-a2ed-f7f9dc34e031{ip: 192.168.5.139, host: pr-hdds-1786-trunk-k6rzm-1803654198, networkLocation: /default-rack, certSerialId: null}, Type:RATIS, Factor:THREE, State:OPEN]
2019-09-10 18:47:32,148 [grpc-default-executor-0] INFO  client.GrpcClientProtocolClient (GrpcClientProtocolClient.java:onNext(264)) - client-68C21E218C06->a2905edf-b9c1-421a-8807-b5d3e2a2f0d1: receive RaftClientReply:client-68C21E218C06->a2905edf-b9c1-421a-8807-b5d3e2a2f0d1@group-FDDBAA2E873F, cid=241, SUCCESS, logIndex=8, commits[a2905edf-b9c1-421a-8807-b5d3e2a2f0d1:c15, b72696e0-9c4e-4740-8bcd-ca4650f90538:c11, 4d5e76d1-94b4-4344-b272-620ca499a368:c11]
2019-09-10 18:47:32,149 [grpc-default-executor-0] INFO  client.GrpcClientProtocolClient (GrpcClientProtocolClient.java:onNext(264)) - client-68C21E218C06->a2905edf-b9c1-421a-8807-b5d3e2a2f0d1: receive RaftClientReply:client-68C21E218C06->a2905edf-b9c1-421a-8807-b5d3e2a2f0d1@group-FDDBAA2E873F, cid=242, SUCCESS, logIndex=9, commits[a2905edf-b9c1-421a-8807-b5d3e2a2f0d1:c15, b72696e0-9c4e-4740-8bcd-ca4650f90538:c11, 4d5e76d1-94b4-4344-b272-620ca499a368:c11]
2019-09-10 18:47:32,149 [grpc-default-executor-0] INFO  client.GrpcClientProtocolClient (GrpcClientProtocolClient.java:onNext(264)) - client-68C21E218C06->a2905edf-b9c1-421a-8807-b5d3e2a2f0d1: receive RaftClientReply:client-68C21E218C06->a2905edf-b9c1-421a-8807-b5d3e2a2f0d1@group-FDDBAA2E873F, cid=243, SUCCESS, logIndex=10, commits[a2905edf-b9c1-421a-8807-b5d3e2a2f0d1:c15, b72696e0-9c4e-4740-8bcd-ca4650f90538:c11, 4d5e76d1-94b4-4344-b272-620ca499a368:c11]
2019-09-10 18:47:32,337 [grpc-default-executor-0] INFO  client.GrpcClientProtocolClient (GrpcClientProtocolClient.java:onNext(264)) - client-68C21E218C06->a2905edf-b9c1-421a-8807-b5d3e2a2f0d1: receive RaftClientReply:client-68C21E218C06->a2905edf-b9c1-421a-8807-b5d3e2a2f0d1@group-FDDBAA2E873F, cid=244, SUCCESS, logIndex=11, commits[a2905edf-b9c1-421a-8807-b5d3e2a2f0d1:c15, b72696e0-9c4e-4740-8bcd-ca4650f90538:c11, 4d5e76d1-94b4-4344-b272-620ca499a368:c11]
]]></system-out>
    <system-err><![CDATA[Sep 10, 2019 6:44:28 PM org.apache.ratis.thirdparty.io.grpc.netty.NettyServerHandler onStreamError
WARNING: Stream Error
org.apache.ratis.thirdparty.io.netty.handler.codec.http2.Http2Exception$StreamException: Received DATA frame for an unknown stream 3
	at org.apache.ratis.thirdparty.io.netty.handler.codec.http2.Http2Exception.streamError(Http2Exception.java:129)
	at org.apache.ratis.thirdparty.io.netty.handler.codec.http2.DefaultHttp2ConnectionDecoder$FrameReadListener.shouldIgnoreHeadersOrDataFrame(DefaultHttp2ConnectionDecoder.java:531)
	at org.apache.ratis.thirdparty.io.netty.handler.codec.http2.DefaultHttp2ConnectionDecoder$FrameReadListener.onDataRead(DefaultHttp2ConnectionDecoder.java:183)
	at org.apache.ratis.thirdparty.io.netty.handler.codec.http2.Http2InboundFrameLogger$1.onDataRead(Http2InboundFrameLogger.java:48)
	at org.apache.ratis.thirdparty.io.netty.handler.codec.http2.DefaultHttp2FrameReader.readDataFrame(DefaultHttp2FrameReader.java:421)
	at org.apache.ratis.thirdparty.io.netty.handler.codec.http2.DefaultHttp2FrameReader.processPayloadState(DefaultHttp2FrameReader.java:251)
	at org.apache.ratis.thirdparty.io.netty.handler.codec.http2.DefaultHttp2FrameReader.readFrame(DefaultHttp2FrameReader.java:160)
	at org.apache.ratis.thirdparty.io.netty.handler.codec.http2.Http2InboundFrameLogger.readFrame(Http2InboundFrameLogger.java:41)
	at org.apache.ratis.thirdparty.io.netty.handler.codec.http2.DefaultHttp2ConnectionDecoder.decodeFrame(DefaultHttp2ConnectionDecoder.java:118)
	at org.apache.ratis.thirdparty.io.netty.handler.codec.http2.Http2ConnectionHandler$FrameDecoder.decode(Http2ConnectionHandler.java:390)
	at org.apache.ratis.thirdparty.io.netty.handler.codec.http2.Http2ConnectionHandler.decode(Http2ConnectionHandler.java:450)
	at org.apache.ratis.thirdparty.io.netty.handler.codec.ByteToMessageDecoder.decodeRemovalReentryProtection(ByteToMessageDecoder.java:502)
	at org.apache.ratis.thirdparty.io.netty.handler.codec.ByteToMessageDecoder.callDecode(ByteToMessageDecoder.java:441)
	at org.apache.ratis.thirdparty.io.netty.handler.codec.ByteToMessageDecoder.channelRead(ByteToMessageDecoder.java:278)
	at org.apache.ratis.thirdparty.io.netty.channel.AbstractChannelHandlerContext.invokeChannelRead(AbstractChannelHandlerContext.java:362)
	at org.apache.ratis.thirdparty.io.netty.channel.AbstractChannelHandlerContext.invokeChannelRead(AbstractChannelHandlerContext.java:348)
	at org.apache.ratis.thirdparty.io.netty.channel.AbstractChannelHandlerContext.fireChannelRead(AbstractChannelHandlerContext.java:340)
	at org.apache.ratis.thirdparty.io.netty.channel.DefaultChannelPipeline$HeadContext.channelRead(DefaultChannelPipeline.java:1434)
	at org.apache.ratis.thirdparty.io.netty.channel.AbstractChannelHandlerContext.invokeChannelRead(AbstractChannelHandlerContext.java:362)
	at org.apache.ratis.thirdparty.io.netty.channel.AbstractChannelHandlerContext.invokeChannelRead(AbstractChannelHandlerContext.java:348)
	at org.apache.ratis.thirdparty.io.netty.channel.DefaultChannelPipeline.fireChannelRead(DefaultChannelPipeline.java:965)
	at org.apache.ratis.thirdparty.io.netty.channel.nio.AbstractNioByteChannel$NioByteUnsafe.read(AbstractNioByteChannel.java:163)
	at org.apache.ratis.thirdparty.io.netty.channel.nio.NioEventLoop.processSelectedKey(NioEventLoop.java:644)
	at org.apache.ratis.thirdparty.io.netty.channel.nio.NioEventLoop.processSelectedKeysOptimized(NioEventLoop.java:579)
	at org.apache.ratis.thirdparty.io.netty.channel.nio.NioEventLoop.processSelectedKeys(NioEventLoop.java:496)
	at org.apache.ratis.thirdparty.io.netty.channel.nio.NioEventLoop.run(NioEventLoop.java:458)
	at org.apache.ratis.thirdparty.io.netty.util.concurrent.SingleThreadEventExecutor$5.run(SingleThreadEventExecutor.java:897)
	at org.apache.ratis.thirdparty.io.netty.util.concurrent.FastThreadLocalRunnable.run(FastThreadLocalRunnable.java:30)
	at java.lang.Thread.run(Thread.java:748)

Sep 10, 2019 6:45:40 PM org.apache.ratis.thirdparty.io.grpc.internal.ManagedChannelOrphanWrapper$ManagedChannelReference cleanQueue
SEVERE: *~*~*~ Channel ManagedChannelImpl{logId=1473, target=192.168.5.139:43319} was not shutdown properly!!! ~*~*~*
    Make sure to call shutdown()/shutdownNow() and wait until awaitTermination() returns true.
java.lang.RuntimeException: ManagedChannel allocation site
	at org.apache.ratis.thirdparty.io.grpc.internal.ManagedChannelOrphanWrapper$ManagedChannelReference.<init>(ManagedChannelOrphanWrapper.java:103)
	at org.apache.ratis.thirdparty.io.grpc.internal.ManagedChannelOrphanWrapper.<init>(ManagedChannelOrphanWrapper.java:53)
	at org.apache.ratis.thirdparty.io.grpc.internal.ManagedChannelOrphanWrapper.<init>(ManagedChannelOrphanWrapper.java:44)
	at org.apache.ratis.thirdparty.io.grpc.internal.AbstractManagedChannelImplBuilder.build(AbstractManagedChannelImplBuilder.java:411)
	at org.apache.ratis.grpc.client.GrpcClientProtocolClient.<init>(GrpcClientProtocolClient.java:127)
	at org.apache.ratis.grpc.client.GrpcClientRpc.lambda$new$0(GrpcClientRpc.java:55)
	at org.apache.ratis.util.PeerProxyMap$PeerAndProxy.lambda$getProxy$0(PeerProxyMap.java:61)
	at org.apache.ratis.util.LifeCycle.startAndTransition(LifeCycle.java:202)
	at org.apache.ratis.util.PeerProxyMap$PeerAndProxy.getProxy(PeerProxyMap.java:60)
	at org.apache.ratis.util.PeerProxyMap.getProxy(PeerProxyMap.java:108)
	at org.apache.ratis.grpc.client.GrpcClientRpc.sendRequestAsync(GrpcClientRpc.java:66)
	at org.apache.ratis.client.impl.OrderedAsync.sendRequest(OrderedAsync.java:208)
	at org.apache.ratis.client.impl.OrderedAsync.sendRequestWithRetry(OrderedAsync.java:169)
	at org.apache.ratis.util.SlidingWindow$Client.sendOrDelayRequest(SlidingWindow.java:278)
	at org.apache.ratis.util.SlidingWindow$Client.retry(SlidingWindow.java:294)
	at org.apache.ratis.client.impl.OrderedAsync.lambda$scheduleWithTimeout$7(OrderedAsync.java:195)
	at org.apache.ratis.util.TimeoutScheduler.lambda$onTimeout$0(TimeoutScheduler.java:113)
	at org.apache.ratis.util.TimeoutScheduler.lambda$onTimeout$1(TimeoutScheduler.java:133)
	at org.apache.ratis.util.LogUtils.runAndLog(LogUtils.java:50)
	at org.apache.ratis.util.LogUtils$1.run(LogUtils.java:91)
	at java.util.concurrent.Executors$RunnableAdapter.call(Executors.java:511)
	at java.util.concurrent.FutureTask.run(FutureTask.java:266)
	at java.util.concurrent.ScheduledThreadPoolExecutor$ScheduledFutureTask.access$201(ScheduledThreadPoolExecutor.java:180)
	at java.util.concurrent.ScheduledThreadPoolExecutor$ScheduledFutureTask.run(ScheduledThreadPoolExecutor.java:293)
	at java.util.concurrent.ThreadPoolExecutor.runWorker(ThreadPoolExecutor.java:1149)
	at java.util.concurrent.ThreadPoolExecutor$Worker.run(ThreadPoolExecutor.java:624)
	at java.lang.Thread.run(Thread.java:748)

]]></system-err>
  </testcase>
</testsuite>