<?xml version="1.0" encoding="UTF-8"?>
<testsuite xmlns:xsi="http://www.w3.org/2001/XMLSchema-instance" xsi:noNamespaceSchemaLocation="https://maven.apache.org/surefire/maven-surefire-plugin/xsd/surefire-test-report.xsd" name="org.apache.hadoop.ozone.client.rpc.TestContainerStateMachine" time="96.539" tests="2" errors="0" skipped="0" failures="1">
  <properties>
    <property name="awt.toolkit" value="sun.awt.X11.XToolkit"/>
    <property name="file.encoding.pkg" value="sun.io"/>
    <property name="java.specification.version" value="1.8"/>
    <property name="sun.cpu.isalist" value=""/>
    <property name="sun.jnu.encoding" value="UTF-8"/>
    <property name="java.class.path" value="/workdir/hadoop-ozone/integration-test/target/test-classes:/workdir/hadoop-ozone/integration-test/target/classes:/home/user/.m2/repository/org/apache/hadoop/hadoop-ozone-common/0.5.0-SNAPSHOT/hadoop-ozone-common-0.5.0-SNAPSHOT.jar:/home/user/.m2/repository/org/apache/commons/commons-compress/1.4.1/commons-compress-1.4.1.jar:/home/user/.m2/repository/org/tukaani/xz/1.0/xz-1.0.jar:/home/user/.m2/repository/org/apache/hadoop/hadoop-common/3.2.0/hadoop-common-3.2.0.jar:/home/user/.m2/repository/org/apache/hadoop/hadoop-hdfs/3.2.0/hadoop-hdfs-3.2.0.jar:/home/user/.m2/repository/org/apache/hadoop/hadoop-hdfs-client/3.2.0/hadoop-hdfs-client-3.2.0.jar:/home/user/.m2/repository/com/fasterxml/jackson/core/jackson-annotations/2.9.5/jackson-annotations-2.9.5.jar:/home/user/.m2/repository/org/apache/hadoop/hadoop-hdds-common/0.5.0-SNAPSHOT/hadoop-hdds-common-0.5.0-SNAPSHOT.jar:/home/user/.m2/repository/javax/annotation/javax.annotation-api/1.2/javax.annotation-api-1.2.jar:/home/user/.m2/repository/org/apache/ratis/ratis-server/0.4.0-78e95b9-SNAPSHOT/ratis-server-0.4.0-78e95b9-SNAPSHOT.jar:/home/user/.m2/repository/org/apache/ratis/ratis-thirdparty-misc/0.2.0/ratis-thirdparty-misc-0.2.0.jar:/home/user/.m2/repository/org/apache/ratis/ratis-proto/0.4.0-78e95b9-SNAPSHOT/ratis-proto-0.4.0-78e95b9-SNAPSHOT.jar:/home/user/.m2/repository/org/apache/ratis/ratis-common/0.4.0-78e95b9-SNAPSHOT/ratis-common-0.4.0-78e95b9-SNAPSHOT.jar:/home/user/.m2/repository/org/apache/ratis/ratis-client/0.4.0-78e95b9-SNAPSHOT/ratis-client-0.4.0-78e95b9-SNAPSHOT.jar:/home/user/.m2/repository/org/apache/ratis/ratis-metrics/0.4.0-78e95b9-SNAPSHOT/ratis-metrics-0.4.0-78e95b9-SNAPSHOT.jar:/home/user/.m2/repository/com/github/joshelser/dropwizard-metrics-hadoop-metrics2-reporter/0.1.2/dropwizard-metrics-hadoop-metrics2-reporter-0.1.2.jar:/home/user/.m2/repository/io/dropwizard/metrics/metrics-jvm/3.2.5/metrics-jvm-3.2.5.jar:/home/user/.m2/repository/io/dropwizard/metrics/metrics-ganglia/3.2.5/metrics-ganglia-3.2.5.jar:/home/user/.m2/repository/info/ganglia/gmetric4j/gmetric4j/1.0.7/gmetric4j-1.0.7.jar:/home/user/.m2/repository/org/apache/ratis/ratis-netty/0.4.0-78e95b9-SNAPSHOT/ratis-netty-0.4.0-78e95b9-SNAPSHOT.jar:/home/user/.m2/repository/org/apache/ratis/ratis-grpc/0.4.0-78e95b9-SNAPSHOT/ratis-grpc-0.4.0-78e95b9-SNAPSHOT.jar:/home/user/.m2/repository/org/rocksdb/rocksdbjni/6.0.1/rocksdbjni-6.0.1.jar:/home/user/.m2/repository/org/apache/logging/log4j/log4j-api/2.11.0/log4j-api-2.11.0.jar:/home/user/.m2/repository/org/apache/logging/log4j/log4j-core/2.11.0/log4j-core-2.11.0.jar:/home/user/.m2/repository/com/lmax/disruptor/3.4.2/disruptor-3.4.2.jar:/home/user/.m2/repository/org/apache/commons/commons-pool2/2.6.0/commons-pool2-2.6.0.jar:/home/user/.m2/repository/org/bouncycastle/bcpkix-jdk15on/1.60/bcpkix-jdk15on-1.60.jar:/home/user/.m2/repository/commons-validator/commons-validator/1.6/commons-validator-1.6.jar:/home/user/.m2/repository/commons-digester/commons-digester/1.8.1/commons-digester-1.8.1.jar:/home/user/.m2/repository/io/jaegertracing/jaeger-client/0.33.1/jaeger-client-0.33.1.jar:/home/user/.m2/repository/io/jaegertracing/jaeger-thrift/0.33.1/jaeger-thrift-0.33.1.jar:/home/user/.m2/repository/org/apache/thrift/libthrift/0.11.0/libthrift-0.11.0.jar:/home/user/.m2/repository/com/squareup/okhttp3/okhttp/3.9.0/okhttp-3.9.0.jar:/home/user/.m2/repository/com/squareup/okio/okio/1.13.0/okio-1.13.0.jar:/home/user/.m2/repository/io/jaegertracing/jaeger-core/0.33.1/jaeger-core-0.33.1.jar:/home/user/.m2/repository/io/jaegertracing/jaeger-tracerresolver/0.33.1/jaeger-tracerresolver-0.33.1.jar:/home/user/.m2/repository/io/opentracing/contrib/opentracing-tracerresolver/0.1.5/opentracing-tracerresolver-0.1.5.jar:/home/user/.m2/repository/io/opentracing/opentracing-util/0.31.0/opentracing-util-0.31.0.jar:/home/user/.m2/repository/io/opentracing/opentracing-api/0.31.0/opentracing-api-0.31.0.jar:/home/user/.m2/repository/io/opentracing/opentracing-noop/0.31.0/opentracing-noop-0.31.0.jar:/home/user/.m2/repository/org/apache/hadoop/hadoop-hdds-server-framework/0.5.0-SNAPSHOT/hadoop-hdds-server-framework-0.5.0-SNAPSHOT.jar:/home/user/.m2/repository/org/apache/hadoop/hadoop-hdds-container-service/0.5.0-SNAPSHOT/hadoop-hdds-container-service-0.5.0-SNAPSHOT.jar:/home/user/.m2/repository/org/apache/hadoop/hadoop-hdds-client/0.5.0-SNAPSHOT/hadoop-hdds-client-0.5.0-SNAPSHOT.jar:/home/user/.m2/repository/org/apache/hadoop/hadoop-hdds-tools/0.5.0-SNAPSHOT/hadoop-hdds-tools-0.5.0-SNAPSHOT.jar:/home/user/.m2/repository/org/apache/hadoop/hadoop-hdds-server-scm/0.5.0-SNAPSHOT/hadoop-hdds-server-scm-0.5.0-SNAPSHOT.jar:/home/user/.m2/repository/org/apache/hadoop/hadoop-hdds-docs/0.5.0-SNAPSHOT/hadoop-hdds-docs-0.5.0-SNAPSHOT.jar:/home/user/.m2/repository/io/dropwizard/metrics/metrics-core/3.2.4/metrics-core-3.2.4.jar:/home/user/.m2/repository/org/hamcrest/hamcrest-all/1.3/hamcrest-all-1.3.jar:/home/user/.m2/repository/org/bouncycastle/bcprov-jdk15on/1.60/bcprov-jdk15on-1.60.jar:/home/user/.m2/repository/info/picocli/picocli/3.9.6/picocli-3.9.6.jar:/home/user/.m2/repository/com/google/protobuf/protobuf-java/2.5.0/protobuf-java-2.5.0.jar:/home/user/.m2/repository/com/google/guava/guava/11.0.2/guava-11.0.2.jar:/home/user/.m2/repository/org/apache/hadoop/hadoop-ozone-ozone-manager/0.5.0-SNAPSHOT/hadoop-ozone-ozone-manager-0.5.0-SNAPSHOT.jar:/home/user/.m2/repository/org/apache/hadoop/hadoop-minikdc/3.2.0/hadoop-minikdc-3.2.0.jar:/home/user/.m2/repository/commons-io/commons-io/2.5/commons-io-2.5.jar:/home/user/.m2/repository/org/apache/kerby/kerb-simplekdc/1.0.1/kerb-simplekdc-1.0.1.jar:/home/user/.m2/repository/org/apache/kerby/kerb-client/1.0.1/kerb-client-1.0.1.jar:/home/user/.m2/repository/org/apache/kerby/kerby-config/1.0.1/kerby-config-1.0.1.jar:/home/user/.m2/repository/org/apache/kerby/kerb-core/1.0.1/kerb-core-1.0.1.jar:/home/user/.m2/repository/org/apache/kerby/kerby-pkix/1.0.1/kerby-pkix-1.0.1.jar:/home/user/.m2/repository/org/apache/kerby/kerby-asn1/1.0.1/kerby-asn1-1.0.1.jar:/home/user/.m2/repository/org/apache/kerby/kerby-util/1.0.1/kerby-util-1.0.1.jar:/home/user/.m2/repository/org/apache/kerby/kerb-common/1.0.1/kerb-common-1.0.1.jar:/home/user/.m2/repository/org/apache/kerby/kerb-crypto/1.0.1/kerb-crypto-1.0.1.jar:/home/user/.m2/repository/org/apache/kerby/kerb-util/1.0.1/kerb-util-1.0.1.jar:/home/user/.m2/repository/org/apache/kerby/token-provider/1.0.1/token-provider-1.0.1.jar:/home/user/.m2/repository/org/apache/kerby/kerb-admin/1.0.1/kerb-admin-1.0.1.jar:/home/user/.m2/repository/org/apache/kerby/kerb-server/1.0.1/kerb-server-1.0.1.jar:/home/user/.m2/repository/org/apache/kerby/kerb-identity/1.0.1/kerb-identity-1.0.1.jar:/home/user/.m2/repository/org/apache/kerby/kerby-xdr/1.0.1/kerby-xdr-1.0.1.jar:/home/user/.m2/repository/org/slf4j/slf4j-log4j12/1.7.25/slf4j-log4j12-1.7.25.jar:/home/user/.m2/repository/org/apache/hadoop/hadoop-ozone-s3gateway/0.5.0-SNAPSHOT/hadoop-ozone-s3gateway-0.5.0-SNAPSHOT.jar:/home/user/.m2/repository/org/jboss/weld/servlet/weld-servlet/2.4.7.Final/weld-servlet-2.4.7.Final.jar:/home/user/.m2/repository/org/glassfish/jersey/containers/jersey-container-servlet-core/2.27/jersey-container-servlet-core-2.27.jar:/home/user/.m2/repository/org/glassfish/hk2/external/javax.inject/2.5.0-b42/javax.inject-2.5.0-b42.jar:/home/user/.m2/repository/org/glassfish/jersey/core/jersey-common/2.27/jersey-common-2.27.jar:/home/user/.m2/repository/org/glassfish/hk2/osgi-resource-locator/1.0.1/osgi-resource-locator-1.0.1.jar:/home/user/.m2/repository/javax/ws/rs/javax.ws.rs-api/2.1/javax.ws.rs-api-2.1.jar:/home/user/.m2/repository/org/glassfish/jersey/ext/cdi/jersey-cdi1x/2.27/jersey-cdi1x-2.27.jar:/home/user/.m2/repository/org/glassfish/jersey/inject/jersey-hk2/2.27/jersey-hk2-2.27.jar:/home/user/.m2/repository/org/glassfish/hk2/hk2-locator/2.5.0-b42/hk2-locator-2.5.0-b42.jar:/home/user/.m2/repository/org/javassist/javassist/3.22.0-CR2/javassist-3.22.0-CR2.jar:/home/user/.m2/repository/org/glassfish/hk2/hk2-api/2.5.0/hk2-api-2.5.0.jar:/home/user/.m2/repository/org/glassfish/hk2/external/jakarta.inject/2.5.0/jakarta.inject-2.5.0.jar:/home/user/.m2/repository/org/glassfish/hk2/hk2-utils/2.5.0/hk2-utils-2.5.0.jar:/home/user/.m2/repository/jakarta/annotation/jakarta.annotation-api/1.3.4/jakarta.annotation-api-1.3.4.jar:/home/user/.m2/repository/org/glassfish/hk2/external/aopalliance-repackaged/2.5.0/aopalliance-repackaged-2.5.0.jar:/home/user/.m2/repository/com/fasterxml/jackson/dataformat/jackson-dataformat-xml/2.9.0/jackson-dataformat-xml-2.9.0.jar:/home/user/.m2/repository/com/fasterxml/jackson/core/jackson-core/2.9.5/jackson-core-2.9.5.jar:/home/user/.m2/repository/com/fasterxml/jackson/module/jackson-module-jaxb-annotations/2.9.5/jackson-module-jaxb-annotations-2.9.5.jar:/home/user/.m2/repository/javax/enterprise/cdi-api/1.2/cdi-api-1.2.jar:/home/user/.m2/repository/javax/el/javax.el-api/3.0.0/javax.el-api-3.0.0.jar:/home/user/.m2/repository/javax/interceptor/javax.interceptor-api/1.2/javax.interceptor-api-1.2.jar:/home/user/.m2/repository/javax/inject/javax.inject/1/javax.inject-1.jar:/home/user/.m2/repository/com/sun/xml/bind/jaxb-impl/2.3.0.1/jaxb-impl-2.3.0.1.jar:/home/user/.m2/repository/com/sun/xml/bind/jaxb-core/2.3.0.1/jaxb-core-2.3.0.1.jar:/home/user/.m2/repository/javax/xml/bind/jaxb-api/2.3.0/jaxb-api-2.3.0.jar:/home/user/.m2/repository/javax/activation/activation/1.1.1/activation-1.1.1.jar:/home/user/.m2/repository/org/apache/hadoop/hadoop-ozone-csi/0.5.0-SNAPSHOT/hadoop-ozone-csi-0.5.0-SNAPSHOT.jar:/home/user/.m2/repository/com/google/protobuf/protobuf-java-util/3.5.1/protobuf-java-util-3.5.1.jar:/home/user/.m2/repository/org/apache/hadoop/hadoop-hdds-config/0.5.0-SNAPSHOT/hadoop-hdds-config-0.5.0-SNAPSHOT.jar:/home/user/.m2/repository/io/grpc/grpc-netty/1.17.1/grpc-netty-1.17.1.jar:/home/user/.m2/repository/io/grpc/grpc-core/1.17.1/grpc-core-1.17.1.jar:/home/user/.m2/repository/io/grpc/grpc-context/1.17.1/grpc-context-1.17.1.jar:/home/user/.m2/repository/com/google/errorprone/error_prone_annotations/2.2.0/error_prone_annotations-2.2.0.jar:/home/user/.m2/repository/org/codehaus/mojo/animal-sniffer-annotations/1.17/animal-sniffer-annotations-1.17.jar:/home/user/.m2/repository/io/opencensus/opencensus-api/0.17.0/opencensus-api-0.17.0.jar:/home/user/.m2/repository/io/opencensus/opencensus-contrib-grpc-metrics/0.17.0/opencensus-contrib-grpc-metrics-0.17.0.jar:/home/user/.m2/repository/io/netty/netty-codec-http2/4.1.30.Final/netty-codec-http2-4.1.30.Final.jar:/home/user/.m2/repository/io/netty/netty-codec-http/4.1.30.Final/netty-codec-http-4.1.30.Final.jar:/home/user/.m2/repository/io/netty/netty-codec/4.1.30.Final/netty-codec-4.1.30.Final.jar:/home/user/.m2/repository/io/netty/netty-handler/4.1.30.Final/netty-handler-4.1.30.Final.jar:/home/user/.m2/repository/io/netty/netty-handler-proxy/4.1.30.Final/netty-handler-proxy-4.1.30.Final.jar:/home/user/.m2/repository/io/netty/netty-codec-socks/4.1.30.Final/netty-codec-socks-4.1.30.Final.jar:/home/user/.m2/repository/io/netty/netty-transport-native-epoll/4.1.30.Final/netty-transport-native-epoll-4.1.30.Final.jar:/home/user/.m2/repository/io/netty/netty-common/4.1.30.Final/netty-common-4.1.30.Final.jar:/home/user/.m2/repository/io/netty/netty-buffer/4.1.30.Final/netty-buffer-4.1.30.Final.jar:/home/user/.m2/repository/io/netty/netty-transport/4.1.30.Final/netty-transport-4.1.30.Final.jar:/home/user/.m2/repository/io/netty/netty-resolver/4.1.30.Final/netty-resolver-4.1.30.Final.jar:/home/user/.m2/repository/io/netty/netty-transport-native-unix-common/4.1.30.Final/netty-transport-native-unix-common-4.1.30.Final.jar:/home/user/.m2/repository/io/grpc/grpc-protobuf/1.17.1/grpc-protobuf-1.17.1.jar:/home/user/.m2/repository/com/google/api/grpc/proto-google-common-protos/1.0.0/proto-google-common-protos-1.0.0.jar:/home/user/.m2/repository/io/grpc/grpc-protobuf-lite/1.17.1/grpc-protobuf-lite-1.17.1.jar:/home/user/.m2/repository/io/grpc/grpc-stub/1.17.1/grpc-stub-1.17.1.jar:/home/user/.m2/repository/org/apache/hadoop/hadoop-ozone-recon/0.5.0-SNAPSHOT/hadoop-ozone-recon-0.5.0-SNAPSHOT.jar:/home/user/.m2/repository/org/apache/hadoop/hadoop-ozone-reconcodegen/0.5.0-SNAPSHOT/hadoop-ozone-reconcodegen-0.5.0-SNAPSHOT.jar:/home/user/.m2/repository/com/google/inject/extensions/guice-multibindings/4.0/guice-multibindings-4.0.jar:/home/user/.m2/repository/com/google/inject/guice/4.0/guice-4.0.jar:/home/user/.m2/repository/aopalliance/aopalliance/1.0/aopalliance-1.0.jar:/home/user/.m2/repository/com/google/inject/extensions/guice-servlet/4.0/guice-servlet-4.0.jar:/home/user/.m2/repository/org/glassfish/jersey/containers/jersey-container-servlet/2.27/jersey-container-servlet-2.27.jar:/home/user/.m2/repository/org/glassfish/hk2/guice-bridge/2.5.0/guice-bridge-2.5.0.jar:/home/user/.m2/repository/org/glassfish/jersey/core/jersey-server/2.27/jersey-server-2.27.jar:/home/user/.m2/repository/org/glassfish/jersey/core/jersey-client/2.27/jersey-client-2.27.jar:/home/user/.m2/repository/org/glassfish/jersey/media/jersey-media-jaxb/2.27/jersey-media-jaxb-2.27.jar:/home/user/.m2/repository/javax/validation/validation-api/1.1.0.Final/validation-api-1.1.0.Final.jar:/home/user/.m2/repository/org/glassfish/jersey/media/jersey-media-json-jackson/2.27/jersey-media-json-jackson-2.27.jar:/home/user/.m2/repository/org/glassfish/jersey/ext/jersey-entity-filtering/2.27/jersey-entity-filtering-2.27.jar:/home/user/.m2/repository/com/google/inject/extensions/guice-assistedinject/4.0/guice-assistedinject-4.0.jar:/home/user/.m2/repository/org/jooq/jooq/3.11.10/jooq-3.11.10.jar:/home/user/.m2/repository/org/jooq/jooq-meta/3.11.10/jooq-meta-3.11.10.jar:/home/user/.m2/repository/org/jooq/jooq-codegen/3.11.10/jooq-codegen-3.11.10.jar:/home/user/.m2/repository/com/jolbox/bonecp/0.8.0.RELEASE/bonecp-0.8.0.RELEASE.jar:/home/user/.m2/repository/org/xerial/sqlite-jdbc/3.25.2/sqlite-jdbc-3.25.2.jar:/home/user/.m2/repository/org/springframework/spring-jdbc/5.1.3.RELEASE/spring-jdbc-5.1.3.RELEASE.jar:/home/user/.m2/repository/org/springframework/spring-beans/5.1.3.RELEASE/spring-beans-5.1.3.RELEASE.jar:/home/user/.m2/repository/org/springframework/spring-core/5.1.3.RELEASE/spring-core-5.1.3.RELEASE.jar:/home/user/.m2/repository/org/springframework/spring-jcl/5.1.3.RELEASE/spring-jcl-5.1.3.RELEASE.jar:/home/user/.m2/repository/org/springframework/spring-tx/5.1.3.RELEASE/spring-tx-5.1.3.RELEASE.jar:/home/user/.m2/repository/org/apache/hadoop/hadoop-ozone-client/0.5.0-SNAPSHOT/hadoop-ozone-client-0.5.0-SNAPSHOT.jar:/home/user/.m2/repository/commons-lang/commons-lang/2.6/commons-lang-2.6.jar:/home/user/.m2/repository/org/apache/hadoop/hadoop-ozone-ozone-manager/0.5.0-SNAPSHOT/hadoop-ozone-ozone-manager-0.5.0-SNAPSHOT-tests.jar:/home/user/.m2/repository/junit/junit/4.11/junit-4.11.jar:/home/user/.m2/repository/org/hamcrest/hamcrest-core/1.3/hamcrest-core-1.3.jar:/home/user/.m2/repository/org/openjdk/jmh/jmh-core/1.19/jmh-core-1.19.jar:/home/user/.m2/repository/net/sf/jopt-simple/jopt-simple/4.6/jopt-simple-4.6.jar:/home/user/.m2/repository/org/apache/commons/commons-math3/3.1.1/commons-math3-3.1.1.jar:/home/user/.m2/repository/org/openjdk/jmh/jmh-generator-annprocess/1.19/jmh-generator-annprocess-1.19.jar:/home/user/.m2/repository/org/mockito/mockito-all/1.8.5/mockito-all-1.8.5.jar:/home/user/.m2/repository/org/apache/hadoop/hadoop-kms/3.2.0/hadoop-kms-3.2.0.jar:/home/user/.m2/repository/org/apache/hadoop/hadoop-auth/3.2.0/hadoop-auth-3.2.0.jar:/home/user/.m2/repository/com/nimbusds/nimbus-jose-jwt/4.41.1/nimbus-jose-jwt-4.41.1.jar:/home/user/.m2/repository/com/github/stephenc/jcip/jcip-annotations/1.0-1/jcip-annotations-1.0-1.jar:/home/user/.m2/repository/net/minidev/json-smart/2.3/json-smart-2.3.jar:/home/user/.m2/repository/net/minidev/accessors-smart/1.2/accessors-smart-1.2.jar:/home/user/.m2/repository/org/ow2/asm/asm/5.0.4/asm-5.0.4.jar:/home/user/.m2/repository/org/apache/curator/curator-framework/2.12.0/curator-framework-2.12.0.jar:/home/user/.m2/repository/com/sun/jersey/jersey-core/1.19/jersey-core-1.19.jar:/home/user/.m2/repository/javax/ws/rs/jsr311-api/1.1.1/jsr311-api-1.1.1.jar:/home/user/.m2/repository/com/sun/jersey/jersey-server/1.19/jersey-server-1.19.jar:/home/user/.m2/repository/javax/servlet/javax.servlet-api/3.1.0/javax.servlet-api-3.1.0.jar:/home/user/.m2/repository/org/eclipse/jetty/jetty-server/9.3.24.v20180605/jetty-server-9.3.24.v20180605.jar:/home/user/.m2/repository/org/eclipse/jetty/jetty-http/9.3.24.v20180605/jetty-http-9.3.24.v20180605.jar:/home/user/.m2/repository/org/eclipse/jetty/jetty-io/9.3.24.v20180605/jetty-io-9.3.24.v20180605.jar:/home/user/.m2/repository/org/eclipse/jetty/jetty-webapp/9.3.24.v20180605/jetty-webapp-9.3.24.v20180605.jar:/home/user/.m2/repository/org/eclipse/jetty/jetty-xml/9.3.24.v20180605/jetty-xml-9.3.24.v20180605.jar:/home/user/.m2/repository/log4j/log4j/1.2.17/log4j-1.2.17.jar:/home/user/.m2/repository/org/slf4j/slf4j-api/1.7.25/slf4j-api-1.7.25.jar:/home/user/.m2/repository/org/slf4j/jul-to-slf4j/1.7.25/jul-to-slf4j-1.7.25.jar:/home/user/.m2/repository/org/eclipse/jetty/jetty-util/9.3.24.v20180605/jetty-util-9.3.24.v20180605.jar:/home/user/.m2/repository/com/fasterxml/jackson/core/jackson-databind/2.9.5/jackson-databind-2.9.5.jar:/home/user/.m2/repository/org/apache/hadoop/hadoop-kms/3.2.0/hadoop-kms-3.2.0-tests.jar:/home/user/.m2/repository/org/apache/hadoop/hadoop-hdds-server-scm/0.5.0-SNAPSHOT/hadoop-hdds-server-scm-0.5.0-SNAPSHOT-tests.jar:/home/user/.m2/repository/org/apache/hadoop/hadoop-hdds-container-service/0.5.0-SNAPSHOT/hadoop-hdds-container-service-0.5.0-SNAPSHOT-tests.jar:/home/user/.m2/repository/org/yaml/snakeyaml/1.16/snakeyaml-1.16.jar:/home/user/.m2/repository/org/apache/hadoop/hadoop-common/3.2.0/hadoop-common-3.2.0-tests.jar:/home/user/.m2/repository/org/apache/hadoop/hadoop-annotations/3.2.0/hadoop-annotations-3.2.0.jar:/usr/lib/jvm/java-1.8-openjdk/jre/../lib/tools.jar:/home/user/.m2/repository/commons-cli/commons-cli/1.2/commons-cli-1.2.jar:/home/user/.m2/repository/org/apache/httpcomponents/httpclient/4.5.2/httpclient-4.5.2.jar:/home/user/.m2/repository/org/apache/httpcomponents/httpcore/4.4.4/httpcore-4.4.4.jar:/home/user/.m2/repository/commons-codec/commons-codec/1.11/commons-codec-1.11.jar:/home/user/.m2/repository/commons-net/commons-net/3.6/commons-net-3.6.jar:/home/user/.m2/repository/commons-collections/commons-collections/3.2.2/commons-collections-3.2.2.jar:/home/user/.m2/repository/org/eclipse/jetty/jetty-servlet/9.3.24.v20180605/jetty-servlet-9.3.24.v20180605.jar:/home/user/.m2/repository/org/eclipse/jetty/jetty-security/9.3.24.v20180605/jetty-security-9.3.24.v20180605.jar:/home/user/.m2/repository/javax/servlet/jsp/jsp-api/2.1/jsp-api-2.1.jar:/home/user/.m2/repository/com/sun/jersey/jersey-servlet/1.19/jersey-servlet-1.19.jar:/home/user/.m2/repository/com/sun/jersey/jersey-json/1.19/jersey-json-1.19.jar:/home/user/.m2/repository/org/codehaus/jettison/jettison/1.1/jettison-1.1.jar:/home/user/.m2/repository/org/codehaus/jackson/jackson-core-asl/1.9.13/jackson-core-asl-1.9.13.jar:/home/user/.m2/repository/org/codehaus/jackson/jackson-mapper-asl/1.9.13/jackson-mapper-asl-1.9.13.jar:/home/user/.m2/repository/org/codehaus/jackson/jackson-jaxrs/1.9.13/jackson-jaxrs-1.9.13.jar:/home/user/.m2/repository/org/codehaus/jackson/jackson-xc/1.9.13/jackson-xc-1.9.13.jar:/home/user/.m2/repository/commons-logging/commons-logging/1.1.3/commons-logging-1.1.3.jar:/home/user/.m2/repository/commons-beanutils/commons-beanutils/1.9.3/commons-beanutils-1.9.3.jar:/home/user/.m2/repository/org/apache/commons/commons-configuration2/2.1.1/commons-configuration2-2.1.1.jar:/home/user/.m2/repository/org/apache/commons/commons-lang3/3.7/commons-lang3-3.7.jar:/home/user/.m2/repository/org/apache/commons/commons-text/1.4/commons-text-1.4.jar:/home/user/.m2/repository/org/apache/avro/avro/1.7.7/avro-1.7.7.jar:/home/user/.m2/repository/com/thoughtworks/paranamer/paranamer/2.3/paranamer-2.3.jar:/home/user/.m2/repository/org/xerial/snappy/snappy-java/1.0.5/snappy-java-1.0.5.jar:/home/user/.m2/repository/com/google/re2j/re2j/1.1/re2j-1.1.jar:/home/user/.m2/repository/com/google/code/gson/gson/2.2.4/gson-2.2.4.jar:/home/user/.m2/repository/com/jcraft/jsch/0.1.54/jsch-0.1.54.jar:/home/user/.m2/repository/org/apache/curator/curator-client/2.12.0/curator-client-2.12.0.jar:/home/user/.m2/repository/org/apache/curator/curator-recipes/2.12.0/curator-recipes-2.12.0.jar:/home/user/.m2/repository/com/google/code/findbugs/jsr305/3.0.0/jsr305-3.0.0.jar:/home/user/.m2/repository/org/apache/htrace/htrace-core4/4.1.0-incubating/htrace-core4-4.1.0-incubating.jar:/home/user/.m2/repository/org/apache/zookeeper/zookeeper/3.4.13/zookeeper-3.4.13.jar:/home/user/.m2/repository/org/apache/yetus/audience-annotations/0.5.0/audience-annotations-0.5.0.jar:/home/user/.m2/repository/org/codehaus/woodstox/stax2-api/3.1.4/stax2-api-3.1.4.jar:/home/user/.m2/repository/com/fasterxml/woodstox/woodstox-core/5.0.3/woodstox-core-5.0.3.jar:/home/user/.m2/repository/dnsjava/dnsjava/2.1.7/dnsjava-2.1.7.jar:/home/user/.m2/repository/org/apache/hadoop/hadoop-hdfs/3.2.0/hadoop-hdfs-3.2.0-tests.jar:/home/user/.m2/repository/org/eclipse/jetty/jetty-util-ajax/9.3.24.v20180605/jetty-util-ajax-9.3.24.v20180605.jar:/home/user/.m2/repository/commons-daemon/commons-daemon/1.0.13/commons-daemon-1.0.13.jar:/home/user/.m2/repository/io/netty/netty/3.10.5.Final/netty-3.10.5.Final.jar:/home/user/.m2/repository/io/netty/netty-all/4.0.52.Final/netty-all-4.0.52.Final.jar:/home/user/.m2/repository/org/fusesource/leveldbjni/leveldbjni-all/1.8/leveldbjni-all-1.8.jar:"/>
    <property name="java.vm.vendor" value="IcedTea"/>
    <property name="sun.arch.data.model" value="64"/>
    <property name="test.build.dir" value="/workdir/hadoop-ozone/integration-test/target/test-dir"/>
    <property name="test.cache.data" value=""/>
    <property name="java.vendor.url" value="https://icedtea.classpath.org"/>
    <property name="user.timezone" value=""/>
    <property name="java.vm.specification.version" value="1.8"/>
    <property name="os.name" value="Linux"/>
    <property name="test.build.data" value="/workdir/hadoop-ozone/integration-test/target/test-dir"/>
    <property name="user.country" value="US"/>
    <property name="sun.java.launcher" value="SUN_STANDARD"/>
    <property name="sun.boot.library.path" value="/usr/lib/jvm/java-1.8-openjdk/jre/lib/amd64"/>
    <property name="sun.java.command" value="/workdir/hadoop-ozone/integration-test/target/surefire/surefirebooter1203537062874321655.jar /workdir/hadoop-ozone/integration-test/target/surefire 2019-09-10T17-32-40_455-jvmRun1 surefire198899547833452392tmp surefire_281070325908332631954tmp"/>
    <property name="test" value="!TestMiniChaosOzoneCluster"/>
    <property name="surefire.test.class.path" value="/workdir/hadoop-ozone/integration-test/target/test-classes:/workdir/hadoop-ozone/integration-test/target/classes:/home/user/.m2/repository/org/apache/hadoop/hadoop-ozone-common/0.5.0-SNAPSHOT/hadoop-ozone-common-0.5.0-SNAPSHOT.jar:/home/user/.m2/repository/org/apache/commons/commons-compress/1.4.1/commons-compress-1.4.1.jar:/home/user/.m2/repository/org/tukaani/xz/1.0/xz-1.0.jar:/home/user/.m2/repository/org/apache/hadoop/hadoop-common/3.2.0/hadoop-common-3.2.0.jar:/home/user/.m2/repository/org/apache/hadoop/hadoop-hdfs/3.2.0/hadoop-hdfs-3.2.0.jar:/home/user/.m2/repository/org/apache/hadoop/hadoop-hdfs-client/3.2.0/hadoop-hdfs-client-3.2.0.jar:/home/user/.m2/repository/com/fasterxml/jackson/core/jackson-annotations/2.9.5/jackson-annotations-2.9.5.jar:/home/user/.m2/repository/org/apache/hadoop/hadoop-hdds-common/0.5.0-SNAPSHOT/hadoop-hdds-common-0.5.0-SNAPSHOT.jar:/home/user/.m2/repository/javax/annotation/javax.annotation-api/1.2/javax.annotation-api-1.2.jar:/home/user/.m2/repository/org/apache/ratis/ratis-server/0.4.0-78e95b9-SNAPSHOT/ratis-server-0.4.0-78e95b9-SNAPSHOT.jar:/home/user/.m2/repository/org/apache/ratis/ratis-thirdparty-misc/0.2.0/ratis-thirdparty-misc-0.2.0.jar:/home/user/.m2/repository/org/apache/ratis/ratis-proto/0.4.0-78e95b9-SNAPSHOT/ratis-proto-0.4.0-78e95b9-SNAPSHOT.jar:/home/user/.m2/repository/org/apache/ratis/ratis-common/0.4.0-78e95b9-SNAPSHOT/ratis-common-0.4.0-78e95b9-SNAPSHOT.jar:/home/user/.m2/repository/org/apache/ratis/ratis-client/0.4.0-78e95b9-SNAPSHOT/ratis-client-0.4.0-78e95b9-SNAPSHOT.jar:/home/user/.m2/repository/org/apache/ratis/ratis-metrics/0.4.0-78e95b9-SNAPSHOT/ratis-metrics-0.4.0-78e95b9-SNAPSHOT.jar:/home/user/.m2/repository/com/github/joshelser/dropwizard-metrics-hadoop-metrics2-reporter/0.1.2/dropwizard-metrics-hadoop-metrics2-reporter-0.1.2.jar:/home/user/.m2/repository/io/dropwizard/metrics/metrics-jvm/3.2.5/metrics-jvm-3.2.5.jar:/home/user/.m2/repository/io/dropwizard/metrics/metrics-ganglia/3.2.5/metrics-ganglia-3.2.5.jar:/home/user/.m2/repository/info/ganglia/gmetric4j/gmetric4j/1.0.7/gmetric4j-1.0.7.jar:/home/user/.m2/repository/org/apache/ratis/ratis-netty/0.4.0-78e95b9-SNAPSHOT/ratis-netty-0.4.0-78e95b9-SNAPSHOT.jar:/home/user/.m2/repository/org/apache/ratis/ratis-grpc/0.4.0-78e95b9-SNAPSHOT/ratis-grpc-0.4.0-78e95b9-SNAPSHOT.jar:/home/user/.m2/repository/org/rocksdb/rocksdbjni/6.0.1/rocksdbjni-6.0.1.jar:/home/user/.m2/repository/org/apache/logging/log4j/log4j-api/2.11.0/log4j-api-2.11.0.jar:/home/user/.m2/repository/org/apache/logging/log4j/log4j-core/2.11.0/log4j-core-2.11.0.jar:/home/user/.m2/repository/com/lmax/disruptor/3.4.2/disruptor-3.4.2.jar:/home/user/.m2/repository/org/apache/commons/commons-pool2/2.6.0/commons-pool2-2.6.0.jar:/home/user/.m2/repository/org/bouncycastle/bcpkix-jdk15on/1.60/bcpkix-jdk15on-1.60.jar:/home/user/.m2/repository/commons-validator/commons-validator/1.6/commons-validator-1.6.jar:/home/user/.m2/repository/commons-digester/commons-digester/1.8.1/commons-digester-1.8.1.jar:/home/user/.m2/repository/io/jaegertracing/jaeger-client/0.33.1/jaeger-client-0.33.1.jar:/home/user/.m2/repository/io/jaegertracing/jaeger-thrift/0.33.1/jaeger-thrift-0.33.1.jar:/home/user/.m2/repository/org/apache/thrift/libthrift/0.11.0/libthrift-0.11.0.jar:/home/user/.m2/repository/com/squareup/okhttp3/okhttp/3.9.0/okhttp-3.9.0.jar:/home/user/.m2/repository/com/squareup/okio/okio/1.13.0/okio-1.13.0.jar:/home/user/.m2/repository/io/jaegertracing/jaeger-core/0.33.1/jaeger-core-0.33.1.jar:/home/user/.m2/repository/io/jaegertracing/jaeger-tracerresolver/0.33.1/jaeger-tracerresolver-0.33.1.jar:/home/user/.m2/repository/io/opentracing/contrib/opentracing-tracerresolver/0.1.5/opentracing-tracerresolver-0.1.5.jar:/home/user/.m2/repository/io/opentracing/opentracing-util/0.31.0/opentracing-util-0.31.0.jar:/home/user/.m2/repository/io/opentracing/opentracing-api/0.31.0/opentracing-api-0.31.0.jar:/home/user/.m2/repository/io/opentracing/opentracing-noop/0.31.0/opentracing-noop-0.31.0.jar:/home/user/.m2/repository/org/apache/hadoop/hadoop-hdds-server-framework/0.5.0-SNAPSHOT/hadoop-hdds-server-framework-0.5.0-SNAPSHOT.jar:/home/user/.m2/repository/org/apache/hadoop/hadoop-hdds-container-service/0.5.0-SNAPSHOT/hadoop-hdds-container-service-0.5.0-SNAPSHOT.jar:/home/user/.m2/repository/org/apache/hadoop/hadoop-hdds-client/0.5.0-SNAPSHOT/hadoop-hdds-client-0.5.0-SNAPSHOT.jar:/home/user/.m2/repository/org/apache/hadoop/hadoop-hdds-tools/0.5.0-SNAPSHOT/hadoop-hdds-tools-0.5.0-SNAPSHOT.jar:/home/user/.m2/repository/org/apache/hadoop/hadoop-hdds-server-scm/0.5.0-SNAPSHOT/hadoop-hdds-server-scm-0.5.0-SNAPSHOT.jar:/home/user/.m2/repository/org/apache/hadoop/hadoop-hdds-docs/0.5.0-SNAPSHOT/hadoop-hdds-docs-0.5.0-SNAPSHOT.jar:/home/user/.m2/repository/io/dropwizard/metrics/metrics-core/3.2.4/metrics-core-3.2.4.jar:/home/user/.m2/repository/org/hamcrest/hamcrest-all/1.3/hamcrest-all-1.3.jar:/home/user/.m2/repository/org/bouncycastle/bcprov-jdk15on/1.60/bcprov-jdk15on-1.60.jar:/home/user/.m2/repository/info/picocli/picocli/3.9.6/picocli-3.9.6.jar:/home/user/.m2/repository/com/google/protobuf/protobuf-java/2.5.0/protobuf-java-2.5.0.jar:/home/user/.m2/repository/com/google/guava/guava/11.0.2/guava-11.0.2.jar:/home/user/.m2/repository/org/apache/hadoop/hadoop-ozone-ozone-manager/0.5.0-SNAPSHOT/hadoop-ozone-ozone-manager-0.5.0-SNAPSHOT.jar:/home/user/.m2/repository/org/apache/hadoop/hadoop-minikdc/3.2.0/hadoop-minikdc-3.2.0.jar:/home/user/.m2/repository/commons-io/commons-io/2.5/commons-io-2.5.jar:/home/user/.m2/repository/org/apache/kerby/kerb-simplekdc/1.0.1/kerb-simplekdc-1.0.1.jar:/home/user/.m2/repository/org/apache/kerby/kerb-client/1.0.1/kerb-client-1.0.1.jar:/home/user/.m2/repository/org/apache/kerby/kerby-config/1.0.1/kerby-config-1.0.1.jar:/home/user/.m2/repository/org/apache/kerby/kerb-core/1.0.1/kerb-core-1.0.1.jar:/home/user/.m2/repository/org/apache/kerby/kerby-pkix/1.0.1/kerby-pkix-1.0.1.jar:/home/user/.m2/repository/org/apache/kerby/kerby-asn1/1.0.1/kerby-asn1-1.0.1.jar:/home/user/.m2/repository/org/apache/kerby/kerby-util/1.0.1/kerby-util-1.0.1.jar:/home/user/.m2/repository/org/apache/kerby/kerb-common/1.0.1/kerb-common-1.0.1.jar:/home/user/.m2/repository/org/apache/kerby/kerb-crypto/1.0.1/kerb-crypto-1.0.1.jar:/home/user/.m2/repository/org/apache/kerby/kerb-util/1.0.1/kerb-util-1.0.1.jar:/home/user/.m2/repository/org/apache/kerby/token-provider/1.0.1/token-provider-1.0.1.jar:/home/user/.m2/repository/org/apache/kerby/kerb-admin/1.0.1/kerb-admin-1.0.1.jar:/home/user/.m2/repository/org/apache/kerby/kerb-server/1.0.1/kerb-server-1.0.1.jar:/home/user/.m2/repository/org/apache/kerby/kerb-identity/1.0.1/kerb-identity-1.0.1.jar:/home/user/.m2/repository/org/apache/kerby/kerby-xdr/1.0.1/kerby-xdr-1.0.1.jar:/home/user/.m2/repository/org/slf4j/slf4j-log4j12/1.7.25/slf4j-log4j12-1.7.25.jar:/home/user/.m2/repository/org/apache/hadoop/hadoop-ozone-s3gateway/0.5.0-SNAPSHOT/hadoop-ozone-s3gateway-0.5.0-SNAPSHOT.jar:/home/user/.m2/repository/org/jboss/weld/servlet/weld-servlet/2.4.7.Final/weld-servlet-2.4.7.Final.jar:/home/user/.m2/repository/org/glassfish/jersey/containers/jersey-container-servlet-core/2.27/jersey-container-servlet-core-2.27.jar:/home/user/.m2/repository/org/glassfish/hk2/external/javax.inject/2.5.0-b42/javax.inject-2.5.0-b42.jar:/home/user/.m2/repository/org/glassfish/jersey/core/jersey-common/2.27/jersey-common-2.27.jar:/home/user/.m2/repository/org/glassfish/hk2/osgi-resource-locator/1.0.1/osgi-resource-locator-1.0.1.jar:/home/user/.m2/repository/javax/ws/rs/javax.ws.rs-api/2.1/javax.ws.rs-api-2.1.jar:/home/user/.m2/repository/org/glassfish/jersey/ext/cdi/jersey-cdi1x/2.27/jersey-cdi1x-2.27.jar:/home/user/.m2/repository/org/glassfish/jersey/inject/jersey-hk2/2.27/jersey-hk2-2.27.jar:/home/user/.m2/repository/org/glassfish/hk2/hk2-locator/2.5.0-b42/hk2-locator-2.5.0-b42.jar:/home/user/.m2/repository/org/javassist/javassist/3.22.0-CR2/javassist-3.22.0-CR2.jar:/home/user/.m2/repository/org/glassfish/hk2/hk2-api/2.5.0/hk2-api-2.5.0.jar:/home/user/.m2/repository/org/glassfish/hk2/external/jakarta.inject/2.5.0/jakarta.inject-2.5.0.jar:/home/user/.m2/repository/org/glassfish/hk2/hk2-utils/2.5.0/hk2-utils-2.5.0.jar:/home/user/.m2/repository/jakarta/annotation/jakarta.annotation-api/1.3.4/jakarta.annotation-api-1.3.4.jar:/home/user/.m2/repository/org/glassfish/hk2/external/aopalliance-repackaged/2.5.0/aopalliance-repackaged-2.5.0.jar:/home/user/.m2/repository/com/fasterxml/jackson/dataformat/jackson-dataformat-xml/2.9.0/jackson-dataformat-xml-2.9.0.jar:/home/user/.m2/repository/com/fasterxml/jackson/core/jackson-core/2.9.5/jackson-core-2.9.5.jar:/home/user/.m2/repository/com/fasterxml/jackson/module/jackson-module-jaxb-annotations/2.9.5/jackson-module-jaxb-annotations-2.9.5.jar:/home/user/.m2/repository/javax/enterprise/cdi-api/1.2/cdi-api-1.2.jar:/home/user/.m2/repository/javax/el/javax.el-api/3.0.0/javax.el-api-3.0.0.jar:/home/user/.m2/repository/javax/interceptor/javax.interceptor-api/1.2/javax.interceptor-api-1.2.jar:/home/user/.m2/repository/javax/inject/javax.inject/1/javax.inject-1.jar:/home/user/.m2/repository/com/sun/xml/bind/jaxb-impl/2.3.0.1/jaxb-impl-2.3.0.1.jar:/home/user/.m2/repository/com/sun/xml/bind/jaxb-core/2.3.0.1/jaxb-core-2.3.0.1.jar:/home/user/.m2/repository/javax/xml/bind/jaxb-api/2.3.0/jaxb-api-2.3.0.jar:/home/user/.m2/repository/javax/activation/activation/1.1.1/activation-1.1.1.jar:/home/user/.m2/repository/org/apache/hadoop/hadoop-ozone-csi/0.5.0-SNAPSHOT/hadoop-ozone-csi-0.5.0-SNAPSHOT.jar:/home/user/.m2/repository/com/google/protobuf/protobuf-java-util/3.5.1/protobuf-java-util-3.5.1.jar:/home/user/.m2/repository/org/apache/hadoop/hadoop-hdds-config/0.5.0-SNAPSHOT/hadoop-hdds-config-0.5.0-SNAPSHOT.jar:/home/user/.m2/repository/io/grpc/grpc-netty/1.17.1/grpc-netty-1.17.1.jar:/home/user/.m2/repository/io/grpc/grpc-core/1.17.1/grpc-core-1.17.1.jar:/home/user/.m2/repository/io/grpc/grpc-context/1.17.1/grpc-context-1.17.1.jar:/home/user/.m2/repository/com/google/errorprone/error_prone_annotations/2.2.0/error_prone_annotations-2.2.0.jar:/home/user/.m2/repository/org/codehaus/mojo/animal-sniffer-annotations/1.17/animal-sniffer-annotations-1.17.jar:/home/user/.m2/repository/io/opencensus/opencensus-api/0.17.0/opencensus-api-0.17.0.jar:/home/user/.m2/repository/io/opencensus/opencensus-contrib-grpc-metrics/0.17.0/opencensus-contrib-grpc-metrics-0.17.0.jar:/home/user/.m2/repository/io/netty/netty-codec-http2/4.1.30.Final/netty-codec-http2-4.1.30.Final.jar:/home/user/.m2/repository/io/netty/netty-codec-http/4.1.30.Final/netty-codec-http-4.1.30.Final.jar:/home/user/.m2/repository/io/netty/netty-codec/4.1.30.Final/netty-codec-4.1.30.Final.jar:/home/user/.m2/repository/io/netty/netty-handler/4.1.30.Final/netty-handler-4.1.30.Final.jar:/home/user/.m2/repository/io/netty/netty-handler-proxy/4.1.30.Final/netty-handler-proxy-4.1.30.Final.jar:/home/user/.m2/repository/io/netty/netty-codec-socks/4.1.30.Final/netty-codec-socks-4.1.30.Final.jar:/home/user/.m2/repository/io/netty/netty-transport-native-epoll/4.1.30.Final/netty-transport-native-epoll-4.1.30.Final.jar:/home/user/.m2/repository/io/netty/netty-common/4.1.30.Final/netty-common-4.1.30.Final.jar:/home/user/.m2/repository/io/netty/netty-buffer/4.1.30.Final/netty-buffer-4.1.30.Final.jar:/home/user/.m2/repository/io/netty/netty-transport/4.1.30.Final/netty-transport-4.1.30.Final.jar:/home/user/.m2/repository/io/netty/netty-resolver/4.1.30.Final/netty-resolver-4.1.30.Final.jar:/home/user/.m2/repository/io/netty/netty-transport-native-unix-common/4.1.30.Final/netty-transport-native-unix-common-4.1.30.Final.jar:/home/user/.m2/repository/io/grpc/grpc-protobuf/1.17.1/grpc-protobuf-1.17.1.jar:/home/user/.m2/repository/com/google/api/grpc/proto-google-common-protos/1.0.0/proto-google-common-protos-1.0.0.jar:/home/user/.m2/repository/io/grpc/grpc-protobuf-lite/1.17.1/grpc-protobuf-lite-1.17.1.jar:/home/user/.m2/repository/io/grpc/grpc-stub/1.17.1/grpc-stub-1.17.1.jar:/home/user/.m2/repository/org/apache/hadoop/hadoop-ozone-recon/0.5.0-SNAPSHOT/hadoop-ozone-recon-0.5.0-SNAPSHOT.jar:/home/user/.m2/repository/org/apache/hadoop/hadoop-ozone-reconcodegen/0.5.0-SNAPSHOT/hadoop-ozone-reconcodegen-0.5.0-SNAPSHOT.jar:/home/user/.m2/repository/com/google/inject/extensions/guice-multibindings/4.0/guice-multibindings-4.0.jar:/home/user/.m2/repository/com/google/inject/guice/4.0/guice-4.0.jar:/home/user/.m2/repository/aopalliance/aopalliance/1.0/aopalliance-1.0.jar:/home/user/.m2/repository/com/google/inject/extensions/guice-servlet/4.0/guice-servlet-4.0.jar:/home/user/.m2/repository/org/glassfish/jersey/containers/jersey-container-servlet/2.27/jersey-container-servlet-2.27.jar:/home/user/.m2/repository/org/glassfish/hk2/guice-bridge/2.5.0/guice-bridge-2.5.0.jar:/home/user/.m2/repository/org/glassfish/jersey/core/jersey-server/2.27/jersey-server-2.27.jar:/home/user/.m2/repository/org/glassfish/jersey/core/jersey-client/2.27/jersey-client-2.27.jar:/home/user/.m2/repository/org/glassfish/jersey/media/jersey-media-jaxb/2.27/jersey-media-jaxb-2.27.jar:/home/user/.m2/repository/javax/validation/validation-api/1.1.0.Final/validation-api-1.1.0.Final.jar:/home/user/.m2/repository/org/glassfish/jersey/media/jersey-media-json-jackson/2.27/jersey-media-json-jackson-2.27.jar:/home/user/.m2/repository/org/glassfish/jersey/ext/jersey-entity-filtering/2.27/jersey-entity-filtering-2.27.jar:/home/user/.m2/repository/com/google/inject/extensions/guice-assistedinject/4.0/guice-assistedinject-4.0.jar:/home/user/.m2/repository/org/jooq/jooq/3.11.10/jooq-3.11.10.jar:/home/user/.m2/repository/org/jooq/jooq-meta/3.11.10/jooq-meta-3.11.10.jar:/home/user/.m2/repository/org/jooq/jooq-codegen/3.11.10/jooq-codegen-3.11.10.jar:/home/user/.m2/repository/com/jolbox/bonecp/0.8.0.RELEASE/bonecp-0.8.0.RELEASE.jar:/home/user/.m2/repository/org/xerial/sqlite-jdbc/3.25.2/sqlite-jdbc-3.25.2.jar:/home/user/.m2/repository/org/springframework/spring-jdbc/5.1.3.RELEASE/spring-jdbc-5.1.3.RELEASE.jar:/home/user/.m2/repository/org/springframework/spring-beans/5.1.3.RELEASE/spring-beans-5.1.3.RELEASE.jar:/home/user/.m2/repository/org/springframework/spring-core/5.1.3.RELEASE/spring-core-5.1.3.RELEASE.jar:/home/user/.m2/repository/org/springframework/spring-jcl/5.1.3.RELEASE/spring-jcl-5.1.3.RELEASE.jar:/home/user/.m2/repository/org/springframework/spring-tx/5.1.3.RELEASE/spring-tx-5.1.3.RELEASE.jar:/home/user/.m2/repository/org/apache/hadoop/hadoop-ozone-client/0.5.0-SNAPSHOT/hadoop-ozone-client-0.5.0-SNAPSHOT.jar:/home/user/.m2/repository/commons-lang/commons-lang/2.6/commons-lang-2.6.jar:/home/user/.m2/repository/org/apache/hadoop/hadoop-ozone-ozone-manager/0.5.0-SNAPSHOT/hadoop-ozone-ozone-manager-0.5.0-SNAPSHOT-tests.jar:/home/user/.m2/repository/junit/junit/4.11/junit-4.11.jar:/home/user/.m2/repository/org/hamcrest/hamcrest-core/1.3/hamcrest-core-1.3.jar:/home/user/.m2/repository/org/openjdk/jmh/jmh-core/1.19/jmh-core-1.19.jar:/home/user/.m2/repository/net/sf/jopt-simple/jopt-simple/4.6/jopt-simple-4.6.jar:/home/user/.m2/repository/org/apache/commons/commons-math3/3.1.1/commons-math3-3.1.1.jar:/home/user/.m2/repository/org/openjdk/jmh/jmh-generator-annprocess/1.19/jmh-generator-annprocess-1.19.jar:/home/user/.m2/repository/org/mockito/mockito-all/1.8.5/mockito-all-1.8.5.jar:/home/user/.m2/repository/org/apache/hadoop/hadoop-kms/3.2.0/hadoop-kms-3.2.0.jar:/home/user/.m2/repository/org/apache/hadoop/hadoop-auth/3.2.0/hadoop-auth-3.2.0.jar:/home/user/.m2/repository/com/nimbusds/nimbus-jose-jwt/4.41.1/nimbus-jose-jwt-4.41.1.jar:/home/user/.m2/repository/com/github/stephenc/jcip/jcip-annotations/1.0-1/jcip-annotations-1.0-1.jar:/home/user/.m2/repository/net/minidev/json-smart/2.3/json-smart-2.3.jar:/home/user/.m2/repository/net/minidev/accessors-smart/1.2/accessors-smart-1.2.jar:/home/user/.m2/repository/org/ow2/asm/asm/5.0.4/asm-5.0.4.jar:/home/user/.m2/repository/org/apache/curator/curator-framework/2.12.0/curator-framework-2.12.0.jar:/home/user/.m2/repository/com/sun/jersey/jersey-core/1.19/jersey-core-1.19.jar:/home/user/.m2/repository/javax/ws/rs/jsr311-api/1.1.1/jsr311-api-1.1.1.jar:/home/user/.m2/repository/com/sun/jersey/jersey-server/1.19/jersey-server-1.19.jar:/home/user/.m2/repository/javax/servlet/javax.servlet-api/3.1.0/javax.servlet-api-3.1.0.jar:/home/user/.m2/repository/org/eclipse/jetty/jetty-server/9.3.24.v20180605/jetty-server-9.3.24.v20180605.jar:/home/user/.m2/repository/org/eclipse/jetty/jetty-http/9.3.24.v20180605/jetty-http-9.3.24.v20180605.jar:/home/user/.m2/repository/org/eclipse/jetty/jetty-io/9.3.24.v20180605/jetty-io-9.3.24.v20180605.jar:/home/user/.m2/repository/org/eclipse/jetty/jetty-webapp/9.3.24.v20180605/jetty-webapp-9.3.24.v20180605.jar:/home/user/.m2/repository/org/eclipse/jetty/jetty-xml/9.3.24.v20180605/jetty-xml-9.3.24.v20180605.jar:/home/user/.m2/repository/log4j/log4j/1.2.17/log4j-1.2.17.jar:/home/user/.m2/repository/org/slf4j/slf4j-api/1.7.25/slf4j-api-1.7.25.jar:/home/user/.m2/repository/org/slf4j/jul-to-slf4j/1.7.25/jul-to-slf4j-1.7.25.jar:/home/user/.m2/repository/org/eclipse/jetty/jetty-util/9.3.24.v20180605/jetty-util-9.3.24.v20180605.jar:/home/user/.m2/repository/com/fasterxml/jackson/core/jackson-databind/2.9.5/jackson-databind-2.9.5.jar:/home/user/.m2/repository/org/apache/hadoop/hadoop-kms/3.2.0/hadoop-kms-3.2.0-tests.jar:/home/user/.m2/repository/org/apache/hadoop/hadoop-hdds-server-scm/0.5.0-SNAPSHOT/hadoop-hdds-server-scm-0.5.0-SNAPSHOT-tests.jar:/home/user/.m2/repository/org/apache/hadoop/hadoop-hdds-container-service/0.5.0-SNAPSHOT/hadoop-hdds-container-service-0.5.0-SNAPSHOT-tests.jar:/home/user/.m2/repository/org/yaml/snakeyaml/1.16/snakeyaml-1.16.jar:/home/user/.m2/repository/org/apache/hadoop/hadoop-common/3.2.0/hadoop-common-3.2.0-tests.jar:/home/user/.m2/repository/org/apache/hadoop/hadoop-annotations/3.2.0/hadoop-annotations-3.2.0.jar:/usr/lib/jvm/java-1.8-openjdk/jre/../lib/tools.jar:/home/user/.m2/repository/commons-cli/commons-cli/1.2/commons-cli-1.2.jar:/home/user/.m2/repository/org/apache/httpcomponents/httpclient/4.5.2/httpclient-4.5.2.jar:/home/user/.m2/repository/org/apache/httpcomponents/httpcore/4.4.4/httpcore-4.4.4.jar:/home/user/.m2/repository/commons-codec/commons-codec/1.11/commons-codec-1.11.jar:/home/user/.m2/repository/commons-net/commons-net/3.6/commons-net-3.6.jar:/home/user/.m2/repository/commons-collections/commons-collections/3.2.2/commons-collections-3.2.2.jar:/home/user/.m2/repository/org/eclipse/jetty/jetty-servlet/9.3.24.v20180605/jetty-servlet-9.3.24.v20180605.jar:/home/user/.m2/repository/org/eclipse/jetty/jetty-security/9.3.24.v20180605/jetty-security-9.3.24.v20180605.jar:/home/user/.m2/repository/javax/servlet/jsp/jsp-api/2.1/jsp-api-2.1.jar:/home/user/.m2/repository/com/sun/jersey/jersey-servlet/1.19/jersey-servlet-1.19.jar:/home/user/.m2/repository/com/sun/jersey/jersey-json/1.19/jersey-json-1.19.jar:/home/user/.m2/repository/org/codehaus/jettison/jettison/1.1/jettison-1.1.jar:/home/user/.m2/repository/org/codehaus/jackson/jackson-core-asl/1.9.13/jackson-core-asl-1.9.13.jar:/home/user/.m2/repository/org/codehaus/jackson/jackson-mapper-asl/1.9.13/jackson-mapper-asl-1.9.13.jar:/home/user/.m2/repository/org/codehaus/jackson/jackson-jaxrs/1.9.13/jackson-jaxrs-1.9.13.jar:/home/user/.m2/repository/org/codehaus/jackson/jackson-xc/1.9.13/jackson-xc-1.9.13.jar:/home/user/.m2/repository/commons-logging/commons-logging/1.1.3/commons-logging-1.1.3.jar:/home/user/.m2/repository/commons-beanutils/commons-beanutils/1.9.3/commons-beanutils-1.9.3.jar:/home/user/.m2/repository/org/apache/commons/commons-configuration2/2.1.1/commons-configuration2-2.1.1.jar:/home/user/.m2/repository/org/apache/commons/commons-lang3/3.7/commons-lang3-3.7.jar:/home/user/.m2/repository/org/apache/commons/commons-text/1.4/commons-text-1.4.jar:/home/user/.m2/repository/org/apache/avro/avro/1.7.7/avro-1.7.7.jar:/home/user/.m2/repository/com/thoughtworks/paranamer/paranamer/2.3/paranamer-2.3.jar:/home/user/.m2/repository/org/xerial/snappy/snappy-java/1.0.5/snappy-java-1.0.5.jar:/home/user/.m2/repository/com/google/re2j/re2j/1.1/re2j-1.1.jar:/home/user/.m2/repository/com/google/code/gson/gson/2.2.4/gson-2.2.4.jar:/home/user/.m2/repository/com/jcraft/jsch/0.1.54/jsch-0.1.54.jar:/home/user/.m2/repository/org/apache/curator/curator-client/2.12.0/curator-client-2.12.0.jar:/home/user/.m2/repository/org/apache/curator/curator-recipes/2.12.0/curator-recipes-2.12.0.jar:/home/user/.m2/repository/com/google/code/findbugs/jsr305/3.0.0/jsr305-3.0.0.jar:/home/user/.m2/repository/org/apache/htrace/htrace-core4/4.1.0-incubating/htrace-core4-4.1.0-incubating.jar:/home/user/.m2/repository/org/apache/zookeeper/zookeeper/3.4.13/zookeeper-3.4.13.jar:/home/user/.m2/repository/org/apache/yetus/audience-annotations/0.5.0/audience-annotations-0.5.0.jar:/home/user/.m2/repository/org/codehaus/woodstox/stax2-api/3.1.4/stax2-api-3.1.4.jar:/home/user/.m2/repository/com/fasterxml/woodstox/woodstox-core/5.0.3/woodstox-core-5.0.3.jar:/home/user/.m2/repository/dnsjava/dnsjava/2.1.7/dnsjava-2.1.7.jar:/home/user/.m2/repository/org/apache/hadoop/hadoop-hdfs/3.2.0/hadoop-hdfs-3.2.0-tests.jar:/home/user/.m2/repository/org/eclipse/jetty/jetty-util-ajax/9.3.24.v20180605/jetty-util-ajax-9.3.24.v20180605.jar:/home/user/.m2/repository/commons-daemon/commons-daemon/1.0.13/commons-daemon-1.0.13.jar:/home/user/.m2/repository/io/netty/netty/3.10.5.Final/netty-3.10.5.Final.jar:/home/user/.m2/repository/io/netty/netty-all/4.0.52.Final/netty-all-4.0.52.Final.jar:/home/user/.m2/repository/org/fusesource/leveldbjni/leveldbjni-all/1.8/leveldbjni-all-1.8.jar:"/>
    <property name="sun.cpu.endian" value="little"/>
    <property name="user.home" value="/home/user"/>
    <property name="user.language" value="en"/>
    <property name="java.specification.vendor" value="Oracle Corporation"/>
    <property name="java.home" value="/usr/lib/jvm/java-1.8-openjdk/jre"/>
    <property name="java.security.krb5.conf" value="/workdir/hadoop-ozone/integration-test/target/test-classes/krb5.conf"/>
    <property name="basedir" value="/workdir/hadoop-ozone/integration-test"/>
    <property name="file.separator" value="/"/>
    <property name="line.separator" value="&#10;"/>
    <property name="java.vm.specification.vendor" value="Oracle Corporation"/>
    <property name="java.specification.name" value="Java Platform API Specification"/>
    <property name="java.awt.graphicsenv" value="sun.awt.X11GraphicsEnvironment"/>
    <property name="surefire.real.class.path" value="/workdir/hadoop-ozone/integration-test/target/surefire/surefirebooter1203537062874321655.jar"/>
    <property name="hadoop.log.dir" value="/workdir/hadoop-ozone/integration-test/target/log"/>
    <property name="sun.boot.class.path" value="/usr/lib/jvm/java-1.8-openjdk/jre/lib/resources.jar:/usr/lib/jvm/java-1.8-openjdk/jre/lib/rt.jar:/usr/lib/jvm/java-1.8-openjdk/jre/lib/sunrsasign.jar:/usr/lib/jvm/java-1.8-openjdk/jre/lib/jsse.jar:/usr/lib/jvm/java-1.8-openjdk/jre/lib/jce.jar:/usr/lib/jvm/java-1.8-openjdk/jre/lib/charsets.jar:/usr/lib/jvm/java-1.8-openjdk/jre/lib/jfr.jar:/usr/lib/jvm/java-1.8-openjdk/jre/classes"/>
    <property name="sun.management.compiler" value="HotSpot 64-Bit Tiered Compilers"/>
    <property name="java.runtime.version" value="1.8.0_212-b04"/>
    <property name="java.net.preferIPv4Stack" value="true"/>
    <property name="user.name" value="jenkins1000"/>
    <property name="path.separator" value=":"/>
    <property name="java.security.egd" value="file:///dev/urandom"/>
    <property name="os.version" value="3.10.0-957.12.2.el7.x86_64"/>
    <property name="java.endorsed.dirs" value="/usr/lib/jvm/java-1.8-openjdk/jre/lib/endorsed"/>
    <property name="java.runtime.name" value="OpenJDK Runtime Environment"/>
    <property name="file.encoding" value="UTF-8"/>
    <property name="java.vm.name" value="OpenJDK 64-Bit Server VM"/>
    <property name="test.build.webapps" value=""/>
    <property name="localRepository" value="/home/user/.m2/repository"/>
    <property name="java.vendor.url.bug" value="https://icedtea.classpath.org/bugzilla"/>
    <property name="java.io.tmpdir" value="/tmp"/>
    <property name="require.test.libhadoop" value=""/>
    <property name="java.version" value="1.8.0_212"/>
    <property name="user.dir" value="/workdir/hadoop-ozone/integration-test"/>
    <property name="os.arch" value="amd64"/>
    <property name="java.vm.specification.name" value="Java Virtual Machine Specification"/>
    <property name="test.build.classes" value="/workdir/hadoop-ozone/integration-test/target/test-classes"/>
    <property name="java.awt.printerjob" value="sun.print.PSPrinterJob"/>
    <property name="sun.os.patch.level" value="unknown"/>
    <property name="hadoop.tmp.dir" value="/workdir/hadoop-ozone/integration-test/target/tmp"/>
    <property name="java.library.path" value="/usr/lib/jvm/java-1.8-openjdk/jre/lib/amd64/server:/usr/lib/jvm/java-1.8-openjdk/jre/lib/amd64:/usr/lib/jvm/java-1.8-openjdk/jre/../lib/amd64:/workdir/hadoop-ozone/integration-test/target/native/target/usr/local/lib:/workdir/hadoop-ozone/integration-test/../../hadoop-common-project/hadoop-common/target/native/target/usr/local/lib:/usr/java/packages/lib/amd64:/usr/lib64:/lib64:/lib:/usr/lib"/>
    <property name="java.vm.info" value="mixed mode"/>
    <property name="java.vendor" value="IcedTea"/>
    <property name="java.vm.version" value="25.212-b04"/>
    <property name="java.ext.dirs" value="/usr/lib/jvm/java-1.8-openjdk/jre/lib/ext:/usr/java/packages/lib/ext"/>
    <property name="sun.io.unicode.encoding" value="UnicodeLittle"/>
    <property name="java.class.version" value="52.0"/>
  </properties>
  <testcase name="testRatisSnapshotRetention" classname="org.apache.hadoop.ozone.client.rpc.TestContainerStateMachine" time="6.665">
    <failure message="expected:&lt;5&gt; but was:&lt;6&gt;" type="java.lang.AssertionError"><![CDATA[java.lang.AssertionError: expected:<5> but was:<6>
	at org.junit.Assert.fail(Assert.java:88)
	at org.junit.Assert.failNotEquals(Assert.java:743)
	at org.junit.Assert.assertEquals(Assert.java:118)
	at org.junit.Assert.assertEquals(Assert.java:555)
	at org.junit.Assert.assertEquals(Assert.java:542)
	at org.apache.hadoop.ozone.client.rpc.TestContainerStateMachine.testRatisSnapshotRetention(TestContainerStateMachine.java:207)
	at sun.reflect.NativeMethodAccessorImpl.invoke0(Native Method)
	at sun.reflect.NativeMethodAccessorImpl.invoke(NativeMethodAccessorImpl.java:62)
	at sun.reflect.DelegatingMethodAccessorImpl.invoke(DelegatingMethodAccessorImpl.java:43)
	at java.lang.reflect.Method.invoke(Method.java:498)
	at org.junit.runners.model.FrameworkMethod$1.runReflectiveCall(FrameworkMethod.java:47)
	at org.junit.internal.runners.model.ReflectiveCallable.run(ReflectiveCallable.java:12)
	at org.junit.runners.model.FrameworkMethod.invokeExplosively(FrameworkMethod.java:44)
	at org.junit.internal.runners.statements.InvokeMethod.evaluate(InvokeMethod.java:17)
	at org.junit.runners.ParentRunner.runLeaf(ParentRunner.java:271)
	at org.junit.runners.BlockJUnit4ClassRunner.runChild(BlockJUnit4ClassRunner.java:70)
	at org.junit.runners.BlockJUnit4ClassRunner.runChild(BlockJUnit4ClassRunner.java:50)
	at org.junit.runners.ParentRunner$3.run(ParentRunner.java:238)
	at org.junit.runners.ParentRunner$1.schedule(ParentRunner.java:63)
	at org.junit.runners.ParentRunner.runChildren(ParentRunner.java:236)
	at org.junit.runners.ParentRunner.access$000(ParentRunner.java:53)
	at org.junit.runners.ParentRunner$2.evaluate(ParentRunner.java:229)
	at org.junit.internal.runners.statements.RunBefores.evaluate(RunBefores.java:26)
	at org.junit.internal.runners.statements.RunAfters.evaluate(RunAfters.java:27)
	at org.junit.runners.ParentRunner.run(ParentRunner.java:309)
	at org.apache.maven.surefire.junit4.JUnit4Provider.execute(JUnit4Provider.java:365)
	at org.apache.maven.surefire.junit4.JUnit4Provider.executeWithRerun(JUnit4Provider.java:273)
	at org.apache.maven.surefire.junit4.JUnit4Provider.executeTestSet(JUnit4Provider.java:238)
	at org.apache.maven.surefire.junit4.JUnit4Provider.invoke(JUnit4Provider.java:159)
	at org.apache.maven.surefire.booter.ForkedBooter.invokeProviderInSameClassLoader(ForkedBooter.java:384)
	at org.apache.maven.surefire.booter.ForkedBooter.runSuitesInProcess(ForkedBooter.java:345)
	at org.apache.maven.surefire.booter.ForkedBooter.execute(ForkedBooter.java:126)
	at org.apache.maven.surefire.booter.ForkedBooter.main(ForkedBooter.java:418)
]]></failure>
    <system-out><![CDATA[2019-09-10 18:18:07,892 [main] WARN  server.ServerUtils (ServerUtils.java:getScmDbDir(145)) - ozone.scm.db.dirs is not configured. We recommend adding this setting. Falling back to ozone.metadata.dirs instead.
2019-09-10 18:18:07,974 [main] WARN  server.ServerUtils (ServerUtils.java:getScmDbDir(145)) - ozone.scm.db.dirs is not configured. We recommend adding this setting. Falling back to ozone.metadata.dirs instead.
2019-09-10 18:18:07,977 [main] WARN  server.ServerUtils (ServerUtils.java:getScmDbDir(145)) - ozone.scm.db.dirs is not configured. We recommend adding this setting. Falling back to ozone.metadata.dirs instead.
2019-09-10 18:18:07,993 [main] INFO  util.log (Log.java:initialized(192)) - Logging initialized @2652ms
2019-09-10 18:18:08,093 [main] INFO  db.DBStoreBuilder (DBStoreBuilder.java:addTable(110)) - using custom profile for table: deletedBlocks
2019-09-10 18:18:08,093 [main] INFO  db.DBStoreBuilder (DBStoreBuilder.java:processTables(161)) - Using default column profile:DBProfile.DISK for Table:deletedBlocks
2019-09-10 18:18:08,093 [main] INFO  db.DBStoreBuilder (DBStoreBuilder.java:addTable(110)) - using custom profile for table: validCerts
2019-09-10 18:18:08,094 [main] INFO  db.DBStoreBuilder (DBStoreBuilder.java:processTables(161)) - Using default column profile:DBProfile.DISK for Table:validCerts
2019-09-10 18:18:08,094 [main] INFO  db.DBStoreBuilder (DBStoreBuilder.java:addTable(110)) - using custom profile for table: revokedCerts
2019-09-10 18:18:08,094 [main] INFO  db.DBStoreBuilder (DBStoreBuilder.java:processTables(161)) - Using default column profile:DBProfile.DISK for Table:revokedCerts
2019-09-10 18:18:08,104 [main] INFO  db.DBStoreBuilder (DBStoreBuilder.java:addTable(110)) - using custom profile for table: default
2019-09-10 18:18:08,104 [main] INFO  db.DBStoreBuilder (DBStoreBuilder.java:processTables(167)) - Using default column profile:DBProfile.DISK for Table:default
2019-09-10 18:18:08,105 [main] INFO  db.DBStoreBuilder (DBStoreBuilder.java:getDbProfile(198)) - Using default options. DBProfile.DISK
2019-09-10 18:18:08,485 [main] INFO  net.NodeSchemaLoader (NodeSchemaLoader.java:loadSchemaFromFile(125)) - Loading file from sun.misc.CompoundEnumeration@4879f0f2
2019-09-10 18:18:08,487 [main] INFO  net.NodeSchemaLoader (NodeSchemaLoader.java:loadSchema(171)) - Loading network topology layer schema file
2019-09-10 18:18:08,560 [main] INFO  node.SCMNodeManager (SCMNodeManager.java:<init>(114)) - Entering startup safe mode.
2019-09-10 18:18:08,582 [main] INFO  algorithms.ContainerPlacementPolicyFactory (ContainerPlacementPolicyFactory.java:getPolicy(57)) - Create container placement policy of type org.apache.hadoop.hdds.scm.container.placement.algorithms.SCMContainerPlacementRandom
2019-09-10 18:18:08,597 [main] WARN  server.ServerUtils (ServerUtils.java:getScmDbDir(145)) - ozone.scm.db.dirs is not configured. We recommend adding this setting. Falling back to ozone.metadata.dirs instead.
2019-09-10 18:18:08,668 [main] INFO  pipeline.SCMPipelineManager (SCMPipelineManager.java:initializePipelineState(128)) - No pipeline exists in current db
2019-09-10 18:18:08,671 [main] WARN  server.ServerUtils (ServerUtils.java:getScmDbDir(145)) - ozone.scm.db.dirs is not configured. We recommend adding this setting. Falling back to ozone.metadata.dirs instead.
2019-09-10 18:18:08,876 [main] WARN  events.EventQueue (EventQueue.java:fireEvent(183)) - No event handler registered for event TypedEvent{payloadType=SafeModeStatus, name='SafeModeStatus'}
2019-09-10 18:18:08,992 [main] INFO  ipc.CallQueueManager (CallQueueManager.java:<init>(84)) - Using callQueue: class java.util.concurrent.LinkedBlockingQueue, queueCapacity: 2000, scheduler: class org.apache.hadoop.ipc.DefaultRpcScheduler, ipcBackoff: false.
2019-09-10 18:18:09,021 [Socket Reader #1 for port 40804] INFO  ipc.Server (Server.java:run(1074)) - Starting Socket Reader #1 for port 40804
2019-09-10 18:18:09,045 [main] INFO  ipc.CallQueueManager (CallQueueManager.java:<init>(84)) - Using callQueue: class java.util.concurrent.LinkedBlockingQueue, queueCapacity: 2000, scheduler: class org.apache.hadoop.ipc.DefaultRpcScheduler, ipcBackoff: false.
2019-09-10 18:18:09,046 [Socket Reader #1 for port 38999] INFO  ipc.Server (Server.java:run(1074)) - Starting Socket Reader #1 for port 38999
2019-09-10 18:18:09,054 [main] INFO  ipc.CallQueueManager (CallQueueManager.java:<init>(84)) - Using callQueue: class java.util.concurrent.LinkedBlockingQueue, queueCapacity: 2000, scheduler: class org.apache.hadoop.ipc.DefaultRpcScheduler, ipcBackoff: false.
2019-09-10 18:18:09,055 [Socket Reader #1 for port 37079] INFO  ipc.Server (Server.java:run(1074)) - Starting Socket Reader #1 for port 37079
2019-09-10 18:18:09,090 [main] INFO  hdfs.DFSUtil (DFSUtil.java:httpServerTemplateForNNAndJN(1641)) - Starting Web-server for scm at: http://0.0.0.0:0
2019-09-10 18:18:09,313 [main] INFO  server.AuthenticationFilter (AuthenticationFilter.java:constructSecretProvider(240)) - Unable to initialize FileSignerSecretProvider, falling back to use random secrets.
2019-09-10 18:18:09,324 [main] WARN  http.HttpRequestLog (HttpRequestLog.java:getRequestLog(97)) - Jetty request log can only be enabled using Log4j
2019-09-10 18:18:09,334 [main] INFO  http.HttpServer2 (HttpServer2.java:addGlobalFilter(975)) - Added global filter 'safety' (class=org.apache.hadoop.http.HttpServer2$QuotingInputFilter)
2019-09-10 18:18:09,337 [main] INFO  http.HttpServer2 (HttpServer2.java:addFilter(948)) - Added filter static_user_filter (class=org.apache.hadoop.http.lib.StaticUserWebFilter$StaticUserFilter) to context scm
2019-09-10 18:18:09,337 [main] INFO  http.HttpServer2 (HttpServer2.java:addFilter(958)) - Added filter static_user_filter (class=org.apache.hadoop.http.lib.StaticUserWebFilter$StaticUserFilter) to context static
2019-09-10 18:18:09,337 [main] INFO  http.HttpServer2 (HttpServer2.java:addFilter(958)) - Added filter static_user_filter (class=org.apache.hadoop.http.lib.StaticUserWebFilter$StaticUserFilter) to context logs
2019-09-10 18:18:09,375 [main] INFO  server.StorageContainerManager (StorageContainerManager.java:start(763)) - StorageContainerLocationProtocol RPC server is listening at /0.0.0.0:37079
2019-09-10 18:18:09,447 [main] WARN  impl.MetricsConfig (MetricsConfig.java:loadFirst(134)) - Cannot locate configuration: tried hadoop-metrics2-storagecontainermanager.properties,hadoop-metrics2.properties
2019-09-10 18:18:09,463 [main] INFO  impl.MetricsSystemImpl (MetricsSystemImpl.java:startTimer(374)) - Scheduled Metric snapshot period at 10 second(s).
2019-09-10 18:18:09,463 [main] INFO  impl.MetricsSystemImpl (MetricsSystemImpl.java:start(191)) - StorageContainerManager metrics system started
2019-09-10 18:18:09,515 [main] INFO  server.SCMClientProtocolServer (SCMClientProtocolServer.java:start(151)) - RPC server for Client  is listening at /0.0.0.0:37079
2019-09-10 18:18:09,515 [IPC Server Responder] INFO  ipc.Server (Server.java:run(1314)) - IPC Server Responder: starting
2019-09-10 18:18:09,516 [IPC Server listener on 37079] INFO  ipc.Server (Server.java:run(1153)) - IPC Server listener on 37079: starting
2019-09-10 18:18:09,519 [main] INFO  server.StorageContainerManager (StorageContainerManager.java:start(773)) - ScmBlockLocationProtocol RPC server is listening at /0.0.0.0:38999
2019-09-10 18:18:09,520 [main] INFO  server.SCMBlockProtocolServer (SCMBlockProtocolServer.java:start(146)) - RPC server for Block Protocol is listening at /0.0.0.0:38999
2019-09-10 18:18:09,521 [IPC Server Responder] INFO  ipc.Server (Server.java:run(1314)) - IPC Server Responder: starting
2019-09-10 18:18:09,521 [IPC Server listener on 38999] INFO  ipc.Server (Server.java:run(1153)) - IPC Server listener on 38999: starting
2019-09-10 18:18:09,523 [main] INFO  server.StorageContainerManager (StorageContainerManager.java:start(777)) - ScmDatanodeProtocl RPC server is listening at /0.0.0.0:40804
2019-09-10 18:18:09,524 [main] INFO  server.SCMDatanodeProtocolServer (SCMDatanodeProtocolServer.java:start(191)) - RPC server for DataNodes is listening at /0.0.0.0:40804
2019-09-10 18:18:09,524 [IPC Server Responder] INFO  ipc.Server (Server.java:run(1314)) - IPC Server Responder: starting
2019-09-10 18:18:09,524 [IPC Server listener on 40804] INFO  ipc.Server (Server.java:run(1153)) - IPC Server listener on 40804: starting
2019-09-10 18:18:09,528 [main] INFO  http.HttpServer2 (HttpServer2.java:bindListener(1191)) - Jetty bound to port 45246
2019-09-10 18:18:09,530 [main] INFO  server.Server (Server.java:doStart(351)) - jetty-9.3.24.v20180605, build timestamp: 2018-06-05T17:11:56Z, git hash: 84205aa28f11a4f31f2a3b86d1bba2cc8ab69827
2019-09-10 18:18:09,569 [main] INFO  handler.ContextHandler (ContextHandler.java:doStart(781)) - Started o.e.j.s.ServletContextHandler@5a12c728{/logs,file:///workdir/hadoop-ozone/integration-test/target/log,AVAILABLE}
2019-09-10 18:18:09,570 [main] INFO  handler.ContextHandler (ContextHandler.java:doStart(781)) - Started o.e.j.s.ServletContextHandler@6e5bfdfc{/static,file:///workdir/hadoop-ozone/integration-test/target/test-classes/webapps/static,AVAILABLE}
2019-09-10 18:18:09,604 [main] INFO  handler.ContextHandler (ContextHandler.java:doStart(781)) - Started o.e.j.w.WebAppContext@d400943{/,file:///workdir/hadoop-ozone/integration-test/target/test-classes/webapps/scm/,AVAILABLE}{/scm}
2019-09-10 18:18:09,610 [main] INFO  server.AbstractConnector (AbstractConnector.java:doStart(278)) - Started ServerConnector@60f2e0bd{HTTP/1.1,[http/1.1]}{0.0.0.0:45246}
2019-09-10 18:18:09,610 [main] INFO  server.Server (Server.java:doStart(419)) - Started @4269ms
2019-09-10 18:18:09,613 [main] INFO  impl.MetricsSinkAdapter (MetricsSinkAdapter.java:start(204)) - Sink prometheus started
2019-09-10 18:18:09,613 [main] INFO  impl.MetricsSystemImpl (MetricsSystemImpl.java:registerSink(301)) - Registered sink prometheus
2019-09-10 18:18:09,614 [main] INFO  server.BaseHttpServer (BaseHttpServer.java:updateConnectorAddress(215)) - HTTP server of SCM is listening at http://0.0.0.0:45246
2019-09-10 18:18:09,623 [org.apache.hadoop.util.JvmPauseMonitor$Monitor@2e1792e7] INFO  util.JvmPauseMonitor (JvmPauseMonitor.java:run(188)) - Starting JVM pause monitor
2019-09-10 18:18:09,626 [main] WARN  server.ServerUtils (ServerUtils.java:getDBPath(222)) - ozone.om.db.dirs is not configured. We recommend adding this setting. Falling back to ozone.metadata.dirs instead.
2019-09-10 18:18:09,643 [main] WARN  server.ServerUtils (ServerUtils.java:getDBPath(222)) - ozone.om.db.dirs is not configured. We recommend adding this setting. Falling back to ozone.metadata.dirs instead.
2019-09-10 18:18:09,643 [main] WARN  server.ServerUtils (ServerUtils.java:getDBPath(222)) - ozone.om.db.dirs is not configured. We recommend adding this setting. Falling back to ozone.metadata.dirs instead.
2019-09-10 18:18:09,645 [main] INFO  om.OzoneManager (OzoneManager.java:setOMNodeDetails(649)) - OM Service ID is not set. Setting it to the default ID: omServiceIdDefault
2019-09-10 18:18:09,645 [main] INFO  om.OzoneManager (OzoneManager.java:setOMNodeDetails(655)) - OM Node ID is not set. Setting it to the OmStorage's OmID: ccb4b6a7-e0d8-4012-ac6f-2d2dcef0381c
2019-09-10 18:18:09,647 [main] INFO  om.OzoneManager (OzoneManager.java:loadOMHAConfigs(606)) - Found matching OM address with OMServiceId: null, OMNodeId: null, RPC Address: localhost:0 and Ratis port: 9872
2019-09-10 18:18:09,805 [main] WARN  server.ServerUtils (ServerUtils.java:getDBPath(222)) - ozone.om.db.dirs is not configured. We recommend adding this setting. Falling back to ozone.metadata.dirs instead.
2019-09-10 18:18:09,815 [main] INFO  db.DBStoreBuilder (DBStoreBuilder.java:addTable(110)) - using custom profile for table: userTable
2019-09-10 18:18:09,815 [main] INFO  db.DBStoreBuilder (DBStoreBuilder.java:processTables(161)) - Using default column profile:DBProfile.DISK for Table:userTable
2019-09-10 18:18:09,816 [main] INFO  db.DBStoreBuilder (DBStoreBuilder.java:addTable(110)) - using custom profile for table: volumeTable
2019-09-10 18:18:09,816 [main] INFO  db.DBStoreBuilder (DBStoreBuilder.java:processTables(161)) - Using default column profile:DBProfile.DISK for Table:volumeTable
2019-09-10 18:18:09,816 [main] INFO  db.DBStoreBuilder (DBStoreBuilder.java:addTable(110)) - using custom profile for table: bucketTable
2019-09-10 18:18:09,816 [main] INFO  db.DBStoreBuilder (DBStoreBuilder.java:processTables(161)) - Using default column profile:DBProfile.DISK for Table:bucketTable
2019-09-10 18:18:09,817 [main] INFO  db.DBStoreBuilder (DBStoreBuilder.java:addTable(110)) - using custom profile for table: keyTable
2019-09-10 18:18:09,817 [main] INFO  db.DBStoreBuilder (DBStoreBuilder.java:processTables(161)) - Using default column profile:DBProfile.DISK for Table:keyTable
2019-09-10 18:18:09,817 [main] INFO  db.DBStoreBuilder (DBStoreBuilder.java:addTable(110)) - using custom profile for table: deletedTable
2019-09-10 18:18:09,817 [main] INFO  db.DBStoreBuilder (DBStoreBuilder.java:processTables(161)) - Using default column profile:DBProfile.DISK for Table:deletedTable
2019-09-10 18:18:09,818 [main] INFO  db.DBStoreBuilder (DBStoreBuilder.java:addTable(110)) - using custom profile for table: openKeyTable
2019-09-10 18:18:09,818 [main] INFO  db.DBStoreBuilder (DBStoreBuilder.java:processTables(161)) - Using default column profile:DBProfile.DISK for Table:openKeyTable
2019-09-10 18:18:09,818 [main] INFO  db.DBStoreBuilder (DBStoreBuilder.java:addTable(110)) - using custom profile for table: s3Table
2019-09-10 18:18:09,818 [main] INFO  db.DBStoreBuilder (DBStoreBuilder.java:processTables(161)) - Using default column profile:DBProfile.DISK for Table:s3Table
2019-09-10 18:18:09,819 [main] INFO  db.DBStoreBuilder (DBStoreBuilder.java:addTable(110)) - using custom profile for table: multipartInfoTable
2019-09-10 18:18:09,819 [main] INFO  db.DBStoreBuilder (DBStoreBuilder.java:processTables(161)) - Using default column profile:DBProfile.DISK for Table:multipartInfoTable
2019-09-10 18:18:09,819 [main] INFO  db.DBStoreBuilder (DBStoreBuilder.java:addTable(110)) - using custom profile for table: dTokenTable
2019-09-10 18:18:09,819 [main] INFO  db.DBStoreBuilder (DBStoreBuilder.java:processTables(161)) - Using default column profile:DBProfile.DISK for Table:dTokenTable
2019-09-10 18:18:09,820 [main] INFO  db.DBStoreBuilder (DBStoreBuilder.java:addTable(110)) - using custom profile for table: s3SecretTable
2019-09-10 18:18:09,820 [main] INFO  db.DBStoreBuilder (DBStoreBuilder.java:processTables(161)) - Using default column profile:DBProfile.DISK for Table:s3SecretTable
2019-09-10 18:18:09,820 [main] INFO  db.DBStoreBuilder (DBStoreBuilder.java:addTable(110)) - using custom profile for table: prefixTable
2019-09-10 18:18:09,820 [main] INFO  db.DBStoreBuilder (DBStoreBuilder.java:processTables(161)) - Using default column profile:DBProfile.DISK for Table:prefixTable
2019-09-10 18:18:09,821 [main] INFO  db.DBStoreBuilder (DBStoreBuilder.java:addTable(110)) - using custom profile for table: default
2019-09-10 18:18:09,821 [main] INFO  db.DBStoreBuilder (DBStoreBuilder.java:processTables(167)) - Using default column profile:DBProfile.DISK for Table:default
2019-09-10 18:18:09,821 [main] INFO  db.DBStoreBuilder (DBStoreBuilder.java:getDbProfile(198)) - Using default options. DBProfile.DISK
2019-09-10 18:18:10,683 [main] INFO  ipc.CallQueueManager (CallQueueManager.java:<init>(84)) - Using callQueue: class java.util.concurrent.LinkedBlockingQueue, queueCapacity: 2000, scheduler: class org.apache.hadoop.ipc.DefaultRpcScheduler, ipcBackoff: false.
2019-09-10 18:18:10,685 [Socket Reader #1 for port 43292] INFO  ipc.Server (Server.java:run(1074)) - Starting Socket Reader #1 for port 43292
2019-09-10 18:18:10,710 [main] INFO  om.OzoneManager (OzoneManager.java:start(1240)) - OzoneManager RPC server is listening at localhost/127.0.0.1:43292
2019-09-10 18:18:10,710 [main] INFO  impl.MetricsSystemImpl (MetricsSystemImpl.java:init(158)) - OzoneManager metrics system started (again)
2019-09-10 18:18:10,711 [IPC Server Responder] INFO  ipc.Server (Server.java:run(1314)) - IPC Server Responder: starting
2019-09-10 18:18:10,712 [IPC Server listener on 43292] INFO  ipc.Server (Server.java:run(1153)) - IPC Server listener on 43292: starting
2019-09-10 18:18:10,719 [main] INFO  hdfs.DFSUtil (DFSUtil.java:httpServerTemplateForNNAndJN(1641)) - Starting Web-server for ozoneManager at: http://0.0.0.0:0
2019-09-10 18:18:10,722 [main] INFO  server.AuthenticationFilter (AuthenticationFilter.java:constructSecretProvider(240)) - Unable to initialize FileSignerSecretProvider, falling back to use random secrets.
2019-09-10 18:18:10,723 [main] WARN  http.HttpRequestLog (HttpRequestLog.java:getRequestLog(97)) - Jetty request log can only be enabled using Log4j
2019-09-10 18:18:10,726 [main] INFO  http.HttpServer2 (HttpServer2.java:addGlobalFilter(975)) - Added global filter 'safety' (class=org.apache.hadoop.http.HttpServer2$QuotingInputFilter)
2019-09-10 18:18:10,727 [main] INFO  http.HttpServer2 (HttpServer2.java:addFilter(948)) - Added filter static_user_filter (class=org.apache.hadoop.http.lib.StaticUserWebFilter$StaticUserFilter) to context ozoneManager
2019-09-10 18:18:10,727 [main] INFO  http.HttpServer2 (HttpServer2.java:addFilter(958)) - Added filter static_user_filter (class=org.apache.hadoop.http.lib.StaticUserWebFilter$StaticUserFilter) to context static
2019-09-10 18:18:10,727 [main] INFO  http.HttpServer2 (HttpServer2.java:addFilter(958)) - Added filter static_user_filter (class=org.apache.hadoop.http.lib.StaticUserWebFilter$StaticUserFilter) to context logs
2019-09-10 18:18:10,730 [main] INFO  http.HttpServer2 (HttpServer2.java:bindListener(1191)) - Jetty bound to port 43615
2019-09-10 18:18:10,730 [main] INFO  server.Server (Server.java:doStart(351)) - jetty-9.3.24.v20180605, build timestamp: 2018-06-05T17:11:56Z, git hash: 84205aa28f11a4f31f2a3b86d1bba2cc8ab69827
2019-09-10 18:18:10,733 [main] INFO  handler.ContextHandler (ContextHandler.java:doStart(781)) - Started o.e.j.s.ServletContextHandler@2b214b94{/logs,file:///workdir/hadoop-ozone/integration-test/target/log,AVAILABLE}
2019-09-10 18:18:10,734 [main] INFO  handler.ContextHandler (ContextHandler.java:doStart(781)) - Started o.e.j.s.ServletContextHandler@49601f82{/static,file:///workdir/hadoop-ozone/integration-test/target/test-classes/webapps/static,AVAILABLE}
2019-09-10 18:18:10,740 [main] INFO  handler.ContextHandler (ContextHandler.java:doStart(781)) - Started o.e.j.w.WebAppContext@30506c0d{/,file:///workdir/hadoop-ozone/integration-test/target/test-classes/webapps/ozoneManager/,AVAILABLE}{/ozoneManager}
2019-09-10 18:18:10,741 [main] INFO  server.AbstractConnector (AbstractConnector.java:doStart(278)) - Started ServerConnector@1dcca8d3{HTTP/1.1,[http/1.1]}{0.0.0.0:43615}
2019-09-10 18:18:10,742 [main] INFO  server.Server (Server.java:doStart(419)) - Started @5400ms
2019-09-10 18:18:10,742 [main] WARN  impl.MetricsSystemImpl (MetricsSystemImpl.java:register(276)) - Sink prometheus already exists!
2019-09-10 18:18:10,743 [main] INFO  server.BaseHttpServer (BaseHttpServer.java:updateConnectorAddress(215)) - HTTP server of OZONEMANAGER is listening at http://0.0.0.0:43615
2019-09-10 18:18:11,011 [main] INFO  impl.MetricsSystemImpl (MetricsSystemImpl.java:init(158)) - HddsDatanode metrics system started (again)
2019-09-10 18:18:11,081 [main] INFO  ozone.HddsDatanodeService (HddsDatanodeService.java:start(184)) - HddsDatanodeService host:pr-hdds-1786-trunk-k6rzm-1803654198 ip:192.168.5.139
2019-09-10 18:18:11,117 [main] INFO  volume.HddsVolume (HddsVolume.java:<init>(176)) - Creating Volume: /workdir/hadoop-ozone/integration-test/target/test-dir/MiniOzoneClusterImpl-f9288385-9861-4bfa-aa9c-eb8641af485f/datanode-0/data/containers/hdds of  storage type : DISK and capacity : 1482555576320
2019-09-10 18:18:11,119 [main] INFO  volume.VolumeSet (VolumeSet.java:initializeVolumeSet(170)) - Added Volume : /workdir/hadoop-ozone/integration-test/target/test-dir/MiniOzoneClusterImpl-f9288385-9861-4bfa-aa9c-eb8641af485f/datanode-0/data/containers/hdds to VolumeSet
2019-09-10 18:18:11,122 [main] INFO  volume.ThrottledAsyncChecker (ThrottledAsyncChecker.java:schedule(139)) - Scheduling a check for org.apache.hadoop.ozone.container.common.volume.HddsVolume@328902d5
2019-09-10 18:18:11,140 [main] INFO  volume.HddsVolumeChecker (HddsVolumeChecker.java:checkAllVolumes(202)) - Scheduled health check for volume org.apache.hadoop.ozone.container.common.volume.HddsVolume@328902d5
2019-09-10 18:18:11,256 [main] INFO  impl.RaftServerProxy (ConfUtils.java:logGet(43)) - raft.rpc.type = GRPC (default)
2019-09-10 18:18:11,319 [main] INFO  grpc.GrpcFactory (GrpcFactory.java:checkPooledByteBufAllocatorUseCacheForAllThreads(45)) - PERFORMANCE WARNING: useCacheForAllThreads is true that may cause Netty to create a lot garbage objects and, as a result, trigger GC.
	It is recommended to disable useCacheForAllThreads by setting -Dorg.apache.ratis.thirdparty.io.netty.allocator.useCacheForAllThreads=false in command line.
2019-09-10 18:18:11,323 [main] INFO  grpc.GrpcConfigKeys$Server (ConfUtils.java:logGet(43)) - raft.grpc.server.port = 0 (default)
2019-09-10 18:18:11,325 [main] INFO  server.GrpcService (ConfUtils.java:logGet(43)) - raft.grpc.message.size.max = 33570816 (custom)
2019-09-10 18:18:11,326 [main] INFO  server.RaftServerConfigKeys (ConfUtils.java:logGet(43)) - raft.server.log.appender.buffer.byte-limit = 33554432 (custom)
2019-09-10 18:18:11,327 [main] INFO  server.GrpcService (ConfUtils.java:logGet(43)) - raft.grpc.flow.control.window = 1MB (=1048576) (default)
2019-09-10 18:18:11,328 [main] INFO  server.RaftServerConfigKeys (ConfUtils.java:logGet(43)) - raft.server.rpc.request.timeout = 3000ms (default)
2019-09-10 18:18:11,485 [main] INFO  server.RaftServerConfigKeys (ConfUtils.java:logGet(43)) - raft.server.storage.dir = [/workdir/hadoop-ozone/integration-test/target/test-dir/MiniOzoneClusterImpl-f9288385-9861-4bfa-aa9c-eb8641af485f/datanode-0/data/ratis] (custom)
2019-09-10 18:18:11,552 [main] INFO  hdfs.DFSUtil (DFSUtil.java:httpServerTemplateForNNAndJN(1641)) - Starting Web-server for hddsDatanode at: http://0.0.0.0:0
2019-09-10 18:18:11,555 [main] INFO  server.AuthenticationFilter (AuthenticationFilter.java:constructSecretProvider(240)) - Unable to initialize FileSignerSecretProvider, falling back to use random secrets.
2019-09-10 18:18:11,556 [main] WARN  http.HttpRequestLog (HttpRequestLog.java:getRequestLog(97)) - Jetty request log can only be enabled using Log4j
2019-09-10 18:18:11,558 [main] INFO  http.HttpServer2 (HttpServer2.java:addGlobalFilter(975)) - Added global filter 'safety' (class=org.apache.hadoop.http.HttpServer2$QuotingInputFilter)
2019-09-10 18:18:11,560 [main] INFO  http.HttpServer2 (HttpServer2.java:addFilter(948)) - Added filter static_user_filter (class=org.apache.hadoop.http.lib.StaticUserWebFilter$StaticUserFilter) to context hddsDatanode
2019-09-10 18:18:11,560 [main] INFO  http.HttpServer2 (HttpServer2.java:addFilter(958)) - Added filter static_user_filter (class=org.apache.hadoop.http.lib.StaticUserWebFilter$StaticUserFilter) to context logs
2019-09-10 18:18:11,560 [main] INFO  http.HttpServer2 (HttpServer2.java:addFilter(958)) - Added filter static_user_filter (class=org.apache.hadoop.http.lib.StaticUserWebFilter$StaticUserFilter) to context static
2019-09-10 18:18:11,562 [main] INFO  http.HttpServer2 (HttpServer2.java:bindListener(1191)) - Jetty bound to port 41358
2019-09-10 18:18:11,562 [main] INFO  server.Server (Server.java:doStart(351)) - jetty-9.3.24.v20180605, build timestamp: 2018-06-05T17:11:56Z, git hash: 84205aa28f11a4f31f2a3b86d1bba2cc8ab69827
2019-09-10 18:18:11,567 [main] INFO  handler.ContextHandler (ContextHandler.java:doStart(781)) - Started o.e.j.s.ServletContextHandler@2aff9dff{/logs,file:///workdir/hadoop-ozone/integration-test/target/log,AVAILABLE}
2019-09-10 18:18:11,567 [main] INFO  handler.ContextHandler (ContextHandler.java:doStart(781)) - Started o.e.j.s.ServletContextHandler@1aad0b1{/static,jar:file:/home/user/.m2/repository/org/apache/hadoop/hadoop-hdds-container-service/0.5.0-SNAPSHOT/hadoop-hdds-container-service-0.5.0-SNAPSHOT.jar!/webapps/static,AVAILABLE}
2019-09-10 18:18:11,617 [main] INFO  handler.ContextHandler (ContextHandler.java:doStart(781)) - Started o.e.j.w.WebAppContext@70887727{/,file:///tmp/jetty-0.0.0.0-41358-hddsDatanode-_-any-1810918979037785229.dir/webapp/,AVAILABLE}{/hddsDatanode}
2019-09-10 18:18:11,618 [main] INFO  server.AbstractConnector (AbstractConnector.java:doStart(278)) - Started ServerConnector@56da7487{HTTP/1.1,[http/1.1]}{0.0.0.0:41358}
2019-09-10 18:18:11,619 [main] INFO  server.Server (Server.java:doStart(419)) - Started @6278ms
2019-09-10 18:18:11,620 [main] WARN  impl.MetricsSystemImpl (MetricsSystemImpl.java:register(276)) - Sink prometheus already exists!
2019-09-10 18:18:11,621 [main] INFO  server.BaseHttpServer (BaseHttpServer.java:updateConnectorAddress(215)) - HTTP server of HDDSDATANODE is listening at http://0.0.0.0:41358
2019-09-10 18:18:11,623 [main] INFO  ozone.MiniOzoneClusterImpl (MiniOzoneClusterImpl.java:lambda$waitForClusterToBeReady$0(140)) - Waiting for cluster to be ready. Got 0 of 1 DN Heartbeats.
2019-09-10 18:18:11,629 [org.apache.hadoop.util.JvmPauseMonitor$Monitor@49254958] INFO  util.JvmPauseMonitor (JvmPauseMonitor.java:run(188)) - Starting JVM pause monitor
2019-09-10 18:18:11,774 [Datanode State Machine Thread - 0] INFO  datanode.InitDatanodeState (InitDatanodeState.java:persistContainerDatanodeDetails(140)) - DatanodeDetails is persisted to /workdir/hadoop-ozone/integration-test/target/test-dir/MiniOzoneClusterImpl-f9288385-9861-4bfa-aa9c-eb8641af485f/datanode-0/meta/datanode.id
2019-09-10 18:18:12,624 [main] INFO  ozone.MiniOzoneClusterImpl (MiniOzoneClusterImpl.java:lambda$waitForClusterToBeReady$0(140)) - Waiting for cluster to be ready. Got 0 of 1 DN Heartbeats.
2019-09-10 18:18:13,625 [main] INFO  ozone.MiniOzoneClusterImpl (MiniOzoneClusterImpl.java:lambda$waitForClusterToBeReady$0(140)) - Waiting for cluster to be ready. Got 0 of 1 DN Heartbeats.
2019-09-10 18:18:13,890 [Datanode State Machine Thread - 0] INFO  ozoneimpl.OzoneContainer (OzoneContainer.java:start(217)) - Attempting to start container services.
2019-09-10 18:18:13,893 [Datanode State Machine Thread - 0] INFO  ozoneimpl.OzoneContainer (OzoneContainer.java:startContainerScrub(179)) - Background container scanner has been disabled.
2019-09-10 18:18:13,893 [Datanode State Machine Thread - 0] INFO  ratis.XceiverServerRatis (XceiverServerRatis.java:start(411)) - Starting XceiverServerRatis 71ef1901-d2de-4c68-9008-400e0700c617 at port 0
2019-09-10 18:18:13,917 [Datanode State Machine Thread - 0] INFO  impl.RaftServerProxy (RaftServerProxy.java:lambda$start$3(299)) - 71ef1901-d2de-4c68-9008-400e0700c617: start RPC server
2019-09-10 18:18:14,046 [Datanode State Machine Thread - 0] INFO  server.GrpcService (GrpcService.java:startImpl(158)) - 71ef1901-d2de-4c68-9008-400e0700c617: GrpcService started, listening on 0.0.0.0/0.0.0.0:45534
2019-09-10 18:18:14,047 [Datanode State Machine Thread - 0] INFO  ratis.XceiverServerRatis (XceiverServerRatis.java:start(421)) - XceiverServerRatis 71ef1901-d2de-4c68-9008-400e0700c617 is started using port 45534
2019-09-10 18:18:14,050 [Datanode State Machine Thread - 0] INFO  server.XceiverServerGrpc (XceiverServerGrpc.java:start(163)) - XceiverServerGrpc 71ef1901-d2de-4c68-9008-400e0700c617 is started using port 41961
2019-09-10 18:18:14,626 [main] INFO  ozone.MiniOzoneClusterImpl (MiniOzoneClusterImpl.java:lambda$waitForClusterToBeReady$0(140)) - Waiting for cluster to be ready. Got 0 of 1 DN Heartbeats.
2019-09-10 18:18:15,626 [main] INFO  ozone.MiniOzoneClusterImpl (MiniOzoneClusterImpl.java:lambda$waitForClusterToBeReady$0(140)) - Waiting for cluster to be ready. Got 0 of 1 DN Heartbeats.
2019-09-10 18:18:15,669 [IPC Server handler 0 on 40804] INFO  net.NetworkTopology (NetworkTopologyImpl.java:add(110)) - Added a new node: /default-rack/71ef1901-d2de-4c68-9008-400e0700c617
2019-09-10 18:18:15,670 [IPC Server handler 0 on 40804] INFO  node.SCMNodeManager (SCMNodeManager.java:register(266)) - Registered Data node : 71ef1901-d2de-4c68-9008-400e0700c617{ip: 192.168.5.139, host: pr-hdds-1786-trunk-k6rzm-1803654198, networkLocation: /default-rack, certSerialId: null}
2019-09-10 18:18:15,675 [EventQueue-NodeRegistrationContainerReportForDataNodeSafeModeRule] INFO  safemode.SCMSafeModeManager (DataNodeSafeModeRule.java:process(71)) - SCM in safe mode. 1 DataNodes registered, 1 required.
2019-09-10 18:18:15,676 [EventQueue-NodeRegistrationContainerReportForDataNodeSafeModeRule] INFO  safemode.SCMSafeModeManager (SCMSafeModeManager.java:validateSafeModeExitRules(177)) - ScmSafeModeManager, all rules are successfully validated
2019-09-10 18:18:15,676 [EventQueue-NodeRegistrationContainerReportForDataNodeSafeModeRule] INFO  safemode.SCMSafeModeManager (SCMSafeModeManager.java:exitSafeMode(193)) - SCM exiting safe mode.
2019-09-10 18:18:16,214 [grpc-default-executor-0] INFO  impl.RaftServerProxy (RaftServerProxy.java:addNew(89)) - 71ef1901-d2de-4c68-9008-400e0700c617: addNew group-DEB8437D33EB:[71ef1901-d2de-4c68-9008-400e0700c617:192.168.5.139:45534] returns group-DEB8437D33EB:java.util.concurrent.CompletableFuture@7fa2234c[Not completed]
2019-09-10 18:18:16,235 [pool-27-thread-1] INFO  impl.RaftServerImpl (RaftServerImpl.java:<init>(95)) - 71ef1901-d2de-4c68-9008-400e0700c617: new RaftServerImpl for group-DEB8437D33EB:[71ef1901-d2de-4c68-9008-400e0700c617:192.168.5.139:45534] with ContainerStateMachine:uninitialized
2019-09-10 18:18:16,238 [pool-27-thread-1] INFO  server.RaftServerConfigKeys (ConfUtils.java:logGet(43)) - raft.server.rpc.timeout.min = 5s (custom)
2019-09-10 18:18:16,239 [pool-27-thread-1] INFO  server.RaftServerConfigKeys (ConfUtils.java:logGet(43)) - raft.server.rpc.timeout.max = 5200ms (custom)
2019-09-10 18:18:16,239 [pool-27-thread-1] INFO  server.RaftServerConfigKeys (ConfUtils.java:logGet(43)) - raft.server.rpcslowness.timeout = 120s (custom)
2019-09-10 18:18:16,240 [pool-27-thread-1] INFO  server.RaftServerConfigKeys (ConfUtils.java:logGet(43)) - raft.server.sleep.deviation.threshold = 300 (default)
2019-09-10 18:18:16,241 [pool-27-thread-1] INFO  server.RaftServerConfigKeys (ConfUtils.java:logGet(43)) - raft.server.log.appender.install.snapshot.enabled = false (custom)
2019-09-10 18:18:16,252 [pool-27-thread-1] INFO  impl.RaftServerImpl (ServerState.java:<init>(103)) - 71ef1901-d2de-4c68-9008-400e0700c617@group-DEB8437D33EB: ConfigurationManager, init=-1: [71ef1901-d2de-4c68-9008-400e0700c617:192.168.5.139:45534], old=null, confs=<EMPTY_MAP>
2019-09-10 18:18:16,252 [pool-27-thread-1] INFO  server.RaftServerConfigKeys (ConfUtils.java:logGet(43)) - raft.server.storage.dir = [/workdir/hadoop-ozone/integration-test/target/test-dir/MiniOzoneClusterImpl-f9288385-9861-4bfa-aa9c-eb8641af485f/datanode-0/data/ratis] (custom)
2019-09-10 18:18:16,262 [pool-27-thread-1] INFO  storage.RaftStorageDirectory (RaftStorageDirectory.java:analyzeStorage(246)) - The storage directory /workdir/hadoop-ozone/integration-test/target/test-dir/MiniOzoneClusterImpl-f9288385-9861-4bfa-aa9c-eb8641af485f/datanode-0/data/ratis/3d7c2489-554f-4915-9bcf-deb8437d33eb does not exist. Creating ...
2019-09-10 18:18:16,307 [pool-27-thread-1] INFO  storage.RaftStorageDirectory (RaftStorageDirectory.java:tryLock(328)) - Lock on /workdir/hadoop-ozone/integration-test/target/test-dir/MiniOzoneClusterImpl-f9288385-9861-4bfa-aa9c-eb8641af485f/datanode-0/data/ratis/3d7c2489-554f-4915-9bcf-deb8437d33eb/in_use.lock acquired by nodename 20956@pr-hdds-1786-trunk-k6rzm-1803654198
2019-09-10 18:18:16,324 [pool-27-thread-1] INFO  storage.RaftStorage (RaftStorage.java:format(72)) - Storage directory /workdir/hadoop-ozone/integration-test/target/test-dir/MiniOzoneClusterImpl-f9288385-9861-4bfa-aa9c-eb8641af485f/datanode-0/data/ratis/3d7c2489-554f-4915-9bcf-deb8437d33eb has been successfully formatted.
2019-09-10 18:18:16,327 [pool-27-thread-1] INFO  ratis.ContainerStateMachine (ContainerStateMachine.java:loadSnapshot(230)) - group-DEB8437D33EB: The snapshot info is null. Setting the last applied indexto:(t:0, i:~)
2019-09-10 18:18:16,327 [pool-27-thread-1] INFO  server.RaftServerConfigKeys (ConfUtils.java:logGet(43)) - raft.server.notification.no-leader.timeout = 120s (custom)
2019-09-10 18:18:16,331 [pool-27-thread-1] INFO  server.RaftServerConfigKeys (ConfUtils.java:logGet(43)) - raft.server.log.use.memory = false (default)
2019-09-10 18:18:16,339 [pool-27-thread-1] INFO  server.RaftServerConfigKeys (ConfUtils.java:logGet(43)) - raft.server.log.purge.gap = 1000000 (custom)
2019-09-10 18:18:16,339 [pool-27-thread-1] INFO  server.RaftServerConfigKeys (ConfUtils.java:logGet(43)) - raft.server.log.appender.buffer.byte-limit = 33554432 (custom)
2019-09-10 18:18:16,342 [pool-27-thread-1] INFO  server.RaftServerConfigKeys (ConfUtils.java:logGet(43)) - raft.server.log.segment.size.max = 1048576 (custom)
2019-09-10 18:18:16,349 [pool-27-thread-1] INFO  server.RaftServerConfigKeys (ConfUtils.java:logGet(43)) - raft.server.log.segment.cache.num.max = 2 (custom)
2019-09-10 18:18:16,356 [pool-27-thread-1] INFO  segmented.SegmentedRaftLogWorker (SegmentedRaftLogWorker.java:<init>(172)) - new 71ef1901-d2de-4c68-9008-400e0700c617@group-DEB8437D33EB-SegmentedRaftLogWorker for RaftStorage:Storage Directory /workdir/hadoop-ozone/integration-test/target/test-dir/MiniOzoneClusterImpl-f9288385-9861-4bfa-aa9c-eb8641af485f/datanode-0/data/ratis/3d7c2489-554f-4915-9bcf-deb8437d33eb
2019-09-10 18:18:16,358 [pool-27-thread-1] INFO  impl.MetricsSystemImpl (MetricsSystemImpl.java:init(158)) - ratis metrics system started (again)
2019-09-10 18:18:16,400 [pool-27-thread-1] INFO  server.RaftServerConfigKeys (ConfUtils.java:logGet(43)) - raft.server.log.queue.byte-limit = 2147483647 (custom)
2019-09-10 18:18:16,401 [pool-27-thread-1] INFO  server.RaftServerConfigKeys (ConfUtils.java:logGet(43)) - raft.server.log.queue.element-limit = 1024 (custom)
2019-09-10 18:18:16,404 [pool-27-thread-1] INFO  server.RaftServerConfigKeys (ConfUtils.java:logGet(43)) - raft.server.log.segment.size.max = 1048576 (custom)
2019-09-10 18:18:16,405 [pool-27-thread-1] INFO  server.RaftServerConfigKeys (ConfUtils.java:logGet(43)) - raft.server.log.preallocated.size = 16384 (custom)
2019-09-10 18:18:16,405 [pool-27-thread-1] INFO  server.RaftServerConfigKeys (ConfUtils.java:logGet(43)) - raft.server.log.write.buffer.size = 33554432 (custom)
2019-09-10 18:18:16,406 [pool-27-thread-1] INFO  server.RaftServerConfigKeys (ConfUtils.java:logGet(43)) - raft.server.log.force.sync.num = 128 (default)
2019-09-10 18:18:16,407 [pool-27-thread-1] INFO  server.RaftServerConfigKeys (ConfUtils.java:logGet(43)) - raft.server.log.statemachine.data.sync = true (default)
2019-09-10 18:18:16,407 [pool-27-thread-1] INFO  server.RaftServerConfigKeys (ConfUtils.java:logGet(43)) - raft.server.log.statemachine.data.sync.timeout = 10s (default)
2019-09-10 18:18:16,408 [pool-27-thread-1] INFO  server.RaftServerConfigKeys (ConfUtils.java:logGet(43)) - raft.server.log.statemachine.data.sync.timeout.retry = -1 (default)
2019-09-10 18:18:16,417 [pool-27-thread-1] INFO  server.RaftServerConfigKeys (ConfUtils.java:logGet(43)) - raft.server.log.statemachine.data.caching.enabled = true (custom)
2019-09-10 18:18:16,422 [pool-27-thread-1] INFO  segmented.SegmentedRaftLogWorker (SegmentedRaftLogWorker.java:lambda$new$0(132)) - 71ef1901-d2de-4c68-9008-400e0700c617@group-DEB8437D33EB-SegmentedRaftLogWorker: flushIndex: setUnconditionally 0 -> -1
2019-09-10 18:18:16,426 [pool-27-thread-1] INFO  server.RaftServerConfigKeys (ConfUtils.java:logGet(43)) - raft.server.snapshot.auto.trigger.enabled = true (custom)
2019-09-10 18:18:16,427 [pool-27-thread-1] INFO  server.RaftServerConfigKeys (ConfUtils.java:logGet(43)) - raft.server.snapshot.auto.trigger.threshold = 1 (custom)
2019-09-10 18:18:16,427 [pool-27-thread-1] INFO  server.RaftServerConfigKeys (ConfUtils.java:logGet(43)) - raft.server.snapshot.retention.num.files = 5 (custom)
2019-09-10 18:18:16,428 [pool-27-thread-1] INFO  server.RaftServerConfigKeys (ConfUtils.java:logGet(43)) - raft.server.retrycache.expirytime = 600000ms (custom)
2019-09-10 18:18:16,455 [pool-27-thread-1] INFO  impl.RaftServerImpl (RaftServerImpl.java:start(185)) - 71ef1901-d2de-4c68-9008-400e0700c617@group-DEB8437D33EB: start as a follower, conf=-1: [71ef1901-d2de-4c68-9008-400e0700c617:192.168.5.139:45534], old=null
2019-09-10 18:18:16,456 [pool-27-thread-1] INFO  impl.RaftServerImpl (RaftServerImpl.java:setRole(174)) - 71ef1901-d2de-4c68-9008-400e0700c617@group-DEB8437D33EB: changes role from      null to FOLLOWER at term 0 for startAsFollower
2019-09-10 18:18:16,457 [pool-27-thread-1] INFO  impl.RoleInfo (RoleInfo.java:updateAndGet(143)) - 71ef1901-d2de-4c68-9008-400e0700c617: start FollowerState
2019-09-10 18:18:16,459 [pool-27-thread-1] INFO  util.JmxRegister (JmxRegister.java:tryRegister(44)) - Successfully registered JMX Bean with object name Ratis:service=RaftServer,group=group-DEB8437D33EB,id=71ef1901-d2de-4c68-9008-400e0700c617
2019-09-10 18:18:16,543 [RatisPipelineUtilsThread] INFO  pipeline.PipelineStateManager (PipelineStateManager.java:addPipeline(56)) - Created pipeline Pipeline[ Id: 3d7c2489-554f-4915-9bcf-deb8437d33eb, Nodes: 71ef1901-d2de-4c68-9008-400e0700c617{ip: 192.168.5.139, host: pr-hdds-1786-trunk-k6rzm-1803654198, networkLocation: /default-rack, certSerialId: null}, Type:RATIS, Factor:ONE, State:OPEN]
2019-09-10 18:18:16,627 [main] INFO  ozone.MiniOzoneClusterImpl (MiniOzoneClusterImpl.java:lambda$waitForClusterToBeReady$0(140)) - Cluster is ready. Got 1 of 1 DN Heartbeats.
2019-09-10 18:18:16,627 [main] INFO  om.OzoneManager (OzoneManager.java:readKeyPair(884)) - Reading keypair and certificate from file system.
2019-09-10 18:18:16,628 [main] INFO  om.OzoneManager (OzoneManager.java:startSecretManager(850)) - Starting OM block token secret manager
2019-09-10 18:18:16,628 [main] INFO  security.OzoneBlockTokenSecretManager (OzoneSecretManager.java:updateCurrentKey(167)) - Updating the current master key for generating tokens
2019-09-10 18:18:17,125 [main] INFO  rpc.RpcClient (RpcClient.java:createVolume(298)) - Creating Volume: testcontainerstatemachinefailures, with jenkins1000 as owner.
2019-09-10 18:18:17,225 [IPC Server handler 1 on 43292] INFO  volume.OMVolumeCreateRequest (OMVolumeCreateRequest.java:validateAndUpdateCache(189)) - created volume:testcontainerstatemachinefailures for user:jenkins1000
2019-09-10 18:18:17,265 [main] INFO  rpc.RpcClient (RpcClient.java:createBucket(437)) - Creating Bucket: testcontainerstatemachinefailures/testcontainerstatemachinefailures, with Versioning false and Storage Type set to DISK and Encryption set to false 
2019-09-10 18:18:17,864 [main] INFO  impl.MetricsSystemImpl (MetricsSystemImpl.java:init(158)) - XceiverClientMetrics metrics system started (again)
2019-09-10 18:18:17,991 [grpc-default-executor-0] INFO  client.GrpcClientProtocolClient (GrpcClientProtocolClient.java:onNext(264)) - client-290000B39BCA->71ef1901-d2de-4c68-9008-400e0700c617: receive RaftClientReply:client-290000B39BCA->71ef1901-d2de-4c68-9008-400e0700c617@group-DEB8437D33EB, cid=1, FAILED org.apache.ratis.protocol.NotLeaderException: Server 71ef1901-d2de-4c68-9008-400e0700c617@group-DEB8437D33EB is not the leader, logIndex=0, commits[71ef1901-d2de-4c68-9008-400e0700c617:c-1]
2019-09-10 18:18:18,681 [Thread-147] INFO  container.ReplicationManager (ReplicationManager.java:start(162)) - Starting Replication Monitor Thread.
2019-09-10 18:18:18,686 [ReplicationMonitor] INFO  container.ReplicationManager (ReplicationManager.java:run(225)) - Replication Monitor Thread took 4 milliseconds for processing 1 containers.
2019-09-10 18:18:20,027 [grpc-default-executor-1] INFO  client.GrpcClientProtocolClient (GrpcClientProtocolClient.java:onNext(264)) - client-290000B39BCA->71ef1901-d2de-4c68-9008-400e0700c617: receive RaftClientReply:client-290000B39BCA->71ef1901-d2de-4c68-9008-400e0700c617@group-DEB8437D33EB, cid=1, FAILED org.apache.ratis.protocol.NotLeaderException: Server 71ef1901-d2de-4c68-9008-400e0700c617@group-DEB8437D33EB is not the leader, logIndex=0, commits[71ef1901-d2de-4c68-9008-400e0700c617:c-1]
2019-09-10 18:18:21,536 [Thread-149] INFO  impl.FollowerState (FollowerState.java:run(106)) - 71ef1901-d2de-4c68-9008-400e0700c617:group-DEB8437D33EB changes to CANDIDATE, lastRpcTime:5079, electionTimeout:5078ms
2019-09-10 18:18:21,539 [Thread-149] INFO  impl.RoleInfo (RoleInfo.java:shutdownFollowerState(121)) - 71ef1901-d2de-4c68-9008-400e0700c617: shutdown FollowerState
2019-09-10 18:18:21,540 [Thread-149] INFO  impl.RaftServerImpl (RaftServerImpl.java:setRole(174)) - 71ef1901-d2de-4c68-9008-400e0700c617@group-DEB8437D33EB: changes role from  FOLLOWER to CANDIDATE at term 0 for changeToCandidate
2019-09-10 18:18:21,546 [Thread-149] INFO  impl.RoleInfo (RoleInfo.java:updateAndGet(143)) - 71ef1901-d2de-4c68-9008-400e0700c617: start LeaderElection
2019-09-10 18:18:21,591 [71ef1901-d2de-4c68-9008-400e0700c617@group-DEB8437D33EB:LeaderElection1] INFO  impl.LeaderElection (LeaderElection.java:askForVotes(182)) - 71ef1901-d2de-4c68-9008-400e0700c617@group-DEB8437D33EB:LeaderElection1: begin an election at term 1 for -1: [71ef1901-d2de-4c68-9008-400e0700c617:192.168.5.139:45534], old=null
2019-09-10 18:18:21,593 [71ef1901-d2de-4c68-9008-400e0700c617@group-DEB8437D33EB:LeaderElection1] INFO  impl.RoleInfo (RoleInfo.java:shutdownLeaderElection(134)) - 71ef1901-d2de-4c68-9008-400e0700c617: shutdown LeaderElection
2019-09-10 18:18:21,594 [71ef1901-d2de-4c68-9008-400e0700c617@group-DEB8437D33EB:LeaderElection1] INFO  impl.RaftServerImpl (RaftServerImpl.java:setRole(174)) - 71ef1901-d2de-4c68-9008-400e0700c617@group-DEB8437D33EB: changes role from CANDIDATE to LEADER at term 1 for changeToLeader
2019-09-10 18:18:21,594 [71ef1901-d2de-4c68-9008-400e0700c617@group-DEB8437D33EB:LeaderElection1] INFO  impl.RaftServerImpl (ServerState.java:setLeader(253)) - 71ef1901-d2de-4c68-9008-400e0700c617@group-DEB8437D33EB: change Leader from null to 71ef1901-d2de-4c68-9008-400e0700c617 at term 1 for becomeLeader, leader elected after 5266ms
2019-09-10 18:18:21,601 [71ef1901-d2de-4c68-9008-400e0700c617@group-DEB8437D33EB:LeaderElection1] INFO  server.RaftServerConfigKeys (ConfUtils.java:logGet(43)) - raft.server.staging.catchup.gap = 1000 (default)
2019-09-10 18:18:21,601 [71ef1901-d2de-4c68-9008-400e0700c617@group-DEB8437D33EB:LeaderElection1] INFO  server.RaftServerConfigKeys (ConfUtils.java:logGet(43)) - raft.server.rpc.sleep.time = 25ms (default)
2019-09-10 18:18:21,605 [71ef1901-d2de-4c68-9008-400e0700c617@group-DEB8437D33EB:LeaderElection1] INFO  server.RaftServerConfigKeys (ConfUtils.java:logGet(43)) - raft.server.write.element-limit = 4096 (default)
2019-09-10 18:18:21,608 [71ef1901-d2de-4c68-9008-400e0700c617@group-DEB8437D33EB:LeaderElection1] INFO  server.RaftServerConfigKeys (ConfUtils.java:logGet(43)) - raft.server.watch.timeout = 10s (default)
2019-09-10 18:18:21,608 [71ef1901-d2de-4c68-9008-400e0700c617@group-DEB8437D33EB:LeaderElection1] INFO  server.RaftServerConfigKeys (ConfUtils.java:logGet(43)) - raft.server.watch.timeout.denomination = 1s (default)
2019-09-10 18:18:21,609 [71ef1901-d2de-4c68-9008-400e0700c617@group-DEB8437D33EB:LeaderElection1] INFO  server.RaftServerConfigKeys (ConfUtils.java:logGet(43)) - raft.server.watch.element-limit = 65536 (default)
2019-09-10 18:18:21,657 [71ef1901-d2de-4c68-9008-400e0700c617@group-DEB8437D33EB:LeaderElection1] INFO  impl.RoleInfo (RoleInfo.java:updateAndGet(143)) - 71ef1901-d2de-4c68-9008-400e0700c617: start LeaderState
2019-09-10 18:18:21,684 [71ef1901-d2de-4c68-9008-400e0700c617@group-DEB8437D33EB:LeaderElection1] INFO  segmented.SegmentedRaftLogWorker (SegmentedRaftLogWorker.java:startLogSegment(380)) - 71ef1901-d2de-4c68-9008-400e0700c617@group-DEB8437D33EB-SegmentedRaftLogWorker: Starting segment from index:0
2019-09-10 18:18:21,695 [71ef1901-d2de-4c68-9008-400e0700c617@group-DEB8437D33EB:LeaderElection1] INFO  impl.RaftServerImpl (ServerState.java:setRaftConf(354)) - 71ef1901-d2de-4c68-9008-400e0700c617@group-DEB8437D33EB: set configuration 0: [71ef1901-d2de-4c68-9008-400e0700c617:192.168.5.139:45534], old=null at 0
2019-09-10 18:18:21,875 [71ef1901-d2de-4c68-9008-400e0700c617@group-DEB8437D33EB-SegmentedRaftLogWorker] INFO  segmented.SegmentedRaftLogWorker (SegmentedRaftLogWorker.java:execute(569)) - 71ef1901-d2de-4c68-9008-400e0700c617@group-DEB8437D33EB-SegmentedRaftLogWorker: created new log segment /workdir/hadoop-ozone/integration-test/target/test-dir/MiniOzoneClusterImpl-f9288385-9861-4bfa-aa9c-eb8641af485f/datanode-0/data/ratis/3d7c2489-554f-4915-9bcf-deb8437d33eb/current/log_inprogress_0
2019-09-10 18:18:22,338 [71ef1901-d2de-4c68-9008-400e0700c617@group-DEB8437D33EB-StateMachineUpdater] INFO  ratis.ContainerStateMachine (ContainerStateMachine.java:takeSnapshot(289)) - group-DEB8437D33EB: Taking a snapshot at:(t:1, i:1) file /workdir/hadoop-ozone/integration-test/target/test-dir/MiniOzoneClusterImpl-f9288385-9861-4bfa-aa9c-eb8641af485f/datanode-0/data/ratis/3d7c2489-554f-4915-9bcf-deb8437d33eb/sm/snapshot.1_1
2019-09-10 18:18:22,350 [grpc-default-executor-0] INFO  client.GrpcClientProtocolClient (GrpcClientProtocolClient.java:onNext(264)) - client-290000B39BCA->71ef1901-d2de-4c68-9008-400e0700c617: receive RaftClientReply:client-290000B39BCA->71ef1901-d2de-4c68-9008-400e0700c617@group-DEB8437D33EB, cid=1, SUCCESS, logIndex=1, commits[71ef1901-d2de-4c68-9008-400e0700c617:c2]
2019-09-10 18:18:22,386 [71ef1901-d2de-4c68-9008-400e0700c617@group-DEB8437D33EB-StateMachineUpdater] INFO  ratis.ContainerStateMachine (ContainerStateMachine.java:takeSnapshot(300)) - group-DEB8437D33EB: Finished taking a snapshot at:(t:1, i:1) file:/workdir/hadoop-ozone/integration-test/target/test-dir/MiniOzoneClusterImpl-f9288385-9861-4bfa-aa9c-eb8641af485f/datanode-0/data/ratis/3d7c2489-554f-4915-9bcf-deb8437d33eb/sm/snapshot.1_1 time:48
2019-09-10 18:18:22,387 [71ef1901-d2de-4c68-9008-400e0700c617@group-DEB8437D33EB-StateMachineUpdater] INFO  impl.StateMachineUpdater (StateMachineUpdater.java:takeSnapshot(258)) - 71ef1901-d2de-4c68-9008-400e0700c617@group-DEB8437D33EB-StateMachineUpdater: Took a snapshot at index 1
2019-09-10 18:18:22,387 [71ef1901-d2de-4c68-9008-400e0700c617@group-DEB8437D33EB-StateMachineUpdater] INFO  impl.StateMachineUpdater (StateMachineUpdater.java:lambda$new$0(83)) - 71ef1901-d2de-4c68-9008-400e0700c617@group-DEB8437D33EB-StateMachineUpdater: snapshotIndex: updateIncreasingly -1 -> 1
2019-09-10 18:18:22,475 [71ef1901-d2de-4c68-9008-400e0700c617@group-DEB8437D33EB-StateMachineUpdater] INFO  ratis.ContainerStateMachine (ContainerStateMachine.java:takeSnapshot(289)) - group-DEB8437D33EB: Taking a snapshot at:(t:1, i:1) file /workdir/hadoop-ozone/integration-test/target/test-dir/MiniOzoneClusterImpl-f9288385-9861-4bfa-aa9c-eb8641af485f/datanode-0/data/ratis/3d7c2489-554f-4915-9bcf-deb8437d33eb/sm/snapshot.1_1
2019-09-10 18:18:22,481 [grpc-default-executor-0] INFO  client.GrpcClientProtocolClient (GrpcClientProtocolClient.java:onNext(264)) - client-290000B39BCA->71ef1901-d2de-4c68-9008-400e0700c617: receive RaftClientReply:client-290000B39BCA->71ef1901-d2de-4c68-9008-400e0700c617@group-DEB8437D33EB, cid=2, SUCCESS, logIndex=3, commits[71ef1901-d2de-4c68-9008-400e0700c617:c4]
2019-09-10 18:18:22,493 [71ef1901-d2de-4c68-9008-400e0700c617@group-DEB8437D33EB-StateMachineUpdater] INFO  ratis.ContainerStateMachine (ContainerStateMachine.java:takeSnapshot(300)) - group-DEB8437D33EB: Finished taking a snapshot at:(t:1, i:1) file:/workdir/hadoop-ozone/integration-test/target/test-dir/MiniOzoneClusterImpl-f9288385-9861-4bfa-aa9c-eb8641af485f/datanode-0/data/ratis/3d7c2489-554f-4915-9bcf-deb8437d33eb/sm/snapshot.1_1 time:19
2019-09-10 18:18:22,494 [71ef1901-d2de-4c68-9008-400e0700c617@group-DEB8437D33EB-StateMachineUpdater] INFO  impl.StateMachineUpdater (StateMachineUpdater.java:takeSnapshot(258)) - 71ef1901-d2de-4c68-9008-400e0700c617@group-DEB8437D33EB-StateMachineUpdater: Took a snapshot at index 1
2019-09-10 18:18:22,494 [71ef1901-d2de-4c68-9008-400e0700c617@group-DEB8437D33EB-StateMachineUpdater] INFO  impl.StateMachineUpdater (StateMachineUpdater.java:lambda$new$0(83)) - 71ef1901-d2de-4c68-9008-400e0700c617@group-DEB8437D33EB-StateMachineUpdater: snapshotIndex: updateIncreasingly 1 -> 1
2019-09-10 18:18:22,686 [grpc-default-executor-0] INFO  client.GrpcClientProtocolClient (GrpcClientProtocolClient.java:onNext(264)) - client-290000B39BCA->71ef1901-d2de-4c68-9008-400e0700c617: receive RaftClientReply:client-290000B39BCA->71ef1901-d2de-4c68-9008-400e0700c617@group-DEB8437D33EB, cid=3, SUCCESS, logIndex=5, commits[71ef1901-d2de-4c68-9008-400e0700c617:c6]
2019-09-10 18:18:22,801 [71ef1901-d2de-4c68-9008-400e0700c617@group-DEB8437D33EB-StateMachineUpdater] INFO  ratis.ContainerStateMachine (ContainerStateMachine.java:takeSnapshot(289)) - group-DEB8437D33EB: Taking a snapshot at:(t:1, i:6) file /workdir/hadoop-ozone/integration-test/target/test-dir/MiniOzoneClusterImpl-f9288385-9861-4bfa-aa9c-eb8641af485f/datanode-0/data/ratis/3d7c2489-554f-4915-9bcf-deb8437d33eb/sm/snapshot.1_6
2019-09-10 18:18:22,806 [grpc-default-executor-0] INFO  client.GrpcClientProtocolClient (GrpcClientProtocolClient.java:onNext(264)) - client-290000B39BCA->71ef1901-d2de-4c68-9008-400e0700c617: receive RaftClientReply:client-290000B39BCA->71ef1901-d2de-4c68-9008-400e0700c617@group-DEB8437D33EB, cid=4, SUCCESS, logIndex=6, commits[71ef1901-d2de-4c68-9008-400e0700c617:c7]
2019-09-10 18:18:22,834 [71ef1901-d2de-4c68-9008-400e0700c617@group-DEB8437D33EB-StateMachineUpdater] INFO  ratis.ContainerStateMachine (ContainerStateMachine.java:takeSnapshot(300)) - group-DEB8437D33EB: Finished taking a snapshot at:(t:1, i:6) file:/workdir/hadoop-ozone/integration-test/target/test-dir/MiniOzoneClusterImpl-f9288385-9861-4bfa-aa9c-eb8641af485f/datanode-0/data/ratis/3d7c2489-554f-4915-9bcf-deb8437d33eb/sm/snapshot.1_6 time:32
2019-09-10 18:18:22,834 [71ef1901-d2de-4c68-9008-400e0700c617@group-DEB8437D33EB-StateMachineUpdater] INFO  impl.StateMachineUpdater (StateMachineUpdater.java:takeSnapshot(258)) - 71ef1901-d2de-4c68-9008-400e0700c617@group-DEB8437D33EB-StateMachineUpdater: Took a snapshot at index 6
2019-09-10 18:18:22,834 [71ef1901-d2de-4c68-9008-400e0700c617@group-DEB8437D33EB-StateMachineUpdater] INFO  impl.StateMachineUpdater (StateMachineUpdater.java:lambda$new$0(83)) - 71ef1901-d2de-4c68-9008-400e0700c617@group-DEB8437D33EB-StateMachineUpdater: snapshotIndex: updateIncreasingly 1 -> 6
2019-09-10 18:18:22,835 [71ef1901-d2de-4c68-9008-400e0700c617@group-DEB8437D33EB-StateMachineUpdater] INFO  ratis.ContainerStateMachine (ContainerStateMachine.java:takeSnapshot(289)) - group-DEB8437D33EB: Taking a snapshot at:(t:1, i:6) file /workdir/hadoop-ozone/integration-test/target/test-dir/MiniOzoneClusterImpl-f9288385-9861-4bfa-aa9c-eb8641af485f/datanode-0/data/ratis/3d7c2489-554f-4915-9bcf-deb8437d33eb/sm/snapshot.1_6
2019-09-10 18:18:22,859 [71ef1901-d2de-4c68-9008-400e0700c617@group-DEB8437D33EB-StateMachineUpdater] INFO  ratis.ContainerStateMachine (ContainerStateMachine.java:takeSnapshot(300)) - group-DEB8437D33EB: Finished taking a snapshot at:(t:1, i:6) file:/workdir/hadoop-ozone/integration-test/target/test-dir/MiniOzoneClusterImpl-f9288385-9861-4bfa-aa9c-eb8641af485f/datanode-0/data/ratis/3d7c2489-554f-4915-9bcf-deb8437d33eb/sm/snapshot.1_6 time:24
2019-09-10 18:18:22,860 [71ef1901-d2de-4c68-9008-400e0700c617@group-DEB8437D33EB-StateMachineUpdater] INFO  impl.StateMachineUpdater (StateMachineUpdater.java:takeSnapshot(258)) - 71ef1901-d2de-4c68-9008-400e0700c617@group-DEB8437D33EB-StateMachineUpdater: Took a snapshot at index 6
2019-09-10 18:18:22,860 [71ef1901-d2de-4c68-9008-400e0700c617@group-DEB8437D33EB-StateMachineUpdater] INFO  impl.StateMachineUpdater (StateMachineUpdater.java:lambda$new$0(83)) - 71ef1901-d2de-4c68-9008-400e0700c617@group-DEB8437D33EB-StateMachineUpdater: snapshotIndex: updateIncreasingly 6 -> 6
2019-09-10 18:18:23,050 [grpc-default-executor-0] INFO  client.GrpcClientProtocolClient (GrpcClientProtocolClient.java:onNext(264)) - client-290000B39BCA->71ef1901-d2de-4c68-9008-400e0700c617: receive RaftClientReply:client-290000B39BCA->71ef1901-d2de-4c68-9008-400e0700c617@group-DEB8437D33EB, cid=5, SUCCESS, logIndex=8, commits[71ef1901-d2de-4c68-9008-400e0700c617:c9]
2019-09-10 18:18:23,151 [71ef1901-d2de-4c68-9008-400e0700c617@group-DEB8437D33EB-StateMachineUpdater] INFO  ratis.ContainerStateMachine (ContainerStateMachine.java:takeSnapshot(289)) - group-DEB8437D33EB: Taking a snapshot at:(t:1, i:9) file /workdir/hadoop-ozone/integration-test/target/test-dir/MiniOzoneClusterImpl-f9288385-9861-4bfa-aa9c-eb8641af485f/datanode-0/data/ratis/3d7c2489-554f-4915-9bcf-deb8437d33eb/sm/snapshot.1_9
2019-09-10 18:18:23,155 [grpc-default-executor-0] INFO  client.GrpcClientProtocolClient (GrpcClientProtocolClient.java:onNext(264)) - client-290000B39BCA->71ef1901-d2de-4c68-9008-400e0700c617: receive RaftClientReply:client-290000B39BCA->71ef1901-d2de-4c68-9008-400e0700c617@group-DEB8437D33EB, cid=6, SUCCESS, logIndex=9, commits[71ef1901-d2de-4c68-9008-400e0700c617:c10]
2019-09-10 18:18:23,179 [71ef1901-d2de-4c68-9008-400e0700c617@group-DEB8437D33EB-StateMachineUpdater] INFO  ratis.ContainerStateMachine (ContainerStateMachine.java:takeSnapshot(300)) - group-DEB8437D33EB: Finished taking a snapshot at:(t:1, i:9) file:/workdir/hadoop-ozone/integration-test/target/test-dir/MiniOzoneClusterImpl-f9288385-9861-4bfa-aa9c-eb8641af485f/datanode-0/data/ratis/3d7c2489-554f-4915-9bcf-deb8437d33eb/sm/snapshot.1_9 time:28
2019-09-10 18:18:23,180 [71ef1901-d2de-4c68-9008-400e0700c617@group-DEB8437D33EB-StateMachineUpdater] INFO  impl.StateMachineUpdater (StateMachineUpdater.java:takeSnapshot(258)) - 71ef1901-d2de-4c68-9008-400e0700c617@group-DEB8437D33EB-StateMachineUpdater: Took a snapshot at index 9
2019-09-10 18:18:23,180 [71ef1901-d2de-4c68-9008-400e0700c617@group-DEB8437D33EB-StateMachineUpdater] INFO  impl.StateMachineUpdater (StateMachineUpdater.java:lambda$new$0(83)) - 71ef1901-d2de-4c68-9008-400e0700c617@group-DEB8437D33EB-StateMachineUpdater: snapshotIndex: updateIncreasingly 6 -> 9
2019-09-10 18:18:23,181 [71ef1901-d2de-4c68-9008-400e0700c617@group-DEB8437D33EB-StateMachineUpdater] INFO  ratis.ContainerStateMachine (ContainerStateMachine.java:takeSnapshot(289)) - group-DEB8437D33EB: Taking a snapshot at:(t:1, i:9) file /workdir/hadoop-ozone/integration-test/target/test-dir/MiniOzoneClusterImpl-f9288385-9861-4bfa-aa9c-eb8641af485f/datanode-0/data/ratis/3d7c2489-554f-4915-9bcf-deb8437d33eb/sm/snapshot.1_9
2019-09-10 18:18:23,196 [71ef1901-d2de-4c68-9008-400e0700c617@group-DEB8437D33EB-StateMachineUpdater] INFO  ratis.ContainerStateMachine (ContainerStateMachine.java:takeSnapshot(300)) - group-DEB8437D33EB: Finished taking a snapshot at:(t:1, i:9) file:/workdir/hadoop-ozone/integration-test/target/test-dir/MiniOzoneClusterImpl-f9288385-9861-4bfa-aa9c-eb8641af485f/datanode-0/data/ratis/3d7c2489-554f-4915-9bcf-deb8437d33eb/sm/snapshot.1_9 time:16
2019-09-10 18:18:23,197 [71ef1901-d2de-4c68-9008-400e0700c617@group-DEB8437D33EB-StateMachineUpdater] INFO  impl.StateMachineUpdater (StateMachineUpdater.java:takeSnapshot(258)) - 71ef1901-d2de-4c68-9008-400e0700c617@group-DEB8437D33EB-StateMachineUpdater: Took a snapshot at index 9
2019-09-10 18:18:23,197 [71ef1901-d2de-4c68-9008-400e0700c617@group-DEB8437D33EB-StateMachineUpdater] INFO  impl.StateMachineUpdater (StateMachineUpdater.java:lambda$new$0(83)) - 71ef1901-d2de-4c68-9008-400e0700c617@group-DEB8437D33EB-StateMachineUpdater: snapshotIndex: updateIncreasingly 9 -> 9
2019-09-10 18:18:23,202 [71ef1901-d2de-4c68-9008-400e0700c617@group-DEB8437D33EB-StateMachineUpdater] INFO  ratis.ContainerStateMachine (ContainerStateMachine.java:takeSnapshot(289)) - group-DEB8437D33EB: Taking a snapshot at:(t:1, i:12) file /workdir/hadoop-ozone/integration-test/target/test-dir/MiniOzoneClusterImpl-f9288385-9861-4bfa-aa9c-eb8641af485f/datanode-0/data/ratis/3d7c2489-554f-4915-9bcf-deb8437d33eb/sm/snapshot.1_12
2019-09-10 18:18:23,203 [grpc-default-executor-0] INFO  client.GrpcClientProtocolClient (GrpcClientProtocolClient.java:onNext(264)) - client-290000B39BCA->71ef1901-d2de-4c68-9008-400e0700c617: receive RaftClientReply:client-290000B39BCA->71ef1901-d2de-4c68-9008-400e0700c617@group-DEB8437D33EB, cid=7, SUCCESS, logIndex=11, commits[71ef1901-d2de-4c68-9008-400e0700c617:c12]
2019-09-10 18:18:23,205 [grpc-default-executor-0] INFO  client.GrpcClientProtocolClient (GrpcClientProtocolClient.java:onNext(264)) - client-290000B39BCA->71ef1901-d2de-4c68-9008-400e0700c617: receive RaftClientReply:client-290000B39BCA->71ef1901-d2de-4c68-9008-400e0700c617@group-DEB8437D33EB, cid=8, SUCCESS, logIndex=12, commits[71ef1901-d2de-4c68-9008-400e0700c617:c12]
2019-09-10 18:18:23,222 [71ef1901-d2de-4c68-9008-400e0700c617@group-DEB8437D33EB-StateMachineUpdater] INFO  ratis.ContainerStateMachine (ContainerStateMachine.java:takeSnapshot(300)) - group-DEB8437D33EB: Finished taking a snapshot at:(t:1, i:12) file:/workdir/hadoop-ozone/integration-test/target/test-dir/MiniOzoneClusterImpl-f9288385-9861-4bfa-aa9c-eb8641af485f/datanode-0/data/ratis/3d7c2489-554f-4915-9bcf-deb8437d33eb/sm/snapshot.1_12 time:19
2019-09-10 18:18:23,222 [71ef1901-d2de-4c68-9008-400e0700c617@group-DEB8437D33EB-StateMachineUpdater] INFO  impl.StateMachineUpdater (StateMachineUpdater.java:takeSnapshot(258)) - 71ef1901-d2de-4c68-9008-400e0700c617@group-DEB8437D33EB-StateMachineUpdater: Took a snapshot at index 12
2019-09-10 18:18:23,223 [71ef1901-d2de-4c68-9008-400e0700c617@group-DEB8437D33EB-StateMachineUpdater] INFO  impl.StateMachineUpdater (StateMachineUpdater.java:lambda$new$0(83)) - 71ef1901-d2de-4c68-9008-400e0700c617@group-DEB8437D33EB-StateMachineUpdater: snapshotIndex: updateIncreasingly 9 -> 12
2019-09-10 18:18:23,224 [71ef1901-d2de-4c68-9008-400e0700c617@group-DEB8437D33EB-StateMachineUpdater] INFO  ratis.ContainerStateMachine (ContainerStateMachine.java:takeSnapshot(289)) - group-DEB8437D33EB: Taking a snapshot at:(t:1, i:12) file /workdir/hadoop-ozone/integration-test/target/test-dir/MiniOzoneClusterImpl-f9288385-9861-4bfa-aa9c-eb8641af485f/datanode-0/data/ratis/3d7c2489-554f-4915-9bcf-deb8437d33eb/sm/snapshot.1_12
2019-09-10 18:18:23,238 [71ef1901-d2de-4c68-9008-400e0700c617@group-DEB8437D33EB-StateMachineUpdater] INFO  ratis.ContainerStateMachine (ContainerStateMachine.java:takeSnapshot(300)) - group-DEB8437D33EB: Finished taking a snapshot at:(t:1, i:12) file:/workdir/hadoop-ozone/integration-test/target/test-dir/MiniOzoneClusterImpl-f9288385-9861-4bfa-aa9c-eb8641af485f/datanode-0/data/ratis/3d7c2489-554f-4915-9bcf-deb8437d33eb/sm/snapshot.1_12 time:15
2019-09-10 18:18:23,239 [71ef1901-d2de-4c68-9008-400e0700c617@group-DEB8437D33EB-StateMachineUpdater] INFO  impl.StateMachineUpdater (StateMachineUpdater.java:takeSnapshot(258)) - 71ef1901-d2de-4c68-9008-400e0700c617@group-DEB8437D33EB-StateMachineUpdater: Took a snapshot at index 12
2019-09-10 18:18:23,239 [71ef1901-d2de-4c68-9008-400e0700c617@group-DEB8437D33EB-StateMachineUpdater] INFO  impl.StateMachineUpdater (StateMachineUpdater.java:lambda$new$0(83)) - 71ef1901-d2de-4c68-9008-400e0700c617@group-DEB8437D33EB-StateMachineUpdater: snapshotIndex: updateIncreasingly 12 -> 12
2019-09-10 18:18:23,245 [71ef1901-d2de-4c68-9008-400e0700c617@group-DEB8437D33EB-StateMachineUpdater] INFO  ratis.ContainerStateMachine (ContainerStateMachine.java:takeSnapshot(289)) - group-DEB8437D33EB: Taking a snapshot at:(t:1, i:14) file /workdir/hadoop-ozone/integration-test/target/test-dir/MiniOzoneClusterImpl-f9288385-9861-4bfa-aa9c-eb8641af485f/datanode-0/data/ratis/3d7c2489-554f-4915-9bcf-deb8437d33eb/sm/snapshot.1_14
2019-09-10 18:18:23,245 [grpc-default-executor-0] INFO  client.GrpcClientProtocolClient (GrpcClientProtocolClient.java:onNext(264)) - client-290000B39BCA->71ef1901-d2de-4c68-9008-400e0700c617: receive RaftClientReply:client-290000B39BCA->71ef1901-d2de-4c68-9008-400e0700c617@group-DEB8437D33EB, cid=9, SUCCESS, logIndex=14, commits[71ef1901-d2de-4c68-9008-400e0700c617:c15]
2019-09-10 18:18:23,248 [grpc-default-executor-0] INFO  client.GrpcClientProtocolClient (GrpcClientProtocolClient.java:onNext(264)) - client-290000B39BCA->71ef1901-d2de-4c68-9008-400e0700c617: receive RaftClientReply:client-290000B39BCA->71ef1901-d2de-4c68-9008-400e0700c617@group-DEB8437D33EB, cid=10, SUCCESS, logIndex=15, commits[71ef1901-d2de-4c68-9008-400e0700c617:c16]
2019-09-10 18:18:23,264 [71ef1901-d2de-4c68-9008-400e0700c617@group-DEB8437D33EB-StateMachineUpdater] INFO  ratis.ContainerStateMachine (ContainerStateMachine.java:takeSnapshot(300)) - group-DEB8437D33EB: Finished taking a snapshot at:(t:1, i:14) file:/workdir/hadoop-ozone/integration-test/target/test-dir/MiniOzoneClusterImpl-f9288385-9861-4bfa-aa9c-eb8641af485f/datanode-0/data/ratis/3d7c2489-554f-4915-9bcf-deb8437d33eb/sm/snapshot.1_14 time:20
2019-09-10 18:18:23,264 [71ef1901-d2de-4c68-9008-400e0700c617@group-DEB8437D33EB-StateMachineUpdater] INFO  impl.StateMachineUpdater (StateMachineUpdater.java:takeSnapshot(258)) - 71ef1901-d2de-4c68-9008-400e0700c617@group-DEB8437D33EB-StateMachineUpdater: Took a snapshot at index 14
2019-09-10 18:18:23,265 [71ef1901-d2de-4c68-9008-400e0700c617@group-DEB8437D33EB-StateMachineUpdater] INFO  impl.StateMachineUpdater (StateMachineUpdater.java:lambda$new$0(83)) - 71ef1901-d2de-4c68-9008-400e0700c617@group-DEB8437D33EB-StateMachineUpdater: snapshotIndex: updateIncreasingly 12 -> 14
2019-09-10 18:18:23,265 [71ef1901-d2de-4c68-9008-400e0700c617@group-DEB8437D33EB-StateMachineUpdater] INFO  ratis.ContainerStateMachine (ContainerStateMachine.java:takeSnapshot(289)) - group-DEB8437D33EB: Taking a snapshot at:(t:1, i:15) file /workdir/hadoop-ozone/integration-test/target/test-dir/MiniOzoneClusterImpl-f9288385-9861-4bfa-aa9c-eb8641af485f/datanode-0/data/ratis/3d7c2489-554f-4915-9bcf-deb8437d33eb/sm/snapshot.1_15
2019-09-10 18:18:23,281 [71ef1901-d2de-4c68-9008-400e0700c617@group-DEB8437D33EB-StateMachineUpdater] INFO  ratis.ContainerStateMachine (ContainerStateMachine.java:takeSnapshot(300)) - group-DEB8437D33EB: Finished taking a snapshot at:(t:1, i:15) file:/workdir/hadoop-ozone/integration-test/target/test-dir/MiniOzoneClusterImpl-f9288385-9861-4bfa-aa9c-eb8641af485f/datanode-0/data/ratis/3d7c2489-554f-4915-9bcf-deb8437d33eb/sm/snapshot.1_15 time:15
2019-09-10 18:18:23,283 [71ef1901-d2de-4c68-9008-400e0700c617@group-DEB8437D33EB-StateMachineUpdater] INFO  impl.SimpleStateMachineStorage (SimpleStateMachineStorage.java:cleanupOldSnapshots(99)) - Deleting old snapshot at /workdir/hadoop-ozone/integration-test/target/test-dir/MiniOzoneClusterImpl-f9288385-9861-4bfa-aa9c-eb8641af485f/datanode-0/data/ratis/3d7c2489-554f-4915-9bcf-deb8437d33eb/sm/snapshot.1_1
2019-09-10 18:18:23,291 [71ef1901-d2de-4c68-9008-400e0700c617@group-DEB8437D33EB-StateMachineUpdater] INFO  impl.StateMachineUpdater (StateMachineUpdater.java:takeSnapshot(258)) - 71ef1901-d2de-4c68-9008-400e0700c617@group-DEB8437D33EB-StateMachineUpdater: Took a snapshot at index 15
2019-09-10 18:18:23,291 [71ef1901-d2de-4c68-9008-400e0700c617@group-DEB8437D33EB-StateMachineUpdater] INFO  impl.StateMachineUpdater (StateMachineUpdater.java:lambda$new$0(83)) - 71ef1901-d2de-4c68-9008-400e0700c617@group-DEB8437D33EB-StateMachineUpdater: snapshotIndex: updateIncreasingly 14 -> 15
2019-09-10 18:18:23,297 [71ef1901-d2de-4c68-9008-400e0700c617@group-DEB8437D33EB-StateMachineUpdater] INFO  ratis.ContainerStateMachine (ContainerStateMachine.java:takeSnapshot(289)) - group-DEB8437D33EB: Taking a snapshot at:(t:1, i:18) file /workdir/hadoop-ozone/integration-test/target/test-dir/MiniOzoneClusterImpl-f9288385-9861-4bfa-aa9c-eb8641af485f/datanode-0/data/ratis/3d7c2489-554f-4915-9bcf-deb8437d33eb/sm/snapshot.1_18
2019-09-10 18:18:23,298 [grpc-default-executor-0] INFO  client.GrpcClientProtocolClient (GrpcClientProtocolClient.java:onNext(264)) - client-290000B39BCA->71ef1901-d2de-4c68-9008-400e0700c617: receive RaftClientReply:client-290000B39BCA->71ef1901-d2de-4c68-9008-400e0700c617@group-DEB8437D33EB, cid=11, SUCCESS, logIndex=17, commits[71ef1901-d2de-4c68-9008-400e0700c617:c18]
2019-09-10 18:18:23,299 [grpc-default-executor-0] INFO  client.GrpcClientProtocolClient (GrpcClientProtocolClient.java:onNext(264)) - client-290000B39BCA->71ef1901-d2de-4c68-9008-400e0700c617: receive RaftClientReply:client-290000B39BCA->71ef1901-d2de-4c68-9008-400e0700c617@group-DEB8437D33EB, cid=12, SUCCESS, logIndex=18, commits[71ef1901-d2de-4c68-9008-400e0700c617:c18]
2019-09-10 18:18:23,315 [71ef1901-d2de-4c68-9008-400e0700c617@group-DEB8437D33EB-StateMachineUpdater] INFO  ratis.ContainerStateMachine (ContainerStateMachine.java:takeSnapshot(300)) - group-DEB8437D33EB: Finished taking a snapshot at:(t:1, i:18) file:/workdir/hadoop-ozone/integration-test/target/test-dir/MiniOzoneClusterImpl-f9288385-9861-4bfa-aa9c-eb8641af485f/datanode-0/data/ratis/3d7c2489-554f-4915-9bcf-deb8437d33eb/sm/snapshot.1_18 time:18
2019-09-10 18:18:23,316 [71ef1901-d2de-4c68-9008-400e0700c617@group-DEB8437D33EB-StateMachineUpdater] INFO  impl.SimpleStateMachineStorage (SimpleStateMachineStorage.java:cleanupOldSnapshots(99)) - Deleting old snapshot at /workdir/hadoop-ozone/integration-test/target/test-dir/MiniOzoneClusterImpl-f9288385-9861-4bfa-aa9c-eb8641af485f/datanode-0/data/ratis/3d7c2489-554f-4915-9bcf-deb8437d33eb/sm/snapshot.1_6
2019-09-10 18:18:23,316 [71ef1901-d2de-4c68-9008-400e0700c617@group-DEB8437D33EB-StateMachineUpdater] INFO  impl.StateMachineUpdater (StateMachineUpdater.java:takeSnapshot(258)) - 71ef1901-d2de-4c68-9008-400e0700c617@group-DEB8437D33EB-StateMachineUpdater: Took a snapshot at index 18
2019-09-10 18:18:23,316 [71ef1901-d2de-4c68-9008-400e0700c617@group-DEB8437D33EB-StateMachineUpdater] INFO  impl.StateMachineUpdater (StateMachineUpdater.java:lambda$new$0(83)) - 71ef1901-d2de-4c68-9008-400e0700c617@group-DEB8437D33EB-StateMachineUpdater: snapshotIndex: updateIncreasingly 15 -> 18
2019-09-10 18:18:23,317 [71ef1901-d2de-4c68-9008-400e0700c617@group-DEB8437D33EB-StateMachineUpdater] INFO  ratis.ContainerStateMachine (ContainerStateMachine.java:takeSnapshot(289)) - group-DEB8437D33EB: Taking a snapshot at:(t:1, i:18) file /workdir/hadoop-ozone/integration-test/target/test-dir/MiniOzoneClusterImpl-f9288385-9861-4bfa-aa9c-eb8641af485f/datanode-0/data/ratis/3d7c2489-554f-4915-9bcf-deb8437d33eb/sm/snapshot.1_18
2019-09-10 18:18:23,348 [71ef1901-d2de-4c68-9008-400e0700c617@group-DEB8437D33EB-StateMachineUpdater] INFO  ratis.ContainerStateMachine (ContainerStateMachine.java:takeSnapshot(300)) - group-DEB8437D33EB: Finished taking a snapshot at:(t:1, i:18) file:/workdir/hadoop-ozone/integration-test/target/test-dir/MiniOzoneClusterImpl-f9288385-9861-4bfa-aa9c-eb8641af485f/datanode-0/data/ratis/3d7c2489-554f-4915-9bcf-deb8437d33eb/sm/snapshot.1_18 time:32
2019-09-10 18:18:23,349 [71ef1901-d2de-4c68-9008-400e0700c617@group-DEB8437D33EB-StateMachineUpdater] INFO  impl.StateMachineUpdater (StateMachineUpdater.java:takeSnapshot(258)) - 71ef1901-d2de-4c68-9008-400e0700c617@group-DEB8437D33EB-StateMachineUpdater: Took a snapshot at index 18
2019-09-10 18:18:23,349 [71ef1901-d2de-4c68-9008-400e0700c617@group-DEB8437D33EB-StateMachineUpdater] INFO  impl.StateMachineUpdater (StateMachineUpdater.java:lambda$new$0(83)) - 71ef1901-d2de-4c68-9008-400e0700c617@group-DEB8437D33EB-StateMachineUpdater: snapshotIndex: updateIncreasingly 18 -> 18
2019-09-10 18:18:23,353 [71ef1901-d2de-4c68-9008-400e0700c617@group-DEB8437D33EB-StateMachineUpdater] INFO  ratis.ContainerStateMachine (ContainerStateMachine.java:takeSnapshot(289)) - group-DEB8437D33EB: Taking a snapshot at:(t:1, i:22) file /workdir/hadoop-ozone/integration-test/target/test-dir/MiniOzoneClusterImpl-f9288385-9861-4bfa-aa9c-eb8641af485f/datanode-0/data/ratis/3d7c2489-554f-4915-9bcf-deb8437d33eb/sm/snapshot.1_22
2019-09-10 18:18:23,353 [grpc-default-executor-0] INFO  client.GrpcClientProtocolClient (GrpcClientProtocolClient.java:onNext(264)) - client-290000B39BCA->71ef1901-d2de-4c68-9008-400e0700c617: receive RaftClientReply:client-290000B39BCA->71ef1901-d2de-4c68-9008-400e0700c617@group-DEB8437D33EB, cid=13, SUCCESS, logIndex=20, commits[71ef1901-d2de-4c68-9008-400e0700c617:c22]
2019-09-10 18:18:23,354 [grpc-default-executor-0] INFO  client.GrpcClientProtocolClient (GrpcClientProtocolClient.java:onNext(264)) - client-290000B39BCA->71ef1901-d2de-4c68-9008-400e0700c617: receive RaftClientReply:client-290000B39BCA->71ef1901-d2de-4c68-9008-400e0700c617@group-DEB8437D33EB, cid=14, SUCCESS, logIndex=21, commits[71ef1901-d2de-4c68-9008-400e0700c617:c22]
2019-09-10 18:18:23,374 [71ef1901-d2de-4c68-9008-400e0700c617@group-DEB8437D33EB-StateMachineUpdater] INFO  ratis.ContainerStateMachine (ContainerStateMachine.java:takeSnapshot(300)) - group-DEB8437D33EB: Finished taking a snapshot at:(t:1, i:22) file:/workdir/hadoop-ozone/integration-test/target/test-dir/MiniOzoneClusterImpl-f9288385-9861-4bfa-aa9c-eb8641af485f/datanode-0/data/ratis/3d7c2489-554f-4915-9bcf-deb8437d33eb/sm/snapshot.1_22 time:20
2019-09-10 18:18:23,374 [71ef1901-d2de-4c68-9008-400e0700c617@group-DEB8437D33EB-StateMachineUpdater] INFO  impl.SimpleStateMachineStorage (SimpleStateMachineStorage.java:cleanupOldSnapshots(99)) - Deleting old snapshot at /workdir/hadoop-ozone/integration-test/target/test-dir/MiniOzoneClusterImpl-f9288385-9861-4bfa-aa9c-eb8641af485f/datanode-0/data/ratis/3d7c2489-554f-4915-9bcf-deb8437d33eb/sm/snapshot.1_9
2019-09-10 18:18:23,375 [71ef1901-d2de-4c68-9008-400e0700c617@group-DEB8437D33EB-StateMachineUpdater] INFO  impl.StateMachineUpdater (StateMachineUpdater.java:takeSnapshot(258)) - 71ef1901-d2de-4c68-9008-400e0700c617@group-DEB8437D33EB-StateMachineUpdater: Took a snapshot at index 22
2019-09-10 18:18:23,375 [71ef1901-d2de-4c68-9008-400e0700c617@group-DEB8437D33EB-StateMachineUpdater] INFO  impl.StateMachineUpdater (StateMachineUpdater.java:lambda$new$0(83)) - 71ef1901-d2de-4c68-9008-400e0700c617@group-DEB8437D33EB-StateMachineUpdater: snapshotIndex: updateIncreasingly 18 -> 22
2019-09-10 18:18:23,395 [71ef1901-d2de-4c68-9008-400e0700c617@group-DEB8437D33EB-StateMachineUpdater] INFO  ratis.ContainerStateMachine (ContainerStateMachine.java:takeSnapshot(289)) - group-DEB8437D33EB: Taking a snapshot at:(t:1, i:23) file /workdir/hadoop-ozone/integration-test/target/test-dir/MiniOzoneClusterImpl-f9288385-9861-4bfa-aa9c-eb8641af485f/datanode-0/data/ratis/3d7c2489-554f-4915-9bcf-deb8437d33eb/sm/snapshot.1_23
2019-09-10 18:18:23,396 [grpc-default-executor-0] INFO  client.GrpcClientProtocolClient (GrpcClientProtocolClient.java:onNext(264)) - client-290000B39BCA->71ef1901-d2de-4c68-9008-400e0700c617: receive RaftClientReply:client-290000B39BCA->71ef1901-d2de-4c68-9008-400e0700c617@group-DEB8437D33EB, cid=15, SUCCESS, logIndex=23, commits[71ef1901-d2de-4c68-9008-400e0700c617:c24]
2019-09-10 18:18:23,398 [grpc-default-executor-0] INFO  client.GrpcClientProtocolClient (GrpcClientProtocolClient.java:onNext(264)) - client-290000B39BCA->71ef1901-d2de-4c68-9008-400e0700c617: receive RaftClientReply:client-290000B39BCA->71ef1901-d2de-4c68-9008-400e0700c617@group-DEB8437D33EB, cid=16, SUCCESS, logIndex=24, commits[71ef1901-d2de-4c68-9008-400e0700c617:c24]
2019-09-10 18:18:23,417 [71ef1901-d2de-4c68-9008-400e0700c617@group-DEB8437D33EB-StateMachineUpdater] INFO  ratis.ContainerStateMachine (ContainerStateMachine.java:takeSnapshot(300)) - group-DEB8437D33EB: Finished taking a snapshot at:(t:1, i:23) file:/workdir/hadoop-ozone/integration-test/target/test-dir/MiniOzoneClusterImpl-f9288385-9861-4bfa-aa9c-eb8641af485f/datanode-0/data/ratis/3d7c2489-554f-4915-9bcf-deb8437d33eb/sm/snapshot.1_23 time:21
2019-09-10 18:18:23,417 [71ef1901-d2de-4c68-9008-400e0700c617@group-DEB8437D33EB-StateMachineUpdater] INFO  impl.SimpleStateMachineStorage (SimpleStateMachineStorage.java:cleanupOldSnapshots(99)) - Deleting old snapshot at /workdir/hadoop-ozone/integration-test/target/test-dir/MiniOzoneClusterImpl-f9288385-9861-4bfa-aa9c-eb8641af485f/datanode-0/data/ratis/3d7c2489-554f-4915-9bcf-deb8437d33eb/sm/snapshot.1_12
2019-09-10 18:18:23,417 [71ef1901-d2de-4c68-9008-400e0700c617@group-DEB8437D33EB-StateMachineUpdater] INFO  impl.StateMachineUpdater (StateMachineUpdater.java:takeSnapshot(258)) - 71ef1901-d2de-4c68-9008-400e0700c617@group-DEB8437D33EB-StateMachineUpdater: Took a snapshot at index 23
2019-09-10 18:18:23,418 [71ef1901-d2de-4c68-9008-400e0700c617@group-DEB8437D33EB-StateMachineUpdater] INFO  impl.StateMachineUpdater (StateMachineUpdater.java:lambda$new$0(83)) - 71ef1901-d2de-4c68-9008-400e0700c617@group-DEB8437D33EB-StateMachineUpdater: snapshotIndex: updateIncreasingly 22 -> 23
2019-09-10 18:18:23,418 [71ef1901-d2de-4c68-9008-400e0700c617@group-DEB8437D33EB-StateMachineUpdater] INFO  ratis.ContainerStateMachine (ContainerStateMachine.java:takeSnapshot(289)) - group-DEB8437D33EB: Taking a snapshot at:(t:1, i:24) file /workdir/hadoop-ozone/integration-test/target/test-dir/MiniOzoneClusterImpl-f9288385-9861-4bfa-aa9c-eb8641af485f/datanode-0/data/ratis/3d7c2489-554f-4915-9bcf-deb8437d33eb/sm/snapshot.1_24
2019-09-10 18:18:23,434 [71ef1901-d2de-4c68-9008-400e0700c617@group-DEB8437D33EB-StateMachineUpdater] INFO  ratis.ContainerStateMachine (ContainerStateMachine.java:takeSnapshot(300)) - group-DEB8437D33EB: Finished taking a snapshot at:(t:1, i:24) file:/workdir/hadoop-ozone/integration-test/target/test-dir/MiniOzoneClusterImpl-f9288385-9861-4bfa-aa9c-eb8641af485f/datanode-0/data/ratis/3d7c2489-554f-4915-9bcf-deb8437d33eb/sm/snapshot.1_24 time:16
2019-09-10 18:18:23,434 [71ef1901-d2de-4c68-9008-400e0700c617@group-DEB8437D33EB-StateMachineUpdater] INFO  impl.SimpleStateMachineStorage (SimpleStateMachineStorage.java:cleanupOldSnapshots(99)) - Deleting old snapshot at /workdir/hadoop-ozone/integration-test/target/test-dir/MiniOzoneClusterImpl-f9288385-9861-4bfa-aa9c-eb8641af485f/datanode-0/data/ratis/3d7c2489-554f-4915-9bcf-deb8437d33eb/sm/snapshot.1_14
2019-09-10 18:18:23,434 [71ef1901-d2de-4c68-9008-400e0700c617@group-DEB8437D33EB-StateMachineUpdater] INFO  impl.StateMachineUpdater (StateMachineUpdater.java:takeSnapshot(258)) - 71ef1901-d2de-4c68-9008-400e0700c617@group-DEB8437D33EB-StateMachineUpdater: Took a snapshot at index 24
2019-09-10 18:18:23,435 [71ef1901-d2de-4c68-9008-400e0700c617@group-DEB8437D33EB-StateMachineUpdater] INFO  impl.StateMachineUpdater (StateMachineUpdater.java:lambda$new$0(83)) - 71ef1901-d2de-4c68-9008-400e0700c617@group-DEB8437D33EB-StateMachineUpdater: snapshotIndex: updateIncreasingly 23 -> 24
2019-09-10 18:18:23,438 [71ef1901-d2de-4c68-9008-400e0700c617@group-DEB8437D33EB-StateMachineUpdater] INFO  ratis.ContainerStateMachine (ContainerStateMachine.java:takeSnapshot(289)) - group-DEB8437D33EB: Taking a snapshot at:(t:1, i:27) file /workdir/hadoop-ozone/integration-test/target/test-dir/MiniOzoneClusterImpl-f9288385-9861-4bfa-aa9c-eb8641af485f/datanode-0/data/ratis/3d7c2489-554f-4915-9bcf-deb8437d33eb/sm/snapshot.1_27
2019-09-10 18:18:23,439 [grpc-default-executor-0] INFO  client.GrpcClientProtocolClient (GrpcClientProtocolClient.java:onNext(264)) - client-290000B39BCA->71ef1901-d2de-4c68-9008-400e0700c617: receive RaftClientReply:client-290000B39BCA->71ef1901-d2de-4c68-9008-400e0700c617@group-DEB8437D33EB, cid=17, SUCCESS, logIndex=26, commits[71ef1901-d2de-4c68-9008-400e0700c617:c27]
2019-09-10 18:18:23,441 [grpc-default-executor-0] INFO  client.GrpcClientProtocolClient (GrpcClientProtocolClient.java:onNext(264)) - client-290000B39BCA->71ef1901-d2de-4c68-9008-400e0700c617: receive RaftClientReply:client-290000B39BCA->71ef1901-d2de-4c68-9008-400e0700c617@group-DEB8437D33EB, cid=18, SUCCESS, logIndex=27, commits[71ef1901-d2de-4c68-9008-400e0700c617:c28]
2019-09-10 18:18:23,459 [71ef1901-d2de-4c68-9008-400e0700c617@group-DEB8437D33EB-StateMachineUpdater] INFO  ratis.ContainerStateMachine (ContainerStateMachine.java:takeSnapshot(300)) - group-DEB8437D33EB: Finished taking a snapshot at:(t:1, i:27) file:/workdir/hadoop-ozone/integration-test/target/test-dir/MiniOzoneClusterImpl-f9288385-9861-4bfa-aa9c-eb8641af485f/datanode-0/data/ratis/3d7c2489-554f-4915-9bcf-deb8437d33eb/sm/snapshot.1_27 time:21
2019-09-10 18:18:23,460 [71ef1901-d2de-4c68-9008-400e0700c617@group-DEB8437D33EB-StateMachineUpdater] INFO  impl.SimpleStateMachineStorage (SimpleStateMachineStorage.java:cleanupOldSnapshots(99)) - Deleting old snapshot at /workdir/hadoop-ozone/integration-test/target/test-dir/MiniOzoneClusterImpl-f9288385-9861-4bfa-aa9c-eb8641af485f/datanode-0/data/ratis/3d7c2489-554f-4915-9bcf-deb8437d33eb/sm/snapshot.1_15
2019-09-10 18:18:23,460 [71ef1901-d2de-4c68-9008-400e0700c617@group-DEB8437D33EB-StateMachineUpdater] INFO  impl.StateMachineUpdater (StateMachineUpdater.java:takeSnapshot(258)) - 71ef1901-d2de-4c68-9008-400e0700c617@group-DEB8437D33EB-StateMachineUpdater: Took a snapshot at index 27
2019-09-10 18:18:23,460 [71ef1901-d2de-4c68-9008-400e0700c617@group-DEB8437D33EB-StateMachineUpdater] INFO  impl.StateMachineUpdater (StateMachineUpdater.java:lambda$new$0(83)) - 71ef1901-d2de-4c68-9008-400e0700c617@group-DEB8437D33EB-StateMachineUpdater: snapshotIndex: updateIncreasingly 24 -> 27
2019-09-10 18:18:23,460 [71ef1901-d2de-4c68-9008-400e0700c617@group-DEB8437D33EB-StateMachineUpdater] INFO  ratis.ContainerStateMachine (ContainerStateMachine.java:takeSnapshot(289)) - group-DEB8437D33EB: Taking a snapshot at:(t:1, i:27) file /workdir/hadoop-ozone/integration-test/target/test-dir/MiniOzoneClusterImpl-f9288385-9861-4bfa-aa9c-eb8641af485f/datanode-0/data/ratis/3d7c2489-554f-4915-9bcf-deb8437d33eb/sm/snapshot.1_27
2019-09-10 18:18:23,485 [71ef1901-d2de-4c68-9008-400e0700c617@group-DEB8437D33EB-StateMachineUpdater] INFO  ratis.ContainerStateMachine (ContainerStateMachine.java:takeSnapshot(300)) - group-DEB8437D33EB: Finished taking a snapshot at:(t:1, i:27) file:/workdir/hadoop-ozone/integration-test/target/test-dir/MiniOzoneClusterImpl-f9288385-9861-4bfa-aa9c-eb8641af485f/datanode-0/data/ratis/3d7c2489-554f-4915-9bcf-deb8437d33eb/sm/snapshot.1_27 time:24
2019-09-10 18:18:23,485 [71ef1901-d2de-4c68-9008-400e0700c617@group-DEB8437D33EB-StateMachineUpdater] INFO  impl.StateMachineUpdater (StateMachineUpdater.java:takeSnapshot(258)) - 71ef1901-d2de-4c68-9008-400e0700c617@group-DEB8437D33EB-StateMachineUpdater: Took a snapshot at index 27
2019-09-10 18:18:23,485 [71ef1901-d2de-4c68-9008-400e0700c617@group-DEB8437D33EB-StateMachineUpdater] INFO  impl.StateMachineUpdater (StateMachineUpdater.java:lambda$new$0(83)) - 71ef1901-d2de-4c68-9008-400e0700c617@group-DEB8437D33EB-StateMachineUpdater: snapshotIndex: updateIncreasingly 27 -> 27
2019-09-10 18:18:23,487 [71ef1901-d2de-4c68-9008-400e0700c617@group-DEB8437D33EB-StateMachineUpdater] INFO  ratis.ContainerStateMachine (ContainerStateMachine.java:takeSnapshot(289)) - group-DEB8437D33EB: Taking a snapshot at:(t:1, i:29) file /workdir/hadoop-ozone/integration-test/target/test-dir/MiniOzoneClusterImpl-f9288385-9861-4bfa-aa9c-eb8641af485f/datanode-0/data/ratis/3d7c2489-554f-4915-9bcf-deb8437d33eb/sm/snapshot.1_29
2019-09-10 18:18:23,490 [grpc-default-executor-0] INFO  client.GrpcClientProtocolClient (GrpcClientProtocolClient.java:onNext(264)) - client-290000B39BCA->71ef1901-d2de-4c68-9008-400e0700c617: receive RaftClientReply:client-290000B39BCA->71ef1901-d2de-4c68-9008-400e0700c617@group-DEB8437D33EB, cid=19, SUCCESS, logIndex=29, commits[71ef1901-d2de-4c68-9008-400e0700c617:c29]
2019-09-10 18:18:23,502 [71ef1901-d2de-4c68-9008-400e0700c617@group-DEB8437D33EB-StateMachineUpdater] INFO  ratis.ContainerStateMachine (ContainerStateMachine.java:takeSnapshot(300)) - group-DEB8437D33EB: Finished taking a snapshot at:(t:1, i:29) file:/workdir/hadoop-ozone/integration-test/target/test-dir/MiniOzoneClusterImpl-f9288385-9861-4bfa-aa9c-eb8641af485f/datanode-0/data/ratis/3d7c2489-554f-4915-9bcf-deb8437d33eb/sm/snapshot.1_29 time:14
2019-09-10 18:18:23,502 [71ef1901-d2de-4c68-9008-400e0700c617@group-DEB8437D33EB-StateMachineUpdater] INFO  impl.SimpleStateMachineStorage (SimpleStateMachineStorage.java:cleanupOldSnapshots(99)) - Deleting old snapshot at /workdir/hadoop-ozone/integration-test/target/test-dir/MiniOzoneClusterImpl-f9288385-9861-4bfa-aa9c-eb8641af485f/datanode-0/data/ratis/3d7c2489-554f-4915-9bcf-deb8437d33eb/sm/snapshot.1_18
2019-09-10 18:18:23,503 [71ef1901-d2de-4c68-9008-400e0700c617@group-DEB8437D33EB-StateMachineUpdater] INFO  impl.StateMachineUpdater (StateMachineUpdater.java:takeSnapshot(258)) - 71ef1901-d2de-4c68-9008-400e0700c617@group-DEB8437D33EB-StateMachineUpdater: Took a snapshot at index 29
2019-09-10 18:18:23,503 [71ef1901-d2de-4c68-9008-400e0700c617@group-DEB8437D33EB-StateMachineUpdater] INFO  impl.StateMachineUpdater (StateMachineUpdater.java:lambda$new$0(83)) - 71ef1901-d2de-4c68-9008-400e0700c617@group-DEB8437D33EB-StateMachineUpdater: snapshotIndex: updateIncreasingly 27 -> 29
2019-09-10 18:18:23,505 [71ef1901-d2de-4c68-9008-400e0700c617@group-DEB8437D33EB-StateMachineUpdater] INFO  ratis.ContainerStateMachine (ContainerStateMachine.java:takeSnapshot(289)) - group-DEB8437D33EB: Taking a snapshot at:(t:1, i:29) file /workdir/hadoop-ozone/integration-test/target/test-dir/MiniOzoneClusterImpl-f9288385-9861-4bfa-aa9c-eb8641af485f/datanode-0/data/ratis/3d7c2489-554f-4915-9bcf-deb8437d33eb/sm/snapshot.1_29
2019-09-10 18:18:23,508 [grpc-default-executor-0] INFO  client.GrpcClientProtocolClient (GrpcClientProtocolClient.java:onNext(264)) - client-290000B39BCA->71ef1901-d2de-4c68-9008-400e0700c617: receive RaftClientReply:client-290000B39BCA->71ef1901-d2de-4c68-9008-400e0700c617@group-DEB8437D33EB, cid=20, SUCCESS, logIndex=30, commits[71ef1901-d2de-4c68-9008-400e0700c617:c32]
2019-09-10 18:18:23,544 [71ef1901-d2de-4c68-9008-400e0700c617@group-DEB8437D33EB-StateMachineUpdater] INFO  ratis.ContainerStateMachine (ContainerStateMachine.java:takeSnapshot(300)) - group-DEB8437D33EB: Finished taking a snapshot at:(t:1, i:29) file:/workdir/hadoop-ozone/integration-test/target/test-dir/MiniOzoneClusterImpl-f9288385-9861-4bfa-aa9c-eb8641af485f/datanode-0/data/ratis/3d7c2489-554f-4915-9bcf-deb8437d33eb/sm/snapshot.1_29 time:38
2019-09-10 18:18:23,544 [71ef1901-d2de-4c68-9008-400e0700c617@group-DEB8437D33EB-StateMachineUpdater] INFO  impl.StateMachineUpdater (StateMachineUpdater.java:takeSnapshot(258)) - 71ef1901-d2de-4c68-9008-400e0700c617@group-DEB8437D33EB-StateMachineUpdater: Took a snapshot at index 29
2019-09-10 18:18:23,545 [71ef1901-d2de-4c68-9008-400e0700c617@group-DEB8437D33EB-StateMachineUpdater] INFO  impl.StateMachineUpdater (StateMachineUpdater.java:lambda$new$0(83)) - 71ef1901-d2de-4c68-9008-400e0700c617@group-DEB8437D33EB-StateMachineUpdater: snapshotIndex: updateIncreasingly 29 -> 29
2019-09-10 18:18:23,549 [71ef1901-d2de-4c68-9008-400e0700c617@group-DEB8437D33EB-StateMachineUpdater] INFO  ratis.ContainerStateMachine (ContainerStateMachine.java:takeSnapshot(289)) - group-DEB8437D33EB: Taking a snapshot at:(t:1, i:34) file /workdir/hadoop-ozone/integration-test/target/test-dir/MiniOzoneClusterImpl-f9288385-9861-4bfa-aa9c-eb8641af485f/datanode-0/data/ratis/3d7c2489-554f-4915-9bcf-deb8437d33eb/sm/snapshot.1_34
2019-09-10 18:18:23,549 [grpc-default-executor-0] INFO  client.GrpcClientProtocolClient (GrpcClientProtocolClient.java:onNext(264)) - client-290000B39BCA->71ef1901-d2de-4c68-9008-400e0700c617: receive RaftClientReply:client-290000B39BCA->71ef1901-d2de-4c68-9008-400e0700c617@group-DEB8437D33EB, cid=21, SUCCESS, logIndex=33, commits[71ef1901-d2de-4c68-9008-400e0700c617:c34]
2019-09-10 18:18:23,551 [grpc-default-executor-0] INFO  client.GrpcClientProtocolClient (GrpcClientProtocolClient.java:onNext(264)) - client-290000B39BCA->71ef1901-d2de-4c68-9008-400e0700c617: receive RaftClientReply:client-290000B39BCA->71ef1901-d2de-4c68-9008-400e0700c617@group-DEB8437D33EB, cid=22, SUCCESS, logIndex=34, commits[71ef1901-d2de-4c68-9008-400e0700c617:c34]
2019-09-10 18:18:23,569 [71ef1901-d2de-4c68-9008-400e0700c617@group-DEB8437D33EB-StateMachineUpdater] INFO  ratis.ContainerStateMachine (ContainerStateMachine.java:takeSnapshot(300)) - group-DEB8437D33EB: Finished taking a snapshot at:(t:1, i:34) file:/workdir/hadoop-ozone/integration-test/target/test-dir/MiniOzoneClusterImpl-f9288385-9861-4bfa-aa9c-eb8641af485f/datanode-0/data/ratis/3d7c2489-554f-4915-9bcf-deb8437d33eb/sm/snapshot.1_34 time:21
2019-09-10 18:18:23,570 [71ef1901-d2de-4c68-9008-400e0700c617@group-DEB8437D33EB-StateMachineUpdater] INFO  impl.SimpleStateMachineStorage (SimpleStateMachineStorage.java:cleanupOldSnapshots(99)) - Deleting old snapshot at /workdir/hadoop-ozone/integration-test/target/test-dir/MiniOzoneClusterImpl-f9288385-9861-4bfa-aa9c-eb8641af485f/datanode-0/data/ratis/3d7c2489-554f-4915-9bcf-deb8437d33eb/sm/snapshot.1_22
2019-09-10 18:18:23,570 [71ef1901-d2de-4c68-9008-400e0700c617@group-DEB8437D33EB-StateMachineUpdater] INFO  impl.StateMachineUpdater (StateMachineUpdater.java:takeSnapshot(258)) - 71ef1901-d2de-4c68-9008-400e0700c617@group-DEB8437D33EB-StateMachineUpdater: Took a snapshot at index 34
2019-09-10 18:18:23,570 [71ef1901-d2de-4c68-9008-400e0700c617@group-DEB8437D33EB-StateMachineUpdater] INFO  impl.StateMachineUpdater (StateMachineUpdater.java:lambda$new$0(83)) - 71ef1901-d2de-4c68-9008-400e0700c617@group-DEB8437D33EB-StateMachineUpdater: snapshotIndex: updateIncreasingly 29 -> 34
2019-09-10 18:18:23,570 [71ef1901-d2de-4c68-9008-400e0700c617@group-DEB8437D33EB-StateMachineUpdater] INFO  ratis.ContainerStateMachine (ContainerStateMachine.java:takeSnapshot(289)) - group-DEB8437D33EB: Taking a snapshot at:(t:1, i:34) file /workdir/hadoop-ozone/integration-test/target/test-dir/MiniOzoneClusterImpl-f9288385-9861-4bfa-aa9c-eb8641af485f/datanode-0/data/ratis/3d7c2489-554f-4915-9bcf-deb8437d33eb/sm/snapshot.1_34
2019-09-10 18:18:23,594 [71ef1901-d2de-4c68-9008-400e0700c617@group-DEB8437D33EB-StateMachineUpdater] INFO  ratis.ContainerStateMachine (ContainerStateMachine.java:takeSnapshot(300)) - group-DEB8437D33EB: Finished taking a snapshot at:(t:1, i:34) file:/workdir/hadoop-ozone/integration-test/target/test-dir/MiniOzoneClusterImpl-f9288385-9861-4bfa-aa9c-eb8641af485f/datanode-0/data/ratis/3d7c2489-554f-4915-9bcf-deb8437d33eb/sm/snapshot.1_34 time:24
2019-09-10 18:18:23,595 [71ef1901-d2de-4c68-9008-400e0700c617@group-DEB8437D33EB-StateMachineUpdater] INFO  impl.StateMachineUpdater (StateMachineUpdater.java:takeSnapshot(258)) - 71ef1901-d2de-4c68-9008-400e0700c617@group-DEB8437D33EB-StateMachineUpdater: Took a snapshot at index 34
2019-09-10 18:18:23,595 [71ef1901-d2de-4c68-9008-400e0700c617@group-DEB8437D33EB-StateMachineUpdater] INFO  impl.StateMachineUpdater (StateMachineUpdater.java:lambda$new$0(83)) - 71ef1901-d2de-4c68-9008-400e0700c617@group-DEB8437D33EB-StateMachineUpdater: snapshotIndex: updateIncreasingly 34 -> 34
2019-09-10 18:18:23,599 [71ef1901-d2de-4c68-9008-400e0700c617@group-DEB8437D33EB-StateMachineUpdater] INFO  ratis.ContainerStateMachine (ContainerStateMachine.java:takeSnapshot(289)) - group-DEB8437D33EB: Taking a snapshot at:(t:1, i:37) file /workdir/hadoop-ozone/integration-test/target/test-dir/MiniOzoneClusterImpl-f9288385-9861-4bfa-aa9c-eb8641af485f/datanode-0/data/ratis/3d7c2489-554f-4915-9bcf-deb8437d33eb/sm/snapshot.1_37
2019-09-10 18:18:23,600 [grpc-default-executor-0] INFO  client.GrpcClientProtocolClient (GrpcClientProtocolClient.java:onNext(264)) - client-290000B39BCA->71ef1901-d2de-4c68-9008-400e0700c617: receive RaftClientReply:client-290000B39BCA->71ef1901-d2de-4c68-9008-400e0700c617@group-DEB8437D33EB, cid=23, SUCCESS, logIndex=36, commits[71ef1901-d2de-4c68-9008-400e0700c617:c37]
2019-09-10 18:18:23,602 [grpc-default-executor-0] INFO  client.GrpcClientProtocolClient (GrpcClientProtocolClient.java:onNext(264)) - client-290000B39BCA->71ef1901-d2de-4c68-9008-400e0700c617: receive RaftClientReply:client-290000B39BCA->71ef1901-d2de-4c68-9008-400e0700c617@group-DEB8437D33EB, cid=24, SUCCESS, logIndex=37, commits[71ef1901-d2de-4c68-9008-400e0700c617:c37]
2019-09-10 18:18:23,620 [71ef1901-d2de-4c68-9008-400e0700c617@group-DEB8437D33EB-StateMachineUpdater] INFO  ratis.ContainerStateMachine (ContainerStateMachine.java:takeSnapshot(300)) - group-DEB8437D33EB: Finished taking a snapshot at:(t:1, i:37) file:/workdir/hadoop-ozone/integration-test/target/test-dir/MiniOzoneClusterImpl-f9288385-9861-4bfa-aa9c-eb8641af485f/datanode-0/data/ratis/3d7c2489-554f-4915-9bcf-deb8437d33eb/sm/snapshot.1_37 time:21
2019-09-10 18:18:23,621 [71ef1901-d2de-4c68-9008-400e0700c617@group-DEB8437D33EB-StateMachineUpdater] INFO  impl.SimpleStateMachineStorage (SimpleStateMachineStorage.java:cleanupOldSnapshots(99)) - Deleting old snapshot at /workdir/hadoop-ozone/integration-test/target/test-dir/MiniOzoneClusterImpl-f9288385-9861-4bfa-aa9c-eb8641af485f/datanode-0/data/ratis/3d7c2489-554f-4915-9bcf-deb8437d33eb/sm/snapshot.1_23
2019-09-10 18:18:23,621 [71ef1901-d2de-4c68-9008-400e0700c617@group-DEB8437D33EB-StateMachineUpdater] INFO  impl.StateMachineUpdater (StateMachineUpdater.java:takeSnapshot(258)) - 71ef1901-d2de-4c68-9008-400e0700c617@group-DEB8437D33EB-StateMachineUpdater: Took a snapshot at index 37
2019-09-10 18:18:23,621 [71ef1901-d2de-4c68-9008-400e0700c617@group-DEB8437D33EB-StateMachineUpdater] INFO  impl.StateMachineUpdater (StateMachineUpdater.java:lambda$new$0(83)) - 71ef1901-d2de-4c68-9008-400e0700c617@group-DEB8437D33EB-StateMachineUpdater: snapshotIndex: updateIncreasingly 34 -> 37
2019-09-10 18:18:23,621 [71ef1901-d2de-4c68-9008-400e0700c617@group-DEB8437D33EB-StateMachineUpdater] INFO  ratis.ContainerStateMachine (ContainerStateMachine.java:takeSnapshot(289)) - group-DEB8437D33EB: Taking a snapshot at:(t:1, i:37) file /workdir/hadoop-ozone/integration-test/target/test-dir/MiniOzoneClusterImpl-f9288385-9861-4bfa-aa9c-eb8641af485f/datanode-0/data/ratis/3d7c2489-554f-4915-9bcf-deb8437d33eb/sm/snapshot.1_37
2019-09-10 18:18:23,637 [71ef1901-d2de-4c68-9008-400e0700c617@group-DEB8437D33EB-StateMachineUpdater] INFO  ratis.ContainerStateMachine (ContainerStateMachine.java:takeSnapshot(300)) - group-DEB8437D33EB: Finished taking a snapshot at:(t:1, i:37) file:/workdir/hadoop-ozone/integration-test/target/test-dir/MiniOzoneClusterImpl-f9288385-9861-4bfa-aa9c-eb8641af485f/datanode-0/data/ratis/3d7c2489-554f-4915-9bcf-deb8437d33eb/sm/snapshot.1_37 time:16
2019-09-10 18:18:23,637 [71ef1901-d2de-4c68-9008-400e0700c617@group-DEB8437D33EB-StateMachineUpdater] INFO  impl.StateMachineUpdater (StateMachineUpdater.java:takeSnapshot(258)) - 71ef1901-d2de-4c68-9008-400e0700c617@group-DEB8437D33EB-StateMachineUpdater: Took a snapshot at index 37
2019-09-10 18:18:23,637 [71ef1901-d2de-4c68-9008-400e0700c617@group-DEB8437D33EB-StateMachineUpdater] INFO  impl.StateMachineUpdater (StateMachineUpdater.java:lambda$new$0(83)) - 71ef1901-d2de-4c68-9008-400e0700c617@group-DEB8437D33EB-StateMachineUpdater: snapshotIndex: updateIncreasingly 37 -> 37
2019-09-10 18:18:23,641 [71ef1901-d2de-4c68-9008-400e0700c617@group-DEB8437D33EB-StateMachineUpdater] INFO  ratis.ContainerStateMachine (ContainerStateMachine.java:takeSnapshot(289)) - group-DEB8437D33EB: Taking a snapshot at:(t:1, i:40) file /workdir/hadoop-ozone/integration-test/target/test-dir/MiniOzoneClusterImpl-f9288385-9861-4bfa-aa9c-eb8641af485f/datanode-0/data/ratis/3d7c2489-554f-4915-9bcf-deb8437d33eb/sm/snapshot.1_40
2019-09-10 18:18:23,642 [grpc-default-executor-0] INFO  client.GrpcClientProtocolClient (GrpcClientProtocolClient.java:onNext(264)) - client-290000B39BCA->71ef1901-d2de-4c68-9008-400e0700c617: receive RaftClientReply:client-290000B39BCA->71ef1901-d2de-4c68-9008-400e0700c617@group-DEB8437D33EB, cid=25, SUCCESS, logIndex=39, commits[71ef1901-d2de-4c68-9008-400e0700c617:c40]
2019-09-10 18:18:23,643 [grpc-default-executor-0] INFO  client.GrpcClientProtocolClient (GrpcClientProtocolClient.java:onNext(264)) - client-290000B39BCA->71ef1901-d2de-4c68-9008-400e0700c617: receive RaftClientReply:client-290000B39BCA->71ef1901-d2de-4c68-9008-400e0700c617@group-DEB8437D33EB, cid=26, SUCCESS, logIndex=40, commits[71ef1901-d2de-4c68-9008-400e0700c617:c40]
2019-09-10 18:18:23,662 [71ef1901-d2de-4c68-9008-400e0700c617@group-DEB8437D33EB-StateMachineUpdater] INFO  ratis.ContainerStateMachine (ContainerStateMachine.java:takeSnapshot(300)) - group-DEB8437D33EB: Finished taking a snapshot at:(t:1, i:40) file:/workdir/hadoop-ozone/integration-test/target/test-dir/MiniOzoneClusterImpl-f9288385-9861-4bfa-aa9c-eb8641af485f/datanode-0/data/ratis/3d7c2489-554f-4915-9bcf-deb8437d33eb/sm/snapshot.1_40 time:21
2019-09-10 18:18:23,663 [71ef1901-d2de-4c68-9008-400e0700c617@group-DEB8437D33EB-StateMachineUpdater] INFO  impl.SimpleStateMachineStorage (SimpleStateMachineStorage.java:cleanupOldSnapshots(99)) - Deleting old snapshot at /workdir/hadoop-ozone/integration-test/target/test-dir/MiniOzoneClusterImpl-f9288385-9861-4bfa-aa9c-eb8641af485f/datanode-0/data/ratis/3d7c2489-554f-4915-9bcf-deb8437d33eb/sm/snapshot.1_24
2019-09-10 18:18:23,663 [71ef1901-d2de-4c68-9008-400e0700c617@group-DEB8437D33EB-StateMachineUpdater] INFO  impl.StateMachineUpdater (StateMachineUpdater.java:takeSnapshot(258)) - 71ef1901-d2de-4c68-9008-400e0700c617@group-DEB8437D33EB-StateMachineUpdater: Took a snapshot at index 40
2019-09-10 18:18:23,663 [71ef1901-d2de-4c68-9008-400e0700c617@group-DEB8437D33EB-StateMachineUpdater] INFO  impl.StateMachineUpdater (StateMachineUpdater.java:lambda$new$0(83)) - 71ef1901-d2de-4c68-9008-400e0700c617@group-DEB8437D33EB-StateMachineUpdater: snapshotIndex: updateIncreasingly 37 -> 40
2019-09-10 18:18:23,663 [71ef1901-d2de-4c68-9008-400e0700c617@group-DEB8437D33EB-StateMachineUpdater] INFO  ratis.ContainerStateMachine (ContainerStateMachine.java:takeSnapshot(289)) - group-DEB8437D33EB: Taking a snapshot at:(t:1, i:40) file /workdir/hadoop-ozone/integration-test/target/test-dir/MiniOzoneClusterImpl-f9288385-9861-4bfa-aa9c-eb8641af485f/datanode-0/data/ratis/3d7c2489-554f-4915-9bcf-deb8437d33eb/sm/snapshot.1_40
2019-09-10 18:18:23,688 [71ef1901-d2de-4c68-9008-400e0700c617@group-DEB8437D33EB-StateMachineUpdater] INFO  ratis.ContainerStateMachine (ContainerStateMachine.java:takeSnapshot(300)) - group-DEB8437D33EB: Finished taking a snapshot at:(t:1, i:40) file:/workdir/hadoop-ozone/integration-test/target/test-dir/MiniOzoneClusterImpl-f9288385-9861-4bfa-aa9c-eb8641af485f/datanode-0/data/ratis/3d7c2489-554f-4915-9bcf-deb8437d33eb/sm/snapshot.1_40 time:24
2019-09-10 18:18:23,688 [71ef1901-d2de-4c68-9008-400e0700c617@group-DEB8437D33EB-StateMachineUpdater] INFO  impl.StateMachineUpdater (StateMachineUpdater.java:takeSnapshot(258)) - 71ef1901-d2de-4c68-9008-400e0700c617@group-DEB8437D33EB-StateMachineUpdater: Took a snapshot at index 40
2019-09-10 18:18:23,688 [71ef1901-d2de-4c68-9008-400e0700c617@group-DEB8437D33EB-StateMachineUpdater] INFO  impl.StateMachineUpdater (StateMachineUpdater.java:lambda$new$0(83)) - 71ef1901-d2de-4c68-9008-400e0700c617@group-DEB8437D33EB-StateMachineUpdater: snapshotIndex: updateIncreasingly 40 -> 40
2019-09-10 18:18:23,691 [71ef1901-d2de-4c68-9008-400e0700c617@group-DEB8437D33EB-StateMachineUpdater] INFO  ratis.ContainerStateMachine (ContainerStateMachine.java:takeSnapshot(289)) - group-DEB8437D33EB: Taking a snapshot at:(t:1, i:44) file /workdir/hadoop-ozone/integration-test/target/test-dir/MiniOzoneClusterImpl-f9288385-9861-4bfa-aa9c-eb8641af485f/datanode-0/data/ratis/3d7c2489-554f-4915-9bcf-deb8437d33eb/sm/snapshot.1_44
2019-09-10 18:18:23,692 [grpc-default-executor-0] INFO  client.GrpcClientProtocolClient (GrpcClientProtocolClient.java:onNext(264)) - client-290000B39BCA->71ef1901-d2de-4c68-9008-400e0700c617: receive RaftClientReply:client-290000B39BCA->71ef1901-d2de-4c68-9008-400e0700c617@group-DEB8437D33EB, cid=27, SUCCESS, logIndex=42, commits[71ef1901-d2de-4c68-9008-400e0700c617:c44]
2019-09-10 18:18:23,693 [grpc-default-executor-0] INFO  client.GrpcClientProtocolClient (GrpcClientProtocolClient.java:onNext(264)) - client-290000B39BCA->71ef1901-d2de-4c68-9008-400e0700c617: receive RaftClientReply:client-290000B39BCA->71ef1901-d2de-4c68-9008-400e0700c617@group-DEB8437D33EB, cid=28, SUCCESS, logIndex=43, commits[71ef1901-d2de-4c68-9008-400e0700c617:c44]
2019-09-10 18:18:23,713 [71ef1901-d2de-4c68-9008-400e0700c617@group-DEB8437D33EB-StateMachineUpdater] INFO  ratis.ContainerStateMachine (ContainerStateMachine.java:takeSnapshot(300)) - group-DEB8437D33EB: Finished taking a snapshot at:(t:1, i:44) file:/workdir/hadoop-ozone/integration-test/target/test-dir/MiniOzoneClusterImpl-f9288385-9861-4bfa-aa9c-eb8641af485f/datanode-0/data/ratis/3d7c2489-554f-4915-9bcf-deb8437d33eb/sm/snapshot.1_44 time:22
2019-09-10 18:18:23,714 [71ef1901-d2de-4c68-9008-400e0700c617@group-DEB8437D33EB-StateMachineUpdater] INFO  impl.SimpleStateMachineStorage (SimpleStateMachineStorage.java:cleanupOldSnapshots(99)) - Deleting old snapshot at /workdir/hadoop-ozone/integration-test/target/test-dir/MiniOzoneClusterImpl-f9288385-9861-4bfa-aa9c-eb8641af485f/datanode-0/data/ratis/3d7c2489-554f-4915-9bcf-deb8437d33eb/sm/snapshot.1_27
2019-09-10 18:18:23,714 [71ef1901-d2de-4c68-9008-400e0700c617@group-DEB8437D33EB-StateMachineUpdater] INFO  impl.StateMachineUpdater (StateMachineUpdater.java:takeSnapshot(258)) - 71ef1901-d2de-4c68-9008-400e0700c617@group-DEB8437D33EB-StateMachineUpdater: Took a snapshot at index 44
2019-09-10 18:18:23,714 [71ef1901-d2de-4c68-9008-400e0700c617@group-DEB8437D33EB-StateMachineUpdater] INFO  impl.StateMachineUpdater (StateMachineUpdater.java:lambda$new$0(83)) - 71ef1901-d2de-4c68-9008-400e0700c617@group-DEB8437D33EB-StateMachineUpdater: snapshotIndex: updateIncreasingly 40 -> 44
2019-09-10 18:18:23,726 [71ef1901-d2de-4c68-9008-400e0700c617@group-DEB8437D33EB-StateMachineUpdater] INFO  ratis.ContainerStateMachine (ContainerStateMachine.java:takeSnapshot(289)) - group-DEB8437D33EB: Taking a snapshot at:(t:1, i:45) file /workdir/hadoop-ozone/integration-test/target/test-dir/MiniOzoneClusterImpl-f9288385-9861-4bfa-aa9c-eb8641af485f/datanode-0/data/ratis/3d7c2489-554f-4915-9bcf-deb8437d33eb/sm/snapshot.1_45
2019-09-10 18:18:23,727 [grpc-default-executor-0] INFO  client.GrpcClientProtocolClient (GrpcClientProtocolClient.java:onNext(264)) - client-290000B39BCA->71ef1901-d2de-4c68-9008-400e0700c617: receive RaftClientReply:client-290000B39BCA->71ef1901-d2de-4c68-9008-400e0700c617@group-DEB8437D33EB, cid=29, SUCCESS, logIndex=45, commits[71ef1901-d2de-4c68-9008-400e0700c617:c46]
2019-09-10 18:18:23,728 [grpc-default-executor-0] INFO  client.GrpcClientProtocolClient (GrpcClientProtocolClient.java:onNext(264)) - client-290000B39BCA->71ef1901-d2de-4c68-9008-400e0700c617: receive RaftClientReply:client-290000B39BCA->71ef1901-d2de-4c68-9008-400e0700c617@group-DEB8437D33EB, cid=30, SUCCESS, logIndex=46, commits[71ef1901-d2de-4c68-9008-400e0700c617:c46]
2019-09-10 18:18:23,747 [71ef1901-d2de-4c68-9008-400e0700c617@group-DEB8437D33EB-StateMachineUpdater] INFO  ratis.ContainerStateMachine (ContainerStateMachine.java:takeSnapshot(300)) - group-DEB8437D33EB: Finished taking a snapshot at:(t:1, i:45) file:/workdir/hadoop-ozone/integration-test/target/test-dir/MiniOzoneClusterImpl-f9288385-9861-4bfa-aa9c-eb8641af485f/datanode-0/data/ratis/3d7c2489-554f-4915-9bcf-deb8437d33eb/sm/snapshot.1_45 time:20
2019-09-10 18:18:23,748 [71ef1901-d2de-4c68-9008-400e0700c617@group-DEB8437D33EB-StateMachineUpdater] INFO  impl.SimpleStateMachineStorage (SimpleStateMachineStorage.java:cleanupOldSnapshots(99)) - Deleting old snapshot at /workdir/hadoop-ozone/integration-test/target/test-dir/MiniOzoneClusterImpl-f9288385-9861-4bfa-aa9c-eb8641af485f/datanode-0/data/ratis/3d7c2489-554f-4915-9bcf-deb8437d33eb/sm/snapshot.1_29
2019-09-10 18:18:23,748 [71ef1901-d2de-4c68-9008-400e0700c617@group-DEB8437D33EB-StateMachineUpdater] INFO  impl.StateMachineUpdater (StateMachineUpdater.java:takeSnapshot(258)) - 71ef1901-d2de-4c68-9008-400e0700c617@group-DEB8437D33EB-StateMachineUpdater: Took a snapshot at index 45
2019-09-10 18:18:23,748 [71ef1901-d2de-4c68-9008-400e0700c617@group-DEB8437D33EB-StateMachineUpdater] INFO  impl.StateMachineUpdater (StateMachineUpdater.java:lambda$new$0(83)) - 71ef1901-d2de-4c68-9008-400e0700c617@group-DEB8437D33EB-StateMachineUpdater: snapshotIndex: updateIncreasingly 44 -> 45
2019-09-10 18:18:23,748 [71ef1901-d2de-4c68-9008-400e0700c617@group-DEB8437D33EB-StateMachineUpdater] INFO  ratis.ContainerStateMachine (ContainerStateMachine.java:takeSnapshot(289)) - group-DEB8437D33EB: Taking a snapshot at:(t:1, i:46) file /workdir/hadoop-ozone/integration-test/target/test-dir/MiniOzoneClusterImpl-f9288385-9861-4bfa-aa9c-eb8641af485f/datanode-0/data/ratis/3d7c2489-554f-4915-9bcf-deb8437d33eb/sm/snapshot.1_46
2019-09-10 18:18:23,772 [71ef1901-d2de-4c68-9008-400e0700c617@group-DEB8437D33EB-StateMachineUpdater] INFO  ratis.ContainerStateMachine (ContainerStateMachine.java:takeSnapshot(300)) - group-DEB8437D33EB: Finished taking a snapshot at:(t:1, i:46) file:/workdir/hadoop-ozone/integration-test/target/test-dir/MiniOzoneClusterImpl-f9288385-9861-4bfa-aa9c-eb8641af485f/datanode-0/data/ratis/3d7c2489-554f-4915-9bcf-deb8437d33eb/sm/snapshot.1_46 time:24
2019-09-10 18:18:23,773 [71ef1901-d2de-4c68-9008-400e0700c617@group-DEB8437D33EB-StateMachineUpdater] INFO  impl.SimpleStateMachineStorage (SimpleStateMachineStorage.java:cleanupOldSnapshots(99)) - Deleting old snapshot at /workdir/hadoop-ozone/integration-test/target/test-dir/MiniOzoneClusterImpl-f9288385-9861-4bfa-aa9c-eb8641af485f/datanode-0/data/ratis/3d7c2489-554f-4915-9bcf-deb8437d33eb/sm/snapshot.1_34
2019-09-10 18:18:23,773 [71ef1901-d2de-4c68-9008-400e0700c617@group-DEB8437D33EB-StateMachineUpdater] INFO  impl.StateMachineUpdater (StateMachineUpdater.java:takeSnapshot(258)) - 71ef1901-d2de-4c68-9008-400e0700c617@group-DEB8437D33EB-StateMachineUpdater: Took a snapshot at index 46
2019-09-10 18:18:23,773 [71ef1901-d2de-4c68-9008-400e0700c617@group-DEB8437D33EB-StateMachineUpdater] INFO  impl.StateMachineUpdater (StateMachineUpdater.java:lambda$new$0(83)) - 71ef1901-d2de-4c68-9008-400e0700c617@group-DEB8437D33EB-StateMachineUpdater: snapshotIndex: updateIncreasingly 45 -> 46
2019-09-10 18:18:23,794 [71ef1901-d2de-4c68-9008-400e0700c617@group-DEB8437D33EB-StateMachineUpdater] INFO  ratis.ContainerStateMachine (ContainerStateMachine.java:takeSnapshot(289)) - group-DEB8437D33EB: Taking a snapshot at:(t:1, i:49) file /workdir/hadoop-ozone/integration-test/target/test-dir/MiniOzoneClusterImpl-f9288385-9861-4bfa-aa9c-eb8641af485f/datanode-0/data/ratis/3d7c2489-554f-4915-9bcf-deb8437d33eb/sm/snapshot.1_49
2019-09-10 18:18:23,795 [grpc-default-executor-0] INFO  client.GrpcClientProtocolClient (GrpcClientProtocolClient.java:onNext(264)) - client-290000B39BCA->71ef1901-d2de-4c68-9008-400e0700c617: receive RaftClientReply:client-290000B39BCA->71ef1901-d2de-4c68-9008-400e0700c617@group-DEB8437D33EB, cid=31, SUCCESS, logIndex=48, commits[71ef1901-d2de-4c68-9008-400e0700c617:c49]
2019-09-10 18:18:23,797 [grpc-default-executor-0] INFO  client.GrpcClientProtocolClient (GrpcClientProtocolClient.java:onNext(264)) - client-290000B39BCA->71ef1901-d2de-4c68-9008-400e0700c617: receive RaftClientReply:client-290000B39BCA->71ef1901-d2de-4c68-9008-400e0700c617@group-DEB8437D33EB, cid=32, SUCCESS, logIndex=49, commits[71ef1901-d2de-4c68-9008-400e0700c617:c50]
2019-09-10 18:18:23,814 [71ef1901-d2de-4c68-9008-400e0700c617@group-DEB8437D33EB-StateMachineUpdater] INFO  ratis.ContainerStateMachine (ContainerStateMachine.java:takeSnapshot(300)) - group-DEB8437D33EB: Finished taking a snapshot at:(t:1, i:49) file:/workdir/hadoop-ozone/integration-test/target/test-dir/MiniOzoneClusterImpl-f9288385-9861-4bfa-aa9c-eb8641af485f/datanode-0/data/ratis/3d7c2489-554f-4915-9bcf-deb8437d33eb/sm/snapshot.1_49 time:20
2019-09-10 18:18:23,815 [71ef1901-d2de-4c68-9008-400e0700c617@group-DEB8437D33EB-StateMachineUpdater] INFO  impl.SimpleStateMachineStorage (SimpleStateMachineStorage.java:cleanupOldSnapshots(99)) - Deleting old snapshot at /workdir/hadoop-ozone/integration-test/target/test-dir/MiniOzoneClusterImpl-f9288385-9861-4bfa-aa9c-eb8641af485f/datanode-0/data/ratis/3d7c2489-554f-4915-9bcf-deb8437d33eb/sm/snapshot.1_37
2019-09-10 18:18:23,815 [71ef1901-d2de-4c68-9008-400e0700c617@group-DEB8437D33EB-StateMachineUpdater] INFO  impl.StateMachineUpdater (StateMachineUpdater.java:takeSnapshot(258)) - 71ef1901-d2de-4c68-9008-400e0700c617@group-DEB8437D33EB-StateMachineUpdater: Took a snapshot at index 49
2019-09-10 18:18:23,815 [71ef1901-d2de-4c68-9008-400e0700c617@group-DEB8437D33EB-StateMachineUpdater] INFO  impl.StateMachineUpdater (StateMachineUpdater.java:lambda$new$0(83)) - 71ef1901-d2de-4c68-9008-400e0700c617@group-DEB8437D33EB-StateMachineUpdater: snapshotIndex: updateIncreasingly 46 -> 49
2019-09-10 18:18:23,815 [71ef1901-d2de-4c68-9008-400e0700c617@group-DEB8437D33EB-StateMachineUpdater] INFO  ratis.ContainerStateMachine (ContainerStateMachine.java:takeSnapshot(289)) - group-DEB8437D33EB: Taking a snapshot at:(t:1, i:49) file /workdir/hadoop-ozone/integration-test/target/test-dir/MiniOzoneClusterImpl-f9288385-9861-4bfa-aa9c-eb8641af485f/datanode-0/data/ratis/3d7c2489-554f-4915-9bcf-deb8437d33eb/sm/snapshot.1_49
2019-09-10 18:18:23,840 [71ef1901-d2de-4c68-9008-400e0700c617@group-DEB8437D33EB-StateMachineUpdater] INFO  ratis.ContainerStateMachine (ContainerStateMachine.java:takeSnapshot(300)) - group-DEB8437D33EB: Finished taking a snapshot at:(t:1, i:49) file:/workdir/hadoop-ozone/integration-test/target/test-dir/MiniOzoneClusterImpl-f9288385-9861-4bfa-aa9c-eb8641af485f/datanode-0/data/ratis/3d7c2489-554f-4915-9bcf-deb8437d33eb/sm/snapshot.1_49 time:24
2019-09-10 18:18:23,840 [71ef1901-d2de-4c68-9008-400e0700c617@group-DEB8437D33EB-StateMachineUpdater] INFO  impl.StateMachineUpdater (StateMachineUpdater.java:takeSnapshot(258)) - 71ef1901-d2de-4c68-9008-400e0700c617@group-DEB8437D33EB-StateMachineUpdater: Took a snapshot at index 49
2019-09-10 18:18:23,840 [71ef1901-d2de-4c68-9008-400e0700c617@group-DEB8437D33EB-StateMachineUpdater] INFO  impl.StateMachineUpdater (StateMachineUpdater.java:lambda$new$0(83)) - 71ef1901-d2de-4c68-9008-400e0700c617@group-DEB8437D33EB-StateMachineUpdater: snapshotIndex: updateIncreasingly 49 -> 49
2019-09-10 18:18:23,843 [71ef1901-d2de-4c68-9008-400e0700c617@group-DEB8437D33EB-StateMachineUpdater] INFO  ratis.ContainerStateMachine (ContainerStateMachine.java:takeSnapshot(289)) - group-DEB8437D33EB: Taking a snapshot at:(t:1, i:53) file /workdir/hadoop-ozone/integration-test/target/test-dir/MiniOzoneClusterImpl-f9288385-9861-4bfa-aa9c-eb8641af485f/datanode-0/data/ratis/3d7c2489-554f-4915-9bcf-deb8437d33eb/sm/snapshot.1_53
2019-09-10 18:18:23,843 [grpc-default-executor-0] INFO  client.GrpcClientProtocolClient (GrpcClientProtocolClient.java:onNext(264)) - client-290000B39BCA->71ef1901-d2de-4c68-9008-400e0700c617: receive RaftClientReply:client-290000B39BCA->71ef1901-d2de-4c68-9008-400e0700c617@group-DEB8437D33EB, cid=33, SUCCESS, logIndex=51, commits[71ef1901-d2de-4c68-9008-400e0700c617:c53]
2019-09-10 18:18:23,844 [grpc-default-executor-0] INFO  client.GrpcClientProtocolClient (GrpcClientProtocolClient.java:onNext(264)) - client-290000B39BCA->71ef1901-d2de-4c68-9008-400e0700c617: receive RaftClientReply:client-290000B39BCA->71ef1901-d2de-4c68-9008-400e0700c617@group-DEB8437D33EB, cid=34, SUCCESS, logIndex=52, commits[71ef1901-d2de-4c68-9008-400e0700c617:c53]
2019-09-10 18:18:23,857 [71ef1901-d2de-4c68-9008-400e0700c617@group-DEB8437D33EB-StateMachineUpdater] INFO  ratis.ContainerStateMachine (ContainerStateMachine.java:takeSnapshot(300)) - group-DEB8437D33EB: Finished taking a snapshot at:(t:1, i:53) file:/workdir/hadoop-ozone/integration-test/target/test-dir/MiniOzoneClusterImpl-f9288385-9861-4bfa-aa9c-eb8641af485f/datanode-0/data/ratis/3d7c2489-554f-4915-9bcf-deb8437d33eb/sm/snapshot.1_53 time:13
2019-09-10 18:18:23,857 [71ef1901-d2de-4c68-9008-400e0700c617@group-DEB8437D33EB-StateMachineUpdater] INFO  impl.SimpleStateMachineStorage (SimpleStateMachineStorage.java:cleanupOldSnapshots(99)) - Deleting old snapshot at /workdir/hadoop-ozone/integration-test/target/test-dir/MiniOzoneClusterImpl-f9288385-9861-4bfa-aa9c-eb8641af485f/datanode-0/data/ratis/3d7c2489-554f-4915-9bcf-deb8437d33eb/sm/snapshot.1_40
2019-09-10 18:18:23,857 [71ef1901-d2de-4c68-9008-400e0700c617@group-DEB8437D33EB-StateMachineUpdater] INFO  impl.StateMachineUpdater (StateMachineUpdater.java:takeSnapshot(258)) - 71ef1901-d2de-4c68-9008-400e0700c617@group-DEB8437D33EB-StateMachineUpdater: Took a snapshot at index 53
2019-09-10 18:18:23,857 [71ef1901-d2de-4c68-9008-400e0700c617@group-DEB8437D33EB-StateMachineUpdater] INFO  impl.StateMachineUpdater (StateMachineUpdater.java:lambda$new$0(83)) - 71ef1901-d2de-4c68-9008-400e0700c617@group-DEB8437D33EB-StateMachineUpdater: snapshotIndex: updateIncreasingly 49 -> 53
2019-09-10 18:18:23,866 [71ef1901-d2de-4c68-9008-400e0700c617@group-DEB8437D33EB-StateMachineUpdater] INFO  ratis.ContainerStateMachine (ContainerStateMachine.java:takeSnapshot(289)) - group-DEB8437D33EB: Taking a snapshot at:(t:1, i:55) file /workdir/hadoop-ozone/integration-test/target/test-dir/MiniOzoneClusterImpl-f9288385-9861-4bfa-aa9c-eb8641af485f/datanode-0/data/ratis/3d7c2489-554f-4915-9bcf-deb8437d33eb/sm/snapshot.1_55
2019-09-10 18:18:23,866 [grpc-default-executor-0] INFO  client.GrpcClientProtocolClient (GrpcClientProtocolClient.java:onNext(264)) - client-290000B39BCA->71ef1901-d2de-4c68-9008-400e0700c617: receive RaftClientReply:client-290000B39BCA->71ef1901-d2de-4c68-9008-400e0700c617@group-DEB8437D33EB, cid=35, SUCCESS, logIndex=54, commits[71ef1901-d2de-4c68-9008-400e0700c617:c55]
2019-09-10 18:18:23,867 [grpc-default-executor-0] INFO  client.GrpcClientProtocolClient (GrpcClientProtocolClient.java:onNext(264)) - client-290000B39BCA->71ef1901-d2de-4c68-9008-400e0700c617: receive RaftClientReply:client-290000B39BCA->71ef1901-d2de-4c68-9008-400e0700c617@group-DEB8437D33EB, cid=36, SUCCESS, logIndex=55, commits[71ef1901-d2de-4c68-9008-400e0700c617:c55]
2019-09-10 18:18:23,890 [71ef1901-d2de-4c68-9008-400e0700c617@group-DEB8437D33EB-StateMachineUpdater] INFO  ratis.ContainerStateMachine (ContainerStateMachine.java:takeSnapshot(300)) - group-DEB8437D33EB: Finished taking a snapshot at:(t:1, i:55) file:/workdir/hadoop-ozone/integration-test/target/test-dir/MiniOzoneClusterImpl-f9288385-9861-4bfa-aa9c-eb8641af485f/datanode-0/data/ratis/3d7c2489-554f-4915-9bcf-deb8437d33eb/sm/snapshot.1_55 time:25
2019-09-10 18:18:23,891 [71ef1901-d2de-4c68-9008-400e0700c617@group-DEB8437D33EB-StateMachineUpdater] INFO  impl.SimpleStateMachineStorage (SimpleStateMachineStorage.java:cleanupOldSnapshots(99)) - Deleting old snapshot at /workdir/hadoop-ozone/integration-test/target/test-dir/MiniOzoneClusterImpl-f9288385-9861-4bfa-aa9c-eb8641af485f/datanode-0/data/ratis/3d7c2489-554f-4915-9bcf-deb8437d33eb/sm/snapshot.1_44
2019-09-10 18:18:23,891 [71ef1901-d2de-4c68-9008-400e0700c617@group-DEB8437D33EB-StateMachineUpdater] INFO  impl.StateMachineUpdater (StateMachineUpdater.java:takeSnapshot(258)) - 71ef1901-d2de-4c68-9008-400e0700c617@group-DEB8437D33EB-StateMachineUpdater: Took a snapshot at index 55
2019-09-10 18:18:23,891 [71ef1901-d2de-4c68-9008-400e0700c617@group-DEB8437D33EB-StateMachineUpdater] INFO  impl.StateMachineUpdater (StateMachineUpdater.java:lambda$new$0(83)) - 71ef1901-d2de-4c68-9008-400e0700c617@group-DEB8437D33EB-StateMachineUpdater: snapshotIndex: updateIncreasingly 53 -> 55
2019-09-10 18:18:23,891 [71ef1901-d2de-4c68-9008-400e0700c617@group-DEB8437D33EB-StateMachineUpdater] INFO  ratis.ContainerStateMachine (ContainerStateMachine.java:takeSnapshot(289)) - group-DEB8437D33EB: Taking a snapshot at:(t:1, i:55) file /workdir/hadoop-ozone/integration-test/target/test-dir/MiniOzoneClusterImpl-f9288385-9861-4bfa-aa9c-eb8641af485f/datanode-0/data/ratis/3d7c2489-554f-4915-9bcf-deb8437d33eb/sm/snapshot.1_55
2019-09-10 18:18:23,908 [71ef1901-d2de-4c68-9008-400e0700c617@group-DEB8437D33EB-StateMachineUpdater] INFO  ratis.ContainerStateMachine (ContainerStateMachine.java:takeSnapshot(300)) - group-DEB8437D33EB: Finished taking a snapshot at:(t:1, i:55) file:/workdir/hadoop-ozone/integration-test/target/test-dir/MiniOzoneClusterImpl-f9288385-9861-4bfa-aa9c-eb8641af485f/datanode-0/data/ratis/3d7c2489-554f-4915-9bcf-deb8437d33eb/sm/snapshot.1_55 time:16
2019-09-10 18:18:23,908 [71ef1901-d2de-4c68-9008-400e0700c617@group-DEB8437D33EB-StateMachineUpdater] INFO  impl.StateMachineUpdater (StateMachineUpdater.java:takeSnapshot(258)) - 71ef1901-d2de-4c68-9008-400e0700c617@group-DEB8437D33EB-StateMachineUpdater: Took a snapshot at index 55
2019-09-10 18:18:23,908 [71ef1901-d2de-4c68-9008-400e0700c617@group-DEB8437D33EB-StateMachineUpdater] INFO  impl.StateMachineUpdater (StateMachineUpdater.java:lambda$new$0(83)) - 71ef1901-d2de-4c68-9008-400e0700c617@group-DEB8437D33EB-StateMachineUpdater: snapshotIndex: updateIncreasingly 55 -> 55
2019-09-10 18:18:23,914 [71ef1901-d2de-4c68-9008-400e0700c617@group-DEB8437D33EB-StateMachineUpdater] INFO  ratis.ContainerStateMachine (ContainerStateMachine.java:takeSnapshot(289)) - group-DEB8437D33EB: Taking a snapshot at:(t:1, i:59) file /workdir/hadoop-ozone/integration-test/target/test-dir/MiniOzoneClusterImpl-f9288385-9861-4bfa-aa9c-eb8641af485f/datanode-0/data/ratis/3d7c2489-554f-4915-9bcf-deb8437d33eb/sm/snapshot.1_59
2019-09-10 18:18:23,914 [grpc-default-executor-0] INFO  client.GrpcClientProtocolClient (GrpcClientProtocolClient.java:onNext(264)) - client-290000B39BCA->71ef1901-d2de-4c68-9008-400e0700c617: receive RaftClientReply:client-290000B39BCA->71ef1901-d2de-4c68-9008-400e0700c617@group-DEB8437D33EB, cid=37, SUCCESS, logIndex=57, commits[71ef1901-d2de-4c68-9008-400e0700c617:c59]
2019-09-10 18:18:23,916 [grpc-default-executor-0] INFO  client.GrpcClientProtocolClient (GrpcClientProtocolClient.java:onNext(264)) - client-290000B39BCA->71ef1901-d2de-4c68-9008-400e0700c617: receive RaftClientReply:client-290000B39BCA->71ef1901-d2de-4c68-9008-400e0700c617@group-DEB8437D33EB, cid=38, SUCCESS, logIndex=58, commits[71ef1901-d2de-4c68-9008-400e0700c617:c59]
2019-09-10 18:18:23,933 [71ef1901-d2de-4c68-9008-400e0700c617@group-DEB8437D33EB-StateMachineUpdater] INFO  ratis.ContainerStateMachine (ContainerStateMachine.java:takeSnapshot(300)) - group-DEB8437D33EB: Finished taking a snapshot at:(t:1, i:59) file:/workdir/hadoop-ozone/integration-test/target/test-dir/MiniOzoneClusterImpl-f9288385-9861-4bfa-aa9c-eb8641af485f/datanode-0/data/ratis/3d7c2489-554f-4915-9bcf-deb8437d33eb/sm/snapshot.1_59 time:20
2019-09-10 18:18:23,934 [71ef1901-d2de-4c68-9008-400e0700c617@group-DEB8437D33EB-StateMachineUpdater] INFO  impl.SimpleStateMachineStorage (SimpleStateMachineStorage.java:cleanupOldSnapshots(99)) - Deleting old snapshot at /workdir/hadoop-ozone/integration-test/target/test-dir/MiniOzoneClusterImpl-f9288385-9861-4bfa-aa9c-eb8641af485f/datanode-0/data/ratis/3d7c2489-554f-4915-9bcf-deb8437d33eb/sm/snapshot.1_45
2019-09-10 18:18:23,934 [71ef1901-d2de-4c68-9008-400e0700c617@group-DEB8437D33EB-StateMachineUpdater] INFO  impl.StateMachineUpdater (StateMachineUpdater.java:takeSnapshot(258)) - 71ef1901-d2de-4c68-9008-400e0700c617@group-DEB8437D33EB-StateMachineUpdater: Took a snapshot at index 59
2019-09-10 18:18:23,934 [71ef1901-d2de-4c68-9008-400e0700c617@group-DEB8437D33EB-StateMachineUpdater] INFO  impl.StateMachineUpdater (StateMachineUpdater.java:lambda$new$0(83)) - 71ef1901-d2de-4c68-9008-400e0700c617@group-DEB8437D33EB-StateMachineUpdater: snapshotIndex: updateIncreasingly 55 -> 59
2019-09-10 18:18:23,946 [71ef1901-d2de-4c68-9008-400e0700c617@group-DEB8437D33EB-StateMachineUpdater] INFO  ratis.ContainerStateMachine (ContainerStateMachine.java:takeSnapshot(289)) - group-DEB8437D33EB: Taking a snapshot at:(t:1, i:61) file /workdir/hadoop-ozone/integration-test/target/test-dir/MiniOzoneClusterImpl-f9288385-9861-4bfa-aa9c-eb8641af485f/datanode-0/data/ratis/3d7c2489-554f-4915-9bcf-deb8437d33eb/sm/snapshot.1_61
2019-09-10 18:18:23,947 [grpc-default-executor-0] INFO  client.GrpcClientProtocolClient (GrpcClientProtocolClient.java:onNext(264)) - client-290000B39BCA->71ef1901-d2de-4c68-9008-400e0700c617: receive RaftClientReply:client-290000B39BCA->71ef1901-d2de-4c68-9008-400e0700c617@group-DEB8437D33EB, cid=39, SUCCESS, logIndex=60, commits[71ef1901-d2de-4c68-9008-400e0700c617:c61]
2019-09-10 18:18:23,948 [grpc-default-executor-0] INFO  client.GrpcClientProtocolClient (GrpcClientProtocolClient.java:onNext(264)) - client-290000B39BCA->71ef1901-d2de-4c68-9008-400e0700c617: receive RaftClientReply:client-290000B39BCA->71ef1901-d2de-4c68-9008-400e0700c617@group-DEB8437D33EB, cid=40, SUCCESS, logIndex=61, commits[71ef1901-d2de-4c68-9008-400e0700c617:c61]
]]></system-out>
    <system-err><![CDATA[ERROR StatusLogger No Log4j 2 configuration file found. Using default configuration (logging only errors to the console), or user programmatically provided configurations. Set system property 'log4j2.debug' to show Log4j 2 internal initialization logging. See https://logging.apache.org/log4j/2.x/manual/configuration.html for instructions on how to configure Log4j 2
]]></system-err>
  </testcase>
  <testcase name="testContainerStateMachineFailures" classname="org.apache.hadoop.ozone.client.rpc.TestContainerStateMachine" time="73.005"/>
</testsuite>